2026-07-20T13:40:04.983421Z,1001,DC01.darkzero.htb,Microsoft-Windows-LoadPerf,Application,2559,4,,,,,,,,,,,,,,,,,,,,,,,,,,,,,,,,,,,,,,,,,,,,,,,,,,,,,,,,,,,,,,,,,,,,LoadPerf,36440000C4020000,8,,WmiApRpl,,,,WmiApRpl,,,,,,,
2026-07-20T13:40:05.062116Z,1000,DC01.darkzero.htb,Microsoft-Windows-LoadPerf,Application,2560,4,,,,,,,,,,,,,,,,,,,,,,,,,,,,,,,,,,,,,,,,,,,,,,,,,,,,,,,,,,,,,,,,,,,,LoadPerf,3844000008450000,8,,WmiApRpl,,,,WmiApRpl,,,,,,,
2026-07-20T13:41:30.411230Z,"{'#attributes': {'Qualifiers': 32768}, '#text': 6003}",DC01.darkzero.htb,Microsoft-Windows-Winlogon,Application,2561,4,,,,,,D9060000,,,,,,,,,,,SessionEnv,,,,,,,,,,,,,,,,,,,,,,,,,,,,,,,,,,,,,,,,,,,,,,,,,,,,,,,,,,,,,,,,,,
2026-07-20T13:41:30.840735Z,"{'#attributes': {'Qualifiers': 32768}, '#text': 6000}",DC01.darkzero.htb,Microsoft-Windows-Winlogon,Application,2562,4,,,,,,D9060000,,,,,,,,,,,SessionEnv,,,,,,,,,,,,,,,,,,,,,,,,,,,,,,,,,,,,,,,,,,,,,,,,,,,,,,,,,,,,,,,,,,
2026-07-20T13:45:01.514718Z,"{'#attributes': {'Qualifiers': 49152}, '#text': 16394}",DC01.darkzero.htb,Microsoft-Windows-Security-SPP,Application,2563,4,,,,,,,,,,,,,,,,,,,,,,,,,,,,,,,,,,,,,,,,,,,,,,,,,,,,,,,,,,,,,,,,,,,,,,,,,,,,,,,,,,,
2026-07-20T13:45:01.600802Z,"{'#attributes': {'Qualifiers': 16384}, '#text': 16389}",DC01.darkzero.htb,Microsoft-Windows-Security-SPP,Application,2564,4,,,,,,,,,,,,,,,,,0xC004D30B,,,,,,,,,,,,,,,,,,,,,,,,,,,,,,,,,,,,,,,,,,,,,,,,,,,,,,,,,,,,,,,,,,
2026-07-20T13:45:32.025909Z,"{'#attributes': {'Qualifiers': 16384}, '#text': 16384}",DC01.darkzero.htb,Microsoft-Windows-Security-SPP,Application,2565,4,,,,,,,,,,,,,,,,,,2126-06-26T13:45:31Z,RulesEngine,,,,,,,,,,,,,,,,,,,,,,,,,,,,,,,,,,,,,,,,,,,,,,,,,,,,,,,,,,,,,,,,
2026-07-20T13:51:18.640310Z,"{'#attributes': {'Qualifiers': 0}, '#text': 1130}",DC01.darkzero.htb,.NET Runtime Optimization Service,Application,2566,0,,,,,,,,,,,,,,,,,.NET Runtime Optimization Service (4.0.30319.0) - Installed from repository: mscorlib,,,,,,,,,,,,,,,,,,,,,,,,,,,,,,,,,,,,,,,,,,,,,,,,,,,,,,,,,,,,,,,,,,
2026-07-20T13:57:08.588261Z,"{'#attributes': {'Qualifiers': 49152}, '#text': 16394}",DC01.darkzero.htb,Microsoft-Windows-Security-SPP,Application,2567,4,,,,,,,,,,,,,,,,,,,,,,,,,,,,,,,,,,,,,,,,,,,,,,,,,,,,,,,,,,,,,,,,,,,,,,,,,,,,,,,,,,,
2026-07-20T13:57:08.923870Z,"{'#attributes': {'Qualifiers': 16384}, '#text': 16389}",DC01.darkzero.htb,Microsoft-Windows-Security-SPP,Application,2568,4,,,,,,,,,,,,,,,,,0xC004D30B,,,,,,,,,,,,,,,,,,,,,,,,,,,,,,,,,,,,,,,,,,,,,,,,,,,,,,,,,,,,,,,,,,
2026-07-20T13:57:39.945963Z,"{'#attributes': {'Qualifiers': 16384}, '#text': 16384}",DC01.darkzero.htb,Microsoft-Windows-Security-SPP,Application,2569,4,,,,,,,,,,,,,,,,,,2126-06-26T13:57:39Z,RulesEngine,,,,,,,,,,,,,,,,,,,,,,,,,,,,,,,,,,,,,,,,,,,,,,,,,,,,,,,,,,,,,,,,
2026-07-20T14:09:46.873799Z,"{'#attributes': {'Qualifiers': 0}, '#text': 1130}",DC01.darkzero.htb,.NET Runtime Optimization Service,Application,2570,0,,,,,,,,,,,,,,,,,.NET Runtime Optimization Service (4.0.30319.0) - Installed from repository: mscorlib,,,,,,,,,,,,,,,,,,,,,,,,,,,,,,,,,,,,,,,,,,,,,,,,,,,,,,,,,,,,,,,,,,
2026-07-20T14:13:03.623886Z,"{'#attributes': {'Qualifiers': 49152}, '#text': 16394}",DC01.darkzero.htb,Microsoft-Windows-Security-SPP,Application,2571,4,,,,,,,,,,,,,,,,,,,,,,,,,,,,,,,,,,,,,,,,,,,,,,,,,,,,,,,,,,,,,,,,,,,,,,,,,,,,,,,,,,,
2026-07-20T14:13:03.682783Z,"{'#attributes': {'Qualifiers': 16384}, '#text': 16389}",DC01.darkzero.htb,Microsoft-Windows-Security-SPP,Application,2572,4,,,,,,,,,,,,,,,,,0xC004D30B,,,,,,,,,,,,,,,,,,,,,,,,,,,,,,,,,,,,,,,,,,,,,,,,,,,,,,,,,,,,,,,,,,
2026-07-20T14:13:33.867122Z,"{'#attributes': {'Qualifiers': 16384}, '#text': 16384}",DC01.darkzero.htb,Microsoft-Windows-Security-SPP,Application,2573,4,,,,,,,,,,,,,,,,,,2126-06-26T14:13:33Z,RulesEngine,,,,,,,,,,,,,,,,,,,,,,,,,,,,,,,,,,,,,,,,,,,,,,,,,,,,,,,,,,,,,,,,
2026-07-20T14:33:50.335636Z,"{'#attributes': {'Qualifiers': 49152}, '#text': 16394}",DC01.darkzero.htb,Microsoft-Windows-Security-SPP,Application,2574,4,,,,,,,,,,,,,,,,,,,,,,,,,,,,,,,,,,,,,,,,,,,,,,,,,,,,,,,,,,,,,,,,,,,,,,,,,,,,,,,,,,,
2026-07-20T14:33:50.403758Z,"{'#attributes': {'Qualifiers': 16384}, '#text': 16389}",DC01.darkzero.htb,Microsoft-Windows-Security-SPP,Application,2575,4,,,,,,,,,,,,,,,,,0xC004D30B,,,,,,,,,,,,,,,,,,,,,,,,,,,,,,,,,,,,,,,,,,,,,,,,,,,,,,,,,,,,,,,,,,
2026-07-20T14:34:20.593238Z,"{'#attributes': {'Qualifiers': 16384}, '#text': 16384}",DC01.darkzero.htb,Microsoft-Windows-Security-SPP,Application,2576,4,,,,,,,,,,,,,,,,,,2126-06-26T14:34:20Z,RulesEngine,,,,,,,,,,,,,,,,,,,,,,,,,,,,,,,,,,,,,,,,,,,,,,,,,,,,,,,,,,,,,,,,
2026-07-20T14:41:38.052586Z,1001,DC01.darkzero.htb,Windows Error Reporting,Application,2577,4,,,,,,,,0,,,0,0,,,,,,,,,,,,,,,,,,,,,WindowsWcpOtherFailure3,,,,,,,10.0.26100.33150:2,,wcp\componentstore\scavenge.cpp,ComponentStore::CRawStoreLayout::RetainFileAsVersion,1834,c015001b,0xe7829a78,,,,,,,,0,f46e3b9b-1547-4010-99b7-5e77fc5b3294,4,Not available,,,,,\\?\C:\ProgramData\Microsoft\Windows\WER\ReportQueue\Critical_10.0.26100.33150_59ae89aa9e17cee982ee497ea218eddcfa38f73_00000000_f46e3b9b-1547-4010-99b7-5e77fc5b3294,,,,,,,,,,,,,,,,,,,,,
2026-07-20T14:41:38.059678Z,1001,DC01.darkzero.htb,Windows Error Reporting,Application,2578,4,,,,,"
\\?\C:\Windows\Logs\CBS\CBS.log
\\?\C:\Windows\Logs\CBS\CbsPersist_20260720133056.cab
\\?\C:\Windows\Logs\CBS\CbsPersist_20260720124735.cab
\\?\C:\Windows\Logs\CBS\CbsPersist_20260720122240.cab
\\?\C:\Windows\Logs\CBS\CbsPersist_20260714160825.cab
\\?\C:\Windows\Logs\CBS\CbsPersist_20260714151200.cab
\\?\C:\WINDOWS\servicing\Sessions\Sessions.xml
\\?\C:\WINDOWS\WinSxs\poqexec.log
\\?\C:\WINDOWS\Logs\Cbs\FilterList.log",,,0,,,0,0,,,,,,,,,,,,,,,,,,,,,WindowsWcpOtherFailure3,,,,,,,10.0.26100.33150:2,,wcp\componentstore\scavenge.cpp,ComponentStore::CRawStoreLayout::RetainFileAsVersion,1834,c015001b,0xe7829a78,,,,,,,,0,f46e3b9b-1547-4010-99b7-5e77fc5b3294,262148,Not available,,,,,NULL,,,,,,,,,,,,,,,,,,,,,
2026-07-20T14:41:41.289180Z,1001,DC01.darkzero.htb,Windows Error Reporting,Application,2579,4,,,,,"
\\?\C:\ProgramData\Microsoft\Windows\WER\Temp\WER.f411c38e-4f57-4459-a5ce-ccdc31d88220.tmp.WERInternalMetadata.xml",,1838245198564667591,5,,,0,0,,,,,,,,,,,,,,,,,,,,,WindowsWcpOtherFailure3,,96ce930336410d967982c244c683b0c7,,,,,10.0.26100.33150:2,,wcp\componentstore\scavenge.cpp,ComponentStore::CRawStoreLayout::RetainFileAsVersion,1834,c015001b,0xe7829a78,,,,,,,,0,f46e3b9b-1547-4010-99b7-5e77fc5b3294,268435456,Not available,,,,,\\?\C:\ProgramData\Microsoft\Windows\WER\ReportArchive\Critical_10.0.26100.33150_59ae89aa9e17cee982ee497ea218eddcfa38f73_00000000_f46e3b9b-1547-4010-99b7-5e77fc5b3294,,,,,,,,,,,,,,,,,,,,,
2026-07-20T14:50:48.794609Z,1001,DC01.darkzero.htb,Windows Error Reporting,Application,2580,4,,,,,,,,0,,,0,0,,,,,,,,,,,,,,,,,,,,,WindowsWcpOtherFailure3,,,,,,,10.0.26100.33150:2,,wcp\componentstore\scavenge.cpp,ComponentStore::CRawStoreLayout::RetainFileAsVersion,1834,c015001b,0xe7829a78,,,,,,,,0,da12a746-0ac1-46d6-a246-c250947defe2,4,Not available,,,,,\\?\C:\ProgramData\Microsoft\Windows\WER\ReportQueue\Critical_10.0.26100.33150_59ae89aa9e17cee982ee497ea218eddcfa38f73_00000000_da12a746-0ac1-46d6-a246-c250947defe2,,,,,,,,,,,,,,,,,,,,,
2026-07-20T14:50:48.802151Z,1001,DC01.darkzero.htb,Windows Error Reporting,Application,2581,4,,,,,"
\\?\C:\Windows\Logs\CBS\CBS.log
\\?\C:\Windows\Logs\CBS\CbsPersist_20260720144911.cab
\\?\C:\Windows\Logs\CBS\CbsPersist_20260720133056.cab
\\?\C:\Windows\Logs\CBS\CbsPersist_20260720124735.cab
\\?\C:\Windows\Logs\CBS\CbsPersist_20260720122240.cab
\\?\C:\Windows\Logs\CBS\CbsPersist_20260714160825.cab
\\?\C:\WINDOWS\servicing\Sessions\Sessions.xml
\\?\C:\WINDOWS\WinSxs\poqexec.log
\\?\C:\WINDOWS\Logs\Cbs\FilterList.log",,,0,,,0,0,,,,,,,,,,,,,,,,,,,,,WindowsWcpOtherFailure3,,,,,,,10.0.26100.33150:2,,wcp\componentstore\scavenge.cpp,ComponentStore::CRawStoreLayout::RetainFileAsVersion,1834,c015001b,0xe7829a78,,,,,,,,0,da12a746-0ac1-46d6-a246-c250947defe2,262148,Not available,,,,,NULL,,,,,,,,,,,,,,,,,,,,,
2026-07-20T14:50:51.284826Z,1001,DC01.darkzero.htb,Windows Error Reporting,Application,2582,4,,,,,"
\\?\C:\ProgramData\Microsoft\Windows\WER\Temp\WER.fda665fa-7855-4110-a9cd-3e9a1ed3c584.tmp.WERInternalMetadata.xml",,1838245198564667591,5,,,0,0,,,,,,,,,,,,,,,,,,,,,WindowsWcpOtherFailure3,,96ce930336410d967982c244c683b0c7,,,,,10.0.26100.33150:2,,wcp\componentstore\scavenge.cpp,ComponentStore::CRawStoreLayout::RetainFileAsVersion,1834,c015001b,0xe7829a78,,,,,,,,0,da12a746-0ac1-46d6-a246-c250947defe2,268435456,Not available,,,,,\\?\C:\ProgramData\Microsoft\Windows\WER\ReportArchive\Critical_10.0.26100.33150_59ae89aa9e17cee982ee497ea218eddcfa38f73_00000000_da12a746-0ac1-46d6-a246-c250947defe2,,,,,,,,,,,,,,,,,,,,,
2026-07-20T15:07:23.231402Z,"{'#attributes': {'Qualifiers': 49152}, '#text': 16394}",DC01.darkzero.htb,Microsoft-Windows-Security-SPP,Application,2583,4,,,,,,,,,,,,,,,,,,,,,,,,,,,,,,,,,,,,,,,,,,,,,,,,,,,,,,,,,,,,,,,,,,,,,,,,,,,,,,,,,,,
2026-07-20T15:07:23.640848Z,"{'#attributes': {'Qualifiers': 16384}, '#text': 16389}",DC01.darkzero.htb,Microsoft-Windows-Security-SPP,Application,2584,4,,,,,,,,,,,,,,,,,0xC004D30B,,,,,,,,,,,,,,,,,,,,,,,,,,,,,,,,,,,,,,,,,,,,,,,,,,,,,,,,,,,,,,,,,,
2026-07-20T15:07:23.881547Z,"{'#attributes': {'Qualifiers': 16384}, '#text': 1034}",DC01.darkzero.htb,Microsoft-Windows-Security-SPP,Application,2585,4,,,,,,,,,,,,,,,,,,AAD-AddDeviceJoinUserToAdminGroup-Policy,100,,,,,,,,,,,,,,,,,,,,,,,,,,,,,,,,,,,,,,,,,,,,,,,,,,,,,,,,,,,,,,,,
2026-07-20T15:07:23.884142Z,"{'#attributes': {'Qualifiers': 16384}, '#text': 1034}",DC01.darkzero.htb,Microsoft-Windows-Security-SPP,Application,2586,4,,,,,,,,,,,,,,,,,,Security-SPP-WriteWauMarker,500,,,,,,,,,,,,,,,,,,,,,,,,,,,,,,,,,,,,,,,,,,,,,,,,,,,,,,,,,,,,,,,,
2026-07-20T15:07:23.886506Z,"{'#attributes': {'Qualifiers': 16384}, '#text': 1033}",DC01.darkzero.htb,Microsoft-Windows-Security-SPP,Application,2587,4,,,,,,,,,,,,,,,,,,(Security-SPP-Reserved-EnableNotificationMode) ,55c92734-d682-4d71-983e-d6ec3f16059f,10d661ba-f2e3-445c-8e92-200e1e05e9e1,,,,,,,,,,,,,,,,,,,,,,,,,,,,,,,,,,,,,,,,,,,,,,,,,,,,,,,,,,,,,,,
2026-07-20T15:07:54.010739Z,"{'#attributes': {'Qualifiers': 16384}, '#text': 16384}",DC01.darkzero.htb,Microsoft-Windows-Security-SPP,Application,2588,4,,,,,,,,,,,,,,,,,,2126-06-26T15:07:53Z,RulesEngine,,,,,,,,,,,,,,,,,,,,,,,,,,,,,,,,,,,,,,,,,,,,,,,,,,,,,,,,,,,,,,,,
2026-07-20T15:41:00.428061Z,"{'#attributes': {'Qualifiers': 49152}, '#text': 16394}",DC01.darkzero.htb,Microsoft-Windows-Security-SPP,Application,2589,4,,,,,,,,,,,,,,,,,,,,,,,,,,,,,,,,,,,,,,,,,,,,,,,,,,,,,,,,,,,,,,,,,,,,,,,,,,,,,,,,,,,
2026-07-20T15:41:00.526269Z,"{'#attributes': {'Qualifiers': 16384}, '#text': 16389}",DC01.darkzero.htb,Microsoft-Windows-Security-SPP,Application,2590,4,,,,,,,,,,,,,,,,,0xC004D30B,,,,,,,,,,,,,,,,,,,,,,,,,,,,,,,,,,,,,,,,,,,,,,,,,,,,,,,,,,,,,,,,,,
2026-07-20T15:41:30.716140Z,"{'#attributes': {'Qualifiers': 16384}, '#text': 16384}",DC01.darkzero.htb,Microsoft-Windows-Security-SPP,Application,2591,4,,,,,,,,,,,,,,,,,,2126-06-26T15:41:30Z,RulesEngine,,,,,,,,,,,,,,,,,,,,,,,,,,,,,,,,,,,,,,,,,,,,,,,,,,,,,,,,,,,,,,,,
2026-07-20T15:47:35.012393Z,"{'#attributes': {'Qualifiers': 49152}, '#text': 16394}",DC01.darkzero.htb,Microsoft-Windows-Security-SPP,Application,2592,4,,,,,,,,,,,,,,,,,,,,,,,,,,,,,,,,,,,,,,,,,,,,,,,,,,,,,,,,,,,,,,,,,,,,,,,,,,,,,,,,,,,
2026-07-20T15:47:35.067456Z,"{'#attributes': {'Qualifiers': 16384}, '#text': 16389}",DC01.darkzero.htb,Microsoft-Windows-Security-SPP,Application,2593,4,,,,,,,,,,,,,,,,,0xC004D30B,,,,,,,,,,,,,,,,,,,,,,,,,,,,,,,,,,,,,,,,,,,,,,,,,,,,,,,,,,,,,,,,,,
2026-07-20T15:48:05.240662Z,"{'#attributes': {'Qualifiers': 16384}, '#text': 16384}",DC01.darkzero.htb,Microsoft-Windows-Security-SPP,Application,2594,4,,,,,,,,,,,,,,,,,,2126-06-26T15:48:05Z,RulesEngine,,,,,,,,,,,,,,,,,,,,,,,,,,,,,,,,,,,,,,,,,,,,,,,,,,,,,,,,,,,,,,,,
2026-07-20T15:50:42.084695Z,"{'#attributes': {'Qualifiers': 49152}, '#text': 16394}",DC01.darkzero.htb,Microsoft-Windows-Security-SPP,Application,2595,4,,,,,,,,,,,,,,,,,,,,,,,,,,,,,,,,,,,,,,,,,,,,,,,,,,,,,,,,,,,,,,,,,,,,,,,,,,,,,,,,,,,
2026-07-20T15:50:42.135364Z,"{'#attributes': {'Qualifiers': 16384}, '#text': 16389}",DC01.darkzero.htb,Microsoft-Windows-Security-SPP,Application,2596,4,,,,,,,,,,,,,,,,,0xC004D30B,,,,,,,,,,,,,,,,,,,,,,,,,,,,,,,,,,,,,,,,,,,,,,,,,,,,,,,,,,,,,,,,,,
2026-07-20T15:51:12.297906Z,"{'#attributes': {'Qualifiers': 16384}, '#text': 16384}",DC01.darkzero.htb,Microsoft-Windows-Security-SPP,Application,2597,4,,,,,,,,,,,,,,,,,,2126-06-26T15:51:12Z,RulesEngine,,,,,,,,,,,,,,,,,,,,,,,,,,,,,,,,,,,,,,,,,,,,,,,,,,,,,,,,,,,,,,,,
2026-07-20T15:58:36.146203Z,"{'#attributes': {'Qualifiers': 49152}, '#text': 16394}",DC01.darkzero.htb,Microsoft-Windows-Security-SPP,Application,2598,4,,,,,,,,,,,,,,,,,,,,,,,,,,,,,,,,,,,,,,,,,,,,,,,,,,,,,,,,,,,,,,,,,,,,,,,,,,,,,,,,,,,
2026-07-20T15:58:36.202255Z,"{'#attributes': {'Qualifiers': 16384}, '#text': 16389}",DC01.darkzero.htb,Microsoft-Windows-Security-SPP,Application,2599,4,,,,,,,,,,,,,,,,,0xC004D30B,,,,,,,,,,,,,,,,,,,,,,,,,,,,,,,,,,,,,,,,,,,,,,,,,,,,,,,,,,,,,,,,,,
2026-07-20T15:59:06.387777Z,"{'#attributes': {'Qualifiers': 16384}, '#text': 16384}",DC01.darkzero.htb,Microsoft-Windows-Security-SPP,Application,2600,4,,,,,,,,,,,,,,,,,,2126-06-26T15:59:06Z,RulesEngine,,,,,,,,,,,,,,,,,,,,,,,,,,,,,,,,,,,,,,,,,,,,,,,,,,,,,,,,,,,,,,,,
2026-07-20T16:11:31.593029Z,"{'#attributes': {'Qualifiers': 49152}, '#text': 16394}",DC01.darkzero.htb,Microsoft-Windows-Security-SPP,Application,2601,4,,,,,,,,,,,,,,,,,,,,,,,,,,,,,,,,,,,,,,,,,,,,,,,,,,,,,,,,,,,,,,,,,,,,,,,,,,,,,,,,,,,
2026-07-20T16:11:31.650967Z,"{'#attributes': {'Qualifiers': 16384}, '#text': 16389}",DC01.darkzero.htb,Microsoft-Windows-Security-SPP,Application,2602,4,,,,,,,,,,,,,,,,,0xC004D30B,,,,,,,,,,,,,,,,,,,,,,,,,,,,,,,,,,,,,,,,,,,,,,,,,,,,,,,,,,,,,,,,,,
2026-07-20T16:12:01.902076Z,"{'#attributes': {'Qualifiers': 16384}, '#text': 16384}",DC01.darkzero.htb,Microsoft-Windows-Security-SPP,Application,2603,4,,,,,,,,,,,,,,,,,,2126-06-26T16:12:01Z,RulesEngine,,,,,,,,,,,,,,,,,,,,,,,,,,,,,,,,,,,,,,,,,,,,,,,,,,,,,,,,,,,,,,,,
2026-07-20T16:13:24.175372Z,"{'#attributes': {'Qualifiers': 32768}, '#text': 6000}",DC01.darkzero.htb,Microsoft-Windows-Winlogon,Application,2604,4,,,,,,D9060000,,,,,,,,,,,SessionEnv,,,,,,,,,,,,,,,,,,,,,,,,,,,,,,,,,,,,,,,,,,,,,,,,,,,,,,,,,,,,,,,,,,
2026-07-20T16:13:24.985901Z,"{'#attributes': {'Qualifiers': 0}, '#text': 260}",DC01.darkzero.htb,VMUpgradeHelper,Application,2605,4,,,,,,,,,,,,,,,,,,,,,,,,,,,,,,,,,,,,,,,,,,,,,,,,,,,,,,,,,,,,,,,,,,,,,,,,,,,,,,,,,,,
2026-07-20T16:13:24.986581Z,"{'#attributes': {'Qualifiers': 0}, '#text': 272}",DC01.darkzero.htb,VMUpgradeHelper,Application,2606,4,,,,,,,,,,,,,,,,,,,,,,,,,,,,,,,,,,,,,,,,,,,,,,,,,,,,,,,,,,,,,,,,,,,,,,,,,,,,,,,,,,,
2026-07-20T16:13:24.993772Z,"{'#attributes': {'Qualifiers': 0}, '#text': 108}",DC01.darkzero.htb,VMTools,Application,2607,4,,,,,,,,,,,,,,,,,,,,,,,,,,,,,,,,,,,,,,,,,,,,,,,,,,,,,,,,,,,,,,,,,,,,,,,,,,,,,,,,,,,
2026-07-20T16:13:25.185369Z,"{'#attributes': {'Qualifiers': 0}, '#text': 13}",DC01.darkzero.htb,VSS,Application,2608,2,,,,,,2D20436F64653A20575254575254494330303030343932332D2043616C6C3A20575254575254494330303030343931362D205049443A202030303030333034342D205449443A202030303030313231322D20434D443A2020433A5C57494E444F57535C73797374656D33325C737663686F73742E657865202D6B204E6574776F726B53657276696365202D70202020202D20557365723A204E616D653A204E5420415554484F524954595C4E4554574F524B20534552564943452C205349443A532D312D352D3230,,,,,,,,,,,,{4e14fba2-2e22-11d1-9964-00c04fbbb345},CEventSystem,"0x8007045b, A system shutdown is in progress.
",,,,,,,,,,,,,,,,,,,,,,,,,,,,,,,,,,,,,,,,,,,,,,,,,,,,,,,,,,,,,,,
2026-07-20T16:13:25.196631Z,"{'#attributes': {'Qualifiers': 16384}, '#text': 4111}",DC01.darkzero.htb,Microsoft-Windows-MSDTC,Application,2609,4,,,,,,4D005300440054004300,,,,,,,,,,,,,,,,,,,,,,,,,,,,,,,,,,,,,,,,,,,,,,,,,,,,,,,,,,,,,,,,,,,,,,,,,,,,,
2026-07-20T16:13:25.179605Z,1532,DC01.darkzero.htb,Microsoft-Windows-User Profiles Service,Application,2610,4,,,,,,,,,,,,,,,,,,,,,,,,,,,,,,,,,,,,,,,,,,,,,,,,,,,,,,,,,,,,,,,,,,,,,,,,,,,,,,,,,,,
2026-07-20T16:13:25.393569Z,38,DC01.darkzero.htb,Microsoft-Windows-CertificationAuthority,Application,2611,4,,,,,,,,,,darkzero-DC01-CA,,,,,,,,,,,,,,,,,,,,,,,,,,,,,,,,,,,,,,,,,,,,,,,,,,,,,,,,,MSG_I_SERVER_STOPPED,,,,,,,,,,,,,,,,
2026-07-20T16:18:22.510716Z,5615,DC01.darkzero.htb,Microsoft-Windows-WMI,Application,2612,4,,,,,,,,,,,,,,,,,,,,,,,,,,,,,,,,,,,,,,,,,,,,,,,,,,,,,,,,,,,,,,,,,,,,,,,,,,,,,,,,,,,
2026-07-20T16:18:24.409820Z,1531,DC01.darkzero.htb,Microsoft-Windows-User Profiles Service,Application,2613,4,,,,,,,,,,,,,,,,,,,,,,,,,,,,,,,,,,,,,,,,,,,,,,,,,,,,,,,,,,,,,,,,,,,,,,,,,,,,,,,,,,,
2026-07-20T16:18:28.796576Z,5617,DC01.darkzero.htb,Microsoft-Windows-WMI,Application,2614,4,,,,,,,,,,,,,,,,,,,,,,,,,,,,,,,,,,,,,,,,,,,,,,,,,,,,,,,,,,,,,,,,,,,,,,,,,,,,,,,,,,,
2026-07-20T16:18:33.352545Z,"{'#attributes': {'Qualifiers': 0}, '#text': 105}",DC01.darkzero.htb,VMTools,Application,2615,4,,,,,,,,,,,,,,,,,,,,,,,,,,,,,,,,,,,,,,,,,,,,,,,,,,,,,,,,,,,,,,,,,,,,,,,,,,,,,,,,,,,
2026-07-20T16:18:36.356516Z,"{'#attributes': {'Qualifiers': 16384}, '#text': 781}",DC01.darkzero.htb,Microsoft-Windows-Complus,Application,2616,4,,,,,,,,,,,,,,,,,,,,,,,,,,,,,,,,,,,,,,,,,,,,,,,,,,,,,,,,,,,,,,,,,,,,,,,,86400,,,,SuppressDuplicateDuration,Software\Microsoft\COM3\Eventlog,,,,,,
2026-07-20T16:18:36.707711Z,"{'#attributes': {'Qualifiers': 0}, '#text': 258}",DC01.darkzero.htb,VMUpgradeHelper,Application,2617,4,,,,,,,,,,,,,,,,,,,,,,,,,,,,,,,,,,,,,,,,,,,,,,,,,,,,,,,,,,,,,,,,,,,,,,,,,,,,,,,,,,,
2026-07-20T16:18:38.105525Z,"{'#attributes': {'Qualifiers': 0}, '#text': 271}",DC01.darkzero.htb,VMUpgradeHelper,Application,2618,4,,,,,,,,,,,,,,,,,,,,,,,,,,,,,,,,,,,,,,,,,,,,,,,,,,,,,,,,,,,,,,,,,,,,,,,,,,,,,,,,,,,
2026-07-20T16:18:38.246678Z,"{'#attributes': {'Qualifiers': 16384}, '#text': 4202}",DC01.darkzero.htb,Microsoft-Windows-MSDTC 2,Application,2619,4,,,,,,,,,,,,,,,,,,,,,,,,,,,,,,,,,,,,,,,,,,,,,,,,,,,,,,,,,,,,,,,,,,,,,,,,0,0,0,1,0,0,0,0,0,1,Mutual Authentication Required,NT AUTHORITY\NetworkService
2026-07-20T16:19:01.741639Z,"{'#attributes': {'Qualifiers': 0}, '#text': 102}",DC01.darkzero.htb,ESENT,Application,2620,4,,,,,,,,,,,,,,,,,,certsrv.exe,"1640,P,98,0",,0,10,00,26100,0000,,,,,,,,,,,,,,,,,,,,,,,,,,,,,,,,,,,,,,,,,,,,,,,,,,,,,,,,,,
2026-07-20T16:19:01.816841Z,"{'#attributes': {'Qualifiers': 0}, '#text': 105}",DC01.darkzero.htb,ESENT,Application,2621,4,,,,,,,,,,,,,,,,,,certsrv.exe,"1640,D,0,0",,0,0.081,"
[1] 0.001679 +J(0) +M(C:0K, Fs:127, WS:488K # 488K, PF:2508K # 2232K, P:2508K)
[2] 0.001398 +J(0) +M(C:3200K, Fs:240, WS:944K # 944K, PF:4180K # 4180K, P:4180K)
[3] 0.000031 +J(0) +M(C:0K, Fs:1, WS:4K # 4K, PF:64K # 64K, P:64K)
[4] 0.000382 +J(0) +M(C:0K, Fs:26, WS:100K # 100K, PF:500K # 500K, P:500K)
[5] 0.001389 +J(0) +M(C:0K, Fs:11, WS:44K # 44K, PF:20K # 20K, P:20K)
[6] 0.003160 +J(0) +M(C:0K, Fs:30, WS:120K # 120K, PF:12K # 12K, P:12K)
[7] 0.011860 -0.010427 (3) WT +J(0) +M(C:0K, Fs:280, WS:1120K # 1120K, PF:1024K # 1024K, P:1024K)
[8] -
[9] -
[10] -
[11] -
[12] -
[13] 0.059571 -0.056727 (4) WT +J(CM:0, PgRf:0, Rd:0/0, Dy:0/0, Lg:616/1) +M(C:0K, Fs:17, WS:-972K # 36K, PF:-1020K # 16K, P:-1020K)
[14] 0.000081 +J(0) +M(C:0K, Fs:2, WS:8K # 0K, PF:0K # 0K, P:0K)
[15] 0.000276 +J(0) +M(C:0K, Fs:101, WS:404K # 0K, PF:64K # 0K, P:64K)
[16] 0.000776 -0.000440 (1) WT +J(0) +M(C:0K, Fs:2, WS:0K # 0K, PF:0K # 0K, P:0K).","RBSOn = 0
",,,,,,,,,,,,,,,,,,,,,,,,,,,,,,,,,,,,,,,,,,,,,,,,,,,,,,,,,,,
2026-07-20T16:19:01.933818Z,"{'#attributes': {'Qualifiers': 0}, '#text': 326}",DC01.darkzero.htb,ESENT,Application,2622,4,,,,,,,,,,,,,,,,,,certsrv.exe,"1640,D,50,0",,1,C:\WINDOWS\system32\CertLog\darkzero-DC01-CA.edb,0,"
[1] 0.000007 +J(0) +M(C:0K, Fs:1, WS:4K # 0K, PF:0K # 0K, P:0K)
[2] 0.002431 -0.002008 (1) WT +J(0) +M(C:0K, Fs:19, WS:12K # 0K, PF:4K # 0K, P:4K)
[3] 0.105218 -0.097285 (6) WT +J(CM:0, PgRf:0, Rd:0/0, Dy:0/0, Lg:3480/2) +M(C:0K, Fs:37, WS:140K # 0K, PF:136K # 0K, P:136K)
[4] 0.001055 +J(0) +M(C:0K, Fs:1, WS:4K # 0K, PF:0K # 0K, P:0K)
[5] -
[6] 0.001192 -0.000993 (2) CM -0.000903 (2) WT +J(CM:2, PgRf:2, Rd:0/2, Dy:0/0, Lg:0/0) +M(C:0K, Fs:43, WS:172K # 0K, PF:128K # 0K, P:128K)
[7] 0.000003 +J(0)
[8] 0.004108 -0.003838 (1) CM -0.003818 (1) WT +J(CM:1, PgRf:1, Rd:14/0, Dy:0/0, Lg:0/0) +M(C:0K, Fs:38, WS:152K # 0K, PF:200K # 0K, P:200K)
[9] -
[10] -
[11] -
[12] 0.000017 +J(CM:0, PgRf:0, Rd:0/0, Dy:0/0, Lg:54/1) +M(C:0K, Fs:2, WS:8K # 0K, PF:20K # 0K, P:20K)
[13] 0.000979 -0.000727 (2) CM -0.000636 (2) WT +J(CM:2, PgRf:23, Rd:0/2, Dy:0/0, Lg:0/0) +M(C:0K, Fs:22, WS:88K # 76K, PF:4K # 0K, P:4K)
[14] 0.000652 -0.000438 (1) CM -0.000376 (1) WT +J(CM:1, PgRf:40, Rd:0/1, Dy:0/0, Lg:0/0) +M(C:0K, Fs:4, WS:16K # 16K, PF:64K # 0K, P:64K)
[15] 0.000012 +J(CM:0, PgRf:1, Rd:0/0, Dy:0/0, Lg:0/0)
[16] 0.000012 +J(CM:0, PgRf:1, Rd:0/0, Dy:0/0, Lg:0/0) +M(C:0K, Fs:1, WS:4K # 4K, PF:0K # 0K, P:0K)
[17] 0.000093 +J(CM:0, PgRf:42, Rd:0/0, Dy:0/0, Lg:0/0) +M(C:0K, Fs:8, WS:32K # 32K, PF:0K # 0K, P:0K)
[18] 0.000002 +J(0)
[19] 0.0 +J(0)
[20] 0.000065 +J(CM:0, PgRf:3, Rd:0/0, Dy:0/0, Lg:0/0) +M(C:0K, Fs:4, WS:16K # 16K, PF:0K # 0K, P:0K).",0 0,"lgposAttach = 00000002:00F1:0268,
dbv = 1568.300.620 (9620)",,,,,,,,,,,,,,,,,,,,,,,,,,,,,,,,,,,,,,,,,,,,,,,,,,,,,,,,,
2026-07-20T16:19:01.962762Z,"{'#attributes': {'Qualifiers': 0}, '#text': 102}",DC01.darkzero.htb,ESENT,Application,2623,4,,,,,,,,,,,,,,,,,,DFSRs,"2824,P,98,0",\\.\C:\System Volume Information\DFSR\database_5284_685_8406_6C33\dfsr.db: ,0,10,00,26100,0000,,,,,,,,,,,,,,,,,,,,,,,,,,,,,,,,,,,,,,,,,,,,,,,,,,,,,,,,,,
2026-07-20T16:19:02.313844Z,"{'#attributes': {'Qualifiers': 0}, '#text': 105}",DC01.darkzero.htb,ESENT,Application,2624,4,,,,,,,,,,,,,,,,,,DFSRs,"2824,D,0,0",\\.\C:\System Volume Information\DFSR\database_5284_685_8406_6C33\dfsr.db: ,0,0.365,"
[1] 0.011619 +J(0) +M(C:0K, Fs:315, WS:1224K # 1224K, PF:6588K # 6588K, P:6588K)
[2] 0.000388 +J(0) +M(C:16K, Fs:106, WS:416K # 416K, PF:312K # 312K, P:312K)
[3] 0.000021 +J(0) +M(C:0K, Fs:1, WS:4K # 4K, PF:64K # 64K, P:64K)
[4] 0.000344 +J(0) +M(C:2032K, Fs:49, WS:188K # 188K, PF:2448K # 2448K, P:2448K)
[5] 0.001213 +J(0) +M(C:0K, Fs:11, WS:44K # 44K, PF:20K # 20K, P:20K)
[6] 0.001756 +J(0) +M(C:0K, Fs:19, WS:76K # 76K, PF:12K # 12K, P:12K)
[7] 0.233409 -0.228027 (11) WT +J(0) +M(C:0K, Fs:1341, WS:5244K # 5244K, PF:5152K # 5152K, P:5152K)
[8] -
[9] -
[10] -
[11] -
[12] -
[13] 0.114540 -0.110094 (12) WT +J(CM:0, PgRf:0, Rd:0/0, Dy:0/0, Lg:616/1) +M(C:0K, Fs:14, WS:-5072K # 28K, PF:-5124K # 16K, P:-5124K)
[14] 0.000030 +J(0) +M(C:0K, Fs:1, WS:4K # 0K, PF:0K # 0K, P:0K)
[15] 0.000276 +J(0) +M(C:0K, Fs:65, WS:260K # 0K, PF:64K # 0K, P:64K)
[16] 0.001207 -0.000827 (1) WT +J(0) +M(C:0K, Fs:2, WS:0K # 0K, PF:0K # 0K, P:0K).","RBSOn = 0
",,,,,,,,,,,,,,,,,,,,,,,,,,,,,,,,,,,,,,,,,,,,,,,,,,,,,,,,,,,
2026-07-20T16:19:02.423715Z,"{'#attributes': {'Qualifiers': 0}, '#text': 326}",DC01.darkzero.htb,ESENT,Application,2625,4,,,,,,,,,,,,,,,,,,DFSRs,"2824,D,50,0",\\.\C:\System Volume Information\DFSR\database_5284_685_8406_6C33\dfsr.db: ,1,\\.\C:\System Volume Information\DFSR\database_5284_685_8406_6C33\dfsr.db,0,"
[1] 0.000006 +J(0) +M(C:0K, Fs:1, WS:4K # 0K, PF:0K # 0K, P:0K)
[2] 0.002574 -0.002075 (1) WT +J(0) +M(C:0K, Fs:20, WS:16K # 0K, PF:8K # 0K, P:8K)
[3] 0.101218 -0.005354 (6) WT +J(CM:0, PgRf:0, Rd:0/0, Dy:0/0, Lg:3480/2) +M(C:0K, Fs:35, WS:128K # 0K, PF:120K # 0K, P:120K)
[4] 0.000843 +J(0) +M(C:0K, Fs:1, WS:4K # 0K, PF:0K # 0K, P:0K)
[5] -
[6] 0.001152 -0.000901 (2) CM -0.000777 (2) WT +J(CM:2, PgRf:2, Rd:0/2, Dy:0/0, Lg:0/0) +M(C:-8K, Fs:45, WS:172K # 0K, PF:124K # 0K, P:124K)
[7] 0.000004 +J(0)
[8] 0.001323 -0.000916 (1) CM -0.000897 (1) WT +J(CM:1, PgRf:1, Rd:14/0, Dy:0/0, Lg:0/0) +M(C:-4K, Fs:51, WS:200K # 0K, PF:192K # 0K, P:192K)
[9] -
[10] -
[11] -
[12] 0.000022 +J(CM:0, PgRf:0, Rd:0/0, Dy:0/0, Lg:54/1) +M(C:0K, Fs:2, WS:8K # 0K, PF:20K # 0K, P:20K)
[13] 0.000652 -0.000443 (1) CM -0.000398 (1) WT +J(CM:1, PgRf:23, Rd:0/1, Dy:0/0, Lg:0/0) +M(C:-8K, Fs:22, WS:80K # 0K, PF:0K # 0K, P:0K)
[14] 0.000718 -0.000531 (1) CM -0.000478 (1) WT +J(CM:1, PgRf:40, Rd:0/1, Dy:0/0, Lg:0/0) +M(C:-4K, Fs:5, WS:16K # 0K, PF:60K # 0K, P:60K)
[15] 0.000013 +J(CM:0, PgRf:1, Rd:0/0, Dy:0/0, Lg:0/0)
[16] 0.000014 +J(CM:0, PgRf:1, Rd:0/0, Dy:0/0, Lg:0/0) +M(C:0K, Fs:1, WS:4K # 0K, PF:0K # 0K, P:0K)
[17] 0.000042 +J(CM:0, PgRf:36, Rd:0/0, Dy:0/0, Lg:0/0) +M(C:0K, Fs:1, WS:4K # 0K, PF:0K # 0K, P:0K)
[18] 0.000001 +J(0)
[19] 0.0 +J(0)
[20] 0.000033 +J(CM:0, PgRf:3, Rd:0/0, Dy:0/0, Lg:0/0) +M(C:0K, Fs:4, WS:16K # 0K, PF:0K # 0K, P:0K).",0 0,"lgposAttach = 0000000E:0309:0268,
dbv = 1568.300.620 (9620)",,,,,,,,,,,,,,,,,,,,,,,,,,,,,,,,,,,,,,,,,,,,,,,,,,,,,,,,,
2026-07-20T16:19:03.371797Z,44,DC01.darkzero.htb,Microsoft-Windows-CertificationAuthority,Application,2626,2,,,,,,,,,,,,,,,,,,,,,,,,,,,,,0x8007054b (1355),,The specified domain either does not exist or could not be contacted.,,,,,,,Initialize,,,,,,,,,,,,,Windows default,,,,,,,,,,,,,,,,MSG_E_POLICY_ERROR,,,,,,,,,,,"The Active Directory containing the Certification Authority could not be contacted.
",,,,,
2026-07-20T16:19:03.407506Z,26,DC01.darkzero.htb,Microsoft-Windows-CertificationAuthority,Application,2627,4,,,,,,,,,,darkzero-DC01-CA,,,,,,  DC=,,,,,,,,,,,,,,,,,,,,,,,,,,,,,,,,,,,,,,,,,,,,,,,,,,,MSG_I_SERVER_STARTED,,,,,,,,,,,,,,,,
2026-07-20T16:19:54.961303Z,"{'#attributes': {'Qualifiers': 32768}, '#text': 6003}",DC01.darkzero.htb,Microsoft-Windows-Winlogon,Application,2628,4,,,,,,D9060000,,,,,,,,,,,SessionEnv,,,,,,,,,,,,,,,,,,,,,,,,,,,,,,,,,,,,,,,,,,,,,,,,,,,,,,,,,,,,,,,,,,
2026-07-20T16:19:56.653631Z,"{'#attributes': {'Qualifiers': 32768}, '#text': 6000}",DC01.darkzero.htb,Microsoft-Windows-Winlogon,Application,2629,4,,,,,,D9060000,,,,,,,,,,,SessionEnv,,,,,,,,,,,,,,,,,,,,,,,,,,,,,,,,,,,,,,,,,,,,,,,,,,,,,,,,,,,,,,,,,,
2026-07-20T16:20:41.144052Z,"{'#attributes': {'Qualifiers': 16384}, '#text': 900}",DC01.darkzero.htb,Microsoft-Windows-Security-SPP,Application,2630,4,,,,,,,,,,,,,,,,,<explicit>,,,,,,,,,,,,,,,,,,,,,,,,,,,,,,,,,,,,,,,,,,,,,,,,,,,,,,,,,,,,,,,,,,
2026-07-20T16:20:43.669086Z,"{'#attributes': {'Qualifiers': 49152}, '#text': 16394}",DC01.darkzero.htb,Microsoft-Windows-Security-SPP,Application,2631,4,,,,,,,,,,,,,,,,,,,,,,,,,,,,,,,,,,,,,,,,,,,,,,,,,,,,,,,,,,,,,,,,,,,,,,,,,,,,,,,,,,,
2026-07-20T16:20:46.665531Z,"{'#attributes': {'Qualifiers': 16384}, '#text': 1066}",DC01.darkzero.htb,Microsoft-Windows-Security-SPP,Application,2632,4,,,,,,,,,,,,,,,,,"C:\WINDOWS\system32\sppwinob.dll, msft:spp/windowsfunctionality/agent/7.0, 0x00000000, 0x00000000
C:\WINDOWS\system32\sppobjs.dll, msft:rm/algorithm/inherited/1.0, 0x00000000, 0x00000000
C:\WINDOWS\system32\sppobjs.dll, msft:rm/algorithm/phone/1.0, 0x00000000, 0x00000000
C:\WINDOWS\system32\sppobjs.dll, msft:rm/algorithm/pkey/detect, 0x00000000, 0x00000000
C:\WINDOWS\system32\sppobjs.dll, msft:spp/ActionScheduler/1.0, 0x00000000, 0x00000000
C:\WINDOWS\system32\sppobjs.dll, msft:spp/TaskScheduler/1.0, 0x00000000, 0x00000000
C:\WINDOWS\system32\sppobjs.dll, msft:spp/statecollector/pkey, 0x00000000, 0x00000000
C:\WINDOWS\system32\sppobjs.dll, msft:spp/volume/services/kms/1.0, 0x00000000, 0x00000000
C:\WINDOWS\system32\sppobjs.dll, msft:spp/volume/services/kms/activationinfo/1.0, 0x00000000, 0x00000000
",,,,,,,,,,,,,,,,,,,,,,,,,,,,,,,,,,,,,,,,,,,,,,,,,,,,,,,,,,,,,,,,,,
2026-07-20T16:20:47.293314Z,"{'#attributes': {'Qualifiers': 16384}, '#text': 16389}",DC01.darkzero.htb,Microsoft-Windows-Security-SPP,Application,2633,4,,,,,,,,,,,,,,,,,0xC004D30B,,,,,,,,,,,,,,,,,,,,,,,,,,,,,,,,,,,,,,,,,,,,,,,,,,,,,,,,,,,,,,,,,,
2026-07-20T16:20:48.010007Z,"{'#attributes': {'Qualifiers': 16384}, '#text': 1003}",DC01.darkzero.htb,Microsoft-Windows-Security-SPP,Application,2634,4,,,,,,,,,,,,,,,,,,55c92734-d682-4d71-983e-d6ec3f16059f,"
1: 0b646350-5349-4013-b1be-4100d1a7fa38, 1, 0 [(0 [0xC004F014, 0, 0], [(?)(?)(?)(?)(?)(?)(?)(?)])(1 )(2 )(3 )]
2: 10d661ba-f2e3-445c-8e92-200e1e05e9e1, 1, 1 [(0 [0x00000000, 1, 0], [(?)( 1 0x00000000)(?)( 2 0x00000000 0 0 msft:rm/algorithm/hwid/4.0 0x00000000 0)(?)(?)( 10 0x00000000 msft:rm/algorithm/flags/1.0)(?)])(1 )(2 )(3 )]
3: 2033816d-9d16-44bb-8f08-412ff45f38bf, 1, 0 [(0 [0xC004F014, 0, 0], [(?)(?)(?)(?)(?)(?)(?)(?)])(1 )(2 )(3 )]
4: 653ae55c-1d53-427b-be51-15bc1841fca7, 1, 0 [(0 [0xC004F014, 0, 0], [(?)(?)(?)(?)(?)(?)(?)(?)])(1 )(2 )(3 )]
5: 66c20db7-ff1e-4f87-a915-4e03715da35f, 1, 0 [(0 [0xC004F014, 0, 0], [(?)(?)(?)(?)(?)(?)(?)(?)])(1 )(2 )(3 )]
6: 6bad0243-1c35-46b2-b8e6-7a853e37413f, 1, 0 [(0 [0xC004F014, 0, 0], [(?)(?)(?)(?)(?)(?)(?)(?)])(1 )(2 )(3 )]
7: 82fcf64d-f9dd-4411-9c79-f2eed16d4eb8, 1, 0 [(0 [0xC004F014, 0, 0], [(?)(?)(?)(?)(?)(?)(?)(?)])(1 )(2 )(3 )]
8: 84e331f6-4279-48c4-ab10-b75139181351, 1, 0 [(0 [0xC004F014, 0, 0], [(?)(?)(?)(?)(?)(?)(?)(?)])(1 )(2 )(3 )]
9: 9e232465-2ade-4a33-a277-702010a84adb, 1, 0 [(0 [0xC004F014, 0, 0], [(?)(?)(?)(?)(?)(?)(?)(?)])(1 )(2 )(3 )]
10: a1da5f8f-7553-42c5-b0b4-6f27c4d74240, 1, 0 [(0 [0xC004F014, 0, 0], [(?)(?)(?)(?)(?)(?)(?)(?)])(1 )(2 )(3 )]
11: a2004bef-6ff1-48f9-8328-41ce1cd5ee79, 1, 0 [(0 [0xC004F014, 0, 0], [(?)(?)(?)(?)(?)(?)(?)(?)])(1 )(2 )(3 )]
12: c052f164-cdf6-409a-a0cb-853ba0f0f55a, 1, 0 [(0 [0xC004F014, 0, 0], [(?)(?)(?)(?)(?)(?)(?)(?)])(1 )(2 )(3 )]
13: e5b79126-7250-4d27-ad42-0eeb23db5771, 1, 0 [(0 [0xC004F014, 0, 0], [(?)(?)(?)(?)(?)(?)(?)(?)])(1 )(2 )(3 )]
14: f15a5790-90b7-4674-8fd4-e187ba426ad2, 1, 0 [(0 [0xC004F014, 0, 0], [(?)(?)(?)(?)(?)(?)(?)(?)])(1 )(2 )(3 )]

",,,,,,,,,,,,,,,,,,,,,,,,,,,,,,,,,,,,,,,,,,,,,,,,,,,,,,,,,,,,,,,,
2026-07-20T16:20:48.013008Z,"{'#attributes': {'Qualifiers': 49152}, '#text': 20492}",DC01.darkzero.htb,Microsoft-Windows-Security-SPP,Application,2635,4,,,,,,,,,,,,,,,,,0xC004D30B,,,,,,,,,,,,,,,,,,,,,,,,,,,,,,,,,,,,,,,,,,,,,,,,,,,,,,,,,,,,,,,,,,
2026-07-20T16:20:48.033733Z,"{'#attributes': {'Qualifiers': 49152}, '#text': 16398}",DC01.darkzero.htb,Microsoft-Windows-Security-SPP,Application,2636,2,,,,,,,,,,,,,,,,,,0x80070490,No grace timer found,,,,,,,,,,,,,,,,,,,,,,,,,,,,,,,,,,,,,,,,,,,,,,,,,,,,,,,,,,,,,,,,
2026-07-20T16:20:48.225591Z,"{'#attributes': {'Qualifiers': 16384}, '#text': 902}",DC01.darkzero.htb,Microsoft-Windows-Security-SPP,Application,2637,0,,,,,,,,,,,,,,,,,10.0.26100.33158,,,,,,,,,,,,,,,,,,,,,,,,,,,,,,,,,,,,,,,,,,,,,,,,,,,,,,,,,,,,,,,,,,
2026-07-20T16:21:18.330254Z,"{'#attributes': {'Qualifiers': 16384}, '#text': 16384}",DC01.darkzero.htb,Microsoft-Windows-Security-SPP,Application,2638,4,,,,,,,,,,,,,,,,,,2126-06-26T16:21:18Z,RulesEngine,,,,,,,,,,,,,,,,,,,,,,,,,,,,,,,,,,,,,,,,,,,,,,,,,,,,,,,,,,,,,,,,
2026-07-20T16:21:18.409747Z,"{'#attributes': {'Qualifiers': 16384}, '#text': 903}",DC01.darkzero.htb,Microsoft-Windows-Security-SPP,Application,2639,0,,,,,,,,,,,,,,,,,,,,,,,,,,,,,,,,,,,,,,,,,,,,,,,,,,,,,,,,,,,,,,,,,,,,,,,,,,,,,,,,,,,
2026-07-20T16:21:40.582294Z,"{'#attributes': {'Qualifiers': 0}, '#text': 8224}",DC01.darkzero.htb,VSS,Application,2640,4,,,,,,2D20436F64653A2020434F525356434330303030303737322D2043616C6C3A2020434F525356434330303030303735342D205049443A202030303030343337362D205449443A202030303030343432342D20434D443A2020433A5C57494E444F57535C73797374656D33325C76737376632E6578652020202D20557365723A204E616D653A204E5420415554484F524954595C53595354454D2C205349443A532D312D352D313820,,,,,,,,,,,,,,,,,,,,,,,,,,,,,,,,,,,,,,,,,,,,,,,,,,,,,,,,,,,,,,,,,,,,,,,,,,,,,
2026-07-20T16:22:34.642762Z,1001,DC01.darkzero.htb,Microsoft-Windows-LoadPerf,Application,2641,4,,,,,,,,,,,,,,,,,,,,,,,,,,,,,,,,,,,,,,,,,,,,,,,,,,,,,,,,,,,,,,,,,,,,LoadPerf,36440000C4020000,8,,WmiApRpl,,,,WmiApRpl,,,,,,,
2026-07-20T16:22:34.708496Z,1000,DC01.darkzero.htb,Microsoft-Windows-LoadPerf,Application,2642,4,,,,,,,,,,,,,,,,,,,,,,,,,,,,,,,,,,,,,,,,,,,,,,,,,,,,,,,,,,,,,,,,,,,,LoadPerf,3844000008450000,8,,WmiApRpl,,,,WmiApRpl,,,,,,,
2026-07-20T16:24:10.030154Z,"{'#attributes': {'Qualifiers': 32768}, '#text': 6000}",DC01.darkzero.htb,Microsoft-Windows-Winlogon,Application,2643,4,,,,,,D9060000,,,,,,,,,,,SessionEnv,,,,,,,,,,,,,,,,,,,,,,,,,,,,,,,,,,,,,,,,,,,,,,,,,,,,,,,,,,,,,,,,,,
2026-07-20T16:24:11.852135Z,"{'#attributes': {'Qualifiers': 0}, '#text': 260}",DC01.darkzero.htb,VMUpgradeHelper,Application,2644,4,,,,,,,,,,,,,,,,,,,,,,,,,,,,,,,,,,,,,,,,,,,,,,,,,,,,,,,,,,,,,,,,,,,,,,,,,,,,,,,,,,,
2026-07-20T16:24:11.852598Z,"{'#attributes': {'Qualifiers': 0}, '#text': 272}",DC01.darkzero.htb,VMUpgradeHelper,Application,2645,4,,,,,,,,,,,,,,,,,,,,,,,,,,,,,,,,,,,,,,,,,,,,,,,,,,,,,,,,,,,,,,,,,,,,,,,,,,,,,,,,,,,
2026-07-20T16:24:11.859290Z,"{'#attributes': {'Qualifiers': 0}, '#text': 108}",DC01.darkzero.htb,VMTools,Application,2646,4,,,,,,,,,,,,,,,,,,,,,,,,,,,,,,,,,,,,,,,,,,,,,,,,,,,,,,,,,,,,,,,,,,,,,,,,,,,,,,,,,,,
2026-07-20T16:24:12.022352Z,"{'#attributes': {'Qualifiers': 16384}, '#text': 4111}",DC01.darkzero.htb,Microsoft-Windows-MSDTC,Application,2647,4,,,,,,4D005300440054004300,,,,,,,,,,,,,,,,,,,,,,,,,,,,,,,,,,,,,,,,,,,,,,,,,,,,,,,,,,,,,,,,,,,,,,,,,,,,,
2026-07-20T16:24:12.007207Z,1532,DC01.darkzero.htb,Microsoft-Windows-User Profiles Service,Application,2648,4,,,,,,,,,,,,,,,,,,,,,,,,,,,,,,,,,,,,,,,,,,,,,,,,,,,,,,,,,,,,,,,,,,,,,,,,,,,,,,,,,,,
2026-07-20T16:24:12.126151Z,38,DC01.darkzero.htb,Microsoft-Windows-CertificationAuthority,Application,2649,4,,,,,,,,,,darkzero-DC01-CA,,,,,,,,,,,,,,,,,,,,,,,,,,,,,,,,,,,,,,,,,,,,,,,,,,,,,,,,,MSG_I_SERVER_STOPPED,,,,,,,,,,,,,,,,
2026-07-20T19:27:23.676600Z,5615,DC01.darkzero.htb,Microsoft-Windows-WMI,Application,2650,4,,,,,,,,,,,,,,,,,,,,,,,,,,,,,,,,,,,,,,,,,,,,,,,,,,,,,,,,,,,,,,,,,,,,,,,,,,,,,,,,,,,
2026-07-20T19:27:25.151874Z,1531,DC01.darkzero.htb,Microsoft-Windows-User Profiles Service,Application,2651,4,,,,,,,,,,,,,,,,,,,,,,,,,,,,,,,,,,,,,,,,,,,,,,,,,,,,,,,,,,,,,,,,,,,,,,,,,,,,,,,,,,,
2026-07-20T19:27:29.386619Z,5617,DC01.darkzero.htb,Microsoft-Windows-WMI,Application,2652,4,,,,,,,,,,,,,,,,,,,,,,,,,,,,,,,,,,,,,,,,,,,,,,,,,,,,,,,,,,,,,,,,,,,,,,,,,,,,,,,,,,,
2026-07-20T19:27:34.441524Z,"{'#attributes': {'Qualifiers': 0}, '#text': 105}",DC01.darkzero.htb,VMTools,Application,2653,4,,,,,,,,,,,,,,,,,,,,,,,,,,,,,,,,,,,,,,,,,,,,,,,,,,,,,,,,,,,,,,,,,,,,,,,,,,,,,,,,,,,
2026-07-20T19:27:37.466090Z,"{'#attributes': {'Qualifiers': 16384}, '#text': 781}",DC01.darkzero.htb,Microsoft-Windows-Complus,Application,2654,4,,,,,,,,,,,,,,,,,,,,,,,,,,,,,,,,,,,,,,,,,,,,,,,,,,,,,,,,,,,,,,,,,,,,,,,,86400,,,,SuppressDuplicateDuration,Software\Microsoft\COM3\Eventlog,,,,,,
2026-07-20T19:27:38.247142Z,"{'#attributes': {'Qualifiers': 0}, '#text': 258}",DC01.darkzero.htb,VMUpgradeHelper,Application,2655,4,,,,,,,,,,,,,,,,,,,,,,,,,,,,,,,,,,,,,,,,,,,,,,,,,,,,,,,,,,,,,,,,,,,,,,,,,,,,,,,,,,,
2026-07-20T19:27:39.248733Z,"{'#attributes': {'Qualifiers': 0}, '#text': 271}",DC01.darkzero.htb,VMUpgradeHelper,Application,2656,4,,,,,,,,,,,,,,,,,,,,,,,,,,,,,,,,,,,,,,,,,,,,,,,,,,,,,,,,,,,,,,,,,,,,,,,,,,,,,,,,,,,
2026-07-20T19:27:39.466797Z,"{'#attributes': {'Qualifiers': 16384}, '#text': 4202}",DC01.darkzero.htb,Microsoft-Windows-MSDTC 2,Application,2657,4,,,,,,,,,,,,,,,,,,,,,,,,,,,,,,,,,,,,,,,,,,,,,,,,,,,,,,,,,,,,,,,,,,,,,,,,0,0,0,1,0,0,0,0,0,1,Mutual Authentication Required,NT AUTHORITY\NetworkService
2026-07-20T19:28:02.619153Z,"{'#attributes': {'Qualifiers': 0}, '#text': 102}",DC01.darkzero.htb,ESENT,Application,2658,4,,,,,,,,,,,,,,,,,,certsrv.exe,"3048,P,98,0",,0,10,00,26100,0000,,,,,,,,,,,,,,,,,,,,,,,,,,,,,,,,,,,,,,,,,,,,,,,,,,,,,,,,,,
2026-07-20T19:28:02.719878Z,"{'#attributes': {'Qualifiers': 0}, '#text': 105}",DC01.darkzero.htb,ESENT,Application,2659,4,,,,,,,,,,,,,,,,,,certsrv.exe,"3048,D,0,0",,0,0.105,"
[1] 0.001545 +J(0) +M(C:0K, Fs:129, WS:504K # 504K, PF:2488K # 2212K, P:2488K)
[2] 0.000852 +J(0) +M(C:3200K, Fs:233, WS:916K # 916K, PF:4172K # 4172K, P:4172K)
[3] 0.000047 +J(0) +M(C:0K, Fs:2, WS:4K # 4K, PF:68K # 68K, P:68K)
[4] 0.000244 +J(0) +M(C:0K, Fs:27, WS:108K # 108K, PF:508K # 508K, P:508K)
[5] 0.001037 +J(0) +M(C:0K, Fs:13, WS:52K # 52K, PF:32K # 32K, P:32K)
[6] 0.004173 +J(0) +M(C:0K, Fs:32, WS:124K # 124K, PF:12K # 12K, P:12K)
[7] 0.081936 -0.080389 (3) WT +J(0) +M(C:0K, Fs:280, WS:1120K # 1120K, PF:1024K # 1024K, P:1024K)
[8] -
[9] -
[10] -
[11] -
[12] -
[13] 0.014334 -0.012281 (4) WT +J(CM:0, PgRf:0, Rd:0/0, Dy:0/0, Lg:616/1) +M(C:0K, Fs:16, WS:-972K # 36K, PF:-1020K # 12K, P:-1020K)
[14] 0.000024 +J(0) +M(C:0K, Fs:1, WS:4K # 0K, PF:0K # 0K, P:0K)
[15] 0.000296 +J(0) +M(C:0K, Fs:101, WS:404K # 0K, PF:64K # 0K, P:64K)
[16] 0.000885 -0.000600 (1) WT +J(0) +M(C:0K, Fs:2, WS:0K # 0K, PF:0K # 0K, P:0K).","RBSOn = 0
",,,,,,,,,,,,,,,,,,,,,,,,,,,,,,,,,,,,,,,,,,,,,,,,,,,,,,,,,,,
2026-07-20T19:28:02.828324Z,"{'#attributes': {'Qualifiers': 0}, '#text': 326}",DC01.darkzero.htb,ESENT,Application,2660,4,,,,,,,,,,,,,,,,,,certsrv.exe,"3048,D,50,0",,1,C:\WINDOWS\system32\CertLog\darkzero-DC01-CA.edb,0,"
[1] 0.000006 +J(0) +M(C:0K, Fs:1, WS:4K # 0K, PF:0K # 0K, P:0K)
[2] 0.015635 -0.015136 (1) WT +J(0) +M(C:0K, Fs:19, WS:12K # 0K, PF:4K # 0K, P:4K)
[3] 0.077679 -0.068963 (6) WT +J(CM:0, PgRf:0, Rd:0/0, Dy:0/0, Lg:3480/2) +M(C:0K, Fs:34, WS:128K # 0K, PF:128K # 0K, P:128K)
[4] 0.002595 +J(0) +M(C:0K, Fs:1, WS:4K # 0K, PF:0K # 0K, P:0K)
[5] -
[6] 0.006160 -0.005716 (2) CM -0.005531 (2) WT +J(CM:2, PgRf:2, Rd:0/2, Dy:0/0, Lg:0/0) +M(C:0K, Fs:45, WS:180K # 0K, PF:136K # 0K, P:136K)
[7] 0.000004 +J(0)
[8] 0.002765 -0.002315 (1) CM -0.002295 (1) WT +J(CM:1, PgRf:1, Rd:14/0, Dy:0/0, Lg:0/0) +M(C:0K, Fs:38, WS:152K # 0K, PF:200K # 0K, P:200K)
[9] -
[10] -
[11] -
[12] 0.000029 +J(CM:0, PgRf:0, Rd:0/0, Dy:0/0, Lg:54/1) +M(C:0K, Fs:2, WS:8K # 0K, PF:20K # 0K, P:20K)
[13] 0.001417 -0.001023 (2) CM -0.000924 (2) WT +J(CM:2, PgRf:23, Rd:0/2, Dy:0/0, Lg:0/0) +M(C:0K, Fs:22, WS:88K # 60K, PF:4K # 0K, P:4K)
[14] 0.000650 -0.000406 (1) CM -0.000282 (1) WT +J(CM:1, PgRf:40, Rd:0/1, Dy:0/0, Lg:0/0) +M(C:0K, Fs:5, WS:16K # 16K, PF:68K # 0K, P:68K)
[15] 0.000012 +J(CM:0, PgRf:1, Rd:0/0, Dy:0/0, Lg:0/0)
[16] 0.000012 +J(CM:0, PgRf:1, Rd:0/0, Dy:0/0, Lg:0/0) +M(C:0K, Fs:1, WS:4K # 4K, PF:0K # 0K, P:0K)
[17] 0.000086 +J(CM:0, PgRf:42, Rd:0/0, Dy:0/0, Lg:0/0) +M(C:0K, Fs:8, WS:32K # 32K, PF:0K # 0K, P:0K)
[18] 0.000001 +J(0)
[19] 0.0 +J(0)
[20] 0.000032 +J(CM:0, PgRf:3, Rd:0/0, Dy:0/0, Lg:0/0) +M(C:0K, Fs:4, WS:16K # 16K, PF:0K # 0K, P:0K).",0 0,"lgposAttach = 00000002:00FA:0268,
dbv = 1568.300.620 (9620)",,,,,,,,,,,,,,,,,,,,,,,,,,,,,,,,,,,,,,,,,,,,,,,,,,,,,,,,,
2026-07-20T19:28:02.928973Z,"{'#attributes': {'Qualifiers': 0}, '#text': 102}",DC01.darkzero.htb,ESENT,Application,2661,4,,,,,,,,,,,,,,,,,,DFSRs,"2136,P,98,0",\\.\C:\System Volume Information\DFSR\database_5284_685_8406_6C33\dfsr.db: ,0,10,00,26100,0000,,,,,,,,,,,,,,,,,,,,,,,,,,,,,,,,,,,,,,,,,,,,,,,,,,,,,,,,,,
2026-07-20T19:28:03.129495Z,"{'#attributes': {'Qualifiers': 0}, '#text': 105}",DC01.darkzero.htb,ESENT,Application,2662,4,,,,,,,,,,,,,,,,,,DFSRs,"2136,D,0,0",\\.\C:\System Volume Information\DFSR\database_5284_685_8406_6C33\dfsr.db: ,0,0.305,"
[1] 0.102203 +J(0) +M(C:0K, Fs:306, WS:1192K # 1192K, PF:6584K # 6576K, P:6584K)
[2] 0.000481 +J(0) +M(C:16K, Fs:108, WS:424K # 424K, PF:344K # 344K, P:344K)
[3] 0.000039 +J(0) +M(C:0K, Fs:2, WS:4K # 4K, PF:68K # 68K, P:68K)
[4] 0.000371 +J(0) +M(C:2032K, Fs:47, WS:184K # 184K, PF:2436K # 2436K, P:2436K)
[5] 0.001249 +J(0) +M(C:0K, Fs:13, WS:52K # 52K, PF:24K # 24K, P:24K)
[6] 0.001353 +J(0) +M(C:0K, Fs:10, WS:40K # 40K, PF:12K # 12K, P:12K)
[7] -
[8] -
[9] -
[10] -
[11] -
[12] -
[13] 0.183583 -0.157392 (22) WT +J(CM:0, PgRf:0, Rd:0/0, Dy:0/0, Lg:616/1) +M(C:0K, Fs:1510, WS:800K # 5900K, PF:44K # 5172K, P:44K)
[14] 0.000037 +J(0) +M(C:0K, Fs:1, WS:4K # 0K, PF:0K # 0K, P:0K)
[15] 0.000285 +J(0) +M(C:0K, Fs:65, WS:260K # 0K, PF:64K # 0K, P:64K)
[16] 0.015458 -0.000423 (3) WT +J(0) +M(C:0K, Fs:6, WS:8K # 0K, PF:0K # 0K, P:0K).","RBSOn = 0
",,,,,,,,,,,,,,,,,,,,,,,,,,,,,,,,,,,,,,,,,,,,,,,,,,,,,,,,,,,
2026-07-20T19:28:03.533131Z,"{'#attributes': {'Qualifiers': 0}, '#text': 325}",DC01.darkzero.htb,ESENT,Application,2663,4,,,,,,,,,,,,,,,,,,DFSRs,"2136,D,35,0",\\.\C:\System Volume Information\DFSR\database_5284_685_8406_6C33\dfsr.db: ,1,\\.\C:\System Volume Information\DFSR\database_5284_685_8406_6C33\dfsr.db,0,"
[1] 0.000224 +J(0) +M(C:0K, Fs:3, WS:8K # 0K, PF:12K # 0K, P:12K)
[2] 0.003654 -0.002273 (1) WT +J(CM:0, PgRf:0, Rd:0/0, Dy:0/0, Lg:3480/2) +M(C:0K, Fs:2, WS:8K # 0K, PF:0K # 0K, P:0K)
[3] 0.157759 -0.000006 (3) WT +J(0) +M(C:0K, Fs:13, WS:44K # 0K, PF:20K # 0K, P:20K)
[4] 0.009443 +J(0) +M(C:0K, Fs:2, WS:8K # 0K, PF:0K # 0K, P:0K)
[5] 0.024558 -0.016366 (3) WT +J(CM:0, PgRf:3, Rd:0/0, Dy:3/6, Lg:122/4) +M(C:0K, Fs:69, WS:268K # 0K, PF:264K # 0K, P:264K)
[6] 0.043733 -0.039373 (2) WT +J(CM:0, PgRf:215, Rd:0/0, Dy:12/420, Lg:24454/461) +M(C:0K, Fs:81, WS:324K # 0K, PF:220K # 0K, P:220K)
[7] 0.070163 -0.069119 (3) WT +J(CM:0, PgRf:0, Rd:0/0, Dy:0/0, Lg:4096/3) +M(C:0K, Fs:5, WS:12K # 0K, PF:0K # 0K, P:0K)
[8] 0.000009 +J(0)
[9] 0.006892 -0.005835 (4) WT +J(0) +M(C:-52K, Fs:7, WS:-32K # 0K, PF:-48K # 0K, P:-48K)
[10] 0.082538 -0.005832 (7) WT +J(CM:0, PgRf:385, Rd:0/0, Dy:7/109, Lg:20701/156) +M(C:12K, Fs:59, WS:228K # 0K, PF:104K # 0K, P:104K)
[11] 0.000005 +J(0).",0 0,"lgposCreate = 00000001:0001:0268,
dbv = 1568.300.620 (9620)",,,,,,,,,,,,,,,,,,,,,,,,,,,,,,,,,,,,,,,,,,,,,,,,,,,,,,,,,
2026-07-20T19:28:04.324277Z,44,DC01.darkzero.htb,Microsoft-Windows-CertificationAuthority,Application,2664,2,,,,,,,,,,,,,,,,,,,,,,,,,,,,,0x8007054b (1355),,The specified domain either does not exist or could not be contacted.,,,,,,,Initialize,,,,,,,,,,,,,Windows default,,,,,,,,,,,,,,,,MSG_E_POLICY_ERROR,,,,,,,,,,,"The Active Directory containing the Certification Authority could not be contacted.
",,,,,
2026-07-20T19:28:04.506513Z,26,DC01.darkzero.htb,Microsoft-Windows-CertificationAuthority,Application,2665,4,,,,,,,,,,darkzero-DC01-CA,,,,,,  DC=,,,,,,,,,,,,,,,,,,,,,,,,,,,,,,,,,,,,,,,,,,,,,,,,,,,MSG_I_SERVER_STARTED,,,,,,,,,,,,,,,,
2026-07-20T19:28:18.063874Z,"{'#attributes': {'Qualifiers': 32768}, '#text': 6003}",DC01.darkzero.htb,Microsoft-Windows-Winlogon,Application,2666,4,,,,,,D9060000,,,,,,,,,,,SessionEnv,,,,,,,,,,,,,,,,,,,,,,,,,,,,,,,,,,,,,,,,,,,,,,,,,,,,,,,,,,,,,,,,,,
2026-07-20T19:28:19.667099Z,"{'#attributes': {'Qualifiers': 32768}, '#text': 6000}",DC01.darkzero.htb,Microsoft-Windows-Winlogon,Application,2667,4,,,,,,D9060000,,,,,,,,,,,SessionEnv,,,,,,,,,,,,,,,,,,,,,,,,,,,,,,,,,,,,,,,,,,,,,,,,,,,,,,,,,,,,,,,,,,
2026-07-20T19:29:43.947109Z,"{'#attributes': {'Qualifiers': 16384}, '#text': 900}",DC01.darkzero.htb,Microsoft-Windows-Security-SPP,Application,2668,4,,,,,,,,,,,,,,,,,<explicit>,,,,,,,,,,,,,,,,,,,,,,,,,,,,,,,,,,,,,,,,,,,,,,,,,,,,,,,,,,,,,,,,,,
2026-07-20T19:29:49.523774Z,"{'#attributes': {'Qualifiers': 49152}, '#text': 16394}",DC01.darkzero.htb,Microsoft-Windows-Security-SPP,Application,2669,4,,,,,,,,,,,,,,,,,,,,,,,,,,,,,,,,,,,,,,,,,,,,,,,,,,,,,,,,,,,,,,,,,,,,,,,,,,,,,,,,,,,
2026-07-20T19:29:51.706619Z,"{'#attributes': {'Qualifiers': 16384}, '#text': 1066}",DC01.darkzero.htb,Microsoft-Windows-Security-SPP,Application,2670,4,,,,,,,,,,,,,,,,,"C:\WINDOWS\system32\sppwinob.dll, msft:spp/windowsfunctionality/agent/7.0, 0x00000000, 0x00000000
C:\WINDOWS\system32\sppobjs.dll, msft:rm/algorithm/inherited/1.0, 0x00000000, 0x00000000
C:\WINDOWS\system32\sppobjs.dll, msft:rm/algorithm/phone/1.0, 0x00000000, 0x00000000
C:\WINDOWS\system32\sppobjs.dll, msft:rm/algorithm/pkey/detect, 0x00000000, 0x00000000
C:\WINDOWS\system32\sppobjs.dll, msft:spp/ActionScheduler/1.0, 0x00000000, 0x00000000
C:\WINDOWS\system32\sppobjs.dll, msft:spp/TaskScheduler/1.0, 0x00000000, 0x00000000
C:\WINDOWS\system32\sppobjs.dll, msft:spp/statecollector/pkey, 0x00000000, 0x00000000
C:\WINDOWS\system32\sppobjs.dll, msft:spp/volume/services/kms/1.0, 0x00000000, 0x00000000
C:\WINDOWS\system32\sppobjs.dll, msft:spp/volume/services/kms/activationinfo/1.0, 0x00000000, 0x00000000
",,,,,,,,,,,,,,,,,,,,,,,,,,,,,,,,,,,,,,,,,,,,,,,,,,,,,,,,,,,,,,,,,,
2026-07-20T19:29:51.955699Z,"{'#attributes': {'Qualifiers': 16384}, '#text': 16389}",DC01.darkzero.htb,Microsoft-Windows-Security-SPP,Application,2671,4,,,,,,,,,,,,,,,,,0xC004D30B,,,,,,,,,,,,,,,,,,,,,,,,,,,,,,,,,,,,,,,,,,,,,,,,,,,,,,,,,,,,,,,,,,
2026-07-20T19:29:54.262777Z,"{'#attributes': {'Qualifiers': 16384}, '#text': 1003}",DC01.darkzero.htb,Microsoft-Windows-Security-SPP,Application,2672,4,,,,,,,,,,,,,,,,,,55c92734-d682-4d71-983e-d6ec3f16059f,"
1: 0b646350-5349-4013-b1be-4100d1a7fa38, 1, 0 [(0 [0xC004F014, 0, 0], [(?)(?)(?)(?)(?)(?)(?)(?)])(1 )(2 )(3 )]
2: 10d661ba-f2e3-445c-8e92-200e1e05e9e1, 1, 1 [(0 [0x00000000, 1, 0], [(?)( 1 0x00000000)(?)( 2 0x00000000 0 0 msft:rm/algorithm/hwid/4.0 0x00000000 0)(?)(?)( 10 0x00000000 msft:rm/algorithm/flags/1.0)(?)])(1 )(2 )(3 )]
3: 2033816d-9d16-44bb-8f08-412ff45f38bf, 1, 0 [(0 [0xC004F014, 0, 0], [(?)(?)(?)(?)(?)(?)(?)(?)])(1 )(2 )(3 )]
4: 653ae55c-1d53-427b-be51-15bc1841fca7, 1, 0 [(0 [0xC004F014, 0, 0], [(?)(?)(?)(?)(?)(?)(?)(?)])(1 )(2 )(3 )]
5: 66c20db7-ff1e-4f87-a915-4e03715da35f, 1, 0 [(0 [0xC004F014, 0, 0], [(?)(?)(?)(?)(?)(?)(?)(?)])(1 )(2 )(3 )]
6: 6bad0243-1c35-46b2-b8e6-7a853e37413f, 1, 0 [(0 [0xC004F014, 0, 0], [(?)(?)(?)(?)(?)(?)(?)(?)])(1 )(2 )(3 )]
7: 82fcf64d-f9dd-4411-9c79-f2eed16d4eb8, 1, 0 [(0 [0xC004F014, 0, 0], [(?)(?)(?)(?)(?)(?)(?)(?)])(1 )(2 )(3 )]
8: 84e331f6-4279-48c4-ab10-b75139181351, 1, 0 [(0 [0xC004F014, 0, 0], [(?)(?)(?)(?)(?)(?)(?)(?)])(1 )(2 )(3 )]
9: 9e232465-2ade-4a33-a277-702010a84adb, 1, 0 [(0 [0xC004F014, 0, 0], [(?)(?)(?)(?)(?)(?)(?)(?)])(1 )(2 )(3 )]
10: a1da5f8f-7553-42c5-b0b4-6f27c4d74240, 1, 0 [(0 [0xC004F014, 0, 0], [(?)(?)(?)(?)(?)(?)(?)(?)])(1 )(2 )(3 )]
11: a2004bef-6ff1-48f9-8328-41ce1cd5ee79, 1, 0 [(0 [0xC004F014, 0, 0], [(?)(?)(?)(?)(?)(?)(?)(?)])(1 )(2 )(3 )]
12: c052f164-cdf6-409a-a0cb-853ba0f0f55a, 1, 0 [(0 [0xC004F014, 0, 0], [(?)(?)(?)(?)(?)(?)(?)(?)])(1 )(2 )(3 )]
13: e5b79126-7250-4d27-ad42-0eeb23db5771, 1, 0 [(0 [0xC004F014, 0, 0], [(?)(?)(?)(?)(?)(?)(?)(?)])(1 )(2 )(3 )]
14: f15a5790-90b7-4674-8fd4-e187ba426ad2, 1, 0 [(0 [0xC004F014, 0, 0], [(?)(?)(?)(?)(?)(?)(?)(?)])(1 )(2 )(3 )]

",,,,,,,,,,,,,,,,,,,,,,,,,,,,,,,,,,,,,,,,,,,,,,,,,,,,,,,,,,,,,,,,
2026-07-20T19:29:54.533274Z,"{'#attributes': {'Qualifiers': 49152}, '#text': 20492}",DC01.darkzero.htb,Microsoft-Windows-Security-SPP,Application,2673,4,,,,,,,,,,,,,,,,,0xC004D30B,,,,,,,,,,,,,,,,,,,,,,,,,,,,,,,,,,,,,,,,,,,,,,,,,,,,,,,,,,,,,,,,,,
2026-07-20T19:29:54.721193Z,"{'#attributes': {'Qualifiers': 49152}, '#text': 16398}",DC01.darkzero.htb,Microsoft-Windows-Security-SPP,Application,2674,2,,,,,,,,,,,,,,,,,,0x80070490,No grace timer found,,,,,,,,,,,,,,,,,,,,,,,,,,,,,,,,,,,,,,,,,,,,,,,,,,,,,,,,,,,,,,,,
2026-07-20T19:29:54.740508Z,"{'#attributes': {'Qualifiers': 16384}, '#text': 902}",DC01.darkzero.htb,Microsoft-Windows-Security-SPP,Application,2675,0,,,,,,,,,,,,,,,,,10.0.26100.33158,,,,,,,,,,,,,,,,,,,,,,,,,,,,,,,,,,,,,,,,,,,,,,,,,,,,,,,,,,,,,,,,,,
2026-07-20T19:30:07.653872Z,1001,DC01.darkzero.htb,Microsoft-Windows-LoadPerf,Application,2676,4,,,,,,,,,,,,,,,,,,,,,,,,,,,,,,,,,,,,,,,,,,,,,,,,,,,,,,,,,,,,,,,,,,,,LoadPerf,36440000C4020000,8,,WmiApRpl,,,,WmiApRpl,,,,,,,
2026-07-20T19:30:07.979802Z,1000,DC01.darkzero.htb,Microsoft-Windows-LoadPerf,Application,2677,4,,,,,,,,,,,,,,,,,,,,,,,,,,,,,,,,,,,,,,,,,,,,,,,,,,,,,,,,,,,,,,,,,,,,LoadPerf,3844000008450000,8,,WmiApRpl,,,,WmiApRpl,,,,,,,
2026-07-20T19:30:41.827311Z,"{'#attributes': {'Qualifiers': 0}, '#text': 8224}",DC01.darkzero.htb,VSS,Application,2678,4,,,,,,2D20436F64653A2020434F525356434330303030303737322D2043616C6C3A2020434F525356434330303030303735342D205049443A202030303030343338382D205449443A202030303030343431322D20434D443A2020433A5C57494E444F57535C73797374656D33325C76737376632E6578652020202D20557365723A204E616D653A204E5420415554484F524954595C53595354454D2C205349443A532D312D352D313820,,,,,,,,,,,,,,,,,,,,,,,,,,,,,,,,,,,,,,,,,,,,,,,,,,,,,,,,,,,,,,,,,,,,,,,,,,,,,
2026-07-20T19:30:42.632678Z,"{'#attributes': {'Qualifiers': 0}, '#text': 4097}",DC01.darkzero.htb,Microsoft-Windows-CAPI2,Application,2679,4,,,,,,,,,,,,,,,,,,"CN=ISRG Root X1, O=Internet Security Research Group, C=US",CABD2A79A1076A31F21D253635CB039D4329A5E8,,,,,,,,,,,,,,,,,,,,,,,,,,,,,,,,,,,,,,,,,,,,,,,,,,,,,,,,,,,,,,,,
2026-07-20T19:30:50.690832Z,"{'#attributes': {'Qualifiers': 16384}, '#text': 16384}",DC01.darkzero.htb,Microsoft-Windows-Security-SPP,Application,2680,4,,,,,,,,,,,,,,,,,,2126-06-26T19:30:50Z,RulesEngine,,,,,,,,,,,,,,,,,,,,,,,,,,,,,,,,,,,,,,,,,,,,,,,,,,,,,,,,,,,,,,,,
2026-07-20T19:30:50.699416Z,"{'#attributes': {'Qualifiers': 16384}, '#text': 903}",DC01.darkzero.htb,Microsoft-Windows-Security-SPP,Application,2681,0,,,,,,,,,,,,,,,,,,,,,,,,,,,,,,,,,,,,,,,,,,,,,,,,,,,,,,,,,,,,,,,,,,,,,,,,,,,,,,,,,,,
2026-07-20T19:32:15.130883Z,1001,DC01.darkzero.htb,Microsoft-Windows-LoadPerf,Application,2682,4,,,,,,,,,,,,,,,,,,,,,,,,,,,,,,,,,,,,,,,,,,,,,,,,,,,,,,,,,,,,,,,,,,,,LoadPerf,36440000C4020000,8,,WmiApRpl,,,,WmiApRpl,,,,,,,
2026-07-20T19:32:15.192779Z,1000,DC01.darkzero.htb,Microsoft-Windows-LoadPerf,Application,2683,4,,,,,,,,,,,,,,,,,,,,,,,,,,,,,,,,,,,,,,,,,,,,,,,,,,,,,,,,,,,,,,,,,,,,LoadPerf,3844000008450000,8,,WmiApRpl,,,,WmiApRpl,,,,,,,
2026-07-20T19:32:18.156058Z,"{'#attributes': {'Qualifiers': 49152}, '#text': 16394}",DC01.darkzero.htb,Microsoft-Windows-Security-SPP,Application,2684,4,,,,,,,,,,,,,,,,,,,,,,,,,,,,,,,,,,,,,,,,,,,,,,,,,,,,,,,,,,,,,,,,,,,,,,,,,,,,,,,,,,,
2026-07-20T19:32:18.220743Z,"{'#attributes': {'Qualifiers': 16384}, '#text': 16389}",DC01.darkzero.htb,Microsoft-Windows-Security-SPP,Application,2685,4,,,,,,,,,,,,,,,,,0xC004D30B,,,,,,,,,,,,,,,,,,,,,,,,,,,,,,,,,,,,,,,,,,,,,,,,,,,,,,,,,,,,,,,,,,
