2026-04-06T08:59:39.189163Z,"{'#attributes': {'Qualifiers': 32768}, '#text': 6000}",DC01,Microsoft-Windows-Winlogon,Application,884,4,,,,,,D9060000,,,,,,,,,,,SessionEnv,,,,,,,,,,,,,,,,,,,,,,,,,,,,,,,,,,,,,,,,,,,,,,,,,,,,,,,,,,,,,,,,,,
2026-04-06T08:59:40.490549Z,"{'#attributes': {'Qualifiers': 0}, '#text': 260}",DC01,VMUpgradeHelper,Application,885,4,,,,,,,,,,,,,,,,,,,,,,,,,,,,,,,,,,,,,,,,,,,,,,,,,,,,,,,,,,,,,,,,,,,,,,,,,,,,,,,,,,,
2026-04-06T08:59:40.490983Z,"{'#attributes': {'Qualifiers': 0}, '#text': 272}",DC01,VMUpgradeHelper,Application,886,4,,,,,,,,,,,,,,,,,,,,,,,,,,,,,,,,,,,,,,,,,,,,,,,,,,,,,,,,,,,,,,,,,,,,,,,,,,,,,,,,,,,
2026-04-06T08:59:40.499741Z,"{'#attributes': {'Qualifiers': 0}, '#text': 108}",DC01,VMTools,Application,887,4,,,,,,,,,,,,,,,,,,,,,,,,,,,,,,,,,,,,,,,,,,,,,,,,,,,,,,,,,,,,,,,,,,,,,,,,,,,,,,,,,,,
2026-04-06T08:59:40.652609Z,"{'#attributes': {'Qualifiers': 16384}, '#text': 4111}",DC01,Microsoft-Windows-MSDTC,Application,888,4,,,,,,4D005300440054004300,,,,,,,,,,,,,,,,,,,,,,,,,,,,,,,,,,,,,,,,,,,,,,,,,,,,,,,,,,,,,,,,,,,,,,,,,,,,,
2026-04-06T08:59:40.647675Z,1532,DC01,Microsoft-Windows-User Profiles Service,Application,889,4,,,,,,,,,,,,,,,,,,,,,,,,,,,,,,,,,,,,,,,,,,,,,,,,,,,,,,,,,,,,,,,,,,,,,,,,,,,,,,,,,,,
2026-04-06T09:00:08.865189Z,5615,DC01.darkzero.htb,Microsoft-Windows-WMI,Application,890,4,,,,,,,,,,,,,,,,,,,,,,,,,,,,,,,,,,,,,,,,,,,,,,,,,,,,,,,,,,,,,,,,,,,,,,,,,,,,,,,,,,,
2026-04-06T09:00:10.115621Z,1531,DC01.darkzero.htb,Microsoft-Windows-User Profiles Service,Application,891,4,,,,,,,,,,,,,,,,,,,,,,,,,,,,,,,,,,,,,,,,,,,,,,,,,,,,,,,,,,,,,,,,,,,,,,,,,,,,,,,,,,,
2026-04-06T09:00:15.244056Z,5617,DC01.darkzero.htb,Microsoft-Windows-WMI,Application,892,4,,,,,,,,,,,,,,,,,,,,,,,,,,,,,,,,,,,,,,,,,,,,,,,,,,,,,,,,,,,,,,,,,,,,,,,,,,,,,,,,,,,
2026-04-06T09:00:18.554205Z,"{'#attributes': {'Qualifiers': 0}, '#text': 105}",DC01.darkzero.htb,VMTools,Application,893,4,,,,,,,,,,,,,,,,,,,,,,,,,,,,,,,,,,,,,,,,,,,,,,,,,,,,,,,,,,,,,,,,,,,,,,,,,,,,,,,,,,,
2026-04-06T09:00:25.600108Z,"{'#attributes': {'Qualifiers': 0}, '#text': 258}",DC01.darkzero.htb,VMUpgradeHelper,Application,894,4,,,,,,,,,,,,,,,,,,,,,,,,,,,,,,,,,,,,,,,,,,,,,,,,,,,,,,,,,,,,,,,,,,,,,,,,,,,,,,,,,,,
2026-04-06T09:00:25.602872Z,"{'#attributes': {'Qualifiers': 16384}, '#text': 781}",DC01.darkzero.htb,Microsoft-Windows-Complus,Application,895,4,,,,,,,,,,,,,,,,,,,,,,,,,,,,,,,,,,,,,,,,,,,,,,,,,,,,,,,,,,,,,,,,,,,,,,,,86400,,,,SuppressDuplicateDuration,Software\Microsoft\COM3\Eventlog,,,,,,
2026-04-06T09:00:25.820298Z,"{'#attributes': {'Qualifiers': 0}, '#text': 271}",DC01.darkzero.htb,VMUpgradeHelper,Application,896,4,,,,,,,,,,,,,,,,,,,,,,,,,,,,,,,,,,,,,,,,,,,,,,,,,,,,,,,,,,,,,,,,,,,,,,,,,,,,,,,,,,,
2026-04-06T09:00:28.653061Z,"{'#attributes': {'Qualifiers': 16384}, '#text': 4202}",DC01.darkzero.htb,Microsoft-Windows-MSDTC 2,Application,897,4,,,,,,,,,,,,,,,,,,,,,,,,,,,,,,,,,,,,,,,,,,,,,,,,,,,,,,,,,,,,,,,,,,,,,,,,0,0,0,1,0,0,0,0,0,1,Mutual Authentication Required,NT AUTHORITY\NetworkService
2026-04-06T09:00:35.888228Z,1000,DC01.darkzero.htb,Microsoft-Windows-LoadPerf,Application,898,4,,,,,,,,,,,,,,,,,,,,,,,,,,,,,,,,,,,,,,,,,,,,,,,,,,,,,,,,,,,,,,,,,,,,LoadPerf,084200004E420000,8,,ADWS,,,,Active Directory Web Services,,,,,,,
2026-04-06T09:00:46.254802Z,"{'#attributes': {'Qualifiers': 0}, '#text': 102}",DC01.darkzero.htb,ESENT,Application,899,4,,,,,,,,,,,,,,,,,,DFSRs,"2744,P,98,0",\\.\C:\System Volume Information\DFSR\database_5284_685_8406_6C33\dfsr.db: ,0,10,00,26100,0000,,,,,,,,,,,,,,,,,,,,,,,,,,,,,,,,,,,,,,,,,,,,,,,,,,,,,,,,,,
2026-04-06T09:00:46.384164Z,"{'#attributes': {'Qualifiers': 0}, '#text': 105}",DC01.darkzero.htb,ESENT,Application,900,4,,,,,,,,,,,,,,,,,,DFSRs,"2744,D,0,0",\\.\C:\System Volume Information\DFSR\database_5284_685_8406_6C33\dfsr.db: ,0,0.138,"
[1] 0.005402 +J(0) +M(C:0K, Fs:341, WS:1308K # 1308K, PF:6684K # 6676K, P:6684K)
[2] 0.000383 +J(0) +M(C:16K, Fs:108, WS:424K # 424K, PF:344K # 344K, P:344K)
[3] 0.000026 +J(0) +M(C:0K, Fs:2, WS:4K # 4K, PF:68K # 68K, P:68K)
[4] 0.000662 +J(0) +M(C:2032K, Fs:48, WS:116K # 136K, PF:2312K # 2312K, P:2312K)
[5] 0.001591 +J(0) +M(C:0K, Fs:24, WS:96K # 76K, PF:172K # 172K, P:172K)
[6] 0.001641 +J(0) +M(C:0K, Fs:13, WS:52K # 52K, PF:12K # 12K, P:12K)
[7] -
[8] -
[9] -
[10] -
[11] -
[12] -
[13] 0.120908 -0.107688 (22) WT +J(CM:0, PgRf:0, Rd:0/0, Dy:0/0, Lg:616/1) +M(C:0K, Fs:1492, WS:836K # 5932K, PF:88K # 5216K, P:88K)
[14] 0.000026 +J(0) +M(C:0K, Fs:1, WS:4K # 0K, PF:0K # 0K, P:0K)
[15] 0.000228 +J(0) +M(C:0K, Fs:65, WS:260K # 0K, PF:64K # 0K, P:64K)
[16] 0.006641 -0.000351 (3) WT +J(0) +M(C:0K, Fs:3, WS:4K # 0K, PF:0K # 0K, P:0K).","RBSOn = 0
",,,,,,,,,,,,,,,,,,,,,,,,,,,,,,,,,,,,,,,,,,,,,,,,,,,,,,,,,,,
2026-04-06T09:00:46.525477Z,"{'#attributes': {'Qualifiers': 0}, '#text': 325}",DC01.darkzero.htb,ESENT,Application,901,4,,,,,,,,,,,,,,,,,,DFSRs,"2744,D,35,0",\\.\C:\System Volume Information\DFSR\database_5284_685_8406_6C33\dfsr.db: ,1,\\.\C:\System Volume Information\DFSR\database_5284_685_8406_6C33\dfsr.db,0,"
[1] 0.000130 +J(0) +M(C:0K, Fs:3, WS:12K # 0K, PF:8K # 0K, P:8K)
[2] 0.112776 -0.001070 (1) WT +J(CM:0, PgRf:0, Rd:0/0, Dy:0/0, Lg:3480/2) +M(C:0K, Fs:2, WS:8K # 0K, PF:0K # 0K, P:0K)
[3] 0.005513 -0.000007 (3) WT +J(0) +M(C:0K, Fs:13, WS:40K # 0K, PF:24K # 0K, P:24K)
[4] 0.000858 +J(0) +M(C:0K, Fs:2, WS:8K # 0K, PF:0K # 0K, P:0K)
[5] 0.003508 -0.001664 (3) WT +J(CM:0, PgRf:3, Rd:0/0, Dy:3/6, Lg:122/4) +M(C:0K, Fs:67, WS:260K # 0K, PF:248K # 0K, P:248K)
[6] 0.004689 -0.001277 (2) WT +J(CM:0, PgRf:215, Rd:0/0, Dy:12/420, Lg:24454/461) +M(C:0K, Fs:84, WS:336K # 0K, PF:224K # 0K, P:224K)
[7] 0.001584 -0.000999 (3) WT +J(CM:0, PgRf:0, Rd:0/0, Dy:0/0, Lg:4096/3) +M(C:0K, Fs:6, WS:16K # 0K, PF:0K # 0K, P:0K)
[8] 0.000005 +J(0)
[9] 0.004150 -0.003057 (3) WT +J(0) +M(C:-52K, Fs:7, WS:-32K # 0K, PF:-48K # 0K, P:-48K)
[10] 0.005587 -0.002310 (7) WT +J(CM:0, PgRf:385, Rd:0/0, Dy:7/109, Lg:20701/156) +M(C:12K, Fs:58, WS:224K # 0K, PF:104K # 0K, P:104K)
[11] 0.000003 +J(0).",0 0,"lgposCreate = 00000001:0001:0268,
dbv = 1568.300.620 (9620)",,,,,,,,,,,,,,,,,,,,,,,,,,,,,,,,,,,,,,,,,,,,,,,,,,,,,,,,,
2026-04-06T09:01:16.385219Z,"{'#attributes': {'Qualifiers': 32768}, '#text': 6003}",DC01.darkzero.htb,Microsoft-Windows-Winlogon,Application,902,4,,,,,,D9060000,,,,,,,,,,,SessionEnv,,,,,,,,,,,,,,,,,,,,,,,,,,,,,,,,,,,,,,,,,,,,,,,,,,,,,,,,,,,,,,,,,,
2026-04-06T09:01:16.950285Z,"{'#attributes': {'Qualifiers': 32768}, '#text': 6000}",DC01.darkzero.htb,Microsoft-Windows-Winlogon,Application,903,4,,,,,,D9060000,,,,,,,,,,,SessionEnv,,,,,,,,,,,,,,,,,,,,,,,,,,,,,,,,,,,,,,,,,,,,,,,,,,,,,,,,,,,,,,,,,,
2026-04-06T09:02:28.505979Z,"{'#attributes': {'Qualifiers': 16384}, '#text': 900}",DC01.darkzero.htb,Microsoft-Windows-Security-SPP,Application,904,4,,,,,,,,,,,,,,,,,<explicit>,,,,,,,,,,,,,,,,,,,,,,,,,,,,,,,,,,,,,,,,,,,,,,,,,,,,,,,,,,,,,,,,,,
2026-04-06T09:02:29.527702Z,"{'#attributes': {'Qualifiers': 49152}, '#text': 16394}",DC01.darkzero.htb,Microsoft-Windows-Security-SPP,Application,905,4,,,,,,,,,,,,,,,,,,,,,,,,,,,,,,,,,,,,,,,,,,,,,,,,,,,,,,,,,,,,,,,,,,,,,,,,,,,,,,,,,,,
2026-04-06T09:02:30.327990Z,"{'#attributes': {'Qualifiers': 16384}, '#text': 1066}",DC01.darkzero.htb,Microsoft-Windows-Security-SPP,Application,906,4,,,,,,,,,,,,,,,,,"C:\WINDOWS\system32\sppwinob.dll, msft:spp/windowsfunctionality/agent/7.0, 0x00000000, 0x00000000
C:\WINDOWS\system32\sppobjs.dll, msft:rm/algorithm/inherited/1.0, 0x00000000, 0x00000000
C:\WINDOWS\system32\sppobjs.dll, msft:rm/algorithm/phone/1.0, 0x00000000, 0x00000000
C:\WINDOWS\system32\sppobjs.dll, msft:rm/algorithm/pkey/detect, 0x00000000, 0x00000000
C:\WINDOWS\system32\sppobjs.dll, msft:spp/ActionScheduler/1.0, 0x00000000, 0x00000000
C:\WINDOWS\system32\sppobjs.dll, msft:spp/TaskScheduler/1.0, 0x00000000, 0x00000000
C:\WINDOWS\system32\sppobjs.dll, msft:spp/statecollector/pkey, 0x00000000, 0x00000000
C:\WINDOWS\system32\sppobjs.dll, msft:spp/volume/services/kms/1.0, 0x00000000, 0x00000000
C:\WINDOWS\system32\sppobjs.dll, msft:spp/volume/services/kms/activationinfo/1.0, 0x00000000, 0x00000000
",,,,,,,,,,,,,,,,,,,,,,,,,,,,,,,,,,,,,,,,,,,,,,,,,,,,,,,,,,,,,,,,,,
2026-04-06T09:02:31.521404Z,"{'#attributes': {'Qualifiers': 16384}, '#text': 16389}",DC01.darkzero.htb,Microsoft-Windows-Security-SPP,Application,907,4,,,,,,,,,,,,,,,,,0xC004D30B,,,,,,,,,,,,,,,,,,,,,,,,,,,,,,,,,,,,,,,,,,,,,,,,,,,,,,,,,,,,,,,,,,
2026-04-06T09:02:32.503973Z,"{'#attributes': {'Qualifiers': 16384}, '#text': 1034}",DC01.darkzero.htb,Microsoft-Windows-Security-SPP,Application,908,4,,,,,,,,,,,,,,,,,,AAD-AddDeviceJoinUserToAdminGroup-Policy,100,,,,,,,,,,,,,,,,,,,,,,,,,,,,,,,,,,,,,,,,,,,,,,,,,,,,,,,,,,,,,,,,
2026-04-06T09:02:32.505054Z,"{'#attributes': {'Qualifiers': 16384}, '#text': 1034}",DC01.darkzero.htb,Microsoft-Windows-Security-SPP,Application,909,4,,,,,,,,,,,,,,,,,,Security-SPP-WriteWauMarker,500,,,,,,,,,,,,,,,,,,,,,,,,,,,,,,,,,,,,,,,,,,,,,,,,,,,,,,,,,,,,,,,,
2026-04-06T09:02:32.507010Z,"{'#attributes': {'Qualifiers': 16384}, '#text': 1033}",DC01.darkzero.htb,Microsoft-Windows-Security-SPP,Application,910,4,,,,,,,,,,,,,,,,,,(Security-SPP-Reserved-EnableNotificationMode) ,55c92734-d682-4d71-983e-d6ec3f16059f,10d661ba-f2e3-445c-8e92-200e1e05e9e1,,,,,,,,,,,,,,,,,,,,,,,,,,,,,,,,,,,,,,,,,,,,,,,,,,,,,,,,,,,,,,,
2026-04-06T09:02:32.821291Z,"{'#attributes': {'Qualifiers': 16384}, '#text': 1003}",DC01.darkzero.htb,Microsoft-Windows-Security-SPP,Application,911,4,,,,,,,,,,,,,,,,,,55c92734-d682-4d71-983e-d6ec3f16059f,"
1: 0b646350-5349-4013-b1be-4100d1a7fa38, 1, 0 [(0 [0xC004F014, 0, 0], [(?)(?)(?)(?)(?)(?)(?)(?)])(1 )(2 )(3 )]
2: 10d661ba-f2e3-445c-8e92-200e1e05e9e1, 1, 0 [(0 [0x00000000, 1, 0], [(?)( 1 0x00000000)(?)( 2 0x00000000 0 0 msft:rm/algorithm/hwid/4.0 0x00000000 0)(?)(?)( 10 0x00000000 msft:rm/algorithm/flags/1.0)(?)])(1 )(2 )(3 )]
3: 2033816d-9d16-44bb-8f08-412ff45f38bf, 1, 0 [(0 [0xC004F014, 0, 0], [(?)(?)(?)(?)(?)(?)(?)(?)])(1 )(2 )(3 )]
4: 653ae55c-1d53-427b-be51-15bc1841fca7, 1, 0 [(0 [0xC004F014, 0, 0], [(?)(?)(?)(?)(?)(?)(?)(?)])(1 )(2 )(3 )]
5: 66c20db7-ff1e-4f87-a915-4e03715da35f, 1, 0 [(0 [0xC004F014, 0, 0], [(?)(?)(?)(?)(?)(?)(?)(?)])(1 )(2 )(3 )]
6: 6bad0243-1c35-46b2-b8e6-7a853e37413f, 1, 0 [(0 [0xC004F014, 0, 0], [(?)(?)(?)(?)(?)(?)(?)(?)])(1 )(2 )(3 )]
7: 82fcf64d-f9dd-4411-9c79-f2eed16d4eb8, 1, 0 [(0 [0xC004F014, 0, 0], [(?)(?)(?)(?)(?)(?)(?)(?)])(1 )(2 )(3 )]
8: 84e331f6-4279-48c4-ab10-b75139181351, 1, 0 [(0 [0xC004F014, 0, 0], [(?)(?)(?)(?)(?)(?)(?)(?)])(1 )(2 )(3 )]
9: 9e232465-2ade-4a33-a277-702010a84adb, 1, 0 [(0 [0xC004F014, 0, 0], [(?)(?)(?)(?)(?)(?)(?)(?)])(1 )(2 )(3 )]
10: a1da5f8f-7553-42c5-b0b4-6f27c4d74240, 1, 0 [(0 [0xC004F014, 0, 0], [(?)(?)(?)(?)(?)(?)(?)(?)])(1 )(2 )(3 )]
11: a2004bef-6ff1-48f9-8328-41ce1cd5ee79, 1, 0 [(0 [0xC004F014, 0, 0], [(?)(?)(?)(?)(?)(?)(?)(?)])(1 )(2 )(3 )]
12: c052f164-cdf6-409a-a0cb-853ba0f0f55a, 1, 0 [(0 [0xC004F014, 0, 0], [(?)(?)(?)(?)(?)(?)(?)(?)])(1 )(2 )(3 )]
13: e5b79126-7250-4d27-ad42-0eeb23db5771, 1, 0 [(0 [0xC004F014, 0, 0], [(?)(?)(?)(?)(?)(?)(?)(?)])(1 )(2 )(3 )]
14: f15a5790-90b7-4674-8fd4-e187ba426ad2, 1, 0 [(0 [0xC004F014, 0, 0], [(?)(?)(?)(?)(?)(?)(?)(?)])(1 )(2 )(3 )]

",,,,,,,,,,,,,,,,,,,,,,,,,,,,,,,,,,,,,,,,,,,,,,,,,,,,,,,,,,,,,,,,
2026-04-06T09:02:32.823763Z,"{'#attributes': {'Qualifiers': 49152}, '#text': 20492}",DC01.darkzero.htb,Microsoft-Windows-Security-SPP,Application,912,4,,,,,,,,,,,,,,,,,0xC004D30B,,,,,,,,,,,,,,,,,,,,,,,,,,,,,,,,,,,,,,,,,,,,,,,,,,,,,,,,,,,,,,,,,,
2026-04-06T09:02:32.852481Z,"{'#attributes': {'Qualifiers': 49152}, '#text': 16398}",DC01.darkzero.htb,Microsoft-Windows-Security-SPP,Application,913,2,,,,,,,,,,,,,,,,,,0x80070490,No grace timer found,,,,,,,,,,,,,,,,,,,,,,,,,,,,,,,,,,,,,,,,,,,,,,,,,,,,,,,,,,,,,,,,
2026-04-06T09:02:32.883408Z,"{'#attributes': {'Qualifiers': 16384}, '#text': 902}",DC01.darkzero.htb,Microsoft-Windows-Security-SPP,Application,914,0,,,,,,,,,,,,,,,,,10.0.26100.32522,,,,,,,,,,,,,,,,,,,,,,,,,,,,,,,,,,,,,,,,,,,,,,,,,,,,,,,,,,,,,,,,,,
2026-04-06T09:03:02.925954Z,"{'#attributes': {'Qualifiers': 16384}, '#text': 16384}",DC01.darkzero.htb,Microsoft-Windows-Security-SPP,Application,915,4,,,,,,,,,,,,,,,,,,2126-03-13T09:03:02Z,RulesEngine,,,,,,,,,,,,,,,,,,,,,,,,,,,,,,,,,,,,,,,,,,,,,,,,,,,,,,,,,,,,,,,,
2026-04-06T09:03:02.937575Z,"{'#attributes': {'Qualifiers': 16384}, '#text': 903}",DC01.darkzero.htb,Microsoft-Windows-Security-SPP,Application,916,0,,,,,,,,,,,,,,,,,,,,,,,,,,,,,,,,,,,,,,,,,,,,,,,,,,,,,,,,,,,,,,,,,,,,,,,,,,,,,,,,,,,
2026-04-06T09:03:31.625130Z,"{'#attributes': {'Qualifiers': 0}, '#text': 8224}",DC01.darkzero.htb,VSS,Application,917,4,,,,,,2D20436F64653A2020434F525356434330303030303737322D2043616C6C3A2020434F525356434330303030303735342D205049443A202030303030343534302D205449443A202030303030343631362D20434D443A2020433A5C57494E444F57535C73797374656D33325C76737376632E6578652020202D20557365723A204E616D653A204E5420415554484F524954595C53595354454D2C205349443A532D312D352D313820,,,,,,,,,,,,,,,,,,,,,,,,,,,,,,,,,,,,,,,,,,,,,,,,,,,,,,,,,,,,,,,,,,,,,,,,,,,,,
2026-04-06T09:04:46.259976Z,1001,DC01.darkzero.htb,Microsoft-Windows-LoadPerf,Application,918,4,,,,,,,,,,,,,,,,,,,,,,,,,,,,,,,,,,,,,,,,,,,,,,,,,,,,,,,,,,,,,,,,,,,,LoadPerf,6E420000C4020000,8,,WmiApRpl,,,,WmiApRpl,,,,,,,
2026-04-06T09:04:46.349591Z,1000,DC01.darkzero.htb,Microsoft-Windows-LoadPerf,Application,919,4,,,,,,,,,,,,,,,,,,,,,,,,,,,,,,,,,,,,,,,,,,,,,,,,,,,,,,,,,,,,,,,,,,,,LoadPerf,7042000040430000,8,,WmiApRpl,,,,WmiApRpl,,,,,,,
2026-04-06T09:05:53.024118Z,"{'#attributes': {'Qualifiers': 16384}, '#text': 1704}",DC01.darkzero.htb,SceCli,Application,920,4,,,,,,,,,,,,,,,,,,,,,,,,,,,,,,,,,,,,,,,,,,,,,,,,,,,,,,,,,,,,,,,,,,,,,,,,,,,,,,,,,,,
2026-04-06T09:06:15.347952Z,"{'#attributes': {'Qualifiers': 0}, '#text': 102}",DC01.darkzero.htb,ESENT,Application,921,4,,,,,,,,,,,,,,,,,,certsrv.exe,"4060,P,98,0",,0,10,00,26100,0000,,,,,,,,,,,,,,,,,,,,,,,,,,,,,,,,,,,,,,,,,,,,,,,,,,,,,,,,,,
2026-04-06T09:06:15.370703Z,"{'#attributes': {'Qualifiers': 0}, '#text': 105}",DC01.darkzero.htb,ESENT,Application,922,4,,,,,,,,,,,,,,,,,,certsrv.exe,"4060,D,0,0",,0,0.026,"
[1] 0.000974 +J(0) +M(C:0K, Fs:129, WS:500K # 500K, PF:2492K # 2216K, P:2492K)
[2] 0.000572 +J(0) +M(C:3200K, Fs:196, WS:768K # 768K, PF:4160K # 4160K, P:4160K)
[3] 0.000014 +J(0) +M(C:0K, Fs:2, WS:8K # 8K, PF:64K # 64K, P:64K)
[4] 0.000201 +J(0) +M(C:0K, Fs:61, WS:244K # 244K, PF:500K # 500K, P:500K)
[5] 0.000793 +J(0) +M(C:0K, Fs:10, WS:40K # 40K, PF:20K # 20K, P:20K)
[6] 0.002458 +J(0) +M(C:0K, Fs:26, WS:100K # 100K, PF:16K # 16K, P:16K)
[7] -
[8] -
[9] -
[10] -
[11] -
[12] -
[13] 0.016244 -0.002411 (6) WT +J(CM:0, PgRf:0, Rd:0/0, Dy:0/0, Lg:616/1) +M(C:0K, Fs:448, WS:768K # 1768K, PF:16K # 1036K, P:16K)
[14] 0.000026 +J(0) +M(C:0K, Fs:1, WS:4K # 0K, PF:0K # 0K, P:0K)
[15] 0.000235 +J(0) +M(C:0K, Fs:101, WS:404K # 0K, PF:64K # 0K, P:64K)
[16] 0.004932 -0.000407 (3) WT +J(0) +M(C:0K, Fs:3, WS:4K # 0K, PF:0K # 0K, P:0K).","RBSOn = 0
",,,,,,,,,,,,,,,,,,,,,,,,,,,,,,,,,,,,,,,,,,,,,,,,,,,,,,,,,,,
2026-04-06T09:06:15.398535Z,"{'#attributes': {'Qualifiers': 0}, '#text': 325}",DC01.darkzero.htb,ESENT,Application,923,4,,,,,,,,,,,,,,,,,,certsrv.exe,"4060,D,35,0",,1,C:\WINDOWS\system32\CertLog\darkzero-DC01-CA.edb,0,"
[1] 0.000132 +J(0) +M(C:0K, Fs:2, WS:8K # 0K, PF:4K # 0K, P:4K)
[2] 0.002315 -0.000910 (1) WT +J(CM:0, PgRf:0, Rd:0/0, Dy:0/0, Lg:3480/2) +M(C:0K, Fs:2, WS:8K # 0K, PF:0K # 0K, P:0K)
[3] 0.004810 -0.000003 (3) WT +J(0) +M(C:0K, Fs:11, WS:40K # 0K, PF:20K # 0K, P:20K)
[4] 0.001791 +J(0) +M(C:0K, Fs:2, WS:8K # 0K, PF:0K # 0K, P:0K)
[5] 0.002422 -0.001325 (3) WT +J(CM:0, PgRf:3, Rd:0/0, Dy:3/6, Lg:122/4) +M(C:0K, Fs:62, WS:244K # 0K, PF:244K # 0K, P:244K)
[6] 0.003291 -0.000845 (2) WT +J(CM:0, PgRf:259, Rd:0/0, Dy:16/440, Lg:28550/479) +M(C:0K, Fs:116, WS:464K # 308K, PF:504K # 0K, P:504K)
[7] 0.001963 -0.000961 (3) WT +J(CM:0, PgRf:0, Rd:0/0, Dy:0/0, Lg:4096/3) +M(C:0K, Fs:5, WS:16K # 16K, PF:0K # 0K, P:0K)
[8] 0.000004 +J(0)
[9] 0.003419 -0.002678 (3) WT +J(0) +M(C:0K, Fs:5, WS:16K # 16K, PF:0K # 0K, P:0K)
[10] 0.006215 -0.003060 (7) WT +J(CM:0, PgRf:428, Rd:0/0, Dy:7/109, Lg:20701/156) +M(C:0K, Fs:45, WS:176K # 180K, PF:24K # 0K, P:24K)
[11] 0.000003 +J(0).",0 0,"lgposCreate = 00000001:0001:0268,
dbv = 1568.300.620 (9620)",,,,,,,,,,,,,,,,,,,,,,,,,,,,,,,,,,,,,,,,,,,,,,,,,,,,,,,,,
2026-04-06T09:06:15.597952Z,103,DC01.darkzero.htb,Microsoft-Windows-CertificationAuthority,Application,924,3,,,,,,,,,0,,,,,,,,,,,,,,,,,,,,,,,,,,,"ldap:///CN=darkzero-DC01-CA,CN=Certification Authorities,CN=Public Key Services,CN=Services,CN=Configuration,DC=darkzero,DC=htb?cACertificate?base?objectClass=certificationAuthority",,,,,,,,,,,,,,,,,,,,,,,,,,,,,,,MSG_E_MISSING_POLICY_ROOT,,,,,,,,,,,,,,,,
2026-04-06T09:06:16.837381Z,26,DC01.darkzero.htb,Microsoft-Windows-CertificationAuthority,Application,925,4,,,,,,,,,,darkzero-DC01-CA,,,,,DC01.darkzero.htb,  DC=,,,,,,,,,,,,,,,,,,,,,,,,,,,,,,,,,,,,,,,,,,,,,,,,,,,MSG_I_SERVER_STARTED,,,,,,,,,,,,,,,,
2026-04-06T09:08:56.471070Z,"{'#attributes': {'Qualifiers': 49152}, '#text': 16394}",DC01.darkzero.htb,Microsoft-Windows-Security-SPP,Application,926,4,,,,,,,,,,,,,,,,,,,,,,,,,,,,,,,,,,,,,,,,,,,,,,,,,,,,,,,,,,,,,,,,,,,,,,,,,,,,,,,,,,,
2026-04-06T09:08:56.826703Z,"{'#attributes': {'Qualifiers': 16384}, '#text': 16389}",DC01.darkzero.htb,Microsoft-Windows-Security-SPP,Application,927,4,,,,,,,,,,,,,,,,,0xC004D30B,,,,,,,,,,,,,,,,,,,,,,,,,,,,,,,,,,,,,,,,,,,,,,,,,,,,,,,,,,,,,,,,,,
2026-04-06T09:08:57.180781Z,"{'#attributes': {'Qualifiers': 16384}, '#text': 1034}",DC01.darkzero.htb,Microsoft-Windows-Security-SPP,Application,928,4,,,,,,,,,,,,,,,,,,AAD-AddDeviceJoinUserToAdminGroup-Policy,100,,,,,,,,,,,,,,,,,,,,,,,,,,,,,,,,,,,,,,,,,,,,,,,,,,,,,,,,,,,,,,,,
2026-04-06T09:08:57.181888Z,"{'#attributes': {'Qualifiers': 16384}, '#text': 1034}",DC01.darkzero.htb,Microsoft-Windows-Security-SPP,Application,929,4,,,,,,,,,,,,,,,,,,Security-SPP-WriteWauMarker,500,,,,,,,,,,,,,,,,,,,,,,,,,,,,,,,,,,,,,,,,,,,,,,,,,,,,,,,,,,,,,,,,
2026-04-06T09:08:57.183756Z,"{'#attributes': {'Qualifiers': 16384}, '#text': 1033}",DC01.darkzero.htb,Microsoft-Windows-Security-SPP,Application,930,4,,,,,,,,,,,,,,,,,,(Security-SPP-Reserved-EnableNotificationMode) ,55c92734-d682-4d71-983e-d6ec3f16059f,10d661ba-f2e3-445c-8e92-200e1e05e9e1,,,,,,,,,,,,,,,,,,,,,,,,,,,,,,,,,,,,,,,,,,,,,,,,,,,,,,,,,,,,,,,
2026-04-06T09:09:27.285919Z,"{'#attributes': {'Qualifiers': 16384}, '#text': 16384}",DC01.darkzero.htb,Microsoft-Windows-Security-SPP,Application,931,4,,,,,,,,,,,,,,,,,,2126-03-13T09:09:27Z,RulesEngine,,,,,,,,,,,,,,,,,,,,,,,,,,,,,,,,,,,,,,,,,,,,,,,,,,,,,,,,,,,,,,,,
2026-04-06T09:10:54.081657Z,"{'#attributes': {'Qualifiers': 16384}, '#text': 1704}",DC01.darkzero.htb,SceCli,Application,932,4,,,,,,,,,,,,,,,,,,,,,,,,,,,,,,,,,,,,,,,,,,,,,,,,,,,,,,,,,,,,,,,,,,,,,,,,,,,,,,,,,,,
2026-04-06T09:18:08.282031Z,"{'#attributes': {'Qualifiers': 49152}, '#text': 16394}",DC01.darkzero.htb,Microsoft-Windows-Security-SPP,Application,933,4,,,,,,,,,,,,,,,,,,,,,,,,,,,,,,,,,,,,,,,,,,,,,,,,,,,,,,,,,,,,,,,,,,,,,,,,,,,,,,,,,,,
2026-04-06T09:18:08.372877Z,"{'#attributes': {'Qualifiers': 16384}, '#text': 16389}",DC01.darkzero.htb,Microsoft-Windows-Security-SPP,Application,934,4,,,,,,,,,,,,,,,,,0xC004D30B,,,,,,,,,,,,,,,,,,,,,,,,,,,,,,,,,,,,,,,,,,,,,,,,,,,,,,,,,,,,,,,,,,
2026-04-06T09:18:38.543097Z,"{'#attributes': {'Qualifiers': 16384}, '#text': 16384}",DC01.darkzero.htb,Microsoft-Windows-Security-SPP,Application,935,4,,,,,,,,,,,,,,,,,,2126-03-13T09:18:38Z,RulesEngine,,,,,,,,,,,,,,,,,,,,,,,,,,,,,,,,,,,,,,,,,,,,,,,,,,,,,,,,,,,,,,,,
2026-04-06T09:19:56.776733Z,1001,DC01.darkzero.htb,Microsoft-Windows-LoadPerf,Application,936,4,,,,,,,,,,,,,,,,,,,,,,,,,,,,,,,,,,,,,,,,,,,,,,,,,,,,,,,,,,,,,,,,,,,,LoadPerf,6E420000C4020000,8,,WmiApRpl,,,,WmiApRpl,,,,,,,
2026-04-06T09:19:56.864148Z,1000,DC01.darkzero.htb,Microsoft-Windows-LoadPerf,Application,937,4,,,,,,,,,,,,,,,,,,,,,,,,,,,,,,,,,,,,,,,,,,,,,,,,,,,,,,,,,,,,,,,,,,,,LoadPerf,7042000040430000,8,,WmiApRpl,,,,WmiApRpl,,,,,,,
2026-04-06T09:40:43.200675Z,"{'#attributes': {'Qualifiers': 32768}, '#text': 6000}",DC01.darkzero.htb,Microsoft-Windows-Winlogon,Application,938,4,,,,,,D9060000,,,,,,,,,,,SessionEnv,,,,,,,,,,,,,,,,,,,,,,,,,,,,,,,,,,,,,,,,,,,,,,,,,,,,,,,,,,,,,,,,,,
2026-04-06T09:40:43.425422Z,"{'#attributes': {'Qualifiers': 0}, '#text': 260}",DC01.darkzero.htb,VMUpgradeHelper,Application,939,4,,,,,,,,,,,,,,,,,,,,,,,,,,,,,,,,,,,,,,,,,,,,,,,,,,,,,,,,,,,,,,,,,,,,,,,,,,,,,,,,,,,
2026-04-06T09:40:43.425794Z,"{'#attributes': {'Qualifiers': 0}, '#text': 272}",DC01.darkzero.htb,VMUpgradeHelper,Application,940,4,,,,,,,,,,,,,,,,,,,,,,,,,,,,,,,,,,,,,,,,,,,,,,,,,,,,,,,,,,,,,,,,,,,,,,,,,,,,,,,,,,,
2026-04-06T09:40:43.434122Z,"{'#attributes': {'Qualifiers': 0}, '#text': 108}",DC01.darkzero.htb,VMTools,Application,941,4,,,,,,,,,,,,,,,,,,,,,,,,,,,,,,,,,,,,,,,,,,,,,,,,,,,,,,,,,,,,,,,,,,,,,,,,,,,,,,,,,,,
2026-04-06T09:40:43.699414Z,1532,DC01.darkzero.htb,Microsoft-Windows-User Profiles Service,Application,942,4,,,,,,,,,,,,,,,,,,,,,,,,,,,,,,,,,,,,,,,,,,,,,,,,,,,,,,,,,,,,,,,,,,,,,,,,,,,,,,,,,,,
2026-04-06T09:40:43.925369Z,38,DC01.darkzero.htb,Microsoft-Windows-CertificationAuthority,Application,943,4,,,,,,,,,,darkzero-DC01-CA,,,,,,,,,,,,,,,,,,,,,,,,,,,,,,,,,,,,,,,,,,,,,,,,,,,,,,,,,MSG_I_SERVER_STOPPED,,,,,,,,,,,,,,,,
2026-04-06T09:45:32.071602Z,5615,DC01.darkzero.htb,Microsoft-Windows-WMI,Application,944,4,,,,,,,,,,,,,,,,,,,,,,,,,,,,,,,,,,,,,,,,,,,,,,,,,,,,,,,,,,,,,,,,,,,,,,,,,,,,,,,,,,,
2026-04-06T09:45:33.263151Z,1531,DC01.darkzero.htb,Microsoft-Windows-User Profiles Service,Application,945,4,,,,,,,,,,,,,,,,,,,,,,,,,,,,,,,,,,,,,,,,,,,,,,,,,,,,,,,,,,,,,,,,,,,,,,,,,,,,,,,,,,,
2026-04-06T09:45:37.063379Z,5617,DC01.darkzero.htb,Microsoft-Windows-WMI,Application,946,4,,,,,,,,,,,,,,,,,,,,,,,,,,,,,,,,,,,,,,,,,,,,,,,,,,,,,,,,,,,,,,,,,,,,,,,,,,,,,,,,,,,
2026-04-06T09:45:41.672809Z,"{'#attributes': {'Qualifiers': 0}, '#text': 105}",DC01.darkzero.htb,VMTools,Application,947,4,,,,,,,,,,,,,,,,,,,,,,,,,,,,,,,,,,,,,,,,,,,,,,,,,,,,,,,,,,,,,,,,,,,,,,,,,,,,,,,,,,,
2026-04-06T09:45:45.198641Z,"{'#attributes': {'Qualifiers': 16384}, '#text': 781}",DC01.darkzero.htb,Microsoft-Windows-Complus,Application,948,4,,,,,,,,,,,,,,,,,,,,,,,,,,,,,,,,,,,,,,,,,,,,,,,,,,,,,,,,,,,,,,,,,,,,,,,,86400,,,,SuppressDuplicateDuration,Software\Microsoft\COM3\Eventlog,,,,,,
2026-04-06T09:45:46.254521Z,"{'#attributes': {'Qualifiers': 0}, '#text': 258}",DC01.darkzero.htb,VMUpgradeHelper,Application,949,4,,,,,,,,,,,,,,,,,,,,,,,,,,,,,,,,,,,,,,,,,,,,,,,,,,,,,,,,,,,,,,,,,,,,,,,,,,,,,,,,,,,
2026-04-06T09:45:47.669449Z,"{'#attributes': {'Qualifiers': 0}, '#text': 271}",DC01.darkzero.htb,VMUpgradeHelper,Application,950,4,,,,,,,,,,,,,,,,,,,,,,,,,,,,,,,,,,,,,,,,,,,,,,,,,,,,,,,,,,,,,,,,,,,,,,,,,,,,,,,,,,,
2026-04-06T09:45:48.344769Z,"{'#attributes': {'Qualifiers': 16384}, '#text': 4202}",DC01.darkzero.htb,Microsoft-Windows-MSDTC 2,Application,951,4,,,,,,,,,,,,,,,,,,,,,,,,,,,,,,,,,,,,,,,,,,,,,,,,,,,,,,,,,,,,,,,,,,,,,,,,0,0,0,1,0,0,0,0,0,1,Mutual Authentication Required,NT AUTHORITY\NetworkService
2026-04-06T09:45:54.977885Z,"{'#attributes': {'Qualifiers': 0}, '#text': 102}",DC01.darkzero.htb,ESENT,Application,952,4,,,,,,,,,,,,,,,,,,DFSRs,"3044,P,98,0",\\.\C:\System Volume Information\DFSR\database_5284_685_8406_6C33\dfsr.db: ,0,10,00,26100,0000,,,,,,,,,,,,,,,,,,,,,,,,,,,,,,,,,,,,,,,,,,,,,,,,,,,,,,,,,,
2026-04-06T09:45:55.003861Z,"{'#attributes': {'Qualifiers': 0}, '#text': 105}",DC01.darkzero.htb,ESENT,Application,953,4,,,,,,,,,,,,,,,,,,DFSRs,"3044,D,0,0",\\.\C:\System Volume Information\DFSR\database_5284_685_8406_6C33\dfsr.db: ,0,0.102,"
[1] 0.073980 +J(0) +M(C:0K, Fs:316, WS:1232K # 1232K, PF:6664K # 6656K, P:6664K)
[2] 0.000304 +J(0) +M(C:16K, Fs:106, WS:416K # 416K, PF:332K # 332K, P:332K)
[3] 0.000021 +J(0) +M(C:0K, Fs:1, WS:4K # 4K, PF:64K # 64K, P:64K)
[4] 0.000329 +J(0) +M(C:2032K, Fs:46, WS:176K # 176K, PF:2440K # 2440K, P:2440K)
[5] 0.001116 +J(0) +M(C:0K, Fs:13, WS:52K # 52K, PF:20K # 20K, P:20K)
[6] 0.001418 +J(0) +M(C:0K, Fs:20, WS:80K # 80K, PF:12K # 12K, P:12K)
[7] 0.013174 -0.010180 (11) WT +J(0) +M(C:0K, Fs:1306, WS:5216K # 5216K, PF:5128K # 5128K, P:5128K)
[8] -
[9] -
[10] -
[11] -
[12] -
[13] 0.010769 -0.007421 (12) WT +J(CM:0, PgRf:0, Rd:0/0, Dy:0/0, Lg:616/1) +M(C:0K, Fs:12, WS:-5084K # 16K, PF:-5124K # 12K, P:-5124K)
[14] 0.000025 +J(0) +M(C:0K, Fs:1, WS:4K # 0K, PF:0K # 0K, P:0K)
[15] 0.000108 +J(0) +M(C:0K, Fs:65, WS:260K # 0K, PF:64K # 0K, P:64K)
[16] 0.000539 -0.000293 (1) WT +J(0) +M(C:0K, Fs:2, WS:0K # 0K, PF:0K # 0K, P:0K).","RBSOn = 0
",,,,,,,,,,,,,,,,,,,,,,,,,,,,,,,,,,,,,,,,,,,,,,,,,,,,,,,,,,,
2026-04-06T09:45:55.019280Z,"{'#attributes': {'Qualifiers': 0}, '#text': 326}",DC01.darkzero.htb,ESENT,Application,954,4,,,,,,,,,,,,,,,,,,DFSRs,"3044,D,50,0",\\.\C:\System Volume Information\DFSR\database_5284_685_8406_6C33\dfsr.db: ,1,\\.\C:\System Volume Information\DFSR\database_5284_685_8406_6C33\dfsr.db,0,"
[1] 0.000005 +J(0) +M(C:0K, Fs:1, WS:4K # 0K, PF:0K # 0K, P:0K)
[2] 0.001379 -0.001046 (1) WT +J(0) +M(C:0K, Fs:22, WS:24K # 0K, PF:8K # 0K, P:8K)
[3] 0.007654 -0.004015 (6) WT +J(CM:0, PgRf:0, Rd:0/0, Dy:0/0, Lg:3480/2) +M(C:0K, Fs:35, WS:128K # 0K, PF:120K # 0K, P:120K)
[4] 0.000480 +J(0) +M(C:0K, Fs:1, WS:4K # 0K, PF:0K # 0K, P:0K)
[5] -
[6] 0.000912 -0.000711 (2) CM -0.000638 (2) WT +J(CM:2, PgRf:2, Rd:0/2, Dy:0/0, Lg:0/0) +M(C:-8K, Fs:44, WS:168K # 0K, PF:124K # 0K, P:124K)
[7] 0.000003 +J(0)
[8] 0.000959 -0.000682 (1) CM -0.000663 (1) WT +J(CM:1, PgRf:1, Rd:14/0, Dy:0/0, Lg:0/0) +M(C:-4K, Fs:51, WS:200K # 0K, PF:192K # 0K, P:192K)
[9] -
[10] -
[11] -
[12] 0.000014 +J(CM:0, PgRf:0, Rd:0/0, Dy:0/0, Lg:54/1) +M(C:0K, Fs:2, WS:8K # 0K, PF:20K # 0K, P:20K)
[13] 0.001078 -0.000890 (1) CM -0.000838 (1) WT +J(CM:1, PgRf:23, Rd:0/1, Dy:0/0, Lg:0/0) +M(C:-8K, Fs:21, WS:76K # 0K, PF:0K # 0K, P:0K)
[14] 0.000469 -0.000334 (1) CM -0.000297 (1) WT +J(CM:1, PgRf:40, Rd:0/1, Dy:0/0, Lg:0/0) +M(C:-4K, Fs:6, WS:20K # 0K, PF:60K # 0K, P:60K)
[15] 0.000009 +J(CM:0, PgRf:1, Rd:0/0, Dy:0/0, Lg:0/0)
[16] 0.000012 +J(CM:0, PgRf:1, Rd:0/0, Dy:0/0, Lg:0/0) +M(C:0K, Fs:1, WS:4K # 0K, PF:0K # 0K, P:0K)
[17] 0.000037 +J(CM:0, PgRf:36, Rd:0/0, Dy:0/0, Lg:0/0)
[18] 0.0 +J(0)
[19] 0.0 +J(0)
[20] 0.001275 +J(CM:0, PgRf:3, Rd:0/0, Dy:0/0, Lg:0/0) +M(C:0K, Fs:3, WS:12K # 0K, PF:0K # 0K, P:0K).",0 0,"lgposAttach = 00000001:0088:0268,
dbv = 1568.300.620 (9620)",,,,,,,,,,,,,,,,,,,,,,,,,,,,,,,,,,,,,,,,,,,,,,,,,,,,,,,,,
2026-04-06T09:46:10.437450Z,"{'#attributes': {'Qualifiers': 0}, '#text': 102}",DC01.darkzero.htb,ESENT,Application,955,4,,,,,,,,,,,,,,,,,,certsrv.exe,"2976,P,98,0",,0,10,00,26100,0000,,,,,,,,,,,,,,,,,,,,,,,,,,,,,,,,,,,,,,,,,,,,,,,,,,,,,,,,,,
2026-04-06T09:46:10.456837Z,"{'#attributes': {'Qualifiers': 0}, '#text': 105}",DC01.darkzero.htb,ESENT,Application,956,4,,,,,,,,,,,,,,,,,,certsrv.exe,"2976,D,0,0",,0,0.023,"
[1] 0.001208 +J(0) +M(C:0K, Fs:128, WS:496K # 496K, PF:2492K # 2216K, P:2492K)
[2] 0.000728 +J(0) +M(C:3200K, Fs:235, WS:924K # 924K, PF:4180K # 4180K, P:4180K)
[3] 0.000026 +J(0) +M(C:0K, Fs:2, WS:4K # 4K, PF:68K # 68K, P:68K)
[4] 0.000202 +J(0) +M(C:0K, Fs:28, WS:112K # 112K, PF:508K # 508K, P:508K)
[5] 0.000662 +J(0) +M(C:0K, Fs:11, WS:44K # 44K, PF:32K # 32K, P:32K)
[6] 0.004065 +J(0) +M(C:0K, Fs:33, WS:128K # 128K, PF:12K # 12K, P:12K)
[7] 0.006532 -0.004749 (3) WT +J(0) +M(C:0K, Fs:280, WS:1120K # 1120K, PF:1024K # 1024K, P:1024K)
[8] -
[9] -
[10] -
[11] -
[12] -
[13] 0.008147 -0.003715 (4) WT +J(CM:0, PgRf:0, Rd:0/0, Dy:0/0, Lg:616/1) +M(C:0K, Fs:14, WS:-980K # 24K, PF:-1020K # 12K, P:-1020K)
[14] 0.000023 +J(0) +M(C:0K, Fs:1, WS:4K # 0K, PF:0K # 0K, P:0K)
[15] 0.000169 +J(0) +M(C:0K, Fs:101, WS:404K # 0K, PF:64K # 0K, P:64K)
[16] 0.001366 -0.000403 (1) WT +J(0) +M(C:0K, Fs:2, WS:0K # 0K, PF:0K # 0K, P:0K).","RBSOn = 0
",,,,,,,,,,,,,,,,,,,,,,,,,,,,,,,,,,,,,,,,,,,,,,,,,,,,,,,,,,,
2026-04-06T09:46:10.489640Z,"{'#attributes': {'Qualifiers': 0}, '#text': 326}",DC01.darkzero.htb,ESENT,Application,957,4,,,,,,,,,,,,,,,,,,certsrv.exe,"2976,D,50,0",,1,C:\WINDOWS\system32\CertLog\darkzero-DC01-CA.edb,0,"
[1] 0.000007 +J(0) +M(C:0K, Fs:1, WS:4K # 0K, PF:0K # 0K, P:0K)
[2] 0.003014 -0.000831 (1) WT +J(0) +M(C:0K, Fs:21, WS:20K # 0K, PF:4K # 0K, P:4K)
[3] 0.023356 -0.003680 (6) WT +J(CM:0, PgRf:0, Rd:0/0, Dy:0/0, Lg:3480/2) +M(C:0K, Fs:36, WS:140K # 0K, PF:120K # 0K, P:120K)
[4] 0.001770 +J(0) +M(C:0K, Fs:1, WS:4K # 0K, PF:0K # 0K, P:0K)
[5] -
[6] 0.000956 -0.000675 (2) CM -0.000563 (2) WT +J(CM:2, PgRf:2, Rd:0/2, Dy:0/0, Lg:0/0) +M(C:0K, Fs:44, WS:176K # 0K, PF:136K # 0K, P:136K)
[7] 0.000004 +J(0)
[8] 0.000669 -0.000428 (1) CM -0.000409 (1) WT +J(CM:1, PgRf:1, Rd:14/0, Dy:0/0, Lg:0/0) +M(C:0K, Fs:38, WS:152K # 0K, PF:200K # 0K, P:200K)
[9] -
[10] -
[11] -
[12] 0.000017 +J(CM:0, PgRf:0, Rd:0/0, Dy:0/0, Lg:54/1) +M(C:0K, Fs:2, WS:8K # 0K, PF:20K # 0K, P:20K)
[13] 0.001071 -0.000864 (2) CM -0.000764 (2) WT +J(CM:2, PgRf:23, Rd:0/2, Dy:0/0, Lg:0/0) +M(C:0K, Fs:22, WS:84K # 76K, PF:8K # 0K, P:8K)
[14] 0.000446 -0.000277 (1) CM -0.000229 (1) WT +J(CM:1, PgRf:40, Rd:0/1, Dy:0/0, Lg:0/0) +M(C:0K, Fs:5, WS:20K # 20K, PF:64K # 0K, P:64K)
[15] 0.000009 +J(CM:0, PgRf:1, Rd:0/0, Dy:0/0, Lg:0/0)
[16] 0.000014 +J(CM:0, PgRf:1, Rd:0/0, Dy:0/0, Lg:0/0) +M(C:0K, Fs:1, WS:4K # 4K, PF:0K # 0K, P:0K)
[17] 0.000088 +J(CM:0, PgRf:42, Rd:0/0, Dy:0/0, Lg:0/0) +M(C:0K, Fs:6, WS:24K # 24K, PF:0K # 0K, P:0K)
[18] 0.000001 +J(0)
[19] 0.0 +J(0)
[20] 0.000034 +J(CM:0, PgRf:3, Rd:0/0, Dy:0/0, Lg:0/0) +M(C:0K, Fs:3, WS:12K # 12K, PF:0K # 0K, P:0K).",0 0,"lgposAttach = 00000001:00AB:0268,
dbv = 1568.300.620 (9620)",,,,,,,,,,,,,,,,,,,,,,,,,,,,,,,,,,,,,,,,,,,,,,,,,,,,,,,,,
2026-04-06T09:46:10.929258Z,26,DC01.darkzero.htb,Microsoft-Windows-CertificationAuthority,Application,958,4,,,,,,,,,,darkzero-DC01-CA,,,,,DC01.darkzero.htb,  DC=,,,,,,,,,,,,,,,,,,,,,,,,,,,,,,,,,,,,,,,,,,,,,,,,,,,MSG_I_SERVER_STARTED,,,,,,,,,,,,,,,,
2026-04-06T09:46:53.649340Z,"{'#attributes': {'Qualifiers': 32768}, '#text': 6003}",DC01.darkzero.htb,Microsoft-Windows-Winlogon,Application,959,4,,,,,,D9060000,,,,,,,,,,,SessionEnv,,,,,,,,,,,,,,,,,,,,,,,,,,,,,,,,,,,,,,,,,,,,,,,,,,,,,,,,,,,,,,,,,,
2026-04-06T09:46:54.031929Z,"{'#attributes': {'Qualifiers': 32768}, '#text': 6000}",DC01.darkzero.htb,Microsoft-Windows-Winlogon,Application,960,4,,,,,,D9060000,,,,,,,,,,,SessionEnv,,,,,,,,,,,,,,,,,,,,,,,,,,,,,,,,,,,,,,,,,,,,,,,,,,,,,,,,,,,,,,,,,,
2026-04-06T09:47:48.633734Z,"{'#attributes': {'Qualifiers': 16384}, '#text': 900}",DC01.darkzero.htb,Microsoft-Windows-Security-SPP,Application,961,4,,,,,,,,,,,,,,,,,<explicit>,,,,,,,,,,,,,,,,,,,,,,,,,,,,,,,,,,,,,,,,,,,,,,,,,,,,,,,,,,,,,,,,,,
2026-04-06T09:47:49.042493Z,"{'#attributes': {'Qualifiers': 49152}, '#text': 16394}",DC01.darkzero.htb,Microsoft-Windows-Security-SPP,Application,962,4,,,,,,,,,,,,,,,,,,,,,,,,,,,,,,,,,,,,,,,,,,,,,,,,,,,,,,,,,,,,,,,,,,,,,,,,,,,,,,,,,,,
2026-04-06T09:47:49.158857Z,"{'#attributes': {'Qualifiers': 16384}, '#text': 1066}",DC01.darkzero.htb,Microsoft-Windows-Security-SPP,Application,963,4,,,,,,,,,,,,,,,,,"C:\WINDOWS\system32\sppwinob.dll, msft:spp/windowsfunctionality/agent/7.0, 0x00000000, 0x00000000
C:\WINDOWS\system32\sppobjs.dll, msft:rm/algorithm/inherited/1.0, 0x00000000, 0x00000000
C:\WINDOWS\system32\sppobjs.dll, msft:rm/algorithm/phone/1.0, 0x00000000, 0x00000000
C:\WINDOWS\system32\sppobjs.dll, msft:rm/algorithm/pkey/detect, 0x00000000, 0x00000000
C:\WINDOWS\system32\sppobjs.dll, msft:spp/ActionScheduler/1.0, 0x00000000, 0x00000000
C:\WINDOWS\system32\sppobjs.dll, msft:spp/TaskScheduler/1.0, 0x00000000, 0x00000000
C:\WINDOWS\system32\sppobjs.dll, msft:spp/statecollector/pkey, 0x00000000, 0x00000000
C:\WINDOWS\system32\sppobjs.dll, msft:spp/volume/services/kms/1.0, 0x00000000, 0x00000000
C:\WINDOWS\system32\sppobjs.dll, msft:spp/volume/services/kms/activationinfo/1.0, 0x00000000, 0x00000000
",,,,,,,,,,,,,,,,,,,,,,,,,,,,,,,,,,,,,,,,,,,,,,,,,,,,,,,,,,,,,,,,,,
2026-04-06T09:47:49.169640Z,"{'#attributes': {'Qualifiers': 16384}, '#text': 16389}",DC01.darkzero.htb,Microsoft-Windows-Security-SPP,Application,964,4,,,,,,,,,,,,,,,,,0xC004D30B,,,,,,,,,,,,,,,,,,,,,,,,,,,,,,,,,,,,,,,,,,,,,,,,,,,,,,,,,,,,,,,,,,
2026-04-06T09:47:49.271854Z,"{'#attributes': {'Qualifiers': 16384}, '#text': 1003}",DC01.darkzero.htb,Microsoft-Windows-Security-SPP,Application,965,4,,,,,,,,,,,,,,,,,,55c92734-d682-4d71-983e-d6ec3f16059f,"
1: 0b646350-5349-4013-b1be-4100d1a7fa38, 1, 0 [(0 [0xC004F014, 0, 0], [(?)(?)(?)(?)(?)(?)(?)(?)])(1 )(2 )(3 )]
2: 10d661ba-f2e3-445c-8e92-200e1e05e9e1, 1, 1 [(0 [0x00000000, 1, 0], [(?)( 1 0x00000000)(?)( 2 0x00000000 0 0 msft:rm/algorithm/hwid/4.0 0x00000000 0)(?)(?)( 10 0x00000000 msft:rm/algorithm/flags/1.0)(?)])(1 )(2 )(3 )]
3: 2033816d-9d16-44bb-8f08-412ff45f38bf, 1, 0 [(0 [0xC004F014, 0, 0], [(?)(?)(?)(?)(?)(?)(?)(?)])(1 )(2 )(3 )]
4: 653ae55c-1d53-427b-be51-15bc1841fca7, 1, 0 [(0 [0xC004F014, 0, 0], [(?)(?)(?)(?)(?)(?)(?)(?)])(1 )(2 )(3 )]
5: 66c20db7-ff1e-4f87-a915-4e03715da35f, 1, 0 [(0 [0xC004F014, 0, 0], [(?)(?)(?)(?)(?)(?)(?)(?)])(1 )(2 )(3 )]
6: 6bad0243-1c35-46b2-b8e6-7a853e37413f, 1, 0 [(0 [0xC004F014, 0, 0], [(?)(?)(?)(?)(?)(?)(?)(?)])(1 )(2 )(3 )]
7: 82fcf64d-f9dd-4411-9c79-f2eed16d4eb8, 1, 0 [(0 [0xC004F014, 0, 0], [(?)(?)(?)(?)(?)(?)(?)(?)])(1 )(2 )(3 )]
8: 84e331f6-4279-48c4-ab10-b75139181351, 1, 0 [(0 [0xC004F014, 0, 0], [(?)(?)(?)(?)(?)(?)(?)(?)])(1 )(2 )(3 )]
9: 9e232465-2ade-4a33-a277-702010a84adb, 1, 0 [(0 [0xC004F014, 0, 0], [(?)(?)(?)(?)(?)(?)(?)(?)])(1 )(2 )(3 )]
10: a1da5f8f-7553-42c5-b0b4-6f27c4d74240, 1, 0 [(0 [0xC004F014, 0, 0], [(?)(?)(?)(?)(?)(?)(?)(?)])(1 )(2 )(3 )]
11: a2004bef-6ff1-48f9-8328-41ce1cd5ee79, 1, 0 [(0 [0xC004F014, 0, 0], [(?)(?)(?)(?)(?)(?)(?)(?)])(1 )(2 )(3 )]
12: c052f164-cdf6-409a-a0cb-853ba0f0f55a, 1, 0 [(0 [0xC004F014, 0, 0], [(?)(?)(?)(?)(?)(?)(?)(?)])(1 )(2 )(3 )]
13: e5b79126-7250-4d27-ad42-0eeb23db5771, 1, 0 [(0 [0xC004F014, 0, 0], [(?)(?)(?)(?)(?)(?)(?)(?)])(1 )(2 )(3 )]
14: f15a5790-90b7-4674-8fd4-e187ba426ad2, 1, 0 [(0 [0xC004F014, 0, 0], [(?)(?)(?)(?)(?)(?)(?)(?)])(1 )(2 )(3 )]

",,,,,,,,,,,,,,,,,,,,,,,,,,,,,,,,,,,,,,,,,,,,,,,,,,,,,,,,,,,,,,,,
2026-04-06T09:47:49.274221Z,"{'#attributes': {'Qualifiers': 49152}, '#text': 20492}",DC01.darkzero.htb,Microsoft-Windows-Security-SPP,Application,966,4,,,,,,,,,,,,,,,,,0xC004D30B,,,,,,,,,,,,,,,,,,,,,,,,,,,,,,,,,,,,,,,,,,,,,,,,,,,,,,,,,,,,,,,,,,
2026-04-06T09:47:49.295438Z,"{'#attributes': {'Qualifiers': 49152}, '#text': 16398}",DC01.darkzero.htb,Microsoft-Windows-Security-SPP,Application,967,2,,,,,,,,,,,,,,,,,,0x80070490,No grace timer found,,,,,,,,,,,,,,,,,,,,,,,,,,,,,,,,,,,,,,,,,,,,,,,,,,,,,,,,,,,,,,,,
2026-04-06T09:47:49.310282Z,"{'#attributes': {'Qualifiers': 16384}, '#text': 902}",DC01.darkzero.htb,Microsoft-Windows-Security-SPP,Application,968,0,,,,,,,,,,,,,,,,,10.0.26100.32522,,,,,,,,,,,,,,,,,,,,,,,,,,,,,,,,,,,,,,,,,,,,,,,,,,,,,,,,,,,,,,,,,,
2026-04-06T09:48:26.968856Z,"{'#attributes': {'Qualifiers': 16384}, '#text': 16384}",DC01.darkzero.htb,Microsoft-Windows-Security-SPP,Application,969,4,,,,,,,,,,,,,,,,,,2126-03-13T09:48:26Z,RulesEngine,,,,,,,,,,,,,,,,,,,,,,,,,,,,,,,,,,,,,,,,,,,,,,,,,,,,,,,,,,,,,,,,
2026-04-06T09:48:26.977642Z,"{'#attributes': {'Qualifiers': 16384}, '#text': 903}",DC01.darkzero.htb,Microsoft-Windows-Security-SPP,Application,970,0,,,,,,,,,,,,,,,,,,,,,,,,,,,,,,,,,,,,,,,,,,,,,,,,,,,,,,,,,,,,,,,,,,,,,,,,,,,,,,,,,,,
2026-04-06T09:48:50.032129Z,"{'#attributes': {'Qualifiers': 0}, '#text': 8224}",DC01.darkzero.htb,VSS,Application,971,4,,,,,,2D20436F64653A2020434F525356434330303030303737322D2043616C6C3A2020434F525356434330303030303735342D205049443A202030303030343436302D205449443A202030303030343438342D20434D443A2020433A5C57494E444F57535C73797374656D33325C76737376632E6578652020202D20557365723A204E616D653A204E5420415554484F524954595C53595354454D2C205349443A532D312D352D313820,,,,,,,,,,,,,,,,,,,,,,,,,,,,,,,,,,,,,,,,,,,,,,,,,,,,,,,,,,,,,,,,,,,,,,,,,,,,,
2026-04-06T09:49:16.791539Z,"{'#attributes': {'Qualifiers': 49152}, '#text': 16394}",DC01.darkzero.htb,Microsoft-Windows-Security-SPP,Application,972,4,,,,,,,,,,,,,,,,,,,,,,,,,,,,,,,,,,,,,,,,,,,,,,,,,,,,,,,,,,,,,,,,,,,,,,,,,,,,,,,,,,,
2026-04-06T09:49:16.843008Z,"{'#attributes': {'Qualifiers': 16384}, '#text': 16389}",DC01.darkzero.htb,Microsoft-Windows-Security-SPP,Application,973,4,,,,,,,,,,,,,,,,,0xC004D30B,,,,,,,,,,,,,,,,,,,,,,,,,,,,,,,,,,,,,,,,,,,,,,,,,,,,,,,,,,,,,,,,,,
2026-04-06T09:49:40.897068Z,1001,DC01.darkzero.htb,Microsoft-Windows-LoadPerf,Application,974,4,,,,,,,,,,,,,,,,,,,,,,,,,,,,,,,,,,,,,,,,,,,,,,,,,,,,,,,,,,,,,,,,,,,,LoadPerf,6E420000C4020000,8,,WmiApRpl,,,,WmiApRpl,,,,,,,
2026-04-06T09:49:40.975467Z,1000,DC01.darkzero.htb,Microsoft-Windows-LoadPerf,Application,975,4,,,,,,,,,,,,,,,,,,,,,,,,,,,,,,,,,,,,,,,,,,,,,,,,,,,,,,,,,,,,,,,,,,,,LoadPerf,7042000040430000,8,,WmiApRpl,,,,WmiApRpl,,,,,,,
2026-04-06T09:49:46.997810Z,"{'#attributes': {'Qualifiers': 16384}, '#text': 16384}",DC01.darkzero.htb,Microsoft-Windows-Security-SPP,Application,976,4,,,,,,,,,,,,,,,,,,2126-03-13T09:49:46Z,RulesEngine,,,,,,,,,,,,,,,,,,,,,,,,,,,,,,,,,,,,,,,,,,,,,,,,,,,,,,,,,,,,,,,,
2026-04-06T09:56:11.537090Z,"{'#attributes': {'Qualifiers': 16384}, '#text': 1704}",DC01.darkzero.htb,SceCli,Application,977,4,,,,,,,,,,,,,,,,,,,,,,,,,,,,,,,,,,,,,,,,,,,,,,,,,,,,,,,,,,,,,,,,,,,,,,,,,,,,,,,,,,,
2026-04-06T10:21:10.292875Z,"{'#attributes': {'Qualifiers': 49152}, '#text': 16394}",DC01.darkzero.htb,Microsoft-Windows-Security-SPP,Application,978,4,,,,,,,,,,,,,,,,,,,,,,,,,,,,,,,,,,,,,,,,,,,,,,,,,,,,,,,,,,,,,,,,,,,,,,,,,,,,,,,,,,,
2026-04-06T10:21:10.569675Z,"{'#attributes': {'Qualifiers': 16384}, '#text': 16389}",DC01.darkzero.htb,Microsoft-Windows-Security-SPP,Application,979,4,,,,,,,,,,,,,,,,,0xC004D30B,,,,,,,,,,,,,,,,,,,,,,,,,,,,,,,,,,,,,,,,,,,,,,,,,,,,,,,,,,,,,,,,,,
2026-04-06T10:21:40.858858Z,"{'#attributes': {'Qualifiers': 16384}, '#text': 16384}",DC01.darkzero.htb,Microsoft-Windows-Security-SPP,Application,980,4,,,,,,,,,,,,,,,,,,2126-03-13T10:21:40Z,RulesEngine,,,,,,,,,,,,,,,,,,,,,,,,,,,,,,,,,,,,,,,,,,,,,,,,,,,,,,,,,,,,,,,,
2026-04-06T10:43:25.887953Z,"{'#attributes': {'Qualifiers': 49152}, '#text': 16394}",DC01.darkzero.htb,Microsoft-Windows-Security-SPP,Application,981,4,,,,,,,,,,,,,,,,,,,,,,,,,,,,,,,,,,,,,,,,,,,,,,,,,,,,,,,,,,,,,,,,,,,,,,,,,,,,,,,,,,,
2026-04-06T10:43:26.038474Z,"{'#attributes': {'Qualifiers': 16384}, '#text': 16389}",DC01.darkzero.htb,Microsoft-Windows-Security-SPP,Application,982,4,,,,,,,,,,,,,,,,,0xC004D30B,,,,,,,,,,,,,,,,,,,,,,,,,,,,,,,,,,,,,,,,,,,,,,,,,,,,,,,,,,,,,,,,,,
2026-04-06T10:43:56.450480Z,"{'#attributes': {'Qualifiers': 16384}, '#text': 16384}",DC01.darkzero.htb,Microsoft-Windows-Security-SPP,Application,983,4,,,,,,,,,,,,,,,,,,2126-03-13T10:43:56Z,RulesEngine,,,,,,,,,,,,,,,,,,,,,,,,,,,,,,,,,,,,,,,,,,,,,,,,,,,,,,,,,,,,,,,,
2026-04-06T10:51:03.242269Z,"{'#attributes': {'Qualifiers': 49152}, '#text': 16394}",DC01.darkzero.htb,Microsoft-Windows-Security-SPP,Application,984,4,,,,,,,,,,,,,,,,,,,,,,,,,,,,,,,,,,,,,,,,,,,,,,,,,,,,,,,,,,,,,,,,,,,,,,,,,,,,,,,,,,,
2026-04-06T10:51:03.296967Z,"{'#attributes': {'Qualifiers': 16384}, '#text': 16389}",DC01.darkzero.htb,Microsoft-Windows-Security-SPP,Application,985,4,,,,,,,,,,,,,,,,,0xC004D30B,,,,,,,,,,,,,,,,,,,,,,,,,,,,,,,,,,,,,,,,,,,,,,,,,,,,,,,,,,,,,,,,,,
2026-04-06T10:51:34.064721Z,"{'#attributes': {'Qualifiers': 16384}, '#text': 16384}",DC01.darkzero.htb,Microsoft-Windows-Security-SPP,Application,986,4,,,,,,,,,,,,,,,,,,2126-03-13T10:51:34Z,RulesEngine,,,,,,,,,,,,,,,,,,,,,,,,,,,,,,,,,,,,,,,,,,,,,,,,,,,,,,,,,,,,,,,,
2026-04-06T10:57:57.954113Z,"{'#attributes': {'Qualifiers': 49152}, '#text': 16394}",DC01.darkzero.htb,Microsoft-Windows-Security-SPP,Application,987,4,,,,,,,,,,,,,,,,,,,,,,,,,,,,,,,,,,,,,,,,,,,,,,,,,,,,,,,,,,,,,,,,,,,,,,,,,,,,,,,,,,,
2026-04-06T10:57:58.016366Z,"{'#attributes': {'Qualifiers': 16384}, '#text': 16389}",DC01.darkzero.htb,Microsoft-Windows-Security-SPP,Application,988,4,,,,,,,,,,,,,,,,,0xC004D30B,,,,,,,,,,,,,,,,,,,,,,,,,,,,,,,,,,,,,,,,,,,,,,,,,,,,,,,,,,,,,,,,,,
2026-04-06T10:58:28.516949Z,"{'#attributes': {'Qualifiers': 16384}, '#text': 16384}",DC01.darkzero.htb,Microsoft-Windows-Security-SPP,Application,989,4,,,,,,,,,,,,,,,,,,2126-03-13T10:58:28Z,RulesEngine,,,,,,,,,,,,,,,,,,,,,,,,,,,,,,,,,,,,,,,,,,,,,,,,,,,,,,,,,,,,,,,,
2026-04-06T11:06:40.363487Z,"{'#attributes': {'Qualifiers': 49152}, '#text': 16394}",DC01.darkzero.htb,Microsoft-Windows-Security-SPP,Application,990,4,,,,,,,,,,,,,,,,,,,,,,,,,,,,,,,,,,,,,,,,,,,,,,,,,,,,,,,,,,,,,,,,,,,,,,,,,,,,,,,,,,,
2026-04-06T11:06:40.732049Z,"{'#attributes': {'Qualifiers': 16384}, '#text': 16389}",DC01.darkzero.htb,Microsoft-Windows-Security-SPP,Application,991,4,,,,,,,,,,,,,,,,,0xC004D30B,,,,,,,,,,,,,,,,,,,,,,,,,,,,,,,,,,,,,,,,,,,,,,,,,,,,,,,,,,,,,,,,,,
2026-04-06T11:07:11.562503Z,"{'#attributes': {'Qualifiers': 16384}, '#text': 16384}",DC01.darkzero.htb,Microsoft-Windows-Security-SPP,Application,992,4,,,,,,,,,,,,,,,,,,2126-03-13T11:07:11Z,RulesEngine,,,,,,,,,,,,,,,,,,,,,,,,,,,,,,,,,,,,,,,,,,,,,,,,,,,,,,,,,,,,,,,,
2026-04-06T11:24:17.406253Z,"{'#attributes': {'Qualifiers': 49152}, '#text': 16394}",DC01.darkzero.htb,Microsoft-Windows-Security-SPP,Application,993,4,,,,,,,,,,,,,,,,,,,,,,,,,,,,,,,,,,,,,,,,,,,,,,,,,,,,,,,,,,,,,,,,,,,,,,,,,,,,,,,,,,,
2026-04-06T11:24:17.463438Z,"{'#attributes': {'Qualifiers': 16384}, '#text': 16389}",DC01.darkzero.htb,Microsoft-Windows-Security-SPP,Application,994,4,,,,,,,,,,,,,,,,,0xC004D30B,,,,,,,,,,,,,,,,,,,,,,,,,,,,,,,,,,,,,,,,,,,,,,,,,,,,,,,,,,,,,,,,,,
2026-04-06T11:24:47.623829Z,"{'#attributes': {'Qualifiers': 16384}, '#text': 16384}",DC01.darkzero.htb,Microsoft-Windows-Security-SPP,Application,995,4,,,,,,,,,,,,,,,,,,2126-03-13T11:24:47Z,RulesEngine,,,,,,,,,,,,,,,,,,,,,,,,,,,,,,,,,,,,,,,,,,,,,,,,,,,,,,,,,,,,,,,,
2026-04-06T11:43:58.956862Z,"{'#attributes': {'Qualifiers': 49152}, '#text': 16394}",DC01.darkzero.htb,Microsoft-Windows-Security-SPP,Application,996,4,,,,,,,,,,,,,,,,,,,,,,,,,,,,,,,,,,,,,,,,,,,,,,,,,,,,,,,,,,,,,,,,,,,,,,,,,,,,,,,,,,,
2026-04-06T11:43:59.043442Z,"{'#attributes': {'Qualifiers': 16384}, '#text': 16389}",DC01.darkzero.htb,Microsoft-Windows-Security-SPP,Application,997,4,,,,,,,,,,,,,,,,,0xC004D30B,,,,,,,,,,,,,,,,,,,,,,,,,,,,,,,,,,,,,,,,,,,,,,,,,,,,,,,,,,,,,,,,,,
2026-04-06T11:44:29.665011Z,"{'#attributes': {'Qualifiers': 16384}, '#text': 16384}",DC01.darkzero.htb,Microsoft-Windows-Security-SPP,Application,998,4,,,,,,,,,,,,,,,,,,2126-03-13T11:44:29Z,RulesEngine,,,,,,,,,,,,,,,,,,,,,,,,,,,,,,,,,,,,,,,,,,,,,,,,,,,,,,,,,,,,,,,,
2026-04-06T11:58:53.032590Z,"{'#attributes': {'Qualifiers': 49152}, '#text': 16394}",DC01.darkzero.htb,Microsoft-Windows-Security-SPP,Application,999,4,,,,,,,,,,,,,,,,,,,,,,,,,,,,,,,,,,,,,,,,,,,,,,,,,,,,,,,,,,,,,,,,,,,,,,,,,,,,,,,,,,,
2026-04-06T11:58:53.085797Z,"{'#attributes': {'Qualifiers': 16384}, '#text': 16389}",DC01.darkzero.htb,Microsoft-Windows-Security-SPP,Application,1000,4,,,,,,,,,,,,,,,,,0xC004D30B,,,,,,,,,,,,,,,,,,,,,,,,,,,,,,,,,,,,,,,,,,,,,,,,,,,,,,,,,,,,,,,,,,
2026-04-06T11:59:23.238614Z,"{'#attributes': {'Qualifiers': 16384}, '#text': 16384}",DC01.darkzero.htb,Microsoft-Windows-Security-SPP,Application,1001,4,,,,,,,,,,,,,,,,,,2126-03-13T11:59:23Z,RulesEngine,,,,,,,,,,,,,,,,,,,,,,,,,,,,,,,,,,,,,,,,,,,,,,,,,,,,,,,,,,,,,,,,
2026-04-06T12:02:03.253494Z,"{'#attributes': {'Qualifiers': 32768}, '#text': 6000}",DC01.darkzero.htb,Microsoft-Windows-Winlogon,Application,1002,4,,,,,,D9060000,,,,,,,,,,,SessionEnv,,,,,,,,,,,,,,,,,,,,,,,,,,,,,,,,,,,,,,,,,,,,,,,,,,,,,,,,,,,,,,,,,,
2026-04-06T12:02:03.727003Z,"{'#attributes': {'Qualifiers': 0}, '#text': 260}",DC01.darkzero.htb,VMUpgradeHelper,Application,1003,4,,,,,,,,,,,,,,,,,,,,,,,,,,,,,,,,,,,,,,,,,,,,,,,,,,,,,,,,,,,,,,,,,,,,,,,,,,,,,,,,,,,
2026-04-06T12:02:03.727443Z,"{'#attributes': {'Qualifiers': 0}, '#text': 272}",DC01.darkzero.htb,VMUpgradeHelper,Application,1004,4,,,,,,,,,,,,,,,,,,,,,,,,,,,,,,,,,,,,,,,,,,,,,,,,,,,,,,,,,,,,,,,,,,,,,,,,,,,,,,,,,,,
2026-04-06T12:02:03.734011Z,"{'#attributes': {'Qualifiers': 0}, '#text': 108}",DC01.darkzero.htb,VMTools,Application,1005,4,,,,,,,,,,,,,,,,,,,,,,,,,,,,,,,,,,,,,,,,,,,,,,,,,,,,,,,,,,,,,,,,,,,,,,,,,,,,,,,,,,,
2026-04-06T12:02:03.915352Z,1532,DC01.darkzero.htb,Microsoft-Windows-User Profiles Service,Application,1006,4,,,,,,,,,,,,,,,,,,,,,,,,,,,,,,,,,,,,,,,,,,,,,,,,,,,,,,,,,,,,,,,,,,,,,,,,,,,,,,,,,,,
2026-04-06T12:02:04.116940Z,38,DC01.darkzero.htb,Microsoft-Windows-CertificationAuthority,Application,1007,4,,,,,,,,,,darkzero-DC01-CA,,,,,,,,,,,,,,,,,,,,,,,,,,,,,,,,,,,,,,,,,,,,,,,,,,,,,,,,,MSG_I_SERVER_STOPPED,,,,,,,,,,,,,,,,
2026-04-06T12:04:32.233747Z,5615,DC01.darkzero.htb,Microsoft-Windows-WMI,Application,1008,4,,,,,,,,,,,,,,,,,,,,,,,,,,,,,,,,,,,,,,,,,,,,,,,,,,,,,,,,,,,,,,,,,,,,,,,,,,,,,,,,,,,
2026-04-06T12:04:33.621141Z,1531,DC01.darkzero.htb,Microsoft-Windows-User Profiles Service,Application,1009,4,,,,,,,,,,,,,,,,,,,,,,,,,,,,,,,,,,,,,,,,,,,,,,,,,,,,,,,,,,,,,,,,,,,,,,,,,,,,,,,,,,,
2026-04-06T12:04:36.634490Z,5617,DC01.darkzero.htb,Microsoft-Windows-WMI,Application,1010,4,,,,,,,,,,,,,,,,,,,,,,,,,,,,,,,,,,,,,,,,,,,,,,,,,,,,,,,,,,,,,,,,,,,,,,,,,,,,,,,,,,,
2026-04-06T12:04:42.036945Z,"{'#attributes': {'Qualifiers': 0}, '#text': 105}",DC01.darkzero.htb,VMTools,Application,1011,4,,,,,,,,,,,,,,,,,,,,,,,,,,,,,,,,,,,,,,,,,,,,,,,,,,,,,,,,,,,,,,,,,,,,,,,,,,,,,,,,,,,
2026-04-06T12:04:46.712754Z,"{'#attributes': {'Qualifiers': 16384}, '#text': 781}",DC01.darkzero.htb,Microsoft-Windows-Complus,Application,1012,4,,,,,,,,,,,,,,,,,,,,,,,,,,,,,,,,,,,,,,,,,,,,,,,,,,,,,,,,,,,,,,,,,,,,,,,,86400,,,,SuppressDuplicateDuration,Software\Microsoft\COM3\Eventlog,,,,,,
2026-04-06T12:04:48.769628Z,"{'#attributes': {'Qualifiers': 0}, '#text': 258}",DC01.darkzero.htb,VMUpgradeHelper,Application,1013,4,,,,,,,,,,,,,,,,,,,,,,,,,,,,,,,,,,,,,,,,,,,,,,,,,,,,,,,,,,,,,,,,,,,,,,,,,,,,,,,,,,,
