2026-04-05T17:20:24.445134Z,"{'#attributes': {'Qualifiers': 16384}, '#text': 1004}",WIN-TTCPK05807O,Microsoft-Windows-Security-SPP,Application,421,4,,,,,,,,,,,,,,,,,,Windows(R) UL phone License (Public),e324f69c-c625-4363-b434-857e96d65ce6,,,,,,,,,,,,,,,,,,,,,,,,,,,,,,,,,,,,,,,,,,,,,,,,,,,,,,,,,,,,,,,,
2026-04-05T17:20:24.445664Z,"{'#attributes': {'Qualifiers': 16384}, '#text': 1004}",WIN-TTCPK05807O,Microsoft-Windows-Security-SPP,Application,422,4,,,,,,,,,,,,,,,,,,Windows(R) UL phone License (Private),100ede61-ce1b-4198-80e9-aeed210d5157,,,,,,,,,,,,,,,,,,,,,,,,,,,,,,,,,,,,,,,,,,,,,,,,,,,,,,,,,,,,,,,,
2026-04-05T17:20:24.451627Z,"{'#attributes': {'Qualifiers': 16384}, '#text': 1004}",WIN-TTCPK05807O,Microsoft-Windows-Security-SPP,Application,423,4,,,,,,,,,,,,,,,,,,Windows(R) UL store License (Public),f6535577-18e5-42a3-b1b9-dcc127d7d5c7,,,,,,,,,,,,,,,,,,,,,,,,,,,,,,,,,,,,,,,,,,,,,,,,,,,,,,,,,,,,,,,,
2026-04-05T17:20:24.452165Z,"{'#attributes': {'Qualifiers': 16384}, '#text': 1004}",WIN-TTCPK05807O,Microsoft-Windows-Security-SPP,Application,424,4,,,,,,,,,,,,,,,,,,Windows(R) UL store License (Private),4648d83a-1550-40ad-b317-0faebd068d99,,,,,,,,,,,,,,,,,,,,,,,,,,,,,,,,,,,,,,,,,,,,,,,,,,,,,,,,,,,,,,,,
2026-04-05T17:20:24.459328Z,"{'#attributes': {'Qualifiers': 16384}, '#text': 1004}",WIN-TTCPK05807O,Microsoft-Windows-Security-SPP,Application,425,4,,,,,,,,,,,,,,,,,,Windows(R) Publishing License (Public),2123da5d-2c3e-42af-bd99-27d079284b91,,,,,,,,,,,,,,,,,,,,,,,,,,,,,,,,,,,,,,,,,,,,,,,,,,,,,,,,,,,,,,,,
2026-04-05T17:20:24.459874Z,"{'#attributes': {'Qualifiers': 16384}, '#text': 1004}",WIN-TTCPK05807O,Microsoft-Windows-Security-SPP,Application,426,4,,,,,,,,,,,,,,,,,,Windows(R) Publishing License (Private),d89497bb-9f2d-41ee-b16c-259cbf7bc819,,,,,,,,,,,,,,,,,,,,,,,,,,,,,,,,,,,,,,,,,,,,,,,,,,,,,,,,,,,,,,,,
2026-04-05T17:20:24.471620Z,"{'#attributes': {'Qualifiers': 16384}, '#text': 1004}",WIN-TTCPK05807O,Microsoft-Windows-Security-SPP,Application,427,4,,,,,,,,,,,,,,,,,,Windows(R) UL oob License (Public),4b381c23-ad10-4275-8cc9-577f99a92f73,,,,,,,,,,,,,,,,,,,,,,,,,,,,,,,,,,,,,,,,,,,,,,,,,,,,,,,,,,,,,,,,
2026-04-05T17:20:24.472368Z,"{'#attributes': {'Qualifiers': 16384}, '#text': 1004}",WIN-TTCPK05807O,Microsoft-Windows-Security-SPP,Application,428,4,,,,,,,,,,,,,,,,,,Windows(R) UL oob License (Private),05163c53-821d-45fd-ae39-cc6d37d4e95c,,,,,,,,,,,,,,,,,,,,,,,,,,,,,,,,,,,,,,,,,,,,,,,,,,,,,,,,,,,,,,,,
2026-04-05T17:20:24.482469Z,"{'#attributes': {'Qualifiers': 16384}, '#text': 1004}",WIN-TTCPK05807O,Microsoft-Windows-Security-SPP,Application,429,4,,,,,,,,,,,,,,,,,,Windows(R) UL phone License (Public),c5b0c6eb-a13f-4330-ad1a-1a886655158d,,,,,,,,,,,,,,,,,,,,,,,,,,,,,,,,,,,,,,,,,,,,,,,,,,,,,,,,,,,,,,,,
2026-04-05T17:20:24.483441Z,"{'#attributes': {'Qualifiers': 16384}, '#text': 1004}",WIN-TTCPK05807O,Microsoft-Windows-Security-SPP,Application,430,4,,,,,,,,,,,,,,,,,,Windows(R) UL phone License (Private),e0272c10-e825-4e61-a705-0574416ac018,,,,,,,,,,,,,,,,,,,,,,,,,,,,,,,,,,,,,,,,,,,,,,,,,,,,,,,,,,,,,,,,
2026-04-05T17:20:24.490471Z,"{'#attributes': {'Qualifiers': 16384}, '#text': 1004}",WIN-TTCPK05807O,Microsoft-Windows-Security-SPP,Application,431,4,,,,,,,,,,,,,,,,,,Windows(R) UL store License (Public),14bdd891-6aea-4ff0-ab49-e34e3b276593,,,,,,,,,,,,,,,,,,,,,,,,,,,,,,,,,,,,,,,,,,,,,,,,,,,,,,,,,,,,,,,,
2026-04-05T17:20:24.491010Z,"{'#attributes': {'Qualifiers': 16384}, '#text': 1004}",WIN-TTCPK05807O,Microsoft-Windows-Security-SPP,Application,432,4,,,,,,,,,,,,,,,,,,Windows(R) UL store License (Private),61235ebd-57be-43e9-b6d7-87ad9c113ad9,,,,,,,,,,,,,,,,,,,,,,,,,,,,,,,,,,,,,,,,,,,,,,,,,,,,,,,,,,,,,,,,
2026-04-05T17:20:24.500763Z,"{'#attributes': {'Qualifiers': 16384}, '#text': 1004}",WIN-TTCPK05807O,Microsoft-Windows-Security-SPP,Application,433,4,,,,,,,,,,,,,,,,,,Windows(R) Publishing License (Public),e9588a4f-930c-4859-9fab-9e983bf99d1c,,,,,,,,,,,,,,,,,,,,,,,,,,,,,,,,,,,,,,,,,,,,,,,,,,,,,,,,,,,,,,,,
2026-04-05T17:20:24.501553Z,"{'#attributes': {'Qualifiers': 16384}, '#text': 1004}",WIN-TTCPK05807O,Microsoft-Windows-Security-SPP,Application,434,4,,,,,,,,,,,,,,,,,,Windows(R) Publishing License (Private),9e70d91b-e7a2-4f8b-adce-e5c5cd4bf24b,,,,,,,,,,,,,,,,,,,,,,,,,,,,,,,,,,,,,,,,,,,,,,,,,,,,,,,,,,,,,,,,
2026-04-05T17:20:24.513631Z,"{'#attributes': {'Qualifiers': 16384}, '#text': 1004}",WIN-TTCPK05807O,Microsoft-Windows-Security-SPP,Application,435,4,,,,,,,,,,,,,,,,,,Windows(R) UL oob License (Public),0a8a860d-95c1-48a6-9d4e-caa5dc514833,,,,,,,,,,,,,,,,,,,,,,,,,,,,,,,,,,,,,,,,,,,,,,,,,,,,,,,,,,,,,,,,
2026-04-05T17:20:24.514175Z,"{'#attributes': {'Qualifiers': 16384}, '#text': 1004}",WIN-TTCPK05807O,Microsoft-Windows-Security-SPP,Application,436,4,,,,,,,,,,,,,,,,,,Windows(R) UL oob License (Private),d3b372dc-4f48-4775-b225-bc18baeec1f9,,,,,,,,,,,,,,,,,,,,,,,,,,,,,,,,,,,,,,,,,,,,,,,,,,,,,,,,,,,,,,,,
2026-04-05T17:20:24.525586Z,"{'#attributes': {'Qualifiers': 16384}, '#text': 1004}",WIN-TTCPK05807O,Microsoft-Windows-Security-SPP,Application,437,4,,,,,,,,,,,,,,,,,,Windows(R) UL phone License (Public),fa231b5e-9d18-422c-a4bb-a96bd08f8643,,,,,,,,,,,,,,,,,,,,,,,,,,,,,,,,,,,,,,,,,,,,,,,,,,,,,,,,,,,,,,,,
2026-04-05T17:20:24.526543Z,"{'#attributes': {'Qualifiers': 16384}, '#text': 1004}",WIN-TTCPK05807O,Microsoft-Windows-Security-SPP,Application,438,4,,,,,,,,,,,,,,,,,,Windows(R) UL phone License (Private),0128b848-6005-4e82-a163-9b8f37bdbd4e,,,,,,,,,,,,,,,,,,,,,,,,,,,,,,,,,,,,,,,,,,,,,,,,,,,,,,,,,,,,,,,,
2026-04-05T17:20:24.552485Z,"{'#attributes': {'Qualifiers': 16384}, '#text': 1004}",WIN-TTCPK05807O,Microsoft-Windows-Security-SPP,Application,439,4,,,,,,,,,,,,,,,,,,Windows(R) UL store License (Public),aa827e6c-6164-4e05-b19f-1342b0dcd98b,,,,,,,,,,,,,,,,,,,,,,,,,,,,,,,,,,,,,,,,,,,,,,,,,,,,,,,,,,,,,,,,
2026-04-05T17:20:24.553454Z,"{'#attributes': {'Qualifiers': 16384}, '#text': 1004}",WIN-TTCPK05807O,Microsoft-Windows-Security-SPP,Application,440,4,,,,,,,,,,,,,,,,,,Windows(R) UL store License (Private),983bbac2-897e-4262-aa78-be5ccedd4ff5,,,,,,,,,,,,,,,,,,,,,,,,,,,,,,,,,,,,,,,,,,,,,,,,,,,,,,,,,,,,,,,,
2026-04-05T17:20:24.589471Z,"{'#attributes': {'Qualifiers': 16384}, '#text': 1004}",WIN-TTCPK05807O,Microsoft-Windows-Security-SPP,Application,441,4,,,,,,,,,,,,,,,,,,Windows(R) Publishing License (Public),55065887-0986-409a-887b-1eafa57d0218,,,,,,,,,,,,,,,,,,,,,,,,,,,,,,,,,,,,,,,,,,,,,,,,,,,,,,,,,,,,,,,,
2026-04-05T17:20:24.590363Z,"{'#attributes': {'Qualifiers': 16384}, '#text': 1004}",WIN-TTCPK05807O,Microsoft-Windows-Security-SPP,Application,442,4,,,,,,,,,,,,,,,,,,Windows(R) Publishing License (Private),76ce8a1a-7004-40a3-b577-e64990c01ce3,,,,,,,,,,,,,,,,,,,,,,,,,,,,,,,,,,,,,,,,,,,,,,,,,,,,,,,,,,,,,,,,
2026-04-05T17:20:24.622131Z,"{'#attributes': {'Qualifiers': 16384}, '#text': 1004}",WIN-TTCPK05807O,Microsoft-Windows-Security-SPP,Application,443,4,,,,,,,,,,,,,,,,,,Windows(R) UL oob License (Public),f192f887-8a73-4fa4-bbde-368ec3709c4b,,,,,,,,,,,,,,,,,,,,,,,,,,,,,,,,,,,,,,,,,,,,,,,,,,,,,,,,,,,,,,,,
2026-04-05T17:20:24.623034Z,"{'#attributes': {'Qualifiers': 16384}, '#text': 1004}",WIN-TTCPK05807O,Microsoft-Windows-Security-SPP,Application,444,4,,,,,,,,,,,,,,,,,,Windows(R) UL oob License (Private),8fbc6249-3c3b-4d6a-801f-bd239db1ea5c,,,,,,,,,,,,,,,,,,,,,,,,,,,,,,,,,,,,,,,,,,,,,,,,,,,,,,,,,,,,,,,,
2026-04-05T17:20:24.636632Z,"{'#attributes': {'Qualifiers': 16384}, '#text': 1004}",WIN-TTCPK05807O,Microsoft-Windows-Security-SPP,Application,445,4,,,,,,,,,,,,,,,,,,Windows(R) UL phone License (Public),91ced0c2-0d9f-43fb-a263-d45f4a182d2b,,,,,,,,,,,,,,,,,,,,,,,,,,,,,,,,,,,,,,,,,,,,,,,,,,,,,,,,,,,,,,,,
2026-04-05T17:20:24.637606Z,"{'#attributes': {'Qualifiers': 16384}, '#text': 1004}",WIN-TTCPK05807O,Microsoft-Windows-Security-SPP,Application,446,4,,,,,,,,,,,,,,,,,,Windows(R) UL phone License (Private),d99c75a9-d9ab-4e1a-9ff1-be488f3ef1f7,,,,,,,,,,,,,,,,,,,,,,,,,,,,,,,,,,,,,,,,,,,,,,,,,,,,,,,,,,,,,,,,
2026-04-05T17:20:24.645840Z,"{'#attributes': {'Qualifiers': 16384}, '#text': 1004}",WIN-TTCPK05807O,Microsoft-Windows-Security-SPP,Application,447,4,,,,,,,,,,,,,,,,,,Windows(R) UL store License (Public),c524b4e9-a94b-4432-ba5d-cb13f2e2b08b,,,,,,,,,,,,,,,,,,,,,,,,,,,,,,,,,,,,,,,,,,,,,,,,,,,,,,,,,,,,,,,,
2026-04-05T17:20:24.650367Z,"{'#attributes': {'Qualifiers': 16384}, '#text': 1004}",WIN-TTCPK05807O,Microsoft-Windows-Security-SPP,Application,448,4,,,,,,,,,,,,,,,,,,Windows(R) UL store License (Private),893048b2-bdbe-4952-b767-fa2787df7c1c,,,,,,,,,,,,,,,,,,,,,,,,,,,,,,,,,,,,,,,,,,,,,,,,,,,,,,,,,,,,,,,,
2026-04-05T17:20:24.678071Z,"{'#attributes': {'Qualifiers': 16384}, '#text': 1004}",WIN-TTCPK05807O,Microsoft-Windows-Security-SPP,Application,449,4,,,,,,,,,,,,,,,,,,DefaultPpd-csvlk-pack Component PPD License,cf87d272-7158-05ce-7df4-689302c3bfd9,,,,,,,,,,,,,,,,,,,,,,,,,,,,,,,,,,,,,,,,,,,,,,,,,,,,,,,,,,,,,,,,
2026-04-05T17:20:24.704446Z,"{'#attributes': {'Qualifiers': 16384}, '#text': 1004}",WIN-TTCPK05807O,Microsoft-Windows-Security-SPP,Application,450,4,,,,,,,,,,,,,,,,,,DefaultPpd-ServerDatacenter Component PPD License,380e1238-0852-728f-00b0-42036bdd9b9b,,,,,,,,,,,,,,,,,,,,,,,,,,,,,,,,,,,,,,,,,,,,,,,,,,,,,,,,,,,,,,,,
2026-04-05T17:20:24.714358Z,"{'#attributes': {'Qualifiers': 16384}, '#text': 1004}",WIN-TTCPK05807O,Microsoft-Windows-Security-SPP,Application,451,4,,,,,,,,,,,,,,,,,,Windows(R) Publishing License (Public),ab0a9cad-5ca2-4bdf-bcb9-ba293f14cce2,,,,,,,,,,,,,,,,,,,,,,,,,,,,,,,,,,,,,,,,,,,,,,,,,,,,,,,,,,,,,,,,
2026-04-05T17:20:24.715089Z,"{'#attributes': {'Qualifiers': 16384}, '#text': 1004}",WIN-TTCPK05807O,Microsoft-Windows-Security-SPP,Application,452,4,,,,,,,,,,,,,,,,,,Windows(R) Publishing License (Private),cb9fcbec-4dfa-41b6-88f0-1c2ea018c947,,,,,,,,,,,,,,,,,,,,,,,,,,,,,,,,,,,,,,,,,,,,,,,,,,,,,,,,,,,,,,,,
2026-04-05T17:20:24.725202Z,"{'#attributes': {'Qualifiers': 16384}, '#text': 1004}",WIN-TTCPK05807O,Microsoft-Windows-Security-SPP,Application,453,4,,,,,,,,,,,,,,,,,,Windows(R) UL oob License (Public),67eee41d-02ec-4f5a-94a8-70b0ee0e12b0,,,,,,,,,,,,,,,,,,,,,,,,,,,,,,,,,,,,,,,,,,,,,,,,,,,,,,,,,,,,,,,,
2026-04-05T17:20:24.725792Z,"{'#attributes': {'Qualifiers': 16384}, '#text': 1004}",WIN-TTCPK05807O,Microsoft-Windows-Security-SPP,Application,454,4,,,,,,,,,,,,,,,,,,Windows(R) UL oob License (Private),eea5e120-0c6f-4dab-b99c-5e1680bc7353,,,,,,,,,,,,,,,,,,,,,,,,,,,,,,,,,,,,,,,,,,,,,,,,,,,,,,,,,,,,,,,,
2026-04-05T17:20:24.736345Z,"{'#attributes': {'Qualifiers': 16384}, '#text': 1004}",WIN-TTCPK05807O,Microsoft-Windows-Security-SPP,Application,455,4,,,,,,,,,,,,,,,,,,Windows(R) UL phone License (Public),b899f630-f898-473e-a41b-4da31a5e2885,,,,,,,,,,,,,,,,,,,,,,,,,,,,,,,,,,,,,,,,,,,,,,,,,,,,,,,,,,,,,,,,
2026-04-05T17:20:24.737127Z,"{'#attributes': {'Qualifiers': 16384}, '#text': 1004}",WIN-TTCPK05807O,Microsoft-Windows-Security-SPP,Application,456,4,,,,,,,,,,,,,,,,,,Windows(R) UL phone License (Private),d0302109-ddcf-462c-aa25-3287ddbb72db,,,,,,,,,,,,,,,,,,,,,,,,,,,,,,,,,,,,,,,,,,,,,,,,,,,,,,,,,,,,,,,,
2026-04-05T17:20:24.746909Z,"{'#attributes': {'Qualifiers': 16384}, '#text': 1004}",WIN-TTCPK05807O,Microsoft-Windows-Security-SPP,Application,457,4,,,,,,,,,,,,,,,,,,Windows(R) UL store License (Public),7278623d-0293-47c0-9cf3-aabc4ef7aa97,,,,,,,,,,,,,,,,,,,,,,,,,,,,,,,,,,,,,,,,,,,,,,,,,,,,,,,,,,,,,,,,
2026-04-05T17:20:24.747794Z,"{'#attributes': {'Qualifiers': 16384}, '#text': 1004}",WIN-TTCPK05807O,Microsoft-Windows-Security-SPP,Application,458,4,,,,,,,,,,,,,,,,,,Windows(R) UL store License (Private),16f38736-d665-440d-9b15-16ba35ef5dc8,,,,,,,,,,,,,,,,,,,,,,,,,,,,,,,,,,,,,,,,,,,,,,,,,,,,,,,,,,,,,,,,
2026-04-05T17:20:24.764048Z,"{'#attributes': {'Qualifiers': 16384}, '#text': 1004}",WIN-TTCPK05807O,Microsoft-Windows-Security-SPP,Application,459,4,,,,,,,,,,,,,,,,,,Windows(R) Publishing License (Public),40468ac9-ce3e-4d98-bd7e-75116407d8ff,,,,,,,,,,,,,,,,,,,,,,,,,,,,,,,,,,,,,,,,,,,,,,,,,,,,,,,,,,,,,,,,
2026-04-05T17:20:24.765077Z,"{'#attributes': {'Qualifiers': 16384}, '#text': 1004}",WIN-TTCPK05807O,Microsoft-Windows-Security-SPP,Application,460,4,,,,,,,,,,,,,,,,,,Windows(R) Publishing License (Private),5230ec3e-0e15-445f-995f-86237e9845b9,,,,,,,,,,,,,,,,,,,,,,,,,,,,,,,,,,,,,,,,,,,,,,,,,,,,,,,,,,,,,,,,
2026-04-05T17:20:24.772512Z,"{'#attributes': {'Qualifiers': 16384}, '#text': 1004}",WIN-TTCPK05807O,Microsoft-Windows-Security-SPP,Application,461,4,,,,,,,,,,,,,,,,,,Windows(R) UL oob License (Public),887c4060-8572-4e4c-bb36-42151eb20818,,,,,,,,,,,,,,,,,,,,,,,,,,,,,,,,,,,,,,,,,,,,,,,,,,,,,,,,,,,,,,,,
2026-04-05T17:20:24.773056Z,"{'#attributes': {'Qualifiers': 16384}, '#text': 1004}",WIN-TTCPK05807O,Microsoft-Windows-Security-SPP,Application,462,4,,,,,,,,,,,,,,,,,,Windows(R) UL oob License (Private),c8436159-e239-4395-acf5-81f83e9c544d,,,,,,,,,,,,,,,,,,,,,,,,,,,,,,,,,,,,,,,,,,,,,,,,,,,,,,,,,,,,,,,,
2026-04-05T17:20:24.790335Z,"{'#attributes': {'Qualifiers': 16384}, '#text': 1004}",WIN-TTCPK05807O,Microsoft-Windows-Security-SPP,Application,463,4,,,,,,,,,,,,,,,,,,Windows(R) UL phone License (Public),e6dbd073-4354-489f-bf21-548f213bf28a,,,,,,,,,,,,,,,,,,,,,,,,,,,,,,,,,,,,,,,,,,,,,,,,,,,,,,,,,,,,,,,,
2026-04-05T17:20:24.791190Z,"{'#attributes': {'Qualifiers': 16384}, '#text': 1004}",WIN-TTCPK05807O,Microsoft-Windows-Security-SPP,Application,464,4,,,,,,,,,,,,,,,,,,Windows(R) UL phone License (Private),4d76db20-6368-41ec-98ea-e8b0f2980e10,,,,,,,,,,,,,,,,,,,,,,,,,,,,,,,,,,,,,,,,,,,,,,,,,,,,,,,,,,,,,,,,
2026-04-05T17:20:24.800310Z,"{'#attributes': {'Qualifiers': 16384}, '#text': 1004}",WIN-TTCPK05807O,Microsoft-Windows-Security-SPP,Application,465,4,,,,,,,,,,,,,,,,,,Windows(R) UL store License (Public),8fddce77-be91-406e-af63-8c9422fefdc6,,,,,,,,,,,,,,,,,,,,,,,,,,,,,,,,,,,,,,,,,,,,,,,,,,,,,,,,,,,,,,,,
2026-04-05T17:20:24.801151Z,"{'#attributes': {'Qualifiers': 16384}, '#text': 1004}",WIN-TTCPK05807O,Microsoft-Windows-Security-SPP,Application,466,4,,,,,,,,,,,,,,,,,,Windows(R) UL store License (Private),4f00ec23-ea81-4dc3-9cef-5db8ac38e0e7,,,,,,,,,,,,,,,,,,,,,,,,,,,,,,,,,,,,,,,,,,,,,,,,,,,,,,,,,,,,,,,,
2026-04-05T17:20:24.810136Z,"{'#attributes': {'Qualifiers': 16384}, '#text': 1004}",WIN-TTCPK05807O,Microsoft-Windows-Security-SPP,Application,467,4,,,,,,,,,,,,,,,,,,Windows(R) Publishing License (Public),84cfc6f8-62bf-4376-b19c-694b3065c704,,,,,,,,,,,,,,,,,,,,,,,,,,,,,,,,,,,,,,,,,,,,,,,,,,,,,,,,,,,,,,,,
2026-04-05T17:20:24.810972Z,"{'#attributes': {'Qualifiers': 16384}, '#text': 1004}",WIN-TTCPK05807O,Microsoft-Windows-Security-SPP,Application,468,4,,,,,,,,,,,,,,,,,,Windows(R) Publishing License (Private),7d207855-e81c-4375-903b-f480b06c686b,,,,,,,,,,,,,,,,,,,,,,,,,,,,,,,,,,,,,,,,,,,,,,,,,,,,,,,,,,,,,,,,
2026-04-05T17:20:24.822625Z,"{'#attributes': {'Qualifiers': 16384}, '#text': 1004}",WIN-TTCPK05807O,Microsoft-Windows-Security-SPP,Application,469,4,,,,,,,,,,,,,,,,,,Windows(R) UL oob License (Public),016fbd33-1c57-4329-af16-0ef6ac0145b1,,,,,,,,,,,,,,,,,,,,,,,,,,,,,,,,,,,,,,,,,,,,,,,,,,,,,,,,,,,,,,,,
2026-04-05T17:20:24.823280Z,"{'#attributes': {'Qualifiers': 16384}, '#text': 1004}",WIN-TTCPK05807O,Microsoft-Windows-Security-SPP,Application,470,4,,,,,,,,,,,,,,,,,,Windows(R) UL oob License (Private),4fa1de5f-5b2e-48e3-9e56-b21c59e41538,,,,,,,,,,,,,,,,,,,,,,,,,,,,,,,,,,,,,,,,,,,,,,,,,,,,,,,,,,,,,,,,
2026-04-05T17:20:24.835471Z,"{'#attributes': {'Qualifiers': 16384}, '#text': 1004}",WIN-TTCPK05807O,Microsoft-Windows-Security-SPP,Application,471,4,,,,,,,,,,,,,,,,,,Windows(R) UL phone License (Public),fdcbb46b-1a9b-404a-a4d2-c94da923d2ba,,,,,,,,,,,,,,,,,,,,,,,,,,,,,,,,,,,,,,,,,,,,,,,,,,,,,,,,,,,,,,,,
2026-04-05T17:20:24.836101Z,"{'#attributes': {'Qualifiers': 16384}, '#text': 1004}",WIN-TTCPK05807O,Microsoft-Windows-Security-SPP,Application,472,4,,,,,,,,,,,,,,,,,,Windows(R) UL phone License (Private),22f19026-eee7-47f3-8aea-8e8584617865,,,,,,,,,,,,,,,,,,,,,,,,,,,,,,,,,,,,,,,,,,,,,,,,,,,,,,,,,,,,,,,,
2026-04-05T17:20:24.843078Z,"{'#attributes': {'Qualifiers': 16384}, '#text': 1004}",WIN-TTCPK05807O,Microsoft-Windows-Security-SPP,Application,473,4,,,,,,,,,,,,,,,,,,Windows(R) UL store License (Public),20d1a483-77e1-48bb-a2ed-a6ff2a61e284,,,,,,,,,,,,,,,,,,,,,,,,,,,,,,,,,,,,,,,,,,,,,,,,,,,,,,,,,,,,,,,,
2026-04-05T17:20:24.843658Z,"{'#attributes': {'Qualifiers': 16384}, '#text': 1004}",WIN-TTCPK05807O,Microsoft-Windows-Security-SPP,Application,474,4,,,,,,,,,,,,,,,,,,Windows(R) UL store License (Private),badddc66-0721-4f06-98c8-c95b27848d84,,,,,,,,,,,,,,,,,,,,,,,,,,,,,,,,,,,,,,,,,,,,,,,,,,,,,,,,,,,,,,,,
2026-04-05T17:20:24.868739Z,"{'#attributes': {'Qualifiers': 16384}, '#text': 1004}",WIN-TTCPK05807O,Microsoft-Windows-Security-SPP,Application,475,4,,,,,,,,,,,,,,,,,,Windows(R) Publishing License (Public),34e6ed99-c973-43cc-9154-b0dd2ce81a5f,,,,,,,,,,,,,,,,,,,,,,,,,,,,,,,,,,,,,,,,,,,,,,,,,,,,,,,,,,,,,,,,
2026-04-05T17:20:24.869621Z,"{'#attributes': {'Qualifiers': 16384}, '#text': 1004}",WIN-TTCPK05807O,Microsoft-Windows-Security-SPP,Application,476,4,,,,,,,,,,,,,,,,,,Windows(R) Publishing License (Private),7a97bbfe-b5f7-4f13-8244-c645e048801f,,,,,,,,,,,,,,,,,,,,,,,,,,,,,,,,,,,,,,,,,,,,,,,,,,,,,,,,,,,,,,,,
2026-04-05T17:20:24.892370Z,"{'#attributes': {'Qualifiers': 16384}, '#text': 1004}",WIN-TTCPK05807O,Microsoft-Windows-Security-SPP,Application,477,4,,,,,,,,,,,,,,,,,,Windows(R) UL oob License (Public),8bd2836c-0edb-49cd-bee1-21e731422ba9,,,,,,,,,,,,,,,,,,,,,,,,,,,,,,,,,,,,,,,,,,,,,,,,,,,,,,,,,,,,,,,,
2026-04-05T17:20:24.893054Z,"{'#attributes': {'Qualifiers': 16384}, '#text': 1004}",WIN-TTCPK05807O,Microsoft-Windows-Security-SPP,Application,478,4,,,,,,,,,,,,,,,,,,Windows(R) UL oob License (Private),abf531c4-c5ad-40b7-b6bf-7ed0e091a1fb,,,,,,,,,,,,,,,,,,,,,,,,,,,,,,,,,,,,,,,,,,,,,,,,,,,,,,,,,,,,,,,,
2026-04-05T17:20:24.917525Z,"{'#attributes': {'Qualifiers': 16384}, '#text': 1004}",WIN-TTCPK05807O,Microsoft-Windows-Security-SPP,Application,479,4,,,,,,,,,,,,,,,,,,Windows(R) UL phone License (Public),6b065f77-5460-4195-bd13-e98f376b709e,,,,,,,,,,,,,,,,,,,,,,,,,,,,,,,,,,,,,,,,,,,,,,,,,,,,,,,,,,,,,,,,
2026-04-05T17:20:24.918395Z,"{'#attributes': {'Qualifiers': 16384}, '#text': 1004}",WIN-TTCPK05807O,Microsoft-Windows-Security-SPP,Application,480,4,,,,,,,,,,,,,,,,,,Windows(R) UL phone License (Private),98ec9145-bcab-4391-b929-b0548e6d53d1,,,,,,,,,,,,,,,,,,,,,,,,,,,,,,,,,,,,,,,,,,,,,,,,,,,,,,,,,,,,,,,,
2026-04-05T17:20:24.934858Z,"{'#attributes': {'Qualifiers': 16384}, '#text': 1004}",WIN-TTCPK05807O,Microsoft-Windows-Security-SPP,Application,481,4,,,,,,,,,,,,,,,,,,Windows(R) UL store License (Public),6306141e-8558-4468-89f2-471d74f39257,,,,,,,,,,,,,,,,,,,,,,,,,,,,,,,,,,,,,,,,,,,,,,,,,,,,,,,,,,,,,,,,
2026-04-05T17:20:24.935517Z,"{'#attributes': {'Qualifiers': 16384}, '#text': 1004}",WIN-TTCPK05807O,Microsoft-Windows-Security-SPP,Application,482,4,,,,,,,,,,,,,,,,,,Windows(R) UL store License (Private),ceb5fe86-889d-42d3-848b-926b5e6159a9,,,,,,,,,,,,,,,,,,,,,,,,,,,,,,,,,,,,,,,,,,,,,,,,,,,,,,,,,,,,,,,,
2026-04-05T17:20:24.958534Z,"{'#attributes': {'Qualifiers': 16384}, '#text': 1004}",WIN-TTCPK05807O,Microsoft-Windows-Security-SPP,Application,483,4,,,,,,,,,,,,,,,,,,Windows(R) UL oob License (Public),1528cf6a-d6a3-4e75-a3b8-3f1a2340248e,,,,,,,,,,,,,,,,,,,,,,,,,,,,,,,,,,,,,,,,,,,,,,,,,,,,,,,,,,,,,,,,
2026-04-05T17:20:24.959180Z,"{'#attributes': {'Qualifiers': 16384}, '#text': 1004}",WIN-TTCPK05807O,Microsoft-Windows-Security-SPP,Application,484,4,,,,,,,,,,,,,,,,,,Windows(R) UL oob License (Private),1bbf1f81-fdbe-4c14-a215-3a66a524bec6,,,,,,,,,,,,,,,,,,,,,,,,,,,,,,,,,,,,,,,,,,,,,,,,,,,,,,,,,,,,,,,,
2026-04-05T17:20:24.975067Z,"{'#attributes': {'Qualifiers': 16384}, '#text': 1004}",WIN-TTCPK05807O,Microsoft-Windows-Security-SPP,Application,485,4,,,,,,,,,,,,,,,,,,Windows(R) UL oem License (Public),87d56bca-dc76-4d4c-a607-385992859d04,,,,,,,,,,,,,,,,,,,,,,,,,,,,,,,,,,,,,,,,,,,,,,,,,,,,,,,,,,,,,,,,
2026-04-05T17:20:24.978549Z,"{'#attributes': {'Qualifiers': 16384}, '#text': 1004}",WIN-TTCPK05807O,Microsoft-Windows-Security-SPP,Application,486,4,,,,,,,,,,,,,,,,,,Windows(R) UL oem License (Private),1790d283-8137-4868-939e-5ab88082f8d2,,,,,,,,,,,,,,,,,,,,,,,,,,,,,,,,,,,,,,,,,,,,,,,,,,,,,,,,,,,,,,,,
2026-04-05T17:20:24.992044Z,"{'#attributes': {'Qualifiers': 16384}, '#text': 1004}",WIN-TTCPK05807O,Microsoft-Windows-Security-SPP,Application,487,4,,,,,,,,,,,,,,,,,,Windows(R) UL oob License (Public),3750574c-15e0-478c-9aa7-2a1b4f719bd9,,,,,,,,,,,,,,,,,,,,,,,,,,,,,,,,,,,,,,,,,,,,,,,,,,,,,,,,,,,,,,,,
2026-04-05T17:20:24.992614Z,"{'#attributes': {'Qualifiers': 16384}, '#text': 1004}",WIN-TTCPK05807O,Microsoft-Windows-Security-SPP,Application,488,4,,,,,,,,,,,,,,,,,,Windows(R) UL oob License (Private),3943bf23-1978-4524-954b-16f4ceb4fbcd,,,,,,,,,,,,,,,,,,,,,,,,,,,,,,,,,,,,,,,,,,,,,,,,,,,,,,,,,,,,,,,,
2026-04-05T17:20:25.015815Z,"{'#attributes': {'Qualifiers': 16384}, '#text': 1004}",WIN-TTCPK05807O,Microsoft-Windows-Security-SPP,Application,489,4,,,,,,,,,,,,,,,,,,Windows(R) UL oem License (Public),61c41d8e-5020-459f-adef-ec0013be28fb,,,,,,,,,,,,,,,,,,,,,,,,,,,,,,,,,,,,,,,,,,,,,,,,,,,,,,,,,,,,,,,,
2026-04-05T17:20:25.016792Z,"{'#attributes': {'Qualifiers': 16384}, '#text': 1004}",WIN-TTCPK05807O,Microsoft-Windows-Security-SPP,Application,490,4,,,,,,,,,,,,,,,,,,Windows(R) UL oem License (Private),1f245a27-4b27-4983-b148-39c575a28d6a,,,,,,,,,,,,,,,,,,,,,,,,,,,,,,,,,,,,,,,,,,,,,,,,,,,,,,,,,,,,,,,,
2026-04-05T17:20:25.033709Z,"{'#attributes': {'Qualifiers': 16384}, '#text': 1004}",WIN-TTCPK05807O,Microsoft-Windows-Security-SPP,Application,491,4,,,,,,,,,,,,,,,,,,Windows(R) Publishing License (Public),0a648869-9368-42e4-adba-80e6a8a6e228,,,,,,,,,,,,,,,,,,,,,,,,,,,,,,,,,,,,,,,,,,,,,,,,,,,,,,,,,,,,,,,,
2026-04-05T17:20:25.034503Z,"{'#attributes': {'Qualifiers': 16384}, '#text': 1004}",WIN-TTCPK05807O,Microsoft-Windows-Security-SPP,Application,492,4,,,,,,,,,,,,,,,,,,Windows(R) Publishing License (Private),8ba6dc57-4673-487d-84e0-0c1524d8a30a,,,,,,,,,,,,,,,,,,,,,,,,,,,,,,,,,,,,,,,,,,,,,,,,,,,,,,,,,,,,,,,,
2026-04-05T17:20:25.058134Z,"{'#attributes': {'Qualifiers': 16384}, '#text': 1004}",WIN-TTCPK05807O,Microsoft-Windows-Security-SPP,Application,493,4,,,,,,,,,,,,,,,,,,Windows(R) UL oob License (Public),33f2c5c8-8ae9-48c8-ba9a-bb68d7ad440f,,,,,,,,,,,,,,,,,,,,,,,,,,,,,,,,,,,,,,,,,,,,,,,,,,,,,,,,,,,,,,,,
2026-04-05T17:20:25.059004Z,"{'#attributes': {'Qualifiers': 16384}, '#text': 1004}",WIN-TTCPK05807O,Microsoft-Windows-Security-SPP,Application,494,4,,,,,,,,,,,,,,,,,,Windows(R) UL oob License (Private),3e0b88cb-69c7-4053-aeb2-0bb5adb2d119,,,,,,,,,,,,,,,,,,,,,,,,,,,,,,,,,,,,,,,,,,,,,,,,,,,,,,,,,,,,,,,,
2026-04-05T17:20:25.092498Z,"{'#attributes': {'Qualifiers': 16384}, '#text': 1004}",WIN-TTCPK05807O,Microsoft-Windows-Security-SPP,Application,495,4,,,,,,,,,,,,,,,,,,Windows(R) UL phone License (Public),f8375737-9c1c-491a-b1b7-e528e1c495d5,,,,,,,,,,,,,,,,,,,,,,,,,,,,,,,,,,,,,,,,,,,,,,,,,,,,,,,,,,,,,,,,
2026-04-05T17:20:25.093398Z,"{'#attributes': {'Qualifiers': 16384}, '#text': 1004}",WIN-TTCPK05807O,Microsoft-Windows-Security-SPP,Application,496,4,,,,,,,,,,,,,,,,,,Windows(R) UL phone License (Private),b8c8b2a4-efab-4126-93ec-c97cc26f9088,,,,,,,,,,,,,,,,,,,,,,,,,,,,,,,,,,,,,,,,,,,,,,,,,,,,,,,,,,,,,,,,
2026-04-05T17:20:25.104311Z,"{'#attributes': {'Qualifiers': 16384}, '#text': 1004}",WIN-TTCPK05807O,Microsoft-Windows-Security-SPP,Application,497,4,,,,,,,,,,,,,,,,,,Windows(R) UL store License (Public),3947db28-451a-4e56-be2c-306a6c9a8afa,,,,,,,,,,,,,,,,,,,,,,,,,,,,,,,,,,,,,,,,,,,,,,,,,,,,,,,,,,,,,,,,
2026-04-05T17:20:25.105204Z,"{'#attributes': {'Qualifiers': 16384}, '#text': 1004}",WIN-TTCPK05807O,Microsoft-Windows-Security-SPP,Application,498,4,,,,,,,,,,,,,,,,,,Windows(R) UL store License (Private),6a450b9d-86ec-44ee-88e3-42e10dc5d095,,,,,,,,,,,,,,,,,,,,,,,,,,,,,,,,,,,,,,,,,,,,,,,,,,,,,,,,,,,,,,,,
2026-04-05T17:20:25.120849Z,"{'#attributes': {'Qualifiers': 16384}, '#text': 1004}",WIN-TTCPK05807O,Microsoft-Windows-Security-SPP,Application,499,4,,,,,,,,,,,,,,,,,,Windows(R) ServerDatacenter Product PPD License,b6a2bc00-26e9-88c3-aeb0-de0a47caa1e9,,,,,,,,,,,,,,,,,,,,,,,,,,,,,,,,,,,,,,,,,,,,,,,,,,,,,,,,,,,,,,,,
2026-04-05T17:20:25.130016Z,"{'#attributes': {'Qualifiers': 16384}, '#text': 1004}",WIN-TTCPK05807O,Microsoft-Windows-Security-SPP,Application,500,4,,,,,,,,,,,,,,,,,,Windows(R) Publishing License (Public),e46193d0-551f-4241-b203-14f98270eda4,,,,,,,,,,,,,,,,,,,,,,,,,,,,,,,,,,,,,,,,,,,,,,,,,,,,,,,,,,,,,,,,
2026-04-05T17:20:25.130903Z,"{'#attributes': {'Qualifiers': 16384}, '#text': 1004}",WIN-TTCPK05807O,Microsoft-Windows-Security-SPP,Application,501,4,,,,,,,,,,,,,,,,,,Windows(R) Publishing License (Private),e8c90c43-ea84-4625-90f4-b3c53aa12ca5,,,,,,,,,,,,,,,,,,,,,,,,,,,,,,,,,,,,,,,,,,,,,,,,,,,,,,,,,,,,,,,,
2026-04-05T17:20:25.147338Z,"{'#attributes': {'Qualifiers': 16384}, '#text': 1004}",WIN-TTCPK05807O,Microsoft-Windows-Security-SPP,Application,502,4,,,,,,,,,,,,,,,,,,Windows(R) UL oob License (Public),7a542013-4644-4e23-ab4a-cd1380f550ba,,,,,,,,,,,,,,,,,,,,,,,,,,,,,,,,,,,,,,,,,,,,,,,,,,,,,,,,,,,,,,,,
2026-04-05T17:20:25.148228Z,"{'#attributes': {'Qualifiers': 16384}, '#text': 1004}",WIN-TTCPK05807O,Microsoft-Windows-Security-SPP,Application,503,4,,,,,,,,,,,,,,,,,,Windows(R) UL oob License (Private),c278ffe8-73d3-4a50-8cf0-ad78149f46a7,,,,,,,,,,,,,,,,,,,,,,,,,,,,,,,,,,,,,,,,,,,,,,,,,,,,,,,,,,,,,,,,
2026-04-05T17:20:25.159321Z,"{'#attributes': {'Qualifiers': 16384}, '#text': 1004}",WIN-TTCPK05807O,Microsoft-Windows-Security-SPP,Application,504,4,,,,,,,,,,,,,,,,,,Windows(R) UL phone License (Public),95f7121c-e098-454d-88bb-47922078ade7,,,,,,,,,,,,,,,,,,,,,,,,,,,,,,,,,,,,,,,,,,,,,,,,,,,,,,,,,,,,,,,,
2026-04-05T17:20:25.160134Z,"{'#attributes': {'Qualifiers': 16384}, '#text': 1004}",WIN-TTCPK05807O,Microsoft-Windows-Security-SPP,Application,505,4,,,,,,,,,,,,,,,,,,Windows(R) UL phone License (Private),b3f22e65-642e-4062-b0d6-ce6f61be0f74,,,,,,,,,,,,,,,,,,,,,,,,,,,,,,,,,,,,,,,,,,,,,,,,,,,,,,,,,,,,,,,,
2026-04-05T17:20:25.171546Z,"{'#attributes': {'Qualifiers': 16384}, '#text': 1004}",WIN-TTCPK05807O,Microsoft-Windows-Security-SPP,Application,506,4,,,,,,,,,,,,,,,,,,Windows(R) UL store License (Public),5e140801-5dc2-4870-96e1-8fc782a2b018,,,,,,,,,,,,,,,,,,,,,,,,,,,,,,,,,,,,,,,,,,,,,,,,,,,,,,,,,,,,,,,,
2026-04-05T17:20:25.172153Z,"{'#attributes': {'Qualifiers': 16384}, '#text': 1004}",WIN-TTCPK05807O,Microsoft-Windows-Security-SPP,Application,507,4,,,,,,,,,,,,,,,,,,Windows(R) UL store License (Private),da14583d-5638-4dc8-8b42-84da2b3a178d,,,,,,,,,,,,,,,,,,,,,,,,,,,,,,,,,,,,,,,,,,,,,,,,,,,,,,,,,,,,,,,,
2026-04-05T17:20:25.191110Z,"{'#attributes': {'Qualifiers': 16384}, '#text': 1004}",WIN-TTCPK05807O,Microsoft-Windows-Security-SPP,Application,508,4,,,,,,,,,,,,,,,,,,Windows(R) Publishing License (Public),07b6cff2-39a0-4e72-b755-262959748650,,,,,,,,,,,,,,,,,,,,,,,,,,,,,,,,,,,,,,,,,,,,,,,,,,,,,,,,,,,,,,,,
2026-04-05T17:20:25.194147Z,"{'#attributes': {'Qualifiers': 16384}, '#text': 1004}",WIN-TTCPK05807O,Microsoft-Windows-Security-SPP,Application,509,4,,,,,,,,,,,,,,,,,,Windows(R) Publishing License (Private),8a863d5e-e7ec-4f39-8d44-c3a2efb6424f,,,,,,,,,,,,,,,,,,,,,,,,,,,,,,,,,,,,,,,,,,,,,,,,,,,,,,,,,,,,,,,,
2026-04-05T17:20:25.205487Z,"{'#attributes': {'Qualifiers': 16384}, '#text': 1004}",WIN-TTCPK05807O,Microsoft-Windows-Security-SPP,Application,510,4,,,,,,,,,,,,,,,,,,Windows(R) UL oob License (Public),db64cf40-1eda-4e3b-8dd3-14eb9b77a59b,,,,,,,,,,,,,,,,,,,,,,,,,,,,,,,,,,,,,,,,,,,,,,,,,,,,,,,,,,,,,,,,
2026-04-05T17:20:25.206113Z,"{'#attributes': {'Qualifiers': 16384}, '#text': 1004}",WIN-TTCPK05807O,Microsoft-Windows-Security-SPP,Application,511,4,,,,,,,,,,,,,,,,,,Windows(R) UL oob License (Private),bde7b1e4-ae63-47d6-a3e9-1e873f9c9c18,,,,,,,,,,,,,,,,,,,,,,,,,,,,,,,,,,,,,,,,,,,,,,,,,,,,,,,,,,,,,,,,
2026-04-05T17:20:25.216333Z,"{'#attributes': {'Qualifiers': 16384}, '#text': 1004}",WIN-TTCPK05807O,Microsoft-Windows-Security-SPP,Application,512,4,,,,,,,,,,,,,,,,,,Windows(R) UL phone License (Public),8d4094ae-bfb3-48b7-8b74-87ba00397215,,,,,,,,,,,,,,,,,,,,,,,,,,,,,,,,,,,,,,,,,,,,,,,,,,,,,,,,,,,,,,,,
2026-04-05T17:20:25.224919Z,"{'#attributes': {'Qualifiers': 16384}, '#text': 1004}",WIN-TTCPK05807O,Microsoft-Windows-Security-SPP,Application,513,4,,,,,,,,,,,,,,,,,,Windows(R) UL phone License (Private),575ca442-4854-432d-b87f-cd0bac7663cf,,,,,,,,,,,,,,,,,,,,,,,,,,,,,,,,,,,,,,,,,,,,,,,,,,,,,,,,,,,,,,,,
2026-04-05T17:20:25.255207Z,"{'#attributes': {'Qualifiers': 16384}, '#text': 1004}",WIN-TTCPK05807O,Microsoft-Windows-Security-SPP,Application,514,4,,,,,,,,,,,,,,,,,,Windows(R) UL store License (Public),28b6c506-d3f3-4e92-aaf2-cdcdf8128b3a,,,,,,,,,,,,,,,,,,,,,,,,,,,,,,,,,,,,,,,,,,,,,,,,,,,,,,,,,,,,,,,,
2026-04-05T17:20:25.256167Z,"{'#attributes': {'Qualifiers': 16384}, '#text': 1004}",WIN-TTCPK05807O,Microsoft-Windows-Security-SPP,Application,515,4,,,,,,,,,,,,,,,,,,Windows(R) UL store License (Private),6cff4860-ff4f-4594-bf5f-894584b8edf0,,,,,,,,,,,,,,,,,,,,,,,,,,,,,,,,,,,,,,,,,,,,,,,,,,,,,,,,,,,,,,,,
2026-04-05T17:20:25.279970Z,"{'#attributes': {'Qualifiers': 16384}, '#text': 1004}",WIN-TTCPK05807O,Microsoft-Windows-Security-SPP,Application,516,4,,,,,,,,,,,,,,,,,,Windows(R) Publishing License (Public),2b1c7215-2516-48e2-ba08-a566bc28de31,,,,,,,,,,,,,,,,,,,,,,,,,,,,,,,,,,,,,,,,,,,,,,,,,,,,,,,,,,,,,,,,
2026-04-05T17:20:25.283209Z,"{'#attributes': {'Qualifiers': 16384}, '#text': 1004}",WIN-TTCPK05807O,Microsoft-Windows-Security-SPP,Application,517,4,,,,,,,,,,,,,,,,,,Windows(R) Publishing License (Private),1b7953b2-5711-4eb7-8fee-fee1605e01a9,,,,,,,,,,,,,,,,,,,,,,,,,,,,,,,,,,,,,,,,,,,,,,,,,,,,,,,,,,,,,,,,
2026-04-05T17:20:25.301167Z,"{'#attributes': {'Qualifiers': 16384}, '#text': 1004}",WIN-TTCPK05807O,Microsoft-Windows-Security-SPP,Application,518,4,,,,,,,,,,,,,,,,,,Windows(R) UL oob License (Public),55dea916-d76d-477b-83ce-6e04c7ef0f21,,,,,,,,,,,,,,,,,,,,,,,,,,,,,,,,,,,,,,,,,,,,,,,,,,,,,,,,,,,,,,,,
2026-04-05T17:20:25.301843Z,"{'#attributes': {'Qualifiers': 16384}, '#text': 1004}",WIN-TTCPK05807O,Microsoft-Windows-Security-SPP,Application,519,4,,,,,,,,,,,,,,,,,,Windows(R) UL oob License (Private),8be4179b-3e7a-47ba-b84a-fa3dd14c25c3,,,,,,,,,,,,,,,,,,,,,,,,,,,,,,,,,,,,,,,,,,,,,,,,,,,,,,,,,,,,,,,,
2026-04-05T17:20:25.323872Z,"{'#attributes': {'Qualifiers': 16384}, '#text': 1004}",WIN-TTCPK05807O,Microsoft-Windows-Security-SPP,Application,520,4,,,,,,,,,,,,,,,,,,Windows(R) UL phone License (Public),af8b9f0a-71a7-49c6-8278-73b8cc81f5bf,,,,,,,,,,,,,,,,,,,,,,,,,,,,,,,,,,,,,,,,,,,,,,,,,,,,,,,,,,,,,,,,
2026-04-05T17:20:25.324522Z,"{'#attributes': {'Qualifiers': 16384}, '#text': 1004}",WIN-TTCPK05807O,Microsoft-Windows-Security-SPP,Application,521,4,,,,,,,,,,,,,,,,,,Windows(R) UL phone License (Private),64dc8689-5dfe-4d7b-9874-146c2f946184,,,,,,,,,,,,,,,,,,,,,,,,,,,,,,,,,,,,,,,,,,,,,,,,,,,,,,,,,,,,,,,,
2026-04-05T17:20:25.338038Z,"{'#attributes': {'Qualifiers': 16384}, '#text': 1004}",WIN-TTCPK05807O,Microsoft-Windows-Security-SPP,Application,522,4,,,,,,,,,,,,,,,,,,Windows(R) UL store License (Public),25ca78d2-da41-40bd-9032-62a721e0dcfe,,,,,,,,,,,,,,,,,,,,,,,,,,,,,,,,,,,,,,,,,,,,,,,,,,,,,,,,,,,,,,,,
2026-04-05T17:20:25.338686Z,"{'#attributes': {'Qualifiers': 16384}, '#text': 1004}",WIN-TTCPK05807O,Microsoft-Windows-Security-SPP,Application,523,4,,,,,,,,,,,,,,,,,,Windows(R) UL store License (Private),33db38f4-2e35-4ee8-8f7d-32c75ab7e087,,,,,,,,,,,,,,,,,,,,,,,,,,,,,,,,,,,,,,,,,,,,,,,,,,,,,,,,,,,,,,,,
2026-04-05T17:20:25.352026Z,"{'#attributes': {'Qualifiers': 16384}, '#text': 1004}",WIN-TTCPK05807O,Microsoft-Windows-Security-SPP,Application,524,4,,,,,,,,,,,,,,,,,,Windows(R) Publishing License (Public),178e3263-5f03-4dd5-822c-42831f576d3f,,,,,,,,,,,,,,,,,,,,,,,,,,,,,,,,,,,,,,,,,,,,,,,,,,,,,,,,,,,,,,,,
2026-04-05T17:20:25.352914Z,"{'#attributes': {'Qualifiers': 16384}, '#text': 1004}",WIN-TTCPK05807O,Microsoft-Windows-Security-SPP,Application,525,4,,,,,,,,,,,,,,,,,,Windows(R) Publishing License (Private),653fa93c-547e-4414-8c44-2a13a02b0bda,,,,,,,,,,,,,,,,,,,,,,,,,,,,,,,,,,,,,,,,,,,,,,,,,,,,,,,,,,,,,,,,
2026-04-05T17:20:25.372160Z,"{'#attributes': {'Qualifiers': 16384}, '#text': 1004}",WIN-TTCPK05807O,Microsoft-Windows-Security-SPP,Application,526,4,,,,,,,,,,,,,,,,,,Windows(R) UL oob License (Public),c260225e-6211-4899-a08f-812be3320436,,,,,,,,,,,,,,,,,,,,,,,,,,,,,,,,,,,,,,,,,,,,,,,,,,,,,,,,,,,,,,,,
2026-04-05T17:20:25.372826Z,"{'#attributes': {'Qualifiers': 16384}, '#text': 1004}",WIN-TTCPK05807O,Microsoft-Windows-Security-SPP,Application,527,4,,,,,,,,,,,,,,,,,,Windows(R) UL oob License (Private),6b03eebe-d52a-4cf4-8bbb-1602b29e420b,,,,,,,,,,,,,,,,,,,,,,,,,,,,,,,,,,,,,,,,,,,,,,,,,,,,,,,,,,,,,,,,
2026-04-05T17:20:25.395992Z,"{'#attributes': {'Qualifiers': 16384}, '#text': 1004}",WIN-TTCPK05807O,Microsoft-Windows-Security-SPP,Application,528,4,,,,,,,,,,,,,,,,,,Windows(R) UL phone License (Public),b82f44a0-074d-4a02-b6cd-6beac441b23f,,,,,,,,,,,,,,,,,,,,,,,,,,,,,,,,,,,,,,,,,,,,,,,,,,,,,,,,,,,,,,,,
2026-04-05T17:20:25.396677Z,"{'#attributes': {'Qualifiers': 16384}, '#text': 1004}",WIN-TTCPK05807O,Microsoft-Windows-Security-SPP,Application,529,4,,,,,,,,,,,,,,,,,,Windows(R) UL phone License (Private),1d2e4f7f-bc91-433b-91f5-5e2f12bce1ab,,,,,,,,,,,,,,,,,,,,,,,,,,,,,,,,,,,,,,,,,,,,,,,,,,,,,,,,,,,,,,,,
2026-04-05T17:20:25.416212Z,"{'#attributes': {'Qualifiers': 16384}, '#text': 1004}",WIN-TTCPK05807O,Microsoft-Windows-Security-SPP,Application,530,4,,,,,,,,,,,,,,,,,,Windows(R) UL store License (Public),4aa5d99b-78f6-4498-8074-c4bd47777394,,,,,,,,,,,,,,,,,,,,,,,,,,,,,,,,,,,,,,,,,,,,,,,,,,,,,,,,,,,,,,,,
2026-04-05T17:20:25.416887Z,"{'#attributes': {'Qualifiers': 16384}, '#text': 1004}",WIN-TTCPK05807O,Microsoft-Windows-Security-SPP,Application,531,4,,,,,,,,,,,,,,,,,,Windows(R) UL store License (Private),c5f79188-6fb2-44ba-9043-cc27a3529853,,,,,,,,,,,,,,,,,,,,,,,,,,,,,,,,,,,,,,,,,,,,,,,,,,,,,,,,,,,,,,,,
2026-04-05T17:20:25.429899Z,"{'#attributes': {'Qualifiers': 16384}, '#text': 1004}",WIN-TTCPK05807O,Microsoft-Windows-Security-SPP,Application,532,4,,,,,,,,,,,,,,,,,,Windows(R) UL oob License (Public),5e380a5f-551f-4421-8c10-bff3ba78c301,,,,,,,,,,,,,,,,,,,,,,,,,,,,,,,,,,,,,,,,,,,,,,,,,,,,,,,,,,,,,,,,
2026-04-05T17:20:25.430761Z,"{'#attributes': {'Qualifiers': 16384}, '#text': 1004}",WIN-TTCPK05807O,Microsoft-Windows-Security-SPP,Application,533,4,,,,,,,,,,,,,,,,,,Windows(R) UL oob License (Private),a6a435c2-a2e2-4018-af33-29bade537969,,,,,,,,,,,,,,,,,,,,,,,,,,,,,,,,,,,,,,,,,,,,,,,,,,,,,,,,,,,,,,,,
2026-04-05T17:20:25.456088Z,"{'#attributes': {'Qualifiers': 16384}, '#text': 1004}",WIN-TTCPK05807O,Microsoft-Windows-Security-SPP,Application,534,4,,,,,,,,,,,,,,,,,,Windows(R) UL volume License (Public),98a0c7ef-8796-4ef7-b47b-0ca8de634335,,,,,,,,,,,,,,,,,,,,,,,,,,,,,,,,,,,,,,,,,,,,,,,,,,,,,,,,,,,,,,,,
2026-04-05T17:20:25.456772Z,"{'#attributes': {'Qualifiers': 16384}, '#text': 1004}",WIN-TTCPK05807O,Microsoft-Windows-Security-SPP,Application,535,4,,,,,,,,,,,,,,,,,,Windows(R) UL volume License (Private),707dcaa8-afaf-4af8-83f2-76a8308e2f06,,,,,,,,,,,,,,,,,,,,,,,,,,,,,,,,,,,,,,,,,,,,,,,,,,,,,,,,,,,,,,,,
2026-04-05T17:20:25.472882Z,"{'#attributes': {'Qualifiers': 16384}, '#text': 1004}",WIN-TTCPK05807O,Microsoft-Windows-Security-SPP,Application,536,4,,,,,,,,,,,,,,,,,,Windows(R) Publishing License (Public),9b41648d-418c-48a0-a2d3-2b4174a22ac5,,,,,,,,,,,,,,,,,,,,,,,,,,,,,,,,,,,,,,,,,,,,,,,,,,,,,,,,,,,,,,,,
2026-04-05T17:20:25.473598Z,"{'#attributes': {'Qualifiers': 16384}, '#text': 1004}",WIN-TTCPK05807O,Microsoft-Windows-Security-SPP,Application,537,4,,,,,,,,,,,,,,,,,,Windows(R) Publishing License (Private),7bbee204-bd2e-4d82-a4ab-1ea9fb77dbdc,,,,,,,,,,,,,,,,,,,,,,,,,,,,,,,,,,,,,,,,,,,,,,,,,,,,,,,,,,,,,,,,
2026-04-05T17:20:25.536320Z,"{'#attributes': {'Qualifiers': 16384}, '#text': 1004}",WIN-TTCPK05807O,Microsoft-Windows-Security-SPP,Application,538,4,,,,,,,,,,,,,,,,,,Windows(R) UL oob License (Public),e3cd4671-e3b8-4015-a38a-2e32d373d4f3,,,,,,,,,,,,,,,,,,,,,,,,,,,,,,,,,,,,,,,,,,,,,,,,,,,,,,,,,,,,,,,,
2026-04-05T17:20:25.537100Z,"{'#attributes': {'Qualifiers': 16384}, '#text': 1004}",WIN-TTCPK05807O,Microsoft-Windows-Security-SPP,Application,539,4,,,,,,,,,,,,,,,,,,Windows(R) UL oob License (Private),d3569129-5c30-424f-8cdb-aba1eb15dabc,,,,,,,,,,,,,,,,,,,,,,,,,,,,,,,,,,,,,,,,,,,,,,,,,,,,,,,,,,,,,,,,
2026-04-05T17:20:25.576500Z,"{'#attributes': {'Qualifiers': 16384}, '#text': 1004}",WIN-TTCPK05807O,Microsoft-Windows-Security-SPP,Application,540,4,,,,,,,,,,,,,,,,,,Windows(R) UL phone License (Public),a054e6ec-3530-45f5-a3db-14fdefc5edb4,,,,,,,,,,,,,,,,,,,,,,,,,,,,,,,,,,,,,,,,,,,,,,,,,,,,,,,,,,,,,,,,
2026-04-05T17:20:25.577277Z,"{'#attributes': {'Qualifiers': 16384}, '#text': 1004}",WIN-TTCPK05807O,Microsoft-Windows-Security-SPP,Application,541,4,,,,,,,,,,,,,,,,,,Windows(R) UL phone License (Private),c4fddacf-92a9-4d8c-a8f1-7e8b797b7172,,,,,,,,,,,,,,,,,,,,,,,,,,,,,,,,,,,,,,,,,,,,,,,,,,,,,,,,,,,,,,,,
2026-04-05T17:20:25.616283Z,"{'#attributes': {'Qualifiers': 16384}, '#text': 1004}",WIN-TTCPK05807O,Microsoft-Windows-Security-SPP,Application,542,4,,,,,,,,,,,,,,,,,,Windows(R) UL store License (Public),147d4a6b-d42d-4a72-b6c1-8c88349a62a7,,,,,,,,,,,,,,,,,,,,,,,,,,,,,,,,,,,,,,,,,,,,,,,,,,,,,,,,,,,,,,,,
2026-04-05T17:20:25.617047Z,"{'#attributes': {'Qualifiers': 16384}, '#text': 1004}",WIN-TTCPK05807O,Microsoft-Windows-Security-SPP,Application,543,4,,,,,,,,,,,,,,,,,,Windows(R) UL store License (Private),8c4bf57a-bcf3-46db-a6aa-f20bb4740485,,,,,,,,,,,,,,,,,,,,,,,,,,,,,,,,,,,,,,,,,,,,,,,,,,,,,,,,,,,,,,,,
2026-04-05T17:20:25.650861Z,"{'#attributes': {'Qualifiers': 16384}, '#text': 1004}",WIN-TTCPK05807O,Microsoft-Windows-Security-SPP,Application,544,4,,,,,,,,,,,,,,,,,,Windows(R) UL oob License (Public),5c83923d-28b1-445e-aade-17ef3ba18061,,,,,,,,,,,,,,,,,,,,,,,,,,,,,,,,,,,,,,,,,,,,,,,,,,,,,,,,,,,,,,,,
2026-04-05T17:20:25.651759Z,"{'#attributes': {'Qualifiers': 16384}, '#text': 1004}",WIN-TTCPK05807O,Microsoft-Windows-Security-SPP,Application,545,4,,,,,,,,,,,,,,,,,,Windows(R) UL oob License (Private),04cb6185-859e-447e-9dc5-d75a90db64ec,,,,,,,,,,,,,,,,,,,,,,,,,,,,,,,,,,,,,,,,,,,,,,,,,,,,,,,,,,,,,,,,
2026-04-05T17:20:25.665853Z,"{'#attributes': {'Qualifiers': 16384}, '#text': 1004}",WIN-TTCPK05807O,Microsoft-Windows-Security-SPP,Application,546,4,,,,,,,,,,,,,,,,,,Windows(R) UL inherited License (Public),d4c96d18-58be-4e1f-8c70-092299ab1f5b,,,,,,,,,,,,,,,,,,,,,,,,,,,,,,,,,,,,,,,,,,,,,,,,,,,,,,,,,,,,,,,,
2026-04-05T17:20:25.666451Z,"{'#attributes': {'Qualifiers': 16384}, '#text': 1004}",WIN-TTCPK05807O,Microsoft-Windows-Security-SPP,Application,547,4,,,,,,,,,,,,,,,,,,Windows(R) UL inherited License (Private),1a3ecbee-cbb8-4385-bd9e-cf3d8abb5417,,,,,,,,,,,,,,,,,,,,,,,,,,,,,,,,,,,,,,,,,,,,,,,,,,,,,,,,,,,,,,,,
2026-04-05T17:20:25.944389Z,"{'#attributes': {'Qualifiers': 16384}, '#text': 16389}",WIN-TTCPK05807O,Microsoft-Windows-Security-SPP,Application,548,4,,,,,,,,,,,,,,,,,0xC004D30B,,,,,,,,,,,,,,,,,,,,,,,,,,,,,,,,,,,,,,,,,,,,,,,,,,,,,,,,,,,,,,,,,,
2026-04-05T17:20:26.104992Z,"{'#attributes': {'Qualifiers': 16384}, '#text': 1034}",WIN-TTCPK05807O,Microsoft-Windows-Security-SPP,Application,549,4,,,,,,,,,,,,,,,,,,AAD-AddDeviceJoinUserToAdminGroup-Policy,100,,,,,,,,,,,,,,,,,,,,,,,,,,,,,,,,,,,,,,,,,,,,,,,,,,,,,,,,,,,,,,,,
2026-04-05T17:20:26.105785Z,"{'#attributes': {'Qualifiers': 16384}, '#text': 1034}",WIN-TTCPK05807O,Microsoft-Windows-Security-SPP,Application,550,4,,,,,,,,,,,,,,,,,,Security-SPP-WriteWauMarker,500,,,,,,,,,,,,,,,,,,,,,,,,,,,,,,,,,,,,,,,,,,,,,,,,,,,,,,,,,,,,,,,,
2026-04-05T17:20:26.300573Z,"{'#attributes': {'Qualifiers': 32768}, '#text': 1018}",WIN-TTCPK05807O,Microsoft-Windows-Security-SPP,Application,551,4,,,,,,,,,,,,,,,,,0x00000000,,,,,,,,,,,,,,,,,,,,,,,,,,,,,,,,,,,,,,,,,,,,,,,,,,,,,,,,,,,,,,,,,,
2026-04-05T17:20:26.301229Z,"{'#attributes': {'Qualifiers': 32768}, '#text': 1016}",WIN-TTCPK05807O,Microsoft-Windows-Security-SPP,Application,552,4,,,,,,,,,,,,,,,,,0x00000000,,,,,,,,,,,,,,,,,,,,,,,,,,,,,,,,,,,,,,,,,,,,,,,,,,,,,,,,,,,,,,,,,,
2026-04-05T17:20:26.319407Z,"{'#attributes': {'Qualifiers': 16384}, '#text': 1003}",WIN-TTCPK05807O,Microsoft-Windows-Security-SPP,Application,553,4,,,,,,,,,,,,,,,,,,55c92734-d682-4d71-983e-d6ec3f16059f,"
1: 0b646350-5349-4013-b1be-4100d1a7fa38, 1, 0 [(0 [0xC004F014, 0, 0], [(?)(?)(?)(?)(?)(?)(?)(?)])(1 )(2 )(3 )]
2: 10d661ba-f2e3-445c-8e92-200e1e05e9e1, 1, 0 [(0 )(1 )(2 [0xC004E003, 0, 0], [( 1 0xC004F034)( 1 0xC004F034)(?)(?)(?)(?)(?)(?)])(3 [0x00000000, 0, 0], [( 6 0xC004F009 0 0)( 1 0x00000000)( 6 0xC004F009 0 0)(?)(?)(?)( 10 0x00000000 msft:rm/algorithm/flags/1.0)( 11 0x00000000 0xC004F034)])]
3: 2033816d-9d16-44bb-8f08-412ff45f38bf, 1, 0 [(0 [0xC004F014, 0, 0], [(?)(?)(?)(?)(?)(?)(?)(?)])(1 )(2 )(3 )]
4: 653ae55c-1d53-427b-be51-15bc1841fca7, 1, 0 [(0 [0xC004F014, 0, 0], [(?)(?)(?)(?)(?)(?)(?)(?)])(1 )(2 )(3 )]
5: 66c20db7-ff1e-4f87-a915-4e03715da35f, 1, 0 [(0 [0xC004F014, 0, 0], [(?)(?)(?)(?)(?)(?)(?)(?)])(1 )(2 )(3 )]
6: 6bad0243-1c35-46b2-b8e6-7a853e37413f, 1, 0 [(0 [0xC004F014, 0, 0], [(?)(?)(?)(?)(?)(?)(?)(?)])(1 )(2 )(3 )]
7: 82fcf64d-f9dd-4411-9c79-f2eed16d4eb8, 1, 0 [(0 [0xC004F014, 0, 0], [(?)(?)(?)(?)(?)(?)(?)(?)])(1 )(2 )(3 )]
8: 84e331f6-4279-48c4-ab10-b75139181351, 1, 0 [(0 [0xC004F014, 0, 0], [(?)(?)(?)(?)(?)(?)(?)(?)])(1 )(2 )(3 )]
9: 9e232465-2ade-4a33-a277-702010a84adb, 1, 0 [(0 [0xC004F014, 0, 0], [(?)(?)(?)(?)(?)(?)(?)(?)])(1 )(2 )(3 )]
10: a1da5f8f-7553-42c5-b0b4-6f27c4d74240, 1, 0 [(0 [0xC004F014, 0, 0], [(?)(?)(?)(?)(?)(?)(?)(?)])(1 )(2 )(3 )]
11: a2004bef-6ff1-48f9-8328-41ce1cd5ee79, 1, 0 [(0 [0xC004F014, 0, 0], [(?)(?)(?)(?)(?)(?)(?)(?)])(1 )(2 )(3 )]
12: c052f164-cdf6-409a-a0cb-853ba0f0f55a, 1, 0 [(0 [0xC004F014, 0, 0], [(?)(?)(?)(?)(?)(?)(?)(?)])(1 )(2 )(3 )]
13: e5b79126-7250-4d27-ad42-0eeb23db5771, 1, 0 [(0 [0xC004F014, 0, 0], [(?)(?)(?)(?)(?)(?)(?)(?)])(1 )(2 )(3 )]
14: f15a5790-90b7-4674-8fd4-e187ba426ad2, 1, 0 [(0 [0xC004F014, 0, 0], [(?)(?)(?)(?)(?)(?)(?)(?)])(1 )(2 )(3 )]

",,,,,,,,,,,,,,,,,,,,,,,,,,,,,,,,,,,,,,,,,,,,,,,,,,,,,,,,,,,,,,,,
2026-04-05T17:20:26.563610Z,"{'#attributes': {'Qualifiers': 16384}, '#text': 902}",WIN-TTCPK05807O,Microsoft-Windows-Security-SPP,Application,554,0,,,,,,,,,,,,,,,,,10.0.26100.32522,,,,,,,,,,,,,,,,,,,,,,,,,,,,,,,,,,,,,,,,,,,,,,,,,,,,,,,,,,,,,,,,,,
2026-04-05T17:20:26.565535Z,"{'#attributes': {'Qualifiers': 16384}, '#text': 16388}",WIN-TTCPK05807O,Microsoft-Windows-Security-SPP,Application,555,4,,,,,,,,,,,,,,,,,,2026-04-05T17:20:26Z,2026-04-05T17:20:26Z,,,,,,,,,,,,,,,,,,,,,,,,,,,,,,,,,,,,,,,,,,,,,,,,,,,,,,,,,,,,,,,,
2026-04-05T17:20:26.789314Z,"{'#attributes': {'Qualifiers': 16384}, '#text': 8230}",WIN-TTCPK05807O,Microsoft-Windows-Security-SPP,Application,556,4,,,,,,,,,,,,,,,,,Security-SPP-Action-StateData (REG_SZ) =AppId=55c92734-d682-4d71-983e-d6ec3f16059f;LastConsumptionReason=0xc004f034;LastNotificationId=NeverActivated;LicenseState=SL_LICENSING_STATUS_NOTIFICATION;PartialProductKey=FVYT6;ProductKeyType=Volume:MAK;SkuId=10d661ba-f2e3-445c-8e92-200e1e05e9e1;ruleId=31e71c49-8da7-4a2f-ad92-45d98a1c79ba;uxDifferentiator=RETAIL,,,,,,,,,,,,,,,,,,,,,,,,,,,,,,,,,,,,,,,,,,,,,,,,,,,,,,,,,,,,,,,,,,
2026-04-05T17:20:26.922881Z,"{'#attributes': {'Qualifiers': 49152}, '#text': 8198}",WIN-TTCPK05807O,Microsoft-Windows-Security-SPP,Application,557,2,,,,,,,,,,,,,,,,,,hr=0x80004005,RuleId=31e71c49-8da7-4a2f-ad92-45d98a1c79ba;Action=AutoActivate;AppId=55c92734-d682-4d71-983e-d6ec3f16059f;SkuId=10d661ba-f2e3-445c-8e92-200e1e05e9e1;NotificationInterval=1440;Trigger=NetworkAvailable,,,,,,,,,,,,,,,,,,,,,,,,,,,,,,,,,,,,,,,,,,,,,,,,,,,,,,,,,,,,,,,,
2026-04-05T17:20:35.750929Z,5617,WIN-TTCPK05807O,Microsoft-Windows-WMI,Application,558,4,,,,,,,,,,,,,,,,,,,,,,,,,,,,,,,,,,,,,,,,,,,,,,,,,,,,,,,,,,,,,,,,,,,,,,,,,,,,,,,,,,,
2026-04-05T17:20:36.688493Z,63,WIN-TTCPK05807O,DMWmiBridgeProv,Application,559,3,,,,,,,,,,,,,,,,,,,,,,,,,,,,,,,,,,,,,,,root\cimv2\mdm\dmmap,,,,,,,,,,,,,,,,,,,,,,,,,,,,,http://manifests.microsoft.com/win/2006/windows/WMI,,,,,,,,,,,,,,,
2026-04-05T17:20:36.690436Z,63,WIN-TTCPK05807O,DMWmiBridgeProv,Application,560,3,,,,,,,,,,,,,,,,,,,,,,,,,,,,,,,,,,,,,,,root\cimv2\mdm\dmmap,,,,,,,,,,,,,,,,,,,,,,,,,,,,,http://manifests.microsoft.com/win/2006/windows/WMI,,,,,,,,,,,,,,,
2026-04-05T17:20:36.692129Z,63,WIN-TTCPK05807O,DMWmiBridgeProv,Application,561,3,,,,,,,,,,,,,,,,,,,,,,,,,,,,,,,,,,,,,,,root\cimv2\mdm\dmmap,,,,,,,,,,,,,,,,,,,,,,,,,,,,,http://manifests.microsoft.com/win/2006/windows/WMI,,,,,,,,,,,,,,,
2026-04-05T17:20:36.941353Z,63,WIN-TTCPK05807O,DMWmiBridgeProv1,Application,562,3,,,,,,,,,,,,,,,,,,,,,,,,,,,,,,,,,,,,,,,root\cimv2\mdm\dmmap,,,,,,,,,,,,,,,,,,,,,,,,,,,,,http://manifests.microsoft.com/win/2006/windows/WMI,,,,,,,,,,,,,,,
2026-04-05T17:20:36.943362Z,63,WIN-TTCPK05807O,DMWmiBridgeProv1,Application,563,3,,,,,,,,,,,,,,,,,,,,,,,,,,,,,,,,,,,,,,,root\cimv2\mdm\dmmap,,,,,,,,,,,,,,,,,,,,,,,,,,,,,http://manifests.microsoft.com/win/2006/windows/WMI,,,,,,,,,,,,,,,
2026-04-05T17:20:36.945039Z,63,WIN-TTCPK05807O,DMWmiBridgeProv1,Application,564,3,,,,,,,,,,,,,,,,,,,,,,,,,,,,,,,,,,,,,,,root\cimv2\mdm\dmmap,,,,,,,,,,,,,,,,,,,,,,,,,,,,,http://manifests.microsoft.com/win/2006/windows/WMI,,,,,,,,,,,,,,,
2026-04-05T17:21:12.167467Z,"{'#attributes': {'Qualifiers': 32768}, '#text': 6004}",WIN-TTCPK05807O,Microsoft-Windows-Winlogon,Application,565,3,,,,,,69060000,,,,,,,,,,,TrustedInstaller,,,,,,,,,,,,,,,,,,,,,,,,,,,,,,,,,,,,,,,,,,,,,,,,,,,,,,,,,,,,,,,,,,
2026-04-05T17:21:12.422107Z,"{'#attributes': {'Qualifiers': 16384}, '#text': 903}",WIN-TTCPK05807O,Microsoft-Windows-Security-SPP,Application,566,0,,,,,,,,,,,,,,,,,,,,,,,,,,,,,,,,,,,,,,,,,,,,,,,,,,,,,,,,,,,,,,,,,,,,,,,,,,,,,,,,,,,
2026-04-05T17:21:12.410839Z,1532,WIN-TTCPK05807O,Microsoft-Windows-User Profiles Service,Application,567,4,,,,,,,,,,,,,,,,,,,,,,,,,,,,,,,,,,,,,,,,,,,,,,,,,,,,,,,,,,,,,,,,,,,,,,,,,,,,,,,,,,,
2026-04-05T17:21:24.067316Z,1531,WIN-TTCPK05807O,Microsoft-Windows-User Profiles Service,Application,568,4,,,,,,,,,,,,,,,,,,,,,,,,,,,,,,,,,,,,,,,,,,,,,,,,,,,,,,,,,,,,,,,,,,,,,,,,,,,,,,,,,,,
2026-04-05T17:21:24.963078Z,5615,WIN-TTCPK05807O,Microsoft-Windows-WMI,Application,569,4,,,,,,,,,,,,,,,,,,,,,,,,,,,,,,,,,,,,,,,,,,,,,,,,,,,,,,,,,,,,,,,,,,,,,,,,,,,,,,,,,,,
2026-04-05T17:21:28.244787Z,"{'#attributes': {'Qualifiers': 16384}, '#text': 900}",WIN-TTCPK05807O,Microsoft-Windows-Security-SPP,Application,570,4,,,,,,,,,,,,,,,,,TriggerStarted:6,,,,,,,,,,,,,,,,,,,,,,,,,,,,,,,,,,,,,,,,,,,,,,,,,,,,,,,,,,,,,,,,,,
2026-04-05T17:21:28.388739Z,"{'#attributes': {'Qualifiers': 49152}, '#text': 16394}",WIN-TTCPK05807O,Microsoft-Windows-Security-SPP,Application,571,4,,,,,,,,,,,,,,,,,,,,,,,,,,,,,,,,,,,,,,,,,,,,,,,,,,,,,,,,,,,,,,,,,,,,,,,,,,,,,,,,,,,
2026-04-05T17:21:28.533654Z,"{'#attributes': {'Qualifiers': 16384}, '#text': 1066}",WIN-TTCPK05807O,Microsoft-Windows-Security-SPP,Application,572,4,,,,,,,,,,,,,,,,,"C:\WINDOWS\system32\sppwinob.dll, msft:spp/windowsfunctionality/agent/7.0, 0x00000000, 0x00000000
C:\WINDOWS\system32\sppobjs.dll, msft:rm/algorithm/inherited/1.0, 0x00000000, 0x00000000
C:\WINDOWS\system32\sppobjs.dll, msft:rm/algorithm/phone/1.0, 0x00000000, 0x00000000
C:\WINDOWS\system32\sppobjs.dll, msft:rm/algorithm/pkey/detect, 0x00000000, 0x00000000
C:\WINDOWS\system32\sppobjs.dll, msft:spp/ActionScheduler/1.0, 0x00000000, 0x00000000
C:\WINDOWS\system32\sppobjs.dll, msft:spp/TaskScheduler/1.0, 0x00000000, 0x00000000
C:\WINDOWS\system32\sppobjs.dll, msft:spp/statecollector/pkey, 0x00000000, 0x00000000
C:\WINDOWS\system32\sppobjs.dll, msft:spp/volume/services/kms/1.0, 0x00000000, 0x00000000
C:\WINDOWS\system32\sppobjs.dll, msft:spp/volume/services/kms/activationinfo/1.0, 0x00000000, 0x00000000
",,,,,,,,,,,,,,,,,,,,,,,,,,,,,,,,,,,,,,,,,,,,,,,,,,,,,,,,,,,,,,,,,,
2026-04-05T17:21:28.560817Z,"{'#attributes': {'Qualifiers': 49152}, '#text': 16397}",WIN-TTCPK05807O,Microsoft-Windows-Security-SPP,Application,573,4,,,,,,,,,,,,,,,,,0x0000A8BF,,,,,,,,,,,,,,,,,,,,,,,,,,,,,,,,,,,,,,,,,,,,,,,,,,,,,,,,,,,,,,,,,,
