2026-05-29T22:05:52.475493Z,26,DC01.darkzero.htb,Microsoft-Windows-CertificationAuthority,Application,1803,4,,,,,,,,,,darkzero-DC01-CA,,,,,,  DC=,,,,,,,,,,,,,,,,,,,,,,,,,,,,,,,,,,,,,,,,,,,,,,,,,,,MSG_I_SERVER_STARTED,,,,,,,,,,,,,,,,
2026-05-29T22:05:57.182406Z,"{'#attributes': {'Qualifiers': 0}, '#text': 1000}",DC01.darkzero.htb,VGAuth,Application,1804,0,,,,,,,,,,,,,,,,,vmtoolsd: Username and password successfully validated for 'Administrator',,,,,,,,,,,,,,,,,,,,,,,,,,,,,,,,,,,,,,,,,,,,,,,,,,,,,,,,,,,,,,,,,,
2026-05-29T22:06:04.274273Z,"{'#attributes': {'Qualifiers': 0}, '#text': 1000}",DC01.darkzero.htb,VGAuth,Application,1805,0,,,,,,,,,,,,,,,,,vmtoolsd: Username and password successfully validated for 'Administrator',,,,,,,,,,,,,,,,,,,,,,,,,,,,,,,,,,,,,,,,,,,,,,,,,,,,,,,,,,,,,,,,,,
2026-05-29T22:06:04.870186Z,"{'#attributes': {'Qualifiers': 0}, '#text': 1000}",DC01.darkzero.htb,VGAuth,Application,1806,0,,,,,,,,,,,,,,,,,vmtoolsd: Username and password successfully validated for 'Administrator',,,,,,,,,,,,,,,,,,,,,,,,,,,,,,,,,,,,,,,,,,,,,,,,,,,,,,,,,,,,,,,,,,
2026-05-29T22:06:04.924231Z,"{'#attributes': {'Qualifiers': 0}, '#text': 1000}",DC01.darkzero.htb,VGAuth,Application,1807,0,,,,,,,,,,,,,,,,,vmtoolsd: Username and password successfully validated for 'Administrator',,,,,,,,,,,,,,,,,,,,,,,,,,,,,,,,,,,,,,,,,,,,,,,,,,,,,,,,,,,,,,,,,,
2026-05-29T22:06:04.984319Z,"{'#attributes': {'Qualifiers': 0}, '#text': 1000}",DC01.darkzero.htb,VGAuth,Application,1808,0,,,,,,,,,,,,,,,,,vmtoolsd: Username and password successfully validated for 'Administrator',,,,,,,,,,,,,,,,,,,,,,,,,,,,,,,,,,,,,,,,,,,,,,,,,,,,,,,,,,,,,,,,,,
2026-05-29T22:06:05.034313Z,"{'#attributes': {'Qualifiers': 0}, '#text': 1000}",DC01.darkzero.htb,VGAuth,Application,1809,0,,,,,,,,,,,,,,,,,vmtoolsd: Username and password successfully validated for 'Administrator',,,,,,,,,,,,,,,,,,,,,,,,,,,,,,,,,,,,,,,,,,,,,,,,,,,,,,,,,,,,,,,,,,
2026-05-29T22:06:05.096144Z,"{'#attributes': {'Qualifiers': 0}, '#text': 1000}",DC01.darkzero.htb,VGAuth,Application,1810,0,,,,,,,,,,,,,,,,,vmtoolsd: Username and password successfully validated for 'Administrator',,,,,,,,,,,,,,,,,,,,,,,,,,,,,,,,,,,,,,,,,,,,,,,,,,,,,,,,,,,,,,,,,,
2026-05-29T22:06:05.160275Z,"{'#attributes': {'Qualifiers': 0}, '#text': 1000}",DC01.darkzero.htb,VGAuth,Application,1811,0,,,,,,,,,,,,,,,,,vmtoolsd: Username and password successfully validated for 'Administrator',,,,,,,,,,,,,,,,,,,,,,,,,,,,,,,,,,,,,,,,,,,,,,,,,,,,,,,,,,,,,,,,,,
2026-05-29T22:06:07.261818Z,"{'#attributes': {'Qualifiers': 0}, '#text': 1000}",DC01.darkzero.htb,VGAuth,Application,1812,0,,,,,,,,,,,,,,,,,vmtoolsd: Username and password successfully validated for 'Administrator',,,,,,,,,,,,,,,,,,,,,,,,,,,,,,,,,,,,,,,,,,,,,,,,,,,,,,,,,,,,,,,,,,
2026-05-29T22:06:27.523502Z,"{'#attributes': {'Qualifiers': 0}, '#text': 1000}",DC01.darkzero.htb,VGAuth,Application,1813,0,,,,,,,,,,,,,,,,,vmtoolsd: Username and password successfully validated for 'Administrator',,,,,,,,,,,,,,,,,,,,,,,,,,,,,,,,,,,,,,,,,,,,,,,,,,,,,,,,,,,,,,,,,,
2026-05-29T22:06:27.953579Z,"{'#attributes': {'Qualifiers': 0}, '#text': 1000}",DC01.darkzero.htb,VGAuth,Application,1814,0,,,,,,,,,,,,,,,,,vmtoolsd: Username and password successfully validated for 'Administrator',,,,,,,,,,,,,,,,,,,,,,,,,,,,,,,,,,,,,,,,,,,,,,,,,,,,,,,,,,,,,,,,,,
2026-05-29T22:06:28.003806Z,"{'#attributes': {'Qualifiers': 0}, '#text': 1000}",DC01.darkzero.htb,VGAuth,Application,1815,0,,,,,,,,,,,,,,,,,vmtoolsd: Username and password successfully validated for 'Administrator',,,,,,,,,,,,,,,,,,,,,,,,,,,,,,,,,,,,,,,,,,,,,,,,,,,,,,,,,,,,,,,,,,
2026-05-29T22:06:28.061220Z,"{'#attributes': {'Qualifiers': 0}, '#text': 1000}",DC01.darkzero.htb,VGAuth,Application,1816,0,,,,,,,,,,,,,,,,,vmtoolsd: Username and password successfully validated for 'Administrator',,,,,,,,,,,,,,,,,,,,,,,,,,,,,,,,,,,,,,,,,,,,,,,,,,,,,,,,,,,,,,,,,,
2026-05-29T22:06:28.105631Z,"{'#attributes': {'Qualifiers': 0}, '#text': 1000}",DC01.darkzero.htb,VGAuth,Application,1817,0,,,,,,,,,,,,,,,,,vmtoolsd: Username and password successfully validated for 'Administrator',,,,,,,,,,,,,,,,,,,,,,,,,,,,,,,,,,,,,,,,,,,,,,,,,,,,,,,,,,,,,,,,,,
2026-05-29T22:06:28.156632Z,"{'#attributes': {'Qualifiers': 0}, '#text': 1000}",DC01.darkzero.htb,VGAuth,Application,1818,0,,,,,,,,,,,,,,,,,vmtoolsd: Username and password successfully validated for 'Administrator',,,,,,,,,,,,,,,,,,,,,,,,,,,,,,,,,,,,,,,,,,,,,,,,,,,,,,,,,,,,,,,,,,
2026-05-29T22:06:28.204951Z,"{'#attributes': {'Qualifiers': 0}, '#text': 1000}",DC01.darkzero.htb,VGAuth,Application,1819,0,,,,,,,,,,,,,,,,,vmtoolsd: Username and password successfully validated for 'Administrator',,,,,,,,,,,,,,,,,,,,,,,,,,,,,,,,,,,,,,,,,,,,,,,,,,,,,,,,,,,,,,,,,,
2026-05-29T22:06:47.711544Z,"{'#attributes': {'Qualifiers': 0}, '#text': 1000}",DC01.darkzero.htb,VGAuth,Application,1820,0,,,,,,,,,,,,,,,,,vmtoolsd: Username and password successfully validated for 'Administrator',,,,,,,,,,,,,,,,,,,,,,,,,,,,,,,,,,,,,,,,,,,,,,,,,,,,,,,,,,,,,,,,,,
2026-05-29T22:06:48.144279Z,"{'#attributes': {'Qualifiers': 0}, '#text': 1000}",DC01.darkzero.htb,VGAuth,Application,1821,0,,,,,,,,,,,,,,,,,vmtoolsd: Username and password successfully validated for 'Administrator',,,,,,,,,,,,,,,,,,,,,,,,,,,,,,,,,,,,,,,,,,,,,,,,,,,,,,,,,,,,,,,,,,
2026-05-29T22:06:48.211879Z,"{'#attributes': {'Qualifiers': 0}, '#text': 1000}",DC01.darkzero.htb,VGAuth,Application,1822,0,,,,,,,,,,,,,,,,,vmtoolsd: Username and password successfully validated for 'Administrator',,,,,,,,,,,,,,,,,,,,,,,,,,,,,,,,,,,,,,,,,,,,,,,,,,,,,,,,,,,,,,,,,,
2026-05-29T22:06:48.260321Z,"{'#attributes': {'Qualifiers': 0}, '#text': 1000}",DC01.darkzero.htb,VGAuth,Application,1823,0,,,,,,,,,,,,,,,,,vmtoolsd: Username and password successfully validated for 'Administrator',,,,,,,,,,,,,,,,,,,,,,,,,,,,,,,,,,,,,,,,,,,,,,,,,,,,,,,,,,,,,,,,,,
2026-05-29T22:06:48.305649Z,"{'#attributes': {'Qualifiers': 0}, '#text': 1000}",DC01.darkzero.htb,VGAuth,Application,1824,0,,,,,,,,,,,,,,,,,vmtoolsd: Username and password successfully validated for 'Administrator',,,,,,,,,,,,,,,,,,,,,,,,,,,,,,,,,,,,,,,,,,,,,,,,,,,,,,,,,,,,,,,,,,
2026-05-29T22:06:48.356880Z,"{'#attributes': {'Qualifiers': 0}, '#text': 1000}",DC01.darkzero.htb,VGAuth,Application,1825,0,,,,,,,,,,,,,,,,,vmtoolsd: Username and password successfully validated for 'Administrator',,,,,,,,,,,,,,,,,,,,,,,,,,,,,,,,,,,,,,,,,,,,,,,,,,,,,,,,,,,,,,,,,,
2026-05-29T22:06:48.418032Z,"{'#attributes': {'Qualifiers': 0}, '#text': 1000}",DC01.darkzero.htb,VGAuth,Application,1826,0,,,,,,,,,,,,,,,,,vmtoolsd: Username and password successfully validated for 'Administrator',,,,,,,,,,,,,,,,,,,,,,,,,,,,,,,,,,,,,,,,,,,,,,,,,,,,,,,,,,,,,,,,,,
2026-05-29T22:06:48.452776Z,"{'#attributes': {'Qualifiers': 0}, '#text': 1000}",DC01.darkzero.htb,VGAuth,Application,1827,0,,,,,,,,,,,,,,,,,vmtoolsd: Username and password successfully validated for 'Administrator',,,,,,,,,,,,,,,,,,,,,,,,,,,,,,,,,,,,,,,,,,,,,,,,,,,,,,,,,,,,,,,,,,
2026-05-29T22:06:52.606462Z,"{'#attributes': {'Qualifiers': 0}, '#text': 1000}",DC01.darkzero.htb,VGAuth,Application,1828,0,,,,,,,,,,,,,,,,,vmtoolsd: Username and password successfully validated for 'Administrator',,,,,,,,,,,,,,,,,,,,,,,,,,,,,,,,,,,,,,,,,,,,,,,,,,,,,,,,,,,,,,,,,,
2026-05-29T22:06:52.907232Z,"{'#attributes': {'Qualifiers': 0}, '#text': 1000}",DC01.darkzero.htb,VGAuth,Application,1829,0,,,,,,,,,,,,,,,,,vmtoolsd: Username and password successfully validated for 'Administrator',,,,,,,,,,,,,,,,,,,,,,,,,,,,,,,,,,,,,,,,,,,,,,,,,,,,,,,,,,,,,,,,,,
2026-05-29T22:06:55.085072Z,"{'#attributes': {'Qualifiers': 0}, '#text': 1000}",DC01.darkzero.htb,VGAuth,Application,1830,0,,,,,,,,,,,,,,,,,vmtoolsd: Username and password successfully validated for 'Administrator',,,,,,,,,,,,,,,,,,,,,,,,,,,,,,,,,,,,,,,,,,,,,,,,,,,,,,,,,,,,,,,,,,
2026-05-29T22:06:57.324807Z,"{'#attributes': {'Qualifiers': 0}, '#text': 1000}",DC01.darkzero.htb,VGAuth,Application,1831,0,,,,,,,,,,,,,,,,,vmtoolsd: Username and password successfully validated for 'Administrator',,,,,,,,,,,,,,,,,,,,,,,,,,,,,,,,,,,,,,,,,,,,,,,,,,,,,,,,,,,,,,,,,,
2026-05-29T22:06:59.561126Z,"{'#attributes': {'Qualifiers': 0}, '#text': 1000}",DC01.darkzero.htb,VGAuth,Application,1832,0,,,,,,,,,,,,,,,,,vmtoolsd: Username and password successfully validated for 'Administrator',,,,,,,,,,,,,,,,,,,,,,,,,,,,,,,,,,,,,,,,,,,,,,,,,,,,,,,,,,,,,,,,,,
2026-05-29T22:06:59.853002Z,"{'#attributes': {'Qualifiers': 0}, '#text': 1000}",DC01.darkzero.htb,VGAuth,Application,1833,0,,,,,,,,,,,,,,,,,vmtoolsd: Username and password successfully validated for 'Administrator',,,,,,,,,,,,,,,,,,,,,,,,,,,,,,,,,,,,,,,,,,,,,,,,,,,,,,,,,,,,,,,,,,
2026-05-29T22:07:00.272964Z,"{'#attributes': {'Qualifiers': 0}, '#text': 1000}",DC01.darkzero.htb,VGAuth,Application,1834,0,,,,,,,,,,,,,,,,,vmtoolsd: Username and password successfully validated for 'Administrator',,,,,,,,,,,,,,,,,,,,,,,,,,,,,,,,,,,,,,,,,,,,,,,,,,,,,,,,,,,,,,,,,,
2026-05-29T22:07:00.323191Z,"{'#attributes': {'Qualifiers': 0}, '#text': 1000}",DC01.darkzero.htb,VGAuth,Application,1835,0,,,,,,,,,,,,,,,,,vmtoolsd: Username and password successfully validated for 'Administrator',,,,,,,,,,,,,,,,,,,,,,,,,,,,,,,,,,,,,,,,,,,,,,,,,,,,,,,,,,,,,,,,,,
2026-05-29T22:07:00.372008Z,"{'#attributes': {'Qualifiers': 0}, '#text': 1000}",DC01.darkzero.htb,VGAuth,Application,1836,0,,,,,,,,,,,,,,,,,vmtoolsd: Username and password successfully validated for 'Administrator',,,,,,,,,,,,,,,,,,,,,,,,,,,,,,,,,,,,,,,,,,,,,,,,,,,,,,,,,,,,,,,,,,
2026-05-29T22:07:00.431781Z,"{'#attributes': {'Qualifiers': 0}, '#text': 1000}",DC01.darkzero.htb,VGAuth,Application,1837,0,,,,,,,,,,,,,,,,,vmtoolsd: Username and password successfully validated for 'Administrator',,,,,,,,,,,,,,,,,,,,,,,,,,,,,,,,,,,,,,,,,,,,,,,,,,,,,,,,,,,,,,,,,,
2026-05-29T22:07:00.478066Z,"{'#attributes': {'Qualifiers': 0}, '#text': 1000}",DC01.darkzero.htb,VGAuth,Application,1838,0,,,,,,,,,,,,,,,,,vmtoolsd: Username and password successfully validated for 'Administrator',,,,,,,,,,,,,,,,,,,,,,,,,,,,,,,,,,,,,,,,,,,,,,,,,,,,,,,,,,,,,,,,,,
2026-05-29T22:07:00.525735Z,"{'#attributes': {'Qualifiers': 0}, '#text': 1000}",DC01.darkzero.htb,VGAuth,Application,1839,0,,,,,,,,,,,,,,,,,vmtoolsd: Username and password successfully validated for 'Administrator',,,,,,,,,,,,,,,,,,,,,,,,,,,,,,,,,,,,,,,,,,,,,,,,,,,,,,,,,,,,,,,,,,
2026-05-29T22:07:00.566585Z,"{'#attributes': {'Qualifiers': 0}, '#text': 1000}",DC01.darkzero.htb,VGAuth,Application,1840,0,,,,,,,,,,,,,,,,,vmtoolsd: Username and password successfully validated for 'Administrator',,,,,,,,,,,,,,,,,,,,,,,,,,,,,,,,,,,,,,,,,,,,,,,,,,,,,,,,,,,,,,,,,,
2026-05-29T22:07:04.930100Z,"{'#attributes': {'Qualifiers': 0}, '#text': 1000}",DC01.darkzero.htb,VGAuth,Application,1841,0,,,,,,,,,,,,,,,,,vmtoolsd: Username and password successfully validated for 'Administrator',,,,,,,,,,,,,,,,,,,,,,,,,,,,,,,,,,,,,,,,,,,,,,,,,,,,,,,,,,,,,,,,,,
2026-05-29T22:07:05.204463Z,"{'#attributes': {'Qualifiers': 0}, '#text': 1000}",DC01.darkzero.htb,VGAuth,Application,1842,0,,,,,,,,,,,,,,,,,vmtoolsd: Username and password successfully validated for 'Administrator',,,,,,,,,,,,,,,,,,,,,,,,,,,,,,,,,,,,,,,,,,,,,,,,,,,,,,,,,,,,,,,,,,
2026-05-29T22:07:07.423419Z,"{'#attributes': {'Qualifiers': 0}, '#text': 1000}",DC01.darkzero.htb,VGAuth,Application,1843,0,,,,,,,,,,,,,,,,,vmtoolsd: Username and password successfully validated for 'Administrator',,,,,,,,,,,,,,,,,,,,,,,,,,,,,,,,,,,,,,,,,,,,,,,,,,,,,,,,,,,,,,,,,,
2026-05-29T22:07:09.567378Z,"{'#attributes': {'Qualifiers': 0}, '#text': 1000}",DC01.darkzero.htb,VGAuth,Application,1844,0,,,,,,,,,,,,,,,,,vmtoolsd: Username and password successfully validated for 'Administrator',,,,,,,,,,,,,,,,,,,,,,,,,,,,,,,,,,,,,,,,,,,,,,,,,,,,,,,,,,,,,,,,,,
2026-05-29T22:07:09.791329Z,"{'#attributes': {'Qualifiers': 0}, '#text': 1000}",DC01.darkzero.htb,VGAuth,Application,1845,0,,,,,,,,,,,,,,,,,vmtoolsd: Username and password successfully validated for 'Administrator',,,,,,,,,,,,,,,,,,,,,,,,,,,,,,,,,,,,,,,,,,,,,,,,,,,,,,,,,,,,,,,,,,
2026-05-29T22:07:10.190707Z,"{'#attributes': {'Qualifiers': 0}, '#text': 1000}",DC01.darkzero.htb,VGAuth,Application,1846,0,,,,,,,,,,,,,,,,,vmtoolsd: Username and password successfully validated for 'Administrator',,,,,,,,,,,,,,,,,,,,,,,,,,,,,,,,,,,,,,,,,,,,,,,,,,,,,,,,,,,,,,,,,,
2026-05-29T22:07:10.244859Z,"{'#attributes': {'Qualifiers': 0}, '#text': 1000}",DC01.darkzero.htb,VGAuth,Application,1847,0,,,,,,,,,,,,,,,,,vmtoolsd: Username and password successfully validated for 'Administrator',,,,,,,,,,,,,,,,,,,,,,,,,,,,,,,,,,,,,,,,,,,,,,,,,,,,,,,,,,,,,,,,,,
2026-05-29T22:07:10.292375Z,"{'#attributes': {'Qualifiers': 0}, '#text': 1000}",DC01.darkzero.htb,VGAuth,Application,1848,0,,,,,,,,,,,,,,,,,vmtoolsd: Username and password successfully validated for 'Administrator',,,,,,,,,,,,,,,,,,,,,,,,,,,,,,,,,,,,,,,,,,,,,,,,,,,,,,,,,,,,,,,,,,
2026-05-29T22:07:10.339377Z,"{'#attributes': {'Qualifiers': 0}, '#text': 1000}",DC01.darkzero.htb,VGAuth,Application,1849,0,,,,,,,,,,,,,,,,,vmtoolsd: Username and password successfully validated for 'Administrator',,,,,,,,,,,,,,,,,,,,,,,,,,,,,,,,,,,,,,,,,,,,,,,,,,,,,,,,,,,,,,,,,,
2026-05-29T22:07:10.386992Z,"{'#attributes': {'Qualifiers': 0}, '#text': 1000}",DC01.darkzero.htb,VGAuth,Application,1850,0,,,,,,,,,,,,,,,,,vmtoolsd: Username and password successfully validated for 'Administrator',,,,,,,,,,,,,,,,,,,,,,,,,,,,,,,,,,,,,,,,,,,,,,,,,,,,,,,,,,,,,,,,,,
2026-05-29T22:07:10.443670Z,"{'#attributes': {'Qualifiers': 0}, '#text': 1000}",DC01.darkzero.htb,VGAuth,Application,1851,0,,,,,,,,,,,,,,,,,vmtoolsd: Username and password successfully validated for 'Administrator',,,,,,,,,,,,,,,,,,,,,,,,,,,,,,,,,,,,,,,,,,,,,,,,,,,,,,,,,,,,,,,,,,
2026-05-29T22:07:10.590382Z,"{'#attributes': {'Qualifiers': 0}, '#text': 1000}",DC01.darkzero.htb,VGAuth,Application,1852,0,,,,,,,,,,,,,,,,,vmtoolsd: Username and password successfully validated for 'Administrator',,,,,,,,,,,,,,,,,,,,,,,,,,,,,,,,,,,,,,,,,,,,,,,,,,,,,,,,,,,,,,,,,,
2026-05-29T22:07:16.321727Z,"{'#attributes': {'Qualifiers': 0}, '#text': 1000}",DC01.darkzero.htb,VGAuth,Application,1853,0,,,,,,,,,,,,,,,,,vmtoolsd: Username and password successfully validated for 'Administrator',,,,,,,,,,,,,,,,,,,,,,,,,,,,,,,,,,,,,,,,,,,,,,,,,,,,,,,,,,,,,,,,,,
2026-05-29T22:07:16.526663Z,"{'#attributes': {'Qualifiers': 0}, '#text': 1000}",DC01.darkzero.htb,VGAuth,Application,1854,0,,,,,,,,,,,,,,,,,vmtoolsd: Username and password successfully validated for 'Administrator',,,,,,,,,,,,,,,,,,,,,,,,,,,,,,,,,,,,,,,,,,,,,,,,,,,,,,,,,,,,,,,,,,
2026-05-29T22:07:18.758850Z,"{'#attributes': {'Qualifiers': 0}, '#text': 1000}",DC01.darkzero.htb,VGAuth,Application,1855,0,,,,,,,,,,,,,,,,,vmtoolsd: Username and password successfully validated for 'Administrator',,,,,,,,,,,,,,,,,,,,,,,,,,,,,,,,,,,,,,,,,,,,,,,,,,,,,,,,,,,,,,,,,,
2026-05-29T22:07:18.977372Z,"{'#attributes': {'Qualifiers': 0}, '#text': 1000}",DC01.darkzero.htb,VGAuth,Application,1856,0,,,,,,,,,,,,,,,,,vmtoolsd: Username and password successfully validated for 'Administrator',,,,,,,,,,,,,,,,,,,,,,,,,,,,,,,,,,,,,,,,,,,,,,,,,,,,,,,,,,,,,,,,,,
2026-05-29T22:07:19.480307Z,"{'#attributes': {'Qualifiers': 0}, '#text': 1000}",DC01.darkzero.htb,VGAuth,Application,1857,0,,,,,,,,,,,,,,,,,vmtoolsd: Username and password successfully validated for 'Administrator',,,,,,,,,,,,,,,,,,,,,,,,,,,,,,,,,,,,,,,,,,,,,,,,,,,,,,,,,,,,,,,,,,
2026-05-29T22:07:19.540091Z,"{'#attributes': {'Qualifiers': 0}, '#text': 1000}",DC01.darkzero.htb,VGAuth,Application,1858,0,,,,,,,,,,,,,,,,,vmtoolsd: Username and password successfully validated for 'Administrator',,,,,,,,,,,,,,,,,,,,,,,,,,,,,,,,,,,,,,,,,,,,,,,,,,,,,,,,,,,,,,,,,,
2026-05-29T22:07:19.585313Z,"{'#attributes': {'Qualifiers': 0}, '#text': 1000}",DC01.darkzero.htb,VGAuth,Application,1859,0,,,,,,,,,,,,,,,,,vmtoolsd: Username and password successfully validated for 'Administrator',,,,,,,,,,,,,,,,,,,,,,,,,,,,,,,,,,,,,,,,,,,,,,,,,,,,,,,,,,,,,,,,,,
2026-05-29T22:07:19.635388Z,"{'#attributes': {'Qualifiers': 0}, '#text': 1000}",DC01.darkzero.htb,VGAuth,Application,1860,0,,,,,,,,,,,,,,,,,vmtoolsd: Username and password successfully validated for 'Administrator',,,,,,,,,,,,,,,,,,,,,,,,,,,,,,,,,,,,,,,,,,,,,,,,,,,,,,,,,,,,,,,,,,
2026-05-29T22:07:19.684789Z,"{'#attributes': {'Qualifiers': 0}, '#text': 1000}",DC01.darkzero.htb,VGAuth,Application,1861,0,,,,,,,,,,,,,,,,,vmtoolsd: Username and password successfully validated for 'Administrator',,,,,,,,,,,,,,,,,,,,,,,,,,,,,,,,,,,,,,,,,,,,,,,,,,,,,,,,,,,,,,,,,,
2026-05-29T22:07:19.734527Z,"{'#attributes': {'Qualifiers': 0}, '#text': 1000}",DC01.darkzero.htb,VGAuth,Application,1862,0,,,,,,,,,,,,,,,,,vmtoolsd: Username and password successfully validated for 'Administrator',,,,,,,,,,,,,,,,,,,,,,,,,,,,,,,,,,,,,,,,,,,,,,,,,,,,,,,,,,,,,,,,,,
2026-05-29T22:07:19.769820Z,"{'#attributes': {'Qualifiers': 0}, '#text': 1000}",DC01.darkzero.htb,VGAuth,Application,1863,0,,,,,,,,,,,,,,,,,vmtoolsd: Username and password successfully validated for 'Administrator',,,,,,,,,,,,,,,,,,,,,,,,,,,,,,,,,,,,,,,,,,,,,,,,,,,,,,,,,,,,,,,,,,
2026-05-29T22:07:22.425745Z,"{'#attributes': {'Qualifiers': 16384}, '#text': 900}",DC01.darkzero.htb,Microsoft-Windows-Security-SPP,Application,1864,4,,,,,,,,,,,,,,,,,<explicit>,,,,,,,,,,,,,,,,,,,,,,,,,,,,,,,,,,,,,,,,,,,,,,,,,,,,,,,,,,,,,,,,,,
2026-05-29T22:07:22.841196Z,"{'#attributes': {'Qualifiers': 49152}, '#text': 16394}",DC01.darkzero.htb,Microsoft-Windows-Security-SPP,Application,1865,4,,,,,,,,,,,,,,,,,,,,,,,,,,,,,,,,,,,,,,,,,,,,,,,,,,,,,,,,,,,,,,,,,,,,,,,,,,,,,,,,,,,
2026-05-29T22:07:23.017916Z,"{'#attributes': {'Qualifiers': 16384}, '#text': 1066}",DC01.darkzero.htb,Microsoft-Windows-Security-SPP,Application,1866,4,,,,,,,,,,,,,,,,,"C:\WINDOWS\system32\sppwinob.dll, msft:spp/windowsfunctionality/agent/7.0, 0x00000000, 0x00000000
C:\WINDOWS\system32\sppobjs.dll, msft:rm/algorithm/inherited/1.0, 0x00000000, 0x00000000
C:\WINDOWS\system32\sppobjs.dll, msft:rm/algorithm/phone/1.0, 0x00000000, 0x00000000
C:\WINDOWS\system32\sppobjs.dll, msft:rm/algorithm/pkey/detect, 0x00000000, 0x00000000
C:\WINDOWS\system32\sppobjs.dll, msft:spp/ActionScheduler/1.0, 0x00000000, 0x00000000
C:\WINDOWS\system32\sppobjs.dll, msft:spp/TaskScheduler/1.0, 0x00000000, 0x00000000
C:\WINDOWS\system32\sppobjs.dll, msft:spp/statecollector/pkey, 0x00000000, 0x00000000
C:\WINDOWS\system32\sppobjs.dll, msft:spp/volume/services/kms/1.0, 0x00000000, 0x00000000
C:\WINDOWS\system32\sppobjs.dll, msft:spp/volume/services/kms/activationinfo/1.0, 0x00000000, 0x00000000
",,,,,,,,,,,,,,,,,,,,,,,,,,,,,,,,,,,,,,,,,,,,,,,,,,,,,,,,,,,,,,,,,,
2026-05-29T22:07:23.030699Z,"{'#attributes': {'Qualifiers': 16384}, '#text': 16389}",DC01.darkzero.htb,Microsoft-Windows-Security-SPP,Application,1867,4,,,,,,,,,,,,,,,,,0xC004D30B,,,,,,,,,,,,,,,,,,,,,,,,,,,,,,,,,,,,,,,,,,,,,,,,,,,,,,,,,,,,,,,,,,
2026-05-29T22:07:23.122300Z,"{'#attributes': {'Qualifiers': 16384}, '#text': 1040}",DC01.darkzero.htb,Microsoft-Windows-Security-SPP,Application,1868,4,,,,,,5A0000000A002C0000000000030001000100010000000000010001000000A276F2C90C5CE6B7DFE0DE24FC1467B0C1BFA29A0D0001000101000201000301000401000500000601000700000801000901000A01000B00000C01002C0000000000030001000100010000000000010001000000E86182510C5CE6B7DFE0DE24FC1467B04D15A29A,,,,,,,,,,,,55c92734-d682-4d71-983e-d6ec3f16059f,10d661ba-f2e3-445c-8e92-200e1e05e9e1,,,,,,,,,,,,,,,,,,,,,,,,,,,,,,,,,,,,,,,,,,,,,,,,,,,,,,,,,,,,,,,,
2026-05-29T22:07:23.264814Z,"{'#attributes': {'Qualifiers': 16384}, '#text': 1003}",DC01.darkzero.htb,Microsoft-Windows-Security-SPP,Application,1869,4,,,,,,,,,,,,,,,,,,55c92734-d682-4d71-983e-d6ec3f16059f,"
1: 0b646350-5349-4013-b1be-4100d1a7fa38, 1, 0 [(0 [0xC004F014, 0, 0], [(?)(?)(?)(?)(?)(?)(?)(?)])(1 )(2 )(3 )]
2: 10d661ba-f2e3-445c-8e92-200e1e05e9e1, 1, 1 [(0 [0x00000000, 1, 0], [(?)( 1 0x00000000)(?)( 2 0x00000000 0 0 msft:rm/algorithm/hwid/4.0 0x00000000 0)(?)(?)( 10 0x00000000 msft:rm/algorithm/flags/1.0)(?)])(1 )(2 )(3 )]
3: 2033816d-9d16-44bb-8f08-412ff45f38bf, 1, 0 [(0 [0xC004F014, 0, 0], [(?)(?)(?)(?)(?)(?)(?)(?)])(1 )(2 )(3 )]
4: 653ae55c-1d53-427b-be51-15bc1841fca7, 1, 0 [(0 [0xC004F014, 0, 0], [(?)(?)(?)(?)(?)(?)(?)(?)])(1 )(2 )(3 )]
5: 66c20db7-ff1e-4f87-a915-4e03715da35f, 1, 0 [(0 [0xC004F014, 0, 0], [(?)(?)(?)(?)(?)(?)(?)(?)])(1 )(2 )(3 )]
6: 6bad0243-1c35-46b2-b8e6-7a853e37413f, 1, 0 [(0 [0xC004F014, 0, 0], [(?)(?)(?)(?)(?)(?)(?)(?)])(1 )(2 )(3 )]
7: 82fcf64d-f9dd-4411-9c79-f2eed16d4eb8, 1, 0 [(0 [0xC004F014, 0, 0], [(?)(?)(?)(?)(?)(?)(?)(?)])(1 )(2 )(3 )]
8: 84e331f6-4279-48c4-ab10-b75139181351, 1, 0 [(0 [0xC004F014, 0, 0], [(?)(?)(?)(?)(?)(?)(?)(?)])(1 )(2 )(3 )]
9: 9e232465-2ade-4a33-a277-702010a84adb, 1, 0 [(0 [0xC004F014, 0, 0], [(?)(?)(?)(?)(?)(?)(?)(?)])(1 )(2 )(3 )]
10: a1da5f8f-7553-42c5-b0b4-6f27c4d74240, 1, 0 [(0 [0xC004F014, 0, 0], [(?)(?)(?)(?)(?)(?)(?)(?)])(1 )(2 )(3 )]
11: a2004bef-6ff1-48f9-8328-41ce1cd5ee79, 1, 0 [(0 [0xC004F014, 0, 0], [(?)(?)(?)(?)(?)(?)(?)(?)])(1 )(2 )(3 )]
12: c052f164-cdf6-409a-a0cb-853ba0f0f55a, 1, 0 [(0 [0xC004F014, 0, 0], [(?)(?)(?)(?)(?)(?)(?)(?)])(1 )(2 )(3 )]
13: e5b79126-7250-4d27-ad42-0eeb23db5771, 1, 0 [(0 [0xC004F014, 0, 0], [(?)(?)(?)(?)(?)(?)(?)(?)])(1 )(2 )(3 )]
14: f15a5790-90b7-4674-8fd4-e187ba426ad2, 1, 0 [(0 [0xC004F014, 0, 0], [(?)(?)(?)(?)(?)(?)(?)(?)])(1 )(2 )(3 )]

",,,,,,,,,,,,,,,,,,,,,,,,,,,,,,,,,,,,,,,,,,,,,,,,,,,,,,,,,,,,,,,,
2026-05-29T22:07:23.267380Z,"{'#attributes': {'Qualifiers': 49152}, '#text': 20492}",DC01.darkzero.htb,Microsoft-Windows-Security-SPP,Application,1870,4,,,,,,,,,,,,,,,,,0xC004D30B,,,,,,,,,,,,,,,,,,,,,,,,,,,,,,,,,,,,,,,,,,,,,,,,,,,,,,,,,,,,,,,,,,
2026-05-29T22:07:23.288735Z,"{'#attributes': {'Qualifiers': 49152}, '#text': 16398}",DC01.darkzero.htb,Microsoft-Windows-Security-SPP,Application,1871,2,,,,,,,,,,,,,,,,,,0x80070490,No grace timer found,,,,,,,,,,,,,,,,,,,,,,,,,,,,,,,,,,,,,,,,,,,,,,,,,,,,,,,,,,,,,,,,
2026-05-29T22:07:23.302234Z,"{'#attributes': {'Qualifiers': 16384}, '#text': 902}",DC01.darkzero.htb,Microsoft-Windows-Security-SPP,Application,1872,0,,,,,,,,,,,,,,,,,10.0.26100.32860,,,,,,,,,,,,,,,,,,,,,,,,,,,,,,,,,,,,,,,,,,,,,,,,,,,,,,,,,,,,,,,,,,
2026-05-29T22:07:23.744666Z,"{'#attributes': {'Qualifiers': 0}, '#text': 1000}",DC01.darkzero.htb,VGAuth,Application,1873,0,,,,,,,,,,,,,,,,,vmtoolsd: Username and password successfully validated for 'Administrator',,,,,,,,,,,,,,,,,,,,,,,,,,,,,,,,,,,,,,,,,,,,,,,,,,,,,,,,,,,,,,,,,,
2026-05-29T22:07:24.279114Z,"{'#attributes': {'Qualifiers': 0}, '#text': 1000}",DC01.darkzero.htb,VGAuth,Application,1874,0,,,,,,,,,,,,,,,,,vmtoolsd: Username and password successfully validated for 'Administrator',,,,,,,,,,,,,,,,,,,,,,,,,,,,,,,,,,,,,,,,,,,,,,,,,,,,,,,,,,,,,,,,,,
2026-05-29T22:07:24.329912Z,"{'#attributes': {'Qualifiers': 0}, '#text': 1000}",DC01.darkzero.htb,VGAuth,Application,1875,0,,,,,,,,,,,,,,,,,vmtoolsd: Username and password successfully validated for 'Administrator',,,,,,,,,,,,,,,,,,,,,,,,,,,,,,,,,,,,,,,,,,,,,,,,,,,,,,,,,,,,,,,,,,
2026-05-29T22:07:24.374247Z,"{'#attributes': {'Qualifiers': 0}, '#text': 1000}",DC01.darkzero.htb,VGAuth,Application,1876,0,,,,,,,,,,,,,,,,,vmtoolsd: Username and password successfully validated for 'Administrator',,,,,,,,,,,,,,,,,,,,,,,,,,,,,,,,,,,,,,,,,,,,,,,,,,,,,,,,,,,,,,,,,,
2026-05-29T22:07:24.421271Z,"{'#attributes': {'Qualifiers': 0}, '#text': 1000}",DC01.darkzero.htb,VGAuth,Application,1877,0,,,,,,,,,,,,,,,,,vmtoolsd: Username and password successfully validated for 'Administrator',,,,,,,,,,,,,,,,,,,,,,,,,,,,,,,,,,,,,,,,,,,,,,,,,,,,,,,,,,,,,,,,,,
2026-05-29T22:07:24.468309Z,"{'#attributes': {'Qualifiers': 0}, '#text': 1000}",DC01.darkzero.htb,VGAuth,Application,1878,0,,,,,,,,,,,,,,,,,vmtoolsd: Username and password successfully validated for 'Administrator',,,,,,,,,,,,,,,,,,,,,,,,,,,,,,,,,,,,,,,,,,,,,,,,,,,,,,,,,,,,,,,,,,
2026-05-29T22:07:24.515911Z,"{'#attributes': {'Qualifiers': 0}, '#text': 1000}",DC01.darkzero.htb,VGAuth,Application,1879,0,,,,,,,,,,,,,,,,,vmtoolsd: Username and password successfully validated for 'Administrator',,,,,,,,,,,,,,,,,,,,,,,,,,,,,,,,,,,,,,,,,,,,,,,,,,,,,,,,,,,,,,,,,,
2026-05-29T22:07:25.174588Z,"{'#attributes': {'Qualifiers': 0}, '#text': 1000}",DC01.darkzero.htb,VGAuth,Application,1880,0,,,,,,,,,,,,,,,,,vmtoolsd: Username and password successfully validated for 'Administrator',,,,,,,,,,,,,,,,,,,,,,,,,,,,,,,,,,,,,,,,,,,,,,,,,,,,,,,,,,,,,,,,,,
2026-05-29T22:07:25.456228Z,"{'#attributes': {'Qualifiers': 0}, '#text': 1000}",DC01.darkzero.htb,VGAuth,Application,1881,0,,,,,,,,,,,,,,,,,vmtoolsd: Username and password successfully validated for 'Administrator',,,,,,,,,,,,,,,,,,,,,,,,,,,,,,,,,,,,,,,,,,,,,,,,,,,,,,,,,,,,,,,,,,
2026-05-29T22:07:27.739758Z,"{'#attributes': {'Qualifiers': 0}, '#text': 1000}",DC01.darkzero.htb,VGAuth,Application,1882,0,,,,,,,,,,,,,,,,,vmtoolsd: Username and password successfully validated for 'Administrator',,,,,,,,,,,,,,,,,,,,,,,,,,,,,,,,,,,,,,,,,,,,,,,,,,,,,,,,,,,,,,,,,,
2026-05-29T22:07:27.962948Z,"{'#attributes': {'Qualifiers': 0}, '#text': 1000}",DC01.darkzero.htb,VGAuth,Application,1883,0,,,,,,,,,,,,,,,,,vmtoolsd: Username and password successfully validated for 'Administrator',,,,,,,,,,,,,,,,,,,,,,,,,,,,,,,,,,,,,,,,,,,,,,,,,,,,,,,,,,,,,,,,,,
2026-05-29T22:07:28.512386Z,"{'#attributes': {'Qualifiers': 0}, '#text': 1000}",DC01.darkzero.htb,VGAuth,Application,1884,0,,,,,,,,,,,,,,,,,vmtoolsd: Username and password successfully validated for 'Administrator',,,,,,,,,,,,,,,,,,,,,,,,,,,,,,,,,,,,,,,,,,,,,,,,,,,,,,,,,,,,,,,,,,
2026-05-29T22:07:28.561089Z,"{'#attributes': {'Qualifiers': 0}, '#text': 1000}",DC01.darkzero.htb,VGAuth,Application,1885,0,,,,,,,,,,,,,,,,,vmtoolsd: Username and password successfully validated for 'Administrator',,,,,,,,,,,,,,,,,,,,,,,,,,,,,,,,,,,,,,,,,,,,,,,,,,,,,,,,,,,,,,,,,,
2026-05-29T22:07:28.621484Z,"{'#attributes': {'Qualifiers': 0}, '#text': 1000}",DC01.darkzero.htb,VGAuth,Application,1886,0,,,,,,,,,,,,,,,,,vmtoolsd: Username and password successfully validated for 'Administrator',,,,,,,,,,,,,,,,,,,,,,,,,,,,,,,,,,,,,,,,,,,,,,,,,,,,,,,,,,,,,,,,,,
2026-05-29T22:07:28.671076Z,"{'#attributes': {'Qualifiers': 0}, '#text': 1000}",DC01.darkzero.htb,VGAuth,Application,1887,0,,,,,,,,,,,,,,,,,vmtoolsd: Username and password successfully validated for 'Administrator',,,,,,,,,,,,,,,,,,,,,,,,,,,,,,,,,,,,,,,,,,,,,,,,,,,,,,,,,,,,,,,,,,
2026-05-29T22:07:28.719629Z,"{'#attributes': {'Qualifiers': 0}, '#text': 1000}",DC01.darkzero.htb,VGAuth,Application,1888,0,,,,,,,,,,,,,,,,,vmtoolsd: Username and password successfully validated for 'Administrator',,,,,,,,,,,,,,,,,,,,,,,,,,,,,,,,,,,,,,,,,,,,,,,,,,,,,,,,,,,,,,,,,,
2026-05-29T22:07:28.760191Z,"{'#attributes': {'Qualifiers': 0}, '#text': 1000}",DC01.darkzero.htb,VGAuth,Application,1889,0,,,,,,,,,,,,,,,,,vmtoolsd: Username and password successfully validated for 'Administrator',,,,,,,,,,,,,,,,,,,,,,,,,,,,,,,,,,,,,,,,,,,,,,,,,,,,,,,,,,,,,,,,,,
2026-05-29T22:07:28.789211Z,"{'#attributes': {'Qualifiers': 0}, '#text': 1000}",DC01.darkzero.htb,VGAuth,Application,1890,0,,,,,,,,,,,,,,,,,vmtoolsd: Username and password successfully validated for 'Administrator',,,,,,,,,,,,,,,,,,,,,,,,,,,,,,,,,,,,,,,,,,,,,,,,,,,,,,,,,,,,,,,,,,
2026-05-29T22:07:29.416424Z,"{'#attributes': {'Qualifiers': 0}, '#text': 1000}",DC01.darkzero.htb,VGAuth,Application,1891,0,,,,,,,,,,,,,,,,,vmtoolsd: Username and password successfully validated for 'Administrator',,,,,,,,,,,,,,,,,,,,,,,,,,,,,,,,,,,,,,,,,,,,,,,,,,,,,,,,,,,,,,,,,,
2026-05-29T22:07:29.609039Z,"{'#attributes': {'Qualifiers': 0}, '#text': 1000}",DC01.darkzero.htb,VGAuth,Application,1892,0,,,,,,,,,,,,,,,,,vmtoolsd: Username and password successfully validated for 'Administrator',,,,,,,,,,,,,,,,,,,,,,,,,,,,,,,,,,,,,,,,,,,,,,,,,,,,,,,,,,,,,,,,,,
2026-05-29T22:07:31.823743Z,"{'#attributes': {'Qualifiers': 0}, '#text': 1000}",DC01.darkzero.htb,VGAuth,Application,1893,0,,,,,,,,,,,,,,,,,vmtoolsd: Username and password successfully validated for 'Administrator',,,,,,,,,,,,,,,,,,,,,,,,,,,,,,,,,,,,,,,,,,,,,,,,,,,,,,,,,,,,,,,,,,
2026-05-29T22:07:32.116977Z,"{'#attributes': {'Qualifiers': 0}, '#text': 1000}",DC01.darkzero.htb,VGAuth,Application,1894,0,,,,,,,,,,,,,,,,,vmtoolsd: Username and password successfully validated for 'Administrator',,,,,,,,,,,,,,,,,,,,,,,,,,,,,,,,,,,,,,,,,,,,,,,,,,,,,,,,,,,,,,,,,,
2026-05-29T22:07:32.525934Z,"{'#attributes': {'Qualifiers': 0}, '#text': 1000}",DC01.darkzero.htb,VGAuth,Application,1895,0,,,,,,,,,,,,,,,,,vmtoolsd: Username and password successfully validated for 'Administrator',,,,,,,,,,,,,,,,,,,,,,,,,,,,,,,,,,,,,,,,,,,,,,,,,,,,,,,,,,,,,,,,,,
2026-05-29T22:07:32.571488Z,"{'#attributes': {'Qualifiers': 0}, '#text': 1000}",DC01.darkzero.htb,VGAuth,Application,1896,0,,,,,,,,,,,,,,,,,vmtoolsd: Username and password successfully validated for 'Administrator',,,,,,,,,,,,,,,,,,,,,,,,,,,,,,,,,,,,,,,,,,,,,,,,,,,,,,,,,,,,,,,,,,
2026-05-29T22:07:32.617192Z,"{'#attributes': {'Qualifiers': 0}, '#text': 1000}",DC01.darkzero.htb,VGAuth,Application,1897,0,,,,,,,,,,,,,,,,,vmtoolsd: Username and password successfully validated for 'Administrator',,,,,,,,,,,,,,,,,,,,,,,,,,,,,,,,,,,,,,,,,,,,,,,,,,,,,,,,,,,,,,,,,,
2026-05-29T22:07:32.662202Z,"{'#attributes': {'Qualifiers': 0}, '#text': 1000}",DC01.darkzero.htb,VGAuth,Application,1898,0,,,,,,,,,,,,,,,,,vmtoolsd: Username and password successfully validated for 'Administrator',,,,,,,,,,,,,,,,,,,,,,,,,,,,,,,,,,,,,,,,,,,,,,,,,,,,,,,,,,,,,,,,,,
2026-05-29T22:07:32.720414Z,"{'#attributes': {'Qualifiers': 0}, '#text': 1000}",DC01.darkzero.htb,VGAuth,Application,1899,0,,,,,,,,,,,,,,,,,vmtoolsd: Username and password successfully validated for 'Administrator',,,,,,,,,,,,,,,,,,,,,,,,,,,,,,,,,,,,,,,,,,,,,,,,,,,,,,,,,,,,,,,,,,
2026-05-29T22:07:32.766394Z,"{'#attributes': {'Qualifiers': 0}, '#text': 1000}",DC01.darkzero.htb,VGAuth,Application,1900,0,,,,,,,,,,,,,,,,,vmtoolsd: Username and password successfully validated for 'Administrator',,,,,,,,,,,,,,,,,,,,,,,,,,,,,,,,,,,,,,,,,,,,,,,,,,,,,,,,,,,,,,,,,,
2026-05-29T22:07:32.895367Z,"{'#attributes': {'Qualifiers': 0}, '#text': 1000}",DC01.darkzero.htb,VGAuth,Application,1901,0,,,,,,,,,,,,,,,,,vmtoolsd: Username and password successfully validated for 'Administrator',,,,,,,,,,,,,,,,,,,,,,,,,,,,,,,,,,,,,,,,,,,,,,,,,,,,,,,,,,,,,,,,,,
2026-05-29T22:07:40.343182Z,"{'#attributes': {'Qualifiers': 0}, '#text': 1000}",DC01.darkzero.htb,VGAuth,Application,1902,0,,,,,,,,,,,,,,,,,vmtoolsd: Username and password successfully validated for 'Administrator',,,,,,,,,,,,,,,,,,,,,,,,,,,,,,,,,,,,,,,,,,,,,,,,,,,,,,,,,,,,,,,,,,
2026-05-29T22:07:40.879910Z,"{'#attributes': {'Qualifiers': 0}, '#text': 1000}",DC01.darkzero.htb,VGAuth,Application,1903,0,,,,,,,,,,,,,,,,,vmtoolsd: Username and password successfully validated for 'Administrator',,,,,,,,,,,,,,,,,,,,,,,,,,,,,,,,,,,,,,,,,,,,,,,,,,,,,,,,,,,,,,,,,,
2026-05-29T22:07:40.943241Z,"{'#attributes': {'Qualifiers': 0}, '#text': 1000}",DC01.darkzero.htb,VGAuth,Application,1904,0,,,,,,,,,,,,,,,,,vmtoolsd: Username and password successfully validated for 'Administrator',,,,,,,,,,,,,,,,,,,,,,,,,,,,,,,,,,,,,,,,,,,,,,,,,,,,,,,,,,,,,,,,,,
2026-05-29T22:07:40.994375Z,"{'#attributes': {'Qualifiers': 0}, '#text': 1000}",DC01.darkzero.htb,VGAuth,Application,1905,0,,,,,,,,,,,,,,,,,vmtoolsd: Username and password successfully validated for 'Administrator',,,,,,,,,,,,,,,,,,,,,,,,,,,,,,,,,,,,,,,,,,,,,,,,,,,,,,,,,,,,,,,,,,
2026-05-29T22:07:41.041068Z,"{'#attributes': {'Qualifiers': 0}, '#text': 1000}",DC01.darkzero.htb,VGAuth,Application,1906,0,,,,,,,,,,,,,,,,,vmtoolsd: Username and password successfully validated for 'Administrator',,,,,,,,,,,,,,,,,,,,,,,,,,,,,,,,,,,,,,,,,,,,,,,,,,,,,,,,,,,,,,,,,,
2026-05-29T22:07:41.085704Z,"{'#attributes': {'Qualifiers': 0}, '#text': 1000}",DC01.darkzero.htb,VGAuth,Application,1907,0,,,,,,,,,,,,,,,,,vmtoolsd: Username and password successfully validated for 'Administrator',,,,,,,,,,,,,,,,,,,,,,,,,,,,,,,,,,,,,,,,,,,,,,,,,,,,,,,,,,,,,,,,,,
2026-05-29T22:07:41.132073Z,"{'#attributes': {'Qualifiers': 0}, '#text': 1000}",DC01.darkzero.htb,VGAuth,Application,1908,0,,,,,,,,,,,,,,,,,vmtoolsd: Username and password successfully validated for 'Administrator',,,,,,,,,,,,,,,,,,,,,,,,,,,,,,,,,,,,,,,,,,,,,,,,,,,,,,,,,,,,,,,,,,
2026-05-29T22:07:41.679353Z,"{'#attributes': {'Qualifiers': 0}, '#text': 1000}",DC01.darkzero.htb,VGAuth,Application,1909,0,,,,,,,,,,,,,,,,,vmtoolsd: Username and password successfully validated for 'Administrator',,,,,,,,,,,,,,,,,,,,,,,,,,,,,,,,,,,,,,,,,,,,,,,,,,,,,,,,,,,,,,,,,,
2026-05-29T22:07:41.933617Z,"{'#attributes': {'Qualifiers': 0}, '#text': 1000}",DC01.darkzero.htb,VGAuth,Application,1910,0,,,,,,,,,,,,,,,,,vmtoolsd: Username and password successfully validated for 'Administrator',,,,,,,,,,,,,,,,,,,,,,,,,,,,,,,,,,,,,,,,,,,,,,,,,,,,,,,,,,,,,,,,,,
2026-05-29T22:07:42.915733Z,"{'#attributes': {'Qualifiers': 16384}, '#text': 1016}",DC01.darkzero.htb,Microsoft-Windows-Security-SPP,Application,1911,4,,,,,,,,,,,,,,,,,,10d661ba-f2e3-445c-8e92-200e1e05e9e1,238bef91-3d07-63c3-fe9d-2d52dc23591e,,,,,,,,,,,,,,,,,,,,,,,,,,,,,,,,,,,,,,,,,,,,,,,,,,,,,,,,,,,,,,,,
2026-05-29T22:07:43.097432Z,"{'#attributes': {'Qualifiers': 16384}, '#text': 1034}",DC01.darkzero.htb,Microsoft-Windows-Security-SPP,Application,1912,4,,,,,,,,,,,,,,,,,,AAD-AddDeviceJoinUserToAdminGroup-Policy,100,,,,,,,,,,,,,,,,,,,,,,,,,,,,,,,,,,,,,,,,,,,,,,,,,,,,,,,,,,,,,,,,
2026-05-29T22:07:43.098703Z,"{'#attributes': {'Qualifiers': 16384}, '#text': 1034}",DC01.darkzero.htb,Microsoft-Windows-Security-SPP,Application,1913,4,,,,,,,,,,,,,,,,,,Security-SPP-WriteWauMarker,500,,,,,,,,,,,,,,,,,,,,,,,,,,,,,,,,,,,,,,,,,,,,,,,,,,,,,,,,,,,,,,,,
2026-05-29T22:07:43.100731Z,"{'#attributes': {'Qualifiers': 16384}, '#text': 1033}",DC01.darkzero.htb,Microsoft-Windows-Security-SPP,Application,1914,4,,,,,,,,,,,,,,,,,,(Security-SPP-Reserved-EnableNotificationMode) ,55c92734-d682-4d71-983e-d6ec3f16059f,10d661ba-f2e3-445c-8e92-200e1e05e9e1,,,,,,,,,,,,,,,,,,,,,,,,,,,,,,,,,,,,,,,,,,,,,,,,,,,,,,,,,,,,,,,
2026-05-29T22:07:43.121898Z,"{'#attributes': {'Qualifiers': 16384}, '#text': 1003}",DC01.darkzero.htb,Microsoft-Windows-Security-SPP,Application,1915,4,,,,,,,,,,,,,,,,,,55c92734-d682-4d71-983e-d6ec3f16059f,"
1: 0b646350-5349-4013-b1be-4100d1a7fa38, 1, 0 [(0 [0xC004F014, 0, 0], [(?)(?)(?)(?)(?)(?)(?)(?)])(1 )(2 )(3 )]
2: 10d661ba-f2e3-445c-8e92-200e1e05e9e1, 1, 0 [(0 [0x00000000, 1, 0], [(?)( 1 0x00000000)(?)( 2 0x00000000 0 0 msft:rm/algorithm/hwid/4.0 0x00000000 0)(?)(?)( 10 0x00000000 msft:rm/algorithm/flags/1.0)(?)])(1 )(2 )(3 )]
3: 2033816d-9d16-44bb-8f08-412ff45f38bf, 1, 0 [(0 [0xC004F014, 0, 0], [(?)(?)(?)(?)(?)(?)(?)(?)])(1 )(2 )(3 )]
4: 653ae55c-1d53-427b-be51-15bc1841fca7, 1, 0 [(0 [0xC004F014, 0, 0], [(?)(?)(?)(?)(?)(?)(?)(?)])(1 )(2 )(3 )]
5: 66c20db7-ff1e-4f87-a915-4e03715da35f, 1, 0 [(0 [0xC004F014, 0, 0], [(?)(?)(?)(?)(?)(?)(?)(?)])(1 )(2 )(3 )]
6: 6bad0243-1c35-46b2-b8e6-7a853e37413f, 1, 0 [(0 [0xC004F014, 0, 0], [(?)(?)(?)(?)(?)(?)(?)(?)])(1 )(2 )(3 )]
7: 82fcf64d-f9dd-4411-9c79-f2eed16d4eb8, 1, 0 [(0 [0xC004F014, 0, 0], [(?)(?)(?)(?)(?)(?)(?)(?)])(1 )(2 )(3 )]
8: 84e331f6-4279-48c4-ab10-b75139181351, 1, 0 [(0 [0xC004F014, 0, 0], [(?)(?)(?)(?)(?)(?)(?)(?)])(1 )(2 )(3 )]
9: 9e232465-2ade-4a33-a277-702010a84adb, 1, 0 [(0 [0xC004F014, 0, 0], [(?)(?)(?)(?)(?)(?)(?)(?)])(1 )(2 )(3 )]
10: a1da5f8f-7553-42c5-b0b4-6f27c4d74240, 1, 0 [(0 [0xC004F014, 0, 0], [(?)(?)(?)(?)(?)(?)(?)(?)])(1 )(2 )(3 )]
11: a2004bef-6ff1-48f9-8328-41ce1cd5ee79, 1, 0 [(0 [0xC004F014, 0, 0], [(?)(?)(?)(?)(?)(?)(?)(?)])(1 )(2 )(3 )]
12: c052f164-cdf6-409a-a0cb-853ba0f0f55a, 1, 0 [(0 [0xC004F014, 0, 0], [(?)(?)(?)(?)(?)(?)(?)(?)])(1 )(2 )(3 )]
13: e5b79126-7250-4d27-ad42-0eeb23db5771, 1, 0 [(0 [0xC004F014, 0, 0], [(?)(?)(?)(?)(?)(?)(?)(?)])(1 )(2 )(3 )]
14: f15a5790-90b7-4674-8fd4-e187ba426ad2, 1, 0 [(0 [0xC004F014, 0, 0], [(?)(?)(?)(?)(?)(?)(?)(?)])(1 )(2 )(3 )]

",,,,,,,,,,,,,,,,,,,,,,,,,,,,,,,,,,,,,,,,,,,,,,,,,,,,,,,,,,,,,,,,
2026-05-29T22:07:43.124064Z,"{'#attributes': {'Qualifiers': 49152}, '#text': 20492}",DC01.darkzero.htb,Microsoft-Windows-Security-SPP,Application,1916,4,,,,,,,,,,,,,,,,,0xC004D30B,,,,,,,,,,,,,,,,,,,,,,,,,,,,,,,,,,,,,,,,,,,,,,,,,,,,,,,,,,,,,,,,,,
