2026-05-20T13:06:54.825927Z,1023,DC01.darkzero.htb,Microsoft-Windows-Perflib,Application,1261,2,,,,,,,,,,,,,,,,,,,,,,,,,,,,,,,,,,,,,C:\Windows\System32\perfts.dll,,,,,,,,,,,,,,,,,,,,,,,,,,,,,126,,,,,,,,,,,,,,,,,
2026-05-20T13:07:01.131421Z,"{'#attributes': {'Qualifiers': 0}, '#text': 102}",DC01.darkzero.htb,ESENT,Application,1262,4,,,,,,,,,,,,,,,,,,certsrv.exe,"2740,P,98,0",,0,10,00,26100,0000,,,,,,,,,,,,,,,,,,,,,,,,,,,,,,,,,,,,,,,,,,,,,,,,,,,,,,,,,,
2026-05-20T13:07:01.243964Z,"{'#attributes': {'Qualifiers': 0}, '#text': 105}",DC01.darkzero.htb,ESENT,Application,1263,4,,,,,,,,,,,,,,,,,,certsrv.exe,"2740,D,0,0",,0,0.116,"
[1] 0.001269 +J(0) +M(C:0K, Fs:130, WS:504K # 504K, PF:2504K # 2228K, P:2504K)
[2] 0.000668 +J(0) +M(C:3200K, Fs:225, WS:884K # 884K, PF:4164K # 4164K, P:4164K)
[3] 0.000020 +J(0) +M(C:0K, Fs:7, WS:28K # 28K, PF:64K # 64K, P:64K)
[4] 0.000176 +J(0) +M(C:0K, Fs:26, WS:100K # 100K, PF:508K # 508K, P:508K)
[5] 0.000805 +J(0) +M(C:0K, Fs:13, WS:52K # 52K, PF:20K # 20K, P:20K)
[6] 0.002431 +J(0) +M(C:0K, Fs:33, WS:128K # 128K, PF:12K # 12K, P:12K)
[7] 0.100471 -0.099237 (3) WT +J(0) +M(C:0K, Fs:280, WS:1120K # 1120K, PF:1024K # 1024K, P:1024K)
[8] -
[9] -
[10] -
[11] -
[12] -
[13] 0.008754 -0.005808 (4) WT +J(CM:0, PgRf:0, Rd:0/0, Dy:0/0, Lg:616/1) +M(C:0K, Fs:14, WS:-980K # 24K, PF:-1020K # 12K, P:-1020K)
[14] 0.000034 +J(0) +M(C:0K, Fs:2, WS:8K # 0K, PF:4K # 0K, P:4K)
[15] 0.000267 +J(0) +M(C:0K, Fs:101, WS:404K # 0K, PF:64K # 0K, P:64K)
[16] 0.000693 -0.000380 (1) WT +J(0) +M(C:0K, Fs:2, WS:0K # 0K, PF:0K # 0K, P:0K).","RBSOn = 0
",,,,,,,,,,,,,,,,,,,,,,,,,,,,,,,,,,,,,,,,,,,,,,,,,,,,,,,,,,,
2026-05-20T13:07:01.537545Z,"{'#attributes': {'Qualifiers': 0}, '#text': 326}",DC01.darkzero.htb,ESENT,Application,1264,4,,,,,,,,,,,,,,,,,,certsrv.exe,"2740,D,50,0",,1,C:\WINDOWS\system32\CertLog\darkzero-DC01-CA.edb,0,"
[1] 0.000006 +J(0) +M(C:0K, Fs:1, WS:4K # 0K, PF:0K # 0K, P:0K)
[2] 0.112588 -0.111953 (1) WT +J(0) +M(C:0K, Fs:21, WS:20K # 0K, PF:4K # 0K, P:4K)
[3] 0.051446 -0.020349 (6) WT +J(CM:0, PgRf:0, Rd:0/0, Dy:0/0, Lg:3480/2) +M(C:0K, Fs:35, WS:136K # 0K, PF:120K # 0K, P:120K)
[4] 0.000661 +J(0) +M(C:0K, Fs:1, WS:4K # 0K, PF:0K # 0K, P:0K)
[5] -
[6] 0.117355 -0.116420 (2) CM -0.116238 (2) WT +J(CM:2, PgRf:2, Rd:0/2, Dy:0/0, Lg:0/0) +M(C:0K, Fs:44, WS:176K # 0K, PF:128K # 0K, P:128K)
[7] 0.000009 +J(0)
[8] 0.001937 -0.001592 (1) CM -0.001572 (1) WT +J(CM:1, PgRf:1, Rd:14/0, Dy:0/0, Lg:0/0) +M(C:0K, Fs:36, WS:144K # 0K, PF:192K # 0K, P:192K)
[9] -
[10] -
[11] -
[12] 0.000069 +J(CM:0, PgRf:0, Rd:0/0, Dy:0/0, Lg:54/1) +M(C:0K, Fs:2, WS:8K # 0K, PF:20K # 0K, P:20K)
[13] 0.006509 -0.006250 (2) CM -0.006102 (2) WT +J(CM:2, PgRf:23, Rd:0/2, Dy:0/0, Lg:0/0) +M(C:0K, Fs:21, WS:84K # 72K, PF:4K # 0K, P:4K)
[14] 0.001650 -0.001450 (1) CM -0.001405 (1) WT +J(CM:1, PgRf:40, Rd:0/1, Dy:0/0, Lg:0/0) +M(C:0K, Fs:7, WS:24K # 24K, PF:68K # 0K, P:68K)
[15] 0.000014 +J(CM:0, PgRf:1, Rd:0/0, Dy:0/0, Lg:0/0)
[16] 0.000029 +J(CM:0, PgRf:1, Rd:0/0, Dy:0/0, Lg:0/0) +M(C:0K, Fs:1, WS:4K # 4K, PF:0K # 0K, P:0K)
[17] 0.000071 +J(CM:0, PgRf:42, Rd:0/0, Dy:0/0, Lg:0/0) +M(C:0K, Fs:6, WS:24K # 24K, PF:0K # 0K, P:0K)
[18] 0.000001 +J(0)
[19] 0.0 +J(0)
[20] 0.000032 +J(CM:0, PgRf:3, Rd:0/0, Dy:0/0, Lg:0/0) +M(C:0K, Fs:3, WS:12K # 12K, PF:0K # 0K, P:0K).",0 0,"lgposAttach = 00000001:00E3:0268,
dbv = 1568.300.620 (9620)",,,,,,,,,,,,,,,,,,,,,,,,,,,,,,,,,,,,,,,,,,,,,,,,,,,,,,,,,
2026-05-20T13:07:01.843451Z,"{'#attributes': {'Qualifiers': 0}, '#text': 102}",DC01.darkzero.htb,ESENT,Application,1265,4,,,,,,,,,,,,,,,,,,DFSRs,"2856,P,98,0",\\.\C:\System Volume Information\DFSR\database_5284_685_8406_6C33\dfsr.db: ,0,10,00,26100,0000,,,,,,,,,,,,,,,,,,,,,,,,,,,,,,,,,,,,,,,,,,,,,,,,,,,,,,,,,,
2026-05-20T13:07:02.109205Z,"{'#attributes': {'Qualifiers': 0}, '#text': 105}",DC01.darkzero.htb,ESENT,Application,1266,4,,,,,,,,,,,,,,,,,,DFSRs,"2856,D,0,0",\\.\C:\System Volume Information\DFSR\database_5284_685_8406_6C33\dfsr.db: ,0,0.276,"
[1] 0.009821 +J(0) +M(C:0K, Fs:314, WS:1224K # 1224K, PF:6612K # 6604K, P:6612K)
[2] 0.000359 +J(0) +M(C:16K, Fs:105, WS:412K # 412K, PF:328K # 328K, P:328K)
[3] 0.000016 +J(0) +M(C:0K, Fs:1, WS:4K # 4K, PF:64K # 64K, P:64K)
[4] 0.000535 +J(0) +M(C:2032K, Fs:53, WS:204K # 204K, PF:2460K # 2460K, P:2460K)
[5] 0.001140 +J(0) +M(C:0K, Fs:12, WS:48K # 48K, PF:20K # 20K, P:20K)
[6] 0.001580 +J(0) +M(C:0K, Fs:13, WS:52K # 52K, PF:12K # 12K, P:12K)
[7] -
[8] -
[9] -
[10] -
[11] -
[12] -
[13] 0.255516 -0.131894 (22) WT +J(CM:0, PgRf:0, Rd:0/0, Dy:0/0, Lg:616/1) +M(C:0K, Fs:1502, WS:784K # 5944K, PF:36K # 5164K, P:36K)
[14] 0.000024 +J(0) +M(C:0K, Fs:1, WS:4K # 0K, PF:0K # 0K, P:0K)
[15] 0.000151 +J(0) +M(C:0K, Fs:66, WS:260K # 0K, PF:68K # 0K, P:68K)
[16] 0.006953 -0.003179 (3) WT +J(0) +M(C:0K, Fs:8, WS:8K # 0K, PF:0K # 0K, P:0K).","RBSOn = 0
",,,,,,,,,,,,,,,,,,,,,,,,,,,,,,,,,,,,,,,,,,,,,,,,,,,,,,,,,,,
2026-05-20T13:07:02.337858Z,"{'#attributes': {'Qualifiers': 0}, '#text': 325}",DC01.darkzero.htb,ESENT,Application,1267,4,,,,,,,,,,,,,,,,,,DFSRs,"2856,D,35,0",\\.\C:\System Volume Information\DFSR\database_5284_685_8406_6C33\dfsr.db: ,1,\\.\C:\System Volume Information\DFSR\database_5284_685_8406_6C33\dfsr.db,0,"
[1] 0.000147 +J(0) +M(C:0K, Fs:3, WS:12K # 0K, PF:8K # 0K, P:8K)
[2] 0.002405 -0.000415 (1) WT +J(CM:0, PgRf:0, Rd:0/0, Dy:0/0, Lg:3480/2) +M(C:0K, Fs:2, WS:8K # 0K, PF:0K # 0K, P:0K)
[3] 0.006251 -0.000034 (3) WT +J(0) +M(C:0K, Fs:11, WS:36K # 0K, PF:20K # 0K, P:20K)
[4] 0.000571 +J(0) +M(C:0K, Fs:2, WS:8K # 0K, PF:0K # 0K, P:0K)
[5] 0.002426 -0.001267 (3) WT +J(CM:0, PgRf:3, Rd:0/0, Dy:3/6, Lg:122/4) +M(C:0K, Fs:71, WS:276K # 0K, PF:264K # 0K, P:264K)
[6] 0.004830 -0.001334 (2) WT +J(CM:0, PgRf:215, Rd:0/0, Dy:12/420, Lg:24454/461) +M(C:0K, Fs:84, WS:336K # 0K, PF:224K # 0K, P:224K)
[7] 0.002510 -0.001940 (3) WT +J(CM:0, PgRf:0, Rd:0/0, Dy:0/0, Lg:4096/3) +M(C:0K, Fs:6, WS:16K # 0K, PF:0K # 0K, P:0K)
[8] 0.000008 +J(0)
[9] 0.004093 -0.003036 (3) WT +J(0) +M(C:-52K, Fs:7, WS:-32K # 0K, PF:-48K # 0K, P:-48K)
[10] 0.200135 -0.195585 (7) WT +J(CM:0, PgRf:385, Rd:0/0, Dy:7/109, Lg:20701/156) +M(C:12K, Fs:60, WS:232K # 0K, PF:112K # 0K, P:112K)
[11] 0.000007 +J(0).",0 0,"lgposCreate = 00000001:0001:0268,
dbv = 1568.300.620 (9620)",,,,,,,,,,,,,,,,,,,,,,,,,,,,,,,,,,,,,,,,,,,,,,,,,,,,,,,,,
2026-05-20T13:07:03.116315Z,44,DC01.darkzero.htb,Microsoft-Windows-CertificationAuthority,Application,1268,2,,,,,,,,,,,,,,,,,,,,,,,,,,,,,0x8007054b (1355),,The specified domain either does not exist or could not be contacted.,,,,,,,Initialize,,,,,,,,,,,,,Windows default,,,,,,,,,,,,,,,,MSG_E_POLICY_ERROR,,,,,,,,,,,"The Active Directory containing the Certification Authority could not be contacted.
",,,,,
2026-05-20T13:07:03.282818Z,26,DC01.darkzero.htb,Microsoft-Windows-CertificationAuthority,Application,1269,4,,,,,,,,,,darkzero-DC01-CA,,,,,,  DC=,,,,,,,,,,,,,,,,,,,,,,,,,,,,,,,,,,,,,,,,,,,,,,,,,,,MSG_I_SERVER_STARTED,,,,,,,,,,,,,,,,
2026-05-20T13:07:22.985816Z,"{'#attributes': {'Qualifiers': 32768}, '#text': 6005}",DC01.darkzero.htb,Microsoft-Windows-Winlogon,Application,1270,3,,,,,,00000000,,,,,,,,,,,,GPClient,CreateSession,,,,,,,,,,,,,,,,,,,,,,,,,,,,,,,,,,,,,,,,,,,,,,,,,,,,,,,,,,,,,,,,
2026-05-20T13:07:23.268409Z,"{'#attributes': {'Qualifiers': 16384}, '#text': 900}",DC01.darkzero.htb,Microsoft-Windows-Security-SPP,Application,1271,4,,,,,,,,,,,,,,,,,TriggerStarted:6,,,,,,,,,,,,,,,,,,,,,,,,,,,,,,,,,,,,,,,,,,,,,,,,,,,,,,,,,,,,,,,,,,
2026-05-20T13:07:23.492657Z,"{'#attributes': {'Qualifiers': 49152}, '#text': 16394}",DC01.darkzero.htb,Microsoft-Windows-Security-SPP,Application,1272,4,,,,,,,,,,,,,,,,,,,,,,,,,,,,,,,,,,,,,,,,,,,,,,,,,,,,,,,,,,,,,,,,,,,,,,,,,,,,,,,,,,,
2026-05-20T13:07:23.613496Z,"{'#attributes': {'Qualifiers': 16384}, '#text': 1066}",DC01.darkzero.htb,Microsoft-Windows-Security-SPP,Application,1273,4,,,,,,,,,,,,,,,,,"C:\WINDOWS\system32\sppwinob.dll, msft:spp/windowsfunctionality/agent/7.0, 0x00000000, 0x00000000
C:\WINDOWS\system32\sppobjs.dll, msft:rm/algorithm/inherited/1.0, 0x00000000, 0x00000000
C:\WINDOWS\system32\sppobjs.dll, msft:rm/algorithm/phone/1.0, 0x00000000, 0x00000000
C:\WINDOWS\system32\sppobjs.dll, msft:rm/algorithm/pkey/detect, 0x00000000, 0x00000000
C:\WINDOWS\system32\sppobjs.dll, msft:spp/ActionScheduler/1.0, 0x00000000, 0x00000000
C:\WINDOWS\system32\sppobjs.dll, msft:spp/TaskScheduler/1.0, 0x00000000, 0x00000000
C:\WINDOWS\system32\sppobjs.dll, msft:spp/statecollector/pkey, 0x00000000, 0x00000000
C:\WINDOWS\system32\sppobjs.dll, msft:spp/volume/services/kms/1.0, 0x00000000, 0x00000000
C:\WINDOWS\system32\sppobjs.dll, msft:spp/volume/services/kms/activationinfo/1.0, 0x00000000, 0x00000000
",,,,,,,,,,,,,,,,,,,,,,,,,,,,,,,,,,,,,,,,,,,,,,,,,,,,,,,,,,,,,,,,,,
2026-05-20T13:07:23.624307Z,"{'#attributes': {'Qualifiers': 16384}, '#text': 16389}",DC01.darkzero.htb,Microsoft-Windows-Security-SPP,Application,1274,4,,,,,,,,,,,,,,,,,0xC004D30B,,,,,,,,,,,,,,,,,,,,,,,,,,,,,,,,,,,,,,,,,,,,,,,,,,,,,,,,,,,,,,,,,,
2026-05-20T13:07:23.721765Z,"{'#attributes': {'Qualifiers': 16384}, '#text': 1003}",DC01.darkzero.htb,Microsoft-Windows-Security-SPP,Application,1275,4,,,,,,,,,,,,,,,,,,55c92734-d682-4d71-983e-d6ec3f16059f,"
1: 0b646350-5349-4013-b1be-4100d1a7fa38, 1, 0 [(0 [0xC004F014, 0, 0], [(?)(?)(?)(?)(?)(?)(?)(?)])(1 )(2 )(3 )]
2: 10d661ba-f2e3-445c-8e92-200e1e05e9e1, 1, 1 [(0 [0x00000000, 1, 0], [(?)( 1 0x00000000)(?)( 2 0x00000000 0 0 msft:rm/algorithm/hwid/4.0 0x00000000 0)(?)(?)( 10 0x00000000 msft:rm/algorithm/flags/1.0)(?)])(1 )(2 )(3 )]
3: 2033816d-9d16-44bb-8f08-412ff45f38bf, 1, 0 [(0 [0xC004F014, 0, 0], [(?)(?)(?)(?)(?)(?)(?)(?)])(1 )(2 )(3 )]
4: 653ae55c-1d53-427b-be51-15bc1841fca7, 1, 0 [(0 [0xC004F014, 0, 0], [(?)(?)(?)(?)(?)(?)(?)(?)])(1 )(2 )(3 )]
5: 66c20db7-ff1e-4f87-a915-4e03715da35f, 1, 0 [(0 [0xC004F014, 0, 0], [(?)(?)(?)(?)(?)(?)(?)(?)])(1 )(2 )(3 )]
6: 6bad0243-1c35-46b2-b8e6-7a853e37413f, 1, 0 [(0 [0xC004F014, 0, 0], [(?)(?)(?)(?)(?)(?)(?)(?)])(1 )(2 )(3 )]
7: 82fcf64d-f9dd-4411-9c79-f2eed16d4eb8, 1, 0 [(0 [0xC004F014, 0, 0], [(?)(?)(?)(?)(?)(?)(?)(?)])(1 )(2 )(3 )]
8: 84e331f6-4279-48c4-ab10-b75139181351, 1, 0 [(0 [0xC004F014, 0, 0], [(?)(?)(?)(?)(?)(?)(?)(?)])(1 )(2 )(3 )]
9: 9e232465-2ade-4a33-a277-702010a84adb, 1, 0 [(0 [0xC004F014, 0, 0], [(?)(?)(?)(?)(?)(?)(?)(?)])(1 )(2 )(3 )]
10: a1da5f8f-7553-42c5-b0b4-6f27c4d74240, 1, 0 [(0 [0xC004F014, 0, 0], [(?)(?)(?)(?)(?)(?)(?)(?)])(1 )(2 )(3 )]
11: a2004bef-6ff1-48f9-8328-41ce1cd5ee79, 1, 0 [(0 [0xC004F014, 0, 0], [(?)(?)(?)(?)(?)(?)(?)(?)])(1 )(2 )(3 )]
12: c052f164-cdf6-409a-a0cb-853ba0f0f55a, 1, 0 [(0 [0xC004F014, 0, 0], [(?)(?)(?)(?)(?)(?)(?)(?)])(1 )(2 )(3 )]
13: e5b79126-7250-4d27-ad42-0eeb23db5771, 1, 0 [(0 [0xC004F014, 0, 0], [(?)(?)(?)(?)(?)(?)(?)(?)])(1 )(2 )(3 )]
14: f15a5790-90b7-4674-8fd4-e187ba426ad2, 1, 0 [(0 [0xC004F014, 0, 0], [(?)(?)(?)(?)(?)(?)(?)(?)])(1 )(2 )(3 )]

",,,,,,,,,,,,,,,,,,,,,,,,,,,,,,,,,,,,,,,,,,,,,,,,,,,,,,,,,,,,,,,,
2026-05-20T13:07:23.723924Z,"{'#attributes': {'Qualifiers': 49152}, '#text': 20492}",DC01.darkzero.htb,Microsoft-Windows-Security-SPP,Application,1276,4,,,,,,,,,,,,,,,,,0xC004D30B,,,,,,,,,,,,,,,,,,,,,,,,,,,,,,,,,,,,,,,,,,,,,,,,,,,,,,,,,,,,,,,,,,
2026-05-20T13:07:23.745006Z,"{'#attributes': {'Qualifiers': 49152}, '#text': 16398}",DC01.darkzero.htb,Microsoft-Windows-Security-SPP,Application,1277,2,,,,,,,,,,,,,,,,,,0x80070490,No grace timer found,,,,,,,,,,,,,,,,,,,,,,,,,,,,,,,,,,,,,,,,,,,,,,,,,,,,,,,,,,,,,,,,
2026-05-20T13:07:23.757887Z,"{'#attributes': {'Qualifiers': 16384}, '#text': 902}",DC01.darkzero.htb,Microsoft-Windows-Security-SPP,Application,1278,0,,,,,,,,,,,,,,,,,10.0.26100.32522,,,,,,,,,,,,,,,,,,,,,,,,,,,,,,,,,,,,,,,,,,,,,,,,,,,,,,,,,,,,,,,,,,
2026-05-20T13:07:25.479403Z,"{'#attributes': {'Qualifiers': 32768}, '#text': 6006}",DC01.darkzero.htb,Microsoft-Windows-Winlogon,Application,1279,3,,,,,,00000000,,,,,,,,,,,,GPClient,62,CreateSession,,,,,,,,,,,,,,,,,,,,,,,,,,,,,,,,,,,,,,,,,,,,,,,,,,,,,,,,,,,,,,,
2026-05-20T13:07:53.863574Z,"{'#attributes': {'Qualifiers': 16384}, '#text': 16384}",DC01.darkzero.htb,Microsoft-Windows-Security-SPP,Application,1280,4,,,,,,,,,,,,,,,,,,2126-04-26T13:07:53Z,RulesEngine,,,,,,,,,,,,,,,,,,,,,,,,,,,,,,,,,,,,,,,,,,,,,,,,,,,,,,,,,,,,,,,,
2026-05-20T13:07:53.976343Z,"{'#attributes': {'Qualifiers': 16384}, '#text': 903}",DC01.darkzero.htb,Microsoft-Windows-Security-SPP,Application,1281,0,,,,,,,,,,,,,,,,,,,,,,,,,,,,,,,,,,,,,,,,,,,,,,,,,,,,,,,,,,,,,,,,,,,,,,,,,,,,,,,,,,,
2026-05-20T13:08:37.300447Z,"{'#attributes': {'Qualifiers': 16384}, '#text': 900}",DC01.darkzero.htb,Microsoft-Windows-Security-SPP,Application,1282,4,,,,,,,,,,,,,,,,,<explicit>,,,,,,,,,,,,,,,,,,,,,,,,,,,,,,,,,,,,,,,,,,,,,,,,,,,,,,,,,,,,,,,,,,
2026-05-20T13:08:37.448824Z,"{'#attributes': {'Qualifiers': 49152}, '#text': 16394}",DC01.darkzero.htb,Microsoft-Windows-Security-SPP,Application,1283,4,,,,,,,,,,,,,,,,,,,,,,,,,,,,,,,,,,,,,,,,,,,,,,,,,,,,,,,,,,,,,,,,,,,,,,,,,,,,,,,,,,,
2026-05-20T13:08:37.508970Z,"{'#attributes': {'Qualifiers': 16384}, '#text': 16389}",DC01.darkzero.htb,Microsoft-Windows-Security-SPP,Application,1284,4,,,,,,,,,,,,,,,,,0xC004D30B,,,,,,,,,,,,,,,,,,,,,,,,,,,,,,,,,,,,,,,,,,,,,,,,,,,,,,,,,,,,,,,,,,
2026-05-20T13:09:38.336003Z,"{'#attributes': {'Qualifiers': 0}, '#text': 8224}",DC01.darkzero.htb,VSS,Application,1285,4,,,,,,2D20436F64653A2020434F525356434330303030303737322D2043616C6C3A2020434F525356434330303030303735342D205049443A202030303030343432342D205449443A202030303030343434382D20434D443A2020433A5C57494E444F57535C73797374656D33325C76737376632E6578652020202D20557365723A204E616D653A204E5420415554484F524954595C53595354454D2C205349443A532D312D352D313820,,,,,,,,,,,,,,,,,,,,,,,,,,,,,,,,,,,,,,,,,,,,,,,,,,,,,,,,,,,,,,,,,,,,,,,,,,,,,
2026-05-20T13:09:47.674602Z,"{'#attributes': {'Qualifiers': 16384}, '#text': 16384}",DC01.darkzero.htb,Microsoft-Windows-Security-SPP,Application,1286,4,,,,,,,,,,,,,,,,,,2126-04-26T13:09:47Z,RulesEngine,,,,,,,,,,,,,,,,,,,,,,,,,,,,,,,,,,,,,,,,,,,,,,,,,,,,,,,,,,,,,,,,
2026-05-20T13:10:01.416550Z,"{'#attributes': {'Qualifiers': 32768}, '#text': 6003}",DC01.darkzero.htb,Microsoft-Windows-Winlogon,Application,1287,4,,,,,,D9060000,,,,,,,,,,,SessionEnv,,,,,,,,,,,,,,,,,,,,,,,,,,,,,,,,,,,,,,,,,,,,,,,,,,,,,,,,,,,,,,,,,,
2026-05-20T13:10:01.777822Z,"{'#attributes': {'Qualifiers': 32768}, '#text': 6000}",DC01.darkzero.htb,Microsoft-Windows-Winlogon,Application,1288,4,,,,,,D9060000,,,,,,,,,,,SessionEnv,,,,,,,,,,,,,,,,,,,,,,,,,,,,,,,,,,,,,,,,,,,,,,,,,,,,,,,,,,,,,,,,,,
2026-05-20T13:10:33.284141Z,1001,DC01.darkzero.htb,Microsoft-Windows-LoadPerf,Application,1289,4,,,,,,,,,,,,,,,,,,,,,,,,,,,,,,,,,,,,,,,,,,,,,,,,,,,,,,,,,,,,,,,,,,,,LoadPerf,6E420000C4020000,8,,WmiApRpl,,,,WmiApRpl,,,,,,,
2026-05-20T13:10:33.359934Z,1000,DC01.darkzero.htb,Microsoft-Windows-LoadPerf,Application,1290,4,,,,,,,,,,,,,,,,,,,,,,,,,,,,,,,,,,,,,,,,,,,,,,,,,,,,,,,,,,,,,,,,,,,,LoadPerf,7042000040430000,8,,WmiApRpl,,,,WmiApRpl,,,,,,,
2026-05-20T13:12:26.412962Z,"{'#attributes': {'Qualifiers': 16384}, '#text': 1704}",DC01.darkzero.htb,SceCli,Application,1291,4,,,,,,,,,,,,,,,,,,,,,,,,,,,,,,,,,,,,,,,,,,,,,,,,,,,,,,,,,,,,,,,,,,,,,,,,,,,,,,,,,,,
2026-05-20T13:15:16.617361Z,"{'#attributes': {'Qualifiers': 49152}, '#text': 16394}",DC01.darkzero.htb,Microsoft-Windows-Security-SPP,Application,1292,4,,,,,,,,,,,,,,,,,,,,,,,,,,,,,,,,,,,,,,,,,,,,,,,,,,,,,,,,,,,,,,,,,,,,,,,,,,,,,,,,,,,
2026-05-20T13:15:17.113897Z,"{'#attributes': {'Qualifiers': 16384}, '#text': 16389}",DC01.darkzero.htb,Microsoft-Windows-Security-SPP,Application,1293,4,,,,,,,,,,,,,,,,,0xC004D30B,,,,,,,,,,,,,,,,,,,,,,,,,,,,,,,,,,,,,,,,,,,,,,,,,,,,,,,,,,,,,,,,,,
2026-05-20T13:15:51.325052Z,"{'#attributes': {'Qualifiers': 16384}, '#text': 16384}",DC01.darkzero.htb,Microsoft-Windows-Security-SPP,Application,1294,4,,,,,,,,,,,,,,,,,,2126-04-26T13:15:51Z,RulesEngine,,,,,,,,,,,,,,,,,,,,,,,,,,,,,,,,,,,,,,,,,,,,,,,,,,,,,,,,,,,,,,,,
2026-05-20T13:42:57.861527Z,"{'#attributes': {'Qualifiers': 32768}, '#text': 6000}",DC01.darkzero.htb,Microsoft-Windows-Winlogon,Application,1295,4,,,,,,D9060000,,,,,,,,,,,SessionEnv,,,,,,,,,,,,,,,,,,,,,,,,,,,,,,,,,,,,,,,,,,,,,,,,,,,,,,,,,,,,,,,,,,
2026-05-20T13:42:58.616096Z,"{'#attributes': {'Qualifiers': 0}, '#text': 260}",DC01.darkzero.htb,VMUpgradeHelper,Application,1296,4,,,,,,,,,,,,,,,,,,,,,,,,,,,,,,,,,,,,,,,,,,,,,,,,,,,,,,,,,,,,,,,,,,,,,,,,,,,,,,,,,,,
2026-05-20T13:42:58.616625Z,"{'#attributes': {'Qualifiers': 0}, '#text': 272}",DC01.darkzero.htb,VMUpgradeHelper,Application,1297,4,,,,,,,,,,,,,,,,,,,,,,,,,,,,,,,,,,,,,,,,,,,,,,,,,,,,,,,,,,,,,,,,,,,,,,,,,,,,,,,,,,,
2026-05-20T13:42:58.624612Z,"{'#attributes': {'Qualifiers': 0}, '#text': 108}",DC01.darkzero.htb,VMTools,Application,1298,4,,,,,,,,,,,,,,,,,,,,,,,,,,,,,,,,,,,,,,,,,,,,,,,,,,,,,,,,,,,,,,,,,,,,,,,,,,,,,,,,,,,
2026-05-20T13:42:58.801028Z,1532,DC01.darkzero.htb,Microsoft-Windows-User Profiles Service,Application,1299,4,,,,,,,,,,,,,,,,,,,,,,,,,,,,,,,,,,,,,,,,,,,,,,,,,,,,,,,,,,,,,,,,,,,,,,,,,,,,,,,,,,,
2026-05-20T13:42:58.962054Z,38,DC01.darkzero.htb,Microsoft-Windows-CertificationAuthority,Application,1300,4,,,,,,,,,,darkzero-DC01-CA,,,,,,,,,,,,,,,,,,,,,,,,,,,,,,,,,,,,,,,,,,,,,,,,,,,,,,,,,MSG_I_SERVER_STOPPED,,,,,,,,,,,,,,,,
2026-05-20T14:32:49.098780Z,5615,DC01.darkzero.htb,Microsoft-Windows-WMI,Application,1301,4,,,,,,,,,,,,,,,,,,,,,,,,,,,,,,,,,,,,,,,,,,,,,,,,,,,,,,,,,,,,,,,,,,,,,,,,,,,,,,,,,,,
2026-05-20T14:32:50.502834Z,1531,DC01.darkzero.htb,Microsoft-Windows-User Profiles Service,Application,1302,4,,,,,,,,,,,,,,,,,,,,,,,,,,,,,,,,,,,,,,,,,,,,,,,,,,,,,,,,,,,,,,,,,,,,,,,,,,,,,,,,,,,
2026-05-20T14:32:53.617441Z,5617,DC01.darkzero.htb,Microsoft-Windows-WMI,Application,1303,4,,,,,,,,,,,,,,,,,,,,,,,,,,,,,,,,,,,,,,,,,,,,,,,,,,,,,,,,,,,,,,,,,,,,,,,,,,,,,,,,,,,
2026-05-20T14:32:59.227393Z,"{'#attributes': {'Qualifiers': 0}, '#text': 105}",DC01.darkzero.htb,VMTools,Application,1304,4,,,,,,,,,,,,,,,,,,,,,,,,,,,,,,,,,,,,,,,,,,,,,,,,,,,,,,,,,,,,,,,,,,,,,,,,,,,,,,,,,,,
2026-05-20T14:33:01.822812Z,"{'#attributes': {'Qualifiers': 16384}, '#text': 781}",DC01.darkzero.htb,Microsoft-Windows-Complus,Application,1305,4,,,,,,,,,,,,,,,,,,,,,,,,,,,,,,,,,,,,,,,,,,,,,,,,,,,,,,,,,,,,,,,,,,,,,,,,86400,,,,SuppressDuplicateDuration,Software\Microsoft\COM3\Eventlog,,,,,,
2026-05-20T14:33:02.174563Z,"{'#attributes': {'Qualifiers': 0}, '#text': 258}",DC01.darkzero.htb,VMUpgradeHelper,Application,1306,4,,,,,,,,,,,,,,,,,,,,,,,,,,,,,,,,,,,,,,,,,,,,,,,,,,,,,,,,,,,,,,,,,,,,,,,,,,,,,,,,,,,
2026-05-20T14:33:03.462022Z,"{'#attributes': {'Qualifiers': 0}, '#text': 271}",DC01.darkzero.htb,VMUpgradeHelper,Application,1307,4,,,,,,,,,,,,,,,,,,,,,,,,,,,,,,,,,,,,,,,,,,,,,,,,,,,,,,,,,,,,,,,,,,,,,,,,,,,,,,,,,,,
2026-05-20T14:33:03.728908Z,"{'#attributes': {'Qualifiers': 16384}, '#text': 4202}",DC01.darkzero.htb,Microsoft-Windows-MSDTC 2,Application,1308,4,,,,,,,,,,,,,,,,,,,,,,,,,,,,,,,,,,,,,,,,,,,,,,,,,,,,,,,,,,,,,,,,,,,,,,,,0,0,0,1,0,0,0,0,0,1,Mutual Authentication Required,NT AUTHORITY\NetworkService
2026-05-20T14:33:28.810036Z,"{'#attributes': {'Qualifiers': 0}, '#text': 102}",DC01.darkzero.htb,ESENT,Application,1309,4,,,,,,,,,,,,,,,,,,certsrv.exe,"2288,P,98,0",,0,10,00,26100,0000,,,,,,,,,,,,,,,,,,,,,,,,,,,,,,,,,,,,,,,,,,,,,,,,,,,,,,,,,,
2026-05-20T14:33:28.833982Z,"{'#attributes': {'Qualifiers': 0}, '#text': 105}",DC01.darkzero.htb,ESENT,Application,1310,4,,,,,,,,,,,,,,,,,,certsrv.exe,"2288,D,0,0",,0,0.027,"
[1] 0.001333 +J(0) +M(C:0K, Fs:128, WS:492K # 492K, PF:2512K # 2236K, P:2512K)
[2] 0.000721 +J(0) +M(C:3200K, Fs:215, WS:844K # 844K, PF:4172K # 4172K, P:4172K)
[3] 0.000020 +J(0) +M(C:0K, Fs:4, WS:12K # 12K, PF:64K # 64K, P:64K)
[4] 0.000275 +J(0) +M(C:0K, Fs:46, WS:184K # 184K, PF:500K # 500K, P:500K)
[5] 0.000729 +J(0) +M(C:0K, Fs:11, WS:44K # 44K, PF:32K # 32K, P:32K)
[6] 0.003014 +J(0) +M(C:0K, Fs:33, WS:132K # 132K, PF:12K # 12K, P:12K)
[7] 0.012003 -0.010848 (3) WT +J(0) +M(C:0K, Fs:281, WS:1120K # 1120K, PF:1028K # 1028K, P:1028K)
[8] -
[9] -
[10] -
[11] -
[12] -
[13] 0.008139 -0.005987 (4) WT +J(CM:0, PgRf:0, Rd:0/0, Dy:0/0, Lg:616/1) +M(C:0K, Fs:14, WS:-980K # 24K, PF:-1024K # 12K, P:-1024K)
[14] 0.000028 +J(0) +M(C:0K, Fs:2, WS:8K # 0K, PF:0K # 0K, P:0K)
[15] 0.000226 +J(0) +M(C:0K, Fs:101, WS:404K # 0K, PF:64K # 0K, P:64K)
[16] 0.000699 -0.000476 (1) WT +J(0) +M(C:0K, Fs:2, WS:0K # 0K, PF:0K # 0K, P:0K).","RBSOn = 0
",,,,,,,,,,,,,,,,,,,,,,,,,,,,,,,,,,,,,,,,,,,,,,,,,,,,,,,,,,,
2026-05-20T14:33:28.858623Z,"{'#attributes': {'Qualifiers': 0}, '#text': 326}",DC01.darkzero.htb,ESENT,Application,1311,4,,,,,,,,,,,,,,,,,,certsrv.exe,"2288,D,50,0",,1,C:\WINDOWS\system32\CertLog\darkzero-DC01-CA.edb,0,"
[1] 0.000006 +J(0) +M(C:0K, Fs:1, WS:4K # 0K, PF:0K # 0K, P:0K)
[2] 0.002614 -0.002042 (1) WT +J(0) +M(C:0K, Fs:21, WS:20K # 0K, PF:4K # 0K, P:4K)
[3] 0.014339 -0.003804 (6) WT +J(CM:0, PgRf:0, Rd:0/0, Dy:0/0, Lg:3480/2) +M(C:0K, Fs:35, WS:132K # 0K, PF:124K # 0K, P:124K)
[4] 0.000762 +J(0) +M(C:0K, Fs:1, WS:4K # 0K, PF:0K # 0K, P:0K)
[5] -
[6] 0.001761 -0.001528 (2) CM -0.001406 (2) WT +J(CM:2, PgRf:2, Rd:0/2, Dy:0/0, Lg:0/0) +M(C:0K, Fs:43, WS:172K # 0K, PF:132K # 0K, P:132K)
[7] 0.000005 +J(0)
[8] 0.001502 -0.001250 (1) CM -0.001231 (1) WT +J(CM:1, PgRf:1, Rd:14/0, Dy:0/0, Lg:0/0) +M(C:0K, Fs:38, WS:152K # 0K, PF:200K # 0K, P:200K)
[9] -
[10] -
[11] -
[12] 0.000033 +J(CM:0, PgRf:0, Rd:0/0, Dy:0/0, Lg:54/1) +M(C:0K, Fs:2, WS:8K # 0K, PF:20K # 0K, P:20K)
[13] 0.001353 -0.001071 (2) CM -0.000986 (2) WT +J(CM:2, PgRf:23, Rd:0/2, Dy:0/0, Lg:0/0) +M(C:0K, Fs:21, WS:84K # 68K, PF:4K # 0K, P:4K)
[14] 0.000865 -0.000704 (1) CM -0.000656 (1) WT +J(CM:1, PgRf:40, Rd:0/1, Dy:0/0, Lg:0/0) +M(C:0K, Fs:5, WS:20K # 20K, PF:64K # 0K, P:64K)
[15] 0.000010 +J(CM:0, PgRf:1, Rd:0/0, Dy:0/0, Lg:0/0)
[16] 0.000012 +J(CM:0, PgRf:1, Rd:0/0, Dy:0/0, Lg:0/0) +M(C:0K, Fs:1, WS:4K # 4K, PF:0K # 0K, P:0K)
[17] 0.000067 +J(CM:0, PgRf:42, Rd:0/0, Dy:0/0, Lg:0/0) +M(C:0K, Fs:6, WS:24K # 24K, PF:0K # 0K, P:0K)
[18] 0.000001 +J(0)
[19] 0.0 +J(0)
[20] 0.000031 +J(CM:0, PgRf:3, Rd:0/0, Dy:0/0, Lg:0/0) +M(C:0K, Fs:3, WS:12K # 12K, PF:0K # 0K, P:0K).",0 0,"lgposAttach = 00000001:00F0:0268,
dbv = 1568.300.620 (9620)",,,,,,,,,,,,,,,,,,,,,,,,,,,,,,,,,,,,,,,,,,,,,,,,,,,,,,,,,
2026-05-20T14:33:29.936518Z,44,DC01.darkzero.htb,Microsoft-Windows-CertificationAuthority,Application,1312,2,,,,,,,,,,,,,,,,,,,,,,,,,,,,,0x8007054b (1355),,The specified domain either does not exist or could not be contacted.,,,,,,,Initialize,,,,,,,,,,,,,Windows default,,,,,,,,,,,,,,,,MSG_E_POLICY_ERROR,,,,,,,,,,,"The Active Directory containing the Certification Authority could not be contacted.
",,,,,
2026-05-20T14:33:29.956026Z,26,DC01.darkzero.htb,Microsoft-Windows-CertificationAuthority,Application,1313,4,,,,,,,,,,darkzero-DC01-CA,,,,,,  DC=,,,,,,,,,,,,,,,,,,,,,,,,,,,,,,,,,,,,,,,,,,,,,,,,,,,MSG_I_SERVER_STARTED,,,,,,,,,,,,,,,,
2026-05-20T14:35:05.200057Z,"{'#attributes': {'Qualifiers': 16384}, '#text': 900}",DC01.darkzero.htb,Microsoft-Windows-Security-SPP,Application,1314,4,,,,,,,,,,,,,,,,,<explicit>,,,,,,,,,,,,,,,,,,,,,,,,,,,,,,,,,,,,,,,,,,,,,,,,,,,,,,,,,,,,,,,,,,
2026-05-20T14:35:05.533895Z,"{'#attributes': {'Qualifiers': 49152}, '#text': 16394}",DC01.darkzero.htb,Microsoft-Windows-Security-SPP,Application,1315,4,,,,,,,,,,,,,,,,,,,,,,,,,,,,,,,,,,,,,,,,,,,,,,,,,,,,,,,,,,,,,,,,,,,,,,,,,,,,,,,,,,,
2026-05-20T14:35:05.673834Z,"{'#attributes': {'Qualifiers': 16384}, '#text': 1066}",DC01.darkzero.htb,Microsoft-Windows-Security-SPP,Application,1316,4,,,,,,,,,,,,,,,,,"C:\WINDOWS\system32\sppwinob.dll, msft:spp/windowsfunctionality/agent/7.0, 0x00000000, 0x00000000
C:\WINDOWS\system32\sppobjs.dll, msft:rm/algorithm/inherited/1.0, 0x00000000, 0x00000000
C:\WINDOWS\system32\sppobjs.dll, msft:rm/algorithm/phone/1.0, 0x00000000, 0x00000000
C:\WINDOWS\system32\sppobjs.dll, msft:rm/algorithm/pkey/detect, 0x00000000, 0x00000000
C:\WINDOWS\system32\sppobjs.dll, msft:spp/ActionScheduler/1.0, 0x00000000, 0x00000000
C:\WINDOWS\system32\sppobjs.dll, msft:spp/TaskScheduler/1.0, 0x00000000, 0x00000000
C:\WINDOWS\system32\sppobjs.dll, msft:spp/statecollector/pkey, 0x00000000, 0x00000000
C:\WINDOWS\system32\sppobjs.dll, msft:spp/volume/services/kms/1.0, 0x00000000, 0x00000000
C:\WINDOWS\system32\sppobjs.dll, msft:spp/volume/services/kms/activationinfo/1.0, 0x00000000, 0x00000000
",,,,,,,,,,,,,,,,,,,,,,,,,,,,,,,,,,,,,,,,,,,,,,,,,,,,,,,,,,,,,,,,,,
2026-05-20T14:35:05.687136Z,"{'#attributes': {'Qualifiers': 16384}, '#text': 16389}",DC01.darkzero.htb,Microsoft-Windows-Security-SPP,Application,1317,4,,,,,,,,,,,,,,,,,0xC004D30B,,,,,,,,,,,,,,,,,,,,,,,,,,,,,,,,,,,,,,,,,,,,,,,,,,,,,,,,,,,,,,,,,,
2026-05-20T14:35:05.778335Z,"{'#attributes': {'Qualifiers': 16384}, '#text': 1040}",DC01.darkzero.htb,Microsoft-Windows-Security-SPP,Application,1318,4,,,,,,5A0000000A002C0000000000030001000100010000000000010001000000967DF2C90C5CE6B7DFE0DE24FC1467B0C1BFA29A0D0001000101000201000301000401000500000601000700000801000901000A01000B00000C01002C0000000000030001000100010000000000010001000000A276F2C90C5CE6B7DFE0DE24FC1467B0C1BFA29A,,,,,,,,,,,,55c92734-d682-4d71-983e-d6ec3f16059f,10d661ba-f2e3-445c-8e92-200e1e05e9e1,,,,,,,,,,,,,,,,,,,,,,,,,,,,,,,,,,,,,,,,,,,,,,,,,,,,,,,,,,,,,,,,
2026-05-20T14:35:05.909140Z,"{'#attributes': {'Qualifiers': 16384}, '#text': 1003}",DC01.darkzero.htb,Microsoft-Windows-Security-SPP,Application,1319,4,,,,,,,,,,,,,,,,,,55c92734-d682-4d71-983e-d6ec3f16059f,"
1: 0b646350-5349-4013-b1be-4100d1a7fa38, 1, 0 [(0 [0xC004F014, 0, 0], [(?)(?)(?)(?)(?)(?)(?)(?)])(1 )(2 )(3 )]
2: 10d661ba-f2e3-445c-8e92-200e1e05e9e1, 1, 1 [(0 [0x00000000, 1, 0], [(?)( 1 0x00000000)(?)( 2 0x00000000 0 0 msft:rm/algorithm/hwid/4.0 0x00000000 0)(?)(?)( 10 0x00000000 msft:rm/algorithm/flags/1.0)(?)])(1 )(2 )(3 )]
3: 2033816d-9d16-44bb-8f08-412ff45f38bf, 1, 0 [(0 [0xC004F014, 0, 0], [(?)(?)(?)(?)(?)(?)(?)(?)])(1 )(2 )(3 )]
4: 653ae55c-1d53-427b-be51-15bc1841fca7, 1, 0 [(0 [0xC004F014, 0, 0], [(?)(?)(?)(?)(?)(?)(?)(?)])(1 )(2 )(3 )]
5: 66c20db7-ff1e-4f87-a915-4e03715da35f, 1, 0 [(0 [0xC004F014, 0, 0], [(?)(?)(?)(?)(?)(?)(?)(?)])(1 )(2 )(3 )]
6: 6bad0243-1c35-46b2-b8e6-7a853e37413f, 1, 0 [(0 [0xC004F014, 0, 0], [(?)(?)(?)(?)(?)(?)(?)(?)])(1 )(2 )(3 )]
7: 82fcf64d-f9dd-4411-9c79-f2eed16d4eb8, 1, 0 [(0 [0xC004F014, 0, 0], [(?)(?)(?)(?)(?)(?)(?)(?)])(1 )(2 )(3 )]
8: 84e331f6-4279-48c4-ab10-b75139181351, 1, 0 [(0 [0xC004F014, 0, 0], [(?)(?)(?)(?)(?)(?)(?)(?)])(1 )(2 )(3 )]
9: 9e232465-2ade-4a33-a277-702010a84adb, 1, 0 [(0 [0xC004F014, 0, 0], [(?)(?)(?)(?)(?)(?)(?)(?)])(1 )(2 )(3 )]
10: a1da5f8f-7553-42c5-b0b4-6f27c4d74240, 1, 0 [(0 [0xC004F014, 0, 0], [(?)(?)(?)(?)(?)(?)(?)(?)])(1 )(2 )(3 )]
11: a2004bef-6ff1-48f9-8328-41ce1cd5ee79, 1, 0 [(0 [0xC004F014, 0, 0], [(?)(?)(?)(?)(?)(?)(?)(?)])(1 )(2 )(3 )]
12: c052f164-cdf6-409a-a0cb-853ba0f0f55a, 1, 0 [(0 [0xC004F014, 0, 0], [(?)(?)(?)(?)(?)(?)(?)(?)])(1 )(2 )(3 )]
13: e5b79126-7250-4d27-ad42-0eeb23db5771, 1, 0 [(0 [0xC004F014, 0, 0], [(?)(?)(?)(?)(?)(?)(?)(?)])(1 )(2 )(3 )]
14: f15a5790-90b7-4674-8fd4-e187ba426ad2, 1, 0 [(0 [0xC004F014, 0, 0], [(?)(?)(?)(?)(?)(?)(?)(?)])(1 )(2 )(3 )]

",,,,,,,,,,,,,,,,,,,,,,,,,,,,,,,,,,,,,,,,,,,,,,,,,,,,,,,,,,,,,,,,
2026-05-20T14:35:05.912764Z,"{'#attributes': {'Qualifiers': 49152}, '#text': 20492}",DC01.darkzero.htb,Microsoft-Windows-Security-SPP,Application,1320,4,,,,,,,,,,,,,,,,,0xC004D30B,,,,,,,,,,,,,,,,,,,,,,,,,,,,,,,,,,,,,,,,,,,,,,,,,,,,,,,,,,,,,,,,,,
2026-05-20T14:35:05.937157Z,"{'#attributes': {'Qualifiers': 49152}, '#text': 16398}",DC01.darkzero.htb,Microsoft-Windows-Security-SPP,Application,1321,2,,,,,,,,,,,,,,,,,,0x80070490,No grace timer found,,,,,,,,,,,,,,,,,,,,,,,,,,,,,,,,,,,,,,,,,,,,,,,,,,,,,,,,,,,,,,,,
2026-05-20T14:35:05.957473Z,"{'#attributes': {'Qualifiers': 16384}, '#text': 902}",DC01.darkzero.htb,Microsoft-Windows-Security-SPP,Application,1322,0,,,,,,,,,,,,,,,,,10.0.26100.32522,,,,,,,,,,,,,,,,,,,,,,,,,,,,,,,,,,,,,,,,,,,,,,,,,,,,,,,,,,,,,,,,,,
2026-05-20T14:35:41.828227Z,"{'#attributes': {'Qualifiers': 16384}, '#text': 16384}",DC01.darkzero.htb,Microsoft-Windows-Security-SPP,Application,1323,4,,,,,,,,,,,,,,,,,,2126-04-26T14:35:41Z,RulesEngine,,,,,,,,,,,,,,,,,,,,,,,,,,,,,,,,,,,,,,,,,,,,,,,,,,,,,,,,,,,,,,,,
2026-05-20T14:35:41.953397Z,"{'#attributes': {'Qualifiers': 16384}, '#text': 903}",DC01.darkzero.htb,Microsoft-Windows-Security-SPP,Application,1324,0,,,,,,,,,,,,,,,,,,,,,,,,,,,,,,,,,,,,,,,,,,,,,,,,,,,,,,,,,,,,,,,,,,,,,,,,,,,,,,,,,,,
2026-05-20T14:36:05.001449Z,"{'#attributes': {'Qualifiers': 0}, '#text': 8224}",DC01.darkzero.htb,VSS,Application,1325,4,,,,,,2D20436F64653A2020434F525356434330303030303737322D2043616C6C3A2020434F525356434330303030303735342D205049443A202030303030343330342D205449443A202030303030343333362D20434D443A2020433A5C57494E444F57535C73797374656D33325C76737376632E6578652020202D20557365723A204E616D653A204E5420415554484F524954595C53595354454D2C205349443A532D312D352D313820,,,,,,,,,,,,,,,,,,,,,,,,,,,,,,,,,,,,,,,,,,,,,,,,,,,,,,,,,,,,,,,,,,,,,,,,,,,,,
2026-05-20T14:37:15.541655Z,1001,DC01.darkzero.htb,Microsoft-Windows-LoadPerf,Application,1326,4,,,,,,,,,,,,,,,,,,,,,,,,,,,,,,,,,,,,,,,,,,,,,,,,,,,,,,,,,,,,,,,,,,,,LoadPerf,6E420000C4020000,8,,WmiApRpl,,,,WmiApRpl,,,,,,,
2026-05-20T14:37:15.601704Z,1000,DC01.darkzero.htb,Microsoft-Windows-LoadPerf,Application,1327,4,,,,,,,,,,,,,,,,,,,,,,,,,,,,,,,,,,,,,,,,,,,,,,,,,,,,,,,,,,,,,,,,,,,,LoadPerf,7042000040430000,8,,WmiApRpl,,,,WmiApRpl,,,,,,,
2026-05-20T14:38:18.363863Z,"{'#attributes': {'Qualifiers': 0}, '#text': 102}",DC01.darkzero.htb,ESENT,Application,1328,4,,,,,,,,,,,,,,,,,,DFSRs,"2736,P,98,0",\\.\C:\System Volume Information\DFSR\database_5284_685_8406_6C33\dfsr.db: ,0,10,00,26100,0000,,,,,,,,,,,,,,,,,,,,,,,,,,,,,,,,,,,,,,,,,,,,,,,,,,,,,,,,,,
2026-05-20T14:38:18.397023Z,"{'#attributes': {'Qualifiers': 0}, '#text': 105}",DC01.darkzero.htb,ESENT,Application,1329,4,,,,,,,,,,,,,,,,,,DFSRs,"2736,D,0,0",\\.\C:\System Volume Information\DFSR\database_5284_685_8406_6C33\dfsr.db: ,0,0.042,"
[1] 0.006667 +J(0) +M(C:0K, Fs:310, WS:1208K # 1208K, PF:6584K # 6544K, P:6584K)
[2] 0.000389 +J(0) +M(C:16K, Fs:105, WS:412K # 412K, PF:312K # 312K, P:312K)
[3] 0.000016 +J(0) +M(C:0K, Fs:1, WS:4K # 4K, PF:64K # 64K, P:64K)
[4] 0.000325 +J(0) +M(C:2032K, Fs:46, WS:176K # 176K, PF:2440K # 2440K, P:2440K)
[5] 0.001138 +J(0) +M(C:0K, Fs:13, WS:52K # 52K, PF:20K # 20K, P:20K)
[6] 0.001212 +J(0) +M(C:0K, Fs:20, WS:80K # 80K, PF:12K # 12K, P:12K)
[7] 0.017413 -0.012418 (11) WT +J(0) +M(C:0K, Fs:1306, WS:5212K # 5212K, PF:5132K # 5132K, P:5132K)
[8] -
[9] -
[10] -
[11] -
[12] -
[13] 0.011387 -0.007580 (12) WT +J(CM:0, PgRf:0, Rd:0/0, Dy:0/0, Lg:616/1) +M(C:0K, Fs:12, WS:-5080K # 16K, PF:-5128K # 12K, P:-5128K)
[14] 0.000029 +J(0) +M(C:0K, Fs:1, WS:4K # 0K, PF:0K # 0K, P:0K)
[15] 0.000229 +J(0) +M(C:0K, Fs:65, WS:260K # 0K, PF:64K # 0K, P:64K)
[16] 0.002804 -0.002524 (1) WT +J(0) +M(C:0K, Fs:2, WS:0K # 0K, PF:0K # 0K, P:0K).","RBSOn = 0
",,,,,,,,,,,,,,,,,,,,,,,,,,,,,,,,,,,,,,,,,,,,,,,,,,,,,,,,,,,
2026-05-20T14:38:18.411773Z,"{'#attributes': {'Qualifiers': 0}, '#text': 326}",DC01.darkzero.htb,ESENT,Application,1330,4,,,,,,,,,,,,,,,,,,DFSRs,"2736,D,50,0",\\.\C:\System Volume Information\DFSR\database_5284_685_8406_6C33\dfsr.db: ,1,\\.\C:\System Volume Information\DFSR\database_5284_685_8406_6C33\dfsr.db,0,"
[1] 0.000007 +J(0) +M(C:0K, Fs:1, WS:4K # 0K, PF:0K # 0K, P:0K)
[2] 0.001452 -0.001017 (1) WT +J(0) +M(C:0K, Fs:22, WS:24K # 0K, PF:8K # 0K, P:8K)
[3] 0.008128 -0.003962 (6) WT +J(CM:0, PgRf:0, Rd:0/0, Dy:0/0, Lg:3480/2) +M(C:0K, Fs:47, WS:172K # 0K, PF:168K # 0K, P:168K)
[4] 0.000544 +J(0) +M(C:0K, Fs:1, WS:4K # 0K, PF:0K # 0K, P:0K)
[5] -
[6] 0.001066 -0.000826 (2) CM -0.000724 (2) WT +J(CM:2, PgRf:2, Rd:0/2, Dy:0/0, Lg:0/0) +M(C:-8K, Fs:43, WS:164K # 0K, PF:120K # 0K, P:120K)
[7] 0.000003 +J(0)
[8] 0.001031 -0.000693 (1) CM -0.000672 (1) WT +J(CM:1, PgRf:1, Rd:14/0, Dy:0/0, Lg:0/0) +M(C:-4K, Fs:51, WS:200K # 0K, PF:192K # 0K, P:192K)
[9] -
[10] -
[11] -
[12] 0.000017 +J(CM:0, PgRf:0, Rd:0/0, Dy:0/0, Lg:54/1) +M(C:0K, Fs:2, WS:8K # 0K, PF:20K # 0K, P:20K)
[13] 0.000653 -0.000397 (1) CM -0.000341 (1) WT +J(CM:1, PgRf:23, Rd:0/1, Dy:0/0, Lg:0/0) +M(C:-8K, Fs:21, WS:76K # 0K, PF:0K # 0K, P:0K)
[14] 0.000566 -0.000385 (1) CM -0.000333 (1) WT +J(CM:1, PgRf:40, Rd:0/1, Dy:0/0, Lg:0/0) +M(C:-4K, Fs:6, WS:20K # 0K, PF:60K # 0K, P:60K)
[15] 0.000012 +J(CM:0, PgRf:1, Rd:0/0, Dy:0/0, Lg:0/0)
[16] 0.000015 +J(CM:0, PgRf:1, Rd:0/0, Dy:0/0, Lg:0/0) +M(C:0K, Fs:1, WS:4K # 0K, PF:0K # 0K, P:0K)
[17] 0.000051 +J(CM:0, PgRf:36, Rd:0/0, Dy:0/0, Lg:0/0)
[18] 0.000001 +J(0)
[19] 0.0 +J(0)
[20] 0.000043 +J(CM:0, PgRf:3, Rd:0/0, Dy:0/0, Lg:0/0) +M(C:0K, Fs:3, WS:12K # 0K, PF:0K # 0K, P:0K).",0 0,"lgposAttach = 00000001:0046:0268,
dbv = 1568.300.620 (9620)",,,,,,,,,,,,,,,,,,,,,,,,,,,,,,,,,,,,,,,,,,,,,,,,,,,,,,,,,
2026-05-20T14:41:26.742946Z,"{'#attributes': {'Qualifiers': 49152}, '#text': 16394}",DC01.darkzero.htb,Microsoft-Windows-Security-SPP,Application,1331,4,,,,,,,,,,,,,,,,,,,,,,,,,,,,,,,,,,,,,,,,,,,,,,,,,,,,,,,,,,,,,,,,,,,,,,,,,,,,,,,,,,,
2026-05-20T14:41:26.794871Z,"{'#attributes': {'Qualifiers': 16384}, '#text': 16389}",DC01.darkzero.htb,Microsoft-Windows-Security-SPP,Application,1332,4,,,,,,,,,,,,,,,,,0xC004D30B,,,,,,,,,,,,,,,,,,,,,,,,,,,,,,,,,,,,,,,,,,,,,,,,,,,,,,,,,,,,,,,,,,
2026-05-20T14:41:56.946271Z,"{'#attributes': {'Qualifiers': 16384}, '#text': 16384}",DC01.darkzero.htb,Microsoft-Windows-Security-SPP,Application,1333,4,,,,,,,,,,,,,,,,,,2126-04-26T14:41:56Z,RulesEngine,,,,,,,,,,,,,,,,,,,,,,,,,,,,,,,,,,,,,,,,,,,,,,,,,,,,,,,,,,,,,,,,
2026-05-20T14:49:25.996381Z,"{'#attributes': {'Qualifiers': 32768}, '#text': 6003}",DC01.darkzero.htb,Microsoft-Windows-Winlogon,Application,1334,4,,,,,,D9060000,,,,,,,,,,,SessionEnv,,,,,,,,,,,,,,,,,,,,,,,,,,,,,,,,,,,,,,,,,,,,,,,,,,,,,,,,,,,,,,,,,,
2026-05-20T14:49:26.460378Z,"{'#attributes': {'Qualifiers': 32768}, '#text': 6000}",DC01.darkzero.htb,Microsoft-Windows-Winlogon,Application,1335,4,,,,,,D9060000,,,,,,,,,,,SessionEnv,,,,,,,,,,,,,,,,,,,,,,,,,,,,,,,,,,,,,,,,,,,,,,,,,,,,,,,,,,,,,,,,,,
2026-05-20T15:12:28.307270Z,"{'#attributes': {'Qualifiers': 32768}, '#text': 6000}",DC01.darkzero.htb,Microsoft-Windows-Winlogon,Application,1336,4,,,,,,D9060000,,,,,,,,,,,SessionEnv,,,,,,,,,,,,,,,,,,,,,,,,,,,,,,,,,,,,,,,,,,,,,,,,,,,,,,,,,,,,,,,,,,
2026-05-20T15:12:30.047778Z,"{'#attributes': {'Qualifiers': 0}, '#text': 260}",DC01.darkzero.htb,VMUpgradeHelper,Application,1337,4,,,,,,,,,,,,,,,,,,,,,,,,,,,,,,,,,,,,,,,,,,,,,,,,,,,,,,,,,,,,,,,,,,,,,,,,,,,,,,,,,,,
2026-05-20T15:12:30.048169Z,"{'#attributes': {'Qualifiers': 0}, '#text': 272}",DC01.darkzero.htb,VMUpgradeHelper,Application,1338,4,,,,,,,,,,,,,,,,,,,,,,,,,,,,,,,,,,,,,,,,,,,,,,,,,,,,,,,,,,,,,,,,,,,,,,,,,,,,,,,,,,,
2026-05-20T15:12:30.054170Z,"{'#attributes': {'Qualifiers': 0}, '#text': 108}",DC01.darkzero.htb,VMTools,Application,1339,4,,,,,,,,,,,,,,,,,,,,,,,,,,,,,,,,,,,,,,,,,,,,,,,,,,,,,,,,,,,,,,,,,,,,,,,,,,,,,,,,,,,
2026-05-20T15:12:30.166743Z,1532,DC01.darkzero.htb,Microsoft-Windows-User Profiles Service,Application,1340,4,,,,,,,,,,,,,,,,,,,,,,,,,,,,,,,,,,,,,,,,,,,,,,,,,,,,,,,,,,,,,,,,,,,,,,,,,,,,,,,,,,,
2026-05-20T15:12:30.301451Z,38,DC01.darkzero.htb,Microsoft-Windows-CertificationAuthority,Application,1341,4,,,,,,,,,,darkzero-DC01-CA,,,,,,,,,,,,,,,,,,,,,,,,,,,,,,,,,,,,,,,,,,,,,,,,,,,,,,,,,MSG_I_SERVER_STOPPED,,,,,,,,,,,,,,,,
2026-05-20T22:25:37.277732Z,5615,DC01.darkzero.htb,Microsoft-Windows-WMI,Application,1342,4,,,,,,,,,,,,,,,,,,,,,,,,,,,,,,,,,,,,,,,,,,,,,,,,,,,,,,,,,,,,,,,,,,,,,,,,,,,,,,,,,,,
2026-05-20T22:25:38.343331Z,1531,DC01.darkzero.htb,Microsoft-Windows-User Profiles Service,Application,1343,4,,,,,,,,,,,,,,,,,,,,,,,,,,,,,,,,,,,,,,,,,,,,,,,,,,,,,,,,,,,,,,,,,,,,,,,,,,,,,,,,,,,
2026-05-20T22:25:41.891965Z,5617,DC01.darkzero.htb,Microsoft-Windows-WMI,Application,1344,4,,,,,,,,,,,,,,,,,,,,,,,,,,,,,,,,,,,,,,,,,,,,,,,,,,,,,,,,,,,,,,,,,,,,,,,,,,,,,,,,,,,
2026-05-20T22:25:47.246892Z,"{'#attributes': {'Qualifiers': 0}, '#text': 105}",DC01.darkzero.htb,VMTools,Application,1345,4,,,,,,,,,,,,,,,,,,,,,,,,,,,,,,,,,,,,,,,,,,,,,,,,,,,,,,,,,,,,,,,,,,,,,,,,,,,,,,,,,,,
2026-05-20T22:25:50.009464Z,"{'#attributes': {'Qualifiers': 16384}, '#text': 781}",DC01.darkzero.htb,Microsoft-Windows-Complus,Application,1346,4,,,,,,,,,,,,,,,,,,,,,,,,,,,,,,,,,,,,,,,,,,,,,,,,,,,,,,,,,,,,,,,,,,,,,,,,86400,,,,SuppressDuplicateDuration,Software\Microsoft\COM3\Eventlog,,,,,,
2026-05-20T22:25:50.705807Z,"{'#attributes': {'Qualifiers': 0}, '#text': 258}",DC01.darkzero.htb,VMUpgradeHelper,Application,1347,4,,,,,,,,,,,,,,,,,,,,,,,,,,,,,,,,,,,,,,,,,,,,,,,,,,,,,,,,,,,,,,,,,,,,,,,,,,,,,,,,,,,
2026-05-20T22:25:51.903183Z,"{'#attributes': {'Qualifiers': 0}, '#text': 271}",DC01.darkzero.htb,VMUpgradeHelper,Application,1348,4,,,,,,,,,,,,,,,,,,,,,,,,,,,,,,,,,,,,,,,,,,,,,,,,,,,,,,,,,,,,,,,,,,,,,,,,,,,,,,,,,,,
2026-05-20T22:25:52.058152Z,"{'#attributes': {'Qualifiers': 16384}, '#text': 4202}",DC01.darkzero.htb,Microsoft-Windows-MSDTC 2,Application,1349,4,,,,,,,,,,,,,,,,,,,,,,,,,,,,,,,,,,,,,,,,,,,,,,,,,,,,,,,,,,,,,,,,,,,,,,,,0,0,0,1,0,0,0,0,0,1,Mutual Authentication Required,NT AUTHORITY\NetworkService
2026-05-20T22:26:17.172088Z,"{'#attributes': {'Qualifiers': 0}, '#text': 102}",DC01.darkzero.htb,ESENT,Application,1350,4,,,,,,,,,,,,,,,,,,certsrv.exe,"2032,P,98,0",,0,10,00,26100,0000,,,,,,,,,,,,,,,,,,,,,,,,,,,,,,,,,,,,,,,,,,,,,,,,,,,,,,,,,,
2026-05-20T22:26:17.375231Z,"{'#attributes': {'Qualifiers': 0}, '#text': 105}",DC01.darkzero.htb,ESENT,Application,1351,4,,,,,,,,,,,,,,,,,,certsrv.exe,"2032,D,0,0",,0,0.207,"
[1] 0.001612 +J(0) +M(C:0K, Fs:219, WS:856K # 856K, PF:3004K # 2736K, P:3004K)
[2] 0.000629 +J(0) +M(C:3200K, Fs:144, WS:564K # 564K, PF:3676K # 3676K, P:3676K)
[3] 0.000019 +J(0) +M(C:0K, Fs:3, WS:4K # 4K, PF:72K # 72K, P:72K)
[4] 0.000182 +J(0) +M(C:0K, Fs:28, WS:112K # 112K, PF:500K # 500K, P:500K)
[5] 0.000970 +J(0) +M(C:0K, Fs:10, WS:40K # 40K, PF:24K # 24K, P:24K)
[6] 0.005276 +J(0) +M(C:0K, Fs:33, WS:132K # 132K, PF:12K # 12K, P:12K)
[7] 0.188712 -0.187433 (3) WT +J(0) +M(C:0K, Fs:281, WS:1120K # 1120K, PF:1028K # 1028K, P:1028K)
[8] -
[9] -
[10] -
[11] -
[12] -
[13] 0.008978 -0.007134 (4) WT +J(CM:0, PgRf:0, Rd:0/0, Dy:0/0, Lg:616/1) +M(C:0K, Fs:14, WS:-980K # 24K, PF:-1024K # 12K, P:-1024K)
[14] 0.000020 +J(0) +M(C:0K, Fs:1, WS:4K # 0K, PF:0K # 0K, P:0K)
[15] 0.000221 +J(0) +M(C:0K, Fs:101, WS:404K # 0K, PF:64K # 0K, P:64K)
[16] 0.000596 -0.000322 (1) WT +J(0) +M(C:0K, Fs:3, WS:4K # 0K, PF:0K # 0K, P:0K).","RBSOn = 0
",,,,,,,,,,,,,,,,,,,,,,,,,,,,,,,,,,,,,,,,,,,,,,,,,,,,,,,,,,,
2026-05-20T22:26:17.392834Z,"{'#attributes': {'Qualifiers': 0}, '#text': 326}",DC01.darkzero.htb,ESENT,Application,1352,4,,,,,,,,,,,,,,,,,,certsrv.exe,"2032,D,50,0",,1,C:\WINDOWS\system32\CertLog\darkzero-DC01-CA.edb,0,"
[1] 0.000005 +J(0) +M(C:0K, Fs:1, WS:4K # 0K, PF:0K # 0K, P:0K)
[2] 0.002251 -0.001836 (1) WT +J(0) +M(C:0K, Fs:21, WS:20K # 0K, PF:4K # 0K, P:4K)
[3] 0.009303 -0.004596 (6) WT +J(CM:0, PgRf:0, Rd:0/0, Dy:0/0, Lg:3480/2) +M(C:0K, Fs:35, WS:132K # 0K, PF:124K # 0K, P:124K)
[4] 0.000683 +J(0) +M(C:0K, Fs:1, WS:4K # 0K, PF:0K # 0K, P:0K)
[5] -
[6] 0.001420 -0.000672 (2) CM -0.000576 (2) WT +J(CM:2, PgRf:2, Rd:0/2, Dy:0/0, Lg:0/0) +M(C:0K, Fs:44, WS:176K # 0K, PF:136K # 0K, P:136K)
[7] 0.000003 +J(0)
[8] 0.001404 -0.000908 (1) CM -0.000889 (1) WT +J(CM:1, PgRf:1, Rd:14/0, Dy:0/0, Lg:0/0) +M(C:0K, Fs:37, WS:148K # 0K, PF:196K # 0K, P:196K)
[9] -
[10] -
[11] -
[12] 0.000018 +J(CM:0, PgRf:0, Rd:0/0, Dy:0/0, Lg:54/1) +M(C:0K, Fs:2, WS:8K # 0K, PF:20K # 0K, P:20K)
[13] 0.001014 -0.000761 (2) CM -0.000671 (2) WT +J(CM:2, PgRf:23, Rd:0/2, Dy:0/0, Lg:0/0) +M(C:0K, Fs:21, WS:84K # 60K, PF:4K # 0K, P:4K)
[14] 0.000369 -0.000239 (1) CM -0.000205 (1) WT +J(CM:1, PgRf:40, Rd:0/1, Dy:0/0, Lg:0/0) +M(C:0K, Fs:5, WS:20K # 20K, PF:64K # 0K, P:64K)
[15] 0.000009 +J(CM:0, PgRf:1, Rd:0/0, Dy:0/0, Lg:0/0)
[16] 0.000012 +J(CM:0, PgRf:1, Rd:0/0, Dy:0/0, Lg:0/0) +M(C:0K, Fs:1, WS:4K # 4K, PF:0K # 0K, P:0K)
[17] 0.000101 +J(CM:0, PgRf:42, Rd:0/0, Dy:0/0, Lg:0/0) +M(C:0K, Fs:6, WS:24K # 24K, PF:0K # 0K, P:0K)
[18] 0.000001 +J(0)
[19] 0.0 +J(0)
[20] 0.000030 +J(CM:0, PgRf:3, Rd:0/0, Dy:0/0, Lg:0/0) +M(C:0K, Fs:3, WS:12K # 12K, PF:0K # 0K, P:0K).",0 0,"lgposAttach = 00000001:00F9:0268,
dbv = 1568.300.620 (9620)",,,,,,,,,,,,,,,,,,,,,,,,,,,,,,,,,,,,,,,,,,,,,,,,,,,,,,,,,
2026-05-20T22:26:17.518670Z,"{'#attributes': {'Qualifiers': 0}, '#text': 102}",DC01.darkzero.htb,ESENT,Application,1353,4,,,,,,,,,,,,,,,,,,DFSRs,"2948,P,98,0",\\.\C:\System Volume Information\DFSR\database_5284_685_8406_6C33\dfsr.db: ,0,10,00,26100,0000,,,,,,,,,,,,,,,,,,,,,,,,,,,,,,,,,,,,,,,,,,,,,,,,,,,,,,,,,,
2026-05-20T22:26:17.680253Z,"{'#attributes': {'Qualifiers': 0}, '#text': 105}",DC01.darkzero.htb,ESENT,Application,1354,4,,,,,,,,,,,,,,,,,,DFSRs,"2948,D,0,0",\\.\C:\System Volume Information\DFSR\database_5284_685_8406_6C33\dfsr.db: ,0,0.171,"
[1] 0.007483 +J(0) +M(C:0K, Fs:319, WS:1236K # 1236K, PF:6640K # 6640K, P:6640K)
[2] 0.000394 +J(0) +M(C:16K, Fs:104, WS:408K # 408K, PF:300K # 292K, P:300K)
[3] 0.000019 +J(0) +M(C:0K, Fs:1, WS:4K # 4K, PF:64K # 64K, P:64K)
[4] 0.000387 +J(0) +M(C:2032K, Fs:49, WS:188K # 188K, PF:2448K # 2448K, P:2448K)
[5] 0.001238 +J(0) +M(C:0K, Fs:12, WS:48K # 48K, PF:20K # 20K, P:20K)
[6] 0.001029 +J(0) +M(C:0K, Fs:13, WS:52K # 52K, PF:12K # 12K, P:12K)
[7] -
[8] -
[9] -
[10] -
[11] -
[12] -
[13] 0.149502 -0.136142 (22) WT +J(CM:0, PgRf:0, Rd:0/0, Dy:0/0, Lg:616/1) +M(C:0K, Fs:1513, WS:808K # 5904K, PF:52K # 5176K, P:52K)
[14] 0.000025 +J(0) +M(C:0K, Fs:1, WS:4K # 0K, PF:0K # 0K, P:0K)
[15] 0.000159 +J(0) +M(C:0K, Fs:65, WS:260K # 0K, PF:64K # 0K, P:64K)
[16] 0.010936 -0.000284 (3) WT +J(0) +M(C:0K, Fs:3, WS:4K # 0K, PF:0K # 0K, P:0K).","RBSOn = 0
",,,,,,,,,,,,,,,,,,,,,,,,,,,,,,,,,,,,,,,,,,,,,,,,,,,,,,,,,,,
2026-05-20T22:26:17.848191Z,"{'#attributes': {'Qualifiers': 0}, '#text': 325}",DC01.darkzero.htb,ESENT,Application,1355,4,,,,,,,,,,,,,,,,,,DFSRs,"2948,D,35,0",\\.\C:\System Volume Information\DFSR\database_5284_685_8406_6C33\dfsr.db: ,1,\\.\C:\System Volume Information\DFSR\database_5284_685_8406_6C33\dfsr.db,0,"
[1] 0.000128 +J(0) +M(C:0K, Fs:3, WS:12K # 0K, PF:8K # 0K, P:8K)
[2] 0.005504 -0.000742 (1) WT +J(CM:0, PgRf:0, Rd:0/0, Dy:0/0, Lg:3480/2) +M(C:0K, Fs:2, WS:8K # 0K, PF:0K # 0K, P:0K)
[3] 0.114680 -0.000004 (3) WT +J(0) +M(C:0K, Fs:13, WS:40K # 0K, PF:20K # 0K, P:20K)
[4] 0.005672 +J(0) +M(C:0K, Fs:2, WS:8K # 0K, PF:0K # 0K, P:0K)
[5] 0.006272 -0.004787 (3) WT +J(CM:0, PgRf:3, Rd:0/0, Dy:3/6, Lg:122/4) +M(C:0K, Fs:68, WS:256K # 0K, PF:248K # 0K, P:248K)
[6] 0.004960 -0.001127 (2) WT +J(CM:0, PgRf:215, Rd:0/0, Dy:12/420, Lg:24454/461) +M(C:0K, Fs:83, WS:332K # 0K, PF:220K # 0K, P:220K)
[7] 0.004926 -0.003789 (3) WT +J(CM:0, PgRf:0, Rd:0/0, Dy:0/0, Lg:4096/3) +M(C:0K, Fs:6, WS:16K # 0K, PF:0K # 0K, P:0K)
[8] 0.000032 +J(0)
[9] 0.005468 -0.004374 (3) WT +J(0) +M(C:-52K, Fs:6, WS:-36K # 0K, PF:-52K # 0K, P:-52K)
[10] 0.017712 -0.007706 (7) WT +J(CM:0, PgRf:385, Rd:0/0, Dy:7/109, Lg:20701/156) +M(C:12K, Fs:59, WS:228K # 0K, PF:104K # 0K, P:104K)
[11] 0.000004 +J(0).",0 0,"lgposCreate = 00000001:0001:0268,
dbv = 1568.300.620 (9620)",,,,,,,,,,,,,,,,,,,,,,,,,,,,,,,,,,,,,,,,,,,,,,,,,,,,,,,,,
2026-05-20T22:26:18.401764Z,44,DC01.darkzero.htb,Microsoft-Windows-CertificationAuthority,Application,1356,2,,,,,,,,,,,,,,,,,,,,,,,,,,,,,0x8007054b (1355),,The specified domain either does not exist or could not be contacted.,,,,,,,Initialize,,,,,,,,,,,,,Windows default,,,,,,,,,,,,,,,,MSG_E_POLICY_ERROR,,,,,,,,,,,"The Active Directory containing the Certification Authority could not be contacted.
",,,,,
2026-05-20T22:26:18.578563Z,26,DC01.darkzero.htb,Microsoft-Windows-CertificationAuthority,Application,1357,4,,,,,,,,,,darkzero-DC01-CA,,,,,,  DC=,,,,,,,,,,,,,,,,,,,,,,,,,,,,,,,,,,,,,,,,,,,,,,,,,,,MSG_I_SERVER_STARTED,,,,,,,,,,,,,,,,
2026-05-20T22:27:54.101605Z,"{'#attributes': {'Qualifiers': 16384}, '#text': 900}",DC01.darkzero.htb,Microsoft-Windows-Security-SPP,Application,1358,4,,,,,,,,,,,,,,,,,<explicit>,,,,,,,,,,,,,,,,,,,,,,,,,,,,,,,,,,,,,,,,,,,,,,,,,,,,,,,,,,,,,,,,,,
2026-05-20T22:27:54.447602Z,"{'#attributes': {'Qualifiers': 49152}, '#text': 16394}",DC01.darkzero.htb,Microsoft-Windows-Security-SPP,Application,1359,4,,,,,,,,,,,,,,,,,,,,,,,,,,,,,,,,,,,,,,,,,,,,,,,,,,,,,,,,,,,,,,,,,,,,,,,,,,,,,,,,,,,
2026-05-20T22:27:54.589140Z,"{'#attributes': {'Qualifiers': 16384}, '#text': 1066}",DC01.darkzero.htb,Microsoft-Windows-Security-SPP,Application,1360,4,,,,,,,,,,,,,,,,,"C:\WINDOWS\system32\sppwinob.dll, msft:spp/windowsfunctionality/agent/7.0, 0x00000000, 0x00000000
C:\WINDOWS\system32\sppobjs.dll, msft:rm/algorithm/inherited/1.0, 0x00000000, 0x00000000
C:\WINDOWS\system32\sppobjs.dll, msft:rm/algorithm/phone/1.0, 0x00000000, 0x00000000
C:\WINDOWS\system32\sppobjs.dll, msft:rm/algorithm/pkey/detect, 0x00000000, 0x00000000
C:\WINDOWS\system32\sppobjs.dll, msft:spp/ActionScheduler/1.0, 0x00000000, 0x00000000
C:\WINDOWS\system32\sppobjs.dll, msft:spp/TaskScheduler/1.0, 0x00000000, 0x00000000
C:\WINDOWS\system32\sppobjs.dll, msft:spp/statecollector/pkey, 0x00000000, 0x00000000
C:\WINDOWS\system32\sppobjs.dll, msft:spp/volume/services/kms/1.0, 0x00000000, 0x00000000
C:\WINDOWS\system32\sppobjs.dll, msft:spp/volume/services/kms/activationinfo/1.0, 0x00000000, 0x00000000
",,,,,,,,,,,,,,,,,,,,,,,,,,,,,,,,,,,,,,,,,,,,,,,,,,,,,,,,,,,,,,,,,,
2026-05-20T22:27:54.601229Z,"{'#attributes': {'Qualifiers': 16384}, '#text': 16389}",DC01.darkzero.htb,Microsoft-Windows-Security-SPP,Application,1361,4,,,,,,,,,,,,,,,,,0xC004D30B,,,,,,,,,,,,,,,,,,,,,,,,,,,,,,,,,,,,,,,,,,,,,,,,,,,,,,,,,,,,,,,,,,
2026-05-20T22:27:54.709689Z,"{'#attributes': {'Qualifiers': 16384}, '#text': 1003}",DC01.darkzero.htb,Microsoft-Windows-Security-SPP,Application,1362,4,,,,,,,,,,,,,,,,,,55c92734-d682-4d71-983e-d6ec3f16059f,"
1: 0b646350-5349-4013-b1be-4100d1a7fa38, 1, 0 [(0 [0xC004F014, 0, 0], [(?)(?)(?)(?)(?)(?)(?)(?)])(1 )(2 )(3 )]
2: 10d661ba-f2e3-445c-8e92-200e1e05e9e1, 1, 1 [(0 [0x00000000, 1, 0], [(?)( 1 0x00000000)(?)( 2 0x00000000 0 0 msft:rm/algorithm/hwid/4.0 0x00000000 0)(?)(?)( 10 0x00000000 msft:rm/algorithm/flags/1.0)(?)])(1 )(2 )(3 )]
3: 2033816d-9d16-44bb-8f08-412ff45f38bf, 1, 0 [(0 [0xC004F014, 0, 0], [(?)(?)(?)(?)(?)(?)(?)(?)])(1 )(2 )(3 )]
4: 653ae55c-1d53-427b-be51-15bc1841fca7, 1, 0 [(0 [0xC004F014, 0, 0], [(?)(?)(?)(?)(?)(?)(?)(?)])(1 )(2 )(3 )]
5: 66c20db7-ff1e-4f87-a915-4e03715da35f, 1, 0 [(0 [0xC004F014, 0, 0], [(?)(?)(?)(?)(?)(?)(?)(?)])(1 )(2 )(3 )]
6: 6bad0243-1c35-46b2-b8e6-7a853e37413f, 1, 0 [(0 [0xC004F014, 0, 0], [(?)(?)(?)(?)(?)(?)(?)(?)])(1 )(2 )(3 )]
7: 82fcf64d-f9dd-4411-9c79-f2eed16d4eb8, 1, 0 [(0 [0xC004F014, 0, 0], [(?)(?)(?)(?)(?)(?)(?)(?)])(1 )(2 )(3 )]
8: 84e331f6-4279-48c4-ab10-b75139181351, 1, 0 [(0 [0xC004F014, 0, 0], [(?)(?)(?)(?)(?)(?)(?)(?)])(1 )(2 )(3 )]
9: 9e232465-2ade-4a33-a277-702010a84adb, 1, 0 [(0 [0xC004F014, 0, 0], [(?)(?)(?)(?)(?)(?)(?)(?)])(1 )(2 )(3 )]
10: a1da5f8f-7553-42c5-b0b4-6f27c4d74240, 1, 0 [(0 [0xC004F014, 0, 0], [(?)(?)(?)(?)(?)(?)(?)(?)])(1 )(2 )(3 )]
11: a2004bef-6ff1-48f9-8328-41ce1cd5ee79, 1, 0 [(0 [0xC004F014, 0, 0], [(?)(?)(?)(?)(?)(?)(?)(?)])(1 )(2 )(3 )]
12: c052f164-cdf6-409a-a0cb-853ba0f0f55a, 1, 0 [(0 [0xC004F014, 0, 0], [(?)(?)(?)(?)(?)(?)(?)(?)])(1 )(2 )(3 )]
13: e5b79126-7250-4d27-ad42-0eeb23db5771, 1, 0 [(0 [0xC004F014, 0, 0], [(?)(?)(?)(?)(?)(?)(?)(?)])(1 )(2 )(3 )]
14: f15a5790-90b7-4674-8fd4-e187ba426ad2, 1, 0 [(0 [0xC004F014, 0, 0], [(?)(?)(?)(?)(?)(?)(?)(?)])(1 )(2 )(3 )]

",,,,,,,,,,,,,,,,,,,,,,,,,,,,,,,,,,,,,,,,,,,,,,,,,,,,,,,,,,,,,,,,
2026-05-20T22:27:54.711973Z,"{'#attributes': {'Qualifiers': 49152}, '#text': 20492}",DC01.darkzero.htb,Microsoft-Windows-Security-SPP,Application,1363,4,,,,,,,,,,,,,,,,,0xC004D30B,,,,,,,,,,,,,,,,,,,,,,,,,,,,,,,,,,,,,,,,,,,,,,,,,,,,,,,,,,,,,,,,,,
2026-05-20T22:27:54.736140Z,"{'#attributes': {'Qualifiers': 49152}, '#text': 16398}",DC01.darkzero.htb,Microsoft-Windows-Security-SPP,Application,1364,2,,,,,,,,,,,,,,,,,,0x80070490,No grace timer found,,,,,,,,,,,,,,,,,,,,,,,,,,,,,,,,,,,,,,,,,,,,,,,,,,,,,,,,,,,,,,,,
2026-05-20T22:27:54.750391Z,"{'#attributes': {'Qualifiers': 16384}, '#text': 902}",DC01.darkzero.htb,Microsoft-Windows-Security-SPP,Application,1365,0,,,,,,,,,,,,,,,,,10.0.26100.32522,,,,,,,,,,,,,,,,,,,,,,,,,,,,,,,,,,,,,,,,,,,,,,,,,,,,,,,,,,,,,,,,,,
2026-05-20T22:28:30.781829Z,"{'#attributes': {'Qualifiers': 16384}, '#text': 16384}",DC01.darkzero.htb,Microsoft-Windows-Security-SPP,Application,1366,4,,,,,,,,,,,,,,,,,,2126-04-26T22:28:30Z,RulesEngine,,,,,,,,,,,,,,,,,,,,,,,,,,,,,,,,,,,,,,,,,,,,,,,,,,,,,,,,,,,,,,,,
2026-05-20T22:28:30.790266Z,"{'#attributes': {'Qualifiers': 16384}, '#text': 903}",DC01.darkzero.htb,Microsoft-Windows-Security-SPP,Application,1367,0,,,,,,,,,,,,,,,,,,,,,,,,,,,,,,,,,,,,,,,,,,,,,,,,,,,,,,,,,,,,,,,,,,,,,,,,,,,,,,,,,,,
2026-05-20T22:28:54.835245Z,"{'#attributes': {'Qualifiers': 0}, '#text': 8224}",DC01.darkzero.htb,VSS,Application,1368,4,,,,,,2D20436F64653A2020434F525356434330303030303737322D2043616C6C3A2020434F525356434330303030303735342D205049443A202030303030343434382D205449443A202030303030343439322D20434D443A2020433A5C57494E444F57535C73797374656D33325C76737376632E6578652020202D20557365723A204E616D653A204E5420415554484F524954595C53595354454D2C205349443A532D312D352D313820,,,,,,,,,,,,,,,,,,,,,,,,,,,,,,,,,,,,,,,,,,,,,,,,,,,,,,,,,,,,,,,,,,,,,,,,,,,,,
2026-05-20T22:29:47.331786Z,1001,DC01.darkzero.htb,Microsoft-Windows-LoadPerf,Application,1369,4,,,,,,,,,,,,,,,,,,,,,,,,,,,,,,,,,,,,,,,,,,,,,,,,,,,,,,,,,,,,,,,,,,,,LoadPerf,6E420000C4020000,8,,WmiApRpl,,,,WmiApRpl,,,,,,,
2026-05-20T22:29:47.390834Z,1000,DC01.darkzero.htb,Microsoft-Windows-LoadPerf,Application,1370,4,,,,,,,,,,,,,,,,,,,,,,,,,,,,,,,,,,,,,,,,,,,,,,,,,,,,,,,,,,,,,,,,,,,,LoadPerf,7042000040430000,8,,WmiApRpl,,,,WmiApRpl,,,,,,,
