2026-04-05T18:01:20.092052Z,"{'#attributes': {'Qualifiers': 16384}, '#text': 16384}",WIN-TTCPK05807O,Microsoft-Windows-Security-SPP,Application,721,4,,,,,,,,,,,,,,,,,,2026-04-06T17:50:19Z,RulesEngine,,,,,,,,,,,,,,,,,,,,,,,,,,,,,,,,,,,,,,,,,,,,,,,,,,,,,,,,,,,,,,,,
2026-04-05T18:10:26.255189Z,"{'#attributes': {'Qualifiers': 0}, '#text': 1130}",WIN-TTCPK05807O,.NET Runtime Optimization Service,Application,722,0,,,,,,,,,,,,,,,,,.NET Runtime Optimization Service (4.0.30319.0) - Installed from repository: mscorlib,,,,,,,,,,,,,,,,,,,,,,,,,,,,,,,,,,,,,,,,,,,,,,,,,,,,,,,,,,,,,,,,,,
2026-04-05T18:12:00.778996Z,"{'#attributes': {'Qualifiers': 0}, '#text': 4109}",WIN-TTCPK05807O,Microsoft-Windows-CAPI2,Application,723,4,,,,,,,,,,,,,,,,,,"OU=Class 3 Public Primary Certification Authority, O=""VeriSign, Inc."", C=US",742C3192E607E424EB4549542BE1BBC53E6174E2,,,,,,,,,,,,,,,,,,,,,,,,,,,,,,,,,,,,,,,,,,,,,,,,,,,,,,,,,,,,,,,,
2026-04-05T18:12:00.780252Z,"{'#attributes': {'Qualifiers': 0}, '#text': 4108}",WIN-TTCPK05807O,Microsoft-Windows-CAPI2,Application,724,4,,,,,,,,,,,,,,,,,,"OU=Class 3 Public Primary Certification Authority, O=""VeriSign, Inc."", C=US",4F65566336DB6598581D584A596C87934D5F2AB4,,,,,,,,,,,,,,,,,,,,,,,,,,,,,,,,,,,,,,,,,,,,,,,,,,,,,,,,,,,,,,,,
2026-04-05T18:12:00.782264Z,"{'#attributes': {'Qualifiers': 0}, '#text': 4111}",WIN-TTCPK05807O,Microsoft-Windows-CAPI2,Application,725,4,,,,,,,,,,,,,,,,,"‎Tuesday, ‎August ‎26, ‎2025 12:56:46 PM",,,,,,,,,,,,,,,,,,,,,,,,,,,,,,,,,,,,,,,,,,,,,,,,,,,,,,,,,,,,,,,,,,
2026-04-05T18:35:17.453588Z,"{'#attributes': {'Qualifiers': 49152}, '#text': 16394}",WIN-TTCPK05807O,Microsoft-Windows-Security-SPP,Application,726,4,,,,,,,,,,,,,,,,,,,,,,,,,,,,,,,,,,,,,,,,,,,,,,,,,,,,,,,,,,,,,,,,,,,,,,,,,,,,,,,,,,,
2026-04-05T18:35:17.511105Z,"{'#attributes': {'Qualifiers': 49152}, '#text': 16397}",WIN-TTCPK05807O,Microsoft-Windows-Security-SPP,Application,727,4,,,,,,,,,,,,,,,,,0x0000A876,,,,,,,,,,,,,,,,,,,,,,,,,,,,,,,,,,,,,,,,,,,,,,,,,,,,,,,,,,,,,,,,,,
2026-04-05T18:35:47.616118Z,"{'#attributes': {'Qualifiers': 16384}, '#text': 16384}",WIN-TTCPK05807O,Microsoft-Windows-Security-SPP,Application,728,4,,,,,,,,,,,,,,,,,,2026-04-06T17:50:47Z,RulesEngine,,,,,,,,,,,,,,,,,,,,,,,,,,,,,,,,,,,,,,,,,,,,,,,,,,,,,,,,,,,,,,,,
2026-04-05T18:43:13.690714Z,"{'#attributes': {'Qualifiers': 49152}, '#text': 16394}",WIN-TTCPK05807O,Microsoft-Windows-Security-SPP,Application,729,4,,,,,,,,,,,,,,,,,,,,,,,,,,,,,,,,,,,,,,,,,,,,,,,,,,,,,,,,,,,,,,,,,,,,,,,,,,,,,,,,,,,
2026-04-05T18:43:13.744423Z,"{'#attributes': {'Qualifiers': 49152}, '#text': 16397}",WIN-TTCPK05807O,Microsoft-Windows-Security-SPP,Application,730,4,,,,,,,,,,,,,,,,,0x0000A86E,,,,,,,,,,,,,,,,,,,,,,,,,,,,,,,,,,,,,,,,,,,,,,,,,,,,,,,,,,,,,,,,,,
2026-04-05T18:43:43.906333Z,"{'#attributes': {'Qualifiers': 16384}, '#text': 16384}",WIN-TTCPK05807O,Microsoft-Windows-Security-SPP,Application,731,4,,,,,,,,,,,,,,,,,,2026-04-06T17:50:43Z,RulesEngine,,,,,,,,,,,,,,,,,,,,,,,,,,,,,,,,,,,,,,,,,,,,,,,,,,,,,,,,,,,,,,,,
2026-04-05T18:44:49.489818Z,"{'#attributes': {'Qualifiers': 49152}, '#text': 16394}",WIN-TTCPK05807O,Microsoft-Windows-Security-SPP,Application,732,4,,,,,,,,,,,,,,,,,,,,,,,,,,,,,,,,,,,,,,,,,,,,,,,,,,,,,,,,,,,,,,,,,,,,,,,,,,,,,,,,,,,
2026-04-05T18:44:49.546189Z,"{'#attributes': {'Qualifiers': 49152}, '#text': 16397}",WIN-TTCPK05807O,Microsoft-Windows-Security-SPP,Application,733,4,,,,,,,,,,,,,,,,,0x0000A86C,,,,,,,,,,,,,,,,,,,,,,,,,,,,,,,,,,,,,,,,,,,,,,,,,,,,,,,,,,,,,,,,,,
2026-04-05T18:45:19.660282Z,"{'#attributes': {'Qualifiers': 16384}, '#text': 16384}",WIN-TTCPK05807O,Microsoft-Windows-Security-SPP,Application,734,4,,,,,,,,,,,,,,,,,,2026-04-06T17:50:19Z,RulesEngine,,,,,,,,,,,,,,,,,,,,,,,,,,,,,,,,,,,,,,,,,,,,,,,,,,,,,,,,,,,,,,,,
2026-04-05T18:49:47.616052Z,"{'#attributes': {'Qualifiers': 49152}, '#text': 16394}",WIN-TTCPK05807O,Microsoft-Windows-Security-SPP,Application,735,4,,,,,,,,,,,,,,,,,,,,,,,,,,,,,,,,,,,,,,,,,,,,,,,,,,,,,,,,,,,,,,,,,,,,,,,,,,,,,,,,,,,
2026-04-05T18:49:47.670325Z,"{'#attributes': {'Qualifiers': 49152}, '#text': 16397}",WIN-TTCPK05807O,Microsoft-Windows-Security-SPP,Application,736,4,,,,,,,,,,,,,,,,,0x0000A867,,,,,,,,,,,,,,,,,,,,,,,,,,,,,,,,,,,,,,,,,,,,,,,,,,,,,,,,,,,,,,,,,,
2026-04-05T18:50:17.841254Z,"{'#attributes': {'Qualifiers': 16384}, '#text': 16384}",WIN-TTCPK05807O,Microsoft-Windows-Security-SPP,Application,737,4,,,,,,,,,,,,,,,,,,2026-04-06T17:50:17Z,RulesEngine,,,,,,,,,,,,,,,,,,,,,,,,,,,,,,,,,,,,,,,,,,,,,,,,,,,,,,,,,,,,,,,,
2026-04-05T18:58:12.830095Z,"{'#attributes': {'Qualifiers': 49152}, '#text': 16394}",WIN-TTCPK05807O,Microsoft-Windows-Security-SPP,Application,738,4,,,,,,,,,,,,,,,,,,,,,,,,,,,,,,,,,,,,,,,,,,,,,,,,,,,,,,,,,,,,,,,,,,,,,,,,,,,,,,,,,,,
2026-04-05T18:58:12.885982Z,"{'#attributes': {'Qualifiers': 49152}, '#text': 16397}",WIN-TTCPK05807O,Microsoft-Windows-Security-SPP,Application,739,4,,,,,,,,,,,,,,,,,0x0000A85F,,,,,,,,,,,,,,,,,,,,,,,,,,,,,,,,,,,,,,,,,,,,,,,,,,,,,,,,,,,,,,,,,,
2026-04-05T18:58:42.996113Z,"{'#attributes': {'Qualifiers': 16384}, '#text': 16384}",WIN-TTCPK05807O,Microsoft-Windows-Security-SPP,Application,740,4,,,,,,,,,,,,,,,,,,2026-04-06T17:50:42Z,RulesEngine,,,,,,,,,,,,,,,,,,,,,,,,,,,,,,,,,,,,,,,,,,,,,,,,,,,,,,,,,,,,,,,,
2026-04-05T19:02:47.101373Z,"{'#attributes': {'Qualifiers': 49152}, '#text': 16394}",WIN-TTCPK05807O,Microsoft-Windows-Security-SPP,Application,741,4,,,,,,,,,,,,,,,,,,,,,,,,,,,,,,,,,,,,,,,,,,,,,,,,,,,,,,,,,,,,,,,,,,,,,,,,,,,,,,,,,,,
2026-04-05T19:02:47.159200Z,"{'#attributes': {'Qualifiers': 49152}, '#text': 16397}",WIN-TTCPK05807O,Microsoft-Windows-Security-SPP,Application,742,4,,,,,,,,,,,,,,,,,0x0000A85A,,,,,,,,,,,,,,,,,,,,,,,,,,,,,,,,,,,,,,,,,,,,,,,,,,,,,,,,,,,,,,,,,,
2026-04-05T19:03:17.321785Z,"{'#attributes': {'Qualifiers': 16384}, '#text': 16384}",WIN-TTCPK05807O,Microsoft-Windows-Security-SPP,Application,743,4,,,,,,,,,,,,,,,,,,2026-04-06T17:50:17Z,RulesEngine,,,,,,,,,,,,,,,,,,,,,,,,,,,,,,,,,,,,,,,,,,,,,,,,,,,,,,,,,,,,,,,,
2026-04-05T19:52:37.092107Z,"{'#attributes': {'Qualifiers': 49152}, '#text': 16394}",WIN-TTCPK05807O,Microsoft-Windows-Security-SPP,Application,744,4,,,,,,,,,,,,,,,,,,,,,,,,,,,,,,,,,,,,,,,,,,,,,,,,,,,,,,,,,,,,,,,,,,,,,,,,,,,,,,,,,,,
2026-04-05T19:52:37.148607Z,"{'#attributes': {'Qualifiers': 49152}, '#text': 16397}",WIN-TTCPK05807O,Microsoft-Windows-Security-SPP,Application,745,4,,,,,,,,,,,,,,,,,0x0000A828,,,,,,,,,,,,,,,,,,,,,,,,,,,,,,,,,,,,,,,,,,,,,,,,,,,,,,,,,,,,,,,,,,
2026-04-05T19:53:07.310680Z,"{'#attributes': {'Qualifiers': 16384}, '#text': 16384}",WIN-TTCPK05807O,Microsoft-Windows-Security-SPP,Application,746,4,,,,,,,,,,,,,,,,,,2026-04-06T17:51:07Z,RulesEngine,,,,,,,,,,,,,,,,,,,,,,,,,,,,,,,,,,,,,,,,,,,,,,,,,,,,,,,,,,,,,,,,
2026-04-05T20:21:27.418342Z,"{'#attributes': {'Qualifiers': 32768}, '#text': 6003}",WIN-TTCPK05807O,Microsoft-Windows-Winlogon,Application,747,4,,,,,,D9060000,,,,,,,,,,,SessionEnv,,,,,,,,,,,,,,,,,,,,,,,,,,,,,,,,,,,,,,,,,,,,,,,,,,,,,,,,,,,,,,,,,,
2026-04-05T20:21:27.861102Z,"{'#attributes': {'Qualifiers': 32768}, '#text': 6000}",WIN-TTCPK05807O,Microsoft-Windows-Winlogon,Application,748,4,,,,,,D9060000,,,,,,,,,,,SessionEnv,,,,,,,,,,,,,,,,,,,,,,,,,,,,,,,,,,,,,,,,,,,,,,,,,,,,,,,,,,,,,,,,,,
2026-04-05T20:21:28.186293Z,"{'#attributes': {'Qualifiers': 49152}, '#text': 16394}",WIN-TTCPK05807O,Microsoft-Windows-Security-SPP,Application,749,4,,,,,,,,,,,,,,,,,,,,,,,,,,,,,,,,,,,,,,,,,,,,,,,,,,,,,,,,,,,,,,,,,,,,,,,,,,,,,,,,,,,
2026-04-05T20:21:28.242143Z,"{'#attributes': {'Qualifiers': 49152}, '#text': 16397}",WIN-TTCPK05807O,Microsoft-Windows-Security-SPP,Application,750,4,,,,,,,,,,,,,,,,,0x0000A80B,,,,,,,,,,,,,,,,,,,,,,,,,,,,,,,,,,,,,,,,,,,,,,,,,,,,,,,,,,,,,,,,,,
2026-04-05T20:21:28.340483Z,"{'#attributes': {'Qualifiers': 49152}, '#text': 8198}",WIN-TTCPK05807O,Microsoft-Windows-Security-SPP,Application,751,2,,,,,,,,,,,,,,,,,,hr=0x80004005,RuleId=31e71c49-8da7-4a2f-ad92-45d98a1c79ba;Action=AutoActivate;AppId=55c92734-d682-4d71-983e-d6ec3f16059f;SkuId=10d661ba-f2e3-445c-8e92-200e1e05e9e1;NotificationInterval=1440;Trigger=UserLogon;SessionId=1,,,,,,,,,,,,,,,,,,,,,,,,,,,,,,,,,,,,,,,,,,,,,,,,,,,,,,,,,,,,,,,,
2026-04-05T20:21:29.628787Z,"{'#attributes': {'Qualifiers': 16384}, '#text': 1013}",WIN-TTCPK05807O,Microsoft-Windows-Security-SPP,Application,752,0,,,,,,,,,,,,,,,,,10d661ba-f2e3-445c-8e92-200e1e05e9e1,,,,,,,,,,,,,,,,,,,,,,,,,,,,,,,,,,,,,,,,,,,,,,,,,,,,,,,,,,,,,,,,,,
2026-04-05T20:21:29.738252Z,"{'#attributes': {'Qualifiers': 16384}, '#text': 1004}",WIN-TTCPK05807O,Microsoft-Windows-Security-SPP,Application,753,4,,,,,,,,,,,,,,,,,,XrML 2.1 License - {msft:sl/EUL/ACTIVATED/PUBLIC},7a45b386-7b3f-4e22-8ffa-e295647b4e40,,,,,,,,,,,,,,,,,,,,,,,,,,,,,,,,,,,,,,,,,,,,,,,,,,,,,,,,,,,,,,,,
2026-04-05T20:21:29.739913Z,"{'#attributes': {'Qualifiers': 16384}, '#text': 1004}",WIN-TTCPK05807O,Microsoft-Windows-Security-SPP,Application,754,4,,,,,,,,,,,,,,,,,,XrML 2.1 License - {msft:sl/EUL/ACTIVATED/PRIVATE},172c2390-2752-4246-9ac9-9c0c50562b9e,,,,,,,,,,,,,,,,,,,,,,,,,,,,,,,,,,,,,,,,,,,,,,,,,,,,,,,,,,,,,,,,
2026-04-05T20:21:29.809552Z,"{'#attributes': {'Qualifiers': 32768}, '#text': 1067}",WIN-TTCPK05807O,Microsoft-Windows-Security-SPP,Application,755,4,,,,,,01000000,,,,,,,,,,,,0x00000000,10d661ba-f2e3-445c-8e92-200e1e05e9e1,SL_ACTIVATION_VALIDATION_IN_PROGRESS,,,,,,,,,,,,,,,,,,,,,,,,,,,,,,,,,,,,,,,,,,,,,,,,,,,,,,,,,,,,,,,
2026-04-05T20:21:30.719495Z,"{'#attributes': {'Qualifiers': 49152}, '#text': 20488}",WIN-TTCPK05807O,Microsoft-Windows-Security-SPP,Application,756,4,,,,,,,,,,,,,,,,,,,,,,,,,,,,,,,,,,,,,,,,,,,,,,,,,,,,,,,,,,,,,,,,,,,,,,,,,,,,,,,,,,,
2026-04-05T20:21:32.451958Z,"{'#attributes': {'Qualifiers': 49152}, '#text': 20481}",WIN-TTCPK05807O,Microsoft-Windows-Security-SPP,Application,757,4,,,,,,,,,,,,,,,,,,,,,,,,,,,,,,,,,,,,,,,,,,,,,,,,,,,,,,,,,,,,,,,,,,,,,,,,,,,,,,,,,,,
2026-04-05T20:21:33.219582Z,"{'#attributes': {'Qualifiers': 49152}, '#text': 20482}",WIN-TTCPK05807O,Microsoft-Windows-Security-SPP,Application,758,4,,,,,,,,,,,,,,,,,,,,,,,,,,,,,,,,,,,,,,,,,,,,,,,,,,,,,,,,,,,,,,,,,,,,,,,,,,,,,,,,,,,
2026-04-05T20:21:33.887540Z,"{'#attributes': {'Qualifiers': 16384}, '#text': 1034}",WIN-TTCPK05807O,Microsoft-Windows-Security-SPP,Application,759,4,,,,,,,,,,,,,,,,,,AAD-AddDeviceJoinUserToAdminGroup-Policy,100,,,,,,,,,,,,,,,,,,,,,,,,,,,,,,,,,,,,,,,,,,,,,,,,,,,,,,,,,,,,,,,,
2026-04-05T20:21:33.888752Z,"{'#attributes': {'Qualifiers': 16384}, '#text': 1034}",WIN-TTCPK05807O,Microsoft-Windows-Security-SPP,Application,760,4,,,,,,,,,,,,,,,,,,Security-SPP-WriteWauMarker,500,,,,,,,,,,,,,,,,,,,,,,,,,,,,,,,,,,,,,,,,,,,,,,,,,,,,,,,,,,,,,,,,
2026-04-05T20:21:34.144691Z,"{'#attributes': {'Qualifiers': 49152}, '#text': 20491}",WIN-TTCPK05807O,Microsoft-Windows-Security-SPP,Application,761,4,,,,,,,,,,,,,,,,,,,,,,,,,,,,,,,,,,,,,,,,,,,,,,,,,,,,,,,,,,,,,,,,,,,,,,,,,,,,,,,,,,,
2026-04-05T20:21:34.146149Z,"{'#attributes': {'Qualifiers': 32768}, '#text': 1018}",WIN-TTCPK05807O,Microsoft-Windows-Security-SPP,Application,762,4,,,,,,,,,,,,,,,,,0x00000001,,,,,,,,,,,,,,,,,,,,,,,,,,,,,,,,,,,,,,,,,,,,,,,,,,,,,,,,,,,,,,,,,,
2026-04-05T20:21:34.147002Z,"{'#attributes': {'Qualifiers': 32768}, '#text': 1016}",WIN-TTCPK05807O,Microsoft-Windows-Security-SPP,Application,763,4,,,,,,,,,,,,,,,,,0x00000000,,,,,,,,,,,,,,,,,,,,,,,,,,,,,,,,,,,,,,,,,,,,,,,,,,,,,,,,,,,,,,,,,,
2026-04-05T20:21:34.572775Z,"{'#attributes': {'Qualifiers': 49152}, '#text': 20489}",WIN-TTCPK05807O,Microsoft-Windows-Security-SPP,Application,764,4,,,,,,,,,,,,,,,,,,,,,,,,,,,,,,,,,,,,,,,,,,,,,,,,,,,,,,,,,,,,,,,,,,,,,,,,,,,,,,,,,,,
2026-04-05T20:21:36.169116Z,"{'#attributes': {'Qualifiers': 16384}, '#text': 12305}",WIN-TTCPK05807O,Microsoft-Windows-Security-SPP,Application,765,4,,,,,,,,,,,,,,,,,55c92734-d682-4d71-983e-d6ec3f16059f,,,,,,,,,,,,,,,,,,,,,,,,,,,,,,,,,,,,,,,,,,,,,,,,,,,,,,,,,,,,,,,,,,
2026-04-05T20:21:36.171305Z,"{'#attributes': {'Qualifiers': 16384}, '#text': 12304}",WIN-TTCPK05807O,Microsoft-Windows-Security-SPP,Application,766,4,,,,,,,,,,,,,,,,,{99d92734-d682-4d71-983e-d6ec3f16059f},,,,,,,,,,,,,,,,,,,,,,,,,,,,,,,,,,,,,,,,,,,,,,,,,,,,,,,,,,,,,,,,,,
2026-04-05T20:21:37.123062Z,"{'#attributes': {'Qualifiers': 16384}, '#text': 1034}",WIN-TTCPK05807O,Microsoft-Windows-Security-SPP,Application,767,4,,,,,,,,,,,,,,,,,,AAD-AddDeviceJoinUserToAdminGroup-Policy,100,,,,,,,,,,,,,,,,,,,,,,,,,,,,,,,,,,,,,,,,,,,,,,,,,,,,,,,,,,,,,,,,
2026-04-05T20:21:37.124814Z,"{'#attributes': {'Qualifiers': 16384}, '#text': 1034}",WIN-TTCPK05807O,Microsoft-Windows-Security-SPP,Application,768,4,,,,,,,,,,,,,,,,,,Security-SPP-WriteWauMarker,500,,,,,,,,,,,,,,,,,,,,,,,,,,,,,,,,,,,,,,,,,,,,,,,,,,,,,,,,,,,,,,,,
2026-04-05T20:21:37.126817Z,"{'#attributes': {'Qualifiers': 16384}, '#text': 1033}",WIN-TTCPK05807O,Microsoft-Windows-Security-SPP,Application,769,4,,,,,,,,,,,,,,,,,,(Security-SPP-Reserved-EnableNotificationMode) ,55c92734-d682-4d71-983e-d6ec3f16059f,10d661ba-f2e3-445c-8e92-200e1e05e9e1,,,,,,,,,,,,,,,,,,,,,,,,,,,,,,,,,,,,,,,,,,,,,,,,,,,,,,,,,,,,,,,
2026-04-05T20:21:37.604149Z,"{'#attributes': {'Qualifiers': 16384}, '#text': 1003}",WIN-TTCPK05807O,Microsoft-Windows-Security-SPP,Application,770,4,,,,,,,,,,,,,,,,,,55c92734-d682-4d71-983e-d6ec3f16059f,"
1: 0b646350-5349-4013-b1be-4100d1a7fa38, 1, 0 [(0 [0xC004F014, 0, 0], [(?)(?)(?)(?)(?)(?)(?)(?)])(1 )(2 )(3 )]
2: 10d661ba-f2e3-445c-8e92-200e1e05e9e1, 1, 0 [(0 [0x00000000, 1, 0], [(?)( 1 0x00000000)(?)( 2 0x00000000 0 0 msft:rm/algorithm/hwid/4.0 0x00000000 0)(?)(?)( 10 0x00000000 msft:rm/algorithm/flags/1.0)(?)])(1 )(2 )(3 )]
3: 2033816d-9d16-44bb-8f08-412ff45f38bf, 1, 0 [(0 [0xC004F014, 0, 0], [(?)(?)(?)(?)(?)(?)(?)(?)])(1 )(2 )(3 )]
4: 653ae55c-1d53-427b-be51-15bc1841fca7, 1, 0 [(0 [0xC004F014, 0, 0], [(?)(?)(?)(?)(?)(?)(?)(?)])(1 )(2 )(3 )]
5: 66c20db7-ff1e-4f87-a915-4e03715da35f, 1, 0 [(0 [0xC004F014, 0, 0], [(?)(?)(?)(?)(?)(?)(?)(?)])(1 )(2 )(3 )]
6: 6bad0243-1c35-46b2-b8e6-7a853e37413f, 1, 0 [(0 [0xC004F014, 0, 0], [(?)(?)(?)(?)(?)(?)(?)(?)])(1 )(2 )(3 )]
7: 82fcf64d-f9dd-4411-9c79-f2eed16d4eb8, 1, 0 [(0 [0xC004F014, 0, 0], [(?)(?)(?)(?)(?)(?)(?)(?)])(1 )(2 )(3 )]
8: 84e331f6-4279-48c4-ab10-b75139181351, 1, 0 [(0 [0xC004F014, 0, 0], [(?)(?)(?)(?)(?)(?)(?)(?)])(1 )(2 )(3 )]
9: 9e232465-2ade-4a33-a277-702010a84adb, 1, 0 [(0 [0xC004F014, 0, 0], [(?)(?)(?)(?)(?)(?)(?)(?)])(1 )(2 )(3 )]
10: a1da5f8f-7553-42c5-b0b4-6f27c4d74240, 1, 0 [(0 [0xC004F014, 0, 0], [(?)(?)(?)(?)(?)(?)(?)(?)])(1 )(2 )(3 )]
11: a2004bef-6ff1-48f9-8328-41ce1cd5ee79, 1, 0 [(0 [0xC004F014, 0, 0], [(?)(?)(?)(?)(?)(?)(?)(?)])(1 )(2 )(3 )]
12: c052f164-cdf6-409a-a0cb-853ba0f0f55a, 1, 0 [(0 [0xC004F014, 0, 0], [(?)(?)(?)(?)(?)(?)(?)(?)])(1 )(2 )(3 )]
13: e5b79126-7250-4d27-ad42-0eeb23db5771, 1, 0 [(0 [0xC004F014, 0, 0], [(?)(?)(?)(?)(?)(?)(?)(?)])(1 )(2 )(3 )]
14: f15a5790-90b7-4674-8fd4-e187ba426ad2, 1, 0 [(0 [0xC004F014, 0, 0], [(?)(?)(?)(?)(?)(?)(?)(?)])(1 )(2 )(3 )]

",,,,,,,,,,,,,,,,,,,,,,,,,,,,,,,,,,,,,,,,,,,,,,,,,,,,,,,,,,,,,,,,
2026-04-05T20:21:37.888663Z,"{'#attributes': {'Qualifiers': 49152}, '#text': 20492}",WIN-TTCPK05807O,Microsoft-Windows-Security-SPP,Application,771,4,,,,,,,,,,,,,,,,,0x00000000,,,,,,,,,,,,,,,,,,,,,,,,,,,,,,,,,,,,,,,,,,,,,,,,,,,,,,,,,,,,,,,,,,
2026-04-05T20:21:37.913328Z,"{'#attributes': {'Qualifiers': 49152}, '#text': 16398}",WIN-TTCPK05807O,Microsoft-Windows-Security-SPP,Application,772,2,,,,,,,,,,,,,,,,,,0x80070490,No grace timer found,,,,,,,,,,,,,,,,,,,,,,,,,,,,,,,,,,,,,,,,,,,,,,,,,,,,,,,,,,,,,,,,
2026-04-05T20:21:37.929691Z,"{'#attributes': {'Qualifiers': 16384}, '#text': 16388}",WIN-TTCPK05807O,Microsoft-Windows-Security-SPP,Application,773,4,,,,,,,,,,,,,,,,,,2026-04-05T20:21:37Z,2026-04-05T20:21:37Z,,,,,,,,,,,,,,,,,,,,,,,,,,,,,,,,,,,,,,,,,,,,,,,,,,,,,,,,,,,,,,,,
2026-04-05T20:21:39.390246Z,"{'#attributes': {'Qualifiers': 49152}, '#text': 16398}",WIN-TTCPK05807O,Microsoft-Windows-Security-SPP,Application,774,2,,,,,,,,,,,,,,,,,,0x80070490,No grace timer found,,,,,,,,,,,,,,,,,,,,,,,,,,,,,,,,,,,,,,,,,,,,,,,,,,,,,,,,,,,,,,,,
2026-04-05T20:21:39.412618Z,"{'#attributes': {'Qualifiers': 16384}, '#text': 8230}",WIN-TTCPK05807O,Microsoft-Windows-Security-SPP,Application,775,4,,,,,,,,,,,,,,,,,Security-SPP-Action-StateData (REG_SZ) =AppId=55c92734-d682-4d71-983e-d6ec3f16059f;LastConsumptionReason=0x00000000;LastNotificationId=Cleanup;LicenseState=SL_LICENSING_STATUS_LICENSED;PartialProductKey=FVYT6;ProductKeyType=Volume:MAK;SkuId=10d661ba-f2e3-445c-8e92-200e1e05e9e1;ruleId=379cccfb-d4e0-48fe-b0f2-0136097be147;uxDifferentiator=RETAIL,,,,,,,,,,,,,,,,,,,,,,,,,,,,,,,,,,,,,,,,,,,,,,,,,,,,,,,,,,,,,,,,,,
2026-04-05T20:21:39.452945Z,"{'#attributes': {'Qualifiers': 49152}, '#text': 8197}",WIN-TTCPK05807O,Microsoft-Windows-Security-SPP,Application,776,4,,,,,,,,,,,,,,,,,RuleId=379cccfb-d4e0-48fe-b0f2-0136097be147;Action=CleanupState;AppId=55c92734-d682-4d71-983e-d6ec3f16059f;SkuId=10d661ba-f2e3-445c-8e92-200e1e05e9e1;Trigger=TimerEvent,,,,,,,,,,,,,,,,,,,,,,,,,,,,,,,,,,,,,,,,,,,,,,,,,,,,,,,,,,,,,,,,,,
2026-04-05T20:21:39.765781Z,"{'#attributes': {'Qualifiers': 16384}, '#text': 1013}",WIN-TTCPK05807O,Microsoft-Windows-Security-SPP,Application,777,0,,,,,,,,,,,,,,,,,10d661ba-f2e3-445c-8e92-200e1e05e9e1,,,,,,,,,,,,,,,,,,,,,,,,,,,,,,,,,,,,,,,,,,,,,,,,,,,,,,,,,,,,,,,,,,
2026-04-05T20:21:39.786240Z,"{'#attributes': {'Qualifiers': 16384}, '#text': 1004}",WIN-TTCPK05807O,Microsoft-Windows-Security-SPP,Application,778,4,,,,,,,,,,,,,,,,,,XrML 2.1 License - {msft:sl/EUL/ACTIVATED/PUBLIC},0aae1ecc-4984-4aa3-9ba1-78dc5f93f174,,,,,,,,,,,,,,,,,,,,,,,,,,,,,,,,,,,,,,,,,,,,,,,,,,,,,,,,,,,,,,,,
2026-04-05T20:21:39.787325Z,"{'#attributes': {'Qualifiers': 16384}, '#text': 1004}",WIN-TTCPK05807O,Microsoft-Windows-Security-SPP,Application,779,4,,,,,,,,,,,,,,,,,,XrML 2.1 License - {msft:sl/EUL/ACTIVATED/PRIVATE},a01cf4b6-fa08-4c88-97a2-2ff6e712ffdd,,,,,,,,,,,,,,,,,,,,,,,,,,,,,,,,,,,,,,,,,,,,,,,,,,,,,,,,,,,,,,,,
2026-04-05T20:21:39.998150Z,"{'#attributes': {'Qualifiers': 32768}, '#text': 1067}",WIN-TTCPK05807O,Microsoft-Windows-Security-SPP,Application,780,4,,,,,,01000000,,,,,,,,,,,,0x00000000,10d661ba-f2e3-445c-8e92-200e1e05e9e1,SL_ACTIVATION_VALIDATION_IN_PROGRESS,,,,,,,,,,,,,,,,,,,,,,,,,,,,,,,,,,,,,,,,,,,,,,,,,,,,,,,,,,,,,,,
2026-04-05T20:21:41.255954Z,"{'#attributes': {'Qualifiers': 49152}, '#text': 20488}",WIN-TTCPK05807O,Microsoft-Windows-Security-SPP,Application,781,4,,,,,,,,,,,,,,,,,,,,,,,,,,,,,,,,,,,,,,,,,,,,,,,,,,,,,,,,,,,,,,,,,,,,,,,,,,,,,,,,,,,
2026-04-05T20:21:42.336464Z,"{'#attributes': {'Qualifiers': 49152}, '#text': 20481}",WIN-TTCPK05807O,Microsoft-Windows-Security-SPP,Application,782,4,,,,,,,,,,,,,,,,,,,,,,,,,,,,,,,,,,,,,,,,,,,,,,,,,,,,,,,,,,,,,,,,,,,,,,,,,,,,,,,,,,,
2026-04-05T20:21:43.414499Z,"{'#attributes': {'Qualifiers': 49152}, '#text': 20482}",WIN-TTCPK05807O,Microsoft-Windows-Security-SPP,Application,783,4,,,,,,,,,,,,,,,,,,,,,,,,,,,,,,,,,,,,,,,,,,,,,,,,,,,,,,,,,,,,,,,,,,,,,,,,,,,,,,,,,,,
2026-04-05T20:21:44.072101Z,"{'#attributes': {'Qualifiers': 16384}, '#text': 1034}",WIN-TTCPK05807O,Microsoft-Windows-Security-SPP,Application,784,4,,,,,,,,,,,,,,,,,,AAD-AddDeviceJoinUserToAdminGroup-Policy,100,,,,,,,,,,,,,,,,,,,,,,,,,,,,,,,,,,,,,,,,,,,,,,,,,,,,,,,,,,,,,,,,
2026-04-05T20:21:44.073208Z,"{'#attributes': {'Qualifiers': 16384}, '#text': 1034}",WIN-TTCPK05807O,Microsoft-Windows-Security-SPP,Application,785,4,,,,,,,,,,,,,,,,,,Security-SPP-WriteWauMarker,500,,,,,,,,,,,,,,,,,,,,,,,,,,,,,,,,,,,,,,,,,,,,,,,,,,,,,,,,,,,,,,,,
2026-04-05T20:21:44.074701Z,"{'#attributes': {'Qualifiers': 16384}, '#text': 1033}",WIN-TTCPK05807O,Microsoft-Windows-Security-SPP,Application,786,4,,,,,,,,,,,,,,,,,,(Security-SPP-Reserved-EnableNotificationMode) ,55c92734-d682-4d71-983e-d6ec3f16059f,10d661ba-f2e3-445c-8e92-200e1e05e9e1,,,,,,,,,,,,,,,,,,,,,,,,,,,,,,,,,,,,,,,,,,,,,,,,,,,,,,,,,,,,,,,
2026-04-05T20:21:44.347589Z,"{'#attributes': {'Qualifiers': 49152}, '#text': 20489}",WIN-TTCPK05807O,Microsoft-Windows-Security-SPP,Application,787,4,,,,,,,,,,,,,,,,,,,,,,,,,,,,,,,,,,,,,,,,,,,,,,,,,,,,,,,,,,,,,,,,,,,,,,,,,,,,,,,,,,,
2026-04-05T20:21:46.114552Z,"{'#attributes': {'Qualifiers': 16384}, '#text': 12305}",WIN-TTCPK05807O,Microsoft-Windows-Security-SPP,Application,788,4,,,,,,,,,,,,,,,,,55c92734-d682-4d71-983e-d6ec3f16059f,,,,,,,,,,,,,,,,,,,,,,,,,,,,,,,,,,,,,,,,,,,,,,,,,,,,,,,,,,,,,,,,,,
2026-04-05T20:21:46.116710Z,"{'#attributes': {'Qualifiers': 16384}, '#text': 12304}",WIN-TTCPK05807O,Microsoft-Windows-Security-SPP,Application,789,4,,,,,,,,,,,,,,,,,{99d92734-d682-4d71-983e-d6ec3f16059f},,,,,,,,,,,,,,,,,,,,,,,,,,,,,,,,,,,,,,,,,,,,,,,,,,,,,,,,,,,,,,,,,,
2026-04-05T20:21:46.630795Z,"{'#attributes': {'Qualifiers': 16384}, '#text': 1034}",WIN-TTCPK05807O,Microsoft-Windows-Security-SPP,Application,790,4,,,,,,,,,,,,,,,,,,AAD-AddDeviceJoinUserToAdminGroup-Policy,100,,,,,,,,,,,,,,,,,,,,,,,,,,,,,,,,,,,,,,,,,,,,,,,,,,,,,,,,,,,,,,,,
2026-04-05T20:21:46.631895Z,"{'#attributes': {'Qualifiers': 16384}, '#text': 1034}",WIN-TTCPK05807O,Microsoft-Windows-Security-SPP,Application,791,4,,,,,,,,,,,,,,,,,,Security-SPP-WriteWauMarker,500,,,,,,,,,,,,,,,,,,,,,,,,,,,,,,,,,,,,,,,,,,,,,,,,,,,,,,,,,,,,,,,,
2026-04-05T20:21:46.633365Z,"{'#attributes': {'Qualifiers': 16384}, '#text': 1033}",WIN-TTCPK05807O,Microsoft-Windows-Security-SPP,Application,792,4,,,,,,,,,,,,,,,,,,(Security-SPP-Reserved-EnableNotificationMode) ,55c92734-d682-4d71-983e-d6ec3f16059f,10d661ba-f2e3-445c-8e92-200e1e05e9e1,,,,,,,,,,,,,,,,,,,,,,,,,,,,,,,,,,,,,,,,,,,,,,,,,,,,,,,,,,,,,,,
2026-04-05T20:21:46.647321Z,"{'#attributes': {'Qualifiers': 16384}, '#text': 1003}",WIN-TTCPK05807O,Microsoft-Windows-Security-SPP,Application,793,4,,,,,,,,,,,,,,,,,,55c92734-d682-4d71-983e-d6ec3f16059f,"
1: 0b646350-5349-4013-b1be-4100d1a7fa38, 1, 0 [(0 [0xC004F014, 0, 0], [(?)(?)(?)(?)(?)(?)(?)(?)])(1 )(2 )(3 )]
2: 10d661ba-f2e3-445c-8e92-200e1e05e9e1, 1, 0 [(0 [0x00000000, 1, 0], [(?)( 1 0x00000000)(?)( 2 0x00000000 0 0 msft:rm/algorithm/hwid/4.0 0x00000000 0)(?)(?)( 10 0x00000000 msft:rm/algorithm/flags/1.0)(?)])(1 )(2 )(3 )]
3: 2033816d-9d16-44bb-8f08-412ff45f38bf, 1, 0 [(0 [0xC004F014, 0, 0], [(?)(?)(?)(?)(?)(?)(?)(?)])(1 )(2 )(3 )]
4: 653ae55c-1d53-427b-be51-15bc1841fca7, 1, 0 [(0 [0xC004F014, 0, 0], [(?)(?)(?)(?)(?)(?)(?)(?)])(1 )(2 )(3 )]
5: 66c20db7-ff1e-4f87-a915-4e03715da35f, 1, 0 [(0 [0xC004F014, 0, 0], [(?)(?)(?)(?)(?)(?)(?)(?)])(1 )(2 )(3 )]
6: 6bad0243-1c35-46b2-b8e6-7a853e37413f, 1, 0 [(0 [0xC004F014, 0, 0], [(?)(?)(?)(?)(?)(?)(?)(?)])(1 )(2 )(3 )]
7: 82fcf64d-f9dd-4411-9c79-f2eed16d4eb8, 1, 0 [(0 [0xC004F014, 0, 0], [(?)(?)(?)(?)(?)(?)(?)(?)])(1 )(2 )(3 )]
8: 84e331f6-4279-48c4-ab10-b75139181351, 1, 0 [(0 [0xC004F014, 0, 0], [(?)(?)(?)(?)(?)(?)(?)(?)])(1 )(2 )(3 )]
9: 9e232465-2ade-4a33-a277-702010a84adb, 1, 0 [(0 [0xC004F014, 0, 0], [(?)(?)(?)(?)(?)(?)(?)(?)])(1 )(2 )(3 )]
10: a1da5f8f-7553-42c5-b0b4-6f27c4d74240, 1, 0 [(0 [0xC004F014, 0, 0], [(?)(?)(?)(?)(?)(?)(?)(?)])(1 )(2 )(3 )]
11: a2004bef-6ff1-48f9-8328-41ce1cd5ee79, 1, 0 [(0 [0xC004F014, 0, 0], [(?)(?)(?)(?)(?)(?)(?)(?)])(1 )(2 )(3 )]
12: c052f164-cdf6-409a-a0cb-853ba0f0f55a, 1, 0 [(0 [0xC004F014, 0, 0], [(?)(?)(?)(?)(?)(?)(?)(?)])(1 )(2 )(3 )]
13: e5b79126-7250-4d27-ad42-0eeb23db5771, 1, 0 [(0 [0xC004F014, 0, 0], [(?)(?)(?)(?)(?)(?)(?)(?)])(1 )(2 )(3 )]
14: f15a5790-90b7-4674-8fd4-e187ba426ad2, 1, 0 [(0 [0xC004F014, 0, 0], [(?)(?)(?)(?)(?)(?)(?)(?)])(1 )(2 )(3 )]

",,,,,,,,,,,,,,,,,,,,,,,,,,,,,,,,,,,,,,,,,,,,,,,,,,,,,,,,,,,,,,,,
2026-04-05T20:21:46.648798Z,"{'#attributes': {'Qualifiers': 49152}, '#text': 20492}",WIN-TTCPK05807O,Microsoft-Windows-Security-SPP,Application,794,4,,,,,,,,,,,,,,,,,0xC004D30B,,,,,,,,,,,,,,,,,,,,,,,,,,,,,,,,,,,,,,,,,,,,,,,,,,,,,,,,,,,,,,,,,,
2026-04-05T20:21:46.667040Z,"{'#attributes': {'Qualifiers': 49152}, '#text': 16398}",WIN-TTCPK05807O,Microsoft-Windows-Security-SPP,Application,795,2,,,,,,,,,,,,,,,,,,0x80070490,No grace timer found,,,,,,,,,,,,,,,,,,,,,,,,,,,,,,,,,,,,,,,,,,,,,,,,,,,,,,,,,,,,,,,,
2026-04-05T20:22:03.114340Z,"{'#attributes': {'Qualifiers': 32768}, '#text': 6000}",WIN-TTCPK05807O,Microsoft-Windows-Winlogon,Application,796,4,,,,,,D9060000,,,,,,,,,,,SessionEnv,,,,,,,,,,,,,,,,,,,,,,,,,,,,,,,,,,,,,,,,,,,,,,,,,,,,,,,,,,,,,,,,,,
2026-04-05T20:22:03.169068Z,"{'#attributes': {'Qualifiers': 0}, '#text': 260}",WIN-TTCPK05807O,VMUpgradeHelper,Application,797,4,,,,,,,,,,,,,,,,,,,,,,,,,,,,,,,,,,,,,,,,,,,,,,,,,,,,,,,,,,,,,,,,,,,,,,,,,,,,,,,,,,,
2026-04-05T20:22:03.169434Z,"{'#attributes': {'Qualifiers': 0}, '#text': 272}",WIN-TTCPK05807O,VMUpgradeHelper,Application,798,4,,,,,,,,,,,,,,,,,,,,,,,,,,,,,,,,,,,,,,,,,,,,,,,,,,,,,,,,,,,,,,,,,,,,,,,,,,,,,,,,,,,
2026-04-05T20:22:03.175070Z,"{'#attributes': {'Qualifiers': 0}, '#text': 108}",WIN-TTCPK05807O,VMTools,Application,799,4,,,,,,,,,,,,,,,,,,,,,,,,,,,,,,,,,,,,,,,,,,,,,,,,,,,,,,,,,,,,,,,,,,,,,,,,,,,,,,,,,,,
2026-04-05T20:22:03.299566Z,1532,WIN-TTCPK05807O,Microsoft-Windows-User Profiles Service,Application,800,4,,,,,,,,,,,,,,,,,,,,,,,,,,,,,,,,,,,,,,,,,,,,,,,,,,,,,,,,,,,,,,,,,,,,,,,,,,,,,,,,,,,
2026-04-05T20:22:16.850966Z,1531,DC01,Microsoft-Windows-User Profiles Service,Application,801,4,,,,,,,,,,,,,,,,,,,,,,,,,,,,,,,,,,,,,,,,,,,,,,,,,,,,,,,,,,,,,,,,,,,,,,,,,,,,,,,,,,,
2026-04-05T20:22:21.166817Z,"{'#attributes': {'Qualifiers': 0}, '#text': 105}",DC01,VMTools,Application,802,4,,,,,,,,,,,,,,,,,,,,,,,,,,,,,,,,,,,,,,,,,,,,,,,,,,,,,,,,,,,,,,,,,,,,,,,,,,,,,,,,,,,
2026-04-05T20:22:20.310499Z,5615,DC01,Microsoft-Windows-WMI,Application,803,4,,,,,,,,,,,,,,,,,,,,,,,,,,,,,,,,,,,,,,,,,,,,,,,,,,,,,,,,,,,,,,,,,,,,,,,,,,,,,,,,,,,
2026-04-05T20:22:25.473219Z,"{'#attributes': {'Qualifiers': 32770}, '#text': 4440}",DC01,Microsoft-Windows-Complus,Application,804,3,,,,,,,,,,,,,,,,,,,,,,,,,,,,,,,,,,,,,,,,,,,,,,,,,,,,,,,,,,,,,,,,,,,,,,,,"WIN-TTCPK05807O

Server Application ID: {02D4B3F1-FD88-11D1-960D-00805FC79235}
Server Application Instance ID:
{FB075B4F-87C8-49D6-AE20-32FB3C818353}
Server Application Name: System Application
Comsvcs.dll file version: ENU 2001.12.10941.16384 shp",,,,,,,,,,,
2026-04-05T20:22:25.935717Z,"{'#attributes': {'Qualifiers': 16384}, '#text': 781}",DC01,Microsoft-Windows-Complus,Application,805,4,,,,,,,,,,,,,,,,,,,,,,,,,,,,,,,,,,,,,,,,,,,,,,,,,,,,,,,,,,,,,,,,,,,,,,,,86400,,,,SuppressDuplicateDuration,Software\Microsoft\COM3\Eventlog,,,,,,
2026-04-05T20:22:27.469215Z,"{'#attributes': {'Qualifiers': 16384}, '#text': 4202}",DC01,Microsoft-Windows-MSDTC 2,Application,806,4,,,,,,,,,,,,,,,,,,,,,,,,,,,,,,,,,,,,,,,,,,,,,,,,,,,,,,,,,,,,,,,,,,,,,,,,0,0,0,1,0,0,0,0,0,1,Mutual Authentication Required,NT AUTHORITY\NetworkService
2026-04-05T20:22:27.056824Z,5617,DC01,Microsoft-Windows-WMI,Application,807,4,,,,,,,,,,,,,,,,,,,,,,,,,,,,,,,,,,,,,,,,,,,,,,,,,,,,,,,,,,,,,,,,,,,,,,,,,,,,,,,,,,,
2026-04-05T20:22:29.628498Z,"{'#attributes': {'Qualifiers': 0}, '#text': 258}",DC01,VMUpgradeHelper,Application,808,4,,,,,,,,,,,,,,,,,,,,,,,,,,,,,,,,,,,,,,,,,,,,,,,,,,,,,,,,,,,,,,,,,,,,,,,,,,,,,,,,,,,
2026-04-05T20:22:30.059628Z,"{'#attributes': {'Qualifiers': 0}, '#text': 271}",DC01,VMUpgradeHelper,Application,809,4,,,,,,,,,,,,,,,,,,,,,,,,,,,,,,,,,,,,,,,,,,,,,,,,,,,,,,,,,,,,,,,,,,,,,,,,,,,,,,,,,,,
2026-04-05T20:23:33.561843Z,"{'#attributes': {'Qualifiers': 32768}, '#text': 6003}",DC01,Microsoft-Windows-Winlogon,Application,810,4,,,,,,D9060000,,,,,,,,,,,SessionEnv,,,,,,,,,,,,,,,,,,,,,,,,,,,,,,,,,,,,,,,,,,,,,,,,,,,,,,,,,,,,,,,,,,
2026-04-05T20:23:33.987644Z,"{'#attributes': {'Qualifiers': 32768}, '#text': 6000}",DC01,Microsoft-Windows-Winlogon,Application,811,4,,,,,,D9060000,,,,,,,,,,,SessionEnv,,,,,,,,,,,,,,,,,,,,,,,,,,,,,,,,,,,,,,,,,,,,,,,,,,,,,,,,,,,,,,,,,,
2026-04-05T20:23:50.854092Z,"{'#attributes': {'Qualifiers': 32768}, '#text': 6000}",DC01,Microsoft-Windows-Winlogon,Application,812,4,,,,,,D9060000,,,,,,,,,,,SessionEnv,,,,,,,,,,,,,,,,,,,,,,,,,,,,,,,,,,,,,,,,,,,,,,,,,,,,,,,,,,,,,,,,,,
2026-04-05T20:23:50.897521Z,"{'#attributes': {'Qualifiers': 0}, '#text': 260}",DC01,VMUpgradeHelper,Application,813,4,,,,,,,,,,,,,,,,,,,,,,,,,,,,,,,,,,,,,,,,,,,,,,,,,,,,,,,,,,,,,,,,,,,,,,,,,,,,,,,,,,,
2026-04-05T20:23:50.897962Z,"{'#attributes': {'Qualifiers': 0}, '#text': 272}",DC01,VMUpgradeHelper,Application,814,4,,,,,,,,,,,,,,,,,,,,,,,,,,,,,,,,,,,,,,,,,,,,,,,,,,,,,,,,,,,,,,,,,,,,,,,,,,,,,,,,,,,
2026-04-05T20:23:50.904362Z,"{'#attributes': {'Qualifiers': 0}, '#text': 108}",DC01,VMTools,Application,815,4,,,,,,,,,,,,,,,,,,,,,,,,,,,,,,,,,,,,,,,,,,,,,,,,,,,,,,,,,,,,,,,,,,,,,,,,,,,,,,,,,,,
2026-04-05T20:23:51.051001Z,"{'#attributes': {'Qualifiers': 16384}, '#text': 4111}",DC01,Microsoft-Windows-MSDTC,Application,816,4,,,,,,4D005300440054004300,,,,,,,,,,,,,,,,,,,,,,,,,,,,,,,,,,,,,,,,,,,,,,,,,,,,,,,,,,,,,,,,,,,,,,,,,,,,,
2026-04-05T20:23:51.060350Z,"{'#attributes': {'Qualifiers': 0}, '#text': 8225}",DC01,VSS,Application,817,4,,,,,,2D20436F64653A2020434F525356434330303030303737302D2043616C6C3A2020434F525356434330303030303735342D205049443A202030303030333735322D205449443A202030303030333830382D20434D443A2020433A5C57494E444F57535C73797374656D33325C76737376632E6578652020202D20557365723A204E616D653A204E5420415554484F524954595C53595354454D2C205349443A532D312D352D313820,,,,,,,,,,,,,,,,,,,,,,,,,,,,,,,,,,,,,,,,,,,,,,,,,,,,,,,,,,,,,,,,,,,,,,,,,,,,,
2026-04-05T20:23:51.048154Z,1532,DC01,Microsoft-Windows-User Profiles Service,Application,818,4,,,,,,,,,,,,,,,,,,,,,,,,,,,,,,,,,,,,,,,,,,,,,,,,,,,,,,,,,,,,,,,,,,,,,,,,,,,,,,,,,,,
2026-04-06T08:41:24.720422Z,1531,DC01,Microsoft-Windows-User Profiles Service,Application,819,4,,,,,,,,,,,,,,,,,,,,,,,,,,,,,,,,,,,,,,,,,,,,,,,,,,,,,,,,,,,,,,,,,,,,,,,,,,,,,,,,,,,
2026-04-06T08:41:29.025802Z,"{'#attributes': {'Qualifiers': 0}, '#text': 105}",DC01,VMTools,Application,820,4,,,,,,,,,,,,,,,,,,,,,,,,,,,,,,,,,,,,,,,,,,,,,,,,,,,,,,,,,,,,,,,,,,,,,,,,,,,,,,,,,,,
2026-04-06T08:41:28.873669Z,5615,DC01,Microsoft-Windows-WMI,Application,821,4,,,,,,,,,,,,,,,,,,,,,,,,,,,,,,,,,,,,,,,,,,,,,,,,,,,,,,,,,,,,,,,,,,,,,,,,,,,,,,,,,,,
2026-04-06T08:41:33.944581Z,"{'#attributes': {'Qualifiers': 16384}, '#text': 781}",DC01,Microsoft-Windows-Complus,Application,822,4,,,,,,,,,,,,,,,,,,,,,,,,,,,,,,,,,,,,,,,,,,,,,,,,,,,,,,,,,,,,,,,,,,,,,,,,86400,,,,SuppressDuplicateDuration,Software\Microsoft\COM3\Eventlog,,,,,,
2026-04-06T08:41:35.954603Z,"{'#attributes': {'Qualifiers': 16384}, '#text': 4202}",DC01,Microsoft-Windows-MSDTC 2,Application,823,4,,,,,,,,,,,,,,,,,,,,,,,,,,,,,,,,,,,,,,,,,,,,,,,,,,,,,,,,,,,,,,,,,,,,,,,,0,0,0,1,0,0,0,0,0,1,Mutual Authentication Required,NT AUTHORITY\NetworkService
2026-04-06T08:41:35.902870Z,5617,DC01,Microsoft-Windows-WMI,Application,824,4,,,,,,,,,,,,,,,,,,,,,,,,,,,,,,,,,,,,,,,,,,,,,,,,,,,,,,,,,,,,,,,,,,,,,,,,,,,,,,,,,,,
2026-04-06T08:41:37.766708Z,"{'#attributes': {'Qualifiers': 0}, '#text': 258}",DC01,VMUpgradeHelper,Application,825,4,,,,,,,,,,,,,,,,,,,,,,,,,,,,,,,,,,,,,,,,,,,,,,,,,,,,,,,,,,,,,,,,,,,,,,,,,,,,,,,,,,,
2026-04-06T08:41:38.519424Z,"{'#attributes': {'Qualifiers': 0}, '#text': 271}",DC01,VMUpgradeHelper,Application,826,4,,,,,,,,,,,,,,,,,,,,,,,,,,,,,,,,,,,,,,,,,,,,,,,,,,,,,,,,,,,,,,,,,,,,,,,,,,,,,,,,,,,
2026-04-06T08:42:09.936449Z,"{'#attributes': {'Qualifiers': 32768}, '#text': 6003}",DC01,Microsoft-Windows-Winlogon,Application,827,4,,,,,,D9060000,,,,,,,,,,,SessionEnv,,,,,,,,,,,,,,,,,,,,,,,,,,,,,,,,,,,,,,,,,,,,,,,,,,,,,,,,,,,,,,,,,,
2026-04-06T08:42:10.329534Z,"{'#attributes': {'Qualifiers': 32768}, '#text': 6000}",DC01,Microsoft-Windows-Winlogon,Application,828,4,,,,,,D9060000,,,,,,,,,,,SessionEnv,,,,,,,,,,,,,,,,,,,,,,,,,,,,,,,,,,,,,,,,,,,,,,,,,,,,,,,,,,,,,,,,,,
2026-04-06T08:43:33.629071Z,"{'#attributes': {'Qualifiers': 16384}, '#text': 900}",DC01,Microsoft-Windows-Security-SPP,Application,829,4,,,,,,,,,,,,,,,,,<explicit>,,,,,,,,,,,,,,,,,,,,,,,,,,,,,,,,,,,,,,,,,,,,,,,,,,,,,,,,,,,,,,,,,,
2026-04-06T08:43:34.949926Z,"{'#attributes': {'Qualifiers': 49152}, '#text': 16394}",DC01,Microsoft-Windows-Security-SPP,Application,830,4,,,,,,,,,,,,,,,,,,,,,,,,,,,,,,,,,,,,,,,,,,,,,,,,,,,,,,,,,,,,,,,,,,,,,,,,,,,,,,,,,,,
2026-04-06T08:43:37.485318Z,"{'#attributes': {'Qualifiers': 16384}, '#text': 1066}",DC01,Microsoft-Windows-Security-SPP,Application,831,4,,,,,,,,,,,,,,,,,"C:\WINDOWS\system32\sppwinob.dll, msft:spp/windowsfunctionality/agent/7.0, 0x00000000, 0x00000000
C:\WINDOWS\system32\sppobjs.dll, msft:rm/algorithm/inherited/1.0, 0x00000000, 0x00000000
C:\WINDOWS\system32\sppobjs.dll, msft:rm/algorithm/phone/1.0, 0x00000000, 0x00000000
C:\WINDOWS\system32\sppobjs.dll, msft:rm/algorithm/pkey/detect, 0x00000000, 0x00000000
C:\WINDOWS\system32\sppobjs.dll, msft:spp/ActionScheduler/1.0, 0x00000000, 0x00000000
C:\WINDOWS\system32\sppobjs.dll, msft:spp/TaskScheduler/1.0, 0x00000000, 0x00000000
C:\WINDOWS\system32\sppobjs.dll, msft:spp/statecollector/pkey, 0x00000000, 0x00000000
C:\WINDOWS\system32\sppobjs.dll, msft:spp/volume/services/kms/1.0, 0x00000000, 0x00000000
C:\WINDOWS\system32\sppobjs.dll, msft:spp/volume/services/kms/activationinfo/1.0, 0x00000000, 0x00000000
",,,,,,,,,,,,,,,,,,,,,,,,,,,,,,,,,,,,,,,,,,,,,,,,,,,,,,,,,,,,,,,,,,
2026-04-06T08:43:37.934787Z,"{'#attributes': {'Qualifiers': 16384}, '#text': 16389}",DC01,Microsoft-Windows-Security-SPP,Application,832,4,,,,,,,,,,,,,,,,,0xC004D30B,,,,,,,,,,,,,,,,,,,,,,,,,,,,,,,,,,,,,,,,,,,,,,,,,,,,,,,,,,,,,,,,,,
2026-04-06T08:43:38.692293Z,"{'#attributes': {'Qualifiers': 16384}, '#text': 1003}",DC01,Microsoft-Windows-Security-SPP,Application,833,4,,,,,,,,,,,,,,,,,,55c92734-d682-4d71-983e-d6ec3f16059f,"
1: 0b646350-5349-4013-b1be-4100d1a7fa38, 1, 0 [(0 [0xC004F014, 0, 0], [(?)(?)(?)(?)(?)(?)(?)(?)])(1 )(2 )(3 )]
2: 10d661ba-f2e3-445c-8e92-200e1e05e9e1, 1, 1 [(0 [0x00000000, 1, 0], [(?)( 1 0x00000000)(?)( 2 0x00000000 0 0 msft:rm/algorithm/hwid/4.0 0x00000000 0)(?)(?)( 10 0x00000000 msft:rm/algorithm/flags/1.0)(?)])(1 )(2 )(3 )]
3: 2033816d-9d16-44bb-8f08-412ff45f38bf, 1, 0 [(0 [0xC004F014, 0, 0], [(?)(?)(?)(?)(?)(?)(?)(?)])(1 )(2 )(3 )]
4: 653ae55c-1d53-427b-be51-15bc1841fca7, 1, 0 [(0 [0xC004F014, 0, 0], [(?)(?)(?)(?)(?)(?)(?)(?)])(1 )(2 )(3 )]
5: 66c20db7-ff1e-4f87-a915-4e03715da35f, 1, 0 [(0 [0xC004F014, 0, 0], [(?)(?)(?)(?)(?)(?)(?)(?)])(1 )(2 )(3 )]
6: 6bad0243-1c35-46b2-b8e6-7a853e37413f, 1, 0 [(0 [0xC004F014, 0, 0], [(?)(?)(?)(?)(?)(?)(?)(?)])(1 )(2 )(3 )]
7: 82fcf64d-f9dd-4411-9c79-f2eed16d4eb8, 1, 0 [(0 [0xC004F014, 0, 0], [(?)(?)(?)(?)(?)(?)(?)(?)])(1 )(2 )(3 )]
8: 84e331f6-4279-48c4-ab10-b75139181351, 1, 0 [(0 [0xC004F014, 0, 0], [(?)(?)(?)(?)(?)(?)(?)(?)])(1 )(2 )(3 )]
9: 9e232465-2ade-4a33-a277-702010a84adb, 1, 0 [(0 [0xC004F014, 0, 0], [(?)(?)(?)(?)(?)(?)(?)(?)])(1 )(2 )(3 )]
10: a1da5f8f-7553-42c5-b0b4-6f27c4d74240, 1, 0 [(0 [0xC004F014, 0, 0], [(?)(?)(?)(?)(?)(?)(?)(?)])(1 )(2 )(3 )]
11: a2004bef-6ff1-48f9-8328-41ce1cd5ee79, 1, 0 [(0 [0xC004F014, 0, 0], [(?)(?)(?)(?)(?)(?)(?)(?)])(1 )(2 )(3 )]
12: c052f164-cdf6-409a-a0cb-853ba0f0f55a, 1, 0 [(0 [0xC004F014, 0, 0], [(?)(?)(?)(?)(?)(?)(?)(?)])(1 )(2 )(3 )]
13: e5b79126-7250-4d27-ad42-0eeb23db5771, 1, 0 [(0 [0xC004F014, 0, 0], [(?)(?)(?)(?)(?)(?)(?)(?)])(1 )(2 )(3 )]
14: f15a5790-90b7-4674-8fd4-e187ba426ad2, 1, 0 [(0 [0xC004F014, 0, 0], [(?)(?)(?)(?)(?)(?)(?)(?)])(1 )(2 )(3 )]

",,,,,,,,,,,,,,,,,,,,,,,,,,,,,,,,,,,,,,,,,,,,,,,,,,,,,,,,,,,,,,,,
2026-04-06T08:43:38.694893Z,"{'#attributes': {'Qualifiers': 49152}, '#text': 20492}",DC01,Microsoft-Windows-Security-SPP,Application,834,4,,,,,,,,,,,,,,,,,0xC004D30B,,,,,,,,,,,,,,,,,,,,,,,,,,,,,,,,,,,,,,,,,,,,,,,,,,,,,,,,,,,,,,,,,,
2026-04-06T08:43:38.717040Z,"{'#attributes': {'Qualifiers': 49152}, '#text': 16398}",DC01,Microsoft-Windows-Security-SPP,Application,835,2,,,,,,,,,,,,,,,,,,0x80070490,No grace timer found,,,,,,,,,,,,,,,,,,,,,,,,,,,,,,,,,,,,,,,,,,,,,,,,,,,,,,,,,,,,,,,,
2026-04-06T08:43:38.731990Z,"{'#attributes': {'Qualifiers': 16384}, '#text': 902}",DC01,Microsoft-Windows-Security-SPP,Application,836,0,,,,,,,,,,,,,,,,,10.0.26100.32522,,,,,,,,,,,,,,,,,,,,,,,,,,,,,,,,,,,,,,,,,,,,,,,,,,,,,,,,,,,,,,,,,,
2026-04-06T08:43:55.216564Z,1001,DC01,Microsoft-Windows-LoadPerf,Application,837,4,,,,,,,,,,,,,,,,,,,,,,,,,,,,,,,,,,,,,,,,,,,,,,,,,,,,,,,,,,,,,,,,,,,,LoadPerf,D42E0000C4020000,8,,WmiApRpl,,,,WmiApRpl,,,,,,,
2026-04-06T08:43:55.319296Z,1000,DC01,Microsoft-Windows-LoadPerf,Application,838,4,,,,,,,,,,,,,,,,,,,,,,,,,,,,,,,,,,,,,,,,,,,,,,,,,,,,,,,,,,,,,,,,,,,,LoadPerf,D62E0000A62F0000,8,,WmiApRpl,,,,WmiApRpl,,,,,,,
2026-04-06T08:44:36.866201Z,"{'#attributes': {'Qualifiers': 0}, '#text': 8224}",DC01,VSS,Application,839,4,,,,,,2D20436F64653A2020434F525356434330303030303737322D2043616C6C3A2020434F525356434330303030303735342D205049443A202030303030333834342D205449443A202030303030333836382D20434D443A2020433A5C57494E444F57535C73797374656D33325C76737376632E6578652020202D20557365723A204E616D653A204E5420415554484F524954595C53595354454D2C205349443A532D312D352D313820,,,,,,,,,,,,,,,,,,,,,,,,,,,,,,,,,,,,,,,,,,,,,,,,,,,,,,,,,,,,,,,,,,,,,,,,,,,,,
2026-04-06T08:45:00.032290Z,"{'#attributes': {'Qualifiers': 16384}, '#text': 16384}",DC01,Microsoft-Windows-Security-SPP,Application,840,4,,,,,,,,,,,,,,,,,,2126-03-13T08:44:59Z,RulesEngine,,,,,,,,,,,,,,,,,,,,,,,,,,,,,,,,,,,,,,,,,,,,,,,,,,,,,,,,,,,,,,,,
2026-04-06T08:45:00.046282Z,"{'#attributes': {'Qualifiers': 16384}, '#text': 903}",DC01,Microsoft-Windows-Security-SPP,Application,841,0,,,,,,,,,,,,,,,,,,,,,,,,,,,,,,,,,,,,,,,,,,,,,,,,,,,,,,,,,,,,,,,,,,,,,,,,,,,,,,,,,,,
2026-04-06T08:46:15.755945Z,1001,DC01,Microsoft-Windows-LoadPerf,Application,842,4,,,,,,,,,,,,,,,,,,,,,,,,,,,,,,,,,,,,,,,,,,,,,,,,,,,,,,,,,,,,,,,,,,,,LoadPerf,D42E0000C4020000,8,,WmiApRpl,,,,WmiApRpl,,,,,,,
2026-04-06T08:46:15.828308Z,1000,DC01,Microsoft-Windows-LoadPerf,Application,843,4,,,,,,,,,,,,,,,,,,,,,,,,,,,,,,,,,,,,,,,,,,,,,,,,,,,,,,,,,,,,,,,,,,,,LoadPerf,D62E0000A62F0000,8,,WmiApRpl,,,,WmiApRpl,,,,,,,
2026-04-06T08:51:04.168452Z,"{'#attributes': {'Qualifiers': 49152}, '#text': 16394}",DC01,Microsoft-Windows-Security-SPP,Application,844,4,,,,,,,,,,,,,,,,,,,,,,,,,,,,,,,,,,,,,,,,,,,,,,,,,,,,,,,,,,,,,,,,,,,,,,,,,,,,,,,,,,,
2026-04-06T08:51:04.392214Z,"{'#attributes': {'Qualifiers': 16384}, '#text': 16389}",DC01,Microsoft-Windows-Security-SPP,Application,845,4,,,,,,,,,,,,,,,,,0xC004D30B,,,,,,,,,,,,,,,,,,,,,,,,,,,,,,,,,,,,,,,,,,,,,,,,,,,,,,,,,,,,,,,,,,
2026-04-06T08:51:34.770780Z,"{'#attributes': {'Qualifiers': 16384}, '#text': 16384}",DC01,Microsoft-Windows-Security-SPP,Application,846,4,,,,,,,,,,,,,,,,,,2126-03-13T08:51:34Z,RulesEngine,,,,,,,,,,,,,,,,,,,,,,,,,,,,,,,,,,,,,,,,,,,,,,,,,,,,,,,,,,,,,,,,
2026-04-06T08:53:24.743056Z,"{'#attributes': {'Qualifiers': 32768}, '#text': 6000}",DC01,Microsoft-Windows-Winlogon,Application,847,4,,,,,,D9060000,,,,,,,,,,,SessionEnv,,,,,,,,,,,,,,,,,,,,,,,,,,,,,,,,,,,,,,,,,,,,,,,,,,,,,,,,,,,,,,,,,,
2026-04-06T08:53:37.341189Z,"{'#attributes': {'Qualifiers': 0}, '#text': 260}",DC01,VMUpgradeHelper,Application,848,4,,,,,,,,,,,,,,,,,,,,,,,,,,,,,,,,,,,,,,,,,,,,,,,,,,,,,,,,,,,,,,,,,,,,,,,,,,,,,,,,,,,
2026-04-06T08:53:37.341596Z,"{'#attributes': {'Qualifiers': 0}, '#text': 272}",DC01,VMUpgradeHelper,Application,849,4,,,,,,,,,,,,,,,,,,,,,,,,,,,,,,,,,,,,,,,,,,,,,,,,,,,,,,,,,,,,,,,,,,,,,,,,,,,,,,,,,,,
2026-04-06T08:53:37.347421Z,"{'#attributes': {'Qualifiers': 0}, '#text': 108}",DC01,VMTools,Application,850,4,,,,,,,,,,,,,,,,,,,,,,,,,,,,,,,,,,,,,,,,,,,,,,,,,,,,,,,,,,,,,,,,,,,,,,,,,,,,,,,,,,,
2026-04-06T08:53:37.490451Z,"{'#attributes': {'Qualifiers': 16384}, '#text': 4111}",DC01,Microsoft-Windows-MSDTC,Application,851,4,,,,,,4D005300440054004300,,,,,,,,,,,,,,,,,,,,,,,,,,,,,,,,,,,,,,,,,,,,,,,,,,,,,,,,,,,,,,,,,,,,,,,,,,,,,
2026-04-06T08:53:37.484958Z,1532,DC01,Microsoft-Windows-User Profiles Service,Application,852,4,,,,,,,,,,,,,,,,,,,,,,,,,,,,,,,,,,,,,,,,,,,,,,,,,,,,,,,,,,,,,,,,,,,,,,,,,,,,,,,,,,,
2026-04-06T08:54:00.346930Z,5615,DC01,Microsoft-Windows-WMI,Application,853,4,,,,,,,,,,,,,,,,,,,,,,,,,,,,,,,,,,,,,,,,,,,,,,,,,,,,,,,,,,,,,,,,,,,,,,,,,,,,,,,,,,,
2026-04-06T08:54:01.328736Z,1531,DC01,Microsoft-Windows-User Profiles Service,Application,854,4,,,,,,,,,,,,,,,,,,,,,,,,,,,,,,,,,,,,,,,,,,,,,,,,,,,,,,,,,,,,,,,,,,,,,,,,,,,,,,,,,,,
2026-04-06T08:54:05.980363Z,"{'#attributes': {'Qualifiers': 0}, '#text': 105}",DC01,VMTools,Application,855,4,,,,,,,,,,,,,,,,,,,,,,,,,,,,,,,,,,,,,,,,,,,,,,,,,,,,,,,,,,,,,,,,,,,,,,,,,,,,,,,,,,,
2026-04-06T08:54:11.330114Z,"{'#attributes': {'Qualifiers': 16384}, '#text': 781}",DC01,Microsoft-Windows-Complus,Application,856,4,,,,,,,,,,,,,,,,,,,,,,,,,,,,,,,,,,,,,,,,,,,,,,,,,,,,,,,,,,,,,,,,,,,,,,,,86400,,,,SuppressDuplicateDuration,Software\Microsoft\COM3\Eventlog,,,,,,
2026-04-06T08:54:13.775611Z,5617,DC01,Microsoft-Windows-WMI,Application,857,4,,,,,,,,,,,,,,,,,,,,,,,,,,,,,,,,,,,,,,,,,,,,,,,,,,,,,,,,,,,,,,,,,,,,,,,,,,,,,,,,,,,
2026-04-06T08:54:14.705904Z,"{'#attributes': {'Qualifiers': 16384}, '#text': 4202}",DC01,Microsoft-Windows-MSDTC 2,Application,858,4,,,,,,,,,,,,,,,,,,,,,,,,,,,,,,,,,,,,,,,,,,,,,,,,,,,,,,,,,,,,,,,,,,,,,,,,0,0,0,1,0,0,0,0,0,1,Mutual Authentication Required,NT AUTHORITY\NetworkService
2026-04-06T08:54:16.115424Z,"{'#attributes': {'Qualifiers': 0}, '#text': 258}",DC01,VMUpgradeHelper,Application,859,4,,,,,,,,,,,,,,,,,,,,,,,,,,,,,,,,,,,,,,,,,,,,,,,,,,,,,,,,,,,,,,,,,,,,,,,,,,,,,,,,,,,
2026-04-06T08:54:16.856919Z,"{'#attributes': {'Qualifiers': 0}, '#text': 271}",DC01,VMUpgradeHelper,Application,860,4,,,,,,,,,,,,,,,,,,,,,,,,,,,,,,,,,,,,,,,,,,,,,,,,,,,,,,,,,,,,,,,,,,,,,,,,,,,,,,,,,,,
2026-04-06T08:54:43.188883Z,63,DC01,HgsClientWmi,Application,861,3,,,,,,,,,,,,,,,,,,,,,,,,,,,,,,,,,,,,,,,root\Microsoft\Windows\Hgs,,,,,,,,,,,,,,,,,,,,,,,,,,,,,http://manifests.microsoft.com/win/2006/windows/WMI,,,,,,,,,,,,,,,
2026-04-06T08:54:43.192948Z,63,DC01,HgsClientWmi,Application,862,3,,,,,,,,,,,,,,,,,,,,,,,,,,,,,,,,,,,,,,,root\Microsoft\Windows\Hgs,,,,,,,,,,,,,,,,,,,,,,,,,,,,,http://manifests.microsoft.com/win/2006/windows/WMI,,,,,,,,,,,,,,,
2026-04-06T08:54:43.196719Z,63,DC01,HgsClientWmi,Application,863,3,,,,,,,,,,,,,,,,,,,,,,,,,,,,,,,,,,,,,,,root\Microsoft\Windows\Hgs,,,,,,,,,,,,,,,,,,,,,,,,,,,,,http://manifests.microsoft.com/win/2006/windows/WMI,,,,,,,,,,,,,,,
2026-04-06T08:54:54.764183Z,"{'#attributes': {'Qualifiers': 32768}, '#text': 6003}",DC01,Microsoft-Windows-Winlogon,Application,864,4,,,,,,D9060000,,,,,,,,,,,NTDS,,,,,,,,,,,,,,,,,,,,,,,,,,,,,,,,,,,,,,,,,,,,,,,,,,,,,,,,,,,,,,,,,,
2026-04-06T08:55:58.074470Z,"{'#attributes': {'Qualifiers': 32768}, '#text': 6003}",DC01,Microsoft-Windows-Winlogon,Application,865,4,,,,,,D9060000,,,,,,,,,,,SessionEnv,,,,,,,,,,,,,,,,,,,,,,,,,,,,,,,,,,,,,,,,,,,,,,,,,,,,,,,,,,,,,,,,,,
2026-04-06T08:55:58.539156Z,"{'#attributes': {'Qualifiers': 32768}, '#text': 6000}",DC01,Microsoft-Windows-Winlogon,Application,866,4,,,,,,D9060000,,,,,,,,,,,SessionEnv,,,,,,,,,,,,,,,,,,,,,,,,,,,,,,,,,,,,,,,,,,,,,,,,,,,,,,,,,,,,,,,,,,
2026-04-06T08:56:08.638133Z,"{'#attributes': {'Qualifiers': 16384}, '#text': 900}",DC01,Microsoft-Windows-Security-SPP,Application,867,4,,,,,,,,,,,,,,,,,<explicit>,,,,,,,,,,,,,,,,,,,,,,,,,,,,,,,,,,,,,,,,,,,,,,,,,,,,,,,,,,,,,,,,,,
2026-04-06T08:56:09.060328Z,"{'#attributes': {'Qualifiers': 49152}, '#text': 16394}",DC01,Microsoft-Windows-Security-SPP,Application,868,4,,,,,,,,,,,,,,,,,,,,,,,,,,,,,,,,,,,,,,,,,,,,,,,,,,,,,,,,,,,,,,,,,,,,,,,,,,,,,,,,,,,
2026-04-06T08:56:09.250766Z,"{'#attributes': {'Qualifiers': 16384}, '#text': 1066}",DC01,Microsoft-Windows-Security-SPP,Application,869,4,,,,,,,,,,,,,,,,,"C:\WINDOWS\system32\sppwinob.dll, msft:spp/windowsfunctionality/agent/7.0, 0x00000000, 0x00000000
C:\WINDOWS\system32\sppobjs.dll, msft:rm/algorithm/inherited/1.0, 0x00000000, 0x00000000
C:\WINDOWS\system32\sppobjs.dll, msft:rm/algorithm/phone/1.0, 0x00000000, 0x00000000
C:\WINDOWS\system32\sppobjs.dll, msft:rm/algorithm/pkey/detect, 0x00000000, 0x00000000
C:\WINDOWS\system32\sppobjs.dll, msft:spp/ActionScheduler/1.0, 0x00000000, 0x00000000
C:\WINDOWS\system32\sppobjs.dll, msft:spp/TaskScheduler/1.0, 0x00000000, 0x00000000
C:\WINDOWS\system32\sppobjs.dll, msft:spp/statecollector/pkey, 0x00000000, 0x00000000
C:\WINDOWS\system32\sppobjs.dll, msft:spp/volume/services/kms/1.0, 0x00000000, 0x00000000
C:\WINDOWS\system32\sppobjs.dll, msft:spp/volume/services/kms/activationinfo/1.0, 0x00000000, 0x00000000
",,,,,,,,,,,,,,,,,,,,,,,,,,,,,,,,,,,,,,,,,,,,,,,,,,,,,,,,,,,,,,,,,,
2026-04-06T08:56:09.567457Z,"{'#attributes': {'Qualifiers': 16384}, '#text': 16389}",DC01,Microsoft-Windows-Security-SPP,Application,870,4,,,,,,,,,,,,,,,,,0xC004D30B,,,,,,,,,,,,,,,,,,,,,,,,,,,,,,,,,,,,,,,,,,,,,,,,,,,,,,,,,,,,,,,,,,
2026-04-06T08:56:09.817176Z,"{'#attributes': {'Qualifiers': 16384}, '#text': 1034}",DC01,Microsoft-Windows-Security-SPP,Application,871,4,,,,,,,,,,,,,,,,,,AAD-AddDeviceJoinUserToAdminGroup-Policy,100,,,,,,,,,,,,,,,,,,,,,,,,,,,,,,,,,,,,,,,,,,,,,,,,,,,,,,,,,,,,,,,,
2026-04-06T08:56:09.818256Z,"{'#attributes': {'Qualifiers': 16384}, '#text': 1034}",DC01,Microsoft-Windows-Security-SPP,Application,872,4,,,,,,,,,,,,,,,,,,Security-SPP-WriteWauMarker,500,,,,,,,,,,,,,,,,,,,,,,,,,,,,,,,,,,,,,,,,,,,,,,,,,,,,,,,,,,,,,,,,
2026-04-06T08:56:09.820225Z,"{'#attributes': {'Qualifiers': 16384}, '#text': 1033}",DC01,Microsoft-Windows-Security-SPP,Application,873,4,,,,,,,,,,,,,,,,,,(Security-SPP-Reserved-EnableNotificationMode) ,55c92734-d682-4d71-983e-d6ec3f16059f,10d661ba-f2e3-445c-8e92-200e1e05e9e1,,,,,,,,,,,,,,,,,,,,,,,,,,,,,,,,,,,,,,,,,,,,,,,,,,,,,,,,,,,,,,,
2026-04-06T08:56:09.852188Z,"{'#attributes': {'Qualifiers': 16384}, '#text': 1003}",DC01,Microsoft-Windows-Security-SPP,Application,874,4,,,,,,,,,,,,,,,,,,55c92734-d682-4d71-983e-d6ec3f16059f,"
1: 0b646350-5349-4013-b1be-4100d1a7fa38, 1, 0 [(0 [0xC004F014, 0, 0], [(?)(?)(?)(?)(?)(?)(?)(?)])(1 )(2 )(3 )]
2: 10d661ba-f2e3-445c-8e92-200e1e05e9e1, 1, 0 [(0 [0x00000000, 1, 0], [(?)( 1 0x00000000)(?)( 2 0x00000000 0 0 msft:rm/algorithm/hwid/4.0 0x00000000 0)(?)(?)( 10 0x00000000 msft:rm/algorithm/flags/1.0)(?)])(1 )(2 )(3 )]
3: 2033816d-9d16-44bb-8f08-412ff45f38bf, 1, 0 [(0 [0xC004F014, 0, 0], [(?)(?)(?)(?)(?)(?)(?)(?)])(1 )(2 )(3 )]
4: 653ae55c-1d53-427b-be51-15bc1841fca7, 1, 0 [(0 [0xC004F014, 0, 0], [(?)(?)(?)(?)(?)(?)(?)(?)])(1 )(2 )(3 )]
5: 66c20db7-ff1e-4f87-a915-4e03715da35f, 1, 0 [(0 [0xC004F014, 0, 0], [(?)(?)(?)(?)(?)(?)(?)(?)])(1 )(2 )(3 )]
6: 6bad0243-1c35-46b2-b8e6-7a853e37413f, 1, 0 [(0 [0xC004F014, 0, 0], [(?)(?)(?)(?)(?)(?)(?)(?)])(1 )(2 )(3 )]
7: 82fcf64d-f9dd-4411-9c79-f2eed16d4eb8, 1, 0 [(0 [0xC004F014, 0, 0], [(?)(?)(?)(?)(?)(?)(?)(?)])(1 )(2 )(3 )]
8: 84e331f6-4279-48c4-ab10-b75139181351, 1, 0 [(0 [0xC004F014, 0, 0], [(?)(?)(?)(?)(?)(?)(?)(?)])(1 )(2 )(3 )]
9: 9e232465-2ade-4a33-a277-702010a84adb, 1, 0 [(0 [0xC004F014, 0, 0], [(?)(?)(?)(?)(?)(?)(?)(?)])(1 )(2 )(3 )]
10: a1da5f8f-7553-42c5-b0b4-6f27c4d74240, 1, 0 [(0 [0xC004F014, 0, 0], [(?)(?)(?)(?)(?)(?)(?)(?)])(1 )(2 )(3 )]
11: a2004bef-6ff1-48f9-8328-41ce1cd5ee79, 1, 0 [(0 [0xC004F014, 0, 0], [(?)(?)(?)(?)(?)(?)(?)(?)])(1 )(2 )(3 )]
12: c052f164-cdf6-409a-a0cb-853ba0f0f55a, 1, 0 [(0 [0xC004F014, 0, 0], [(?)(?)(?)(?)(?)(?)(?)(?)])(1 )(2 )(3 )]
13: e5b79126-7250-4d27-ad42-0eeb23db5771, 1, 0 [(0 [0xC004F014, 0, 0], [(?)(?)(?)(?)(?)(?)(?)(?)])(1 )(2 )(3 )]
14: f15a5790-90b7-4674-8fd4-e187ba426ad2, 1, 0 [(0 [0xC004F014, 0, 0], [(?)(?)(?)(?)(?)(?)(?)(?)])(1 )(2 )(3 )]

",,,,,,,,,,,,,,,,,,,,,,,,,,,,,,,,,,,,,,,,,,,,,,,,,,,,,,,,,,,,,,,,
2026-04-06T08:56:09.854625Z,"{'#attributes': {'Qualifiers': 49152}, '#text': 20492}",DC01,Microsoft-Windows-Security-SPP,Application,875,4,,,,,,,,,,,,,,,,,0xC004D30B,,,,,,,,,,,,,,,,,,,,,,,,,,,,,,,,,,,,,,,,,,,,,,,,,,,,,,,,,,,,,,,,,,
2026-04-06T08:56:09.880088Z,"{'#attributes': {'Qualifiers': 49152}, '#text': 16398}",DC01,Microsoft-Windows-Security-SPP,Application,876,2,,,,,,,,,,,,,,,,,,0x80070490,No grace timer found,,,,,,,,,,,,,,,,,,,,,,,,,,,,,,,,,,,,,,,,,,,,,,,,,,,,,,,,,,,,,,,,
2026-04-06T08:56:09.894539Z,"{'#attributes': {'Qualifiers': 16384}, '#text': 902}",DC01,Microsoft-Windows-Security-SPP,Application,877,0,,,,,,,,,,,,,,,,,10.0.26100.32522,,,,,,,,,,,,,,,,,,,,,,,,,,,,,,,,,,,,,,,,,,,,,,,,,,,,,,,,,,,,,,,,,,
2026-04-06T08:56:40.004093Z,"{'#attributes': {'Qualifiers': 16384}, '#text': 16384}",DC01,Microsoft-Windows-Security-SPP,Application,878,4,,,,,,,,,,,,,,,,,,2126-03-13T08:56:39Z,RulesEngine,,,,,,,,,,,,,,,,,,,,,,,,,,,,,,,,,,,,,,,,,,,,,,,,,,,,,,,,,,,,,,,,
2026-04-06T08:56:40.017921Z,"{'#attributes': {'Qualifiers': 16384}, '#text': 903}",DC01,Microsoft-Windows-Security-SPP,Application,879,0,,,,,,,,,,,,,,,,,,,,,,,,,,,,,,,,,,,,,,,,,,,,,,,,,,,,,,,,,,,,,,,,,,,,,,,,,,,,,,,,,,,
2026-04-06T08:57:17.679610Z,"{'#attributes': {'Qualifiers': 0}, '#text': 8224}",DC01,VSS,Application,880,4,,,,,,2D20436F64653A2020434F525356434330303030303737322D2043616C6C3A2020434F525356434330303030303735342D205049443A202030303030333930342D205449443A202030303030333338382D20434D443A2020433A5C57494E444F57535C73797374656D33325C76737376632E6578652020202D20557365723A204E616D653A204E5420415554484F524954595C53595354454D2C205349443A532D312D352D313820,,,,,,,,,,,,,,,,,,,,,,,,,,,,,,,,,,,,,,,,,,,,,,,,,,,,,,,,,,,,,,,,,,,,,,,,,,,,,
2026-04-06T08:58:24.095940Z,1001,DC01,Microsoft-Windows-LoadPerf,Application,881,4,,,,,,,,,,,,,,,,,,,,,,,,,,,,,,,,,,,,,,,,,,,,,,,,,,,,,,,,,,,,,,,,,,,,LoadPerf,7A400000C4020000,8,,WmiApRpl,,,,WmiApRpl,,,,,,,
2026-04-06T08:58:24.175505Z,1000,DC01,Microsoft-Windows-LoadPerf,Application,882,4,,,,,,,,,,,,,,,,,,,,,,,,,,,,,,,,,,,,,,,,,,,,,,,,,,,,,,,,,,,,,,,,,,,,LoadPerf,7C4000004C410000,8,,WmiApRpl,,,,WmiApRpl,,,,,,,
2026-04-06T08:59:19.438296Z,"{'#attributes': {'Qualifiers': 0}, '#text': 1500}",DC01,SceCli,Application,883,4,,,,,,,,,,,,,,,,,C:\WINDOWS\security\templates\DC security.inf,,,,,,,,,,,,,,,,,,,,,,,,,,,,,,,,,,,,,,,,,,,,,,,,,,,,,,,,,,,,,,,,,,
