2026-04-05T17:21:28.611379Z,"{'#attributes': {'Qualifiers': 16384}, '#text': 1003}",WIN-TTCPK05807O,Microsoft-Windows-Security-SPP,Application,574,4,,,,,,,,,,,,,,,,,,55c92734-d682-4d71-983e-d6ec3f16059f,"
1: 0b646350-5349-4013-b1be-4100d1a7fa38, 1, 0 [(0 [0xC004F014, 0, 0], [(?)(?)(?)(?)(?)(?)(?)(?)])(1 )(2 )(3 )]
2: 10d661ba-f2e3-445c-8e92-200e1e05e9e1, 1, 1 [(0 )(1 )(2 [0xC004E003, 0, 0], [( 1 0xC004F034)( 1 0xC004F034)(?)(?)(?)(?)(?)(?)])(3 [0x00000000, 0, 0], [( 6 0xC004F009 0 0)( 1 0x00000000)( 6 0xC004F009 0 0)(?)(?)(?)( 10 0x00000000 msft:rm/algorithm/flags/1.0)( 11 0x00000000 0xC004F034)])]
3: 2033816d-9d16-44bb-8f08-412ff45f38bf, 1, 0 [(0 [0xC004F014, 0, 0], [(?)(?)(?)(?)(?)(?)(?)(?)])(1 )(2 )(3 )]
4: 653ae55c-1d53-427b-be51-15bc1841fca7, 1, 0 [(0 [0xC004F014, 0, 0], [(?)(?)(?)(?)(?)(?)(?)(?)])(1 )(2 )(3 )]
5: 66c20db7-ff1e-4f87-a915-4e03715da35f, 1, 0 [(0 [0xC004F014, 0, 0], [(?)(?)(?)(?)(?)(?)(?)(?)])(1 )(2 )(3 )]
6: 6bad0243-1c35-46b2-b8e6-7a853e37413f, 1, 0 [(0 [0xC004F014, 0, 0], [(?)(?)(?)(?)(?)(?)(?)(?)])(1 )(2 )(3 )]
7: 82fcf64d-f9dd-4411-9c79-f2eed16d4eb8, 1, 0 [(0 [0xC004F014, 0, 0], [(?)(?)(?)(?)(?)(?)(?)(?)])(1 )(2 )(3 )]
8: 84e331f6-4279-48c4-ab10-b75139181351, 1, 0 [(0 [0xC004F014, 0, 0], [(?)(?)(?)(?)(?)(?)(?)(?)])(1 )(2 )(3 )]
9: 9e232465-2ade-4a33-a277-702010a84adb, 1, 0 [(0 [0xC004F014, 0, 0], [(?)(?)(?)(?)(?)(?)(?)(?)])(1 )(2 )(3 )]
10: a1da5f8f-7553-42c5-b0b4-6f27c4d74240, 1, 0 [(0 [0xC004F014, 0, 0], [(?)(?)(?)(?)(?)(?)(?)(?)])(1 )(2 )(3 )]
11: a2004bef-6ff1-48f9-8328-41ce1cd5ee79, 1, 0 [(0 [0xC004F014, 0, 0], [(?)(?)(?)(?)(?)(?)(?)(?)])(1 )(2 )(3 )]
12: c052f164-cdf6-409a-a0cb-853ba0f0f55a, 1, 0 [(0 [0xC004F014, 0, 0], [(?)(?)(?)(?)(?)(?)(?)(?)])(1 )(2 )(3 )]
13: e5b79126-7250-4d27-ad42-0eeb23db5771, 1, 0 [(0 [0xC004F014, 0, 0], [(?)(?)(?)(?)(?)(?)(?)(?)])(1 )(2 )(3 )]
14: f15a5790-90b7-4674-8fd4-e187ba426ad2, 1, 0 [(0 [0xC004F014, 0, 0], [(?)(?)(?)(?)(?)(?)(?)(?)])(1 )(2 )(3 )]

",,,,,,,,,,,,,,,,,,,,,,,,,,,,,,,,,,,,,,,,,,,,,,,,,,,,,,,,,,,,,,,,
2026-04-05T17:21:28.756229Z,"{'#attributes': {'Qualifiers': 16384}, '#text': 902}",WIN-TTCPK05807O,Microsoft-Windows-Security-SPP,Application,575,0,,,,,,,,,,,,,,,,,10.0.26100.32522,,,,,,,,,,,,,,,,,,,,,,,,,,,,,,,,,,,,,,,,,,,,,,,,,,,,,,,,,,,,,,,,,,
2026-04-05T17:21:29.434867Z,"{'#attributes': {'Qualifiers': 49152}, '#text': 8198}",WIN-TTCPK05807O,Microsoft-Windows-Security-SPP,Application,576,2,,,,,,,,,,,,,,,,,,hr=0x80004005,RuleId=31e71c49-8da7-4a2f-ad92-45d98a1c79ba;Action=AutoActivate;AppId=55c92734-d682-4d71-983e-d6ec3f16059f;SkuId=10d661ba-f2e3-445c-8e92-200e1e05e9e1;NotificationInterval=1440;Trigger=NetworkAvailable,,,,,,,,,,,,,,,,,,,,,,,,,,,,,,,,,,,,,,,,,,,,,,,,,,,,,,,,,,,,,,,,
2026-04-05T17:21:32.564406Z,5617,WIN-TTCPK05807O,Microsoft-Windows-WMI,Application,577,4,,,,,,,,,,,,,,,,,,,,,,,,,,,,,,,,,,,,,,,,,,,,,,,,,,,,,,,,,,,,,,,,,,,,,,,,,,,,,,,,,,,
2026-04-05T17:21:59.603515Z,"{'#attributes': {'Qualifiers': 16384}, '#text': 16384}",WIN-TTCPK05807O,Microsoft-Windows-Security-SPP,Application,578,4,,,,,,,,,,,,,,,,,,2026-04-06T17:20:59Z,RulesEngine,,,,,,,,,,,,,,,,,,,,,,,,,,,,,,,,,,,,,,,,,,,,,,,,,,,,,,,,,,,,,,,,
2026-04-05T17:21:59.611788Z,"{'#attributes': {'Qualifiers': 16384}, '#text': 903}",WIN-TTCPK05807O,Microsoft-Windows-Security-SPP,Application,579,0,,,,,,,,,,,,,,,,,,,,,,,,,,,,,,,,,,,,,,,,,,,,,,,,,,,,,,,,,,,,,,,,,,,,,,,,,,,,,,,,,,,
2026-04-05T17:22:22.641042Z,"{'#attributes': {'Qualifiers': 32768}, '#text': 6003}",WIN-TTCPK05807O,Microsoft-Windows-Winlogon,Application,580,4,,,,,,D9060000,,,,,,,,,,,SessionEnv,,,,,,,,,,,,,,,,,,,,,,,,,,,,,,,,,,,,,,,,,,,,,,,,,,,,,,,,,,,,,,,,,,
2026-04-05T17:22:23.585220Z,"{'#attributes': {'Qualifiers': 32768}, '#text': 6000}",WIN-TTCPK05807O,Microsoft-Windows-Winlogon,Application,581,4,,,,,,D9060000,,,,,,,,,,,SessionEnv,,,,,,,,,,,,,,,,,,,,,,,,,,,,,,,,,,,,,,,,,,,,,,,,,,,,,,,,,,,,,,,,,,
2026-04-05T17:22:24.140680Z,"{'#attributes': {'Qualifiers': 49152}, '#text': 16394}",WIN-TTCPK05807O,Microsoft-Windows-Security-SPP,Application,582,4,,,,,,,,,,,,,,,,,,,,,,,,,,,,,,,,,,,,,,,,,,,,,,,,,,,,,,,,,,,,,,,,,,,,,,,,,,,,,,,,,,,
2026-04-05T17:22:24.226546Z,"{'#attributes': {'Qualifiers': 49152}, '#text': 16397}",WIN-TTCPK05807O,Microsoft-Windows-Security-SPP,Application,583,4,,,,,,,,,,,,,,,,,0x0000A8BF,,,,,,,,,,,,,,,,,,,,,,,,,,,,,,,,,,,,,,,,,,,,,,,,,,,,,,,,,,,,,,,,,,
2026-04-05T17:22:24.461105Z,"{'#attributes': {'Qualifiers': 49152}, '#text': 8198}",WIN-TTCPK05807O,Microsoft-Windows-Security-SPP,Application,584,2,,,,,,,,,,,,,,,,,,hr=0x80004005,RuleId=31e71c49-8da7-4a2f-ad92-45d98a1c79ba;Action=AutoActivate;AppId=55c92734-d682-4d71-983e-d6ec3f16059f;SkuId=10d661ba-f2e3-445c-8e92-200e1e05e9e1;NotificationInterval=1440;Trigger=UserLogon;SessionId=1,,,,,,,,,,,,,,,,,,,,,,,,,,,,,,,,,,,,,,,,,,,,,,,,,,,,,,,,,,,,,,,,
2026-04-05T17:22:55.077823Z,"{'#attributes': {'Qualifiers': 16384}, '#text': 16384}",WIN-TTCPK05807O,Microsoft-Windows-Security-SPP,Application,585,4,,,,,,,,,,,,,,,,,,2026-04-06T17:21:54Z,RulesEngine,,,,,,,,,,,,,,,,,,,,,,,,,,,,,,,,,,,,,,,,,,,,,,,,,,,,,,,,,,,,,,,,
2026-04-05T17:23:25.275437Z,"{'#attributes': {'Qualifiers': 16384}, '#text': 4202}",WIN-TTCPK05807O,Microsoft-Windows-MSDTC 2,Application,586,4,,,,,,,,,,,,,,,,,,,,,,,,,,,,,,,,,,,,,,,,,,,,,,,,,,,,,,,,,,,,,,,,,,,,,,,,0,0,0,1,0,0,0,0,0,1,Mutual Authentication Required,NT AUTHORITY\NetworkService
2026-04-05T17:23:25.371963Z,"{'#attributes': {'Qualifiers': 16384}, '#text': 900}",WIN-TTCPK05807O,Microsoft-Windows-Security-SPP,Application,587,4,,,,,,,,,,,,,,,,,<explicit>,,,,,,,,,,,,,,,,,,,,,,,,,,,,,,,,,,,,,,,,,,,,,,,,,,,,,,,,,,,,,,,,,,
2026-04-05T17:23:25.497799Z,"{'#attributes': {'Qualifiers': 49152}, '#text': 16394}",WIN-TTCPK05807O,Microsoft-Windows-Security-SPP,Application,588,4,,,,,,,,,,,,,,,,,,,,,,,,,,,,,,,,,,,,,,,,,,,,,,,,,,,,,,,,,,,,,,,,,,,,,,,,,,,,,,,,,,,
2026-04-05T17:23:25.568733Z,"{'#attributes': {'Qualifiers': 49152}, '#text': 16397}",WIN-TTCPK05807O,Microsoft-Windows-Security-SPP,Application,589,4,,,,,,,,,,,,,,,,,0x0000A8BE,,,,,,,,,,,,,,,,,,,,,,,,,,,,,,,,,,,,,,,,,,,,,,,,,,,,,,,,,,,,,,,,,,
2026-04-05T17:24:12.999847Z,"{'#attributes': {'Qualifiers': 16384}, '#text': 16384}",WIN-TTCPK05807O,Microsoft-Windows-Security-SPP,Application,590,4,,,,,,,,,,,,,,,,,,2026-04-06T17:22:12Z,RulesEngine,,,,,,,,,,,,,,,,,,,,,,,,,,,,,,,,,,,,,,,,,,,,,,,,,,,,,,,,,,,,,,,,
2026-04-05T17:24:26.685601Z,10000,WIN-TTCPK05807O,Microsoft-Windows-RestartManager,Application,591,4,,,,,,,,,,,,,,,,,,,,,,,,,,,,,,,,,,,,,,,,,,,,,,,,,,,,,,,,,,0,,,,,,2026-04-05T17:24:26.683609Z,,,,http://www.microsoft.com/2005/08/Windows/Reliability/RestartManager/,,,,,,,,,,,,,,,
2026-04-05T17:24:26.696984Z,10010,WIN-TTCPK05807O,Microsoft-Windows-RestartManager,Application,592,3,,5,0,,,,,,,,,,,,,,,,,,,,,,,,Windows PowerShell,,,,,,,C:\Windows\System32\WindowsPowerShell\v1.0\powershell.exe,,,,,,,,,,,,,,,,3696,,1,,,,,,0,,,67108865,,1,,,,,http://www.microsoft.com/2005/08/Windows/Reliability/RestartManager/,,,,,,,,,,,,,,,
2026-04-05T17:24:26.704587Z,10005,WIN-TTCPK05807O,Microsoft-Windows-RestartManager,Application,593,4,,,,Windows PowerShell,,,,,,,,,,,,,,,,,,,,,,,,,,,,,,,,,,,,,,,,,,,,,,,,,2,,,,,0,,,,,,,,,,http://www.microsoft.com/2005/08/Windows/Reliability/RestartManager/,,,1,,,,,,,,,,,,
2026-04-05T17:24:26.707034Z,10001,WIN-TTCPK05807O,Microsoft-Windows-RestartManager,Application,594,4,,,,,,,,,,,,,,,,,,,,,,,,,,,,,,,,,,,,,,,,,,,,,,,,,,,,,,,,,,0,,,,,,2026-04-05T17:24:26.683609Z,,,,http://www.microsoft.com/2005/08/Windows/Reliability/RestartManager/,,,,,,,,,,,,,,,
2026-04-05T17:24:35.061520Z,"{'#attributes': {'Qualifiers': 32768}, '#text': 6000}",WIN-TTCPK05807O,Microsoft-Windows-Winlogon,Application,595,4,,,,,,D9060000,,,,,,,,,,,SessionEnv,,,,,,,,,,,,,,,,,,,,,,,,,,,,,,,,,,,,,,,,,,,,,,,,,,,,,,,,,,,,,,,,,,
2026-04-05T17:24:39.181564Z,"{'#attributes': {'Qualifiers': 16384}, '#text': 4111}",WIN-TTCPK05807O,Microsoft-Windows-MSDTC,Application,596,4,,,,,,4D005300440054004300,,,,,,,,,,,,,,,,,,,,,,,,,,,,,,,,,,,,,,,,,,,,,,,,,,,,,,,,,,,,,,,,,,,,,,,,,,,,,
2026-04-05T17:24:39.174073Z,1532,WIN-TTCPK05807O,Microsoft-Windows-User Profiles Service,Application,597,4,,,,,,,,,,,,,,,,,,,,,,,,,,,,,,,,,,,,,,,,,,,,,,,,,,,,,,,,,,,,,,,,,,,,,,,,,,,,,,,,,,,
2026-04-05T17:24:51.458226Z,1531,WIN-TTCPK05807O,Microsoft-Windows-User Profiles Service,Application,598,4,,,,,,,,,,,,,,,,,,,,,,,,,,,,,,,,,,,,,,,,,,,,,,,,,,,,,,,,,,,,,,,,,,,,,,,,,,,,,,,,,,,
2026-04-05T17:24:52.346896Z,5615,WIN-TTCPK05807O,Microsoft-Windows-WMI,Application,599,4,,,,,,,,,,,,,,,,,,,,,,,,,,,,,,,,,,,,,,,,,,,,,,,,,,,,,,,,,,,,,,,,,,,,,,,,,,,,,,,,,,,
2026-04-05T17:24:54.449473Z,"{'#attributes': {'Qualifiers': 16384}, '#text': 900}",WIN-TTCPK05807O,Microsoft-Windows-Security-SPP,Application,600,4,,,,,,,,,,,,,,,,,TriggerStarted:6,,,,,,,,,,,,,,,,,,,,,,,,,,,,,,,,,,,,,,,,,,,,,,,,,,,,,,,,,,,,,,,,,,
2026-04-05T17:24:54.583872Z,"{'#attributes': {'Qualifiers': 49152}, '#text': 16394}",WIN-TTCPK05807O,Microsoft-Windows-Security-SPP,Application,601,4,,,,,,,,,,,,,,,,,,,,,,,,,,,,,,,,,,,,,,,,,,,,,,,,,,,,,,,,,,,,,,,,,,,,,,,,,,,,,,,,,,,
2026-04-05T17:24:54.648771Z,"{'#attributes': {'Qualifiers': 16384}, '#text': 1066}",WIN-TTCPK05807O,Microsoft-Windows-Security-SPP,Application,602,4,,,,,,,,,,,,,,,,,"C:\WINDOWS\system32\sppwinob.dll, msft:spp/windowsfunctionality/agent/7.0, 0x00000000, 0x00000000
C:\WINDOWS\system32\sppobjs.dll, msft:rm/algorithm/inherited/1.0, 0x00000000, 0x00000000
C:\WINDOWS\system32\sppobjs.dll, msft:rm/algorithm/phone/1.0, 0x00000000, 0x00000000
C:\WINDOWS\system32\sppobjs.dll, msft:rm/algorithm/pkey/detect, 0x00000000, 0x00000000
C:\WINDOWS\system32\sppobjs.dll, msft:spp/ActionScheduler/1.0, 0x00000000, 0x00000000
C:\WINDOWS\system32\sppobjs.dll, msft:spp/TaskScheduler/1.0, 0x00000000, 0x00000000
C:\WINDOWS\system32\sppobjs.dll, msft:spp/statecollector/pkey, 0x00000000, 0x00000000
C:\WINDOWS\system32\sppobjs.dll, msft:spp/volume/services/kms/1.0, 0x00000000, 0x00000000
C:\WINDOWS\system32\sppobjs.dll, msft:spp/volume/services/kms/activationinfo/1.0, 0x00000000, 0x00000000
",,,,,,,,,,,,,,,,,,,,,,,,,,,,,,,,,,,,,,,,,,,,,,,,,,,,,,,,,,,,,,,,,,
2026-04-05T17:24:54.769045Z,"{'#attributes': {'Qualifiers': 49152}, '#text': 16397}",WIN-TTCPK05807O,Microsoft-Windows-Security-SPP,Application,603,4,,,,,,,,,,,,,,,,,0x0000A8BC,,,,,,,,,,,,,,,,,,,,,,,,,,,,,,,,,,,,,,,,,,,,,,,,,,,,,,,,,,,,,,,,,,
2026-04-05T17:24:54.865100Z,"{'#attributes': {'Qualifiers': 16384}, '#text': 1034}",WIN-TTCPK05807O,Microsoft-Windows-Security-SPP,Application,604,4,,,,,,,,,,,,,,,,,,AAD-AddDeviceJoinUserToAdminGroup-Policy,100,,,,,,,,,,,,,,,,,,,,,,,,,,,,,,,,,,,,,,,,,,,,,,,,,,,,,,,,,,,,,,,,
2026-04-05T17:24:54.866061Z,"{'#attributes': {'Qualifiers': 16384}, '#text': 1034}",WIN-TTCPK05807O,Microsoft-Windows-Security-SPP,Application,605,4,,,,,,,,,,,,,,,,,,Security-SPP-WriteWauMarker,500,,,,,,,,,,,,,,,,,,,,,,,,,,,,,,,,,,,,,,,,,,,,,,,,,,,,,,,,,,,,,,,,
2026-04-05T17:24:54.878501Z,"{'#attributes': {'Qualifiers': 49152}, '#text': 20491}",WIN-TTCPK05807O,Microsoft-Windows-Security-SPP,Application,606,4,,,,,,,,,,,,,,,,,,,,,,,,,,,,,,,,,,,,,,,,,,,,,,,,,,,,,,,,,,,,,,,,,,,,,,,,,,,,,,,,,,,
2026-04-05T17:24:54.879283Z,"{'#attributes': {'Qualifiers': 32768}, '#text': 1018}",WIN-TTCPK05807O,Microsoft-Windows-Security-SPP,Application,607,4,,,,,,,,,,,,,,,,,0x00000001,,,,,,,,,,,,,,,,,,,,,,,,,,,,,,,,,,,,,,,,,,,,,,,,,,,,,,,,,,,,,,,,,,
2026-04-05T17:24:54.879707Z,"{'#attributes': {'Qualifiers': 32768}, '#text': 1016}",WIN-TTCPK05807O,Microsoft-Windows-Security-SPP,Application,608,4,,,,,,,,,,,,,,,,,0x00000000,,,,,,,,,,,,,,,,,,,,,,,,,,,,,,,,,,,,,,,,,,,,,,,,,,,,,,,,,,,,,,,,,,
2026-04-05T17:24:54.892523Z,"{'#attributes': {'Qualifiers': 16384}, '#text': 1003}",WIN-TTCPK05807O,Microsoft-Windows-Security-SPP,Application,609,4,,,,,,,,,,,,,,,,,,55c92734-d682-4d71-983e-d6ec3f16059f,"
1: 0b646350-5349-4013-b1be-4100d1a7fa38, 1, 0 [(0 [0xC004F014, 0, 0], [(?)(?)(?)(?)(?)(?)(?)(?)])(1 )(2 )(3 )]
2: 10d661ba-f2e3-445c-8e92-200e1e05e9e1, 1, 0 [(0 )(1 )(2 [0xC004E003, 0, 0], [( 1 0xC004F034)( 1 0xC004F034)(?)(?)(?)(?)(?)(?)])(3 [0x00000000, 0, 0], [( 6 0xC004F009 0 0)( 1 0x00000000)( 6 0xC004F009 0 0)(?)(?)(?)( 10 0x00000000 msft:rm/algorithm/flags/1.0)( 11 0x00000000 0xC004F034)])]
3: 2033816d-9d16-44bb-8f08-412ff45f38bf, 1, 0 [(0 [0xC004F014, 0, 0], [(?)(?)(?)(?)(?)(?)(?)(?)])(1 )(2 )(3 )]
4: 653ae55c-1d53-427b-be51-15bc1841fca7, 1, 0 [(0 [0xC004F014, 0, 0], [(?)(?)(?)(?)(?)(?)(?)(?)])(1 )(2 )(3 )]
5: 66c20db7-ff1e-4f87-a915-4e03715da35f, 1, 0 [(0 [0xC004F014, 0, 0], [(?)(?)(?)(?)(?)(?)(?)(?)])(1 )(2 )(3 )]
6: 6bad0243-1c35-46b2-b8e6-7a853e37413f, 1, 0 [(0 [0xC004F014, 0, 0], [(?)(?)(?)(?)(?)(?)(?)(?)])(1 )(2 )(3 )]
7: 82fcf64d-f9dd-4411-9c79-f2eed16d4eb8, 1, 0 [(0 [0xC004F014, 0, 0], [(?)(?)(?)(?)(?)(?)(?)(?)])(1 )(2 )(3 )]
8: 84e331f6-4279-48c4-ab10-b75139181351, 1, 0 [(0 [0xC004F014, 0, 0], [(?)(?)(?)(?)(?)(?)(?)(?)])(1 )(2 )(3 )]
9: 9e232465-2ade-4a33-a277-702010a84adb, 1, 0 [(0 [0xC004F014, 0, 0], [(?)(?)(?)(?)(?)(?)(?)(?)])(1 )(2 )(3 )]
10: a1da5f8f-7553-42c5-b0b4-6f27c4d74240, 1, 0 [(0 [0xC004F014, 0, 0], [(?)(?)(?)(?)(?)(?)(?)(?)])(1 )(2 )(3 )]
11: a2004bef-6ff1-48f9-8328-41ce1cd5ee79, 1, 0 [(0 [0xC004F014, 0, 0], [(?)(?)(?)(?)(?)(?)(?)(?)])(1 )(2 )(3 )]
12: c052f164-cdf6-409a-a0cb-853ba0f0f55a, 1, 0 [(0 [0xC004F014, 0, 0], [(?)(?)(?)(?)(?)(?)(?)(?)])(1 )(2 )(3 )]
13: e5b79126-7250-4d27-ad42-0eeb23db5771, 1, 0 [(0 [0xC004F014, 0, 0], [(?)(?)(?)(?)(?)(?)(?)(?)])(1 )(2 )(3 )]
14: f15a5790-90b7-4674-8fd4-e187ba426ad2, 1, 0 [(0 [0xC004F014, 0, 0], [(?)(?)(?)(?)(?)(?)(?)(?)])(1 )(2 )(3 )]

",,,,,,,,,,,,,,,,,,,,,,,,,,,,,,,,,,,,,,,,,,,,,,,,,,,,,,,,,,,,,,,,
2026-04-05T17:24:54.952667Z,"{'#attributes': {'Qualifiers': 16384}, '#text': 902}",WIN-TTCPK05807O,Microsoft-Windows-Security-SPP,Application,610,0,,,,,,,,,,,,,,,,,10.0.26100.32522,,,,,,,,,,,,,,,,,,,,,,,,,,,,,,,,,,,,,,,,,,,,,,,,,,,,,,,,,,,,,,,,,,
2026-04-05T17:24:55.074636Z,"{'#attributes': {'Qualifiers': 49152}, '#text': 8198}",WIN-TTCPK05807O,Microsoft-Windows-Security-SPP,Application,611,2,,,,,,,,,,,,,,,,,,hr=0x80004005,RuleId=31e71c49-8da7-4a2f-ad92-45d98a1c79ba;Action=AutoActivate;AppId=55c92734-d682-4d71-983e-d6ec3f16059f;SkuId=10d661ba-f2e3-445c-8e92-200e1e05e9e1;NotificationInterval=1440;Trigger=NetworkAvailable,,,,,,,,,,,,,,,,,,,,,,,,,,,,,,,,,,,,,,,,,,,,,,,,,,,,,,,,,,,,,,,,
2026-04-05T17:24:55.378537Z,"{'#attributes': {'Qualifiers': 49152}, '#text': 8198}",WIN-TTCPK05807O,Microsoft-Windows-Security-SPP,Application,612,2,,,,,,,,,,,,,,,,,,hr=0x80004005,RuleId=31e71c49-8da7-4a2f-ad92-45d98a1c79ba;Action=AutoActivate;AppId=55c92734-d682-4d71-983e-d6ec3f16059f;SkuId=10d661ba-f2e3-445c-8e92-200e1e05e9e1;NotificationInterval=1440;Trigger=NetworkAvailable,,,,,,,,,,,,,,,,,,,,,,,,,,,,,,,,,,,,,,,,,,,,,,,,,,,,,,,,,,,,,,,,
2026-04-05T17:24:59.677267Z,5617,WIN-TTCPK05807O,Microsoft-Windows-WMI,Application,613,4,,,,,,,,,,,,,,,,,,,,,,,,,,,,,,,,,,,,,,,,,,,,,,,,,,,,,,,,,,,,,,,,,,,,,,,,,,,,,,,,,,,
2026-04-05T17:25:25.491690Z,"{'#attributes': {'Qualifiers': 16384}, '#text': 16384}",WIN-TTCPK05807O,Microsoft-Windows-Security-SPP,Application,614,4,,,,,,,,,,,,,,,,,,2026-04-06T17:24:25Z,RulesEngine,,,,,,,,,,,,,,,,,,,,,,,,,,,,,,,,,,,,,,,,,,,,,,,,,,,,,,,,,,,,,,,,
2026-04-05T17:25:25.501790Z,"{'#attributes': {'Qualifiers': 16384}, '#text': 903}",WIN-TTCPK05807O,Microsoft-Windows-Security-SPP,Application,615,0,,,,,,,,,,,,,,,,,,,,,,,,,,,,,,,,,,,,,,,,,,,,,,,,,,,,,,,,,,,,,,,,,,,,,,,,,,,,,,,,,,,
2026-04-05T17:25:44.383437Z,"{'#attributes': {'Qualifiers': 32768}, '#text': 6003}",WIN-TTCPK05807O,Microsoft-Windows-Winlogon,Application,616,4,,,,,,D9060000,,,,,,,,,,,SessionEnv,,,,,,,,,,,,,,,,,,,,,,,,,,,,,,,,,,,,,,,,,,,,,,,,,,,,,,,,,,,,,,,,,,
2026-04-05T17:25:44.857164Z,"{'#attributes': {'Qualifiers': 32768}, '#text': 6000}",WIN-TTCPK05807O,Microsoft-Windows-Winlogon,Application,617,4,,,,,,D9060000,,,,,,,,,,,SessionEnv,,,,,,,,,,,,,,,,,,,,,,,,,,,,,,,,,,,,,,,,,,,,,,,,,,,,,,,,,,,,,,,,,,
2026-04-05T17:25:45.188436Z,"{'#attributes': {'Qualifiers': 49152}, '#text': 16394}",WIN-TTCPK05807O,Microsoft-Windows-Security-SPP,Application,618,4,,,,,,,,,,,,,,,,,,,,,,,,,,,,,,,,,,,,,,,,,,,,,,,,,,,,,,,,,,,,,,,,,,,,,,,,,,,,,,,,,,,
2026-04-05T17:25:45.290669Z,"{'#attributes': {'Qualifiers': 49152}, '#text': 16397}",WIN-TTCPK05807O,Microsoft-Windows-Security-SPP,Application,619,4,,,,,,,,,,,,,,,,,0x0000A8BB,,,,,,,,,,,,,,,,,,,,,,,,,,,,,,,,,,,,,,,,,,,,,,,,,,,,,,,,,,,,,,,,,,
2026-04-05T17:25:45.421006Z,"{'#attributes': {'Qualifiers': 49152}, '#text': 8198}",WIN-TTCPK05807O,Microsoft-Windows-Security-SPP,Application,620,2,,,,,,,,,,,,,,,,,,hr=0x80004005,RuleId=31e71c49-8da7-4a2f-ad92-45d98a1c79ba;Action=AutoActivate;AppId=55c92734-d682-4d71-983e-d6ec3f16059f;SkuId=10d661ba-f2e3-445c-8e92-200e1e05e9e1;NotificationInterval=1440;Trigger=UserLogon;SessionId=1,,,,,,,,,,,,,,,,,,,,,,,,,,,,,,,,,,,,,,,,,,,,,,,,,,,,,,,,,,,,,,,,
2026-04-05T17:26:15.825745Z,"{'#attributes': {'Qualifiers': 16384}, '#text': 16384}",WIN-TTCPK05807O,Microsoft-Windows-Security-SPP,Application,621,4,,,,,,,,,,,,,,,,,,2026-04-06T17:25:15Z,RulesEngine,,,,,,,,,,,,,,,,,,,,,,,,,,,,,,,,,,,,,,,,,,,,,,,,,,,,,,,,,,,,,,,,
2026-04-05T17:26:18.426841Z,"{'#attributes': {'Qualifiers': 49152}, '#text': 16394}",WIN-TTCPK05807O,Microsoft-Windows-Security-SPP,Application,622,4,,,,,,,,,,,,,,,,,,,,,,,,,,,,,,,,,,,,,,,,,,,,,,,,,,,,,,,,,,,,,,,,,,,,,,,,,,,,,,,,,,,
2026-04-05T17:26:18.478507Z,"{'#attributes': {'Qualifiers': 49152}, '#text': 16397}",WIN-TTCPK05807O,Microsoft-Windows-Security-SPP,Application,623,4,,,,,,,,,,,,,,,,,0x0000A8BB,,,,,,,,,,,,,,,,,,,,,,,,,,,,,,,,,,,,,,,,,,,,,,,,,,,,,,,,,,,,,,,,,,
2026-04-05T17:26:48.615019Z,"{'#attributes': {'Qualifiers': 16384}, '#text': 16384}",WIN-TTCPK05807O,Microsoft-Windows-Security-SPP,Application,624,4,,,,,,,,,,,,,,,,,,2026-04-06T17:24:48Z,RulesEngine,,,,,,,,,,,,,,,,,,,,,,,,,,,,,,,,,,,,,,,,,,,,,,,,,,,,,,,,,,,,,,,,
2026-04-05T17:26:52.866194Z,"{'#attributes': {'Qualifiers': 16384}, '#text': 4202}",WIN-TTCPK05807O,Microsoft-Windows-MSDTC 2,Application,625,4,,,,,,,,,,,,,,,,,,,,,,,,,,,,,,,,,,,,,,,,,,,,,,,,,,,,,,,,,,,,,,,,,,,,,,,,0,0,0,1,0,0,0,0,0,1,Mutual Authentication Required,NT AUTHORITY\NetworkService
2026-04-05T17:26:52.979520Z,"{'#attributes': {'Qualifiers': 16384}, '#text': 900}",WIN-TTCPK05807O,Microsoft-Windows-Security-SPP,Application,626,4,,,,,,,,,,,,,,,,,<explicit>,,,,,,,,,,,,,,,,,,,,,,,,,,,,,,,,,,,,,,,,,,,,,,,,,,,,,,,,,,,,,,,,,,
2026-04-05T17:26:53.109195Z,"{'#attributes': {'Qualifiers': 49152}, '#text': 16394}",WIN-TTCPK05807O,Microsoft-Windows-Security-SPP,Application,627,4,,,,,,,,,,,,,,,,,,,,,,,,,,,,,,,,,,,,,,,,,,,,,,,,,,,,,,,,,,,,,,,,,,,,,,,,,,,,,,,,,,,
2026-04-05T17:26:53.177767Z,"{'#attributes': {'Qualifiers': 49152}, '#text': 16397}",WIN-TTCPK05807O,Microsoft-Windows-Security-SPP,Application,628,4,,,,,,,,,,,,,,,,,0x0000A8BA,,,,,,,,,,,,,,,,,,,,,,,,,,,,,,,,,,,,,,,,,,,,,,,,,,,,,,,,,,,,,,,,,,
2026-04-05T17:27:23.212249Z,"{'#attributes': {'Qualifiers': 16384}, '#text': 16384}",WIN-TTCPK05807O,Microsoft-Windows-Security-SPP,Application,629,4,,,,,,,,,,,,,,,,,,2026-04-06T17:25:23Z,RulesEngine,,,,,,,,,,,,,,,,,,,,,,,,,,,,,,,,,,,,,,,,,,,,,,,,,,,,,,,,,,,,,,,,
2026-04-05T17:29:08.220415Z,1001,WIN-TTCPK05807O,Microsoft-Windows-LoadPerf,Application,630,4,,,,,,,,,,,,,,,,,,,,,,,,,,,,,,,,,,,,,,,,,,,,,,,,,,,,,,,,,,,,,,,,,,,,LoadPerf,D42E0000C4020000,8,,WmiApRpl,,,,WmiApRpl,,,,,,,
2026-04-05T17:29:08.283890Z,1000,WIN-TTCPK05807O,Microsoft-Windows-LoadPerf,Application,631,4,,,,,,,,,,,,,,,,,,,,,,,,,,,,,,,,,,,,,,,,,,,,,,,,,,,,,,,,,,,,,,,,,,,,LoadPerf,D62E00007C2F0000,8,,WmiApRpl,,,,WmiApRpl,,,,,,,
2026-04-05T17:31:07.714987Z,"{'#attributes': {'Qualifiers': 49152}, '#text': 16394}",WIN-TTCPK05807O,Microsoft-Windows-Security-SPP,Application,632,4,,,,,,,,,,,,,,,,,,,,,,,,,,,,,,,,,,,,,,,,,,,,,,,,,,,,,,,,,,,,,,,,,,,,,,,,,,,,,,,,,,,
2026-04-05T17:31:07.930689Z,"{'#attributes': {'Qualifiers': 49152}, '#text': 16397}",WIN-TTCPK05807O,Microsoft-Windows-Security-SPP,Application,633,4,,,,,,,,,,,,,,,,,0x0000A8B6,,,,,,,,,,,,,,,,,,,,,,,,,,,,,,,,,,,,,,,,,,,,,,,,,,,,,,,,,,,,,,,,,,
2026-04-05T17:31:08.071546Z,"{'#attributes': {'Qualifiers': 16384}, '#text': 1034}",WIN-TTCPK05807O,Microsoft-Windows-Security-SPP,Application,634,4,,,,,,,,,,,,,,,,,,AAD-AddDeviceJoinUserToAdminGroup-Policy,100,,,,,,,,,,,,,,,,,,,,,,,,,,,,,,,,,,,,,,,,,,,,,,,,,,,,,,,,,,,,,,,,
2026-04-05T17:31:08.072683Z,"{'#attributes': {'Qualifiers': 16384}, '#text': 1034}",WIN-TTCPK05807O,Microsoft-Windows-Security-SPP,Application,635,4,,,,,,,,,,,,,,,,,,Security-SPP-WriteWauMarker,500,,,,,,,,,,,,,,,,,,,,,,,,,,,,,,,,,,,,,,,,,,,,,,,,,,,,,,,,,,,,,,,,
2026-04-05T17:31:08.088746Z,"{'#attributes': {'Qualifiers': 49152}, '#text': 20491}",WIN-TTCPK05807O,Microsoft-Windows-Security-SPP,Application,636,4,,,,,,,,,,,,,,,,,,,,,,,,,,,,,,,,,,,,,,,,,,,,,,,,,,,,,,,,,,,,,,,,,,,,,,,,,,,,,,,,,,,
2026-04-05T17:31:08.089783Z,"{'#attributes': {'Qualifiers': 32768}, '#text': 1018}",WIN-TTCPK05807O,Microsoft-Windows-Security-SPP,Application,637,4,,,,,,,,,,,,,,,,,0x00000001,,,,,,,,,,,,,,,,,,,,,,,,,,,,,,,,,,,,,,,,,,,,,,,,,,,,,,,,,,,,,,,,,,
2026-04-05T17:31:08.090547Z,"{'#attributes': {'Qualifiers': 32768}, '#text': 1016}",WIN-TTCPK05807O,Microsoft-Windows-Security-SPP,Application,638,4,,,,,,,,,,,,,,,,,0x00000000,,,,,,,,,,,,,,,,,,,,,,,,,,,,,,,,,,,,,,,,,,,,,,,,,,,,,,,,,,,,,,,,,,
2026-04-05T17:31:39.351133Z,"{'#attributes': {'Qualifiers': 16384}, '#text': 16384}",WIN-TTCPK05807O,Microsoft-Windows-Security-SPP,Application,639,4,,,,,,,,,,,,,,,,,,2026-04-06T17:25:39Z,RulesEngine,,,,,,,,,,,,,,,,,,,,,,,,,,,,,,,,,,,,,,,,,,,,,,,,,,,,,,,,,,,,,,,,
2026-04-05T17:38:08.098902Z,"{'#attributes': {'Qualifiers': 49152}, '#text': 16394}",WIN-TTCPK05807O,Microsoft-Windows-Security-SPP,Application,640,4,,,,,,,,,,,,,,,,,,,,,,,,,,,,,,,,,,,,,,,,,,,,,,,,,,,,,,,,,,,,,,,,,,,,,,,,,,,,,,,,,,,
2026-04-05T17:38:08.179915Z,"{'#attributes': {'Qualifiers': 49152}, '#text': 16397}",WIN-TTCPK05807O,Microsoft-Windows-Security-SPP,Application,641,4,,,,,,,,,,,,,,,,,0x0000A8AF,,,,,,,,,,,,,,,,,,,,,,,,,,,,,,,,,,,,,,,,,,,,,,,,,,,,,,,,,,,,,,,,,,
2026-04-05T17:38:39.288201Z,"{'#attributes': {'Qualifiers': 16384}, '#text': 16384}",WIN-TTCPK05807O,Microsoft-Windows-Security-SPP,Application,642,4,,,,,,,,,,,,,,,,,,2026-04-06T17:25:39Z,RulesEngine,,,,,,,,,,,,,,,,,,,,,,,,,,,,,,,,,,,,,,,,,,,,,,,,,,,,,,,,,,,,,,,,
2026-04-05T17:42:28.503456Z,1001,WIN-TTCPK05807O,Windows Error Reporting,Application,643,4,,,,,,,,0,,,0,0,,,,,,,,,,,,,,,,,,,,,WindowsWcpOtherFailure3,,,,,,,10.0.26100.32500:3,,wcp\componentstore\scavenge.cpp,ComponentStore::CRawStoreLayout::RetainFileAsVersion,1832,c015001b,0x11d1ddee,,,,,,,,0,b5b10ba8-3bb1-4aa3-8811-a9c1907edcf8,4,Not available,,,,,\\?\C:\ProgramData\Microsoft\Windows\WER\ReportQueue\Critical_10.0.26100.32500_a1a291279c62c3e35b77323d37e5a08842cb30_00000000_b5b10ba8-3bb1-4aa3-8811-a9c1907edcf8,,,,,,,,,,,,,,,,,,,,,
2026-04-05T17:42:28.509503Z,1001,WIN-TTCPK05807O,Windows Error Reporting,Application,644,4,,,,,"
\\?\C:\Windows\Logs\CBS\CBS.log
\\?\C:\Windows\Logs\CBS\CbsPersist_20260405172018.cab
\\?\C:\Windows\Logs\CBS\CbsPersist_20260405171013.cab
\\?\C:\WINDOWS\servicing\Sessions\Sessions.xml
\\?\C:\WINDOWS\WinSxs\poqexec.log
\\?\C:\WINDOWS\Logs\Cbs\FilterList.log",,,0,,,0,0,,,,,,,,,,,,,,,,,,,,,WindowsWcpOtherFailure3,,,,,,,10.0.26100.32500:3,,wcp\componentstore\scavenge.cpp,ComponentStore::CRawStoreLayout::RetainFileAsVersion,1832,c015001b,0x11d1ddee,,,,,,,,0,b5b10ba8-3bb1-4aa3-8811-a9c1907edcf8,262148,Not available,,,,,NULL,,,,,,,,,,,,,,,,,,,,,
2026-04-05T17:42:30.305480Z,1001,WIN-TTCPK05807O,Windows Error Reporting,Application,645,4,,,,,"
\\?\C:\ProgramData\Microsoft\Windows\WER\Temp\WER.19f5bc45-6b41-4c5b-a121-5fb5f33c84ac.tmp.WERInternalMetadata.xml",,1370772130264752683,5,,,0,0,,,,,,,,,,,,,,,,,,,,,WindowsWcpOtherFailure3,,09290f28ae6a8d3bb305f5fd646fa22b,,,,,10.0.26100.32500:3,,wcp\componentstore\scavenge.cpp,ComponentStore::CRawStoreLayout::RetainFileAsVersion,1832,c015001b,0x11d1ddee,,,,,,,,0,b5b10ba8-3bb1-4aa3-8811-a9c1907edcf8,268435456,Not available,,,,,\\?\C:\ProgramData\Microsoft\Windows\WER\ReportArchive\Critical_10.0.26100.32500_a1a291279c62c3e35b77323d37e5a08842cb30_00000000_b5b10ba8-3bb1-4aa3-8811-a9c1907edcf8,,,,,,,,,,,,,,,,,,,,,
2026-04-05T17:47:19.143702Z,"{'#attributes': {'Qualifiers': 0}, '#text': 4097}",WIN-TTCPK05807O,Microsoft-Windows-CAPI2,Application,646,4,,,,,,,,,,,,,,,,,,"CN=DigiCert Assured ID Root CA, OU=www.digicert.com, O=DigiCert Inc, C=US",0563B8630D62D75ABBC8AB1E4BDFB5A899B24D43,,,,,,,,,,,,,,,,,,,,,,,,,,,,,,,,,,,,,,,,,,,,,,,,,,,,,,,,,,,,,,,,
2026-04-05T17:47:21.003354Z,"{'#attributes': {'Qualifiers': 0}, '#text': 1040}",WIN-TTCPK05807O,MsiInstaller,Application,647,4,,,,,,,,,,,,,,,,,,C:\ProgramData\Package Cache\{73F77E4E-5A17-46E5-A5FC-8A061047725F}v14.36.32532\packages\vcRuntimeMinimum_x86\vc_runtimeMinimum_x86.msi,704,(NULL),(NULL),(NULL),(NULL),,,,,,,,,,,,,,,,,,,,,,,,,,,,,,,,,,,,,,,,,,,,,,,,,,,,,,,,,,,,
2026-04-05T17:47:21.728164Z,"{'#attributes': {'Qualifiers': 0}, '#text': 11707}",WIN-TTCPK05807O,MsiInstaller,Application,648,4,,,,,,7B37334637374534452D354131372D343645352D413546432D3841303631303437373235467D,,,,,,,,,,,,Product: Microsoft Visual C++ 2022 X86 Minimum Runtime - 14.36.32532 -- Installation completed successfully.,(NULL),(NULL),(NULL),(NULL),(NULL),,,,,,,,,,,,,,,,,,,,,,,,,,,,,,,,,,,,,,,,,,,,,,,,,,,,,,,,,,,,
2026-04-05T17:47:21.728632Z,"{'#attributes': {'Qualifiers': 0}, '#text': 1033}",WIN-TTCPK05807O,MsiInstaller,Application,649,4,,,,,,7B37334637374534452D354131372D343645352D413546432D3841303631303437373235467D3030303062613862303333663633626261363138383331393166346338393436306162663030303030393034,,,,,,,,,,,,Microsoft Visual C++ 2022 X86 Minimum Runtime - 14.36.32532,14.36.32532,1033,0,Microsoft Corporation,(NULL),,,,,,,,,,,,,,,,,,,,,,,,,,,,,,,,,,,,,,,,,,,,,,,,,,,,,,,,,,,,
2026-04-05T17:47:21.743057Z,"{'#attributes': {'Qualifiers': 0}, '#text': 1042}",WIN-TTCPK05807O,MsiInstaller,Application,650,4,,,,,,,,,,,,,,,,,,C:\ProgramData\Package Cache\{73F77E4E-5A17-46E5-A5FC-8A061047725F}v14.36.32532\packages\vcRuntimeMinimum_x86\vc_runtimeMinimum_x86.msi,704,(NULL),(NULL),(NULL),(NULL),,,,,,,,,,,,,,,,,,,,,,,,,,,,,,,,,,,,,,,,,,,,,,,,,,,,,,,,,,,,
2026-04-05T17:47:21.766585Z,"{'#attributes': {'Qualifiers': 0}, '#text': 1040}",WIN-TTCPK05807O,MsiInstaller,Application,651,4,,,,,,,,,,,,,,,,,,C:\ProgramData\Package Cache\{C2C59CAB-8766-4ABD-A8EF-1151A36C41E5}v14.36.32532\packages\vcRuntimeAdditional_x86\vc_runtimeAdditional_x86.msi,704,(NULL),(NULL),(NULL),(NULL),,,,,,,,,,,,,,,,,,,,,,,,,,,,,,,,,,,,,,,,,,,,,,,,,,,,,,,,,,,,
2026-04-05T17:47:22.279424Z,"{'#attributes': {'Qualifiers': 0}, '#text': 11707}",WIN-TTCPK05807O,MsiInstaller,Application,652,4,,,,,,7B43324335394341422D383736362D344142442D413845462D3131353141333643343145357D,,,,,,,,,,,,Product: Microsoft Visual C++ 2022 X86 Additional Runtime - 14.36.32532 -- Installation completed successfully.,(NULL),(NULL),(NULL),(NULL),(NULL),,,,,,,,,,,,,,,,,,,,,,,,,,,,,,,,,,,,,,,,,,,,,,,,,,,,,,,,,,,,
2026-04-05T17:47:22.279959Z,"{'#attributes': {'Qualifiers': 0}, '#text': 1033}",WIN-TTCPK05807O,MsiInstaller,Application,653,4,,,,,,7B43324335394341422D383736362D344142442D413845462D3131353141333643343145357D3030303037393031623435366364356638316363376631613631326632353836363337333030303030393034,,,,,,,,,,,,Microsoft Visual C++ 2022 X86 Additional Runtime - 14.36.32532,14.36.32532,1033,0,Microsoft Corporation,(NULL),,,,,,,,,,,,,,,,,,,,,,,,,,,,,,,,,,,,,,,,,,,,,,,,,,,,,,,,,,,,
2026-04-05T17:47:22.295947Z,"{'#attributes': {'Qualifiers': 0}, '#text': 1042}",WIN-TTCPK05807O,MsiInstaller,Application,654,4,,,,,,,,,,,,,,,,,,C:\ProgramData\Package Cache\{C2C59CAB-8766-4ABD-A8EF-1151A36C41E5}v14.36.32532\packages\vcRuntimeAdditional_x86\vc_runtimeAdditional_x86.msi,704,(NULL),(NULL),(NULL),(NULL),,,,,,,,,,,,,,,,,,,,,,,,,,,,,,,,,,,,,,,,,,,,,,,,,,,,,,,,,,,,
2026-04-05T17:47:21.353761Z,10000,WIN-TTCPK05807O,Microsoft-Windows-RestartManager,Application,655,4,,,,,,,,,,,,,,,,,,,,,,,,,,,,,,,,,,,,,,,,,,,,,,,,,,,,,,,,,,0,,,,,,2026-04-05T17:47:21.352148Z,,,,http://www.microsoft.com/2005/08/Windows/Reliability/RestartManager/,,,,,,,,,,,,,,,
2026-04-05T17:47:21.735204Z,10001,WIN-TTCPK05807O,Microsoft-Windows-RestartManager,Application,656,4,,,,,,,,,,,,,,,,,,,,,,,,,,,,,,,,,,,,,,,,,,,,,,,,,,,,,,,,,,0,,,,,,2026-04-05T17:47:21.352148Z,,,,http://www.microsoft.com/2005/08/Windows/Reliability/RestartManager/,,,,,,,,,,,,,,,
2026-04-05T17:47:21.812413Z,10000,WIN-TTCPK05807O,Microsoft-Windows-RestartManager,Application,657,4,,,,,,,,,,,,,,,,,,,,,,,,,,,,,,,,,,,,,,,,,,,,,,,,,,,,,,,,,,0,,,,,,2026-04-05T17:47:21.812217Z,,,,http://www.microsoft.com/2005/08/Windows/Reliability/RestartManager/,,,,,,,,,,,,,,,
2026-04-05T17:47:22.287842Z,10001,WIN-TTCPK05807O,Microsoft-Windows-RestartManager,Application,658,4,,,,,,,,,,,,,,,,,,,,,,,,,,,,,,,,,,,,,,,,,,,,,,,,,,,,,,,,,,0,,,,,,2026-04-05T17:47:21.812217Z,,,,http://www.microsoft.com/2005/08/Windows/Reliability/RestartManager/,,,,,,,,,,,,,,,
2026-04-05T17:47:23.433189Z,"{'#attributes': {'Qualifiers': 0}, '#text': 1040}",WIN-TTCPK05807O,MsiInstaller,Application,659,4,,,,,,,,,,,,,,,,,,C:\ProgramData\Package Cache\{D5D19E2F-7189-42FE-8103-92CD1FA457C2}v14.36.32532\packages\vcRuntimeMinimum_amd64\vc_runtimeMinimum_x64.msi,3960,(NULL),(NULL),(NULL),(NULL),,,,,,,,,,,,,,,,,,,,,,,,,,,,,,,,,,,,,,,,,,,,,,,,,,,,,,,,,,,,
2026-04-05T17:47:23.830641Z,"{'#attributes': {'Qualifiers': 0}, '#text': 11707}",WIN-TTCPK05807O,MsiInstaller,Application,660,4,,,,,,7B44354431394532462D373138392D343246452D383130332D3932434431464134353743327D,,,,,,,,,,,,Product: Microsoft Visual C++ 2022 X64 Minimum Runtime - 14.36.32532 -- Installation completed successfully.,(NULL),(NULL),(NULL),(NULL),(NULL),,,,,,,,,,,,,,,,,,,,,,,,,,,,,,,,,,,,,,,,,,,,,,,,,,,,,,,,,,,,
2026-04-05T17:47:23.831113Z,"{'#attributes': {'Qualifiers': 0}, '#text': 1033}",WIN-TTCPK05807O,MsiInstaller,Application,661,4,,,,,,7B44354431394532462D373138392D343246452D383130332D3932434431464134353743327D3030303066303031656662333437376239363330323764316239393263346162623963393030303030393034,,,,,,,,,,,,Microsoft Visual C++ 2022 X64 Minimum Runtime - 14.36.32532,14.36.32532,1033,0,Microsoft Corporation,(NULL),,,,,,,,,,,,,,,,,,,,,,,,,,,,,,,,,,,,,,,,,,,,,,,,,,,,,,,,,,,,
2026-04-05T17:47:23.844662Z,"{'#attributes': {'Qualifiers': 0}, '#text': 1042}",WIN-TTCPK05807O,MsiInstaller,Application,662,4,,,,,,,,,,,,,,,,,,C:\ProgramData\Package Cache\{D5D19E2F-7189-42FE-8103-92CD1FA457C2}v14.36.32532\packages\vcRuntimeMinimum_amd64\vc_runtimeMinimum_x64.msi,3960,(NULL),(NULL),(NULL),(NULL),,,,,,,,,,,,,,,,,,,,,,,,,,,,,,,,,,,,,,,,,,,,,,,,,,,,,,,,,,,,
2026-04-05T17:47:23.865332Z,"{'#attributes': {'Qualifiers': 0}, '#text': 1040}",WIN-TTCPK05807O,MsiInstaller,Application,663,4,,,,,,,,,,,,,,,,,,C:\ProgramData\Package Cache\{0025DD72-A959-45B5-A0A3-7EFEB15A8050}v14.36.32532\packages\vcRuntimeAdditional_amd64\vc_runtimeAdditional_x64.msi,3960,(NULL),(NULL),(NULL),(NULL),,,,,,,,,,,,,,,,,,,,,,,,,,,,,,,,,,,,,,,,,,,,,,,,,,,,,,,,,,,,
2026-04-05T17:47:24.393455Z,"{'#attributes': {'Qualifiers': 0}, '#text': 11707}",WIN-TTCPK05807O,MsiInstaller,Application,664,4,,,,,,7B30303235444437322D413935392D343542352D413041332D3745464542313541383035307D,,,,,,,,,,,,Product: Microsoft Visual C++ 2022 X64 Additional Runtime - 14.36.32532 -- Installation completed successfully.,(NULL),(NULL),(NULL),(NULL),(NULL),,,,,,,,,,,,,,,,,,,,,,,,,,,,,,,,,,,,,,,,,,,,,,,,,,,,,,,,,,,,
2026-04-05T17:47:24.393908Z,"{'#attributes': {'Qualifiers': 0}, '#text': 1033}",WIN-TTCPK05807O,MsiInstaller,Application,665,4,,,,,,7B30303235444437322D413935392D343542352D413041332D3745464542313541383035307D3030303031313562623830666134303132373930656430313337353563633832376435653030303030393034,,,,,,,,,,,,Microsoft Visual C++ 2022 X64 Additional Runtime - 14.36.32532,14.36.32532,1033,0,Microsoft Corporation,(NULL),,,,,,,,,,,,,,,,,,,,,,,,,,,,,,,,,,,,,,,,,,,,,,,,,,,,,,,,,,,,
2026-04-05T17:47:24.407220Z,"{'#attributes': {'Qualifiers': 0}, '#text': 1042}",WIN-TTCPK05807O,MsiInstaller,Application,666,4,,,,,,,,,,,,,,,,,,C:\ProgramData\Package Cache\{0025DD72-A959-45B5-A0A3-7EFEB15A8050}v14.36.32532\packages\vcRuntimeAdditional_amd64\vc_runtimeAdditional_x64.msi,3960,(NULL),(NULL),(NULL),(NULL),,,,,,,,,,,,,,,,,,,,,,,,,,,,,,,,,,,,,,,,,,,,,,,,,,,,,,,,,,,,
2026-04-05T17:47:23.478657Z,10000,WIN-TTCPK05807O,Microsoft-Windows-RestartManager,Application,667,4,,,,,,,,,,,,,,,,,,,,,,,,,,,,,,,,,,,,,,,,,,,,,,,,,,,,,,,,,,0,,,,,,2026-04-05T17:47:23.478539Z,,,,http://www.microsoft.com/2005/08/Windows/Reliability/RestartManager/,,,,,,,,,,,,,,,
2026-04-05T17:47:23.836800Z,10001,WIN-TTCPK05807O,Microsoft-Windows-RestartManager,Application,668,4,,,,,,,,,,,,,,,,,,,,,,,,,,,,,,,,,,,,,,,,,,,,,,,,,,,,,,,,,,0,,,,,,2026-04-05T17:47:23.478539Z,,,,http://www.microsoft.com/2005/08/Windows/Reliability/RestartManager/,,,,,,,,,,,,,,,
2026-04-05T17:47:23.910946Z,10000,WIN-TTCPK05807O,Microsoft-Windows-RestartManager,Application,669,4,,,,,,,,,,,,,,,,,,,,,,,,,,,,,,,,,,,,,,,,,,,,,,,,,,,,,,,,,,0,,,,,,2026-04-05T17:47:23.909911Z,,,,http://www.microsoft.com/2005/08/Windows/Reliability/RestartManager/,,,,,,,,,,,,,,,
2026-04-05T17:47:24.399365Z,10001,WIN-TTCPK05807O,Microsoft-Windows-RestartManager,Application,670,4,,,,,,,,,,,,,,,,,,,,,,,,,,,,,,,,,,,,,,,,,,,,,,,,,,,,,,,,,,0,,,,,,2026-04-05T17:47:23.909911Z,,,,http://www.microsoft.com/2005/08/Windows/Reliability/RestartManager/,,,,,,,,,,,,,,,
2026-04-05T17:47:41.309879Z,"{'#attributes': {'Qualifiers': 0}, '#text': 1040}",WIN-TTCPK05807O,MsiInstaller,Application,671,4,,,,,,,,,,,,,,,,,,C:\Program Files\Common Files\VMware\InstallerCache\{27B78D8E-F8B9-4AF5-BF9C-8DDD583EAB6B}.msi,3816,(NULL),(NULL),(NULL),(NULL),,,,,,,,,,,,,,,,,,,,,,,,,,,,,,,,,,,,,,,,,,,,,,,,,,,,,,,,,,,,
2026-04-05T17:47:56.555989Z,"{'#attributes': {'Qualifiers': 49152}, '#text': 16394}",WIN-TTCPK05807O,Microsoft-Windows-Security-SPP,Application,672,4,,,,,,,,,,,,,,,,,,,,,,,,,,,,,,,,,,,,,,,,,,,,,,,,,,,,,,,,,,,,,,,,,,,,,,,,,,,,,,,,,,,
2026-04-05T17:47:56.588325Z,"{'#attributes': {'Qualifiers': 49152}, '#text': 16397}",WIN-TTCPK05807O,Microsoft-Windows-Security-SPP,Application,673,4,,,,,,,,,,,,,,,,,0x0000A8A5,,,,,,,,,,,,,,,,,,,,,,,,,,,,,,,,,,,,,,,,,,,,,,,,,,,,,,,,,,,,,,,,,,
2026-04-05T17:47:56.697328Z,"{'#attributes': {'Qualifiers': 49152}, '#text': 8198}",WIN-TTCPK05807O,Microsoft-Windows-Security-SPP,Application,674,2,,,,,,,,,,,,,,,,,,hr=0x80004005,RuleId=31e71c49-8da7-4a2f-ad92-45d98a1c79ba;Action=AutoActivate;AppId=55c92734-d682-4d71-983e-d6ec3f16059f;SkuId=10d661ba-f2e3-445c-8e92-200e1e05e9e1;NotificationInterval=1440;Trigger=NetworkAvailable,,,,,,,,,,,,,,,,,,,,,,,,,,,,,,,,,,,,,,,,,,,,,,,,,,,,,,,,,,,,,,,,
2026-04-05T17:47:58.507049Z,"{'#attributes': {'Qualifiers': 49152}, '#text': 8198}",WIN-TTCPK05807O,Microsoft-Windows-Security-SPP,Application,675,2,,,,,,,,,,,,,,,,,,hr=0x80004005,RuleId=31e71c49-8da7-4a2f-ad92-45d98a1c79ba;Action=AutoActivate;AppId=55c92734-d682-4d71-983e-d6ec3f16059f;SkuId=10d661ba-f2e3-445c-8e92-200e1e05e9e1;NotificationInterval=1440;Trigger=NetworkAvailable,,,,,,,,,,,,,,,,,,,,,,,,,,,,,,,,,,,,,,,,,,,,,,,,,,,,,,,,,,,,,,,,
2026-04-05T17:48:05.219806Z,1023,WIN-TTCPK05807O,Microsoft-Windows-Perflib,Application,676,2,,,,,,,,,,,,,,,,,,,,,,,,,,,,,,,,,,,,,C:\Windows\System32\perfts.dll,,,,,,,,,,,,,,,,,,,,,,,,,,,,,126,,,,,,,,,,,,,,,,,
2026-04-05T17:48:06.821356Z,"{'#attributes': {'Qualifiers': 0}, '#text': 105}",WIN-TTCPK05807O,VMTools,Application,677,4,,,,,,,,,,,,,,,,,,,,,,,,,,,,,,,,,,,,,,,,,,,,,,,,,,,,,,,,,,,,,,,,,,,,,,,,,,,,,,,,,,,
2026-04-05T17:48:07.747068Z,"{'#attributes': {'Qualifiers': 16384}, '#text': 781}",WIN-TTCPK05807O,Microsoft-Windows-Complus,Application,678,4,,,,,,,,,,,,,,,,,,,,,,,,,,,,,,,,,,,,,,,,,,,,,,,,,,,,,,,,,,,,,,,,,,,,,,,,86400,,,,SuppressDuplicateDuration,Software\Microsoft\COM3\Eventlog,,,,,,
2026-04-05T17:48:13.798634Z,"{'#attributes': {'Qualifiers': 0}, '#text': 1038}",WIN-TTCPK05807O,MsiInstaller,Application,679,4,,,,,,7B32374237384438452D463842392D344146352D424639432D3844444435383345414236427D3030303064626237386636313761323561366133333135613963616334633533333266363030303030393034,,,,,,,,,,,,VMware Tools,12.3.5.22544099,1033,1,2,"VMware, Inc.",,,,,,,,,,,,,,,,,,,,,,,,,,,,,,,,,,,,,,,,,,,,,,,,,,,,,,,,,,,,
2026-04-05T17:48:13.825745Z,"{'#attributes': {'Qualifiers': 0}, '#text': 1042}",WIN-TTCPK05807O,MsiInstaller,Application,680,4,,,,,,,,,,,,,,,,,,C:\Program Files\Common Files\VMware\InstallerCache\{27B78D8E-F8B9-4AF5-BF9C-8DDD583EAB6B}.msi,3816,(NULL),(NULL),(NULL),(NULL),,,,,,,,,,,,,,,,,,,,,,,,,,,,,,,,,,,,,,,,,,,,,,,,,,,,,,,,,,,,
2026-04-05T17:48:28.035791Z,"{'#attributes': {'Qualifiers': 0}, '#text': 11707}",WIN-TTCPK05807O,MsiInstaller,Application,681,4,,,,,,7B32374237384438452D463842392D344146352D424639432D3844444435383345414236427D,,,,,,,,,,,,Product: VMware Tools -- Installation completed successfully.,(NULL),(NULL),(NULL),(NULL),(NULL),,,,,,,,,,,,,,,,,,,,,,,,,,,,,,,,,,,,,,,,,,,,,,,,,,,,,,,,,,,,
2026-04-05T17:48:28.036491Z,"{'#attributes': {'Qualifiers': 0}, '#text': 1033}",WIN-TTCPK05807O,MsiInstaller,Application,682,4,,,,,,7B32374237384438452D463842392D344146352D424639432D3844444435383345414236427D3030303064626237386636313761323561366133333135613963616334633533333266363030303030393034,,,,,,,,,,,,VMware Tools,12.3.5.22544099,1033,0,"VMware, Inc.",(NULL),,,,,,,,,,,,,,,,,,,,,,,,,,,,,,,,,,,,,,,,,,,,,,,,,,,,,,,,,,,,
2026-04-05T17:48:28.036980Z,"{'#attributes': {'Qualifiers': 0}, '#text': 1038}",WIN-TTCPK05807O,MsiInstaller,Application,683,4,,,,,,7B32374237384438452D463842392D344146352D424639432D3844444435383345414236427D3030303064626237386636313761323561366133333135613963616334633533333266363030303030393034,,,,,,,,,,,,VMware Tools,12.3.5.22544099,1033,2,0,"VMware, Inc.",,,,,,,,,,,,,,,,,,,,,,,,,,,,,,,,,,,,,,,,,,,,,,,,,,,,,,,,,,,,
2026-04-05T17:48:28.037473Z,"{'#attributes': {'Qualifiers': 0}, '#text': 1029}",WIN-TTCPK05807O,MsiInstaller,Application,684,4,,,,,,7B32374237384438452D463842392D344146352D424639432D3844444435383345414236427D2C2033303130,,,,,,,,,,,,VMware Tools,(NULL),(NULL),(NULL),(NULL),(NULL),,,,,,,,,,,,,,,,,,,,,,,,,,,,,,,,,,,,,,,,,,,,,,,,,,,,,,,,,,,,
2026-04-05T17:48:28.590689Z,"{'#attributes': {'Qualifiers': 16384}, '#text': 16384}",WIN-TTCPK05807O,Microsoft-Windows-Security-SPP,Application,685,4,,,,,,,,,,,,,,,,,,2026-04-06T17:47:28Z,RulesEngine,,,,,,,,,,,,,,,,,,,,,,,,,,,,,,,,,,,,,,,,,,,,,,,,,,,,,,,,,,,,,,,,
2026-04-05T17:48:58.972230Z,"{'#attributes': {'Qualifiers': 32768}, '#text': 6000}",WIN-TTCPK05807O,Microsoft-Windows-Winlogon,Application,686,4,,,,,,D9060000,,,,,,,,,,,SessionEnv,,,,,,,,,,,,,,,,,,,,,,,,,,,,,,,,,,,,,,,,,,,,,,,,,,,,,,,,,,,,,,,,,,
2026-04-05T17:49:00.105648Z,"{'#attributes': {'Qualifiers': 0}, '#text': 260}",WIN-TTCPK05807O,VMUpgradeHelper,Application,687,4,,,,,,,,,,,,,,,,,,,,,,,,,,,,,,,,,,,,,,,,,,,,,,,,,,,,,,,,,,,,,,,,,,,,,,,,,,,,,,,,,,,
2026-04-05T17:49:00.106051Z,"{'#attributes': {'Qualifiers': 0}, '#text': 272}",WIN-TTCPK05807O,VMUpgradeHelper,Application,688,4,,,,,,,,,,,,,,,,,,,,,,,,,,,,,,,,,,,,,,,,,,,,,,,,,,,,,,,,,,,,,,,,,,,,,,,,,,,,,,,,,,,
2026-04-05T17:49:00.112620Z,"{'#attributes': {'Qualifiers': 0}, '#text': 108}",WIN-TTCPK05807O,VMTools,Application,689,4,,,,,,,,,,,,,,,,,,,,,,,,,,,,,,,,,,,,,,,,,,,,,,,,,,,,,,,,,,,,,,,,,,,,,,,,,,,,,,,,,,,
2026-04-05T17:49:00.322044Z,"{'#attributes': {'Qualifiers': 16384}, '#text': 4111}",WIN-TTCPK05807O,Microsoft-Windows-MSDTC,Application,690,4,,,,,,4D005300440054004300,,,,,,,,,,,,,,,,,,,,,,,,,,,,,,,,,,,,,,,,,,,,,,,,,,,,,,,,,,,,,,,,,,,,,,,,,,,,,
2026-04-05T17:49:00.317054Z,1532,WIN-TTCPK05807O,Microsoft-Windows-User Profiles Service,Application,691,4,,,,,,,,,,,,,,,,,,,,,,,,,,,,,,,,,,,,,,,,,,,,,,,,,,,,,,,,,,,,,,,,,,,,,,,,,,,,,,,,,,,
2026-04-05T17:50:53.417933Z,1531,WIN-TTCPK05807O,Microsoft-Windows-User Profiles Service,Application,692,4,,,,,,,,,,,,,,,,,,,,,,,,,,,,,,,,,,,,,,,,,,,,,,,,,,,,,,,,,,,,,,,,,,,,,,,,,,,,,,,,,,,
2026-04-05T17:50:56.414438Z,5615,WIN-TTCPK05807O,Microsoft-Windows-WMI,Application,693,4,,,,,,,,,,,,,,,,,,,,,,,,,,,,,,,,,,,,,,,,,,,,,,,,,,,,,,,,,,,,,,,,,,,,,,,,,,,,,,,,,,,
2026-04-05T17:50:58.149979Z,"{'#attributes': {'Qualifiers': 0}, '#text': 105}",WIN-TTCPK05807O,VMTools,Application,694,4,,,,,,,,,,,,,,,,,,,,,,,,,,,,,,,,,,,,,,,,,,,,,,,,,,,,,,,,,,,,,,,,,,,,,,,,,,,,,,,,,,,
2026-04-05T17:51:02.720267Z,"{'#attributes': {'Qualifiers': 16384}, '#text': 781}",WIN-TTCPK05807O,Microsoft-Windows-Complus,Application,695,4,,,,,,,,,,,,,,,,,,,,,,,,,,,,,,,,,,,,,,,,,,,,,,,,,,,,,,,,,,,,,,,,,,,,,,,,86400,,,,SuppressDuplicateDuration,Software\Microsoft\COM3\Eventlog,,,,,,
2026-04-05T17:51:04.771487Z,"{'#attributes': {'Qualifiers': 16384}, '#text': 4202}",WIN-TTCPK05807O,Microsoft-Windows-MSDTC 2,Application,696,4,,,,,,,,,,,,,,,,,,,,,,,,,,,,,,,,,,,,,,,,,,,,,,,,,,,,,,,,,,,,,,,,,,,,,,,,0,0,0,1,0,0,0,0,0,1,Mutual Authentication Required,NT AUTHORITY\NetworkService
2026-04-05T17:51:04.332327Z,5617,WIN-TTCPK05807O,Microsoft-Windows-WMI,Application,697,4,,,,,,,,,,,,,,,,,,,,,,,,,,,,,,,,,,,,,,,,,,,,,,,,,,,,,,,,,,,,,,,,,,,,,,,,,,,,,,,,,,,
2026-04-05T17:51:06.346458Z,"{'#attributes': {'Qualifiers': 0}, '#text': 258}",WIN-TTCPK05807O,VMUpgradeHelper,Application,698,4,,,,,,,,,,,,,,,,,,,,,,,,,,,,,,,,,,,,,,,,,,,,,,,,,,,,,,,,,,,,,,,,,,,,,,,,,,,,,,,,,,,
2026-04-05T17:51:07.267699Z,"{'#attributes': {'Qualifiers': 16384}, '#text': 900}",WIN-TTCPK05807O,Microsoft-Windows-Security-SPP,Application,699,4,,,,,,,,,,,,,,,,,TriggerStarted:6,,,,,,,,,,,,,,,,,,,,,,,,,,,,,,,,,,,,,,,,,,,,,,,,,,,,,,,,,,,,,,,,,,
2026-04-05T17:51:07.311466Z,"{'#attributes': {'Qualifiers': 0}, '#text': 271}",WIN-TTCPK05807O,VMUpgradeHelper,Application,700,4,,,,,,,,,,,,,,,,,,,,,,,,,,,,,,,,,,,,,,,,,,,,,,,,,,,,,,,,,,,,,,,,,,,,,,,,,,,,,,,,,,,
2026-04-05T17:51:08.546969Z,"{'#attributes': {'Qualifiers': 49152}, '#text': 16394}",WIN-TTCPK05807O,Microsoft-Windows-Security-SPP,Application,701,4,,,,,,,,,,,,,,,,,,,,,,,,,,,,,,,,,,,,,,,,,,,,,,,,,,,,,,,,,,,,,,,,,,,,,,,,,,,,,,,,,,,
2026-04-05T17:51:09.005009Z,"{'#attributes': {'Qualifiers': 16384}, '#text': 1066}",WIN-TTCPK05807O,Microsoft-Windows-Security-SPP,Application,702,4,,,,,,,,,,,,,,,,,"C:\WINDOWS\system32\sppwinob.dll, msft:spp/windowsfunctionality/agent/7.0, 0x00000000, 0x00000000
C:\WINDOWS\system32\sppobjs.dll, msft:rm/algorithm/inherited/1.0, 0x00000000, 0x00000000
C:\WINDOWS\system32\sppobjs.dll, msft:rm/algorithm/phone/1.0, 0x00000000, 0x00000000
C:\WINDOWS\system32\sppobjs.dll, msft:rm/algorithm/pkey/detect, 0x00000000, 0x00000000
C:\WINDOWS\system32\sppobjs.dll, msft:spp/ActionScheduler/1.0, 0x00000000, 0x00000000
C:\WINDOWS\system32\sppobjs.dll, msft:spp/TaskScheduler/1.0, 0x00000000, 0x00000000
C:\WINDOWS\system32\sppobjs.dll, msft:spp/statecollector/pkey, 0x00000000, 0x00000000
C:\WINDOWS\system32\sppobjs.dll, msft:spp/volume/services/kms/1.0, 0x00000000, 0x00000000
C:\WINDOWS\system32\sppobjs.dll, msft:spp/volume/services/kms/activationinfo/1.0, 0x00000000, 0x00000000
",,,,,,,,,,,,,,,,,,,,,,,,,,,,,,,,,,,,,,,,,,,,,,,,,,,,,,,,,,,,,,,,,,
2026-04-05T17:51:09.019015Z,"{'#attributes': {'Qualifiers': 49152}, '#text': 16397}",WIN-TTCPK05807O,Microsoft-Windows-Security-SPP,Application,703,4,,,,,,,,,,,,,,,,,0x0000A8A2,,,,,,,,,,,,,,,,,,,,,,,,,,,,,,,,,,,,,,,,,,,,,,,,,,,,,,,,,,,,,,,,,,
2026-04-05T17:51:09.308745Z,"{'#attributes': {'Qualifiers': 16384}, '#text': 1003}",WIN-TTCPK05807O,Microsoft-Windows-Security-SPP,Application,704,4,,,,,,,,,,,,,,,,,,55c92734-d682-4d71-983e-d6ec3f16059f,"
1: 0b646350-5349-4013-b1be-4100d1a7fa38, 1, 0 [(0 [0xC004F014, 0, 0], [(?)(?)(?)(?)(?)(?)(?)(?)])(1 )(2 )(3 )]
2: 10d661ba-f2e3-445c-8e92-200e1e05e9e1, 1, 1 [(0 )(1 )(2 [0xC004E003, 0, 0], [( 1 0xC004F034)( 1 0xC004F034)(?)(?)(?)(?)(?)(?)])(3 [0x00000000, 0, 0], [( 6 0xC004F009 0 0)( 1 0x00000000)( 6 0xC004F009 0 0)(?)(?)(?)( 10 0x00000000 msft:rm/algorithm/flags/1.0)( 11 0x00000000 0xC004F034)])]
3: 2033816d-9d16-44bb-8f08-412ff45f38bf, 1, 0 [(0 [0xC004F014, 0, 0], [(?)(?)(?)(?)(?)(?)(?)(?)])(1 )(2 )(3 )]
4: 653ae55c-1d53-427b-be51-15bc1841fca7, 1, 0 [(0 [0xC004F014, 0, 0], [(?)(?)(?)(?)(?)(?)(?)(?)])(1 )(2 )(3 )]
5: 66c20db7-ff1e-4f87-a915-4e03715da35f, 1, 0 [(0 [0xC004F014, 0, 0], [(?)(?)(?)(?)(?)(?)(?)(?)])(1 )(2 )(3 )]
6: 6bad0243-1c35-46b2-b8e6-7a853e37413f, 1, 0 [(0 [0xC004F014, 0, 0], [(?)(?)(?)(?)(?)(?)(?)(?)])(1 )(2 )(3 )]
7: 82fcf64d-f9dd-4411-9c79-f2eed16d4eb8, 1, 0 [(0 [0xC004F014, 0, 0], [(?)(?)(?)(?)(?)(?)(?)(?)])(1 )(2 )(3 )]
8: 84e331f6-4279-48c4-ab10-b75139181351, 1, 0 [(0 [0xC004F014, 0, 0], [(?)(?)(?)(?)(?)(?)(?)(?)])(1 )(2 )(3 )]
9: 9e232465-2ade-4a33-a277-702010a84adb, 1, 0 [(0 [0xC004F014, 0, 0], [(?)(?)(?)(?)(?)(?)(?)(?)])(1 )(2 )(3 )]
10: a1da5f8f-7553-42c5-b0b4-6f27c4d74240, 1, 0 [(0 [0xC004F014, 0, 0], [(?)(?)(?)(?)(?)(?)(?)(?)])(1 )(2 )(3 )]
11: a2004bef-6ff1-48f9-8328-41ce1cd5ee79, 1, 0 [(0 [0xC004F014, 0, 0], [(?)(?)(?)(?)(?)(?)(?)(?)])(1 )(2 )(3 )]
12: c052f164-cdf6-409a-a0cb-853ba0f0f55a, 1, 0 [(0 [0xC004F014, 0, 0], [(?)(?)(?)(?)(?)(?)(?)(?)])(1 )(2 )(3 )]
13: e5b79126-7250-4d27-ad42-0eeb23db5771, 1, 0 [(0 [0xC004F014, 0, 0], [(?)(?)(?)(?)(?)(?)(?)(?)])(1 )(2 )(3 )]
14: f15a5790-90b7-4674-8fd4-e187ba426ad2, 1, 0 [(0 [0xC004F014, 0, 0], [(?)(?)(?)(?)(?)(?)(?)(?)])(1 )(2 )(3 )]

",,,,,,,,,,,,,,,,,,,,,,,,,,,,,,,,,,,,,,,,,,,,,,,,,,,,,,,,,,,,,,,,
2026-04-05T17:51:09.416207Z,"{'#attributes': {'Qualifiers': 16384}, '#text': 902}",WIN-TTCPK05807O,Microsoft-Windows-Security-SPP,Application,705,0,,,,,,,,,,,,,,,,,10.0.26100.32522,,,,,,,,,,,,,,,,,,,,,,,,,,,,,,,,,,,,,,,,,,,,,,,,,,,,,,,,,,,,,,,,,,
2026-04-05T17:51:09.853562Z,"{'#attributes': {'Qualifiers': 49152}, '#text': 8198}",WIN-TTCPK05807O,Microsoft-Windows-Security-SPP,Application,706,2,,,,,,,,,,,,,,,,,,hr=0x80004005,RuleId=31e71c49-8da7-4a2f-ad92-45d98a1c79ba;Action=AutoActivate;AppId=55c92734-d682-4d71-983e-d6ec3f16059f;SkuId=10d661ba-f2e3-445c-8e92-200e1e05e9e1;NotificationInterval=1440;Trigger=NetworkAvailable,,,,,,,,,,,,,,,,,,,,,,,,,,,,,,,,,,,,,,,,,,,,,,,,,,,,,,,,,,,,,,,,
2026-04-05T17:51:40.701318Z,"{'#attributes': {'Qualifiers': 16384}, '#text': 16384}",WIN-TTCPK05807O,Microsoft-Windows-Security-SPP,Application,707,4,,,,,,,,,,,,,,,,,,2026-04-06T17:50:40Z,RulesEngine,,,,,,,,,,,,,,,,,,,,,,,,,,,,,,,,,,,,,,,,,,,,,,,,,,,,,,,,,,,,,,,,
2026-04-05T17:51:40.810606Z,"{'#attributes': {'Qualifiers': 16384}, '#text': 903}",WIN-TTCPK05807O,Microsoft-Windows-Security-SPP,Application,708,0,,,,,,,,,,,,,,,,,,,,,,,,,,,,,,,,,,,,,,,,,,,,,,,,,,,,,,,,,,,,,,,,,,,,,,,,,,,,,,,,,,,
2026-04-05T17:53:00.034524Z,"{'#attributes': {'Qualifiers': 16384}, '#text': 900}",WIN-TTCPK05807O,Microsoft-Windows-Security-SPP,Application,709,4,,,,,,,,,,,,,,,,,<explicit>,,,,,,,,,,,,,,,,,,,,,,,,,,,,,,,,,,,,,,,,,,,,,,,,,,,,,,,,,,,,,,,,,,
2026-04-05T17:53:00.156947Z,"{'#attributes': {'Qualifiers': 49152}, '#text': 16394}",WIN-TTCPK05807O,Microsoft-Windows-Security-SPP,Application,710,4,,,,,,,,,,,,,,,,,,,,,,,,,,,,,,,,,,,,,,,,,,,,,,,,,,,,,,,,,,,,,,,,,,,,,,,,,,,,,,,,,,,
2026-04-05T17:53:00.241538Z,"{'#attributes': {'Qualifiers': 49152}, '#text': 16397}",WIN-TTCPK05807O,Microsoft-Windows-Security-SPP,Application,711,4,,,,,,,,,,,,,,,,,0x0000A8A0,,,,,,,,,,,,,,,,,,,,,,,,,,,,,,,,,,,,,,,,,,,,,,,,,,,,,,,,,,,,,,,,,,
2026-04-05T17:53:24.655410Z,1001,WIN-TTCPK05807O,Microsoft-Windows-LoadPerf,Application,712,4,,,,,,,,,,,,,,,,,,,,,,,,,,,,,,,,,,,,,,,,,,,,,,,,,,,,,,,,,,,,,,,,,,,,LoadPerf,D42E0000C4020000,8,,WmiApRpl,,,,WmiApRpl,,,,,,,
2026-04-05T17:53:24.739436Z,1000,WIN-TTCPK05807O,Microsoft-Windows-LoadPerf,Application,713,4,,,,,,,,,,,,,,,,,,,,,,,,,,,,,,,,,,,,,,,,,,,,,,,,,,,,,,,,,,,,,,,,,,,,LoadPerf,D62E0000A62F0000,8,,WmiApRpl,,,,WmiApRpl,,,,,,,
2026-04-05T17:53:30.410195Z,"{'#attributes': {'Qualifiers': 16384}, '#text': 16384}",WIN-TTCPK05807O,Microsoft-Windows-Security-SPP,Application,714,4,,,,,,,,,,,,,,,,,,2026-04-06T17:50:30Z,RulesEngine,,,,,,,,,,,,,,,,,,,,,,,,,,,,,,,,,,,,,,,,,,,,,,,,,,,,,,,,,,,,,,,,
2026-04-05T17:54:08.339890Z,"{'#attributes': {'Qualifiers': 0}, '#text': 8224}",WIN-TTCPK05807O,VSS,Application,715,4,,,,,,2D20436F64653A2020434F525356434330303030303737322D2043616C6C3A2020434F525356434330303030303735342D205049443A202030303030343034382D205449443A202030303030313633362D20434D443A2020433A5C57494E444F57535C73797374656D33325C76737376632E6578652020202D20557365723A204E616D653A204E5420415554484F524954595C53595354454D2C205349443A532D312D352D313820,,,,,,,,,,,,,,,,,,,,,,,,,,,,,,,,,,,,,,,,,,,,,,,,,,,,,,,,,,,,,,,,,,,,,,,,,,,,,
2026-04-05T17:55:06.046214Z,1001,WIN-TTCPK05807O,Microsoft-Windows-LoadPerf,Application,716,4,,,,,,,,,,,,,,,,,,,,,,,,,,,,,,,,,,,,,,,,,,,,,,,,,,,,,,,,,,,,,,,,,,,,LoadPerf,D42E0000C4020000,8,,WmiApRpl,,,,WmiApRpl,,,,,,,
2026-04-05T17:55:06.113802Z,1000,WIN-TTCPK05807O,Microsoft-Windows-LoadPerf,Application,717,4,,,,,,,,,,,,,,,,,,,,,,,,,,,,,,,,,,,,,,,,,,,,,,,,,,,,,,,,,,,,,,,,,,,,LoadPerf,D62E0000A62F0000,8,,WmiApRpl,,,,WmiApRpl,,,,,,,
2026-04-05T18:00:49.794347Z,"{'#attributes': {'Qualifiers': 49152}, '#text': 16394}",WIN-TTCPK05807O,Microsoft-Windows-Security-SPP,Application,718,4,,,,,,,,,,,,,,,,,,,,,,,,,,,,,,,,,,,,,,,,,,,,,,,,,,,,,,,,,,,,,,,,,,,,,,,,,,,,,,,,,,,
2026-04-05T18:00:49.850559Z,"{'#attributes': {'Qualifiers': 49152}, '#text': 16397}",WIN-TTCPK05807O,Microsoft-Windows-Security-SPP,Application,719,4,,,,,,,,,,,,,,,,,0x0000A898,,,,,,,,,,,,,,,,,,,,,,,,,,,,,,,,,,,,,,,,,,,,,,,,,,,,,,,,,,,,,,,,,,
2026-04-05T18:01:05.245755Z,"{'#attributes': {'Qualifiers': 0}, '#text': 1130}",WIN-TTCPK05807O,.NET Runtime Optimization Service,Application,720,0,,,,,,,,,,,,,,,,,.NET Runtime Optimization Service (4.0.30319.0) - Installed from repository: mscorlib,,,,,,,,,,,,,,,,,,,,,,,,,,,,,,,,,,,,,,,,,,,,,,,,,,,,,,,,,,,,,,,,,,
