TimeGenerated,EventID,Computer,Provider,Channel,RecordID,Level,AnalysisSymbol,AppType,AppVersion,Applications_Application,AttachedFiles,Binary,Bucket,BucketType,CACertIdentifier,CACommonName,CabGuid,CabId,Component,Context,DCName,DCSpecifier,Data_text,Data_text_0,Data_text_1,Data_text_2,Data_text_3,Data_text_4,Data_text_5,Data_text_6,Data_text_7,Data_text_8,DisplayName,Error,ErrorCode,ErrorMsg,ErrorString,Event,EventName,FullPath,HashedBucket,LDAPPath,Library,MethodName,Namespace,P1,P10,P2,P3,P4,P5,P6,P7,P8,P9,Pid,PolicyModuleDescription,Reason,RebootReasons,Rechecking,ReportId,ReportStatus,Response,RmSessionId,ServerID,ServerURL,Status,StorePath,TSSessionId,UTCStartTime,Version,Win32Error,attributes_Name,attributes_xmlns,binaryData,binaryDataSize,nApplications,param1,param10,param11,param12,param2,param3,param4,param5,param6,param7,param8,param9
2026-04-05T16:51:46.220230Z,"{'#attributes': {'Qualifiers': 16384}, '#text': 4111}",WIN-10087MEU94D,Microsoft-Windows-MSDTC,Application,104,4,,,,,,4D005300440054004300,,,,,,,,,,,,,,,,,,,,,,,,,,,,,,,,,,,,,,,,,,,,,,,,,,,,,,,,,,,,,,,,,,,,,,,,,,,,,
2026-04-05T16:52:24.718516Z,"{'#attributes': {'Qualifiers': 49152}, '#text': 16394}",WIN-10087MEU94D,Microsoft-Windows-Security-SPP,Application,105,4,,,,,,,,,,,,,,,,,,,,,,,,,,,,,,,,,,,,,,,,,,,,,,,,,,,,,,,,,,,,,,,,,,,,,,,,,,,,,,,,,,,
2026-04-05T16:52:24.976228Z,"{'#attributes': {'Qualifiers': 16384}, '#text': 12306}",WIN-10087MEU94D,Microsoft-Windows-Security-SPP,Application,106,4,,,,,,,,,,,,,,,,,,55c92734-d682-4d71-983e-d6ec3f16059f,(null),0,,,,,,,,,,,,,,,,,,,,,,,,,,,,,,,,,,,,,,,,,,,,,,,,,,,,,,,,,,,,,,,
2026-04-05T16:52:31.577045Z,"{'#attributes': {'Qualifiers': 32768}, '#text': 6000}",WIN-10087MEU94D,Microsoft-Windows-Winlogon,Application,107,4,,,,,,D9060000,,,,,,,,,,,SessionEnv,,,,,,,,,,,,,,,,,,,,,,,,,,,,,,,,,,,,,,,,,,,,,,,,,,,,,,,,,,,,,,,,,,
2026-04-05T16:52:31.675889Z,1532,WIN-10087MEU94D,Microsoft-Windows-User Profiles Service,Application,108,4,,,,,,,,,,,,,,,,,,,,,,,,,,,,,,,,,,,,,,,,,,,,,,,,,,,,,,,,,,,,,,,,,,,,,,,,,,,,,,,,,,,
2026-04-05T16:52:52.577297Z,1531,WIN-TTCPK05807O,Microsoft-Windows-User Profiles Service,Application,109,4,,,,,,,,,,,,,,,,,,,,,,,,,,,,,,,,,,,,,,,,,,,,,,,,,,,,,,,,,,,,,,,,,,,,,,,,,,,,,,,,,,,
2026-04-05T16:52:53.526208Z,5615,WIN-TTCPK05807O,Microsoft-Windows-WMI,Application,110,4,,,,,,,,,,,,,,,,,,,,,,,,,,,,,,,,,,,,,,,,,,,,,,,,,,,,,,,,,,,,,,,,,,,,,,,,,,,,,,,,,,,
2026-04-05T16:52:59.163331Z,5617,WIN-TTCPK05807O,Microsoft-Windows-WMI,Application,111,4,,,,,,,,,,,,,,,,,,,,,,,,,,,,,,,,,,,,,,,,,,,,,,,,,,,,,,,,,,,,,,,,,,,,,,,,,,,,,,,,,,,
2026-04-05T16:53:00.347927Z,1532,WIN-TTCPK05807O,Microsoft-Windows-User Profiles Service,Application,112,4,,,,,,,,,,,,,,,,,,,,,,,,,,,,,,,,,,,,,,,,,,,,,,,,,,,,,,,,,,,,,,,,,,,,,,,,,,,,,,,,,,,
2026-04-05T16:53:22.073291Z,"{'#attributes': {'Qualifiers': 16384}, '#text': 1016}",WIN-TTCPK05807O,Microsoft-Windows-Security-SPP,Application,113,4,,,,,,,,,,,,,,,,,,753c53a2-4274-4339-8c2e-f66c0b9646c5,3a9c82e0-994f-53fb-f91b-7839191b2c4d,,,,,,,,,,,,,,,,,,,,,,,,,,,,,,,,,,,,,,,,,,,,,,,,,,,,,,,,,,,,,,,,
2026-04-05T16:53:21.146951Z,1531,WIN-TTCPK05807O,Microsoft-Windows-User Profiles Service,Application,114,4,,,,,,,,,,,,,,,,,,,,,,,,,,,,,,,,,,,,,,,,,,,,,,,,,,,,,,,,,,,,,,,,,,,,,,,,,,,,,,,,,,,
2026-04-05T16:53:22.246406Z,"{'#attributes': {'Qualifiers': 16384}, '#text': 1034}",WIN-TTCPK05807O,Microsoft-Windows-Security-SPP,Application,115,4,,,,,,,,,,,,,,,,,,Security-SPP-WriteWauMarker,500,,,,,,,,,,,,,,,,,,,,,,,,,,,,,,,,,,,,,,,,,,,,,,,,,,,,,,,,,,,,,,,,
2026-04-05T16:53:22.306427Z,"{'#attributes': {'Qualifiers': 16384}, '#text': 1034}",WIN-TTCPK05807O,Microsoft-Windows-Security-SPP,Application,116,4,,,,,,,,,,,,,,,,,,Security-SPP-WriteWauMarker,500,,,,,,,,,,,,,,,,,,,,,,,,,,,,,,,,,,,,,,,,,,,,,,,,,,,,,,,,,,,,,,,,
2026-04-05T16:53:22.319043Z,"{'#attributes': {'Qualifiers': 16384}, '#text': 1003}",WIN-TTCPK05807O,Microsoft-Windows-Security-SPP,Application,117,4,,,,,,,,,,,,,,,,,,55c92734-d682-4d71-983e-d6ec3f16059f,"
1: 753c53a2-4274-4339-8c2e-f66c0b9646c5, 1, 0 [(0 )(1 )(2 )(3 [0x00000000, 0, 1], [(?)( 1 0x00000000)( 6 0x00000000 10 14400)(?)(?)(?)( 10 0x00000000 msft:rm/algorithm/flags/1.0)(?)])]

",,,,,,,,,,,,,,,,,,,,,,,,,,,,,,,,,,,,,,,,,,,,,,,,,,,,,,,,,,,,,,,,
2026-04-05T16:53:22.340134Z,5615,WIN-TTCPK05807O,Microsoft-Windows-WMI,Application,118,4,,,,,,,,,,,,,,,,,,,,,,,,,,,,,,,,,,,,,,,,,,,,,,,,,,,,,,,,,,,,,,,,,,,,,,,,,,,,,,,,,,,
2026-04-05T16:53:23.081587Z,5617,WIN-TTCPK05807O,Microsoft-Windows-WMI,Application,119,4,,,,,,,,,,,,,,,,,,,,,,,,,,,,,,,,,,,,,,,,,,,,,,,,,,,,,,,,,,,,,,,,,,,,,,,,,,,,,,,,,,,
2026-04-05T16:53:41.348627Z,1534,WIN-TTCPK05807O,Microsoft-Windows-User Profiles Service,Application,120,3,,,,,,,,,,,,,{F20133FB-D436-4A11-9EE0-1710AC9E558B},,,,,,,,,,,,,,,See Tracelogging for error details,,,,Create,,,,,,,,,,,,,,,,,,,,,,,,,,,,,,,,,,,EVENT_PROFILE_NOTIFICATION_FAIL,,,,,,,,,,,,,,,,
2026-04-05T16:53:41.982366Z,1534,WIN-TTCPK05807O,Microsoft-Windows-User Profiles Service,Application,121,3,,,,,,,,,,,,,{56EA1054-1959-467f-BE3B-A2A787C4B6EA},,,,,,,,,,,,,,,See Tracelogging for error details,,,,Create,,,,,,,,,,,,,,,,,,,,,,,,,,,,,,,,,,,EVENT_PROFILE_NOTIFICATION_FAIL,,,,,,,,,,,,,,,,
2026-04-05T16:54:36.842648Z,"{'#attributes': {'Qualifiers': 32768}, '#text': 6003}",WIN-TTCPK05807O,Microsoft-Windows-Winlogon,Application,122,4,,,,,,D9060000,,,,,,,,,,,SessionEnv,,,,,,,,,,,,,,,,,,,,,,,,,,,,,,,,,,,,,,,,,,,,,,,,,,,,,,,,,,,,,,,,,,
2026-04-05T16:54:38.961716Z,"{'#attributes': {'Qualifiers': 32768}, '#text': 6000}",WIN-TTCPK05807O,Microsoft-Windows-Winlogon,Application,123,4,,,,,,D9060000,,,,,,,,,,,SessionEnv,,,,,,,,,,,,,,,,,,,,,,,,,,,,,,,,,,,,,,,,,,,,,,,,,,,,,,,,,,,,,,,,,,
2026-04-05T16:55:22.920174Z,"{'#attributes': {'Qualifiers': 16384}, '#text': 4202}",WIN-TTCPK05807O,Microsoft-Windows-MSDTC 2,Application,124,4,,,,,,,,,,,,,,,,,,,,,,,,,,,,,,,,,,,,,,,,,,,,,,,,,,,,,,,,,,,,,,,,,,,,,,,,0,0,0,1,0,0,0,0,0,1,Mutual Authentication Required,NT AUTHORITY\NetworkService
2026-04-05T16:55:58.642750Z,"{'#attributes': {'Qualifiers': 32768}, '#text': 6000}",WIN-TTCPK05807O,Microsoft-Windows-Winlogon,Application,125,4,,,,,,D9060000,,,,,,,,,,,SessionEnv,,,,,,,,,,,,,,,,,,,,,,,,,,,,,,,,,,,,,,,,,,,,,,,,,,,,,,,,,,,,,,,,,,
2026-04-05T16:56:00.701324Z,"{'#attributes': {'Qualifiers': 16384}, '#text': 4111}",WIN-TTCPK05807O,Microsoft-Windows-MSDTC,Application,126,4,,,,,,4D005300440054004300,,,,,,,,,,,,,,,,,,,,,,,,,,,,,,,,,,,,,,,,,,,,,,,,,,,,,,,,,,,,,,,,,,,,,,,,,,,,,
2026-04-05T16:56:00.695996Z,1532,WIN-TTCPK05807O,Microsoft-Windows-User Profiles Service,Application,127,4,,,,,,,,,,,,,,,,,,,,,,,,,,,,,,,,,,,,,,,,,,,,,,,,,,,,,,,,,,,,,,,,,,,,,,,,,,,,,,,,,,,
2026-04-05T16:56:11.198845Z,1531,WIN-TTCPK05807O,Microsoft-Windows-User Profiles Service,Application,128,4,,,,,,,,,,,,,,,,,,,,,,,,,,,,,,,,,,,,,,,,,,,,,,,,,,,,,,,,,,,,,,,,,,,,,,,,,,,,,,,,,,,
2026-04-05T16:56:12.062220Z,5615,WIN-TTCPK05807O,Microsoft-Windows-WMI,Application,129,4,,,,,,,,,,,,,,,,,,,,,,,,,,,,,,,,,,,,,,,,,,,,,,,,,,,,,,,,,,,,,,,,,,,,,,,,,,,,,,,,,,,
2026-04-05T16:56:13.475542Z,"{'#attributes': {'Qualifiers': 16384}, '#text': 900}",WIN-TTCPK05807O,Microsoft-Windows-Security-SPP,Application,130,4,,,,,,,,,,,,,,,,,TriggerStarted:6,,,,,,,,,,,,,,,,,,,,,,,,,,,,,,,,,,,,,,,,,,,,,,,,,,,,,,,,,,,,,,,,,,
2026-04-05T16:56:13.693193Z,"{'#attributes': {'Qualifiers': 49152}, '#text': 16394}",WIN-TTCPK05807O,Microsoft-Windows-Security-SPP,Application,131,4,,,,,,,,,,,,,,,,,,,,,,,,,,,,,,,,,,,,,,,,,,,,,,,,,,,,,,,,,,,,,,,,,,,,,,,,,,,,,,,,,,,
2026-04-05T16:56:13.910611Z,"{'#attributes': {'Qualifiers': 16384}, '#text': 1066}",WIN-TTCPK05807O,Microsoft-Windows-Security-SPP,Application,132,4,,,,,,,,,,,,,,,,,"C:\WINDOWS\system32\sppwinob.dll, msft:spp/windowsfunctionality/agent/7.0, 0x00000000, 0x00000000
C:\WINDOWS\system32\sppobjs.dll, msft:rm/algorithm/inherited/1.0, 0x00000000, 0x00000000
C:\WINDOWS\system32\sppobjs.dll, msft:rm/algorithm/phone/1.0, 0x00000000, 0x00000000
C:\WINDOWS\system32\sppobjs.dll, msft:rm/algorithm/pkey/detect, 0x00000000, 0x00000000
C:\WINDOWS\system32\sppobjs.dll, msft:spp/ActionScheduler/1.0, 0x00000000, 0x00000000
C:\WINDOWS\system32\sppobjs.dll, msft:spp/TaskScheduler/1.0, 0x00000000, 0x00000000
C:\WINDOWS\system32\sppobjs.dll, msft:spp/statecollector/pkey, 0x00000000, 0x00000000
C:\WINDOWS\system32\sppobjs.dll, msft:spp/volume/services/kms/1.0, 0x00000000, 0x00000000
C:\WINDOWS\system32\sppobjs.dll, msft:spp/volume/services/kms/activationinfo/1.0, 0x00000000, 0x00000000
",,,,,,,,,,,,,,,,,,,,,,,,,,,,,,,,,,,,,,,,,,,,,,,,,,,,,,,,,,,,,,,,,,
2026-04-05T16:56:13.996091Z,"{'#attributes': {'Qualifiers': 16384}, '#text': 1004}",WIN-TTCPK05807O,Microsoft-Windows-Security-SPP,Application,133,4,,,,,,,,,,,,,,,,,,CLIENT-RAC Issuance License,95c2c6b8-ea2f-431d-8902-eeafc6376965,,,,,,,,,,,,,,,,,,,,,,,,,,,,,,,,,,,,,,,,,,,,,,,,,,,,,,,,,,,,,,,,
2026-04-05T16:56:14.000332Z,"{'#attributes': {'Qualifiers': 16384}, '#text': 1004}",WIN-TTCPK05807O,Microsoft-Windows-Security-SPP,Application,134,4,,,,,,,,,,,,,,,,,,CLIENT-SPC Issuance License,57d6dc1b-f556-4f5b-935b-3b379fd9dda8,,,,,,,,,,,,,,,,,,,,,,,,,,,,,,,,,,,,,,,,,,,,,,,,,,,,,,,,,,,,,,,,
2026-04-05T16:56:14.004540Z,"{'#attributes': {'Qualifiers': 16384}, '#text': 1004}",WIN-TTCPK05807O,Microsoft-Windows-Security-SPP,Application,135,4,,,,,,,,,,,,,,,,,,Generic Rights Account Certificate (Private),bc6f46d3-18d9-46f5-9818-aa00ec832013,,,,,,,,,,,,,,,,,,,,,,,,,,,,,,,,,,,,,,,,,,,,,,,,,,,,,,,,,,,,,,,,
2026-04-05T16:56:14.008016Z,"{'#attributes': {'Qualifiers': 16384}, '#text': 1004}",WIN-TTCPK05807O,Microsoft-Windows-Security-SPP,Application,136,4,,,,,,,,,,,,,,,,,,Generic Rights Account Certificate (Public),0a256b47-0b27-4145-a5b8-79422fb539cc,,,,,,,,,,,,,,,,,,,,,,,,,,,,,,,,,,,,,,,,,,,,,,,,,,,,,,,,,,,,,,,,
2026-04-05T16:56:14.043649Z,"{'#attributes': {'Qualifiers': 16384}, '#text': 1004}",WIN-TTCPK05807O,Microsoft-Windows-Security-SPP,Application,137,4,,,,,,,,,,,,,,,,,,Generic Security Processor Certificate (Private),77ba058e-7d3b-4cbf-be4a-ffe6bb75db60,,,,,,,,,,,,,,,,,,,,,,,,,,,,,,,,,,,,,,,,,,,,,,,,,,,,,,,,,,,,,,,,
2026-04-05T16:56:14.046925Z,"{'#attributes': {'Qualifiers': 16384}, '#text': 1004}",WIN-TTCPK05807O,Microsoft-Windows-Security-SPP,Application,138,4,,,,,,,,,,,,,,,,,,Generic Security Processor Certificate (Public),80bedb87-dba9-455b-98c8-a61f025d6a5b,,,,,,,,,,,,,,,,,,,,,,,,,,,,,,,,,,,,,,,,,,,,,,,,,,,,,,,,,,,,,,,,
2026-04-05T16:56:14.054791Z,"{'#attributes': {'Qualifiers': 16384}, '#text': 1004}",WIN-TTCPK05807O,Microsoft-Windows-Security-SPP,Application,139,4,,,,,,,,,,,,,,,,,,XrML 2.1 License - Product Key Configuration,71ce6518-3581-46da-948d-083c57061836,,,,,,,,,,,,,,,,,,,,,,,,,,,,,,,,,,,,,,,,,,,,,,,,,,,,,,,,,,,,,,,,
2026-04-05T16:56:14.062271Z,"{'#attributes': {'Qualifiers': 16384}, '#text': 1004}",WIN-TTCPK05807O,Microsoft-Windows-Security-SPP,Application,140,4,,,,,,,,,,,,,,,,,,Windows(R) csvlk-pack Product PPD License,c354cf95-648c-b1b3-6e2d-5a239a905988,,,,,,,,,,,,,,,,,,,,,,,,,,,,,,,,,,,,,,,,,,,,,,,,,,,,,,,,,,,,,,,,
2026-04-05T16:56:14.074298Z,"{'#attributes': {'Qualifiers': 16384}, '#text': 1004}",WIN-TTCPK05807O,Microsoft-Windows-Security-SPP,Application,141,4,,,,,,,,,,,,,,,,,,Windows(R) Publishing License (Public),a6e9e144-6168-4220-8627-42cb6b878c2d,,,,,,,,,,,,,,,,,,,,,,,,,,,,,,,,,,,,,,,,,,,,,,,,,,,,,,,,,,,,,,,,
2026-04-05T16:56:14.077062Z,"{'#attributes': {'Qualifiers': 16384}, '#text': 1004}",WIN-TTCPK05807O,Microsoft-Windows-Security-SPP,Application,142,4,,,,,,,,,,,,,,,,,,Windows(R) Publishing License (Private),97d8d9c6-382c-4133-91b5-5122aabb0ed1,,,,,,,,,,,,,,,,,,,,,,,,,,,,,,,,,,,,,,,,,,,,,,,,,,,,,,,,,,,,,,,,
2026-04-05T16:56:14.087521Z,"{'#attributes': {'Qualifiers': 16384}, '#text': 1004}",WIN-TTCPK05807O,Microsoft-Windows-Security-SPP,Application,143,4,,,,,,,,,,,,,,,,,,Windows(R) UL oob License (Public),d933466b-6e15-4787-a06b-28473475e80c,,,,,,,,,,,,,,,,,,,,,,,,,,,,,,,,,,,,,,,,,,,,,,,,,,,,,,,,,,,,,,,,
2026-04-05T16:56:14.088747Z,"{'#attributes': {'Qualifiers': 16384}, '#text': 1004}",WIN-TTCPK05807O,Microsoft-Windows-Security-SPP,Application,144,4,,,,,,,,,,,,,,,,,,Windows(R) UL oob License (Private),e9697bcd-f5f9-429a-ae38-eed1583b73eb,,,,,,,,,,,,,,,,,,,,,,,,,,,,,,,,,,,,,,,,,,,,,,,,,,,,,,,,,,,,,,,,
2026-04-05T16:56:14.105937Z,"{'#attributes': {'Qualifiers': 16384}, '#text': 1004}",WIN-TTCPK05807O,Microsoft-Windows-Security-SPP,Application,145,4,,,,,,,,,,,,,,,,,,Windows(R) UL phone License (Public),f86d60c8-adb4-437c-942c-1bbe4c922df1,,,,,,,,,,,,,,,,,,,,,,,,,,,,,,,,,,,,,,,,,,,,,,,,,,,,,,,,,,,,,,,,
2026-04-05T16:56:14.107171Z,"{'#attributes': {'Qualifiers': 16384}, '#text': 1004}",WIN-TTCPK05807O,Microsoft-Windows-Security-SPP,Application,146,4,,,,,,,,,,,,,,,,,,Windows(R) UL phone License (Private),f1fbdb1f-62ce-448b-b019-cb1531b6d10d,,,,,,,,,,,,,,,,,,,,,,,,,,,,,,,,,,,,,,,,,,,,,,,,,,,,,,,,,,,,,,,,
2026-04-05T16:56:14.129245Z,"{'#attributes': {'Qualifiers': 16384}, '#text': 1004}",WIN-TTCPK05807O,Microsoft-Windows-Security-SPP,Application,147,4,,,,,,,,,,,,,,,,,,Windows(R) UL store License (Public),b7c7bed9-31d4-41b4-afbe-62f738ae86ab,,,,,,,,,,,,,,,,,,,,,,,,,,,,,,,,,,,,,,,,,,,,,,,,,,,,,,,,,,,,,,,,
2026-04-05T16:56:14.129908Z,"{'#attributes': {'Qualifiers': 16384}, '#text': 1004}",WIN-TTCPK05807O,Microsoft-Windows-Security-SPP,Application,148,4,,,,,,,,,,,,,,,,,,Windows(R) UL store License (Private),0ade294d-32e0-465c-8a34-88f58f09a499,,,,,,,,,,,,,,,,,,,,,,,,,,,,,,,,,,,,,,,,,,,,,,,,,,,,,,,,,,,,,,,,
2026-04-05T16:56:14.138549Z,"{'#attributes': {'Qualifiers': 16384}, '#text': 1004}",WIN-TTCPK05807O,Microsoft-Windows-Security-SPP,Application,149,4,,,,,,,,,,,,,,,,,,Windows(R) Publishing License (Public),26759f53-9eee-436f-8fab-f24761e8e3b5,,,,,,,,,,,,,,,,,,,,,,,,,,,,,,,,,,,,,,,,,,,,,,,,,,,,,,,,,,,,,,,,
2026-04-05T16:56:14.139247Z,"{'#attributes': {'Qualifiers': 16384}, '#text': 1004}",WIN-TTCPK05807O,Microsoft-Windows-Security-SPP,Application,150,4,,,,,,,,,,,,,,,,,,Windows(R) Publishing License (Private),89685b32-1a9a-4835-9b09-f585bbd61391,,,,,,,,,,,,,,,,,,,,,,,,,,,,,,,,,,,,,,,,,,,,,,,,,,,,,,,,,,,,,,,,
2026-04-05T16:56:14.146301Z,"{'#attributes': {'Qualifiers': 16384}, '#text': 1004}",WIN-TTCPK05807O,Microsoft-Windows-Security-SPP,Application,151,4,,,,,,,,,,,,,,,,,,Windows(R) UL oob License (Public),7e1eb653-eddb-43cb-ad11-d65fca1dab94,,,,,,,,,,,,,,,,,,,,,,,,,,,,,,,,,,,,,,,,,,,,,,,,,,,,,,,,,,,,,,,,
2026-04-05T16:56:14.146850Z,"{'#attributes': {'Qualifiers': 16384}, '#text': 1004}",WIN-TTCPK05807O,Microsoft-Windows-Security-SPP,Application,152,4,,,,,,,,,,,,,,,,,,Windows(R) UL oob License (Private),1d0f76dd-2a1c-4a7c-8e2b-751365d73ab5,,,,,,,,,,,,,,,,,,,,,,,,,,,,,,,,,,,,,,,,,,,,,,,,,,,,,,,,,,,,,,,,
2026-04-05T16:56:14.159096Z,"{'#attributes': {'Qualifiers': 16384}, '#text': 1004}",WIN-TTCPK05807O,Microsoft-Windows-Security-SPP,Application,153,4,,,,,,,,,,,,,,,,,,Windows(R) UL phone License (Public),5dabd050-0d58-4522-9e15-4794799b7cfb,,,,,,,,,,,,,,,,,,,,,,,,,,,,,,,,,,,,,,,,,,,,,,,,,,,,,,,,,,,,,,,,
2026-04-05T16:56:14.159782Z,"{'#attributes': {'Qualifiers': 16384}, '#text': 1004}",WIN-TTCPK05807O,Microsoft-Windows-Security-SPP,Application,154,4,,,,,,,,,,,,,,,,,,Windows(R) UL phone License (Private),3f4ca3b1-b3cc-41b6-a941-6182b9e06c0b,,,,,,,,,,,,,,,,,,,,,,,,,,,,,,,,,,,,,,,,,,,,,,,,,,,,,,,,,,,,,,,,
2026-04-05T16:56:14.167297Z,"{'#attributes': {'Qualifiers': 16384}, '#text': 1004}",WIN-TTCPK05807O,Microsoft-Windows-Security-SPP,Application,155,4,,,,,,,,,,,,,,,,,,Windows(R) UL store License (Public),8c44b723-eae2-43f8-9ab1-1c14d7cc5a3d,,,,,,,,,,,,,,,,,,,,,,,,,,,,,,,,,,,,,,,,,,,,,,,,,,,,,,,,,,,,,,,,
2026-04-05T16:56:14.168020Z,"{'#attributes': {'Qualifiers': 16384}, '#text': 1004}",WIN-TTCPK05807O,Microsoft-Windows-Security-SPP,Application,156,4,,,,,,,,,,,,,,,,,,Windows(R) UL store License (Private),3a94e9db-4e40-4593-bad0-28a90f6f878a,,,,,,,,,,,,,,,,,,,,,,,,,,,,,,,,,,,,,,,,,,,,,,,,,,,,,,,,,,,,,,,,
2026-04-05T16:56:14.174815Z,"{'#attributes': {'Qualifiers': 16384}, '#text': 1004}",WIN-TTCPK05807O,Microsoft-Windows-Security-SPP,Application,157,4,,,,,,,,,,,,,,,,,,Windows(R) Publishing License (Public),13d8ebfe-d2d0-498d-98e6-cc1e83eea952,,,,,,,,,,,,,,,,,,,,,,,,,,,,,,,,,,,,,,,,,,,,,,,,,,,,,,,,,,,,,,,,
2026-04-05T16:56:14.175458Z,"{'#attributes': {'Qualifiers': 16384}, '#text': 1004}",WIN-TTCPK05807O,Microsoft-Windows-Security-SPP,Application,158,4,,,,,,,,,,,,,,,,,,Windows(R) Publishing License (Private),f058d48d-f146-4fd8-8cd3-a99984ebb974,,,,,,,,,,,,,,,,,,,,,,,,,,,,,,,,,,,,,,,,,,,,,,,,,,,,,,,,,,,,,,,,
2026-04-05T16:56:14.186056Z,"{'#attributes': {'Qualifiers': 16384}, '#text': 1004}",WIN-TTCPK05807O,Microsoft-Windows-Security-SPP,Application,159,4,,,,,,,,,,,,,,,,,,Windows(R) UL oob License (Public),4249c9fd-d80e-4a7a-8388-805f511230a7,,,,,,,,,,,,,,,,,,,,,,,,,,,,,,,,,,,,,,,,,,,,,,,,,,,,,,,,,,,,,,,,
2026-04-05T16:56:14.186614Z,"{'#attributes': {'Qualifiers': 16384}, '#text': 1004}",WIN-TTCPK05807O,Microsoft-Windows-Security-SPP,Application,160,4,,,,,,,,,,,,,,,,,,Windows(R) UL oob License (Private),245a5a1e-029a-42a2-8c76-d0856ae6940a,,,,,,,,,,,,,,,,,,,,,,,,,,,,,,,,,,,,,,,,,,,,,,,,,,,,,,,,,,,,,,,,
2026-04-05T16:56:14.195125Z,"{'#attributes': {'Qualifiers': 16384}, '#text': 1004}",WIN-TTCPK05807O,Microsoft-Windows-Security-SPP,Application,161,4,,,,,,,,,,,,,,,,,,Windows(R) UL phone License (Public),ce58e518-5cc4-47fa-b626-bf4e56f76db8,,,,,,,,,,,,,,,,,,,,,,,,,,,,,,,,,,,,,,,,,,,,,,,,,,,,,,,,,,,,,,,,
2026-04-05T16:56:14.195819Z,"{'#attributes': {'Qualifiers': 16384}, '#text': 1004}",WIN-TTCPK05807O,Microsoft-Windows-Security-SPP,Application,162,4,,,,,,,,,,,,,,,,,,Windows(R) UL phone License (Private),bdc3654f-155a-47ab-93db-16da57078411,,,,,,,,,,,,,,,,,,,,,,,,,,,,,,,,,,,,,,,,,,,,,,,,,,,,,,,,,,,,,,,,
2026-04-05T16:56:14.203212Z,"{'#attributes': {'Qualifiers': 16384}, '#text': 1004}",WIN-TTCPK05807O,Microsoft-Windows-Security-SPP,Application,163,4,,,,,,,,,,,,,,,,,,Windows(R) UL store License (Public),288dffeb-d48b-4789-a9fd-bca1bd1fb59f,,,,,,,,,,,,,,,,,,,,,,,,,,,,,,,,,,,,,,,,,,,,,,,,,,,,,,,,,,,,,,,,
2026-04-05T16:56:14.203852Z,"{'#attributes': {'Qualifiers': 16384}, '#text': 1004}",WIN-TTCPK05807O,Microsoft-Windows-Security-SPP,Application,164,4,,,,,,,,,,,,,,,,,,Windows(R) UL store License (Private),4817e860-f82e-4be0-9044-ce91d660a8b7,,,,,,,,,,,,,,,,,,,,,,,,,,,,,,,,,,,,,,,,,,,,,,,,,,,,,,,,,,,,,,,,
2026-04-05T16:56:14.212598Z,"{'#attributes': {'Qualifiers': 16384}, '#text': 1004}",WIN-TTCPK05807O,Microsoft-Windows-Security-SPP,Application,165,4,,,,,,,,,,,,,,,,,,Windows(R) Publishing License (Public),c1a87ba1-83d2-4105-abd7-caac4f697c1b,,,,,,,,,,,,,,,,,,,,,,,,,,,,,,,,,,,,,,,,,,,,,,,,,,,,,,,,,,,,,,,,
2026-04-05T16:56:14.213527Z,"{'#attributes': {'Qualifiers': 16384}, '#text': 1004}",WIN-TTCPK05807O,Microsoft-Windows-Security-SPP,Application,166,4,,,,,,,,,,,,,,,,,,Windows(R) Publishing License (Private),59a0c1bf-a99d-4d21-b227-85ff7e9eda75,,,,,,,,,,,,,,,,,,,,,,,,,,,,,,,,,,,,,,,,,,,,,,,,,,,,,,,,,,,,,,,,
2026-04-05T16:56:14.223009Z,"{'#attributes': {'Qualifiers': 16384}, '#text': 1004}",WIN-TTCPK05807O,Microsoft-Windows-Security-SPP,Application,167,4,,,,,,,,,,,,,,,,,,Windows(R) UL oob License (Public),8499b30d-5017-4916-8d84-5644c69bbe60,,,,,,,,,,,,,,,,,,,,,,,,,,,,,,,,,,,,,,,,,,,,,,,,,,,,,,,,,,,,,,,,
2026-04-05T16:56:14.223659Z,"{'#attributes': {'Qualifiers': 16384}, '#text': 1004}",WIN-TTCPK05807O,Microsoft-Windows-Security-SPP,Application,168,4,,,,,,,,,,,,,,,,,,Windows(R) UL oob License (Private),1b0d9edf-a658-4c94-8241-7585cba53ed5,,,,,,,,,,,,,,,,,,,,,,,,,,,,,,,,,,,,,,,,,,,,,,,,,,,,,,,,,,,,,,,,
2026-04-05T16:56:14.236154Z,"{'#attributes': {'Qualifiers': 16384}, '#text': 1004}",WIN-TTCPK05807O,Microsoft-Windows-Security-SPP,Application,169,4,,,,,,,,,,,,,,,,,,Windows(R) UL phone License (Public),58fdae00-08d3-47cc-9b22-40ec92664c26,,,,,,,,,,,,,,,,,,,,,,,,,,,,,,,,,,,,,,,,,,,,,,,,,,,,,,,,,,,,,,,,
2026-04-05T16:56:14.236720Z,"{'#attributes': {'Qualifiers': 16384}, '#text': 1004}",WIN-TTCPK05807O,Microsoft-Windows-Security-SPP,Application,170,4,,,,,,,,,,,,,,,,,,Windows(R) UL phone License (Private),5d3cae20-2046-45a5-a930-7772781eb3ec,,,,,,,,,,,,,,,,,,,,,,,,,,,,,,,,,,,,,,,,,,,,,,,,,,,,,,,,,,,,,,,,
2026-04-05T16:56:14.244228Z,"{'#attributes': {'Qualifiers': 16384}, '#text': 1004}",WIN-TTCPK05807O,Microsoft-Windows-Security-SPP,Application,171,4,,,,,,,,,,,,,,,,,,Windows(R) UL store License (Public),29a90df9-4fa8-42e5-9dcd-c214eca00752,,,,,,,,,,,,,,,,,,,,,,,,,,,,,,,,,,,,,,,,,,,,,,,,,,,,,,,,,,,,,,,,
2026-04-05T16:56:14.244875Z,"{'#attributes': {'Qualifiers': 16384}, '#text': 1004}",WIN-TTCPK05807O,Microsoft-Windows-Security-SPP,Application,172,4,,,,,,,,,,,,,,,,,,Windows(R) UL store License (Private),f1b8e7a4-0558-471f-8b1a-de28e2af2262,,,,,,,,,,,,,,,,,,,,,,,,,,,,,,,,,,,,,,,,,,,,,,,,,,,,,,,,,,,,,,,,
2026-04-05T16:56:14.250349Z,"{'#attributes': {'Qualifiers': 16384}, '#text': 1004}",WIN-TTCPK05807O,Microsoft-Windows-Security-SPP,Application,173,4,,,,,,,,,,,,,,,,,,Windows(R) Publishing License (Public),08607e4d-1b0d-4879-8407-dd8ef19207af,,,,,,,,,,,,,,,,,,,,,,,,,,,,,,,,,,,,,,,,,,,,,,,,,,,,,,,,,,,,,,,,
2026-04-05T16:56:14.250965Z,"{'#attributes': {'Qualifiers': 16384}, '#text': 1004}",WIN-TTCPK05807O,Microsoft-Windows-Security-SPP,Application,174,4,,,,,,,,,,,,,,,,,,Windows(R) Publishing License (Private),23ad765e-e3e4-4b77-89db-1addd1c6d266,,,,,,,,,,,,,,,,,,,,,,,,,,,,,,,,,,,,,,,,,,,,,,,,,,,,,,,,,,,,,,,,
2026-04-05T16:56:14.259819Z,"{'#attributes': {'Qualifiers': 16384}, '#text': 1004}",WIN-TTCPK05807O,Microsoft-Windows-Security-SPP,Application,175,4,,,,,,,,,,,,,,,,,,Windows(R) UL oob License (Public),3b4c32c0-2f3b-4fb9-876b-f0ad16b63f9a,,,,,,,,,,,,,,,,,,,,,,,,,,,,,,,,,,,,,,,,,,,,,,,,,,,,,,,,,,,,,,,,
2026-04-05T16:56:14.260457Z,"{'#attributes': {'Qualifiers': 16384}, '#text': 1004}",WIN-TTCPK05807O,Microsoft-Windows-Security-SPP,Application,176,4,,,,,,,,,,,,,,,,,,Windows(R) UL oob License (Private),eda6b6ac-18c8-414a-98fd-580221387412,,,,,,,,,,,,,,,,,,,,,,,,,,,,,,,,,,,,,,,,,,,,,,,,,,,,,,,,,,,,,,,,
2026-04-05T16:56:14.269229Z,"{'#attributes': {'Qualifiers': 16384}, '#text': 1004}",WIN-TTCPK05807O,Microsoft-Windows-Security-SPP,Application,177,4,,,,,,,,,,,,,,,,,,Windows(R) UL phone License (Public),30657004-e35c-427f-b118-203dbd48faf4,,,,,,,,,,,,,,,,,,,,,,,,,,,,,,,,,,,,,,,,,,,,,,,,,,,,,,,,,,,,,,,,
2026-04-05T16:56:14.269890Z,"{'#attributes': {'Qualifiers': 16384}, '#text': 1004}",WIN-TTCPK05807O,Microsoft-Windows-Security-SPP,Application,178,4,,,,,,,,,,,,,,,,,,Windows(R) UL phone License (Private),1f2d4a98-556b-43bc-99cd-a4c159745403,,,,,,,,,,,,,,,,,,,,,,,,,,,,,,,,,,,,,,,,,,,,,,,,,,,,,,,,,,,,,,,,
2026-04-05T16:56:14.289209Z,"{'#attributes': {'Qualifiers': 16384}, '#text': 1004}",WIN-TTCPK05807O,Microsoft-Windows-Security-SPP,Application,179,4,,,,,,,,,,,,,,,,,,Windows(R) UL store License (Public),8f7899de-43eb-400e-a2ff-072dc1b3b7c5,,,,,,,,,,,,,,,,,,,,,,,,,,,,,,,,,,,,,,,,,,,,,,,,,,,,,,,,,,,,,,,,
2026-04-05T16:56:14.289921Z,"{'#attributes': {'Qualifiers': 16384}, '#text': 1004}",WIN-TTCPK05807O,Microsoft-Windows-Security-SPP,Application,180,4,,,,,,,,,,,,,,,,,,Windows(R) UL store License (Private),185ca7ec-c812-4656-bc8d-df3700394727,,,,,,,,,,,,,,,,,,,,,,,,,,,,,,,,,,,,,,,,,,,,,,,,,,,,,,,,,,,,,,,,
2026-04-05T16:56:14.297312Z,"{'#attributes': {'Qualifiers': 16384}, '#text': 1004}",WIN-TTCPK05807O,Microsoft-Windows-Security-SPP,Application,181,4,,,,,,,,,,,,,,,,,,Windows(R) Publishing License (Public),eae15b92-6474-4aa1-adfa-ffa1f5967af0,,,,,,,,,,,,,,,,,,,,,,,,,,,,,,,,,,,,,,,,,,,,,,,,,,,,,,,,,,,,,,,,
2026-04-05T16:56:14.297849Z,"{'#attributes': {'Qualifiers': 16384}, '#text': 1004}",WIN-TTCPK05807O,Microsoft-Windows-Security-SPP,Application,182,4,,,,,,,,,,,,,,,,,,Windows(R) Publishing License (Private),e87801f5-c736-44d9-81c7-2c889e08ce39,,,,,,,,,,,,,,,,,,,,,,,,,,,,,,,,,,,,,,,,,,,,,,,,,,,,,,,,,,,,,,,,
2026-04-05T16:56:14.309221Z,"{'#attributes': {'Qualifiers': 16384}, '#text': 1004}",WIN-TTCPK05807O,Microsoft-Windows-Security-SPP,Application,183,4,,,,,,,,,,,,,,,,,,Windows(R) UL oob License (Public),9c8924f4-8a4f-4585-9161-b28b39c00e70,,,,,,,,,,,,,,,,,,,,,,,,,,,,,,,,,,,,,,,,,,,,,,,,,,,,,,,,,,,,,,,,
2026-04-05T16:56:14.311762Z,"{'#attributes': {'Qualifiers': 16384}, '#text': 1004}",WIN-TTCPK05807O,Microsoft-Windows-Security-SPP,Application,184,4,,,,,,,,,,,,,,,,,,Windows(R) UL oob License (Private),b142dc9b-4aa1-4aa1-a663-99b72029f22f,,,,,,,,,,,,,,,,,,,,,,,,,,,,,,,,,,,,,,,,,,,,,,,,,,,,,,,,,,,,,,,,
2026-04-05T16:56:14.322953Z,"{'#attributes': {'Qualifiers': 16384}, '#text': 1004}",WIN-TTCPK05807O,Microsoft-Windows-Security-SPP,Application,185,4,,,,,,,,,,,,,,,,,,Windows(R) UL phone License (Public),05be25bb-38e0-4b9b-bcfb-aea3e47db5d9,,,,,,,,,,,,,,,,,,,,,,,,,,,,,,,,,,,,,,,,,,,,,,,,,,,,,,,,,,,,,,,,
2026-04-05T16:56:14.323542Z,"{'#attributes': {'Qualifiers': 16384}, '#text': 1004}",WIN-TTCPK05807O,Microsoft-Windows-Security-SPP,Application,186,4,,,,,,,,,,,,,,,,,,Windows(R) UL phone License (Private),19975b9f-b9e5-44c7-8908-a436461c96a0,,,,,,,,,,,,,,,,,,,,,,,,,,,,,,,,,,,,,,,,,,,,,,,,,,,,,,,,,,,,,,,,
2026-04-05T16:56:14.330462Z,"{'#attributes': {'Qualifiers': 16384}, '#text': 1004}",WIN-TTCPK05807O,Microsoft-Windows-Security-SPP,Application,187,4,,,,,,,,,,,,,,,,,,Windows(R) UL store License (Public),7aa14c2e-c93b-4e53-99be-3b91d3e8365a,,,,,,,,,,,,,,,,,,,,,,,,,,,,,,,,,,,,,,,,,,,,,,,,,,,,,,,,,,,,,,,,
2026-04-05T16:56:14.331057Z,"{'#attributes': {'Qualifiers': 16384}, '#text': 1004}",WIN-TTCPK05807O,Microsoft-Windows-Security-SPP,Application,188,4,,,,,,,,,,,,,,,,,,Windows(R) UL store License (Private),18a65e3f-ad35-4938-9031-a79318908710,,,,,,,,,,,,,,,,,,,,,,,,,,,,,,,,,,,,,,,,,,,,,,,,,,,,,,,,,,,,,,,,
2026-04-05T16:56:14.337675Z,"{'#attributes': {'Qualifiers': 16384}, '#text': 1004}",WIN-TTCPK05807O,Microsoft-Windows-Security-SPP,Application,189,4,,,,,,,,,,,,,,,,,,Windows(R) Publishing License (Public),ff9e326e-31ec-4c4e-bed8-8cadc2fcdf3d,,,,,,,,,,,,,,,,,,,,,,,,,,,,,,,,,,,,,,,,,,,,,,,,,,,,,,,,,,,,,,,,
2026-04-05T16:56:14.338397Z,"{'#attributes': {'Qualifiers': 16384}, '#text': 1004}",WIN-TTCPK05807O,Microsoft-Windows-Security-SPP,Application,190,4,,,,,,,,,,,,,,,,,,Windows(R) Publishing License (Private),81027174-08c6-42e4-9a6e-bce185bf8848,,,,,,,,,,,,,,,,,,,,,,,,,,,,,,,,,,,,,,,,,,,,,,,,,,,,,,,,,,,,,,,,
2026-04-05T16:56:14.345029Z,"{'#attributes': {'Qualifiers': 16384}, '#text': 1004}",WIN-TTCPK05807O,Microsoft-Windows-Security-SPP,Application,191,4,,,,,,,,,,,,,,,,,,Windows(R) UL oob License (Public),eec7b14b-3ca6-4c31-8786-5eb40f11e055,,,,,,,,,,,,,,,,,,,,,,,,,,,,,,,,,,,,,,,,,,,,,,,,,,,,,,,,,,,,,,,,
2026-04-05T16:56:14.345486Z,"{'#attributes': {'Qualifiers': 16384}, '#text': 1004}",WIN-TTCPK05807O,Microsoft-Windows-Security-SPP,Application,192,4,,,,,,,,,,,,,,,,,,Windows(R) UL oob License (Private),e782b47b-27d3-4172-9cfb-1e9731eef529,,,,,,,,,,,,,,,,,,,,,,,,,,,,,,,,,,,,,,,,,,,,,,,,,,,,,,,,,,,,,,,,
2026-04-05T16:56:14.352086Z,"{'#attributes': {'Qualifiers': 16384}, '#text': 1004}",WIN-TTCPK05807O,Microsoft-Windows-Security-SPP,Application,193,4,,,,,,,,,,,,,,,,,,Windows(R) UL phone License (Public),fc11b0ee-e426-41fc-881a-0e480cf20b17,,,,,,,,,,,,,,,,,,,,,,,,,,,,,,,,,,,,,,,,,,,,,,,,,,,,,,,,,,,,,,,,
2026-04-05T16:56:14.352564Z,"{'#attributes': {'Qualifiers': 16384}, '#text': 1004}",WIN-TTCPK05807O,Microsoft-Windows-Security-SPP,Application,194,4,,,,,,,,,,,,,,,,,,Windows(R) UL phone License (Private),42228d90-bb2f-44ac-84d6-fa9c1035bb59,,,,,,,,,,,,,,,,,,,,,,,,,,,,,,,,,,,,,,,,,,,,,,,,,,,,,,,,,,,,,,,,
2026-04-05T16:56:14.358310Z,"{'#attributes': {'Qualifiers': 16384}, '#text': 1004}",WIN-TTCPK05807O,Microsoft-Windows-Security-SPP,Application,195,4,,,,,,,,,,,,,,,,,,Windows(R) UL store License (Public),28d367bd-6752-491e-80fd-3c63e3fd518b,,,,,,,,,,,,,,,,,,,,,,,,,,,,,,,,,,,,,,,,,,,,,,,,,,,,,,,,,,,,,,,,
2026-04-05T16:56:14.358902Z,"{'#attributes': {'Qualifiers': 16384}, '#text': 1004}",WIN-TTCPK05807O,Microsoft-Windows-Security-SPP,Application,196,4,,,,,,,,,,,,,,,,,,Windows(R) UL store License (Private),64bd0f8d-758f-4580-a5fc-a249773808f8,,,,,,,,,,,,,,,,,,,,,,,,,,,,,,,,,,,,,,,,,,,,,,,,,,,,,,,,,,,,,,,,
2026-04-05T16:56:14.365024Z,"{'#attributes': {'Qualifiers': 16384}, '#text': 1004}",WIN-TTCPK05807O,Microsoft-Windows-Security-SPP,Application,197,4,,,,,,,,,,,,,,,,,,Windows(R) Publishing License (Public),1f041775-399a-4368-bcc4-48455a85f0d0,,,,,,,,,,,,,,,,,,,,,,,,,,,,,,,,,,,,,,,,,,,,,,,,,,,,,,,,,,,,,,,,
2026-04-05T16:56:14.365622Z,"{'#attributes': {'Qualifiers': 16384}, '#text': 1004}",WIN-TTCPK05807O,Microsoft-Windows-Security-SPP,Application,198,4,,,,,,,,,,,,,,,,,,Windows(R) Publishing License (Private),072266ae-b4bc-49b6-8d50-26fb9a4365a8,,,,,,,,,,,,,,,,,,,,,,,,,,,,,,,,,,,,,,,,,,,,,,,,,,,,,,,,,,,,,,,,
2026-04-05T16:56:14.372706Z,"{'#attributes': {'Qualifiers': 16384}, '#text': 1004}",WIN-TTCPK05807O,Microsoft-Windows-Security-SPP,Application,199,4,,,,,,,,,,,,,,,,,,Windows(R) UL oob License (Public),9938e098-3be5-4170-af5f-3fe7d5c3cd1a,,,,,,,,,,,,,,,,,,,,,,,,,,,,,,,,,,,,,,,,,,,,,,,,,,,,,,,,,,,,,,,,
2026-04-05T16:56:14.373262Z,"{'#attributes': {'Qualifiers': 16384}, '#text': 1004}",WIN-TTCPK05807O,Microsoft-Windows-Security-SPP,Application,200,4,,,,,,,,,,,,,,,,,,Windows(R) UL oob License (Private),c15b2fc9-1ac6-400f-8323-d31d1eacf128,,,,,,,,,,,,,,,,,,,,,,,,,,,,,,,,,,,,,,,,,,,,,,,,,,,,,,,,,,,,,,,,
2026-04-05T16:56:14.380140Z,"{'#attributes': {'Qualifiers': 16384}, '#text': 1004}",WIN-TTCPK05807O,Microsoft-Windows-Security-SPP,Application,201,4,,,,,,,,,,,,,,,,,,Windows(R) UL phone License (Public),bb0a08ee-ddc1-4f7a-a39f-157419d65268,,,,,,,,,,,,,,,,,,,,,,,,,,,,,,,,,,,,,,,,,,,,,,,,,,,,,,,,,,,,,,,,
2026-04-05T16:56:14.380879Z,"{'#attributes': {'Qualifiers': 16384}, '#text': 1004}",WIN-TTCPK05807O,Microsoft-Windows-Security-SPP,Application,202,4,,,,,,,,,,,,,,,,,,Windows(R) UL phone License (Private),843f5aeb-485e-4b4b-9fdb-bcd0fcabb050,,,,,,,,,,,,,,,,,,,,,,,,,,,,,,,,,,,,,,,,,,,,,,,,,,,,,,,,,,,,,,,,
2026-04-05T16:56:14.386216Z,"{'#attributes': {'Qualifiers': 16384}, '#text': 1004}",WIN-TTCPK05807O,Microsoft-Windows-Security-SPP,Application,203,4,,,,,,,,,,,,,,,,,,Windows(R) UL store License (Public),61a902c1-e5be-4001-ae24-1f75ddbe484e,,,,,,,,,,,,,,,,,,,,,,,,,,,,,,,,,,,,,,,,,,,,,,,,,,,,,,,,,,,,,,,,
2026-04-05T16:56:14.386685Z,"{'#attributes': {'Qualifiers': 16384}, '#text': 1004}",WIN-TTCPK05807O,Microsoft-Windows-Security-SPP,Application,204,4,,,,,,,,,,,,,,,,,,Windows(R) UL store License (Private),50ffd9bf-2fac-4a4a-bc03-8278874ee5ec,,,,,,,,,,,,,,,,,,,,,,,,,,,,,,,,,,,,,,,,,,,,,,,,,,,,,,,,,,,,,,,,
2026-04-05T16:56:14.391517Z,"{'#attributes': {'Qualifiers': 16384}, '#text': 1004}",WIN-TTCPK05807O,Microsoft-Windows-Security-SPP,Application,205,4,,,,,,,,,,,,,,,,,,Windows(R) Publishing License (Public),552ab3d0-4a47-48a8-8662-7f7b94273e78,,,,,,,,,,,,,,,,,,,,,,,,,,,,,,,,,,,,,,,,,,,,,,,,,,,,,,,,,,,,,,,,
2026-04-05T16:56:14.391959Z,"{'#attributes': {'Qualifiers': 16384}, '#text': 1004}",WIN-TTCPK05807O,Microsoft-Windows-Security-SPP,Application,206,4,,,,,,,,,,,,,,,,,,Windows(R) Publishing License (Private),78b80fdf-654a-476b-8fad-bc8b769c2bf2,,,,,,,,,,,,,,,,,,,,,,,,,,,,,,,,,,,,,,,,,,,,,,,,,,,,,,,,,,,,,,,,
2026-04-05T16:56:14.398341Z,"{'#attributes': {'Qualifiers': 16384}, '#text': 1004}",WIN-TTCPK05807O,Microsoft-Windows-Security-SPP,Application,207,4,,,,,,,,,,,,,,,,,,Windows(R) UL oob License (Public),abf5ade9-d2bc-4f53-91c9-8c8809366a05,,,,,,,,,,,,,,,,,,,,,,,,,,,,,,,,,,,,,,,,,,,,,,,,,,,,,,,,,,,,,,,,
2026-04-05T16:56:14.398869Z,"{'#attributes': {'Qualifiers': 16384}, '#text': 1004}",WIN-TTCPK05807O,Microsoft-Windows-Security-SPP,Application,208,4,,,,,,,,,,,,,,,,,,Windows(R) UL oob License (Private),7b0f65d3-0eda-4ceb-9866-a8e9771225b0,,,,,,,,,,,,,,,,,,,,,,,,,,,,,,,,,,,,,,,,,,,,,,,,,,,,,,,,,,,,,,,,
2026-04-05T16:56:14.406104Z,"{'#attributes': {'Qualifiers': 16384}, '#text': 1004}",WIN-TTCPK05807O,Microsoft-Windows-Security-SPP,Application,209,4,,,,,,,,,,,,,,,,,,Windows(R) UL phone License (Public),3f0656f2-1a51-4e99-964c-5b0585f390c6,,,,,,,,,,,,,,,,,,,,,,,,,,,,,,,,,,,,,,,,,,,,,,,,,,,,,,,,,,,,,,,,
2026-04-05T16:56:14.407121Z,"{'#attributes': {'Qualifiers': 16384}, '#text': 1004}",WIN-TTCPK05807O,Microsoft-Windows-Security-SPP,Application,210,4,,,,,,,,,,,,,,,,,,Windows(R) UL phone License (Private),ca72814b-f168-4295-ae22-3408b8d7fe67,,,,,,,,,,,,,,,,,,,,,,,,,,,,,,,,,,,,,,,,,,,,,,,,,,,,,,,,,,,,,,,,
2026-04-05T16:56:14.416647Z,"{'#attributes': {'Qualifiers': 16384}, '#text': 1004}",WIN-TTCPK05807O,Microsoft-Windows-Security-SPP,Application,211,4,,,,,,,,,,,,,,,,,,Windows(R) UL store License (Public),eef86faa-ee43-4567-bf8f-66e0a8a63294,,,,,,,,,,,,,,,,,,,,,,,,,,,,,,,,,,,,,,,,,,,,,,,,,,,,,,,,,,,,,,,,
2026-04-05T16:56:14.417234Z,"{'#attributes': {'Qualifiers': 16384}, '#text': 1004}",WIN-TTCPK05807O,Microsoft-Windows-Security-SPP,Application,212,4,,,,,,,,,,,,,,,,,,Windows(R) UL store License (Private),7c01331e-6068-4a18-97d6-a06f72d754d4,,,,,,,,,,,,,,,,,,,,,,,,,,,,,,,,,,,,,,,,,,,,,,,,,,,,,,,,,,,,,,,,
2026-04-05T16:56:14.422328Z,"{'#attributes': {'Qualifiers': 16384}, '#text': 1004}",WIN-TTCPK05807O,Microsoft-Windows-Security-SPP,Application,213,4,,,,,,,,,,,,,,,,,,Windows(R) Publishing License (Public),1c555432-a292-417d-b3a2-deccd94084f3,,,,,,,,,,,,,,,,,,,,,,,,,,,,,,,,,,,,,,,,,,,,,,,,,,,,,,,,,,,,,,,,
2026-04-05T16:56:14.422764Z,"{'#attributes': {'Qualifiers': 16384}, '#text': 1004}",WIN-TTCPK05807O,Microsoft-Windows-Security-SPP,Application,214,4,,,,,,,,,,,,,,,,,,Windows(R) Publishing License (Private),18dc5f72-eb21-4b4d-846f-3d83d19a3d6b,,,,,,,,,,,,,,,,,,,,,,,,,,,,,,,,,,,,,,,,,,,,,,,,,,,,,,,,,,,,,,,,
2026-04-05T16:56:14.429324Z,"{'#attributes': {'Qualifiers': 16384}, '#text': 1004}",WIN-TTCPK05807O,Microsoft-Windows-Security-SPP,Application,215,4,,,,,,,,,,,,,,,,,,Windows(R) UL oob License (Public),e8885d54-1159-4cc1-ba5e-07538cc56292,,,,,,,,,,,,,,,,,,,,,,,,,,,,,,,,,,,,,,,,,,,,,,,,,,,,,,,,,,,,,,,,
2026-04-05T16:56:14.429907Z,"{'#attributes': {'Qualifiers': 16384}, '#text': 1004}",WIN-TTCPK05807O,Microsoft-Windows-Security-SPP,Application,216,4,,,,,,,,,,,,,,,,,,Windows(R) UL oob License (Private),b52d3b0c-6f0e-484c-9951-7081a09ff4c8,,,,,,,,,,,,,,,,,,,,,,,,,,,,,,,,,,,,,,,,,,,,,,,,,,,,,,,,,,,,,,,,
2026-04-05T16:56:14.436500Z,"{'#attributes': {'Qualifiers': 16384}, '#text': 1004}",WIN-TTCPK05807O,Microsoft-Windows-Security-SPP,Application,217,4,,,,,,,,,,,,,,,,,,Windows(R) UL phone License (Public),aa5fbab3-2cd8-44ab-bdba-9d729726a20d,,,,,,,,,,,,,,,,,,,,,,,,,,,,,,,,,,,,,,,,,,,,,,,,,,,,,,,,,,,,,,,,
2026-04-05T16:56:14.436958Z,"{'#attributes': {'Qualifiers': 16384}, '#text': 1004}",WIN-TTCPK05807O,Microsoft-Windows-Security-SPP,Application,218,4,,,,,,,,,,,,,,,,,,Windows(R) UL phone License (Private),dd4ac321-59be-4ed2-b7cf-7f3ac49524c8,,,,,,,,,,,,,,,,,,,,,,,,,,,,,,,,,,,,,,,,,,,,,,,,,,,,,,,,,,,,,,,,
2026-04-05T16:56:14.443112Z,"{'#attributes': {'Qualifiers': 16384}, '#text': 1004}",WIN-TTCPK05807O,Microsoft-Windows-Security-SPP,Application,219,4,,,,,,,,,,,,,,,,,,Windows(R) UL store License (Public),0fbb029c-628f-4603-b520-5dcce55bc4e8,,,,,,,,,,,,,,,,,,,,,,,,,,,,,,,,,,,,,,,,,,,,,,,,,,,,,,,,,,,,,,,,
2026-04-05T16:56:14.443626Z,"{'#attributes': {'Qualifiers': 16384}, '#text': 1004}",WIN-TTCPK05807O,Microsoft-Windows-Security-SPP,Application,220,4,,,,,,,,,,,,,,,,,,Windows(R) UL store License (Private),8e41e4b7-e301-4894-b7e7-6c8e4161ef62,,,,,,,,,,,,,,,,,,,,,,,,,,,,,,,,,,,,,,,,,,,,,,,,,,,,,,,,,,,,,,,,
2026-04-05T16:56:14.460157Z,"{'#attributes': {'Qualifiers': 16384}, '#text': 1004}",WIN-TTCPK05807O,Microsoft-Windows-Security-SPP,Application,221,4,,,,,,,,,,,,,,,,,,DefaultPpd-csvlk-pack Component PPD License,cf87d272-7158-05ce-7df4-689302c3bfd9,,,,,,,,,,,,,,,,,,,,,,,,,,,,,,,,,,,,,,,,,,,,,,,,,,,,,,,,,,,,,,,,
2026-04-05T16:56:14.477050Z,"{'#attributes': {'Qualifiers': 16384}, '#text': 1004}",WIN-TTCPK05807O,Microsoft-Windows-Security-SPP,Application,222,4,,,,,,,,,,,,,,,,,,DefaultPpd-ServerDatacenter Component PPD License,380e1238-0852-728f-00b0-42036bdd9b9b,,,,,,,,,,,,,,,,,,,,,,,,,,,,,,,,,,,,,,,,,,,,,,,,,,,,,,,,,,,,,,,,
2026-04-05T16:56:14.482530Z,"{'#attributes': {'Qualifiers': 16384}, '#text': 1004}",WIN-TTCPK05807O,Microsoft-Windows-Security-SPP,Application,223,4,,,,,,,,,,,,,,,,,,Windows(R) Publishing License (Public),a462f727-e8d8-4984-a513-703271895901,,,,,,,,,,,,,,,,,,,,,,,,,,,,,,,,,,,,,,,,,,,,,,,,,,,,,,,,,,,,,,,,
2026-04-05T16:56:14.483037Z,"{'#attributes': {'Qualifiers': 16384}, '#text': 1004}",WIN-TTCPK05807O,Microsoft-Windows-Security-SPP,Application,224,4,,,,,,,,,,,,,,,,,,Windows(R) Publishing License (Private),2abc67fd-70f2-494b-8db6-af98c44569d9,,,,,,,,,,,,,,,,,,,,,,,,,,,,,,,,,,,,,,,,,,,,,,,,,,,,,,,,,,,,,,,,
2026-04-05T16:56:14.488500Z,"{'#attributes': {'Qualifiers': 16384}, '#text': 1004}",WIN-TTCPK05807O,Microsoft-Windows-Security-SPP,Application,225,4,,,,,,,,,,,,,,,,,,Windows(R) UL oob License (Public),4f8ff72f-d822-41d8-9b03-adf245185296,,,,,,,,,,,,,,,,,,,,,,,,,,,,,,,,,,,,,,,,,,,,,,,,,,,,,,,,,,,,,,,,
2026-04-05T16:56:14.488927Z,"{'#attributes': {'Qualifiers': 16384}, '#text': 1004}",WIN-TTCPK05807O,Microsoft-Windows-Security-SPP,Application,226,4,,,,,,,,,,,,,,,,,,Windows(R) UL oob License (Private),bce9c633-fe66-4321-b741-a7549d4f47ad,,,,,,,,,,,,,,,,,,,,,,,,,,,,,,,,,,,,,,,,,,,,,,,,,,,,,,,,,,,,,,,,
2026-04-05T16:56:14.495678Z,"{'#attributes': {'Qualifiers': 16384}, '#text': 1004}",WIN-TTCPK05807O,Microsoft-Windows-Security-SPP,Application,227,4,,,,,,,,,,,,,,,,,,Windows(R) UL phone License (Public),82dd0496-1c52-4e6d-9a7c-ee1bcff16cbe,,,,,,,,,,,,,,,,,,,,,,,,,,,,,,,,,,,,,,,,,,,,,,,,,,,,,,,,,,,,,,,,
2026-04-05T16:56:14.496194Z,"{'#attributes': {'Qualifiers': 16384}, '#text': 1004}",WIN-TTCPK05807O,Microsoft-Windows-Security-SPP,Application,228,4,,,,,,,,,,,,,,,,,,Windows(R) UL phone License (Private),e4d2286f-e609-4837-a64c-404d2fc94b2f,,,,,,,,,,,,,,,,,,,,,,,,,,,,,,,,,,,,,,,,,,,,,,,,,,,,,,,,,,,,,,,,
2026-04-05T16:56:14.501920Z,"{'#attributes': {'Qualifiers': 16384}, '#text': 1004}",WIN-TTCPK05807O,Microsoft-Windows-Security-SPP,Application,229,4,,,,,,,,,,,,,,,,,,Windows(R) UL store License (Public),da5eed9e-44ed-44aa-8ee7-79308cf8b77b,,,,,,,,,,,,,,,,,,,,,,,,,,,,,,,,,,,,,,,,,,,,,,,,,,,,,,,,,,,,,,,,
2026-04-05T16:56:14.502406Z,"{'#attributes': {'Qualifiers': 16384}, '#text': 1004}",WIN-TTCPK05807O,Microsoft-Windows-Security-SPP,Application,230,4,,,,,,,,,,,,,,,,,,Windows(R) UL store License (Private),395b8363-d642-40e5-a700-eb9bba9d4239,,,,,,,,,,,,,,,,,,,,,,,,,,,,,,,,,,,,,,,,,,,,,,,,,,,,,,,,,,,,,,,,
2026-04-05T16:56:14.509088Z,"{'#attributes': {'Qualifiers': 16384}, '#text': 1004}",WIN-TTCPK05807O,Microsoft-Windows-Security-SPP,Application,231,4,,,,,,,,,,,,,,,,,,Windows(R) Publishing License (Public),d60eacfa-3a8a-4bab-9e3a-d48908690cf9,,,,,,,,,,,,,,,,,,,,,,,,,,,,,,,,,,,,,,,,,,,,,,,,,,,,,,,,,,,,,,,,
2026-04-05T16:56:14.509559Z,"{'#attributes': {'Qualifiers': 16384}, '#text': 1004}",WIN-TTCPK05807O,Microsoft-Windows-Security-SPP,Application,232,4,,,,,,,,,,,,,,,,,,Windows(R) Publishing License (Private),894ccdfb-6dbb-4038-be97-9a519bcc2b88,,,,,,,,,,,,,,,,,,,,,,,,,,,,,,,,,,,,,,,,,,,,,,,,,,,,,,,,,,,,,,,,
2026-04-05T16:56:14.555278Z,"{'#attributes': {'Qualifiers': 16384}, '#text': 1004}",WIN-TTCPK05807O,Microsoft-Windows-Security-SPP,Application,233,4,,,,,,,,,,,,,,,,,,Windows(R) UL oob License (Public),330fa963-69fa-4cba-8c2b-a23a721f1a5f,,,,,,,,,,,,,,,,,,,,,,,,,,,,,,,,,,,,,,,,,,,,,,,,,,,,,,,,,,,,,,,,
2026-04-05T16:56:14.556001Z,"{'#attributes': {'Qualifiers': 16384}, '#text': 1004}",WIN-TTCPK05807O,Microsoft-Windows-Security-SPP,Application,234,4,,,,,,,,,,,,,,,,,,Windows(R) UL oob License (Private),f23ad468-b2eb-4b03-a882-89b0f350e78f,,,,,,,,,,,,,,,,,,,,,,,,,,,,,,,,,,,,,,,,,,,,,,,,,,,,,,,,,,,,,,,,
2026-04-05T16:56:14.567978Z,"{'#attributes': {'Qualifiers': 16384}, '#text': 1004}",WIN-TTCPK05807O,Microsoft-Windows-Security-SPP,Application,235,4,,,,,,,,,,,,,,,,,,Windows(R) UL phone License (Public),f7617795-7c18-4cbb-9d09-7803dec91cca,,,,,,,,,,,,,,,,,,,,,,,,,,,,,,,,,,,,,,,,,,,,,,,,,,,,,,,,,,,,,,,,
2026-04-05T16:56:14.568492Z,"{'#attributes': {'Qualifiers': 16384}, '#text': 1004}",WIN-TTCPK05807O,Microsoft-Windows-Security-SPP,Application,236,4,,,,,,,,,,,,,,,,,,Windows(R) UL phone License (Private),55837290-df82-48f5-9bf3-cb1946b7c534,,,,,,,,,,,,,,,,,,,,,,,,,,,,,,,,,,,,,,,,,,,,,,,,,,,,,,,,,,,,,,,,
2026-04-05T16:56:14.579763Z,"{'#attributes': {'Qualifiers': 16384}, '#text': 1004}",WIN-TTCPK05807O,Microsoft-Windows-Security-SPP,Application,237,4,,,,,,,,,,,,,,,,,,Windows(R) UL store License (Public),d4fc3dd8-c9dc-45c2-b43d-cf061a4c04ba,,,,,,,,,,,,,,,,,,,,,,,,,,,,,,,,,,,,,,,,,,,,,,,,,,,,,,,,,,,,,,,,
2026-04-05T16:56:14.580253Z,"{'#attributes': {'Qualifiers': 16384}, '#text': 1004}",WIN-TTCPK05807O,Microsoft-Windows-Security-SPP,Application,238,4,,,,,,,,,,,,,,,,,,Windows(R) UL store License (Private),82e9a28a-9ff9-4bec-bcf6-a1597769f293,,,,,,,,,,,,,,,,,,,,,,,,,,,,,,,,,,,,,,,,,,,,,,,,,,,,,,,,,,,,,,,,
2026-04-05T16:56:14.591831Z,"{'#attributes': {'Qualifiers': 16384}, '#text': 1004}",WIN-TTCPK05807O,Microsoft-Windows-Security-SPP,Application,239,4,,,,,,,,,,,,,,,,,,Windows(R) Publishing License (Public),beda6f87-3540-4e8c-9120-a1c49003c456,,,,,,,,,,,,,,,,,,,,,,,,,,,,,,,,,,,,,,,,,,,,,,,,,,,,,,,,,,,,,,,,
2026-04-05T16:56:14.592341Z,"{'#attributes': {'Qualifiers': 16384}, '#text': 1004}",WIN-TTCPK05807O,Microsoft-Windows-Security-SPP,Application,240,4,,,,,,,,,,,,,,,,,,Windows(R) Publishing License (Private),3d04077a-377d-4344-b0ac-5cee7273010b,,,,,,,,,,,,,,,,,,,,,,,,,,,,,,,,,,,,,,,,,,,,,,,,,,,,,,,,,,,,,,,,
2026-04-05T16:56:14.599456Z,"{'#attributes': {'Qualifiers': 16384}, '#text': 1004}",WIN-TTCPK05807O,Microsoft-Windows-Security-SPP,Application,241,4,,,,,,,,,,,,,,,,,,Windows(R) UL oob License (Public),a1278769-41dd-4d2f-a4b2-e051d0b7fd54,,,,,,,,,,,,,,,,,,,,,,,,,,,,,,,,,,,,,,,,,,,,,,,,,,,,,,,,,,,,,,,,
2026-04-05T16:56:14.599883Z,"{'#attributes': {'Qualifiers': 16384}, '#text': 1004}",WIN-TTCPK05807O,Microsoft-Windows-Security-SPP,Application,242,4,,,,,,,,,,,,,,,,,,Windows(R) UL oob License (Private),a440455e-332f-4a9e-b672-ae75fc28e617,,,,,,,,,,,,,,,,,,,,,,,,,,,,,,,,,,,,,,,,,,,,,,,,,,,,,,,,,,,,,,,,
2026-04-05T16:56:14.607448Z,"{'#attributes': {'Qualifiers': 16384}, '#text': 1004}",WIN-TTCPK05807O,Microsoft-Windows-Security-SPP,Application,243,4,,,,,,,,,,,,,,,,,,Windows(R) UL phone License (Public),634ff7a5-8c7b-4454-b1c0-7e23443bf6cd,,,,,,,,,,,,,,,,,,,,,,,,,,,,,,,,,,,,,,,,,,,,,,,,,,,,,,,,,,,,,,,,
2026-04-05T16:56:14.608003Z,"{'#attributes': {'Qualifiers': 16384}, '#text': 1004}",WIN-TTCPK05807O,Microsoft-Windows-Security-SPP,Application,244,4,,,,,,,,,,,,,,,,,,Windows(R) UL phone License (Private),2a098ace-507e-46e4-87bb-08bbb531ca88,,,,,,,,,,,,,,,,,,,,,,,,,,,,,,,,,,,,,,,,,,,,,,,,,,,,,,,,,,,,,,,,
2026-04-05T16:56:14.618781Z,"{'#attributes': {'Qualifiers': 16384}, '#text': 1004}",WIN-TTCPK05807O,Microsoft-Windows-Security-SPP,Application,245,4,,,,,,,,,,,,,,,,,,Windows(R) UL store License (Public),bdfdd971-8405-45b4-8b9e-8fa7975924fa,,,,,,,,,,,,,,,,,,,,,,,,,,,,,,,,,,,,,,,,,,,,,,,,,,,,,,,,,,,,,,,,
2026-04-05T16:56:14.619358Z,"{'#attributes': {'Qualifiers': 16384}, '#text': 1004}",WIN-TTCPK05807O,Microsoft-Windows-Security-SPP,Application,246,4,,,,,,,,,,,,,,,,,,Windows(R) UL store License (Private),bfdcb307-0a3b-4151-a350-51499486dd33,,,,,,,,,,,,,,,,,,,,,,,,,,,,,,,,,,,,,,,,,,,,,,,,,,,,,,,,,,,,,,,,
2026-04-05T16:56:14.623621Z,"{'#attributes': {'Qualifiers': 16384}, '#text': 1004}",WIN-TTCPK05807O,Microsoft-Windows-Security-SPP,Application,247,4,,,,,,,,,,,,,,,,,,Windows(R) Publishing License (Public),bb8b37bd-ac93-47e4-baf7-8557ebde3d36,,,,,,,,,,,,,,,,,,,,,,,,,,,,,,,,,,,,,,,,,,,,,,,,,,,,,,,,,,,,,,,,
2026-04-05T16:56:14.623994Z,"{'#attributes': {'Qualifiers': 16384}, '#text': 1004}",WIN-TTCPK05807O,Microsoft-Windows-Security-SPP,Application,248,4,,,,,,,,,,,,,,,,,,Windows(R) Publishing License (Private),fb5d53c7-015f-4c3b-b1a2-88c8ceefcd96,,,,,,,,,,,,,,,,,,,,,,,,,,,,,,,,,,,,,,,,,,,,,,,,,,,,,,,,,,,,,,,,
2026-04-05T16:56:14.628890Z,"{'#attributes': {'Qualifiers': 16384}, '#text': 1004}",WIN-TTCPK05807O,Microsoft-Windows-Security-SPP,Application,249,4,,,,,,,,,,,,,,,,,,Windows(R) UL oob License (Public),10075c04-2e85-4020-8488-fabef34ca10d,,,,,,,,,,,,,,,,,,,,,,,,,,,,,,,,,,,,,,,,,,,,,,,,,,,,,,,,,,,,,,,,
2026-04-05T16:56:14.629269Z,"{'#attributes': {'Qualifiers': 16384}, '#text': 1004}",WIN-TTCPK05807O,Microsoft-Windows-Security-SPP,Application,250,4,,,,,,,,,,,,,,,,,,Windows(R) UL oob License (Private),7a810266-1e33-4816-b90f-6f6e61f28ef5,,,,,,,,,,,,,,,,,,,,,,,,,,,,,,,,,,,,,,,,,,,,,,,,,,,,,,,,,,,,,,,,
2026-04-05T16:56:14.635812Z,"{'#attributes': {'Qualifiers': 16384}, '#text': 1004}",WIN-TTCPK05807O,Microsoft-Windows-Security-SPP,Application,251,4,,,,,,,,,,,,,,,,,,Windows(R) UL phone License (Public),e9a0ab9d-ffbe-4e36-8f01-64a0ae682700,,,,,,,,,,,,,,,,,,,,,,,,,,,,,,,,,,,,,,,,,,,,,,,,,,,,,,,,,,,,,,,,
2026-04-05T16:56:14.636315Z,"{'#attributes': {'Qualifiers': 16384}, '#text': 1004}",WIN-TTCPK05807O,Microsoft-Windows-Security-SPP,Application,252,4,,,,,,,,,,,,,,,,,,Windows(R) UL phone License (Private),e2c8ae87-c617-45c7-a660-c3e530497148,,,,,,,,,,,,,,,,,,,,,,,,,,,,,,,,,,,,,,,,,,,,,,,,,,,,,,,,,,,,,,,,
2026-04-05T16:56:14.640808Z,"{'#attributes': {'Qualifiers': 16384}, '#text': 1004}",WIN-TTCPK05807O,Microsoft-Windows-Security-SPP,Application,253,4,,,,,,,,,,,,,,,,,,Windows(R) UL store License (Public),85e0de81-c6c5-4ced-90d0-8d67d1734461,,,,,,,,,,,,,,,,,,,,,,,,,,,,,,,,,,,,,,,,,,,,,,,,,,,,,,,,,,,,,,,,
2026-04-05T16:56:14.641181Z,"{'#attributes': {'Qualifiers': 16384}, '#text': 1004}",WIN-TTCPK05807O,Microsoft-Windows-Security-SPP,Application,254,4,,,,,,,,,,,,,,,,,,Windows(R) UL store License (Private),7ea6cbec-dfa0-4ea3-a23f-f7a63faec6af,,,,,,,,,,,,,,,,,,,,,,,,,,,,,,,,,,,,,,,,,,,,,,,,,,,,,,,,,,,,,,,,
2026-04-05T16:56:14.645825Z,"{'#attributes': {'Qualifiers': 16384}, '#text': 1004}",WIN-TTCPK05807O,Microsoft-Windows-Security-SPP,Application,255,4,,,,,,,,,,,,,,,,,,Windows(R) UL oob License (Public),58e7f118-6ade-441d-890f-151da7cb4b34,,,,,,,,,,,,,,,,,,,,,,,,,,,,,,,,,,,,,,,,,,,,,,,,,,,,,,,,,,,,,,,,
2026-04-05T16:56:14.646235Z,"{'#attributes': {'Qualifiers': 16384}, '#text': 1004}",WIN-TTCPK05807O,Microsoft-Windows-Security-SPP,Application,256,4,,,,,,,,,,,,,,,,,,Windows(R) UL oob License (Private),a4afd0a8-411b-4379-974a-e16e39152763,,,,,,,,,,,,,,,,,,,,,,,,,,,,,,,,,,,,,,,,,,,,,,,,,,,,,,,,,,,,,,,,
2026-04-05T16:56:14.653228Z,"{'#attributes': {'Qualifiers': 16384}, '#text': 1004}",WIN-TTCPK05807O,Microsoft-Windows-Security-SPP,Application,257,4,,,,,,,,,,,,,,,,,,Windows(R) UL oem License (Public),3b5aefc7-43b2-4e1b-b3c9-843ef58f84c3,,,,,,,,,,,,,,,,,,,,,,,,,,,,,,,,,,,,,,,,,,,,,,,,,,,,,,,,,,,,,,,,
2026-04-05T16:56:14.653630Z,"{'#attributes': {'Qualifiers': 16384}, '#text': 1004}",WIN-TTCPK05807O,Microsoft-Windows-Security-SPP,Application,258,4,,,,,,,,,,,,,,,,,,Windows(R) UL oem License (Private),47756e29-84ba-4f2d-b908-a24e2c53008d,,,,,,,,,,,,,,,,,,,,,,,,,,,,,,,,,,,,,,,,,,,,,,,,,,,,,,,,,,,,,,,,
2026-04-05T16:56:14.658133Z,"{'#attributes': {'Qualifiers': 16384}, '#text': 1004}",WIN-TTCPK05807O,Microsoft-Windows-Security-SPP,Application,259,4,,,,,,,,,,,,,,,,,,Windows(R) UL oob License (Public),2e094b81-1497-4724-8756-48f01834b7e7,,,,,,,,,,,,,,,,,,,,,,,,,,,,,,,,,,,,,,,,,,,,,,,,,,,,,,,,,,,,,,,,
2026-04-05T16:56:14.658567Z,"{'#attributes': {'Qualifiers': 16384}, '#text': 1004}",WIN-TTCPK05807O,Microsoft-Windows-Security-SPP,Application,260,4,,,,,,,,,,,,,,,,,,Windows(R) UL oob License (Private),baf5b0ae-217a-4c44-a5b9-fef980966491,,,,,,,,,,,,,,,,,,,,,,,,,,,,,,,,,,,,,,,,,,,,,,,,,,,,,,,,,,,,,,,,
2026-04-05T16:56:14.662878Z,"{'#attributes': {'Qualifiers': 16384}, '#text': 1004}",WIN-TTCPK05807O,Microsoft-Windows-Security-SPP,Application,261,4,,,,,,,,,,,,,,,,,,Windows(R) UL oem License (Public),ac427db3-7277-4865-8647-bb53cc26bcae,,,,,,,,,,,,,,,,,,,,,,,,,,,,,,,,,,,,,,,,,,,,,,,,,,,,,,,,,,,,,,,,
2026-04-05T16:56:14.663284Z,"{'#attributes': {'Qualifiers': 16384}, '#text': 1004}",WIN-TTCPK05807O,Microsoft-Windows-Security-SPP,Application,262,4,,,,,,,,,,,,,,,,,,Windows(R) UL oem License (Private),055ae9ed-8791-4480-add2-6da0030ba5ff,,,,,,,,,,,,,,,,,,,,,,,,,,,,,,,,,,,,,,,,,,,,,,,,,,,,,,,,,,,,,,,,
2026-04-05T16:56:14.667239Z,"{'#attributes': {'Qualifiers': 16384}, '#text': 1004}",WIN-TTCPK05807O,Microsoft-Windows-Security-SPP,Application,263,4,,,,,,,,,,,,,,,,,,Windows(R) Publishing License (Public),9eb49d95-b503-431e-bdb0-e6d82e7a6b95,,,,,,,,,,,,,,,,,,,,,,,,,,,,,,,,,,,,,,,,,,,,,,,,,,,,,,,,,,,,,,,,
2026-04-05T16:56:14.667693Z,"{'#attributes': {'Qualifiers': 16384}, '#text': 1004}",WIN-TTCPK05807O,Microsoft-Windows-Security-SPP,Application,264,4,,,,,,,,,,,,,,,,,,Windows(R) Publishing License (Private),d4631be3-e1e3-46cc-947c-2bb868e5aa4c,,,,,,,,,,,,,,,,,,,,,,,,,,,,,,,,,,,,,,,,,,,,,,,,,,,,,,,,,,,,,,,,
2026-04-05T16:56:14.673841Z,"{'#attributes': {'Qualifiers': 16384}, '#text': 1004}",WIN-TTCPK05807O,Microsoft-Windows-Security-SPP,Application,265,4,,,,,,,,,,,,,,,,,,Windows(R) UL oob License (Public),ae1f6e16-2355-48ac-a7f7-70dfd6131726,,,,,,,,,,,,,,,,,,,,,,,,,,,,,,,,,,,,,,,,,,,,,,,,,,,,,,,,,,,,,,,,
2026-04-05T16:56:14.674323Z,"{'#attributes': {'Qualifiers': 16384}, '#text': 1004}",WIN-TTCPK05807O,Microsoft-Windows-Security-SPP,Application,266,4,,,,,,,,,,,,,,,,,,Windows(R) UL oob License (Private),9e67b42c-842d-4fe6-b060-241c562aa728,,,,,,,,,,,,,,,,,,,,,,,,,,,,,,,,,,,,,,,,,,,,,,,,,,,,,,,,,,,,,,,,
2026-04-05T16:56:14.679603Z,"{'#attributes': {'Qualifiers': 16384}, '#text': 1004}",WIN-TTCPK05807O,Microsoft-Windows-Security-SPP,Application,267,4,,,,,,,,,,,,,,,,,,Windows(R) UL phone License (Public),c3769e55-8faa-4409-98ee-a16add3398c7,,,,,,,,,,,,,,,,,,,,,,,,,,,,,,,,,,,,,,,,,,,,,,,,,,,,,,,,,,,,,,,,
