2026-04-05T16:56:14.679992Z,"{'#attributes': {'Qualifiers': 16384}, '#text': 1004}",WIN-TTCPK05807O,Microsoft-Windows-Security-SPP,Application,268,4,,,,,,,,,,,,,,,,,,Windows(R) UL phone License (Private),448afbe9-5975-43cc-bd4e-7eb0f69d400e,,,,,,,,,,,,,,,,,,,,,,,,,,,,,,,,,,,,,,,,,,,,,,,,,,,,,,,,,,,,,,,,
2026-04-05T16:56:14.684322Z,"{'#attributes': {'Qualifiers': 16384}, '#text': 1004}",WIN-TTCPK05807O,Microsoft-Windows-Security-SPP,Application,269,4,,,,,,,,,,,,,,,,,,Windows(R) UL store License (Public),7897ab24-43b3-4197-ab3a-3856bc6332d1,,,,,,,,,,,,,,,,,,,,,,,,,,,,,,,,,,,,,,,,,,,,,,,,,,,,,,,,,,,,,,,,
2026-04-05T16:56:14.684715Z,"{'#attributes': {'Qualifiers': 16384}, '#text': 1004}",WIN-TTCPK05807O,Microsoft-Windows-Security-SPP,Application,270,4,,,,,,,,,,,,,,,,,,Windows(R) UL store License (Private),5c39f2b4-e9c6-4e94-88d4-bd5771765401,,,,,,,,,,,,,,,,,,,,,,,,,,,,,,,,,,,,,,,,,,,,,,,,,,,,,,,,,,,,,,,,
2026-04-05T16:56:14.690502Z,"{'#attributes': {'Qualifiers': 16384}, '#text': 1004}",WIN-TTCPK05807O,Microsoft-Windows-Security-SPP,Application,271,4,,,,,,,,,,,,,,,,,,Windows(R) ServerDatacenter Product PPD License,b6a2bc00-26e9-88c3-aeb0-de0a47caa1e9,,,,,,,,,,,,,,,,,,,,,,,,,,,,,,,,,,,,,,,,,,,,,,,,,,,,,,,,,,,,,,,,
2026-04-05T16:56:14.694709Z,"{'#attributes': {'Qualifiers': 16384}, '#text': 1004}",WIN-TTCPK05807O,Microsoft-Windows-Security-SPP,Application,272,4,,,,,,,,,,,,,,,,,,Windows(R) Publishing License (Public),fe124318-20d4-43c5-b170-f406410b5abc,,,,,,,,,,,,,,,,,,,,,,,,,,,,,,,,,,,,,,,,,,,,,,,,,,,,,,,,,,,,,,,,
2026-04-05T16:56:14.695155Z,"{'#attributes': {'Qualifiers': 16384}, '#text': 1004}",WIN-TTCPK05807O,Microsoft-Windows-Security-SPP,Application,273,4,,,,,,,,,,,,,,,,,,Windows(R) Publishing License (Private),dd797f23-1c2b-4d14-a870-7176a4d8c454,,,,,,,,,,,,,,,,,,,,,,,,,,,,,,,,,,,,,,,,,,,,,,,,,,,,,,,,,,,,,,,,
2026-04-05T16:56:14.699598Z,"{'#attributes': {'Qualifiers': 16384}, '#text': 1004}",WIN-TTCPK05807O,Microsoft-Windows-Security-SPP,Application,274,4,,,,,,,,,,,,,,,,,,Windows(R) UL oob License (Public),6496e2d3-9f4e-480e-9a1d-50abd456cea6,,,,,,,,,,,,,,,,,,,,,,,,,,,,,,,,,,,,,,,,,,,,,,,,,,,,,,,,,,,,,,,,
2026-04-05T16:56:14.699991Z,"{'#attributes': {'Qualifiers': 16384}, '#text': 1004}",WIN-TTCPK05807O,Microsoft-Windows-Security-SPP,Application,275,4,,,,,,,,,,,,,,,,,,Windows(R) UL oob License (Private),d6f5538a-61cb-4c6c-8bfc-13899e1ca42e,,,,,,,,,,,,,,,,,,,,,,,,,,,,,,,,,,,,,,,,,,,,,,,,,,,,,,,,,,,,,,,,
2026-04-05T16:56:14.705100Z,"{'#attributes': {'Qualifiers': 16384}, '#text': 1004}",WIN-TTCPK05807O,Microsoft-Windows-Security-SPP,Application,276,4,,,,,,,,,,,,,,,,,,Windows(R) UL phone License (Public),8707b9af-3b1a-4b6a-a379-d6af38662677,,,,,,,,,,,,,,,,,,,,,,,,,,,,,,,,,,,,,,,,,,,,,,,,,,,,,,,,,,,,,,,,
2026-04-05T16:56:14.705476Z,"{'#attributes': {'Qualifiers': 16384}, '#text': 1004}",WIN-TTCPK05807O,Microsoft-Windows-Security-SPP,Application,277,4,,,,,,,,,,,,,,,,,,Windows(R) UL phone License (Private),005ba8cd-3588-455c-84da-cd56892e861f,,,,,,,,,,,,,,,,,,,,,,,,,,,,,,,,,,,,,,,,,,,,,,,,,,,,,,,,,,,,,,,,
2026-04-05T16:56:14.709632Z,"{'#attributes': {'Qualifiers': 16384}, '#text': 1004}",WIN-TTCPK05807O,Microsoft-Windows-Security-SPP,Application,278,4,,,,,,,,,,,,,,,,,,Windows(R) UL store License (Public),96921d27-6149-4451-b40a-8671abdebe6b,,,,,,,,,,,,,,,,,,,,,,,,,,,,,,,,,,,,,,,,,,,,,,,,,,,,,,,,,,,,,,,,
2026-04-05T16:56:14.710005Z,"{'#attributes': {'Qualifiers': 16384}, '#text': 1004}",WIN-TTCPK05807O,Microsoft-Windows-Security-SPP,Application,279,4,,,,,,,,,,,,,,,,,,Windows(R) UL store License (Private),49a33413-60fb-4bc3-8a9c-ea0cb315c622,,,,,,,,,,,,,,,,,,,,,,,,,,,,,,,,,,,,,,,,,,,,,,,,,,,,,,,,,,,,,,,,
2026-04-05T16:56:14.714958Z,"{'#attributes': {'Qualifiers': 16384}, '#text': 1004}",WIN-TTCPK05807O,Microsoft-Windows-Security-SPP,Application,280,4,,,,,,,,,,,,,,,,,,Windows(R) Publishing License (Public),dbee467a-ee02-4c6a-b117-1c1abb9f8d3a,,,,,,,,,,,,,,,,,,,,,,,,,,,,,,,,,,,,,,,,,,,,,,,,,,,,,,,,,,,,,,,,
2026-04-05T16:56:14.715358Z,"{'#attributes': {'Qualifiers': 16384}, '#text': 1004}",WIN-TTCPK05807O,Microsoft-Windows-Security-SPP,Application,281,4,,,,,,,,,,,,,,,,,,Windows(R) Publishing License (Private),18267f42-98cb-4571-99fe-b26b2a088bc4,,,,,,,,,,,,,,,,,,,,,,,,,,,,,,,,,,,,,,,,,,,,,,,,,,,,,,,,,,,,,,,,
2026-04-05T16:56:14.721354Z,"{'#attributes': {'Qualifiers': 16384}, '#text': 1004}",WIN-TTCPK05807O,Microsoft-Windows-Security-SPP,Application,282,4,,,,,,,,,,,,,,,,,,Windows(R) UL oob License (Public),ae799fc5-a81f-451a-afe4-864b591bfc91,,,,,,,,,,,,,,,,,,,,,,,,,,,,,,,,,,,,,,,,,,,,,,,,,,,,,,,,,,,,,,,,
2026-04-05T16:56:14.721741Z,"{'#attributes': {'Qualifiers': 16384}, '#text': 1004}",WIN-TTCPK05807O,Microsoft-Windows-Security-SPP,Application,283,4,,,,,,,,,,,,,,,,,,Windows(R) UL oob License (Private),2f6a4df6-6d47-4f29-8b54-6773c265a89e,,,,,,,,,,,,,,,,,,,,,,,,,,,,,,,,,,,,,,,,,,,,,,,,,,,,,,,,,,,,,,,,
2026-04-05T16:56:14.729313Z,"{'#attributes': {'Qualifiers': 16384}, '#text': 1004}",WIN-TTCPK05807O,Microsoft-Windows-Security-SPP,Application,284,4,,,,,,,,,,,,,,,,,,Windows(R) UL phone License (Public),46f35d87-123d-4d0e-b9ba-31d3b1d6355e,,,,,,,,,,,,,,,,,,,,,,,,,,,,,,,,,,,,,,,,,,,,,,,,,,,,,,,,,,,,,,,,
2026-04-05T16:56:14.729723Z,"{'#attributes': {'Qualifiers': 16384}, '#text': 1004}",WIN-TTCPK05807O,Microsoft-Windows-Security-SPP,Application,285,4,,,,,,,,,,,,,,,,,,Windows(R) UL phone License (Private),24ca8644-b7de-4304-a7db-ffa1a29019cd,,,,,,,,,,,,,,,,,,,,,,,,,,,,,,,,,,,,,,,,,,,,,,,,,,,,,,,,,,,,,,,,
2026-04-05T16:56:14.734578Z,"{'#attributes': {'Qualifiers': 16384}, '#text': 1004}",WIN-TTCPK05807O,Microsoft-Windows-Security-SPP,Application,286,4,,,,,,,,,,,,,,,,,,Windows(R) UL store License (Public),b5461fb4-6624-4cf9-b4e4-2a5a9daa21f8,,,,,,,,,,,,,,,,,,,,,,,,,,,,,,,,,,,,,,,,,,,,,,,,,,,,,,,,,,,,,,,,
2026-04-05T16:56:14.734966Z,"{'#attributes': {'Qualifiers': 16384}, '#text': 1004}",WIN-TTCPK05807O,Microsoft-Windows-Security-SPP,Application,287,4,,,,,,,,,,,,,,,,,,Windows(R) UL store License (Private),cffba990-41d3-4c9f-b7e2-e2be291bbb16,,,,,,,,,,,,,,,,,,,,,,,,,,,,,,,,,,,,,,,,,,,,,,,,,,,,,,,,,,,,,,,,
2026-04-05T16:56:14.739598Z,"{'#attributes': {'Qualifiers': 16384}, '#text': 1004}",WIN-TTCPK05807O,Microsoft-Windows-Security-SPP,Application,288,4,,,,,,,,,,,,,,,,,,Windows(R) Publishing License (Public),b5affaab-9635-4c46-ab4e-bf2c46dc7049,,,,,,,,,,,,,,,,,,,,,,,,,,,,,,,,,,,,,,,,,,,,,,,,,,,,,,,,,,,,,,,,
2026-04-05T16:56:14.739988Z,"{'#attributes': {'Qualifiers': 16384}, '#text': 1004}",WIN-TTCPK05807O,Microsoft-Windows-Security-SPP,Application,289,4,,,,,,,,,,,,,,,,,,Windows(R) Publishing License (Private),67a6e0af-8fa9-4444-9b72-7aee1291eebc,,,,,,,,,,,,,,,,,,,,,,,,,,,,,,,,,,,,,,,,,,,,,,,,,,,,,,,,,,,,,,,,
2026-04-05T16:56:14.744914Z,"{'#attributes': {'Qualifiers': 16384}, '#text': 1004}",WIN-TTCPK05807O,Microsoft-Windows-Security-SPP,Application,290,4,,,,,,,,,,,,,,,,,,Windows(R) UL oob License (Public),3f2ddbdb-65e3-49b9-bed1-dc277c902d14,,,,,,,,,,,,,,,,,,,,,,,,,,,,,,,,,,,,,,,,,,,,,,,,,,,,,,,,,,,,,,,,
2026-04-05T16:56:14.745322Z,"{'#attributes': {'Qualifiers': 16384}, '#text': 1004}",WIN-TTCPK05807O,Microsoft-Windows-Security-SPP,Application,291,4,,,,,,,,,,,,,,,,,,Windows(R) UL oob License (Private),227bf08e-d4c1-4084-8ddb-37683c0d9f52,,,,,,,,,,,,,,,,,,,,,,,,,,,,,,,,,,,,,,,,,,,,,,,,,,,,,,,,,,,,,,,,
2026-04-05T16:56:14.751847Z,"{'#attributes': {'Qualifiers': 16384}, '#text': 1004}",WIN-TTCPK05807O,Microsoft-Windows-Security-SPP,Application,292,4,,,,,,,,,,,,,,,,,,Windows(R) UL phone License (Public),2a2f8e3c-e879-4c4e-963f-54fa3802113c,,,,,,,,,,,,,,,,,,,,,,,,,,,,,,,,,,,,,,,,,,,,,,,,,,,,,,,,,,,,,,,,
2026-04-05T16:56:14.752615Z,"{'#attributes': {'Qualifiers': 16384}, '#text': 1004}",WIN-TTCPK05807O,Microsoft-Windows-Security-SPP,Application,293,4,,,,,,,,,,,,,,,,,,Windows(R) UL phone License (Private),144b49a1-b4e1-4de5-8876-9dc304d8ba2c,,,,,,,,,,,,,,,,,,,,,,,,,,,,,,,,,,,,,,,,,,,,,,,,,,,,,,,,,,,,,,,,
2026-04-05T16:56:14.758372Z,"{'#attributes': {'Qualifiers': 16384}, '#text': 1004}",WIN-TTCPK05807O,Microsoft-Windows-Security-SPP,Application,294,4,,,,,,,,,,,,,,,,,,Windows(R) UL store License (Public),28ac8bd8-913e-4230-9f7c-b9ceb8e2eb49,,,,,,,,,,,,,,,,,,,,,,,,,,,,,,,,,,,,,,,,,,,,,,,,,,,,,,,,,,,,,,,,
2026-04-05T16:56:14.758876Z,"{'#attributes': {'Qualifiers': 16384}, '#text': 1004}",WIN-TTCPK05807O,Microsoft-Windows-Security-SPP,Application,295,4,,,,,,,,,,,,,,,,,,Windows(R) UL store License (Private),c755833e-f9fb-4092-8ea1-d29ef2c3e2a0,,,,,,,,,,,,,,,,,,,,,,,,,,,,,,,,,,,,,,,,,,,,,,,,,,,,,,,,,,,,,,,,
2026-04-05T16:56:14.764068Z,"{'#attributes': {'Qualifiers': 16384}, '#text': 1004}",WIN-TTCPK05807O,Microsoft-Windows-Security-SPP,Application,296,4,,,,,,,,,,,,,,,,,,Windows(R) Publishing License (Public),af880a62-5b8b-48db-ae79-82e681adf4ad,,,,,,,,,,,,,,,,,,,,,,,,,,,,,,,,,,,,,,,,,,,,,,,,,,,,,,,,,,,,,,,,
2026-04-05T16:56:14.764505Z,"{'#attributes': {'Qualifiers': 16384}, '#text': 1004}",WIN-TTCPK05807O,Microsoft-Windows-Security-SPP,Application,297,4,,,,,,,,,,,,,,,,,,Windows(R) Publishing License (Private),6a509a22-5990-47e7-adea-052aa3a1bf41,,,,,,,,,,,,,,,,,,,,,,,,,,,,,,,,,,,,,,,,,,,,,,,,,,,,,,,,,,,,,,,,
2026-04-05T16:56:14.770688Z,"{'#attributes': {'Qualifiers': 16384}, '#text': 1004}",WIN-TTCPK05807O,Microsoft-Windows-Security-SPP,Application,298,4,,,,,,,,,,,,,,,,,,Windows(R) UL oob License (Public),c65dc7aa-41e4-4fd9-be64-5e94ce2bc35e,,,,,,,,,,,,,,,,,,,,,,,,,,,,,,,,,,,,,,,,,,,,,,,,,,,,,,,,,,,,,,,,
2026-04-05T16:56:14.771098Z,"{'#attributes': {'Qualifiers': 16384}, '#text': 1004}",WIN-TTCPK05807O,Microsoft-Windows-Security-SPP,Application,299,4,,,,,,,,,,,,,,,,,,Windows(R) UL oob License (Private),f9fa81a7-ab94-4bdb-8016-02fbb654084a,,,,,,,,,,,,,,,,,,,,,,,,,,,,,,,,,,,,,,,,,,,,,,,,,,,,,,,,,,,,,,,,
2026-04-05T16:56:14.777414Z,"{'#attributes': {'Qualifiers': 16384}, '#text': 1004}",WIN-TTCPK05807O,Microsoft-Windows-Security-SPP,Application,300,4,,,,,,,,,,,,,,,,,,Windows(R) UL phone License (Public),7c1877ba-446a-4358-ab8d-57cc311d7d94,,,,,,,,,,,,,,,,,,,,,,,,,,,,,,,,,,,,,,,,,,,,,,,,,,,,,,,,,,,,,,,,
2026-04-05T16:56:14.777920Z,"{'#attributes': {'Qualifiers': 16384}, '#text': 1004}",WIN-TTCPK05807O,Microsoft-Windows-Security-SPP,Application,301,4,,,,,,,,,,,,,,,,,,Windows(R) UL phone License (Private),1b1968af-9085-4c71-8315-a92b45e282e7,,,,,,,,,,,,,,,,,,,,,,,,,,,,,,,,,,,,,,,,,,,,,,,,,,,,,,,,,,,,,,,,
2026-04-05T16:56:14.787628Z,"{'#attributes': {'Qualifiers': 16384}, '#text': 1004}",WIN-TTCPK05807O,Microsoft-Windows-Security-SPP,Application,302,4,,,,,,,,,,,,,,,,,,Windows(R) UL store License (Public),dd973658-f341-416b-9d8a-09ab91d690d9,,,,,,,,,,,,,,,,,,,,,,,,,,,,,,,,,,,,,,,,,,,,,,,,,,,,,,,,,,,,,,,,
2026-04-05T16:56:14.788183Z,"{'#attributes': {'Qualifiers': 16384}, '#text': 1004}",WIN-TTCPK05807O,Microsoft-Windows-Security-SPP,Application,303,4,,,,,,,,,,,,,,,,,,Windows(R) UL store License (Private),883a94c8-595f-45e2-9b8b-81f3f4e65661,,,,,,,,,,,,,,,,,,,,,,,,,,,,,,,,,,,,,,,,,,,,,,,,,,,,,,,,,,,,,,,,
2026-04-05T16:56:14.794750Z,"{'#attributes': {'Qualifiers': 16384}, '#text': 1004}",WIN-TTCPK05807O,Microsoft-Windows-Security-SPP,Application,304,4,,,,,,,,,,,,,,,,,,Windows(R) UL oob License (Public),19ec88ab-6374-4985-b56d-1ac767cfa049,,,,,,,,,,,,,,,,,,,,,,,,,,,,,,,,,,,,,,,,,,,,,,,,,,,,,,,,,,,,,,,,
2026-04-05T16:56:14.795603Z,"{'#attributes': {'Qualifiers': 16384}, '#text': 1004}",WIN-TTCPK05807O,Microsoft-Windows-Security-SPP,Application,305,4,,,,,,,,,,,,,,,,,,Windows(R) UL oob License (Private),9dc868e0-908a-4a45-b315-a5e96a4b5705,,,,,,,,,,,,,,,,,,,,,,,,,,,,,,,,,,,,,,,,,,,,,,,,,,,,,,,,,,,,,,,,
2026-04-05T16:56:14.800109Z,"{'#attributes': {'Qualifiers': 16384}, '#text': 1004}",WIN-TTCPK05807O,Microsoft-Windows-Security-SPP,Application,306,4,,,,,,,,,,,,,,,,,,Windows(R) UL volume License (Public),92c1dc70-92c4-40ad-8f9f-52630c925a60,,,,,,,,,,,,,,,,,,,,,,,,,,,,,,,,,,,,,,,,,,,,,,,,,,,,,,,,,,,,,,,,
2026-04-05T16:56:14.800489Z,"{'#attributes': {'Qualifiers': 16384}, '#text': 1004}",WIN-TTCPK05807O,Microsoft-Windows-Security-SPP,Application,307,4,,,,,,,,,,,,,,,,,,Windows(R) UL volume License (Private),1563ea03-d06b-4c93-9108-0d57ff2e25d3,,,,,,,,,,,,,,,,,,,,,,,,,,,,,,,,,,,,,,,,,,,,,,,,,,,,,,,,,,,,,,,,
2026-04-05T16:56:14.804982Z,"{'#attributes': {'Qualifiers': 16384}, '#text': 1004}",WIN-TTCPK05807O,Microsoft-Windows-Security-SPP,Application,308,4,,,,,,,,,,,,,,,,,,Windows(R) Publishing License (Public),125a9f26-168d-4c86-9863-a97a91251e52,,,,,,,,,,,,,,,,,,,,,,,,,,,,,,,,,,,,,,,,,,,,,,,,,,,,,,,,,,,,,,,,
2026-04-05T16:56:14.805439Z,"{'#attributes': {'Qualifiers': 16384}, '#text': 1004}",WIN-TTCPK05807O,Microsoft-Windows-Security-SPP,Application,309,4,,,,,,,,,,,,,,,,,,Windows(R) Publishing License (Private),f17a3b9a-3489-4462-a92b-e8770e3bec53,,,,,,,,,,,,,,,,,,,,,,,,,,,,,,,,,,,,,,,,,,,,,,,,,,,,,,,,,,,,,,,,
2026-04-05T16:56:14.810253Z,"{'#attributes': {'Qualifiers': 16384}, '#text': 1004}",WIN-TTCPK05807O,Microsoft-Windows-Security-SPP,Application,310,4,,,,,,,,,,,,,,,,,,Windows(R) UL oob License (Public),0f8b70c1-a3f1-4c7c-be9e-c9df4400cf85,,,,,,,,,,,,,,,,,,,,,,,,,,,,,,,,,,,,,,,,,,,,,,,,,,,,,,,,,,,,,,,,
2026-04-05T16:56:14.810694Z,"{'#attributes': {'Qualifiers': 16384}, '#text': 1004}",WIN-TTCPK05807O,Microsoft-Windows-Security-SPP,Application,311,4,,,,,,,,,,,,,,,,,,Windows(R) UL oob License (Private),57ab2efb-6db9-4f9d-be84-593fd3294e7d,,,,,,,,,,,,,,,,,,,,,,,,,,,,,,,,,,,,,,,,,,,,,,,,,,,,,,,,,,,,,,,,
2026-04-05T16:56:14.816283Z,"{'#attributes': {'Qualifiers': 16384}, '#text': 1004}",WIN-TTCPK05807O,Microsoft-Windows-Security-SPP,Application,312,4,,,,,,,,,,,,,,,,,,Windows(R) UL phone License (Public),6897f86c-b58c-4001-a1ea-23160f4d90e1,,,,,,,,,,,,,,,,,,,,,,,,,,,,,,,,,,,,,,,,,,,,,,,,,,,,,,,,,,,,,,,,
2026-04-05T16:56:14.816689Z,"{'#attributes': {'Qualifiers': 16384}, '#text': 1004}",WIN-TTCPK05807O,Microsoft-Windows-Security-SPP,Application,313,4,,,,,,,,,,,,,,,,,,Windows(R) UL phone License (Private),6c14bfb2-8734-4186-8bc5-f3bf10642768,,,,,,,,,,,,,,,,,,,,,,,,,,,,,,,,,,,,,,,,,,,,,,,,,,,,,,,,,,,,,,,,
2026-04-05T16:56:14.822286Z,"{'#attributes': {'Qualifiers': 16384}, '#text': 1004}",WIN-TTCPK05807O,Microsoft-Windows-Security-SPP,Application,314,4,,,,,,,,,,,,,,,,,,Windows(R) UL store License (Public),6e2d623b-b3e6-46a7-a6e0-d912c8c1bd05,,,,,,,,,,,,,,,,,,,,,,,,,,,,,,,,,,,,,,,,,,,,,,,,,,,,,,,,,,,,,,,,
2026-04-05T16:56:14.822652Z,"{'#attributes': {'Qualifiers': 16384}, '#text': 1004}",WIN-TTCPK05807O,Microsoft-Windows-Security-SPP,Application,315,4,,,,,,,,,,,,,,,,,,Windows(R) UL store License (Private),c3fd1155-9e76-4367-aca3-a77d8728c14c,,,,,,,,,,,,,,,,,,,,,,,,,,,,,,,,,,,,,,,,,,,,,,,,,,,,,,,,,,,,,,,,
2026-04-05T16:56:14.827101Z,"{'#attributes': {'Qualifiers': 16384}, '#text': 1004}",WIN-TTCPK05807O,Microsoft-Windows-Security-SPP,Application,316,4,,,,,,,,,,,,,,,,,,Windows(R) UL oob License (Public),5efca555-8e32-4180-bd0e-21f3aa5a8df8,,,,,,,,,,,,,,,,,,,,,,,,,,,,,,,,,,,,,,,,,,,,,,,,,,,,,,,,,,,,,,,,
2026-04-05T16:56:14.827465Z,"{'#attributes': {'Qualifiers': 16384}, '#text': 1004}",WIN-TTCPK05807O,Microsoft-Windows-Security-SPP,Application,317,4,,,,,,,,,,,,,,,,,,Windows(R) UL oob License (Private),ad003e8d-4ad1-442a-b459-c8c2206b0008,,,,,,,,,,,,,,,,,,,,,,,,,,,,,,,,,,,,,,,,,,,,,,,,,,,,,,,,,,,,,,,,
2026-04-05T16:56:14.833732Z,"{'#attributes': {'Qualifiers': 16384}, '#text': 1004}",WIN-TTCPK05807O,Microsoft-Windows-Security-SPP,Application,318,4,,,,,,,,,,,,,,,,,,Windows(R) UL inherited License (Public),d197eff0-6260-49f6-8ff8-24a4fa123235,,,,,,,,,,,,,,,,,,,,,,,,,,,,,,,,,,,,,,,,,,,,,,,,,,,,,,,,,,,,,,,,
2026-04-05T16:56:14.834123Z,"{'#attributes': {'Qualifiers': 16384}, '#text': 1004}",WIN-TTCPK05807O,Microsoft-Windows-Security-SPP,Application,319,4,,,,,,,,,,,,,,,,,,Windows(R) UL inherited License (Private),b6e5b0c1-e5cf-487a-a006-29552f9fa38d,,,,,,,,,,,,,,,,,,,,,,,,,,,,,,,,,,,,,,,,,,,,,,,,,,,,,,,,,,,,,,,,
2026-04-05T16:56:15.048454Z,"{'#attributes': {'Qualifiers': 16384}, '#text': 1016}",WIN-TTCPK05807O,Microsoft-Windows-Security-SPP,Application,320,4,,,,,,,,,,,,,,,,,,10d661ba-f2e3-445c-8e92-200e1e05e9e1,238bef91-3d07-63c3-fe9d-2d52dc23591e,,,,,,,,,,,,,,,,,,,,,,,,,,,,,,,,,,,,,,,,,,,,,,,,,,,,,,,,,,,,,,,,
2026-04-05T16:56:15.187793Z,"{'#attributes': {'Qualifiers': 16384}, '#text': 1034}",WIN-TTCPK05807O,Microsoft-Windows-Security-SPP,Application,321,4,,,,,,,,,,,,,,,,,,AAD-AddDeviceJoinUserToAdminGroup-Policy,100,,,,,,,,,,,,,,,,,,,,,,,,,,,,,,,,,,,,,,,,,,,,,,,,,,,,,,,,,,,,,,,,
2026-04-05T16:56:15.188465Z,"{'#attributes': {'Qualifiers': 16384}, '#text': 1034}",WIN-TTCPK05807O,Microsoft-Windows-Security-SPP,Application,322,4,,,,,,,,,,,,,,,,,,Security-SPP-WriteWauMarker,500,,,,,,,,,,,,,,,,,,,,,,,,,,,,,,,,,,,,,,,,,,,,,,,,,,,,,,,,,,,,,,,,
2026-04-05T16:56:15.310067Z,"{'#attributes': {'Qualifiers': 16384}, '#text': 1003}",WIN-TTCPK05807O,Microsoft-Windows-Security-SPP,Application,323,4,,,,,,,,,,,,,,,,,,55c92734-d682-4d71-983e-d6ec3f16059f,"
1: 0b646350-5349-4013-b1be-4100d1a7fa38, 1, 0 [(0 [0xC004F014, 0, 0], [(?)(?)(?)(?)(?)(?)(?)(?)])(1 )(2 )(3 )]
2: 10d661ba-f2e3-445c-8e92-200e1e05e9e1, 1, 0 [(0 )(1 )(2 [0xC004E003, 0, 0], [( 1 0xC004F034)( 1 0xC004F034)(?)(?)(?)(?)(?)(?)])(3 [0x00000000, 0, 0], [( 6 0xC004F009 0 0)( 1 0x00000000)( 6 0xC004F009 0 0)(?)(?)(?)( 10 0x00000000 msft:rm/algorithm/flags/1.0)( 11 0x00000000 0xC004F034)])]
3: 2033816d-9d16-44bb-8f08-412ff45f38bf, 1, 0 [(0 [0xC004F014, 0, 0], [(?)(?)(?)(?)(?)(?)(?)(?)])(1 )(2 )(3 )]
4: 653ae55c-1d53-427b-be51-15bc1841fca7, 1, 0 [(0 [0xC004F014, 0, 0], [(?)(?)(?)(?)(?)(?)(?)(?)])(1 )(2 )(3 )]
5: 66c20db7-ff1e-4f87-a915-4e03715da35f, 1, 0 [(0 [0xC004F014, 0, 0], [(?)(?)(?)(?)(?)(?)(?)(?)])(1 )(2 )(3 )]
6: 6bad0243-1c35-46b2-b8e6-7a853e37413f, 1, 0 [(0 [0xC004F014, 0, 0], [(?)(?)(?)(?)(?)(?)(?)(?)])(1 )(2 )(3 )]
7: 82fcf64d-f9dd-4411-9c79-f2eed16d4eb8, 1, 0 [(0 [0xC004F014, 0, 0], [(?)(?)(?)(?)(?)(?)(?)(?)])(1 )(2 )(3 )]
8: 84e331f6-4279-48c4-ab10-b75139181351, 1, 0 [(0 [0xC004F014, 0, 0], [(?)(?)(?)(?)(?)(?)(?)(?)])(1 )(2 )(3 )]
9: 9e232465-2ade-4a33-a277-702010a84adb, 1, 0 [(0 [0xC004F014, 0, 0], [(?)(?)(?)(?)(?)(?)(?)(?)])(1 )(2 )(3 )]
10: a1da5f8f-7553-42c5-b0b4-6f27c4d74240, 1, 0 [(0 [0xC004F014, 0, 0], [(?)(?)(?)(?)(?)(?)(?)(?)])(1 )(2 )(3 )]
11: a2004bef-6ff1-48f9-8328-41ce1cd5ee79, 1, 0 [(0 [0xC004F014, 0, 0], [(?)(?)(?)(?)(?)(?)(?)(?)])(1 )(2 )(3 )]
12: c052f164-cdf6-409a-a0cb-853ba0f0f55a, 1, 0 [(0 [0xC004F014, 0, 0], [(?)(?)(?)(?)(?)(?)(?)(?)])(1 )(2 )(3 )]
13: e5b79126-7250-4d27-ad42-0eeb23db5771, 1, 0 [(0 [0xC004F014, 0, 0], [(?)(?)(?)(?)(?)(?)(?)(?)])(1 )(2 )(3 )]
14: f15a5790-90b7-4674-8fd4-e187ba426ad2, 1, 0 [(0 [0xC004F014, 0, 0], [(?)(?)(?)(?)(?)(?)(?)(?)])(1 )(2 )(3 )]

",,,,,,,,,,,,,,,,,,,,,,,,,,,,,,,,,,,,,,,,,,,,,,,,,,,,,,,,,,,,,,,,
2026-04-05T16:56:15.424837Z,"{'#attributes': {'Qualifiers': 16384}, '#text': 16388}",WIN-TTCPK05807O,Microsoft-Windows-Security-SPP,Application,324,4,,,,,,,,,,,,,,,,,,2026-04-05T16:56:15Z,2026-04-05T16:56:15Z,,,,,,,,,,,,,,,,,,,,,,,,,,,,,,,,,,,,,,,,,,,,,,,,,,,,,,,,,,,,,,,,
2026-04-05T16:56:15.479000Z,"{'#attributes': {'Qualifiers': 16384}, '#text': 1061}",WIN-TTCPK05807O,Microsoft-Windows-Security-SPP,Application,325,4,,,,,,,,,,,,,,,,,,79,8,,,,,,,,,,,,,,,,,,,,,,,,,,,,,,,,,,,,,,,,,,,,,,,,,,,,,,,,,,,,,,,,
2026-04-05T16:56:15.480198Z,"{'#attributes': {'Qualifiers': 16384}, '#text': 902}",WIN-TTCPK05807O,Microsoft-Windows-Security-SPP,Application,326,0,,,,,,,,,,,,,,,,,10.0.26100.1742,,,,,,,,,,,,,,,,,,,,,,,,,,,,,,,,,,,,,,,,,,,,,,,,,,,,,,,,,,,,,,,,,,
2026-04-05T16:56:15.642219Z,"{'#attributes': {'Qualifiers': 49152}, '#text': 16398}",WIN-TTCPK05807O,Microsoft-Windows-Security-SPP,Application,327,2,,,,,,,,,,,,,,,,,,0x80070490,No grace timer found,,,,,,,,,,,,,,,,,,,,,,,,,,,,,,,,,,,,,,,,,,,,,,,,,,,,,,,,,,,,,,,,
2026-04-05T16:56:15.650894Z,"{'#attributes': {'Qualifiers': 16384}, '#text': 8230}",WIN-TTCPK05807O,Microsoft-Windows-Security-SPP,Application,328,4,,,,,,,,,,,,,,,,,Security-SPP-Action-StateData (REG_SZ) =AppId=55c92734-d682-4d71-983e-d6ec3f16059f;LastConsumptionReason=0xc004f034;LastNotificationId=NeverActivated;LicenseState=SL_LICENSING_STATUS_NOTIFICATION;PartialProductKey=FVYT6;ProductKeyType=Volume:MAK;SkuId=10d661ba-f2e3-445c-8e92-200e1e05e9e1;ruleId=31e71c49-8da7-4a2f-ad92-45d98a1c79ba;uxDifferentiator=RETAIL,,,,,,,,,,,,,,,,,,,,,,,,,,,,,,,,,,,,,,,,,,,,,,,,,,,,,,,,,,,,,,,,,,
2026-04-05T16:56:15.784306Z,"{'#attributes': {'Qualifiers': 16384}, '#text': 16388}",WIN-TTCPK05807O,Microsoft-Windows-Security-SPP,Application,329,4,,,,,,,,,,,,,,,,,,2026-04-05T16:56:15Z,2026-04-05T16:56:15Z,,,,,,,,,,,,,,,,,,,,,,,,,,,,,,,,,,,,,,,,,,,,,,,,,,,,,,,,,,,,,,,,
2026-04-05T16:56:15.812150Z,"{'#attributes': {'Qualifiers': 49152}, '#text': 8198}",WIN-TTCPK05807O,Microsoft-Windows-Security-SPP,Application,330,2,,,,,,,,,,,,,,,,,,hr=0x80004005,RuleId=31e71c49-8da7-4a2f-ad92-45d98a1c79ba;Action=AutoActivate;AppId=55c92734-d682-4d71-983e-d6ec3f16059f;SkuId=10d661ba-f2e3-445c-8e92-200e1e05e9e1;NotificationInterval=1440;Trigger=TimerEvent,,,,,,,,,,,,,,,,,,,,,,,,,,,,,,,,,,,,,,,,,,,,,,,,,,,,,,,,,,,,,,,,
2026-04-05T16:56:15.963423Z,"{'#attributes': {'Qualifiers': 49152}, '#text': 16398}",WIN-TTCPK05807O,Microsoft-Windows-Security-SPP,Application,331,2,,,,,,,,,,,,,,,,,,0x80070490,No grace timer found,,,,,,,,,,,,,,,,,,,,,,,,,,,,,,,,,,,,,,,,,,,,,,,,,,,,,,,,,,,,,,,,
2026-04-05T16:56:15.970815Z,"{'#attributes': {'Qualifiers': 16384}, '#text': 8230}",WIN-TTCPK05807O,Microsoft-Windows-Security-SPP,Application,332,4,,,,,,,,,,,,,,,,,Security-SPP-Action-StateData (REG_SZ) =AppId=55c92734-d682-4d71-983e-d6ec3f16059f;LastConsumptionReason=0xc004f034;LastNotificationId=NeverActivated;LicenseState=SL_LICENSING_STATUS_NOTIFICATION;PartialProductKey=FVYT6;ProductKeyType=Volume:MAK;SkuId=10d661ba-f2e3-445c-8e92-200e1e05e9e1;ruleId=31e71c49-8da7-4a2f-ad92-45d98a1c79ba;uxDifferentiator=RETAIL,,,,,,,,,,,,,,,,,,,,,,,,,,,,,,,,,,,,,,,,,,,,,,,,,,,,,,,,,,,,,,,,,,
2026-04-05T16:56:22.826919Z,1001,WIN-TTCPK05807O,Windows Error Reporting,Application,333,4,,,,,,,,0,,,0,0,,,,,,,,,,,,,,,,,,,,,WindowsWcpOtherFailure3,,,,,,,10.0.26100.1738:3,,wcp\sil\ntsystem.cpp,Windows::Rtl::SystemImplementation::DirectFileSystemProvider::SysCreateFile,3485,c0000034,0xfedb2bd9,,,,,,,,0,a471c30f-9c86-48a8-bd4e-2d517997a750,4,Not available,,,,,\\?\C:\ProgramData\Microsoft\Windows\WER\ReportQueue\Critical_10.0.26100.1738__652b4df259421a41af73aa4c142a3987d5dd83e_00000000_a471c30f-9c86-48a8-bd4e-2d517997a750,,,,,,,,,,,,,,,,,,,,,
2026-04-05T16:56:22.839843Z,1001,WIN-TTCPK05807O,Windows Error Reporting,Application,334,4,,,,,"
\\?\C:\Windows\Logs\CBS\CBS.log
\\?\C:\WINDOWS\servicing\Sessions\Sessions.xml
\\?\C:\WINDOWS\WinSxs\poqexec.log
\\?\C:\WINDOWS\Logs\Cbs\FilterList.log",,,0,,,0,0,,,,,,,,,,,,,,,,,,,,,WindowsWcpOtherFailure3,,,,,,,10.0.26100.1738:3,,wcp\sil\ntsystem.cpp,Windows::Rtl::SystemImplementation::DirectFileSystemProvider::SysCreateFile,3485,c0000034,0xfedb2bd9,,,,,,,,0,a471c30f-9c86-48a8-bd4e-2d517997a750,262148,Not available,,,,,NULL,,,,,,,,,,,,,,,,,,,,,
2026-04-05T16:56:24.378549Z,1001,WIN-TTCPK05807O,Windows Error Reporting,Application,335,4,,,,,"
\\?\C:\ProgramData\Microsoft\Windows\WER\Temp\WER.849b26ac-1840-45be-b1d2-5d8d0062dc3d.tmp.WERInternalMetadata.xml",,2196935754582163607,5,,,0,0,,,,,,,,,,,,,,,,,,,,,WindowsWcpOtherFailure3,,3b04e75cb2869150ce7d156dce398097,,,,,10.0.26100.1738:3,,wcp\sil\ntsystem.cpp,Windows::Rtl::SystemImplementation::DirectFileSystemProvider::SysCreateFile,3485,c0000034,0xfedb2bd9,,,,,,,,0,a471c30f-9c86-48a8-bd4e-2d517997a750,268435456,Not available,,,,,\\?\C:\ProgramData\Microsoft\Windows\WER\ReportArchive\Critical_10.0.26100.1738__652b4df259421a41af73aa4c142a3987d5dd83e_00000000_a471c30f-9c86-48a8-bd4e-2d517997a750,,,,,,,,,,,,,,,,,,,,,
2026-04-05T16:56:46.125598Z,"{'#attributes': {'Qualifiers': 16384}, '#text': 16384}",WIN-TTCPK05807O,Microsoft-Windows-Security-SPP,Application,336,4,,,,,,,,,,,,,,,,,,2026-04-06T16:55:45Z,RulesEngine,,,,,,,,,,,,,,,,,,,,,,,,,,,,,,,,,,,,,,,,,,,,,,,,,,,,,,,,,,,,,,,,
2026-04-05T16:56:48.821924Z,"{'#attributes': {'Qualifiers': 16384}, '#text': 903}",WIN-TTCPK05807O,Microsoft-Windows-Security-SPP,Application,337,0,,,,,,,,,,,,,,,,,,,,,,,,,,,,,,,,,,,,,,,,,,,,,,,,,,,,,,,,,,,,,,,,,,,,,,,,,,,,,,,,,,,
2026-04-05T16:57:12.963190Z,5617,WIN-TTCPK05807O,Microsoft-Windows-WMI,Application,338,4,,,,,,,,,,,,,,,,,,,,,,,,,,,,,,,,,,,,,,,,,,,,,,,,,,,,,,,,,,,,,,,,,,,,,,,,,,,,,,,,,,,
2026-04-05T16:57:15.099707Z,"{'#attributes': {'Qualifiers': 32768}, '#text': 6003}",WIN-TTCPK05807O,Microsoft-Windows-Winlogon,Application,339,4,,,,,,D9060000,,,,,,,,,,,SessionEnv,,,,,,,,,,,,,,,,,,,,,,,,,,,,,,,,,,,,,,,,,,,,,,,,,,,,,,,,,,,,,,,,,,
2026-04-05T16:57:15.583512Z,"{'#attributes': {'Qualifiers': 32768}, '#text': 6000}",WIN-TTCPK05807O,Microsoft-Windows-Winlogon,Application,340,4,,,,,,D9060000,,,,,,,,,,,SessionEnv,,,,,,,,,,,,,,,,,,,,,,,,,,,,,,,,,,,,,,,,,,,,,,,,,,,,,,,,,,,,,,,,,,
2026-04-05T16:57:16.262442Z,"{'#attributes': {'Qualifiers': 49152}, '#text': 16394}",WIN-TTCPK05807O,Microsoft-Windows-Security-SPP,Application,341,4,,,,,,,,,,,,,,,,,,,,,,,,,,,,,,,,,,,,,,,,,,,,,,,,,,,,,,,,,,,,,,,,,,,,,,,,,,,,,,,,,,,
2026-04-05T16:57:16.327946Z,"{'#attributes': {'Qualifiers': 16384}, '#text': 16389}",WIN-TTCPK05807O,Microsoft-Windows-Security-SPP,Application,342,4,,,,,,,,,,,,,,,,,0xC004D30B,,,,,,,,,,,,,,,,,,,,,,,,,,,,,,,,,,,,,,,,,,,,,,,,,,,,,,,,,,,,,,,,,,
2026-04-05T16:57:16.956473Z,"{'#attributes': {'Qualifiers': 49152}, '#text': 8198}",WIN-TTCPK05807O,Microsoft-Windows-Security-SPP,Application,343,2,,,,,,,,,,,,,,,,,,hr=0x80004005,RuleId=31e71c49-8da7-4a2f-ad92-45d98a1c79ba;Action=AutoActivate;AppId=55c92734-d682-4d71-983e-d6ec3f16059f;SkuId=10d661ba-f2e3-445c-8e92-200e1e05e9e1;NotificationInterval=1440;Trigger=UserLogon;SessionId=1,,,,,,,,,,,,,,,,,,,,,,,,,,,,,,,,,,,,,,,,,,,,,,,,,,,,,,,,,,,,,,,,
2026-04-05T16:57:47.080220Z,"{'#attributes': {'Qualifiers': 16384}, '#text': 16384}",WIN-TTCPK05807O,Microsoft-Windows-Security-SPP,Application,344,4,,,,,,,,,,,,,,,,,,2026-04-06T16:56:47Z,RulesEngine,,,,,,,,,,,,,,,,,,,,,,,,,,,,,,,,,,,,,,,,,,,,,,,,,,,,,,,,,,,,,,,,
2026-04-05T16:58:12.334103Z,"{'#attributes': {'Qualifiers': 16384}, '#text': 4202}",WIN-TTCPK05807O,Microsoft-Windows-MSDTC 2,Application,345,4,,,,,,,,,,,,,,,,,,,,,,,,,,,,,,,,,,,,,,,,,,,,,,,,,,,,,,,,,,,,,,,,,,,,,,,,0,0,0,1,0,0,0,0,0,1,Mutual Authentication Required,NT AUTHORITY\NetworkService
2026-04-05T16:58:12.442571Z,"{'#attributes': {'Qualifiers': 16384}, '#text': 900}",WIN-TTCPK05807O,Microsoft-Windows-Security-SPP,Application,346,4,,,,,,,,,,,,,,,,,<explicit>,,,,,,,,,,,,,,,,,,,,,,,,,,,,,,,,,,,,,,,,,,,,,,,,,,,,,,,,,,,,,,,,,,
2026-04-05T16:58:12.604853Z,"{'#attributes': {'Qualifiers': 49152}, '#text': 16394}",WIN-TTCPK05807O,Microsoft-Windows-Security-SPP,Application,347,4,,,,,,,,,,,,,,,,,,,,,,,,,,,,,,,,,,,,,,,,,,,,,,,,,,,,,,,,,,,,,,,,,,,,,,,,,,,,,,,,,,,
2026-04-05T16:58:12.791795Z,"{'#attributes': {'Qualifiers': 16384}, '#text': 16389}",WIN-TTCPK05807O,Microsoft-Windows-Security-SPP,Application,348,4,,,,,,,,,,,,,,,,,0xC004D30B,,,,,,,,,,,,,,,,,,,,,,,,,,,,,,,,,,,,,,,,,,,,,,,,,,,,,,,,,,,,,,,,,,
2026-04-05T16:59:17.218502Z,"{'#attributes': {'Qualifiers': 16384}, '#text': 16384}",WIN-TTCPK05807O,Microsoft-Windows-Security-SPP,Application,349,4,,,,,,,,,,,,,,,,,,2026-04-06T16:56:17Z,RulesEngine,,,,,,,,,,,,,,,,,,,,,,,,,,,,,,,,,,,,,,,,,,,,,,,,,,,,,,,,,,,,,,,,
2026-04-05T17:01:28.673859Z,1000,WIN-TTCPK05807O,Microsoft-Windows-LoadPerf,Application,350,4,,,,,,,,,,,,,,,,,,,,,,,,,,,,,,,,,,,,,,,,,,,,,,,,,,,,,,,,,,,,,,,,,,,,LoadPerf,C82600006E270000,8,,WmiApRpl,,,,WmiApRpl,,,,,,,
2026-04-05T17:02:47.327749Z,"{'#attributes': {'Qualifiers': 49152}, '#text': 16394}",WIN-TTCPK05807O,Microsoft-Windows-Security-SPP,Application,351,4,,,,,,,,,,,,,,,,,,,,,,,,,,,,,,,,,,,,,,,,,,,,,,,,,,,,,,,,,,,,,,,,,,,,,,,,,,,,,,,,,,,
2026-04-05T17:02:47.372856Z,"{'#attributes': {'Qualifiers': 16384}, '#text': 16389}",WIN-TTCPK05807O,Microsoft-Windows-Security-SPP,Application,352,4,,,,,,,,,,,,,,,,,0xC004D30B,,,,,,,,,,,,,,,,,,,,,,,,,,,,,,,,,,,,,,,,,,,,,,,,,,,,,,,,,,,,,,,,,,
2026-04-05T17:03:08.546398Z,1001,WIN-TTCPK05807O,Windows Error Reporting,Application,353,4,,,,,,,,0,,,0,0,,,,,,,,,,,,,,,,,,,,,WindowsWcpOtherFailure3,,,,,,,10.0.26100.1738:3,,wcp\sil\ntsystem.cpp,Windows::Rtl::SystemImplementation::DirectFileSystemProvider::SysCreateFile,3485,c0000034,0xfedb2bd9,,,,,,,,0,be6ead9b-d385-44c6-b1e6-b95d77844df7,4,Not available,,,,,\\?\C:\ProgramData\Microsoft\Windows\WER\ReportQueue\Critical_10.0.26100.1738__652b4df259421a41af73aa4c142a3987d5dd83e_00000000_be6ead9b-d385-44c6-b1e6-b95d77844df7,,,,,,,,,,,,,,,,,,,,,
2026-04-05T17:03:08.592062Z,1001,WIN-TTCPK05807O,Windows Error Reporting,Application,354,4,,,,,"
\\?\C:\Windows\Logs\CBS\CBS.log
\\?\C:\WINDOWS\servicing\Sessions\Sessions.xml
\\?\C:\WINDOWS\WinSxs\poqexec.log
\\?\C:\WINDOWS\Logs\Cbs\FilterList.log",,,0,,,0,0,,,,,,,,,,,,,,,,,,,,,WindowsWcpOtherFailure3,,,,,,,10.0.26100.1738:3,,wcp\sil\ntsystem.cpp,Windows::Rtl::SystemImplementation::DirectFileSystemProvider::SysCreateFile,3485,c0000034,0xfedb2bd9,,,,,,,,0,be6ead9b-d385-44c6-b1e6-b95d77844df7,262148,Not available,,,,,NULL,,,,,,,,,,,,,,,,,,,,,
2026-04-05T17:03:17.165814Z,1001,WIN-TTCPK05807O,Windows Error Reporting,Application,355,4,,,,,"
\\?\C:\ProgramData\Microsoft\Windows\WER\Temp\WER.81b7be38-e20b-4827-9aa5-bee2c43c7c0f.tmp.WERInternalMetadata.xml",,2196935754582163607,5,,,0,0,,,,,,,,,,,,,,,,,,,,,WindowsWcpOtherFailure3,,3b04e75cb2869150ce7d156dce398097,,,,,10.0.26100.1738:3,,wcp\sil\ntsystem.cpp,Windows::Rtl::SystemImplementation::DirectFileSystemProvider::SysCreateFile,3485,c0000034,0xfedb2bd9,,,,,,,,0,be6ead9b-d385-44c6-b1e6-b95d77844df7,268435456,Not available,,,,,\\?\C:\ProgramData\Microsoft\Windows\WER\ReportArchive\Critical_10.0.26100.1738__652b4df259421a41af73aa4c142a3987d5dd83e_00000000_be6ead9b-d385-44c6-b1e6-b95d77844df7,,,,,,,,,,,,,,,,,,,,,
2026-04-05T17:04:17.293209Z,"{'#attributes': {'Qualifiers': 16384}, '#text': 16384}",WIN-TTCPK05807O,Microsoft-Windows-Security-SPP,Application,356,4,,,,,,,,,,,,,,,,,,2026-04-06T16:56:17Z,RulesEngine,,,,,,,,,,,,,,,,,,,,,,,,,,,,,,,,,,,,,,,,,,,,,,,,,,,,,,,,,,,,,,,,
2026-04-05T17:04:19.265983Z,"{'#attributes': {'Qualifiers': 49152}, '#text': 16394}",WIN-TTCPK05807O,Microsoft-Windows-Security-SPP,Application,357,4,,,,,,,,,,,,,,,,,,,,,,,,,,,,,,,,,,,,,,,,,,,,,,,,,,,,,,,,,,,,,,,,,,,,,,,,,,,,,,,,,,,
2026-04-05T17:04:19.322562Z,"{'#attributes': {'Qualifiers': 16384}, '#text': 16389}",WIN-TTCPK05807O,Microsoft-Windows-Security-SPP,Application,358,4,,,,,,,,,,,,,,,,,0xC004D30B,,,,,,,,,,,,,,,,,,,,,,,,,,,,,,,,,,,,,,,,,,,,,,,,,,,,,,,,,,,,,,,,,,
2026-04-05T17:04:54.229556Z,"{'#attributes': {'Qualifiers': 16384}, '#text': 16384}",WIN-TTCPK05807O,Microsoft-Windows-Security-SPP,Application,359,4,,,,,,,,,,,,,,,,,,2026-04-06T16:56:54Z,RulesEngine,,,,,,,,,,,,,,,,,,,,,,,,,,,,,,,,,,,,,,,,,,,,,,,,,,,,,,,,,,,,,,,,
2026-04-05T17:18:52.033781Z,"{'#attributes': {'Qualifiers': 32768}, '#text': 6000}",WIN-TTCPK05807O,Microsoft-Windows-Winlogon,Application,360,4,,,,,,D9060000,,,,,,,,,,,SessionEnv,,,,,,,,,,,,,,,,,,,,,,,,,,,,,,,,,,,,,,,,,,,,,,,,,,,,,,,,,,,,,,,,,,
2026-04-05T17:20:05.274891Z,1532,WIN-TTCPK05807O,Microsoft-Windows-User Profiles Service,Application,361,4,,,,,,,,,,,,,,,,,,,,,,,,,,,,,,,,,,,,,,,,,,,,,,,,,,,,,,,,,,,,,,,,,,,,,,,,,,,,,,,,,,,
2026-04-05T17:20:18.664596Z,1531,WIN-TTCPK05807O,Microsoft-Windows-User Profiles Service,Application,362,4,,,,,,,,,,,,,,,,,,,,,,,,,,,,,,,,,,,,,,,,,,,,,,,,,,,,,,,,,,,,,,,,,,,,,,,,,,,,,,,,,,,
2026-04-05T17:20:19.581361Z,5615,WIN-TTCPK05807O,Microsoft-Windows-WMI,Application,363,4,,,,,,,,,,,,,,,,,,,,,,,,,,,,,,,,,,,,,,,,,,,,,,,,,,,,,,,,,,,,,,,,,,,,,,,,,,,,,,,,,,,
2026-04-05T17:20:23.025561Z,"{'#attributes': {'Qualifiers': 16384}, '#text': 900}",WIN-TTCPK05807O,Microsoft-Windows-Security-SPP,Application,364,4,,,,,,,,,,,,,,,,,TriggerStarted:6,,,,,,,,,,,,,,,,,,,,,,,,,,,,,,,,,,,,,,,,,,,,,,,,,,,,,,,,,,,,,,,,,,
2026-04-05T17:20:23.434124Z,"{'#attributes': {'Qualifiers': 49152}, '#text': 16394}",WIN-TTCPK05807O,Microsoft-Windows-Security-SPP,Application,365,4,,,,,,,,,,,,,,,,,,,,,,,,,,,,,,,,,,,,,,,,,,,,,,,,,,,,,,,,,,,,,,,,,,,,,,,,,,,,,,,,,,,
2026-04-05T17:20:23.679901Z,"{'#attributes': {'Qualifiers': 16384}, '#text': 1066}",WIN-TTCPK05807O,Microsoft-Windows-Security-SPP,Application,366,4,,,,,,,,,,,,,,,,,"C:\WINDOWS\system32\sppwinob.dll, msft:spp/windowsfunctionality/agent/7.0, 0x00000000, 0x00000000
C:\WINDOWS\system32\sppobjs.dll, msft:rm/algorithm/inherited/1.0, 0x00000000, 0x00000000
C:\WINDOWS\system32\sppobjs.dll, msft:rm/algorithm/phone/1.0, 0x00000000, 0x00000000
C:\WINDOWS\system32\sppobjs.dll, msft:rm/algorithm/pkey/detect, 0x00000000, 0x00000000
C:\WINDOWS\system32\sppobjs.dll, msft:spp/ActionScheduler/1.0, 0x00000000, 0x00000000
C:\WINDOWS\system32\sppobjs.dll, msft:spp/TaskScheduler/1.0, 0x00000000, 0x00000000
C:\WINDOWS\system32\sppobjs.dll, msft:spp/statecollector/pkey, 0x00000000, 0x00000000
C:\WINDOWS\system32\sppobjs.dll, msft:spp/volume/services/kms/1.0, 0x00000000, 0x00000000
C:\WINDOWS\system32\sppobjs.dll, msft:spp/volume/services/kms/activationinfo/1.0, 0x00000000, 0x00000000
",,,,,,,,,,,,,,,,,,,,,,,,,,,,,,,,,,,,,,,,,,,,,,,,,,,,,,,,,,,,,,,,,,
2026-04-05T17:20:24.000002Z,"{'#attributes': {'Qualifiers': 16384}, '#text': 1004}",WIN-TTCPK05807O,Microsoft-Windows-Security-SPP,Application,367,4,,,,,,,,,,,,,,,,,,XrML 2.1 License - Product Key Configuration,06a4dd30-84b7-4fd2-b859-f1eddb0858f5,,,,,,,,,,,,,,,,,,,,,,,,,,,,,,,,,,,,,,,,,,,,,,,,,,,,,,,,,,,,,,,,
2026-04-05T17:20:24.016960Z,"{'#attributes': {'Qualifiers': 16384}, '#text': 1004}",WIN-TTCPK05807O,Microsoft-Windows-Security-SPP,Application,368,4,,,,,,,,,,,,,,,,,,Windows(R) csvlk-pack Product PPD License,c354cf95-648c-b1b3-6e2d-5a239a905988,,,,,,,,,,,,,,,,,,,,,,,,,,,,,,,,,,,,,,,,,,,,,,,,,,,,,,,,,,,,,,,,
2026-04-05T17:20:24.033539Z,"{'#attributes': {'Qualifiers': 16384}, '#text': 1004}",WIN-TTCPK05807O,Microsoft-Windows-Security-SPP,Application,369,4,,,,,,,,,,,,,,,,,,Windows(R) Publishing License (Public),6dfd5e12-d932-40be-9c21-5437e810261e,,,,,,,,,,,,,,,,,,,,,,,,,,,,,,,,,,,,,,,,,,,,,,,,,,,,,,,,,,,,,,,,
2026-04-05T17:20:24.034594Z,"{'#attributes': {'Qualifiers': 16384}, '#text': 1004}",WIN-TTCPK05807O,Microsoft-Windows-Security-SPP,Application,370,4,,,,,,,,,,,,,,,,,,Windows(R) Publishing License (Private),f8b8b08b-7210-4a75-8508-808ba901af34,,,,,,,,,,,,,,,,,,,,,,,,,,,,,,,,,,,,,,,,,,,,,,,,,,,,,,,,,,,,,,,,
2026-04-05T17:20:24.057818Z,"{'#attributes': {'Qualifiers': 16384}, '#text': 1004}",WIN-TTCPK05807O,Microsoft-Windows-Security-SPP,Application,371,4,,,,,,,,,,,,,,,,,,Windows(R) UL oob License (Public),7180897a-59d0-4c6f-a749-fa5de4986d22,,,,,,,,,,,,,,,,,,,,,,,,,,,,,,,,,,,,,,,,,,,,,,,,,,,,,,,,,,,,,,,,
2026-04-05T17:20:24.058860Z,"{'#attributes': {'Qualifiers': 16384}, '#text': 1004}",WIN-TTCPK05807O,Microsoft-Windows-Security-SPP,Application,372,4,,,,,,,,,,,,,,,,,,Windows(R) UL oob License (Private),8cd84934-565b-4608-9f67-f2e14904cbd2,,,,,,,,,,,,,,,,,,,,,,,,,,,,,,,,,,,,,,,,,,,,,,,,,,,,,,,,,,,,,,,,
2026-04-05T17:20:24.098270Z,"{'#attributes': {'Qualifiers': 16384}, '#text': 1004}",WIN-TTCPK05807O,Microsoft-Windows-Security-SPP,Application,373,4,,,,,,,,,,,,,,,,,,Windows(R) UL phone License (Public),c4152e6c-43b6-4213-b69d-1730a55fc372,,,,,,,,,,,,,,,,,,,,,,,,,,,,,,,,,,,,,,,,,,,,,,,,,,,,,,,,,,,,,,,,
2026-04-05T17:20:24.115271Z,"{'#attributes': {'Qualifiers': 16384}, '#text': 1004}",WIN-TTCPK05807O,Microsoft-Windows-Security-SPP,Application,374,4,,,,,,,,,,,,,,,,,,Windows(R) UL phone License (Private),3c5717db-7a6f-4226-80c0-5c47b639c900,,,,,,,,,,,,,,,,,,,,,,,,,,,,,,,,,,,,,,,,,,,,,,,,,,,,,,,,,,,,,,,,
2026-04-05T17:20:24.133450Z,"{'#attributes': {'Qualifiers': 16384}, '#text': 1004}",WIN-TTCPK05807O,Microsoft-Windows-Security-SPP,Application,375,4,,,,,,,,,,,,,,,,,,Windows(R) UL store License (Public),57d56608-d35a-4793-a72f-683d035314c8,,,,,,,,,,,,,,,,,,,,,,,,,,,,,,,,,,,,,,,,,,,,,,,,,,,,,,,,,,,,,,,,
2026-04-05T17:20:24.134421Z,"{'#attributes': {'Qualifiers': 16384}, '#text': 1004}",WIN-TTCPK05807O,Microsoft-Windows-Security-SPP,Application,376,4,,,,,,,,,,,,,,,,,,Windows(R) UL store License (Private),cb5bcee5-f6c2-4bca-ab4b-d9489e6cbe8e,,,,,,,,,,,,,,,,,,,,,,,,,,,,,,,,,,,,,,,,,,,,,,,,,,,,,,,,,,,,,,,,
2026-04-05T17:20:24.147418Z,"{'#attributes': {'Qualifiers': 16384}, '#text': 1004}",WIN-TTCPK05807O,Microsoft-Windows-Security-SPP,Application,377,4,,,,,,,,,,,,,,,,,,Windows(R) Publishing License (Public),e600fc83-4cd9-4c41-803c-fdbf664021c9,,,,,,,,,,,,,,,,,,,,,,,,,,,,,,,,,,,,,,,,,,,,,,,,,,,,,,,,,,,,,,,,
2026-04-05T17:20:24.148368Z,"{'#attributes': {'Qualifiers': 16384}, '#text': 1004}",WIN-TTCPK05807O,Microsoft-Windows-Security-SPP,Application,378,4,,,,,,,,,,,,,,,,,,Windows(R) Publishing License (Private),74543a4a-b6cd-4170-87e2-46f8ff414744,,,,,,,,,,,,,,,,,,,,,,,,,,,,,,,,,,,,,,,,,,,,,,,,,,,,,,,,,,,,,,,,
2026-04-05T17:20:24.159125Z,"{'#attributes': {'Qualifiers': 16384}, '#text': 1004}",WIN-TTCPK05807O,Microsoft-Windows-Security-SPP,Application,379,4,,,,,,,,,,,,,,,,,,Windows(R) UL oob License (Public),4dfa54c7-49e5-4b27-8eb1-03f180131b61,,,,,,,,,,,,,,,,,,,,,,,,,,,,,,,,,,,,,,,,,,,,,,,,,,,,,,,,,,,,,,,,
2026-04-05T17:20:24.159885Z,"{'#attributes': {'Qualifiers': 16384}, '#text': 1004}",WIN-TTCPK05807O,Microsoft-Windows-Security-SPP,Application,380,4,,,,,,,,,,,,,,,,,,Windows(R) UL oob License (Private),f53be5b1-3734-440d-b997-339a03c5afd9,,,,,,,,,,,,,,,,,,,,,,,,,,,,,,,,,,,,,,,,,,,,,,,,,,,,,,,,,,,,,,,,
2026-04-05T17:20:24.176154Z,"{'#attributes': {'Qualifiers': 16384}, '#text': 1004}",WIN-TTCPK05807O,Microsoft-Windows-Security-SPP,Application,381,4,,,,,,,,,,,,,,,,,,Windows(R) UL phone License (Public),f1281440-2324-46e6-b67a-e78455089188,,,,,,,,,,,,,,,,,,,,,,,,,,,,,,,,,,,,,,,,,,,,,,,,,,,,,,,,,,,,,,,,
2026-04-05T17:20:24.176858Z,"{'#attributes': {'Qualifiers': 16384}, '#text': 1004}",WIN-TTCPK05807O,Microsoft-Windows-Security-SPP,Application,382,4,,,,,,,,,,,,,,,,,,Windows(R) UL phone License (Private),620c499d-bdfc-4590-98ba-5a2fc5eeac0d,,,,,,,,,,,,,,,,,,,,,,,,,,,,,,,,,,,,,,,,,,,,,,,,,,,,,,,,,,,,,,,,
2026-04-05T17:20:24.188415Z,"{'#attributes': {'Qualifiers': 16384}, '#text': 1004}",WIN-TTCPK05807O,Microsoft-Windows-Security-SPP,Application,383,4,,,,,,,,,,,,,,,,,,Windows(R) UL store License (Public),66296872-8cb2-434d-a92a-04d4196cf460,,,,,,,,,,,,,,,,,,,,,,,,,,,,,,,,,,,,,,,,,,,,,,,,,,,,,,,,,,,,,,,,
2026-04-05T17:20:24.189877Z,"{'#attributes': {'Qualifiers': 16384}, '#text': 1004}",WIN-TTCPK05807O,Microsoft-Windows-Security-SPP,Application,384,4,,,,,,,,,,,,,,,,,,Windows(R) UL store License (Private),79e9adf6-0b0b-4446-811a-c8cd16baae13,,,,,,,,,,,,,,,,,,,,,,,,,,,,,,,,,,,,,,,,,,,,,,,,,,,,,,,,,,,,,,,,
2026-04-05T17:20:24.209413Z,"{'#attributes': {'Qualifiers': 16384}, '#text': 1004}",WIN-TTCPK05807O,Microsoft-Windows-Security-SPP,Application,385,4,,,,,,,,,,,,,,,,,,Windows(R) Publishing License (Public),56bc2dc6-5aca-47a2-afda-adc60bcf9599,,,,,,,,,,,,,,,,,,,,,,,,,,,,,,,,,,,,,,,,,,,,,,,,,,,,,,,,,,,,,,,,
2026-04-05T17:20:24.210141Z,"{'#attributes': {'Qualifiers': 16384}, '#text': 1004}",WIN-TTCPK05807O,Microsoft-Windows-Security-SPP,Application,386,4,,,,,,,,,,,,,,,,,,Windows(R) Publishing License (Private),ad3a91ea-0033-4d5d-8103-3ff0fcddfbfb,,,,,,,,,,,,,,,,,,,,,,,,,,,,,,,,,,,,,,,,,,,,,,,,,,,,,,,,,,,,,,,,
2026-04-05T17:20:24.229488Z,"{'#attributes': {'Qualifiers': 16384}, '#text': 1004}",WIN-TTCPK05807O,Microsoft-Windows-Security-SPP,Application,387,4,,,,,,,,,,,,,,,,,,Windows(R) UL oob License (Public),526261c8-694f-488d-8470-ef0cab8bdc46,,,,,,,,,,,,,,,,,,,,,,,,,,,,,,,,,,,,,,,,,,,,,,,,,,,,,,,,,,,,,,,,
2026-04-05T17:20:24.231657Z,"{'#attributes': {'Qualifiers': 16384}, '#text': 1004}",WIN-TTCPK05807O,Microsoft-Windows-Security-SPP,Application,388,4,,,,,,,,,,,,,,,,,,Windows(R) UL oob License (Private),c76c8b15-59c5-4d16-aef8-71a6f810b5d8,,,,,,,,,,,,,,,,,,,,,,,,,,,,,,,,,,,,,,,,,,,,,,,,,,,,,,,,,,,,,,,,
2026-04-05T17:20:24.252463Z,"{'#attributes': {'Qualifiers': 16384}, '#text': 1004}",WIN-TTCPK05807O,Microsoft-Windows-Security-SPP,Application,389,4,,,,,,,,,,,,,,,,,,Windows(R) UL phone License (Public),2dc9d467-e511-425d-979f-72697ff7870a,,,,,,,,,,,,,,,,,,,,,,,,,,,,,,,,,,,,,,,,,,,,,,,,,,,,,,,,,,,,,,,,
2026-04-05T17:20:24.253194Z,"{'#attributes': {'Qualifiers': 16384}, '#text': 1004}",WIN-TTCPK05807O,Microsoft-Windows-Security-SPP,Application,390,4,,,,,,,,,,,,,,,,,,Windows(R) UL phone License (Private),733c2020-2995-4a90-ae73-238b9f482205,,,,,,,,,,,,,,,,,,,,,,,,,,,,,,,,,,,,,,,,,,,,,,,,,,,,,,,,,,,,,,,,
2026-04-05T17:20:24.266021Z,"{'#attributes': {'Qualifiers': 16384}, '#text': 1004}",WIN-TTCPK05807O,Microsoft-Windows-Security-SPP,Application,391,4,,,,,,,,,,,,,,,,,,Windows(R) UL store License (Public),e40fe011-cd17-48a2-9209-e3a28e1af7f5,,,,,,,,,,,,,,,,,,,,,,,,,,,,,,,,,,,,,,,,,,,,,,,,,,,,,,,,,,,,,,,,
2026-04-05T17:20:24.266824Z,"{'#attributes': {'Qualifiers': 16384}, '#text': 1004}",WIN-TTCPK05807O,Microsoft-Windows-Security-SPP,Application,392,4,,,,,,,,,,,,,,,,,,Windows(R) UL store License (Private),a610093c-d932-40cd-9502-0410aadc3cf3,,,,,,,,,,,,,,,,,,,,,,,,,,,,,,,,,,,,,,,,,,,,,,,,,,,,,,,,,,,,,,,,
2026-04-05T17:20:24.278930Z,"{'#attributes': {'Qualifiers': 16384}, '#text': 1004}",WIN-TTCPK05807O,Microsoft-Windows-Security-SPP,Application,393,4,,,,,,,,,,,,,,,,,,Windows(R) Publishing License (Public),87301bd3-5dea-44f7-ac59-002150db74b0,,,,,,,,,,,,,,,,,,,,,,,,,,,,,,,,,,,,,,,,,,,,,,,,,,,,,,,,,,,,,,,,
2026-04-05T17:20:24.279743Z,"{'#attributes': {'Qualifiers': 16384}, '#text': 1004}",WIN-TTCPK05807O,Microsoft-Windows-Security-SPP,Application,394,4,,,,,,,,,,,,,,,,,,Windows(R) Publishing License (Private),92b22935-c962-446a-ba2f-ae408e7cceae,,,,,,,,,,,,,,,,,,,,,,,,,,,,,,,,,,,,,,,,,,,,,,,,,,,,,,,,,,,,,,,,
2026-04-05T17:20:24.297318Z,"{'#attributes': {'Qualifiers': 16384}, '#text': 1004}",WIN-TTCPK05807O,Microsoft-Windows-Security-SPP,Application,395,4,,,,,,,,,,,,,,,,,,Windows(R) UL oob License (Public),2b4876b1-73d4-4d24-a2ac-66e817a607b1,,,,,,,,,,,,,,,,,,,,,,,,,,,,,,,,,,,,,,,,,,,,,,,,,,,,,,,,,,,,,,,,
2026-04-05T17:20:24.298027Z,"{'#attributes': {'Qualifiers': 16384}, '#text': 1004}",WIN-TTCPK05807O,Microsoft-Windows-Security-SPP,Application,396,4,,,,,,,,,,,,,,,,,,Windows(R) UL oob License (Private),3801925e-affd-4b6d-99a1-35bc7868853c,,,,,,,,,,,,,,,,,,,,,,,,,,,,,,,,,,,,,,,,,,,,,,,,,,,,,,,,,,,,,,,,
2026-04-05T17:20:24.309139Z,"{'#attributes': {'Qualifiers': 16384}, '#text': 1004}",WIN-TTCPK05807O,Microsoft-Windows-Security-SPP,Application,397,4,,,,,,,,,,,,,,,,,,Windows(R) UL phone License (Public),284b41e9-1339-41b4-97ab-754598f88df2,,,,,,,,,,,,,,,,,,,,,,,,,,,,,,,,,,,,,,,,,,,,,,,,,,,,,,,,,,,,,,,,
2026-04-05T17:20:24.309870Z,"{'#attributes': {'Qualifiers': 16384}, '#text': 1004}",WIN-TTCPK05807O,Microsoft-Windows-Security-SPP,Application,398,4,,,,,,,,,,,,,,,,,,Windows(R) UL phone License (Private),fe294a6c-b2c5-482b-9b49-20f48028942b,,,,,,,,,,,,,,,,,,,,,,,,,,,,,,,,,,,,,,,,,,,,,,,,,,,,,,,,,,,,,,,,
2026-04-05T17:20:24.334044Z,"{'#attributes': {'Qualifiers': 16384}, '#text': 1004}",WIN-TTCPK05807O,Microsoft-Windows-Security-SPP,Application,399,4,,,,,,,,,,,,,,,,,,Windows(R) UL store License (Public),678187bd-699c-4dfc-a262-77e9ec456228,,,,,,,,,,,,,,,,,,,,,,,,,,,,,,,,,,,,,,,,,,,,,,,,,,,,,,,,,,,,,,,,
2026-04-05T17:20:24.334730Z,"{'#attributes': {'Qualifiers': 16384}, '#text': 1004}",WIN-TTCPK05807O,Microsoft-Windows-Security-SPP,Application,400,4,,,,,,,,,,,,,,,,,,Windows(R) UL store License (Private),274fc213-857e-4638-a905-8ab4c6e6c189,,,,,,,,,,,,,,,,,,,,,,,,,,,,,,,,,,,,,,,,,,,,,,,,,,,,,,,,,,,,,,,,
2026-04-05T17:20:24.344448Z,"{'#attributes': {'Qualifiers': 16384}, '#text': 1004}",WIN-TTCPK05807O,Microsoft-Windows-Security-SPP,Application,401,4,,,,,,,,,,,,,,,,,,Windows(R) Publishing License (Public),84b7a03c-dff3-436e-a9f0-dfa9d09b7b00,,,,,,,,,,,,,,,,,,,,,,,,,,,,,,,,,,,,,,,,,,,,,,,,,,,,,,,,,,,,,,,,
2026-04-05T17:20:24.345248Z,"{'#attributes': {'Qualifiers': 16384}, '#text': 1004}",WIN-TTCPK05807O,Microsoft-Windows-Security-SPP,Application,402,4,,,,,,,,,,,,,,,,,,Windows(R) Publishing License (Private),25e334d5-d198-47ab-85ff-1b732fd93e9b,,,,,,,,,,,,,,,,,,,,,,,,,,,,,,,,,,,,,,,,,,,,,,,,,,,,,,,,,,,,,,,,
2026-04-05T17:20:24.354940Z,"{'#attributes': {'Qualifiers': 16384}, '#text': 1004}",WIN-TTCPK05807O,Microsoft-Windows-Security-SPP,Application,403,4,,,,,,,,,,,,,,,,,,Windows(R) UL oob License (Public),cd208254-2955-4465-b336-a9263315b937,,,,,,,,,,,,,,,,,,,,,,,,,,,,,,,,,,,,,,,,,,,,,,,,,,,,,,,,,,,,,,,,
2026-04-05T17:20:24.356068Z,"{'#attributes': {'Qualifiers': 16384}, '#text': 1004}",WIN-TTCPK05807O,Microsoft-Windows-Security-SPP,Application,404,4,,,,,,,,,,,,,,,,,,Windows(R) UL oob License (Private),67a4e8b0-0313-4526-8d61-43a2e05bc6e8,,,,,,,,,,,,,,,,,,,,,,,,,,,,,,,,,,,,,,,,,,,,,,,,,,,,,,,,,,,,,,,,
2026-04-05T17:20:24.369203Z,"{'#attributes': {'Qualifiers': 16384}, '#text': 1004}",WIN-TTCPK05807O,Microsoft-Windows-Security-SPP,Application,405,4,,,,,,,,,,,,,,,,,,Windows(R) UL phone License (Public),e778425c-dd02-43e8-b3b2-9cb4e1a8d040,,,,,,,,,,,,,,,,,,,,,,,,,,,,,,,,,,,,,,,,,,,,,,,,,,,,,,,,,,,,,,,,
2026-04-05T17:20:24.369917Z,"{'#attributes': {'Qualifiers': 16384}, '#text': 1004}",WIN-TTCPK05807O,Microsoft-Windows-Security-SPP,Application,406,4,,,,,,,,,,,,,,,,,,Windows(R) UL phone License (Private),7ba13e95-c086-489e-b180-fdd843865e90,,,,,,,,,,,,,,,,,,,,,,,,,,,,,,,,,,,,,,,,,,,,,,,,,,,,,,,,,,,,,,,,
2026-04-05T17:20:24.377566Z,"{'#attributes': {'Qualifiers': 16384}, '#text': 1004}",WIN-TTCPK05807O,Microsoft-Windows-Security-SPP,Application,407,4,,,,,,,,,,,,,,,,,,Windows(R) UL store License (Public),3d728898-cc81-459b-800e-4b59f5b703a0,,,,,,,,,,,,,,,,,,,,,,,,,,,,,,,,,,,,,,,,,,,,,,,,,,,,,,,,,,,,,,,,
2026-04-05T17:20:24.378158Z,"{'#attributes': {'Qualifiers': 16384}, '#text': 1004}",WIN-TTCPK05807O,Microsoft-Windows-Security-SPP,Application,408,4,,,,,,,,,,,,,,,,,,Windows(R) UL store License (Private),0e61b6f2-afc0-42aa-a3e2-b6521671ee96,,,,,,,,,,,,,,,,,,,,,,,,,,,,,,,,,,,,,,,,,,,,,,,,,,,,,,,,,,,,,,,,
2026-04-05T17:20:24.387406Z,"{'#attributes': {'Qualifiers': 16384}, '#text': 1004}",WIN-TTCPK05807O,Microsoft-Windows-Security-SPP,Application,409,4,,,,,,,,,,,,,,,,,,Windows(R) Publishing License (Public),e2c4f6d6-1c45-4fa0-b839-c91b42e43a5f,,,,,,,,,,,,,,,,,,,,,,,,,,,,,,,,,,,,,,,,,,,,,,,,,,,,,,,,,,,,,,,,
2026-04-05T17:20:24.388059Z,"{'#attributes': {'Qualifiers': 16384}, '#text': 1004}",WIN-TTCPK05807O,Microsoft-Windows-Security-SPP,Application,410,4,,,,,,,,,,,,,,,,,,Windows(R) Publishing License (Private),e30546cc-4087-4b10-9527-fdbd0ed713a1,,,,,,,,,,,,,,,,,,,,,,,,,,,,,,,,,,,,,,,,,,,,,,,,,,,,,,,,,,,,,,,,
2026-04-05T17:20:24.395349Z,"{'#attributes': {'Qualifiers': 16384}, '#text': 1004}",WIN-TTCPK05807O,Microsoft-Windows-Security-SPP,Application,411,4,,,,,,,,,,,,,,,,,,Windows(R) UL oob License (Public),1f9e903f-e4af-4d4f-892e-8c1ce3c7f67a,,,,,,,,,,,,,,,,,,,,,,,,,,,,,,,,,,,,,,,,,,,,,,,,,,,,,,,,,,,,,,,,
2026-04-05T17:20:24.395940Z,"{'#attributes': {'Qualifiers': 16384}, '#text': 1004}",WIN-TTCPK05807O,Microsoft-Windows-Security-SPP,Application,412,4,,,,,,,,,,,,,,,,,,Windows(R) UL oob License (Private),9d01b535-fcd5-4273-8d63-a1a26ce09118,,,,,,,,,,,,,,,,,,,,,,,,,,,,,,,,,,,,,,,,,,,,,,,,,,,,,,,,,,,,,,,,
2026-04-05T17:20:24.405263Z,"{'#attributes': {'Qualifiers': 16384}, '#text': 1004}",WIN-TTCPK05807O,Microsoft-Windows-Security-SPP,Application,413,4,,,,,,,,,,,,,,,,,,Windows(R) UL phone License (Public),d3924eff-1385-40e1-9286-be98d634d224,,,,,,,,,,,,,,,,,,,,,,,,,,,,,,,,,,,,,,,,,,,,,,,,,,,,,,,,,,,,,,,,
2026-04-05T17:20:24.405845Z,"{'#attributes': {'Qualifiers': 16384}, '#text': 1004}",WIN-TTCPK05807O,Microsoft-Windows-Security-SPP,Application,414,4,,,,,,,,,,,,,,,,,,Windows(R) UL phone License (Private),6c7572bb-0b8c-42e9-b0f8-4e6277d42509,,,,,,,,,,,,,,,,,,,,,,,,,,,,,,,,,,,,,,,,,,,,,,,,,,,,,,,,,,,,,,,,
2026-04-05T17:20:24.414212Z,"{'#attributes': {'Qualifiers': 16384}, '#text': 1004}",WIN-TTCPK05807O,Microsoft-Windows-Security-SPP,Application,415,4,,,,,,,,,,,,,,,,,,Windows(R) UL store License (Public),a3bb6031-77b6-4d28-b1ad-151d562bc3a4,,,,,,,,,,,,,,,,,,,,,,,,,,,,,,,,,,,,,,,,,,,,,,,,,,,,,,,,,,,,,,,,
2026-04-05T17:20:24.414751Z,"{'#attributes': {'Qualifiers': 16384}, '#text': 1004}",WIN-TTCPK05807O,Microsoft-Windows-Security-SPP,Application,416,4,,,,,,,,,,,,,,,,,,Windows(R) UL store License (Private),9c154b69-24dd-4da5-be81-ca903b5729a7,,,,,,,,,,,,,,,,,,,,,,,,,,,,,,,,,,,,,,,,,,,,,,,,,,,,,,,,,,,,,,,,
2026-04-05T17:20:24.427760Z,"{'#attributes': {'Qualifiers': 16384}, '#text': 1004}",WIN-TTCPK05807O,Microsoft-Windows-Security-SPP,Application,417,4,,,,,,,,,,,,,,,,,,Windows(R) Publishing License (Public),aa96729c-59f9-4299-a46f-ca667c304006,,,,,,,,,,,,,,,,,,,,,,,,,,,,,,,,,,,,,,,,,,,,,,,,,,,,,,,,,,,,,,,,
2026-04-05T17:20:24.428704Z,"{'#attributes': {'Qualifiers': 16384}, '#text': 1004}",WIN-TTCPK05807O,Microsoft-Windows-Security-SPP,Application,418,4,,,,,,,,,,,,,,,,,,Windows(R) Publishing License (Private),c7ea86ab-4e57-4328-a756-4324b9ab144f,,,,,,,,,,,,,,,,,,,,,,,,,,,,,,,,,,,,,,,,,,,,,,,,,,,,,,,,,,,,,,,,
2026-04-05T17:20:24.436473Z,"{'#attributes': {'Qualifiers': 16384}, '#text': 1004}",WIN-TTCPK05807O,Microsoft-Windows-Security-SPP,Application,419,4,,,,,,,,,,,,,,,,,,Windows(R) UL oob License (Public),b03972f1-d64d-4b2f-ba39-8868fe29f441,,,,,,,,,,,,,,,,,,,,,,,,,,,,,,,,,,,,,,,,,,,,,,,,,,,,,,,,,,,,,,,,
2026-04-05T17:20:24.437026Z,"{'#attributes': {'Qualifiers': 16384}, '#text': 1004}",WIN-TTCPK05807O,Microsoft-Windows-Security-SPP,Application,420,4,,,,,,,,,,,,,,,,,,Windows(R) UL oob License (Private),52f46e3d-ba0d-4339-afa3-13a478382c37,,,,,,,,,,,,,,,,,,,,,,,,,,,,,,,,,,,,,,,,,,,,,,,,,,,,,,,,,,,,,,,,
