2026-07-14T14:15:43.779815Z,"{'#attributes': {'Qualifiers': 16384}, '#text': 4202}",DC01.darkzero.htb,Microsoft-Windows-MSDTC 2,Application,2215,4,,,,,,,,,,,,,,,,,,,,,,,,,,,,,,,,,,,,,,,,,,,,,,,,,,,,,,,,,,,,,,,,,,,,,,,,0,0,0,1,0,0,0,0,0,1,Mutual Authentication Required,NT AUTHORITY\NetworkService
2026-07-14T14:16:12.762917Z,"{'#attributes': {'Qualifiers': 0}, '#text': 102}",DC01.darkzero.htb,ESENT,Application,2216,4,,,,,,,,,,,,,,,,,,certsrv.exe,"3628,P,98,0",,0,10,00,26100,0000,,,,,,,,,,,,,,,,,,,,,,,,,,,,,,,,,,,,,,,,,,,,,,,,,,,,,,,,,,
2026-07-14T14:16:12.783732Z,"{'#attributes': {'Qualifiers': 0}, '#text': 105}",DC01.darkzero.htb,ESENT,Application,2217,4,,,,,,,,,,,,,,,,,,certsrv.exe,"3628,D,0,0",,0,0.025,"
[1] 0.001438 +J(0) +M(C:0K, Fs:128, WS:496K # 496K, PF:2492K # 2216K, P:2492K)
[2] 0.000909 +J(0) +M(C:3200K, Fs:235, WS:928K # 928K, PF:4176K # 4176K, P:4176K)
[3] 0.000026 +J(0) +M(C:0K, Fs:2, WS:4K # 4K, PF:68K # 68K, P:68K)
[4] 0.000205 +J(0) +M(C:0K, Fs:28, WS:112K # 112K, PF:512K # 512K, P:512K)
[5] 0.001027 +J(0) +M(C:0K, Fs:12, WS:48K # 48K, PF:28K # 28K, P:28K)
[6] 0.002819 +J(0) +M(C:0K, Fs:31, WS:124K # 124K, PF:12K # 12K, P:12K)
[7] 0.010374 -0.009218 (3) WT +J(0) +M(C:0K, Fs:281, WS:1120K # 1120K, PF:1028K # 1028K, P:1028K)
[8] -
[9] -
[10] -
[11] -
[12] -
[13] 0.007226 -0.005250 (4) WT +J(CM:0, PgRf:0, Rd:0/0, Dy:0/0, Lg:616/1) +M(C:0K, Fs:16, WS:-972K # 36K, PF:-1024K # 12K, P:-1024K)
[14] 0.000020 +J(0) +M(C:0K, Fs:1, WS:4K # 0K, PF:0K # 0K, P:0K)
[15] 0.000211 +J(0) +M(C:0K, Fs:102, WS:404K # 0K, PF:68K # 0K, P:68K)
[16] 0.000561 -0.000258 (1) WT +J(0) +M(C:0K, Fs:2, WS:0K # 0K, PF:0K # 0K, P:0K).","RBSOn = 0
",,,,,,,,,,,,,,,,,,,,,,,,,,,,,,,,,,,,,,,,,,,,,,,,,,,,,,,,,,,
2026-07-14T14:16:12.800426Z,"{'#attributes': {'Qualifiers': 0}, '#text': 326}",DC01.darkzero.htb,ESENT,Application,2218,4,,,,,,,,,,,,,,,,,,certsrv.exe,"3628,D,50,0",,1,C:\WINDOWS\system32\CertLog\darkzero-DC01-CA.edb,0,"
[1] 0.000006 +J(0) +M(C:0K, Fs:1, WS:4K # 0K, PF:0K # 0K, P:0K)
[2] 0.002375 -0.001714 (1) WT +J(0) +M(C:0K, Fs:19, WS:12K # 0K, PF:4K # 0K, P:4K)
[3] 0.009348 -0.003823 (6) WT +J(CM:0, PgRf:0, Rd:0/0, Dy:0/0, Lg:3480/2) +M(C:0K, Fs:32, WS:124K # 0K, PF:120K # 0K, P:120K)
[4] 0.000618 +J(0) +M(C:0K, Fs:1, WS:4K # 0K, PF:0K # 0K, P:0K)
[5] -
[6] 0.000678 -0.000476 (2) CM -0.000404 (2) WT +J(CM:2, PgRf:2, Rd:0/2, Dy:0/0, Lg:0/0) +M(C:0K, Fs:44, WS:176K # 0K, PF:132K # 0K, P:132K)
[7] 0.000003 +J(0)
[8] 0.001207 -0.000982 (1) CM -0.000963 (1) WT +J(CM:1, PgRf:1, Rd:14/0, Dy:0/0, Lg:0/0) +M(C:0K, Fs:38, WS:152K # 0K, PF:200K # 0K, P:200K)
[9] -
[10] -
[11] -
[12] 0.000015 +J(CM:0, PgRf:0, Rd:0/0, Dy:0/0, Lg:54/1) +M(C:0K, Fs:2, WS:8K # 0K, PF:20K # 0K, P:20K)
[13] 0.000888 -0.000707 (2) CM -0.000585 (2) WT +J(CM:2, PgRf:23, Rd:0/2, Dy:0/0, Lg:0/0) +M(C:0K, Fs:23, WS:92K # 64K, PF:8K # 0K, P:8K)
[14] 0.000323 -0.000201 (1) CM -0.000167 (1) WT +J(CM:1, PgRf:40, Rd:0/1, Dy:0/0, Lg:0/0) +M(C:0K, Fs:4, WS:16K # 16K, PF:64K # 0K, P:64K)
[15] 0.000008 +J(CM:0, PgRf:1, Rd:0/0, Dy:0/0, Lg:0/0)
[16] 0.000010 +J(CM:0, PgRf:1, Rd:0/0, Dy:0/0, Lg:0/0) +M(C:0K, Fs:1, WS:4K # 4K, PF:0K # 0K, P:0K)
[17] 0.000066 +J(CM:0, PgRf:42, Rd:0/0, Dy:0/0, Lg:0/0) +M(C:0K, Fs:8, WS:32K # 32K, PF:0K # 0K, P:0K)
[18] 0.000001 +J(0)
[19] 0.0 +J(0)
[20] 0.000030 +J(CM:0, PgRf:3, Rd:0/0, Dy:0/0, Lg:0/0) +M(C:0K, Fs:4, WS:16K # 16K, PF:0K # 0K, P:0K).",0 0,"lgposAttach = 00000002:00A2:0268,
dbv = 1568.300.620 (9620)",,,,,,,,,,,,,,,,,,,,,,,,,,,,,,,,,,,,,,,,,,,,,,,,,,,,,,,,,
2026-07-14T14:16:13.022801Z,"{'#attributes': {'Qualifiers': 0}, '#text': 102}",DC01.darkzero.htb,ESENT,Application,2219,4,,,,,,,,,,,,,,,,,,DFSRs,"3708,P,98,0",\\.\C:\System Volume Information\DFSR\database_5284_685_8406_6C33\dfsr.db: ,0,10,00,26100,0000,,,,,,,,,,,,,,,,,,,,,,,,,,,,,,,,,,,,,,,,,,,,,,,,,,,,,,,,,,
2026-07-14T14:16:13.085267Z,"{'#attributes': {'Qualifiers': 0}, '#text': 105}",DC01.darkzero.htb,ESENT,Application,2220,4,,,,,,,,,,,,,,,,,,DFSRs,"3708,D,0,0",\\.\C:\System Volume Information\DFSR\database_5284_685_8406_6C33\dfsr.db: ,0,0.071,"
[1] 0.006688 +J(0) +M(C:0K, Fs:311, WS:1216K # 1216K, PF:6584K # 6584K, P:6584K)
[2] 0.000441 +J(0) +M(C:16K, Fs:105, WS:412K # 412K, PF:284K # 284K, P:284K)
[3] 0.000022 +J(0) +M(C:0K, Fs:2, WS:4K # 4K, PF:68K # 68K, P:68K)
[4] 0.000354 +J(0) +M(C:2032K, Fs:47, WS:184K # 184K, PF:2432K # 2432K, P:2432K)
[5] 0.001258 +J(0) +M(C:0K, Fs:12, WS:48K # 48K, PF:20K # 20K, P:20K)
[6] 0.001401 +J(0) +M(C:0K, Fs:20, WS:76K # 76K, PF:12K # 12K, P:12K)
[7] 0.034737 -0.030324 (11) WT +J(0) +M(C:0K, Fs:1306, WS:5216K # 5216K, PF:5128K # 5128K, P:5128K)
[8] -
[9] -
[10] -
[11] -
[12] -
[13] 0.025424 -0.021682 (12) WT +J(CM:0, PgRf:0, Rd:0/0, Dy:0/0, Lg:616/1) +M(C:0K, Fs:13, WS:-5080K # 24K, PF:-5124K # 12K, P:-5124K)
[14] 0.000030 +J(0) +M(C:0K, Fs:1, WS:4K # 0K, PF:0K # 0K, P:0K)
[15] 0.000188 +J(0) +M(C:0K, Fs:65, WS:260K # 0K, PF:64K # 0K, P:64K)
[16] 0.000653 -0.000324 (1) WT +J(0) +M(C:0K, Fs:2, WS:0K # 0K, PF:0K # 0K, P:0K).","RBSOn = 0
",,,,,,,,,,,,,,,,,,,,,,,,,,,,,,,,,,,,,,,,,,,,,,,,,,,,,,,,,,,
2026-07-14T14:16:13.100741Z,"{'#attributes': {'Qualifiers': 0}, '#text': 326}",DC01.darkzero.htb,ESENT,Application,2221,4,,,,,,,,,,,,,,,,,,DFSRs,"3708,D,50,0",\\.\C:\System Volume Information\DFSR\database_5284_685_8406_6C33\dfsr.db: ,1,\\.\C:\System Volume Information\DFSR\database_5284_685_8406_6C33\dfsr.db,0,"
[1] 0.000005 +J(0) +M(C:0K, Fs:1, WS:4K # 0K, PF:0K # 0K, P:0K)
[2] 0.001698 -0.001251 (1) WT +J(0) +M(C:0K, Fs:20, WS:16K # 0K, PF:8K # 0K, P:8K)
[3] 0.008866 -0.003435 (6) WT +J(CM:0, PgRf:0, Rd:0/0, Dy:0/0, Lg:3480/2) +M(C:0K, Fs:40, WS:152K # 0K, PF:148K # 0K, P:148K)
[4] 0.000689 +J(0) +M(C:0K, Fs:1, WS:4K # 0K, PF:0K # 0K, P:0K)
[5] -
[6] 0.000708 -0.000499 (2) CM -0.000416 (2) WT +J(CM:2, PgRf:2, Rd:0/2, Dy:0/0, Lg:0/0) +M(C:-8K, Fs:45, WS:172K # 0K, PF:120K # 0K, P:120K)
[7] 0.000004 +J(0)
[8] 0.001085 -0.000753 (1) CM -0.000733 (1) WT +J(CM:1, PgRf:1, Rd:14/0, Dy:0/0, Lg:0/0) +M(C:-4K, Fs:52, WS:200K # 0K, PF:196K # 0K, P:196K)
[9] -
[10] -
[11] -
[12] 0.000017 +J(CM:0, PgRf:0, Rd:0/0, Dy:0/0, Lg:54/1) +M(C:0K, Fs:2, WS:8K # 0K, PF:20K # 0K, P:20K)
[13] 0.000664 -0.000385 (1) CM -0.000328 (1) WT +J(CM:1, PgRf:23, Rd:0/1, Dy:0/0, Lg:0/0) +M(C:-8K, Fs:23, WS:84K # 0K, PF:0K # 0K, P:0K)
[14] 0.000374 -0.000236 (1) CM -0.000189 (1) WT +J(CM:1, PgRf:40, Rd:0/1, Dy:0/0, Lg:0/0) +M(C:-4K, Fs:5, WS:16K # 0K, PF:60K # 0K, P:60K)
[15] 0.000009 +J(CM:0, PgRf:1, Rd:0/0, Dy:0/0, Lg:0/0)
[16] 0.000011 +J(CM:0, PgRf:1, Rd:0/0, Dy:0/0, Lg:0/0) +M(C:0K, Fs:1, WS:4K # 0K, PF:0K # 0K, P:0K)
[17] 0.000037 +J(CM:0, PgRf:36, Rd:0/0, Dy:0/0, Lg:0/0) +M(C:0K, Fs:1, WS:4K # 0K, PF:0K # 0K, P:0K)
[18] 0.0 +J(0)
[19] 0.0 +J(0)
[20] 0.000031 +J(CM:0, PgRf:3, Rd:0/0, Dy:0/0, Lg:0/0) +M(C:0K, Fs:4, WS:16K # 0K, PF:0K # 0K, P:0K).",0 0,"lgposAttach = 00000001:028F:0268,
dbv = 1568.300.620 (9620)",,,,,,,,,,,,,,,,,,,,,,,,,,,,,,,,,,,,,,,,,,,,,,,,,,,,,,,,,
2026-07-14T14:16:13.271890Z,44,DC01.darkzero.htb,Microsoft-Windows-CertificationAuthority,Application,2222,2,,,,,,,,,,,,,,,,,,,,,,,,,,,,,0x8007054b (1355),,The specified domain either does not exist or could not be contacted.,,,,,,,Initialize,,,,,,,,,,,,,Windows default,,,,,,,,,,,,,,,,MSG_E_POLICY_ERROR,,,,,,,,,,,"The Active Directory containing the Certification Authority could not be contacted.
",,,,,
2026-07-14T14:16:13.303251Z,26,DC01.darkzero.htb,Microsoft-Windows-CertificationAuthority,Application,2223,4,,,,,,,,,,darkzero-DC01-CA,,,,,,  DC=,,,,,,,,,,,,,,,,,,,,,,,,,,,,,,,,,,,,,,,,,,,,,,,,,,,MSG_I_SERVER_STARTED,,,,,,,,,,,,,,,,
2026-07-14T14:16:30.789084Z,"{'#attributes': {'Qualifiers': 32768}, '#text': 6003}",DC01.darkzero.htb,Microsoft-Windows-Winlogon,Application,2224,4,,,,,,D9060000,,,,,,,,,,,SessionEnv,,,,,,,,,,,,,,,,,,,,,,,,,,,,,,,,,,,,,,,,,,,,,,,,,,,,,,,,,,,,,,,,,,
2026-07-14T14:16:31.214871Z,"{'#attributes': {'Qualifiers': 32768}, '#text': 6000}",DC01.darkzero.htb,Microsoft-Windows-Winlogon,Application,2225,4,,,,,,D9060000,,,,,,,,,,,SessionEnv,,,,,,,,,,,,,,,,,,,,,,,,,,,,,,,,,,,,,,,,,,,,,,,,,,,,,,,,,,,,,,,,,,
2026-07-14T14:17:43.097719Z,"{'#attributes': {'Qualifiers': 16384}, '#text': 900}",DC01.darkzero.htb,Microsoft-Windows-Security-SPP,Application,2226,4,,,,,,,,,,,,,,,,,<explicit>,,,,,,,,,,,,,,,,,,,,,,,,,,,,,,,,,,,,,,,,,,,,,,,,,,,,,,,,,,,,,,,,,,
2026-07-14T14:17:43.447052Z,"{'#attributes': {'Qualifiers': 49152}, '#text': 16394}",DC01.darkzero.htb,Microsoft-Windows-Security-SPP,Application,2227,4,,,,,,,,,,,,,,,,,,,,,,,,,,,,,,,,,,,,,,,,,,,,,,,,,,,,,,,,,,,,,,,,,,,,,,,,,,,,,,,,,,,
2026-07-14T14:17:43.589645Z,"{'#attributes': {'Qualifiers': 16384}, '#text': 1066}",DC01.darkzero.htb,Microsoft-Windows-Security-SPP,Application,2228,4,,,,,,,,,,,,,,,,,"C:\WINDOWS\system32\sppwinob.dll, msft:spp/windowsfunctionality/agent/7.0, 0x00000000, 0x00000000
C:\WINDOWS\system32\sppobjs.dll, msft:rm/algorithm/inherited/1.0, 0x00000000, 0x00000000
C:\WINDOWS\system32\sppobjs.dll, msft:rm/algorithm/phone/1.0, 0x00000000, 0x00000000
C:\WINDOWS\system32\sppobjs.dll, msft:rm/algorithm/pkey/detect, 0x00000000, 0x00000000
C:\WINDOWS\system32\sppobjs.dll, msft:spp/ActionScheduler/1.0, 0x00000000, 0x00000000
C:\WINDOWS\system32\sppobjs.dll, msft:spp/TaskScheduler/1.0, 0x00000000, 0x00000000
C:\WINDOWS\system32\sppobjs.dll, msft:spp/statecollector/pkey, 0x00000000, 0x00000000
C:\WINDOWS\system32\sppobjs.dll, msft:spp/volume/services/kms/1.0, 0x00000000, 0x00000000
C:\WINDOWS\system32\sppobjs.dll, msft:spp/volume/services/kms/activationinfo/1.0, 0x00000000, 0x00000000
",,,,,,,,,,,,,,,,,,,,,,,,,,,,,,,,,,,,,,,,,,,,,,,,,,,,,,,,,,,,,,,,,,
2026-07-14T14:17:43.601824Z,"{'#attributes': {'Qualifiers': 16384}, '#text': 16389}",DC01.darkzero.htb,Microsoft-Windows-Security-SPP,Application,2229,4,,,,,,,,,,,,,,,,,0xC004D30B,,,,,,,,,,,,,,,,,,,,,,,,,,,,,,,,,,,,,,,,,,,,,,,,,,,,,,,,,,,,,,,,,,
2026-07-14T14:17:43.743738Z,"{'#attributes': {'Qualifiers': 16384}, '#text': 1003}",DC01.darkzero.htb,Microsoft-Windows-Security-SPP,Application,2230,4,,,,,,,,,,,,,,,,,,55c92734-d682-4d71-983e-d6ec3f16059f,"
1: 0b646350-5349-4013-b1be-4100d1a7fa38, 1, 0 [(0 [0xC004F014, 0, 0], [(?)(?)(?)(?)(?)(?)(?)(?)])(1 )(2 )(3 )]
2: 10d661ba-f2e3-445c-8e92-200e1e05e9e1, 1, 1 [(0 [0x00000000, 1, 0], [(?)( 1 0x00000000)(?)( 2 0x00000000 0 0 msft:rm/algorithm/hwid/4.0 0x00000000 0)(?)(?)( 10 0x00000000 msft:rm/algorithm/flags/1.0)(?)])(1 )(2 )(3 )]
3: 2033816d-9d16-44bb-8f08-412ff45f38bf, 1, 0 [(0 [0xC004F014, 0, 0], [(?)(?)(?)(?)(?)(?)(?)(?)])(1 )(2 )(3 )]
4: 653ae55c-1d53-427b-be51-15bc1841fca7, 1, 0 [(0 [0xC004F014, 0, 0], [(?)(?)(?)(?)(?)(?)(?)(?)])(1 )(2 )(3 )]
5: 66c20db7-ff1e-4f87-a915-4e03715da35f, 1, 0 [(0 [0xC004F014, 0, 0], [(?)(?)(?)(?)(?)(?)(?)(?)])(1 )(2 )(3 )]
6: 6bad0243-1c35-46b2-b8e6-7a853e37413f, 1, 0 [(0 [0xC004F014, 0, 0], [(?)(?)(?)(?)(?)(?)(?)(?)])(1 )(2 )(3 )]
7: 82fcf64d-f9dd-4411-9c79-f2eed16d4eb8, 1, 0 [(0 [0xC004F014, 0, 0], [(?)(?)(?)(?)(?)(?)(?)(?)])(1 )(2 )(3 )]
8: 84e331f6-4279-48c4-ab10-b75139181351, 1, 0 [(0 [0xC004F014, 0, 0], [(?)(?)(?)(?)(?)(?)(?)(?)])(1 )(2 )(3 )]
9: 9e232465-2ade-4a33-a277-702010a84adb, 1, 0 [(0 [0xC004F014, 0, 0], [(?)(?)(?)(?)(?)(?)(?)(?)])(1 )(2 )(3 )]
10: a1da5f8f-7553-42c5-b0b4-6f27c4d74240, 1, 0 [(0 [0xC004F014, 0, 0], [(?)(?)(?)(?)(?)(?)(?)(?)])(1 )(2 )(3 )]
11: a2004bef-6ff1-48f9-8328-41ce1cd5ee79, 1, 0 [(0 [0xC004F014, 0, 0], [(?)(?)(?)(?)(?)(?)(?)(?)])(1 )(2 )(3 )]
12: c052f164-cdf6-409a-a0cb-853ba0f0f55a, 1, 0 [(0 [0xC004F014, 0, 0], [(?)(?)(?)(?)(?)(?)(?)(?)])(1 )(2 )(3 )]
13: e5b79126-7250-4d27-ad42-0eeb23db5771, 1, 0 [(0 [0xC004F014, 0, 0], [(?)(?)(?)(?)(?)(?)(?)(?)])(1 )(2 )(3 )]
14: f15a5790-90b7-4674-8fd4-e187ba426ad2, 1, 0 [(0 [0xC004F014, 0, 0], [(?)(?)(?)(?)(?)(?)(?)(?)])(1 )(2 )(3 )]

",,,,,,,,,,,,,,,,,,,,,,,,,,,,,,,,,,,,,,,,,,,,,,,,,,,,,,,,,,,,,,,,
2026-07-14T14:17:43.746692Z,"{'#attributes': {'Qualifiers': 49152}, '#text': 20492}",DC01.darkzero.htb,Microsoft-Windows-Security-SPP,Application,2231,4,,,,,,,,,,,,,,,,,0xC004D30B,,,,,,,,,,,,,,,,,,,,,,,,,,,,,,,,,,,,,,,,,,,,,,,,,,,,,,,,,,,,,,,,,,
2026-07-14T14:17:43.769712Z,"{'#attributes': {'Qualifiers': 49152}, '#text': 16398}",DC01.darkzero.htb,Microsoft-Windows-Security-SPP,Application,2232,2,,,,,,,,,,,,,,,,,,0x80070490,No grace timer found,,,,,,,,,,,,,,,,,,,,,,,,,,,,,,,,,,,,,,,,,,,,,,,,,,,,,,,,,,,,,,,,
2026-07-14T14:17:43.785800Z,"{'#attributes': {'Qualifiers': 16384}, '#text': 902}",DC01.darkzero.htb,Microsoft-Windows-Security-SPP,Application,2233,0,,,,,,,,,,,,,,,,,10.0.26100.32860,,,,,,,,,,,,,,,,,,,,,,,,,,,,,,,,,,,,,,,,,,,,,,,,,,,,,,,,,,,,,,,,,,
2026-07-14T14:18:20.194516Z,"{'#attributes': {'Qualifiers': 16384}, '#text': 16384}",DC01.darkzero.htb,Microsoft-Windows-Security-SPP,Application,2234,4,,,,,,,,,,,,,,,,,,2126-06-20T14:18:20Z,RulesEngine,,,,,,,,,,,,,,,,,,,,,,,,,,,,,,,,,,,,,,,,,,,,,,,,,,,,,,,,,,,,,,,,
2026-07-14T14:18:20.205565Z,"{'#attributes': {'Qualifiers': 16384}, '#text': 903}",DC01.darkzero.htb,Microsoft-Windows-Security-SPP,Application,2235,0,,,,,,,,,,,,,,,,,,,,,,,,,,,,,,,,,,,,,,,,,,,,,,,,,,,,,,,,,,,,,,,,,,,,,,,,,,,,,,,,,,,
2026-07-14T14:18:44.049620Z,"{'#attributes': {'Qualifiers': 0}, '#text': 8224}",DC01.darkzero.htb,VSS,Application,2236,4,,,,,,2D20436F64653A2020434F525356434330303030303737322D2043616C6C3A2020434F525356434330303030303735342D205049443A202030303030343739322D205449443A202030303030343831362D20434D443A2020433A5C57494E444F57535C73797374656D33325C76737376632E6578652020202D20557365723A204E616D653A204E5420415554484F524954595C53595354454D2C205349443A532D312D352D313820,,,,,,,,,,,,,,,,,,,,,,,,,,,,,,,,,,,,,,,,,,,,,,,,,,,,,,,,,,,,,,,,,,,,,,,,,,,,,
2026-07-14T14:19:57.388022Z,"{'#attributes': {'Qualifiers': 49152}, '#text': 16394}",DC01.darkzero.htb,Microsoft-Windows-Security-SPP,Application,2237,4,,,,,,,,,,,,,,,,,,,,,,,,,,,,,,,,,,,,,,,,,,,,,,,,,,,,,,,,,,,,,,,,,,,,,,,,,,,,,,,,,,,
2026-07-14T14:19:57.446720Z,"{'#attributes': {'Qualifiers': 16384}, '#text': 16389}",DC01.darkzero.htb,Microsoft-Windows-Security-SPP,Application,2238,4,,,,,,,,,,,,,,,,,0xC004D30B,,,,,,,,,,,,,,,,,,,,,,,,,,,,,,,,,,,,,,,,,,,,,,,,,,,,,,,,,,,,,,,,,,
2026-07-14T14:20:27.631540Z,"{'#attributes': {'Qualifiers': 16384}, '#text': 16384}",DC01.darkzero.htb,Microsoft-Windows-Security-SPP,Application,2239,4,,,,,,,,,,,,,,,,,,2126-06-20T14:20:27Z,RulesEngine,,,,,,,,,,,,,,,,,,,,,,,,,,,,,,,,,,,,,,,,,,,,,,,,,,,,,,,,,,,,,,,,
2026-07-14T14:20:44.287058Z,"{'#attributes': {'Qualifiers': 49152}, '#text': 16394}",DC01.darkzero.htb,Microsoft-Windows-Security-SPP,Application,2240,4,,,,,,,,,,,,,,,,,,,,,,,,,,,,,,,,,,,,,,,,,,,,,,,,,,,,,,,,,,,,,,,,,,,,,,,,,,,,,,,,,,,
2026-07-14T14:20:44.344589Z,"{'#attributes': {'Qualifiers': 16384}, '#text': 16389}",DC01.darkzero.htb,Microsoft-Windows-Security-SPP,Application,2241,4,,,,,,,,,,,,,,,,,0xC004D30B,,,,,,,,,,,,,,,,,,,,,,,,,,,,,,,,,,,,,,,,,,,,,,,,,,,,,,,,,,,,,,,,,,
2026-07-14T14:21:14.578155Z,"{'#attributes': {'Qualifiers': 16384}, '#text': 16384}",DC01.darkzero.htb,Microsoft-Windows-Security-SPP,Application,2242,4,,,,,,,,,,,,,,,,,,2126-06-20T14:21:14Z,RulesEngine,,,,,,,,,,,,,,,,,,,,,,,,,,,,,,,,,,,,,,,,,,,,,,,,,,,,,,,,,,,,,,,,
2026-07-14T14:22:34.751954Z,1001,DC01.darkzero.htb,Microsoft-Windows-LoadPerf,Application,2243,4,,,,,,,,,,,,,,,,,,,,,,,,,,,,,,,,,,,,,,,,,,,,,,,,,,,,,,,,,,,,,,,,,,,,LoadPerf,36440000C4020000,8,,WmiApRpl,,,,WmiApRpl,,,,,,,
2026-07-14T14:22:34.825372Z,1000,DC01.darkzero.htb,Microsoft-Windows-LoadPerf,Application,2244,4,,,,,,,,,,,,,,,,,,,,,,,,,,,,,,,,,,,,,,,,,,,,,,,,,,,,,,,,,,,,,,,,,,,,LoadPerf,3844000008450000,8,,WmiApRpl,,,,WmiApRpl,,,,,,,
2026-07-14T14:23:06.530878Z,"{'#attributes': {'Qualifiers': 49152}, '#text': 16394}",DC01.darkzero.htb,Microsoft-Windows-Security-SPP,Application,2245,4,,,,,,,,,,,,,,,,,,,,,,,,,,,,,,,,,,,,,,,,,,,,,,,,,,,,,,,,,,,,,,,,,,,,,,,,,,,,,,,,,,,
2026-07-14T14:23:06.582608Z,"{'#attributes': {'Qualifiers': 16384}, '#text': 16389}",DC01.darkzero.htb,Microsoft-Windows-Security-SPP,Application,2246,4,,,,,,,,,,,,,,,,,0xC004D30B,,,,,,,,,,,,,,,,,,,,,,,,,,,,,,,,,,,,,,,,,,,,,,,,,,,,,,,,,,,,,,,,,,
2026-07-14T14:23:36.759228Z,"{'#attributes': {'Qualifiers': 16384}, '#text': 16384}",DC01.darkzero.htb,Microsoft-Windows-Security-SPP,Application,2247,4,,,,,,,,,,,,,,,,,,2126-06-20T14:23:36Z,RulesEngine,,,,,,,,,,,,,,,,,,,,,,,,,,,,,,,,,,,,,,,,,,,,,,,,,,,,,,,,,,,,,,,,
2026-07-14T14:27:23.185107Z,"{'#attributes': {'Qualifiers': 49152}, '#text': 16394}",DC01.darkzero.htb,Microsoft-Windows-Security-SPP,Application,2248,4,,,,,,,,,,,,,,,,,,,,,,,,,,,,,,,,,,,,,,,,,,,,,,,,,,,,,,,,,,,,,,,,,,,,,,,,,,,,,,,,,,,
2026-07-14T14:27:23.242323Z,"{'#attributes': {'Qualifiers': 16384}, '#text': 16389}",DC01.darkzero.htb,Microsoft-Windows-Security-SPP,Application,2249,4,,,,,,,,,,,,,,,,,0xC004D30B,,,,,,,,,,,,,,,,,,,,,,,,,,,,,,,,,,,,,,,,,,,,,,,,,,,,,,,,,,,,,,,,,,
2026-07-14T14:27:53.417685Z,"{'#attributes': {'Qualifiers': 16384}, '#text': 16384}",DC01.darkzero.htb,Microsoft-Windows-Security-SPP,Application,2250,4,,,,,,,,,,,,,,,,,,2126-06-20T14:27:53Z,RulesEngine,,,,,,,,,,,,,,,,,,,,,,,,,,,,,,,,,,,,,,,,,,,,,,,,,,,,,,,,,,,,,,,,
2026-07-14T14:33:31.648262Z,"{'#attributes': {'Qualifiers': 49152}, '#text': 16394}",DC01.darkzero.htb,Microsoft-Windows-Security-SPP,Application,2251,4,,,,,,,,,,,,,,,,,,,,,,,,,,,,,,,,,,,,,,,,,,,,,,,,,,,,,,,,,,,,,,,,,,,,,,,,,,,,,,,,,,,
2026-07-14T14:33:31.707409Z,"{'#attributes': {'Qualifiers': 16384}, '#text': 16389}",DC01.darkzero.htb,Microsoft-Windows-Security-SPP,Application,2252,4,,,,,,,,,,,,,,,,,0xC004D30B,,,,,,,,,,,,,,,,,,,,,,,,,,,,,,,,,,,,,,,,,,,,,,,,,,,,,,,,,,,,,,,,,,
2026-07-14T14:34:01.874876Z,"{'#attributes': {'Qualifiers': 16384}, '#text': 16384}",DC01.darkzero.htb,Microsoft-Windows-Security-SPP,Application,2253,4,,,,,,,,,,,,,,,,,,2126-06-20T14:34:01Z,RulesEngine,,,,,,,,,,,,,,,,,,,,,,,,,,,,,,,,,,,,,,,,,,,,,,,,,,,,,,,,,,,,,,,,
2026-07-14T14:34:18.084461Z,"{'#attributes': {'Qualifiers': 49152}, '#text': 16394}",DC01.darkzero.htb,Microsoft-Windows-Security-SPP,Application,2254,4,,,,,,,,,,,,,,,,,,,,,,,,,,,,,,,,,,,,,,,,,,,,,,,,,,,,,,,,,,,,,,,,,,,,,,,,,,,,,,,,,,,
2026-07-14T14:34:18.147593Z,"{'#attributes': {'Qualifiers': 16384}, '#text': 16389}",DC01.darkzero.htb,Microsoft-Windows-Security-SPP,Application,2255,4,,,,,,,,,,,,,,,,,0xC004D30B,,,,,,,,,,,,,,,,,,,,,,,,,,,,,,,,,,,,,,,,,,,,,,,,,,,,,,,,,,,,,,,,,,
2026-07-14T14:34:48.320178Z,"{'#attributes': {'Qualifiers': 16384}, '#text': 16384}",DC01.darkzero.htb,Microsoft-Windows-Security-SPP,Application,2256,4,,,,,,,,,,,,,,,,,,2126-06-20T14:34:48Z,RulesEngine,,,,,,,,,,,,,,,,,,,,,,,,,,,,,,,,,,,,,,,,,,,,,,,,,,,,,,,,,,,,,,,,
2026-07-14T14:35:30.036202Z,"{'#attributes': {'Qualifiers': 49152}, '#text': 16394}",DC01.darkzero.htb,Microsoft-Windows-Security-SPP,Application,2257,4,,,,,,,,,,,,,,,,,,,,,,,,,,,,,,,,,,,,,,,,,,,,,,,,,,,,,,,,,,,,,,,,,,,,,,,,,,,,,,,,,,,
2026-07-14T14:35:30.089565Z,"{'#attributes': {'Qualifiers': 16384}, '#text': 16389}",DC01.darkzero.htb,Microsoft-Windows-Security-SPP,Application,2258,4,,,,,,,,,,,,,,,,,0xC004D30B,,,,,,,,,,,,,,,,,,,,,,,,,,,,,,,,,,,,,,,,,,,,,,,,,,,,,,,,,,,,,,,,,,
2026-07-14T14:36:00.288078Z,"{'#attributes': {'Qualifiers': 16384}, '#text': 16384}",DC01.darkzero.htb,Microsoft-Windows-Security-SPP,Application,2259,4,,,,,,,,,,,,,,,,,,2126-06-20T14:36:00Z,RulesEngine,,,,,,,,,,,,,,,,,,,,,,,,,,,,,,,,,,,,,,,,,,,,,,,,,,,,,,,,,,,,,,,,
2026-07-14T14:38:15.824478Z,"{'#attributes': {'Qualifiers': 49152}, '#text': 16394}",DC01.darkzero.htb,Microsoft-Windows-Security-SPP,Application,2260,4,,,,,,,,,,,,,,,,,,,,,,,,,,,,,,,,,,,,,,,,,,,,,,,,,,,,,,,,,,,,,,,,,,,,,,,,,,,,,,,,,,,
2026-07-14T14:38:15.883520Z,"{'#attributes': {'Qualifiers': 16384}, '#text': 16389}",DC01.darkzero.htb,Microsoft-Windows-Security-SPP,Application,2261,4,,,,,,,,,,,,,,,,,0xC004D30B,,,,,,,,,,,,,,,,,,,,,,,,,,,,,,,,,,,,,,,,,,,,,,,,,,,,,,,,,,,,,,,,,,
2026-07-14T14:38:59.943286Z,"{'#attributes': {'Qualifiers': 16384}, '#text': 16384}",DC01.darkzero.htb,Microsoft-Windows-Security-SPP,Application,2262,4,,,,,,,,,,,,,,,,,,2126-06-20T14:38:59Z,RulesEngine,,,,,,,,,,,,,,,,,,,,,,,,,,,,,,,,,,,,,,,,,,,,,,,,,,,,,,,,,,,,,,,,
2026-07-14T14:47:05.446283Z,"{'#attributes': {'Qualifiers': 49152}, '#text': 16394}",DC01.darkzero.htb,Microsoft-Windows-Security-SPP,Application,2263,4,,,,,,,,,,,,,,,,,,,,,,,,,,,,,,,,,,,,,,,,,,,,,,,,,,,,,,,,,,,,,,,,,,,,,,,,,,,,,,,,,,,
2026-07-14T14:47:05.501956Z,"{'#attributes': {'Qualifiers': 16384}, '#text': 16389}",DC01.darkzero.htb,Microsoft-Windows-Security-SPP,Application,2264,4,,,,,,,,,,,,,,,,,0xC004D30B,,,,,,,,,,,,,,,,,,,,,,,,,,,,,,,,,,,,,,,,,,,,,,,,,,,,,,,,,,,,,,,,,,
2026-07-14T14:47:35.758269Z,"{'#attributes': {'Qualifiers': 16384}, '#text': 16384}",DC01.darkzero.htb,Microsoft-Windows-Security-SPP,Application,2265,4,,,,,,,,,,,,,,,,,,2126-06-20T14:47:35Z,RulesEngine,,,,,,,,,,,,,,,,,,,,,,,,,,,,,,,,,,,,,,,,,,,,,,,,,,,,,,,,,,,,,,,,
2026-07-14T14:55:01.901407Z,1001,DC01.darkzero.htb,Windows Error Reporting,Application,2266,4,,,,,,,,0,,,0,0,,,,,,,,,,,,,,,,,,,,,WindowsWcpOtherFailure3,,,,,,,10.0.26100.32837:2,,wcp\componentstore\scavenge.cpp,ComponentStore::CRawStoreLayout::RetainFileAsVersion,1834,c015001b,0x18b02f8b,,,,,,,,0,4876c20a-f1aa-430f-a731-b9bd3090928a,4,Not available,,,,,\\?\C:\ProgramData\Microsoft\Windows\WER\ReportQueue\Critical_10.0.26100.32837_3ae15d2d436a509f5341272edd97ba109f8df2fe_00000000_4876c20a-f1aa-430f-a731-b9bd3090928a,,,,,,,,,,,,,,,,,,,,,
2026-07-14T14:55:01.911231Z,1001,DC01.darkzero.htb,Windows Error Reporting,Application,2267,4,,,,,"
\\?\C:\Windows\Logs\CBS\CBS.log
\\?\C:\Windows\Logs\CBS\CbsPersist_20260521225545.cab
\\?\C:\Windows\Logs\CBS\CbsPersist_20260521222129.cab
\\?\C:\Windows\Logs\CBS\CbsPersist_20260520130847.cab
\\?\C:\Windows\Logs\CBS\CbsPersist_20260518123303.cab
\\?\C:\Windows\Logs\CBS\CbsPersist_20260406091804.cab
\\?\C:\WINDOWS\servicing\Sessions\Sessions.xml
\\?\C:\WINDOWS\WinSxs\poqexec.log
\\?\C:\WINDOWS\Logs\Cbs\FilterList.log",,,0,,,0,0,,,,,,,,,,,,,,,,,,,,,WindowsWcpOtherFailure3,,,,,,,10.0.26100.32837:2,,wcp\componentstore\scavenge.cpp,ComponentStore::CRawStoreLayout::RetainFileAsVersion,1834,c015001b,0x18b02f8b,,,,,,,,0,4876c20a-f1aa-430f-a731-b9bd3090928a,262148,Not available,,,,,NULL,,,,,,,,,,,,,,,,,,,,,
2026-07-14T14:55:08.021873Z,1001,DC01.darkzero.htb,Windows Error Reporting,Application,2268,4,,,,,"
\\?\C:\ProgramData\Microsoft\Windows\WER\Temp\WER.a2c5adaa-f85e-484b-b109-cf4bea7e2216.tmp.WERInternalMetadata.xml",,1407782264792469466,5,,,0,0,,,,,,,,,,,,,,,,,,,,,WindowsWcpOtherFailure3,,e0426cf4bc8d64a033897282d60ccfda,,,,,10.0.26100.32837:2,,wcp\componentstore\scavenge.cpp,ComponentStore::CRawStoreLayout::RetainFileAsVersion,1834,c015001b,0x18b02f8b,,,,,,,,0,4876c20a-f1aa-430f-a731-b9bd3090928a,268435456,Not available,,,,,\\?\C:\ProgramData\Microsoft\Windows\WER\ReportArchive\Critical_10.0.26100.32837_3ae15d2d436a509f5341272edd97ba109f8df2fe_00000000_4876c20a-f1aa-430f-a731-b9bd3090928a,,,,,,,,,,,,,,,,,,,,,
2026-07-14T15:13:05.965756Z,1001,DC01.darkzero.htb,Windows Error Reporting,Application,2269,4,,,,,,,,0,,,0,0,,,,,,,,,,,,,,,,,,,,,WindowsWcpOtherFailure3,,,,,,,10.0.26100.32985:2,,wcp\componentstore\storelayout.cpp,ComponentStore::CRawStoreLayout::OpenComponentFile,2204,800f0983,0x712620c3,,,,,,,,0,1677cffe-8a1a-441b-818f-9b5bae38721e,4,Not available,,,,,\\?\C:\ProgramData\Microsoft\Windows\WER\ReportQueue\Critical_10.0.26100.32985_39ceee8687609fa1b8257ae1b424ca2f79cc92e_00000000_1677cffe-8a1a-441b-818f-9b5bae38721e,,,,,,,,,,,,,,,,,,,,,
2026-07-14T15:13:05.969334Z,1001,DC01.darkzero.htb,Windows Error Reporting,Application,2270,4,,,,,,,,0,,,0,0,,,,,,,,,,,,,,,,,,,,,WindowsWcpOtherFailure3,,,,,,,10.0.26100.32985:2,,wcp\componentstore\storelayout.cpp,ComponentStore::CRawStoreLayout::OpenComponentFile,2204,800f0983,0x712620c3,,,,,,,,0,6b6697fe-c3d1-4342-96c2-237bbb87168f,4,Not available,,,,,\\?\C:\ProgramData\Microsoft\Windows\WER\ReportQueue\Critical_10.0.26100.32985_39ceee8687609fa1b8257ae1b424ca2f79cc92e_00000000_6b6697fe-c3d1-4342-96c2-237bbb87168f,,,,,,,,,,,,,,,,,,,,,
2026-07-14T15:13:05.976817Z,1001,DC01.darkzero.htb,Windows Error Reporting,Application,2271,4,,,,,"
\\?\C:\Windows\Logs\CBS\CBS.log
\\?\C:\Windows\Logs\CBS\CbsPersist_20260714151200.log
\\?\C:\Windows\Logs\CBS\CbsPersist_20260521225545.cab
\\?\C:\Windows\Logs\CBS\CbsPersist_20260521222129.cab
\\?\C:\Windows\Logs\CBS\CbsPersist_20260520130847.cab
\\?\C:\Windows\Logs\CBS\CbsPersist_20260518123303.cab
\\?\C:\WINDOWS\servicing\Sessions\Sessions.xml
\\?\C:\WINDOWS\WinSxs\poqexec.log",,,0,,,0,0,,,,,,,,,,,,,,,,,,,,,WindowsWcpOtherFailure3,,,,,,,10.0.26100.32985:2,,wcp\componentstore\storelayout.cpp,ComponentStore::CRawStoreLayout::OpenComponentFile,2204,800f0983,0x712620c3,,,,,,,,0,6b6697fe-c3d1-4342-96c2-237bbb87168f,262148,Not available,,,,,NULL,,,,,,,,,,,,,,,,,,,,,
2026-07-14T15:13:05.976941Z,1001,DC01.darkzero.htb,Windows Error Reporting,Application,2272,4,,,,,"
\\?\C:\Windows\Logs\CBS\CBS.log
\\?\C:\Windows\Logs\CBS\CbsPersist_20260714151200.log
\\?\C:\Windows\Logs\CBS\CbsPersist_20260521225545.cab
\\?\C:\Windows\Logs\CBS\CbsPersist_20260521222129.cab
\\?\C:\Windows\Logs\CBS\CbsPersist_20260520130847.cab
\\?\C:\Windows\Logs\CBS\CbsPersist_20260518123303.cab
\\?\C:\WINDOWS\servicing\Sessions\Sessions.xml
\\?\C:\WINDOWS\WinSxs\poqexec.log
\\?\C:\WINDOWS\Logs\Cbs\FilterList.log",,,0,,,0,0,,,,,,,,,,,,,,,,,,,,,WindowsWcpOtherFailure3,,,,,,,10.0.26100.32985:2,,wcp\componentstore\storelayout.cpp,ComponentStore::CRawStoreLayout::OpenComponentFile,2204,800f0983,0x712620c3,,,,,,,,0,1677cffe-8a1a-441b-818f-9b5bae38721e,262148,Not available,,,,,NULL,,,,,,,,,,,,,,,,,,,,,
2026-07-14T15:13:05.979124Z,1001,DC01.darkzero.htb,Windows Error Reporting,Application,2273,4,,,,,,,,0,,,0,0,,,,,,,,,,,,,,,,,,,,,WindowsWcpOtherFailure3,,,,,,,10.0.26100.32985:2,,wcp\componentstore\storelayout.cpp,ComponentStore::CRawStoreLayout::OpenComponentFile,2204,800f0983,0x712620c3,,,,,,,,0,0d8360fb-30b2-46cd-9697-d4b3f4891259,4,Not available,,,,,\\?\C:\ProgramData\Microsoft\Windows\WER\ReportQueue\Critical_10.0.26100.32985_39ceee8687609fa1b8257ae1b424ca2f79cc92e_00000000_0d8360fb-30b2-46cd-9697-d4b3f4891259,,,,,,,,,,,,,,,,,,,,,
2026-07-14T15:13:05.984183Z,1001,DC01.darkzero.htb,Windows Error Reporting,Application,2274,4,,,,,"
\\?\C:\Windows\Logs\CBS\CBS.log
\\?\C:\Windows\Logs\CBS\CbsPersist_20260714151200.log
\\?\C:\Windows\Logs\CBS\CbsPersist_20260521225545.cab
\\?\C:\Windows\Logs\CBS\CbsPersist_20260521222129.cab
\\?\C:\Windows\Logs\CBS\CbsPersist_20260520130847.cab
\\?\C:\Windows\Logs\CBS\CbsPersist_20260518123303.cab
\\?\C:\WINDOWS\servicing\Sessions\Sessions.xml
\\?\C:\WINDOWS\WinSxs\poqexec.log
\\?\C:\WINDOWS\Logs\Cbs\FilterList.log",,,0,,,0,0,,,,,,,,,,,,,,,,,,,,,WindowsWcpOtherFailure3,,,,,,,10.0.26100.32985:2,,wcp\componentstore\storelayout.cpp,ComponentStore::CRawStoreLayout::OpenComponentFile,2204,800f0983,0x712620c3,,,,,,,,0,0d8360fb-30b2-46cd-9697-d4b3f4891259,262148,Not available,,,,,NULL,,,,,,,,,,,,,,,,,,,,,
2026-07-14T15:13:07.738908Z,1001,DC01.darkzero.htb,Windows Error Reporting,Application,2275,4,,,,,"
\\?\C:\ProgramData\Microsoft\Windows\WER\Temp\WER.7c90d859-8ddd-4323-a523-01e33dacff48.tmp.WERInternalMetadata.xml",,,0,,,0,0,,,,,,,,,,,,,,,,,,,,,WindowsWcpOtherFailure3,,,,,,,10.0.26100.32985:2,,wcp\componentstore\storelayout.cpp,ComponentStore::CRawStoreLayout::OpenComponentFile,2204,800f0983,0x712620c3,,,,,,,,0,1677cffe-8a1a-441b-818f-9b5bae38721e,2147491840,Not available,,,,,\\?\C:\ProgramData\Microsoft\Windows\WER\ReportArchive\Critical_10.0.26100.32985_39ceee8687609fa1b8257ae1b424ca2f79cc92e_00000000_1677cffe-8a1a-441b-818f-9b5bae38721e,,,,,,,,,,,,,,,,,,,,,
2026-07-14T15:13:26.072599Z,"{'#attributes': {'Qualifiers': 49152}, '#text': 16394}",DC01.darkzero.htb,Microsoft-Windows-Security-SPP,Application,2276,4,,,,,,,,,,,,,,,,,,,,,,,,,,,,,,,,,,,,,,,,,,,,,,,,,,,,,,,,,,,,,,,,,,,,,,,,,,,,,,,,,,,
2026-07-14T15:13:26.531934Z,"{'#attributes': {'Qualifiers': 16384}, '#text': 16389}",DC01.darkzero.htb,Microsoft-Windows-Security-SPP,Application,2277,4,,,,,,,,,,,,,,,,,0xC004D30B,,,,,,,,,,,,,,,,,,,,,,,,,,,,,,,,,,,,,,,,,,,,,,,,,,,,,,,,,,,,,,,,,,
2026-07-14T15:13:26.839463Z,"{'#attributes': {'Qualifiers': 16384}, '#text': 1034}",DC01.darkzero.htb,Microsoft-Windows-Security-SPP,Application,2278,4,,,,,,,,,,,,,,,,,,AAD-AddDeviceJoinUserToAdminGroup-Policy,100,,,,,,,,,,,,,,,,,,,,,,,,,,,,,,,,,,,,,,,,,,,,,,,,,,,,,,,,,,,,,,,,
2026-07-14T15:13:26.840655Z,"{'#attributes': {'Qualifiers': 16384}, '#text': 1034}",DC01.darkzero.htb,Microsoft-Windows-Security-SPP,Application,2279,4,,,,,,,,,,,,,,,,,,Security-SPP-WriteWauMarker,500,,,,,,,,,,,,,,,,,,,,,,,,,,,,,,,,,,,,,,,,,,,,,,,,,,,,,,,,,,,,,,,,
2026-07-14T15:13:26.843694Z,"{'#attributes': {'Qualifiers': 16384}, '#text': 1033}",DC01.darkzero.htb,Microsoft-Windows-Security-SPP,Application,2280,4,,,,,,,,,,,,,,,,,,(Security-SPP-Reserved-EnableNotificationMode) ,55c92734-d682-4d71-983e-d6ec3f16059f,10d661ba-f2e3-445c-8e92-200e1e05e9e1,,,,,,,,,,,,,,,,,,,,,,,,,,,,,,,,,,,,,,,,,,,,,,,,,,,,,,,,,,,,,,,
2026-07-14T15:13:56.976837Z,"{'#attributes': {'Qualifiers': 16384}, '#text': 16384}",DC01.darkzero.htb,Microsoft-Windows-Security-SPP,Application,2281,4,,,,,,,,,,,,,,,,,,2126-06-20T15:13:56Z,RulesEngine,,,,,,,,,,,,,,,,,,,,,,,,,,,,,,,,,,,,,,,,,,,,,,,,,,,,,,,,,,,,,,,,
2026-07-14T15:19:13.788647Z,"{'#attributes': {'Qualifiers': 49152}, '#text': 16394}",DC01.darkzero.htb,Microsoft-Windows-Security-SPP,Application,2282,4,,,,,,,,,,,,,,,,,,,,,,,,,,,,,,,,,,,,,,,,,,,,,,,,,,,,,,,,,,,,,,,,,,,,,,,,,,,,,,,,,,,
2026-07-14T15:19:14.077679Z,"{'#attributes': {'Qualifiers': 16384}, '#text': 16389}",DC01.darkzero.htb,Microsoft-Windows-Security-SPP,Application,2283,4,,,,,,,,,,,,,,,,,0xC004D30B,,,,,,,,,,,,,,,,,,,,,,,,,,,,,,,,,,,,,,,,,,,,,,,,,,,,,,,,,,,,,,,,,,
2026-07-14T15:19:44.323806Z,"{'#attributes': {'Qualifiers': 16384}, '#text': 16384}",DC01.darkzero.htb,Microsoft-Windows-Security-SPP,Application,2284,4,,,,,,,,,,,,,,,,,,2126-06-20T15:19:44Z,RulesEngine,,,,,,,,,,,,,,,,,,,,,,,,,,,,,,,,,,,,,,,,,,,,,,,,,,,,,,,,,,,,,,,,
2026-07-14T15:21:09.354524Z,"{'#attributes': {'Qualifiers': 49152}, '#text': 16394}",DC01.darkzero.htb,Microsoft-Windows-Security-SPP,Application,2285,4,,,,,,,,,,,,,,,,,,,,,,,,,,,,,,,,,,,,,,,,,,,,,,,,,,,,,,,,,,,,,,,,,,,,,,,,,,,,,,,,,,,
2026-07-14T15:21:09.413934Z,"{'#attributes': {'Qualifiers': 16384}, '#text': 16389}",DC01.darkzero.htb,Microsoft-Windows-Security-SPP,Application,2286,4,,,,,,,,,,,,,,,,,0xC004D30B,,,,,,,,,,,,,,,,,,,,,,,,,,,,,,,,,,,,,,,,,,,,,,,,,,,,,,,,,,,,,,,,,,
2026-07-14T15:21:39.602287Z,"{'#attributes': {'Qualifiers': 16384}, '#text': 16384}",DC01.darkzero.htb,Microsoft-Windows-Security-SPP,Application,2287,4,,,,,,,,,,,,,,,,,,2126-06-20T15:21:39Z,RulesEngine,,,,,,,,,,,,,,,,,,,,,,,,,,,,,,,,,,,,,,,,,,,,,,,,,,,,,,,,,,,,,,,,
2026-07-14T15:25:10.341589Z,"{'#attributes': {'Qualifiers': 49152}, '#text': 16394}",DC01.darkzero.htb,Microsoft-Windows-Security-SPP,Application,2288,4,,,,,,,,,,,,,,,,,,,,,,,,,,,,,,,,,,,,,,,,,,,,,,,,,,,,,,,,,,,,,,,,,,,,,,,,,,,,,,,,,,,
2026-07-14T15:25:10.405215Z,"{'#attributes': {'Qualifiers': 16384}, '#text': 16389}",DC01.darkzero.htb,Microsoft-Windows-Security-SPP,Application,2289,4,,,,,,,,,,,,,,,,,0xC004D30B,,,,,,,,,,,,,,,,,,,,,,,,,,,,,,,,,,,,,,,,,,,,,,,,,,,,,,,,,,,,,,,,,,
2026-07-14T15:25:40.596901Z,"{'#attributes': {'Qualifiers': 16384}, '#text': 16384}",DC01.darkzero.htb,Microsoft-Windows-Security-SPP,Application,2290,4,,,,,,,,,,,,,,,,,,2126-06-20T15:25:40Z,RulesEngine,,,,,,,,,,,,,,,,,,,,,,,,,,,,,,,,,,,,,,,,,,,,,,,,,,,,,,,,,,,,,,,,
2026-07-14T16:06:18.394385Z,"{'#attributes': {'Qualifiers': 49152}, '#text': 16394}",DC01.darkzero.htb,Microsoft-Windows-Security-SPP,Application,2291,4,,,,,,,,,,,,,,,,,,,,,,,,,,,,,,,,,,,,,,,,,,,,,,,,,,,,,,,,,,,,,,,,,,,,,,,,,,,,,,,,,,,
2026-07-14T16:06:18.452612Z,"{'#attributes': {'Qualifiers': 16384}, '#text': 16389}",DC01.darkzero.htb,Microsoft-Windows-Security-SPP,Application,2292,4,,,,,,,,,,,,,,,,,0xC004D30B,,,,,,,,,,,,,,,,,,,,,,,,,,,,,,,,,,,,,,,,,,,,,,,,,,,,,,,,,,,,,,,,,,
2026-07-14T16:06:48.621550Z,"{'#attributes': {'Qualifiers': 16384}, '#text': 16384}",DC01.darkzero.htb,Microsoft-Windows-Security-SPP,Application,2293,4,,,,,,,,,,,,,,,,,,2126-06-20T16:06:48Z,RulesEngine,,,,,,,,,,,,,,,,,,,,,,,,,,,,,,,,,,,,,,,,,,,,,,,,,,,,,,,,,,,,,,,,
2026-07-14T16:08:24.983485Z,"{'#attributes': {'Qualifiers': 32768}, '#text': 6000}",DC01.darkzero.htb,Microsoft-Windows-Winlogon,Application,2294,4,,,,,,D9060000,,,,,,,,,,,SessionEnv,,,,,,,,,,,,,,,,,,,,,,,,,,,,,,,,,,,,,,,,,,,,,,,,,,,,,,,,,,,,,,,,,,
2026-07-14T16:09:21.308588Z,"{'#attributes': {'Qualifiers': 0}, '#text': 260}",DC01.darkzero.htb,VMUpgradeHelper,Application,2295,4,,,,,,,,,,,,,,,,,,,,,,,,,,,,,,,,,,,,,,,,,,,,,,,,,,,,,,,,,,,,,,,,,,,,,,,,,,,,,,,,,,,
2026-07-14T16:09:21.309034Z,"{'#attributes': {'Qualifiers': 0}, '#text': 272}",DC01.darkzero.htb,VMUpgradeHelper,Application,2296,4,,,,,,,,,,,,,,,,,,,,,,,,,,,,,,,,,,,,,,,,,,,,,,,,,,,,,,,,,,,,,,,,,,,,,,,,,,,,,,,,,,,
2026-07-14T16:09:21.364665Z,"{'#attributes': {'Qualifiers': 0}, '#text': 108}",DC01.darkzero.htb,VMTools,Application,2297,4,,,,,,,,,,,,,,,,,,,,,,,,,,,,,,,,,,,,,,,,,,,,,,,,,,,,,,,,,,,,,,,,,,,,,,,,,,,,,,,,,,,
2026-07-14T16:09:21.777144Z,"{'#attributes': {'Qualifiers': 0}, '#text': 13}",DC01.darkzero.htb,VSS,Application,2298,2,,,,,,2D20436F64653A20575254575254494330303030343932332D2043616C6C3A20575254575254494330303030343931362D205049443A202030303030353832382D205449443A202030303030323830302D20434D443A2020433A5C57494E444F57535C73797374656D33325C737663686F73742E657865202D6B204E6574776F726B53657276696365202D70202020202D20557365723A204E616D653A204E5420415554484F524954595C4E4554574F524B20534552564943452C205349443A532D312D352D3230,,,,,,,,,,,,{4e14fba2-2e22-11d1-9964-00c04fbbb345},CEventSystem,"0x8007045b, A system shutdown is in progress.
",,,,,,,,,,,,,,,,,,,,,,,,,,,,,,,,,,,,,,,,,,,,,,,,,,,,,,,,,,,,,,,
2026-07-14T16:09:21.780271Z,"{'#attributes': {'Qualifiers': 0}, '#text': 8193}",DC01.darkzero.htb,VSS,Application,2299,2,,,,,,2D20436F64653A20575254575254494330303030343933302D2043616C6C3A20575254575254494330303030343931362D205049443A202030303030353832382D205449443A202030303030323830302D20434D443A2020433A5C57494E444F57535C73797374656D33325C737663686F73742E657865202D6B204E6574776F726B53657276696365202D70202020202D20557365723A204E616D653A204E5420415554484F524954595C4E4554574F524B20534552564943452C205349443A532D312D352D3230,,,,,,,,,,,,CoCreateInstance,"0x8007045b, A system shutdown is in progress.
",,,,,,,,,,,,,,,,,,,,,,,,,,,,,,,,,,,,,,,,,,,,,,,,,,,,,,,,,,,,,,,,
2026-07-14T16:09:21.738479Z,1532,DC01.darkzero.htb,Microsoft-Windows-User Profiles Service,Application,2300,4,,,,,,,,,,,,,,,,,,,,,,,,,,,,,,,,,,,,,,,,,,,,,,,,,,,,,,,,,,,,,,,,,,,,,,,,,,,,,,,,,,,
2026-07-14T16:09:22.070324Z,38,DC01.darkzero.htb,Microsoft-Windows-CertificationAuthority,Application,2301,4,,,,,,,,,,darkzero-DC01-CA,,,,,,,,,,,,,,,,,,,,,,,,,,,,,,,,,,,,,,,,,,,,,,,,,,,,,,,,,MSG_I_SERVER_STOPPED,,,,,,,,,,,,,,,,
2026-07-14T16:09:57.264114Z,5615,DC01.darkzero.htb,Microsoft-Windows-WMI,Application,2302,4,,,,,,,,,,,,,,,,,,,,,,,,,,,,,,,,,,,,,,,,,,,,,,,,,,,,,,,,,,,,,,,,,,,,,,,,,,,,,,,,,,,
2026-07-14T16:09:57.631036Z,1531,DC01.darkzero.htb,Microsoft-Windows-User Profiles Service,Application,2303,4,,,,,,,,,,,,,,,,,,,,,,,,,,,,,,,,,,,,,,,,,,,,,,,,,,,,,,,,,,,,,,,,,,,,,,,,,,,,,,,,,,,
2026-07-14T16:10:06.409852Z,"{'#attributes': {'Qualifiers': 0}, '#text': 105}",DC01.darkzero.htb,VMTools,Application,2304,4,,,,,,,,,,,,,,,,,,,,,,,,,,,,,,,,,,,,,,,,,,,,,,,,,,,,,,,,,,,,,,,,,,,,,,,,,,,,,,,,,,,
2026-07-14T16:10:07.042015Z,"{'#attributes': {'Qualifiers': 16384}, '#text': 781}",DC01.darkzero.htb,Microsoft-Windows-Complus,Application,2305,4,,,,,,,,,,,,,,,,,,,,,,,,,,,,,,,,,,,,,,,,,,,,,,,,,,,,,,,,,,,,,,,,,,,,,,,,86400,,,,SuppressDuplicateDuration,Software\Microsoft\COM3\Eventlog,,,,,,
2026-07-14T16:10:07.418607Z,"{'#attributes': {'Qualifiers': 16384}, '#text': 4202}",DC01.darkzero.htb,Microsoft-Windows-MSDTC 2,Application,2306,4,,,,,,,,,,,,,,,,,,,,,,,,,,,,,,,,,,,,,,,,,,,,,,,,,,,,,,,,,,,,,,,,,,,,,,,,0,0,0,1,0,0,0,0,0,1,Mutual Authentication Required,NT AUTHORITY\NetworkService
2026-07-14T16:10:07.573705Z,"{'#attributes': {'Qualifiers': 0}, '#text': 258}",DC01.darkzero.htb,VMUpgradeHelper,Application,2307,4,,,,,,,,,,,,,,,,,,,,,,,,,,,,,,,,,,,,,,,,,,,,,,,,,,,,,,,,,,,,,,,,,,,,,,,,,,,,,,,,,,,
2026-07-14T16:10:07.768238Z,"{'#attributes': {'Qualifiers': 0}, '#text': 271}",DC01.darkzero.htb,VMUpgradeHelper,Application,2308,4,,,,,,,,,,,,,,,,,,,,,,,,,,,,,,,,,,,,,,,,,,,,,,,,,,,,,,,,,,,,,,,,,,,,,,,,,,,,,,,,,,,
2026-07-14T16:10:07.104628Z,5617,DC01.darkzero.htb,Microsoft-Windows-WMI,Application,2309,4,,,,,,,,,,,,,,,,,,,,,,,,,,,,,,,,,,,,,,,,,,,,,,,,,,,,,,,,,,,,,,,,,,,,,,,,,,,,,,,,,,,
2026-07-14T16:10:36.633443Z,"{'#attributes': {'Qualifiers': 0}, '#text': 102}",DC01.darkzero.htb,ESENT,Application,2310,4,,,,,,,,,,,,,,,,,,certsrv.exe,"3092,P,98,0",,0,10,00,26100,0000,,,,,,,,,,,,,,,,,,,,,,,,,,,,,,,,,,,,,,,,,,,,,,,,,,,,,,,,,,
2026-07-14T16:10:36.654538Z,"{'#attributes': {'Qualifiers': 0}, '#text': 105}",DC01.darkzero.htb,ESENT,Application,2311,4,,,,,,,,,,,,,,,,,,certsrv.exe,"3092,D,0,0",,0,0.042,"
[1] 0.011133 +J(0) +M(C:0K, Fs:129, WS:500K # 500K, PF:2492K # 2220K, P:2492K)
[2] 0.000792 +J(0) +M(C:3200K, Fs:234, WS:920K # 920K, PF:4168K # 4164K, P:4168K)
[3] 0.000019 +J(0) +M(C:0K, Fs:1, WS:4K # 4K, PF:64K # 64K, P:64K)
[4] 0.000208 +J(0) +M(C:0K, Fs:27, WS:104K # 104K, PF:512K # 512K, P:512K)
[5] 0.000731 +J(0) +M(C:0K, Fs:10, WS:40K # 40K, PF:28K # 28K, P:28K)
[6] 0.010934 +J(0) +M(C:0K, Fs:33, WS:128K # 128K, PF:12K # 12K, P:12K)
[7] 0.007996 -0.007128 (3) WT +J(0) +M(C:0K, Fs:280, WS:1120K # 1120K, PF:1024K # 1024K, P:1024K)
[8] -
[9] -
[10] -
[11] -
[12] -
[13] 0.007987 -0.006098 (4) WT +J(CM:0, PgRf:0, Rd:0/0, Dy:0/0, Lg:616/1) +M(C:0K, Fs:16, WS:-972K # 36K, PF:-1020K # 12K, P:-1020K)
[14] 0.000024 +J(0) +M(C:0K, Fs:1, WS:4K # 0K, PF:0K # 0K, P:0K)
[15] 0.000199 +J(0) +M(C:0K, Fs:101, WS:404K # 0K, PF:64K # 0K, P:64K)
[16] 0.002369 -0.002095 (1) WT +J(0) +M(C:0K, Fs:3, WS:4K # 0K, PF:0K # 0K, P:0K).","RBSOn = 0
",,,,,,,,,,,,,,,,,,,,,,,,,,,,,,,,,,,,,,,,,,,,,,,,,,,,,,,,,,,
2026-07-14T16:10:36.685185Z,"{'#attributes': {'Qualifiers': 0}, '#text': 326}",DC01.darkzero.htb,ESENT,Application,2312,4,,,,,,,,,,,,,,,,,,certsrv.exe,"3092,D,50,0",,1,C:\WINDOWS\system32\CertLog\darkzero-DC01-CA.edb,0,"
[1] 0.000006 +J(0) +M(C:0K, Fs:1, WS:4K # 0K, PF:0K # 0K, P:0K)
[2] 0.002716 -0.002221 (1) WT +J(0) +M(C:0K, Fs:19, WS:12K # 0K, PF:4K # 0K, P:4K)
[3] 0.006369 -0.002436 (6) WT +J(CM:0, PgRf:0, Rd:0/0, Dy:0/0, Lg:3480/2) +M(C:0K, Fs:33, WS:128K # 0K, PF:120K # 0K, P:120K)
[4] 0.000727 +J(0) +M(C:0K, Fs:1, WS:4K # 0K, PF:0K # 0K, P:0K)
[5] -
[6] 0.000703 -0.000494 (2) CM -0.000423 (2) WT +J(CM:2, PgRf:2, Rd:0/2, Dy:0/0, Lg:0/0) +M(C:0K, Fs:44, WS:176K # 0K, PF:132K # 0K, P:132K)
[7] 0.000003 +J(0)
[8] 0.001224 -0.000888 (1) CM -0.000869 (1) WT +J(CM:1, PgRf:1, Rd:14/0, Dy:0/0, Lg:0/0) +M(C:0K, Fs:38, WS:152K # 0K, PF:200K # 0K, P:200K)
[9] -
[10] -
[11] -
[12] 0.000014 +J(CM:0, PgRf:0, Rd:0/0, Dy:0/0, Lg:54/1) +M(C:0K, Fs:2, WS:8K # 0K, PF:20K # 0K, P:20K)
[13] 0.000887 -0.000668 (2) CM -0.000581 (2) WT +J(CM:2, PgRf:23, Rd:0/2, Dy:0/0, Lg:0/0) +M(C:0K, Fs:22, WS:88K # 64K, PF:4K # 0K, P:4K)
[14] 0.000497 -0.000258 (1) CM -0.000214 (1) WT +J(CM:1, PgRf:40, Rd:0/1, Dy:0/0, Lg:0/0) +M(C:0K, Fs:4, WS:16K # 16K, PF:64K # 0K, P:64K)
[15] 0.000009 +J(CM:0, PgRf:1, Rd:0/0, Dy:0/0, Lg:0/0)
[16] 0.000012 +J(CM:0, PgRf:1, Rd:0/0, Dy:0/0, Lg:0/0) +M(C:0K, Fs:1, WS:4K # 4K, PF:0K # 0K, P:0K)
[17] 0.000078 +J(CM:0, PgRf:42, Rd:0/0, Dy:0/0, Lg:0/0) +M(C:0K, Fs:8, WS:32K # 32K, PF:0K # 0K, P:0K)
[18] 0.000001 +J(0)
[19] 0.0 +J(0)
[20] 0.000035 +J(CM:0, PgRf:3, Rd:0/0, Dy:0/0, Lg:0/0) +M(C:0K, Fs:4, WS:16K # 16K, PF:0K # 0K, P:0K).",0 0,"lgposAttach = 00000002:00AB:0268,
dbv = 1568.300.620 (9620)",,,,,,,,,,,,,,,,,,,,,,,,,,,,,,,,,,,,,,,,,,,,,,,,,,,,,,,,,
2026-07-14T16:10:36.943552Z,"{'#attributes': {'Qualifiers': 0}, '#text': 102}",DC01.darkzero.htb,ESENT,Application,2313,4,,,,,,,,,,,,,,,,,,DFSRs,"3180,P,98,0",\\.\C:\System Volume Information\DFSR\database_5284_685_8406_6C33\dfsr.db: ,0,10,00,26100,0000,,,,,,,,,,,,,,,,,,,,,,,,,,,,,,,,,,,,,,,,,,,,,,,,,,,,,,,,,,
2026-07-14T16:10:37.022442Z,"{'#attributes': {'Qualifiers': 0}, '#text': 105}",DC01.darkzero.htb,ESENT,Application,2314,4,,,,,,,,,,,,,,,,,,DFSRs,"3180,D,0,0",\\.\C:\System Volume Information\DFSR\database_5284_685_8406_6C33\dfsr.db: ,0,0.088,"
[1] 0.009061 +J(0) +M(C:0K, Fs:306, WS:1196K # 1196K, PF:6584K # 6576K, P:6584K)
[2] 0.000263 +J(0) +M(C:16K, Fs:104, WS:408K # 408K, PF:296K # 296K, P:296K)
[3] 0.000020 +J(0) +M(C:0K, Fs:1, WS:4K # 4K, PF:64K # 64K, P:64K)
[4] 0.000330 +J(0) +M(C:2032K, Fs:48, WS:180K # 180K, PF:2444K # 2444K, P:2444K)
[5] 0.000940 +J(0) +M(C:0K, Fs:17, WS:68K # 68K, PF:40K # 40K, P:40K)
[6] 0.008534 +J(0) +M(C:0K, Fs:19, WS:76K # 76K, PF:12K # 12K, P:12K)
[7] 0.034542 -0.032039 (11) WT +J(0) +M(C:0K, Fs:1306, WS:5216K # 5216K, PF:5128K # 5128K, P:5128K)
[8] -
[9] -
[10] -
[11] -
[12] -
[13] 0.033625 -0.030437 (12) WT +J(CM:0, PgRf:0, Rd:0/0, Dy:0/0, Lg:616/1) +M(C:0K, Fs:14, WS:-5076K # 28K, PF:-5120K # 16K, P:-5120K)
[14] 0.000028 +J(0) +M(C:0K, Fs:1, WS:4K # 0K, PF:0K # 0K, P:0K)
[15] 0.000165 +J(0) +M(C:0K, Fs:65, WS:260K # 0K, PF:64K # 0K, P:64K)
[16] 0.000737 -0.000375 (1) WT +J(0) +M(C:0K, Fs:2, WS:0K # 0K, PF:0K # 0K, P:0K).","RBSOn = 0
",,,,,,,,,,,,,,,,,,,,,,,,,,,,,,,,,,,,,,,,,,,,,,,,,,,,,,,,,,,
2026-07-14T16:10:37.044634Z,"{'#attributes': {'Qualifiers': 0}, '#text': 326}",DC01.darkzero.htb,ESENT,Application,2315,4,,,,,,,,,,,,,,,,,,DFSRs,"3180,D,50,0",\\.\C:\System Volume Information\DFSR\database_5284_685_8406_6C33\dfsr.db: ,1,\\.\C:\System Volume Information\DFSR\database_5284_685_8406_6C33\dfsr.db,0,"
[1] 0.000007 +J(0) +M(C:0K, Fs:1, WS:4K # 0K, PF:0K # 0K, P:0K)
[2] 0.004418 -0.004017 (1) WT +J(0) +M(C:0K, Fs:20, WS:16K # 0K, PF:8K # 0K, P:8K)
[3] 0.006352 -0.002239 (6) WT +J(CM:0, PgRf:0, Rd:0/0, Dy:0/0, Lg:3480/2) +M(C:0K, Fs:43, WS:160K # 0K, PF:148K # 0K, P:148K)
[4] 0.000490 +J(0) +M(C:0K, Fs:1, WS:4K # 0K, PF:0K # 0K, P:0K)
[5] -
[6] 0.001009 -0.000793 (2) CM -0.000720 (2) WT +J(CM:2, PgRf:2, Rd:0/2, Dy:0/0, Lg:0/0) +M(C:-8K, Fs:46, WS:172K # 0K, PF:128K # 0K, P:128K)
[7] 0.000003 +J(0)
[8] 0.001462 -0.001166 (1) CM -0.001146 (1) WT +J(CM:1, PgRf:1, Rd:14/0, Dy:0/0, Lg:0/0) +M(C:-4K, Fs:52, WS:204K # 0K, PF:196K # 0K, P:196K)
[9] -
[10] -
[11] -
[12] 0.000015 +J(CM:0, PgRf:0, Rd:0/0, Dy:0/0, Lg:54/1) +M(C:0K, Fs:2, WS:8K # 0K, PF:20K # 0K, P:20K)
[13] 0.000572 -0.000377 (1) CM -0.000323 (1) WT +J(CM:1, PgRf:23, Rd:0/1, Dy:0/0, Lg:0/0) +M(C:-8K, Fs:22, WS:80K # 0K, PF:0K # 0K, P:0K)
[14] 0.000416 -0.000275 (1) CM -0.000237 (1) WT +J(CM:1, PgRf:40, Rd:0/1, Dy:0/0, Lg:0/0) +M(C:-4K, Fs:5, WS:16K # 0K, PF:60K # 0K, P:60K)
[15] 0.000009 +J(CM:0, PgRf:1, Rd:0/0, Dy:0/0, Lg:0/0)
[16] 0.000011 +J(CM:0, PgRf:1, Rd:0/0, Dy:0/0, Lg:0/0) +M(C:0K, Fs:1, WS:4K # 0K, PF:0K # 0K, P:0K)
[17] 0.000038 +J(CM:0, PgRf:36, Rd:0/0, Dy:0/0, Lg:0/0) +M(C:0K, Fs:1, WS:4K # 0K, PF:0K # 0K, P:0K)
[18] 0.000001 +J(0)
[19] 0.0 +J(0)
[20] 0.000034 +J(CM:0, PgRf:3, Rd:0/0, Dy:0/0, Lg:0/0) +M(C:0K, Fs:4, WS:16K # 0K, PF:0K # 0K, P:0K).",0 0,"lgposAttach = 0000000F:000B:0268,
dbv = 1568.300.620 (9620)",,,,,,,,,,,,,,,,,,,,,,,,,,,,,,,,,,,,,,,,,,,,,,,,,,,,,,,,,
2026-07-14T16:10:37.389405Z,44,DC01.darkzero.htb,Microsoft-Windows-CertificationAuthority,Application,2316,2,,,,,,,,,,,,,,,,,,,,,,,,,,,,,0x8007054b (1355),,The specified domain either does not exist or could not be contacted.,,,,,,,Initialize,,,,,,,,,,,,,Windows default,,,,,,,,,,,,,,,,MSG_E_POLICY_ERROR,,,,,,,,,,,"The Active Directory containing the Certification Authority could not be contacted.
",,,,,
2026-07-14T16:10:37.454711Z,26,DC01.darkzero.htb,Microsoft-Windows-CertificationAuthority,Application,2317,4,,,,,,,,,,darkzero-DC01-CA,,,,,,  DC=,,,,,,,,,,,,,,,,,,,,,,,,,,,,,,,,,,,,,,,,,,,,,,,,,,,MSG_I_SERVER_STARTED,,,,,,,,,,,,,,,,
2026-07-14T16:10:45.965843Z,"{'#attributes': {'Qualifiers': 32768}, '#text': 6004}",DC01.darkzero.htb,Microsoft-Windows-Winlogon,Application,2318,3,,,,,,69060000,,,,,,,,,,,TrustedInstaller,,,,,,,,,,,,,,,,,,,,,,,,,,,,,,,,,,,,,,,,,,,,,,,,,,,,,,,,,,,,,,,,,,
2026-07-14T16:10:47.558502Z,"{'#attributes': {'Qualifiers': 0}, '#text': 260}",DC01.darkzero.htb,VMUpgradeHelper,Application,2319,4,,,,,,,,,,,,,,,,,,,,,,,,,,,,,,,,,,,,,,,,,,,,,,,,,,,,,,,,,,,,,,,,,,,,,,,,,,,,,,,,,,,
2026-07-14T16:10:47.558806Z,"{'#attributes': {'Qualifiers': 0}, '#text': 272}",DC01.darkzero.htb,VMUpgradeHelper,Application,2320,4,,,,,,,,,,,,,,,,,,,,,,,,,,,,,,,,,,,,,,,,,,,,,,,,,,,,,,,,,,,,,,,,,,,,,,,,,,,,,,,,,,,
2026-07-14T16:10:47.565463Z,"{'#attributes': {'Qualifiers': 0}, '#text': 108}",DC01.darkzero.htb,VMTools,Application,2321,4,,,,,,,,,,,,,,,,,,,,,,,,,,,,,,,,,,,,,,,,,,,,,,,,,,,,,,,,,,,,,,,,,,,,,,,,,,,,,,,,,,,
2026-07-14T16:10:47.674190Z,"{'#attributes': {'Qualifiers': 0}, '#text': 8225}",DC01.darkzero.htb,VSS,Application,2322,4,,,,,,2D20436F64653A2020434F525356434330303030303737302D2043616C6C3A2020434F525356434330303030303735342D205049443A202030303030343437362D205449443A202030303030343530342D20434D443A2020433A5C57494E444F57535C73797374656D33325C76737376632E6578652020202D20557365723A204E616D653A204E5420415554484F524954595C53595354454D2C205349443A532D312D352D313820,,,,,,,,,,,,,,,,,,,,,,,,,,,,,,,,,,,,,,,,,,,,,,,,,,,,,,,,,,,,,,,,,,,,,,,,,,,,,
2026-07-14T16:10:47.673065Z,"{'#attributes': {'Qualifiers': 16384}, '#text': 4111}",DC01.darkzero.htb,Microsoft-Windows-MSDTC,Application,2323,4,,,,,,4D005300440054004300,,,,,,,,,,,,,,,,,,,,,,,,,,,,,,,,,,,,,,,,,,,,,,,,,,,,,,,,,,,,,,,,,,,,,,,,,,,,,
2026-07-14T16:10:47.645503Z,1532,DC01.darkzero.htb,Microsoft-Windows-User Profiles Service,Application,2324,4,,,,,,,,,,,,,,,,,,,,,,,,,,,,,,,,,,,,,,,,,,,,,,,,,,,,,,,,,,,,,,,,,,,,,,,,,,,,,,,,,,,
2026-07-14T16:10:47.816981Z,38,DC01.darkzero.htb,Microsoft-Windows-CertificationAuthority,Application,2325,4,,,,,,,,,,darkzero-DC01-CA,,,,,,,,,,,,,,,,,,,,,,,,,,,,,,,,,,,,,,,,,,,,,,,,,,,,,,,,,MSG_I_SERVER_STOPPED,,,,,,,,,,,,,,,,
2026-07-14T16:11:18.286553Z,5615,DC01.darkzero.htb,Microsoft-Windows-WMI,Application,2326,4,,,,,,,,,,,,,,,,,,,,,,,,,,,,,,,,,,,,,,,,,,,,,,,,,,,,,,,,,,,,,,,,,,,,,,,,,,,,,,,,,,,
2026-07-14T16:11:18.656259Z,1531,DC01.darkzero.htb,Microsoft-Windows-User Profiles Service,Application,2327,4,,,,,,,,,,,,,,,,,,,,,,,,,,,,,,,,,,,,,,,,,,,,,,,,,,,,,,,,,,,,,,,,,,,,,,,,,,,,,,,,,,,
2026-07-14T16:11:27.764881Z,"{'#attributes': {'Qualifiers': 0}, '#text': 105}",DC01.darkzero.htb,VMTools,Application,2328,4,,,,,,,,,,,,,,,,,,,,,,,,,,,,,,,,,,,,,,,,,,,,,,,,,,,,,,,,,,,,,,,,,,,,,,,,,,,,,,,,,,,
2026-07-14T16:11:28.401997Z,"{'#attributes': {'Qualifiers': 16384}, '#text': 781}",DC01.darkzero.htb,Microsoft-Windows-Complus,Application,2329,4,,,,,,,,,,,,,,,,,,,,,,,,,,,,,,,,,,,,,,,,,,,,,,,,,,,,,,,,,,,,,,,,,,,,,,,,86400,,,,SuppressDuplicateDuration,Software\Microsoft\COM3\Eventlog,,,,,,
2026-07-14T16:11:28.775446Z,"{'#attributes': {'Qualifiers': 16384}, '#text': 4202}",DC01.darkzero.htb,Microsoft-Windows-MSDTC 2,Application,2330,4,,,,,,,,,,,,,,,,,,,,,,,,,,,,,,,,,,,,,,,,,,,,,,,,,,,,,,,,,,,,,,,,,,,,,,,,0,0,0,1,0,0,0,0,0,1,Mutual Authentication Required,NT AUTHORITY\NetworkService
