2026-07-20T12:18:38.043763Z,"{'#attributes': {'Qualifiers': 32768}, '#text': 6003}",DC01.darkzero.htb,Microsoft-Windows-Winlogon,Application,2446,4,,,,,,D9060000,,,,,,,,,,,SessionEnv,,,,,,,,,,,,,,,,,,,,,,,,,,,,,,,,,,,,,,,,,,,,,,,,,,,,,,,,,,,,,,,,,,
2026-07-20T12:18:39.819541Z,"{'#attributes': {'Qualifiers': 32768}, '#text': 6000}",DC01.darkzero.htb,Microsoft-Windows-Winlogon,Application,2447,4,,,,,,D9060000,,,,,,,,,,,SessionEnv,,,,,,,,,,,,,,,,,,,,,,,,,,,,,,,,,,,,,,,,,,,,,,,,,,,,,,,,,,,,,,,,,,
2026-07-20T12:19:54.875568Z,"{'#attributes': {'Qualifiers': 16384}, '#text': 900}",DC01.darkzero.htb,Microsoft-Windows-Security-SPP,Application,2448,4,,,,,,,,,,,,,,,,,<explicit>,,,,,,,,,,,,,,,,,,,,,,,,,,,,,,,,,,,,,,,,,,,,,,,,,,,,,,,,,,,,,,,,,,
2026-07-20T12:20:00.915827Z,"{'#attributes': {'Qualifiers': 49152}, '#text': 16394}",DC01.darkzero.htb,Microsoft-Windows-Security-SPP,Application,2449,4,,,,,,,,,,,,,,,,,,,,,,,,,,,,,,,,,,,,,,,,,,,,,,,,,,,,,,,,,,,,,,,,,,,,,,,,,,,,,,,,,,,
2026-07-20T12:20:05.252769Z,"{'#attributes': {'Qualifiers': 16384}, '#text': 1066}",DC01.darkzero.htb,Microsoft-Windows-Security-SPP,Application,2450,4,,,,,,,,,,,,,,,,,"C:\WINDOWS\system32\sppwinob.dll, msft:spp/windowsfunctionality/agent/7.0, 0x00000000, 0x00000000
C:\WINDOWS\system32\sppobjs.dll, msft:rm/algorithm/inherited/1.0, 0x00000000, 0x00000000
C:\WINDOWS\system32\sppobjs.dll, msft:rm/algorithm/phone/1.0, 0x00000000, 0x00000000
C:\WINDOWS\system32\sppobjs.dll, msft:rm/algorithm/pkey/detect, 0x00000000, 0x00000000
C:\WINDOWS\system32\sppobjs.dll, msft:spp/ActionScheduler/1.0, 0x00000000, 0x00000000
C:\WINDOWS\system32\sppobjs.dll, msft:spp/TaskScheduler/1.0, 0x00000000, 0x00000000
C:\WINDOWS\system32\sppobjs.dll, msft:spp/statecollector/pkey, 0x00000000, 0x00000000
C:\WINDOWS\system32\sppobjs.dll, msft:spp/volume/services/kms/1.0, 0x00000000, 0x00000000
C:\WINDOWS\system32\sppobjs.dll, msft:spp/volume/services/kms/activationinfo/1.0, 0x00000000, 0x00000000
",,,,,,,,,,,,,,,,,,,,,,,,,,,,,,,,,,,,,,,,,,,,,,,,,,,,,,,,,,,,,,,,,,
2026-07-20T12:20:05.511900Z,"{'#attributes': {'Qualifiers': 16384}, '#text': 16389}",DC01.darkzero.htb,Microsoft-Windows-Security-SPP,Application,2451,4,,,,,,,,,,,,,,,,,0xC004D30B,,,,,,,,,,,,,,,,,,,,,,,,,,,,,,,,,,,,,,,,,,,,,,,,,,,,,,,,,,,,,,,,,,
2026-07-20T12:20:06.252359Z,"{'#attributes': {'Qualifiers': 16384}, '#text': 1003}",DC01.darkzero.htb,Microsoft-Windows-Security-SPP,Application,2452,4,,,,,,,,,,,,,,,,,,55c92734-d682-4d71-983e-d6ec3f16059f,"
1: 0b646350-5349-4013-b1be-4100d1a7fa38, 1, 0 [(0 [0xC004F014, 0, 0], [(?)(?)(?)(?)(?)(?)(?)(?)])(1 )(2 )(3 )]
2: 10d661ba-f2e3-445c-8e92-200e1e05e9e1, 1, 1 [(0 [0x00000000, 1, 0], [(?)( 1 0x00000000)(?)( 2 0x00000000 0 0 msft:rm/algorithm/hwid/4.0 0x00000000 0)(?)(?)( 10 0x00000000 msft:rm/algorithm/flags/1.0)(?)])(1 )(2 )(3 )]
3: 2033816d-9d16-44bb-8f08-412ff45f38bf, 1, 0 [(0 [0xC004F014, 0, 0], [(?)(?)(?)(?)(?)(?)(?)(?)])(1 )(2 )(3 )]
4: 653ae55c-1d53-427b-be51-15bc1841fca7, 1, 0 [(0 [0xC004F014, 0, 0], [(?)(?)(?)(?)(?)(?)(?)(?)])(1 )(2 )(3 )]
5: 66c20db7-ff1e-4f87-a915-4e03715da35f, 1, 0 [(0 [0xC004F014, 0, 0], [(?)(?)(?)(?)(?)(?)(?)(?)])(1 )(2 )(3 )]
6: 6bad0243-1c35-46b2-b8e6-7a853e37413f, 1, 0 [(0 [0xC004F014, 0, 0], [(?)(?)(?)(?)(?)(?)(?)(?)])(1 )(2 )(3 )]
7: 82fcf64d-f9dd-4411-9c79-f2eed16d4eb8, 1, 0 [(0 [0xC004F014, 0, 0], [(?)(?)(?)(?)(?)(?)(?)(?)])(1 )(2 )(3 )]
8: 84e331f6-4279-48c4-ab10-b75139181351, 1, 0 [(0 [0xC004F014, 0, 0], [(?)(?)(?)(?)(?)(?)(?)(?)])(1 )(2 )(3 )]
9: 9e232465-2ade-4a33-a277-702010a84adb, 1, 0 [(0 [0xC004F014, 0, 0], [(?)(?)(?)(?)(?)(?)(?)(?)])(1 )(2 )(3 )]
10: a1da5f8f-7553-42c5-b0b4-6f27c4d74240, 1, 0 [(0 [0xC004F014, 0, 0], [(?)(?)(?)(?)(?)(?)(?)(?)])(1 )(2 )(3 )]
11: a2004bef-6ff1-48f9-8328-41ce1cd5ee79, 1, 0 [(0 [0xC004F014, 0, 0], [(?)(?)(?)(?)(?)(?)(?)(?)])(1 )(2 )(3 )]
12: c052f164-cdf6-409a-a0cb-853ba0f0f55a, 1, 0 [(0 [0xC004F014, 0, 0], [(?)(?)(?)(?)(?)(?)(?)(?)])(1 )(2 )(3 )]
13: e5b79126-7250-4d27-ad42-0eeb23db5771, 1, 0 [(0 [0xC004F014, 0, 0], [(?)(?)(?)(?)(?)(?)(?)(?)])(1 )(2 )(3 )]
14: f15a5790-90b7-4674-8fd4-e187ba426ad2, 1, 0 [(0 [0xC004F014, 0, 0], [(?)(?)(?)(?)(?)(?)(?)(?)])(1 )(2 )(3 )]

",,,,,,,,,,,,,,,,,,,,,,,,,,,,,,,,,,,,,,,,,,,,,,,,,,,,,,,,,,,,,,,,
2026-07-20T12:20:06.254864Z,"{'#attributes': {'Qualifiers': 49152}, '#text': 20492}",DC01.darkzero.htb,Microsoft-Windows-Security-SPP,Application,2453,4,,,,,,,,,,,,,,,,,0xC004D30B,,,,,,,,,,,,,,,,,,,,,,,,,,,,,,,,,,,,,,,,,,,,,,,,,,,,,,,,,,,,,,,,,,
2026-07-20T12:20:06.441194Z,"{'#attributes': {'Qualifiers': 49152}, '#text': 16398}",DC01.darkzero.htb,Microsoft-Windows-Security-SPP,Application,2454,2,,,,,,,,,,,,,,,,,,0x80070490,No grace timer found,,,,,,,,,,,,,,,,,,,,,,,,,,,,,,,,,,,,,,,,,,,,,,,,,,,,,,,,,,,,,,,,
2026-07-20T12:20:06.463255Z,"{'#attributes': {'Qualifiers': 16384}, '#text': 902}",DC01.darkzero.htb,Microsoft-Windows-Security-SPP,Application,2455,0,,,,,,,,,,,,,,,,,10.0.26100.32995,,,,,,,,,,,,,,,,,,,,,,,,,,,,,,,,,,,,,,,,,,,,,,,,,,,,,,,,,,,,,,,,,,
2026-07-20T12:20:21.980023Z,1001,DC01.darkzero.htb,Microsoft-Windows-LoadPerf,Application,2456,4,,,,,,,,,,,,,,,,,,,,,,,,,,,,,,,,,,,,,,,,,,,,,,,,,,,,,,,,,,,,,,,,,,,,LoadPerf,36440000C4020000,8,,WmiApRpl,,,,WmiApRpl,,,,,,,
2026-07-20T12:20:22.418374Z,1000,DC01.darkzero.htb,Microsoft-Windows-LoadPerf,Application,2457,4,,,,,,,,,,,,,,,,,,,,,,,,,,,,,,,,,,,,,,,,,,,,,,,,,,,,,,,,,,,,,,,,,,,,LoadPerf,3844000008450000,8,,WmiApRpl,,,,WmiApRpl,,,,,,,
2026-07-20T12:20:36.513682Z,"{'#attributes': {'Qualifiers': 16384}, '#text': 16384}",DC01.darkzero.htb,Microsoft-Windows-Security-SPP,Application,2458,4,,,,,,,,,,,,,,,,,,2126-06-26T12:20:36Z,RulesEngine,,,,,,,,,,,,,,,,,,,,,,,,,,,,,,,,,,,,,,,,,,,,,,,,,,,,,,,,,,,,,,,,
2026-07-20T12:20:36.525934Z,"{'#attributes': {'Qualifiers': 16384}, '#text': 903}",DC01.darkzero.htb,Microsoft-Windows-Security-SPP,Application,2459,0,,,,,,,,,,,,,,,,,,,,,,,,,,,,,,,,,,,,,,,,,,,,,,,,,,,,,,,,,,,,,,,,,,,,,,,,,,,,,,,,,,,
2026-07-20T12:20:52.543918Z,"{'#attributes': {'Qualifiers': 0}, '#text': 8224}",DC01.darkzero.htb,VSS,Application,2460,4,,,,,,2D20436F64653A2020434F525356434330303030303737322D2043616C6C3A2020434F525356434330303030303735342D205049443A202030303030343431362D205449443A202030303030343434302D20434D443A2020433A5C57494E444F57535C73797374656D33325C76737376632E6578652020202D20557365723A204E616D653A204E5420415554484F524954595C53595354454D2C205349443A532D312D352D313820,,,,,,,,,,,,,,,,,,,,,,,,,,,,,,,,,,,,,,,,,,,,,,,,,,,,,,,,,,,,,,,,,,,,,,,,,,,,,
2026-07-20T12:21:45.036529Z,1001,DC01.darkzero.htb,Microsoft-Windows-LoadPerf,Application,2461,4,,,,,,,,,,,,,,,,,,,,,,,,,,,,,,,,,,,,,,,,,,,,,,,,,,,,,,,,,,,,,,,,,,,,LoadPerf,36440000C4020000,8,,WmiApRpl,,,,WmiApRpl,,,,,,,
2026-07-20T12:21:45.116119Z,1000,DC01.darkzero.htb,Microsoft-Windows-LoadPerf,Application,2462,4,,,,,,,,,,,,,,,,,,,,,,,,,,,,,,,,,,,,,,,,,,,,,,,,,,,,,,,,,,,,,,,,,,,,LoadPerf,3844000008450000,8,,WmiApRpl,,,,WmiApRpl,,,,,,,
2026-07-20T12:22:45.720969Z,"{'#attributes': {'Qualifiers': 49152}, '#text': 16394}",DC01.darkzero.htb,Microsoft-Windows-Security-SPP,Application,2463,4,,,,,,,,,,,,,,,,,,,,,,,,,,,,,,,,,,,,,,,,,,,,,,,,,,,,,,,,,,,,,,,,,,,,,,,,,,,,,,,,,,,
2026-07-20T12:22:45.946392Z,"{'#attributes': {'Qualifiers': 16384}, '#text': 16389}",DC01.darkzero.htb,Microsoft-Windows-Security-SPP,Application,2464,4,,,,,,,,,,,,,,,,,0xC004D30B,,,,,,,,,,,,,,,,,,,,,,,,,,,,,,,,,,,,,,,,,,,,,,,,,,,,,,,,,,,,,,,,,,
2026-07-20T12:23:20.187117Z,"{'#attributes': {'Qualifiers': 16384}, '#text': 1704}",DC01.darkzero.htb,SceCli,Application,2465,4,,,,,,,,,,,,,,,,,,,,,,,,,,,,,,,,,,,,,,,,,,,,,,,,,,,,,,,,,,,,,,,,,,,,,,,,,,,,,,,,,,,
2026-07-20T12:25:13.606762Z,"{'#attributes': {'Qualifiers': 16384}, '#text': 16384}",DC01.darkzero.htb,Microsoft-Windows-Security-SPP,Application,2466,4,,,,,,,,,,,,,,,,,,2126-06-26T12:25:13Z,RulesEngine,,,,,,,,,,,,,,,,,,,,,,,,,,,,,,,,,,,,,,,,,,,,,,,,,,,,,,,,,,,,,,,,
2026-07-20T12:26:50.634538Z,"{'#attributes': {'Qualifiers': 49152}, '#text': 16394}",DC01.darkzero.htb,Microsoft-Windows-Security-SPP,Application,2467,4,,,,,,,,,,,,,,,,,,,,,,,,,,,,,,,,,,,,,,,,,,,,,,,,,,,,,,,,,,,,,,,,,,,,,,,,,,,,,,,,,,,
2026-07-20T12:26:50.897441Z,"{'#attributes': {'Qualifiers': 16384}, '#text': 16389}",DC01.darkzero.htb,Microsoft-Windows-Security-SPP,Application,2468,4,,,,,,,,,,,,,,,,,0xC004D30B,,,,,,,,,,,,,,,,,,,,,,,,,,,,,,,,,,,,,,,,,,,,,,,,,,,,,,,,,,,,,,,,,,
2026-07-20T12:27:21.699470Z,"{'#attributes': {'Qualifiers': 16384}, '#text': 16384}",DC01.darkzero.htb,Microsoft-Windows-Security-SPP,Application,2469,4,,,,,,,,,,,,,,,,,,2126-06-26T12:27:21Z,RulesEngine,,,,,,,,,,,,,,,,,,,,,,,,,,,,,,,,,,,,,,,,,,,,,,,,,,,,,,,,,,,,,,,,
2026-07-20T12:33:05.411345Z,"{'#attributes': {'Qualifiers': 49152}, '#text': 16394}",DC01.darkzero.htb,Microsoft-Windows-Security-SPP,Application,2470,4,,,,,,,,,,,,,,,,,,,,,,,,,,,,,,,,,,,,,,,,,,,,,,,,,,,,,,,,,,,,,,,,,,,,,,,,,,,,,,,,,,,
2026-07-20T12:33:05.669222Z,"{'#attributes': {'Qualifiers': 16384}, '#text': 16389}",DC01.darkzero.htb,Microsoft-Windows-Security-SPP,Application,2471,4,,,,,,,,,,,,,,,,,0xC004D30B,,,,,,,,,,,,,,,,,,,,,,,,,,,,,,,,,,,,,,,,,,,,,,,,,,,,,,,,,,,,,,,,,,
2026-07-20T12:33:36.057868Z,"{'#attributes': {'Qualifiers': 16384}, '#text': 16384}",DC01.darkzero.htb,Microsoft-Windows-Security-SPP,Application,2472,4,,,,,,,,,,,,,,,,,,2126-06-26T12:33:35Z,RulesEngine,,,,,,,,,,,,,,,,,,,,,,,,,,,,,,,,,,,,,,,,,,,,,,,,,,,,,,,,,,,,,,,,
2026-07-20T12:49:33.162721Z,1001,DC01.darkzero.htb,Windows Error Reporting,Application,2473,4,,,,,,,,0,,,0,0,,,,,,,,,,,,,,,,,,,,,WindowsWcpOtherFailure3,,,,,,,10.0.26100.32985:2,,wcp\componentstore\storelayout.cpp,ComponentStore::CRawStoreLayout::OpenComponentFile,2204,800f0983,0x9bcac8b1,,,,,,,,0,c4456454-0850-4256-82bf-28fc9c792a49,4,Not available,,,,,\\?\C:\ProgramData\Microsoft\Windows\WER\ReportQueue\Critical_10.0.26100.32985_f4d9d5049256058ab92b42c86fb8578d251678_00000000_c4456454-0850-4256-82bf-28fc9c792a49,,,,,,,,,,,,,,,,,,,,,
2026-07-20T12:49:33.220144Z,1001,DC01.darkzero.htb,Windows Error Reporting,Application,2474,4,,,,,,,,0,,,0,0,,,,,,,,,,,,,,,,,,,,,WindowsWcpOtherFailure3,,,,,,,10.0.26100.32985:2,,wcp\componentstore\storelayout.cpp,ComponentStore::CRawStoreLayout::OpenComponentFile,2204,800f0983,0x9bcac8b1,,,,,,,,0,9c064150-154b-4df3-b5b2-1c16744fe3f9,4,Not available,,,,,\\?\C:\ProgramData\Microsoft\Windows\WER\ReportQueue\Critical_10.0.26100.32985_f4d9d5049256058ab92b42c86fb8578d251678_00000000_9c064150-154b-4df3-b5b2-1c16744fe3f9,,,,,,,,,,,,,,,,,,,,,
2026-07-20T12:49:33.221366Z,1001,DC01.darkzero.htb,Windows Error Reporting,Application,2475,4,,,,,,,,0,,,0,0,,,,,,,,,,,,,,,,,,,,,WindowsWcpOtherFailure3,,,,,,,10.0.26100.32985:2,,wcp\componentstore\storelayout.cpp,ComponentStore::CRawStoreLayout::OpenComponentFile,2204,800f0983,0x9bcac8b1,,,,,,,,0,7b2b3b5b-fe7e-4398-bdf2-89be4ce3c42b,4,Not available,,,,,\\?\C:\ProgramData\Microsoft\Windows\WER\ReportQueue\Critical_10.0.26100.32985_f4d9d5049256058ab92b42c86fb8578d251678_00000000_7b2b3b5b-fe7e-4398-bdf2-89be4ce3c42b,,,,,,,,,,,,,,,,,,,,,
2026-07-20T12:49:33.236723Z,1001,DC01.darkzero.htb,Windows Error Reporting,Application,2476,4,,,,,"
\\?\C:\Windows\Logs\CBS\CBS.log
\\?\C:\Windows\Logs\CBS\CbsPersist_20260720124735.log
\\?\C:\Windows\Logs\CBS\CbsPersist_20260720122240.log
\\?\C:\Windows\Logs\CBS\CbsPersist_20260714160825.cab
\\?\C:\Windows\Logs\CBS\CbsPersist_20260714151200.cab
\\?\C:\Windows\Logs\CBS\CbsPersist_20260521225545.cab
\\?\C:\WINDOWS\servicing\Sessions\Sessions.xml
\\?\C:\WINDOWS\WinSxs\poqexec.log",,,0,,,0,0,,,,,,,,,,,,,,,,,,,,,WindowsWcpOtherFailure3,,,,,,,10.0.26100.32985:2,,wcp\componentstore\storelayout.cpp,ComponentStore::CRawStoreLayout::OpenComponentFile,2204,800f0983,0x9bcac8b1,,,,,,,,0,7b2b3b5b-fe7e-4398-bdf2-89be4ce3c42b,262148,Not available,,,,,NULL,,,,,,,,,,,,,,,,,,,,,
2026-07-20T12:49:33.236766Z,1001,DC01.darkzero.htb,Windows Error Reporting,Application,2477,4,,,,,"
\\?\C:\Windows\Logs\CBS\CBS.log
\\?\C:\Windows\Logs\CBS\CbsPersist_20260720124735.log
\\?\C:\Windows\Logs\CBS\CbsPersist_20260720122240.log
\\?\C:\Windows\Logs\CBS\CbsPersist_20260714160825.cab
\\?\C:\Windows\Logs\CBS\CbsPersist_20260714151200.cab
\\?\C:\Windows\Logs\CBS\CbsPersist_20260521225545.cab
\\?\C:\WINDOWS\servicing\Sessions\Sessions.xml
\\?\C:\WINDOWS\WinSxs\poqexec.log",,,0,,,0,0,,,,,,,,,,,,,,,,,,,,,WindowsWcpOtherFailure3,,,,,,,10.0.26100.32985:2,,wcp\componentstore\storelayout.cpp,ComponentStore::CRawStoreLayout::OpenComponentFile,2204,800f0983,0x9bcac8b1,,,,,,,,0,c4456454-0850-4256-82bf-28fc9c792a49,262148,Not available,,,,,NULL,,,,,,,,,,,,,,,,,,,,,
2026-07-20T12:49:33.238164Z,1001,DC01.darkzero.htb,Windows Error Reporting,Application,2478,4,,,,,"
\\?\C:\Windows\Logs\CBS\CBS.log
\\?\C:\Windows\Logs\CBS\CbsPersist_20260720124735.log
\\?\C:\Windows\Logs\CBS\CbsPersist_20260720122240.log
\\?\C:\Windows\Logs\CBS\CbsPersist_20260714160825.cab
\\?\C:\Windows\Logs\CBS\CbsPersist_20260714151200.cab
\\?\C:\Windows\Logs\CBS\CbsPersist_20260521225545.cab
\\?\C:\WINDOWS\servicing\Sessions\Sessions.xml
\\?\C:\WINDOWS\WinSxs\poqexec.log
\\?\C:\WINDOWS\Logs\Cbs\FilterList.log",,,0,,,0,0,,,,,,,,,,,,,,,,,,,,,WindowsWcpOtherFailure3,,,,,,,10.0.26100.32985:2,,wcp\componentstore\storelayout.cpp,ComponentStore::CRawStoreLayout::OpenComponentFile,2204,800f0983,0x9bcac8b1,,,,,,,,0,9c064150-154b-4df3-b5b2-1c16744fe3f9,262148,Not available,,,,,NULL,,,,,,,,,,,,,,,,,,,,,
2026-07-20T12:49:44.928719Z,1001,DC01.darkzero.htb,Windows Error Reporting,Application,2479,4,,,,,"
\\?\C:\ProgramData\Microsoft\Windows\WER\Temp\WER.1b6d955c-916f-4fea-a327-73a8ea2d94d9.tmp.WERInternalMetadata.xml",,,0,,,0,0,,,,,,,,,,,,,,,,,,,,,WindowsWcpOtherFailure3,,,,,,,10.0.26100.32985:2,,wcp\componentstore\storelayout.cpp,ComponentStore::CRawStoreLayout::OpenComponentFile,2204,800f0983,0x9bcac8b1,,,,,,,,0,c4456454-0850-4256-82bf-28fc9c792a49,2147491840,Not available,,,,,\\?\C:\ProgramData\Microsoft\Windows\WER\ReportArchive\Critical_10.0.26100.32985_f4d9d5049256058ab92b42c86fb8578d251678_00000000_c4456454-0850-4256-82bf-28fc9c792a49,,,,,,,,,,,,,,,,,,,,,
2026-07-20T12:52:35.638651Z,"{'#attributes': {'Qualifiers': 49152}, '#text': 16394}",DC01.darkzero.htb,Microsoft-Windows-Security-SPP,Application,2480,4,,,,,,,,,,,,,,,,,,,,,,,,,,,,,,,,,,,,,,,,,,,,,,,,,,,,,,,,,,,,,,,,,,,,,,,,,,,,,,,,,,,
2026-07-20T12:52:35.781238Z,"{'#attributes': {'Qualifiers': 16384}, '#text': 16389}",DC01.darkzero.htb,Microsoft-Windows-Security-SPP,Application,2481,4,,,,,,,,,,,,,,,,,0xC004D30B,,,,,,,,,,,,,,,,,,,,,,,,,,,,,,,,,,,,,,,,,,,,,,,,,,,,,,,,,,,,,,,,,,
2026-07-20T12:53:06.073802Z,"{'#attributes': {'Qualifiers': 16384}, '#text': 16384}",DC01.darkzero.htb,Microsoft-Windows-Security-SPP,Application,2482,4,,,,,,,,,,,,,,,,,,2126-06-26T12:53:05Z,RulesEngine,,,,,,,,,,,,,,,,,,,,,,,,,,,,,,,,,,,,,,,,,,,,,,,,,,,,,,,,,,,,,,,,
2026-07-20T13:07:21.709211Z,1001,DC01.darkzero.htb,Windows Error Reporting,Application,2483,4,,,,,,,,0,,,0,0,,,,,,,,,,,,,,,,,,,,,WindowsWcpOtherFailure3,,,,,,,10.0.26100.33150:2,,wcp\componentstore\storelayout.cpp,ComponentStore::CRawStoreLayout::OpenComponentFile,2230,800f0983,0xf5da8a6b,,,,,,,,0,e3f2a56a-b067-41e9-81be-f07f9fa84fbb,4,Not available,,,,,\\?\C:\ProgramData\Microsoft\Windows\WER\ReportQueue\Critical_10.0.26100.33150_27d5abb2ed75c8967f443d69b56163593eecc24_00000000_e3f2a56a-b067-41e9-81be-f07f9fa84fbb,,,,,,,,,,,,,,,,,,,,,
2026-07-20T13:07:21.865098Z,1001,DC01.darkzero.htb,Windows Error Reporting,Application,2484,4,,,,,,,,0,,,0,0,,,,,,,,,,,,,,,,,,,,,WindowsWcpOtherFailure3,,,,,,,10.0.26100.33150:2,,wcp\componentstore\storelayout.cpp,ComponentStore::CRawStoreLayout::OpenComponentFile,2230,800f0983,0xf5da8a6b,,,,,,,,0,82fe1672-4603-4a24-80c8-d5797b72fbaa,4,Not available,,,,,\\?\C:\ProgramData\Microsoft\Windows\WER\ReportQueue\Critical_10.0.26100.33150_27d5abb2ed75c8967f443d69b56163593eecc24_00000000_82fe1672-4603-4a24-80c8-d5797b72fbaa,,,,,,,,,,,,,,,,,,,,,
2026-07-20T13:07:21.887573Z,1001,DC01.darkzero.htb,Windows Error Reporting,Application,2485,4,,,,,,,,0,,,0,0,,,,,,,,,,,,,,,,,,,,,WindowsWcpOtherFailure3,,,,,,,10.0.26100.33150:2,,wcp\componentstore\storelayout.cpp,ComponentStore::CRawStoreLayout::OpenComponentFile,2230,800f0983,0xf5da8a6b,,,,,,,,0,92409085-038e-4561-ab2d-c68688806b4a,4,Not available,,,,,\\?\C:\ProgramData\Microsoft\Windows\WER\ReportQueue\Critical_10.0.26100.33150_27d5abb2ed75c8967f443d69b56163593eecc24_00000000_92409085-038e-4561-ab2d-c68688806b4a,,,,,,,,,,,,,,,,,,,,,
2026-07-20T13:07:21.893493Z,1001,DC01.darkzero.htb,Windows Error Reporting,Application,2486,4,,,,,"
\\?\C:\Windows\Logs\CBS\CBS.log
\\?\C:\Windows\Logs\CBS\CbsPersist_20260720124735.cab
\\?\C:\Windows\Logs\CBS\CbsPersist_20260720122240.cab
\\?\C:\Windows\Logs\CBS\CbsPersist_20260714160825.cab
\\?\C:\Windows\Logs\CBS\CbsPersist_20260714151200.cab
\\?\C:\Windows\Logs\CBS\CbsPersist_20260521225545.cab
\\?\C:\WINDOWS\servicing\Sessions\Sessions.xml
\\?\C:\WINDOWS\WinSxs\poqexec.log",,,0,,,0,0,,,,,,,,,,,,,,,,,,,,,WindowsWcpOtherFailure3,,,,,,,10.0.26100.33150:2,,wcp\componentstore\storelayout.cpp,ComponentStore::CRawStoreLayout::OpenComponentFile,2230,800f0983,0xf5da8a6b,,,,,,,,0,82fe1672-4603-4a24-80c8-d5797b72fbaa,262148,Not available,,,,,NULL,,,,,,,,,,,,,,,,,,,,,
2026-07-20T13:07:21.893550Z,1001,DC01.darkzero.htb,Windows Error Reporting,Application,2487,4,,,,,"
\\?\C:\Windows\Logs\CBS\CBS.log
\\?\C:\Windows\Logs\CBS\CbsPersist_20260720124735.cab
\\?\C:\Windows\Logs\CBS\CbsPersist_20260720122240.cab
\\?\C:\Windows\Logs\CBS\CbsPersist_20260714160825.cab
\\?\C:\Windows\Logs\CBS\CbsPersist_20260714151200.cab
\\?\C:\Windows\Logs\CBS\CbsPersist_20260521225545.cab
\\?\C:\WINDOWS\servicing\Sessions\Sessions.xml
\\?\C:\WINDOWS\WinSxs\poqexec.log
\\?\C:\WINDOWS\Logs\Cbs\FilterList.log",,,0,,,0,0,,,,,,,,,,,,,,,,,,,,,WindowsWcpOtherFailure3,,,,,,,10.0.26100.33150:2,,wcp\componentstore\storelayout.cpp,ComponentStore::CRawStoreLayout::OpenComponentFile,2230,800f0983,0xf5da8a6b,,,,,,,,0,e3f2a56a-b067-41e9-81be-f07f9fa84fbb,262148,Not available,,,,,NULL,,,,,,,,,,,,,,,,,,,,,
2026-07-20T13:07:21.894539Z,1001,DC01.darkzero.htb,Windows Error Reporting,Application,2488,4,,,,,"
\\?\C:\Windows\Logs\CBS\CBS.log
\\?\C:\Windows\Logs\CBS\CbsPersist_20260720124735.cab
\\?\C:\Windows\Logs\CBS\CbsPersist_20260720122240.cab
\\?\C:\Windows\Logs\CBS\CbsPersist_20260714160825.cab
\\?\C:\Windows\Logs\CBS\CbsPersist_20260714151200.cab
\\?\C:\Windows\Logs\CBS\CbsPersist_20260521225545.cab
\\?\C:\WINDOWS\servicing\Sessions\Sessions.xml
\\?\C:\WINDOWS\WinSxs\poqexec.log",,,0,,,0,0,,,,,,,,,,,,,,,,,,,,,WindowsWcpOtherFailure3,,,,,,,10.0.26100.33150:2,,wcp\componentstore\storelayout.cpp,ComponentStore::CRawStoreLayout::OpenComponentFile,2230,800f0983,0xf5da8a6b,,,,,,,,0,92409085-038e-4561-ab2d-c68688806b4a,262148,Not available,,,,,NULL,,,,,,,,,,,,,,,,,,,,,
2026-07-20T13:07:26.185561Z,1001,DC01.darkzero.htb,Windows Error Reporting,Application,2489,4,,,,,"
\\?\C:\ProgramData\Microsoft\Windows\WER\Temp\WER.851104a5-a6b3-4db6-9bae-b465369eec24.tmp.WERInternalMetadata.xml",,,0,,,0,0,,,,,,,,,,,,,,,,,,,,,WindowsWcpOtherFailure3,,,,,,,10.0.26100.33150:2,,wcp\componentstore\storelayout.cpp,ComponentStore::CRawStoreLayout::OpenComponentFile,2230,800f0983,0xf5da8a6b,,,,,,,,0,e3f2a56a-b067-41e9-81be-f07f9fa84fbb,2147491840,Not available,,,,,\\?\C:\ProgramData\Microsoft\Windows\WER\ReportArchive\Critical_10.0.26100.33150_27d5abb2ed75c8967f443d69b56163593eecc24_00000000_e3f2a56a-b067-41e9-81be-f07f9fa84fbb,,,,,,,,,,,,,,,,,,,,,
2026-07-20T13:27:09.926013Z,"{'#attributes': {'Qualifiers': 49152}, '#text': 16394}",DC01.darkzero.htb,Microsoft-Windows-Security-SPP,Application,2490,4,,,,,,,,,,,,,,,,,,,,,,,,,,,,,,,,,,,,,,,,,,,,,,,,,,,,,,,,,,,,,,,,,,,,,,,,,,,,,,,,,,,
2026-07-20T13:27:10.345517Z,"{'#attributes': {'Qualifiers': 16384}, '#text': 16389}",DC01.darkzero.htb,Microsoft-Windows-Security-SPP,Application,2491,4,,,,,,,,,,,,,,,,,0xC004D30B,,,,,,,,,,,,,,,,,,,,,,,,,,,,,,,,,,,,,,,,,,,,,,,,,,,,,,,,,,,,,,,,,,
2026-07-20T13:27:10.604080Z,"{'#attributes': {'Qualifiers': 16384}, '#text': 1034}",DC01.darkzero.htb,Microsoft-Windows-Security-SPP,Application,2492,4,,,,,,,,,,,,,,,,,,AAD-AddDeviceJoinUserToAdminGroup-Policy,100,,,,,,,,,,,,,,,,,,,,,,,,,,,,,,,,,,,,,,,,,,,,,,,,,,,,,,,,,,,,,,,,
2026-07-20T13:27:10.605167Z,"{'#attributes': {'Qualifiers': 16384}, '#text': 1034}",DC01.darkzero.htb,Microsoft-Windows-Security-SPP,Application,2493,4,,,,,,,,,,,,,,,,,,Security-SPP-WriteWauMarker,500,,,,,,,,,,,,,,,,,,,,,,,,,,,,,,,,,,,,,,,,,,,,,,,,,,,,,,,,,,,,,,,,
2026-07-20T13:27:10.606980Z,"{'#attributes': {'Qualifiers': 16384}, '#text': 1033}",DC01.darkzero.htb,Microsoft-Windows-Security-SPP,Application,2494,4,,,,,,,,,,,,,,,,,,(Security-SPP-Reserved-EnableNotificationMode) ,55c92734-d682-4d71-983e-d6ec3f16059f,10d661ba-f2e3-445c-8e92-200e1e05e9e1,,,,,,,,,,,,,,,,,,,,,,,,,,,,,,,,,,,,,,,,,,,,,,,,,,,,,,,,,,,,,,,
2026-07-20T13:27:40.735454Z,"{'#attributes': {'Qualifiers': 16384}, '#text': 16384}",DC01.darkzero.htb,Microsoft-Windows-Security-SPP,Application,2495,4,,,,,,,,,,,,,,,,,,2126-06-26T13:27:40Z,RulesEngine,,,,,,,,,,,,,,,,,,,,,,,,,,,,,,,,,,,,,,,,,,,,,,,,,,,,,,,,,,,,,,,,
2026-07-20T13:28:58.155334Z,"{'#attributes': {'Qualifiers': 49152}, '#text': 16394}",DC01.darkzero.htb,Microsoft-Windows-Security-SPP,Application,2496,4,,,,,,,,,,,,,,,,,,,,,,,,,,,,,,,,,,,,,,,,,,,,,,,,,,,,,,,,,,,,,,,,,,,,,,,,,,,,,,,,,,,
2026-07-20T13:28:58.242008Z,"{'#attributes': {'Qualifiers': 16384}, '#text': 16389}",DC01.darkzero.htb,Microsoft-Windows-Security-SPP,Application,2497,4,,,,,,,,,,,,,,,,,0xC004D30B,,,,,,,,,,,,,,,,,,,,,,,,,,,,,,,,,,,,,,,,,,,,,,,,,,,,,,,,,,,,,,,,,,
2026-07-20T13:29:28.402595Z,"{'#attributes': {'Qualifiers': 16384}, '#text': 16384}",DC01.darkzero.htb,Microsoft-Windows-Security-SPP,Application,2498,4,,,,,,,,,,,,,,,,,,2126-06-26T13:29:28Z,RulesEngine,,,,,,,,,,,,,,,,,,,,,,,,,,,,,,,,,,,,,,,,,,,,,,,,,,,,,,,,,,,,,,,,
2026-07-20T13:30:56.464105Z,"{'#attributes': {'Qualifiers': 32768}, '#text': 6000}",DC01.darkzero.htb,Microsoft-Windows-Winlogon,Application,2499,4,,,,,,D9060000,,,,,,,,,,,SessionEnv,,,,,,,,,,,,,,,,,,,,,,,,,,,,,,,,,,,,,,,,,,,,,,,,,,,,,,,,,,,,,,,,,,
2026-07-20T13:32:31.062390Z,"{'#attributes': {'Qualifiers': 0}, '#text': 260}",DC01.darkzero.htb,VMUpgradeHelper,Application,2500,4,,,,,,,,,,,,,,,,,,,,,,,,,,,,,,,,,,,,,,,,,,,,,,,,,,,,,,,,,,,,,,,,,,,,,,,,,,,,,,,,,,,
2026-07-20T13:32:31.062799Z,"{'#attributes': {'Qualifiers': 0}, '#text': 272}",DC01.darkzero.htb,VMUpgradeHelper,Application,2501,4,,,,,,,,,,,,,,,,,,,,,,,,,,,,,,,,,,,,,,,,,,,,,,,,,,,,,,,,,,,,,,,,,,,,,,,,,,,,,,,,,,,
2026-07-20T13:32:31.181155Z,"{'#attributes': {'Qualifiers': 0}, '#text': 108}",DC01.darkzero.htb,VMTools,Application,2502,4,,,,,,,,,,,,,,,,,,,,,,,,,,,,,,,,,,,,,,,,,,,,,,,,,,,,,,,,,,,,,,,,,,,,,,,,,,,,,,,,,,,
2026-07-20T13:32:31.705694Z,1532,DC01.darkzero.htb,Microsoft-Windows-User Profiles Service,Application,2503,4,,,,,,,,,,,,,,,,,,,,,,,,,,,,,,,,,,,,,,,,,,,,,,,,,,,,,,,,,,,,,,,,,,,,,,,,,,,,,,,,,,,
2026-07-20T13:32:33.205026Z,38,DC01.darkzero.htb,Microsoft-Windows-CertificationAuthority,Application,2504,4,,,,,,,,,,darkzero-DC01-CA,,,,,,,,,,,,,,,,,,,,,,,,,,,,,,,,,,,,,,,,,,,,,,,,,,,,,,,,,MSG_I_SERVER_STOPPED,,,,,,,,,,,,,,,,
2026-07-20T13:33:14.516411Z,5615,DC01.darkzero.htb,Microsoft-Windows-WMI,Application,2505,4,,,,,,,,,,,,,,,,,,,,,,,,,,,,,,,,,,,,,,,,,,,,,,,,,,,,,,,,,,,,,,,,,,,,,,,,,,,,,,,,,,,
2026-07-20T13:33:16.521817Z,1531,DC01.darkzero.htb,Microsoft-Windows-User Profiles Service,Application,2506,4,,,,,,,,,,,,,,,,,,,,,,,,,,,,,,,,,,,,,,,,,,,,,,,,,,,,,,,,,,,,,,,,,,,,,,,,,,,,,,,,,,,
2026-07-20T13:33:25.062647Z,"{'#attributes': {'Qualifiers': 0}, '#text': 105}",DC01.darkzero.htb,VMTools,Application,2507,4,,,,,,,,,,,,,,,,,,,,,,,,,,,,,,,,,,,,,,,,,,,,,,,,,,,,,,,,,,,,,,,,,,,,,,,,,,,,,,,,,,,
2026-07-20T13:33:29.492369Z,"{'#attributes': {'Qualifiers': 16384}, '#text': 781}",DC01.darkzero.htb,Microsoft-Windows-Complus,Application,2508,4,,,,,,,,,,,,,,,,,,,,,,,,,,,,,,,,,,,,,,,,,,,,,,,,,,,,,,,,,,,,,,,,,,,,,,,,86400,,,,SuppressDuplicateDuration,Software\Microsoft\COM3\Eventlog,,,,,,
2026-07-20T13:33:30.865667Z,5617,DC01.darkzero.htb,Microsoft-Windows-WMI,Application,2509,4,,,,,,,,,,,,,,,,,,,,,,,,,,,,,,,,,,,,,,,,,,,,,,,,,,,,,,,,,,,,,,,,,,,,,,,,,,,,,,,,,,,
2026-07-20T13:33:32.025031Z,"{'#attributes': {'Qualifiers': 16384}, '#text': 4202}",DC01.darkzero.htb,Microsoft-Windows-MSDTC 2,Application,2510,4,,,,,,,,,,,,,,,,,,,,,,,,,,,,,,,,,,,,,,,,,,,,,,,,,,,,,,,,,,,,,,,,,,,,,,,,0,0,0,1,0,0,0,0,0,1,Mutual Authentication Required,NT AUTHORITY\NetworkService
2026-07-20T13:33:35.511795Z,"{'#attributes': {'Qualifiers': 0}, '#text': 258}",DC01.darkzero.htb,VMUpgradeHelper,Application,2511,4,,,,,,,,,,,,,,,,,,,,,,,,,,,,,,,,,,,,,,,,,,,,,,,,,,,,,,,,,,,,,,,,,,,,,,,,,,,,,,,,,,,
2026-07-20T13:33:36.518134Z,"{'#attributes': {'Qualifiers': 0}, '#text': 271}",DC01.darkzero.htb,VMUpgradeHelper,Application,2512,4,,,,,,,,,,,,,,,,,,,,,,,,,,,,,,,,,,,,,,,,,,,,,,,,,,,,,,,,,,,,,,,,,,,,,,,,,,,,,,,,,,,
2026-07-20T13:33:52.636651Z,"{'#attributes': {'Qualifiers': 0}, '#text': 102}",DC01.darkzero.htb,ESENT,Application,2513,4,,,,,,,,,,,,,,,,,,certsrv.exe,"2684,P,98,0",,0,10,00,26100,0000,,,,,,,,,,,,,,,,,,,,,,,,,,,,,,,,,,,,,,,,,,,,,,,,,,,,,,,,,,
2026-07-20T13:33:52.764395Z,"{'#attributes': {'Qualifiers': 0}, '#text': 105}",DC01.darkzero.htb,ESENT,Application,2514,4,,,,,,,,,,,,,,,,,,certsrv.exe,"2684,D,0,0",,0,0.130,"
[1] 0.001024 +J(0) +M(C:0K, Fs:132, WS:512K # 512K, PF:2504K # 2228K, P:2504K)
[2] 0.000664 +J(0) +M(C:3200K, Fs:199, WS:780K # 780K, PF:4168K # 4168K, P:4168K)
[3] 0.000023 +J(0) +M(C:0K, Fs:7, WS:24K # 24K, PF:68K # 68K, P:68K)
[4] 0.000213 +J(0) +M(C:0K, Fs:55, WS:220K # 220K, PF:504K # 504K, P:504K)
[5] 0.000567 +J(0) +M(C:0K, Fs:10, WS:40K # 40K, PF:24K # 24K, P:24K)
[6] 0.108840 +J(0) +M(C:0K, Fs:33, WS:128K # 128K, PF:16K # 16K, P:16K)
[7] 0.011052 -0.010215 (3) WT +J(0) +M(C:0K, Fs:280, WS:1120K # 1120K, PF:1024K # 1024K, P:1024K)
[8] -
[9] -
[10] -
[11] -
[12] -
[13] 0.007269 -0.005763 (4) WT +J(CM:0, PgRf:0, Rd:0/0, Dy:0/0, Lg:616/1) +M(C:0K, Fs:16, WS:-972K # 36K, PF:-1020K # 12K, P:-1020K)
[14] 0.000020 +J(0) +M(C:0K, Fs:1, WS:4K # 0K, PF:0K # 0K, P:0K)
[15] 0.000182 +J(0) +M(C:0K, Fs:101, WS:404K # 0K, PF:64K # 0K, P:64K)
[16] 0.000592 -0.000362 (1) WT +J(0) +M(C:0K, Fs:2, WS:0K # 0K, PF:0K # 0K, P:0K).","RBSOn = 0
",,,,,,,,,,,,,,,,,,,,,,,,,,,,,,,,,,,,,,,,,,,,,,,,,,,,,,,,,,,
2026-07-20T13:33:52.784116Z,"{'#attributes': {'Qualifiers': 0}, '#text': 326}",DC01.darkzero.htb,ESENT,Application,2515,4,,,,,,,,,,,,,,,,,,certsrv.exe,"2684,D,50,0",,1,C:\WINDOWS\system32\CertLog\darkzero-DC01-CA.edb,0,"
[1] 0.000005 +J(0) +M(C:0K, Fs:1, WS:4K # 0K, PF:0K # 0K, P:0K)
[2] 0.002471 -0.002129 (1) WT +J(0) +M(C:0K, Fs:19, WS:12K # 0K, PF:4K # 0K, P:4K)
[3] 0.009592 -0.002738 (6) WT +J(CM:0, PgRf:0, Rd:0/0, Dy:0/0, Lg:3480/2) +M(C:0K, Fs:33, WS:128K # 0K, PF:124K # 0K, P:124K)
[4] 0.000669 +J(0) +M(C:0K, Fs:1, WS:4K # 0K, PF:0K # 0K, P:0K)
[5] -
[6] 0.002881 -0.002546 (2) CM -0.002440 (2) WT +J(CM:2, PgRf:2, Rd:0/2, Dy:0/0, Lg:0/0) +M(C:0K, Fs:45, WS:180K # 0K, PF:136K # 0K, P:136K)
[7] 0.000005 +J(0)
[8] 0.001421 -0.001050 (1) CM -0.001028 (1) WT +J(CM:1, PgRf:1, Rd:14/0, Dy:0/0, Lg:0/0) +M(C:0K, Fs:37, WS:148K # 0K, PF:196K # 0K, P:196K)
[9] -
[10] -
[11] -
[12] 0.000024 +J(CM:0, PgRf:0, Rd:0/0, Dy:0/0, Lg:54/1) +M(C:0K, Fs:2, WS:8K # 0K, PF:20K # 0K, P:20K)
[13] 0.001102 -0.000834 (2) CM -0.000718 (2) WT +J(CM:2, PgRf:23, Rd:0/2, Dy:0/0, Lg:0/0) +M(C:0K, Fs:22, WS:88K # 60K, PF:4K # 0K, P:4K)
[14] 0.000484 -0.000307 (1) CM -0.000262 (1) WT +J(CM:1, PgRf:40, Rd:0/1, Dy:0/0, Lg:0/0) +M(C:0K, Fs:4, WS:16K # 16K, PF:64K # 0K, P:64K)
[15] 0.000009 +J(CM:0, PgRf:1, Rd:0/0, Dy:0/0, Lg:0/0)
[16] 0.000013 +J(CM:0, PgRf:1, Rd:0/0, Dy:0/0, Lg:0/0) +M(C:0K, Fs:1, WS:4K # 4K, PF:0K # 0K, P:0K)
[17] 0.000074 +J(CM:0, PgRf:42, Rd:0/0, Dy:0/0, Lg:0/0) +M(C:0K, Fs:8, WS:32K # 32K, PF:0K # 0K, P:0K)
[18] 0.000001 +J(0)
[19] 0.000001 +J(0)
[20] 0.000035 +J(CM:0, PgRf:3, Rd:0/0, Dy:0/0, Lg:0/0) +M(C:0K, Fs:4, WS:16K # 16K, PF:0K # 0K, P:0K).",0 0,"lgposAttach = 00000002:00DF:0268,
dbv = 1568.300.620 (9620)",,,,,,,,,,,,,,,,,,,,,,,,,,,,,,,,,,,,,,,,,,,,,,,,,,,,,,,,,
2026-07-20T13:33:54.739489Z,44,DC01.darkzero.htb,Microsoft-Windows-CertificationAuthority,Application,2516,2,,,,,,,,,,,,,,,,,,,,,,,,,,,,,0x8007054b (1355),,The specified domain either does not exist or could not be contacted.,,,,,,,Initialize,,,,,,,,,,,,,Windows default,,,,,,,,,,,,,,,,MSG_E_POLICY_ERROR,,,,,,,,,,,"The Active Directory containing the Certification Authority could not be contacted.
",,,,,
2026-07-20T13:33:54.787097Z,26,DC01.darkzero.htb,Microsoft-Windows-CertificationAuthority,Application,2517,4,,,,,,,,,,darkzero-DC01-CA,,,,,,  DC=,,,,,,,,,,,,,,,,,,,,,,,,,,,,,,,,,,,,,,,,,,,,,,,,,,,MSG_I_SERVER_STARTED,,,,,,,,,,,,,,,,
2026-07-20T13:34:29.894413Z,"{'#attributes': {'Qualifiers': 0}, '#text': 102}",DC01.darkzero.htb,ESENT,Application,2518,4,,,,,,,,,,,,,,,,,,DFSRs,"2804,P,98,0",\\.\C:\System Volume Information\DFSR\database_5284_685_8406_6C33\dfsr.db: ,0,10,00,26100,0000,,,,,,,,,,,,,,,,,,,,,,,,,,,,,,,,,,,,,,,,,,,,,,,,,,,,,,,,,,
2026-07-20T13:34:30.161227Z,"{'#attributes': {'Qualifiers': 0}, '#text': 105}",DC01.darkzero.htb,ESENT,Application,2519,4,,,,,,,,,,,,,,,,,,DFSRs,"2804,D,0,0",\\.\C:\System Volume Information\DFSR\database_5284_685_8406_6C33\dfsr.db: ,0,0.416,"
[1] 0.146632 +J(0) +M(C:0K, Fs:334, WS:1304K # 1304K, PF:6604K # 6608K, P:6604K)
[2] 0.000487 +J(0) +M(C:16K, Fs:107, WS:420K # 420K, PF:336K # 332K, P:336K)
[3] 0.000032 +J(0) +M(C:0K, Fs:1, WS:4K # 4K, PF:64K # 64K, P:64K)
[4] 0.000566 +J(0) +M(C:2032K, Fs:46, WS:180K # 180K, PF:2432K # 2432K, P:2432K)
[5] 0.001176 +J(0) +M(C:0K, Fs:12, WS:-40K # 20K, PF:-68K # 4K, P:-68K)
[6] 0.002963 +J(0) +M(C:0K, Fs:30, WS:116K # 56K, PF:128K # 56K, P:128K)
[7] 0.111860 -0.108735 (11) WT +J(0) +M(C:0K, Fs:1313, WS:5228K # 5228K, PF:5132K # 5132K, P:5132K)
[8] -
[9] -
[10] -
[11] -
[12] -
[13] 0.151301 -0.148031 (12) WT +J(CM:0, PgRf:0, Rd:0/0, Dy:0/0, Lg:616/1) +M(C:0K, Fs:14, WS:-5076K # 28K, PF:-5120K # 16K, P:-5120K)
[14] 0.000024 +J(0) +M(C:0K, Fs:1, WS:4K # 0K, PF:0K # 0K, P:0K)
[15] 0.000125 +J(0) +M(C:0K, Fs:65, WS:260K # 0K, PF:64K # 0K, P:64K)
[16] 0.000549 -0.000277 (1) WT +J(0) +M(C:0K, Fs:2, WS:0K # 0K, PF:0K # 0K, P:0K).","RBSOn = 0
",,,,,,,,,,,,,,,,,,,,,,,,,,,,,,,,,,,,,,,,,,,,,,,,,,,,,,,,,,,
2026-07-20T13:34:30.202465Z,"{'#attributes': {'Qualifiers': 0}, '#text': 326}",DC01.darkzero.htb,ESENT,Application,2520,4,,,,,,,,,,,,,,,,,,DFSRs,"2804,D,50,0",\\.\C:\System Volume Information\DFSR\database_5284_685_8406_6C33\dfsr.db: ,1,\\.\C:\System Volume Information\DFSR\database_5284_685_8406_6C33\dfsr.db,0,"
[1] 0.000008 +J(0) +M(C:0K, Fs:1, WS:4K # 0K, PF:0K # 0K, P:0K)
[2] 0.011817 -0.011273 (1) WT +J(0) +M(C:0K, Fs:20, WS:16K # 0K, PF:8K # 0K, P:8K)
[3] 0.022886 -0.009087 (6) WT +J(CM:0, PgRf:0, Rd:0/0, Dy:0/0, Lg:3480/2) +M(C:0K, Fs:41, WS:148K # 0K, PF:156K # 0K, P:156K)
[4] 0.001286 +J(0) +M(C:0K, Fs:1, WS:4K # 0K, PF:0K # 0K, P:0K)
[5] -
[6] 0.001083 -0.000842 (2) CM -0.000744 (2) WT +J(CM:2, PgRf:2, Rd:0/2, Dy:0/0, Lg:0/0) +M(C:-8K, Fs:45, WS:172K # 0K, PF:120K # 0K, P:120K)
[7] 0.000006 +J(0)
[8] 0.001440 -0.001132 (1) CM -0.001112 (1) WT +J(CM:1, PgRf:1, Rd:14/0, Dy:0/0, Lg:0/0) +M(C:-4K, Fs:51, WS:200K # 0K, PF:188K # 0K, P:188K)
[9] -
[10] -
[11] -
[12] 0.000018 +J(CM:0, PgRf:0, Rd:0/0, Dy:0/0, Lg:54/1) +M(C:0K, Fs:2, WS:8K # 0K, PF:20K # 0K, P:20K)
[13] 0.000911 -0.000706 (1) CM -0.000658 (1) WT +J(CM:1, PgRf:23, Rd:0/1, Dy:0/0, Lg:0/0) +M(C:-8K, Fs:22, WS:80K # 0K, PF:0K # 0K, P:0K)
[14] 0.000550 -0.000407 (1) CM -0.000369 (1) WT +J(CM:1, PgRf:40, Rd:0/1, Dy:0/0, Lg:0/0) +M(C:-4K, Fs:5, WS:16K # 0K, PF:60K # 0K, P:60K)
[15] 0.000009 +J(CM:0, PgRf:1, Rd:0/0, Dy:0/0, Lg:0/0)
[16] 0.000011 +J(CM:0, PgRf:1, Rd:0/0, Dy:0/0, Lg:0/0) +M(C:0K, Fs:1, WS:4K # 0K, PF:0K # 0K, P:0K)
[17] 0.000038 +J(CM:0, PgRf:36, Rd:0/0, Dy:0/0, Lg:0/0) +M(C:0K, Fs:1, WS:4K # 0K, PF:0K # 0K, P:0K)
[18] 0.0 +J(0)
[19] 0.0 +J(0)
[20] 0.000031 +J(CM:0, PgRf:3, Rd:0/0, Dy:0/0, Lg:0/0) +M(C:0K, Fs:4, WS:16K # 0K, PF:0K # 0K, P:0K).",0 0,"lgposAttach = 0000000D:043B:0268,
dbv = 1568.300.620 (9620)",,,,,,,,,,,,,,,,,,,,,,,,,,,,,,,,,,,,,,,,,,,,,,,,,,,,,,,,,
2026-07-20T13:35:13.859498Z,"{'#attributes': {'Qualifiers': 32768}, '#text': 6004}",DC01.darkzero.htb,Microsoft-Windows-Winlogon,Application,2521,3,,,,,,69060000,,,,,,,,,,,TrustedInstaller,,,,,,,,,,,,,,,,,,,,,,,,,,,,,,,,,,,,,,,,,,,,,,,,,,,,,,,,,,,,,,,,,,
2026-07-20T13:35:14.760468Z,"{'#attributes': {'Qualifiers': 0}, '#text': 260}",DC01.darkzero.htb,VMUpgradeHelper,Application,2522,4,,,,,,,,,,,,,,,,,,,,,,,,,,,,,,,,,,,,,,,,,,,,,,,,,,,,,,,,,,,,,,,,,,,,,,,,,,,,,,,,,,,
2026-07-20T13:35:14.761207Z,"{'#attributes': {'Qualifiers': 0}, '#text': 272}",DC01.darkzero.htb,VMUpgradeHelper,Application,2523,4,,,,,,,,,,,,,,,,,,,,,,,,,,,,,,,,,,,,,,,,,,,,,,,,,,,,,,,,,,,,,,,,,,,,,,,,,,,,,,,,,,,
2026-07-20T13:35:14.770787Z,"{'#attributes': {'Qualifiers': 0}, '#text': 108}",DC01.darkzero.htb,VMTools,Application,2524,4,,,,,,,,,,,,,,,,,,,,,,,,,,,,,,,,,,,,,,,,,,,,,,,,,,,,,,,,,,,,,,,,,,,,,,,,,,,,,,,,,,,
2026-07-20T13:35:15.032234Z,"{'#attributes': {'Qualifiers': 0}, '#text': 8225}",DC01.darkzero.htb,VSS,Application,2525,4,,,,,,2D20436F64653A2020434F525356434330303030303737302D2043616C6C3A2020434F525356434330303030303735342D205049443A202030303030343233362D205449443A202030303030343235362D20434D443A2020433A5C57494E444F57535C73797374656D33325C76737376632E6578652020202D20557365723A204E616D653A204E5420415554484F524954595C53595354454D2C205349443A532D312D352D313820,,,,,,,,,,,,,,,,,,,,,,,,,,,,,,,,,,,,,,,,,,,,,,,,,,,,,,,,,,,,,,,,,,,,,,,,,,,,,
2026-07-20T13:35:15.003120Z,"{'#attributes': {'Qualifiers': 16384}, '#text': 4111}",DC01.darkzero.htb,Microsoft-Windows-MSDTC,Application,2526,4,,,,,,4D005300440054004300,,,,,,,,,,,,,,,,,,,,,,,,,,,,,,,,,,,,,,,,,,,,,,,,,,,,,,,,,,,,,,,,,,,,,,,,,,,,,
2026-07-20T13:35:15.015088Z,1532,DC01.darkzero.htb,Microsoft-Windows-User Profiles Service,Application,2527,4,,,,,,,,,,,,,,,,,,,,,,,,,,,,,,,,,,,,,,,,,,,,,,,,,,,,,,,,,,,,,,,,,,,,,,,,,,,,,,,,,,,
2026-07-20T13:35:15.174936Z,38,DC01.darkzero.htb,Microsoft-Windows-CertificationAuthority,Application,2528,4,,,,,,,,,,darkzero-DC01-CA,,,,,,,,,,,,,,,,,,,,,,,,,,,,,,,,,,,,,,,,,,,,,,,,,,,,,,,,,MSG_I_SERVER_STOPPED,,,,,,,,,,,,,,,,
2026-07-20T13:35:53.177228Z,5615,DC01.darkzero.htb,Microsoft-Windows-WMI,Application,2529,4,,,,,,,,,,,,,,,,,,,,,,,,,,,,,,,,,,,,,,,,,,,,,,,,,,,,,,,,,,,,,,,,,,,,,,,,,,,,,,,,,,,
2026-07-20T13:35:55.165113Z,1531,DC01.darkzero.htb,Microsoft-Windows-User Profiles Service,Application,2530,4,,,,,,,,,,,,,,,,,,,,,,,,,,,,,,,,,,,,,,,,,,,,,,,,,,,,,,,,,,,,,,,,,,,,,,,,,,,,,,,,,,,
2026-07-20T13:36:03.843854Z,"{'#attributes': {'Qualifiers': 0}, '#text': 105}",DC01.darkzero.htb,VMTools,Application,2531,4,,,,,,,,,,,,,,,,,,,,,,,,,,,,,,,,,,,,,,,,,,,,,,,,,,,,,,,,,,,,,,,,,,,,,,,,,,,,,,,,,,,
2026-07-20T13:36:07.354169Z,"{'#attributes': {'Qualifiers': 16384}, '#text': 781}",DC01.darkzero.htb,Microsoft-Windows-Complus,Application,2532,4,,,,,,,,,,,,,,,,,,,,,,,,,,,,,,,,,,,,,,,,,,,,,,,,,,,,,,,,,,,,,,,,,,,,,,,,86400,,,,SuppressDuplicateDuration,Software\Microsoft\COM3\Eventlog,,,,,,
2026-07-20T13:36:09.329877Z,"{'#attributes': {'Qualifiers': 16384}, '#text': 4202}",DC01.darkzero.htb,Microsoft-Windows-MSDTC 2,Application,2533,4,,,,,,,,,,,,,,,,,,,,,,,,,,,,,,,,,,,,,,,,,,,,,,,,,,,,,,,,,,,,,,,,,,,,,,,,0,0,0,1,0,0,0,0,0,1,Mutual Authentication Required,NT AUTHORITY\NetworkService
2026-07-20T13:36:09.609941Z,5617,DC01.darkzero.htb,Microsoft-Windows-WMI,Application,2534,4,,,,,,,,,,,,,,,,,,,,,,,,,,,,,,,,,,,,,,,,,,,,,,,,,,,,,,,,,,,,,,,,,,,,,,,,,,,,,,,,,,,
2026-07-20T13:36:12.786125Z,"{'#attributes': {'Qualifiers': 0}, '#text': 258}",DC01.darkzero.htb,VMUpgradeHelper,Application,2535,4,,,,,,,,,,,,,,,,,,,,,,,,,,,,,,,,,,,,,,,,,,,,,,,,,,,,,,,,,,,,,,,,,,,,,,,,,,,,,,,,,,,
2026-07-20T13:36:13.856143Z,"{'#attributes': {'Qualifiers': 0}, '#text': 271}",DC01.darkzero.htb,VMUpgradeHelper,Application,2536,4,,,,,,,,,,,,,,,,,,,,,,,,,,,,,,,,,,,,,,,,,,,,,,,,,,,,,,,,,,,,,,,,,,,,,,,,,,,,,,,,,,,
2026-07-20T13:36:32.310225Z,"{'#attributes': {'Qualifiers': 0}, '#text': 102}",DC01.darkzero.htb,ESENT,Application,2537,4,,,,,,,,,,,,,,,,,,certsrv.exe,"3036,P,98,0",,0,10,00,26100,0000,,,,,,,,,,,,,,,,,,,,,,,,,,,,,,,,,,,,,,,,,,,,,,,,,,,,,,,,,,
2026-07-20T13:36:32.449664Z,"{'#attributes': {'Qualifiers': 0}, '#text': 105}",DC01.darkzero.htb,ESENT,Application,2538,4,,,,,,,,,,,,,,,,,,certsrv.exe,"3036,D,0,0",,0,0.143,"
[1] 0.001505 +J(0) +M(C:0K, Fs:144, WS:560K # 560K, PF:2996K # 2720K, P:2996K)
[2] 0.000809 +J(0) +M(C:3200K, Fs:219, WS:864K # 864K, PF:3672K # 3672K, P:3672K)
[3] 0.000028 +J(0) +M(C:0K, Fs:2, WS:4K # 4K, PF:68K # 68K, P:68K)
[4] 0.000275 +J(0) +M(C:0K, Fs:29, WS:116K # 116K, PF:520K # 520K, P:520K)
[5] 0.000668 +J(0) +M(C:0K, Fs:8, WS:32K # 32K, PF:0K # 0K, P:0K)
[6] 0.003095 +J(0) +M(C:0K, Fs:31, WS:124K # 124K, PF:12K # 12K, P:12K)
[7] 0.012174 -0.011297 (3) WT +J(0) +M(C:0K, Fs:281, WS:1120K # 1120K, PF:1028K # 1028K, P:1028K)
[8] -
[9] -
[10] -
[11] -
[12] -
[13] 0.122960 -0.120948 (4) WT +J(CM:0, PgRf:0, Rd:0/0, Dy:0/0, Lg:616/1) +M(C:0K, Fs:16, WS:-972K # 36K, PF:-1024K # 12K, P:-1024K)
[14] 0.000024 +J(0) +M(C:0K, Fs:1, WS:4K # 0K, PF:0K # 0K, P:0K)
[15] 0.000228 +J(0) +M(C:0K, Fs:101, WS:404K # 0K, PF:64K # 0K, P:64K)
[16] 0.001130 -0.000714 (1) WT +J(0) +M(C:0K, Fs:2, WS:0K # 0K, PF:0K # 0K, P:0K).","RBSOn = 0
",,,,,,,,,,,,,,,,,,,,,,,,,,,,,,,,,,,,,,,,,,,,,,,,,,,,,,,,,,,
2026-07-20T13:36:32.471710Z,"{'#attributes': {'Qualifiers': 0}, '#text': 326}",DC01.darkzero.htb,ESENT,Application,2539,4,,,,,,,,,,,,,,,,,,certsrv.exe,"3036,D,50,0",,1,C:\WINDOWS\system32\CertLog\darkzero-DC01-CA.edb,0,"
[1] 0.000006 +J(0) +M(C:0K, Fs:1, WS:4K # 0K, PF:0K # 0K, P:0K)
[2] 0.002994 -0.002493 (1) WT +J(0) +M(C:0K, Fs:19, WS:12K # 0K, PF:4K # 0K, P:4K)
[3] 0.013513 -0.003893 (6) WT +J(CM:0, PgRf:0, Rd:0/0, Dy:0/0, Lg:3480/2) +M(C:0K, Fs:39, WS:144K # 0K, PF:148K # 0K, P:148K)
[4] 0.000473 +J(0) +M(C:0K, Fs:1, WS:4K # 0K, PF:0K # 0K, P:0K)
[5] -
[6] 0.000740 -0.000512 (2) CM -0.000440 (2) WT +J(CM:2, PgRf:2, Rd:0/2, Dy:0/0, Lg:0/0) +M(C:0K, Fs:44, WS:176K # 0K, PF:132K # 0K, P:132K)
[7] 0.000003 +J(0)
[8] 0.001302 -0.001053 (1) CM -0.001034 (1) WT +J(CM:1, PgRf:1, Rd:14/0, Dy:0/0, Lg:0/0) +M(C:0K, Fs:37, WS:148K # 0K, PF:196K # 0K, P:196K)
[9] -
[10] -
[11] -
[12] 0.000017 +J(CM:0, PgRf:0, Rd:0/0, Dy:0/0, Lg:54/1) +M(C:0K, Fs:2, WS:8K # 0K, PF:20K # 0K, P:20K)
[13] 0.001089 -0.000864 (2) CM -0.000758 (2) WT +J(CM:2, PgRf:23, Rd:0/2, Dy:0/0, Lg:0/0) +M(C:0K, Fs:23, WS:92K # 84K, PF:4K # 0K, P:4K)
[14] 0.000690 -0.000548 (1) CM -0.000510 (1) WT +J(CM:1, PgRf:40, Rd:0/1, Dy:0/0, Lg:0/0) +M(C:0K, Fs:4, WS:16K # 16K, PF:64K # 0K, P:64K)
[15] 0.000009 +J(CM:0, PgRf:1, Rd:0/0, Dy:0/0, Lg:0/0)
[16] 0.000012 +J(CM:0, PgRf:1, Rd:0/0, Dy:0/0, Lg:0/0) +M(C:0K, Fs:1, WS:4K # 4K, PF:0K # 0K, P:0K)
[17] 0.000071 +J(CM:0, PgRf:42, Rd:0/0, Dy:0/0, Lg:0/0) +M(C:0K, Fs:8, WS:32K # 32K, PF:0K # 0K, P:0K)
[18] 0.000001 +J(0)
[19] 0.0 +J(0)
[20] 0.000032 +J(CM:0, PgRf:3, Rd:0/0, Dy:0/0, Lg:0/0) +M(C:0K, Fs:4, WS:16K # 16K, PF:0K # 0K, P:0K).",0 0,"lgposAttach = 00000002:00E8:0268,
dbv = 1568.300.620 (9620)",,,,,,,,,,,,,,,,,,,,,,,,,,,,,,,,,,,,,,,,,,,,,,,,,,,,,,,,,
2026-07-20T13:36:32.739766Z,"{'#attributes': {'Qualifiers': 0}, '#text': 102}",DC01.darkzero.htb,ESENT,Application,2540,4,,,,,,,,,,,,,,,,,,DFSRs,"1152,P,98,0",\\.\C:\System Volume Information\DFSR\database_5284_685_8406_6C33\dfsr.db: ,0,10,00,26100,0000,,,,,,,,,,,,,,,,,,,,,,,,,,,,,,,,,,,,,,,,,,,,,,,,,,,,,,,,,,
2026-07-20T13:36:33.018904Z,"{'#attributes': {'Qualifiers': 0}, '#text': 105}",DC01.darkzero.htb,ESENT,Application,2541,4,,,,,,,,,,,,,,,,,,DFSRs,"1152,D,0,0",\\.\C:\System Volume Information\DFSR\database_5284_685_8406_6C33\dfsr.db: ,0,0.288,"
[1] 0.007345 +J(0) +M(C:0K, Fs:313, WS:1228K # 1228K, PF:6580K # 6572K, P:6580K)
[2] 0.000346 +J(0) +M(C:16K, Fs:103, WS:404K # 404K, PF:284K # 284K, P:284K)
[3] 0.000024 +J(0) +M(C:0K, Fs:1, WS:4K # 4K, PF:64K # 64K, P:64K)
[4] 0.000437 +J(0) +M(C:2032K, Fs:49, WS:188K # 188K, PF:2448K # 2448K, P:2448K)
[5] 0.001048 +J(0) +M(C:0K, Fs:11, WS:44K # 44K, PF:20K # 20K, P:20K)
[6] 0.001411 +J(0) +M(C:0K, Fs:35, WS:136K # 136K, PF:12K # 12K, P:12K)
[7] 0.178530 -0.174714 (11) WT +J(0) +M(C:0K, Fs:1326, WS:5188K # 5188K, PF:5152K # 5152K, P:5152K)
[8] -
[9] -
[10] -
[11] -
[12] -
[13] 0.098126 -0.094412 (12) WT +J(CM:0, PgRf:0, Rd:0/0, Dy:0/0, Lg:616/1) +M(C:0K, Fs:13, WS:-5080K # 24K, PF:-5128K # 12K, P:-5128K)
[14] 0.000027 +J(0) +M(C:0K, Fs:1, WS:4K # 0K, PF:0K # 0K, P:0K)
[15] 0.000177 +J(0) +M(C:0K, Fs:66, WS:260K # 0K, PF:68K # 0K, P:68K)
[16] 0.000643 -0.000397 (1) WT +J(0) +M(C:0K, Fs:2, WS:0K # 0K, PF:0K # 0K, P:0K).","RBSOn = 0
",,,,,,,,,,,,,,,,,,,,,,,,,,,,,,,,,,,,,,,,,,,,,,,,,,,,,,,,,,,
2026-07-20T13:36:33.141223Z,"{'#attributes': {'Qualifiers': 0}, '#text': 326}",DC01.darkzero.htb,ESENT,Application,2542,4,,,,,,,,,,,,,,,,,,DFSRs,"1152,D,50,0",\\.\C:\System Volume Information\DFSR\database_5284_685_8406_6C33\dfsr.db: ,1,\\.\C:\System Volume Information\DFSR\database_5284_685_8406_6C33\dfsr.db,0,"
[1] 0.000005 +J(0) +M(C:0K, Fs:1, WS:4K # 0K, PF:0K # 0K, P:0K)
[2] 0.001910 -0.001553 (1) WT +J(0) +M(C:0K, Fs:20, WS:16K # 0K, PF:8K # 0K, P:8K)
[3] 0.109130 -0.098314 (6) WT +J(CM:0, PgRf:0, Rd:0/0, Dy:0/0, Lg:3480/2) +M(C:0K, Fs:41, WS:156K # 0K, PF:148K # 0K, P:148K)
[4] 0.002397 +J(0) +M(C:0K, Fs:1, WS:4K # 0K, PF:0K # 0K, P:0K)
[5] -
[6] 0.004138 -0.003804 (2) CM -0.003675 (2) WT +J(CM:2, PgRf:2, Rd:0/2, Dy:0/0, Lg:0/0) +M(C:-8K, Fs:44, WS:168K # 0K, PF:120K # 0K, P:120K)
[7] 0.000004 +J(0)
[8] 0.001879 -0.001567 (1) CM -0.001547 (1) WT +J(CM:1, PgRf:1, Rd:14/0, Dy:0/0, Lg:0/0) +M(C:-4K, Fs:52, WS:204K # 0K, PF:196K # 0K, P:196K)
[9] -
[10] -
[11] -
[12] 0.000022 +J(CM:0, PgRf:0, Rd:0/0, Dy:0/0, Lg:54/1) +M(C:0K, Fs:2, WS:8K # 0K, PF:20K # 0K, P:20K)
[13] 0.000980 -0.000704 (1) CM -0.000632 (1) WT +J(CM:1, PgRf:23, Rd:0/1, Dy:0/0, Lg:0/0) +M(C:-8K, Fs:22, WS:80K # 0K, PF:0K # 0K, P:0K)
[14] 0.000714 -0.000395 (1) CM -0.000337 (1) WT +J(CM:1, PgRf:40, Rd:0/1, Dy:0/0, Lg:0/0) +M(C:-4K, Fs:5, WS:16K # 0K, PF:60K # 0K, P:60K)
[15] 0.000013 +J(CM:0, PgRf:1, Rd:0/0, Dy:0/0, Lg:0/0)
[16] 0.000013 +J(CM:0, PgRf:1, Rd:0/0, Dy:0/0, Lg:0/0) +M(C:0K, Fs:1, WS:4K # 0K, PF:0K # 0K, P:0K)
[17] 0.000041 +J(CM:0, PgRf:36, Rd:0/0, Dy:0/0, Lg:0/0) +M(C:0K, Fs:1, WS:4K # 0K, PF:0K # 0K, P:0K)
[18] 0.0 +J(0)
[19] 0.0 +J(0)
[20] 0.000033 +J(CM:0, PgRf:3, Rd:0/0, Dy:0/0, Lg:0/0) +M(C:0K, Fs:4, WS:16K # 0K, PF:0K # 0K, P:0K).",0 0,"lgposAttach = 0000000D:0444:0268,
dbv = 1568.300.620 (9620)",,,,,,,,,,,,,,,,,,,,,,,,,,,,,,,,,,,,,,,,,,,,,,,,,,,,,,,,,
2026-07-20T13:36:34.223971Z,44,DC01.darkzero.htb,Microsoft-Windows-CertificationAuthority,Application,2543,2,,,,,,,,,,,,,,,,,,,,,,,,,,,,,0x8007054b (1355),,The specified domain either does not exist or could not be contacted.,,,,,,,Initialize,,,,,,,,,,,,,Windows default,,,,,,,,,,,,,,,,MSG_E_POLICY_ERROR,,,,,,,,,,,"The Active Directory containing the Certification Authority could not be contacted.
",,,,,
2026-07-20T13:36:34.256752Z,26,DC01.darkzero.htb,Microsoft-Windows-CertificationAuthority,Application,2544,4,,,,,,,,,,darkzero-DC01-CA,,,,,,  DC=,,,,,,,,,,,,,,,,,,,,,,,,,,,,,,,,,,,,,,,,,,,,,,,,,,,MSG_I_SERVER_STARTED,,,,,,,,,,,,,,,,
2026-07-20T13:38:20.313221Z,"{'#attributes': {'Qualifiers': 16384}, '#text': 900}",DC01.darkzero.htb,Microsoft-Windows-Security-SPP,Application,2545,4,,,,,,,,,,,,,,,,,<explicit>,,,,,,,,,,,,,,,,,,,,,,,,,,,,,,,,,,,,,,,,,,,,,,,,,,,,,,,,,,,,,,,,,,
2026-07-20T13:38:29.419678Z,"{'#attributes': {'Qualifiers': 49152}, '#text': 16394}",DC01.darkzero.htb,Microsoft-Windows-Security-SPP,Application,2546,4,,,,,,,,,,,,,,,,,,,,,,,,,,,,,,,,,,,,,,,,,,,,,,,,,,,,,,,,,,,,,,,,,,,,,,,,,,,,,,,,,,,
2026-07-20T13:38:41.074639Z,"{'#attributes': {'Qualifiers': 16384}, '#text': 1066}",DC01.darkzero.htb,Microsoft-Windows-Security-SPP,Application,2547,4,,,,,,,,,,,,,,,,,"C:\WINDOWS\system32\sppwinob.dll, msft:spp/windowsfunctionality/agent/7.0, 0x00000000, 0x00000000
C:\WINDOWS\system32\sppobjs.dll, msft:rm/algorithm/inherited/1.0, 0x00000000, 0x00000000
C:\WINDOWS\system32\sppobjs.dll, msft:rm/algorithm/phone/1.0, 0x00000000, 0x00000000
C:\WINDOWS\system32\sppobjs.dll, msft:rm/algorithm/pkey/detect, 0x00000000, 0x00000000
C:\WINDOWS\system32\sppobjs.dll, msft:spp/ActionScheduler/1.0, 0x00000000, 0x00000000
C:\WINDOWS\system32\sppobjs.dll, msft:spp/TaskScheduler/1.0, 0x00000000, 0x00000000
C:\WINDOWS\system32\sppobjs.dll, msft:spp/statecollector/pkey, 0x00000000, 0x00000000
C:\WINDOWS\system32\sppobjs.dll, msft:spp/volume/services/kms/1.0, 0x00000000, 0x00000000
C:\WINDOWS\system32\sppobjs.dll, msft:spp/volume/services/kms/activationinfo/1.0, 0x00000000, 0x00000000
",,,,,,,,,,,,,,,,,,,,,,,,,,,,,,,,,,,,,,,,,,,,,,,,,,,,,,,,,,,,,,,,,,
2026-07-20T13:38:53.806012Z,"{'#attributes': {'Qualifiers': 16384}, '#text': 16389}",DC01.darkzero.htb,Microsoft-Windows-Security-SPP,Application,2548,4,,,,,,,,,,,,,,,,,0xC004D30B,,,,,,,,,,,,,,,,,,,,,,,,,,,,,,,,,,,,,,,,,,,,,,,,,,,,,,,,,,,,,,,,,,
2026-07-20T13:38:58.410620Z,"{'#attributes': {'Qualifiers': 16384}, '#text': 1034}",DC01.darkzero.htb,Microsoft-Windows-Security-SPP,Application,2549,4,,,,,,,,,,,,,,,,,,AAD-AddDeviceJoinUserToAdminGroup-Policy,100,,,,,,,,,,,,,,,,,,,,,,,,,,,,,,,,,,,,,,,,,,,,,,,,,,,,,,,,,,,,,,,,
2026-07-20T13:38:58.412835Z,"{'#attributes': {'Qualifiers': 16384}, '#text': 1034}",DC01.darkzero.htb,Microsoft-Windows-Security-SPP,Application,2550,4,,,,,,,,,,,,,,,,,,Security-SPP-WriteWauMarker,500,,,,,,,,,,,,,,,,,,,,,,,,,,,,,,,,,,,,,,,,,,,,,,,,,,,,,,,,,,,,,,,,
2026-07-20T13:38:58.416309Z,"{'#attributes': {'Qualifiers': 16384}, '#text': 1033}",DC01.darkzero.htb,Microsoft-Windows-Security-SPP,Application,2551,4,,,,,,,,,,,,,,,,,,(Security-SPP-Reserved-EnableNotificationMode) ,55c92734-d682-4d71-983e-d6ec3f16059f,10d661ba-f2e3-445c-8e92-200e1e05e9e1,,,,,,,,,,,,,,,,,,,,,,,,,,,,,,,,,,,,,,,,,,,,,,,,,,,,,,,,,,,,,,,
2026-07-20T13:38:58.776926Z,"{'#attributes': {'Qualifiers': 16384}, '#text': 1003}",DC01.darkzero.htb,Microsoft-Windows-Security-SPP,Application,2552,4,,,,,,,,,,,,,,,,,,55c92734-d682-4d71-983e-d6ec3f16059f,"
1: 0b646350-5349-4013-b1be-4100d1a7fa38, 1, 0 [(0 [0xC004F014, 0, 0], [(?)(?)(?)(?)(?)(?)(?)(?)])(1 )(2 )(3 )]
2: 10d661ba-f2e3-445c-8e92-200e1e05e9e1, 1, 0 [(0 [0x00000000, 1, 0], [(?)( 1 0x00000000)(?)( 2 0x00000000 0 0 msft:rm/algorithm/hwid/4.0 0x00000000 0)(?)(?)( 10 0x00000000 msft:rm/algorithm/flags/1.0)(?)])(1 )(2 )(3 )]
3: 2033816d-9d16-44bb-8f08-412ff45f38bf, 1, 0 [(0 [0xC004F014, 0, 0], [(?)(?)(?)(?)(?)(?)(?)(?)])(1 )(2 )(3 )]
4: 653ae55c-1d53-427b-be51-15bc1841fca7, 1, 0 [(0 [0xC004F014, 0, 0], [(?)(?)(?)(?)(?)(?)(?)(?)])(1 )(2 )(3 )]
5: 66c20db7-ff1e-4f87-a915-4e03715da35f, 1, 0 [(0 [0xC004F014, 0, 0], [(?)(?)(?)(?)(?)(?)(?)(?)])(1 )(2 )(3 )]
6: 6bad0243-1c35-46b2-b8e6-7a853e37413f, 1, 0 [(0 [0xC004F014, 0, 0], [(?)(?)(?)(?)(?)(?)(?)(?)])(1 )(2 )(3 )]
7: 82fcf64d-f9dd-4411-9c79-f2eed16d4eb8, 1, 0 [(0 [0xC004F014, 0, 0], [(?)(?)(?)(?)(?)(?)(?)(?)])(1 )(2 )(3 )]
8: 84e331f6-4279-48c4-ab10-b75139181351, 1, 0 [(0 [0xC004F014, 0, 0], [(?)(?)(?)(?)(?)(?)(?)(?)])(1 )(2 )(3 )]
9: 9e232465-2ade-4a33-a277-702010a84adb, 1, 0 [(0 [0xC004F014, 0, 0], [(?)(?)(?)(?)(?)(?)(?)(?)])(1 )(2 )(3 )]
10: a1da5f8f-7553-42c5-b0b4-6f27c4d74240, 1, 0 [(0 [0xC004F014, 0, 0], [(?)(?)(?)(?)(?)(?)(?)(?)])(1 )(2 )(3 )]
11: a2004bef-6ff1-48f9-8328-41ce1cd5ee79, 1, 0 [(0 [0xC004F014, 0, 0], [(?)(?)(?)(?)(?)(?)(?)(?)])(1 )(2 )(3 )]
12: c052f164-cdf6-409a-a0cb-853ba0f0f55a, 1, 0 [(0 [0xC004F014, 0, 0], [(?)(?)(?)(?)(?)(?)(?)(?)])(1 )(2 )(3 )]
13: e5b79126-7250-4d27-ad42-0eeb23db5771, 1, 0 [(0 [0xC004F014, 0, 0], [(?)(?)(?)(?)(?)(?)(?)(?)])(1 )(2 )(3 )]
14: f15a5790-90b7-4674-8fd4-e187ba426ad2, 1, 0 [(0 [0xC004F014, 0, 0], [(?)(?)(?)(?)(?)(?)(?)(?)])(1 )(2 )(3 )]

",,,,,,,,,,,,,,,,,,,,,,,,,,,,,,,,,,,,,,,,,,,,,,,,,,,,,,,,,,,,,,,,
2026-07-20T13:38:58.779454Z,"{'#attributes': {'Qualifiers': 49152}, '#text': 20492}",DC01.darkzero.htb,Microsoft-Windows-Security-SPP,Application,2553,4,,,,,,,,,,,,,,,,,0xC004D30B,,,,,,,,,,,,,,,,,,,,,,,,,,,,,,,,,,,,,,,,,,,,,,,,,,,,,,,,,,,,,,,,,,
2026-07-20T13:38:58.924376Z,"{'#attributes': {'Qualifiers': 49152}, '#text': 16398}",DC01.darkzero.htb,Microsoft-Windows-Security-SPP,Application,2554,2,,,,,,,,,,,,,,,,,,0x80070490,No grace timer found,,,,,,,,,,,,,,,,,,,,,,,,,,,,,,,,,,,,,,,,,,,,,,,,,,,,,,,,,,,,,,,,
2026-07-20T13:38:59.036913Z,"{'#attributes': {'Qualifiers': 16384}, '#text': 902}",DC01.darkzero.htb,Microsoft-Windows-Security-SPP,Application,2555,0,,,,,,,,,,,,,,,,,10.0.26100.33158,,,,,,,,,,,,,,,,,,,,,,,,,,,,,,,,,,,,,,,,,,,,,,,,,,,,,,,,,,,,,,,,,,
2026-07-20T13:39:12.820719Z,"{'#attributes': {'Qualifiers': 0}, '#text': 8224}",DC01.darkzero.htb,VSS,Application,2556,4,,,,,,2D20436F64653A2020434F525356434330303030303737322D2043616C6C3A2020434F525356434330303030303735342D205049443A202030303030343232382D205449443A202030303030343234382D20434D443A2020433A5C57494E444F57535C73797374656D33325C76737376632E6578652020202D20557365723A204E616D653A204E5420415554484F524954595C53595354454D2C205349443A532D312D352D313820,,,,,,,,,,,,,,,,,,,,,,,,,,,,,,,,,,,,,,,,,,,,,,,,,,,,,,,,,,,,,,,,,,,,,,,,,,,,,
2026-07-20T13:39:29.632861Z,"{'#attributes': {'Qualifiers': 16384}, '#text': 16384}",DC01.darkzero.htb,Microsoft-Windows-Security-SPP,Application,2557,4,,,,,,,,,,,,,,,,,,2126-06-26T13:39:29Z,RulesEngine,,,,,,,,,,,,,,,,,,,,,,,,,,,,,,,,,,,,,,,,,,,,,,,,,,,,,,,,,,,,,,,,
2026-07-20T13:39:29.651278Z,"{'#attributes': {'Qualifiers': 16384}, '#text': 903}",DC01.darkzero.htb,Microsoft-Windows-Security-SPP,Application,2558,0,,,,,,,,,,,,,,,,,,,,,,,,,,,,,,,,,,,,,,,,,,,,,,,,,,,,,,,,,,,,,,,,,,,,,,,,,,,,,,,,,,,
