2026-08-16T15:29:38.186934Z,"{'#attributes': {'Qualifiers': 16384}, '#text': 4202}",DC01.darkzero.htb,Microsoft-Windows-MSDTC 2,Application,3023,4,,,,,,,,,,,,,,,,,,,,,,,,,,,,,,,,,,,,,,,,,,,,,,,,,,,,,,,,,,,,,,,,,,,,,,,,0,0,0,1,0,0,0,0,0,1,Mutual Authentication Required,NT AUTHORITY\NetworkService
2026-08-16T15:29:41.738644Z,"{'#attributes': {'Qualifiers': 0}, '#text': 271}",DC01.darkzero.htb,VMUpgradeHelper,Application,3024,4,,,,,,,,,,,,,,,,,,,,,,,,,,,,,,,,,,,,,,,,,,,,,,,,,,,,,,,,,,,,,,,,,,,,,,,,,,,,,,,,,,,
2026-08-16T15:29:46.216964Z,"{'#attributes': {'Qualifiers': 0}, '#text': 1000}",DC01.darkzero.htb,VGAuth,Application,3025,0,,,,,,,,,,,,,,,,,vmtoolsd: Username and password mismatch for 'Administrator',,,,,,,,,,,,,,,,,,,,,,,,,,,,,,,,,,,,,,,,,,,,,,,,,,,,,,,,,,,,,,,,,,
2026-08-16T15:29:52.487206Z,"{'#attributes': {'Qualifiers': 0}, '#text': 1000}",DC01.darkzero.htb,VGAuth,Application,3026,0,,,,,,,,,,,,,,,,,vmtoolsd: Username and password successfully validated for 'Administrator',,,,,,,,,,,,,,,,,,,,,,,,,,,,,,,,,,,,,,,,,,,,,,,,,,,,,,,,,,,,,,,,,,
2026-08-16T15:29:55.404616Z,"{'#attributes': {'Qualifiers': 0}, '#text': 1000}",DC01.darkzero.htb,VGAuth,Application,3027,0,,,,,,,,,,,,,,,,,vmtoolsd: Username and password successfully validated for 'Administrator',,,,,,,,,,,,,,,,,,,,,,,,,,,,,,,,,,,,,,,,,,,,,,,,,,,,,,,,,,,,,,,,,,
2026-08-16T15:29:55.451059Z,"{'#attributes': {'Qualifiers': 0}, '#text': 1000}",DC01.darkzero.htb,VGAuth,Application,3028,0,,,,,,,,,,,,,,,,,vmtoolsd: Username and password successfully validated for 'Administrator',,,,,,,,,,,,,,,,,,,,,,,,,,,,,,,,,,,,,,,,,,,,,,,,,,,,,,,,,,,,,,,,,,
2026-08-16T15:29:55.523398Z,"{'#attributes': {'Qualifiers': 0}, '#text': 1000}",DC01.darkzero.htb,VGAuth,Application,3029,0,,,,,,,,,,,,,,,,,vmtoolsd: Username and password successfully validated for 'Administrator',,,,,,,,,,,,,,,,,,,,,,,,,,,,,,,,,,,,,,,,,,,,,,,,,,,,,,,,,,,,,,,,,,
2026-08-16T15:29:55.577280Z,"{'#attributes': {'Qualifiers': 0}, '#text': 1000}",DC01.darkzero.htb,VGAuth,Application,3030,0,,,,,,,,,,,,,,,,,vmtoolsd: Username and password successfully validated for 'Administrator',,,,,,,,,,,,,,,,,,,,,,,,,,,,,,,,,,,,,,,,,,,,,,,,,,,,,,,,,,,,,,,,,,
2026-08-16T15:29:55.626038Z,"{'#attributes': {'Qualifiers': 0}, '#text': 1000}",DC01.darkzero.htb,VGAuth,Application,3031,0,,,,,,,,,,,,,,,,,vmtoolsd: Username and password successfully validated for 'Administrator',,,,,,,,,,,,,,,,,,,,,,,,,,,,,,,,,,,,,,,,,,,,,,,,,,,,,,,,,,,,,,,,,,
2026-08-16T15:29:57.239079Z,"{'#attributes': {'Qualifiers': 0}, '#text': 1000}",DC01.darkzero.htb,VGAuth,Application,3032,0,,,,,,,,,,,,,,,,,vmtoolsd: Username and password successfully validated for 'Administrator',,,,,,,,,,,,,,,,,,,,,,,,,,,,,,,,,,,,,,,,,,,,,,,,,,,,,,,,,,,,,,,,,,
2026-08-16T15:29:58.405098Z,"{'#attributes': {'Qualifiers': 0}, '#text': 1000}",DC01.darkzero.htb,VGAuth,Application,3033,0,,,,,,,,,,,,,,,,,vmtoolsd: Username and password successfully validated for 'Administrator',,,,,,,,,,,,,,,,,,,,,,,,,,,,,,,,,,,,,,,,,,,,,,,,,,,,,,,,,,,,,,,,,,
2026-08-16T15:30:00.807022Z,"{'#attributes': {'Qualifiers': 0}, '#text': 102}",DC01.darkzero.htb,ESENT,Application,3034,4,,,,,,,,,,,,,,,,,,DFSRs,"3060,P,98,0",\\.\C:\System Volume Information\DFSR\database_3A38_4550_9481_4B14\dfsr.db: ,0,10,00,26100,0000,,,,,,,,,,,,,,,,,,,,,,,,,,,,,,,,,,,,,,,,,,,,,,,,,,,,,,,,,,
2026-08-16T15:30:01.090799Z,"{'#attributes': {'Qualifiers': 0}, '#text': 102}",DC01.darkzero.htb,ESENT,Application,3035,4,,,,,,,,,,,,,,,,,,certsrv.exe,"3004,P,98,0",,0,10,00,26100,0000,,,,,,,,,,,,,,,,,,,,,,,,,,,,,,,,,,,,,,,,,,,,,,,,,,,,,,,,,,
2026-08-16T15:30:01.106575Z,"{'#attributes': {'Qualifiers': 0}, '#text': 105}",DC01.darkzero.htb,ESENT,Application,3036,4,,,,,,,,,,,,,,,,,,certsrv.exe,"3004,D,0,0",,0,0.023,"
[1] 0.002107 +J(0) +M(C:0K, Fs:139, WS:544K # 544K, PF:2532K # 2256K, P:2532K)
[2] 0.001311 +J(0) +M(C:3200K, Fs:231, WS:912K # 912K, PF:4160K # 4160K, P:4160K)
[3] 0.000065 +J(0) +M(C:0K, Fs:1, WS:4K # 4K, PF:64K # 64K, P:64K)
[4] 0.000305 +J(0) +M(C:0K, Fs:30, WS:116K # 116K, PF:516K # 516K, P:516K)
[5] 0.001084 +J(0) +M(C:0K, Fs:11, WS:44K # 44K, PF:20K # 20K, P:20K)
[6] 0.005898 +J(0) +M(C:0K, Fs:31, WS:124K # 124K, PF:12K # 12K, P:12K)
[7] 0.005690 -0.003503 (3) WT +J(0) +M(C:0K, Fs:281, WS:1120K # 1120K, PF:1028K # 1028K, P:1028K)
[8] -
[9] -
[10] -
[11] -
[12] -
[13] 0.005498 -0.003658 (4) WT +J(CM:0, PgRf:0, Rd:0/0, Dy:0/0, Lg:616/1) +M(C:0K, Fs:16, WS:-972K # 36K, PF:-1024K # 12K, P:-1024K)
[14] 0.000023 +J(0) +M(C:0K, Fs:1, WS:4K # 0K, PF:0K # 0K, P:0K)
[15] 0.000432 +J(0) +M(C:0K, Fs:101, WS:404K # 0K, PF:64K # 0K, P:64K)
[16] 0.000775 -0.000501 (1) WT +J(0) +M(C:0K, Fs:2, WS:0K # 0K, PF:0K # 0K, P:0K).","RBSOn = 0
",,,,,,,,,,,,,,,,,,,,,,,,,,,,,,,,,,,,,,,,,,,,,,,,,,,,,,,,,,,
2026-08-16T15:30:01.343151Z,"{'#attributes': {'Qualifiers': 0}, '#text': 1000}",DC01.darkzero.htb,VGAuth,Application,3037,0,,,,,,,,,,,,,,,,,vmtoolsd: Username and password successfully validated for 'Administrator',,,,,,,,,,,,,,,,,,,,,,,,,,,,,,,,,,,,,,,,,,,,,,,,,,,,,,,,,,,,,,,,,,
2026-08-16T15:30:01.377167Z,"{'#attributes': {'Qualifiers': 0}, '#text': 105}",DC01.darkzero.htb,ESENT,Application,3038,4,,,,,,,,,,,,,,,,,,DFSRs,"3060,D,0,0",\\.\C:\System Volume Information\DFSR\database_3A38_4550_9481_4B14\dfsr.db: ,0,0.576,"
[1] 0.002214 +J(0) +M(C:0K, Fs:221, WS:860K # 860K, PF:6588K # 6528K, P:6588K)
[2] 0.000689 +J(0) +M(C:16K, Fs:179, WS:708K # 708K, PF:284K # 284K, P:284K)
[3] 0.000031 +J(0) +M(C:0K, Fs:7, WS:24K # 24K, PF:68K # 68K, P:68K)
[4] 0.000464 +J(0) +M(C:2032K, Fs:50, WS:196K # 196K, PF:2444K # 2444K, P:2444K)
[5] 0.001891 +J(0) +M(C:0K, Fs:13, WS:52K # 52K, PF:24K # 24K, P:24K)
[6] 0.001589 +J(0) +M(C:0K, Fs:11, WS:40K # 40K, PF:12K # 12K, P:12K)
[7] -
[8] -
[9] -
[10] -
[11] -
[12] -
[13] 0.523818 -0.024490 (22) WT +J(CM:0, PgRf:0, Rd:0/0, Dy:0/0, Lg:616/1) +M(C:0K, Fs:1509, WS:796K # 5896K, PF:40K # 5164K, P:40K)
[14] 0.000026 +J(0) +M(C:0K, Fs:1, WS:4K # 0K, PF:0K # 0K, P:0K)
[15] 0.000227 +J(0) +M(C:0K, Fs:65, WS:260K # 0K, PF:64K # 0K, P:64K)
[16] 0.044753 -0.000843 (3) WT +J(0) +M(C:0K, Fs:4, WS:8K # 0K, PF:0K # 0K, P:0K).","RBSOn = 0
",,,,,,,,,,,,,,,,,,,,,,,,,,,,,,,,,,,,,,,,,,,,,,,,,,,,,,,,,,,
2026-08-16T15:30:01.381855Z,"{'#attributes': {'Qualifiers': 0}, '#text': 326}",DC01.darkzero.htb,ESENT,Application,3039,4,,,,,,,,,,,,,,,,,,certsrv.exe,"3004,D,50,0",,1,C:\WINDOWS\system32\CertLog\darkzero-DC01-CA.edb,0,"
[1] 0.000008 +J(0) +M(C:0K, Fs:1, WS:4K # 0K, PF:0K # 0K, P:0K)
[2] 0.000943 -0.000527 (1) WT +J(0) +M(C:0K, Fs:19, WS:12K # 0K, PF:4K # 0K, P:4K)
[3] 0.260961 -0.015098 (6) WT +J(CM:0, PgRf:0, Rd:0/0, Dy:0/0, Lg:3480/2) +M(C:0K, Fs:34, WS:124K # 0K, PF:128K # 0K, P:128K)
[4] 0.001271 +J(0) +M(C:0K, Fs:1, WS:4K # 0K, PF:0K # 0K, P:0K)
[5] -
[6] 0.003989 -0.003580 (2) CM -0.003489 (2) WT +J(CM:2, PgRf:2, Rd:0/2, Dy:0/0, Lg:0/0) +M(C:0K, Fs:45, WS:180K # 0K, PF:136K # 0K, P:136K)
[7] 0.000006 +J(0)
[8] 0.001368 -0.000915 (1) CM -0.000908 (1) WT +J(CM:1, PgRf:1, Rd:14/0, Dy:0/0, Lg:0/0) +M(C:0K, Fs:37, WS:148K # 0K, PF:196K # 0K, P:196K)
[9] -
[10] -
[11] -
[12] 0.000025 +J(CM:0, PgRf:0, Rd:0/0, Dy:0/0, Lg:54/1) +M(C:0K, Fs:2, WS:8K # 0K, PF:20K # 0K, P:20K)
[13] 0.001983 -0.001792 (2) CM -0.001722 (2) WT +J(CM:2, PgRf:23, Rd:0/2, Dy:0/0, Lg:0/0) +M(C:0K, Fs:22, WS:88K # 52K, PF:4K # 0K, P:4K)
[14] 0.003189 -0.003034 (1) CM -0.002993 (1) WT +J(CM:1, PgRf:40, Rd:0/1, Dy:0/0, Lg:0/0) +M(C:0K, Fs:4, WS:16K # 16K, PF:64K # 0K, P:64K)
[15] 0.000015 +J(CM:0, PgRf:1, Rd:0/0, Dy:0/0, Lg:0/0)
[16] 0.000020 +J(CM:0, PgRf:1, Rd:0/0, Dy:0/0, Lg:0/0) +M(C:0K, Fs:1, WS:4K # 4K, PF:0K # 0K, P:0K)
[17] 0.000122 +J(CM:0, PgRf:42, Rd:0/0, Dy:0/0, Lg:0/0) +M(C:0K, Fs:8, WS:32K # 32K, PF:0K # 0K, P:0K)
[18] 0.000004 +J(0)
[19] 0.000002 +J(0)
[20] 0.000035 +J(CM:0, PgRf:3, Rd:0/0, Dy:0/0, Lg:0/0) +M(C:0K, Fs:4, WS:16K # 16K, PF:0K # 0K, P:0K).",0 0,"lgposAttach = 00000003:005D:0268,
dbv = 1568.300.620 (9620)",,,,,,,,,,,,,,,,,,,,,,,,,,,,,,,,,,,,,,,,,,,,,,,,,,,,,,,,,
2026-08-16T15:30:01.450764Z,"{'#attributes': {'Qualifiers': 0}, '#text': 325}",DC01.darkzero.htb,ESENT,Application,3040,4,,,,,,,,,,,,,,,,,,DFSRs,"3060,D,35,0",\\.\C:\System Volume Information\DFSR\database_3A38_4550_9481_4B14\dfsr.db: ,1,\\.\C:\System Volume Information\DFSR\database_3A38_4550_9481_4B14\dfsr.db,0,"
[1] 0.000416 +J(0) +M(C:0K, Fs:2, WS:8K # 0K, PF:8K # 0K, P:8K)
[2] 0.004194 -0.001995 (1) WT +J(CM:0, PgRf:0, Rd:0/0, Dy:0/0, Lg:3480/2) +M(C:0K, Fs:2, WS:8K # 0K, PF:0K # 0K, P:0K)
[3] 0.011623 -0.000012 (3) WT +J(0) +M(C:0K, Fs:13, WS:44K # 0K, PF:20K # 0K, P:20K)
[4] 0.002806 +J(0) +M(C:0K, Fs:2, WS:8K # 0K, PF:0K # 0K, P:0K)
[5] 0.008456 -0.005555 (3) WT +J(CM:0, PgRf:3, Rd:0/0, Dy:3/6, Lg:122/4) +M(C:0K, Fs:61, WS:236K # 0K, PF:232K # 0K, P:232K)
[6] 0.006807 -0.004714 (2) WT +J(CM:0, PgRf:215, Rd:0/0, Dy:12/420, Lg:24454/461) +M(C:0K, Fs:83, WS:328K # 0K, PF:228K # 0K, P:228K)
[7] 0.005716 -0.004384 (3) WT +J(CM:0, PgRf:0, Rd:0/0, Dy:0/0, Lg:4096/3) +M(C:0K, Fs:5, WS:12K # 0K, PF:0K # 0K, P:0K)
[8] 0.000005 +J(0)
[9] 0.010888 -0.008967 (3) WT +J(0) +M(C:-52K, Fs:7, WS:-32K # 0K, PF:-48K # 0K, P:-48K)
[10] 0.016578 -0.006179 (7) WT +J(CM:0, PgRf:385, Rd:0/0, Dy:7/109, Lg:20701/156) +M(C:12K, Fs:59, WS:228K # 0K, PF:104K # 0K, P:104K)
[11] 0.000005 +J(0).",0 0,"lgposCreate = 00000001:0001:0268,
dbv = 1568.300.620 (9620)",,,,,,,,,,,,,,,,,,,,,,,,,,,,,,,,,,,,,,,,,,,,,,,,,,,,,,,,,
2026-08-16T15:30:03.067111Z,"{'#attributes': {'Qualifiers': 0}, '#text': 1000}",DC01.darkzero.htb,VGAuth,Application,3041,0,,,,,,,,,,,,,,,,,vmtoolsd: Username and password successfully validated for 'Administrator',,,,,,,,,,,,,,,,,,,,,,,,,,,,,,,,,,,,,,,,,,,,,,,,,,,,,,,,,,,,,,,,,,
2026-08-16T15:30:04.453095Z,"{'#attributes': {'Qualifiers': 0}, '#text': 1000}",DC01.darkzero.htb,VGAuth,Application,3042,0,,,,,,,,,,,,,,,,,vmtoolsd: Username and password successfully validated for 'Administrator',,,,,,,,,,,,,,,,,,,,,,,,,,,,,,,,,,,,,,,,,,,,,,,,,,,,,,,,,,,,,,,,,,
2026-08-16T15:30:03.049843Z,1023,DC01.darkzero.htb,Microsoft-Windows-Perflib,Application,3043,2,,,,,,,,,,,,,,,,,,,,,,,,,,,,,,,,,,,,,C:\Windows\System32\perfts.dll,,,,,,,,,,,,,,,,,,,,,,,,,,,,,126,,,,,,,,,,,,,,,,,
2026-08-16T15:30:06.043387Z,"{'#attributes': {'Qualifiers': 0}, '#text': 1000}",DC01.darkzero.htb,VGAuth,Application,3044,0,,,,,,,,,,,,,,,,,vmtoolsd: Username and password successfully validated for 'Administrator',,,,,,,,,,,,,,,,,,,,,,,,,,,,,,,,,,,,,,,,,,,,,,,,,,,,,,,,,,,,,,,,,,
2026-08-16T15:30:12.613637Z,"{'#attributes': {'Qualifiers': 0}, '#text': 1000}",DC01.darkzero.htb,VGAuth,Application,3045,0,,,,,,,,,,,,,,,,,vmtoolsd: Username and password successfully validated for 'Administrator',,,,,,,,,,,,,,,,,,,,,,,,,,,,,,,,,,,,,,,,,,,,,,,,,,,,,,,,,,,,,,,,,,
2026-08-16T15:30:14.805109Z,"{'#attributes': {'Qualifiers': 0}, '#text': 1000}",DC01.darkzero.htb,VGAuth,Application,3046,0,,,,,,,,,,,,,,,,,vmtoolsd: Username and password successfully validated for 'Administrator',,,,,,,,,,,,,,,,,,,,,,,,,,,,,,,,,,,,,,,,,,,,,,,,,,,,,,,,,,,,,,,,,,
2026-08-16T15:30:14.019942Z,26,DC01.darkzero.htb,Microsoft-Windows-CertificationAuthority,Application,3047,4,,,,,,,,,,darkzero-DC01-CA,,,,,DC01.darkzero.htb,  DC=,,,,,,,,,,,,,,,,,,,,,,,,,,,,,,,,,,,,,,,,,,,,,,,,,,,MSG_I_SERVER_STARTED,,,,,,,,,,,,,,,,
2026-08-16T15:30:15.032507Z,"{'#attributes': {'Qualifiers': 0}, '#text': 1000}",DC01.darkzero.htb,VGAuth,Application,3048,0,,,,,,,,,,,,,,,,,vmtoolsd: Username and password successfully validated for 'Administrator',,,,,,,,,,,,,,,,,,,,,,,,,,,,,,,,,,,,,,,,,,,,,,,,,,,,,,,,,,,,,,,,,,
2026-08-16T15:30:15.188518Z,"{'#attributes': {'Qualifiers': 0}, '#text': 1000}",DC01.darkzero.htb,VGAuth,Application,3049,0,,,,,,,,,,,,,,,,,vmtoolsd: Username and password successfully validated for 'Administrator',,,,,,,,,,,,,,,,,,,,,,,,,,,,,,,,,,,,,,,,,,,,,,,,,,,,,,,,,,,,,,,,,,
2026-08-16T15:30:15.445675Z,"{'#attributes': {'Qualifiers': 0}, '#text': 1000}",DC01.darkzero.htb,VGAuth,Application,3050,0,,,,,,,,,,,,,,,,,vmtoolsd: Username and password successfully validated for 'Administrator',,,,,,,,,,,,,,,,,,,,,,,,,,,,,,,,,,,,,,,,,,,,,,,,,,,,,,,,,,,,,,,,,,
2026-08-16T15:30:15.766215Z,"{'#attributes': {'Qualifiers': 0}, '#text': 1000}",DC01.darkzero.htb,VGAuth,Application,3051,0,,,,,,,,,,,,,,,,,vmtoolsd: Username and password successfully validated for 'Administrator',,,,,,,,,,,,,,,,,,,,,,,,,,,,,,,,,,,,,,,,,,,,,,,,,,,,,,,,,,,,,,,,,,
2026-08-16T15:30:16.116894Z,"{'#attributes': {'Qualifiers': 0}, '#text': 1000}",DC01.darkzero.htb,VGAuth,Application,3052,0,,,,,,,,,,,,,,,,,vmtoolsd: Username and password successfully validated for 'Administrator',,,,,,,,,,,,,,,,,,,,,,,,,,,,,,,,,,,,,,,,,,,,,,,,,,,,,,,,,,,,,,,,,,
2026-08-16T15:30:17.442666Z,"{'#attributes': {'Qualifiers': 0}, '#text': 1000}",DC01.darkzero.htb,VGAuth,Application,3053,0,,,,,,,,,,,,,,,,,vmtoolsd: Username and password successfully validated for 'Administrator',,,,,,,,,,,,,,,,,,,,,,,,,,,,,,,,,,,,,,,,,,,,,,,,,,,,,,,,,,,,,,,,,,
2026-08-16T15:30:19.378407Z,"{'#attributes': {'Qualifiers': 0}, '#text': 1000}",DC01.darkzero.htb,VGAuth,Application,3054,0,,,,,,,,,,,,,,,,,vmtoolsd: Username and password successfully validated for 'Administrator',,,,,,,,,,,,,,,,,,,,,,,,,,,,,,,,,,,,,,,,,,,,,,,,,,,,,,,,,,,,,,,,,,
2026-08-16T15:30:20.948612Z,"{'#attributes': {'Qualifiers': 0}, '#text': 1000}",DC01.darkzero.htb,VGAuth,Application,3055,0,,,,,,,,,,,,,,,,,vmtoolsd: Username and password successfully validated for 'Administrator',,,,,,,,,,,,,,,,,,,,,,,,,,,,,,,,,,,,,,,,,,,,,,,,,,,,,,,,,,,,,,,,,,
2026-08-16T15:30:22.462483Z,"{'#attributes': {'Qualifiers': 0}, '#text': 1000}",DC01.darkzero.htb,VGAuth,Application,3056,0,,,,,,,,,,,,,,,,,vmtoolsd: Username and password successfully validated for 'Administrator',,,,,,,,,,,,,,,,,,,,,,,,,,,,,,,,,,,,,,,,,,,,,,,,,,,,,,,,,,,,,,,,,,
2026-08-16T15:30:23.927335Z,"{'#attributes': {'Qualifiers': 0}, '#text': 1000}",DC01.darkzero.htb,VGAuth,Application,3057,0,,,,,,,,,,,,,,,,,vmtoolsd: Username and password successfully validated for 'Administrator',,,,,,,,,,,,,,,,,,,,,,,,,,,,,,,,,,,,,,,,,,,,,,,,,,,,,,,,,,,,,,,,,,
2026-08-16T15:30:25.197674Z,"{'#attributes': {'Qualifiers': 0}, '#text': 1000}",DC01.darkzero.htb,VGAuth,Application,3058,0,,,,,,,,,,,,,,,,,vmtoolsd: Username and password successfully validated for 'Administrator',,,,,,,,,,,,,,,,,,,,,,,,,,,,,,,,,,,,,,,,,,,,,,,,,,,,,,,,,,,,,,,,,,
2026-08-16T15:30:26.276538Z,"{'#attributes': {'Qualifiers': 0}, '#text': 1000}",DC01.darkzero.htb,VGAuth,Application,3059,0,,,,,,,,,,,,,,,,,vmtoolsd: Username and password successfully validated for 'Administrator',,,,,,,,,,,,,,,,,,,,,,,,,,,,,,,,,,,,,,,,,,,,,,,,,,,,,,,,,,,,,,,,,,
2026-08-16T15:30:27.555176Z,"{'#attributes': {'Qualifiers': 0}, '#text': 1000}",DC01.darkzero.htb,VGAuth,Application,3060,0,,,,,,,,,,,,,,,,,vmtoolsd: Username and password successfully validated for 'Administrator',,,,,,,,,,,,,,,,,,,,,,,,,,,,,,,,,,,,,,,,,,,,,,,,,,,,,,,,,,,,,,,,,,
2026-08-16T15:30:28.897090Z,"{'#attributes': {'Qualifiers': 0}, '#text': 1000}",DC01.darkzero.htb,VGAuth,Application,3061,0,,,,,,,,,,,,,,,,,vmtoolsd: Username and password successfully validated for 'Administrator',,,,,,,,,,,,,,,,,,,,,,,,,,,,,,,,,,,,,,,,,,,,,,,,,,,,,,,,,,,,,,,,,,
2026-08-16T15:30:30.086873Z,"{'#attributes': {'Qualifiers': 0}, '#text': 1000}",DC01.darkzero.htb,VGAuth,Application,3062,0,,,,,,,,,,,,,,,,,vmtoolsd: Username and password successfully validated for 'Administrator',,,,,,,,,,,,,,,,,,,,,,,,,,,,,,,,,,,,,,,,,,,,,,,,,,,,,,,,,,,,,,,,,,
2026-08-16T15:30:31.318801Z,"{'#attributes': {'Qualifiers': 0}, '#text': 1000}",DC01.darkzero.htb,VGAuth,Application,3063,0,,,,,,,,,,,,,,,,,vmtoolsd: Username and password successfully validated for 'Administrator',,,,,,,,,,,,,,,,,,,,,,,,,,,,,,,,,,,,,,,,,,,,,,,,,,,,,,,,,,,,,,,,,,
2026-08-16T15:30:32.654249Z,"{'#attributes': {'Qualifiers': 0}, '#text': 1000}",DC01.darkzero.htb,VGAuth,Application,3064,0,,,,,,,,,,,,,,,,,vmtoolsd: Username and password successfully validated for 'Administrator',,,,,,,,,,,,,,,,,,,,,,,,,,,,,,,,,,,,,,,,,,,,,,,,,,,,,,,,,,,,,,,,,,
2026-08-16T15:30:35.153168Z,"{'#attributes': {'Qualifiers': 0}, '#text': 1000}",DC01.darkzero.htb,VGAuth,Application,3065,0,,,,,,,,,,,,,,,,,vmtoolsd: Username and password successfully validated for 'Administrator',,,,,,,,,,,,,,,,,,,,,,,,,,,,,,,,,,,,,,,,,,,,,,,,,,,,,,,,,,,,,,,,,,
2026-08-16T15:30:37.834410Z,"{'#attributes': {'Qualifiers': 0}, '#text': 1000}",DC01.darkzero.htb,VGAuth,Application,3066,0,,,,,,,,,,,,,,,,,vmtoolsd: Username and password successfully validated for 'Administrator',,,,,,,,,,,,,,,,,,,,,,,,,,,,,,,,,,,,,,,,,,,,,,,,,,,,,,,,,,,,,,,,,,
2026-08-16T15:30:38.053329Z,"{'#attributes': {'Qualifiers': 0}, '#text': 1000}",DC01.darkzero.htb,VGAuth,Application,3067,0,,,,,,,,,,,,,,,,,vmtoolsd: Username and password successfully validated for 'Administrator',,,,,,,,,,,,,,,,,,,,,,,,,,,,,,,,,,,,,,,,,,,,,,,,,,,,,,,,,,,,,,,,,,
2026-08-16T15:30:38.326701Z,"{'#attributes': {'Qualifiers': 0}, '#text': 1000}",DC01.darkzero.htb,VGAuth,Application,3068,0,,,,,,,,,,,,,,,,,vmtoolsd: Username and password successfully validated for 'Administrator',,,,,,,,,,,,,,,,,,,,,,,,,,,,,,,,,,,,,,,,,,,,,,,,,,,,,,,,,,,,,,,,,,
2026-08-16T15:30:38.524659Z,"{'#attributes': {'Qualifiers': 0}, '#text': 1000}",DC01.darkzero.htb,VGAuth,Application,3069,0,,,,,,,,,,,,,,,,,vmtoolsd: Username and password successfully validated for 'Administrator',,,,,,,,,,,,,,,,,,,,,,,,,,,,,,,,,,,,,,,,,,,,,,,,,,,,,,,,,,,,,,,,,,
2026-08-16T15:30:38.802469Z,"{'#attributes': {'Qualifiers': 0}, '#text': 1000}",DC01.darkzero.htb,VGAuth,Application,3070,0,,,,,,,,,,,,,,,,,vmtoolsd: Username and password successfully validated for 'Administrator',,,,,,,,,,,,,,,,,,,,,,,,,,,,,,,,,,,,,,,,,,,,,,,,,,,,,,,,,,,,,,,,,,
2026-08-16T15:30:39.013228Z,"{'#attributes': {'Qualifiers': 0}, '#text': 1000}",DC01.darkzero.htb,VGAuth,Application,3071,0,,,,,,,,,,,,,,,,,vmtoolsd: Username and password successfully validated for 'Administrator',,,,,,,,,,,,,,,,,,,,,,,,,,,,,,,,,,,,,,,,,,,,,,,,,,,,,,,,,,,,,,,,,,
2026-08-16T15:30:39.765644Z,"{'#attributes': {'Qualifiers': 0}, '#text': 1000}",DC01.darkzero.htb,VGAuth,Application,3072,0,,,,,,,,,,,,,,,,,vmtoolsd: Username and password successfully validated for 'Administrator',,,,,,,,,,,,,,,,,,,,,,,,,,,,,,,,,,,,,,,,,,,,,,,,,,,,,,,,,,,,,,,,,,
2026-08-16T15:30:40.744031Z,"{'#attributes': {'Qualifiers': 0}, '#text': 1000}",DC01.darkzero.htb,VGAuth,Application,3073,0,,,,,,,,,,,,,,,,,vmtoolsd: Username and password successfully validated for 'Administrator',,,,,,,,,,,,,,,,,,,,,,,,,,,,,,,,,,,,,,,,,,,,,,,,,,,,,,,,,,,,,,,,,,
2026-08-16T15:30:40.889126Z,"{'#attributes': {'Qualifiers': 0}, '#text': 1000}",DC01.darkzero.htb,VGAuth,Application,3074,0,,,,,,,,,,,,,,,,,vmtoolsd: Username and password successfully validated for 'Administrator',,,,,,,,,,,,,,,,,,,,,,,,,,,,,,,,,,,,,,,,,,,,,,,,,,,,,,,,,,,,,,,,,,
2026-08-16T15:30:41.184860Z,"{'#attributes': {'Qualifiers': 0}, '#text': 1000}",DC01.darkzero.htb,VGAuth,Application,3075,0,,,,,,,,,,,,,,,,,vmtoolsd: Username and password successfully validated for 'Administrator',,,,,,,,,,,,,,,,,,,,,,,,,,,,,,,,,,,,,,,,,,,,,,,,,,,,,,,,,,,,,,,,,,
2026-08-16T15:30:41.313479Z,"{'#attributes': {'Qualifiers': 0}, '#text': 1000}",DC01.darkzero.htb,VGAuth,Application,3076,0,,,,,,,,,,,,,,,,,vmtoolsd: Username and password successfully validated for 'Administrator',,,,,,,,,,,,,,,,,,,,,,,,,,,,,,,,,,,,,,,,,,,,,,,,,,,,,,,,,,,,,,,,,,
2026-08-16T15:30:41.459083Z,"{'#attributes': {'Qualifiers': 0}, '#text': 1000}",DC01.darkzero.htb,VGAuth,Application,3077,0,,,,,,,,,,,,,,,,,vmtoolsd: Username and password successfully validated for 'Administrator',,,,,,,,,,,,,,,,,,,,,,,,,,,,,,,,,,,,,,,,,,,,,,,,,,,,,,,,,,,,,,,,,,
2026-08-16T15:30:41.710119Z,"{'#attributes': {'Qualifiers': 0}, '#text': 1000}",DC01.darkzero.htb,VGAuth,Application,3078,0,,,,,,,,,,,,,,,,,vmtoolsd: Username and password successfully validated for 'Administrator',,,,,,,,,,,,,,,,,,,,,,,,,,,,,,,,,,,,,,,,,,,,,,,,,,,,,,,,,,,,,,,,,,
2026-08-16T15:30:42.061467Z,"{'#attributes': {'Qualifiers': 0}, '#text': 1000}",DC01.darkzero.htb,VGAuth,Application,3079,0,,,,,,,,,,,,,,,,,vmtoolsd: Username and password successfully validated for 'Administrator',,,,,,,,,,,,,,,,,,,,,,,,,,,,,,,,,,,,,,,,,,,,,,,,,,,,,,,,,,,,,,,,,,
2026-08-16T15:30:43.185086Z,"{'#attributes': {'Qualifiers': 0}, '#text': 1000}",DC01.darkzero.htb,VGAuth,Application,3080,0,,,,,,,,,,,,,,,,,vmtoolsd: Username and password successfully validated for 'Administrator',,,,,,,,,,,,,,,,,,,,,,,,,,,,,,,,,,,,,,,,,,,,,,,,,,,,,,,,,,,,,,,,,,
2026-08-16T15:31:35.702668Z,"{'#attributes': {'Qualifiers': 16384}, '#text': 900}",DC01.darkzero.htb,Microsoft-Windows-Security-SPP,Application,3081,4,,,,,,,,,,,,,,,,,<explicit>,,,,,,,,,,,,,,,,,,,,,,,,,,,,,,,,,,,,,,,,,,,,,,,,,,,,,,,,,,,,,,,,,,
2026-08-16T15:31:40.416032Z,"{'#attributes': {'Qualifiers': 49152}, '#text': 16394}",DC01.darkzero.htb,Microsoft-Windows-Security-SPP,Application,3082,4,,,,,,,,,,,,,,,,,,,,,,,,,,,,,,,,,,,,,,,,,,,,,,,,,,,,,,,,,,,,,,,,,,,,,,,,,,,,,,,,,,,
2026-08-16T15:31:47.064790Z,"{'#attributes': {'Qualifiers': 16384}, '#text': 1066}",DC01.darkzero.htb,Microsoft-Windows-Security-SPP,Application,3083,4,,,,,,,,,,,,,,,,,"C:\WINDOWS\system32\sppwinob.dll, msft:spp/windowsfunctionality/agent/7.0, 0x00000000, 0x00000000
C:\WINDOWS\system32\sppobjs.dll, msft:rm/algorithm/inherited/1.0, 0x00000000, 0x00000000
C:\WINDOWS\system32\sppobjs.dll, msft:rm/algorithm/phone/1.0, 0x00000000, 0x00000000
C:\WINDOWS\system32\sppobjs.dll, msft:rm/algorithm/pkey/detect, 0x00000000, 0x00000000
C:\WINDOWS\system32\sppobjs.dll, msft:spp/ActionScheduler/1.0, 0x00000000, 0x00000000
C:\WINDOWS\system32\sppobjs.dll, msft:spp/TaskScheduler/1.0, 0x00000000, 0x00000000
C:\WINDOWS\system32\sppobjs.dll, msft:spp/statecollector/pkey, 0x00000000, 0x00000000
C:\WINDOWS\system32\sppobjs.dll, msft:spp/volume/services/kms/1.0, 0x00000000, 0x00000000
C:\WINDOWS\system32\sppobjs.dll, msft:spp/volume/services/kms/activationinfo/1.0, 0x00000000, 0x00000000
",,,,,,,,,,,,,,,,,,,,,,,,,,,,,,,,,,,,,,,,,,,,,,,,,,,,,,,,,,,,,,,,,,
2026-08-16T15:31:47.081487Z,"{'#attributes': {'Qualifiers': 16384}, '#text': 16389}",DC01.darkzero.htb,Microsoft-Windows-Security-SPP,Application,3084,4,,,,,,,,,,,,,,,,,0xC004D30B,,,,,,,,,,,,,,,,,,,,,,,,,,,,,,,,,,,,,,,,,,,,,,,,,,,,,,,,,,,,,,,,,,
2026-08-16T15:31:47.764835Z,"{'#attributes': {'Qualifiers': 16384}, '#text': 1040}",DC01.darkzero.htb,Microsoft-Windows-Security-SPP,Application,3085,4,,,,,,5C0000000A002E0000000000030001000100020000000000010001000000A27682510C5CE6B7DFE0DE24FC142F9367B04D15A29A0D0001000101000201000301000401000500000601000700000801000901000A01000B00000C01002E0000000000030001000100020000000000010001000000A2765C390C5CE6B7DFE0DE24FC142F9367B073E93C83,,,,,,,,,,,,55c92734-d682-4d71-983e-d6ec3f16059f,10d661ba-f2e3-445c-8e92-200e1e05e9e1,,,,,,,,,,,,,,,,,,,,,,,,,,,,,,,,,,,,,,,,,,,,,,,,,,,,,,,,,,,,,,,,
2026-08-16T15:31:50.752365Z,"{'#attributes': {'Qualifiers': 16384}, '#text': 1003}",DC01.darkzero.htb,Microsoft-Windows-Security-SPP,Application,3086,4,,,,,,,,,,,,,,,,,,55c92734-d682-4d71-983e-d6ec3f16059f,"
1: 0b646350-5349-4013-b1be-4100d1a7fa38, 1, 0 [(0 [0xC004F014, 0, 0], [(?)(?)(?)(?)(?)(?)(?)(?)])(1 )(2 )(3 )]
2: 10d661ba-f2e3-445c-8e92-200e1e05e9e1, 1, 1 [(0 [0x00000000, 1, 0], [(?)( 1 0x00000000)(?)( 2 0x00000000 0 0 msft:rm/algorithm/hwid/4.0 0x00000000 0)(?)(?)( 10 0x00000000 msft:rm/algorithm/flags/1.0)(?)])(1 )(2 )(3 )]
3: 2033816d-9d16-44bb-8f08-412ff45f38bf, 1, 0 [(0 [0xC004F014, 0, 0], [(?)(?)(?)(?)(?)(?)(?)(?)])(1 )(2 )(3 )]
4: 653ae55c-1d53-427b-be51-15bc1841fca7, 1, 0 [(0 [0xC004F014, 0, 0], [(?)(?)(?)(?)(?)(?)(?)(?)])(1 )(2 )(3 )]
5: 66c20db7-ff1e-4f87-a915-4e03715da35f, 1, 0 [(0 [0xC004F014, 0, 0], [(?)(?)(?)(?)(?)(?)(?)(?)])(1 )(2 )(3 )]
6: 6bad0243-1c35-46b2-b8e6-7a853e37413f, 1, 0 [(0 [0xC004F014, 0, 0], [(?)(?)(?)(?)(?)(?)(?)(?)])(1 )(2 )(3 )]
7: 82fcf64d-f9dd-4411-9c79-f2eed16d4eb8, 1, 0 [(0 [0xC004F014, 0, 0], [(?)(?)(?)(?)(?)(?)(?)(?)])(1 )(2 )(3 )]
8: 84e331f6-4279-48c4-ab10-b75139181351, 1, 0 [(0 [0xC004F014, 0, 0], [(?)(?)(?)(?)(?)(?)(?)(?)])(1 )(2 )(3 )]
9: 9e232465-2ade-4a33-a277-702010a84adb, 1, 0 [(0 [0xC004F014, 0, 0], [(?)(?)(?)(?)(?)(?)(?)(?)])(1 )(2 )(3 )]
10: a1da5f8f-7553-42c5-b0b4-6f27c4d74240, 1, 0 [(0 [0xC004F014, 0, 0], [(?)(?)(?)(?)(?)(?)(?)(?)])(1 )(2 )(3 )]
11: a2004bef-6ff1-48f9-8328-41ce1cd5ee79, 1, 0 [(0 [0xC004F014, 0, 0], [(?)(?)(?)(?)(?)(?)(?)(?)])(1 )(2 )(3 )]
12: c052f164-cdf6-409a-a0cb-853ba0f0f55a, 1, 0 [(0 [0xC004F014, 0, 0], [(?)(?)(?)(?)(?)(?)(?)(?)])(1 )(2 )(3 )]
13: e5b79126-7250-4d27-ad42-0eeb23db5771, 1, 0 [(0 [0xC004F014, 0, 0], [(?)(?)(?)(?)(?)(?)(?)(?)])(1 )(2 )(3 )]
14: f15a5790-90b7-4674-8fd4-e187ba426ad2, 1, 0 [(0 [0xC004F014, 0, 0], [(?)(?)(?)(?)(?)(?)(?)(?)])(1 )(2 )(3 )]

",,,,,,,,,,,,,,,,,,,,,,,,,,,,,,,,,,,,,,,,,,,,,,,,,,,,,,,,,,,,,,,,
2026-08-16T15:31:50.754802Z,"{'#attributes': {'Qualifiers': 49152}, '#text': 20492}",DC01.darkzero.htb,Microsoft-Windows-Security-SPP,Application,3087,4,,,,,,,,,,,,,,,,,0xC004D30B,,,,,,,,,,,,,,,,,,,,,,,,,,,,,,,,,,,,,,,,,,,,,,,,,,,,,,,,,,,,,,,,,,
2026-08-16T15:31:50.862743Z,"{'#attributes': {'Qualifiers': 49152}, '#text': 16398}",DC01.darkzero.htb,Microsoft-Windows-Security-SPP,Application,3088,2,,,,,,,,,,,,,,,,,,0x80070490,No grace timer found,,,,,,,,,,,,,,,,,,,,,,,,,,,,,,,,,,,,,,,,,,,,,,,,,,,,,,,,,,,,,,,,
2026-08-16T15:31:50.881449Z,"{'#attributes': {'Qualifiers': 16384}, '#text': 902}",DC01.darkzero.htb,Microsoft-Windows-Security-SPP,Application,3089,0,,,,,,,,,,,,,,,,,10.0.26100.33158,,,,,,,,,,,,,,,,,,,,,,,,,,,,,,,,,,,,,,,,,,,,,,,,,,,,,,,,,,,,,,,,,,
2026-08-16T15:32:21.954690Z,"{'#attributes': {'Qualifiers': 16384}, '#text': 16384}",DC01.darkzero.htb,Microsoft-Windows-Security-SPP,Application,3090,4,,,,,,,,,,,,,,,,,,2126-07-23T15:32:21Z,RulesEngine,,,,,,,,,,,,,,,,,,,,,,,,,,,,,,,,,,,,,,,,,,,,,,,,,,,,,,,,,,,,,,,,
2026-08-16T15:32:22.703333Z,"{'#attributes': {'Qualifiers': 16384}, '#text': 903}",DC01.darkzero.htb,Microsoft-Windows-Security-SPP,Application,3091,0,,,,,,,,,,,,,,,,,,,,,,,,,,,,,,,,,,,,,,,,,,,,,,,,,,,,,,,,,,,,,,,,,,,,,,,,,,,,,,,,,,,
2026-08-16T15:32:42.792592Z,"{'#attributes': {'Qualifiers': 0}, '#text': 8224}",DC01.darkzero.htb,VSS,Application,3092,4,,,,,,2D20436F64653A2020434F525356434330303030303737322D2043616C6C3A2020434F525356434330303030303735342D205049443A202030303030343830302D205449443A202030303030343835322D20434D443A2020433A5C57494E444F57535C73797374656D33325C76737376632E6578652020202D20557365723A204E616D653A204E5420415554484F524954595C53595354454D2C205349443A532D312D352D313820,,,,,,,,,,,,,,,,,,,,,,,,,,,,,,,,,,,,,,,,,,,,,,,,,,,,,,,,,,,,,,,,,,,,,,,,,,,,,
2026-08-16T15:33:42.806491Z,"{'#attributes': {'Qualifiers': 49152}, '#text': 16394}",DC01.darkzero.htb,Microsoft-Windows-Security-SPP,Application,3093,4,,,,,,,,,,,,,,,,,,,,,,,,,,,,,,,,,,,,,,,,,,,,,,,,,,,,,,,,,,,,,,,,,,,,,,,,,,,,,,,,,,,
2026-08-16T15:33:43.399081Z,"{'#attributes': {'Qualifiers': 16384}, '#text': 16389}",DC01.darkzero.htb,Microsoft-Windows-Security-SPP,Application,3094,4,,,,,,,,,,,,,,,,,0xC004D30B,,,,,,,,,,,,,,,,,,,,,,,,,,,,,,,,,,,,,,,,,,,,,,,,,,,,,,,,,,,,,,,,,,
2026-08-16T15:34:14.545646Z,"{'#attributes': {'Qualifiers': 16384}, '#text': 16384}",DC01.darkzero.htb,Microsoft-Windows-Security-SPP,Application,3095,4,,,,,,,,,,,,,,,,,,2126-07-23T15:34:14Z,RulesEngine,,,,,,,,,,,,,,,,,,,,,,,,,,,,,,,,,,,,,,,,,,,,,,,,,,,,,,,,,,,,,,,,
2026-08-16T15:35:26.419959Z,"{'#attributes': {'Qualifiers': 16384}, '#text': 1704}",DC01.darkzero.htb,SceCli,Application,3096,4,,,,,,,,,,,,,,,,,,,,,,,,,,,,,,,,,,,,,,,,,,,,,,,,,,,,,,,,,,,,,,,,,,,,,,,,,,,,,,,,,,,
