2026-04-06T12:04:50.131006Z,"{'#attributes': {'Qualifiers': 16384}, '#text': 4202}",DC01.darkzero.htb,Microsoft-Windows-MSDTC 2,Application,1014,4,,,,,,,,,,,,,,,,,,,,,,,,,,,,,,,,,,,,,,,,,,,,,,,,,,,,,,,,,,,,,,,,,,,,,,,,0,0,0,1,0,0,0,0,0,1,Mutual Authentication Required,NT AUTHORITY\NetworkService
2026-04-06T12:04:51.438710Z,"{'#attributes': {'Qualifiers': 0}, '#text': 271}",DC01.darkzero.htb,VMUpgradeHelper,Application,1015,4,,,,,,,,,,,,,,,,,,,,,,,,,,,,,,,,,,,,,,,,,,,,,,,,,,,,,,,,,,,,,,,,,,,,,,,,,,,,,,,,,,,
2026-04-06T12:05:12.867882Z,"{'#attributes': {'Qualifiers': 0}, '#text': 102}",DC01.darkzero.htb,ESENT,Application,1016,4,,,,,,,,,,,,,,,,,,certsrv.exe,"2200,P,98,0",,0,10,00,26100,0000,,,,,,,,,,,,,,,,,,,,,,,,,,,,,,,,,,,,,,,,,,,,,,,,,,,,,,,,,,
2026-04-06T12:05:12.895854Z,"{'#attributes': {'Qualifiers': 0}, '#text': 105}",DC01.darkzero.htb,ESENT,Application,1017,4,,,,,,,,,,,,,,,,,,certsrv.exe,"2200,D,0,0",,0,0.031,"
[1] 0.001190 +J(0) +M(C:0K, Fs:129, WS:500K # 500K, PF:2504K # 2228K, P:2504K)
[2] 0.000911 +J(0) +M(C:3200K, Fs:232, WS:916K # 916K, PF:4168K # 4168K, P:4168K)
[3] 0.000021 +J(0) +M(C:0K, Fs:1, WS:4K # 4K, PF:64K # 64K, P:64K)
[4] 0.000201 +J(0) +M(C:0K, Fs:27, WS:104K # 104K, PF:500K # 500K, P:500K)
[5] 0.000754 +J(0) +M(C:0K, Fs:11, WS:44K # 44K, PF:20K # 20K, P:20K)
[6] 0.006606 +J(0) +M(C:0K, Fs:33, WS:132K # 132K, PF:12K # 12K, P:12K)
[7] 0.010916 -0.009713 (3) WT +J(0) +M(C:0K, Fs:281, WS:1120K # 1120K, PF:1028K # 1028K, P:1028K)
[8] -
[9] -
[10] -
[11] -
[12] -
[13] 0.008620 -0.006343 (4) WT +J(CM:0, PgRf:0, Rd:0/0, Dy:0/0, Lg:616/1) +M(C:0K, Fs:14, WS:-980K # 24K, PF:-1024K # 12K, P:-1024K)
[14] 0.000117 +J(0) +M(C:0K, Fs:3, WS:12K # 0K, PF:20K # 0K, P:20K)
[15] 0.000318 +J(0) +M(C:0K, Fs:101, WS:404K # 0K, PF:64K # 0K, P:64K)
[16] 0.001749 -0.001293 (1) WT +J(0) +M(C:0K, Fs:2, WS:0K # 0K, PF:0K # 0K, P:0K).","RBSOn = 0
",,,,,,,,,,,,,,,,,,,,,,,,,,,,,,,,,,,,,,,,,,,,,,,,,,,,,,,,,,,
2026-04-06T12:05:12.903860Z,"{'#attributes': {'Qualifiers': 0}, '#text': 102}",DC01.darkzero.htb,ESENT,Application,1018,4,,,,,,,,,,,,,,,,,,DFSRs,"3084,P,98,0",\\.\C:\System Volume Information\DFSR\database_5284_685_8406_6C33\dfsr.db: ,0,10,00,26100,0000,,,,,,,,,,,,,,,,,,,,,,,,,,,,,,,,,,,,,,,,,,,,,,,,,,,,,,,,,,
2026-04-06T12:05:13.115403Z,"{'#attributes': {'Qualifiers': 0}, '#text': 326}",DC01.darkzero.htb,ESENT,Application,1019,4,,,,,,,,,,,,,,,,,,certsrv.exe,"2200,D,50,0",,1,C:\WINDOWS\system32\CertLog\darkzero-DC01-CA.edb,0,"
[1] 0.000004 +J(0) +M(C:0K, Fs:1, WS:4K # 0K, PF:0K # 0K, P:0K)
[2] 0.001688 -0.001091 (1) WT +J(0) +M(C:0K, Fs:21, WS:20K # 0K, PF:4K # 0K, P:4K)
[3] 0.211698 -0.196200 (6) WT +J(CM:0, PgRf:0, Rd:0/0, Dy:0/0, Lg:3480/2) +M(C:0K, Fs:37, WS:136K # 0K, PF:128K # 0K, P:128K)
[4] 0.000509 +J(0) +M(C:0K, Fs:1, WS:4K # 0K, PF:0K # 0K, P:0K)
[5] -
[6] 0.001032 -0.000837 (2) CM -0.000749 (2) WT +J(CM:2, PgRf:2, Rd:0/2, Dy:0/0, Lg:0/0) +M(C:0K, Fs:43, WS:172K # 0K, PF:132K # 0K, P:132K)
[7] 0.000003 +J(0)
[8] 0.000943 -0.000689 (1) CM -0.000670 (1) WT +J(CM:1, PgRf:1, Rd:14/0, Dy:0/0, Lg:0/0) +M(C:0K, Fs:37, WS:148K # 0K, PF:196K # 0K, P:196K)
[9] -
[10] -
[11] -
[12] 0.000018 +J(CM:0, PgRf:0, Rd:0/0, Dy:0/0, Lg:54/1) +M(C:0K, Fs:2, WS:8K # 0K, PF:20K # 0K, P:20K)
[13] 0.001028 -0.000843 (2) CM -0.000720 (2) WT +J(CM:2, PgRf:23, Rd:0/2, Dy:0/0, Lg:0/0) +M(C:0K, Fs:21, WS:84K # 72K, PF:4K # 0K, P:4K)
[14] 0.001686 -0.001462 (1) CM -0.001417 (1) WT +J(CM:1, PgRf:40, Rd:0/1, Dy:0/0, Lg:0/0) +M(C:0K, Fs:5, WS:20K # 20K, PF:64K # 0K, P:64K)
[15] 0.000010 +J(CM:0, PgRf:1, Rd:0/0, Dy:0/0, Lg:0/0)
[16] 0.000012 +J(CM:0, PgRf:1, Rd:0/0, Dy:0/0, Lg:0/0) +M(C:0K, Fs:1, WS:4K # 4K, PF:0K # 0K, P:0K)
[17] 0.000067 +J(CM:0, PgRf:42, Rd:0/0, Dy:0/0, Lg:0/0) +M(C:0K, Fs:6, WS:24K # 24K, PF:0K # 0K, P:0K)
[18] 0.000001 +J(0)
[19] 0.0 +J(0)
[20] 0.000030 +J(CM:0, PgRf:3, Rd:0/0, Dy:0/0, Lg:0/0) +M(C:0K, Fs:3, WS:12K # 12K, PF:0K # 0K, P:0K).",0 0,"lgposAttach = 00000001:00B5:0268,
dbv = 1568.300.620 (9620)",,,,,,,,,,,,,,,,,,,,,,,,,,,,,,,,,,,,,,,,,,,,,,,,,,,,,,,,,
2026-04-06T12:05:13.228147Z,"{'#attributes': {'Qualifiers': 0}, '#text': 105}",DC01.darkzero.htb,ESENT,Application,1020,4,,,,,,,,,,,,,,,,,,DFSRs,"3084,D,0,0",\\.\C:\System Volume Information\DFSR\database_5284_685_8406_6C33\dfsr.db: ,0,0.335,"
[1] 0.007646 +J(0) +M(C:0K, Fs:318, WS:1160K # 1160K, PF:6548K # 6544K, P:6548K)
[2] 0.000484 +J(0) +M(C:16K, Fs:124, WS:488K # 488K, PF:408K # 408K, P:408K)
[3] 0.000021 +J(0) +M(C:0K, Fs:2, WS:4K # 4K, PF:68K # 68K, P:68K)
[4] 0.000377 +J(0) +M(C:2032K, Fs:45, WS:176K # 176K, PF:2436K # 2436K, P:2436K)
[5] 0.001734 +J(0) +M(C:0K, Fs:14, WS:56K # 56K, PF:20K # 20K, P:20K)
[6] 0.002098 +J(0) +M(C:0K, Fs:21, WS:84K # 84K, PF:12K # 12K, P:12K)
[7] 0.304574 -0.299450 (11) WT +J(0) +M(C:0K, Fs:1307, WS:5216K # 5216K, PF:5132K # 5132K, P:5132K)
[8] -
[9] -
[10] -
[11] -
[12] -
[13] 0.016708 -0.011618 (12) WT +J(CM:0, PgRf:0, Rd:0/0, Dy:0/0, Lg:616/1) +M(C:0K, Fs:13, WS:-5080K # 20K, PF:-5124K # 16K, P:-5124K)
[14] 0.000024 +J(0) +M(C:0K, Fs:1, WS:4K # 0K, PF:0K # 0K, P:0K)
[15] 0.000134 +J(0) +M(C:0K, Fs:65, WS:260K # 0K, PF:64K # 0K, P:64K)
[16] 0.000772 -0.000441 (1) WT +J(0) +M(C:0K, Fs:2, WS:0K # 0K, PF:0K # 0K, P:0K).","RBSOn = 0
",,,,,,,,,,,,,,,,,,,,,,,,,,,,,,,,,,,,,,,,,,,,,,,,,,,,,,,,,,,
2026-04-06T12:05:13.337449Z,"{'#attributes': {'Qualifiers': 0}, '#text': 326}",DC01.darkzero.htb,ESENT,Application,1021,4,,,,,,,,,,,,,,,,,,DFSRs,"3084,D,50,0",\\.\C:\System Volume Information\DFSR\database_5284_685_8406_6C33\dfsr.db: ,1,\\.\C:\System Volume Information\DFSR\database_5284_685_8406_6C33\dfsr.db,0,"
[1] 0.000007 +J(0) +M(C:0K, Fs:1, WS:4K # 0K, PF:0K # 0K, P:0K)
[2] 0.003023 -0.002296 (1) WT +J(0) +M(C:0K, Fs:23, WS:24K # 0K, PF:8K # 0K, P:8K)
[3] 0.090946 -0.083261 (6) WT +J(CM:0, PgRf:0, Rd:0/0, Dy:0/0, Lg:3480/2) +M(C:0K, Fs:36, WS:132K # 0K, PF:120K # 0K, P:120K)
[4] 0.001240 +J(0) +M(C:0K, Fs:1, WS:4K # 0K, PF:0K # 0K, P:0K)
[5] -
[6] 0.001754 -0.001424 (2) CM -0.001298 (2) WT +J(CM:2, PgRf:2, Rd:0/2, Dy:0/0, Lg:0/0) +M(C:-8K, Fs:44, WS:168K # 0K, PF:124K # 0K, P:124K)
[7] 0.000005 +J(0)
[8] 0.003687 -0.003401 (1) CM -0.003383 (1) WT +J(CM:1, PgRf:1, Rd:14/0, Dy:0/0, Lg:0/0) +M(C:-4K, Fs:51, WS:200K # 0K, PF:192K # 0K, P:192K)
[9] -
[10] -
[11] -
[12] 0.000017 +J(CM:0, PgRf:0, Rd:0/0, Dy:0/0, Lg:54/1) +M(C:0K, Fs:2, WS:8K # 0K, PF:20K # 0K, P:20K)
[13] 0.004975 -0.004722 (1) CM -0.004671 (1) WT +J(CM:1, PgRf:23, Rd:0/1, Dy:0/0, Lg:0/0) +M(C:-8K, Fs:21, WS:76K # 0K, PF:0K # 0K, P:0K)
[14] 0.001692 -0.001073 (1) CM -0.000871 (1) WT +J(CM:1, PgRf:40, Rd:0/1, Dy:0/0, Lg:0/0) +M(C:-4K, Fs:7, WS:24K # 0K, PF:60K # 0K, P:60K)
[15] 0.000012 +J(CM:0, PgRf:1, Rd:0/0, Dy:0/0, Lg:0/0)
[16] 0.000014 +J(CM:0, PgRf:1, Rd:0/0, Dy:0/0, Lg:0/0) +M(C:0K, Fs:1, WS:4K # 0K, PF:0K # 0K, P:0K)
[17] 0.000087 +J(CM:0, PgRf:36, Rd:0/0, Dy:0/0, Lg:0/0)
[18] 0.000001 +J(0)
[19] 0.0 +J(0)
[20] 0.000083 +J(CM:0, PgRf:3, Rd:0/0, Dy:0/0, Lg:0/0) +M(C:0K, Fs:3, WS:12K # 0K, PF:0K # 0K, P:0K).",0 0,"lgposAttach = 00000001:00BE:0268,
dbv = 1568.300.620 (9620)",,,,,,,,,,,,,,,,,,,,,,,,,,,,,,,,,,,,,,,,,,,,,,,,,,,,,,,,,
2026-04-06T12:05:14.221218Z,44,DC01.darkzero.htb,Microsoft-Windows-CertificationAuthority,Application,1022,2,,,,,,,,,,,,,,,,,,,,,,,,,,,,,0x8007054b (1355),,The specified domain either does not exist or could not be contacted.,,,,,,,Initialize,,,,,,,,,,,,,Windows default,,,,,,,,,,,,,,,,MSG_E_POLICY_ERROR,,,,,,,,,,,"The Active Directory containing the Certification Authority could not be contacted.
",,,,,
2026-04-06T12:05:14.248212Z,26,DC01.darkzero.htb,Microsoft-Windows-CertificationAuthority,Application,1023,4,,,,,,,,,,darkzero-DC01-CA,,,,,,  DC=,,,,,,,,,,,,,,,,,,,,,,,,,,,,,,,,,,,,,,,,,,,,,,,,,,,MSG_I_SERVER_STARTED,,,,,,,,,,,,,,,,
2026-04-06T12:05:34.168308Z,"{'#attributes': {'Qualifiers': 32768}, '#text': 6005}",DC01.darkzero.htb,Microsoft-Windows-Winlogon,Application,1024,3,,,,,,00000000,,,,,,,,,,,,GPClient,CreateSession,,,,,,,,,,,,,,,,,,,,,,,,,,,,,,,,,,,,,,,,,,,,,,,,,,,,,,,,,,,,,,,,
2026-04-06T12:05:39.033228Z,"{'#attributes': {'Qualifiers': 32768}, '#text': 6006}",DC01.darkzero.htb,Microsoft-Windows-Winlogon,Application,1025,3,,,,,,00000000,,,,,,,,,,,,GPClient,64,CreateSession,,,,,,,,,,,,,,,,,,,,,,,,,,,,,,,,,,,,,,,,,,,,,,,,,,,,,,,,,,,,,,,
2026-04-06T12:06:50.842923Z,"{'#attributes': {'Qualifiers': 16384}, '#text': 900}",DC01.darkzero.htb,Microsoft-Windows-Security-SPP,Application,1026,4,,,,,,,,,,,,,,,,,<explicit>,,,,,,,,,,,,,,,,,,,,,,,,,,,,,,,,,,,,,,,,,,,,,,,,,,,,,,,,,,,,,,,,,,
2026-04-06T12:06:51.239173Z,"{'#attributes': {'Qualifiers': 49152}, '#text': 16394}",DC01.darkzero.htb,Microsoft-Windows-Security-SPP,Application,1027,4,,,,,,,,,,,,,,,,,,,,,,,,,,,,,,,,,,,,,,,,,,,,,,,,,,,,,,,,,,,,,,,,,,,,,,,,,,,,,,,,,,,
2026-04-06T12:06:51.392970Z,"{'#attributes': {'Qualifiers': 16384}, '#text': 1066}",DC01.darkzero.htb,Microsoft-Windows-Security-SPP,Application,1028,4,,,,,,,,,,,,,,,,,"C:\WINDOWS\system32\sppwinob.dll, msft:spp/windowsfunctionality/agent/7.0, 0x00000000, 0x00000000
C:\WINDOWS\system32\sppobjs.dll, msft:rm/algorithm/inherited/1.0, 0x00000000, 0x00000000
C:\WINDOWS\system32\sppobjs.dll, msft:rm/algorithm/phone/1.0, 0x00000000, 0x00000000
C:\WINDOWS\system32\sppobjs.dll, msft:rm/algorithm/pkey/detect, 0x00000000, 0x00000000
C:\WINDOWS\system32\sppobjs.dll, msft:spp/ActionScheduler/1.0, 0x00000000, 0x00000000
C:\WINDOWS\system32\sppobjs.dll, msft:spp/TaskScheduler/1.0, 0x00000000, 0x00000000
C:\WINDOWS\system32\sppobjs.dll, msft:spp/statecollector/pkey, 0x00000000, 0x00000000
C:\WINDOWS\system32\sppobjs.dll, msft:spp/volume/services/kms/1.0, 0x00000000, 0x00000000
C:\WINDOWS\system32\sppobjs.dll, msft:spp/volume/services/kms/activationinfo/1.0, 0x00000000, 0x00000000
",,,,,,,,,,,,,,,,,,,,,,,,,,,,,,,,,,,,,,,,,,,,,,,,,,,,,,,,,,,,,,,,,,
2026-04-06T12:06:51.404390Z,"{'#attributes': {'Qualifiers': 16384}, '#text': 16389}",DC01.darkzero.htb,Microsoft-Windows-Security-SPP,Application,1029,4,,,,,,,,,,,,,,,,,0xC004D30B,,,,,,,,,,,,,,,,,,,,,,,,,,,,,,,,,,,,,,,,,,,,,,,,,,,,,,,,,,,,,,,,,,
2026-04-06T12:06:51.514292Z,"{'#attributes': {'Qualifiers': 16384}, '#text': 1003}",DC01.darkzero.htb,Microsoft-Windows-Security-SPP,Application,1030,4,,,,,,,,,,,,,,,,,,55c92734-d682-4d71-983e-d6ec3f16059f,"
1: 0b646350-5349-4013-b1be-4100d1a7fa38, 1, 0 [(0 [0xC004F014, 0, 0], [(?)(?)(?)(?)(?)(?)(?)(?)])(1 )(2 )(3 )]
2: 10d661ba-f2e3-445c-8e92-200e1e05e9e1, 1, 1 [(0 [0x00000000, 1, 0], [(?)( 1 0x00000000)(?)( 2 0x00000000 0 0 msft:rm/algorithm/hwid/4.0 0x00000000 0)(?)(?)( 10 0x00000000 msft:rm/algorithm/flags/1.0)(?)])(1 )(2 )(3 )]
3: 2033816d-9d16-44bb-8f08-412ff45f38bf, 1, 0 [(0 [0xC004F014, 0, 0], [(?)(?)(?)(?)(?)(?)(?)(?)])(1 )(2 )(3 )]
4: 653ae55c-1d53-427b-be51-15bc1841fca7, 1, 0 [(0 [0xC004F014, 0, 0], [(?)(?)(?)(?)(?)(?)(?)(?)])(1 )(2 )(3 )]
5: 66c20db7-ff1e-4f87-a915-4e03715da35f, 1, 0 [(0 [0xC004F014, 0, 0], [(?)(?)(?)(?)(?)(?)(?)(?)])(1 )(2 )(3 )]
6: 6bad0243-1c35-46b2-b8e6-7a853e37413f, 1, 0 [(0 [0xC004F014, 0, 0], [(?)(?)(?)(?)(?)(?)(?)(?)])(1 )(2 )(3 )]
7: 82fcf64d-f9dd-4411-9c79-f2eed16d4eb8, 1, 0 [(0 [0xC004F014, 0, 0], [(?)(?)(?)(?)(?)(?)(?)(?)])(1 )(2 )(3 )]
8: 84e331f6-4279-48c4-ab10-b75139181351, 1, 0 [(0 [0xC004F014, 0, 0], [(?)(?)(?)(?)(?)(?)(?)(?)])(1 )(2 )(3 )]
9: 9e232465-2ade-4a33-a277-702010a84adb, 1, 0 [(0 [0xC004F014, 0, 0], [(?)(?)(?)(?)(?)(?)(?)(?)])(1 )(2 )(3 )]
10: a1da5f8f-7553-42c5-b0b4-6f27c4d74240, 1, 0 [(0 [0xC004F014, 0, 0], [(?)(?)(?)(?)(?)(?)(?)(?)])(1 )(2 )(3 )]
11: a2004bef-6ff1-48f9-8328-41ce1cd5ee79, 1, 0 [(0 [0xC004F014, 0, 0], [(?)(?)(?)(?)(?)(?)(?)(?)])(1 )(2 )(3 )]
12: c052f164-cdf6-409a-a0cb-853ba0f0f55a, 1, 0 [(0 [0xC004F014, 0, 0], [(?)(?)(?)(?)(?)(?)(?)(?)])(1 )(2 )(3 )]
13: e5b79126-7250-4d27-ad42-0eeb23db5771, 1, 0 [(0 [0xC004F014, 0, 0], [(?)(?)(?)(?)(?)(?)(?)(?)])(1 )(2 )(3 )]
14: f15a5790-90b7-4674-8fd4-e187ba426ad2, 1, 0 [(0 [0xC004F014, 0, 0], [(?)(?)(?)(?)(?)(?)(?)(?)])(1 )(2 )(3 )]

",,,,,,,,,,,,,,,,,,,,,,,,,,,,,,,,,,,,,,,,,,,,,,,,,,,,,,,,,,,,,,,,
2026-04-06T12:06:51.516651Z,"{'#attributes': {'Qualifiers': 49152}, '#text': 20492}",DC01.darkzero.htb,Microsoft-Windows-Security-SPP,Application,1031,4,,,,,,,,,,,,,,,,,0xC004D30B,,,,,,,,,,,,,,,,,,,,,,,,,,,,,,,,,,,,,,,,,,,,,,,,,,,,,,,,,,,,,,,,,,
2026-04-06T12:06:51.540012Z,"{'#attributes': {'Qualifiers': 49152}, '#text': 16398}",DC01.darkzero.htb,Microsoft-Windows-Security-SPP,Application,1032,2,,,,,,,,,,,,,,,,,,0x80070490,No grace timer found,,,,,,,,,,,,,,,,,,,,,,,,,,,,,,,,,,,,,,,,,,,,,,,,,,,,,,,,,,,,,,,,
2026-04-06T12:06:51.556229Z,"{'#attributes': {'Qualifiers': 16384}, '#text': 902}",DC01.darkzero.htb,Microsoft-Windows-Security-SPP,Application,1033,0,,,,,,,,,,,,,,,,,10.0.26100.32522,,,,,,,,,,,,,,,,,,,,,,,,,,,,,,,,,,,,,,,,,,,,,,,,,,,,,,,,,,,,,,,,,,
2026-04-06T12:07:05.068887Z,"{'#attributes': {'Qualifiers': 32768}, '#text': 6003}",DC01.darkzero.htb,Microsoft-Windows-Winlogon,Application,1034,4,,,,,,D9060000,,,,,,,,,,,SessionEnv,,,,,,,,,,,,,,,,,,,,,,,,,,,,,,,,,,,,,,,,,,,,,,,,,,,,,,,,,,,,,,,,,,
2026-04-06T12:07:05.447278Z,"{'#attributes': {'Qualifiers': 32768}, '#text': 6000}",DC01.darkzero.htb,Microsoft-Windows-Winlogon,Application,1035,4,,,,,,D9060000,,,,,,,,,,,SessionEnv,,,,,,,,,,,,,,,,,,,,,,,,,,,,,,,,,,,,,,,,,,,,,,,,,,,,,,,,,,,,,,,,,,
2026-04-06T12:07:13.283608Z,1001,DC01.darkzero.htb,Microsoft-Windows-LoadPerf,Application,1036,4,,,,,,,,,,,,,,,,,,,,,,,,,,,,,,,,,,,,,,,,,,,,,,,,,,,,,,,,,,,,,,,,,,,,LoadPerf,6E420000C4020000,8,,WmiApRpl,,,,WmiApRpl,,,,,,,
2026-04-06T12:07:13.719114Z,1000,DC01.darkzero.htb,Microsoft-Windows-LoadPerf,Application,1037,4,,,,,,,,,,,,,,,,,,,,,,,,,,,,,,,,,,,,,,,,,,,,,,,,,,,,,,,,,,,,,,,,,,,,LoadPerf,7042000040430000,8,,WmiApRpl,,,,WmiApRpl,,,,,,,
2026-04-06T12:07:21.627761Z,"{'#attributes': {'Qualifiers': 16384}, '#text': 16384}",DC01.darkzero.htb,Microsoft-Windows-Security-SPP,Application,1038,4,,,,,,,,,,,,,,,,,,2126-03-13T12:07:21Z,RulesEngine,,,,,,,,,,,,,,,,,,,,,,,,,,,,,,,,,,,,,,,,,,,,,,,,,,,,,,,,,,,,,,,,
2026-04-06T12:07:21.779143Z,"{'#attributes': {'Qualifiers': 16384}, '#text': 903}",DC01.darkzero.htb,Microsoft-Windows-Security-SPP,Application,1039,0,,,,,,,,,,,,,,,,,,,,,,,,,,,,,,,,,,,,,,,,,,,,,,,,,,,,,,,,,,,,,,,,,,,,,,,,,,,,,,,,,,,
2026-04-06T12:07:53.037372Z,"{'#attributes': {'Qualifiers': 0}, '#text': 8224}",DC01.darkzero.htb,VSS,Application,1040,4,,,,,,2D20436F64653A2020434F525356434330303030303737322D2043616C6C3A2020434F525356434330303030303735342D205049443A202030303030343832302D205449443A202030303030343838302D20434D443A2020433A5C57494E444F57535C73797374656D33325C76737376632E6578652020202D20557365723A204E616D653A204E5420415554484F524954595C53595354454D2C205349443A532D312D352D313820,,,,,,,,,,,,,,,,,,,,,,,,,,,,,,,,,,,,,,,,,,,,,,,,,,,,,,,,,,,,,,,,,,,,,,,,,,,,,
2026-04-06T12:08:45.353184Z,1001,DC01.darkzero.htb,Microsoft-Windows-LoadPerf,Application,1041,4,,,,,,,,,,,,,,,,,,,,,,,,,,,,,,,,,,,,,,,,,,,,,,,,,,,,,,,,,,,,,,,,,,,,LoadPerf,6E420000C4020000,8,,WmiApRpl,,,,WmiApRpl,,,,,,,
2026-04-06T12:08:45.446308Z,1000,DC01.darkzero.htb,Microsoft-Windows-LoadPerf,Application,1042,4,,,,,,,,,,,,,,,,,,,,,,,,,,,,,,,,,,,,,,,,,,,,,,,,,,,,,,,,,,,,,,,,,,,,LoadPerf,7042000040430000,8,,WmiApRpl,,,,WmiApRpl,,,,,,,
2026-04-06T12:11:51.062440Z,"{'#attributes': {'Qualifiers': 49152}, '#text': 16394}",DC01.darkzero.htb,Microsoft-Windows-Security-SPP,Application,1043,4,,,,,,,,,,,,,,,,,,,,,,,,,,,,,,,,,,,,,,,,,,,,,,,,,,,,,,,,,,,,,,,,,,,,,,,,,,,,,,,,,,,
2026-04-06T12:11:51.121995Z,"{'#attributes': {'Qualifiers': 16384}, '#text': 16389}",DC01.darkzero.htb,Microsoft-Windows-Security-SPP,Application,1044,4,,,,,,,,,,,,,,,,,0xC004D30B,,,,,,,,,,,,,,,,,,,,,,,,,,,,,,,,,,,,,,,,,,,,,,,,,,,,,,,,,,,,,,,,,,
2026-04-06T12:12:21.662365Z,"{'#attributes': {'Qualifiers': 16384}, '#text': 16384}",DC01.darkzero.htb,Microsoft-Windows-Security-SPP,Application,1045,4,,,,,,,,,,,,,,,,,,2126-03-13T12:12:21Z,RulesEngine,,,,,,,,,,,,,,,,,,,,,,,,,,,,,,,,,,,,,,,,,,,,,,,,,,,,,,,,,,,,,,,,
2026-04-06T12:26:21.953587Z,"{'#attributes': {'Qualifiers': 49152}, '#text': 16394}",DC01.darkzero.htb,Microsoft-Windows-Security-SPP,Application,1046,4,,,,,,,,,,,,,,,,,,,,,,,,,,,,,,,,,,,,,,,,,,,,,,,,,,,,,,,,,,,,,,,,,,,,,,,,,,,,,,,,,,,
2026-04-06T12:26:22.403559Z,"{'#attributes': {'Qualifiers': 16384}, '#text': 16389}",DC01.darkzero.htb,Microsoft-Windows-Security-SPP,Application,1047,4,,,,,,,,,,,,,,,,,0xC004D30B,,,,,,,,,,,,,,,,,,,,,,,,,,,,,,,,,,,,,,,,,,,,,,,,,,,,,,,,,,,,,,,,,,
2026-04-06T12:26:52.793012Z,"{'#attributes': {'Qualifiers': 16384}, '#text': 16384}",DC01.darkzero.htb,Microsoft-Windows-Security-SPP,Application,1048,4,,,,,,,,,,,,,,,,,,2126-03-13T12:26:52Z,RulesEngine,,,,,,,,,,,,,,,,,,,,,,,,,,,,,,,,,,,,,,,,,,,,,,,,,,,,,,,,,,,,,,,,
2026-04-06T12:45:22.562575Z,"{'#attributes': {'Qualifiers': 49152}, '#text': 16394}",DC01.darkzero.htb,Microsoft-Windows-Security-SPP,Application,1049,4,,,,,,,,,,,,,,,,,,,,,,,,,,,,,,,,,,,,,,,,,,,,,,,,,,,,,,,,,,,,,,,,,,,,,,,,,,,,,,,,,,,
2026-04-06T12:45:22.794756Z,"{'#attributes': {'Qualifiers': 16384}, '#text': 16389}",DC01.darkzero.htb,Microsoft-Windows-Security-SPP,Application,1050,4,,,,,,,,,,,,,,,,,0xC004D30B,,,,,,,,,,,,,,,,,,,,,,,,,,,,,,,,,,,,,,,,,,,,,,,,,,,,,,,,,,,,,,,,,,
2026-04-06T12:45:53.089113Z,"{'#attributes': {'Qualifiers': 16384}, '#text': 16384}",DC01.darkzero.htb,Microsoft-Windows-Security-SPP,Application,1051,4,,,,,,,,,,,,,,,,,,2126-03-13T12:45:53Z,RulesEngine,,,,,,,,,,,,,,,,,,,,,,,,,,,,,,,,,,,,,,,,,,,,,,,,,,,,,,,,,,,,,,,,
2026-04-06T13:03:14.003380Z,"{'#attributes': {'Qualifiers': 49152}, '#text': 16394}",DC01.darkzero.htb,Microsoft-Windows-Security-SPP,Application,1052,4,,,,,,,,,,,,,,,,,,,,,,,,,,,,,,,,,,,,,,,,,,,,,,,,,,,,,,,,,,,,,,,,,,,,,,,,,,,,,,,,,,,
2026-04-06T13:03:14.057999Z,"{'#attributes': {'Qualifiers': 16384}, '#text': 16389}",DC01.darkzero.htb,Microsoft-Windows-Security-SPP,Application,1053,4,,,,,,,,,,,,,,,,,0xC004D30B,,,,,,,,,,,,,,,,,,,,,,,,,,,,,,,,,,,,,,,,,,,,,,,,,,,,,,,,,,,,,,,,,,
2026-04-06T13:03:44.271472Z,"{'#attributes': {'Qualifiers': 16384}, '#text': 16384}",DC01.darkzero.htb,Microsoft-Windows-Security-SPP,Application,1054,4,,,,,,,,,,,,,,,,,,2126-03-13T13:03:44Z,RulesEngine,,,,,,,,,,,,,,,,,,,,,,,,,,,,,,,,,,,,,,,,,,,,,,,,,,,,,,,,,,,,,,,,
2026-04-06T13:17:19.231105Z,"{'#attributes': {'Qualifiers': 49152}, '#text': 16394}",DC01.darkzero.htb,Microsoft-Windows-Security-SPP,Application,1055,4,,,,,,,,,,,,,,,,,,,,,,,,,,,,,,,,,,,,,,,,,,,,,,,,,,,,,,,,,,,,,,,,,,,,,,,,,,,,,,,,,,,
2026-04-06T13:17:19.287380Z,"{'#attributes': {'Qualifiers': 16384}, '#text': 16389}",DC01.darkzero.htb,Microsoft-Windows-Security-SPP,Application,1056,4,,,,,,,,,,,,,,,,,0xC004D30B,,,,,,,,,,,,,,,,,,,,,,,,,,,,,,,,,,,,,,,,,,,,,,,,,,,,,,,,,,,,,,,,,,
2026-04-06T13:17:49.459593Z,"{'#attributes': {'Qualifiers': 16384}, '#text': 16384}",DC01.darkzero.htb,Microsoft-Windows-Security-SPP,Application,1057,4,,,,,,,,,,,,,,,,,,2126-03-13T13:17:49Z,RulesEngine,,,,,,,,,,,,,,,,,,,,,,,,,,,,,,,,,,,,,,,,,,,,,,,,,,,,,,,,,,,,,,,,
2026-04-06T14:03:41.080159Z,"{'#attributes': {'Qualifiers': 49152}, '#text': 16394}",DC01.darkzero.htb,Microsoft-Windows-Security-SPP,Application,1058,4,,,,,,,,,,,,,,,,,,,,,,,,,,,,,,,,,,,,,,,,,,,,,,,,,,,,,,,,,,,,,,,,,,,,,,,,,,,,,,,,,,,
2026-04-06T14:03:41.136830Z,"{'#attributes': {'Qualifiers': 16384}, '#text': 16389}",DC01.darkzero.htb,Microsoft-Windows-Security-SPP,Application,1059,4,,,,,,,,,,,,,,,,,0xC004D30B,,,,,,,,,,,,,,,,,,,,,,,,,,,,,,,,,,,,,,,,,,,,,,,,,,,,,,,,,,,,,,,,,,
2026-04-06T14:04:11.639050Z,"{'#attributes': {'Qualifiers': 16384}, '#text': 16384}",DC01.darkzero.htb,Microsoft-Windows-Security-SPP,Application,1060,4,,,,,,,,,,,,,,,,,,2126-03-13T14:04:11Z,RulesEngine,,,,,,,,,,,,,,,,,,,,,,,,,,,,,,,,,,,,,,,,,,,,,,,,,,,,,,,,,,,,,,,,
2026-04-06T14:08:31.540100Z,"{'#attributes': {'Qualifiers': 49152}, '#text': 16394}",DC01.darkzero.htb,Microsoft-Windows-Security-SPP,Application,1061,4,,,,,,,,,,,,,,,,,,,,,,,,,,,,,,,,,,,,,,,,,,,,,,,,,,,,,,,,,,,,,,,,,,,,,,,,,,,,,,,,,,,
2026-04-06T14:08:31.597182Z,"{'#attributes': {'Qualifiers': 16384}, '#text': 16389}",DC01.darkzero.htb,Microsoft-Windows-Security-SPP,Application,1062,4,,,,,,,,,,,,,,,,,0xC004D30B,,,,,,,,,,,,,,,,,,,,,,,,,,,,,,,,,,,,,,,,,,,,,,,,,,,,,,,,,,,,,,,,,,
2026-04-06T14:09:01.777802Z,"{'#attributes': {'Qualifiers': 16384}, '#text': 16384}",DC01.darkzero.htb,Microsoft-Windows-Security-SPP,Application,1063,4,,,,,,,,,,,,,,,,,,2126-03-13T14:09:01Z,RulesEngine,,,,,,,,,,,,,,,,,,,,,,,,,,,,,,,,,,,,,,,,,,,,,,,,,,,,,,,,,,,,,,,,
2026-04-06T14:09:40.478907Z,"{'#attributes': {'Qualifiers': 49152}, '#text': 16394}",DC01.darkzero.htb,Microsoft-Windows-Security-SPP,Application,1064,4,,,,,,,,,,,,,,,,,,,,,,,,,,,,,,,,,,,,,,,,,,,,,,,,,,,,,,,,,,,,,,,,,,,,,,,,,,,,,,,,,,,
2026-04-06T14:09:41.001849Z,"{'#attributes': {'Qualifiers': 16384}, '#text': 16389}",DC01.darkzero.htb,Microsoft-Windows-Security-SPP,Application,1065,4,,,,,,,,,,,,,,,,,0xC004D30B,,,,,,,,,,,,,,,,,,,,,,,,,,,,,,,,,,,,,,,,,,,,,,,,,,,,,,,,,,,,,,,,,,
2026-04-06T14:10:11.512597Z,"{'#attributes': {'Qualifiers': 16384}, '#text': 16384}",DC01.darkzero.htb,Microsoft-Windows-Security-SPP,Application,1066,4,,,,,,,,,,,,,,,,,,2126-03-13T14:10:11Z,RulesEngine,,,,,,,,,,,,,,,,,,,,,,,,,,,,,,,,,,,,,,,,,,,,,,,,,,,,,,,,,,,,,,,,
2026-04-06T14:32:02.668505Z,"{'#attributes': {'Qualifiers': 49152}, '#text': 16394}",DC01.darkzero.htb,Microsoft-Windows-Security-SPP,Application,1067,4,,,,,,,,,,,,,,,,,,,,,,,,,,,,,,,,,,,,,,,,,,,,,,,,,,,,,,,,,,,,,,,,,,,,,,,,,,,,,,,,,,,
2026-04-06T14:32:02.721670Z,"{'#attributes': {'Qualifiers': 16384}, '#text': 16389}",DC01.darkzero.htb,Microsoft-Windows-Security-SPP,Application,1068,4,,,,,,,,,,,,,,,,,0xC004D30B,,,,,,,,,,,,,,,,,,,,,,,,,,,,,,,,,,,,,,,,,,,,,,,,,,,,,,,,,,,,,,,,,,
2026-04-06T14:32:33.079922Z,"{'#attributes': {'Qualifiers': 16384}, '#text': 16384}",DC01.darkzero.htb,Microsoft-Windows-Security-SPP,Application,1069,4,,,,,,,,,,,,,,,,,,2126-03-13T14:32:33Z,RulesEngine,,,,,,,,,,,,,,,,,,,,,,,,,,,,,,,,,,,,,,,,,,,,,,,,,,,,,,,,,,,,,,,,
2026-04-06T14:34:02.470312Z,"{'#attributes': {'Qualifiers': 16384}, '#text': 1704}",DC01.darkzero.htb,SceCli,Application,1070,4,,,,,,,,,,,,,,,,,,,,,,,,,,,,,,,,,,,,,,,,,,,,,,,,,,,,,,,,,,,,,,,,,,,,,,,,,,,,,,,,,,,
2026-04-06T14:34:40.701717Z,"{'#attributes': {'Qualifiers': 32768}, '#text': 6000}",DC01.darkzero.htb,Microsoft-Windows-Winlogon,Application,1071,4,,,,,,D9060000,,,,,,,,,,,SessionEnv,,,,,,,,,,,,,,,,,,,,,,,,,,,,,,,,,,,,,,,,,,,,,,,,,,,,,,,,,,,,,,,,,,
2026-04-06T14:34:42.320787Z,"{'#attributes': {'Qualifiers': 0}, '#text': 260}",DC01.darkzero.htb,VMUpgradeHelper,Application,1072,4,,,,,,,,,,,,,,,,,,,,,,,,,,,,,,,,,,,,,,,,,,,,,,,,,,,,,,,,,,,,,,,,,,,,,,,,,,,,,,,,,,,
2026-04-06T14:34:42.321166Z,"{'#attributes': {'Qualifiers': 0}, '#text': 272}",DC01.darkzero.htb,VMUpgradeHelper,Application,1073,4,,,,,,,,,,,,,,,,,,,,,,,,,,,,,,,,,,,,,,,,,,,,,,,,,,,,,,,,,,,,,,,,,,,,,,,,,,,,,,,,,,,
2026-04-06T14:34:42.327005Z,"{'#attributes': {'Qualifiers': 0}, '#text': 108}",DC01.darkzero.htb,VMTools,Application,1074,4,,,,,,,,,,,,,,,,,,,,,,,,,,,,,,,,,,,,,,,,,,,,,,,,,,,,,,,,,,,,,,,,,,,,,,,,,,,,,,,,,,,
2026-04-06T14:34:42.478259Z,1532,DC01.darkzero.htb,Microsoft-Windows-User Profiles Service,Application,1075,4,,,,,,,,,,,,,,,,,,,,,,,,,,,,,,,,,,,,,,,,,,,,,,,,,,,,,,,,,,,,,,,,,,,,,,,,,,,,,,,,,,,
2026-04-06T14:34:42.603928Z,38,DC01.darkzero.htb,Microsoft-Windows-CertificationAuthority,Application,1076,4,,,,,,,,,,darkzero-DC01-CA,,,,,,,,,,,,,,,,,,,,,,,,,,,,,,,,,,,,,,,,,,,,,,,,,,,,,,,,,MSG_I_SERVER_STOPPED,,,,,,,,,,,,,,,,
2026-04-27T11:05:31.880411Z,5615,DC01.darkzero.htb,Microsoft-Windows-WMI,Application,1077,4,,,,,,,,,,,,,,,,,,,,,,,,,,,,,,,,,,,,,,,,,,,,,,,,,,,,,,,,,,,,,,,,,,,,,,,,,,,,,,,,,,,
2026-04-27T11:05:33.148237Z,1531,DC01.darkzero.htb,Microsoft-Windows-User Profiles Service,Application,1078,4,,,,,,,,,,,,,,,,,,,,,,,,,,,,,,,,,,,,,,,,,,,,,,,,,,,,,,,,,,,,,,,,,,,,,,,,,,,,,,,,,,,
2026-04-27T11:05:36.338206Z,5617,DC01.darkzero.htb,Microsoft-Windows-WMI,Application,1079,4,,,,,,,,,,,,,,,,,,,,,,,,,,,,,,,,,,,,,,,,,,,,,,,,,,,,,,,,,,,,,,,,,,,,,,,,,,,,,,,,,,,
2026-04-27T11:05:41.252630Z,"{'#attributes': {'Qualifiers': 0}, '#text': 105}",DC01.darkzero.htb,VMTools,Application,1080,4,,,,,,,,,,,,,,,,,,,,,,,,,,,,,,,,,,,,,,,,,,,,,,,,,,,,,,,,,,,,,,,,,,,,,,,,,,,,,,,,,,,
2026-04-27T11:05:44.174593Z,"{'#attributes': {'Qualifiers': 16384}, '#text': 781}",DC01.darkzero.htb,Microsoft-Windows-Complus,Application,1081,4,,,,,,,,,,,,,,,,,,,,,,,,,,,,,,,,,,,,,,,,,,,,,,,,,,,,,,,,,,,,,,,,,,,,,,,,86400,,,,SuppressDuplicateDuration,Software\Microsoft\COM3\Eventlog,,,,,,
2026-04-27T11:05:45.308700Z,"{'#attributes': {'Qualifiers': 0}, '#text': 258}",DC01.darkzero.htb,VMUpgradeHelper,Application,1082,4,,,,,,,,,,,,,,,,,,,,,,,,,,,,,,,,,,,,,,,,,,,,,,,,,,,,,,,,,,,,,,,,,,,,,,,,,,,,,,,,,,,
2026-04-27T11:05:46.047946Z,"{'#attributes': {'Qualifiers': 16384}, '#text': 4202}",DC01.darkzero.htb,Microsoft-Windows-MSDTC 2,Application,1083,4,,,,,,,,,,,,,,,,,,,,,,,,,,,,,,,,,,,,,,,,,,,,,,,,,,,,,,,,,,,,,,,,,,,,,,,,0,0,0,1,0,0,0,0,0,1,Mutual Authentication Required,NT AUTHORITY\NetworkService
2026-04-27T11:05:46.420808Z,"{'#attributes': {'Qualifiers': 0}, '#text': 271}",DC01.darkzero.htb,VMUpgradeHelper,Application,1084,4,,,,,,,,,,,,,,,,,,,,,,,,,,,,,,,,,,,,,,,,,,,,,,,,,,,,,,,,,,,,,,,,,,,,,,,,,,,,,,,,,,,
2026-04-27T11:06:06.789138Z,1023,DC01.darkzero.htb,Microsoft-Windows-Perflib,Application,1085,2,,,,,,,,,,,,,,,,,,,,,,,,,,,,,,,,,,,,,C:\Windows\System32\perfts.dll,,,,,,,,,,,,,,,,,,,,,,,,,,,,,126,,,,,,,,,,,,,,,,,
2026-04-27T11:06:18.499767Z,"{'#attributes': {'Qualifiers': 0}, '#text': 102}",DC01.darkzero.htb,ESENT,Application,1086,4,,,,,,,,,,,,,,,,,,certsrv.exe,"2364,P,98,0",,0,10,00,26100,0000,,,,,,,,,,,,,,,,,,,,,,,,,,,,,,,,,,,,,,,,,,,,,,,,,,,,,,,,,,
2026-04-27T11:06:18.516684Z,"{'#attributes': {'Qualifiers': 0}, '#text': 105}",DC01.darkzero.htb,ESENT,Application,1087,4,,,,,,,,,,,,,,,,,,certsrv.exe,"2364,D,0,0",,0,0.021,"
[1] 0.001321 +J(0) +M(C:0K, Fs:131, WS:508K # 508K, PF:2504K # 2228K, P:2504K)
[2] 0.000875 +J(0) +M(C:3200K, Fs:231, WS:912K # 912K, PF:4164K # 4164K, P:4164K)
[3] 0.000050 +J(0) +M(C:0K, Fs:2, WS:4K # 4K, PF:68K # 68K, P:68K)
[4] 0.000229 +J(0) +M(C:0K, Fs:26, WS:104K # 104K, PF:500K # 500K, P:500K)
[5] 0.001012 +J(0) +M(C:0K, Fs:11, WS:44K # 44K, PF:32K # 32K, P:32K)
[6] 0.003250 +J(0) +M(C:0K, Fs:33, WS:132K # 132K, PF:12K # 12K, P:12K)
[7] 0.007234 -0.005868 (3) WT +J(0) +M(C:0K, Fs:281, WS:1120K # 1120K, PF:1028K # 1028K, P:1028K)
[8] -
[9] -
[10] -
[11] -
[12] -
[13] 0.005856 -0.003872 (4) WT +J(CM:0, PgRf:0, Rd:0/0, Dy:0/0, Lg:616/1) +M(C:0K, Fs:14, WS:-980K # 24K, PF:-1024K # 12K, P:-1024K)
[14] 0.000020 +J(0) +M(C:0K, Fs:2, WS:8K # 0K, PF:0K # 0K, P:0K)
[15] 0.000446 +J(0) +M(C:0K, Fs:102, WS:404K # 0K, PF:68K # 0K, P:68K)
[16] 0.000613 -0.000352 (1) WT +J(0) +M(C:0K, Fs:2, WS:0K # 0K, PF:0K # 0K, P:0K).","RBSOn = 0
",,,,,,,,,,,,,,,,,,,,,,,,,,,,,,,,,,,,,,,,,,,,,,,,,,,,,,,,,,,
2026-04-27T11:06:18.645865Z,"{'#attributes': {'Qualifiers': 0}, '#text': 326}",DC01.darkzero.htb,ESENT,Application,1088,4,,,,,,,,,,,,,,,,,,certsrv.exe,"2364,D,50,0",,1,C:\WINDOWS\system32\CertLog\darkzero-DC01-CA.edb,0,"
[1] 0.000005 +J(0) +M(C:0K, Fs:1, WS:4K # 0K, PF:0K # 0K, P:0K)
[2] 0.001747 -0.001288 (1) WT +J(0) +M(C:0K, Fs:21, WS:20K # 0K, PF:4K # 0K, P:4K)
[3] 0.011188 -0.006958 (6) WT +J(CM:0, PgRf:0, Rd:0/0, Dy:0/0, Lg:3480/2) +M(C:0K, Fs:34, WS:132K # 0K, PF:120K # 0K, P:120K)
[4] 0.000514 +J(0) +M(C:0K, Fs:1, WS:4K # 0K, PF:0K # 0K, P:0K)
[5] -
[6] 0.001636 -0.001421 (2) CM -0.001297 (2) WT +J(CM:2, PgRf:2, Rd:0/2, Dy:0/0, Lg:0/0) +M(C:0K, Fs:44, WS:176K # 0K, PF:136K # 0K, P:136K)
[7] 0.000003 +J(0)
[8] 0.108411 -0.108142 (1) CM -0.108123 (1) WT +J(CM:1, PgRf:1, Rd:14/0, Dy:0/0, Lg:0/0) +M(C:0K, Fs:37, WS:148K # 0K, PF:196K # 0K, P:196K)
[9] -
[10] -
[11] -
[12] 0.000038 +J(CM:0, PgRf:0, Rd:0/0, Dy:0/0, Lg:54/1) +M(C:0K, Fs:2, WS:8K # 0K, PF:20K # 0K, P:20K)
[13] 0.003926 -0.003003 (2) CM -0.002811 (2) WT +J(CM:2, PgRf:23, Rd:0/2, Dy:0/0, Lg:0/0) +M(C:0K, Fs:22, WS:88K # 72K, PF:4K # 0K, P:4K)
[14] 0.000512 -0.000336 (1) CM -0.000263 (1) WT +J(CM:1, PgRf:40, Rd:0/1, Dy:0/0, Lg:0/0) +M(C:0K, Fs:5, WS:20K # 20K, PF:64K # 0K, P:64K)
[15] 0.000012 +J(CM:0, PgRf:1, Rd:0/0, Dy:0/0, Lg:0/0)
[16] 0.000013 +J(CM:0, PgRf:1, Rd:0/0, Dy:0/0, Lg:0/0) +M(C:0K, Fs:1, WS:4K # 4K, PF:0K # 0K, P:0K)
[17] 0.000071 +J(CM:0, PgRf:42, Rd:0/0, Dy:0/0, Lg:0/0) +M(C:0K, Fs:6, WS:24K # 24K, PF:0K # 0K, P:0K)
[18] 0.000001 +J(0)
[19] 0.0 +J(0)
[20] 0.000032 +J(CM:0, PgRf:3, Rd:0/0, Dy:0/0, Lg:0/0) +M(C:0K, Fs:3, WS:12K # 12K, PF:0K # 0K, P:0K).",0 0,"lgposAttach = 00000001:00BE:0268,
dbv = 1568.300.620 (9620)",,,,,,,,,,,,,,,,,,,,,,,,,,,,,,,,,,,,,,,,,,,,,,,,,,,,,,,,,
2026-04-27T11:06:18.677646Z,"{'#attributes': {'Qualifiers': 0}, '#text': 102}",DC01.darkzero.htb,ESENT,Application,1089,4,,,,,,,,,,,,,,,,,,DFSRs,"2884,P,98,0",\\.\C:\System Volume Information\DFSR\database_5284_685_8406_6C33\dfsr.db: ,0,10,00,26100,0000,,,,,,,,,,,,,,,,,,,,,,,,,,,,,,,,,,,,,,,,,,,,,,,,,,,,,,,,,,
2026-04-27T11:06:18.874531Z,"{'#attributes': {'Qualifiers': 0}, '#text': 105}",DC01.darkzero.htb,ESENT,Application,1090,4,,,,,,,,,,,,,,,,,,DFSRs,"2884,D,0,0",\\.\C:\System Volume Information\DFSR\database_5284_685_8406_6C33\dfsr.db: ,0,0.212,"
[1] 0.011838 +J(0) +M(C:0K, Fs:314, WS:1224K # 1224K, PF:6592K # 6584K, P:6592K)
[2] 0.000541 +J(0) +M(C:16K, Fs:103, WS:404K # 404K, PF:304K # 304K, P:304K)
[3] 0.000027 +J(0) +M(C:0K, Fs:1, WS:4K # 4K, PF:64K # 64K, P:64K)
[4] 0.000690 +J(0) +M(C:2032K, Fs:49, WS:188K # 188K, PF:2448K # 2448K, P:2448K)
[5] 0.001854 +J(0) +M(C:0K, Fs:12, WS:48K # 48K, PF:20K # 20K, P:20K)
[6] 0.001922 +J(0) +M(C:0K, Fs:13, WS:52K # 52K, PF:12K # 12K, P:12K)
[7] -
[8] -
[9] -
[10] -
[11] -
[12] -
[13] 0.178327 -0.163627 (22) WT +J(CM:0, PgRf:0, Rd:0/0, Dy:0/0, Lg:616/1) +M(C:0K, Fs:1507, WS:788K # 5884K, PF:28K # 5156K, P:28K)
[14] 0.000027 +J(0) +M(C:0K, Fs:1, WS:4K # 0K, PF:0K # 0K, P:0K)
[15] 0.000259 +J(0) +M(C:0K, Fs:65, WS:260K # 0K, PF:64K # 0K, P:64K)
[16] 0.016684 -0.007277 (3) WT +J(0) +M(C:0K, Fs:3, WS:4K # 0K, PF:0K # 0K, P:0K).","RBSOn = 0
",,,,,,,,,,,,,,,,,,,,,,,,,,,,,,,,,,,,,,,,,,,,,,,,,,,,,,,,,,,
2026-04-27T11:06:18.911450Z,"{'#attributes': {'Qualifiers': 0}, '#text': 325}",DC01.darkzero.htb,ESENT,Application,1091,4,,,,,,,,,,,,,,,,,,DFSRs,"2884,D,35,0",\\.\C:\System Volume Information\DFSR\database_5284_685_8406_6C33\dfsr.db: ,1,\\.\C:\System Volume Information\DFSR\database_5284_685_8406_6C33\dfsr.db,0,"
[1] 0.000164 +J(0) +M(C:0K, Fs:3, WS:12K # 0K, PF:8K # 0K, P:8K)
[2] 0.003219 -0.000534 (1) WT +J(CM:0, PgRf:0, Rd:0/0, Dy:0/0, Lg:3480/2) +M(C:0K, Fs:2, WS:8K # 0K, PF:0K # 0K, P:0K)
[3] 0.010728 -0.000005 (3) WT +J(0) +M(C:0K, Fs:13, WS:40K # 0K, PF:24K # 0K, P:24K)
[4] 0.000737 +J(0) +M(C:0K, Fs:2, WS:8K # 0K, PF:0K # 0K, P:0K)
[5] 0.003116 -0.001808 (3) WT +J(CM:0, PgRf:3, Rd:0/0, Dy:3/6, Lg:122/4) +M(C:0K, Fs:71, WS:276K # 0K, PF:264K # 0K, P:264K)
[6] 0.003997 -0.001253 (2) WT +J(CM:0, PgRf:215, Rd:0/0, Dy:12/420, Lg:24454/461) +M(C:0K, Fs:83, WS:332K # 0K, PF:220K # 0K, P:220K)
[7] 0.001621 -0.001044 (3) WT +J(CM:0, PgRf:0, Rd:0/0, Dy:0/0, Lg:4096/3) +M(C:0K, Fs:6, WS:16K # 0K, PF:0K # 0K, P:0K)
[8] 0.000004 +J(0)
[9] 0.004653 -0.003877 (3) WT +J(0) +M(C:-52K, Fs:7, WS:-32K # 0K, PF:-48K # 0K, P:-48K)
[10] 0.006513 -0.003120 (7) WT +J(CM:0, PgRf:385, Rd:0/0, Dy:7/109, Lg:20701/156) +M(C:12K, Fs:58, WS:224K # 0K, PF:104K # 0K, P:104K)
[11] 0.000003 +J(0).",0 0,"lgposCreate = 00000001:0001:0268,
dbv = 1568.300.620 (9620)",,,,,,,,,,,,,,,,,,,,,,,,,,,,,,,,,,,,,,,,,,,,,,,,,,,,,,,,,
2026-04-27T11:06:19.139430Z,"{'#attributes': {'Qualifiers': 33370}, '#text': 70}",DC01.darkzero.htb,Microsoft-Windows-CertificateServicesClient-CertEnroll,Application,1092,2,,,,,,,,,,,,,,Local system,,,,,,,,,,,,,,,,,,,,,,,,,,,,,,,,,,,,,,,,,,,,,,{C5B34810-A7D4-48A4-AD4C-5FB4AB0F8FED},,,,,,,,,,,,,,,,,,,,,,,
2026-04-27T11:06:19.143851Z,"{'#attributes': {'Qualifiers': 33370}, '#text': 68}",DC01.darkzero.htb,Microsoft-Windows-CertificateServicesClient-CertEnroll,Application,1093,2,,,,,,,,,,,,,,Local system,,,,,,,,,,,,,,,The specified domain either does not exist or could not be contacted. 0x8007054b (WIN32: 1355 ERROR_NO_SUCH_DOMAIN),,,,,,,,,,,,,,,,,,,,,,,,,,,,,,{C5B34810-A7D4-48A4-AD4C-5FB4AB0F8FED},,,,,,,,,,,,,,,,,,,,,,,,
2026-04-27T11:06:19.144913Z,"{'#attributes': {'Qualifiers': 33370}, '#text': 67}",DC01.darkzero.htb,Microsoft-Windows-CertificateServicesClient-CertEnroll,Application,1094,2,,,,,,,,,,,,,,Local system,,,,,,,,,,,,,,,,,,,,,,,,,,,,,,,,,,,,,,,,,,,,,The specified domain either does not exist or could not be contacted. 0x8007054b (WIN32: 1355 ERROR_NO_SUCH_DOMAIN),,,,,,,,,,,,,,,,,,,,,,,,
2026-04-27T11:06:19.146542Z,"{'#attributes': {'Qualifiers': 33370}, '#text': 15}",DC01.darkzero.htb,Microsoft-Windows-CertificateServicesClient-CertEnroll,Application,1095,2,,,,,,,,,,,,,,Local system,,,,,,,,,,,,,,,The specified domain either does not exist or could not be contacted. 0x8007054b (WIN32: 1355 ERROR_NO_SUCH_DOMAIN),,,,,,,,,,,,,,,,,,,,,,,,,,,,,,,,,,,,,,,,,,,,,,,,,,,,,,
2026-04-27T11:06:19.261603Z,"{'#attributes': {'Qualifiers': 16384}, '#text': 6}",DC01.darkzero.htb,Microsoft-Windows-CertificateServicesClient-AutoEnrollment,Application,1096,2,,,,,,,,,,,,,,local system,,,,,,,,,,,,,,,0x8007054b,"The specified domain either does not exist or could not be contacted.
",,,,,,,,,,,,,,,,,,,,,,,,,,,,,,,,,,,,,,,,,,,,,,,,,,,,,
2026-04-27T11:06:20.465660Z,26,DC01.darkzero.htb,Microsoft-Windows-CertificationAuthority,Application,1097,4,,,,,,,,,,darkzero-DC01-CA,,,,,DC01.darkzero.htb,  DC=,,,,,,,,,,,,,,,,,,,,,,,,,,,,,,,,,,,,,,,,,,,,,,,,,,,MSG_I_SERVER_STARTED,,,,,,,,,,,,,,,,
2026-04-27T11:06:33.381415Z,"{'#attributes': {'Qualifiers': 32768}, '#text': 6005}",DC01.darkzero.htb,Microsoft-Windows-Winlogon,Application,1098,3,,,,,,00000000,,,,,,,,,,,,GPClient,CreateSession,,,,,,,,,,,,,,,,,,,,,,,,,,,,,,,,,,,,,,,,,,,,,,,,,,,,,,,,,,,,,,,,
2026-04-27T11:06:35.760817Z,"{'#attributes': {'Qualifiers': 16384}, '#text': 900}",DC01.darkzero.htb,Microsoft-Windows-Security-SPP,Application,1099,4,,,,,,,,,,,,,,,,,TriggerStarted:6,,,,,,,,,,,,,,,,,,,,,,,,,,,,,,,,,,,,,,,,,,,,,,,,,,,,,,,,,,,,,,,,,,
2026-04-27T11:06:35.984470Z,"{'#attributes': {'Qualifiers': 49152}, '#text': 16394}",DC01.darkzero.htb,Microsoft-Windows-Security-SPP,Application,1100,4,,,,,,,,,,,,,,,,,,,,,,,,,,,,,,,,,,,,,,,,,,,,,,,,,,,,,,,,,,,,,,,,,,,,,,,,,,,,,,,,,,,
2026-04-27T11:06:36.152141Z,"{'#attributes': {'Qualifiers': 16384}, '#text': 1066}",DC01.darkzero.htb,Microsoft-Windows-Security-SPP,Application,1101,4,,,,,,,,,,,,,,,,,"C:\WINDOWS\system32\sppwinob.dll, msft:spp/windowsfunctionality/agent/7.0, 0x00000000, 0x00000000
C:\WINDOWS\system32\sppobjs.dll, msft:rm/algorithm/inherited/1.0, 0x00000000, 0x00000000
C:\WINDOWS\system32\sppobjs.dll, msft:rm/algorithm/phone/1.0, 0x00000000, 0x00000000
C:\WINDOWS\system32\sppobjs.dll, msft:rm/algorithm/pkey/detect, 0x00000000, 0x00000000
C:\WINDOWS\system32\sppobjs.dll, msft:spp/ActionScheduler/1.0, 0x00000000, 0x00000000
C:\WINDOWS\system32\sppobjs.dll, msft:spp/TaskScheduler/1.0, 0x00000000, 0x00000000
C:\WINDOWS\system32\sppobjs.dll, msft:spp/statecollector/pkey, 0x00000000, 0x00000000
C:\WINDOWS\system32\sppobjs.dll, msft:spp/volume/services/kms/1.0, 0x00000000, 0x00000000
C:\WINDOWS\system32\sppobjs.dll, msft:spp/volume/services/kms/activationinfo/1.0, 0x00000000, 0x00000000
",,,,,,,,,,,,,,,,,,,,,,,,,,,,,,,,,,,,,,,,,,,,,,,,,,,,,,,,,,,,,,,,,,
2026-04-27T11:06:36.162260Z,"{'#attributes': {'Qualifiers': 16384}, '#text': 16389}",DC01.darkzero.htb,Microsoft-Windows-Security-SPP,Application,1102,4,,,,,,,,,,,,,,,,,0xC004D30B,,,,,,,,,,,,,,,,,,,,,,,,,,,,,,,,,,,,,,,,,,,,,,,,,,,,,,,,,,,,,,,,,,
2026-04-27T11:06:36.266835Z,"{'#attributes': {'Qualifiers': 16384}, '#text': 1003}",DC01.darkzero.htb,Microsoft-Windows-Security-SPP,Application,1103,4,,,,,,,,,,,,,,,,,,55c92734-d682-4d71-983e-d6ec3f16059f,"
1: 0b646350-5349-4013-b1be-4100d1a7fa38, 1, 0 [(0 [0xC004F014, 0, 0], [(?)(?)(?)(?)(?)(?)(?)(?)])(1 )(2 )(3 )]
2: 10d661ba-f2e3-445c-8e92-200e1e05e9e1, 1, 1 [(0 [0x00000000, 1, 0], [(?)( 1 0x00000000)(?)( 2 0x00000000 0 0 msft:rm/algorithm/hwid/4.0 0x00000000 0)(?)(?)( 10 0x00000000 msft:rm/algorithm/flags/1.0)(?)])(1 )(2 )(3 )]
3: 2033816d-9d16-44bb-8f08-412ff45f38bf, 1, 0 [(0 [0xC004F014, 0, 0], [(?)(?)(?)(?)(?)(?)(?)(?)])(1 )(2 )(3 )]
4: 653ae55c-1d53-427b-be51-15bc1841fca7, 1, 0 [(0 [0xC004F014, 0, 0], [(?)(?)(?)(?)(?)(?)(?)(?)])(1 )(2 )(3 )]
5: 66c20db7-ff1e-4f87-a915-4e03715da35f, 1, 0 [(0 [0xC004F014, 0, 0], [(?)(?)(?)(?)(?)(?)(?)(?)])(1 )(2 )(3 )]
6: 6bad0243-1c35-46b2-b8e6-7a853e37413f, 1, 0 [(0 [0xC004F014, 0, 0], [(?)(?)(?)(?)(?)(?)(?)(?)])(1 )(2 )(3 )]
7: 82fcf64d-f9dd-4411-9c79-f2eed16d4eb8, 1, 0 [(0 [0xC004F014, 0, 0], [(?)(?)(?)(?)(?)(?)(?)(?)])(1 )(2 )(3 )]
8: 84e331f6-4279-48c4-ab10-b75139181351, 1, 0 [(0 [0xC004F014, 0, 0], [(?)(?)(?)(?)(?)(?)(?)(?)])(1 )(2 )(3 )]
9: 9e232465-2ade-4a33-a277-702010a84adb, 1, 0 [(0 [0xC004F014, 0, 0], [(?)(?)(?)(?)(?)(?)(?)(?)])(1 )(2 )(3 )]
10: a1da5f8f-7553-42c5-b0b4-6f27c4d74240, 1, 0 [(0 [0xC004F014, 0, 0], [(?)(?)(?)(?)(?)(?)(?)(?)])(1 )(2 )(3 )]
11: a2004bef-6ff1-48f9-8328-41ce1cd5ee79, 1, 0 [(0 [0xC004F014, 0, 0], [(?)(?)(?)(?)(?)(?)(?)(?)])(1 )(2 )(3 )]
12: c052f164-cdf6-409a-a0cb-853ba0f0f55a, 1, 0 [(0 [0xC004F014, 0, 0], [(?)(?)(?)(?)(?)(?)(?)(?)])(1 )(2 )(3 )]
13: e5b79126-7250-4d27-ad42-0eeb23db5771, 1, 0 [(0 [0xC004F014, 0, 0], [(?)(?)(?)(?)(?)(?)(?)(?)])(1 )(2 )(3 )]
14: f15a5790-90b7-4674-8fd4-e187ba426ad2, 1, 0 [(0 [0xC004F014, 0, 0], [(?)(?)(?)(?)(?)(?)(?)(?)])(1 )(2 )(3 )]

",,,,,,,,,,,,,,,,,,,,,,,,,,,,,,,,,,,,,,,,,,,,,,,,,,,,,,,,,,,,,,,,
2026-04-27T11:06:36.268936Z,"{'#attributes': {'Qualifiers': 49152}, '#text': 20492}",DC01.darkzero.htb,Microsoft-Windows-Security-SPP,Application,1104,4,,,,,,,,,,,,,,,,,0xC004D30B,,,,,,,,,,,,,,,,,,,,,,,,,,,,,,,,,,,,,,,,,,,,,,,,,,,,,,,,,,,,,,,,,,
2026-04-27T11:06:36.368881Z,"{'#attributes': {'Qualifiers': 49152}, '#text': 16398}",DC01.darkzero.htb,Microsoft-Windows-Security-SPP,Application,1105,2,,,,,,,,,,,,,,,,,,0x80070490,No grace timer found,,,,,,,,,,,,,,,,,,,,,,,,,,,,,,,,,,,,,,,,,,,,,,,,,,,,,,,,,,,,,,,,
2026-04-27T11:06:36.456867Z,"{'#attributes': {'Qualifiers': 16384}, '#text': 902}",DC01.darkzero.htb,Microsoft-Windows-Security-SPP,Application,1106,0,,,,,,,,,,,,,,,,,10.0.26100.32522,,,,,,,,,,,,,,,,,,,,,,,,,,,,,,,,,,,,,,,,,,,,,,,,,,,,,,,,,,,,,,,,,,
2026-04-27T11:06:36.914357Z,"{'#attributes': {'Qualifiers': 32768}, '#text': 6006}",DC01.darkzero.htb,Microsoft-Windows-Winlogon,Application,1107,3,,,,,,00000000,,,,,,,,,,,,GPClient,63,CreateSession,,,,,,,,,,,,,,,,,,,,,,,,,,,,,,,,,,,,,,,,,,,,,,,,,,,,,,,,,,,,,,,
2026-04-27T11:07:06.686804Z,"{'#attributes': {'Qualifiers': 16384}, '#text': 16384}",DC01.darkzero.htb,Microsoft-Windows-Security-SPP,Application,1108,4,,,,,,,,,,,,,,,,,,2126-04-03T11:07:06Z,RulesEngine,,,,,,,,,,,,,,,,,,,,,,,,,,,,,,,,,,,,,,,,,,,,,,,,,,,,,,,,,,,,,,,,
2026-04-27T11:07:06.696289Z,"{'#attributes': {'Qualifiers': 16384}, '#text': 903}",DC01.darkzero.htb,Microsoft-Windows-Security-SPP,Application,1109,0,,,,,,,,,,,,,,,,,,,,,,,,,,,,,,,,,,,,,,,,,,,,,,,,,,,,,,,,,,,,,,,,,,,,,,,,,,,,,,,,,,,
2026-04-27T11:07:47.474926Z,"{'#attributes': {'Qualifiers': 16384}, '#text': 900}",DC01.darkzero.htb,Microsoft-Windows-Security-SPP,Application,1110,4,,,,,,,,,,,,,,,,,<explicit>,,,,,,,,,,,,,,,,,,,,,,,,,,,,,,,,,,,,,,,,,,,,,,,,,,,,,,,,,,,,,,,,,,
2026-04-27T11:07:47.616272Z,"{'#attributes': {'Qualifiers': 49152}, '#text': 16394}",DC01.darkzero.htb,Microsoft-Windows-Security-SPP,Application,1111,4,,,,,,,,,,,,,,,,,,,,,,,,,,,,,,,,,,,,,,,,,,,,,,,,,,,,,,,,,,,,,,,,,,,,,,,,,,,,,,,,,,,
2026-04-27T11:07:47.675492Z,"{'#attributes': {'Qualifiers': 16384}, '#text': 16389}",DC01.darkzero.htb,Microsoft-Windows-Security-SPP,Application,1112,4,,,,,,,,,,,,,,,,,0xC004D30B,,,,,,,,,,,,,,,,,,,,,,,,,,,,,,,,,,,,,,,,,,,,,,,,,,,,,,,,,,,,,,,,,,
2026-04-27T11:08:48.551763Z,"{'#attributes': {'Qualifiers': 0}, '#text': 8224}",DC01.darkzero.htb,VSS,Application,1113,4,,,,,,2D20436F64653A2020434F525356434330303030303737322D2043616C6C3A2020434F525356434330303030303735342D205049443A202030303030343434302D205449443A202030303030343436342D20434D443A2020433A5C57494E444F57535C73797374656D33325C76737376632E6578652020202D20557365723A204E616D653A204E5420415554484F524954595C53595354454D2C205349443A532D312D352D313820,,,,,,,,,,,,,,,,,,,,,,,,,,,,,,,,,,,,,,,,,,,,,,,,,,,,,,,,,,,,,,,,,,,,,,,,,,,,,
2026-04-27T11:09:14.379970Z,"{'#attributes': {'Qualifiers': 16384}, '#text': 16384}",DC01.darkzero.htb,Microsoft-Windows-Security-SPP,Application,1114,4,,,,,,,,,,,,,,,,,,2126-04-03T11:09:14Z,RulesEngine,,,,,,,,,,,,,,,,,,,,,,,,,,,,,,,,,,,,,,,,,,,,,,,,,,,,,,,,,,,,,,,,
2026-04-27T11:11:40.034879Z,"{'#attributes': {'Qualifiers': 16384}, '#text': 1704}",DC01.darkzero.htb,SceCli,Application,1115,4,,,,,,,,,,,,,,,,,,,,,,,,,,,,,,,,,,,,,,,,,,,,,,,,,,,,,,,,,,,,,,,,,,,,,,,,,,,,,,,,,,,
2026-04-27T11:12:24.648424Z,"{'#attributes': {'Qualifiers': 49152}, '#text': 16394}",DC01.darkzero.htb,Microsoft-Windows-Security-SPP,Application,1116,4,,,,,,,,,,,,,,,,,,,,,,,,,,,,,,,,,,,,,,,,,,,,,,,,,,,,,,,,,,,,,,,,,,,,,,,,,,,,,,,,,,,
2026-04-27T11:12:24.807727Z,"{'#attributes': {'Qualifiers': 16384}, '#text': 16389}",DC01.darkzero.htb,Microsoft-Windows-Security-SPP,Application,1117,4,,,,,,,,,,,,,,,,,0xC004D30B,,,,,,,,,,,,,,,,,,,,,,,,,,,,,,,,,,,,,,,,,,,,,,,,,,,,,,,,,,,,,,,,,,
2026-04-27T11:12:55.784315Z,"{'#attributes': {'Qualifiers': 16384}, '#text': 16384}",DC01.darkzero.htb,Microsoft-Windows-Security-SPP,Application,1118,4,,,,,,,,,,,,,,,,,,2126-04-03T11:12:55Z,RulesEngine,,,,,,,,,,,,,,,,,,,,,,,,,,,,,,,,,,,,,,,,,,,,,,,,,,,,,,,,,,,,,,,,
2026-04-27T11:15:32.138484Z,1001,DC01.darkzero.htb,Microsoft-Windows-LoadPerf,Application,1119,4,,,,,,,,,,,,,,,,,,,,,,,,,,,,,,,,,,,,,,,,,,,,,,,,,,,,,,,,,,,,,,,,,,,,LoadPerf,6E420000C4020000,8,,WmiApRpl,,,,WmiApRpl,,,,,,,
2026-04-27T11:15:32.523287Z,1000,DC01.darkzero.htb,Microsoft-Windows-LoadPerf,Application,1120,4,,,,,,,,,,,,,,,,,,,,,,,,,,,,,,,,,,,,,,,,,,,,,,,,,,,,,,,,,,,,,,,,,,,,LoadPerf,7042000040430000,8,,WmiApRpl,,,,WmiApRpl,,,,,,,
2026-04-27T11:43:31.203251Z,"{'#attributes': {'Qualifiers': 49152}, '#text': 16394}",DC01.darkzero.htb,Microsoft-Windows-Security-SPP,Application,1121,4,,,,,,,,,,,,,,,,,,,,,,,,,,,,,,,,,,,,,,,,,,,,,,,,,,,,,,,,,,,,,,,,,,,,,,,,,,,,,,,,,,,
2026-04-27T11:43:31.260797Z,"{'#attributes': {'Qualifiers': 16384}, '#text': 16389}",DC01.darkzero.htb,Microsoft-Windows-Security-SPP,Application,1122,4,,,,,,,,,,,,,,,,,0xC004D30B,,,,,,,,,,,,,,,,,,,,,,,,,,,,,,,,,,,,,,,,,,,,,,,,,,,,,,,,,,,,,,,,,,
2026-04-27T11:44:01.713376Z,"{'#attributes': {'Qualifiers': 16384}, '#text': 16384}",DC01.darkzero.htb,Microsoft-Windows-Security-SPP,Application,1123,4,,,,,,,,,,,,,,,,,,2126-04-03T11:44:01Z,RulesEngine,,,,,,,,,,,,,,,,,,,,,,,,,,,,,,,,,,,,,,,,,,,,,,,,,,,,,,,,,,,,,,,,
2026-04-27T11:57:44.052366Z,"{'#attributes': {'Qualifiers': 49152}, '#text': 16394}",DC01.darkzero.htb,Microsoft-Windows-Security-SPP,Application,1124,4,,,,,,,,,,,,,,,,,,,,,,,,,,,,,,,,,,,,,,,,,,,,,,,,,,,,,,,,,,,,,,,,,,,,,,,,,,,,,,,,,,,
2026-04-27T11:57:44.518785Z,"{'#attributes': {'Qualifiers': 16384}, '#text': 16389}",DC01.darkzero.htb,Microsoft-Windows-Security-SPP,Application,1125,4,,,,,,,,,,,,,,,,,0xC004D30B,,,,,,,,,,,,,,,,,,,,,,,,,,,,,,,,,,,,,,,,,,,,,,,,,,,,,,,,,,,,,,,,,,
2026-04-27T11:58:14.714992Z,"{'#attributes': {'Qualifiers': 16384}, '#text': 16384}",DC01.darkzero.htb,Microsoft-Windows-Security-SPP,Application,1126,4,,,,,,,,,,,,,,,,,,2126-04-03T11:58:14Z,RulesEngine,,,,,,,,,,,,,,,,,,,,,,,,,,,,,,,,,,,,,,,,,,,,,,,,,,,,,,,,,,,,,,,,
2026-04-27T12:02:34.292334Z,"{'#attributes': {'Qualifiers': 49152}, '#text': 16394}",DC01.darkzero.htb,Microsoft-Windows-Security-SPP,Application,1127,4,,,,,,,,,,,,,,,,,,,,,,,,,,,,,,,,,,,,,,,,,,,,,,,,,,,,,,,,,,,,,,,,,,,,,,,,,,,,,,,,,,,
2026-04-27T12:02:34.356904Z,"{'#attributes': {'Qualifiers': 16384}, '#text': 16389}",DC01.darkzero.htb,Microsoft-Windows-Security-SPP,Application,1128,4,,,,,,,,,,,,,,,,,0xC004D30B,,,,,,,,,,,,,,,,,,,,,,,,,,,,,,,,,,,,,,,,,,,,,,,,,,,,,,,,,,,,,,,,,,
2026-04-27T12:03:04.951660Z,"{'#attributes': {'Qualifiers': 16384}, '#text': 16384}",DC01.darkzero.htb,Microsoft-Windows-Security-SPP,Application,1129,4,,,,,,,,,,,,,,,,,,2126-04-03T12:03:04Z,RulesEngine,,,,,,,,,,,,,,,,,,,,,,,,,,,,,,,,,,,,,,,,,,,,,,,,,,,,,,,,,,,,,,,,
2026-04-27T12:16:05.879756Z,1001,DC01.darkzero.htb,Windows Error Reporting,Application,1130,4,,,,,,,,0,,,0,0,,,,,,,,,,,,,,,,,,,,,WindowsWcpOtherFailure3,,,,,,,10.0.26100.32500:2,,wcp\componentstore\storelayout.cpp,ComponentStore::CRawStoreLayout::OpenComponentFile,2204,800f0983,0xf2175713,,,,,,,,0,87d3363b-b5a6-4312-92b8-f17e672fa14f,4,Not available,,,,,\\?\C:\ProgramData\Microsoft\Windows\WER\ReportQueue\Critical_10.0.26100.32500_27e0ae8c79c512dccd45295675e52b498073ff_00000000_87d3363b-b5a6-4312-92b8-f17e672fa14f,,,,,,,,,,,,,,,,,,,,,
2026-04-27T12:16:05.902178Z,1001,DC01.darkzero.htb,Windows Error Reporting,Application,1131,4,,,,,"
\\?\C:\Windows\Logs\CBS\CBS.log
\\?\C:\Windows\Logs\CBS\CbsPersist_20260406091804.log
\\?\C:\Windows\Logs\CBS\CbsPersist_20260405202130.log
\\?\C:\Windows\Logs\CBS\CbsPersist_20260405172018.cab
\\?\C:\Windows\Logs\CBS\CbsPersist_20260405171013.cab
\\?\C:\WINDOWS\servicing\Sessions\Sessions.xml
\\?\C:\WINDOWS\WinSxs\poqexec.log
\\?\C:\WINDOWS\Logs\Cbs\FilterList.log",,,0,,,0,0,,,,,,,,,,,,,,,,,,,,,WindowsWcpOtherFailure3,,,,,,,10.0.26100.32500:2,,wcp\componentstore\storelayout.cpp,ComponentStore::CRawStoreLayout::OpenComponentFile,2204,800f0983,0xf2175713,,,,,,,,0,87d3363b-b5a6-4312-92b8-f17e672fa14f,262148,Not available,,,,,NULL,,,,,,,,,,,,,,,,,,,,,
2026-04-27T12:16:26.232740Z,1001,DC01.darkzero.htb,Windows Error Reporting,Application,1132,4,,,,,"
\\?\C:\ProgramData\Microsoft\Windows\WER\Temp\WER.8b24a08a-dfee-4465-8337-f80637dbe057.tmp.WERInternalMetadata.xml",,,0,,,0,0,,,,,,,,,,,,,,,,,,,,,WindowsWcpOtherFailure3,,,,,,,10.0.26100.32500:2,,wcp\componentstore\storelayout.cpp,ComponentStore::CRawStoreLayout::OpenComponentFile,2204,800f0983,0xf2175713,,,,,,,,0,87d3363b-b5a6-4312-92b8-f17e672fa14f,2147491840,Not available,,,,,\\?\C:\ProgramData\Microsoft\Windows\WER\ReportArchive\Critical_10.0.26100.32500_27e0ae8c79c512dccd45295675e52b498073ff_00000000_87d3363b-b5a6-4312-92b8-f17e672fa14f,,,,,,,,,,,,,,,,,,,,,
2026-04-27T12:18:17.946528Z,"{'#attributes': {'Qualifiers': 32768}, '#text': 6003}",DC01.darkzero.htb,Microsoft-Windows-Winlogon,Application,1133,4,,,,,,D9060000,,,,,,,,,,,SessionEnv,,,,,,,,,,,,,,,,,,,,,,,,,,,,,,,,,,,,,,,,,,,,,,,,,,,,,,,,,,,,,,,,,,
2026-04-27T12:18:19.256354Z,"{'#attributes': {'Qualifiers': 32768}, '#text': 6000}",DC01.darkzero.htb,Microsoft-Windows-Winlogon,Application,1134,4,,,,,,D9060000,,,,,,,,,,,SessionEnv,,,,,,,,,,,,,,,,,,,,,,,,,,,,,,,,,,,,,,,,,,,,,,,,,,,,,,,,,,,,,,,,,,
2026-04-27T12:21:07.917102Z,"{'#attributes': {'Qualifiers': 32768}, '#text': 6000}",DC01.darkzero.htb,Microsoft-Windows-Winlogon,Application,1135,4,,,,,,D9060000,,,,,,,,,,,SessionEnv,,,,,,,,,,,,,,,,,,,,,,,,,,,,,,,,,,,,,,,,,,,,,,,,,,,,,,,,,,,,,,,,,,
2026-04-27T12:21:10.152327Z,"{'#attributes': {'Qualifiers': 0}, '#text': 260}",DC01.darkzero.htb,VMUpgradeHelper,Application,1136,4,,,,,,,,,,,,,,,,,,,,,,,,,,,,,,,,,,,,,,,,,,,,,,,,,,,,,,,,,,,,,,,,,,,,,,,,,,,,,,,,,,,
2026-04-27T12:21:10.152638Z,"{'#attributes': {'Qualifiers': 0}, '#text': 272}",DC01.darkzero.htb,VMUpgradeHelper,Application,1137,4,,,,,,,,,,,,,,,,,,,,,,,,,,,,,,,,,,,,,,,,,,,,,,,,,,,,,,,,,,,,,,,,,,,,,,,,,,,,,,,,,,,
2026-04-27T12:21:10.158365Z,"{'#attributes': {'Qualifiers': 0}, '#text': 108}",DC01.darkzero.htb,VMTools,Application,1138,4,,,,,,,,,,,,,,,,,,,,,,,,,,,,,,,,,,,,,,,,,,,,,,,,,,,,,,,,,,,,,,,,,,,,,,,,,,,,,,,,,,,
2026-04-27T12:21:10.346324Z,"{'#attributes': {'Qualifiers': 16384}, '#text': 4111}",DC01.darkzero.htb,Microsoft-Windows-MSDTC,Application,1139,4,,,,,,4D005300440054004300,,,,,,,,,,,,,,,,,,,,,,,,,,,,,,,,,,,,,,,,,,,,,,,,,,,,,,,,,,,,,,,,,,,,,,,,,,,,,
2026-04-27T12:21:10.370975Z,"{'#attributes': {'Qualifiers': 0}, '#text': 13}",DC01.darkzero.htb,VSS,Application,1140,2,,,,,,2D20436F64653A20575254575254494330303030343932332D2043616C6C3A20575254575254494330303030343931362D205049443A202030303030323237322D205449443A202030303030303838302D20434D443A2020433A5C57494E444F57535C73797374656D33325C737663686F73742E657865202D6B204E6574776F726B53657276696365202D70202020202D20557365723A204E616D653A204E5420415554484F524954595C4E4554574F524B20534552564943452C205349443A532D312D352D3230,,,,,,,,,,,,{4e14fba2-2e22-11d1-9964-00c04fbbb345},CEventSystem,"0x8007045b, A system shutdown is in progress.
",,,,,,,,,,,,,,,,,,,,,,,,,,,,,,,,,,,,,,,,,,,,,,,,,,,,,,,,,,,,,,,
2026-04-27T12:21:10.383443Z,"{'#attributes': {'Qualifiers': 0}, '#text': 8193}",DC01.darkzero.htb,VSS,Application,1141,2,,,,,,2D20436F64653A20575254575254494330303030343933302D2043616C6C3A20575254575254494330303030343931362D205049443A202030303030323237322D205449443A202030303030303838302D20434D443A2020433A5C57494E444F57535C73797374656D33325C737663686F73742E657865202D6B204E6574776F726B53657276696365202D70202020202D20557365723A204E616D653A204E5420415554484F524954595C4E4554574F524B20534552564943452C205349443A532D312D352D3230,,,,,,,,,,,,CoCreateInstance,"0x8007045b, A system shutdown is in progress.
",,,,,,,,,,,,,,,,,,,,,,,,,,,,,,,,,,,,,,,,,,,,,,,,,,,,,,,,,,,,,,,,
2026-04-27T12:21:10.355149Z,1532,DC01.darkzero.htb,Microsoft-Windows-User Profiles Service,Application,1142,4,,,,,,,,,,,,,,,,,,,,,,,,,,,,,,,,,,,,,,,,,,,,,,,,,,,,,,,,,,,,,,,,,,,,,,,,,,,,,,,,,,,
2026-04-27T12:21:10.454955Z,38,DC01.darkzero.htb,Microsoft-Windows-CertificationAuthority,Application,1143,4,,,,,,,,,,darkzero-DC01-CA,,,,,,,,,,,,,,,,,,,,,,,,,,,,,,,,,,,,,,,,,,,,,,,,,,,,,,,,,MSG_I_SERVER_STOPPED,,,,,,,,,,,,,,,,
2026-05-18T12:30:24.004521Z,5615,DC01.darkzero.htb,Microsoft-Windows-WMI,Application,1144,4,,,,,,,,,,,,,,,,,,,,,,,,,,,,,,,,,,,,,,,,,,,,,,,,,,,,,,,,,,,,,,,,,,,,,,,,,,,,,,,,,,,
