2026-05-18T12:30:21.638048Z,"{'#attributes': {'Qualifiers': 32768}, '#text': 3054}",DC01.darkzero.htb,Microsoft-Windows-ActiveDirectory_DomainService,Directory Service,159,3,,,,,,,,,,,,,,
2026-05-18T12:30:21.824747Z,"{'#attributes': {'Qualifiers': 16384}, '#text': 2121}",DC01.darkzero.htb,Microsoft-Windows-ActiveDirectory_DomainService,Directory Service,160,4,,,,,,,,,,,,,,
2026-05-18T12:30:21.824747Z,"{'#attributes': {'Qualifiers': 16384}, '#text': 2406}",DC01.darkzero.htb,Microsoft-Windows-ActiveDirectory_DomainService,Directory Service,161,4,,Recycle Bin Feature,,,,,,,,,,,,
2026-05-18T12:30:21.826773Z,"{'#attributes': {'Qualifiers': 16384}, '#text': 2406}",DC01.darkzero.htb,Microsoft-Windows-ActiveDirectory_DomainService,Directory Service,162,4,,Privileged Access Management Feature,,,,,,,,,,,,
2026-05-18T12:30:21.826773Z,"{'#attributes': {'Qualifiers': 16384}, '#text': 2406}",DC01.darkzero.htb,Microsoft-Windows-ActiveDirectory_DomainService,Directory Service,163,4,,Database 32k Pages Feature,,,,,,,,,,,,
2026-05-18T12:30:21.826773Z,"{'#attributes': {'Qualifiers': 16384}, '#text': 2168}",DC01.darkzero.htb,Microsoft-Windows-ActiveDirectory_DomainService,Directory Service,164,4,,6174252213701703133,,,,,,,,,,,,
2026-05-18T12:30:21.826773Z,"{'#attributes': {'Qualifiers': 16384}, '#text': 2172}",DC01.darkzero.htb,Microsoft-Windows-ActiveDirectory_DomainService,Directory Service,165,4,,6174252213701703133,,,,,,,,,,,,
2026-05-18T12:30:21.844758Z,"{'#attributes': {'Qualifiers': 16384}, '#text': 2120}",DC01.darkzero.htb,Microsoft-Windows-ActiveDirectory_DomainService,Directory Service,166,4,,,,,,,,,,,,,,
2026-05-18T12:30:21.844758Z,"{'#attributes': {'Qualifiers': 16384}, '#text': 2405}",DC01.darkzero.htb,Microsoft-Windows-ActiveDirectory_DomainService,Directory Service,167,4,,Recycle Bin Feature,,,,,,,,,,,,
2026-05-18T12:30:21.844758Z,"{'#attributes': {'Qualifiers': 16384}, '#text': 2405}",DC01.darkzero.htb,Microsoft-Windows-ActiveDirectory_DomainService,Directory Service,168,4,,Database 32k Pages Feature,,,,,,,,,,,,
2026-05-18T12:30:21.844758Z,"{'#attributes': {'Qualifiers': 16384}, '#text': 2405}",DC01.darkzero.htb,Microsoft-Windows-ActiveDirectory_DomainService,Directory Service,169,4,,Privileged Access Management Feature,,,,,,,,,,,,
2026-05-18T12:30:31.855405Z,"{'#attributes': {'Qualifiers': 16384}, '#text': 1000}",DC01.darkzero.htb,Microsoft-Windows-ActiveDirectory_DomainService,Directory Service,170,4,,,,,,,,,,,,,,
2026-05-18T12:31:01.873878Z,"{'#attributes': {'Qualifiers': 16384}, '#text': 1394}",DC01.darkzero.htb,Microsoft-Windows-ActiveDirectory_DomainService,Directory Service,171,4,,,,,,,,,,,,,,
2026-05-18T12:45:32.054390Z,"{'#attributes': {'Qualifiers': 16384}, '#text': 1869}",DC01.darkzero.htb,Microsoft-Windows-ActiveDirectory_DomainService,Directory Service,172,4,,,\\DC01.darkzero.htb,Default-First-Site-Name,,,,,,,,,,
2026-05-18T12:45:33.714336Z,"{'#attributes': {'Qualifiers': 0}, '#text': 102}",DC01.darkzero.htb,NTDS ISAM,Directory Service,173,4,,,NTDS,"892,P,98,0",,,NTDSA: ,0,10,00,26100,0000,,
2026-05-18T12:45:33.714890Z,"{'#attributes': {'Qualifiers': 0}, '#text': 105}",DC01.darkzero.htb,NTDS ISAM,Directory Service,174,4,,,NTDS,"892,D,0,0",,,NTDSA: ,0,0.339,"
[1] 0.001824 +J(0) +M(C:0K, Fs:183, WS:708K # 100K, PF:5416K # 2412K, P:5416K)
[2] 0.003117 +J(0) +M(C:64K, Fs:94, WS:364K # 364K, PF:364K # 364K, P:364K)
[3] 0.000472 +J(0) +M(C:0K, Fs:3, WS:12K # 12K, PF:64K # 64K, P:64K)
[4] 0.013334 -0.000391 (1) WT +J(0) +M(C:0K, Fs:154, WS:540K # 540K, PF:7684K # 7684K, P:7684K)
[5] 0.000326 +J(0)
[6] 0.005488 +J(0) +M(C:0K, Fs:23, WS:88K # 88K, PF:16K # 16K, P:16K)
[7] 0.275999 -0.268498 (21) WT +J(0) +M(C:0K, Fs:2580, WS:10300K # 10300K, PF:10260K # 10260K, P:10260K)
[8] -
[9] -
[10] -
[11] -
[12] -
[13] 0.037153 -0.032474 (22) WT +J(CM:0, PgRf:0, Rd:0/0, Dy:0/0, Lg:616/1) +M(C:0K, Fs:13, WS:-10200K # 20K, PF:-10256K # 12K, P:-10256K)
[14] 0.000027 +J(0)
[15] 0.001061 +J(0) +M(C:0K, Fs:822, WS:3280K # 0K, PF:68K # 0K, P:68K)
[16] 0.000580 -0.000330 (1) WT +J(0) +M(C:0K, Fs:2, WS:0K # 0K, PF:0K # 0K, P:0K).","RBSOn = 0
",,,
2026-05-18T12:45:33.715430Z,"{'#attributes': {'Qualifiers': 0}, '#text': 330}",DC01.darkzero.htb,NTDS ISAM,Directory Service,175,4,,,NTDS,"892,D,50,0",,,NTDSA: ,C:\Windows\NTDS\ntds.dit,0x2580 (9600),9600 (0x2580),9620 (0x2594),,,
2026-05-18T12:45:33.715770Z,"{'#attributes': {'Qualifiers': 0}, '#text': 326}",DC01.darkzero.htb,NTDS ISAM,Directory Service,176,4,,,NTDS,"892,D,50,0",,,NTDSA: ,1,C:\Windows\NTDS\ntds.dit,0,"
[1] 0.000006 +J(0) +M(C:0K, Fs:1, WS:4K # 0K, PF:0K # 0K, P:0K)
[2] 0.000659 -0.000360 (1) WT +J(0) +M(C:0K, Fs:28, WS:48K # 0K, PF:32K # 0K, P:32K)
[3] 0.007297 -0.003547 (6) WT +J(CM:0, PgRf:0, Rd:0/0, Dy:0/0, Lg:3480/2) +M(C:0K, Fs:38, WS:120K # 0K, PF:120K # 0K, P:120K)
[4] 0.000893 +J(0) +M(C:0K, Fs:1, WS:4K # 0K, PF:0K # 0K, P:0K)
[5] -
[6] 0.004863 -0.001189 (2) CM -0.001100 (2) WT +J(CM:2, PgRf:2, Rd:0/2, Dy:0/0, Lg:0/0) +M(C:-56K, Fs:65, WS:204K # 0K, PF:148K # 0K, P:148K)
[7] 0.000006 +J(0)
[8] 0.002785 -0.000394 (1) CM -0.000348 (1) WT +J(CM:1, PgRf:1, Rd:4/1, Dy:0/0, Lg:0/0) +M(C:92K, Fs:54, WS:184K # 0K, PF:292K # 0K, P:292K)
[9] -
[10] -
[11] -
[12] 0.000293 +J(CM:0, PgRf:0, Rd:0/0, Dy:0/0, Lg:54/1) +M(C:0K, Fs:3, WS:12K # 0K, PF:20K # 0K, P:20K)
[13] 0.006418 -0.004064 (6) CM -0.003817 (6) WT +J(CM:6, PgRf:23, Rd:0/6, Dy:0/0, Lg:0/0) +M(C:-24K, Fs:44, WS:56K # 0K, PF:12K # 0K, P:12K)
[14] 0.001911 -0.001575 (4) CM -0.001433 (4) WT +J(CM:4, PgRf:40, Rd:0/4, Dy:0/0, Lg:0/0) +M(C:-24K, Fs:24, WS:-8K # 0K, PF:40K # 0K, P:40K)
[15] 0.000484 -0.000418 (1) CM -0.000381 (1) WT +J(CM:1, PgRf:1, Rd:0/1, Dy:0/0, Lg:0/0) +M(C:0K, Fs:7, WS:0K # 0K, PF:0K # 0K, P:0K)
[16] 0.000024 +J(CM:0, PgRf:1, Rd:0/0, Dy:0/0, Lg:0/0) +M(C:0K, Fs:1, WS:4K # 0K, PF:0K # 0K, P:0K)
[17] 0.000081 +J(CM:0, PgRf:48, Rd:0/0, Dy:0/0, Lg:0/0) +M(C:0K, Fs:5, WS:20K # 0K, PF:0K # 0K, P:0K)
[18] 0.0 +J(0)
[19] 0.0 +J(0)
[20] 0.000022 +J(CM:0, PgRf:2, Rd:0/0, Dy:0/0, Lg:0/0) +M(C:0K, Fs:2, WS:8K # 0K, PF:0K # 0K, P:0K).",0 0,"lgposAttach = 00000002:0687:0268,
dbv = 1568.290.600 (9600)",
2026-05-18T12:45:33.716148Z,"{'#attributes': {'Qualifiers': 0}, '#text': 330}",DC01.darkzero.htb,NTDS ISAM,Directory Service,177,4,,,NTDS,"892,D,2,0",,,NTDSA: ,C:\Windows\NTDS\temp.edb,0x2580 (9600),9600 (0x2580),9620 (0x2594),,,
2026-05-18T12:45:33.716421Z,"{'#attributes': {'Qualifiers': 0}, '#text': 700}",DC01.darkzero.htb,NTDS ISAM,Directory Service,178,4,,,NTDS,"892,D,0,0",,,NTDSA: ,C:\Windows\NTDS\ntds.dit,,,,,,
2026-05-18T12:45:33.708211Z,"{'#attributes': {'Qualifiers': 16384}, '#text': 3033}",DC01.darkzero.htb,Microsoft-Windows-ActiveDirectory_DomainService,Directory Service,179,4,,,,,,,,,,,,,,
2026-05-18T12:45:33.708211Z,"{'#attributes': {'Qualifiers': 16384}, '#text': 3027}",DC01.darkzero.htb,Microsoft-Windows-ActiveDirectory_DomainService,Directory Service,180,4,,3600,,,,,,,,,,,,
2026-05-18T12:45:34.856517Z,"{'#attributes': {'Qualifiers': 0}, '#text': 701}",DC01.darkzero.htb,NTDS ISAM,Directory Service,181,4,,,NTDS,"892,D,0,0",,,NTDSA: ,C:\Windows\NTDS\ntds.dit,2,5/18/2026,1,1,1,6
2026-05-18T14:09:25.404358Z,"{'#attributes': {'Qualifiers': 16384}, '#text': 2179}",DC01.darkzero.htb,Microsoft-Windows-ActiveDirectory_DomainService,Directory Service,182,4,,6174252213701703133,,,,,,,,,,,,
2026-05-18T14:09:26.770241Z,"{'#attributes': {'Qualifiers': 16384}, '#text': 1004}",DC01.darkzero.htb,Microsoft-Windows-ActiveDirectory_DomainService,Directory Service,183,4,,,,,,,,,,,,,,
2026-05-18T14:26:53.634588Z,"{'#attributes': {'Qualifiers': 32768}, '#text': 3051}",DC01.darkzero.htb,Microsoft-Windows-ActiveDirectory_DomainService,Directory Service,184,3,,,,,,,,,,,,,,
2026-05-18T14:26:53.634588Z,"{'#attributes': {'Qualifiers': 32768}, '#text': 3054}",DC01.darkzero.htb,Microsoft-Windows-ActiveDirectory_DomainService,Directory Service,185,3,,,,,,,,,,,,,,
2026-05-18T14:26:53.891290Z,"{'#attributes': {'Qualifiers': 16384}, '#text': 2121}",DC01.darkzero.htb,Microsoft-Windows-ActiveDirectory_DomainService,Directory Service,186,4,,,,,,,,,,,,,,
2026-05-18T14:26:53.891290Z,"{'#attributes': {'Qualifiers': 16384}, '#text': 2406}",DC01.darkzero.htb,Microsoft-Windows-ActiveDirectory_DomainService,Directory Service,187,4,,Recycle Bin Feature,,,,,,,,,,,,
2026-05-18T14:26:53.891290Z,"{'#attributes': {'Qualifiers': 16384}, '#text': 2406}",DC01.darkzero.htb,Microsoft-Windows-ActiveDirectory_DomainService,Directory Service,188,4,,Privileged Access Management Feature,,,,,,,,,,,,
2026-05-18T14:26:53.891290Z,"{'#attributes': {'Qualifiers': 16384}, '#text': 2406}",DC01.darkzero.htb,Microsoft-Windows-ActiveDirectory_DomainService,Directory Service,189,4,,Database 32k Pages Feature,,,,,,,,,,,,
2026-05-18T14:26:53.893310Z,"{'#attributes': {'Qualifiers': 16384}, '#text': 2168}",DC01.darkzero.htb,Microsoft-Windows-ActiveDirectory_DomainService,Directory Service,190,4,,9560182742258083877,,,,,,,,,,,,
2026-05-18T14:26:53.893310Z,"{'#attributes': {'Qualifiers': 16384}, '#text': 2172}",DC01.darkzero.htb,Microsoft-Windows-ActiveDirectory_DomainService,Directory Service,191,4,,6174252213701703133,,,,,,,,,,,,
2026-05-18T14:26:53.893310Z,"{'#attributes': {'Qualifiers': 32768}, '#text': 2170}",DC01.darkzero.htb,Microsoft-Windows-ActiveDirectory_DomainService,Directory Service,192,3,,,6174252213701703133,9560182742258083877,,,,,,,,,,
2026-05-18T14:26:53.901412Z,"{'#attributes': {'Qualifiers': 16384}, '#text': 1109}",DC01.darkzero.htb,Microsoft-Windows-ActiveDirectory_DomainService,Directory Service,193,4,,,90338cc2-5900-4633-9ab9-0947a5e7de8a,a1ec0c0f-978c-4ee4-9e21-78e44be49565,,,32774,,,,,,,
2026-05-18T14:26:53.921159Z,"{'#attributes': {'Qualifiers': 16384}, '#text': 2208}",DC01.darkzero.htb,Microsoft-Windows-ActiveDirectory_DomainService,Directory Service,194,4,,,,,,,,,,,,,,
2026-05-18T14:26:53.929270Z,"{'#attributes': {'Qualifiers': 16384}, '#text': 2179}",DC01.darkzero.htb,Microsoft-Windows-ActiveDirectory_DomainService,Directory Service,195,4,,9560182742258083877,,,,,,,,,,,,
2026-05-18T14:26:53.943172Z,"{'#attributes': {'Qualifiers': 16384}, '#text': 2120}",DC01.darkzero.htb,Microsoft-Windows-ActiveDirectory_DomainService,Directory Service,196,4,,,,,,,,,,,,,,
2026-05-18T14:26:53.943172Z,"{'#attributes': {'Qualifiers': 16384}, '#text': 2405}",DC01.darkzero.htb,Microsoft-Windows-ActiveDirectory_DomainService,Directory Service,197,4,,Recycle Bin Feature,,,,,,,,,,,,
2026-05-18T14:26:53.943172Z,"{'#attributes': {'Qualifiers': 16384}, '#text': 2405}",DC01.darkzero.htb,Microsoft-Windows-ActiveDirectory_DomainService,Directory Service,198,4,,Database 32k Pages Feature,,,,,,,,,,,,
2026-05-18T14:26:53.943172Z,"{'#attributes': {'Qualifiers': 16384}, '#text': 2405}",DC01.darkzero.htb,Microsoft-Windows-ActiveDirectory_DomainService,Directory Service,199,4,,Privileged Access Management Feature,,,,,,,,,,,,
2026-05-18T14:27:03.962760Z,"{'#attributes': {'Qualifiers': 16384}, '#text': 1000}",DC01.darkzero.htb,Microsoft-Windows-ActiveDirectory_DomainService,Directory Service,200,4,,,,,,,,,,,,,,
2026-05-18T14:27:34.167740Z,"{'#attributes': {'Qualifiers': 16384}, '#text': 1394}",DC01.darkzero.htb,Microsoft-Windows-ActiveDirectory_DomainService,Directory Service,201,4,,,,,,,,,,,,,,
2026-05-18T14:31:51.443991Z,"{'#attributes': {'Qualifiers': 16384}, '#text': 2179}",DC01.darkzero.htb,Microsoft-Windows-ActiveDirectory_DomainService,Directory Service,202,4,,9560182742258083877,,,,,,,,,,,,
2026-05-18T14:31:51.786071Z,"{'#attributes': {'Qualifiers': 16384}, '#text': 1004}",DC01.darkzero.htb,Microsoft-Windows-ActiveDirectory_DomainService,Directory Service,203,4,,,,,,,,,,,,,,
2026-05-20T13:06:18.743880Z,"{'#attributes': {'Qualifiers': 32768}, '#text': 3051}",DC01.darkzero.htb,Microsoft-Windows-ActiveDirectory_DomainService,Directory Service,204,3,,,,,,,,,,,,,,
2026-05-20T13:06:18.743880Z,"{'#attributes': {'Qualifiers': 32768}, '#text': 3054}",DC01.darkzero.htb,Microsoft-Windows-ActiveDirectory_DomainService,Directory Service,205,3,,,,,,,,,,,,,,
2026-05-20T13:06:18.994583Z,"{'#attributes': {'Qualifiers': 16384}, '#text': 2121}",DC01.darkzero.htb,Microsoft-Windows-ActiveDirectory_DomainService,Directory Service,206,4,,,,,,,,,,,,,,
2026-05-20T13:06:18.994583Z,"{'#attributes': {'Qualifiers': 16384}, '#text': 2406}",DC01.darkzero.htb,Microsoft-Windows-ActiveDirectory_DomainService,Directory Service,207,4,,Recycle Bin Feature,,,,,,,,,,,,
2026-05-20T13:06:18.994583Z,"{'#attributes': {'Qualifiers': 16384}, '#text': 2406}",DC01.darkzero.htb,Microsoft-Windows-ActiveDirectory_DomainService,Directory Service,208,4,,Privileged Access Management Feature,,,,,,,,,,,,
2026-05-20T13:06:18.994583Z,"{'#attributes': {'Qualifiers': 16384}, '#text': 2406}",DC01.darkzero.htb,Microsoft-Windows-ActiveDirectory_DomainService,Directory Service,209,4,,Database 32k Pages Feature,,,,,,,,,,,,
2026-05-20T13:06:18.996603Z,"{'#attributes': {'Qualifiers': 16384}, '#text': 2168}",DC01.darkzero.htb,Microsoft-Windows-ActiveDirectory_DomainService,Directory Service,210,4,,7420655408770027604,,,,,,,,,,,,
2026-05-20T13:06:18.996603Z,"{'#attributes': {'Qualifiers': 16384}, '#text': 2172}",DC01.darkzero.htb,Microsoft-Windows-ActiveDirectory_DomainService,Directory Service,211,4,,9560182742258083877,,,,,,,,,,,,
2026-05-20T13:06:18.996603Z,"{'#attributes': {'Qualifiers': 32768}, '#text': 2170}",DC01.darkzero.htb,Microsoft-Windows-ActiveDirectory_DomainService,Directory Service,212,3,,,9560182742258083877,7420655408770027604,,,,,,,,,,
2026-05-20T13:06:19.002426Z,"{'#attributes': {'Qualifiers': 16384}, '#text': 1109}",DC01.darkzero.htb,Microsoft-Windows-ActiveDirectory_DomainService,Directory Service,213,4,,,a1ec0c0f-978c-4ee4-9e21-78e44be49565,36399a7d-d6f1-4800-ac73-7753ca143da3,,,36871,,,,,,,
2026-05-20T13:06:19.042679Z,"{'#attributes': {'Qualifiers': 16384}, '#text': 2179}",DC01.darkzero.htb,Microsoft-Windows-ActiveDirectory_DomainService,Directory Service,214,4,,7420655408770027604,,,,,,,,,,,,
2026-05-20T13:06:19.082003Z,"{'#attributes': {'Qualifiers': 16384}, '#text': 2208}",DC01.darkzero.htb,Microsoft-Windows-ActiveDirectory_DomainService,Directory Service,215,4,,,,,,,,,,,,,,
2026-05-20T13:06:19.098173Z,"{'#attributes': {'Qualifiers': 16384}, '#text': 2120}",DC01.darkzero.htb,Microsoft-Windows-ActiveDirectory_DomainService,Directory Service,216,4,,,,,,,,,,,,,,
2026-05-20T13:06:19.098173Z,"{'#attributes': {'Qualifiers': 16384}, '#text': 2405}",DC01.darkzero.htb,Microsoft-Windows-ActiveDirectory_DomainService,Directory Service,217,4,,Recycle Bin Feature,,,,,,,,,,,,
2026-05-20T13:06:19.098173Z,"{'#attributes': {'Qualifiers': 16384}, '#text': 2405}",DC01.darkzero.htb,Microsoft-Windows-ActiveDirectory_DomainService,Directory Service,218,4,,Database 32k Pages Feature,,,,,,,,,,,,
2026-05-20T13:06:19.098173Z,"{'#attributes': {'Qualifiers': 16384}, '#text': 2405}",DC01.darkzero.htb,Microsoft-Windows-ActiveDirectory_DomainService,Directory Service,219,4,,Privileged Access Management Feature,,,,,,,,,,,,
2026-05-20T13:06:29.111680Z,"{'#attributes': {'Qualifiers': 16384}, '#text': 1000}",DC01.darkzero.htb,Microsoft-Windows-ActiveDirectory_DomainService,Directory Service,220,4,,,,,,,,,,,,,,
2026-05-20T13:06:59.404663Z,"{'#attributes': {'Qualifiers': 16384}, '#text': 1394}",DC01.darkzero.htb,Microsoft-Windows-ActiveDirectory_DomainService,Directory Service,221,4,,,,,,,,,,,,,,
2026-05-20T13:21:29.437846Z,"{'#attributes': {'Qualifiers': 0}, '#text': 102}",DC01.darkzero.htb,NTDS ISAM,Directory Service,222,4,,,NTDS,"888,P,98,0",,,NTDSA: ,0,10,00,26100,0000,,
2026-05-20T13:21:29.438416Z,"{'#attributes': {'Qualifiers': 0}, '#text': 105}",DC01.darkzero.htb,NTDS ISAM,Directory Service,223,4,,,NTDS,"888,D,0,0",,,NTDSA: ,0,0.147,"
[1] 0.001986 +J(0) +M(C:0K, Fs:181, WS:708K # 100K, PF:5416K # 2416K, P:5416K)
[2] 0.003101 +J(0) +M(C:64K, Fs:93, WS:360K # 360K, PF:356K # 356K, P:356K)
[3] 0.000477 +J(0) +M(C:0K, Fs:4, WS:12K # 12K, PF:68K # 68K, P:68K)
[4] 0.012913 -0.000299 (1) WT +J(0) +M(C:0K, Fs:150, WS:524K # 524K, PF:7676K # 7676K, P:7676K)
[5] 0.000332 +J(0) +M(C:0K, Fs:1, WS:4K # 4K, PF:0K # 0K, P:0K)
[6] 0.005603 +J(0) +M(C:0K, Fs:22, WS:84K # 84K, PF:16K # 16K, P:16K)
[7] 0.075588 -0.069293 (21) WT +J(0) +M(C:0K, Fs:2580, WS:10300K # 10300K, PF:10260K # 10260K, P:10260K)
[8] -
[9] -
[10] -
[11] -
[12] -
[13] 0.045843 -0.041115 (22) WT +J(CM:0, PgRf:0, Rd:0/0, Dy:0/0, Lg:616/1) +M(C:0K, Fs:13, WS:-10200K # 20K, PF:-10256K # 12K, P:-10256K)
[14] 0.000020 +J(0)
[15] 0.001079 +J(0) +M(C:0K, Fs:822, WS:3280K # 0K, PF:68K # 0K, P:68K)
[16] 0.000544 -0.000299 (1) WT +J(0) +M(C:0K, Fs:2, WS:0K # 0K, PF:0K # 0K, P:0K).","RBSOn = 0
",,,
2026-05-20T13:21:29.438735Z,"{'#attributes': {'Qualifiers': 0}, '#text': 330}",DC01.darkzero.htb,NTDS ISAM,Directory Service,224,4,,,NTDS,"888,D,50,0",,,NTDSA: ,C:\Windows\NTDS\ntds.dit,0x2580 (9600),9600 (0x2580),9620 (0x2594),,,
2026-05-20T13:21:29.439087Z,"{'#attributes': {'Qualifiers': 0}, '#text': 326}",DC01.darkzero.htb,NTDS ISAM,Directory Service,225,4,,,NTDS,"888,D,50,0",,,NTDSA: ,1,C:\Windows\NTDS\ntds.dit,0,"
[1] 0.000006 +J(0) +M(C:0K, Fs:1, WS:4K # 0K, PF:0K # 0K, P:0K)
[2] 0.000606 -0.000301 (1) WT +J(0) +M(C:0K, Fs:28, WS:48K # 0K, PF:32K # 0K, P:32K)
[3] 0.006179 -0.003036 (6) WT +J(CM:0, PgRf:0, Rd:0/0, Dy:0/0, Lg:3480/2) +M(C:0K, Fs:39, WS:124K # 0K, PF:124K # 0K, P:124K)
[4] 0.000751 +J(0) +M(C:0K, Fs:1, WS:4K # 0K, PF:0K # 0K, P:0K)
[5] -
[6] 0.005047 -0.001472 (2) CM -0.001392 (2) WT +J(CM:2, PgRf:2, Rd:0/2, Dy:0/0, Lg:0/0) +M(C:-56K, Fs:65, WS:204K # 0K, PF:148K # 0K, P:148K)
[7] 0.000005 +J(0)
[8] 0.003090 -0.000445 (1) CM -0.000401 (1) WT +J(CM:1, PgRf:1, Rd:4/1, Dy:0/0, Lg:0/0) +M(C:156K, Fs:69, WS:248K # 0K, PF:352K # 0K, P:352K)
[9] -
[10] -
[11] -
[12] 0.000315 +J(CM:0, PgRf:0, Rd:0/0, Dy:0/0, Lg:54/1) +M(C:0K, Fs:4, WS:16K # 0K, PF:24K # 0K, P:24K)
[13] 0.005610 -0.003808 (3) CM -0.003693 (3) WT +J(CM:3, PgRf:23, Rd:0/3, Dy:0/0, Lg:0/0) +M(C:-88K, Fs:26, WS:-12K # 0K, PF:-56K # 0K, P:-56K)
[14] 0.001376 -0.001089 (3) CM -0.000987 (3) WT +J(CM:3, PgRf:40, Rd:0/3, Dy:0/0, Lg:0/0) +M(C:-24K, Fs:18, WS:-8K # 0K, PF:44K # 0K, P:44K)
[15] 0.000444 -0.000387 (1) CM -0.000351 (1) WT +J(CM:1, PgRf:1, Rd:0/1, Dy:0/0, Lg:0/0) +M(C:-8K, Fs:5, WS:-8K # 0K, PF:-8K # 0K, P:-8K)
[16] 0.000022 +J(CM:0, PgRf:1, Rd:0/0, Dy:0/0, Lg:0/0) +M(C:0K, Fs:1, WS:4K # 0K, PF:0K # 0K, P:0K)
[17] 0.000550 -0.000346 (1) CM -0.000308 (1) WT +J(CM:1, PgRf:48, Rd:0/1, Dy:0/0, Lg:0/0) +M(C:0K, Fs:12, WS:20K # 0K, PF:0K # 0K, P:0K)
[18] 0.000002 +J(0)
[19] 0.0 +J(0)
[20] 0.000506 -0.000418 (1) CM -0.000381 (1) WT +J(CM:1, PgRf:2, Rd:0/1, Dy:0/0, Lg:0/0) +M(C:0K, Fs:9, WS:8K # 0K, PF:0K # 0K, P:0K).",0 0,"lgposAttach = 00000002:078B:0268,
dbv = 1568.290.600 (9600)",
2026-05-20T13:21:29.439488Z,"{'#attributes': {'Qualifiers': 0}, '#text': 330}",DC01.darkzero.htb,NTDS ISAM,Directory Service,226,4,,,NTDS,"888,D,2,0",,,NTDSA: ,C:\Windows\NTDS\temp.edb,0x2580 (9600),9600 (0x2580),9620 (0x2594),,,
2026-05-20T13:21:29.439764Z,"{'#attributes': {'Qualifiers': 0}, '#text': 700}",DC01.darkzero.htb,NTDS ISAM,Directory Service,227,4,,,NTDS,"888,D,0,0",,,NTDSA: ,C:\Windows\NTDS\ntds.dit,,,,,,
2026-05-20T13:21:29.534798Z,"{'#attributes': {'Qualifiers': 0}, '#text': 701}",DC01.darkzero.htb,NTDS ISAM,Directory Service,228,4,,,NTDS,"888,D,0,0",,,NTDSA: ,C:\Windows\NTDS\ntds.dit,0,5/20/2026,0,1,1,7
2026-05-20T13:21:29.163908Z,"{'#attributes': {'Qualifiers': 16384}, '#text': 1869}",DC01.darkzero.htb,Microsoft-Windows-ActiveDirectory_DomainService,Directory Service,229,4,,,\\DC01.darkzero.htb,Default-First-Site-Name,,,,,,,,,,
2026-05-20T13:21:29.431925Z,"{'#attributes': {'Qualifiers': 16384}, '#text': 3033}",DC01.darkzero.htb,Microsoft-Windows-ActiveDirectory_DomainService,Directory Service,230,4,,,,,,,,,,,,,,
2026-05-20T13:21:29.431925Z,"{'#attributes': {'Qualifiers': 16384}, '#text': 3027}",DC01.darkzero.htb,Microsoft-Windows-ActiveDirectory_DomainService,Directory Service,231,4,,3600,,,,,,,,,,,,
2026-05-20T13:42:58.800563Z,"{'#attributes': {'Qualifiers': 16384}, '#text': 2179}",DC01.darkzero.htb,Microsoft-Windows-ActiveDirectory_DomainService,Directory Service,232,4,,7420655408770027604,,,,,,,,,,,,
2026-05-20T13:42:59.464604Z,"{'#attributes': {'Qualifiers': 16384}, '#text': 1004}",DC01.darkzero.htb,Microsoft-Windows-ActiveDirectory_DomainService,Directory Service,233,4,,,,,,,,,,,,,,
2026-05-20T14:32:46.306228Z,"{'#attributes': {'Qualifiers': 32768}, '#text': 3051}",DC01.darkzero.htb,Microsoft-Windows-ActiveDirectory_DomainService,Directory Service,234,3,,,,,,,,,,,,,,
2026-05-20T14:32:46.306228Z,"{'#attributes': {'Qualifiers': 32768}, '#text': 3054}",DC01.darkzero.htb,Microsoft-Windows-ActiveDirectory_DomainService,Directory Service,235,3,,,,,,,,,,,,,,
2026-05-20T14:32:46.798606Z,"{'#attributes': {'Qualifiers': 16384}, '#text': 2121}",DC01.darkzero.htb,Microsoft-Windows-ActiveDirectory_DomainService,Directory Service,236,4,,,,,,,,,,,,,,
2026-05-20T14:32:46.798606Z,"{'#attributes': {'Qualifiers': 16384}, '#text': 2406}",DC01.darkzero.htb,Microsoft-Windows-ActiveDirectory_DomainService,Directory Service,237,4,,Recycle Bin Feature,,,,,,,,,,,,
2026-05-20T14:32:46.798606Z,"{'#attributes': {'Qualifiers': 16384}, '#text': 2406}",DC01.darkzero.htb,Microsoft-Windows-ActiveDirectory_DomainService,Directory Service,238,4,,Privileged Access Management Feature,,,,,,,,,,,,
2026-05-20T14:32:46.798606Z,"{'#attributes': {'Qualifiers': 16384}, '#text': 2406}",DC01.darkzero.htb,Microsoft-Windows-ActiveDirectory_DomainService,Directory Service,239,4,,Database 32k Pages Feature,,,,,,,,,,,,
2026-05-20T14:32:46.800634Z,"{'#attributes': {'Qualifiers': 16384}, '#text': 2168}",DC01.darkzero.htb,Microsoft-Windows-ActiveDirectory_DomainService,Directory Service,240,4,,7420655408770027604,,,,,,,,,,,,
2026-05-20T14:32:46.800634Z,"{'#attributes': {'Qualifiers': 16384}, '#text': 2172}",DC01.darkzero.htb,Microsoft-Windows-ActiveDirectory_DomainService,Directory Service,241,4,,7420655408770027604,,,,,,,,,,,,
2026-05-20T14:32:46.818395Z,"{'#attributes': {'Qualifiers': 16384}, '#text': 2120}",DC01.darkzero.htb,Microsoft-Windows-ActiveDirectory_DomainService,Directory Service,242,4,,,,,,,,,,,,,,
2026-05-20T14:32:46.818395Z,"{'#attributes': {'Qualifiers': 16384}, '#text': 2405}",DC01.darkzero.htb,Microsoft-Windows-ActiveDirectory_DomainService,Directory Service,243,4,,Recycle Bin Feature,,,,,,,,,,,,
2026-05-20T14:32:46.818395Z,"{'#attributes': {'Qualifiers': 16384}, '#text': 2405}",DC01.darkzero.htb,Microsoft-Windows-ActiveDirectory_DomainService,Directory Service,244,4,,Database 32k Pages Feature,,,,,,,,,,,,
2026-05-20T14:32:46.818395Z,"{'#attributes': {'Qualifiers': 16384}, '#text': 2405}",DC01.darkzero.htb,Microsoft-Windows-ActiveDirectory_DomainService,Directory Service,245,4,,Privileged Access Management Feature,,,,,,,,,,,,
2026-05-20T14:32:56.839943Z,"{'#attributes': {'Qualifiers': 16384}, '#text': 1000}",DC01.darkzero.htb,Microsoft-Windows-ActiveDirectory_DomainService,Directory Service,246,4,,,,,,,,,,,,,,
2026-05-20T14:33:26.845593Z,"{'#attributes': {'Qualifiers': 16384}, '#text': 1394}",DC01.darkzero.htb,Microsoft-Windows-ActiveDirectory_DomainService,Directory Service,247,4,,,,,,,,,,,,,,
2026-05-20T14:47:57.057118Z,"{'#attributes': {'Qualifiers': 0}, '#text': 102}",DC01.darkzero.htb,NTDS ISAM,Directory Service,248,4,,,NTDS,"896,P,98,0",,,NTDSA: ,0,10,00,26100,0000,,
2026-05-20T14:47:57.057758Z,"{'#attributes': {'Qualifiers': 0}, '#text': 105}",DC01.darkzero.htb,NTDS ISAM,Directory Service,249,4,,,NTDS,"896,D,0,0",,,NTDSA: ,0,0.169,"
[1] 0.001943 +J(0) +M(C:0K, Fs:183, WS:708K # 100K, PF:5416K # 2412K, P:5416K)
[2] 0.003105 +J(0) +M(C:64K, Fs:93, WS:360K # 360K, PF:360K # 360K, P:360K)
[3] 0.000424 +J(0) +M(C:0K, Fs:3, WS:12K # 12K, PF:64K # 64K, P:64K)
[4] 0.013368 -0.000368 (1) WT +J(0) +M(C:0K, Fs:150, WS:524K # 524K, PF:6848K # 6848K, P:6848K)
[5] 0.000347 +J(0) +M(C:0K, Fs:2, WS:8K # 8K, PF:4K # 4K, P:4K)
[6] 0.006160 +J(0) +M(C:0K, Fs:22, WS:88K # 88K, PF:16K # 16K, P:16K)
[7] 0.095260 -0.088722 (21) WT +J(0) +M(C:0K, Fs:2581, WS:10300K # 10300K, PF:10260K # 10260K, P:10260K)
[8] -
[9] -
[10] -
[11] -
[12] -
[13] 0.046774 -0.042413 (22) WT +J(CM:0, PgRf:0, Rd:0/0, Dy:0/0, Lg:616/1) +M(C:0K, Fs:14, WS:-10200K # 20K, PF:-10256K # 12K, P:-10256K)
[14] 0.000023 +J(0)
[15] 0.000835 +J(0) +M(C:0K, Fs:616, WS:2460K # 0K, PF:68K # 0K, P:68K)
[16] 0.000573 -0.000340 (1) WT +J(0) +M(C:0K, Fs:2, WS:0K # 0K, PF:0K # 0K, P:0K).","RBSOn = 0
",,,
2026-05-20T14:47:57.058092Z,"{'#attributes': {'Qualifiers': 0}, '#text': 330}",DC01.darkzero.htb,NTDS ISAM,Directory Service,250,4,,,NTDS,"896,D,50,0",,,NTDSA: ,C:\Windows\NTDS\ntds.dit,0x2580 (9600),9600 (0x2580),9620 (0x2594),,,
2026-05-20T14:47:57.058494Z,"{'#attributes': {'Qualifiers': 0}, '#text': 326}",DC01.darkzero.htb,NTDS ISAM,Directory Service,251,4,,,NTDS,"896,D,50,0",,,NTDSA: ,1,C:\Windows\NTDS\ntds.dit,0,"
[1] 0.000005 +J(0) +M(C:0K, Fs:1, WS:4K # 0K, PF:0K # 0K, P:0K)
[2] 0.000713 -0.000400 (1) WT +J(0) +M(C:0K, Fs:28, WS:48K # 0K, PF:32K # 0K, P:32K)
[3] 0.006193 -0.002860 (6) WT +J(CM:0, PgRf:0, Rd:0/0, Dy:0/0, Lg:3480/2) +M(C:0K, Fs:38, WS:120K # 0K, PF:120K # 0K, P:120K)
[4] 0.000835 +J(0) +M(C:0K, Fs:1, WS:4K # 0K, PF:0K # 0K, P:0K)
[5] -
[6] 0.004973 -0.001496 (2) CM -0.001418 (2) WT +J(CM:2, PgRf:2, Rd:0/2, Dy:0/0, Lg:0/0) +M(C:-56K, Fs:64, WS:200K # 0K, PF:144K # 0K, P:144K)
[7] 0.000004 +J(0)
[8] 0.002876 -0.000483 (1) CM -0.000438 (1) WT +J(CM:1, PgRf:1, Rd:4/1, Dy:0/0, Lg:0/0) +M(C:156K, Fs:69, WS:248K # 0K, PF:352K # 0K, P:352K)
[9] -
[10] -
[11] -
[12] 0.000288 +J(CM:0, PgRf:0, Rd:0/0, Dy:0/0, Lg:54/1) +M(C:0K, Fs:4, WS:16K # 0K, PF:24K # 0K, P:24K)
[13] 0.005258 -0.003591 (3) CM -0.003475 (3) WT +J(CM:3, PgRf:23, Rd:0/3, Dy:0/0, Lg:0/0) +M(C:-108K, Fs:19, WS:-32K # 0K, PF:-76K # 0K, P:-76K)
[14] 0.001546 -0.001273 (3) CM -0.001166 (3) WT +J(CM:3, PgRf:40, Rd:0/3, Dy:0/0, Lg:0/0) +M(C:-24K, Fs:19, WS:-8K # 0K, PF:40K # 0K, P:40K)
[15] 0.000516 -0.000452 (1) CM -0.000416 (1) WT +J(CM:1, PgRf:1, Rd:0/1, Dy:0/0, Lg:0/0) +M(C:0K, Fs:7, WS:0K # 0K, PF:0K # 0K, P:0K)
[16] 0.000021 +J(CM:0, PgRf:1, Rd:0/0, Dy:0/0, Lg:0/0) +M(C:0K, Fs:1, WS:4K # 0K, PF:0K # 0K, P:0K)
[17] 0.000515 -0.000372 (1) CM -0.000337 (1) WT +J(CM:1, PgRf:48, Rd:0/1, Dy:0/0, Lg:0/0) +M(C:0K, Fs:12, WS:20K # 0K, PF:0K # 0K, P:0K)
[18] 0.000002 +J(0)
[19] 0.0 +J(0)
[20] 0.000552 -0.000462 (1) CM -0.000424 (1) WT +J(CM:1, PgRf:2, Rd:0/1, Dy:0/0, Lg:0/0) +M(C:0K, Fs:9, WS:8K # 0K, PF:0K # 0K, P:0K).",0 0,"lgposAttach = 00000002:079F:0268,
dbv = 1568.290.600 (9600)",
2026-05-20T14:47:57.058906Z,"{'#attributes': {'Qualifiers': 0}, '#text': 330}",DC01.darkzero.htb,NTDS ISAM,Directory Service,252,4,,,NTDS,"896,D,2,0",,,NTDSA: ,C:\Windows\NTDS\temp.edb,0x2580 (9600),9600 (0x2580),9620 (0x2594),,,
2026-05-20T14:47:57.059191Z,"{'#attributes': {'Qualifiers': 0}, '#text': 700}",DC01.darkzero.htb,NTDS ISAM,Directory Service,253,4,,,NTDS,"896,D,0,0",,,NTDSA: ,C:\Windows\NTDS\ntds.dit,,,,,,
2026-05-20T14:47:57.152179Z,"{'#attributes': {'Qualifiers': 0}, '#text': 701}",DC01.darkzero.htb,NTDS ISAM,Directory Service,254,4,,,NTDS,"896,D,0,0",,,NTDSA: ,C:\Windows\NTDS\ntds.dit,0,5/20/2026,0,1,1,8
2026-05-20T14:47:56.899428Z,"{'#attributes': {'Qualifiers': 16384}, '#text': 1869}",DC01.darkzero.htb,Microsoft-Windows-ActiveDirectory_DomainService,Directory Service,255,4,,,\\DC01.darkzero.htb,Default-First-Site-Name,,,,,,,,,,
2026-05-20T14:47:57.050214Z,"{'#attributes': {'Qualifiers': 16384}, '#text': 3033}",DC01.darkzero.htb,Microsoft-Windows-ActiveDirectory_DomainService,Directory Service,256,4,,,,,,,,,,,,,,
2026-05-20T14:47:57.050214Z,"{'#attributes': {'Qualifiers': 16384}, '#text': 3027}",DC01.darkzero.htb,Microsoft-Windows-ActiveDirectory_DomainService,Directory Service,257,4,,3600,,,,,,,,,,,,
2026-05-20T15:12:30.170520Z,"{'#attributes': {'Qualifiers': 16384}, '#text': 2179}",DC01.darkzero.htb,Microsoft-Windows-ActiveDirectory_DomainService,Directory Service,258,4,,7420655408770027604,,,,,,,,,,,,
2026-05-20T15:12:30.275866Z,"{'#attributes': {'Qualifiers': 16384}, '#text': 1004}",DC01.darkzero.htb,Microsoft-Windows-ActiveDirectory_DomainService,Directory Service,259,4,,,,,,,,,,,,,,
2026-05-20T22:25:34.709857Z,"{'#attributes': {'Qualifiers': 32768}, '#text': 3051}",DC01.darkzero.htb,Microsoft-Windows-ActiveDirectory_DomainService,Directory Service,260,3,,,,,,,,,,,,,,
2026-05-20T22:25:34.709857Z,"{'#attributes': {'Qualifiers': 32768}, '#text': 3054}",DC01.darkzero.htb,Microsoft-Windows-ActiveDirectory_DomainService,Directory Service,261,3,,,,,,,,,,,,,,
2026-05-20T22:25:34.890598Z,"{'#attributes': {'Qualifiers': 16384}, '#text': 2121}",DC01.darkzero.htb,Microsoft-Windows-ActiveDirectory_DomainService,Directory Service,262,4,,,,,,,,,,,,,,
2026-05-20T22:25:34.890598Z,"{'#attributes': {'Qualifiers': 16384}, '#text': 2406}",DC01.darkzero.htb,Microsoft-Windows-ActiveDirectory_DomainService,Directory Service,263,4,,Recycle Bin Feature,,,,,,,,,,,,
2026-05-20T22:25:34.890598Z,"{'#attributes': {'Qualifiers': 16384}, '#text': 2406}",DC01.darkzero.htb,Microsoft-Windows-ActiveDirectory_DomainService,Directory Service,264,4,,Privileged Access Management Feature,,,,,,,,,,,,
2026-05-20T22:25:34.890598Z,"{'#attributes': {'Qualifiers': 16384}, '#text': 2406}",DC01.darkzero.htb,Microsoft-Windows-ActiveDirectory_DomainService,Directory Service,265,4,,Database 32k Pages Feature,,,,,,,,,,,,
2026-05-20T22:25:34.890598Z,"{'#attributes': {'Qualifiers': 16384}, '#text': 2168}",DC01.darkzero.htb,Microsoft-Windows-ActiveDirectory_DomainService,Directory Service,266,4,,14321045603145099187,,,,,,,,,,,,
2026-05-20T22:25:34.890598Z,"{'#attributes': {'Qualifiers': 16384}, '#text': 2172}",DC01.darkzero.htb,Microsoft-Windows-ActiveDirectory_DomainService,Directory Service,267,4,,7420655408770027604,,,,,,,,,,,,
2026-05-20T22:25:34.890598Z,"{'#attributes': {'Qualifiers': 32768}, '#text': 2170}",DC01.darkzero.htb,Microsoft-Windows-ActiveDirectory_DomainService,Directory Service,268,3,,,7420655408770027604,14321045603145099187,,,,,,,,,,
2026-05-20T22:25:34.898706Z,"{'#attributes': {'Qualifiers': 16384}, '#text': 1109}",DC01.darkzero.htb,Microsoft-Windows-ActiveDirectory_DomainService,Directory Service,269,4,,,36399a7d-d6f1-4800-ac73-7753ca143da3,13d5034a-b8bf-4471-b214-e3ab6da36367,,,45065,,,,,,,
2026-05-20T22:25:34.920268Z,"{'#attributes': {'Qualifiers': 16384}, '#text': 2208}",DC01.darkzero.htb,Microsoft-Windows-ActiveDirectory_DomainService,Directory Service,270,4,,,,,,,,,,,,,,
2026-05-20T22:25:34.930411Z,"{'#attributes': {'Qualifiers': 16384}, '#text': 2179}",DC01.darkzero.htb,Microsoft-Windows-ActiveDirectory_DomainService,Directory Service,271,4,,14321045603145099187,,,,,,,,,,,,
2026-05-20T22:25:34.944639Z,"{'#attributes': {'Qualifiers': 16384}, '#text': 2120}",DC01.darkzero.htb,Microsoft-Windows-ActiveDirectory_DomainService,Directory Service,272,4,,,,,,,,,,,,,,
2026-05-20T22:25:34.944639Z,"{'#attributes': {'Qualifiers': 16384}, '#text': 2405}",DC01.darkzero.htb,Microsoft-Windows-ActiveDirectory_DomainService,Directory Service,273,4,,Recycle Bin Feature,,,,,,,,,,,,
2026-05-20T22:25:34.944639Z,"{'#attributes': {'Qualifiers': 16384}, '#text': 2405}",DC01.darkzero.htb,Microsoft-Windows-ActiveDirectory_DomainService,Directory Service,274,4,,Database 32k Pages Feature,,,,,,,,,,,,
2026-05-20T22:25:34.944639Z,"{'#attributes': {'Qualifiers': 16384}, '#text': 2405}",DC01.darkzero.htb,Microsoft-Windows-ActiveDirectory_DomainService,Directory Service,275,4,,Privileged Access Management Feature,,,,,,,,,,,,
2026-05-20T22:25:44.967433Z,"{'#attributes': {'Qualifiers': 16384}, '#text': 1000}",DC01.darkzero.htb,Microsoft-Windows-ActiveDirectory_DomainService,Directory Service,276,4,,,,,,,,,,,,,,
2026-05-20T22:26:15.068888Z,"{'#attributes': {'Qualifiers': 16384}, '#text': 1394}",DC01.darkzero.htb,Microsoft-Windows-ActiveDirectory_DomainService,Directory Service,277,4,,,,,,,,,,,,,,
2026-05-20T22:40:45.194652Z,"{'#attributes': {'Qualifiers': 0}, '#text': 102}",DC01.darkzero.htb,NTDS ISAM,Directory Service,278,4,,,NTDS,"896,P,98,0",,,NTDSA: ,0,10,00,26100,0000,,
2026-05-20T22:40:45.195451Z,"{'#attributes': {'Qualifiers': 0}, '#text': 105}",DC01.darkzero.htb,NTDS ISAM,Directory Service,279,4,,,NTDS,"896,D,0,0",,,NTDSA: ,0,0.186,"
[1] 0.001831 +J(0) +M(C:0K, Fs:183, WS:712K # 104K, PF:5416K # 2416K, P:5416K)
[2] 0.003167 +J(0) +M(C:64K, Fs:92, WS:360K # 360K, PF:356K # 356K, P:356K)
[3] 0.000540 +J(0) +M(C:0K, Fs:3, WS:12K # 12K, PF:64K # 64K, P:64K)
[4] 0.027120 -0.000365 (1) WT +J(0) +M(C:0K, Fs:150, WS:524K # 524K, PF:6848K # 6848K, P:6848K)
[5] 0.000351 +J(0)
[6] 0.006335 +J(0) +M(C:0K, Fs:23, WS:88K # 88K, PF:16K # 16K, P:16K)
[7] 0.093629 -0.086966 (21) WT +J(0) +M(C:0K, Fs:2580, WS:10300K # 10300K, PF:10260K # 10260K, P:10260K)
[8] -
[9] -
[10] -
[11] -
[12] -
[13] 0.051425 -0.047153 (22) WT +J(CM:0, PgRf:0, Rd:0/0, Dy:0/0, Lg:616/1) +M(C:0K, Fs:13, WS:-10200K # 20K, PF:-10256K # 12K, P:-10256K)
[14] 0.000024 +J(0)
[15] 0.000772 +J(0) +M(C:0K, Fs:617, WS:2460K # 0K, PF:68K # 0K, P:68K)
[16] 0.000623 -0.000390 (1) WT +J(0) +M(C:0K, Fs:2, WS:0K # 0K, PF:0K # 0K, P:0K).","RBSOn = 0
",,,
2026-05-20T22:40:45.195902Z,"{'#attributes': {'Qualifiers': 0}, '#text': 330}",DC01.darkzero.htb,NTDS ISAM,Directory Service,280,4,,,NTDS,"896,D,50,0",,,NTDSA: ,C:\Windows\NTDS\ntds.dit,0x2580 (9600),9600 (0x2580),9620 (0x2594),,,
2026-05-20T22:40:45.196214Z,"{'#attributes': {'Qualifiers': 0}, '#text': 326}",DC01.darkzero.htb,NTDS ISAM,Directory Service,281,4,,,NTDS,"896,D,50,0",,,NTDSA: ,1,C:\Windows\NTDS\ntds.dit,0,"
[1] 0.000006 +J(0) +M(C:0K, Fs:1, WS:4K # 0K, PF:0K # 0K, P:0K)
[2] 0.000688 -0.000395 (1) WT +J(0) +M(C:0K, Fs:28, WS:48K # 0K, PF:32K # 0K, P:32K)
[3] 0.006506 -0.003298 (6) WT +J(CM:0, PgRf:0, Rd:0/0, Dy:0/0, Lg:3480/2) +M(C:0K, Fs:40, WS:124K # 0K, PF:128K # 0K, P:128K)
[4] 0.000835 +J(0) +M(C:0K, Fs:1, WS:4K # 0K, PF:0K # 0K, P:0K)
[5] -
[6] 0.005256 -0.001756 (2) CM -0.001678 (2) WT +J(CM:2, PgRf:2, Rd:0/2, Dy:0/0, Lg:0/0) +M(C:-56K, Fs:65, WS:204K # 0K, PF:148K # 0K, P:148K)
[7] 0.000004 +J(0)
[8] 0.002950 -0.000487 (1) CM -0.000437 (1) WT +J(CM:1, PgRf:1, Rd:4/1, Dy:0/0, Lg:0/0) +M(C:156K, Fs:69, WS:248K # 0K, PF:352K # 0K, P:352K)
[9] -
[10] -
[11] -
[12] 0.000281 +J(CM:0, PgRf:0, Rd:0/0, Dy:0/0, Lg:54/1) +M(C:0K, Fs:3, WS:12K # 0K, PF:20K # 0K, P:20K)
[13] 0.005876 -0.004088 (3) CM -0.003971 (3) WT +J(CM:3, PgRf:23, Rd:0/3, Dy:0/0, Lg:0/0) +M(C:-88K, Fs:27, WS:-8K # 0K, PF:-52K # 0K, P:-52K)
[14] 0.002107 -0.001776 (4) CM -0.001642 (4) WT +J(CM:4, PgRf:40, Rd:0/4, Dy:0/0, Lg:0/0) +M(C:-24K, Fs:24, WS:-8K # 0K, PF:40K # 0K, P:40K)
[15] 0.000498 -0.000440 (1) CM -0.000404 (1) WT +J(CM:1, PgRf:1, Rd:0/1, Dy:0/0, Lg:0/0) +M(C:-8K, Fs:5, WS:-8K # 0K, PF:-8K # 0K, P:-8K)
[16] 0.000021 +J(CM:0, PgRf:1, Rd:0/0, Dy:0/0, Lg:0/0) +M(C:0K, Fs:1, WS:4K # 0K, PF:0K # 0K, P:0K)
[17] 0.000080 +J(CM:0, PgRf:48, Rd:0/0, Dy:0/0, Lg:0/0) +M(C:0K, Fs:5, WS:20K # 0K, PF:0K # 0K, P:0K)
[18] 0.000001 +J(0)
[19] 0.0 +J(0)
[20] 0.000022 +J(CM:0, PgRf:2, Rd:0/0, Dy:0/0, Lg:0/0) +M(C:0K, Fs:2, WS:8K # 0K, PF:0K # 0K, P:0K).",0 0,"lgposAttach = 00000002:07AB:0268,
dbv = 1568.290.600 (9600)",
2026-05-20T22:40:45.196552Z,"{'#attributes': {'Qualifiers': 0}, '#text': 330}",DC01.darkzero.htb,NTDS ISAM,Directory Service,282,4,,,NTDS,"896,D,2,0",,,NTDSA: ,C:\Windows\NTDS\temp.edb,0x2580 (9600),9600 (0x2580),9620 (0x2594),,,
2026-05-20T22:40:45.196834Z,"{'#attributes': {'Qualifiers': 0}, '#text': 700}",DC01.darkzero.htb,NTDS ISAM,Directory Service,283,4,,,NTDS,"896,D,0,0",,,NTDSA: ,C:\Windows\NTDS\ntds.dit,,,,,,
2026-05-20T22:40:45.300516Z,"{'#attributes': {'Qualifiers': 0}, '#text': 701}",DC01.darkzero.htb,NTDS ISAM,Directory Service,284,4,,,NTDS,"896,D,0,0",,,NTDSA: ,C:\Windows\NTDS\ntds.dit,0,5/20/2026,0,1,1,9
2026-05-20T22:40:45.027423Z,"{'#attributes': {'Qualifiers': 16384}, '#text': 1869}",DC01.darkzero.htb,Microsoft-Windows-ActiveDirectory_DomainService,Directory Service,285,4,,,\\DC01.darkzero.htb,Default-First-Site-Name,,,,,,,,,,
2026-05-20T22:40:45.191870Z,"{'#attributes': {'Qualifiers': 16384}, '#text': 3033}",DC01.darkzero.htb,Microsoft-Windows-ActiveDirectory_DomainService,Directory Service,286,4,,,,,,,,,,,,,,
2026-05-20T22:40:45.191870Z,"{'#attributes': {'Qualifiers': 16384}, '#text': 3027}",DC01.darkzero.htb,Microsoft-Windows-ActiveDirectory_DomainService,Directory Service,287,4,,3600,,,,,,,,,,,,
2026-05-20T22:58:10.156616Z,"{'#attributes': {'Qualifiers': 32768}, '#text': 2170}",DC01.darkzero.htb,Microsoft-Windows-ActiveDirectory_DomainService,Directory Service,288,3,,,14321045603145099187,7765232775227177531,,,,,,,,,,
2026-05-20T22:58:10.158665Z,"{'#attributes': {'Qualifiers': 16384}, '#text': 2181}",DC01.darkzero.htb,Microsoft-Windows-ActiveDirectory_DomainService,Directory Service,289,4,,,,,,,,,,,,,,
2026-05-20T22:58:10.158665Z,"{'#attributes': {'Qualifiers': 16384}, '#text': 2204}",DC01.darkzero.htb,Microsoft-Windows-ActiveDirectory_DomainService,Directory Service,290,4,,,,,,,,,,,,,,
2026-05-20T22:58:10.170559Z,"{'#attributes': {'Qualifiers': 16384}, '#text': 1109}",DC01.darkzero.htb,Microsoft-Windows-ActiveDirectory_DomainService,Directory Service,291,4,,,13d5034a-b8bf-4471-b214-e3ab6da36367,e6135ab2-6f5b-4c3b-af2e-abfd6cf2ccb3,,,45114,,,,,,,
2026-05-20T22:58:10.170559Z,"{'#attributes': {'Qualifiers': 16384}, '#text': 2181}",DC01.darkzero.htb,Microsoft-Windows-ActiveDirectory_DomainService,Directory Service,292,4,,,,,,,,,,,,,,
2026-05-20T22:58:10.450844Z,"{'#attributes': {'Qualifiers': 16384}, '#text': 2041}",DC01.darkzero.htb,Microsoft-Windows-ActiveDirectory_DomainService,Directory Service,293,4,,,40000885,2,,,,,,,,,,
2026-05-20T22:58:10.450844Z,"{'#attributes': {'Qualifiers': 16384}, '#text': 2179}",DC01.darkzero.htb,Microsoft-Windows-ActiveDirectory_DomainService,Directory Service,294,4,,7765232775227177531,,,,,,,,,,,,
2026-05-20T22:58:10.460502Z,"{'#attributes': {'Qualifiers': 16384}, '#text': 2200}",DC01.darkzero.htb,Microsoft-Windows-ActiveDirectory_DomainService,Directory Service,295,4,,,,,,,,,,,,,,
2026-05-20T22:58:10.461723Z,"{'#attributes': {'Qualifiers': 16384}, '#text': 2201}",DC01.darkzero.htb,Microsoft-Windows-ActiveDirectory_DomainService,Directory Service,296,4,,,,,,,,,,,,,,
2026-05-20T22:58:13.546752Z,"{'#attributes': {'Qualifiers': 16384}, '#text': 2185}",DC01.darkzero.htb,Microsoft-Windows-ActiveDirectory_DomainService,Directory Service,297,4,,DFSR,,,,,,,,,,,,
2026-05-20T22:58:13.548654Z,"{'#attributes': {'Qualifiers': 16384}, '#text': 2208}",DC01.darkzero.htb,Microsoft-Windows-ActiveDirectory_DomainService,Directory Service,298,4,,,,,,,,,,,,,,
2026-05-20T22:58:15.591576Z,"{'#attributes': {'Qualifiers': 16384}, '#text': 2187}",DC01.darkzero.htb,Microsoft-Windows-ActiveDirectory_DomainService,Directory Service,299,4,,DFSR,,,,,,,,,,,,
2026-05-20T23:17:11.506252Z,"{'#attributes': {'Qualifiers': 32768}, '#text': 2170}",DC01.darkzero.htb,Microsoft-Windows-ActiveDirectory_DomainService,Directory Service,300,3,,,7765232775227177531,16157544672779608790,,,,,,,,,,
2026-05-20T23:17:11.507849Z,"{'#attributes': {'Qualifiers': 16384}, '#text': 2181}",DC01.darkzero.htb,Microsoft-Windows-ActiveDirectory_DomainService,Directory Service,301,4,,,,,,,,,,,,,,
2026-05-20T23:17:11.513520Z,"{'#attributes': {'Qualifiers': 16384}, '#text': 2204}",DC01.darkzero.htb,Microsoft-Windows-ActiveDirectory_DomainService,Directory Service,302,4,,,,,,,,,,,,,,
2026-05-20T23:17:11.940720Z,"{'#attributes': {'Qualifiers': 16384}, '#text': 1109}",DC01.darkzero.htb,Microsoft-Windows-ActiveDirectory_DomainService,Directory Service,303,4,,,e6135ab2-6f5b-4c3b-af2e-abfd6cf2ccb3,c7f21dca-3b53-4c7a-9446-dc329d5f61c5,,,45129,,,,,,,
2026-05-20T23:17:11.949420Z,"{'#attributes': {'Qualifiers': 16384}, '#text': 2181}",DC01.darkzero.htb,Microsoft-Windows-ActiveDirectory_DomainService,Directory Service,304,4,,,,,,,,,,,,,,
2026-05-20T23:17:12.241293Z,"{'#attributes': {'Qualifiers': 16384}, '#text': 2179}",DC01.darkzero.htb,Microsoft-Windows-ActiveDirectory_DomainService,Directory Service,305,4,,16157544672779608790,,,,,,,,,,,,
2026-05-20T23:17:12.424255Z,"{'#attributes': {'Qualifiers': 16384}, '#text': 2200}",DC01.darkzero.htb,Microsoft-Windows-ActiveDirectory_DomainService,Directory Service,306,4,,,,,,,,,,,,,,
2026-05-20T23:17:12.505798Z,"{'#attributes': {'Qualifiers': 16384}, '#text': 2201}",DC01.darkzero.htb,Microsoft-Windows-ActiveDirectory_DomainService,Directory Service,307,4,,,,,,,,,,,,,,
2026-05-20T23:17:14.242500Z,"{'#attributes': {'Qualifiers': 49152}, '#text': 2186}",DC01.darkzero.htb,Microsoft-Windows-ActiveDirectory_DomainService,Directory Service,308,2,,,DFSR,258,,,The wait operation timed out.,,,,,,,
2026-05-20T23:17:15.602469Z,"{'#attributes': {'Qualifiers': 49152}, '#text': 2209}",DC01.darkzero.htb,Microsoft-Windows-ActiveDirectory_DomainService,Directory Service,309,2,,,32,The process cannot access the file because it is being used by another process.,,,,,,,,,,
2026-05-20T23:43:03.345296Z,"{'#attributes': {'Qualifiers': 16384}, '#text': 2179}",DC01.darkzero.htb,Microsoft-Windows-ActiveDirectory_DomainService,Directory Service,310,4,,16157544672779608790,,,,,,,,,,,,
2026-05-20T23:43:03.985845Z,"{'#attributes': {'Qualifiers': 16384}, '#text': 1004}",DC01.darkzero.htb,Microsoft-Windows-ActiveDirectory_DomainService,Directory Service,311,4,,,,,,,,,,,,,,
2026-05-21T08:43:06.363396Z,"{'#attributes': {'Qualifiers': 32768}, '#text': 3051}",DC01.darkzero.htb,Microsoft-Windows-ActiveDirectory_DomainService,Directory Service,312,3,,,,,,,,,,,,,,
2026-05-21T08:43:06.363396Z,"{'#attributes': {'Qualifiers': 32768}, '#text': 3054}",DC01.darkzero.htb,Microsoft-Windows-ActiveDirectory_DomainService,Directory Service,313,3,,,,,,,,,,,,,,
2026-05-21T08:43:06.612848Z,"{'#attributes': {'Qualifiers': 16384}, '#text': 2121}",DC01.darkzero.htb,Microsoft-Windows-ActiveDirectory_DomainService,Directory Service,314,4,,,,,,,,,,,,,,
2026-05-21T08:43:06.612848Z,"{'#attributes': {'Qualifiers': 16384}, '#text': 2406}",DC01.darkzero.htb,Microsoft-Windows-ActiveDirectory_DomainService,Directory Service,315,4,,Recycle Bin Feature,,,,,,,,,,,,
2026-05-21T08:43:06.612848Z,"{'#attributes': {'Qualifiers': 16384}, '#text': 2406}",DC01.darkzero.htb,Microsoft-Windows-ActiveDirectory_DomainService,Directory Service,316,4,,Privileged Access Management Feature,,,,,,,,,,,,
2026-05-21T08:43:06.612848Z,"{'#attributes': {'Qualifiers': 16384}, '#text': 2406}",DC01.darkzero.htb,Microsoft-Windows-ActiveDirectory_DomainService,Directory Service,317,4,,Database 32k Pages Feature,,,,,,,,,,,,
2026-05-21T08:43:06.612848Z,"{'#attributes': {'Qualifiers': 16384}, '#text': 2168}",DC01.darkzero.htb,Microsoft-Windows-ActiveDirectory_DomainService,Directory Service,318,4,,4982795714751539114,,,,,,,,,,,,
2026-05-21T08:43:06.612848Z,"{'#attributes': {'Qualifiers': 16384}, '#text': 2172}",DC01.darkzero.htb,Microsoft-Windows-ActiveDirectory_DomainService,Directory Service,319,4,,16157544672779608790,,,,,,,,,,,,
2026-05-21T08:43:06.612848Z,"{'#attributes': {'Qualifiers': 32768}, '#text': 2170}",DC01.darkzero.htb,Microsoft-Windows-ActiveDirectory_DomainService,Directory Service,320,3,,,16157544672779608790,4982795714751539114,,,,,,,,,,
2026-05-21T08:43:06.620954Z,"{'#attributes': {'Qualifiers': 16384}, '#text': 1109}",DC01.darkzero.htb,Microsoft-Windows-ActiveDirectory_DomainService,Directory Service,321,4,,,c7f21dca-3b53-4c7a-9446-dc329d5f61c5,2ccc7241-a09d-4534-8c55-92b510af62ac,,,49162,,,,,,,
2026-05-21T08:43:06.642247Z,"{'#attributes': {'Qualifiers': 16384}, '#text': 2208}",DC01.darkzero.htb,Microsoft-Windows-ActiveDirectory_DomainService,Directory Service,322,4,,,,,,,,,,,,,,
2026-05-21T08:43:06.654406Z,"{'#attributes': {'Qualifiers': 16384}, '#text': 2179}",DC01.darkzero.htb,Microsoft-Windows-ActiveDirectory_DomainService,Directory Service,323,4,,4982795714751539114,,,,,,,,,,,,
2026-05-21T08:43:06.671943Z,"{'#attributes': {'Qualifiers': 16384}, '#text': 2120}",DC01.darkzero.htb,Microsoft-Windows-ActiveDirectory_DomainService,Directory Service,324,4,,,,,,,,,,,,,,
2026-05-21T08:43:06.671943Z,"{'#attributes': {'Qualifiers': 16384}, '#text': 2405}",DC01.darkzero.htb,Microsoft-Windows-ActiveDirectory_DomainService,Directory Service,325,4,,Recycle Bin Feature,,,,,,,,,,,,
2026-05-21T08:43:06.672248Z,"{'#attributes': {'Qualifiers': 16384}, '#text': 2405}",DC01.darkzero.htb,Microsoft-Windows-ActiveDirectory_DomainService,Directory Service,326,4,,Database 32k Pages Feature,,,,,,,,,,,,
2026-05-21T08:43:06.672248Z,"{'#attributes': {'Qualifiers': 16384}, '#text': 2405}",DC01.darkzero.htb,Microsoft-Windows-ActiveDirectory_DomainService,Directory Service,327,4,,Privileged Access Management Feature,,,,,,,,,,,,
2026-05-21T08:43:16.687557Z,"{'#attributes': {'Qualifiers': 16384}, '#text': 1000}",DC01.darkzero.htb,Microsoft-Windows-ActiveDirectory_DomainService,Directory Service,328,4,,,,,,,,,,,,,,
2026-05-21T08:43:46.783957Z,"{'#attributes': {'Qualifiers': 16384}, '#text': 1394}",DC01.darkzero.htb,Microsoft-Windows-ActiveDirectory_DomainService,Directory Service,329,4,,,,,,,,,,,,,,
2026-05-21T10:38:15.118721Z,"{'#attributes': {'Qualifiers': 32768}, '#text': 2170}",DC01.darkzero.htb,Microsoft-Windows-ActiveDirectory_DomainService,Directory Service,330,3,,,4982795714751539114,9511237476311730668,,,,,,,,,,
2026-05-21T10:38:15.121166Z,"{'#attributes': {'Qualifiers': 16384}, '#text': 2181}",DC01.darkzero.htb,Microsoft-Windows-ActiveDirectory_DomainService,Directory Service,331,4,,,,,,,,,,,,,,
2026-05-21T10:38:15.123354Z,"{'#attributes': {'Qualifiers': 16384}, '#text': 2204}",DC01.darkzero.htb,Microsoft-Windows-ActiveDirectory_DomainService,Directory Service,332,4,,,,,,,,,,,,,,
2026-05-21T10:38:15.343778Z,"{'#attributes': {'Qualifiers': 16384}, '#text': 1109}",DC01.darkzero.htb,Microsoft-Windows-ActiveDirectory_DomainService,Directory Service,333,4,,,2ccc7241-a09d-4534-8c55-92b510af62ac,19528ce5-96e0-477d-9bea-469d293c13b8,,,49204,,,,,,,
2026-05-21T10:38:15.355499Z,"{'#attributes': {'Qualifiers': 16384}, '#text': 2181}",DC01.darkzero.htb,Microsoft-Windows-ActiveDirectory_DomainService,Directory Service,334,4,,,,,,,,,,,,,,
2026-05-21T10:38:15.380587Z,"{'#attributes': {'Qualifiers': 16384}, '#text': 2041}",DC01.darkzero.htb,Microsoft-Windows-ActiveDirectory_DomainService,Directory Service,335,4,,,40000885,2,,,,,,,,,,
2026-05-21T10:38:15.380587Z,"{'#attributes': {'Qualifiers': 16384}, '#text': 2179}",DC01.darkzero.htb,Microsoft-Windows-ActiveDirectory_DomainService,Directory Service,336,4,,9511237476311730668,,,,,,,,,,,,
2026-05-21T10:38:15.406918Z,"{'#attributes': {'Qualifiers': 16384}, '#text': 2200}",DC01.darkzero.htb,Microsoft-Windows-ActiveDirectory_DomainService,Directory Service,337,4,,,,,,,,,,,,,,
2026-05-21T10:38:15.406918Z,"{'#attributes': {'Qualifiers': 16384}, '#text': 2201}",DC01.darkzero.htb,Microsoft-Windows-ActiveDirectory_DomainService,Directory Service,338,4,,,,,,,,,,,,,,
2026-05-21T10:38:18.692785Z,"{'#attributes': {'Qualifiers': 16384}, '#text': 2185}",DC01.darkzero.htb,Microsoft-Windows-ActiveDirectory_DomainService,Directory Service,339,4,,DFSR,,,,,,,,,,,,
2026-05-21T10:38:18.695904Z,"{'#attributes': {'Qualifiers': 16384}, '#text': 2208}",DC01.darkzero.htb,Microsoft-Windows-ActiveDirectory_DomainService,Directory Service,340,4,,,,,,,,,,,,,,
