2026-05-29T22:05:11.229765Z,"{'#attributes': {'Qualifiers': 16384}, '#text': 2172}",DC01.darkzero.htb,Microsoft-Windows-ActiveDirectory_DomainService,Directory Service,535,4,,7047957691786237058,,,,,,,,,,,,
2026-05-29T22:05:11.229765Z,"{'#attributes': {'Qualifiers': 32768}, '#text': 2170}",DC01.darkzero.htb,Microsoft-Windows-ActiveDirectory_DomainService,Directory Service,536,3,,,7047957691786237058,966821770470605434,,,,,,,,,,
2026-05-29T22:05:11.239692Z,"{'#attributes': {'Qualifiers': 16384}, '#text': 1109}",DC01.darkzero.htb,Microsoft-Windows-ActiveDirectory_DomainService,Directory Service,537,4,,,67cabfd6-b8a9-40ff-a7e1-548e43583060,64daf768-3f61-4dac-bd49-36ca49307b7a,,,81938,,,,,,,
2026-05-29T22:05:11.258057Z,"{'#attributes': {'Qualifiers': 16384}, '#text': 2208}",DC01.darkzero.htb,Microsoft-Windows-ActiveDirectory_DomainService,Directory Service,538,4,,,,,,,,,,,,,,
2026-05-29T22:05:11.269229Z,"{'#attributes': {'Qualifiers': 16384}, '#text': 2179}",DC01.darkzero.htb,Microsoft-Windows-ActiveDirectory_DomainService,Directory Service,539,4,,966821770470605434,,,,,,,,,,,,
2026-05-29T22:05:11.285264Z,"{'#attributes': {'Qualifiers': 16384}, '#text': 2405}",DC01.darkzero.htb,Microsoft-Windows-ActiveDirectory_DomainService,Directory Service,540,4,,Privileged Access Management Feature,,,,,,,,,,,,
2026-05-29T22:05:11.285264Z,"{'#attributes': {'Qualifiers': 16384}, '#text': 2120}",DC01.darkzero.htb,Microsoft-Windows-ActiveDirectory_DomainService,Directory Service,541,4,,,,,,,,,,,,,,
2026-05-29T22:05:11.285264Z,"{'#attributes': {'Qualifiers': 16384}, '#text': 2405}",DC01.darkzero.htb,Microsoft-Windows-ActiveDirectory_DomainService,Directory Service,542,4,,Recycle Bin Feature,,,,,,,,,,,,
2026-05-29T22:05:11.285264Z,"{'#attributes': {'Qualifiers': 16384}, '#text': 2405}",DC01.darkzero.htb,Microsoft-Windows-ActiveDirectory_DomainService,Directory Service,543,4,,Database 32k Pages Feature,,,,,,,,,,,,
2026-05-29T22:05:21.306603Z,"{'#attributes': {'Qualifiers': 16384}, '#text': 1000}",DC01.darkzero.htb,Microsoft-Windows-ActiveDirectory_DomainService,Directory Service,544,4,,,,,,,,,,,,,,
2026-05-29T22:05:51.308384Z,"{'#attributes': {'Qualifiers': 16384}, '#text': 1394}",DC01.darkzero.htb,Microsoft-Windows-ActiveDirectory_DomainService,Directory Service,545,4,,,,,,,,,,,,,,
2026-05-29T22:12:26.417112Z,"{'#attributes': {'Qualifiers': 16384}, '#text': 2179}",DC01.darkzero.htb,Microsoft-Windows-ActiveDirectory_DomainService,Directory Service,546,4,,966821770470605434,,,,,,,,,,,,
2026-05-29T22:12:26.515940Z,"{'#attributes': {'Qualifiers': 16384}, '#text': 1004}",DC01.darkzero.htb,Microsoft-Windows-ActiveDirectory_DomainService,Directory Service,547,4,,,,,,,,,,,,,,
2026-05-29T22:22:41.935359Z,"{'#attributes': {'Qualifiers': 32768}, '#text': 3051}",DC01.darkzero.htb,Microsoft-Windows-ActiveDirectory_DomainService,Directory Service,548,3,,,,,,,,,,,,,,
2026-05-29T22:22:41.935359Z,"{'#attributes': {'Qualifiers': 32768}, '#text': 3054}",DC01.darkzero.htb,Microsoft-Windows-ActiveDirectory_DomainService,Directory Service,549,3,,,,,,,,,,,,,,
2026-05-29T22:22:42.127719Z,"{'#attributes': {'Qualifiers': 16384}, '#text': 2121}",DC01.darkzero.htb,Microsoft-Windows-ActiveDirectory_DomainService,Directory Service,550,4,,,,,,,,,,,,,,
2026-05-29T22:22:42.127719Z,"{'#attributes': {'Qualifiers': 16384}, '#text': 2406}",DC01.darkzero.htb,Microsoft-Windows-ActiveDirectory_DomainService,Directory Service,551,4,,Recycle Bin Feature,,,,,,,,,,,,
2026-05-29T22:22:42.127719Z,"{'#attributes': {'Qualifiers': 16384}, '#text': 2406}",DC01.darkzero.htb,Microsoft-Windows-ActiveDirectory_DomainService,Directory Service,552,4,,Privileged Access Management Feature,,,,,,,,,,,,
2026-05-29T22:22:42.127719Z,"{'#attributes': {'Qualifiers': 16384}, '#text': 2406}",DC01.darkzero.htb,Microsoft-Windows-ActiveDirectory_DomainService,Directory Service,553,4,,Database 32k Pages Feature,,,,,,,,,,,,
2026-05-29T22:22:42.129754Z,"{'#attributes': {'Qualifiers': 16384}, '#text': 2168}",DC01.darkzero.htb,Microsoft-Windows-ActiveDirectory_DomainService,Directory Service,554,4,,3847935315796255249,,,,,,,,,,,,
2026-05-29T22:22:42.129754Z,"{'#attributes': {'Qualifiers': 16384}, '#text': 2172}",DC01.darkzero.htb,Microsoft-Windows-ActiveDirectory_DomainService,Directory Service,555,4,,966821770470605434,,,,,,,,,,,,
2026-05-29T22:22:42.129754Z,"{'#attributes': {'Qualifiers': 32768}, '#text': 2170}",DC01.darkzero.htb,Microsoft-Windows-ActiveDirectory_DomainService,Directory Service,556,3,,,966821770470605434,3847935315796255249,,,,,,,,,,
2026-05-29T22:22:42.137860Z,"{'#attributes': {'Qualifiers': 16384}, '#text': 1109}",DC01.darkzero.htb,Microsoft-Windows-ActiveDirectory_DomainService,Directory Service,557,4,,,64daf768-3f61-4dac-bd49-36ca49307b7a,9d9c6924-0143-4c7b-9a7a-113a2d0549a9,,,86035,,,,,,,
2026-05-29T22:22:42.161277Z,"{'#attributes': {'Qualifiers': 16384}, '#text': 2208}",DC01.darkzero.htb,Microsoft-Windows-ActiveDirectory_DomainService,Directory Service,558,4,,,,,,,,,,,,,,
2026-05-29T22:22:42.172449Z,"{'#attributes': {'Qualifiers': 16384}, '#text': 2179}",DC01.darkzero.htb,Microsoft-Windows-ActiveDirectory_DomainService,Directory Service,559,4,,3847935315796255249,,,,,,,,,,,,
2026-05-29T22:22:42.188191Z,"{'#attributes': {'Qualifiers': 16384}, '#text': 2405}",DC01.darkzero.htb,Microsoft-Windows-ActiveDirectory_DomainService,Directory Service,560,4,,Privileged Access Management Feature,,,,,,,,,,,,
2026-05-29T22:22:42.188721Z,"{'#attributes': {'Qualifiers': 16384}, '#text': 2120}",DC01.darkzero.htb,Microsoft-Windows-ActiveDirectory_DomainService,Directory Service,561,4,,,,,,,,,,,,,,
2026-05-29T22:22:42.188721Z,"{'#attributes': {'Qualifiers': 16384}, '#text': 2405}",DC01.darkzero.htb,Microsoft-Windows-ActiveDirectory_DomainService,Directory Service,562,4,,Recycle Bin Feature,,,,,,,,,,,,
2026-05-29T22:22:42.188721Z,"{'#attributes': {'Qualifiers': 16384}, '#text': 2405}",DC01.darkzero.htb,Microsoft-Windows-ActiveDirectory_DomainService,Directory Service,563,4,,Database 32k Pages Feature,,,,,,,,,,,,
2026-05-29T22:22:52.199953Z,"{'#attributes': {'Qualifiers': 16384}, '#text': 1000}",DC01.darkzero.htb,Microsoft-Windows-ActiveDirectory_DomainService,Directory Service,564,4,,,,,,,,,,,,,,
2026-05-29T22:23:22.228397Z,"{'#attributes': {'Qualifiers': 16384}, '#text': 1394}",DC01.darkzero.htb,Microsoft-Windows-ActiveDirectory_DomainService,Directory Service,565,4,,,,,,,,,,,,,,
2026-05-29T22:37:52.459414Z,"{'#attributes': {'Qualifiers': 0}, '#text': 102}",DC01.darkzero.htb,NTDS ISAM,Directory Service,566,4,,,NTDS,"888,P,98,0",,,NTDSA: ,0,10,00,26100,0000,,
2026-05-29T22:37:52.460408Z,"{'#attributes': {'Qualifiers': 0}, '#text': 105}",DC01.darkzero.htb,NTDS ISAM,Directory Service,567,4,,,NTDS,"888,D,0,0",,,NTDSA: ,0,0.124,"
[1] 0.001859 +J(0) +M(C:0K, Fs:184, WS:716K # 108K, PF:5416K # 2416K, P:5416K)
[2] 0.004253 +J(0) +M(C:64K, Fs:93, WS:364K # 364K, PF:356K # 356K, P:356K)
[3] 0.000395 +J(0) +M(C:0K, Fs:3, WS:12K # 12K, PF:64K # 64K, P:64K)
[4] 0.014398 -0.000280 (1) WT +J(0) +M(C:0K, Fs:151, WS:524K # 524K, PF:6848K # 6848K, P:6848K)
[5] 0.000344 +J(0) +M(C:0K, Fs:2, WS:8K # 8K, PF:8K # 8K, P:8K)
[6] 0.004337 +J(0) +M(C:0K, Fs:21, WS:84K # 84K, PF:16K # 16K, P:16K)
[7] 0.053070 -0.046739 (21) WT +J(0) +M(C:0K, Fs:2578, WS:10288K # 10288K, PF:10260K # 10260K, P:10260K)
[8] -
[9] -
[10] -
[11] -
[12] -
[13] 0.043690 -0.038912 (22) WT +J(CM:0, PgRf:0, Rd:0/0, Dy:0/0, Lg:616/1) +M(C:0K, Fs:14, WS:-10200K # 24K, PF:-10256K # 12K, P:-10256K)
[14] 0.000027 +J(0) +M(C:0K, Fs:1, WS:4K # 0K, PF:0K # 0K, P:0K)
[15] 0.000911 +J(0) +M(C:0K, Fs:616, WS:2460K # 0K, PF:64K # 0K, P:64K)
[16] 0.000647 -0.000278 (1) WT +J(0) +M(C:0K, Fs:2, WS:0K # 0K, PF:0K # 0K, P:0K).","RBSOn = 0
",,,
2026-05-29T22:37:52.461204Z,"{'#attributes': {'Qualifiers': 0}, '#text': 330}",DC01.darkzero.htb,NTDS ISAM,Directory Service,568,4,,,NTDS,"888,D,50,0",,,NTDSA: ,C:\Windows\NTDS\ntds.dit,0x2580 (9600),9600 (0x2580),9620 (0x2594),,,
2026-05-29T22:37:52.461660Z,"{'#attributes': {'Qualifiers': 0}, '#text': 326}",DC01.darkzero.htb,NTDS ISAM,Directory Service,569,4,,,NTDS,"888,D,50,0",,,NTDSA: ,1,C:\Windows\NTDS\ntds.dit,0,"
[1] 0.000006 +J(0) +M(C:0K, Fs:1, WS:4K # 0K, PF:0K # 0K, P:0K)
[2] 0.000828 -0.000476 (1) WT +J(0) +M(C:0K, Fs:27, WS:40K # 0K, PF:32K # 0K, P:32K)
[3] 0.008835 -0.003522 (6) WT +J(CM:0, PgRf:0, Rd:0/0, Dy:0/0, Lg:3480/2) +M(C:0K, Fs:40, WS:124K # 0K, PF:128K # 0K, P:128K)
[4] 0.001381 +J(0) +M(C:0K, Fs:1, WS:4K # 0K, PF:0K # 0K, P:0K)
[5] -
[6] 0.005676 -0.002012 (2) CM -0.001924 (2) WT +J(CM:2, PgRf:2, Rd:0/2, Dy:0/0, Lg:0/0) +M(C:-56K, Fs:65, WS:204K # 0K, PF:144K # 0K, P:144K)
[7] 0.000004 +J(0)
[8] 0.003435 -0.000893 (1) CM -0.000798 (1) WT +J(CM:1, PgRf:1, Rd:4/1, Dy:0/0, Lg:0/0) +M(C:156K, Fs:62, WS:220K # 0K, PF:352K # 0K, P:352K)
[9] -
[10] -
[11] -
[12] 0.000325 +J(CM:0, PgRf:0, Rd:0/0, Dy:0/0, Lg:54/1) +M(C:0K, Fs:3, WS:12K # 0K, PF:20K # 0K, P:20K)
[13] 0.005365 -0.003298 (3) CM -0.003175 (3) WT +J(CM:3, PgRf:23, Rd:0/3, Dy:0/0, Lg:0/0) +M(C:-116K, Fs:28, WS:-4K # 0K, PF:-84K # 0K, P:-84K)
[14] 0.001808 -0.001564 (2) CM -0.001490 (2) WT +J(CM:2, PgRf:40, Rd:0/2, Dy:0/0, Lg:0/0) +M(C:-24K, Fs:9, WS:-12K # 0K, PF:40K # 0K, P:40K)
[15] 0.000009 +J(CM:0, PgRf:1, Rd:0/0, Dy:0/0, Lg:0/0)
[16] 0.000012 +J(CM:0, PgRf:1, Rd:0/0, Dy:0/0, Lg:0/0) +M(C:0K, Fs:1, WS:4K # 0K, PF:0K # 0K, P:0K)
[17] 0.000079 +J(CM:0, PgRf:48, Rd:0/0, Dy:0/0, Lg:0/0) +M(C:0K, Fs:6, WS:24K # 0K, PF:0K # 0K, P:0K)
[18] 0.000001 +J(0)
[19] 0.0 +J(0)
[20] 0.000024 +J(CM:0, PgRf:2, Rd:0/0, Dy:0/0, Lg:0/0) +M(C:0K, Fs:3, WS:12K # 0K, PF:0K # 0K, P:0K).",0 0,"lgposAttach = 00000002:09CC:0268,
dbv = 1568.290.600 (9600)",
2026-05-29T22:37:52.462405Z,"{'#attributes': {'Qualifiers': 0}, '#text': 330}",DC01.darkzero.htb,NTDS ISAM,Directory Service,570,4,,,NTDS,"888,D,2,0",,,NTDSA: ,C:\Windows\NTDS\temp.edb,0x2580 (9600),9600 (0x2580),9620 (0x2594),,,
2026-05-29T22:37:52.462860Z,"{'#attributes': {'Qualifiers': 0}, '#text': 700}",DC01.darkzero.htb,NTDS ISAM,Directory Service,571,4,,,NTDS,"888,D,0,0",,,NTDSA: ,C:\Windows\NTDS\ntds.dit,,,,,,
2026-05-29T22:37:52.618456Z,"{'#attributes': {'Qualifiers': 0}, '#text': 701}",DC01.darkzero.htb,NTDS ISAM,Directory Service,572,4,,,NTDS,"888,D,0,0",,,NTDSA: ,C:\Windows\NTDS\ntds.dit,1,5/29/2026,0,1,1,14
2026-05-29T22:37:52.456024Z,"{'#attributes': {'Qualifiers': 16384}, '#text': 3033}",DC01.darkzero.htb,Microsoft-Windows-ActiveDirectory_DomainService,Directory Service,573,4,,,,,,,,,,,,,,
2026-05-29T22:37:52.456024Z,"{'#attributes': {'Qualifiers': 16384}, '#text': 3027}",DC01.darkzero.htb,Microsoft-Windows-ActiveDirectory_DomainService,Directory Service,574,4,,3600,,,,,,,,,,,,
2026-05-29T22:37:52.464192Z,"{'#attributes': {'Qualifiers': 16384}, '#text': 1869}",DC01.darkzero.htb,Microsoft-Windows-ActiveDirectory_DomainService,Directory Service,575,4,,,\\DC01.darkzero.htb,Default-First-Site-Name,,,,,,,,,,
2026-05-29T22:59:17.550046Z,"{'#attributes': {'Qualifiers': 16384}, '#text': 2179}",DC01.darkzero.htb,Microsoft-Windows-ActiveDirectory_DomainService,Directory Service,576,4,,3847935315796255249,,,,,,,,,,,,
2026-05-29T22:59:17.893447Z,"{'#attributes': {'Qualifiers': 16384}, '#text': 1004}",DC01.darkzero.htb,Microsoft-Windows-ActiveDirectory_DomainService,Directory Service,577,4,,,,,,,,,,,,,,
2026-07-14T12:59:03.557462Z,"{'#attributes': {'Qualifiers': 32768}, '#text': 3051}",DC01.darkzero.htb,Microsoft-Windows-ActiveDirectory_DomainService,Directory Service,578,3,,,,,,,,,,,,,,
2026-07-14T12:59:03.557462Z,"{'#attributes': {'Qualifiers': 32768}, '#text': 3054}",DC01.darkzero.htb,Microsoft-Windows-ActiveDirectory_DomainService,Directory Service,579,3,,,,,,,,,,,,,,
2026-07-14T12:59:04.059432Z,"{'#attributes': {'Qualifiers': 16384}, '#text': 2121}",DC01.darkzero.htb,Microsoft-Windows-ActiveDirectory_DomainService,Directory Service,580,4,,,,,,,,,,,,,,
2026-07-14T12:59:04.059432Z,"{'#attributes': {'Qualifiers': 16384}, '#text': 2406}",DC01.darkzero.htb,Microsoft-Windows-ActiveDirectory_DomainService,Directory Service,581,4,,Recycle Bin Feature,,,,,,,,,,,,
2026-07-14T12:59:04.059432Z,"{'#attributes': {'Qualifiers': 16384}, '#text': 2406}",DC01.darkzero.htb,Microsoft-Windows-ActiveDirectory_DomainService,Directory Service,582,4,,Privileged Access Management Feature,,,,,,,,,,,,
2026-07-14T12:59:04.059432Z,"{'#attributes': {'Qualifiers': 16384}, '#text': 2406}",DC01.darkzero.htb,Microsoft-Windows-ActiveDirectory_DomainService,Directory Service,583,4,,Database 32k Pages Feature,,,,,,,,,,,,
2026-07-14T12:59:04.063493Z,"{'#attributes': {'Qualifiers': 16384}, '#text': 2168}",DC01.darkzero.htb,Microsoft-Windows-ActiveDirectory_DomainService,Directory Service,584,4,,2353878596790439606,,,,,,,,,,,,
2026-07-14T12:59:04.063493Z,"{'#attributes': {'Qualifiers': 16384}, '#text': 2172}",DC01.darkzero.htb,Microsoft-Windows-ActiveDirectory_DomainService,Directory Service,585,4,,3847935315796255249,,,,,,,,,,,,
2026-07-14T12:59:04.063493Z,"{'#attributes': {'Qualifiers': 32768}, '#text': 2170}",DC01.darkzero.htb,Microsoft-Windows-ActiveDirectory_DomainService,Directory Service,586,3,,,3847935315796255249,2353878596790439606,,,,,,,,,,
2026-07-14T12:59:04.072635Z,"{'#attributes': {'Qualifiers': 16384}, '#text': 1109}",DC01.darkzero.htb,Microsoft-Windows-ActiveDirectory_DomainService,Directory Service,587,4,,,9d9c6924-0143-4c7b-9a7a-113a2d0549a9,3047df3a-42f5-4337-9e58-820f01777949,,,90132,,,,,,,
2026-07-14T12:59:04.096581Z,"{'#attributes': {'Qualifiers': 16384}, '#text': 2208}",DC01.darkzero.htb,Microsoft-Windows-ActiveDirectory_DomainService,Directory Service,588,4,,,,,,,,,,,,,,
2026-07-14T12:59:04.108740Z,"{'#attributes': {'Qualifiers': 16384}, '#text': 2179}",DC01.darkzero.htb,Microsoft-Windows-ActiveDirectory_DomainService,Directory Service,589,4,,2353878596790439606,,,,,,,,,,,,
2026-07-14T12:59:04.124460Z,"{'#attributes': {'Qualifiers': 16384}, '#text': 2405}",DC01.darkzero.htb,Microsoft-Windows-ActiveDirectory_DomainService,Directory Service,590,4,,Privileged Access Management Feature,,,,,,,,,,,,
2026-07-14T12:59:04.124460Z,"{'#attributes': {'Qualifiers': 16384}, '#text': 2120}",DC01.darkzero.htb,Microsoft-Windows-ActiveDirectory_DomainService,Directory Service,591,4,,,,,,,,,,,,,,
2026-07-14T12:59:04.124460Z,"{'#attributes': {'Qualifiers': 16384}, '#text': 2405}",DC01.darkzero.htb,Microsoft-Windows-ActiveDirectory_DomainService,Directory Service,592,4,,Recycle Bin Feature,,,,,,,,,,,,
2026-07-14T12:59:04.124460Z,"{'#attributes': {'Qualifiers': 16384}, '#text': 2405}",DC01.darkzero.htb,Microsoft-Windows-ActiveDirectory_DomainService,Directory Service,593,4,,Database 32k Pages Feature,,,,,,,,,,,,
2026-07-14T12:59:14.151074Z,"{'#attributes': {'Qualifiers': 16384}, '#text': 1000}",DC01.darkzero.htb,Microsoft-Windows-ActiveDirectory_DomainService,Directory Service,594,4,,,,,,,,,,,,,,
2026-07-14T12:59:44.165595Z,"{'#attributes': {'Qualifiers': 16384}, '#text': 1394}",DC01.darkzero.htb,Microsoft-Windows-ActiveDirectory_DomainService,Directory Service,595,4,,,,,,,,,,,,,,
2026-07-14T13:14:14.430927Z,"{'#attributes': {'Qualifiers': 0}, '#text': 102}",DC01.darkzero.htb,NTDS ISAM,Directory Service,596,4,,,NTDS,"892,P,98,0",,,NTDSA: ,0,10,00,26100,0000,,
2026-07-14T13:14:14.431779Z,"{'#attributes': {'Qualifiers': 0}, '#text': 105}",DC01.darkzero.htb,NTDS ISAM,Directory Service,597,4,,,NTDS,"892,D,0,0",,,NTDSA: ,0,0.074,"
[1] 0.002597 +J(0) +M(C:0K, Fs:184, WS:716K # 104K, PF:5412K # 2416K, P:5412K)
[2] 0.005310 +J(0) +M(C:64K, Fs:94, WS:364K # 364K, PF:360K # 360K, P:360K)
[3] 0.000534 +J(0) +M(C:0K, Fs:3, WS:12K # 12K, PF:64K # 64K, P:64K)
[4] 0.015711 -0.000368 (1) WT +J(0) +M(C:0K, Fs:154, WS:536K # 536K, PF:6848K # 6848K, P:6848K)
[5] 0.000357 +J(0) +M(C:0K, Fs:2, WS:8K # 8K, PF:8K # 8K, P:8K)
[6] 0.005255 +J(0) +M(C:0K, Fs:21, WS:84K # 84K, PF:16K # 16K, P:16K)
[7] 0.025718 -0.018161 (21) WT +J(0) +M(C:0K, Fs:2578, WS:10288K # 10288K, PF:10260K # 10260K, P:10260K)
[8] -
[9] -
[10] -
[11] -
[12] -
[13] 0.016450 -0.010373 (22) WT +J(CM:0, PgRf:0, Rd:0/0, Dy:0/0, Lg:616/1) +M(C:0K, Fs:14, WS:-10200K # 24K, PF:-10256K # 12K, P:-10256K)
[14] 0.000034 +J(0) +M(C:0K, Fs:1, WS:4K # 0K, PF:0K # 0K, P:0K)
[15] 0.000982 +J(0) +M(C:0K, Fs:615, WS:2460K # 0K, PF:64K # 0K, P:64K)
[16] 0.001097 -0.000647 (1) WT +J(0) +M(C:0K, Fs:2, WS:0K # 0K, PF:0K # 0K, P:0K).","RBSOn = 0
",,,
2026-07-14T13:14:14.432350Z,"{'#attributes': {'Qualifiers': 0}, '#text': 330}",DC01.darkzero.htb,NTDS ISAM,Directory Service,598,4,,,NTDS,"892,D,50,0",,,NTDSA: ,C:\Windows\NTDS\ntds.dit,0x2580 (9600),9600 (0x2580),9620 (0x2594),,,
2026-07-14T13:14:14.432894Z,"{'#attributes': {'Qualifiers': 0}, '#text': 326}",DC01.darkzero.htb,NTDS ISAM,Directory Service,599,4,,,NTDS,"892,D,50,0",,,NTDSA: ,1,C:\Windows\NTDS\ntds.dit,0,"
[1] 0.000008 +J(0) +M(C:0K, Fs:1, WS:4K # 0K, PF:0K # 0K, P:0K)
[2] 0.000915 -0.000499 (1) WT +J(0) +M(C:0K, Fs:26, WS:40K # 0K, PF:32K # 0K, P:32K)
[3] 0.008898 -0.004012 (6) WT +J(CM:0, PgRf:0, Rd:0/0, Dy:0/0, Lg:3480/2) +M(C:0K, Fs:38, WS:116K # 0K, PF:120K # 0K, P:120K)
[4] 0.001079 +J(0) +M(C:0K, Fs:1, WS:4K # 0K, PF:0K # 0K, P:0K)
[5] -
[6] 0.005618 -0.001894 (2) CM -0.001811 (2) WT +J(CM:2, PgRf:2, Rd:0/2, Dy:0/0, Lg:0/0) +M(C:-56K, Fs:66, WS:208K # 0K, PF:148K # 0K, P:148K)
[7] 0.000005 +J(0)
[8] 0.003721 -0.000615 (1) CM -0.000559 (1) WT +J(CM:1, PgRf:1, Rd:4/1, Dy:0/0, Lg:0/0) +M(C:156K, Fs:62, WS:220K # 0K, PF:352K # 0K, P:352K)
[9] -
[10] -
[11] -
[12] 0.000345 +J(CM:0, PgRf:0, Rd:0/0, Dy:0/0, Lg:54/1) +M(C:0K, Fs:3, WS:12K # 0K, PF:20K # 0K, P:20K)
[13] 0.005966 -0.003886 (3) CM -0.003755 (3) WT +J(CM:3, PgRf:23, Rd:0/3, Dy:0/0, Lg:0/0) +M(C:-88K, Fs:34, WS:28K # 0K, PF:-56K # 0K, P:-56K)
[14] 0.003003 -0.002673 (3) CM -0.002551 (3) WT +J(CM:3, PgRf:40, Rd:0/3, Dy:0/0, Lg:0/0) +M(C:-24K, Fs:16, WS:-12K # 0K, PF:40K # 0K, P:40K)
[15] 0.000758 -0.000673 (1) CM -0.000621 (1) WT +J(CM:1, PgRf:1, Rd:0/1, Dy:0/0, Lg:0/0) +M(C:-8K, Fs:5, WS:-8K # 0K, PF:-8K # 0K, P:-8K)
[16] 0.000025 +J(CM:0, PgRf:1, Rd:0/0, Dy:0/0, Lg:0/0) +M(C:0K, Fs:1, WS:4K # 0K, PF:0K # 0K, P:0K)
[17] 0.001256 -0.001093 (1) CM -0.001049 (1) WT +J(CM:1, PgRf:48, Rd:0/1, Dy:0/0, Lg:0/0) +M(C:0K, Fs:13, WS:24K # 0K, PF:0K # 0K, P:0K)
[18] 0.000002 +J(0)
[19] 0.0 +J(0)
[20] 0.000727 -0.000633 (1) CM -0.000594 (1) WT +J(CM:1, PgRf:2, Rd:0/1, Dy:0/0, Lg:0/0) +M(C:0K, Fs:10, WS:12K # 0K, PF:0K # 0K, P:0K).",0 0,"lgposAttach = 00000003:001A:0268,
dbv = 1568.290.600 (9600)",
2026-07-14T13:14:14.437155Z,"{'#attributes': {'Qualifiers': 0}, '#text': 330}",DC01.darkzero.htb,NTDS ISAM,Directory Service,600,4,,,NTDS,"892,D,2,0",,,NTDSA: ,C:\Windows\NTDS\temp.edb,0x2580 (9600),9600 (0x2580),9620 (0x2594),,,
2026-07-14T13:14:14.437708Z,"{'#attributes': {'Qualifiers': 0}, '#text': 700}",DC01.darkzero.htb,NTDS ISAM,Directory Service,601,4,,,NTDS,"892,D,0,0",,,NTDSA: ,C:\Windows\NTDS\ntds.dit,,,,,,
2026-07-14T13:14:14.585910Z,"{'#attributes': {'Qualifiers': 0}, '#text': 701}",DC01.darkzero.htb,NTDS ISAM,Directory Service,602,4,,,NTDS,"892,D,0,0",,,NTDSA: ,C:\Windows\NTDS\ntds.dit,0,7/14/2026,0,1,1,15
2026-07-14T13:14:14.416134Z,"{'#attributes': {'Qualifiers': 16384}, '#text': 3033}",DC01.darkzero.htb,Microsoft-Windows-ActiveDirectory_DomainService,Directory Service,603,4,,,,,,,,,,,,,,
2026-07-14T13:14:14.416134Z,"{'#attributes': {'Qualifiers': 16384}, '#text': 3027}",DC01.darkzero.htb,Microsoft-Windows-ActiveDirectory_DomainService,Directory Service,604,4,,3600,,,,,,,,,,,,
2026-07-14T13:14:14.433353Z,"{'#attributes': {'Qualifiers': 16384}, '#text': 1869}",DC01.darkzero.htb,Microsoft-Windows-ActiveDirectory_DomainService,Directory Service,605,4,,,\\DC01.darkzero.htb,Default-First-Site-Name,,,,,,,,,,
2026-07-14T13:59:14.197212Z,"{'#attributes': {'Qualifiers': 32768}, '#text': 2089}",DC01.darkzero.htb,Microsoft-Windows-ActiveDirectory_DomainService,Directory Service,606,3,,,"DC=darkzero,DC=htb",90,,,System\CurrentControlSet\Services\NTDS\Parameters,Backup Latency Threshold (days),,,,,,
2026-07-14T13:59:14.197212Z,"{'#attributes': {'Qualifiers': 32768}, '#text': 2089}",DC01.darkzero.htb,Microsoft-Windows-ActiveDirectory_DomainService,Directory Service,607,3,,,"CN=Configuration,DC=darkzero,DC=htb",90,,,System\CurrentControlSet\Services\NTDS\Parameters,Backup Latency Threshold (days),,,,,,
2026-07-14T13:59:14.198756Z,"{'#attributes': {'Qualifiers': 32768}, '#text': 2089}",DC01.darkzero.htb,Microsoft-Windows-ActiveDirectory_DomainService,Directory Service,608,3,,,"CN=Schema,CN=Configuration,DC=darkzero,DC=htb",90,,,System\CurrentControlSet\Services\NTDS\Parameters,Backup Latency Threshold (days),,,,,,
2026-07-14T13:59:14.198756Z,"{'#attributes': {'Qualifiers': 32768}, '#text': 2089}",DC01.darkzero.htb,Microsoft-Windows-ActiveDirectory_DomainService,Directory Service,609,3,,,"DC=DomainDnsZones,DC=darkzero,DC=htb",90,,,System\CurrentControlSet\Services\NTDS\Parameters,Backup Latency Threshold (days),,,,,,
2026-07-14T13:59:14.198756Z,"{'#attributes': {'Qualifiers': 32768}, '#text': 2089}",DC01.darkzero.htb,Microsoft-Windows-ActiveDirectory_DomainService,Directory Service,610,3,,,"DC=ForestDnsZones,DC=darkzero,DC=htb",90,,,System\CurrentControlSet\Services\NTDS\Parameters,Backup Latency Threshold (days),,,,,,
2026-07-14T14:06:59.521747Z,"{'#attributes': {'Qualifiers': 16384}, '#text': 2179}",DC01.darkzero.htb,Microsoft-Windows-ActiveDirectory_DomainService,Directory Service,611,4,,2353878596790439606,,,,,,,,,,,,
2026-07-14T14:06:59.872338Z,"{'#attributes': {'Qualifiers': 16384}, '#text': 1004}",DC01.darkzero.htb,Microsoft-Windows-ActiveDirectory_DomainService,Directory Service,612,4,,,,,,,,,,,,,,
2026-07-14T14:15:31.959481Z,"{'#attributes': {'Qualifiers': 32768}, '#text': 3051}",DC01.darkzero.htb,Microsoft-Windows-ActiveDirectory_DomainService,Directory Service,613,3,,,,,,,,,,,,,,
2026-07-14T14:15:31.959481Z,"{'#attributes': {'Qualifiers': 32768}, '#text': 3054}",DC01.darkzero.htb,Microsoft-Windows-ActiveDirectory_DomainService,Directory Service,614,3,,,,,,,,,,,,,,
2026-07-14T14:15:32.181529Z,"{'#attributes': {'Qualifiers': 16384}, '#text': 2121}",DC01.darkzero.htb,Microsoft-Windows-ActiveDirectory_DomainService,Directory Service,615,4,,,,,,,,,,,,,,
2026-07-14T14:15:32.181529Z,"{'#attributes': {'Qualifiers': 16384}, '#text': 2406}",DC01.darkzero.htb,Microsoft-Windows-ActiveDirectory_DomainService,Directory Service,616,4,,Recycle Bin Feature,,,,,,,,,,,,
2026-07-14T14:15:32.181529Z,"{'#attributes': {'Qualifiers': 16384}, '#text': 2406}",DC01.darkzero.htb,Microsoft-Windows-ActiveDirectory_DomainService,Directory Service,617,4,,Privileged Access Management Feature,,,,,,,,,,,,
2026-07-14T14:15:32.181529Z,"{'#attributes': {'Qualifiers': 16384}, '#text': 2406}",DC01.darkzero.htb,Microsoft-Windows-ActiveDirectory_DomainService,Directory Service,618,4,,Database 32k Pages Feature,,,,,,,,,,,,
2026-07-14T14:15:32.183553Z,"{'#attributes': {'Qualifiers': 16384}, '#text': 2168}",DC01.darkzero.htb,Microsoft-Windows-ActiveDirectory_DomainService,Directory Service,619,4,,2353878596790439606,,,,,,,,,,,,
2026-07-14T14:15:32.183553Z,"{'#attributes': {'Qualifiers': 16384}, '#text': 2172}",DC01.darkzero.htb,Microsoft-Windows-ActiveDirectory_DomainService,Directory Service,620,4,,2353878596790439606,,,,,,,,,,,,
2026-07-14T14:15:32.196959Z,"{'#attributes': {'Qualifiers': 16384}, '#text': 2405}",DC01.darkzero.htb,Microsoft-Windows-ActiveDirectory_DomainService,Directory Service,621,4,,Privileged Access Management Feature,,,,,,,,,,,,
2026-07-14T14:15:32.199245Z,"{'#attributes': {'Qualifiers': 16384}, '#text': 2120}",DC01.darkzero.htb,Microsoft-Windows-ActiveDirectory_DomainService,Directory Service,622,4,,,,,,,,,,,,,,
2026-07-14T14:15:32.199245Z,"{'#attributes': {'Qualifiers': 16384}, '#text': 2405}",DC01.darkzero.htb,Microsoft-Windows-ActiveDirectory_DomainService,Directory Service,623,4,,Recycle Bin Feature,,,,,,,,,,,,
2026-07-14T14:15:32.199245Z,"{'#attributes': {'Qualifiers': 16384}, '#text': 2405}",DC01.darkzero.htb,Microsoft-Windows-ActiveDirectory_DomainService,Directory Service,624,4,,Database 32k Pages Feature,,,,,,,,,,,,
2026-07-14T14:15:42.215913Z,"{'#attributes': {'Qualifiers': 16384}, '#text': 1000}",DC01.darkzero.htb,Microsoft-Windows-ActiveDirectory_DomainService,Directory Service,625,4,,,,,,,,,,,,,,
2026-07-14T14:16:12.235453Z,"{'#attributes': {'Qualifiers': 16384}, '#text': 1394}",DC01.darkzero.htb,Microsoft-Windows-ActiveDirectory_DomainService,Directory Service,626,4,,,,,,,,,,,,,,
2026-07-14T14:30:42.470747Z,"{'#attributes': {'Qualifiers': 0}, '#text': 102}",DC01.darkzero.htb,NTDS ISAM,Directory Service,627,4,,,NTDS,"880,P,98,0",,,NTDSA: ,0,10,00,26100,0000,,
2026-07-14T14:30:42.475869Z,"{'#attributes': {'Qualifiers': 0}, '#text': 105}",DC01.darkzero.htb,NTDS ISAM,Directory Service,628,4,,,NTDS,"880,D,0,0",,,NTDSA: ,0,0.082,"
[1] 0.002091 +J(0) +M(C:0K, Fs:184, WS:712K # 100K, PF:5416K # 2416K, P:5416K)
[2] 0.005002 +J(0) +M(C:64K, Fs:93, WS:364K # 364K, PF:356K # 356K, P:356K)
[3] 0.000543 +J(0) +M(C:0K, Fs:4, WS:12K # 12K, PF:68K # 68K, P:68K)
[4] 0.014802 -0.000337 (1) WT +J(0) +M(C:0K, Fs:153, WS:540K # 540K, PF:6852K # 6852K, P:6852K)
[5] 0.000369 +J(0)
[6] 0.006080 +J(0) +M(C:0K, Fs:23, WS:88K # 88K, PF:20K # 20K, P:20K)
[7] 0.033430 -0.025623 (21) WT +J(0) +M(C:0K, Fs:2577, WS:10288K # 10288K, PF:10260K # 10260K, P:10260K)
[8] -
[9] -
[10] -
[11] -
[12] -
[13] 0.018446 -0.013270 (22) WT +J(CM:0, PgRf:0, Rd:0/0, Dy:0/0, Lg:616/1) +M(C:0K, Fs:13, WS:-10200K # 24K, PF:-10256K # 12K, P:-10256K)
[14] 0.000028 +J(0) +M(C:0K, Fs:1, WS:4K # 0K, PF:0K # 0K, P:0K)
[15] 0.000920 +J(0) +M(C:0K, Fs:617, WS:2460K # 0K, PF:68K # 0K, P:68K)
[16] 0.000698 -0.000447 (1) WT +J(0) +M(C:0K, Fs:2, WS:0K # 0K, PF:0K # 0K, P:0K).","RBSOn = 0
",,,
2026-07-14T14:30:42.476243Z,"{'#attributes': {'Qualifiers': 0}, '#text': 330}",DC01.darkzero.htb,NTDS ISAM,Directory Service,629,4,,,NTDS,"880,D,50,0",,,NTDSA: ,C:\Windows\NTDS\ntds.dit,0x2580 (9600),9600 (0x2580),9620 (0x2594),,,
2026-07-14T14:30:42.476756Z,"{'#attributes': {'Qualifiers': 0}, '#text': 326}",DC01.darkzero.htb,NTDS ISAM,Directory Service,630,4,,,NTDS,"880,D,50,0",,,NTDSA: ,1,C:\Windows\NTDS\ntds.dit,0,"
[1] 0.000006 +J(0) +M(C:0K, Fs:1, WS:4K # 0K, PF:0K # 0K, P:0K)
[2] 0.000684 -0.000361 (1) WT +J(0) +M(C:0K, Fs:27, WS:44K # 0K, PF:36K # 0K, P:36K)
[3] 0.008269 -0.003322 (6) WT +J(CM:0, PgRf:0, Rd:0/0, Dy:0/0, Lg:3480/2) +M(C:0K, Fs:39, WS:120K # 0K, PF:124K # 0K, P:124K)
[4] 0.001094 +J(0) +M(C:0K, Fs:1, WS:4K # 0K, PF:0K # 0K, P:0K)
[5] -
[6] 0.007755 -0.002194 (2) CM -0.002112 (2) WT +J(CM:2, PgRf:2, Rd:0/2, Dy:0/0, Lg:0/0) +M(C:-56K, Fs:66, WS:208K # 0K, PF:148K # 0K, P:148K)
[7] 0.000006 +J(0)
[8] 0.003789 -0.000837 (1) CM -0.000786 (1) WT +J(CM:1, PgRf:1, Rd:4/1, Dy:0/0, Lg:0/0) +M(C:156K, Fs:70, WS:252K # 0K, PF:352K # 0K, P:352K)
[9] -
[10] -
[11] -
[12] 0.000428 +J(CM:0, PgRf:0, Rd:0/0, Dy:0/0, Lg:54/1) +M(C:0K, Fs:3, WS:12K # 0K, PF:20K # 0K, P:20K)
[13] 0.005499 -0.003523 (3) CM -0.003395 (3) WT +J(CM:3, PgRf:23, Rd:0/3, Dy:0/0, Lg:0/0) +M(C:-88K, Fs:28, WS:-4K # 0K, PF:-56K # 0K, P:-56K)
[14] 0.003481 -0.003131 (4) CM -0.002983 (4) WT +J(CM:4, PgRf:40, Rd:0/4, Dy:0/0, Lg:0/0) +M(C:-24K, Fs:23, WS:-12K # 0K, PF:40K # 0K, P:40K)
[15] 0.000668 -0.000606 (1) CM -0.000565 (1) WT +J(CM:1, PgRf:1, Rd:0/1, Dy:0/0, Lg:0/0) +M(C:-8K, Fs:5, WS:-8K # 0K, PF:-8K # 0K, P:-8K)
[16] 0.000023 +J(CM:0, PgRf:1, Rd:0/0, Dy:0/0, Lg:0/0) +M(C:0K, Fs:1, WS:4K # 0K, PF:0K # 0K, P:0K)
[17] 0.000144 +J(CM:0, PgRf:48, Rd:0/0, Dy:0/0, Lg:0/0) +M(C:0K, Fs:6, WS:24K # 0K, PF:0K # 0K, P:0K)
[18] 0.000001 +J(0)
[19] 0.0 +J(0)
[20] 0.000028 +J(CM:0, PgRf:2, Rd:0/0, Dy:0/0, Lg:0/0) +M(C:0K, Fs:3, WS:12K # 0K, PF:0K # 0K, P:0K).",0 0,"lgposAttach = 00000003:0053:0268,
dbv = 1568.290.600 (9600)",
2026-07-14T14:30:42.477124Z,"{'#attributes': {'Qualifiers': 0}, '#text': 330}",DC01.darkzero.htb,NTDS ISAM,Directory Service,631,4,,,NTDS,"880,D,2,0",,,NTDSA: ,C:\Windows\NTDS\temp.edb,0x2580 (9600),9600 (0x2580),9620 (0x2594),,,
2026-07-14T14:30:42.477402Z,"{'#attributes': {'Qualifiers': 0}, '#text': 700}",DC01.darkzero.htb,NTDS ISAM,Directory Service,632,4,,,NTDS,"880,D,0,0",,,NTDSA: ,C:\Windows\NTDS\ntds.dit,,,,,,
2026-07-14T14:30:42.620527Z,"{'#attributes': {'Qualifiers': 0}, '#text': 701}",DC01.darkzero.htb,NTDS ISAM,Directory Service,633,4,,,NTDS,"880,D,0,0",,,NTDSA: ,C:\Windows\NTDS\ntds.dit,0,7/14/2026,0,1,1,16
2026-07-14T14:30:42.466470Z,"{'#attributes': {'Qualifiers': 16384}, '#text': 3033}",DC01.darkzero.htb,Microsoft-Windows-ActiveDirectory_DomainService,Directory Service,634,4,,,,,,,,,,,,,,
2026-07-14T14:30:42.466470Z,"{'#attributes': {'Qualifiers': 16384}, '#text': 3027}",DC01.darkzero.htb,Microsoft-Windows-ActiveDirectory_DomainService,Directory Service,635,4,,3600,,,,,,,,,,,,
2026-07-14T14:30:42.475092Z,"{'#attributes': {'Qualifiers': 16384}, '#text': 1869}",DC01.darkzero.htb,Microsoft-Windows-ActiveDirectory_DomainService,Directory Service,636,4,,,\\DC01.darkzero.htb,Default-First-Site-Name,,,,,,,,,,
2026-07-14T15:15:42.247082Z,"{'#attributes': {'Qualifiers': 32768}, '#text': 2089}",DC01.darkzero.htb,Microsoft-Windows-ActiveDirectory_DomainService,Directory Service,637,3,,,"DC=darkzero,DC=htb",90,,,System\CurrentControlSet\Services\NTDS\Parameters,Backup Latency Threshold (days),,,,,,
2026-07-14T15:15:42.247082Z,"{'#attributes': {'Qualifiers': 32768}, '#text': 2089}",DC01.darkzero.htb,Microsoft-Windows-ActiveDirectory_DomainService,Directory Service,638,3,,,"CN=Configuration,DC=darkzero,DC=htb",90,,,System\CurrentControlSet\Services\NTDS\Parameters,Backup Latency Threshold (days),,,,,,
2026-07-14T15:15:42.247082Z,"{'#attributes': {'Qualifiers': 32768}, '#text': 2089}",DC01.darkzero.htb,Microsoft-Windows-ActiveDirectory_DomainService,Directory Service,639,3,,,"CN=Schema,CN=Configuration,DC=darkzero,DC=htb",90,,,System\CurrentControlSet\Services\NTDS\Parameters,Backup Latency Threshold (days),,,,,,
2026-07-14T15:15:42.247082Z,"{'#attributes': {'Qualifiers': 32768}, '#text': 2089}",DC01.darkzero.htb,Microsoft-Windows-ActiveDirectory_DomainService,Directory Service,640,3,,,"DC=DomainDnsZones,DC=darkzero,DC=htb",90,,,System\CurrentControlSet\Services\NTDS\Parameters,Backup Latency Threshold (days),,,,,,
2026-07-14T15:15:42.248659Z,"{'#attributes': {'Qualifiers': 32768}, '#text': 2089}",DC01.darkzero.htb,Microsoft-Windows-ActiveDirectory_DomainService,Directory Service,641,3,,,"DC=ForestDnsZones,DC=darkzero,DC=htb",90,,,System\CurrentControlSet\Services\NTDS\Parameters,Backup Latency Threshold (days),,,,,,
2026-07-14T16:09:21.741564Z,"{'#attributes': {'Qualifiers': 16384}, '#text': 2179}",DC01.darkzero.htb,Microsoft-Windows-ActiveDirectory_DomainService,Directory Service,642,4,,2353878596790439606,,,,,,,,,,,,
2026-07-14T16:09:23.454159Z,"{'#attributes': {'Qualifiers': 16384}, '#text': 1004}",DC01.darkzero.htb,Microsoft-Windows-ActiveDirectory_DomainService,Directory Service,643,4,,,,,,,,,,,,,,
2026-07-14T16:09:55.749908Z,"{'#attributes': {'Qualifiers': 32768}, '#text': 3051}",DC01.darkzero.htb,Microsoft-Windows-ActiveDirectory_DomainService,Directory Service,644,3,,,,,,,,,,,,,,
2026-07-14T16:09:55.749908Z,"{'#attributes': {'Qualifiers': 32768}, '#text': 3054}",DC01.darkzero.htb,Microsoft-Windows-ActiveDirectory_DomainService,Directory Service,645,3,,,,,,,,,,,,,,
2026-07-14T16:09:55.935077Z,"{'#attributes': {'Qualifiers': 16384}, '#text': 2121}",DC01.darkzero.htb,Microsoft-Windows-ActiveDirectory_DomainService,Directory Service,646,4,,,,,,,,,,,,,,
2026-07-14T16:09:55.935077Z,"{'#attributes': {'Qualifiers': 16384}, '#text': 2406}",DC01.darkzero.htb,Microsoft-Windows-ActiveDirectory_DomainService,Directory Service,647,4,,Recycle Bin Feature,,,,,,,,,,,,
2026-07-14T16:09:55.935077Z,"{'#attributes': {'Qualifiers': 16384}, '#text': 2406}",DC01.darkzero.htb,Microsoft-Windows-ActiveDirectory_DomainService,Directory Service,648,4,,Privileged Access Management Feature,,,,,,,,,,,,
2026-07-14T16:09:55.935077Z,"{'#attributes': {'Qualifiers': 16384}, '#text': 2406}",DC01.darkzero.htb,Microsoft-Windows-ActiveDirectory_DomainService,Directory Service,649,4,,Database 32k Pages Feature,,,,,,,,,,,,
2026-07-14T16:09:55.937116Z,"{'#attributes': {'Qualifiers': 16384}, '#text': 2168}",DC01.darkzero.htb,Microsoft-Windows-ActiveDirectory_DomainService,Directory Service,650,4,,2353878596790439606,,,,,,,,,,,,
2026-07-14T16:09:55.937116Z,"{'#attributes': {'Qualifiers': 16384}, '#text': 2172}",DC01.darkzero.htb,Microsoft-Windows-ActiveDirectory_DomainService,Directory Service,651,4,,2353878596790439606,,,,,,,,,,,,
2026-07-14T16:09:55.952889Z,"{'#attributes': {'Qualifiers': 16384}, '#text': 2120}",DC01.darkzero.htb,Microsoft-Windows-ActiveDirectory_DomainService,Directory Service,652,4,,,,,,,,,,,,,,
2026-07-14T16:09:55.952889Z,"{'#attributes': {'Qualifiers': 16384}, '#text': 2405}",DC01.darkzero.htb,Microsoft-Windows-ActiveDirectory_DomainService,Directory Service,653,4,,Recycle Bin Feature,,,,,,,,,,,,
2026-07-14T16:09:55.952889Z,"{'#attributes': {'Qualifiers': 16384}, '#text': 2405}",DC01.darkzero.htb,Microsoft-Windows-ActiveDirectory_DomainService,Directory Service,654,4,,Privileged Access Management Feature,,,,,,,,,,,,
2026-07-14T16:09:55.954923Z,"{'#attributes': {'Qualifiers': 16384}, '#text': 2405}",DC01.darkzero.htb,Microsoft-Windows-ActiveDirectory_DomainService,Directory Service,655,4,,Database 32k Pages Feature,,,,,,,,,,,,
2026-07-14T16:10:05.965747Z,"{'#attributes': {'Qualifiers': 16384}, '#text': 1000}",DC01.darkzero.htb,Microsoft-Windows-ActiveDirectory_DomainService,Directory Service,656,4,,,,,,,,,,,,,,
2026-07-14T16:10:35.974230Z,"{'#attributes': {'Qualifiers': 16384}, '#text': 1394}",DC01.darkzero.htb,Microsoft-Windows-ActiveDirectory_DomainService,Directory Service,657,4,,,,,,,,,,,,,,
2026-07-14T16:10:47.643440Z,"{'#attributes': {'Qualifiers': 16384}, '#text': 2179}",DC01.darkzero.htb,Microsoft-Windows-ActiveDirectory_DomainService,Directory Service,658,4,,2353878596790439606,,,,,,,,,,,,
2026-07-14T16:10:47.782550Z,"{'#attributes': {'Qualifiers': 16384}, '#text': 1004}",DC01.darkzero.htb,Microsoft-Windows-ActiveDirectory_DomainService,Directory Service,659,4,,,,,,,,,,,,,,
2026-07-14T16:11:17.054599Z,"{'#attributes': {'Qualifiers': 32768}, '#text': 3051}",DC01.darkzero.htb,Microsoft-Windows-ActiveDirectory_DomainService,Directory Service,660,3,,,,,,,,,,,,,,
2026-07-14T16:11:17.054599Z,"{'#attributes': {'Qualifiers': 32768}, '#text': 3054}",DC01.darkzero.htb,Microsoft-Windows-ActiveDirectory_DomainService,Directory Service,661,3,,,,,,,,,,,,,,
2026-07-14T16:11:17.264438Z,"{'#attributes': {'Qualifiers': 16384}, '#text': 2121}",DC01.darkzero.htb,Microsoft-Windows-ActiveDirectory_DomainService,Directory Service,662,4,,,,,,,,,,,,,,
2026-07-14T16:11:17.264438Z,"{'#attributes': {'Qualifiers': 16384}, '#text': 2406}",DC01.darkzero.htb,Microsoft-Windows-ActiveDirectory_DomainService,Directory Service,663,4,,Recycle Bin Feature,,,,,,,,,,,,
2026-07-14T16:11:17.264438Z,"{'#attributes': {'Qualifiers': 16384}, '#text': 2406}",DC01.darkzero.htb,Microsoft-Windows-ActiveDirectory_DomainService,Directory Service,664,4,,Privileged Access Management Feature,,,,,,,,,,,,
2026-07-14T16:11:17.264438Z,"{'#attributes': {'Qualifiers': 16384}, '#text': 2406}",DC01.darkzero.htb,Microsoft-Windows-ActiveDirectory_DomainService,Directory Service,665,4,,Database 32k Pages Feature,,,,,,,,,,,,
2026-07-14T16:11:17.268510Z,"{'#attributes': {'Qualifiers': 16384}, '#text': 2168}",DC01.darkzero.htb,Microsoft-Windows-ActiveDirectory_DomainService,Directory Service,666,4,,2353878596790439606,,,,,,,,,,,,
2026-07-14T16:11:17.268510Z,"{'#attributes': {'Qualifiers': 16384}, '#text': 2172}",DC01.darkzero.htb,Microsoft-Windows-ActiveDirectory_DomainService,Directory Service,667,4,,2353878596790439606,,,,,,,,,,,,
2026-07-14T16:11:17.285784Z,"{'#attributes': {'Qualifiers': 16384}, '#text': 2120}",DC01.darkzero.htb,Microsoft-Windows-ActiveDirectory_DomainService,Directory Service,668,4,,,,,,,,,,,,,,
2026-07-14T16:11:17.285784Z,"{'#attributes': {'Qualifiers': 16384}, '#text': 2405}",DC01.darkzero.htb,Microsoft-Windows-ActiveDirectory_DomainService,Directory Service,669,4,,Recycle Bin Feature,,,,,,,,,,,,
2026-07-14T16:11:17.285784Z,"{'#attributes': {'Qualifiers': 16384}, '#text': 2405}",DC01.darkzero.htb,Microsoft-Windows-ActiveDirectory_DomainService,Directory Service,670,4,,Privileged Access Management Feature,,,,,,,,,,,,
2026-07-14T16:11:17.285784Z,"{'#attributes': {'Qualifiers': 16384}, '#text': 2405}",DC01.darkzero.htb,Microsoft-Windows-ActiveDirectory_DomainService,Directory Service,671,4,,Database 32k Pages Feature,,,,,,,,,,,,
2026-07-14T16:11:27.292980Z,"{'#attributes': {'Qualifiers': 16384}, '#text': 1000}",DC01.darkzero.htb,Microsoft-Windows-ActiveDirectory_DomainService,Directory Service,672,4,,,,,,,,,,,,,,
2026-07-14T16:11:57.312178Z,"{'#attributes': {'Qualifiers': 16384}, '#text': 1394}",DC01.darkzero.htb,Microsoft-Windows-ActiveDirectory_DomainService,Directory Service,673,4,,,,,,,,,,,,,,
2026-07-14T16:26:27.587954Z,"{'#attributes': {'Qualifiers': 0}, '#text': 102}",DC01.darkzero.htb,NTDS ISAM,Directory Service,674,4,,,NTDS,"892,P,98,0",,,NTDSA: ,0,10,00,26100,0000,,
2026-07-14T16:26:27.588588Z,"{'#attributes': {'Qualifiers': 0}, '#text': 105}",DC01.darkzero.htb,NTDS ISAM,Directory Service,675,4,,,NTDS,"892,D,0,0",,,NTDSA: ,0,0.098,"
[1] 0.001860 +J(0) +M(C:0K, Fs:185, WS:716K # 108K, PF:5420K # 2416K, P:5420K)
[2] 0.005294 +J(0) +M(C:64K, Fs:93, WS:364K # 364K, PF:356K # 356K, P:356K)
[3] 0.000450 +J(0) +M(C:0K, Fs:4, WS:12K # 12K, PF:68K # 68K, P:68K)
[4] 0.013502 -0.000612 (1) WT +J(0) +M(C:0K, Fs:140, WS:488K # 488K, PF:6832K # 6832K, P:6832K)
[5] 0.000338 +J(0)
[6] 0.005461 +J(0) +M(C:0K, Fs:22, WS:84K # 84K, PF:16K # 16K, P:16K)
[7] 0.046835 -0.038885 (21) WT +J(0) +M(C:0K, Fs:2577, WS:10288K # 10288K, PF:10260K # 10260K, P:10260K)
[8] -
[9] -
[10] -
[11] -
[12] -
[13] 0.022375 -0.016877 (22) WT +J(CM:0, PgRf:0, Rd:0/0, Dy:0/0, Lg:616/1) +M(C:0K, Fs:14, WS:-10200K # 24K, PF:-10256K # 16K, P:-10256K)
[14] 0.000028 +J(0) +M(C:0K, Fs:1, WS:4K # 0K, PF:0K # 0K, P:0K)
[15] 0.001100 +J(0) +M(C:0K, Fs:616, WS:2460K # 0K, PF:68K # 0K, P:68K)
[16] 0.000614 -0.000314 (1) WT +J(0) +M(C:0K, Fs:3, WS:4K # 0K, PF:4K # 0K, P:4K).","RBSOn = 0
",,,
2026-07-14T16:26:27.588913Z,"{'#attributes': {'Qualifiers': 0}, '#text': 330}",DC01.darkzero.htb,NTDS ISAM,Directory Service,676,4,,,NTDS,"892,D,50,0",,,NTDSA: ,C:\Windows\NTDS\ntds.dit,0x2580 (9600),9600 (0x2580),9620 (0x2594),,,
2026-07-14T16:26:27.589238Z,"{'#attributes': {'Qualifiers': 0}, '#text': 326}",DC01.darkzero.htb,NTDS ISAM,Directory Service,677,4,,,NTDS,"892,D,50,0",,,NTDSA: ,1,C:\Windows\NTDS\ntds.dit,0,"
[1] 0.000006 +J(0) +M(C:0K, Fs:1, WS:4K # 0K, PF:0K # 0K, P:0K)
[2] 0.000836 -0.000547 (1) WT +J(0) +M(C:0K, Fs:26, WS:40K # 0K, PF:32K # 0K, P:32K)
[3] 0.008912 -0.003990 (6) WT +J(CM:0, PgRf:0, Rd:0/0, Dy:0/0, Lg:3480/2) +M(C:0K, Fs:38, WS:120K # 0K, PF:120K # 0K, P:120K)
[4] 0.001178 +J(0) +M(C:0K, Fs:1, WS:4K # 0K, PF:0K # 0K, P:0K)
[5] -
[6] 0.006482 -0.002289 (2) CM -0.002206 (2) WT +J(CM:2, PgRf:2, Rd:0/2, Dy:0/0, Lg:0/0) +M(C:-56K, Fs:65, WS:204K # 0K, PF:144K # 0K, P:144K)
[7] 0.000005 +J(0)
[8] 0.003839 -0.000628 (1) CM -0.000574 (1) WT +J(CM:1, PgRf:1, Rd:4/1, Dy:0/0, Lg:0/0) +M(C:156K, Fs:62, WS:220K # 0K, PF:352K # 0K, P:352K)
[9] -
[10] -
[11] -
[12] 0.000357 +J(CM:0, PgRf:0, Rd:0/0, Dy:0/0, Lg:54/1) +M(C:0K, Fs:4, WS:16K # 0K, PF:24K # 0K, P:24K)
[13] 0.005812 -0.003803 (3) CM -0.003682 (3) WT +J(CM:3, PgRf:23, Rd:0/3, Dy:0/0, Lg:0/0) +M(C:-88K, Fs:34, WS:28K # 0K, PF:-56K # 0K, P:-56K)
[14] 0.003174 -0.002668 (3) CM -0.002549 (3) WT +J(CM:3, PgRf:40, Rd:0/3, Dy:0/0, Lg:0/0) +M(C:-24K, Fs:16, WS:-12K # 0K, PF:40K # 0K, P:40K)
[15] 0.000877 -0.000763 (1) CM -0.000669 (1) WT +J(CM:1, PgRf:1, Rd:0/1, Dy:0/0, Lg:0/0) +M(C:-8K, Fs:5, WS:-8K # 0K, PF:-8K # 0K, P:-8K)
[16] 0.000026 +J(CM:0, PgRf:1, Rd:0/0, Dy:0/0, Lg:0/0) +M(C:0K, Fs:1, WS:4K # 0K, PF:0K # 0K, P:0K)
[17] 0.001269 -0.001084 (1) CM -0.001035 (1) WT +J(CM:1, PgRf:48, Rd:0/1, Dy:0/0, Lg:0/0) +M(C:0K, Fs:13, WS:24K # 0K, PF:0K # 0K, P:0K)
[18] 0.000002 +J(0)
[19] 0.0 +J(0)
[20] 0.000736 -0.000628 (1) CM -0.000585 (1) WT +J(CM:1, PgRf:2, Rd:0/1, Dy:0/0, Lg:0/0) +M(C:0K, Fs:10, WS:12K # 0K, PF:0K # 0K, P:0K).",0 0,"lgposAttach = 00000003:0078:0268,
dbv = 1568.290.600 (9600)",
2026-07-14T16:26:27.589719Z,"{'#attributes': {'Qualifiers': 0}, '#text': 330}",DC01.darkzero.htb,NTDS ISAM,Directory Service,678,4,,,NTDS,"892,D,2,0",,,NTDSA: ,C:\Windows\NTDS\temp.edb,0x2580 (9600),9600 (0x2580),9620 (0x2594),,,
2026-07-14T16:26:27.590180Z,"{'#attributes': {'Qualifiers': 0}, '#text': 700}",DC01.darkzero.htb,NTDS ISAM,Directory Service,679,4,,,NTDS,"892,D,0,0",,,NTDSA: ,C:\Windows\NTDS\ntds.dit,,,,,,
2026-07-14T16:26:27.737906Z,"{'#attributes': {'Qualifiers': 0}, '#text': 701}",DC01.darkzero.htb,NTDS ISAM,Directory Service,680,4,,,NTDS,"892,D,0,0",,,NTDSA: ,C:\Windows\NTDS\ntds.dit,0,7/14/2026,0,1,1,17
2026-07-14T16:26:27.339469Z,"{'#attributes': {'Qualifiers': 16384}, '#text': 1869}",DC01.darkzero.htb,Microsoft-Windows-ActiveDirectory_DomainService,Directory Service,681,4,,,\\DC01.darkzero.htb,Default-First-Site-Name,,,,,,,,,,
2026-07-14T16:26:27.583149Z,"{'#attributes': {'Qualifiers': 16384}, '#text': 3033}",DC01.darkzero.htb,Microsoft-Windows-ActiveDirectory_DomainService,Directory Service,682,4,,,,,,,,,,,,,,
2026-07-14T16:26:27.583149Z,"{'#attributes': {'Qualifiers': 16384}, '#text': 3027}",DC01.darkzero.htb,Microsoft-Windows-ActiveDirectory_DomainService,Directory Service,683,4,,3600,,,,,,,,,,,,
2026-07-14T16:27:15.566226Z,"{'#attributes': {'Qualifiers': 16384}, '#text': 2179}",DC01.darkzero.htb,Microsoft-Windows-ActiveDirectory_DomainService,Directory Service,684,4,,2353878596790439606,,,,,,,,,,,,
2026-07-14T16:27:15.736058Z,"{'#attributes': {'Qualifiers': 16384}, '#text': 1004}",DC01.darkzero.htb,Microsoft-Windows-ActiveDirectory_DomainService,Directory Service,685,4,,,,,,,,,,,,,,
2026-07-14T16:43:36.445984Z,"{'#attributes': {'Qualifiers': 32768}, '#text': 3051}",DC01.darkzero.htb,Microsoft-Windows-ActiveDirectory_DomainService,Directory Service,686,3,,,,,,,,,,,,,,
2026-07-14T16:43:36.445984Z,"{'#attributes': {'Qualifiers': 32768}, '#text': 3054}",DC01.darkzero.htb,Microsoft-Windows-ActiveDirectory_DomainService,Directory Service,687,3,,,,,,,,,,,,,,
2026-07-14T16:43:37.044006Z,"{'#attributes': {'Qualifiers': 16384}, '#text': 2121}",DC01.darkzero.htb,Microsoft-Windows-ActiveDirectory_DomainService,Directory Service,688,4,,,,,,,,,,,,,,
2026-07-14T16:43:37.044006Z,"{'#attributes': {'Qualifiers': 16384}, '#text': 2406}",DC01.darkzero.htb,Microsoft-Windows-ActiveDirectory_DomainService,Directory Service,689,4,,Recycle Bin Feature,,,,,,,,,,,,
2026-07-14T16:43:37.044006Z,"{'#attributes': {'Qualifiers': 16384}, '#text': 2406}",DC01.darkzero.htb,Microsoft-Windows-ActiveDirectory_DomainService,Directory Service,690,4,,Privileged Access Management Feature,,,,,,,,,,,,
2026-07-14T16:43:37.044006Z,"{'#attributes': {'Qualifiers': 16384}, '#text': 2406}",DC01.darkzero.htb,Microsoft-Windows-ActiveDirectory_DomainService,Directory Service,691,4,,Database 32k Pages Feature,,,,,,,,,,,,
2026-07-14T16:43:37.047036Z,"{'#attributes': {'Qualifiers': 16384}, '#text': 2168}",DC01.darkzero.htb,Microsoft-Windows-ActiveDirectory_DomainService,Directory Service,692,4,,7717295651777792940,,,,,,,,,,,,
2026-07-14T16:43:37.047036Z,"{'#attributes': {'Qualifiers': 16384}, '#text': 2172}",DC01.darkzero.htb,Microsoft-Windows-ActiveDirectory_DomainService,Directory Service,693,4,,2353878596790439606,,,,,,,,,,,,
2026-07-14T16:43:37.047036Z,"{'#attributes': {'Qualifiers': 32768}, '#text': 2170}",DC01.darkzero.htb,Microsoft-Windows-ActiveDirectory_DomainService,Directory Service,694,3,,,2353878596790439606,7717295651777792940,,,,,,,,,,
2026-07-14T16:43:37.057192Z,"{'#attributes': {'Qualifiers': 16384}, '#text': 1109}",DC01.darkzero.htb,Microsoft-Windows-ActiveDirectory_DomainService,Directory Service,695,4,,,3047df3a-42f5-4337-9e58-820f01777949,07405c1d-e88a-47b5-8ffd-48d41ad477db,,,106520,,,,,,,
2026-07-14T16:43:37.087419Z,"{'#attributes': {'Qualifiers': 16384}, '#text': 2208}",DC01.darkzero.htb,Microsoft-Windows-ActiveDirectory_DomainService,Directory Service,696,4,,,,,,,,,,,,,,
2026-07-14T16:43:37.089446Z,"{'#attributes': {'Qualifiers': 16384}, '#text': 2179}",DC01.darkzero.htb,Microsoft-Windows-ActiveDirectory_DomainService,Directory Service,697,4,,7717295651777792940,,,,,,,,,,,,
2026-07-14T16:43:37.107282Z,"{'#attributes': {'Qualifiers': 16384}, '#text': 2120}",DC01.darkzero.htb,Microsoft-Windows-ActiveDirectory_DomainService,Directory Service,698,4,,,,,,,,,,,,,,
2026-07-14T16:43:37.107282Z,"{'#attributes': {'Qualifiers': 16384}, '#text': 2405}",DC01.darkzero.htb,Microsoft-Windows-ActiveDirectory_DomainService,Directory Service,699,4,,Recycle Bin Feature,,,,,,,,,,,,
2026-07-14T16:43:37.107282Z,"{'#attributes': {'Qualifiers': 16384}, '#text': 2405}",DC01.darkzero.htb,Microsoft-Windows-ActiveDirectory_DomainService,Directory Service,700,4,,Privileged Access Management Feature,,,,,,,,,,,,
2026-07-14T16:43:37.107282Z,"{'#attributes': {'Qualifiers': 16384}, '#text': 2405}",DC01.darkzero.htb,Microsoft-Windows-ActiveDirectory_DomainService,Directory Service,701,4,,Database 32k Pages Feature,,,,,,,,,,,,
2026-07-14T16:43:47.121469Z,"{'#attributes': {'Qualifiers': 16384}, '#text': 1000}",DC01.darkzero.htb,Microsoft-Windows-ActiveDirectory_DomainService,Directory Service,702,4,,,,,,,,,,,,,,
2026-07-14T16:44:17.140752Z,"{'#attributes': {'Qualifiers': 16384}, '#text': 1394}",DC01.darkzero.htb,Microsoft-Windows-ActiveDirectory_DomainService,Directory Service,703,4,,,,,,,,,,,,,,
2026-07-14T16:58:47.413878Z,"{'#attributes': {'Qualifiers': 0}, '#text': 102}",DC01.darkzero.htb,NTDS ISAM,Directory Service,704,4,,,NTDS,"888,P,98,0",,,NTDSA: ,0,10,00,26100,0000,,
2026-07-14T16:58:47.414621Z,"{'#attributes': {'Qualifiers': 0}, '#text': 105}",DC01.darkzero.htb,NTDS ISAM,Directory Service,705,4,,,NTDS,"888,D,0,0",,,NTDSA: ,0,0.097,"
[1] 0.001865 +J(0) +M(C:0K, Fs:183, WS:712K # 104K, PF:5416K # 2416K, P:5416K)
[2] 0.005592 +J(0) +M(C:64K, Fs:94, WS:364K # 364K, PF:360K # 360K, P:360K)
[3] 0.000572 +J(0) +M(C:0K, Fs:4, WS:12K # 12K, PF:64K # 64K, P:64K)
[4] 0.013535 -0.000469 (1) WT +J(0) +M(C:0K, Fs:140, WS:488K # 488K, PF:6840K # 6840K, P:6840K)
[5] 0.000339 +J(0) +M(C:0K, Fs:2, WS:8K # 8K, PF:4K # 4K, P:4K)
[6] 0.005744 +J(0) +M(C:0K, Fs:21, WS:80K # 80K, PF:16K # 16K, P:16K)
[7] 0.044067 -0.036843 (21) WT +J(0) +M(C:0K, Fs:2578, WS:10288K # 10288K, PF:10260K # 10260K, P:10260K)
[8] -
[9] -
[10] -
[11] -
[12] -
[13] 0.024047 -0.018299 (22) WT +J(CM:0, PgRf:0, Rd:0/0, Dy:0/0, Lg:616/1) +M(C:0K, Fs:14, WS:-10200K # 24K, PF:-10256K # 12K, P:-10256K)
[14] 0.000029 +J(0) +M(C:0K, Fs:2, WS:8K # 0K, PF:4K # 0K, P:4K)
[15] 0.000740 +J(0) +M(C:0K, Fs:615, WS:2460K # 0K, PF:64K # 0K, P:64K)
[16] 0.000652 -0.000423 (1) WT +J(0) +M(C:0K, Fs:2, WS:0K # 0K, PF:0K # 0K, P:0K).","RBSOn = 0
",,,
2026-07-14T16:58:47.415149Z,"{'#attributes': {'Qualifiers': 0}, '#text': 330}",DC01.darkzero.htb,NTDS ISAM,Directory Service,706,4,,,NTDS,"888,D,50,0",,,NTDSA: ,C:\Windows\NTDS\ntds.dit,0x2580 (9600),9600 (0x2580),9620 (0x2594),,,
2026-07-14T16:58:47.415527Z,"{'#attributes': {'Qualifiers': 0}, '#text': 326}",DC01.darkzero.htb,NTDS ISAM,Directory Service,707,4,,,NTDS,"888,D,50,0",,,NTDSA: ,1,C:\Windows\NTDS\ntds.dit,0,"
[1] 0.000005 +J(0) +M(C:0K, Fs:1, WS:4K # 0K, PF:0K # 0K, P:0K)
[2] 0.000767 -0.000466 (1) WT +J(0) +M(C:0K, Fs:26, WS:40K # 0K, PF:32K # 0K, P:32K)
[3] 0.008579 -0.003581 (6) WT +J(CM:0, PgRf:0, Rd:0/0, Dy:0/0, Lg:3480/2) +M(C:0K, Fs:39, WS:124K # 0K, PF:124K # 0K, P:124K)
[4] 0.001248 +J(0) +M(C:0K, Fs:1, WS:4K # 0K, PF:0K # 0K, P:0K)
[5] -
[6] 0.006413 -0.002376 (2) CM -0.002294 (2) WT +J(CM:2, PgRf:2, Rd:0/2, Dy:0/0, Lg:0/0) +M(C:-56K, Fs:66, WS:208K # 0K, PF:148K # 0K, P:148K)
[7] 0.000005 +J(0)
[8] 0.004177 -0.000814 (1) CM -0.000754 (1) WT +J(CM:1, PgRf:1, Rd:4/1, Dy:0/0, Lg:0/0) +M(C:156K, Fs:71, WS:252K # 0K, PF:356K # 0K, P:356K)
[9] -
[10] -
[11] -
[12] 0.000366 +J(CM:0, PgRf:0, Rd:0/0, Dy:0/0, Lg:54/1) +M(C:0K, Fs:3, WS:12K # 0K, PF:20K # 0K, P:20K)
[13] 0.007480 -0.005500 (5) CM -0.005303 (5) WT +J(CM:5, PgRf:23, Rd:0/5, Dy:0/0, Lg:0/0) +M(C:-88K, Fs:37, WS:-8K # 0K, PF:-56K # 0K, P:-56K)
[14] 0.002818 -0.002536 (3) CM -0.002429 (3) WT +J(CM:3, PgRf:40, Rd:0/3, Dy:0/0, Lg:0/0) +M(C:-24K, Fs:16, WS:-12K # 0K, PF:40K # 0K, P:40K)
[15] 0.000656 -0.000598 (1) CM -0.000562 (1) WT +J(CM:1, PgRf:1, Rd:0/1, Dy:0/0, Lg:0/0) +M(C:-8K, Fs:5, WS:-8K # 0K, PF:-8K # 0K, P:-8K)
[16] 0.000021 +J(CM:0, PgRf:1, Rd:0/0, Dy:0/0, Lg:0/0) +M(C:0K, Fs:1, WS:4K # 0K, PF:0K # 0K, P:0K)
[17] 0.001155 -0.001008 (1) CM -0.000972 (1) WT +J(CM:1, PgRf:48, Rd:0/1, Dy:0/0, Lg:0/0) +M(C:0K, Fs:13, WS:24K # 0K, PF:0K # 0K, P:0K)
[18] 0.000002 +J(0)
[19] 0.0 +J(0)
[20] 0.000650 -0.000560 (1) CM -0.000521 (1) WT +J(CM:1, PgRf:2, Rd:0/1, Dy:0/0, Lg:0/0) +M(C:0K, Fs:10, WS:12K # 0K, PF:0K # 0K, P:0K).",0 0,"lgposAttach = 00000003:008A:0268,
dbv = 1568.290.600 (9600)",
2026-07-14T16:58:47.415967Z,"{'#attributes': {'Qualifiers': 0}, '#text': 330}",DC01.darkzero.htb,NTDS ISAM,Directory Service,708,4,,,NTDS,"888,D,2,0",,,NTDSA: ,C:\Windows\NTDS\temp.edb,0x2580 (9600),9600 (0x2580),9620 (0x2594),,,
2026-07-14T16:58:47.416245Z,"{'#attributes': {'Qualifiers': 0}, '#text': 700}",DC01.darkzero.htb,NTDS ISAM,Directory Service,709,4,,,NTDS,"888,D,0,0",,,NTDSA: ,C:\Windows\NTDS\ntds.dit,,,,,,
2026-07-14T16:58:47.563335Z,"{'#attributes': {'Qualifiers': 0}, '#text': 701}",DC01.darkzero.htb,NTDS ISAM,Directory Service,710,4,,,NTDS,"888,D,0,0",,,NTDSA: ,C:\Windows\NTDS\ntds.dit,0,7/14/2026,0,1,1,18
