2026-07-23T12:29:43.149913Z,"{'#attributes': {'Qualifiers': 16384}, '#text': 2406}",DC01.darkzero.htb,Microsoft-Windows-ActiveDirectory_DomainService,Directory Service,898,4,,Recycle Bin Feature,,,,,,,,,,,,
2026-07-23T12:29:43.151519Z,"{'#attributes': {'Qualifiers': 16384}, '#text': 2406}",DC01.darkzero.htb,Microsoft-Windows-ActiveDirectory_DomainService,Directory Service,899,4,,Privileged Access Management Feature,,,,,,,,,,,,
2026-07-23T12:29:43.151519Z,"{'#attributes': {'Qualifiers': 16384}, '#text': 2406}",DC01.darkzero.htb,Microsoft-Windows-ActiveDirectory_DomainService,Directory Service,900,4,,Database 32k Pages Feature,,,,,,,,,,,,
2026-07-23T12:29:43.151519Z,"{'#attributes': {'Qualifiers': 16384}, '#text': 2168}",DC01.darkzero.htb,Microsoft-Windows-ActiveDirectory_DomainService,Directory Service,901,4,,553944325343950857,,,,,,,,,,,,
2026-07-23T12:29:43.151519Z,"{'#attributes': {'Qualifiers': 16384}, '#text': 2172}",DC01.darkzero.htb,Microsoft-Windows-ActiveDirectory_DomainService,Directory Service,902,4,,553944325343950857,,,,,,,,,,,,
2026-07-23T12:29:43.169705Z,"{'#attributes': {'Qualifiers': 16384}, '#text': 2405}",DC01.darkzero.htb,Microsoft-Windows-ActiveDirectory_DomainService,Directory Service,903,4,,Privileged Access Management Feature,,,,,,,,,,,,
2026-07-23T12:29:43.169705Z,"{'#attributes': {'Qualifiers': 16384}, '#text': 2120}",DC01.darkzero.htb,Microsoft-Windows-ActiveDirectory_DomainService,Directory Service,904,4,,,,,,,,,,,,,,
2026-07-23T12:29:43.169705Z,"{'#attributes': {'Qualifiers': 16384}, '#text': 2405}",DC01.darkzero.htb,Microsoft-Windows-ActiveDirectory_DomainService,Directory Service,905,4,,Recycle Bin Feature,,,,,,,,,,,,
2026-07-23T12:29:43.169705Z,"{'#attributes': {'Qualifiers': 16384}, '#text': 2405}",DC01.darkzero.htb,Microsoft-Windows-ActiveDirectory_DomainService,Directory Service,906,4,,Database 32k Pages Feature,,,,,,,,,,,,
2026-07-23T12:29:53.375253Z,"{'#attributes': {'Qualifiers': 16384}, '#text': 1000}",DC01.darkzero.htb,Microsoft-Windows-ActiveDirectory_DomainService,Directory Service,907,4,,,,,,,,,,,,,,
2026-07-23T12:30:23.477092Z,"{'#attributes': {'Qualifiers': 16384}, '#text': 1394}",DC01.darkzero.htb,Microsoft-Windows-ActiveDirectory_DomainService,Directory Service,908,4,,,,,,,,,,,,,,
2026-07-23T12:35:48.176918Z,"{'#attributes': {'Qualifiers': 16384}, '#text': 2179}",DC01.darkzero.htb,Microsoft-Windows-ActiveDirectory_DomainService,Directory Service,909,4,,553944325343950857,,,,,,,,,,,,
2026-07-23T12:35:48.830097Z,"{'#attributes': {'Qualifiers': 16384}, '#text': 1004}",DC01.darkzero.htb,Microsoft-Windows-ActiveDirectory_DomainService,Directory Service,910,4,,,,,,,,,,,,,,
2026-07-23T13:02:10.753986Z,"{'#attributes': {'Qualifiers': 32768}, '#text': 3051}",DC01.darkzero.htb,Microsoft-Windows-ActiveDirectory_DomainService,Directory Service,911,3,,,,,,,,,,,,,,
2026-07-23T13:02:10.753986Z,"{'#attributes': {'Qualifiers': 32768}, '#text': 3054}",DC01.darkzero.htb,Microsoft-Windows-ActiveDirectory_DomainService,Directory Service,912,3,,,,,,,,,,,,,,
2026-07-23T13:02:11.179294Z,"{'#attributes': {'Qualifiers': 16384}, '#text': 2121}",DC01.darkzero.htb,Microsoft-Windows-ActiveDirectory_DomainService,Directory Service,913,4,,,,,,,,,,,,,,
2026-07-23T13:02:11.179294Z,"{'#attributes': {'Qualifiers': 16384}, '#text': 2406}",DC01.darkzero.htb,Microsoft-Windows-ActiveDirectory_DomainService,Directory Service,914,4,,Recycle Bin Feature,,,,,,,,,,,,
2026-07-23T13:02:11.179294Z,"{'#attributes': {'Qualifiers': 16384}, '#text': 2406}",DC01.darkzero.htb,Microsoft-Windows-ActiveDirectory_DomainService,Directory Service,915,4,,Privileged Access Management Feature,,,,,,,,,,,,
2026-07-23T13:02:11.179294Z,"{'#attributes': {'Qualifiers': 16384}, '#text': 2406}",DC01.darkzero.htb,Microsoft-Windows-ActiveDirectory_DomainService,Directory Service,916,4,,Database 32k Pages Feature,,,,,,,,,,,,
2026-07-23T13:02:11.181323Z,"{'#attributes': {'Qualifiers': 16384}, '#text': 2168}",DC01.darkzero.htb,Microsoft-Windows-ActiveDirectory_DomainService,Directory Service,917,4,,553944325343950857,,,,,,,,,,,,
2026-07-23T13:02:11.181323Z,"{'#attributes': {'Qualifiers': 16384}, '#text': 2172}",DC01.darkzero.htb,Microsoft-Windows-ActiveDirectory_DomainService,Directory Service,918,4,,553944325343950857,,,,,,,,,,,,
2026-07-23T13:02:11.199928Z,"{'#attributes': {'Qualifiers': 16384}, '#text': 2405}",DC01.darkzero.htb,Microsoft-Windows-ActiveDirectory_DomainService,Directory Service,919,4,,Privileged Access Management Feature,,,,,,,,,,,,
2026-07-23T13:02:11.201956Z,"{'#attributes': {'Qualifiers': 16384}, '#text': 2120}",DC01.darkzero.htb,Microsoft-Windows-ActiveDirectory_DomainService,Directory Service,920,4,,,,,,,,,,,,,,
2026-07-23T13:02:11.201956Z,"{'#attributes': {'Qualifiers': 16384}, '#text': 2405}",DC01.darkzero.htb,Microsoft-Windows-ActiveDirectory_DomainService,Directory Service,921,4,,Recycle Bin Feature,,,,,,,,,,,,
2026-07-23T13:02:11.201956Z,"{'#attributes': {'Qualifiers': 16384}, '#text': 2405}",DC01.darkzero.htb,Microsoft-Windows-ActiveDirectory_DomainService,Directory Service,922,4,,Database 32k Pages Feature,,,,,,,,,,,,
2026-07-23T13:02:21.263526Z,"{'#attributes': {'Qualifiers': 16384}, '#text': 1000}",DC01.darkzero.htb,Microsoft-Windows-ActiveDirectory_DomainService,Directory Service,923,4,,,,,,,,,,,,,,
2026-07-23T13:02:51.277103Z,"{'#attributes': {'Qualifiers': 16384}, '#text': 1394}",DC01.darkzero.htb,Microsoft-Windows-ActiveDirectory_DomainService,Directory Service,924,4,,,,,,,,,,,,,,
2026-07-23T13:06:53.892360Z,"{'#attributes': {'Qualifiers': 16384}, '#text': 2179}",DC01.darkzero.htb,Microsoft-Windows-ActiveDirectory_DomainService,Directory Service,925,4,,553944325343950857,,,,,,,,,,,,
2026-07-23T13:06:54.244033Z,"{'#attributes': {'Qualifiers': 16384}, '#text': 1004}",DC01.darkzero.htb,Microsoft-Windows-ActiveDirectory_DomainService,Directory Service,926,4,,,,,,,,,,,,,,
2026-07-23T19:12:14.766624Z,"{'#attributes': {'Qualifiers': 32768}, '#text': 3051}",DC01.darkzero.htb,Microsoft-Windows-ActiveDirectory_DomainService,Directory Service,927,3,,,,,,,,,,,,,,
2026-07-23T19:12:14.766624Z,"{'#attributes': {'Qualifiers': 32768}, '#text': 3054}",DC01.darkzero.htb,Microsoft-Windows-ActiveDirectory_DomainService,Directory Service,928,3,,,,,,,,,,,,,,
2026-07-23T19:12:15.016366Z,"{'#attributes': {'Qualifiers': 16384}, '#text': 2121}",DC01.darkzero.htb,Microsoft-Windows-ActiveDirectory_DomainService,Directory Service,929,4,,,,,,,,,,,,,,
2026-07-23T19:12:15.016366Z,"{'#attributes': {'Qualifiers': 16384}, '#text': 2406}",DC01.darkzero.htb,Microsoft-Windows-ActiveDirectory_DomainService,Directory Service,930,4,,Recycle Bin Feature,,,,,,,,,,,,
2026-07-23T19:12:15.018398Z,"{'#attributes': {'Qualifiers': 16384}, '#text': 2406}",DC01.darkzero.htb,Microsoft-Windows-ActiveDirectory_DomainService,Directory Service,931,4,,Privileged Access Management Feature,,,,,,,,,,,,
2026-07-23T19:12:15.018398Z,"{'#attributes': {'Qualifiers': 16384}, '#text': 2406}",DC01.darkzero.htb,Microsoft-Windows-ActiveDirectory_DomainService,Directory Service,932,4,,Database 32k Pages Feature,,,,,,,,,,,,
2026-07-23T19:12:15.018398Z,"{'#attributes': {'Qualifiers': 16384}, '#text': 2168}",DC01.darkzero.htb,Microsoft-Windows-ActiveDirectory_DomainService,Directory Service,933,4,,1887484154445314065,,,,,,,,,,,,
2026-07-23T19:12:15.018398Z,"{'#attributes': {'Qualifiers': 16384}, '#text': 2172}",DC01.darkzero.htb,Microsoft-Windows-ActiveDirectory_DomainService,Directory Service,934,4,,553944325343950857,,,,,,,,,,,,
2026-07-23T19:12:15.018398Z,"{'#attributes': {'Qualifiers': 32768}, '#text': 2170}",DC01.darkzero.htb,Microsoft-Windows-ActiveDirectory_DomainService,Directory Service,935,3,,,553944325343950857,1887484154445314065,,,,,,,,,,
2026-07-23T19:12:15.030680Z,"{'#attributes': {'Qualifiers': 16384}, '#text': 1109}",DC01.darkzero.htb,Microsoft-Windows-ActiveDirectory_DomainService,Directory Service,936,4,,,b1a7fec8-b910-4b75-9044-a7b62d87efa8,ebeff113-2d93-4abf-803f-1c50fe00af28,,,147490,,,,,,,
2026-07-23T19:12:15.058917Z,"{'#attributes': {'Qualifiers': 16384}, '#text': 2208}",DC01.darkzero.htb,Microsoft-Windows-ActiveDirectory_DomainService,Directory Service,937,4,,,,,,,,,,,,,,
2026-07-23T19:12:15.072105Z,"{'#attributes': {'Qualifiers': 16384}, '#text': 2179}",DC01.darkzero.htb,Microsoft-Windows-ActiveDirectory_DomainService,Directory Service,938,4,,1887484154445314065,,,,,,,,,,,,
2026-07-23T19:12:15.092125Z,"{'#attributes': {'Qualifiers': 16384}, '#text': 2405}",DC01.darkzero.htb,Microsoft-Windows-ActiveDirectory_DomainService,Directory Service,939,4,,Privileged Access Management Feature,,,,,,,,,,,,
2026-07-23T19:12:15.092125Z,"{'#attributes': {'Qualifiers': 16384}, '#text': 2120}",DC01.darkzero.htb,Microsoft-Windows-ActiveDirectory_DomainService,Directory Service,940,4,,,,,,,,,,,,,,
2026-07-23T19:12:15.092125Z,"{'#attributes': {'Qualifiers': 16384}, '#text': 2405}",DC01.darkzero.htb,Microsoft-Windows-ActiveDirectory_DomainService,Directory Service,941,4,,Recycle Bin Feature,,,,,,,,,,,,
2026-07-23T19:12:15.094155Z,"{'#attributes': {'Qualifiers': 16384}, '#text': 2405}",DC01.darkzero.htb,Microsoft-Windows-ActiveDirectory_DomainService,Directory Service,942,4,,Database 32k Pages Feature,,,,,,,,,,,,
2026-07-23T19:12:25.108574Z,"{'#attributes': {'Qualifiers': 16384}, '#text': 1000}",DC01.darkzero.htb,Microsoft-Windows-ActiveDirectory_DomainService,Directory Service,943,4,,,,,,,,,,,,,,
2026-07-23T19:12:55.106177Z,"{'#attributes': {'Qualifiers': 16384}, '#text': 1394}",DC01.darkzero.htb,Microsoft-Windows-ActiveDirectory_DomainService,Directory Service,944,4,,,,,,,,,,,,,,
2026-07-23T19:27:25.503786Z,"{'#attributes': {'Qualifiers': 0}, '#text': 102}",DC01.darkzero.htb,NTDS ISAM,Directory Service,945,4,,,NTDS,"896,P,98,0",,,NTDSA: ,0,10,00,26100,0000,,
2026-07-23T19:27:25.504475Z,"{'#attributes': {'Qualifiers': 0}, '#text': 105}",DC01.darkzero.htb,NTDS ISAM,Directory Service,946,4,,,NTDS,"896,D,0,0",,,NTDSA: ,0,0.199,"
[1] 0.009618 +J(0) +M(C:0K, Fs:183, WS:712K # 108K, PF:5416K # 2416K, P:5416K)
[2] 0.016393 +J(0) +M(C:64K, Fs:96, WS:372K # 372K, PF:368K # 368K, P:368K)
[3] 0.000517 +J(0) +M(C:0K, Fs:3, WS:12K # 12K, PF:64K # 64K, P:64K)
[4] 0.016570 -0.000499 (1) WT +J(0) +M(C:0K, Fs:145, WS:508K # 508K, PF:6856K # 6856K, P:6856K)
[5] 0.000445 +J(0)
[6] 0.006588 +J(0) +M(C:0K, Fs:21, WS:80K # 80K, PF:16K # 16K, P:16K)
[7] 0.093357 -0.084027 (21) WT +J(0) +M(C:0K, Fs:2578, WS:10288K # 10288K, PF:10260K # 10260K, P:10260K)
[8] -
[9] -
[10] -
[11] -
[12] -
[13] 0.053161 -0.046909 (22) WT +J(CM:0, PgRf:0, Rd:0/0, Dy:0/0, Lg:616/1) +M(C:0K, Fs:14, WS:-10200K # 24K, PF:-10256K # 12K, P:-10256K)
[14] 0.000032 +J(0) +M(C:0K, Fs:1, WS:4K # 0K, PF:0K # 0K, P:0K)
[15] 0.001181 +J(0) +M(C:0K, Fs:615, WS:2460K # 0K, PF:64K # 0K, P:64K)
[16] 0.000803 -0.000262 (1) WT +J(0) +M(C:0K, Fs:2, WS:0K # 0K, PF:0K # 0K, P:0K).","RBSOn = 0
",,,
2026-07-23T19:27:25.504940Z,"{'#attributes': {'Qualifiers': 0}, '#text': 330}",DC01.darkzero.htb,NTDS ISAM,Directory Service,947,4,,,NTDS,"896,D,50,0",,,NTDSA: ,C:\Windows\NTDS\ntds.dit,0x2580 (9600),9600 (0x2580),9620 (0x2594),,,
2026-07-23T19:27:25.505286Z,"{'#attributes': {'Qualifiers': 0}, '#text': 326}",DC01.darkzero.htb,NTDS ISAM,Directory Service,948,4,,,NTDS,"896,D,50,0",,,NTDSA: ,1,C:\Windows\NTDS\ntds.dit,0,"
[1] 0.000007 +J(0) +M(C:0K, Fs:1, WS:4K # 0K, PF:0K # 0K, P:0K)
[2] 0.001113 -0.000699 (1) WT +J(0) +M(C:0K, Fs:26, WS:40K # 0K, PF:32K # 0K, P:32K)
[3] 0.007612 -0.003074 (6) WT +J(CM:0, PgRf:0, Rd:0/0, Dy:0/0, Lg:3480/2) +M(C:0K, Fs:37, WS:112K # 0K, PF:116K # 0K, P:116K)
[4] 0.001157 +J(0) +M(C:0K, Fs:1, WS:4K # 0K, PF:0K # 0K, P:0K)
[5] -
[6] 0.005685 -0.001929 (2) CM -0.001831 (2) WT +J(CM:2, PgRf:2, Rd:0/2, Dy:0/0, Lg:0/0) +M(C:-56K, Fs:66, WS:208K # 0K, PF:148K # 0K, P:148K)
[7] 0.000005 +J(0)
[8] 0.005018 -0.001345 (1) CM -0.001293 (1) WT +J(CM:1, PgRf:1, Rd:4/1, Dy:0/0, Lg:0/0) +M(C:156K, Fs:71, WS:252K # 0K, PF:356K # 0K, P:356K)
[9] -
[10] -
[11] -
[12] 0.000495 +J(CM:0, PgRf:0, Rd:0/0, Dy:0/0, Lg:54/1) +M(C:0K, Fs:4, WS:16K # 0K, PF:24K # 0K, P:24K)
[13] 0.005033 -0.002899 (3) CM -0.002750 (3) WT +J(CM:3, PgRf:23, Rd:0/3, Dy:0/0, Lg:0/0) +M(C:-88K, Fs:28, WS:-4K # 0K, PF:-56K # 0K, P:-56K)
[14] 0.002327 -0.002022 (3) CM -0.001904 (3) WT +J(CM:3, PgRf:40, Rd:0/3, Dy:0/0, Lg:0/0) +M(C:-24K, Fs:16, WS:-12K # 0K, PF:40K # 0K, P:40K)
[15] 0.000630 -0.000567 (1) CM -0.000527 (1) WT +J(CM:1, PgRf:1, Rd:0/1, Dy:0/0, Lg:0/0) +M(C:-8K, Fs:5, WS:-8K # 0K, PF:-8K # 0K, P:-8K)
[16] 0.000025 +J(CM:0, PgRf:1, Rd:0/0, Dy:0/0, Lg:0/0) +M(C:0K, Fs:1, WS:4K # 0K, PF:0K # 0K, P:0K)
[17] 0.000896 -0.000743 (1) CM -0.000704 (1) WT +J(CM:1, PgRf:48, Rd:0/1, Dy:0/0, Lg:0/0) +M(C:0K, Fs:13, WS:24K # 0K, PF:0K # 0K, P:0K)
[18] 0.000002 +J(0)
[19] 0.0 +J(0)
[20] 0.000682 -0.000577 (1) CM -0.000535 (1) WT +J(CM:1, PgRf:2, Rd:0/1, Dy:0/0, Lg:0/0) +M(C:0K, Fs:10, WS:12K # 0K, PF:0K # 0K, P:0K).",0 0,"lgposAttach = 00000003:01C9:0268,
dbv = 1568.290.600 (9600)",
2026-07-23T19:27:25.505831Z,"{'#attributes': {'Qualifiers': 0}, '#text': 330}",DC01.darkzero.htb,NTDS ISAM,Directory Service,949,4,,,NTDS,"896,D,2,0",,,NTDSA: ,C:\Windows\NTDS\temp.edb,0x2580 (9600),9600 (0x2580),9620 (0x2594),,,
2026-07-23T19:27:25.506109Z,"{'#attributes': {'Qualifiers': 0}, '#text': 700}",DC01.darkzero.htb,NTDS ISAM,Directory Service,950,4,,,NTDS,"896,D,0,0",,,NTDSA: ,C:\Windows\NTDS\ntds.dit,,,,,,
2026-07-23T19:27:25.668278Z,"{'#attributes': {'Qualifiers': 0}, '#text': 701}",DC01.darkzero.htb,NTDS ISAM,Directory Service,951,4,,,NTDS,"896,D,0,0",,,NTDSA: ,C:\Windows\NTDS\ntds.dit,1,7/23/2026,0,1,1,23
2026-07-23T19:27:25.244241Z,"{'#attributes': {'Qualifiers': 16384}, '#text': 1869}",DC01.darkzero.htb,Microsoft-Windows-ActiveDirectory_DomainService,Directory Service,952,4,,,\\DC01.darkzero.htb,Default-First-Site-Name,,,,,,,,,,
2026-07-23T19:27:25.498610Z,"{'#attributes': {'Qualifiers': 16384}, '#text': 3033}",DC01.darkzero.htb,Microsoft-Windows-ActiveDirectory_DomainService,Directory Service,953,4,,,,,,,,,,,,,,
2026-07-23T19:27:25.498610Z,"{'#attributes': {'Qualifiers': 16384}, '#text': 3027}",DC01.darkzero.htb,Microsoft-Windows-ActiveDirectory_DomainService,Directory Service,954,4,,3600,,,,,,,,,,,,
2026-07-23T19:35:51.361674Z,"{'#attributes': {'Qualifiers': 16384}, '#text': 2179}",DC01.darkzero.htb,Microsoft-Windows-ActiveDirectory_DomainService,Directory Service,955,4,,1887484154445314065,,,,,,,,,,,,
2026-07-23T19:35:52.031908Z,"{'#attributes': {'Qualifiers': 16384}, '#text': 1004}",DC01.darkzero.htb,Microsoft-Windows-ActiveDirectory_DomainService,Directory Service,956,4,,,,,,,,,,,,,,
2026-07-23T19:42:35.727087Z,"{'#attributes': {'Qualifiers': 32768}, '#text': 3051}",DC01.darkzero.htb,Microsoft-Windows-ActiveDirectory_DomainService,Directory Service,957,3,,,,,,,,,,,,,,
2026-07-23T19:42:35.727087Z,"{'#attributes': {'Qualifiers': 32768}, '#text': 3054}",DC01.darkzero.htb,Microsoft-Windows-ActiveDirectory_DomainService,Directory Service,958,3,,,,,,,,,,,,,,
2026-07-23T19:42:36.196716Z,"{'#attributes': {'Qualifiers': 16384}, '#text': 2121}",DC01.darkzero.htb,Microsoft-Windows-ActiveDirectory_DomainService,Directory Service,959,4,,,,,,,,,,,,,,
2026-07-23T19:42:36.196716Z,"{'#attributes': {'Qualifiers': 16384}, '#text': 2406}",DC01.darkzero.htb,Microsoft-Windows-ActiveDirectory_DomainService,Directory Service,960,4,,Recycle Bin Feature,,,,,,,,,,,,
2026-07-23T19:42:36.196716Z,"{'#attributes': {'Qualifiers': 16384}, '#text': 2406}",DC01.darkzero.htb,Microsoft-Windows-ActiveDirectory_DomainService,Directory Service,961,4,,Privileged Access Management Feature,,,,,,,,,,,,
2026-07-23T19:42:36.196716Z,"{'#attributes': {'Qualifiers': 16384}, '#text': 2406}",DC01.darkzero.htb,Microsoft-Windows-ActiveDirectory_DomainService,Directory Service,962,4,,Database 32k Pages Feature,,,,,,,,,,,,
2026-07-23T19:42:36.198736Z,"{'#attributes': {'Qualifiers': 16384}, '#text': 2168}",DC01.darkzero.htb,Microsoft-Windows-ActiveDirectory_DomainService,Directory Service,963,4,,11135248003768871156,,,,,,,,,,,,
2026-07-23T19:42:36.198736Z,"{'#attributes': {'Qualifiers': 16384}, '#text': 2172}",DC01.darkzero.htb,Microsoft-Windows-ActiveDirectory_DomainService,Directory Service,964,4,,1887484154445314065,,,,,,,,,,,,
2026-07-23T19:42:36.198736Z,"{'#attributes': {'Qualifiers': 32768}, '#text': 2170}",DC01.darkzero.htb,Microsoft-Windows-ActiveDirectory_DomainService,Directory Service,965,3,,,1887484154445314065,11135248003768871156,,,,,,,,,,
2026-07-23T19:42:36.210646Z,"{'#attributes': {'Qualifiers': 16384}, '#text': 1109}",DC01.darkzero.htb,Microsoft-Windows-ActiveDirectory_DomainService,Directory Service,966,4,,,ebeff113-2d93-4abf-803f-1c50fe00af28,3fd62ffc-1b11-42b2-a636-283a5d3718f8,,,151587,,,,,,,
2026-07-23T19:42:36.235377Z,"{'#attributes': {'Qualifiers': 16384}, '#text': 2208}",DC01.darkzero.htb,Microsoft-Windows-ActiveDirectory_DomainService,Directory Service,967,4,,,,,,,,,,,,,,
2026-07-23T19:42:36.245632Z,"{'#attributes': {'Qualifiers': 16384}, '#text': 2179}",DC01.darkzero.htb,Microsoft-Windows-ActiveDirectory_DomainService,Directory Service,968,4,,11135248003768871156,,,,,,,,,,,,
2026-07-23T19:42:36.264150Z,"{'#attributes': {'Qualifiers': 16384}, '#text': 2405}",DC01.darkzero.htb,Microsoft-Windows-ActiveDirectory_DomainService,Directory Service,969,4,,Privileged Access Management Feature,,,,,,,,,,,,
2026-07-23T19:42:36.264150Z,"{'#attributes': {'Qualifiers': 16384}, '#text': 2120}",DC01.darkzero.htb,Microsoft-Windows-ActiveDirectory_DomainService,Directory Service,970,4,,,,,,,,,,,,,,
2026-07-23T19:42:36.266208Z,"{'#attributes': {'Qualifiers': 16384}, '#text': 2405}",DC01.darkzero.htb,Microsoft-Windows-ActiveDirectory_DomainService,Directory Service,971,4,,Recycle Bin Feature,,,,,,,,,,,,
2026-07-23T19:42:36.266208Z,"{'#attributes': {'Qualifiers': 16384}, '#text': 2405}",DC01.darkzero.htb,Microsoft-Windows-ActiveDirectory_DomainService,Directory Service,972,4,,Database 32k Pages Feature,,,,,,,,,,,,
2026-07-23T19:42:46.278996Z,"{'#attributes': {'Qualifiers': 16384}, '#text': 1000}",DC01.darkzero.htb,Microsoft-Windows-ActiveDirectory_DomainService,Directory Service,973,4,,,,,,,,,,,,,,
2026-07-23T19:43:16.333387Z,"{'#attributes': {'Qualifiers': 16384}, '#text': 1394}",DC01.darkzero.htb,Microsoft-Windows-ActiveDirectory_DomainService,Directory Service,974,4,,,,,,,,,,,,,,
2026-07-23T19:47:25.425930Z,"{'#attributes': {'Qualifiers': 16384}, '#text': 2179}",DC01.darkzero.htb,Microsoft-Windows-ActiveDirectory_DomainService,Directory Service,975,4,,11135248003768871156,,,,,,,,,,,,
2026-07-23T19:47:25.620632Z,"{'#attributes': {'Qualifiers': 16384}, '#text': 1004}",DC01.darkzero.htb,Microsoft-Windows-ActiveDirectory_DomainService,Directory Service,976,4,,,,,,,,,,,,,,
2026-07-23T20:22:20.404100Z,"{'#attributes': {'Qualifiers': 32768}, '#text': 3051}",DC01.darkzero.htb,Microsoft-Windows-ActiveDirectory_DomainService,Directory Service,977,3,,,,,,,,,,,,,,
2026-07-23T20:22:20.404100Z,"{'#attributes': {'Qualifiers': 32768}, '#text': 3054}",DC01.darkzero.htb,Microsoft-Windows-ActiveDirectory_DomainService,Directory Service,978,3,,,,,,,,,,,,,,
2026-07-23T20:22:20.598807Z,"{'#attributes': {'Qualifiers': 16384}, '#text': 2121}",DC01.darkzero.htb,Microsoft-Windows-ActiveDirectory_DomainService,Directory Service,979,4,,,,,,,,,,,,,,
2026-07-23T20:22:20.598807Z,"{'#attributes': {'Qualifiers': 16384}, '#text': 2406}",DC01.darkzero.htb,Microsoft-Windows-ActiveDirectory_DomainService,Directory Service,980,4,,Recycle Bin Feature,,,,,,,,,,,,
2026-07-23T20:22:20.600828Z,"{'#attributes': {'Qualifiers': 16384}, '#text': 2406}",DC01.darkzero.htb,Microsoft-Windows-ActiveDirectory_DomainService,Directory Service,981,4,,Privileged Access Management Feature,,,,,,,,,,,,
2026-07-23T20:22:20.600828Z,"{'#attributes': {'Qualifiers': 16384}, '#text': 2406}",DC01.darkzero.htb,Microsoft-Windows-ActiveDirectory_DomainService,Directory Service,982,4,,Database 32k Pages Feature,,,,,,,,,,,,
2026-07-23T20:22:20.602859Z,"{'#attributes': {'Qualifiers': 16384}, '#text': 2168}",DC01.darkzero.htb,Microsoft-Windows-ActiveDirectory_DomainService,Directory Service,983,4,,6614683436990707063,,,,,,,,,,,,
2026-07-23T20:22:20.602859Z,"{'#attributes': {'Qualifiers': 16384}, '#text': 2172}",DC01.darkzero.htb,Microsoft-Windows-ActiveDirectory_DomainService,Directory Service,984,4,,11135248003768871156,,,,,,,,,,,,
2026-07-23T20:22:20.602859Z,"{'#attributes': {'Qualifiers': 32768}, '#text': 2170}",DC01.darkzero.htb,Microsoft-Windows-ActiveDirectory_DomainService,Directory Service,985,3,,,11135248003768871156,6614683436990707063,,,,,,,,,,
2026-07-23T20:22:20.613141Z,"{'#attributes': {'Qualifiers': 16384}, '#text': 1109}",DC01.darkzero.htb,Microsoft-Windows-ActiveDirectory_DomainService,Directory Service,986,4,,,3fd62ffc-1b11-42b2-a636-283a5d3718f8,96eaac2a-57a9-4841-939f-3375ee1cad12,,,155684,,,,,,,
2026-07-23T20:22:20.641443Z,"{'#attributes': {'Qualifiers': 16384}, '#text': 2208}",DC01.darkzero.htb,Microsoft-Windows-ActiveDirectory_DomainService,Directory Service,987,4,,,,,,,,,,,,,,
2026-07-23T20:22:20.651130Z,"{'#attributes': {'Qualifiers': 16384}, '#text': 2179}",DC01.darkzero.htb,Microsoft-Windows-ActiveDirectory_DomainService,Directory Service,988,4,,6614683436990707063,,,,,,,,,,,,
2026-07-23T20:22:20.666877Z,"{'#attributes': {'Qualifiers': 16384}, '#text': 2405}",DC01.darkzero.htb,Microsoft-Windows-ActiveDirectory_DomainService,Directory Service,989,4,,Privileged Access Management Feature,,,,,,,,,,,,
2026-07-23T20:22:20.666877Z,"{'#attributes': {'Qualifiers': 16384}, '#text': 2120}",DC01.darkzero.htb,Microsoft-Windows-ActiveDirectory_DomainService,Directory Service,990,4,,,,,,,,,,,,,,
2026-07-23T20:22:20.668907Z,"{'#attributes': {'Qualifiers': 16384}, '#text': 2405}",DC01.darkzero.htb,Microsoft-Windows-ActiveDirectory_DomainService,Directory Service,991,4,,Recycle Bin Feature,,,,,,,,,,,,
2026-07-23T20:22:20.668907Z,"{'#attributes': {'Qualifiers': 16384}, '#text': 2405}",DC01.darkzero.htb,Microsoft-Windows-ActiveDirectory_DomainService,Directory Service,992,4,,Database 32k Pages Feature,,,,,,,,,,,,
2026-07-23T20:22:30.727738Z,"{'#attributes': {'Qualifiers': 16384}, '#text': 1000}",DC01.darkzero.htb,Microsoft-Windows-ActiveDirectory_DomainService,Directory Service,993,4,,,,,,,,,,,,,,
2026-07-23T20:23:00.833715Z,"{'#attributes': {'Qualifiers': 16384}, '#text': 1394}",DC01.darkzero.htb,Microsoft-Windows-ActiveDirectory_DomainService,Directory Service,994,4,,,,,,,,,,,,,,
2026-07-23T20:37:31.109433Z,"{'#attributes': {'Qualifiers': 0}, '#text': 102}",DC01.darkzero.htb,NTDS ISAM,Directory Service,995,4,,,NTDS,"904,P,98,0",,,NTDSA: ,0,10,00,26100,0000,,
2026-07-23T20:37:31.110258Z,"{'#attributes': {'Qualifiers': 0}, '#text': 105}",DC01.darkzero.htb,NTDS ISAM,Directory Service,996,4,,,NTDS,"904,D,0,0",,,NTDSA: ,0,0.203,"
[1] 0.002283 +J(0) +M(C:0K, Fs:183, WS:712K # 112K, PF:5412K # 2412K, P:5412K)
[2] 0.005334 +J(0) +M(C:64K, Fs:94, WS:360K # 360K, PF:360K # 360K, P:360K)
[3] 0.000492 +J(0) +M(C:0K, Fs:3, WS:12K # 12K, PF:64K # 64K, P:64K)
[4] 0.018106 -0.000455 (1) WT +J(0) +M(C:0K, Fs:143, WS:496K # 496K, PF:6868K # 6868K, P:6868K)
[5] 0.000432 +J(0)
[6] 0.006183 +J(0) +M(C:0K, Fs:21, WS:80K # 80K, PF:16K # 16K, P:16K)
[7] 0.107496 -0.099350 (21) WT +J(0) +M(C:0K, Fs:2577, WS:10288K # 10288K, PF:10260K # 10260K, P:10260K)
[8] -
[9] -
[10] -
[11] -
[12] -
[13] 0.060807 -0.054340 (22) WT +J(CM:0, PgRf:0, Rd:0/0, Dy:0/0, Lg:616/1) +M(C:0K, Fs:15, WS:-10200K # 24K, PF:-10252K # 16K, P:-10252K)
[14] 0.000026 +J(0) +M(C:0K, Fs:1, WS:4K # 0K, PF:0K # 0K, P:0K)
[15] 0.000695 +J(0) +M(C:0K, Fs:615, WS:2460K # 0K, PF:64K # 0K, P:64K)
[16] 0.000689 -0.000394 (1) WT +J(0) +M(C:0K, Fs:4, WS:4K # 0K, PF:4K # 0K, P:4K).","RBSOn = 0
",,,
2026-07-23T20:37:31.111026Z,"{'#attributes': {'Qualifiers': 0}, '#text': 330}",DC01.darkzero.htb,NTDS ISAM,Directory Service,997,4,,,NTDS,"904,D,50,0",,,NTDSA: ,C:\Windows\NTDS\ntds.dit,0x2580 (9600),9600 (0x2580),9620 (0x2594),,,
2026-07-23T20:37:31.111428Z,"{'#attributes': {'Qualifiers': 0}, '#text': 326}",DC01.darkzero.htb,NTDS ISAM,Directory Service,998,4,,,NTDS,"904,D,50,0",,,NTDSA: ,1,C:\Windows\NTDS\ntds.dit,0,"
[1] 0.000006 +J(0) +M(C:0K, Fs:1, WS:4K # 0K, PF:0K # 0K, P:0K)
[2] 0.000912 -0.000422 (1) WT +J(0) +M(C:0K, Fs:27, WS:40K # 0K, PF:36K # 0K, P:36K)
[3] 0.008077 -0.003476 (6) WT +J(CM:0, PgRf:0, Rd:0/0, Dy:0/0, Lg:3480/2) +M(C:0K, Fs:40, WS:128K # 0K, PF:128K # 0K, P:128K)
[4] 0.001151 +J(0) +M(C:0K, Fs:1, WS:4K # 0K, PF:0K # 0K, P:0K)
[5] -
[6] 0.007026 -0.002834 (2) CM -0.002751 (2) WT +J(CM:2, PgRf:2, Rd:0/2, Dy:0/0, Lg:0/0) +M(C:-56K, Fs:66, WS:208K # 0K, PF:148K # 0K, P:148K)
[7] 0.000005 +J(0)
[8] 0.005904 -0.001396 (1) CM -0.001348 (1) WT +J(CM:1, PgRf:1, Rd:4/1, Dy:0/0, Lg:0/0) +M(C:92K, Fs:70, WS:188K # 0K, PF:288K # 0K, P:288K)
[9] -
[10] -
[11] -
[12] 0.000331 +J(CM:0, PgRf:0, Rd:0/0, Dy:0/0, Lg:54/1) +M(C:0K, Fs:4, WS:16K # 0K, PF:24K # 0K, P:24K)
[13] 0.006825 -0.004782 (5) CM -0.004587 (5) WT +J(CM:5, PgRf:23, Rd:0/5, Dy:0/0, Lg:0/0) +M(C:-24K, Fs:44, WS:56K # 0K, PF:8K # 0K, P:8K)
[14] 0.002414 -0.002101 (3) CM -0.001974 (3) WT +J(CM:3, PgRf:40, Rd:0/3, Dy:0/0, Lg:0/0) +M(C:-24K, Fs:16, WS:-12K # 0K, PF:40K # 0K, P:40K)
[15] 0.000620 -0.000557 (1) CM -0.000517 (1) WT +J(CM:1, PgRf:1, Rd:0/1, Dy:0/0, Lg:0/0) +M(C:-8K, Fs:5, WS:-8K # 0K, PF:-8K # 0K, P:-8K)
[16] 0.000024 +J(CM:0, PgRf:1, Rd:0/0, Dy:0/0, Lg:0/0) +M(C:0K, Fs:1, WS:4K # 0K, PF:0K # 0K, P:0K)
[17] 0.000969 -0.000820 (1) CM -0.000784 (1) WT +J(CM:1, PgRf:48, Rd:0/1, Dy:0/0, Lg:0/0) +M(C:0K, Fs:13, WS:24K # 0K, PF:0K # 0K, P:0K)
[18] 0.000002 +J(0)
[19] 0.0 +J(0)
[20] 0.000705 -0.000608 (1) CM -0.000571 (1) WT +J(CM:1, PgRf:2, Rd:0/1, Dy:0/0, Lg:0/0) +M(C:0K, Fs:10, WS:12K # 0K, PF:0K # 0K, P:0K).",0 0,"lgposAttach = 00000003:02BB:0268,
dbv = 1568.290.600 (9600)",
2026-07-23T20:37:31.112065Z,"{'#attributes': {'Qualifiers': 0}, '#text': 330}",DC01.darkzero.htb,NTDS ISAM,Directory Service,999,4,,,NTDS,"904,D,2,0",,,NTDSA: ,C:\Windows\NTDS\temp.edb,0x2580 (9600),9600 (0x2580),9620 (0x2594),,,
2026-07-23T20:37:31.112626Z,"{'#attributes': {'Qualifiers': 0}, '#text': 700}",DC01.darkzero.htb,NTDS ISAM,Directory Service,1000,4,,,NTDS,"904,D,0,0",,,NTDSA: ,C:\Windows\NTDS\ntds.dit,,,,,,
2026-07-23T20:37:31.248973Z,"{'#attributes': {'Qualifiers': 0}, '#text': 701}",DC01.darkzero.htb,NTDS ISAM,Directory Service,1001,4,,,NTDS,"904,D,0,0",,,NTDSA: ,C:\Windows\NTDS\ntds.dit,0,7/23/2026,0,1,1,24
2026-07-23T20:37:30.867982Z,"{'#attributes': {'Qualifiers': 16384}, '#text': 1869}",DC01.darkzero.htb,Microsoft-Windows-ActiveDirectory_DomainService,Directory Service,1002,4,,,\\DC01.darkzero.htb,Default-First-Site-Name,,,,,,,,,,
2026-07-23T20:37:31.104737Z,"{'#attributes': {'Qualifiers': 16384}, '#text': 3033}",DC01.darkzero.htb,Microsoft-Windows-ActiveDirectory_DomainService,Directory Service,1003,4,,,,,,,,,,,,,,
2026-07-23T20:37:31.104737Z,"{'#attributes': {'Qualifiers': 16384}, '#text': 3027}",DC01.darkzero.htb,Microsoft-Windows-ActiveDirectory_DomainService,Directory Service,1004,4,,3600,,,,,,,,,,,,
2026-07-23T20:42:08.618666Z,"{'#attributes': {'Qualifiers': 16384}, '#text': 2179}",DC01.darkzero.htb,Microsoft-Windows-ActiveDirectory_DomainService,Directory Service,1005,4,,6614683436990707063,,,,,,,,,,,,
2026-07-23T20:42:08.807933Z,"{'#attributes': {'Qualifiers': 16384}, '#text': 1004}",DC01.darkzero.htb,Microsoft-Windows-ActiveDirectory_DomainService,Directory Service,1006,4,,,,,,,,,,,,,,
2026-07-23T20:49:42.673337Z,"{'#attributes': {'Qualifiers': 32768}, '#text': 3051}",DC01.darkzero.htb,Microsoft-Windows-ActiveDirectory_DomainService,Directory Service,1007,3,,,,,,,,,,,,,,
2026-07-23T20:49:42.673337Z,"{'#attributes': {'Qualifiers': 32768}, '#text': 3054}",DC01.darkzero.htb,Microsoft-Windows-ActiveDirectory_DomainService,Directory Service,1008,3,,,,,,,,,,,,,,
2026-07-23T20:49:42.883962Z,"{'#attributes': {'Qualifiers': 16384}, '#text': 2121}",DC01.darkzero.htb,Microsoft-Windows-ActiveDirectory_DomainService,Directory Service,1009,4,,,,,,,,,,,,,,
2026-07-23T20:49:42.883962Z,"{'#attributes': {'Qualifiers': 16384}, '#text': 2406}",DC01.darkzero.htb,Microsoft-Windows-ActiveDirectory_DomainService,Directory Service,1010,4,,Recycle Bin Feature,,,,,,,,,,,,
2026-07-23T20:49:42.883962Z,"{'#attributes': {'Qualifiers': 16384}, '#text': 2406}",DC01.darkzero.htb,Microsoft-Windows-ActiveDirectory_DomainService,Directory Service,1011,4,,Privileged Access Management Feature,,,,,,,,,,,,
2026-07-23T20:49:42.883962Z,"{'#attributes': {'Qualifiers': 16384}, '#text': 2406}",DC01.darkzero.htb,Microsoft-Windows-ActiveDirectory_DomainService,Directory Service,1012,4,,Database 32k Pages Feature,,,,,,,,,,,,
2026-07-23T20:49:42.883962Z,"{'#attributes': {'Qualifiers': 16384}, '#text': 2168}",DC01.darkzero.htb,Microsoft-Windows-ActiveDirectory_DomainService,Directory Service,1013,4,,7921710597112548798,,,,,,,,,,,,
2026-07-23T20:49:42.883962Z,"{'#attributes': {'Qualifiers': 16384}, '#text': 2172}",DC01.darkzero.htb,Microsoft-Windows-ActiveDirectory_DomainService,Directory Service,1014,4,,6614683436990707063,,,,,,,,,,,,
2026-07-23T20:49:42.883962Z,"{'#attributes': {'Qualifiers': 32768}, '#text': 2170}",DC01.darkzero.htb,Microsoft-Windows-ActiveDirectory_DomainService,Directory Service,1015,3,,,6614683436990707063,7921710597112548798,,,,,,,,,,
2026-07-23T20:49:42.890067Z,"{'#attributes': {'Qualifiers': 16384}, '#text': 1109}",DC01.darkzero.htb,Microsoft-Windows-ActiveDirectory_DomainService,Directory Service,1016,4,,,96eaac2a-57a9-4841-939f-3375ee1cad12,baf149da-85ab-4ecc-8f8b-9e2bfae4e915,,,159781,,,,,,,
2026-07-23T20:49:42.904172Z,"{'#attributes': {'Qualifiers': 16384}, '#text': 2208}",DC01.darkzero.htb,Microsoft-Windows-ActiveDirectory_DomainService,Directory Service,1017,4,,,,,,,,,,,,,,
2026-07-23T20:49:42.916409Z,"{'#attributes': {'Qualifiers': 16384}, '#text': 2179}",DC01.darkzero.htb,Microsoft-Windows-ActiveDirectory_DomainService,Directory Service,1018,4,,7921710597112548798,,,,,,,,,,,,
2026-07-23T20:49:42.924343Z,"{'#attributes': {'Qualifiers': 16384}, '#text': 2405}",DC01.darkzero.htb,Microsoft-Windows-ActiveDirectory_DomainService,Directory Service,1019,4,,Privileged Access Management Feature,,,,,,,,,,,,
2026-07-23T20:49:42.926559Z,"{'#attributes': {'Qualifiers': 16384}, '#text': 2120}",DC01.darkzero.htb,Microsoft-Windows-ActiveDirectory_DomainService,Directory Service,1020,4,,,,,,,,,,,,,,
2026-07-23T20:49:42.926559Z,"{'#attributes': {'Qualifiers': 16384}, '#text': 2405}",DC01.darkzero.htb,Microsoft-Windows-ActiveDirectory_DomainService,Directory Service,1021,4,,Recycle Bin Feature,,,,,,,,,,,,
2026-07-23T20:49:42.926559Z,"{'#attributes': {'Qualifiers': 16384}, '#text': 2405}",DC01.darkzero.htb,Microsoft-Windows-ActiveDirectory_DomainService,Directory Service,1022,4,,Database 32k Pages Feature,,,,,,,,,,,,
2026-07-23T20:49:52.938354Z,"{'#attributes': {'Qualifiers': 16384}, '#text': 1000}",DC01.darkzero.htb,Microsoft-Windows-ActiveDirectory_DomainService,Directory Service,1023,4,,,,,,,,,,,,,,
2026-07-23T20:50:22.941331Z,"{'#attributes': {'Qualifiers': 16384}, '#text': 1394}",DC01.darkzero.htb,Microsoft-Windows-ActiveDirectory_DomainService,Directory Service,1024,4,,,,,,,,,,,,,,
2026-07-23T20:51:12.069821Z,"{'#attributes': {'Qualifiers': 16384}, '#text': 2179}",DC01.darkzero.htb,Microsoft-Windows-ActiveDirectory_DomainService,Directory Service,1025,4,,7921710597112548798,,,,,,,,,,,,
2026-07-23T20:51:12.217276Z,"{'#attributes': {'Qualifiers': 16384}, '#text': 1004}",DC01.darkzero.htb,Microsoft-Windows-ActiveDirectory_DomainService,Directory Service,1026,4,,,,,,,,,,,,,,
2026-08-16T15:29:06.492735Z,"{'#attributes': {'Qualifiers': 32768}, '#text': 3051}",DC01.darkzero.htb,Microsoft-Windows-ActiveDirectory_DomainService,Directory Service,1027,3,,,,,,,,,,,,,,
2026-08-16T15:29:06.492735Z,"{'#attributes': {'Qualifiers': 32768}, '#text': 3054}",DC01.darkzero.htb,Microsoft-Windows-ActiveDirectory_DomainService,Directory Service,1028,3,,,,,,,,,,,,,,
2026-08-16T15:29:07.112244Z,"{'#attributes': {'Qualifiers': 16384}, '#text': 2121}",DC01.darkzero.htb,Microsoft-Windows-ActiveDirectory_DomainService,Directory Service,1029,4,,,,,,,,,,,,,,
2026-08-16T15:29:07.112244Z,"{'#attributes': {'Qualifiers': 16384}, '#text': 2406}",DC01.darkzero.htb,Microsoft-Windows-ActiveDirectory_DomainService,Directory Service,1030,4,,Recycle Bin Feature,,,,,,,,,,,,
2026-08-16T15:29:07.112244Z,"{'#attributes': {'Qualifiers': 16384}, '#text': 2406}",DC01.darkzero.htb,Microsoft-Windows-ActiveDirectory_DomainService,Directory Service,1031,4,,Privileged Access Management Feature,,,,,,,,,,,,
2026-08-16T15:29:07.112244Z,"{'#attributes': {'Qualifiers': 16384}, '#text': 2406}",DC01.darkzero.htb,Microsoft-Windows-ActiveDirectory_DomainService,Directory Service,1032,4,,Database 32k Pages Feature,,,,,,,,,,,,
2026-08-16T15:29:07.114344Z,"{'#attributes': {'Qualifiers': 16384}, '#text': 2168}",DC01.darkzero.htb,Microsoft-Windows-ActiveDirectory_DomainService,Directory Service,1033,4,,4498488127653702920,,,,,,,,,,,,
2026-08-16T15:29:07.114344Z,"{'#attributes': {'Qualifiers': 16384}, '#text': 2172}",DC01.darkzero.htb,Microsoft-Windows-ActiveDirectory_DomainService,Directory Service,1034,4,,7921710597112548798,,,,,,,,,,,,
2026-08-16T15:29:07.114344Z,"{'#attributes': {'Qualifiers': 32768}, '#text': 2170}",DC01.darkzero.htb,Microsoft-Windows-ActiveDirectory_DomainService,Directory Service,1035,3,,,7921710597112548798,4498488127653702920,,,,,,,,,,
2026-08-16T15:29:07.119509Z,"{'#attributes': {'Qualifiers': 16384}, '#text': 1109}",DC01.darkzero.htb,Microsoft-Windows-ActiveDirectory_DomainService,Directory Service,1036,4,,,baf149da-85ab-4ecc-8f8b-9e2bfae4e915,1ad4f334-a3d0-4822-b2e9-1e455b23b1e3,,,163878,,,,,,,
2026-08-16T15:29:07.151417Z,"{'#attributes': {'Qualifiers': 16384}, '#text': 2208}",DC01.darkzero.htb,Microsoft-Windows-ActiveDirectory_DomainService,Directory Service,1037,4,,,,,,,,,,,,,,
2026-08-16T15:29:07.151417Z,"{'#attributes': {'Qualifiers': 16384}, '#text': 2179}",DC01.darkzero.htb,Microsoft-Windows-ActiveDirectory_DomainService,Directory Service,1038,4,,4498488127653702920,,,,,,,,,,,,
2026-08-16T15:29:07.164027Z,"{'#attributes': {'Qualifiers': 16384}, '#text': 2405}",DC01.darkzero.htb,Microsoft-Windows-ActiveDirectory_DomainService,Directory Service,1039,4,,Privileged Access Management Feature,,,,,,,,,,,,
2026-08-16T15:29:07.164027Z,"{'#attributes': {'Qualifiers': 16384}, '#text': 2120}",DC01.darkzero.htb,Microsoft-Windows-ActiveDirectory_DomainService,Directory Service,1040,4,,,,,,,,,,,,,,
2026-08-16T15:29:07.164027Z,"{'#attributes': {'Qualifiers': 16384}, '#text': 2405}",DC01.darkzero.htb,Microsoft-Windows-ActiveDirectory_DomainService,Directory Service,1041,4,,Recycle Bin Feature,,,,,,,,,,,,
2026-08-16T15:29:07.166724Z,"{'#attributes': {'Qualifiers': 16384}, '#text': 2405}",DC01.darkzero.htb,Microsoft-Windows-ActiveDirectory_DomainService,Directory Service,1042,4,,Database 32k Pages Feature,,,,,,,,,,,,
2026-08-16T15:29:17.709086Z,"{'#attributes': {'Qualifiers': 16384}, '#text': 1000}",DC01.darkzero.htb,Microsoft-Windows-ActiveDirectory_DomainService,Directory Service,1043,4,,,,,,,,,,,,,,
2026-08-16T15:29:47.770793Z,"{'#attributes': {'Qualifiers': 16384}, '#text': 1394}",DC01.darkzero.htb,Microsoft-Windows-ActiveDirectory_DomainService,Directory Service,1044,4,,,,,,,,,,,,,,
2026-08-16T15:44:21.406238Z,"{'#attributes': {'Qualifiers': 0}, '#text': 102}",DC01.darkzero.htb,NTDS ISAM,Directory Service,1045,4,,,NTDS,"908,P,98,0",,,NTDSA: ,0,10,00,26100,0000,,
2026-08-16T15:44:21.406980Z,"{'#attributes': {'Qualifiers': 0}, '#text': 105}",DC01.darkzero.htb,NTDS ISAM,Directory Service,1046,4,,,NTDS,"908,D,0,0",,,NTDSA: ,0,0.073,"
[1] 0.001358 +J(0) +M(C:0K, Fs:103, WS:392K # 0K, PF:4564K # 1524K, P:4564K)
[2] 0.000612 +J(0) +M(C:64K, Fs:153, WS:600K # 380K, PF:1260K # 1260K, P:1260K)
[3] 0.000041 +J(0) +M(C:0K, Fs:6, WS:24K # 24K, PF:64K # 64K, P:64K)
[4] 0.006428 -0.000600 (1) WT +J(0) +M(C:0K, Fs:179, WS:632K # 632K, PF:6896K # 6896K, P:6896K)
[5] 0.000425 +J(0)
[6] 0.005491 +J(0) +M(C:0K, Fs:21, WS:80K # 80K, PF:16K # 16K, P:16K)
[7] 0.045628 -0.039321 (21) WT +J(0) +M(C:0K, Fs:2577, WS:10288K # 10288K, PF:10260K # 10260K, P:10260K)
[8] -
[9] -
[10] -
[11] -
[12] -
[13] 0.011063 -0.006590 (22) WT +J(CM:0, PgRf:0, Rd:0/0, Dy:0/0, Lg:616/1) +M(C:0K, Fs:13, WS:-10200K # 24K, PF:-10256K # 12K, P:-10256K)
[14] 0.000034 +J(0) +M(C:0K, Fs:1, WS:4K # 0K, PF:0K # 0K, P:0K)
[15] 0.001012 +J(0) +M(C:0K, Fs:616, WS:2460K # 0K, PF:68K # 0K, P:68K)
[16] 0.000607 -0.000325 (1) WT +J(0) +M(C:0K, Fs:2, WS:0K # 0K, PF:0K # 0K, P:0K).","RBSOn = 0
",,,
2026-08-16T15:44:21.407681Z,"{'#attributes': {'Qualifiers': 0}, '#text': 330}",DC01.darkzero.htb,NTDS ISAM,Directory Service,1047,4,,,NTDS,"908,D,50,0",,,NTDSA: ,C:\Windows\NTDS\ntds.dit,0x2580 (9600),9600 (0x2580),9620 (0x2594),,,
2026-08-16T15:44:21.408054Z,"{'#attributes': {'Qualifiers': 0}, '#text': 326}",DC01.darkzero.htb,NTDS ISAM,Directory Service,1048,4,,,NTDS,"908,D,50,0",,,NTDSA: ,1,C:\Windows\NTDS\ntds.dit,0,"
[1] 0.000013 +J(0) +M(C:0K, Fs:1, WS:4K # 0K, PF:0K # 0K, P:0K)
[2] 0.000856 -0.000486 (1) WT +J(0) +M(C:0K, Fs:26, WS:40K # 0K, PF:32K # 0K, P:32K)
[3] 0.019749 -0.014286 (6) WT +J(CM:0, PgRf:0, Rd:0/0, Dy:0/0, Lg:3480/2) +M(C:0K, Fs:41, WS:128K # 0K, PF:148K # 0K, P:148K)
[4] 0.000515 +J(0) +M(C:0K, Fs:1, WS:4K # 0K, PF:0K # 0K, P:0K)
[5] -
[6] 0.001833 -0.001035 (2) CM -0.000965 (2) WT +J(CM:2, PgRf:2, Rd:0/2, Dy:0/0, Lg:0/0) +M(C:-56K, Fs:66, WS:208K # 0K, PF:148K # 0K, P:148K)
[7] 0.000007 +J(0)
[8] 0.001267 -0.000445 (1) CM -0.000399 (1) WT +J(CM:1, PgRf:1, Rd:4/1, Dy:0/0, Lg:0/0) +M(C:156K, Fs:70, WS:252K # 0K, PF:352K # 0K, P:352K)
[9] -
[10] -
[11] -
[12] 0.000577 +J(CM:0, PgRf:0, Rd:0/0, Dy:0/0, Lg:54/1) +M(C:0K, Fs:3, WS:12K # 0K, PF:20K # 0K, P:20K)
[13] 0.002138 -0.001514 (3) CM -0.001419 (3) WT +J(CM:3, PgRf:23, Rd:0/3, Dy:0/0, Lg:0/0) +M(C:-88K, Fs:28, WS:-4K # 0K, PF:-56K # 0K, P:-56K)
[14] 0.001903 -0.001344 (4) CM -0.001210 (4) WT +J(CM:4, PgRf:40, Rd:0/4, Dy:0/0, Lg:0/0) +M(C:-24K, Fs:23, WS:-12K # 0K, PF:40K # 0K, P:40K)
[15] 0.000451 -0.000369 (1) CM -0.000340 (1) WT +J(CM:1, PgRf:1, Rd:0/1, Dy:0/0, Lg:0/0) +M(C:-8K, Fs:5, WS:-8K # 0K, PF:-8K # 0K, P:-8K)
[16] 0.000034 +J(CM:0, PgRf:1, Rd:0/0, Dy:0/0, Lg:0/0) +M(C:0K, Fs:1, WS:4K # 0K, PF:0K # 0K, P:0K)
[17] 0.000102 +J(CM:0, PgRf:48, Rd:0/0, Dy:0/0, Lg:0/0) +M(C:0K, Fs:6, WS:24K # 0K, PF:0K # 0K, P:0K)
[18] 0.000004 +J(0)
[19] 0.000002 +J(0)
[20] 0.000033 +J(CM:0, PgRf:2, Rd:0/0, Dy:0/0, Lg:0/0) +M(C:0K, Fs:3, WS:12K # 0K, PF:0K # 0K, P:0K).",0 0,"lgposAttach = 00000003:02F0:0268,
dbv = 1568.290.600 (9600)",
2026-08-16T15:44:21.408649Z,"{'#attributes': {'Qualifiers': 0}, '#text': 330}",DC01.darkzero.htb,NTDS ISAM,Directory Service,1049,4,,,NTDS,"908,D,2,0",,,NTDSA: ,C:\Windows\NTDS\temp.edb,0x2580 (9600),9600 (0x2580),9620 (0x2594),,,
2026-08-16T15:44:21.409026Z,"{'#attributes': {'Qualifiers': 0}, '#text': 700}",DC01.darkzero.htb,NTDS ISAM,Directory Service,1050,4,,,NTDS,"908,D,0,0",,,NTDSA: ,C:\Windows\NTDS\ntds.dit,,,,,,
2026-08-16T15:44:20.641842Z,"{'#attributes': {'Qualifiers': 16384}, '#text': 1869}",DC01.darkzero.htb,Microsoft-Windows-ActiveDirectory_DomainService,Directory Service,1051,4,,,\\DC01.darkzero.htb,Default-First-Site-Name,,,,,,,,,,
2026-08-16T15:44:21.304550Z,"{'#attributes': {'Qualifiers': 16384}, '#text': 3033}",DC01.darkzero.htb,Microsoft-Windows-ActiveDirectory_DomainService,Directory Service,1052,4,,,,,,,,,,,,,,
2026-08-16T15:44:21.405399Z,"{'#attributes': {'Qualifiers': 16384}, '#text': 3027}",DC01.darkzero.htb,Microsoft-Windows-ActiveDirectory_DomainService,Directory Service,1053,4,,3600,,,,,,,,,,,,
2026-08-16T15:44:22.059379Z,"{'#attributes': {'Qualifiers': 0}, '#text': 701}",DC01.darkzero.htb,NTDS ISAM,Directory Service,1054,4,,,NTDS,"908,D,0,0",,,NTDSA: ,C:\Windows\NTDS\ntds.dit,1,8/16/2026,0,1,1,25
2026-08-16T16:29:20.628830Z,"{'#attributes': {'Qualifiers': 32768}, '#text': 2089}",DC01.darkzero.htb,Microsoft-Windows-ActiveDirectory_DomainService,Directory Service,1055,3,,,"DC=darkzero,DC=htb",90,,,System\CurrentControlSet\Services\NTDS\Parameters,Backup Latency Threshold (days),,,,,,
2026-08-16T16:29:20.628830Z,"{'#attributes': {'Qualifiers': 32768}, '#text': 2089}",DC01.darkzero.htb,Microsoft-Windows-ActiveDirectory_DomainService,Directory Service,1056,3,,,"CN=Configuration,DC=darkzero,DC=htb",90,,,System\CurrentControlSet\Services\NTDS\Parameters,Backup Latency Threshold (days),,,,,,
2026-08-16T16:29:20.628830Z,"{'#attributes': {'Qualifiers': 32768}, '#text': 2089}",DC01.darkzero.htb,Microsoft-Windows-ActiveDirectory_DomainService,Directory Service,1057,3,,,"CN=Schema,CN=Configuration,DC=darkzero,DC=htb",90,,,System\CurrentControlSet\Services\NTDS\Parameters,Backup Latency Threshold (days),,,,,,
2026-08-16T16:29:20.628830Z,"{'#attributes': {'Qualifiers': 32768}, '#text': 2089}",DC01.darkzero.htb,Microsoft-Windows-ActiveDirectory_DomainService,Directory Service,1058,3,,,"DC=DomainDnsZones,DC=darkzero,DC=htb",90,,,System\CurrentControlSet\Services\NTDS\Parameters,Backup Latency Threshold (days),,,,,,
2026-08-16T16:29:20.628830Z,"{'#attributes': {'Qualifiers': 32768}, '#text': 2089}",DC01.darkzero.htb,Microsoft-Windows-ActiveDirectory_DomainService,Directory Service,1059,3,,,"DC=ForestDnsZones,DC=darkzero,DC=htb",90,,,System\CurrentControlSet\Services\NTDS\Parameters,Backup Latency Threshold (days),,,,,,
