TimeGenerated,EventID,Computer,Provider,Channel,RecordID,Level,Binary,Data_text,Data_text_0,Data_text_1,Data_text_10,Data_text_11,Data_text_2,Data_text_3,Data_text_4,Data_text_5,Data_text_6,Data_text_7,Data_text_8,Data_text_9
2026-04-06T08:58:56.991966Z,"{'#attributes': {'Qualifiers': 0}, '#text': 102}",DC01,NTDS ISAM,Directory Service,1,4,,,NTDS,"868,P,98,0",,,NTDSA: ,0,10,00,26100,0000,,
2026-04-06T08:58:57.061610Z,"{'#attributes': {'Qualifiers': 0}, '#text': 105}",DC01,NTDS ISAM,Directory Service,2,4,,,NTDS,"868,D,0,0",,,NTDSA: ,0,0.080,"
[1] 0.000934 +J(0) +M(C:0K, Fs:93, WS:360K # 0K, PF:4512K # 0K, P:4512K)
[2] 0.000278 +J(0) +M(C:64K, Fs:10, WS:28K # 0K, PF:988K # 0K, P:988K)
[3] 0.000020 +J(0) +M(C:0K, Fs:5, WS:20K # 0K, PF:64K # 0K, P:64K)
[4] 0.008905 -0.000314 (1) WT +J(0) +M(C:0K, Fs:158, WS:556K # 0K, PF:7540K # 4428K, P:7540K)
[5] 0.000498 +J(0)
[6] 0.001205 +J(0) +M(C:0K, Fs:4, WS:16K # 0K, PF:16K # 16K, P:16K)
[7] -
[8] -
[9] -
[10] -
[11] -
[12] -
[13] 0.061372 -0.011505 (42) WT +J(CM:0, PgRf:0, Rd:0/0, Dy:0/0, Lg:616/1) +M(C:0K, Fs:2699, WS:528K # 6196K, PF:4K # 10260K, P:4K)
[14] 0.000025 +J(0)
[15] 0.000995 +J(0) +M(C:0K, Fs:819, WS:3276K # 0K, PF:64K # 0K, P:64K)
[16] 0.006149 -0.000235 (3) WT +J(0) +M(C:0K, Fs:2, WS:0K # 0K, PF:0K # 0K, P:0K).","RBSOn = 0
",,,
2026-04-06T08:58:57.079653Z,"{'#attributes': {'Qualifiers': 0}, '#text': 330}",DC01,NTDS ISAM,Directory Service,3,4,,,NTDS,"868,D,50,0",,,NTDSA: ,C:\Windows\NTDS\ntds.dit,0x2580 (9600),9600 (0x2580),9620 (0x2594),,,
2026-04-06T08:58:57.084793Z,"{'#attributes': {'Qualifiers': 0}, '#text': 643}",DC01,NTDS ISAM,Directory Service,4,3,,,NTDS,"868,D,50,0",,,NTDSA: ,C:\Windows\NTDS\ntds.dit,en-US,00000001-57ee-1e5c-00b4-d0000bb1e11e,0006040300060403,00000001-57ee-1e5c-00b4-d0000bb1e11e,0006050200060502,
2026-04-06T08:58:57.085099Z,"{'#attributes': {'Qualifiers': 0}, '#text': 609}",DC01,NTDS ISAM,Directory Service,5,4,,,NTDS,"868,D,50,0",26100,0,NTDSA: ,C:\Windows\NTDS\ntds.dit,10,0,25911,0,10,0
2026-04-06T08:58:57.107868Z,"{'#attributes': {'Qualifiers': 0}, '#text': 614}",DC01,NTDS ISAM,Directory Service,6,3,,,NTDS,"868,D,50,0",0006050200060502,,NTDSA: ,C:\Windows\NTDS\ntds.dit,PDNT_index,datatable,en-US,00000001-57ee-1e5c-00b4-d0000bb1e11e,0006040300060403,00000001-57ee-1e5c-00b4-d0000bb1e11e
2026-04-06T08:58:57.114490Z,"{'#attributes': {'Qualifiers': 0}, '#text': 327}",DC01,NTDS ISAM,Directory Service,7,4,,,NTDS,"868,D,50,0",,,NTDSA: ,1,C:\Windows\NTDS\ntds.dit,0,"
[1] 0.000008 +J(0)
[2] 0.000001 +J(0)
[3] 0.000004 +J(0)
[4] 0.000001 +J(0)
[5] 0.000001 +J(0)
[6] 0.000420 +J(0)
[7] 0.000026 +J(0)
[8] 0.000811 -0.000437 (1) WT +J(CM:0, PgRf:0, Rd:0/0, Dy:0/0, Lg:4042/2)
[9] 0.004162 -0.002249 (6) WT +J(0) +M(C:0K, Fs:10, WS:-20K # 0K, PF:-20K # 0K, P:-20K)
[10] 0.000304 +J(0)
[11] 0.000148 +J(0) +M(C:0K, Fs:0, WS:-96K # 0K, PF:-96K # 0K, P:-96K).",0 0,lgposDetach = 00000001:0002:0036,
2026-04-06T08:58:57.123099Z,"{'#attributes': {'Qualifiers': 0}, '#text': 330}",DC01,NTDS ISAM,Directory Service,8,4,,,NTDS,"868,D,50,0",,,NTDSA: ,C:\Windows\NTDS\ntds.dit,0x2580 (9600),9600 (0x2580),9620 (0x2594),,,
2026-04-06T08:58:57.126940Z,"{'#attributes': {'Qualifiers': 0}, '#text': 326}",DC01,NTDS ISAM,Directory Service,9,4,,,NTDS,"868,D,50,0",,,NTDSA: ,1,C:\Windows\NTDS\ntds.dit,0,"
[1] 0.000004 +J(0)
[2] 0.000847 -0.000271 (1) WT +J(0) +M(C:0K, Fs:24, WS:32K # 0K, PF:32K # 0K, P:32K)
[3] 0.003738 -0.001493 (6) WT +J(CM:0, PgRf:0, Rd:0/0, Dy:0/0, Lg:4096/2) +M(C:0K, Fs:14, WS:24K # 0K, PF:20K # 0K, P:20K)
[4] 0.000560 +J(0)
[5] -
[6] 0.000748 -0.000618 (2) CM -0.000534 (2) WT +J(CM:2, PgRf:2, Rd:0/2, Dy:0/0, Lg:0/0) +M(C:-24K, Fs:8, WS:-24K # 0K, PF:-24K # 0K, P:-24K)
[7] 0.000003 +J(0)
[8] 0.001092 -0.000695 (1) CM -0.000674 (1) WT +J(CM:1, PgRf:1, Rd:8/0, Dy:0/0, Lg:0/0) +M(C:156K, Fs:46, WS:156K # 0K, PF:156K # 0K, P:156K)
[9] -
[10] -
[11] -
[12] 0.000511 +J(CM:0, PgRf:0, Rd:0/0, Dy:0/0, Lg:54/1) +M(C:0K, Fs:1, WS:4K # 0K, PF:0K # 0K, P:0K)
[13] 0.001377 -0.001018 (3) CM -0.000874 (3) WT +J(CM:3, PgRf:23, Rd:0/3, Dy:0/0, Lg:0/0) +M(C:-76K, Fs:1, WS:-76K # 0K, PF:-76K # 0K, P:-76K)
[14] 0.000961 -0.000671 (2) CM -0.000582 (2) WT +J(CM:2, PgRf:40, Rd:0/2, Dy:0/0, Lg:0/0) +M(C:16K, Fs:12, WS:16K # 0K, PF:16K # 0K, P:16K)
[15] 0.000010 +J(CM:0, PgRf:1, Rd:0/0, Dy:0/0, Lg:0/0)
[16] 0.000010 +J(CM:0, PgRf:1, Rd:0/0, Dy:0/0, Lg:0/0)
[17] 0.000001 +J(0)
[18] 0.0 +J(0)
[19] 0.0 +J(0)
[20] 0.000920 -0.000498 (2) WT +J(CM:0, PgRf:2, Rd:0/0, Dy:0/0, Lg:0/0) +M(C:0K, Fs:8, WS:0K # 0K, PF:0K # 0K, P:0K).",1 0,"lgposAttach = 00000001:0003:0000,
dbv = 1568.290.600 (9600)",
2026-04-06T08:58:57.138906Z,"{'#attributes': {'Qualifiers': 0}, '#text': 330}",DC01,NTDS ISAM,Directory Service,10,4,,,NTDS,"868,D,2,0",,,NTDSA: ,C:\Windows\NTDS\temp.edb,0x2580 (9600),9600 (0x2580),9620 (0x2594),,,
2026-04-06T08:58:57.285620Z,"{'#attributes': {'Qualifiers': 0}, '#text': 327}",DC01,NTDS ISAM,Directory Service,11,4,,,NTDS,"868,D,51,0",,,NTDSA: ,1,C:\Windows\NTDS\ntds.dit,0,"
[1] 0.000005 +J(0)
[2] 0.000001 +J(0)
[3] 0.000089 +J(0)
[4] 0.000001 +J(0)
[5] 0.000001 +J(0)
[6] 0.003262 -0.002412 (7) WT +J(0) +M(C:-152K, Fs:8, WS:-148K # 0K, PF:-152K # 0K, P:-152K)
[7] 0.000039 +J(0)
[8] 0.000805 -0.000426 (1) WT +J(CM:0, PgRf:0, Rd:0/0, Dy:0/0, Lg:4096/2) +M(C:0K, Fs:1, WS:4K # 0K, PF:0K # 0K, P:0K)
[9] 0.003149 -0.001437 (6) WT +J(0) +M(C:0K, Fs:10, WS:-20K # 0K, PF:-20K # 0K, P:-20K)
[10] 0.000337 +J(0)
[11] 0.000155 +J(0) +M(C:0K, Fs:0, WS:-96K # 0K, PF:-96K # 0K, P:-96K).",0 0,lgposDetach = 00000001:00AD:0000,
2026-04-06T08:58:57.294261Z,"{'#attributes': {'Qualifiers': 0}, '#text': 330}",DC01,NTDS ISAM,Directory Service,12,4,,,NTDS,"868,D,50,0",,,NTDSA: ,C:\Windows\NTDS\ntds.dit,0x2580 (9600),9600 (0x2580),9620 (0x2594),,,
2026-04-06T08:58:57.296558Z,"{'#attributes': {'Qualifiers': 0}, '#text': 643}",DC01,NTDS ISAM,Directory Service,13,3,,,NTDS,"868,D,50,0",,,NTDSA: ,C:\Windows\NTDS\ntds.dit,en-US,00000001-57ee-1e5c-00b4-d0000bb1e11e,0006040300060403,00000001-57ee-1e5c-00b4-d0000bb1e11e,0006050200060502,
2026-04-06T08:58:57.297036Z,"{'#attributes': {'Qualifiers': 0}, '#text': 609}",DC01,NTDS ISAM,Directory Service,14,4,,,NTDS,"868,D,50,0",26100,0,NTDSA: ,C:\Windows\NTDS\ntds.dit,10,0,26100,0,10,0
2026-04-06T08:58:57.303559Z,"{'#attributes': {'Qualifiers': 0}, '#text': 611}",DC01,NTDS ISAM,Directory Service,15,4,,,NTDS,"868,D,50,0",0006050200060502,,NTDSA: ,C:\Windows\NTDS\ntds.dit,PDNT_index,datatable,en-US,00000001-57ee-1e5c-00b4-d0000bb1e11e,0006040300060403,00000001-57ee-1e5c-00b4-d0000bb1e11e
2026-04-06T08:58:57.319240Z,"{'#attributes': {'Qualifiers': 0}, '#text': 611}",DC01,NTDS ISAM,Directory Service,16,4,,,NTDS,"868,D,50,0",0006050200060502,,NTDSA: ,C:\Windows\NTDS\ntds.dit,INDEX_000201CC,datatable,en-US,00000001-57ee-1e5c-00b4-d0000bb1e11e,0006040300060403,00000001-57ee-1e5c-00b4-d0000bb1e11e
2026-04-06T08:58:57.320564Z,"{'#attributes': {'Qualifiers': 0}, '#text': 611}",DC01,NTDS ISAM,Directory Service,17,4,,,NTDS,"868,D,50,0",0006050200060502,,NTDSA: ,C:\Windows\NTDS\ntds.dit,INDEX_00090001,datatable,en-US,00000001-57ee-1e5c-00b4-d0000bb1e11e,0006040300060403,00000001-57ee-1e5c-00b4-d0000bb1e11e
2026-04-06T08:58:57.442401Z,"{'#attributes': {'Qualifiers': 0}, '#text': 611}",DC01,NTDS ISAM,Directory Service,18,4,,,NTDS,"868,D,50,0",0006050200060502,,NTDSA: ,C:\Windows\NTDS\ntds.dit,INDEX_00000003,datatable,en-US,00000001-57ee-1e5c-00b4-d0000bb1e11e,0006040300060403,00000001-57ee-1e5c-00b4-d0000bb1e11e
2026-04-06T08:58:57.448245Z,"{'#attributes': {'Qualifiers': 0}, '#text': 612}",DC01,NTDS ISAM,Directory Service,19,4,,,NTDS,"868,D,50,0",,,NTDSA: ,C:\Windows\NTDS\ntds.dit,,,,,,
2026-04-06T08:58:57.450783Z,"{'#attributes': {'Qualifiers': 0}, '#text': 326}",DC01,NTDS ISAM,Directory Service,20,4,,,NTDS,"868,D,50,0",,,NTDSA: ,1,C:\Windows\NTDS\ntds.dit,0,"
[1] 0.000004 +J(0)
[2] 0.000791 -0.000246 (1) WT +J(0) +M(C:0K, Fs:24, WS:32K # 0K, PF:32K # 0K, P:32K)
[3] 0.003739 -0.001498 (6) WT +J(CM:0, PgRf:0, Rd:0/0, Dy:0/0, Lg:4096/2) +M(C:0K, Fs:14, WS:24K # 0K, PF:20K # 0K, P:20K)
[4] 0.000519 +J(0)
[5] -
[6] 0.000715 -0.000569 (2) CM -0.000489 (2) WT +J(CM:2, PgRf:2, Rd:0/2, Dy:0/0, Lg:0/0) +M(C:-8K, Fs:12, WS:-8K # 0K, PF:-8K # 0K, P:-8K)
[7] 0.000003 +J(0)
[8] 0.001365 -0.000928 (1) CM -0.000907 (1) WT +J(CM:1, PgRf:1, Rd:12/0, Dy:0/0, Lg:0/0) +M(C:252K, Fs:70, WS:252K # 0K, PF:252K # 0K, P:252K)
[9] -
[10] -
[11] -
[12] 0.000457 +J(CM:0, PgRf:0, Rd:0/0, Dy:0/0, Lg:54/1) +M(C:0K, Fs:1, WS:4K # 0K, PF:0K # 0K, P:0K)
[13] 0.000995 -0.000612 (2) CM -0.000499 (2) WT +J(CM:2, PgRf:23, Rd:0/2, Dy:0/0, Lg:0/0) +M(C:12K, Fs:7, WS:-52K # 0K, PF:12K # 0K, P:12K)
[14] 0.000776 -0.000575 (2) CM -0.000492 (2) WT +J(CM:2, PgRf:40, Rd:0/2, Dy:0/0, Lg:0/0) +M(C:-56K, Fs:9, WS:-20K # 0K, PF:-56K # 0K, P:-56K)
[15] 0.000010 +J(CM:0, PgRf:1, Rd:0/0, Dy:0/0, Lg:0/0)
[16] 0.000010 +J(CM:0, PgRf:1, Rd:0/0, Dy:0/0, Lg:0/0)
[17] 0.000530 +J(CM:0, PgRf:42, Rd:0/0, Dy:0/0, Lg:0/0)
[18] 0.000002 +J(0)
[19] 0.152917 -0.108853 (357) CM -0.093524 (358) WT +J(CM:357, PgRf:9125, Rd:0/357, Dy:8/507, Lg:41024/1017) +M(C:80K, Fs:2574, WS:416K # 0K, PF:272K # 0K, P:272K)
[20] 0.000767 -0.000697 (1) CM -0.000646 (1) WT +J(CM:1, PgRf:2, Rd:0/1, Dy:0/0, Lg:0/0) +M(C:28K, Fs:51, WS:176K # 0K, PF:200K # 0K, P:200K).",1 0,"lgposAttach = 00000001:00AE:0000,
dbv = 1568.290.600 (9600)",
2026-04-06T08:58:57.474021Z,"{'#attributes': {'Qualifiers': 0}, '#text': 327}",DC01,NTDS ISAM,Directory Service,21,4,,,NTDS,"868,D,51,0",,,NTDSA: ,1,C:\Windows\NTDS\ntds.dit,0,"
[1] 0.000004 +J(0)
[2] 0.0 +J(0)
[3] 0.009847 -0.009823 (1) WT +J(0) +M(C:32K, Fs:169, WS:56K # 0K, PF:32K # 0K, P:32K)
[4] 0.000002 +J(0)
[5] 0.0 +J(0)
[6] 0.004437 -0.002793 (8) WT +J(0) +M(C:-64K, Fs:22, WS:-64K # 0K, PF:-64K # 0K, P:-64K)
[7] 0.000025 +J(0)
[8] 0.000975 -0.000341 (2) WT +J(CM:0, PgRf:0, Rd:0/0, Dy:0/0, Lg:488/2)
[9] 0.003425 -0.001661 (6) WT +J(0) +M(C:0K, Fs:10, WS:-20K # 0K, PF:-20K # 0K, P:-20K)
[10] 0.000390 +J(0)
[11] 0.000126 +J(0) +M(C:0K, Fs:0, WS:-32K # 0K, PF:-32K # 0K, P:-32K).",0 0,lgposDetach = 00000001:00B9:0E18,
2026-04-06T08:58:57.482815Z,"{'#attributes': {'Qualifiers': 0}, '#text': 330}",DC01,NTDS ISAM,Directory Service,22,4,,,NTDS,"868,D,50,0",,,NTDSA: ,C:\Windows\NTDS\ntds.dit,0x2580 (9600),9600 (0x2580),9620 (0x2594),,,
2026-04-06T08:58:57.485141Z,"{'#attributes': {'Qualifiers': 0}, '#text': 326}",DC01,NTDS ISAM,Directory Service,23,4,,,NTDS,"868,D,50,0",,,NTDSA: ,1,C:\Windows\NTDS\ntds.dit,0,"
[1] 0.000004 +J(0)
[2] 0.000818 -0.000286 (1) WT +J(0) +M(C:0K, Fs:24, WS:32K # 0K, PF:32K # 0K, P:32K)
[3] 0.003869 -0.001264 (6) WT +J(CM:0, PgRf:0, Rd:0/0, Dy:0/0, Lg:4096/2) +M(C:0K, Fs:14, WS:24K # 0K, PF:20K # 0K, P:20K)
[4] 0.000521 +J(0)
[5] -
[6] 0.000724 -0.000608 (2) CM -0.000514 (2) WT +J(CM:2, PgRf:2, Rd:0/2, Dy:0/0, Lg:0/0) +M(C:-48K, Fs:2, WS:-48K # 0K, PF:-48K # 0K, P:-48K)
[7] 0.000003 +J(0)
[8] 0.001390 -0.001087 (1) CM -0.001066 (1) WT +J(CM:1, PgRf:1, Rd:14/0, Dy:0/0, Lg:0/0) +M(C:172K, Fs:50, WS:172K # 0K, PF:172K # 0K, P:172K)
[9] -
[10] -
[11] -
[12] 0.000461 +J(CM:0, PgRf:0, Rd:0/0, Dy:0/0, Lg:54/1) +M(C:0K, Fs:1, WS:4K # 0K, PF:20K # 0K, P:20K)
[13] 0.000890 -0.000560 (2) CM -0.000468 (2) WT +J(CM:2, PgRf:23, Rd:0/2, Dy:0/0, Lg:0/0) +M(C:-88K, Fs:14, WS:-88K # 0K, PF:-88K # 0K, P:-88K)
[14] 0.000750 -0.000525 (2) CM -0.000439 (2) WT +J(CM:2, PgRf:40, Rd:0/2, Dy:0/0, Lg:0/0) +M(C:0K, Fs:14, WS:0K # 0K, PF:0K # 0K, P:0K)
[15] 0.000010 +J(CM:0, PgRf:1, Rd:0/0, Dy:0/0, Lg:0/0)
[16] 0.000010 +J(CM:0, PgRf:1, Rd:0/0, Dy:0/0, Lg:0/0)
[17] 0.000064 +J(CM:0, PgRf:48, Rd:0/0, Dy:0/0, Lg:0/0)
[18] 0.000001 +J(0)
[19] 0.0 +J(0)
[20] 0.000016 +J(CM:0, PgRf:2, Rd:0/0, Dy:0/0, Lg:0/0).",1 0,"lgposAttach = 00000001:00BA:0000,
dbv = 1568.290.600 (9600)",
2026-04-06T08:58:57.453111Z,"{'#attributes': {'Qualifiers': 32768}, '#text': 1463}",DC01,Microsoft-Windows-ActiveDirectory_DomainService,Directory Service,24,3,,,,,,,,,,,,,,
2026-04-06T08:58:57.621153Z,"{'#attributes': {'Qualifiers': 16384}, '#text': 2013}",DC01,Microsoft-Windows-ActiveDirectory_DomainService,Directory Service,25,4,,,4,PDNT_index +PDNT_col INDEX_000201CC +ATTm131532 INDEX_00090001 +ATTm589825 INDEX_00000003 +ATTm3 ,,,,,,,,,,
2026-04-06T08:58:57.740417Z,"{'#attributes': {'Qualifiers': 16384}, '#text': 2014}",DC01,Microsoft-Windows-ActiveDirectory_DomainService,Directory Service,26,4,,4,,,,,,,,,,,,
2026-04-06T08:58:58.044290Z,"{'#attributes': {'Qualifiers': 16384}, '#text': 2120}",DC01,Microsoft-Windows-ActiveDirectory_DomainService,Directory Service,27,4,,,,,,,,,,,,,,
2026-04-06T08:58:58.044290Z,"{'#attributes': {'Qualifiers': 16384}, '#text': 2405}",DC01,Microsoft-Windows-ActiveDirectory_DomainService,Directory Service,28,4,,Recycle Bin Feature,,,,,,,,,,,,
2026-04-06T08:58:58.044290Z,"{'#attributes': {'Qualifiers': 16384}, '#text': 2405}",DC01,Microsoft-Windows-ActiveDirectory_DomainService,Directory Service,29,4,,Privileged Access Management Feature,,,,,,,,,,,,
2026-04-06T08:58:58.044290Z,"{'#attributes': {'Qualifiers': 16384}, '#text': 2405}",DC01,Microsoft-Windows-ActiveDirectory_DomainService,Directory Service,30,4,,Database 32k Pages Feature,,,,,,,,,,,,
2026-04-06T08:59:09.219810Z,"{'#attributes': {'Qualifiers': 0}, '#text': 700}",DC01,NTDS ISAM,Directory Service,31,4,,,NTDS,"868,D,0,0",,,NTDSA: ,C:\Windows\NTDS\ntds.dit,,,,,,
2026-04-06T08:59:09.266746Z,"{'#attributes': {'Qualifiers': 0}, '#text': 701}",DC01,NTDS ISAM,Directory Service,32,4,,,NTDS,"868,D,0,0",,,NTDSA: ,C:\Windows\NTDS\ntds.dit,1,4/6/2026,0,1,1,1
2026-04-06T08:59:08.824566Z,"{'#attributes': {'Qualifiers': 16384}, '#text': 1898}",DC01,Microsoft-Windows-ActiveDirectory_DomainService,Directory Service,33,4,,"CN=domain-dns,CN=Schema,CN=Configuration,DC=darkzero,DC=htb",,,,,,,,,,,,
2026-04-06T08:59:08.826572Z,"{'#attributes': {'Qualifiers': 16384}, '#text': 1898}",DC01,Microsoft-Windows-ActiveDirectory_DomainService,Directory Service,34,4,,"CN=sam-domain,CN=Schema,CN=Configuration,DC=darkzero,DC=htb",,,,,,,,,,,,
2026-04-06T08:59:09.211551Z,"{'#attributes': {'Qualifiers': 16384}, '#text': 3033}",DC01,Microsoft-Windows-ActiveDirectory_DomainService,Directory Service,35,4,,,,,,,,,,,,,,
2026-04-06T08:59:09.218584Z,"{'#attributes': {'Qualifiers': 16384}, '#text': 3027}",DC01,Microsoft-Windows-ActiveDirectory_DomainService,Directory Service,36,4,,3600,,,,,,,,,,,,
2026-04-06T08:59:09.222156Z,"{'#attributes': {'Qualifiers': 16384}, '#text': 1000}",DC01,Microsoft-Windows-ActiveDirectory_DomainService,Directory Service,37,4,,,,,,,,,,,,,,
2026-04-06T08:59:09.509396Z,"{'#attributes': {'Qualifiers': 16384}, '#text': 2064}",DC01,Microsoft-Windows-ActiveDirectory_DomainService,Directory Service,38,4,,,,,,,,,,,,,,
2026-04-06T08:59:10.520228Z,"{'#attributes': {'Qualifiers': 0}, '#text': 103}",DC01,NTDS ISAM,Directory Service,39,4,,,NTDS,"868,T,97,0",,,NTDSA: ,0,"
[1] 0.000004 +J(0)
[2] 0.000012 +J(0)
[3] 0.000115 +J(CM:0, PgRf:16, Rd:0/0, Dy:0/40, Lg:976/32)
[4] 0.000003 +J(0)
[5] 0.053975 -0.034748 (5) WT +J(0) +M(C:-2308K, Fs:748, WS:-2308K # 0K, PF:-2308K # 0K, P:-2308K)
[6] 0.000011 +J(0)
[7] 0.000006 +J(0)
[8] 0.006583 -0.002233 (10) WT +J(CM:0, PgRf:0, Rd:0/0, Dy:0/0, Lg:1930/2) +M(C:0K, Fs:9, WS:-92K # 0K, PF:-92K # 0K, P:-92K)
[9] 0.000748 -0.000471 (1) WT +J(CM:0, PgRf:0, Rd:0/0, Dy:0/0, Lg:66/1)
[10] 0.000013 +J(0)
[11] 0.001064 -0.000301 (2) WT +J(0)
[12] 0.000016 +J(0) +M(C:0K, Fs:0, WS:-4K # 0K, PF:-4K # 0K, P:-4K)
[13] 0.000101 +J(0)
[14] 0.001417 +J(0) +M(C:0K, Fs:0, WS:-10248K # 0K, PF:-10264K # 0K, P:-10264K)
[15] 0.000004 +J(0).",0,,,,
2026-04-06T08:59:10.525165Z,"{'#attributes': {'Qualifiers': 16384}, '#text': 1004}",DC01,Microsoft-Windows-ActiveDirectory_DomainService,Directory Service,40,4,,,,,,,,,,,,,,
2026-04-06T09:00:04.142156Z,"{'#attributes': {'Qualifiers': 16384}, '#text': 2064}",DC01.darkzero.htb,Microsoft-Windows-ActiveDirectory_DomainService,Directory Service,41,4,,,,,,,,,,,,,,
2026-04-06T09:00:04.287600Z,"{'#attributes': {'Qualifiers': 32768}, '#text': 3051}",DC01.darkzero.htb,Microsoft-Windows-ActiveDirectory_DomainService,Directory Service,42,3,,,,,,,,,,,,,,
2026-04-06T09:00:04.287600Z,"{'#attributes': {'Qualifiers': 32768}, '#text': 3054}",DC01.darkzero.htb,Microsoft-Windows-ActiveDirectory_DomainService,Directory Service,43,3,,,,,,,,,,,,,,
2026-04-06T09:00:04.494088Z,"{'#attributes': {'Qualifiers': 16384}, '#text': 2121}",DC01.darkzero.htb,Microsoft-Windows-ActiveDirectory_DomainService,Directory Service,44,4,,,,,,,,,,,,,,
2026-04-06T09:00:04.496115Z,"{'#attributes': {'Qualifiers': 16384}, '#text': 2406}",DC01.darkzero.htb,Microsoft-Windows-ActiveDirectory_DomainService,Directory Service,45,4,,Recycle Bin Feature,,,,,,,,,,,,
2026-04-06T09:00:04.496115Z,"{'#attributes': {'Qualifiers': 16384}, '#text': 2406}",DC01.darkzero.htb,Microsoft-Windows-ActiveDirectory_DomainService,Directory Service,46,4,,Privileged Access Management Feature,,,,,,,,,,,,
2026-04-06T09:00:04.496115Z,"{'#attributes': {'Qualifiers': 16384}, '#text': 2406}",DC01.darkzero.htb,Microsoft-Windows-ActiveDirectory_DomainService,Directory Service,47,4,,Database 32k Pages Feature,,,,,,,,,,,,
2026-04-06T09:00:04.496115Z,"{'#attributes': {'Qualifiers': 16384}, '#text': 2168}",DC01.darkzero.htb,Microsoft-Windows-ActiveDirectory_DomainService,Directory Service,48,4,,10686758757317138473,,,,,,,,,,,,
2026-04-06T09:00:04.512088Z,"{'#attributes': {'Qualifiers': 16384}, '#text': 2120}",DC01.darkzero.htb,Microsoft-Windows-ActiveDirectory_DomainService,Directory Service,49,4,,,,,,,,,,,,,,
2026-04-06T09:00:04.512088Z,"{'#attributes': {'Qualifiers': 16384}, '#text': 2405}",DC01.darkzero.htb,Microsoft-Windows-ActiveDirectory_DomainService,Directory Service,50,4,,Recycle Bin Feature,,,,,,,,,,,,
2026-04-06T09:00:04.512088Z,"{'#attributes': {'Qualifiers': 16384}, '#text': 2405}",DC01.darkzero.htb,Microsoft-Windows-ActiveDirectory_DomainService,Directory Service,51,4,,Database 32k Pages Feature,,,,,,,,,,,,
2026-04-06T09:00:04.512088Z,"{'#attributes': {'Qualifiers': 16384}, '#text': 2405}",DC01.darkzero.htb,Microsoft-Windows-ActiveDirectory_DomainService,Directory Service,52,4,,Privileged Access Management Feature,,,,,,,,,,,,
2026-04-06T09:00:14.639524Z,"{'#attributes': {'Qualifiers': 16384}, '#text': 1000}",DC01.darkzero.htb,Microsoft-Windows-ActiveDirectory_DomainService,Directory Service,53,4,,,,,,,,,,,,,,
2026-04-06T09:00:25.528677Z,"{'#attributes': {'Qualifiers': 32768}, '#text': 1220}",DC01.darkzero.htb,Microsoft-Windows-ActiveDirectory_DomainService,Directory Service,54,3,,,8009030e,No credentials are available in the security package,,,,,,,,,,
2026-04-06T09:00:44.820836Z,"{'#attributes': {'Qualifiers': 16384}, '#text': 1394}",DC01.darkzero.htb,Microsoft-Windows-ActiveDirectory_DomainService,Directory Service,55,4,,,,,,,,,,,,,,
2026-04-06T09:00:50.320409Z,"{'#attributes': {'Qualifiers': 16384}, '#text': 1404}",DC01.darkzero.htb,Microsoft-Windows-ActiveDirectory_DomainService,Directory Service,56,4,,,,,,,,,,,,,,
2026-04-06T09:02:15.348511Z,"{'#attributes': {'Qualifiers': 16384}, '#text': 2065}",DC01.darkzero.htb,Microsoft-Windows-ActiveDirectory_DomainService,Directory Service,57,4,,,,,,,,,,,,,,
2026-04-06T09:05:04.675582Z,"{'#attributes': {'Qualifiers': 16384}, '#text': 2961}",DC01.darkzero.htb,Microsoft-Windows-ActiveDirectory_DomainService,Directory Service,58,4,,8,,,,,,,,,,,,
2026-04-06T09:05:04.675582Z,"{'#attributes': {'Qualifiers': 16384}, '#text': 2013}",DC01.darkzero.htb,Microsoft-Windows-ActiveDirectory_DomainService,Directory Service,59,4,,,3,link_base_and_data_v2_index +link_base link_bdnt_and_base_and_data_v2_index +backlink_DNT link_dnt_and_base_and_data_v2_index +link_DNT ,,,,,,,,,,
2026-04-06T09:05:04.689644Z,"{'#attributes': {'Qualifiers': 16384}, '#text': 2014}",DC01.darkzero.htb,Microsoft-Windows-ActiveDirectory_DomainService,Directory Service,60,4,,3,,,,,,,,,,,,
2026-04-06T09:05:04.691674Z,"{'#attributes': {'Qualifiers': 16384}, '#text': 2962}",DC01.darkzero.htb,Microsoft-Windows-ActiveDirectory_DomainService,Directory Service,61,4,,8,,,,,,,,,,,,
2026-04-06T09:10:56.870014Z,"{'#attributes': {'Qualifiers': 16384}, '#text': 1221}",DC01.darkzero.htb,Microsoft-Windows-ActiveDirectory_DomainService,Directory Service,62,4,,,,,,,,,,,,,,
2026-04-06T09:15:15.444521Z,"{'#attributes': {'Qualifiers': 0}, '#text': 102}",DC01.darkzero.htb,NTDS ISAM,Directory Service,63,4,,,NTDS,"884,P,98,0",,,NTDSA: ,0,10,00,26100,0000,,
2026-04-06T09:15:15.445055Z,"{'#attributes': {'Qualifiers': 0}, '#text': 105}",DC01.darkzero.htb,NTDS ISAM,Directory Service,64,4,,,NTDS,"884,D,0,0",,,NTDSA: ,0,0.069,"
[1] 0.001924 +J(0) +M(C:0K, Fs:183, WS:708K # 104K, PF:5412K # 2412K, P:5412K)
[2] 0.003080 +J(0) +M(C:64K, Fs:88, WS:344K # 344K, PF:340K # 340K, P:340K)
[3] 0.000368 +J(0) +M(C:0K, Fs:3, WS:12K # 12K, PF:64K # 64K, P:64K)
[4] 0.013127 -0.000333 (1) WT +J(0) +M(C:0K, Fs:141, WS:456K # 456K, PF:7528K # 7528K, P:7528K)
[5] 0.000359 +J(0) +M(C:0K, Fs:1, WS:4K # 4K, PF:0K # 0K, P:0K)
[6] 0.004453 +J(0) +M(C:0K, Fs:24, WS:92K # 92K, PF:24K # 24K, P:24K)
[7] 0.027464 -0.019796 (21) WT +J(0) +M(C:0K, Fs:2580, WS:10300K # 10300K, PF:10260K # 10260K, P:10260K)
[8] -
[9] -
[10] -
[11] -
[12] -
[13] 0.017095 -0.012240 (22) WT +J(CM:0, PgRf:0, Rd:0/0, Dy:0/0, Lg:616/1) +M(C:0K, Fs:14, WS:-10196K # 24K, PF:-10256K # 12K, P:-10256K)
[14] 0.000021 +J(0)
[15] 0.001013 +J(0) +M(C:0K, Fs:821, WS:3280K # 0K, PF:68K # 0K, P:68K)
[16] 0.000522 -0.000259 (1) WT +J(0) +M(C:0K, Fs:2, WS:0K # 0K, PF:0K # 0K, P:0K).","RBSOn = 0
",,,
2026-04-06T09:15:15.445436Z,"{'#attributes': {'Qualifiers': 0}, '#text': 330}",DC01.darkzero.htb,NTDS ISAM,Directory Service,65,4,,,NTDS,"884,D,50,0",,,NTDSA: ,C:\Windows\NTDS\ntds.dit,0x2580 (9600),9600 (0x2580),9620 (0x2594),,,
2026-04-06T09:15:15.445817Z,"{'#attributes': {'Qualifiers': 0}, '#text': 326}",DC01.darkzero.htb,NTDS ISAM,Directory Service,66,4,,,NTDS,"884,D,50,0",,,NTDSA: ,1,C:\Windows\NTDS\ntds.dit,0,"
[1] 0.000006 +J(0) +M(C:0K, Fs:1, WS:4K # 0K, PF:0K # 0K, P:0K)
[2] 0.000648 -0.000310 (1) WT +J(0) +M(C:0K, Fs:28, WS:48K # 0K, PF:32K # 0K, P:32K)
[3] 0.005237 -0.002118 (6) WT +J(CM:0, PgRf:0, Rd:0/0, Dy:0/0, Lg:3480/2) +M(C:0K, Fs:37, WS:112K # 0K, PF:116K # 0K, P:116K)
[4] 0.000805 +J(0) +M(C:0K, Fs:1, WS:4K # 0K, PF:0K # 0K, P:0K)
[5] -
[6] 0.003373 -0.000651 (2) CM -0.000574 (2) WT +J(CM:2, PgRf:2, Rd:0/2, Dy:0/0, Lg:0/0) +M(C:-56K, Fs:65, WS:204K # 0K, PF:148K # 0K, P:148K)
[7] 0.001356 -0.000224 (1) WT +J(0) +M(C:0K, Fs:5, WS:12K # 0K, PF:0K # 0K, P:0K)
[8] 0.002640 -0.000340 (1) CM -0.000294 (1) WT +J(CM:1, PgRf:1, Rd:4/1, Dy:0/0, Lg:0/0) +M(C:92K, Fs:55, WS:192K # 0K, PF:296K # 0K, P:296K)
[9] -
[10] -
[11] -
[12] 0.000284 +J(CM:0, PgRf:0, Rd:0/0, Dy:0/0, Lg:54/1) +M(C:0K, Fs:3, WS:12K # 0K, PF:20K # 0K, P:20K)
[13] 0.003209 -0.002171 (5) CM -0.001989 (5) WT +J(CM:5, PgRf:23, Rd:0/5, Dy:0/0, Lg:0/0) +M(C:-48K, Fs:45, WS:28K # 0K, PF:-16K # 0K, P:-16K)
[14] 0.002780 -0.002169 (6) CM -0.001889 (6) WT +J(CM:6, PgRf:43, Rd:0/6, Dy:0/0, Lg:0/0) +M(C:-8K, Fs:30, WS:8K # 0K, PF:56K # 0K, P:56K)
[15] 0.000388 -0.000324 (1) CM -0.000288 (1) WT +J(CM:1, PgRf:1, Rd:0/1, Dy:0/0, Lg:0/0) +M(C:40K, Fs:2, WS:-24K # 0K, PF:44K # 0K, P:44K)
[16] 0.000024 +J(CM:0, PgRf:1, Rd:0/0, Dy:0/0, Lg:0/0) +M(C:0K, Fs:1, WS:4K # 0K, PF:0K # 0K, P:0K)
[17] 0.000083 +J(CM:0, PgRf:48, Rd:0/0, Dy:0/0, Lg:0/0) +M(C:0K, Fs:5, WS:20K # 0K, PF:0K # 0K, P:0K)
[18] 0.000001 +J(0)
[19] 0.0 +J(0)
[20] 0.000024 +J(CM:0, PgRf:2, Rd:0/0, Dy:0/0, Lg:0/0) +M(C:0K, Fs:2, WS:8K # 0K, PF:0K # 0K, P:0K).",0 0,"lgposAttach = 00000002:0200:0268,
dbv = 1568.290.600 (9600)",
2026-04-06T09:15:15.446258Z,"{'#attributes': {'Qualifiers': 0}, '#text': 330}",DC01.darkzero.htb,NTDS ISAM,Directory Service,67,4,,,NTDS,"884,D,2,0",,,NTDSA: ,C:\Windows\NTDS\temp.edb,0x2580 (9600),9600 (0x2580),9620 (0x2594),,,
2026-04-06T09:15:15.446595Z,"{'#attributes': {'Qualifiers': 0}, '#text': 700}",DC01.darkzero.htb,NTDS ISAM,Directory Service,68,4,,,NTDS,"884,D,0,0",,,NTDSA: ,C:\Windows\NTDS\ntds.dit,,,,,,
2026-04-06T09:15:15.541055Z,"{'#attributes': {'Qualifiers': 0}, '#text': 701}",DC01.darkzero.htb,NTDS ISAM,Directory Service,69,4,,,NTDS,"884,D,0,0",,,NTDSA: ,C:\Windows\NTDS\ntds.dit,5,4/6/2026,0,1,1,2
2026-04-06T09:15:15.137540Z,"{'#attributes': {'Qualifiers': 16384}, '#text': 2041}",DC01.darkzero.htb,Microsoft-Windows-ActiveDirectory_DomainService,Directory Service,70,4,,,400004c5,2,,,,,,,,,,
2026-04-06T09:15:15.137540Z,"{'#attributes': {'Qualifiers': 16384}, '#text': 1869}",DC01.darkzero.htb,Microsoft-Windows-ActiveDirectory_DomainService,Directory Service,71,4,,,\\DC01.darkzero.htb,Default-First-Site-Name,,,,,,,,,,
2026-04-06T09:15:15.436130Z,"{'#attributes': {'Qualifiers': 16384}, '#text': 3033}",DC01.darkzero.htb,Microsoft-Windows-ActiveDirectory_DomainService,Directory Service,72,4,,,,,,,,,,,,,,
2026-04-06T09:15:15.436130Z,"{'#attributes': {'Qualifiers': 16384}, '#text': 3027}",DC01.darkzero.htb,Microsoft-Windows-ActiveDirectory_DomainService,Directory Service,73,4,,3600,,,,,,,,,,,,
2026-04-06T09:40:43.697504Z,"{'#attributes': {'Qualifiers': 16384}, '#text': 2179}",DC01.darkzero.htb,Microsoft-Windows-ActiveDirectory_DomainService,Directory Service,74,4,,10686758757317138473,,,,,,,,,,,,
2026-04-06T09:40:44.668935Z,"{'#attributes': {'Qualifiers': 16384}, '#text': 1004}",DC01.darkzero.htb,Microsoft-Windows-ActiveDirectory_DomainService,Directory Service,75,4,,,,,,,,,,,,,,
2026-04-06T09:45:29.652122Z,"{'#attributes': {'Qualifiers': 32768}, '#text': 3051}",DC01.darkzero.htb,Microsoft-Windows-ActiveDirectory_DomainService,Directory Service,76,3,,,,,,,,,,,,,,
2026-04-06T09:45:29.652122Z,"{'#attributes': {'Qualifiers': 32768}, '#text': 3054}",DC01.darkzero.htb,Microsoft-Windows-ActiveDirectory_DomainService,Directory Service,77,3,,,,,,,,,,,,,,
2026-04-06T09:45:29.858859Z,"{'#attributes': {'Qualifiers': 16384}, '#text': 2121}",DC01.darkzero.htb,Microsoft-Windows-ActiveDirectory_DomainService,Directory Service,78,4,,,,,,,,,,,,,,
2026-04-06T09:45:29.858859Z,"{'#attributes': {'Qualifiers': 16384}, '#text': 2406}",DC01.darkzero.htb,Microsoft-Windows-ActiveDirectory_DomainService,Directory Service,79,4,,Recycle Bin Feature,,,,,,,,,,,,
2026-04-06T09:45:29.858859Z,"{'#attributes': {'Qualifiers': 16384}, '#text': 2406}",DC01.darkzero.htb,Microsoft-Windows-ActiveDirectory_DomainService,Directory Service,80,4,,Privileged Access Management Feature,,,,,,,,,,,,
2026-04-06T09:45:29.858859Z,"{'#attributes': {'Qualifiers': 16384}, '#text': 2406}",DC01.darkzero.htb,Microsoft-Windows-ActiveDirectory_DomainService,Directory Service,81,4,,Database 32k Pages Feature,,,,,,,,,,,,
2026-04-06T09:45:29.858859Z,"{'#attributes': {'Qualifiers': 16384}, '#text': 2168}",DC01.darkzero.htb,Microsoft-Windows-ActiveDirectory_DomainService,Directory Service,82,4,,10686758757317138473,,,,,,,,,,,,
2026-04-06T09:45:29.860882Z,"{'#attributes': {'Qualifiers': 16384}, '#text': 2172}",DC01.darkzero.htb,Microsoft-Windows-ActiveDirectory_DomainService,Directory Service,83,4,,10686758757317138473,,,,,,,,,,,,
2026-04-06T09:45:29.874821Z,"{'#attributes': {'Qualifiers': 16384}, '#text': 2120}",DC01.darkzero.htb,Microsoft-Windows-ActiveDirectory_DomainService,Directory Service,84,4,,,,,,,,,,,,,,
2026-04-06T09:45:29.874821Z,"{'#attributes': {'Qualifiers': 16384}, '#text': 2405}",DC01.darkzero.htb,Microsoft-Windows-ActiveDirectory_DomainService,Directory Service,85,4,,Recycle Bin Feature,,,,,,,,,,,,
2026-04-06T09:45:29.874821Z,"{'#attributes': {'Qualifiers': 16384}, '#text': 2405}",DC01.darkzero.htb,Microsoft-Windows-ActiveDirectory_DomainService,Directory Service,86,4,,Database 32k Pages Feature,,,,,,,,,,,,
2026-04-06T09:45:29.874821Z,"{'#attributes': {'Qualifiers': 16384}, '#text': 2405}",DC01.darkzero.htb,Microsoft-Windows-ActiveDirectory_DomainService,Directory Service,87,4,,Privileged Access Management Feature,,,,,,,,,,,,
2026-04-06T09:45:39.896620Z,"{'#attributes': {'Qualifiers': 16384}, '#text': 1000}",DC01.darkzero.htb,Microsoft-Windows-ActiveDirectory_DomainService,Directory Service,88,4,,,,,,,,,,,,,,
2026-04-06T09:46:09.904856Z,"{'#attributes': {'Qualifiers': 16384}, '#text': 1394}",DC01.darkzero.htb,Microsoft-Windows-ActiveDirectory_DomainService,Directory Service,89,4,,,,,,,,,,,,,,
2026-04-06T10:00:40.091644Z,"{'#attributes': {'Qualifiers': 0}, '#text': 102}",DC01.darkzero.htb,NTDS ISAM,Directory Service,90,4,,,NTDS,"888,P,98,0",,,NTDSA: ,0,10,00,26100,0000,,
2026-04-06T10:00:40.092237Z,"{'#attributes': {'Qualifiers': 0}, '#text': 105}",DC01.darkzero.htb,NTDS ISAM,Directory Service,91,4,,,NTDS,"888,D,0,0",,,NTDSA: ,0,0.112,"
[1] 0.002106 +J(0) +M(C:0K, Fs:183, WS:708K # 100K, PF:5416K # 2412K, P:5416K)
[2] 0.002928 +J(0) +M(C:64K, Fs:91, WS:356K # 356K, PF:352K # 352K, P:352K)
[3] 0.000427 +J(0) +M(C:0K, Fs:4, WS:12K # 12K, PF:68K # 68K, P:68K)
[4] 0.012748 -0.000366 (1) WT +J(0) +M(C:0K, Fs:150, WS:528K # 528K, PF:7672K # 7672K, P:7672K)
[5] 0.000367 +J(0) +M(C:0K, Fs:2, WS:8K # 8K, PF:4K # 4K, P:4K)
[6] 0.004151 +J(0) +M(C:0K, Fs:22, WS:84K # 84K, PF:16K # 16K, P:16K)
[7] 0.058844 -0.052026 (21) WT +J(0) +M(C:0K, Fs:2580, WS:10300K # 10300K, PF:10260K # 10260K, P:10260K)
[8] -
[9] -
[10] -
[11] -
[12] -
[13] 0.028321 -0.023243 (22) WT +J(CM:0, PgRf:0, Rd:0/0, Dy:0/0, Lg:616/1) +M(C:0K, Fs:13, WS:-10200K # 20K, PF:-10256K # 12K, P:-10256K)
[14] 0.000022 +J(0)
[15] 0.001010 +J(0) +M(C:0K, Fs:822, WS:3280K # 0K, PF:68K # 0K, P:68K)
[16] 0.000645 -0.000325 (1) WT +J(0) +M(C:0K, Fs:2, WS:0K # 0K, PF:0K # 0K, P:0K).","RBSOn = 0
",,,
2026-04-06T10:00:40.092562Z,"{'#attributes': {'Qualifiers': 0}, '#text': 330}",DC01.darkzero.htb,NTDS ISAM,Directory Service,92,4,,,NTDS,"888,D,50,0",,,NTDSA: ,C:\Windows\NTDS\ntds.dit,0x2580 (9600),9600 (0x2580),9620 (0x2594),,,
2026-04-06T10:00:40.092881Z,"{'#attributes': {'Qualifiers': 0}, '#text': 326}",DC01.darkzero.htb,NTDS ISAM,Directory Service,93,4,,,NTDS,"888,D,50,0",,,NTDSA: ,1,C:\Windows\NTDS\ntds.dit,0,"
[1] 0.000005 +J(0) +M(C:0K, Fs:1, WS:4K # 0K, PF:0K # 0K, P:0K)
[2] 0.000779 -0.000367 (1) WT +J(0) +M(C:0K, Fs:28, WS:48K # 0K, PF:32K # 0K, P:32K)
[3] 0.006963 -0.003377 (6) WT +J(CM:0, PgRf:0, Rd:0/0, Dy:0/0, Lg:3480/2) +M(C:0K, Fs:41, WS:128K # 0K, PF:128K # 0K, P:128K)
[4] 0.000933 +J(0) +M(C:0K, Fs:1, WS:4K # 0K, PF:0K # 0K, P:0K)
[5] -
[6] 0.004185 -0.000774 (2) CM -0.000670 (2) WT +J(CM:2, PgRf:2, Rd:0/2, Dy:0/0, Lg:0/0) +M(C:-56K, Fs:65, WS:200K # 0K, PF:148K # 0K, P:148K)
[7] 0.000004 +J(0)
[8] 0.002693 -0.000388 (1) CM -0.000343 (1) WT +J(CM:1, PgRf:1, Rd:4/1, Dy:0/0, Lg:0/0) +M(C:92K, Fs:53, WS:184K # 0K, PF:288K # 0K, P:288K)
[9] -
[10] -
[11] -
[12] 0.000326 +J(CM:0, PgRf:0, Rd:0/0, Dy:0/0, Lg:54/1) +M(C:0K, Fs:4, WS:16K # 0K, PF:24K # 0K, P:24K)
[13] 0.004756 -0.003052 (6) CM -0.002828 (6) WT +J(CM:6, PgRf:23, Rd:0/6, Dy:0/0, Lg:0/0) +M(C:-24K, Fs:44, WS:56K # 0K, PF:12K # 0K, P:12K)
[14] 0.001804 -0.001449 (4) CM -0.001312 (4) WT +J(CM:4, PgRf:40, Rd:0/4, Dy:0/0, Lg:0/0) +M(C:-24K, Fs:24, WS:-8K # 0K, PF:40K # 0K, P:40K)
[15] 0.000416 -0.000348 (1) CM -0.000312 (1) WT +J(CM:1, PgRf:1, Rd:0/1, Dy:0/0, Lg:0/0) +M(C:0K, Fs:7, WS:0K # 0K, PF:0K # 0K, P:0K)
[16] 0.000024 +J(CM:0, PgRf:1, Rd:0/0, Dy:0/0, Lg:0/0) +M(C:0K, Fs:1, WS:4K # 0K, PF:0K # 0K, P:0K)
[17] 0.000083 +J(CM:0, PgRf:48, Rd:0/0, Dy:0/0, Lg:0/0) +M(C:0K, Fs:5, WS:20K # 0K, PF:0K # 0K, P:0K)
[18] 0.000001 +J(0)
[19] 0.0 +J(0)
[20] 0.000022 +J(CM:0, PgRf:2, Rd:0/0, Dy:0/0, Lg:0/0) +M(C:0K, Fs:2, WS:8K # 0K, PF:0K # 0K, P:0K).",0 0,"lgposAttach = 00000002:054A:0268,
dbv = 1568.290.600 (9600)",
2026-04-06T10:00:40.093333Z,"{'#attributes': {'Qualifiers': 0}, '#text': 330}",DC01.darkzero.htb,NTDS ISAM,Directory Service,94,4,,,NTDS,"888,D,2,0",,,NTDSA: ,C:\Windows\NTDS\temp.edb,0x2580 (9600),9600 (0x2580),9620 (0x2594),,,
2026-04-06T10:00:40.093685Z,"{'#attributes': {'Qualifiers': 0}, '#text': 700}",DC01.darkzero.htb,NTDS ISAM,Directory Service,95,4,,,NTDS,"888,D,0,0",,,NTDSA: ,C:\Windows\NTDS\ntds.dit,,,,,,
2026-04-06T10:00:40.229247Z,"{'#attributes': {'Qualifiers': 0}, '#text': 701}",DC01.darkzero.htb,NTDS ISAM,Directory Service,96,4,,,NTDS,"888,D,0,0",,,NTDSA: ,C:\Windows\NTDS\ntds.dit,1,4/6/2026,0,1,1,3
2026-04-06T10:00:39.940647Z,"{'#attributes': {'Qualifiers': 16384}, '#text': 1869}",DC01.darkzero.htb,Microsoft-Windows-ActiveDirectory_DomainService,Directory Service,97,4,,,\\DC01.darkzero.htb,Default-First-Site-Name,,,,,,,,,,
2026-04-06T10:00:40.089117Z,"{'#attributes': {'Qualifiers': 16384}, '#text': 3033}",DC01.darkzero.htb,Microsoft-Windows-ActiveDirectory_DomainService,Directory Service,98,4,,,,,,,,,,,,,,
2026-04-06T10:00:40.089117Z,"{'#attributes': {'Qualifiers': 16384}, '#text': 3027}",DC01.darkzero.htb,Microsoft-Windows-ActiveDirectory_DomainService,Directory Service,99,4,,3600,,,,,,,,,,,,
2026-04-06T12:02:03.910985Z,"{'#attributes': {'Qualifiers': 16384}, '#text': 2179}",DC01.darkzero.htb,Microsoft-Windows-ActiveDirectory_DomainService,Directory Service,100,4,,10686758757317138473,,,,,,,,,,,,
2026-04-06T12:02:04.592680Z,"{'#attributes': {'Qualifiers': 16384}, '#text': 1004}",DC01.darkzero.htb,Microsoft-Windows-ActiveDirectory_DomainService,Directory Service,101,4,,,,,,,,,,,,,,
2026-04-06T12:04:30.016150Z,"{'#attributes': {'Qualifiers': 32768}, '#text': 3051}",DC01.darkzero.htb,Microsoft-Windows-ActiveDirectory_DomainService,Directory Service,102,3,,,,,,,,,,,,,,
2026-04-06T12:04:30.016150Z,"{'#attributes': {'Qualifiers': 32768}, '#text': 3054}",DC01.darkzero.htb,Microsoft-Windows-ActiveDirectory_DomainService,Directory Service,103,3,,,,,,,,,,,,,,
2026-04-06T12:04:30.218737Z,"{'#attributes': {'Qualifiers': 16384}, '#text': 2121}",DC01.darkzero.htb,Microsoft-Windows-ActiveDirectory_DomainService,Directory Service,104,4,,,,,,,,,,,,,,
2026-04-06T12:04:30.218737Z,"{'#attributes': {'Qualifiers': 16384}, '#text': 2406}",DC01.darkzero.htb,Microsoft-Windows-ActiveDirectory_DomainService,Directory Service,105,4,,Recycle Bin Feature,,,,,,,,,,,,
2026-04-06T12:04:30.218737Z,"{'#attributes': {'Qualifiers': 16384}, '#text': 2406}",DC01.darkzero.htb,Microsoft-Windows-ActiveDirectory_DomainService,Directory Service,106,4,,Privileged Access Management Feature,,,,,,,,,,,,
2026-04-06T12:04:30.218737Z,"{'#attributes': {'Qualifiers': 16384}, '#text': 2406}",DC01.darkzero.htb,Microsoft-Windows-ActiveDirectory_DomainService,Directory Service,107,4,,Database 32k Pages Feature,,,,,,,,,,,,
2026-04-06T12:04:30.220765Z,"{'#attributes': {'Qualifiers': 16384}, '#text': 2168}",DC01.darkzero.htb,Microsoft-Windows-ActiveDirectory_DomainService,Directory Service,108,4,,10686758757317138473,,,,,,,,,,,,
2026-04-06T12:04:30.220765Z,"{'#attributes': {'Qualifiers': 16384}, '#text': 2172}",DC01.darkzero.htb,Microsoft-Windows-ActiveDirectory_DomainService,Directory Service,109,4,,10686758757317138473,,,,,,,,,,,,
2026-04-06T12:04:30.234697Z,"{'#attributes': {'Qualifiers': 16384}, '#text': 2120}",DC01.darkzero.htb,Microsoft-Windows-ActiveDirectory_DomainService,Directory Service,110,4,,,,,,,,,,,,,,
2026-04-06T12:04:30.234697Z,"{'#attributes': {'Qualifiers': 16384}, '#text': 2405}",DC01.darkzero.htb,Microsoft-Windows-ActiveDirectory_DomainService,Directory Service,111,4,,Recycle Bin Feature,,,,,,,,,,,,
2026-04-06T12:04:30.234697Z,"{'#attributes': {'Qualifiers': 16384}, '#text': 2405}",DC01.darkzero.htb,Microsoft-Windows-ActiveDirectory_DomainService,Directory Service,112,4,,Database 32k Pages Feature,,,,,,,,,,,,
2026-04-06T12:04:30.234697Z,"{'#attributes': {'Qualifiers': 16384}, '#text': 2405}",DC01.darkzero.htb,Microsoft-Windows-ActiveDirectory_DomainService,Directory Service,113,4,,Privileged Access Management Feature,,,,,,,,,,,,
2026-04-06T12:04:40.248397Z,"{'#attributes': {'Qualifiers': 16384}, '#text': 1000}",DC01.darkzero.htb,Microsoft-Windows-ActiveDirectory_DomainService,Directory Service,114,4,,,,,,,,,,,,,,
2026-04-06T12:05:10.351819Z,"{'#attributes': {'Qualifiers': 16384}, '#text': 1394}",DC01.darkzero.htb,Microsoft-Windows-ActiveDirectory_DomainService,Directory Service,115,4,,,,,,,,,,,,,,
2026-04-06T12:19:40.412233Z,"{'#attributes': {'Qualifiers': 0}, '#text': 102}",DC01.darkzero.htb,NTDS ISAM,Directory Service,116,4,,,NTDS,"916,P,98,0",,,NTDSA: ,0,10,00,26100,0000,,
2026-04-06T12:19:40.413122Z,"{'#attributes': {'Qualifiers': 0}, '#text': 105}",DC01.darkzero.htb,NTDS ISAM,Directory Service,117,4,,,NTDS,"916,D,0,0",,,NTDSA: ,0,0.192,"
[1] 0.001893 +J(0) +M(C:0K, Fs:183, WS:708K # 100K, PF:5412K # 2412K, P:5412K)
[2] 0.002903 +J(0) +M(C:64K, Fs:94, WS:364K # 364K, PF:364K # 364K, P:364K)
[3] 0.000413 +J(0) +M(C:0K, Fs:3, WS:12K # 12K, PF:64K # 64K, P:64K)
[4] 0.106808 -0.000330 (1) WT +J(0) +M(C:0K, Fs:149, WS:520K # 520K, PF:7684K # 7684K, P:7684K)
[5] 0.000375 +J(0) +M(C:0K, Fs:3, WS:12K # 12K, PF:8K # 8K, P:8K)
[6] 0.004746 +J(0) +M(C:0K, Fs:22, WS:84K # 84K, PF:16K # 16K, P:16K)
[7] 0.042435 -0.035976 (21) WT +J(0) +M(C:0K, Fs:2580, WS:10300K # 10300K, PF:10260K # 10260K, P:10260K)
[8] -
[9] -
[10] -
[11] -
[12] -
[13] 0.031279 -0.026814 (22) WT +J(CM:0, PgRf:0, Rd:0/0, Dy:0/0, Lg:616/1) +M(C:0K, Fs:14, WS:-10200K # 20K, PF:-10252K # 12K, P:-10252K)
[14] 0.000020 +J(0)
[15] 0.001005 +J(0) +M(C:0K, Fs:820, WS:3280K # 0K, PF:64K # 0K, P:64K)
[16] 0.000613 -0.000297 (1) WT +J(0) +M(C:0K, Fs:2, WS:0K # 0K, PF:0K # 0K, P:0K).","RBSOn = 0
",,,
2026-04-06T12:19:40.416102Z,"{'#attributes': {'Qualifiers': 0}, '#text': 330}",DC01.darkzero.htb,NTDS ISAM,Directory Service,118,4,,,NTDS,"916,D,50,0",,,NTDSA: ,C:\Windows\NTDS\ntds.dit,0x2580 (9600),9600 (0x2580),9620 (0x2594),,,
2026-04-06T12:19:40.416427Z,"{'#attributes': {'Qualifiers': 0}, '#text': 326}",DC01.darkzero.htb,NTDS ISAM,Directory Service,119,4,,,NTDS,"916,D,50,0",,,NTDSA: ,1,C:\Windows\NTDS\ntds.dit,0,"
[1] 0.000006 +J(0) +M(C:0K, Fs:1, WS:4K # 0K, PF:0K # 0K, P:0K)
[2] 0.000743 -0.000366 (1) WT +J(0) +M(C:0K, Fs:28, WS:48K # 0K, PF:32K # 0K, P:32K)
[3] 0.005929 -0.002661 (6) WT +J(CM:0, PgRf:0, Rd:0/0, Dy:0/0, Lg:3480/2) +M(C:0K, Fs:41, WS:132K # 0K, PF:132K # 0K, P:132K)
[4] 0.000848 +J(0) +M(C:0K, Fs:1, WS:4K # 0K, PF:0K # 0K, P:0K)
[5] -
[6] 0.003937 -0.000751 (2) CM -0.000672 (2) WT +J(CM:2, PgRf:2, Rd:0/2, Dy:0/0, Lg:0/0) +M(C:-56K, Fs:66, WS:204K # 0K, PF:152K # 0K, P:152K)
[7] 0.000004 +J(0)
[8] 0.002476 -0.000367 (1) CM -0.000324 (1) WT +J(CM:1, PgRf:1, Rd:4/1, Dy:0/0, Lg:0/0) +M(C:92K, Fs:53, WS:184K # 0K, PF:288K # 0K, P:288K)
[9] -
[10] -
[11] -
[12] 0.000388 +J(CM:0, PgRf:0, Rd:0/0, Dy:0/0, Lg:54/1) +M(C:0K, Fs:4, WS:16K # 0K, PF:24K # 0K, P:24K)
[13] 0.004835 -0.003053 (6) CM -0.002835 (6) WT +J(CM:6, PgRf:23, Rd:0/6, Dy:0/0, Lg:0/0) +M(C:-24K, Fs:43, WS:52K # 0K, PF:8K # 0K, P:8K)
[14] 0.001722 -0.001380 (4) CM -0.001243 (4) WT +J(CM:4, PgRf:40, Rd:0/4, Dy:0/0, Lg:0/0) +M(C:-24K, Fs:24, WS:-8K # 0K, PF:40K # 0K, P:40K)
[15] 0.000396 -0.000333 (1) CM -0.000297 (1) WT +J(CM:1, PgRf:1, Rd:0/1, Dy:0/0, Lg:0/0) +M(C:0K, Fs:7, WS:0K # 0K, PF:0K # 0K, P:0K)
[16] 0.000022 +J(CM:0, PgRf:1, Rd:0/0, Dy:0/0, Lg:0/0) +M(C:0K, Fs:1, WS:4K # 0K, PF:0K # 0K, P:0K)
[17] 0.000080 +J(CM:0, PgRf:48, Rd:0/0, Dy:0/0, Lg:0/0) +M(C:0K, Fs:5, WS:20K # 0K, PF:0K # 0K, P:0K)
[18] 0.0 +J(0)
[19] 0.0 +J(0)
[20] 0.000022 +J(CM:0, PgRf:2, Rd:0/0, Dy:0/0, Lg:0/0) +M(C:0K, Fs:2, WS:8K # 0K, PF:0K # 0K, P:0K).",0 0,"lgposAttach = 00000002:0630:0268,
dbv = 1568.290.600 (9600)",
2026-04-06T12:19:40.416945Z,"{'#attributes': {'Qualifiers': 0}, '#text': 330}",DC01.darkzero.htb,NTDS ISAM,Directory Service,120,4,,,NTDS,"916,D,2,0",,,NTDSA: ,C:\Windows\NTDS\temp.edb,0x2580 (9600),9600 (0x2580),9620 (0x2594),,,
2026-04-06T12:19:40.417511Z,"{'#attributes': {'Qualifiers': 0}, '#text': 700}",DC01.darkzero.htb,NTDS ISAM,Directory Service,121,4,,,NTDS,"916,D,0,0",,,NTDSA: ,C:\Windows\NTDS\ntds.dit,,,,,,
2026-04-06T12:19:40.503577Z,"{'#attributes': {'Qualifiers': 0}, '#text': 701}",DC01.darkzero.htb,NTDS ISAM,Directory Service,122,4,,,NTDS,"916,D,0,0",,,NTDSA: ,C:\Windows\NTDS\ntds.dit,0,4/6/2026,0,1,1,4
2026-04-06T12:19:40.276286Z,"{'#attributes': {'Qualifiers': 16384}, '#text': 1869}",DC01.darkzero.htb,Microsoft-Windows-ActiveDirectory_DomainService,Directory Service,123,4,,,\\DC01.darkzero.htb,Default-First-Site-Name,,,,,,,,,,
2026-04-06T12:19:40.409265Z,"{'#attributes': {'Qualifiers': 16384}, '#text': 3033}",DC01.darkzero.htb,Microsoft-Windows-ActiveDirectory_DomainService,Directory Service,124,4,,,,,,,,,,,,,,
2026-04-06T12:19:40.409265Z,"{'#attributes': {'Qualifiers': 16384}, '#text': 3027}",DC01.darkzero.htb,Microsoft-Windows-ActiveDirectory_DomainService,Directory Service,125,4,,3600,,,,,,,,,,,,
2026-04-06T14:34:42.481670Z,"{'#attributes': {'Qualifiers': 16384}, '#text': 2179}",DC01.darkzero.htb,Microsoft-Windows-ActiveDirectory_DomainService,Directory Service,126,4,,10686758757317138473,,,,,,,,,,,,
2026-04-06T14:34:42.823200Z,"{'#attributes': {'Qualifiers': 16384}, '#text': 1004}",DC01.darkzero.htb,Microsoft-Windows-ActiveDirectory_DomainService,Directory Service,127,4,,,,,,,,,,,,,,
2026-04-27T11:05:29.045503Z,"{'#attributes': {'Qualifiers': 32768}, '#text': 3051}",DC01.darkzero.htb,Microsoft-Windows-ActiveDirectory_DomainService,Directory Service,128,3,,,,,,,,,,,,,,
2026-04-27T11:05:29.045503Z,"{'#attributes': {'Qualifiers': 32768}, '#text': 3054}",DC01.darkzero.htb,Microsoft-Windows-ActiveDirectory_DomainService,Directory Service,129,3,,,,,,,,,,,,,,
2026-04-27T11:05:29.609250Z,"{'#attributes': {'Qualifiers': 16384}, '#text': 2121}",DC01.darkzero.htb,Microsoft-Windows-ActiveDirectory_DomainService,Directory Service,130,4,,,,,,,,,,,,,,
2026-04-27T11:05:29.609250Z,"{'#attributes': {'Qualifiers': 16384}, '#text': 2406}",DC01.darkzero.htb,Microsoft-Windows-ActiveDirectory_DomainService,Directory Service,131,4,,Recycle Bin Feature,,,,,,,,,,,,
2026-04-27T11:05:29.609250Z,"{'#attributes': {'Qualifiers': 16384}, '#text': 2406}",DC01.darkzero.htb,Microsoft-Windows-ActiveDirectory_DomainService,Directory Service,132,4,,Privileged Access Management Feature,,,,,,,,,,,,
2026-04-27T11:05:29.609250Z,"{'#attributes': {'Qualifiers': 16384}, '#text': 2406}",DC01.darkzero.htb,Microsoft-Windows-ActiveDirectory_DomainService,Directory Service,133,4,,Database 32k Pages Feature,,,,,,,,,,,,
2026-04-27T11:05:29.611276Z,"{'#attributes': {'Qualifiers': 16384}, '#text': 2168}",DC01.darkzero.htb,Microsoft-Windows-ActiveDirectory_DomainService,Directory Service,134,4,,6174252213701703133,,,,,,,,,,,,
2026-04-27T11:05:29.611276Z,"{'#attributes': {'Qualifiers': 16384}, '#text': 2172}",DC01.darkzero.htb,Microsoft-Windows-ActiveDirectory_DomainService,Directory Service,135,4,,10686758757317138473,,,,,,,,,,,,
2026-04-27T11:05:29.611276Z,"{'#attributes': {'Qualifiers': 32768}, '#text': 2170}",DC01.darkzero.htb,Microsoft-Windows-ActiveDirectory_DomainService,Directory Service,136,3,,,10686758757317138473,6174252213701703133,,,,,,,,,,
2026-04-27T11:05:29.619129Z,"{'#attributes': {'Qualifiers': 16384}, '#text': 1109}",DC01.darkzero.htb,Microsoft-Windows-ActiveDirectory_DomainService,Directory Service,137,4,,,650e4a4e-de0f-4a96-93ec-d04574ea1151,90338cc2-5900-4633-9ab9-0947a5e7de8a,,,24580,,,,,,,
2026-04-27T11:05:29.637124Z,"{'#attributes': {'Qualifiers': 16384}, '#text': 2208}",DC01.darkzero.htb,Microsoft-Windows-ActiveDirectory_DomainService,Directory Service,138,4,,,,,,,,,,,,,,
2026-04-27T11:05:29.643220Z,"{'#attributes': {'Qualifiers': 16384}, '#text': 2179}",DC01.darkzero.htb,Microsoft-Windows-ActiveDirectory_DomainService,Directory Service,139,4,,6174252213701703133,,,,,,,,,,,,
2026-04-27T11:05:29.657187Z,"{'#attributes': {'Qualifiers': 16384}, '#text': 2120}",DC01.darkzero.htb,Microsoft-Windows-ActiveDirectory_DomainService,Directory Service,140,4,,,,,,,,,,,,,,
2026-04-27T11:05:29.657187Z,"{'#attributes': {'Qualifiers': 16384}, '#text': 2405}",DC01.darkzero.htb,Microsoft-Windows-ActiveDirectory_DomainService,Directory Service,141,4,,Recycle Bin Feature,,,,,,,,,,,,
2026-04-27T11:05:29.657187Z,"{'#attributes': {'Qualifiers': 16384}, '#text': 2405}",DC01.darkzero.htb,Microsoft-Windows-ActiveDirectory_DomainService,Directory Service,142,4,,Database 32k Pages Feature,,,,,,,,,,,,
2026-04-27T11:05:29.657187Z,"{'#attributes': {'Qualifiers': 16384}, '#text': 2405}",DC01.darkzero.htb,Microsoft-Windows-ActiveDirectory_DomainService,Directory Service,143,4,,Privileged Access Management Feature,,,,,,,,,,,,
2026-04-27T11:05:39.671978Z,"{'#attributes': {'Qualifiers': 16384}, '#text': 1000}",DC01.darkzero.htb,Microsoft-Windows-ActiveDirectory_DomainService,Directory Service,144,4,,,,,,,,,,,,,,
2026-04-27T11:06:16.852349Z,"{'#attributes': {'Qualifiers': 16384}, '#text': 1394}",DC01.darkzero.htb,Microsoft-Windows-ActiveDirectory_DomainService,Directory Service,145,4,,,,,,,,,,,,,,
2026-04-27T11:20:40.311316Z,"{'#attributes': {'Qualifiers': 0}, '#text': 102}",DC01.darkzero.htb,NTDS ISAM,Directory Service,146,4,,,NTDS,"892,P,98,0",,,NTDSA: ,0,10,00,26100,0000,,
2026-04-27T11:20:40.312088Z,"{'#attributes': {'Qualifiers': 0}, '#text': 105}",DC01.darkzero.htb,NTDS ISAM,Directory Service,147,4,,,NTDS,"892,D,0,0",,,NTDSA: ,0,0.127,"
[1] 0.001811 +J(0) +M(C:0K, Fs:182, WS:708K # 104K, PF:5412K # 2416K, P:5412K)
[2] 0.002941 +J(0) +M(C:64K, Fs:94, WS:364K # 364K, PF:360K # 360K, P:360K)
[3] 0.000472 +J(0) +M(C:0K, Fs:3, WS:12K # 12K, PF:64K # 64K, P:64K)
[4] 0.012309 -0.000289 (1) WT +J(0) +M(C:0K, Fs:157, WS:552K # 552K, PF:7688K # 7688K, P:7688K)
[5] 0.000334 +J(0)
[6] 0.004384 +J(0) +M(C:0K, Fs:23, WS:88K # 88K, PF:16K # 16K, P:16K)
[7] 0.071075 -0.064578 (21) WT +J(0) +M(C:0K, Fs:2580, WS:10264K # 10264K, PF:10160K # 10260K, P:10160K)
[8] -
[9] -
[10] -
[11] -
[12] -
[13] 0.031793 -0.027475 (22) WT +J(CM:0, PgRf:0, Rd:0/0, Dy:0/0, Lg:616/1) +M(C:0K, Fs:14, WS:-10200K # 20K, PF:-10256K # 0K, P:-10256K)
[14] 0.000019 +J(0)
[15] 0.000986 +J(0) +M(C:0K, Fs:821, WS:3280K # 0K, PF:68K # 0K, P:68K)
[16] 0.000510 -0.000234 (1) WT +J(0) +M(C:0K, Fs:4, WS:4K # 0K, PF:4K # 0K, P:4K).","RBSOn = 0
",,,
2026-04-27T11:20:40.312439Z,"{'#attributes': {'Qualifiers': 0}, '#text': 330}",DC01.darkzero.htb,NTDS ISAM,Directory Service,148,4,,,NTDS,"892,D,50,0",,,NTDSA: ,C:\Windows\NTDS\ntds.dit,0x2580 (9600),9600 (0x2580),9620 (0x2594),,,
2026-04-27T11:20:40.312769Z,"{'#attributes': {'Qualifiers': 0}, '#text': 326}",DC01.darkzero.htb,NTDS ISAM,Directory Service,149,4,,,NTDS,"892,D,50,0",,,NTDSA: ,1,C:\Windows\NTDS\ntds.dit,0,"
[1] 0.000006 +J(0) +M(C:0K, Fs:1, WS:4K # 0K, PF:0K # 0K, P:0K)
[2] 0.000655 -0.000311 (1) WT +J(0) +M(C:0K, Fs:29, WS:48K # 0K, PF:36K # 0K, P:36K)
[3] 0.008015 -0.004698 (6) WT +J(CM:0, PgRf:0, Rd:0/0, Dy:0/0, Lg:3480/2) +M(C:0K, Fs:37, WS:112K # 0K, PF:116K # 0K, P:116K)
[4] 0.000886 +J(0) +M(C:0K, Fs:1, WS:4K # 0K, PF:0K # 0K, P:0K)
[5] -
[6] 0.004259 -0.000994 (2) CM -0.000908 (2) WT +J(CM:2, PgRf:2, Rd:0/2, Dy:0/0, Lg:0/0) +M(C:-56K, Fs:65, WS:204K # 0K, PF:148K # 0K, P:148K)
[7] 0.000004 +J(0)
[8] 0.002378 -0.000387 (1) CM -0.000343 (1) WT +J(CM:1, PgRf:1, Rd:4/1, Dy:0/0, Lg:0/0) +M(C:92K, Fs:69, WS:184K # 0K, PF:288K # 0K, P:288K)
[9] -
[10] -
[11] -
[12] 0.000298 +J(CM:0, PgRf:0, Rd:0/0, Dy:0/0, Lg:54/1) +M(C:0K, Fs:4, WS:16K # 0K, PF:24K # 0K, P:24K)
[13] 0.003634 -0.002047 (3) CM -0.001921 (3) WT +J(CM:3, PgRf:23, Rd:0/3, Dy:0/0, Lg:0/0) +M(C:-44K, Fs:26, WS:32K # 0K, PF:-12K # 0K, P:-12K)
[14] 0.000894 -0.000688 (2) CM -0.000618 (2) WT +J(CM:2, PgRf:40, Rd:0/2, Dy:0/0, Lg:0/0) +M(C:-32K, Fs:10, WS:-16K # 0K, PF:32K # 0K, P:32K)
[15] 0.000433 -0.000376 (1) CM -0.000340 (1) WT +J(CM:1, PgRf:1, Rd:0/1, Dy:0/0, Lg:0/0) +M(C:0K, Fs:7, WS:0K # 0K, PF:0K # 0K, P:0K)
[16] 0.000021 +J(CM:0, PgRf:1, Rd:0/0, Dy:0/0, Lg:0/0) +M(C:0K, Fs:1, WS:4K # 0K, PF:0K # 0K, P:0K)
[17] 0.000432 -0.000295 (1) CM -0.000261 (1) WT +J(CM:1, PgRf:48, Rd:0/1, Dy:0/0, Lg:0/0) +M(C:0K, Fs:12, WS:20K # 0K, PF:0K # 0K, P:0K)
[18] 0.000002 +J(0)
[19] 0.0 +J(0)
[20] 0.000459 -0.000377 (1) CM -0.000341 (1) WT +J(CM:1, PgRf:2, Rd:0/1, Dy:0/0, Lg:0/0) +M(C:0K, Fs:9, WS:8K # 0K, PF:0K # 0K, P:0K).",0 0,"lgposAttach = 00000002:0653:0268,
dbv = 1568.290.600 (9600)",
2026-04-27T11:20:40.313148Z,"{'#attributes': {'Qualifiers': 0}, '#text': 330}",DC01.darkzero.htb,NTDS ISAM,Directory Service,150,4,,,NTDS,"892,D,2,0",,,NTDSA: ,C:\Windows\NTDS\temp.edb,0x2580 (9600),9600 (0x2580),9620 (0x2594),,,
2026-04-27T11:20:40.313614Z,"{'#attributes': {'Qualifiers': 0}, '#text': 700}",DC01.darkzero.htb,NTDS ISAM,Directory Service,151,4,,,NTDS,"892,D,0,0",,,NTDSA: ,C:\Windows\NTDS\ntds.dit,,,,,,
2026-04-27T11:20:40.394688Z,"{'#attributes': {'Qualifiers': 0}, '#text': 701}",DC01.darkzero.htb,NTDS ISAM,Directory Service,152,4,,,NTDS,"892,D,0,0",,,NTDSA: ,C:\Windows\NTDS\ntds.dit,3,4/27/2026,0,1,1,5
2026-04-27T11:20:39.911008Z,"{'#attributes': {'Qualifiers': 16384}, '#text': 1869}",DC01.darkzero.htb,Microsoft-Windows-ActiveDirectory_DomainService,Directory Service,153,4,,,\\DC01.darkzero.htb,Default-First-Site-Name,,,,,,,,,,
2026-04-27T11:20:40.307556Z,"{'#attributes': {'Qualifiers': 16384}, '#text': 3033}",DC01.darkzero.htb,Microsoft-Windows-ActiveDirectory_DomainService,Directory Service,154,4,,,,,,,,,,,,,,
2026-04-27T11:20:40.307556Z,"{'#attributes': {'Qualifiers': 16384}, '#text': 3027}",DC01.darkzero.htb,Microsoft-Windows-ActiveDirectory_DomainService,Directory Service,155,4,,3600,,,,,,,,,,,,
2026-04-27T12:21:10.349710Z,"{'#attributes': {'Qualifiers': 16384}, '#text': 2179}",DC01.darkzero.htb,Microsoft-Windows-ActiveDirectory_DomainService,Directory Service,156,4,,6174252213701703133,,,,,,,,,,,,
2026-04-27T12:21:11.694269Z,"{'#attributes': {'Qualifiers': 16384}, '#text': 1004}",DC01.darkzero.htb,Microsoft-Windows-ActiveDirectory_DomainService,Directory Service,157,4,,,,,,,,,,,,,,
2026-05-18T12:30:21.638048Z,"{'#attributes': {'Qualifiers': 32768}, '#text': 3051}",DC01.darkzero.htb,Microsoft-Windows-ActiveDirectory_DomainService,Directory Service,158,3,,,,,,,,,,,,,,
