2026-05-21T10:38:20.746305Z,"{'#attributes': {'Qualifiers': 16384}, '#text': 2187}",DC01.darkzero.htb,Microsoft-Windows-ActiveDirectory_DomainService,Directory Service,341,4,,DFSR,,,,,,,,,,,,
2026-05-21T10:42:50.381823Z,"{'#attributes': {'Qualifiers': 0}, '#text': 102}",DC01.darkzero.htb,NTDS ISAM,Directory Service,342,4,,,NTDS,"892,P,98,0",,,NTDSA: ,0,10,00,26100,0000,,
2026-05-21T10:42:50.382356Z,"{'#attributes': {'Qualifiers': 0}, '#text': 105}",DC01.darkzero.htb,NTDS ISAM,Directory Service,343,4,,,NTDS,"892,D,0,0",,,NTDSA: ,0,0.212,"
[1] 0.002012 +J(0) +M(C:0K, Fs:180, WS:704K # 96K, PF:5412K # 2416K, P:5412K)
[2] 0.003694 +J(0) +M(C:64K, Fs:97, WS:376K # 376K, PF:372K # 372K, P:372K)
[3] 0.000549 +J(0) +M(C:0K, Fs:3, WS:12K # 12K, PF:64K # 64K, P:64K)
[4] 0.015100 -0.000381 (1) WT +J(0) +M(C:0K, Fs:151, WS:524K # 524K, PF:6844K # 6844K, P:6844K)
[5] 0.000346 +J(0)
[6] 0.006958 +J(0) +M(C:0K, Fs:23, WS:88K # 88K, PF:16K # 16K, P:16K)
[7] 0.120753 -0.113155 (21) WT +J(0) +M(C:0K, Fs:2580, WS:10300K # 10300K, PF:10260K # 10260K, P:10260K)
[8] -
[9] -
[10] -
[11] -
[12] -
[13] 0.060947 -0.056115 (22) WT +J(CM:0, PgRf:0, Rd:0/0, Dy:0/0, Lg:616/1) +M(C:0K, Fs:13, WS:-10200K # 20K, PF:-10256K # 12K, P:-10256K)
[14] 0.000024 +J(0)
[15] 0.000792 +J(0) +M(C:0K, Fs:616, WS:2460K # 0K, PF:68K # 0K, P:68K)
[16] 0.000640 -0.000397 (1) WT +J(0) +M(C:0K, Fs:3, WS:4K # 0K, PF:4K # 0K, P:4K).","RBSOn = 0
",,,
2026-05-21T10:42:50.382672Z,"{'#attributes': {'Qualifiers': 0}, '#text': 330}",DC01.darkzero.htb,NTDS ISAM,Directory Service,344,4,,,NTDS,"892,D,50,0",,,NTDSA: ,C:\Windows\NTDS\ntds.dit,0x2580 (9600),9600 (0x2580),9620 (0x2594),,,
2026-05-21T10:42:50.383116Z,"{'#attributes': {'Qualifiers': 0}, '#text': 326}",DC01.darkzero.htb,NTDS ISAM,Directory Service,345,4,,,NTDS,"892,D,50,0",,,NTDSA: ,1,C:\Windows\NTDS\ntds.dit,0,"
[1] 0.000006 +J(0) +M(C:0K, Fs:1, WS:4K # 0K, PF:0K # 0K, P:0K)
[2] 0.000711 -0.000396 (1) WT +J(0) +M(C:0K, Fs:28, WS:48K # 0K, PF:32K # 0K, P:32K)
[3] 0.007178 -0.003269 (6) WT +J(CM:0, PgRf:0, Rd:0/0, Dy:0/0, Lg:3480/2) +M(C:0K, Fs:40, WS:120K # 0K, PF:128K # 0K, P:128K)
[4] 0.000912 +J(0) +M(C:0K, Fs:1, WS:4K # 0K, PF:0K # 0K, P:0K)
[5] -
[6] 0.006076 -0.002359 (2) CM -0.002246 (2) WT +J(CM:2, PgRf:2, Rd:0/2, Dy:0/0, Lg:0/0) +M(C:-56K, Fs:65, WS:204K # 0K, PF:148K # 0K, P:148K)
[7] 0.000004 +J(0)
[8] 0.007135 -0.004620 (1) CM -0.004567 (1) WT +J(CM:1, PgRf:1, Rd:4/1, Dy:0/0, Lg:0/0) +M(C:156K, Fs:69, WS:248K # 0K, PF:352K # 0K, P:352K)
[9] -
[10] -
[11] -
[12] 0.000305 +J(CM:0, PgRf:0, Rd:0/0, Dy:0/0, Lg:54/1) +M(C:0K, Fs:4, WS:16K # 0K, PF:24K # 0K, P:24K)
[13] 0.007606 -0.005840 (3) CM -0.005719 (3) WT +J(CM:3, PgRf:23, Rd:0/3, Dy:0/0, Lg:0/0) +M(C:-88K, Fs:26, WS:-12K # 0K, PF:-56K # 0K, P:-56K)
[14] 0.002323 -0.001973 (4) CM -0.001833 (4) WT +J(CM:4, PgRf:40, Rd:0/4, Dy:0/0, Lg:0/0) +M(C:-24K, Fs:24, WS:-8K # 0K, PF:40K # 0K, P:40K)
[15] 0.000559 -0.000496 (1) CM -0.000461 (1) WT +J(CM:1, PgRf:1, Rd:0/1, Dy:0/0, Lg:0/0) +M(C:-8K, Fs:5, WS:-8K # 0K, PF:-8K # 0K, P:-8K)
[16] 0.000022 +J(CM:0, PgRf:1, Rd:0/0, Dy:0/0, Lg:0/0) +M(C:0K, Fs:1, WS:4K # 0K, PF:0K # 0K, P:0K)
[17] 0.000081 +J(CM:0, PgRf:48, Rd:0/0, Dy:0/0, Lg:0/0) +M(C:0K, Fs:5, WS:20K # 0K, PF:0K # 0K, P:0K)
[18] 0.0 +J(0)
[19] 0.0 +J(0)
[20] 0.000023 +J(CM:0, PgRf:2, Rd:0/0, Dy:0/0, Lg:0/0) +M(C:0K, Fs:2, WS:8K # 0K, PF:0K # 0K, P:0K).",0 0,"lgposAttach = 00000002:07CC:0268,
dbv = 1568.290.600 (9600)",
2026-05-21T10:42:50.383451Z,"{'#attributes': {'Qualifiers': 0}, '#text': 330}",DC01.darkzero.htb,NTDS ISAM,Directory Service,346,4,,,NTDS,"892,D,2,0",,,NTDSA: ,C:\Windows\NTDS\temp.edb,0x2580 (9600),9600 (0x2580),9620 (0x2594),,,
2026-05-21T10:42:50.383736Z,"{'#attributes': {'Qualifiers': 0}, '#text': 700}",DC01.darkzero.htb,NTDS ISAM,Directory Service,347,4,,,NTDS,"892,D,0,0",,,NTDSA: ,C:\Windows\NTDS\ntds.dit,,,,,,
2026-05-21T10:42:50.495468Z,"{'#attributes': {'Qualifiers': 0}, '#text': 701}",DC01.darkzero.htb,NTDS ISAM,Directory Service,348,4,,,NTDS,"892,D,0,0",,,NTDSA: ,C:\Windows\NTDS\ntds.dit,0,5/21/2026,0,1,1,10
2026-05-21T10:42:50.176318Z,"{'#attributes': {'Qualifiers': 16384}, '#text': 1869}",DC01.darkzero.htb,Microsoft-Windows-ActiveDirectory_DomainService,Directory Service,349,4,,,\\DC01.darkzero.htb,Default-First-Site-Name,,,,,,,,,,
2026-05-21T10:42:50.378250Z,"{'#attributes': {'Qualifiers': 16384}, '#text': 3033}",DC01.darkzero.htb,Microsoft-Windows-ActiveDirectory_DomainService,Directory Service,350,4,,,,,,,,,,,,,,
2026-05-21T10:42:50.378250Z,"{'#attributes': {'Qualifiers': 16384}, '#text': 3027}",DC01.darkzero.htb,Microsoft-Windows-ActiveDirectory_DomainService,Directory Service,351,4,,3600,,,,,,,,,,,,
2026-05-21T10:59:37.340656Z,"{'#attributes': {'Qualifiers': 32768}, '#text': 2170}",DC01.darkzero.htb,Microsoft-Windows-ActiveDirectory_DomainService,Directory Service,352,3,,,9511237476311730668,9740770485964659494,,,,,,,,,,
2026-05-21T10:59:37.341176Z,"{'#attributes': {'Qualifiers': 16384}, '#text': 2181}",DC01.darkzero.htb,Microsoft-Windows-ActiveDirectory_DomainService,Directory Service,353,4,,,,,,,,,,,,,,
2026-05-21T10:59:37.341176Z,"{'#attributes': {'Qualifiers': 16384}, '#text': 2204}",DC01.darkzero.htb,Microsoft-Windows-ActiveDirectory_DomainService,Directory Service,354,4,,,,,,,,,,,,,,
2026-05-21T10:59:37.353273Z,"{'#attributes': {'Qualifiers': 16384}, '#text': 1109}",DC01.darkzero.htb,Microsoft-Windows-ActiveDirectory_DomainService,Directory Service,355,4,,,19528ce5-96e0-477d-9bea-469d293c13b8,842e1f9a-cbc3-4b61-b075-1231e630d814,,,49230,,,,,,,
2026-05-21T10:59:37.353273Z,"{'#attributes': {'Qualifiers': 16384}, '#text': 2181}",DC01.darkzero.htb,Microsoft-Windows-ActiveDirectory_DomainService,Directory Service,356,4,,,,,,,,,,,,,,
2026-05-21T10:59:37.363257Z,"{'#attributes': {'Qualifiers': 16384}, '#text': 2041}",DC01.darkzero.htb,Microsoft-Windows-ActiveDirectory_DomainService,Directory Service,357,4,,,40000885,2,,,,,,,,,,
2026-05-21T10:59:37.364064Z,"{'#attributes': {'Qualifiers': 16384}, '#text': 2179}",DC01.darkzero.htb,Microsoft-Windows-ActiveDirectory_DomainService,Directory Service,358,4,,9740770485964659494,,,,,,,,,,,,
2026-05-21T10:59:37.369462Z,"{'#attributes': {'Qualifiers': 16384}, '#text': 2200}",DC01.darkzero.htb,Microsoft-Windows-ActiveDirectory_DomainService,Directory Service,359,4,,,,,,,,,,,,,,
2026-05-21T10:59:37.369462Z,"{'#attributes': {'Qualifiers': 16384}, '#text': 2201}",DC01.darkzero.htb,Microsoft-Windows-ActiveDirectory_DomainService,Directory Service,360,4,,,,,,,,,,,,,,
2026-05-21T10:59:40.572113Z,"{'#attributes': {'Qualifiers': 16384}, '#text': 2185}",DC01.darkzero.htb,Microsoft-Windows-ActiveDirectory_DomainService,Directory Service,361,4,,DFSR,,,,,,,,,,,,
2026-05-21T10:59:40.574144Z,"{'#attributes': {'Qualifiers': 16384}, '#text': 2208}",DC01.darkzero.htb,Microsoft-Windows-ActiveDirectory_DomainService,Directory Service,362,4,,,,,,,,,,,,,,
2026-05-21T10:59:41.670866Z,"{'#attributes': {'Qualifiers': 16384}, '#text': 2187}",DC01.darkzero.htb,Microsoft-Windows-ActiveDirectory_DomainService,Directory Service,363,4,,DFSR,,,,,,,,,,,,
2026-05-21T11:02:07.057709Z,"{'#attributes': {'Qualifiers': 16384}, '#text': 2179}",DC01.darkzero.htb,Microsoft-Windows-ActiveDirectory_DomainService,Directory Service,364,4,,9740770485964659494,,,,,,,,,,,,
2026-05-21T11:02:07.405103Z,"{'#attributes': {'Qualifiers': 16384}, '#text': 1004}",DC01.darkzero.htb,Microsoft-Windows-ActiveDirectory_DomainService,Directory Service,365,4,,,,,,,,,,,,,,
2026-05-21T11:44:54.920852Z,"{'#attributes': {'Qualifiers': 32768}, '#text': 3051}",DC01.darkzero.htb,Microsoft-Windows-ActiveDirectory_DomainService,Directory Service,366,3,,,,,,,,,,,,,,
2026-05-21T11:44:54.920852Z,"{'#attributes': {'Qualifiers': 32768}, '#text': 3054}",DC01.darkzero.htb,Microsoft-Windows-ActiveDirectory_DomainService,Directory Service,367,3,,,,,,,,,,,,,,
2026-05-21T11:44:55.122894Z,"{'#attributes': {'Qualifiers': 16384}, '#text': 2121}",DC01.darkzero.htb,Microsoft-Windows-ActiveDirectory_DomainService,Directory Service,368,4,,,,,,,,,,,,,,
2026-05-21T11:44:55.122894Z,"{'#attributes': {'Qualifiers': 16384}, '#text': 2406}",DC01.darkzero.htb,Microsoft-Windows-ActiveDirectory_DomainService,Directory Service,369,4,,Recycle Bin Feature,,,,,,,,,,,,
2026-05-21T11:44:55.122894Z,"{'#attributes': {'Qualifiers': 16384}, '#text': 2406}",DC01.darkzero.htb,Microsoft-Windows-ActiveDirectory_DomainService,Directory Service,370,4,,Privileged Access Management Feature,,,,,,,,,,,,
2026-05-21T11:44:55.122894Z,"{'#attributes': {'Qualifiers': 16384}, '#text': 2406}",DC01.darkzero.htb,Microsoft-Windows-ActiveDirectory_DomainService,Directory Service,371,4,,Database 32k Pages Feature,,,,,,,,,,,,
2026-05-21T11:44:55.125070Z,"{'#attributes': {'Qualifiers': 16384}, '#text': 2168}",DC01.darkzero.htb,Microsoft-Windows-ActiveDirectory_DomainService,Directory Service,372,4,,544097029125730751,,,,,,,,,,,,
2026-05-21T11:44:55.125070Z,"{'#attributes': {'Qualifiers': 16384}, '#text': 2172}",DC01.darkzero.htb,Microsoft-Windows-ActiveDirectory_DomainService,Directory Service,373,4,,9740770485964659494,,,,,,,,,,,,
2026-05-21T11:44:55.125070Z,"{'#attributes': {'Qualifiers': 32768}, '#text': 2170}",DC01.darkzero.htb,Microsoft-Windows-ActiveDirectory_DomainService,Directory Service,374,3,,,9740770485964659494,544097029125730751,,,,,,,,,,
2026-05-21T11:44:55.130786Z,"{'#attributes': {'Qualifiers': 16384}, '#text': 1109}",DC01.darkzero.htb,Microsoft-Windows-ActiveDirectory_DomainService,Directory Service,375,4,,,842e1f9a-cbc3-4b61-b075-1231e630d814,0368a1dc-87d9-4570-9820-c8060fb0c51f,,,53259,,,,,,,
2026-05-21T11:44:55.154628Z,"{'#attributes': {'Qualifiers': 16384}, '#text': 2208}",DC01.darkzero.htb,Microsoft-Windows-ActiveDirectory_DomainService,Directory Service,376,4,,,,,,,,,,,,,,
2026-05-21T11:44:55.166556Z,"{'#attributes': {'Qualifiers': 16384}, '#text': 2179}",DC01.darkzero.htb,Microsoft-Windows-ActiveDirectory_DomainService,Directory Service,377,4,,544097029125730751,,,,,,,,,,,,
2026-05-21T11:44:55.182273Z,"{'#attributes': {'Qualifiers': 16384}, '#text': 2120}",DC01.darkzero.htb,Microsoft-Windows-ActiveDirectory_DomainService,Directory Service,378,4,,,,,,,,,,,,,,
2026-05-21T11:44:55.182273Z,"{'#attributes': {'Qualifiers': 16384}, '#text': 2405}",DC01.darkzero.htb,Microsoft-Windows-ActiveDirectory_DomainService,Directory Service,379,4,,Recycle Bin Feature,,,,,,,,,,,,
2026-05-21T11:44:55.184301Z,"{'#attributes': {'Qualifiers': 16384}, '#text': 2405}",DC01.darkzero.htb,Microsoft-Windows-ActiveDirectory_DomainService,Directory Service,380,4,,Database 32k Pages Feature,,,,,,,,,,,,
2026-05-21T11:44:55.184301Z,"{'#attributes': {'Qualifiers': 16384}, '#text': 2405}",DC01.darkzero.htb,Microsoft-Windows-ActiveDirectory_DomainService,Directory Service,381,4,,Privileged Access Management Feature,,,,,,,,,,,,
2026-05-21T11:45:05.192634Z,"{'#attributes': {'Qualifiers': 16384}, '#text': 1000}",DC01.darkzero.htb,Microsoft-Windows-ActiveDirectory_DomainService,Directory Service,382,4,,,,,,,,,,,,,,
2026-05-21T11:45:35.390334Z,"{'#attributes': {'Qualifiers': 16384}, '#text': 1394}",DC01.darkzero.htb,Microsoft-Windows-ActiveDirectory_DomainService,Directory Service,383,4,,,,,,,,,,,,,,
2026-05-21T11:57:35.823839Z,"{'#attributes': {'Qualifiers': 16384}, '#text': 2179}",DC01.darkzero.htb,Microsoft-Windows-ActiveDirectory_DomainService,Directory Service,384,4,,544097029125730751,,,,,,,,,,,,
2026-05-21T11:57:36.166927Z,"{'#attributes': {'Qualifiers': 16384}, '#text': 1004}",DC01.darkzero.htb,Microsoft-Windows-ActiveDirectory_DomainService,Directory Service,385,4,,,,,,,,,,,,,,
2026-05-21T21:04:41.968614Z,"{'#attributes': {'Qualifiers': 32768}, '#text': 3051}",DC01.darkzero.htb,Microsoft-Windows-ActiveDirectory_DomainService,Directory Service,386,3,,,,,,,,,,,,,,
2026-05-21T21:04:41.968614Z,"{'#attributes': {'Qualifiers': 32768}, '#text': 3054}",DC01.darkzero.htb,Microsoft-Windows-ActiveDirectory_DomainService,Directory Service,387,3,,,,,,,,,,,,,,
2026-05-21T21:04:42.191903Z,"{'#attributes': {'Qualifiers': 16384}, '#text': 2121}",DC01.darkzero.htb,Microsoft-Windows-ActiveDirectory_DomainService,Directory Service,388,4,,,,,,,,,,,,,,
2026-05-21T21:04:42.191903Z,"{'#attributes': {'Qualifiers': 16384}, '#text': 2406}",DC01.darkzero.htb,Microsoft-Windows-ActiveDirectory_DomainService,Directory Service,389,4,,Recycle Bin Feature,,,,,,,,,,,,
2026-05-21T21:04:42.191903Z,"{'#attributes': {'Qualifiers': 16384}, '#text': 2406}",DC01.darkzero.htb,Microsoft-Windows-ActiveDirectory_DomainService,Directory Service,390,4,,Privileged Access Management Feature,,,,,,,,,,,,
2026-05-21T21:04:42.191903Z,"{'#attributes': {'Qualifiers': 16384}, '#text': 2406}",DC01.darkzero.htb,Microsoft-Windows-ActiveDirectory_DomainService,Directory Service,391,4,,Database 32k Pages Feature,,,,,,,,,,,,
2026-05-21T21:04:42.191903Z,"{'#attributes': {'Qualifiers': 16384}, '#text': 2168}",DC01.darkzero.htb,Microsoft-Windows-ActiveDirectory_DomainService,Directory Service,392,4,,10262600735339633702,,,,,,,,,,,,
2026-05-21T21:04:42.193929Z,"{'#attributes': {'Qualifiers': 16384}, '#text': 2172}",DC01.darkzero.htb,Microsoft-Windows-ActiveDirectory_DomainService,Directory Service,393,4,,544097029125730751,,,,,,,,,,,,
2026-05-21T21:04:42.193929Z,"{'#attributes': {'Qualifiers': 32768}, '#text': 2170}",DC01.darkzero.htb,Microsoft-Windows-ActiveDirectory_DomainService,Directory Service,394,3,,,544097029125730751,10262600735339633702,,,,,,,,,,
2026-05-21T21:04:42.202040Z,"{'#attributes': {'Qualifiers': 16384}, '#text': 1109}",DC01.darkzero.htb,Microsoft-Windows-ActiveDirectory_DomainService,Directory Service,395,4,,,0368a1dc-87d9-4570-9820-c8060fb0c51f,9996bd22-0efd-4e66-a358-d7a693e76daf,,,57356,,,,,,,
2026-05-21T21:04:42.223827Z,"{'#attributes': {'Qualifiers': 16384}, '#text': 2208}",DC01.darkzero.htb,Microsoft-Windows-ActiveDirectory_DomainService,Directory Service,396,4,,,,,,,,,,,,,,
2026-05-21T21:04:42.237334Z,"{'#attributes': {'Qualifiers': 16384}, '#text': 2179}",DC01.darkzero.htb,Microsoft-Windows-ActiveDirectory_DomainService,Directory Service,397,4,,10262600735339633702,,,,,,,,,,,,
2026-05-21T21:04:42.251665Z,"{'#attributes': {'Qualifiers': 16384}, '#text': 2120}",DC01.darkzero.htb,Microsoft-Windows-ActiveDirectory_DomainService,Directory Service,398,4,,,,,,,,,,,,,,
2026-05-21T21:04:42.251665Z,"{'#attributes': {'Qualifiers': 16384}, '#text': 2405}",DC01.darkzero.htb,Microsoft-Windows-ActiveDirectory_DomainService,Directory Service,399,4,,Recycle Bin Feature,,,,,,,,,,,,
2026-05-21T21:04:42.253133Z,"{'#attributes': {'Qualifiers': 16384}, '#text': 2405}",DC01.darkzero.htb,Microsoft-Windows-ActiveDirectory_DomainService,Directory Service,400,4,,Database 32k Pages Feature,,,,,,,,,,,,
2026-05-21T21:04:42.253133Z,"{'#attributes': {'Qualifiers': 16384}, '#text': 2405}",DC01.darkzero.htb,Microsoft-Windows-ActiveDirectory_DomainService,Directory Service,401,4,,Privileged Access Management Feature,,,,,,,,,,,,
2026-05-21T21:04:52.262084Z,"{'#attributes': {'Qualifiers': 16384}, '#text': 1000}",DC01.darkzero.htb,Microsoft-Windows-ActiveDirectory_DomainService,Directory Service,402,4,,,,,,,,,,,,,,
2026-05-21T21:05:22.538851Z,"{'#attributes': {'Qualifiers': 16384}, '#text': 1394}",DC01.darkzero.htb,Microsoft-Windows-ActiveDirectory_DomainService,Directory Service,403,4,,,,,,,,,,,,,,
2026-05-21T21:19:52.495954Z,"{'#attributes': {'Qualifiers': 0}, '#text': 102}",DC01.darkzero.htb,NTDS ISAM,Directory Service,404,4,,,NTDS,"892,P,98,0",,,NTDSA: ,0,10,00,26100,0000,,
2026-05-21T21:19:52.496576Z,"{'#attributes': {'Qualifiers': 0}, '#text': 105}",DC01.darkzero.htb,NTDS ISAM,Directory Service,405,4,,,NTDS,"892,D,0,0",,,NTDSA: ,0,0.238,"
[1] 0.001980 +J(0) +M(C:0K, Fs:181, WS:708K # 100K, PF:5412K # 2416K, P:5412K)
[2] 0.003246 +J(0) +M(C:64K, Fs:94, WS:364K # 364K, PF:360K # 360K, P:360K)
[3] 0.000513 +J(0) +M(C:0K, Fs:3, WS:12K # 12K, PF:64K # 64K, P:64K)
[4] 0.013627 -0.000348 (1) WT +J(0) +M(C:0K, Fs:151, WS:524K # 524K, PF:6848K # 6848K, P:6848K)
[5] 0.000346 +J(0) +M(C:0K, Fs:2, WS:8K # 8K, PF:8K # 8K, P:8K)
[6] 0.007096 +J(0) +M(C:0K, Fs:23, WS:88K # 88K, PF:16K # 16K, P:16K)
[7] 0.141253 -0.134708 (21) WT +J(0) +M(C:0K, Fs:2580, WS:10300K # 10300K, PF:10260K # 10260K, P:10260K)
[8] -
[9] -
[10] -
[11] -
[12] -
[13] 0.068888 -0.064309 (22) WT +J(CM:0, PgRf:0, Rd:0/0, Dy:0/0, Lg:616/1) +M(C:0K, Fs:13, WS:-10200K # 20K, PF:-10256K # 12K, P:-10256K)
[14] 0.000019 +J(0)
[15] 0.000781 +J(0) +M(C:0K, Fs:616, WS:2460K # 0K, PF:68K # 0K, P:68K)
[16] 0.000590 -0.000368 (1) WT +J(0) +M(C:0K, Fs:2, WS:0K # 0K, PF:0K # 0K, P:0K).","RBSOn = 0
",,,
2026-05-21T21:19:52.496877Z,"{'#attributes': {'Qualifiers': 0}, '#text': 330}",DC01.darkzero.htb,NTDS ISAM,Directory Service,406,4,,,NTDS,"892,D,50,0",,,NTDSA: ,C:\Windows\NTDS\ntds.dit,0x2580 (9600),9600 (0x2580),9620 (0x2594),,,
2026-05-21T21:19:52.497305Z,"{'#attributes': {'Qualifiers': 0}, '#text': 326}",DC01.darkzero.htb,NTDS ISAM,Directory Service,407,4,,,NTDS,"892,D,50,0",,,NTDSA: ,1,C:\Windows\NTDS\ntds.dit,0,"
[1] 0.000006 +J(0) +M(C:0K, Fs:1, WS:4K # 0K, PF:0K # 0K, P:0K)
[2] 0.000708 -0.000411 (1) WT +J(0) +M(C:0K, Fs:28, WS:48K # 0K, PF:32K # 0K, P:32K)
[3] 0.007030 -0.003279 (6) WT +J(CM:0, PgRf:0, Rd:0/0, Dy:0/0, Lg:3480/2) +M(C:0K, Fs:41, WS:128K # 0K, PF:132K # 0K, P:132K)
[4] 0.000977 +J(0) +M(C:0K, Fs:1, WS:4K # 0K, PF:0K # 0K, P:0K)
[5] -
[6] 0.006303 -0.002486 (2) CM -0.002381 (2) WT +J(CM:2, PgRf:2, Rd:0/2, Dy:0/0, Lg:0/0) +M(C:-56K, Fs:65, WS:204K # 0K, PF:148K # 0K, P:148K)
[7] 0.000004 +J(0)
[8] 0.006763 -0.004126 (1) CM -0.004068 (1) WT +J(CM:1, PgRf:1, Rd:4/1, Dy:0/0, Lg:0/0) +M(C:156K, Fs:69, WS:248K # 0K, PF:352K # 0K, P:352K)
[9] -
[10] -
[11] -
[12] 0.000314 +J(CM:0, PgRf:0, Rd:0/0, Dy:0/0, Lg:54/1) +M(C:0K, Fs:5, WS:20K # 0K, PF:28K # 0K, P:28K)
[13] 0.008105 -0.006252 (3) CM -0.006131 (3) WT +J(CM:3, PgRf:23, Rd:0/3, Dy:0/0, Lg:0/0) +M(C:-88K, Fs:26, WS:-12K # 0K, PF:-56K # 0K, P:-56K)
[14] 0.001916 -0.001617 (3) CM -0.001508 (3) WT +J(CM:3, PgRf:40, Rd:0/3, Dy:0/0, Lg:0/0) +M(C:-24K, Fs:17, WS:-8K # 0K, PF:40K # 0K, P:40K)
[15] 0.000587 -0.000527 (1) CM -0.000490 (1) WT +J(CM:1, PgRf:1, Rd:0/1, Dy:0/0, Lg:0/0) +M(C:-8K, Fs:5, WS:-8K # 0K, PF:-8K # 0K, P:-8K)
[16] 0.000022 +J(CM:0, PgRf:1, Rd:0/0, Dy:0/0, Lg:0/0) +M(C:0K, Fs:1, WS:4K # 0K, PF:0K # 0K, P:0K)
[17] 0.000584 -0.000443 (1) CM -0.000406 (1) WT +J(CM:1, PgRf:48, Rd:0/1, Dy:0/0, Lg:0/0) +M(C:0K, Fs:12, WS:20K # 0K, PF:0K # 0K, P:0K)
[18] 0.000002 +J(0)
[19] 0.0 +J(0)
[20] 0.000605 -0.000514 (1) CM -0.000475 (1) WT +J(CM:1, PgRf:2, Rd:0/1, Dy:0/0, Lg:0/0) +M(C:0K, Fs:9, WS:8K # 0K, PF:0K # 0K, P:0K).",0 0,"lgposAttach = 00000002:0801:0268,
dbv = 1568.290.600 (9600)",
2026-05-21T21:19:52.497844Z,"{'#attributes': {'Qualifiers': 0}, '#text': 330}",DC01.darkzero.htb,NTDS ISAM,Directory Service,408,4,,,NTDS,"892,D,2,0",,,NTDSA: ,C:\Windows\NTDS\temp.edb,0x2580 (9600),9600 (0x2580),9620 (0x2594),,,
2026-05-21T21:19:52.498211Z,"{'#attributes': {'Qualifiers': 0}, '#text': 700}",DC01.darkzero.htb,NTDS ISAM,Directory Service,409,4,,,NTDS,"892,D,0,0",,,NTDSA: ,C:\Windows\NTDS\ntds.dit,,,,,,
2026-05-21T21:19:52.618347Z,"{'#attributes': {'Qualifiers': 0}, '#text': 701}",DC01.darkzero.htb,NTDS ISAM,Directory Service,410,4,,,NTDS,"892,D,0,0",,,NTDSA: ,C:\Windows\NTDS\ntds.dit,0,5/21/2026,0,1,1,11
2026-05-21T21:19:52.308293Z,"{'#attributes': {'Qualifiers': 16384}, '#text': 1869}",DC01.darkzero.htb,Microsoft-Windows-ActiveDirectory_DomainService,Directory Service,411,4,,,\\DC01.darkzero.htb,Default-First-Site-Name,,,,,,,,,,
2026-05-21T21:19:52.491728Z,"{'#attributes': {'Qualifiers': 16384}, '#text': 3033}",DC01.darkzero.htb,Microsoft-Windows-ActiveDirectory_DomainService,Directory Service,412,4,,,,,,,,,,,,,,
2026-05-21T21:19:52.491728Z,"{'#attributes': {'Qualifiers': 16384}, '#text': 3027}",DC01.darkzero.htb,Microsoft-Windows-ActiveDirectory_DomainService,Directory Service,413,4,,3600,,,,,,,,,,,,
2026-05-21T22:56:50.379912Z,"{'#attributes': {'Qualifiers': 16384}, '#text': 2179}",DC01.darkzero.htb,Microsoft-Windows-ActiveDirectory_DomainService,Directory Service,414,4,,10262600735339633702,,,,,,,,,,,,
2026-05-21T22:56:50.535133Z,"{'#attributes': {'Qualifiers': 16384}, '#text': 1004}",DC01.darkzero.htb,Microsoft-Windows-ActiveDirectory_DomainService,Directory Service,415,4,,,,,,,,,,,,,,
2026-05-21T22:56:55.895147Z,"{'#attributes': {'Qualifiers': 32768}, '#text': 3051}",DC01.darkzero.htb,Microsoft-Windows-ActiveDirectory_DomainService,Directory Service,416,3,,,,,,,,,,,,,,
2026-05-21T22:56:55.895147Z,"{'#attributes': {'Qualifiers': 32768}, '#text': 3054}",DC01.darkzero.htb,Microsoft-Windows-ActiveDirectory_DomainService,Directory Service,417,3,,,,,,,,,,,,,,
2026-05-21T22:56:56.069578Z,"{'#attributes': {'Qualifiers': 16384}, '#text': 2121}",DC01.darkzero.htb,Microsoft-Windows-ActiveDirectory_DomainService,Directory Service,418,4,,,,,,,,,,,,,,
2026-05-21T22:56:56.069578Z,"{'#attributes': {'Qualifiers': 16384}, '#text': 2406}",DC01.darkzero.htb,Microsoft-Windows-ActiveDirectory_DomainService,Directory Service,419,4,,Recycle Bin Feature,,,,,,,,,,,,
2026-05-21T22:56:56.069578Z,"{'#attributes': {'Qualifiers': 16384}, '#text': 2406}",DC01.darkzero.htb,Microsoft-Windows-ActiveDirectory_DomainService,Directory Service,420,4,,Privileged Access Management Feature,,,,,,,,,,,,
2026-05-21T22:56:56.069578Z,"{'#attributes': {'Qualifiers': 16384}, '#text': 2406}",DC01.darkzero.htb,Microsoft-Windows-ActiveDirectory_DomainService,Directory Service,421,4,,Database 32k Pages Feature,,,,,,,,,,,,
2026-05-21T22:56:56.069578Z,"{'#attributes': {'Qualifiers': 16384}, '#text': 2168}",DC01.darkzero.htb,Microsoft-Windows-ActiveDirectory_DomainService,Directory Service,422,4,,10262600735339633702,,,,,,,,,,,,
2026-05-21T22:56:56.069578Z,"{'#attributes': {'Qualifiers': 16384}, '#text': 2172}",DC01.darkzero.htb,Microsoft-Windows-ActiveDirectory_DomainService,Directory Service,423,4,,10262600735339633702,,,,,,,,,,,,
2026-05-21T22:56:56.077668Z,"{'#attributes': {'Qualifiers': 16384}, '#text': 2405}",DC01.darkzero.htb,Microsoft-Windows-ActiveDirectory_DomainService,Directory Service,424,4,,Privileged Access Management Feature,,,,,,,,,,,,
2026-05-21T22:56:56.079709Z,"{'#attributes': {'Qualifiers': 16384}, '#text': 2120}",DC01.darkzero.htb,Microsoft-Windows-ActiveDirectory_DomainService,Directory Service,425,4,,,,,,,,,,,,,,
2026-05-21T22:56:56.079709Z,"{'#attributes': {'Qualifiers': 16384}, '#text': 2405}",DC01.darkzero.htb,Microsoft-Windows-ActiveDirectory_DomainService,Directory Service,426,4,,Recycle Bin Feature,,,,,,,,,,,,
2026-05-21T22:56:56.079709Z,"{'#attributes': {'Qualifiers': 16384}, '#text': 2405}",DC01.darkzero.htb,Microsoft-Windows-ActiveDirectory_DomainService,Directory Service,427,4,,Database 32k Pages Feature,,,,,,,,,,,,
2026-05-21T22:57:06.090219Z,"{'#attributes': {'Qualifiers': 16384}, '#text': 1000}",DC01.darkzero.htb,Microsoft-Windows-ActiveDirectory_DomainService,Directory Service,428,4,,,,,,,,,,,,,,
2026-05-21T22:57:36.104102Z,"{'#attributes': {'Qualifiers': 16384}, '#text': 1394}",DC01.darkzero.htb,Microsoft-Windows-ActiveDirectory_DomainService,Directory Service,429,4,,,,,,,,,,,,,,
2026-05-21T22:57:51.998344Z,"{'#attributes': {'Qualifiers': 16384}, '#text': 2179}",DC01.darkzero.htb,Microsoft-Windows-ActiveDirectory_DomainService,Directory Service,430,4,,10262600735339633702,,,,,,,,,,,,
2026-05-21T22:57:52.948757Z,"{'#attributes': {'Qualifiers': 16384}, '#text': 1004}",DC01.darkzero.htb,Microsoft-Windows-ActiveDirectory_DomainService,Directory Service,431,4,,,,,,,,,,,,,,
2026-05-21T22:58:18.471655Z,"{'#attributes': {'Qualifiers': 32768}, '#text': 3051}",DC01.darkzero.htb,Microsoft-Windows-ActiveDirectory_DomainService,Directory Service,432,3,,,,,,,,,,,,,,
2026-05-21T22:58:18.471655Z,"{'#attributes': {'Qualifiers': 32768}, '#text': 3054}",DC01.darkzero.htb,Microsoft-Windows-ActiveDirectory_DomainService,Directory Service,433,3,,,,,,,,,,,,,,
2026-05-21T22:58:18.656908Z,"{'#attributes': {'Qualifiers': 16384}, '#text': 2121}",DC01.darkzero.htb,Microsoft-Windows-ActiveDirectory_DomainService,Directory Service,434,4,,,,,,,,,,,,,,
2026-05-21T22:58:18.656908Z,"{'#attributes': {'Qualifiers': 16384}, '#text': 2406}",DC01.darkzero.htb,Microsoft-Windows-ActiveDirectory_DomainService,Directory Service,435,4,,Recycle Bin Feature,,,,,,,,,,,,
2026-05-21T22:58:18.656908Z,"{'#attributes': {'Qualifiers': 16384}, '#text': 2406}",DC01.darkzero.htb,Microsoft-Windows-ActiveDirectory_DomainService,Directory Service,436,4,,Privileged Access Management Feature,,,,,,,,,,,,
2026-05-21T22:58:18.656908Z,"{'#attributes': {'Qualifiers': 16384}, '#text': 2406}",DC01.darkzero.htb,Microsoft-Windows-ActiveDirectory_DomainService,Directory Service,437,4,,Database 32k Pages Feature,,,,,,,,,,,,
2026-05-21T22:58:18.658931Z,"{'#attributes': {'Qualifiers': 16384}, '#text': 2168}",DC01.darkzero.htb,Microsoft-Windows-ActiveDirectory_DomainService,Directory Service,438,4,,10262600735339633702,,,,,,,,,,,,
2026-05-21T22:58:18.658931Z,"{'#attributes': {'Qualifiers': 16384}, '#text': 2172}",DC01.darkzero.htb,Microsoft-Windows-ActiveDirectory_DomainService,Directory Service,439,4,,10262600735339633702,,,,,,,,,,,,
2026-05-21T22:58:18.672638Z,"{'#attributes': {'Qualifiers': 16384}, '#text': 2405}",DC01.darkzero.htb,Microsoft-Windows-ActiveDirectory_DomainService,Directory Service,440,4,,Privileged Access Management Feature,,,,,,,,,,,,
2026-05-21T22:58:18.672638Z,"{'#attributes': {'Qualifiers': 16384}, '#text': 2120}",DC01.darkzero.htb,Microsoft-Windows-ActiveDirectory_DomainService,Directory Service,441,4,,,,,,,,,,,,,,
2026-05-21T22:58:18.672638Z,"{'#attributes': {'Qualifiers': 16384}, '#text': 2405}",DC01.darkzero.htb,Microsoft-Windows-ActiveDirectory_DomainService,Directory Service,442,4,,Recycle Bin Feature,,,,,,,,,,,,
2026-05-21T22:58:18.674663Z,"{'#attributes': {'Qualifiers': 16384}, '#text': 2405}",DC01.darkzero.htb,Microsoft-Windows-ActiveDirectory_DomainService,Directory Service,443,4,,Database 32k Pages Feature,,,,,,,,,,,,
2026-05-21T22:58:28.693530Z,"{'#attributes': {'Qualifiers': 16384}, '#text': 1000}",DC01.darkzero.htb,Microsoft-Windows-ActiveDirectory_DomainService,Directory Service,444,4,,,,,,,,,,,,,,
2026-05-21T22:58:58.701598Z,"{'#attributes': {'Qualifiers': 16384}, '#text': 1394}",DC01.darkzero.htb,Microsoft-Windows-ActiveDirectory_DomainService,Directory Service,445,4,,,,,,,,,,,,,,
2026-05-21T23:13:28.995908Z,"{'#attributes': {'Qualifiers': 0}, '#text': 102}",DC01.darkzero.htb,NTDS ISAM,Directory Service,446,4,,,NTDS,"888,P,98,0",,,NTDSA: ,0,10,00,26100,0000,,
2026-05-21T23:13:28.996390Z,"{'#attributes': {'Qualifiers': 0}, '#text': 105}",DC01.darkzero.htb,NTDS ISAM,Directory Service,447,4,,,NTDS,"888,D,0,0",,,NTDSA: ,0,0.264,"
[1] 0.001837 +J(0) +M(C:0K, Fs:183, WS:708K # 96K, PF:5412K # 2412K, P:5412K)
[2] 0.003458 +J(0) +M(C:64K, Fs:96, WS:368K # 368K, PF:368K # 368K, P:368K)
[3] 0.000463 +J(0) +M(C:0K, Fs:4, WS:12K # 12K, PF:68K # 68K, P:68K)
[4] 0.013363 -0.000338 (1) WT +J(0) +M(C:0K, Fs:158, WS:556K # 556K, PF:6864K # 6864K, P:6864K)
[5] 0.000349 +J(0) +M(C:0K, Fs:1, WS:4K # 4K, PF:4K # 4K, P:4K)
[6] 0.005233 +J(0) +M(C:0K, Fs:21, WS:84K # 84K, PF:16K # 16K, P:16K)
[7] 0.161105 -0.154658 (21) WT +J(0) +M(C:0K, Fs:2578, WS:10288K # 10288K, PF:10260K # 10260K, P:10260K)
[8] -
[9] -
[10] -
[11] -
[12] -
[13] 0.077056 -0.072491 (22) WT +J(CM:0, PgRf:0, Rd:0/0, Dy:0/0, Lg:616/1) +M(C:0K, Fs:14, WS:-10200K # 24K, PF:-10256K # 12K, P:-10256K)
[14] 0.000025 +J(0) +M(C:0K, Fs:1, WS:4K # 0K, PF:0K # 0K, P:0K)
[15] 0.000739 +J(0) +M(C:0K, Fs:615, WS:2460K # 0K, PF:64K # 0K, P:64K)
[16] 0.000611 -0.000313 (1) WT +J(0) +M(C:0K, Fs:2, WS:0K # 0K, PF:0K # 0K, P:0K).","RBSOn = 0
",,,
2026-05-21T23:13:28.997189Z,"{'#attributes': {'Qualifiers': 0}, '#text': 330}",DC01.darkzero.htb,NTDS ISAM,Directory Service,448,4,,,NTDS,"888,D,50,0",,,NTDSA: ,C:\Windows\NTDS\ntds.dit,0x2580 (9600),9600 (0x2580),9620 (0x2594),,,
2026-05-21T23:13:28.997547Z,"{'#attributes': {'Qualifiers': 0}, '#text': 326}",DC01.darkzero.htb,NTDS ISAM,Directory Service,449,4,,,NTDS,"888,D,50,0",,,NTDSA: ,1,C:\Windows\NTDS\ntds.dit,0,"
[1] 0.000005 +J(0) +M(C:0K, Fs:1, WS:4K # 0K, PF:0K # 0K, P:0K)
[2] 0.000669 -0.000374 (1) WT +J(0) +M(C:0K, Fs:26, WS:40K # 0K, PF:32K # 0K, P:32K)
[3] 0.006783 -0.002553 (6) WT +J(CM:0, PgRf:0, Rd:0/0, Dy:0/0, Lg:3480/2) +M(C:0K, Fs:37, WS:116K # 0K, PF:116K # 0K, P:116K)
[4] 0.000889 +J(0) +M(C:0K, Fs:1, WS:4K # 0K, PF:0K # 0K, P:0K)
[5] -
[6] 0.006037 -0.002719 (2) CM -0.002635 (2) WT +J(CM:2, PgRf:2, Rd:0/2, Dy:0/0, Lg:0/0) +M(C:-56K, Fs:66, WS:208K # 0K, PF:148K # 0K, P:148K)
[7] 0.000004 +J(0)
[8] 0.005792 -0.003191 (1) CM -0.003133 (1) WT +J(CM:1, PgRf:1, Rd:4/1, Dy:0/0, Lg:0/0) +M(C:156K, Fs:70, WS:204K # 0K, PF:240K # 0K, P:240K)
[9] -
[10] -
[11] -
[12] 0.000333 +J(CM:0, PgRf:0, Rd:0/0, Dy:0/0, Lg:54/1) +M(C:0K, Fs:5, WS:20K # 0K, PF:28K # 0K, P:28K)
[13] 0.010605 -0.008897 (6) CM -0.008654 (6) WT +J(CM:6, PgRf:23, Rd:0/6, Dy:0/0, Lg:0/0) +M(C:-88K, Fs:44, WS:-8K # 0K, PF:-56K # 0K, P:-56K)
[14] 0.002406 -0.002092 (4) CM -0.001954 (4) WT +J(CM:4, PgRf:40, Rd:0/4, Dy:0/0, Lg:0/0) +M(C:-24K, Fs:23, WS:-12K # 0K, PF:40K # 0K, P:40K)
[15] 0.000630 -0.000576 (1) CM -0.000539 (1) WT +J(CM:1, PgRf:1, Rd:0/1, Dy:0/0, Lg:0/0) +M(C:-8K, Fs:5, WS:-8K # 0K, PF:-8K # 0K, P:-8K)
[16] 0.000022 +J(CM:0, PgRf:1, Rd:0/0, Dy:0/0, Lg:0/0) +M(C:0K, Fs:1, WS:4K # 0K, PF:0K # 0K, P:0K)
[17] 0.000083 +J(CM:0, PgRf:48, Rd:0/0, Dy:0/0, Lg:0/0) +M(C:0K, Fs:6, WS:24K # 0K, PF:0K # 0K, P:0K)
[18] 0.000001 +J(0)
[19] 0.0 +J(0)
[20] 0.000023 +J(CM:0, PgRf:2, Rd:0/0, Dy:0/0, Lg:0/0) +M(C:0K, Fs:3, WS:12K # 0K, PF:0K # 0K, P:0K).",0 0,"lgposAttach = 00000002:0838:0268,
dbv = 1568.290.600 (9600)",
2026-05-21T23:13:28.997967Z,"{'#attributes': {'Qualifiers': 0}, '#text': 330}",DC01.darkzero.htb,NTDS ISAM,Directory Service,450,4,,,NTDS,"888,D,2,0",,,NTDSA: ,C:\Windows\NTDS\temp.edb,0x2580 (9600),9600 (0x2580),9620 (0x2594),,,
2026-05-21T23:13:28.998309Z,"{'#attributes': {'Qualifiers': 0}, '#text': 700}",DC01.darkzero.htb,NTDS ISAM,Directory Service,451,4,,,NTDS,"888,D,0,0",,,NTDSA: ,C:\Windows\NTDS\ntds.dit,,,,,,
2026-05-21T23:13:29.160135Z,"{'#attributes': {'Qualifiers': 0}, '#text': 701}",DC01.darkzero.htb,NTDS ISAM,Directory Service,452,4,,,NTDS,"888,D,0,0",,,NTDSA: ,C:\Windows\NTDS\ntds.dit,0,5/21/2026,0,1,1,12
2026-05-21T23:13:28.993099Z,"{'#attributes': {'Qualifiers': 16384}, '#text': 3033}",DC01.darkzero.htb,Microsoft-Windows-ActiveDirectory_DomainService,Directory Service,453,4,,,,,,,,,,,,,,
2026-05-21T23:13:28.993099Z,"{'#attributes': {'Qualifiers': 16384}, '#text': 3027}",DC01.darkzero.htb,Microsoft-Windows-ActiveDirectory_DomainService,Directory Service,454,4,,3600,,,,,,,,,,,,
2026-05-21T23:13:29.003422Z,"{'#attributes': {'Qualifiers': 16384}, '#text': 1869}",DC01.darkzero.htb,Microsoft-Windows-ActiveDirectory_DomainService,Directory Service,455,4,,,\\DC01.darkzero.htb,Default-First-Site-Name,,,,,,,,,,
2026-05-21T23:50:56.061444Z,"{'#attributes': {'Qualifiers': 16384}, '#text': 2179}",DC01.darkzero.htb,Microsoft-Windows-ActiveDirectory_DomainService,Directory Service,456,4,,10262600735339633702,,,,,,,,,,,,
2026-05-21T23:50:57.025320Z,"{'#attributes': {'Qualifiers': 16384}, '#text': 1004}",DC01.darkzero.htb,Microsoft-Windows-ActiveDirectory_DomainService,Directory Service,457,4,,,,,,,,,,,,,,
2026-05-22T01:17:41.644295Z,"{'#attributes': {'Qualifiers': 32768}, '#text': 3051}",DC01.darkzero.htb,Microsoft-Windows-ActiveDirectory_DomainService,Directory Service,458,3,,,,,,,,,,,,,,
2026-05-22T01:17:41.644295Z,"{'#attributes': {'Qualifiers': 32768}, '#text': 3054}",DC01.darkzero.htb,Microsoft-Windows-ActiveDirectory_DomainService,Directory Service,459,3,,,,,,,,,,,,,,
2026-05-22T01:17:42.594560Z,"{'#attributes': {'Qualifiers': 16384}, '#text': 2121}",DC01.darkzero.htb,Microsoft-Windows-ActiveDirectory_DomainService,Directory Service,460,4,,,,,,,,,,,,,,
2026-05-22T01:17:42.594560Z,"{'#attributes': {'Qualifiers': 16384}, '#text': 2406}",DC01.darkzero.htb,Microsoft-Windows-ActiveDirectory_DomainService,Directory Service,461,4,,Recycle Bin Feature,,,,,,,,,,,,
2026-05-22T01:17:42.594560Z,"{'#attributes': {'Qualifiers': 16384}, '#text': 2406}",DC01.darkzero.htb,Microsoft-Windows-ActiveDirectory_DomainService,Directory Service,462,4,,Privileged Access Management Feature,,,,,,,,,,,,
2026-05-22T01:17:42.594560Z,"{'#attributes': {'Qualifiers': 16384}, '#text': 2406}",DC01.darkzero.htb,Microsoft-Windows-ActiveDirectory_DomainService,Directory Service,463,4,,Database 32k Pages Feature,,,,,,,,,,,,
2026-05-22T01:17:42.601549Z,"{'#attributes': {'Qualifiers': 16384}, '#text': 2168}",DC01.darkzero.htb,Microsoft-Windows-ActiveDirectory_DomainService,Directory Service,464,4,,2833322490155575112,,,,,,,,,,,,
2026-05-22T01:17:42.601549Z,"{'#attributes': {'Qualifiers': 16384}, '#text': 2172}",DC01.darkzero.htb,Microsoft-Windows-ActiveDirectory_DomainService,Directory Service,465,4,,10262600735339633702,,,,,,,,,,,,
2026-05-22T01:17:42.601549Z,"{'#attributes': {'Qualifiers': 32768}, '#text': 2170}",DC01.darkzero.htb,Microsoft-Windows-ActiveDirectory_DomainService,Directory Service,466,3,,,10262600735339633702,2833322490155575112,,,,,,,,,,
2026-05-22T01:17:42.642671Z,"{'#attributes': {'Qualifiers': 16384}, '#text': 1109}",DC01.darkzero.htb,Microsoft-Windows-ActiveDirectory_DomainService,Directory Service,467,4,,,9996bd22-0efd-4e66-a358-d7a693e76daf,b3f0a9b5-de1a-4580-99f9-3af1c38840ef,,,69647,,,,,,,
2026-05-22T01:17:42.740137Z,"{'#attributes': {'Qualifiers': 16384}, '#text': 2208}",DC01.darkzero.htb,Microsoft-Windows-ActiveDirectory_DomainService,Directory Service,468,4,,,,,,,,,,,,,,
2026-05-22T01:17:42.740137Z,"{'#attributes': {'Qualifiers': 16384}, '#text': 2179}",DC01.darkzero.htb,Microsoft-Windows-ActiveDirectory_DomainService,Directory Service,469,4,,2833322490155575112,,,,,,,,,,,,
2026-05-22T01:17:42.788182Z,"{'#attributes': {'Qualifiers': 16384}, '#text': 2405}",DC01.darkzero.htb,Microsoft-Windows-ActiveDirectory_DomainService,Directory Service,470,4,,Privileged Access Management Feature,,,,,,,,,,,,
2026-05-22T01:17:42.788182Z,"{'#attributes': {'Qualifiers': 16384}, '#text': 2120}",DC01.darkzero.htb,Microsoft-Windows-ActiveDirectory_DomainService,Directory Service,471,4,,,,,,,,,,,,,,
2026-05-22T01:17:42.788182Z,"{'#attributes': {'Qualifiers': 16384}, '#text': 2405}",DC01.darkzero.htb,Microsoft-Windows-ActiveDirectory_DomainService,Directory Service,472,4,,Recycle Bin Feature,,,,,,,,,,,,
2026-05-22T01:17:42.788182Z,"{'#attributes': {'Qualifiers': 16384}, '#text': 2405}",DC01.darkzero.htb,Microsoft-Windows-ActiveDirectory_DomainService,Directory Service,473,4,,Database 32k Pages Feature,,,,,,,,,,,,
2026-05-22T01:17:52.796736Z,"{'#attributes': {'Qualifiers': 16384}, '#text': 1000}",DC01.darkzero.htb,Microsoft-Windows-ActiveDirectory_DomainService,Directory Service,474,4,,,,,,,,,,,,,,
2026-05-22T01:18:22.805167Z,"{'#attributes': {'Qualifiers': 16384}, '#text': 1394}",DC01.darkzero.htb,Microsoft-Windows-ActiveDirectory_DomainService,Directory Service,475,4,,,,,,,,,,,,,,
2026-05-22T01:22:03.238709Z,"{'#attributes': {'Qualifiers': 16384}, '#text': 2179}",DC01.darkzero.htb,Microsoft-Windows-ActiveDirectory_DomainService,Directory Service,476,4,,2833322490155575112,,,,,,,,,,,,
2026-05-22T01:22:03.588930Z,"{'#attributes': {'Qualifiers': 16384}, '#text': 1004}",DC01.darkzero.htb,Microsoft-Windows-ActiveDirectory_DomainService,Directory Service,477,4,,,,,,,,,,,,,,
2026-05-22T15:20:22.992217Z,"{'#attributes': {'Qualifiers': 32768}, '#text': 3051}",DC01.darkzero.htb,Microsoft-Windows-ActiveDirectory_DomainService,Directory Service,478,3,,,,,,,,,,,,,,
2026-05-22T15:20:22.992217Z,"{'#attributes': {'Qualifiers': 32768}, '#text': 3054}",DC01.darkzero.htb,Microsoft-Windows-ActiveDirectory_DomainService,Directory Service,479,3,,,,,,,,,,,,,,
2026-05-22T15:20:23.694135Z,"{'#attributes': {'Qualifiers': 16384}, '#text': 2121}",DC01.darkzero.htb,Microsoft-Windows-ActiveDirectory_DomainService,Directory Service,480,4,,,,,,,,,,,,,,
2026-05-22T15:20:23.694135Z,"{'#attributes': {'Qualifiers': 16384}, '#text': 2406}",DC01.darkzero.htb,Microsoft-Windows-ActiveDirectory_DomainService,Directory Service,481,4,,Recycle Bin Feature,,,,,,,,,,,,
2026-05-22T15:20:23.694135Z,"{'#attributes': {'Qualifiers': 16384}, '#text': 2406}",DC01.darkzero.htb,Microsoft-Windows-ActiveDirectory_DomainService,Directory Service,482,4,,Privileged Access Management Feature,,,,,,,,,,,,
2026-05-22T15:20:23.694135Z,"{'#attributes': {'Qualifiers': 16384}, '#text': 2406}",DC01.darkzero.htb,Microsoft-Windows-ActiveDirectory_DomainService,Directory Service,483,4,,Database 32k Pages Feature,,,,,,,,,,,,
2026-05-22T15:20:23.696165Z,"{'#attributes': {'Qualifiers': 16384}, '#text': 2168}",DC01.darkzero.htb,Microsoft-Windows-ActiveDirectory_DomainService,Directory Service,484,4,,12738803861114956915,,,,,,,,,,,,
2026-05-22T15:20:23.696165Z,"{'#attributes': {'Qualifiers': 16384}, '#text': 2172}",DC01.darkzero.htb,Microsoft-Windows-ActiveDirectory_DomainService,Directory Service,485,4,,2833322490155575112,,,,,,,,,,,,
2026-05-22T15:20:23.696165Z,"{'#attributes': {'Qualifiers': 32768}, '#text': 2170}",DC01.darkzero.htb,Microsoft-Windows-ActiveDirectory_DomainService,Directory Service,486,3,,,2833322490155575112,12738803861114956915,,,,,,,,,,
2026-05-22T15:20:23.704335Z,"{'#attributes': {'Qualifiers': 16384}, '#text': 1109}",DC01.darkzero.htb,Microsoft-Windows-ActiveDirectory_DomainService,Directory Service,487,4,,,b3f0a9b5-de1a-4580-99f9-3af1c38840ef,bf31ad21-e7b9-4bd1-b85d-8886276fea78,,,73744,,,,,,,
2026-05-22T15:20:23.757476Z,"{'#attributes': {'Qualifiers': 16384}, '#text': 2208}",DC01.darkzero.htb,Microsoft-Windows-ActiveDirectory_DomainService,Directory Service,488,4,,,,,,,,,,,,,,
2026-05-22T15:20:23.793226Z,"{'#attributes': {'Qualifiers': 16384}, '#text': 2179}",DC01.darkzero.htb,Microsoft-Windows-ActiveDirectory_DomainService,Directory Service,489,4,,12738803861114956915,,,,,,,,,,,,
2026-05-22T15:20:23.851267Z,"{'#attributes': {'Qualifiers': 16384}, '#text': 2405}",DC01.darkzero.htb,Microsoft-Windows-ActiveDirectory_DomainService,Directory Service,490,4,,Privileged Access Management Feature,,,,,,,,,,,,
2026-05-22T15:20:23.853297Z,"{'#attributes': {'Qualifiers': 16384}, '#text': 2120}",DC01.darkzero.htb,Microsoft-Windows-ActiveDirectory_DomainService,Directory Service,491,4,,,,,,,,,,,,,,
2026-05-22T15:20:23.853297Z,"{'#attributes': {'Qualifiers': 16384}, '#text': 2405}",DC01.darkzero.htb,Microsoft-Windows-ActiveDirectory_DomainService,Directory Service,492,4,,Recycle Bin Feature,,,,,,,,,,,,
2026-05-22T15:20:23.853297Z,"{'#attributes': {'Qualifiers': 16384}, '#text': 2405}",DC01.darkzero.htb,Microsoft-Windows-ActiveDirectory_DomainService,Directory Service,493,4,,Database 32k Pages Feature,,,,,,,,,,,,
2026-05-22T15:20:34.497299Z,"{'#attributes': {'Qualifiers': 16384}, '#text': 1000}",DC01.darkzero.htb,Microsoft-Windows-ActiveDirectory_DomainService,Directory Service,494,4,,,,,,,,,,,,,,
2026-05-22T15:21:04.525926Z,"{'#attributes': {'Qualifiers': 16384}, '#text': 1394}",DC01.darkzero.htb,Microsoft-Windows-ActiveDirectory_DomainService,Directory Service,495,4,,,,,,,,,,,,,,
2026-05-22T15:35:34.783078Z,"{'#attributes': {'Qualifiers': 0}, '#text': 102}",DC01.darkzero.htb,NTDS ISAM,Directory Service,496,4,,,NTDS,"896,P,98,0",,,NTDSA: ,0,10,00,26100,0000,,
2026-05-22T15:35:34.783770Z,"{'#attributes': {'Qualifiers': 0}, '#text': 105}",DC01.darkzero.htb,NTDS ISAM,Directory Service,497,4,,,NTDS,"896,D,0,0",,,NTDSA: ,0,0.913,"
[1] 0.001784 +J(0) +M(C:0K, Fs:184, WS:712K # 100K, PF:5416K # 2412K, P:5416K)
[2] 0.003709 +J(0) +M(C:64K, Fs:94, WS:368K # 368K, PF:360K # 360K, P:360K)
[3] 0.000577 +J(0) +M(C:0K, Fs:4, WS:12K # 12K, PF:68K # 68K, P:68K)
[4] 0.152613 -0.000318 (1) WT +J(0) +M(C:0K, Fs:153, WS:540K # 540K, PF:6848K # 6848K, P:6848K)
[5] 0.000426 +J(0)
[6] 0.041852 -0.000001 (1) WT +J(0) +M(C:0K, Fs:23, WS:84K # 84K, PF:20K # 20K, P:20K)
[7] 0.461857 -0.454736 (21) WT +J(0) +M(C:0K, Fs:2577, WS:10280K # 10280K, PF:10252K # 10260K, P:10252K)
[8] -
[9] -
[10] -
[11] -
[12] -
[13] 0.248209 -0.242680 (22) WT +J(CM:0, PgRf:0, Rd:0/0, Dy:0/0, Lg:616/1) +M(C:0K, Fs:13, WS:-10200K # 24K, PF:-10256K # 4K, P:-10256K)
[14] 0.000080 +J(0) +M(C:0K, Fs:1, WS:4K # 0K, PF:0K # 0K, P:0K)
[15] 0.000841 +J(0) +M(C:0K, Fs:616, WS:2460K # 0K, PF:68K # 0K, P:68K)
[16] 0.000898 -0.000450 (1) WT +J(0) +M(C:0K, Fs:2, WS:0K # 0K, PF:0K # 0K, P:0K).","RBSOn = 0
",,,
2026-05-22T15:35:34.784248Z,"{'#attributes': {'Qualifiers': 0}, '#text': 330}",DC01.darkzero.htb,NTDS ISAM,Directory Service,498,4,,,NTDS,"896,D,50,0",,,NTDSA: ,C:\Windows\NTDS\ntds.dit,0x2580 (9600),9600 (0x2580),9620 (0x2594),,,
2026-05-22T15:35:34.784571Z,"{'#attributes': {'Qualifiers': 0}, '#text': 326}",DC01.darkzero.htb,NTDS ISAM,Directory Service,499,4,,,NTDS,"896,D,50,0",,,NTDSA: ,1,C:\Windows\NTDS\ntds.dit,0,"
[1] 0.000007 +J(0) +M(C:0K, Fs:1, WS:4K # 0K, PF:0K # 0K, P:0K)
[2] 0.000849 -0.000420 (1) WT +J(0) +M(C:0K, Fs:26, WS:40K # 0K, PF:32K # 0K, P:32K)
[3] 0.040606 -0.003222 (6) WT +J(CM:0, PgRf:0, Rd:0/0, Dy:0/0, Lg:3480/2) +M(C:0K, Fs:37, WS:116K # 0K, PF:116K # 0K, P:116K)
[4] 0.000856 +J(0) +M(C:0K, Fs:1, WS:4K # 0K, PF:0K # 0K, P:0K)
[5] -
[6] 0.006764 -0.002951 (2) CM -0.002848 (2) WT +J(CM:2, PgRf:2, Rd:0/2, Dy:0/0, Lg:0/0) +M(C:-56K, Fs:65, WS:204K # 0K, PF:144K # 0K, P:144K)
[7] 0.000005 +J(0)
[8] 0.039255 -0.036076 (1) CM -0.036018 (1) WT +J(CM:1, PgRf:1, Rd:4/1, Dy:0/0, Lg:0/0) +M(C:156K, Fs:70, WS:252K # 0K, PF:352K # 0K, P:352K)
[9] -
[10] -
[11] -
[12] 0.000311 -0.000001 (1) WT +J(CM:0, PgRf:0, Rd:0/0, Dy:0/0, Lg:54/1) +M(C:0K, Fs:4, WS:16K # 0K, PF:24K # 0K, P:24K)
[13] 0.009600 -0.007775 (3) CM -0.007619 (3) WT +J(CM:3, PgRf:23, Rd:0/3, Dy:0/0, Lg:0/0) +M(C:-108K, Fs:20, WS:-28K # 0K, PF:-76K # 0K, P:-76K)
[14] 0.002118 -0.001841 (3) CM -0.001700 (3) WT +J(CM:3, PgRf:40, Rd:0/3, Dy:0/0, Lg:0/0) +M(C:-24K, Fs:18, WS:-12K # 0K, PF:40K # 0K, P:40K)
[15] 0.000668 -0.000605 (1) CM -0.000558 (1) WT +J(CM:1, PgRf:1, Rd:0/1, Dy:0/0, Lg:0/0) +M(C:0K, Fs:7, WS:0K # 0K, PF:0K # 0K, P:0K)
[16] 0.000024 +J(CM:0, PgRf:1, Rd:0/0, Dy:0/0, Lg:0/0) +M(C:0K, Fs:1, WS:4K # 0K, PF:0K # 0K, P:0K)
[17] 0.000681 -0.000480 (1) CM -0.000435 (1) WT +J(CM:1, PgRf:48, Rd:0/1, Dy:0/0, Lg:0/0) +M(C:0K, Fs:13, WS:24K # 0K, PF:0K # 0K, P:0K)
[18] 0.000003 +J(0)
[19] 0.000001 +J(0)
[20] 0.034061 -0.033969 (1) CM -0.033868 (1) WT +J(CM:1, PgRf:2, Rd:0/1, Dy:0/0, Lg:0/0) +M(C:96K, Fs:10, WS:12K # 0K, PF:96K # 0K, P:96K).",0 0,"lgposAttach = 00000002:0953:0268,
dbv = 1568.290.600 (9600)",
2026-05-22T15:35:34.785104Z,"{'#attributes': {'Qualifiers': 0}, '#text': 330}",DC01.darkzero.htb,NTDS ISAM,Directory Service,500,4,,,NTDS,"896,D,2,0",,,NTDSA: ,C:\Windows\NTDS\temp.edb,0x2580 (9600),9600 (0x2580),9620 (0x2594),,,
2026-05-22T15:35:34.785434Z,"{'#attributes': {'Qualifiers': 0}, '#text': 700}",DC01.darkzero.htb,NTDS ISAM,Directory Service,501,4,,,NTDS,"896,D,0,0",,,NTDSA: ,C:\Windows\NTDS\ntds.dit,,,,,,
2026-05-22T15:35:34.892585Z,"{'#attributes': {'Qualifiers': 0}, '#text': 701}",DC01.darkzero.htb,NTDS ISAM,Directory Service,502,4,,,NTDS,"896,D,0,0",,,NTDSA: ,C:\Windows\NTDS\ntds.dit,1,5/22/2026,0,1,1,13
2026-05-22T15:35:34.777125Z,"{'#attributes': {'Qualifiers': 16384}, '#text': 3033}",DC01.darkzero.htb,Microsoft-Windows-ActiveDirectory_DomainService,Directory Service,503,4,,,,,,,,,,,,,,
2026-05-22T15:35:34.777125Z,"{'#attributes': {'Qualifiers': 16384}, '#text': 3027}",DC01.darkzero.htb,Microsoft-Windows-ActiveDirectory_DomainService,Directory Service,504,4,,3600,,,,,,,,,,,,
2026-05-22T15:35:34.787212Z,"{'#attributes': {'Qualifiers': 16384}, '#text': 1869}",DC01.darkzero.htb,Microsoft-Windows-ActiveDirectory_DomainService,Directory Service,505,4,,,\\DC01.darkzero.htb,Default-First-Site-Name,,,,,,,,,,
2026-05-22T15:36:30.080200Z,"{'#attributes': {'Qualifiers': 16384}, '#text': 2179}",DC01.darkzero.htb,Microsoft-Windows-ActiveDirectory_DomainService,Directory Service,506,4,,12738803861114956915,,,,,,,,,,,,
2026-05-22T15:36:31.336345Z,"{'#attributes': {'Qualifiers': 16384}, '#text': 1004}",DC01.darkzero.htb,Microsoft-Windows-ActiveDirectory_DomainService,Directory Service,507,4,,,,,,,,,,,,,,
2026-05-29T11:03:40.385888Z,"{'#attributes': {'Qualifiers': 32768}, '#text': 3051}",DC01.darkzero.htb,Microsoft-Windows-ActiveDirectory_DomainService,Directory Service,508,3,,,,,,,,,,,,,,
2026-05-29T11:03:40.385888Z,"{'#attributes': {'Qualifiers': 32768}, '#text': 3054}",DC01.darkzero.htb,Microsoft-Windows-ActiveDirectory_DomainService,Directory Service,509,3,,,,,,,,,,,,,,
2026-05-29T11:03:40.899082Z,"{'#attributes': {'Qualifiers': 16384}, '#text': 2121}",DC01.darkzero.htb,Microsoft-Windows-ActiveDirectory_DomainService,Directory Service,510,4,,,,,,,,,,,,,,
2026-05-29T11:03:40.899082Z,"{'#attributes': {'Qualifiers': 16384}, '#text': 2406}",DC01.darkzero.htb,Microsoft-Windows-ActiveDirectory_DomainService,Directory Service,511,4,,Recycle Bin Feature,,,,,,,,,,,,
2026-05-29T11:03:40.899082Z,"{'#attributes': {'Qualifiers': 16384}, '#text': 2406}",DC01.darkzero.htb,Microsoft-Windows-ActiveDirectory_DomainService,Directory Service,512,4,,Privileged Access Management Feature,,,,,,,,,,,,
2026-05-29T11:03:40.899082Z,"{'#attributes': {'Qualifiers': 16384}, '#text': 2406}",DC01.darkzero.htb,Microsoft-Windows-ActiveDirectory_DomainService,Directory Service,513,4,,Database 32k Pages Feature,,,,,,,,,,,,
2026-05-29T11:03:40.901114Z,"{'#attributes': {'Qualifiers': 16384}, '#text': 2168}",DC01.darkzero.htb,Microsoft-Windows-ActiveDirectory_DomainService,Directory Service,514,4,,7047957691786237058,,,,,,,,,,,,
2026-05-29T11:03:40.901114Z,"{'#attributes': {'Qualifiers': 16384}, '#text': 2172}",DC01.darkzero.htb,Microsoft-Windows-ActiveDirectory_DomainService,Directory Service,515,4,,12738803861114956915,,,,,,,,,,,,
2026-05-29T11:03:40.901114Z,"{'#attributes': {'Qualifiers': 32768}, '#text': 2170}",DC01.darkzero.htb,Microsoft-Windows-ActiveDirectory_DomainService,Directory Service,516,3,,,12738803861114956915,7047957691786237058,,,,,,,,,,
2026-05-29T11:03:40.944426Z,"{'#attributes': {'Qualifiers': 16384}, '#text': 1109}",DC01.darkzero.htb,Microsoft-Windows-ActiveDirectory_DomainService,Directory Service,517,4,,,bf31ad21-e7b9-4bd1-b85d-8886276fea78,67cabfd6-b8a9-40ff-a7e1-548e43583060,,,77841,,,,,,,
2026-05-29T11:03:40.998121Z,"{'#attributes': {'Qualifiers': 16384}, '#text': 2208}",DC01.darkzero.htb,Microsoft-Windows-ActiveDirectory_DomainService,Directory Service,518,4,,,,,,,,,,,,,,
2026-05-29T11:03:41.045160Z,"{'#attributes': {'Qualifiers': 16384}, '#text': 2179}",DC01.darkzero.htb,Microsoft-Windows-ActiveDirectory_DomainService,Directory Service,519,4,,7047957691786237058,,,,,,,,,,,,
2026-05-29T11:03:41.092120Z,"{'#attributes': {'Qualifiers': 16384}, '#text': 2405}",DC01.darkzero.htb,Microsoft-Windows-ActiveDirectory_DomainService,Directory Service,520,4,,Privileged Access Management Feature,,,,,,,,,,,,
2026-05-29T11:03:41.092120Z,"{'#attributes': {'Qualifiers': 16384}, '#text': 2120}",DC01.darkzero.htb,Microsoft-Windows-ActiveDirectory_DomainService,Directory Service,521,4,,,,,,,,,,,,,,
2026-05-29T11:03:41.092120Z,"{'#attributes': {'Qualifiers': 16384}, '#text': 2405}",DC01.darkzero.htb,Microsoft-Windows-ActiveDirectory_DomainService,Directory Service,522,4,,Recycle Bin Feature,,,,,,,,,,,,
2026-05-29T11:03:41.092120Z,"{'#attributes': {'Qualifiers': 16384}, '#text': 2405}",DC01.darkzero.htb,Microsoft-Windows-ActiveDirectory_DomainService,Directory Service,523,4,,Database 32k Pages Feature,,,,,,,,,,,,
2026-05-29T11:03:51.194811Z,"{'#attributes': {'Qualifiers': 16384}, '#text': 1000}",DC01.darkzero.htb,Microsoft-Windows-ActiveDirectory_DomainService,Directory Service,524,4,,,,,,,,,,,,,,
2026-05-29T11:04:21.258816Z,"{'#attributes': {'Qualifiers': 16384}, '#text': 1394}",DC01.darkzero.htb,Microsoft-Windows-ActiveDirectory_DomainService,Directory Service,525,4,,,,,,,,,,,,,,
2026-05-29T11:09:47.287136Z,"{'#attributes': {'Qualifiers': 16384}, '#text': 2179}",DC01.darkzero.htb,Microsoft-Windows-ActiveDirectory_DomainService,Directory Service,526,4,,7047957691786237058,,,,,,,,,,,,
2026-05-29T11:09:47.464813Z,"{'#attributes': {'Qualifiers': 16384}, '#text': 1004}",DC01.darkzero.htb,Microsoft-Windows-ActiveDirectory_DomainService,Directory Service,527,4,,,,,,,,,,,,,,
2026-05-29T22:05:11.014898Z,"{'#attributes': {'Qualifiers': 32768}, '#text': 3051}",DC01.darkzero.htb,Microsoft-Windows-ActiveDirectory_DomainService,Directory Service,528,3,,,,,,,,,,,,,,
2026-05-29T22:05:11.014898Z,"{'#attributes': {'Qualifiers': 32768}, '#text': 3054}",DC01.darkzero.htb,Microsoft-Windows-ActiveDirectory_DomainService,Directory Service,529,3,,,,,,,,,,,,,,
2026-05-29T22:05:11.227744Z,"{'#attributes': {'Qualifiers': 16384}, '#text': 2121}",DC01.darkzero.htb,Microsoft-Windows-ActiveDirectory_DomainService,Directory Service,530,4,,,,,,,,,,,,,,
2026-05-29T22:05:11.227744Z,"{'#attributes': {'Qualifiers': 16384}, '#text': 2406}",DC01.darkzero.htb,Microsoft-Windows-ActiveDirectory_DomainService,Directory Service,531,4,,Recycle Bin Feature,,,,,,,,,,,,
2026-05-29T22:05:11.227744Z,"{'#attributes': {'Qualifiers': 16384}, '#text': 2406}",DC01.darkzero.htb,Microsoft-Windows-ActiveDirectory_DomainService,Directory Service,532,4,,Privileged Access Management Feature,,,,,,,,,,,,
2026-05-29T22:05:11.227744Z,"{'#attributes': {'Qualifiers': 16384}, '#text': 2406}",DC01.darkzero.htb,Microsoft-Windows-ActiveDirectory_DomainService,Directory Service,533,4,,Database 32k Pages Feature,,,,,,,,,,,,
2026-05-29T22:05:11.229765Z,"{'#attributes': {'Qualifiers': 16384}, '#text': 2168}",DC01.darkzero.htb,Microsoft-Windows-ActiveDirectory_DomainService,Directory Service,534,4,,966821770470605434,,,,,,,,,,,,
