2026-07-14T16:58:47.164554Z,"{'#attributes': {'Qualifiers': 16384}, '#text': 1869}",DC01.darkzero.htb,Microsoft-Windows-ActiveDirectory_DomainService,Directory Service,711,4,,,\\DC01.darkzero.htb,Default-First-Site-Name,,,,,,,,,,
2026-07-14T16:58:47.406084Z,"{'#attributes': {'Qualifiers': 16384}, '#text': 3033}",DC01.darkzero.htb,Microsoft-Windows-ActiveDirectory_DomainService,Directory Service,712,4,,,,,,,,,,,,,,
2026-07-14T16:58:47.406084Z,"{'#attributes': {'Qualifiers': 16384}, '#text': 3027}",DC01.darkzero.htb,Microsoft-Windows-ActiveDirectory_DomainService,Directory Service,713,4,,3600,,,,,,,,,,,,
2026-07-14T17:43:47.162149Z,"{'#attributes': {'Qualifiers': 32768}, '#text': 2089}",DC01.darkzero.htb,Microsoft-Windows-ActiveDirectory_DomainService,Directory Service,714,3,,,"DC=darkzero,DC=htb",90,,,System\CurrentControlSet\Services\NTDS\Parameters,Backup Latency Threshold (days),,,,,,
2026-07-14T17:43:47.162149Z,"{'#attributes': {'Qualifiers': 32768}, '#text': 2089}",DC01.darkzero.htb,Microsoft-Windows-ActiveDirectory_DomainService,Directory Service,715,3,,,"CN=Configuration,DC=darkzero,DC=htb",90,,,System\CurrentControlSet\Services\NTDS\Parameters,Backup Latency Threshold (days),,,,,,
2026-07-14T17:43:47.162149Z,"{'#attributes': {'Qualifiers': 32768}, '#text': 2089}",DC01.darkzero.htb,Microsoft-Windows-ActiveDirectory_DomainService,Directory Service,716,3,,,"CN=Schema,CN=Configuration,DC=darkzero,DC=htb",90,,,System\CurrentControlSet\Services\NTDS\Parameters,Backup Latency Threshold (days),,,,,,
2026-07-14T17:43:47.162149Z,"{'#attributes': {'Qualifiers': 32768}, '#text': 2089}",DC01.darkzero.htb,Microsoft-Windows-ActiveDirectory_DomainService,Directory Service,717,3,,,"DC=DomainDnsZones,DC=darkzero,DC=htb",90,,,System\CurrentControlSet\Services\NTDS\Parameters,Backup Latency Threshold (days),,,,,,
2026-07-14T17:43:47.164177Z,"{'#attributes': {'Qualifiers': 32768}, '#text': 2089}",DC01.darkzero.htb,Microsoft-Windows-ActiveDirectory_DomainService,Directory Service,718,3,,,"DC=ForestDnsZones,DC=darkzero,DC=htb",90,,,System\CurrentControlSet\Services\NTDS\Parameters,Backup Latency Threshold (days),,,,,,
2026-07-14T18:43:52.424114Z,"{'#attributes': {'Qualifiers': 16384}, '#text': 2179}",DC01.darkzero.htb,Microsoft-Windows-ActiveDirectory_DomainService,Directory Service,719,4,,7717295651777792940,,,,,,,,,,,,
2026-07-14T18:43:52.531674Z,"{'#attributes': {'Qualifiers': 16384}, '#text': 1004}",DC01.darkzero.htb,Microsoft-Windows-ActiveDirectory_DomainService,Directory Service,720,4,,,,,,,,,,,,,,
2026-07-20T12:17:31.586154Z,"{'#attributes': {'Qualifiers': 32768}, '#text': 3051}",DC01.darkzero.htb,Microsoft-Windows-ActiveDirectory_DomainService,Directory Service,721,3,,,,,,,,,,,,,,
2026-07-20T12:17:31.586154Z,"{'#attributes': {'Qualifiers': 32768}, '#text': 3054}",DC01.darkzero.htb,Microsoft-Windows-ActiveDirectory_DomainService,Directory Service,722,3,,,,,,,,,,,,,,
2026-07-20T12:17:31.823964Z,"{'#attributes': {'Qualifiers': 16384}, '#text': 2121}",DC01.darkzero.htb,Microsoft-Windows-ActiveDirectory_DomainService,Directory Service,723,4,,,,,,,,,,,,,,
2026-07-20T12:17:31.823964Z,"{'#attributes': {'Qualifiers': 16384}, '#text': 2406}",DC01.darkzero.htb,Microsoft-Windows-ActiveDirectory_DomainService,Directory Service,724,4,,Recycle Bin Feature,,,,,,,,,,,,
2026-07-20T12:17:31.823964Z,"{'#attributes': {'Qualifiers': 16384}, '#text': 2406}",DC01.darkzero.htb,Microsoft-Windows-ActiveDirectory_DomainService,Directory Service,725,4,,Privileged Access Management Feature,,,,,,,,,,,,
2026-07-20T12:17:31.823964Z,"{'#attributes': {'Qualifiers': 16384}, '#text': 2406}",DC01.darkzero.htb,Microsoft-Windows-ActiveDirectory_DomainService,Directory Service,726,4,,Database 32k Pages Feature,,,,,,,,,,,,
2026-07-20T12:17:31.825994Z,"{'#attributes': {'Qualifiers': 16384}, '#text': 2168}",DC01.darkzero.htb,Microsoft-Windows-ActiveDirectory_DomainService,Directory Service,727,4,,7717295651777792940,,,,,,,,,,,,
2026-07-20T12:17:31.828022Z,"{'#attributes': {'Qualifiers': 16384}, '#text': 2172}",DC01.darkzero.htb,Microsoft-Windows-ActiveDirectory_DomainService,Directory Service,728,4,,7717295651777792940,,,,,,,,,,,,
2026-07-20T12:17:31.843552Z,"{'#attributes': {'Qualifiers': 16384}, '#text': 2120}",DC01.darkzero.htb,Microsoft-Windows-ActiveDirectory_DomainService,Directory Service,729,4,,,,,,,,,,,,,,
2026-07-20T12:17:31.843552Z,"{'#attributes': {'Qualifiers': 16384}, '#text': 2405}",DC01.darkzero.htb,Microsoft-Windows-ActiveDirectory_DomainService,Directory Service,730,4,,Recycle Bin Feature,,,,,,,,,,,,
2026-07-20T12:17:31.843552Z,"{'#attributes': {'Qualifiers': 16384}, '#text': 2405}",DC01.darkzero.htb,Microsoft-Windows-ActiveDirectory_DomainService,Directory Service,731,4,,Privileged Access Management Feature,,,,,,,,,,,,
2026-07-20T12:17:31.843552Z,"{'#attributes': {'Qualifiers': 16384}, '#text': 2405}",DC01.darkzero.htb,Microsoft-Windows-ActiveDirectory_DomainService,Directory Service,732,4,,Database 32k Pages Feature,,,,,,,,,,,,
2026-07-20T12:17:41.851503Z,"{'#attributes': {'Qualifiers': 16384}, '#text': 1000}",DC01.darkzero.htb,Microsoft-Windows-ActiveDirectory_DomainService,Directory Service,733,4,,,,,,,,,,,,,,
2026-07-20T12:18:11.952588Z,"{'#attributes': {'Qualifiers': 16384}, '#text': 1394}",DC01.darkzero.htb,Microsoft-Windows-ActiveDirectory_DomainService,Directory Service,734,4,,,,,,,,,,,,,,
2026-07-20T12:32:42.621577Z,"{'#attributes': {'Qualifiers': 0}, '#text': 102}",DC01.darkzero.htb,NTDS ISAM,Directory Service,735,4,,,NTDS,"888,P,98,0",,,NTDSA: ,0,10,00,26100,0000,,
2026-07-20T12:32:42.622190Z,"{'#attributes': {'Qualifiers': 0}, '#text': 105}",DC01.darkzero.htb,NTDS ISAM,Directory Service,736,4,,,NTDS,"888,D,0,0",,,NTDSA: ,0,0.116,"
[1] 0.001816 +J(0) +M(C:0K, Fs:183, WS:712K # 108K, PF:5416K # 2416K, P:5416K)
[2] 0.005298 +J(0) +M(C:64K, Fs:94, WS:364K # 364K, PF:356K # 356K, P:356K)
[3] 0.000478 +J(0) +M(C:0K, Fs:3, WS:12K # 12K, PF:64K # 64K, P:64K)
[4] 0.013550 -0.000580 (1) WT +J(0) +M(C:0K, Fs:144, WS:496K # 496K, PF:6844K # 6844K, P:6844K)
[5] 0.000347 +J(0)
[6] 0.006448 +J(0) +M(C:0K, Fs:22, WS:84K # 84K, PF:16K # 16K, P:16K)
[7] 0.058502 -0.050834 (21) WT +J(0) +M(C:0K, Fs:2577, WS:10288K # 10288K, PF:10260K # 10260K, P:10260K)
[8] -
[9] -
[10] -
[11] -
[12] -
[13] 0.028039 -0.022377 (22) WT +J(CM:0, PgRf:0, Rd:0/0, Dy:0/0, Lg:616/1) +M(C:0K, Fs:13, WS:-10200K # 24K, PF:-10256K # 12K, P:-10256K)
[14] 0.000031 +J(0) +M(C:0K, Fs:1, WS:4K # 0K, PF:0K # 0K, P:0K)
[15] 0.000953 +J(0) +M(C:0K, Fs:616, WS:2460K # 0K, PF:68K # 0K, P:68K)
[16] 0.000688 -0.000407 (1) WT +J(0) +M(C:0K, Fs:2, WS:0K # 0K, PF:0K # 0K, P:0K).","RBSOn = 0
",,,
2026-07-20T12:32:42.622671Z,"{'#attributes': {'Qualifiers': 0}, '#text': 330}",DC01.darkzero.htb,NTDS ISAM,Directory Service,737,4,,,NTDS,"888,D,50,0",,,NTDSA: ,C:\Windows\NTDS\ntds.dit,0x2580 (9600),9600 (0x2580),9620 (0x2594),,,
2026-07-20T12:32:42.623011Z,"{'#attributes': {'Qualifiers': 0}, '#text': 326}",DC01.darkzero.htb,NTDS ISAM,Directory Service,738,4,,,NTDS,"888,D,50,0",,,NTDSA: ,1,C:\Windows\NTDS\ntds.dit,0,"
[1] 0.000006 +J(0) +M(C:0K, Fs:1, WS:4K # 0K, PF:0K # 0K, P:0K)
[2] 0.000679 -0.000357 (1) WT +J(0) +M(C:0K, Fs:27, WS:44K # 0K, PF:36K # 0K, P:36K)
[3] 0.007535 -0.002565 (6) WT +J(CM:0, PgRf:0, Rd:0/0, Dy:0/0, Lg:3480/2) +M(C:0K, Fs:40, WS:124K # 0K, PF:128K # 0K, P:128K)
[4] 0.001070 +J(0) +M(C:0K, Fs:1, WS:4K # 0K, PF:0K # 0K, P:0K)
[5] -
[6] 0.006569 -0.002475 (2) CM -0.002392 (2) WT +J(CM:2, PgRf:2, Rd:0/2, Dy:0/0, Lg:0/0) +M(C:-56K, Fs:66, WS:208K # 0K, PF:148K # 0K, P:148K)
[7] 0.000005 +J(0)
[8] 0.003895 -0.001061 (1) CM -0.001008 (1) WT +J(CM:1, PgRf:1, Rd:4/1, Dy:0/0, Lg:0/0) +M(C:156K, Fs:70, WS:252K # 0K, PF:352K # 0K, P:352K)
[9] -
[10] -
[11] -
[12] 0.000319 +J(CM:0, PgRf:0, Rd:0/0, Dy:0/0, Lg:54/1) +M(C:0K, Fs:3, WS:12K # 0K, PF:20K # 0K, P:20K)
[13] 0.007653 -0.005511 (5) CM -0.005318 (5) WT +J(CM:5, PgRf:23, Rd:0/5, Dy:0/0, Lg:0/0) +M(C:-88K, Fs:37, WS:-8K # 0K, PF:-56K # 0K, P:-56K)
[14] 0.002709 -0.002410 (3) CM -0.002308 (3) WT +J(CM:3, PgRf:40, Rd:0/3, Dy:0/0, Lg:0/0) +M(C:-24K, Fs:16, WS:-12K # 0K, PF:40K # 0K, P:40K)
[15] 0.000621 -0.000561 (1) CM -0.000524 (1) WT +J(CM:1, PgRf:1, Rd:0/1, Dy:0/0, Lg:0/0) +M(C:-8K, Fs:5, WS:-8K # 0K, PF:-8K # 0K, P:-8K)
[16] 0.000022 +J(CM:0, PgRf:1, Rd:0/0, Dy:0/0, Lg:0/0) +M(C:0K, Fs:1, WS:4K # 0K, PF:0K # 0K, P:0K)
[17] 0.001170 -0.001015 (1) CM -0.000979 (1) WT +J(CM:1, PgRf:48, Rd:0/1, Dy:0/0, Lg:0/0) +M(C:0K, Fs:13, WS:24K # 0K, PF:0K # 0K, P:0K)
[18] 0.000002 +J(0)
[19] 0.0 +J(0)
[20] 0.000657 -0.000550 (1) CM -0.000512 (1) WT +J(CM:1, PgRf:2, Rd:0/1, Dy:0/0, Lg:0/0) +M(C:0K, Fs:10, WS:12K # 0K, PF:0K # 0K, P:0K).",0 0,"lgposAttach = 00000003:00AE:0268,
dbv = 1568.290.600 (9600)",
2026-07-20T12:32:42.626828Z,"{'#attributes': {'Qualifiers': 0}, '#text': 330}",DC01.darkzero.htb,NTDS ISAM,Directory Service,739,4,,,NTDS,"888,D,2,0",,,NTDSA: ,C:\Windows\NTDS\temp.edb,0x2580 (9600),9600 (0x2580),9620 (0x2594),,,
2026-07-20T12:32:42.627224Z,"{'#attributes': {'Qualifiers': 0}, '#text': 700}",DC01.darkzero.htb,NTDS ISAM,Directory Service,740,4,,,NTDS,"888,D,0,0",,,NTDSA: ,C:\Windows\NTDS\ntds.dit,,,,,,
2026-07-20T12:32:42.941315Z,"{'#attributes': {'Qualifiers': 0}, '#text': 701}",DC01.darkzero.htb,NTDS ISAM,Directory Service,741,4,,,NTDS,"888,D,0,0",,,NTDSA: ,C:\Windows\NTDS\ntds.dit,0,7/20/2026,0,1,1,19
2026-07-20T12:32:41.970641Z,"{'#attributes': {'Qualifiers': 16384}, '#text': 1869}",DC01.darkzero.htb,Microsoft-Windows-ActiveDirectory_DomainService,Directory Service,742,4,,,\\DC01.darkzero.htb,Default-First-Site-Name,,,,,,,,,,
2026-07-20T12:32:42.618569Z,"{'#attributes': {'Qualifiers': 16384}, '#text': 3033}",DC01.darkzero.htb,Microsoft-Windows-ActiveDirectory_DomainService,Directory Service,743,4,,,,,,,,,,,,,,
2026-07-20T12:32:42.618569Z,"{'#attributes': {'Qualifiers': 16384}, '#text': 3027}",DC01.darkzero.htb,Microsoft-Windows-ActiveDirectory_DomainService,Directory Service,744,4,,3600,,,,,,,,,,,,
2026-07-20T13:17:42.035526Z,"{'#attributes': {'Qualifiers': 32768}, '#text': 2089}",DC01.darkzero.htb,Microsoft-Windows-ActiveDirectory_DomainService,Directory Service,745,3,,,"DC=darkzero,DC=htb",90,,,System\CurrentControlSet\Services\NTDS\Parameters,Backup Latency Threshold (days),,,,,,
2026-07-20T13:17:42.036048Z,"{'#attributes': {'Qualifiers': 32768}, '#text': 2089}",DC01.darkzero.htb,Microsoft-Windows-ActiveDirectory_DomainService,Directory Service,746,3,,,"CN=Configuration,DC=darkzero,DC=htb",90,,,System\CurrentControlSet\Services\NTDS\Parameters,Backup Latency Threshold (days),,,,,,
2026-07-20T13:17:42.037534Z,"{'#attributes': {'Qualifiers': 32768}, '#text': 2089}",DC01.darkzero.htb,Microsoft-Windows-ActiveDirectory_DomainService,Directory Service,747,3,,,"CN=Schema,CN=Configuration,DC=darkzero,DC=htb",90,,,System\CurrentControlSet\Services\NTDS\Parameters,Backup Latency Threshold (days),,,,,,
2026-07-20T13:17:42.038072Z,"{'#attributes': {'Qualifiers': 32768}, '#text': 2089}",DC01.darkzero.htb,Microsoft-Windows-ActiveDirectory_DomainService,Directory Service,748,3,,,"DC=DomainDnsZones,DC=darkzero,DC=htb",90,,,System\CurrentControlSet\Services\NTDS\Parameters,Backup Latency Threshold (days),,,,,,
2026-07-20T13:17:42.038072Z,"{'#attributes': {'Qualifiers': 32768}, '#text': 2089}",DC01.darkzero.htb,Microsoft-Windows-ActiveDirectory_DomainService,Directory Service,749,3,,,"DC=ForestDnsZones,DC=darkzero,DC=htb",90,,,System\CurrentControlSet\Services\NTDS\Parameters,Backup Latency Threshold (days),,,,,,
2026-07-20T13:32:31.720409Z,"{'#attributes': {'Qualifiers': 16384}, '#text': 2179}",DC01.darkzero.htb,Microsoft-Windows-ActiveDirectory_DomainService,Directory Service,750,4,,7717295651777792940,,,,,,,,,,,,
2026-07-20T13:32:33.367408Z,"{'#attributes': {'Qualifiers': 16384}, '#text': 1004}",DC01.darkzero.htb,Microsoft-Windows-ActiveDirectory_DomainService,Directory Service,751,4,,,,,,,,,,,,,,
2026-07-20T13:33:10.462343Z,"{'#attributes': {'Qualifiers': 32768}, '#text': 3051}",DC01.darkzero.htb,Microsoft-Windows-ActiveDirectory_DomainService,Directory Service,752,3,,,,,,,,,,,,,,
2026-07-20T13:33:10.462343Z,"{'#attributes': {'Qualifiers': 32768}, '#text': 3054}",DC01.darkzero.htb,Microsoft-Windows-ActiveDirectory_DomainService,Directory Service,753,3,,,,,,,,,,,,,,
2026-07-20T13:33:10.696893Z,"{'#attributes': {'Qualifiers': 16384}, '#text': 2121}",DC01.darkzero.htb,Microsoft-Windows-ActiveDirectory_DomainService,Directory Service,754,4,,,,,,,,,,,,,,
2026-07-20T13:33:10.696893Z,"{'#attributes': {'Qualifiers': 16384}, '#text': 2406}",DC01.darkzero.htb,Microsoft-Windows-ActiveDirectory_DomainService,Directory Service,755,4,,Recycle Bin Feature,,,,,,,,,,,,
2026-07-20T13:33:10.696893Z,"{'#attributes': {'Qualifiers': 16384}, '#text': 2406}",DC01.darkzero.htb,Microsoft-Windows-ActiveDirectory_DomainService,Directory Service,756,4,,Privileged Access Management Feature,,,,,,,,,,,,
2026-07-20T13:33:10.696893Z,"{'#attributes': {'Qualifiers': 16384}, '#text': 2406}",DC01.darkzero.htb,Microsoft-Windows-ActiveDirectory_DomainService,Directory Service,757,4,,Database 32k Pages Feature,,,,,,,,,,,,
2026-07-20T13:33:10.696893Z,"{'#attributes': {'Qualifiers': 16384}, '#text': 2168}",DC01.darkzero.htb,Microsoft-Windows-ActiveDirectory_DomainService,Directory Service,758,4,,7717295651777792940,,,,,,,,,,,,
2026-07-20T13:33:10.696893Z,"{'#attributes': {'Qualifiers': 16384}, '#text': 2172}",DC01.darkzero.htb,Microsoft-Windows-ActiveDirectory_DomainService,Directory Service,759,4,,7717295651777792940,,,,,,,,,,,,
2026-07-20T13:33:10.704737Z,"{'#attributes': {'Qualifiers': 16384}, '#text': 2405}",DC01.darkzero.htb,Microsoft-Windows-ActiveDirectory_DomainService,Directory Service,760,4,,Privileged Access Management Feature,,,,,,,,,,,,
2026-07-20T13:33:10.706759Z,"{'#attributes': {'Qualifiers': 16384}, '#text': 2120}",DC01.darkzero.htb,Microsoft-Windows-ActiveDirectory_DomainService,Directory Service,761,4,,,,,,,,,,,,,,
2026-07-20T13:33:10.706759Z,"{'#attributes': {'Qualifiers': 16384}, '#text': 2405}",DC01.darkzero.htb,Microsoft-Windows-ActiveDirectory_DomainService,Directory Service,762,4,,Recycle Bin Feature,,,,,,,,,,,,
2026-07-20T13:33:10.706759Z,"{'#attributes': {'Qualifiers': 16384}, '#text': 2405}",DC01.darkzero.htb,Microsoft-Windows-ActiveDirectory_DomainService,Directory Service,763,4,,Database 32k Pages Feature,,,,,,,,,,,,
2026-07-20T13:33:20.729383Z,"{'#attributes': {'Qualifiers': 16384}, '#text': 1000}",DC01.darkzero.htb,Microsoft-Windows-ActiveDirectory_DomainService,Directory Service,764,4,,,,,,,,,,,,,,
2026-07-20T13:33:50.767366Z,"{'#attributes': {'Qualifiers': 16384}, '#text': 1394}",DC01.darkzero.htb,Microsoft-Windows-ActiveDirectory_DomainService,Directory Service,765,4,,,,,,,,,,,,,,
2026-07-20T13:35:15.006076Z,"{'#attributes': {'Qualifiers': 16384}, '#text': 2179}",DC01.darkzero.htb,Microsoft-Windows-ActiveDirectory_DomainService,Directory Service,766,4,,7717295651777792940,,,,,,,,,,,,
2026-07-20T13:35:16.005559Z,"{'#attributes': {'Qualifiers': 16384}, '#text': 1004}",DC01.darkzero.htb,Microsoft-Windows-ActiveDirectory_DomainService,Directory Service,767,4,,,,,,,,,,,,,,
2026-07-20T13:35:50.055989Z,"{'#attributes': {'Qualifiers': 32768}, '#text': 3051}",DC01.darkzero.htb,Microsoft-Windows-ActiveDirectory_DomainService,Directory Service,768,3,,,,,,,,,,,,,,
2026-07-20T13:35:50.055989Z,"{'#attributes': {'Qualifiers': 32768}, '#text': 3054}",DC01.darkzero.htb,Microsoft-Windows-ActiveDirectory_DomainService,Directory Service,769,3,,,,,,,,,,,,,,
2026-07-20T13:35:50.281531Z,"{'#attributes': {'Qualifiers': 16384}, '#text': 2121}",DC01.darkzero.htb,Microsoft-Windows-ActiveDirectory_DomainService,Directory Service,770,4,,,,,,,,,,,,,,
2026-07-20T13:35:50.281531Z,"{'#attributes': {'Qualifiers': 16384}, '#text': 2406}",DC01.darkzero.htb,Microsoft-Windows-ActiveDirectory_DomainService,Directory Service,771,4,,Recycle Bin Feature,,,,,,,,,,,,
2026-07-20T13:35:50.283555Z,"{'#attributes': {'Qualifiers': 16384}, '#text': 2406}",DC01.darkzero.htb,Microsoft-Windows-ActiveDirectory_DomainService,Directory Service,772,4,,Privileged Access Management Feature,,,,,,,,,,,,
2026-07-20T13:35:50.283555Z,"{'#attributes': {'Qualifiers': 16384}, '#text': 2406}",DC01.darkzero.htb,Microsoft-Windows-ActiveDirectory_DomainService,Directory Service,773,4,,Database 32k Pages Feature,,,,,,,,,,,,
2026-07-20T13:35:50.283555Z,"{'#attributes': {'Qualifiers': 16384}, '#text': 2168}",DC01.darkzero.htb,Microsoft-Windows-ActiveDirectory_DomainService,Directory Service,774,4,,7717295651777792940,,,,,,,,,,,,
2026-07-20T13:35:50.283555Z,"{'#attributes': {'Qualifiers': 16384}, '#text': 2172}",DC01.darkzero.htb,Microsoft-Windows-ActiveDirectory_DomainService,Directory Service,775,4,,7717295651777792940,,,,,,,,,,,,
2026-07-20T13:35:50.299495Z,"{'#attributes': {'Qualifiers': 16384}, '#text': 2405}",DC01.darkzero.htb,Microsoft-Windows-ActiveDirectory_DomainService,Directory Service,776,4,,Privileged Access Management Feature,,,,,,,,,,,,
2026-07-20T13:35:50.299495Z,"{'#attributes': {'Qualifiers': 16384}, '#text': 2120}",DC01.darkzero.htb,Microsoft-Windows-ActiveDirectory_DomainService,Directory Service,777,4,,,,,,,,,,,,,,
2026-07-20T13:35:50.299495Z,"{'#attributes': {'Qualifiers': 16384}, '#text': 2405}",DC01.darkzero.htb,Microsoft-Windows-ActiveDirectory_DomainService,Directory Service,778,4,,Recycle Bin Feature,,,,,,,,,,,,
2026-07-20T13:35:50.299495Z,"{'#attributes': {'Qualifiers': 16384}, '#text': 2405}",DC01.darkzero.htb,Microsoft-Windows-ActiveDirectory_DomainService,Directory Service,779,4,,Database 32k Pages Feature,,,,,,,,,,,,
2026-07-20T13:36:00.358532Z,"{'#attributes': {'Qualifiers': 16384}, '#text': 1000}",DC01.darkzero.htb,Microsoft-Windows-ActiveDirectory_DomainService,Directory Service,780,4,,,,,,,,,,,,,,
2026-07-20T13:36:30.405180Z,"{'#attributes': {'Qualifiers': 16384}, '#text': 1394}",DC01.darkzero.htb,Microsoft-Windows-ActiveDirectory_DomainService,Directory Service,781,4,,,,,,,,,,,,,,
2026-07-20T13:51:00.679505Z,"{'#attributes': {'Qualifiers': 16384}, '#text': 1869}",DC01.darkzero.htb,Microsoft-Windows-ActiveDirectory_DomainService,Directory Service,782,4,,,\\DC01.darkzero.htb,Default-First-Site-Name,,,,,,,,,,
2026-07-20T13:51:02.444167Z,"{'#attributes': {'Qualifiers': 0}, '#text': 102}",DC01.darkzero.htb,NTDS ISAM,Directory Service,783,4,,,NTDS,"888,P,98,0",,,NTDSA: ,0,10,00,26100,0000,,
2026-07-20T13:51:02.444763Z,"{'#attributes': {'Qualifiers': 0}, '#text': 105}",DC01.darkzero.htb,NTDS ISAM,Directory Service,784,4,,,NTDS,"888,D,0,0",,,NTDSA: ,0,0.114,"
[1] 0.002636 +J(0) +M(C:0K, Fs:184, WS:712K # 108K, PF:5416K # 2416K, P:5416K)
[2] 0.005796 +J(0) +M(C:64K, Fs:93, WS:360K # 360K, PF:356K # 356K, P:356K)
[3] 0.000540 +J(0) +M(C:0K, Fs:3, WS:12K # 12K, PF:64K # 64K, P:64K)
[4] 0.014165 -0.000330 (1) WT +J(0) +M(C:0K, Fs:141, WS:488K # 488K, PF:6840K # 6840K, P:6840K)
[5] 0.000351 +J(0) +M(C:0K, Fs:2, WS:8K # 8K, PF:4K # 4K, P:4K)
[6] 0.005649 +J(0) +M(C:0K, Fs:20, WS:76K # 76K, PF:16K # 16K, P:16K)
[7] 0.056605 -0.048520 (21) WT +J(0) +M(C:0K, Fs:2578, WS:10288K # 10288K, PF:10260K # 10260K, P:10260K)
[8] -
[9] -
[10] -
[11] -
[12] -
[13] 0.027160 -0.021398 (22) WT +J(CM:0, PgRf:0, Rd:0/0, Dy:0/0, Lg:616/1) +M(C:0K, Fs:14, WS:-10200K # 24K, PF:-10256K # 12K, P:-10256K)
[14] 0.000030 +J(0) +M(C:0K, Fs:1, WS:4K # 0K, PF:0K # 0K, P:0K)
[15] 0.000856 +J(0) +M(C:0K, Fs:615, WS:2460K # 0K, PF:64K # 0K, P:64K)
[16] 0.000674 -0.000394 (1) WT +J(0) +M(C:0K, Fs:2, WS:0K # 0K, PF:0K # 0K, P:0K).","RBSOn = 0
",,,
2026-07-20T13:51:02.445183Z,"{'#attributes': {'Qualifiers': 0}, '#text': 330}",DC01.darkzero.htb,NTDS ISAM,Directory Service,785,4,,,NTDS,"888,D,50,0",,,NTDSA: ,C:\Windows\NTDS\ntds.dit,0x2580 (9600),9600 (0x2580),9620 (0x2594),,,
2026-07-20T13:51:02.445476Z,"{'#attributes': {'Qualifiers': 0}, '#text': 326}",DC01.darkzero.htb,NTDS ISAM,Directory Service,786,4,,,NTDS,"888,D,50,0",,,NTDSA: ,1,C:\Windows\NTDS\ntds.dit,0,"
[1] 0.000006 +J(0) +M(C:0K, Fs:1, WS:4K # 0K, PF:0K # 0K, P:0K)
[2] 0.000733 -0.000425 (1) WT +J(0) +M(C:0K, Fs:26, WS:40K # 0K, PF:32K # 0K, P:32K)
[3] 0.006962 -0.002371 (6) WT +J(CM:0, PgRf:0, Rd:0/0, Dy:0/0, Lg:3480/2) +M(C:0K, Fs:37, WS:116K # 0K, PF:116K # 0K, P:116K)
[4] 0.001367 +J(0) +M(C:0K, Fs:1, WS:4K # 0K, PF:0K # 0K, P:0K)
[5] -
[6] 0.007079 -0.002664 (2) CM -0.002578 (2) WT +J(CM:2, PgRf:2, Rd:0/2, Dy:0/0, Lg:0/0) +M(C:-56K, Fs:66, WS:208K # 0K, PF:148K # 0K, P:148K)
[7] 0.000005 +J(0)
[8] 0.003860 -0.000582 (1) CM -0.000534 (1) WT +J(CM:1, PgRf:1, Rd:4/1, Dy:0/0, Lg:0/0) +M(C:156K, Fs:70, WS:252K # 0K, PF:352K # 0K, P:352K)
[9] -
[10] -
[11] -
[12] 0.000308 +J(CM:0, PgRf:0, Rd:0/0, Dy:0/0, Lg:54/1) +M(C:0K, Fs:4, WS:16K # 0K, PF:24K # 0K, P:24K)
[13] 0.005865 -0.003964 (3) CM -0.003810 (3) WT +J(CM:3, PgRf:23, Rd:0/3, Dy:0/0, Lg:0/0) +M(C:-108K, Fs:20, WS:-28K # 0K, PF:-76K # 0K, P:-76K)
[14] 0.002538 -0.002157 (3) CM -0.002041 (3) WT +J(CM:3, PgRf:40, Rd:0/3, Dy:0/0, Lg:0/0) +M(C:-24K, Fs:18, WS:-12K # 0K, PF:40K # 0K, P:40K)
[15] 0.000613 -0.000551 (1) CM -0.000511 (1) WT +J(CM:1, PgRf:1, Rd:0/1, Dy:0/0, Lg:0/0) +M(C:0K, Fs:7, WS:0K # 0K, PF:0K # 0K, P:0K)
[16] 0.000021 +J(CM:0, PgRf:1, Rd:0/0, Dy:0/0, Lg:0/0) +M(C:0K, Fs:1, WS:4K # 0K, PF:0K # 0K, P:0K)
[17] 0.000085 +J(CM:0, PgRf:48, Rd:0/0, Dy:0/0, Lg:0/0) +M(C:0K, Fs:6, WS:24K # 0K, PF:0K # 0K, P:0K)
[18] 0.000001 +J(0)
[19] 0.0 +J(0)
[20] 0.000025 +J(CM:0, PgRf:2, Rd:0/0, Dy:0/0, Lg:0/0) +M(C:0K, Fs:3, WS:12K # 0K, PF:0K # 0K, P:0K).",0 0,"lgposAttach = 00000003:00D3:0268,
dbv = 1568.290.600 (9600)",
2026-07-20T13:51:02.445896Z,"{'#attributes': {'Qualifiers': 0}, '#text': 330}",DC01.darkzero.htb,NTDS ISAM,Directory Service,787,4,,,NTDS,"888,D,2,0",,,NTDSA: ,C:\Windows\NTDS\temp.edb,0x2580 (9600),9600 (0x2580),9620 (0x2594),,,
2026-07-20T13:51:02.446182Z,"{'#attributes': {'Qualifiers': 0}, '#text': 700}",DC01.darkzero.htb,NTDS ISAM,Directory Service,788,4,,,NTDS,"888,D,0,0",,,NTDSA: ,C:\Windows\NTDS\ntds.dit,,,,,,
2026-07-20T13:51:02.441131Z,"{'#attributes': {'Qualifiers': 16384}, '#text': 3033}",DC01.darkzero.htb,Microsoft-Windows-ActiveDirectory_DomainService,Directory Service,789,4,,,,,,,,,,,,,,
2026-07-20T13:51:02.441131Z,"{'#attributes': {'Qualifiers': 16384}, '#text': 3027}",DC01.darkzero.htb,Microsoft-Windows-ActiveDirectory_DomainService,Directory Service,790,4,,3600,,,,,,,,,,,,
2026-07-20T13:51:03.651627Z,"{'#attributes': {'Qualifiers': 0}, '#text': 701}",DC01.darkzero.htb,NTDS ISAM,Directory Service,791,4,,,NTDS,"888,D,0,0",,,NTDSA: ,C:\Windows\NTDS\ntds.dit,1,7/20/2026,1,1,1,20
2026-07-20T14:36:00.451306Z,"{'#attributes': {'Qualifiers': 32768}, '#text': 2089}",DC01.darkzero.htb,Microsoft-Windows-ActiveDirectory_DomainService,Directory Service,792,3,,,"DC=darkzero,DC=htb",90,,,System\CurrentControlSet\Services\NTDS\Parameters,Backup Latency Threshold (days),,,,,,
2026-07-20T14:36:00.451306Z,"{'#attributes': {'Qualifiers': 32768}, '#text': 2089}",DC01.darkzero.htb,Microsoft-Windows-ActiveDirectory_DomainService,Directory Service,793,3,,,"CN=Configuration,DC=darkzero,DC=htb",90,,,System\CurrentControlSet\Services\NTDS\Parameters,Backup Latency Threshold (days),,,,,,
2026-07-20T14:36:00.451960Z,"{'#attributes': {'Qualifiers': 32768}, '#text': 2089}",DC01.darkzero.htb,Microsoft-Windows-ActiveDirectory_DomainService,Directory Service,794,3,,,"CN=Schema,CN=Configuration,DC=darkzero,DC=htb",90,,,System\CurrentControlSet\Services\NTDS\Parameters,Backup Latency Threshold (days),,,,,,
2026-07-20T14:36:00.451960Z,"{'#attributes': {'Qualifiers': 32768}, '#text': 2089}",DC01.darkzero.htb,Microsoft-Windows-ActiveDirectory_DomainService,Directory Service,795,3,,,"DC=DomainDnsZones,DC=darkzero,DC=htb",90,,,System\CurrentControlSet\Services\NTDS\Parameters,Backup Latency Threshold (days),,,,,,
2026-07-20T14:36:00.451960Z,"{'#attributes': {'Qualifiers': 32768}, '#text': 2089}",DC01.darkzero.htb,Microsoft-Windows-ActiveDirectory_DomainService,Directory Service,796,3,,,"DC=ForestDnsZones,DC=darkzero,DC=htb",90,,,System\CurrentControlSet\Services\NTDS\Parameters,Backup Latency Threshold (days),,,,,,
2026-07-20T16:13:25.194008Z,"{'#attributes': {'Qualifiers': 16384}, '#text': 2179}",DC01.darkzero.htb,Microsoft-Windows-ActiveDirectory_DomainService,Directory Service,797,4,,7717295651777792940,,,,,,,,,,,,
2026-07-20T16:13:25.557360Z,"{'#attributes': {'Qualifiers': 16384}, '#text': 1004}",DC01.darkzero.htb,Microsoft-Windows-ActiveDirectory_DomainService,Directory Service,798,4,,,,,,,,,,,,,,
2026-07-20T16:18:19.600850Z,"{'#attributes': {'Qualifiers': 32768}, '#text': 3051}",DC01.darkzero.htb,Microsoft-Windows-ActiveDirectory_DomainService,Directory Service,799,3,,,,,,,,,,,,,,
2026-07-20T16:18:19.600850Z,"{'#attributes': {'Qualifiers': 32768}, '#text': 3054}",DC01.darkzero.htb,Microsoft-Windows-ActiveDirectory_DomainService,Directory Service,800,3,,,,,,,,,,,,,,
2026-07-20T16:18:19.804725Z,"{'#attributes': {'Qualifiers': 16384}, '#text': 2121}",DC01.darkzero.htb,Microsoft-Windows-ActiveDirectory_DomainService,Directory Service,801,4,,,,,,,,,,,,,,
2026-07-20T16:18:19.804725Z,"{'#attributes': {'Qualifiers': 16384}, '#text': 2406}",DC01.darkzero.htb,Microsoft-Windows-ActiveDirectory_DomainService,Directory Service,802,4,,Recycle Bin Feature,,,,,,,,,,,,
2026-07-20T16:18:19.806503Z,"{'#attributes': {'Qualifiers': 16384}, '#text': 2406}",DC01.darkzero.htb,Microsoft-Windows-ActiveDirectory_DomainService,Directory Service,803,4,,Privileged Access Management Feature,,,,,,,,,,,,
2026-07-20T16:18:19.806503Z,"{'#attributes': {'Qualifiers': 16384}, '#text': 2406}",DC01.darkzero.htb,Microsoft-Windows-ActiveDirectory_DomainService,Directory Service,804,4,,Database 32k Pages Feature,,,,,,,,,,,,
2026-07-20T16:18:19.808531Z,"{'#attributes': {'Qualifiers': 16384}, '#text': 2168}",DC01.darkzero.htb,Microsoft-Windows-ActiveDirectory_DomainService,Directory Service,805,4,,7717295651777792940,,,,,,,,,,,,
2026-07-20T16:18:19.808531Z,"{'#attributes': {'Qualifiers': 16384}, '#text': 2172}",DC01.darkzero.htb,Microsoft-Windows-ActiveDirectory_DomainService,Directory Service,806,4,,7717295651777792940,,,,,,,,,,,,
2026-07-20T16:18:19.824476Z,"{'#attributes': {'Qualifiers': 16384}, '#text': 2405}",DC01.darkzero.htb,Microsoft-Windows-ActiveDirectory_DomainService,Directory Service,807,4,,Privileged Access Management Feature,,,,,,,,,,,,
2026-07-20T16:18:19.824476Z,"{'#attributes': {'Qualifiers': 16384}, '#text': 2120}",DC01.darkzero.htb,Microsoft-Windows-ActiveDirectory_DomainService,Directory Service,808,4,,,,,,,,,,,,,,
2026-07-20T16:18:19.824476Z,"{'#attributes': {'Qualifiers': 16384}, '#text': 2405}",DC01.darkzero.htb,Microsoft-Windows-ActiveDirectory_DomainService,Directory Service,809,4,,Recycle Bin Feature,,,,,,,,,,,,
2026-07-20T16:18:19.824476Z,"{'#attributes': {'Qualifiers': 16384}, '#text': 2405}",DC01.darkzero.htb,Microsoft-Windows-ActiveDirectory_DomainService,Directory Service,810,4,,Database 32k Pages Feature,,,,,,,,,,,,
2026-07-20T16:18:29.862151Z,"{'#attributes': {'Qualifiers': 16384}, '#text': 1000}",DC01.darkzero.htb,Microsoft-Windows-ActiveDirectory_DomainService,Directory Service,811,4,,,,,,,,,,,,,,
2026-07-20T16:18:59.878718Z,"{'#attributes': {'Qualifiers': 16384}, '#text': 1394}",DC01.darkzero.htb,Microsoft-Windows-ActiveDirectory_DomainService,Directory Service,812,4,,,,,,,,,,,,,,
2026-07-20T16:24:12.010696Z,"{'#attributes': {'Qualifiers': 16384}, '#text': 2179}",DC01.darkzero.htb,Microsoft-Windows-ActiveDirectory_DomainService,Directory Service,813,4,,7717295651777792940,,,,,,,,,,,,
2026-07-20T16:24:12.358758Z,"{'#attributes': {'Qualifiers': 16384}, '#text': 1004}",DC01.darkzero.htb,Microsoft-Windows-ActiveDirectory_DomainService,Directory Service,814,4,,,,,,,,,,,,,,
2026-07-20T19:27:20.432372Z,"{'#attributes': {'Qualifiers': 32768}, '#text': 3051}",DC01.darkzero.htb,Microsoft-Windows-ActiveDirectory_DomainService,Directory Service,815,3,,,,,,,,,,,,,,
2026-07-20T19:27:20.432372Z,"{'#attributes': {'Qualifiers': 32768}, '#text': 3054}",DC01.darkzero.htb,Microsoft-Windows-ActiveDirectory_DomainService,Directory Service,816,3,,,,,,,,,,,,,,
2026-07-20T19:27:20.683588Z,"{'#attributes': {'Qualifiers': 16384}, '#text': 2121}",DC01.darkzero.htb,Microsoft-Windows-ActiveDirectory_DomainService,Directory Service,817,4,,,,,,,,,,,,,,
2026-07-20T19:27:20.683588Z,"{'#attributes': {'Qualifiers': 16384}, '#text': 2406}",DC01.darkzero.htb,Microsoft-Windows-ActiveDirectory_DomainService,Directory Service,818,4,,Recycle Bin Feature,,,,,,,,,,,,
2026-07-20T19:27:20.683588Z,"{'#attributes': {'Qualifiers': 16384}, '#text': 2406}",DC01.darkzero.htb,Microsoft-Windows-ActiveDirectory_DomainService,Directory Service,819,4,,Privileged Access Management Feature,,,,,,,,,,,,
2026-07-20T19:27:20.683588Z,"{'#attributes': {'Qualifiers': 16384}, '#text': 2406}",DC01.darkzero.htb,Microsoft-Windows-ActiveDirectory_DomainService,Directory Service,820,4,,Database 32k Pages Feature,,,,,,,,,,,,
2026-07-20T19:27:20.685892Z,"{'#attributes': {'Qualifiers': 16384}, '#text': 2168}",DC01.darkzero.htb,Microsoft-Windows-ActiveDirectory_DomainService,Directory Service,821,4,,5399198234791390327,,,,,,,,,,,,
2026-07-20T19:27:20.685892Z,"{'#attributes': {'Qualifiers': 16384}, '#text': 2172}",DC01.darkzero.htb,Microsoft-Windows-ActiveDirectory_DomainService,Directory Service,822,4,,7717295651777792940,,,,,,,,,,,,
2026-07-20T19:27:20.685892Z,"{'#attributes': {'Qualifiers': 32768}, '#text': 2170}",DC01.darkzero.htb,Microsoft-Windows-ActiveDirectory_DomainService,Directory Service,823,3,,,7717295651777792940,5399198234791390327,,,,,,,,,,
2026-07-20T19:27:20.694039Z,"{'#attributes': {'Qualifiers': 16384}, '#text': 1109}",DC01.darkzero.htb,Microsoft-Windows-ActiveDirectory_DomainService,Directory Service,824,4,,,07405c1d-e88a-47b5-8ffd-48d41ad477db,0edc31a3-1cea-4db7-96b8-c86a14850f8b,,,127005,,,,,,,
2026-07-20T19:27:20.720936Z,"{'#attributes': {'Qualifiers': 16384}, '#text': 2208}",DC01.darkzero.htb,Microsoft-Windows-ActiveDirectory_DomainService,Directory Service,825,4,,,,,,,,,,,,,,
2026-07-20T19:27:20.727027Z,"{'#attributes': {'Qualifiers': 16384}, '#text': 2179}",DC01.darkzero.htb,Microsoft-Windows-ActiveDirectory_DomainService,Directory Service,826,4,,5399198234791390327,,,,,,,,,,,,
2026-07-20T19:27:20.743008Z,"{'#attributes': {'Qualifiers': 16384}, '#text': 2405}",DC01.darkzero.htb,Microsoft-Windows-ActiveDirectory_DomainService,Directory Service,827,4,,Privileged Access Management Feature,,,,,,,,,,,,
2026-07-20T19:27:20.743008Z,"{'#attributes': {'Qualifiers': 16384}, '#text': 2120}",DC01.darkzero.htb,Microsoft-Windows-ActiveDirectory_DomainService,Directory Service,828,4,,,,,,,,,,,,,,
2026-07-20T19:27:20.743008Z,"{'#attributes': {'Qualifiers': 16384}, '#text': 2405}",DC01.darkzero.htb,Microsoft-Windows-ActiveDirectory_DomainService,Directory Service,829,4,,Recycle Bin Feature,,,,,,,,,,,,
2026-07-20T19:27:20.743008Z,"{'#attributes': {'Qualifiers': 16384}, '#text': 2405}",DC01.darkzero.htb,Microsoft-Windows-ActiveDirectory_DomainService,Directory Service,830,4,,Database 32k Pages Feature,,,,,,,,,,,,
2026-07-20T19:27:30.819194Z,"{'#attributes': {'Qualifiers': 16384}, '#text': 1000}",DC01.darkzero.htb,Microsoft-Windows-ActiveDirectory_DomainService,Directory Service,831,4,,,,,,,,,,,,,,
2026-07-20T19:28:00.840725Z,"{'#attributes': {'Qualifiers': 16384}, '#text': 1394}",DC01.darkzero.htb,Microsoft-Windows-ActiveDirectory_DomainService,Directory Service,832,4,,,,,,,,,,,,,,
2026-07-20T19:42:31.191353Z,"{'#attributes': {'Qualifiers': 0}, '#text': 102}",DC01.darkzero.htb,NTDS ISAM,Directory Service,833,4,,,NTDS,"888,P,98,0",,,NTDSA: ,0,10,00,26100,0000,,
2026-07-20T19:42:31.192015Z,"{'#attributes': {'Qualifiers': 0}, '#text': 105}",DC01.darkzero.htb,NTDS ISAM,Directory Service,834,4,,,NTDS,"888,D,0,0",,,NTDSA: ,0,0.110,"
[1] 0.001927 +J(0) +M(C:0K, Fs:184, WS:716K # 112K, PF:5420K # 2420K, P:5420K)
[2] 0.005681 +J(0) +M(C:64K, Fs:95, WS:368K # 368K, PF:364K # 364K, P:364K)
[3] 0.000502 +J(0) +M(C:0K, Fs:3, WS:12K # 12K, PF:64K # 64K, P:64K)
[4] 0.013996 -0.000355 (1) WT +J(0) +M(C:0K, Fs:144, WS:496K # 496K, PF:6868K # 6868K, P:6868K)
[5] 0.000391 +J(0) +M(C:0K, Fs:1, WS:4K # 4K, PF:0K # 0K, P:0K)
[6] 0.005658 +J(0) +M(C:0K, Fs:21, WS:80K # 80K, PF:16K # 16K, P:16K)
[7] 0.050590 -0.042940 (21) WT +J(0) +M(C:0K, Fs:2578, WS:10288K # 10288K, PF:10260K # 10260K, P:10260K)
[8] -
[9] -
[10] -
[11] -
[12] -
[13] 0.029313 -0.023371 (22) WT +J(CM:0, PgRf:0, Rd:0/0, Dy:0/0, Lg:616/1) +M(C:0K, Fs:14, WS:-10200K # 24K, PF:-10256K # 12K, P:-10256K)
[14] 0.000030 +J(0) +M(C:0K, Fs:1, WS:4K # 0K, PF:0K # 0K, P:0K)
[15] 0.001037 +J(0) +M(C:0K, Fs:615, WS:2460K # 0K, PF:64K # 0K, P:64K)
[16] 0.000802 -0.000461 (1) WT +J(0) +M(C:0K, Fs:3, WS:4K # 0K, PF:4K # 0K, P:4K).","RBSOn = 0
",,,
2026-07-20T19:42:31.192330Z,"{'#attributes': {'Qualifiers': 0}, '#text': 330}",DC01.darkzero.htb,NTDS ISAM,Directory Service,835,4,,,NTDS,"888,D,50,0",,,NTDSA: ,C:\Windows\NTDS\ntds.dit,0x2580 (9600),9600 (0x2580),9620 (0x2594),,,
2026-07-20T19:42:31.192758Z,"{'#attributes': {'Qualifiers': 0}, '#text': 326}",DC01.darkzero.htb,NTDS ISAM,Directory Service,836,4,,,NTDS,"888,D,50,0",,,NTDSA: ,1,C:\Windows\NTDS\ntds.dit,0,"
[1] 0.000005 +J(0) +M(C:0K, Fs:1, WS:4K # 0K, PF:0K # 0K, P:0K)
[2] 0.000697 -0.000396 (1) WT +J(0) +M(C:0K, Fs:26, WS:40K # 0K, PF:32K # 0K, P:32K)
[3] 0.009661 -0.004613 (6) WT +J(CM:0, PgRf:0, Rd:0/0, Dy:0/0, Lg:3480/2) +M(C:0K, Fs:40, WS:128K # 0K, PF:128K # 0K, P:128K)
[4] 0.001060 +J(0) +M(C:0K, Fs:1, WS:4K # 0K, PF:0K # 0K, P:0K)
[5] -
[6] 0.006326 -0.002275 (2) CM -0.002188 (2) WT +J(CM:2, PgRf:2, Rd:0/2, Dy:0/0, Lg:0/0) +M(C:-56K, Fs:65, WS:204K # 0K, PF:144K # 0K, P:144K)
[7] 0.000005 +J(0)
[8] 0.003747 -0.000576 (1) CM -0.000521 (1) WT +J(CM:1, PgRf:1, Rd:4/1, Dy:0/0, Lg:0/0) +M(C:156K, Fs:63, WS:220K # 0K, PF:356K # 0K, P:356K)
[9] -
[10] -
[11] -
[12] 0.000309 +J(CM:0, PgRf:0, Rd:0/0, Dy:0/0, Lg:54/1) +M(C:0K, Fs:3, WS:12K # 0K, PF:20K # 0K, P:20K)
[13] 0.005545 -0.003749 (3) CM -0.003632 (3) WT +J(CM:3, PgRf:23, Rd:0/3, Dy:0/0, Lg:0/0) +M(C:-116K, Fs:29, WS:0K # 0K, PF:-80K # 0K, P:-80K)
[14] 0.002161 -0.001927 (2) CM -0.001850 (2) WT +J(CM:2, PgRf:40, Rd:0/2, Dy:0/0, Lg:0/0) +M(C:-24K, Fs:9, WS:-12K # 0K, PF:40K # 0K, P:40K)
[15] 0.000009 +J(CM:0, PgRf:1, Rd:0/0, Dy:0/0, Lg:0/0)
[16] 0.000012 +J(CM:0, PgRf:1, Rd:0/0, Dy:0/0, Lg:0/0) +M(C:0K, Fs:1, WS:4K # 0K, PF:0K # 0K, P:0K)
[17] 0.000076 +J(CM:0, PgRf:48, Rd:0/0, Dy:0/0, Lg:0/0) +M(C:0K, Fs:6, WS:24K # 0K, PF:0K # 0K, P:0K)
[18] 0.0 +J(0)
[19] 0.0 +J(0)
[20] 0.000023 +J(CM:0, PgRf:2, Rd:0/0, Dy:0/0, Lg:0/0) +M(C:0K, Fs:3, WS:12K # 0K, PF:0K # 0K, P:0K).",0 0,"lgposAttach = 00000003:013D:0268,
dbv = 1568.290.600 (9600)",
2026-07-20T19:42:31.193204Z,"{'#attributes': {'Qualifiers': 0}, '#text': 330}",DC01.darkzero.htb,NTDS ISAM,Directory Service,837,4,,,NTDS,"888,D,2,0",,,NTDSA: ,C:\Windows\NTDS\temp.edb,0x2580 (9600),9600 (0x2580),9620 (0x2594),,,
2026-07-20T19:42:31.193558Z,"{'#attributes': {'Qualifiers': 0}, '#text': 700}",DC01.darkzero.htb,NTDS ISAM,Directory Service,838,4,,,NTDS,"888,D,0,0",,,NTDSA: ,C:\Windows\NTDS\ntds.dit,,,,,,
2026-07-20T19:42:31.345903Z,"{'#attributes': {'Qualifiers': 0}, '#text': 701}",DC01.darkzero.htb,NTDS ISAM,Directory Service,839,4,,,NTDS,"888,D,0,0",,,NTDSA: ,C:\Windows\NTDS\ntds.dit,0,7/20/2026,0,1,1,21
2026-07-20T19:42:30.948376Z,"{'#attributes': {'Qualifiers': 16384}, '#text': 1869}",DC01.darkzero.htb,Microsoft-Windows-ActiveDirectory_DomainService,Directory Service,840,4,,,\\DC01.darkzero.htb,Default-First-Site-Name,,,,,,,,,,
2026-07-20T19:42:31.180433Z,"{'#attributes': {'Qualifiers': 16384}, '#text': 3033}",DC01.darkzero.htb,Microsoft-Windows-ActiveDirectory_DomainService,Directory Service,841,4,,,,,,,,,,,,,,
2026-07-20T19:42:31.180433Z,"{'#attributes': {'Qualifiers': 16384}, '#text': 3027}",DC01.darkzero.htb,Microsoft-Windows-ActiveDirectory_DomainService,Directory Service,842,4,,3600,,,,,,,,,,,,
2026-07-20T20:27:16.629134Z,"{'#attributes': {'Qualifiers': 16384}, '#text': 2179}",DC01.darkzero.htb,Microsoft-Windows-ActiveDirectory_DomainService,Directory Service,843,4,,5399198234791390327,,,,,,,,,,,,
2026-07-20T20:27:16.800415Z,"{'#attributes': {'Qualifiers': 16384}, '#text': 1004}",DC01.darkzero.htb,Microsoft-Windows-ActiveDirectory_DomainService,Directory Service,844,4,,,,,,,,,,,,,,
2026-07-21T12:23:32.359927Z,"{'#attributes': {'Qualifiers': 32768}, '#text': 3051}",DC01.darkzero.htb,Microsoft-Windows-ActiveDirectory_DomainService,Directory Service,845,3,,,,,,,,,,,,,,
2026-07-21T12:23:32.359927Z,"{'#attributes': {'Qualifiers': 32768}, '#text': 3054}",DC01.darkzero.htb,Microsoft-Windows-ActiveDirectory_DomainService,Directory Service,846,3,,,,,,,,,,,,,,
2026-07-21T12:23:32.546396Z,"{'#attributes': {'Qualifiers': 16384}, '#text': 2121}",DC01.darkzero.htb,Microsoft-Windows-ActiveDirectory_DomainService,Directory Service,847,4,,,,,,,,,,,,,,
2026-07-21T12:23:32.546396Z,"{'#attributes': {'Qualifiers': 16384}, '#text': 2406}",DC01.darkzero.htb,Microsoft-Windows-ActiveDirectory_DomainService,Directory Service,848,4,,Recycle Bin Feature,,,,,,,,,,,,
2026-07-21T12:23:32.546396Z,"{'#attributes': {'Qualifiers': 16384}, '#text': 2406}",DC01.darkzero.htb,Microsoft-Windows-ActiveDirectory_DomainService,Directory Service,849,4,,Privileged Access Management Feature,,,,,,,,,,,,
2026-07-21T12:23:32.546396Z,"{'#attributes': {'Qualifiers': 16384}, '#text': 2406}",DC01.darkzero.htb,Microsoft-Windows-ActiveDirectory_DomainService,Directory Service,850,4,,Database 32k Pages Feature,,,,,,,,,,,,
2026-07-21T12:23:32.548428Z,"{'#attributes': {'Qualifiers': 16384}, '#text': 2168}",DC01.darkzero.htb,Microsoft-Windows-ActiveDirectory_DomainService,Directory Service,851,4,,6588564651763685020,,,,,,,,,,,,
2026-07-21T12:23:32.548428Z,"{'#attributes': {'Qualifiers': 16384}, '#text': 2172}",DC01.darkzero.htb,Microsoft-Windows-ActiveDirectory_DomainService,Directory Service,852,4,,5399198234791390327,,,,,,,,,,,,
2026-07-21T12:23:32.548428Z,"{'#attributes': {'Qualifiers': 32768}, '#text': 2170}",DC01.darkzero.htb,Microsoft-Windows-ActiveDirectory_DomainService,Directory Service,853,3,,,5399198234791390327,6588564651763685020,,,,,,,,,,
2026-07-21T12:23:32.556055Z,"{'#attributes': {'Qualifiers': 16384}, '#text': 1109}",DC01.darkzero.htb,Microsoft-Windows-ActiveDirectory_DomainService,Directory Service,854,4,,,0edc31a3-1cea-4db7-96b8-c86a14850f8b,8f22cc2c-5e52-44f7-921d-1d0ad187b5f4,,,131102,,,,,,,
2026-07-21T12:23:32.587500Z,"{'#attributes': {'Qualifiers': 16384}, '#text': 2208}",DC01.darkzero.htb,Microsoft-Windows-ActiveDirectory_DomainService,Directory Service,855,4,,,,,,,,,,,,,,
2026-07-21T12:23:32.597781Z,"{'#attributes': {'Qualifiers': 16384}, '#text': 2179}",DC01.darkzero.htb,Microsoft-Windows-ActiveDirectory_DomainService,Directory Service,856,4,,6588564651763685020,,,,,,,,,,,,
2026-07-21T12:23:32.611692Z,"{'#attributes': {'Qualifiers': 16384}, '#text': 2405}",DC01.darkzero.htb,Microsoft-Windows-ActiveDirectory_DomainService,Directory Service,857,4,,Privileged Access Management Feature,,,,,,,,,,,,
2026-07-21T12:23:32.611692Z,"{'#attributes': {'Qualifiers': 16384}, '#text': 2120}",DC01.darkzero.htb,Microsoft-Windows-ActiveDirectory_DomainService,Directory Service,858,4,,,,,,,,,,,,,,
2026-07-21T12:23:32.611692Z,"{'#attributes': {'Qualifiers': 16384}, '#text': 2405}",DC01.darkzero.htb,Microsoft-Windows-ActiveDirectory_DomainService,Directory Service,859,4,,Recycle Bin Feature,,,,,,,,,,,,
2026-07-21T12:23:32.611692Z,"{'#attributes': {'Qualifiers': 16384}, '#text': 2405}",DC01.darkzero.htb,Microsoft-Windows-ActiveDirectory_DomainService,Directory Service,860,4,,Database 32k Pages Feature,,,,,,,,,,,,
2026-07-21T12:23:42.662172Z,"{'#attributes': {'Qualifiers': 16384}, '#text': 1000}",DC01.darkzero.htb,Microsoft-Windows-ActiveDirectory_DomainService,Directory Service,861,4,,,,,,,,,,,,,,
2026-07-21T12:24:12.747129Z,"{'#attributes': {'Qualifiers': 16384}, '#text': 1394}",DC01.darkzero.htb,Microsoft-Windows-ActiveDirectory_DomainService,Directory Service,862,4,,,,,,,,,,,,,,
2026-07-21T12:38:43.147402Z,"{'#attributes': {'Qualifiers': 0}, '#text': 102}",DC01.darkzero.htb,NTDS ISAM,Directory Service,863,4,,,NTDS,"880,P,98,0",,,NTDSA: ,0,10,00,26100,0000,,
2026-07-21T12:38:43.148128Z,"{'#attributes': {'Qualifiers': 0}, '#text': 105}",DC01.darkzero.htb,NTDS ISAM,Directory Service,864,4,,,NTDS,"880,D,0,0",,,NTDSA: ,0,0.142,"
[1] 0.002292 +J(0) +M(C:0K, Fs:184, WS:716K # 112K, PF:5420K # 2416K, P:5420K)
[2] 0.025025 +J(0) +M(C:64K, Fs:95, WS:368K # 368K, PF:364K # 364K, P:364K)
[3] 0.000474 +J(0) +M(C:0K, Fs:3, WS:12K # 12K, PF:64K # 64K, P:64K)
[4] 0.019937 -0.001759 (1) WT +J(0) +M(C:0K, Fs:146, WS:508K # 508K, PF:6852K # 6852K, P:6852K)
[5] 0.000493 +J(0)
[6] 0.003917 +J(0) +M(C:0K, Fs:21, WS:80K # 80K, PF:16K # 16K, P:16K)
[7] 0.046197 -0.037651 (21) WT +J(0) +M(C:0K, Fs:2578, WS:10288K # 10288K, PF:10260K # 10260K, P:10260K)
[8] -
[9] -
[10] -
[11] -
[12] -
[13] 0.042088 -0.035750 (22) WT +J(CM:0, PgRf:0, Rd:0/0, Dy:0/0, Lg:616/1) +M(C:0K, Fs:14, WS:-10200K # 24K, PF:-10256K # 12K, P:-10256K)
[14] 0.000028 +J(0) +M(C:0K, Fs:1, WS:4K # 0K, PF:0K # 0K, P:0K)
[15] 0.000889 +J(0) +M(C:0K, Fs:615, WS:2460K # 0K, PF:64K # 0K, P:64K)
[16] 0.000696 -0.000423 (1) WT +J(0) +M(C:0K, Fs:3, WS:4K # 0K, PF:4K # 0K, P:4K).","RBSOn = 0
",,,
2026-07-21T12:38:43.148577Z,"{'#attributes': {'Qualifiers': 0}, '#text': 330}",DC01.darkzero.htb,NTDS ISAM,Directory Service,865,4,,,NTDS,"880,D,50,0",,,NTDSA: ,C:\Windows\NTDS\ntds.dit,0x2580 (9600),9600 (0x2580),9620 (0x2594),,,
2026-07-21T12:38:43.149000Z,"{'#attributes': {'Qualifiers': 0}, '#text': 326}",DC01.darkzero.htb,NTDS ISAM,Directory Service,866,4,,,NTDS,"880,D,50,0",,,NTDSA: ,1,C:\Windows\NTDS\ntds.dit,0,"
[1] 0.000006 +J(0) +M(C:0K, Fs:1, WS:4K # 0K, PF:0K # 0K, P:0K)
[2] 0.001100 -0.000711 (1) WT +J(0) +M(C:0K, Fs:26, WS:40K # 0K, PF:32K # 0K, P:32K)
[3] 0.008687 -0.003771 (6) WT +J(CM:0, PgRf:0, Rd:0/0, Dy:0/0, Lg:3480/2) +M(C:0K, Fs:40, WS:124K # 0K, PF:128K # 0K, P:128K)
[4] 0.001086 +J(0) +M(C:0K, Fs:1, WS:4K # 0K, PF:0K # 0K, P:0K)
[5] -
[6] 0.004437 -0.000951 (2) CM -0.000867 (2) WT +J(CM:2, PgRf:2, Rd:0/2, Dy:0/0, Lg:0/0) +M(C:-56K, Fs:65, WS:204K # 0K, PF:144K # 0K, P:144K)
[7] 0.000004 +J(0)
[8] 0.004094 -0.000767 (1) CM -0.000722 (1) WT +J(CM:1, PgRf:1, Rd:4/1, Dy:0/0, Lg:0/0) +M(C:156K, Fs:62, WS:220K # 0K, PF:352K # 0K, P:352K)
[9] -
[10] -
[11] -
[12] 0.000318 +J(CM:0, PgRf:0, Rd:0/0, Dy:0/0, Lg:54/1) +M(C:0K, Fs:4, WS:16K # 0K, PF:24K # 0K, P:24K)
[13] 0.004136 -0.002365 (3) CM -0.002243 (3) WT +J(CM:3, PgRf:23, Rd:0/3, Dy:0/0, Lg:0/0) +M(C:-116K, Fs:33, WS:-4K # 0K, PF:-84K # 0K, P:-84K)
[14] 0.002647 -0.002337 (3) CM -0.002225 (3) WT +J(CM:3, PgRf:40, Rd:0/3, Dy:0/0, Lg:0/0) +M(C:0K, Fs:22, WS:12K # 0K, PF:64K # 0K, P:64K)
[15] 0.000666 -0.000602 (1) CM -0.000564 (1) WT +J(CM:1, PgRf:1, Rd:0/1, Dy:0/0, Lg:0/0) +M(C:0K, Fs:7, WS:0K # 0K, PF:0K # 0K, P:0K)
[16] 0.000023 +J(CM:0, PgRf:1, Rd:0/0, Dy:0/0, Lg:0/0) +M(C:0K, Fs:1, WS:4K # 0K, PF:0K # 0K, P:0K)
[17] 0.000085 +J(CM:0, PgRf:48, Rd:0/0, Dy:0/0, Lg:0/0) +M(C:0K, Fs:6, WS:24K # 0K, PF:0K # 0K, P:0K)
[18] 0.000001 +J(0)
[19] 0.0 +J(0)
[20] 0.000024 +J(CM:0, PgRf:2, Rd:0/0, Dy:0/0, Lg:0/0) +M(C:0K, Fs:3, WS:12K # 0K, PF:0K # 0K, P:0K).",0 0,"lgposAttach = 00000003:015D:0268,
dbv = 1568.290.600 (9600)",
2026-07-21T12:38:43.149397Z,"{'#attributes': {'Qualifiers': 0}, '#text': 330}",DC01.darkzero.htb,NTDS ISAM,Directory Service,867,4,,,NTDS,"880,D,2,0",,,NTDSA: ,C:\Windows\NTDS\temp.edb,0x2580 (9600),9600 (0x2580),9620 (0x2594),,,
2026-07-21T12:38:43.149865Z,"{'#attributes': {'Qualifiers': 0}, '#text': 700}",DC01.darkzero.htb,NTDS ISAM,Directory Service,868,4,,,NTDS,"880,D,0,0",,,NTDSA: ,C:\Windows\NTDS\ntds.dit,,,,,,
2026-07-21T12:38:43.330559Z,"{'#attributes': {'Qualifiers': 0}, '#text': 701}",DC01.darkzero.htb,NTDS ISAM,Directory Service,869,4,,,NTDS,"880,D,0,0",,,NTDSA: ,C:\Windows\NTDS\ntds.dit,0,7/21/2026,0,1,1,22
2026-07-21T12:38:42.690336Z,"{'#attributes': {'Qualifiers': 16384}, '#text': 1869}",DC01.darkzero.htb,Microsoft-Windows-ActiveDirectory_DomainService,Directory Service,870,4,,,\\DC01.darkzero.htb,Default-First-Site-Name,,,,,,,,,,
2026-07-21T12:38:43.140080Z,"{'#attributes': {'Qualifiers': 16384}, '#text': 3033}",DC01.darkzero.htb,Microsoft-Windows-ActiveDirectory_DomainService,Directory Service,871,4,,,,,,,,,,,,,,
2026-07-21T12:38:43.140080Z,"{'#attributes': {'Qualifiers': 16384}, '#text': 3027}",DC01.darkzero.htb,Microsoft-Windows-ActiveDirectory_DomainService,Directory Service,872,4,,3600,,,,,,,,,,,,
2026-07-21T13:18:35.549090Z,"{'#attributes': {'Qualifiers': 16384}, '#text': 2179}",DC01.darkzero.htb,Microsoft-Windows-ActiveDirectory_DomainService,Directory Service,873,4,,6588564651763685020,,,,,,,,,,,,
2026-07-21T13:18:36.197706Z,"{'#attributes': {'Qualifiers': 16384}, '#text': 1004}",DC01.darkzero.htb,Microsoft-Windows-ActiveDirectory_DomainService,Directory Service,874,4,,,,,,,,,,,,,,
2026-07-23T12:23:24.165263Z,"{'#attributes': {'Qualifiers': 32768}, '#text': 3051}",DC01.darkzero.htb,Microsoft-Windows-ActiveDirectory_DomainService,Directory Service,875,3,,,,,,,,,,,,,,
2026-07-23T12:23:24.165263Z,"{'#attributes': {'Qualifiers': 32768}, '#text': 3054}",DC01.darkzero.htb,Microsoft-Windows-ActiveDirectory_DomainService,Directory Service,876,3,,,,,,,,,,,,,,
2026-07-23T12:23:24.379731Z,"{'#attributes': {'Qualifiers': 16384}, '#text': 2121}",DC01.darkzero.htb,Microsoft-Windows-ActiveDirectory_DomainService,Directory Service,877,4,,,,,,,,,,,,,,
2026-07-23T12:23:24.379731Z,"{'#attributes': {'Qualifiers': 16384}, '#text': 2406}",DC01.darkzero.htb,Microsoft-Windows-ActiveDirectory_DomainService,Directory Service,878,4,,Recycle Bin Feature,,,,,,,,,,,,
2026-07-23T12:23:24.379731Z,"{'#attributes': {'Qualifiers': 16384}, '#text': 2406}",DC01.darkzero.htb,Microsoft-Windows-ActiveDirectory_DomainService,Directory Service,879,4,,Privileged Access Management Feature,,,,,,,,,,,,
2026-07-23T12:23:24.379731Z,"{'#attributes': {'Qualifiers': 16384}, '#text': 2406}",DC01.darkzero.htb,Microsoft-Windows-ActiveDirectory_DomainService,Directory Service,880,4,,Database 32k Pages Feature,,,,,,,,,,,,
2026-07-23T12:23:24.381762Z,"{'#attributes': {'Qualifiers': 16384}, '#text': 2168}",DC01.darkzero.htb,Microsoft-Windows-ActiveDirectory_DomainService,Directory Service,881,4,,553944325343950857,,,,,,,,,,,,
2026-07-23T12:23:24.381762Z,"{'#attributes': {'Qualifiers': 16384}, '#text': 2172}",DC01.darkzero.htb,Microsoft-Windows-ActiveDirectory_DomainService,Directory Service,882,4,,6588564651763685020,,,,,,,,,,,,
2026-07-23T12:23:24.381762Z,"{'#attributes': {'Qualifiers': 32768}, '#text': 2170}",DC01.darkzero.htb,Microsoft-Windows-ActiveDirectory_DomainService,Directory Service,883,3,,,6588564651763685020,553944325343950857,,,,,,,,,,
2026-07-23T12:23:24.390393Z,"{'#attributes': {'Qualifiers': 16384}, '#text': 1109}",DC01.darkzero.htb,Microsoft-Windows-ActiveDirectory_DomainService,Directory Service,884,4,,,8f22cc2c-5e52-44f7-921d-1d0ad187b5f4,b1a7fec8-b910-4b75-9044-a7b62d87efa8,,,135199,,,,,,,
2026-07-23T12:23:24.413927Z,"{'#attributes': {'Qualifiers': 16384}, '#text': 2208}",DC01.darkzero.htb,Microsoft-Windows-ActiveDirectory_DomainService,Directory Service,885,4,,,,,,,,,,,,,,
2026-07-23T12:23:24.421842Z,"{'#attributes': {'Qualifiers': 16384}, '#text': 2179}",DC01.darkzero.htb,Microsoft-Windows-ActiveDirectory_DomainService,Directory Service,886,4,,553944325343950857,,,,,,,,,,,,
2026-07-23T12:23:24.437797Z,"{'#attributes': {'Qualifiers': 16384}, '#text': 2405}",DC01.darkzero.htb,Microsoft-Windows-ActiveDirectory_DomainService,Directory Service,887,4,,Privileged Access Management Feature,,,,,,,,,,,,
2026-07-23T12:23:24.437797Z,"{'#attributes': {'Qualifiers': 16384}, '#text': 2120}",DC01.darkzero.htb,Microsoft-Windows-ActiveDirectory_DomainService,Directory Service,888,4,,,,,,,,,,,,,,
2026-07-23T12:23:24.437797Z,"{'#attributes': {'Qualifiers': 16384}, '#text': 2405}",DC01.darkzero.htb,Microsoft-Windows-ActiveDirectory_DomainService,Directory Service,889,4,,Recycle Bin Feature,,,,,,,,,,,,
2026-07-23T12:23:24.437797Z,"{'#attributes': {'Qualifiers': 16384}, '#text': 2405}",DC01.darkzero.htb,Microsoft-Windows-ActiveDirectory_DomainService,Directory Service,890,4,,Database 32k Pages Feature,,,,,,,,,,,,
2026-07-23T12:23:34.453908Z,"{'#attributes': {'Qualifiers': 16384}, '#text': 1000}",DC01.darkzero.htb,Microsoft-Windows-ActiveDirectory_DomainService,Directory Service,891,4,,,,,,,,,,,,,,
2026-07-23T12:24:04.468850Z,"{'#attributes': {'Qualifiers': 16384}, '#text': 1394}",DC01.darkzero.htb,Microsoft-Windows-ActiveDirectory_DomainService,Directory Service,892,4,,,,,,,,,,,,,,
2026-07-23T12:29:04.019434Z,"{'#attributes': {'Qualifiers': 16384}, '#text': 2179}",DC01.darkzero.htb,Microsoft-Windows-ActiveDirectory_DomainService,Directory Service,893,4,,553944325343950857,,,,,,,,,,,,
2026-07-23T12:29:04.393908Z,"{'#attributes': {'Qualifiers': 16384}, '#text': 1004}",DC01.darkzero.htb,Microsoft-Windows-ActiveDirectory_DomainService,Directory Service,894,4,,,,,,,,,,,,,,
2026-07-23T12:29:42.929724Z,"{'#attributes': {'Qualifiers': 32768}, '#text': 3051}",DC01.darkzero.htb,Microsoft-Windows-ActiveDirectory_DomainService,Directory Service,895,3,,,,,,,,,,,,,,
2026-07-23T12:29:42.929724Z,"{'#attributes': {'Qualifiers': 32768}, '#text': 3054}",DC01.darkzero.htb,Microsoft-Windows-ActiveDirectory_DomainService,Directory Service,896,3,,,,,,,,,,,,,,
2026-07-23T12:29:43.149913Z,"{'#attributes': {'Qualifiers': 16384}, '#text': 2121}",DC01.darkzero.htb,Microsoft-Windows-ActiveDirectory_DomainService,Directory Service,897,4,,,,,,,,,,,,,,
