TimeGenerated,EventID,Computer,Provider,Channel,RecordID,Level,authFailureMessage,commandId,connection,errorCode,operationName,optionCode,optionName,optionValue,resourceUri,shellId
2025-03-24T03:37:39.576918Z,208,WIN-10087MEU94D,Microsoft-Windows-WinRM,Microsoft-Windows-WinRM/Operational,1,4,,,,,,,,,,
2025-03-24T03:37:39.893117Z,209,WIN-10087MEU94D,Microsoft-Windows-WinRM,Microsoft-Windows-WinRM/Operational,2,4,,,,,,,,,,
2025-03-24T03:37:41.664641Z,211,WIN-10087MEU94D,Microsoft-Windows-WinRM,Microsoft-Windows-WinRM/Operational,3,4,,,,,,,,,,
2025-03-24T03:37:42.179561Z,212,WIN-10087MEU94D,Microsoft-Windows-WinRM,Microsoft-Windows-WinRM/Operational,4,4,,,,,,,,,,
2025-03-24T03:38:04.259007Z,208,WIN-10087MEU94D,Microsoft-Windows-WinRM,Microsoft-Windows-WinRM/Operational,5,4,,,,,,,,,,
2025-03-24T03:38:04.395996Z,209,WIN-10087MEU94D,Microsoft-Windows-WinRM,Microsoft-Windows-WinRM/Operational,6,4,,,,,,,,,,
2025-03-24T03:38:45.388472Z,145,WIN-10087MEU94D,Microsoft-Windows-WinRM,Microsoft-Windows-WinRM/Operational,7,4,,,,,Identify,,,,NotSpecified,
2025-03-24T03:38:45.410173Z,132,WIN-10087MEU94D,Microsoft-Windows-WinRM,Microsoft-Windows-WinRM/Operational,8,4,,,,,Identify,,,,,
2025-03-24T03:39:00.733645Z,211,WIN-10087MEU94D,Microsoft-Windows-WinRM,Microsoft-Windows-WinRM/Operational,9,4,,,,,,,,,,
2025-03-24T03:39:01.248742Z,212,WIN-10087MEU94D,Microsoft-Windows-WinRM,Microsoft-Windows-WinRM/Operational,10,4,,,,,,,,,,
2025-04-18T19:22:18.267179Z,208,WIN-10087MEU94D,Microsoft-Windows-WinRM,Microsoft-Windows-WinRM/Operational,11,4,,,,,,,,,,
2025-04-18T19:22:18.847547Z,209,WIN-10087MEU94D,Microsoft-Windows-WinRM,Microsoft-Windows-WinRM/Operational,12,4,,,,,,,,,,
2025-04-18T12:22:50.565130Z,145,WIN-10087MEU94D,Microsoft-Windows-WinRM,Microsoft-Windows-WinRM/Operational,13,4,,,,,Identify,,,,NotSpecified,
2025-04-18T12:22:50.594077Z,132,WIN-10087MEU94D,Microsoft-Windows-WinRM,Microsoft-Windows-WinRM/Operational,14,4,,,,,Identify,,,,,
2025-04-18T12:23:16.707104Z,145,WIN-10087MEU94D,Microsoft-Windows-WinRM,Microsoft-Windows-WinRM/Operational,15,4,,,,,Identify,,,,NotSpecified,
2025-04-18T12:23:16.713488Z,132,WIN-10087MEU94D,Microsoft-Windows-WinRM,Microsoft-Windows-WinRM/Operational,16,4,,,,,Identify,,,,,
2025-04-18T12:23:34.363626Z,145,WIN-10087MEU94D,Microsoft-Windows-WinRM,Microsoft-Windows-WinRM/Operational,17,4,,,,,Identify,,,,NotSpecified,
2025-04-18T12:23:34.369285Z,132,WIN-10087MEU94D,Microsoft-Windows-WinRM,Microsoft-Windows-WinRM/Operational,18,4,,,,,Identify,,,,,
2025-04-18T12:23:41.094238Z,211,WIN-10087MEU94D,Microsoft-Windows-WinRM,Microsoft-Windows-WinRM/Operational,19,4,,,,,,,,,,
2025-04-18T12:23:41.618780Z,212,WIN-10087MEU94D,Microsoft-Windows-WinRM,Microsoft-Windows-WinRM/Operational,20,4,,,,,,,,,,
2026-04-05T16:48:27.295639Z,208,WIN-10087MEU94D,Microsoft-Windows-WinRM,Microsoft-Windows-WinRM/Operational,21,4,,,,,,,,,,
2026-04-05T16:48:27.585557Z,209,WIN-10087MEU94D,Microsoft-Windows-WinRM,Microsoft-Windows-WinRM/Operational,22,4,,,,,,,,,,
2026-04-05T16:50:56.913016Z,145,WIN-10087MEU94D,Microsoft-Windows-WinRM,Microsoft-Windows-WinRM/Operational,23,4,,,,,Identify,,,,NotSpecified,
2026-04-05T16:50:56.931429Z,132,WIN-10087MEU94D,Microsoft-Windows-WinRM,Microsoft-Windows-WinRM/Operational,24,4,,,,,Identify,,,,,
2026-04-05T16:52:31.670006Z,211,WIN-10087MEU94D,Microsoft-Windows-WinRM,Microsoft-Windows-WinRM/Operational,25,4,,,,,,,,,,
2026-04-05T16:52:32.206468Z,212,WIN-TTCPK05807O,Microsoft-Windows-WinRM,Microsoft-Windows-WinRM/Operational,26,4,,,,,,,,,,
2026-04-05T16:52:53.569123Z,208,WIN-TTCPK05807O,Microsoft-Windows-WinRM,Microsoft-Windows-WinRM/Operational,27,4,,,,,,,,,,
2026-04-05T16:52:54.031643Z,209,WIN-TTCPK05807O,Microsoft-Windows-WinRM,Microsoft-Windows-WinRM/Operational,28,4,,,,,,,,,,
2026-04-05T16:53:00.343628Z,211,WIN-TTCPK05807O,Microsoft-Windows-WinRM,Microsoft-Windows-WinRM/Operational,29,4,,,,,,,,,,
2026-04-05T16:53:00.854518Z,212,WIN-TTCPK05807O,Microsoft-Windows-WinRM,Microsoft-Windows-WinRM/Operational,30,4,,,,,,,,,,
2026-04-05T16:53:22.293399Z,208,WIN-TTCPK05807O,Microsoft-Windows-WinRM,Microsoft-Windows-WinRM/Operational,31,4,,,,,,,,,,
2026-04-05T16:53:22.479362Z,209,WIN-TTCPK05807O,Microsoft-Windows-WinRM,Microsoft-Windows-WinRM/Operational,32,4,,,,,,,,,,
2026-04-05T16:55:02.043772Z,145,WIN-TTCPK05807O,Microsoft-Windows-WinRM,Microsoft-Windows-WinRM/Operational,33,4,,,,,Identify,,,,NotSpecified,
2026-04-05T16:55:02.071565Z,132,WIN-TTCPK05807O,Microsoft-Windows-WinRM,Microsoft-Windows-WinRM/Operational,34,4,,,,,Identify,,,,,
2026-04-05T16:56:00.682896Z,211,WIN-TTCPK05807O,Microsoft-Windows-WinRM,Microsoft-Windows-WinRM/Operational,35,4,,,,,,,,,,
2026-04-05T16:56:01.209416Z,212,WIN-TTCPK05807O,Microsoft-Windows-WinRM,Microsoft-Windows-WinRM/Operational,36,4,,,,,,,,,,
2026-04-05T16:56:12.037073Z,208,WIN-TTCPK05807O,Microsoft-Windows-WinRM,Microsoft-Windows-WinRM/Operational,37,4,,,,,,,,,,
2026-04-05T16:56:12.718625Z,209,WIN-TTCPK05807O,Microsoft-Windows-WinRM,Microsoft-Windows-WinRM/Operational,38,4,,,,,,,,,,
2026-04-05T16:57:29.601709Z,145,WIN-TTCPK05807O,Microsoft-Windows-WinRM,Microsoft-Windows-WinRM/Operational,39,4,,,,,Identify,,,,NotSpecified,
2026-04-05T16:57:29.631264Z,132,WIN-TTCPK05807O,Microsoft-Windows-WinRM,Microsoft-Windows-WinRM/Operational,40,4,,,,,Identify,,,,,
2026-04-05T16:57:53.010934Z,145,WIN-TTCPK05807O,Microsoft-Windows-WinRM,Microsoft-Windows-WinRM/Operational,41,4,,,,,Identify,,,,NotSpecified,
2026-04-05T16:57:53.022540Z,132,WIN-TTCPK05807O,Microsoft-Windows-WinRM,Microsoft-Windows-WinRM/Operational,42,4,,,,,Identify,,,,,
2026-04-05T16:58:05.233059Z,145,WIN-TTCPK05807O,Microsoft-Windows-WinRM,Microsoft-Windows-WinRM/Operational,43,4,,,,,Identify,,,,NotSpecified,
2026-04-05T16:58:05.243380Z,132,WIN-TTCPK05807O,Microsoft-Windows-WinRM,Microsoft-Windows-WinRM/Operational,44,4,,,,,Identify,,,,,
2026-04-05T17:20:05.244506Z,211,WIN-TTCPK05807O,Microsoft-Windows-WinRM,Microsoft-Windows-WinRM/Operational,45,4,,,,,,,,,,
2026-04-05T17:20:05.804810Z,212,WIN-TTCPK05807O,Microsoft-Windows-WinRM,Microsoft-Windows-WinRM/Operational,46,4,,,,,,,,,,
2026-04-05T17:20:19.603901Z,208,WIN-TTCPK05807O,Microsoft-Windows-WinRM,Microsoft-Windows-WinRM/Operational,47,4,,,,,,,,,,
2026-04-05T17:20:19.921244Z,209,WIN-TTCPK05807O,Microsoft-Windows-WinRM,Microsoft-Windows-WinRM/Operational,48,4,,,,,,,,,,
2026-04-05T17:21:12.397740Z,211,WIN-TTCPK05807O,Microsoft-Windows-WinRM,Microsoft-Windows-WinRM/Operational,49,4,,,,,,,,,,
2026-04-05T17:21:12.923386Z,212,WIN-TTCPK05807O,Microsoft-Windows-WinRM,Microsoft-Windows-WinRM/Operational,50,4,,,,,,,,,,
2026-04-05T17:21:24.985846Z,208,WIN-TTCPK05807O,Microsoft-Windows-WinRM,Microsoft-Windows-WinRM/Operational,51,4,,,,,,,,,,
2026-04-05T17:21:25.273264Z,209,WIN-TTCPK05807O,Microsoft-Windows-WinRM,Microsoft-Windows-WinRM/Operational,52,4,,,,,,,,,,
2026-04-05T17:22:39.070589Z,145,WIN-TTCPK05807O,Microsoft-Windows-WinRM,Microsoft-Windows-WinRM/Operational,53,4,,,,,Identify,,,,NotSpecified,
2026-04-05T17:22:39.109078Z,132,WIN-TTCPK05807O,Microsoft-Windows-WinRM,Microsoft-Windows-WinRM/Operational,54,4,,,,,Identify,,,,,
2026-04-05T17:24:39.170838Z,211,WIN-TTCPK05807O,Microsoft-Windows-WinRM,Microsoft-Windows-WinRM/Operational,55,4,,,,,,,,,,
2026-04-05T17:24:39.710868Z,212,WIN-TTCPK05807O,Microsoft-Windows-WinRM,Microsoft-Windows-WinRM/Operational,56,4,,,,,,,,,,
2026-04-05T17:24:52.389058Z,208,WIN-TTCPK05807O,Microsoft-Windows-WinRM,Microsoft-Windows-WinRM/Operational,57,4,,,,,,,,,,
2026-04-05T17:24:52.916725Z,209,WIN-TTCPK05807O,Microsoft-Windows-WinRM,Microsoft-Windows-WinRM/Operational,58,4,,,,,,,,,,
2026-04-05T17:26:01.759888Z,145,WIN-TTCPK05807O,Microsoft-Windows-WinRM,Microsoft-Windows-WinRM/Operational,59,4,,,,,Identify,,,,NotSpecified,
2026-04-05T17:26:01.796981Z,132,WIN-TTCPK05807O,Microsoft-Windows-WinRM,Microsoft-Windows-WinRM/Operational,60,4,,,,,Identify,,,,,
2026-04-05T17:48:04.869932Z,145,WIN-TTCPK05807O,Microsoft-Windows-WinRM,Microsoft-Windows-WinRM/Operational,61,4,,,,,Enumeration,,,,http://schemas.microsoft.com/wbem/wsman/1/config/listener,
2026-04-05T17:48:04.908539Z,132,WIN-TTCPK05807O,Microsoft-Windows-WinRM,Microsoft-Windows-WinRM/Operational,62,4,,,,,Enumeration,,,,,
2026-04-05T17:48:05.037255Z,145,WIN-TTCPK05807O,Microsoft-Windows-WinRM,Microsoft-Windows-WinRM/Operational,63,4,,,,,Enumeration,,,,http://schemas.microsoft.com/wbem/wsman/1/windows/shell,
2026-04-05T17:48:05.042821Z,132,WIN-TTCPK05807O,Microsoft-Windows-WinRM,Microsoft-Windows-WinRM/Operational,64,4,,,,,Enumeration,,,,,
2026-04-05T17:48:54.665221Z,145,WIN-TTCPK05807O,Microsoft-Windows-WinRM,Microsoft-Windows-WinRM/Operational,65,4,,,,,Identify,,,,NotSpecified,
2026-04-05T17:48:54.676895Z,132,WIN-TTCPK05807O,Microsoft-Windows-WinRM,Microsoft-Windows-WinRM/Operational,66,4,,,,,Identify,,,,,
2026-04-05T17:49:00.306567Z,211,WIN-TTCPK05807O,Microsoft-Windows-WinRM,Microsoft-Windows-WinRM/Operational,67,4,,,,,,,,,,
2026-04-05T17:49:00.843498Z,212,WIN-TTCPK05807O,Microsoft-Windows-WinRM,Microsoft-Windows-WinRM/Operational,68,4,,,,,,,,,,
2026-04-05T17:50:57.581543Z,208,WIN-TTCPK05807O,Microsoft-Windows-WinRM,Microsoft-Windows-WinRM/Operational,69,4,,,,,,,,,,
2026-04-05T17:50:58.242977Z,209,WIN-TTCPK05807O,Microsoft-Windows-WinRM,Microsoft-Windows-WinRM/Operational,70,4,,,,,,,,,,
2026-04-05T17:51:22.430699Z,145,WIN-TTCPK05807O,Microsoft-Windows-WinRM,Microsoft-Windows-WinRM/Operational,71,4,,,,,Enumeration,,,,http://schemas.microsoft.com/wbem/wsman/1/config/listener,
2026-04-05T17:51:22.820170Z,132,WIN-TTCPK05807O,Microsoft-Windows-WinRM,Microsoft-Windows-WinRM/Operational,72,4,,,,,Enumeration,,,,,
2026-04-05T17:51:23.079398Z,145,WIN-TTCPK05807O,Microsoft-Windows-WinRM,Microsoft-Windows-WinRM/Operational,73,4,,,,,Enumeration,,,,http://schemas.microsoft.com/wbem/wsman/1/windows/shell,
2026-04-05T17:51:23.085552Z,132,WIN-TTCPK05807O,Microsoft-Windows-WinRM,Microsoft-Windows-WinRM/Operational,74,4,,,,,Enumeration,,,,,
2026-04-05T20:21:44.951189Z,145,WIN-TTCPK05807O,Microsoft-Windows-WinRM,Microsoft-Windows-WinRM/Operational,75,4,,,,,Identify,,,,NotSpecified,
2026-04-05T20:21:44.984609Z,132,WIN-TTCPK05807O,Microsoft-Windows-WinRM,Microsoft-Windows-WinRM/Operational,76,4,,,,,Identify,,,,,
2026-04-05T20:22:03.296138Z,211,WIN-TTCPK05807O,Microsoft-Windows-WinRM,Microsoft-Windows-WinRM/Operational,77,4,,,,,,,,,,
2026-04-05T20:22:03.809729Z,212,DC01,Microsoft-Windows-WinRM,Microsoft-Windows-WinRM/Operational,78,4,,,,,,,,,,
2026-04-05T20:22:20.341103Z,208,DC01,Microsoft-Windows-WinRM,Microsoft-Windows-WinRM/Operational,79,4,,,,,,,,,,
2026-04-05T20:22:21.801952Z,209,DC01,Microsoft-Windows-WinRM,Microsoft-Windows-WinRM/Operational,80,4,,,,,,,,,,
2026-04-05T20:22:45.311117Z,145,DC01,Microsoft-Windows-WinRM,Microsoft-Windows-WinRM/Operational,81,4,,,,,Enumeration,,,,http://schemas.microsoft.com/wbem/wsman/1/config/listener,
2026-04-05T20:22:45.694053Z,132,DC01,Microsoft-Windows-WinRM,Microsoft-Windows-WinRM/Operational,82,4,,,,,Enumeration,,,,,
2026-04-05T20:22:45.952788Z,145,DC01,Microsoft-Windows-WinRM,Microsoft-Windows-WinRM/Operational,83,4,,,,,Enumeration,,,,http://schemas.microsoft.com/wbem/wsman/1/windows/shell,
2026-04-05T20:22:45.958441Z,132,DC01,Microsoft-Windows-WinRM,Microsoft-Windows-WinRM/Operational,84,4,,,,,Enumeration,,,,,
2026-04-05T20:23:44.590415Z,145,DC01,Microsoft-Windows-WinRM,Microsoft-Windows-WinRM/Operational,85,4,,,,,Identify,,,,NotSpecified,
2026-04-05T20:23:44.619128Z,132,DC01,Microsoft-Windows-WinRM,Microsoft-Windows-WinRM/Operational,86,4,,,,,Identify,,,,,
2026-04-05T20:23:51.043633Z,211,DC01,Microsoft-Windows-WinRM,Microsoft-Windows-WinRM/Operational,87,4,,,,,,,,,,
2026-04-05T20:23:51.557113Z,212,DC01,Microsoft-Windows-WinRM,Microsoft-Windows-WinRM/Operational,88,4,,,,,,,,,,
2026-04-06T08:41:27.425625Z,208,DC01,Microsoft-Windows-WinRM,Microsoft-Windows-WinRM/Operational,89,4,,,,,,,,,,
2026-04-06T08:41:29.109382Z,209,DC01,Microsoft-Windows-WinRM,Microsoft-Windows-WinRM/Operational,90,4,,,,,,,,,,
2026-04-06T08:41:53.219155Z,145,DC01,Microsoft-Windows-WinRM,Microsoft-Windows-WinRM/Operational,91,4,,,,,Enumeration,,,,http://schemas.microsoft.com/wbem/wsman/1/config/listener,
2026-04-06T08:41:53.271144Z,132,DC01,Microsoft-Windows-WinRM,Microsoft-Windows-WinRM/Operational,92,4,,,,,Enumeration,,,,,
2026-04-06T08:41:53.553227Z,145,DC01,Microsoft-Windows-WinRM,Microsoft-Windows-WinRM/Operational,93,4,,,,,Enumeration,,,,http://schemas.microsoft.com/wbem/wsman/1/windows/shell,
2026-04-06T08:41:53.559541Z,132,DC01,Microsoft-Windows-WinRM,Microsoft-Windows-WinRM/Operational,94,4,,,,,Enumeration,,,,,
2026-04-06T08:42:22.129554Z,145,DC01,Microsoft-Windows-WinRM,Microsoft-Windows-WinRM/Operational,95,4,,,,,Identify,,,,NotSpecified,
2026-04-06T08:42:22.157782Z,132,DC01,Microsoft-Windows-WinRM,Microsoft-Windows-WinRM/Operational,96,4,,,,,Identify,,,,,
2026-04-06T08:53:37.479866Z,211,DC01,Microsoft-Windows-WinRM,Microsoft-Windows-WinRM/Operational,97,4,,,,,,,,,,
2026-04-06T08:53:37.995113Z,212,DC01,Microsoft-Windows-WinRM,Microsoft-Windows-WinRM/Operational,98,4,,,,,,,,,,
2026-04-06T08:54:05.467614Z,208,DC01,Microsoft-Windows-WinRM,Microsoft-Windows-WinRM/Operational,99,4,,,,,,,,,,
2026-04-06T08:54:07.098242Z,209,DC01,Microsoft-Windows-WinRM,Microsoft-Windows-WinRM/Operational,100,4,,,,,,,,,,
2026-04-06T08:54:32.307285Z,145,DC01,Microsoft-Windows-WinRM,Microsoft-Windows-WinRM/Operational,101,4,,,,,Enumeration,,,,http://schemas.microsoft.com/wbem/wsman/1/config/listener,
2026-04-06T08:54:32.362720Z,132,DC01,Microsoft-Windows-WinRM,Microsoft-Windows-WinRM/Operational,102,4,,,,,Enumeration,,,,,
2026-04-06T08:54:33.088228Z,145,DC01,Microsoft-Windows-WinRM,Microsoft-Windows-WinRM/Operational,103,4,,,,,Enumeration,,,,http://schemas.microsoft.com/wbem/wsman/1/windows/shell,
2026-04-06T08:54:33.095732Z,132,DC01,Microsoft-Windows-WinRM,Microsoft-Windows-WinRM/Operational,104,4,,,,,Enumeration,,,,,
2026-04-06T08:56:27.198078Z,145,DC01,Microsoft-Windows-WinRM,Microsoft-Windows-WinRM/Operational,105,4,,,,,Identify,,,,NotSpecified,
2026-04-06T08:56:27.252574Z,132,DC01,Microsoft-Windows-WinRM,Microsoft-Windows-WinRM/Operational,106,4,,,,,Identify,,,,,
2026-04-06T08:59:40.642948Z,211,DC01,Microsoft-Windows-WinRM,Microsoft-Windows-WinRM/Operational,107,4,,,,,,,,,,
2026-04-06T08:59:41.184226Z,212,DC01.darkzero.htb,Microsoft-Windows-WinRM,Microsoft-Windows-WinRM/Operational,108,4,,,,,,,,,,
2026-04-06T09:00:18.458598Z,208,DC01.darkzero.htb,Microsoft-Windows-WinRM,Microsoft-Windows-WinRM/Operational,109,4,,,,,,,,,,
2026-04-06T09:00:21.674219Z,209,DC01.darkzero.htb,Microsoft-Windows-WinRM,Microsoft-Windows-WinRM/Operational,110,4,,,,,,,,,,
2026-04-06T09:00:32.007255Z,145,DC01.darkzero.htb,Microsoft-Windows-WinRM,Microsoft-Windows-WinRM/Operational,111,4,,,,,Enumeration,,,,http://schemas.microsoft.com/wbem/wsman/1/config/listener,
2026-04-06T09:00:32.515056Z,132,DC01.darkzero.htb,Microsoft-Windows-WinRM,Microsoft-Windows-WinRM/Operational,112,4,,,,,Enumeration,,,,,
2026-04-06T09:00:33.486767Z,145,DC01.darkzero.htb,Microsoft-Windows-WinRM,Microsoft-Windows-WinRM/Operational,113,4,,,,,Enumeration,,,,http://schemas.microsoft.com/wbem/wsman/1/windows/shell,
2026-04-06T09:00:33.497439Z,132,DC01.darkzero.htb,Microsoft-Windows-WinRM,Microsoft-Windows-WinRM/Operational,114,4,,,,,Enumeration,,,,,
2026-04-06T09:01:35.695799Z,145,DC01.darkzero.htb,Microsoft-Windows-WinRM,Microsoft-Windows-WinRM/Operational,115,4,,,,,Identify,,,,NotSpecified,
2026-04-06T09:01:35.739396Z,132,DC01.darkzero.htb,Microsoft-Windows-WinRM,Microsoft-Windows-WinRM/Operational,116,4,,,,,Identify,,,,,
2026-04-06T09:17:54.511775Z,145,DC01.darkzero.htb,Microsoft-Windows-WinRM,Microsoft-Windows-WinRM/Operational,117,4,,,,,Identify,,,,NotSpecified,
2026-04-06T09:17:54.546517Z,132,DC01.darkzero.htb,Microsoft-Windows-WinRM,Microsoft-Windows-WinRM/Operational,118,4,,,,,Identify,,,,,
2026-04-06T09:40:43.691383Z,211,DC01.darkzero.htb,Microsoft-Windows-WinRM,Microsoft-Windows-WinRM/Operational,119,4,,,,,,,,,,
2026-04-06T09:40:44.250900Z,212,DC01.darkzero.htb,Microsoft-Windows-WinRM,Microsoft-Windows-WinRM/Operational,120,4,,,,,,,,,,
2026-04-06T09:45:40.338882Z,208,DC01.darkzero.htb,Microsoft-Windows-WinRM,Microsoft-Windows-WinRM/Operational,121,4,,,,,,,,,,
2026-04-06T09:45:41.839237Z,209,DC01.darkzero.htb,Microsoft-Windows-WinRM,Microsoft-Windows-WinRM/Operational,122,4,,,,,,,,,,
2026-04-06T09:46:05.871657Z,145,DC01.darkzero.htb,Microsoft-Windows-WinRM,Microsoft-Windows-WinRM/Operational,123,4,,,,,Enumeration,,,,http://schemas.microsoft.com/wbem/wsman/1/config/listener,
2026-04-06T09:46:05.935595Z,132,DC01.darkzero.htb,Microsoft-Windows-WinRM,Microsoft-Windows-WinRM/Operational,124,4,,,,,Enumeration,,,,,
2026-04-06T09:46:06.113644Z,145,DC01.darkzero.htb,Microsoft-Windows-WinRM,Microsoft-Windows-WinRM/Operational,125,4,,,,,Enumeration,,,,http://schemas.microsoft.com/wbem/wsman/1/windows/shell,
2026-04-06T09:46:06.122214Z,132,DC01.darkzero.htb,Microsoft-Windows-WinRM,Microsoft-Windows-WinRM/Operational,126,4,,,,,Enumeration,,,,,
2026-04-06T09:47:05.659293Z,145,DC01.darkzero.htb,Microsoft-Windows-WinRM,Microsoft-Windows-WinRM/Operational,127,4,,,,,Identify,,,,NotSpecified,
2026-04-06T09:47:05.686450Z,132,DC01.darkzero.htb,Microsoft-Windows-WinRM,Microsoft-Windows-WinRM/Operational,128,4,,,,,Identify,,,,,
2026-04-06T10:31:13.092284Z,145,DC01.darkzero.htb,Microsoft-Windows-WinRM,Microsoft-Windows-WinRM/Operational,129,4,,,,,Enumeration,,,,http://schemas.microsoft.com/wbem/wsman/1/config/listener,
2026-04-06T10:31:13.376554Z,132,DC01.darkzero.htb,Microsoft-Windows-WinRM,Microsoft-Windows-WinRM/Operational,130,4,,,,,Enumeration,,,,,
2026-04-06T10:31:13.752015Z,145,DC01.darkzero.htb,Microsoft-Windows-WinRM,Microsoft-Windows-WinRM/Operational,131,4,,,,,Enumeration,,,,http://schemas.microsoft.com/wbem/wsman/1/windows/shell,
2026-04-06T10:31:13.763838Z,132,DC01.darkzero.htb,Microsoft-Windows-WinRM,Microsoft-Windows-WinRM/Operational,132,4,,,,,Enumeration,,,,,
2026-04-06T12:02:03.902651Z,211,DC01.darkzero.htb,Microsoft-Windows-WinRM,Microsoft-Windows-WinRM/Operational,133,4,,,,,,,,,,
2026-04-06T12:02:04.455515Z,212,DC01.darkzero.htb,Microsoft-Windows-WinRM,Microsoft-Windows-WinRM/Operational,134,4,,,,,,,,,,
2026-04-06T12:04:41.306550Z,208,DC01.darkzero.htb,Microsoft-Windows-WinRM,Microsoft-Windows-WinRM/Operational,135,4,,,,,,,,,,
2026-04-06T12:04:42.385000Z,209,DC01.darkzero.htb,Microsoft-Windows-WinRM,Microsoft-Windows-WinRM/Operational,136,4,,,,,,,,,,
2026-04-06T12:05:07.706761Z,145,DC01.darkzero.htb,Microsoft-Windows-WinRM,Microsoft-Windows-WinRM/Operational,137,4,,,,,Enumeration,,,,http://schemas.microsoft.com/wbem/wsman/1/config/listener,
2026-04-06T12:05:08.370331Z,132,DC01.darkzero.htb,Microsoft-Windows-WinRM,Microsoft-Windows-WinRM/Operational,138,4,,,,,Enumeration,,,,,
2026-04-06T12:05:08.437260Z,145,DC01.darkzero.htb,Microsoft-Windows-WinRM,Microsoft-Windows-WinRM/Operational,139,4,,,,,Enumeration,,,,http://schemas.microsoft.com/wbem/wsman/1/windows/shell,
2026-04-06T12:05:08.447553Z,132,DC01.darkzero.htb,Microsoft-Windows-WinRM,Microsoft-Windows-WinRM/Operational,140,4,,,,,Enumeration,,,,,
2026-04-06T12:07:23.637758Z,145,DC01.darkzero.htb,Microsoft-Windows-WinRM,Microsoft-Windows-WinRM/Operational,141,4,,,,,Identify,,,,NotSpecified,
2026-04-06T12:07:23.714150Z,132,DC01.darkzero.htb,Microsoft-Windows-WinRM,Microsoft-Windows-WinRM/Operational,142,4,,,,,Identify,,,,,
2026-04-06T14:31:43.541251Z,145,DC01.darkzero.htb,Microsoft-Windows-WinRM,Microsoft-Windows-WinRM/Operational,143,4,,,,,Identify,,,,NotSpecified,
2026-04-06T14:31:43.977124Z,132,DC01.darkzero.htb,Microsoft-Windows-WinRM,Microsoft-Windows-WinRM/Operational,144,4,,,,,Identify,,,,,
2026-04-06T14:34:31.811318Z,145,DC01.darkzero.htb,Microsoft-Windows-WinRM,Microsoft-Windows-WinRM/Operational,145,4,,,,,Identify,,,,NotSpecified,
2026-04-06T14:34:31.822977Z,132,DC01.darkzero.htb,Microsoft-Windows-WinRM,Microsoft-Windows-WinRM/Operational,146,4,,,,,Identify,,,,,
2026-04-06T14:34:42.461077Z,211,DC01.darkzero.htb,Microsoft-Windows-WinRM,Microsoft-Windows-WinRM/Operational,147,4,,,,,,,,,,
2026-04-06T14:34:43.031994Z,212,DC01.darkzero.htb,Microsoft-Windows-WinRM,Microsoft-Windows-WinRM/Operational,148,4,,,,,,,,,,
2026-04-27T11:05:40.041220Z,208,DC01.darkzero.htb,Microsoft-Windows-WinRM,Microsoft-Windows-WinRM/Operational,149,4,,,,,,,,,,
2026-04-27T11:05:41.447409Z,209,DC01.darkzero.htb,Microsoft-Windows-WinRM,Microsoft-Windows-WinRM/Operational,150,4,,,,,,,,,,
2026-04-27T11:06:04.716472Z,145,DC01.darkzero.htb,Microsoft-Windows-WinRM,Microsoft-Windows-WinRM/Operational,151,4,,,,,Enumeration,,,,http://schemas.microsoft.com/wbem/wsman/1/config/listener,
2026-04-27T11:06:06.391064Z,132,DC01.darkzero.htb,Microsoft-Windows-WinRM,Microsoft-Windows-WinRM/Operational,152,4,,,,,Enumeration,,,,,
2026-04-27T11:06:06.476898Z,145,DC01.darkzero.htb,Microsoft-Windows-WinRM,Microsoft-Windows-WinRM/Operational,153,4,,,,,Enumeration,,,,http://schemas.microsoft.com/wbem/wsman/1/windows/shell,
2026-04-27T11:06:06.500443Z,132,DC01.darkzero.htb,Microsoft-Windows-WinRM,Microsoft-Windows-WinRM/Operational,154,4,,,,,Enumeration,,,,,
2026-04-27T12:18:34.802939Z,145,DC01.darkzero.htb,Microsoft-Windows-WinRM,Microsoft-Windows-WinRM/Operational,155,4,,,,,Identify,,,,NotSpecified,
2026-04-27T12:18:34.830239Z,132,DC01.darkzero.htb,Microsoft-Windows-WinRM,Microsoft-Windows-WinRM/Operational,156,4,,,,,Identify,,,,,
2026-04-27T12:21:10.323895Z,211,DC01.darkzero.htb,Microsoft-Windows-WinRM,Microsoft-Windows-WinRM/Operational,157,4,,,,,,,,,,
2026-04-27T12:21:10.874349Z,212,DC01.darkzero.htb,Microsoft-Windows-WinRM,Microsoft-Windows-WinRM/Operational,158,4,,,,,,,,,,
2026-05-18T12:30:32.231652Z,208,DC01.darkzero.htb,Microsoft-Windows-WinRM,Microsoft-Windows-WinRM/Operational,159,4,,,,,,,,,,
2026-05-18T12:30:33.499927Z,209,DC01.darkzero.htb,Microsoft-Windows-WinRM,Microsoft-Windows-WinRM/Operational,160,4,,,,,,,,,,
2026-05-18T12:30:57.458786Z,145,DC01.darkzero.htb,Microsoft-Windows-WinRM,Microsoft-Windows-WinRM/Operational,161,4,,,,,Enumeration,,,,http://schemas.microsoft.com/wbem/wsman/1/config/listener,
2026-05-18T12:30:58.688996Z,132,DC01.darkzero.htb,Microsoft-Windows-WinRM,Microsoft-Windows-WinRM/Operational,162,4,,,,,Enumeration,,,,,
2026-05-18T12:30:59.005324Z,145,DC01.darkzero.htb,Microsoft-Windows-WinRM,Microsoft-Windows-WinRM/Operational,163,4,,,,,Enumeration,,,,http://schemas.microsoft.com/wbem/wsman/1/windows/shell,
2026-05-18T12:30:59.023335Z,132,DC01.darkzero.htb,Microsoft-Windows-WinRM,Microsoft-Windows-WinRM/Operational,164,4,,,,,Enumeration,,,,,
2026-05-18T12:40:05.689012Z,145,DC01.darkzero.htb,Microsoft-Windows-WinRM,Microsoft-Windows-WinRM/Operational,165,4,,,,,Identify,,,,NotSpecified,
2026-05-18T12:40:05.703490Z,132,DC01.darkzero.htb,Microsoft-Windows-WinRM,Microsoft-Windows-WinRM/Operational,166,4,,,,,Identify,,,,,
2026-05-18T14:09:25.371156Z,211,DC01.darkzero.htb,Microsoft-Windows-WinRM,Microsoft-Windows-WinRM/Operational,167,4,,,,,,,,,,
2026-05-18T14:09:25.954139Z,212,DC01.darkzero.htb,Microsoft-Windows-WinRM,Microsoft-Windows-WinRM/Operational,168,4,,,,,,,,,,
2026-05-18T14:27:04.365538Z,208,DC01.darkzero.htb,Microsoft-Windows-WinRM,Microsoft-Windows-WinRM/Operational,169,4,,,,,,,,,,
2026-05-18T14:27:05.946531Z,209,DC01.darkzero.htb,Microsoft-Windows-WinRM,Microsoft-Windows-WinRM/Operational,170,4,,,,,,,,,,
2026-05-18T14:27:28.950551Z,145,DC01.darkzero.htb,Microsoft-Windows-WinRM,Microsoft-Windows-WinRM/Operational,171,4,,,,,Enumeration,,,,http://schemas.microsoft.com/wbem/wsman/1/config/listener,
2026-05-18T14:27:29.024781Z,132,DC01.darkzero.htb,Microsoft-Windows-WinRM,Microsoft-Windows-WinRM/Operational,172,4,,,,,Enumeration,,,,,
2026-05-18T14:27:29.097647Z,145,DC01.darkzero.htb,Microsoft-Windows-WinRM,Microsoft-Windows-WinRM/Operational,173,4,,,,,Enumeration,,,,http://schemas.microsoft.com/wbem/wsman/1/windows/shell,
2026-05-18T14:27:29.106082Z,132,DC01.darkzero.htb,Microsoft-Windows-WinRM,Microsoft-Windows-WinRM/Operational,174,4,,,,,Enumeration,,,,,
2026-05-18T14:28:23.472916Z,145,DC01.darkzero.htb,Microsoft-Windows-WinRM,Microsoft-Windows-WinRM/Operational,175,4,,,,,Identify,,,,NotSpecified,
2026-05-18T14:28:23.483491Z,132,DC01.darkzero.htb,Microsoft-Windows-WinRM,Microsoft-Windows-WinRM/Operational,176,4,,,,,Identify,,,,,
2026-05-18T14:29:07.269469Z,145,DC01.darkzero.htb,Microsoft-Windows-WinRM,Microsoft-Windows-WinRM/Operational,177,4,,,,,Identify,,,,NotSpecified,
2026-05-18T14:29:07.280307Z,132,DC01.darkzero.htb,Microsoft-Windows-WinRM,Microsoft-Windows-WinRM/Operational,178,4,,,,,Identify,,,,,
2026-05-18T14:31:51.432844Z,211,DC01.darkzero.htb,Microsoft-Windows-WinRM,Microsoft-Windows-WinRM/Operational,179,4,,,,,,,,,,
2026-05-18T14:31:51.972901Z,212,DC01.darkzero.htb,Microsoft-Windows-WinRM,Microsoft-Windows-WinRM/Operational,180,4,,,,,,,,,,
2026-05-20T13:06:29.508414Z,208,DC01.darkzero.htb,Microsoft-Windows-WinRM,Microsoft-Windows-WinRM/Operational,181,4,,,,,,,,,,
2026-05-20T13:06:31.075553Z,209,DC01.darkzero.htb,Microsoft-Windows-WinRM,Microsoft-Windows-WinRM/Operational,182,4,,,,,,,,,,
2026-05-20T13:06:54.352073Z,145,DC01.darkzero.htb,Microsoft-Windows-WinRM,Microsoft-Windows-WinRM/Operational,183,4,,,,,Enumeration,,,,http://schemas.microsoft.com/wbem/wsman/1/config/listener,
2026-05-20T13:06:54.422563Z,132,DC01.darkzero.htb,Microsoft-Windows-WinRM,Microsoft-Windows-WinRM/Operational,184,4,,,,,Enumeration,,,,,
2026-05-20T13:06:54.662906Z,145,DC01.darkzero.htb,Microsoft-Windows-WinRM,Microsoft-Windows-WinRM/Operational,185,4,,,,,Enumeration,,,,http://schemas.microsoft.com/wbem/wsman/1/windows/shell,
2026-05-20T13:06:54.671483Z,132,DC01.darkzero.htb,Microsoft-Windows-WinRM,Microsoft-Windows-WinRM/Operational,186,4,,,,,Enumeration,,,,,
2026-05-20T13:10:09.135229Z,145,DC01.darkzero.htb,Microsoft-Windows-WinRM,Microsoft-Windows-WinRM/Operational,187,4,,,,,Identify,,,,NotSpecified,
2026-05-20T13:10:09.146316Z,132,DC01.darkzero.htb,Microsoft-Windows-WinRM,Microsoft-Windows-WinRM/Operational,188,4,,,,,Identify,,,,,
2026-05-20T13:42:58.791681Z,211,DC01.darkzero.htb,Microsoft-Windows-WinRM,Microsoft-Windows-WinRM/Operational,189,4,,,,,,,,,,
2026-05-20T13:42:59.373819Z,212,DC01.darkzero.htb,Microsoft-Windows-WinRM,Microsoft-Windows-WinRM/Operational,190,4,,,,,,,,,,
2026-05-20T14:32:58.047222Z,208,DC01.darkzero.htb,Microsoft-Windows-WinRM,Microsoft-Windows-WinRM/Operational,191,4,,,,,,,,,,
2026-05-20T14:32:59.244755Z,209,DC01.darkzero.htb,Microsoft-Windows-WinRM,Microsoft-Windows-WinRM/Operational,192,4,,,,,,,,,,
2026-05-20T14:33:23.741667Z,145,DC01.darkzero.htb,Microsoft-Windows-WinRM,Microsoft-Windows-WinRM/Operational,193,4,,,,,Enumeration,,,,http://schemas.microsoft.com/wbem/wsman/1/config/listener,
2026-05-20T14:33:23.855004Z,161,DC01.darkzero.htb,Microsoft-Windows-WinRM,Microsoft-Windows-WinRM/Operational,194,2,"WinRM cannot process the request. The following error with errorcode 0x80090350 occurred while using Negotiate authentication: An unknown security error occurred.  
 Possible causes are:
  -The user name or password specified are invalid.
  -Kerberos is used when no authentication method and no user name are specified.
  -Kerberos accepts domain user names, but not local user names.
  -The Service Principal Name (SPN) for the remote computer name and port does not exist.
  -The client and remote computers are in different domains and there is no trust between the two domains.
 After checking for the above issues, try the following:
  -Check the Event Viewer for events related to authentication.
  -Change the authentication method; add the destination computer to the WinRM TrustedHosts configuration setting or use HTTPS transport.
 Note that computers in the TrustedHosts list might not be authenticated.
   -For more information about WinRM configuration, run the following command: winrm help config.",,,,,,,,,
2026-05-20T14:33:23.855309Z,142,DC01.darkzero.htb,Microsoft-Windows-WinRM,Microsoft-Windows-WinRM/Operational,195,2,,,,2150858909,Enumeration,,,,,
2026-05-20T14:49:33.302826Z,145,DC01.darkzero.htb,Microsoft-Windows-WinRM,Microsoft-Windows-WinRM/Operational,196,4,,,,,Identify,,,,NotSpecified,
2026-05-20T14:49:33.313581Z,132,DC01.darkzero.htb,Microsoft-Windows-WinRM,Microsoft-Windows-WinRM/Operational,197,4,,,,,Identify,,,,,
2026-05-20T15:12:30.161188Z,211,DC01.darkzero.htb,Microsoft-Windows-WinRM,Microsoft-Windows-WinRM/Operational,198,4,,,,,,,,,,
2026-05-20T15:12:31.225712Z,212,DC01.darkzero.htb,Microsoft-Windows-WinRM,Microsoft-Windows-WinRM/Operational,199,4,,,,,,,,,,
2026-05-20T22:25:45.830771Z,208,DC01.darkzero.htb,Microsoft-Windows-WinRM,Microsoft-Windows-WinRM/Operational,200,4,,,,,,,,,,
2026-05-20T22:25:47.271003Z,209,DC01.darkzero.htb,Microsoft-Windows-WinRM,Microsoft-Windows-WinRM/Operational,201,4,,,,,,,,,,
2026-05-20T22:26:12.107139Z,145,DC01.darkzero.htb,Microsoft-Windows-WinRM,Microsoft-Windows-WinRM/Operational,202,4,,,,,Enumeration,,,,http://schemas.microsoft.com/wbem/wsman/1/config/listener,
2026-05-20T22:26:12.427338Z,132,DC01.darkzero.htb,Microsoft-Windows-WinRM,Microsoft-Windows-WinRM/Operational,203,4,,,,,Enumeration,,,,,
2026-05-20T22:26:12.501732Z,145,DC01.darkzero.htb,Microsoft-Windows-WinRM,Microsoft-Windows-WinRM/Operational,204,4,,,,,Enumeration,,,,http://schemas.microsoft.com/wbem/wsman/1/windows/shell,
2026-05-20T22:26:12.510943Z,132,DC01.darkzero.htb,Microsoft-Windows-WinRM,Microsoft-Windows-WinRM/Operational,205,4,,,,,Enumeration,,,,,
2026-05-20T23:42:55.174815Z,145,DC01.darkzero.htb,Microsoft-Windows-WinRM,Microsoft-Windows-WinRM/Operational,206,4,,,,,Identify,,,,NotSpecified,
2026-05-20T23:42:55.185686Z,132,DC01.darkzero.htb,Microsoft-Windows-WinRM,Microsoft-Windows-WinRM/Operational,207,4,,,,,Identify,,,,,
2026-05-20T23:43:03.342624Z,211,DC01.darkzero.htb,Microsoft-Windows-WinRM,Microsoft-Windows-WinRM/Operational,208,4,,,,,,,,,,
2026-05-20T23:43:04.427570Z,212,DC01.darkzero.htb,Microsoft-Windows-WinRM,Microsoft-Windows-WinRM/Operational,209,4,,,,,,,,,,
2026-05-21T08:43:17.725245Z,208,DC01.darkzero.htb,Microsoft-Windows-WinRM,Microsoft-Windows-WinRM/Operational,210,4,,,,,,,,,,
2026-05-21T08:43:19.039887Z,209,DC01.darkzero.htb,Microsoft-Windows-WinRM,Microsoft-Windows-WinRM/Operational,211,4,,,,,,,,,,
2026-05-21T08:43:43.888620Z,145,DC01.darkzero.htb,Microsoft-Windows-WinRM,Microsoft-Windows-WinRM/Operational,212,4,,,,,Enumeration,,,,http://schemas.microsoft.com/wbem/wsman/1/config/listener,
2026-05-21T08:43:44.189222Z,132,DC01.darkzero.htb,Microsoft-Windows-WinRM,Microsoft-Windows-WinRM/Operational,213,4,,,,,Enumeration,,,,,
2026-05-21T08:43:44.257965Z,145,DC01.darkzero.htb,Microsoft-Windows-WinRM,Microsoft-Windows-WinRM/Operational,214,4,,,,,Enumeration,,,,http://schemas.microsoft.com/wbem/wsman/1/windows/shell,
2026-05-21T08:43:44.267821Z,132,DC01.darkzero.htb,Microsoft-Windows-WinRM,Microsoft-Windows-WinRM/Operational,215,4,,,,,Enumeration,,,,,
2026-05-21T08:44:57.131079Z,145,DC01.darkzero.htb,Microsoft-Windows-WinRM,Microsoft-Windows-WinRM/Operational,216,4,,,,,Identify,,,,NotSpecified,
2026-05-21T08:44:57.310575Z,132,DC01.darkzero.htb,Microsoft-Windows-WinRM,Microsoft-Windows-WinRM/Operational,217,4,,,,,Identify,,,,,
2026-05-21T11:01:59.058604Z,145,DC01.darkzero.htb,Microsoft-Windows-WinRM,Microsoft-Windows-WinRM/Operational,218,4,,,,,Identify,,,,NotSpecified,
2026-05-21T11:01:59.069729Z,132,DC01.darkzero.htb,Microsoft-Windows-WinRM,Microsoft-Windows-WinRM/Operational,219,4,,,,,Identify,,,,,
2026-05-21T11:02:07.050533Z,211,DC01.darkzero.htb,Microsoft-Windows-WinRM,Microsoft-Windows-WinRM/Operational,220,4,,,,,,,,,,
2026-05-21T11:02:07.642731Z,212,DC01.darkzero.htb,Microsoft-Windows-WinRM,Microsoft-Windows-WinRM/Operational,221,4,,,,,,,,,,
2026-05-21T11:45:06.178555Z,208,DC01.darkzero.htb,Microsoft-Windows-WinRM,Microsoft-Windows-WinRM/Operational,222,4,,,,,,,,,,
2026-05-21T11:45:07.455581Z,209,DC01.darkzero.htb,Microsoft-Windows-WinRM,Microsoft-Windows-WinRM/Operational,223,4,,,,,,,,,,
2026-05-21T11:45:32.067242Z,145,DC01.darkzero.htb,Microsoft-Windows-WinRM,Microsoft-Windows-WinRM/Operational,224,4,,,,,Enumeration,,,,http://schemas.microsoft.com/wbem/wsman/1/config/listener,
2026-05-21T11:45:32.352949Z,132,DC01.darkzero.htb,Microsoft-Windows-WinRM,Microsoft-Windows-WinRM/Operational,225,4,,,,,Enumeration,,,,,
2026-05-21T11:45:32.507103Z,145,DC01.darkzero.htb,Microsoft-Windows-WinRM,Microsoft-Windows-WinRM/Operational,226,4,,,,,Enumeration,,,,http://schemas.microsoft.com/wbem/wsman/1/windows/shell,
2026-05-21T11:45:32.516094Z,132,DC01.darkzero.htb,Microsoft-Windows-WinRM,Microsoft-Windows-WinRM/Operational,227,4,,,,,Enumeration,,,,,
2026-05-21T11:47:07.163325Z,145,DC01.darkzero.htb,Microsoft-Windows-WinRM,Microsoft-Windows-WinRM/Operational,228,4,,,,,Identify,,,,NotSpecified,
2026-05-21T11:47:07.174791Z,132,DC01.darkzero.htb,Microsoft-Windows-WinRM,Microsoft-Windows-WinRM/Operational,229,4,,,,,Identify,,,,,
2026-05-21T11:57:35.818543Z,211,DC01.darkzero.htb,Microsoft-Windows-WinRM,Microsoft-Windows-WinRM/Operational,230,4,,,,,,,,,,
2026-05-21T11:57:36.406786Z,212,DC01.darkzero.htb,Microsoft-Windows-WinRM,Microsoft-Windows-WinRM/Operational,231,4,,,,,,,,,,
2026-05-21T21:04:53.488123Z,208,DC01.darkzero.htb,Microsoft-Windows-WinRM,Microsoft-Windows-WinRM/Operational,232,4,,,,,,,,,,
2026-05-21T21:04:54.832235Z,209,DC01.darkzero.htb,Microsoft-Windows-WinRM,Microsoft-Windows-WinRM/Operational,233,4,,,,,,,,,,
2026-05-21T21:05:20.147812Z,145,DC01.darkzero.htb,Microsoft-Windows-WinRM,Microsoft-Windows-WinRM/Operational,234,4,,,,,Enumeration,,,,http://schemas.microsoft.com/wbem/wsman/1/config/listener,
2026-05-21T21:05:20.238611Z,132,DC01.darkzero.htb,Microsoft-Windows-WinRM,Microsoft-Windows-WinRM/Operational,235,4,,,,,Enumeration,,,,,
2026-05-21T21:05:20.605293Z,145,DC01.darkzero.htb,Microsoft-Windows-WinRM,Microsoft-Windows-WinRM/Operational,236,4,,,,,Enumeration,,,,http://schemas.microsoft.com/wbem/wsman/1/windows/shell,
2026-05-21T21:05:20.613675Z,132,DC01.darkzero.htb,Microsoft-Windows-WinRM,Microsoft-Windows-WinRM/Operational,237,4,,,,,Enumeration,,,,,
2026-05-21T21:27:50.369249Z,145,DC01.darkzero.htb,Microsoft-Windows-WinRM,Microsoft-Windows-WinRM/Operational,238,4,,,,,Identify,,,,NotSpecified,
2026-05-21T21:27:50.379880Z,132,DC01.darkzero.htb,Microsoft-Windows-WinRM,Microsoft-Windows-WinRM/Operational,239,4,,,,,Identify,,,,,
2026-05-21T21:47:25.022621Z,145,DC01.darkzero.htb,Microsoft-Windows-WinRM,Microsoft-Windows-WinRM/Operational,240,4,,,,,Identify,,,,NotSpecified,
2026-05-21T21:47:25.034859Z,132,DC01.darkzero.htb,Microsoft-Windows-WinRM,Microsoft-Windows-WinRM/Operational,241,4,,,,,Identify,,,,,
2026-05-21T21:47:33.296433Z,145,DC01.darkzero.htb,Microsoft-Windows-WinRM,Microsoft-Windows-WinRM/Operational,242,4,,,,,Identify,,,,NotSpecified,
2026-05-21T21:47:33.313231Z,132,DC01.darkzero.htb,Microsoft-Windows-WinRM,Microsoft-Windows-WinRM/Operational,243,4,,,,,Identify,,,,,
2026-05-21T22:02:28.306561Z,145,DC01.darkzero.htb,Microsoft-Windows-WinRM,Microsoft-Windows-WinRM/Operational,244,4,,,,,Identify,,,,NotSpecified,
2026-05-21T22:02:28.319493Z,132,DC01.darkzero.htb,Microsoft-Windows-WinRM,Microsoft-Windows-WinRM/Operational,245,4,,,,,Identify,,,,,
2026-05-21T22:02:52.839462Z,145,DC01.darkzero.htb,Microsoft-Windows-WinRM,Microsoft-Windows-WinRM/Operational,246,4,,,,,Identify,,,,NotSpecified,
2026-05-21T22:02:52.852829Z,132,DC01.darkzero.htb,Microsoft-Windows-WinRM,Microsoft-Windows-WinRM/Operational,247,4,,,,,Identify,,,,,
2026-05-21T22:56:50.344625Z,211,DC01.darkzero.htb,Microsoft-Windows-WinRM,Microsoft-Windows-WinRM/Operational,248,4,,,,,,,,,,
2026-05-21T22:56:51.117921Z,212,DC01.darkzero.htb,Microsoft-Windows-WinRM,Microsoft-Windows-WinRM/Operational,249,4,,,,,,,,,,
2026-05-21T22:57:06.552571Z,208,DC01.darkzero.htb,Microsoft-Windows-WinRM,Microsoft-Windows-WinRM/Operational,250,4,,,,,,,,,,
2026-05-21T22:57:06.759539Z,209,DC01.darkzero.htb,Microsoft-Windows-WinRM,Microsoft-Windows-WinRM/Operational,251,4,,,,,,,,,,
2026-05-21T22:57:28.646504Z,145,DC01.darkzero.htb,Microsoft-Windows-WinRM,Microsoft-Windows-WinRM/Operational,252,4,,,,,Enumeration,,,,http://schemas.microsoft.com/wbem/wsman/1/config/listener,
2026-05-21T22:57:28.717512Z,132,DC01.darkzero.htb,Microsoft-Windows-WinRM,Microsoft-Windows-WinRM/Operational,253,4,,,,,Enumeration,,,,,
2026-05-21T22:57:28.890775Z,145,DC01.darkzero.htb,Microsoft-Windows-WinRM,Microsoft-Windows-WinRM/Operational,254,4,,,,,Enumeration,,,,http://schemas.microsoft.com/wbem/wsman/1/windows/shell,
2026-05-21T22:57:28.908519Z,132,DC01.darkzero.htb,Microsoft-Windows-WinRM,Microsoft-Windows-WinRM/Operational,255,4,,,,,Enumeration,,,,,
2026-05-21T22:57:51.995957Z,211,DC01.darkzero.htb,Microsoft-Windows-WinRM,Microsoft-Windows-WinRM/Operational,256,4,,,,,,,,,,
2026-05-21T22:57:52.529929Z,212,DC01.darkzero.htb,Microsoft-Windows-WinRM,Microsoft-Windows-WinRM/Operational,257,4,,,,,,,,,,
2026-05-21T22:58:29.109751Z,208,DC01.darkzero.htb,Microsoft-Windows-WinRM,Microsoft-Windows-WinRM/Operational,258,4,,,,,,,,,,
2026-05-21T22:58:29.326406Z,209,DC01.darkzero.htb,Microsoft-Windows-WinRM,Microsoft-Windows-WinRM/Operational,259,4,,,,,,,,,,
2026-05-21T22:58:50.724469Z,145,DC01.darkzero.htb,Microsoft-Windows-WinRM,Microsoft-Windows-WinRM/Operational,260,4,,,,,Enumeration,,,,http://schemas.microsoft.com/wbem/wsman/1/config/listener,
2026-05-21T22:58:50.799913Z,132,DC01.darkzero.htb,Microsoft-Windows-WinRM,Microsoft-Windows-WinRM/Operational,261,4,,,,,Enumeration,,,,,
2026-05-21T22:58:50.880643Z,145,DC01.darkzero.htb,Microsoft-Windows-WinRM,Microsoft-Windows-WinRM/Operational,262,4,,,,,Enumeration,,,,http://schemas.microsoft.com/wbem/wsman/1/windows/shell,
2026-05-21T22:58:50.891066Z,132,DC01.darkzero.htb,Microsoft-Windows-WinRM,Microsoft-Windows-WinRM/Operational,263,4,,,,,Enumeration,,,,,
2026-05-21T23:04:11.888868Z,145,DC01.darkzero.htb,Microsoft-Windows-WinRM,Microsoft-Windows-WinRM/Operational,264,4,,,,,Identify,,,,NotSpecified,
2026-05-21T23:04:11.902185Z,132,DC01.darkzero.htb,Microsoft-Windows-WinRM,Microsoft-Windows-WinRM/Operational,265,4,,,,,Identify,,,,,
2026-05-21T23:33:50.264882Z,145,DC01.darkzero.htb,Microsoft-Windows-WinRM,Microsoft-Windows-WinRM/Operational,266,4,,,,,Identify,,,,NotSpecified,
2026-05-21T23:33:50.282685Z,132,DC01.darkzero.htb,Microsoft-Windows-WinRM,Microsoft-Windows-WinRM/Operational,267,4,,,,,Identify,,,,,
2026-05-21T23:38:38.634732Z,145,DC01.darkzero.htb,Microsoft-Windows-WinRM,Microsoft-Windows-WinRM/Operational,268,4,,,,,Identify,,,,NotSpecified,
2026-05-21T23:38:38.650327Z,132,DC01.darkzero.htb,Microsoft-Windows-WinRM,Microsoft-Windows-WinRM/Operational,269,4,,,,,Identify,,,,,
2026-05-21T23:50:56.043240Z,211,DC01.darkzero.htb,Microsoft-Windows-WinRM,Microsoft-Windows-WinRM/Operational,270,4,,,,,,,,,,
2026-05-21T23:50:56.600344Z,212,DC01.darkzero.htb,Microsoft-Windows-WinRM,Microsoft-Windows-WinRM/Operational,271,4,,,,,,,,,,
2026-05-22T01:17:54.152060Z,208,DC01.darkzero.htb,Microsoft-Windows-WinRM,Microsoft-Windows-WinRM/Operational,272,4,,,,,,,,,,
2026-05-22T01:17:54.785892Z,209,DC01.darkzero.htb,Microsoft-Windows-WinRM,Microsoft-Windows-WinRM/Operational,273,4,,,,,,,,,,
2026-05-22T01:18:16.903060Z,145,DC01.darkzero.htb,Microsoft-Windows-WinRM,Microsoft-Windows-WinRM/Operational,274,4,,,,,Enumeration,,,,http://schemas.microsoft.com/wbem/wsman/1/config/listener,
2026-05-22T01:18:16.970981Z,132,DC01.darkzero.htb,Microsoft-Windows-WinRM,Microsoft-Windows-WinRM/Operational,275,4,,,,,Enumeration,,,,,
2026-05-22T01:18:17.049815Z,145,DC01.darkzero.htb,Microsoft-Windows-WinRM,Microsoft-Windows-WinRM/Operational,276,4,,,,,Enumeration,,,,http://schemas.microsoft.com/wbem/wsman/1/windows/shell,
2026-05-22T01:18:17.059290Z,132,DC01.darkzero.htb,Microsoft-Windows-WinRM,Microsoft-Windows-WinRM/Operational,277,4,,,,,Enumeration,,,,,
2026-05-22T01:22:03.229817Z,211,DC01.darkzero.htb,Microsoft-Windows-WinRM,Microsoft-Windows-WinRM/Operational,278,4,,,,,,,,,,
2026-05-22T01:22:03.786469Z,212,DC01.darkzero.htb,Microsoft-Windows-WinRM,Microsoft-Windows-WinRM/Operational,279,4,,,,,,,,,,
2026-05-22T15:20:47.949625Z,208,DC01.darkzero.htb,Microsoft-Windows-WinRM,Microsoft-Windows-WinRM/Operational,280,4,,,,,,,,,,
2026-05-22T15:20:49.054669Z,209,DC01.darkzero.htb,Microsoft-Windows-WinRM,Microsoft-Windows-WinRM/Operational,281,4,,,,,,,,,,
2026-05-22T15:21:15.977073Z,145,DC01.darkzero.htb,Microsoft-Windows-WinRM,Microsoft-Windows-WinRM/Operational,282,4,,,,,Enumeration,,,,http://schemas.microsoft.com/wbem/wsman/1/config/listener,
2026-05-22T15:21:16.286098Z,132,DC01.darkzero.htb,Microsoft-Windows-WinRM,Microsoft-Windows-WinRM/Operational,283,4,,,,,Enumeration,,,,,
2026-05-22T15:21:16.453352Z,145,DC01.darkzero.htb,Microsoft-Windows-WinRM,Microsoft-Windows-WinRM/Operational,284,4,,,,,Enumeration,,,,http://schemas.microsoft.com/wbem/wsman/1/windows/shell,
2026-05-22T15:21:16.470412Z,132,DC01.darkzero.htb,Microsoft-Windows-WinRM,Microsoft-Windows-WinRM/Operational,285,4,,,,,Enumeration,,,,,
2026-05-22T15:24:47.560933Z,2,DC01.darkzero.htb,Microsoft-Windows-WinRM,Microsoft-Windows-WinRM/Operational,286,4,,,,,,,,,,
2026-05-22T15:24:47.562517Z,29,DC01.darkzero.htb,Microsoft-Windows-WinRM,Microsoft-Windows-WinRM/Operational,287,4,,,,,,,,,,
2026-05-22T15:24:47.563699Z,6,DC01.darkzero.htb,Microsoft-Windows-WinRM,Microsoft-Windows-WinRM/Operational,288,4,,,dc02.darkzero.ext/wsman?PSVersion=5.1.26100.32860,,,,,,,
2026-05-22T15:24:47.567258Z,31,DC01.darkzero.htb,Microsoft-Windows-WinRM,Microsoft-Windows-WinRM/Operational,289,4,,,,,,,,,,
2026-05-22T15:24:47.567401Z,10,DC01.darkzero.htb,Microsoft-Windows-WinRM,Microsoft-Windows-WinRM/Operational,290,4,,,,,,34,WSMAN_OPTION_USE_INTEARACTIVE_TOKEN,0,,
2026-05-22T15:24:47.568253Z,10,DC01.darkzero.htb,Microsoft-Windows-WinRM,Microsoft-Windows-WinRM/Operational,291,4,,,,,,26,WSMAN_OPTION_UI_LANGUAGE,en-US,,
2026-05-22T15:24:47.568318Z,10,DC01.darkzero.htb,Microsoft-Windows-WinRM,Microsoft-Windows-WinRM/Operational,292,4,,,,,,25,WSMAN_OPTION_LOCALE,en-US,,
2026-05-22T15:24:47.568395Z,10,DC01.darkzero.htb,Microsoft-Windows-WinRM,Microsoft-Windows-WinRM/Operational,293,4,,,,,,1,WSMAN_OPTION_DEFAULT_OPERATION_TIMEOUTMS,180000,,
2026-05-22T15:24:47.568410Z,10,DC01.darkzero.htb,Microsoft-Windows-WinRM,Microsoft-Windows-WinRM/Operational,294,4,,,,,,12,WSMAN_OPTION_TIMEOUTMS_CREATE_SHELL,180000,,
2026-05-22T15:24:47.568424Z,10,DC01.darkzero.htb,Microsoft-Windows-WinRM,Microsoft-Windows-WinRM/Operational,295,4,,,,,,17,WSMAN_OPTION_TIMEOUTMS_CLOSE_SHELL,60000,,
2026-05-22T15:24:47.568436Z,10,DC01.darkzero.htb,Microsoft-Windows-WinRM,Microsoft-Windows-WinRM/Operational,296,4,,,,,,16,WSMAN_OPTION_TIMEOUTMS_SIGNAL_SHELL,60000,,
2026-05-22T15:24:47.604483Z,11,DC01.darkzero.htb,Microsoft-Windows-WinRM,Microsoft-Windows-WinRM/Operational,297,4,,,,,,,,,http://schemas.microsoft.com/powershell/Microsoft.PowerShell,DFC3DE76-EB86-4A86-B690-8520B3E2F6CA
2026-05-22T15:24:49.321997Z,13,DC01.darkzero.htb,Microsoft-Windows-WinRM,Microsoft-Windows-WinRM/Operational,298,4,,091E5CD8-BCD5-4433-97AE-EE680AD5BB3D,,,,,,,,
2026-05-22T15:24:49.354668Z,15,DC01.darkzero.htb,Microsoft-Windows-WinRM,Microsoft-Windows-WinRM/Operational,299,4,,,,,,,,,,
2026-05-22T15:24:49.360118Z,13,DC01.darkzero.htb,Microsoft-Windows-WinRM,Microsoft-Windows-WinRM/Operational,300,4,,FE88357A-D49E-4C8F-AA05-9152ADC8C45C,,,,,,,,
2026-05-22T15:24:49.970540Z,15,DC01.darkzero.htb,Microsoft-Windows-WinRM,Microsoft-Windows-WinRM/Operational,301,4,,,,,,,,,,
2026-05-22T15:24:49.976014Z,13,DC01.darkzero.htb,Microsoft-Windows-WinRM,Microsoft-Windows-WinRM/Operational,302,4,,32C38D2A-8B07-44B0-9B47-957EF7598BB6,,,,,,,,
2026-05-22T15:24:50.002035Z,15,DC01.darkzero.htb,Microsoft-Windows-WinRM,Microsoft-Windows-WinRM/Operational,303,4,,,,,,,,,,
2026-05-22T15:24:57.792093Z,13,DC01.darkzero.htb,Microsoft-Windows-WinRM,Microsoft-Windows-WinRM/Operational,304,4,,00C7FFFC-FFE0-47BD-A178-10C6546EAF96,,,,,,,,
2026-05-22T15:24:57.963938Z,15,DC01.darkzero.htb,Microsoft-Windows-WinRM,Microsoft-Windows-WinRM/Operational,305,4,,,,,,,,,,
2026-05-22T15:24:57.968773Z,13,DC01.darkzero.htb,Microsoft-Windows-WinRM,Microsoft-Windows-WinRM/Operational,306,4,,26D845B0-07FD-4F20-9ADF-240BC6206974,,,,,,,,
2026-05-22T15:24:57.977275Z,15,DC01.darkzero.htb,Microsoft-Windows-WinRM,Microsoft-Windows-WinRM/Operational,307,4,,,,,,,,,,
2026-05-22T15:24:57.995033Z,13,DC01.darkzero.htb,Microsoft-Windows-WinRM,Microsoft-Windows-WinRM/Operational,308,4,,56D9ACA8-2ACE-449A-B95D-9809AB83DA2E,,,,,,,,
2026-05-22T15:24:58.003229Z,15,DC01.darkzero.htb,Microsoft-Windows-WinRM,Microsoft-Windows-WinRM/Operational,309,4,,,,,,,,,,
2026-05-22T15:24:58.063885Z,13,DC01.darkzero.htb,Microsoft-Windows-WinRM,Microsoft-Windows-WinRM/Operational,310,4,,E73BB557-0067-441A-98BF-48B4C390B77A,,,,,,,,
2026-05-22T15:24:58.082183Z,15,DC01.darkzero.htb,Microsoft-Windows-WinRM,Microsoft-Windows-WinRM/Operational,311,4,,,,,,,,,,
2026-05-22T15:24:58.086532Z,13,DC01.darkzero.htb,Microsoft-Windows-WinRM,Microsoft-Windows-WinRM/Operational,312,4,,044493EA-CB64-49BF-988E-0FF6784F6B0F,,,,,,,,
2026-05-22T15:24:58.093353Z,15,DC01.darkzero.htb,Microsoft-Windows-WinRM,Microsoft-Windows-WinRM/Operational,313,4,,,,,,,,,,
2026-05-22T15:24:58.105220Z,13,DC01.darkzero.htb,Microsoft-Windows-WinRM,Microsoft-Windows-WinRM/Operational,314,4,,B8FE92F9-ED68-4CE8-A433-1981F35233C4,,,,,,,,
2026-05-22T15:24:58.116567Z,15,DC01.darkzero.htb,Microsoft-Windows-WinRM,Microsoft-Windows-WinRM/Operational,315,4,,,,,,,,,,
2026-05-22T15:25:00.959077Z,13,DC01.darkzero.htb,Microsoft-Windows-WinRM,Microsoft-Windows-WinRM/Operational,316,4,,BCC81CFA-CEA6-4B30-BBFE-299D892F877B,,,,,,,,
2026-05-22T15:25:00.968840Z,15,DC01.darkzero.htb,Microsoft-Windows-WinRM,Microsoft-Windows-WinRM/Operational,317,4,,,,,,,,,,
2026-05-22T15:25:05.714512Z,13,DC01.darkzero.htb,Microsoft-Windows-WinRM,Microsoft-Windows-WinRM/Operational,318,4,,F14C6527-6068-478E-98A3-FB3AE0BB7F17,,,,,,,,
2026-05-22T15:25:05.724065Z,15,DC01.darkzero.htb,Microsoft-Windows-WinRM,Microsoft-Windows-WinRM/Operational,319,4,,,,,,,,,,
2026-05-22T15:25:07.317138Z,13,DC01.darkzero.htb,Microsoft-Windows-WinRM,Microsoft-Windows-WinRM/Operational,320,4,,EAC4ABCC-18D2-44C0-8F2E-CB18BD57BD3E,,,,,,,,
2026-05-22T15:25:07.327784Z,15,DC01.darkzero.htb,Microsoft-Windows-WinRM,Microsoft-Windows-WinRM/Operational,321,4,,,,,,,,,,
2026-05-22T15:25:07.332975Z,13,DC01.darkzero.htb,Microsoft-Windows-WinRM,Microsoft-Windows-WinRM/Operational,322,4,,A7124971-CC13-49A3-8F02-EB41583E6D62,,,,,,,,
2026-05-22T15:25:07.343326Z,15,DC01.darkzero.htb,Microsoft-Windows-WinRM,Microsoft-Windows-WinRM/Operational,323,4,,,,,,,,,,
2026-05-22T15:25:12.124162Z,13,DC01.darkzero.htb,Microsoft-Windows-WinRM,Microsoft-Windows-WinRM/Operational,324,4,,9D175308-29A0-44A3-94AA-7C3C4C46E7B6,,,,,,,,
2026-05-22T15:25:12.133681Z,15,DC01.darkzero.htb,Microsoft-Windows-WinRM,Microsoft-Windows-WinRM/Operational,325,4,,,,,,,,,,
2026-05-22T15:25:12.953721Z,13,DC01.darkzero.htb,Microsoft-Windows-WinRM,Microsoft-Windows-WinRM/Operational,326,4,,B683F99B-9F80-44E5-8307-AC8512D8AE5B,,,,,,,,
2026-05-22T15:25:13.397234Z,15,DC01.darkzero.htb,Microsoft-Windows-WinRM,Microsoft-Windows-WinRM/Operational,327,4,,,,,,,,,,
2026-05-22T15:25:13.405857Z,13,DC01.darkzero.htb,Microsoft-Windows-WinRM,Microsoft-Windows-WinRM/Operational,328,4,,12C5B950-F405-4898-904A-69A6C3DA183F,,,,,,,,
2026-05-22T15:25:13.413679Z,15,DC01.darkzero.htb,Microsoft-Windows-WinRM,Microsoft-Windows-WinRM/Operational,329,4,,,,,,,,,,
2026-05-22T15:25:22.282234Z,13,DC01.darkzero.htb,Microsoft-Windows-WinRM,Microsoft-Windows-WinRM/Operational,330,4,,A58F9230-F155-410A-9039-C35741BC197C,,,,,,,,
2026-05-22T15:25:22.296045Z,15,DC01.darkzero.htb,Microsoft-Windows-WinRM,Microsoft-Windows-WinRM/Operational,331,4,,,,,,,,,,
2026-05-22T15:25:23.889634Z,13,DC01.darkzero.htb,Microsoft-Windows-WinRM,Microsoft-Windows-WinRM/Operational,332,4,,89AFABC2-B749-4141-A4F4-7C7E45DE0812,,,,,,,,
2026-05-22T15:25:23.921801Z,15,DC01.darkzero.htb,Microsoft-Windows-WinRM,Microsoft-Windows-WinRM/Operational,333,4,,,,,,,,,,
2026-05-22T15:25:23.927719Z,13,DC01.darkzero.htb,Microsoft-Windows-WinRM,Microsoft-Windows-WinRM/Operational,334,4,,B0AB8BBF-34D6-496D-A157-B3AAFC6A64D9,,,,,,,,
2026-05-22T15:25:23.940533Z,15,DC01.darkzero.htb,Microsoft-Windows-WinRM,Microsoft-Windows-WinRM/Operational,335,4,,,,,,,,,,
2026-05-22T15:25:37.345520Z,13,DC01.darkzero.htb,Microsoft-Windows-WinRM,Microsoft-Windows-WinRM/Operational,336,4,,2BDF5EE7-7064-40E7-9CAF-37F7917B1CED,,,,,,,,
2026-05-22T15:25:37.356883Z,15,DC01.darkzero.htb,Microsoft-Windows-WinRM,Microsoft-Windows-WinRM/Operational,337,4,,,,,,,,,,
2026-05-22T15:25:38.910730Z,13,DC01.darkzero.htb,Microsoft-Windows-WinRM,Microsoft-Windows-WinRM/Operational,338,4,,B6922E30-2E13-46DD-8B35-906583F87E0E,,,,,,,,
2026-05-22T15:25:38.935017Z,15,DC01.darkzero.htb,Microsoft-Windows-WinRM,Microsoft-Windows-WinRM/Operational,339,4,,,,,,,,,,
2026-05-22T15:25:38.940543Z,13,DC01.darkzero.htb,Microsoft-Windows-WinRM,Microsoft-Windows-WinRM/Operational,340,4,,B1BDF314-65F7-4B08-A55A-16B483F11F7F,,,,,,,,
2026-05-22T15:25:38.950946Z,15,DC01.darkzero.htb,Microsoft-Windows-WinRM,Microsoft-Windows-WinRM/Operational,341,4,,,,,,,,,,
2026-05-22T15:25:44.618148Z,13,DC01.darkzero.htb,Microsoft-Windows-WinRM,Microsoft-Windows-WinRM/Operational,342,4,,39538389-1E82-47C7-AF94-7F1C6F70826C,,,,,,,,
2026-05-22T15:25:44.630253Z,15,DC01.darkzero.htb,Microsoft-Windows-WinRM,Microsoft-Windows-WinRM/Operational,343,4,,,,,,,,,,
2026-05-22T15:25:45.871352Z,13,DC01.darkzero.htb,Microsoft-Windows-WinRM,Microsoft-Windows-WinRM/Operational,344,4,,8F7EEFE7-C46B-4470-877D-4EDEB388E05F,,,,,,,,
