2026-05-20T22:25:36.188360Z,32,DC01.darkzero.htb,Microsoft-Windows-TerminalServices-LocalSessionManager,Microsoft-Windows-TerminalServices-LocalSessionManager/Operational,230,4,,,,,,,,,,,,Event_NS,RDSAppXPlugin
2026-05-20T22:26:19.865600Z,59,DC01.darkzero.htb,Microsoft-Windows-TerminalServices-LocalSessionManager,Microsoft-Windows-TerminalServices-LocalSessionManager/Operational,231,4,,"""LogonUI.exe"" /flags:0x2 /state0:0xa3bb4855 /state1:0x41c64e6d",1208,RpcGetCurrentSessionCapabilities,,,,1,,,,Event_NS,
2026-05-20T22:26:19.866872Z,59,DC01.darkzero.htb,Microsoft-Windows-TerminalServices-LocalSessionManager,Microsoft-Windows-TerminalServices-LocalSessionManager/Operational,232,4,,"""LogonUI.exe"" /flags:0x2 /state0:0xa3bb4855 /state1:0x41c64e6d",1208,RpcGetCurrentSessionCapabilities,,,,1,,,,Event_NS,
2026-05-20T23:42:46.911659Z,41,DC01.darkzero.htb,Microsoft-Windows-TerminalServices-LocalSessionManager,Microsoft-Windows-TerminalServices-LocalSessionManager/Operational,233,4,,,,,,,1,,,,darkzero\Administrator,Event_NS,
2026-05-20T23:42:46.912524Z,42,DC01.darkzero.htb,Microsoft-Windows-TerminalServices-LocalSessionManager,Microsoft-Windows-TerminalServices-LocalSessionManager/Operational,234,4,,,,,,,1,,,,darkzero\Administrator,Event_NS,
2026-05-20T23:42:47.296836Z,21,DC01.darkzero.htb,Microsoft-Windows-TerminalServices-LocalSessionManager,Microsoft-Windows-TerminalServices-LocalSessionManager/Operational,235,4,LOCAL,,,,,,1,,,,darkzero\Administrator,Event_NS,
2026-05-20T23:42:47.421593Z,22,DC01.darkzero.htb,Microsoft-Windows-TerminalServices-LocalSessionManager,Microsoft-Windows-TerminalServices-LocalSessionManager/Operational,236,4,LOCAL,,,,,,1,,,,darkzero\Administrator,Event_NS,
2026-05-20T23:43:02.452710Z,23,DC01.darkzero.htb,Microsoft-Windows-TerminalServices-LocalSessionManager,Microsoft-Windows-TerminalServices-LocalSessionManager/Operational,237,4,,,,,,,1,,,,darkzero\Administrator,Event_NS,
2026-05-20T23:43:02.475936Z,54,DC01.darkzero.htb,Microsoft-Windows-TerminalServices-LocalSessionManager,Microsoft-Windows-TerminalServices-LocalSessionManager/Operational,238,4,,,,,,,,,,,,,
2026-05-21T08:43:07.767221Z,32,DC01.darkzero.htb,Microsoft-Windows-TerminalServices-LocalSessionManager,Microsoft-Windows-TerminalServices-LocalSessionManager/Operational,239,4,,,,,,,,,,,,Event_NS,RDSAppXPlugin
2026-05-21T08:43:52.538116Z,59,DC01.darkzero.htb,Microsoft-Windows-TerminalServices-LocalSessionManager,Microsoft-Windows-TerminalServices-LocalSessionManager/Operational,240,4,,"""LogonUI.exe"" /flags:0x2 /state0:0xa3b40855 /state1:0x41c64e6d",1220,RpcGetCurrentSessionCapabilities,,,,1,,,,Event_NS,
2026-05-21T08:43:52.539075Z,59,DC01.darkzero.htb,Microsoft-Windows-TerminalServices-LocalSessionManager,Microsoft-Windows-TerminalServices-LocalSessionManager/Operational,241,4,,"""LogonUI.exe"" /flags:0x2 /state0:0xa3b40855 /state1:0x41c64e6d",1220,RpcGetCurrentSessionCapabilities,,,,1,,,,Event_NS,
2026-05-21T08:43:58.193537Z,41,DC01.darkzero.htb,Microsoft-Windows-TerminalServices-LocalSessionManager,Microsoft-Windows-TerminalServices-LocalSessionManager/Operational,242,4,,,,,,,1,,,,darkzero\Administrator,Event_NS,
2026-05-21T08:43:58.195325Z,42,DC01.darkzero.htb,Microsoft-Windows-TerminalServices-LocalSessionManager,Microsoft-Windows-TerminalServices-LocalSessionManager/Operational,243,4,,,,,,,1,,,,darkzero\Administrator,Event_NS,
2026-05-21T08:43:59.105536Z,21,DC01.darkzero.htb,Microsoft-Windows-TerminalServices-LocalSessionManager,Microsoft-Windows-TerminalServices-LocalSessionManager/Operational,244,4,LOCAL,,,,,,1,,,,darkzero\Administrator,Event_NS,
2026-05-21T08:43:59.776771Z,22,DC01.darkzero.htb,Microsoft-Windows-TerminalServices-LocalSessionManager,Microsoft-Windows-TerminalServices-LocalSessionManager/Operational,245,4,LOCAL,,,,,,1,,,,darkzero\Administrator,Event_NS,
2026-05-21T11:02:06.131630Z,23,DC01.darkzero.htb,Microsoft-Windows-TerminalServices-LocalSessionManager,Microsoft-Windows-TerminalServices-LocalSessionManager/Operational,246,4,,,,,,,1,,,,darkzero\Administrator,Event_NS,
2026-05-21T11:02:06.146519Z,54,DC01.darkzero.htb,Microsoft-Windows-TerminalServices-LocalSessionManager,Microsoft-Windows-TerminalServices-LocalSessionManager/Operational,247,4,,,,,,,,,,,,,
2026-05-21T11:44:56.215934Z,32,DC01.darkzero.htb,Microsoft-Windows-TerminalServices-LocalSessionManager,Microsoft-Windows-TerminalServices-LocalSessionManager/Operational,248,4,,,,,,,,,,,,Event_NS,RDSAppXPlugin
2026-05-21T11:45:40.223933Z,59,DC01.darkzero.htb,Microsoft-Windows-TerminalServices-LocalSessionManager,Microsoft-Windows-TerminalServices-LocalSessionManager/Operational,249,4,,"""LogonUI.exe"" /flags:0x2 /state0:0xa3b41855 /state1:0x41c64e6d",1228,RpcGetCurrentSessionCapabilities,,,,1,,,,Event_NS,
2026-05-21T11:45:40.225365Z,59,DC01.darkzero.htb,Microsoft-Windows-TerminalServices-LocalSessionManager,Microsoft-Windows-TerminalServices-LocalSessionManager/Operational,250,4,,"""LogonUI.exe"" /flags:0x2 /state0:0xa3b41855 /state1:0x41c64e6d",1228,RpcGetCurrentSessionCapabilities,,,,1,,,,Event_NS,
2026-05-21T11:46:33.608108Z,41,DC01.darkzero.htb,Microsoft-Windows-TerminalServices-LocalSessionManager,Microsoft-Windows-TerminalServices-LocalSessionManager/Operational,251,4,,,,,,,1,,,,darkzero\Administrator,Event_NS,
2026-05-21T11:46:33.608959Z,42,DC01.darkzero.htb,Microsoft-Windows-TerminalServices-LocalSessionManager,Microsoft-Windows-TerminalServices-LocalSessionManager/Operational,252,4,,,,,,,1,,,,darkzero\Administrator,Event_NS,
2026-05-21T11:46:35.194675Z,21,DC01.darkzero.htb,Microsoft-Windows-TerminalServices-LocalSessionManager,Microsoft-Windows-TerminalServices-LocalSessionManager/Operational,253,4,LOCAL,,,,,,1,,,,darkzero\Administrator,Event_NS,
2026-05-21T11:46:36.166384Z,22,DC01.darkzero.htb,Microsoft-Windows-TerminalServices-LocalSessionManager,Microsoft-Windows-TerminalServices-LocalSessionManager/Operational,254,4,LOCAL,,,,,,1,,,,darkzero\Administrator,Event_NS,
2026-05-21T11:57:34.904686Z,23,DC01.darkzero.htb,Microsoft-Windows-TerminalServices-LocalSessionManager,Microsoft-Windows-TerminalServices-LocalSessionManager/Operational,255,4,,,,,,,1,,,,darkzero\Administrator,Event_NS,
2026-05-21T11:57:34.921184Z,54,DC01.darkzero.htb,Microsoft-Windows-TerminalServices-LocalSessionManager,Microsoft-Windows-TerminalServices-LocalSessionManager/Operational,256,4,,,,,,,,,,,,,
2026-05-21T21:04:43.465510Z,32,DC01.darkzero.htb,Microsoft-Windows-TerminalServices-LocalSessionManager,Microsoft-Windows-TerminalServices-LocalSessionManager/Operational,257,4,,,,,,,,,,,,Event_NS,RDSAppXPlugin
2026-05-21T21:05:27.626739Z,59,DC01.darkzero.htb,Microsoft-Windows-TerminalServices-LocalSessionManager,Microsoft-Windows-TerminalServices-LocalSessionManager/Operational,258,4,,"""LogonUI.exe"" /flags:0x2 /state0:0xa3b41855 /state1:0x41c64e6d",1196,RpcGetCurrentSessionCapabilities,,,,1,,,,Event_NS,
2026-05-21T21:05:27.628704Z,59,DC01.darkzero.htb,Microsoft-Windows-TerminalServices-LocalSessionManager,Microsoft-Windows-TerminalServices-LocalSessionManager/Operational,259,4,,"""LogonUI.exe"" /flags:0x2 /state0:0xa3b41855 /state1:0x41c64e6d",1196,RpcGetCurrentSessionCapabilities,,,,1,,,,Event_NS,
2026-05-21T21:27:42.994102Z,41,DC01.darkzero.htb,Microsoft-Windows-TerminalServices-LocalSessionManager,Microsoft-Windows-TerminalServices-LocalSessionManager/Operational,260,4,,,,,,,1,,,,darkzero\Administrator,Event_NS,
2026-05-21T21:27:42.994758Z,42,DC01.darkzero.htb,Microsoft-Windows-TerminalServices-LocalSessionManager,Microsoft-Windows-TerminalServices-LocalSessionManager/Operational,261,4,,,,,,,1,,,,darkzero\Administrator,Event_NS,
2026-05-21T21:27:43.273320Z,21,DC01.darkzero.htb,Microsoft-Windows-TerminalServices-LocalSessionManager,Microsoft-Windows-TerminalServices-LocalSessionManager/Operational,262,4,LOCAL,,,,,,1,,,,darkzero\Administrator,Event_NS,
2026-05-21T21:27:43.398401Z,22,DC01.darkzero.htb,Microsoft-Windows-TerminalServices-LocalSessionManager,Microsoft-Windows-TerminalServices-LocalSessionManager/Operational,263,4,LOCAL,,,,,,1,,,,darkzero\Administrator,Event_NS,
2026-05-21T21:46:38.074669Z,59,DC01.darkzero.htb,Microsoft-Windows-TerminalServices-LocalSessionManager,Microsoft-Windows-TerminalServices-LocalSessionManager/Operational,264,4,,"C:\WINDOWS\System32\WindowsPowerShell\v1.0\powershell.exe  -noExit -Command ""Invoke-SConfigLogon""",2688,RpcGetCurrentSessionCapabilities,,,,1,,,,Event_NS,
2026-05-21T21:46:38.075947Z,59,DC01.darkzero.htb,Microsoft-Windows-TerminalServices-LocalSessionManager,Microsoft-Windows-TerminalServices-LocalSessionManager/Operational,265,4,,"C:\WINDOWS\System32\WindowsPowerShell\v1.0\powershell.exe  -noExit -Command ""Invoke-SConfigLogon""",2688,RpcGetCurrentSessionCapabilities,,,,1,,,,Event_NS,
2026-05-21T21:46:38.134722Z,59,DC01.darkzero.htb,Microsoft-Windows-TerminalServices-LocalSessionManager,Microsoft-Windows-TerminalServices-LocalSessionManager/Operational,266,4,,"C:\WINDOWS\System32\WindowsPowerShell\v1.0\powershell.exe  -noExit -Command ""Invoke-SConfigLogon""",2688,RpcGetCurrentSessionCapabilities,,,,1,,,,Event_NS,
2026-05-21T22:55:45.382378Z,23,DC01.darkzero.htb,Microsoft-Windows-TerminalServices-LocalSessionManager,Microsoft-Windows-TerminalServices-LocalSessionManager/Operational,267,4,,,,,,,1,,,,darkzero\Administrator,Event_NS,
2026-05-21T22:55:45.443421Z,54,DC01.darkzero.htb,Microsoft-Windows-TerminalServices-LocalSessionManager,Microsoft-Windows-TerminalServices-LocalSessionManager/Operational,268,4,,,,,,,,,,,,,
2026-05-21T22:56:56.633592Z,32,DC01.darkzero.htb,Microsoft-Windows-TerminalServices-LocalSessionManager,Microsoft-Windows-TerminalServices-LocalSessionManager/Operational,269,4,,,,,,,,,,,,Event_NS,RDSAppXPlugin
2026-05-21T22:57:50.990395Z,54,DC01.darkzero.htb,Microsoft-Windows-TerminalServices-LocalSessionManager,Microsoft-Windows-TerminalServices-LocalSessionManager/Operational,270,4,,,,,,,,,,,,,
2026-05-21T22:58:19.148721Z,32,DC01.darkzero.htb,Microsoft-Windows-TerminalServices-LocalSessionManager,Microsoft-Windows-TerminalServices-LocalSessionManager/Operational,271,4,,,,,,,,,,,,Event_NS,RDSAppXPlugin
2026-05-21T22:59:00.154278Z,59,DC01.darkzero.htb,Microsoft-Windows-TerminalServices-LocalSessionManager,Microsoft-Windows-TerminalServices-LocalSessionManager/Operational,272,4,,"""LogonUI.exe"" /flags:0x2 /state0:0xa3bc9055 /state1:0x41c64e6d",1156,RpcGetCurrentSessionCapabilities,,,,1,,,,Event_NS,
2026-05-21T22:59:00.155210Z,59,DC01.darkzero.htb,Microsoft-Windows-TerminalServices-LocalSessionManager,Microsoft-Windows-TerminalServices-LocalSessionManager/Operational,273,4,,"""LogonUI.exe"" /flags:0x2 /state0:0xa3bc9055 /state1:0x41c64e6d",1156,RpcGetCurrentSessionCapabilities,,,,1,,,,Event_NS,
2026-05-21T23:03:57.993116Z,41,DC01.darkzero.htb,Microsoft-Windows-TerminalServices-LocalSessionManager,Microsoft-Windows-TerminalServices-LocalSessionManager/Operational,274,4,,,,,,,1,,,,darkzero\Administrator,Event_NS,
2026-05-21T23:03:57.994143Z,42,DC01.darkzero.htb,Microsoft-Windows-TerminalServices-LocalSessionManager,Microsoft-Windows-TerminalServices-LocalSessionManager/Operational,275,4,,,,,,,1,,,,darkzero\Administrator,Event_NS,
2026-05-21T23:03:58.334408Z,21,DC01.darkzero.htb,Microsoft-Windows-TerminalServices-LocalSessionManager,Microsoft-Windows-TerminalServices-LocalSessionManager/Operational,276,4,LOCAL,,,,,,1,,,,darkzero\Administrator,Event_NS,
2026-05-21T23:03:58.470608Z,22,DC01.darkzero.htb,Microsoft-Windows-TerminalServices-LocalSessionManager,Microsoft-Windows-TerminalServices-LocalSessionManager/Operational,277,4,LOCAL,,,,,,1,,,,darkzero\Administrator,Event_NS,
2026-05-21T23:50:55.126149Z,23,DC01.darkzero.htb,Microsoft-Windows-TerminalServices-LocalSessionManager,Microsoft-Windows-TerminalServices-LocalSessionManager/Operational,278,4,,,,,,,1,,,,darkzero\Administrator,Event_NS,
2026-05-21T23:50:55.140542Z,54,DC01.darkzero.htb,Microsoft-Windows-TerminalServices-LocalSessionManager,Microsoft-Windows-TerminalServices-LocalSessionManager/Operational,279,4,,,,,,,,,,,,,
2026-05-22T01:17:44.301795Z,32,DC01.darkzero.htb,Microsoft-Windows-TerminalServices-LocalSessionManager,Microsoft-Windows-TerminalServices-LocalSessionManager/Operational,280,4,,,,,,,,,,,,Event_NS,RDSAppXPlugin
2026-05-22T01:18:24.210118Z,59,DC01.darkzero.htb,Microsoft-Windows-TerminalServices-LocalSessionManager,Microsoft-Windows-TerminalServices-LocalSessionManager/Operational,281,4,,"""LogonUI.exe"" /flags:0x2 /state0:0xa3bcc055 /state1:0x41c64e6d",1176,RpcGetCurrentSessionCapabilities,,,,1,,,,Event_NS,
2026-05-22T01:18:24.210933Z,59,DC01.darkzero.htb,Microsoft-Windows-TerminalServices-LocalSessionManager,Microsoft-Windows-TerminalServices-LocalSessionManager/Operational,282,4,,"""LogonUI.exe"" /flags:0x2 /state0:0xa3bcc055 /state1:0x41c64e6d",1176,RpcGetCurrentSessionCapabilities,,,,1,,,,Event_NS,
2026-05-22T01:21:43.083440Z,41,DC01.darkzero.htb,Microsoft-Windows-TerminalServices-LocalSessionManager,Microsoft-Windows-TerminalServices-LocalSessionManager/Operational,283,4,,,,,,,1,,,,darkzero\Administrator,Event_NS,
2026-05-22T01:21:43.084391Z,42,DC01.darkzero.htb,Microsoft-Windows-TerminalServices-LocalSessionManager,Microsoft-Windows-TerminalServices-LocalSessionManager/Operational,284,4,,,,,,,1,,,,darkzero\Administrator,Event_NS,
2026-05-22T01:21:43.413490Z,21,DC01.darkzero.htb,Microsoft-Windows-TerminalServices-LocalSessionManager,Microsoft-Windows-TerminalServices-LocalSessionManager/Operational,285,4,LOCAL,,,,,,1,,,,darkzero\Administrator,Event_NS,
2026-05-22T01:21:43.528637Z,22,DC01.darkzero.htb,Microsoft-Windows-TerminalServices-LocalSessionManager,Microsoft-Windows-TerminalServices-LocalSessionManager/Operational,286,4,LOCAL,,,,,,1,,,,darkzero\Administrator,Event_NS,
2026-05-22T01:22:01.321629Z,23,DC01.darkzero.htb,Microsoft-Windows-TerminalServices-LocalSessionManager,Microsoft-Windows-TerminalServices-LocalSessionManager/Operational,287,4,,,,,,,1,,,,darkzero\Administrator,Event_NS,
2026-05-22T01:22:01.342358Z,54,DC01.darkzero.htb,Microsoft-Windows-TerminalServices-LocalSessionManager,Microsoft-Windows-TerminalServices-LocalSessionManager/Operational,288,4,,,,,,,,,,,,,
2026-05-22T15:20:29.095652Z,32,DC01.darkzero.htb,Microsoft-Windows-TerminalServices-LocalSessionManager,Microsoft-Windows-TerminalServices-LocalSessionManager/Operational,289,4,,,,,,,,,,,,Event_NS,RDSAppXPlugin
2026-05-22T15:21:10.796765Z,59,DC01.darkzero.htb,Microsoft-Windows-TerminalServices-LocalSessionManager,Microsoft-Windows-TerminalServices-LocalSessionManager/Operational,290,4,,"""LogonUI.exe"" /flags:0x2 /state0:0xa3bc9855 /state1:0x41c64e6d",1184,RpcGetCurrentSessionCapabilities,,,,1,,,,Event_NS,
2026-05-22T15:21:10.798118Z,59,DC01.darkzero.htb,Microsoft-Windows-TerminalServices-LocalSessionManager,Microsoft-Windows-TerminalServices-LocalSessionManager/Operational,291,4,,"""LogonUI.exe"" /flags:0x2 /state0:0xa3bc9855 /state1:0x41c64e6d",1184,RpcGetCurrentSessionCapabilities,,,,1,,,,Event_NS,
2026-05-22T15:21:47.281544Z,41,DC01.darkzero.htb,Microsoft-Windows-TerminalServices-LocalSessionManager,Microsoft-Windows-TerminalServices-LocalSessionManager/Operational,292,4,,,,,,,1,,,,darkzero\Administrator,Event_NS,
2026-05-22T15:21:47.282301Z,42,DC01.darkzero.htb,Microsoft-Windows-TerminalServices-LocalSessionManager,Microsoft-Windows-TerminalServices-LocalSessionManager/Operational,293,4,,,,,,,1,,,,darkzero\Administrator,Event_NS,
2026-05-22T15:21:48.646220Z,21,DC01.darkzero.htb,Microsoft-Windows-TerminalServices-LocalSessionManager,Microsoft-Windows-TerminalServices-LocalSessionManager/Operational,294,4,LOCAL,,,,,,1,,,,darkzero\Administrator,Event_NS,
2026-05-22T15:21:49.535193Z,22,DC01.darkzero.htb,Microsoft-Windows-TerminalServices-LocalSessionManager,Microsoft-Windows-TerminalServices-LocalSessionManager/Operational,295,4,LOCAL,,,,,,1,,,,darkzero\Administrator,Event_NS,
2026-05-22T15:36:28.119010Z,23,DC01.darkzero.htb,Microsoft-Windows-TerminalServices-LocalSessionManager,Microsoft-Windows-TerminalServices-LocalSessionManager/Operational,296,4,,,,,,,1,,,,darkzero\Administrator,Event_NS,
2026-05-22T15:36:28.134215Z,54,DC01.darkzero.htb,Microsoft-Windows-TerminalServices-LocalSessionManager,Microsoft-Windows-TerminalServices-LocalSessionManager/Operational,297,4,,,,,,,,,,,,,
2026-05-29T11:03:45.845902Z,32,DC01.darkzero.htb,Microsoft-Windows-TerminalServices-LocalSessionManager,Microsoft-Windows-TerminalServices-LocalSessionManager/Operational,298,4,,,,,,,,,,,,Event_NS,RDSAppXPlugin
2026-05-29T11:05:01.168301Z,59,DC01.darkzero.htb,Microsoft-Windows-TerminalServices-LocalSessionManager,Microsoft-Windows-TerminalServices-LocalSessionManager/Operational,299,4,,"""LogonUI.exe"" /flags:0x2 /state0:0xa3bc9055 /state1:0x41c64e6d",1192,RpcGetCurrentSessionCapabilities,,,,1,,,,Event_NS,
2026-05-29T11:05:01.169085Z,59,DC01.darkzero.htb,Microsoft-Windows-TerminalServices-LocalSessionManager,Microsoft-Windows-TerminalServices-LocalSessionManager/Operational,300,4,,"""LogonUI.exe"" /flags:0x2 /state0:0xa3bc9055 /state1:0x41c64e6d",1192,RpcGetCurrentSessionCapabilities,,,,1,,,,Event_NS,
2026-05-29T11:05:52.239429Z,41,DC01.darkzero.htb,Microsoft-Windows-TerminalServices-LocalSessionManager,Microsoft-Windows-TerminalServices-LocalSessionManager/Operational,301,4,,,,,,,1,,,,darkzero\Administrator,Event_NS,
2026-05-29T11:05:52.240210Z,42,DC01.darkzero.htb,Microsoft-Windows-TerminalServices-LocalSessionManager,Microsoft-Windows-TerminalServices-LocalSessionManager/Operational,302,4,,,,,,,1,,,,darkzero\Administrator,Event_NS,
2026-05-29T11:05:53.814694Z,21,DC01.darkzero.htb,Microsoft-Windows-TerminalServices-LocalSessionManager,Microsoft-Windows-TerminalServices-LocalSessionManager/Operational,303,4,LOCAL,,,,,,1,,,,darkzero\Administrator,Event_NS,
2026-05-29T11:05:54.913869Z,22,DC01.darkzero.htb,Microsoft-Windows-TerminalServices-LocalSessionManager,Microsoft-Windows-TerminalServices-LocalSessionManager/Operational,304,4,LOCAL,,,,,,1,,,,darkzero\Administrator,Event_NS,
2026-05-29T11:09:45.278600Z,23,DC01.darkzero.htb,Microsoft-Windows-TerminalServices-LocalSessionManager,Microsoft-Windows-TerminalServices-LocalSessionManager/Operational,305,4,,,,,,,1,,,,darkzero\Administrator,Event_NS,
2026-05-29T11:09:45.293580Z,54,DC01.darkzero.htb,Microsoft-Windows-TerminalServices-LocalSessionManager,Microsoft-Windows-TerminalServices-LocalSessionManager/Operational,306,4,,,,,,,,,,,,,
2026-05-29T22:05:11.992635Z,32,DC01.darkzero.htb,Microsoft-Windows-TerminalServices-LocalSessionManager,Microsoft-Windows-TerminalServices-LocalSessionManager/Operational,307,4,,,,,,,,,,,,Event_NS,RDSAppXPlugin
2026-05-29T22:05:52.589424Z,59,DC01.darkzero.htb,Microsoft-Windows-TerminalServices-LocalSessionManager,Microsoft-Windows-TerminalServices-LocalSessionManager/Operational,308,4,,"""LogonUI.exe"" /flags:0x2 /state0:0xa3ac4055 /state1:0x41c64e6d",4084,RpcGetCurrentSessionCapabilities,,,,1,,,,Event_NS,
2026-05-29T22:05:52.590622Z,59,DC01.darkzero.htb,Microsoft-Windows-TerminalServices-LocalSessionManager,Microsoft-Windows-TerminalServices-LocalSessionManager/Operational,309,4,,"""LogonUI.exe"" /flags:0x2 /state0:0xa3ac4055 /state1:0x41c64e6d",4084,RpcGetCurrentSessionCapabilities,,,,1,,,,Event_NS,
2026-05-29T22:12:24.371760Z,54,DC01.darkzero.htb,Microsoft-Windows-TerminalServices-LocalSessionManager,Microsoft-Windows-TerminalServices-LocalSessionManager/Operational,310,4,,,,,,,,,,,,,
2026-05-29T22:22:42.661762Z,32,DC01.darkzero.htb,Microsoft-Windows-TerminalServices-LocalSessionManager,Microsoft-Windows-TerminalServices-LocalSessionManager/Operational,311,4,,,,,,,,,,,,Event_NS,RDSAppXPlugin
2026-05-29T22:23:24.556526Z,59,DC01.darkzero.htb,Microsoft-Windows-TerminalServices-LocalSessionManager,Microsoft-Windows-TerminalServices-LocalSessionManager/Operational,312,4,,"""LogonUI.exe"" /flags:0x2 /state0:0xa3bc9855 /state1:0x41c64e6d",1160,RpcGetCurrentSessionCapabilities,,,,1,,,,Event_NS,
2026-05-29T22:23:24.557616Z,59,DC01.darkzero.htb,Microsoft-Windows-TerminalServices-LocalSessionManager,Microsoft-Windows-TerminalServices-LocalSessionManager/Operational,313,4,,"""LogonUI.exe"" /flags:0x2 /state0:0xa3bc9855 /state1:0x41c64e6d",1160,RpcGetCurrentSessionCapabilities,,,,1,,,,Event_NS,
2026-05-29T22:36:50.180004Z,41,DC01.darkzero.htb,Microsoft-Windows-TerminalServices-LocalSessionManager,Microsoft-Windows-TerminalServices-LocalSessionManager/Operational,314,4,,,,,,,1,,,,darkzero\Administrator,Event_NS,
2026-05-29T22:36:50.181343Z,42,DC01.darkzero.htb,Microsoft-Windows-TerminalServices-LocalSessionManager,Microsoft-Windows-TerminalServices-LocalSessionManager/Operational,315,4,,,,,,,1,,,,darkzero\Administrator,Event_NS,
2026-05-29T22:36:50.481419Z,21,DC01.darkzero.htb,Microsoft-Windows-TerminalServices-LocalSessionManager,Microsoft-Windows-TerminalServices-LocalSessionManager/Operational,316,4,LOCAL,,,,,,1,,,,darkzero\Administrator,Event_NS,
2026-05-29T22:36:50.630369Z,22,DC01.darkzero.htb,Microsoft-Windows-TerminalServices-LocalSessionManager,Microsoft-Windows-TerminalServices-LocalSessionManager/Operational,317,4,LOCAL,,,,,,1,,,,darkzero\Administrator,Event_NS,
2026-05-29T22:59:16.646663Z,23,DC01.darkzero.htb,Microsoft-Windows-TerminalServices-LocalSessionManager,Microsoft-Windows-TerminalServices-LocalSessionManager/Operational,318,4,,,,,,,1,,,,darkzero\Administrator,Event_NS,
2026-05-29T22:59:16.659866Z,54,DC01.darkzero.htb,Microsoft-Windows-TerminalServices-LocalSessionManager,Microsoft-Windows-TerminalServices-LocalSessionManager/Operational,319,4,,,,,,,,,,,,,
2026-07-14T12:59:04.852939Z,32,DC01.darkzero.htb,Microsoft-Windows-TerminalServices-LocalSessionManager,Microsoft-Windows-TerminalServices-LocalSessionManager/Operational,320,4,,,,,,,,,,,,Event_NS,RDSAppXPlugin
2026-07-14T12:59:45.335224Z,59,DC01.darkzero.htb,Microsoft-Windows-TerminalServices-LocalSessionManager,Microsoft-Windows-TerminalServices-LocalSessionManager/Operational,321,4,,"""LogonUI.exe"" /flags:0x2 /state0:0xa3bc9855 /state1:0x41c64e6d",1156,RpcGetCurrentSessionCapabilities,,,,1,,,,Event_NS,
2026-07-14T12:59:45.336047Z,59,DC01.darkzero.htb,Microsoft-Windows-TerminalServices-LocalSessionManager,Microsoft-Windows-TerminalServices-LocalSessionManager/Operational,322,4,,"""LogonUI.exe"" /flags:0x2 /state0:0xa3bc9855 /state1:0x41c64e6d",1156,RpcGetCurrentSessionCapabilities,,,,1,,,,Event_NS,
2026-07-14T13:00:58.428249Z,41,DC01.darkzero.htb,Microsoft-Windows-TerminalServices-LocalSessionManager,Microsoft-Windows-TerminalServices-LocalSessionManager/Operational,323,4,,,,,,,1,,,,darkzero\Administrator,Event_NS,
2026-07-14T13:00:58.429239Z,42,DC01.darkzero.htb,Microsoft-Windows-TerminalServices-LocalSessionManager,Microsoft-Windows-TerminalServices-LocalSessionManager/Operational,324,4,,,,,,,1,,,,darkzero\Administrator,Event_NS,
2026-07-14T13:00:58.744219Z,21,DC01.darkzero.htb,Microsoft-Windows-TerminalServices-LocalSessionManager,Microsoft-Windows-TerminalServices-LocalSessionManager/Operational,325,4,LOCAL,,,,,,1,,,,darkzero\Administrator,Event_NS,
2026-07-14T13:00:58.870223Z,22,DC01.darkzero.htb,Microsoft-Windows-TerminalServices-LocalSessionManager,Microsoft-Windows-TerminalServices-LocalSessionManager/Operational,326,4,LOCAL,,,,,,1,,,,darkzero\Administrator,Event_NS,
2026-07-14T14:06:58.572261Z,23,DC01.darkzero.htb,Microsoft-Windows-TerminalServices-LocalSessionManager,Microsoft-Windows-TerminalServices-LocalSessionManager/Operational,327,4,,,,,,,1,,,,darkzero\Administrator,Event_NS,
2026-07-14T14:06:58.591473Z,54,DC01.darkzero.htb,Microsoft-Windows-TerminalServices-LocalSessionManager,Microsoft-Windows-TerminalServices-LocalSessionManager/Operational,328,4,,,,,,,,,,,,,
2026-07-14T14:15:32.743135Z,32,DC01.darkzero.htb,Microsoft-Windows-TerminalServices-LocalSessionManager,Microsoft-Windows-TerminalServices-LocalSessionManager/Operational,329,4,,,,,,,,,,,,Event_NS,RDSAppXPlugin
2026-07-14T14:16:13.452986Z,59,DC01.darkzero.htb,Microsoft-Windows-TerminalServices-LocalSessionManager,Microsoft-Windows-TerminalServices-LocalSessionManager/Operational,330,4,,"""LogonUI.exe"" /flags:0x2 /state0:0xa3bc9055 /state1:0x41c64e6d",1148,RpcGetCurrentSessionCapabilities,,,,1,,,,Event_NS,
2026-07-14T14:16:13.453796Z,59,DC01.darkzero.htb,Microsoft-Windows-TerminalServices-LocalSessionManager,Microsoft-Windows-TerminalServices-LocalSessionManager/Operational,331,4,,"""LogonUI.exe"" /flags:0x2 /state0:0xa3bc9055 /state1:0x41c64e6d",1148,RpcGetCurrentSessionCapabilities,,,,1,,,,Event_NS,
2026-07-14T14:16:30.765092Z,41,DC01.darkzero.htb,Microsoft-Windows-TerminalServices-LocalSessionManager,Microsoft-Windows-TerminalServices-LocalSessionManager/Operational,332,4,,,,,,,1,,,,darkzero\Administrator,Event_NS,
2026-07-14T14:16:30.765987Z,42,DC01.darkzero.htb,Microsoft-Windows-TerminalServices-LocalSessionManager,Microsoft-Windows-TerminalServices-LocalSessionManager/Operational,333,4,,,,,,,1,,,,darkzero\Administrator,Event_NS,
2026-07-14T14:16:31.058163Z,21,DC01.darkzero.htb,Microsoft-Windows-TerminalServices-LocalSessionManager,Microsoft-Windows-TerminalServices-LocalSessionManager/Operational,334,4,LOCAL,,,,,,1,,,,darkzero\Administrator,Event_NS,
2026-07-14T14:16:31.217737Z,22,DC01.darkzero.htb,Microsoft-Windows-TerminalServices-LocalSessionManager,Microsoft-Windows-TerminalServices-LocalSessionManager/Operational,335,4,LOCAL,,,,,,1,,,,darkzero\Administrator,Event_NS,
2026-07-14T16:08:24.927390Z,23,DC01.darkzero.htb,Microsoft-Windows-TerminalServices-LocalSessionManager,Microsoft-Windows-TerminalServices-LocalSessionManager/Operational,336,4,,,,,,,1,,,,darkzero\Administrator,Event_NS,
2026-07-14T16:08:24.995316Z,54,DC01.darkzero.htb,Microsoft-Windows-TerminalServices-LocalSessionManager,Microsoft-Windows-TerminalServices-LocalSessionManager/Operational,337,4,,,,,,,,,,,,,
2026-07-14T16:09:56.508675Z,32,DC01.darkzero.htb,Microsoft-Windows-TerminalServices-LocalSessionManager,Microsoft-Windows-TerminalServices-LocalSessionManager/Operational,338,4,,,,,,,,,,,,Event_NS,RDSAppXPlugin
2026-07-14T16:10:45.971677Z,54,DC01.darkzero.htb,Microsoft-Windows-TerminalServices-LocalSessionManager,Microsoft-Windows-TerminalServices-LocalSessionManager/Operational,339,4,,,,,,,,,,,,,
2026-07-14T16:11:17.758438Z,32,DC01.darkzero.htb,Microsoft-Windows-TerminalServices-LocalSessionManager,Microsoft-Windows-TerminalServices-LocalSessionManager/Operational,340,4,,,,,,,,,,,,Event_NS,RDSAppXPlugin
2026-07-14T16:11:58.545821Z,59,DC01.darkzero.htb,Microsoft-Windows-TerminalServices-LocalSessionManager,Microsoft-Windows-TerminalServices-LocalSessionManager/Operational,341,4,,"""LogonUI.exe"" /flags:0x2 /state0:0xa3bc9855 /state1:0x41c64e6d",1160,RpcGetCurrentSessionCapabilities,,,,1,,,,Event_NS,
2026-07-14T16:11:58.546524Z,59,DC01.darkzero.htb,Microsoft-Windows-TerminalServices-LocalSessionManager,Microsoft-Windows-TerminalServices-LocalSessionManager/Operational,342,4,,"""LogonUI.exe"" /flags:0x2 /state0:0xa3bc9855 /state1:0x41c64e6d",1160,RpcGetCurrentSessionCapabilities,,,,1,,,,Event_NS,
2026-07-14T16:13:06.796969Z,41,DC01.darkzero.htb,Microsoft-Windows-TerminalServices-LocalSessionManager,Microsoft-Windows-TerminalServices-LocalSessionManager/Operational,343,4,,,,,,,1,,,,darkzero\Administrator,Event_NS,
2026-07-14T16:13:06.797768Z,42,DC01.darkzero.htb,Microsoft-Windows-TerminalServices-LocalSessionManager,Microsoft-Windows-TerminalServices-LocalSessionManager/Operational,344,4,,,,,,,1,,,,darkzero\Administrator,Event_NS,
2026-07-14T16:13:07.102945Z,21,DC01.darkzero.htb,Microsoft-Windows-TerminalServices-LocalSessionManager,Microsoft-Windows-TerminalServices-LocalSessionManager/Operational,345,4,LOCAL,,,,,,1,,,,darkzero\Administrator,Event_NS,
2026-07-14T16:13:07.218551Z,22,DC01.darkzero.htb,Microsoft-Windows-TerminalServices-LocalSessionManager,Microsoft-Windows-TerminalServices-LocalSessionManager/Operational,346,4,LOCAL,,,,,,1,,,,darkzero\Administrator,Event_NS,
2026-07-14T16:27:13.994002Z,23,DC01.darkzero.htb,Microsoft-Windows-TerminalServices-LocalSessionManager,Microsoft-Windows-TerminalServices-LocalSessionManager/Operational,347,4,,,,,,,1,,,,darkzero\Administrator,Event_NS,
2026-07-14T16:27:14.013530Z,54,DC01.darkzero.htb,Microsoft-Windows-TerminalServices-LocalSessionManager,Microsoft-Windows-TerminalServices-LocalSessionManager/Operational,348,4,,,,,,,,,,,,,
2026-07-14T16:43:37.608804Z,32,DC01.darkzero.htb,Microsoft-Windows-TerminalServices-LocalSessionManager,Microsoft-Windows-TerminalServices-LocalSessionManager/Operational,349,4,,,,,,,,,,,,Event_NS,RDSAppXPlugin
2026-07-14T16:44:18.423776Z,59,DC01.darkzero.htb,Microsoft-Windows-TerminalServices-LocalSessionManager,Microsoft-Windows-TerminalServices-LocalSessionManager/Operational,350,4,,"""LogonUI.exe"" /flags:0x2 /state0:0xa3bc9055 /state1:0x41c64e6d",1156,RpcGetCurrentSessionCapabilities,,,,1,,,,Event_NS,
2026-07-14T16:44:18.424447Z,59,DC01.darkzero.htb,Microsoft-Windows-TerminalServices-LocalSessionManager,Microsoft-Windows-TerminalServices-LocalSessionManager/Operational,351,4,,"""LogonUI.exe"" /flags:0x2 /state0:0xa3bc9055 /state1:0x41c64e6d",1156,RpcGetCurrentSessionCapabilities,,,,1,,,,Event_NS,
2026-07-14T18:43:20.667995Z,41,DC01.darkzero.htb,Microsoft-Windows-TerminalServices-LocalSessionManager,Microsoft-Windows-TerminalServices-LocalSessionManager/Operational,352,4,,,,,,,1,,,,darkzero\Administrator,Event_NS,
2026-07-14T18:43:20.669165Z,42,DC01.darkzero.htb,Microsoft-Windows-TerminalServices-LocalSessionManager,Microsoft-Windows-TerminalServices-LocalSessionManager/Operational,353,4,,,,,,,1,,,,darkzero\Administrator,Event_NS,
2026-07-14T18:43:20.979591Z,21,DC01.darkzero.htb,Microsoft-Windows-TerminalServices-LocalSessionManager,Microsoft-Windows-TerminalServices-LocalSessionManager/Operational,354,4,LOCAL,,,,,,1,,,,darkzero\Administrator,Event_NS,
2026-07-14T18:43:21.107863Z,22,DC01.darkzero.htb,Microsoft-Windows-TerminalServices-LocalSessionManager,Microsoft-Windows-TerminalServices-LocalSessionManager/Operational,355,4,LOCAL,,,,,,1,,,,darkzero\Administrator,Event_NS,
2026-07-14T18:43:51.518606Z,23,DC01.darkzero.htb,Microsoft-Windows-TerminalServices-LocalSessionManager,Microsoft-Windows-TerminalServices-LocalSessionManager/Operational,356,4,,,,,,,1,,,,darkzero\Administrator,Event_NS,
2026-07-14T18:43:51.545126Z,54,DC01.darkzero.htb,Microsoft-Windows-TerminalServices-LocalSessionManager,Microsoft-Windows-TerminalServices-LocalSessionManager/Operational,357,4,,,,,,,,,,,,,
2026-07-20T12:17:33.372752Z,32,DC01.darkzero.htb,Microsoft-Windows-TerminalServices-LocalSessionManager,Microsoft-Windows-TerminalServices-LocalSessionManager/Operational,358,4,,,,,,,,,,,,Event_NS,RDSAppXPlugin
2026-07-20T12:18:17.967329Z,59,DC01.darkzero.htb,Microsoft-Windows-TerminalServices-LocalSessionManager,Microsoft-Windows-TerminalServices-LocalSessionManager/Operational,359,4,,"""LogonUI.exe"" /flags:0x2 /state0:0xa3bcc855 /state1:0x41c64e6d",1168,RpcGetCurrentSessionCapabilities,,,,1,,,,Event_NS,
2026-07-20T12:18:17.968311Z,59,DC01.darkzero.htb,Microsoft-Windows-TerminalServices-LocalSessionManager,Microsoft-Windows-TerminalServices-LocalSessionManager/Operational,360,4,,"""LogonUI.exe"" /flags:0x2 /state0:0xa3bcc855 /state1:0x41c64e6d",1168,RpcGetCurrentSessionCapabilities,,,,1,,,,Event_NS,
2026-07-20T12:18:37.884672Z,41,DC01.darkzero.htb,Microsoft-Windows-TerminalServices-LocalSessionManager,Microsoft-Windows-TerminalServices-LocalSessionManager/Operational,361,4,,,,,,,1,,,,darkzero\Administrator,Event_NS,
2026-07-20T12:18:37.885672Z,42,DC01.darkzero.htb,Microsoft-Windows-TerminalServices-LocalSessionManager,Microsoft-Windows-TerminalServices-LocalSessionManager/Operational,362,4,,,,,,,1,,,,darkzero\Administrator,Event_NS,
2026-07-20T12:18:38.940771Z,21,DC01.darkzero.htb,Microsoft-Windows-TerminalServices-LocalSessionManager,Microsoft-Windows-TerminalServices-LocalSessionManager/Operational,363,4,LOCAL,,,,,,1,,,,darkzero\Administrator,Event_NS,
2026-07-20T12:18:39.822332Z,22,DC01.darkzero.htb,Microsoft-Windows-TerminalServices-LocalSessionManager,Microsoft-Windows-TerminalServices-LocalSessionManager/Operational,364,4,LOCAL,,,,,,1,,,,darkzero\Administrator,Event_NS,
2026-07-20T13:30:56.409177Z,23,DC01.darkzero.htb,Microsoft-Windows-TerminalServices-LocalSessionManager,Microsoft-Windows-TerminalServices-LocalSessionManager/Operational,365,4,,,,,,,1,,,,darkzero\Administrator,Event_NS,
2026-07-20T13:30:56.475900Z,54,DC01.darkzero.htb,Microsoft-Windows-TerminalServices-LocalSessionManager,Microsoft-Windows-TerminalServices-LocalSessionManager/Operational,366,4,,,,,,,,,,,,,
2026-07-20T13:33:12.032852Z,32,DC01.darkzero.htb,Microsoft-Windows-TerminalServices-LocalSessionManager,Microsoft-Windows-TerminalServices-LocalSessionManager/Operational,367,4,,,,,,,,,,,,Event_NS,RDSAppXPlugin
2026-07-20T13:35:13.865575Z,54,DC01.darkzero.htb,Microsoft-Windows-TerminalServices-LocalSessionManager,Microsoft-Windows-TerminalServices-LocalSessionManager/Operational,368,4,,,,,,,,,,,,,
2026-07-20T13:35:51.787994Z,32,DC01.darkzero.htb,Microsoft-Windows-TerminalServices-LocalSessionManager,Microsoft-Windows-TerminalServices-LocalSessionManager/Operational,369,4,,,,,,,,,,,,Event_NS,RDSAppXPlugin
2026-07-20T13:36:43.593550Z,59,DC01.darkzero.htb,Microsoft-Windows-TerminalServices-LocalSessionManager,Microsoft-Windows-TerminalServices-LocalSessionManager/Operational,370,4,,"""LogonUI.exe"" /flags:0x2 /state0:0xa3bc9855 /state1:0x41c64e6d",1176,RpcGetCurrentSessionCapabilities,,,,1,,,,Event_NS,
2026-07-20T13:36:43.596559Z,59,DC01.darkzero.htb,Microsoft-Windows-TerminalServices-LocalSessionManager,Microsoft-Windows-TerminalServices-LocalSessionManager/Operational,371,4,,"""LogonUI.exe"" /flags:0x2 /state0:0xa3bc9855 /state1:0x41c64e6d",1176,RpcGetCurrentSessionCapabilities,,,,1,,,,Event_NS,
2026-07-20T13:41:30.386226Z,41,DC01.darkzero.htb,Microsoft-Windows-TerminalServices-LocalSessionManager,Microsoft-Windows-TerminalServices-LocalSessionManager/Operational,372,4,,,,,,,1,,,,darkzero\Administrator,Event_NS,
2026-07-20T13:41:30.387349Z,42,DC01.darkzero.htb,Microsoft-Windows-TerminalServices-LocalSessionManager,Microsoft-Windows-TerminalServices-LocalSessionManager/Operational,373,4,,,,,,,1,,,,darkzero\Administrator,Event_NS,
2026-07-20T13:41:30.707063Z,21,DC01.darkzero.htb,Microsoft-Windows-TerminalServices-LocalSessionManager,Microsoft-Windows-TerminalServices-LocalSessionManager/Operational,374,4,LOCAL,,,,,,1,,,,darkzero\Administrator,Event_NS,
2026-07-20T13:41:30.843170Z,22,DC01.darkzero.htb,Microsoft-Windows-TerminalServices-LocalSessionManager,Microsoft-Windows-TerminalServices-LocalSessionManager/Operational,375,4,LOCAL,,,,,,1,,,,darkzero\Administrator,Event_NS,
2026-07-20T16:13:24.156140Z,23,DC01.darkzero.htb,Microsoft-Windows-TerminalServices-LocalSessionManager,Microsoft-Windows-TerminalServices-LocalSessionManager/Operational,376,4,,,,,,,1,,,,darkzero\Administrator,Event_NS,
2026-07-20T16:13:24.177307Z,54,DC01.darkzero.htb,Microsoft-Windows-TerminalServices-LocalSessionManager,Microsoft-Windows-TerminalServices-LocalSessionManager/Operational,377,4,,,,,,,,,,,,,
2026-07-20T16:18:21.226283Z,32,DC01.darkzero.htb,Microsoft-Windows-TerminalServices-LocalSessionManager,Microsoft-Windows-TerminalServices-LocalSessionManager/Operational,378,4,,,,,,,,,,,,Event_NS,RDSAppXPlugin
2026-07-20T16:19:04.563983Z,59,DC01.darkzero.htb,Microsoft-Windows-TerminalServices-LocalSessionManager,Microsoft-Windows-TerminalServices-LocalSessionManager/Operational,379,4,,"""LogonUI.exe"" /flags:0x2 /state0:0xa3bca055 /state1:0x41c64e6d",1168,RpcGetCurrentSessionCapabilities,,,,1,,,,Event_NS,
2026-07-20T16:19:04.564666Z,59,DC01.darkzero.htb,Microsoft-Windows-TerminalServices-LocalSessionManager,Microsoft-Windows-TerminalServices-LocalSessionManager/Operational,380,4,,"""LogonUI.exe"" /flags:0x2 /state0:0xa3bca055 /state1:0x41c64e6d",1168,RpcGetCurrentSessionCapabilities,,,,1,,,,Event_NS,
2026-07-20T16:19:54.792078Z,41,DC01.darkzero.htb,Microsoft-Windows-TerminalServices-LocalSessionManager,Microsoft-Windows-TerminalServices-LocalSessionManager/Operational,381,4,,,,,,,1,,,,darkzero\Administrator,Event_NS,
2026-07-20T16:19:54.792937Z,42,DC01.darkzero.htb,Microsoft-Windows-TerminalServices-LocalSessionManager,Microsoft-Windows-TerminalServices-LocalSessionManager/Operational,382,4,,,,,,,1,,,,darkzero\Administrator,Event_NS,
2026-07-20T16:19:55.900729Z,21,DC01.darkzero.htb,Microsoft-Windows-TerminalServices-LocalSessionManager,Microsoft-Windows-TerminalServices-LocalSessionManager/Operational,383,4,LOCAL,,,,,,1,,,,darkzero\Administrator,Event_NS,
2026-07-20T16:19:56.655870Z,22,DC01.darkzero.htb,Microsoft-Windows-TerminalServices-LocalSessionManager,Microsoft-Windows-TerminalServices-LocalSessionManager/Operational,384,4,LOCAL,,,,,,1,,,,darkzero\Administrator,Event_NS,
2026-07-20T16:24:10.016574Z,23,DC01.darkzero.htb,Microsoft-Windows-TerminalServices-LocalSessionManager,Microsoft-Windows-TerminalServices-LocalSessionManager/Operational,385,4,,,,,,,1,,,,darkzero\Administrator,Event_NS,
2026-07-20T16:24:10.031764Z,54,DC01.darkzero.htb,Microsoft-Windows-TerminalServices-LocalSessionManager,Microsoft-Windows-TerminalServices-LocalSessionManager/Operational,386,4,,,,,,,,,,,,,
2026-07-20T19:27:22.199374Z,32,DC01.darkzero.htb,Microsoft-Windows-TerminalServices-LocalSessionManager,Microsoft-Windows-TerminalServices-LocalSessionManager/Operational,387,4,,,,,,,,,,,,Event_NS,RDSAppXPlugin
2026-07-20T19:28:06.094376Z,59,DC01.darkzero.htb,Microsoft-Windows-TerminalServices-LocalSessionManager,Microsoft-Windows-TerminalServices-LocalSessionManager/Operational,388,4,,"""LogonUI.exe"" /flags:0x2 /state0:0xa3be2055 /state1:0x41c64e6d",1192,RpcGetCurrentSessionCapabilities,,,,1,,,,Event_NS,
2026-07-20T19:28:06.095088Z,59,DC01.darkzero.htb,Microsoft-Windows-TerminalServices-LocalSessionManager,Microsoft-Windows-TerminalServices-LocalSessionManager/Operational,389,4,,"""LogonUI.exe"" /flags:0x2 /state0:0xa3be2055 /state1:0x41c64e6d",1192,RpcGetCurrentSessionCapabilities,,,,1,,,,Event_NS,
2026-07-20T19:28:17.965207Z,41,DC01.darkzero.htb,Microsoft-Windows-TerminalServices-LocalSessionManager,Microsoft-Windows-TerminalServices-LocalSessionManager/Operational,390,4,,,,,,,1,,,,darkzero\Administrator,Event_NS,
2026-07-20T19:28:17.966937Z,42,DC01.darkzero.htb,Microsoft-Windows-TerminalServices-LocalSessionManager,Microsoft-Windows-TerminalServices-LocalSessionManager/Operational,391,4,,,,,,,1,,,,darkzero\Administrator,Event_NS,
2026-07-20T19:28:19.078580Z,21,DC01.darkzero.htb,Microsoft-Windows-TerminalServices-LocalSessionManager,Microsoft-Windows-TerminalServices-LocalSessionManager/Operational,392,4,LOCAL,,,,,,1,,,,darkzero\Administrator,Event_NS,
2026-07-20T19:28:19.670311Z,22,DC01.darkzero.htb,Microsoft-Windows-TerminalServices-LocalSessionManager,Microsoft-Windows-TerminalServices-LocalSessionManager/Operational,393,4,LOCAL,,,,,,1,,,,darkzero\Administrator,Event_NS,
2026-07-20T20:27:15.692488Z,23,DC01.darkzero.htb,Microsoft-Windows-TerminalServices-LocalSessionManager,Microsoft-Windows-TerminalServices-LocalSessionManager/Operational,394,4,,,,,,,1,,,,darkzero\Administrator,Event_NS,
2026-07-20T20:27:15.709322Z,54,DC01.darkzero.htb,Microsoft-Windows-TerminalServices-LocalSessionManager,Microsoft-Windows-TerminalServices-LocalSessionManager/Operational,395,4,,,,,,,,,,,,,
2026-07-21T12:23:33.869078Z,32,DC01.darkzero.htb,Microsoft-Windows-TerminalServices-LocalSessionManager,Microsoft-Windows-TerminalServices-LocalSessionManager/Operational,396,4,,,,,,,,,,,,Event_NS,RDSAppXPlugin
2026-07-21T12:24:19.890365Z,59,DC01.darkzero.htb,Microsoft-Windows-TerminalServices-LocalSessionManager,Microsoft-Windows-TerminalServices-LocalSessionManager/Operational,397,4,,"""LogonUI.exe"" /flags:0x2 /state0:0xa3bc9055 /state1:0x41c64e6d",1160,RpcGetCurrentSessionCapabilities,,,,1,,,,Event_NS,
2026-07-21T12:24:19.893462Z,59,DC01.darkzero.htb,Microsoft-Windows-TerminalServices-LocalSessionManager,Microsoft-Windows-TerminalServices-LocalSessionManager/Operational,398,4,,"""LogonUI.exe"" /flags:0x2 /state0:0xa3bc9055 /state1:0x41c64e6d",1160,RpcGetCurrentSessionCapabilities,,,,1,,,,Event_NS,
2026-07-21T13:01:26.848289Z,41,DC01.darkzero.htb,Microsoft-Windows-TerminalServices-LocalSessionManager,Microsoft-Windows-TerminalServices-LocalSessionManager/Operational,399,4,,,,,,,1,,,,darkzero\Administrator,Event_NS,
2026-07-21T13:01:26.849872Z,42,DC01.darkzero.htb,Microsoft-Windows-TerminalServices-LocalSessionManager,Microsoft-Windows-TerminalServices-LocalSessionManager/Operational,400,4,,,,,,,1,,,,darkzero\Administrator,Event_NS,
2026-07-21T13:01:27.132160Z,21,DC01.darkzero.htb,Microsoft-Windows-TerminalServices-LocalSessionManager,Microsoft-Windows-TerminalServices-LocalSessionManager/Operational,401,4,LOCAL,,,,,,1,,,,darkzero\Administrator,Event_NS,
2026-07-21T13:01:27.248247Z,22,DC01.darkzero.htb,Microsoft-Windows-TerminalServices-LocalSessionManager,Microsoft-Windows-TerminalServices-LocalSessionManager/Operational,402,4,LOCAL,,,,,,1,,,,darkzero\Administrator,Event_NS,
2026-07-21T13:18:34.543221Z,23,DC01.darkzero.htb,Microsoft-Windows-TerminalServices-LocalSessionManager,Microsoft-Windows-TerminalServices-LocalSessionManager/Operational,403,4,,,,,,,1,,,,darkzero\Administrator,Event_NS,
2026-07-21T13:18:34.567779Z,54,DC01.darkzero.htb,Microsoft-Windows-TerminalServices-LocalSessionManager,Microsoft-Windows-TerminalServices-LocalSessionManager/Operational,404,4,,,,,,,,,,,,,
2026-07-23T12:23:25.721083Z,32,DC01.darkzero.htb,Microsoft-Windows-TerminalServices-LocalSessionManager,Microsoft-Windows-TerminalServices-LocalSessionManager/Operational,405,4,,,,,,,,,,,,Event_NS,RDSAppXPlugin
2026-07-23T12:24:36.439202Z,59,DC01.darkzero.htb,Microsoft-Windows-TerminalServices-LocalSessionManager,Microsoft-Windows-TerminalServices-LocalSessionManager/Operational,406,4,,"""LogonUI.exe"" /flags:0x2 /state0:0xa3bc9855 /state1:0x41c64e6d",1180,RpcGetCurrentSessionCapabilities,,,,1,,,,Event_NS,
2026-07-23T12:24:36.441361Z,59,DC01.darkzero.htb,Microsoft-Windows-TerminalServices-LocalSessionManager,Microsoft-Windows-TerminalServices-LocalSessionManager/Operational,407,4,,"""LogonUI.exe"" /flags:0x2 /state0:0xa3bc9855 /state1:0x41c64e6d",1180,RpcGetCurrentSessionCapabilities,,,,1,,,,Event_NS,
2026-07-23T12:24:55.966831Z,41,DC01.darkzero.htb,Microsoft-Windows-TerminalServices-LocalSessionManager,Microsoft-Windows-TerminalServices-LocalSessionManager/Operational,408,4,,,,,,,1,,,,darkzero\Administrator,Event_NS,
2026-07-23T12:24:55.967841Z,42,DC01.darkzero.htb,Microsoft-Windows-TerminalServices-LocalSessionManager,Microsoft-Windows-TerminalServices-LocalSessionManager/Operational,409,4,,,,,,,1,,,,darkzero\Administrator,Event_NS,
2026-07-23T12:24:57.152037Z,21,DC01.darkzero.htb,Microsoft-Windows-TerminalServices-LocalSessionManager,Microsoft-Windows-TerminalServices-LocalSessionManager/Operational,410,4,LOCAL,,,,,,1,,,,darkzero\Administrator,Event_NS,
2026-07-23T12:24:57.904403Z,22,DC01.darkzero.htb,Microsoft-Windows-TerminalServices-LocalSessionManager,Microsoft-Windows-TerminalServices-LocalSessionManager/Operational,411,4,LOCAL,,,,,,1,,,,darkzero\Administrator,Event_NS,
2026-07-23T12:29:01.435463Z,54,DC01.darkzero.htb,Microsoft-Windows-TerminalServices-LocalSessionManager,Microsoft-Windows-TerminalServices-LocalSessionManager/Operational,412,4,,,,,,,,,,,,,
2026-07-23T12:29:01.806932Z,23,DC01.darkzero.htb,Microsoft-Windows-TerminalServices-LocalSessionManager,Microsoft-Windows-TerminalServices-LocalSessionManager/Operational,413,4,,,,,,,1,,,,darkzero\Administrator,Event_NS,
2026-07-23T12:29:44.665144Z,32,DC01.darkzero.htb,Microsoft-Windows-TerminalServices-LocalSessionManager,Microsoft-Windows-TerminalServices-LocalSessionManager/Operational,414,4,,,,,,,,,,,,Event_NS,RDSAppXPlugin
2026-07-23T12:30:29.472138Z,59,DC01.darkzero.htb,Microsoft-Windows-TerminalServices-LocalSessionManager,Microsoft-Windows-TerminalServices-LocalSessionManager/Operational,415,4,,"""LogonUI.exe"" /flags:0x2 /state0:0xa3bc9055 /state1:0x41c64e6d",1156,RpcGetCurrentSessionCapabilities,,,,1,,,,Event_NS,
2026-07-23T12:30:29.476254Z,59,DC01.darkzero.htb,Microsoft-Windows-TerminalServices-LocalSessionManager,Microsoft-Windows-TerminalServices-LocalSessionManager/Operational,416,4,,"""LogonUI.exe"" /flags:0x2 /state0:0xa3bc9055 /state1:0x41c64e6d",1156,RpcGetCurrentSessionCapabilities,,,,1,,,,Event_NS,
2026-07-23T12:31:26.361709Z,41,DC01.darkzero.htb,Microsoft-Windows-TerminalServices-LocalSessionManager,Microsoft-Windows-TerminalServices-LocalSessionManager/Operational,417,4,,,,,,,1,,,,darkzero\Administrator,Event_NS,
2026-07-23T12:31:26.362918Z,42,DC01.darkzero.htb,Microsoft-Windows-TerminalServices-LocalSessionManager,Microsoft-Windows-TerminalServices-LocalSessionManager/Operational,418,4,,,,,,,1,,,,darkzero\Administrator,Event_NS,
2026-07-23T12:31:27.228503Z,21,DC01.darkzero.htb,Microsoft-Windows-TerminalServices-LocalSessionManager,Microsoft-Windows-TerminalServices-LocalSessionManager/Operational,419,4,LOCAL,,,,,,1,,,,darkzero\Administrator,Event_NS,
2026-07-23T12:31:28.076371Z,22,DC01.darkzero.htb,Microsoft-Windows-TerminalServices-LocalSessionManager,Microsoft-Windows-TerminalServices-LocalSessionManager/Operational,420,4,LOCAL,,,,,,1,,,,darkzero\Administrator,Event_NS,
2026-07-23T12:35:46.118453Z,23,DC01.darkzero.htb,Microsoft-Windows-TerminalServices-LocalSessionManager,Microsoft-Windows-TerminalServices-LocalSessionManager/Operational,421,4,,,,,,,1,,,,darkzero\Administrator,Event_NS,
2026-07-23T12:35:46.137989Z,54,DC01.darkzero.htb,Microsoft-Windows-TerminalServices-LocalSessionManager,Microsoft-Windows-TerminalServices-LocalSessionManager/Operational,422,4,,,,,,,,,,,,,
2026-07-23T13:02:12.491651Z,32,DC01.darkzero.htb,Microsoft-Windows-TerminalServices-LocalSessionManager,Microsoft-Windows-TerminalServices-LocalSessionManager/Operational,423,4,,,,,,,,,,,,Event_NS,RDSAppXPlugin
2026-07-23T13:02:56.866646Z,59,DC01.darkzero.htb,Microsoft-Windows-TerminalServices-LocalSessionManager,Microsoft-Windows-TerminalServices-LocalSessionManager/Operational,424,4,,"""LogonUI.exe"" /flags:0x2 /state0:0xa3bca055 /state1:0x41c64e6d",1172,RpcGetCurrentSessionCapabilities,,,,1,,,,Event_NS,
2026-07-23T13:02:56.877061Z,59,DC01.darkzero.htb,Microsoft-Windows-TerminalServices-LocalSessionManager,Microsoft-Windows-TerminalServices-LocalSessionManager/Operational,425,4,,"""LogonUI.exe"" /flags:0x2 /state0:0xa3bca055 /state1:0x41c64e6d",1172,RpcGetCurrentSessionCapabilities,,,,1,,,,Event_NS,
2026-07-23T13:04:56.155310Z,41,DC01.darkzero.htb,Microsoft-Windows-TerminalServices-LocalSessionManager,Microsoft-Windows-TerminalServices-LocalSessionManager/Operational,426,4,,,,,,,1,,,,darkzero\Administrator,Event_NS,
2026-07-23T13:04:56.156916Z,42,DC01.darkzero.htb,Microsoft-Windows-TerminalServices-LocalSessionManager,Microsoft-Windows-TerminalServices-LocalSessionManager/Operational,427,4,,,,,,,1,,,,darkzero\Administrator,Event_NS,
2026-07-23T13:04:57.279206Z,21,DC01.darkzero.htb,Microsoft-Windows-TerminalServices-LocalSessionManager,Microsoft-Windows-TerminalServices-LocalSessionManager/Operational,428,4,LOCAL,,,,,,1,,,,darkzero\Administrator,Event_NS,
2026-07-23T13:04:58.047035Z,22,DC01.darkzero.htb,Microsoft-Windows-TerminalServices-LocalSessionManager,Microsoft-Windows-TerminalServices-LocalSessionManager/Operational,429,4,LOCAL,,,,,,1,,,,darkzero\Administrator,Event_NS,
2026-07-23T13:06:51.865484Z,23,DC01.darkzero.htb,Microsoft-Windows-TerminalServices-LocalSessionManager,Microsoft-Windows-TerminalServices-LocalSessionManager/Operational,430,4,,,,,,,1,,,,darkzero\Administrator,Event_NS,
2026-07-23T13:06:51.885997Z,54,DC01.darkzero.htb,Microsoft-Windows-TerminalServices-LocalSessionManager,Microsoft-Windows-TerminalServices-LocalSessionManager/Operational,431,4,,,,,,,,,,,,,
2026-07-23T19:12:16.418946Z,32,DC01.darkzero.htb,Microsoft-Windows-TerminalServices-LocalSessionManager,Microsoft-Windows-TerminalServices-LocalSessionManager/Operational,432,4,,,,,,,,,,,,Event_NS,RDSAppXPlugin
2026-07-23T19:13:00.579804Z,59,DC01.darkzero.htb,Microsoft-Windows-TerminalServices-LocalSessionManager,Microsoft-Windows-TerminalServices-LocalSessionManager/Operational,433,4,,"""LogonUI.exe"" /flags:0x2 /state0:0xa3bc9055 /state1:0x41c64e6d",1168,RpcGetCurrentSessionCapabilities,,,,1,,,,Event_NS,
2026-07-23T19:13:00.587517Z,59,DC01.darkzero.htb,Microsoft-Windows-TerminalServices-LocalSessionManager,Microsoft-Windows-TerminalServices-LocalSessionManager/Operational,434,4,,"""LogonUI.exe"" /flags:0x2 /state0:0xa3bc9055 /state1:0x41c64e6d",1168,RpcGetCurrentSessionCapabilities,,,,1,,,,Event_NS,
2026-07-23T19:14:36.415719Z,41,DC01.darkzero.htb,Microsoft-Windows-TerminalServices-LocalSessionManager,Microsoft-Windows-TerminalServices-LocalSessionManager/Operational,435,4,,,,,,,1,,,,darkzero\Administrator,Event_NS,
2026-07-23T19:14:36.416920Z,42,DC01.darkzero.htb,Microsoft-Windows-TerminalServices-LocalSessionManager,Microsoft-Windows-TerminalServices-LocalSessionManager/Operational,436,4,,,,,,,1,,,,darkzero\Administrator,Event_NS,
2026-07-23T19:14:37.577431Z,21,DC01.darkzero.htb,Microsoft-Windows-TerminalServices-LocalSessionManager,Microsoft-Windows-TerminalServices-LocalSessionManager/Operational,437,4,LOCAL,,,,,,1,,,,darkzero\Administrator,Event_NS,
2026-07-23T19:14:38.132441Z,22,DC01.darkzero.htb,Microsoft-Windows-TerminalServices-LocalSessionManager,Microsoft-Windows-TerminalServices-LocalSessionManager/Operational,438,4,LOCAL,,,,,,1,,,,darkzero\Administrator,Event_NS,
2026-07-23T19:35:50.351651Z,23,DC01.darkzero.htb,Microsoft-Windows-TerminalServices-LocalSessionManager,Microsoft-Windows-TerminalServices-LocalSessionManager/Operational,439,4,,,,,,,1,,,,darkzero\Administrator,Event_NS,
