2026-05-22T15:25:46.263969Z,15,DC01.darkzero.htb,Microsoft-Windows-WinRM,Microsoft-Windows-WinRM/Operational,345,4,,,,,,,,,,
2026-05-22T15:25:46.270214Z,13,DC01.darkzero.htb,Microsoft-Windows-WinRM,Microsoft-Windows-WinRM/Operational,346,4,,11EAC9AA-B853-499B-B426-915DB17DA276,,,,,,,,
2026-05-22T15:25:46.280944Z,15,DC01.darkzero.htb,Microsoft-Windows-WinRM,Microsoft-Windows-WinRM/Operational,347,4,,,,,,,,,,
2026-05-22T15:25:55.976658Z,13,DC01.darkzero.htb,Microsoft-Windows-WinRM,Microsoft-Windows-WinRM/Operational,348,4,,37073B1D-BB7B-48B3-AEBC-03AF2ACBBC3A,,,,,,,,
2026-05-22T15:25:57.493587Z,15,DC01.darkzero.htb,Microsoft-Windows-WinRM,Microsoft-Windows-WinRM/Operational,349,4,,,,,,,,,,
2026-05-22T15:25:57.499308Z,13,DC01.darkzero.htb,Microsoft-Windows-WinRM,Microsoft-Windows-WinRM/Operational,350,4,,B7F3D14D-E978-493A-9AAF-49330AC02E62,,,,,,,,
2026-05-22T15:25:57.506684Z,15,DC01.darkzero.htb,Microsoft-Windows-WinRM,Microsoft-Windows-WinRM/Operational,351,4,,,,,,,,,,
2026-05-22T15:26:01.202161Z,13,DC01.darkzero.htb,Microsoft-Windows-WinRM,Microsoft-Windows-WinRM/Operational,352,4,,1CD91F88-52A2-4F2E-BE47-05ED757D282C,,,,,,,,
2026-05-22T15:26:01.342671Z,15,DC01.darkzero.htb,Microsoft-Windows-WinRM,Microsoft-Windows-WinRM/Operational,353,4,,,,,,,,,,
2026-05-22T15:26:01.347452Z,13,DC01.darkzero.htb,Microsoft-Windows-WinRM,Microsoft-Windows-WinRM/Operational,354,4,,901B1504-E674-4145-9425-247BED29C8E1,,,,,,,,
2026-05-22T15:26:01.354050Z,15,DC01.darkzero.htb,Microsoft-Windows-WinRM,Microsoft-Windows-WinRM/Operational,355,4,,,,,,,,,,
2026-05-22T15:26:27.198522Z,13,DC01.darkzero.htb,Microsoft-Windows-WinRM,Microsoft-Windows-WinRM/Operational,356,4,,58220347-613F-4390-A72A-61E38E111170,,,,,,,,
2026-05-22T15:26:27.210969Z,15,DC01.darkzero.htb,Microsoft-Windows-WinRM,Microsoft-Windows-WinRM/Operational,357,4,,,,,,,,,,
2026-05-22T15:26:28.132482Z,13,DC01.darkzero.htb,Microsoft-Windows-WinRM,Microsoft-Windows-WinRM/Operational,358,4,,587F0A3F-150B-46A5-8728-17F97F92ED4C,,,,,,,,
2026-05-22T15:26:28.198586Z,15,DC01.darkzero.htb,Microsoft-Windows-WinRM,Microsoft-Windows-WinRM/Operational,359,4,,,,,,,,,,
2026-05-22T15:26:28.203707Z,13,DC01.darkzero.htb,Microsoft-Windows-WinRM,Microsoft-Windows-WinRM/Operational,360,4,,93EAFE4F-8317-40C1-9D42-D9DFEB8CF630,,,,,,,,
2026-05-22T15:26:28.213199Z,15,DC01.darkzero.htb,Microsoft-Windows-WinRM,Microsoft-Windows-WinRM/Operational,361,4,,,,,,,,,,
2026-05-22T15:26:43.402253Z,13,DC01.darkzero.htb,Microsoft-Windows-WinRM,Microsoft-Windows-WinRM/Operational,362,4,,70212B48-3954-442F-BF1A-E39A792B563C,,,,,,,,
2026-05-22T15:26:43.470738Z,15,DC01.darkzero.htb,Microsoft-Windows-WinRM,Microsoft-Windows-WinRM/Operational,363,4,,,,,,,,,,
2026-05-22T15:27:00.084619Z,13,DC01.darkzero.htb,Microsoft-Windows-WinRM,Microsoft-Windows-WinRM/Operational,364,4,,A2CD7473-BEDA-47CF-ABB8-AD9C9ACC5ACF,,,,,,,,
2026-05-22T15:27:00.948954Z,15,DC01.darkzero.htb,Microsoft-Windows-WinRM,Microsoft-Windows-WinRM/Operational,365,4,,,,,,,,,,
2026-05-22T15:27:00.953414Z,13,DC01.darkzero.htb,Microsoft-Windows-WinRM,Microsoft-Windows-WinRM/Operational,366,4,,B3F4325D-93A8-4C6B-AB09-DB3B7878C33B,,,,,,,,
2026-05-22T15:27:00.963584Z,15,DC01.darkzero.htb,Microsoft-Windows-WinRM,Microsoft-Windows-WinRM/Operational,367,4,,,,,,,,,,
2026-05-22T15:27:08.418757Z,13,DC01.darkzero.htb,Microsoft-Windows-WinRM,Microsoft-Windows-WinRM/Operational,368,4,,FFC8BF1D-9DD8-4A55-A292-665B4C01703D,,,,,,,,
2026-05-22T15:27:08.430667Z,15,DC01.darkzero.htb,Microsoft-Windows-WinRM,Microsoft-Windows-WinRM/Operational,369,4,,,,,,,,,,
2026-05-22T15:27:08.431533Z,16,DC01.darkzero.htb,Microsoft-Windows-WinRM,Microsoft-Windows-WinRM/Operational,370,4,,,,,,,,,,
2026-05-22T15:27:08.472598Z,142,DC01.darkzero.htb,Microsoft-Windows-WinRM,Microsoft-Windows-WinRM/Operational,371,2,,,,995,SignalShell,,,,,
2026-05-22T15:27:13.744825Z,2,DC01.darkzero.htb,Microsoft-Windows-WinRM,Microsoft-Windows-WinRM/Operational,372,4,,,,,,,,,,
2026-05-22T15:27:13.744853Z,29,DC01.darkzero.htb,Microsoft-Windows-WinRM,Microsoft-Windows-WinRM/Operational,373,4,,,,,,,,,,
2026-05-22T15:27:13.744912Z,6,DC01.darkzero.htb,Microsoft-Windows-WinRM,Microsoft-Windows-WinRM/Operational,374,4,,,dc02.darkzero.ext/wsman?PSVersion=5.1.26100.32860,,,,,,,
2026-05-22T15:27:13.745071Z,31,DC01.darkzero.htb,Microsoft-Windows-WinRM,Microsoft-Windows-WinRM/Operational,375,4,,,,,,,,,,
2026-05-22T15:27:13.745103Z,10,DC01.darkzero.htb,Microsoft-Windows-WinRM,Microsoft-Windows-WinRM/Operational,376,4,,,,,,34,WSMAN_OPTION_USE_INTEARACTIVE_TOKEN,0,,
2026-05-22T15:27:13.745115Z,10,DC01.darkzero.htb,Microsoft-Windows-WinRM,Microsoft-Windows-WinRM/Operational,377,4,,,,,,26,WSMAN_OPTION_UI_LANGUAGE,en-US,,
2026-05-22T15:27:13.745124Z,10,DC01.darkzero.htb,Microsoft-Windows-WinRM,Microsoft-Windows-WinRM/Operational,378,4,,,,,,25,WSMAN_OPTION_LOCALE,en-US,,
2026-05-22T15:27:13.745133Z,10,DC01.darkzero.htb,Microsoft-Windows-WinRM,Microsoft-Windows-WinRM/Operational,379,4,,,,,,1,WSMAN_OPTION_DEFAULT_OPERATION_TIMEOUTMS,180000,,
2026-05-22T15:27:13.745141Z,10,DC01.darkzero.htb,Microsoft-Windows-WinRM,Microsoft-Windows-WinRM/Operational,380,4,,,,,,12,WSMAN_OPTION_TIMEOUTMS_CREATE_SHELL,180000,,
2026-05-22T15:27:13.745148Z,10,DC01.darkzero.htb,Microsoft-Windows-WinRM,Microsoft-Windows-WinRM/Operational,381,4,,,,,,17,WSMAN_OPTION_TIMEOUTMS_CLOSE_SHELL,60000,,
2026-05-22T15:27:13.745156Z,10,DC01.darkzero.htb,Microsoft-Windows-WinRM,Microsoft-Windows-WinRM/Operational,382,4,,,,,,16,WSMAN_OPTION_TIMEOUTMS_SIGNAL_SHELL,60000,,
2026-05-22T15:27:13.748336Z,11,DC01.darkzero.htb,Microsoft-Windows-WinRM,Microsoft-Windows-WinRM/Operational,383,4,,,,,,,,,http://schemas.microsoft.com/powershell/Microsoft.PowerShell,1290AE9B-019A-427F-9C2F-3CF32C39B0AD
2026-05-22T15:27:14.093345Z,13,DC01.darkzero.htb,Microsoft-Windows-WinRM,Microsoft-Windows-WinRM/Operational,384,4,,B6961522-510E-4FC8-BD9A-7BF5F1AEDB1B,,,,,,,,
2026-05-22T15:27:14.109137Z,15,DC01.darkzero.htb,Microsoft-Windows-WinRM,Microsoft-Windows-WinRM/Operational,385,4,,,,,,,,,,
2026-05-22T15:27:14.112813Z,13,DC01.darkzero.htb,Microsoft-Windows-WinRM,Microsoft-Windows-WinRM/Operational,386,4,,B756D46F-A2A9-42CF-A099-B36DA1C7DB6D,,,,,,,,
2026-05-22T15:27:14.319341Z,15,DC01.darkzero.htb,Microsoft-Windows-WinRM,Microsoft-Windows-WinRM/Operational,387,4,,,,,,,,,,
2026-05-22T15:27:14.324465Z,13,DC01.darkzero.htb,Microsoft-Windows-WinRM,Microsoft-Windows-WinRM/Operational,388,4,,93FC1266-CEB2-4659-B988-73A5D8CFD0B0,,,,,,,,
2026-05-22T15:27:14.350743Z,15,DC01.darkzero.htb,Microsoft-Windows-WinRM,Microsoft-Windows-WinRM/Operational,389,4,,,,,,,,,,
2026-05-22T15:27:18.744498Z,13,DC01.darkzero.htb,Microsoft-Windows-WinRM,Microsoft-Windows-WinRM/Operational,390,4,,EEF6C9B9-8E85-44F7-B637-7003F3042647,,,,,,,,
2026-05-22T15:27:19.454278Z,15,DC01.darkzero.htb,Microsoft-Windows-WinRM,Microsoft-Windows-WinRM/Operational,391,4,,,,,,,,,,
2026-05-22T15:27:19.462895Z,13,DC01.darkzero.htb,Microsoft-Windows-WinRM,Microsoft-Windows-WinRM/Operational,392,4,,369EE8A3-09F2-45F0-9C78-A7557B43D579,,,,,,,,
2026-05-22T15:27:19.471193Z,15,DC01.darkzero.htb,Microsoft-Windows-WinRM,Microsoft-Windows-WinRM/Operational,393,4,,,,,,,,,,
2026-05-22T15:27:23.060119Z,13,DC01.darkzero.htb,Microsoft-Windows-WinRM,Microsoft-Windows-WinRM/Operational,394,4,,0F5607D8-C114-4BFC-AC21-8B3C04D0D5A5,,,,,,,,
2026-05-22T15:27:23.072896Z,15,DC01.darkzero.htb,Microsoft-Windows-WinRM,Microsoft-Windows-WinRM/Operational,395,4,,,,,,,,,,
2026-05-22T15:27:23.073423Z,16,DC01.darkzero.htb,Microsoft-Windows-WinRM,Microsoft-Windows-WinRM/Operational,396,4,,,,,,,,,,
2026-05-22T15:27:23.093962Z,142,DC01.darkzero.htb,Microsoft-Windows-WinRM,Microsoft-Windows-WinRM/Operational,397,2,,,,995,SignalShell,,,,,
2026-05-22T15:31:02.092264Z,2,DC01.darkzero.htb,Microsoft-Windows-WinRM,Microsoft-Windows-WinRM/Operational,398,4,,,,,,,,,,
2026-05-22T15:31:02.094257Z,29,DC01.darkzero.htb,Microsoft-Windows-WinRM,Microsoft-Windows-WinRM/Operational,399,4,,,,,,,,,,
2026-05-22T15:31:02.094750Z,6,DC01.darkzero.htb,Microsoft-Windows-WinRM,Microsoft-Windows-WinRM/Operational,400,4,,,dc02.darkzero.ext/wsman?PSVersion=5.1.26100.32860,,,,,,,
2026-05-22T15:31:02.099240Z,31,DC01.darkzero.htb,Microsoft-Windows-WinRM,Microsoft-Windows-WinRM/Operational,401,4,,,,,,,,,,
2026-05-22T15:31:02.099388Z,10,DC01.darkzero.htb,Microsoft-Windows-WinRM,Microsoft-Windows-WinRM/Operational,402,4,,,,,,34,WSMAN_OPTION_USE_INTEARACTIVE_TOKEN,0,,
2026-05-22T15:31:02.099416Z,10,DC01.darkzero.htb,Microsoft-Windows-WinRM,Microsoft-Windows-WinRM/Operational,403,4,,,,,,26,WSMAN_OPTION_UI_LANGUAGE,en-US,,
2026-05-22T15:31:02.099447Z,10,DC01.darkzero.htb,Microsoft-Windows-WinRM,Microsoft-Windows-WinRM/Operational,404,4,,,,,,25,WSMAN_OPTION_LOCALE,en-US,,
2026-05-22T15:31:02.099509Z,10,DC01.darkzero.htb,Microsoft-Windows-WinRM,Microsoft-Windows-WinRM/Operational,405,4,,,,,,1,WSMAN_OPTION_DEFAULT_OPERATION_TIMEOUTMS,180000,,
2026-05-22T15:31:02.099524Z,10,DC01.darkzero.htb,Microsoft-Windows-WinRM,Microsoft-Windows-WinRM/Operational,406,4,,,,,,12,WSMAN_OPTION_TIMEOUTMS_CREATE_SHELL,180000,,
2026-05-22T15:31:02.099565Z,10,DC01.darkzero.htb,Microsoft-Windows-WinRM,Microsoft-Windows-WinRM/Operational,407,4,,,,,,17,WSMAN_OPTION_TIMEOUTMS_CLOSE_SHELL,60000,,
2026-05-22T15:31:02.099580Z,10,DC01.darkzero.htb,Microsoft-Windows-WinRM,Microsoft-Windows-WinRM/Operational,408,4,,,,,,16,WSMAN_OPTION_TIMEOUTMS_SIGNAL_SHELL,60000,,
2026-05-22T15:31:02.110926Z,11,DC01.darkzero.htb,Microsoft-Windows-WinRM,Microsoft-Windows-WinRM/Operational,409,4,,,,,,,,,http://schemas.microsoft.com/powershell/Microsoft.PowerShell,96B2EE97-18E6-4737-A303-324EB64868C0
2026-05-22T15:31:03.446542Z,13,DC01.darkzero.htb,Microsoft-Windows-WinRM,Microsoft-Windows-WinRM/Operational,410,4,,C157F7D4-95A0-4C85-BAE8-D505247EBEE4,,,,,,,,
2026-05-22T15:31:04.102971Z,15,DC01.darkzero.htb,Microsoft-Windows-WinRM,Microsoft-Windows-WinRM/Operational,411,4,,,,,,,,,,
2026-05-22T15:31:04.109979Z,13,DC01.darkzero.htb,Microsoft-Windows-WinRM,Microsoft-Windows-WinRM/Operational,412,4,,CB965D43-316B-4627-9A49-D6B26516B1FC,,,,,,,,
2026-05-22T15:31:04.237042Z,15,DC01.darkzero.htb,Microsoft-Windows-WinRM,Microsoft-Windows-WinRM/Operational,413,4,,,,,,,,,,
2026-05-22T15:31:04.240460Z,16,DC01.darkzero.htb,Microsoft-Windows-WinRM,Microsoft-Windows-WinRM/Operational,414,4,,,,,,,,,,
2026-05-22T15:31:04.257535Z,8,DC01.darkzero.htb,Microsoft-Windows-WinRM,Microsoft-Windows-WinRM/Operational,415,4,,,,,,,,,,
2026-05-22T15:31:04.257726Z,4,DC01.darkzero.htb,Microsoft-Windows-WinRM,Microsoft-Windows-WinRM/Operational,416,4,,,,,,,,,,
2026-05-22T15:31:04.289511Z,33,DC01.darkzero.htb,Microsoft-Windows-WinRM,Microsoft-Windows-WinRM/Operational,417,4,,,,,,,,,,
2026-05-22T15:31:04.289543Z,30,DC01.darkzero.htb,Microsoft-Windows-WinRM,Microsoft-Windows-WinRM/Operational,418,4,,,,,,,,,,
2026-05-22T15:36:30.068658Z,211,DC01.darkzero.htb,Microsoft-Windows-WinRM,Microsoft-Windows-WinRM/Operational,419,4,,,,,,,,,,
2026-05-22T15:36:30.605146Z,212,DC01.darkzero.htb,Microsoft-Windows-WinRM,Microsoft-Windows-WinRM/Operational,420,4,,,,,,,,,,
2026-05-29T11:03:57.653944Z,208,DC01.darkzero.htb,Microsoft-Windows-WinRM,Microsoft-Windows-WinRM/Operational,421,4,,,,,,,,,,
2026-05-29T11:03:59.811931Z,209,DC01.darkzero.htb,Microsoft-Windows-WinRM,Microsoft-Windows-WinRM/Operational,422,4,,,,,,,,,,
2026-05-29T11:04:26.875885Z,145,DC01.darkzero.htb,Microsoft-Windows-WinRM,Microsoft-Windows-WinRM/Operational,423,4,,,,,Enumeration,,,,http://schemas.microsoft.com/wbem/wsman/1/config/listener,
2026-05-29T11:04:28.360903Z,132,DC01.darkzero.htb,Microsoft-Windows-WinRM,Microsoft-Windows-WinRM/Operational,424,4,,,,,Enumeration,,,,,
2026-05-29T11:04:28.927792Z,145,DC01.darkzero.htb,Microsoft-Windows-WinRM,Microsoft-Windows-WinRM/Operational,425,4,,,,,Enumeration,,,,http://schemas.microsoft.com/wbem/wsman/1/windows/shell,
2026-05-29T11:04:28.945722Z,132,DC01.darkzero.htb,Microsoft-Windows-WinRM,Microsoft-Windows-WinRM/Operational,426,4,,,,,Enumeration,,,,,
2026-05-29T11:09:47.272794Z,211,DC01.darkzero.htb,Microsoft-Windows-WinRM,Microsoft-Windows-WinRM/Operational,427,4,,,,,,,,,,
2026-05-29T11:09:47.813885Z,212,DC01.darkzero.htb,Microsoft-Windows-WinRM,Microsoft-Windows-WinRM/Operational,428,4,,,,,,,,,,
2026-05-29T22:05:22.004191Z,208,DC01.darkzero.htb,Microsoft-Windows-WinRM,Microsoft-Windows-WinRM/Operational,429,4,,,,,,,,,,
2026-05-29T22:05:22.368684Z,209,DC01.darkzero.htb,Microsoft-Windows-WinRM,Microsoft-Windows-WinRM/Operational,430,4,,,,,,,,,,
2026-05-29T22:05:46.925937Z,145,DC01.darkzero.htb,Microsoft-Windows-WinRM,Microsoft-Windows-WinRM/Operational,431,4,,,,,Enumeration,,,,http://schemas.microsoft.com/wbem/wsman/1/config/listener,
2026-05-29T22:05:46.976472Z,132,DC01.darkzero.htb,Microsoft-Windows-WinRM,Microsoft-Windows-WinRM/Operational,432,4,,,,,Enumeration,,,,,
2026-05-29T22:05:47.031443Z,145,DC01.darkzero.htb,Microsoft-Windows-WinRM,Microsoft-Windows-WinRM/Operational,433,4,,,,,Enumeration,,,,http://schemas.microsoft.com/wbem/wsman/1/windows/shell,
2026-05-29T22:05:47.039501Z,132,DC01.darkzero.htb,Microsoft-Windows-WinRM,Microsoft-Windows-WinRM/Operational,434,4,,,,,Enumeration,,,,,
2026-05-29T22:12:26.361057Z,211,DC01.darkzero.htb,Microsoft-Windows-WinRM,Microsoft-Windows-WinRM/Operational,435,4,,,,,,,,,,
2026-05-29T22:12:27.033919Z,212,DC01.darkzero.htb,Microsoft-Windows-WinRM,Microsoft-Windows-WinRM/Operational,436,4,,,,,,,,,,
2026-05-29T22:22:52.639369Z,208,DC01.darkzero.htb,Microsoft-Windows-WinRM,Microsoft-Windows-WinRM/Operational,437,4,,,,,,,,,,
2026-05-29T22:22:52.796502Z,209,DC01.darkzero.htb,Microsoft-Windows-WinRM,Microsoft-Windows-WinRM/Operational,438,4,,,,,,,,,,
2026-05-29T22:23:14.082218Z,145,DC01.darkzero.htb,Microsoft-Windows-WinRM,Microsoft-Windows-WinRM/Operational,439,4,,,,,Enumeration,,,,http://schemas.microsoft.com/wbem/wsman/1/config/listener,
2026-05-29T22:23:14.147546Z,132,DC01.darkzero.htb,Microsoft-Windows-WinRM,Microsoft-Windows-WinRM/Operational,440,4,,,,,Enumeration,,,,,
2026-05-29T22:23:14.226269Z,145,DC01.darkzero.htb,Microsoft-Windows-WinRM,Microsoft-Windows-WinRM/Operational,441,4,,,,,Enumeration,,,,http://schemas.microsoft.com/wbem/wsman/1/windows/shell,
2026-05-29T22:23:14.235095Z,132,DC01.darkzero.htb,Microsoft-Windows-WinRM,Microsoft-Windows-WinRM/Operational,442,4,,,,,Enumeration,,,,,
2026-05-29T22:59:17.542198Z,211,DC01.darkzero.htb,Microsoft-Windows-WinRM,Microsoft-Windows-WinRM/Operational,443,4,,,,,,,,,,
2026-05-29T22:59:18.129359Z,212,DC01.darkzero.htb,Microsoft-Windows-WinRM,Microsoft-Windows-WinRM/Operational,444,4,,,,,,,,,,
2026-07-14T12:59:14.583624Z,208,DC01.darkzero.htb,Microsoft-Windows-WinRM,Microsoft-Windows-WinRM/Operational,445,4,,,,,,,,,,
2026-07-14T12:59:14.744032Z,209,DC01.darkzero.htb,Microsoft-Windows-WinRM,Microsoft-Windows-WinRM/Operational,446,4,,,,,,,,,,
2026-07-14T12:59:35.862609Z,145,DC01.darkzero.htb,Microsoft-Windows-WinRM,Microsoft-Windows-WinRM/Operational,447,4,,,,,Enumeration,,,,http://schemas.microsoft.com/wbem/wsman/1/config/listener,
2026-07-14T12:59:36.236713Z,132,DC01.darkzero.htb,Microsoft-Windows-WinRM,Microsoft-Windows-WinRM/Operational,448,4,,,,,Enumeration,,,,,
2026-07-14T12:59:36.315011Z,145,DC01.darkzero.htb,Microsoft-Windows-WinRM,Microsoft-Windows-WinRM/Operational,449,4,,,,,Enumeration,,,,http://schemas.microsoft.com/wbem/wsman/1/windows/shell,
2026-07-14T12:59:36.331979Z,132,DC01.darkzero.htb,Microsoft-Windows-WinRM,Microsoft-Windows-WinRM/Operational,450,4,,,,,Enumeration,,,,,
2026-07-14T14:06:59.513726Z,211,DC01.darkzero.htb,Microsoft-Windows-WinRM,Microsoft-Windows-WinRM/Operational,451,4,,,,,,,,,,
2026-07-14T14:07:00.137547Z,212,DC01.darkzero.htb,Microsoft-Windows-WinRM,Microsoft-Windows-WinRM/Operational,452,4,,,,,,,,,,
2026-07-14T14:15:42.623812Z,208,DC01.darkzero.htb,Microsoft-Windows-WinRM,Microsoft-Windows-WinRM/Operational,453,4,,,,,,,,,,
2026-07-14T14:15:42.784681Z,209,DC01.darkzero.htb,Microsoft-Windows-WinRM,Microsoft-Windows-WinRM/Operational,454,4,,,,,,,,,,
2026-07-14T14:16:03.954285Z,145,DC01.darkzero.htb,Microsoft-Windows-WinRM,Microsoft-Windows-WinRM/Operational,455,4,,,,,Enumeration,,,,http://schemas.microsoft.com/wbem/wsman/1/config/listener,
2026-07-14T14:16:04.044387Z,132,DC01.darkzero.htb,Microsoft-Windows-WinRM,Microsoft-Windows-WinRM/Operational,456,4,,,,,Enumeration,,,,,
2026-07-14T14:16:04.097003Z,145,DC01.darkzero.htb,Microsoft-Windows-WinRM,Microsoft-Windows-WinRM/Operational,457,4,,,,,Enumeration,,,,http://schemas.microsoft.com/wbem/wsman/1/windows/shell,
2026-07-14T14:16:04.103398Z,132,DC01.darkzero.htb,Microsoft-Windows-WinRM,Microsoft-Windows-WinRM/Operational,458,4,,,,,Enumeration,,,,,
2026-07-14T14:37:34.401770Z,145,DC01.darkzero.htb,Microsoft-Windows-WinRM,Microsoft-Windows-WinRM/Operational,459,4,,,,,Enumeration,,,,http://schemas.microsoft.com/wbem/wsman/1/config/listener,
2026-07-14T14:37:34.444750Z,132,DC01.darkzero.htb,Microsoft-Windows-WinRM,Microsoft-Windows-WinRM/Operational,460,4,,,,,Enumeration,,,,,
2026-07-14T14:37:34.526922Z,145,DC01.darkzero.htb,Microsoft-Windows-WinRM,Microsoft-Windows-WinRM/Operational,461,4,,,,,Enumeration,,,,http://schemas.microsoft.com/wbem/wsman/1/windows/shell,
2026-07-14T14:37:34.535488Z,132,DC01.darkzero.htb,Microsoft-Windows-WinRM,Microsoft-Windows-WinRM/Operational,462,4,,,,,Enumeration,,,,,
2026-07-14T16:09:21.723557Z,211,DC01.darkzero.htb,Microsoft-Windows-WinRM,Microsoft-Windows-WinRM/Operational,463,4,,,,,,,,,,
2026-07-14T16:09:22.409203Z,212,DC01.darkzero.htb,Microsoft-Windows-WinRM,Microsoft-Windows-WinRM/Operational,464,4,,,,,,,,,,
2026-07-14T16:10:06.382734Z,208,DC01.darkzero.htb,Microsoft-Windows-WinRM,Microsoft-Windows-WinRM/Operational,465,4,,,,,,,,,,
2026-07-14T16:10:06.491912Z,209,DC01.darkzero.htb,Microsoft-Windows-WinRM,Microsoft-Windows-WinRM/Operational,466,4,,,,,,,,,,
2026-07-14T16:10:28.613658Z,145,DC01.darkzero.htb,Microsoft-Windows-WinRM,Microsoft-Windows-WinRM/Operational,467,4,,,,,Enumeration,,,,http://schemas.microsoft.com/wbem/wsman/1/config/listener,
2026-07-14T16:10:28.704786Z,132,DC01.darkzero.htb,Microsoft-Windows-WinRM,Microsoft-Windows-WinRM/Operational,468,4,,,,,Enumeration,,,,,
2026-07-14T16:10:29.197470Z,145,DC01.darkzero.htb,Microsoft-Windows-WinRM,Microsoft-Windows-WinRM/Operational,469,4,,,,,Enumeration,,,,http://schemas.microsoft.com/wbem/wsman/1/windows/shell,
2026-07-14T16:10:29.215432Z,132,DC01.darkzero.htb,Microsoft-Windows-WinRM,Microsoft-Windows-WinRM/Operational,470,4,,,,,Enumeration,,,,,
2026-07-14T16:10:47.658414Z,211,DC01.darkzero.htb,Microsoft-Windows-WinRM,Microsoft-Windows-WinRM/Operational,471,4,,,,,,,,,,
2026-07-14T16:10:48.172596Z,212,DC01.darkzero.htb,Microsoft-Windows-WinRM,Microsoft-Windows-WinRM/Operational,472,4,,,,,,,,,,
2026-07-14T16:11:27.730450Z,208,DC01.darkzero.htb,Microsoft-Windows-WinRM,Microsoft-Windows-WinRM/Operational,473,4,,,,,,,,,,
2026-07-14T16:11:27.846764Z,209,DC01.darkzero.htb,Microsoft-Windows-WinRM,Microsoft-Windows-WinRM/Operational,474,4,,,,,,,,,,
2026-07-14T16:11:49.260718Z,145,DC01.darkzero.htb,Microsoft-Windows-WinRM,Microsoft-Windows-WinRM/Operational,475,4,,,,,Enumeration,,,,http://schemas.microsoft.com/wbem/wsman/1/config/listener,
2026-07-14T16:11:49.336980Z,132,DC01.darkzero.htb,Microsoft-Windows-WinRM,Microsoft-Windows-WinRM/Operational,476,4,,,,,Enumeration,,,,,
2026-07-14T16:11:49.408750Z,145,DC01.darkzero.htb,Microsoft-Windows-WinRM,Microsoft-Windows-WinRM/Operational,477,4,,,,,Enumeration,,,,http://schemas.microsoft.com/wbem/wsman/1/windows/shell,
2026-07-14T16:11:49.419867Z,132,DC01.darkzero.htb,Microsoft-Windows-WinRM,Microsoft-Windows-WinRM/Operational,478,4,,,,,Enumeration,,,,,
2026-07-14T16:27:15.560517Z,211,DC01.darkzero.htb,Microsoft-Windows-WinRM,Microsoft-Windows-WinRM/Operational,479,4,,,,,,,,,,
2026-07-14T16:27:16.147325Z,212,DC01.darkzero.htb,Microsoft-Windows-WinRM,Microsoft-Windows-WinRM/Operational,480,4,,,,,,,,,,
2026-07-14T16:43:47.513129Z,208,DC01.darkzero.htb,Microsoft-Windows-WinRM,Microsoft-Windows-WinRM/Operational,481,4,,,,,,,,,,
2026-07-14T16:43:47.651446Z,209,DC01.darkzero.htb,Microsoft-Windows-WinRM,Microsoft-Windows-WinRM/Operational,482,4,,,,,,,,,,
2026-07-14T16:44:09.319366Z,145,DC01.darkzero.htb,Microsoft-Windows-WinRM,Microsoft-Windows-WinRM/Operational,483,4,,,,,Enumeration,,,,http://schemas.microsoft.com/wbem/wsman/1/config/listener,
2026-07-14T16:44:09.386748Z,132,DC01.darkzero.htb,Microsoft-Windows-WinRM,Microsoft-Windows-WinRM/Operational,484,4,,,,,Enumeration,,,,,
2026-07-14T16:44:09.450450Z,145,DC01.darkzero.htb,Microsoft-Windows-WinRM,Microsoft-Windows-WinRM/Operational,485,4,,,,,Enumeration,,,,http://schemas.microsoft.com/wbem/wsman/1/windows/shell,
2026-07-14T16:44:09.462208Z,132,DC01.darkzero.htb,Microsoft-Windows-WinRM,Microsoft-Windows-WinRM/Operational,486,4,,,,,Enumeration,,,,,
2026-07-14T18:43:52.417461Z,211,DC01.darkzero.htb,Microsoft-Windows-WinRM,Microsoft-Windows-WinRM/Operational,487,4,,,,,,,,,,
2026-07-14T18:43:52.958384Z,212,DC01.darkzero.htb,Microsoft-Windows-WinRM,Microsoft-Windows-WinRM/Operational,488,4,,,,,,,,,,
2026-07-20T12:17:43.865573Z,208,DC01.darkzero.htb,Microsoft-Windows-WinRM,Microsoft-Windows-WinRM/Operational,489,4,,,,,,,,,,
2026-07-20T12:17:45.016075Z,209,DC01.darkzero.htb,Microsoft-Windows-WinRM,Microsoft-Windows-WinRM/Operational,490,4,,,,,,,,,,
2026-07-20T12:18:11.984894Z,145,DC01.darkzero.htb,Microsoft-Windows-WinRM,Microsoft-Windows-WinRM/Operational,491,4,,,,,Enumeration,,,,http://schemas.microsoft.com/wbem/wsman/1/config/listener,
2026-07-20T12:18:12.539889Z,132,DC01.darkzero.htb,Microsoft-Windows-WinRM,Microsoft-Windows-WinRM/Operational,492,4,,,,,Enumeration,,,,,
2026-07-20T12:18:13.031373Z,145,DC01.darkzero.htb,Microsoft-Windows-WinRM,Microsoft-Windows-WinRM/Operational,493,4,,,,,Enumeration,,,,http://schemas.microsoft.com/wbem/wsman/1/windows/shell,
2026-07-20T12:18:13.119163Z,132,DC01.darkzero.htb,Microsoft-Windows-WinRM,Microsoft-Windows-WinRM/Operational,494,4,,,,,Enumeration,,,,,
2026-07-20T13:32:31.713190Z,211,DC01.darkzero.htb,Microsoft-Windows-WinRM,Microsoft-Windows-WinRM/Operational,495,4,,,,,,,,,,
2026-07-20T13:32:32.956969Z,212,DC01.darkzero.htb,Microsoft-Windows-WinRM,Microsoft-Windows-WinRM/Operational,496,4,,,,,,,,,,
2026-07-20T13:33:23.372794Z,208,DC01.darkzero.htb,Microsoft-Windows-WinRM,Microsoft-Windows-WinRM/Operational,497,4,,,,,,,,,,
2026-07-20T13:33:25.108889Z,209,DC01.darkzero.htb,Microsoft-Windows-WinRM,Microsoft-Windows-WinRM/Operational,498,4,,,,,,,,,,
2026-07-20T13:33:52.966860Z,145,DC01.darkzero.htb,Microsoft-Windows-WinRM,Microsoft-Windows-WinRM/Operational,499,4,,,,,Enumeration,,,,http://schemas.microsoft.com/wbem/wsman/1/config/listener,
2026-07-20T13:33:53.548392Z,132,DC01.darkzero.htb,Microsoft-Windows-WinRM,Microsoft-Windows-WinRM/Operational,500,4,,,,,Enumeration,,,,,
2026-07-20T13:33:55.021732Z,145,DC01.darkzero.htb,Microsoft-Windows-WinRM,Microsoft-Windows-WinRM/Operational,501,4,,,,,Enumeration,,,,http://schemas.microsoft.com/wbem/wsman/1/windows/shell,
2026-07-20T13:33:55.032972Z,132,DC01.darkzero.htb,Microsoft-Windows-WinRM,Microsoft-Windows-WinRM/Operational,502,4,,,,,Enumeration,,,,,
2026-07-20T13:35:14.998109Z,211,DC01.darkzero.htb,Microsoft-Windows-WinRM,Microsoft-Windows-WinRM/Operational,503,4,,,,,,,,,,
2026-07-20T13:35:15.844824Z,212,DC01.darkzero.htb,Microsoft-Windows-WinRM,Microsoft-Windows-WinRM/Operational,504,4,,,,,,,,,,
2026-07-20T13:36:01.987815Z,208,DC01.darkzero.htb,Microsoft-Windows-WinRM,Microsoft-Windows-WinRM/Operational,505,4,,,,,,,,,,
2026-07-20T13:36:04.215857Z,209,DC01.darkzero.htb,Microsoft-Windows-WinRM,Microsoft-Windows-WinRM/Operational,506,4,,,,,,,,,,
2026-07-20T13:36:29.716140Z,145,DC01.darkzero.htb,Microsoft-Windows-WinRM,Microsoft-Windows-WinRM/Operational,507,4,,,,,Enumeration,,,,http://schemas.microsoft.com/wbem/wsman/1/config/listener,
2026-07-20T13:36:29.961159Z,132,DC01.darkzero.htb,Microsoft-Windows-WinRM,Microsoft-Windows-WinRM/Operational,508,4,,,,,Enumeration,,,,,
2026-07-20T13:36:30.870106Z,145,DC01.darkzero.htb,Microsoft-Windows-WinRM,Microsoft-Windows-WinRM/Operational,509,4,,,,,Enumeration,,,,http://schemas.microsoft.com/wbem/wsman/1/windows/shell,
2026-07-20T13:36:30.958143Z,132,DC01.darkzero.htb,Microsoft-Windows-WinRM,Microsoft-Windows-WinRM/Operational,510,4,,,,,Enumeration,,,,,
2026-07-20T16:13:25.148006Z,211,DC01.darkzero.htb,Microsoft-Windows-WinRM,Microsoft-Windows-WinRM/Operational,511,4,,,,,,,,,,
2026-07-20T16:13:25.708107Z,212,DC01.darkzero.htb,Microsoft-Windows-WinRM,Microsoft-Windows-WinRM/Operational,512,4,,,,,,,,,,
2026-07-20T16:18:32.010927Z,208,DC01.darkzero.htb,Microsoft-Windows-WinRM,Microsoft-Windows-WinRM/Operational,513,4,,,,,,,,,,
2026-07-20T16:18:33.383591Z,209,DC01.darkzero.htb,Microsoft-Windows-WinRM,Microsoft-Windows-WinRM/Operational,514,4,,,,,,,,,,
2026-07-20T16:18:59.095025Z,145,DC01.darkzero.htb,Microsoft-Windows-WinRM,Microsoft-Windows-WinRM/Operational,515,4,,,,,Enumeration,,,,http://schemas.microsoft.com/wbem/wsman/1/config/listener,
2026-07-20T16:18:59.384667Z,132,DC01.darkzero.htb,Microsoft-Windows-WinRM,Microsoft-Windows-WinRM/Operational,516,4,,,,,Enumeration,,,,,
2026-07-20T16:18:59.675927Z,145,DC01.darkzero.htb,Microsoft-Windows-WinRM,Microsoft-Windows-WinRM/Operational,517,4,,,,,Enumeration,,,,http://schemas.microsoft.com/wbem/wsman/1/windows/shell,
2026-07-20T16:18:59.687843Z,132,DC01.darkzero.htb,Microsoft-Windows-WinRM,Microsoft-Windows-WinRM/Operational,518,4,,,,,Enumeration,,,,,
2026-07-20T16:24:12.018071Z,211,DC01.darkzero.htb,Microsoft-Windows-WinRM,Microsoft-Windows-WinRM/Operational,519,4,,,,,,,,,,
2026-07-20T16:24:12.536608Z,212,DC01.darkzero.htb,Microsoft-Windows-WinRM,Microsoft-Windows-WinRM/Operational,520,4,,,,,,,,,,
2026-07-20T19:27:32.819122Z,208,DC01.darkzero.htb,Microsoft-Windows-WinRM,Microsoft-Windows-WinRM/Operational,521,4,,,,,,,,,,
2026-07-20T19:27:34.630698Z,209,DC01.darkzero.htb,Microsoft-Windows-WinRM,Microsoft-Windows-WinRM/Operational,522,4,,,,,,,,,,
2026-07-20T19:27:59.877339Z,145,DC01.darkzero.htb,Microsoft-Windows-WinRM,Microsoft-Windows-WinRM/Operational,523,4,,,,,Enumeration,,,,http://schemas.microsoft.com/wbem/wsman/1/config/listener,
2026-07-20T19:28:00.175395Z,132,DC01.darkzero.htb,Microsoft-Windows-WinRM,Microsoft-Windows-WinRM/Operational,524,4,,,,,Enumeration,,,,,
2026-07-20T19:28:00.457178Z,145,DC01.darkzero.htb,Microsoft-Windows-WinRM,Microsoft-Windows-WinRM/Operational,525,4,,,,,Enumeration,,,,http://schemas.microsoft.com/wbem/wsman/1/windows/shell,
2026-07-20T19:28:00.469936Z,132,DC01.darkzero.htb,Microsoft-Windows-WinRM,Microsoft-Windows-WinRM/Operational,526,4,,,,,Enumeration,,,,,
2026-07-20T20:27:16.618169Z,211,DC01.darkzero.htb,Microsoft-Windows-WinRM,Microsoft-Windows-WinRM/Operational,527,4,,,,,,,,,,
2026-07-20T20:27:17.200821Z,212,DC01.darkzero.htb,Microsoft-Windows-WinRM,Microsoft-Windows-WinRM/Operational,528,4,,,,,,,,,,
2026-07-21T12:23:45.093037Z,208,DC01.darkzero.htb,Microsoft-Windows-WinRM,Microsoft-Windows-WinRM/Operational,529,4,,,,,,,,,,
2026-07-21T12:23:46.024325Z,209,DC01.darkzero.htb,Microsoft-Windows-WinRM,Microsoft-Windows-WinRM/Operational,530,4,,,,,,,,,,
2026-07-21T12:24:12.617255Z,145,DC01.darkzero.htb,Microsoft-Windows-WinRM,Microsoft-Windows-WinRM/Operational,531,4,,,,,Enumeration,,,,http://schemas.microsoft.com/wbem/wsman/1/config/listener,
2026-07-21T12:24:12.965878Z,132,DC01.darkzero.htb,Microsoft-Windows-WinRM,Microsoft-Windows-WinRM/Operational,532,4,,,,,Enumeration,,,,,
2026-07-21T12:24:13.336951Z,145,DC01.darkzero.htb,Microsoft-Windows-WinRM,Microsoft-Windows-WinRM/Operational,533,4,,,,,Enumeration,,,,http://schemas.microsoft.com/wbem/wsman/1/windows/shell,
2026-07-21T12:24:13.434155Z,132,DC01.darkzero.htb,Microsoft-Windows-WinRM,Microsoft-Windows-WinRM/Operational,534,4,,,,,Enumeration,,,,,
2026-07-21T13:18:35.539657Z,211,DC01.darkzero.htb,Microsoft-Windows-WinRM,Microsoft-Windows-WinRM/Operational,535,4,,,,,,,,,,
2026-07-21T13:18:36.092632Z,212,DC01.darkzero.htb,Microsoft-Windows-WinRM,Microsoft-Windows-WinRM/Operational,536,4,,,,,,,,,,
2026-07-23T12:23:37.243342Z,208,DC01.darkzero.htb,Microsoft-Windows-WinRM,Microsoft-Windows-WinRM/Operational,537,4,,,,,,,,,,
2026-07-23T12:23:38.276715Z,209,DC01.darkzero.htb,Microsoft-Windows-WinRM,Microsoft-Windows-WinRM/Operational,538,4,,,,,,,,,,
2026-07-23T12:24:08.119988Z,145,DC01.darkzero.htb,Microsoft-Windows-WinRM,Microsoft-Windows-WinRM/Operational,539,4,,,,,Enumeration,,,,http://schemas.microsoft.com/wbem/wsman/1/config/listener,
2026-07-23T12:24:08.901470Z,132,DC01.darkzero.htb,Microsoft-Windows-WinRM,Microsoft-Windows-WinRM/Operational,540,4,,,,,Enumeration,,,,,
2026-07-23T12:24:09.383338Z,145,DC01.darkzero.htb,Microsoft-Windows-WinRM,Microsoft-Windows-WinRM/Operational,541,4,,,,,Enumeration,,,,http://schemas.microsoft.com/wbem/wsman/1/windows/shell,
2026-07-23T12:24:09.474803Z,132,DC01.darkzero.htb,Microsoft-Windows-WinRM,Microsoft-Windows-WinRM/Operational,542,4,,,,,Enumeration,,,,,
2026-07-23T12:29:04.005405Z,211,DC01.darkzero.htb,Microsoft-Windows-WinRM,Microsoft-Windows-WinRM/Operational,543,4,,,,,,,,,,
2026-07-23T12:29:04.554785Z,212,DC01.darkzero.htb,Microsoft-Windows-WinRM,Microsoft-Windows-WinRM/Operational,544,4,,,,,,,,,,
2026-07-23T12:29:55.856939Z,208,DC01.darkzero.htb,Microsoft-Windows-WinRM,Microsoft-Windows-WinRM/Operational,545,4,,,,,,,,,,
2026-07-23T12:29:57.532238Z,209,DC01.darkzero.htb,Microsoft-Windows-WinRM,Microsoft-Windows-WinRM/Operational,546,4,,,,,,,,,,
2026-07-23T12:30:23.592878Z,145,DC01.darkzero.htb,Microsoft-Windows-WinRM,Microsoft-Windows-WinRM/Operational,547,4,,,,,Enumeration,,,,http://schemas.microsoft.com/wbem/wsman/1/config/listener,
2026-07-23T12:30:23.939973Z,132,DC01.darkzero.htb,Microsoft-Windows-WinRM,Microsoft-Windows-WinRM/Operational,548,4,,,,,Enumeration,,,,,
2026-07-23T12:30:24.252420Z,145,DC01.darkzero.htb,Microsoft-Windows-WinRM,Microsoft-Windows-WinRM/Operational,549,4,,,,,Enumeration,,,,http://schemas.microsoft.com/wbem/wsman/1/windows/shell,
2026-07-23T12:30:24.412846Z,132,DC01.darkzero.htb,Microsoft-Windows-WinRM,Microsoft-Windows-WinRM/Operational,550,4,,,,,Enumeration,,,,,
2026-07-23T12:35:48.165893Z,211,DC01.darkzero.htb,Microsoft-Windows-WinRM,Microsoft-Windows-WinRM/Operational,551,4,,,,,,,,,,
2026-07-23T12:35:48.705489Z,212,DC01.darkzero.htb,Microsoft-Windows-WinRM,Microsoft-Windows-WinRM/Operational,552,4,,,,,,,,,,
2026-07-23T13:02:23.326830Z,208,DC01.darkzero.htb,Microsoft-Windows-WinRM,Microsoft-Windows-WinRM/Operational,553,4,,,,,,,,,,
2026-07-23T13:02:24.847979Z,209,DC01.darkzero.htb,Microsoft-Windows-WinRM,Microsoft-Windows-WinRM/Operational,554,4,,,,,,,,,,
2026-07-23T13:02:51.282794Z,145,DC01.darkzero.htb,Microsoft-Windows-WinRM,Microsoft-Windows-WinRM/Operational,555,4,,,,,Enumeration,,,,http://schemas.microsoft.com/wbem/wsman/1/config/listener,
2026-07-23T13:02:51.707271Z,132,DC01.darkzero.htb,Microsoft-Windows-WinRM,Microsoft-Windows-WinRM/Operational,556,4,,,,,Enumeration,,,,,
2026-07-23T13:02:52.064689Z,145,DC01.darkzero.htb,Microsoft-Windows-WinRM,Microsoft-Windows-WinRM/Operational,557,4,,,,,Enumeration,,,,http://schemas.microsoft.com/wbem/wsman/1/windows/shell,
2026-07-23T13:02:52.081729Z,132,DC01.darkzero.htb,Microsoft-Windows-WinRM,Microsoft-Windows-WinRM/Operational,558,4,,,,,Enumeration,,,,,
2026-07-23T13:06:53.880819Z,211,DC01.darkzero.htb,Microsoft-Windows-WinRM,Microsoft-Windows-WinRM/Operational,559,4,,,,,,,,,,
2026-07-23T13:06:54.419607Z,212,DC01.darkzero.htb,Microsoft-Windows-WinRM,Microsoft-Windows-WinRM/Operational,560,4,,,,,,,,,,
2026-07-23T19:12:27.593493Z,208,DC01.darkzero.htb,Microsoft-Windows-WinRM,Microsoft-Windows-WinRM/Operational,561,4,,,,,,,,,,
2026-07-23T19:12:28.580439Z,209,DC01.darkzero.htb,Microsoft-Windows-WinRM,Microsoft-Windows-WinRM/Operational,562,4,,,,,,,,,,
2026-07-23T19:12:55.912096Z,145,DC01.darkzero.htb,Microsoft-Windows-WinRM,Microsoft-Windows-WinRM/Operational,563,4,,,,,Enumeration,,,,http://schemas.microsoft.com/wbem/wsman/1/config/listener,
2026-07-23T19:12:56.313714Z,132,DC01.darkzero.htb,Microsoft-Windows-WinRM,Microsoft-Windows-WinRM/Operational,564,4,,,,,Enumeration,,,,,
2026-07-23T19:12:56.815628Z,145,DC01.darkzero.htb,Microsoft-Windows-WinRM,Microsoft-Windows-WinRM/Operational,565,4,,,,,Enumeration,,,,http://schemas.microsoft.com/wbem/wsman/1/windows/shell,
2026-07-23T19:12:56.928371Z,132,DC01.darkzero.htb,Microsoft-Windows-WinRM,Microsoft-Windows-WinRM/Operational,566,4,,,,,Enumeration,,,,,
2026-07-23T19:35:51.352536Z,211,DC01.darkzero.htb,Microsoft-Windows-WinRM,Microsoft-Windows-WinRM/Operational,567,4,,,,,,,,,,
2026-07-23T19:35:51.905175Z,212,DC01.darkzero.htb,Microsoft-Windows-WinRM,Microsoft-Windows-WinRM/Operational,568,4,,,,,,,,,,
2026-07-23T19:42:49.500617Z,208,DC01.darkzero.htb,Microsoft-Windows-WinRM,Microsoft-Windows-WinRM/Operational,569,4,,,,,,,,,,
2026-07-23T19:42:50.652647Z,209,DC01.darkzero.htb,Microsoft-Windows-WinRM,Microsoft-Windows-WinRM/Operational,570,4,,,,,,,,,,
2026-07-23T19:43:16.977862Z,145,DC01.darkzero.htb,Microsoft-Windows-WinRM,Microsoft-Windows-WinRM/Operational,571,4,,,,,Enumeration,,,,http://schemas.microsoft.com/wbem/wsman/1/config/listener,
2026-07-23T19:43:17.232573Z,132,DC01.darkzero.htb,Microsoft-Windows-WinRM,Microsoft-Windows-WinRM/Operational,572,4,,,,,Enumeration,,,,,
2026-07-23T19:43:17.827693Z,145,DC01.darkzero.htb,Microsoft-Windows-WinRM,Microsoft-Windows-WinRM/Operational,573,4,,,,,Enumeration,,,,http://schemas.microsoft.com/wbem/wsman/1/windows/shell,
2026-07-23T19:43:17.840349Z,132,DC01.darkzero.htb,Microsoft-Windows-WinRM,Microsoft-Windows-WinRM/Operational,574,4,,,,,Enumeration,,,,,
2026-07-23T19:47:25.417674Z,211,DC01.darkzero.htb,Microsoft-Windows-WinRM,Microsoft-Windows-WinRM/Operational,575,4,,,,,,,,,,
2026-07-23T19:47:25.964018Z,212,DC01.darkzero.htb,Microsoft-Windows-WinRM,Microsoft-Windows-WinRM/Operational,576,4,,,,,,,,,,
2026-07-23T20:22:33.238550Z,208,DC01.darkzero.htb,Microsoft-Windows-WinRM,Microsoft-Windows-WinRM/Operational,577,4,,,,,,,,,,
2026-07-23T20:22:34.276448Z,209,DC01.darkzero.htb,Microsoft-Windows-WinRM,Microsoft-Windows-WinRM/Operational,578,4,,,,,,,,,,
2026-07-23T20:23:02.445388Z,145,DC01.darkzero.htb,Microsoft-Windows-WinRM,Microsoft-Windows-WinRM/Operational,579,4,,,,,Enumeration,,,,http://schemas.microsoft.com/wbem/wsman/1/config/listener,
2026-07-23T20:23:02.856090Z,132,DC01.darkzero.htb,Microsoft-Windows-WinRM,Microsoft-Windows-WinRM/Operational,580,4,,,,,Enumeration,,,,,
2026-07-23T20:23:03.221602Z,145,DC01.darkzero.htb,Microsoft-Windows-WinRM,Microsoft-Windows-WinRM/Operational,581,4,,,,,Enumeration,,,,http://schemas.microsoft.com/wbem/wsman/1/windows/shell,
2026-07-23T20:23:03.439617Z,132,DC01.darkzero.htb,Microsoft-Windows-WinRM,Microsoft-Windows-WinRM/Operational,582,4,,,,,Enumeration,,,,,
2026-07-23T20:42:08.607255Z,211,DC01.darkzero.htb,Microsoft-Windows-WinRM,Microsoft-Windows-WinRM/Operational,583,4,,,,,,,,,,
2026-07-23T20:42:09.175690Z,212,DC01.darkzero.htb,Microsoft-Windows-WinRM,Microsoft-Windows-WinRM/Operational,584,4,,,,,,,,,,
2026-07-23T20:49:59.486591Z,208,DC01.darkzero.htb,Microsoft-Windows-WinRM,Microsoft-Windows-WinRM/Operational,585,4,,,,,,,,,,
2026-07-23T20:50:01.969297Z,209,DC01.darkzero.htb,Microsoft-Windows-WinRM,Microsoft-Windows-WinRM/Operational,586,4,,,,,,,,,,
2026-07-23T20:50:32.104774Z,145,DC01.darkzero.htb,Microsoft-Windows-WinRM,Microsoft-Windows-WinRM/Operational,587,4,,,,,Enumeration,,,,http://schemas.microsoft.com/wbem/wsman/1/config/listener,
2026-07-23T20:50:32.902290Z,132,DC01.darkzero.htb,Microsoft-Windows-WinRM,Microsoft-Windows-WinRM/Operational,588,4,,,,,Enumeration,,,,,
2026-07-23T20:50:33.587598Z,145,DC01.darkzero.htb,Microsoft-Windows-WinRM,Microsoft-Windows-WinRM/Operational,589,4,,,,,Enumeration,,,,http://schemas.microsoft.com/wbem/wsman/1/windows/shell,
2026-07-23T20:50:34.520493Z,132,DC01.darkzero.htb,Microsoft-Windows-WinRM,Microsoft-Windows-WinRM/Operational,590,4,,,,,Enumeration,,,,,
2026-07-23T20:51:12.057349Z,211,DC01.darkzero.htb,Microsoft-Windows-WinRM,Microsoft-Windows-WinRM/Operational,591,4,,,,,,,,,,
2026-07-23T20:51:13.006340Z,212,DC01.darkzero.htb,Microsoft-Windows-WinRM,Microsoft-Windows-WinRM/Operational,592,4,,,,,,,,,,
2026-08-16T15:29:25.489618Z,208,DC01.darkzero.htb,Microsoft-Windows-WinRM,Microsoft-Windows-WinRM/Operational,593,4,,,,,,,,,,
2026-08-16T15:29:27.498659Z,209,DC01.darkzero.htb,Microsoft-Windows-WinRM,Microsoft-Windows-WinRM/Operational,594,4,,,,,,,,,,
2026-08-16T15:29:59.669733Z,145,DC01.darkzero.htb,Microsoft-Windows-WinRM,Microsoft-Windows-WinRM/Operational,595,4,,,,,Enumeration,,,,http://schemas.microsoft.com/wbem/wsman/1/config/listener,
2026-08-16T15:30:00.467741Z,132,DC01.darkzero.htb,Microsoft-Windows-WinRM,Microsoft-Windows-WinRM/Operational,596,4,,,,,Enumeration,,,,,
2026-08-16T15:30:01.359238Z,145,DC01.darkzero.htb,Microsoft-Windows-WinRM,Microsoft-Windows-WinRM/Operational,597,4,,,,,Enumeration,,,,http://schemas.microsoft.com/wbem/wsman/1/windows/shell,
2026-08-16T15:30:01.383511Z,132,DC01.darkzero.htb,Microsoft-Windows-WinRM,Microsoft-Windows-WinRM/Operational,598,4,,,,,Enumeration,,,,,
2026-08-16T19:45:43.874620Z,91,DC01.darkzero.htb,Microsoft-Windows-WinRM,Microsoft-Windows-WinRM/Operational,599,4,,,,,,,,,http://schemas.microsoft.com/wbem/wsman/1/windows/shell/cmd (darkzero\Administrator clientIP: 172.16.20.3),
2026-08-16T19:46:50.302553Z,91,DC01.darkzero.htb,Microsoft-Windows-WinRM,Microsoft-Windows-WinRM/Operational,600,4,,,,,,,,,http://schemas.microsoft.com/powershell/Microsoft.PowerShell (darkzero\Administrator clientIP: 172.16.20.3),
