TimeGenerated,EventID,Computer,Provider,Channel,RecordID,Level,AADDomainJoin,ADDomainJoin,AccountName,AdapterName,AdaptiveTargetState,AddServiceStatus,AdditionalInfo,Address,AddressLength,AttemptedRecoveryEnforcementSucceeded,BackupPath,Binary,BitlockerUserInputTime,BootId,BootMenuPolicy,BootMode,BootStatusPolicy,BootStlEnforced,BootType,BucketConfidenceLevel,BucketId,BufferFlushNeeded,BuildArch,BuildBranch,BuildNumber,BuildVersion,CacheFlushNeeded,CacheFlushSupported,CallerProcessId,CallerProcessImageName,ChannelPath,ClientPID,ClientProcessId,ClientProcessStartKey,CmosTime,Command line,ComputerName,Config,CorruptionActionState,CountNew,CountOld,CurrentBias,CurrentStratumNumber,CurrentTimeZoneID,DCName,Data_text,Data_text_0,Data_text_1,Data_text_2,Data_text_3,Data_text_4,Data_text_5,Data_text_6,Date,Debug,Default SD String:,DeviceAttributes,DeviceInstanceID,DeviceName,DeviceNameLength,DeviceObject,DeviceTime,DeviceVersionMajor,DeviceVersionMinor,DirtyPages,DisabledLoadOption,DomainController,DomainPeer,DriveName,DriverFileName,DueTime,DwordVal,EfiDaylightFlags,EfiTime,EfiTimeZoneBias,EnableDisableReason,Enabled,EnabledFeatures,EnabledNew,EntryCount,ErrorCode,ErrorMessage,ErrorPhase,ErrorString,Errorcode,ExecutablePath,ExitReason,FailureReason,FileStartTime,FinalStatus,FirstRefresh,Flags,GracePeriod,Group,GroupName,HRESULT,HResult,HalRtcErrorCode,HardwareChecks,HardwareEnabled,HardwarePresent,HiveName,HiveNameLength,IdleImplementation,IdleStateCount,IfGuid,IfIndex,IfLuid,ImageName,ImagePath,InternalBootFlags,InternalInfo,IsAutoEnabled,IsLicensed,IsSoftBoot,IsTestConfig,IsUnattended,KeysUpdated,LastBootGood,LastBootId,LastShutdownGood,LoadOptions,LoaderTime,LocalStatus,LookupType,MajorVersion,MaximumPerformancePercent,MdClearSupported,MinimumPasswordLength,MinimumPasswordLengthAudit,MinimumPerformancePercent,MinimumThrottlePercent,MiniportEventEnum,MinorVersion,MonitorReason,Name,NewLatchTimerNeeded,NewLatchTimerWaitingSystemUpdateCompletion,NewNicIPv4RscEnabled,NewNicIPv6RscEnabled,NewPortRscEnabled,NewSchemeGuid,NewSize,NewTime,NewTimerNeeded,NewTimerWaitingUpdateCompletion,NextSessionId,NextSessionType,NextUpdate,NicFName,NicFNameLen,NicInstanceId,NicName,NicNameLen,NominalFrequency,NormalProcessId,NotAffectedAtom,NotAffectedMdsNo,NotAffectedRdclNo,Number,NumberOfGroupPolicyObjects,OCSPResponderURL,OSEditionID,OSName,OSbuildversion,OSmajorversion,OSminorversion,OSservicepackName,OSservicepackmajorversion,OSservicepackminorversion,Official,OldNicIPv4RscEnabled,OldNicIPv6RscEnabled,OldPortRscEnabled,OldSchemeGuid,OldTime,Operation,OriginalSize,OwnerService,Parent Process 1,Parent Process 10,Parent Process 2,Parent Process 3,Parent Process 4,Parent Process 5,Parent Process 6,Parent Process 7,Parent Process 8,Parent Process 9,ParentHypervisorFlushes,PerformanceImplementation,Phase,Policy,PolicyFileExists,PortFName,PortFNameLen,PortName,PortNameLen,PowerStateAc,PreviousEnergyCapacityAtEnd,PreviousEnergyCapacityAtStart,PreviousFullEnergyCapacityAtEnd,PreviousFullEnergyCapacityAtStart,PreviousLatchTimerExistsButDisabled,PreviousSessionDurationInUs,PreviousSessionId,PreviousSessionType,PreviousTimerExists,PreviousTimerExistsButDisabled,PreviousTimerStartTime,PrimaryService,Problems,ProcessID,ProcessId,ProcessName,ProcessPath,ProcessPid,ProcessingMode,ProcessingTimeInMilliseconds,PublisherGuid,QfeVersion,QueryName,RealTimeIsUniversal,Reason,Reboot Reason,RelaxMinimumPasswordLengthLimits,ReserveStatus,RetryMinutes,RscStateModifiedReason,SchedulerType,ServiceName,ServiceType,ServiceVersion,ShutdownActionType,ShutdownEventCode,ShutdownReason,Sid,SmtEnabled,StartTime,StartType,State,Status,StopTime,SubjectDomainName,SubjectUserName,Success,SupportInfo1,SupportInfo2,SupportedFeatures,SwitchFName,SwitchFNameLen,SwitchName,SwitchNameLen,SystemInCmosMode,SystemTime,TSId,ThisUpdate,Time,TimeDeltaInMs,TimeRemainingToSetLocalClockFreeRunningSeconds,TimeSource,TimeSourceRefId,TimeZoneBias,TimeZoneInfoCacheUpdated,TrustName,TrustletIdentity,UnsynchronizedTimeSeconds,UpdateReason,UpdateService,UpdateType,Url,UrlGroupId,UserSid,VMId,VMIdLen,VMName,VMNameLen,VsmPolicy,attributes_Name,attributes_xmlns,error,errorCode,param1,param10,param11,param2,param3,param4,param5,param6,param7,param8,param9,serviceGuid,spn1,spn2,updateGuid,updateRevisionNumber,updateTitle,win32Error
2026-04-05T16:51:45.768410Z,104,WIN-10087MEU94D,Microsoft-Windows-Eventlog,System,603,4,,,,,,,,,,,,,,,,,,,,,,,,,,,,,,,,,396,1125899906842904,,,,,,,,,,,,,,,,,,,,,,,,,,,,,,,,,,,,,,,,,,,,,,,,,,,,,,,,,,,,,,,,,,,,,,,,,,,,,,,,,,,,,,,,,,,,,,,,,,,,,,,,,,,,,,,,,,,,,,,,,,,,,,,,,,,,,,,,,,,,,,,,,,,,,,,,,,,,,,,,,,,,,,,,,,,,,,,,,,,,,,,,,,,,,,,,,,,,,,,,,,,,,,,,,,WIN-10087MEU94D,Administrator,,,,,,,,,,,,,,,,,,,,,,,,,,,,,,,,,,,http://manifests.microsoft.com/win/2004/08/windows/eventlog,,,,,,,,,,,,,,,,,,,,
2026-04-05T16:51:45.772456Z,104,WIN-10087MEU94D,Microsoft-Windows-Eventlog,Application,604,4,,,,,,,,,,,,,,,,,,,,,,,,,,,,,,,,,396,1125899906842904,,,,,,,,,,,,,,,,,,,,,,,,,,,,,,,,,,,,,,,,,,,,,,,,,,,,,,,,,,,,,,,,,,,,,,,,,,,,,,,,,,,,,,,,,,,,,,,,,,,,,,,,,,,,,,,,,,,,,,,,,,,,,,,,,,,,,,,,,,,,,,,,,,,,,,,,,,,,,,,,,,,,,,,,,,,,,,,,,,,,,,,,,,,,,,,,,,,,,,,,,,,,,,,,,,WIN-10087MEU94D,Administrator,,,,,,,,,,,,,,,,,,,,,,,,,,,,,,,,,,,http://manifests.microsoft.com/win/2004/08/windows/eventlog,,,,,,,,,,,,,,,,,,,,
2026-04-05T16:51:45.779485Z,104,WIN-10087MEU94D,Microsoft-Windows-Eventlog,Setup,605,4,,,,,,,,,,,,,,,,,,,,,,,,,,,,,,,,,396,1125899906842904,,,,,,,,,,,,,,,,,,,,,,,,,,,,,,,,,,,,,,,,,,,,,,,,,,,,,,,,,,,,,,,,,,,,,,,,,,,,,,,,,,,,,,,,,,,,,,,,,,,,,,,,,,,,,,,,,,,,,,,,,,,,,,,,,,,,,,,,,,,,,,,,,,,,,,,,,,,,,,,,,,,,,,,,,,,,,,,,,,,,,,,,,,,,,,,,,,,,,,,,,,,,,,,,,,WIN-10087MEU94D,Administrator,,,,,,,,,,,,,,,,,,,,,,,,,,,,,,,,,,,http://manifests.microsoft.com/win/2004/08/windows/eventlog,,,,,,,,,,,,,,,,,,,,
2026-04-05T16:51:46.099762Z,16977,WIN-10087MEU94D,Microsoft-Windows-Directory-Services-SAM,System,606,4,,,,,,,,,,,,,,,,,,,,,,,,,,,,,,,,,,,,,,,,,,,,,,,,,,,,,,,,,,,,,,,,,,,,,,,,,,,,,,,,,,,,,,,,,,,,,,,,,,,,,,,,,,,,,,,,,,,,,,,,,,,,,,,,,0,-1,,,,,,,,,,,,,,,,,,,,,,,,,,,,,,,,,,,,,,,,,,,,,,,,,,,,,,,,,,,,,,,,,,,,,,,,,,,,,,,,,,,,,,,,,,,,,,,,0,,,,,,,,,,,,,,,,,,,,,,,,,,,,,,,,,,,,,,,,,,,,,,,,,,,,,SAMMSG_MINPWDLEN_SETTINGS_IN_EFFECT,,,,,,,,,,,,,,,,,,,,,
2026-04-05T16:51:46.167825Z,16977,WIN-10087MEU94D,Microsoft-Windows-Directory-Services-SAM,System,607,4,,,,,,,,,,,,,,,,,,,,,,,,,,,,,,,,,,,,,,,,,,,,,,,,,,,,,,,,,,,,,,,,,,,,,,,,,,,,,,,,,,,,,,,,,,,,,,,,,,,,,,,,,,,,,,,,,,,,,,,,,,,,,,,,,0,-1,,,,,,,,,,,,,,,,,,,,,,,,,,,,,,,,,,,,,,,,,,,,,,,,,,,,,,,,,,,,,,,,,,,,,,,,,,,,,,,,,,,,,,,,,,,,,,,,0,,,,,,,,,,,,,,,,,,,,,,,,,,,,,,,,,,,,,,,,,,,,,,,,,,,,,SAMMSG_MINPWDLEN_SETTINGS_IN_EFFECT,,,,,,,,,,,,,,,,,,,,,
2026-04-05T16:51:46.259291Z,"{'#attributes': {'Qualifiers': 16384}, '#text': 7036}",WIN-10087MEU94D,Service Control Manager,System,608,4,,,,,,,,,,,,4D0053004400540043002F0031000000,,,,,,,,,,,,,,,,,,,,,,,,,,,,,,,,,,,,,,,,,,,,,,,,,,,,,,,,,,,,,,,,,,,,,,,,,,,,,,,,,,,,,,,,,,,,,,,,,,,,,,,,,,,,,,,,,,,,,,,,,,,,,,,,,,,,,,,,,,,,,,,,,,,,,,,,,,,,,,,,,,,,,,,,,,,,,,,,,,,,,,,,,,,,,,,,,,,,,,,,,,,,,,,,,,,,,,,,,,,,,,,,,,,,,,,,,,,,,,,,,,,,,,,,,,,,,,,,,,,,,,,,,,,,,,,Distributed Transaction Coordinator,,,stopped,,,,,,,,,,,,,,
2026-04-05T16:51:46.796948Z,"{'#attributes': {'Qualifiers': 16384}, '#text': 7036}",WIN-10087MEU94D,Service Control Manager,System,609,4,,,,,,,,,,,,550041004C005300560043002F0031000000,,,,,,,,,,,,,,,,,,,,,,,,,,,,,,,,,,,,,,,,,,,,,,,,,,,,,,,,,,,,,,,,,,,,,,,,,,,,,,,,,,,,,,,,,,,,,,,,,,,,,,,,,,,,,,,,,,,,,,,,,,,,,,,,,,,,,,,,,,,,,,,,,,,,,,,,,,,,,,,,,,,,,,,,,,,,,,,,,,,,,,,,,,,,,,,,,,,,,,,,,,,,,,,,,,,,,,,,,,,,,,,,,,,,,,,,,,,,,,,,,,,,,,,,,,,,,,,,,,,,,,,,,,,,,,,User Access Logging Service,,,stopped,,,,,,,,,,,,,,
2026-04-05T16:51:47.230297Z,"{'#attributes': {'Qualifiers': 16384}, '#text': 7036}",WIN-10087MEU94D,Service Control Manager,System,610,4,,,,,,,,,,,,44006500760069006300650049006E007300740061006C006C002F0031000000,,,,,,,,,,,,,,,,,,,,,,,,,,,,,,,,,,,,,,,,,,,,,,,,,,,,,,,,,,,,,,,,,,,,,,,,,,,,,,,,,,,,,,,,,,,,,,,,,,,,,,,,,,,,,,,,,,,,,,,,,,,,,,,,,,,,,,,,,,,,,,,,,,,,,,,,,,,,,,,,,,,,,,,,,,,,,,,,,,,,,,,,,,,,,,,,,,,,,,,,,,,,,,,,,,,,,,,,,,,,,,,,,,,,,,,,,,,,,,,,,,,,,,,,,,,,,,,,,,,,,,,,,,,,,,,Device Install Service,,,stopped,,,,,,,,,,,,,,
2026-04-05T16:51:47.409519Z,"{'#attributes': {'Qualifiers': 16384}, '#text': 7036}",WIN-10087MEU94D,Service Control Manager,System,611,4,,,,,,,,,,,,44006F005300760063002F0031000000,,,,,,,,,,,,,,,,,,,,,,,,,,,,,,,,,,,,,,,,,,,,,,,,,,,,,,,,,,,,,,,,,,,,,,,,,,,,,,,,,,,,,,,,,,,,,,,,,,,,,,,,,,,,,,,,,,,,,,,,,,,,,,,,,,,,,,,,,,,,,,,,,,,,,,,,,,,,,,,,,,,,,,,,,,,,,,,,,,,,,,,,,,,,,,,,,,,,,,,,,,,,,,,,,,,,,,,,,,,,,,,,,,,,,,,,,,,,,,,,,,,,,,,,,,,,,,,,,,,,,,,,,,,,,,,Delivery Optimization,,,stopped,,,,,,,,,,,,,,
2026-04-05T16:51:48.597673Z,"{'#attributes': {'Qualifiers': 16384}, '#text': 7036}",WIN-10087MEU94D,Service Control Manager,System,612,4,,,,,,,,,,,,770075006100750073006500720076002F0031000000,,,,,,,,,,,,,,,,,,,,,,,,,,,,,,,,,,,,,,,,,,,,,,,,,,,,,,,,,,,,,,,,,,,,,,,,,,,,,,,,,,,,,,,,,,,,,,,,,,,,,,,,,,,,,,,,,,,,,,,,,,,,,,,,,,,,,,,,,,,,,,,,,,,,,,,,,,,,,,,,,,,,,,,,,,,,,,,,,,,,,,,,,,,,,,,,,,,,,,,,,,,,,,,,,,,,,,,,,,,,,,,,,,,,,,,,,,,,,,,,,,,,,,,,,,,,,,,,,,,,,,,,,,,,,,,Windows Update,,,stopped,,,,,,,,,,,,,,
2026-04-05T16:51:54.383968Z,"{'#attributes': {'Qualifiers': 16384}, '#text': 7042}",WIN-10087MEU94D,Service Control Manager,System,613,4,,,,,,,,,,,,6C006D0068006F007300740073000000,,,,,,,,,,,,,,,,,,,,,,,,,,,,,,,,,,,,,,,,,,,,,,,,,,,,,,,,,,,,,,,,,,,,,,,,,,,,,,,,,,,,,,,,,,,,,,,,,,,,,,,,,,,,,,,,,,,,,,,,,,,,,,,,,,,,,,,,,,,,,,,,,,,,,,,,,,,,,,,,,,,,,,,,,,,,,,,,,,,,,,,,,,,,,,,,,,,,,,,,,,,,,,,,,,,,,,,,,,,,,,,,,,,,,,,,,,,,,,,,,,,,,,,,,,,,,,,,,,,,,,,,,,,,,,,TCP/IP NetBIOS Helper,,,stop,0x40030011,Operating System: Network Connectivity (Planned),None,,,,,,,,,,,
2026-04-05T16:51:54.404426Z,"{'#attributes': {'Qualifiers': 16384}, '#text': 7036}",WIN-10087MEU94D,Service Control Manager,System,614,4,,,,,,,,,,,,6C006D0068006F007300740073002F0031000000,,,,,,,,,,,,,,,,,,,,,,,,,,,,,,,,,,,,,,,,,,,,,,,,,,,,,,,,,,,,,,,,,,,,,,,,,,,,,,,,,,,,,,,,,,,,,,,,,,,,,,,,,,,,,,,,,,,,,,,,,,,,,,,,,,,,,,,,,,,,,,,,,,,,,,,,,,,,,,,,,,,,,,,,,,,,,,,,,,,,,,,,,,,,,,,,,,,,,,,,,,,,,,,,,,,,,,,,,,,,,,,,,,,,,,,,,,,,,,,,,,,,,,,,,,,,,,,,,,,,,,,,,,,,,,,TCP/IP NetBIOS Helper,,,stopped,,,,,,,,,,,,,,
2026-04-05T16:51:54.415871Z,10317,WIN-10087MEU94D,Microsoft-Windows-NDIS,System,615,2,,,,vmxnet3 Ethernet Adapter,,,,,,,,,,,,,,,,,,,,,,,,,,,,,,,,,,,,,,,,,,,,,,,,,,,,,,,,,,,,,,,,,,,,,,,,,,,,,,,,,,,,,,,,,,,,,,,,,,,,,,2DA2CB09-2F51-4CFC-8E5F-9059008EDE33,3,1689399649632256,,,,,,,,,,,,,,,,,,,,,,,,,76,,,,,,,,,,,,,,,,,,,,,,,,,,,,,,,,,,,,,,,,,,,,,,,,,,,,,,,,,,,,,,,,,,,,,,,,,,,,,,,,,,,,,,,,,,,,,,,,,,,,,,,,,,,,,,,,,,,,,,,,,,,,,,,,,,,,,,,,,,,,,,,,,,,,,,,,,,,,,,,,,,,,,,,
2026-04-05T16:51:57.279151Z,"{'#attributes': {'Qualifiers': 16384}, '#text': 7040}",WIN-10087MEU94D,Service Control Manager,System,616,4,,,,,,,,,,,,,,,,,,,,,,,,,,,,,,,,,,,,,,,,,,,,,,,,,,,,,,,,,,,,,,,,,,,,,,,,,,,,,,,,,,,,,,,,,,,,,,,,,,,,,,,,,,,,,,,,,,,,,,,,,,,,,,,,,,,,,,,,,,,,,,,,,,,,,,,,,,,,,,,,,,,,,,,,,,,,,,,,,,,,,,,,,,,,,,,,,,,,,,,,,,,,,,,,,,,,,,,,,,,,,,,,,,,,,,,,,,,,,,,,,,,,,,,,,,,,,,,,,,,,,,,,,,,,,,,,,,,,,,,,,,,3ware,,,demand start,boot start,3ware,,,,,,,,,,,,
2026-04-05T16:51:57.493175Z,"{'#attributes': {'Qualifiers': 16384}, '#text': 7040}",WIN-10087MEU94D,Service Control Manager,System,617,4,,,,,,,,,,,,,,,,,,,,,,,,,,,,,,,,,,,,,,,,,,,,,,,,,,,,,,,,,,,,,,,,,,,,,,,,,,,,,,,,,,,,,,,,,,,,,,,,,,,,,,,,,,,,,,,,,,,,,,,,,,,,,,,,,,,,,,,,,,,,,,,,,,,,,,,,,,,,,,,,,,,,,,,,,,,,,,,,,,,,,,,,,,,,,,,,,,,,,,,,,,,,,,,,,,,,,,,,,,,,,,,,,,,,,,,,,,,,,,,,,,,,,,,,,,,,,,,,,,,,,,,,,,,,,,,,,,,,,,,,,,,ADP80XX,,,demand start,boot start,ADP80XX,,,,,,,,,,,,
2026-04-05T16:51:57.620193Z,"{'#attributes': {'Qualifiers': 16384}, '#text': 7040}",WIN-10087MEU94D,Service Control Manager,System,618,4,,,,,,,,,,,,,,,,,,,,,,,,,,,,,,,,,,,,,,,,,,,,,,,,,,,,,,,,,,,,,,,,,,,,,,,,,,,,,,,,,,,,,,,,,,,,,,,,,,,,,,,,,,,,,,,,,,,,,,,,,,,,,,,,,,,,,,,,,,,,,,,,,,,,,,,,,,,,,,,,,,,,,,,,,,,,,,,,,,,,,,,,,,,,,,,,,,,,,,,,,,,,,,,,,,,,,,,,,,,,,,,,,,,,,,,,,,,,,,,,,,,,,,,,,,,,,,,,,,,,,,,,,,,,,,,,,,,,,,,,,,,amdsata,,,demand start,boot start,amdsata,,,,,,,,,,,,
2026-04-05T16:51:57.630643Z,"{'#attributes': {'Qualifiers': 16384}, '#text': 7040}",WIN-10087MEU94D,Service Control Manager,System,619,4,,,,,,,,,,,,,,,,,,,,,,,,,,,,,,,,,,,,,,,,,,,,,,,,,,,,,,,,,,,,,,,,,,,,,,,,,,,,,,,,,,,,,,,,,,,,,,,,,,,,,,,,,,,,,,,,,,,,,,,,,,,,,,,,,,,,,,,,,,,,,,,,,,,,,,,,,,,,,,,,,,,,,,,,,,,,,,,,,,,,,,,,,,,,,,,,,,,,,,,,,,,,,,,,,,,,,,,,,,,,,,,,,,,,,,,,,,,,,,,,,,,,,,,,,,,,,,,,,,,,,,,,,,,,,,,,,,,,,,,,,,,amdxata,,,demand start,boot start,amdxata,,,,,,,,,,,,
2026-04-05T16:51:57.689789Z,"{'#attributes': {'Qualifiers': 16384}, '#text': 7040}",WIN-10087MEU94D,Service Control Manager,System,620,4,,,,,,,,,,,,,,,,,,,,,,,,,,,,,,,,,,,,,,,,,,,,,,,,,,,,,,,,,,,,,,,,,,,,,,,,,,,,,,,,,,,,,,,,,,,,,,,,,,,,,,,,,,,,,,,,,,,,,,,,,,,,,,,,,,,,,,,,,,,,,,,,,,,,,,,,,,,,,,,,,,,,,,,,,,,,,,,,,,,,,,,,,,,,,,,,,,,,,,,,,,,,,,,,,,,,,,,,,,,,,,,,,,,,,,,,,,,,,,,,,,,,,,,,,,,,,,,,,,,,,,,,,,,,,,,,,,,,,,,,,,,amdsbs,,,demand start,boot start,amdsbs,,,,,,,,,,,,
2026-04-05T16:51:57.766350Z,"{'#attributes': {'Qualifiers': 16384}, '#text': 7040}",WIN-10087MEU94D,Service Control Manager,System,621,4,,,,,,,,,,,,,,,,,,,,,,,,,,,,,,,,,,,,,,,,,,,,,,,,,,,,,,,,,,,,,,,,,,,,,,,,,,,,,,,,,,,,,,,,,,,,,,,,,,,,,,,,,,,,,,,,,,,,,,,,,,,,,,,,,,,,,,,,,,,,,,,,,,,,,,,,,,,,,,,,,,,,,,,,,,,,,,,,,,,,,,,,,,,,,,,,,,,,,,,,,,,,,,,,,,,,,,,,,,,,,,,,,,,,,,,,,,,,,,,,,,,,,,,,,,,,,,,,,,,,,,,,,,,,,,,,,,,,,,,,,,,Adaptec SAS/SATA-II RAID Storport's Miniport Driver,,,demand start,boot start,arcsas,,,,,,,,,,,,
2026-04-05T16:51:58.448429Z,"{'#attributes': {'Qualifiers': 16384}, '#text': 7040}",WIN-10087MEU94D,Service Control Manager,System,622,4,,,,,,,,,,,,,,,,,,,,,,,,,,,,,,,,,,,,,,,,,,,,,,,,,,,,,,,,,,,,,,,,,,,,,,,,,,,,,,,,,,,,,,,,,,,,,,,,,,,,,,,,,,,,,,,,,,,,,,,,,,,,,,,,,,,,,,,,,,,,,,,,,,,,,,,,,,,,,,,,,,,,,,,,,,,,,,,,,,,,,,,,,,,,,,,,,,,,,,,,,,,,,,,,,,,,,,,,,,,,,,,,,,,,,,,,,,,,,,,,,,,,,,,,,,,,,,,,,,,,,,,,,,,,,,,,,,,,,,,,,,,bfadi,,,demand start,boot start,bfadi,,,,,,,,,,,,
2026-04-05T16:51:58.528471Z,"{'#attributes': {'Qualifiers': 16384}, '#text': 7040}",WIN-10087MEU94D,Service Control Manager,System,623,4,,,,,,,,,,,,,,,,,,,,,,,,,,,,,,,,,,,,,,,,,,,,,,,,,,,,,,,,,,,,,,,,,,,,,,,,,,,,,,,,,,,,,,,,,,,,,,,,,,,,,,,,,,,,,,,,,,,,,,,,,,,,,,,,,,,,,,,,,,,,,,,,,,,,,,,,,,,,,,,,,,,,,,,,,,,,,,,,,,,,,,,,,,,,,,,,,,,,,,,,,,,,,,,,,,,,,,,,,,,,,,,,,,,,,,,,,,,,,,,,,,,,,,,,,,,,,,,,,,,,,,,,,,,,,,,,,,,,,,,,,,,bfadfcoei,,,demand start,boot start,bfadfcoei,,,,,,,,,,,,
2026-04-05T16:51:58.653749Z,"{'#attributes': {'Qualifiers': 16384}, '#text': 7040}",WIN-10087MEU94D,Service Control Manager,System,624,4,,,,,,,,,,,,,,,,,,,,,,,,,,,,,,,,,,,,,,,,,,,,,,,,,,,,,,,,,,,,,,,,,,,,,,,,,,,,,,,,,,,,,,,,,,,,,,,,,,,,,,,,,,,,,,,,,,,,,,,,,,,,,,,,,,,,,,,,,,,,,,,,,,,,,,,,,,,,,,,,,,,,,,,,,,,,,,,,,,,,,,,,,,,,,,,,,,,,,,,,,,,,,,,,,,,,,,,,,,,,,,,,,,,,,,,,,,,,,,,,,,,,,,,,,,,,,,,,,,,,,,,,,,,,,,,,,,,,,,,,,,,QLogic FCoE Offload driver,,,demand start,boot start,bxfcoe,,,,,,,,,,,,
2026-04-05T16:51:58.965209Z,"{'#attributes': {'Qualifiers': 16384}, '#text': 7040}",WIN-10087MEU94D,Service Control Manager,System,625,4,,,,,,,,,,,,,,,,,,,,,,,,,,,,,,,,,,,,,,,,,,,,,,,,,,,,,,,,,,,,,,,,,,,,,,,,,,,,,,,,,,,,,,,,,,,,,,,,,,,,,,,,,,,,,,,,,,,,,,,,,,,,,,,,,,,,,,,,,,,,,,,,,,,,,,,,,,,,,,,,,,,,,,,,,,,,,,,,,,,,,,,,,,,,,,,,,,,,,,,,,,,,,,,,,,,,,,,,,,,,,,,,,,,,,,,,,,,,,,,,,,,,,,,,,,,,,,,,,,,,,,,,,,,,,,,,,,,,,,,,,,,QLogic Offload iSCSI Driver,,,demand start,boot start,bxois,,,,,,,,,,,,
2026-04-05T16:52:00.343293Z,"{'#attributes': {'Qualifiers': 16384}, '#text': 7040}",WIN-10087MEU94D,Service Control Manager,System,626,4,,,,,,,,,,,,,,,,,,,,,,,,,,,,,,,,,,,,,,,,,,,,,,,,,,,,,,,,,,,,,,,,,,,,,,,,,,,,,,,,,,,,,,,,,,,,,,,,,,,,,,,,,,,,,,,,,,,,,,,,,,,,,,,,,,,,,,,,,,,,,,,,,,,,,,,,,,,,,,,,,,,,,,,,,,,,,,,,,,,,,,,,,,,,,,,,,,,,,,,,,,,,,,,,,,,,,,,,,,,,,,,,,,,,,,,,,,,,,,,,,,,,,,,,,,,,,,,,,,,,,,,,,,,,,,,,,,,,,,,,,,,cht4iscsi,,,demand start,boot start,cht4iscsi,,,,,,,,,,,,
2026-04-05T16:52:01.708946Z,"{'#attributes': {'Qualifiers': 16384}, '#text': 7040}",WIN-10087MEU94D,Service Control Manager,System,627,4,,,,,,,,,,,,,,,,,,,,,,,,,,,,,,,,,,,,,,,,,,,,,,,,,,,,,,,,,,,,,,,,,,,,,,,,,,,,,,,,,,,,,,,,,,,,,,,,,,,,,,,,,,,,,,,,,,,,,,,,,,,,,,,,,,,,,,,,,,,,,,,,,,,,,,,,,,,,,,,,,,,,,,,,,,,,,,,,,,,,,,,,,,,,,,,,,,,,,,,,,,,,,,,,,,,,,,,,,,,,,,,,,,,,,,,,,,,,,,,,,,,,,,,,,,,,,,,,,,,,,,,,,,,,,,,,,,,,,,,,,,,Microsoft driver for storage devices supporting IEEE 1667 and TCG protocols,,,demand start,boot start,EhStorTcgDrv,,,,,,,,,,,,
2026-04-05T16:52:01.754430Z,"{'#attributes': {'Qualifiers': 16384}, '#text': 7040}",WIN-10087MEU94D,Service Control Manager,System,628,4,,,,,,,,,,,,,,,,,,,,,,,,,,,,,,,,,,,,,,,,,,,,,,,,,,,,,,,,,,,,,,,,,,,,,,,,,,,,,,,,,,,,,,,,,,,,,,,,,,,,,,,,,,,,,,,,,,,,,,,,,,,,,,,,,,,,,,,,,,,,,,,,,,,,,,,,,,,,,,,,,,,,,,,,,,,,,,,,,,,,,,,,,,,,,,,,,,,,,,,,,,,,,,,,,,,,,,,,,,,,,,,,,,,,,,,,,,,,,,,,,,,,,,,,,,,,,,,,,,,,,,,,,,,,,,,,,,,,,,,,,,,elxfcoe,,,demand start,boot start,elxfcoe,,,,,,,,,,,,
2026-04-05T16:52:01.822290Z,"{'#attributes': {'Qualifiers': 16384}, '#text': 7040}",WIN-10087MEU94D,Service Control Manager,System,629,4,,,,,,,,,,,,,,,,,,,,,,,,,,,,,,,,,,,,,,,,,,,,,,,,,,,,,,,,,,,,,,,,,,,,,,,,,,,,,,,,,,,,,,,,,,,,,,,,,,,,,,,,,,,,,,,,,,,,,,,,,,,,,,,,,,,,,,,,,,,,,,,,,,,,,,,,,,,,,,,,,,,,,,,,,,,,,,,,,,,,,,,,,,,,,,,,,,,,,,,,,,,,,,,,,,,,,,,,,,,,,,,,,,,,,,,,,,,,,,,,,,,,,,,,,,,,,,,,,,,,,,,,,,,,,,,,,,,,,,,,,,,elxstor,,,demand start,boot start,elxstor,,,,,,,,,,,,
2026-04-05T16:52:02.480010Z,"{'#attributes': {'Qualifiers': 16384}, '#text': 7040}",WIN-10087MEU94D,Service Control Manager,System,630,4,,,,,,,,,,,,,,,,,,,,,,,,,,,,,,,,,,,,,,,,,,,,,,,,,,,,,,,,,,,,,,,,,,,,,,,,,,,,,,,,,,,,,,,,,,,,,,,,,,,,,,,,,,,,,,,,,,,,,,,,,,,,,,,,,,,,,,,,,,,,,,,,,,,,,,,,,,,,,,,,,,,,,,,,,,,,,,,,,,,,,,,,,,,,,,,,,,,,,,,,,,,,,,,,,,,,,,,,,,,,,,,,,,,,,,,,,,,,,,,,,,,,,,,,,,,,,,,,,,,,,,,,,,,,,,,,,,,,,,,,,,,HpSAMD,,,demand start,boot start,HpSAMD,,,,,,,,,,,,
2026-04-05T16:52:02.666190Z,"{'#attributes': {'Qualifiers': 16384}, '#text': 7040}",WIN-10087MEU94D,Service Control Manager,System,631,4,,,,,,,,,,,,,,,,,,,,,,,,,,,,,,,,,,,,,,,,,,,,,,,,,,,,,,,,,,,,,,,,,,,,,,,,,,,,,,,,,,,,,,,,,,,,,,,,,,,,,,,,,,,,,,,,,,,,,,,,,,,,,,,,,,,,,,,,,,,,,,,,,,,,,,,,,,,,,,,,,,,,,,,,,,,,,,,,,,,,,,,,,,,,,,,,,,,,,,,,,,,,,,,,,,,,,,,,,,,,,,,,,,,,,,,,,,,,,,,,,,,,,,,,,,,,,,,,,,,,,,,,,,,,,,,,,,,,,,,,,,,Intel Chipset SATA RAID Controller,,,demand start,boot start,iaStorAVC,,,,,,,,,,,,
2026-04-05T16:52:02.760147Z,"{'#attributes': {'Qualifiers': 16384}, '#text': 7040}",WIN-10087MEU94D,Service Control Manager,System,632,4,,,,,,,,,,,,,,,,,,,,,,,,,,,,,,,,,,,,,,,,,,,,,,,,,,,,,,,,,,,,,,,,,,,,,,,,,,,,,,,,,,,,,,,,,,,,,,,,,,,,,,,,,,,,,,,,,,,,,,,,,,,,,,,,,,,,,,,,,,,,,,,,,,,,,,,,,,,,,,,,,,,,,,,,,,,,,,,,,,,,,,,,,,,,,,,,,,,,,,,,,,,,,,,,,,,,,,,,,,,,,,,,,,,,,,,,,,,,,,,,,,,,,,,,,,,,,,,,,,,,,,,,,,,,,,,,,,,,,,,,,,,Intel RAID Controller Windows 7,,,demand start,boot start,iaStorV,,,,,,,,,,,,
2026-04-05T16:52:03.636866Z,"{'#attributes': {'Qualifiers': 16384}, '#text': 7040}",WIN-10087MEU94D,Service Control Manager,System,633,4,,,,,,,,,,,,,,,,,,,,,,,,,,,,,,,,,,,,,,,,,,,,,,,,,,,,,,,,,,,,,,,,,,,,,,,,,,,,,,,,,,,,,,,,,,,,,,,,,,,,,,,,,,,,,,,,,,,,,,,,,,,,,,,,,,,,,,,,,,,,,,,,,,,,,,,,,,,,,,,,,,,,,,,,,,,,,,,,,,,,,,,,,,,,,,,,,,,,,,,,,,,,,,,,,,,,,,,,,,,,,,,,,,,,,,,,,,,,,,,,,,,,,,,,,,,,,,,,,,,,,,,,,,,,,,,,,,,,,,,,,,,ItSas35i,,,demand start,boot start,ItSas35i,,,,,,,,,,,,
2026-04-05T16:52:03.976410Z,"{'#attributes': {'Qualifiers': 16384}, '#text': 7040}",WIN-10087MEU94D,Service Control Manager,System,634,4,,,,,,,,,,,,,,,,,,,,,,,,,,,,,,,,,,,,,,,,,,,,,,,,,,,,,,,,,,,,,,,,,,,,,,,,,,,,,,,,,,,,,,,,,,,,,,,,,,,,,,,,,,,,,,,,,,,,,,,,,,,,,,,,,,,,,,,,,,,,,,,,,,,,,,,,,,,,,,,,,,,,,,,,,,,,,,,,,,,,,,,,,,,,,,,,,,,,,,,,,,,,,,,,,,,,,,,,,,,,,,,,,,,,,,,,,,,,,,,,,,,,,,,,,,,,,,,,,,,,,,,,,,,,,,,,,,,,,,,,,,,i8042 Keyboard and PS/2 Mouse Port Driver,,,system start,demand start,i8042prt,,,,,,,,,,,,
2026-04-05T16:52:04.568012Z,"{'#attributes': {'Qualifiers': 16384}, '#text': 7040}",WIN-10087MEU94D,Service Control Manager,System,635,4,,,,,,,,,,,,,,,,,,,,,,,,,,,,,,,,,,,,,,,,,,,,,,,,,,,,,,,,,,,,,,,,,,,,,,,,,,,,,,,,,,,,,,,,,,,,,,,,,,,,,,,,,,,,,,,,,,,,,,,,,,,,,,,,,,,,,,,,,,,,,,,,,,,,,,,,,,,,,,,,,,,,,,,,,,,,,,,,,,,,,,,,,,,,,,,,,,,,,,,,,,,,,,,,,,,,,,,,,,,,,,,,,,,,,,,,,,,,,,,,,,,,,,,,,,,,,,,,,,,,,,,,,,,,,,,,,,,,,,,,,,,LSI_SAS,,,demand start,boot start,LSI_SAS,,,,,,,,,,,,
2026-04-05T16:52:04.630649Z,"{'#attributes': {'Qualifiers': 16384}, '#text': 7040}",WIN-10087MEU94D,Service Control Manager,System,636,4,,,,,,,,,,,,,,,,,,,,,,,,,,,,,,,,,,,,,,,,,,,,,,,,,,,,,,,,,,,,,,,,,,,,,,,,,,,,,,,,,,,,,,,,,,,,,,,,,,,,,,,,,,,,,,,,,,,,,,,,,,,,,,,,,,,,,,,,,,,,,,,,,,,,,,,,,,,,,,,,,,,,,,,,,,,,,,,,,,,,,,,,,,,,,,,,,,,,,,,,,,,,,,,,,,,,,,,,,,,,,,,,,,,,,,,,,,,,,,,,,,,,,,,,,,,,,,,,,,,,,,,,,,,,,,,,,,,,,,,,,,,LSI_SAS2i,,,demand start,boot start,LSI_SAS2i,,,,,,,,,,,,
2026-04-05T16:52:04.820314Z,"{'#attributes': {'Qualifiers': 16384}, '#text': 7040}",WIN-10087MEU94D,Service Control Manager,System,637,4,,,,,,,,,,,,,,,,,,,,,,,,,,,,,,,,,,,,,,,,,,,,,,,,,,,,,,,,,,,,,,,,,,,,,,,,,,,,,,,,,,,,,,,,,,,,,,,,,,,,,,,,,,,,,,,,,,,,,,,,,,,,,,,,,,,,,,,,,,,,,,,,,,,,,,,,,,,,,,,,,,,,,,,,,,,,,,,,,,,,,,,,,,,,,,,,,,,,,,,,,,,,,,,,,,,,,,,,,,,,,,,,,,,,,,,,,,,,,,,,,,,,,,,,,,,,,,,,,,,,,,,,,,,,,,,,,,,,,,,,,,,LSI_SAS3i,,,demand start,boot start,LSI_SAS3i,,,,,,,,,,,,
2026-04-05T16:52:05.282907Z,"{'#attributes': {'Qualifiers': 16384}, '#text': 7040}",WIN-10087MEU94D,Service Control Manager,System,638,4,,,,,,,,,,,,,,,,,,,,,,,,,,,,,,,,,,,,,,,,,,,,,,,,,,,,,,,,,,,,,,,,,,,,,,,,,,,,,,,,,,,,,,,,,,,,,,,,,,,,,,,,,,,,,,,,,,,,,,,,,,,,,,,,,,,,,,,,,,,,,,,,,,,,,,,,,,,,,,,,,,,,,,,,,,,,,,,,,,,,,,,,,,,,,,,,,,,,,,,,,,,,,,,,,,,,,,,,,,,,,,,,,,,,,,,,,,,,,,,,,,,,,,,,,,,,,,,,,,,,,,,,,,,,,,,,,,,,,,,,,,,isapnp,,,demand start,boot start,isapnp,,,,,,,,,,,,
2026-04-05T16:52:08.777068Z,"{'#attributes': {'Qualifiers': 16384}, '#text': 7040}",WIN-10087MEU94D,Service Control Manager,System,639,4,,,,,,,,,,,,,,,,,,,,,,,,,,,,,,,,,,,,,,,,,,,,,,,,,,,,,,,,,,,,,,,,,,,,,,,,,,,,,,,,,,,,,,,,,,,,,,,,,,,,,,,,,,,,,,,,,,,,,,,,,,,,,,,,,,,,,,,,,,,,,,,,,,,,,,,,,,,,,,,,,,,,,,,,,,,,,,,,,,,,,,,,,,,,,,,,,,,,,,,,,,,,,,,,,,,,,,,,,,,,,,,,,,,,,,,,,,,,,,,,,,,,,,,,,,,,,,,,,,,,,,,,,,,,,,,,,,,,,,,,,,,megasas2i,,,demand start,boot start,megasas2i,,,,,,,,,,,,
2026-04-05T16:52:08.851890Z,"{'#attributes': {'Qualifiers': 16384}, '#text': 7040}",WIN-10087MEU94D,Service Control Manager,System,640,4,,,,,,,,,,,,,,,,,,,,,,,,,,,,,,,,,,,,,,,,,,,,,,,,,,,,,,,,,,,,,,,,,,,,,,,,,,,,,,,,,,,,,,,,,,,,,,,,,,,,,,,,,,,,,,,,,,,,,,,,,,,,,,,,,,,,,,,,,,,,,,,,,,,,,,,,,,,,,,,,,,,,,,,,,,,,,,,,,,,,,,,,,,,,,,,,,,,,,,,,,,,,,,,,,,,,,,,,,,,,,,,,,,,,,,,,,,,,,,,,,,,,,,,,,,,,,,,,,,,,,,,,,,,,,,,,,,,,,,,,,,,megasas35i,,,demand start,boot start,megasas35i,,,,,,,,,,,,
2026-04-05T16:52:09.067650Z,"{'#attributes': {'Qualifiers': 16384}, '#text': 7040}",WIN-10087MEU94D,Service Control Manager,System,641,4,,,,,,,,,,,,,,,,,,,,,,,,,,,,,,,,,,,,,,,,,,,,,,,,,,,,,,,,,,,,,,,,,,,,,,,,,,,,,,,,,,,,,,,,,,,,,,,,,,,,,,,,,,,,,,,,,,,,,,,,,,,,,,,,,,,,,,,,,,,,,,,,,,,,,,,,,,,,,,,,,,,,,,,,,,,,,,,,,,,,,,,,,,,,,,,,,,,,,,,,,,,,,,,,,,,,,,,,,,,,,,,,,,,,,,,,,,,,,,,,,,,,,,,,,,,,,,,,,,,,,,,,,,,,,,,,,,,,,,,,,,,megasr,,,demand start,boot start,megasr,,,,,,,,,,,,
2026-04-05T16:52:12.257050Z,"{'#attributes': {'Qualifiers': 16384}, '#text': 7040}",WIN-10087MEU94D,Service Control Manager,System,642,4,,,,,,,,,,,,,,,,,,,,,,,,,,,,,,,,,,,,,,,,,,,,,,,,,,,,,,,,,,,,,,,,,,,,,,,,,,,,,,,,,,,,,,,,,,,,,,,,,,,,,,,,,,,,,,,,,,,,,,,,,,,,,,,,,,,,,,,,,,,,,,,,,,,,,,,,,,,,,,,,,,,,,,,,,,,,,,,,,,,,,,,,,,,,,,,,,,,,,,,,,,,,,,,,,,,,,,,,,,,,,,,,,,,,,,,,,,,,,,,,,,,,,,,,,,,,,,,,,,,,,,,,,,,,,,,,,,,,,,,,,,,mpi3drvi,,,demand start,boot start,mpi3drvi,,,,,,,,,,,,
2026-04-05T16:52:12.387553Z,"{'#attributes': {'Qualifiers': 16384}, '#text': 7040}",WIN-10087MEU94D,Service Control Manager,System,643,4,,,,,,,,,,,,,,,,,,,,,,,,,,,,,,,,,,,,,,,,,,,,,,,,,,,,,,,,,,,,,,,,,,,,,,,,,,,,,,,,,,,,,,,,,,,,,,,,,,,,,,,,,,,,,,,,,,,,,,,,,,,,,,,,,,,,,,,,,,,,,,,,,,,,,,,,,,,,,,,,,,,,,,,,,,,,,,,,,,,,,,,,,,,,,,,,,,,,,,,,,,,,,,,,,,,,,,,,,,,,,,,,,,,,,,,,,,,,,,,,,,,,,,,,,,,,,,,,,,,,,,,,,,,,,,,,,,,,,,,,,,,pciide,,,demand start,boot start,pciide,,,,,,,,,,,,
2026-04-05T16:52:12.591128Z,"{'#attributes': {'Qualifiers': 16384}, '#text': 7040}",WIN-10087MEU94D,Service Control Manager,System,644,4,,,,,,,,,,,,,,,,,,,,,,,,,,,,,,,,,,,,,,,,,,,,,,,,,,,,,,,,,,,,,,,,,,,,,,,,,,,,,,,,,,,,,,,,,,,,,,,,,,,,,,,,,,,,,,,,,,,,,,,,,,,,,,,,,,,,,,,,,,,,,,,,,,,,,,,,,,,,,,,,,,,,,,,,,,,,,,,,,,,,,,,,,,,,,,,,,,,,,,,,,,,,,,,,,,,,,,,,,,,,,,,,,,,,,,,,,,,,,,,,,,,,,,,,,,,,,,,,,,,,,,,,,,,,,,,,,,,,,,,,,,,Microsoft Standard SATA AHCI Driver,,,demand start,boot start,storahci,,,,,,,,,,,,
2026-04-05T16:52:13.487232Z,"{'#attributes': {'Qualifiers': 16384}, '#text': 7040}",WIN-10087MEU94D,Service Control Manager,System,645,4,,,,,,,,,,,,,,,,,,,,,,,,,,,,,,,,,,,,,,,,,,,,,,,,,,,,,,,,,,,,,,,,,,,,,,,,,,,,,,,,,,,,,,,,,,,,,,,,,,,,,,,,,,,,,,,,,,,,,,,,,,,,,,,,,,,,,,,,,,,,,,,,,,,,,,,,,,,,,,,,,,,,,,,,,,,,,,,,,,,,,,,,,,,,,,,,,,,,,,,,,,,,,,,,,,,,,,,,,,,,,,,,,,,,,,,,,,,,,,,,,,,,,,,,,,,,,,,,,,,,,,,,,,,,,,,,,,,,,,,,,,,mvumis,,,demand start,boot start,mvumis,,,,,,,,,,,,
2026-04-05T16:52:13.789992Z,"{'#attributes': {'Qualifiers': 16384}, '#text': 7040}",WIN-10087MEU94D,Service Control Manager,System,646,4,,,,,,,,,,,,,,,,,,,,,,,,,,,,,,,,,,,,,,,,,,,,,,,,,,,,,,,,,,,,,,,,,,,,,,,,,,,,,,,,,,,,,,,,,,,,,,,,,,,,,,,,,,,,,,,,,,,,,,,,,,,,,,,,,,,,,,,,,,,,,,,,,,,,,,,,,,,,,,,,,,,,,,,,,,,,,,,,,,,,,,,,,,,,,,,,,,,,,,,,,,,,,,,,,,,,,,,,,,,,,,,,,,,,,,,,,,,,,,,,,,,,,,,,,,,,,,,,,,,,,,,,,,,,,,,,,,,,,,,,,,,QLogic Network Adapter VBD,,,demand start,boot start,b06bdrv,,,,,,,,,,,,
2026-04-05T16:52:14.153650Z,"{'#attributes': {'Qualifiers': 16384}, '#text': 7040}",WIN-10087MEU94D,Service Control Manager,System,647,4,,,,,,,,,,,,,,,,,,,,,,,,,,,,,,,,,,,,,,,,,,,,,,,,,,,,,,,,,,,,,,,,,,,,,,,,,,,,,,,,,,,,,,,,,,,,,,,,,,,,,,,,,,,,,,,,,,,,,,,,,,,,,,,,,,,,,,,,,,,,,,,,,,,,,,,,,,,,,,,,,,,,,,,,,,,,,,,,,,,,,,,,,,,,,,,,,,,,,,,,,,,,,,,,,,,,,,,,,,,,,,,,,,,,,,,,,,,,,,,,,,,,,,,,,,,,,,,,,,,,,,,,,,,,,,,,,,,,,,,,,,,QLogic Legacy Ethernet Adapter VBD,,,demand start,boot start,ebdrv0,,,,,,,,,,,,
2026-04-05T16:52:14.877492Z,"{'#attributes': {'Qualifiers': 16384}, '#text': 7040}",WIN-10087MEU94D,Service Control Manager,System,648,4,,,,,,,,,,,,,,,,,,,,,,,,,,,,,,,,,,,,,,,,,,,,,,,,,,,,,,,,,,,,,,,,,,,,,,,,,,,,,,,,,,,,,,,,,,,,,,,,,,,,,,,,,,,,,,,,,,,,,,,,,,,,,,,,,,,,,,,,,,,,,,,,,,,,,,,,,,,,,,,,,,,,,,,,,,,,,,,,,,,,,,,,,,,,,,,,,,,,,,,,,,,,,,,,,,,,,,,,,,,,,,,,,,,,,,,,,,,,,,,,,,,,,,,,,,,,,,,,,,,,,,,,,,,,,,,,,,,,,,,,,,,QLogic 10 Gigabit Ethernet Adapter VBD,,,demand start,boot start,ebdrv,,,,,,,,,,,,
2026-04-05T16:52:16.351268Z,"{'#attributes': {'Qualifiers': 16384}, '#text': 7040}",WIN-10087MEU94D,Service Control Manager,System,649,4,,,,,,,,,,,,,,,,,,,,,,,,,,,,,,,,,,,,,,,,,,,,,,,,,,,,,,,,,,,,,,,,,,,,,,,,,,,,,,,,,,,,,,,,,,,,,,,,,,,,,,,,,,,,,,,,,,,,,,,,,,,,,,,,,,,,,,,,,,,,,,,,,,,,,,,,,,,,,,,,,,,,,,,,,,,,,,,,,,,,,,,,,,,,,,,,,,,,,,,,,,,,,,,,,,,,,,,,,,,,,,,,,,,,,,,,,,,,,,,,,,,,,,,,,,,,,,,,,,,,,,,,,,,,,,,,,,,,,,,,,,,QLogic FastLinQ Ethernet VBD,,,demand start,boot start,qebdrv,,,,,,,,,,,,
2026-04-05T16:52:17.941630Z,"{'#attributes': {'Qualifiers': 16384}, '#text': 7040}",WIN-10087MEU94D,Service Control Manager,System,650,4,,,,,,,,,,,,,,,,,,,,,,,,,,,,,,,,,,,,,,,,,,,,,,,,,,,,,,,,,,,,,,,,,,,,,,,,,,,,,,,,,,,,,,,,,,,,,,,,,,,,,,,,,,,,,,,,,,,,,,,,,,,,,,,,,,,,,,,,,,,,,,,,,,,,,,,,,,,,,,,,,,,,,,,,,,,,,,,,,,,,,,,,,,,,,,,,,,,,,,,,,,,,,,,,,,,,,,,,,,,,,,,,,,,,,,,,,,,,,,,,,,,,,,,,,,,,,,,,,,,,,,,,,,,,,,,,,,,,,,,,,,,Microsoft NVDIMM device driver,,,demand start,boot start,nvdimm,,,,,,,,,,,,
2026-04-05T16:52:17.979911Z,"{'#attributes': {'Qualifiers': 16384}, '#text': 7040}",WIN-10087MEU94D,Service Control Manager,System,651,4,,,,,,,,,,,,,,,,,,,,,,,,,,,,,,,,,,,,,,,,,,,,,,,,,,,,,,,,,,,,,,,,,,,,,,,,,,,,,,,,,,,,,,,,,,,,,,,,,,,,,,,,,,,,,,,,,,,,,,,,,,,,,,,,,,,,,,,,,,,,,,,,,,,,,,,,,,,,,,,,,,,,,,,,,,,,,,,,,,,,,,,,,,,,,,,,,,,,,,,,,,,,,,,,,,,,,,,,,,,,,,,,,,,,,,,,,,,,,,,,,,,,,,,,,,,,,,,,,,,,,,,,,,,,,,,,,,,,,,,,,,,Microsoft NVMe disk driver,,,demand start,boot start,nvmedisk,,,,,,,,,,,,
2026-04-05T16:52:18.018190Z,"{'#attributes': {'Qualifiers': 16384}, '#text': 7040}",WIN-10087MEU94D,Service Control Manager,System,652,4,,,,,,,,,,,,,,,,,,,,,,,,,,,,,,,,,,,,,,,,,,,,,,,,,,,,,,,,,,,,,,,,,,,,,,,,,,,,,,,,,,,,,,,,,,,,,,,,,,,,,,,,,,,,,,,,,,,,,,,,,,,,,,,,,,,,,,,,,,,,,,,,,,,,,,,,,,,,,,,,,,,,,,,,,,,,,,,,,,,,,,,,,,,,,,,,,,,,,,,,,,,,,,,,,,,,,,,,,,,,,,,,,,,,,,,,,,,,,,,,,,,,,,,,,,,,,,,,,,,,,,,,,,,,,,,,,,,,,,,,,,,nvstor,,,demand start,boot start,nvstor,,,,,,,,,,,,
2026-04-05T16:52:18.152168Z,"{'#attributes': {'Qualifiers': 16384}, '#text': 7040}",WIN-10087MEU94D,Service Control Manager,System,653,4,,,,,,,,,,,,,,,,,,,,,,,,,,,,,,,,,,,,,,,,,,,,,,,,,,,,,,,,,,,,,,,,,,,,,,,,,,,,,,,,,,,,,,,,,,,,,,,,,,,,,,,,,,,,,,,,,,,,,,,,,,,,,,,,,,,,,,,,,,,,,,,,,,,,,,,,,,,,,,,,,,,,,,,,,,,,,,,,,,,,,,,,,,,,,,,,,,,,,,,,,,,,,,,,,,,,,,,,,,,,,,,,,,,,,,,,,,,,,,,,,,,,,,,,,,,,,,,,,,,,,,,,,,,,,,,,,,,,,,,,,,,nvraid,,,demand start,boot start,nvraid,,,,,,,,,,,,
2026-04-05T16:52:18.414910Z,"{'#attributes': {'Qualifiers': 16384}, '#text': 7040}",WIN-10087MEU94D,Service Control Manager,System,654,4,,,,,,,,,,,,,,,,,,,,,,,,,,,,,,,,,,,,,,,,,,,,,,,,,,,,,,,,,,,,,,,,,,,,,,,,,,,,,,,,,,,,,,,,,,,,,,,,,,,,,,,,,,,,,,,,,,,,,,,,,,,,,,,,,,,,,,,,,,,,,,,,,,,,,,,,,,,,,,,,,,,,,,,,,,,,,,,,,,,,,,,,,,,,,,,,,,,,,,,,,,,,,,,,,,,,,,,,,,,,,,,,,,,,,,,,,,,,,,,,,,,,,,,,,,,,,,,,,,,,,,,,,,,,,,,,,,,,,,,,,,,percsas2i,,,demand start,boot start,percsas2i,,,,,,,,,,,,
2026-04-05T16:52:18.580208Z,"{'#attributes': {'Qualifiers': 16384}, '#text': 7040}",WIN-10087MEU94D,Service Control Manager,System,655,4,,,,,,,,,,,,,,,,,,,,,,,,,,,,,,,,,,,,,,,,,,,,,,,,,,,,,,,,,,,,,,,,,,,,,,,,,,,,,,,,,,,,,,,,,,,,,,,,,,,,,,,,,,,,,,,,,,,,,,,,,,,,,,,,,,,,,,,,,,,,,,,,,,,,,,,,,,,,,,,,,,,,,,,,,,,,,,,,,,,,,,,,,,,,,,,,,,,,,,,,,,,,,,,,,,,,,,,,,,,,,,,,,,,,,,,,,,,,,,,,,,,,,,,,,,,,,,,,,,,,,,,,,,,,,,,,,,,,,,,,,,,percsas3i,,,demand start,boot start,percsas3i,,,,,,,,,,,,
2026-04-05T16:52:18.670690Z,"{'#attributes': {'Qualifiers': 16384}, '#text': 7040}",WIN-10087MEU94D,Service Control Manager,System,656,4,,,,,,,,,,,,,,,,,,,,,,,,,,,,,,,,,,,,,,,,,,,,,,,,,,,,,,,,,,,,,,,,,,,,,,,,,,,,,,,,,,,,,,,,,,,,,,,,,,,,,,,,,,,,,,,,,,,,,,,,,,,,,,,,,,,,,,,,,,,,,,,,,,,,,,,,,,,,,,,,,,,,,,,,,,,,,,,,,,,,,,,,,,,,,,,,,,,,,,,,,,,,,,,,,,,,,,,,,,,,,,,,,,,,,,,,,,,,,,,,,,,,,,,,,,,,,,,,,,,,,,,,,,,,,,,,,,,,,,,,,,,Microsoft persistent memory disk driver,,,demand start,boot start,pmem,,,,,,,,,,,,
2026-04-05T16:52:18.867084Z,"{'#attributes': {'Qualifiers': 16384}, '#text': 7036}",WIN-10087MEU94D,Service Control Manager,System,657,4,,,,,,,,,,,,57006100610053004D0065006400690063005300760063002F0031000000,,,,,,,,,,,,,,,,,,,,,,,,,,,,,,,,,,,,,,,,,,,,,,,,,,,,,,,,,,,,,,,,,,,,,,,,,,,,,,,,,,,,,,,,,,,,,,,,,,,,,,,,,,,,,,,,,,,,,,,,,,,,,,,,,,,,,,,,,,,,,,,,,,,,,,,,,,,,,,,,,,,,,,,,,,,,,,,,,,,,,,,,,,,,,,,,,,,,,,,,,,,,,,,,,,,,,,,,,,,,,,,,,,,,,,,,,,,,,,,,,,,,,,,,,,,,,,,,,,,,,,,,,,,,,,,WaaSMedicSvc,,,stopped,,,,,,,,,,,,,,
2026-04-05T16:52:18.874054Z,"{'#attributes': {'Qualifiers': 16384}, '#text': 7040}",WIN-10087MEU94D,Service Control Manager,System,658,4,,,,,,,,,,,,,,,,,,,,,,,,,,,,,,,,,,,,,,,,,,,,,,,,,,,,,,,,,,,,,,,,,,,,,,,,,,,,,,,,,,,,,,,,,,,,,,,,,,,,,,,,,,,,,,,,,,,,,,,,,,,,,,,,,,,,,,,,,,,,,,,,,,,,,,,,,,,,,,,,,,,,,,,,,,,,,,,,,,,,,,,,,,,,,,,,,,,,,,,,,,,,,,,,,,,,,,,,,,,,,,,,,,,,,,,,,,,,,,,,,,,,,,,,,,,,,,,,,,,,,,,,,,,,,,,,,,,,,,,,,,,pvscsi Storage Controller Driver,,,demand start,boot start,pvscsi,,,,,,,,,,,,
2026-04-05T16:52:18.969967Z,"{'#attributes': {'Qualifiers': 16384}, '#text': 7040}",WIN-10087MEU94D,Service Control Manager,System,659,4,,,,,,,,,,,,,,,,,,,,,,,,,,,,,,,,,,,,,,,,,,,,,,,,,,,,,,,,,,,,,,,,,,,,,,,,,,,,,,,,,,,,,,,,,,,,,,,,,,,,,,,,,,,,,,,,,,,,,,,,,,,,,,,,,,,,,,,,,,,,,,,,,,,,,,,,,,,,,,,,,,,,,,,,,,,,,,,,,,,,,,,,,,,,,,,,,,,,,,,,,,,,,,,,,,,,,,,,,,,,,,,,,,,,,,,,,,,,,,,,,,,,,,,,,,,,,,,,,,,,,,,,,,,,,,,,,,,,,,,,,,,QLogic FCoE driver,,,demand start,boot start,qefcoe,,,,,,,,,,,,
2026-04-05T16:52:19.203151Z,"{'#attributes': {'Qualifiers': 16384}, '#text': 7040}",WIN-10087MEU94D,Service Control Manager,System,660,4,,,,,,,,,,,,,,,,,,,,,,,,,,,,,,,,,,,,,,,,,,,,,,,,,,,,,,,,,,,,,,,,,,,,,,,,,,,,,,,,,,,,,,,,,,,,,,,,,,,,,,,,,,,,,,,,,,,,,,,,,,,,,,,,,,,,,,,,,,,,,,,,,,,,,,,,,,,,,,,,,,,,,,,,,,,,,,,,,,,,,,,,,,,,,,,,,,,,,,,,,,,,,,,,,,,,,,,,,,,,,,,,,,,,,,,,,,,,,,,,,,,,,,,,,,,,,,,,,,,,,,,,,,,,,,,,,,,,,,,,,,,QLogic 40G iSCSI Driver,,,demand start,boot start,qeois,,,,,,,,,,,,
2026-04-05T16:52:19.468155Z,"{'#attributes': {'Qualifiers': 16384}, '#text': 7040}",WIN-10087MEU94D,Service Control Manager,System,661,4,,,,,,,,,,,,,,,,,,,,,,,,,,,,,,,,,,,,,,,,,,,,,,,,,,,,,,,,,,,,,,,,,,,,,,,,,,,,,,,,,,,,,,,,,,,,,,,,,,,,,,,,,,,,,,,,,,,,,,,,,,,,,,,,,,,,,,,,,,,,,,,,,,,,,,,,,,,,,,,,,,,,,,,,,,,,,,,,,,,,,,,,,,,,,,,,,,,,,,,,,,,,,,,,,,,,,,,,,,,,,,,,,,,,,,,,,,,,,,,,,,,,,,,,,,,,,,,,,,,,,,,,,,,,,,,,,,,,,,,,,,,QLogic Fibre Channel STOR Miniport Inbox Driver (wx64),,,demand start,boot start,ql2300i,,,,,,,,,,,,
2026-04-05T16:52:19.587815Z,"{'#attributes': {'Qualifiers': 16384}, '#text': 7040}",WIN-10087MEU94D,Service Control Manager,System,662,4,,,,,,,,,,,,,,,,,,,,,,,,,,,,,,,,,,,,,,,,,,,,,,,,,,,,,,,,,,,,,,,,,,,,,,,,,,,,,,,,,,,,,,,,,,,,,,,,,,,,,,,,,,,,,,,,,,,,,,,,,,,,,,,,,,,,,,,,,,,,,,,,,,,,,,,,,,,,,,,,,,,,,,,,,,,,,,,,,,,,,,,,,,,,,,,,,,,,,,,,,,,,,,,,,,,,,,,,,,,,,,,,,,,,,,,,,,,,,,,,,,,,,,,,,,,,,,,,,,,,,,,,,,,,,,,,,,,,,,,,,,,QLogic iSCSI Miniport Inbox Driver,,,demand start,boot start,ql40xx2i,,,,,,,,,,,,
2026-04-05T16:52:19.632685Z,"{'#attributes': {'Qualifiers': 16384}, '#text': 7040}",WIN-10087MEU94D,Service Control Manager,System,663,4,,,,,,,,,,,,,,,,,,,,,,,,,,,,,,,,,,,,,,,,,,,,,,,,,,,,,,,,,,,,,,,,,,,,,,,,,,,,,,,,,,,,,,,,,,,,,,,,,,,,,,,,,,,,,,,,,,,,,,,,,,,,,,,,,,,,,,,,,,,,,,,,,,,,,,,,,,,,,,,,,,,,,,,,,,,,,,,,,,,,,,,,,,,,,,,,,,,,,,,,,,,,,,,,,,,,,,,,,,,,,,,,,,,,,,,,,,,,,,,,,,,,,,,,,,,,,,,,,,,,,,,,,,,,,,,,,,,,,,,,,,,QLogic [FCoE] STOR Miniport Inbox Driver (wx64),,,demand start,boot start,qlfcoei,,,,,,,,,,,,
2026-04-05T16:52:19.858883Z,"{'#attributes': {'Qualifiers': 16384}, '#text': 7040}",WIN-10087MEU94D,Service Control Manager,System,664,4,,,,,,,,,,,,,,,,,,,,,,,,,,,,,,,,,,,,,,,,,,,,,,,,,,,,,,,,,,,,,,,,,,,,,,,,,,,,,,,,,,,,,,,,,,,,,,,,,,,,,,,,,,,,,,,,,,,,,,,,,,,,,,,,,,,,,,,,,,,,,,,,,,,,,,,,,,,,,,,,,,,,,,,,,,,,,,,,,,,,,,,,,,,,,,,,,,,,,,,,,,,,,,,,,,,,,,,,,,,,,,,,,,,,,,,,,,,,,,,,,,,,,,,,,,,,,,,,,,,,,,,,,,,,,,,,,,,,,,,,,,,SBP-2 Transport/Protocol Bus Driver,,,demand start,boot start,sbp2port,,,,,,,,,,,,
2026-04-05T16:52:19.891945Z,"{'#attributes': {'Qualifiers': 16384}, '#text': 7040}",WIN-10087MEU94D,Service Control Manager,System,665,4,,,,,,,,,,,,,,,,,,,,,,,,,,,,,,,,,,,,,,,,,,,,,,,,,,,,,,,,,,,,,,,,,,,,,,,,,,,,,,,,,,,,,,,,,,,,,,,,,,,,,,,,,,,,,,,,,,,,,,,,,,,,,,,,,,,,,,,,,,,,,,,,,,,,,,,,,,,,,,,,,,,,,,,,,,,,,,,,,,,,,,,,,,,,,,,,,,,,,,,,,,,,,,,,,,,,,,,,,,,,,,,,,,,,,,,,,,,,,,,,,,,,,,,,,,,,,,,,,,,,,,,,,,,,,,,,,,,,,,,,,,,Microsoft Storage Class Memory Bus Driver,,,demand start,boot start,scmbus,,,,,,,,,,,,
2026-04-05T16:52:20.680165Z,"{'#attributes': {'Qualifiers': 16384}, '#text': 7040}",WIN-10087MEU94D,Service Control Manager,System,666,4,,,,,,,,,,,,,,,,,,,,,,,,,,,,,,,,,,,,,,,,,,,,,,,,,,,,,,,,,,,,,,,,,,,,,,,,,,,,,,,,,,,,,,,,,,,,,,,,,,,,,,,,,,,,,,,,,,,,,,,,,,,,,,,,,,,,,,,,,,,,,,,,,,,,,,,,,,,,,,,,,,,,,,,,,,,,,,,,,,,,,,,,,,,,,,,,,,,,,,,,,,,,,,,,,,,,,,,,,,,,,,,,,,,,,,,,,,,,,,,,,,,,,,,,,,,,,,,,,,,,,,,,,,,,,,,,,,,,,,,,,,,SiSRaid2,,,demand start,boot start,SiSRaid2,,,,,,,,,,,,
2026-04-05T16:52:20.721927Z,"{'#attributes': {'Qualifiers': 16384}, '#text': 7040}",WIN-10087MEU94D,Service Control Manager,System,667,4,,,,,,,,,,,,,,,,,,,,,,,,,,,,,,,,,,,,,,,,,,,,,,,,,,,,,,,,,,,,,,,,,,,,,,,,,,,,,,,,,,,,,,,,,,,,,,,,,,,,,,,,,,,,,,,,,,,,,,,,,,,,,,,,,,,,,,,,,,,,,,,,,,,,,,,,,,,,,,,,,,,,,,,,,,,,,,,,,,,,,,,,,,,,,,,,,,,,,,,,,,,,,,,,,,,,,,,,,,,,,,,,,,,,,,,,,,,,,,,,,,,,,,,,,,,,,,,,,,,,,,,,,,,,,,,,,,,,,,,,,,,SiSRaid4,,,demand start,boot start,SiSRaid4,,,,,,,,,,,,
2026-04-05T16:52:20.767544Z,"{'#attributes': {'Qualifiers': 16384}, '#text': 7040}",WIN-10087MEU94D,Service Control Manager,System,668,4,,,,,,,,,,,,,,,,,,,,,,,,,,,,,,,,,,,,,,,,,,,,,,,,,,,,,,,,,,,,,,,,,,,,,,,,,,,,,,,,,,,,,,,,,,,,,,,,,,,,,,,,,,,,,,,,,,,,,,,,,,,,,,,,,,,,,,,,,,,,,,,,,,,,,,,,,,,,,,,,,,,,,,,,,,,,,,,,,,,,,,,,,,,,,,,,,,,,,,,,,,,,,,,,,,,,,,,,,,,,,,,,,,,,,,,,,,,,,,,,,,,,,,,,,,,,,,,,,,,,,,,,,,,,,,,,,,,,,,,,,,,SmartSAMD,,,demand start,boot start,SmartSAMD,,,,,,,,,,,,
2026-04-05T16:52:20.927615Z,"{'#attributes': {'Qualifiers': 16384}, '#text': 7040}",WIN-10087MEU94D,Service Control Manager,System,669,4,,,,,,,,,,,,,,,,,,,,,,,,,,,,,,,,,,,,,,,,,,,,,,,,,,,,,,,,,,,,,,,,,,,,,,,,,,,,,,,,,,,,,,,,,,,,,,,,,,,,,,,,,,,,,,,,,,,,,,,,,,,,,,,,,,,,,,,,,,,,,,,,,,,,,,,,,,,,,,,,,,,,,,,,,,,,,,,,,,,,,,,,,,,,,,,,,,,,,,,,,,,,,,,,,,,,,,,,,,,,,,,,,,,,,,,,,,,,,,,,,,,,,,,,,,,,,,,,,,,,,,,,,,,,,,,,,,,,,,,,,,,stexstor,,,demand start,boot start,stexstor,,,,,,,,,,,,
2026-04-05T16:52:24.422907Z,104,WIN-10087MEU94D,Microsoft-Windows-Eventlog,Microsoft-Windows-Kernel-PnP/Configuration,670,4,,,,,,,,,,,,,,,,,,,,,,,,,,,,,,,,,396,1125899906842904,,,,,,,,,,,,,,,,,,,,,,,,,,,,,,,,,,,,,,,,,,,,,,,,,,,,,,,,,,,,,,,,,,,,,,,,,,,,,,,,,,,,,,,,,,,,,,,,,,,,,,,,,,,,,,,,,,,,,,,,,,,,,,,,,,,,,,,,,,,,,,,,,,,,,,,,,,,,,,,,,,,,,,,,,,,,,,,,,,,,,,,,,,,,,,,,,,,,,,,,,,,,,,,,,,WIN-10087MEU94D,Administrator,,,,,,,,,,,,,,,,,,,,,,,,,,,,,,,,,,,http://manifests.microsoft.com/win/2004/08/windows/eventlog,,,,,,,,,,,,,,,,,,,,
2026-04-05T16:52:23.360133Z,"{'#attributes': {'Qualifiers': 16384}, '#text': 7040}",WIN-10087MEU94D,Service Control Manager,System,671,4,,,,,,,,,,,,,,,,,,,,,,,,,,,,,,,,,,,,,,,,,,,,,,,,,,,,,,,,,,,,,,,,,,,,,,,,,,,,,,,,,,,,,,,,,,,,,,,,,,,,,,,,,,,,,,,,,,,,,,,,,,,,,,,,,,,,,,,,,,,,,,,,,,,,,,,,,,,,,,,,,,,,,,,,,,,,,,,,,,,,,,,,,,,,,,,,,,,,,,,,,,,,,,,,,,,,,,,,,,,,,,,,,,,,,,,,,,,,,,,,,,,,,,,,,,,,,,,,,,,,,,,,,,,,,,,,,,,,,,,,,,,Microsoft Hyper-V VHDPMEM BTT Filter,,,demand start,boot start,bttflt,,,,,,,,,,,,
2026-04-05T16:52:23.499334Z,"{'#attributes': {'Qualifiers': 16384}, '#text': 7040}",WIN-10087MEU94D,Service Control Manager,System,672,4,,,,,,,,,,,,,,,,,,,,,,,,,,,,,,,,,,,,,,,,,,,,,,,,,,,,,,,,,,,,,,,,,,,,,,,,,,,,,,,,,,,,,,,,,,,,,,,,,,,,,,,,,,,,,,,,,,,,,,,,,,,,,,,,,,,,,,,,,,,,,,,,,,,,,,,,,,,,,,,,,,,,,,,,,,,,,,,,,,,,,,,,,,,,,,,,,,,,,,,,,,,,,,,,,,,,,,,,,,,,,,,,,,,,,,,,,,,,,,,,,,,,,,,,,,,,,,,,,,,,,,,,,,,,,,,,,,,,,,,,,,,vsmraid,,,demand start,boot start,vsmraid,,,,,,,,,,,,
2026-04-05T16:52:23.546315Z,"{'#attributes': {'Qualifiers': 16384}, '#text': 7040}",WIN-10087MEU94D,Service Control Manager,System,673,4,,,,,,,,,,,,,,,,,,,,,,,,,,,,,,,,,,,,,,,,,,,,,,,,,,,,,,,,,,,,,,,,,,,,,,,,,,,,,,,,,,,,,,,,,,,,,,,,,,,,,,,,,,,,,,,,,,,,,,,,,,,,,,,,,,,,,,,,,,,,,,,,,,,,,,,,,,,,,,,,,,,,,,,,,,,,,,,,,,,,,,,,,,,,,,,,,,,,,,,,,,,,,,,,,,,,,,,,,,,,,,,,,,,,,,,,,,,,,,,,,,,,,,,,,,,,,,,,,,,,,,,,,,,,,,,,,,,,,,,,,,,VIA StorX Storage RAID Controller Windows Driver,,,demand start,boot start,VSTXRAID,,,,,,,,,,,,
2026-04-05T16:52:23.941293Z,"{'#attributes': {'Qualifiers': 16384}, '#text': 7040}",WIN-10087MEU94D,Service Control Manager,System,674,4,,,,,,,,,,,,,,,,,,,,,,,,,,,,,,,,,,,,,,,,,,,,,,,,,,,,,,,,,,,,,,,,,,,,,,,,,,,,,,,,,,,,,,,,,,,,,,,,,,,,,,,,,,,,,,,,,,,,,,,,,,,,,,,,,,,,,,,,,,,,,,,,,,,,,,,,,,,,,,,,,,,,,,,,,,,,,,,,,,,,,,,,,,,,,,,,,,,,,,,,,,,,,,,,,,,,,,,,,,,,,,,,,,,,,,,,,,,,,,,,,,,,,,,,,,,,,,,,,,,,,,,,,,,,,,,,,,,,,,,,,,,Microsoft Hyper-V Storage Accelerator,,,demand start,boot start,storflt,,,,,,,,,,,,
2026-04-05T16:52:23.991385Z,"{'#attributes': {'Qualifiers': 16384}, '#text': 7040}",WIN-10087MEU94D,Service Control Manager,System,675,4,,,,,,,,,,,,,,,,,,,,,,,,,,,,,,,,,,,,,,,,,,,,,,,,,,,,,,,,,,,,,,,,,,,,,,,,,,,,,,,,,,,,,,,,,,,,,,,,,,,,,,,,,,,,,,,,,,,,,,,,,,,,,,,,,,,,,,,,,,,,,,,,,,,,,,,,,,,,,,,,,,,,,,,,,,,,,,,,,,,,,,,,,,,,,,,,,,,,,,,,,,,,,,,,,,,,,,,,,,,,,,,,,,,,,,,,,,,,,,,,,,,,,,,,,,,,,,,,,,,,,,,,,,,,,,,,,,,,,,,,,,,storvsc,,,demand start,boot start,storvsc,,,,,,,,,,,,
2026-04-05T16:52:24.071794Z,"{'#attributes': {'Qualifiers': 16384}, '#text': 7040}",WIN-10087MEU94D,Service Control Manager,System,676,4,,,,,,,,,,,,,,,,,,,,,,,,,,,,,,,,,,,,,,,,,,,,,,,,,,,,,,,,,,,,,,,,,,,,,,,,,,,,,,,,,,,,,,,,,,,,,,,,,,,,,,,,,,,,,,,,,,,,,,,,,,,,,,,,,,,,,,,,,,,,,,,,,,,,,,,,,,,,,,,,,,,,,,,,,,,,,,,,,,,,,,,,,,,,,,,,,,,,,,,,,,,,,,,,,,,,,,,,,,,,,,,,,,,,,,,,,,,,,,,,,,,,,,,,,,,,,,,,,,,,,,,,,,,,,,,,,,,,,,,,,,,Virtual Machine Bus,,,demand start,boot start,vmbus,,,,,,,,,,,,
2026-04-05T16:52:24.369336Z,"{'#attributes': {'Qualifiers': 16384}, '#text': 7040}",WIN-10087MEU94D,Service Control Manager,System,677,4,,,,,,,,,,,,,,,,,,,,,,,,,,,,,,,,,,,,,,,,,,,,,,,,,,,,,,,,,,,,,,,,,,,,,,,,,,,,,,,,,,,,,,,,,,,,,,,,,,,,,,,,,,,,,,,,,,,,,,,,,,,,,,,,,,,,,,,,,,,,,,,,,,,,,,,,,,,,,,,,,,,,,,,,,,,,,,,,,,,,,,,,,,,,,,,,,,,,,,,,,,,,,,,,,,,,,,,,,,,,,,,,,,,,,,,,,,,,,,,,,,,,,,,,,,,,,,,,,,,,,,,,,,,,,,,,,,,,,,,,,,,Microsoft Hyper-V Virtual PCI Bus,,,demand start,boot start,vpci,,,,,,,,,,,,
2026-04-05T16:52:24.631707Z,"{'#attributes': {'Qualifiers': 16384}, '#text': 7036}",WIN-10087MEU94D,Service Control Manager,System,678,4,,,,,,,,,,,,7300700070007300760063002F0034000000,,,,,,,,,,,,,,,,,,,,,,,,,,,,,,,,,,,,,,,,,,,,,,,,,,,,,,,,,,,,,,,,,,,,,,,,,,,,,,,,,,,,,,,,,,,,,,,,,,,,,,,,,,,,,,,,,,,,,,,,,,,,,,,,,,,,,,,,,,,,,,,,,,,,,,,,,,,,,,,,,,,,,,,,,,,,,,,,,,,,,,,,,,,,,,,,,,,,,,,,,,,,,,,,,,,,,,,,,,,,,,,,,,,,,,,,,,,,,,,,,,,,,,,,,,,,,,,,,,,,,,,,,,,,,,,Software Protection,,,running,,,,,,,,,,,,,,
2026-04-05T16:52:29.710245Z,16,WIN-10087MEU94D,Microsoft-Windows-Kernel-General,System,679,4,,,,,,,,,,,,,,,,,,,,,,,,,,,,,,,,,,,,,,,,,,,,,,,,,,,,,,,,,,,,,,,,,4,,,,,,,,,,,,,,,,,,,,,,,,,,,,,,,,,,,,,\Device\HarddiskVolume1\EFI\Microsoft\Recovery\BCD,50,,,,,,,,,,,,,,,43,,,,,,,,,,,,,,,,,,,,,,,,,,,,,,,,,,,,,,,,,,,,,,,,,,,,,,,,,,,,,,,,,,,,,,,,,,,,,,,,,,,,,,,,,,,,,,,,,,,,,,,,,,,,,,,,,,,,,,,,,,,,,,,,,,,,,,,,,,,,,,,,,,,,,,,,,,,,,,,,,,,,,,,,,,,,,,,,,,,,,,
2026-04-05T16:52:29.935988Z,"{'#attributes': {'Qualifiers': 16384}, '#text': 7036}",WIN-10087MEU94D,Service Control Manager,System,680,4,,,,,,,,,,,,440069006100670054007200610063006B002F0031000000,,,,,,,,,,,,,,,,,,,,,,,,,,,,,,,,,,,,,,,,,,,,,,,,,,,,,,,,,,,,,,,,,,,,,,,,,,,,,,,,,,,,,,,,,,,,,,,,,,,,,,,,,,,,,,,,,,,,,,,,,,,,,,,,,,,,,,,,,,,,,,,,,,,,,,,,,,,,,,,,,,,,,,,,,,,,,,,,,,,,,,,,,,,,,,,,,,,,,,,,,,,,,,,,,,,,,,,,,,,,,,,,,,,,,,,,,,,,,,,,,,,,,,,,,,,,,,,,,,,,,,,,,,,,,,,Connected User Experiences and Telemetry,,,stopped,,,,,,,,,,,,,,
2026-04-05T16:52:31.678843Z,"{'#attributes': {'Qualifiers': 7}, '#text': 10149}",WIN-10087MEU94D,Microsoft-Windows-WinRM,System,681,3,,,,,,,,,,,,,,,,,,,,,,,,,,,,,,,,,,,,,,,,,,,,,,,,,,,,,,,,,,,,,,,,,,,,,,,,,,,,,,,,,,,,,,,,,,,,,,,,,,,,,,,,,,,,,,,,,,,,,,,,,,,,,,,,,,,,,,,,Stopped Listening,,,,,,,,,,,,,,,,,,,,,,,,,,,,,,,,,,,,,,,,,,,,,,,,,,,,,,,,,,,,,,,,,,,,,,,,,,,,,,,,,,,,,,,,,,,,,,,,,,,,,,,,,,,,,,,,,,,,,,,,,,,,,,,,,,,,,,,,,,,,,,,,,,,,,,,,,,,,,,,,,,,,
2026-04-05T16:52:31.718912Z,"{'#attributes': {'Qualifiers': 32768}, '#text': 6006}",WIN-10087MEU94D,EventLog,System,682,4,,,,,,,,,,,,010000002E000000,,,,,,,,,,,,,,,,,,,,,,,,,,,,,,,,,,,,,,,,,,,,,,,,,,,,,,,,,,,,,,,,,,,,,,,,,,,,,,,,,,,,,,,,,,,,,,,,,,,,,,,,,,,,,,,,,,,,,,,,,,,,,,,,,,,,,,,,,,,,,,,,,,,,,,,,,,,,,,,,,,,,,,,,,,,,,,,,,,,,,,,,,,,,,,,,,,,,,,,,,,,,,,,,,,,,,,,,,,,,,,,,,,,,,,,,,,,,,,,,,,,,,,,,,,,,,,,,,,,,,,,,,,,,,,,,,,,,,,,,,,,,,,,,
2026-04-05T16:52:30.852818Z,"{'#attributes': {'Qualifiers': 16384}, '#text': 7036}",WIN-10087MEU94D,Service Control Manager,System,683,4,,,,,,,,,,,,43006C00690070005300560043002F0031000000,,,,,,,,,,,,,,,,,,,,,,,,,,,,,,,,,,,,,,,,,,,,,,,,,,,,,,,,,,,,,,,,,,,,,,,,,,,,,,,,,,,,,,,,,,,,,,,,,,,,,,,,,,,,,,,,,,,,,,,,,,,,,,,,,,,,,,,,,,,,,,,,,,,,,,,,,,,,,,,,,,,,,,,,,,,,,,,,,,,,,,,,,,,,,,,,,,,,,,,,,,,,,,,,,,,,,,,,,,,,,,,,,,,,,,,,,,,,,,,,,,,,,,,,,,,,,,,,,,,,,,,,,,,,,,,Client License Service (ClipSVC),,,stopped,,,,,,,,,,,,,,
2026-04-05T16:52:31.115559Z,"{'#attributes': {'Qualifiers': 16384}, '#text': 7036}",WIN-10087MEU94D,Service Control Manager,System,684,4,,,,,,,,,,,,43006C00690070005300560043002F0034000000,,,,,,,,,,,,,,,,,,,,,,,,,,,,,,,,,,,,,,,,,,,,,,,,,,,,,,,,,,,,,,,,,,,,,,,,,,,,,,,,,,,,,,,,,,,,,,,,,,,,,,,,,,,,,,,,,,,,,,,,,,,,,,,,,,,,,,,,,,,,,,,,,,,,,,,,,,,,,,,,,,,,,,,,,,,,,,,,,,,,,,,,,,,,,,,,,,,,,,,,,,,,,,,,,,,,,,,,,,,,,,,,,,,,,,,,,,,,,,,,,,,,,,,,,,,,,,,,,,,,,,,,,,,,,,,Client License Service (ClipSVC),,,running,,,,,,,,,,,,,,
2026-04-05T16:52:31.159059Z,"{'#attributes': {'Qualifiers': 32768}, '#text': 1074}",WIN-10087MEU94D,User32,System,685,4,,,,,,,,,,,,,,,,,,,,,,,,,,,,,,,,,,,,,,,,,,,,,,,,,,,,,,,,,,,,,,,,,,,,,,,,,,,,,,,,,,,,,,,,,,,,,,,,,,,,,,,,,,,,,,,,,,,,,,,,,,,,,,,,,,,,,,,,,,,,,,,,,,,,,,,,,,,,,,,,,,,,,,,,,,,,,,,,,,,,,,,,,,,,,,,,,,,,,,,,,,,,,,,,,,,,,,,,,,,,,,,,,,,,,,,,,,,,,,,,,,,,,,,,,,,,,,,,,,,,,,,,,,,,,,,,,,,,,,,,,,,C:\windows\system32\Sysprep\sysprep.exe (WIN-10087MEU94D),,,WIN-10087MEU94D,No title for this reason could be found,0x40002,restart,,WIN-10087MEU94D\Administrator,,,,,,,,,
2026-04-05T16:52:31.577591Z,7002,WIN-10087MEU94D,Microsoft-Windows-Winlogon,System,686,4,,,,,,,,,,,,,,,,,,,,,,,,,,,,,,,,,,,,,,,,,,,,,,,,,,,,,,,,,,,,,,,,,,,,,,,,,,,,,,,,,,,,,,,,,,,,,,,,,,,,,,,,,,,,,,,,,,,,,,,,,,,,,,,,,,,,,,,,,,,,,,,,,,,,,,,,,,,,,,,,,,,,,,,,,,,,,,,,,,,,,,,,,,,,,,,,,,,,,,,,,,,,,,,,,,,,,,,,,,,,,,,,,,,,,,,,,,,,,,,,,,,,,,,,,,,,,,,,1,,,,,,,,,,,,,,,,,S-1-5-21-1152179935-589108180-1989892463-500,,,,,,,,,,,,,,,,,,,,,,,,,,,
2026-04-05T16:52:31.600749Z,"{'#attributes': {'Qualifiers': 16384}, '#text': 7036}",WIN-10087MEU94D,Service Control Manager,System,687,4,,,,,,,,,,,,670070007300760063002F0031000000,,,,,,,,,,,,,,,,,,,,,,,,,,,,,,,,,,,,,,,,,,,,,,,,,,,,,,,,,,,,,,,,,,,,,,,,,,,,,,,,,,,,,,,,,,,,,,,,,,,,,,,,,,,,,,,,,,,,,,,,,,,,,,,,,,,,,,,,,,,,,,,,,,,,,,,,,,,,,,,,,,,,,,,,,,,,,,,,,,,,,,,,,,,,,,,,,,,,,,,,,,,,,,,,,,,,,,,,,,,,,,,,,,,,,,,,,,,,,,,,,,,,,,,,,,,,,,,,,,,,,,,,,,,,,,,Group Policy Client,,,stopped,,,,,,,,,,,,,,
2026-04-05T16:52:31.628860Z,"{'#attributes': {'Qualifiers': 16384}, '#text': 7036}",WIN-10087MEU94D,Service Control Manager,System,688,4,,,,,,,,,,,,540072007500730074006500640049006E007300740061006C006C00650072002F0031000000,,,,,,,,,,,,,,,,,,,,,,,,,,,,,,,,,,,,,,,,,,,,,,,,,,,,,,,,,,,,,,,,,,,,,,,,,,,,,,,,,,,,,,,,,,,,,,,,,,,,,,,,,,,,,,,,,,,,,,,,,,,,,,,,,,,,,,,,,,,,,,,,,,,,,,,,,,,,,,,,,,,,,,,,,,,,,,,,,,,,,,,,,,,,,,,,,,,,,,,,,,,,,,,,,,,,,,,,,,,,,,,,,,,,,,,,,,,,,,,,,,,,,,,,,,,,,,,,,,,,,,,,,,,,,,,Windows Modules Installer,,,stopped,,,,,,,,,,,,,,
2026-04-05T16:52:31.668601Z,24,WIN-10087MEU94D,Microsoft-Windows-Kernel-General,System,689,4,,,,,,,,,,,,,,,,,,,,,,,,,,,,,,,,,,,,,,,,,,420,,2,,,,,,,,,,,,,,,,,,,,,,,,,,,,,,,,,,,,,,,,,,,0,,,,0,,,,,,,,,,,,,,,,,,,,,,,,,,,,,,,,,,,,,,,,,,,,,,,,,,,,,,,,,,,,,,,,,,,,,,,,,,,,,,,,,,,,,,,,,,,,,,,,,,,,,,,,,,,,,,,,,,,,,,,,,,,,,,,,,,,,,,,,,,,,,,,,,,,,,,,,,,,,,,,,,,,,,,,,,,,,,0,,,,,,,,,,,,,,,,,,,,,,,,,,,,,,,,,,,,
2026-04-05T16:52:31.668914Z,1,WIN-10087MEU94D,Microsoft-Windows-Kernel-General,System,690,4,,,,,,,,,,,,,,,,,,,,,,,,,,,,,,,,,,,2026-04-05T09:52:31.668399Z,,,,,,,,,,,,,,,,,,,,,,,,,,,,,,,,,,,,,,,,,,,,,,,,,,,,,,,,,,,,,,,,,,,,,,,,,,,,,,,,,,,,,,,,,,,,,,,,,,,,,,,,,,,,,2026-04-05T16:52:31.668399Z,,,,,,,,,,,,,,,,,,,,,,,,,,,,,,,,2026-04-05T16:52:31.667137Z,,,,,,,,,,,,,,,,,,,,,,,,,,,,,,,,,,,,,1792,,\Device\HarddiskVolume3\Windows\System32\svchost.exe,,,,,,,,False,1,,,,,,,,,,,,,,,,,,,,,,,,,,,,,,False,,,,,1,,,,420,,,,,,,,,,,,,,,,,,,,,,,,,,,,,,,,,,,,,
2026-04-05T16:52:31.668859Z,"{'#attributes': {'Qualifiers': 16384}, '#text': 7036}",WIN-10087MEU94D,Service Control Manager,System,691,4,,,,,,,,,,,,570033003200540069006D0065002F0031000000,,,,,,,,,,,,,,,,,,,,,,,,,,,,,,,,,,,,,,,,,,,,,,,,,,,,,,,,,,,,,,,,,,,,,,,,,,,,,,,,,,,,,,,,,,,,,,,,,,,,,,,,,,,,,,,,,,,,,,,,,,,,,,,,,,,,,,,,,,,,,,,,,,,,,,,,,,,,,,,,,,,,,,,,,,,,,,,,,,,,,,,,,,,,,,,,,,,,,,,,,,,,,,,,,,,,,,,,,,,,,,,,,,,,,,,,,,,,,,,,,,,,,,,,,,,,,,,,,,,,,,,,,,,,,,,Windows Time,,,stopped,,,,,,,,,,,,,,
2026-04-05T16:52:31.671670Z,114,WIN-10087MEU94D,Microsoft-Windows-HttpService,System,692,4,,,,,,,,,,,,,,,,,,,,,,,,,,,,,,,,,,,,,,,,,,,,,,,,,,,,,,,,,,,,,,,,,,,,,,,,,,,,,,,,,,,,,,\Device\HarddiskVolume3\Windows\System32\svchost.exe,,,,,,,,,,,,,,,,,,,,,,,,,,,,,,,,,,,,,,,,,,,,,,,,,,,,,,,,,,,,,,,,,,,,,,,,,,,,,,,,,,,,,,,,,,,,,,,,,,,,,,,,,,,,,,,,,,,,,,,,,,,,,,,,1940,,,,,,,,,,,,,,,,,,,,,,,,,,,,,,,,,,,,,,,,,,,,,,,,,,,,,,,,,http://+:47001/wsman/,18302628886170566657,S-1-5-20,,,,,,,,,,,,,,,,,,,,,,,,,,,
2026-04-05T16:52:31.672024Z,114,WIN-10087MEU94D,Microsoft-Windows-HttpService,System,693,4,,,,,,,,,,,,,,,,,,,,,,,,,,,,,,,,,,,,,,,,,,,,,,,,,,,,,,,,,,,,,,,,,,,,,,,,,,,,,,,,,,,,,,\Device\HarddiskVolume3\Windows\System32\svchost.exe,,,,,,,,,,,,,,,,,,,,,,,,,,,,,,,,,,,,,,,,,,,,,,,,,,,,,,,,,,,,,,,,,,,,,,,,,,,,,,,,,,,,,,,,,,,,,,,,,,,,,,,,,,,,,,,,,,,,,,,,,,,,,,,,1940,,,,,,,,,,,,,,,,,,,,,,,,,,,,,,,,,,,,,,,,,,,,,,,,,,,,,,,,,http://+:5985/wsman/,18302628886170566657,S-1-5-20,,,,,,,,,,,,,,,,,,,,,,,,,,,
