2026-04-06T09:45:31.534855Z,6,DC01.darkzero.htb,Microsoft-Windows-FilterManager,System,2928,4,,,,,,,,,,,,,,,,,,,,,,,,,,,,,,,,,,,,,,,,,,,,,,,,,,,,,,,,,,,storqosflt,10,,2021-03-19T03:47:34.000000Z,10,0,,,,,,,,,,,,,,,,,,,,,,,,,,0x0,,,,,,,,,,,,,,,,,,,,,,,,,,,,,,,,,,,,,,,,,,,,,,,,,,,,,,,,,,,,,,,,,,,,,,,,,,,,,,,,,,,,,,,,,,,,,,,,,,,,,,,,,,,,,,,,,,,,,,,,,,,,,,,,,,,,,,,,,,,,,,,,,,,,,,,,,,,,,,,,,,,,,,,,,,,,,,,,,,,,,,,,,,,,,,,,,,,,,,,,,,,,,,,,,,
2026-04-06T09:45:31.544852Z,"{'#attributes': {'Qualifiers': 16384}, '#text': 7036}",DC01.darkzero.htb,Service Control Manager,System,2929,4,,,,,,,,,,,,6E00730069002F0034000000,,,,,,,,,,,,,,,,,,,,,,,,,,,,,,,,,,,,,,,,,,,,,,,,,,,,,,,,,,,,,,,,,,,,,,,,,,,,,,,,,,,,,,,,,,,,,,,,,,,,,,,,,,,,,,,,,,,,,,,,,,,,,,,,,,,,,,,,,,,,,,,,,,,,,,,,,,,,,,,,,,,,,,,,,,,,,,,,,,,,,,,,,,,,,,,,,,,,,,,,,,,,,,,,,,,,,,,,,,,,,,,,,,,,,,,,,,,,,,,,,,,,,,,,,,,,,,,,,,,,,,,,,,,,,,,nsi,,,running,,,,,,,,,,,,,,
2026-04-06T09:45:31.544852Z,"{'#attributes': {'Qualifiers': 16384}, '#text': 7036}",DC01.darkzero.htb,Service Control Manager,System,2930,4,,,,,,,,,,,,6C006D0068006F007300740073002F0034000000,,,,,,,,,,,,,,,,,,,,,,,,,,,,,,,,,,,,,,,,,,,,,,,,,,,,,,,,,,,,,,,,,,,,,,,,,,,,,,,,,,,,,,,,,,,,,,,,,,,,,,,,,,,,,,,,,,,,,,,,,,,,,,,,,,,,,,,,,,,,,,,,,,,,,,,,,,,,,,,,,,,,,,,,,,,,,,,,,,,,,,,,,,,,,,,,,,,,,,,,,,,,,,,,,,,,,,,,,,,,,,,,,,,,,,,,,,,,,,,,,,,,,,,,,,,,,,,,,,,,,,,,,,,,,,,lmhosts,,,running,,,,,,,,,,,,,,
2026-04-06T09:45:31.546897Z,"{'#attributes': {'Qualifiers': 16384}, '#text': 7036}",DC01.darkzero.htb,Service Control Manager,System,2931,4,,,,,,,,,,,,4800760048006F00730074002F0034000000,,,,,,,,,,,,,,,,,,,,,,,,,,,,,,,,,,,,,,,,,,,,,,,,,,,,,,,,,,,,,,,,,,,,,,,,,,,,,,,,,,,,,,,,,,,,,,,,,,,,,,,,,,,,,,,,,,,,,,,,,,,,,,,,,,,,,,,,,,,,,,,,,,,,,,,,,,,,,,,,,,,,,,,,,,,,,,,,,,,,,,,,,,,,,,,,,,,,,,,,,,,,,,,,,,,,,,,,,,,,,,,,,,,,,,,,,,,,,,,,,,,,,,,,,,,,,,,,,,,,,,,,,,,,,,,HvHost,,,running,,,,,,,,,,,,,,
2026-04-06T09:45:31.548904Z,6,DC01.darkzero.htb,Microsoft-Windows-FilterManager,System,2932,4,,,,,,,,,,,,,,,,,,,,,,,,,,,,,,,,,,,,,,,,,,,,,,,,,,,,,,,,,,,bindflt,7,,2010-01-25T12:51:53.000000Z,10,0,,,,,,,,,,,,,,,,,,,,,,,,,,0x0,,,,,,,,,,,,,,,,,,,,,,,,,,,,,,,,,,,,,,,,,,,,,,,,,,,,,,,,,,,,,,,,,,,,,,,,,,,,,,,,,,,,,,,,,,,,,,,,,,,,,,,,,,,,,,,,,,,,,,,,,,,,,,,,,,,,,,,,,,,,,,,,,,,,,,,,,,,,,,,,,,,,,,,,,,,,,,,,,,,,,,,,,,,,,,,,,,,,,,,,,,,,,,,,,,
2026-04-06T09:45:31.550946Z,"{'#attributes': {'Qualifiers': 16384}, '#text': 7036}",DC01.darkzero.htb,Service Control Manager,System,2933,4,,,,,,,,,,,,4E005400440053002F0034000000,,,,,,,,,,,,,,,,,,,,,,,,,,,,,,,,,,,,,,,,,,,,,,,,,,,,,,,,,,,,,,,,,,,,,,,,,,,,,,,,,,,,,,,,,,,,,,,,,,,,,,,,,,,,,,,,,,,,,,,,,,,,,,,,,,,,,,,,,,,,,,,,,,,,,,,,,,,,,,,,,,,,,,,,,,,,,,,,,,,,,,,,,,,,,,,,,,,,,,,,,,,,,,,,,,,,,,,,,,,,,,,,,,,,,,,,,,,,,,,,,,,,,,,,,,,,,,,,,,,,,,,,,,,,,,,NTDS,,,running,,,,,,,,,,,,,,
2026-04-06T09:45:32.021915Z,50036,DC01.darkzero.htb,Microsoft-Windows-Dhcp-Client,System,2934,4,,,,,,,,,,,,,,,,,,,,,,,,,,,,,,,,,,,,,,,,,,,,,,,,,,,,,,,,,,,,,,,,,,,,,,,,,,,,,,,,,,,,,,,,,,,,,,,,,,,,,,,,,,,,,,,,,,,,,,,,,,,,,,,,,,,,,,,,,,,,,,,,,,,,,,,,,,,,,,,,,,,,,,,,,,,,,,,,,,,,,,,,,,,,,,,,,,,,,,,,,,,,,,,,,,,,,,,,,,,,,,,,,,,,,,,,,,,,,,,,,,,,,,,,,,,,,,,,,,,,,,,,,,,,,,,,,,,,,,,,,,,,,,,,,,,,,,,,,,,,
2026-04-06T09:45:32.022057Z,50103,DC01.darkzero.htb,Microsoft-Windows-Dhcp-Client,System,2935,4,,,,,,,,,,,,,,,,,,,,,,,,,,,,,,,,,,,,,,,,,,,,,,,,,,,,,,,,,,,,,,,,,,,,,,,,,,,,,,,,,,,,,,,,,,,,,,,,,,,,,,,,,,,,,,,,,,,,,,,,,,,,,,,,,,,,,,,,,,,,,,,,,,,,,,,,,,,,,,,,,,,,,,,,,,,,,,,,,,,,,,,,,,,,,,,,,,,,,,,,,,,,,,,,,,,,,,,,,,,,,,,,,,,,,,,,,,,,,,,,,,,,,,,,,,,,,,,,,,,,,,,,,,,,,,,,,,,,,,,,,,,,,,,,,,,,,,,,,,,,
2026-04-06T09:45:32.022637Z,50036,DC01.darkzero.htb,Microsoft-Windows-Dhcp-Client,System,2936,4,,,,,,,,,,,,,,,,,,,,,,,,,,,,,,,,,,,,,,,,,,,,,,,,,,,,,,,,,,,,,,,,,,,,,,,,,,,,,,,,,,,,,,,,,,,,,,,,,,,,,,,,,,,,,,,,,,,,,,,,,,,,,,,,,,,,,,,,,,,,,,,,,,,,,,,,,,,,,,,,,,,,,,,,,,,,,,,,,,,,,,,,,,,,,,,,,,,,,,,,,,,,,,,,,,,,,,,,,,,,,,,,,,,,,,,,,,,,,,,,,,,,,,,,,,,,,,,,,,,,,,,,,,,,,,,,,,,,,,,,,,,,,,,,,,,,,,,,,,,,
2026-04-06T09:45:32.037562Z,"{'#attributes': {'Qualifiers': 16384}, '#text': 7036}",DC01.darkzero.htb,Service Control Manager,System,2937,4,,,,,,,,,,,,570069006E006D0067006D0074002F0034000000,,,,,,,,,,,,,,,,,,,,,,,,,,,,,,,,,,,,,,,,,,,,,,,,,,,,,,,,,,,,,,,,,,,,,,,,,,,,,,,,,,,,,,,,,,,,,,,,,,,,,,,,,,,,,,,,,,,,,,,,,,,,,,,,,,,,,,,,,,,,,,,,,,,,,,,,,,,,,,,,,,,,,,,,,,,,,,,,,,,,,,,,,,,,,,,,,,,,,,,,,,,,,,,,,,,,,,,,,,,,,,,,,,,,,,,,,,,,,,,,,,,,,,,,,,,,,,,,,,,,,,,,,,,,,,,Winmgmt,,,running,,,,,,,,,,,,,,
2026-04-06T09:45:32.052509Z,51046,DC01.darkzero.htb,Microsoft-Windows-DHCPv6-Client,System,2938,4,,,,,,,,,,,,,,,,,,,,,,,,,,,,,,,,,,,,,,,,,,,,,,,,,,,,,,,,,,,,,,,,,,,,,,,,,,,,,,,,,,,,,,,,,,,,,,,,,,,,,,,,,,,,,,,,,,,,,,,,,,,,,,,,,,,,,,,,,,,,,,,,,,,,,,,,,,,,,,,,,,,,,,,,,,,,,,,,,,,,,,,,,,,,,,,,,,,,,,,,,,,,,,,,,,,,,,,,,,,,,,,,,,,,,,,,,,,,,,,,,,,,,,,,,,,,,,,,,,,,,,,,,,,,,,,,,,,,,,,,,,,,,,,,,,,,,,,,,,,,
2026-04-06T09:45:32.068888Z,"{'#attributes': {'Qualifiers': 16384}, '#text': 7036}",DC01.darkzero.htb,Service Control Manager,System,2939,4,,,,,,,,,,,,44006E007300630061006300680065002F0034000000,,,,,,,,,,,,,,,,,,,,,,,,,,,,,,,,,,,,,,,,,,,,,,,,,,,,,,,,,,,,,,,,,,,,,,,,,,,,,,,,,,,,,,,,,,,,,,,,,,,,,,,,,,,,,,,,,,,,,,,,,,,,,,,,,,,,,,,,,,,,,,,,,,,,,,,,,,,,,,,,,,,,,,,,,,,,,,,,,,,,,,,,,,,,,,,,,,,,,,,,,,,,,,,,,,,,,,,,,,,,,,,,,,,,,,,,,,,,,,,,,,,,,,,,,,,,,,,,,,,,,,,,,,,,,,,Dnscache,,,running,,,,,,,,,,,,,,
2026-04-06T09:45:32.079178Z,"{'#attributes': {'Qualifiers': 16384}, '#text': 7036}",DC01.darkzero.htb,Service Control Manager,System,2940,4,,,,,,,,,,,,44006800630070002F0034000000,,,,,,,,,,,,,,,,,,,,,,,,,,,,,,,,,,,,,,,,,,,,,,,,,,,,,,,,,,,,,,,,,,,,,,,,,,,,,,,,,,,,,,,,,,,,,,,,,,,,,,,,,,,,,,,,,,,,,,,,,,,,,,,,,,,,,,,,,,,,,,,,,,,,,,,,,,,,,,,,,,,,,,,,,,,,,,,,,,,,,,,,,,,,,,,,,,,,,,,,,,,,,,,,,,,,,,,,,,,,,,,,,,,,,,,,,,,,,,,,,,,,,,,,,,,,,,,,,,,,,,,,,,,,,,,Dhcp,,,running,,,,,,,,,,,,,,
2026-04-06T09:45:32.873718Z,"{'#attributes': {'Qualifiers': 16384}, '#text': 7036}",DC01.darkzero.htb,Service Control Manager,System,2941,4,,,,,,,,,,,,4200460045002F0034000000,,,,,,,,,,,,,,,,,,,,,,,,,,,,,,,,,,,,,,,,,,,,,,,,,,,,,,,,,,,,,,,,,,,,,,,,,,,,,,,,,,,,,,,,,,,,,,,,,,,,,,,,,,,,,,,,,,,,,,,,,,,,,,,,,,,,,,,,,,,,,,,,,,,,,,,,,,,,,,,,,,,,,,,,,,,,,,,,,,,,,,,,,,,,,,,,,,,,,,,,,,,,,,,,,,,,,,,,,,,,,,,,,,,,,,,,,,,,,,,,,,,,,,,,,,,,,,,,,,,,,,,,,,,,,,,BFE,,,running,,,,,,,,,,,,,,
2026-04-06T09:45:33.152624Z,"{'#attributes': {'Qualifiers': 16384}, '#text': 7036}",DC01.darkzero.htb,Service Control Manager,System,2942,4,,,,,,,,,,,,76006D006D0073002F0034000000,,,,,,,,,,,,,,,,,,,,,,,,,,,,,,,,,,,,,,,,,,,,,,,,,,,,,,,,,,,,,,,,,,,,,,,,,,,,,,,,,,,,,,,,,,,,,,,,,,,,,,,,,,,,,,,,,,,,,,,,,,,,,,,,,,,,,,,,,,,,,,,,,,,,,,,,,,,,,,,,,,,,,,,,,,,,,,,,,,,,,,,,,,,,,,,,,,,,,,,,,,,,,,,,,,,,,,,,,,,,,,,,,,,,,,,,,,,,,,,,,,,,,,,,,,,,,,,,,,,,,,,,,,,,,,,vmms,,,running,,,,,,,,,,,,,,
2026-04-06T09:45:33.196101Z,"{'#attributes': {'Qualifiers': 16384}, '#text': 7036}",DC01.darkzero.htb,Service Control Manager,System,2943,4,,,,,,,,,,,,570069006E0048007400740070004100750074006F00500072006F00780079005300760063002F0034000000,,,,,,,,,,,,,,,,,,,,,,,,,,,,,,,,,,,,,,,,,,,,,,,,,,,,,,,,,,,,,,,,,,,,,,,,,,,,,,,,,,,,,,,,,,,,,,,,,,,,,,,,,,,,,,,,,,,,,,,,,,,,,,,,,,,,,,,,,,,,,,,,,,,,,,,,,,,,,,,,,,,,,,,,,,,,,,,,,,,,,,,,,,,,,,,,,,,,,,,,,,,,,,,,,,,,,,,,,,,,,,,,,,,,,,,,,,,,,,,,,,,,,,,,,,,,,,,,,,,,,,,,,,,,,,,WinHttpAutoProxySvc,,,running,,,,,,,,,,,,,,
2026-04-06T09:45:33.248019Z,"{'#attributes': {'Qualifiers': 16384}, '#text': 7036}",DC01.darkzero.htb,Service Control Manager,System,2944,4,,,,,,,,,,,,4500760065006E007400530079007300740065006D002F0034000000,,,,,,,,,,,,,,,,,,,,,,,,,,,,,,,,,,,,,,,,,,,,,,,,,,,,,,,,,,,,,,,,,,,,,,,,,,,,,,,,,,,,,,,,,,,,,,,,,,,,,,,,,,,,,,,,,,,,,,,,,,,,,,,,,,,,,,,,,,,,,,,,,,,,,,,,,,,,,,,,,,,,,,,,,,,,,,,,,,,,,,,,,,,,,,,,,,,,,,,,,,,,,,,,,,,,,,,,,,,,,,,,,,,,,,,,,,,,,,,,,,,,,,,,,,,,,,,,,,,,,,,,,,,,,,,EventSystem,,,running,,,,,,,,,,,,,,
2026-04-06T09:45:33.262016Z,"{'#attributes': {'Qualifiers': 16384}, '#text': 7036}",DC01.darkzero.htb,Service Control Manager,System,2945,4,,,,,,,,,,,,500072006F0066005300760063002F0034000000,,,,,,,,,,,,,,,,,,,,,,,,,,,,,,,,,,,,,,,,,,,,,,,,,,,,,,,,,,,,,,,,,,,,,,,,,,,,,,,,,,,,,,,,,,,,,,,,,,,,,,,,,,,,,,,,,,,,,,,,,,,,,,,,,,,,,,,,,,,,,,,,,,,,,,,,,,,,,,,,,,,,,,,,,,,,,,,,,,,,,,,,,,,,,,,,,,,,,,,,,,,,,,,,,,,,,,,,,,,,,,,,,,,,,,,,,,,,,,,,,,,,,,,,,,,,,,,,,,,,,,,,,,,,,,,ProfSvc,,,running,,,,,,,,,,,,,,
2026-04-06T09:45:33.269866Z,"{'#attributes': {'Qualifiers': 16384}, '#text': 7036}",DC01.darkzero.htb,Service Control Manager,System,2946,4,,,,,,,,,,,,670070007300760063002F0034000000,,,,,,,,,,,,,,,,,,,,,,,,,,,,,,,,,,,,,,,,,,,,,,,,,,,,,,,,,,,,,,,,,,,,,,,,,,,,,,,,,,,,,,,,,,,,,,,,,,,,,,,,,,,,,,,,,,,,,,,,,,,,,,,,,,,,,,,,,,,,,,,,,,,,,,,,,,,,,,,,,,,,,,,,,,,,,,,,,,,,,,,,,,,,,,,,,,,,,,,,,,,,,,,,,,,,,,,,,,,,,,,,,,,,,,,,,,,,,,,,,,,,,,,,,,,,,,,,,,,,,,,,,,,,,,,gpsvc,,,running,,,,,,,,,,,,,,
2026-04-06T09:45:33.516319Z,"{'#attributes': {'Qualifiers': 16384}, '#text': 7036}",DC01.darkzero.htb,Service Control Manager,System,2947,4,,,,,,,,,,,,43006F00720065004D006500730073006100670069006E0067005200650067006900730074007200610072002F0034000000,,,,,,,,,,,,,,,,,,,,,,,,,,,,,,,,,,,,,,,,,,,,,,,,,,,,,,,,,,,,,,,,,,,,,,,,,,,,,,,,,,,,,,,,,,,,,,,,,,,,,,,,,,,,,,,,,,,,,,,,,,,,,,,,,,,,,,,,,,,,,,,,,,,,,,,,,,,,,,,,,,,,,,,,,,,,,,,,,,,,,,,,,,,,,,,,,,,,,,,,,,,,,,,,,,,,,,,,,,,,,,,,,,,,,,,,,,,,,,,,,,,,,,,,,,,,,,,,,,,,,,,,,,,,,,,CoreMessagingRegistrar,,,running,,,,,,,,,,,,,,
2026-04-06T09:45:33.540395Z,"{'#attributes': {'Qualifiers': 16384}, '#text': 7036}",DC01.darkzero.htb,Service Control Manager,System,2948,4,,,,,,,,,,,,530045004E0053002F0034000000,,,,,,,,,,,,,,,,,,,,,,,,,,,,,,,,,,,,,,,,,,,,,,,,,,,,,,,,,,,,,,,,,,,,,,,,,,,,,,,,,,,,,,,,,,,,,,,,,,,,,,,,,,,,,,,,,,,,,,,,,,,,,,,,,,,,,,,,,,,,,,,,,,,,,,,,,,,,,,,,,,,,,,,,,,,,,,,,,,,,,,,,,,,,,,,,,,,,,,,,,,,,,,,,,,,,,,,,,,,,,,,,,,,,,,,,,,,,,,,,,,,,,,,,,,,,,,,,,,,,,,,,,,,,,,,SENS,,,running,,,,,,,,,,,,,,
2026-04-06T09:45:33.574338Z,"{'#attributes': {'Qualifiers': 16384}, '#text': 7036}",DC01.darkzero.htb,Service Control Manager,System,2949,4,,,,,,,,,,,,6900700068006C0070007300760063002F0034000000,,,,,,,,,,,,,,,,,,,,,,,,,,,,,,,,,,,,,,,,,,,,,,,,,,,,,,,,,,,,,,,,,,,,,,,,,,,,,,,,,,,,,,,,,,,,,,,,,,,,,,,,,,,,,,,,,,,,,,,,,,,,,,,,,,,,,,,,,,,,,,,,,,,,,,,,,,,,,,,,,,,,,,,,,,,,,,,,,,,,,,,,,,,,,,,,,,,,,,,,,,,,,,,,,,,,,,,,,,,,,,,,,,,,,,,,,,,,,,,,,,,,,,,,,,,,,,,,,,,,,,,,,,,,,,,iphlpsvc,,,running,,,,,,,,,,,,,,
2026-04-06T09:45:33.608947Z,277,DC01.darkzero.htb,Microsoft-Windows-Hyper-V-VmSwitch,System,2950,4,,,,,,,,,,,,,,,,,,,,,,,amd64,lt_release_svc_prod1,26100,,,,,,,,,,,,,,,,,,,,,,,,,,,,,1,False,,,,,,,,,,,,,,,,,,,,,,,,,,,,,,,,,,,,,,,,,,,,,,,,,,,,,,,,,,,,,,,,,,,,,,,,,,,,,,,,,,,,,,,,,,,,,,,,,,,,,,,,,,,,,,,,,,,,True,,,,,,,,,,,,,,,,,,,,,,,,,,,,,,,,,,,,,,,,,,,,,,,,,,,,,,,,,,,,,,,,,,,,,,,,,,,,,,,,,,,,,,,1,,,,,,,,,,,,,,,,,,,,,,,,,,,,,,,,,,,,,,,,,,
2026-04-06T09:45:33.614553Z,23,DC01.darkzero.htb,Microsoft-Windows-Eventlog,System,2951,2,,,,,,,,,,,,,,,,,,,,,,,,,,,,,,,Windows PowerShell,,,,,,,,,,,,,,,,,,,,,,,,,,,,,,,,,,,,,,,,,,,,,,,,,,5,,,,,,,,,,,,,,,,,,,,,,,,,,,,,,,,,,,,,,,,,,,,,,,,,,,,,,,,,,,,,,,,,,,,,,,,,,,,,,,,,,,,,,,,,,,,,,,,,,,,,,,,,,,,,,,,,,,,,,,,,,,,,,,,,,,,,,,,,,,,,,,,,,,,,,,,,,,,,,,,,,,,,,,,,,,,,,,,,,,,,,,,,,,,,,,,,,,,,,,http://manifests.microsoft.com/win/2004/08/windows/eventlog,,,,,,,,,,,,,,,,,,,,
2026-04-06T09:45:34.108157Z,"{'#attributes': {'Qualifiers': 16384}, '#text': 7036}",DC01.darkzero.htb,Service Control Manager,System,2952,4,,,,,,,,,,,,4500760065006E0074004C006F0067002F0034000000,,,,,,,,,,,,,,,,,,,,,,,,,,,,,,,,,,,,,,,,,,,,,,,,,,,,,,,,,,,,,,,,,,,,,,,,,,,,,,,,,,,,,,,,,,,,,,,,,,,,,,,,,,,,,,,,,,,,,,,,,,,,,,,,,,,,,,,,,,,,,,,,,,,,,,,,,,,,,,,,,,,,,,,,,,,,,,,,,,,,,,,,,,,,,,,,,,,,,,,,,,,,,,,,,,,,,,,,,,,,,,,,,,,,,,,,,,,,,,,,,,,,,,,,,,,,,,,,,,,,,,,,,,,,,,,EventLog,,,running,,,,,,,,,,,,,,
2026-04-06T09:45:34.171838Z,"{'#attributes': {'Qualifiers': 16384}, '#text': 7036}",DC01.darkzero.htb,Service Control Manager,System,2953,4,,,,,,,,,,,,4E00630061005300760063002F0031000000,,,,,,,,,,,,,,,,,,,,,,,,,,,,,,,,,,,,,,,,,,,,,,,,,,,,,,,,,,,,,,,,,,,,,,,,,,,,,,,,,,,,,,,,,,,,,,,,,,,,,,,,,,,,,,,,,,,,,,,,,,,,,,,,,,,,,,,,,,,,,,,,,,,,,,,,,,,,,,,,,,,,,,,,,,,,,,,,,,,,,,,,,,,,,,,,,,,,,,,,,,,,,,,,,,,,,,,,,,,,,,,,,,,,,,,,,,,,,,,,,,,,,,,,,,,,,,,,,,,,,,,,,,,,,,,NcaSvc,,,stopped,,,,,,,,,,,,,,
2026-04-06T09:45:34.760150Z,"{'#attributes': {'Qualifiers': 49152}, '#text': 4321}",DC01.darkzero.htb,NetBT,System,2954,2,,,,,,,,,,,,000000000400320000000000E11000C001010000010000C000000000000000000000000000000000,,,,,,,,,,,,,,,,,,,,,,,,,,,,,,,,,,,,DC01           :0,10.129.244.124,10.129.244.48,,,,,,,,,,,,,,,,,,,,,,,,,,,,,,,,,,,,,,,,,,,,,,,,,,,,,,,,,,,,,,,,,,,,,,,,,,,,,,,,,,,,,,,,,,,,,,,,,,,,,,,,,,,,,,,,,,,,,,,,,,,,,,,,,,,,,,,,,,,,,,,,,,,,,,,,,,,,,,,,,,,,,,,,,,,,,,,,,,,,,,,,,,,,,,,,,,,,,,,,,,,,,,,,,,,,,,,,,,,,,,,,,,,,,,,,,,,,,,,,,,,,,,,,,,
2026-04-06T09:45:34.770278Z,"{'#attributes': {'Qualifiers': 16384}, '#text': 7036}",DC01.darkzero.htb,Service Control Manager,System,2955,4,,,,,,,,,,,,4C0061006E006D0061006E0057006F0072006B00730074006100740069006F006E002F0034000000,,,,,,,,,,,,,,,,,,,,,,,,,,,,,,,,,,,,,,,,,,,,,,,,,,,,,,,,,,,,,,,,,,,,,,,,,,,,,,,,,,,,,,,,,,,,,,,,,,,,,,,,,,,,,,,,,,,,,,,,,,,,,,,,,,,,,,,,,,,,,,,,,,,,,,,,,,,,,,,,,,,,,,,,,,,,,,,,,,,,,,,,,,,,,,,,,,,,,,,,,,,,,,,,,,,,,,,,,,,,,,,,,,,,,,,,,,,,,,,,,,,,,,,,,,,,,,,,,,,,,,,,,,,,,,,LanmanWorkstation,,,running,,,,,,,,,,,,,,
2026-04-06T09:45:34.820452Z,"{'#attributes': {'Qualifiers': 16384}, '#text': 7036}",DC01.darkzero.htb,Service Control Manager,System,2956,4,,,,,,,,,,,,6D00700073007300760063002F0034000000,,,,,,,,,,,,,,,,,,,,,,,,,,,,,,,,,,,,,,,,,,,,,,,,,,,,,,,,,,,,,,,,,,,,,,,,,,,,,,,,,,,,,,,,,,,,,,,,,,,,,,,,,,,,,,,,,,,,,,,,,,,,,,,,,,,,,,,,,,,,,,,,,,,,,,,,,,,,,,,,,,,,,,,,,,,,,,,,,,,,,,,,,,,,,,,,,,,,,,,,,,,,,,,,,,,,,,,,,,,,,,,,,,,,,,,,,,,,,,,,,,,,,,,,,,,,,,,,,,,,,,,,,,,,,,,mpssvc,,,running,,,,,,,,,,,,,,
2026-04-06T09:45:35.047152Z,"{'#attributes': {'Qualifiers': 16384}, '#text': 7036}",DC01.darkzero.htb,Service Control Manager,System,2957,4,,,,,,,,,,,,6E0065007400700072006F0066006D002F0034000000,,,,,,,,,,,,,,,,,,,,,,,,,,,,,,,,,,,,,,,,,,,,,,,,,,,,,,,,,,,,,,,,,,,,,,,,,,,,,,,,,,,,,,,,,,,,,,,,,,,,,,,,,,,,,,,,,,,,,,,,,,,,,,,,,,,,,,,,,,,,,,,,,,,,,,,,,,,,,,,,,,,,,,,,,,,,,,,,,,,,,,,,,,,,,,,,,,,,,,,,,,,,,,,,,,,,,,,,,,,,,,,,,,,,,,,,,,,,,,,,,,,,,,,,,,,,,,,,,,,,,,,,,,,,,,,netprofm,,,running,,,,,,,,,,,,,,
2026-04-06T09:45:35.070777Z,36928,DC01.darkzero.htb,Schannel,System,2958,2,,,,,,,,,,,,3082073830820520A00302010202134000000002A4884434552130F4000000000002300D06092A864886F70D01010B0500304A31133011060A0992268993F22C640119160368746231183016060A0992268993F22C64011916086461726B7A65726F31193017060355040313106461726B7A65726F2D444330312D4341301E170D3236303430363039303035365A170D3237303430363039303035365A301C311A301806035504031311444330312E6461726B7A65726F2E68746230820122300D06092A864886F70D01010105000382010F003082010A0282010100B8382478F5B05445C7BD4948E5A4CF3A310252D4839B46B1D1F83AAC72E3EDFA10B56B044CA60C41BC3AE0FAC4B9EBFCB975DF65F56331913F9710F1B11590001D949E1E1594E77974C86C2055C037C051F6BBF695564B5664102F7D11E6CE58477DA56A99B7C0152BDC6BABD6F790D2A6B48198906D7A924F483D7546D5C607E9724794F0499A82CCD57B4D7EA5B6985855BA6DB5991F2A6798ED80DC360E95E234123C107E2C50DDF74FF0B370B3D32885562B403C8A0260FF4D965F9E4F30858F20B86BF1DA424C2F5EB13EBF2AE2FE09A6B511046DE3C263974736D42D6A4366A889D92CF0442190804BCCEE67E37206D56F3D8D403331929EE802EA20090203010001A38203433082033F302F06092B060104018237140204221E200044006F006D00610069006E0043006F006E00740072006F006C006C00650072301D0603551D250416301406082B0601050507030206082B06010505070301300E0603551D0F0101FF0404030205A0307806092A864886F70D01090F046B3069300E06082A864886F70D030202020080300E06082A864886F70D030402020080300B060960864801650304012A300B060960864801650304012D300B0609608648016503040102300B0609608648016503040105300706052B0E030207300A06082A864886F70D0307301D0603551D0E0416041438F9F48EC21480D76C2E5A27CF94AA616C02FA0B301F0603551D230418301680147CBCABE3A1A7062DD2CB76F4FD67B6A8CE5F101A3081CC0603551D1F0481C43081C13081BEA081BBA081B88681B56C6461703A2F2F2F434E3D6461726B7A65726F2D444330312D43412C434E3D444330312C434E3D4344502C434E3D5075626C69632532304B657925323053657276696365732C434E3D53657276696365732C434E3D436F6E66696775726174696F6E2C44433D6461726B7A65726F2C44433D6874623F63657274696669636174655265766F636174696F6E4C6973743F626173653F6F626A656374436C6173733D63524C446973747269627574696F6E506F696E743081C306082B060105050701010481B63081B33081B006082B060105050730028681A36C6461703A2F2F2F434E3D6461726B7A65726F2D444330312D43412C434E3D4149412C434E3D5075626C69632532304B657925323053657276696365732C434E3D53657276696365732C434E3D436F6E66696775726174696F6E2C44433D6461726B7A65726F2C44433D6874623F634143657274696669636174653F626173653F6F626A656374436C6173733D63657274696669636174696F6E417574686F72697479303D0603551D1104363034A01F06092B0601040182371901A01204101EFCBD2FE036654EB21B09DBB4E67D2F8211444330312E6461726B7A65726F2E687462304F06092B060104018237190204423040A03E060A2B060104018237190201A030042E532D312D352D32312D323839393139353431302D313834383532343738332D313534373736383531352D31303030300D06092A864886F70D01010B0500038202010006FE22C2DFE2D52C7B8A13DACD6DCE6321D1BC15FA58CAC8ECE8E6054BC105955396EE4C4FC687EA6B718A7A904E49C15497C95C55CB7AA96FE11902C7029056673F36AC17534A6C5FF23EDBB06674E63F7233AF4AB01D343A6F3D9D8A148AB49FD43CC44140E9884248BBF4B5A70A219448A15DC1248E4A740471FF7F16ED4E507A75D51831A8C060691864F5B91F715EE9C9AF9FE0FA47D8846553F8B0DB5FFC5D8899734B658977F7DE3C2A7291A6FB8C14F4F88369D0B85087803C31704300E6EC4BA29617BCF2C638036ED47100A9FE2480535B95008773232C18B18C88C0C3AC0A549537027465151AF381A44DC652E94897D9B64891D484C8D03846A8C42EA12F9E4B2B02438145182BB2A5E65954A85A1760D9F4495355645CF733A15D28BF2CEDBB1FEB392C140767D1DDE998366DE096207D348AB370310D520D066665944FB33F8813CE075687DE55B2071FDB37B12E67759C7C50010BF84E940D644F203FA247E3F991BF388B6DD369CB2506BC496309809564CF267B210BDF29E6351867D9DC7F4336AE4DFDDE1A0FB8E576209BB64A17A2D3BD64D5BAD02A28B4C52A27165283F121E5C215826DE84C082A0A71E1E0DFA8B45B2E0ECD2447272D86685502D25A8D8DD2C090E00A6DFE4BE73A399C04B383DE5813EFA04458915D202F0D41B2679135E75318C9787E806F8FC38322211EEBF357B108EAA41685,,,,,,,,,,,,,,,,,,,,,,,,,,,,,,,,,,,,,,,,,,,,,,,,,,,,,,,,,,,,,,,,,,,,,,,,,,,,REASON_OCSP_RESPONSE_RETRIEVAL_ERROR,,,,,,,,,,,,,,,,,,,,,,,,,,,,,,,,,,,,,,,,,,,,,,,,,,,,,,,,,,,,,1601-01-01T00:00:00.000000Z,,,,,,,,,,,,,,,,,,,,,,,,,,,,,,,,,,,,,,,,,,,,,,,,,,,,,,,,,,,,,,,,,,,,,,,,,,,,,,,,,,,,,,,,,,,,,,,,,,,,,,,,,,,,1601-01-01T00:00:00.000000Z,,,,,,,,,,,,,,,,,,,,,,,,,,,,,,,,,,,,,,,,,,,
2026-04-06T09:45:35.305873Z,"{'#attributes': {'Qualifiers': 16384}, '#text': 7036}",DC01.darkzero.htb,Service Control Manager,System,2959,4,,,,,,,,,,,,4B00640063002F0034000000,,,,,,,,,,,,,,,,,,,,,,,,,,,,,,,,,,,,,,,,,,,,,,,,,,,,,,,,,,,,,,,,,,,,,,,,,,,,,,,,,,,,,,,,,,,,,,,,,,,,,,,,,,,,,,,,,,,,,,,,,,,,,,,,,,,,,,,,,,,,,,,,,,,,,,,,,,,,,,,,,,,,,,,,,,,,,,,,,,,,,,,,,,,,,,,,,,,,,,,,,,,,,,,,,,,,,,,,,,,,,,,,,,,,,,,,,,,,,,,,,,,,,,,,,,,,,,,,,,,,,,,,,,,,,,,Kdc,,,running,,,,,,,,,,,,,,
2026-04-06T09:45:35.324373Z,"{'#attributes': {'Qualifiers': 16384}, '#text': 7036}",DC01.darkzero.htb,Service Control Manager,System,2960,4,,,,,,,,,,,,540069006D006500420072006F006B00650072005300760063002F0034000000,,,,,,,,,,,,,,,,,,,,,,,,,,,,,,,,,,,,,,,,,,,,,,,,,,,,,,,,,,,,,,,,,,,,,,,,,,,,,,,,,,,,,,,,,,,,,,,,,,,,,,,,,,,,,,,,,,,,,,,,,,,,,,,,,,,,,,,,,,,,,,,,,,,,,,,,,,,,,,,,,,,,,,,,,,,,,,,,,,,,,,,,,,,,,,,,,,,,,,,,,,,,,,,,,,,,,,,,,,,,,,,,,,,,,,,,,,,,,,,,,,,,,,,,,,,,,,,,,,,,,,,,,,,,,,,TimeBrokerSvc,,,running,,,,,,,,,,,,,,
2026-04-06T09:45:35.549748Z,"{'#attributes': {'Qualifiers': 16384}, '#text': 7036}",DC01.darkzero.htb,Service Control Manager,System,2961,4,,,,,,,,,,,,5300630068006500640075006C0065002F0034000000,,,,,,,,,,,,,,,,,,,,,,,,,,,,,,,,,,,,,,,,,,,,,,,,,,,,,,,,,,,,,,,,,,,,,,,,,,,,,,,,,,,,,,,,,,,,,,,,,,,,,,,,,,,,,,,,,,,,,,,,,,,,,,,,,,,,,,,,,,,,,,,,,,,,,,,,,,,,,,,,,,,,,,,,,,,,,,,,,,,,,,,,,,,,,,,,,,,,,,,,,,,,,,,,,,,,,,,,,,,,,,,,,,,,,,,,,,,,,,,,,,,,,,,,,,,,,,,,,,,,,,,,,,,,,,,Schedule,,,running,,,,,,,,,,,,,,
2026-04-06T09:45:36.074552Z,1014,DC01.darkzero.htb,Microsoft-Windows-DNS-Client,System,2962,3,,,,,,,,1700000000000000000000000000000000000000000000010000000000000000000000000000000000000000000000000000000000000000000000000000000000000000000000000000000000000000000000000000000000000000000000000000000000000000000000000000000000000000000000000000000000000000,128,,,,,,,,,,,,,,,,,,,,,,,2128,,,,,,,,,,,,,,,,,,,,,,,,,,,,,,,,,,,,,,,,,,,,,,,,,,,,,,,,,,,,,,,,,,,,,,,,,,,,,,,,,,,,,,,,,,,,,,,,,,,,,,,,,,,,,,,,,,,,,,,,,,,,,,,,,,,,,,,,,,,,,,,,,,,,,,,,,,,,,,,,,,,,,,,,,,,,,,,,,,,,,,,,,,,,,,_ldap._tcp.dc._msdcs.darkzero.htb.,,,,,,,,,,,,,,,,,,,,,,,,,,,,,,,,,,,,,,,,,,,,,,,,,,,,,,,,,,,,,,,,,,,,,,,,,,,,,,
2026-04-06T09:45:36.349454Z,"{'#attributes': {'Qualifiers': 16384}, '#text': 7036}",DC01.darkzero.htb,Service Control Manager,System,2963,4,,,,,,,,,,,,55007300650072004D0061006E0061006700650072002F0034000000,,,,,,,,,,,,,,,,,,,,,,,,,,,,,,,,,,,,,,,,,,,,,,,,,,,,,,,,,,,,,,,,,,,,,,,,,,,,,,,,,,,,,,,,,,,,,,,,,,,,,,,,,,,,,,,,,,,,,,,,,,,,,,,,,,,,,,,,,,,,,,,,,,,,,,,,,,,,,,,,,,,,,,,,,,,,,,,,,,,,,,,,,,,,,,,,,,,,,,,,,,,,,,,,,,,,,,,,,,,,,,,,,,,,,,,,,,,,,,,,,,,,,,,,,,,,,,,,,,,,,,,,,,,,,,,UserManager,,,running,,,,,,,,,,,,,,
2026-04-06T09:45:36.607466Z,"{'#attributes': {'Qualifiers': 16384}, '#text': 7036}",DC01.darkzero.htb,Service Control Manager,System,2964,4,,,,,,,,,,,,4400690073007000420072006F006B00650072004400650073006B0074006F0070005300760063002F0034000000,,,,,,,,,,,,,,,,,,,,,,,,,,,,,,,,,,,,,,,,,,,,,,,,,,,,,,,,,,,,,,,,,,,,,,,,,,,,,,,,,,,,,,,,,,,,,,,,,,,,,,,,,,,,,,,,,,,,,,,,,,,,,,,,,,,,,,,,,,,,,,,,,,,,,,,,,,,,,,,,,,,,,,,,,,,,,,,,,,,,,,,,,,,,,,,,,,,,,,,,,,,,,,,,,,,,,,,,,,,,,,,,,,,,,,,,,,,,,,,,,,,,,,,,,,,,,,,,,,,,,,,,,,,,,,,DispBrokerDesktopSvc,,,running,,,,,,,,,,,,,,
2026-04-06T09:45:38.646717Z,"{'#attributes': {'Qualifiers': 16384}, '#text': 7036}",DC01.darkzero.htb,Service Control Manager,System,2965,4,,,,,,,,,,,,76006D0063006F006D0070007500740065002F0034000000,,,,,,,,,,,,,,,,,,,,,,,,,,,,,,,,,,,,,,,,,,,,,,,,,,,,,,,,,,,,,,,,,,,,,,,,,,,,,,,,,,,,,,,,,,,,,,,,,,,,,,,,,,,,,,,,,,,,,,,,,,,,,,,,,,,,,,,,,,,,,,,,,,,,,,,,,,,,,,,,,,,,,,,,,,,,,,,,,,,,,,,,,,,,,,,,,,,,,,,,,,,,,,,,,,,,,,,,,,,,,,,,,,,,,,,,,,,,,,,,,,,,,,,,,,,,,,,,,,,,,,,,,,,,,,,vmcompute,,,running,,,,,,,,,,,,,,
2026-04-06T09:45:38.860444Z,"{'#attributes': {'Qualifiers': 16384}, '#text': 7036}",DC01.darkzero.htb,Service Control Manager,System,2966,4,,,,,,,,,,,,4B0065007900490073006F002F0034000000,,,,,,,,,,,,,,,,,,,,,,,,,,,,,,,,,,,,,,,,,,,,,,,,,,,,,,,,,,,,,,,,,,,,,,,,,,,,,,,,,,,,,,,,,,,,,,,,,,,,,,,,,,,,,,,,,,,,,,,,,,,,,,,,,,,,,,,,,,,,,,,,,,,,,,,,,,,,,,,,,,,,,,,,,,,,,,,,,,,,,,,,,,,,,,,,,,,,,,,,,,,,,,,,,,,,,,,,,,,,,,,,,,,,,,,,,,,,,,,,,,,,,,,,,,,,,,,,,,,,,,,,,,,,,,,KeyIso,,,running,,,,,,,,,,,,,,
2026-04-06T09:45:40.060381Z,"{'#attributes': {'Qualifiers': 32768}, '#text': 2504}",DC01.darkzero.htb,Server,System,2967,3,,,,,,,,,,,,5C080000,,,,,,,,,,,,,,,,,,,,,,,,,,,,,,,,,,\Device\NetBT_Tcpip_{83DFA0F5-D557-4CA1-9E4B-7A1CF835932A},,,,,,,,,,,,,,,,,,,,,,,,,,,,,,,,,,,,,,,,,,,,,,,,,,,,,,,,,,,,,,,,,,,,,,,,,,,,,,,,,,,,,,,,,,,,,,,,,,,,,,,,,,,,,,,,,,,,,,,,,,,,,,,,,,,,,,,,,,,,,,,,,,,,,,,,,,,,,,,,,,,,,,,,,,,,,,,,,,,,,,,,,,,,,,,,,,,,,,,,,,,,,,,,,,,,,,,,,,,,,,,,,,,,,,,,,,,,,,,,,,,,,,,,,,,,,,
2026-04-06T09:45:40.340536Z,"{'#attributes': {'Qualifiers': 16384}, '#text': 14533}",DC01.darkzero.htb,Microsoft-Windows-DfsSvc,System,2968,4,,,,,,,,,,,,,,,,,,,,,,,,,,,,,,,,,,,,,,,,,,,,,,,,,,,,,,,,,,,,,,,,,,,,,,,,,,,,,,,,,,,,,,,,,,,,,,,,,,,,,,,,,,,,,,,,,,,,,,,,,,,,,,,,,,,,,,,,DfsFinishBuildingNamespace,,,,,,,,,,,,,,,,,,,,,,,,,,,,,,,,,,,,,,,,,,,,,,,,,,,,,,,,,,,,,,,,,,,,,,,,,,,,,,,,,,,,,,,,,,,,,,,,,,,,,,,,,,,,,,,,,,,,,,,,,,,,,,,,,,,,,,,,,,,,,,,,,,,,,,,,,,,,,,,,,,,,
2026-04-06T09:45:40.355490Z,"{'#attributes': {'Qualifiers': 16384}, '#text': 14531}",DC01.darkzero.htb,Microsoft-Windows-DfsSvc,System,2969,4,,,,,,,,,,,,,,,,,,,,,,,,,,,,,,,,,,,,,,,,,,,,,,,,,,,,,,,,,,,,,,,,,,,,,,,,,,,,,,,,,,,,,,,,,,,,,,,,,,,,,,,,,,,,,,,,,,,,,,,,,,,,,,,,,,,,,,,,DfsFinishInit,,,,,,,,,,,,,,,,,,,,,,,,,,,,,,,,,,,,,,,,,,,,,,,,,,,,,,,,,,,,,,,,,,,,,,,,,,,,,,,,,,,,,,,,,,,,,,,,,,,,,,,,,,,,,,,,,,,,,,,,,,,,,,,,,,,,,,,,,,,,,,,,,,,,,,,,,,,,,,,,,,,,
2026-04-06T09:45:39.925783Z,"{'#attributes': {'Qualifiers': 16384}, '#text': 7036}",DC01.darkzero.htb,Service Control Manager,System,2970,4,,,,,,,,,,,,530061006D00530073002F0034000000,,,,,,,,,,,,,,,,,,,,,,,,,,,,,,,,,,,,,,,,,,,,,,,,,,,,,,,,,,,,,,,,,,,,,,,,,,,,,,,,,,,,,,,,,,,,,,,,,,,,,,,,,,,,,,,,,,,,,,,,,,,,,,,,,,,,,,,,,,,,,,,,,,,,,,,,,,,,,,,,,,,,,,,,,,,,,,,,,,,,,,,,,,,,,,,,,,,,,,,,,,,,,,,,,,,,,,,,,,,,,,,,,,,,,,,,,,,,,,,,,,,,,,,,,,,,,,,,,,,,,,,,,,,,,,,SamSs,,,running,,,,,,,,,,,,,,
2026-04-06T09:45:39.999098Z,"{'#attributes': {'Qualifiers': 16384}, '#text': 7036}",DC01.darkzero.htb,Service Control Manager,System,2971,4,,,,,,,,,,,,4C0061006E006D0061006E005300650072007600650072002F0034000000,,,,,,,,,,,,,,,,,,,,,,,,,,,,,,,,,,,,,,,,,,,,,,,,,,,,,,,,,,,,,,,,,,,,,,,,,,,,,,,,,,,,,,,,,,,,,,,,,,,,,,,,,,,,,,,,,,,,,,,,,,,,,,,,,,,,,,,,,,,,,,,,,,,,,,,,,,,,,,,,,,,,,,,,,,,,,,,,,,,,,,,,,,,,,,,,,,,,,,,,,,,,,,,,,,,,,,,,,,,,,,,,,,,,,,,,,,,,,,,,,,,,,,,,,,,,,,,,,,,,,,,,,,,,,,,LanmanServer,,,running,,,,,,,,,,,,,,
2026-04-06T09:45:40.057373Z,"{'#attributes': {'Qualifiers': 49152}, '#text': 4321}",DC01.darkzero.htb,NetBT,System,2972,2,,,,,,,,,,,,000000000400320000000000E11000C001010000010000C001000000000000000000000000000000,,,,,,,,,,,,,,,,,,,,,,,,,,,,,,,,,,,,DC01           :20,10.129.244.124,10.129.244.48,,,,,,,,,,,,,,,,,,,,,,,,,,,,,,,,,,,,,,,,,,,,,,,,,,,,,,,,,,,,,,,,,,,,,,,,,,,,,,,,,,,,,,,,,,,,,,,,,,,,,,,,,,,,,,,,,,,,,,,,,,,,,,,,,,,,,,,,,,,,,,,,,,,,,,,,,,,,,,,,,,,,,,,,,,,,,,,,,,,,,,,,,,,,,,,,,,,,,,,,,,,,,,,,,,,,,,,,,,,,,,,,,,,,,,,,,,,,,,,,,,,,,,,,,,
2026-04-06T09:45:40.132793Z,112,DC01.darkzero.htb,Microsoft-Windows-HttpService,System,2973,4,,,,,,,,,,,,,,,,,,,,,,,,,,,,,,,,,,,,,,,,,,,,,,,,,,,,,,,,,,,,,,,,,,,,,,,,,,,,,,,,,,,,,,,,,,,,,,,,,,,,,,,,,,,,,,,,,,,,,,,,,,,,,,,,,,,,,,,,,,,,,,,,,,,,,,,,,,,,,,,,,,,,,,,,,,,,,,,,,,,,,,,,,,,,,,,,,,,,,,,,,,,,,,,,,,,,,,4,,,,,,,,,,,,,0,,,,,,,,,,,,,,,,,,,,,,,,,,,,,,,,,,,,,,,,,,,,http://*:5357/,,S-1-5-18,,,,,,,,,,,,,,,,,,,,,,,,,,,
2026-04-06T09:45:40.132812Z,112,DC01.darkzero.htb,Microsoft-Windows-HttpService,System,2974,4,,,,,,,,,,,,,,,,,,,,,,,,,,,,,,,,,,,,,,,,,,,,,,,,,,,,,,,,,,,,,,,,,,,,,,,,,,,,,,,,,,,,,,,,,,,,,,,,,,,,,,,,,,,,,,,,,,,,,,,,,,,,,,,,,,,,,,,,,,,,,,,,,,,,,,,,,,,,,,,,,,,,,,,,,,,,,,,,,,,,,,,,,,,,,,,,,,,,,,,,,,,,,,,,,,,,,,4,,,,,,,,,,,,,0,,,,,,,,,,,,,,,,,,,,,,,,,,,,,,,,,,,,,,,,,,,,http://+:80/Temporary_Listen_Addresses/,,S-1-5-18,,,,,,,,,,,,,,,,,,,,,,,,,,,
2026-04-06T09:45:40.132821Z,112,DC01.darkzero.htb,Microsoft-Windows-HttpService,System,2975,4,,,,,,,,,,,,,,,,,,,,,,,,,,,,,,,,,,,,,,,,,,,,,,,,,,,,,,,,,,,,,,,,,,,,,,,,,,,,,,,,,,,,,,,,,,,,,,,,,,,,,,,,,,,,,,,,,,,,,,,,,,,,,,,,,,,,,,,,,,,,,,,,,,,,,,,,,,,,,,,,,,,,,,,,,,,,,,,,,,,,,,,,,,,,,,,,,,,,,,,,,,,,,,,,,,,,,,4,,,,,,,,,,,,,0,,,,,,,,,,,,,,,,,,,,,,,,,,,,,,,,,,,,,,,,,,,,https://*:5358/,,S-1-5-18,,,,,,,,,,,,,,,,,,,,,,,,,,,
2026-04-06T09:45:40.132836Z,112,DC01.darkzero.htb,Microsoft-Windows-HttpService,System,2976,4,,,,,,,,,,,,,,,,,,,,,,,,,,,,,,,,,,,,,,,,,,,,,,,,,,,,,,,,,,,,,,,,,,,,,,,,,,,,,,,,,,,,,,,,,,,,,,,,,,,,,,,,,,,,,,,,,,,,,,,,,,,,,,,,,,,,,,,,,,,,,,,,,,,,,,,,,,,,,,,,,,,,,,,,,,,,,,,,,,,,,,,,,,,,,,,,,,,,,,,,,,,,,,,,,,,,,,4,,,,,,,,,,,,,0,,,,,,,,,,,,,,,,,,,,,,,,,,,,,,,,,,,,,,,,,,,,https://+:5986/wsman/,,S-1-5-18,,,,,,,,,,,,,,,,,,,,,,,,,,,
2026-04-06T09:45:40.132848Z,112,DC01.darkzero.htb,Microsoft-Windows-HttpService,System,2977,4,,,,,,,,,,,,,,,,,,,,,,,,,,,,,,,,,,,,,,,,,,,,,,,,,,,,,,,,,,,,,,,,,,,,,,,,,,,,,,,,,,,,,,,,,,,,,,,,,,,,,,,,,,,,,,,,,,,,,,,,,,,,,,,,,,,,,,,,,,,,,,,,,,,,,,,,,,,,,,,,,,,,,,,,,,,,,,,,,,,,,,,,,,,,,,,,,,,,,,,,,,,,,,,,,,,,,,4,,,,,,,,,,,,,0,,,,,,,,,,,,,,,,,,,,,,,,,,,,,,,,,,,,,,,,,,,,http://+:47001/wsman/,,S-1-5-18,,,,,,,,,,,,,,,,,,,,,,,,,,,
2026-04-06T09:45:40.132857Z,112,DC01.darkzero.htb,Microsoft-Windows-HttpService,System,2978,4,,,,,,,,,,,,,,,,,,,,,,,,,,,,,,,,,,,,,,,,,,,,,,,,,,,,,,,,,,,,,,,,,,,,,,,,,,,,,,,,,,,,,,,,,,,,,,,,,,,,,,,,,,,,,,,,,,,,,,,,,,,,,,,,,,,,,,,,,,,,,,,,,,,,,,,,,,,,,,,,,,,,,,,,,,,,,,,,,,,,,,,,,,,,,,,,,,,,,,,,,,,,,,,,,,,,,,4,,,,,,,,,,,,,0,,,,,,,,,,,,,,,,,,,,,,,,,,,,,,,,,,,,,,,,,,,,http://+:5985/wsman/,,S-1-5-18,,,,,,,,,,,,,,,,,,,,,,,,,,,
2026-04-06T09:45:40.132868Z,112,DC01.darkzero.htb,Microsoft-Windows-HttpService,System,2979,4,,,,,,,,,,,,,,,,,,,,,,,,,,,,,,,,,,,,,,,,,,,,,,,,,,,,,,,,,,,,,,,,,,,,,,,,,,,,,,,,,,,,,,,,,,,,,,,,,,,,,,,,,,,,,,,,,,,,,,,,,,,,,,,,,,,,,,,,,,,,,,,,,,,,,,,,,,,,,,,,,,,,,,,,,,,,,,,,,,,,,,,,,,,,,,,,,,,,,,,,,,,,,,,,,,,,,,4,,,,,,,,,,,,,0,,,,,,,,,,,,,,,,,,,,,,,,,,,,,,,,,,,,,,,,,,,,https://+:3392/rdp/,,S-1-5-18,,,,,,,,,,,,,,,,,,,,,,,,,,,
2026-04-06T09:45:40.132876Z,112,DC01.darkzero.htb,Microsoft-Windows-HttpService,System,2980,4,,,,,,,,,,,,,,,,,,,,,,,,,,,,,,,,,,,,,,,,,,,,,,,,,,,,,,,,,,,,,,,,,,,,,,,,,,,,,,,,,,,,,,,,,,,,,,,,,,,,,,,,,,,,,,,,,,,,,,,,,,,,,,,,,,,,,,,,,,,,,,,,,,,,,,,,,,,,,,,,,,,,,,,,,,,,,,,,,,,,,,,,,,,,,,,,,,,,,,,,,,,,,,,,,,,,,,4,,,,,,,,,,,,,0,,,,,,,,,,,,,,,,,,,,,,,,,,,,,,,,,,,,,,,,,,,,http://+:3387/rdp/,,S-1-5-18,,,,,,,,,,,,,,,,,,,,,,,,,,,
2026-04-06T09:45:40.132892Z,112,DC01.darkzero.htb,Microsoft-Windows-HttpService,System,2981,4,,,,,,,,,,,,,,,,,,,,,,,,,,,,,,,,,,,,,,,,,,,,,,,,,,,,,,,,,,,,,,,,,,,,,,,,,,,,,,,,,,,,,,,,,,,,,,,,,,,,,,,,,,,,,,,,,,,,,,,,,,,,,,,,,,,,,,,,,,,,,,,,,,,,,,,,,,,,,,,,,,,,,,,,,,,,,,,,,,,,,,,,,,,,,,,,,,,,,,,,,,,,,,,,,,,,,,4,,,,,,,,,,,,,0,,,,,,,,,,,,,,,,,,,,,,,,,,,,,,,,,,,,,,,,,,,,https://+:443/sra_{BA195980-CD49-458b-9E23-C84EE0ADCD75}/,,S-1-5-18,,,,,,,,,,,,,,,,,,,,,,,,,,,
2026-04-06T09:45:40.223871Z,"{'#attributes': {'Qualifiers': 16384}, '#text': 7036}",DC01.darkzero.htb,Service Control Manager,System,2982,4,,,,,,,,,,,,4500460053002F0034000000,,,,,,,,,,,,,,,,,,,,,,,,,,,,,,,,,,,,,,,,,,,,,,,,,,,,,,,,,,,,,,,,,,,,,,,,,,,,,,,,,,,,,,,,,,,,,,,,,,,,,,,,,,,,,,,,,,,,,,,,,,,,,,,,,,,,,,,,,,,,,,,,,,,,,,,,,,,,,,,,,,,,,,,,,,,,,,,,,,,,,,,,,,,,,,,,,,,,,,,,,,,,,,,,,,,,,,,,,,,,,,,,,,,,,,,,,,,,,,,,,,,,,,,,,,,,,,,,,,,,,,,,,,,,,,,EFS,,,running,,,,,,,,,,,,,,
2026-04-06T09:45:40.233985Z,"{'#attributes': {'Qualifiers': 16384}, '#text': 7036}",DC01.darkzero.htb,Service Control Manager,System,2983,4,,,,,,,,,,,,520065006D006F0074006500520065006700690073007400720079002F0034000000,,,,,,,,,,,,,,,,,,,,,,,,,,,,,,,,,,,,,,,,,,,,,,,,,,,,,,,,,,,,,,,,,,,,,,,,,,,,,,,,,,,,,,,,,,,,,,,,,,,,,,,,,,,,,,,,,,,,,,,,,,,,,,,,,,,,,,,,,,,,,,,,,,,,,,,,,,,,,,,,,,,,,,,,,,,,,,,,,,,,,,,,,,,,,,,,,,,,,,,,,,,,,,,,,,,,,,,,,,,,,,,,,,,,,,,,,,,,,,,,,,,,,,,,,,,,,,,,,,,,,,,,,,,,,,,RemoteRegistry,,,running,,,,,,,,,,,,,,
2026-04-06T09:45:40.237769Z,"{'#attributes': {'Qualifiers': 16384}, '#text': 7036}",DC01.darkzero.htb,Service Control Manager,System,2984,4,,,,,,,,,,,,490073006D0053006500720076002F0034000000,,,,,,,,,,,,,,,,,,,,,,,,,,,,,,,,,,,,,,,,,,,,,,,,,,,,,,,,,,,,,,,,,,,,,,,,,,,,,,,,,,,,,,,,,,,,,,,,,,,,,,,,,,,,,,,,,,,,,,,,,,,,,,,,,,,,,,,,,,,,,,,,,,,,,,,,,,,,,,,,,,,,,,,,,,,,,,,,,,,,,,,,,,,,,,,,,,,,,,,,,,,,,,,,,,,,,,,,,,,,,,,,,,,,,,,,,,,,,,,,,,,,,,,,,,,,,,,,,,,,,,,,,,,,,,,IsmServ,,,running,,,,,,,,,,,,,,
2026-04-06T09:45:40.257835Z,"{'#attributes': {'Qualifiers': 16384}, '#text': 7036}",DC01.darkzero.htb,Service Control Manager,System,2985,4,,,,,,,,,,,,5300790073004D00610069006E002F0034000000,,,,,,,,,,,,,,,,,,,,,,,,,,,,,,,,,,,,,,,,,,,,,,,,,,,,,,,,,,,,,,,,,,,,,,,,,,,,,,,,,,,,,,,,,,,,,,,,,,,,,,,,,,,,,,,,,,,,,,,,,,,,,,,,,,,,,,,,,,,,,,,,,,,,,,,,,,,,,,,,,,,,,,,,,,,,,,,,,,,,,,,,,,,,,,,,,,,,,,,,,,,,,,,,,,,,,,,,,,,,,,,,,,,,,,,,,,,,,,,,,,,,,,,,,,,,,,,,,,,,,,,,,,,,,,,SysMain,,,running,,,,,,,,,,,,,,
2026-04-06T09:45:40.261883Z,"{'#attributes': {'Qualifiers': 16384}, '#text': 7036}",DC01.darkzero.htb,Service Control Manager,System,2986,4,,,,,,,,,,,,44004600530052002F0034000000,,,,,,,,,,,,,,,,,,,,,,,,,,,,,,,,,,,,,,,,,,,,,,,,,,,,,,,,,,,,,,,,,,,,,,,,,,,,,,,,,,,,,,,,,,,,,,,,,,,,,,,,,,,,,,,,,,,,,,,,,,,,,,,,,,,,,,,,,,,,,,,,,,,,,,,,,,,,,,,,,,,,,,,,,,,,,,,,,,,,,,,,,,,,,,,,,,,,,,,,,,,,,,,,,,,,,,,,,,,,,,,,,,,,,,,,,,,,,,,,,,,,,,,,,,,,,,,,,,,,,,,,,,,,,,,DFSR,,,running,,,,,,,,,,,,,,
2026-04-06T09:45:40.261883Z,"{'#attributes': {'Qualifiers': 16384}, '#text': 7036}",DC01.darkzero.htb,Service Control Manager,System,2987,4,,,,,,,,,,,,430072007900700074005300760063002F0034000000,,,,,,,,,,,,,,,,,,,,,,,,,,,,,,,,,,,,,,,,,,,,,,,,,,,,,,,,,,,,,,,,,,,,,,,,,,,,,,,,,,,,,,,,,,,,,,,,,,,,,,,,,,,,,,,,,,,,,,,,,,,,,,,,,,,,,,,,,,,,,,,,,,,,,,,,,,,,,,,,,,,,,,,,,,,,,,,,,,,,,,,,,,,,,,,,,,,,,,,,,,,,,,,,,,,,,,,,,,,,,,,,,,,,,,,,,,,,,,,,,,,,,,,,,,,,,,,,,,,,,,,,,,,,,,,CryptSvc,,,running,,,,,,,,,,,,,,
2026-04-06T09:45:40.291490Z,"{'#attributes': {'Qualifiers': 16384}, '#text': 7036}",DC01.darkzero.htb,Service Control Manager,System,2988,4,,,,,,,,,,,,43006500720074005300760063002F0034000000,,,,,,,,,,,,,,,,,,,,,,,,,,,,,,,,,,,,,,,,,,,,,,,,,,,,,,,,,,,,,,,,,,,,,,,,,,,,,,,,,,,,,,,,,,,,,,,,,,,,,,,,,,,,,,,,,,,,,,,,,,,,,,,,,,,,,,,,,,,,,,,,,,,,,,,,,,,,,,,,,,,,,,,,,,,,,,,,,,,,,,,,,,,,,,,,,,,,,,,,,,,,,,,,,,,,,,,,,,,,,,,,,,,,,,,,,,,,,,,,,,,,,,,,,,,,,,,,,,,,,,,,,,,,,,,CertSvc,,,running,,,,,,,,,,,,,,
2026-04-06T09:45:40.319439Z,"{'#attributes': {'Qualifiers': 16384}, '#text': 7036}",DC01.darkzero.htb,Service Control Manager,System,2989,4,,,,,,,,,,,,4D00440043006F00720065005300760063002F0034000000,,,,,,,,,,,,,,,,,,,,,,,,,,,,,,,,,,,,,,,,,,,,,,,,,,,,,,,,,,,,,,,,,,,,,,,,,,,,,,,,,,,,,,,,,,,,,,,,,,,,,,,,,,,,,,,,,,,,,,,,,,,,,,,,,,,,,,,,,,,,,,,,,,,,,,,,,,,,,,,,,,,,,,,,,,,,,,,,,,,,,,,,,,,,,,,,,,,,,,,,,,,,,,,,,,,,,,,,,,,,,,,,,,,,,,,,,,,,,,,,,,,,,,,,,,,,,,,,,,,,,,,,,,,,,,,MDCoreSvc,,,running,,,,,,,,,,,,,,
2026-04-06T09:45:40.325509Z,"{'#attributes': {'Qualifiers': 16384}, '#text': 7036}",DC01.darkzero.htb,Service Control Manager,System,2990,4,,,,,,,,,,,,4400660073002F0034000000,,,,,,,,,,,,,,,,,,,,,,,,,,,,,,,,,,,,,,,,,,,,,,,,,,,,,,,,,,,,,,,,,,,,,,,,,,,,,,,,,,,,,,,,,,,,,,,,,,,,,,,,,,,,,,,,,,,,,,,,,,,,,,,,,,,,,,,,,,,,,,,,,,,,,,,,,,,,,,,,,,,,,,,,,,,,,,,,,,,,,,,,,,,,,,,,,,,,,,,,,,,,,,,,,,,,,,,,,,,,,,,,,,,,,,,,,,,,,,,,,,,,,,,,,,,,,,,,,,,,,,,,,,,,,,,Dfs,,,running,,,,,,,,,,,,,,
2026-04-06T09:45:40.341495Z,"{'#attributes': {'Qualifiers': 16384}, '#text': 7036}",DC01.darkzero.htb,Service Control Manager,System,2991,4,,,,,,,,,,,,56004700410075007400680053006500720076006900630065002F0034000000,,,,,,,,,,,,,,,,,,,,,,,,,,,,,,,,,,,,,,,,,,,,,,,,,,,,,,,,,,,,,,,,,,,,,,,,,,,,,,,,,,,,,,,,,,,,,,,,,,,,,,,,,,,,,,,,,,,,,,,,,,,,,,,,,,,,,,,,,,,,,,,,,,,,,,,,,,,,,,,,,,,,,,,,,,,,,,,,,,,,,,,,,,,,,,,,,,,,,,,,,,,,,,,,,,,,,,,,,,,,,,,,,,,,,,,,,,,,,,,,,,,,,,,,,,,,,,,,,,,,,,,,,,,,,,,VGAuthService,,,running,,,,,,,,,,,,,,
2026-04-06T09:45:40.369377Z,"{'#attributes': {'Qualifiers': 16384}, '#text': 7036}",DC01.darkzero.htb,Service Control Manager,System,2992,4,,,,,,,,,,,,76006D003300640073006500720076006900630065002F0034000000,,,,,,,,,,,,,,,,,,,,,,,,,,,,,,,,,,,,,,,,,,,,,,,,,,,,,,,,,,,,,,,,,,,,,,,,,,,,,,,,,,,,,,,,,,,,,,,,,,,,,,,,,,,,,,,,,,,,,,,,,,,,,,,,,,,,,,,,,,,,,,,,,,,,,,,,,,,,,,,,,,,,,,,,,,,,,,,,,,,,,,,,,,,,,,,,,,,,,,,,,,,,,,,,,,,,,,,,,,,,,,,,,,,,,,,,,,,,,,,,,,,,,,,,,,,,,,,,,,,,,,,,,,,,,,,vm3dservice,,,running,,,,,,,,,,,,,,
2026-04-06T09:45:41.535094Z,"{'#attributes': {'Qualifiers': 0}, '#text': 5836}",DC01.darkzero.htb,NETLOGON,System,2993,4,,,,,,,,,,,,,,,,,,,,,,,,,,,,,,,,,,,,,,,,,,,,,,20,,,,,,,,,,,,,,,,,,,,,,,,,,,,,,,,,,,,,,,,,,,,,,,,,,,,,,,,,,,,,,,,,,,,,,,,,,,,,,,,,,,,,,,,,,,,,,,,,,,,,,,,,,,,,,,,,,,,,,,,,,,,,,,,,,,,,,,,,,,,,,,,,,,,,,,,,,,,,,,,,,,,,,,,,,,,,,,,,,,,,,,,,,,,,,,,,,,,,,,,,,,,,,,,,,,,,,,,,,,,,,,,,,,,,,,,,,,,,,,,,,,,,,,,,,,,,,
2026-04-06T09:45:41.816101Z,"{'#attributes': {'Qualifiers': 7}, '#text': 10148}",DC01.darkzero.htb,Microsoft-Windows-WinRM,System,2994,4,,,,,,,,,,,,,,,,,,,,,,,,,,,,,,,,,,,,,,,,,,,,,,,,,,,,,,,,,,,,,,,,,,,,,,,,,,,,,,,,,,,,,,,,,,,,,,,,,,,,,,,,,,,,,,,,,,,,,,,,,,,,,,,,,,,,,,,,Started Listening,,,,,,,,,,,,,,,,,,,,,,,,,,,,,,,,,,,,,,,,,,,,,,,,,,,,,,,,,,,,,,,,,,,,,,,,,,,,,,,,,,,,,,,,,,,,,,,,,,,,,,,,,,,,,,,,,,,,,,,,,,,,,,,,,,,,,,,,,,,,,,,,,,,,,,,,,,,,,,,,,,,,
2026-04-06T09:45:41.540034Z,"{'#attributes': {'Qualifiers': 16384}, '#text': 7036}",DC01.darkzero.htb,Service Control Manager,System,2995,4,,,,,,,,,,,,4E00650074006C006F0067006F006E002F0034000000,,,,,,,,,,,,,,,,,,,,,,,,,,,,,,,,,,,,,,,,,,,,,,,,,,,,,,,,,,,,,,,,,,,,,,,,,,,,,,,,,,,,,,,,,,,,,,,,,,,,,,,,,,,,,,,,,,,,,,,,,,,,,,,,,,,,,,,,,,,,,,,,,,,,,,,,,,,,,,,,,,,,,,,,,,,,,,,,,,,,,,,,,,,,,,,,,,,,,,,,,,,,,,,,,,,,,,,,,,,,,,,,,,,,,,,,,,,,,,,,,,,,,,,,,,,,,,,,,,,,,,,,,,,,,,,Netlogon,,,running,,,,,,,,,,,,,,
2026-04-06T09:45:41.673439Z,"{'#attributes': {'Qualifiers': 16384}, '#text': 7036}",DC01.darkzero.htb,Service Control Manager,System,2996,4,,,,,,,,,,,,56004D0054006F006F006C0073002F0034000000,,,,,,,,,,,,,,,,,,,,,,,,,,,,,,,,,,,,,,,,,,,,,,,,,,,,,,,,,,,,,,,,,,,,,,,,,,,,,,,,,,,,,,,,,,,,,,,,,,,,,,,,,,,,,,,,,,,,,,,,,,,,,,,,,,,,,,,,,,,,,,,,,,,,,,,,,,,,,,,,,,,,,,,,,,,,,,,,,,,,,,,,,,,,,,,,,,,,,,,,,,,,,,,,,,,,,,,,,,,,,,,,,,,,,,,,,,,,,,,,,,,,,,,,,,,,,,,,,,,,,,,,,,,,,,,VMTools,,,running,,,,,,,,,,,,,,
2026-04-06T09:45:41.813927Z,113,DC01.darkzero.htb,Microsoft-Windows-HttpService,System,2997,4,,,,,,,,,,,,,,,,,,,,,,,,,,,,,,,,,,,,,,,,,,,,,,,,,,,,,,,,,,,,,,,,,,,,,,,,,,,,,,,,,,,,,,\Device\HarddiskVolume3\Windows\System32\svchost.exe,,,,,,,,,,,,,,,,,,,,,,,,,,,,,,,,,,,,,,,,,,,,,,,,,,,,,,,,,,,,,,,,,,,,,,,,,,,,,,,,,,,,,,,,,,,,,,,,,,,,,,,,,,,,,,,,,,,,,,,,,,,,,,,,3144,,,,,,,,,,,,,,,,,,,,,,,,,,,,0,,,,,,,,,,,,,,,,,,,,,,,,,,,,,http://+:47001/wsman/,18302628886170566657,S-1-5-20,,,,,,,,,,,,,,,,,,,,,,,,,,,
2026-04-06T09:45:41.819801Z,113,DC01.darkzero.htb,Microsoft-Windows-HttpService,System,2998,4,,,,,,,,,,,,,,,,,,,,,,,,,,,,,,,,,,,,,,,,,,,,,,,,,,,,,,,,,,,,,,,,,,,,,,,,,,,,,,,,,,,,,,\Device\HarddiskVolume3\Windows\System32\svchost.exe,,,,,,,,,,,,,,,,,,,,,,,,,,,,,,,,,,,,,,,,,,,,,,,,,,,,,,,,,,,,,,,,,,,,,,,,,,,,,,,,,,,,,,,,,,,,,,,,,,,,,,,,,,,,,,,,,,,,,,,,,,,,,,,,3144,,,,,,,,,,,,,,,,,,,,,,,,,,,,0,,,,,,,,,,,,,,,,,,,,,,,,,,,,,http://+:5985/wsman/,18302628886170566657,S-1-5-20,,,,,,,,,,,,,,,,,,,,,,,,,,,
2026-04-06T09:45:41.838284Z,"{'#attributes': {'Qualifiers': 16384}, '#text': 7036}",DC01.darkzero.htb,Service Control Manager,System,2999,4,,,,,,,,,,,,570069006E0052004D002F0034000000,,,,,,,,,,,,,,,,,,,,,,,,,,,,,,,,,,,,,,,,,,,,,,,,,,,,,,,,,,,,,,,,,,,,,,,,,,,,,,,,,,,,,,,,,,,,,,,,,,,,,,,,,,,,,,,,,,,,,,,,,,,,,,,,,,,,,,,,,,,,,,,,,,,,,,,,,,,,,,,,,,,,,,,,,,,,,,,,,,,,,,,,,,,,,,,,,,,,,,,,,,,,,,,,,,,,,,,,,,,,,,,,,,,,,,,,,,,,,,,,,,,,,,,,,,,,,,,,,,,,,,,,,,,,,,,WinRM,,,running,,,,,,,,,,,,,,
2026-04-06T09:45:42.081499Z,139,DC01.darkzero.htb,Microsoft-Windows-Time-Service,System,3000,4,,,,,,,,,,,,,,,,,,,,,,,,,,,,,,,,,,,,,,,,,,,,,,,,,,,,,,,,,,,,,,,,,,,,,,,,,,,,,,,,,,,,,,,,,,,,,,,,,,,,,,,,,,,,,,,,,,,,,,,,,,,,,,,,,,,,,,,,TMP_EVENT_START_ADVERTISING,,,,,,,,,,,,,,,,,,,,,,,,,,,,,,,,,,,,,,,,,,,,,,,,,,,,,,,,,,,,,,,,,,,,,,,,,,,,,,,,,,,,,,,,,,,,,,,,,,,,,,,,,,,,,,,,,,,,,,,,,,,,,,,,,,,,,,,,,,,,,,,,,,,,,,,,,,,,,,,,,,,,
2026-04-06T09:45:42.081508Z,143,DC01.darkzero.htb,Microsoft-Windows-Time-Service,System,3001,4,,,,,,,,,,,,,,,,,,,,,,,,,,,,,,,,,,,,,,,,,,,,,,,,,,,,,,,,,,,,,,,,,,,,,,,,,,,,,,,,,,,,,,,,,,,,,,,,,,,,,,,,,,,,,,,,,,,,,,,,,,,,,,,,,,,,,,,,TMP_EVENT_START_ADVERTISING_GT,,,,,,,,,,,,,,,,,,,,,,,,,,,,,,,,,,,,,,,,,,,,,,,,,,,,,,,,,,,,,,,,,,,,,,,,,,,,,,,,,,,,,,,,,,,,,,,,,,,,,,,,,,,,,,,,,,,,,,,,,,,,,,,,,,,,,,,,,,,,,,,,,,,,,,,,,,,,,,,,,,,,
2026-04-06T09:45:42.981578Z,"{'#attributes': {'Qualifiers': 16896}, '#text': 3}",DC01.darkzero.htb,Virtual Disk Service,System,3002,4,,,,,,,,,,,,,,,,,,,,,,,,,,,,,,,,,,,,,,,,,,,,,,@2010005,,,,,,,,,,,,,,,,,,,,,,,,,,,,,,,,,,,,,,,,,,,,,,,,,,,,,,,,,,,,,,,,,,,,,,,,,,,,,,,,,,,,,,,,,,,,,,,,,,,,,,,,,,,,,,,,,,,,,,,,,,,,,,,,,,,,,,,,,,,,,,,,,,,,,,,,,,,,,,,,,,,,,,,,,,,,,,,,,,,,,,,,,,,,,,,,,,,,,,,,,,,,,,,,,,,,,,,,,,,,,,,,,,,,,,,,,,,,,,,,,,,,,,,,,,,,,,
2026-04-06T09:45:42.568670Z,"{'#attributes': {'Qualifiers': 16384}, '#text': 7036}",DC01.darkzero.htb,Service Control Manager,System,3003,4,,,,,,,,,,,,530074006100740065005200650070006F007300690074006F00720079002F0034000000,,,,,,,,,,,,,,,,,,,,,,,,,,,,,,,,,,,,,,,,,,,,,,,,,,,,,,,,,,,,,,,,,,,,,,,,,,,,,,,,,,,,,,,,,,,,,,,,,,,,,,,,,,,,,,,,,,,,,,,,,,,,,,,,,,,,,,,,,,,,,,,,,,,,,,,,,,,,,,,,,,,,,,,,,,,,,,,,,,,,,,,,,,,,,,,,,,,,,,,,,,,,,,,,,,,,,,,,,,,,,,,,,,,,,,,,,,,,,,,,,,,,,,,,,,,,,,,,,,,,,,,,,,,,,,,StateRepository,,,running,,,,,,,,,,,,,,
2026-04-06T09:45:42.956603Z,"{'#attributes': {'Qualifiers': 16384}, '#text': 7036}",DC01.darkzero.htb,Service Control Manager,System,3004,4,,,,,,,,,,,,570069006E0044006500660065006E0064002F0034000000,,,,,,,,,,,,,,,,,,,,,,,,,,,,,,,,,,,,,,,,,,,,,,,,,,,,,,,,,,,,,,,,,,,,,,,,,,,,,,,,,,,,,,,,,,,,,,,,,,,,,,,,,,,,,,,,,,,,,,,,,,,,,,,,,,,,,,,,,,,,,,,,,,,,,,,,,,,,,,,,,,,,,,,,,,,,,,,,,,,,,,,,,,,,,,,,,,,,,,,,,,,,,,,,,,,,,,,,,,,,,,,,,,,,,,,,,,,,,,,,,,,,,,,,,,,,,,,,,,,,,,,,,,,,,,,WinDefend,,,running,,,,,,,,,,,,,,
2026-04-06T09:45:42.983473Z,"{'#attributes': {'Qualifiers': 16384}, '#text': 7036}",DC01.darkzero.htb,Service Control Manager,System,3005,4,,,,,,,,,,,,7600640073002F0034000000,,,,,,,,,,,,,,,,,,,,,,,,,,,,,,,,,,,,,,,,,,,,,,,,,,,,,,,,,,,,,,,,,,,,,,,,,,,,,,,,,,,,,,,,,,,,,,,,,,,,,,,,,,,,,,,,,,,,,,,,,,,,,,,,,,,,,,,,,,,,,,,,,,,,,,,,,,,,,,,,,,,,,,,,,,,,,,,,,,,,,,,,,,,,,,,,,,,,,,,,,,,,,,,,,,,,,,,,,,,,,,,,,,,,,,,,,,,,,,,,,,,,,,,,,,,,,,,,,,,,,,,,,,,,,,,vds,,,running,,,,,,,,,,,,,,
2026-04-06T09:45:44.024617Z,"{'#attributes': {'Qualifiers': 16384}, '#text': 7036}",DC01.darkzero.htb,Service Control Manager,System,3006,4,,,,,,,,,,,,41007000700058005300760063002F0034000000,,,,,,,,,,,,,,,,,,,,,,,,,,,,,,,,,,,,,,,,,,,,,,,,,,,,,,,,,,,,,,,,,,,,,,,,,,,,,,,,,,,,,,,,,,,,,,,,,,,,,,,,,,,,,,,,,,,,,,,,,,,,,,,,,,,,,,,,,,,,,,,,,,,,,,,,,,,,,,,,,,,,,,,,,,,,,,,,,,,,,,,,,,,,,,,,,,,,,,,,,,,,,,,,,,,,,,,,,,,,,,,,,,,,,,,,,,,,,,,,,,,,,,,,,,,,,,,,,,,,,,,,,,,,,,,AppXSvc,,,running,,,,,,,,,,,,,,
2026-04-06T09:45:44.038315Z,"{'#attributes': {'Qualifiers': 16384}, '#text': 7036}",DC01.darkzero.htb,Service Control Manager,System,3007,4,,,,,,,,,,,,440069006100670054007200610063006B002F0034000000,,,,,,,,,,,,,,,,,,,,,,,,,,,,,,,,,,,,,,,,,,,,,,,,,,,,,,,,,,,,,,,,,,,,,,,,,,,,,,,,,,,,,,,,,,,,,,,,,,,,,,,,,,,,,,,,,,,,,,,,,,,,,,,,,,,,,,,,,,,,,,,,,,,,,,,,,,,,,,,,,,,,,,,,,,,,,,,,,,,,,,,,,,,,,,,,,,,,,,,,,,,,,,,,,,,,,,,,,,,,,,,,,,,,,,,,,,,,,,,,,,,,,,,,,,,,,,,,,,,,,,,,,,,,,,,DiagTrack,,,running,,,,,,,,,,,,,,
2026-04-06T09:45:44.105670Z,"{'#attributes': {'Qualifiers': 16384}, '#text': 7036}",DC01.darkzero.htb,Service Control Manager,System,3008,4,,,,,,,,,,,,76006D007600730073002F0034000000,,,,,,,,,,,,,,,,,,,,,,,,,,,,,,,,,,,,,,,,,,,,,,,,,,,,,,,,,,,,,,,,,,,,,,,,,,,,,,,,,,,,,,,,,,,,,,,,,,,,,,,,,,,,,,,,,,,,,,,,,,,,,,,,,,,,,,,,,,,,,,,,,,,,,,,,,,,,,,,,,,,,,,,,,,,,,,,,,,,,,,,,,,,,,,,,,,,,,,,,,,,,,,,,,,,,,,,,,,,,,,,,,,,,,,,,,,,,,,,,,,,,,,,,,,,,,,,,,,,,,,,,,,,,,,,vmvss,,,running,,,,,,,,,,,,,,
2026-04-06T09:45:45.010945Z,"{'#attributes': {'Qualifiers': 16384}, '#text': 7036}",DC01.darkzero.htb,Service Control Manager,System,3009,4,,,,,,,,,,,,43004F004D005300790073004100700070002F0034000000,,,,,,,,,,,,,,,,,,,,,,,,,,,,,,,,,,,,,,,,,,,,,,,,,,,,,,,,,,,,,,,,,,,,,,,,,,,,,,,,,,,,,,,,,,,,,,,,,,,,,,,,,,,,,,,,,,,,,,,,,,,,,,,,,,,,,,,,,,,,,,,,,,,,,,,,,,,,,,,,,,,,,,,,,,,,,,,,,,,,,,,,,,,,,,,,,,,,,,,,,,,,,,,,,,,,,,,,,,,,,,,,,,,,,,,,,,,,,,,,,,,,,,,,,,,,,,,,,,,,,,,,,,,,,,,COMSysApp,,,running,,,,,,,,,,,,,,
2026-04-06T09:45:48.358415Z,"{'#attributes': {'Qualifiers': 16384}, '#text': 7036}",DC01.darkzero.htb,Service Control Manager,System,3010,4,,,,,,,,,,,,4D0053004400540043002F0034000000,,,,,,,,,,,,,,,,,,,,,,,,,,,,,,,,,,,,,,,,,,,,,,,,,,,,,,,,,,,,,,,,,,,,,,,,,,,,,,,,,,,,,,,,,,,,,,,,,,,,,,,,,,,,,,,,,,,,,,,,,,,,,,,,,,,,,,,,,,,,,,,,,,,,,,,,,,,,,,,,,,,,,,,,,,,,,,,,,,,,,,,,,,,,,,,,,,,,,,,,,,,,,,,,,,,,,,,,,,,,,,,,,,,,,,,,,,,,,,,,,,,,,,,,,,,,,,,,,,,,,,,,,,,,,,,MSDTC,,,running,,,,,,,,,,,,,,
2026-04-06T09:45:48.585175Z,"{'#attributes': {'Qualifiers': 49152}, '#text': 7026}",DC01.darkzero.htb,Service Control Manager,System,3011,4,,,,,,,,,,,,,,,,,,,,,,,,,,,,,,,,,,,,,,,,,,,,,,,,,,,,,,,,,,,,,,,,,,,,,,,,,,,,,,,,,,,,,,,,,,,,,,,,,,,,,,,,,,,,,,,,,,,,,,,,,,,,,,,,,,,,,,,,,,,,,,,,,,,,,,,,,,,,,,,,,,,,,,,,,,,,,,,,,,,,,,,,,,,,,,,,,,,,,,,,,,,,,,,,,,,,,,,,,,,,,,,,,,,,,,,,,,,,,,,,,,,,,,,,,,,,,,,,,,,,,,,,,,,,,,,,,,,,,,,,,,,"
uiomap",,,,,,,,,,,,,,,,,
2026-04-06T09:45:48.924836Z,"{'#attributes': {'Qualifiers': 16384}, '#text': 7036}",DC01.darkzero.htb,Service Control Manager,System,3012,4,,,,,,,,,,,,41004400570053002F0034000000,,,,,,,,,,,,,,,,,,,,,,,,,,,,,,,,,,,,,,,,,,,,,,,,,,,,,,,,,,,,,,,,,,,,,,,,,,,,,,,,,,,,,,,,,,,,,,,,,,,,,,,,,,,,,,,,,,,,,,,,,,,,,,,,,,,,,,,,,,,,,,,,,,,,,,,,,,,,,,,,,,,,,,,,,,,,,,,,,,,,,,,,,,,,,,,,,,,,,,,,,,,,,,,,,,,,,,,,,,,,,,,,,,,,,,,,,,,,,,,,,,,,,,,,,,,,,,,,,,,,,,,,,,,,,,,ADWS,,,running,,,,,,,,,,,,,,
2026-04-06T09:45:50.000757Z,"{'#attributes': {'Qualifiers': 16384}, '#text': 7036}",DC01.darkzero.htb,Service Control Manager,System,3013,4,,,,,,,,,,,,5600530053002F0034000000,,,,,,,,,,,,,,,,,,,,,,,,,,,,,,,,,,,,,,,,,,,,,,,,,,,,,,,,,,,,,,,,,,,,,,,,,,,,,,,,,,,,,,,,,,,,,,,,,,,,,,,,,,,,,,,,,,,,,,,,,,,,,,,,,,,,,,,,,,,,,,,,,,,,,,,,,,,,,,,,,,,,,,,,,,,,,,,,,,,,,,,,,,,,,,,,,,,,,,,,,,,,,,,,,,,,,,,,,,,,,,,,,,,,,,,,,,,,,,,,,,,,,,,,,,,,,,,,,,,,,,,,,,,,,,,Volume Shadow Copy,,,running,,,,,,,,,,,,,,
2026-04-06T09:45:54.567967Z,"{'#attributes': {'Qualifiers': 7}, '#text': 10154}",DC01.darkzero.htb,Microsoft-Windows-WinRM,System,3014,3,,,,,,,,,,,,,,,,,,,,,,,,,,,,,,,,,,,,,,,,,,,,,,,,,,,,,,,,,,,,,,,,,,,,,,,,,,,,,,,,,,,,,,,,,,,,,,,,,,,,,,,,,,,,,,,,,,,,,,,,,,,,,,,,,,,,,,,,,,,,,,,,,,,,,,,,,,,,,,,,,,,,,,,,,,,,,,,,,,,,,,,,,,,,,,,,,,,,,,,,,,,,,,,,,,,,,,,,,,,,,,,,,,,,,,,,,,,,,,,,,,,,,,,,,,,,,,,,,,,,,,,,,,,,,,,,,,,,,,,,,1355,,,,,,,,,,,,,,WSMAN/DC01.darkzero.htb,WSMAN/DC01,,,,
2026-04-06T09:45:54.569085Z,12,DC01.darkzero.htb,Microsoft-Windows-Time-Service,System,3015,3,,,,,,,,,,,,,,,,,,,,,,,,,,,,,,,,,,,,,,,,,,,,,,,,,,,,,,,,,,,,,,,,,,,,,,,,,,,,,,,,,,,,,,,,,,,,,,,,,,,,,,,,,,,,,,,,,,,,,,,,,,,,,,,,,,,,,,,,TMP_EVENT_DOMAIN_HIERARCHY_ROOT,,,,,,,,,,,,,,,,,,,,,,,,,,,,,,,,,,,,,,,,,,,,,,,,,,,,,,,,,,,,,,,,,,,,,,,,,,,,,,,,,,,,,,,,,,,,,,,,,,,,,,,,,,,,,,,,,,,,,,,,,,,,,,,,,,,,,,,,,,,,,,,,,,,,,,,,,,,,,,,,,,,,
2026-04-06T09:45:54.575392Z,"{'#attributes': {'Qualifiers': 16384}, '#text': 7036}",DC01.darkzero.htb,Service Control Manager,System,3016,4,,,,,,,,,,,,570033003200540069006D0065002F0034000000,,,,,,,,,,,,,,,,,,,,,,,,,,,,,,,,,,,,,,,,,,,,,,,,,,,,,,,,,,,,,,,,,,,,,,,,,,,,,,,,,,,,,,,,,,,,,,,,,,,,,,,,,,,,,,,,,,,,,,,,,,,,,,,,,,,,,,,,,,,,,,,,,,,,,,,,,,,,,,,,,,,,,,,,,,,,,,,,,,,,,,,,,,,,,,,,,,,,,,,,,,,,,,,,,,,,,,,,,,,,,,,,,,,,,,,,,,,,,,,,,,,,,,,,,,,,,,,,,,,,,,,,,,,,,,,W32Time,,,running,,,,,,,,,,,,,,
2026-04-06T09:46:01.073176Z,"{'#attributes': {'Qualifiers': 16384}, '#text': 7036}",DC01.darkzero.htb,Service Control Manager,System,3017,4,,,,,,,,,,,,570064004E00690073005300760063002F0034000000,,,,,,,,,,,,,,,,,,,,,,,,,,,,,,,,,,,,,,,,,,,,,,,,,,,,,,,,,,,,,,,,,,,,,,,,,,,,,,,,,,,,,,,,,,,,,,,,,,,,,,,,,,,,,,,,,,,,,,,,,,,,,,,,,,,,,,,,,,,,,,,,,,,,,,,,,,,,,,,,,,,,,,,,,,,,,,,,,,,,,,,,,,,,,,,,,,,,,,,,,,,,,,,,,,,,,,,,,,,,,,,,,,,,,,,,,,,,,,,,,,,,,,,,,,,,,,,,,,,,,,,,,,,,,,,Microsoft Defender Antivirus Network Inspection Service,,,running,,,,,,,,,,,,,,
2026-04-06T09:46:05.777709Z,"{'#attributes': {'Qualifiers': 16384}, '#text': 7040}",DC01.darkzero.htb,Service Control Manager,System,3018,4,,,,,,,,,,,,,,,,,,,,,,,,,,,,,,,,,,,,,,,,,,,,,,,,,,,,,,,,,,,,,,,,,,,,,,,,,,,,,,,,,,,,,,,,,,,,,,,,,,,,,,,,,,,,,,,,,,,,,,,,,,,,,,,,,,,,,,,,,,,,,,,,,,,,,,,,,,,,,,,,,,,,,,,,,,,,,,,,,,,,,,,,,,,,,,,,,,,,,,,,,,,,,,,,,,,,,,,,,,,,,,,,,,,,,,,,,,,,,,,,,,,,,,,,,,,,,,,,,,,,,,,,,,,,,,,,,,,,,,,,,,,Background Intelligent Transfer Service,,,demand start,auto start,BITS,,,,,,,,,,,,
2026-04-06T09:46:06.173923Z,"{'#attributes': {'Qualifiers': 16384}, '#text': 7036}",DC01.darkzero.htb,Service Control Manager,System,3019,4,,,,,,,,,,,,42004900540053002F0034000000,,,,,,,,,,,,,,,,,,,,,,,,,,,,,,,,,,,,,,,,,,,,,,,,,,,,,,,,,,,,,,,,,,,,,,,,,,,,,,,,,,,,,,,,,,,,,,,,,,,,,,,,,,,,,,,,,,,,,,,,,,,,,,,,,,,,,,,,,,,,,,,,,,,,,,,,,,,,,,,,,,,,,,,,,,,,,,,,,,,,,,,,,,,,,,,,,,,,,,,,,,,,,,,,,,,,,,,,,,,,,,,,,,,,,,,,,,,,,,,,,,,,,,,,,,,,,,,,,,,,,,,,,,,,,,,Background Intelligent Transfer Service,,,running,,,,,,,,,,,,,,
2026-04-06T09:46:06.290626Z,"{'#attributes': {'Qualifiers': 16384}, '#text': 7036}",DC01.darkzero.htb,Service Control Manager,System,3020,4,,,,,,,,,,,,77006D006900410070005300720076002F0034000000,,,,,,,,,,,,,,,,,,,,,,,,,,,,,,,,,,,,,,,,,,,,,,,,,,,,,,,,,,,,,,,,,,,,,,,,,,,,,,,,,,,,,,,,,,,,,,,,,,,,,,,,,,,,,,,,,,,,,,,,,,,,,,,,,,,,,,,,,,,,,,,,,,,,,,,,,,,,,,,,,,,,,,,,,,,,,,,,,,,,,,,,,,,,,,,,,,,,,,,,,,,,,,,,,,,,,,,,,,,,,,,,,,,,,,,,,,,,,,,,,,,,,,,,,,,,,,,,,,,,,,,,,,,,,,,WMI Performance Adapter,,,running,,,,,,,,,,,,,,
2026-04-06T09:46:10.360919Z,"{'#attributes': {'Qualifiers': 49152}, '#text': 7}",DC01.darkzero.htb,Microsoft-Windows-Kerberos-Key-Distribution-Center,System,3021,2,,,,,,,,,,,,0D0000C0,,,,,,,,,,,,,,,,,,,,,,,,,,,,,,,,,,,,,,,,,,,,,,,,,,,,,,,,,,,,,,,,,,,,,,,,,,,,,,,,,,,,,,,,,,,,,,,,,,,,,,,,,,,,,,,,,0x108,,,,,,,,,,,,,,,,,,,,,,,,,,,,,,,,,,,,,,,,,,,,,,,,,,,,,,,,,,,,,,,,,,,,,,,,,,,,,,,,,,,,,,,,,,,,,,,,,,,,,,,,,,,,,,,,,,,,,,,,,,,,,,,,,,,,,,,,,,,,,,,,,,,,,,,,,,,,,,,,,,,,,,,,,,,,,,,
2026-04-06T09:46:09.912726Z,"{'#attributes': {'Qualifiers': 16384}, '#text': 7036}",DC01.darkzero.htb,Service Control Manager,System,3022,4,,,,,,,,,,,,44004E0053002F0034000000,,,,,,,,,,,,,,,,,,,,,,,,,,,,,,,,,,,,,,,,,,,,,,,,,,,,,,,,,,,,,,,,,,,,,,,,,,,,,,,,,,,,,,,,,,,,,,,,,,,,,,,,,,,,,,,,,,,,,,,,,,,,,,,,,,,,,,,,,,,,,,,,,,,,,,,,,,,,,,,,,,,,,,,,,,,,,,,,,,,,,,,,,,,,,,,,,,,,,,,,,,,,,,,,,,,,,,,,,,,,,,,,,,,,,,,,,,,,,,,,,,,,,,,,,,,,,,,,,,,,,,,,,,,,,,,DNS,,,running,,,,,,,,,,,,,,
