2026-09-02T05:44:42.561572Z,"{'#attributes': {'Qualifiers': 32768}, '#text': 1024}",dc.scaffold.htb,Microsoft-Windows-Security-SPP,Application,11130,4,,,,100F000077665544000100017801000033221100000100010011100300000002000000000000000000000000000000210000000001000000000000000100000001FFFFFFFFFFFFFFFFFFFFFFFFFFFFFFFFFFFFFFFFFFFFFFFFFFFFFFFFFFFFFFFFE53C404F5DBE9308275B1243A7593C1910398BAEE673F8995EF4B387039D3AE8D805010001FE0001000000000000000000000000000000000000000000000000000000000000000000000B2FBE7290344DC85F29E8F5F7BE63B60370150AB0EF8177CF17E2A20F84553DA70700000000000000000000000000000000000000000000000000000000000000000000000000000000000000000000000000000000000000000000000000000000000000000000000000000000000000000000000000000000000000000000000000000000000000000000000000000000000000000000000000000000000000000000000000000000000000000000000000000000000000000000000000000000000000000000000000000000000000000000000000000000000000FEF8C4381DD02C1E1723F134C169F0DA0B37EE6896251386BD8E15F51FC6180F960465D4C3FA958F8BE86FC2B4D757AB03960CDB7E4F84D98562EDEB4C9316DA9DF66007BE531C0B4294ABD8D00B3738137EA3120B4DC9E74C5C074A23546FA8334220AA9508D69E399C477C056E50478365CFA5F2EC03E35C404EA5BF89B3F1CEE2BD0D68B94503734A1BD78008A2C24C1AC753BA614D1E0901FAA9A2BE4A35E660481F3DA79BB54904A551F6036B2F6BA309DB2DA3D3FD965407D88B125762D7F89BE771EC4BF7121FAA0F96701EF12852785BEC54C82100BD00ED0474F680E04D11D35C4DFCC88E95BDF1A4048D334107A7D7413717653EEABABDA6860EA16FFAE21B153A69A6B2954BEF62A07F01C6ADA424229196BABC1C6E45C7B2F3CD05BBAB525539A8BB1F2960D82B02CC2D3D01052508FDEB4775653F2A29518E557848049B6DD1FDE6237A26941ABD8323A4CF6D096FC67A24EA684907AB465A0C426ED37E085569F7851470CE0E42495F7339501C1F0A5E930D4DF4958BD76CD1A08FF4581A21006003EEC532A3886CD53BF259323C07080B2935372D674F31E075A82DDC6541D5500568668A44E9CB4FC624A9210231B437A709EC82F6A963C8571B18FBBF753AC854230F3241B76A76FC8E56A39A51240D45F0530B2DE5F73C5A29C70571BFB30BBF8CD0F304BB1AD92E8618B9207003FDF8EA4EF63501DD9C36EEBC8C179DBA96E21D394DF25E0C6DE658C5084C12B29351525C17DDE4A70CF83FFC84ADABBE7C26106736B29F4E2B000495AE555187A7E337B216C60DC556770153F465494F32BAB23DD50A462D81D9AB0822271A7ACDE6ADAC5BDDD961C4687AA00C14B56C68A806551BD833E195CBB350EB01B5E3952A96DBB5BF444BFC712F520F5200D666E1B0DFAF8179AC45E163FB05ED450751D87E328107E1472985C582ADE185F20583CC3A9E9DBFB71183B2237EA2B97DAC092809119D3638E6ADA27A4B82A1FAA50101A3CA4B805B4366932517BDE93554FB860A4CAAF8B6AE68EF386FEE3A7FFF333270028D62ABB9F6146FFBB1E35394A78BA43302EDE5B76ABB49098E222C78B208C1F3D2075C1BDF78139407D08AAD73065B39716000EF10B9BD1E92A365D70B2B0D259B08F70D2CA19E05AC3F80A60042C11B1160BB9D05BD918DC24320A7DB9C1E41A0AE403CF800EEFBE374CD272EA0F9D2E16384A870DD0FADFFC9EF6A904524AA485B9FA1A373FD0DFB18F11FAF9EB5AAAFD0E5C94D63EC9A02FF35B52AF95F229D4EE110D09DB3AA4A0A059E215B0719C2BF4C7DFC22616C4FAC069AEF6B48C60BF76E6556C803E3DBA591015E99A3BD7C43E0D7EEB7A202632D9DF50A565C2707B7BD480CF42C1C1D52BC142E02F73901A4B3546015AFC6A30FED1C85910B81FB915C821E4E91AB736247120648CF002EDEDED946DF309C9AC55FAF72FF954D0882423C104238571C399899D76F9811B20261B80795AD7E1004658A0DD733CE0F03020E012F37546F819F28BC1748388E10DE07B44F02DF99131A7340C6778C5F8F2AF1069EA1FAE974A1296311AE2112791E5A0C0751A0D4C3EB1896CEF91709EF5706886604CA42F3859C56AEB2FCC1CEA61EF596E90A46DBB59ABD97758C253266C9014718E602C2CD7988179D485C1244C4C8442FF05208C001EB347B8BA03DB5B3A955E1D91007041DE138B5134001F95E9F4A22F411ABCB01CE0E409B9EF810D0BD4E71B8796E1AAB08DBD6CA3B7E78E958B4E524BE02CD7DA50AC2F720E5C1CC68C44E7A22074A654F2A036E5FB8022CCE5E9BBD6893A155DE90D40AA88AFE94BED12CBDF62215292AB02A7801DA0B8CAA54EA690E55125C2EEFDCF559097DA59B4E24A00AACE8B303B56778A1BC09DBD578A6E5B6DC83D256196A0E6BD2C80A75B78206479CD93DF52B2AB1C013DE6C05E87D55CEA0FC755DF91040443CF4760C0078D63C4106EEF8F6755BF29AFABD44BD010DC7068C65E633DC03695E7A6562CFCC0F0B01CCD13836B41425628664C1C7BF9A0A633368053EA81383AEA90D10E32FAE6903359457C5B4B0FDE7462C3E426FA8A4AC0FEF3F590A32AA3FD3A64A01A3D0E155AF095C5B7F987EAB99614E54F97BA7F852CA0ACD217C8937154530A17A03FBC5D78C8004DC93880551B5A716E99B823A6945155D03FD9E8EA7383E5DF263B7AC0F0AB770C60ACA2142E5171E2F7058AA423D0351225B031191FF16BDCAEAD237541A3F03DC501D0949E221BC7F2DFEC1669CB3189980144A0169593DD75DBBB744544B45CC3B0DAB8C0DC98E4E68F60CABB5F5CF9370845CE45009D06452B6E181BBEC1792610C0CE18F1A0959DF3846C1F6563B12BE554DE1A27D9609ADCE8B579F449023555DDFC29D81189309782E3C9495046A1F441B76A7A9DA0CE802FB62CBEF5FB9F1F7621DD17806AB5936087A1ED894C03AD56E8DD7ADF012BA50FA0AEAA2DD122FCC8E99BAB227A6377BE8550B92ED7AD4A871B62CE03071A7E551FA7C08CBFECF102B0EBF69E4C7D3F39153ACFE095E359DB31A30042AB476C1371545FD240A9CD3DAA1D285A2E2ADC5BFD2182964E60EDEF5F947D8FA0D3F3CF633CEAF22EC150AE29B85E39A3D98A3A7E034E8B4D65D0901CA97A5F4EB719AE4D4FD081711864A4901EF1F10A64FFB4A245133A228C89CCBAC054E0B83F474588A54FBFF712FB7AD949D0F35E25D9D0C32B46E0C147B9CD94FA156097FD4AADFE6C47915181C954F13CFC3760F5BE85016A641C2420E47447EC27E1A8D0264879E516C4DB60C8480BF084199D03A0C003AD87EF19D01D1778DA14A9BE39FF10256F51D43354B817926783AE8E37499AA000C5A033D84872E09E394A5BB976831E8048E28E8708250EA14E41165BDB094DA7005A07D1B229AF43B7F0ABE784372AE2602020E59E54739C1F78D2707B421F80863520D51FD8FF5D2DCB7CAC367797D1B74DD49045603E110C93134353349627B75F50FF5043F68A5E633DEE2D53916160833AD200F09C8C1C92ACEFE1997E97885F55F267E150FE9852CEDE192782B63294A470A9C178C0F23DBD4A50D4F962D2C9A3AC2E9924E6C0F8BB98E643EBE98A66E09283EBCE3D06C0CB612252A15D867D307CCD0EE807CFAA10BF2620BA3303D51BDB973FFBE73EAD515041F38D5A33939CA9E3B56B28E2B881412109B8E16619ABC586230042F7F298CEFE1078AE022B5A3C7BDE22FFEA2D46E387D870D6F968B9871639DEB587C75051F1CBFCF013221AC6596B182518A787880B40354FB00DD448F8D6EFC5DB4FC72A2BE44F200DC0FFC72BCBF4ED60EB33C8316EBBA07FC360FBC18DEEED2070B795E8963034796090D091C63D4E59AF0E5E7FAE68C9BFF1935810B0EED92119CF2D6A96FDA19F77EF8BD38012E2112B2802103A4B5B41C38B2683B2B0B8128A943F9242F7029DEFEB25C52962A0A808C5B2F8B41ACA0FEB2FC2FB43C5BB902AE945667A7C4F75CCBF5AE1C5E264F4D095EBFF399A9547E732C6406C24AE0A6A60774CEAC2E32E015FD32DA81777D50BE290D299DC65B8D96209242B216D137A2FA040CD3C7BD11BB14F4D4249EB831AE4F87DE09F9DB6FEBF43001A7B78DDD3C27E3552A0AF49AFB8B57ABE152B52F7356DFCFBF8602189F9118DA837538801564515B2D48D9047C0E5D57E084B1D975667B838D2783ED0361DD4085D38A51F3707ED86EE5CEF05E0EA4630BDEC8E1C829CE56FB28A36BE60D0CC130E0DAD30BB52763289FB3052C633701CCB800D4CBD33B70418B0E6E79B0583007EACD0C6771FC4C2C19BC1280AC224B2705729183EE9720EC3175332F806F59E3890CC6A62756F377B258C1178ED4F31DD46F0CC32DC5164B23D89CD2E4ED43EB6750FB0B455F6D4A98FDE3B78F5E98264F6AB94B00C8B2EE24E085D706A67F1D48087703C009842427C16E95273CB79361B4534294B70CEDAA092D43218AF45928B855750A5454013756B5E72AE2F277C226C16252D4C81004867D1E0E94216D9F57D96D6D0E96038400539F1FD6234B57130277223994EE34C00BB4A5B5BBF7DFCDD6FD48E30BDC60C8A70D1DBBCB1FA0F50B3EDA43F3BCEC2D8A410F22BF346387CD4F22FD73E5E8C4EBA14A07B06E85F1214A0AD8D13969D8ABA302E907083D1E070FE7CAE1F97C12DD1FBD7B640A0947E5F4EFC1B24AC4B9473F0925335A050B1B9CEE7CF637FBAC1C6987A26E2C19070192B67D275A7DAA78B948648C5A3A7307671EC1E59272D87D871984F6ACBE4B7B017D36A8AE711CB1A2F0A649128A7E59051002FDDB27DC7B6D6B7562A48B9DF2C7000BE8E08C4D40697D936C8F0A38D040F3E00AE51E57B379A330CB89CC6DFF649DB9C808CDA003D2E84FFABD66169CAA9D6B0B860B7659BA02C44E4266C27B81CC784F518B0F57BD5A487549A8D192243E701446F23A08FE60F6C40DCACECD7473E5FECA5D09210A703FC5B9F52F8149D69F222EE96651740A0F176316A437748B7792532D46C93061066D316198FE5D9E9ADFDDBDBD9C17C396043D37ED27BA95D2CB47EBEF389D74127C05CB305CB0BE3AD6B42BBE8211423367FF0334B061308D080E1496DBDE150355E6F0037F3C03DD96151AC4A57F920F114CADAF0EAB476911C3F4560F00DDA62086DA2B0102159B4F67E82C1FFD5F79D9BD10E32DC404A3494550FA2C311EA679FB2363B3329E037710B55BE2BEB8645B8F15532EBB1A1E08CA219BF756729D0F13C72303E38B82E20EDFEC05D75A1F08C3782AA46D217DFA9108D2DF9A8075624E614FC01B856510EFB80B26F7DFA3D4F60CF80D35AC03CA1DEAE80C4E39DF4998B3A8BB8A965166B35FA7C808305E0688EC44A5DB81E484F3111E37A302AD5C52BBFB13944170C6CB3C885DB34807020001000500010002000100070003000100070013,,,,,,,,,,,,,,,,,,,,,,,,,,,,,,,,,,,,,,,,,,,,,,,,,,,,,,,,,,,,,,,,,,,
2026-09-02T05:44:48.698011Z,"{'#attributes': {'Qualifiers': 16384}, '#text': 1034}",dc.scaffold.htb,Microsoft-Windows-Security-SPP,Application,11131,4,,,,,,,,,,,,AAD-BlockAADWorkplaceJoin-Default,100,,,,,,,,,,,,,,,,,,,,,,,,,,,,,,,,,,,,,,,,,,,,,,,,,,,,,,,,,,
2026-09-02T05:44:48.698011Z,"{'#attributes': {'Qualifiers': 16384}, '#text': 1034}",dc.scaffold.htb,Microsoft-Windows-Security-SPP,Application,11132,4,,,,,,,,,,,,Security-SPP-WriteWauMarker,500,,,,,,,,,,,,,,,,,,,,,,,,,,,,,,,,,,,,,,,,,,,,,,,,,,,,,,,,,,
2026-09-02T05:44:55.635515Z,"{'#attributes': {'Qualifiers': 16384}, '#text': 1003}",dc.scaffold.htb,Microsoft-Windows-Security-SPP,Application,11133,4,,,,,,,,,,,,55c92734-d682-4d71-983e-d6ec3f16059f,"
1: 0dc876e0-7ab8-41c1-b8ba-2237d484cd26, 1, 0 [(0 [0xC004F014, 0, 0], [(?)(?)(?)(?)(?)(?)(?)(?)])(1 )(2 )(3 )]
2: 176afa14-ca77-4cae-9ecc-ba2295540382, 1, 0 [(0 [0xC004F014, 0, 0], [(?)(?)(?)(?)(?)(?)(?)(?)])(1 )(2 )(3 )]
3: 208d2508-de49-48d5-a1df-837a9f1053ef, 1, 0 [(0 [0xC004F014, 0, 0], [(?)(?)(?)(?)(?)(?)(?)(?)])(1 )(2 )(3 )]
4: 22105925-48c3-4ff4-a294-f654bb27e390, 1, 0 [(0 [0xC004F014, 0, 0], [(?)(?)(?)(?)(?)(?)(?)(?)])(1 )(2 )(3 )]
5: 482b7fee-a9f5-46a3-862d-b28bef48c7e8, 1, 0 [(0 [0xC004F014, 0, 0], [(?)(?)(?)(?)(?)(?)(?)(?)])(1 )(2 )(3 )]
6: 4f64509c-0ad2-43a7-b73b-233afbb27096, 1, 0 [(0 [0xC004F014, 0, 0], [(?)(?)(?)(?)(?)(?)(?)(?)])(1 )(2 )(3 )]
7: 522b5066-79e8-49f2-9f9d-30b4d507d57b, 1, 0 [(0 [0xC004F014, 0, 0], [(?)(?)(?)(?)(?)(?)(?)(?)])(1 )(2 )(3 )]
8: 661f7658-7035-4b4c-9f35-010682943ec2, 1, 0 [(0 [0xC004F014, 0, 0], [(?)(?)(?)(?)(?)(?)(?)(?)])(1 )(2 )(3 )]
9: 78214935-d737-41c1-83df-f600c1766211, 1, 0 [(0 [0xC004F014, 0, 0], [(?)(?)(?)(?)(?)(?)(?)(?)])(1 )(2 )(3 )]
10: 80f53cc1-120f-4e0e-875b-27c9f1caf7de, 1, 0 [(0 )(1 [0xC004E003, 0, 0], [( 2 0xC004F00F 0 0 msft:rm/algorithm/phone/1.0 0x00000000 0)( 1 0x00000000)(?)( 2 0xC004F00F 0 0 msft:rm/algorithm/phone/1.0 0x00000000 0)(?)(?)(?)(?)])(2 [0xC004E003, 0, 0], [( 1 0xC004F034)( 1 0xC004F034)(?)(?)(?)(?)(?)(?)])(3 [0x00000000, 0, 0], [( 6 0xC004F009 0 0)( 1 0x00000000)( 6 0xC004F009 0 0)(?)(?)(?)( 10 0x00000000 msft:rm/algorithm/flags/1.0)( 11 0x00000000 0xC004F00F)])]
11: aa04eff4-34fa-4da8-a645-8c30c30b3a7f, 1, 0 [(0 [0xC004F014, 0, 0], [(?)(?)(?)(?)(?)(?)(?)(?)])(1 )(2 )(3 )]
12: e73aabfa-12bc-4705-b551-2dd076bebc7d, 1, 0 [(0 [0xC004F014, 0, 0], [(?)(?)(?)(?)(?)(?)(?)(?)])(1 )(2 )(3 )]
13: ef6cfc9f-8c5d-44ac-9aad-de6a2ea0ae03, 1, 0 [(0 [0xC004F014, 0, 0], [(?)(?)(?)(?)(?)(?)(?)(?)])(1 )(2 )(3 )]

",,,,,,,,,,,,,,,,,,,,,,,,,,,,,,,,,,,,,,,,,,,,,,,,,,,,,,,,,,
2026-09-02T05:44:55.713640Z,"{'#attributes': {'Qualifiers': 16384}, '#text': 16388}",dc.scaffold.htb,Microsoft-Windows-Security-SPP,Application,11134,4,,,,,,,,,,,,2026-09-02T05:44:55Z,2026-09-02T05:44:55Z,,,,,,,,,,,,,,,,,,,,,,,,,,,,,,,,,,,,,,,,,,,,,,,,,,,,,,,,,,
2026-09-02T05:44:57.682388Z,"{'#attributes': {'Qualifiers': 16384}, '#text': 8230}",dc.scaffold.htb,Microsoft-Windows-Security-SPP,Application,11135,4,,,,,,,,,,,Security-SPP-Action-StateData (REG_SZ) =AppId=55c92734-d682-4d71-983e-d6ec3f16059f;LastConsumptionReason=0xc004f00f;LastNotificationId=ReActivateRequired;LicenseState=SL_LICENSING_STATUS_NOTIFICATION;PartialProductKey=F3PYF;ProductKeyType=Volume:MAK;SkuId=80f53cc1-120f-4e0e-875b-27c9f1caf7de;ruleId=3482d82e-ca2c-4e1f-8864-da0267b484b2;uxDifferentiator=RETAIL,,,,,,,,,,,,,,,,,,,,,,,,,,,,,,,,,,,,,,,,,,,,,,,,,,,,,,,,,,,,
2026-09-02T05:44:58.198014Z,"{'#attributes': {'Qualifiers': 49152}, '#text': 8198}",dc.scaffold.htb,Microsoft-Windows-Security-SPP,Application,11136,2,,,,,,,,,,,,hr=0x80004005,RuleId=3482d82e-ca2c-4e1f-8864-da0267b484b2;Action=AutoActivate;AppId=55c92734-d682-4d71-983e-d6ec3f16059f;SkuId=80f53cc1-120f-4e0e-875b-27c9f1caf7de;NotificationInterval=1440;Trigger=TimerEvent,,,,,,,,,,,,,,,,,,,,,,,,,,,,,,,,,,,,,,,,,,,,,,,,,,,,,,,,,,
2026-09-02T05:45:02.073016Z,"{'#attributes': {'Qualifiers': 16384}, '#text': 902}",dc.scaffold.htb,Microsoft-Windows-Security-SPP,Application,11137,0,,,,,,,,,,,10.0.20348.587,,,,,,,,,,,,,,,,,,,,,,,,,,,,,,,,,,,,,,,,,,,,,,,,,,,,,,,,,,,,
2026-09-02T05:45:32.088648Z,"{'#attributes': {'Qualifiers': 16384}, '#text': 16384}",dc.scaffold.htb,Microsoft-Windows-Security-SPP,Application,11138,4,,,,,,,,,,,,2026-09-03T05:44:32Z,RulesEngine,,,,,,,,,,,,,,,,,,,,,,,,,,,,,,,,,,,,,,,,,,,,,,,,,,,,,,,,,,
2026-09-02T05:45:32.104280Z,"{'#attributes': {'Qualifiers': 16384}, '#text': 903}",dc.scaffold.htb,Microsoft-Windows-Security-SPP,Application,11139,0,,,,,,,,,,,,,,,,,,,,,,,,,,,,,,,,,,,,,,,,,,,,,,,,,,,,,,,,,,,,,,,,,,,,,,,
2026-09-02T05:45:36.073016Z,"{'#attributes': {'Qualifiers': 16384}, '#text': 1002}",dc.scaffold.htb,Microsoft-Windows-Winlogon,Application,11140,4,,,,,,,,,,,explorer.exe,,,,,,,,,,,,,,,,,,,,,,,,,,,,,,,,,,,,,,,,,,,,,,,,,,,,,,,,,,,,
2026-09-02T05:45:48.292123Z,"{'#attributes': {'Qualifiers': 16384}, '#text': 1002}",dc.scaffold.htb,Microsoft-Windows-Winlogon,Application,11141,4,,,,,,,,,,,explorer.exe,,,,,,,,,,,,,,,,,,,,,,,,,,,,,,,,,,,,,,,,,,,,,,,,,,,,,,,,,,,,
2026-09-02T05:45:58.213785Z,"{'#attributes': {'Qualifiers': 0}, '#text': 8224}",dc.scaffold.htb,VSS,Application,11142,4,,,,2D20436F64653A2020434F525356434330303030303737382D2043616C6C3A2020434F525356434330303030303736302D205049443A202030303030353330302D205449443A202030303030353331322D20434D443A2020433A5C57696E646F77735C73797374656D33325C76737376632E6578652020202D20557365723A204E616D653A204E5420415554484F524954595C53595354454D2C205349443A532D312D352D313820,,,,,,,,,,,,,,,,,,,,,,,,,,,,,,,,,,,,,,,,,,,,,,,,,,,,,,,,,,,,,,,,,,,
2026-09-02T05:47:44.744889Z,"{'#attributes': {'Qualifiers': 0}, '#text': 1}",dc.scaffold.htb,MSSQL$SQLEXPRESS,Application,11143,4,,,,,,,,,,,SqlCeip started  pid: 3292 instance: SQLEXPRESS CPEFlag: True,,,,,,,,,,,,,,,,,,,,,,,,,,,,,,,,,,,,,,,,,,,,,,,,,,,,,,,,,,,,
2026-09-02T05:48:07.010533Z,"{'#attributes': {'Qualifiers': 16384}, '#text': 33090}",dc.scaffold.htb,MSSQL$SQLEXPRESS,Application,11144,4,,,,428100000A0000000E000000440043005C00530051004C0045005800500052004500530053000000070000006D00610073007400650072000000,,,,,,,xplog70.dll,,,,,,,,,,,,,,,,,,,,,,,,,,,,,,,,,,,,,,,,,,,,,,,,,,,,,,,,,,,,
2026-09-02T05:48:07.026139Z,"{'#attributes': {'Qualifiers': 16384}, '#text': 8128}",dc.scaffold.htb,MSSQL$SQLEXPRESS,Application,11145,4,,,,C01F00000A0000000E000000440043005C00530051004C0045005800500052004500530053000000070000006D00610073007400650072000000,,,,,,,,xplog70.dll,2019.150.2000,,,,,,,,,,,xp_msver,,,,,,,,,,,,,,,,,,,,,,,,,,,,,,,,,,,,,,,,,,,,,,,
2026-09-02T05:48:07.213651Z,"{'#attributes': {'Qualifiers': 16384}, '#text': 17137}",dc.scaffold.htb,MSSQL$SQLEXPRESS,Application,11146,4,,,,F14200000A0000000E000000440043005C00530051004C0045005800500052004500530053000000070000006D00610073007400650072000000,,,,,,,ScaffoldPortal,,,,,,,,,,,,,,,,,,,,,,,,,,,,,,,,,,,,,,,,,,,,,,,,,,,,,,,,,,,,
2026-09-02T05:48:07.260524Z,"{'#attributes': {'Qualifiers': 16384}, '#text': 49930}",dc.scaffold.htb,MSSQL$SQLEXPRESS,Application,11147,4,,,,0AC300000A0000000E000000440043005C00530051004C0045005800500052004500530053000000070000006D00610073007400650072000000,,,,,,,,started,ScaffoldPortal,,,,,,,,,,,1,,,,,,,,,,,,,,,,,,,,,,,,,,,,,,,,,,,,,,,,,,,,,,,
2026-09-02T05:48:07.276143Z,"{'#attributes': {'Qualifiers': 16384}, '#text': 49930}",dc.scaffold.htb,MSSQL$SQLEXPRESS,Application,11148,4,,,,0AC300000A0000000E000000440043005C00530051004C0045005800500052004500530053000000070000006D00610073007400650072000000,,,,,,,,shutdown,ScaffoldPortal,,,,,,,,,,,1,,,,,,,,,,,,,,,,,,,,,,,,,,,,,,,,,,,,,,,,,,,,,,,
2026-09-02T05:51:13.010941Z,1001,dc.scaffold.htb,Microsoft-Windows-LoadPerf,Application,11149,4,,,,,,,,,,,,,,,,,,,,,,,,,,,,,,,,,,,,,,,,,,,,,,,,,,,,,,,,,LoadPerf,7636000077360000D2050000,12,WmiApRpl,,,,WmiApRpl,,,,,,,
2026-09-02T05:51:13.135952Z,1000,dc.scaffold.htb,Microsoft-Windows-LoadPerf,Application,11150,4,,,,,,,,,,,,,,,,,,,,,,,,,,,,,,,,,,,,,,,,,,,,,,,,,,,,,,,,,LoadPerf,783600001E370000793600001F370000,16,WmiApRpl,,,,WmiApRpl,,,,,,,
2026-09-02T05:54:31.182688Z,"{'#attributes': {'Qualifiers': 0}, '#text': 1130}",dc.scaffold.htb,.NET Runtime Optimization Service,Application,11151,0,,,,,,,,,,,.NET Runtime Optimization Service (4.0.30319.0) - Installed from repository: mscorlib,,,,,,,,,,,,,,,,,,,,,,,,,,,,,,,,,,,,,,,,,,,,,,,,,,,,,,,,,,,,
2026-09-02T06:00:40.213941Z,"{'#attributes': {'Qualifiers': 32768}, '#text': 6000}",dc.scaffold.htb,Microsoft-Windows-Winlogon,Application,11152,4,,,,D9060000,,,,,,,WSearch,,,,,,,,,,,,,,,,,,,,,,,,,,,,,,,,,,,,,,,,,,,,,,,,,,,,,,,,,,,,
2026-09-02T06:00:40.276442Z,"{'#attributes': {'Qualifiers': 32768}, '#text': 6000}",dc.scaffold.htb,Microsoft-Windows-Winlogon,Application,11153,4,,,,D9060000,,,,,,,SessionEnv,,,,,,,,,,,,,,,,,,,,,,,,,,,,,,,,,,,,,,,,,,,,,,,,,,,,,,,,,,,,
2026-09-02T06:00:40.338974Z,"{'#attributes': {'Qualifiers': 0}, '#text': 260}",dc.scaffold.htb,VMUpgradeHelper,Application,11154,4,,,,,,,,,,,,,,,,,,,,,,,,,,,,,,,,,,,,,,,,,,,,,,,,,,,,,,,,,,,,,,,,,,,,,,,
2026-09-02T06:00:40.338974Z,"{'#attributes': {'Qualifiers': 0}, '#text': 272}",dc.scaffold.htb,VMUpgradeHelper,Application,11155,4,,,,,,,,,,,,,,,,,,,,,,,,,,,,,,,,,,,,,,,,,,,,,,,,,,,,,,,,,,,,,,,,,,,,,,,
2026-09-02T06:00:40.354566Z,"{'#attributes': {'Qualifiers': 0}, '#text': 108}",dc.scaffold.htb,VMTools,Application,11156,4,,,,,,,,,,,,,,,,,,,,,,,,,,,,,,,,,,,,,,,,,,,,,,,,,,,,,,,,,,,,,,,,,,,,,,,
2026-09-02T06:00:40.495188Z,"{'#attributes': {'Qualifiers': 16384}, '#text': 17147}",dc.scaffold.htb,MSSQL$SQLEXPRESS,Application,11157,4,,,,FB4200000A0000000E000000440043005C00530051004C004500580050005200450053005300000000000000,,,,,,,,,,,,,,,,,,,,,,,,,,,,,,,,,,,,,,,,,,,,,,,,,,,,,,,,,,,,,,,,,,,
2026-09-02T06:00:40.629385Z,1532,dc.scaffold.htb,Microsoft-Windows-User Profiles Service,Application,11158,4,,,,,,,,,,,,,,,,,,,,,,,,,,,,,,,,,,,,,,,,,,,,,,,,,,,,,,,,,,,,,,,,,,,,,,,
2026-09-08T02:17:52.528618Z,"{'#attributes': {'Qualifiers': 16384}, '#text': 4625}",DC,Microsoft-Windows-EventSystem,Application,11159,4,,,,,,,,,,,,,,,,,,,,,,,,,,,,,,,,,,,,,,,,,,,,,,,,,,,,,,,,,,,,86400,,,,SuppressDuplicateDuration,Software\Microsoft\EventSystem\EventLog,,,,,,
2026-09-02T06:00:41.144072Z,38,dc.scaffold.htb,Microsoft-Windows-CertificationAuthority,Application,11160,4,,,,,,scaffold-DC-CA,,,,,,,,,,,,,,,,,,,,,,,,,,,,,,,,,,,,,,,,,,,,,,,,,,MSG_I_SERVER_STOPPED,,,,,,,,,,,,,,,
2026-09-08T02:17:52.622674Z,1531,dc.scaffold.htb,Microsoft-Windows-User Profiles Service,Application,11161,4,,,,,,,,,,,,,,,,,,,,,,,,,,,,,,,,,,,,,,,,,,,,,,,,,,,,,,,,,,,,,,,,,,,,,,,
2026-09-08T02:18:01.731745Z,"{'#attributes': {'Qualifiers': 0}, '#text': 105}",dc.scaffold.htb,VMTools,Application,11162,4,,,,,,,,,,,,,,,,,,,,,,,,,,,,,,,,,,,,,,,,,,,,,,,,,,,,,,,,,,,,,,,,,,,,,,,
2026-09-08T02:18:02.262994Z,"{'#attributes': {'Qualifiers': 16641}, '#text': 1025}",dc.scaffold.htb,WDSServer,Application,11163,4,,,,,,,,,,,5040,,,,,,,,,,,,,,,,,,,,,,,,,,,,,,,,,,,,,,,,,,,,,,,,,,,,,,,,,,,,
2026-09-08T02:18:02.240682Z,5615,dc.scaffold.htb,Microsoft-Windows-WMI,Application,11164,4,,,,,,,,,,,,,,,,,,,,,,,,,,,,,,,,,,,,,,,,,,,,,,,,,,,,,,,,,,,,,,,,,,,,,,,
2026-09-08T02:18:04.184907Z,"{'#attributes': {'Qualifiers': 16641}, '#text': 517}",dc.scaffold.htb,WDSServer,Application,11165,4,,,,,,,,,,,,WDSMC,C:\Windows\system32\wdsmc.dll,,,,,,,,,,,,,,,,,,,,,,,,,,,,,,,,,,,,,,,,,,,,,,,,,,,,,,,,,,
2026-09-08T02:18:04.622858Z,"{'#attributes': {'Qualifiers': 0}, '#text': 102}",dc.scaffold.htb,ESENT,Application,11166,4,,,,,,,,,,,,svchost,"2164,P,98",,,,,,,,,,,WDS: ,,,,0,10,00,20348,0000,,,,,,,,,,,,,,,,,,,,,,,,,,,,,,,,,,,,,,,
2026-09-08T02:18:04.966115Z,"{'#attributes': {'Qualifiers': 0}, '#text': 300}",dc.scaffold.htb,ESENT,Application,11167,4,,,,,,,,,,,,svchost,"2164,R,98",,,,,,,,,,,WDS: ,,,,,,,,,,,,,,,,,,,,,,,,,,,,,,,,,,,,,,,,,,,,,,,
2026-09-08T02:18:04.997367Z,"{'#attributes': {'Qualifiers': 0}, '#text': 335}",dc.scaffold.htb,ESENT,Application,11168,4,,,,,,,,,,,,svchost,"2164,R,98",,,,,,,,,,,WDS: ,,,,Create,C:\RemoteInstall\Stores\Metadata\WDSMD.mdb,"(00000001,0001,0268)",AttachFuture,,,,,,,,,,,,,,,,,,,,,,,,,,,,,,,,,,,,,,,,
2026-09-08T02:18:05.247368Z,"{'#attributes': {'Qualifiers': 0}, '#text': 301}",dc.scaffold.htb,ESENT,Application,11169,4,,,,,,,,,,,,svchost,"2164,R,98",,,,,,,,,,,WDS: ,,,,C:\RemoteInstall\Stores\Metadata\WDS.log,"
[1] 0.274685 -0.220771 (67) WT +J(CM:0, PgRf:0, Rd:0/0, Dy:0/0, Lg:725948/1138) +M(C:0K, Fs:1307, WS:232K # 264K, PF:168K # 200K, P:168K).",Insert   ,277,,,,,,,,,,,,,,,,,,,,,,,,,,,,,,,,,,,,,,,,
2026-09-08T02:18:05.716119Z,"{'#attributes': {'Qualifiers': 0}, '#text': 302}",dc.scaffold.htb,ESENT,Application,11170,4,,,,,,,,,,,,svchost,"2164,U,98",,,,,,,,,,,WDS: ,,,,,,,,,,,,,,,,,,,,,,,,,,,,,,,,,,,,,,,,,,,,,,,
2026-09-08T02:18:05.809870Z,"{'#attributes': {'Qualifiers': 0}, '#text': 105}",dc.scaffold.htb,ESENT,Application,11171,4,,,,,,,,,,,,svchost,"2164,D,0",,,,,,,,,,,WDS: ,,,,0,1,"
[1] 0.001526 +J(0) +M(C:0K, Fs:176, WS:692K # 692K, PF:4500K # 4500K, P:4500K)
[2] 0.060799 +J(0) +M(C:64K, Fs:153, WS:604K # 604K, PF:1256K # 1256K, P:1256K)
[3] 0.000066 +J(0) +M(C:0K, Fs:5, WS:20K # 20K, PF:64K # 64K, P:64K)
[4] 0.000177 +J(0) +M(C:0K, Fs:22, WS:84K # 84K, PF:228K # 228K, P:228K)
[5] 0.008747 +J(0) +M(C:0K, Fs:9, WS:36K # 36K, PF:16K # 16K, P:16K)
[6] 0.017492 +J(0) +M(C:0K, Fs:23, WS:92K # 92K, PF:12K # 12K, P:12K)
[7] 0.321891 -0.309597 (11) WT +J(0) +M(C:0K, Fs:1300, WS:5188K # 5188K, PF:5132K # 5132K, P:5132K)
[8] 0.283357 -0.224783 (70) WT +J(CM:0, PgRf:0, Rd:0/0, Dy:0/0, Lg:725948/1138) +M(C:0K, Fs:1350, WS:396K # 428K, PF:252K # 284K, P:252K)
[9] 0.003042 +J(0) +M(C:0K, Fs:4, WS:16K # 0K, PF:4K # 0K, P:4K)
[10] 0.026332 -0.023621 (10) WT +J(0) +M(C:0K, Fs:0, WS:-5116K # 0K, PF:-5124K # 0K, P:-5124K)
[11] 0.000035 +J(CM:0, PgRf:0, Rd:0/0, Dy:0/0, Lg:49/1) +M(C:0K, Fs:2, WS:8K # 0K, PF:0K # 0K, P:0K)
[12] 0.000049 +J(0)
[13] 0.528867 -0.004177 (2) CM -0.106271 (31) WT +J(CM:2, PgRf:2, Rd:0/2, Dy:0/0, Lg:8759/5) +M(C:-56K, Fs:1350, WS:48K # 44K, PF:84K # 64K, P:84K)
[14] 0.000021 +J(0)
[15] 0.000030 +J(0)
[16] 0.001240 -0.001005 (1) WT +J(0) +M(C:0K, Fs:2, WS:0K # 0K, PF:0K # 0K, P:0K).","lgposV2[] = 00000001:0001:0000 - 00000001:00B3:0309 - 00000001:00B4:0000 - 00000001:00B4:0000 (00000000:0000:0000)
cReInits = 52
",,,,,,,,,,,,,,,,,,,,,,,,,,,,,,,,,,,,,,,,
2026-09-08T02:18:06.262994Z,"{'#attributes': {'Qualifiers': 0}, '#text': 326}",dc.scaffold.htb,ESENT,Application,11172,4,,,,,,,,,,,,svchost,"2164,D,50",,,,,,,,,,,WDS: ,,,,1,C:\RemoteInstall\Stores\Metadata\WDSMD.mdb,0,"
[1] 0.000005 +J(0)
[2] 0.002947 -0.002691 (1) WT +J(0) +M(C:0K, Fs:24, WS:32K # 0K, PF:32K # 0K, P:32K)
[3] 0.343008 -0.316751 (6) WT +J(CM:0, PgRf:0, Rd:0/0, Dy:0/0, Lg:3480/2) +M(C:0K, Fs:15, WS:24K # 0K, PF:24K # 0K, P:24K)
[4] 0.000131 +J(0)
[5] -
[6] -
[7] -
[8] 0.018153 -0.017477 (2) CM -0.017381 (2) WT +J(CM:2, PgRf:2, Rd:4/2, Dy:0/0, Lg:54/1) +M(C:120K, Fs:46, WS:128K # 0K, PF:140K # 0K, P:140K)
[9] 0.077143 -0.076751 (3) CM -0.076580 (3) WT +J(CM:3, PgRf:16, Rd:0/2, Dy:0/0, Lg:0/0) +M(C:-16K, Fs:40, WS:80K # 0K, PF:208K # 0K, P:208K)
[10] 0.009853 -0.009717 (1) CM -0.009637 (1) WT +J(CM:1, PgRf:35, Rd:0/1, Dy:0/0, Lg:0/0) +M(C:-28K, Fs:4, WS:-12K # 0K, PF:36K # 0K, P:36K)
[11] 0.000020 +J(CM:0, PgRf:1, Rd:0/0, Dy:0/0, Lg:0/0) +M(C:0K, Fs:3, WS:12K # 0K, PF:0K # 0K, P:0K)
[12] 0.000043 +J(CM:0, PgRf:42, Rd:0/0, Dy:0/0, Lg:0/0) +M(C:0K, Fs:1, WS:4K # 0K, PF:0K # 0K, P:0K)
[13] 0.0 +J(0)
[14] 0.0 +J(0)
[15] 0.000005 +J(CM:0, PgRf:1, Rd:0/0, Dy:0/0, Lg:0/0).",1 0,"lgposAttach = 00000001:00B6:0268,
dbv = 1568.180.400 (9360)",,,,,,,,,,,,,,,,,,,,,,,,,,,,,,,,,,,,,,
2026-09-08T02:18:05.838622Z,5617,dc.scaffold.htb,Microsoft-Windows-WMI,Application,11173,4,,,,,,,,,,,,,,,,,,,,,,,,,,,,,,,,,,,,,,,,,,,,,,,,,,,,,,,,,,,,,,,,,,,,,,,
2026-09-08T02:18:07.669245Z,"{'#attributes': {'Qualifiers': 16641}, '#text': 517}",dc.scaffold.htb,WDSServer,Application,11174,4,,,,,,,,,,,,WDSMDMGR,C:\Windows\system32\wdsmdmgr.dll,,,,,,,,,,,,,,,,,,,,,,,,,,,,,,,,,,,,,,,,,,,,,,,,,,,,,,,,,,
2026-09-08T02:18:07.716118Z,"{'#attributes': {'Qualifiers': 16641}, '#text': 517}",dc.scaffold.htb,WDSServer,Application,11175,4,,,,,,,,,,,,WDSTFTP,C:\Windows\system32\wdstftp.dll,,,,,,,,,,,,,,,,,,,,,,,,,,,,,,,,,,,,,,,,,,,,,,,,,,,,,,,,,,
2026-09-08T02:18:10.434869Z,"{'#attributes': {'Qualifiers': 0}, '#text': 0}",dc.scaffold.htb,Microsoft Deployment Toolkit Monitor Service,Application,11176,4,,,,,,,,,,,Service started successfully.,,,,,,,,,,,,,,,,,,,,,,,,,,,,,,,,,,,,,,,,,,,,,,,,,,,,,,,,,,,,
2026-09-08T02:18:10.497367Z,"{'#attributes': {'Qualifiers': 16384}, '#text': 781}",dc.scaffold.htb,Microsoft-Windows-Complus,Application,11177,4,,,,,,,,,,,,,,,,,,,,,,,,,,,,,,,,,,,,,,,,,,,,,,,,,,,,,,,,,,,,86400,,,,SuppressDuplicateDuration,Software\Microsoft\COM3\Eventlog,,,,,,
2026-09-08T02:18:13.309866Z,"{'#attributes': {'Qualifiers': 0}, '#text': 258}",dc.scaffold.htb,VMUpgradeHelper,Application,11178,4,,,,,,,,,,,,,,,,,,,,,,,,,,,,,,,,,,,,,,,,,,,,,,,,,,,,,,,,,,,,,,,,,,,,,,,
2026-09-08T02:18:15.747368Z,"{'#attributes': {'Qualifiers': 16384}, '#text': 4202}",dc.scaffold.htb,Microsoft-Windows-MSDTC 2,Application,11179,4,,,,,,,,,,,,,,,,,,,,,,,,,,,,,,,,,,,,,,,,,,,,,,,,,,,,,,,,,,,,0,0,0,1,0,0,0,0,0,1,Mutual Authentication Required,NT AUTHORITY\NetworkService
2026-09-08T02:18:20.575494Z,"{'#attributes': {'Qualifiers': 0}, '#text': 271}",dc.scaffold.htb,VMUpgradeHelper,Application,11180,4,,,,,,,,,,,,,,,,,,,,,,,,,,,,,,,,,,,,,,,,,,,,,,,,,,,,,,,,,,,,,,,,,,,,,,,
2026-09-08T02:18:21.544244Z,"{'#attributes': {'Qualifiers': 16384}, '#text': 9027}",dc.scaffold.htb,Desktop Window Manager,Application,11181,4,,,,,,,,,,,,,,,,,,,,,,,,,,,,,,,,,,,,,,,,,,,,,,,,,,,,,,,,,,,,,,,,,,,,,,,
2026-09-08T02:18:32.512995Z,"{'#attributes': {'Qualifiers': 16641}, '#text': 517}",dc.scaffold.htb,WDSServer,Application,11182,4,,,,,,,,,,,,WDSDCMGR,C:\Windows\system32\wdsdcmgr.dll,,,,,,,,,,,,,,,,,,,,,,,,,,,,,,,,,,,,,,,,,,,,,,,,,,,,,,,,,,
2026-09-08T02:18:32.559870Z,"{'#attributes': {'Qualifiers': 16641}, '#text': 517}",dc.scaffold.htb,WDSServer,Application,11183,4,,,,,,,,,,,,WDSDCPXE,C:\Windows\system32\wdsdcpxe.dll,,,,,,,,,,,,,,,,,,,,,,,,,,,,,,,,,,,,,,,,,,,,,,,,,,,,,,,,,,
2026-09-08T02:18:32.841123Z,"{'#attributes': {'Qualifiers': 0}, '#text': 102}",dc.scaffold.htb,ESENT,Application,11184,4,,,,,,,,,,,,svchost,"2164,P,98",,,,,,,,,,,DDP: ,,,,1,10,00,20348,0000,,,,,,,,,,,,,,,,,,,,,,,,,,,,,,,,,,,,,,,
2026-09-08T02:18:32.872369Z,"{'#attributes': {'Qualifiers': 0}, '#text': 300}",dc.scaffold.htb,ESENT,Application,11185,4,,,,,,,,,,,,svchost,"2164,R,98",,,,,,,,,,,DDP: ,,,,,,,,,,,,,,,,,,,,,,,,,,,,,,,,,,,,,,,,,,,,,,,
2026-09-08T02:18:32.919241Z,"{'#attributes': {'Qualifiers': 0}, '#text': 335}",dc.scaffold.htb,ESENT,Application,11186,4,,,,,,,,,,,,svchost,"2164,R,98",,,,,,,,,,,DDP: ,,,,Create,C:\RemoteInstall\Stores\Drivers\Metadata\DdpDb.mdb,"(00000001,0001,0268)",AttachFuture,,,,,,,,,,,,,,,,,,,,,,,,,,,,,,,,,,,,,,,,
2026-09-08T02:18:33.294245Z,"{'#attributes': {'Qualifiers': 0}, '#text': 301}",dc.scaffold.htb,ESENT,Application,11187,4,,,,,,,,,,,,svchost,"2164,R,98",,,,,,,,,,,DDP: ,,,,C:\RemoteInstall\Stores\Drivers\Metadata\DDP.log,"
[1] 0.419499 -0.385181 (66) WT +J(CM:0, PgRf:0, Rd:0/0, Dy:0/0, Lg:940926/1792) +M(C:0K, Fs:1238, WS:56K # 100K, PF:56K # 92K, P:56K).",Insert   ,479,,,,,,,,,,,,,,,,,,,,,,,,,,,,,,,,,,,,,,,,
2026-09-08T02:18:35.794241Z,"{'#attributes': {'Qualifiers': 0}, '#text': 302}",dc.scaffold.htb,ESENT,Application,11188,4,,,,,,,,,,,,svchost,"2164,U,98",,,,,,,,,,,DDP: ,,,,,,,,,,,,,,,,,,,,,,,,,,,,,,,,,,,,,,,,,,,,,,,
2026-09-08T02:18:35.825492Z,"{'#attributes': {'Qualifiers': 0}, '#text': 105}",dc.scaffold.htb,ESENT,Application,11189,4,,,,,,,,,,,,svchost,"2164,D,0",,,,,,,,,,,DDP: ,,,,1,2,"
[1] -
[2] -
[3] 0.000062 +J(0) +M(C:0K, Fs:3, WS:12K # 12K, PF:0K # 0K, P:0K)
[4] 0.000174 +J(0) +M(C:0K, Fs:10, WS:40K # 40K, PF:156K # 0K, P:156K)
[5] 0.000710 +J(0) +M(C:0K, Fs:4, WS:16K # 16K, PF:16K # 0K, P:16K)
[6] 0.002475 +J(0) +M(C:0K, Fs:2, WS:8K # 8K, PF:16K # 0K, P:16K)
[7] 0.030323 -0.025362 (11) WT +J(0) +M(C:0K, Fs:1283, WS:5120K # 5120K, PF:5132K # 4436K, P:5132K)
[8] 0.427446 -0.391690 (69) WT +J(CM:0, PgRf:0, Rd:0/0, Dy:0/0, Lg:940926/1792) +M(C:0K, Fs:1273, WS:188K # 232K, PF:64K # 108K, P:64K)
[9] 0.001375 +J(0) +M(C:0K, Fs:1, WS:4K # 0K, PF:4K # 0K, P:4K)
[10] 0.029522 -0.026673 (10) WT +J(0) +M(C:0K, Fs:0, WS:-5116K # 0K, PF:-5128K # 0K, P:-5128K)
[11] 0.000028 +J(CM:0, PgRf:0, Rd:0/0, Dy:0/0, Lg:49/1) +M(C:0K, Fs:1, WS:4K # 0K, PF:0K # 0K, P:0K)
[12] 0.000047 +J(0)
[13] 2.498369 -0.007445 (2) CM -2.037576 (31) WT +J(CM:2, PgRf:2, Rd:0/2, Dy:0/0, Lg:8759/5) +M(C:36K, Fs:1320, WS:-76K # 0K, PF:-16K # 0K, P:-16K)
[14] 0.000020 +J(0)
[15] 0.000048 +J(0)
[16] 0.001492 -0.001326 (1) WT +J(0) +M(C:0K, Fs:2, WS:0K # 0K, PF:0K # 0K, P:0K).","lgposV2[] = 00000001:0001:0000 - 00000001:00E8:0319 - 00000001:00E9:0000 - 00000001:00E9:0000 (00000000:0000:0000)
cReInits = 51
",,,,,,,,,,,,,,,,,,,,,,,,,,,,,,,,,,,,,,,,
2026-09-08T02:18:35.887992Z,"{'#attributes': {'Qualifiers': 0}, '#text': 326}",dc.scaffold.htb,ESENT,Application,11190,4,,,,,,,,,,,,svchost,"2164,D,50",,,,,,,,,,,DDP: ,,,,3,C:\RemoteInstall\Stores\Drivers\Metadata\DdpDb.mdb,0,"
[1] 0.000003 +J(0)
[2] 0.001995 -0.001695 (1) WT +J(0) +M(C:0K, Fs:24, WS:32K # 0K, PF:32K # 0K, P:32K)
[3] 0.044763 -0.034587 (6) WT +J(CM:0, PgRf:0, Rd:0/0, Dy:0/0, Lg:3480/2) +M(C:0K, Fs:13, WS:20K # 0K, PF:20K # 0K, P:20K)
[4] 0.000125 +J(0)
[5] -
[6] -
[7] -
[8] 0.000270 +J(CM:0, PgRf:2, Rd:5/0, Dy:0/0, Lg:54/1) +M(C:72K, Fs:35, WS:140K # 0K, PF:92K # 0K, P:92K)
[9] 0.006616 -0.004980 (3) CM -0.006041 (4) WT +J(CM:3, PgRf:16, Rd:0/2, Dy:0/0, Lg:0/0) +M(C:-12K, Fs:17, WS:-8K # 0K, PF:-12K # 0K, P:-12K)
[10] 0.002099 -0.001956 (1) CM -0.001874 (1) WT +J(CM:1, PgRf:35, Rd:0/1, Dy:0/0, Lg:0/0) +M(C:-28K, Fs:1, WS:-24K # 0K, PF:-28K # 0K, P:-28K)
[11] 0.000016 +J(CM:0, PgRf:1, Rd:0/0, Dy:0/0, Lg:0/0)
[12] 0.000044 +J(CM:0, PgRf:42, Rd:0/0, Dy:0/0, Lg:0/0)
[13] 0.0 +J(0)
[14] 0.0 +J(0)
[15] 0.000005 +J(CM:0, PgRf:1, Rd:0/0, Dy:0/0, Lg:0/0).",1 0,"lgposAttach = 00000001:00EB:0268,
dbv = 1568.180.400 (9360)",,,,,,,,,,,,,,,,,,,,,,,,,,,,,,,,,,,,,,
2026-09-08T02:18:37.137991Z,"{'#attributes': {'Qualifiers': 16384}, '#text': 17069}",dc.scaffold.htb,MSSQL$SQLEXPRESS,Application,11191,4,,,,AD4200000A0000000E000000440043005C00530051004C004500580050005200450053005300000000000000,,,,,,,"Microsoft SQL Server 2019 (RTM) - 15.0.2000.5 (X64) 
	Sep 24 2019 13:48:23 
	Copyright (C) 2019 Microsoft Corporation
	Express Edition (64-bit) on Windows Server 2022 Datacenter 10.0 <X64> (Build 20348: ) (Hypervisor)
",,,,,,,,,,,,,,,,,,,,,,,,,,,,,,,,,,,,,,,,,,,,,,,,,,,,,,,,,,,,
2026-09-08T02:18:37.153616Z,"{'#attributes': {'Qualifiers': 16384}, '#text': 49916}",dc.scaffold.htb,MSSQL$SQLEXPRESS,Application,11192,4,,,,FCC200000A0000000E000000440043005C00530051004C004500580050005200450053005300000000000000,,,,,,,,-7,00,,,,,,,,,,,,,,,,,,,,,,,,,,,,,,,,,,,,,,,,,,,,,,,,,,,,,,,,,,
2026-09-08T02:18:37.153616Z,"{'#attributes': {'Qualifiers': 16384}, '#text': 17101}",dc.scaffold.htb,MSSQL$SQLEXPRESS,Application,11193,4,,,,CD4200000A0000000E000000440043005C00530051004C004500580050005200450053005300000000000000,,,,,,,,,,,,,,,,,,,,,,,,,,,,,,,,,,,,,,,,,,,,,,,,,,,,,,,,,,,,,,,,,,,
2026-09-08T02:18:37.153616Z,"{'#attributes': {'Qualifiers': 16384}, '#text': 17103}",dc.scaffold.htb,MSSQL$SQLEXPRESS,Application,11194,4,,,,CF4200000A0000000E000000440043005C00530051004C004500580050005200450053005300000000000000,,,,,,,,,,,,,,,,,,,,,,,,,,,,,,,,,,,,,,,,,,,,,,,,,,,,,,,,,,,,,,,,,,,
2026-09-08T02:18:37.153616Z,"{'#attributes': {'Qualifiers': 16384}, '#text': 17104}",dc.scaffold.htb,MSSQL$SQLEXPRESS,Application,11195,4,,,,D04200000A0000000E000000440043005C00530051004C004500580050005200450053005300000000000000,,,,,,,5232,,,,,,,,,,,,,,,,,,,,,,,,,,,,,,,,,,,,,,,,,,,,,,,,,,,,,,,,,,,,
2026-09-08T02:18:37.153616Z,"{'#attributes': {'Qualifiers': 16384}, '#text': 18496}",dc.scaffold.htb,MSSQL$SQLEXPRESS,Application,11196,4,,,,404800000A0000000E000000440043005C00530051004C004500580050005200450053005300000000000000,,,,,,,,"VMware, Inc.","VMware20,1",,,,,,,,,,,,,,,,,,,,,,,,,,,,,,,,,,,,,,,,,,,,,,,,,,,,,,,,,,
2026-09-08T02:18:37.153616Z,"{'#attributes': {'Qualifiers': 16384}, '#text': 15268}",dc.scaffold.htb,MSSQL$SQLEXPRESS,Application,11197,4,,,,A43B00000A0000000E000000440043005C00530051004C004500580050005200450053005300000000000000,,,,,,,MIXED,,,,,,,,,,,,,,,,,,,,,,,,,,,,,,,,,,,,,,,,,,,,,,,,,,,,,,,,,,,,
2026-09-08T02:18:37.153616Z,"{'#attributes': {'Qualifiers': 16384}, '#text': 17111}",dc.scaffold.htb,MSSQL$SQLEXPRESS,Application,11198,4,,,,D74200000A0000000E000000440043005C00530051004C004500580050005200450053005300000000000000,,,,,,,C:\Program Files\Microsoft SQL Server\MSSQL15.SQLEXPRESS\MSSQL\Log\ERRORLOG,,,,,,,,,,,,,,,,,,,,,,,,,,,,,,,,,,,,,,,,,,,,,,,,,,,,,,,,,,,,
2026-09-08T02:18:37.153616Z,"{'#attributes': {'Qualifiers': 16384}, '#text': 49904}",dc.scaffold.htb,MSSQL$SQLEXPRESS,Application,11199,4,,,,F0C200000A0000000E000000440043005C00530051004C004500580050005200450053005300000000000000,,,,,,,NT Service\MSSQL$SQLEXPRESS,,,,,,,,,,,,,,,,,,,,,,,,,,,,,,,,,,,,,,,,,,,,,,,,,,,,,,,,,,,,
2026-09-08T02:18:37.153616Z,"{'#attributes': {'Qualifiers': 16384}, '#text': 17110}",dc.scaffold.htb,MSSQL$SQLEXPRESS,Application,11200,4,,,,D64200000A0000000E000000440043005C00530051004C004500580050005200450053005300000000000000,,,,,,,"
	 -d C:\Program Files\Microsoft SQL Server\MSSQL15.SQLEXPRESS\MSSQL\DATA\master.mdf
	 -e C:\Program Files\Microsoft SQL Server\MSSQL15.SQLEXPRESS\MSSQL\Log\ERRORLOG
	 -l C:\Program Files\Microsoft SQL Server\MSSQL15.SQLEXPRESS\MSSQL\DATA\mastlog.ldf",,,,,,,,,,,,,,,,,,,,,,,,,,,,,,,,,,,,,,,,,,,,,,,,,,,,,,,,,,,,
2026-09-08T02:18:37.153616Z,"{'#attributes': {'Qualifiers': 16384}, '#text': 17115}",dc.scaffold.htb,MSSQL$SQLEXPRESS,Application,11201,4,,,,DB4200000A0000000E000000440043005C00530051004C004500580050005200450053005300000000000000,,,,,,,"
	 -s ""SQLEXPRESS""",,,,,,,,,,,,,,,,,,,,,,,,,,,,,,,,,,,,,,,,,,,,,,,,,,,,,,,,,,,,
2026-09-08T02:18:37.153616Z,"{'#attributes': {'Qualifiers': 16384}, '#text': 17164}",dc.scaffold.htb,MSSQL$SQLEXPRESS,Application,11202,4,,,,0C4300000A0000000E000000440043005C00530051004C004500580050005200450053005300000000000000,,,,,,,,1,2,,,,,,,,,,,2,,,,2,2,,,,,,,,,,,,,,,,,,,,,,,,,,,,,,,,,,,,,,,,,,
2026-09-08T02:18:37.153616Z,"{'#attributes': {'Qualifiers': 16384}, '#text': 17162}",dc.scaffold.htb,MSSQL$SQLEXPRESS,Application,11203,4,,,,0A4300000A0000000E000000440043005C00530051004C004500580050005200450053005300000000000000,,,,,,,,,,,,,,,,,,,,,,,,,,,,,,,,,,,,,,,,,,,,,,,,,,,,,,,,,,,,,,,,,,,
2026-09-08T02:18:37.153616Z,"{'#attributes': {'Qualifiers': 16384}, '#text': 49903}",dc.scaffold.htb,MSSQL$SQLEXPRESS,Application,11204,4,,,,EFC200000A0000000E000000440043005C00530051004C004500580050005200450053005300000000000000,,,,,,,4095,,,,,,,,,,,,,,,,,,,,,,,,,,,,,,,,,,,,,,,,,,,,,,,,,,,,,,,,,,,,
2026-09-08T02:18:37.153616Z,"{'#attributes': {'Qualifiers': 16384}, '#text': 852}",dc.scaffold.htb,MSSQL$SQLEXPRESS,Application,11205,4,,,,540300000A0000000E000000440043005C00530051004C004500580050005200450053005300000000000000,,,,,,,,,,,,,,,,,,,,,,,,,,,,,,,,,,,,,,,,,,,,,,,,,,,,,,,,,,,,,,,,,,,
2026-09-08T02:18:37.200493Z,"{'#attributes': {'Qualifiers': 0}, '#text': 102}",dc.scaffold.htb,ESENT,Application,11206,4,,,,,,,,,,,,DFSRs,"3016,P,98",,,,,,,,,,,\\.\C:\System Volume Information\DFSR\database_D030_CE70_30CE_5D5A\dfsr.db: ,,,,0,10,00,20348,0000,,,,,,,,,,,,,,,,,,,,,,,,,,,,,,,,,,,,,,,
2026-09-08T02:18:37.216120Z,"{'#attributes': {'Qualifiers': 16641}, '#text': 517}",dc.scaffold.htb,WDSServer,Application,11207,4,,,,,,,,,,,,WDSDDPS,C:\Windows\system32\wdsddps.dll,,,,,,,,,,,,,,,,,,,,,,,,,,,,,,,,,,,,,,,,,,,,,,,,,,,,,,,,,,
2026-09-08T02:18:37.216120Z,"{'#attributes': {'Qualifiers': 16384}, '#text': 894}",dc.scaffold.htb,MSSQL$SQLEXPRESS,Application,11208,4,,,,7E0300000A0000000E000000440043005C00530051004C004500580050005200450053005300000000000000,,,,,,,,1048576,587650,,,,,,,,,,,,,,,,,,,,,,,,,,,,,,,,,,,,,,,,,,,,,,,,,,,,,,,,,,
2026-09-08T02:18:37.262992Z,"{'#attributes': {'Qualifiers': 0}, '#text': 102}",dc.scaffold.htb,ESENT,Application,11209,4,,,,,,,,,,,,certsrv.exe,"2940,P,98",,,,,,,,,,,,,,,0,10,00,20348,0000,,,,,,,,,,,,,,,,,,,,,,,,,,,,,,,,,,,,,,,
2026-09-08T02:18:37.278618Z,"{'#attributes': {'Qualifiers': 16384}, '#text': 49917}",dc.scaffold.htb,MSSQL$SQLEXPRESS,Application,11210,4,,,,FDC200000A0000000E000000440043005C00530051004C004500580050005200450053005300000000000000,,,,,,,,SQL_Latin1_General_CP1_CI_AS,us_english,,,,,,,,,,,1033,,,,,,,,,,,,,,,,,,,,,,,,,,,,,,,,,,,,,,,,,,,,,,,
2026-09-08T02:18:37.575492Z,"{'#attributes': {'Qualifiers': 0}, '#text': 105}",dc.scaffold.htb,ESENT,Application,11211,4,,,,,,,,,,,,certsrv.exe,"2940,D,0",,,,,,,,,,,,,,,0,0,"
[1] 0.002163 +J(0) +M(C:0K, Fs:171, WS:668K # 668K, PF:2880K # 2612K, P:2880K)
[2] 0.000582 +J(0) +M(C:3200K, Fs:141, WS:552K # 552K, PF:3676K # 3676K, P:3676K)
[3] 0.000018 +J(0) +M(C:0K, Fs:3, WS:12K # 12K, PF:64K # 64K, P:64K)
[4] 0.000117 +J(0) +M(C:0K, Fs:21, WS:80K # 80K, PF:516K # 516K, P:516K)
[5] 0.001334 +J(0) +M(C:0K, Fs:10, WS:40K # 40K, PF:20K # 20K, P:20K)
[6] 0.004610 +J(0) +M(C:0K, Fs:33, WS:132K # 132K, PF:12K # 12K, P:12K)
[7] 0.007376 -0.003931 (3) WT +J(0) +M(C:0K, Fs:275, WS:1096K # 1096K, PF:1028K # 1028K, P:1028K)
[8] -
[9] -
[10] -
[11] -
[12] -
[13] 0.301104 -0.007667 (4) WT +J(CM:0, PgRf:0, Rd:0/0, Dy:0/0, Lg:616/1) +M(C:0K, Fs:19, WS:-956K # 60K, PF:-956K # 72K, P:-956K)
[14] 0.000030 +J(0)
[15] 0.000207 +J(0) +M(C:0K, Fs:101, WS:400K # 0K, PF:68K # 0K, P:68K)
[16] 0.002539 -0.002333 (1) WT +J(0) +M(C:0K, Fs:3, WS:4K # 0K, PF:0K # 0K, P:0K).",,,,,,,,,,,,,,,,,,,,,,,,,,,,,,,,,,,,,,,,,
2026-09-08T02:18:37.622367Z,"{'#attributes': {'Qualifiers': 0}, '#text': 326}",dc.scaffold.htb,ESENT,Application,11212,4,,,,,,,,,,,,certsrv.exe,"2940,D,50",,,,,,,,,,,,,,,1,C:\Windows\system32\CertLog\scaffold-DC-CA.edb,0,"
[1] 0.000006 +J(0) +M(C:0K, Fs:1, WS:4K # 0K, PF:0K # 0K, P:0K)
[2] 0.001733 -0.001417 (1) WT +J(0) +M(C:0K, Fs:18, WS:8K # 0K, PF:4K # 0K, P:4K)
[3] 0.023068 -0.015240 (6) WT +J(CM:0, PgRf:0, Rd:0/0, Dy:0/0, Lg:3480/2) +M(C:0K, Fs:23, WS:88K # 0K, PF:116K # 0K, P:116K)
[4] 0.000115 +J(0)
[5] -
[6] -
[7] -
[8] 0.002525 -0.002279 (2) CM -0.002191 (2) WT +J(CM:2, PgRf:2, Rd:14/2, Dy:0/0, Lg:54/1) +M(C:0K, Fs:40, WS:160K # 0K, PF:148K # 0K, P:148K)
[9] 0.005731 -0.005465 (3) CM -0.005315 (3) WT +J(CM:3, PgRf:23, Rd:0/2, Dy:0/0, Lg:0/0) +M(C:0K, Fs:31, WS:124K # 0K, PF:196K # 0K, P:196K)
[10] 0.002739 -0.002588 (1) CM -0.002502 (1) WT +J(CM:1, PgRf:40, Rd:0/1, Dy:0/0, Lg:0/0) +M(C:0K, Fs:5, WS:20K # 0K, PF:64K # 0K, P:64K)
[11] 0.000030 +J(CM:0, PgRf:1, Rd:0/0, Dy:0/0, Lg:0/0) +M(C:0K, Fs:4, WS:16K # 0K, PF:0K # 0K, P:0K)
[12] 0.000067 +J(CM:0, PgRf:42, Rd:0/0, Dy:0/0, Lg:0/0) +M(C:0K, Fs:1, WS:4K # 0K, PF:0K # 0K, P:0K)
[13] 0.000001 +J(0)
[14] 0.000001 +J(0)
[15] 0.000008 +J(CM:0, PgRf:1, Rd:0/0, Dy:0/0, Lg:0/0).",0 0,"lgposAttach = 00000005:00A4:0268,
dbv = 1568.180.400 (9360)",,,,,,,,,,,,,,,,,,,,,,,,,,,,,,,,,,,,,,
2026-09-08T02:18:37.637993Z,"{'#attributes': {'Qualifiers': 16384}, '#text': 873}",dc.scaffold.htb,MSSQL$SQLEXPRESS,Application,11213,4,,,,690300000A0000000E000000440043005C00530051004C004500580050005200450053005300000000000000,,,,,,,,,,,,,,,,,,,,,,,,,,,,,,,,,,,,,,,,,,,,,,,,,,,,,,,,,,,,,,,,,,,
2026-09-08T02:18:38.137993Z,"{'#attributes': {'Qualifiers': 0}, '#text': 105}",dc.scaffold.htb,ESENT,Application,11214,4,,,,,,,,,,,,DFSRs,"3016,D,0",,,,,,,,,,,\\.\C:\System Volume Information\DFSR\database_D030_CE70_30CE_5D5A\dfsr.db: ,,,,0,0,"
[1] 0.001482 +J(0) +M(C:0K, Fs:209, WS:812K # 812K, PF:2716K # 2608K, P:2716K)
[2] 0.001353 +J(0) +M(C:16K, Fs:142, WS:556K # 556K, PF:4136K # 4136K, P:4136K)
[3] 0.000022 +J(0) +M(C:0K, Fs:4, WS:12K # 12K, PF:68K # 68K, P:68K)
[4] 0.000214 +J(0) +M(C:2032K, Fs:32, WS:124K # 124K, PF:2432K # 2432K, P:2432K)
[5] 0.001095 +J(0) +M(C:0K, Fs:10, WS:40K # 40K, PF:24K # 24K, P:24K)
[6] 0.001033 +J(0) +M(C:0K, Fs:14, WS:52K # 52K, PF:16K # 16K, P:16K)
[7] -
[8] -
[9] -
[10] -
[11] -
[12] -
[13] 0.509440 -0.049509 (22) WT +J(CM:0, PgRf:0, Rd:0/0, Dy:0/0, Lg:616/1) +M(C:0K, Fs:1504, WS:808K # 5912K, PF:76K # 5200K, P:76K)
[14] 0.000018 +J(0)
[15] 0.000095 +J(0) +M(C:0K, Fs:64, WS:256K # 0K, PF:64K # 0K, P:64K)
[16] 0.437972 -0.002838 (3) WT +J(0) +M(C:0K, Fs:18, WS:64K # 0K, PF:0K # 0K, P:0K).",,,,,,,,,,,,,,,,,,,,,,,,,,,,,,,,,,,,,,,,,
2026-09-08T02:18:38.575493Z,"{'#attributes': {'Qualifiers': 16384}, '#text': 17176}",dc.scaffold.htb,MSSQL$SQLEXPRESS,Application,11215,4,,,,184300000A0000000E000000440043005C00530051004C004500580050005200450053005300000000000000,,,,,,,,3180,9/1/2026 11:00:40 PM,,,,,,,,,,,9/2/2026 6:00:40 AM,,,,,,,,,,,,,,,,,,,,,,,,,,,,,,,,,,,,,,,,,,,,,,,
2026-09-08T02:18:38.575493Z,"{'#attributes': {'Qualifiers': 16384}, '#text': 17811}",dc.scaffold.htb,MSSQL$SQLEXPRESS,Application,11216,4,,,,934500000A0000000E000000440043005C00530051004C004500580050005200450053005300000000000000,,,,,,,1,,,,,,,,,,,,,,,,,,,,,,,,,,,,,,,,,,,,,,,,,,,,,,,,,,,,,,,,,,,,
2026-09-08T02:18:38.575493Z,"{'#attributes': {'Qualifiers': 16384}, '#text': 17152}",dc.scaffold.htb,MSSQL$SQLEXPRESS,Application,11217,4,,,,004300000A0000000E000000440043005C00530051004C004500580050005200450053005300000000000000,,,,,,,,0,0000000000000003,,,,,,,,,,,0,,,,0000000000000003,0,,,,,,,,,,,,,,,,,,,,,,,,,,,,,,,,,,,,,,,,,,
2026-09-08T02:18:38.575493Z,"{'#attributes': {'Qualifiers': 16384}, '#text': 17125}",dc.scaffold.htb,MSSQL$SQLEXPRESS,Application,11218,4,,,,E54200000A0000000E000000440043005C00530051004C004500580050005200450053005300000000000000,,,,,,,,2500,5000,,,,,,,,,,,,,,,,,,,,,,,,,,,,,,,,,,,,,,,,,,,,,,,,,,,,,,,,,,
2026-09-08T02:18:38.951726Z,"{'#attributes': {'Qualifiers': 0}, '#text': 325}",dc.scaffold.htb,ESENT,Application,11219,4,,,,,,,,,,,,DFSRs,"3016,D,35",,,,,,,,,,,\\.\C:\System Volume Information\DFSR\database_D030_CE70_30CE_5D5A\dfsr.db: ,,,,1,\\.\C:\System Volume Information\DFSR\database_D030_CE70_30CE_5D5A\dfsr.db,0,"
[1] 0.000311 +J(0) +M(C:0K, Fs:4, WS:16K # 0K, PF:8K # 0K, P:8K)
[2] 0.004261 -0.002085 (1) WT +J(CM:0, PgRf:0, Rd:0/0, Dy:0/0, Lg:3480/2) +M(C:0K, Fs:4, WS:16K # 0K, PF:0K # 0K, P:0K)
[3] 0.457022 -0.000004 (3) WT +J(0) +M(C:0K, Fs:13, WS:44K # 0K, PF:28K # 0K, P:28K)
[4] 0.000524 +J(0) +M(C:0K, Fs:1, WS:4K # 0K, PF:0K # 0K, P:0K)
[5] 0.009237 -0.006089 (3) WT +J(CM:0, PgRf:3, Rd:0/0, Dy:3/6, Lg:122/4) +M(C:0K, Fs:41, WS:156K # 0K, PF:252K # 0K, P:252K)
[6] 0.014188 -0.004277 (2) WT +J(CM:0, PgRf:209, Rd:0/0, Dy:12/408, Lg:24454/447) +M(C:0K, Fs:76, WS:304K # 0K, PF:224K # 0K, P:224K)
[7] 0.014365 -0.011068 (3) WT +J(CM:0, PgRf:0, Rd:0/0, Dy:0/0, Lg:4096/3) +M(C:0K, Fs:4, WS:4K # 0K, PF:0K # 0K, P:0K)
[8] 0.000004 +J(0)
[9] 0.027381 -0.025112 (4) WT +J(0) +M(C:-52K, Fs:9, WS:-28K # 0K, PF:-52K # 0K, P:-52K)
[10] 0.270972 -0.265608 (5) WT +J(CM:0, PgRf:348, Rd:0/0, Dy:7/93, Lg:12509/130) +M(C:12K, Fs:48, WS:180K # 0K, PF:100K # 0K, P:100K)
[11] 0.000005 +J(0).",0 0,"lgposCreate = 00000001:0001:0268,
dbv = 1568.180.400 (9360)",,,,,,,,,,,,,,,,,,,,,,,,,,,,,,,,,,,,,,
2026-09-08T02:18:38.226287Z,1023,dc.scaffold.htb,Microsoft-Windows-Perflib,Application,11220,2,,,,,,,,,,,,,,,,,,,,,,,,,,,,,,,,,,,,,,,,,C:\Windows\system32\ntdsperf.dll,,,,,,,,,,,,,,126,,,,,,,,,,,,,,,,
2026-09-08T02:18:39.716119Z,"{'#attributes': {'Qualifiers': 16384}, '#text': 17118}",dc.scaffold.htb,MSSQL$SQLEXPRESS,Application,11221,4,,,,DE4200000A0000000E000000440043005C00530051004C004500580050005200450053005300000000000000,,,,,,,disabled,,,,,,,,,,,,,,,,,,,,,,,,,,,,,,,,,,,,,,,,,,,,,,,,,,,,,,,,,,,,
2026-09-08T02:18:39.950491Z,"{'#attributes': {'Qualifiers': 16384}, '#text': 49921}",dc.scaffold.htb,MSSQL$SQLEXPRESS,Application,11222,4,,,,01C300000A0000000E000000440043005C00530051004C004500580050005200450053005300000000000000,,,,,,,1,,,,,,,,,,,,,,,,,,,,,,,,,,,,,,,,,,,,,,,,,,,,,,,,,,,,,,,,,,,,
2026-09-08T02:18:39.981742Z,"{'#attributes': {'Qualifiers': 16384}, '#text': 9048}",dc.scaffold.htb,MSSQL$SQLEXPRESS,Application,11223,4,,,,582300000A0000000E000000440043005C00530051004C004500580050005200450053005300000000000000,,,,,,,clwb,,,,,,,,,,,,,,,,,,,,,,,,,,,,,,,,,,,,,,,,,,,,,,,,,,,,,,,,,,,,
2026-09-08T02:18:39.981742Z,"{'#attributes': {'Qualifiers': 16384}, '#text': 49910}",dc.scaffold.htb,MSSQL$SQLEXPRESS,Application,11224,4,,,,F6C200000A0000000E000000440043005C00530051004C004500580050005200450053005300000000000000,,,,,,,,,,,,,,,,,,,,,,,,,,,,,,,,,,,,,,,,,,,,,,,,,,,,,,,,,,,,,,,,,,,
2026-09-08T02:18:41.497365Z,"{'#attributes': {'Qualifiers': 16384}, '#text': 6253}",dc.scaffold.htb,MSSQL$SQLEXPRESS,Application,11225,4,,,,6D1800000A0000000E000000440043005C00530051004C004500580050005200450053005300000000000000,,,,,,,,v4.0.30319,C:\Windows\Microsoft.NET\Framework64\v4.0.30319\,,,,,,,,,,,,,,,,,,,,,,,,,,,,,,,,,,,,,,,,,,,,,,,,,,,,,,,,,,
2026-09-08T02:18:41.872385Z,"{'#attributes': {'Qualifiers': 16384}, '#text': 17137}",dc.scaffold.htb,MSSQL$SQLEXPRESS,Application,11226,4,,,,F14200000A0000000E000000440043005C00530051004C004500580050005200450053005300000000000000,,,,,,,master,,,,,,,,,,,,,,,,,,,,,,,,,,,,,,,,,,,,,,,,,,,,,,,,,,,,,,,,,,,,
