2026-07-09T05:41:13.227780Z,5617,dc.scaffold.htb,Microsoft-Windows-WMI,Application,7005,4,,,,,,,,,,,,,,,,,,,,,,,,,,,,,,,,,,,,,,,,,,,,,,,,,,,,,,,,,,,,,,,,,,,,,,,
2026-07-09T05:41:14.434736Z,"{'#attributes': {'Qualifiers': 16384}, '#text': 17164}",dc.scaffold.htb,MSSQL$SQLEXPRESS,Application,7006,4,,,,0C4300000A0000000E000000440043005C00530051004C004500580050005200450053005300000000000000,,,,,,,,1,2,,,,,,,,,,,2,,,,2,2,,,,,,,,,,,,,,,,,,,,,,,,,,,,,,,,,,,,,,,,,,
2026-07-09T05:41:14.434736Z,"{'#attributes': {'Qualifiers': 16384}, '#text': 17162}",dc.scaffold.htb,MSSQL$SQLEXPRESS,Application,7007,4,,,,0A4300000A0000000E000000440043005C00530051004C004500580050005200450053005300000000000000,,,,,,,,,,,,,,,,,,,,,,,,,,,,,,,,,,,,,,,,,,,,,,,,,,,,,,,,,,,,,,,,,,,
2026-07-09T05:41:14.434736Z,"{'#attributes': {'Qualifiers': 16384}, '#text': 49903}",dc.scaffold.htb,MSSQL$SQLEXPRESS,Application,7008,4,,,,EFC200000A0000000E000000440043005C00530051004C004500580050005200450053005300000000000000,,,,,,,4095,,,,,,,,,,,,,,,,,,,,,,,,,,,,,,,,,,,,,,,,,,,,,,,,,,,,,,,,,,,,
2026-07-09T05:41:14.434736Z,"{'#attributes': {'Qualifiers': 16384}, '#text': 852}",dc.scaffold.htb,MSSQL$SQLEXPRESS,Application,7009,4,,,,540300000A0000000E000000440043005C00530051004C004500580050005200450053005300000000000000,,,,,,,,,,,,,,,,,,,,,,,,,,,,,,,,,,,,,,,,,,,,,,,,,,,,,,,,,,,,,,,,,,,
2026-07-09T05:41:15.025400Z,"{'#attributes': {'Qualifiers': 16384}, '#text': 894}",dc.scaffold.htb,MSSQL$SQLEXPRESS,Application,7010,4,,,,7E0300000A0000000E000000440043005C00530051004C004500580050005200450053005300000000000000,,,,,,,,1048576,629995,,,,,,,,,,,,,,,,,,,,,,,,,,,,,,,,,,,,,,,,,,,,,,,,,,,,,,,,,,
2026-07-09T05:41:15.075361Z,"{'#attributes': {'Qualifiers': 16384}, '#text': 9027}",dc.scaffold.htb,Desktop Window Manager,Application,7011,4,,,,,,,,,,,,,,,,,,,,,,,,,,,,,,,,,,,,,,,,,,,,,,,,,,,,,,,,,,,,,,,,,,,,,,,
2026-07-09T05:41:16.200363Z,"{'#attributes': {'Qualifiers': 0}, '#text': 0}",dc.scaffold.htb,Microsoft Deployment Toolkit Monitor Service,Application,7012,4,,,,,,,,,,,Service started successfully.,,,,,,,,,,,,,,,,,,,,,,,,,,,,,,,,,,,,,,,,,,,,,,,,,,,,,,,,,,,,
2026-07-09T05:41:17.372235Z,"{'#attributes': {'Qualifiers': 49409}, '#text': 772}",dc.scaffold.htb,WDSServer,Application,7013,2,,,,,,,,,,,,WDSTFTP,dead:beef::1144:abe9:3df4:5705:49670,,,,,,,,,,,0x2740,,,,,,,,,,,,,,,,,,,,,,,,,,,,,,,,,,,,,,,,,,,,,,,
2026-07-09T05:41:17.372235Z,"{'#attributes': {'Qualifiers': 49409}, '#text': 772}",dc.scaffold.htb,WDSServer,Application,7014,2,,,,,,,,,,,,WDSTFTP,fe80::1144:abe9:3df4:5705:49670,,,,,,,,,,,0x2740,,,,,,,,,,,,,,,,,,,,,,,,,,,,,,,,,,,,,,,,,,,,,,,
2026-07-09T05:41:17.372235Z,"{'#attributes': {'Qualifiers': 49409}, '#text': 772}",dc.scaffold.htb,WDSServer,Application,7015,2,,,,,,,,,,,,WDSTFTP,dead:beef::1144:abe9:3df4:5705:49671,,,,,,,,,,,0x2740,,,,,,,,,,,,,,,,,,,,,,,,,,,,,,,,,,,,,,,,,,,,,,,
2026-07-09T05:41:17.372235Z,"{'#attributes': {'Qualifiers': 49409}, '#text': 772}",dc.scaffold.htb,WDSServer,Application,7016,2,,,,,,,,,,,,WDSTFTP,fe80::1144:abe9:3df4:5705:49671,,,,,,,,,,,0x2740,,,,,,,,,,,,,,,,,,,,,,,,,,,,,,,,,,,,,,,,,,,,,,,
2026-07-09T05:41:17.372235Z,"{'#attributes': {'Qualifiers': 49409}, '#text': 772}",dc.scaffold.htb,WDSServer,Application,7017,2,,,,,,,,,,,,WDSTFTP,dead:beef::1144:abe9:3df4:5705:49672,,,,,,,,,,,0x2740,,,,,,,,,,,,,,,,,,,,,,,,,,,,,,,,,,,,,,,,,,,,,,,
2026-07-09T05:41:17.372235Z,"{'#attributes': {'Qualifiers': 49409}, '#text': 772}",dc.scaffold.htb,WDSServer,Application,7018,2,,,,,,,,,,,,WDSTFTP,fe80::1144:abe9:3df4:5705:49672,,,,,,,,,,,0x2740,,,,,,,,,,,,,,,,,,,,,,,,,,,,,,,,,,,,,,,,,,,,,,,
2026-07-09T05:41:17.372235Z,"{'#attributes': {'Qualifiers': 49409}, '#text': 772}",dc.scaffold.htb,WDSServer,Application,7019,2,,,,,,,,,,,,WDSTFTP,dead:beef::1144:abe9:3df4:5705:49673,,,,,,,,,,,0x2740,,,,,,,,,,,,,,,,,,,,,,,,,,,,,,,,,,,,,,,,,,,,,,,
2026-07-09T05:41:17.372235Z,"{'#attributes': {'Qualifiers': 49409}, '#text': 772}",dc.scaffold.htb,WDSServer,Application,7020,2,,,,,,,,,,,,WDSTFTP,fe80::1144:abe9:3df4:5705:49673,,,,,,,,,,,0x2740,,,,,,,,,,,,,,,,,,,,,,,,,,,,,,,,,,,,,,,,,,,,,,,
2026-07-09T05:41:17.372235Z,"{'#attributes': {'Qualifiers': 49409}, '#text': 772}",dc.scaffold.htb,WDSServer,Application,7021,2,,,,,,,,,,,,WDSTFTP,dead:beef::1144:abe9:3df4:5705:49674,,,,,,,,,,,0x2740,,,,,,,,,,,,,,,,,,,,,,,,,,,,,,,,,,,,,,,,,,,,,,,
2026-07-09T05:41:17.372235Z,"{'#attributes': {'Qualifiers': 49409}, '#text': 772}",dc.scaffold.htb,WDSServer,Application,7022,2,,,,,,,,,,,,WDSTFTP,fe80::1144:abe9:3df4:5705:49674,,,,,,,,,,,0x2740,,,,,,,,,,,,,,,,,,,,,,,,,,,,,,,,,,,,,,,,,,,,,,,
2026-07-09T05:41:17.372235Z,"{'#attributes': {'Qualifiers': 49409}, '#text': 772}",dc.scaffold.htb,WDSServer,Application,7023,2,,,,,,,,,,,,WDSTFTP,dead:beef::1144:abe9:3df4:5705:49677,,,,,,,,,,,0x2740,,,,,,,,,,,,,,,,,,,,,,,,,,,,,,,,,,,,,,,,,,,,,,,
2026-07-09T05:41:17.372235Z,"{'#attributes': {'Qualifiers': 49409}, '#text': 772}",dc.scaffold.htb,WDSServer,Application,7024,2,,,,,,,,,,,,WDSTFTP,fe80::1144:abe9:3df4:5705:49677,,,,,,,,,,,0x2740,,,,,,,,,,,,,,,,,,,,,,,,,,,,,,,,,,,,,,,,,,,,,,,
2026-07-09T05:41:17.372235Z,"{'#attributes': {'Qualifiers': 49409}, '#text': 772}",dc.scaffold.htb,WDSServer,Application,7025,2,,,,,,,,,,,,WDSTFTP,dead:beef::1144:abe9:3df4:5705:49678,,,,,,,,,,,0x2740,,,,,,,,,,,,,,,,,,,,,,,,,,,,,,,,,,,,,,,,,,,,,,,
2026-07-09T05:41:17.372235Z,"{'#attributes': {'Qualifiers': 49409}, '#text': 772}",dc.scaffold.htb,WDSServer,Application,7026,2,,,,,,,,,,,,WDSTFTP,fe80::1144:abe9:3df4:5705:49678,,,,,,,,,,,0x2740,,,,,,,,,,,,,,,,,,,,,,,,,,,,,,,,,,,,,,,,,,,,,,,
2026-07-09T05:41:17.659486Z,"{'#attributes': {'Qualifiers': 49409}, '#text': 772}",dc.scaffold.htb,WDSServer,Application,7027,2,,,,,,,,,,,,WDSTFTP,dead:beef::1144:abe9:3df4:5705:49679,,,,,,,,,,,0x2740,,,,,,,,,,,,,,,,,,,,,,,,,,,,,,,,,,,,,,,,,,,,,,,
2026-07-09T05:41:17.669114Z,"{'#attributes': {'Qualifiers': 49409}, '#text': 772}",dc.scaffold.htb,WDSServer,Application,7028,2,,,,,,,,,,,,WDSTFTP,fe80::1144:abe9:3df4:5705:49679,,,,,,,,,,,0x2740,,,,,,,,,,,,,,,,,,,,,,,,,,,,,,,,,,,,,,,,,,,,,,,
2026-07-09T05:41:18.762860Z,"{'#attributes': {'Qualifiers': 16384}, '#text': 781}",dc.scaffold.htb,Microsoft-Windows-Complus,Application,7029,4,,,,,,,,,,,,,,,,,,,,,,,,,,,,,,,,,,,,,,,,,,,,,,,,,,,,,,,,,,,,86400,,,,SuppressDuplicateDuration,Software\Microsoft\COM3\Eventlog,,,,,,
2026-07-09T05:41:18.887860Z,"{'#attributes': {'Qualifiers': 16384}, '#text': 49917}",dc.scaffold.htb,MSSQL$SQLEXPRESS,Application,7030,4,,,,FDC200000A0000000E000000440043005C00530051004C004500580050005200450053005300000000000000,,,,,,,,SQL_Latin1_General_CP1_CI_AS,us_english,,,,,,,,,,,1033,,,,,,,,,,,,,,,,,,,,,,,,,,,,,,,,,,,,,,,,,,,,,,,
2026-07-09T05:41:20.231616Z,"{'#attributes': {'Qualifiers': 0}, '#text': 258}",dc.scaffold.htb,VMUpgradeHelper,Application,7031,4,,,,,,,,,,,,,,,,,,,,,,,,,,,,,,,,,,,,,,,,,,,,,,,,,,,,,,,,,,,,,,,,,,,,,,,
2026-07-09T05:41:21.012864Z,"{'#attributes': {'Qualifiers': 16384}, '#text': 4202}",dc.scaffold.htb,Microsoft-Windows-MSDTC 2,Application,7032,4,,,,,,,,,,,,,,,,,,,,,,,,,,,,,,,,,,,,,,,,,,,,,,,,,,,,,,,,,,,,0,0,0,1,0,0,0,0,0,1,Mutual Authentication Required,NT AUTHORITY\NetworkService
2026-07-09T05:41:21.981613Z,"{'#attributes': {'Qualifiers': 0}, '#text': 271}",dc.scaffold.htb,VMUpgradeHelper,Application,7033,4,,,,,,,,,,,,,,,,,,,,,,,,,,,,,,,,,,,,,,,,,,,,,,,,,,,,,,,,,,,,,,,,,,,,,,,
2026-07-09T05:41:22.106612Z,"{'#attributes': {'Qualifiers': 16384}, '#text': 873}",dc.scaffold.htb,MSSQL$SQLEXPRESS,Application,7034,4,,,,690300000A0000000E000000440043005C00530051004C004500580050005200450053005300000000000000,,,,,,,,,,,,,,,,,,,,,,,,,,,,,,,,,,,,,,,,,,,,,,,,,,,,,,,,,,,,,,,,,,,
2026-07-09T05:41:25.278795Z,"{'#attributes': {'Qualifiers': 0}, '#text': 1000}",dc.scaffold.htb,VGAuth,Application,7035,0,,,,,,,,,,,vmtoolsd: Username and password mismatch for 'Administrator',,,,,,,,,,,,,,,,,,,,,,,,,,,,,,,,,,,,,,,,,,,,,,,,,,,,,,,,,,,,
2026-07-09T05:41:29.828757Z,94,dc.scaffold.htb,Microsoft-Windows-CertificationAuthority,Application,7036,3,,,,,,scaffold-DC-CA,,,,,,,,,,,,,,,,,,,,,,,,,,,,,,,,,,,,,,,,,,,,,,,,,,MSG_CA_CERT_NO_AUTH_STORE,,,,,,,,,,,,,,,
2026-07-09T05:41:29.887539Z,44,dc.scaffold.htb,Microsoft-Windows-CertificationAuthority,Application,7037,2,,,,,,,,,,,,,,,,,,,,,,,,,,,,,,,,,,,,0x8007054b (1355),,The specified domain either does not exist or could not be contacted.,,,,Initialize,,,Windows default,,,,,,,,,,,MSG_E_POLICY_ERROR,,,,,,,,,,"The Active Directory containing the Certification Authority could not be contacted.
",,,,,
2026-07-09T05:41:29.900650Z,26,dc.scaffold.htb,Microsoft-Windows-CertificationAuthority,Application,7038,4,,,,,,scaffold-DC-CA,,,  DC=,,,,,,,,,,,,,,,,,,,,,,,,,,,,,,,,,,,,,,,,,,,,,,,MSG_I_SERVER_STARTED,,,,,,,,,,,,,,,
2026-07-09T05:41:30.264648Z,65,dc.scaffold.htb,Microsoft-Windows-CertificationAuthority,Application,7039,2,,,,,,,0,,,,,,,,,,,,,,,,,,,,,,,,,,,,,,The specified server cannot perform the requested operation. 0x8007003a (WIN32: 58 ERROR_BAD_NET_RESP),,,,,,,,,,,,,,"ldap:///CN=scaffold-DC-CA,CN=dc,CN=CDP,CN=Public Key Services,CN=Services,CN=Configuration,DC=scaffold,DC=htb",,,,,MSG_E_BASE_CRL_PUBLICATION,,,,,,,,,,,,,,,
2026-07-09T05:41:30.300187Z,66,dc.scaffold.htb,Microsoft-Windows-CertificationAuthority,Application,7040,2,,,,,,,0,,,,,,,,,,,,,,,,,,,,,,,,,,,,,,Operation aborted 0x80004004 (-2147467260 E_ABORT),,,,,,,,,,,,,,"ldap:///CN=scaffold-DC-CA,CN=dc,CN=CDP,CN=Public Key Services,CN=Services,CN=Configuration,DC=scaffold,DC=htb",,,,,MSG_E_DELTA_CRL_PUBLICATION,,,,,,,,,,,,,,,
2026-07-09T05:41:30.887865Z,"{'#attributes': {'Qualifiers': 16384}, '#text': 17811}",dc.scaffold.htb,MSSQL$SQLEXPRESS,Application,7041,4,,,,934500000A0000000E000000440043005C00530051004C004500580050005200450053005300000000000000,,,,,,,1,,,,,,,,,,,,,,,,,,,,,,,,,,,,,,,,,,,,,,,,,,,,,,,,,,,,,,,,,,,,
2026-07-09T05:41:31.184784Z,"{'#attributes': {'Qualifiers': 16384}, '#text': 17176}",dc.scaffold.htb,MSSQL$SQLEXPRESS,Application,7042,4,,,,184300000A0000000E000000440043005C00530051004C004500580050005200450053005300000000000000,,,,,,,,5100,6/2/2026 7:29:57 AM,,,,,,,,,,,6/2/2026 2:29:57 PM,,,,,,,,,,,,,,,,,,,,,,,,,,,,,,,,,,,,,,,,,,,,,,,
2026-07-09T05:41:31.809738Z,"{'#attributes': {'Qualifiers': 16384}, '#text': 17152}",dc.scaffold.htb,MSSQL$SQLEXPRESS,Application,7043,4,,,,004300000A0000000E000000440043005C00530051004C004500580050005200450053005300000000000000,,,,,,,,0,0000000000000003,,,,,,,,,,,0,,,,0000000000000003,0,,,,,,,,,,,,,,,,,,,,,,,,,,,,,,,,,,,,,,,,,,
2026-07-09T05:41:32.919112Z,"{'#attributes': {'Qualifiers': 16384}, '#text': 17125}",dc.scaffold.htb,MSSQL$SQLEXPRESS,Application,7044,4,,,,E54200000A0000000E000000440043005C00530051004C004500580050005200450053005300000000000000,,,,,,,,2500,5000,,,,,,,,,,,,,,,,,,,,,,,,,,,,,,,,,,,,,,,,,,,,,,,,,,,,,,,,,,
2026-07-09T05:41:35.525558Z,1023,dc.scaffold.htb,Microsoft-Windows-Perflib,Application,7045,2,,,,,,,,,,,,,,,,,,,,,,,,,,,,,,,,,,,,,,,,,C:\Windows\system32\ntdsperf.dll,,,,,,,,,,,,,,126,,,,,,,,,,,,,,,,
2026-07-09T05:41:36.403486Z,"{'#attributes': {'Qualifiers': 16384}, '#text': 17118}",dc.scaffold.htb,MSSQL$SQLEXPRESS,Application,7046,4,,,,DE4200000A0000000E000000440043005C00530051004C004500580050005200450053005300000000000000,,,,,,,disabled,,,,,,,,,,,,,,,,,,,,,,,,,,,,,,,,,,,,,,,,,,,,,,,,,,,,,,,,,,,,
2026-07-09T05:41:36.465987Z,"{'#attributes': {'Qualifiers': 16384}, '#text': 49921}",dc.scaffold.htb,MSSQL$SQLEXPRESS,Application,7047,4,,,,01C300000A0000000E000000440043005C00530051004C004500580050005200450053005300000000000000,,,,,,,1,,,,,,,,,,,,,,,,,,,,,,,,,,,,,,,,,,,,,,,,,,,,,,,,,,,,,,,,,,,,
2026-07-09T05:41:36.778487Z,"{'#attributes': {'Qualifiers': 0}, '#text': 1000}",dc.scaffold.htb,VGAuth,Application,7048,0,,,,,,,,,,,vmtoolsd: Username and password mismatch for 'Administrator',,,,,,,,,,,,,,,,,,,,,,,,,,,,,,,,,,,,,,,,,,,,,,,,,,,,,,,,,,,,
2026-07-09T05:41:36.809738Z,"{'#attributes': {'Qualifiers': 16384}, '#text': 9048}",dc.scaffold.htb,MSSQL$SQLEXPRESS,Application,7049,4,,,,582300000A0000000E000000440043005C00530051004C004500580050005200450053005300000000000000,,,,,,,clwb,,,,,,,,,,,,,,,,,,,,,,,,,,,,,,,,,,,,,,,,,,,,,,,,,,,,,,,,,,,,
2026-07-09T05:41:36.809738Z,"{'#attributes': {'Qualifiers': 16384}, '#text': 49910}",dc.scaffold.htb,MSSQL$SQLEXPRESS,Application,7050,4,,,,F6C200000A0000000E000000440043005C00530051004C004500580050005200450053005300000000000000,,,,,,,,,,,,,,,,,,,,,,,,,,,,,,,,,,,,,,,,,,,,,,,,,,,,,,,,,,,,,,,,,,,
2026-07-09T05:41:36.872519Z,"{'#attributes': {'Qualifiers': 16384}, '#text': 6253}",dc.scaffold.htb,MSSQL$SQLEXPRESS,Application,7051,4,,,,6D1800000A0000000E000000440043005C00530051004C004500580050005200450053005300000000000000,,,,,,,,v4.0.30319,C:\Windows\Microsoft.NET\Framework64\v4.0.30319\,,,,,,,,,,,,,,,,,,,,,,,,,,,,,,,,,,,,,,,,,,,,,,,,,,,,,,,,,,
2026-07-09T05:41:37.965987Z,"{'#attributes': {'Qualifiers': 16384}, '#text': 17137}",dc.scaffold.htb,MSSQL$SQLEXPRESS,Application,7052,4,,,,F14200000A0000000E000000440043005C00530051004C004500580050005200450053005300000000000000,,,,,,,master,,,,,,,,,,,,,,,,,,,,,,,,,,,,,,,,,,,,,,,,,,,,,,,,,,,,,,,,,,,,
2026-07-09T05:41:39.153487Z,"{'#attributes': {'Qualifiers': 16641}, '#text': 517}",dc.scaffold.htb,WDSServer,Application,7053,4,,,,,,,,,,,,WDSDCMGR,C:\Windows\system32\wdsdcmgr.dll,,,,,,,,,,,,,,,,,,,,,,,,,,,,,,,,,,,,,,,,,,,,,,,,,,,,,,,,,,
2026-07-09T05:41:39.215987Z,"{'#attributes': {'Qualifiers': 16641}, '#text': 517}",dc.scaffold.htb,WDSServer,Application,7054,4,,,,,,,,,,,,WDSDCPXE,C:\Windows\system32\wdsdcpxe.dll,,,,,,,,,,,,,,,,,,,,,,,,,,,,,,,,,,,,,,,,,,,,,,,,,,,,,,,,,,
2026-07-09T05:41:39.262860Z,"{'#attributes': {'Qualifiers': 0}, '#text': 102}",dc.scaffold.htb,ESENT,Application,7055,4,,,,,,,,,,,,svchost,"2436,P,98",,,,,,,,,,,DDP: ,,,,1,10,00,20348,0000,,,,,,,,,,,,,,,,,,,,,,,,,,,,,,,,,,,,,,,
2026-07-09T05:41:39.528487Z,"{'#attributes': {'Qualifiers': 0}, '#text': 300}",dc.scaffold.htb,ESENT,Application,7056,4,,,,,,,,,,,,svchost,"2436,R,98",,,,,,,,,,,DDP: ,,,,,,,,,,,,,,,,,,,,,,,,,,,,,,,,,,,,,,,,,,,,,,,
2026-07-09T05:41:39.590988Z,"{'#attributes': {'Qualifiers': 0}, '#text': 335}",dc.scaffold.htb,ESENT,Application,7057,4,,,,,,,,,,,,svchost,"2436,R,98",,,,,,,,,,,DDP: ,,,,Create,C:\RemoteInstall\Stores\Drivers\Metadata\DdpDb.mdb,"(00000001,0001,0268)",AttachFuture,,,,,,,,,,,,,,,,,,,,,,,,,,,,,,,,,,,,,,,,
2026-07-09T05:41:39.919111Z,"{'#attributes': {'Qualifiers': 0}, '#text': 301}",dc.scaffold.htb,ESENT,Application,7058,4,,,,,,,,,,,,svchost,"2436,R,98",,,,,,,,,,,DDP: ,,,,C:\RemoteInstall\Stores\Drivers\Metadata\DDP.log,"
[1] 0.355990 -0.328128 (50) WT +J(CM:0, PgRf:0, Rd:0/0, Dy:0/0, Lg:746238/1664) +M(C:0K, Fs:855, WS:60K # 104K, PF:56K # 92K, P:56K).",Insert   ,479,,,,,,,,,,,,,,,,,,,,,,,,,,,,,,,,,,,,,,,,
2026-07-09T05:41:40.294109Z,"{'#attributes': {'Qualifiers': 0}, '#text': 302}",dc.scaffold.htb,ESENT,Application,7059,4,,,,,,,,,,,,svchost,"2436,U,98",,,,,,,,,,,DDP: ,,,,,,,,,,,,,,,,,,,,,,,,,,,,,,,,,,,,,,,,,,,,,,,
2026-07-09T05:41:40.340985Z,"{'#attributes': {'Qualifiers': 0}, '#text': 105}",dc.scaffold.htb,ESENT,Application,7060,4,,,,,,,,,,,,svchost,"2436,D,0",,,,,,,,,,,DDP: ,,,,1,1,"
[1] -
[2] -
[3] 0.001436 +J(0) +M(C:0K, Fs:3, WS:12K # 12K, PF:0K # 0K, P:0K)
[4] 0.000137 +J(0) +M(C:0K, Fs:5, WS:20K # 20K, PF:136K # 0K, P:136K)
[5] 0.000760 +J(0) +M(C:0K, Fs:3, WS:12K # 12K, PF:12K # 0K, P:12K)
[6] 0.004334 +J(0) +M(C:0K, Fs:1, WS:4K # 4K, PF:12K # 0K, P:12K)
[7] 0.265290 -0.258378 (11) WT +J(0) +M(C:0K, Fs:1283, WS:5120K # 5120K, PF:5132K # 4380K, P:5132K)
[8] 0.394225 -0.336529 (53) WT +J(CM:0, PgRf:0, Rd:0/0, Dy:0/0, Lg:746238/1664) +M(C:0K, Fs:890, WS:192K # 236K, PF:64K # 108K, P:64K)
[9] 0.000607 +J(0)
[10] 0.023890 -0.021527 (10) WT +J(0) +M(C:0K, Fs:7, WS:-5088K # 0K, PF:-5124K # 0K, P:-5124K)
[11] 0.000027 +J(CM:0, PgRf:0, Rd:0/0, Dy:0/0, Lg:49/1) +M(C:0K, Fs:1, WS:4K # 0K, PF:0K # 0K, P:0K)
[12] 0.000043 +J(0)
[13] 0.393145 -0.004146 (2) CM -0.082956 (30) WT +J(CM:2, PgRf:2, Rd:0/2, Dy:0/0, Lg:8759/5) +M(C:72K, Fs:1319, WS:-80K # 0K, PF:16K # 0K, P:16K)
[14] 0.000018 +J(0)
[15] 0.000020 +J(0)
[16] 0.003436 -0.003275 (1) WT +J(0) +M(C:0K, Fs:2, WS:0K # 0K, PF:0K # 0K, P:0K).","lgposV2[] = 00000001:0001:0000 - 00000001:00B8:0319 - 00000001:00B9:0000 - 00000001:00B9:0000 (00000000:0000:0000)
cReInits = 35
",,,,,,,,,,,,,,,,,,,,,,,,,,,,,,,,,,,,,,,,
2026-07-09T05:41:40.387863Z,"{'#attributes': {'Qualifiers': 0}, '#text': 326}",dc.scaffold.htb,ESENT,Application,7061,4,,,,,,,,,,,,svchost,"2436,D,50",,,,,,,,,,,DDP: ,,,,3,C:\RemoteInstall\Stores\Drivers\Metadata\DdpDb.mdb,0,"
[1] 0.000005 +J(0)
[2] 0.002020 -0.001745 (1) WT +J(0) +M(C:0K, Fs:24, WS:32K # 0K, PF:32K # 0K, P:32K)
[3] 0.021954 -0.013825 (6) WT +J(CM:0, PgRf:0, Rd:0/0, Dy:0/0, Lg:3480/2) +M(C:0K, Fs:13, WS:20K # 0K, PF:20K # 0K, P:20K)
[4] 0.000130 +J(0)
[5] -
[6] -
[7] -
[8] 0.000330 +J(CM:0, PgRf:2, Rd:8/0, Dy:0/0, Lg:54/1) +M(C:48K, Fs:46, WS:184K # 0K, PF:68K # 0K, P:68K)
[9] 0.009199 -0.008955 (2) CM -0.008873 (2) WT +J(CM:2, PgRf:16, Rd:0/1, Dy:0/0, Lg:0/0) +M(C:-12K, Fs:9, WS:-40K # 0K, PF:-12K # 0K, P:-12K)
[10] 0.001431 -0.001279 (1) CM -0.001241 (1) WT +J(CM:1, PgRf:35, Rd:0/1, Dy:0/0, Lg:0/0) +M(C:-28K, Fs:9, WS:8K # 0K, PF:-28K # 0K, P:-28K)
[11] 0.000011 +J(CM:0, PgRf:1, Rd:0/0, Dy:0/0, Lg:0/0)
[12] 0.000039 +J(CM:0, PgRf:42, Rd:0/0, Dy:0/0, Lg:0/0)
[13] 0.0 +J(0)
[14] 0.0 +J(0)
[15] 0.000005 +J(CM:0, PgRf:1, Rd:0/0, Dy:0/0, Lg:0/0).",1 0,"lgposAttach = 00000001:00BB:0268,
dbv = 1568.180.400 (9360)",,,,,,,,,,,,,,,,,,,,,,,,,,,,,,,,,,,,,,
2026-07-09T05:41:40.778487Z,"{'#attributes': {'Qualifiers': 16641}, '#text': 517}",dc.scaffold.htb,WDSServer,Application,7062,4,,,,,,,,,,,,WDSDDPS,C:\Windows\system32\wdsddps.dll,,,,,,,,,,,,,,,,,,,,,,,,,,,,,,,,,,,,,,,,,,,,,,,,,,,,,,,,,,
2026-07-09T05:41:40.887862Z,"{'#attributes': {'Qualifiers': 16384}, '#text': 33217}",dc.scaffold.htb,MSSQL$SQLEXPRESS,Application,7063,4,,,,C18100000A0000000E000000440043005C00530051004C0045005800500052004500530053000000070000006D00610073007400650072000000,,,,,,,,,,,,,,,,,,,,,,,,,,,,,,,,,,,,,,,,,,,,,,,,,,,,,,,,,,,,,,,,,,,
2026-07-09T05:41:41.137860Z,"{'#attributes': {'Qualifiers': 16384}, '#text': 33218}",dc.scaffold.htb,MSSQL$SQLEXPRESS,Application,7064,4,,,,C28100000A0000000E000000440043005C00530051004C0045005800500052004500530053000000070000006D00610073007400650072000000,,,,,,,,,,,,,,,,,,,,,,,,,,,,,,,,,,,,,,,,,,,,,,,,,,,,,,,,,,,,,,,,,,,
2026-07-09T05:41:41.590987Z,"{'#attributes': {'Qualifiers': 16384}, '#text': 19030}",dc.scaffold.htb,MSSQL$SQLEXPRESS,Application,7065,4,,,,564A00000A0000000E000000440043005C00530051004C0045005800500052004500530053000000070000006D00610073007400650072000000,,,,,,,,1,sa,,,,,,,,,,,,,,,,,,,,,,,,,,,,,,,,,,,,,,,,,,,,,,,,,,,,,,,,,,
2026-07-09T05:41:41.622239Z,"{'#attributes': {'Qualifiers': 16384}, '#text': 17663}",dc.scaffold.htb,MSSQL$SQLEXPRESS,Application,7066,4,,,,FF4400000A0000000E000000440043005C00530051004C0045005800500052004500530053000000070000006D00610073007400650072000000,,,,,,,DC\SQLEXPRESS,,,,,,,,,,,,,,,,,,,,,,,,,,,,,,,,,,,,,,,,,,,,,,,,,,,,,,,,,,,,
2026-07-09T05:41:41.637862Z,"{'#attributes': {'Qualifiers': 16384}, '#text': 17137}",dc.scaffold.htb,MSSQL$SQLEXPRESS,Application,7067,4,,,,F14200000A0000000E000000440043005C00530051004C0045005800500052004500530053000000070000006D00610073007400650072000000,,,,,,,msdb,,,,,,,,,,,,,,,,,,,,,,,,,,,,,,,,,,,,,,,,,,,,,,,,,,,,,,,,,,,,
2026-07-09T05:41:41.669113Z,"{'#attributes': {'Qualifiers': 16384}, '#text': 17137}",dc.scaffold.htb,MSSQL$SQLEXPRESS,Application,7068,4,,,,F14200000A0000000E000000440043005C00530051004C0045005800500052004500530053000000070000006D00610073007400650072000000,,,,,,,mssqlsystemresource,,,,,,,,,,,,,,,,,,,,,,,,,,,,,,,,,,,,,,,,,,,,,,,,,,,,,,,,,,,,
2026-07-09T05:41:41.981620Z,"{'#attributes': {'Qualifiers': 16384}, '#text': 958}",dc.scaffold.htb,MSSQL$SQLEXPRESS,Application,7069,4,,,,BE0300000A0000000E000000440043005C00530051004C0045005800500052004500530053000000070000006D00610073007400650072000000,,,,,,,15.00.2000,,,,,,,,,,,,,,,,,,,,,,,,,,,,,,,,,,,,,,,,,,,,,,,,,,,,,,,,,,,,
2026-07-09T05:41:42.059743Z,"{'#attributes': {'Qualifiers': 16384}, '#text': 26018}",dc.scaffold.htb,MSSQL$SQLEXPRESS,Application,7070,4,,,,A26500000A0000000E000000440043005C00530051004C004500580050005200450053005300000000000000,,,,,,,,,,,,,,,,,,,,,,,,,,,,,,,,,,,,,,,,,,,,,,,,,,,,,,,,,,,,,,,,,,,
2026-07-09T05:41:42.075366Z,"{'#attributes': {'Qualifiers': 16384}, '#text': 26022}",dc.scaffold.htb,MSSQL$SQLEXPRESS,Application,7071,4,,,,A66500000A0000000E000000440043005C00530051004C004500580050005200450053005300000000000000,,,,,,,,'any',ipv6,,,,,,,,,,,52951,,,,,,,,,,,,,,,,,,,,,,,,,,,,,,,,,,,,,,,,,,,,,,,
2026-07-09T05:41:42.075366Z,"{'#attributes': {'Qualifiers': 16384}, '#text': 26022}",dc.scaffold.htb,MSSQL$SQLEXPRESS,Application,7072,4,,,,A66500000A0000000E000000440043005C00530051004C004500580050005200450053005300000000000000,,,,,,,,'any',ipv4,,,,,,,,,,,52951,,,,,,,,,,,,,,,,,,,,,,,,,,,,,,,,,,,,,,,,,,,,,,,
2026-07-09T05:41:42.075366Z,"{'#attributes': {'Qualifiers': 16384}, '#text': 26048}",dc.scaffold.htb,MSSQL$SQLEXPRESS,Application,7073,4,,,,C06500000A0000000E000000440043005C00530051004C004500580050005200450053005300000000000000,,,,,,,\\.\pipe\SQLLocal\SQLEXPRESS,,,,,,,,,,,,,,,,,,,,,,,,,,,,,,,,,,,,,,,,,,,,,,,,,,,,,,,,,,,,
2026-07-09T05:41:42.075366Z,"{'#attributes': {'Qualifiers': 16384}, '#text': 26048}",dc.scaffold.htb,MSSQL$SQLEXPRESS,Application,7074,4,,,,C06500000A0000000E000000440043005C00530051004C004500580050005200450053005300000000000000,,,,,,,\\.\pipe\MSSQL$SQLEXPRESS\sql\query,,,,,,,,,,,,,,,,,,,,,,,,,,,,,,,,,,,,,,,,,,,,,,,,,,,,,,,,,,,,
2026-07-09T05:41:42.090993Z,"{'#attributes': {'Qualifiers': 16384}, '#text': 17199}",dc.scaffold.htb,MSSQL$SQLEXPRESS,Application,7075,4,,,,2F4300000A0000000E000000440043005C00530051004C004500580050005200450053005300000000000000,,,,,,,7806,,,,,,,,,,,,,,,,,,,,,,,,,,,,,,,,,,,,,,,,,,,,,,,,,,,,,,,,,,,,
2026-07-09T05:41:42.090993Z,"{'#attributes': {'Qualifiers': 16384}, '#text': 17126}",dc.scaffold.htb,MSSQL$SQLEXPRESS,Application,7076,4,,,,E64200000A0000000E000000440043005C00530051004C004500580050005200450053005300000000000000,,,,,,,,,,,,,,,,,,,,,,,,,,,,,,,,,,,,,,,,,,,,,,,,,,,,,,,,,,,,,,,,,,,
2026-07-09T05:41:42.090993Z,"{'#attributes': {'Qualifiers': 16384}, '#text': 26076}",dc.scaffold.htb,MSSQL$SQLEXPRESS,Application,7077,4,,,,DC6500000A0000000E000000440043005C00530051004C004500580050005200450053005300000000000000,,,,,,,,,,,,,,,,,,,,,,,,,,,,,,,,,,,,,,,,,,,,,,,,,,,,,,,,,,,,,,,,,,,
2026-07-09T05:41:42.348258Z,"{'#attributes': {'Qualifiers': 16384}, '#text': 26067}",dc.scaffold.htb,MSSQL$SQLEXPRESS,Application,7078,4,,,,D36500000A0000000E000000440043005C00530051004C004500580050005200450053005300000000000000,,,,,,,,MSSQLSvc/dc.scaffold.htb:SQLEXPRESS,0x2098,,,,,,,,,,,15,,,,,,,,,,,,,,,,,,,,,,,,,,,,,,,,,,,,,,,,,,,,,,,
2026-07-09T05:41:42.356610Z,"{'#attributes': {'Qualifiers': 16384}, '#text': 26067}",dc.scaffold.htb,MSSQL$SQLEXPRESS,Application,7079,4,,,,D36500000A0000000E000000440043005C00530051004C004500580050005200450053005300000000000000,,,,,,,,MSSQLSvc/dc.scaffold.htb:52951,0x2098,,,,,,,,,,,15,,,,,,,,,,,,,,,,,,,,,,,,,,,,,,,,,,,,,,,,,,,,,,,
2026-07-09T05:41:42.450362Z,"{'#attributes': {'Qualifiers': 16384}, '#text': 17137}",dc.scaffold.htb,MSSQL$SQLEXPRESS,Application,7080,4,,,,F14200000A0000000E000000440043005C00530051004C0045005800500052004500530053000000070000006D00610073007400650072000000,,,,,,,model,,,,,,,,,,,,,,,,,,,,,,,,,,,,,,,,,,,,,,,,,,,,,,,,,,,,,,,,,,,,
2026-07-09T05:41:43.387864Z,"{'#attributes': {'Qualifiers': 16384}, '#text': 17136}",dc.scaffold.htb,MSSQL$SQLEXPRESS,Application,7081,4,,,,F04200000A0000000E000000440043005C00530051004C0045005800500052004500530053000000070000006D00610073007400650072000000,,,,,,,,,,,,,,,,,,,,,,,,,,,,,,,,,,,,,,,,,,,,,,,,,,,,,,,,,,,,,,,,,,,
2026-07-09T05:41:44.122278Z,"{'#attributes': {'Qualifiers': 16384}, '#text': 17137}",dc.scaffold.htb,MSSQL$SQLEXPRESS,Application,7082,4,,,,F14200000A0000000E000000440043005C00530051004C0045005800500052004500530053000000070000006D00610073007400650072000000,,,,,,,tempdb,,,,,,,,,,,,,,,,,,,,,,,,,,,,,,,,,,,,,,,,,,,,,,,,,,,,,,,,,,,,
2026-07-09T05:41:44.465986Z,"{'#attributes': {'Qualifiers': 16384}, '#text': 9666}",dc.scaffold.htb,MSSQL$SQLEXPRESS,Application,7083,4,,,,C22500000A0000000E000000440043005C00530051004C0045005800500052004500530053000000070000006D00610073007400650072000000,,,,,,,Service Broker,,,,,,,,,,,,,,,,,,,,,,,,,,,,,,,,,,,,,,,,,,,,,,,,,,,,,,,,,,,,
2026-07-09T05:41:44.465986Z,"{'#attributes': {'Qualifiers': 16384}, '#text': 9666}",dc.scaffold.htb,MSSQL$SQLEXPRESS,Application,7084,4,,,,C22500000A0000000E000000440043005C00530051004C0045005800500052004500530053000000070000006D00610073007400650072000000,,,,,,,Database Mirroring,,,,,,,,,,,,,,,,,,,,,,,,,,,,,,,,,,,,,,,,,,,,,,,,,,,,,,,,,,,,
2026-07-09T05:41:44.715986Z,"{'#attributes': {'Qualifiers': 16384}, '#text': 9688}",dc.scaffold.htb,MSSQL$SQLEXPRESS,Application,7085,4,,,,D82500000A0000000E000000440043005C00530051004C0045005800500052004500530053000000070000006D00610073007400650072000000,,,,,,,,,,,,,,,,,,,,,,,,,,,,,,,,,,,,,,,,,,,,,,,,,,,,,,,,,,,,,,,,,,,
2026-07-09T05:41:44.738838Z,"{'#attributes': {'Qualifiers': 16384}, '#text': 3408}",dc.scaffold.htb,MSSQL$SQLEXPRESS,Application,7086,4,,,,500D00000A0000000E000000440043005C00530051004C0045005800500052004500530053000000070000006D00610073007400650072000000,,,,,,,,,,,,,,,,,,,,,,,,,,,,,,,,,,,,,,,,,,,,,,,,,,,,,,,,,,,,,,,,,,,
2026-07-09T05:41:45.731611Z,"{'#attributes': {'Qualifiers': 262}, '#text': 256}",dc.scaffold.htb,WDSIMGSRV,Application,7087,4,,,,,,,,,,,,,,,,,,,,,,,,,,,,,,,,,,,,,,,,,,,,,,,,,,,,,,,,,,,,,,,,,,,,,,,
2026-07-09T05:41:45.731611Z,"{'#attributes': {'Qualifiers': 16641}, '#text': 517}",dc.scaffold.htb,WDSServer,Application,7088,4,,,,,,,,,,,,WdsImgSrv,C:\Windows\system32\WdsImgSrv.dll,,,,,,,,,,,,,,,,,,,,,,,,,,,,,,,,,,,,,,,,,,,,,,,,,,,,,,,,,,
2026-07-09T05:41:45.825360Z,"{'#attributes': {'Qualifiers': 0}, '#text': 102}",dc.scaffold.htb,ESENT,Application,7089,4,,,,,,,,,,,,svchost,"2436,P,98",,,,,,,,,,,AAP: ,,,,2,10,00,20348,0000,,,,,,,,,,,,,,,,,,,,,,,,,,,,,,,,,,,,,,,
2026-07-09T05:41:45.840986Z,"{'#attributes': {'Qualifiers': 0}, '#text': 300}",dc.scaffold.htb,ESENT,Application,7090,4,,,,,,,,,,,,svchost,"2436,R,98",,,,,,,,,,,AAP: ,,,,,,,,,,,,,,,,,,,,,,,,,,,,,,,,,,,,,,,,,,,,,,,
2026-07-09T05:41:45.860955Z,"{'#attributes': {'Qualifiers': 0}, '#text': 335}",dc.scaffold.htb,ESENT,Application,7091,4,,,,,,,,,,,,svchost,"2436,R,98",,,,,,,,,,,AAP: ,,,,Create,C:\RemoteInstall\Mgmt\binlsvcdb.mdb,"(00000001,0001,0268)",AttachFuture,,,,,,,,,,,,,,,,,,,,,,,,,,,,,,,,,,,,,,,,
2026-07-09T05:41:45.981617Z,"{'#attributes': {'Qualifiers': 0}, '#text': 301}",dc.scaffold.htb,ESENT,Application,7092,4,,,,,,,,,,,,svchost,"2436,R,98",,,,,,,,,,,AAP: ,,,,C:\RemoteInstall\Mgmt\AAP.log,"
[1] 0.134877 -0.115956 (50) WT +J(CM:0, PgRf:0, Rd:0/0, Dy:0/0, Lg:559662/1169) +M(C:0K, Fs:854, WS:56K # 100K, PF:52K # 88K, P:52K).",Insert   ,326,,,,,,,,,,,,,,,,,,,,,,,,,,,,,,,,,,,,,,,,
2026-07-09T05:41:45.997241Z,"{'#attributes': {'Qualifiers': 0}, '#text': 302}",dc.scaffold.htb,ESENT,Application,7093,4,,,,,,,,,,,,svchost,"2436,U,98",,,,,,,,,,,AAP: ,,,,,,,,,,,,,,,,,,,,,,,,,,,,,,,,,,,,,,,,,,,,,,,
2026-07-09T05:41:46.028485Z,"{'#attributes': {'Qualifiers': 0}, '#text': 105}",dc.scaffold.htb,ESENT,Application,7094,4,,,,,,,,,,,,svchost,"2436,D,0",,,,,,,,,,,AAP: ,,,,2,0,"
[1] -
[2] -
[3] 0.000286 +J(0) +M(C:0K, Fs:3, WS:12K # 0K, PF:0K # 0K, P:0K)
[4] 0.000127 +J(0) +M(C:0K, Fs:8, WS:32K # 0K, PF:160K # 0K, P:160K)
[5] 0.000937 +J(0) +M(C:0K, Fs:5, WS:20K # 0K, PF:20K # 0K, P:20K)
[6] 0.001585 +J(0) +M(C:0K, Fs:2, WS:8K # 0K, PF:16K # 0K, P:16K)
[7] 0.016226 -0.010595 (11) WT +J(0) +M(C:0K, Fs:1283, WS:5120K # 1712K, PF:5132K # 960K, P:5132K)
[8] 0.136794 -0.116552 (53) WT +J(CM:0, PgRf:0, Rd:0/0, Dy:0/0, Lg:559662/1169) +M(C:0K, Fs:890, WS:192K # 236K, PF:60K # 104K, P:60K)
[9] 0.000560 +J(0)
[10] 0.008213 -0.006322 (10) WT +J(0) +M(C:0K, Fs:0, WS:-5116K # 0K, PF:-5128K # 0K, P:-5128K)
[11] 0.000022 +J(CM:0, PgRf:0, Rd:0/0, Dy:0/0, Lg:49/1) +M(C:0K, Fs:1, WS:4K # 0K, PF:0K # 0K, P:0K)
[12] 0.000037 +J(0)
[13] 0.037003 -0.001118 (2) CM -0.025152 (30) WT +J(CM:2, PgRf:2, Rd:0/2, Dy:0/0, Lg:8759/5) +M(C:-56K, Fs:1328, WS:-44K # 0K, PF:-116K # 0K, P:-116K)
[14] 0.000020 +J(0)
[15] 0.000019 +J(0)
[16] 0.000430 -0.000289 (1) WT +J(0) +M(C:0K, Fs:2, WS:0K # 0K, PF:0K # 0K, P:0K).","lgposV2[] = 00000001:0001:0000 - 00000001:008A:02FB - 00000001:008B:0000 - 00000001:008B:0000 (00000000:0000:0000)
cReInits = 35
",,,,,,,,,,,,,,,,,,,,,,,,,,,,,,,,,,,,,,,,
2026-07-09T05:41:46.044119Z,"{'#attributes': {'Qualifiers': 0}, '#text': 326}",dc.scaffold.htb,ESENT,Application,7095,4,,,,,,,,,,,,svchost,"2436,D,50",,,,,,,,,,,AAP: ,,,,5,C:\RemoteInstall\Mgmt\binlsvcdb.mdb,0,"
[1] 0.000003 +J(0)
[2] 0.000416 -0.000217 (1) WT +J(0) +M(C:0K, Fs:24, WS:32K # 0K, PF:32K # 0K, P:32K)
[3] 0.004448 -0.001744 (6) WT +J(CM:0, PgRf:0, Rd:0/0, Dy:0/0, Lg:3480/2) +M(C:0K, Fs:13, WS:20K # 0K, PF:20K # 0K, P:20K)
[4] 0.000097 +J(0)
[5] -
[6] -
[7] -
[8] 0.000205 +J(CM:0, PgRf:2, Rd:8/0, Dy:0/0, Lg:54/1) +M(C:92K, Fs:48, WS:192K # 0K, PF:112K # 0K, P:112K)
[9] 0.007226 -0.007029 (2) CM -0.006913 (2) WT +J(CM:2, PgRf:16, Rd:0/1, Dy:0/0, Lg:0/0) +M(C:-80K, Fs:0, WS:-80K # 0K, PF:-80K # 0K, P:-80K)
[10] 0.001147 -0.001027 (1) CM -0.000953 (1) WT +J(CM:1, PgRf:35, Rd:0/1, Dy:0/0, Lg:0/0) +M(C:-28K, Fs:0, WS:-28K # 0K, PF:-28K # 0K, P:-28K)
[11] 0.000011 +J(CM:0, PgRf:1, Rd:0/0, Dy:0/0, Lg:0/0)
[12] 0.000040 +J(CM:0, PgRf:42, Rd:0/0, Dy:0/0, Lg:0/0)
[13] 0.0 +J(0)
[14] 0.0 +J(0)
[15] 0.000005 +J(CM:0, PgRf:1, Rd:0/0, Dy:0/0, Lg:0/0).",1 0,"lgposAttach = 00000001:008D:0268,
dbv = 1568.180.400 (9360)",,,,,,,,,,,,,,,,,,,,,,,,,,,,,,,,,,,,,,
2026-07-09T05:41:46.137862Z,"{'#attributes': {'Qualifiers': 16645}, '#text': 1305}",dc.scaffold.htb,BINLSVC,Application,7096,4,,,,,,,,,,,,x86{C483A897-6298-4236-9D53-36CEEC1E8A9B}.bcd,x86,,,,,,,,,,,,,,,,,,,,,,,,,,,,,,,,,,,,,,,,,,,,,,,,,,,,,,,,,,
2026-07-09T05:41:46.200361Z,"{'#attributes': {'Qualifiers': 16645}, '#text': 1305}",dc.scaffold.htb,BINLSVC,Application,7097,4,,,,,,,,,,,,x64{421AC065-FBBF-431C-B68D-9FD2D45FA106}.bcd,x64,,,,,,,,,,,,,,,,,,,,,,,,,,,,,,,,,,,,,,,,,,,,,,,,,,,,,,,,,,
2026-07-09T05:41:46.294110Z,"{'#attributes': {'Qualifiers': 16645}, '#text': 1305}",dc.scaffold.htb,BINLSVC,Application,7098,4,,,,,,,,,,,,arm64{9C824EB3-ACAD-4CD3-96E3-18F8BAF8F0E5}.bcd,arm64,,,,,,,,,,,,,,,,,,,,,,,,,,,,,,,,,,,,,,,,,,,,,,,,,,,,,,,,,,
2026-07-09T05:41:46.372236Z,"{'#attributes': {'Qualifiers': 16645}, '#text': 1305}",dc.scaffold.htb,BINLSVC,Application,7099,4,,,,,,,,,,,,x86x64{97E52D44-A044-4BE3-BA21-F10D67AAD88D}.bcd,x86x64,,,,,,,,,,,,,,,,,,,,,,,,,,,,,,,,,,,,,,,,,,,,,,,,,,,,,,,,,,
2026-07-09T05:41:46.506029Z,"{'#attributes': {'Qualifiers': 16645}, '#text': 1305}",dc.scaffold.htb,BINLSVC,Application,7100,4,,,,,,,,,,,,arm{EE13D898-5357-4821-91CD-0C9DED249BDD}.bcd,arm,,,,,,,,,,,,,,,,,,,,,,,,,,,,,,,,,,,,,,,,,,,,,,,,,,,,,,,,,,
2026-07-09T05:41:46.544110Z,"{'#attributes': {'Qualifiers': 16645}, '#text': 1305}",dc.scaffold.htb,BINLSVC,Application,7101,4,,,,,,,,,,,,x86uefi{14A7484D-2140-4F01-BA6F-68FE68FE5842}.bcd,x86uefi,,,,,,,,,,,,,,,,,,,,,,,,,,,,,,,,,,,,,,,,,,,,,,,,,,,,,,,,,,
2026-07-09T05:41:46.637862Z,"{'#attributes': {'Qualifiers': 16645}, '#text': 1305}",dc.scaffold.htb,BINLSVC,Application,7102,4,,,,,,,,,,,,x64uefi{A875B1E5-40C4-4FD3-A622-50AE8208D61E}.bcd,x64uefi,,,,,,,,,,,,,,,,,,,,,,,,,,,,,,,,,,,,,,,,,,,,,,,,,,,,,,,,,,
2026-07-09T05:41:46.669111Z,"{'#attributes': {'Qualifiers': 16647}, '#text': 262}",dc.scaffold.htb,WDSPXE,Application,7103,4,,,,,,,,,,,,WDSDCPXE,C:\Windows\system32\wdsdcpxe.dll,,,,,,,,,,,,,,,,,,,,,,,,,,,,,,,,,,,,,,,,,,,,,,,,,,,,,,,,,,
2026-07-09T05:41:46.778487Z,"{'#attributes': {'Qualifiers': 16647}, '#text': 777}",dc.scaffold.htb,WDSPXE,Application,7104,4,,,,,,,,,,,,,,,,,,,,,,,,,,,,,,,,,,,,,,,,,,,,,,,,,,,,,,,,,,,,,,,,,,,,,,,
2026-07-09T05:41:46.778487Z,"{'#attributes': {'Qualifiers': 16641}, '#text': 517}",dc.scaffold.htb,WDSServer,Application,7105,4,,,,,,,,,,,,WDSPXE,C:\Windows\system32\wdspxe.dll,,,,,,,,,,,,,,,,,,,,,,,,,,,,,,,,,,,,,,,,,,,,,,,,,,,,,,,,,,
2026-07-09T05:41:46.809737Z,"{'#attributes': {'Qualifiers': 16641}, '#text': 256}",dc.scaffold.htb,WDSServer,Application,7106,4,,,,,,,,,,,,,,,,,,,,,,,,,,,,,,,,,,,,,,,,,,,,,,,,,,,,,,,,,,,,,,,,,,,,,,,
2026-07-09T05:41:48.200361Z,"{'#attributes': {'Qualifiers': 0}, '#text': 1000}",dc.scaffold.htb,VGAuth,Application,7107,0,,,,,,,,,,,vmtoolsd: Username and password mismatch for 'Administrator',,,,,,,,,,,,,,,,,,,,,,,,,,,,,,,,,,,,,,,,,,,,,,,,,,,,,,,,,,,,
2026-07-09T05:41:48.606609Z,"{'#attributes': {'Qualifiers': 16384}, '#text': 1003}",dc.scaffold.htb,Microsoft-Windows-Security-SPP,Application,7108,4,,,,,,,,,,,,55c92734-d682-4d71-983e-d6ec3f16059f,"
1: c1a197b6-ba5e-4394-b9bf-b659a6c1b873, 1, 1 [(0 [0xC004E003, 0, 0], [( 2 0xC004F00F 0 0 msft:rm/algorithm/hwid/4.0 0x00000000 0)( 1 0x00000000)(?)( 2 0xC004F00F 0 0 msft:rm/algorithm/hwid/4.0 0x00000000 0)(?)(?)( 10 0x00000000 msft:rm/algorithm/flags/1.0)(?)])(1 )(2 )(3 [0x00000000, 0, 0], [( 6 0xC004F009 10 0)( 1 0x00000000)( 6 0xC004F009 10 0)(?)(?)(?)( 10 0x00000000 msft:rm/algorithm/flags/1.0)( 11 0x00000000 0xC004F00F)])]

",,,,,,,,,,,,,,,,,,,,,,,,,,,,,,,,,,,,,,,,,,,,,,,,,,,,,,,,,,
2026-07-09T05:41:48.637859Z,"{'#attributes': {'Qualifiers': 49152}, '#text': 8198}",dc.scaffold.htb,Microsoft-Windows-Security-SPP,Application,7109,2,,,,,,,,,,,,hr=0x8007139F,RuleId=3482d82e-ca2c-4e1f-8864-da0267b484b2;Action=AutoActivate;AppId=55c92734-d682-4d71-983e-d6ec3f16059f;SkuId=c1a197b6-ba5e-4394-b9bf-b659a6c1b873;NotificationInterval=1440;Trigger=NetworkAvailable,,,,,,,,,,,,,,,,,,,,,,,,,,,,,,,,,,,,,,,,,,,,,,,,,,,,,,,,,,
2026-07-09T05:41:49.231627Z,"{'#attributes': {'Qualifiers': 16384}, '#text': 1013}",dc.scaffold.htb,Microsoft-Windows-Security-SPP,Application,7110,0,,,,,,,,,,,c1a197b6-ba5e-4394-b9bf-b659a6c1b873,,,,,,,,,,,,,,,,,,,,,,,,,,,,,,,,,,,,,,,,,,,,,,,,,,,,,,,,,,,,
2026-07-09T05:41:49.309758Z,"{'#attributes': {'Qualifiers': 16384}, '#text': 1004}",dc.scaffold.htb,Microsoft-Windows-Security-SPP,Application,7111,4,,,,,,,,,,,,XrML 2.1 License - {msft:sl/EUL/ACTIVATED/PUBLIC},52dcfb52-94d2-49af-b7e0-0e805ea15045,,,,,,,,,,,,,,,,,,,,,,,,,,,,,,,,,,,,,,,,,,,,,,,,,,,,,,,,,,
2026-07-09T05:41:49.309758Z,"{'#attributes': {'Qualifiers': 16384}, '#text': 1004}",dc.scaffold.htb,Microsoft-Windows-Security-SPP,Application,7112,4,,,,,,,,,,,,XrML 2.1 License - {msft:sl/EUL/ACTIVATED/PRIVATE},b0f7bbd8-19fd-47e4-bcd5-029249e463aa,,,,,,,,,,,,,,,,,,,,,,,,,,,,,,,,,,,,,,,,,,,,,,,,,,,,,,,,,,
2026-07-09T05:41:49.356609Z,"{'#attributes': {'Qualifiers': 32768}, '#text': 1067}",dc.scaffold.htb,Microsoft-Windows-Security-SPP,Application,7113,4,,,,01000000,,,,,,,,0x00000000,c1a197b6-ba5e-4394-b9bf-b659a6c1b873,,,,,,,,,,,SL_ACTIVATION_VALIDATION_IN_PROGRESS,,,,,,,,,,,,,,,,,,,,,,,,,,,,,,,,,,,,,,,,,,,,,,,
2026-07-09T05:41:50.122238Z,"{'#attributes': {'Qualifiers': 49152}, '#text': 20488}",dc.scaffold.htb,Microsoft-Windows-Security-SPP,Application,7114,4,,,,,,,,,,,,,,,,,,,,,,,,,,,,,,,,,,,,,,,,,,,,,,,,,,,,,,,,,,,,,,,,,,,,,,,
2026-07-09T05:41:50.794114Z,"{'#attributes': {'Qualifiers': 49152}, '#text': 20481}",dc.scaffold.htb,Microsoft-Windows-Security-SPP,Application,7115,4,,,,,,,,,,,,,,,,,,,,,,,,,,,,,,,,,,,,,,,,,,,,,,,,,,,,,,,,,,,,,,,,,,,,,,,
2026-07-09T05:41:51.325360Z,"{'#attributes': {'Qualifiers': 49152}, '#text': 20482}",dc.scaffold.htb,Microsoft-Windows-Security-SPP,Application,7116,4,,,,,,,,,,,,,,,,,,,,,,,,,,,,,,,,,,,,,,,,,,,,,,,,,,,,,,,,,,,,,,,,,,,,,,,
2026-07-09T05:41:52.575407Z,"{'#attributes': {'Qualifiers': 16384}, '#text': 1034}",dc.scaffold.htb,Microsoft-Windows-Security-SPP,Application,7117,4,,,,,,,,,,,,Security-SPP-Reserved-LicenseProperties,100,,,,,,,,,,,,,,,,,,,,,,,,,,,,,,,,,,,,,,,,,,,,,,,,,,,,,,,,,,
2026-07-09T05:41:52.575407Z,"{'#attributes': {'Qualifiers': 16384}, '#text': 1033}",dc.scaffold.htb,Microsoft-Windows-Security-SPP,Application,7118,4,,,,,,,,,,,,(Security-SPP-Reserved-EnableNotificationMode) ,55c92734-d682-4d71-983e-d6ec3f16059f,,,,,,,,,,,c1a197b6-ba5e-4394-b9bf-b659a6c1b873,,,,,,,,,,,,,,,,,,,,,,,,,,,,,,,,,,,,,,,,,,,,,,,
2026-07-09T05:41:52.937817Z,"{'#attributes': {'Qualifiers': 16384}, '#text': 1003}",dc.scaffold.htb,Microsoft-Windows-Security-SPP,Application,7119,4,,,,,,,,,,,,55c92734-d682-4d71-983e-d6ec3f16059f,"
1: c1a197b6-ba5e-4394-b9bf-b659a6c1b873, 1, 1 [(0 [0x00000000, 1, 0], [(?)( 1 0x00000000)(?)( 2 0x00000000 0 0 msft:rm/algorithm/hwid/4.0 0x00000000 0)(?)( 9 0x00000000 180 177652)( 10 0x00000000 msft:rm/algorithm/flags/1.0)(?)])(1 )(2 )(3 )]

",,,,,,,,,,,,,,,,,,,,,,,,,,,,,,,,,,,,,,,,,,,,,,,,,,,,,,,,,,
2026-07-09T05:41:52.950406Z,"{'#attributes': {'Qualifiers': 32768}, '#text': 1037}",dc.scaffold.htb,Microsoft-Windows-Security-SPP,Application,7120,4,,,,,,,,,,,,validity,177652,,,,,,,,,,,,,,,,,,,,,,,,,,,,,,,,,,,,,,,,,,,,,,,,,,,,,,,,,,
2026-07-09T05:41:54.262866Z,"{'#attributes': {'Qualifiers': 49152}, '#text': 20489}",dc.scaffold.htb,Microsoft-Windows-Security-SPP,Application,7121,4,,,,,,,,,,,,,,,,,,,,,,,,,,,,,,,,,,,,,,,,,,,,,,,,,,,,,,,,,,,,,,,,,,,,,,,
2026-07-09T05:41:54.340984Z,"{'#attributes': {'Qualifiers': 16384}, '#text': 16388}",dc.scaffold.htb,Microsoft-Windows-Security-SPP,Application,7122,4,,,,,,,,,,,,2026-07-09T05:41:54Z,2026-07-09T05:41:54Z,,,,,,,,,,,,,,,,,,,,,,,,,,,,,,,,,,,,,,,,,,,,,,,,,,,,,,,,,,
2026-07-09T05:41:54.606610Z,"{'#attributes': {'Qualifiers': 16384}, '#text': 8230}",dc.scaffold.htb,Microsoft-Windows-Security-SPP,Application,7123,4,,,,,,,,,,,Security-SPP-Action-StateData (REG_SZ) =AppId=55c92734-d682-4d71-983e-d6ec3f16059f;GraceEndDate=2026/11/09:14:33:54;LastConsumptionReason=0x4004fc04;LastNotificationId=Cleanup;LicenseState=SL_LICENSING_STATUS_LICENSED;PartialProductKey=W8JDY;ProductKeyType=Retail:TB:Eval;SkuId=c1a197b6-ba5e-4394-b9bf-b659a6c1b873;ruleId=379cccfb-d4e0-48fe-b0f2-0136097be147;uxDifferentiator=TIMEBASED_EVAL,,,,,,,,,,,,,,,,,,,,,,,,,,,,,,,,,,,,,,,,,,,,,,,,,,,,,,,,,,,,
2026-07-09T05:41:54.622236Z,"{'#attributes': {'Qualifiers': 49152}, '#text': 8197}",dc.scaffold.htb,Microsoft-Windows-Security-SPP,Application,7124,4,,,,,,,,,,,RuleId=379cccfb-d4e0-48fe-b0f2-0136097be147;Action=CleanupState;AppId=55c92734-d682-4d71-983e-d6ec3f16059f;SkuId=c1a197b6-ba5e-4394-b9bf-b659a6c1b873;Trigger=TimerEvent,,,,,,,,,,,,,,,,,,,,,,,,,,,,,,,,,,,,,,,,,,,,,,,,,,,,,,,,,,,,
2026-07-09T05:41:55.231623Z,"{'#attributes': {'Qualifiers': 16384}, '#text': 12305}",dc.scaffold.htb,Microsoft-Windows-Security-SPP,Application,7125,4,,,,,,,,,,,55c92734-d682-4d71-983e-d6ec3f16059f,,,,,,,,,,,,,,,,,,,,,,,,,,,,,,,,,,,,,,,,,,,,,,,,,,,,,,,,,,,,
2026-07-09T05:41:55.231623Z,"{'#attributes': {'Qualifiers': 16384}, '#text': 12304}",dc.scaffold.htb,Microsoft-Windows-Security-SPP,Application,7126,4,,,,,,,,,,,{99d92734-d682-4d71-983e-d6ec3f16059f},,,,,,,,,,,,,,,,,,,,,,,,,,,,,,,,,,,,,,,,,,,,,,,,,,,,,,,,,,,,
2026-07-09T05:41:55.450372Z,"{'#attributes': {'Qualifiers': 16384}, '#text': 12311}",dc.scaffold.htb,Microsoft-Windows-Security-SPP,Application,7127,4,,,,,,,,,,,,,,,,,,,,,,,,,,,,,,,,,,,,,,,,,,,,,,,,,,,,,,,,,,,,,,,,,,,,,,,
2026-07-09T05:41:55.887860Z,"{'#attributes': {'Qualifiers': 16384}, '#text': 1034}",dc.scaffold.htb,Microsoft-Windows-Security-SPP,Application,7128,4,,,,,,,,,,,,Security-SPP-Reserved-LicenseProperties,100,,,,,,,,,,,,,,,,,,,,,,,,,,,,,,,,,,,,,,,,,,,,,,,,,,,,,,,,,,
2026-07-09T05:41:55.903484Z,"{'#attributes': {'Qualifiers': 16384}, '#text': 1033}",dc.scaffold.htb,Microsoft-Windows-Security-SPP,Application,7129,4,,,,,,,,,,,,(Security-SPP-Reserved-EnableNotificationMode) ,55c92734-d682-4d71-983e-d6ec3f16059f,,,,,,,,,,,c1a197b6-ba5e-4394-b9bf-b659a6c1b873,,,,,,,,,,,,,,,,,,,,,,,,,,,,,,,,,,,,,,,,,,,,,,,
2026-07-09T05:41:55.997236Z,"{'#attributes': {'Qualifiers': 16384}, '#text': 1003}",dc.scaffold.htb,Microsoft-Windows-Security-SPP,Application,7130,4,,,,,,,,,,,,55c92734-d682-4d71-983e-d6ec3f16059f,"
1: c1a197b6-ba5e-4394-b9bf-b659a6c1b873, 1, 1 [(0 [0x00000000, 1, 0], [(?)( 1 0x00000000)(?)( 2 0x00000000 0 0 msft:rm/algorithm/hwid/4.0 0x00000000 0)(?)( 9 0x00000000 180 177652)( 10 0x00000000 msft:rm/algorithm/flags/1.0)(?)])(1 )(2 )(3 )]

",,,,,,,,,,,,,,,,,,,,,,,,,,,,,,,,,,,,,,,,,,,,,,,,,,,,,,,,,,
2026-07-09T05:41:56.012858Z,"{'#attributes': {'Qualifiers': 16384}, '#text': 1003}",dc.scaffold.htb,Microsoft-Windows-Security-SPP,Application,7131,4,,,,,,,,,,,,55c92734-d682-4d71-983e-d6ec3f16059f,"
1: c1a197b6-ba5e-4394-b9bf-b659a6c1b873, 1, 1 [(0 [0x00000000, 1, 0], [(?)( 1 0x00000000)(?)( 2 0x00000000 0 0 msft:rm/algorithm/hwid/4.0 0x00000000 0)(?)( 9 0x00000000 180 177652)( 10 0x00000000 msft:rm/algorithm/flags/1.0)(?)])(1 )(2 )(3 )]

",,,,,,,,,,,,,,,,,,,,,,,,,,,,,,,,,,,,,,,,,,,,,,,,,,,,,,,,,,
2026-07-09T05:41:56.059735Z,"{'#attributes': {'Qualifiers': 49152}, '#text': 8197}",dc.scaffold.htb,Microsoft-Windows-Security-SPP,Application,7132,4,,,,,,,,,,,RuleId=3482d82e-ca2c-4e1f-8864-da0267b484b2;Action=AutoActivate;AppId=55c92734-d682-4d71-983e-d6ec3f16059f;SkuId=c1a197b6-ba5e-4394-b9bf-b659a6c1b873;NotificationInterval=1440;Trigger=TimerEvent,,,,,,,,,,,,,,,,,,,,,,,,,,,,,,,,,,,,,,,,,,,,,,,,,,,,,,,,,,,,
2026-07-09T05:41:59.528492Z,"{'#attributes': {'Qualifiers': 0}, '#text': 1000}",dc.scaffold.htb,VGAuth,Application,7133,0,,,,,,,,,,,vmtoolsd: Username and password mismatch for 'Administrator',,,,,,,,,,,,,,,,,,,,,,,,,,,,,,,,,,,,,,,,,,,,,,,,,,,,,,,,,,,,
2026-07-09T05:42:10.856614Z,"{'#attributes': {'Qualifiers': 0}, '#text': 1000}",dc.scaffold.htb,VGAuth,Application,7134,0,,,,,,,,,,,vmtoolsd: Username and password mismatch for 'Administrator',,,,,,,,,,,,,,,,,,,,,,,,,,,,,,,,,,,,,,,,,,,,,,,,,,,,,,,,,,,,
2026-07-09T05:42:18.044114Z,"{'#attributes': {'Qualifiers': 16384}, '#text': 1704}",dc.scaffold.htb,SceCli,Application,7135,4,,,,,,,,,,,,,,,,,,,,,,,,,,,,,,,,,,,,,,,,,,,,,,,,,,,,,,,,,,,,,,,,,,,,,,,
2026-07-09T05:42:22.434741Z,"{'#attributes': {'Qualifiers': 0}, '#text': 1000}",dc.scaffold.htb,VGAuth,Application,7136,0,,,,,,,,,,,vmtoolsd: Username and password mismatch for 'Administrator',,,,,,,,,,,,,,,,,,,,,,,,,,,,,,,,,,,,,,,,,,,,,,,,,,,,,,,,,,,,
2026-07-09T05:42:33.794112Z,"{'#attributes': {'Qualifiers': 0}, '#text': 1000}",dc.scaffold.htb,VGAuth,Application,7137,0,,,,,,,,,,,vmtoolsd: Username and password mismatch for 'Administrator',,,,,,,,,,,,,,,,,,,,,,,,,,,,,,,,,,,,,,,,,,,,,,,,,,,,,,,,,,,,
2026-07-09T05:42:40.640233Z,"{'#attributes': {'Qualifiers': 16384}, '#text': 16384}",dc.scaffold.htb,Microsoft-Windows-Security-SPP,Application,7138,4,,,,,,,,,,,,2026-07-10T05:41:40Z,TBL,,,,,,,,,,,,,,,,,,,,,,,,,,,,,,,,,,,,,,,,,,,,,,,,,,,,,,,,,,
2026-07-09T05:42:40.653487Z,"{'#attributes': {'Qualifiers': 16384}, '#text': 903}",dc.scaffold.htb,Microsoft-Windows-Security-SPP,Application,7139,0,,,,,,,,,,,,,,,,,,,,,,,,,,,,,,,,,,,,,,,,,,,,,,,,,,,,,,,,,,,,,,,,,,,,,,,
2026-07-09T05:42:45.153484Z,"{'#attributes': {'Qualifiers': 0}, '#text': 1000}",dc.scaffold.htb,VGAuth,Application,7140,0,,,,,,,,,,,vmtoolsd: Username and password mismatch for 'Administrator',,,,,,,,,,,,,,,,,,,,,,,,,,,,,,,,,,,,,,,,,,,,,,,,,,,,,,,,,,,,
2026-07-09T05:42:56.450375Z,"{'#attributes': {'Qualifiers': 0}, '#text': 1000}",dc.scaffold.htb,VGAuth,Application,7141,0,,,,,,,,,,,vmtoolsd: Username and password mismatch for 'Administrator',,,,,,,,,,,,,,,,,,,,,,,,,,,,,,,,,,,,,,,,,,,,,,,,,,,,,,,,,,,,
2026-07-09T05:43:07.778497Z,"{'#attributes': {'Qualifiers': 0}, '#text': 1000}",dc.scaffold.htb,VGAuth,Application,7142,0,,,,,,,,,,,vmtoolsd: Username and password mismatch for 'Administrator',,,,,,,,,,,,,,,,,,,,,,,,,,,,,,,,,,,,,,,,,,,,,,,,,,,,,,,,,,,,
2026-07-09T05:43:13.762953Z,"{'#attributes': {'Qualifiers': 0}, '#text': 0}",dc.scaffold.htb,edgeupdate,Application,7143,4,,,,,,,,,,,Service stopped,,,,,,,,,,,,,,,,,,,,,,,,,,,,,,,,,,,,,,,,,,,,,,,,,,,,,,,,,,,,
2026-07-09T05:43:14.044122Z,"{'#attributes': {'Qualifiers': 16384}, '#text': 900}",dc.scaffold.htb,Microsoft-Windows-Security-SPP,Application,7144,4,,,,,,,,,,,<explicit>,,,,,,,,,,,,,,,,,,,,,,,,,,,,,,,,,,,,,,,,,,,,,,,,,,,,,,,,,,,,
2026-07-09T05:43:14.169109Z,"{'#attributes': {'Qualifiers': 49152}, '#text': 16394}",dc.scaffold.htb,Microsoft-Windows-Security-SPP,Application,7145,4,,,,,,,,,,,,,,,,,,,,,,,,,,,,,,,,,,,,,,,,,,,,,,,,,,,,,,,,,,,,,,,,,,,,,,,
2026-07-09T05:43:19.262916Z,"{'#attributes': {'Qualifiers': 0}, '#text': 1000}",dc.scaffold.htb,VGAuth,Application,7146,0,,,,,,,,,,,vmtoolsd: Username and password mismatch for 'Administrator',,,,,,,,,,,,,,,,,,,,,,,,,,,,,,,,,,,,,,,,,,,,,,,,,,,,,,,,,,,,
2026-07-09T05:43:30.700381Z,"{'#attributes': {'Qualifiers': 0}, '#text': 1000}",dc.scaffold.htb,VGAuth,Application,7147,0,,,,,,,,,,,vmtoolsd: Username and password mismatch for 'Administrator',,,,,,,,,,,,,,,,,,,,,,,,,,,,,,,,,,,,,,,,,,,,,,,,,,,,,,,,,,,,
2026-07-09T05:43:42.215997Z,"{'#attributes': {'Qualifiers': 0}, '#text': 1000}",dc.scaffold.htb,VGAuth,Application,7148,0,,,,,,,,,,,vmtoolsd: Username and password mismatch for 'Administrator',,,,,,,,,,,,,,,,,,,,,,,,,,,,,,,,,,,,,,,,,,,,,,,,,,,,,,,,,,,,
2026-07-09T05:43:44.278486Z,"{'#attributes': {'Qualifiers': 16384}, '#text': 16384}",dc.scaffold.htb,Microsoft-Windows-Security-SPP,Application,7149,4,,,,,,,,,,,,2026-10-10T14:33:44Z,RulesEngine,,,,,,,,,,,,,,,,,,,,,,,,,,,,,,,,,,,,,,,,,,,,,,,,,,,,,,,,,,
2026-07-09T05:43:47.544110Z,"{'#attributes': {'Qualifiers': 0}, '#text': 0}",dc.scaffold.htb,edgeupdate,Application,7150,4,,,,,,,,,,,Service stopped,,,,,,,,,,,,,,,,,,,,,,,,,,,,,,,,,,,,,,,,,,,,,,,,,,,,,,,,,,,,
2026-07-09T05:43:48.231611Z,"{'#attributes': {'Qualifiers': 0}, '#text': 0}",dc.scaffold.htb,edgeupdate,Application,7151,4,,,,,,,,,,,Service stopped,,,,,,,,,,,,,,,,,,,,,,,,,,,,,,,,,,,,,,,,,,,,,,,,,,,,,,,,,,,,
2026-07-09T05:43:53.669127Z,"{'#attributes': {'Qualifiers': 0}, '#text': 1000}",dc.scaffold.htb,VGAuth,Application,7152,0,,,,,,,,,,,vmtoolsd: Username and password mismatch for 'Administrator',,,,,,,,,,,,,,,,,,,,,,,,,,,,,,,,,,,,,,,,,,,,,,,,,,,,,,,,,,,,
2026-07-09T05:44:05.090987Z,"{'#attributes': {'Qualifiers': 0}, '#text': 1000}",dc.scaffold.htb,VGAuth,Application,7153,0,,,,,,,,,,,vmtoolsd: Username and password mismatch for 'Administrator',,,,,,,,,,,,,,,,,,,,,,,,,,,,,,,,,,,,,,,,,,,,,,,,,,,,,,,,,,,,
2026-07-09T05:44:16.481655Z,"{'#attributes': {'Qualifiers': 0}, '#text': 1000}",dc.scaffold.htb,VGAuth,Application,7154,0,,,,,,,,,,,vmtoolsd: Username and password mismatch for 'Administrator',,,,,,,,,,,,,,,,,,,,,,,,,,,,,,,,,,,,,,,,,,,,,,,,,,,,,,,,,,,,
2026-07-09T05:44:22.575376Z,"{'#attributes': {'Qualifiers': 0}, '#text': 8224}",dc.scaffold.htb,VSS,Application,7155,4,,,,2D20436F64653A2020434F525356434330303030303737382D2043616C6C3A2020434F525356434330303030303736302D205049443A202030303030353838342D205449443A202030303030353931322D20434D443A2020433A5C57696E646F77735C73797374656D33325C76737376632E6578652020202D20557365723A204E616D653A204E5420415554484F524954595C53595354454D2C205349443A532D312D352D313820,,,,,,,,,,,,,,,,,,,,,,,,,,,,,,,,,,,,,,,,,,,,,,,,,,,,,,,,,,,,,,,,,,,
2026-07-09T05:44:28.012904Z,"{'#attributes': {'Qualifiers': 0}, '#text': 1000}",dc.scaffold.htb,VGAuth,Application,7156,0,,,,,,,,,,,vmtoolsd: Username and password mismatch for 'Administrator',,,,,,,,,,,,,,,,,,,,,,,,,,,,,,,,,,,,,,,,,,,,,,,,,,,,,,,,,,,,
2026-07-09T05:44:39.575366Z,"{'#attributes': {'Qualifiers': 0}, '#text': 1000}",dc.scaffold.htb,VGAuth,Application,7157,0,,,,,,,,,,,vmtoolsd: Username and password mismatch for 'Administrator',,,,,,,,,,,,,,,,,,,,,,,,,,,,,,,,,,,,,,,,,,,,,,,,,,,,,,,,,,,,
2026-07-09T05:44:48.044109Z,"{'#attributes': {'Qualifiers': 49152}, '#text': 16394}",dc.scaffold.htb,Microsoft-Windows-Security-SPP,Application,7158,4,,,,,,,,,,,,,,,,,,,,,,,,,,,,,,,,,,,,,,,,,,,,,,,,,,,,,,,,,,,,,,,,,,,,,,,
2026-07-09T05:44:48.497234Z,"{'#attributes': {'Qualifiers': 16384}, '#text': 1040}",dc.scaffold.htb,Microsoft-Windows-Security-SPP,Application,7159,4,,,,580000000A002A0000000000030001000100010000000000000001000000E861C49D0C5CE6B7DFE0AEEAFC1467B0C6EF0D0001000101000201000301000401000500000601000700000801000901000A01000B00000C01002C0000000000030001000100010000000000010001000000E861C49D0C5CE6B7DFE0AEEAFC1467B04557C6EF,,,,,,,,55c92734-d682-4d71-983e-d6ec3f16059f,c1a197b6-ba5e-4394-b9bf-b659a6c1b873,,,,,,,,,,,,,,,,,,,,,,,,,,,,,,,,,,,,,,,,,,,,,,,,,,,,,,,,,,
