2026-09-01T21:52:34.481975Z,"{'#attributes': {'Qualifiers': 49152}, '#text': 16394}",dc.scaffold.htb,Microsoft-Windows-Security-SPP,Application,8364,4,,,,,,,,,,,,,,,,,,,,,,,,,,,,,,,,,,,,,,,,,,,,,,,,,,,,,,,,,,,,,,,,,,,,,,,
2026-09-01T21:53:04.997623Z,"{'#attributes': {'Qualifiers': 16384}, '#text': 16384}",dc.scaffold.htb,Microsoft-Windows-Security-SPP,Application,8365,4,,,,,,,,,,,,2026-09-02T21:51:04Z,RulesEngine,,,,,,,,,,,,,,,,,,,,,,,,,,,,,,,,,,,,,,,,,,,,,,,,,,,,,,,,,,
2026-09-01T21:53:10.716311Z,"{'#attributes': {'Qualifiers': 0}, '#text': 0}",dc.scaffold.htb,edgeupdate,Application,8366,4,,,,,,,,,,,Service stopped,,,,,,,,,,,,,,,,,,,,,,,,,,,,,,,,,,,,,,,,,,,,,,,,,,,,,,,,,,,,
2026-09-01T21:54:46.040315Z,1001,dc.scaffold.htb,Microsoft-Windows-LoadPerf,Application,8367,4,,,,,,,,,,,,,,,,,,,,,,,,,,,,,,,,,,,,,,,,,,,,,,,,,,,,,,,,,LoadPerf,7636000077360000D2050000,12,WmiApRpl,,,,WmiApRpl,,,,,,,
2026-09-01T21:54:46.119700Z,1000,dc.scaffold.htb,Microsoft-Windows-LoadPerf,Application,8368,4,,,,,,,,,,,,,,,,,,,,,,,,,,,,,,,,,,,,,,,,,,,,,,,,,,,,,,,,,LoadPerf,783600001E370000793600001F370000,16,WmiApRpl,,,,WmiApRpl,,,,,,,
2026-09-01T21:56:12.747560Z,"{'#attributes': {'Qualifiers': 0}, '#text': 102}",dc.scaffold.htb,ESENT,Application,8369,4,,,,,,,,,,,,svchost,"2788,P,98",,,,,,,,,,,DS_Token_DB: ,,,,0,10,00,20348,0000,,,,,,,,,,,,,,,,,,,,,,,,,,,,,,,,,,,,,,,
2026-09-01T21:56:12.747560Z,"{'#attributes': {'Qualifiers': 0}, '#text': 300}",dc.scaffold.htb,ESENT,Application,8370,4,,,,,,,,,,,,svchost,"2788,R,98",,,,,,,,,,,DS_Token_DB: ,,,,,,,,,,,,,,,,,,,,,,,,,,,,,,,,,,,,,,,,,,,,,,,
2026-09-01T21:56:12.763182Z,"{'#attributes': {'Qualifiers': 0}, '#text': 301}",dc.scaffold.htb,ESENT,Application,8371,4,,,,,,,,,,,,svchost,"2788,R,98",,,,,,,,,,,DS_Token_DB: ,,,,C:\Windows\system32\config\systemprofile\AppData\Local\DataSharing\Storage\DSS00004.log,"
[1] 0.009973 -0.007118 (7) WT +J(CM:0, PgRf:0, Rd:0/0, Dy:0/0, Lg:8129/7) +M(C:0K, Fs:67, WS:192K # 196K, PF:136K # 140K, P:136K).",AttachDB ,1,,,,,,,,,,,,,,,,,,,,,,,,,,,,,,,,,,,,,,,,
2026-09-01T21:56:12.778808Z,"{'#attributes': {'Qualifiers': 0}, '#text': 301}",dc.scaffold.htb,ESENT,Application,8372,4,,,,,,,,,,,,svchost,"2788,R,98",,,,,,,,,,,DS_Token_DB: ,,,,C:\Windows\system32\config\systemprofile\AppData\Local\DataSharing\Storage\DSS.log,"
[1] 0.006924 -0.005924 (2) WT +J(CM:0, PgRf:0, Rd:0/0, Dy:0/0, Lg:1/1) +M(C:0K, Fs:4, WS:12K # 16K, PF:52K # 52K, P:52K).",NOP      ,1,,,,,,,,,,,,,,,,,,,,,,,,,,,,,,,,,,,,,,,,
2026-09-01T21:56:12.794434Z,"{'#attributes': {'Qualifiers': 0}, '#text': 302}",dc.scaffold.htb,ESENT,Application,8373,4,,,,,,,,,,,,svchost,"2788,U,98",,,,,,,,,,,DS_Token_DB: ,,,,,,,,,,,,,,,,,,,,,,,,,,,,,,,,,,,,,,,,,,,,,,,
2026-09-01T21:56:12.794434Z,"{'#attributes': {'Qualifiers': 0}, '#text': 105}",dc.scaffold.htb,ESENT,Application,8374,4,,,,,,,,,,,,svchost,"2788,D,0",,,,,,,,,,,DS_Token_DB: ,,,,0,0,"
[1] 0.002175 +J(0) +M(C:0K, Fs:186, WS:732K # 732K, PF:3272K # 3272K, P:3272K)
[2] 0.000306 +J(0) +M(C:8K, Fs:99, WS:388K # 388K, PF:316K # 316K, P:316K)
[3] 0.000013 +J(0) +M(C:0K, Fs:4, WS:12K # 12K, PF:68K # 68K, P:68K)
[4] 0.000093 +J(0) +M(C:0K, Fs:23, WS:92K # 92K, PF:164K # 164K, P:164K)
[5] 0.000705 +J(0) +M(C:0K, Fs:12, WS:48K # 48K, PF:32K # 32K, P:32K)
[6] 0.006272 +J(0) +M(C:0K, Fs:69, WS:272K # 272K, PF:52K # 52K, P:52K)
[7] 0.002428 -0.001680 (2) WT +J(0) +M(C:0K, Fs:31, WS:124K # 124K, PF:64K # 64K, P:64K)
[8] 0.014144 -0.008558 (10) WT +J(CM:0, PgRf:0, Rd:0/0, Dy:0/0, Lg:8129/7) +M(C:0K, Fs:92, WS:284K # 288K, PF:212K # 216K, P:212K)
[9] 0.008610 -0.006504 (4) WT +J(CM:0, PgRf:0, Rd:0/0, Dy:0/0, Lg:1/1) +M(C:0K, Fs:26, WS:96K # 92K, PF:68K # 64K, P:68K) + 1 lgens
[10] 0.000367 -0.000223 (1) WT +J(0) +M(C:0K, Fs:0, WS:-60K # 0K, PF:-60K # 0K, P:-60K)
[11] 0.000019 +J(CM:0, PgRf:0, Rd:0/0, Dy:0/0, Lg:49/1) +M(C:0K, Fs:3, WS:12K # 0K, PF:0K # 0K, P:0K)
[12] 0.000321 +J(0) +M(C:0K, Fs:3, WS:12K # 0K, PF:0K # 0K, P:0K)
[13] 0.023652 -0.000746 (2) CM -0.009115 (21) WT +J(CM:2, PgRf:2, Rd:0/2, Dy:0/0, Lg:8759/5) +M(C:0K, Fs:43, WS:52K # 80K, PF:160K # 168K, P:160K)
[14] 0.000013 +J(0)
[15] 0.000014 +J(0)
[16] 0.000548 -0.000434 (1) WT +J(0) +M(C:0K, Fs:2, WS:0K # 0K, PF:0K # 0K, P:0K).","lgposV2[] = 00000004:000C:0000 - 00000004:000E:0036 - 00000005:0001:0000 - 00000005:0001:0000 (00000000:0000:0000)
cReInits = 1
",,,,,,,,,,,,,,,,,,,,,,,,,,,,,,,,,,,,,,,,
2026-09-01T21:56:12.810058Z,"{'#attributes': {'Qualifiers': 0}, '#text': 326}",dc.scaffold.htb,ESENT,Application,8375,4,,,,,,,,,,,,svchost,"2788,D,50",,,,,,,,,,,DS_Token_DB: ,,,,1,C:\Windows\system32\config\systemprofile\AppData\Local\DataSharing\Storage\DSTokenDB2.dat,0,"
[1] 0.000003 +J(0)
[2] 0.002439 -0.002206 (1) WT +J(0) +M(C:0K, Fs:17, WS:4K # 4K, PF:4K # 0K, P:4K)
[3] 0.005561 -0.001780 (6) WT +J(CM:0, PgRf:0, Rd:0/0, Dy:0/0, Lg:3480/2) +M(C:0K, Fs:8, WS:28K # 0K, PF:24K # 0K, P:24K)
[4] 0.000101 +J(0)
[5] -
[6] -
[7] -
[8] 0.001567 -0.001426 (2) CM -0.001359 (2) WT +J(CM:2, PgRf:2, Rd:4/2, Dy:0/0, Lg:54/1) +M(C:8K, Fs:3, WS:12K # 0K, PF:28K # 0K, P:28K)
[9] 0.001967 -0.001710 (3) CM -0.001646 (3) WT +J(CM:3, PgRf:23, Rd:0/3, Dy:0/0, Lg:0/0) +M(C:0K, Fs:31, WS:116K # 96K, PF:196K # 192K, P:196K)
[10] 0.000552 -0.000459 (2) CM -0.000420 (2) WT +J(CM:2, PgRf:40, Rd:0/2, Dy:0/0, Lg:0/0) +M(C:0K, Fs:4, WS:16K # 12K, PF:64K # 56K, P:64K)
[11] 0.000253 -0.000230 (1) CM -0.000202 (1) WT +J(CM:1, PgRf:1, Rd:0/1, Dy:0/0, Lg:0/0) +M(C:0K, Fs:3, WS:12K # 12K, PF:0K # 0K, P:0K)
[12] 0.000383 -0.000320 (1) CM -0.000279 (1) WT +J(CM:1, PgRf:42, Rd:0/1, Dy:0/0, Lg:0/0) +M(C:0K, Fs:5, WS:20K # 20K, PF:0K # 0K, P:0K)
[13] 0.000001 +J(0)
[14] 0.0 +J(0)
[15] 0.001130 -0.001113 (1) CM -0.001070 (1) WT +J(CM:1, PgRf:1, Rd:0/1, Dy:0/0, Lg:0/0).",1 0,"lgposAttach = 00000005:0003:0268,
dbv = 1568.180.400 (9360)",,,,,,,,,,,,,,,,,,,,,,,,,,,,,,,,,,,,,,
2026-09-01T22:03:47.638583Z,"{'#attributes': {'Qualifiers': 0}, '#text': 1001}",dc.scaffold.htb,Windows Error Reporting,Application,8376,4,,,,,,,,,,,,,0,,,,,,"
\\?\C:\Users\ADMINI~1\AppData\Local\Temp\RDR33A4.tmp\empty.txt
\\?\C:\ProgramData\Microsoft\Windows\WER\Temp\WER.9686a7c9-e08b-48e8-b5f9-d42311afaf39.tmp.WERInternalMetadata.xml
\\?\C:\ProgramData\Microsoft\Windows\WER\Temp\WER.cc960239-cb92-44e5-ad4e-757173bdf67e.tmp.xml
\\?\C:\ProgramData\Microsoft\Windows\WER\Temp\WER.a20ed599-21e9-4c0f-beff-667aa1c7cc16.tmp.csv
\\?\C:\ProgramData\Microsoft\Windows\WER\Temp\WER.ead263af-07d3-40ed-9082-f21275719448.tmp.txt",,,0,70babb4c-1f29-4731-bd5b-269f01e37ef6,RADAR_PRE_LEAK_64,536871008,,0,Not available,0,sqlservr.exe,2019.150.2000.5,10.0.20348.2.0.0,,,,,,,,,,,,,,,,,,,,,,,,,,,,,,,,,,,,,,,
2026-09-01T22:04:26.247931Z,"{'#attributes': {'Qualifiers': 32768}, '#text': 6000}",dc.scaffold.htb,Microsoft-Windows-Winlogon,Application,8377,4,,,,D9060000,,,,,,,WSearch,,,,,,,,,,,,,,,,,,,,,,,,,,,,,,,,,,,,,,,,,,,,,,,,,,,,,,,,,,,,
2026-09-01T22:04:26.341678Z,"{'#attributes': {'Qualifiers': 32768}, '#text': 6000}",dc.scaffold.htb,Microsoft-Windows-Winlogon,Application,8378,4,,,,D9060000,,,,,,,SessionEnv,,,,,,,,,,,,,,,,,,,,,,,,,,,,,,,,,,,,,,,,,,,,,,,,,,,,,,,,,,,,
2026-09-01T22:04:26.451055Z,"{'#attributes': {'Qualifiers': 0}, '#text': 260}",dc.scaffold.htb,VMUpgradeHelper,Application,8379,4,,,,,,,,,,,,,,,,,,,,,,,,,,,,,,,,,,,,,,,,,,,,,,,,,,,,,,,,,,,,,,,,,,,,,,,
2026-09-01T22:04:26.451055Z,"{'#attributes': {'Qualifiers': 0}, '#text': 272}",dc.scaffold.htb,VMUpgradeHelper,Application,8380,4,,,,,,,,,,,,,,,,,,,,,,,,,,,,,,,,,,,,,,,,,,,,,,,,,,,,,,,,,,,,,,,,,,,,,,,
2026-09-01T22:04:26.451055Z,"{'#attributes': {'Qualifiers': 0}, '#text': 108}",dc.scaffold.htb,VMTools,Application,8381,4,,,,,,,,,,,,,,,,,,,,,,,,,,,,,,,,,,,,,,,,,,,,,,,,,,,,,,,,,,,,,,,,,,,,,,,
2026-09-01T22:04:42.497932Z,"{'#attributes': {'Qualifiers': 16384}, '#text': 17147}",dc.scaffold.htb,MSSQL$SQLEXPRESS,Application,8382,4,,,,FB4200000A0000000E000000440043005C00530051004C004500580050005200450053005300000000000000,,,,,,,,,,,,,,,,,,,,,,,,,,,,,,,,,,,,,,,,,,,,,,,,,,,,,,,,,,,,,,,,,,,
2026-09-01T22:04:42.628738Z,1532,dc.scaffold.htb,Microsoft-Windows-User Profiles Service,Application,8383,4,,,,,,,,,,,,,,,,,,,,,,,,,,,,,,,,,,,,,,,,,,,,,,,,,,,,,,,,,,,,,,,,,,,,,,,
2026-09-01T22:04:43.114291Z,38,dc.scaffold.htb,Microsoft-Windows-CertificationAuthority,Application,8384,4,,,,,,scaffold-DC-CA,,,,,,,,,,,,,,,,,,,,,,,,,,,,,,,,,,,,,,,,,,,,,,,,,,MSG_I_SERVER_STOPPED,,,,,,,,,,,,,,,
2026-09-01T23:51:07.913603Z,1531,dc.scaffold.htb,Microsoft-Windows-User Profiles Service,Application,8385,4,,,,,,,,,,,,,,,,,,,,,,,,,,,,,,,,,,,,,,,,,,,,,,,,,,,,,,,,,,,,,,,,,,,,,,,
2026-09-01T23:51:10.638713Z,"{'#attributes': {'Qualifiers': 16384}, '#text': 900}",dc.scaffold.htb,Microsoft-Windows-Security-SPP,Application,8386,4,,,,,,,,,,,TriggerStarted:6,,,,,,,,,,,,,,,,,,,,,,,,,,,,,,,,,,,,,,,,,,,,,,,,,,,,,,,,,,,,
2026-09-01T23:51:10.935581Z,"{'#attributes': {'Qualifiers': 49152}, '#text': 16394}",dc.scaffold.htb,Microsoft-Windows-Security-SPP,Application,8387,4,,,,,,,,,,,,,,,,,,,,,,,,,,,,,,,,,,,,,,,,,,,,,,,,,,,,,,,,,,,,,,,,,,,,,,,
2026-09-01T23:51:11.029327Z,"{'#attributes': {'Qualifiers': 16384}, '#text': 1066}",dc.scaffold.htb,Microsoft-Windows-Security-SPP,Application,8388,4,,,,,,,,,,,"C:\Windows\system32\sppwinob.dll, msft:spp/windowsfunctionality/agent/7.0, 0x00000000, 0x00000000
C:\Windows\system32\sppobjs.dll, msft:rm/algorithm/inherited/1.0, 0x00000000, 0x00000000
C:\Windows\system32\sppobjs.dll, msft:rm/algorithm/phone/1.0, 0x00000000, 0x00000000
C:\Windows\system32\sppobjs.dll, msft:rm/algorithm/pkey/detect, 0x00000000, 0x00000000
C:\Windows\system32\sppobjs.dll, msft:spp/ActionScheduler/1.0, 0x00000000, 0x00000000
C:\Windows\system32\sppobjs.dll, msft:spp/TaskScheduler/1.0, 0x00000000, 0x00000000
C:\Windows\system32\sppobjs.dll, msft:spp/statecollector/pkey, 0x00000000, 0x00000000
C:\Windows\system32\sppobjs.dll, msft:spp/volume/services/kms/1.0, 0x00000000, 0x00000000
C:\Windows\system32\sppobjs.dll, msft:spp/volume/services/kms/activationinfo/1.0, 0x00000000, 0x00000000
",,,,,,,,,,,,,,,,,,,,,,,,,,,,,,,,,,,,,,,,,,,,,,,,,,,,,,,,,,,,
2026-09-01T23:51:11.138701Z,"{'#attributes': {'Qualifiers': 16384}, '#text': 1003}",dc.scaffold.htb,Microsoft-Windows-Security-SPP,Application,8389,4,,,,,,,,,,,,55c92734-d682-4d71-983e-d6ec3f16059f,"
1: 0dc876e0-7ab8-41c1-b8ba-2237d484cd26, 1, 0 [(0 [0xC004F014, 0, 0], [(?)(?)(?)(?)(?)(?)(?)(?)])(1 )(2 )(3 )]
2: 176afa14-ca77-4cae-9ecc-ba2295540382, 1, 0 [(0 [0xC004F014, 0, 0], [(?)(?)(?)(?)(?)(?)(?)(?)])(1 )(2 )(3 )]
3: 208d2508-de49-48d5-a1df-837a9f1053ef, 1, 0 [(0 [0xC004F014, 0, 0], [(?)(?)(?)(?)(?)(?)(?)(?)])(1 )(2 )(3 )]
4: 22105925-48c3-4ff4-a294-f654bb27e390, 1, 0 [(0 [0xC004F014, 0, 0], [(?)(?)(?)(?)(?)(?)(?)(?)])(1 )(2 )(3 )]
5: 482b7fee-a9f5-46a3-862d-b28bef48c7e8, 1, 0 [(0 [0xC004F014, 0, 0], [(?)(?)(?)(?)(?)(?)(?)(?)])(1 )(2 )(3 )]
6: 4f64509c-0ad2-43a7-b73b-233afbb27096, 1, 0 [(0 [0xC004F014, 0, 0], [(?)(?)(?)(?)(?)(?)(?)(?)])(1 )(2 )(3 )]
7: 522b5066-79e8-49f2-9f9d-30b4d507d57b, 1, 0 [(0 [0xC004F014, 0, 0], [(?)(?)(?)(?)(?)(?)(?)(?)])(1 )(2 )(3 )]
8: 661f7658-7035-4b4c-9f35-010682943ec2, 1, 0 [(0 [0xC004F014, 0, 0], [(?)(?)(?)(?)(?)(?)(?)(?)])(1 )(2 )(3 )]
9: 78214935-d737-41c1-83df-f600c1766211, 1, 0 [(0 [0xC004F014, 0, 0], [(?)(?)(?)(?)(?)(?)(?)(?)])(1 )(2 )(3 )]
10: 80f53cc1-120f-4e0e-875b-27c9f1caf7de, 1, 1 [(0 )(1 )(2 [0xC004E003, 0, 0], [( 1 0xC004F034)( 1 0xC004F034)(?)(?)(?)(?)(?)(?)])(3 [0x00000000, 0, 0], [( 6 0xC004F009 0 0)( 1 0x00000000)( 6 0xC004F009 0 0)(?)(?)(?)( 10 0x00000000 msft:rm/algorithm/flags/1.0)( 11 0x00000000 0xC004F034)])]
11: aa04eff4-34fa-4da8-a645-8c30c30b3a7f, 1, 0 [(0 [0xC004F014, 0, 0], [(?)(?)(?)(?)(?)(?)(?)(?)])(1 )(2 )(3 )]
12: e73aabfa-12bc-4705-b551-2dd076bebc7d, 1, 0 [(0 [0xC004F014, 0, 0], [(?)(?)(?)(?)(?)(?)(?)(?)])(1 )(2 )(3 )]
13: ef6cfc9f-8c5d-44ac-9aad-de6a2ea0ae03, 1, 0 [(0 [0xC004F014, 0, 0], [(?)(?)(?)(?)(?)(?)(?)(?)])(1 )(2 )(3 )]

",,,,,,,,,,,,,,,,,,,,,,,,,,,,,,,,,,,,,,,,,,,,,,,,,,,,,,,,,,
2026-09-01T23:51:11.279328Z,"{'#attributes': {'Qualifiers': 16384}, '#text': 902}",dc.scaffold.htb,Microsoft-Windows-Security-SPP,Application,8390,0,,,,,,,,,,,10.0.20348.587,,,,,,,,,,,,,,,,,,,,,,,,,,,,,,,,,,,,,,,,,,,,,,,,,,,,,,,,,,,,
2026-09-01T23:51:11.373076Z,"{'#attributes': {'Qualifiers': 49152}, '#text': 8198}",dc.scaffold.htb,Microsoft-Windows-Security-SPP,Application,8391,2,,,,,,,,,,,,hr=0x80004005,RuleId=31e71c49-8da7-4a2f-ad92-45d98a1c79ba;Action=AutoActivate;AppId=55c92734-d682-4d71-983e-d6ec3f16059f;SkuId=80f53cc1-120f-4e0e-875b-27c9f1caf7de;NotificationInterval=1440;Trigger=NetworkAvailable,,,,,,,,,,,,,,,,,,,,,,,,,,,,,,,,,,,,,,,,,,,,,,,,,,,,,,,,,,
2026-09-01T23:51:18.201202Z,"{'#attributes': {'Qualifiers': 16641}, '#text': 1025}",dc.scaffold.htb,WDSServer,Application,8392,4,,,,,,,,,,,5040,,,,,,,,,,,,,,,,,,,,,,,,,,,,,,,,,,,,,,,,,,,,,,,,,,,,,,,,,,,,
2026-09-01T23:51:18.294950Z,"{'#attributes': {'Qualifiers': 0}, '#text': 105}",dc.scaffold.htb,VMTools,Application,8393,4,,,,,,,,,,,,,,,,,,,,,,,,,,,,,,,,,,,,,,,,,,,,,,,,,,,,,,,,,,,,,,,,,,,,,,,
2026-09-01T23:51:18.513704Z,"{'#attributes': {'Qualifiers': 16641}, '#text': 517}",dc.scaffold.htb,WDSServer,Application,8394,4,,,,,,,,,,,,WDSMC,C:\Windows\system32\wdsmc.dll,,,,,,,,,,,,,,,,,,,,,,,,,,,,,,,,,,,,,,,,,,,,,,,,,,,,,,,,,,
2026-09-01T23:51:18.529328Z,"{'#attributes': {'Qualifiers': 0}, '#text': 102}",dc.scaffold.htb,ESENT,Application,8395,4,,,,,,,,,,,,svchost,"2312,P,98",,,,,,,,,,,WDS: ,,,,0,10,00,20348,0000,,,,,,,,,,,,,,,,,,,,,,,,,,,,,,,,,,,,,,,
2026-09-01T23:51:18.638703Z,"{'#attributes': {'Qualifiers': 0}, '#text': 300}",dc.scaffold.htb,ESENT,Application,8396,4,,,,,,,,,,,,svchost,"2312,R,98",,,,,,,,,,,WDS: ,,,,,,,,,,,,,,,,,,,,,,,,,,,,,,,,,,,,,,,,,,,,,,,
2026-09-01T23:51:18.669952Z,"{'#attributes': {'Qualifiers': 0}, '#text': 335}",dc.scaffold.htb,ESENT,Application,8397,4,,,,,,,,,,,,svchost,"2312,R,98",,,,,,,,,,,WDS: ,,,,Create,C:\RemoteInstall\Stores\Metadata\WDSMD.mdb,"(00000001,0001,0268)",AttachFuture,,,,,,,,,,,,,,,,,,,,,,,,,,,,,,,,,,,,,,,,
2026-09-01T23:51:18.358955Z,5615,dc.scaffold.htb,Microsoft-Windows-WMI,Application,8398,4,,,,,,,,,,,,,,,,,,,,,,,,,,,,,,,,,,,,,,,,,,,,,,,,,,,,,,,,,,,,,,,,,,,,,,,
2026-09-01T23:51:18.779393Z,"{'#attributes': {'Qualifiers': 0}, '#text': 301}",dc.scaffold.htb,ESENT,Application,8399,4,,,,,,,,,,,,svchost,"2312,R,98",,,,,,,,,,,WDS: ,,,,C:\RemoteInstall\Stores\Metadata\WDS.log,"
[1] 0.143005 -0.101387 (54) WT +J(CM:0, PgRf:0, Rd:0/0, Dy:0/0, Lg:567764/1034) +M(C:0K, Fs:1035, WS:236K # 268K, PF:176K # 208K, P:176K).",Insert   ,277,,,,,,,,,,,,,,,,,,,,,,,,,,,,,,,,,,,,,,,,
2026-09-01T23:51:18.873076Z,"{'#attributes': {'Qualifiers': 0}, '#text': 302}",dc.scaffold.htb,ESENT,Application,8400,4,,,,,,,,,,,,svchost,"2312,U,98",,,,,,,,,,,WDS: ,,,,,,,,,,,,,,,,,,,,,,,,,,,,,,,,,,,,,,,,,,,,,,,
2026-09-01T23:51:18.904329Z,"{'#attributes': {'Qualifiers': 0}, '#text': 105}",dc.scaffold.htb,ESENT,Application,8401,4,,,,,,,,,,,,svchost,"2312,D,0",,,,,,,,,,,WDS: ,,,,0,0,"
[1] 0.001126 +J(0) +M(C:0K, Fs:185, WS:724K # 724K, PF:4508K # 4508K, P:4508K)
[2] 0.000568 +J(0) +M(C:64K, Fs:145, WS:572K # 572K, PF:1252K # 1256K, P:1252K)
[3] 0.001186 +J(0) +M(C:0K, Fs:6, WS:20K # 20K, PF:68K # 64K, P:68K)
[4] 0.000155 +J(0) +M(C:0K, Fs:22, WS:88K # 88K, PF:228K # 228K, P:228K)
[5] 0.000455 +J(0) +M(C:0K, Fs:9, WS:36K # 36K, PF:16K # 16K, P:16K)
[6] 0.015657 +J(0) +M(C:0K, Fs:24, WS:96K # 96K, PF:16K # 16K, P:16K)
[7] 0.083012 -0.056490 (11) WT +J(0) +M(C:0K, Fs:1299, WS:5188K # 5188K, PF:5128K # 5128K, P:5128K)
[8] 0.147961 -0.102961 (57) WT +J(CM:0, PgRf:0, Rd:0/0, Dy:0/0, Lg:567764/1034) +M(C:0K, Fs:1077, WS:396K # 428K, PF:256K # 288K, P:256K)
[9] 0.000653 +J(0) +M(C:0K, Fs:4, WS:16K # 0K, PF:4K # 0K, P:4K)
[10] 0.056906 -0.054921 (10) WT +J(0) +M(C:0K, Fs:7, WS:-5088K # 12K, PF:-5120K # 0K, P:-5120K)
[11] 0.000025 +J(CM:0, PgRf:0, Rd:0/0, Dy:0/0, Lg:49/1) +M(C:0K, Fs:2, WS:8K # 0K, PF:0K # 0K, P:0K)
[12] 0.001472 +J(0)
[13] 0.068585 -0.004718 (2) CM -0.050366 (30) WT +J(CM:2, PgRf:2, Rd:0/2, Dy:0/0, Lg:8759/5) +M(C:-56K, Fs:1349, WS:40K # 52K, PF:76K # 64K, P:76K)
[14] 0.000018 +J(0)
[15] 0.000027 +J(0)
[16] 0.000424 -0.000295 (1) WT +J(0) +M(C:0K, Fs:2, WS:0K # 0K, PF:0K # 0K, P:0K).","lgposV2[] = 00000001:0001:0000 - 00000001:008C:0309 - 00000001:008D:0000 - 00000001:008D:0000 (00000000:0000:0000)
cReInits = 39
",,,,,,,,,,,,,,,,,,,,,,,,,,,,,,,,,,,,,,,,
2026-09-01T23:51:18.935577Z,"{'#attributes': {'Qualifiers': 0}, '#text': 326}",dc.scaffold.htb,ESENT,Application,8402,4,,,,,,,,,,,,svchost,"2312,D,50",,,,,,,,,,,WDS: ,,,,1,C:\RemoteInstall\Stores\Metadata\WDSMD.mdb,0,"
[1] 0.000002 +J(0)
[2] 0.000431 -0.000274 (1) WT +J(0) +M(C:0K, Fs:24, WS:32K # 0K, PF:32K # 0K, P:32K)
[3] 0.015801 -0.012627 (6) WT +J(CM:0, PgRf:0, Rd:0/0, Dy:0/0, Lg:3480/2) +M(C:0K, Fs:14, WS:24K # 0K, PF:20K # 0K, P:20K)
[4] 0.000074 +J(0)
[5] -
[6] -
[7] -
[8] 0.002001 -0.001549 (2) CM -0.001487 (2) WT +J(CM:2, PgRf:2, Rd:4/2, Dy:0/0, Lg:54/1) +M(C:120K, Fs:46, WS:128K # 0K, PF:140K # 0K, P:140K)
[9] 0.005710 -0.005269 (2) CM -0.005172 (2) WT +J(CM:2, PgRf:16, Rd:0/2, Dy:0/0, Lg:0/0) +M(C:-16K, Fs:41, WS:80K # 0K, PF:212K # 0K, P:212K)
[10] 0.001168 -0.001026 (1) CM -0.000929 (1) WT +J(CM:1, PgRf:35, Rd:0/1, Dy:0/0, Lg:0/0) +M(C:-28K, Fs:4, WS:-12K # 0K, PF:36K # 0K, P:36K)
[11] 0.000013 +J(CM:0, PgRf:1, Rd:0/0, Dy:0/0, Lg:0/0) +M(C:0K, Fs:3, WS:12K # 0K, PF:0K # 0K, P:0K)
[12] 0.000034 +J(CM:0, PgRf:42, Rd:0/0, Dy:0/0, Lg:0/0) +M(C:0K, Fs:1, WS:4K # 0K, PF:0K # 0K, P:0K)
[13] 0.0 +J(0)
[14] 0.0 +J(0)
[15] 0.000003 +J(CM:0, PgRf:1, Rd:0/0, Dy:0/0, Lg:0/0).",1 0,"lgposAttach = 00000001:008F:0268,
dbv = 1568.180.400 (9360)",,,,,,,,,,,,,,,,,,,,,,,,,,,,,,,,,,,,,,
2026-09-01T23:51:18.966983Z,"{'#attributes': {'Qualifiers': 16641}, '#text': 517}",dc.scaffold.htb,WDSServer,Application,8403,4,,,,,,,,,,,,WDSMDMGR,C:\Windows\system32\wdsmdmgr.dll,,,,,,,,,,,,,,,,,,,,,,,,,,,,,,,,,,,,,,,,,,,,,,,,,,,,,,,,,,
2026-09-01T23:51:18.998080Z,"{'#attributes': {'Qualifiers': 16641}, '#text': 517}",dc.scaffold.htb,WDSServer,Application,8404,4,,,,,,,,,,,,WDSTFTP,C:\Windows\system32\wdstftp.dll,,,,,,,,,,,,,,,,,,,,,,,,,,,,,,,,,,,,,,,,,,,,,,,,,,,,,,,,,,
2026-09-01T23:51:19.852179Z,"{'#attributes': {'Qualifiers': 16384}, '#text': 9027}",dc.scaffold.htb,Desktop Window Manager,Application,8405,4,,,,,,,,,,,,,,,,,,,,,,,,,,,,,,,,,,,,,,,,,,,,,,,,,,,,,,,,,,,,,,,,,,,,,,,
2026-09-01T23:51:19.395528Z,5617,dc.scaffold.htb,Microsoft-Windows-WMI,Application,8406,4,,,,,,,,,,,,,,,,,,,,,,,,,,,,,,,,,,,,,,,,,,,,,,,,,,,,,,,,,,,,,,,,,,,,,,,
2026-09-01T23:51:22.279328Z,"{'#attributes': {'Qualifiers': 16384}, '#text': 781}",dc.scaffold.htb,Microsoft-Windows-Complus,Application,8407,4,,,,,,,,,,,,,,,,,,,,,,,,,,,,,,,,,,,,,,,,,,,,,,,,,,,,,,,,,,,,86400,,,,SuppressDuplicateDuration,Software\Microsoft\COM3\Eventlog,,,,,,
2026-09-01T23:51:22.466828Z,"{'#attributes': {'Qualifiers': 32768}, '#text': 6003}",dc.scaffold.htb,Microsoft-Windows-Winlogon,Application,8408,4,,,,D9060000,,,,,,,TrustedInstaller,,,,,,,,,,,,,,,,,,,,,,,,,,,,,,,,,,,,,,,,,,,,,,,,,,,,,,,,,,,,
2026-09-01T23:51:23.419955Z,"{'#attributes': {'Qualifiers': 0}, '#text': 0}",dc.scaffold.htb,Microsoft Deployment Toolkit Monitor Service,Application,8409,4,,,,,,,,,,,Service started successfully.,,,,,,,,,,,,,,,,,,,,,,,,,,,,,,,,,,,,,,,,,,,,,,,,,,,,,,,,,,,,
2026-09-01T23:51:23.919955Z,"{'#attributes': {'Qualifiers': 0}, '#text': 258}",dc.scaffold.htb,VMUpgradeHelper,Application,8410,4,,,,,,,,,,,,,,,,,,,,,,,,,,,,,,,,,,,,,,,,,,,,,,,,,,,,,,,,,,,,,,,,,,,,,,,
2026-09-01T23:51:24.373080Z,"{'#attributes': {'Qualifiers': 16384}, '#text': 4202}",dc.scaffold.htb,Microsoft-Windows-MSDTC 2,Application,8411,4,,,,,,,,,,,,,,,,,,,,,,,,,,,,,,,,,,,,,,,,,,,,,,,,,,,,,,,,,,,,0,0,0,1,0,0,0,0,0,1,Mutual Authentication Required,NT AUTHORITY\NetworkService
2026-09-01T23:51:25.341830Z,"{'#attributes': {'Qualifiers': 0}, '#text': 271}",dc.scaffold.htb,VMUpgradeHelper,Application,8412,4,,,,,,,,,,,,,,,,,,,,,,,,,,,,,,,,,,,,,,,,,,,,,,,,,,,,,,,,,,,,,,,,,,,,,,,
2026-09-01T23:51:32.435583Z,"{'#attributes': {'Qualifiers': 16384}, '#text': 17069}",dc.scaffold.htb,MSSQL$SQLEXPRESS,Application,8413,4,,,,AD4200000A0000000E000000440043005C00530051004C004500580050005200450053005300000000000000,,,,,,,"Microsoft SQL Server 2019 (RTM) - 15.0.2000.5 (X64) 
	Sep 24 2019 13:48:23 
	Copyright (C) 2019 Microsoft Corporation
	Express Edition (64-bit) on Windows Server 2022 Datacenter 10.0 <X64> (Build 20348: ) (Hypervisor)
",,,,,,,,,,,,,,,,,,,,,,,,,,,,,,,,,,,,,,,,,,,,,,,,,,,,,,,,,,,,
2026-09-01T23:51:32.435583Z,"{'#attributes': {'Qualifiers': 16384}, '#text': 49916}",dc.scaffold.htb,MSSQL$SQLEXPRESS,Application,8414,4,,,,FCC200000A0000000E000000440043005C00530051004C004500580050005200450053005300000000000000,,,,,,,,-7,00,,,,,,,,,,,,,,,,,,,,,,,,,,,,,,,,,,,,,,,,,,,,,,,,,,,,,,,,,,
2026-09-01T23:51:32.435583Z,"{'#attributes': {'Qualifiers': 16384}, '#text': 17101}",dc.scaffold.htb,MSSQL$SQLEXPRESS,Application,8415,4,,,,CD4200000A0000000E000000440043005C00530051004C004500580050005200450053005300000000000000,,,,,,,,,,,,,,,,,,,,,,,,,,,,,,,,,,,,,,,,,,,,,,,,,,,,,,,,,,,,,,,,,,,
2026-09-01T23:51:32.435583Z,"{'#attributes': {'Qualifiers': 16384}, '#text': 17103}",dc.scaffold.htb,MSSQL$SQLEXPRESS,Application,8416,4,,,,CF4200000A0000000E000000440043005C00530051004C004500580050005200450053005300000000000000,,,,,,,,,,,,,,,,,,,,,,,,,,,,,,,,,,,,,,,,,,,,,,,,,,,,,,,,,,,,,,,,,,,
2026-09-01T23:51:32.435583Z,"{'#attributes': {'Qualifiers': 16384}, '#text': 17104}",dc.scaffold.htb,MSSQL$SQLEXPRESS,Application,8417,4,,,,D04200000A0000000E000000440043005C00530051004C004500580050005200450053005300000000000000,,,,,,,5416,,,,,,,,,,,,,,,,,,,,,,,,,,,,,,,,,,,,,,,,,,,,,,,,,,,,,,,,,,,,
2026-09-01T23:51:32.435583Z,"{'#attributes': {'Qualifiers': 16384}, '#text': 18496}",dc.scaffold.htb,MSSQL$SQLEXPRESS,Application,8418,4,,,,404800000A0000000E000000440043005C00530051004C004500580050005200450053005300000000000000,,,,,,,,"VMware, Inc.","VMware20,1",,,,,,,,,,,,,,,,,,,,,,,,,,,,,,,,,,,,,,,,,,,,,,,,,,,,,,,,,,
2026-09-01T23:51:32.435583Z,"{'#attributes': {'Qualifiers': 16384}, '#text': 15268}",dc.scaffold.htb,MSSQL$SQLEXPRESS,Application,8419,4,,,,A43B00000A0000000E000000440043005C00530051004C004500580050005200450053005300000000000000,,,,,,,MIXED,,,,,,,,,,,,,,,,,,,,,,,,,,,,,,,,,,,,,,,,,,,,,,,,,,,,,,,,,,,,
2026-09-01T23:51:32.435583Z,"{'#attributes': {'Qualifiers': 16384}, '#text': 17111}",dc.scaffold.htb,MSSQL$SQLEXPRESS,Application,8420,4,,,,D74200000A0000000E000000440043005C00530051004C004500580050005200450053005300000000000000,,,,,,,C:\Program Files\Microsoft SQL Server\MSSQL15.SQLEXPRESS\MSSQL\Log\ERRORLOG,,,,,,,,,,,,,,,,,,,,,,,,,,,,,,,,,,,,,,,,,,,,,,,,,,,,,,,,,,,,
2026-09-01T23:51:32.435583Z,"{'#attributes': {'Qualifiers': 16384}, '#text': 49904}",dc.scaffold.htb,MSSQL$SQLEXPRESS,Application,8421,4,,,,F0C200000A0000000E000000440043005C00530051004C004500580050005200450053005300000000000000,,,,,,,NT Service\MSSQL$SQLEXPRESS,,,,,,,,,,,,,,,,,,,,,,,,,,,,,,,,,,,,,,,,,,,,,,,,,,,,,,,,,,,,
2026-09-01T23:51:32.435583Z,"{'#attributes': {'Qualifiers': 16384}, '#text': 17110}",dc.scaffold.htb,MSSQL$SQLEXPRESS,Application,8422,4,,,,D64200000A0000000E000000440043005C00530051004C004500580050005200450053005300000000000000,,,,,,,"
	 -d C:\Program Files\Microsoft SQL Server\MSSQL15.SQLEXPRESS\MSSQL\DATA\master.mdf
	 -e C:\Program Files\Microsoft SQL Server\MSSQL15.SQLEXPRESS\MSSQL\Log\ERRORLOG
	 -l C:\Program Files\Microsoft SQL Server\MSSQL15.SQLEXPRESS\MSSQL\DATA\mastlog.ldf",,,,,,,,,,,,,,,,,,,,,,,,,,,,,,,,,,,,,,,,,,,,,,,,,,,,,,,,,,,,
2026-09-01T23:51:32.435583Z,"{'#attributes': {'Qualifiers': 16384}, '#text': 17115}",dc.scaffold.htb,MSSQL$SQLEXPRESS,Application,8423,4,,,,DB4200000A0000000E000000440043005C00530051004C004500580050005200450053005300000000000000,,,,,,,"
	 -s ""SQLEXPRESS""",,,,,,,,,,,,,,,,,,,,,,,,,,,,,,,,,,,,,,,,,,,,,,,,,,,,,,,,,,,,
2026-09-01T23:51:32.466829Z,"{'#attributes': {'Qualifiers': 16384}, '#text': 17164}",dc.scaffold.htb,MSSQL$SQLEXPRESS,Application,8424,4,,,,0C4300000A0000000E000000440043005C00530051004C004500580050005200450053005300000000000000,,,,,,,,1,2,,,,,,,,,,,2,,,,2,2,,,,,,,,,,,,,,,,,,,,,,,,,,,,,,,,,,,,,,,,,,
2026-09-01T23:51:32.466829Z,"{'#attributes': {'Qualifiers': 16384}, '#text': 17162}",dc.scaffold.htb,MSSQL$SQLEXPRESS,Application,8425,4,,,,0A4300000A0000000E000000440043005C00530051004C004500580050005200450053005300000000000000,,,,,,,,,,,,,,,,,,,,,,,,,,,,,,,,,,,,,,,,,,,,,,,,,,,,,,,,,,,,,,,,,,,
2026-09-01T23:51:32.466829Z,"{'#attributes': {'Qualifiers': 16384}, '#text': 49903}",dc.scaffold.htb,MSSQL$SQLEXPRESS,Application,8426,4,,,,EFC200000A0000000E000000440043005C00530051004C004500580050005200450053005300000000000000,,,,,,,4095,,,,,,,,,,,,,,,,,,,,,,,,,,,,,,,,,,,,,,,,,,,,,,,,,,,,,,,,,,,,
2026-09-01T23:51:32.466829Z,"{'#attributes': {'Qualifiers': 16384}, '#text': 852}",dc.scaffold.htb,MSSQL$SQLEXPRESS,Application,8427,4,,,,540300000A0000000E000000440043005C00530051004C004500580050005200450053005300000000000000,,,,,,,,,,,,,,,,,,,,,,,,,,,,,,,,,,,,,,,,,,,,,,,,,,,,,,,,,,,,,,,,,,,
2026-09-01T23:51:32.591827Z,"{'#attributes': {'Qualifiers': 16384}, '#text': 894}",dc.scaffold.htb,MSSQL$SQLEXPRESS,Application,8428,4,,,,7E0300000A0000000E000000440043005C00530051004C004500580050005200450053005300000000000000,,,,,,,,1048576,576913,,,,,,,,,,,,,,,,,,,,,,,,,,,,,,,,,,,,,,,,,,,,,,,,,,,,,,,,,,
2026-09-01T23:51:32.787881Z,"{'#attributes': {'Qualifiers': 16384}, '#text': 49917}",dc.scaffold.htb,MSSQL$SQLEXPRESS,Application,8429,4,,,,FDC200000A0000000E000000440043005C00530051004C004500580050005200450053005300000000000000,,,,,,,,SQL_Latin1_General_CP1_CI_AS,us_english,,,,,,,,,,,1033,,,,,,,,,,,,,,,,,,,,,,,,,,,,,,,,,,,,,,,,,,,,,,,
2026-09-01T23:51:33.013709Z,"{'#attributes': {'Qualifiers': 16384}, '#text': 873}",dc.scaffold.htb,MSSQL$SQLEXPRESS,Application,8430,4,,,,690300000A0000000E000000440043005C00530051004C004500580050005200450053005300000000000000,,,,,,,,,,,,,,,,,,,,,,,,,,,,,,,,,,,,,,,,,,,,,,,,,,,,,,,,,,,,,,,,,,,
2026-09-01T23:51:33.529328Z,"{'#attributes': {'Qualifiers': 16384}, '#text': 17811}",dc.scaffold.htb,MSSQL$SQLEXPRESS,Application,8431,4,,,,934500000A0000000E000000440043005C00530051004C004500580050005200450053005300000000000000,,,,,,,1,,,,,,,,,,,,,,,,,,,,,,,,,,,,,,,,,,,,,,,,,,,,,,,,,,,,,,,,,,,,
2026-09-01T23:51:33.529328Z,"{'#attributes': {'Qualifiers': 16384}, '#text': 17176}",dc.scaffold.htb,MSSQL$SQLEXPRESS,Application,8432,4,,,,184300000A0000000E000000440043005C00530051004C004500580050005200450053005300000000000000,,,,,,,,5444,9/1/2026 3:04:42 PM,,,,,,,,,,,9/1/2026 10:04:42 PM,,,,,,,,,,,,,,,,,,,,,,,,,,,,,,,,,,,,,,,,,,,,,,,
2026-09-01T23:51:33.544961Z,"{'#attributes': {'Qualifiers': 16384}, '#text': 17152}",dc.scaffold.htb,MSSQL$SQLEXPRESS,Application,8433,4,,,,004300000A0000000E000000440043005C00530051004C004500580050005200450053005300000000000000,,,,,,,,0,0000000000000003,,,,,,,,,,,0,,,,0000000000000003,0,,,,,,,,,,,,,,,,,,,,,,,,,,,,,,,,,,,,,,,,,,
2026-09-01T23:51:33.560588Z,"{'#attributes': {'Qualifiers': 16384}, '#text': 17125}",dc.scaffold.htb,MSSQL$SQLEXPRESS,Application,8434,4,,,,E54200000A0000000E000000440043005C00530051004C004500580050005200450053005300000000000000,,,,,,,,2500,5000,,,,,,,,,,,,,,,,,,,,,,,,,,,,,,,,,,,,,,,,,,,,,,,,,,,,,,,,,,
2026-09-01T23:51:34.326208Z,"{'#attributes': {'Qualifiers': 16384}, '#text': 17118}",dc.scaffold.htb,MSSQL$SQLEXPRESS,Application,8435,4,,,,DE4200000A0000000E000000440043005C00530051004C004500580050005200450053005300000000000000,,,,,,,disabled,,,,,,,,,,,,,,,,,,,,,,,,,,,,,,,,,,,,,,,,,,,,,,,,,,,,,,,,,,,,
2026-09-01T23:51:34.341827Z,"{'#attributes': {'Qualifiers': 16384}, '#text': 49921}",dc.scaffold.htb,MSSQL$SQLEXPRESS,Application,8436,4,,,,01C300000A0000000E000000440043005C00530051004C004500580050005200450053005300000000000000,,,,,,,1,,,,,,,,,,,,,,,,,,,,,,,,,,,,,,,,,,,,,,,,,,,,,,,,,,,,,,,,,,,,
2026-09-01T23:51:34.357454Z,"{'#attributes': {'Qualifiers': 16384}, '#text': 9048}",dc.scaffold.htb,MSSQL$SQLEXPRESS,Application,8437,4,,,,582300000A0000000E000000440043005C00530051004C004500580050005200450053005300000000000000,,,,,,,clwb,,,,,,,,,,,,,,,,,,,,,,,,,,,,,,,,,,,,,,,,,,,,,,,,,,,,,,,,,,,,
2026-09-01T23:51:34.357454Z,"{'#attributes': {'Qualifiers': 16384}, '#text': 49910}",dc.scaffold.htb,MSSQL$SQLEXPRESS,Application,8438,4,,,,F6C200000A0000000E000000440043005C00530051004C004500580050005200450053005300000000000000,,,,,,,,,,,,,,,,,,,,,,,,,,,,,,,,,,,,,,,,,,,,,,,,,,,,,,,,,,,,,,,,,,,
2026-09-01T23:51:34.701213Z,"{'#attributes': {'Qualifiers': 16384}, '#text': 17137}",dc.scaffold.htb,MSSQL$SQLEXPRESS,Application,8439,4,,,,F14200000A0000000E000000440043005C00530051004C004500580050005200450053005300000000000000,,,,,,,master,,,,,,,,,,,,,,,,,,,,,,,,,,,,,,,,,,,,,,,,,,,,,,,,,,,,,,,,,,,,
2026-09-01T23:51:34.904332Z,"{'#attributes': {'Qualifiers': 16384}, '#text': 6253}",dc.scaffold.htb,MSSQL$SQLEXPRESS,Application,8440,4,,,,6D1800000A0000000E000000440043005C00530051004C004500580050005200450053005300000000000000,,,,,,,,v4.0.30319,C:\Windows\Microsoft.NET\Framework64\v4.0.30319\,,,,,,,,,,,,,,,,,,,,,,,,,,,,,,,,,,,,,,,,,,,,,,,,,,,,,,,,,,
2026-09-01T23:51:36.029918Z,"{'#attributes': {'Qualifiers': 16384}, '#text': 33217}",dc.scaffold.htb,MSSQL$SQLEXPRESS,Application,8441,4,,,,C18100000A0000000E000000440043005C00530051004C0045005800500052004500530053000000070000006D00610073007400650072000000,,,,,,,,,,,,,,,,,,,,,,,,,,,,,,,,,,,,,,,,,,,,,,,,,,,,,,,,,,,,,,,,,,,
2026-09-01T23:51:36.060579Z,"{'#attributes': {'Qualifiers': 16384}, '#text': 33218}",dc.scaffold.htb,MSSQL$SQLEXPRESS,Application,8442,4,,,,C28100000A0000000E000000440043005C00530051004C0045005800500052004500530053000000070000006D00610073007400650072000000,,,,,,,,,,,,,,,,,,,,,,,,,,,,,,,,,,,,,,,,,,,,,,,,,,,,,,,,,,,,,,,,,,,
2026-09-01T23:51:36.623081Z,"{'#attributes': {'Qualifiers': 16384}, '#text': 19030}",dc.scaffold.htb,MSSQL$SQLEXPRESS,Application,8443,4,,,,564A00000A0000000E000000440043005C00530051004C0045005800500052004500530053000000070000006D00610073007400650072000000,,,,,,,,1,sa,,,,,,,,,,,,,,,,,,,,,,,,,,,,,,,,,,,,,,,,,,,,,,,,,,,,,,,,,,
2026-09-01T23:51:36.750358Z,"{'#attributes': {'Qualifiers': 16384}, '#text': 17663}",dc.scaffold.htb,MSSQL$SQLEXPRESS,Application,8444,4,,,,FF4400000A0000000E000000440043005C00530051004C0045005800500052004500530053000000070000006D00610073007400650072000000,,,,,,,DC\SQLEXPRESS,,,,,,,,,,,,,,,,,,,,,,,,,,,,,,,,,,,,,,,,,,,,,,,,,,,,,,,,,,,,
2026-09-01T23:51:36.779331Z,"{'#attributes': {'Qualifiers': 16384}, '#text': 17137}",dc.scaffold.htb,MSSQL$SQLEXPRESS,Application,8445,4,,,,F14200000A0000000E000000440043005C00530051004C0045005800500052004500530053000000070000006D00610073007400650072000000,,,,,,,msdb,,,,,,,,,,,,,,,,,,,,,,,,,,,,,,,,,,,,,,,,,,,,,,,,,,,,,,,,,,,,
2026-09-01T23:51:36.779331Z,"{'#attributes': {'Qualifiers': 16384}, '#text': 17137}",dc.scaffold.htb,MSSQL$SQLEXPRESS,Application,8446,4,,,,F14200000A0000000E000000440043005C00530051004C0045005800500052004500530053000000070000006D00610073007400650072000000,,,,,,,mssqlsystemresource,,,,,,,,,,,,,,,,,,,,,,,,,,,,,,,,,,,,,,,,,,,,,,,,,,,,,,,,,,,,
2026-09-01T23:51:36.919953Z,"{'#attributes': {'Qualifiers': 16384}, '#text': 958}",dc.scaffold.htb,MSSQL$SQLEXPRESS,Application,8447,4,,,,BE0300000A0000000E000000440043005C00530051004C0045005800500052004500530053000000070000006D00610073007400650072000000,,,,,,,15.00.2000,,,,,,,,,,,,,,,,,,,,,,,,,,,,,,,,,,,,,,,,,,,,,,,,,,,,,,,,,,,,
2026-09-01T23:51:37.294956Z,"{'#attributes': {'Qualifiers': 16384}, '#text': 26018}",dc.scaffold.htb,MSSQL$SQLEXPRESS,Application,8448,4,,,,A26500000A0000000E000000440043005C00530051004C004500580050005200450053005300000000000000,,,,,,,,,,,,,,,,,,,,,,,,,,,,,,,,,,,,,,,,,,,,,,,,,,,,,,,,,,,,,,,,,,,
2026-09-01T23:51:37.294956Z,"{'#attributes': {'Qualifiers': 16384}, '#text': 26022}",dc.scaffold.htb,MSSQL$SQLEXPRESS,Application,8449,4,,,,A66500000A0000000E000000440043005C00530051004C004500580050005200450053005300000000000000,,,,,,,,'any',ipv6,,,,,,,,,,,52951,,,,,,,,,,,,,,,,,,,,,,,,,,,,,,,,,,,,,,,,,,,,,,,
2026-09-01T23:51:37.294956Z,"{'#attributes': {'Qualifiers': 16384}, '#text': 26022}",dc.scaffold.htb,MSSQL$SQLEXPRESS,Application,8450,4,,,,A66500000A0000000E000000440043005C00530051004C004500580050005200450053005300000000000000,,,,,,,,'any',ipv4,,,,,,,,,,,52951,,,,,,,,,,,,,,,,,,,,,,,,,,,,,,,,,,,,,,,,,,,,,,,
2026-09-01T23:51:37.310578Z,"{'#attributes': {'Qualifiers': 16384}, '#text': 26048}",dc.scaffold.htb,MSSQL$SQLEXPRESS,Application,8451,4,,,,C06500000A0000000E000000440043005C00530051004C004500580050005200450053005300000000000000,,,,,,,\\.\pipe\SQLLocal\SQLEXPRESS,,,,,,,,,,,,,,,,,,,,,,,,,,,,,,,,,,,,,,,,,,,,,,,,,,,,,,,,,,,,
2026-09-01T23:51:37.310578Z,"{'#attributes': {'Qualifiers': 16384}, '#text': 26048}",dc.scaffold.htb,MSSQL$SQLEXPRESS,Application,8452,4,,,,C06500000A0000000E000000440043005C00530051004C004500580050005200450053005300000000000000,,,,,,,\\.\pipe\MSSQL$SQLEXPRESS\sql\query,,,,,,,,,,,,,,,,,,,,,,,,,,,,,,,,,,,,,,,,,,,,,,,,,,,,,,,,,,,,
2026-09-01T23:51:37.310578Z,"{'#attributes': {'Qualifiers': 16384}, '#text': 17199}",dc.scaffold.htb,MSSQL$SQLEXPRESS,Application,8453,4,,,,2F4300000A0000000E000000440043005C00530051004C004500580050005200450053005300000000000000,,,,,,,7806,,,,,,,,,,,,,,,,,,,,,,,,,,,,,,,,,,,,,,,,,,,,,,,,,,,,,,,,,,,,
2026-09-01T23:51:37.310578Z,"{'#attributes': {'Qualifiers': 16384}, '#text': 17126}",dc.scaffold.htb,MSSQL$SQLEXPRESS,Application,8454,4,,,,E64200000A0000000E000000440043005C00530051004C004500580050005200450053005300000000000000,,,,,,,,,,,,,,,,,,,,,,,,,,,,,,,,,,,,,,,,,,,,,,,,,,,,,,,,,,,,,,,,,,,
2026-09-01T23:51:37.310578Z,"{'#attributes': {'Qualifiers': 16384}, '#text': 26076}",dc.scaffold.htb,MSSQL$SQLEXPRESS,Application,8455,4,,,,DC6500000A0000000E000000440043005C00530051004C004500580050005200450053005300000000000000,,,,,,,,,,,,,,,,,,,,,,,,,,,,,,,,,,,,,,,,,,,,,,,,,,,,,,,,,,,,,,,,,,,
2026-09-01T23:51:37.310578Z,"{'#attributes': {'Qualifiers': 16384}, '#text': 17137}",dc.scaffold.htb,MSSQL$SQLEXPRESS,Application,8456,4,,,,F14200000A0000000E000000440043005C00530051004C0045005800500052004500530053000000070000006D00610073007400650072000000,,,,,,,model,,,,,,,,,,,,,,,,,,,,,,,,,,,,,,,,,,,,,,,,,,,,,,,,,,,,,,,,,,,,
2026-09-01T23:51:37.326204Z,"{'#attributes': {'Qualifiers': 16384}, '#text': 26067}",dc.scaffold.htb,MSSQL$SQLEXPRESS,Application,8457,4,,,,D36500000A0000000E000000440043005C00530051004C004500580050005200450053005300000000000000,,,,,,,,MSSQLSvc/dc.scaffold.htb:SQLEXPRESS,0x54b,,,,,,,,,,,3,,,,,,,,,,,,,,,,,,,,,,,,,,,,,,,,,,,,,,,,,,,,,,,
2026-09-01T23:51:37.326204Z,"{'#attributes': {'Qualifiers': 16384}, '#text': 26067}",dc.scaffold.htb,MSSQL$SQLEXPRESS,Application,8458,4,,,,D36500000A0000000E000000440043005C00530051004C004500580050005200450053005300000000000000,,,,,,,,MSSQLSvc/dc.scaffold.htb:52951,0x54b,,,,,,,,,,,3,,,,,,,,,,,,,,,,,,,,,,,,,,,,,,,,,,,,,,,,,,,,,,,
2026-09-01T23:51:37.388704Z,"{'#attributes': {'Qualifiers': 16384}, '#text': 17136}",dc.scaffold.htb,MSSQL$SQLEXPRESS,Application,8459,4,,,,F04200000A0000000E000000440043005C00530051004C0045005800500052004500530053000000070000006D00610073007400650072000000,,,,,,,,,,,,,,,,,,,,,,,,,,,,,,,,,,,,,,,,,,,,,,,,,,,,,,,,,,,,,,,,,,,
2026-09-01T23:51:37.654332Z,"{'#attributes': {'Qualifiers': 16384}, '#text': 17137}",dc.scaffold.htb,MSSQL$SQLEXPRESS,Application,8460,4,,,,F14200000A0000000E000000440043005C00530051004C0045005800500052004500530053000000070000006D00610073007400650072000000,,,,,,,tempdb,,,,,,,,,,,,,,,,,,,,,,,,,,,,,,,,,,,,,,,,,,,,,,,,,,,,,,,,,,,,
2026-09-01T23:51:37.810591Z,"{'#attributes': {'Qualifiers': 16384}, '#text': 9666}",dc.scaffold.htb,MSSQL$SQLEXPRESS,Application,8461,4,,,,C22500000A0000000E000000440043005C00530051004C0045005800500052004500530053000000070000006D00610073007400650072000000,,,,,,,Service Broker,,,,,,,,,,,,,,,,,,,,,,,,,,,,,,,,,,,,,,,,,,,,,,,,,,,,,,,,,,,,
2026-09-01T23:51:37.810591Z,"{'#attributes': {'Qualifiers': 16384}, '#text': 9666}",dc.scaffold.htb,MSSQL$SQLEXPRESS,Application,8462,4,,,,C22500000A0000000E000000440043005C00530051004C0045005800500052004500530053000000070000006D00610073007400650072000000,,,,,,,Database Mirroring,,,,,,,,,,,,,,,,,,,,,,,,,,,,,,,,,,,,,,,,,,,,,,,,,,,,,,,,,,,,
2026-09-01T23:51:37.826203Z,"{'#attributes': {'Qualifiers': 16384}, '#text': 9688}",dc.scaffold.htb,MSSQL$SQLEXPRESS,Application,8463,4,,,,D82500000A0000000E000000440043005C00530051004C0045005800500052004500530053000000070000006D00610073007400650072000000,,,,,,,,,,,,,,,,,,,,,,,,,,,,,,,,,,,,,,,,,,,,,,,,,,,,,,,,,,,,,,,,,,,
2026-09-01T23:51:37.826203Z,"{'#attributes': {'Qualifiers': 16384}, '#text': 3408}",dc.scaffold.htb,MSSQL$SQLEXPRESS,Application,8464,4,,,,500D00000A0000000E000000440043005C00530051004C0045005800500052004500530053000000070000006D00610073007400650072000000,,,,,,,,,,,,,,,,,,,,,,,,,,,,,,,,,,,,,,,,,,,,,,,,,,,,,,,,,,,,,,,,,,,
2026-09-01T23:51:41.591869Z,"{'#attributes': {'Qualifiers': 16384}, '#text': 16384}",dc.scaffold.htb,Microsoft-Windows-Security-SPP,Application,8465,4,,,,,,,,,,,,2026-09-02T23:50:41Z,RulesEngine,,,,,,,,,,,,,,,,,,,,,,,,,,,,,,,,,,,,,,,,,,,,,,,,,,,,,,,,,,
