2026-07-09T06:11:55.164681Z,5617,dc.scaffold.htb,Microsoft-Windows-WMI,Application,7447,4,,,,,,,,,,,,,,,,,,,,,,,,,,,,,,,,,,,,,,,,,,,,,,,,,,,,,,,,,,,,,,,,,,,,,,,
2026-07-09T06:11:56.800842Z,"{'#attributes': {'Qualifiers': 0}, '#text': 258}",dc.scaffold.htb,VMUpgradeHelper,Application,7448,4,,,,,,,,,,,,,,,,,,,,,,,,,,,,,,,,,,,,,,,,,,,,,,,,,,,,,,,,,,,,,,,,,,,,,,,
2026-07-09T06:11:57.597716Z,"{'#attributes': {'Qualifiers': 0}, '#text': 0}",dc.scaffold.htb,Microsoft Deployment Toolkit Monitor Service,Application,7449,4,,,,,,,,,,,Service started successfully.,,,,,,,,,,,,,,,,,,,,,,,,,,,,,,,,,,,,,,,,,,,,,,,,,,,,,,,,,,,,
2026-07-09T06:11:58.147259Z,"{'#attributes': {'Qualifiers': 0}, '#text': 271}",dc.scaffold.htb,VMUpgradeHelper,Application,7450,4,,,,,,,,,,,,,,,,,,,,,,,,,,,,,,,,,,,,,,,,,,,,,,,,,,,,,,,,,,,,,,,,,,,,,,,
2026-07-09T06:12:11.222714Z,"{'#attributes': {'Qualifiers': 0}, '#text': 1000}",dc.scaffold.htb,VGAuth,Application,7451,0,,,,,,,,,,,vmtoolsd: Username and password mismatch for 'Administrator',,,,,,,,,,,,,,,,,,,,,,,,,,,,,,,,,,,,,,,,,,,,,,,,,,,,,,,,,,,,
2026-07-09T06:12:11.472715Z,"{'#attributes': {'Qualifiers': 16384}, '#text': 9027}",dc.scaffold.htb,Desktop Window Manager,Application,7452,4,,,,,,,,,,,,,,,,,,,,,,,,,,,,,,,,,,,,,,,,,,,,,,,,,,,,,,,,,,,,,,,,,,,,,,,
2026-07-09T06:12:16.441465Z,"{'#attributes': {'Qualifiers': 0}, '#text': 1000}",dc.scaffold.htb,VGAuth,Application,7453,0,,,,,,,,,,,vmtoolsd: Username and password mismatch for 'Administrator',,,,,,,,,,,,,,,,,,,,,,,,,,,,,,,,,,,,,,,,,,,,,,,,,,,,,,,,,,,,
2026-07-09T06:12:21.644654Z,"{'#attributes': {'Qualifiers': 0}, '#text': 1000}",dc.scaffold.htb,VGAuth,Application,7454,0,,,,,,,,,,,vmtoolsd: Username and password mismatch for 'Administrator',,,,,,,,,,,,,,,,,,,,,,,,,,,,,,,,,,,,,,,,,,,,,,,,,,,,,,,,,,,,
2026-07-09T06:12:23.535217Z,"{'#attributes': {'Qualifiers': 16641}, '#text': 517}",dc.scaffold.htb,WDSServer,Application,7455,4,,,,,,,,,,,,WDSDCMGR,C:\Windows\system32\wdsdcmgr.dll,,,,,,,,,,,,,,,,,,,,,,,,,,,,,,,,,,,,,,,,,,,,,,,,,,,,,,,,,,
2026-07-09T06:12:23.550840Z,"{'#attributes': {'Qualifiers': 0}, '#text': 102}",dc.scaffold.htb,ESENT,Application,7456,4,,,,,,,,,,,,DFSRs,"2908,P,98",,,,,,,,,,,\\.\C:\System Volume Information\DFSR\database_D030_CE70_30CE_5D5A\dfsr.db: ,,,,0,10,00,20348,0000,,,,,,,,,,,,,,,,,,,,,,,,,,,,,,,,,,,,,,,
2026-07-09T06:12:23.597715Z,"{'#attributes': {'Qualifiers': 16641}, '#text': 517}",dc.scaffold.htb,WDSServer,Application,7457,4,,,,,,,,,,,,WDSDCPXE,C:\Windows\system32\wdsdcpxe.dll,,,,,,,,,,,,,,,,,,,,,,,,,,,,,,,,,,,,,,,,,,,,,,,,,,,,,,,,,,
2026-07-09T06:12:23.613340Z,"{'#attributes': {'Qualifiers': 0}, '#text': 105}",dc.scaffold.htb,ESENT,Application,7458,4,,,,,,,,,,,,DFSRs,"2908,D,0",,,,,,,,,,,\\.\C:\System Volume Information\DFSR\database_D030_CE70_30CE_5D5A\dfsr.db: ,,,,0,0,"
[1] 0.013572 +J(0) +M(C:0K, Fs:264, WS:952K # 960K, PF:6412K # 6500K, P:6412K)
[2] 0.000305 +J(0) +M(C:16K, Fs:97, WS:380K # 372K, PF:316K # 228K, P:316K)
[3] 0.000021 +J(0) +M(C:0K, Fs:3, WS:12K # 12K, PF:64K # 64K, P:64K)
[4] 0.000206 +J(0) +M(C:2032K, Fs:32, WS:120K # 120K, PF:2432K # 2432K, P:2432K)
[5] 0.001005 +J(0) +M(C:0K, Fs:10, WS:40K # 40K, PF:24K # 24K, P:24K)
[6] 0.002795 +J(0) +M(C:0K, Fs:33, WS:132K # 132K, PF:80K # 80K, P:80K)
[7] 0.034157 -0.027983 (11) WT +J(0) +M(C:0K, Fs:1301, WS:5192K # 5192K, PF:5132K # 5132K, P:5132K)
[8] -
[9] -
[10] -
[11] -
[12] -
[13] 0.024382 -0.016034 (12) WT +J(CM:0, PgRf:0, Rd:0/0, Dy:0/0, Lg:616/1) +M(C:0K, Fs:7, WS:-5100K # 16K, PF:-5124K # 16K, P:-5124K)
[14] 0.000022 +J(0)
[15] 0.000123 +J(0) +M(C:0K, Fs:64, WS:256K # 0K, PF:64K # 0K, P:64K)
[16] 0.000936 -0.000711 (1) WT +J(0) +M(C:0K, Fs:3, WS:4K # 0K, PF:0K # 0K, P:0K).",,,,,,,,,,,,,,,,,,,,,,,,,,,,,,,,,,,,,,,,,
2026-07-09T06:12:23.628966Z,"{'#attributes': {'Qualifiers': 0}, '#text': 102}",dc.scaffold.htb,ESENT,Application,7459,4,,,,,,,,,,,,svchost,"2624,P,98",,,,,,,,,,,DDP: ,,,,1,10,00,20348,0000,,,,,,,,,,,,,,,,,,,,,,,,,,,,,,,,,,,,,,,
2026-07-09T06:12:23.628966Z,"{'#attributes': {'Qualifiers': 0}, '#text': 326}",dc.scaffold.htb,ESENT,Application,7460,4,,,,,,,,,,,,DFSRs,"2908,D,50",,,,,,,,,,,\\.\C:\System Volume Information\DFSR\database_D030_CE70_30CE_5D5A\dfsr.db: ,,,,1,\\.\C:\System Volume Information\DFSR\database_D030_CE70_30CE_5D5A\dfsr.db,0,"
[1] 0.000006 +J(0) +M(C:0K, Fs:1, WS:4K # 0K, PF:0K # 0K, P:0K)
[2] 0.001040 -0.000807 (1) WT +J(0) +M(C:0K, Fs:19, WS:12K # 0K, PF:8K # 0K, P:8K)
[3] 0.013662 -0.007497 (6) WT +J(CM:0, PgRf:0, Rd:0/0, Dy:0/0, Lg:3480/2) +M(C:0K, Fs:36, WS:132K # 0K, PF:172K # 0K, P:172K)
[4] 0.000118 +J(0)
[5] -
[6] -
[7] -
[8] 0.000862 -0.000555 (2) CM -0.000440 (2) WT +J(CM:2, PgRf:2, Rd:14/2, Dy:0/0, Lg:54/1) +M(C:-8K, Fs:61, WS:236K # 0K, PF:140K # 0K, P:140K)
[9] 0.003316 -0.002985 (2) CM -0.002924 (2) WT +J(CM:2, PgRf:23, Rd:0/1, Dy:0/0, Lg:0/0) +M(C:-12K, Fs:30, WS:108K # 0K, PF:188K # 0K, P:188K)
[10] 0.000725 -0.000609 (1) CM -0.000542 (1) WT +J(CM:1, PgRf:40, Rd:0/1, Dy:0/0, Lg:0/0) +M(C:-4K, Fs:6, WS:20K # 0K, PF:60K # 0K, P:60K)
[11] 0.000017 +J(CM:0, PgRf:1, Rd:0/0, Dy:0/0, Lg:0/0) +M(C:0K, Fs:4, WS:16K # 0K, PF:0K # 0K, P:0K)
[12] 0.000028 +J(CM:0, PgRf:36, Rd:0/0, Dy:0/0, Lg:0/0) +M(C:0K, Fs:1, WS:4K # 0K, PF:0K # 0K, P:0K)
[13] 0.0 +J(0)
[14] 0.0 +J(0)
[15] 0.000006 +J(CM:0, PgRf:1, Rd:0/0, Dy:0/0, Lg:0/0).",0 0,"lgposAttach = 00000001:00A7:0268,
dbv = 1568.180.400 (9360)",,,,,,,,,,,,,,,,,,,,,,,,,,,,,,,,,,,,,,
2026-07-09T06:12:23.660217Z,"{'#attributes': {'Qualifiers': 0}, '#text': 300}",dc.scaffold.htb,ESENT,Application,7461,4,,,,,,,,,,,,svchost,"2624,R,98",,,,,,,,,,,DDP: ,,,,,,,,,,,,,,,,,,,,,,,,,,,,,,,,,,,,,,,,,,,,,,,
2026-07-09T06:12:23.691468Z,"{'#attributes': {'Qualifiers': 0}, '#text': 102}",dc.scaffold.htb,ESENT,Application,7462,4,,,,,,,,,,,,certsrv.exe,"2792,P,98",,,,,,,,,,,,,,,0,10,00,20348,0000,,,,,,,,,,,,,,,,,,,,,,,,,,,,,,,,,,,,,,,
2026-07-09T06:12:23.691468Z,"{'#attributes': {'Qualifiers': 0}, '#text': 335}",dc.scaffold.htb,ESENT,Application,7463,4,,,,,,,,,,,,svchost,"2624,R,98",,,,,,,,,,,DDP: ,,,,Create,C:\RemoteInstall\Stores\Drivers\Metadata\DdpDb.mdb,"(00000001,0001,0268)",AttachFuture,,,,,,,,,,,,,,,,,,,,,,,,,,,,,,,,,,,,,,,,
2026-07-09T06:12:23.738342Z,"{'#attributes': {'Qualifiers': 0}, '#text': 105}",dc.scaffold.htb,ESENT,Application,7464,4,,,,,,,,,,,,certsrv.exe,"2792,D,0",,,,,,,,,,,,,,,0,0,"
[1] 0.001499 +J(0) +M(C:0K, Fs:171, WS:668K # 668K, PF:2880K # 2612K, P:2880K)
[2] 0.000444 +J(0) +M(C:3200K, Fs:141, WS:552K # 552K, PF:3676K # 3676K, P:3676K)
[3] 0.000016 +J(0) +M(C:0K, Fs:4, WS:12K # 12K, PF:68K # 68K, P:68K)
[4] 0.000093 +J(0) +M(C:0K, Fs:20, WS:80K # 80K, PF:516K # 516K, P:516K)
[5] 0.000710 +J(0) +M(C:0K, Fs:7, WS:28K # 28K, PF:0K # 0K, P:0K)
[6] 0.005451 +J(0) +M(C:0K, Fs:32, WS:128K # 128K, PF:12K # 12K, P:12K)
[7] 0.013214 -0.009995 (3) WT +J(0) +M(C:0K, Fs:274, WS:1096K # 1096K, PF:1024K # 1024K, P:1024K)
[8] -
[9] -
[10] -
[11] -
[12] -
[13] 0.026276 -0.011907 (4) WT +J(CM:0, PgRf:0, Rd:0/0, Dy:0/0, Lg:616/1) +M(C:0K, Fs:24, WS:-940K # 76K, PF:-952K # 76K, P:-952K)
[14] 0.000015 +J(0)
[15] 0.000158 +J(0) +M(C:0K, Fs:100, WS:400K # 0K, PF:64K # 0K, P:64K)
[16] 0.002067 -0.001908 (1) WT +J(0) +M(C:0K, Fs:3, WS:4K # 0K, PF:0K # 0K, P:0K).",,,,,,,,,,,,,,,,,,,,,,,,,,,,,,,,,,,,,,,,,
2026-07-09T06:12:23.769588Z,"{'#attributes': {'Qualifiers': 0}, '#text': 301}",dc.scaffold.htb,ESENT,Application,7465,4,,,,,,,,,,,,svchost,"2624,R,98",,,,,,,,,,,DDP: ,,,,C:\RemoteInstall\Stores\Drivers\Metadata\DDP.log,"
[1] 0.102143 -0.061649 (51) WT +J(CM:0, PgRf:0, Rd:0/0, Dy:0/0, Lg:758406/1672) +M(C:0K, Fs:879, WS:60K # 104K, PF:60K # 104K, P:60K).",Insert   ,479,,,,,,,,,,,,,,,,,,,,,,,,,,,,,,,,,,,,,,,,
2026-07-09T06:12:23.769588Z,"{'#attributes': {'Qualifiers': 0}, '#text': 326}",dc.scaffold.htb,ESENT,Application,7466,4,,,,,,,,,,,,certsrv.exe,"2792,D,50",,,,,,,,,,,,,,,1,C:\Windows\system32\CertLog\scaffold-DC-CA.edb,0,"
[1] 0.000004 +J(0) +M(C:0K, Fs:1, WS:4K # 0K, PF:0K # 0K, P:0K)
[2] 0.004164 -0.003893 (1) WT +J(0) +M(C:0K, Fs:18, WS:8K # 0K, PF:4K # 0K, P:4K)
[3] 0.016805 -0.009791 (6) WT +J(CM:0, PgRf:0, Rd:0/0, Dy:0/0, Lg:3480/2) +M(C:0K, Fs:24, WS:88K # 0K, PF:120K # 0K, P:120K)
[4] 0.000107 +J(0)
[5] -
[6] -
[7] -
[8] 0.001507 -0.001265 (2) CM -0.001141 (2) WT +J(CM:2, PgRf:2, Rd:14/2, Dy:0/0, Lg:54/1) +M(C:0K, Fs:39, WS:156K # 0K, PF:148K # 0K, P:148K)
[9] 0.004201 -0.003964 (3) CM -0.003846 (3) WT +J(CM:3, PgRf:23, Rd:0/2, Dy:0/0, Lg:0/0) +M(C:0K, Fs:32, WS:128K # 0K, PF:200K # 0K, P:200K)
[10] 0.000533 -0.000424 (1) CM -0.000395 (1) WT +J(CM:1, PgRf:40, Rd:0/1, Dy:0/0, Lg:0/0) +M(C:0K, Fs:5, WS:20K # 0K, PF:64K # 0K, P:64K)
[11] 0.000018 +J(CM:0, PgRf:1, Rd:0/0, Dy:0/0, Lg:0/0) +M(C:0K, Fs:4, WS:16K # 0K, PF:0K # 0K, P:0K)
[12] 0.000043 +J(CM:0, PgRf:42, Rd:0/0, Dy:0/0, Lg:0/0) +M(C:0K, Fs:1, WS:4K # 0K, PF:0K # 0K, P:0K)
[13] 0.0 +J(0)
[14] 0.0 +J(0)
[15] 0.000005 +J(CM:0, PgRf:1, Rd:0/0, Dy:0/0, Lg:0/0).",0 0,"lgposAttach = 00000004:00EA:0268,
dbv = 1568.180.400 (9360)",,,,,,,,,,,,,,,,,,,,,,,,,,,,,,,,,,,,,,
2026-07-09T06:12:23.816465Z,"{'#attributes': {'Qualifiers': 0}, '#text': 302}",dc.scaffold.htb,ESENT,Application,7467,4,,,,,,,,,,,,svchost,"2624,U,98",,,,,,,,,,,DDP: ,,,,,,,,,,,,,,,,,,,,,,,,,,,,,,,,,,,,,,,,,,,,,,,
2026-07-09T06:12:23.847718Z,"{'#attributes': {'Qualifiers': 0}, '#text': 105}",dc.scaffold.htb,ESENT,Application,7468,4,,,,,,,,,,,,svchost,"2624,D,0",,,,,,,,,,,DDP: ,,,,1,0,"
[1] -
[2] -
[3] 0.000556 +J(0) +M(C:0K, Fs:3, WS:12K # 12K, PF:0K # 0K, P:0K)
[4] 0.000149 +J(0) +M(C:0K, Fs:10, WS:40K # 40K, PF:156K # 0K, P:156K)
[5] 0.000631 +J(0) +M(C:0K, Fs:4, WS:16K # 16K, PF:16K # 0K, P:16K)
[6] 0.003018 +J(0) +M(C:0K, Fs:2, WS:8K # 8K, PF:16K # 0K, P:16K)
[7] 0.028228 -0.023585 (11) WT +J(0) +M(C:0K, Fs:1283, WS:5120K # 5120K, PF:5132K # 4420K, P:5132K)
[8] 0.114908 -0.069654 (54) WT +J(CM:0, PgRf:0, Rd:0/0, Dy:0/0, Lg:758406/1672) +M(C:0K, Fs:916, WS:200K # 244K, PF:76K # 120K, P:76K)
[9] 0.000896 +J(0)
[10] 0.017137 -0.015036 (10) WT +J(0) +M(C:0K, Fs:6, WS:-5092K # 0K, PF:-5128K # 0K, P:-5128K)
[11] 0.000023 +J(CM:0, PgRf:0, Rd:0/0, Dy:0/0, Lg:49/1) +M(C:0K, Fs:1, WS:4K # 0K, PF:0K # 0K, P:0K)
[12] 0.001462 +J(0)
[13] 0.062349 -0.003584 (2) CM -0.039125 (30) WT +J(CM:2, PgRf:2, Rd:0/2, Dy:0/0, Lg:8759/5) +M(C:-56K, Fs:1327, WS:-48K # 0K, PF:-112K # 0K, P:-112K)
[14] 0.000021 +J(0)
[15] 0.000027 +J(0)
[16] 0.001595 -0.001432 (1) WT +J(0) +M(C:0K, Fs:2, WS:0K # 0K, PF:0K # 0K, P:0K).","lgposV2[] = 00000001:0001:0000 - 00000001:00BB:0319 - 00000001:00BC:0000 - 00000001:00BC:0000 (00000000:0000:0000)
cReInits = 36
",,,,,,,,,,,,,,,,,,,,,,,,,,,,,,,,,,,,,,,,
2026-07-09T06:12:23.878966Z,"{'#attributes': {'Qualifiers': 0}, '#text': 326}",dc.scaffold.htb,ESENT,Application,7469,4,,,,,,,,,,,,svchost,"2624,D,50",,,,,,,,,,,DDP: ,,,,3,C:\RemoteInstall\Stores\Drivers\Metadata\DdpDb.mdb,0,"
[1] 0.000003 +J(0)
[2] 0.000762 -0.000536 (1) WT +J(0) +M(C:0K, Fs:24, WS:32K # 0K, PF:32K # 0K, P:32K)
[3] 0.013010 -0.005290 (6) WT +J(CM:0, PgRf:0, Rd:0/0, Dy:0/0, Lg:3480/2) +M(C:0K, Fs:13, WS:20K # 0K, PF:20K # 0K, P:20K)
[4] 0.000117 +J(0)
[5] -
[6] -
[7] -
[8] 0.000349 +J(CM:0, PgRf:2, Rd:7/0, Dy:0/0, Lg:54/1) +M(C:104K, Fs:44, WS:176K # 0K, PF:124K # 0K, P:124K)
[9] 0.008614 -0.008358 (3) CM -0.008222 (3) WT +J(CM:3, PgRf:16, Rd:0/2, Dy:0/0, Lg:0/0) +M(C:-12K, Fs:17, WS:-8K # 0K, PF:-12K # 0K, P:-12K)
[10] 0.001456 -0.001326 (1) CM -0.001246 (1) WT +J(CM:1, PgRf:35, Rd:0/1, Dy:0/0, Lg:0/0) +M(C:-28K, Fs:1, WS:-24K # 0K, PF:-28K # 0K, P:-28K)
[11] 0.000010 +J(CM:0, PgRf:1, Rd:0/0, Dy:0/0, Lg:0/0)
[12] 0.000039 +J(CM:0, PgRf:42, Rd:0/0, Dy:0/0, Lg:0/0)
[13] 0.0 +J(0)
[14] 0.0 +J(0)
[15] 0.000005 +J(CM:0, PgRf:1, Rd:0/0, Dy:0/0, Lg:0/0).",1 0,"lgposAttach = 00000001:00BE:0268,
dbv = 1568.180.400 (9360)",,,,,,,,,,,,,,,,,,,,,,,,,,,,,,,,,,,,,,
2026-07-09T06:12:23.910221Z,"{'#attributes': {'Qualifiers': 16641}, '#text': 517}",dc.scaffold.htb,WDSServer,Application,7470,4,,,,,,,,,,,,WDSDDPS,C:\Windows\system32\wdsddps.dll,,,,,,,,,,,,,,,,,,,,,,,,,,,,,,,,,,,,,,,,,,,,,,,,,,,,,,,,,,
2026-07-09T06:12:24.378966Z,"{'#attributes': {'Qualifiers': 16384}, '#text': 17069}",dc.scaffold.htb,MSSQL$SQLEXPRESS,Application,7471,4,,,,AD4200000A0000000E000000440043005C00530051004C004500580050005200450053005300000000000000,,,,,,,"Microsoft SQL Server 2019 (RTM) - 15.0.2000.5 (X64) 
	Sep 24 2019 13:48:23 
	Copyright (C) 2019 Microsoft Corporation
	Express Edition (64-bit) on Windows Server 2022 Standard 10.0 <X64> (Build 20348: ) (Hypervisor)
",,,,,,,,,,,,,,,,,,,,,,,,,,,,,,,,,,,,,,,,,,,,,,,,,,,,,,,,,,,,
2026-07-09T06:12:24.378966Z,"{'#attributes': {'Qualifiers': 16384}, '#text': 49916}",dc.scaffold.htb,MSSQL$SQLEXPRESS,Application,7472,4,,,,FCC200000A0000000E000000440043005C00530051004C004500580050005200450053005300000000000000,,,,,,,,-7,00,,,,,,,,,,,,,,,,,,,,,,,,,,,,,,,,,,,,,,,,,,,,,,,,,,,,,,,,,,
2026-07-09T06:12:24.394592Z,"{'#attributes': {'Qualifiers': 16384}, '#text': 17101}",dc.scaffold.htb,MSSQL$SQLEXPRESS,Application,7473,4,,,,CD4200000A0000000E000000440043005C00530051004C004500580050005200450053005300000000000000,,,,,,,,,,,,,,,,,,,,,,,,,,,,,,,,,,,,,,,,,,,,,,,,,,,,,,,,,,,,,,,,,,,
2026-07-09T06:12:24.394592Z,"{'#attributes': {'Qualifiers': 16384}, '#text': 17103}",dc.scaffold.htb,MSSQL$SQLEXPRESS,Application,7474,4,,,,CF4200000A0000000E000000440043005C00530051004C004500580050005200450053005300000000000000,,,,,,,,,,,,,,,,,,,,,,,,,,,,,,,,,,,,,,,,,,,,,,,,,,,,,,,,,,,,,,,,,,,
2026-07-09T06:12:24.394592Z,"{'#attributes': {'Qualifiers': 16384}, '#text': 17104}",dc.scaffold.htb,MSSQL$SQLEXPRESS,Application,7475,4,,,,D04200000A0000000E000000440043005C00530051004C004500580050005200450053005300000000000000,,,,,,,2756,,,,,,,,,,,,,,,,,,,,,,,,,,,,,,,,,,,,,,,,,,,,,,,,,,,,,,,,,,,,
2026-07-09T06:12:24.394592Z,"{'#attributes': {'Qualifiers': 16384}, '#text': 18496}",dc.scaffold.htb,MSSQL$SQLEXPRESS,Application,7476,4,,,,404800000A0000000E000000440043005C00530051004C004500580050005200450053005300000000000000,,,,,,,,"VMware, Inc.","VMware20,1",,,,,,,,,,,,,,,,,,,,,,,,,,,,,,,,,,,,,,,,,,,,,,,,,,,,,,,,,,
2026-07-09T06:12:24.394592Z,"{'#attributes': {'Qualifiers': 16384}, '#text': 15268}",dc.scaffold.htb,MSSQL$SQLEXPRESS,Application,7477,4,,,,A43B00000A0000000E000000440043005C00530051004C004500580050005200450053005300000000000000,,,,,,,MIXED,,,,,,,,,,,,,,,,,,,,,,,,,,,,,,,,,,,,,,,,,,,,,,,,,,,,,,,,,,,,
2026-07-09T06:12:24.394592Z,"{'#attributes': {'Qualifiers': 16384}, '#text': 17111}",dc.scaffold.htb,MSSQL$SQLEXPRESS,Application,7478,4,,,,D74200000A0000000E000000440043005C00530051004C004500580050005200450053005300000000000000,,,,,,,C:\Program Files\Microsoft SQL Server\MSSQL15.SQLEXPRESS\MSSQL\Log\ERRORLOG,,,,,,,,,,,,,,,,,,,,,,,,,,,,,,,,,,,,,,,,,,,,,,,,,,,,,,,,,,,,
2026-07-09T06:12:24.394592Z,"{'#attributes': {'Qualifiers': 16384}, '#text': 49904}",dc.scaffold.htb,MSSQL$SQLEXPRESS,Application,7479,4,,,,F0C200000A0000000E000000440043005C00530051004C004500580050005200450053005300000000000000,,,,,,,NT Service\MSSQL$SQLEXPRESS,,,,,,,,,,,,,,,,,,,,,,,,,,,,,,,,,,,,,,,,,,,,,,,,,,,,,,,,,,,,
2026-07-09T06:12:24.394592Z,"{'#attributes': {'Qualifiers': 16384}, '#text': 17110}",dc.scaffold.htb,MSSQL$SQLEXPRESS,Application,7480,4,,,,D64200000A0000000E000000440043005C00530051004C004500580050005200450053005300000000000000,,,,,,,"
	 -d C:\Program Files\Microsoft SQL Server\MSSQL15.SQLEXPRESS\MSSQL\DATA\master.mdf
	 -e C:\Program Files\Microsoft SQL Server\MSSQL15.SQLEXPRESS\MSSQL\Log\ERRORLOG
	 -l C:\Program Files\Microsoft SQL Server\MSSQL15.SQLEXPRESS\MSSQL\DATA\mastlog.ldf",,,,,,,,,,,,,,,,,,,,,,,,,,,,,,,,,,,,,,,,,,,,,,,,,,,,,,,,,,,,
2026-07-09T06:12:24.394592Z,"{'#attributes': {'Qualifiers': 16384}, '#text': 17115}",dc.scaffold.htb,MSSQL$SQLEXPRESS,Application,7481,4,,,,DB4200000A0000000E000000440043005C00530051004C004500580050005200450053005300000000000000,,,,,,,"
	 -s ""SQLEXPRESS""",,,,,,,,,,,,,,,,,,,,,,,,,,,,,,,,,,,,,,,,,,,,,,,,,,,,,,,,,,,,
2026-07-09T06:12:24.457092Z,"{'#attributes': {'Qualifiers': 16384}, '#text': 17164}",dc.scaffold.htb,MSSQL$SQLEXPRESS,Application,7482,4,,,,0C4300000A0000000E000000440043005C00530051004C004500580050005200450053005300000000000000,,,,,,,,1,2,,,,,,,,,,,2,,,,2,2,,,,,,,,,,,,,,,,,,,,,,,,,,,,,,,,,,,,,,,,,,
2026-07-09T06:12:24.457092Z,"{'#attributes': {'Qualifiers': 16384}, '#text': 17162}",dc.scaffold.htb,MSSQL$SQLEXPRESS,Application,7483,4,,,,0A4300000A0000000E000000440043005C00530051004C004500580050005200450053005300000000000000,,,,,,,,,,,,,,,,,,,,,,,,,,,,,,,,,,,,,,,,,,,,,,,,,,,,,,,,,,,,,,,,,,,
2026-07-09T06:12:24.457092Z,"{'#attributes': {'Qualifiers': 16384}, '#text': 49903}",dc.scaffold.htb,MSSQL$SQLEXPRESS,Application,7484,4,,,,EFC200000A0000000E000000440043005C00530051004C004500580050005200450053005300000000000000,,,,,,,4095,,,,,,,,,,,,,,,,,,,,,,,,,,,,,,,,,,,,,,,,,,,,,,,,,,,,,,,,,,,,
2026-07-09T06:12:24.457092Z,"{'#attributes': {'Qualifiers': 16384}, '#text': 852}",dc.scaffold.htb,MSSQL$SQLEXPRESS,Application,7485,4,,,,540300000A0000000E000000440043005C00530051004C004500580050005200450053005300000000000000,,,,,,,,,,,,,,,,,,,,,,,,,,,,,,,,,,,,,,,,,,,,,,,,,,,,,,,,,,,,,,,,,,,
2026-07-09T06:12:24.535218Z,"{'#attributes': {'Qualifiers': 16384}, '#text': 894}",dc.scaffold.htb,MSSQL$SQLEXPRESS,Application,7486,4,,,,7E0300000A0000000E000000440043005C00530051004C004500580050005200450053005300000000000000,,,,,,,,524288,498373,,,,,,,,,,,,,,,,,,,,,,,,,,,,,,,,,,,,,,,,,,,,,,,,,,,,,,,,,,
2026-07-09T06:12:24.628966Z,"{'#attributes': {'Qualifiers': 16384}, '#text': 49917}",dc.scaffold.htb,MSSQL$SQLEXPRESS,Application,7487,4,,,,FDC200000A0000000E000000440043005C00530051004C004500580050005200450053005300000000000000,,,,,,,,SQL_Latin1_General_CP1_CI_AS,us_english,,,,,,,,,,,1033,,,,,,,,,,,,,,,,,,,,,,,,,,,,,,,,,,,,,,,,,,,,,,,
2026-07-09T06:12:24.644597Z,"{'#attributes': {'Qualifiers': 16384}, '#text': 900}",dc.scaffold.htb,Microsoft-Windows-Security-SPP,Application,7488,4,,,,,,,,,,,TriggerStarted:6,,,,,,,,,,,,,,,,,,,,,,,,,,,,,,,,,,,,,,,,,,,,,,,,,,,,,,,,,,,,
2026-07-09T06:12:24.847713Z,"{'#attributes': {'Qualifiers': 49152}, '#text': 16394}",dc.scaffold.htb,Microsoft-Windows-Security-SPP,Application,7489,4,,,,,,,,,,,,,,,,,,,,,,,,,,,,,,,,,,,,,,,,,,,,,,,,,,,,,,,,,,,,,,,,,,,,,,,
2026-07-09T06:12:24.925839Z,"{'#attributes': {'Qualifiers': 16384}, '#text': 873}",dc.scaffold.htb,MSSQL$SQLEXPRESS,Application,7490,4,,,,690300000A0000000E000000440043005C00530051004C004500580050005200450053005300000000000000,,,,,,,,,,,,,,,,,,,,,,,,,,,,,,,,,,,,,,,,,,,,,,,,,,,,,,,,,,,,,,,,,,,
2026-07-09T06:12:24.972714Z,"{'#attributes': {'Qualifiers': 16384}, '#text': 1066}",dc.scaffold.htb,Microsoft-Windows-Security-SPP,Application,7491,4,,,,,,,,,,,"C:\Windows\system32\sppwinob.dll, msft:spp/windowsfunctionality/agent/7.0, 0x00000000, 0x00000000
C:\Windows\system32\sppobjs.dll, msft:rm/algorithm/inherited/1.0, 0x00000000, 0x00000000
C:\Windows\system32\sppobjs.dll, msft:rm/algorithm/phone/1.0, 0x00000000, 0x00000000
C:\Windows\system32\sppobjs.dll, msft:rm/algorithm/pkey/detect, 0x00000000, 0x00000000
C:\Windows\system32\sppobjs.dll, msft:spp/ActionScheduler/1.0, 0x00000000, 0x00000000
C:\Windows\system32\sppobjs.dll, msft:spp/TaskScheduler/1.0, 0x00000000, 0x00000000
C:\Windows\system32\sppobjs.dll, msft:spp/statecollector/pkey, 0x00000000, 0x00000000
C:\Windows\system32\sppobjs.dll, msft:spp/volume/services/kms/1.0, 0x00000000, 0x00000000
C:\Windows\system32\sppobjs.dll, msft:spp/volume/services/kms/activationinfo/1.0, 0x00000000, 0x00000000
",,,,,,,,,,,,,,,,,,,,,,,,,,,,,,,,,,,,,,,,,,,,,,,,,,,,,,,,,,,,
2026-07-09T06:12:25.035422Z,"{'#attributes': {'Qualifiers': 16384}, '#text': 1004}",dc.scaffold.htb,Microsoft-Windows-Security-SPP,Application,7492,4,,,,,,,,,,,,CLIENT-RAC Issuance License,95c2c6b8-ea2f-431d-8902-eeafc6376965,,,,,,,,,,,,,,,,,,,,,,,,,,,,,,,,,,,,,,,,,,,,,,,,,,,,,,,,,,
2026-07-09T06:12:25.035422Z,"{'#attributes': {'Qualifiers': 16384}, '#text': 1004}",dc.scaffold.htb,Microsoft-Windows-Security-SPP,Application,7493,4,,,,,,,,,,,,CLIENT-SPC Issuance License,57d6dc1b-f556-4f5b-935b-3b379fd9dda8,,,,,,,,,,,,,,,,,,,,,,,,,,,,,,,,,,,,,,,,,,,,,,,,,,,,,,,,,,
2026-07-09T06:12:25.050844Z,"{'#attributes': {'Qualifiers': 16384}, '#text': 1004}",dc.scaffold.htb,Microsoft-Windows-Security-SPP,Application,7494,4,,,,,,,,,,,,Generic Rights Account Certificate (Private),bc6f46d3-18d9-46f5-9818-aa00ec832013,,,,,,,,,,,,,,,,,,,,,,,,,,,,,,,,,,,,,,,,,,,,,,,,,,,,,,,,,,
2026-07-09T06:12:25.050844Z,"{'#attributes': {'Qualifiers': 16384}, '#text': 1004}",dc.scaffold.htb,Microsoft-Windows-Security-SPP,Application,7495,4,,,,,,,,,,,,Generic Rights Account Certificate (Public),0a256b47-0b27-4145-a5b8-79422fb539cc,,,,,,,,,,,,,,,,,,,,,,,,,,,,,,,,,,,,,,,,,,,,,,,,,,,,,,,,,,
2026-07-09T06:12:25.082097Z,"{'#attributes': {'Qualifiers': 16384}, '#text': 1004}",dc.scaffold.htb,Microsoft-Windows-Security-SPP,Application,7496,4,,,,,,,,,,,,Generic Security Processor Certificate (Private),77ba058e-7d3b-4cbf-be4a-ffe6bb75db60,,,,,,,,,,,,,,,,,,,,,,,,,,,,,,,,,,,,,,,,,,,,,,,,,,,,,,,,,,
2026-07-09T06:12:24.144370Z,26,dc.scaffold.htb,Microsoft-Windows-CertificationAuthority,Application,7497,4,,,,,,scaffold-DC-CA,,dc.scaffold.htb,  DC=,,,,,,,,,,,,,,,,,,,,,,,,,,,,,,,,,,,,,,,,,,,,,,,MSG_I_SERVER_STARTED,,,,,,,,,,,,,,,
2026-07-09T06:12:25.082097Z,"{'#attributes': {'Qualifiers': 16384}, '#text': 1004}",dc.scaffold.htb,Microsoft-Windows-Security-SPP,Application,7498,4,,,,,,,,,,,,Generic Security Processor Certificate (Public),80bedb87-dba9-455b-98c8-a61f025d6a5b,,,,,,,,,,,,,,,,,,,,,,,,,,,,,,,,,,,,,,,,,,,,,,,,,,,,,,,,,,
2026-07-09T06:12:25.082097Z,"{'#attributes': {'Qualifiers': 16384}, '#text': 1004}",dc.scaffold.htb,Microsoft-Windows-Security-SPP,Application,7499,4,,,,,,,,,,,,XrML 2.1 License - Product Key Configuration,71ce6518-3581-46da-948d-083c57061836,,,,,,,,,,,,,,,,,,,,,,,,,,,,,,,,,,,,,,,,,,,,,,,,,,,,,,,,,,
2026-07-09T06:12:25.097715Z,"{'#attributes': {'Qualifiers': 16384}, '#text': 1004}",dc.scaffold.htb,Microsoft-Windows-Security-SPP,Application,7500,4,,,,,,,,,,,,Windows(R) csvlk-pack Product PPD License,c354cf95-648c-b1b3-6e2d-5a239a905988,,,,,,,,,,,,,,,,,,,,,,,,,,,,,,,,,,,,,,,,,,,,,,,,,,,,,,,,,,
2026-07-09T06:12:25.113340Z,"{'#attributes': {'Qualifiers': 16384}, '#text': 1004}",dc.scaffold.htb,Microsoft-Windows-Security-SPP,Application,7501,4,,,,,,,,,,,,Windows(R) Publishing License (Public),46e9b374-0064-40e0-9dfa-472f6418d7d7,,,,,,,,,,,,,,,,,,,,,,,,,,,,,,,,,,,,,,,,,,,,,,,,,,,,,,,,,,
2026-07-09T06:12:25.113340Z,"{'#attributes': {'Qualifiers': 16384}, '#text': 1004}",dc.scaffold.htb,Microsoft-Windows-Security-SPP,Application,7502,4,,,,,,,,,,,,Windows(R) Publishing License (Private),19899268-54f1-454d-92d2-1c4fa1e8ca9f,,,,,,,,,,,,,,,,,,,,,,,,,,,,,,,,,,,,,,,,,,,,,,,,,,,,,,,,,,
2026-07-09T06:12:25.113340Z,"{'#attributes': {'Qualifiers': 16384}, '#text': 1004}",dc.scaffold.htb,Microsoft-Windows-Security-SPP,Application,7503,4,,,,,,,,,,,,Windows(R) UL oob License (Public),4bd4ef76-3e5a-4661-aa44-0e4fd42d842a,,,,,,,,,,,,,,,,,,,,,,,,,,,,,,,,,,,,,,,,,,,,,,,,,,,,,,,,,,
2026-07-09T06:12:25.113340Z,"{'#attributes': {'Qualifiers': 16384}, '#text': 1004}",dc.scaffold.htb,Microsoft-Windows-Security-SPP,Application,7504,4,,,,,,,,,,,,Windows(R) UL oob License (Private),4a6248a0-a870-40d9-bb6c-85a96c727493,,,,,,,,,,,,,,,,,,,,,,,,,,,,,,,,,,,,,,,,,,,,,,,,,,,,,,,,,,
2026-07-09T06:12:25.128969Z,"{'#attributes': {'Qualifiers': 16384}, '#text': 1004}",dc.scaffold.htb,Microsoft-Windows-Security-SPP,Application,7505,4,,,,,,,,,,,,Windows(R) UL phone License (Public),875a893d-ce33-4d7c-bd13-fe32e34cc18f,,,,,,,,,,,,,,,,,,,,,,,,,,,,,,,,,,,,,,,,,,,,,,,,,,,,,,,,,,
2026-07-09T06:12:25.128969Z,"{'#attributes': {'Qualifiers': 16384}, '#text': 1004}",dc.scaffold.htb,Microsoft-Windows-Security-SPP,Application,7506,4,,,,,,,,,,,,Windows(R) UL phone License (Private),80e23cd4-c4e2-4506-8c2b-d0c7185c21ec,,,,,,,,,,,,,,,,,,,,,,,,,,,,,,,,,,,,,,,,,,,,,,,,,,,,,,,,,,
2026-07-09T06:12:25.128969Z,"{'#attributes': {'Qualifiers': 16384}, '#text': 1004}",dc.scaffold.htb,Microsoft-Windows-Security-SPP,Application,7507,4,,,,,,,,,,,,Windows(R) UL store License (Public),10b44a40-d07d-4dbd-9a10-5446ff7cf76b,,,,,,,,,,,,,,,,,,,,,,,,,,,,,,,,,,,,,,,,,,,,,,,,,,,,,,,,,,
2026-07-09T06:12:25.128969Z,"{'#attributes': {'Qualifiers': 16384}, '#text': 1004}",dc.scaffold.htb,Microsoft-Windows-Security-SPP,Application,7508,4,,,,,,,,,,,,Windows(R) UL store License (Private),bbddd79f-c889-4914-9f17-b947557e4a00,,,,,,,,,,,,,,,,,,,,,,,,,,,,,,,,,,,,,,,,,,,,,,,,,,,,,,,,,,
2026-07-09T06:12:25.144595Z,"{'#attributes': {'Qualifiers': 16384}, '#text': 1004}",dc.scaffold.htb,Microsoft-Windows-Security-SPP,Application,7509,4,,,,,,,,,,,,Windows(R) Publishing License (Public),43192375-60db-469c-bd80-af491012e21d,,,,,,,,,,,,,,,,,,,,,,,,,,,,,,,,,,,,,,,,,,,,,,,,,,,,,,,,,,
2026-07-09T06:12:25.144595Z,"{'#attributes': {'Qualifiers': 16384}, '#text': 1004}",dc.scaffold.htb,Microsoft-Windows-Security-SPP,Application,7510,4,,,,,,,,,,,,Windows(R) Publishing License (Private),74517b72-19f1-45b5-a94b-173df6c5cdd9,,,,,,,,,,,,,,,,,,,,,,,,,,,,,,,,,,,,,,,,,,,,,,,,,,,,,,,,,,
2026-07-09T06:12:25.144595Z,"{'#attributes': {'Qualifiers': 16384}, '#text': 1004}",dc.scaffold.htb,Microsoft-Windows-Security-SPP,Application,7511,4,,,,,,,,,,,,Windows(R) UL oob License (Public),b93d8236-1194-4090-9c83-46c84ac96e02,,,,,,,,,,,,,,,,,,,,,,,,,,,,,,,,,,,,,,,,,,,,,,,,,,,,,,,,,,
2026-07-09T06:12:25.160216Z,"{'#attributes': {'Qualifiers': 16384}, '#text': 1004}",dc.scaffold.htb,Microsoft-Windows-Security-SPP,Application,7512,4,,,,,,,,,,,,Windows(R) UL oob License (Private),768b61d0-e377-4b94-9090-24fcb6109768,,,,,,,,,,,,,,,,,,,,,,,,,,,,,,,,,,,,,,,,,,,,,,,,,,,,,,,,,,
2026-07-09T06:12:25.160216Z,"{'#attributes': {'Qualifiers': 16384}, '#text': 1004}",dc.scaffold.htb,Microsoft-Windows-Security-SPP,Application,7513,4,,,,,,,,,,,,Windows(R) UL phone License (Public),354f9f69-1cd8-46af-9321-2de3c9b40ae8,,,,,,,,,,,,,,,,,,,,,,,,,,,,,,,,,,,,,,,,,,,,,,,,,,,,,,,,,,
2026-07-09T06:12:25.160216Z,"{'#attributes': {'Qualifiers': 16384}, '#text': 1004}",dc.scaffold.htb,Microsoft-Windows-Security-SPP,Application,7514,4,,,,,,,,,,,,Windows(R) UL phone License (Private),a6ae5af5-f3a7-4a61-85c8-4e580cca076f,,,,,,,,,,,,,,,,,,,,,,,,,,,,,,,,,,,,,,,,,,,,,,,,,,,,,,,,,,
2026-07-09T06:12:25.175840Z,"{'#attributes': {'Qualifiers': 16384}, '#text': 1004}",dc.scaffold.htb,Microsoft-Windows-Security-SPP,Application,7515,4,,,,,,,,,,,,Windows(R) UL store License (Public),67badd47-dddd-40e8-a199-20a7b236ef1a,,,,,,,,,,,,,,,,,,,,,,,,,,,,,,,,,,,,,,,,,,,,,,,,,,,,,,,,,,
2026-07-09T06:12:25.175840Z,"{'#attributes': {'Qualifiers': 16384}, '#text': 1004}",dc.scaffold.htb,Microsoft-Windows-Security-SPP,Application,7516,4,,,,,,,,,,,,Windows(R) UL store License (Private),566e4baa-6f9e-4a61-a1e4-2d486b1cee6e,,,,,,,,,,,,,,,,,,,,,,,,,,,,,,,,,,,,,,,,,,,,,,,,,,,,,,,,,,
2026-07-09T06:12:25.175840Z,"{'#attributes': {'Qualifiers': 16384}, '#text': 1004}",dc.scaffold.htb,Microsoft-Windows-Security-SPP,Application,7517,4,,,,,,,,,,,,Windows(R) Publishing License (Public),96472acf-873c-41be-a151-86bf5e1478aa,,,,,,,,,,,,,,,,,,,,,,,,,,,,,,,,,,,,,,,,,,,,,,,,,,,,,,,,,,
2026-07-09T06:12:25.175840Z,"{'#attributes': {'Qualifiers': 16384}, '#text': 1004}",dc.scaffold.htb,Microsoft-Windows-Security-SPP,Application,7518,4,,,,,,,,,,,,Windows(R) Publishing License (Private),0955f4ef-a67f-414c-84f6-89248590fe1f,,,,,,,,,,,,,,,,,,,,,,,,,,,,,,,,,,,,,,,,,,,,,,,,,,,,,,,,,,
2026-07-09T06:12:25.191467Z,"{'#attributes': {'Qualifiers': 16384}, '#text': 1004}",dc.scaffold.htb,Microsoft-Windows-Security-SPP,Application,7519,4,,,,,,,,,,,,Windows(R) UL oob License (Public),eebe1309-d861-49d0-953f-17176033fbab,,,,,,,,,,,,,,,,,,,,,,,,,,,,,,,,,,,,,,,,,,,,,,,,,,,,,,,,,,
2026-07-09T06:12:25.191467Z,"{'#attributes': {'Qualifiers': 16384}, '#text': 1004}",dc.scaffold.htb,Microsoft-Windows-Security-SPP,Application,7520,4,,,,,,,,,,,,Windows(R) UL oob License (Private),adb6ff6d-9e69-49d2-9b07-bac3d9c04467,,,,,,,,,,,,,,,,,,,,,,,,,,,,,,,,,,,,,,,,,,,,,,,,,,,,,,,,,,
2026-07-09T06:12:25.207097Z,"{'#attributes': {'Qualifiers': 16384}, '#text': 1004}",dc.scaffold.htb,Microsoft-Windows-Security-SPP,Application,7521,4,,,,,,,,,,,,Windows(R) UL phone License (Public),fb3110a3-4ee9-46eb-ba5d-4c9cf0eb29da,,,,,,,,,,,,,,,,,,,,,,,,,,,,,,,,,,,,,,,,,,,,,,,,,,,,,,,,,,
2026-07-09T06:12:25.207097Z,"{'#attributes': {'Qualifiers': 16384}, '#text': 1004}",dc.scaffold.htb,Microsoft-Windows-Security-SPP,Application,7522,4,,,,,,,,,,,,Windows(R) UL phone License (Private),9f8d1e04-0220-46bc-92a4-f03143276767,,,,,,,,,,,,,,,,,,,,,,,,,,,,,,,,,,,,,,,,,,,,,,,,,,,,,,,,,,
2026-07-09T06:12:25.207097Z,"{'#attributes': {'Qualifiers': 16384}, '#text': 1004}",dc.scaffold.htb,Microsoft-Windows-Security-SPP,Application,7523,4,,,,,,,,,,,,Windows(R) UL store License (Public),3f55854c-a252-4d42-9304-a39a879a2a33,,,,,,,,,,,,,,,,,,,,,,,,,,,,,,,,,,,,,,,,,,,,,,,,,,,,,,,,,,
2026-07-09T06:12:25.207097Z,"{'#attributes': {'Qualifiers': 16384}, '#text': 1004}",dc.scaffold.htb,Microsoft-Windows-Security-SPP,Application,7524,4,,,,,,,,,,,,Windows(R) UL store License (Private),a69be50a-9a20-4825-9973-b13b37685015,,,,,,,,,,,,,,,,,,,,,,,,,,,,,,,,,,,,,,,,,,,,,,,,,,,,,,,,,,
2026-07-09T06:12:25.222713Z,"{'#attributes': {'Qualifiers': 16384}, '#text': 1004}",dc.scaffold.htb,Microsoft-Windows-Security-SPP,Application,7525,4,,,,,,,,,,,,Windows(R) Publishing License (Public),5c072b03-0b57-4e66-a0f8-a3c7c79626e4,,,,,,,,,,,,,,,,,,,,,,,,,,,,,,,,,,,,,,,,,,,,,,,,,,,,,,,,,,
2026-07-09T06:12:25.222713Z,"{'#attributes': {'Qualifiers': 16384}, '#text': 1004}",dc.scaffold.htb,Microsoft-Windows-Security-SPP,Application,7526,4,,,,,,,,,,,,Windows(R) Publishing License (Private),0b28363f-70b2-49fe-88b8-49d8c1ce0451,,,,,,,,,,,,,,,,,,,,,,,,,,,,,,,,,,,,,,,,,,,,,,,,,,,,,,,,,,
2026-07-09T06:12:25.222713Z,"{'#attributes': {'Qualifiers': 16384}, '#text': 1004}",dc.scaffold.htb,Microsoft-Windows-Security-SPP,Application,7527,4,,,,,,,,,,,,Windows(R) UL oob License (Public),6c56eae5-985d-4c4c-ad5a-15a8167cb894,,,,,,,,,,,,,,,,,,,,,,,,,,,,,,,,,,,,,,,,,,,,,,,,,,,,,,,,,,
2026-07-09T06:12:25.222713Z,"{'#attributes': {'Qualifiers': 16384}, '#text': 1004}",dc.scaffold.htb,Microsoft-Windows-Security-SPP,Application,7528,4,,,,,,,,,,,,Windows(R) UL oob License (Private),577af273-41be-4c1d-92c1-59a71dac736d,,,,,,,,,,,,,,,,,,,,,,,,,,,,,,,,,,,,,,,,,,,,,,,,,,,,,,,,,,
2026-07-09T06:12:25.222713Z,"{'#attributes': {'Qualifiers': 16384}, '#text': 1004}",dc.scaffold.htb,Microsoft-Windows-Security-SPP,Application,7529,4,,,,,,,,,,,,Windows(R) UL phone License (Public),95d13aee-cd8b-48a3-b901-1cfd2c70d812,,,,,,,,,,,,,,,,,,,,,,,,,,,,,,,,,,,,,,,,,,,,,,,,,,,,,,,,,,
2026-07-09T06:12:25.222713Z,"{'#attributes': {'Qualifiers': 16384}, '#text': 1004}",dc.scaffold.htb,Microsoft-Windows-Security-SPP,Application,7530,4,,,,,,,,,,,,Windows(R) UL phone License (Private),51523f64-43ff-442f-9941-4d1234d9a03e,,,,,,,,,,,,,,,,,,,,,,,,,,,,,,,,,,,,,,,,,,,,,,,,,,,,,,,,,,
2026-07-09T06:12:25.238337Z,"{'#attributes': {'Qualifiers': 16384}, '#text': 1004}",dc.scaffold.htb,Microsoft-Windows-Security-SPP,Application,7531,4,,,,,,,,,,,,Windows(R) UL store License (Public),c6824008-abf7-4979-9444-0aff4d069cad,,,,,,,,,,,,,,,,,,,,,,,,,,,,,,,,,,,,,,,,,,,,,,,,,,,,,,,,,,
2026-07-09T06:12:25.238337Z,"{'#attributes': {'Qualifiers': 16384}, '#text': 1004}",dc.scaffold.htb,Microsoft-Windows-Security-SPP,Application,7532,4,,,,,,,,,,,,Windows(R) UL store License (Private),34266dd5-7db2-4f75-b784-5d484138c4f0,,,,,,,,,,,,,,,,,,,,,,,,,,,,,,,,,,,,,,,,,,,,,,,,,,,,,,,,,,
2026-07-09T06:12:25.238337Z,"{'#attributes': {'Qualifiers': 16384}, '#text': 1004}",dc.scaffold.htb,Microsoft-Windows-Security-SPP,Application,7533,4,,,,,,,,,,,,Windows(R) Publishing License (Public),8074a9bd-8a2f-4015-a305-607e77dd94a1,,,,,,,,,,,,,,,,,,,,,,,,,,,,,,,,,,,,,,,,,,,,,,,,,,,,,,,,,,
2026-07-09T06:12:25.238337Z,"{'#attributes': {'Qualifiers': 16384}, '#text': 1004}",dc.scaffold.htb,Microsoft-Windows-Security-SPP,Application,7534,4,,,,,,,,,,,,Windows(R) Publishing License (Private),befb4849-084f-4d2f-bde8-65bbefbcba49,,,,,,,,,,,,,,,,,,,,,,,,,,,,,,,,,,,,,,,,,,,,,,,,,,,,,,,,,,
2026-07-09T06:12:25.253962Z,"{'#attributes': {'Qualifiers': 16384}, '#text': 1004}",dc.scaffold.htb,Microsoft-Windows-Security-SPP,Application,7535,4,,,,,,,,,,,,Windows(R) UL oob License (Public),aa305342-3127-45e6-bbba-065b32f1d7ac,,,,,,,,,,,,,,,,,,,,,,,,,,,,,,,,,,,,,,,,,,,,,,,,,,,,,,,,,,
2026-07-09T06:12:25.253962Z,"{'#attributes': {'Qualifiers': 16384}, '#text': 1004}",dc.scaffold.htb,Microsoft-Windows-Security-SPP,Application,7536,4,,,,,,,,,,,,Windows(R) UL oob License (Private),fb98bf5c-82df-4d3b-bcfc-41c2fa4a24a6,,,,,,,,,,,,,,,,,,,,,,,,,,,,,,,,,,,,,,,,,,,,,,,,,,,,,,,,,,
2026-07-09T06:12:25.253962Z,"{'#attributes': {'Qualifiers': 16384}, '#text': 1004}",dc.scaffold.htb,Microsoft-Windows-Security-SPP,Application,7537,4,,,,,,,,,,,,Windows(R) UL phone License (Public),e280dd84-42ae-43e5-9370-661e5f8a02f8,,,,,,,,,,,,,,,,,,,,,,,,,,,,,,,,,,,,,,,,,,,,,,,,,,,,,,,,,,
2026-07-09T06:12:25.253962Z,"{'#attributes': {'Qualifiers': 16384}, '#text': 1004}",dc.scaffold.htb,Microsoft-Windows-Security-SPP,Application,7538,4,,,,,,,,,,,,Windows(R) UL phone License (Private),f9caa473-e02d-4493-9770-6438df92ee23,,,,,,,,,,,,,,,,,,,,,,,,,,,,,,,,,,,,,,,,,,,,,,,,,,,,,,,,,,
2026-07-09T06:12:25.253962Z,"{'#attributes': {'Qualifiers': 16384}, '#text': 1004}",dc.scaffold.htb,Microsoft-Windows-Security-SPP,Application,7539,4,,,,,,,,,,,,Windows(R) UL store License (Public),ceb0747e-4dfb-4f40-9fc2-433cea836e86,,,,,,,,,,,,,,,,,,,,,,,,,,,,,,,,,,,,,,,,,,,,,,,,,,,,,,,,,,
2026-07-09T06:12:25.253962Z,"{'#attributes': {'Qualifiers': 16384}, '#text': 1004}",dc.scaffold.htb,Microsoft-Windows-Security-SPP,Application,7540,4,,,,,,,,,,,,Windows(R) UL store License (Private),42e4bbb7-1c01-4eda-96d5-ebfcfcff52da,,,,,,,,,,,,,,,,,,,,,,,,,,,,,,,,,,,,,,,,,,,,,,,,,,,,,,,,,,
2026-07-09T06:12:25.269590Z,"{'#attributes': {'Qualifiers': 16384}, '#text': 1004}",dc.scaffold.htb,Microsoft-Windows-Security-SPP,Application,7541,4,,,,,,,,,,,,Windows(R) Publishing License (Public),902efdf0-531e-4c42-8ef9-b7c93a60b63e,,,,,,,,,,,,,,,,,,,,,,,,,,,,,,,,,,,,,,,,,,,,,,,,,,,,,,,,,,
2026-07-09T06:12:25.269590Z,"{'#attributes': {'Qualifiers': 16384}, '#text': 1004}",dc.scaffold.htb,Microsoft-Windows-Security-SPP,Application,7542,4,,,,,,,,,,,,Windows(R) Publishing License (Private),088e989d-c20c-40f6-8ad6-8171fdd4f6ff,,,,,,,,,,,,,,,,,,,,,,,,,,,,,,,,,,,,,,,,,,,,,,,,,,,,,,,,,,
2026-07-09T06:12:25.269590Z,"{'#attributes': {'Qualifiers': 16384}, '#text': 1004}",dc.scaffold.htb,Microsoft-Windows-Security-SPP,Application,7543,4,,,,,,,,,,,,Windows(R) UL oob License (Public),6e2f43cf-da6f-4e20-87e6-d7883ed519a3,,,,,,,,,,,,,,,,,,,,,,,,,,,,,,,,,,,,,,,,,,,,,,,,,,,,,,,,,,
2026-07-09T06:12:25.269590Z,"{'#attributes': {'Qualifiers': 16384}, '#text': 1004}",dc.scaffold.htb,Microsoft-Windows-Security-SPP,Application,7544,4,,,,,,,,,,,,Windows(R) UL oob License (Private),e7716610-09fb-468f-a05e-484cb7c44c0c,,,,,,,,,,,,,,,,,,,,,,,,,,,,,,,,,,,,,,,,,,,,,,,,,,,,,,,,,,
2026-07-09T06:12:25.285218Z,"{'#attributes': {'Qualifiers': 16384}, '#text': 1004}",dc.scaffold.htb,Microsoft-Windows-Security-SPP,Application,7545,4,,,,,,,,,,,,Windows(R) UL phone License (Public),0dfb93de-5df0-440e-8894-45ca836ae22c,,,,,,,,,,,,,,,,,,,,,,,,,,,,,,,,,,,,,,,,,,,,,,,,,,,,,,,,,,
2026-07-09T06:12:25.285218Z,"{'#attributes': {'Qualifiers': 16384}, '#text': 1004}",dc.scaffold.htb,Microsoft-Windows-Security-SPP,Application,7546,4,,,,,,,,,,,,Windows(R) UL phone License (Private),05329ac0-bb4e-491e-ba1d-d03aaeabf9da,,,,,,,,,,,,,,,,,,,,,,,,,,,,,,,,,,,,,,,,,,,,,,,,,,,,,,,,,,
2026-07-09T06:12:25.300867Z,"{'#attributes': {'Qualifiers': 16384}, '#text': 1004}",dc.scaffold.htb,Microsoft-Windows-Security-SPP,Application,7547,4,,,,,,,,,,,,Windows(R) UL store License (Public),fbeeb057-b21b-4a9b-9896-2387e9492776,,,,,,,,,,,,,,,,,,,,,,,,,,,,,,,,,,,,,,,,,,,,,,,,,,,,,,,,,,
2026-07-09T06:12:25.300867Z,"{'#attributes': {'Qualifiers': 16384}, '#text': 1004}",dc.scaffold.htb,Microsoft-Windows-Security-SPP,Application,7548,4,,,,,,,,,,,,Windows(R) UL store License (Private),770384fd-a45d-4860-9f4b-fcaa918d3674,,,,,,,,,,,,,,,,,,,,,,,,,,,,,,,,,,,,,,,,,,,,,,,,,,,,,,,,,,
2026-07-09T06:12:25.300867Z,"{'#attributes': {'Qualifiers': 16384}, '#text': 1004}",dc.scaffold.htb,Microsoft-Windows-Security-SPP,Application,7549,4,,,,,,,,,,,,Windows(R) Publishing License (Public),84527ea0-48f1-4b13-a0fa-04a3328886aa,,,,,,,,,,,,,,,,,,,,,,,,,,,,,,,,,,,,,,,,,,,,,,,,,,,,,,,,,,
2026-07-09T06:12:25.300867Z,"{'#attributes': {'Qualifiers': 16384}, '#text': 1004}",dc.scaffold.htb,Microsoft-Windows-Security-SPP,Application,7550,4,,,,,,,,,,,,Windows(R) Publishing License (Private),e3532f20-52f7-4a5c-9ed3-edefac660fde,,,,,,,,,,,,,,,,,,,,,,,,,,,,,,,,,,,,,,,,,,,,,,,,,,,,,,,,,,
2026-07-09T06:12:25.300867Z,"{'#attributes': {'Qualifiers': 16384}, '#text': 1004}",dc.scaffold.htb,Microsoft-Windows-Security-SPP,Application,7551,4,,,,,,,,,,,,Windows(R) UL oob License (Public),5aa7a373-75a2-4a97-a916-0d7ba49aba8c,,,,,,,,,,,,,,,,,,,,,,,,,,,,,,,,,,,,,,,,,,,,,,,,,,,,,,,,,,
2026-07-09T06:12:25.316465Z,"{'#attributes': {'Qualifiers': 16384}, '#text': 1004}",dc.scaffold.htb,Microsoft-Windows-Security-SPP,Application,7552,4,,,,,,,,,,,,Windows(R) UL oob License (Private),0d1d777f-6a43-4cc2-912f-a89d0f00ee69,,,,,,,,,,,,,,,,,,,,,,,,,,,,,,,,,,,,,,,,,,,,,,,,,,,,,,,,,,
2026-07-09T06:12:25.316465Z,"{'#attributes': {'Qualifiers': 16384}, '#text': 1004}",dc.scaffold.htb,Microsoft-Windows-Security-SPP,Application,7553,4,,,,,,,,,,,,Windows(R) UL phone License (Public),c73c00a0-c64f-4134-89ed-d74e1cdecfea,,,,,,,,,,,,,,,,,,,,,,,,,,,,,,,,,,,,,,,,,,,,,,,,,,,,,,,,,,
2026-07-09T06:12:25.316465Z,"{'#attributes': {'Qualifiers': 16384}, '#text': 1004}",dc.scaffold.htb,Microsoft-Windows-Security-SPP,Application,7554,4,,,,,,,,,,,,Windows(R) UL phone License (Private),818e11e7-1948-4baa-a9ca-a95b995f53d2,,,,,,,,,,,,,,,,,,,,,,,,,,,,,,,,,,,,,,,,,,,,,,,,,,,,,,,,,,
2026-07-09T06:12:25.316465Z,"{'#attributes': {'Qualifiers': 16384}, '#text': 1004}",dc.scaffold.htb,Microsoft-Windows-Security-SPP,Application,7555,4,,,,,,,,,,,,Windows(R) UL store License (Public),940e9e7a-8bbf-45f2-9f2c-c66266117830,,,,,,,,,,,,,,,,,,,,,,,,,,,,,,,,,,,,,,,,,,,,,,,,,,,,,,,,,,
2026-07-09T06:12:25.316465Z,"{'#attributes': {'Qualifiers': 16384}, '#text': 1004}",dc.scaffold.htb,Microsoft-Windows-Security-SPP,Application,7556,4,,,,,,,,,,,,Windows(R) UL store License (Private),511a6d6c-b631-475d-a862-ff4f45591513,,,,,,,,,,,,,,,,,,,,,,,,,,,,,,,,,,,,,,,,,,,,,,,,,,,,,,,,,,
2026-07-09T06:12:25.332088Z,"{'#attributes': {'Qualifiers': 16384}, '#text': 17811}",dc.scaffold.htb,MSSQL$SQLEXPRESS,Application,7557,4,,,,934500000A0000000E000000440043005C00530051004C004500580050005200450053005300000000000000,,,,,,,1,,,,,,,,,,,,,,,,,,,,,,,,,,,,,,,,,,,,,,,,,,,,,,,,,,,,,,,,,,,,
2026-07-09T06:12:25.332088Z,"{'#attributes': {'Qualifiers': 16384}, '#text': 1004}",dc.scaffold.htb,Microsoft-Windows-Security-SPP,Application,7558,4,,,,,,,,,,,,Windows(R) Publishing License (Public),520677eb-7af5-44f3-b698-14f2eb42fc00,,,,,,,,,,,,,,,,,,,,,,,,,,,,,,,,,,,,,,,,,,,,,,,,,,,,,,,,,,
2026-07-09T06:12:25.332088Z,"{'#attributes': {'Qualifiers': 16384}, '#text': 1004}",dc.scaffold.htb,Microsoft-Windows-Security-SPP,Application,7559,4,,,,,,,,,,,,Windows(R) Publishing License (Private),01f546a2-ee32-42aa-91f6-ed86d0e78d9b,,,,,,,,,,,,,,,,,,,,,,,,,,,,,,,,,,,,,,,,,,,,,,,,,,,,,,,,,,
2026-07-09T06:12:25.332088Z,"{'#attributes': {'Qualifiers': 16384}, '#text': 17176}",dc.scaffold.htb,MSSQL$SQLEXPRESS,Application,7560,4,,,,184300000A0000000E000000440043005C00530051004C004500580050005200450053005300000000000000,,,,,,,,3448,7/8/2026 11:11:26 PM,,,,,,,,,,,7/9/2026 6:11:26 AM,,,,,,,,,,,,,,,,,,,,,,,,,,,,,,,,,,,,,,,,,,,,,,,
2026-07-09T06:12:25.332088Z,"{'#attributes': {'Qualifiers': 16384}, '#text': 1004}",dc.scaffold.htb,Microsoft-Windows-Security-SPP,Application,7561,4,,,,,,,,,,,,Windows(R) UL oob License (Public),85425ed0-6a5d-4141-b391-431e5ed4e199,,,,,,,,,,,,,,,,,,,,,,,,,,,,,,,,,,,,,,,,,,,,,,,,,,,,,,,,,,
2026-07-09T06:12:25.332088Z,"{'#attributes': {'Qualifiers': 16384}, '#text': 1004}",dc.scaffold.htb,Microsoft-Windows-Security-SPP,Application,7562,4,,,,,,,,,,,,Windows(R) UL oob License (Private),a96f8e2b-1b60-4ddf-8b33-59e2c87d540f,,,,,,,,,,,,,,,,,,,,,,,,,,,,,,,,,,,,,,,,,,,,,,,,,,,,,,,,,,
2026-07-09T06:12:25.347713Z,"{'#attributes': {'Qualifiers': 16384}, '#text': 17152}",dc.scaffold.htb,MSSQL$SQLEXPRESS,Application,7563,4,,,,004300000A0000000E000000440043005C00530051004C004500580050005200450053005300000000000000,,,,,,,,0,0000000000000003,,,,,,,,,,,0,,,,0000000000000003,0,,,,,,,,,,,,,,,,,,,,,,,,,,,,,,,,,,,,,,,,,,
2026-07-09T06:12:25.347713Z,"{'#attributes': {'Qualifiers': 16384}, '#text': 1004}",dc.scaffold.htb,Microsoft-Windows-Security-SPP,Application,7564,4,,,,,,,,,,,,Windows(R) UL phone License (Public),b2c097a1-235c-4eb7-9b5e-0d4f5006f05a,,,,,,,,,,,,,,,,,,,,,,,,,,,,,,,,,,,,,,,,,,,,,,,,,,,,,,,,,,
2026-07-09T06:12:25.347713Z,"{'#attributes': {'Qualifiers': 16384}, '#text': 1004}",dc.scaffold.htb,Microsoft-Windows-Security-SPP,Application,7565,4,,,,,,,,,,,,Windows(R) UL phone License (Private),f75521e1-f3d6-48cf-a253-ed6152aff49b,,,,,,,,,,,,,,,,,,,,,,,,,,,,,,,,,,,,,,,,,,,,,,,,,,,,,,,,,,
2026-07-09T06:12:25.347713Z,"{'#attributes': {'Qualifiers': 16384}, '#text': 1004}",dc.scaffold.htb,Microsoft-Windows-Security-SPP,Application,7566,4,,,,,,,,,,,,Windows(R) UL store License (Public),adfa3763-cc37-474b-9523-fc4a36d48398,,,,,,,,,,,,,,,,,,,,,,,,,,,,,,,,,,,,,,,,,,,,,,,,,,,,,,,,,,
2026-07-09T06:12:25.347713Z,"{'#attributes': {'Qualifiers': 16384}, '#text': 1004}",dc.scaffold.htb,Microsoft-Windows-Security-SPP,Application,7567,4,,,,,,,,,,,,Windows(R) UL store License (Private),2c0d4cd4-5576-481b-b900-f8968b086053,,,,,,,,,,,,,,,,,,,,,,,,,,,,,,,,,,,,,,,,,,,,,,,,,,,,,,,,,,
2026-07-09T06:12:25.347713Z,"{'#attributes': {'Qualifiers': 16384}, '#text': 17125}",dc.scaffold.htb,MSSQL$SQLEXPRESS,Application,7568,4,,,,E54200000A0000000E000000440043005C00530051004C004500580050005200450053005300000000000000,,,,,,,,2500,5000,,,,,,,,,,,,,,,,,,,,,,,,,,,,,,,,,,,,,,,,,,,,,,,,,,,,,,,,,,
2026-07-09T06:12:25.347713Z,"{'#attributes': {'Qualifiers': 16384}, '#text': 1004}",dc.scaffold.htb,Microsoft-Windows-Security-SPP,Application,7569,4,,,,,,,,,,,,Windows(R) Publishing License (Public),eb368e94-9fc8-4d61-9a55-55a76e99e6f1,,,,,,,,,,,,,,,,,,,,,,,,,,,,,,,,,,,,,,,,,,,,,,,,,,,,,,,,,,
2026-07-09T06:12:25.347713Z,"{'#attributes': {'Qualifiers': 16384}, '#text': 1004}",dc.scaffold.htb,Microsoft-Windows-Security-SPP,Application,7570,4,,,,,,,,,,,,Windows(R) Publishing License (Private),9da77bbc-dcef-4620-93bb-d8d27c98e474,,,,,,,,,,,,,,,,,,,,,,,,,,,,,,,,,,,,,,,,,,,,,,,,,,,,,,,,,,
2026-07-09T06:12:25.363343Z,"{'#attributes': {'Qualifiers': 16384}, '#text': 1004}",dc.scaffold.htb,Microsoft-Windows-Security-SPP,Application,7571,4,,,,,,,,,,,,Windows(R) UL oob License (Public),c1c97d05-c19d-4b25-b001-e2ec196ee251,,,,,,,,,,,,,,,,,,,,,,,,,,,,,,,,,,,,,,,,,,,,,,,,,,,,,,,,,,
2026-07-09T06:12:25.363343Z,"{'#attributes': {'Qualifiers': 16384}, '#text': 1004}",dc.scaffold.htb,Microsoft-Windows-Security-SPP,Application,7572,4,,,,,,,,,,,,Windows(R) UL oob License (Private),2453ee03-572e-4adb-a70d-0647a208aef5,,,,,,,,,,,,,,,,,,,,,,,,,,,,,,,,,,,,,,,,,,,,,,,,,,,,,,,,,,
2026-07-09T06:12:25.363343Z,"{'#attributes': {'Qualifiers': 16384}, '#text': 1004}",dc.scaffold.htb,Microsoft-Windows-Security-SPP,Application,7573,4,,,,,,,,,,,,Windows(R) UL phone License (Public),e72cb739-d68b-4935-90e9-019796c3bf84,,,,,,,,,,,,,,,,,,,,,,,,,,,,,,,,,,,,,,,,,,,,,,,,,,,,,,,,,,
2026-07-09T06:12:25.363343Z,"{'#attributes': {'Qualifiers': 16384}, '#text': 1004}",dc.scaffold.htb,Microsoft-Windows-Security-SPP,Application,7574,4,,,,,,,,,,,,Windows(R) UL phone License (Private),3c0d5236-3819-4f2d-aa22-0db2925cc6d3,,,,,,,,,,,,,,,,,,,,,,,,,,,,,,,,,,,,,,,,,,,,,,,,,,,,,,,,,,
2026-07-09T06:12:25.378963Z,"{'#attributes': {'Qualifiers': 16384}, '#text': 1004}",dc.scaffold.htb,Microsoft-Windows-Security-SPP,Application,7575,4,,,,,,,,,,,,Windows(R) UL store License (Public),aa35a81a-7b59-45b0-ab69-865340c2b132,,,,,,,,,,,,,,,,,,,,,,,,,,,,,,,,,,,,,,,,,,,,,,,,,,,,,,,,,,
2026-07-09T06:12:25.378963Z,"{'#attributes': {'Qualifiers': 16384}, '#text': 1004}",dc.scaffold.htb,Microsoft-Windows-Security-SPP,Application,7576,4,,,,,,,,,,,,Windows(R) UL store License (Private),af5f1843-49bf-45f3-92c6-00825892190b,,,,,,,,,,,,,,,,,,,,,,,,,,,,,,,,,,,,,,,,,,,,,,,,,,,,,,,,,,
2026-07-09T06:12:25.378963Z,"{'#attributes': {'Qualifiers': 16384}, '#text': 1004}",dc.scaffold.htb,Microsoft-Windows-Security-SPP,Application,7577,4,,,,,,,,,,,,Windows(R) Publishing License (Public),690b8b30-c51f-4f1e-b11b-2f9e0cb51304,,,,,,,,,,,,,,,,,,,,,,,,,,,,,,,,,,,,,,,,,,,,,,,,,,,,,,,,,,
2026-07-09T06:12:25.378963Z,"{'#attributes': {'Qualifiers': 16384}, '#text': 1004}",dc.scaffold.htb,Microsoft-Windows-Security-SPP,Application,7578,4,,,,,,,,,,,,Windows(R) Publishing License (Private),43e0a470-3930-4cd0-9b43-31a261ccbcb7,,,,,,,,,,,,,,,,,,,,,,,,,,,,,,,,,,,,,,,,,,,,,,,,,,,,,,,,,,
2026-07-09T06:12:25.378963Z,"{'#attributes': {'Qualifiers': 16384}, '#text': 1004}",dc.scaffold.htb,Microsoft-Windows-Security-SPP,Application,7579,4,,,,,,,,,,,,Windows(R) UL oob License (Public),21fe80a7-0c94-4ba9-9a02-606c350beb4d,,,,,,,,,,,,,,,,,,,,,,,,,,,,,,,,,,,,,,,,,,,,,,,,,,,,,,,,,,
2026-07-09T06:12:25.378963Z,"{'#attributes': {'Qualifiers': 16384}, '#text': 1004}",dc.scaffold.htb,Microsoft-Windows-Security-SPP,Application,7580,4,,,,,,,,,,,,Windows(R) UL oob License (Private),600a78f2-c32f-499f-b0e2-653e73ad3ad2,,,,,,,,,,,,,,,,,,,,,,,,,,,,,,,,,,,,,,,,,,,,,,,,,,,,,,,,,,
2026-07-09T06:12:25.394591Z,"{'#attributes': {'Qualifiers': 16384}, '#text': 1004}",dc.scaffold.htb,Microsoft-Windows-Security-SPP,Application,7581,4,,,,,,,,,,,,Windows(R) UL phone License (Public),70a4adab-27ec-41ba-af93-45767953ade2,,,,,,,,,,,,,,,,,,,,,,,,,,,,,,,,,,,,,,,,,,,,,,,,,,,,,,,,,,
2026-07-09T06:12:25.394591Z,"{'#attributes': {'Qualifiers': 16384}, '#text': 1004}",dc.scaffold.htb,Microsoft-Windows-Security-SPP,Application,7582,4,,,,,,,,,,,,Windows(R) UL phone License (Private),ee96e567-0a81-41af-a4b3-daf9fa64fea6,,,,,,,,,,,,,,,,,,,,,,,,,,,,,,,,,,,,,,,,,,,,,,,,,,,,,,,,,,
2026-07-09T06:12:25.394591Z,"{'#attributes': {'Qualifiers': 16384}, '#text': 1004}",dc.scaffold.htb,Microsoft-Windows-Security-SPP,Application,7583,4,,,,,,,,,,,,Windows(R) UL store License (Public),9d3541f0-17da-439c-9e53-c7a74e394f7c,,,,,,,,,,,,,,,,,,,,,,,,,,,,,,,,,,,,,,,,,,,,,,,,,,,,,,,,,,
2026-07-09T06:12:25.410214Z,"{'#attributes': {'Qualifiers': 16384}, '#text': 1004}",dc.scaffold.htb,Microsoft-Windows-Security-SPP,Application,7584,4,,,,,,,,,,,,Windows(R) UL store License (Private),73235dfb-8f58-463b-a89c-a4ff2a417c3f,,,,,,,,,,,,,,,,,,,,,,,,,,,,,,,,,,,,,,,,,,,,,,,,,,,,,,,,,,
2026-07-09T06:12:25.425838Z,"{'#attributes': {'Qualifiers': 16384}, '#text': 1004}",dc.scaffold.htb,Microsoft-Windows-Security-SPP,Application,7585,4,,,,,,,,,,,,DefaultPpd-csvlk-pack Component PPD License,cf87d272-7158-05ce-7df4-689302c3bfd9,,,,,,,,,,,,,,,,,,,,,,,,,,,,,,,,,,,,,,,,,,,,,,,,,,,,,,,,,,
2026-07-09T06:12:25.425838Z,"{'#attributes': {'Qualifiers': 16384}, '#text': 17118}",dc.scaffold.htb,MSSQL$SQLEXPRESS,Application,7586,4,,,,DE4200000A0000000E000000440043005C00530051004C004500580050005200450053005300000000000000,,,,,,,disabled,,,,,,,,,,,,,,,,,,,,,,,,,,,,,,,,,,,,,,,,,,,,,,,,,,,,,,,,,,,,
2026-07-09T06:12:25.441464Z,"{'#attributes': {'Qualifiers': 16384}, '#text': 1004}",dc.scaffold.htb,Microsoft-Windows-Security-SPP,Application,7587,4,,,,,,,,,,,,DefaultPpd-ServerStandard Component PPD License,d6639c0c-34e5-af2b-e1d3-b866188a3849,,,,,,,,,,,,,,,,,,,,,,,,,,,,,,,,,,,,,,,,,,,,,,,,,,,,,,,,,,
2026-07-09T06:12:25.441464Z,"{'#attributes': {'Qualifiers': 16384}, '#text': 49921}",dc.scaffold.htb,MSSQL$SQLEXPRESS,Application,7588,4,,,,01C300000A0000000E000000440043005C00530051004C004500580050005200450053005300000000000000,,,,,,,1,,,,,,,,,,,,,,,,,,,,,,,,,,,,,,,,,,,,,,,,,,,,,,,,,,,,,,,,,,,,
2026-07-09T06:12:25.441464Z,"{'#attributes': {'Qualifiers': 16384}, '#text': 1004}",dc.scaffold.htb,Microsoft-Windows-Security-SPP,Application,7589,4,,,,,,,,,,,,Windows(R) Publishing License (Public),386c1f6c-9d17-48e0-a9f5-1c6158ea2a07,,,,,,,,,,,,,,,,,,,,,,,,,,,,,,,,,,,,,,,,,,,,,,,,,,,,,,,,,,
2026-07-09T06:12:25.441464Z,"{'#attributes': {'Qualifiers': 16384}, '#text': 1004}",dc.scaffold.htb,Microsoft-Windows-Security-SPP,Application,7590,4,,,,,,,,,,,,Windows(R) Publishing License (Private),03336e67-4eea-4409-9071-0b7914bb3c39,,,,,,,,,,,,,,,,,,,,,,,,,,,,,,,,,,,,,,,,,,,,,,,,,,,,,,,,,,
2026-07-09T06:12:25.441464Z,"{'#attributes': {'Qualifiers': 16384}, '#text': 1004}",dc.scaffold.htb,Microsoft-Windows-Security-SPP,Application,7591,4,,,,,,,,,,,,Windows(R) UL oob License (Public),7a19cd74-3ee3-4511-a3f4-4b30b52b8a9b,,,,,,,,,,,,,,,,,,,,,,,,,,,,,,,,,,,,,,,,,,,,,,,,,,,,,,,,,,
2026-07-09T06:12:25.441464Z,"{'#attributes': {'Qualifiers': 16384}, '#text': 1004}",dc.scaffold.htb,Microsoft-Windows-Security-SPP,Application,7592,4,,,,,,,,,,,,Windows(R) UL oob License (Private),73b22e72-baf6-4a9e-806f-a029eafff418,,,,,,,,,,,,,,,,,,,,,,,,,,,,,,,,,,,,,,,,,,,,,,,,,,,,,,,,,,
2026-07-09T06:12:25.457088Z,"{'#attributes': {'Qualifiers': 16384}, '#text': 1004}",dc.scaffold.htb,Microsoft-Windows-Security-SPP,Application,7593,4,,,,,,,,,,,,Windows(R) UL phone License (Public),c4e8394e-4922-4395-bf6c-353987e1dda3,,,,,,,,,,,,,,,,,,,,,,,,,,,,,,,,,,,,,,,,,,,,,,,,,,,,,,,,,,
