2026-06-02T14:11:06.711493Z,"{'#attributes': {'Qualifiers': 49152}, '#text': 8200}",dc.scaffold.htb,Microsoft-Windows-Security-SPP,Application,6933,2,,,,,,,,,,,,hr=0x80072EE7,"00010001(0x00000000, 07:10:56:710 - https://activation-v2.sls.microsoft.com/SLActivateProduct/SLActivateProduct.asmx?configextension=Retail)
00020001(0x00000000, 07:10:56:710)
00030001(0x00000000, 07:10:56:710 - https://activation-v2.sls.microsoft.com)
00030002(0x00000000, 07:10:56:710 - 0)
00040001(0x00000000, 07:10:56:710 - https://activation-v2.sls.microsoft.com)
00040002(0x00000000, 07:10:56:710 - 1, <NULL>, <NULL>, <NULL>)
00050002(0x80072F94, 07:10:56:710 - 0, 1)
00040006(0x00000001, 07:10:56:710 - 0, https://activation-v2.sls.microsoft.com, <N/A>, <N/A>)
00020005(0x00000000, 07:10:56:710 - 0)
00020008(0x80072EE7, 07:11:06:704 - SOAPAction: ""http://microsoft.com/SL/ProductActivationService/IssueToken""
Content-Type: text/xml; charset=utf-8
, <soap:Envelope xmlns:soap=""http://schemas.xmlsoap.org/soap/envelope/"" xmlns:xsi=""http://www.w3.org/2001/XMLSchema-instance"" xmlns:xsd=""http://www.w3.org/2001/XMLSchema"" xmlns:soapenc=""http://schemas.xmlsoap.org/soap/encoding/""><soap:Body><RequestSecurityToken xmlns=""http://schemas.xmlsoap.org/ws/2004/04/security/trust""><TokenType>ProductActivation</TokenType><RequestType>http://schemas.xmlsoap.org/ws/2004/04/security/trust/Issue</RequestType><UseKey><Values xmlns:q1=""http://schemas.xmlsoap.org/ws/2004/04/security/trust"" soapenc:arrayType=""q1:TokenEntry[1]""><TokenEntry><Name>PublishLicense</Name><Value>VcfpmJv+3APwNRgh9lJZp1xC5VHbakb2NRhO40Yh4X3J++Kd8+bI1bpXoahiXXKfsviHXU8pdDag5T2eWVahykuXc5/0ijVLiU7jC4bnLUtj7jEkKFZiRSMrpmrw0D/5fWmG3zeDrE6kT/uG97iSoviYgM5NhORig7WCiTb0nidozWZodXkglJRWlAhc7OFmDz1KJliqNbHm31x9mBB4USytpKnp2FkZSAgGBLH81Ry+ohpPE/FnJ1ekLsrx8qiB2ATZUU2VoKuNxS5brnAV5N8pnFM8j5VT+5BfVdbqbGlQBGEgxigfLASlE+/KOibiPTsI3zX0Ng0oFsnZDLL3RWexnQr26Nlk2+U2kVePvFrTsQERXVr2xmRCmp79bbiwdDsJlSgHCrDdaoc2sa5mVVIQLN1mlrJ27hjmbbxCCvBsIZfj2XswP20XIlcuFkdpNcEhdG6YFzicRJ7CKqOOdwtuiC9OTQg1yogl6EuCMfiflGCzjrciIbcMudR/9cgO3f9e4aSJhpYQheN0NZLh10LN1VOLLnqbC3mF7oyiaaAfd6TPMBegCZEPe7FLQ8PWFKszhTwj27h9b3t67IQTjnhYAz7/tXDoJ4u40zJJXx1aHymkUpEePgJevNk5xDgTDPdBwjoaJua8IwhC5L5n6ja/9NO7ua/0QZ0CPJb72v7Q8LyBLuBox9JJ9grWU8gyKlu5Jb77IMScmQOTgycitEtnTk6WocJ7tT4vCezJw85SsEQ0nA/tMoHpgj6kK6lmEPSvYU3TjuxmHWXFN4bvQb6TqETkIIBTQI3U4NREavnnwuJPesZHfrptZi+/9Y/BSALId2dpnBO8fZkzt6Uct/KfFT3tS22ag23udTfOiFiMSL1xTF8ZuW7WWbiD/otaoLCSYMtDg30v0xlQBMmnQ76ElVgaWmRxiw/uYh4vobDJz/qvZmi0VVgoIy5n54TbjjLykgaT6oSs43J+tqZMCEYB5ULO67ZMmTVJN2LoKVFYpOMHo1yf67mnJSx1RVxxN+9k3LIWdS+eUhZrC2Ho91GqEHBMHYfI2vNo2cqP0CKuehu7L8ct/YgHn0fcum/dcCEe9dq155CtyXuys83Dwb55mPwoAeB3N0PIugKN451XFR8IeFVSWUeX8fu8ICKhnw22gYXRAuWvTAJE6mXp87lubUbm/0finNC8aiJR4AAF57Kx3qr3ifsDkZEwt+DQGjdpel/XqkR+6qHjcqM5/YcF37pbCuDK5mf5OSKjYzTl+lx4ey0a2FayLMCdZBI0RmP0IbX9shuXf8qClG+ZuWuGYgOytCn02NXLHMjloykiI4uQwT2EqXuTTwrpj6ChlR/r9AJGSvvKOJzMXBcQzlNz75Epl6LdzY60Fjr4kymPrdlkuTYKO1DU7g55IPHC8svB+DbqF7/QdPWJHMbd4OMBeQDKs9KvHsJyEzyIgyHclq/R7/eRhQRb/6pdYo0cJczpyJfp24TuPXhWAR9kWj2L0YiU3XMD8tRQ8pfee01VNh0CEvHLWnJGpdDAY84zcm/FHFnUy8Y6fzdN4+N+m5pVancwNLzM7IETBYHHz9Zgl2qAApwmD32oMoXfhgn+4Q94RD644+/zZqTpqkqk7vrDyIsnt3TNdzejf9TJKyjyXoWIcELk9sLk/hNYt1SVmhFMVvRaUfzIk3f+hLXfAdoLSBPvsmtSZwuuRrzTEO4oqGH33am1NK037rzivACorwIjJkl+NWhVDgHNzAJt4qb5PXwjXFsf9dnwOBECVCUi1X9uWq0ccn8UBBa1ojpBCjtEZmrVSklnlL4xWszTZJcUVCj5fn6URkIe4UZY7X1GkcIRNpRAX7amQ4TzVNp6+Oon1ONyO9NukNkOWFKjWlyc1F7pigTw5rMG4oAPC+81MnQpyenzbwCAzQ1BjLsKdEk1in8uluPdjM1TiQrfd29m2LKT84l1vNbRo2fDtk8yhUB+SmGDGfYt3wEiVf/HdWsQzR8UjpHJIqA9Td/2TmYSZDVc3Rj0J7D3pTT/MkbNxpAO3hSIQ5PEseI/zU93XrK5rnJlCVEooAO73730ATkXttIDYVAYnpGjMhxxvySqA44qyS+Guh2+r7gl39EyHDRjKtv8BO1yEPF4WvTCzOWylQGkbHJvBcGZHxkG+GMr+LTqGEougOTZUSvp+ELnDgu/c7g+5T2rec6GABZ1zr8uICVnMX/MI9Z4Dyxgm1kne4TBSctcKNRqvdWrCq0EYZepM2nlXMOS3CV44Fzf3wc7TQt3S861caOLDCkQB4apZ93g8st8Kr5rKZNKD9F0RqEAb8Y8g0DtDtvJivKXDarQEiziAEdbOR348h/U7pg7Hs00dgZUb/ijBBgAfTLruIyBpL696jcFUmhGZBcdwIsbt7N1GG+IHPu2vJF2KuPdzhyDb/TbCYn3Juh86eSR7JhOuN5fd/5LzrmcQ3yNjiFOHCH3tVU7fXQgX+islIR4KQjGCX0gtTP5wA5JmSUrXx3NBANri1SHmNOvIGEeaaPkHRiEr9Rm8kqQ+hKO15+4Dry1FbYF/IyEX1wkpe2adP4OLcct6aJqsq5GY5Ythw9qlKez//ktIv3dSHVREWG2UYO2LORlanB/qAz85RZeGDHMZsu3UlXjAFM3SkFo1I4r1nHxclo+JeuCSVIdN9ByaNLsEuOJweE7syiasWgN7t5ss4NBJslJX40l1GtpzkOlMJeb0Wi2htgc6lE4UYtQ4j35VG7D/uVPCKnmFopsU0cm8xnqb0e+B8TkT1SuW5Wj6sBiCEdKPB9KewInEs83bpixK6YZFqobuCkweDfa3E/GJcQX2JdJIJAdiGpMaaeZw3GQ9LQk2ETlpMhZ+vXySxeQVTmhQ0C66AXJhTb/0ry7PgK4ULQB2QQtz2cl12gqi8LrI+N7FSnS9xpj7MI9U/hglSSO13EA9J7mAgwAdYmSlmWyLxq4cMae9E4P3pZAyEEWFLRTF149uiMYU5HBSYi0ZZ2jGRdYBo7QD1FX9OcdvEvvwNbDkSzknOSKjPiJY0YYFQ2mjR/PyOvBB3V8h42O3q2YqCiajm+wdodzY93P5v1qki+8LUL8ziOOHFgWvQY88x7KxX89jWg9sv1Q0Yh1GP7UVzm9a0rcccURPtbSf0MR47yMmigBuntbzDY2IDkGn9LBZNqWgAtXVhkkXoaB96dyLT8jpnFSGHGcILCSfO55EPTl8AejW14UtJyMuzd+uvnzJ9ts6fOpdwk9xNnbdgn/bRpx6mJsrkzamHxyVv+QUaiPu9fz2hQD4UgdagDBwLoocu0GFX7Oe5YXxN0qj00LIK5rbOLo8hmC4ZfS9VUcAlRGaIhWl/5O0AZ3xCzs7yJo6O7PFpntIX0ayUgiDTbSLpG32jtxzb9JYvBMXeU0eb+jrMmEQPhOG/a6nc7/IdeXroOyqrMnJ2qBZXpSPkhL5XN9+F9qVyKAH9YKq5C7gaKt1EoNyQ2oNR1AquzNx9LqT6FEqjuMAJpljq8RquV+jTXoQBrAG+E7vRWexgS8DE27TDxWJTIMAWG8bEObW4EOZokvdI8uE/vBPLR52wriIjM1CBbHq0e2xo9kXuhQzZQY1MkG8n09DlQnV31sjWPYKj/DNw9fcflzfRphdNE60pFGt7hjV5sHFW4vCX4DsPYc7L5qTMuSAL+i71cKY3U//nPAVWAeWl9+vtpwZ6tdhevnlMMKm7DCF5uGwDEHI+tjiaiOVkgU9lOSCxox08hdcISxwRpvot/6LVuzOaI7BiA7PVhIK6cCKOUdixiFuXy1NPFJAhUvSgUo+CKvxoTR4ZCq6HZj3PmW4ZOoPS4ynEWvgkK81HliUvKaMnK34EAxT0Ie676d80/ALmJHpeNjjeo8R4bjAwkkkX03KEVI90LETOrkD615yzg4p1sH3A61LKgQFAWLEhC1jLGfQJKzAdFVI6ugV5x3SyXMFUvWM+PKlLswc3sG13zNAR4nAPpfQdaakqJJOt7OFK659FUlSjqv1smJCLcyYHMw5jlYTWrz43JYFh3MkTbVRa8ejIGeSzAoo0rX/0RRHHiiT7dhdD9+4rTOaF5hislBlDZGkDikXGH72Loz44Ql481IKsoYOzd+QrYm1FuYCIJ35X4JqbWoyqFlHVatFD5hR0zlMOk3d3lAtsNkHE/PQ2Hfmop+7VB/g9uzVmUYr3iz+dtzxLZpUvS0X/jd+JzxWBzxa9udngxl9Gkb/Z0ow0NJIhr7BwlGuZcuexAUJIjOJcOMR34MBFTdV0iDuW733r3w0iy6q59jD1vROi4tm1nyquB2bgI+9PGmi9vYUtJOevLmRhl86a+gxEDI4GLxGbr2huSmNJDnOv8IRFdAJT1MDZnPJN0y2E/I19XKQXpTH1jB/ebdZMdZhhhuZgL8bbPv9ur5gl5JCy3Hf2VcmVbUCW5gPfFBkSS+Kiy7ZJY8xOMpYX1f/bv7Djs69CwmtZGAiwfocm1sC1+13p8p0AcBsaSm+o5zLM3f/eBxkykgubI3rRbWga8OpplEUiLFUTGqeePwfh72eWTnMy77iUVVQ5Xh+VPod7TmioPufYKQNUBcwLrHF9464G/R7xMmCzvFJawwaY7HGNpOGiXWLHELbcohoREia6GUHOdISaRWq2u1T0a4Lpqa6d0Gge+Pff7oy+dZUliENWgb8YQgS+Kwu0MMunw2/X2w8wRcgV78QsuBFU2FBtf0M+W7Dx03I7TwtThaBQmKUl7hDac32vd4QwJCjwcRMn/LIg94HaMivwBmQB5j1YnDSujDjJaasltCOh/OwlRQwVdx3yqNEn8ns0e+L8O24AFLNHLYHpGVKDpb4WpXXIgrVzcN4GycdDk2BEOEjcu2EIgta5OEigBFZvbrZM7eG1eZ5XyvXMD2XjIUoNAi2560r6qa+93J2OqgvWcmIuq0DiRnKa2Ve9RWYwY3ii3+Bk4MlIYmb9IYNSB5wmN2+2prPaiaaEHaN020wvsRa038JbKEARXWCDXr7FN+MhfjqKw5U4v2oXMTUf6ZOKz2p2oI2T3weFlop74nBeSIqpx6HiAXgAywWgqmdicjOY7YrjvnfwqfyWe1YC2e3BjfV4H5OzohWIO3l/0ycJoj7pB/LDwfKr7m+lkDs2XuUr5tapVN9pLNmtLOD1HlVFelRHSoeNs/kQEXr++nv2aLHWGtq7EoZW12Hfe58y71JM4/XE2eivxNYaCJTiJzvDkNd/kZPKGxkd8quON1bcS64WN6+8BCyt/oiVwjEe0PIa+RrvLWHHCWy+AtCepitIIDoMZLDIvmAik9WqDh0KLrHljK5dG7QrldmLfuOGPRRShhvbVZUT6mOwYcerd3p0RsrPrNAs45C5BYBhkJwwUJlIjE8Rg9QgjgbE7T3+fMdZDMhNwUgOmTjRBPhe1hGmNWhIAkTRrqjvXKzZNYrg/WJIWneav96cjjy4YeLzEmCzOsg6VIiX9VuQEZID2nmhf9X3XQ/3oDrtwh8e3AkC3NyEMiCokF2UTOi/1y01244CFdtzHhNvNDcIGtrnpJPG9sed23HobtRJ6jeYPmWjOodEu4kOX7mvkDh7uk85ecdqo1HAcHIKTPosAMyAZHSws6sxnqh/B+Z7p8D26XjPvJxYMb1STuazmCGy6I3vXrohQVtFXuDD+J0ODOgVZhQvcIL4BKEqr4/V1OeaGSjfkwz6D+yG2hpbvkIOoTlOB2AL3B/9xksPN+jLRYOMY92wZiID0MFHGYdkUn6S4b+LfUn/pb1gn6Zt0Zq2AtkfRPacMhjUXviUKSCUVijYkj+gLDmP2lKXiFqD2fhKLa4Pr3FFGviXf3fUxky0HiA7EJjUkecu7JIdxQiE3GFdq96h+53QFAJ89/Km9OeZlgYspbuQQuYgOc0i6N5wQ2GJmwbSHsVXFwK6EaBieCSBWyLEtHuVJI7022E9aqPSU4LfQp8YefO81Sf839WGCs+e5PpV2SzW9jnBvhie17YXume+/dhB8MZ8WXQ3PdcPkLNebN+8IeKUKpXH2bI4MYCQA5KpKRNOgAQSQc29T6fa6i5Ax1tOJNZXaNFV05AK1veSGCmhlztNiWSJeZydtDshkdQRWDZUZXLtBXuYMC6lSYiGHALygDWWaEcu/rbqfajWkUoblVGuFf4bVLtFS/LZEorwBQbUdAqDslhwiGmcRXFLyzYsm0ZJgG1E9SH7l+SoQ0yZ699q8vfRIyPs/Kfu3Ff8fA7DtDEgGLgbWgp3ADoj2htCUToFYkSdJDnxNHrnk69R862TJWDfi0AROqDj5YUnwXpfnEXpXScFbIXY2UuYztx0PeYPjg3hCjQuviWCLN1a21sVYUk0ARPCHLWifUq++w0hBPhH/qe8YSC2FFArjHwis6562821r//fFua4LMKlzLr7J/rArbUPvq9SLb9kHu2om+vjX8ef5WDgXvp4I/lpc0IyfNATjCfnvOey6rFyV8gPvz5FXc6jP6FCazvp8N55qt1t8tWs4tzVg8XKUsG2DUcRyZsVQdUOw16L9JQxN8hGMt9g5oSEafgCvooBL5SF+8j7wrpfO3pxSOtMfL7Ubc9/Ld/mD+OTmK7pwP8boKNUiyQfaKsFN1mHZ9FFioOwoh81hk/+En6EwMv7I/6qBt86AeREirRx6ebgBEjxNEGf0mr+fxO1GX8knETpdO5FIWnPMjfRUYCnjV42JaFO8I44M48O4VQbtMjyeoCWqCG1taS6rQRfvavlHKQMNKqEhPxIY+VNAwQTnMFooXqXXk1VvQyrrds+I8/32j0OJdJ3UVD6xgQljTpxo06Q9YIQ3WeClA94hIj61Og/Cno0ljhfcatdI1rwD+NHtblPt78Fuv6NeoIwnQvd4n04npGjQSSHKv91t6mi+YNdQANQGi4BbOuS3GKoI0qVxs4ZKnGpnIsTFLZ+g+iFNdL7wIm7ktz6v2Ihc4gFld6F97zdaiMy8nujBKMK1xJu7obZlQCHI2wuKXgQHjaRVuKvCVHC0j1sCR8ZM0z+iR/ElI8bMIhTBGMPnjNvw8A1eaqFSUuL+rI5MJLIlRdI1qtkmcJT/QYuaNRecrS1y/n61+AOeq3TS3X//VtT6uvN/M/tfExX3Q5cty90XnL4nZ6Jbl7DkUc0hzM3zj84LtdLtxZewB7VvF1NbFLw86+z8bdBMsRYXr8s26PUADUjqs3ZSU6vGbQad80qrEcrc/u2IUuL5V6JjhuVFPUS0g9VWmcmOna52jxb3blWTNdcSrgp9pNHdzaHAy1idEKaKb7ETObOt1Cy+uzULX8iLXpdwVVSXU4E3xkHtzWBfx7CAqK50iMO7ZTeI6ewQj+s7g1RnNQkdVBvhnUBKvy/e2JjF0BgaAyT53WXavQsMSbCBwnyeyzho8IyXsbuKebJlpEb3ic+K3gKqno8nPjxetMXEWObjr3AFEG/863vCTZgakM7nTIAs6dH+IQuUunTzQ/TIv1BSqGch5zAZglLR8cOcb5DY/EBiBJ42RmOgwzU4+J7twAtZOJEOcyfA6irAsKJ7RuN0rPqEXAInUDpl2X+x7wm3NRQPcq/rUNfISzUtVPPbCv1YZXeN2y7iaOUN4AQXfpqQzCTS9+ByZxYjSxgBNi4jwZ11lHU1+BAs1zKxrzu0xUvjoFWTghUsrfez1a6gqpMNMkVBT3MTqeCBKJFkm28anhtkoVKNXp2+i5roeDMI1PrVKUkCugvdS6LZD3oa+27LO6FvOn6YQ7owfKuLSi5Cn8lWtelGWJL8fwUz04Su/PU3z9C3eSLI2jqdDRmBXqpXag8h7L+8h1RfjptmAi/MLF2VD9XulqkSVJydLZfvgBd1uHa6vb53zjyYg07fXOQQleH/x3VDGwmilmHA/TlVWVAe/ocA8tcpz3ue/X1IHgvlBd0U4nlexF8xOdCwXNvuIV27Q4iLOcU8iyld7WZtsF2jZ2qGSPvId9jDnI0865Me7SB7Ju/PCtprdUaG4qI/clnRr623IDMehoLIYCC++BQuAuhqTuNe+rg5qeZ/s8i8O4dq5VmqPvY55uYFd6ltJBLxZ1dJCggmM/R3h25+5CSHR9EQ2FLNzfrI1duorgsFy/ZVrF/kWWrJ1yK2K+c6vXoAZgVzduKJFsni0Jk6BYhJQ/j1MZa2atGSVonNCBwZKLKXx0flEktzBpqWleSe5wTDZ9/qv/hdEfkJVwBBsTFRBjJJ5DcCWrDnKfk9ZrGSjIkViCN/p1DeSdD/Rrmf5ENE5t0DVKy+SJXB8lGq8kq7c4L1dhkh+TUBV3a6rkkCVQBI9+MZ32DhNZ6kYUGZMARqprWiNH4OOAiekbDN32L8dJlaMAcOaku23wzA5RL03IVWP2j53ltw9XwILzNYAwVwEKaqUuWdxh7ro/QSGvmmV0VjX4uhZcmvdi0rmFaHaERIH9y060UEgbxwThKCRAIUauCqmyzDRPBCRc91aWggH1kU1mDdi7POo9v9mDfMWvrEDgMtHRG8gKDJtu4ogMi9Z1cjc6YmzVba5hEabFFp8f2KFgYdA/OZ6GtH+W4q3pnXULOei7qpfaPprJdp1VHJ5Bziijd04aTCyjrXdOHGCfhaHR8m7mm6OdEwKCASotd/NF8NpqmCVCqWaw5llnWFnzogSSLX0G2TNo5ob5YTDlDpFKc+rfu0/5laN6WJTplptd/wUZ9szf+pEuSVdUS9wiET4g2fa/Jt88qeOKBjoX4SJmE4QG8lN4LCF4XMDrcWox9RGMM4ZNv5KKgrg82bYTV9Ej/TiU84qQByK7o6tTzdl3NahpiTb7MFTzAy+WoyTVHaSB24TrHfjwfhmDQHGiz/Z6MT5iWcVXJ9O2Z17K2O96uESbEL/fZG5WD3/dQv4dhwIsyJCqPHfw4wBQoCl2nwoIcc4skAaVHbIV8fPfoW/yC0zdPPLvgN2y2Kmr5ujau11/CFzpMW1fRXTH9iY8e18/KP1Dot4TDIGsnxELHVEUcRiU+IHRHmWUzl5MxPhNjSiJslRchjqOf1+fP3S76VU+omeg1pffqMxai48ZjHq2gbtMK+OUOozzYxjCvQsGTI/GhgotgNpwQIDdcOmY9Wi5kJtF7X1LVUJG3LFA969f42yV8FkKSLcM5sPVJ7gOY8gxIabrKAlRKX8SbGbatWuIKfDxYaEHuk41Sj3gyPbUyRzY62VsdBnVIfJ1n5o8CHnJ0oUwvpk0Oc16kiX4hZYrMRFd0iKYTxkLe9IplTGpekIxdGI7rVaz2YzvGrEitR4dWqeq/oUrIbf0VET70GVNdeYySuG48HtjeT4ph4xfARmhoUxmUUtQPABCr90appZTOekoTSqB8ojwLWA5/Ij9okVIk/RM8ZXR3GOsuwubP35VW1wvqM+HQUhsEA3fYcgtL7zWV5l8d3/eSJNPAT1DnUDjVe8e3ic1U0P6M1S1IhstLuw8nFbGfgJO4fb9wl4vZ1Zds2tIQiTdKA5AvC8ICcbOF0MpAiyd7b0jxdMZiKpxABVYX0du80hhJm9DDlPKJxxL0Xy2TkdtPO/avulq+lLuU7wTBah4MVdfPo76iheJVTxsM/zGiGVMbUvxOtz2JDcerFC09AFzh/Mr7qAvsm5pP4LQOZGJY80732XLuB+W/wWmSMAtxqIbFw0a8xww9LRQxz1VR/HajlN3p0EH3xDGiQXi1nT0jzJzCTHhj4JrSKAvG5CXTyI3Rtfo1EKYU5sdYV+A0rlm8y8qIJJ04FoeAFB9lazoyW1VUVNOUuppLTIT7WAJcIcKuLIFKc9Ng9qTXJ89TCq8o/JqPYAWkgxeSABHvZEjdivEzZSXMmTILWCVk9rmd9lt7HhxExg1Urkh7HLkiW2pI0N26ZVNWSdEsGIx/9L1WxDsN9jWAYU/NvhdUPPTq/QgAcsfHo1VaYRQGQB4rfLGd439ZlZiezKiX6njXJhgwvukKT09vnRdfA5pLCo11473sgJTi5hfVGx6UpjuJuqssrmvxpRgX/T8j0ZvP0asVTNsDJtRADfeI2mwKxBKVQOulaJEFT7r0bcpwnMe3i37qgl+hp4bGBnIFQoxrIROM6nmIiGCgNa5fqfiQ55H0Rm4UrnREvCfS5X68X9Z1oKneogTqu0ANHojMrzz4iAQ91xYMMJ5TI9UAd62Yz2RMpiUKdEnxLaqITg5cv6HMSOH2QWZe/CXT1/nUZkI4AaSxR/PoxyIBd/eD0iVJehXCnPB7NKIMR2C5k/PxM08hByMrcAqdi4Uzs8hOdPl/Xbry2vJgaZvRd4M2wr9vnqFt7+a8GgOPw6kjwtEc58S1jSBc4QdsSeoA0HEOhQAHcWAF9Z69Cjh4w988wT9B4uaAmhTj8ibbZI7JQ2e0P71J2Rk2oVsPPcyJ4Hi4A/xae5n71eOdEqB3ivYLbxGvDsYM4+KqGRWCUy6zbg2BFHfD4DmYxCJM1zwvbXM50cFQ0ZasYdCIKeoPP8q4RyO5i2Vj7m1Oyoj5s0IEmorlqE4/GEiw9loE8C0IBSVn7U/z7N80d1pSwGM0x4w1sFtklZiuvygIBWZ3tZ9SMb40PNGGNfAWkUZ5SCbgWlgKUmXrFXQ2/jqGyRhFoy4L/5ubSUP/JcaH5SuXAmWR9tWd6zV5qwBTeTFa/8LCUfRm3rhnhOgZx9poiAgtoankCEPOwPueH1pK8tj4hyT6PG+ntVdIwuTfzfAZ9r0JxW4hnrDyFCuWSDc75iWlCnScmJ7ah9/LJbgMgfmCvGN4HeCNnj8Yho55e5KDlMOmCJn3k/uSdMZAihSAA3NsvVDxlEfqBZzeiZF2UkrrQvoqRbIaBQa+HiVZLK0DDNsPm18LS163WPyzsmVq8RZ0M+O6gvwJw2h/hXFaoITBmxBiQigu0mgYs3fxJ1Z7dep8VE/7fdWV2Qh0uKT0IH9ux4JbejgFhc4cQiAxvoWy+UbYoWGRCiOZLHnGW/vHC3vb7C9TZhhgifk8vLsafUcs5GKi91IYqF9524+x3SPv8p0Q3VHq6tCffOCoxJsIl768DxyFI4XGzeK6u+QU3ZlLOddqiAnw7PlibdzM4mVpGPzYBa58LRKikaJWaFeLd0maGgR00XPRIQ2nJRHfxgngd1RtuYIOPWV9ePXE+Ie6qmg+B46C8jjAgCw+0/dZvJ0K7WpGMfegVgGLGSAXeGz9NpfSXYiUoOYNAn6AKkjXesKTk10ehFBztaBquJ1zRfs0IBC1KrlawXmyuFqxl6qDrOOnP6kqlTyOB1Y4Bi5B8Zt/u7lCgh645dC88MPAz04gaEWo6U/PYLr+kJUKdYvnKxC0etPmbz680EJ1+dqzd9HZSnBpE4xcpbnF5UqilbaWP0dwiPEMJGVducb8AdHuvYDNUk2uKBZpVMUh/pp31srLl57P3PNH/IEov243Ehg2gTo0obykSlio7MZa1+gtEw5zJCMBfZE324aEM0mVOdXdiiYAy5wMW6ElTMFI2LDyd9XPp4WnfHqFhhj2FDD5HS/hYZeBW+9h1dL4zQtLrPq+DUEVhc3PEhDpkHGVjLFBSYVUYXQSmwF2Pgxc8jqJtxY18g+YKaZXxr9oS2meR2Om8F9+lyyFSmljeIJYlrCGlj5PLsvnOfml2JiQK28VgSni7BjU31+tKED0wt5uQoRjTkB0PqaZR2TFUfMGY3rc7D/dSmY+8OHaCDk89n4ULMZR/WWrv17fqu9D3h+U5OccWDF3vIOyUnzhCkuskLwq0THi+arv2Z/eElkDzkLO+yH9sZOoBgw2jatn0a8Rchtxb82pZlp6+W/TToQ2+YEfoOtbkRsU0XCV4hx/6NkLKCbxmM5pbMzpEsSmpL0gomeqlzxRKa+BTBwRg+NP3AikS5QejVkr39IxCD6bHAGYqfLZP1P0pdQqtFvgNxO6Tv4L/5CQS9VvuvM5iuNxw0c7aTe695cI/J+nkdehPt6BeQuQaV0EZdDYFNzBwAuF4dtpbGlkg1jgWY9seyXEvodRUamNsD28xDZrJ/1PqYbfZZc1EtrV0dZEfMCR7f7kFXucO309VLsbo8NzKPjjgCl80uNFb24R2Je8kDC6X98YSb2goxsgfePgKlxyOIPtY1mHtBCbK/MH51557vvHz06qBozz+lkabGBIVJLpq8VuagbguJ8J/p6F7SyIhovA4rZyGbUNSLbhdwayli5SvDYuKWA2Bm4K3R159/R1OgQeLfTckIaqSM/2g2AA51Kk8SVVAdIWv/lTMwhiAGRQGlAT0WgaMPPUorzqfaYbo+7HR4g3HJ2hUvYq/w3d311lOx5Ks5+DSMbQulFiSsu4N5ZbIc9S0JxK5oO2wOqQu1+xYXIK2glDsmzQLfmrW96lcSgANWDmjsEcj7gs/3xZav5IYHj/AUUCK+/DDGHNqIvqECUv1OfBPpMwl9/VainaBT1rGUsbZ4qJDb7sJsrtWRxNrK6J7gR206Do8vW7m9j+8X640LC2I91M88shiWP98TNOTjqn3084jemvZosPCNGObKvF157XwMRDtPFJZO7oX+SYFL4enUqXHv3wF2hgFePGQOEAwJkhoM/liVabvn0m/J3C0uJGMzG6OfBJEEDwFTQrDPmuHRwNt3T248yRVVe3dNOJYr0/jVAAR6+Uq+IV5vYCN4npl3cN1EeJZBU2MsGpo40oIVLrzHEdbbYSuRigrYVHHt5jICaKwprkrloGIhgVqkkDwTSFsziUDXFamc2XHgUsM1l93kBQwO3aozoDCofx8vXiZGLAFH/qko1f3CZIoEQfLOh056BFVUswI/8UGnj6ZQoSX/eCDf4PIdTO0hmPeGPpESDE/OnSMlrQq4ENPdT3DTpCCcCBHGPVqOOIC9g0A0xCJj/FHrzLvc8+clcxexUZrQNyCwx2Hov0Bme/wNvzO1RMK/pPoPq4W6pGRQKq4HbL/5zxCjt+xiBHx8FWlcSFpS5Idde+mYFMgyEoTyZ3IDON+fsR//moBMdRrpkfZco1kUp5S37Q+7YLQOlUpUjSiV4y+zSFmCQTntUNPxx81JC0siokJCdOqa+O9uGlV3O4f5XSqVrDLqtaZHcJ261MWbdehQ2s37T/CmBLeRFjBoObgd8VhipsPKILCOBeDrZmEbgrJ23UAj/+QRxKcle+pFRBPK4NP01EcDhuG7sJnZ4lQvBnC8wDVlUM3tPATstu1jCozER1NGCudFurAiDhwQUAj6ecNFx5c5gL1prKhaIe3GM86rthJ/+CydSk0zpIn9WLnDKnB3bZsT9dgPHAZRH+MLTzalSSV15fdreY+uVuNQS7lYIk/XkBZWoV+wGxMfNqHg6Rqx4lY7bruvYHbj7pqJOA46WW+lnxaxilWNuKMlg1wLL32jqhzVDDTmDBiaEWPHArmOCR4/+6+Y7Qy7NIJq21Lsk8l3ISOwo31gINZd74RRtiwIPGgwKFEsgKZAviJILwHjml/f4JSjnooOhNnCalJhBNczjE+Yu4pBjKvQOY6gu2Nml9ZRXfR09BpIgwA15LvO9/peOj8um95xKguFbeCiTLaWG20vrjp8qx3dyVk+Uh5UH3QSVCJX7OBwMs1fFN2ebred3c3d0R45Db/+jhB0jobxpOLmOiy/HnGAZb9MxFzKFNhFDjgXdbTvnxIDi2HCtD4bM0vwOP13mXZjNi2elwX0d72XXgMyBuFoYfFZa4Zj7dtDqiVyt2bBNh/6M51ldSnLnhOg4hGicFA2xxH11abuE2pWJIdYlIG1pyhM2zzgCtar4//c4fbWCa78gxc5MQaBIZueST/AMTokHI9EPlS3Kbjggi45A3OnXAhnyE1aKjCvK+XVPSWfdWKbJ+66HyQe72B0VlXcHx4jt6xkDikDL54O26xbMO/x4y3XoaW15n8QqYG23R29auDMRHHsKUkmTBFQgAVzmWep/bp1xfU6T8w3t8WDD9+CFGGwWWMzgl8RYvt+Vu8HiGpeyPKaTH+QsM5SKgajhtwDsztaRwGCkBk5QODxRNEK1e7kgWXDThgPEeUuCYxJmIAg04v+3CKDJg6gCbmB/og0n/s5QXbihJo4oe82xJFXWdu32YTXKMW+csI93bzGqivUvaNFN5LZLbcDvS5Dyefgdr+YRHyX4R6hafSf/Xx54uy/3nbw5tSXgIc6qDiM95uRxuqQ5ucsbcfFRMiQTx2TiOx+Q1Mj61/TegAZQYrprHPi0NgEbRn0wWrybRIQcq2uYvOsBT5rmpFManz+BjbfsMV0NE3eM3+thcQ40kslpH3NS1f5bh+QOKOPqQT/H+irNK15c5VdjIVa+pJ2LddcBBFmOnrUhtfeIbK5nM/kYzr4aAyyoUgacZggI/UqtM+HNef70aBIoJSuS3C658VPK7SoLdWTXs6Cqb4L4PvJdKp9hW+EiJA2VBntEI/um4rZsrY3yzjaI3VCt56pTHM/Ls28sT1vbB0m2tG5Ze8gfAK8ReSJd0JU41kOKVXgZZLd1Dv5rg7nlZuaZMrpcW6fgx2CHZ4MqKTuo8kuHbYF0t0dXS7RKUOXx8w8BpgURbGzJESzJbtz9iXRPP4WlgX/MJsaoY8Hvcxz8jnYEK9HxSYeFfCGZYRssvn20m77f1xBIg+/lfzAJtcaK0falHyL2+IFm1Fdei7oN6DnqK6c1jWRl7gEoCZ36qTfmf7j4Sg1jMbKNN8rpyUGxyKmlKK10siQEJpykR5SFcPXSNbGNCvzDeJn49Z+Tn1OwUsgF09ASeNCeAOlYHDZe+TuuPkTVeX0fXtajxalU6ZY1kvZTI0OmlLStoMnUuEbzS6nGANJ+Jg2J4eKWbulQMeboEL9CITbe4M31q+m5WWvgUggx/qGidjqBDUcYCA4O661v6/+8HWLB73Antl7JrnZOTqR4b2TUw9J4C1kqVNsJzT8c9mOso9poPpn4R9jHV+EoaNhfYPi1xtUXjicD7AouxI4YlNpam95N1J+2TasZy6c8jUiDMA7KDoiXZFSGNIAdxtSgu178kQyXXQ4b/j6xYy3+Gg/X07P62WJIOL58IV/lM95dHJ+yvu4zSENcz5hS0Xnc1aYCEsI/OMsYY3Qp7R3mxuRon6QBNavlGby6OnEs4G4T3bo4A5Pz317jT85hLUz6zbCJ5ke7ng0I33I9uH8u5pB+9k3WAc55g9u67fIinwQWw42JaKtp1EphTP5w9ynVUsO9pZD/OmjXMMh7I+/7+vrzRIACKlQ5Oy75fGGV3xfkw1Y12dISpQECRnMO5O+azzBZc2fVsI1zVCgSyobRX4ihFh5JEk2dXJJve9KcF1q8BM6jx0fJwylbl6ep5ucOD1r/19WUgRRlBysZ1mIjBYo9pYhPeV7mohXez81VjC21ZkaLwyHKdHS3KWJPcQkH3xfevXqf7au3vpME6grhG+XlF21C1jUpnsQ4AMxFLwUc1+zlLRF81K+xmQDA4v+2guEuZWQaWW8wSTbpfXF9ybXRDaDISHfwdZz5Q7Ev+ki2dB1bHKzhIXhKAcZiR5fddeganAYQIVnmrV2nWUjOH2+WDsTBAT43xFYzmrJYq1IHyX09tFLVFrrfDnXABSLxNOfmGkgsYyXwkoRCfd0F8iIqGLxxZhnsHnQwwrJg1sqlgA1ONr46FyIvy9bjDYFoibrUAXHBsrab9ovHNPlW32z74OOzIa3qQWbyYuZ1rg9VoiE+IYFYYMfCMztMP4Y1omZwYkTo+YCmHyIIKyVMggBbnwn8y40ss3K+ihVq11Vl7009MrGcruZZRALo7V21UxD6VeowCpoHw9Sndtz6457LKRFhGtzT+0OdH3BAlmuaq21kZELNbVx6EY8eA==</Value></TokenEntry></Values></UseKey><Claims><Values xmlns:q1=""http://schemas.xmlsoap.org/ws/2004/04/security/trust"" soapenc:arrayType=""q1:TokenEntry[17]""><TokenEntry><Name>SessionKey</Name><Value>Jq+8y1Rz6HxHpzI7i3kL5TMd+iRCZZp3YKoTv/J6mukeOw+diVNAYDBtqSSIRgBgXD9rnkYyI5T/hcwmla0vIkCaDXTCkuxBQht1NObiDSTCaxWwOpilyYQRIHivmKHrwFyaUs5a3bQ1wn8tOQmzWTTDGLTp2Yo2S/A880lQ97/vMFx4hRF4zHOL1xkF4lEBGyssggDfuVwYm8eabdZ5dOifjdlTZkbZys2yLgleknXpuGFKs6NwvrjLKoLgirtsvdHuiQRpFB9uXw6Qk8yqipNKgBZpxKQPpHfp1izudtYlQf5/JOqRMTrYNoGE/jhs4lQExtSJcOmfrnFbtWJS5A==</Value></TokenEntry><TokenEntry><Name>BindingType</Name><Value>5bAuRLVF17lesmomFHyUY/njOHqWerdsSdjFW3ddVlg=</Value></TokenEntry><TokenEntry><Name>Binding</Name><Value>S54TUec4XBcKWBsrOpDDJrmQTBz8FgbsTbWgaS3Y7eG4UMFeVY4w3ODZgVbMbUq21KieqDctDjDnOqubztQ+MQ==</Value></TokenEntry><TokenEntry><Name>ProductKey</Name><Value>STRkS8j9TyYf0CwjrTW1lGucVr8WWhucXf/5q8gb12s=</Value></TokenEntry><TokenEntry><Name>ProductKeyType</Name><Value>5bAuRLVF17lesmomFHyUYzHt11gdRFuwWcHHDJbta08=</Value></TokenEntry><TokenEntry><Name>ProductKeyActConfigId</Name><Value>SO2Yzut2WdiHQRrBiQONND3x5UWEJh7K2pbIBTWUaDNERw2MlvRjI2fRrPEOGO4/etrgI8vJVoF66REQFs/MtsWCSIXm4k8Ujcg4QRMlioU=</Value></TokenEntry><TokenEntry><Name>SppSvcVersion</Name><Value>XV38fmON8WkRmrx6KkN4Ng==</Value></TokenEntry><TokenEntry><Name>otherInfoPublic.licenseCategory</Name><Value>E4fLLy5/Z8UZs9YZxAq45oGY/mtkAq6br40H8Xh+sZc=</Value></TokenEntry><TokenEntry><Name>otherInfoPrivate.licenseCategory</Name><Value>E4fLLy5/Z8UZs9YZxAq45onglpDsD01bY46r44U+G0Y=</Value></TokenEntry><TokenEntry><Name>otherInfoPublic.sysprepAction</Name><Value>Mdt+jCYFyEi3Cs6xhRwiSw==</Value></TokenEntry><TokenEntry><Name>otherInfoPrivate.sysprepAction</Name><Value>Mdt+jCYFyEi3Cs6xhRwiSw==</Value></TokenEntry><TokenEntry><Name>ClientInformation</Name><Value>uSixKijOgcYh7U9WAgNhB40f1B1+aKSeZ6RcvsQlNpX61XjsED+Nb1tmxbBOoCjVA+qdVTcGneFoZ5bMU3OMDA==</Value></TokenEntry><TokenEntry><Name>ReferralInformation</Name><Value>avGBR9Uy5h9YVdRu+CWKJEKG1zFVZd0OqL+hWQk+kMMjAGeSywnfRuJ9dSXETJ4Yi5ribF2Q+iu0qTkwgDkejA==</Value></TokenEntry><TokenEntry><Name>ClientSystemTime</Name><Value>YV5Kan4I+JAQqHAAVWlaXzCowD0joAOcocNPuTXyfwA=</Value></TokenEntry><TokenEntry><Name>ClientSystemTimeUtc</Name><Value>YV5Kan4I+JAQqHAAVWlaXzCowD0joAOcocNPuTXyfwA=</Value></TokenEntry><TokenEntry><Name>otherInfoPublic.secureStoreId</Name><Value>4tnL5GXkzcHjnaHli2uFg9UKW53nB9JpHShfI7QNg0y7//+UDVO8bjQqBLEQ61wS</Value></TokenEntry><TokenEntry><Name>otherInfoPrivate.secureStoreId</Name><Value>4tnL5GXkzcHjnaHli2uFg9UKW53nB9JpHShfI7QNg0y7//+UDVO8bjQqBLEQ61wS</Value></TokenEntry></Values></Claims></RequestSecurityToken></soap:Body></soap:Envelope>)
00010002(0x80072EE7, 07:11:06:704 - <NULL>)
00010003(0x80072EE7, 07:11:06:704)
",,,,,,,,,,,,,,,,,,,,,,,,,,,,,,,,,,,,,,,,,,,,,,,,,,,,,,,,,,
2026-06-02T14:11:06.711493Z,"{'#attributes': {'Qualifiers': 49152}, '#text': 1014}",dc.scaffold.htb,Microsoft-Windows-Security-SPP,Application,6934,2,,,,,,,,,,,,hr=0x80072EE7,c1a197b6-ba5e-4394-b9bf-b659a6c1b873,,,,,,,,,,,,,,,,,,,,,,,,,,,,,,,,,,,,,,,,,,,,,,,,,,,,,,,,,,
2026-06-02T14:11:06.811970Z,"{'#attributes': {'Qualifiers': 16384}, '#text': 1003}",dc.scaffold.htb,Microsoft-Windows-Security-SPP,Application,6935,4,,,,,,,,,,,,55c92734-d682-4d71-983e-d6ec3f16059f,"
1: c1a197b6-ba5e-4394-b9bf-b659a6c1b873, 1, 1 [(0 [0xC004E003, 0, 0], [( 2 0xC004F00F 0 0 msft:rm/algorithm/hwid/4.0 0x00000000 0)( 1 0x00000000)(?)( 2 0xC004F00F 0 0 msft:rm/algorithm/hwid/4.0 0x00000000 0)(?)(?)( 10 0x00000000 msft:rm/algorithm/flags/1.0)(?)])(1 )(2 )(3 [0x00000000, 0, 0], [( 6 0xC004F009 10 0)( 1 0x00000000)( 6 0xC004F009 10 0)(?)(?)(?)( 10 0x00000000 msft:rm/algorithm/flags/1.0)( 11 0x00000000 0xC004F00F)])]

",,,,,,,,,,,,,,,,,,,,,,,,,,,,,,,,,,,,,,,,,,,,,,,,,,,,,,,,,,
2026-06-02T14:11:06.880543Z,"{'#attributes': {'Qualifiers': 16384}, '#text': 1003}",dc.scaffold.htb,Microsoft-Windows-Security-SPP,Application,6936,4,,,,,,,,,,,,55c92734-d682-4d71-983e-d6ec3f16059f,"
1: c1a197b6-ba5e-4394-b9bf-b659a6c1b873, 1, 1 [(0 [0xC004E003, 0, 0], [( 2 0xC004F00F 0 0 msft:rm/algorithm/hwid/4.0 0x00000000 0)( 1 0x00000000)(?)( 2 0xC004F00F 0 0 msft:rm/algorithm/hwid/4.0 0x00000000 0)(?)(?)( 10 0x00000000 msft:rm/algorithm/flags/1.0)(?)])(1 )(2 )(3 [0x00000000, 0, 0], [( 6 0xC004F009 10 0)( 1 0x00000000)( 6 0xC004F009 10 0)(?)(?)(?)( 10 0x00000000 msft:rm/algorithm/flags/1.0)( 11 0x00000000 0xC004F00F)])]

",,,,,,,,,,,,,,,,,,,,,,,,,,,,,,,,,,,,,,,,,,,,,,,,,,,,,,,,,,
2026-06-02T14:11:06.906482Z,"{'#attributes': {'Qualifiers': 49152}, '#text': 8198}",dc.scaffold.htb,Microsoft-Windows-Security-SPP,Application,6937,2,,,,,,,,,,,,hr=0x80072EE7,RuleId=3482d82e-ca2c-4e1f-8864-da0267b484b2;Action=AutoActivate;AppId=55c92734-d682-4d71-983e-d6ec3f16059f;SkuId=c1a197b6-ba5e-4394-b9bf-b659a6c1b873;NotificationInterval=1440;Trigger=UserLogon;SessionId=1,,,,,,,,,,,,,,,,,,,,,,,,,,,,,,,,,,,,,,,,,,,,,,,,,,,,,,,,,,
2026-06-02T14:11:57.504327Z,1001,dc.scaffold.htb,Microsoft-Windows-LoadPerf,Application,6938,4,,,,,,,,,,,,,,,,,,,,,,,,,,,,,,,,,,,,,,,,,,,,,,,,,,,,,,,,,LoadPerf,7636000077360000D2050000,12,WmiApRpl,,,,WmiApRpl,,,,,,,
2026-06-02T14:11:57.532629Z,1000,dc.scaffold.htb,Microsoft-Windows-LoadPerf,Application,6939,4,,,,,,,,,,,,,,,,,,,,,,,,,,,,,,,,,,,,,,,,,,,,,,,,,,,,,,,,,LoadPerf,783600001E370000793600001F370000,16,WmiApRpl,,,,WmiApRpl,,,,,,,
2026-06-02T14:12:28.715562Z,"{'#attributes': {'Qualifiers': 0}, '#text': 8224}",dc.scaffold.htb,VSS,Application,6940,4,,,,2D20436F64653A2020434F525356434330303030303737382D2043616C6C3A2020434F525356434330303030303736302D205049443A202030303030353330382D205449443A202030303030353332382D20434D443A2020433A5C57696E646F77735C73797374656D33325C76737376632E6578652020202D20557365723A204E616D653A204E5420415554484F524954595C53595354454D2C205349443A532D312D352D313820,,,,,,,,,,,,,,,,,,,,,,,,,,,,,,,,,,,,,,,,,,,,,,,,,,,,,,,,,,,,,,,,,,,
2026-06-02T14:12:55.770988Z,"{'#attributes': {'Qualifiers': 0}, '#text': 0}",dc.scaffold.htb,edgeupdate,Application,6941,4,,,,,,,,,,,Service stopped,,,,,,,,,,,,,,,,,,,,,,,,,,,,,,,,,,,,,,,,,,,,,,,,,,,,,,,,,,,,
2026-06-02T14:15:06.835476Z,"{'#attributes': {'Qualifiers': 0}, '#text': 1}",dc.scaffold.htb,MSSQL$SQLEXPRESS,Application,6942,4,,,,,,,,,,,SqlCeip started  pid: 3696 instance: SQLEXPRESS CPEFlag: True,,,,,,,,,,,,,,,,,,,,,,,,,,,,,,,,,,,,,,,,,,,,,,,,,,,,,,,,,,,,
2026-06-02T14:15:28.398805Z,"{'#attributes': {'Qualifiers': 16384}, '#text': 33090}",dc.scaffold.htb,MSSQL$SQLEXPRESS,Application,6943,4,,,,428100000A0000000E000000440043005C00530051004C0045005800500052004500530053000000070000006D00610073007400650072000000,,,,,,,xplog70.dll,,,,,,,,,,,,,,,,,,,,,,,,,,,,,,,,,,,,,,,,,,,,,,,,,,,,,,,,,,,,
2026-06-02T14:15:28.414292Z,"{'#attributes': {'Qualifiers': 16384}, '#text': 8128}",dc.scaffold.htb,MSSQL$SQLEXPRESS,Application,6944,4,,,,C01F00000A0000000E000000440043005C00530051004C0045005800500052004500530053000000070000006D00610073007400650072000000,,,,,,,,xplog70.dll,2019.150.2000,,,,,,,,,,,xp_msver,,,,,,,,,,,,,,,,,,,,,,,,,,,,,,,,,,,,,,,,,,,,,,,
2026-06-02T14:15:28.592292Z,"{'#attributes': {'Qualifiers': 16384}, '#text': 17137}",dc.scaffold.htb,MSSQL$SQLEXPRESS,Application,6945,4,,,,F14200000A0000000E000000440043005C00530051004C0045005800500052004500530053000000070000006D00610073007400650072000000,,,,,,,ScaffoldPortal,,,,,,,,,,,,,,,,,,,,,,,,,,,,,,,,,,,,,,,,,,,,,,,,,,,,,,,,,,,,
2026-06-02T14:15:28.641418Z,"{'#attributes': {'Qualifiers': 16384}, '#text': 49930}",dc.scaffold.htb,MSSQL$SQLEXPRESS,Application,6946,4,,,,0AC300000A0000000E000000440043005C00530051004C0045005800500052004500530053000000070000006D00610073007400650072000000,,,,,,,,started,ScaffoldPortal,,,,,,,,,,,1,,,,,,,,,,,,,,,,,,,,,,,,,,,,,,,,,,,,,,,,,,,,,,,
2026-06-02T14:15:28.648988Z,"{'#attributes': {'Qualifiers': 16384}, '#text': 49930}",dc.scaffold.htb,MSSQL$SQLEXPRESS,Application,6947,4,,,,0AC300000A0000000E000000440043005C00530051004C0045005800500052004500530053000000070000006D00610073007400650072000000,,,,,,,,shutdown,ScaffoldPortal,,,,,,,,,,,1,,,,,,,,,,,,,,,,,,,,,,,,,,,,,,,,,,,,,,,,,,,,,,,
2026-06-02T14:17:57.502850Z,1001,dc.scaffold.htb,Microsoft-Windows-LoadPerf,Application,6948,4,,,,,,,,,,,,,,,,,,,,,,,,,,,,,,,,,,,,,,,,,,,,,,,,,,,,,,,,,LoadPerf,7636000077360000D2050000,12,WmiApRpl,,,,WmiApRpl,,,,,,,
2026-06-02T14:17:57.525353Z,1000,dc.scaffold.htb,Microsoft-Windows-LoadPerf,Application,6949,4,,,,,,,,,,,,,,,,,,,,,,,,,,,,,,,,,,,,,,,,,,,,,,,,,,,,,,,,,LoadPerf,783600001E370000793600001F370000,16,WmiApRpl,,,,WmiApRpl,,,,,,,
2026-06-02T14:19:18.885356Z,"{'#attributes': {'Qualifiers': 0}, '#text': 102}",dc.scaffold.htb,ESENT,Application,6950,4,,,,,,,,,,,,svchost,"7728,P,98",,,,,,,,,,,DS_Token_DB: ,,,,0,10,00,20348,0000,,,,,,,,,,,,,,,,,,,,,,,,,,,,,,,,,,,,,,,
2026-06-02T14:19:18.885356Z,"{'#attributes': {'Qualifiers': 0}, '#text': 300}",dc.scaffold.htb,ESENT,Application,6951,4,,,,,,,,,,,,svchost,"7728,R,98",,,,,,,,,,,DS_Token_DB: ,,,,,,,,,,,,,,,,,,,,,,,,,,,,,,,,,,,,,,,,,,,,,,,
2026-06-02T14:19:18.885356Z,"{'#attributes': {'Qualifiers': 0}, '#text': 301}",dc.scaffold.htb,ESENT,Application,6952,4,,,,,,,,,,,,svchost,"7728,R,98",,,,,,,,,,,DS_Token_DB: ,,,,C:\Windows\system32\config\systemprofile\AppData\Local\DataSharing\Storage\DSS.log,"
[1] 0.004315 -0.001944 (8) WT +J(CM:0, PgRf:0, Rd:0/0, Dy:0/0, Lg:24336/17) +M(C:0K, Fs:88, WS:208K # 212K, PF:156K # 160K, P:156K).",AttachDB ,2,,,,,,,,,,,,,,,,,,,,,,,,,,,,,,,,,,,,,,,,
2026-06-02T14:19:18.900684Z,"{'#attributes': {'Qualifiers': 0}, '#text': 302}",dc.scaffold.htb,ESENT,Application,6953,4,,,,,,,,,,,,svchost,"7728,U,98",,,,,,,,,,,DS_Token_DB: ,,,,,,,,,,,,,,,,,,,,,,,,,,,,,,,,,,,,,,,,,,,,,,,
2026-06-02T14:19:18.900684Z,"{'#attributes': {'Qualifiers': 0}, '#text': 105}",dc.scaffold.htb,ESENT,Application,6954,4,,,,,,,,,,,,svchost,"7728,D,0",,,,,,,,,,,DS_Token_DB: ,,,,0,0,"
[1] 0.000911 +J(0) +M(C:0K, Fs:210, WS:828K # 828K, PF:3400K # 3400K, P:3400K)
[2] 0.000482 +J(0) +M(C:8K, Fs:101, WS:396K # 396K, PF:324K # 324K, P:324K)
[3] 0.000031 +J(0) +M(C:0K, Fs:4, WS:12K # 12K, PF:68K # 68K, P:68K)
[4] 0.000095 +J(0) +M(C:0K, Fs:25, WS:100K # 100K, PF:172K # 172K, P:172K)
[5] 0.000428 +J(0) +M(C:0K, Fs:11, WS:44K # 44K, PF:28K # 28K, P:28K)
[6] 0.003149 +J(0) +M(C:0K, Fs:68, WS:272K # 272K, PF:48K # 48K, P:48K)
[7] 0.001598 -0.000605 (2) WT +J(0) +M(C:0K, Fs:33, WS:132K # 132K, PF:64K # 64K, P:64K)
[8] 0.006937 -0.002359 (11) WT +J(CM:0, PgRf:0, Rd:0/0, Dy:0/0, Lg:24336/17) +M(C:0K, Fs:117, WS:316K # 320K, PF:248K # 252K, P:248K)
[9] 0.000415 +J(0) +M(C:0K, Fs:5, WS:20K # 16K, PF:4K # 0K, P:4K)
[10] 0.000318 -0.000147 (1) WT +J(0) +M(C:0K, Fs:3, WS:-52K # 8K, PF:8K # 68K, P:8K)
[11] 0.000014 +J(CM:0, PgRf:0, Rd:0/0, Dy:0/0, Lg:49/1) +M(C:0K, Fs:2, WS:8K # 0K, PF:0K # 0K, P:0K)
[12] 0.000016 +J(0)
[13] 0.009247 -0.000317 (2) CM -0.002042 (21) WT +J(CM:2, PgRf:2, Rd:0/2, Dy:0/0, Lg:8759/5) +M(C:0K, Fs:50, WS:76K # 88K, PF:168K # 176K, P:168K)
[14] 0.000010 +J(0)
[15] 0.000008 +J(0)
[16] 0.000197 -0.000061 (1) WT +J(0) +M(C:0K, Fs:2, WS:0K # 0K, PF:0K # 0K, P:0K).","lgposV2[] = 00000004:0001:0000 - 00000004:0006:0039 - 00000004:0007:0000 - 00000004:0007:0000 (00000000:0000:0000)
cReInits = 2
",,,,,,,,,,,,,,,,,,,,,,,,,,,,,,,,,,,,,,,,
2026-06-02T14:19:18.900684Z,"{'#attributes': {'Qualifiers': 0}, '#text': 326}",dc.scaffold.htb,ESENT,Application,6955,4,,,,,,,,,,,,svchost,"7728,D,50",,,,,,,,,,,DS_Token_DB: ,,,,1,C:\Windows\system32\config\systemprofile\AppData\Local\DataSharing\Storage\DSTokenDB2.dat,0,"
[1] 0.000003 +J(0)
[2] 0.000336 -0.000124 (1) WT +J(0) +M(C:0K, Fs:17, WS:4K # 4K, PF:4K # 0K, P:4K)
[3] 0.002131 -0.000540 (6) WT +J(CM:0, PgRf:0, Rd:0/0, Dy:0/0, Lg:3480/2) +M(C:0K, Fs:7, WS:24K # 0K, PF:20K # 0K, P:20K)
[4] 0.000109 +J(0)
[5] -
[6] -
[7] -
[8] 0.000384 -0.000234 (2) CM -0.000127 (2) WT +J(CM:2, PgRf:2, Rd:4/2, Dy:0/0, Lg:54/1) +M(C:8K, Fs:3, WS:12K # 0K, PF:28K # 0K, P:28K)
[9] 0.000870 -0.000638 (3) CM -0.000487 (3) WT +J(CM:3, PgRf:23, Rd:0/3, Dy:0/0, Lg:0/0) +M(C:0K, Fs:32, WS:120K # 96K, PF:200K # 192K, P:200K)
[10] 0.000481 -0.000379 (3) CM -0.000244 (3) WT +J(CM:3, PgRf:40, Rd:0/3, Dy:0/0, Lg:0/0) +M(C:0K, Fs:4, WS:16K # 12K, PF:64K # 56K, P:64K)
[11] 0.000134 -0.000107 (1) CM -0.000058 (1) WT +J(CM:1, PgRf:1, Rd:0/1, Dy:0/0, Lg:0/0) +M(C:0K, Fs:3, WS:12K # 12K, PF:0K # 0K, P:0K)
[12] 0.000167 -0.000124 (1) CM -0.000077 (1) WT +J(CM:1, PgRf:42, Rd:0/1, Dy:0/0, Lg:0/0) +M(C:0K, Fs:5, WS:20K # 20K, PF:0K # 0K, P:0K)
[13] 0.000001 +J(0)
[14] 0.0 +J(0)
[15] 0.000108 -0.000097 (1) CM -0.000059 (1) WT +J(CM:1, PgRf:1, Rd:0/1, Dy:0/0, Lg:0/0).",1 0,"lgposAttach = 00000004:0009:0268,
dbv = 1568.180.400 (9360)",,,,,,,,,,,,,,,,,,,,,,,,,,,,,,,,,,,,,,
2026-06-02T14:20:01.417878Z,"{'#attributes': {'Qualifiers': 0}, '#text': 0}",dc.scaffold.htb,edgeupdate,Application,6956,4,,,,,,,,,,,Service stopped,,,,,,,,,,,,,,,,,,,,,,,,,,,,,,,,,,,,,,,,,,,,,,,,,,,,,,,,,,,,
2026-06-02T14:29:57.228125Z,"{'#attributes': {'Qualifiers': 32768}, '#text': 6000}",dc.scaffold.htb,Microsoft-Windows-Winlogon,Application,6957,4,,,,D9060000,,,,,,,WSearch,,,,,,,,,,,,,,,,,,,,,,,,,,,,,,,,,,,,,,,,,,,,,,,,,,,,,,,,,,,,
2026-06-02T14:29:57.243810Z,"{'#attributes': {'Qualifiers': 32768}, '#text': 6000}",dc.scaffold.htb,Microsoft-Windows-Winlogon,Application,6958,4,,,,D9060000,,,,,,,SessionEnv,,,,,,,,,,,,,,,,,,,,,,,,,,,,,,,,,,,,,,,,,,,,,,,,,,,,,,,,,,,,
2026-06-02T14:29:57.322113Z,"{'#attributes': {'Qualifiers': 0}, '#text': 260}",dc.scaffold.htb,VMUpgradeHelper,Application,6959,4,,,,,,,,,,,,,,,,,,,,,,,,,,,,,,,,,,,,,,,,,,,,,,,,,,,,,,,,,,,,,,,,,,,,,,,
2026-06-02T14:29:57.322113Z,"{'#attributes': {'Qualifiers': 0}, '#text': 272}",dc.scaffold.htb,VMUpgradeHelper,Application,6960,4,,,,,,,,,,,,,,,,,,,,,,,,,,,,,,,,,,,,,,,,,,,,,,,,,,,,,,,,,,,,,,,,,,,,,,,
2026-06-02T14:29:57.337573Z,"{'#attributes': {'Qualifiers': 0}, '#text': 108}",dc.scaffold.htb,VMTools,Application,6961,4,,,,,,,,,,,,,,,,,,,,,,,,,,,,,,,,,,,,,,,,,,,,,,,,,,,,,,,,,,,,,,,,,,,,,,,
2026-06-02T14:29:57.431254Z,"{'#attributes': {'Qualifiers': 16384}, '#text': 17147}",dc.scaffold.htb,MSSQL$SQLEXPRESS,Application,6962,4,,,,FB4200000A0000000E000000440043005C00530051004C004500580050005200450053005300000000000000,,,,,,,,,,,,,,,,,,,,,,,,,,,,,,,,,,,,,,,,,,,,,,,,,,,,,,,,,,,,,,,,,,,
2026-06-02T14:29:57.447234Z,"{'#attributes': {'Qualifiers': 16384}, '#text': 4111}",dc.scaffold.htb,Microsoft-Windows-MSDTC,Application,6963,4,,,,4D005300440054004300,,,,,,,,,,,,,,,,,,,,,,,,,,,,,,,,,,,,,,,,,,,,,,,,,,,,,,,,,,,,,,,,,,,
2026-06-02T14:29:57.447234Z,"{'#attributes': {'Qualifiers': 0}, '#text': 0}",dc.scaffold.htb,Microsoft Deployment Toolkit Monitor Service,Application,6964,4,,,,,,,,,,,Service has been successfully shut down.,,,,,,,,,,,,,,,,,,,,,,,,,,,,,,,,,,,,,,,,,,,,,,,,,,,,,,,,,,,,
2026-06-02T14:29:57.462527Z,"{'#attributes': {'Qualifiers': 16384}, '#text': 903}",dc.scaffold.htb,Microsoft-Windows-Security-SPP,Application,6965,0,,,,,,,,,,,,,,,,,,,,,,,,,,,,,,,,,,,,,,,,,,,,,,,,,,,,,,,,,,,,,,,,,,,,,,,
2026-06-02T14:29:57.462527Z,"{'#attributes': {'Qualifiers': 0}, '#text': 13}",dc.scaffold.htb,VSS,Application,6966,2,,,,2D20436F64653A20575254575254494330303030343932332D2043616C6C3A20575254575254494330303030343931362D205049443A202030303030323935322D205449443A202030303030313831322D20434D443A2020433A5C57696E646F77735C73797374656D33325C737663686F73742E657865202D6B204E6574776F726B53657276696365202D70202D732043727970745376632D20557365723A204E616D653A204E5420415554484F524954595C4E4554574F524B20534552564943452C205349443A532D312D352D3230,,,,,,,,{4e14fba2-2e22-11d1-9964-00c04fbbb345},CEventSystem,,,,,,,,,,,"0x8007045b, A system shutdown is in progress.
",,,,,,,,,,,,,,,,,,,,,,,,,,,,,,,,,,,,,,,,,,,,,,,
2026-06-02T14:29:57.501872Z,1532,dc.scaffold.htb,Microsoft-Windows-User Profiles Service,Application,6967,4,,,,,,,,,,,,,,,,,,,,,,,,,,,,,,,,,,,,,,,,,,,,,,,,,,,,,,,,,,,,,,,,,,,,,,,
2026-06-02T14:29:57.615263Z,38,dc.scaffold.htb,Microsoft-Windows-CertificationAuthority,Application,6968,4,,,,,,scaffold-DC-CA,,,,,,,,,,,,,,,,,,,,,,,,,,,,,,,,,,,,,,,,,,,,,,,,,,MSG_I_SERVER_STOPPED,,,,,,,,,,,,,,,
2026-07-09T05:40:59.069374Z,1531,dc.scaffold.htb,Microsoft-Windows-User Profiles Service,Application,6969,4,,,,,,,,,,,,,,,,,,,,,,,,,,,,,,,,,,,,,,,,,,,,,,,,,,,,,,,,,,,,,,,,,,,,,,,
2026-07-09T05:41:09.122239Z,"{'#attributes': {'Qualifiers': 0}, '#text': 105}",dc.scaffold.htb,VMTools,Application,6970,4,,,,,,,,,,,,,,,,,,,,,,,,,,,,,,,,,,,,,,,,,,,,,,,,,,,,,,,,,,,,,,,,,,,,,,,
2026-07-09T05:41:09.340983Z,"{'#attributes': {'Qualifiers': 16641}, '#text': 1025}",dc.scaffold.htb,WDSServer,Application,6971,4,,,,,,,,,,,5040,,,,,,,,,,,,,,,,,,,,,,,,,,,,,,,,,,,,,,,,,,,,,,,,,,,,,,,,,,,,
2026-07-09T05:41:09.653484Z,"{'#attributes': {'Qualifiers': 16641}, '#text': 517}",dc.scaffold.htb,WDSServer,Application,6972,4,,,,,,,,,,,,WDSMC,C:\Windows\system32\wdsmc.dll,,,,,,,,,,,,,,,,,,,,,,,,,,,,,,,,,,,,,,,,,,,,,,,,,,,,,,,,,,
2026-07-09T05:41:09.762860Z,"{'#attributes': {'Qualifiers': 0}, '#text': 102}",dc.scaffold.htb,ESENT,Application,6973,4,,,,,,,,,,,,svchost,"2436,P,98",,,,,,,,,,,WDS: ,,,,0,10,00,20348,0000,,,,,,,,,,,,,,,,,,,,,,,,,,,,,,,,,,,,,,,
2026-07-09T05:41:09.794111Z,"{'#attributes': {'Qualifiers': 0}, '#text': 300}",dc.scaffold.htb,ESENT,Application,6974,4,,,,,,,,,,,,svchost,"2436,R,98",,,,,,,,,,,WDS: ,,,,,,,,,,,,,,,,,,,,,,,,,,,,,,,,,,,,,,,,,,,,,,,
2026-07-09T05:41:09.718785Z,5615,dc.scaffold.htb,Microsoft-Windows-WMI,Application,6975,4,,,,,,,,,,,,,,,,,,,,,,,,,,,,,,,,,,,,,,,,,,,,,,,,,,,,,,,,,,,,,,,,,,,,,,,
2026-07-09T05:41:09.825360Z,"{'#attributes': {'Qualifiers': 0}, '#text': 335}",dc.scaffold.htb,ESENT,Application,6976,4,,,,,,,,,,,,svchost,"2436,R,98",,,,,,,,,,,WDS: ,,,,Create,C:\RemoteInstall\Stores\Metadata\WDSMD.mdb,"(00000001,0001,0268)",AttachFuture,,,,,,,,,,,,,,,,,,,,,,,,,,,,,,,,,,,,,,,,
2026-07-09T05:41:09.887860Z,"{'#attributes': {'Qualifiers': 16384}, '#text': 900}",dc.scaffold.htb,Microsoft-Windows-Security-SPP,Application,6977,4,,,,,,,,,,,TriggerStarted:6,,,,,,,,,,,,,,,,,,,,,,,,,,,,,,,,,,,,,,,,,,,,,,,,,,,,,,,,,,,,
2026-07-09T05:41:09.919112Z,"{'#attributes': {'Qualifiers': 0}, '#text': 301}",dc.scaffold.htb,ESENT,Application,6978,4,,,,,,,,,,,,svchost,"2436,R,98",,,,,,,,,,,WDS: ,,,,C:\RemoteInstall\Stores\Metadata\WDS.log,"
[1] 0.108593 -0.086619 (50) WT +J(CM:0, PgRf:0, Rd:0/0, Dy:0/0, Lg:519092/1002) +M(C:0K, Fs:899, WS:232K # 264K, PF:168K # 200K, P:168K).",Insert   ,277,,,,,,,,,,,,,,,,,,,,,,,,,,,,,,,,,,,,,,,,
2026-07-09T05:41:10.028482Z,"{'#attributes': {'Qualifiers': 0}, '#text': 302}",dc.scaffold.htb,ESENT,Application,6979,4,,,,,,,,,,,,svchost,"2436,U,98",,,,,,,,,,,WDS: ,,,,,,,,,,,,,,,,,,,,,,,,,,,,,,,,,,,,,,,,,,,,,,,
2026-07-09T05:41:10.215986Z,"{'#attributes': {'Qualifiers': 0}, '#text': 105}",dc.scaffold.htb,ESENT,Application,6980,4,,,,,,,,,,,,svchost,"2436,D,0",,,,,,,,,,,WDS: ,,,,0,0,"
[1] 0.001013 +J(0) +M(C:0K, Fs:179, WS:700K # 700K, PF:4512K # 4512K, P:4512K)
[2] 0.000612 +J(0) +M(C:64K, Fs:148, WS:584K # 584K, PF:1252K # 1252K, P:1252K)
[3] 0.001925 +J(0) +M(C:0K, Fs:10, WS:36K # 36K, PF:68K # 72K, P:68K)
[4] 0.000190 +J(0) +M(C:0K, Fs:22, WS:88K # 88K, PF:228K # 224K, P:228K)
[5] 0.000731 +J(0) +M(C:0K, Fs:9, WS:36K # 36K, PF:16K # 16K, P:16K)
[6] 0.004517 +J(0) +M(C:0K, Fs:23, WS:92K # 92K, PF:12K # 12K, P:12K)
[7] 0.029415 -0.019654 (11) WT +J(0) +M(C:0K, Fs:1299, WS:5188K # 5188K, PF:5128K # 5128K, P:5128K)
[8] 0.124433 -0.088123 (53) WT +J(CM:0, PgRf:0, Rd:0/0, Dy:0/0, Lg:519092/1002) +M(C:0K, Fs:941, WS:392K # 424K, PF:248K # 280K, P:248K)
[9] 0.000604 +J(0) +M(C:0K, Fs:4, WS:16K # 0K, PF:4K # 0K, P:4K)
[10] 0.010774 -0.008953 (10) WT +J(0) +M(C:0K, Fs:0, WS:-5116K # 0K, PF:-5120K # 0K, P:-5120K)
[11] 0.000037 +J(CM:0, PgRf:0, Rd:0/0, Dy:0/0, Lg:49/1) +M(C:0K, Fs:2, WS:8K # 0K, PF:0K # 0K, P:0K)
[12] 0.000034 +J(0)
[13] 0.281786 -0.006304 (2) CM -0.109314 (31) WT +J(CM:2, PgRf:2, Rd:0/2, Dy:0/0, Lg:8759/5) +M(C:-56K, Fs:1350, WS:44K # 40K, PF:76K # 64K, P:76K)
[14] 0.000027 +J(0)
[15] 0.000045 +J(0)
[16] 0.001376 -0.001207 (1) WT +J(0) +M(C:0K, Fs:2, WS:0K # 0K, PF:0K # 0K, P:0K).","lgposV2[] = 00000001:0001:0000 - 00000001:0080:0309 - 00000001:0081:0000 - 00000001:0081:0000 (00000000:0000:0000)
cReInits = 35
",,,,,,,,,,,,,,,,,,,,,,,,,,,,,,,,,,,,,,,,
2026-07-09T05:41:10.387858Z,"{'#attributes': {'Qualifiers': 0}, '#text': 326}",dc.scaffold.htb,ESENT,Application,6981,4,,,,,,,,,,,,svchost,"2436,D,50",,,,,,,,,,,WDS: ,,,,1,C:\RemoteInstall\Stores\Metadata\WDSMD.mdb,0,"
[1] 0.000002 +J(0)
[2] 0.002537 -0.002346 (1) WT +J(0) +M(C:0K, Fs:24, WS:32K # 0K, PF:32K # 0K, P:32K)
[3] 0.071254 -0.064108 (6) WT +J(CM:0, PgRf:0, Rd:0/0, Dy:0/0, Lg:3480/2) +M(C:0K, Fs:14, WS:24K # 0K, PF:20K # 0K, P:20K)
[4] 0.000084 +J(0)
[5] -
[6] -
[7] -
[8] 0.023812 -0.023572 (2) CM -0.023493 (2) WT +J(CM:2, PgRf:2, Rd:4/2, Dy:0/0, Lg:54/1) +M(C:120K, Fs:46, WS:128K # 0K, PF:140K # 0K, P:140K)
[9] 0.068444 -0.068164 (3) CM -0.068045 (3) WT +J(CM:3, PgRf:16, Rd:0/2, Dy:0/0, Lg:0/0) +M(C:-16K, Fs:40, WS:80K # 0K, PF:208K # 0K, P:208K)
[10] 0.004938 -0.004849 (1) CM -0.004809 (1) WT +J(CM:1, PgRf:35, Rd:0/1, Dy:0/0, Lg:0/0) +M(C:-28K, Fs:5, WS:-12K # 0K, PF:40K # 0K, P:40K)
[11] 0.000012 +J(CM:0, PgRf:1, Rd:0/0, Dy:0/0, Lg:0/0) +M(C:0K, Fs:3, WS:12K # 0K, PF:0K # 0K, P:0K)
[12] 0.000027 +J(CM:0, PgRf:42, Rd:0/0, Dy:0/0, Lg:0/0) +M(C:0K, Fs:1, WS:4K # 0K, PF:0K # 0K, P:0K)
[13] 0.0 +J(0)
[14] 0.0 +J(0)
[15] 0.000003 +J(CM:0, PgRf:1, Rd:0/0, Dy:0/0, Lg:0/0).",1 0,"lgposAttach = 00000001:0083:0268,
dbv = 1568.180.400 (9360)",,,,,,,,,,,,,,,,,,,,,,,,,,,,,,,,,,,,,,
2026-07-09T05:41:10.419108Z,"{'#attributes': {'Qualifiers': 16641}, '#text': 517}",dc.scaffold.htb,WDSServer,Application,6982,4,,,,,,,,,,,,WDSMDMGR,C:\Windows\system32\wdsmdmgr.dll,,,,,,,,,,,,,,,,,,,,,,,,,,,,,,,,,,,,,,,,,,,,,,,,,,,,,,,,,,
2026-07-09T05:41:10.419108Z,"{'#attributes': {'Qualifiers': 49152}, '#text': 16394}",dc.scaffold.htb,Microsoft-Windows-Security-SPP,Application,6983,4,,,,,,,,,,,,,,,,,,,,,,,,,,,,,,,,,,,,,,,,,,,,,,,,,,,,,,,,,,,,,,,,,,,,,,,
2026-07-09T05:41:10.450359Z,"{'#attributes': {'Qualifiers': 16641}, '#text': 517}",dc.scaffold.htb,WDSServer,Application,6984,4,,,,,,,,,,,,WDSTFTP,C:\Windows\system32\wdstftp.dll,,,,,,,,,,,,,,,,,,,,,,,,,,,,,,,,,,,,,,,,,,,,,,,,,,,,,,,,,,
2026-07-09T05:41:10.622236Z,"{'#attributes': {'Qualifiers': 16384}, '#text': 1066}",dc.scaffold.htb,Microsoft-Windows-Security-SPP,Application,6985,4,,,,,,,,,,,"C:\Windows\system32\sppwinob.dll, msft:spp/windowsfunctionality/agent/7.0, 0x00000000, 0x00000000
C:\Windows\system32\sppobjs.dll, msft:rm/algorithm/inherited/1.0, 0x00000000, 0x00000000
C:\Windows\system32\sppobjs.dll, msft:rm/algorithm/phone/1.0, 0x00000000, 0x00000000
C:\Windows\system32\sppobjs.dll, msft:rm/algorithm/pkey/detect, 0x00000000, 0x00000000
C:\Windows\system32\sppobjs.dll, msft:spp/ActionScheduler/1.0, 0x00000000, 0x00000000
C:\Windows\system32\sppobjs.dll, msft:spp/TaskScheduler/1.0, 0x00000000, 0x00000000
C:\Windows\system32\sppobjs.dll, msft:spp/statecollector/pkey, 0x00000000, 0x00000000
C:\Windows\system32\sppobjs.dll, msft:spp/volume/services/kms/1.0, 0x00000000, 0x00000000
C:\Windows\system32\sppobjs.dll, msft:spp/volume/services/kms/activationinfo/1.0, 0x00000000, 0x00000000
",,,,,,,,,,,,,,,,,,,,,,,,,,,,,,,,,,,,,,,,,,,,,,,,,,,,,,,,,,,,
2026-07-09T05:41:11.200358Z,"{'#attributes': {'Qualifiers': 16384}, '#text': 1040}",dc.scaffold.htb,Microsoft-Windows-Security-SPP,Application,6986,4,,,,5A0000000A002C0000000000030001000100010000000000010001000000E861C8A70C5CE6B7DFE04E89FC1467B0B9295ED60D0001000101000201000301000401000500000601000700000801000901000A01000B00000C01002A0000000000030001000100010000000000000001000000E861C49D0C5CE6B7DFE0AEEAFC1467B0C6EF,,,,,,,,55c92734-d682-4d71-983e-d6ec3f16059f,c1a197b6-ba5e-4394-b9bf-b659a6c1b873,,,,,,,,,,,,,,,,,,,,,,,,,,,,,,,,,,,,,,,,,,,,,,,,,,,,,,,,,,
2026-07-09T05:41:10.630824Z,91,dc.scaffold.htb,Microsoft-Windows-CertificationAuthority,Application,6987,2,,,,,,,,,,,,,,,,,,,,,,,,,,,,,,,,,,,,,,,,,,,MSG_E_DS_RETRY,,,,,,,,,,,,,,,,,,,,,,,,,,,,
2026-07-09T05:41:11.700359Z,"{'#attributes': {'Qualifiers': 16384}, '#text': 1003}",dc.scaffold.htb,Microsoft-Windows-Security-SPP,Application,6988,4,,,,,,,,,,,,55c92734-d682-4d71-983e-d6ec3f16059f,"
1: c1a197b6-ba5e-4394-b9bf-b659a6c1b873, 1, 1 [(0 [0xC004E003, 0, 0], [( 2 0xC004F00F 0 0 msft:rm/algorithm/hwid/4.0 0x00000000 0)( 1 0x00000000)(?)( 2 0xC004F00F 0 0 msft:rm/algorithm/hwid/4.0 0x00000000 0)(?)(?)( 10 0x00000000 msft:rm/algorithm/flags/1.0)(?)])(1 )(2 )(3 [0x00000000, 0, 0], [( 6 0xC004F009 10 0)( 1 0x00000000)( 6 0xC004F009 10 0)(?)(?)(?)( 10 0x00000000 msft:rm/algorithm/flags/1.0)( 11 0x00000000 0xC004F00F)])]

",,,,,,,,,,,,,,,,,,,,,,,,,,,,,,,,,,,,,,,,,,,,,,,,,,,,,,,,,,
2026-07-09T05:41:11.747240Z,"{'#attributes': {'Qualifiers': 16384}, '#text': 902}",dc.scaffold.htb,Microsoft-Windows-Security-SPP,Application,6989,0,,,,,,,,,,,10.0.20348.587,,,,,,,,,,,,,,,,,,,,,,,,,,,,,,,,,,,,,,,,,,,,,,,,,,,,,,,,,,,,
2026-07-09T05:41:12.247237Z,"{'#attributes': {'Qualifiers': 0}, '#text': 100}",dc.scaffold.htb,WLMS,Application,6990,4,,,,,,,,,,,,,,,,,,,,,,,,,,,,,,,,,,,,,,,,,,,,,,,,,,,,,,,,,,,,,,,,,,,,,,,
2026-07-09T05:41:12.559739Z,"{'#attributes': {'Qualifiers': 0}, '#text': 102}",dc.scaffold.htb,ESENT,Application,6991,4,,,,,,,,,,,,certsrv.exe,"2732,P,98",,,,,,,,,,,,,,,0,10,00,20348,0000,,,,,,,,,,,,,,,,,,,,,,,,,,,,,,,,,,,,,,,
2026-07-09T05:41:12.637863Z,"{'#attributes': {'Qualifiers': 0}, '#text': 105}",dc.scaffold.htb,ESENT,Application,6992,4,,,,,,,,,,,,certsrv.exe,"2732,D,0",,,,,,,,,,,,,,,0,0,"
[1] 0.281613 +J(0) +M(C:0K, Fs:177, WS:696K # 696K, PF:2892K # 2624K, P:2892K)
[2] 0.001314 +J(0) +M(C:3200K, Fs:138, WS:540K # 540K, PF:3664K # 3664K, P:3664K)
[3] 0.000020 +J(0) +M(C:0K, Fs:3, WS:12K # 12K, PF:64K # 64K, P:64K)
[4] 0.000137 +J(0) +M(C:0K, Fs:21, WS:80K # 80K, PF:508K # 508K, P:508K)
[5] 0.002020 +J(0) +M(C:0K, Fs:8, WS:32K # 32K, PF:20K # 20K, P:20K)
[6] 0.005735 +J(0) +M(C:0K, Fs:29, WS:116K # 116K, PF:12K # 12K, P:12K)
[7] 0.016384 -0.012721 (3) WT +J(0) +M(C:0K, Fs:275, WS:1096K # 1096K, PF:1028K # 1028K, P:1028K)
[8] -
[9] -
[10] -
[11] -
[12] -
[13] 0.052311 -0.008698 (4) WT +J(CM:0, PgRf:0, Rd:0/0, Dy:0/0, Lg:616/1) +M(C:0K, Fs:6, WS:-1008K # 16K, PF:-1024K # 12K, P:-1024K)
[14] 0.000022 +J(0)
[15] 0.000179 +J(0) +M(C:0K, Fs:100, WS:400K # 0K, PF:64K # 0K, P:64K)
[16] 0.000929 -0.000699 (1) WT +J(0) +M(C:0K, Fs:3, WS:4K # 0K, PF:0K # 0K, P:0K).",,,,,,,,,,,,,,,,,,,,,,,,,,,,,,,,,,,,,,,,,
2026-07-09T05:41:13.075854Z,"{'#attributes': {'Qualifiers': 0}, '#text': 326}",dc.scaffold.htb,ESENT,Application,6993,4,,,,,,,,,,,,certsrv.exe,"2732,D,50",,,,,,,,,,,,,,,1,C:\Windows\system32\CertLog\scaffold-DC-CA.edb,0,"
[1] 0.000006 +J(0) +M(C:0K, Fs:1, WS:4K # 0K, PF:0K # 0K, P:0K)
[2] 0.001719 -0.001395 (1) WT +J(0) +M(C:0K, Fs:18, WS:8K # 0K, PF:4K # 0K, P:4K)
[3] 0.424181 -0.414943 (6) WT +J(CM:0, PgRf:0, Rd:0/0, Dy:0/0, Lg:3480/2) +M(C:0K, Fs:27, WS:96K # 0K, PF:124K # 0K, P:124K)
[4] 0.000531 +J(0)
[5] -
[6] -
[7] -
[8] 0.001243 -0.000934 (2) CM -0.000846 (2) WT +J(CM:2, PgRf:2, Rd:14/2, Dy:0/0, Lg:54/1) +M(C:0K, Fs:39, WS:156K # 0K, PF:148K # 0K, P:148K)
[9] 0.001777 -0.001415 (3) CM -0.001307 (3) WT +J(CM:3, PgRf:23, Rd:0/2, Dy:0/0, Lg:0/0) +M(C:0K, Fs:33, WS:132K # 0K, PF:220K # 0K, P:220K)
[10] 0.000389 -0.000217 (1) CM -0.000157 (1) WT +J(CM:1, PgRf:40, Rd:0/1, Dy:0/0, Lg:0/0) +M(C:0K, Fs:6, WS:24K # 0K, PF:64K # 0K, P:64K)
[11] 0.000021 +J(CM:0, PgRf:1, Rd:0/0, Dy:0/0, Lg:0/0) +M(C:0K, Fs:4, WS:16K # 0K, PF:0K # 0K, P:0K)
[12] 0.000046 +J(CM:0, PgRf:42, Rd:0/0, Dy:0/0, Lg:0/0) +M(C:0K, Fs:1, WS:4K # 0K, PF:0K # 0K, P:0K)
[13] 0.000001 +J(0)
[14] 0.0 +J(0)
[15] 0.000005 +J(CM:0, PgRf:1, Rd:0/0, Dy:0/0, Lg:0/0).",0 0,"lgposAttach = 00000004:00DB:0268,
dbv = 1568.180.400 (9360)",,,,,,,,,,,,,,,,,,,,,,,,,,,,,,,,,,,,,,
2026-07-09T05:41:14.075365Z,"{'#attributes': {'Qualifiers': 16384}, '#text': 17069}",dc.scaffold.htb,MSSQL$SQLEXPRESS,Application,6994,4,,,,AD4200000A0000000E000000440043005C00530051004C004500580050005200450053005300000000000000,,,,,,,"Microsoft SQL Server 2019 (RTM) - 15.0.2000.5 (X64) 
	Sep 24 2019 13:48:23 
	Copyright (C) 2019 Microsoft Corporation
	Express Edition (64-bit) on Windows Server 2022 Standard Evaluation 10.0 <X64> (Build 20348: ) (Hypervisor)
",,,,,,,,,,,,,,,,,,,,,,,,,,,,,,,,,,,,,,,,,,,,,,,,,,,,,,,,,,,,
2026-07-09T05:41:14.075365Z,"{'#attributes': {'Qualifiers': 16384}, '#text': 49916}",dc.scaffold.htb,MSSQL$SQLEXPRESS,Application,6995,4,,,,FCC200000A0000000E000000440043005C00530051004C004500580050005200450053005300000000000000,,,,,,,,-7,00,,,,,,,,,,,,,,,,,,,,,,,,,,,,,,,,,,,,,,,,,,,,,,,,,,,,,,,,,,
2026-07-09T05:41:14.075365Z,"{'#attributes': {'Qualifiers': 16384}, '#text': 17101}",dc.scaffold.htb,MSSQL$SQLEXPRESS,Application,6996,4,,,,CD4200000A0000000E000000440043005C00530051004C004500580050005200450053005300000000000000,,,,,,,,,,,,,,,,,,,,,,,,,,,,,,,,,,,,,,,,,,,,,,,,,,,,,,,,,,,,,,,,,,,
2026-07-09T05:41:14.075365Z,"{'#attributes': {'Qualifiers': 16384}, '#text': 17103}",dc.scaffold.htb,MSSQL$SQLEXPRESS,Application,6997,4,,,,CF4200000A0000000E000000440043005C00530051004C004500580050005200450053005300000000000000,,,,,,,,,,,,,,,,,,,,,,,,,,,,,,,,,,,,,,,,,,,,,,,,,,,,,,,,,,,,,,,,,,,
2026-07-09T05:41:14.075365Z,"{'#attributes': {'Qualifiers': 16384}, '#text': 17104}",dc.scaffold.htb,MSSQL$SQLEXPRESS,Application,6998,4,,,,D04200000A0000000E000000440043005C00530051004C004500580050005200450053005300000000000000,,,,,,,3448,,,,,,,,,,,,,,,,,,,,,,,,,,,,,,,,,,,,,,,,,,,,,,,,,,,,,,,,,,,,
2026-07-09T05:41:14.075365Z,"{'#attributes': {'Qualifiers': 16384}, '#text': 18496}",dc.scaffold.htb,MSSQL$SQLEXPRESS,Application,6999,4,,,,404800000A0000000E000000440043005C00530051004C004500580050005200450053005300000000000000,,,,,,,,"VMware, Inc.","VMware20,1",,,,,,,,,,,,,,,,,,,,,,,,,,,,,,,,,,,,,,,,,,,,,,,,,,,,,,,,,,
2026-07-09T05:41:14.090988Z,"{'#attributes': {'Qualifiers': 16384}, '#text': 15268}",dc.scaffold.htb,MSSQL$SQLEXPRESS,Application,7000,4,,,,A43B00000A0000000E000000440043005C00530051004C004500580050005200450053005300000000000000,,,,,,,MIXED,,,,,,,,,,,,,,,,,,,,,,,,,,,,,,,,,,,,,,,,,,,,,,,,,,,,,,,,,,,,
2026-07-09T05:41:14.090988Z,"{'#attributes': {'Qualifiers': 16384}, '#text': 17111}",dc.scaffold.htb,MSSQL$SQLEXPRESS,Application,7001,4,,,,D74200000A0000000E000000440043005C00530051004C004500580050005200450053005300000000000000,,,,,,,C:\Program Files\Microsoft SQL Server\MSSQL15.SQLEXPRESS\MSSQL\Log\ERRORLOG,,,,,,,,,,,,,,,,,,,,,,,,,,,,,,,,,,,,,,,,,,,,,,,,,,,,,,,,,,,,
2026-07-09T05:41:14.090988Z,"{'#attributes': {'Qualifiers': 16384}, '#text': 49904}",dc.scaffold.htb,MSSQL$SQLEXPRESS,Application,7002,4,,,,F0C200000A0000000E000000440043005C00530051004C004500580050005200450053005300000000000000,,,,,,,NT Service\MSSQL$SQLEXPRESS,,,,,,,,,,,,,,,,,,,,,,,,,,,,,,,,,,,,,,,,,,,,,,,,,,,,,,,,,,,,
2026-07-09T05:41:14.106613Z,"{'#attributes': {'Qualifiers': 16384}, '#text': 17110}",dc.scaffold.htb,MSSQL$SQLEXPRESS,Application,7003,4,,,,D64200000A0000000E000000440043005C00530051004C004500580050005200450053005300000000000000,,,,,,,"
	 -d C:\Program Files\Microsoft SQL Server\MSSQL15.SQLEXPRESS\MSSQL\DATA\master.mdf
	 -e C:\Program Files\Microsoft SQL Server\MSSQL15.SQLEXPRESS\MSSQL\Log\ERRORLOG
	 -l C:\Program Files\Microsoft SQL Server\MSSQL15.SQLEXPRESS\MSSQL\DATA\mastlog.ldf",,,,,,,,,,,,,,,,,,,,,,,,,,,,,,,,,,,,,,,,,,,,,,,,,,,,,,,,,,,,
2026-07-09T05:41:14.106613Z,"{'#attributes': {'Qualifiers': 16384}, '#text': 17115}",dc.scaffold.htb,MSSQL$SQLEXPRESS,Application,7004,4,,,,DB4200000A0000000E000000440043005C00530051004C004500580050005200450053005300000000000000,,,,,,,"
	 -s ""SQLEXPRESS""",,,,,,,,,,,,,,,,,,,,,,,,,,,,,,,,,,,,,,,,,,,,,,,,,,,,,,,,,,,,
