2026-06-01T18:42:27.225214Z,"{'#attributes': {'Qualifiers': 49152}, '#text': 8200}",dc.scaffold.htb,Microsoft-Windows-Security-SPP,Application,6561,2,,,,,,,,,,,,hr=0x80072EE7,"00010001(0x00000000, 11:42:27:209 - https://activation-v2.sls.microsoft.com/SLActivateProduct/SLActivateProduct.asmx?configextension=Retail)
00020001(0x00000000, 11:42:27:209)
00030001(0x00000000, 11:42:27:225 - https://activation-v2.sls.microsoft.com)
00030002(0x00000000, 11:42:27:225 - 0)
00040001(0x00000000, 11:42:27:225 - https://activation-v2.sls.microsoft.com)
00040002(0x00000000, 11:42:27:225 - 1, <NULL>, <NULL>, <NULL>)
00050002(0x80072F94, 11:42:27:225 - 0, 1)
00040006(0x00000001, 11:42:27:225 - 0, https://activation-v2.sls.microsoft.com, <N/A>, <N/A>)
00020005(0x00000000, 11:42:27:225 - 0)
00020008(0x80072EE7, 11:42:27:225 - SOAPAction: ""http://microsoft.com/SL/ProductActivationService/IssueToken""
Content-Type: text/xml; charset=utf-8
, <soap:Envelope xmlns:soap=""http://schemas.xmlsoap.org/soap/envelope/"" xmlns:xsi=""http://www.w3.org/2001/XMLSchema-instance"" xmlns:xsd=""http://www.w3.org/2001/XMLSchema"" xmlns:soapenc=""http://schemas.xmlsoap.org/soap/encoding/""><soap:Body><RequestSecurityToken xmlns=""http://schemas.xmlsoap.org/ws/2004/04/security/trust""><TokenType>ProductActivation</TokenType><RequestType>http://schemas.xmlsoap.org/ws/2004/04/security/trust/Issue</RequestType><UseKey><Values xmlns:q1=""http://schemas.xmlsoap.org/ws/2004/04/security/trust"" soapenc:arrayType=""q1:TokenEntry[1]""><TokenEntry><Name>PublishLicense</Name><Value>NUiAzYUkoRXLaaTPpeDaEvRHmaNncszx0XEeWqxAe1TXkEKovpneNe07WEGQGoJMtc5RZMbTo+pOGYdN68+ijvUU7RkIewxL2c/hKT1Sa7XT760Nz9arMbr1bkKCQip05zkHV04nHC5yrJBYM8hkPMfrYyO/CqXXQIlURUgdc2KtbDoHsA8jvVFXo7pUUqb6qR/BIKEPJUUr0abUxAnr2bcECsIuav5w5tg/qL8wgfIS+R7rNZO05a0JM+FNp7JpFmsJR5SAkvfvH3O9Wx80r+ynPMslVnONESOlOtWz7NKrRvz0qit5ulf1J7LuOWlrSd+tW+T8Y3pEDsDxq3ubywnofF+6a6Uee1DDcpkvyNSW8T8QPOqB36GCXESATK3ESYkVeZkUKhXJDRozvgHykvt5bkkAeHYgY/0+BJowid6D00ITDigF/RYcu9V9byaPfvfPihKwRlHz3H3s1FbiFxdipuB4WFrryAW/l9Z9al0wHFBXdNnj1N8DtqO8w5gAZVeCCIcPzpl0jEWrtl53zWZFYzW1RwMVC5ySA6ak13y29Mo7GuZKlTvD3hStzK7d/y1tIlBlauql7u5BORUZrQX7kcu1tpMxE8kUu3Xm4PNegk/zU4N570nebr39y/jucOYS/BRZQLek3OzqKEKbt+p3d4YuAix9h5Phaw2Jcu5vctiC6QRQ55w1IneuPsFcGrIdNr0WyneYX7Ljvb8R1dQnonzper8cceBqPJGkZlPv77s8xV/XTI//opJhFrJChtsqgloaq57MLH7ab9lbkynRAgbZVRj70AIsYDGdHuWbVbbZNubnCGnbQ2pkrCmSjTAJquIiq7SlfN62ZhkwQWkHAagmLJXjd0UDo2BoF5kZt9RHGjmXtzVoEpHi9/ekQnR3dGEgWuLDGNcvImMKNp7/XZ2y4g/k84C3Scj2BIArtBu20p4CaJAYuxObcz4RI795JioJrpQj7z7kDOlxIaGICiX+W2tmpj6o6PvN2WeDO/LTeolCXMK1vS4NOlaCOEKFzeNMjS3/6c8hasz1H14nzMacCPfEcOQLNBPVEpV1J78QlnddzK7nvq8VdHhJS8WO3llayxJK1wyuLQLH6fBWh9sWhZxGMwKSqR9JlWOyiaOkZpyxpmu2bME+Knq7SG1fnWu70F8XCOXBFPP/WCd3wZHmrTRctNfrv2xrB4Yz5TQiKAQylizvxY35w9kwHmdAWWGsTTKCFnplsh9a2MHOb4FlGUWE1RBAdDds6P1APaTTOYsoy4wX35yDyE+ZXCAW7djkLLrEjtb+C0AeK6k5OO/ccmJ6HqeTzQddb+xgmBhew4P9c59NvEyR9pFL7EceMgKKoN6rIxGO/vd32dJAv9xqSWW/pOrpiO7CJZvv+zuWaO1awWKnXG4S2dgrhHzc9H4JFhgsPKwTeU8zZ5lrZSG/p7jINb5b65OA/X1dGKMhcxoHsXhIfUzkJPAwkHcGAN+zVNmIykO9AOjOLr/mHn3uhuUl+ID0Fqd93g1TnO3CAcXgSqJAX/Z6RTywmJchEuPpP7uIYc66MGOr7fdbwSvOmFMZN8eWgv57LED/7w4k7o9tmwDbc/0hD+cmUiZGEMarTDMVVFKyUeSgQ3mptNAXKwaA82NvIl6jjSH4T7tH6RXChWjUzHg7YF3yvPjtcgyZSIq7MlpDFi8mcGKDwn3ONmMHQ5gLkLzfyqkQ9Hrk+NYgUe9JeWVqWSb2qYEZBETE4K+u7ggeHPdMCNGUGIpp2L0ISZzq/ZZyZnLQLDtbwdTFckrmNzY0R+lfuV3ujksCtch0NxE0aMZzNzoDbesvqD62lT/qVcMuQ+c8HlnbMkEo/y7lBMA8VrzZyK2q+CP4yk7Xq5Ju0OB20YqRBdXU4/i0Oxd0NSLJTNNMGnm6Zpix2WXxIbZvJyXYl5NbtHCsr5Q/V5/e2Jg7MkLzQ3PUCNLNuEC6DDxLFRgTI7S0bUWtoG2L+gVL5TtL6o5SgCWVXFU0n8znvxFHCwsljQkdwhcWgRyji2R1qQLuoi0hAKIaDXtT2f2YCewBhNNyMOckaYKheS0mO1o3HCG0JouSAtqgX9URY8JDxoGBNR18gzeLbhZRV9ZJq/geblVrbpyIgtJ/aj04Oqt5A1vJC4SKMsfEbz7PgPp5shkamsfPX4sb8eRzOi+oWgrAjBDmGe+cg1Q7VDZ6EVIaWU0m25tiCVGGChYtEdY3csksUCzj69BgW9/bujaZUwBeZARxbrBdGupBwKcpurYzNL18zWC8FKnVFg/Erb6Wu9Tn7Il833wSp7FTcueDPzvK0rOAKhk2ricFkGU4PGFJJENAkgt9w1/anIIsbM3/C/uOTcXocLDoZtlunGp7HQVaZRrFb7gQlavVgBXvnCU7P3vMf/sffVizZagtvbUME2cDxZ0zc4QkX0YVPIYcQidSTVJKOcsq1nb0jS966vGOETcDVZuXIcXAfX/8DxSCu0z2Lg6uz18X4AWvZ0dpD7YWQivJgaJ6XnsrvDC5M/4QN3uh/s2po/YW6t4d/3puMQ4xSQe3Sghz4hqzoLS6J3403E4IbaK6cBx7wL6eFRGkJ/DEmFKBwmu/uRUnxiPFK1OvP10GGg/ZsY6Kxal56TJ4G82oX4DutLF4C2LFlZMmoN8VAw7zK4/+JlILB9VfBfydoUwFteqWvuiY129WF94L4EwxAigPDcxSgI9zNnJ2m14ktPbk/nDB6kbfTQekAUnu7amKkcEQZQKK1qDC7ySx7ooli4Tl1U0/sCV72u9w6QueGbAbRmN3fD6Z5DR1QP2MA1Zlzq+FZhtW0jukezSk2IqlWBKXYUi5nGmfTQ3vYYNA2ZkOlx0HlUUSTKKUhfPpcLxqglEoMjZ8oMvQbm9nQqw3o9DRASSMT/qTZCNnlpiN0E9BVP+NXZBU1WUt7OmEaXY063ZMVMXaDbfoBjEd6Imr6wgzx5DAJttix27FqsGTISwMeShCYLtm6qXeQRdkdGSv7044ANYcC31q7e9+ZzLUG6uAvXB6ZEjLRjkl/FJggoBFMggin0y5UlDx45sQvnCQzKI3JsXe/2ACt8HwL7132VhXLPSZkdqxH8+uW6dmwBiVG93AylSqR4Bs4DIosG/tulDwI/6LK+0f91X2ClQ405/9F1aITup2xSxmasAMtqXQ71nanm72RHRRKOEFGLZQL0yCcYuljKbWcGldLYM+k9t6wgfqeD0HbdoN6ZarZnZqiG68XN7xhvD92id+vvdiEcrMiejWuO13CzVkdXJh9BnReyqCsPzrYB6eDVcVHywP8RYXQGNcgyWVp/7Vq/8HnlHxDch7yz1jxtrAhcjFRrxuqvzMCCb8ELuznrmvMR0gkxqF7nfG1XoyvIDMOb9PfBTEFOevZiAe7SOFP6nMHlyoP4X0qux0ndOhZvZkxkvOC+yFxFt4Hm8Vllr/x4Hbjh7FXqNikJhIdUfia8Nb5HUPcDk1ALYutxPB3qIE9LjU48FZEu9/pFTvh1xRDj4ZhobHJ+uJYkQ5plUQZ+9fW0roGKUMSSQgzl7KRg/t6Kl1x8itjUfbfQIADbRMM6Y4YIoXK7OWDiKepiEKDzTOmmUJVzojEzZO12BUkQQaiB9BSrY1SRn+oJxDq3qh1StVLzi+OZAKDetS0jk7fb943eLnQvGcZoB8k/jyZWl69hchYyLWu5hXKh05D6TBF0HHriPohBnVwp8ddJHj4HkCaKjT5YUFoyOJ5rfcBGe2c0OkuiNfP+osi7sgqjNuchTkUk5GusVORwOE0IfpEOfOwxYPNbf9JlVnifZ8W1QV3Gox48KtW0+Wx+gYWkXc2nlSG1SjaWnOEh2MUt9qoxsFNxzW6gFDlEatL6SH6v+4EzBKgAzjBaY/eVhjFTbkPUFGWCHdPFiR6/cE+DLtcEcyWNJBBWcEy2dnolgJ0xt9LTSsJYeBqcxzLbTAnS4roEFWw/0ekPXC4pxeXcBAuepj6sU7JGNAk8/0Z/rTbs1nrXC3mG0adEMVxsSQwCzXieInpATe97j7ZiVFifZ6hxLkytx+pUerewkHOZ8Nc7eCQfb520b7sK95R7xSF4YPSWpnfWVTQSpHUY5o7rw8q+y1r2A5m09Uj9tvjgO8F4e+0k7ptMIdfdzilAfu3W1ll5pM8fPFYO9Qdo3JUXdFMpraya6xtqC5I3thhBVMKjLgDiJYkZrVd5RCsBvvA7UdZBmQ7mJMHEF5v3KtJJNsP7P9t9QE/GFzBZkHccxKdkV2ulyuRKL8o4DTUoRUSe+FyY4BYcSnr8FI2xbub9d/zqw8O4l/nhxJOhd7SeCcx6SfPUTFEXBEBbxtcSuyklxDxj67l8tvL5CPNBx8/G96fAGmx52mMsyTEYKwM6yOfnT8JN/jxsWmlMvghf4UYkMBBy+wji+NHWR+Rmn6JZA63eCUlnSIq/EjyO2GrW2ny4+bWMaJQxs0jOgymKS0cHEjRGv2thO8U4r/PaxaR2rfyvK8W9f3NNMceHslkK5xT0zejymLvY4rTZEU47xR57nBnjmFyzmItpI9NbDiIp+ogkoXvu1Aw807lF7RUiAB8f4wRWaqODwIFje/PVngUMBtjBo5OGiAw1d8dahwZtoX0nDUcJSFGs150FpJbL2hL3R1bLCUY1bfUC5ARZ8j+AgS4Ym/UbUH1BoHkCs3DEpo5izPU3f9wfaKMa6MDXThXHXR6kn1Leudz8YlFnBM3KXdo0AsVz20SkXnXwtPVZX3gUexwllJkbh13BivGCcZqNI0vAo1i4h+7Nz5SfHcAk3SiwoEA9cPfQbGdiASR27S81zEWYyKLAe5QWnMldApeJGE7PHiNiCkfXbr/ccR08xzvMt4lV07qu43NDWpCp4ORnSf/EdCtoog20zwLBNCcnvC4hcZPNCPcxvVDXlNa947qCVccLWdE5x1KfNUFSsYc4VkRh6DHOTOoZK8Nc2N/YXEEbXIBun+00Aa6xt96vWlJ0PGZ082Myq1GJQD/BvfDEnz1CdKTgByPca68otxuFXCd/tu4VOB90BefVbV05bjipL/KhSs5Gdbwzpvnk+gHR9t7tqCcpQJa2DGxUo3HFiwQp6kSaZLklTIFTTRklvnuXVn799nQ5B4/ZODdldMNb1XZAftTSo2OHRrZUsfLSB48BkkeJ0fM1s76yZTkROyGBuD2Tv7GDBScVwqd4m8jEWEhh1WCZnrWWtq30eYmNaCh3/tPN02Tf1MM2sEGoaZBFMC73kpibal58UQ5Mcs+DQGbeZQx7E57s8Pz9A3S3M6uW3kfB65Jl1ZCVpXu/ME/0vtxUCOr6FgwroaUNR965w4WSR3oe31dooqTaEJORmw9ry4+s0nRhLCZN+a+OuxblJWNlWK8g8anhLLNQcKUuotaGhyKhJ2W/hGL8zY3b4ND3v+3/EJkDupP3q+TiHfhDDZXrxaKd9dbHibP8/45nYtg486I7QGzkqcEmR7ejbo6uvpc3ElMEzqY+OkpnRY+hM06KxKXSl7otf/zreSYN5JyfsIWHUsJoSoBeMcIlhij1fPxO5o21cnNkHwrdlq1Y5xfcGtULwWDTipp/I1K1I7MjDVP/fK1tbKyc1TfJqfgLX+yP9TUeaZtmow+10D1bdptAUi/4rebwvuDMMKs/jsgH0lno+O10rvfH4JddXMmOJVS7c0rJ8aqRuk1OKQktZQ/TBdSepIxW1lyiRoEw3ji7xGXItdRm7C2vmNlFW1Rs/NgBd1CouMimJMNs6AZvwVsNe2LMCruO4nMjiiiVKsqL1A5KWnmdjEKAQEYLnIl317VdPqKKGyqEKvRk4+b8LJMxIG1BQvfl15+Dejr6hu2U5GbMQbnVJ/sg5NFVsEAeB+6rFT7VYqmljYiF0+M6NAbDNcvl3lJ/Rq0WqMCdLsatWpqT+Bv4eSDmP1CT0hvlBbWhMcECL3Zf4aIqMtXRMgApmgPfkCA5SaevD0vbkfkUN212rUnlH8vbGhUz6sZjB1CAfJLAthJT93lJ26pb4q5D6ateS7ExeH8VuO1CoceKJSLFTdjhAaOk6ZJkaRxF4UWVG820ttyW8IBtRgCzuTeK8HamCf7xC0m6S1itMrrU4IGaVwSe7507DjAeYikxlH5Sx/eR7LQAid/JRadLJLdbRmJjUSEuuZ3TCzOAlQcQ3XorZqUAZhWPXSW7khq+sAefis88s4+P8o6T9gS9m0LGD9a/WhH+4T8dZq4ire+sG44SQ4c5SHLo4L2rD1aekwTOv29lIBhQ+QzlxXilMEs/KF+Y8kmORUGe0HwfGY199wff2fE7kgQxuXJ4gKgHIRUMwd/dfHZ4b9HGlVJVGiz41+WPmHG0eYokNP82mlGWf0fEROrnIXjnjrKsPyYSTbhoxbzWCfwPpWzFZHBk1TBM7ygNu07dWHdhafNmeKeEncciRK9hjF4KRp1kAofGKqKsQ7BrYdR7QMAVf76ry1wD1x6UCsXDaaigaX41oGBTvgNBZ6kqxIhwmhNVpcBzBaA8StWaPGup16zB9cJ1AG/yyu5HhrrmxkqUEJiRfMdZvmwc/RP7YlkUKGVBsofzGmNOgR3LPB3sovE+tP6WIiieGGeURTlJt3+lPp9JtnknmdyfBlAGjedWhzH5PE3BB+l5qCFTketZKMot3MShB2egHvbYowgtYc0vQnGms14+F8iT32XVUphPuw6O8LPEzTF769TYESaezfJ/8UaKppa09f3vmbHD2ly5EIJ07H4RA1qNleF8jn4wyn9b7XEehmmMWVN/neRFO6ZSUY0d50av7yHMFRyC69NTHyUUcydYWSULeCGxN4obnYYElz23JglRxwT4Xuni/y63bLjHRUR5NQx58bBGxMCvwJXUrholRIutsW+1+gNOqGSDAq0VyHQmSNs6MkwH1vEmQMnhHi+JiG/2Ba9DTayobanLXwpwwyTXt8gIOp4PQhcuds7M8S874dvtQ/7jN11g4FDZ9Eay6RZDw+NrlPuVofg4hmI5HxjGPQHhpTZLZFIceGuysEwu6zU/eGHrCaUsfScp3cBYe9mHPV9VVoVhXg/y+r54ys6m/y6aJ0A7jR9kgDmfxBWQKa8CTafyzpX6sqivu9cNELeYKQ7fvjkp61JCUJVjg8Ks0pxTEvhjiUX/ur/TK9l3yDgaxTNOJV10ZE6VDReinR52DUlFnq67kpjGBfB7snTEKJ9omWGOX2zd0uIhuEKtg5SjQvWHJcafSd+pzsLoBSuJ4ti+ipQ4miNxuzaN1RexIwkECeUMgDuGoa3ju1pbPbRcIcXNJwSXtwnLsZnxskkddYA/2YrnUHkSe/RwR2h7rQojq/0tnLv9sJ94wH5b8tLmm9KfW2nPWZtbveBTReANAFuJUm0On9vKGgDmeoOIq/97pr8pCO4AZlfNviI4st7e5PJhwFGbR+9isv0J2J4WwXr1jCzA9OfiDf0uf7SKwRp1vhqnxX4GTqTAZ9hw2Bok5XlSbvCs4qcobm4td2NeN8IfavFOBXiRF+uQMXJkSDM1gY++tQqpwVPq67B2aFawUsG2D/Lo73fTq3EZcEWyX50zaRxEt57MtqOw+rR3L7CS4JYw3m4dWoDc+0yHX7HtHlZ4IxgI6b0pk3B4xXn+Wr0T5UFDpdEA7NidW2ioQ8Er5BXpAAj9pkaCEcxncvvKuVIxrxHGi+g6StuSad21NLzPMRvpKM6DzKKQ076cKwpVhnKD5/mEtR7bJBmvmlTNd2npqTJhFFhGcTqa3xUD3tykpDeCM9XO105AjOr4fW872zsNrL+FRx5C/f3SlB/KpDAZHVvVdxoKkW2OIOQoXZ9WZBY+K2EDikMwnNHLnPmCA5joqpy4moAmpL7uH0RjNNfcg7b75baI4gdHrrHP/fl2yDZN4haQr0FBA4yAOL5odrGLNW71Z5YfS6SRG9WFKtOquG7E0atocSeOxIewb8l4HLDQLWSEHtZzqwhYzdQ9Wwz9wE8ODZwjJIVZy+2oQ2EOhv8pyDeM5kc+qBORlIFn/K5hPlZ42gfuU3aK8Os0b7ZdK230bp0xnxDnR3uux7bm7+Nf8jXeGvUIQaVkqCqUJDq1HdO/3AuSrS+cfRNxNTFCEc6XmNJ/z0rJPIuBYCORmSnld82NEDpLo6AJhad609qJ5FwbqMIY58tvpBV51pYrPSFL6Earcvd0Ty2LvktC4fHlDjafwmk2BtKVuU+swvKRNh78DVObdUNSth6ltursH9+600SSIf3SnBEXxKxW6OCvQZJAIyKpcX2dLwmbbpiqNp+fzPRqf1UPIcOW/rDwUnHH2i9HE6zv9cUvfzltxgOyPHLsF7HaZo7Fm0oUP8D1MdiqD94PpxYJ9Wp+kAgo26sEGP58wSGqUuKV7ZOw4TzMReO762UXI01BpUsxTX/QesN2jL9qFB5wenS2/7Jo9wmIuo/Y/Yc9HYI+lKEQU5B0n8KGAnpJj+mW6ky6y5B+08j7fDHT+WEpThM/gcvn0TfMi08Bn3WRDn3q/JI7N/0/fvwr2g8XNyi1733CbhsD1QCMtb3gnGP4rwf2UYWHDoPv6UtlC3fJdayZhXIgO+mb7mNItugc5Md1c2HUVUZo1SRwRH4NtzQI/mkj4VTXwL5xvHxcpkp+ximVMaKo3p9o2HxHs1mFuZxlobIbw5/WFprRKTOr6dzVBPheLPtSJnwYEnZdZGCrZgW+3FxzK5stCJv/ASZQL6cpPZcMyD1N8ZX5y8BBswsBEd1JAYfkeli5K649MdQZJGQiO4EUC0Ws8Gk+9xjFCQn7qndmqSDugEcbgzr/gpUApIfIBcMaZH+1AIsuwy3+d4SRWv1FD8CGmOKSKe+QyzVtTLUIfV8Adnwt64T+CiZWlUrkFVHuhZDyuBQzBcdDU7FASZKBdgDIOs4hvmzfQmW9EwcrK/oFG0xMyMisNjYe4knLPtuMPF+gYhE77FmiTVR7Hlg9ezpXj0a0LwdKwH6oDDGEQ2vhypmjnSv2/2iVqmk6OqXuwIcycMrY8Qp3eD0izelDVRVnWCNFk7pq3upNpmzFceirWkT0ckTu6ZrQSA/QGrVS4RKwj5wJKh28zeUZetjV2A0JrRjtA4f48XG5B3AeaeKXI4xWaBA+Hdxg8VAwxC2ybM/CicWaZlT4BtBTEggk3aEqc19SA25RhdpjpqO5osjlptMgoijvQtNrBEGX95NCnP4GmwOEmM5vlN8spQQQ0UvkKaU9CJ2Eg+EtzIniP3yaVrWxSVPGZQCakL8DMbYWIl/90VyjF5UvHD1ccVv7Y2Lta1LKym21R09e2KAsWbl6NluSXimnQlimEFuOxunUTpcTOwsCY/nMy/om7tGhVRCouMKfTSqNjkCLqd2E8X8GS1A9IV/ppGYmxEgjUNo0Fb8yrgJ3Hiwfo6mWehELSIM9KneYUBjgf+qsf7tFsquYSzZVqCfB2kIMffb2eWmP9fni3/OFJbegzfqWi8trF8zZfiIaEuVQxgsDAXh3eIXNcMv1Eu1CPE/UUCGbdQTCJ9pvkykvmnQzmJ3JXR9ZdlLrlqOawJR7sqO0mWBX8NqeSK3MN6YQEn7RXsqquG1My7+ePbaH/3Bjo5QWCNmUhxp+R5luBoK4xKg6jTvnmw1s2Muxldr/Iil7tXmhmZOaWLr7+TFkj3HqqTt5WqCUx6X3Z+9HZpwbP99DgYpg9433LQDZUFbC2gYbro2uYmdODnFYvd1SOSm30lkY7X51JWtHhfFAMVLsD6abu1E9sbe04SmXuJTppcA8UqgWSGFD5YAy/Xjymb9uyM4pYn6zBFrXQueFSHgNHDsytHMe+8U3jWCh0VGgRUWpDNPI8hM2Ec4MagO0nzU33HTBcCyAd511EU9LcEySbL4cX/MrBd2J09nXuJ03BiZ2EUC2h5IE7pQTNniqJ+EqWBl2+uxij/o991WdFXRGZLU+PESYZM+3c+QO+KNNJnI59m8Mw1RXWQbbC6sVQag9x5eOgqgT8929PU5bHiQXW+dK4Wmuue2X8V/zo7f7NchBDrnfokcYSTNqXuArTQ/2N9HW79YPOwTB6WjI+qneyv+He1yldsME+CUSLJwmRGaQzJftbq/hUZDL1qQfUkhjy9AahRym/jijIIaf0HjkeLhV7TirRSlMob3w4KEYhtQnOinq9d3TcKdEgInuS0viYvhfjbBFY1EHcN3+ewTsG1+74KAfv73n0MkNmiTRspjOYU78l8JIV4PDrNNQ6HmsqqSEzNCmu7NJeXUr8nEXWzjok1fnr2tCWtVypBLIrlGDAx4Xu+liL4IxyPs5chl0toro5gc5MM9RD8ynzN88Qkjb9CjDiT5j6VrUX5VnwOVvpzQPthiZ/y+Z7z8zCe2aXWoVht63asEXmiJm8JOvBRWE7wcovyUIh4y8U1tNP81PkwWoXK13omQnnGa20u6FrmyTe2uICT1cbTTJCz7KTN9AFQ14pSfN5gNuc2ehNhEN1+6S+4hQSRzjb1bkSkJbpnLEzORpUCiwnHNtAT2m8UiVl6H+QehPJGp8/B6FlBWG+k4qsajNS4gzGWExQSE19399O5Sl99m6RFo8fPIcWLvoA60sF3T6NCI9MWv7nU/oWIKFKT7k1nbHquoHbXPHJvx/YbkCbf+qEV3isTPz0qiQm0aeCMGWJOkpEOYg0HcLCrONJq4nISGpsuZWb7gVBf9fu5Cr7jX2QMUXpMlMMn7IqzCzZ82sQsHcs/ROvtExZm7vnpCcI1VRYddFdZNyRzbpy65GQw6NjxxVJD+gZNmMW3JJggLdlbboE2W6koZtimxh8mmfZarFTcZhBEiwSU0dter5jtr5T8amxb6/hcHibhpUXVGZAz0cUF/W+IbWeD8yX1kfGwgqewLXdjtXd5VhfWV7c/77LZKdrlnegjuz5SqbXewiDg1pws1WMyjDmoD5+DqzEGIvmK2lV4jVv2DNjwzo/2pVyd7rL8hOXhHHqAA5SCD4eWVHcBK3FiL7lRXCESkvYRTpnY2o2r6zx1DImaNm+C9qqFW/NwSEQxVn9SnOdZGyH9biE9D/XeHFe5wOaURvTeIGM+IhBiwzhbPO/IL/5D1x6p6060cLXA4SDRcq8ksaUnOUyCsInEs4gNoGYOLgFWpv2gH3eNtvwnjr0kRr1/d8K3ebONdV9Wt00guGK5m4rkD4fUaGaO8pW+YaUcbKUH7wyra9r2IgsIaGVfl761nzxfCwquaYLb8gxJ0aGzuGXPNxcC8oiczV2eo8zMZQeKaKYbjegRyjEVmwywE3/JXuzqnqg9XN/HaQIIkczJWf+KnLDRx3o15Ag7nABUCsrJB0LyTXpQuBbUTfevTi7OgXvX0kiKZxeFTo/BceYRHNBjpSYx37d6gMbgQfdpv0xOvReXEcNE/vWpzfrWzvhHx2AUOpkIIT2dWoeMG1LchHJEK1nXEnyP/dWw8q6xzAhTjC+xOSkrv6jjfbUFJZaFAcN7SSxLDvVzRIlutiwFkJpS5KYkacrGaCucIBY2MtLTH7EO9BOXsxOrlhWFZ9VcZx50XHnzUO7j2hvaR7lUhVfeng5R8dSX/R29nQo3wCFi8UAUsKOYLXnggCEQF2PNITRUI3bUu9mPVauI0iQOTF+F5bdeutwv6aB9DdM+k7KG4MtSpT9EbtwxDdkJg0/P/bqLypRq1y/Lu5wLNE+BSrz+w8XGaBdUsuFPkkCkbNRSWdUo/zWWBVoNQWiWfqJo9ktauqxZnSC20g0A0dzGIq3i98mUWu4gZeObLUegelsbTHqeRAx2NBQhhkTmujW56l33a69SV/JnN1yRrUc5cOzdoS4JrTcKkyRRCh142QrAzVJvtRRSmhAKrTeBh/IkXaTfsyhcXdX3WpqYYZlzFJitm4Jz6DO3+yuUjutm+7knnNPikamt6BIHwBJgIq6AhBMaSMw0KfzKpXaOmAoOMiwLDiZBAVGLzyoho9NgAHiQon28PWe64clqIFchc8DL4CNaKMftjkoVIbnypGAX7G13vLlP86sCo3rHP7In/HmEfshjRDIrch08bCTPFgM1PSOhGxMJEEibQJyeoMfzSV8Nr1gwhEqOddg1o2ckc6Qrh/7M5teBwv/srFacCzlwcAggG8m/oPJSQNEDaFPiA7Z+LhF+tFjh5LHCHMLKAhbJni0UiC3QpHvBUC5EJfJGubliXFwIhRTljVc5p7bVVLN9FT6NIebUaopzwOD1exU1ADzZ5avlTh2hE2Kznt/OGF6GASYdQYxHEz7JeypQPH3CRbMZ8zEden/iQbcZvyvVtL/Xa+dNF3C+LSNKgzFSYNOie+n2kGfwBGQFAP4MHkwYUWXpLg/Vh8QrmXBc9AXJZ4cvuiSEG7W8pM5Ud/M1EDrdHrP6COPpC9jEfhNkLZDCSXxwKVRxydtlVcyT8i/7MqIEe7pIzQHe6amPQTtE0xhXkV0SUOtNBckMfzTifA7BBEJmTPzAYI4XGqZy2aQAh1JnQ0Xm7uY9Vkr1cVMl258LsQU2oiJxGSwWOu48H4m5TWI8S8HJaAgdF7YUSZCJVtx+iMpEReGN14MPce0kZp9Gsz2NeTmmwbpwdvbbpNd/fm6Iq2xsFI48q3tFPaSxKXp4ukOT+97a/ZJcNDvB7gkk7pOZZ1SxVnDWY0bcjIqh3D60xavdB0WZwlcErFQc4q7MtUy/czd9YvSm7LAaV04mnzWch1ZLeuGRz3pOE7F6injySWR/K6ywvvrT2vPyBsStbe6QQhF3/dfcxvcp91AAE23QFygSsoMW3mAHP6XA97h0ZZHZQBQoWkc+FMijo+NWJJ99gYz7sMdV8GXV6oUs1KVuWv4VpGdE/nMXRamK00uOucfGq77TYag1igNrCd5cmVvYTXNyRjQTKduHIRUDLB25rrfuxsue+V5UtYtdV6Le8XHUHegmb8gZtRBqYBVHPKeS9zGxDnA9DvJbsz0TN9ZW9fNOKhm/Dg2yjlgVzt4qPtB71r7eepr8hTwG4++910pog8OGlVYQ4T4fHlUDbYXWFAkSIIJGNy4qhOJigQ9ZyUL15aMjtLu2ebBRQQERTm/9Hg4IjGXM/JBGntgWlf3mV6W4zgU0E4rpAI3vp1mD9tMBeHyi1qHMR6ZZOoIpkfyRNtBWEWFTd6yfbOyj17rtxqJpY7+/7BIKyizn0LLFQqTzD0kdT04Hn8yrWWd2LC29IkR6V5tupYU3G8+DbAk6K8rfiMTSVQyBuLej14MeX/IZxMnIMzfbTyzI3aGA/t9Va7WCt7k8qbfC/tOhaW6pfQiz+fc9taUsoEcfBdP9otXtboiI/mNpzsugwoC3BXfMAJN9Edx8sp1nx2srA1f0IhLNL7GocGtnt7muBAQ8pm6sluGBnjm3NbN0XTJw8hl9um4eObj8URj7vVeNACyWf/C9Zap63qLTUPTUBDkv4YpzWdZkTA0S69pa1i0djATCMrKMAyTo9yvYbdHfNL0vnqmiPuOcXciUDQfKuK/t6n2JDiXo7zFPCDO5v7hwS8Bcu1sy7OEZF1JkMOVUpYd2RUDnAfF9aTKlNdF52Fm3HBh6cIbippvR+wxqQnv0DkpB82n2HnpCctqkywa38uP9RJ5I2FdbjX7zHRaW506qTTt7nfCJ7wV6AFEf74BYP2O7WOpxKC8M1CgdIpO3qNf+MZWd5HfmJgiRCXw1nMuAy8CPCmuRntzBI28f8ipEnaZeEbv41bXbWdLply6T/G1h99SZdP81lWkEYSYrD7yjJYS4qhnQuyOTlYAnBgtfksGUoH11z7WUFaOmQU1Kd+ftjBf2godaAPNpXbKoTHQqAfhVYNIf46quiQFUpbH0TOCduAY51wZ6FcoL8LaqcvFp6hFxx6Tftirxazioudi5lM164YO46It4EVLpF//YtOHnAhjIuwMgCvCycnuYR1AlvmvI3YzQdzuWKRS0iREZgtYxE7Yd6Dyj7EUD85bCioanpUUQJGBxlDJGBscSN/mAt2cSLkNhnDeYOdaGcqiI5YfiMtmObDXVAJbPkpASnVwYUVpC6/nYSIKSqX133D7h8Sp5PhEPsd7J+h1XSjwBvHKn4bhDUUh3orlagNheQXMInpviCJSCiXtIN9KXHMc5l3xEpAFbWpgHYa978EebduyJzO9XSFqx0iIBnY1iUQYl3jvZPLA7RR2RKWiiN0DZaY48rSFm0t7GecoE5bqzvsmP4eArtUHHQPFJHIPuOaTYsJJcJrK9Ok0oOCEdVxDEF1qiBYHSmoYfS7WCuNd4ltpTdCSzjrf0aDjCRvFAlIAxSxQawoL0uJrow91chTfaBY6d85zcPW5rJUxWyl94EbkaXaG/RgeLcMEwGDl1FLZ4sh2nFhXtvoptfnl7itfAklAJcIp4wB/Gb5l/3iQ4mm5So8bLq9YxYBLpnHk+j7Xu799gP0qPdqKRQK+1KmGhu/N9FaSsY80VVCz5M3ZN31JmjQCTBUOx0K0WcdQaeOXskxtwiP+d7c6H9RUWQnjKUwraVDxG0Z0HIftGv9HLTnYhJum/QPJJsvVtDqFTjZFzZZrxOxM/6C0CqJuZj59dmN8lCpMileNjUxd+heWkTIVx5+didLczX2L5AqBQt+lT1BKLY9fNkpZkmlpH/+oVPQOQBIKhtGGP1VTqO7lNtmGN8M5HDesJ7yLzh76O+CbsgKKFmiZcQxA3QuHWq1w8qdL/WYDwV0rRxfoBM1hVGDzF7Y5H/7wtiuSdcwB4CqCA1JTZrF90XrFPU/6f7vHCIbmIq+z67ZQ0Zwcvi9YXPIB35wVEHtPPeROb6pfpTefBQnuZlE1U7qVEaIUh4Su3N5noRNiN+P2Y7bGF1vnVHiqP2BZd5ISPMIJKe5b8g7tYgVRyS9PWKWIWwv3pFzoVZohbQkg8dETB7cgkpZ1RaSbLUjXaekSS//gy0/74hUvfVhnD2vXBLSvEvWNU3IzFlOjDyYhdLSQ1TP56HR4FWhkNCmiMWEG/N2AqeUIp25q1+5YPAGgO6eM9uQg1PCYcp/Jk6fpWHGIynFXfc2IOWBR0MiAQq3jMzCCs4Azmh9+cgkRjW6Q+0J4Wcxq1/6pXtoj3otFOT6TII9VE2BUyp9YEMqtobDWyb0MJky4Q/Utx6jSIic8O6pRgJ+ShvYbyHlCPQygWVyg9bRAu9267EnFzAamnuFE49fa0nhp0TUiRhQh0RLQoG0eu554qDBGnge9LU4Ebg2lrtSGFmlc+ORDN8cwHV24QYrqiZlFmCLMKHuCOXMdEwiSTcsLxBaMoWoYw7ORV6fbV+sMN/sahDfv8HuUyeJjB267xntW3NXXeGdtI8UolzXz7amxsCIa2PIGxVipJ6ZUhm5U2wK8RcGloeef/4wAhk2SCCh6QwxZ3F2UnmReyhK8mTxJkY19Aatl2uQlPBQX1BoRm0wpIehjMuGEgA9it1cLp6cd1qmQoXZEyf20WcgF3MfIFqx7dXq4OpoE5FqXzl/rtzAegt79XvZhVRLE7967ZhGQSbBxHEHYGVY5Tp+Gql7wo1J7G790Q2Z4ZZOfXv6UMbrUkiKXT99oqqYhT0PreFC9J1JYI7Kl5MOkFdJoOJr9GJ8i9GO+9+5Ucel25EizfIDyXfOC9N+ncbmRQ25kW9MBPi2l7xxGm7eLFIkw7Se+7j5Qq3tS74FoYk0lH0/f4m8PQUnjHCJDyFk8m8bFJNg1xb/GjhvD57F34PUfjsbX9bEmIDid1Q4xFvGAh8NcZTcTE7s9zaCQNjF5Y0JhVh9B9tBVwb36CYx0rI0eYvI+q57nP+fXAZX2t5FWqFci4EUWgMfXRksrgKbTgMwfZwg==</Value></TokenEntry></Values></UseKey><Claims><Values xmlns:q1=""http://schemas.xmlsoap.org/ws/2004/04/security/trust"" soapenc:arrayType=""q1:TokenEntry[17]""><TokenEntry><Name>SessionKey</Name><Value>BTIKUKYrcE4Wtp5FftBMEj8J0lMH7bklvGM8NpIvkEjK44eGE8okc/PARYTo2zGOcn28U5lPVswLzhAto8A5LBUMXyw93kFeJJfwoX4eEBjGanxvC+GFpLwog/AhAhOeCGVNSBINbtqUa6bQuzNJlS+bDUTrYXm28yy6BxWEN3yXLWa71UBIF8NlmA5xQbsTfutQXp3/o1LBXcC0MWRwAAEb/Rjhehubn+9vIFUsvzMFdUNfffO1YetVwrYMp2ufr9eT/mBGLDr0aQqMBxW+snghNZ8qMf/zTJQNi22TGGup+ouO2KmwoINdbE7dX8FKo+FJYXW2SeMaYTqFRm937w==</Value></TokenEntry><TokenEntry><Name>BindingType</Name><Value>FBQwz3Rcep/CIbg0cIdFsQPx5y0LE48ScuI+5vHLvH0=</Value></TokenEntry><TokenEntry><Name>Binding</Name><Value>zSVDrBg6Ssp0VYXsKfVngs5TvW7PfxXFOpLUhAJRq8qn9V2GeMmmQkDWAIueYRfJu5KGG1H/hqD1VvzYKtaJhA==</Value></TokenEntry><TokenEntry><Name>ProductKey</Name><Value>Su/tAw6ox37NhV5X8UTdhmbYBLgSNvFSt6yagzXPJBg=</Value></TokenEntry><TokenEntry><Name>ProductKeyType</Name><Value>FBQwz3Rcep/CIbg0cIdFsaJbB1ASGHdpS8aZpIk2VNQ=</Value></TokenEntry><TokenEntry><Name>ProductKeyActConfigId</Name><Value>rNFkh3nKsQixJIzFgSShi4xiaxkvvn4jfFw/Cqq+1OGRxE3x348Jwovcj/qLkxMagKNE1aqoGHttzhmor7XH7/hQabfHaGg8JbqhWDd+Uks=</Value></TokenEntry><TokenEntry><Name>SppSvcVersion</Name><Value>ITitWLtyEeQ9nJBHqWQSWg==</Value></TokenEntry><TokenEntry><Name>otherInfoPublic.licenseCategory</Name><Value>ysXF0TKYxKOP9sWiZdtPCarFQJcnxf7pC5Rmr2K/ZKY=</Value></TokenEntry><TokenEntry><Name>otherInfoPrivate.licenseCategory</Name><Value>ysXF0TKYxKOP9sWiZdtPCUNoN1Q65LNY4+3WuPv37rY=</Value></TokenEntry><TokenEntry><Name>otherInfoPublic.sysprepAction</Name><Value>YquK3NkPPaIf3qsICBcL4Q==</Value></TokenEntry><TokenEntry><Name>otherInfoPrivate.sysprepAction</Name><Value>YquK3NkPPaIf3qsICBcL4Q==</Value></TokenEntry><TokenEntry><Name>ClientInformation</Name><Value>Bi2G/yebPY9SmJL4A3XR1DEEKOXGqiXdnkwVrDvichvuctNhS7wqnx5tSpsfDO3emMUHL4Q4MNLgs3VDuB5sOQ==</Value></TokenEntry><TokenEntry><Name>ReferralInformation</Name><Value>4gI4g1AwFII8+9VVmklp84LdJAtCTZwpHX0VEqE48lrFvhL07QIZrYVna/p6DQ+gxrtGT4azb2IPtUQIeqoUEw==</Value></TokenEntry><TokenEntry><Name>ClientSystemTime</Name><Value>6+Lqpgg5/enPTeNgwNVom3OBdKUED8b4YA4i4KpZK5U=</Value></TokenEntry><TokenEntry><Name>ClientSystemTimeUtc</Name><Value>6+Lqpgg5/enPTeNgwNVom3OBdKUED8b4YA4i4KpZK5U=</Value></TokenEntry><TokenEntry><Name>otherInfoPublic.secureStoreId</Name><Value>yo+ZekBfZBi4rkbkhSCvRCGXnizbkEZ+fuNScGkZqFRoh7Nb5lRLu57onn3+5xY+</Value></TokenEntry><TokenEntry><Name>otherInfoPrivate.secureStoreId</Name><Value>yo+ZekBfZBi4rkbkhSCvRCGXnizbkEZ+fuNScGkZqFRoh7Nb5lRLu57onn3+5xY+</Value></TokenEntry></Values></Claims></RequestSecurityToken></soap:Body></soap:Envelope>)
00010002(0x80072EE7, 11:42:27:225 - <NULL>)
00010003(0x80072EE7, 11:42:27:225)
",,,,,,,,,,,,,,,,,,,,,,,,,,,,,,,,,,,,,,,,,,,,,,,,,,,,,,,,,,
2026-06-01T18:42:27.225214Z,"{'#attributes': {'Qualifiers': 49152}, '#text': 1014}",dc.scaffold.htb,Microsoft-Windows-Security-SPP,Application,6562,2,,,,,,,,,,,,hr=0x80072EE7,c1a197b6-ba5e-4394-b9bf-b659a6c1b873,,,,,,,,,,,,,,,,,,,,,,,,,,,,,,,,,,,,,,,,,,,,,,,,,,,,,,,,,,
2026-06-01T18:42:27.240863Z,"{'#attributes': {'Qualifiers': 16384}, '#text': 33217}",dc.scaffold.htb,MSSQL$SQLEXPRESS,Application,6563,4,,,,C18100000A0000000E000000440043005C00530051004C0045005800500052004500530053000000070000006D00610073007400650072000000,,,,,,,,,,,,,,,,,,,,,,,,,,,,,,,,,,,,,,,,,,,,,,,,,,,,,,,,,,,,,,,,,,,
2026-06-01T18:42:27.256493Z,"{'#attributes': {'Qualifiers': 16384}, '#text': 6253}",dc.scaffold.htb,MSSQL$SQLEXPRESS,Application,6564,4,,,,6D1800000A0000000E000000440043005C00530051004C004500580050005200450053005300000000000000,,,,,,,,v4.0.30319,C:\Windows\Microsoft.NET\Framework64\v4.0.30319\,,,,,,,,,,,,,,,,,,,,,,,,,,,,,,,,,,,,,,,,,,,,,,,,,,,,,,,,,,
2026-06-01T18:42:27.256493Z,"{'#attributes': {'Qualifiers': 16384}, '#text': 33218}",dc.scaffold.htb,MSSQL$SQLEXPRESS,Application,6565,4,,,,C28100000A0000000E000000440043005C00530051004C0045005800500052004500530053000000070000006D00610073007400650072000000,,,,,,,,,,,,,,,,,,,,,,,,,,,,,,,,,,,,,,,,,,,,,,,,,,,,,,,,,,,,,,,,,,,
2026-06-01T18:42:27.319029Z,"{'#attributes': {'Qualifiers': 16384}, '#text': 19030}",dc.scaffold.htb,MSSQL$SQLEXPRESS,Application,6566,4,,,,564A00000A0000000E000000440043005C00530051004C0045005800500052004500530053000000070000006D00610073007400650072000000,,,,,,,,1,sa,,,,,,,,,,,,,,,,,,,,,,,,,,,,,,,,,,,,,,,,,,,,,,,,,,,,,,,,,,
2026-06-01T18:42:27.319029Z,"{'#attributes': {'Qualifiers': 16384}, '#text': 17663}",dc.scaffold.htb,MSSQL$SQLEXPRESS,Application,6567,4,,,,FF4400000A0000000E000000440043005C00530051004C0045005800500052004500530053000000070000006D00610073007400650072000000,,,,,,,DC\SQLEXPRESS,,,,,,,,,,,,,,,,,,,,,,,,,,,,,,,,,,,,,,,,,,,,,,,,,,,,,,,,,,,,
2026-06-01T18:42:27.334665Z,"{'#attributes': {'Qualifiers': 16384}, '#text': 17137}",dc.scaffold.htb,MSSQL$SQLEXPRESS,Application,6568,4,,,,F14200000A0000000E000000440043005C00530051004C0045005800500052004500530053000000070000006D00610073007400650072000000,,,,,,,msdb,,,,,,,,,,,,,,,,,,,,,,,,,,,,,,,,,,,,,,,,,,,,,,,,,,,,,,,,,,,,
2026-06-01T18:42:27.334665Z,"{'#attributes': {'Qualifiers': 16384}, '#text': 17137}",dc.scaffold.htb,MSSQL$SQLEXPRESS,Application,6569,4,,,,F14200000A0000000E000000440043005C00530051004C0045005800500052004500530053000000070000006D00610073007400650072000000,,,,,,,mssqlsystemresource,,,,,,,,,,,,,,,,,,,,,,,,,,,,,,,,,,,,,,,,,,,,,,,,,,,,,,,,,,,,
2026-06-01T18:42:26.776383Z,26,dc.scaffold.htb,Microsoft-Windows-CertificationAuthority,Application,6570,4,,,,,,scaffold-DC-CA,,dc.scaffold.htb,  DC=,,,,,,,,,,,,,,,,,,,,,,,,,,,,,,,,,,,,,,,,,,,,,,,MSG_I_SERVER_STARTED,,,,,,,,,,,,,,,
2026-06-01T18:42:27.350222Z,"{'#attributes': {'Qualifiers': 16384}, '#text': 958}",dc.scaffold.htb,MSSQL$SQLEXPRESS,Application,6571,4,,,,BE0300000A0000000E000000440043005C00530051004C0045005800500052004500530053000000070000006D00610073007400650072000000,,,,,,,15.00.2000,,,,,,,,,,,,,,,,,,,,,,,,,,,,,,,,,,,,,,,,,,,,,,,,,,,,,,,,,,,,
2026-06-01T18:42:27.365928Z,"{'#attributes': {'Qualifiers': 16384}, '#text': 17137}",dc.scaffold.htb,MSSQL$SQLEXPRESS,Application,6572,4,,,,F14200000A0000000E000000440043005C00530051004C0045005800500052004500530053000000070000006D00610073007400650072000000,,,,,,,model,,,,,,,,,,,,,,,,,,,,,,,,,,,,,,,,,,,,,,,,,,,,,,,,,,,,,,,,,,,,
2026-06-01T18:42:27.365928Z,"{'#attributes': {'Qualifiers': 16384}, '#text': 1003}",dc.scaffold.htb,Microsoft-Windows-Security-SPP,Application,6573,4,,,,,,,,,,,,55c92734-d682-4d71-983e-d6ec3f16059f,"
1: c1a197b6-ba5e-4394-b9bf-b659a6c1b873, 1, 1 [(0 [0xC004E003, 0, 0], [( 2 0xC004F00F 0 0 msft:rm/algorithm/hwid/4.0 0x00000000 0)( 1 0x00000000)(?)( 2 0xC004F00F 0 0 msft:rm/algorithm/hwid/4.0 0x00000000 0)(?)(?)( 10 0x00000000 msft:rm/algorithm/flags/1.0)(?)])(1 )(2 )(3 [0x00000000, 0, 0], [( 6 0xC004F009 10 0)( 1 0x00000000)( 6 0xC004F009 10 0)(?)(?)(?)( 10 0x00000000 msft:rm/algorithm/flags/1.0)( 11 0x00000000 0xC004F00F)])]

",,,,,,,,,,,,,,,,,,,,,,,,,,,,,,,,,,,,,,,,,,,,,,,,,,,,,,,,,,
2026-06-01T18:42:27.381520Z,"{'#attributes': {'Qualifiers': 16384}, '#text': 1003}",dc.scaffold.htb,Microsoft-Windows-Security-SPP,Application,6574,4,,,,,,,,,,,,55c92734-d682-4d71-983e-d6ec3f16059f,"
1: c1a197b6-ba5e-4394-b9bf-b659a6c1b873, 1, 1 [(0 [0xC004E003, 0, 0], [( 2 0xC004F00F 0 0 msft:rm/algorithm/hwid/4.0 0x00000000 0)( 1 0x00000000)(?)( 2 0xC004F00F 0 0 msft:rm/algorithm/hwid/4.0 0x00000000 0)(?)(?)( 10 0x00000000 msft:rm/algorithm/flags/1.0)(?)])(1 )(2 )(3 [0x00000000, 0, 0], [( 6 0xC004F009 10 0)( 1 0x00000000)( 6 0xC004F009 10 0)(?)(?)(?)( 10 0x00000000 msft:rm/algorithm/flags/1.0)( 11 0x00000000 0xC004F00F)])]

",,,,,,,,,,,,,,,,,,,,,,,,,,,,,,,,,,,,,,,,,,,,,,,,,,,,,,,,,,
2026-06-01T18:42:27.398054Z,"{'#attributes': {'Qualifiers': 49152}, '#text': 8198}",dc.scaffold.htb,Microsoft-Windows-Security-SPP,Application,6575,2,,,,,,,,,,,,hr=0x8007139F,RuleId=3482d82e-ca2c-4e1f-8864-da0267b484b2;Action=AutoActivate;AppId=55c92734-d682-4d71-983e-d6ec3f16059f;SkuId=c1a197b6-ba5e-4394-b9bf-b659a6c1b873;NotificationInterval=1440;Trigger=TimerEvent,,,,,,,,,,,,,,,,,,,,,,,,,,,,,,,,,,,,,,,,,,,,,,,,,,,,,,,,,,
2026-06-01T18:42:27.414950Z,"{'#attributes': {'Qualifiers': 16384}, '#text': 17136}",dc.scaffold.htb,MSSQL$SQLEXPRESS,Application,6576,4,,,,F04200000A0000000E000000440043005C00530051004C0045005800500052004500530053000000070000006D00610073007400650072000000,,,,,,,,,,,,,,,,,,,,,,,,,,,,,,,,,,,,,,,,,,,,,,,,,,,,,,,,,,,,,,,,,,,
2026-06-01T18:42:27.428612Z,"{'#attributes': {'Qualifiers': 16384}, '#text': 26018}",dc.scaffold.htb,MSSQL$SQLEXPRESS,Application,6577,4,,,,A26500000A0000000E000000440043005C00530051004C004500580050005200450053005300000000000000,,,,,,,,,,,,,,,,,,,,,,,,,,,,,,,,,,,,,,,,,,,,,,,,,,,,,,,,,,,,,,,,,,,
2026-06-01T18:42:27.428612Z,"{'#attributes': {'Qualifiers': 16384}, '#text': 26022}",dc.scaffold.htb,MSSQL$SQLEXPRESS,Application,6578,4,,,,A66500000A0000000E000000440043005C00530051004C004500580050005200450053005300000000000000,,,,,,,,'any',ipv6,,,,,,,,,,,52951,,,,,,,,,,,,,,,,,,,,,,,,,,,,,,,,,,,,,,,,,,,,,,,
2026-06-01T18:42:27.428612Z,"{'#attributes': {'Qualifiers': 16384}, '#text': 26022}",dc.scaffold.htb,MSSQL$SQLEXPRESS,Application,6579,4,,,,A66500000A0000000E000000440043005C00530051004C004500580050005200450053005300000000000000,,,,,,,,'any',ipv4,,,,,,,,,,,52951,,,,,,,,,,,,,,,,,,,,,,,,,,,,,,,,,,,,,,,,,,,,,,,
2026-06-01T18:42:27.428612Z,"{'#attributes': {'Qualifiers': 16384}, '#text': 26048}",dc.scaffold.htb,MSSQL$SQLEXPRESS,Application,6580,4,,,,C06500000A0000000E000000440043005C00530051004C004500580050005200450053005300000000000000,,,,,,,\\.\pipe\SQLLocal\SQLEXPRESS,,,,,,,,,,,,,,,,,,,,,,,,,,,,,,,,,,,,,,,,,,,,,,,,,,,,,,,,,,,,
2026-06-01T18:42:27.428612Z,"{'#attributes': {'Qualifiers': 16384}, '#text': 26048}",dc.scaffold.htb,MSSQL$SQLEXPRESS,Application,6581,4,,,,C06500000A0000000E000000440043005C00530051004C004500580050005200450053005300000000000000,,,,,,,\\.\pipe\MSSQL$SQLEXPRESS\sql\query,,,,,,,,,,,,,,,,,,,,,,,,,,,,,,,,,,,,,,,,,,,,,,,,,,,,,,,,,,,,
2026-06-01T18:42:27.428612Z,"{'#attributes': {'Qualifiers': 16384}, '#text': 17199}",dc.scaffold.htb,MSSQL$SQLEXPRESS,Application,6582,4,,,,2F4300000A0000000E000000440043005C00530051004C004500580050005200450053005300000000000000,,,,,,,7806,,,,,,,,,,,,,,,,,,,,,,,,,,,,,,,,,,,,,,,,,,,,,,,,,,,,,,,,,,,,
2026-06-01T18:42:27.428612Z,"{'#attributes': {'Qualifiers': 16384}, '#text': 26076}",dc.scaffold.htb,MSSQL$SQLEXPRESS,Application,6583,4,,,,DC6500000A0000000E000000440043005C00530051004C004500580050005200450053005300000000000000,,,,,,,,,,,,,,,,,,,,,,,,,,,,,,,,,,,,,,,,,,,,,,,,,,,,,,,,,,,,,,,,,,,
2026-06-01T18:42:27.444613Z,"{'#attributes': {'Qualifiers': 16384}, '#text': 17126}",dc.scaffold.htb,MSSQL$SQLEXPRESS,Application,6584,4,,,,E64200000A0000000E000000440043005C00530051004C004500580050005200450053005300000000000000,,,,,,,,,,,,,,,,,,,,,,,,,,,,,,,,,,,,,,,,,,,,,,,,,,,,,,,,,,,,,,,,,,,
2026-06-01T18:42:27.444613Z,"{'#attributes': {'Qualifiers': 16384}, '#text': 17137}",dc.scaffold.htb,MSSQL$SQLEXPRESS,Application,6585,4,,,,F14200000A0000000E000000440043005C00530051004C0045005800500052004500530053000000070000006D00610073007400650072000000,,,,,,,tempdb,,,,,,,,,,,,,,,,,,,,,,,,,,,,,,,,,,,,,,,,,,,,,,,,,,,,,,,,,,,,
2026-06-01T18:42:27.444613Z,"{'#attributes': {'Qualifiers': 16384}, '#text': 26067}",dc.scaffold.htb,MSSQL$SQLEXPRESS,Application,6586,4,,,,D36500000A0000000E000000440043005C00530051004C004500580050005200450053005300000000000000,,,,,,,,MSSQLSvc/dc.scaffold.htb:SQLEXPRESS,0x2098,,,,,,,,,,,15,,,,,,,,,,,,,,,,,,,,,,,,,,,,,,,,,,,,,,,,,,,,,,,
2026-06-01T18:42:27.444613Z,"{'#attributes': {'Qualifiers': 16384}, '#text': 26067}",dc.scaffold.htb,MSSQL$SQLEXPRESS,Application,6587,4,,,,D36500000A0000000E000000440043005C00530051004C004500580050005200450053005300000000000000,,,,,,,,MSSQLSvc/dc.scaffold.htb:52951,0x2098,,,,,,,,,,,15,,,,,,,,,,,,,,,,,,,,,,,,,,,,,,,,,,,,,,,,,,,,,,,
2026-06-01T18:42:27.497492Z,"{'#attributes': {'Qualifiers': 16384}, '#text': 9666}",dc.scaffold.htb,MSSQL$SQLEXPRESS,Application,6588,4,,,,C22500000A0000000E000000440043005C00530051004C0045005800500052004500530053000000070000006D00610073007400650072000000,,,,,,,Service Broker,,,,,,,,,,,,,,,,,,,,,,,,,,,,,,,,,,,,,,,,,,,,,,,,,,,,,,,,,,,,
2026-06-01T18:42:27.497492Z,"{'#attributes': {'Qualifiers': 16384}, '#text': 9666}",dc.scaffold.htb,MSSQL$SQLEXPRESS,Application,6589,4,,,,C22500000A0000000E000000440043005C00530051004C0045005800500052004500530053000000070000006D00610073007400650072000000,,,,,,,Database Mirroring,,,,,,,,,,,,,,,,,,,,,,,,,,,,,,,,,,,,,,,,,,,,,,,,,,,,,,,,,,,,
2026-06-01T18:42:27.497492Z,"{'#attributes': {'Qualifiers': 16384}, '#text': 9688}",dc.scaffold.htb,MSSQL$SQLEXPRESS,Application,6590,4,,,,D82500000A0000000E000000440043005C00530051004C0045005800500052004500530053000000070000006D00610073007400650072000000,,,,,,,,,,,,,,,,,,,,,,,,,,,,,,,,,,,,,,,,,,,,,,,,,,,,,,,,,,,,,,,,,,,
2026-06-01T18:42:27.506487Z,"{'#attributes': {'Qualifiers': 16384}, '#text': 3408}",dc.scaffold.htb,MSSQL$SQLEXPRESS,Application,6591,4,,,,500D00000A0000000E000000440043005C00530051004C0045005800500052004500530053000000070000006D00610073007400650072000000,,,,,,,,,,,,,,,,,,,,,,,,,,,,,,,,,,,,,,,,,,,,,,,,,,,,,,,,,,,,,,,,,,,
2026-06-01T18:42:31.272091Z,"{'#attributes': {'Qualifiers': 262}, '#text': 256}",dc.scaffold.htb,WDSIMGSRV,Application,6592,4,,,,,,,,,,,,,,,,,,,,,,,,,,,,,,,,,,,,,,,,,,,,,,,,,,,,,,,,,,,,,,,,,,,,,,,
2026-06-01T18:42:31.272091Z,"{'#attributes': {'Qualifiers': 16641}, '#text': 517}",dc.scaffold.htb,WDSServer,Application,6593,4,,,,,,,,,,,,WdsImgSrv,C:\Windows\system32\WdsImgSrv.dll,,,,,,,,,,,,,,,,,,,,,,,,,,,,,,,,,,,,,,,,,,,,,,,,,,,,,,,,,,
2026-06-01T18:42:31.287703Z,"{'#attributes': {'Qualifiers': 0}, '#text': 102}",dc.scaffold.htb,ESENT,Application,6594,4,,,,,,,,,,,,svchost,"3080,P,98",,,,,,,,,,,AAP: ,,,,2,10,00,20348,0000,,,,,,,,,,,,,,,,,,,,,,,,,,,,,,,,,,,,,,,
2026-06-01T18:42:31.287703Z,"{'#attributes': {'Qualifiers': 0}, '#text': 300}",dc.scaffold.htb,ESENT,Application,6595,4,,,,,,,,,,,,svchost,"3080,R,98",,,,,,,,,,,AAP: ,,,,,,,,,,,,,,,,,,,,,,,,,,,,,,,,,,,,,,,,,,,,,,,
2026-06-01T18:42:31.287703Z,"{'#attributes': {'Qualifiers': 0}, '#text': 335}",dc.scaffold.htb,ESENT,Application,6596,4,,,,,,,,,,,,svchost,"3080,R,98",,,,,,,,,,,AAP: ,,,,Create,C:\RemoteInstall\Mgmt\binlsvcdb.mdb,"(00000001,0001,0268)",AttachFuture,,,,,,,,,,,,,,,,,,,,,,,,,,,,,,,,,,,,,,,,
2026-06-01T18:42:31.303454Z,"{'#attributes': {'Qualifiers': 0}, '#text': 301}",dc.scaffold.htb,ESENT,Application,6597,4,,,,,,,,,,,,svchost,"3080,R,98",,,,,,,,,,,AAP: ,,,,C:\RemoteInstall\Mgmt\AAP.log,"
[1] 0.010943 -0.003629 (46) WT +J(CM:0, PgRf:0, Rd:0/0, Dy:0/0, Lg:523158/1145) +M(C:0K, Fs:783, WS:60K # 104K, PF:60K # 96K, P:60K).",Insert   ,326,,,,,,,,,,,,,,,,,,,,,,,,,,,,,,,,,,,,,,,,
2026-06-01T18:42:31.303454Z,"{'#attributes': {'Qualifiers': 0}, '#text': 302}",dc.scaffold.htb,ESENT,Application,6598,4,,,,,,,,,,,,svchost,"3080,U,98",,,,,,,,,,,AAP: ,,,,,,,,,,,,,,,,,,,,,,,,,,,,,,,,,,,,,,,,,,,,,,,
2026-06-01T18:42:31.319147Z,"{'#attributes': {'Qualifiers': 0}, '#text': 105}",dc.scaffold.htb,ESENT,Application,6599,4,,,,,,,,,,,,svchost,"3080,D,0",,,,,,,,,,,AAP: ,,,,2,0,"
[1] -
[2] -
[3] 0.000114 +J(0) +M(C:0K, Fs:3, WS:12K # 0K, PF:0K # 0K, P:0K)
[4] 0.000061 +J(0) +M(C:0K, Fs:9, WS:36K # 0K, PF:140K # 0K, P:140K)
[5] 0.000415 +J(0) +M(C:0K, Fs:4, WS:16K # 0K, PF:0K # 0K, P:0K)
[6] 0.000646 +J(0) +M(C:0K, Fs:3, WS:12K # 0K, PF:20K # 0K, P:20K)
[7] 0.003715 -0.001761 (11) WT +J(0) +M(C:0K, Fs:1283, WS:5120K # 1932K, PF:5132K # 984K, P:5132K)
[8] 0.011924 -0.003903 (49) WT +J(CM:0, PgRf:0, Rd:0/0, Dy:0/0, Lg:523158/1145) +M(C:0K, Fs:819, WS:196K # 240K, PF:68K # 112K, P:68K)
[9] 0.000291 +J(0)
[10] 0.002535 -0.001201 (10) WT +J(0) +M(C:0K, Fs:0, WS:-5116K # 0K, PF:-5128K # 0K, P:-5128K)
[11] 0.000012 +J(CM:0, PgRf:0, Rd:0/0, Dy:0/0, Lg:49/1) +M(C:0K, Fs:1, WS:4K # 0K, PF:0K # 0K, P:0K)
[12] 0.000026 +J(0)
[13] 0.009708 -0.000200 (2) CM -0.003354 (30) WT +J(CM:2, PgRf:2, Rd:0/2, Dy:0/0, Lg:8759/5) +M(C:-56K, Fs:1329, WS:-52K # 0K, PF:-116K # 0K, P:-116K)
[14] 0.000009 +J(0)
[15] 0.000009 +J(0)
[16] 0.000191 -0.000104 (1) WT +J(0) +M(C:0K, Fs:2, WS:0K # 0K, PF:0K # 0K, P:0K).","lgposV2[] = 00000001:0001:0000 - 00000001:0081:02FB - 00000001:0082:0000 - 00000001:0082:0000 (00000000:0000:0000)
cReInits = 32
",,,,,,,,,,,,,,,,,,,,,,,,,,,,,,,,,,,,,,,,
2026-06-01T18:42:31.319147Z,"{'#attributes': {'Qualifiers': 0}, '#text': 326}",dc.scaffold.htb,ESENT,Application,6600,4,,,,,,,,,,,,svchost,"3080,D,50",,,,,,,,,,,AAP: ,,,,5,C:\RemoteInstall\Mgmt\binlsvcdb.mdb,0,"
[1] 0.000001 +J(0)
[2] 0.000358 -0.000108 (1) WT +J(0) +M(C:0K, Fs:24, WS:32K # 0K, PF:32K # 0K, P:32K)
[3] 0.001378 -0.000413 (6) WT +J(CM:0, PgRf:0, Rd:0/0, Dy:0/0, Lg:3480/2) +M(C:0K, Fs:13, WS:20K # 0K, PF:20K # 0K, P:20K)
[4] 0.000045 +J(0)
[5] -
[6] -
[7] -
[8] 0.000171 +J(CM:0, PgRf:2, Rd:14/0, Dy:0/0, Lg:54/1) +M(C:164K, Fs:77, WS:304K # 0K, PF:188K # 0K, P:188K)
[9] 0.000915 -0.000767 (2) CM -0.000669 (2) WT +J(CM:2, PgRf:16, Rd:0/1, Dy:0/0, Lg:0/0) +M(C:-56K, Fs:7, WS:-56K # 0K, PF:-56K # 0K, P:-56K)
[10] 0.000151 -0.000096 (1) CM -0.000060 (1) WT +J(CM:1, PgRf:35, Rd:0/1, Dy:0/0, Lg:0/0) +M(C:-28K, Fs:0, WS:-28K # 0K, PF:-28K # 0K, P:-28K)
[11] 0.000003 +J(CM:0, PgRf:1, Rd:0/0, Dy:0/0, Lg:0/0)
[12] 0.000014 +J(CM:0, PgRf:42, Rd:0/0, Dy:0/0, Lg:0/0)
[13] 0.0 +J(0)
[14] 0.0 +J(0)
[15] 0.000001 +J(CM:0, PgRf:1, Rd:0/0, Dy:0/0, Lg:0/0).",1 0,"lgposAttach = 00000001:0084:0268,
dbv = 1568.180.400 (9360)",,,,,,,,,,,,,,,,,,,,,,,,,,,,,,,,,,,,,,
2026-06-01T18:42:31.334558Z,"{'#attributes': {'Qualifiers': 16645}, '#text': 1305}",dc.scaffold.htb,BINLSVC,Application,6601,4,,,,,,,,,,,,x86{E4BF0DF1-CD32-450F-B688-F176046C1D9D}.bcd,x86,,,,,,,,,,,,,,,,,,,,,,,,,,,,,,,,,,,,,,,,,,,,,,,,,,,,,,,,,,
2026-06-01T18:42:31.350222Z,"{'#attributes': {'Qualifiers': 16645}, '#text': 1305}",dc.scaffold.htb,BINLSVC,Application,6602,4,,,,,,,,,,,,x64{93C6879E-2D45-44E9-9A08-459A764699D7}.bcd,x64,,,,,,,,,,,,,,,,,,,,,,,,,,,,,,,,,,,,,,,,,,,,,,,,,,,,,,,,,,
2026-06-01T18:42:31.350222Z,"{'#attributes': {'Qualifiers': 16645}, '#text': 1305}",dc.scaffold.htb,BINLSVC,Application,6603,4,,,,,,,,,,,,arm64{294B2908-73BA-42A5-9F2A-20F34B3D2172}.bcd,arm64,,,,,,,,,,,,,,,,,,,,,,,,,,,,,,,,,,,,,,,,,,,,,,,,,,,,,,,,,,
2026-06-01T18:42:31.365813Z,"{'#attributes': {'Qualifiers': 16645}, '#text': 1305}",dc.scaffold.htb,BINLSVC,Application,6604,4,,,,,,,,,,,,x86x64{5B596D3E-5BA8-4503-A5F3-1A350BFEC69A}.bcd,x86x64,,,,,,,,,,,,,,,,,,,,,,,,,,,,,,,,,,,,,,,,,,,,,,,,,,,,,,,,,,
2026-06-01T18:42:31.365813Z,"{'#attributes': {'Qualifiers': 16645}, '#text': 1305}",dc.scaffold.htb,BINLSVC,Application,6605,4,,,,,,,,,,,,arm{34BE5CC5-F6A3-44C3-B3C5-90EDA3080BC8}.bcd,arm,,,,,,,,,,,,,,,,,,,,,,,,,,,,,,,,,,,,,,,,,,,,,,,,,,,,,,,,,,
2026-06-01T18:42:31.381436Z,"{'#attributes': {'Qualifiers': 16645}, '#text': 1305}",dc.scaffold.htb,BINLSVC,Application,6606,4,,,,,,,,,,,,x86uefi{78690A12-9952-4E22-B5DA-5262EE8DCF5D}.bcd,x86uefi,,,,,,,,,,,,,,,,,,,,,,,,,,,,,,,,,,,,,,,,,,,,,,,,,,,,,,,,,,
2026-06-01T18:42:31.381436Z,"{'#attributes': {'Qualifiers': 16645}, '#text': 1305}",dc.scaffold.htb,BINLSVC,Application,6607,4,,,,,,,,,,,,x64uefi{AAC39BF5-2BE4-42C7-81C5-F13F55235536}.bcd,x64uefi,,,,,,,,,,,,,,,,,,,,,,,,,,,,,,,,,,,,,,,,,,,,,,,,,,,,,,,,,,
2026-06-01T18:42:31.397256Z,"{'#attributes': {'Qualifiers': 16647}, '#text': 262}",dc.scaffold.htb,WDSPXE,Application,6608,4,,,,,,,,,,,,WDSDCPXE,C:\Windows\system32\wdsdcpxe.dll,,,,,,,,,,,,,,,,,,,,,,,,,,,,,,,,,,,,,,,,,,,,,,,,,,,,,,,,,,
2026-06-01T18:42:31.414136Z,"{'#attributes': {'Qualifiers': 16647}, '#text': 777}",dc.scaffold.htb,WDSPXE,Application,6609,4,,,,,,,,,,,,,,,,,,,,,,,,,,,,,,,,,,,,,,,,,,,,,,,,,,,,,,,,,,,,,,,,,,,,,,,
2026-06-01T18:42:31.414136Z,"{'#attributes': {'Qualifiers': 16641}, '#text': 517}",dc.scaffold.htb,WDSServer,Application,6610,4,,,,,,,,,,,,WDSPXE,C:\Windows\system32\wdspxe.dll,,,,,,,,,,,,,,,,,,,,,,,,,,,,,,,,,,,,,,,,,,,,,,,,,,,,,,,,,,
2026-06-01T18:42:31.414136Z,"{'#attributes': {'Qualifiers': 16641}, '#text': 256}",dc.scaffold.htb,WDSServer,Application,6611,4,,,,,,,,,,,,,,,,,,,,,,,,,,,,,,,,,,,,,,,,,,,,,,,,,,,,,,,,,,,,,,,,,,,,,,,
2026-06-01T18:42:48.459762Z,"{'#attributes': {'Qualifiers': 16384}, '#text': 1704}",dc.scaffold.htb,SceCli,Application,6612,4,,,,,,,,,,,,,,,,,,,,,,,,,,,,,,,,,,,,,,,,,,,,,,,,,,,,,,,,,,,,,,,,,,,,,,,
2026-06-01T18:43:11.594439Z,"{'#attributes': {'Qualifiers': 32768}, '#text': 6003}",dc.scaffold.htb,Microsoft-Windows-Winlogon,Application,6613,4,,,,D9060000,,,,,,,SessionEnv,,,,,,,,,,,,,,,,,,,,,,,,,,,,,,,,,,,,,,,,,,,,,,,,,,,,,,,,,,,,
2026-06-01T18:43:11.781881Z,"{'#attributes': {'Qualifiers': 32768}, '#text': 6000}",dc.scaffold.htb,Microsoft-Windows-Winlogon,Application,6614,4,,,,D9060000,,,,,,,SessionEnv,,,,,,,,,,,,,,,,,,,,,,,,,,,,,,,,,,,,,,,,,,,,,,,,,,,,,,,,,,,,
2026-06-01T18:43:25.844770Z,"{'#attributes': {'Qualifiers': 16384}, '#text': 1013}",dc.scaffold.htb,Microsoft-Windows-Security-SPP,Application,6615,0,,,,,,,,,,,c1a197b6-ba5e-4394-b9bf-b659a6c1b873,,,,,,,,,,,,,,,,,,,,,,,,,,,,,,,,,,,,,,,,,,,,,,,,,,,,,,,,,,,,
2026-06-01T18:43:25.876019Z,"{'#attributes': {'Qualifiers': 16384}, '#text': 1004}",dc.scaffold.htb,Microsoft-Windows-Security-SPP,Application,6616,4,,,,,,,,,,,,XrML 2.1 License - {msft:sl/EUL/ACTIVATED/PUBLIC},3bcee025-1bf3-493a-be40-aa55e6496014,,,,,,,,,,,,,,,,,,,,,,,,,,,,,,,,,,,,,,,,,,,,,,,,,,,,,,,,,,
2026-06-01T18:43:25.876019Z,"{'#attributes': {'Qualifiers': 16384}, '#text': 1004}",dc.scaffold.htb,Microsoft-Windows-Security-SPP,Application,6617,4,,,,,,,,,,,,XrML 2.1 License - {msft:sl/EUL/ACTIVATED/PRIVATE},6d298829-4dc4-4e39-bbbd-9517dd8324e8,,,,,,,,,,,,,,,,,,,,,,,,,,,,,,,,,,,,,,,,,,,,,,,,,,,,,,,,,,
2026-06-01T18:43:25.876019Z,"{'#attributes': {'Qualifiers': 32768}, '#text': 1067}",dc.scaffold.htb,Microsoft-Windows-Security-SPP,Application,6618,4,,,,01000000,,,,,,,,0x00000000,c1a197b6-ba5e-4394-b9bf-b659a6c1b873,,,,,,,,,,,SL_ACTIVATION_VALIDATION_IN_PROGRESS,,,,,,,,,,,,,,,,,,,,,,,,,,,,,,,,,,,,,,,,,,,,,,,
2026-06-01T18:43:31.728155Z,"{'#attributes': {'Qualifiers': 49152}, '#text': 20488}",dc.scaffold.htb,Microsoft-Windows-Security-SPP,Application,6619,4,,,,,,,,,,,,,,,,,,,,,,,,,,,,,,,,,,,,,,,,,,,,,,,,,,,,,,,,,,,,,,,,,,,,,,,
2026-06-01T18:43:32.927788Z,"{'#attributes': {'Qualifiers': 49152}, '#text': 20481}",dc.scaffold.htb,Microsoft-Windows-Security-SPP,Application,6620,4,,,,,,,,,,,,,,,,,,,,,,,,,,,,,,,,,,,,,,,,,,,,,,,,,,,,,,,,,,,,,,,,,,,,,,,
2026-06-01T18:43:33.071886Z,"{'#attributes': {'Qualifiers': 49152}, '#text': 20482}",dc.scaffold.htb,Microsoft-Windows-Security-SPP,Application,6621,4,,,,,,,,,,,,,,,,,,,,,,,,,,,,,,,,,,,,,,,,,,,,,,,,,,,,,,,,,,,,,,,,,,,,,,,
2026-06-01T18:43:43.341563Z,"{'#attributes': {'Qualifiers': 16384}, '#text': 1034}",dc.scaffold.htb,Microsoft-Windows-Security-SPP,Application,6622,4,,,,,,,,,,,,Security-SPP-Reserved-LicenseProperties,100,,,,,,,,,,,,,,,,,,,,,,,,,,,,,,,,,,,,,,,,,,,,,,,,,,,,,,,,,,
2026-06-01T18:43:43.341563Z,"{'#attributes': {'Qualifiers': 16384}, '#text': 1033}",dc.scaffold.htb,Microsoft-Windows-Security-SPP,Application,6623,4,,,,,,,,,,,,(Security-SPP-Reserved-EnableNotificationMode) ,55c92734-d682-4d71-983e-d6ec3f16059f,,,,,,,,,,,c1a197b6-ba5e-4394-b9bf-b659a6c1b873,,,,,,,,,,,,,,,,,,,,,,,,,,,,,,,,,,,,,,,,,,,,,,,
2026-06-01T18:43:43.398345Z,"{'#attributes': {'Qualifiers': 49152}, '#text': 20489}",dc.scaffold.htb,Microsoft-Windows-Security-SPP,Application,6624,4,,,,,,,,,,,,,,,,,,,,,,,,,,,,,,,,,,,,,,,,,,,,,,,,,,,,,,,,,,,,,,,,,,,,,,,
2026-06-01T18:43:43.461042Z,"{'#attributes': {'Qualifiers': 16384}, '#text': 1003}",dc.scaffold.htb,Microsoft-Windows-Security-SPP,Application,6625,4,,,,,,,,,,,,55c92734-d682-4d71-983e-d6ec3f16059f,"
1: c1a197b6-ba5e-4394-b9bf-b659a6c1b873, 1, 1 [(0 [0x00000000, 1, 0], [(?)( 1 0x00000000)(?)( 2 0x00000000 0 0 msft:rm/algorithm/hwid/4.0 0x00000000 0)(?)( 9 0x00000000 180 231590)( 10 0x00000000 msft:rm/algorithm/flags/1.0)(?)])(1 )(2 )(3 )]

",,,,,,,,,,,,,,,,,,,,,,,,,,,,,,,,,,,,,,,,,,,,,,,,,,,,,,,,,,
2026-06-01T18:43:43.461042Z,"{'#attributes': {'Qualifiers': 16384}, '#text': 1003}",dc.scaffold.htb,Microsoft-Windows-Security-SPP,Application,6626,4,,,,,,,,,,,,55c92734-d682-4d71-983e-d6ec3f16059f,"
1: c1a197b6-ba5e-4394-b9bf-b659a6c1b873, 1, 1 [(0 [0x00000000, 1, 0], [(?)( 1 0x00000000)(?)( 2 0x00000000 0 0 msft:rm/algorithm/hwid/4.0 0x00000000 0)(?)( 9 0x00000000 180 231590)( 10 0x00000000 msft:rm/algorithm/flags/1.0)(?)])(1 )(2 )(3 )]

",,,,,,,,,,,,,,,,,,,,,,,,,,,,,,,,,,,,,,,,,,,,,,,,,,,,,,,,,,
2026-06-01T18:43:43.483160Z,"{'#attributes': {'Qualifiers': 32768}, '#text': 1037}",dc.scaffold.htb,Microsoft-Windows-Security-SPP,Application,6627,4,,,,,,,,,,,,validity,231590,,,,,,,,,,,,,,,,,,,,,,,,,,,,,,,,,,,,,,,,,,,,,,,,,,,,,,,,,,
2026-06-01T18:43:43.493504Z,"{'#attributes': {'Qualifiers': 16384}, '#text': 16388}",dc.scaffold.htb,Microsoft-Windows-Security-SPP,Application,6628,4,,,,,,,,,,,,2026-06-01T18:43:43Z,2026-06-01T18:43:43Z,,,,,,,,,,,,,,,,,,,,,,,,,,,,,,,,,,,,,,,,,,,,,,,,,,,,,,,,,,
2026-06-01T18:43:43.528288Z,"{'#attributes': {'Qualifiers': 16384}, '#text': 1003}",dc.scaffold.htb,Microsoft-Windows-Security-SPP,Application,6629,4,,,,,,,,,,,,55c92734-d682-4d71-983e-d6ec3f16059f,"
1: c1a197b6-ba5e-4394-b9bf-b659a6c1b873, 1, 1 [(0 [0x00000000, 1, 0], [(?)( 1 0x00000000)(?)( 2 0x00000000 0 0 msft:rm/algorithm/hwid/4.0 0x00000000 0)(?)( 9 0x00000000 180 231590)( 10 0x00000000 msft:rm/algorithm/flags/1.0)(?)])(1 )(2 )(3 )]

",,,,,,,,,,,,,,,,,,,,,,,,,,,,,,,,,,,,,,,,,,,,,,,,,,,,,,,,,,
2026-06-01T18:43:43.545361Z,"{'#attributes': {'Qualifiers': 49152}, '#text': 8198}",dc.scaffold.htb,Microsoft-Windows-Security-SPP,Application,6630,2,,,,,,,,,,,,hr=0xC004E028,RuleId=3482d82e-ca2c-4e1f-8864-da0267b484b2;Action=AutoActivate;AppId=55c92734-d682-4d71-983e-d6ec3f16059f;SkuId=c1a197b6-ba5e-4394-b9bf-b659a6c1b873;NotificationInterval=1440;Trigger=UserLogon;SessionId=1,,,,,,,,,,,,,,,,,,,,,,,,,,,,,,,,,,,,,,,,,,,,,,,,,,,,,,,,,,
2026-06-01T18:43:43.591125Z,"{'#attributes': {'Qualifiers': 16384}, '#text': 8230}",dc.scaffold.htb,Microsoft-Windows-Security-SPP,Application,6631,4,,,,,,,,,,,Security-SPP-Action-StateData (REG_SZ) =AppId=55c92734-d682-4d71-983e-d6ec3f16059f;GraceEndDate=2026/11/09:14:33:43;LastConsumptionReason=0x4004fc04;LastNotificationId=Cleanup;LicenseState=SL_LICENSING_STATUS_LICENSED;PartialProductKey=W8JDY;ProductKeyType=Retail:TB:Eval;SkuId=c1a197b6-ba5e-4394-b9bf-b659a6c1b873;ruleId=379cccfb-d4e0-48fe-b0f2-0136097be147;uxDifferentiator=TIMEBASED_EVAL,,,,,,,,,,,,,,,,,,,,,,,,,,,,,,,,,,,,,,,,,,,,,,,,,,,,,,,,,,,,
2026-06-01T18:43:43.601311Z,"{'#attributes': {'Qualifiers': 49152}, '#text': 8197}",dc.scaffold.htb,Microsoft-Windows-Security-SPP,Application,6632,4,,,,,,,,,,,RuleId=379cccfb-d4e0-48fe-b0f2-0136097be147;Action=CleanupState;AppId=55c92734-d682-4d71-983e-d6ec3f16059f;SkuId=c1a197b6-ba5e-4394-b9bf-b659a6c1b873;Trigger=TimerEvent,,,,,,,,,,,,,,,,,,,,,,,,,,,,,,,,,,,,,,,,,,,,,,,,,,,,,,,,,,,,
2026-06-01T18:43:47.882911Z,"{'#attributes': {'Qualifiers': 16384}, '#text': 12305}",dc.scaffold.htb,Microsoft-Windows-Security-SPP,Application,6633,4,,,,,,,,,,,55c92734-d682-4d71-983e-d6ec3f16059f,,,,,,,,,,,,,,,,,,,,,,,,,,,,,,,,,,,,,,,,,,,,,,,,,,,,,,,,,,,,
2026-06-01T18:43:47.882911Z,"{'#attributes': {'Qualifiers': 16384}, '#text': 12304}",dc.scaffold.htb,Microsoft-Windows-Security-SPP,Application,6634,4,,,,,,,,,,,{99d92734-d682-4d71-983e-d6ec3f16059f},,,,,,,,,,,,,,,,,,,,,,,,,,,,,,,,,,,,,,,,,,,,,,,,,,,,,,,,,,,,
2026-06-01T18:43:49.617192Z,"{'#attributes': {'Qualifiers': 16384}, '#text': 12311}",dc.scaffold.htb,Microsoft-Windows-Security-SPP,Application,6635,4,,,,,,,,,,,,,,,,,,,,,,,,,,,,,,,,,,,,,,,,,,,,,,,,,,,,,,,,,,,,,,,,,,,,,,,
2026-06-01T18:43:51.887127Z,"{'#attributes': {'Qualifiers': 16384}, '#text': 1034}",dc.scaffold.htb,Microsoft-Windows-Security-SPP,Application,6636,4,,,,,,,,,,,,Security-SPP-Reserved-LicenseProperties,100,,,,,,,,,,,,,,,,,,,,,,,,,,,,,,,,,,,,,,,,,,,,,,,,,,,,,,,,,,
2026-06-01T18:43:51.887127Z,"{'#attributes': {'Qualifiers': 16384}, '#text': 1033}",dc.scaffold.htb,Microsoft-Windows-Security-SPP,Application,6637,4,,,,,,,,,,,,(Security-SPP-Reserved-EnableNotificationMode) ,55c92734-d682-4d71-983e-d6ec3f16059f,,,,,,,,,,,c1a197b6-ba5e-4394-b9bf-b659a6c1b873,,,,,,,,,,,,,,,,,,,,,,,,,,,,,,,,,,,,,,,,,,,,,,,
2026-06-01T18:43:51.913983Z,"{'#attributes': {'Qualifiers': 16384}, '#text': 1003}",dc.scaffold.htb,Microsoft-Windows-Security-SPP,Application,6638,4,,,,,,,,,,,,55c92734-d682-4d71-983e-d6ec3f16059f,"
1: c1a197b6-ba5e-4394-b9bf-b659a6c1b873, 1, 1 [(0 [0x00000000, 1, 0], [(?)( 1 0x00000000)(?)( 2 0x00000000 0 0 msft:rm/algorithm/hwid/4.0 0x00000000 0)(?)( 9 0x00000000 180 231590)( 10 0x00000000 msft:rm/algorithm/flags/1.0)(?)])(1 )(2 )(3 )]

",,,,,,,,,,,,,,,,,,,,,,,,,,,,,,,,,,,,,,,,,,,,,,,,,,,,,,,,,,
2026-06-01T18:43:51.913983Z,"{'#attributes': {'Qualifiers': 49152}, '#text': 8197}",dc.scaffold.htb,Microsoft-Windows-Security-SPP,Application,6639,4,,,,,,,,,,,RuleId=3482d82e-ca2c-4e1f-8864-da0267b484b2;Action=AutoActivate;AppId=55c92734-d682-4d71-983e-d6ec3f16059f;SkuId=c1a197b6-ba5e-4394-b9bf-b659a6c1b873;NotificationInterval=1440;Trigger=NetworkAvailable,,,,,,,,,,,,,,,,,,,,,,,,,,,,,,,,,,,,,,,,,,,,,,,,,,,,,,,,,,,,
2026-06-01T18:44:21.914754Z,"{'#attributes': {'Qualifiers': 16384}, '#text': 16384}",dc.scaffold.htb,Microsoft-Windows-Security-SPP,Application,6640,4,,,,,,,,,,,,2026-06-02T18:43:21Z,TBL,,,,,,,,,,,,,,,,,,,,,,,,,,,,,,,,,,,,,,,,,,,,,,,,,,,,,,,,,,
2026-06-01T18:44:21.914754Z,"{'#attributes': {'Qualifiers': 16384}, '#text': 903}",dc.scaffold.htb,Microsoft-Windows-Security-SPP,Application,6641,0,,,,,,,,,,,,,,,,,,,,,,,,,,,,,,,,,,,,,,,,,,,,,,,,,,,,,,,,,,,,,,,,,,,,,,,
2026-06-01T18:44:30.804554Z,"{'#attributes': {'Qualifiers': 16384}, '#text': 900}",dc.scaffold.htb,Microsoft-Windows-Security-SPP,Application,6642,4,,,,,,,,,,,<explicit>,,,,,,,,,,,,,,,,,,,,,,,,,,,,,,,,,,,,,,,,,,,,,,,,,,,,,,,,,,,,
2026-06-01T18:44:30.820280Z,"{'#attributes': {'Qualifiers': 49152}, '#text': 16394}",dc.scaffold.htb,Microsoft-Windows-Security-SPP,Application,6643,4,,,,,,,,,,,,,,,,,,,,,,,,,,,,,,,,,,,,,,,,,,,,,,,,,,,,,,,,,,,,,,,,,,,,,,,
2026-06-01T18:44:31.027562Z,1001,dc.scaffold.htb,Microsoft-Windows-LoadPerf,Application,6644,4,,,,,,,,,,,,,,,,,,,,,,,,,,,,,,,,,,,,,,,,,,,,,,,,,,,,,,,,,LoadPerf,7636000077360000D2050000,12,WmiApRpl,,,,WmiApRpl,,,,,,,
2026-06-01T18:44:31.070167Z,1000,dc.scaffold.htb,Microsoft-Windows-LoadPerf,Application,6645,4,,,,,,,,,,,,,,,,,,,,,,,,,,,,,,,,,,,,,,,,,,,,,,,,,,,,,,,,,LoadPerf,783600001E370000793600001F370000,16,WmiApRpl,,,,WmiApRpl,,,,,,,
2026-06-01T18:45:03.002688Z,"{'#attributes': {'Qualifiers': 0}, '#text': 8224}",dc.scaffold.htb,VSS,Application,6646,4,,,,2D20436F64653A2020434F525356434330303030303737382D2043616C6C3A2020434F525356434330303030303736302D205049443A202030303030353236382D205449443A202030303030353239362D20434D443A2020433A5C57696E646F77735C73797374656D33325C76737376632E6578652020202D20557365723A204E616D653A204E5420415554484F524954595C53595354454D2C205349443A532D312D352D313820,,,,,,,,,,,,,,,,,,,,,,,,,,,,,,,,,,,,,,,,,,,,,,,,,,,,,,,,,,,,,,,,,,,
