2026-09-02T05:42:16.476025Z,1531,dc.scaffold.htb,Microsoft-Windows-User Profiles Service,Application,11012,4,,,,,,,,,,,,,,,,,,,,,,,,,,,,,,,,,,,,,,,,,,,,,,,,,,,,,,,,,,,,,,,,,,,,,,,
2026-09-02T05:42:26.307387Z,"{'#attributes': {'Qualifiers': 16641}, '#text': 1025}",dc.scaffold.htb,WDSServer,Application,11013,4,,,,,,,,,,,5040,,,,,,,,,,,,,,,,,,,,,,,,,,,,,,,,,,,,,,,,,,,,,,,,,,,,,,,,,,,,
2026-09-02T05:42:26.682387Z,"{'#attributes': {'Qualifiers': 0}, '#text': 105}",dc.scaffold.htb,VMTools,Application,11014,4,,,,,,,,,,,,,,,,,,,,,,,,,,,,,,,,,,,,,,,,,,,,,,,,,,,,,,,,,,,,,,,,,,,,,,,
2026-09-02T05:42:28.854263Z,"{'#attributes': {'Qualifiers': 16641}, '#text': 517}",dc.scaffold.htb,WDSServer,Application,11015,4,,,,,,,,,,,,WDSMC,C:\Windows\system32\wdsmc.dll,,,,,,,,,,,,,,,,,,,,,,,,,,,,,,,,,,,,,,,,,,,,,,,,,,,,,,,,,,
2026-09-02T05:42:29.260513Z,"{'#attributes': {'Qualifiers': 0}, '#text': 102}",dc.scaffold.htb,ESENT,Application,11016,4,,,,,,,,,,,,svchost,"2436,P,98",,,,,,,,,,,WDS: ,,,,0,10,00,20348,0000,,,,,,,,,,,,,,,,,,,,,,,,,,,,,,,,,,,,,,,
2026-09-02T05:42:27.952264Z,5615,dc.scaffold.htb,Microsoft-Windows-WMI,Application,11017,4,,,,,,,,,,,,,,,,,,,,,,,,,,,,,,,,,,,,,,,,,,,,,,,,,,,,,,,,,,,,,,,,,,,,,,,
2026-09-02T05:42:29.432390Z,"{'#attributes': {'Qualifiers': 0}, '#text': 300}",dc.scaffold.htb,ESENT,Application,11018,4,,,,,,,,,,,,svchost,"2436,R,98",,,,,,,,,,,WDS: ,,,,,,,,,,,,,,,,,,,,,,,,,,,,,,,,,,,,,,,,,,,,,,,
2026-09-02T05:42:29.698015Z,"{'#attributes': {'Qualifiers': 0}, '#text': 335}",dc.scaffold.htb,ESENT,Application,11019,4,,,,,,,,,,,,svchost,"2436,R,98",,,,,,,,,,,WDS: ,,,,Create,C:\RemoteInstall\Stores\Metadata\WDSMD.mdb,"(00000001,0001,0268)",AttachFuture,,,,,,,,,,,,,,,,,,,,,,,,,,,,,,,,,,,,,,,,
2026-09-02T05:42:30.166767Z,"{'#attributes': {'Qualifiers': 0}, '#text': 301}",dc.scaffold.htb,ESENT,Application,11020,4,,,,,,,,,,,,svchost,"2436,R,98",,,,,,,,,,,WDS: ,,,,C:\RemoteInstall\Stores\Metadata\WDS.log,"
[1] 0.732789 -0.694109 (66) WT +J(CM:0, PgRf:0, Rd:0/0, Dy:0/0, Lg:713780/1130) +M(C:0K, Fs:1334, WS:232K # 264K, PF:172K # 204K, P:172K).",Insert   ,277,,,,,,,,,,,,,,,,,,,,,,,,,,,,,,,,,,,,,,,,
2026-09-02T05:42:30.588639Z,"{'#attributes': {'Qualifiers': 0}, '#text': 302}",dc.scaffold.htb,ESENT,Application,11021,4,,,,,,,,,,,,svchost,"2436,U,98",,,,,,,,,,,WDS: ,,,,,,,,,,,,,,,,,,,,,,,,,,,,,,,,,,,,,,,,,,,,,,,
2026-09-02T05:42:30.635512Z,"{'#attributes': {'Qualifiers': 0}, '#text': 105}",dc.scaffold.htb,ESENT,Application,11022,4,,,,,,,,,,,,svchost,"2436,D,0",,,,,,,,,,,WDS: ,,,,0,1,"
[1] 0.001392 +J(0) +M(C:0K, Fs:178, WS:696K # 696K, PF:4508K # 4508K, P:4508K)
[2] 0.000844 +J(0) +M(C:64K, Fs:150, WS:588K # 588K, PF:1256K # 1256K, P:1256K)
[3] 0.000050 +J(0) +M(C:0K, Fs:6, WS:20K # 20K, PF:68K # 68K, P:68K)
[4] 0.000150 +J(0) +M(C:0K, Fs:22, WS:88K # 88K, PF:228K # 228K, P:228K)
[5] 0.000613 +J(0) +M(C:0K, Fs:9, WS:36K # 36K, PF:16K # 16K, P:16K)
[6] 0.004488 +J(0) +M(C:0K, Fs:26, WS:104K # 104K, PF:12K # 16K, P:12K)
[7] 0.158542 -0.144393 (11) WT +J(0) +M(C:0K, Fs:1299, WS:5188K # 5188K, PF:5128K # 5124K, P:5128K)
[8] 0.739275 -0.695223 (69) WT +J(CM:0, PgRf:0, Rd:0/0, Dy:0/0, Lg:713780/1130) +M(C:0K, Fs:1377, WS:396K # 428K, PF:256K # 288K, P:256K)
[9] 0.001994 +J(0) +M(C:0K, Fs:3, WS:12K # 0K, PF:0K # 0K, P:0K)
[10] 0.022008 -0.020005 (10) WT +J(0) +M(C:0K, Fs:0, WS:-5116K # 0K, PF:-5120K # 0K, P:-5120K)
[11] 0.000031 +J(CM:0, PgRf:0, Rd:0/0, Dy:0/0, Lg:49/1) +M(C:0K, Fs:2, WS:8K # 0K, PF:0K # 0K, P:0K)
[12] 0.000038 +J(0)
[13] 0.436501 -0.003581 (2) CM -0.403433 (30) WT +J(CM:2, PgRf:2, Rd:0/2, Dy:0/0, Lg:8759/5) +M(C:-56K, Fs:1352, WS:52K # 44K, PF:84K # 68K, P:84K)
[14] 0.000021 +J(0)
[15] 0.000029 +J(0)
[16] 0.003588 -0.003390 (1) WT +J(0) +M(C:0K, Fs:2, WS:0K # 0K, PF:0K # 0K, P:0K).","lgposV2[] = 00000001:0001:0000 - 00000001:00B0:0309 - 00000001:00B1:0000 - 00000001:00B1:0000 (00000000:0000:0000)
cReInits = 51
",,,,,,,,,,,,,,,,,,,,,,,,,,,,,,,,,,,,,,,,
2026-09-02T05:42:31.119889Z,"{'#attributes': {'Qualifiers': 0}, '#text': 326}",dc.scaffold.htb,ESENT,Application,11023,4,,,,,,,,,,,,svchost,"2436,D,50",,,,,,,,,,,WDS: ,,,,1,C:\RemoteInstall\Stores\Metadata\WDSMD.mdb,0,"
[1] 0.000003 +J(0)
[2] 0.002656 -0.002439 (1) WT +J(0) +M(C:0K, Fs:24, WS:32K # 0K, PF:32K # 0K, P:32K)
[3] 0.467089 -0.457085 (6) WT +J(CM:0, PgRf:0, Rd:0/0, Dy:0/0, Lg:3480/2) +M(C:0K, Fs:14, WS:24K # 0K, PF:20K # 0K, P:20K)
[4] 0.000119 +J(0)
[5] -
[6] -
[7] -
[8] 0.005777 -0.005424 (2) CM -0.005304 (2) WT +J(CM:2, PgRf:2, Rd:4/2, Dy:0/0, Lg:54/1) +M(C:120K, Fs:46, WS:128K # 0K, PF:140K # 0K, P:140K)
[9] 0.006780 -0.006413 (3) CM -0.006261 (3) WT +J(CM:3, PgRf:16, Rd:0/2, Dy:0/0, Lg:0/0) +M(C:-16K, Fs:41, WS:80K # 0K, PF:212K # 0K, P:212K)
[10] 0.002762 -0.002621 (1) CM -0.002545 (1) WT +J(CM:1, PgRf:35, Rd:0/1, Dy:0/0, Lg:0/0) +M(C:-28K, Fs:4, WS:-12K # 0K, PF:36K # 0K, P:36K)
[11] 0.000017 +J(CM:0, PgRf:1, Rd:0/0, Dy:0/0, Lg:0/0) +M(C:0K, Fs:3, WS:12K # 0K, PF:0K # 0K, P:0K)
[12] 0.000042 +J(CM:0, PgRf:42, Rd:0/0, Dy:0/0, Lg:0/0) +M(C:0K, Fs:1, WS:4K # 0K, PF:0K # 0K, P:0K)
[13] 0.0 +J(0)
[14] 0.0 +J(0)
[15] 0.000004 +J(CM:0, PgRf:1, Rd:0/0, Dy:0/0, Lg:0/0).",1 0,"lgposAttach = 00000001:00B3:0268,
dbv = 1568.180.400 (9360)",,,,,,,,,,,,,,,,,,,,,,,,,,,,,,,,,,,,,,
2026-09-02T05:42:32.057389Z,"{'#attributes': {'Qualifiers': 16641}, '#text': 517}",dc.scaffold.htb,WDSServer,Application,11024,4,,,,,,,,,,,,WDSMDMGR,C:\Windows\system32\wdsmdmgr.dll,,,,,,,,,,,,,,,,,,,,,,,,,,,,,,,,,,,,,,,,,,,,,,,,,,,,,,,,,,
2026-09-02T05:42:32.448012Z,"{'#attributes': {'Qualifiers': 16641}, '#text': 517}",dc.scaffold.htb,WDSServer,Application,11025,4,,,,,,,,,,,,WDSTFTP,C:\Windows\system32\wdstftp.dll,,,,,,,,,,,,,,,,,,,,,,,,,,,,,,,,,,,,,,,,,,,,,,,,,,,,,,,,,,
2026-09-02T05:42:32.463637Z,"{'#attributes': {'Qualifiers': 16384}, '#text': 17069}",dc.scaffold.htb,MSSQL$SQLEXPRESS,Application,11026,4,,,,AD4200000A0000000E000000440043005C00530051004C004500580050005200450053005300000000000000,,,,,,,"Microsoft SQL Server 2019 (RTM) - 15.0.2000.5 (X64) 
	Sep 24 2019 13:48:23 
	Copyright (C) 2019 Microsoft Corporation
	Express Edition (64-bit) on Windows Server 2022 Datacenter 10.0 <X64> (Build 20348: ) (Hypervisor)
",,,,,,,,,,,,,,,,,,,,,,,,,,,,,,,,,,,,,,,,,,,,,,,,,,,,,,,,,,,,
2026-09-02T05:42:32.479263Z,"{'#attributes': {'Qualifiers': 16384}, '#text': 49916}",dc.scaffold.htb,MSSQL$SQLEXPRESS,Application,11027,4,,,,FCC200000A0000000E000000440043005C00530051004C004500580050005200450053005300000000000000,,,,,,,,-7,00,,,,,,,,,,,,,,,,,,,,,,,,,,,,,,,,,,,,,,,,,,,,,,,,,,,,,,,,,,
2026-09-02T05:42:32.479263Z,"{'#attributes': {'Qualifiers': 16384}, '#text': 17101}",dc.scaffold.htb,MSSQL$SQLEXPRESS,Application,11028,4,,,,CD4200000A0000000E000000440043005C00530051004C004500580050005200450053005300000000000000,,,,,,,,,,,,,,,,,,,,,,,,,,,,,,,,,,,,,,,,,,,,,,,,,,,,,,,,,,,,,,,,,,,
2026-09-02T05:42:32.479263Z,"{'#attributes': {'Qualifiers': 16384}, '#text': 17103}",dc.scaffold.htb,MSSQL$SQLEXPRESS,Application,11029,4,,,,CF4200000A0000000E000000440043005C00530051004C004500580050005200450053005300000000000000,,,,,,,,,,,,,,,,,,,,,,,,,,,,,,,,,,,,,,,,,,,,,,,,,,,,,,,,,,,,,,,,,,,
2026-09-02T05:42:32.479263Z,"{'#attributes': {'Qualifiers': 16384}, '#text': 17104}",dc.scaffold.htb,MSSQL$SQLEXPRESS,Application,11030,4,,,,D04200000A0000000E000000440043005C00530051004C004500580050005200450053005300000000000000,,,,,,,3180,,,,,,,,,,,,,,,,,,,,,,,,,,,,,,,,,,,,,,,,,,,,,,,,,,,,,,,,,,,,
2026-09-02T05:42:32.479263Z,"{'#attributes': {'Qualifiers': 16384}, '#text': 18496}",dc.scaffold.htb,MSSQL$SQLEXPRESS,Application,11031,4,,,,404800000A0000000E000000440043005C00530051004C004500580050005200450053005300000000000000,,,,,,,,"VMware, Inc.","VMware20,1",,,,,,,,,,,,,,,,,,,,,,,,,,,,,,,,,,,,,,,,,,,,,,,,,,,,,,,,,,
2026-09-02T05:42:32.479263Z,"{'#attributes': {'Qualifiers': 16384}, '#text': 15268}",dc.scaffold.htb,MSSQL$SQLEXPRESS,Application,11032,4,,,,A43B00000A0000000E000000440043005C00530051004C004500580050005200450053005300000000000000,,,,,,,MIXED,,,,,,,,,,,,,,,,,,,,,,,,,,,,,,,,,,,,,,,,,,,,,,,,,,,,,,,,,,,,
2026-09-02T05:42:32.479263Z,"{'#attributes': {'Qualifiers': 16384}, '#text': 17111}",dc.scaffold.htb,MSSQL$SQLEXPRESS,Application,11033,4,,,,D74200000A0000000E000000440043005C00530051004C004500580050005200450053005300000000000000,,,,,,,C:\Program Files\Microsoft SQL Server\MSSQL15.SQLEXPRESS\MSSQL\Log\ERRORLOG,,,,,,,,,,,,,,,,,,,,,,,,,,,,,,,,,,,,,,,,,,,,,,,,,,,,,,,,,,,,
2026-09-02T05:42:32.479263Z,"{'#attributes': {'Qualifiers': 16384}, '#text': 49904}",dc.scaffold.htb,MSSQL$SQLEXPRESS,Application,11034,4,,,,F0C200000A0000000E000000440043005C00530051004C004500580050005200450053005300000000000000,,,,,,,NT Service\MSSQL$SQLEXPRESS,,,,,,,,,,,,,,,,,,,,,,,,,,,,,,,,,,,,,,,,,,,,,,,,,,,,,,,,,,,,
2026-09-02T05:42:32.494891Z,"{'#attributes': {'Qualifiers': 16384}, '#text': 17110}",dc.scaffold.htb,MSSQL$SQLEXPRESS,Application,11035,4,,,,D64200000A0000000E000000440043005C00530051004C004500580050005200450053005300000000000000,,,,,,,"
	 -d C:\Program Files\Microsoft SQL Server\MSSQL15.SQLEXPRESS\MSSQL\DATA\master.mdf
	 -e C:\Program Files\Microsoft SQL Server\MSSQL15.SQLEXPRESS\MSSQL\Log\ERRORLOG
	 -l C:\Program Files\Microsoft SQL Server\MSSQL15.SQLEXPRESS\MSSQL\DATA\mastlog.ldf",,,,,,,,,,,,,,,,,,,,,,,,,,,,,,,,,,,,,,,,,,,,,,,,,,,,,,,,,,,,
2026-09-02T05:42:32.932387Z,"{'#attributes': {'Qualifiers': 16384}, '#text': 17115}",dc.scaffold.htb,MSSQL$SQLEXPRESS,Application,11036,4,,,,DB4200000A0000000E000000440043005C00530051004C004500580050005200450053005300000000000000,,,,,,,"
	 -s ""SQLEXPRESS""",,,,,,,,,,,,,,,,,,,,,,,,,,,,,,,,,,,,,,,,,,,,,,,,,,,,,,,,,,,,
2026-09-02T05:42:33.338640Z,"{'#attributes': {'Qualifiers': 16384}, '#text': 17164}",dc.scaffold.htb,MSSQL$SQLEXPRESS,Application,11037,4,,,,0C4300000A0000000E000000440043005C00530051004C004500580050005200450053005300000000000000,,,,,,,,1,2,,,,,,,,,,,2,,,,2,2,,,,,,,,,,,,,,,,,,,,,,,,,,,,,,,,,,,,,,,,,,
2026-09-02T05:42:33.338640Z,"{'#attributes': {'Qualifiers': 16384}, '#text': 17162}",dc.scaffold.htb,MSSQL$SQLEXPRESS,Application,11038,4,,,,0A4300000A0000000E000000440043005C00530051004C004500580050005200450053005300000000000000,,,,,,,,,,,,,,,,,,,,,,,,,,,,,,,,,,,,,,,,,,,,,,,,,,,,,,,,,,,,,,,,,,,
2026-09-02T05:42:33.338640Z,"{'#attributes': {'Qualifiers': 16384}, '#text': 49903}",dc.scaffold.htb,MSSQL$SQLEXPRESS,Application,11039,4,,,,EFC200000A0000000E000000440043005C00530051004C004500580050005200450053005300000000000000,,,,,,,4095,,,,,,,,,,,,,,,,,,,,,,,,,,,,,,,,,,,,,,,,,,,,,,,,,,,,,,,,,,,,
2026-09-02T05:42:33.338640Z,"{'#attributes': {'Qualifiers': 16384}, '#text': 852}",dc.scaffold.htb,MSSQL$SQLEXPRESS,Application,11040,4,,,,540300000A0000000E000000440043005C00530051004C004500580050005200450053005300000000000000,,,,,,,,,,,,,,,,,,,,,,,,,,,,,,,,,,,,,,,,,,,,,,,,,,,,,,,,,,,,,,,,,,,
2026-09-02T05:42:33.854263Z,"{'#attributes': {'Qualifiers': 16384}, '#text': 894}",dc.scaffold.htb,MSSQL$SQLEXPRESS,Application,11041,4,,,,7E0300000A0000000E000000440043005C00530051004C004500580050005200450053005300000000000000,,,,,,,,1048576,645862,,,,,,,,,,,,,,,,,,,,,,,,,,,,,,,,,,,,,,,,,,,,,,,,,,,,,,,,,,
2026-09-02T05:42:33.491098Z,5617,dc.scaffold.htb,Microsoft-Windows-WMI,Application,11042,4,,,,,,,,,,,,,,,,,,,,,,,,,,,,,,,,,,,,,,,,,,,,,,,,,,,,,,,,,,,,,,,,,,,,,,,
2026-09-02T05:42:36.932387Z,"{'#attributes': {'Qualifiers': 16384}, '#text': 9027}",dc.scaffold.htb,Desktop Window Manager,Application,11043,4,,,,,,,,,,,,,,,,,,,,,,,,,,,,,,,,,,,,,,,,,,,,,,,,,,,,,,,,,,,,,,,,,,,,,,,
2026-09-02T05:42:40.994891Z,"{'#attributes': {'Qualifiers': 16384}, '#text': 49917}",dc.scaffold.htb,MSSQL$SQLEXPRESS,Application,11044,4,,,,FDC200000A0000000E000000440043005C00530051004C004500580050005200450053005300000000000000,,,,,,,,SQL_Latin1_General_CP1_CI_AS,us_english,,,,,,,,,,,1033,,,,,,,,,,,,,,,,,,,,,,,,,,,,,,,,,,,,,,,,,,,,,,,
2026-09-02T05:42:41.432387Z,"{'#attributes': {'Qualifiers': 16384}, '#text': 873}",dc.scaffold.htb,MSSQL$SQLEXPRESS,Application,11045,4,,,,690300000A0000000E000000440043005C00530051004C004500580050005200450053005300000000000000,,,,,,,,,,,,,,,,,,,,,,,,,,,,,,,,,,,,,,,,,,,,,,,,,,,,,,,,,,,,,,,,,,,
2026-09-02T05:42:42.432391Z,"{'#attributes': {'Qualifiers': 16384}, '#text': 781}",dc.scaffold.htb,Microsoft-Windows-Complus,Application,11046,4,,,,,,,,,,,,,,,,,,,,,,,,,,,,,,,,,,,,,,,,,,,,,,,,,,,,,,,,,,,,86400,,,,SuppressDuplicateDuration,Software\Microsoft\COM3\Eventlog,,,,,,
2026-09-02T05:42:43.760516Z,"{'#attributes': {'Qualifiers': 16384}, '#text': 17176}",dc.scaffold.htb,MSSQL$SQLEXPRESS,Application,11047,4,,,,184300000A0000000E000000440043005C00530051004C004500580050005200450053005300000000000000,,,,,,,,3460,9/1/2026 9:55:46 PM,,,,,,,,,,,9/2/2026 4:55:46 AM,,,,,,,,,,,,,,,,,,,,,,,,,,,,,,,,,,,,,,,,,,,,,,,
2026-09-02T05:42:43.776141Z,"{'#attributes': {'Qualifiers': 16384}, '#text': 17811}",dc.scaffold.htb,MSSQL$SQLEXPRESS,Application,11048,4,,,,934500000A0000000E000000440043005C00530051004C004500580050005200450053005300000000000000,,,,,,,1,,,,,,,,,,,,,,,,,,,,,,,,,,,,,,,,,,,,,,,,,,,,,,,,,,,,,,,,,,,,
2026-09-02T05:42:43.791763Z,"{'#attributes': {'Qualifiers': 16384}, '#text': 17152}",dc.scaffold.htb,MSSQL$SQLEXPRESS,Application,11049,4,,,,004300000A0000000E000000440043005C00530051004C004500580050005200450053005300000000000000,,,,,,,,0,0000000000000003,,,,,,,,,,,0,,,,0000000000000003,0,,,,,,,,,,,,,,,,,,,,,,,,,,,,,,,,,,,,,,,,,,
2026-09-02T05:42:44.198012Z,"{'#attributes': {'Qualifiers': 16384}, '#text': 17125}",dc.scaffold.htb,MSSQL$SQLEXPRESS,Application,11050,4,,,,E54200000A0000000E000000440043005C00530051004C004500580050005200450053005300000000000000,,,,,,,,2500,5000,,,,,,,,,,,,,,,,,,,,,,,,,,,,,,,,,,,,,,,,,,,,,,,,,,,,,,,,,,
2026-09-02T05:42:46.073015Z,"{'#attributes': {'Qualifiers': 0}, '#text': 258}",dc.scaffold.htb,VMUpgradeHelper,Application,11051,4,,,,,,,,,,,,,,,,,,,,,,,,,,,,,,,,,,,,,,,,,,,,,,,,,,,,,,,,,,,,,,,,,,,,,,,
2026-09-02T05:42:50.682388Z,"{'#attributes': {'Qualifiers': 0}, '#text': 0}",dc.scaffold.htb,Microsoft Deployment Toolkit Monitor Service,Application,11052,4,,,,,,,,,,,Service started successfully.,,,,,,,,,,,,,,,,,,,,,,,,,,,,,,,,,,,,,,,,,,,,,,,,,,,,,,,,,,,,
2026-09-02T05:42:51.041763Z,"{'#attributes': {'Qualifiers': 16384}, '#text': 17118}",dc.scaffold.htb,MSSQL$SQLEXPRESS,Application,11053,4,,,,DE4200000A0000000E000000440043005C00530051004C004500580050005200450053005300000000000000,,,,,,,disabled,,,,,,,,,,,,,,,,,,,,,,,,,,,,,,,,,,,,,,,,,,,,,,,,,,,,,,,,,,,,
2026-09-02T05:42:51.418360Z,"{'#attributes': {'Qualifiers': 16384}, '#text': 49921}",dc.scaffold.htb,MSSQL$SQLEXPRESS,Application,11054,4,,,,01C300000A0000000E000000440043005C00530051004C004500580050005200450053005300000000000000,,,,,,,1,,,,,,,,,,,,,,,,,,,,,,,,,,,,,,,,,,,,,,,,,,,,,,,,,,,,,,,,,,,,
2026-09-02T05:42:51.541766Z,"{'#attributes': {'Qualifiers': 16384}, '#text': 9048}",dc.scaffold.htb,MSSQL$SQLEXPRESS,Application,11055,4,,,,582300000A0000000E000000440043005C00530051004C004500580050005200450053005300000000000000,,,,,,,clwb,,,,,,,,,,,,,,,,,,,,,,,,,,,,,,,,,,,,,,,,,,,,,,,,,,,,,,,,,,,,
2026-09-02T05:42:51.557389Z,"{'#attributes': {'Qualifiers': 16384}, '#text': 49910}",dc.scaffold.htb,MSSQL$SQLEXPRESS,Application,11056,4,,,,F6C200000A0000000E000000440043005C00530051004C004500580050005200450053005300000000000000,,,,,,,,,,,,,,,,,,,,,,,,,,,,,,,,,,,,,,,,,,,,,,,,,,,,,,,,,,,,,,,,,,,
2026-09-02T05:42:54.198016Z,"{'#attributes': {'Qualifiers': 16384}, '#text': 6253}",dc.scaffold.htb,MSSQL$SQLEXPRESS,Application,11057,4,,,,6D1800000A0000000E000000440043005C00530051004C004500580050005200450053005300000000000000,,,,,,,,v4.0.30319,C:\Windows\Microsoft.NET\Framework64\v4.0.30319\,,,,,,,,,,,,,,,,,,,,,,,,,,,,,,,,,,,,,,,,,,,,,,,,,,,,,,,,,,
2026-09-02T05:42:54.213637Z,"{'#attributes': {'Qualifiers': 16384}, '#text': 4202}",dc.scaffold.htb,Microsoft-Windows-MSDTC 2,Application,11058,4,,,,,,,,,,,,,,,,,,,,,,,,,,,,,,,,,,,,,,,,,,,,,,,,,,,,,,,,,,,,0,0,0,1,0,0,0,0,0,1,Mutual Authentication Required,NT AUTHORITY\NetworkService
2026-09-02T05:42:55.026138Z,"{'#attributes': {'Qualifiers': 0}, '#text': 271}",dc.scaffold.htb,VMUpgradeHelper,Application,11059,4,,,,,,,,,,,,,,,,,,,,,,,,,,,,,,,,,,,,,,,,,,,,,,,,,,,,,,,,,,,,,,,,,,,,,,,
2026-09-02T05:42:57.291764Z,"{'#attributes': {'Qualifiers': 16641}, '#text': 517}",dc.scaffold.htb,WDSServer,Application,11060,4,,,,,,,,,,,,WDSDCMGR,C:\Windows\system32\wdsdcmgr.dll,,,,,,,,,,,,,,,,,,,,,,,,,,,,,,,,,,,,,,,,,,,,,,,,,,,,,,,,,,
2026-09-02T05:42:57.354267Z,"{'#attributes': {'Qualifiers': 16641}, '#text': 517}",dc.scaffold.htb,WDSServer,Application,11061,4,,,,,,,,,,,,WDSDCPXE,C:\Windows\system32\wdsdcpxe.dll,,,,,,,,,,,,,,,,,,,,,,,,,,,,,,,,,,,,,,,,,,,,,,,,,,,,,,,,,,
2026-09-02T05:42:57.369891Z,"{'#attributes': {'Qualifiers': 16384}, '#text': 17137}",dc.scaffold.htb,MSSQL$SQLEXPRESS,Application,11062,4,,,,F14200000A0000000E000000440043005C00530051004C004500580050005200450053005300000000000000,,,,,,,master,,,,,,,,,,,,,,,,,,,,,,,,,,,,,,,,,,,,,,,,,,,,,,,,,,,,,,,,,,,,
2026-09-02T05:42:57.682390Z,"{'#attributes': {'Qualifiers': 0}, '#text': 102}",dc.scaffold.htb,ESENT,Application,11063,4,,,,,,,,,,,,svchost,"2436,P,98",,,,,,,,,,,DDP: ,,,,1,10,00,20348,0000,,,,,,,,,,,,,,,,,,,,,,,,,,,,,,,,,,,,,,,
2026-09-02T05:42:57.713640Z,"{'#attributes': {'Qualifiers': 0}, '#text': 300}",dc.scaffold.htb,ESENT,Application,11064,4,,,,,,,,,,,,svchost,"2436,R,98",,,,,,,,,,,DDP: ,,,,,,,,,,,,,,,,,,,,,,,,,,,,,,,,,,,,,,,,,,,,,,,
2026-09-02T05:42:57.776137Z,"{'#attributes': {'Qualifiers': 0}, '#text': 335}",dc.scaffold.htb,ESENT,Application,11065,4,,,,,,,,,,,,svchost,"2436,R,98",,,,,,,,,,,DDP: ,,,,Create,C:\RemoteInstall\Stores\Drivers\Metadata\DdpDb.mdb,"(00000001,0001,0268)",AttachFuture,,,,,,,,,,,,,,,,,,,,,,,,,,,,,,,,,,,,,,,,
2026-09-02T05:42:58.166766Z,"{'#attributes': {'Qualifiers': 0}, '#text': 301}",dc.scaffold.htb,ESENT,Application,11066,4,,,,,,,,,,,,svchost,"2436,R,98",,,,,,,,,,,DDP: ,,,,C:\RemoteInstall\Stores\Drivers\Metadata\DDP.log,"
[1] 0.447906 -0.400543 (65) WT +J(CM:0, PgRf:0, Rd:0/0, Dy:0/0, Lg:928758/1784) +M(C:0K, Fs:1215, WS:60K # 104K, PF:60K # 96K, P:60K).",Insert   ,479,,,,,,,,,,,,,,,,,,,,,,,,,,,,,,,,,,,,,,,,
2026-09-02T05:42:58.276141Z,"{'#attributes': {'Qualifiers': 0}, '#text': 302}",dc.scaffold.htb,ESENT,Application,11067,4,,,,,,,,,,,,svchost,"2436,U,98",,,,,,,,,,,DDP: ,,,,,,,,,,,,,,,,,,,,,,,,,,,,,,,,,,,,,,,,,,,,,,,
2026-09-02T05:42:58.307391Z,"{'#attributes': {'Qualifiers': 0}, '#text': 105}",dc.scaffold.htb,ESENT,Application,11068,4,,,,,,,,,,,,svchost,"2436,D,0",,,,,,,,,,,DDP: ,,,,1,0,"
[1] -
[2] -
[3] 0.000037 +J(0) +M(C:0K, Fs:3, WS:12K # 12K, PF:0K # 0K, P:0K)
[4] 0.000160 +J(0) +M(C:0K, Fs:11, WS:44K # 44K, PF:160K # 0K, P:160K)
[5] 0.000719 +J(0) +M(C:0K, Fs:4, WS:16K # 16K, PF:16K # 0K, P:16K)
[6] 0.001760 +J(0) +M(C:0K, Fs:2, WS:8K # 8K, PF:16K # 0K, P:16K)
[7] 0.022843 -0.018185 (11) WT +J(0) +M(C:0K, Fs:1283, WS:5120K # 5120K, PF:5132K # 4416K, P:5132K)
[8] 0.464113 -0.403646 (68) WT +J(CM:0, PgRf:0, Rd:0/0, Dy:0/0, Lg:928758/1784) +M(C:0K, Fs:1250, WS:192K # 236K, PF:68K # 112K, P:68K)
[9] 0.000580 +J(0)
[10] 0.015289 -0.013010 (10) WT +J(0) +M(C:0K, Fs:6, WS:-5092K # 0K, PF:-5128K # 0K, P:-5128K)
[11] 0.000025 +J(CM:0, PgRf:0, Rd:0/0, Dy:0/0, Lg:49/1) +M(C:0K, Fs:1, WS:4K # 0K, PF:0K # 0K, P:0K)
[12] 0.000044 +J(0)
[13] 0.121753 -0.003722 (2) CM -0.082734 (30) WT +J(CM:2, PgRf:2, Rd:0/2, Dy:0/0, Lg:8759/5) +M(C:72K, Fs:1319, WS:-80K # 0K, PF:16K # 0K, P:16K)
[14] 0.000017 +J(0)
[15] 0.000042 +J(0)
[16] 0.001586 -0.001423 (1) WT +J(0) +M(C:0K, Fs:2, WS:0K # 0K, PF:0K # 0K, P:0K).","lgposV2[] = 00000001:0001:0000 - 00000001:00E5:0319 - 00000001:00E6:0000 - 00000001:00E6:0000 (00000000:0000:0000)
cReInits = 50
",,,,,,,,,,,,,,,,,,,,,,,,,,,,,,,,,,,,,,,,
2026-09-02T05:42:58.604264Z,"{'#attributes': {'Qualifiers': 0}, '#text': 326}",dc.scaffold.htb,ESENT,Application,11069,4,,,,,,,,,,,,svchost,"2436,D,50",,,,,,,,,,,DDP: ,,,,3,C:\RemoteInstall\Stores\Drivers\Metadata\DdpDb.mdb,0,"
[1] 0.000002 +J(0)
[2] 0.003654 -0.003446 (1) WT +J(0) +M(C:0K, Fs:24, WS:32K # 0K, PF:32K # 0K, P:32K)
[3] 0.280941 -0.021487 (6) WT +J(CM:0, PgRf:0, Rd:0/0, Dy:0/0, Lg:3480/2) +M(C:0K, Fs:13, WS:20K # 0K, PF:20K # 0K, P:20K)
[4] 0.000113 +J(0)
[5] -
[6] -
[7] -
[8] 0.000437 +J(CM:0, PgRf:2, Rd:11/0, Dy:0/0, Lg:54/1) +M(C:112K, Fs:69, WS:276K # 0K, PF:132K # 0K, P:132K)
[9] 0.005561 -0.005249 (2) CM -0.005185 (2) WT +J(CM:2, PgRf:16, Rd:0/1, Dy:0/0, Lg:0/0) +M(C:-76K, Fs:1, WS:-72K # 0K, PF:-76K # 0K, P:-76K)
[10] 0.000923 -0.000802 (1) CM -0.000764 (1) WT +J(CM:1, PgRf:35, Rd:0/1, Dy:0/0, Lg:0/0) +M(C:-28K, Fs:1, WS:-24K # 0K, PF:-28K # 0K, P:-28K)
[11] 0.000012 +J(CM:0, PgRf:1, Rd:0/0, Dy:0/0, Lg:0/0)
[12] 0.000041 +J(CM:0, PgRf:42, Rd:0/0, Dy:0/0, Lg:0/0)
[13] 0.0 +J(0)
[14] 0.0 +J(0)
[15] 0.000005 +J(CM:0, PgRf:1, Rd:0/0, Dy:0/0, Lg:0/0).",1 0,"lgposAttach = 00000001:00E8:0268,
dbv = 1568.180.400 (9360)",,,,,,,,,,,,,,,,,,,,,,,,,,,,,,,,,,,,,,
2026-09-02T05:42:58.635517Z,"{'#attributes': {'Qualifiers': 0}, '#text': 102}",dc.scaffold.htb,ESENT,Application,11070,4,,,,,,,,,,,,certsrv.exe,"2744,P,98",,,,,,,,,,,,,,,0,10,00,20348,0000,,,,,,,,,,,,,,,,,,,,,,,,,,,,,,,,,,,,,,,
2026-09-02T05:42:58.666762Z,"{'#attributes': {'Qualifiers': 0}, '#text': 105}",dc.scaffold.htb,ESENT,Application,11071,4,,,,,,,,,,,,certsrv.exe,"2744,D,0",,,,,,,,,,,,,,,0,0,"
[1] 0.001121 +J(0) +M(C:0K, Fs:126, WS:496K # 496K, PF:2408K # 2140K, P:2408K)
[2] 0.000500 +J(0) +M(C:3200K, Fs:158, WS:616K # 616K, PF:4140K # 4140K, P:4140K)
[3] 0.000016 +J(0) +M(C:0K, Fs:6, WS:24K # 24K, PF:64K # 64K, P:64K)
[4] 0.000105 +J(0) +M(C:0K, Fs:37, WS:148K # 148K, PF:492K # 492K, P:492K)
[5] 0.000751 +J(0) +M(C:0K, Fs:15, WS:60K # 60K, PF:32K # 32K, P:32K)
[6] 0.003011 +J(0) +M(C:0K, Fs:29, WS:116K # 116K, PF:12K # 12K, P:12K)
[7] 0.009365 -0.006120 (3) WT +J(0) +M(C:0K, Fs:275, WS:1096K # 1096K, PF:1028K # 1028K, P:1028K)
[8] -
[9] -
[10] -
[11] -
[12] -
[13] 0.011353 -0.006883 (4) WT +J(CM:0, PgRf:0, Rd:0/0, Dy:0/0, Lg:616/1) +M(C:0K, Fs:6, WS:-1008K # 16K, PF:-1024K # 12K, P:-1024K)
[14] 0.000017 +J(0)
[15] 0.000140 +J(0) +M(C:0K, Fs:101, WS:400K # 0K, PF:68K # 0K, P:68K)
[16] 0.000697 -0.000525 (1) WT +J(0) +M(C:0K, Fs:4, WS:8K # 0K, PF:0K # 0K, P:0K).",,,,,,,,,,,,,,,,,,,,,,,,,,,,,,,,,,,,,,,,,
2026-09-02T05:42:58.713639Z,"{'#attributes': {'Qualifiers': 0}, '#text': 326}",dc.scaffold.htb,ESENT,Application,11072,4,,,,,,,,,,,,certsrv.exe,"2744,D,50",,,,,,,,,,,,,,,1,C:\Windows\system32\CertLog\scaffold-DC-CA.edb,0,"
[1] 0.000005 +J(0) +M(C:0K, Fs:1, WS:4K # 0K, PF:0K # 0K, P:0K)
[2] 0.001695 -0.001466 (1) WT +J(0) +M(C:0K, Fs:18, WS:8K # 0K, PF:4K # 0K, P:4K)
[3] 0.033636 -0.025168 (6) WT +J(CM:0, PgRf:0, Rd:0/0, Dy:0/0, Lg:3480/2) +M(C:0K, Fs:25, WS:92K # 0K, PF:120K # 0K, P:120K)
[4] 0.000132 +J(0)
[5] -
[6] -
[7] -
[8] 0.002024 -0.001752 (2) CM -0.001616 (2) WT +J(CM:2, PgRf:2, Rd:14/2, Dy:0/0, Lg:54/1) +M(C:0K, Fs:40, WS:160K # 0K, PF:148K # 0K, P:148K)
[9] 0.006185 -0.005926 (3) CM -0.005756 (3) WT +J(CM:3, PgRf:23, Rd:0/2, Dy:0/0, Lg:0/0) +M(C:0K, Fs:31, WS:124K # 0K, PF:196K # 0K, P:196K)
[10] 0.001377 -0.001240 (1) CM -0.001134 (1) WT +J(CM:1, PgRf:40, Rd:0/1, Dy:0/0, Lg:0/0) +M(C:0K, Fs:5, WS:20K # 0K, PF:64K # 0K, P:64K)
[11] 0.000018 +J(CM:0, PgRf:1, Rd:0/0, Dy:0/0, Lg:0/0) +M(C:0K, Fs:4, WS:16K # 0K, PF:0K # 0K, P:0K)
[12] 0.000045 +J(CM:0, PgRf:42, Rd:0/0, Dy:0/0, Lg:0/0) +M(C:0K, Fs:1, WS:4K # 0K, PF:0K # 0K, P:0K)
[13] 0.0 +J(0)
[14] 0.0 +J(0)
[15] 0.000005 +J(CM:0, PgRf:1, Rd:0/0, Dy:0/0, Lg:0/0).",0 0,"lgposAttach = 00000005:009C:0268,
dbv = 1568.180.400 (9360)",,,,,,,,,,,,,,,,,,,,,,,,,,,,,,,,,,,,,,
2026-09-02T05:42:59.119892Z,"{'#attributes': {'Qualifiers': 0}, '#text': 102}",dc.scaffold.htb,ESENT,Application,11073,4,,,,,,,,,,,,DFSRs,"2848,P,98",,,,,,,,,,,\\.\C:\System Volume Information\DFSR\database_D030_CE70_30CE_5D5A\dfsr.db: ,,,,0,10,00,20348,0000,,,,,,,,,,,,,,,,,,,,,,,,,,,,,,,,,,,,,,,
2026-09-02T05:42:59.760515Z,"{'#attributes': {'Qualifiers': 16384}, '#text': 3421}",dc.scaffold.htb,MSSQL$SQLEXPRESS,Application,11074,4,,,,5D0D00000A0000000E000000440043005C00530051004C0045005800500052004500530053000000070000006D00610073007400650072000000,,,,,,,,master,1,,,,,,,,,,,2,,,,30,7,1054,0,0,,,,,,,,,,,,,,,,,,,,,,,,,,,,,,,,,,,,,,,
2026-09-02T05:43:00.104266Z,"{'#attributes': {'Qualifiers': 16641}, '#text': 517}",dc.scaffold.htb,WDSServer,Application,11075,4,,,,,,,,,,,,WDSDDPS,C:\Windows\system32\wdsddps.dll,,,,,,,,,,,,,,,,,,,,,,,,,,,,,,,,,,,,,,,,,,,,,,,,,,,,,,,,,,
2026-09-02T05:43:01.057392Z,"{'#attributes': {'Qualifiers': 262}, '#text': 256}",dc.scaffold.htb,WDSIMGSRV,Application,11076,4,,,,,,,,,,,,,,,,,,,,,,,,,,,,,,,,,,,,,,,,,,,,,,,,,,,,,,,,,,,,,,,,,,,,,,,
2026-09-02T05:43:01.057392Z,"{'#attributes': {'Qualifiers': 16641}, '#text': 517}",dc.scaffold.htb,WDSServer,Application,11077,4,,,,,,,,,,,,WdsImgSrv,C:\Windows\system32\WdsImgSrv.dll,,,,,,,,,,,,,,,,,,,,,,,,,,,,,,,,,,,,,,,,,,,,,,,,,,,,,,,,,,
2026-09-02T05:43:01.494888Z,"{'#attributes': {'Qualifiers': 0}, '#text': 102}",dc.scaffold.htb,ESENT,Application,11078,4,,,,,,,,,,,,svchost,"2436,P,98",,,,,,,,,,,AAP: ,,,,2,10,00,20348,0000,,,,,,,,,,,,,,,,,,,,,,,,,,,,,,,,,,,,,,,
2026-09-02T05:43:01.557388Z,"{'#attributes': {'Qualifiers': 0}, '#text': 300}",dc.scaffold.htb,ESENT,Application,11079,4,,,,,,,,,,,,svchost,"2436,R,98",,,,,,,,,,,AAP: ,,,,,,,,,,,,,,,,,,,,,,,,,,,,,,,,,,,,,,,,,,,,,,,
2026-09-02T05:43:01.588638Z,"{'#attributes': {'Qualifiers': 0}, '#text': 335}",dc.scaffold.htb,ESENT,Application,11080,4,,,,,,,,,,,,svchost,"2436,R,98",,,,,,,,,,,AAP: ,,,,Create,C:\RemoteInstall\Mgmt\binlsvcdb.mdb,"(00000001,0001,0268)",AttachFuture,,,,,,,,,,,,,,,,,,,,,,,,,,,,,,,,,,,,,,,,
2026-09-02T05:43:01.894619Z,"{'#attributes': {'Qualifiers': 0}, '#text': 105}",dc.scaffold.htb,ESENT,Application,11081,4,,,,,,,,,,,,DFSRs,"2848,D,0",,,,,,,,,,,\\.\C:\System Volume Information\DFSR\database_D030_CE70_30CE_5D5A\dfsr.db: ,,,,0,2,"
[1] 0.001526 +J(0) +M(C:0K, Fs:248, WS:964K # 964K, PF:6496K # 6400K, P:6496K)
[2] 0.000281 +J(0) +M(C:16K, Fs:97, WS:380K # 380K, PF:324K # 324K, P:324K)
[3] 0.000016 +J(0) +M(C:0K, Fs:4, WS:12K # 12K, PF:68K # 68K, P:68K)
[4] 0.000203 +J(0) +M(C:2032K, Fs:32, WS:124K # 124K, PF:2428K # 2428K, P:2428K)
[5] 0.001009 +J(0) +M(C:0K, Fs:10, WS:40K # 40K, PF:24K # 24K, P:24K)
[6] 0.000951 +J(0) +M(C:0K, Fs:16, WS:64K # 64K, PF:12K # 12K, P:12K)
[7] -
[8] -
[9] -
[10] -
[11] -
[12] -
[13] 1.926493 -0.293922 (22) WT +J(CM:0, PgRf:0, Rd:0/0, Dy:0/0, Lg:616/1) +M(C:0K, Fs:1526, WS:892K # 5996K, PF:136K # 5264K, P:136K)
[14] 0.000018 +J(0)
[15] 0.000131 +J(0) +M(C:0K, Fs:64, WS:256K # 0K, PF:64K # 0K, P:64K)
[16] 0.836700 -0.262103 (3) WT +J(0) +M(C:0K, Fs:12, WS:32K # 0K, PF:0K # 0K, P:0K).",,,,,,,,,,,,,,,,,,,,,,,,,,,,,,,,,,,,,,,,,
2026-09-02T05:43:01.963792Z,"{'#attributes': {'Qualifiers': 16384}, '#text': 33217}",dc.scaffold.htb,MSSQL$SQLEXPRESS,Application,11082,4,,,,C18100000A0000000E000000440043005C00530051004C0045005800500052004500530053000000070000006D00610073007400650072000000,,,,,,,,,,,,,,,,,,,,,,,,,,,,,,,,,,,,,,,,,,,,,,,,,,,,,,,,,,,,,,,,,,,
2026-09-02T05:43:01.994888Z,"{'#attributes': {'Qualifiers': 16384}, '#text': 33218}",dc.scaffold.htb,MSSQL$SQLEXPRESS,Application,11083,4,,,,C28100000A0000000E000000440043005C00530051004C0045005800500052004500530053000000070000006D00610073007400650072000000,,,,,,,,,,,,,,,,,,,,,,,,,,,,,,,,,,,,,,,,,,,,,,,,,,,,,,,,,,,,,,,,,,,
2026-09-02T05:43:02.010514Z,"{'#attributes': {'Qualifiers': 0}, '#text': 301}",dc.scaffold.htb,ESENT,Application,11084,4,,,,,,,,,,,,svchost,"2436,R,98",,,,,,,,,,,AAP: ,,,,C:\RemoteInstall\Mgmt\AAP.log,"
[1] 0.445571 -0.147903 (65) WT +J(CM:0, PgRf:0, Rd:0/0, Dy:0/0, Lg:742182/1289) +M(C:0K, Fs:1215, WS:60K # 104K, PF:60K # 96K, P:60K).",Insert   ,326,,,,,,,,,,,,,,,,,,,,,,,,,,,,,,,,,,,,,,,,
2026-09-02T05:43:02.385513Z,"{'#attributes': {'Qualifiers': 0}, '#text': 302}",dc.scaffold.htb,ESENT,Application,11085,4,,,,,,,,,,,,svchost,"2436,U,98",,,,,,,,,,,AAP: ,,,,,,,,,,,,,,,,,,,,,,,,,,,,,,,,,,,,,,,,,,,,,,,
2026-09-02T05:43:02.416764Z,"{'#attributes': {'Qualifiers': 0}, '#text': 105}",dc.scaffold.htb,ESENT,Application,11086,4,,,,,,,,,,,,svchost,"2436,D,0",,,,,,,,,,,AAP: ,,,,2,0,"
[1] -
[2] -
[3] 0.000039 +J(0) +M(C:0K, Fs:3, WS:12K # 0K, PF:0K # 0K, P:0K)
[4] 0.000137 +J(0) +M(C:0K, Fs:7, WS:28K # 0K, PF:156K # 0K, P:156K)
[5] 0.001283 +J(0) +M(C:0K, Fs:5, WS:20K # 0K, PF:20K # 0K, P:20K)
[6] 0.002721 +J(0) +M(C:0K, Fs:1, WS:4K # 0K, PF:12K # 0K, P:12K)
[7] 0.027219 -0.022800 (11) WT +J(0) +M(C:0K, Fs:1283, WS:5120K # 1812K, PF:5132K # 976K, P:5132K)
[8] 0.485652 -0.149741 (68) WT +J(CM:0, PgRf:0, Rd:0/0, Dy:0/0, Lg:742182/1289) +M(C:0K, Fs:1251, WS:196K # 240K, PF:68K # 112K, P:68K)
[9] 0.000542 +J(0)
[10] 0.022394 -0.020038 (10) WT +J(0) +M(C:0K, Fs:0, WS:-5116K # 0K, PF:-5128K # 0K, P:-5128K)
[11] 0.000025 +J(CM:0, PgRf:0, Rd:0/0, Dy:0/0, Lg:49/1) +M(C:0K, Fs:1, WS:4K # 0K, PF:0K # 0K, P:0K)
[12] 0.000043 +J(0)
[13] 0.389234 -0.002381 (2) CM -0.337132 (31) WT +J(CM:2, PgRf:2, Rd:0/2, Dy:0/0, Lg:8759/5) +M(C:-56K, Fs:1363, WS:88K # 52K, PF:-116K # 0K, P:-116K)
[14] 0.000020 +J(0)
[15] 0.000032 +J(0)
[16] 0.003856 -0.003686 (1) WT +J(0) +M(C:0K, Fs:2, WS:0K # 0K, PF:0K # 0K, P:0K).","lgposV2[] = 00000001:0001:0000 - 00000001:00B7:02FB - 00000001:00B8:0000 - 00000001:00B8:0000 (00000000:0000:0000)
cReInits = 50
",,,,,,,,,,,,,,,,,,,,,,,,,,,,,,,,,,,,,,,,
2026-09-02T05:43:02.479262Z,"{'#attributes': {'Qualifiers': 0}, '#text': 326}",dc.scaffold.htb,ESENT,Application,11087,4,,,,,,,,,,,,svchost,"2436,D,50",,,,,,,,,,,AAP: ,,,,5,C:\RemoteInstall\Mgmt\binlsvcdb.mdb,0,"
[1] 0.000003 +J(0)
[2] 0.001326 -0.001094 (1) WT +J(0) +M(C:0K, Fs:24, WS:32K # 0K, PF:32K # 0K, P:32K)
[3] 0.050141 -0.038931 (6) WT +J(CM:0, PgRf:0, Rd:0/0, Dy:0/0, Lg:3480/2) +M(C:0K, Fs:13, WS:20K # 0K, PF:20K # 0K, P:20K)
[4] 0.000364 +J(0)
[5] -
[6] -
[7] -
[8] 0.000369 +J(CM:0, PgRf:2, Rd:12/0, Dy:0/0, Lg:54/1) +M(C:108K, Fs:53, WS:212K # 0K, PF:128K # 0K, P:128K)
[9] 0.004742 -0.004508 (2) CM -0.004427 (2) WT +J(CM:2, PgRf:16, Rd:0/1, Dy:0/0, Lg:0/0) +M(C:-16K, Fs:10, WS:-40K # 0K, PF:-8K # 0K, P:-8K)
[10] 0.001346 -0.001208 (1) CM -0.001157 (1) WT +J(CM:1, PgRf:35, Rd:0/1, Dy:0/0, Lg:0/0) +M(C:-28K, Fs:8, WS:4K # 0K, PF:-28K # 0K, P:-28K)
[11] 0.000011 +J(CM:0, PgRf:1, Rd:0/0, Dy:0/0, Lg:0/0)
[12] 0.000042 +J(CM:0, PgRf:42, Rd:0/0, Dy:0/0, Lg:0/0)
[13] 0.0 +J(0)
[14] 0.0 +J(0)
[15] 0.000005 +J(CM:0, PgRf:1, Rd:0/0, Dy:0/0, Lg:0/0).",1 0,"lgposAttach = 00000001:00BA:0268,
dbv = 1568.180.400 (9360)",,,,,,,,,,,,,,,,,,,,,,,,,,,,,,,,,,,,,,
2026-09-02T05:43:02.823013Z,"{'#attributes': {'Qualifiers': 0}, '#text': 325}",dc.scaffold.htb,ESENT,Application,11088,4,,,,,,,,,,,,DFSRs,"2848,D,35",,,,,,,,,,,\\.\C:\System Volume Information\DFSR\database_D030_CE70_30CE_5D5A\dfsr.db: ,,,,1,\\.\C:\System Volume Information\DFSR\database_D030_CE70_30CE_5D5A\dfsr.db,0,"
[1] 0.000109 +J(0) +M(C:0K, Fs:7, WS:24K # 0K, PF:12K # 0K, P:12K)
[2] 0.003998 -0.001550 (1) WT +J(CM:0, PgRf:0, Rd:0/0, Dy:0/0, Lg:3480/2) +M(C:0K, Fs:4, WS:16K # 0K, PF:0K # 0K, P:0K)
[3] 0.586522 -0.000005 (3) WT +J(0) +M(C:0K, Fs:20, WS:72K # 0K, PF:20K # 0K, P:20K)
[4] 0.000561 +J(0) +M(C:0K, Fs:1, WS:4K # 0K, PF:0K # 0K, P:0K)
[5] 0.006886 -0.004963 (3) WT +J(CM:0, PgRf:3, Rd:0/0, Dy:3/6, Lg:122/4) +M(C:0K, Fs:41, WS:156K # 0K, PF:252K # 0K, P:252K)
[6] 0.020471 -0.015479 (2) WT +J(CM:0, PgRf:209, Rd:0/0, Dy:12/408, Lg:24454/447) +M(C:0K, Fs:76, WS:304K # 0K, PF:224K # 0K, P:224K)
[7] 0.008473 -0.007930 (3) WT +J(CM:0, PgRf:0, Rd:0/0, Dy:0/0, Lg:4096/3) +M(C:0K, Fs:3, WS:4K # 0K, PF:0K # 0K, P:0K)
[8] 0.000004 +J(0)
[9] 0.279554 -0.278482 (5) WT +J(0) +M(C:-52K, Fs:9, WS:-24K # 0K, PF:-52K # 0K, P:-52K)
[10] 0.019142 -0.016095 (5) WT +J(CM:0, PgRf:348, Rd:0/0, Dy:7/93, Lg:12509/130) +M(C:12K, Fs:46, WS:176K # 0K, PF:96K # 0K, P:96K)
[11] 0.000003 +J(0).",0 0,"lgposCreate = 00000001:0001:0268,
dbv = 1568.180.400 (9360)",,,,,,,,,,,,,,,,,,,,,,,,,,,,,,,,,,,,,,
2026-09-02T05:43:01.955445Z,26,dc.scaffold.htb,Microsoft-Windows-CertificationAuthority,Application,11089,4,,,,,,scaffold-DC-CA,,dc.scaffold.htb,  DC=,,,,,,,,,,,,,,,,,,,,,,,,,,,,,,,,,,,,,,,,,,,,,,,MSG_I_SERVER_STARTED,,,,,,,,,,,,,,,
2026-09-02T05:43:04.291764Z,"{'#attributes': {'Qualifiers': 16384}, '#text': 19030}",dc.scaffold.htb,MSSQL$SQLEXPRESS,Application,11090,4,,,,564A00000A0000000E000000440043005C00530051004C0045005800500052004500530053000000070000006D00610073007400650072000000,,,,,,,,1,sa,,,,,,,,,,,,,,,,,,,,,,,,,,,,,,,,,,,,,,,,,,,,,,,,,,,,,,,,,,
2026-09-02T05:43:04.823014Z,"{'#attributes': {'Qualifiers': 16384}, '#text': 17663}",dc.scaffold.htb,MSSQL$SQLEXPRESS,Application,11091,4,,,,FF4400000A0000000E000000440043005C00530051004C0045005800500052004500530053000000070000006D00610073007400650072000000,,,,,,,DC\SQLEXPRESS,,,,,,,,,,,,,,,,,,,,,,,,,,,,,,,,,,,,,,,,,,,,,,,,,,,,,,,,,,,,
2026-09-02T05:43:04.979263Z,"{'#attributes': {'Qualifiers': 16384}, '#text': 17137}",dc.scaffold.htb,MSSQL$SQLEXPRESS,Application,11092,4,,,,F14200000A0000000E000000440043005C00530051004C0045005800500052004500530053000000070000006D00610073007400650072000000,,,,,,,msdb,,,,,,,,,,,,,,,,,,,,,,,,,,,,,,,,,,,,,,,,,,,,,,,,,,,,,,,,,,,,
2026-09-02T05:43:05.026138Z,"{'#attributes': {'Qualifiers': 16645}, '#text': 1305}",dc.scaffold.htb,BINLSVC,Application,11093,4,,,,,,,,,,,,x86{A6453152-4CDD-41D5-9406-B455638EE1F3}.bcd,x86,,,,,,,,,,,,,,,,,,,,,,,,,,,,,,,,,,,,,,,,,,,,,,,,,,,,,,,,,,
2026-09-02T05:43:05.463638Z,"{'#attributes': {'Qualifiers': 16384}, '#text': 17137}",dc.scaffold.htb,MSSQL$SQLEXPRESS,Application,11094,4,,,,F14200000A0000000E000000440043005C00530051004C0045005800500052004500530053000000070000006D00610073007400650072000000,,,,,,,mssqlsystemresource,,,,,,,,,,,,,,,,,,,,,,,,,,,,,,,,,,,,,,,,,,,,,,,,,,,,,,,,,,,,
2026-09-02T05:43:05.510518Z,"{'#attributes': {'Qualifiers': 16384}, '#text': 26018}",dc.scaffold.htb,MSSQL$SQLEXPRESS,Application,11095,4,,,,A26500000A0000000E000000440043005C00530051004C004500580050005200450053005300000000000000,,,,,,,,,,,,,,,,,,,,,,,,,,,,,,,,,,,,,,,,,,,,,,,,,,,,,,,,,,,,,,,,,,,
2026-09-02T05:43:05.541765Z,"{'#attributes': {'Qualifiers': 16384}, '#text': 26022}",dc.scaffold.htb,MSSQL$SQLEXPRESS,Application,11096,4,,,,A66500000A0000000E000000440043005C00530051004C004500580050005200450053005300000000000000,,,,,,,,'any',ipv6,,,,,,,,,,,52951,,,,,,,,,,,,,,,,,,,,,,,,,,,,,,,,,,,,,,,,,,,,,,,
2026-09-02T05:43:05.541765Z,"{'#attributes': {'Qualifiers': 16384}, '#text': 26022}",dc.scaffold.htb,MSSQL$SQLEXPRESS,Application,11097,4,,,,A66500000A0000000E000000440043005C00530051004C004500580050005200450053005300000000000000,,,,,,,,'any',ipv4,,,,,,,,,,,52951,,,,,,,,,,,,,,,,,,,,,,,,,,,,,,,,,,,,,,,,,,,,,,,
2026-09-02T05:43:05.541765Z,"{'#attributes': {'Qualifiers': 16384}, '#text': 26048}",dc.scaffold.htb,MSSQL$SQLEXPRESS,Application,11098,4,,,,C06500000A0000000E000000440043005C00530051004C004500580050005200450053005300000000000000,,,,,,,\\.\pipe\SQLLocal\SQLEXPRESS,,,,,,,,,,,,,,,,,,,,,,,,,,,,,,,,,,,,,,,,,,,,,,,,,,,,,,,,,,,,
2026-09-02T05:43:05.557391Z,"{'#attributes': {'Qualifiers': 16384}, '#text': 26048}",dc.scaffold.htb,MSSQL$SQLEXPRESS,Application,11099,4,,,,C06500000A0000000E000000440043005C00530051004C004500580050005200450053005300000000000000,,,,,,,\\.\pipe\MSSQL$SQLEXPRESS\sql\query,,,,,,,,,,,,,,,,,,,,,,,,,,,,,,,,,,,,,,,,,,,,,,,,,,,,,,,,,,,,
2026-09-02T05:43:05.588645Z,"{'#attributes': {'Qualifiers': 16384}, '#text': 17199}",dc.scaffold.htb,MSSQL$SQLEXPRESS,Application,11100,4,,,,2F4300000A0000000E000000440043005C00530051004C004500580050005200450053005300000000000000,,,,,,,7806,,,,,,,,,,,,,,,,,,,,,,,,,,,,,,,,,,,,,,,,,,,,,,,,,,,,,,,,,,,,
2026-09-02T05:43:05.604273Z,"{'#attributes': {'Qualifiers': 16384}, '#text': 17126}",dc.scaffold.htb,MSSQL$SQLEXPRESS,Application,11101,4,,,,E64200000A0000000E000000440043005C00530051004C004500580050005200450053005300000000000000,,,,,,,,,,,,,,,,,,,,,,,,,,,,,,,,,,,,,,,,,,,,,,,,,,,,,,,,,,,,,,,,,,,
2026-09-02T05:43:05.604273Z,"{'#attributes': {'Qualifiers': 16384}, '#text': 26076}",dc.scaffold.htb,MSSQL$SQLEXPRESS,Application,11102,4,,,,DC6500000A0000000E000000440043005C00530051004C004500580050005200450053005300000000000000,,,,,,,,,,,,,,,,,,,,,,,,,,,,,,,,,,,,,,,,,,,,,,,,,,,,,,,,,,,,,,,,,,,
2026-09-02T05:43:05.869889Z,"{'#attributes': {'Qualifiers': 16384}, '#text': 958}",dc.scaffold.htb,MSSQL$SQLEXPRESS,Application,11103,4,,,,BE0300000A0000000E000000440043005C00530051004C0045005800500052004500530053000000070000006D00610073007400650072000000,,,,,,,15.00.2000,,,,,,,,,,,,,,,,,,,,,,,,,,,,,,,,,,,,,,,,,,,,,,,,,,,,,,,,,,,,
2026-09-02T05:43:05.994888Z,"{'#attributes': {'Qualifiers': 16384}, '#text': 26067}",dc.scaffold.htb,MSSQL$SQLEXPRESS,Application,11104,4,,,,D36500000A0000000E000000440043005C00530051004C004500580050005200450053005300000000000000,,,,,,,,MSSQLSvc/dc.scaffold.htb:SQLEXPRESS,0x2098,,,,,,,,,,,15,,,,,,,,,,,,,,,,,,,,,,,,,,,,,,,,,,,,,,,,,,,,,,,
2026-09-02T05:43:05.994888Z,"{'#attributes': {'Qualifiers': 16384}, '#text': 26067}",dc.scaffold.htb,MSSQL$SQLEXPRESS,Application,11105,4,,,,D36500000A0000000E000000440043005C00530051004C004500580050005200450053005300000000000000,,,,,,,,MSSQLSvc/dc.scaffold.htb:52951,0x2098,,,,,,,,,,,15,,,,,,,,,,,,,,,,,,,,,,,,,,,,,,,,,,,,,,,,,,,,,,,
2026-09-02T05:43:06.369891Z,"{'#attributes': {'Qualifiers': 16645}, '#text': 1305}",dc.scaffold.htb,BINLSVC,Application,11106,4,,,,,,,,,,,,x64{A5565E56-DD48-4AF8-BC1A-160C52271EAB}.bcd,x64,,,,,,,,,,,,,,,,,,,,,,,,,,,,,,,,,,,,,,,,,,,,,,,,,,,,,,,,,,
2026-09-02T05:43:07.057389Z,"{'#attributes': {'Qualifiers': 16384}, '#text': 17137}",dc.scaffold.htb,MSSQL$SQLEXPRESS,Application,11107,4,,,,F14200000A0000000E000000440043005C00530051004C0045005800500052004500530053000000070000006D00610073007400650072000000,,,,,,,model,,,,,,,,,,,,,,,,,,,,,,,,,,,,,,,,,,,,,,,,,,,,,,,,,,,,,,,,,,,,
2026-09-02T05:43:07.057389Z,"{'#attributes': {'Qualifiers': 16645}, '#text': 1305}",dc.scaffold.htb,BINLSVC,Application,11108,4,,,,,,,,,,,,arm64{B62BA034-ECA2-487B-A702-F02EDEB414AE}.bcd,arm64,,,,,,,,,,,,,,,,,,,,,,,,,,,,,,,,,,,,,,,,,,,,,,,,,,,,,,,,,,
2026-09-02T05:43:07.916764Z,"{'#attributes': {'Qualifiers': 16645}, '#text': 1305}",dc.scaffold.htb,BINLSVC,Application,11109,4,,,,,,,,,,,,x86x64{2228B911-059F-4A32-9F7C-45BA422F2874}.bcd,x86x64,,,,,,,,,,,,,,,,,,,,,,,,,,,,,,,,,,,,,,,,,,,,,,,,,,,,,,,,,,
2026-09-02T05:43:08.776983Z,"{'#attributes': {'Qualifiers': 16384}, '#text': 17136}",dc.scaffold.htb,MSSQL$SQLEXPRESS,Application,11110,4,,,,F04200000A0000000E000000440043005C00530051004C0045005800500052004500530053000000070000006D00610073007400650072000000,,,,,,,,,,,,,,,,,,,,,,,,,,,,,,,,,,,,,,,,,,,,,,,,,,,,,,,,,,,,,,,,,,,
2026-09-02T05:43:08.932389Z,"{'#attributes': {'Qualifiers': 16645}, '#text': 1305}",dc.scaffold.htb,BINLSVC,Application,11111,4,,,,,,,,,,,,arm{BC36DE97-72E8-4796-9568-07AC93FDCCC7}.bcd,arm,,,,,,,,,,,,,,,,,,,,,,,,,,,,,,,,,,,,,,,,,,,,,,,,,,,,,,,,,,
2026-09-02T05:43:09.416766Z,"{'#attributes': {'Qualifiers': 16645}, '#text': 1305}",dc.scaffold.htb,BINLSVC,Application,11112,4,,,,,,,,,,,,x86uefi{9F80A7A6-3FA8-4D7C-829A-90DDDAC91DB0}.bcd,x86uefi,,,,,,,,,,,,,,,,,,,,,,,,,,,,,,,,,,,,,,,,,,,,,,,,,,,,,,,,,,
2026-09-02T05:43:10.448014Z,"{'#attributes': {'Qualifiers': 16645}, '#text': 1305}",dc.scaffold.htb,BINLSVC,Application,11113,4,,,,,,,,,,,,x64uefi{8536C61B-4B17-45F3-A5C1-357723D1AE20}.bcd,x64uefi,,,,,,,,,,,,,,,,,,,,,,,,,,,,,,,,,,,,,,,,,,,,,,,,,,,,,,,,,,
2026-09-02T05:43:10.791764Z,"{'#attributes': {'Qualifiers': 16647}, '#text': 262}",dc.scaffold.htb,WDSPXE,Application,11114,4,,,,,,,,,,,,WDSDCPXE,C:\Windows\system32\wdsdcpxe.dll,,,,,,,,,,,,,,,,,,,,,,,,,,,,,,,,,,,,,,,,,,,,,,,,,,,,,,,,,,
2026-09-02T05:43:10.901140Z,"{'#attributes': {'Qualifiers': 16647}, '#text': 777}",dc.scaffold.htb,WDSPXE,Application,11115,4,,,,,,,,,,,,,,,,,,,,,,,,,,,,,,,,,,,,,,,,,,,,,,,,,,,,,,,,,,,,,,,,,,,,,,,
2026-09-02T05:43:10.901140Z,"{'#attributes': {'Qualifiers': 16641}, '#text': 517}",dc.scaffold.htb,WDSServer,Application,11116,4,,,,,,,,,,,,WDSPXE,C:\Windows\system32\wdspxe.dll,,,,,,,,,,,,,,,,,,,,,,,,,,,,,,,,,,,,,,,,,,,,,,,,,,,,,,,,,,
2026-09-02T05:43:11.323015Z,"{'#attributes': {'Qualifiers': 16384}, '#text': 17137}",dc.scaffold.htb,MSSQL$SQLEXPRESS,Application,11117,4,,,,F14200000A0000000E000000440043005C00530051004C0045005800500052004500530053000000070000006D00610073007400650072000000,,,,,,,tempdb,,,,,,,,,,,,,,,,,,,,,,,,,,,,,,,,,,,,,,,,,,,,,,,,,,,,,,,,,,,,
2026-09-02T05:43:11.479264Z,"{'#attributes': {'Qualifiers': 16641}, '#text': 256}",dc.scaffold.htb,WDSServer,Application,11118,4,,,,,,,,,,,,,,,,,,,,,,,,,,,,,,,,,,,,,,,,,,,,,,,,,,,,,,,,,,,,,,,,,,,,,,,
2026-09-02T05:43:12.869890Z,"{'#attributes': {'Qualifiers': 16384}, '#text': 9666}",dc.scaffold.htb,MSSQL$SQLEXPRESS,Application,11119,4,,,,C22500000A0000000E000000440043005C00530051004C0045005800500052004500530053000000070000006D00610073007400650072000000,,,,,,,Service Broker,,,,,,,,,,,,,,,,,,,,,,,,,,,,,,,,,,,,,,,,,,,,,,,,,,,,,,,,,,,,
2026-09-02T05:43:12.869890Z,"{'#attributes': {'Qualifiers': 16384}, '#text': 9666}",dc.scaffold.htb,MSSQL$SQLEXPRESS,Application,11120,4,,,,C22500000A0000000E000000440043005C00530051004C0045005800500052004500530053000000070000006D00610073007400650072000000,,,,,,,Database Mirroring,,,,,,,,,,,,,,,,,,,,,,,,,,,,,,,,,,,,,,,,,,,,,,,,,,,,,,,,,,,,
2026-09-02T05:43:13.541766Z,"{'#attributes': {'Qualifiers': 16384}, '#text': 9688}",dc.scaffold.htb,MSSQL$SQLEXPRESS,Application,11121,4,,,,D82500000A0000000E000000440043005C00530051004C0045005800500052004500530053000000070000006D00610073007400650072000000,,,,,,,,,,,,,,,,,,,,,,,,,,,,,,,,,,,,,,,,,,,,,,,,,,,,,,,,,,,,,,,,,,,
2026-09-02T05:43:13.557391Z,"{'#attributes': {'Qualifiers': 16384}, '#text': 3408}",dc.scaffold.htb,MSSQL$SQLEXPRESS,Application,11122,4,,,,500D00000A0000000E000000440043005C00530051004C0045005800500052004500530053000000070000006D00610073007400650072000000,,,,,,,,,,,,,,,,,,,,,,,,,,,,,,,,,,,,,,,,,,,,,,,,,,,,,,,,,,,,,,,,,,,
2026-09-02T05:43:17.682390Z,"{'#attributes': {'Qualifiers': 32768}, '#text': 6003}",dc.scaffold.htb,Microsoft-Windows-Winlogon,Application,11123,4,,,,D9060000,,,,,,,SessionEnv,,,,,,,,,,,,,,,,,,,,,,,,,,,,,,,,,,,,,,,,,,,,,,,,,,,,,,,,,,,,
2026-09-02T05:43:19.354262Z,"{'#attributes': {'Qualifiers': 32768}, '#text': 6000}",dc.scaffold.htb,Microsoft-Windows-Winlogon,Application,11124,4,,,,D9060000,,,,,,,SessionEnv,,,,,,,,,,,,,,,,,,,,,,,,,,,,,,,,,,,,,,,,,,,,,,,,,,,,,,,,,,,,
2026-09-02T05:44:37.869890Z,"{'#attributes': {'Qualifiers': 0}, '#text': 0}",dc.scaffold.htb,edgeupdate,Application,11125,4,,,,,,,,,,,Service stopped,,,,,,,,,,,,,,,,,,,,,,,,,,,,,,,,,,,,,,,,,,,,,,,,,,,,,,,,,,,,
2026-09-02T05:44:38.448016Z,"{'#attributes': {'Qualifiers': 16384}, '#text': 900}",dc.scaffold.htb,Microsoft-Windows-Security-SPP,Application,11126,4,,,,,,,,,,,<explicit>,,,,,,,,,,,,,,,,,,,,,,,,,,,,,,,,,,,,,,,,,,,,,,,,,,,,,,,,,,,,
2026-09-02T05:44:39.557391Z,"{'#attributes': {'Qualifiers': 49152}, '#text': 16394}",dc.scaffold.htb,Microsoft-Windows-Security-SPP,Application,11127,4,,,,,,,,,,,,,,,,,,,,,,,,,,,,,,,,,,,,,,,,,,,,,,,,,,,,,,,,,,,,,,,,,,,,,,,
2026-09-02T05:44:40.026141Z,"{'#attributes': {'Qualifiers': 16384}, '#text': 1066}",dc.scaffold.htb,Microsoft-Windows-Security-SPP,Application,11128,4,,,,,,,,,,,"C:\Windows\system32\sppwinob.dll, msft:spp/windowsfunctionality/agent/7.0, 0x00000000, 0x00000000
C:\Windows\system32\sppobjs.dll, msft:rm/algorithm/inherited/1.0, 0x00000000, 0x00000000
C:\Windows\system32\sppobjs.dll, msft:rm/algorithm/phone/1.0, 0x00000000, 0x00000000
C:\Windows\system32\sppobjs.dll, msft:rm/algorithm/pkey/detect, 0x00000000, 0x00000000
C:\Windows\system32\sppobjs.dll, msft:spp/ActionScheduler/1.0, 0x00000000, 0x00000000
C:\Windows\system32\sppobjs.dll, msft:spp/TaskScheduler/1.0, 0x00000000, 0x00000000
C:\Windows\system32\sppobjs.dll, msft:spp/statecollector/pkey, 0x00000000, 0x00000000
C:\Windows\system32\sppobjs.dll, msft:spp/volume/services/kms/1.0, 0x00000000, 0x00000000
C:\Windows\system32\sppobjs.dll, msft:spp/volume/services/kms/activationinfo/1.0, 0x00000000, 0x00000000
",,,,,,,,,,,,,,,,,,,,,,,,,,,,,,,,,,,,,,,,,,,,,,,,,,,,,,,,,,,,
2026-09-02T05:44:41.604263Z,"{'#attributes': {'Qualifiers': 16384}, '#text': 1040}",dc.scaffold.htb,Microsoft-Windows-Security-SPP,Application,11129,4,,,,5A0000000A002C0000000000030001000100010000000000010001000000E861C49D0C5CE6B7DFE04082FC1467B04557C6EF0D0001000101000201000301000401000500000601000700000801000901000A01000B00000C01002C0000000000030001000100010000000000010001000000E86116EC0C5CE6B7DFE0E0D8FC1467B0311DC6EF,,,,,,,,55c92734-d682-4d71-983e-d6ec3f16059f,80f53cc1-120f-4e0e-875b-27c9f1caf7de,,,,,,,,,,,,,,,,,,,,,,,,,,,,,,,,,,,,,,,,,,,,,,,,,,,,,,,,,,
