2026-06-02T14:04:54.047404Z,1023,dc.scaffold.htb,Microsoft-Windows-Perflib,Application,6762,2,,,,,,,,,,,,,,,,,,,,,,,,,,,,,,,,,,,,,,,,,C:\Windows\system32\ntdsperf.dll,,,,,,,,,,,,,,126,,,,,,,,,,,,,,,,
2026-06-02T14:04:54.846504Z,"{'#attributes': {'Qualifiers': 16384}, '#text': 9666}",dc.scaffold.htb,MSSQL$SQLEXPRESS,Application,6763,4,,,,C22500000A0000000E000000440043005C00530051004C0045005800500052004500530053000000070000006D00610073007400650072000000,,,,,,,Service Broker,,,,,,,,,,,,,,,,,,,,,,,,,,,,,,,,,,,,,,,,,,,,,,,,,,,,,,,,,,,,
2026-06-02T14:04:54.846504Z,"{'#attributes': {'Qualifiers': 16384}, '#text': 9666}",dc.scaffold.htb,MSSQL$SQLEXPRESS,Application,6764,4,,,,C22500000A0000000E000000440043005C00530051004C0045005800500052004500530053000000070000006D00610073007400650072000000,,,,,,,Database Mirroring,,,,,,,,,,,,,,,,,,,,,,,,,,,,,,,,,,,,,,,,,,,,,,,,,,,,,,,,,,,,
2026-06-02T14:04:54.846504Z,"{'#attributes': {'Qualifiers': 16384}, '#text': 9688}",dc.scaffold.htb,MSSQL$SQLEXPRESS,Application,6765,4,,,,D82500000A0000000E000000440043005C00530051004C0045005800500052004500530053000000070000006D00610073007400650072000000,,,,,,,,,,,,,,,,,,,,,,,,,,,,,,,,,,,,,,,,,,,,,,,,,,,,,,,,,,,,,,,,,,,
2026-06-02T14:04:54.846504Z,"{'#attributes': {'Qualifiers': 16384}, '#text': 3408}",dc.scaffold.htb,MSSQL$SQLEXPRESS,Application,6766,4,,,,500D00000A0000000E000000440043005C00530051004C0045005800500052004500530053000000070000006D00610073007400650072000000,,,,,,,,,,,,,,,,,,,,,,,,,,,,,,,,,,,,,,,,,,,,,,,,,,,,,,,,,,,,,,,,,,,
2026-06-02T14:05:07.101158Z,"{'#attributes': {'Qualifiers': 262}, '#text': 256}",dc.scaffold.htb,WDSIMGSRV,Application,6767,4,,,,,,,,,,,,,,,,,,,,,,,,,,,,,,,,,,,,,,,,,,,,,,,,,,,,,,,,,,,,,,,,,,,,,,,
2026-06-02T14:05:07.101158Z,"{'#attributes': {'Qualifiers': 16641}, '#text': 517}",dc.scaffold.htb,WDSServer,Application,6768,4,,,,,,,,,,,,WdsImgSrv,C:\Windows\system32\WdsImgSrv.dll,,,,,,,,,,,,,,,,,,,,,,,,,,,,,,,,,,,,,,,,,,,,,,,,,,,,,,,,,,
2026-06-02T14:05:07.116613Z,"{'#attributes': {'Qualifiers': 0}, '#text': 102}",dc.scaffold.htb,ESENT,Application,6769,4,,,,,,,,,,,,svchost,"3148,P,98",,,,,,,,,,,AAP: ,,,,2,10,00,20348,0000,,,,,,,,,,,,,,,,,,,,,,,,,,,,,,,,,,,,,,,
2026-06-02T14:05:07.132169Z,"{'#attributes': {'Qualifiers': 0}, '#text': 300}",dc.scaffold.htb,ESENT,Application,6770,4,,,,,,,,,,,,svchost,"3148,R,98",,,,,,,,,,,AAP: ,,,,,,,,,,,,,,,,,,,,,,,,,,,,,,,,,,,,,,,,,,,,,,,
2026-06-02T14:05:07.132169Z,"{'#attributes': {'Qualifiers': 0}, '#text': 335}",dc.scaffold.htb,ESENT,Application,6771,4,,,,,,,,,,,,svchost,"3148,R,98",,,,,,,,,,,AAP: ,,,,Create,C:\RemoteInstall\Mgmt\binlsvcdb.mdb,"(00000001,0001,0268)",AttachFuture,,,,,,,,,,,,,,,,,,,,,,,,,,,,,,,,,,,,,,,,
2026-06-02T14:05:07.147751Z,"{'#attributes': {'Qualifiers': 0}, '#text': 301}",dc.scaffold.htb,ESENT,Application,6772,4,,,,,,,,,,,,svchost,"3148,R,98",,,,,,,,,,,AAP: ,,,,C:\RemoteInstall\Mgmt\AAP.log,"
[1] 0.012102 -0.005191 (48) WT +J(CM:0, PgRf:0, Rd:0/0, Dy:0/0, Lg:535326/1153) +M(C:0K, Fs:808, WS:60K # 104K, PF:64K # 100K, P:64K).",Insert   ,326,,,,,,,,,,,,,,,,,,,,,,,,,,,,,,,,,,,,,,,,
2026-06-02T14:05:07.147751Z,"{'#attributes': {'Qualifiers': 0}, '#text': 302}",dc.scaffold.htb,ESENT,Application,6773,4,,,,,,,,,,,,svchost,"3148,U,98",,,,,,,,,,,AAP: ,,,,,,,,,,,,,,,,,,,,,,,,,,,,,,,,,,,,,,,,,,,,,,,
2026-06-02T14:05:07.147751Z,"{'#attributes': {'Qualifiers': 0}, '#text': 105}",dc.scaffold.htb,ESENT,Application,6774,4,,,,,,,,,,,,svchost,"3148,D,0",,,,,,,,,,,AAP: ,,,,2,0,"
[1] -
[2] -
[3] 0.000208 +J(0) +M(C:0K, Fs:3, WS:12K # 0K, PF:0K # 0K, P:0K)
[4] 0.000072 +J(0) +M(C:0K, Fs:10, WS:36K # 0K, PF:144K # 0K, P:144K)
[5] 0.000434 +J(0) +M(C:0K, Fs:4, WS:16K # 0K, PF:0K # 0K, P:0K)
[6] 0.000879 +J(0) +M(C:0K, Fs:1, WS:4K # 0K, PF:12K # 0K, P:12K)
[7] 0.004840 -0.002957 (11) WT +J(0) +M(C:0K, Fs:1282, WS:5120K # 1868K, PF:5128K # 884K, P:5128K)
[8] 0.013431 -0.005736 (51) WT +J(CM:0, PgRf:0, Rd:0/0, Dy:0/0, Lg:535326/1153) +M(C:0K, Fs:845, WS:200K # 244K, PF:76K # 116K, P:76K)
[9] 0.000268 +J(0)
[10] 0.002559 -0.001415 (10) WT +J(0) +M(C:0K, Fs:0, WS:-5116K # 0K, PF:-5120K # 0K, P:-5120K)
[11] 0.000016 +J(CM:0, PgRf:0, Rd:0/0, Dy:0/0, Lg:49/1) +M(C:0K, Fs:1, WS:4K # 0K, PF:0K # 0K, P:0K)
[12] 0.000029 +J(0)
[13] 0.009335 -0.000690 (2) CM -0.004030 (30) WT +J(CM:2, PgRf:2, Rd:0/2, Dy:0/0, Lg:8759/5) +M(C:-56K, Fs:1325, WS:-48K # 0K, PF:-120K # 0K, P:-120K)
[14] 0.000008 +J(0)
[15] 0.000010 +J(0)
[16] 0.000192 -0.000107 (1) WT +J(0) +M(C:0K, Fs:2, WS:0K # 0K, PF:0K # 0K, P:0K).","lgposV2[] = 00000001:0001:0000 - 00000001:0084:02FB - 00000001:0085:0000 - 00000001:0085:0000 (00000000:0000:0000)
cReInits = 33
",,,,,,,,,,,,,,,,,,,,,,,,,,,,,,,,,,,,,,,,
2026-06-02T14:05:07.163300Z,"{'#attributes': {'Qualifiers': 0}, '#text': 326}",dc.scaffold.htb,ESENT,Application,6775,4,,,,,,,,,,,,svchost,"3148,D,50",,,,,,,,,,,AAP: ,,,,5,C:\RemoteInstall\Mgmt\binlsvcdb.mdb,0,"
[1] 0.000002 +J(0)
[2] 0.000189 -0.000062 (1) WT +J(0) +M(C:0K, Fs:24, WS:32K # 0K, PF:32K # 0K, P:32K)
[3] 0.001430 -0.000397 (6) WT +J(CM:0, PgRf:0, Rd:0/0, Dy:0/0, Lg:3480/2) +M(C:0K, Fs:13, WS:20K # 0K, PF:20K # 0K, P:20K)
[4] 0.000044 +J(0)
[5] -
[6] -
[7] -
[8] 0.000136 +J(CM:0, PgRf:2, Rd:14/0, Dy:0/0, Lg:54/1) +M(C:104K, Fs:67, WS:204K # 0K, PF:124K # 0K, P:124K)
[9] 0.001532 -0.001381 (2) CM -0.001314 (2) WT +J(CM:2, PgRf:16, Rd:0/1, Dy:0/0, Lg:0/0) +M(C:-52K, Fs:7, WS:-52K # 0K, PF:-52K # 0K, P:-52K)
[10] 0.000444 -0.000345 (2) CM -0.000273 (2) WT +J(CM:2, PgRf:35, Rd:0/2, Dy:0/0, Lg:0/0) +M(C:-28K, Fs:6, WS:-28K # 0K, PF:-28K # 0K, P:-28K)
[11] 0.000004 +J(CM:0, PgRf:1, Rd:0/0, Dy:0/0, Lg:0/0)
[12] 0.000015 +J(CM:0, PgRf:42, Rd:0/0, Dy:0/0, Lg:0/0)
[13] 0.0 +J(0)
[14] 0.0 +J(0)
[15] 0.000002 +J(CM:0, PgRf:1, Rd:0/0, Dy:0/0, Lg:0/0).",1 0,"lgposAttach = 00000001:0087:0268,
dbv = 1568.180.400 (9360)",,,,,,,,,,,,,,,,,,,,,,,,,,,,,,,,,,,,,,
2026-06-02T14:05:07.194662Z,"{'#attributes': {'Qualifiers': 16645}, '#text': 1305}",dc.scaffold.htb,BINLSVC,Application,6776,4,,,,,,,,,,,,x86{B3F6E0FA-BA27-4C08-ADA4-32A7D568BDE9}.bcd,x86,,,,,,,,,,,,,,,,,,,,,,,,,,,,,,,,,,,,,,,,,,,,,,,,,,,,,,,,,,
2026-06-02T14:05:07.211368Z,"{'#attributes': {'Qualifiers': 16645}, '#text': 1305}",dc.scaffold.htb,BINLSVC,Application,6777,4,,,,,,,,,,,,x64{C6579D83-6661-45F5-90E5-2BED619B1F6D}.bcd,x64,,,,,,,,,,,,,,,,,,,,,,,,,,,,,,,,,,,,,,,,,,,,,,,,,,,,,,,,,,
2026-06-02T14:05:07.211368Z,"{'#attributes': {'Qualifiers': 16645}, '#text': 1305}",dc.scaffold.htb,BINLSVC,Application,6778,4,,,,,,,,,,,,arm64{11EC8988-D29E-464E-8427-AB16B0ACCBB5}.bcd,arm64,,,,,,,,,,,,,,,,,,,,,,,,,,,,,,,,,,,,,,,,,,,,,,,,,,,,,,,,,,
2026-06-02T14:05:07.226025Z,"{'#attributes': {'Qualifiers': 16645}, '#text': 1305}",dc.scaffold.htb,BINLSVC,Application,6779,4,,,,,,,,,,,,x86x64{21E79905-8A1C-4EE4-ABBE-8E90D29BF8C2}.bcd,x86x64,,,,,,,,,,,,,,,,,,,,,,,,,,,,,,,,,,,,,,,,,,,,,,,,,,,,,,,,,,
2026-06-02T14:05:07.241524Z,"{'#attributes': {'Qualifiers': 16645}, '#text': 1305}",dc.scaffold.htb,BINLSVC,Application,6780,4,,,,,,,,,,,,arm{F9FA5970-5939-4886-AC49-ABC832F7E59C}.bcd,arm,,,,,,,,,,,,,,,,,,,,,,,,,,,,,,,,,,,,,,,,,,,,,,,,,,,,,,,,,,
2026-06-02T14:05:07.241524Z,"{'#attributes': {'Qualifiers': 16645}, '#text': 1305}",dc.scaffold.htb,BINLSVC,Application,6781,4,,,,,,,,,,,,x86uefi{11950B1E-663B-4DD3-BD17-C70BF18C0770}.bcd,x86uefi,,,,,,,,,,,,,,,,,,,,,,,,,,,,,,,,,,,,,,,,,,,,,,,,,,,,,,,,,,
2026-06-02T14:05:07.258627Z,"{'#attributes': {'Qualifiers': 16645}, '#text': 1305}",dc.scaffold.htb,BINLSVC,Application,6782,4,,,,,,,,,,,,x64uefi{010266DC-5FA9-4C65-BF3F-4B4B364FF0E3}.bcd,x64uefi,,,,,,,,,,,,,,,,,,,,,,,,,,,,,,,,,,,,,,,,,,,,,,,,,,,,,,,,,,
2026-06-02T14:05:07.258627Z,"{'#attributes': {'Qualifiers': 16647}, '#text': 262}",dc.scaffold.htb,WDSPXE,Application,6783,4,,,,,,,,,,,,WDSDCPXE,C:\Windows\system32\wdsdcpxe.dll,,,,,,,,,,,,,,,,,,,,,,,,,,,,,,,,,,,,,,,,,,,,,,,,,,,,,,,,,,
2026-06-02T14:05:07.272620Z,"{'#attributes': {'Qualifiers': 16647}, '#text': 777}",dc.scaffold.htb,WDSPXE,Application,6784,4,,,,,,,,,,,,,,,,,,,,,,,,,,,,,,,,,,,,,,,,,,,,,,,,,,,,,,,,,,,,,,,,,,,,,,,
2026-06-02T14:05:07.272620Z,"{'#attributes': {'Qualifiers': 16641}, '#text': 517}",dc.scaffold.htb,WDSServer,Application,6785,4,,,,,,,,,,,,WDSPXE,C:\Windows\system32\wdspxe.dll,,,,,,,,,,,,,,,,,,,,,,,,,,,,,,,,,,,,,,,,,,,,,,,,,,,,,,,,,,
2026-06-02T14:05:07.288778Z,"{'#attributes': {'Qualifiers': 16641}, '#text': 256}",dc.scaffold.htb,WDSServer,Application,6786,4,,,,,,,,,,,,,,,,,,,,,,,,,,,,,,,,,,,,,,,,,,,,,,,,,,,,,,,,,,,,,,,,,,,,,,,
2026-06-02T14:05:15.723989Z,"{'#attributes': {'Qualifiers': 32768}, '#text': 6003}",dc.scaffold.htb,Microsoft-Windows-Winlogon,Application,6787,4,,,,D9060000,,,,,,,SessionEnv,,,,,,,,,,,,,,,,,,,,,,,,,,,,,,,,,,,,,,,,,,,,,,,,,,,,,,,,,,,,
2026-06-02T14:05:15.973816Z,"{'#attributes': {'Qualifiers': 32768}, '#text': 6000}",dc.scaffold.htb,Microsoft-Windows-Winlogon,Application,6788,4,,,,D9060000,,,,,,,SessionEnv,,,,,,,,,,,,,,,,,,,,,,,,,,,,,,,,,,,,,,,,,,,,,,,,,,,,,,,,,,,,
2026-06-02T14:06:19.226790Z,"{'#attributes': {'Qualifiers': 32768}, '#text': 6000}",dc.scaffold.htb,Microsoft-Windows-Winlogon,Application,6789,4,,,,D9060000,,,,,,,WSearch,,,,,,,,,,,,,,,,,,,,,,,,,,,,,,,,,,,,,,,,,,,,,,,,,,,,,,,,,,,,
2026-06-02T14:06:19.257723Z,"{'#attributes': {'Qualifiers': 32768}, '#text': 6000}",dc.scaffold.htb,Microsoft-Windows-Winlogon,Application,6790,4,,,,D9060000,,,,,,,SessionEnv,,,,,,,,,,,,,,,,,,,,,,,,,,,,,,,,,,,,,,,,,,,,,,,,,,,,,,,,,,,,
2026-06-02T14:06:19.398088Z,"{'#attributes': {'Qualifiers': 0}, '#text': 260}",dc.scaffold.htb,VMUpgradeHelper,Application,6791,4,,,,,,,,,,,,,,,,,,,,,,,,,,,,,,,,,,,,,,,,,,,,,,,,,,,,,,,,,,,,,,,,,,,,,,,
2026-06-02T14:06:19.398088Z,"{'#attributes': {'Qualifiers': 0}, '#text': 272}",dc.scaffold.htb,VMUpgradeHelper,Application,6792,4,,,,,,,,,,,,,,,,,,,,,,,,,,,,,,,,,,,,,,,,,,,,,,,,,,,,,,,,,,,,,,,,,,,,,,,
2026-06-02T14:06:19.414143Z,"{'#attributes': {'Qualifiers': 0}, '#text': 108}",dc.scaffold.htb,VMTools,Application,6793,4,,,,,,,,,,,,,,,,,,,,,,,,,,,,,,,,,,,,,,,,,,,,,,,,,,,,,,,,,,,,,,,,,,,,,,,
2026-06-02T14:06:20.538689Z,"{'#attributes': {'Qualifiers': 16384}, '#text': 17147}",dc.scaffold.htb,MSSQL$SQLEXPRESS,Application,6794,4,,,,FB4200000A0000000E000000440043005C00530051004C004500580050005200450053005300000000000000,,,,,,,,,,,,,,,,,,,,,,,,,,,,,,,,,,,,,,,,,,,,,,,,,,,,,,,,,,,,,,,,,,,
2026-06-02T14:06:20.554277Z,"{'#attributes': {'Qualifiers': 16384}, '#text': 4111}",dc.scaffold.htb,Microsoft-Windows-MSDTC,Application,6795,4,,,,4D005300440054004300,,,,,,,,,,,,,,,,,,,,,,,,,,,,,,,,,,,,,,,,,,,,,,,,,,,,,,,,,,,,,,,,,,,
2026-06-02T14:06:20.554277Z,"{'#attributes': {'Qualifiers': 0}, '#text': 0}",dc.scaffold.htb,Microsoft Deployment Toolkit Monitor Service,Application,6796,4,,,,,,,,,,,Service has been successfully shut down.,,,,,,,,,,,,,,,,,,,,,,,,,,,,,,,,,,,,,,,,,,,,,,,,,,,,,,,,,,,,
2026-06-02T14:06:20.570012Z,"{'#attributes': {'Qualifiers': 0}, '#text': 8225}",dc.scaffold.htb,VSS,Application,6797,4,,,,2D20436F64653A2020434F525356434330303030303737362D2043616C6C3A2020434F525356434330303030303736302D205049443A202030303030353134342D205449443A202030303030353136342D20434D443A2020433A5C57696E646F77735C73797374656D33325C76737376632E6578652020202D20557365723A204E616D653A204E5420415554484F524954595C53595354454D2C205349443A532D312D352D313820,,,,,,,,,,,,,,,,,,,,,,,,,,,,,,,,,,,,,,,,,,,,,,,,,,,,,,,,,,,,,,,,,,,
2026-06-02T14:06:20.585537Z,"{'#attributes': {'Qualifiers': 0}, '#text': 13}",dc.scaffold.htb,VSS,Application,6798,2,,,,2D20436F64653A20575254575254494330303030343932332D2043616C6C3A20575254575254494330303030343931362D205049443A202030303030333032302D205449443A202030303030333430382D20434D443A2020433A5C57696E646F77735C73797374656D33325C737663686F73742E657865202D6B204E6574776F726B53657276696365202D70202D732043727970745376632D20557365723A204E616D653A204E5420415554484F524954595C4E4554574F524B20534552564943452C205349443A532D312D352D3230,,,,,,,,{4e14fba2-2e22-11d1-9964-00c04fbbb345},CEventSystem,,,,,,,,,,,"0x8007045b, A system shutdown is in progress.
",,,,,,,,,,,,,,,,,,,,,,,,,,,,,,,,,,,,,,,,,,,,,,,
2026-06-02T14:06:20.585537Z,"{'#attributes': {'Qualifiers': 0}, '#text': 8193}",dc.scaffold.htb,VSS,Application,6799,2,,,,2D20436F64653A20575254575254494330303030343933302D2043616C6C3A20575254575254494330303030343931362D205049443A202030303030333032302D205449443A202030303030333430382D20434D443A2020433A5C57696E646F77735C73797374656D33325C737663686F73742E657865202D6B204E6574776F726B53657276696365202D70202D732043727970745376632D20557365723A204E616D653A204E5420415554484F524954595C4E4554574F524B20534552564943452C205349443A532D312D352D3230,,,,,,,,CoCreateInstance,"0x8007045b, A system shutdown is in progress.
",,,,,,,,,,,,,,,,,,,,,,,,,,,,,,,,,,,,,,,,,,,,,,,,,,,,,,,,,,
2026-06-02T14:06:20.585537Z,"{'#attributes': {'Qualifiers': 0}, '#text': 13}",dc.scaffold.htb,VSS,Application,6800,2,,,,2D20436F64653A20575254575254494330303030343932332D2043616C6C3A20575254575254494330303030343931362D205049443A202030303030333032302D205449443A202030303030333430382D20434D443A2020433A5C57696E646F77735C73797374656D33325C737663686F73742E657865202D6B204E6574776F726B53657276696365202D70202D732043727970745376632D20557365723A204E616D653A204E5420415554484F524954595C4E4554574F524B20534552564943452C205349443A532D312D352D3230,,,,,,,,{4e14fba2-2e22-11d1-9964-00c04fbbb345},CEventSystem,,,,,,,,,,,"0x8007045b, A system shutdown is in progress.
",,,,,,,,,,,,,,,,,,,,,,,,,,,,,,,,,,,,,,,,,,,,,,,
2026-06-02T14:06:20.585537Z,"{'#attributes': {'Qualifiers': 0}, '#text': 8193}",dc.scaffold.htb,VSS,Application,6801,2,,,,2D20436F64653A20575254575254494330303030343933302D2043616C6C3A20575254575254494330303030343931362D205049443A202030303030333032302D205449443A202030303030333430382D20434D443A2020433A5C57696E646F77735C73797374656D33325C737663686F73742E657865202D6B204E6574776F726B53657276696365202D70202D732043727970745376632D20557365723A204E616D653A204E5420415554484F524954595C4E4554574F524B20534552564943452C205349443A532D312D352D3230,,,,,,,,CoCreateInstance,"0x8007045b, A system shutdown is in progress.
",,,,,,,,,,,,,,,,,,,,,,,,,,,,,,,,,,,,,,,,,,,,,,,,,,,,,,,,,,
2026-06-02T14:06:20.585537Z,"{'#attributes': {'Qualifiers': 32768}, '#text': 4879}",dc.scaffold.htb,Microsoft-Windows-MSDTC Client 2,Application,6802,3,,,,,,,,,,,,,,,,,,,,,,,,,,,,,,,,,,,,,,,,,,,,,,,,,,,,,,,,,,,,80000171,,,,DC,,,,,,,
2026-06-02T14:06:20.620180Z,1532,dc.scaffold.htb,Microsoft-Windows-User Profiles Service,Application,6803,4,,,,,,,,,,,,,,,,,,,,,,,,,,,,,,,,,,,,,,,,,,,,,,,,,,,,,,,,,,,,,,,,,,,,,,,
2026-06-02T14:06:20.710617Z,38,dc.scaffold.htb,Microsoft-Windows-CertificationAuthority,Application,6804,4,,,,,,scaffold-DC-CA,,,,,,,,,,,,,,,,,,,,,,,,,,,,,,,,,,,,,,,,,,,,,,,,,,MSG_I_SERVER_STOPPED,,,,,,,,,,,,,,,
2026-06-02T14:09:16.905213Z,1531,dc.scaffold.htb,Microsoft-Windows-User Profiles Service,Application,6805,4,,,,,,,,,,,,,,,,,,,,,,,,,,,,,,,,,,,,,,,,,,,,,,,,,,,,,,,,,,,,,,,,,,,,,,,
2026-06-02T14:09:26.929185Z,"{'#attributes': {'Qualifiers': 0}, '#text': 105}",dc.scaffold.htb,VMTools,Application,6806,4,,,,,,,,,,,,,,,,,,,,,,,,,,,,,,,,,,,,,,,,,,,,,,,,,,,,,,,,,,,,,,,,,,,,,,,
2026-06-02T14:09:26.929185Z,"{'#attributes': {'Qualifiers': 16641}, '#text': 1025}",dc.scaffold.htb,WDSServer,Application,6807,4,,,,,,,,,,,5040,,,,,,,,,,,,,,,,,,,,,,,,,,,,,,,,,,,,,,,,,,,,,,,,,,,,,,,,,,,,
2026-06-02T14:09:27.038567Z,"{'#attributes': {'Qualifiers': 16384}, '#text': 900}",dc.scaffold.htb,Microsoft-Windows-Security-SPP,Application,6808,4,,,,,,,,,,,TriggerStarted:6,,,,,,,,,,,,,,,,,,,,,,,,,,,,,,,,,,,,,,,,,,,,,,,,,,,,,,,,,,,,
2026-06-02T14:09:27.272919Z,"{'#attributes': {'Qualifiers': 16641}, '#text': 517}",dc.scaffold.htb,WDSServer,Application,6809,4,,,,,,,,,,,,WDSMC,C:\Windows\system32\wdsmc.dll,,,,,,,,,,,,,,,,,,,,,,,,,,,,,,,,,,,,,,,,,,,,,,,,,,,,,,,,,,
2026-06-02T14:09:27.272919Z,"{'#attributes': {'Qualifiers': 0}, '#text': 102}",dc.scaffold.htb,ESENT,Application,6810,4,,,,,,,,,,,,svchost,"792,P,98",,,,,,,,,,,WDS: ,,,,0,10,00,20348,0000,,,,,,,,,,,,,,,,,,,,,,,,,,,,,,,,,,,,,,,
2026-06-02T14:09:27.288538Z,"{'#attributes': {'Qualifiers': 0}, '#text': 300}",dc.scaffold.htb,ESENT,Application,6811,4,,,,,,,,,,,,svchost,"792,R,98",,,,,,,,,,,WDS: ,,,,,,,,,,,,,,,,,,,,,,,,,,,,,,,,,,,,,,,,,,,,,,,
2026-06-02T14:09:27.304162Z,"{'#attributes': {'Qualifiers': 0}, '#text': 335}",dc.scaffold.htb,ESENT,Application,6812,4,,,,,,,,,,,,svchost,"792,R,98",,,,,,,,,,,WDS: ,,,,Create,C:\RemoteInstall\Stores\Metadata\WDSMD.mdb,"(00000001,0001,0268)",AttachFuture,,,,,,,,,,,,,,,,,,,,,,,,,,,,,,,,,,,,,,,,
2026-06-02T14:09:27.319858Z,"{'#attributes': {'Qualifiers': 0}, '#text': 301}",dc.scaffold.htb,ESENT,Application,6813,4,,,,,,,,,,,,svchost,"792,R,98",,,,,,,,,,,WDS: ,,,,C:\RemoteInstall\Stores\Metadata\WDS.log,"
[1] 0.028216 -0.012629 (49) WT +J(CM:0, PgRf:0, Rd:0/0, Dy:0/0, Lg:506924/994) +M(C:0K, Fs:878, WS:240K # 272K, PF:180K # 212K, P:180K).",Insert   ,277,,,,,,,,,,,,,,,,,,,,,,,,,,,,,,,,,,,,,,,,
2026-06-02T14:09:27.335490Z,"{'#attributes': {'Qualifiers': 0}, '#text': 302}",dc.scaffold.htb,ESENT,Application,6814,4,,,,,,,,,,,,svchost,"792,U,98",,,,,,,,,,,WDS: ,,,,,,,,,,,,,,,,,,,,,,,,,,,,,,,,,,,,,,,,,,,,,,,
2026-06-02T14:09:27.351044Z,"{'#attributes': {'Qualifiers': 0}, '#text': 105}",dc.scaffold.htb,ESENT,Application,6815,4,,,,,,,,,,,,svchost,"792,D,0",,,,,,,,,,,WDS: ,,,,0,0,"
[1] 0.000824 +J(0) +M(C:0K, Fs:185, WS:728K # 728K, PF:4592K # 4592K, P:4592K)
[2] 0.000434 +J(0) +M(C:64K, Fs:166, WS:656K # 656K, PF:1252K # 1252K, P:1252K)
[3] 0.000280 +J(0) +M(C:0K, Fs:6, WS:20K # 20K, PF:68K # 68K, P:68K)
[4] 0.000256 +J(0) +M(C:0K, Fs:23, WS:92K # 92K, PF:232K # 232K, P:232K)
[5] 0.000427 +J(0) +M(C:0K, Fs:9, WS:36K # 36K, PF:16K # 16K, P:16K)
[6] 0.002951 +J(0) +M(C:0K, Fs:25, WS:96K # 96K, PF:20K # 20K, P:20K)
[7] 0.008090 -0.004424 (11) WT +J(0) +M(C:0K, Fs:1299, WS:5188K # 5188K, PF:5128K # 5128K, P:5128K)
[8] 0.032915 -0.013141 (51) WT +J(CM:0, PgRf:0, Rd:0/0, Dy:0/0, Lg:506924/994) +M(C:0K, Fs:920, WS:400K # 432K, PF:260K # 292K, P:260K)
[9] 0.000360 +J(0) +M(C:0K, Fs:4, WS:16K # 0K, PF:4K # 0K, P:4K)
[10] 0.003948 -0.001829 (10) WT +J(0) +M(C:0K, Fs:0, WS:-5116K # 0K, PF:-5120K # 0K, P:-5120K)
[11] 0.000024 +J(CM:0, PgRf:0, Rd:0/0, Dy:0/0, Lg:49/1) +M(C:0K, Fs:2, WS:8K # 0K, PF:0K # 0K, P:0K)
[12] 0.000038 +J(0)
[13] 0.018686 -0.001038 (2) CM -0.007407 (30) WT +J(CM:2, PgRf:2, Rd:0/2, Dy:0/0, Lg:8759/5) +M(C:-56K, Fs:1351, WS:48K # 44K, PF:80K # 68K, P:80K)
[14] 0.000011 +J(0)
[15] 0.000013 +J(0)
[16] 0.000243 -0.000095 (1) WT +J(0) +M(C:0K, Fs:2, WS:0K # 0K, PF:0K # 0K, P:0K).","lgposV2[] = 00000001:0001:0000 - 00000001:007D:0309 - 00000001:007E:0000 - 00000001:007E:0000 (00000000:0000:0000)
cReInits = 34
",,,,,,,,,,,,,,,,,,,,,,,,,,,,,,,,,,,,,,,,
2026-06-02T14:09:27.351044Z,"{'#attributes': {'Qualifiers': 0}, '#text': 326}",dc.scaffold.htb,ESENT,Application,6816,4,,,,,,,,,,,,svchost,"792,D,50",,,,,,,,,,,WDS: ,,,,1,C:\RemoteInstall\Stores\Metadata\WDSMD.mdb,0,"
[1] 0.000005 +J(0)
[2] 0.000475 -0.000245 (1) WT +J(0) +M(C:0K, Fs:24, WS:32K # 0K, PF:32K # 0K, P:32K)
[3] 0.001928 -0.000560 (6) WT +J(CM:0, PgRf:0, Rd:0/0, Dy:0/0, Lg:3480/2) +M(C:0K, Fs:14, WS:24K # 0K, PF:20K # 0K, P:20K)
[4] 0.000125 +J(0)
[5] -
[6] -
[7] -
[8] 0.000814 -0.000380 (2) CM -0.000168 (2) WT +J(CM:2, PgRf:2, Rd:4/2, Dy:0/0, Lg:54/1) +M(C:120K, Fs:46, WS:128K # 0K, PF:140K # 0K, P:140K)
[9] 0.001236 -0.000868 (3) CM -0.000775 (3) WT +J(CM:3, PgRf:16, Rd:0/2, Dy:0/0, Lg:0/0) +M(C:-16K, Fs:40, WS:80K # 0K, PF:208K # 0K, P:208K)
[10] 0.000702 -0.000529 (2) CM -0.000456 (2) WT +J(CM:2, PgRf:35, Rd:0/2, Dy:0/0, Lg:0/0) +M(C:-28K, Fs:10, WS:-12K # 0K, PF:36K # 0K, P:36K)
[11] 0.000017 +J(CM:0, PgRf:1, Rd:0/0, Dy:0/0, Lg:0/0) +M(C:0K, Fs:3, WS:12K # 0K, PF:0K # 0K, P:0K)
[12] 0.000029 +J(CM:0, PgRf:42, Rd:0/0, Dy:0/0, Lg:0/0) +M(C:0K, Fs:1, WS:4K # 0K, PF:0K # 0K, P:0K)
[13] 0.000001 +J(0)
[14] 0.0 +J(0)
[15] 0.000004 +J(CM:0, PgRf:1, Rd:0/0, Dy:0/0, Lg:0/0).",1 0,"lgposAttach = 00000001:0080:0268,
dbv = 1568.180.400 (9360)",,,,,,,,,,,,,,,,,,,,,,,,,,,,,,,,,,,,,,
2026-06-02T14:09:27.366766Z,"{'#attributes': {'Qualifiers': 16641}, '#text': 517}",dc.scaffold.htb,WDSServer,Application,6817,4,,,,,,,,,,,,WDSMDMGR,C:\Windows\system32\wdsmdmgr.dll,,,,,,,,,,,,,,,,,,,,,,,,,,,,,,,,,,,,,,,,,,,,,,,,,,,,,,,,,,
2026-06-02T14:09:27.383287Z,"{'#attributes': {'Qualifiers': 16641}, '#text': 517}",dc.scaffold.htb,WDSServer,Application,6818,4,,,,,,,,,,,,WDSTFTP,C:\Windows\system32\wdstftp.dll,,,,,,,,,,,,,,,,,,,,,,,,,,,,,,,,,,,,,,,,,,,,,,,,,,,,,,,,,,
2026-06-02T14:09:27.413557Z,"{'#attributes': {'Qualifiers': 16384}, '#text': 781}",dc.scaffold.htb,Microsoft-Windows-Complus,Application,6819,4,,,,,,,,,,,,,,,,,,,,,,,,,,,,,,,,,,,,,,,,,,,,,,,,,,,,,,,,,,,,86400,,,,SuppressDuplicateDuration,Software\Microsoft\COM3\Eventlog,,,,,,
2026-06-02T14:09:27.522946Z,"{'#attributes': {'Qualifiers': 49152}, '#text': 16394}",dc.scaffold.htb,Microsoft-Windows-Security-SPP,Application,6820,4,,,,,,,,,,,,,,,,,,,,,,,,,,,,,,,,,,,,,,,,,,,,,,,,,,,,,,,,,,,,,,,,,,,,,,,
2026-06-02T14:09:27.569861Z,"{'#attributes': {'Qualifiers': 16384}, '#text': 1066}",dc.scaffold.htb,Microsoft-Windows-Security-SPP,Application,6821,4,,,,,,,,,,,"C:\Windows\system32\sppwinob.dll, msft:spp/windowsfunctionality/agent/7.0, 0x00000000, 0x00000000
C:\Windows\system32\sppobjs.dll, msft:rm/algorithm/inherited/1.0, 0x00000000, 0x00000000
C:\Windows\system32\sppobjs.dll, msft:rm/algorithm/phone/1.0, 0x00000000, 0x00000000
C:\Windows\system32\sppobjs.dll, msft:rm/algorithm/pkey/detect, 0x00000000, 0x00000000
C:\Windows\system32\sppobjs.dll, msft:spp/ActionScheduler/1.0, 0x00000000, 0x00000000
C:\Windows\system32\sppobjs.dll, msft:spp/TaskScheduler/1.0, 0x00000000, 0x00000000
C:\Windows\system32\sppobjs.dll, msft:spp/statecollector/pkey, 0x00000000, 0x00000000
C:\Windows\system32\sppobjs.dll, msft:spp/volume/services/kms/1.0, 0x00000000, 0x00000000
C:\Windows\system32\sppobjs.dll, msft:spp/volume/services/kms/activationinfo/1.0, 0x00000000, 0x00000000
",,,,,,,,,,,,,,,,,,,,,,,,,,,,,,,,,,,,,,,,,,,,,,,,,,,,,,,,,,,,
2026-06-02T14:09:27.586198Z,"{'#attributes': {'Qualifiers': 16384}, '#text': 4202}",dc.scaffold.htb,Microsoft-Windows-MSDTC 2,Application,6822,4,,,,,,,,,,,,,,,,,,,,,,,,,,,,,,,,,,,,,,,,,,,,,,,,,,,,,,,,,,,,0,0,0,1,0,0,0,0,0,1,Mutual Authentication Required,NT AUTHORITY\NetworkService
2026-06-02T14:09:27.632340Z,"{'#attributes': {'Qualifiers': 0}, '#text': 0}",dc.scaffold.htb,Microsoft Deployment Toolkit Monitor Service,Application,6823,4,,,,,,,,,,,Service started successfully.,,,,,,,,,,,,,,,,,,,,,,,,,,,,,,,,,,,,,,,,,,,,,,,,,,,,,,,,,,,,
2026-06-02T14:09:27.632340Z,"{'#attributes': {'Qualifiers': 16384}, '#text': 1040}",dc.scaffold.htb,Microsoft-Windows-Security-SPP,Application,6824,4,,,,5C0000000A002E0000000000030001000100010000000000020001000000E8614EC00C5CE6B7DFE0C8F6FC1467B08FEC63F15ED60D0001000101000201000301000401000500000601000700000801000901000A01000B00000C01002C0000000000030001000100010000000000010001000000E861C8A70C5CE6B7DFE04E89FC1467B0B9295ED6,,,,,,,,55c92734-d682-4d71-983e-d6ec3f16059f,c1a197b6-ba5e-4394-b9bf-b659a6c1b873,,,,,,,,,,,,,,,,,,,,,,,,,,,,,,,,,,,,,,,,,,,,,,,,,,,,,,,,,,
2026-06-02T14:09:27.696991Z,"{'#attributes': {'Qualifiers': 32768}, '#text': 1024}",dc.scaffold.htb,Microsoft-Windows-Security-SPP,Application,6825,4,,,,5A00000013002C0000000000030001000100010000000000010001000000E8614EC00C5CE6B7DFE0C8F6FC1467B08FEC5ED60D0002000101000205000301000402000500000601000700000807000903000A01000B00000C0700,,,,,,,,,,,,,,,,,,,,,,,,,,,,,,,,,,,,,,,,,,,,,,,,,,,,,,,,,,,,,,,,,,,
2026-06-02T14:09:27.773062Z,"{'#attributes': {'Qualifiers': 16384}, '#text': 1034}",dc.scaffold.htb,Microsoft-Windows-Security-SPP,Application,6826,4,,,,,,,,,,,,Security-SPP-WriteWauMarker,500,,,,,,,,,,,,,,,,,,,,,,,,,,,,,,,,,,,,,,,,,,,,,,,,,,,,,,,,,,
2026-06-02T14:09:27.789304Z,"{'#attributes': {'Qualifiers': 0}, '#text': 258}",dc.scaffold.htb,VMUpgradeHelper,Application,6827,4,,,,,,,,,,,,,,,,,,,,,,,,,,,,,,,,,,,,,,,,,,,,,,,,,,,,,,,,,,,,,,,,,,,,,,,
2026-06-02T14:09:27.789304Z,"{'#attributes': {'Qualifiers': 16384}, '#text': 1003}",dc.scaffold.htb,Microsoft-Windows-Security-SPP,Application,6828,4,,,,,,,,,,,,55c92734-d682-4d71-983e-d6ec3f16059f,"
1: c1a197b6-ba5e-4394-b9bf-b659a6c1b873, 1, 0 [(0 [0xC004E003, 0, 0], [( 2 0xC004F00F 0 0 msft:rm/algorithm/hwid/4.0 0x00000000 0)( 1 0x00000000)(?)( 2 0xC004F00F 0 0 msft:rm/algorithm/hwid/4.0 0x00000000 0)(?)(?)( 10 0x00000000 msft:rm/algorithm/flags/1.0)(?)])(1 )(2 )(3 [0x00000000, 0, 0], [( 6 0xC004F009 10 0)( 1 0x00000000)( 6 0xC004F009 10 0)(?)(?)(?)( 10 0x00000000 msft:rm/algorithm/flags/1.0)( 11 0x00000000 0xC004F00F)])]

",,,,,,,,,,,,,,,,,,,,,,,,,,,,,,,,,,,,,,,,,,,,,,,,,,,,,,,,,,
2026-06-02T14:09:27.819790Z,"{'#attributes': {'Qualifiers': 16384}, '#text': 902}",dc.scaffold.htb,Microsoft-Windows-Security-SPP,Application,6829,0,,,,,,,,,,,10.0.20348.587,,,,,,,,,,,,,,,,,,,,,,,,,,,,,,,,,,,,,,,,,,,,,,,,,,,,,,,,,,,,
2026-06-02T14:09:26.982156Z,5615,dc.scaffold.htb,Microsoft-Windows-WMI,Application,6830,4,,,,,,,,,,,,,,,,,,,,,,,,,,,,,,,,,,,,,,,,,,,,,,,,,,,,,,,,,,,,,,,,,,,,,,,
2026-06-02T14:09:27.400866Z,5617,dc.scaffold.htb,Microsoft-Windows-WMI,Application,6831,4,,,,,,,,,,,,,,,,,,,,,,,,,,,,,,,,,,,,,,,,,,,,,,,,,,,,,,,,,,,,,,,,,,,,,,,
2026-06-02T14:09:27.866665Z,"{'#attributes': {'Qualifiers': 0}, '#text': 100}",dc.scaffold.htb,WLMS,Application,6832,4,,,,,,,,,,,,,,,,,,,,,,,,,,,,,,,,,,,,,,,,,,,,,,,,,,,,,,,,,,,,,,,,,,,,,,,
2026-06-02T14:09:27.945956Z,"{'#attributes': {'Qualifiers': 16384}, '#text': 16388}",dc.scaffold.htb,Microsoft-Windows-Security-SPP,Application,6833,4,,,,,,,,,,,,2026-06-02T14:09:27Z,2026-06-02T14:09:27Z,,,,,,,,,,,,,,,,,,,,,,,,,,,,,,,,,,,,,,,,,,,,,,,,,,,,,,,,,,
2026-06-02T14:09:27.992778Z,"{'#attributes': {'Qualifiers': 0}, '#text': 271}",dc.scaffold.htb,VMUpgradeHelper,Application,6834,4,,,,,,,,,,,,,,,,,,,,,,,,,,,,,,,,,,,,,,,,,,,,,,,,,,,,,,,,,,,,,,,,,,,,,,,
2026-06-02T14:09:28.038540Z,"{'#attributes': {'Qualifiers': 16384}, '#text': 8230}",dc.scaffold.htb,Microsoft-Windows-Security-SPP,Application,6835,4,,,,,,,,,,,Security-SPP-Action-StateData (REG_SZ) =AppId=55c92734-d682-4d71-983e-d6ec3f16059f;LastConsumptionReason=0xc004f00f;LastNotificationId=ReActivateRequired;LicenseState=SL_LICENSING_STATUS_NOTIFICATION;PartialProductKey=W8JDY;ProductKeyType=Retail:TB:Eval;SkuId=c1a197b6-ba5e-4394-b9bf-b659a6c1b873;ruleId=3482d82e-ca2c-4e1f-8864-da0267b484b2;uxDifferentiator=TIMEBASED_EVAL,,,,,,,,,,,,,,,,,,,,,,,,,,,,,,,,,,,,,,,,,,,,,,,,,,,,,,,,,,,,
2026-06-02T14:09:45.065136Z,"{'#attributes': {'Qualifiers': 16384}, '#text': 9027}",dc.scaffold.htb,Desktop Window Manager,Application,6836,4,,,,,,,,,,,,,,,,,,,,,,,,,,,,,,,,,,,,,,,,,,,,,,,,,,,,,,,,,,,,,,,,,,,,,,,
2026-06-02T14:09:54.520019Z,"{'#attributes': {'Qualifiers': 49152}, '#text': 8200}",dc.scaffold.htb,Microsoft-Windows-Security-SPP,Application,6837,2,,,,,,,,,,,,hr=0x80072EE7,"00010001(0x00000000, 07:09:54:502 - https://activation-v2.sls.microsoft.com/SLActivateProduct/SLActivateProduct.asmx?configextension=Retail)
00020001(0x00000000, 07:09:54:502)
00030001(0x00000000, 07:09:54:502 - https://activation-v2.sls.microsoft.com)
00030002(0x00000000, 07:09:54:502 - 0)
00040001(0x00000000, 07:09:54:502 - https://activation-v2.sls.microsoft.com)
00040002(0x00000000, 07:09:54:502 - 1, <NULL>, <NULL>, <NULL>)
00050002(0x80072F94, 07:09:54:502 - 0, 1)
00040006(0x00000001, 07:09:54:502 - 0, https://activation-v2.sls.microsoft.com, <N/A>, <N/A>)
00020005(0x00000000, 07:09:54:502 - 0)
00020008(0x80072EE7, 07:09:54:502 - SOAPAction: ""http://microsoft.com/SL/ProductActivationService/IssueToken""
Content-Type: text/xml; charset=utf-8
, <soap:Envelope xmlns:soap=""http://schemas.xmlsoap.org/soap/envelope/"" xmlns:xsi=""http://www.w3.org/2001/XMLSchema-instance"" xmlns:xsd=""http://www.w3.org/2001/XMLSchema"" xmlns:soapenc=""http://schemas.xmlsoap.org/soap/encoding/""><soap:Body><RequestSecurityToken xmlns=""http://schemas.xmlsoap.org/ws/2004/04/security/trust""><TokenType>ProductActivation</TokenType><RequestType>http://schemas.xmlsoap.org/ws/2004/04/security/trust/Issue</RequestType><UseKey><Values xmlns:q1=""http://schemas.xmlsoap.org/ws/2004/04/security/trust"" soapenc:arrayType=""q1:TokenEntry[1]""><TokenEntry><Name>PublishLicense</Name><Value>tkTZHmFZmeofVPVxUpMJI0gToIDfDR4Bvxuq4KNp1CjMzFRJed/kNDwvEiVQmDlInlb38F5mMeALIljmSj/EK+QlkvxLnPAZMEHNV2f9Jl7L5mLRXPE0aWsmL2altC3gOcwPwdqXSI7yf0mWey5HMBJU3qtxnqmQYAMrboHzgQ4k4wPy55ywGQNeqWUUK3ZOwhzVFfq4MVBzrm/R85Irz8CnK9i6Znu6DCTSLn/ql+jvRHvIzHhAj1baJHhTwco+6JwniISZNDNNNAofdzGlH4jdmmalX2GH+meS2r9otbXAX/G7nPVhEGGHHhiZKx0ZyRq3oZWAtGkeMDtx0ut+AT3RNF17Bdc58O1QcGDDEckpAitvGt73baJHNF6lHwcNLux/CBT/dPEjLcwAPyFCHMTwdDxDt2/MBzz4m75jiuO2wOU45ofRIaIpEoqsevG/uhgG2Co14m+L+tIjOPwQTZ0LoVVN+zKhFgeqP4BEVZFbtesnBNztaXM+EUttEbJ37b9lhndnZa7lnF5pgBkM1p7Ylv1ohST4Gpg9sROW+rl3RRQ7qFxIDERMknsRXqOc5XSRhwrMy+LNqjwbdZNmz9ZUttFEAvgwJ3e1wZQpxUf8Zl5EMQf1KeTXng6l4AVHONNLmWO1p0A2QHFwnSPqIjo8VdtfUfYtkUgV3Fusc6OHDV0czQoLyEaMaBMqBJqxpDWUMfAuyuv/DAeFFE++m4A2JE5eDYew6G1nQNokQZVLsDAK7DyUvkk3bjDSnAWeRHgcGwQR2Yuq1h710jISfzdnKecRhAWJP1an7cNvernA/LJFtEadAOIUzpkr4ImIsDLd76wU18Dl/MojFPdI91uB+pMj3PoNXxprVV9HdJmTL3CpdloP4tI7POjDM7UhV6Q7ni9GryyWspSOY4A9bw2PIdXYVHeBos+tQGrpv5FuvFrCrERe9BsLUJuLdDEsov6bbY02+zEczrbwVmv8M3B4x4YQptPe495ebodI/Z7HPw7gzZqDO/ajudOrdJz81FnZlUyYY/Q6jQUSJkZYY95lGUqIBwVz+Wa5a4OoHHjCGbyCuaZ/Hglpt0LaTPhXGsQYusMe6UVfTKY8NBaOBF+FNJ0gEksG8v0MMuDTDezQ5iL+E9o+xc3vHPH8uiPG93jR6VOhh4gjTVGLDZMTxdPTcJoZMjWL+k9EaGr0H4ayWUbQfQGzivtyPLAm9GVMLUzISwLf48UJ7P3Ig//I1lGSqIvm7rh++be5rgwesmVFCici3dlB5gGPlRWFpZ1BG7T8uK7TmexS8A/RHTG7r28+yMv72vOXxKqStkcuxH1JVc+0dMRjdN/whQtYYTjxTMoomGyJ3urSN68ascv4N41E1lDEv7KZxKnMFe90f6PW8AM8YipHkkg/rJOUq2/6kTxnX/d9aoGSJP2jAuNWZOmjKW08tQn15Pi7QE0lSG4EOi0jUodTxniH8rU+TRD7hQEAsa5BMxgMXMpw6cdfT74I+sHiTzGNq9KC81VahfC8pvO17qfWEzwrB2gXXJFywB2BQC6vK4Lr60FTOPsJNyrkb7jr2hWQ8zTMfKPELoPW6Q9Jf71vLHgzZCBx6YXXkSWe59FLFcMlu/yLKuxIHuT5t2DaLGr7mqVG4fKM9aabfZeLrFqnB2vV6wyCWkB4R5O3X8ta+/zF3F1igrKbRzML4TrgChfMBAFjlB1J/PI5p/qCzIF6IXlyX0YuFNNGZ697IlsSdizoJznHa1ZMJKOlBGQfPupVx80UpkCrklFqrKRX/E4PLeb0SCjjmdMzbosZAWIqoSmWie/ypQeu8AbLesj4FAVquBLXwz54S65GcL+dtl7sPsQe0V7rizFNoWP12orvVYjTv8XzxCVlerpdteowElOp9MJtEwkgCNbSxOWrsU/aRYRPTsrVee0nlHMlpKgzjUg8joYJi/Lt9l6pGS+aHladdJgIaolaRHvVyHrB6C8RpSq9+4w80ALDnjLs4Wh2Vr2VbcujEDaSUzQcw0DULJpN6opxlZEv961IH0UUjHw0IcG7MqavXgDIN716nVWChO0qSg2O63N00SVeiWWP7KTanxegVHnY+cLAFFKmNgMzcWriPQQaA0EbYV/EJJYeJDFaSmu49jCrJRRYh2VJOGAvqL2lrXIbN7EOa7sVRfUuLqgLrlKYyss4znoJE32isxxS1yr8yMiXQZsxFuVRN6qA/Y+qxu97RkSOAVXTs1PRER4x/d3FmTIqR2LmrjzB01SIA9JbU3OBt49z7lG40OPQMMR3TqPolKiAI8hA/VcN69FhDMvydONXnQxNsWjq4fkvzXF4XMt3xPpNGxYXXZ+U9BILH2625IkLZl/FQQDD1NsjpxkFlSSsLbXoZhpBjsLPonyDw/jmy/zUAYLLneJAObtXBOXq5daYqIYzXhahTVBZf36YPBsiruJPfcm5hnI4giLu3tBvYZpY++roaD/Xq3/9LsRDT4QFUnjjXvM7Y4PQNP/P/5c1g+ejhGZSgqybuU78Sur/6kBa6BH4RzHbVyefj4rT9Xxyvl7pvscxnQvV2PHy76+gQGZAj8DJ+y6aaAZkXRyH1wZLJpVxfDuqdLt7eEiK0DTJ3ikoocg76WhASCQ8hmXMI6xn8BSHVbdJhEheKDST77eRJt7vbYy2t3NbzN1PCNxV68yAQuc3drE5YDqFyoMNADJ0Au2OJm1JTeLZTxrXk+mgpnYsELfwpYV4Xus+FZ2CBLE3sBClTKYFidkxaGpmEMgOBHVL4fzc1bjvYk9Sjt9HNtBd8LjM0B/I8GCOww1BK6rayQDDaR62ifayQtiaz/wDpULtYNnerIEIe/vgboVAwupMFyP4/aQQ4OB5I9TEZQ6I1G+i24kQpnBTPT5vukg+hebtjXV/9njYeo+4piClwj922BTUQILmxpfAIZ3yw0Y2p7/gU6RL6EATlf14zZtoEtZ/95sgQGzs8MImnhJwi+H+V2IccvY5TPdlSUbdyzvEeKWB+snAuFGQsNHiyyI+R7QUh2v7jUoAMb6XiUiRU2Fa14TgG+C9a37BD6j1XBAo/+YORIWRL+588J9Jh6L2kLhQbz28Djtfq9az7KGz+EbeIH/OaTD64VInphn+ZgMqOZdnopoVyM5XMZiM6rPjjnrfU4/quUFKT+xL9lh+hAqvMDQrdaXYV7ZXVzuPcbKFQPMbg77qoOo6CdQAXbnhKmo4M1ykgRN3Q4ROLpXtn+NosTJqCrSzxORmoumG813W2o84518KJbpd7WVq+DSUTdcGJGF1FaDSKqXdOfPGwV7arKVQ9Cxdvx1C1IUvng1ChjwJZzgPrmz2F+fkmHnDCo9sTfJV8IyPBT8h3eNx6riU5lW0uvsTva0vtEty2KOlSDGl83dvoiX391qjX8wBucS4hloRtfvWUHiYuJFjw71uq8eBGPPWknPVvCOx7THWMHR5Xj502aPYVsKDviwQfX31ZEsaR/KUhkUGN0IToXCNUfe48UN3MS1iYAhMH8XN8K3sFgXCBE3GDNcyO+buw4ZrDKIwMb9hrYxF6wNfiCvWSiE8S2KD1ZVJiZ9Bg6U0/lqY13pmy3Dt6M3PaCo0HZ9W39+FCl1+FFM/k5KnjoM5YCd6QRnb8KAdQ1tK2R1dB2VgWlB5VPbGuv+GkwRy4n1rN/kifMGq0i6n7YqIX3pg7zQlzpQ4NRF3ARLVhIDORQJNSKc+km1LpM/Hixf5Uv8FVwP6saxFWF7vcoK3IXdBkVqeH6U2mf3iBHKCzy3ShvPu/iMQHCuPmoSOndlRdOeIPcGSCuVE2JUzj6HJAar7f3KHPlqPctgS/XPPzLAX6T+S6SWwxqCYz07xiVWoGqdDF1Xz3NwD7Mpw24uSR4BPq58kVpcEExFGryqAu+2Pb8FHCYrvWqfj6xnm4F24byx/Rsk5WxYKnjDMjTV0NLWF7l3WGhGhNE3jdimS340N07QoBrA+E2nTS98sQEXyVpIoMin5AhodLn2ees+Kf3Z1ElEm1gm5WpBDdWM+JiVuQJ4itQqGfS6osqOZcJnVPnrnAIPSMFxIQgsc64aoVI/QYV7aA5EpeI8CRtWIcOJtlmuTWQAqfk+3ZYKW+/q2eYeYQvDagfBMMoeTqf05Lh17w/jeeJRCAeYPHOBvFBgIKxjVeiKUmStpR9pFPmPeYRtG7f1mpBBvVVq4f3XFa7gEHED4QkWdbo+A2tKVB7ELUnqBB9ZsV8BTdADdm2TWiGpDoGKuv2HgfrF7KSwAEeyg+lpzEKmtJLOwD2OQaJuts7ldiTakI7sxju9XHb5VeKgd71jd0hmHg9fYbRVfMCDPJYbAT28y7pKRLsY23v3f7iABPlRK0o5f+KeNdfn4BRsr5M/lLKFqpvs9o18ht4npLu/aGzrSvYJMBKlS3776HGTzv/3FdTLYUSWIqL8MUd27yzLiOm8xUk83THpdJAhy4aSuDPfQL+mD4IzvVWHQRv05eLkKxlcq3vGzfQu7wKMe3HopntNOwr1kBRRi+o2UqIOTRc5UHnk0HiCgV8zGU04/Fc41Xhgcnam5i0Qvmmu0+5QyYRSRNTNrvC7zLtmJTX3KiubqNeCsgjTdnq35nGFS3VQMocKzjFCH8eRqU4yAhnzFjyp7MwjBqJPYmwJ4BGv8z8wAmjzoGPecIJe8RqW5Xwf0GzCDR1tknfAH4UxSWzjvRYgxGGA3fTVas72BIcECc5ceW65czEg9zxP2C4CtUgq3zG7pP2xfF1Tb5wIlpyD4ty1ZsFg2eGba0KwIGSYDCx1UwxFgGWRpwv1gjAlbCfBTza96SxKkvUFCIP/IA7JRhQR1OdxIVIlyf9wwhWwuIZF+JqDaYKkjI57kyeHEi1oeZK6J5QPLScGs7khsKDiJgG1HwgoNzN1aBnWG654JnksInk/VHTzzDsHNREMbO5CAUCOAE4dvvwbQZVIeJ4YBqOUtGTKbMKPwsTUV0ltvHeIzZgiqgmbDOX0YdJTlkH17PA45qbFKT+l4XcgABiFzK2D6nfC/EhlHP/8KVVxMxIWQE7N1iVt6YSFgbrcLb63PnvGrCHA1wTCqcn54/hfR6p6w8jI4AMI9VdUCg/bZo9pIe+57bdRum2/2e3nPQtnF5E83WTnjLq0VGO1EjikOaYCHWiqmc7S101xSTfwx0SSxkZJNdQOEJwk6FdPQURyCYDhzQ8m/lGuJc55FW64GXTb2zvI6h+3CT6hptPnVXzXQyRJEMIVrfAkhdek65N5PY398WlHhN2E0xBNKiqPRT8G3FUpb7+tFHWPdqVAIn4AY0vauBM2l46aVB9vAfgljbGiUqzlEU6+AamNDeQl+YCmtVwP66nWkNNXlsE8Tl8IELHwIIpiyofKtpHdPFUuiDO81jhuv6nrm57W4tdLz43VhX0xDiBcHpv7coOhjEgYRu0+YrKYk0uE6DHwHDmcbhYmuXKjSKLnSUTGQGsJi2rzQpCSUymwn2rCAuBvR4z//+dXI7xSKHaVDlJ/Fg65a6sN8L3Yaz/hSivn+kc3qBOT9wXKfFDLUXdKZeDDGp/Z28qlF0bCocrRGwNSwOl7BxTTpLA1OdYR6pcVcavTKi06A0NgvSaCog57sslKzd16pqnCvrIQupvyUqm0y0Cs+o+YrMa9FfNetGsvjvOiJWiQY2+gdZ4GSJkcSpAfImG2TKcZtLcc7q8bMBiBmqDx5vBa+Cf50JnjA4E/pNvAc0HoU5wdScFowm18Dn1XSUTBhb/NfcF+PdN6vhaOkwIX4jn0Lqls1dTml035PDyo8RHe36SeS8aNpDWC650tFrpomsBMPYOUhbNZKbF+7bTmP+vQVgyx7bo0sIk1QpbtsSIsS1uqON5QVbIPc7az7c638kGe5it2LC/Yv94U67digK4PtlZ2yJSi9Z93oV9H73OQU3oOYGLmchjLnHZ262BE/9OS6apFDBGUyjJQ1ifcKntdYSe+2bkg8aCwfy4G9nnbND3NIj3MSVvfiWh08Jyo5crrHZWgEU1kmHvD7S0YQP0dbfxBiMHZATgg8gOULp5SWHIuVzeohD7eNxiuZSLmPvzPR+6xa1tfSILVtv1Tna0L+JdVIeHOu3x21eBf43Z+2Ojbdjc81VHrkHnmvEdMZn3b27LLtaEJRpJXb2dSN55l5sCnkoTG+cxFzsqR6OZ+TOpPBJnoz0SYdsXjUL90Xd47vdVkzfPSv1OZ0rcS8MLxFrPzbPoCKU3Q3Xk8R3uGlR6IQ05qFtmfIDS6KRLYN04EyKJeXU4D1PNLuhFrVB9XwBwoOfw/WwylfV3z/8iwDeuoXph+odaBmvPbP8NkGqMu7IKdzweQ9fxHcdlmCzKvBs3zUGZutEo3XwkYOEpwiF77bfwQLPBB5jRSMxxGOC5dzDt8Vy7xCcp4/phjuJhgZ38NyqR+PBTKtHantJkQsxJvsn0gFA5yBcdmR+xkfqjfH6mWVkgFztFagFTq7/AQ71sRluG+VqFiGkW31OYqeIUc0unzJP+tvSCuhFj+P+MO9qWgsgZRyZM915A+ZU3prXFy0GFU1ElmSBMerBTBCcHhx0Tvpl0se1ATt+tD7r6nOI5qwBhmlJr3mfdB+x5SYn9J0TXPlXdWrP0dhNjy9dEHsJ0IhV9MJddQwtbk18huit4gIGIuhJssuFoJ7NnZ+p5XQfLszps6t1hNokfOIg8vbYLq1RlIMgG0gGTGkxxUUT9nhwNuoC3i8meWueKAKQW4eAMt8Cg+BK42H6aQ/n/0ZJvjdxAj+6i7e/PNDyGLu2x78ChAn25QZJC3K07E3rFGd465/EVcEXICjLp4VN5HR8ik5A1rykjpa/oPbaEzaTMLPstyNK72v4yDRw4LQGIXsNziNbL8d1wJgTPt7KK6OyK/q/LpqNenXEUDVlhwir1VOI+tgHEgSG07fQz4aH1/Tn+Vj2pbTWw5njU36dPePD/gRuAfevFfY8DHrY5BHOdINt1rP29VQrs7OYPwfMs+GWibtBAZjR683twUyHIuDYFxt53rJE504PSz2G8lGKlcNJ/LfabkHrhSe62NOIhSnY/KBWAXiwVIcMyOz8z1ScK4wA+5Go/szoPLVqf6Agv8cN37uJLPhmGHprwbUf7QhWB4H+Z39Cab8GViGWfGEFxVAH2kUDZGCOj1kyyYaeNxNVvCDzS+/8sJh6+gmhJb3T/XQEFLDdoDw49/zh22nB8AwQyASvBlF+K7LfuXzahp0uqdZ2+vH7lFiFg8ZNE4SEwW5h46uZG1Rdv20pGCn5SEyLWdXn+opI28b+nzLnlbjY5OmBmgI0SGuixIUBRPU8k0WVRb657WluMQRDTIuEgPXCNaxaZG1ND2fOH3hqcl0w/wCxBebrnGfL2EwKbnOyJJkh/AWM8CORS+YpxOgvdtBt5T3mArSUnBrzMFJ75e38K1RRIdMUMDrhp0hEiDmkbFWQlSTfqg4upB0GRGh4oWKILyU+RKAIVvdN+soM59LoUG+4FvHBI62mDXWCeh6xSe4lZQs+0YxbBnBCI1/vrrpz6dKWgtW8Tavfz5AMEW4jGPE1o8ncvGSynGoY4FdzceuRtE40iwy1xLPd5FLC0fgGR1Q781Y1UHUYpabpWu83wLK7m0tQGyQ64lARCR9HGMqYtGONTOhoIKc99pIC1MWXuj4OYGpM9rT06sLmXhW7jDB6dN1eWuZx0XvhK3rFphjV3YZw+8ELspyb8vg4XWZeE/b1PXA+OSJCZANbcgdbx9BprTy6uluuBAHMPsLEM5mweT3SHu2LLzPdKXz2jibUTAdoALM+VKmoEtPfzzRC0YX5FzM8CIatoI81rtkaAxOKuBsrC4rju/Q6Ro2UijUi3wMujM29pRueGM9EIfSNPpGbiyEhdkMYqHS3uvkU5x6RSGkxR+8NjRFCzMZt1didSotcg+6d/iTPhO9RJ16XbHNfsWa4GhCrPPCqby/01KVGnFhoNIma13xXB8hW41B8m+RkfZygR59fdNWjk4uG3dLHia5BrixqlgSEPFTHoHSYmY2n4BScJPvuO3+kPmp6mz4OXj9rk7Lzo9d9/7xXQi69125+Kejq+rcqW5uPIsS6qWpOAz6XjfIxRp5vsLREZwjNV94BlavZdSaeogqn4SdFqEqqcgoXPSfqBwETtchP1ibl4HzzZTKVmFld1PSNzO01nThbHWjeVC10CjF76YBC5mD11hT105uLDLQrNTdnaw0F27oaO8Mdw/P5xs3EYuwuqX+JYxh0GZk+/mdQfgt1tqynkq+/hufNaegMqRvkzwP8Z2hMcH6c/utlPZqxNdHAqp1KjoGVf0rMXmsSfiySjvB4ZVzaDdX4ApXSFZEn1fkBKV3s+qkbZcpRjvHJADnnqbLf04S32U0110K87o9Z/Gvw6dtp0YM9UKeITBBjfkMATXuk5GPW7JNni/DtJHEbdJuf5KT97tbp9aSRb4onKCZm1gNzcrJkZ5ATLo91HAV/Rsw5rT9Qvqgj/v9KGQzZAqzhOnhAfIJuMlfE3DgaKuFCzKnlm+ln4JMYW1RZ/QSj/lnB8fbGwbdKfsS7ZeMFGlrp2GdU5pXdyI2onJvKrPkbDK+xMq/9qLHExYlb2UWz8wPjlBGuKdIuhqCGHdBMRJTy+H7Jq/RdAmLIFnRS6cmEZCdcc/cXDf9lhLdTTHHxzwehudOTSS8qWI0zTjrC0gafDUKzyFQbUDoCcqazI+Lb4DkB0ixCLWxf0dNGGxpFdU278tLI71pi4QXJrsOOJs6sBliwxhe8nRw40+glhb9wpHly1SCy4w3/uqRc8lFk1/0Eqv//wK0DWtyWhMGRI9iDroDHPu+b2GJDKeQ+dbV7LoRfFEoTxxH06VM3BoIK3cmO9/IT0NaxBiWTFeeVnWh9hsfrLrtJqrrVNgcHW+MriasZVCMcC+PWAoQ2I788XrsPXAYnPuo/lMUmHI71ToaMUBbndckPd/bVKURD3wENGGwLQ8QJxeqm6bH8dfPTuhAHX1OiK0MgOHOWhpA9YXoun+WPykX55bO4mdnfZlBusozdHg3GSS1gnEc/lQcTILoZBuHWzDN2XMyXum44le+Zka104FWn2XSl+OtZngaDjGBIhQL3sGIrBnxaD6T9Ke9HkxhW7ivmI+ys92jww8k1+jyiAVOgPYIEmjYEbUysU+dWi9rVDsiJoy+FP7ARPR5iuZxAqsDG0xSmuC5A7QSt6lzfXLhijhsmru3CNFkL6uwBADc7Dv3zA6ry5EpXRPr0/j8zaHYbG7Csp59Hj8FBNM8bkoXrasQm/ir0HfStS3qVt6BHPWLy5afxa8gv8dj8rUbJ4EfPbsu/fhCr2QeBhlLuW54K82xVGBQR5om6nGcdLmPmMqlwxlTExd6cG4PsrdBKqoITZFOCcChiW4QD6XzooqtVFDzs786GBpaLGo4lHcNqHZdUCuoYVxaKHlA00OAbSUudmgB+lxTvPkTVR6NYToMv/mbCqzUu42SobL8RwYuay9XDSd+PtaAoKUX3pF5aQKAIyADVXDCcAAI+q/EWst5vUPa6hQlkUD1neVrXw/8RChgq0JeQ1rfA2aTcwUARSPx36GQkXEIfqS3YRdE9GHqJcN04rw5c7xqeTLEKGnS00HX+GhONUFVgqR3eKmJIqXfycjs99RcG+hJuFhPr81XLYjUkvIpwOpy15dq8nQfYU/Vn0YTklIPJpQpQRmH+EJMaSAcwcXirboZqJQzZwHJ7Xjn3/YCzp1EwbK9iC0jbOmgLL2ozr7deetMgpcI9ziTBMuGFzEA1r0BwHx1sEan9c26qWKeV3oESKJoQo/KXbUrnks23/qVqEvHfCmHMqW7PK/UZHvZkHW2XYj5J9xMbDjkHcayDED59S5xnhb+J06DdLhAPrTO2w70DitAYZjUCepYhiAh0Kx043dNGaBvgx50R5GRBsEszz+mPxTV1XCJ0o4+nQbdmaB/dUzCC9cG/R6b3OHK1sRhxjwiYIGelO4vs0/xmuPdoSpwUKdw2Ox+bTHzXV2WNwiC3SuzpQYPYCnEa6+B3mkGU2BggnMvsfNlvcgGZW5LOgZAhVIcWsGciREtAOJGofai+/REoMToygBhbifLHjW5A8sAOs7Ac8igg+w9NOHkPGpLTO3oa+frDLDUgJGJFNAwwaR+i6jyWDr3QJcPnjt+a1/NNamQgctHB7rrtdiK+8wpJuw8HszjshfL+pCdeiphebn4/VVwFxYjPoRGaIrKlAaI9llFkPpAf8D30hVZvpS8YpKMlWz79MMCvOg6Sd2mcvLymSNlpg7gFbjBtt5g6cVFczP0IRYML3qw68Rf+/pAgAhiWyG3saX8+0gVGFcTdvZQ3S4OEelWmQI0zeprlltlUmYqVXez1AwkX/1d2p63eRUzVU4f+XS8SW03DeyS4FLNhlDKzyG4lV09xOcmbEPFAeAy3l9u6i9Y9SCeTJqqx10FZFXoQNJ4P+eoh4WaIGkGc/Odpg23Ef1NXPakW8w+x0sE+t0pxuKdExFC/AdrPshUStvZ0tNkoPO18aTquu+OCh4FxqARk/sKWq1ArdfrUgUcr7w0qKRMb7fAnsoxg5aVthFB/X5lNOsKAMy6mZ7reg9H0NHukjI6EpNecB5eQwlAPL4xUkVjNq5fhxCKJpCDL0XrKYreALeiidS+KujOrtr9RoWuj/ZdXbOeD4KncT2FMbK5MqxDlu8oBAvrS3/GvkcNd8B1KIs1ELhuzn+wXofIMwec2TekV+EVAMOf2agUJujN0Cc1V4NnK8NpRxEtRPGltoCRSI+seAfO7GyFmws2kuV8DHtwEARguhET4NIuD1hqGQE4VoiyMU9B0/q7tIFkR9co+xA//ODueXFeh9+hK8oqQ3lSKvmfHAyX2ZLPrgMZEhuLWiVOSh+YS6jykfj8LsgW4W+BfNMrS4Vt0103RmHgHNBOSUe0LJDAm6iMOmht3WxWczhi8gTf4hfk4RApUfy0aNU7XoRjxUqF6nghHIgxUTWn8Fii5CG9/5I1ARPOdcHpLRUqY9HLI+Foule2Acb8CkeQj9NrY4wx5AKK+Q2Xcj57TONZqWFtlB+kNAat7ktkeR4P08kf+Q9teY/hp81DIfkv0N9saIO/YD8UGLU1pnxUOatBXpEoaiDkyp7ros0z+qJziTcMz8Xkwiicb0W3I4Mv8zZv+VmMp/oLIqyW3TxC6pOLDou5RM5hib7f9w2WPg85t92P1dFmpaFSKYHceuKC/xAbtxF47/HrAZUMDGiLn6qzgx/Nb8bKNIFoArgpFtMZBIqilhyWyd6nS8tKqzFtkB3+YqfHbx+nB80vTMoCTl0i42slwtPBS+r9vAxqFPvK8/CHsCZw4+WzTrDQ2km7mt4/rfNjlAWfvk0WAJzA72OEJgN5q5CBAX+GOrGpqGU4lBNaY1xL7AYQFKG/vkvn1n4vt3OWUfXmTN40M1fUKbUNADEyGaJlXjpecjcuZCjDMaXwvNKoFK5J1UnFMhUFukS1/4lEX5/fPbOEOWN2R8EHIjlmyy4N/hUUKj7wnFMCQizg74xkwyZnGaZGSmpmjBff32oTNBoi1rOX672diB4CbCwneWlUCSLJpZRbDqgHGvPsaYq/UkvLNIaR4AyacFbfqPHt9+UdSvuGJYeX33iUifm9mFl+7JuQuQkBpZSaIlc31x6NCdLUSxNfq4XNGRVHBHMuHQFPsLJxq/JtsxojtxMeuDIIQ2U3AzkurJzVAJCnhdc+9J5OkCXjqCOCzCuiZwnl4ABjqrHWkU1OkIxJaQ4rltZmuxfUeq2xYcO8OL8OWMJVLAqQeLCmUUkg6KIJJrtEwEvDzyL0du6eaPQxwmr0ONDGptpdKhZ9xN5DmdBDxj/qRCWwbnckqOoLWkjsO/EgITwnVYw+7pVVipaQFb/lOjzJ8A7l5xfK6NwVXfhRyHNaly/AP7d19B3f/nZ2AjhSOk7qAXaR6ZJfR7e/We+ICppCmRQLdgaZdYXZcFrCDcyuCdfXvu8DjaM3m7tsBI1ZdzpCgVO+W8r0tfWiQjfA5ggxu/fWDOJnRKOjcriM2IDY5spOCVfmJmzMTM+ohKwoTSHW34CzgL8E8H4aZURVbhYYQrfxJuVSdHiN9nOJqIRNYi/T1PWozRgBCTImzqe8qujIHk+Ztje7OlOEho8gCKN/W+FByjvK6+pKJ/PcY7rcrCSKNXeYIUUaGLFJsiZU89XKrjwN6lR92oBQpv4lJS399ba22dnsIRzPWX09y9auhemiqT9ZtQUeWhUeocBCKc1e17sFKVjJA1J6hFMjPzVhoBbWVDDG8zFWaJmhu5qZZuOnzWYUS1R9hTI0ZNt0QQg8HyY59XRNY655ZPqzBhCFEMT1ZXE7PdxNa1ohTDoELo7iePC/Dqs3j9cD5S0dkQFOEbR47zB1BVlHqKcQYkJXPgZu0U/JmYh/4Cj6Zv8mGx5mvz08FCjHX47jy6ObTz1l5YlJX3IQxJwsC8tg8HszbOpszGpIAFdTEnzqmdPDfRRdHg1snFJCHQI9pco044y+ctMmWskFvgLH9sRH08wvutAtVTV3EApSIIzPoNKK8s4nWGCHso77a0XQSbGgv35/1WdjKk6D1i7UaivFlIk6PPXwmU0ymSpRaHRc73yno3cNdWavzlEoUWzObDQD/j1Y2TN0UTsTphSHy8ACnsfpOTwlzDFIftM2MynHhqEwbGn5FIkYdBNUae8o/R4GX5eDBg5WsXTdWvSJYvOcMjHppGFgjJrSUAR38Qkofk/A6jNCf29M1TprC9sBMBH+MXM/BGrlqfbjpJIxW7DVvaPU1FuwNsXe68uK7ZUslW9z/YpF7M6vKNZwsx0X9noYVh7wRU0rpQZUmrG8S51rCfV2DDI4Ju79jdiGjdgYgzmp2tpVxhLYWxwYYvE5Qeh1849uOVyVWZZXoCfFW5tB28KmADLwtfsgHjlLdQjbqb2r+JBaA+wjeWzjVEMu2vuIPo/AwQGpx///n4hKVeGX83QDAMMZ7AiJcAK/HsOoT6p89KxDZOh1BtQJXiuBXhNNrNIDYSJNaRX/hG7VyOpJ7x8+GGhj4L98vB5zIg+DZyPgm8KVZr+wesbMCnMRu6ay5BOMoY3Ts4iCFXlbkxtWG2NRiICigm+02BiRct10VPXTszjtC3Kdsg18/PniHNZkxEcTghX6dQDK2+PYnWFLUSVuY6xOK8aInu4f1sRxnycSzw+ks657ot4BATt4ECcRID92Kb6ml0VS92FAXKwskCO/NmFKfZ2MLQEI3R47/VmLy4uAdX120H9rKg8sFljkB2cSWWTFwNZLMnBjUMLUrwnwKI+27pGtxGuTEhS2H1g2BAcmHUnHQtTXZWDFMhU8N7pzPLZIi1zM2UtALhzhgrvgWZ/0VVe/beiEnnt2ijlpdLddCojl/i9Knok82iWw0LQ/IFdfaEOhcAOwL/gCJc1odQSZfS8ey0gMu47jPp9xKTtC0p9DL1K7d68XhLgP1E4YCi9TXAyezztmLTYF+q9iC9RBC71gFXmQ5EBl8Rch8DWXoQOHKqqVQbquzAhMdAXrDzRbj9r3cxsUJgeJ024FmL+ATApE3qHVH73k94LK3WxwicOmlbMc6OVKAUCg2Far5tUTXC573FC+Q4UX+GDMIA3yb4w1pttGfdehpDCKXV+SdQJ+xKIgjFqHsUNySW0kTn6p+4BX3AYPynoXqCJW2Hl4ojqEztww2BnkUVTfYpb8UiTo5LtZoaN+r1B2ofEHEVR+LWMj7hlPfGThhDHcFjYPj2jkLQccI3HjA78v0icJ7hVCH+rIWFh0oU2e9w+ycjA+cLxrfw3IrzB8FQY0Nv3ftTkW6eEVUnxDL4yoQKTZT92wAjkVYnYCRy73Epcw4ZblRnE3S1MkVFXSX0J+BZwvCkdehOR5W0iPsbU4Uh/mVJRpOEYBue0sQ64danCDWi/em5fREyPEI/4DNMS1kVJJ7azUWGVlUjH7U1RPvqwRqTGWKf1XdzmQxdfGWwBXFAbWN58oHKLAEtqHnnuWtg61DH4yDMmBM33STWvYTipR3rvCEq73o6v1z8sXarx0NtBoaml9cCBahJJcl/1Bpbg4UPNQTZPJMi8zFl2GS34BzrYE884cFMXBSUOaqJmOczAsuqfTPARcxoStlGxqLrh77nEl9YdTRqvsm38N70VAZkesIGHtwe621xk3F242ROSoIlqHik7AR7Eb3wkUa8/QoYzyV4mXKrWtezlgr5Ck+G3qiX1Alr4UYQNQB+SSoflvVserp8zfEfz/vbEkGd6QCs9p30SeVvhURQMDmNOv+jiTFzOUBt8A8PWeIlyj227IaFwvBYqtoutfkwSGGDolXVWMFAowH2mLWWnK++x1E9/T62HXQ/1qcpUxlWnObw+D5RNaS2kGxXwpjKkIa0+VwPXnoT+ctAJ62I1RxPQc+KYNtCRLgSTtyRYNTKT0YLJSZGDzlGLRQeNQDR/AtGKnBR2Iorrjt34hIACNy0s3FDkp5lQWwba3HjfoQhmIn4XjHrDrdZlQhztpQgwNhrdogxf2miMAzpcyXIGDJuiv25AxPguM01SQldCuopFoFJHBiepYsmXb6nBycrht4ngAmGmFNMky8zgvBc1vabeOBceXwesz7Yniqkx4C2gF6bcpCf4OYj+SX7LaNHhQNzk/ZrmsuMkuHg4jm0YNKJfuiH9nuTToGdgDQValjinp19XEvlgpgDtVSLloLoCzvKknoBejehSjPy1D7eQivL0GhLYSv9KGjqCBJiLaS1uCqu6UG8bnAFTSTx/niOBrH/1LEo9YNpxIjiZdorGq6XV9HSErrdmCu9hI7wpb4X64b01SlIDCTzcHnz5WuyCU/DIb1liLLKvwJeanPrYVGaTCTt8YEQ1Rshu8Y3lcubsYF0betMWSDFqHkp5nEcG7bN+OyCFWrXESZAbnpvBPfwzEU+BFOepA6Pzu8HQ1WXydjIkLldGkjDrdKVMx3M2xfhE1quqsEsJgSoBNfXkiuHNRWaXmZ6ErIT56L4KT97Li6/E5Jjj2oY6NSow0jpnE1Ap/Ovlv7eVCdzmsYaozrmGPulRXIQygtcj2sHgqUr1kW0K6d2uc+KOoCcKenKMhryMf1nOaWC8yccDsESsFMj+QHD8Kb530n/Z6qK8AqkDigml7HuEDwtJXY6/tXG3lXPi1Jyth1nOtYXz4BMbIF14ikNJZD2IpcIHsSUfPCwd0U4Y7ZUge0xhG9OOMS6jwT/artyJ2Y930yUNOyevU1yPkkgAI52tJy6D/ubRFTRNVD+vT/zbCegC/ZyEQ7NLE9kPfaVJ348t5+567bw6jkbCDhuF0R1ODqp8MhZ0qPQ21mIV0sKvFQFT3SCky0q1E9MXgzSPJ9aXWvQGyRiUrrGGhFS00Gq/+OCC2DG9hwJJHV7xrMUBr8PTGf6x8hICZKLRoM4v8KjbVl/g4+qAbtJdPnnUw0bvh/0Zxu0jGGj2C+0Xd5qp7MCushxUQBGSWZ73AFlkNw/avouPARaBzeNJwWlCaZeiD6rmqZe859CRbd/NPvH7ssl+JFXBpdLjWrCGeDrnWX7USnfSei+s3uCenq2hy5pMaFyhNYEz913Y9QkPD1LLpket//oq/PUmMR7uxG50ZnxsjdGtTLrQNPDg6VS8Aqv9f1veZw/yp002552Khisrlb2znBxQvcs5PYXjGznYwv1aZfee4bGbcjQPkQhogleid38JPrW1aU/jxROmQ4VuYPwVekPy107d+oCCbAju6BgY7hmkOWBkVCQB+B9+9Ekv+Igfwqi4lnsnNlw==</Value></TokenEntry></Values></UseKey><Claims><Values xmlns:q1=""http://schemas.xmlsoap.org/ws/2004/04/security/trust"" soapenc:arrayType=""q1:TokenEntry[17]""><TokenEntry><Name>SessionKey</Name><Value>tuVO5N75aMbDtcqX6yllhI+pEr59EEGWUjodaYF5blEVafmHzfmSd5vtVeUBwvYpdb0+DrcaBGrIMwhSF628FZWgKVZr8Rp+t7Y5a2Bffu8J4ax5F6IDtwcPcbl9gj5NYTKHfCOKznmbAwhFDqB1H0Ke03+CZaMYcsz72NtKhQYhNjXsmyQOqq5rM+C8uKL+ie1p+w49hRL6DRFKYkCzLlz/mUua/bitCtHJimgdMexp6JMMZQOuLVseb6tuGuaS6cB+8ETRSlv8uS4TbqADIfKPgAj2oGWuUQHOkzkwv6j/dPNHpKeymwN5ri7l76pAQ1an2ouIgweRLOoUaphmiA==</Value></TokenEntry><TokenEntry><Name>BindingType</Name><Value>/x8RIZF1j16mWtTiNozWvTtRo+tWB+n6hN+eGLRjfnA=</Value></TokenEntry><TokenEntry><Name>Binding</Name><Value>hQyajryskXhFpDCAQyKHU/ZLQKWG4+XQCyy++T50JVyPZPHdUE7Ds3ytnCI6+IajALJD+RBMuXfm8NULbf5cQw==</Value></TokenEntry><TokenEntry><Name>ProductKey</Name><Value>m666+XxCsaww9wEoA5gSAzvozl5KEeMp6D5wa33SGJ4=</Value></TokenEntry><TokenEntry><Name>ProductKeyType</Name><Value>/x8RIZF1j16mWtTiNozWvbdmYlTJms1UxDaH89HeYA4=</Value></TokenEntry><TokenEntry><Name>ProductKeyActConfigId</Name><Value>mSoSyZVrOkUzrRZPfH2pg4hl4cLlV4dvbbLqqgho8XWqNaH4kO08lPTsv5+v9kkkuVZteJMJSLvjpHeyLbKUZTZriWfHaCHFLaGd4fHsnfw=</Value></TokenEntry><TokenEntry><Name>SppSvcVersion</Name><Value>mKPr0tV1Ab021SNr6zpcng==</Value></TokenEntry><TokenEntry><Name>otherInfoPublic.licenseCategory</Name><Value>oiH7rdNFTO/Rv2H2Vfpgpe3nwpwlD9gnA2+SzVy5U0g=</Value></TokenEntry><TokenEntry><Name>otherInfoPrivate.licenseCategory</Name><Value>oiH7rdNFTO/Rv2H2VfpgpbeRxBOQaAqPSvKJ0NyIDIU=</Value></TokenEntry><TokenEntry><Name>otherInfoPublic.sysprepAction</Name><Value>HAOF+5S2cRWyk2CuqOuoCQ==</Value></TokenEntry><TokenEntry><Name>otherInfoPrivate.sysprepAction</Name><Value>HAOF+5S2cRWyk2CuqOuoCQ==</Value></TokenEntry><TokenEntry><Name>ClientInformation</Name><Value>KKH4ULul4HNvZGaF4JdZO9uFmNqpySqREMzAsmbeDUON762j4ZQhyqL4evp2CMfRgOWPx3FOErmhWYnqHi3Ytw==</Value></TokenEntry><TokenEntry><Name>ReferralInformation</Name><Value>zqsTxcowlTd8+2dkU+yC6XEXr8DStGDdA3k+8hPhtb9K040vFMDWcDXYQtKzpOmgcToPX3B7IerVIJYmckPOKg==</Value></TokenEntry><TokenEntry><Name>ClientSystemTime</Name><Value>RZ4DbzXoTHfZxY+WWjb7IhMqDZipIrOqJK9tneA/Zus=</Value></TokenEntry><TokenEntry><Name>ClientSystemTimeUtc</Name><Value>RZ4DbzXoTHfZxY+WWjb7IhMqDZipIrOqJK9tneA/Zus=</Value></TokenEntry><TokenEntry><Name>otherInfoPublic.secureStoreId</Name><Value>+0fVoXJwus/2pLi6lWRNYZS2MoU+0UYxu8eH2GUWQ3TKuExMCRUAtOf/EH3WjtrP</Value></TokenEntry><TokenEntry><Name>otherInfoPrivate.secureStoreId</Name><Value>+0fVoXJwus/2pLi6lWRNYZS2MoU+0UYxu8eH2GUWQ3TKuExMCRUAtOf/EH3WjtrP</Value></TokenEntry></Values></Claims></RequestSecurityToken></soap:Body></soap:Envelope>)
00010002(0x80072EE7, 07:09:54:502 - <NULL>)
00010003(0x80072EE7, 07:09:54:502)
",,,,,,,,,,,,,,,,,,,,,,,,,,,,,,,,,,,,,,,,,,,,,,,,,,,,,,,,,,
2026-06-02T14:09:54.520019Z,"{'#attributes': {'Qualifiers': 49152}, '#text': 1014}",dc.scaffold.htb,Microsoft-Windows-Security-SPP,Application,6838,2,,,,,,,,,,,,hr=0x80072EE7,c1a197b6-ba5e-4394-b9bf-b659a6c1b873,,,,,,,,,,,,,,,,,,,,,,,,,,,,,,,,,,,,,,,,,,,,,,,,,,,,,,,,,,
2026-06-02T14:09:54.615583Z,"{'#attributes': {'Qualifiers': 16384}, '#text': 1003}",dc.scaffold.htb,Microsoft-Windows-Security-SPP,Application,6839,4,,,,,,,,,,,,55c92734-d682-4d71-983e-d6ec3f16059f,"
1: c1a197b6-ba5e-4394-b9bf-b659a6c1b873, 1, 1 [(0 [0xC004E003, 0, 0], [( 2 0xC004F00F 0 0 msft:rm/algorithm/hwid/4.0 0x00000000 0)( 1 0x00000000)(?)( 2 0xC004F00F 0 0 msft:rm/algorithm/hwid/4.0 0x00000000 0)(?)(?)( 10 0x00000000 msft:rm/algorithm/flags/1.0)(?)])(1 )(2 )(3 [0x00000000, 0, 0], [( 6 0xC004F009 10 0)( 1 0x00000000)( 6 0xC004F009 10 0)(?)(?)(?)( 10 0x00000000 msft:rm/algorithm/flags/1.0)( 11 0x00000000 0xC004F00F)])]

",,,,,,,,,,,,,,,,,,,,,,,,,,,,,,,,,,,,,,,,,,,,,,,,,,,,,,,,,,
2026-06-02T14:09:54.627554Z,"{'#attributes': {'Qualifiers': 16384}, '#text': 1003}",dc.scaffold.htb,Microsoft-Windows-Security-SPP,Application,6840,4,,,,,,,,,,,,55c92734-d682-4d71-983e-d6ec3f16059f,"
1: c1a197b6-ba5e-4394-b9bf-b659a6c1b873, 1, 1 [(0 [0xC004E003, 0, 0], [( 2 0xC004F00F 0 0 msft:rm/algorithm/hwid/4.0 0x00000000 0)( 1 0x00000000)(?)( 2 0xC004F00F 0 0 msft:rm/algorithm/hwid/4.0 0x00000000 0)(?)(?)( 10 0x00000000 msft:rm/algorithm/flags/1.0)(?)])(1 )(2 )(3 [0x00000000, 0, 0], [( 6 0xC004F009 10 0)( 1 0x00000000)( 6 0xC004F009 10 0)(?)(?)(?)( 10 0x00000000 msft:rm/algorithm/flags/1.0)( 11 0x00000000 0xC004F00F)])]

",,,,,,,,,,,,,,,,,,,,,,,,,,,,,,,,,,,,,,,,,,,,,,,,,,,,,,,,,,
