2026-07-09T21:18:35.763246Z,"{'#attributes': {'Qualifiers': 16384}, '#text': 8230}",dc.scaffold.htb,Microsoft-Windows-Security-SPP,Application,8099,4,,,,,,,,,,,Security-SPP-Action-StateData (REG_SZ) =AppId=55c92734-d682-4d71-983e-d6ec3f16059f;LastConsumptionReason=0xc004f034;LastNotificationId=NeverActivated;LicenseState=SL_LICENSING_STATUS_NOTIFICATION;PartialProductKey=F3PYF;ProductKeyType=Volume:MAK;SkuId=80f53cc1-120f-4e0e-875b-27c9f1caf7de;ruleId=31e71c49-8da7-4a2f-ad92-45d98a1c79ba;uxDifferentiator=RETAIL,,,,,,,,,,,,,,,,,,,,,,,,,,,,,,,,,,,,,,,,,,,,,,,,,,,,,,,,,,,,
2026-07-09T21:18:35.794485Z,"{'#attributes': {'Qualifiers': 49152}, '#text': 8198}",dc.scaffold.htb,Microsoft-Windows-Security-SPP,Application,8100,2,,,,,,,,,,,,hr=0x80004005,RuleId=31e71c49-8da7-4a2f-ad92-45d98a1c79ba;Action=AutoActivate;AppId=55c92734-d682-4d71-983e-d6ec3f16059f;SkuId=80f53cc1-120f-4e0e-875b-27c9f1caf7de;NotificationInterval=1440;Trigger=NetworkAvailable,,,,,,,,,,,,,,,,,,,,,,,,,,,,,,,,,,,,,,,,,,,,,,,,,,,,,,,,,,
2026-07-09T21:18:39.060112Z,"{'#attributes': {'Qualifiers': 0}, '#text': 105}",dc.scaffold.htb,VMTools,Application,8101,4,,,,,,,,,,,,,,,,,,,,,,,,,,,,,,,,,,,,,,,,,,,,,,,,,,,,,,,,,,,,,,,,,,,,,,,
2026-07-09T21:18:39.075739Z,"{'#attributes': {'Qualifiers': 16641}, '#text': 1025}",dc.scaffold.htb,WDSServer,Application,8102,4,,,,,,,,,,,5040,,,,,,,,,,,,,,,,,,,,,,,,,,,,,,,,,,,,,,,,,,,,,,,,,,,,,,,,,,,,
2026-07-09T21:18:39.138526Z,5615,dc.scaffold.htb,Microsoft-Windows-WMI,Application,8103,4,,,,,,,,,,,,,,,,,,,,,,,,,,,,,,,,,,,,,,,,,,,,,,,,,,,,,,,,,,,,,,,,,,,,,,,
2026-07-09T21:18:40.044485Z,"{'#attributes': {'Qualifiers': 16641}, '#text': 517}",dc.scaffold.htb,WDSServer,Application,8104,4,,,,,,,,,,,,WDSMC,C:\Windows\system32\wdsmc.dll,,,,,,,,,,,,,,,,,,,,,,,,,,,,,,,,,,,,,,,,,,,,,,,,,,,,,,,,,,
2026-07-09T21:18:40.122612Z,"{'#attributes': {'Qualifiers': 0}, '#text': 102}",dc.scaffold.htb,ESENT,Application,8105,4,,,,,,,,,,,,svchost,"3084,P,98",,,,,,,,,,,WDS: ,,,,0,10,00,20348,0000,,,,,,,,,,,,,,,,,,,,,,,,,,,,,,,,,,,,,,,
2026-07-09T21:18:40.491539Z,"{'#attributes': {'Qualifiers': 0}, '#text': 300}",dc.scaffold.htb,ESENT,Application,8106,4,,,,,,,,,,,,svchost,"3084,R,98",,,,,,,,,,,WDS: ,,,,,,,,,,,,,,,,,,,,,,,,,,,,,,,,,,,,,,,,,,,,,,,
2026-07-09T21:18:40.513240Z,"{'#attributes': {'Qualifiers': 0}, '#text': 335}",dc.scaffold.htb,ESENT,Application,8107,4,,,,,,,,,,,,svchost,"3084,R,98",,,,,,,,,,,WDS: ,,,,Create,C:\RemoteInstall\Stores\Metadata\WDSMD.mdb,"(00000001,0001,0268)",AttachFuture,,,,,,,,,,,,,,,,,,,,,,,,,,,,,,,,,,,,,,,,
2026-07-09T21:18:41.075736Z,"{'#attributes': {'Qualifiers': 0}, '#text': 301}",dc.scaffold.htb,ESENT,Application,8108,4,,,,,,,,,,,,svchost,"3084,R,98",,,,,,,,,,,WDS: ,,,,C:\RemoteInstall\Stores\Metadata\WDS.log,"
[1] 0.579285 -0.432542 (52) WT +J(CM:0, PgRf:0, Rd:0/0, Dy:0/0, Lg:543428/1018) +M(C:0K, Fs:945, WS:224K # 256K, PF:164K # 196K, P:164K).",Insert   ,277,,,,,,,,,,,,,,,,,,,,,,,,,,,,,,,,,,,,,,,,
2026-07-09T21:18:41.122611Z,"{'#attributes': {'Qualifiers': 0}, '#text': 302}",dc.scaffold.htb,ESENT,Application,8109,4,,,,,,,,,,,,svchost,"3084,U,98",,,,,,,,,,,WDS: ,,,,,,,,,,,,,,,,,,,,,,,,,,,,,,,,,,,,,,,,,,,,,,,
2026-07-09T21:18:41.153861Z,"{'#attributes': {'Qualifiers': 0}, '#text': 105}",dc.scaffold.htb,ESENT,Application,8110,4,,,,,,,,,,,,svchost,"3084,D,0",,,,,,,,,,,WDS: ,,,,0,1,"
[1] 0.010175 +J(0) +M(C:0K, Fs:228, WS:900K # 900K, PF:5376K # 5376K, P:5376K)
[2] 0.000342 +J(0) +M(C:64K, Fs:101, WS:396K # 396K, PF:380K # 380K, P:380K)
[3] 0.009356 +J(0) +M(C:0K, Fs:6, WS:20K # 20K, PF:68K # 68K, P:68K)
[4] 0.000427 +J(0) +M(C:0K, Fs:21, WS:84K # 84K, PF:224K # 224K, P:224K)
[5] 0.000607 +J(0) +M(C:0K, Fs:9, WS:36K # 36K, PF:16K # 16K, P:16K)
[6] 0.008855 +J(0) +M(C:0K, Fs:23, WS:92K # 92K, PF:12K # 12K, P:12K)
[7] 0.095576 -0.089295 (11) WT +J(0) +M(C:0K, Fs:1299, WS:5188K # 5188K, PF:5128K # 5128K, P:5128K)
[8] 0.852144 -0.440064 (55) WT +J(CM:0, PgRf:0, Rd:0/0, Dy:0/0, Lg:543428/1018) +M(C:0K, Fs:989, WS:388K # 420K, PF:252K # 284K, P:252K)
[9] 0.000648 +J(0) +M(C:0K, Fs:4, WS:16K # 0K, PF:4K # 0K, P:4K)
[10] 0.015466 -0.013130 (10) WT +J(0) +M(C:0K, Fs:0, WS:-5116K # 0K, PF:-5124K # 0K, P:-5124K)
[11] 0.000031 +J(CM:0, PgRf:0, Rd:0/0, Dy:0/0, Lg:49/1) +M(C:0K, Fs:2, WS:8K # 0K, PF:0K # 0K, P:0K)
[12] 0.000045 +J(0)
[13] 0.060034 -0.003103 (2) CM -0.038718 (30) WT +J(CM:2, PgRf:2, Rd:0/2, Dy:0/0, Lg:8759/5) +M(C:-56K, Fs:1350, WS:48K # 44K, PF:84K # 64K, P:84K)
[14] 0.000022 +J(0)
[15] 0.000034 +J(0)
[16] 0.001344 -0.001127 (1) WT +J(0) +M(C:0K, Fs:2, WS:0K # 0K, PF:0K # 0K, P:0K).","lgposV2[] = 00000001:0001:0000 - 00000001:0086:0309 - 00000001:0087:0000 - 00000001:0087:0000 (00000000:0000:0000)
cReInits = 37
",,,,,,,,,,,,,,,,,,,,,,,,,,,,,,,,,,,,,,,,
2026-07-09T21:18:41.185111Z,"{'#attributes': {'Qualifiers': 0}, '#text': 326}",dc.scaffold.htb,ESENT,Application,8111,4,,,,,,,,,,,,svchost,"3084,D,50",,,,,,,,,,,WDS: ,,,,1,C:\RemoteInstall\Stores\Metadata\WDSMD.mdb,0,"
[1] 0.000003 +J(0)
[2] 0.000660 -0.000362 (1) WT +J(0) +M(C:0K, Fs:24, WS:32K # 0K, PF:32K # 0K, P:32K)
[3] 0.023764 -0.018981 (6) WT +J(CM:0, PgRf:0, Rd:0/0, Dy:0/0, Lg:3480/2) +M(C:0K, Fs:15, WS:24K # 0K, PF:24K # 0K, P:24K)
[4] 0.000113 +J(0)
[5] -
[6] -
[7] -
[8] 0.002160 -0.001780 (2) CM -0.001686 (2) WT +J(CM:2, PgRf:2, Rd:4/2, Dy:0/0, Lg:54/1) +M(C:120K, Fs:46, WS:128K # 0K, PF:140K # 0K, P:140K)
[9] 0.003459 -0.003164 (2) CM -0.003058 (2) WT +J(CM:2, PgRf:16, Rd:0/2, Dy:0/0, Lg:0/0) +M(C:-16K, Fs:40, WS:80K # 0K, PF:208K # 0K, P:208K)
[10] 0.001305 -0.001156 (1) CM -0.001102 (1) WT +J(CM:1, PgRf:35, Rd:0/1, Dy:0/0, Lg:0/0) +M(C:-28K, Fs:4, WS:-12K # 0K, PF:36K # 0K, P:36K)
[11] 0.000016 +J(CM:0, PgRf:1, Rd:0/0, Dy:0/0, Lg:0/0) +M(C:0K, Fs:3, WS:12K # 0K, PF:0K # 0K, P:0K)
[12] 0.000042 +J(CM:0, PgRf:42, Rd:0/0, Dy:0/0, Lg:0/0) +M(C:0K, Fs:1, WS:4K # 0K, PF:0K # 0K, P:0K)
[13] 0.0 +J(0)
[14] 0.0 +J(0)
[15] 0.000005 +J(CM:0, PgRf:1, Rd:0/0, Dy:0/0, Lg:0/0).",1 0,"lgposAttach = 00000001:0089:0268,
dbv = 1568.180.400 (9360)",,,,,,,,,,,,,,,,,,,,,,,,,,,,,,,,,,,,,,
2026-07-09T21:18:41.499327Z,"{'#attributes': {'Qualifiers': 16641}, '#text': 517}",dc.scaffold.htb,WDSServer,Application,8112,4,,,,,,,,,,,,WDSMDMGR,C:\Windows\system32\wdsmdmgr.dll,,,,,,,,,,,,,,,,,,,,,,,,,,,,,,,,,,,,,,,,,,,,,,,,,,,,,,,,,,
2026-07-09T21:18:41.560113Z,"{'#attributes': {'Qualifiers': 16641}, '#text': 517}",dc.scaffold.htb,WDSServer,Application,8113,4,,,,,,,,,,,,WDSTFTP,C:\Windows\system32\wdstftp.dll,,,,,,,,,,,,,,,,,,,,,,,,,,,,,,,,,,,,,,,,,,,,,,,,,,,,,,,,,,
2026-07-09T21:18:42.072726Z,5617,dc.scaffold.htb,Microsoft-Windows-WMI,Application,8114,4,,,,,,,,,,,,,,,,,,,,,,,,,,,,,,,,,,,,,,,,,,,,,,,,,,,,,,,,,,,,,,,,,,,,,,,
2026-07-09T21:18:42.060112Z,"{'#attributes': {'Qualifiers': 16384}, '#text': 781}",dc.scaffold.htb,Microsoft-Windows-Complus,Application,8115,4,,,,,,,,,,,,,,,,,,,,,,,,,,,,,,,,,,,,,,,,,,,,,,,,,,,,,,,,,,,,86400,,,,SuppressDuplicateDuration,Software\Microsoft\COM3\Eventlog,,,,,,
2026-07-09T21:18:43.466361Z,"{'#attributes': {'Qualifiers': 16384}, '#text': 4202}",dc.scaffold.htb,Microsoft-Windows-MSDTC 2,Application,8116,4,,,,,,,,,,,,,,,,,,,,,,,,,,,,,,,,,,,,,,,,,,,,,,,,,,,,,,,,,,,,0,0,0,1,0,0,0,0,0,1,Mutual Authentication Required,NT AUTHORITY\NetworkService
2026-07-09T21:18:44.700736Z,"{'#attributes': {'Qualifiers': 0}, '#text': 0}",dc.scaffold.htb,Microsoft Deployment Toolkit Monitor Service,Application,8117,4,,,,,,,,,,,Service started successfully.,,,,,,,,,,,,,,,,,,,,,,,,,,,,,,,,,,,,,,,,,,,,,,,,,,,,,,,,,,,,
2026-07-09T21:18:44.737220Z,"{'#attributes': {'Qualifiers': 0}, '#text': 258}",dc.scaffold.htb,VMUpgradeHelper,Application,8118,4,,,,,,,,,,,,,,,,,,,,,,,,,,,,,,,,,,,,,,,,,,,,,,,,,,,,,,,,,,,,,,,,,,,,,,,
2026-07-09T21:18:45.936592Z,"{'#attributes': {'Qualifiers': 0}, '#text': 271}",dc.scaffold.htb,VMUpgradeHelper,Application,8119,4,,,,,,,,,,,,,,,,,,,,,,,,,,,,,,,,,,,,,,,,,,,,,,,,,,,,,,,,,,,,,,,,,,,,,,,
2026-07-09T21:18:50.872612Z,"{'#attributes': {'Qualifiers': 16384}, '#text': 9027}",dc.scaffold.htb,Desktop Window Manager,Application,8120,4,,,,,,,,,,,,,,,,,,,,,,,,,,,,,,,,,,,,,,,,,,,,,,,,,,,,,,,,,,,,,,,,,,,,,,,
2026-07-09T21:18:51.794493Z,"{'#attributes': {'Qualifiers': 32768}, '#text': 6003}",dc.scaffold.htb,Microsoft-Windows-Winlogon,Application,8121,4,,,,D9060000,,,,,,,TrustedInstaller,,,,,,,,,,,,,,,,,,,,,,,,,,,,,,,,,,,,,,,,,,,,,,,,,,,,,,,,,,,,
2026-07-09T21:19:04.919489Z,"{'#attributes': {'Qualifiers': 16384}, '#text': 17069}",dc.scaffold.htb,MSSQL$SQLEXPRESS,Application,8122,4,,,,AD4200000A0000000E000000440043005C00530051004C004500580050005200450053005300000000000000,,,,,,,"Microsoft SQL Server 2019 (RTM) - 15.0.2000.5 (X64) 
	Sep 24 2019 13:48:23 
	Copyright (C) 2019 Microsoft Corporation
	Express Edition (64-bit) on Windows Server 2022 Datacenter 10.0 <X64> (Build 20348: ) (Hypervisor)
",,,,,,,,,,,,,,,,,,,,,,,,,,,,,,,,,,,,,,,,,,,,,,,,,,,,,,,,,,,,
2026-07-09T21:19:04.919489Z,"{'#attributes': {'Qualifiers': 16384}, '#text': 49916}",dc.scaffold.htb,MSSQL$SQLEXPRESS,Application,8123,4,,,,FCC200000A0000000E000000440043005C00530051004C004500580050005200450053005300000000000000,,,,,,,,-7,00,,,,,,,,,,,,,,,,,,,,,,,,,,,,,,,,,,,,,,,,,,,,,,,,,,,,,,,,,,
2026-07-09T21:19:04.919489Z,"{'#attributes': {'Qualifiers': 16384}, '#text': 17101}",dc.scaffold.htb,MSSQL$SQLEXPRESS,Application,8124,4,,,,CD4200000A0000000E000000440043005C00530051004C004500580050005200450053005300000000000000,,,,,,,,,,,,,,,,,,,,,,,,,,,,,,,,,,,,,,,,,,,,,,,,,,,,,,,,,,,,,,,,,,,
2026-07-09T21:19:04.919489Z,"{'#attributes': {'Qualifiers': 16384}, '#text': 17103}",dc.scaffold.htb,MSSQL$SQLEXPRESS,Application,8125,4,,,,CF4200000A0000000E000000440043005C00530051004C004500580050005200450053005300000000000000,,,,,,,,,,,,,,,,,,,,,,,,,,,,,,,,,,,,,,,,,,,,,,,,,,,,,,,,,,,,,,,,,,,
2026-07-09T21:19:04.919489Z,"{'#attributes': {'Qualifiers': 16384}, '#text': 17104}",dc.scaffold.htb,MSSQL$SQLEXPRESS,Application,8126,4,,,,D04200000A0000000E000000440043005C00530051004C004500580050005200450053005300000000000000,,,,,,,5756,,,,,,,,,,,,,,,,,,,,,,,,,,,,,,,,,,,,,,,,,,,,,,,,,,,,,,,,,,,,
2026-07-09T21:19:04.919489Z,"{'#attributes': {'Qualifiers': 16384}, '#text': 18496}",dc.scaffold.htb,MSSQL$SQLEXPRESS,Application,8127,4,,,,404800000A0000000E000000440043005C00530051004C004500580050005200450053005300000000000000,,,,,,,,"VMware, Inc.","VMware20,1",,,,,,,,,,,,,,,,,,,,,,,,,,,,,,,,,,,,,,,,,,,,,,,,,,,,,,,,,,
2026-07-09T21:19:04.919489Z,"{'#attributes': {'Qualifiers': 16384}, '#text': 15268}",dc.scaffold.htb,MSSQL$SQLEXPRESS,Application,8128,4,,,,A43B00000A0000000E000000440043005C00530051004C004500580050005200450053005300000000000000,,,,,,,MIXED,,,,,,,,,,,,,,,,,,,,,,,,,,,,,,,,,,,,,,,,,,,,,,,,,,,,,,,,,,,,
2026-07-09T21:19:04.919489Z,"{'#attributes': {'Qualifiers': 16384}, '#text': 17111}",dc.scaffold.htb,MSSQL$SQLEXPRESS,Application,8129,4,,,,D74200000A0000000E000000440043005C00530051004C004500580050005200450053005300000000000000,,,,,,,C:\Program Files\Microsoft SQL Server\MSSQL15.SQLEXPRESS\MSSQL\Log\ERRORLOG,,,,,,,,,,,,,,,,,,,,,,,,,,,,,,,,,,,,,,,,,,,,,,,,,,,,,,,,,,,,
2026-07-09T21:19:04.919489Z,"{'#attributes': {'Qualifiers': 16384}, '#text': 49904}",dc.scaffold.htb,MSSQL$SQLEXPRESS,Application,8130,4,,,,F0C200000A0000000E000000440043005C00530051004C004500580050005200450053005300000000000000,,,,,,,NT Service\MSSQL$SQLEXPRESS,,,,,,,,,,,,,,,,,,,,,,,,,,,,,,,,,,,,,,,,,,,,,,,,,,,,,,,,,,,,
2026-07-09T21:19:04.935114Z,"{'#attributes': {'Qualifiers': 16384}, '#text': 17110}",dc.scaffold.htb,MSSQL$SQLEXPRESS,Application,8131,4,,,,D64200000A0000000E000000440043005C00530051004C004500580050005200450053005300000000000000,,,,,,,"
	 -d C:\Program Files\Microsoft SQL Server\MSSQL15.SQLEXPRESS\MSSQL\DATA\master.mdf
	 -e C:\Program Files\Microsoft SQL Server\MSSQL15.SQLEXPRESS\MSSQL\Log\ERRORLOG
	 -l C:\Program Files\Microsoft SQL Server\MSSQL15.SQLEXPRESS\MSSQL\DATA\mastlog.ldf",,,,,,,,,,,,,,,,,,,,,,,,,,,,,,,,,,,,,,,,,,,,,,,,,,,,,,,,,,,,
2026-07-09T21:19:04.935114Z,"{'#attributes': {'Qualifiers': 16384}, '#text': 17115}",dc.scaffold.htb,MSSQL$SQLEXPRESS,Application,8132,4,,,,DB4200000A0000000E000000440043005C00530051004C004500580050005200450053005300000000000000,,,,,,,"
	 -s ""SQLEXPRESS""",,,,,,,,,,,,,,,,,,,,,,,,,,,,,,,,,,,,,,,,,,,,,,,,,,,,,,,,,,,,
2026-07-09T21:19:05.013236Z,"{'#attributes': {'Qualifiers': 16384}, '#text': 17164}",dc.scaffold.htb,MSSQL$SQLEXPRESS,Application,8133,4,,,,0C4300000A0000000E000000440043005C00530051004C004500580050005200450053005300000000000000,,,,,,,,1,2,,,,,,,,,,,2,,,,2,2,,,,,,,,,,,,,,,,,,,,,,,,,,,,,,,,,,,,,,,,,,
2026-07-09T21:19:05.013236Z,"{'#attributes': {'Qualifiers': 16384}, '#text': 17162}",dc.scaffold.htb,MSSQL$SQLEXPRESS,Application,8134,4,,,,0A4300000A0000000E000000440043005C00530051004C004500580050005200450053005300000000000000,,,,,,,,,,,,,,,,,,,,,,,,,,,,,,,,,,,,,,,,,,,,,,,,,,,,,,,,,,,,,,,,,,,
2026-07-09T21:19:05.013236Z,"{'#attributes': {'Qualifiers': 16384}, '#text': 49903}",dc.scaffold.htb,MSSQL$SQLEXPRESS,Application,8135,4,,,,EFC200000A0000000E000000440043005C00530051004C004500580050005200450053005300000000000000,,,,,,,4095,,,,,,,,,,,,,,,,,,,,,,,,,,,,,,,,,,,,,,,,,,,,,,,,,,,,,,,,,,,,
2026-07-09T21:19:05.028862Z,"{'#attributes': {'Qualifiers': 16384}, '#text': 852}",dc.scaffold.htb,MSSQL$SQLEXPRESS,Application,8136,4,,,,540300000A0000000E000000440043005C00530051004C004500580050005200450053005300000000000000,,,,,,,,,,,,,,,,,,,,,,,,,,,,,,,,,,,,,,,,,,,,,,,,,,,,,,,,,,,,,,,,,,,
2026-07-09T21:19:05.310108Z,"{'#attributes': {'Qualifiers': 16384}, '#text': 894}",dc.scaffold.htb,MSSQL$SQLEXPRESS,Application,8137,4,,,,7E0300000A0000000E000000440043005C00530051004C004500580050005200450053005300000000000000,,,,,,,,524288,430578,,,,,,,,,,,,,,,,,,,,,,,,,,,,,,,,,,,,,,,,,,,,,,,,,,,,,,,,,,
2026-07-09T21:19:06.435111Z,"{'#attributes': {'Qualifiers': 16384}, '#text': 16384}",dc.scaffold.htb,Microsoft-Windows-Security-SPP,Application,8138,4,,,,,,,,,,,,2026-07-10T21:18:06Z,RulesEngine,,,,,,,,,,,,,,,,,,,,,,,,,,,,,,,,,,,,,,,,,,,,,,,,,,,,,,,,,,
2026-07-09T21:19:06.481993Z,"{'#attributes': {'Qualifiers': 16384}, '#text': 903}",dc.scaffold.htb,Microsoft-Windows-Security-SPP,Application,8139,0,,,,,,,,,,,,,,,,,,,,,,,,,,,,,,,,,,,,,,,,,,,,,,,,,,,,,,,,,,,,,,,,,,,,,,,
2026-07-09T21:19:06.700778Z,"{'#attributes': {'Qualifiers': 16384}, '#text': 49917}",dc.scaffold.htb,MSSQL$SQLEXPRESS,Application,8140,4,,,,FDC200000A0000000E000000440043005C00530051004C004500580050005200450053005300000000000000,,,,,,,,SQL_Latin1_General_CP1_CI_AS,us_english,,,,,,,,,,,1033,,,,,,,,,,,,,,,,,,,,,,,,,,,,,,,,,,,,,,,,,,,,,,,
2026-07-09T21:19:06.919488Z,"{'#attributes': {'Qualifiers': 16384}, '#text': 873}",dc.scaffold.htb,MSSQL$SQLEXPRESS,Application,8141,4,,,,690300000A0000000E000000440043005C00530051004C004500580050005200450053005300000000000000,,,,,,,,,,,,,,,,,,,,,,,,,,,,,,,,,,,,,,,,,,,,,,,,,,,,,,,,,,,,,,,,,,,
2026-07-09T21:19:07.513236Z,"{'#attributes': {'Qualifiers': 16384}, '#text': 17811}",dc.scaffold.htb,MSSQL$SQLEXPRESS,Application,8142,4,,,,934500000A0000000E000000440043005C00530051004C004500580050005200450053005300000000000000,,,,,,,1,,,,,,,,,,,,,,,,,,,,,,,,,,,,,,,,,,,,,,,,,,,,,,,,,,,,,,,,,,,,
2026-07-09T21:19:07.513236Z,"{'#attributes': {'Qualifiers': 16384}, '#text': 17176}",dc.scaffold.htb,MSSQL$SQLEXPRESS,Application,8143,4,,,,184300000A0000000E000000440043005C00530051004C004500580050005200450053005300000000000000,,,,,,,,2756,7/8/2026 11:14:42 PM,,,,,,,,,,,7/9/2026 6:14:42 AM,,,,,,,,,,,,,,,,,,,,,,,,,,,,,,,,,,,,,,,,,,,,,,,
2026-07-09T21:19:07.528864Z,"{'#attributes': {'Qualifiers': 16384}, '#text': 17152}",dc.scaffold.htb,MSSQL$SQLEXPRESS,Application,8144,4,,,,004300000A0000000E000000440043005C00530051004C004500580050005200450053005300000000000000,,,,,,,,0,0000000000000003,,,,,,,,,,,0,,,,0000000000000003,0,,,,,,,,,,,,,,,,,,,,,,,,,,,,,,,,,,,,,,,,,,
2026-07-09T21:19:07.575736Z,"{'#attributes': {'Qualifiers': 16384}, '#text': 17125}",dc.scaffold.htb,MSSQL$SQLEXPRESS,Application,8145,4,,,,E54200000A0000000E000000440043005C00530051004C004500580050005200450053005300000000000000,,,,,,,,2500,5000,,,,,,,,,,,,,,,,,,,,,,,,,,,,,,,,,,,,,,,,,,,,,,,,,,,,,,,,,,
2026-07-09T21:19:08.332285Z,"{'#attributes': {'Qualifiers': 16384}, '#text': 17118}",dc.scaffold.htb,MSSQL$SQLEXPRESS,Application,8146,4,,,,DE4200000A0000000E000000440043005C00530051004C004500580050005200450053005300000000000000,,,,,,,disabled,,,,,,,,,,,,,,,,,,,,,,,,,,,,,,,,,,,,,,,,,,,,,,,,,,,,,,,,,,,,
2026-07-09T21:19:08.528863Z,"{'#attributes': {'Qualifiers': 16384}, '#text': 49921}",dc.scaffold.htb,MSSQL$SQLEXPRESS,Application,8147,4,,,,01C300000A0000000E000000440043005C00530051004C004500580050005200450053005300000000000000,,,,,,,1,,,,,,,,,,,,,,,,,,,,,,,,,,,,,,,,,,,,,,,,,,,,,,,,,,,,,,,,,,,,
2026-07-09T21:19:08.606989Z,"{'#attributes': {'Qualifiers': 16384}, '#text': 9048}",dc.scaffold.htb,MSSQL$SQLEXPRESS,Application,8148,4,,,,582300000A0000000E000000440043005C00530051004C004500580050005200450053005300000000000000,,,,,,,clwb,,,,,,,,,,,,,,,,,,,,,,,,,,,,,,,,,,,,,,,,,,,,,,,,,,,,,,,,,,,,
2026-07-09T21:19:08.622611Z,"{'#attributes': {'Qualifiers': 16384}, '#text': 49910}",dc.scaffold.htb,MSSQL$SQLEXPRESS,Application,8149,4,,,,F6C200000A0000000E000000440043005C00530051004C004500580050005200450053005300000000000000,,,,,,,,,,,,,,,,,,,,,,,,,,,,,,,,,,,,,,,,,,,,,,,,,,,,,,,,,,,,,,,,,,,
2026-07-09T21:19:09.169490Z,"{'#attributes': {'Qualifiers': 16641}, '#text': 517}",dc.scaffold.htb,WDSServer,Application,8150,4,,,,,,,,,,,,WDSDCMGR,C:\Windows\system32\wdsdcmgr.dll,,,,,,,,,,,,,,,,,,,,,,,,,,,,,,,,,,,,,,,,,,,,,,,,,,,,,,,,,,
2026-07-09T21:19:09.216361Z,"{'#attributes': {'Qualifiers': 16641}, '#text': 517}",dc.scaffold.htb,WDSServer,Application,8151,4,,,,,,,,,,,,WDSDCPXE,C:\Windows\system32\wdsdcpxe.dll,,,,,,,,,,,,,,,,,,,,,,,,,,,,,,,,,,,,,,,,,,,,,,,,,,,,,,,,,,
2026-07-09T21:19:09.231988Z,"{'#attributes': {'Qualifiers': 0}, '#text': 102}",dc.scaffold.htb,ESENT,Application,8152,4,,,,,,,,,,,,certsrv.exe,"2884,P,98",,,,,,,,,,,,,,,0,10,00,20348,0000,,,,,,,,,,,,,,,,,,,,,,,,,,,,,,,,,,,,,,,
2026-07-09T21:19:09.247611Z,"{'#attributes': {'Qualifiers': 0}, '#text': 102}",dc.scaffold.htb,ESENT,Application,8153,4,,,,,,,,,,,,svchost,"3084,P,98",,,,,,,,,,,DDP: ,,,,1,10,00,20348,0000,,,,,,,,,,,,,,,,,,,,,,,,,,,,,,,,,,,,,,,
2026-07-09T21:19:09.278861Z,"{'#attributes': {'Qualifiers': 0}, '#text': 105}",dc.scaffold.htb,ESENT,Application,8154,4,,,,,,,,,,,,certsrv.exe,"2884,D,0",,,,,,,,,,,,,,,0,0,"
[1] 0.000920 +J(0) +M(C:0K, Fs:127, WS:496K # 496K, PF:2412K # 2144K, P:2412K)
[2] 0.000545 +J(0) +M(C:3200K, Fs:145, WS:564K # 564K, PF:4128K # 4128K, P:4128K)
[3] 0.000016 +J(0) +M(C:0K, Fs:5, WS:20K # 20K, PF:64K # 64K, P:64K)
[4] 0.000102 +J(0) +M(C:0K, Fs:38, WS:152K # 152K, PF:500K # 500K, P:500K)
[5] 0.000597 +J(0) +M(C:0K, Fs:28, WS:112K # 112K, PF:20K # 20K, P:20K)
[6] 0.002889 +J(0) +M(C:0K, Fs:29, WS:112K # 112K, PF:12K # 12K, P:12K)
[7] 0.016448 -0.012082 (3) WT +J(0) +M(C:0K, Fs:274, WS:1096K # 1096K, PF:1024K # 1024K, P:1024K)
[8] -
[9] -
[10] -
[11] -
[12] -
[13] 0.020788 -0.015960 (4) WT +J(CM:0, PgRf:0, Rd:0/0, Dy:0/0, Lg:616/1) +M(C:0K, Fs:6, WS:-1008K # 16K, PF:-1020K # 12K, P:-1020K)
[14] 0.000023 +J(0)
[15] 0.000178 +J(0) +M(C:0K, Fs:100, WS:400K # 0K, PF:64K # 0K, P:64K)
[16] 0.000600 -0.000426 (1) WT +J(0) +M(C:0K, Fs:3, WS:4K # 0K, PF:0K # 0K, P:0K).",,,,,,,,,,,,,,,,,,,,,,,,,,,,,,,,,,,,,,,,,
2026-07-09T21:19:09.486955Z,"{'#attributes': {'Qualifiers': 0}, '#text': 300}",dc.scaffold.htb,ESENT,Application,8155,4,,,,,,,,,,,,svchost,"3084,R,98",,,,,,,,,,,DDP: ,,,,,,,,,,,,,,,,,,,,,,,,,,,,,,,,,,,,,,,,,,,,,,,
2026-07-09T21:19:09.497612Z,"{'#attributes': {'Qualifiers': 0}, '#text': 326}",dc.scaffold.htb,ESENT,Application,8156,4,,,,,,,,,,,,certsrv.exe,"2884,D,50",,,,,,,,,,,,,,,1,C:\Windows\system32\CertLog\scaffold-DC-CA.edb,0,"
[1] 0.000005 +J(0) +M(C:0K, Fs:1, WS:4K # 0K, PF:0K # 0K, P:0K)
[2] 0.001286 -0.001017 (1) WT +J(0) +M(C:0K, Fs:18, WS:8K # 0K, PF:4K # 0K, P:4K)
[3] 0.211807 -0.012692 (6) WT +J(CM:0, PgRf:0, Rd:0/0, Dy:0/0, Lg:3480/2) +M(C:0K, Fs:24, WS:92K # 0K, PF:120K # 0K, P:120K)
[4] 0.000141 +J(0)
[5] -
[6] -
[7] -
[8] 0.001175 -0.000867 (2) CM -0.000800 (2) WT +J(CM:2, PgRf:2, Rd:14/2, Dy:0/0, Lg:54/1) +M(C:0K, Fs:41, WS:164K # 0K, PF:168K # 0K, P:168K)
[9] 0.003960 -0.003617 (3) CM -0.003535 (3) WT +J(CM:3, PgRf:23, Rd:0/2, Dy:0/0, Lg:0/0) +M(C:0K, Fs:32, WS:128K # 0K, PF:196K # 0K, P:196K)
[10] 0.000748 -0.000595 (1) CM -0.000559 (1) WT +J(CM:1, PgRf:40, Rd:0/1, Dy:0/0, Lg:0/0) +M(C:0K, Fs:6, WS:20K # 0K, PF:68K # 0K, P:68K)
[11] 0.000024 +J(CM:0, PgRf:1, Rd:0/0, Dy:0/0, Lg:0/0) +M(C:0K, Fs:4, WS:16K # 0K, PF:0K # 0K, P:0K)
[12] 0.000066 +J(CM:0, PgRf:42, Rd:0/0, Dy:0/0, Lg:0/0) +M(C:0K, Fs:1, WS:4K # 0K, PF:0K # 0K, P:0K)
[13] 0.000001 +J(0)
[14] 0.000001 +J(0)
[15] 0.000007 +J(CM:0, PgRf:1, Rd:0/0, Dy:0/0, Lg:0/0).",0 0,"lgposAttach = 00000004:00F5:0268,
dbv = 1568.180.400 (9360)",,,,,,,,,,,,,,,,,,,,,,,,,,,,,,,,,,,,,,
2026-07-09T21:19:09.497612Z,"{'#attributes': {'Qualifiers': 16384}, '#text': 6253}",dc.scaffold.htb,MSSQL$SQLEXPRESS,Application,8157,4,,,,6D1800000A0000000E000000440043005C00530051004C004500580050005200450053005300000000000000,,,,,,,,v4.0.30319,C:\Windows\Microsoft.NET\Framework64\v4.0.30319\,,,,,,,,,,,,,,,,,,,,,,,,,,,,,,,,,,,,,,,,,,,,,,,,,,,,,,,,,,
2026-07-09T21:19:09.497612Z,"{'#attributes': {'Qualifiers': 0}, '#text': 335}",dc.scaffold.htb,ESENT,Application,8158,4,,,,,,,,,,,,svchost,"3084,R,98",,,,,,,,,,,DDP: ,,,,Create,C:\RemoteInstall\Stores\Drivers\Metadata\DdpDb.mdb,"(00000001,0001,0268)",AttachFuture,,,,,,,,,,,,,,,,,,,,,,,,,,,,,,,,,,,,,,,,
2026-07-09T21:19:09.669489Z,"{'#attributes': {'Qualifiers': 0}, '#text': 301}",dc.scaffold.htb,ESENT,Application,8159,4,,,,,,,,,,,,svchost,"3084,R,98",,,,,,,,,,,DDP: ,,,,C:\RemoteInstall\Stores\Drivers\Metadata\DDP.log,"
[1] 0.178571 -0.157412 (52) WT +J(CM:0, PgRf:0, Rd:0/0, Dy:0/0, Lg:770574/1680) +M(C:0K, Fs:902, WS:56K # 96K, PF:56K # 88K, P:56K).",Insert   ,479,,,,,,,,,,,,,,,,,,,,,,,,,,,,,,,,,,,,,,,,
2026-07-09T21:19:09.747611Z,"{'#attributes': {'Qualifiers': 0}, '#text': 302}",dc.scaffold.htb,ESENT,Application,8160,4,,,,,,,,,,,,svchost,"3084,U,98",,,,,,,,,,,DDP: ,,,,,,,,,,,,,,,,,,,,,,,,,,,,,,,,,,,,,,,,,,,,,,,
2026-07-09T21:19:09.952022Z,"{'#attributes': {'Qualifiers': 16384}, '#text': 17137}",dc.scaffold.htb,MSSQL$SQLEXPRESS,Application,8161,4,,,,F14200000A0000000E000000440043005C00530051004C004500580050005200450053005300000000000000,,,,,,,master,,,,,,,,,,,,,,,,,,,,,,,,,,,,,,,,,,,,,,,,,,,,,,,,,,,,,,,,,,,,
2026-07-09T21:19:09.966361Z,"{'#attributes': {'Qualifiers': 0}, '#text': 105}",dc.scaffold.htb,ESENT,Application,8162,4,,,,,,,,,,,,svchost,"3084,D,0",,,,,,,,,,,DDP: ,,,,1,0,"
[1] -
[2] -
[3] 0.005186 +J(0) +M(C:0K, Fs:3, WS:12K # 12K, PF:0K # 0K, P:0K)
[4] 0.000135 +J(0) +M(C:0K, Fs:5, WS:20K # 20K, PF:136K # 0K, P:136K)
[5] 0.000622 +J(0) +M(C:0K, Fs:4, WS:16K # 16K, PF:16K # 0K, P:16K)
[6] 0.003014 +J(0) +M(C:0K, Fs:2, WS:8K # 8K, PF:16K # 0K, P:16K)
[7] 0.224665 -0.219951 (11) WT +J(0) +M(C:0K, Fs:1283, WS:5120K # 5120K, PF:5132K # 4380K, P:5132K)
[8] 0.182720 -0.159851 (55) WT +J(CM:0, PgRf:0, Rd:0/0, Dy:0/0, Lg:770574/1680) +M(C:0K, Fs:937, WS:188K # 228K, PF:64K # 104K, P:64K)
[9] 0.000554 +J(0)
[10] 0.016490 -0.014323 (10) WT +J(0) +M(C:0K, Fs:0, WS:-5116K # 0K, PF:-5128K # 0K, P:-5128K)
[11] 0.000028 +J(CM:0, PgRf:0, Rd:0/0, Dy:0/0, Lg:49/1) +M(C:0K, Fs:1, WS:4K # 0K, PF:0K # 0K, P:0K)
[12] 0.000046 +J(0)
[13] 0.290305 -0.004319 (2) CM -0.254717 (31) WT +J(CM:2, PgRf:2, Rd:0/2, Dy:0/0, Lg:8759/5) +M(C:-56K, Fs:1328, WS:-44K # 0K, PF:-108K # 0K, P:-108K)
[14] 0.000020 +J(0)
[15] 0.000025 +J(0)
[16] 0.001563 -0.001397 (1) WT +J(0) +M(C:0K, Fs:2, WS:0K # 0K, PF:0K # 0K, P:0K).","lgposV2[] = 00000001:0001:0000 - 00000001:00BE:0319 - 00000001:00BF:0000 - 00000001:00BF:0000 (00000000:0000:0000)
cReInits = 37
",,,,,,,,,,,,,,,,,,,,,,,,,,,,,,,,,,,,,,,,
2026-07-09T21:19:10.075738Z,"{'#attributes': {'Qualifiers': 0}, '#text': 326}",dc.scaffold.htb,ESENT,Application,8163,4,,,,,,,,,,,,svchost,"3084,D,50",,,,,,,,,,,DDP: ,,,,3,C:\RemoteInstall\Stores\Drivers\Metadata\DdpDb.mdb,0,"
[1] 0.000003 +J(0)
[2] 0.001466 -0.001218 (1) WT +J(0) +M(C:0K, Fs:24, WS:32K # 0K, PF:32K # 0K, P:32K)
[3] 0.073297 -0.065202 (6) WT +J(CM:0, PgRf:0, Rd:0/0, Dy:0/0, Lg:3480/2) +M(C:0K, Fs:14, WS:24K # 0K, PF:20K # 0K, P:20K)
[4] 0.000111 +J(0)
[5] -
[6] -
[7] -
[8] 0.000294 +J(CM:0, PgRf:2, Rd:7/0, Dy:0/0, Lg:54/1) +M(C:112K, Fs:45, WS:180K # 0K, PF:132K # 0K, P:132K)
[9] 0.014879 -0.014576 (3) CM -0.014417 (3) WT +J(CM:3, PgRf:16, Rd:0/2, Dy:0/0, Lg:0/0) +M(C:-12K, Fs:17, WS:-8K # 0K, PF:-12K # 0K, P:-12K)
[10] 0.001920 -0.001778 (1) CM -0.001719 (1) WT +J(CM:1, PgRf:35, Rd:0/1, Dy:0/0, Lg:0/0) +M(C:-28K, Fs:1, WS:-24K # 0K, PF:-28K # 0K, P:-28K)
[11] 0.000014 +J(CM:0, PgRf:1, Rd:0/0, Dy:0/0, Lg:0/0)
[12] 0.000045 +J(CM:0, PgRf:42, Rd:0/0, Dy:0/0, Lg:0/0)
[13] 0.000001 +J(0)
[14] 0.0 +J(0)
[15] 0.000005 +J(CM:0, PgRf:1, Rd:0/0, Dy:0/0, Lg:0/0).",1 0,"lgposAttach = 00000001:00C1:0268,
dbv = 1568.180.400 (9360)",,,,,,,,,,,,,,,,,,,,,,,,,,,,,,,,,,,,,,
2026-07-09T21:19:10.296854Z,"{'#attributes': {'Qualifiers': 16641}, '#text': 517}",dc.scaffold.htb,WDSServer,Application,8164,4,,,,,,,,,,,,WDSDDPS,C:\Windows\system32\wdsddps.dll,,,,,,,,,,,,,,,,,,,,,,,,,,,,,,,,,,,,,,,,,,,,,,,,,,,,,,,,,,
2026-07-09T21:19:10.810111Z,"{'#attributes': {'Qualifiers': 262}, '#text': 256}",dc.scaffold.htb,WDSIMGSRV,Application,8165,4,,,,,,,,,,,,,,,,,,,,,,,,,,,,,,,,,,,,,,,,,,,,,,,,,,,,,,,,,,,,,,,,,,,,,,,
2026-07-09T21:19:10.810111Z,"{'#attributes': {'Qualifiers': 16641}, '#text': 517}",dc.scaffold.htb,WDSServer,Application,8166,4,,,,,,,,,,,,WdsImgSrv,C:\Windows\system32\WdsImgSrv.dll,,,,,,,,,,,,,,,,,,,,,,,,,,,,,,,,,,,,,,,,,,,,,,,,,,,,,,,,,,
2026-07-09T21:19:11.077172Z,"{'#attributes': {'Qualifiers': 0}, '#text': 102}",dc.scaffold.htb,ESENT,Application,8167,4,,,,,,,,,,,,svchost,"3084,P,98",,,,,,,,,,,AAP: ,,,,2,10,00,20348,0000,,,,,,,,,,,,,,,,,,,,,,,,,,,,,,,,,,,,,,,
2026-07-09T21:19:10.052101Z,44,dc.scaffold.htb,Microsoft-Windows-CertificationAuthority,Application,8168,2,,,,,,,,,,,,,,,,,,,,,,,,,,,,,,,,,,,,0x8007054b (1355),,The specified domain either does not exist or could not be contacted.,,,,Initialize,,,Windows default,,,,,,,,,,,MSG_E_POLICY_ERROR,,,,,,,,,,"The Active Directory containing the Certification Authority could not be contacted.
",,,,,
2026-07-09T21:19:10.069644Z,26,dc.scaffold.htb,Microsoft-Windows-CertificationAuthority,Application,8169,4,,,,,,scaffold-DC-CA,,,  DC=,,,,,,,,,,,,,,,,,,,,,,,,,,,,,,,,,,,,,,,,,,,,,,,MSG_I_SERVER_STARTED,,,,,,,,,,,,,,,
2026-07-09T21:19:11.156760Z,"{'#attributes': {'Qualifiers': 0}, '#text': 300}",dc.scaffold.htb,ESENT,Application,8170,4,,,,,,,,,,,,svchost,"3084,R,98",,,,,,,,,,,AAP: ,,,,,,,,,,,,,,,,,,,,,,,,,,,,,,,,,,,,,,,,,,,,,,,
2026-07-09T21:19:11.185111Z,"{'#attributes': {'Qualifiers': 0}, '#text': 335}",dc.scaffold.htb,ESENT,Application,8171,4,,,,,,,,,,,,svchost,"3084,R,98",,,,,,,,,,,AAP: ,,,,Create,C:\RemoteInstall\Mgmt\binlsvcdb.mdb,"(00000001,0001,0268)",AttachFuture,,,,,,,,,,,,,,,,,,,,,,,,,,,,,,,,,,,,,,,,
2026-07-09T21:19:11.356986Z,"{'#attributes': {'Qualifiers': 0}, '#text': 301}",dc.scaffold.htb,ESENT,Application,8172,4,,,,,,,,,,,,svchost,"3084,R,98",,,,,,,,,,,AAP: ,,,,C:\RemoteInstall\Mgmt\AAP.log,"
[1] 0.200162 -0.178403 (52) WT +J(CM:0, PgRf:0, Rd:0/0, Dy:0/0, Lg:583998/1185) +M(C:0K, Fs:903, WS:60K # 104K, PF:60K # 100K, P:60K).",Insert   ,326,,,,,,,,,,,,,,,,,,,,,,,,,,,,,,,,,,,,,,,,
2026-07-09T21:19:11.497609Z,"{'#attributes': {'Qualifiers': 16384}, '#text': 33217}",dc.scaffold.htb,MSSQL$SQLEXPRESS,Application,8173,4,,,,C18100000A0000000E000000440043005C00530051004C0045005800500052004500530053000000070000006D00610073007400650072000000,,,,,,,,,,,,,,,,,,,,,,,,,,,,,,,,,,,,,,,,,,,,,,,,,,,,,,,,,,,,,,,,,,,
2026-07-09T21:19:11.497609Z,"{'#attributes': {'Qualifiers': 0}, '#text': 302}",dc.scaffold.htb,ESENT,Application,8174,4,,,,,,,,,,,,svchost,"3084,U,98",,,,,,,,,,,AAP: ,,,,,,,,,,,,,,,,,,,,,,,,,,,,,,,,,,,,,,,,,,,,,,,
2026-07-09T21:19:11.528860Z,"{'#attributes': {'Qualifiers': 16384}, '#text': 33218}",dc.scaffold.htb,MSSQL$SQLEXPRESS,Application,8175,4,,,,C28100000A0000000E000000440043005C00530051004C0045005800500052004500530053000000070000006D00610073007400650072000000,,,,,,,,,,,,,,,,,,,,,,,,,,,,,,,,,,,,,,,,,,,,,,,,,,,,,,,,,,,,,,,,,,,
2026-07-09T21:19:11.544485Z,"{'#attributes': {'Qualifiers': 0}, '#text': 105}",dc.scaffold.htb,ESENT,Application,8176,4,,,,,,,,,,,,svchost,"3084,D,0",,,,,,,,,,,AAP: ,,,,2,0,"
[1] -
[2] -
[3] 0.001503 +J(0) +M(C:0K, Fs:3, WS:12K # 0K, PF:0K # 0K, P:0K)
[4] 0.000230 +J(0) +M(C:0K, Fs:8, WS:32K # 0K, PF:140K # 0K, P:140K)
[5] 0.001194 +J(0) +M(C:0K, Fs:6, WS:24K # 0K, PF:8K # 0K, P:8K)
[6] 0.002880 +J(0) +M(C:0K, Fs:1, WS:4K # 0K, PF:12K # 0K, P:12K)
[7] 0.026309 -0.022396 (11) WT +J(0) +M(C:0K, Fs:1283, WS:5120K # 1796K, PF:5132K # 812K, P:5132K)
[8] 0.249053 -0.225440 (55) WT +J(CM:0, PgRf:0, Rd:0/0, Dy:0/0, Lg:583998/1185) +M(C:0K, Fs:939, WS:196K # 240K, PF:68K # 116K, P:68K)
[9] 0.000643 +J(0)
[10] 0.015993 -0.013580 (10) WT +J(0) +M(C:0K, Fs:7, WS:-5092K # 0K, PF:-5124K # 0K, P:-5124K)
[11] 0.000026 +J(CM:0, PgRf:0, Rd:0/0, Dy:0/0, Lg:49/1) +M(C:0K, Fs:1, WS:4K # 0K, PF:0K # 0K, P:0K)
[12] 0.000039 +J(0)
[13] 0.160295 -0.003185 (2) CM -0.131671 (30) WT +J(CM:2, PgRf:2, Rd:0/2, Dy:0/0, Lg:8759/5) +M(C:36K, Fs:1327, WS:-48K # 0K, PF:-24K # 0K, P:-24K)
[14] 0.000019 +J(0)
[15] 0.000018 +J(0)
[16] 0.008711 -0.008552 (1) WT +J(0) +M(C:0K, Fs:2, WS:0K # 0K, PF:0K # 0K, P:0K).","lgposV2[] = 00000001:0001:0000 - 00000001:0090:02FB - 00000001:0091:0000 - 00000001:0091:0000 (00000000:0000:0000)
cReInits = 37
",,,,,,,,,,,,,,,,,,,,,,,,,,,,,,,,,,,,,,,,
2026-07-09T21:19:11.669488Z,"{'#attributes': {'Qualifiers': 0}, '#text': 326}",dc.scaffold.htb,ESENT,Application,8177,4,,,,,,,,,,,,svchost,"3084,D,50",,,,,,,,,,,AAP: ,,,,5,C:\RemoteInstall\Mgmt\binlsvcdb.mdb,0,"
[1] 0.000008 +J(0)
[2] 0.000982 -0.000622 (1) WT +J(0) +M(C:0K, Fs:24, WS:32K # 0K, PF:32K # 0K, P:32K)
[3] 0.007658 -0.003550 (6) WT +J(CM:0, PgRf:0, Rd:0/0, Dy:0/0, Lg:3480/2) +M(C:0K, Fs:14, WS:20K # 0K, PF:24K # 0K, P:24K)
[4] 0.000105 +J(0)
[5] -
[6] -
[7] -
[8] 0.000293 +J(CM:0, PgRf:2, Rd:14/0, Dy:0/0, Lg:54/1) +M(C:108K, Fs:53, WS:176K # 0K, PF:128K # 0K, P:128K)
[9] 0.007779 -0.007553 (2) CM -0.007474 (2) WT +J(CM:2, PgRf:16, Rd:0/1, Dy:0/0, Lg:0/0) +M(C:-52K, Fs:7, WS:-52K # 0K, PF:-52K # 0K, P:-52K)
[10] 0.001678 -0.001553 (1) CM -0.001511 (1) WT +J(CM:1, PgRf:35, Rd:0/1, Dy:0/0, Lg:0/0) +M(C:-28K, Fs:0, WS:-28K # 0K, PF:-28K # 0K, P:-28K)
[11] 0.000013 +J(CM:0, PgRf:1, Rd:0/0, Dy:0/0, Lg:0/0)
[12] 0.000054 +J(CM:0, PgRf:42, Rd:0/0, Dy:0/0, Lg:0/0)
[13] 0.000001 +J(0)
[14] 0.0 +J(0)
[15] 0.000007 +J(CM:0, PgRf:1, Rd:0/0, Dy:0/0, Lg:0/0).",1 0,"lgposAttach = 00000001:0093:0268,
dbv = 1568.180.400 (9360)",,,,,,,,,,,,,,,,,,,,,,,,,,,,,,,,,,,,,,
2026-07-09T21:19:11.888237Z,"{'#attributes': {'Qualifiers': 16645}, '#text': 1305}",dc.scaffold.htb,BINLSVC,Application,8178,4,,,,,,,,,,,,x86{A903201D-D2AF-45A8-AD97-ADF6006A23EE}.bcd,x86,,,,,,,,,,,,,,,,,,,,,,,,,,,,,,,,,,,,,,,,,,,,,,,,,,,,,,,,,,
2026-07-09T21:19:11.950735Z,"{'#attributes': {'Qualifiers': 16645}, '#text': 1305}",dc.scaffold.htb,BINLSVC,Application,8179,4,,,,,,,,,,,,x64{34ACD5B6-2E1F-4DF6-ADAC-E1214DBD71A2}.bcd,x64,,,,,,,,,,,,,,,,,,,,,,,,,,,,,,,,,,,,,,,,,,,,,,,,,,,,,,,,,,
2026-07-09T21:19:11.966362Z,"{'#attributes': {'Qualifiers': 16384}, '#text': 19030}",dc.scaffold.htb,MSSQL$SQLEXPRESS,Application,8180,4,,,,564A00000A0000000E000000440043005C00530051004C0045005800500052004500530053000000070000006D00610073007400650072000000,,,,,,,,1,sa,,,,,,,,,,,,,,,,,,,,,,,,,,,,,,,,,,,,,,,,,,,,,,,,,,,,,,,,,,
2026-07-09T21:19:12.169487Z,"{'#attributes': {'Qualifiers': 16384}, '#text': 17663}",dc.scaffold.htb,MSSQL$SQLEXPRESS,Application,8181,4,,,,FF4400000A0000000E000000440043005C00530051004C0045005800500052004500530053000000070000006D00610073007400650072000000,,,,,,,DC\SQLEXPRESS,,,,,,,,,,,,,,,,,,,,,,,,,,,,,,,,,,,,,,,,,,,,,,,,,,,,,,,,,,,,
2026-07-09T21:19:12.200735Z,"{'#attributes': {'Qualifiers': 16384}, '#text': 17137}",dc.scaffold.htb,MSSQL$SQLEXPRESS,Application,8182,4,,,,F14200000A0000000E000000440043005C00530051004C0045005800500052004500530053000000070000006D00610073007400650072000000,,,,,,,msdb,,,,,,,,,,,,,,,,,,,,,,,,,,,,,,,,,,,,,,,,,,,,,,,,,,,,,,,,,,,,
2026-07-09T21:19:12.200735Z,"{'#attributes': {'Qualifiers': 16645}, '#text': 1305}",dc.scaffold.htb,BINLSVC,Application,8183,4,,,,,,,,,,,,arm64{F9B36C72-F34A-4EEA-AF2A-C2EB19BE5693}.bcd,arm64,,,,,,,,,,,,,,,,,,,,,,,,,,,,,,,,,,,,,,,,,,,,,,,,,,,,,,,,,,
2026-07-09T21:19:12.294483Z,"{'#attributes': {'Qualifiers': 16645}, '#text': 1305}",dc.scaffold.htb,BINLSVC,Application,8184,4,,,,,,,,,,,,x86x64{9093E2AD-EFD6-4EB8-B229-F0AC7E1AE640}.bcd,x86x64,,,,,,,,,,,,,,,,,,,,,,,,,,,,,,,,,,,,,,,,,,,,,,,,,,,,,,,,,,
2026-07-09T21:19:12.638237Z,"{'#attributes': {'Qualifiers': 16645}, '#text': 1305}",dc.scaffold.htb,BINLSVC,Application,8185,4,,,,,,,,,,,,arm{72E083CC-067D-4201-909F-E0CDD75F91B8}.bcd,arm,,,,,,,,,,,,,,,,,,,,,,,,,,,,,,,,,,,,,,,,,,,,,,,,,,,,,,,,,,
2026-07-09T21:19:12.700734Z,"{'#attributes': {'Qualifiers': 16384}, '#text': 17137}",dc.scaffold.htb,MSSQL$SQLEXPRESS,Application,8186,4,,,,F14200000A0000000E000000440043005C00530051004C0045005800500052004500530053000000070000006D00610073007400650072000000,,,,,,,mssqlsystemresource,,,,,,,,,,,,,,,,,,,,,,,,,,,,,,,,,,,,,,,,,,,,,,,,,,,,,,,,,,,,
2026-07-09T21:19:12.716362Z,"{'#attributes': {'Qualifiers': 16645}, '#text': 1305}",dc.scaffold.htb,BINLSVC,Application,8187,4,,,,,,,,,,,,x86uefi{CCA0AFD3-72EE-4BC4-81AD-E9C5D65573AE}.bcd,x86uefi,,,,,,,,,,,,,,,,,,,,,,,,,,,,,,,,,,,,,,,,,,,,,,,,,,,,,,,,,,
2026-07-09T21:19:12.922367Z,"{'#attributes': {'Qualifiers': 16384}, '#text': 958}",dc.scaffold.htb,MSSQL$SQLEXPRESS,Application,8188,4,,,,BE0300000A0000000E000000440043005C00530051004C0045005800500052004500530053000000070000006D00610073007400650072000000,,,,,,,15.00.2000,,,,,,,,,,,,,,,,,,,,,,,,,,,,,,,,,,,,,,,,,,,,,,,,,,,,,,,,,,,,
2026-07-09T21:19:12.922367Z,"{'#attributes': {'Qualifiers': 16384}, '#text': 26018}",dc.scaffold.htb,MSSQL$SQLEXPRESS,Application,8189,4,,,,A26500000A0000000E000000440043005C00530051004C004500580050005200450053005300000000000000,,,,,,,,,,,,,,,,,,,,,,,,,,,,,,,,,,,,,,,,,,,,,,,,,,,,,,,,,,,,,,,,,,,
2026-07-09T21:19:12.935112Z,"{'#attributes': {'Qualifiers': 16384}, '#text': 26022}",dc.scaffold.htb,MSSQL$SQLEXPRESS,Application,8190,4,,,,A66500000A0000000E000000440043005C00530051004C004500580050005200450053005300000000000000,,,,,,,,'any',ipv6,,,,,,,,,,,52951,,,,,,,,,,,,,,,,,,,,,,,,,,,,,,,,,,,,,,,,,,,,,,,
2026-07-09T21:19:12.935112Z,"{'#attributes': {'Qualifiers': 16384}, '#text': 26022}",dc.scaffold.htb,MSSQL$SQLEXPRESS,Application,8191,4,,,,A66500000A0000000E000000440043005C00530051004C004500580050005200450053005300000000000000,,,,,,,,'any',ipv4,,,,,,,,,,,52951,,,,,,,,,,,,,,,,,,,,,,,,,,,,,,,,,,,,,,,,,,,,,,,
2026-07-09T21:19:12.935112Z,"{'#attributes': {'Qualifiers': 16384}, '#text': 26048}",dc.scaffold.htb,MSSQL$SQLEXPRESS,Application,8192,4,,,,C06500000A0000000E000000440043005C00530051004C004500580050005200450053005300000000000000,,,,,,,\\.\pipe\SQLLocal\SQLEXPRESS,,,,,,,,,,,,,,,,,,,,,,,,,,,,,,,,,,,,,,,,,,,,,,,,,,,,,,,,,,,,
2026-07-09T21:19:12.935112Z,"{'#attributes': {'Qualifiers': 16384}, '#text': 26048}",dc.scaffold.htb,MSSQL$SQLEXPRESS,Application,8193,4,,,,C06500000A0000000E000000440043005C00530051004C004500580050005200450053005300000000000000,,,,,,,\\.\pipe\MSSQL$SQLEXPRESS\sql\query,,,,,,,,,,,,,,,,,,,,,,,,,,,,,,,,,,,,,,,,,,,,,,,,,,,,,,,,,,,,
2026-07-09T21:19:12.950738Z,"{'#attributes': {'Qualifiers': 16384}, '#text': 17199}",dc.scaffold.htb,MSSQL$SQLEXPRESS,Application,8194,4,,,,2F4300000A0000000E000000440043005C00530051004C004500580050005200450053005300000000000000,,,,,,,7806,,,,,,,,,,,,,,,,,,,,,,,,,,,,,,,,,,,,,,,,,,,,,,,,,,,,,,,,,,,,
2026-07-09T21:19:12.966361Z,"{'#attributes': {'Qualifiers': 16384}, '#text': 17126}",dc.scaffold.htb,MSSQL$SQLEXPRESS,Application,8195,4,,,,E64200000A0000000E000000440043005C00530051004C004500580050005200450053005300000000000000,,,,,,,,,,,,,,,,,,,,,,,,,,,,,,,,,,,,,,,,,,,,,,,,,,,,,,,,,,,,,,,,,,,
2026-07-09T21:19:12.966361Z,"{'#attributes': {'Qualifiers': 16384}, '#text': 26076}",dc.scaffold.htb,MSSQL$SQLEXPRESS,Application,8196,4,,,,DC6500000A0000000E000000440043005C00530051004C004500580050005200450053005300000000000000,,,,,,,,,,,,,,,,,,,,,,,,,,,,,,,,,,,,,,,,,,,,,,,,,,,,,,,,,,,,,,,,,,,
2026-07-09T21:19:12.981986Z,"{'#attributes': {'Qualifiers': 16645}, '#text': 1305}",dc.scaffold.htb,BINLSVC,Application,8197,4,,,,,,,,,,,,x64uefi{FB5B65D1-1A50-4088-8F8B-9592253BC2A1}.bcd,x64uefi,,,,,,,,,,,,,,,,,,,,,,,,,,,,,,,,,,,,,,,,,,,,,,,,,,,,,,,,,,
2026-07-09T21:19:13.028864Z,"{'#attributes': {'Qualifiers': 16384}, '#text': 26067}",dc.scaffold.htb,MSSQL$SQLEXPRESS,Application,8198,4,,,,D36500000A0000000E000000440043005C00530051004C004500580050005200450053005300000000000000,,,,,,,,MSSQLSvc/dc.scaffold.htb:SQLEXPRESS,0x2098,,,,,,,,,,,15,,,,,,,,,,,,,,,,,,,,,,,,,,,,,,,,,,,,,,,,,,,,,,,
2026-07-09T21:19:13.028864Z,"{'#attributes': {'Qualifiers': 16384}, '#text': 26067}",dc.scaffold.htb,MSSQL$SQLEXPRESS,Application,8199,4,,,,D36500000A0000000E000000440043005C00530051004C004500580050005200450053005300000000000000,,,,,,,,MSSQLSvc/dc.scaffold.htb:52951,0x2098,,,,,,,,,,,15,,,,,,,,,,,,,,,,,,,,,,,,,,,,,,,,,,,,,,,,,,,,,,,
2026-07-09T21:19:13.028864Z,"{'#attributes': {'Qualifiers': 16647}, '#text': 262}",dc.scaffold.htb,WDSPXE,Application,8200,4,,,,,,,,,,,,WDSDCPXE,C:\Windows\system32\wdsdcpxe.dll,,,,,,,,,,,,,,,,,,,,,,,,,,,,,,,,,,,,,,,,,,,,,,,,,,,,,,,,,,
2026-07-09T21:19:13.075745Z,"{'#attributes': {'Qualifiers': 16647}, '#text': 777}",dc.scaffold.htb,WDSPXE,Application,8201,4,,,,,,,,,,,,,,,,,,,,,,,,,,,,,,,,,,,,,,,,,,,,,,,,,,,,,,,,,,,,,,,,,,,,,,,
2026-07-09T21:19:13.075745Z,"{'#attributes': {'Qualifiers': 16641}, '#text': 517}",dc.scaffold.htb,WDSServer,Application,8202,4,,,,,,,,,,,,WDSPXE,C:\Windows\system32\wdspxe.dll,,,,,,,,,,,,,,,,,,,,,,,,,,,,,,,,,,,,,,,,,,,,,,,,,,,,,,,,,,
2026-07-09T21:19:13.372614Z,"{'#attributes': {'Qualifiers': 16641}, '#text': 256}",dc.scaffold.htb,WDSServer,Application,8203,4,,,,,,,,,,,,,,,,,,,,,,,,,,,,,,,,,,,,,,,,,,,,,,,,,,,,,,,,,,,,,,,,,,,,,,,
2026-07-09T21:19:13.450737Z,"{'#attributes': {'Qualifiers': 16384}, '#text': 17137}",dc.scaffold.htb,MSSQL$SQLEXPRESS,Application,8204,4,,,,F14200000A0000000E000000440043005C00530051004C0045005800500052004500530053000000070000006D00610073007400650072000000,,,,,,,model,,,,,,,,,,,,,,,,,,,,,,,,,,,,,,,,,,,,,,,,,,,,,,,,,,,,,,,,,,,,
2026-07-09T21:19:13.497617Z,"{'#attributes': {'Qualifiers': 16384}, '#text': 17136}",dc.scaffold.htb,MSSQL$SQLEXPRESS,Application,8205,4,,,,F04200000A0000000E000000440043005C00530051004C0045005800500052004500530053000000070000006D00610073007400650072000000,,,,,,,,,,,,,,,,,,,,,,,,,,,,,,,,,,,,,,,,,,,,,,,,,,,,,,,,,,,,,,,,,,,
2026-07-09T21:19:13.747614Z,"{'#attributes': {'Qualifiers': 16384}, '#text': 17137}",dc.scaffold.htb,MSSQL$SQLEXPRESS,Application,8206,4,,,,F14200000A0000000E000000440043005C00530051004C0045005800500052004500530053000000070000006D00610073007400650072000000,,,,,,,tempdb,,,,,,,,,,,,,,,,,,,,,,,,,,,,,,,,,,,,,,,,,,,,,,,,,,,,,,,,,,,,
2026-07-09T21:19:13.889326Z,"{'#attributes': {'Qualifiers': 16384}, '#text': 9666}",dc.scaffold.htb,MSSQL$SQLEXPRESS,Application,8207,4,,,,C22500000A0000000E000000440043005C00530051004C0045005800500052004500530053000000070000006D00610073007400650072000000,,,,,,,Service Broker,,,,,,,,,,,,,,,,,,,,,,,,,,,,,,,,,,,,,,,,,,,,,,,,,,,,,,,,,,,,
2026-07-09T21:19:13.889326Z,"{'#attributes': {'Qualifiers': 16384}, '#text': 9666}",dc.scaffold.htb,MSSQL$SQLEXPRESS,Application,8208,4,,,,C22500000A0000000E000000440043005C00530051004C0045005800500052004500530053000000070000006D00610073007400650072000000,,,,,,,Database Mirroring,,,,,,,,,,,,,,,,,,,,,,,,,,,,,,,,,,,,,,,,,,,,,,,,,,,,,,,,,,,,
2026-07-09T21:19:13.903871Z,"{'#attributes': {'Qualifiers': 16384}, '#text': 9688}",dc.scaffold.htb,MSSQL$SQLEXPRESS,Application,8209,4,,,,D82500000A0000000E000000440043005C00530051004C0045005800500052004500530053000000070000006D00610073007400650072000000,,,,,,,,,,,,,,,,,,,,,,,,,,,,,,,,,,,,,,,,,,,,,,,,,,,,,,,,,,,,,,,,,,,
2026-07-09T21:19:13.903871Z,"{'#attributes': {'Qualifiers': 16384}, '#text': 3408}",dc.scaffold.htb,MSSQL$SQLEXPRESS,Application,8210,4,,,,500D00000A0000000E000000440043005C00530051004C0045005800500052004500530053000000070000006D00610073007400650072000000,,,,,,,,,,,,,,,,,,,,,,,,,,,,,,,,,,,,,,,,,,,,,,,,,,,,,,,,,,,,,,,,,,,
2026-07-09T21:20:01.497621Z,"{'#attributes': {'Qualifiers': 32768}, '#text': 6003}",dc.scaffold.htb,Microsoft-Windows-Winlogon,Application,8211,4,,,,D9060000,,,,,,,SessionEnv,,,,,,,,,,,,,,,,,,,,,,,,,,,,,,,,,,,,,,,,,,,,,,,,,,,,,,,,,,,,
2026-07-09T21:20:01.997613Z,"{'#attributes': {'Qualifiers': 32768}, '#text': 6000}",dc.scaffold.htb,Microsoft-Windows-Winlogon,Application,8212,4,,,,D9060000,,,,,,,SessionEnv,,,,,,,,,,,,,,,,,,,,,,,,,,,,,,,,,,,,,,,,,,,,,,,,,,,,,,,,,,,,
2026-07-09T21:20:02.560110Z,"{'#attributes': {'Qualifiers': 49152}, '#text': 16394}",dc.scaffold.htb,Microsoft-Windows-Security-SPP,Application,8213,4,,,,,,,,,,,,,,,,,,,,,,,,,,,,,,,,,,,,,,,,,,,,,,,,,,,,,,,,,,,,,,,,,,,,,,,
2026-07-09T21:20:02.763236Z,"{'#attributes': {'Qualifiers': 49152}, '#text': 8198}",dc.scaffold.htb,Microsoft-Windows-Security-SPP,Application,8214,2,,,,,,,,,,,,hr=0x80004005,RuleId=31e71c49-8da7-4a2f-ad92-45d98a1c79ba;Action=AutoActivate;AppId=55c92734-d682-4d71-983e-d6ec3f16059f;SkuId=80f53cc1-120f-4e0e-875b-27c9f1caf7de;NotificationInterval=1440;Trigger=UserLogon;SessionId=1,,,,,,,,,,,,,,,,,,,,,,,,,,,,,,,,,,,,,,,,,,,,,,,,,,,,,,,,,,
2026-07-09T21:20:33.622613Z,"{'#attributes': {'Qualifiers': 16384}, '#text': 16384}",dc.scaffold.htb,Microsoft-Windows-Security-SPP,Application,8215,4,,,,,,,,,,,,2026-07-10T21:19:33Z,RulesEngine,,,,,,,,,,,,,,,,,,,,,,,,,,,,,,,,,,,,,,,,,,,,,,,,,,,,,,,,,,
2026-07-09T21:20:48.497610Z,"{'#attributes': {'Qualifiers': 49152}, '#text': 16394}",dc.scaffold.htb,Microsoft-Windows-Security-SPP,Application,8216,4,,,,,,,,,,,,,,,,,,,,,,,,,,,,,,,,,,,,,,,,,,,,,,,,,,,,,,,,,,,,,,,,,,,,,,,
2026-07-09T21:21:31.341373Z,"{'#attributes': {'Qualifiers': 16384}, '#text': 16384}",dc.scaffold.htb,Microsoft-Windows-Security-SPP,Application,8217,4,,,,,,,,,,,,2026-07-10T21:19:31Z,RulesEngine,,,,,,,,,,,,,,,,,,,,,,,,,,,,,,,,,,,,,,,,,,,,,,,,,,,,,,,,,,
2026-07-09T21:21:44.997659Z,"{'#attributes': {'Qualifiers': 0}, '#text': 8224}",dc.scaffold.htb,VSS,Application,8218,4,,,,2D20436F64653A2020434F525356434330303030303737382D2043616C6C3A2020434F525356434330303030303736302D205049443A202030303030343931322D205449443A202030303030343932382D20434D443A2020433A5C57696E646F77735C73797374656D33325C76737376632E6578652020202D20557365723A204E616D653A204E5420415554484F524954595C53595354454D2C205349443A532D312D352D313820,,,,,,,,,,,,,,,,,,,,,,,,,,,,,,,,,,,,,,,,,,,,,,,,,,,,,,,,,,,,,,,,,,,
2026-07-09T21:22:03.106992Z,"{'#attributes': {'Qualifiers': 32768}, '#text': 6000}",dc.scaffold.htb,Microsoft-Windows-Winlogon,Application,8219,4,,,,D9060000,,,,,,,WSearch,,,,,,,,,,,,,,,,,,,,,,,,,,,,,,,,,,,,,,,,,,,,,,,,,,,,,,,,,,,,
2026-07-09T21:22:03.153869Z,"{'#attributes': {'Qualifiers': 32768}, '#text': 6000}",dc.scaffold.htb,Microsoft-Windows-Winlogon,Application,8220,4,,,,D9060000,,,,,,,SessionEnv,,,,,,,,,,,,,,,,,,,,,,,,,,,,,,,,,,,,,,,,,,,,,,,,,,,,,,,,,,,,
2026-07-09T21:22:03.231987Z,"{'#attributes': {'Qualifiers': 0}, '#text': 260}",dc.scaffold.htb,VMUpgradeHelper,Application,8221,4,,,,,,,,,,,,,,,,,,,,,,,,,,,,,,,,,,,,,,,,,,,,,,,,,,,,,,,,,,,,,,,,,,,,,,,
2026-07-09T21:22:03.231987Z,"{'#attributes': {'Qualifiers': 0}, '#text': 272}",dc.scaffold.htb,VMUpgradeHelper,Application,8222,4,,,,,,,,,,,,,,,,,,,,,,,,,,,,,,,,,,,,,,,,,,,,,,,,,,,,,,,,,,,,,,,,,,,,,,,
2026-07-09T21:22:03.231987Z,"{'#attributes': {'Qualifiers': 0}, '#text': 108}",dc.scaffold.htb,VMTools,Application,8223,4,,,,,,,,,,,,,,,,,,,,,,,,,,,,,,,,,,,,,,,,,,,,,,,,,,,,,,,,,,,,,,,,,,,,,,,
2026-07-09T21:22:03.388235Z,"{'#attributes': {'Qualifiers': 16384}, '#text': 17147}",dc.scaffold.htb,MSSQL$SQLEXPRESS,Application,8224,4,,,,FB4200000A0000000E000000440043005C00530051004C004500580050005200450053005300000000000000,,,,,,,,,,,,,,,,,,,,,,,,,,,,,,,,,,,,,,,,,,,,,,,,,,,,,,,,,,,,,,,,,,,
2026-07-09T21:22:03.419492Z,"{'#attributes': {'Qualifiers': 16384}, '#text': 4111}",dc.scaffold.htb,Microsoft-Windows-MSDTC,Application,8225,4,,,,4D005300440054004300,,,,,,,,,,,,,,,,,,,,,,,,,,,,,,,,,,,,,,,,,,,,,,,,,,,,,,,,,,,,,,,,,,,
2026-07-09T21:22:03.435112Z,"{'#attributes': {'Qualifiers': 0}, '#text': 0}",dc.scaffold.htb,Microsoft Deployment Toolkit Monitor Service,Application,8226,4,,,,,,,,,,,Service has been successfully shut down.,,,,,,,,,,,,,,,,,,,,,,,,,,,,,,,,,,,,,,,,,,,,,,,,,,,,,,,,,,,,
2026-07-09T21:22:03.518072Z,1532,dc.scaffold.htb,Microsoft-Windows-User Profiles Service,Application,8227,4,,,,,,,,,,,,,,,,,,,,,,,,,,,,,,,,,,,,,,,,,,,,,,,,,,,,,,,,,,,,,,,,,,,,,,,
2026-07-09T21:22:04.071122Z,38,dc.scaffold.htb,Microsoft-Windows-CertificationAuthority,Application,8228,4,,,,,,scaffold-DC-CA,,,,,,,,,,,,,,,,,,,,,,,,,,,,,,,,,,,,,,,,,,,,,,,,,,MSG_I_SERVER_STOPPED,,,,,,,,,,,,,,,
2026-09-01T21:46:09.763611Z,1531,dc.scaffold.htb,Microsoft-Windows-User Profiles Service,Application,8229,4,,,,,,,,,,,,,,,,,,,,,,,,,,,,,,,,,,,,,,,,,,,,,,,,,,,,,,,,,,,,,,,,,,,,,,,
2026-09-01T21:46:20.153807Z,"{'#attributes': {'Qualifiers': 0}, '#text': 105}",dc.scaffold.htb,VMTools,Application,8230,4,,,,,,,,,,,,,,,,,,,,,,,,,,,,,,,,,,,,,,,,,,,,,,,,,,,,,,,,,,,,,,,,,,,,,,,
2026-09-01T21:46:20.231932Z,"{'#attributes': {'Qualifiers': 16641}, '#text': 1025}",dc.scaffold.htb,WDSServer,Application,8231,4,,,,,,,,,,,5040,,,,,,,,,,,,,,,,,,,,,,,,,,,,,,,,,,,,,,,,,,,,,,,,,,,,,,,,,,,,
2026-09-01T21:46:20.450684Z,"{'#attributes': {'Qualifiers': 16641}, '#text': 517}",dc.scaffold.htb,WDSServer,Application,8232,4,,,,,,,,,,,,WDSMC,C:\Windows\system32\wdsmc.dll,,,,,,,,,,,,,,,,,,,,,,,,,,,,,,,,,,,,,,,,,,,,,,,,,,,,,,,,,,
2026-09-01T21:46:20.466307Z,"{'#attributes': {'Qualifiers': 0}, '#text': 102}",dc.scaffold.htb,ESENT,Application,8233,4,,,,,,,,,,,,svchost,"3092,P,98",,,,,,,,,,,WDS: ,,,,0,10,00,20348,0000,,,,,,,,,,,,,,,,,,,,,,,,,,,,,,,,,,,,,,,
2026-09-01T21:46:20.544432Z,"{'#attributes': {'Qualifiers': 0}, '#text': 300}",dc.scaffold.htb,ESENT,Application,8234,4,,,,,,,,,,,,svchost,"3092,R,98",,,,,,,,,,,WDS: ,,,,,,,,,,,,,,,,,,,,,,,,,,,,,,,,,,,,,,,,,,,,,,,
