2026-09-02T03:17:29.552808Z,"{'#attributes': {'Qualifiers': 16384}, '#text': 4202}",dc.scaffold.htb,Microsoft-Windows-MSDTC 2,Application,9991,4,,,,,,,,,,,,,,,,,,,,,,,,,,,,,,,,,,,,,,,,,,,,,,,,,,,,,,,,,,,,0,0,0,1,0,0,0,0,0,1,Mutual Authentication Required,NT AUTHORITY\NetworkService
2026-09-02T03:17:29.974700Z,"{'#attributes': {'Qualifiers': 0}, '#text': 271}",dc.scaffold.htb,VMUpgradeHelper,Application,9992,4,,,,,,,,,,,,,,,,,,,,,,,,,,,,,,,,,,,,,,,,,,,,,,,,,,,,,,,,,,,,,,,,,,,,,,,
2026-09-02T03:17:30.740318Z,"{'#attributes': {'Qualifiers': 16384}, '#text': 873}",dc.scaffold.htb,MSSQL$SQLEXPRESS,Application,9993,4,,,,690300000A0000000E000000440043005C00530051004C004500580050005200450053005300000000000000,,,,,,,,,,,,,,,,,,,,,,,,,,,,,,,,,,,,,,,,,,,,,,,,,,,,,,,,,,,,,,,,,,,
2026-09-02T03:17:31.880933Z,"{'#attributes': {'Qualifiers': 16384}, '#text': 17811}",dc.scaffold.htb,MSSQL$SQLEXPRESS,Application,9994,4,,,,934500000A0000000E000000440043005C00530051004C004500580050005200450053005300000000000000,,,,,,,1,,,,,,,,,,,,,,,,,,,,,,,,,,,,,,,,,,,,,,,,,,,,,,,,,,,,,,,,,,,,
2026-09-02T03:17:31.880933Z,"{'#attributes': {'Qualifiers': 16384}, '#text': 17176}",dc.scaffold.htb,MSSQL$SQLEXPRESS,Application,9995,4,,,,184300000A0000000E000000440043005C00530051004C004500580050005200450053005300000000000000,,,,,,,,3444,9/1/2026 7:25:42 PM,,,,,,,,,,,9/2/2026 2:25:42 AM,,,,,,,,,,,,,,,,,,,,,,,,,,,,,,,,,,,,,,,,,,,,,,,
2026-09-02T03:17:31.896559Z,"{'#attributes': {'Qualifiers': 16384}, '#text': 17152}",dc.scaffold.htb,MSSQL$SQLEXPRESS,Application,9996,4,,,,004300000A0000000E000000440043005C00530051004C004500580050005200450053005300000000000000,,,,,,,,0,0000000000000003,,,,,,,,,,,0,,,,0000000000000003,0,,,,,,,,,,,,,,,,,,,,,,,,,,,,,,,,,,,,,,,,,,
2026-09-02T03:17:31.959059Z,"{'#attributes': {'Qualifiers': 16384}, '#text': 17125}",dc.scaffold.htb,MSSQL$SQLEXPRESS,Application,9997,4,,,,E54200000A0000000E000000440043005C00530051004C004500580050005200450053005300000000000000,,,,,,,,2500,5000,,,,,,,,,,,,,,,,,,,,,,,,,,,,,,,,,,,,,,,,,,,,,,,,,,,,,,,,,,
2026-09-02T03:17:32.209059Z,"{'#attributes': {'Qualifiers': 16384}, '#text': 17118}",dc.scaffold.htb,MSSQL$SQLEXPRESS,Application,9998,4,,,,DE4200000A0000000E000000440043005C00530051004C004500580050005200450053005300000000000000,,,,,,,disabled,,,,,,,,,,,,,,,,,,,,,,,,,,,,,,,,,,,,,,,,,,,,,,,,,,,,,,,,,,,,
2026-09-02T03:17:32.224693Z,"{'#attributes': {'Qualifiers': 16384}, '#text': 49921}",dc.scaffold.htb,MSSQL$SQLEXPRESS,Application,9999,4,,,,01C300000A0000000E000000440043005C00530051004C004500580050005200450053005300000000000000,,,,,,,1,,,,,,,,,,,,,,,,,,,,,,,,,,,,,,,,,,,,,,,,,,,,,,,,,,,,,,,,,,,,
2026-09-02T03:17:32.271564Z,"{'#attributes': {'Qualifiers': 16384}, '#text': 9048}",dc.scaffold.htb,MSSQL$SQLEXPRESS,Application,10000,4,,,,582300000A0000000E000000440043005C00530051004C004500580050005200450053005300000000000000,,,,,,,clwb,,,,,,,,,,,,,,,,,,,,,,,,,,,,,,,,,,,,,,,,,,,,,,,,,,,,,,,,,,,,
2026-09-02T03:17:32.271564Z,"{'#attributes': {'Qualifiers': 16384}, '#text': 49910}",dc.scaffold.htb,MSSQL$SQLEXPRESS,Application,10001,4,,,,F6C200000A0000000E000000440043005C00530051004C004500580050005200450053005300000000000000,,,,,,,,,,,,,,,,,,,,,,,,,,,,,,,,,,,,,,,,,,,,,,,,,,,,,,,,,,,,,,,,,,,
2026-09-02T03:17:32.521557Z,"{'#attributes': {'Qualifiers': 16384}, '#text': 17137}",dc.scaffold.htb,MSSQL$SQLEXPRESS,Application,10002,4,,,,F14200000A0000000E000000440043005C00530051004C004500580050005200450053005300000000000000,,,,,,,master,,,,,,,,,,,,,,,,,,,,,,,,,,,,,,,,,,,,,,,,,,,,,,,,,,,,,,,,,,,,
2026-09-02T03:17:33.084057Z,"{'#attributes': {'Qualifiers': 16384}, '#text': 6253}",dc.scaffold.htb,MSSQL$SQLEXPRESS,Application,10003,4,,,,6D1800000A0000000E000000440043005C00530051004C004500580050005200450053005300000000000000,,,,,,,,v4.0.30319,C:\Windows\Microsoft.NET\Framework64\v4.0.30319\,,,,,,,,,,,,,,,,,,,,,,,,,,,,,,,,,,,,,,,,,,,,,,,,,,,,,,,,,,
2026-09-02T03:17:33.662184Z,"{'#attributes': {'Qualifiers': 16384}, '#text': 33217}",dc.scaffold.htb,MSSQL$SQLEXPRESS,Application,10004,4,,,,C18100000A0000000E000000440043005C00530051004C0045005800500052004500530053000000070000006D00610073007400650072000000,,,,,,,,,,,,,,,,,,,,,,,,,,,,,,,,,,,,,,,,,,,,,,,,,,,,,,,,,,,,,,,,,,,
2026-09-02T03:17:33.693433Z,"{'#attributes': {'Qualifiers': 16384}, '#text': 33218}",dc.scaffold.htb,MSSQL$SQLEXPRESS,Application,10005,4,,,,C28100000A0000000E000000440043005C00530051004C0045005800500052004500530053000000070000006D00610073007400650072000000,,,,,,,,,,,,,,,,,,,,,,,,,,,,,,,,,,,,,,,,,,,,,,,,,,,,,,,,,,,,,,,,,,,
2026-09-02T03:17:34.162437Z,"{'#attributes': {'Qualifiers': 16384}, '#text': 19030}",dc.scaffold.htb,MSSQL$SQLEXPRESS,Application,10006,4,,,,564A00000A0000000E000000440043005C00530051004C0045005800500052004500530053000000070000006D00610073007400650072000000,,,,,,,,1,sa,,,,,,,,,,,,,,,,,,,,,,,,,,,,,,,,,,,,,,,,,,,,,,,,,,,,,,,,,,
2026-09-02T03:17:34.209058Z,"{'#attributes': {'Qualifiers': 16384}, '#text': 17663}",dc.scaffold.htb,MSSQL$SQLEXPRESS,Application,10007,4,,,,FF4400000A0000000E000000440043005C00530051004C0045005800500052004500530053000000070000006D00610073007400650072000000,,,,,,,DC\SQLEXPRESS,,,,,,,,,,,,,,,,,,,,,,,,,,,,,,,,,,,,,,,,,,,,,,,,,,,,,,,,,,,,
2026-09-02T03:17:34.240334Z,"{'#attributes': {'Qualifiers': 16384}, '#text': 17137}",dc.scaffold.htb,MSSQL$SQLEXPRESS,Application,10008,4,,,,F14200000A0000000E000000440043005C00530051004C0045005800500052004500530053000000070000006D00610073007400650072000000,,,,,,,msdb,,,,,,,,,,,,,,,,,,,,,,,,,,,,,,,,,,,,,,,,,,,,,,,,,,,,,,,,,,,,
2026-09-02T03:17:34.240334Z,"{'#attributes': {'Qualifiers': 16384}, '#text': 17137}",dc.scaffold.htb,MSSQL$SQLEXPRESS,Application,10009,4,,,,F14200000A0000000E000000440043005C00530051004C0045005800500052004500530053000000070000006D00610073007400650072000000,,,,,,,mssqlsystemresource,,,,,,,,,,,,,,,,,,,,,,,,,,,,,,,,,,,,,,,,,,,,,,,,,,,,,,,,,,,,
2026-09-02T03:17:34.365310Z,"{'#attributes': {'Qualifiers': 16384}, '#text': 958}",dc.scaffold.htb,MSSQL$SQLEXPRESS,Application,10010,4,,,,BE0300000A0000000E000000440043005C00530051004C0045005800500052004500530053000000070000006D00610073007400650072000000,,,,,,,15.00.2000,,,,,,,,,,,,,,,,,,,,,,,,,,,,,,,,,,,,,,,,,,,,,,,,,,,,,,,,,,,,
2026-09-02T03:17:34.802809Z,"{'#attributes': {'Qualifiers': 16384}, '#text': 26018}",dc.scaffold.htb,MSSQL$SQLEXPRESS,Application,10011,4,,,,A26500000A0000000E000000440043005C00530051004C004500580050005200450053005300000000000000,,,,,,,,,,,,,,,,,,,,,,,,,,,,,,,,,,,,,,,,,,,,,,,,,,,,,,,,,,,,,,,,,,,
2026-09-02T03:17:34.802809Z,"{'#attributes': {'Qualifiers': 16384}, '#text': 26022}",dc.scaffold.htb,MSSQL$SQLEXPRESS,Application,10012,4,,,,A66500000A0000000E000000440043005C00530051004C004500580050005200450053005300000000000000,,,,,,,,'any',ipv6,,,,,,,,,,,52951,,,,,,,,,,,,,,,,,,,,,,,,,,,,,,,,,,,,,,,,,,,,,,,
2026-09-02T03:17:34.802809Z,"{'#attributes': {'Qualifiers': 16384}, '#text': 26022}",dc.scaffold.htb,MSSQL$SQLEXPRESS,Application,10013,4,,,,A66500000A0000000E000000440043005C00530051004C004500580050005200450053005300000000000000,,,,,,,,'any',ipv4,,,,,,,,,,,52951,,,,,,,,,,,,,,,,,,,,,,,,,,,,,,,,,,,,,,,,,,,,,,,
2026-09-02T03:17:34.849683Z,"{'#attributes': {'Qualifiers': 16384}, '#text': 26048}",dc.scaffold.htb,MSSQL$SQLEXPRESS,Application,10014,4,,,,C06500000A0000000E000000440043005C00530051004C004500580050005200450053005300000000000000,,,,,,,\\.\pipe\SQLLocal\SQLEXPRESS,,,,,,,,,,,,,,,,,,,,,,,,,,,,,,,,,,,,,,,,,,,,,,,,,,,,,,,,,,,,
2026-09-02T03:17:34.849683Z,"{'#attributes': {'Qualifiers': 16384}, '#text': 26048}",dc.scaffold.htb,MSSQL$SQLEXPRESS,Application,10015,4,,,,C06500000A0000000E000000440043005C00530051004C004500580050005200450053005300000000000000,,,,,,,\\.\pipe\MSSQL$SQLEXPRESS\sql\query,,,,,,,,,,,,,,,,,,,,,,,,,,,,,,,,,,,,,,,,,,,,,,,,,,,,,,,,,,,,
2026-09-02T03:17:34.849683Z,"{'#attributes': {'Qualifiers': 16384}, '#text': 17199}",dc.scaffold.htb,MSSQL$SQLEXPRESS,Application,10016,4,,,,2F4300000A0000000E000000440043005C00530051004C004500580050005200450053005300000000000000,,,,,,,7806,,,,,,,,,,,,,,,,,,,,,,,,,,,,,,,,,,,,,,,,,,,,,,,,,,,,,,,,,,,,
2026-09-02T03:17:34.849683Z,"{'#attributes': {'Qualifiers': 16384}, '#text': 17126}",dc.scaffold.htb,MSSQL$SQLEXPRESS,Application,10017,4,,,,E64200000A0000000E000000440043005C00530051004C004500580050005200450053005300000000000000,,,,,,,,,,,,,,,,,,,,,,,,,,,,,,,,,,,,,,,,,,,,,,,,,,,,,,,,,,,,,,,,,,,
2026-09-02T03:17:34.849683Z,"{'#attributes': {'Qualifiers': 16384}, '#text': 26076}",dc.scaffold.htb,MSSQL$SQLEXPRESS,Application,10018,4,,,,DC6500000A0000000E000000440043005C00530051004C004500580050005200450053005300000000000000,,,,,,,,,,,,,,,,,,,,,,,,,,,,,,,,,,,,,,,,,,,,,,,,,,,,,,,,,,,,,,,,,,,
2026-09-02T03:17:34.865309Z,"{'#attributes': {'Qualifiers': 16384}, '#text': 17137}",dc.scaffold.htb,MSSQL$SQLEXPRESS,Application,10019,4,,,,F14200000A0000000E000000440043005C00530051004C0045005800500052004500530053000000070000006D00610073007400650072000000,,,,,,,model,,,,,,,,,,,,,,,,,,,,,,,,,,,,,,,,,,,,,,,,,,,,,,,,,,,,,,,,,,,,
2026-09-02T03:17:34.896601Z,"{'#attributes': {'Qualifiers': 16384}, '#text': 17136}",dc.scaffold.htb,MSSQL$SQLEXPRESS,Application,10020,4,,,,F04200000A0000000E000000440043005C00530051004C0045005800500052004500530053000000070000006D00610073007400650072000000,,,,,,,,,,,,,,,,,,,,,,,,,,,,,,,,,,,,,,,,,,,,,,,,,,,,,,,,,,,,,,,,,,,
2026-09-02T03:17:35.021562Z,"{'#attributes': {'Qualifiers': 16384}, '#text': 17137}",dc.scaffold.htb,MSSQL$SQLEXPRESS,Application,10021,4,,,,F14200000A0000000E000000440043005C00530051004C0045005800500052004500530053000000070000006D00610073007400650072000000,,,,,,,tempdb,,,,,,,,,,,,,,,,,,,,,,,,,,,,,,,,,,,,,,,,,,,,,,,,,,,,,,,,,,,,
2026-09-02T03:17:35.130979Z,"{'#attributes': {'Qualifiers': 16384}, '#text': 9666}",dc.scaffold.htb,MSSQL$SQLEXPRESS,Application,10022,4,,,,C22500000A0000000E000000440043005C00530051004C0045005800500052004500530053000000070000006D00610073007400650072000000,,,,,,,Service Broker,,,,,,,,,,,,,,,,,,,,,,,,,,,,,,,,,,,,,,,,,,,,,,,,,,,,,,,,,,,,
2026-09-02T03:17:35.130979Z,"{'#attributes': {'Qualifiers': 16384}, '#text': 9666}",dc.scaffold.htb,MSSQL$SQLEXPRESS,Application,10023,4,,,,C22500000A0000000E000000440043005C00530051004C0045005800500052004500530053000000070000006D00610073007400650072000000,,,,,,,Database Mirroring,,,,,,,,,,,,,,,,,,,,,,,,,,,,,,,,,,,,,,,,,,,,,,,,,,,,,,,,,,,,
2026-09-02T03:17:35.146557Z,"{'#attributes': {'Qualifiers': 16384}, '#text': 9688}",dc.scaffold.htb,MSSQL$SQLEXPRESS,Application,10024,4,,,,D82500000A0000000E000000440043005C00530051004C0045005800500052004500530053000000070000006D00610073007400650072000000,,,,,,,,,,,,,,,,,,,,,,,,,,,,,,,,,,,,,,,,,,,,,,,,,,,,,,,,,,,,,,,,,,,
2026-09-02T03:17:35.146557Z,"{'#attributes': {'Qualifiers': 16384}, '#text': 3408}",dc.scaffold.htb,MSSQL$SQLEXPRESS,Application,10025,4,,,,500D00000A0000000E000000440043005C00530051004C0045005800500052004500530053000000070000006D00610073007400650072000000,,,,,,,,,,,,,,,,,,,,,,,,,,,,,,,,,,,,,,,,,,,,,,,,,,,,,,,,,,,,,,,,,,,
2026-09-02T03:17:36.380936Z,"{'#attributes': {'Qualifiers': 16384}, '#text': 26067}",dc.scaffold.htb,MSSQL$SQLEXPRESS,Application,10026,4,,,,D36500000A0000000E000000440043005C00530051004C004500580050005200450053005300000000000000,,,,,,,,MSSQLSvc/dc.scaffold.htb:SQLEXPRESS,0x54b,,,,,,,,,,,3,,,,,,,,,,,,,,,,,,,,,,,,,,,,,,,,,,,,,,,,,,,,,,,
2026-09-02T03:17:36.380936Z,"{'#attributes': {'Qualifiers': 16384}, '#text': 26067}",dc.scaffold.htb,MSSQL$SQLEXPRESS,Application,10027,4,,,,D36500000A0000000E000000440043005C00530051004C004500580050005200450053005300000000000000,,,,,,,,MSSQLSvc/dc.scaffold.htb:52951,0x54b,,,,,,,,,,,3,,,,,,,,,,,,,,,,,,,,,,,,,,,,,,,,,,,,,,,,,,,,,,,
2026-09-02T03:17:53.771557Z,"{'#attributes': {'Qualifiers': 0}, '#text': 102}",dc.scaffold.htb,ESENT,Application,10028,4,,,,,,,,,,,,certsrv.exe,"2716,P,98",,,,,,,,,,,,,,,0,10,00,20348,0000,,,,,,,,,,,,,,,,,,,,,,,,,,,,,,,,,,,,,,,
2026-09-02T03:17:53.787182Z,"{'#attributes': {'Qualifiers': 0}, '#text': 105}",dc.scaffold.htb,ESENT,Application,10029,4,,,,,,,,,,,,certsrv.exe,"2716,D,0",,,,,,,,,,,,,,,0,0,"
[1] 0.001236 +J(0) +M(C:0K, Fs:170, WS:668K # 668K, PF:2884K # 2616K, P:2884K)
[2] 0.000813 +J(0) +M(C:3200K, Fs:142, WS:556K # 556K, PF:3664K # 3664K, P:3664K)
[3] 0.000013 +J(0) +M(C:0K, Fs:4, WS:12K # 12K, PF:68K # 68K, P:68K)
[4] 0.000061 +J(0) +M(C:0K, Fs:18, WS:72K # 72K, PF:496K # 496K, P:496K)
[5] 0.000726 +J(0) +M(C:0K, Fs:9, WS:36K # 36K, PF:20K # 20K, P:20K)
[6] 0.002895 +J(0) +M(C:0K, Fs:30, WS:116K # 116K, PF:12K # 12K, P:12K)
[7] 0.009886 -0.006516 (3) WT +J(0) +M(C:0K, Fs:274, WS:1096K # 1096K, PF:1024K # 1024K, P:1024K)
[8] -
[9] -
[10] -
[11] -
[12] -
[13] 0.010996 -0.004932 (4) WT +J(CM:0, PgRf:0, Rd:0/0, Dy:0/0, Lg:616/1) +M(C:0K, Fs:6, WS:-1008K # 16K, PF:-1020K # 12K, P:-1020K)
[14] 0.000014 +J(0)
[15] 0.000129 +J(0) +M(C:0K, Fs:100, WS:400K # 0K, PF:64K # 0K, P:64K)
[16] 0.000457 -0.000166 (1) WT +J(0) +M(C:0K, Fs:3, WS:4K # 0K, PF:0K # 0K, P:0K).",,,,,,,,,,,,,,,,,,,,,,,,,,,,,,,,,,,,,,,,,
2026-09-02T03:17:53.802812Z,"{'#attributes': {'Qualifiers': 0}, '#text': 326}",dc.scaffold.htb,ESENT,Application,10030,4,,,,,,,,,,,,certsrv.exe,"2716,D,50",,,,,,,,,,,,,,,1,C:\Windows\system32\CertLog\scaffold-DC-CA.edb,0,"
[1] 0.000005 +J(0) +M(C:0K, Fs:1, WS:4K # 0K, PF:0K # 0K, P:0K)
[2] 0.000619 -0.000376 (1) WT +J(0) +M(C:0K, Fs:18, WS:8K # 0K, PF:4K # 0K, P:4K)
[3] 0.014088 -0.006483 (6) WT +J(CM:0, PgRf:0, Rd:0/0, Dy:0/0, Lg:3480/2) +M(C:0K, Fs:27, WS:100K # 0K, PF:140K # 0K, P:140K)
[4] 0.000115 +J(0)
[5] -
[6] -
[7] -
[8] 0.001693 -0.001406 (2) CM -0.001269 (2) WT +J(CM:2, PgRf:2, Rd:14/2, Dy:0/0, Lg:54/1) +M(C:0K, Fs:40, WS:160K # 0K, PF:148K # 0K, P:148K)
[9] 0.001349 -0.001119 (3) CM -0.000888 (3) WT +J(CM:3, PgRf:23, Rd:0/2, Dy:0/0, Lg:0/0) +M(C:0K, Fs:33, WS:128K # 0K, PF:200K # 0K, P:200K)
[10] 0.000432 -0.000320 (1) CM -0.000147 (1) WT +J(CM:1, PgRf:40, Rd:0/1, Dy:0/0, Lg:0/0) +M(C:0K, Fs:5, WS:20K # 0K, PF:64K # 0K, P:64K)
[11] 0.000010 +J(CM:0, PgRf:1, Rd:0/0, Dy:0/0, Lg:0/0) +M(C:0K, Fs:4, WS:16K # 0K, PF:0K # 0K, P:0K)
[12] 0.000026 +J(CM:0, PgRf:42, Rd:0/0, Dy:0/0, Lg:0/0) +M(C:0K, Fs:1, WS:4K # 0K, PF:0K # 0K, P:0K)
[13] 0.0 +J(0)
[14] 0.0 +J(0)
[15] 0.000003 +J(CM:0, PgRf:1, Rd:0/0, Dy:0/0, Lg:0/0).",0 0,"lgposAttach = 00000005:0064:0268,
dbv = 1568.180.400 (9360)",,,,,,,,,,,,,,,,,,,,,,,,,,,,,,,,,,,,,,
2026-09-02T03:17:53.834058Z,"{'#attributes': {'Qualifiers': 16641}, '#text': 517}",dc.scaffold.htb,WDSServer,Application,10031,4,,,,,,,,,,,,WDSDCMGR,C:\Windows\system32\wdsdcmgr.dll,,,,,,,,,,,,,,,,,,,,,,,,,,,,,,,,,,,,,,,,,,,,,,,,,,,,,,,,,,
2026-09-02T03:17:53.849684Z,"{'#attributes': {'Qualifiers': 16641}, '#text': 517}",dc.scaffold.htb,WDSServer,Application,10032,4,,,,,,,,,,,,WDSDCPXE,C:\Windows\system32\wdsdcpxe.dll,,,,,,,,,,,,,,,,,,,,,,,,,,,,,,,,,,,,,,,,,,,,,,,,,,,,,,,,,,
2026-09-02T03:17:53.865315Z,"{'#attributes': {'Qualifiers': 0}, '#text': 102}",dc.scaffold.htb,ESENT,Application,10033,4,,,,,,,,,,,,svchost,"2392,P,98",,,,,,,,,,,DDP: ,,,,1,10,00,20348,0000,,,,,,,,,,,,,,,,,,,,,,,,,,,,,,,,,,,,,,,
2026-09-02T03:17:53.880941Z,"{'#attributes': {'Qualifiers': 0}, '#text': 300}",dc.scaffold.htb,ESENT,Application,10034,4,,,,,,,,,,,,svchost,"2392,R,98",,,,,,,,,,,DDP: ,,,,,,,,,,,,,,,,,,,,,,,,,,,,,,,,,,,,,,,,,,,,,,,
2026-09-02T03:17:53.912190Z,"{'#attributes': {'Qualifiers': 0}, '#text': 335}",dc.scaffold.htb,ESENT,Application,10035,4,,,,,,,,,,,,svchost,"2392,R,98",,,,,,,,,,,DDP: ,,,,Create,C:\RemoteInstall\Stores\Drivers\Metadata\DdpDb.mdb,"(00000001,0001,0268)",AttachFuture,,,,,,,,,,,,,,,,,,,,,,,,,,,,,,,,,,,,,,,,
2026-09-02T03:17:53.990347Z,"{'#attributes': {'Qualifiers': 0}, '#text': 301}",dc.scaffold.htb,ESENT,Application,10036,4,,,,,,,,,,,,svchost,"2392,R,98",,,,,,,,,,,DDP: ,,,,C:\RemoteInstall\Stores\Drivers\Metadata\DDP.log,"
[1] 0.101897 -0.083299 (59) WT +J(CM:0, PgRf:0, Rd:0/0, Dy:0/0, Lg:855750/1736) +M(C:0K, Fs:1071, WS:60K # 104K, PF:60K # 96K, P:60K).",Insert   ,479,,,,,,,,,,,,,,,,,,,,,,,,,,,,,,,,,,,,,,,,
2026-09-02T03:17:54.037183Z,"{'#attributes': {'Qualifiers': 0}, '#text': 302}",dc.scaffold.htb,ESENT,Application,10037,4,,,,,,,,,,,,svchost,"2392,U,98",,,,,,,,,,,DDP: ,,,,,,,,,,,,,,,,,,,,,,,,,,,,,,,,,,,,,,,,,,,,,,,
2026-09-02T03:17:54.068433Z,"{'#attributes': {'Qualifiers': 0}, '#text': 105}",dc.scaffold.htb,ESENT,Application,10038,4,,,,,,,,,,,,svchost,"2392,D,0",,,,,,,,,,,DDP: ,,,,1,0,"
[1] -
[2] -
[3] 0.000573 +J(0) +M(C:0K, Fs:3, WS:12K # 12K, PF:0K # 0K, P:0K)
[4] 0.000150 +J(0) +M(C:0K, Fs:10, WS:40K # 40K, PF:156K # 0K, P:156K)
[5] 0.000725 +J(0) +M(C:0K, Fs:4, WS:16K # 16K, PF:16K # 0K, P:16K)
[6] 0.001581 +J(0) +M(C:0K, Fs:2, WS:8K # 8K, PF:16K # 0K, P:16K)
[7] 0.027032 -0.022087 (11) WT +J(0) +M(C:0K, Fs:1283, WS:5120K # 5120K, PF:5132K # 4420K, P:5132K)
[8] 0.103967 -0.083962 (62) WT +J(CM:0, PgRf:0, Rd:0/0, Dy:0/0, Lg:855750/1736) +M(C:0K, Fs:1106, WS:192K # 236K, PF:68K # 112K, P:68K)
[9] 0.000634 +J(0) +M(C:0K, Fs:1, WS:4K # 0K, PF:4K # 0K, P:4K)
[10] 0.019761 -0.017608 (10) WT +J(0) +M(C:0K, Fs:0, WS:-5116K # 0K, PF:-5128K # 0K, P:-5128K)
[11] 0.000015 +J(CM:0, PgRf:0, Rd:0/0, Dy:0/0, Lg:49/1) +M(C:0K, Fs:1, WS:4K # 0K, PF:0K # 0K, P:0K)
[12] 0.000022 +J(0)
[13] 0.051768 -0.000808 (2) CM -0.037992 (30) WT +J(CM:2, PgRf:2, Rd:0/2, Dy:0/0, Lg:8759/5) +M(C:-56K, Fs:1311, WS:-112K # 0K, PF:-112K # 0K, P:-112K)
[14] 0.000015 +J(0)
[15] 0.000032 +J(0)
[16] 0.003737 -0.003656 (1) WT +J(0) +M(C:0K, Fs:2, WS:0K # 0K, PF:0K # 0K, P:0K).","lgposV2[] = 00000001:0001:0000 - 00000001:00D3:0319 - 00000001:00D4:0000 - 00000001:00D4:0000 (00000000:0000:0000)
cReInits = 44
",,,,,,,,,,,,,,,,,,,,,,,,,,,,,,,,,,,,,,,,
2026-09-02T03:17:54.084064Z,"{'#attributes': {'Qualifiers': 0}, '#text': 326}",dc.scaffold.htb,ESENT,Application,10039,4,,,,,,,,,,,,svchost,"2392,D,50",,,,,,,,,,,DDP: ,,,,3,C:\RemoteInstall\Stores\Drivers\Metadata\DdpDb.mdb,0,"
[1] 0.000001 +J(0)
[2] 0.000333 -0.000225 (1) WT +J(0) +M(C:0K, Fs:24, WS:32K # 0K, PF:32K # 0K, P:32K)
[3] 0.004118 -0.001846 (6) WT +J(CM:0, PgRf:0, Rd:0/0, Dy:0/0, Lg:3480/2) +M(C:0K, Fs:13, WS:20K # 0K, PF:20K # 0K, P:20K)
[4] 0.000090 +J(0)
[5] -
[6] -
[7] -
[8] 0.000312 +J(CM:0, PgRf:2, Rd:6/0, Dy:0/0, Lg:54/1) +M(C:168K, Fs:44, WS:176K # 0K, PF:188K # 0K, P:188K)
[9] 0.003720 -0.001430 (2) CM -0.003368 (3) WT +J(CM:2, PgRf:16, Rd:0/2, Dy:0/0, Lg:0/0) +M(C:-76K, Fs:1, WS:-72K # 0K, PF:-76K # 0K, P:-76K)
[10] 0.000735 -0.000555 (2) CM -0.000483 (2) WT +J(CM:2, PgRf:35, Rd:0/2, Dy:0/0, Lg:0/0) +M(C:36K, Fs:6, WS:-24K # 0K, PF:36K # 0K, P:36K)
[11] 0.000010 +J(CM:0, PgRf:1, Rd:0/0, Dy:0/0, Lg:0/0)
[12] 0.000042 +J(CM:0, PgRf:42, Rd:0/0, Dy:0/0, Lg:0/0)
[13] 0.0 +J(0)
[14] 0.0 +J(0)
[15] 0.000005 +J(CM:0, PgRf:1, Rd:0/0, Dy:0/0, Lg:0/0).",1 0,"lgposAttach = 00000001:00D6:0268,
dbv = 1568.180.400 (9360)",,,,,,,,,,,,,,,,,,,,,,,,,,,,,,,,,,,,,,
2026-09-02T03:17:54.099689Z,"{'#attributes': {'Qualifiers': 16641}, '#text': 517}",dc.scaffold.htb,WDSServer,Application,10040,4,,,,,,,,,,,,WDSDDPS,C:\Windows\system32\wdsddps.dll,,,,,,,,,,,,,,,,,,,,,,,,,,,,,,,,,,,,,,,,,,,,,,,,,,,,,,,,,,
2026-09-02T03:17:54.177816Z,"{'#attributes': {'Qualifiers': 262}, '#text': 256}",dc.scaffold.htb,WDSIMGSRV,Application,10041,4,,,,,,,,,,,,,,,,,,,,,,,,,,,,,,,,,,,,,,,,,,,,,,,,,,,,,,,,,,,,,,,,,,,,,,,
2026-09-02T03:17:54.177816Z,"{'#attributes': {'Qualifiers': 16641}, '#text': 517}",dc.scaffold.htb,WDSServer,Application,10042,4,,,,,,,,,,,,WdsImgSrv,C:\Windows\system32\WdsImgSrv.dll,,,,,,,,,,,,,,,,,,,,,,,,,,,,,,,,,,,,,,,,,,,,,,,,,,,,,,,,,,
2026-09-02T03:17:54.224720Z,"{'#attributes': {'Qualifiers': 0}, '#text': 102}",dc.scaffold.htb,ESENT,Application,10043,4,,,,,,,,,,,,svchost,"2392,P,98",,,,,,,,,,,AAP: ,,,,2,10,00,20348,0000,,,,,,,,,,,,,,,,,,,,,,,,,,,,,,,,,,,,,,,
2026-09-02T03:17:54.240312Z,"{'#attributes': {'Qualifiers': 0}, '#text': 300}",dc.scaffold.htb,ESENT,Application,10044,4,,,,,,,,,,,,svchost,"2392,R,98",,,,,,,,,,,AAP: ,,,,,,,,,,,,,,,,,,,,,,,,,,,,,,,,,,,,,,,,,,,,,,,
2026-09-02T03:17:54.271593Z,"{'#attributes': {'Qualifiers': 0}, '#text': 335}",dc.scaffold.htb,ESENT,Application,10045,4,,,,,,,,,,,,svchost,"2392,R,98",,,,,,,,,,,AAP: ,,,,Create,C:\RemoteInstall\Mgmt\binlsvcdb.mdb,"(00000001,0001,0268)",AttachFuture,,,,,,,,,,,,,,,,,,,,,,,,,,,,,,,,,,,,,,,,
2026-09-02T03:17:54.302806Z,"{'#attributes': {'Qualifiers': 0}, '#text': 301}",dc.scaffold.htb,ESENT,Application,10046,4,,,,,,,,,,,,svchost,"2392,R,98",,,,,,,,,,,AAP: ,,,,C:\RemoteInstall\Mgmt\AAP.log,"
[1] 0.053962 -0.035182 (59) WT +J(CM:0, PgRf:0, Rd:0/0, Dy:0/0, Lg:669174/1241) +M(C:0K, Fs:1072, WS:64K # 108K, PF:64K # 104K, P:64K).",Insert   ,326,,,,,,,,,,,,,,,,,,,,,,,,,,,,,,,,,,,,,,,,
2026-09-02T03:17:54.334062Z,"{'#attributes': {'Qualifiers': 0}, '#text': 302}",dc.scaffold.htb,ESENT,Application,10047,4,,,,,,,,,,,,svchost,"2392,U,98",,,,,,,,,,,AAP: ,,,,,,,,,,,,,,,,,,,,,,,,,,,,,,,,,,,,,,,,,,,,,,,
2026-09-02T03:17:54.349685Z,"{'#attributes': {'Qualifiers': 0}, '#text': 105}",dc.scaffold.htb,ESENT,Application,10048,4,,,,,,,,,,,,svchost,"2392,D,0",,,,,,,,,,,AAP: ,,,,2,0,"
[1] -
[2] -
[3] 0.000458 +J(0) +M(C:0K, Fs:3, WS:12K # 0K, PF:0K # 0K, P:0K)
[4] 0.000138 +J(0) +M(C:0K, Fs:7, WS:28K # 0K, PF:136K # 0K, P:136K)
[5] 0.001473 +J(0) +M(C:0K, Fs:6, WS:24K # 0K, PF:8K # 0K, P:8K)
[6] 0.001629 +J(0) +M(C:0K, Fs:1, WS:4K # 0K, PF:12K # 0K, P:12K)
[7] 0.021815 -0.016398 (11) WT +J(0) +M(C:0K, Fs:1283, WS:5120K # 1784K, PF:5132K # 892K, P:5132K)
[8] 0.056287 -0.036200 (62) WT +J(CM:0, PgRf:0, Rd:0/0, Dy:0/0, Lg:669174/1241) +M(C:0K, Fs:1109, WS:204K # 248K, PF:76K # 120K, P:76K)
[9] 0.000685 +J(0)
[10] 0.017802 -0.016232 (10) WT +J(0) +M(C:0K, Fs:0, WS:-5116K # 0K, PF:-5128K # 0K, P:-5128K)
[11] 0.000021 +J(CM:0, PgRf:0, Rd:0/0, Dy:0/0, Lg:49/1) +M(C:0K, Fs:1, WS:4K # 0K, PF:0K # 0K, P:0K)
[12] 0.000027 +J(0)
[13] 0.036025 -0.000771 (2) CM -0.023398 (30) WT +J(CM:2, PgRf:2, Rd:0/2, Dy:0/0, Lg:8759/5) +M(C:8K, Fs:1311, WS:-112K # 0K, PF:-52K # 0K, P:-52K)
[14] 0.000018 +J(0)
[15] 0.000029 +J(0)
[16] 0.000408 -0.000281 (1) WT +J(0) +M(C:0K, Fs:2, WS:0K # 0K, PF:0K # 0K, P:0K).","lgposV2[] = 00000001:0001:0000 - 00000001:00A5:02FB - 00000001:00A6:0000 - 00000001:00A6:0000 (00000000:0000:0000)
cReInits = 44
",,,,,,,,,,,,,,,,,,,,,,,,,,,,,,,,,,,,,,,,
2026-09-02T03:17:54.365305Z,"{'#attributes': {'Qualifiers': 0}, '#text': 326}",dc.scaffold.htb,ESENT,Application,10049,4,,,,,,,,,,,,svchost,"2392,D,50",,,,,,,,,,,AAP: ,,,,5,C:\RemoteInstall\Mgmt\binlsvcdb.mdb,0,"
[1] 0.000002 +J(0)
[2] 0.000533 -0.000266 (1) WT +J(0) +M(C:0K, Fs:24, WS:32K # 0K, PF:32K # 0K, P:32K)
[3] 0.003713 -0.001436 (6) WT +J(CM:0, PgRf:0, Rd:0/0, Dy:0/0, Lg:3480/2) +M(C:0K, Fs:13, WS:20K # 0K, PF:20K # 0K, P:20K)
[4] 0.000050 +J(0)
[5] -
[6] -
[7] -
[8] 0.000191 +J(CM:0, PgRf:2, Rd:10/0, Dy:0/0, Lg:54/1) +M(C:68K, Fs:43, WS:136K # 0K, PF:88K # 0K, P:88K)
[9] 0.003127 -0.002978 (2) CM -0.002935 (2) WT +J(CM:2, PgRf:16, Rd:0/1, Dy:0/0, Lg:0/0) +M(C:-80K, Fs:0, WS:-80K # 0K, PF:-80K # 0K, P:-80K)
[10] 0.000825 -0.000660 (2) CM -0.000580 (2) WT +J(CM:2, PgRf:35, Rd:0/2, Dy:0/0, Lg:0/0) +M(C:-28K, Fs:6, WS:-28K # 0K, PF:-28K # 0K, P:-28K)
[11] 0.000010 +J(CM:0, PgRf:1, Rd:0/0, Dy:0/0, Lg:0/0)
[12] 0.000041 +J(CM:0, PgRf:42, Rd:0/0, Dy:0/0, Lg:0/0)
[13] 0.0 +J(0)
[14] 0.0 +J(0)
[15] 0.000005 +J(CM:0, PgRf:1, Rd:0/0, Dy:0/0, Lg:0/0).",1 0,"lgposAttach = 00000001:00A8:0268,
dbv = 1568.180.400 (9360)",,,,,,,,,,,,,,,,,,,,,,,,,,,,,,,,,,,,,,
2026-09-02T03:17:54.412183Z,"{'#attributes': {'Qualifiers': 16645}, '#text': 1305}",dc.scaffold.htb,BINLSVC,Application,10050,4,,,,,,,,,,,,x86{856C2FA1-61A4-4458-AEBC-B29E81626C88}.bcd,x86,,,,,,,,,,,,,,,,,,,,,,,,,,,,,,,,,,,,,,,,,,,,,,,,,,,,,,,,,,
2026-09-02T03:17:54.443440Z,"{'#attributes': {'Qualifiers': 16645}, '#text': 1305}",dc.scaffold.htb,BINLSVC,Application,10051,4,,,,,,,,,,,,x64{9DAB3541-C6F5-43CB-B912-6DD937E40D1D}.bcd,x64,,,,,,,,,,,,,,,,,,,,,,,,,,,,,,,,,,,,,,,,,,,,,,,,,,,,,,,,,,
2026-09-02T03:17:54.459055Z,"{'#attributes': {'Qualifiers': 16645}, '#text': 1305}",dc.scaffold.htb,BINLSVC,Application,10052,4,,,,,,,,,,,,arm64{6F1FEB65-7670-4B36-84E2-F2FB8330D283}.bcd,arm64,,,,,,,,,,,,,,,,,,,,,,,,,,,,,,,,,,,,,,,,,,,,,,,,,,,,,,,,,,
2026-09-02T03:17:54.490372Z,"{'#attributes': {'Qualifiers': 16645}, '#text': 1305}",dc.scaffold.htb,BINLSVC,Application,10053,4,,,,,,,,,,,,x86x64{BD1EC242-8236-49D2-AA6A-877ED493E16B}.bcd,x86x64,,,,,,,,,,,,,,,,,,,,,,,,,,,,,,,,,,,,,,,,,,,,,,,,,,,,,,,,,,
2026-09-02T03:17:54.505932Z,"{'#attributes': {'Qualifiers': 16645}, '#text': 1305}",dc.scaffold.htb,BINLSVC,Application,10054,4,,,,,,,,,,,,arm{D635D0B0-79F1-4B83-A83A-2A4229A35ABF}.bcd,arm,,,,,,,,,,,,,,,,,,,,,,,,,,,,,,,,,,,,,,,,,,,,,,,,,,,,,,,,,,
2026-09-02T03:17:54.079637Z,26,dc.scaffold.htb,Microsoft-Windows-CertificationAuthority,Application,10055,4,,,,,,scaffold-DC-CA,,dc.scaffold.htb,  DC=,,,,,,,,,,,,,,,,,,,,,,,,,,,,,,,,,,,,,,,,,,,,,,,MSG_I_SERVER_STARTED,,,,,,,,,,,,,,,
2026-09-02T03:17:54.537200Z,"{'#attributes': {'Qualifiers': 16645}, '#text': 1305}",dc.scaffold.htb,BINLSVC,Application,10056,4,,,,,,,,,,,,x86uefi{77F385E8-5C1A-4F3E-8F7B-8065FAF48915}.bcd,x86uefi,,,,,,,,,,,,,,,,,,,,,,,,,,,,,,,,,,,,,,,,,,,,,,,,,,,,,,,,,,
2026-09-02T03:17:54.568442Z,"{'#attributes': {'Qualifiers': 16645}, '#text': 1305}",dc.scaffold.htb,BINLSVC,Application,10057,4,,,,,,,,,,,,x64uefi{BB512E30-ADD8-4BC4-904F-F66367127866}.bcd,x64uefi,,,,,,,,,,,,,,,,,,,,,,,,,,,,,,,,,,,,,,,,,,,,,,,,,,,,,,,,,,
2026-09-02T03:17:54.584064Z,"{'#attributes': {'Qualifiers': 16647}, '#text': 262}",dc.scaffold.htb,WDSPXE,Application,10058,4,,,,,,,,,,,,WDSDCPXE,C:\Windows\system32\wdsdcpxe.dll,,,,,,,,,,,,,,,,,,,,,,,,,,,,,,,,,,,,,,,,,,,,,,,,,,,,,,,,,,
2026-09-02T03:17:54.630935Z,"{'#attributes': {'Qualifiers': 16647}, '#text': 777}",dc.scaffold.htb,WDSPXE,Application,10059,4,,,,,,,,,,,,,,,,,,,,,,,,,,,,,,,,,,,,,,,,,,,,,,,,,,,,,,,,,,,,,,,,,,,,,,,
2026-09-02T03:17:54.630935Z,"{'#attributes': {'Qualifiers': 16641}, '#text': 517}",dc.scaffold.htb,WDSServer,Application,10060,4,,,,,,,,,,,,WDSPXE,C:\Windows\system32\wdspxe.dll,,,,,,,,,,,,,,,,,,,,,,,,,,,,,,,,,,,,,,,,,,,,,,,,,,,,,,,,,,
2026-09-02T03:17:54.646564Z,"{'#attributes': {'Qualifiers': 16641}, '#text': 256}",dc.scaffold.htb,WDSServer,Application,10061,4,,,,,,,,,,,,,,,,,,,,,,,,,,,,,,,,,,,,,,,,,,,,,,,,,,,,,,,,,,,,,,,,,,,,,,,
2026-09-02T03:18:33.755936Z,"{'#attributes': {'Qualifiers': 32768}, '#text': 6003}",dc.scaffold.htb,Microsoft-Windows-Winlogon,Application,10062,4,,,,D9060000,,,,,,,SessionEnv,,,,,,,,,,,,,,,,,,,,,,,,,,,,,,,,,,,,,,,,,,,,,,,,,,,,,,,,,,,,
2026-09-02T03:18:34.193434Z,"{'#attributes': {'Qualifiers': 32768}, '#text': 6000}",dc.scaffold.htb,Microsoft-Windows-Winlogon,Application,10063,4,,,,D9060000,,,,,,,SessionEnv,,,,,,,,,,,,,,,,,,,,,,,,,,,,,,,,,,,,,,,,,,,,,,,,,,,,,,,,,,,,
2026-09-02T03:19:25.365309Z,"{'#attributes': {'Qualifiers': 0}, '#text': 0}",dc.scaffold.htb,edgeupdate,Application,10064,4,,,,,,,,,,,Service stopped,,,,,,,,,,,,,,,,,,,,,,,,,,,,,,,,,,,,,,,,,,,,,,,,,,,,,,,,,,,,
2026-09-02T03:19:25.724688Z,"{'#attributes': {'Qualifiers': 16384}, '#text': 900}",dc.scaffold.htb,Microsoft-Windows-Security-SPP,Application,10065,4,,,,,,,,,,,<explicit>,,,,,,,,,,,,,,,,,,,,,,,,,,,,,,,,,,,,,,,,,,,,,,,,,,,,,,,,,,,,
2026-09-02T03:19:25.990312Z,"{'#attributes': {'Qualifiers': 49152}, '#text': 16394}",dc.scaffold.htb,Microsoft-Windows-Security-SPP,Application,10066,4,,,,,,,,,,,,,,,,,,,,,,,,,,,,,,,,,,,,,,,,,,,,,,,,,,,,,,,,,,,,,,,,,,,,,,,
2026-09-02T03:19:26.255936Z,"{'#attributes': {'Qualifiers': 16384}, '#text': 1066}",dc.scaffold.htb,Microsoft-Windows-Security-SPP,Application,10067,4,,,,,,,,,,,"C:\Windows\system32\sppwinob.dll, msft:spp/windowsfunctionality/agent/7.0, 0x00000000, 0x00000000
C:\Windows\system32\sppobjs.dll, msft:rm/algorithm/inherited/1.0, 0x00000000, 0x00000000
C:\Windows\system32\sppobjs.dll, msft:rm/algorithm/phone/1.0, 0x00000000, 0x00000000
C:\Windows\system32\sppobjs.dll, msft:rm/algorithm/pkey/detect, 0x00000000, 0x00000000
C:\Windows\system32\sppobjs.dll, msft:spp/ActionScheduler/1.0, 0x00000000, 0x00000000
C:\Windows\system32\sppobjs.dll, msft:spp/TaskScheduler/1.0, 0x00000000, 0x00000000
C:\Windows\system32\sppobjs.dll, msft:spp/statecollector/pkey, 0x00000000, 0x00000000
C:\Windows\system32\sppobjs.dll, msft:spp/volume/services/kms/1.0, 0x00000000, 0x00000000
C:\Windows\system32\sppobjs.dll, msft:spp/volume/services/kms/activationinfo/1.0, 0x00000000, 0x00000000
",,,,,,,,,,,,,,,,,,,,,,,,,,,,,,,,,,,,,,,,,,,,,,,,,,,,,,,,,,,,
2026-09-02T03:19:26.505935Z,"{'#attributes': {'Qualifiers': 16384}, '#text': 1040}",dc.scaffold.htb,Microsoft-Windows-Security-SPP,Application,10068,4,,,,5A0000000A002C0000000000030001000100010000000000010001000000E861C49D0C5CE6B7DFE0AEEAFC1467B04557C6EF0D0001000101000201000301000401000500000601000700000801000901000A01000B00000C01002C0000000000030001000100010000000000010001000000E861C49D0C5CE6B7DFE02690FC1467B04557C6EF,,,,,,,,55c92734-d682-4d71-983e-d6ec3f16059f,80f53cc1-120f-4e0e-875b-27c9f1caf7de,,,,,,,,,,,,,,,,,,,,,,,,,,,,,,,,,,,,,,,,,,,,,,,,,,,,,,,,,,
2026-09-02T03:19:26.709062Z,"{'#attributes': {'Qualifiers': 16384}, '#text': 1003}",dc.scaffold.htb,Microsoft-Windows-Security-SPP,Application,10069,4,,,,,,,,,,,,55c92734-d682-4d71-983e-d6ec3f16059f,"
1: 0dc876e0-7ab8-41c1-b8ba-2237d484cd26, 1, 0 [(0 [0xC004F014, 0, 0], [(?)(?)(?)(?)(?)(?)(?)(?)])(1 )(2 )(3 )]
2: 176afa14-ca77-4cae-9ecc-ba2295540382, 1, 0 [(0 [0xC004F014, 0, 0], [(?)(?)(?)(?)(?)(?)(?)(?)])(1 )(2 )(3 )]
3: 208d2508-de49-48d5-a1df-837a9f1053ef, 1, 0 [(0 [0xC004F014, 0, 0], [(?)(?)(?)(?)(?)(?)(?)(?)])(1 )(2 )(3 )]
4: 22105925-48c3-4ff4-a294-f654bb27e390, 1, 0 [(0 [0xC004F014, 0, 0], [(?)(?)(?)(?)(?)(?)(?)(?)])(1 )(2 )(3 )]
5: 482b7fee-a9f5-46a3-862d-b28bef48c7e8, 1, 0 [(0 [0xC004F014, 0, 0], [(?)(?)(?)(?)(?)(?)(?)(?)])(1 )(2 )(3 )]
6: 4f64509c-0ad2-43a7-b73b-233afbb27096, 1, 0 [(0 [0xC004F014, 0, 0], [(?)(?)(?)(?)(?)(?)(?)(?)])(1 )(2 )(3 )]
7: 522b5066-79e8-49f2-9f9d-30b4d507d57b, 1, 0 [(0 [0xC004F014, 0, 0], [(?)(?)(?)(?)(?)(?)(?)(?)])(1 )(2 )(3 )]
8: 661f7658-7035-4b4c-9f35-010682943ec2, 1, 0 [(0 [0xC004F014, 0, 0], [(?)(?)(?)(?)(?)(?)(?)(?)])(1 )(2 )(3 )]
9: 78214935-d737-41c1-83df-f600c1766211, 1, 0 [(0 [0xC004F014, 0, 0], [(?)(?)(?)(?)(?)(?)(?)(?)])(1 )(2 )(3 )]
10: 80f53cc1-120f-4e0e-875b-27c9f1caf7de, 1, 1 [(0 )(1 [0x00000000, 1, 0], [(?)( 1 0x00000000)(?)( 2 0x00000000 0 0 msft:rm/algorithm/phone/1.0 0x00000000 0)(?)(?)( 10 0x00000000 msft:rm/algorithm/flags/1.0)(?)])(2 )(3 )]
11: aa04eff4-34fa-4da8-a645-8c30c30b3a7f, 1, 0 [(0 [0xC004F014, 0, 0], [(?)(?)(?)(?)(?)(?)(?)(?)])(1 )(2 )(3 )]
12: e73aabfa-12bc-4705-b551-2dd076bebc7d, 1, 0 [(0 [0xC004F014, 0, 0], [(?)(?)(?)(?)(?)(?)(?)(?)])(1 )(2 )(3 )]
13: ef6cfc9f-8c5d-44ac-9aad-de6a2ea0ae03, 1, 0 [(0 [0xC004F014, 0, 0], [(?)(?)(?)(?)(?)(?)(?)(?)])(1 )(2 )(3 )]

",,,,,,,,,,,,,,,,,,,,,,,,,,,,,,,,,,,,,,,,,,,,,,,,,,,,,,,,,,
2026-09-02T03:19:26.755932Z,"{'#attributes': {'Qualifiers': 16384}, '#text': 902}",dc.scaffold.htb,Microsoft-Windows-Security-SPP,Application,10070,0,,,,,,,,,,,10.0.20348.587,,,,,,,,,,,,,,,,,,,,,,,,,,,,,,,,,,,,,,,,,,,,,,,,,,,,,,,,,,,,
2026-09-02T03:19:56.771589Z,"{'#attributes': {'Qualifiers': 16384}, '#text': 16384}",dc.scaffold.htb,Microsoft-Windows-Security-SPP,Application,10071,4,,,,,,,,,,,,2126-08-09T03:19:56Z,RulesEngine,,,,,,,,,,,,,,,,,,,,,,,,,,,,,,,,,,,,,,,,,,,,,,,,,,,,,,,,,,
2026-09-02T03:19:56.802807Z,"{'#attributes': {'Qualifiers': 16384}, '#text': 903}",dc.scaffold.htb,Microsoft-Windows-Security-SPP,Application,10072,0,,,,,,,,,,,,,,,,,,,,,,,,,,,,,,,,,,,,,,,,,,,,,,,,,,,,,,,,,,,,,,,,,,,,,,,
2026-09-02T03:20:31.115395Z,"{'#attributes': {'Qualifiers': 0}, '#text': 8224}",dc.scaffold.htb,VSS,Application,10073,4,,,,2D20436F64653A2020434F525356434330303030303737382D2043616C6C3A2020434F525356434330303030303736302D205049443A202030303030343939322D205449443A202030303030353030382D20434D443A2020433A5C57696E646F77735C73797374656D33325C76737376632E6578652020202D20557365723A204E616D653A204E5420415554484F524954595C53595354454D2C205349443A532D312D352D313820,,,,,,,,,,,,,,,,,,,,,,,,,,,,,,,,,,,,,,,,,,,,,,,,,,,,,,,,,,,,,,,,,,,
2026-09-02T03:21:22.266762Z,10000,dc.scaffold.htb,Microsoft-Windows-RestartManager,Application,10074,4,,,,,,,,,,,,,,,,,,,,,,,,,,,,,,,,,,,,,,,,,,,,,,,,0,,,,2026-09-02T03:21:22.255949Z,,,,,http://www.microsoft.com/2005/08/Windows/Reliability/RestartManager/,,,,,,,,,,,,,,
2026-09-02T03:21:22.327265Z,10001,dc.scaffold.htb,Microsoft-Windows-RestartManager,Application,10075,4,,,,,,,,,,,,,,,,,,,,,,,,,,,,,,,,,,,,,,,,,,,,,,,,0,,,,2026-09-02T03:21:22.255949Z,,,,,http://www.microsoft.com/2005/08/Windows/Reliability/RestartManager/,,,,,,,,,,,,,,
2026-09-02T03:21:26.537185Z,"{'#attributes': {'Qualifiers': 32768}, '#text': 6000}",dc.scaffold.htb,Microsoft-Windows-Winlogon,Application,10076,4,,,,D9060000,,,,,,,WSearch,,,,,,,,,,,,,,,,,,,,,,,,,,,,,,,,,,,,,,,,,,,,,,,,,,,,,,,,,,,,
2026-09-02T03:21:26.599684Z,"{'#attributes': {'Qualifiers': 32768}, '#text': 6000}",dc.scaffold.htb,Microsoft-Windows-Winlogon,Application,10077,4,,,,D9060000,,,,,,,SessionEnv,,,,,,,,,,,,,,,,,,,,,,,,,,,,,,,,,,,,,,,,,,,,,,,,,,,,,,,,,,,,
2026-09-02T03:21:31.349686Z,"{'#attributes': {'Qualifiers': 0}, '#text': 260}",dc.scaffold.htb,VMUpgradeHelper,Application,10078,4,,,,,,,,,,,,,,,,,,,,,,,,,,,,,,,,,,,,,,,,,,,,,,,,,,,,,,,,,,,,,,,,,,,,,,,
2026-09-02T03:21:31.349686Z,"{'#attributes': {'Qualifiers': 0}, '#text': 272}",dc.scaffold.htb,VMUpgradeHelper,Application,10079,4,,,,,,,,,,,,,,,,,,,,,,,,,,,,,,,,,,,,,,,,,,,,,,,,,,,,,,,,,,,,,,,,,,,,,,,
2026-09-02T03:21:31.349686Z,"{'#attributes': {'Qualifiers': 0}, '#text': 108}",dc.scaffold.htb,VMTools,Application,10080,4,,,,,,,,,,,,,,,,,,,,,,,,,,,,,,,,,,,,,,,,,,,,,,,,,,,,,,,,,,,,,,,,,,,,,,,
2026-09-02T03:21:32.537185Z,"{'#attributes': {'Qualifiers': 16384}, '#text': 17147}",dc.scaffold.htb,MSSQL$SQLEXPRESS,Application,10081,4,,,,FB4200000A0000000E000000440043005C00530051004C004500580050005200450053005300000000000000,,,,,,,,,,,,,,,,,,,,,,,,,,,,,,,,,,,,,,,,,,,,,,,,,,,,,,,,,,,,,,,,,,,
2026-09-02T03:21:32.584062Z,"{'#attributes': {'Qualifiers': 16384}, '#text': 4111}",dc.scaffold.htb,Microsoft-Windows-MSDTC,Application,10082,4,,,,4D005300440054004300,,,,,,,,,,,,,,,,,,,,,,,,,,,,,,,,,,,,,,,,,,,,,,,,,,,,,,,,,,,,,,,,,,,
2026-09-02T03:21:32.599686Z,"{'#attributes': {'Qualifiers': 0}, '#text': 8225}",dc.scaffold.htb,VSS,Application,10083,4,,,,2D20436F64653A2020434F525356434330303030303737362D2043616C6C3A2020434F525356434330303030303736302D205049443A202030303030303732342D205449443A202030303030363335322D20434D443A2020433A5C57696E646F77735C73797374656D33325C76737376632E6578652020202D20557365723A204E616D653A204E5420415554484F524954595C53595354454D2C205349443A532D312D352D313820,,,,,,,,,,,,,,,,,,,,,,,,,,,,,,,,,,,,,,,,,,,,,,,,,,,,,,,,,,,,,,,,,,,
2026-09-02T03:21:32.599686Z,"{'#attributes': {'Qualifiers': 0}, '#text': 0}",dc.scaffold.htb,Microsoft Deployment Toolkit Monitor Service,Application,10084,4,,,,,,,,,,,Service has been successfully shut down.,,,,,,,,,,,,,,,,,,,,,,,,,,,,,,,,,,,,,,,,,,,,,,,,,,,,,,,,,,,,
2026-09-02T03:21:32.646559Z,"{'#attributes': {'Qualifiers': 32768}, '#text': 4879}",dc.scaffold.htb,Microsoft-Windows-MSDTC Client 2,Application,10085,3,,,,,,,,,,,,,,,,,,,,,,,,,,,,,,,,,,,,,,,,,,,,,,,,,,,,,,,,,,,,80000171,,,,DC,,,,,,,
2026-09-02T03:21:32.676384Z,1532,dc.scaffold.htb,Microsoft-Windows-User Profiles Service,Application,10086,4,,,,,,,,,,,,,,,,,,,,,,,,,,,,,,,,,,,,,,,,,,,,,,,,,,,,,,,,,,,,,,,,,,,,,,,
2026-09-02T03:21:33.076106Z,38,dc.scaffold.htb,Microsoft-Windows-CertificationAuthority,Application,10087,4,,,,,,scaffold-DC-CA,,,,,,,,,,,,,,,,,,,,,,,,,,,,,,,,,,,,,,,,,,,,,,,,,,MSG_I_SERVER_STOPPED,,,,,,,,,,,,,,,
2026-09-02T03:21:56.757828Z,1531,dc.scaffold.htb,Microsoft-Windows-User Profiles Service,Application,10088,4,,,,,,,,,,,,,,,,,,,,,,,,,,,,,,,,,,,,,,,,,,,,,,,,,,,,,,,,,,,,,,,,,,,,,,,
2026-09-02T03:22:06.278964Z,"{'#attributes': {'Qualifiers': 0}, '#text': 105}",dc.scaffold.htb,VMTools,Application,10089,4,,,,,,,,,,,,,,,,,,,,,,,,,,,,,,,,,,,,,,,,,,,,,,,,,,,,,,,,,,,,,,,,,,,,,,,
2026-09-02T03:22:06.325841Z,"{'#attributes': {'Qualifiers': 16641}, '#text': 1025}",dc.scaffold.htb,WDSServer,Application,10090,4,,,,,,,,,,,5040,,,,,,,,,,,,,,,,,,,,,,,,,,,,,,,,,,,,,,,,,,,,,,,,,,,,,,,,,,,,
2026-09-02T03:22:06.508521Z,5615,dc.scaffold.htb,Microsoft-Windows-WMI,Application,10091,4,,,,,,,,,,,,,,,,,,,,,,,,,,,,,,,,,,,,,,,,,,,,,,,,,,,,,,,,,,,,,,,,,,,,,,,
2026-09-02T03:22:07.060212Z,"{'#attributes': {'Qualifiers': 16641}, '#text': 517}",dc.scaffold.htb,WDSServer,Application,10092,4,,,,,,,,,,,,WDSMC,C:\Windows\system32\wdsmc.dll,,,,,,,,,,,,,,,,,,,,,,,,,,,,,,,,,,,,,,,,,,,,,,,,,,,,,,,,,,
2026-09-02T03:22:07.200838Z,"{'#attributes': {'Qualifiers': 0}, '#text': 102}",dc.scaffold.htb,ESENT,Application,10093,4,,,,,,,,,,,,svchost,"2496,P,98",,,,,,,,,,,WDS: ,,,,0,10,00,20348,0000,,,,,,,,,,,,,,,,,,,,,,,,,,,,,,,,,,,,,,,
2026-09-02T03:22:07.278960Z,"{'#attributes': {'Qualifiers': 0}, '#text': 300}",dc.scaffold.htb,ESENT,Application,10094,4,,,,,,,,,,,,svchost,"2496,R,98",,,,,,,,,,,WDS: ,,,,,,,,,,,,,,,,,,,,,,,,,,,,,,,,,,,,,,,,,,,,,,,
2026-09-02T03:22:07.357087Z,"{'#attributes': {'Qualifiers': 0}, '#text': 335}",dc.scaffold.htb,ESENT,Application,10095,4,,,,,,,,,,,,svchost,"2496,R,98",,,,,,,,,,,WDS: ,,,,Create,C:\RemoteInstall\Stores\Metadata\WDSMD.mdb,"(00000001,0001,0268)",AttachFuture,,,,,,,,,,,,,,,,,,,,,,,,,,,,,,,,,,,,,,,,
2026-09-02T03:22:08.497717Z,"{'#attributes': {'Qualifiers': 0}, '#text': 301}",dc.scaffold.htb,ESENT,Application,10096,4,,,,,,,,,,,,svchost,"2496,R,98",,,,,,,,,,,WDS: ,,,,C:\RemoteInstall\Stores\Metadata\WDS.log,"
[1] 1.177548 -0.680150 (60) WT +J(CM:0, PgRf:0, Rd:0/0, Dy:0/0, Lg:640772/1082) +M(C:0K, Fs:1141, WS:240K # 272K, PF:172K # 204K, P:172K).",Insert   ,277,,,,,,,,,,,,,,,,,,,,,,,,,,,,,,,,,,,,,,,,
2026-09-02T03:22:08.919591Z,"{'#attributes': {'Qualifiers': 0}, '#text': 302}",dc.scaffold.htb,ESENT,Application,10097,4,,,,,,,,,,,,svchost,"2496,U,98",,,,,,,,,,,WDS: ,,,,,,,,,,,,,,,,,,,,,,,,,,,,,,,,,,,,,,,,,,,,,,,
2026-09-02T03:22:08.966463Z,"{'#attributes': {'Qualifiers': 0}, '#text': 105}",dc.scaffold.htb,ESENT,Application,10098,4,,,,,,,,,,,,svchost,"2496,D,0",,,,,,,,,,,WDS: ,,,,0,1,"
[1] 0.043510 +J(0) +M(C:0K, Fs:234, WS:912K # 912K, PF:5388K # 5388K, P:5388K)
[2] 0.000282 +J(0) +M(C:64K, Fs:100, WS:396K # 396K, PF:380K # 380K, P:380K)
[3] 0.001389 +J(0) +M(C:0K, Fs:5, WS:20K # 20K, PF:64K # 64K, P:64K)
[4] 0.000113 +J(0) +M(C:0K, Fs:21, WS:84K # 84K, PF:224K # 224K, P:224K)
[5] 0.000348 +J(0) +M(C:0K, Fs:9, WS:36K # 36K, PF:16K # 16K, P:16K)
[6] 0.019583 +J(0) +M(C:0K, Fs:24, WS:92K # 92K, PF:16K # 16K, P:16K)
[7] 0.060297 -0.055909 (11) WT +J(0) +M(C:0K, Fs:1299, WS:5188K # 5188K, PF:5128K # 5128K, P:5128K)
[8] 1.187595 -0.687104 (63) WT +J(CM:0, PgRf:0, Rd:0/0, Dy:0/0, Lg:640772/1082) +M(C:0K, Fs:1183, WS:400K # 432K, PF:252K # 284K, P:252K)
[9] 0.028096 +J(0) +M(C:0K, Fs:4, WS:16K # 0K, PF:4K # 0K, P:4K)
[10] 0.380200 -0.377371 (10) WT +J(0) +M(C:0K, Fs:8, WS:-5084K # 16K, PF:-5116K # 0K, P:-5116K)
[11] 0.000034 +J(CM:0, PgRf:0, Rd:0/0, Dy:0/0, Lg:49/1) +M(C:0K, Fs:2, WS:8K # 0K, PF:0K # 0K, P:0K)
[12] 0.001179 +J(0)
[13] 0.097230 -0.004848 (2) CM -0.069195 (30) WT +J(CM:2, PgRf:2, Rd:0/2, Dy:0/0, Lg:8759/5) +M(C:-56K, Fs:1348, WS:36K # 48K, PF:76K # 68K, P:76K)
[14] 0.000022 +J(0)
[15] 0.000038 +J(0)
[16] 0.001670 -0.001483 (1) WT +J(0) +M(C:0K, Fs:2, WS:0K # 0K, PF:0K # 0K, P:0K).","lgposV2[] = 00000001:0001:0000 - 00000001:009E:0309 - 00000001:009F:0000 - 00000001:009F:0000 (00000000:0000:0000)
cReInits = 45
",,,,,,,,,,,,,,,,,,,,,,,,,,,,,,,,,,,,,,,,
2026-09-02T03:22:08.997714Z,"{'#attributes': {'Qualifiers': 0}, '#text': 326}",dc.scaffold.htb,ESENT,Application,10099,4,,,,,,,,,,,,svchost,"2496,D,50",,,,,,,,,,,WDS: ,,,,1,C:\RemoteInstall\Stores\Metadata\WDSMD.mdb,0,"
[1] 0.000017 +J(0)
[2] 0.001185 -0.000829 (1) WT +J(0) +M(C:0K, Fs:24, WS:32K # 0K, PF:32K # 0K, P:32K)
[3] 0.020581 -0.014047 (6) WT +J(CM:0, PgRf:0, Rd:0/0, Dy:0/0, Lg:3480/2) +M(C:0K, Fs:14, WS:24K # 0K, PF:20K # 0K, P:20K)
[4] 0.000128 +J(0)
[5] -
[6] -
[7] -
[8] 0.001697 -0.001368 (2) CM -0.001258 (2) WT +J(CM:2, PgRf:2, Rd:4/2, Dy:0/0, Lg:54/1) +M(C:120K, Fs:46, WS:128K # 0K, PF:140K # 0K, P:140K)
[9] 0.003838 -0.003509 (2) CM -0.003419 (2) WT +J(CM:2, PgRf:16, Rd:0/2, Dy:0/0, Lg:0/0) +M(C:-16K, Fs:40, WS:80K # 0K, PF:208K # 0K, P:208K)
[10] 0.000772 -0.000646 (1) CM -0.000576 (1) WT +J(CM:1, PgRf:35, Rd:0/1, Dy:0/0, Lg:0/0) +M(C:-28K, Fs:4, WS:-12K # 0K, PF:36K # 0K, P:36K)
[11] 0.000016 +J(CM:0, PgRf:1, Rd:0/0, Dy:0/0, Lg:0/0) +M(C:0K, Fs:3, WS:12K # 0K, PF:0K # 0K, P:0K)
[12] 0.000054 +J(CM:0, PgRf:42, Rd:0/0, Dy:0/0, Lg:0/0) +M(C:0K, Fs:1, WS:4K # 0K, PF:0K # 0K, P:0K)
[13] 0.000001 +J(0)
[14] 0.0 +J(0)
[15] 0.000007 +J(CM:0, PgRf:1, Rd:0/0, Dy:0/0, Lg:0/0).",1 0,"lgposAttach = 00000001:00A1:0268,
dbv = 1568.180.400 (9360)",,,,,,,,,,,,,,,,,,,,,,,,,,,,,,,,,,,,,,
2026-09-02T03:22:09.044590Z,"{'#attributes': {'Qualifiers': 16641}, '#text': 517}",dc.scaffold.htb,WDSServer,Application,10100,4,,,,,,,,,,,,WDSMDMGR,C:\Windows\system32\wdsmdmgr.dll,,,,,,,,,,,,,,,,,,,,,,,,,,,,,,,,,,,,,,,,,,,,,,,,,,,,,,,,,,
2026-09-02T03:22:09.450839Z,"{'#attributes': {'Qualifiers': 16641}, '#text': 517}",dc.scaffold.htb,WDSServer,Application,10101,4,,,,,,,,,,,,WDSTFTP,C:\Windows\system32\wdstftp.dll,,,,,,,,,,,,,,,,,,,,,,,,,,,,,,,,,,,,,,,,,,,,,,,,,,,,,,,,,,
2026-09-02T03:22:09.392844Z,5617,dc.scaffold.htb,Microsoft-Windows-WMI,Application,10102,4,,,,,,,,,,,,,,,,,,,,,,,,,,,,,,,,,,,,,,,,,,,,,,,,,,,,,,,,,,,,,,,,,,,,,,,
2026-09-02T03:22:12.513366Z,"{'#attributes': {'Qualifiers': 16384}, '#text': 781}",dc.scaffold.htb,Microsoft-Windows-Complus,Application,10103,4,,,,,,,,,,,,,,,,,,,,,,,,,,,,,,,,,,,,,,,,,,,,,,,,,,,,,,,,,,,,86400,,,,SuppressDuplicateDuration,Software\Microsoft\COM3\Eventlog,,,,,,
2026-09-02T03:22:16.357090Z,"{'#attributes': {'Qualifiers': 0}, '#text': 258}",dc.scaffold.htb,VMUpgradeHelper,Application,10104,4,,,,,,,,,,,,,,,,,,,,,,,,,,,,,,,,,,,,,,,,,,,,,,,,,,,,,,,,,,,,,,,,,,,,,,,
