2026-09-01T23:55:08.777149Z,"{'#attributes': {'Qualifiers': 16384}, '#text': 903}",dc.scaffold.htb,Microsoft-Windows-Security-SPP,Application,8595,0,,,,,,,,,,,,,,,,,,,,,,,,,,,,,,,,,,,,,,,,,,,,,,,,,,,,,,,,,,,,,,,,,,,,,,,
2026-09-01T23:55:08.917771Z,"{'#attributes': {'Qualifiers': 16384}, '#text': 17137}",dc.scaffold.htb,MSSQL$SQLEXPRESS,Application,8596,4,,,,F14200000A0000000E000000440043005C00530051004C0045005800500052004500530053000000070000006D00610073007400650072000000,,,,,,,tempdb,,,,,,,,,,,,,,,,,,,,,,,,,,,,,,,,,,,,,,,,,,,,,,,,,,,,,,,,,,,,
2026-09-01T23:55:09.152148Z,"{'#attributes': {'Qualifiers': 16384}, '#text': 9666}",dc.scaffold.htb,MSSQL$SQLEXPRESS,Application,8597,4,,,,C22500000A0000000E000000440043005C00530051004C0045005800500052004500530053000000070000006D00610073007400650072000000,,,,,,,Service Broker,,,,,,,,,,,,,,,,,,,,,,,,,,,,,,,,,,,,,,,,,,,,,,,,,,,,,,,,,,,,
2026-09-01T23:55:09.152148Z,"{'#attributes': {'Qualifiers': 16384}, '#text': 9666}",dc.scaffold.htb,MSSQL$SQLEXPRESS,Application,8598,4,,,,C22500000A0000000E000000440043005C00530051004C0045005800500052004500530053000000070000006D00610073007400650072000000,,,,,,,Database Mirroring,,,,,,,,,,,,,,,,,,,,,,,,,,,,,,,,,,,,,,,,,,,,,,,,,,,,,,,,,,,,
2026-09-01T23:55:09.370897Z,"{'#attributes': {'Qualifiers': 16384}, '#text': 3408}",dc.scaffold.htb,MSSQL$SQLEXPRESS,Application,8599,4,,,,500D00000A0000000E000000440043005C00530051004C0045005800500052004500530053000000070000006D00610073007400650072000000,,,,,,,,,,,,,,,,,,,,,,,,,,,,,,,,,,,,,,,,,,,,,,,,,,,,,,,,,,,,,,,,,,,
2026-09-01T23:55:09.370897Z,"{'#attributes': {'Qualifiers': 16384}, '#text': 9688}",dc.scaffold.htb,MSSQL$SQLEXPRESS,Application,8600,4,,,,D82500000A0000000E000000440043005C00530051004C0045005800500052004500530053000000070000006D00610073007400650072000000,,,,,,,,,,,,,,,,,,,,,,,,,,,,,,,,,,,,,,,,,,,,,,,,,,,,,,,,,,,,,,,,,,,
2026-09-01T23:55:14.949019Z,"{'#attributes': {'Qualifiers': 0}, '#text': 102}",dc.scaffold.htb,ESENT,Application,8601,4,,,,,,,,,,,,certsrv.exe,"2920,P,98",,,,,,,,,,,,,,,0,10,00,20348,0000,,,,,,,,,,,,,,,,,,,,,,,,,,,,,,,,,,,,,,,
2026-09-01T23:55:14.980269Z,"{'#attributes': {'Qualifiers': 0}, '#text': 105}",dc.scaffold.htb,ESENT,Application,8602,4,,,,,,,,,,,,certsrv.exe,"2920,D,0",,,,,,,,,,,,,,,0,0,"
[1] 0.001092 +J(0) +M(C:0K, Fs:126, WS:492K # 492K, PF:2404K # 2136K, P:2404K)
[2] 0.000519 +J(0) +M(C:3200K, Fs:187, WS:728K # 728K, PF:4144K # 4144K, P:4144K)
[3] 0.000013 +J(0) +M(C:0K, Fs:3, WS:12K # 12K, PF:64K # 64K, P:64K)
[4] 0.000091 +J(0) +M(C:0K, Fs:19, WS:76K # 76K, PF:500K # 500K, P:500K)
[5] 0.000674 +J(0) +M(C:0K, Fs:9, WS:36K # 36K, PF:20K # 20K, P:20K)
[6] 0.006416 +J(0) +M(C:0K, Fs:29, WS:116K # 116K, PF:12K # 12K, P:12K)
[7] 0.009105 -0.005986 (3) WT +J(0) +M(C:0K, Fs:275, WS:1096K # 1096K, PF:1028K # 1028K, P:1028K)
[8] -
[9] -
[10] -
[11] -
[12] -
[13] 0.014026 -0.007017 (4) WT +J(CM:0, PgRf:0, Rd:0/0, Dy:0/0, Lg:616/1) +M(C:0K, Fs:6, WS:-1008K # 16K, PF:-1024K # 12K, P:-1024K)
[14] 0.000020 +J(0)
[15] 0.000146 +J(0) +M(C:0K, Fs:100, WS:400K # 0K, PF:64K # 0K, P:64K)
[16] 0.001555 -0.001298 (1) WT +J(0) +M(C:0K, Fs:3, WS:4K # 0K, PF:0K # 0K, P:0K).",,,,,,,,,,,,,,,,,,,,,,,,,,,,,,,,,,,,,,,,,
2026-09-01T23:55:14.995893Z,"{'#attributes': {'Qualifiers': 16641}, '#text': 517}",dc.scaffold.htb,WDSServer,Application,8603,4,,,,,,,,,,,,WDSDCMGR,C:\Windows\system32\wdsdcmgr.dll,,,,,,,,,,,,,,,,,,,,,,,,,,,,,,,,,,,,,,,,,,,,,,,,,,,,,,,,,,
2026-09-01T23:55:14.995893Z,"{'#attributes': {'Qualifiers': 0}, '#text': 326}",dc.scaffold.htb,ESENT,Application,8604,4,,,,,,,,,,,,certsrv.exe,"2920,D,50",,,,,,,,,,,,,,,1,C:\Windows\system32\CertLog\scaffold-DC-CA.edb,0,"
[1] 0.000006 +J(0) +M(C:0K, Fs:1, WS:4K # 0K, PF:0K # 0K, P:0K)
[2] 0.002845 -0.002087 (1) WT +J(0) +M(C:0K, Fs:18, WS:8K # 0K, PF:4K # 0K, P:4K)
[3] 0.007069 -0.002849 (6) WT +J(CM:0, PgRf:0, Rd:0/0, Dy:0/0, Lg:3480/2) +M(C:0K, Fs:26, WS:92K # 0K, PF:124K # 0K, P:124K)
[4] 0.000109 +J(0)
[5] -
[6] -
[7] -
[8] 0.001067 -0.000851 (2) CM -0.000728 (2) WT +J(CM:2, PgRf:2, Rd:14/2, Dy:0/0, Lg:54/1) +M(C:0K, Fs:40, WS:160K # 0K, PF:148K # 0K, P:148K)
[9] 0.001558 -0.001316 (3) CM -0.001201 (3) WT +J(CM:3, PgRf:23, Rd:0/2, Dy:0/0, Lg:0/0) +M(C:0K, Fs:31, WS:124K # 0K, PF:196K # 0K, P:196K)
[10] 0.000404 -0.000297 (1) CM -0.000231 (1) WT +J(CM:1, PgRf:40, Rd:0/1, Dy:0/0, Lg:0/0) +M(C:0K, Fs:5, WS:20K # 0K, PF:64K # 0K, P:64K)
[11] 0.000036 +J(CM:0, PgRf:1, Rd:0/0, Dy:0/0, Lg:0/0) +M(C:0K, Fs:4, WS:16K # 0K, PF:0K # 0K, P:0K)
[12] 0.000200 +J(CM:0, PgRf:42, Rd:0/0, Dy:0/0, Lg:0/0) +M(C:0K, Fs:1, WS:4K # 0K, PF:0K # 0K, P:0K)
[13] 0.000002 +J(0)
[14] 0.0 +J(0)
[15] 0.000007 +J(CM:0, PgRf:1, Rd:0/0, Dy:0/0, Lg:0/0).",0 0,"lgposAttach = 00000005:0021:0268,
dbv = 1568.180.400 (9360)",,,,,,,,,,,,,,,,,,,,,,,,,,,,,,,,,,,,,,
2026-09-01T23:55:15.011517Z,"{'#attributes': {'Qualifiers': 16641}, '#text': 517}",dc.scaffold.htb,WDSServer,Application,8605,4,,,,,,,,,,,,WDSDCPXE,C:\Windows\system32\wdsdcpxe.dll,,,,,,,,,,,,,,,,,,,,,,,,,,,,,,,,,,,,,,,,,,,,,,,,,,,,,,,,,,
2026-09-01T23:55:15.027148Z,"{'#attributes': {'Qualifiers': 0}, '#text': 102}",dc.scaffold.htb,ESENT,Application,8606,4,,,,,,,,,,,,svchost,"2168,P,98",,,,,,,,,,,DDP: ,,,,1,10,00,20348,0000,,,,,,,,,,,,,,,,,,,,,,,,,,,,,,,,,,,,,,,
2026-09-01T23:55:15.105270Z,"{'#attributes': {'Qualifiers': 0}, '#text': 300}",dc.scaffold.htb,ESENT,Application,8607,4,,,,,,,,,,,,svchost,"2168,R,98",,,,,,,,,,,DDP: ,,,,,,,,,,,,,,,,,,,,,,,,,,,,,,,,,,,,,,,,,,,,,,,
2026-09-01T23:55:15.136520Z,"{'#attributes': {'Qualifiers': 0}, '#text': 335}",dc.scaffold.htb,ESENT,Application,8608,4,,,,,,,,,,,,svchost,"2168,R,98",,,,,,,,,,,DDP: ,,,,Create,C:\RemoteInstall\Stores\Drivers\Metadata\DdpDb.mdb,"(00000001,0001,0268)",AttachFuture,,,,,,,,,,,,,,,,,,,,,,,,,,,,,,,,,,,,,,,,
2026-09-01T23:55:15.214647Z,"{'#attributes': {'Qualifiers': 0}, '#text': 301}",dc.scaffold.htb,ESENT,Application,8609,4,,,,,,,,,,,,svchost,"2168,R,98",,,,,,,,,,,DDP: ,,,,C:\RemoteInstall\Stores\Drivers\Metadata\DDP.log,"
[1] 0.100675 -0.074122 (55) WT +J(CM:0, PgRf:0, Rd:0/0, Dy:0/0, Lg:807078/1704) +M(C:0K, Fs:974, WS:56K # 100K, PF:56K # 92K, P:56K).",Insert   ,479,,,,,,,,,,,,,,,,,,,,,,,,,,,,,,,,,,,,,,,,
2026-09-01T23:55:15.277147Z,"{'#attributes': {'Qualifiers': 0}, '#text': 302}",dc.scaffold.htb,ESENT,Application,8610,4,,,,,,,,,,,,svchost,"2168,U,98",,,,,,,,,,,DDP: ,,,,,,,,,,,,,,,,,,,,,,,,,,,,,,,,,,,,,,,,,,,,,,,
2026-09-01T23:55:15.308394Z,"{'#attributes': {'Qualifiers': 0}, '#text': 105}",dc.scaffold.htb,ESENT,Application,8611,4,,,,,,,,,,,,svchost,"2168,D,0",,,,,,,,,,,DDP: ,,,,1,0,"
[1] -
[2] -
[3] 0.001500 +J(0) +M(C:0K, Fs:3, WS:12K # 12K, PF:0K # 0K, P:0K)
[4] 0.000151 +J(0) +M(C:0K, Fs:11, WS:44K # 44K, PF:160K # 0K, P:160K)
[5] 0.000662 +J(0) +M(C:0K, Fs:4, WS:16K # 16K, PF:16K # 0K, P:16K)
[6] 0.002716 +J(0) +M(C:0K, Fs:2, WS:8K # 8K, PF:16K # 0K, P:16K)
[7] 0.069606 -0.063689 (11) WT +J(0) +M(C:0K, Fs:1283, WS:5120K # 5120K, PF:5132K # 4436K, P:5132K)
[8] 0.120567 -0.086231 (58) WT +J(CM:0, PgRf:0, Rd:0/0, Dy:0/0, Lg:807078/1704) +M(C:0K, Fs:1009, WS:188K # 232K, PF:64K # 108K, P:64K)
[9] 0.000750 +J(0) +M(C:0K, Fs:1, WS:4K # 0K, PF:4K # 0K, P:4K)
[10] 0.018062 -0.016086 (10) WT +J(0) +M(C:0K, Fs:6, WS:-5092K # 0K, PF:-5128K # 0K, P:-5128K)
[11] 0.000024 +J(CM:0, PgRf:0, Rd:0/0, Dy:0/0, Lg:49/1) +M(C:0K, Fs:1, WS:4K # 0K, PF:0K # 0K, P:0K)
[12] 0.000424 +J(0)
[13] 0.062554 -0.003668 (2) CM -0.037074 (30) WT +J(CM:2, PgRf:2, Rd:0/2, Dy:0/0, Lg:8759/5) +M(C:-56K, Fs:1311, WS:-112K # 0K, PF:-112K # 0K, P:-112K)
[14] 0.000018 +J(0)
[15] 0.000019 +J(0)
[16] 0.000593 -0.000445 (1) WT +J(0) +M(C:0K, Fs:2, WS:0K # 0K, PF:0K # 0K, P:0K).","lgposV2[] = 00000001:0001:0000 - 00000001:00C7:0319 - 00000001:00C8:0000 - 00000001:00C8:0000 (00000000:0000:0000)
cReInits = 40
",,,,,,,,,,,,,,,,,,,,,,,,,,,,,,,,,,,,,,,,
2026-09-01T23:55:15.324018Z,"{'#attributes': {'Qualifiers': 0}, '#text': 326}",dc.scaffold.htb,ESENT,Application,8612,4,,,,,,,,,,,,svchost,"2168,D,50",,,,,,,,,,,DDP: ,,,,3,C:\RemoteInstall\Stores\Drivers\Metadata\DdpDb.mdb,0,"
[1] 0.000003 +J(0)
[2] 0.000502 -0.000211 (1) WT +J(0) +M(C:0K, Fs:24, WS:32K # 0K, PF:32K # 0K, P:32K)
[3] 0.006485 -0.003662 (6) WT +J(CM:0, PgRf:0, Rd:0/0, Dy:0/0, Lg:3480/2) +M(C:0K, Fs:13, WS:20K # 0K, PF:20K # 0K, P:20K)
[4] 0.000100 +J(0)
[5] -
[6] -
[7] -
[8] 0.000247 +J(CM:0, PgRf:2, Rd:6/0, Dy:0/0, Lg:54/1) +M(C:168K, Fs:44, WS:176K # 0K, PF:188K # 0K, P:188K)
[9] 0.009186 -0.001883 (2) CM -0.008760 (3) WT +J(CM:2, PgRf:16, Rd:0/2, Dy:0/0, Lg:0/0) +M(C:-12K, Fs:17, WS:-8K # 0K, PF:-12K # 0K, P:-12K)
[10] 0.001324 -0.001165 (2) CM -0.001031 (2) WT +J(CM:2, PgRf:35, Rd:0/2, Dy:0/0, Lg:0/0) +M(C:-28K, Fs:6, WS:-24K # 0K, PF:-28K # 0K, P:-28K)
[11] 0.000010 +J(CM:0, PgRf:1, Rd:0/0, Dy:0/0, Lg:0/0)
[12] 0.000039 +J(CM:0, PgRf:42, Rd:0/0, Dy:0/0, Lg:0/0)
[13] 0.0 +J(0)
[14] 0.0 +J(0)
[15] 0.000005 +J(CM:0, PgRf:1, Rd:0/0, Dy:0/0, Lg:0/0).",1 0,"lgposAttach = 00000001:00CA:0268,
dbv = 1568.180.400 (9360)",,,,,,,,,,,,,,,,,,,,,,,,,,,,,,,,,,,,,,
2026-09-01T23:55:15.355269Z,"{'#attributes': {'Qualifiers': 16641}, '#text': 517}",dc.scaffold.htb,WDSServer,Application,8613,4,,,,,,,,,,,,WDSDDPS,C:\Windows\system32\wdsddps.dll,,,,,,,,,,,,,,,,,,,,,,,,,,,,,,,,,,,,,,,,,,,,,,,,,,,,,,,,,,
2026-09-01T23:55:15.449025Z,"{'#attributes': {'Qualifiers': 262}, '#text': 256}",dc.scaffold.htb,WDSIMGSRV,Application,8614,4,,,,,,,,,,,,,,,,,,,,,,,,,,,,,,,,,,,,,,,,,,,,,,,,,,,,,,,,,,,,,,,,,,,,,,,
2026-09-01T23:55:15.449025Z,"{'#attributes': {'Qualifiers': 16641}, '#text': 517}",dc.scaffold.htb,WDSServer,Application,8615,4,,,,,,,,,,,,WdsImgSrv,C:\Windows\system32\WdsImgSrv.dll,,,,,,,,,,,,,,,,,,,,,,,,,,,,,,,,,,,,,,,,,,,,,,,,,,,,,,,,,,
2026-09-01T23:55:15.511526Z,"{'#attributes': {'Qualifiers': 0}, '#text': 102}",dc.scaffold.htb,ESENT,Application,8616,4,,,,,,,,,,,,svchost,"2168,P,98",,,,,,,,,,,AAP: ,,,,2,10,00,20348,0000,,,,,,,,,,,,,,,,,,,,,,,,,,,,,,,,,,,,,,,
2026-09-01T23:55:15.542770Z,"{'#attributes': {'Qualifiers': 0}, '#text': 300}",dc.scaffold.htb,ESENT,Application,8617,4,,,,,,,,,,,,svchost,"2168,R,98",,,,,,,,,,,AAP: ,,,,,,,,,,,,,,,,,,,,,,,,,,,,,,,,,,,,,,,,,,,,,,,
2026-09-01T23:55:15.605269Z,"{'#attributes': {'Qualifiers': 0}, '#text': 335}",dc.scaffold.htb,ESENT,Application,8618,4,,,,,,,,,,,,svchost,"2168,R,98",,,,,,,,,,,AAP: ,,,,Create,C:\RemoteInstall\Mgmt\binlsvcdb.mdb,"(00000001,0001,0268)",AttachFuture,,,,,,,,,,,,,,,,,,,,,,,,,,,,,,,,,,,,,,,,
2026-09-01T23:55:15.699031Z,"{'#attributes': {'Qualifiers': 0}, '#text': 301}",dc.scaffold.htb,ESENT,Application,8619,4,,,,,,,,,,,,svchost,"2168,R,98",,,,,,,,,,,AAP: ,,,,C:\RemoteInstall\Mgmt\AAP.log,"
[1] 0.148143 -0.124225 (55) WT +J(CM:0, PgRf:0, Rd:0/0, Dy:0/0, Lg:620502/1209) +M(C:0K, Fs:976, WS:60K # 104K, PF:60K # 96K, P:60K).",Insert   ,326,,,,,,,,,,,,,,,,,,,,,,,,,,,,,,,,,,,,,,,,
2026-09-01T23:55:15.814726Z,"{'#attributes': {'Qualifiers': 0}, '#text': 302}",dc.scaffold.htb,ESENT,Application,8620,4,,,,,,,,,,,,svchost,"2168,U,98",,,,,,,,,,,AAP: ,,,,,,,,,,,,,,,,,,,,,,,,,,,,,,,,,,,,,,,,,,,,,,,
2026-09-01T23:55:15.855269Z,"{'#attributes': {'Qualifiers': 0}, '#text': 105}",dc.scaffold.htb,ESENT,Application,8621,4,,,,,,,,,,,,svchost,"2168,D,0",,,,,,,,,,,AAP: ,,,,2,0,"
[1] -
[2] -
[3] 0.000273 +J(0) +M(C:0K, Fs:3, WS:12K # 0K, PF:0K # 0K, P:0K)
[4] 0.000108 +J(0) +M(C:0K, Fs:8, WS:32K # 0K, PF:136K # 0K, P:136K)
[5] 0.001103 +J(0) +M(C:0K, Fs:4, WS:16K # 0K, PF:4K # 0K, P:4K)
[6] 0.003338 +J(0) +M(C:0K, Fs:3, WS:8K # 0K, PF:20K # 0K, P:20K)
[7] 0.034930 -0.029151 (11) WT +J(0) +M(C:0K, Fs:1282, WS:5120K # 1712K, PF:5128K # 808K, P:5128K)
[8] 0.151555 -0.126281 (58) WT +J(CM:0, PgRf:0, Rd:0/0, Dy:0/0, Lg:620502/1209) +M(C:0K, Fs:1012, WS:196K # 240K, PF:68K # 112K, P:68K)
[9] 0.000654 +J(0)
[10] 0.015372 -0.013065 (10) WT +J(0) +M(C:0K, Fs:0, WS:-5116K # 0K, PF:-5120K # 0K, P:-5120K)
[11] 0.000024 +J(CM:0, PgRf:0, Rd:0/0, Dy:0/0, Lg:49/1) +M(C:0K, Fs:1, WS:4K # 0K, PF:0K # 0K, P:0K)
[12] 0.000035 +J(0)
[13] 0.135864 -0.001227 (2) CM -0.026422 (30) WT +J(CM:2, PgRf:2, Rd:0/2, Dy:0/0, Lg:8759/5) +M(C:68K, Fs:1325, WS:-48K # 0K, PF:12K # 0K, P:12K)
[14] 0.000029 +J(0)
[15] 0.000024 +J(0)
[16] 0.001309 -0.001064 (1) WT +J(0) +M(C:0K, Fs:2, WS:0K # 0K, PF:0K # 0K, P:0K).","lgposV2[] = 00000001:0001:0000 - 00000001:0099:02FB - 00000001:009A:0000 - 00000001:009A:0000 (00000000:0000:0000)
cReInits = 40
",,,,,,,,,,,,,,,,,,,,,,,,,,,,,,,,,,,,,,,,
2026-09-01T23:55:15.943075Z,"{'#attributes': {'Qualifiers': 0}, '#text': 326}",dc.scaffold.htb,ESENT,Application,8622,4,,,,,,,,,,,,svchost,"2168,D,50",,,,,,,,,,,AAP: ,,,,5,C:\RemoteInstall\Mgmt\binlsvcdb.mdb,0,"
[1] 0.000003 +J(0)
[2] 0.000491 -0.000249 (1) WT +J(0) +M(C:0K, Fs:24, WS:32K # 0K, PF:32K # 0K, P:32K)
[3] 0.007667 -0.004454 (6) WT +J(CM:0, PgRf:0, Rd:0/0, Dy:0/0, Lg:3480/2) +M(C:0K, Fs:13, WS:20K # 0K, PF:20K # 0K, P:20K)
[4] 0.000341 +J(0)
[5] -
[6] -
[7] -
[8] 0.000356 +J(CM:0, PgRf:2, Rd:14/0, Dy:0/0, Lg:54/1) +M(C:96K, Fs:43, WS:164K # 0K, PF:116K # 0K, P:116K)
[9] 0.002802 -0.002631 (2) CM -0.002542 (2) WT +J(CM:2, PgRf:16, Rd:0/1, Dy:0/0, Lg:0/0) +M(C:-80K, Fs:0, WS:-80K # 0K, PF:-80K # 0K, P:-80K)
[10] 0.074574 -0.074419 (1) CM -0.074327 (1) WT +J(CM:1, PgRf:35, Rd:0/1, Dy:0/0, Lg:0/0) +M(C:-28K, Fs:0, WS:-28K # 0K, PF:-28K # 0K, P:-28K)
[11] 0.000020 +J(CM:0, PgRf:1, Rd:0/0, Dy:0/0, Lg:0/0)
[12] 0.000043 +J(CM:0, PgRf:42, Rd:0/0, Dy:0/0, Lg:0/0)
[13] 0.0 +J(0)
[14] 0.0 +J(0)
[15] 0.000005 +J(CM:0, PgRf:1, Rd:0/0, Dy:0/0, Lg:0/0).",1 0,"lgposAttach = 00000001:009C:0268,
dbv = 1568.180.400 (9360)",,,,,,,,,,,,,,,,,,,,,,,,,,,,,,,,,,,,,,
2026-09-01T23:55:16.058403Z,"{'#attributes': {'Qualifiers': 16645}, '#text': 1305}",dc.scaffold.htb,BINLSVC,Application,8623,4,,,,,,,,,,,,x86{1B52B567-8582-46BB-B792-C1AB721B9765}.bcd,x86,,,,,,,,,,,,,,,,,,,,,,,,,,,,,,,,,,,,,,,,,,,,,,,,,,,,,,,,,,
2026-09-01T23:55:16.136526Z,"{'#attributes': {'Qualifiers': 16645}, '#text': 1305}",dc.scaffold.htb,BINLSVC,Application,8624,4,,,,,,,,,,,,x64{0A5D7782-AD37-4369-903A-F2290A85F0E7}.bcd,x64,,,,,,,,,,,,,,,,,,,,,,,,,,,,,,,,,,,,,,,,,,,,,,,,,,,,,,,,,,
2026-09-01T23:55:16.183394Z,"{'#attributes': {'Qualifiers': 16645}, '#text': 1305}",dc.scaffold.htb,BINLSVC,Application,8625,4,,,,,,,,,,,,arm64{E7FE65CA-2594-4C6C-BA8E-DAF94901B6B2}.bcd,arm64,,,,,,,,,,,,,,,,,,,,,,,,,,,,,,,,,,,,,,,,,,,,,,,,,,,,,,,,,,
2026-09-01T23:55:16.214642Z,"{'#attributes': {'Qualifiers': 16645}, '#text': 1305}",dc.scaffold.htb,BINLSVC,Application,8626,4,,,,,,,,,,,,x86x64{7DE8F68E-B031-43BB-B9C0-245D38EC8FD9}.bcd,x86x64,,,,,,,,,,,,,,,,,,,,,,,,,,,,,,,,,,,,,,,,,,,,,,,,,,,,,,,,,,
2026-09-01T23:55:16.266523Z,"{'#attributes': {'Qualifiers': 16645}, '#text': 1305}",dc.scaffold.htb,BINLSVC,Application,8627,4,,,,,,,,,,,,arm{545F9FF3-615D-4E60-947C-480CA688B0D6}.bcd,arm,,,,,,,,,,,,,,,,,,,,,,,,,,,,,,,,,,,,,,,,,,,,,,,,,,,,,,,,,,
2026-09-01T23:55:16.292767Z,"{'#attributes': {'Qualifiers': 16645}, '#text': 1305}",dc.scaffold.htb,BINLSVC,Application,8628,4,,,,,,,,,,,,x86uefi{D54C4850-5BF5-44E3-994E-5ADAC1712F23}.bcd,x86uefi,,,,,,,,,,,,,,,,,,,,,,,,,,,,,,,,,,,,,,,,,,,,,,,,,,,,,,,,,,
2026-09-01T23:55:16.308394Z,"{'#attributes': {'Qualifiers': 16645}, '#text': 1305}",dc.scaffold.htb,BINLSVC,Application,8629,4,,,,,,,,,,,,x64uefi{825AA052-7575-48B7-A432-0BD15B7E0FD7}.bcd,x64uefi,,,,,,,,,,,,,,,,,,,,,,,,,,,,,,,,,,,,,,,,,,,,,,,,,,,,,,,,,,
2026-09-01T23:55:16.339649Z,"{'#attributes': {'Qualifiers': 16647}, '#text': 262}",dc.scaffold.htb,WDSPXE,Application,8630,4,,,,,,,,,,,,WDSDCPXE,C:\Windows\system32\wdsdcpxe.dll,,,,,,,,,,,,,,,,,,,,,,,,,,,,,,,,,,,,,,,,,,,,,,,,,,,,,,,,,,
2026-09-01T23:55:16.370894Z,"{'#attributes': {'Qualifiers': 16647}, '#text': 777}",dc.scaffold.htb,WDSPXE,Application,8631,4,,,,,,,,,,,,,,,,,,,,,,,,,,,,,,,,,,,,,,,,,,,,,,,,,,,,,,,,,,,,,,,,,,,,,,,
2026-09-01T23:55:16.370894Z,"{'#attributes': {'Qualifiers': 16641}, '#text': 517}",dc.scaffold.htb,WDSServer,Application,8632,4,,,,,,,,,,,,WDSPXE,C:\Windows\system32\wdspxe.dll,,,,,,,,,,,,,,,,,,,,,,,,,,,,,,,,,,,,,,,,,,,,,,,,,,,,,,,,,,
2026-09-01T23:55:16.402145Z,"{'#attributes': {'Qualifiers': 16641}, '#text': 256}",dc.scaffold.htb,WDSServer,Application,8633,4,,,,,,,,,,,,,,,,,,,,,,,,,,,,,,,,,,,,,,,,,,,,,,,,,,,,,,,,,,,,,,,,,,,,,,,
2026-09-01T23:55:24.978028Z,26,dc.scaffold.htb,Microsoft-Windows-CertificationAuthority,Application,8634,4,,,,,,scaffold-DC-CA,,dc.scaffold.htb,  DC=,,,,,,,,,,,,,,,,,,,,,,,,,,,,,,,,,,,,,,,,,,,,,,,MSG_I_SERVER_STARTED,,,,,,,,,,,,,,,
2026-09-01T23:55:50.620894Z,"{'#attributes': {'Qualifiers': 32768}, '#text': 6003}",dc.scaffold.htb,Microsoft-Windows-Winlogon,Application,8635,4,,,,D9060000,,,,,,,SessionEnv,,,,,,,,,,,,,,,,,,,,,,,,,,,,,,,,,,,,,,,,,,,,,,,,,,,,,,,,,,,,
2026-09-01T23:55:51.105268Z,"{'#attributes': {'Qualifiers': 32768}, '#text': 6000}",dc.scaffold.htb,Microsoft-Windows-Winlogon,Application,8636,4,,,,D9060000,,,,,,,SessionEnv,,,,,,,,,,,,,,,,,,,,,,,,,,,,,,,,,,,,,,,,,,,,,,,,,,,,,,,,,,,,
2026-09-01T23:55:51.339643Z,"{'#attributes': {'Qualifiers': 49152}, '#text': 16394}",dc.scaffold.htb,Microsoft-Windows-Security-SPP,Application,8637,4,,,,,,,,,,,,,,,,,,,,,,,,,,,,,,,,,,,,,,,,,,,,,,,,,,,,,,,,,,,,,,,,,,,,,,,
2026-09-01T23:55:51.636518Z,"{'#attributes': {'Qualifiers': 49152}, '#text': 8198}",dc.scaffold.htb,Microsoft-Windows-Security-SPP,Application,8638,2,,,,,,,,,,,,hr=0x80004005,RuleId=31e71c49-8da7-4a2f-ad92-45d98a1c79ba;Action=AutoActivate;AppId=55c92734-d682-4d71-983e-d6ec3f16059f;SkuId=80f53cc1-120f-4e0e-875b-27c9f1caf7de;NotificationInterval=1440;Trigger=UserLogon;SessionId=1,,,,,,,,,,,,,,,,,,,,,,,,,,,,,,,,,,,,,,,,,,,,,,,,,,,,,,,,,,
2026-09-01T23:56:18.589648Z,"{'#attributes': {'Qualifiers': 32768}, '#text': 6000}",dc.scaffold.htb,Microsoft-Windows-Winlogon,Application,8639,4,,,,D9060000,,,,,,,WSearch,,,,,,,,,,,,,,,,,,,,,,,,,,,,,,,,,,,,,,,,,,,,,,,,,,,,,,,,,,,,
2026-09-01T23:56:18.652163Z,"{'#attributes': {'Qualifiers': 32768}, '#text': 6000}",dc.scaffold.htb,Microsoft-Windows-Winlogon,Application,8640,4,,,,D9060000,,,,,,,SessionEnv,,,,,,,,,,,,,,,,,,,,,,,,,,,,,,,,,,,,,,,,,,,,,,,,,,,,,,,,,,,,
2026-09-01T23:56:18.761520Z,"{'#attributes': {'Qualifiers': 0}, '#text': 260}",dc.scaffold.htb,VMUpgradeHelper,Application,8641,4,,,,,,,,,,,,,,,,,,,,,,,,,,,,,,,,,,,,,,,,,,,,,,,,,,,,,,,,,,,,,,,,,,,,,,,
2026-09-01T23:56:18.761520Z,"{'#attributes': {'Qualifiers': 0}, '#text': 272}",dc.scaffold.htb,VMUpgradeHelper,Application,8642,4,,,,,,,,,,,,,,,,,,,,,,,,,,,,,,,,,,,,,,,,,,,,,,,,,,,,,,,,,,,,,,,,,,,,,,,
2026-09-01T23:56:18.761520Z,"{'#attributes': {'Qualifiers': 0}, '#text': 108}",dc.scaffold.htb,VMTools,Application,8643,4,,,,,,,,,,,,,,,,,,,,,,,,,,,,,,,,,,,,,,,,,,,,,,,,,,,,,,,,,,,,,,,,,,,,,,,
2026-09-01T23:56:18.902146Z,"{'#attributes': {'Qualifiers': 16384}, '#text': 17147}",dc.scaffold.htb,MSSQL$SQLEXPRESS,Application,8644,4,,,,FB4200000A0000000E000000440043005C00530051004C004500580050005200450053005300000000000000,,,,,,,,,,,,,,,,,,,,,,,,,,,,,,,,,,,,,,,,,,,,,,,,,,,,,,,,,,,,,,,,,,,
2026-09-01T23:56:18.949019Z,"{'#attributes': {'Qualifiers': 16384}, '#text': 4111}",dc.scaffold.htb,Microsoft-Windows-MSDTC,Application,8645,4,,,,4D005300440054004300,,,,,,,,,,,,,,,,,,,,,,,,,,,,,,,,,,,,,,,,,,,,,,,,,,,,,,,,,,,,,,,,,,,
2026-09-01T23:56:19.028749Z,1532,dc.scaffold.htb,Microsoft-Windows-User Profiles Service,Application,8646,4,,,,,,,,,,,,,,,,,,,,,,,,,,,,,,,,,,,,,,,,,,,,,,,,,,,,,,,,,,,,,,,,,,,,,,,
2026-09-01T23:56:19.635618Z,38,dc.scaffold.htb,Microsoft-Windows-CertificationAuthority,Application,8647,4,,,,,,scaffold-DC-CA,,,,,,,,,,,,,,,,,,,,,,,,,,,,,,,,,,,,,,,,,,,,,,,,,,MSG_I_SERVER_STOPPED,,,,,,,,,,,,,,,
2026-09-01T23:59:36.562838Z,1531,dc.scaffold.htb,Microsoft-Windows-User Profiles Service,Application,8648,4,,,,,,,,,,,,,,,,,,,,,,,,,,,,,,,,,,,,,,,,,,,,,,,,,,,,,,,,,,,,,,,,,,,,,,,
2026-09-01T23:59:45.841119Z,"{'#attributes': {'Qualifiers': 16641}, '#text': 1025}",dc.scaffold.htb,WDSServer,Application,8649,4,,,,,,,,,,,5040,,,,,,,,,,,,,,,,,,,,,,,,,,,,,,,,,,,,,,,,,,,,,,,,,,,,,,,,,,,,
2026-09-01T23:59:46.044392Z,"{'#attributes': {'Qualifiers': 16641}, '#text': 517}",dc.scaffold.htb,WDSServer,Application,8650,4,,,,,,,,,,,,WDSMC,C:\Windows\system32\wdsmc.dll,,,,,,,,,,,,,,,,,,,,,,,,,,,,,,,,,,,,,,,,,,,,,,,,,,,,,,,,,,
2026-09-01T23:59:46.044392Z,"{'#attributes': {'Qualifiers': 0}, '#text': 105}",dc.scaffold.htb,VMTools,Application,8651,4,,,,,,,,,,,,,,,,,,,,,,,,,,,,,,,,,,,,,,,,,,,,,,,,,,,,,,,,,,,,,,,,,,,,,,,
2026-09-01T23:59:46.059868Z,"{'#attributes': {'Qualifiers': 0}, '#text': 102}",dc.scaffold.htb,ESENT,Application,8652,4,,,,,,,,,,,,svchost,"2024,P,98",,,,,,,,,,,WDS: ,,,,0,10,00,20348,0000,,,,,,,,,,,,,,,,,,,,,,,,,,,,,,,,,,,,,,,
2026-09-01T23:59:46.137991Z,"{'#attributes': {'Qualifiers': 0}, '#text': 300}",dc.scaffold.htb,ESENT,Application,8653,4,,,,,,,,,,,,svchost,"2024,R,98",,,,,,,,,,,WDS: ,,,,,,,,,,,,,,,,,,,,,,,,,,,,,,,,,,,,,,,,,,,,,,,
2026-09-01T23:59:46.169242Z,"{'#attributes': {'Qualifiers': 0}, '#text': 335}",dc.scaffold.htb,ESENT,Application,8654,4,,,,,,,,,,,,svchost,"2024,R,98",,,,,,,,,,,WDS: ,,,,Create,C:\RemoteInstall\Stores\Metadata\WDSMD.mdb,"(00000001,0001,0268)",AttachFuture,,,,,,,,,,,,,,,,,,,,,,,,,,,,,,,,,,,,,,,,
2026-09-01T23:59:46.231741Z,"{'#attributes': {'Qualifiers': 0}, '#text': 301}",dc.scaffold.htb,ESENT,Application,8655,4,,,,,,,,,,,,svchost,"2024,R,98",,,,,,,,,,,WDS: ,,,,C:\RemoteInstall\Stores\Metadata\WDS.log,"
[1] 0.094730 -0.062536 (56) WT +J(CM:0, PgRf:0, Rd:0/0, Dy:0/0, Lg:592100/1050) +M(C:0K, Fs:1043, WS:232K # 264K, PF:164K # 196K, P:164K).",Insert   ,277,,,,,,,,,,,,,,,,,,,,,,,,,,,,,,,,,,,,,,,,
2026-09-01T23:59:46.294241Z,"{'#attributes': {'Qualifiers': 0}, '#text': 302}",dc.scaffold.htb,ESENT,Application,8656,4,,,,,,,,,,,,svchost,"2024,U,98",,,,,,,,,,,WDS: ,,,,,,,,,,,,,,,,,,,,,,,,,,,,,,,,,,,,,,,,,,,,,,,
2026-09-01T23:59:46.356740Z,"{'#attributes': {'Qualifiers': 0}, '#text': 105}",dc.scaffold.htb,ESENT,Application,8657,4,,,,,,,,,,,,svchost,"2024,D,0",,,,,,,,,,,WDS: ,,,,0,0,"
[1] 0.000832 +J(0) +M(C:0K, Fs:179, WS:700K # 700K, PF:4508K # 4508K, P:4508K)
[2] 0.000922 +J(0) +M(C:64K, Fs:149, WS:584K # 584K, PF:1260K # 1260K, P:1260K)
[3] 0.001722 +J(0) +M(C:0K, Fs:10, WS:36K # 36K, PF:68K # 68K, P:68K)
[4] 0.000138 +J(0) +M(C:0K, Fs:21, WS:84K # 84K, PF:224K # 224K, P:224K)
[5] 0.000473 +J(0) +M(C:0K, Fs:9, WS:36K # 36K, PF:16K # 16K, P:16K)
[6] 0.005502 +J(0) +M(C:0K, Fs:23, WS:92K # 92K, PF:12K # 12K, P:12K)
[7] 0.063378 -0.054453 (11) WT +J(0) +M(C:0K, Fs:1300, WS:5188K # 5188K, PF:5132K # 5132K, P:5132K)
[8] 0.105334 -0.065682 (59) WT +J(CM:0, PgRf:0, Rd:0/0, Dy:0/0, Lg:592100/1050) +M(C:0K, Fs:1086, WS:396K # 428K, PF:248K # 280K, P:248K)
[9] 0.002332 +J(0) +M(C:0K, Fs:4, WS:16K # 0K, PF:4K # 0K, P:4K)
[10] 0.025655 -0.019528 (10) WT +J(0) +M(C:0K, Fs:8, WS:-5084K # 16K, PF:-5120K # 0K, P:-5120K)
[11] 0.000026 +J(CM:0, PgRf:0, Rd:0/0, Dy:0/0, Lg:49/1) +M(C:0K, Fs:2, WS:8K # 0K, PF:0K # 0K, P:0K)
[12] 0.000032 +J(0)
[13] 0.094639 -0.003287 (2) CM -0.049472 (30) WT +J(CM:2, PgRf:2, Rd:0/2, Dy:0/0, Lg:8759/5) +M(C:-56K, Fs:1350, WS:40K # 52K, PF:84K # 72K, P:84K)
[14] 0.000025 +J(0)
[15] 0.000037 +J(0)
[16] 0.000737 -0.000353 (1) WT +J(0) +M(C:0K, Fs:2, WS:0K # 0K, PF:0K # 0K, P:0K).","lgposV2[] = 00000001:0001:0000 - 00000001:0092:0309 - 00000001:0093:0000 - 00000001:0093:0000 (00000000:0000:0000)
cReInits = 41
",,,,,,,,,,,,,,,,,,,,,,,,,,,,,,,,,,,,,,,,
2026-09-01T23:59:46.419241Z,"{'#attributes': {'Qualifiers': 0}, '#text': 326}",dc.scaffold.htb,ESENT,Application,8658,4,,,,,,,,,,,,svchost,"2024,D,50",,,,,,,,,,,WDS: ,,,,1,C:\RemoteInstall\Stores\Metadata\WDSMD.mdb,0,"
[1] 0.000003 +J(0)
[2] 0.000874 -0.000707 (1) WT +J(0) +M(C:0K, Fs:24, WS:32K # 0K, PF:32K # 0K, P:32K)
[3] 0.033555 -0.027053 (6) WT +J(CM:0, PgRf:0, Rd:0/0, Dy:0/0, Lg:3480/2) +M(C:0K, Fs:14, WS:24K # 0K, PF:20K # 0K, P:20K)
[4] 0.000095 +J(0)
[5] -
[6] -
[7] -
[8] 0.005133 -0.004848 (2) CM -0.004736 (2) WT +J(CM:2, PgRf:2, Rd:4/2, Dy:0/0, Lg:54/1) +M(C:120K, Fs:46, WS:128K # 0K, PF:140K # 0K, P:140K)
[9] 0.012380 -0.011799 (2) CM -0.011657 (2) WT +J(CM:2, PgRf:16, Rd:0/2, Dy:0/0, Lg:0/0) +M(C:-16K, Fs:40, WS:80K # 0K, PF:208K # 0K, P:208K)
[10] 0.001228 -0.001117 (1) CM -0.001063 (1) WT +J(CM:1, PgRf:35, Rd:0/1, Dy:0/0, Lg:0/0) +M(C:-28K, Fs:4, WS:-12K # 0K, PF:36K # 0K, P:36K)
[11] 0.000014 +J(CM:0, PgRf:1, Rd:0/0, Dy:0/0, Lg:0/0) +M(C:0K, Fs:3, WS:12K # 0K, PF:0K # 0K, P:0K)
[12] 0.000072 +J(CM:0, PgRf:42, Rd:0/0, Dy:0/0, Lg:0/0) +M(C:0K, Fs:1, WS:4K # 0K, PF:0K # 0K, P:0K)
[13] 0.000001 +J(0)
[14] 0.0 +J(0)
[15] 0.000005 +J(CM:0, PgRf:1, Rd:0/0, Dy:0/0, Lg:0/0).",1 0,"lgposAttach = 00000001:0095:0268,
dbv = 1568.180.400 (9360)",,,,,,,,,,,,,,,,,,,,,,,,,,,,,,,,,,,,,,
2026-09-01T23:59:46.450490Z,"{'#attributes': {'Qualifiers': 16641}, '#text': 517}",dc.scaffold.htb,WDSServer,Application,8659,4,,,,,,,,,,,,WDSMDMGR,C:\Windows\system32\wdsmdmgr.dll,,,,,,,,,,,,,,,,,,,,,,,,,,,,,,,,,,,,,,,,,,,,,,,,,,,,,,,,,,
2026-09-01T23:59:46.014855Z,5615,dc.scaffold.htb,Microsoft-Windows-WMI,Application,8660,4,,,,,,,,,,,,,,,,,,,,,,,,,,,,,,,,,,,,,,,,,,,,,,,,,,,,,,,,,,,,,,,,,,,,,,,
2026-09-01T23:59:46.544239Z,"{'#attributes': {'Qualifiers': 16641}, '#text': 517}",dc.scaffold.htb,WDSServer,Application,8661,4,,,,,,,,,,,,WDSTFTP,C:\Windows\system32\wdstftp.dll,,,,,,,,,,,,,,,,,,,,,,,,,,,,,,,,,,,,,,,,,,,,,,,,,,,,,,,,,,
2026-09-01T23:59:47.029248Z,"{'#attributes': {'Qualifiers': 16384}, '#text': 781}",dc.scaffold.htb,Microsoft-Windows-Complus,Application,8662,4,,,,,,,,,,,,,,,,,,,,,,,,,,,,,,,,,,,,,,,,,,,,,,,,,,,,,,,,,,,,86400,,,,SuppressDuplicateDuration,Software\Microsoft\COM3\Eventlog,,,,,,
2026-09-01T23:59:47.326641Z,5617,dc.scaffold.htb,Microsoft-Windows-WMI,Application,8663,4,,,,,,,,,,,,,,,,,,,,,,,,,,,,,,,,,,,,,,,,,,,,,,,,,,,,,,,,,,,,,,,,,,,,,,,
2026-09-01T23:59:48.544244Z,"{'#attributes': {'Qualifiers': 16384}, '#text': 4202}",dc.scaffold.htb,Microsoft-Windows-MSDTC 2,Application,8664,4,,,,,,,,,,,,,,,,,,,,,,,,,,,,,,,,,,,,,,,,,,,,,,,,,,,,,,,,,,,,0,0,0,1,0,0,0,0,0,1,Mutual Authentication Required,NT AUTHORITY\NetworkService
2026-09-01T23:59:49.644352Z,"{'#attributes': {'Qualifiers': 0}, '#text': 258}",dc.scaffold.htb,VMUpgradeHelper,Application,8665,4,,,,,,,,,,,,,,,,,,,,,,,,,,,,,,,,,,,,,,,,,,,,,,,,,,,,,,,,,,,,,,,,,,,,,,,
2026-09-01T23:59:50.622416Z,"{'#attributes': {'Qualifiers': 0}, '#text': 0}",dc.scaffold.htb,Microsoft Deployment Toolkit Monitor Service,Application,8666,4,,,,,,,,,,,Service started successfully.,,,,,,,,,,,,,,,,,,,,,,,,,,,,,,,,,,,,,,,,,,,,,,,,,,,,,,,,,,,,
2026-09-01T23:59:50.747366Z,"{'#attributes': {'Qualifiers': 0}, '#text': 271}",dc.scaffold.htb,VMUpgradeHelper,Application,8667,4,,,,,,,,,,,,,,,,,,,,,,,,,,,,,,,,,,,,,,,,,,,,,,,,,,,,,,,,,,,,,,,,,,,,,,,
2026-09-02T00:00:04.028617Z,"{'#attributes': {'Qualifiers': 0}, '#text': 1000}",dc.scaffold.htb,VGAuth,Application,8668,0,,,,,,,,,,,vmtoolsd: Username and password mismatch for 'Administrator',,,,,,,,,,,,,,,,,,,,,,,,,,,,,,,,,,,,,,,,,,,,,,,,,,,,,,,,,,,,
2026-09-02T00:00:04.309866Z,"{'#attributes': {'Qualifiers': 16384}, '#text': 9027}",dc.scaffold.htb,Desktop Window Manager,Application,8669,4,,,,,,,,,,,,,,,,,,,,,,,,,,,,,,,,,,,,,,,,,,,,,,,,,,,,,,,,,,,,,,,,,,,,,,,
