2026-09-02T00:02:18.997365Z,"{'#attributes': {'Qualifiers': 16384}, '#text': 902}",dc.scaffold.htb,Microsoft-Windows-Security-SPP,Application,8937,0,,,,,,,,,,,10.0.20348.587,,,,,,,,,,,,,,,,,,,,,,,,,,,,,,,,,,,,,,,,,,,,,,,,,,,,,,,,,,,,
2026-09-02T00:02:21.731739Z,"{'#attributes': {'Qualifiers': 0}, '#text': 1000}",dc.scaffold.htb,VGAuth,Application,8938,0,,,,,,,,,,,vmtoolsd: Username and password successfully validated for 'Administrator',,,,,,,,,,,,,,,,,,,,,,,,,,,,,,,,,,,,,,,,,,,,,,,,,,,,,,,,,,,,
2026-09-02T00:02:22.184863Z,"{'#attributes': {'Qualifiers': 0}, '#text': 1000}",dc.scaffold.htb,VGAuth,Application,8939,0,,,,,,,,,,,vmtoolsd: Username and password successfully validated for 'Administrator',,,,,,,,,,,,,,,,,,,,,,,,,,,,,,,,,,,,,,,,,,,,,,,,,,,,,,,,,,,,
2026-09-02T00:02:22.247364Z,"{'#attributes': {'Qualifiers': 0}, '#text': 1000}",dc.scaffold.htb,VGAuth,Application,8940,0,,,,,,,,,,,vmtoolsd: Username and password successfully validated for 'Administrator',,,,,,,,,,,,,,,,,,,,,,,,,,,,,,,,,,,,,,,,,,,,,,,,,,,,,,,,,,,,
2026-09-02T00:02:22.294240Z,"{'#attributes': {'Qualifiers': 0}, '#text': 1000}",dc.scaffold.htb,VGAuth,Application,8941,0,,,,,,,,,,,vmtoolsd: Username and password successfully validated for 'Administrator',,,,,,,,,,,,,,,,,,,,,,,,,,,,,,,,,,,,,,,,,,,,,,,,,,,,,,,,,,,,
2026-09-02T00:02:22.341116Z,"{'#attributes': {'Qualifiers': 0}, '#text': 1000}",dc.scaffold.htb,VGAuth,Application,8942,0,,,,,,,,,,,vmtoolsd: Username and password successfully validated for 'Administrator',,,,,,,,,,,,,,,,,,,,,,,,,,,,,,,,,,,,,,,,,,,,,,,,,,,,,,,,,,,,
2026-09-02T00:02:22.403612Z,"{'#attributes': {'Qualifiers': 0}, '#text': 1000}",dc.scaffold.htb,VGAuth,Application,8943,0,,,,,,,,,,,vmtoolsd: Username and password successfully validated for 'Administrator',,,,,,,,,,,,,,,,,,,,,,,,,,,,,,,,,,,,,,,,,,,,,,,,,,,,,,,,,,,,
2026-09-02T00:02:22.450487Z,"{'#attributes': {'Qualifiers': 0}, '#text': 1000}",dc.scaffold.htb,VGAuth,Application,8944,0,,,,,,,,,,,vmtoolsd: Username and password successfully validated for 'Administrator',,,,,,,,,,,,,,,,,,,,,,,,,,,,,,,,,,,,,,,,,,,,,,,,,,,,,,,,,,,,
2026-09-02T00:02:22.497363Z,"{'#attributes': {'Qualifiers': 0}, '#text': 1000}",dc.scaffold.htb,VGAuth,Application,8945,0,,,,,,,,,,,vmtoolsd: Username and password successfully validated for 'Administrator',,,,,,,,,,,,,,,,,,,,,,,,,,,,,,,,,,,,,,,,,,,,,,,,,,,,,,,,,,,,
2026-09-02T00:02:22.544239Z,"{'#attributes': {'Qualifiers': 0}, '#text': 1000}",dc.scaffold.htb,VGAuth,Application,8946,0,,,,,,,,,,,vmtoolsd: Username and password successfully validated for 'Administrator',,,,,,,,,,,,,,,,,,,,,,,,,,,,,,,,,,,,,,,,,,,,,,,,,,,,,,,,,,,,
2026-09-02T00:02:22.591115Z,"{'#attributes': {'Qualifiers': 0}, '#text': 1000}",dc.scaffold.htb,VGAuth,Application,8947,0,,,,,,,,,,,vmtoolsd: Username and password successfully validated for 'Administrator',,,,,,,,,,,,,,,,,,,,,,,,,,,,,,,,,,,,,,,,,,,,,,,,,,,,,,,,,,,,
2026-09-02T00:02:22.637994Z,"{'#attributes': {'Qualifiers': 0}, '#text': 1000}",dc.scaffold.htb,VGAuth,Application,8948,0,,,,,,,,,,,vmtoolsd: Username and password successfully validated for 'Administrator',,,,,,,,,,,,,,,,,,,,,,,,,,,,,,,,,,,,,,,,,,,,,,,,,,,,,,,,,,,,
2026-09-02T00:02:22.700490Z,"{'#attributes': {'Qualifiers': 0}, '#text': 1000}",dc.scaffold.htb,VGAuth,Application,8949,0,,,,,,,,,,,vmtoolsd: Username and password successfully validated for 'Administrator',,,,,,,,,,,,,,,,,,,,,,,,,,,,,,,,,,,,,,,,,,,,,,,,,,,,,,,,,,,,
2026-09-02T00:02:22.731741Z,"{'#attributes': {'Qualifiers': 0}, '#text': 1000}",dc.scaffold.htb,VGAuth,Application,8950,0,,,,,,,,,,,vmtoolsd: Username and password successfully validated for 'Administrator',,,,,,,,,,,,,,,,,,,,,,,,,,,,,,,,,,,,,,,,,,,,,,,,,,,,,,,,,,,,
2026-09-02T00:02:22.778613Z,"{'#attributes': {'Qualifiers': 0}, '#text': 1000}",dc.scaffold.htb,VGAuth,Application,8951,0,,,,,,,,,,,vmtoolsd: Username and password successfully validated for 'Administrator',,,,,,,,,,,,,,,,,,,,,,,,,,,,,,,,,,,,,,,,,,,,,,,,,,,,,,,,,,,,
2026-09-02T00:02:22.856739Z,"{'#attributes': {'Qualifiers': 0}, '#text': 1000}",dc.scaffold.htb,VGAuth,Application,8952,0,,,,,,,,,,,vmtoolsd: Username and password successfully validated for 'Administrator',,,,,,,,,,,,,,,,,,,,,,,,,,,,,,,,,,,,,,,,,,,,,,,,,,,,,,,,,,,,
2026-09-02T00:02:22.903615Z,"{'#attributes': {'Qualifiers': 0}, '#text': 1000}",dc.scaffold.htb,VGAuth,Application,8953,0,,,,,,,,,,,vmtoolsd: Username and password successfully validated for 'Administrator',,,,,,,,,,,,,,,,,,,,,,,,,,,,,,,,,,,,,,,,,,,,,,,,,,,,,,,,,,,,
2026-09-02T00:02:22.950490Z,"{'#attributes': {'Qualifiers': 0}, '#text': 1000}",dc.scaffold.htb,VGAuth,Application,8954,0,,,,,,,,,,,vmtoolsd: Username and password successfully validated for 'Administrator',,,,,,,,,,,,,,,,,,,,,,,,,,,,,,,,,,,,,,,,,,,,,,,,,,,,,,,,,,,,
2026-09-02T00:02:22.981737Z,"{'#attributes': {'Qualifiers': 0}, '#text': 1000}",dc.scaffold.htb,VGAuth,Application,8955,0,,,,,,,,,,,vmtoolsd: Username and password successfully validated for 'Administrator',,,,,,,,,,,,,,,,,,,,,,,,,,,,,,,,,,,,,,,,,,,,,,,,,,,,,,,,,,,,
2026-09-02T00:02:23.075490Z,"{'#attributes': {'Qualifiers': 0}, '#text': 1000}",dc.scaffold.htb,VGAuth,Application,8956,0,,,,,,,,,,,vmtoolsd: Username and password successfully validated for 'Administrator',,,,,,,,,,,,,,,,,,,,,,,,,,,,,,,,,,,,,,,,,,,,,,,,,,,,,,,,,,,,
2026-09-02T00:02:23.106738Z,"{'#attributes': {'Qualifiers': 0}, '#text': 1000}",dc.scaffold.htb,VGAuth,Application,8957,0,,,,,,,,,,,vmtoolsd: Username and password successfully validated for 'Administrator',,,,,,,,,,,,,,,,,,,,,,,,,,,,,,,,,,,,,,,,,,,,,,,,,,,,,,,,,,,,
2026-09-02T00:02:23.137988Z,"{'#attributes': {'Qualifiers': 0}, '#text': 1000}",dc.scaffold.htb,VGAuth,Application,8958,0,,,,,,,,,,,vmtoolsd: Username and password successfully validated for 'Administrator',,,,,,,,,,,,,,,,,,,,,,,,,,,,,,,,,,,,,,,,,,,,,,,,,,,,,,,,,,,,
2026-09-02T00:02:35.309863Z,"{'#attributes': {'Qualifiers': 0}, '#text': 1000}",dc.scaffold.htb,VGAuth,Application,8959,0,,,,,,,,,,,vmtoolsd: Username and password successfully validated for 'Administrator',,,,,,,,,,,,,,,,,,,,,,,,,,,,,,,,,,,,,,,,,,,,,,,,,,,,,,,,,,,,
2026-09-02T00:02:35.716115Z,"{'#attributes': {'Qualifiers': 0}, '#text': 1000}",dc.scaffold.htb,VGAuth,Application,8960,0,,,,,,,,,,,vmtoolsd: Username and password successfully validated for 'Administrator',,,,,,,,,,,,,,,,,,,,,,,,,,,,,,,,,,,,,,,,,,,,,,,,,,,,,,,,,,,,
2026-09-02T00:02:35.762992Z,"{'#attributes': {'Qualifiers': 0}, '#text': 1000}",dc.scaffold.htb,VGAuth,Application,8961,0,,,,,,,,,,,vmtoolsd: Username and password successfully validated for 'Administrator',,,,,,,,,,,,,,,,,,,,,,,,,,,,,,,,,,,,,,,,,,,,,,,,,,,,,,,,,,,,
2026-09-02T00:02:35.809863Z,"{'#attributes': {'Qualifiers': 0}, '#text': 1000}",dc.scaffold.htb,VGAuth,Application,8962,0,,,,,,,,,,,vmtoolsd: Username and password successfully validated for 'Administrator',,,,,,,,,,,,,,,,,,,,,,,,,,,,,,,,,,,,,,,,,,,,,,,,,,,,,,,,,,,,
2026-09-02T00:02:35.856747Z,"{'#attributes': {'Qualifiers': 0}, '#text': 1000}",dc.scaffold.htb,VGAuth,Application,8963,0,,,,,,,,,,,vmtoolsd: Username and password successfully validated for 'Administrator',,,,,,,,,,,,,,,,,,,,,,,,,,,,,,,,,,,,,,,,,,,,,,,,,,,,,,,,,,,,
2026-09-02T00:02:35.903613Z,"{'#attributes': {'Qualifiers': 0}, '#text': 1000}",dc.scaffold.htb,VGAuth,Application,8964,0,,,,,,,,,,,vmtoolsd: Username and password successfully validated for 'Administrator',,,,,,,,,,,,,,,,,,,,,,,,,,,,,,,,,,,,,,,,,,,,,,,,,,,,,,,,,,,,
2026-09-02T00:02:35.950489Z,"{'#attributes': {'Qualifiers': 0}, '#text': 1000}",dc.scaffold.htb,VGAuth,Application,8965,0,,,,,,,,,,,vmtoolsd: Username and password successfully validated for 'Administrator',,,,,,,,,,,,,,,,,,,,,,,,,,,,,,,,,,,,,,,,,,,,,,,,,,,,,,,,,,,,
2026-09-02T00:02:35.981739Z,"{'#attributes': {'Qualifiers': 0}, '#text': 1000}",dc.scaffold.htb,VGAuth,Application,8966,0,,,,,,,,,,,vmtoolsd: Username and password successfully validated for 'Administrator',,,,,,,,,,,,,,,,,,,,,,,,,,,,,,,,,,,,,,,,,,,,,,,,,,,,,,,,,,,,
2026-09-02T00:02:36.044242Z,"{'#attributes': {'Qualifiers': 0}, '#text': 1000}",dc.scaffold.htb,VGAuth,Application,8967,0,,,,,,,,,,,vmtoolsd: Username and password successfully validated for 'Administrator',,,,,,,,,,,,,,,,,,,,,,,,,,,,,,,,,,,,,,,,,,,,,,,,,,,,,,,,,,,,
2026-09-02T00:02:36.091115Z,"{'#attributes': {'Qualifiers': 0}, '#text': 1000}",dc.scaffold.htb,VGAuth,Application,8968,0,,,,,,,,,,,vmtoolsd: Username and password successfully validated for 'Administrator',,,,,,,,,,,,,,,,,,,,,,,,,,,,,,,,,,,,,,,,,,,,,,,,,,,,,,,,,,,,
2026-09-02T00:02:36.137997Z,"{'#attributes': {'Qualifiers': 0}, '#text': 1000}",dc.scaffold.htb,VGAuth,Application,8969,0,,,,,,,,,,,vmtoolsd: Username and password successfully validated for 'Administrator',,,,,,,,,,,,,,,,,,,,,,,,,,,,,,,,,,,,,,,,,,,,,,,,,,,,,,,,,,,,
2026-09-02T00:02:36.169241Z,"{'#attributes': {'Qualifiers': 0}, '#text': 1000}",dc.scaffold.htb,VGAuth,Application,8970,0,,,,,,,,,,,vmtoolsd: Username and password successfully validated for 'Administrator',,,,,,,,,,,,,,,,,,,,,,,,,,,,,,,,,,,,,,,,,,,,,,,,,,,,,,,,,,,,
2026-09-02T00:02:36.231742Z,"{'#attributes': {'Qualifiers': 0}, '#text': 1000}",dc.scaffold.htb,VGAuth,Application,8971,0,,,,,,,,,,,vmtoolsd: Username and password successfully validated for 'Administrator',,,,,,,,,,,,,,,,,,,,,,,,,,,,,,,,,,,,,,,,,,,,,,,,,,,,,,,,,,,,
2026-09-02T00:02:36.278614Z,"{'#attributes': {'Qualifiers': 0}, '#text': 1000}",dc.scaffold.htb,VGAuth,Application,8972,0,,,,,,,,,,,vmtoolsd: Username and password successfully validated for 'Administrator',,,,,,,,,,,,,,,,,,,,,,,,,,,,,,,,,,,,,,,,,,,,,,,,,,,,,,,,,,,,
2026-09-02T00:02:36.325492Z,"{'#attributes': {'Qualifiers': 0}, '#text': 1000}",dc.scaffold.htb,VGAuth,Application,8973,0,,,,,,,,,,,vmtoolsd: Username and password successfully validated for 'Administrator',,,,,,,,,,,,,,,,,,,,,,,,,,,,,,,,,,,,,,,,,,,,,,,,,,,,,,,,,,,,
2026-09-02T00:02:36.372364Z,"{'#attributes': {'Qualifiers': 0}, '#text': 1000}",dc.scaffold.htb,VGAuth,Application,8974,0,,,,,,,,,,,vmtoolsd: Username and password successfully validated for 'Administrator',,,,,,,,,,,,,,,,,,,,,,,,,,,,,,,,,,,,,,,,,,,,,,,,,,,,,,,,,,,,
2026-09-02T00:02:36.419240Z,"{'#attributes': {'Qualifiers': 0}, '#text': 1000}",dc.scaffold.htb,VGAuth,Application,8975,0,,,,,,,,,,,vmtoolsd: Username and password successfully validated for 'Administrator',,,,,,,,,,,,,,,,,,,,,,,,,,,,,,,,,,,,,,,,,,,,,,,,,,,,,,,,,,,,
2026-09-02T00:02:36.466112Z,"{'#attributes': {'Qualifiers': 0}, '#text': 1000}",dc.scaffold.htb,VGAuth,Application,8976,0,,,,,,,,,,,vmtoolsd: Username and password successfully validated for 'Administrator',,,,,,,,,,,,,,,,,,,,,,,,,,,,,,,,,,,,,,,,,,,,,,,,,,,,,,,,,,,,
2026-09-02T00:02:36.513001Z,"{'#attributes': {'Qualifiers': 0}, '#text': 1000}",dc.scaffold.htb,VGAuth,Application,8977,0,,,,,,,,,,,vmtoolsd: Username and password successfully validated for 'Administrator',,,,,,,,,,,,,,,,,,,,,,,,,,,,,,,,,,,,,,,,,,,,,,,,,,,,,,,,,,,,
2026-09-02T00:02:36.544240Z,"{'#attributes': {'Qualifiers': 0}, '#text': 1000}",dc.scaffold.htb,VGAuth,Application,8978,0,,,,,,,,,,,vmtoolsd: Username and password successfully validated for 'Administrator',,,,,,,,,,,,,,,,,,,,,,,,,,,,,,,,,,,,,,,,,,,,,,,,,,,,,,,,,,,,
2026-09-02T00:02:36.591113Z,"{'#attributes': {'Qualifiers': 0}, '#text': 1000}",dc.scaffold.htb,VGAuth,Application,8979,0,,,,,,,,,,,vmtoolsd: Username and password successfully validated for 'Administrator',,,,,,,,,,,,,,,,,,,,,,,,,,,,,,,,,,,,,,,,,,,,,,,,,,,,,,,,,,,,
2026-09-02T00:02:40.200488Z,"{'#attributes': {'Qualifiers': 0}, '#text': 1000}",dc.scaffold.htb,VGAuth,Application,8980,0,,,,,,,,,,,vmtoolsd: Username and password successfully validated for 'Administrator',,,,,,,,,,,,,,,,,,,,,,,,,,,,,,,,,,,,,,,,,,,,,,,,,,,,,,,,,,,,
2026-09-02T00:02:40.684863Z,"{'#attributes': {'Qualifiers': 0}, '#text': 1000}",dc.scaffold.htb,VGAuth,Application,8981,0,,,,,,,,,,,vmtoolsd: Username and password successfully validated for 'Administrator',,,,,,,,,,,,,,,,,,,,,,,,,,,,,,,,,,,,,,,,,,,,,,,,,,,,,,,,,,,,
2026-09-02T00:02:40.731739Z,"{'#attributes': {'Qualifiers': 0}, '#text': 1000}",dc.scaffold.htb,VGAuth,Application,8982,0,,,,,,,,,,,vmtoolsd: Username and password successfully validated for 'Administrator',,,,,,,,,,,,,,,,,,,,,,,,,,,,,,,,,,,,,,,,,,,,,,,,,,,,,,,,,,,,
2026-09-02T00:02:40.778614Z,"{'#attributes': {'Qualifiers': 0}, '#text': 1000}",dc.scaffold.htb,VGAuth,Application,8983,0,,,,,,,,,,,vmtoolsd: Username and password successfully validated for 'Administrator',,,,,,,,,,,,,,,,,,,,,,,,,,,,,,,,,,,,,,,,,,,,,,,,,,,,,,,,,,,,
2026-09-02T00:02:40.809863Z,"{'#attributes': {'Qualifiers': 0}, '#text': 1000}",dc.scaffold.htb,VGAuth,Application,8984,0,,,,,,,,,,,vmtoolsd: Username and password successfully validated for 'Administrator',,,,,,,,,,,,,,,,,,,,,,,,,,,,,,,,,,,,,,,,,,,,,,,,,,,,,,,,,,,,
2026-09-02T00:02:40.872369Z,"{'#attributes': {'Qualifiers': 0}, '#text': 1000}",dc.scaffold.htb,VGAuth,Application,8985,0,,,,,,,,,,,vmtoolsd: Username and password successfully validated for 'Administrator',,,,,,,,,,,,,,,,,,,,,,,,,,,,,,,,,,,,,,,,,,,,,,,,,,,,,,,,,,,,
2026-09-02T00:02:40.903614Z,"{'#attributes': {'Qualifiers': 0}, '#text': 1000}",dc.scaffold.htb,VGAuth,Application,8986,0,,,,,,,,,,,vmtoolsd: Username and password successfully validated for 'Administrator',,,,,,,,,,,,,,,,,,,,,,,,,,,,,,,,,,,,,,,,,,,,,,,,,,,,,,,,,,,,
2026-09-02T00:02:40.966116Z,"{'#attributes': {'Qualifiers': 0}, '#text': 1000}",dc.scaffold.htb,VGAuth,Application,8987,0,,,,,,,,,,,vmtoolsd: Username and password successfully validated for 'Administrator',,,,,,,,,,,,,,,,,,,,,,,,,,,,,,,,,,,,,,,,,,,,,,,,,,,,,,,,,,,,
2026-09-02T00:02:40.997363Z,"{'#attributes': {'Qualifiers': 0}, '#text': 1000}",dc.scaffold.htb,VGAuth,Application,8988,0,,,,,,,,,,,vmtoolsd: Username and password successfully validated for 'Administrator',,,,,,,,,,,,,,,,,,,,,,,,,,,,,,,,,,,,,,,,,,,,,,,,,,,,,,,,,,,,
2026-09-02T00:02:41.059869Z,"{'#attributes': {'Qualifiers': 0}, '#text': 1000}",dc.scaffold.htb,VGAuth,Application,8989,0,,,,,,,,,,,vmtoolsd: Username and password successfully validated for 'Administrator',,,,,,,,,,,,,,,,,,,,,,,,,,,,,,,,,,,,,,,,,,,,,,,,,,,,,,,,,,,,
2026-09-02T00:02:41.106739Z,"{'#attributes': {'Qualifiers': 0}, '#text': 1000}",dc.scaffold.htb,VGAuth,Application,8990,0,,,,,,,,,,,vmtoolsd: Username and password successfully validated for 'Administrator',,,,,,,,,,,,,,,,,,,,,,,,,,,,,,,,,,,,,,,,,,,,,,,,,,,,,,,,,,,,
2026-09-02T00:02:41.137990Z,"{'#attributes': {'Qualifiers': 0}, '#text': 1000}",dc.scaffold.htb,VGAuth,Application,8991,0,,,,,,,,,,,vmtoolsd: Username and password successfully validated for 'Administrator',,,,,,,,,,,,,,,,,,,,,,,,,,,,,,,,,,,,,,,,,,,,,,,,,,,,,,,,,,,,
2026-09-02T00:02:41.200491Z,"{'#attributes': {'Qualifiers': 0}, '#text': 1000}",dc.scaffold.htb,VGAuth,Application,8992,0,,,,,,,,,,,vmtoolsd: Username and password successfully validated for 'Administrator',,,,,,,,,,,,,,,,,,,,,,,,,,,,,,,,,,,,,,,,,,,,,,,,,,,,,,,,,,,,
2026-09-02T00:02:41.231742Z,"{'#attributes': {'Qualifiers': 0}, '#text': 1000}",dc.scaffold.htb,VGAuth,Application,8993,0,,,,,,,,,,,vmtoolsd: Username and password successfully validated for 'Administrator',,,,,,,,,,,,,,,,,,,,,,,,,,,,,,,,,,,,,,,,,,,,,,,,,,,,,,,,,,,,
2026-09-02T00:02:41.294239Z,"{'#attributes': {'Qualifiers': 0}, '#text': 1000}",dc.scaffold.htb,VGAuth,Application,8994,0,,,,,,,,,,,vmtoolsd: Username and password successfully validated for 'Administrator',,,,,,,,,,,,,,,,,,,,,,,,,,,,,,,,,,,,,,,,,,,,,,,,,,,,,,,,,,,,
2026-09-02T00:02:41.341112Z,"{'#attributes': {'Qualifiers': 0}, '#text': 1000}",dc.scaffold.htb,VGAuth,Application,8995,0,,,,,,,,,,,vmtoolsd: Username and password successfully validated for 'Administrator',,,,,,,,,,,,,,,,,,,,,,,,,,,,,,,,,,,,,,,,,,,,,,,,,,,,,,,,,,,,
2026-09-02T00:02:41.372365Z,"{'#attributes': {'Qualifiers': 0}, '#text': 1000}",dc.scaffold.htb,VGAuth,Application,8996,0,,,,,,,,,,,vmtoolsd: Username and password successfully validated for 'Administrator',,,,,,,,,,,,,,,,,,,,,,,,,,,,,,,,,,,,,,,,,,,,,,,,,,,,,,,,,,,,
2026-09-02T00:02:41.434866Z,"{'#attributes': {'Qualifiers': 0}, '#text': 1000}",dc.scaffold.htb,VGAuth,Application,8997,0,,,,,,,,,,,vmtoolsd: Username and password successfully validated for 'Administrator',,,,,,,,,,,,,,,,,,,,,,,,,,,,,,,,,,,,,,,,,,,,,,,,,,,,,,,,,,,,
2026-09-02T00:02:41.481742Z,"{'#attributes': {'Qualifiers': 0}, '#text': 1000}",dc.scaffold.htb,VGAuth,Application,8998,0,,,,,,,,,,,vmtoolsd: Username and password successfully validated for 'Administrator',,,,,,,,,,,,,,,,,,,,,,,,,,,,,,,,,,,,,,,,,,,,,,,,,,,,,,,,,,,,
2026-09-02T00:02:41.512991Z,"{'#attributes': {'Qualifiers': 0}, '#text': 1000}",dc.scaffold.htb,VGAuth,Application,8999,0,,,,,,,,,,,vmtoolsd: Username and password successfully validated for 'Administrator',,,,,,,,,,,,,,,,,,,,,,,,,,,,,,,,,,,,,,,,,,,,,,,,,,,,,,,,,,,,
2026-09-02T00:02:41.575491Z,"{'#attributes': {'Qualifiers': 0}, '#text': 1000}",dc.scaffold.htb,VGAuth,Application,9000,0,,,,,,,,,,,vmtoolsd: Username and password successfully validated for 'Administrator',,,,,,,,,,,,,,,,,,,,,,,,,,,,,,,,,,,,,,,,,,,,,,,,,,,,,,,,,,,,
2026-09-02T00:02:42.450489Z,"{'#attributes': {'Qualifiers': 0}, '#text': 1000}",dc.scaffold.htb,VGAuth,Application,9001,0,,,,,,,,,,,vmtoolsd: Username and password successfully validated for 'Administrator',,,,,,,,,,,,,,,,,,,,,,,,,,,,,,,,,,,,,,,,,,,,,,,,,,,,,,,,,,,,
2026-09-02T00:02:46.216116Z,"{'#attributes': {'Qualifiers': 0}, '#text': 1000}",dc.scaffold.htb,VGAuth,Application,9002,0,,,,,,,,,,,vmtoolsd: Username and password successfully validated for 'Administrator',,,,,,,,,,,,,,,,,,,,,,,,,,,,,,,,,,,,,,,,,,,,,,,,,,,,,,,,,,,,
2026-09-02T00:02:46.622366Z,"{'#attributes': {'Qualifiers': 0}, '#text': 1000}",dc.scaffold.htb,VGAuth,Application,9003,0,,,,,,,,,,,vmtoolsd: Username and password successfully validated for 'Administrator',,,,,,,,,,,,,,,,,,,,,,,,,,,,,,,,,,,,,,,,,,,,,,,,,,,,,,,,,,,,
2026-09-02T00:02:46.669240Z,"{'#attributes': {'Qualifiers': 0}, '#text': 1000}",dc.scaffold.htb,VGAuth,Application,9004,0,,,,,,,,,,,vmtoolsd: Username and password successfully validated for 'Administrator',,,,,,,,,,,,,,,,,,,,,,,,,,,,,,,,,,,,,,,,,,,,,,,,,,,,,,,,,,,,
2026-09-02T00:02:46.716112Z,"{'#attributes': {'Qualifiers': 0}, '#text': 1000}",dc.scaffold.htb,VGAuth,Application,9005,0,,,,,,,,,,,vmtoolsd: Username and password successfully validated for 'Administrator',,,,,,,,,,,,,,,,,,,,,,,,,,,,,,,,,,,,,,,,,,,,,,,,,,,,,,,,,,,,
2026-09-02T00:02:46.778614Z,"{'#attributes': {'Qualifiers': 0}, '#text': 1000}",dc.scaffold.htb,VGAuth,Application,9006,0,,,,,,,,,,,vmtoolsd: Username and password successfully validated for 'Administrator',,,,,,,,,,,,,,,,,,,,,,,,,,,,,,,,,,,,,,,,,,,,,,,,,,,,,,,,,,,,
2026-09-02T00:02:46.825488Z,"{'#attributes': {'Qualifiers': 0}, '#text': 1000}",dc.scaffold.htb,VGAuth,Application,9007,0,,,,,,,,,,,vmtoolsd: Username and password successfully validated for 'Administrator',,,,,,,,,,,,,,,,,,,,,,,,,,,,,,,,,,,,,,,,,,,,,,,,,,,,,,,,,,,,
2026-09-02T00:02:46.887992Z,"{'#attributes': {'Qualifiers': 0}, '#text': 1000}",dc.scaffold.htb,VGAuth,Application,9008,0,,,,,,,,,,,vmtoolsd: Username and password successfully validated for 'Administrator',,,,,,,,,,,,,,,,,,,,,,,,,,,,,,,,,,,,,,,,,,,,,,,,,,,,,,,,,,,,
2026-09-02T00:02:50.309908Z,"{'#attributes': {'Qualifiers': 0}, '#text': 8224}",dc.scaffold.htb,VSS,Application,9009,4,,,,2D20436F64653A2020434F525356434330303030303737382D2043616C6C3A2020434F525356434330303030303736302D205049443A202030303030343830342D205449443A202030303030343832302D20434D443A2020433A5C57696E646F77735C73797374656D33325C76737376632E6578652020202D20557365723A204E616D653A204E5420415554484F524954595C53595354454D2C205349443A532D312D352D313820,,,,,,,,,,,,,,,,,,,,,,,,,,,,,,,,,,,,,,,,,,,,,,,,,,,,,,,,,,,,,,,,,,,
2026-09-02T00:02:50.700527Z,"{'#attributes': {'Qualifiers': 0}, '#text': 1000}",dc.scaffold.htb,VGAuth,Application,9010,0,,,,,,,,,,,vmtoolsd: Username and password successfully validated for 'Administrator',,,,,,,,,,,,,,,,,,,,,,,,,,,,,,,,,,,,,,,,,,,,,,,,,,,,,,,,,,,,
2026-09-02T00:02:53.278616Z,"{'#attributes': {'Qualifiers': 16384}, '#text': 16384}",dc.scaffold.htb,Microsoft-Windows-Security-SPP,Application,9011,4,,,,,,,,,,,,2026-09-02T23:54:53Z,RulesEngine,,,,,,,,,,,,,,,,,,,,,,,,,,,,,,,,,,,,,,,,,,,,,,,,,,,,,,,,,,
2026-09-02T00:02:53.294241Z,"{'#attributes': {'Qualifiers': 16384}, '#text': 903}",dc.scaffold.htb,Microsoft-Windows-Security-SPP,Application,9012,0,,,,,,,,,,,,,,,,,,,,,,,,,,,,,,,,,,,,,,,,,,,,,,,,,,,,,,,,,,,,,,,,,,,,,,,
2026-09-02T00:02:53.684879Z,"{'#attributes': {'Qualifiers': 49152}, '#text': 16394}",dc.scaffold.htb,Microsoft-Windows-Security-SPP,Application,9013,4,,,,,,,,,,,,,,,,,,,,,,,,,,,,,,,,,,,,,,,,,,,,,,,,,,,,,,,,,,,,,,,,,,,,,,,
2026-09-02T00:02:53.825495Z,"{'#attributes': {'Qualifiers': 49152}, '#text': 8198}",dc.scaffold.htb,Microsoft-Windows-Security-SPP,Application,9014,2,,,,,,,,,,,,hr=0x80004005,RuleId=31e71c49-8da7-4a2f-ad92-45d98a1c79ba;Action=AutoActivate;AppId=55c92734-d682-4d71-983e-d6ec3f16059f;SkuId=80f53cc1-120f-4e0e-875b-27c9f1caf7de;NotificationInterval=1440;Trigger=NetworkAvailable,,,,,,,,,,,,,,,,,,,,,,,,,,,,,,,,,,,,,,,,,,,,,,,,,,,,,,,,,,
2026-09-02T00:03:00.169239Z,"{'#attributes': {'Qualifiers': 49152}, '#text': 8198}",dc.scaffold.htb,Microsoft-Windows-Security-SPP,Application,9015,2,,,,,,,,,,,,hr=0x80004005,RuleId=31e71c49-8da7-4a2f-ad92-45d98a1c79ba;Action=AutoActivate;AppId=55c92734-d682-4d71-983e-d6ec3f16059f;SkuId=80f53cc1-120f-4e0e-875b-27c9f1caf7de;NotificationInterval=1440;Trigger=NetworkAvailable,,,,,,,,,,,,,,,,,,,,,,,,,,,,,,,,,,,,,,,,,,,,,,,,,,,,,,,,,,
2026-09-02T00:03:10.934864Z,"{'#attributes': {'Qualifiers': 0}, '#text': 1000}",dc.scaffold.htb,VGAuth,Application,9016,0,,,,,,,,,,,vmtoolsd: Username and password successfully validated for 'Administrator',,,,,,,,,,,,,,,,,,,,,,,,,,,,,,,,,,,,,,,,,,,,,,,,,,,,,,,,,,,,
2026-09-02T00:03:11.387986Z,"{'#attributes': {'Qualifiers': 0}, '#text': 1000}",dc.scaffold.htb,VGAuth,Application,9017,0,,,,,,,,,,,vmtoolsd: Username and password successfully validated for 'Administrator',,,,,,,,,,,,,,,,,,,,,,,,,,,,,,,,,,,,,,,,,,,,,,,,,,,,,,,,,,,,
2026-09-02T00:03:11.434865Z,"{'#attributes': {'Qualifiers': 0}, '#text': 1000}",dc.scaffold.htb,VGAuth,Application,9018,0,,,,,,,,,,,vmtoolsd: Username and password successfully validated for 'Administrator',,,,,,,,,,,,,,,,,,,,,,,,,,,,,,,,,,,,,,,,,,,,,,,,,,,,,,,,,,,,
2026-09-02T00:03:11.512992Z,"{'#attributes': {'Qualifiers': 0}, '#text': 1000}",dc.scaffold.htb,VGAuth,Application,9019,0,,,,,,,,,,,vmtoolsd: Username and password successfully validated for 'Administrator',,,,,,,,,,,,,,,,,,,,,,,,,,,,,,,,,,,,,,,,,,,,,,,,,,,,,,,,,,,,
2026-09-02T00:03:11.559864Z,"{'#attributes': {'Qualifiers': 0}, '#text': 1000}",dc.scaffold.htb,VGAuth,Application,9020,0,,,,,,,,,,,vmtoolsd: Username and password successfully validated for 'Administrator',,,,,,,,,,,,,,,,,,,,,,,,,,,,,,,,,,,,,,,,,,,,,,,,,,,,,,,,,,,,
2026-09-02T00:03:11.591112Z,"{'#attributes': {'Qualifiers': 0}, '#text': 1000}",dc.scaffold.htb,VGAuth,Application,9021,0,,,,,,,,,,,vmtoolsd: Username and password successfully validated for 'Administrator',,,,,,,,,,,,,,,,,,,,,,,,,,,,,,,,,,,,,,,,,,,,,,,,,,,,,,,,,,,,
2026-09-02T00:03:11.653612Z,"{'#attributes': {'Qualifiers': 0}, '#text': 1000}",dc.scaffold.htb,VGAuth,Application,9022,0,,,,,,,,,,,vmtoolsd: Username and password successfully validated for 'Administrator',,,,,,,,,,,,,,,,,,,,,,,,,,,,,,,,,,,,,,,,,,,,,,,,,,,,,,,,,,,,
2026-09-02T00:03:27.841118Z,"{'#attributes': {'Qualifiers': 0}, '#text': 1000}",dc.scaffold.htb,VGAuth,Application,9023,0,,,,,,,,,,,vmtoolsd: Username and password successfully validated for 'Administrator',,,,,,,,,,,,,,,,,,,,,,,,,,,,,,,,,,,,,,,,,,,,,,,,,,,,,,,,,,,,
2026-09-02T00:03:28.278616Z,"{'#attributes': {'Qualifiers': 0}, '#text': 1000}",dc.scaffold.htb,VGAuth,Application,9024,0,,,,,,,,,,,vmtoolsd: Username and password successfully validated for 'Administrator',,,,,,,,,,,,,,,,,,,,,,,,,,,,,,,,,,,,,,,,,,,,,,,,,,,,,,,,,,,,
2026-09-02T00:03:28.341117Z,"{'#attributes': {'Qualifiers': 0}, '#text': 1000}",dc.scaffold.htb,VGAuth,Application,9025,0,,,,,,,,,,,vmtoolsd: Username and password successfully validated for 'Administrator',,,,,,,,,,,,,,,,,,,,,,,,,,,,,,,,,,,,,,,,,,,,,,,,,,,,,,,,,,,,
2026-09-02T00:03:28.387990Z,"{'#attributes': {'Qualifiers': 0}, '#text': 1000}",dc.scaffold.htb,VGAuth,Application,9026,0,,,,,,,,,,,vmtoolsd: Username and password successfully validated for 'Administrator',,,,,,,,,,,,,,,,,,,,,,,,,,,,,,,,,,,,,,,,,,,,,,,,,,,,,,,,,,,,
2026-09-02T00:03:28.434902Z,"{'#attributes': {'Qualifiers': 0}, '#text': 1000}",dc.scaffold.htb,VGAuth,Application,9027,0,,,,,,,,,,,vmtoolsd: Username and password successfully validated for 'Administrator',,,,,,,,,,,,,,,,,,,,,,,,,,,,,,,,,,,,,,,,,,,,,,,,,,,,,,,,,,,,
2026-09-02T00:03:28.466115Z,"{'#attributes': {'Qualifiers': 0}, '#text': 1000}",dc.scaffold.htb,VGAuth,Application,9028,0,,,,,,,,,,,vmtoolsd: Username and password successfully validated for 'Administrator',,,,,,,,,,,,,,,,,,,,,,,,,,,,,,,,,,,,,,,,,,,,,,,,,,,,,,,,,,,,
2026-09-02T00:03:28.512989Z,"{'#attributes': {'Qualifiers': 0}, '#text': 1000}",dc.scaffold.htb,VGAuth,Application,9029,0,,,,,,,,,,,vmtoolsd: Username and password successfully validated for 'Administrator',,,,,,,,,,,,,,,,,,,,,,,,,,,,,,,,,,,,,,,,,,,,,,,,,,,,,,,,,,,,
2026-09-02T00:03:30.200498Z,"{'#attributes': {'Qualifiers': 16384}, '#text': 16384}",dc.scaffold.htb,Microsoft-Windows-Security-SPP,Application,9030,4,,,,,,,,,,,,2026-09-03T00:02:30Z,RulesEngine,,,,,,,,,,,,,,,,,,,,,,,,,,,,,,,,,,,,,,,,,,,,,,,,,,,,,,,,,,
2026-09-02T00:03:38.653629Z,"{'#attributes': {'Qualifiers': 0}, '#text': 1000}",dc.scaffold.htb,VGAuth,Application,9031,0,,,,,,,,,,,vmtoolsd: Username and password successfully validated for 'Administrator',,,,,,,,,,,,,,,,,,,,,,,,,,,,,,,,,,,,,,,,,,,,,,,,,,,,,,,,,,,,
2026-09-02T00:03:38.997362Z,"{'#attributes': {'Qualifiers': 0}, '#text': 1000}",dc.scaffold.htb,VGAuth,Application,9032,0,,,,,,,,,,,vmtoolsd: Username and password successfully validated for 'Administrator',,,,,,,,,,,,,,,,,,,,,,,,,,,,,,,,,,,,,,,,,,,,,,,,,,,,,,,,,,,,
2026-09-02T00:03:39.028613Z,"{'#attributes': {'Qualifiers': 0}, '#text': 1000}",dc.scaffold.htb,VGAuth,Application,9033,0,,,,,,,,,,,vmtoolsd: Username and password successfully validated for 'Administrator',,,,,,,,,,,,,,,,,,,,,,,,,,,,,,,,,,,,,,,,,,,,,,,,,,,,,,,,,,,,
2026-09-02T00:03:39.091166Z,"{'#attributes': {'Qualifiers': 0}, '#text': 1000}",dc.scaffold.htb,VGAuth,Application,9034,0,,,,,,,,,,,vmtoolsd: Username and password successfully validated for 'Administrator',,,,,,,,,,,,,,,,,,,,,,,,,,,,,,,,,,,,,,,,,,,,,,,,,,,,,,,,,,,,
2026-09-02T00:03:39.122364Z,"{'#attributes': {'Qualifiers': 0}, '#text': 1000}",dc.scaffold.htb,VGAuth,Application,9035,0,,,,,,,,,,,vmtoolsd: Username and password successfully validated for 'Administrator',,,,,,,,,,,,,,,,,,,,,,,,,,,,,,,,,,,,,,,,,,,,,,,,,,,,,,,,,,,,
2026-09-02T00:03:39.169238Z,"{'#attributes': {'Qualifiers': 0}, '#text': 1000}",dc.scaffold.htb,VGAuth,Application,9036,0,,,,,,,,,,,vmtoolsd: Username and password successfully validated for 'Administrator',,,,,,,,,,,,,,,,,,,,,,,,,,,,,,,,,,,,,,,,,,,,,,,,,,,,,,,,,,,,
2026-09-02T00:03:39.216114Z,"{'#attributes': {'Qualifiers': 0}, '#text': 1000}",dc.scaffold.htb,VGAuth,Application,9037,0,,,,,,,,,,,vmtoolsd: Username and password successfully validated for 'Administrator',,,,,,,,,,,,,,,,,,,,,,,,,,,,,,,,,,,,,,,,,,,,,,,,,,,,,,,,,,,,
2026-09-02T00:03:49.372365Z,"{'#attributes': {'Qualifiers': 0}, '#text': 1000}",dc.scaffold.htb,VGAuth,Application,9038,0,,,,,,,,,,,vmtoolsd: Username and password successfully validated for 'Administrator',,,,,,,,,,,,,,,,,,,,,,,,,,,,,,,,,,,,,,,,,,,,,,,,,,,,,,,,,,,,
2026-09-02T00:03:49.825491Z,"{'#attributes': {'Qualifiers': 0}, '#text': 1000}",dc.scaffold.htb,VGAuth,Application,9039,0,,,,,,,,,,,vmtoolsd: Username and password successfully validated for 'Administrator',,,,,,,,,,,,,,,,,,,,,,,,,,,,,,,,,,,,,,,,,,,,,,,,,,,,,,,,,,,,
2026-09-02T00:03:49.872365Z,"{'#attributes': {'Qualifiers': 0}, '#text': 1000}",dc.scaffold.htb,VGAuth,Application,9040,0,,,,,,,,,,,vmtoolsd: Username and password successfully validated for 'Administrator',,,,,,,,,,,,,,,,,,,,,,,,,,,,,,,,,,,,,,,,,,,,,,,,,,,,,,,,,,,,
2026-09-02T00:03:49.919247Z,"{'#attributes': {'Qualifiers': 0}, '#text': 1000}",dc.scaffold.htb,VGAuth,Application,9041,0,,,,,,,,,,,vmtoolsd: Username and password successfully validated for 'Administrator',,,,,,,,,,,,,,,,,,,,,,,,,,,,,,,,,,,,,,,,,,,,,,,,,,,,,,,,,,,,
2026-09-02T00:03:49.966113Z,"{'#attributes': {'Qualifiers': 0}, '#text': 1000}",dc.scaffold.htb,VGAuth,Application,9042,0,,,,,,,,,,,vmtoolsd: Username and password successfully validated for 'Administrator',,,,,,,,,,,,,,,,,,,,,,,,,,,,,,,,,,,,,,,,,,,,,,,,,,,,,,,,,,,,
2026-09-02T00:03:50.012989Z,"{'#attributes': {'Qualifiers': 0}, '#text': 1000}",dc.scaffold.htb,VGAuth,Application,9043,0,,,,,,,,,,,vmtoolsd: Username and password successfully validated for 'Administrator',,,,,,,,,,,,,,,,,,,,,,,,,,,,,,,,,,,,,,,,,,,,,,,,,,,,,,,,,,,,
2026-09-02T00:03:50.059880Z,"{'#attributes': {'Qualifiers': 0}, '#text': 1000}",dc.scaffold.htb,VGAuth,Application,9044,0,,,,,,,,,,,vmtoolsd: Username and password successfully validated for 'Administrator',,,,,,,,,,,,,,,,,,,,,,,,,,,,,,,,,,,,,,,,,,,,,,,,,,,,,,,,,,,,
2026-09-02T00:03:50.106739Z,"{'#attributes': {'Qualifiers': 0}, '#text': 1000}",dc.scaffold.htb,VGAuth,Application,9045,0,,,,,,,,,,,vmtoolsd: Username and password successfully validated for 'Administrator',,,,,,,,,,,,,,,,,,,,,,,,,,,,,,,,,,,,,,,,,,,,,,,,,,,,,,,,,,,,
2026-09-02T00:03:51.153618Z,"{'#attributes': {'Qualifiers': 49152}, '#text': 16394}",dc.scaffold.htb,Microsoft-Windows-Security-SPP,Application,9046,4,,,,,,,,,,,,,,,,,,,,,,,,,,,,,,,,,,,,,,,,,,,,,,,,,,,,,,,,,,,,,,,,,,,,,,,
2026-09-02T00:04:00.387987Z,"{'#attributes': {'Qualifiers': 0}, '#text': 1000}",dc.scaffold.htb,VGAuth,Application,9047,0,,,,,,,,,,,vmtoolsd: Username and password successfully validated for 'Administrator',,,,,,,,,,,,,,,,,,,,,,,,,,,,,,,,,,,,,,,,,,,,,,,,,,,,,,,,,,,,
2026-09-02T00:04:00.950486Z,"{'#attributes': {'Qualifiers': 0}, '#text': 1000}",dc.scaffold.htb,VGAuth,Application,9048,0,,,,,,,,,,,vmtoolsd: Username and password successfully validated for 'Administrator',,,,,,,,,,,,,,,,,,,,,,,,,,,,,,,,,,,,,,,,,,,,,,,,,,,,,,,,,,,,
2026-09-02T00:04:01.059862Z,"{'#attributes': {'Qualifiers': 0}, '#text': 1000}",dc.scaffold.htb,VGAuth,Application,9049,0,,,,,,,,,,,vmtoolsd: Username and password successfully validated for 'Administrator',,,,,,,,,,,,,,,,,,,,,,,,,,,,,,,,,,,,,,,,,,,,,,,,,,,,,,,,,,,,
2026-09-02T00:04:01.153612Z,"{'#attributes': {'Qualifiers': 0}, '#text': 1000}",dc.scaffold.htb,VGAuth,Application,9050,0,,,,,,,,,,,vmtoolsd: Username and password successfully validated for 'Administrator',,,,,,,,,,,,,,,,,,,,,,,,,,,,,,,,,,,,,,,,,,,,,,,,,,,,,,,,,,,,
2026-09-02T00:04:01.216114Z,"{'#attributes': {'Qualifiers': 0}, '#text': 1000}",dc.scaffold.htb,VGAuth,Application,9051,0,,,,,,,,,,,vmtoolsd: Username and password successfully validated for 'Administrator',,,,,,,,,,,,,,,,,,,,,,,,,,,,,,,,,,,,,,,,,,,,,,,,,,,,,,,,,,,,
2026-09-02T00:04:01.294238Z,"{'#attributes': {'Qualifiers': 0}, '#text': 1000}",dc.scaffold.htb,VGAuth,Application,9052,0,,,,,,,,,,,vmtoolsd: Username and password successfully validated for 'Administrator',,,,,,,,,,,,,,,,,,,,,,,,,,,,,,,,,,,,,,,,,,,,,,,,,,,,,,,,,,,,
2026-09-02T00:04:01.372361Z,"{'#attributes': {'Qualifiers': 0}, '#text': 1000}",dc.scaffold.htb,VGAuth,Application,9053,0,,,,,,,,,,,vmtoolsd: Username and password successfully validated for 'Administrator',,,,,,,,,,,,,,,,,,,,,,,,,,,,,,,,,,,,,,,,,,,,,,,,,,,,,,,,,,,,
2026-09-02T00:04:18.637987Z,"{'#attributes': {'Qualifiers': 0}, '#text': 1000}",dc.scaffold.htb,VGAuth,Application,9054,0,,,,,,,,,,,vmtoolsd: Username and password successfully validated for 'Administrator',,,,,,,,,,,,,,,,,,,,,,,,,,,,,,,,,,,,,,,,,,,,,,,,,,,,,,,,,,,,
2026-09-02T00:04:19.200490Z,"{'#attributes': {'Qualifiers': 0}, '#text': 1000}",dc.scaffold.htb,VGAuth,Application,9055,0,,,,,,,,,,,vmtoolsd: Username and password successfully validated for 'Administrator',,,,,,,,,,,,,,,,,,,,,,,,,,,,,,,,,,,,,,,,,,,,,,,,,,,,,,,,,,,,
2026-09-02T00:04:19.387987Z,"{'#attributes': {'Qualifiers': 0}, '#text': 1000}",dc.scaffold.htb,VGAuth,Application,9056,0,,,,,,,,,,,vmtoolsd: Username and password successfully validated for 'Administrator',,,,,,,,,,,,,,,,,,,,,,,,,,,,,,,,,,,,,,,,,,,,,,,,,,,,,,,,,,,,
2026-09-02T00:04:19.419237Z,"{'#attributes': {'Qualifiers': 0}, '#text': 1000}",dc.scaffold.htb,VGAuth,Application,9057,0,,,,,,,,,,,vmtoolsd: Username and password successfully validated for 'Administrator',,,,,,,,,,,,,,,,,,,,,,,,,,,,,,,,,,,,,,,,,,,,,,,,,,,,,,,,,,,,
2026-09-02T00:04:19.466114Z,"{'#attributes': {'Qualifiers': 0}, '#text': 1000}",dc.scaffold.htb,VGAuth,Application,9058,0,,,,,,,,,,,vmtoolsd: Username and password successfully validated for 'Administrator',,,,,,,,,,,,,,,,,,,,,,,,,,,,,,,,,,,,,,,,,,,,,,,,,,,,,,,,,,,,
2026-09-02T00:04:19.669237Z,"{'#attributes': {'Qualifiers': 0}, '#text': 1000}",dc.scaffold.htb,VGAuth,Application,9059,0,,,,,,,,,,,vmtoolsd: Username and password successfully validated for 'Administrator',,,,,,,,,,,,,,,,,,,,,,,,,,,,,,,,,,,,,,,,,,,,,,,,,,,,,,,,,,,,
2026-09-02T00:04:19.700488Z,"{'#attributes': {'Qualifiers': 0}, '#text': 1000}",dc.scaffold.htb,VGAuth,Application,9060,0,,,,,,,,,,,vmtoolsd: Username and password successfully validated for 'Administrator',,,,,,,,,,,,,,,,,,,,,,,,,,,,,,,,,,,,,,,,,,,,,,,,,,,,,,,,,,,,
2026-09-02T00:04:19.747369Z,"{'#attributes': {'Qualifiers': 0}, '#text': 1000}",dc.scaffold.htb,VGAuth,Application,9061,0,,,,,,,,,,,vmtoolsd: Username and password successfully validated for 'Administrator',,,,,,,,,,,,,,,,,,,,,,,,,,,,,,,,,,,,,,,,,,,,,,,,,,,,,,,,,,,,
2026-09-02T00:04:25.309880Z,"{'#attributes': {'Qualifiers': 16384}, '#text': 16384}",dc.scaffold.htb,Microsoft-Windows-Security-SPP,Application,9062,4,,,,,,,,,,,,2026-09-03T00:02:25Z,RulesEngine,,,,,,,,,,,,,,,,,,,,,,,,,,,,,,,,,,,,,,,,,,,,,,,,,,,,,,,,,,
2026-09-02T00:04:26.231741Z,"{'#attributes': {'Qualifiers': 49152}, '#text': 16394}",dc.scaffold.htb,Microsoft-Windows-Security-SPP,Application,9063,4,,,,,,,,,,,,,,,,,,,,,,,,,,,,,,,,,,,,,,,,,,,,,,,,,,,,,,,,,,,,,,,,,,,,,,,
2026-09-02T00:04:30.028616Z,"{'#attributes': {'Qualifiers': 0}, '#text': 1000}",dc.scaffold.htb,VGAuth,Application,9064,0,,,,,,,,,,,vmtoolsd: Username and password successfully validated for 'Administrator',,,,,,,,,,,,,,,,,,,,,,,,,,,,,,,,,,,,,,,,,,,,,,,,,,,,,,,,,,,,
2026-09-02T00:04:30.559862Z,"{'#attributes': {'Qualifiers': 0}, '#text': 1000}",dc.scaffold.htb,VGAuth,Application,9065,0,,,,,,,,,,,vmtoolsd: Username and password successfully validated for 'Administrator',,,,,,,,,,,,,,,,,,,,,,,,,,,,,,,,,,,,,,,,,,,,,,,,,,,,,,,,,,,,
2026-09-02T00:04:30.591115Z,"{'#attributes': {'Qualifiers': 0}, '#text': 1000}",dc.scaffold.htb,VGAuth,Application,9066,0,,,,,,,,,,,vmtoolsd: Username and password successfully validated for 'Administrator',,,,,,,,,,,,,,,,,,,,,,,,,,,,,,,,,,,,,,,,,,,,,,,,,,,,,,,,,,,,
2026-09-02T00:04:30.794236Z,"{'#attributes': {'Qualifiers': 0}, '#text': 1000}",dc.scaffold.htb,VGAuth,Application,9067,0,,,,,,,,,,,vmtoolsd: Username and password successfully validated for 'Administrator',,,,,,,,,,,,,,,,,,,,,,,,,,,,,,,,,,,,,,,,,,,,,,,,,,,,,,,,,,,,
2026-09-02T00:04:30.903613Z,"{'#attributes': {'Qualifiers': 0}, '#text': 1000}",dc.scaffold.htb,VGAuth,Application,9068,0,,,,,,,,,,,vmtoolsd: Username and password successfully validated for 'Administrator',,,,,,,,,,,,,,,,,,,,,,,,,,,,,,,,,,,,,,,,,,,,,,,,,,,,,,,,,,,,
2026-09-02T00:04:30.981739Z,"{'#attributes': {'Qualifiers': 0}, '#text': 1000}",dc.scaffold.htb,VGAuth,Application,9069,0,,,,,,,,,,,vmtoolsd: Username and password successfully validated for 'Administrator',,,,,,,,,,,,,,,,,,,,,,,,,,,,,,,,,,,,,,,,,,,,,,,,,,,,,,,,,,,,
2026-09-02T00:04:31.137987Z,"{'#attributes': {'Qualifiers': 0}, '#text': 1000}",dc.scaffold.htb,VGAuth,Application,9070,0,,,,,,,,,,,vmtoolsd: Username and password successfully validated for 'Administrator',,,,,,,,,,,,,,,,,,,,,,,,,,,,,,,,,,,,,,,,,,,,,,,,,,,,,,,,,,,,
2026-09-02T00:04:31.169238Z,"{'#attributes': {'Qualifiers': 0}, '#text': 1000}",dc.scaffold.htb,VGAuth,Application,9071,0,,,,,,,,,,,vmtoolsd: Username and password successfully validated for 'Administrator',,,,,,,,,,,,,,,,,,,,,,,,,,,,,,,,,,,,,,,,,,,,,,,,,,,,,,,,,,,,
2026-09-02T00:04:41.481738Z,"{'#attributes': {'Qualifiers': 0}, '#text': 1000}",dc.scaffold.htb,VGAuth,Application,9072,0,,,,,,,,,,,vmtoolsd: Username and password successfully validated for 'Administrator',,,,,,,,,,,,,,,,,,,,,,,,,,,,,,,,,,,,,,,,,,,,,,,,,,,,,,,,,,,,
2026-09-02T00:04:41.966120Z,"{'#attributes': {'Qualifiers': 0}, '#text': 1000}",dc.scaffold.htb,VGAuth,Application,9073,0,,,,,,,,,,,vmtoolsd: Username and password successfully validated for 'Administrator',,,,,,,,,,,,,,,,,,,,,,,,,,,,,,,,,,,,,,,,,,,,,,,,,,,,,,,,,,,,
2026-09-02T00:04:42.012989Z,"{'#attributes': {'Qualifiers': 0}, '#text': 1000}",dc.scaffold.htb,VGAuth,Application,9074,0,,,,,,,,,,,vmtoolsd: Username and password successfully validated for 'Administrator',,,,,,,,,,,,,,,,,,,,,,,,,,,,,,,,,,,,,,,,,,,,,,,,,,,,,,,,,,,,
2026-09-02T00:04:42.044240Z,"{'#attributes': {'Qualifiers': 0}, '#text': 1000}",dc.scaffold.htb,VGAuth,Application,9075,0,,,,,,,,,,,vmtoolsd: Username and password successfully validated for 'Administrator',,,,,,,,,,,,,,,,,,,,,,,,,,,,,,,,,,,,,,,,,,,,,,,,,,,,,,,,,,,,
2026-09-02T00:04:42.091115Z,"{'#attributes': {'Qualifiers': 0}, '#text': 1000}",dc.scaffold.htb,VGAuth,Application,9076,0,,,,,,,,,,,vmtoolsd: Username and password successfully validated for 'Administrator',,,,,,,,,,,,,,,,,,,,,,,,,,,,,,,,,,,,,,,,,,,,,,,,,,,,,,,,,,,,
2026-09-02T00:04:42.466152Z,"{'#attributes': {'Qualifiers': 0}, '#text': 1000}",dc.scaffold.htb,VGAuth,Application,9077,0,,,,,,,,,,,vmtoolsd: Username and password successfully validated for 'Administrator',,,,,,,,,,,,,,,,,,,,,,,,,,,,,,,,,,,,,,,,,,,,,,,,,,,,,,,,,,,,
2026-09-02T00:04:42.497364Z,"{'#attributes': {'Qualifiers': 0}, '#text': 1000}",dc.scaffold.htb,VGAuth,Application,9078,0,,,,,,,,,,,vmtoolsd: Username and password successfully validated for 'Administrator',,,,,,,,,,,,,,,,,,,,,,,,,,,,,,,,,,,,,,,,,,,,,,,,,,,,,,,,,,,,
2026-09-02T00:04:42.544241Z,"{'#attributes': {'Qualifiers': 0}, '#text': 1000}",dc.scaffold.htb,VGAuth,Application,9079,0,,,,,,,,,,,vmtoolsd: Username and password successfully validated for 'Administrator',,,,,,,,,,,,,,,,,,,,,,,,,,,,,,,,,,,,,,,,,,,,,,,,,,,,,,,,,,,,
2026-09-02T00:04:52.716115Z,"{'#attributes': {'Qualifiers': 0}, '#text': 1000}",dc.scaffold.htb,VGAuth,Application,9080,0,,,,,,,,,,,vmtoolsd: Username and password successfully validated for 'Administrator',,,,,,,,,,,,,,,,,,,,,,,,,,,,,,,,,,,,,,,,,,,,,,,,,,,,,,,,,,,,
2026-09-02T00:04:53.450490Z,"{'#attributes': {'Qualifiers': 0}, '#text': 1000}",dc.scaffold.htb,VGAuth,Application,9081,0,,,,,,,,,,,vmtoolsd: Username and password successfully validated for 'Administrator',,,,,,,,,,,,,,,,,,,,,,,,,,,,,,,,,,,,,,,,,,,,,,,,,,,,,,,,,,,,
2026-09-02T00:04:53.481741Z,"{'#attributes': {'Qualifiers': 0}, '#text': 1000}",dc.scaffold.htb,VGAuth,Application,9082,0,,,,,,,,,,,vmtoolsd: Username and password successfully validated for 'Administrator',,,,,,,,,,,,,,,,,,,,,,,,,,,,,,,,,,,,,,,,,,,,,,,,,,,,,,,,,,,,
2026-09-02T00:04:53.637987Z,"{'#attributes': {'Qualifiers': 0}, '#text': 1000}",dc.scaffold.htb,VGAuth,Application,9083,0,,,,,,,,,,,vmtoolsd: Username and password successfully validated for 'Administrator',,,,,,,,,,,,,,,,,,,,,,,,,,,,,,,,,,,,,,,,,,,,,,,,,,,,,,,,,,,,
2026-09-02T00:04:53.731739Z,"{'#attributes': {'Qualifiers': 0}, '#text': 1000}",dc.scaffold.htb,VGAuth,Application,9084,0,,,,,,,,,,,vmtoolsd: Username and password successfully validated for 'Administrator',,,,,,,,,,,,,,,,,,,,,,,,,,,,,,,,,,,,,,,,,,,,,,,,,,,,,,,,,,,,
2026-09-02T00:04:53.778614Z,"{'#attributes': {'Qualifiers': 0}, '#text': 1000}",dc.scaffold.htb,VGAuth,Application,9085,0,,,,,,,,,,,vmtoolsd: Username and password successfully validated for 'Administrator',,,,,,,,,,,,,,,,,,,,,,,,,,,,,,,,,,,,,,,,,,,,,,,,,,,,,,,,,,,,
2026-09-02T00:04:53.903615Z,"{'#attributes': {'Qualifiers': 0}, '#text': 1000}",dc.scaffold.htb,VGAuth,Application,9086,0,,,,,,,,,,,vmtoolsd: Username and password successfully validated for 'Administrator',,,,,,,,,,,,,,,,,,,,,,,,,,,,,,,,,,,,,,,,,,,,,,,,,,,,,,,,,,,,
2026-09-02T00:04:57.450528Z,"{'#attributes': {'Qualifiers': 16384}, '#text': 16384}",dc.scaffold.htb,Microsoft-Windows-Security-SPP,Application,9087,4,,,,,,,,,,,,2026-09-03T00:02:57Z,RulesEngine,,,,,,,,,,,,,,,,,,,,,,,,,,,,,,,,,,,,,,,,,,,,,,,,,,,,,,,,,,
2026-09-02T00:05:07.528614Z,"{'#attributes': {'Qualifiers': 0}, '#text': 1000}",dc.scaffold.htb,VGAuth,Application,9088,0,,,,,,,,,,,vmtoolsd: Username and password successfully validated for 'Administrator',,,,,,,,,,,,,,,,,,,,,,,,,,,,,,,,,,,,,,,,,,,,,,,,,,,,,,,,,,,,
2026-09-02T00:05:08.091114Z,"{'#attributes': {'Qualifiers': 0}, '#text': 1000}",dc.scaffold.htb,VGAuth,Application,9089,0,,,,,,,,,,,vmtoolsd: Username and password successfully validated for 'Administrator',,,,,,,,,,,,,,,,,,,,,,,,,,,,,,,,,,,,,,,,,,,,,,,,,,,,,,,,,,,,
2026-09-02T00:05:08.122365Z,"{'#attributes': {'Qualifiers': 0}, '#text': 1000}",dc.scaffold.htb,VGAuth,Application,9090,0,,,,,,,,,,,vmtoolsd: Username and password successfully validated for 'Administrator',,,,,,,,,,,,,,,,,,,,,,,,,,,,,,,,,,,,,,,,,,,,,,,,,,,,,,,,,,,,
2026-09-02T00:05:08.278614Z,"{'#attributes': {'Qualifiers': 0}, '#text': 1000}",dc.scaffold.htb,VGAuth,Application,9091,0,,,,,,,,,,,vmtoolsd: Username and password successfully validated for 'Administrator',,,,,,,,,,,,,,,,,,,,,,,,,,,,,,,,,,,,,,,,,,,,,,,,,,,,,,,,,,,,
2026-09-02T00:05:08.309865Z,"{'#attributes': {'Qualifiers': 0}, '#text': 1000}",dc.scaffold.htb,VGAuth,Application,9092,0,,,,,,,,,,,vmtoolsd: Username and password successfully validated for 'Administrator',,,,,,,,,,,,,,,,,,,,,,,,,,,,,,,,,,,,,,,,,,,,,,,,,,,,,,,,,,,,
2026-09-02T00:05:08.372368Z,"{'#attributes': {'Qualifiers': 0}, '#text': 1000}",dc.scaffold.htb,VGAuth,Application,9093,0,,,,,,,,,,,vmtoolsd: Username and password successfully validated for 'Administrator',,,,,,,,,,,,,,,,,,,,,,,,,,,,,,,,,,,,,,,,,,,,,,,,,,,,,,,,,,,,
2026-09-02T00:05:08.528616Z,"{'#attributes': {'Qualifiers': 0}, '#text': 1000}",dc.scaffold.htb,VGAuth,Application,9094,0,,,,,,,,,,,vmtoolsd: Username and password successfully validated for 'Administrator',,,,,,,,,,,,,,,,,,,,,,,,,,,,,,,,,,,,,,,,,,,,,,,,,,,,,,,,,,,,
2026-09-02T00:05:19.075489Z,"{'#attributes': {'Qualifiers': 0}, '#text': 1000}",dc.scaffold.htb,VGAuth,Application,9095,0,,,,,,,,,,,vmtoolsd: Username and password successfully validated for 'Administrator',,,,,,,,,,,,,,,,,,,,,,,,,,,,,,,,,,,,,,,,,,,,,,,,,,,,,,,,,,,,
2026-09-02T00:05:19.247365Z,"{'#attributes': {'Qualifiers': 0}, '#text': 1}",dc.scaffold.htb,MSSQL$SQLEXPRESS,Application,9096,4,,,,,,,,,,,SqlCeip started  pid: 5452 instance: SQLEXPRESS CPEFlag: True,,,,,,,,,,,,,,,,,,,,,,,,,,,,,,,,,,,,,,,,,,,,,,,,,,,,,,,,,,,,
2026-09-02T00:05:20.950492Z,"{'#attributes': {'Qualifiers': 0}, '#text': 1000}",dc.scaffold.htb,VGAuth,Application,9097,0,,,,,,,,,,,vmtoolsd: Username and password successfully validated for 'Administrator',,,,,,,,,,,,,,,,,,,,,,,,,,,,,,,,,,,,,,,,,,,,,,,,,,,,,,,,,,,,
2026-09-02T00:05:21.044244Z,"{'#attributes': {'Qualifiers': 0}, '#text': 1000}",dc.scaffold.htb,VGAuth,Application,9098,0,,,,,,,,,,,vmtoolsd: Username and password successfully validated for 'Administrator',,,,,,,,,,,,,,,,,,,,,,,,,,,,,,,,,,,,,,,,,,,,,,,,,,,,,,,,,,,,
2026-09-02T00:05:21.075489Z,"{'#attributes': {'Qualifiers': 0}, '#text': 1000}",dc.scaffold.htb,VGAuth,Application,9099,0,,,,,,,,,,,vmtoolsd: Username and password successfully validated for 'Administrator',,,,,,,,,,,,,,,,,,,,,,,,,,,,,,,,,,,,,,,,,,,,,,,,,,,,,,,,,,,,
2026-09-02T00:05:21.200490Z,"{'#attributes': {'Qualifiers': 0}, '#text': 1000}",dc.scaffold.htb,VGAuth,Application,9100,0,,,,,,,,,,,vmtoolsd: Username and password successfully validated for 'Administrator',,,,,,,,,,,,,,,,,,,,,,,,,,,,,,,,,,,,,,,,,,,,,,,,,,,,,,,,,,,,
2026-09-02T00:05:21.278617Z,"{'#attributes': {'Qualifiers': 0}, '#text': 1000}",dc.scaffold.htb,VGAuth,Application,9101,0,,,,,,,,,,,vmtoolsd: Username and password successfully validated for 'Administrator',,,,,,,,,,,,,,,,,,,,,,,,,,,,,,,,,,,,,,,,,,,,,,,,,,,,,,,,,,,,
2026-09-02T00:05:21.372365Z,"{'#attributes': {'Qualifiers': 0}, '#text': 1000}",dc.scaffold.htb,VGAuth,Application,9102,0,,,,,,,,,,,vmtoolsd: Username and password successfully validated for 'Administrator',,,,,,,,,,,,,,,,,,,,,,,,,,,,,,,,,,,,,,,,,,,,,,,,,,,,,,,,,,,,
2026-09-02T00:05:32.122364Z,"{'#attributes': {'Qualifiers': 0}, '#text': 1000}",dc.scaffold.htb,VGAuth,Application,9103,0,,,,,,,,,,,vmtoolsd: Username and password successfully validated for 'Administrator',,,,,,,,,,,,,,,,,,,,,,,,,,,,,,,,,,,,,,,,,,,,,,,,,,,,,,,,,,,,
2026-09-02T00:05:33.012988Z,"{'#attributes': {'Qualifiers': 0}, '#text': 1000}",dc.scaffold.htb,VGAuth,Application,9104,0,,,,,,,,,,,vmtoolsd: Username and password successfully validated for 'Administrator',,,,,,,,,,,,,,,,,,,,,,,,,,,,,,,,,,,,,,,,,,,,,,,,,,,,,,,,,,,,
2026-09-02T00:05:33.059864Z,"{'#attributes': {'Qualifiers': 0}, '#text': 1000}",dc.scaffold.htb,VGAuth,Application,9105,0,,,,,,,,,,,vmtoolsd: Username and password successfully validated for 'Administrator',,,,,,,,,,,,,,,,,,,,,,,,,,,,,,,,,,,,,,,,,,,,,,,,,,,,,,,,,,,,
2026-09-02T00:05:33.481739Z,"{'#attributes': {'Qualifiers': 0}, '#text': 1000}",dc.scaffold.htb,VGAuth,Application,9106,0,,,,,,,,,,,vmtoolsd: Username and password successfully validated for 'Administrator',,,,,,,,,,,,,,,,,,,,,,,,,,,,,,,,,,,,,,,,,,,,,,,,,,,,,,,,,,,,
2026-09-02T00:05:33.512991Z,"{'#attributes': {'Qualifiers': 0}, '#text': 1000}",dc.scaffold.htb,VGAuth,Application,9107,0,,,,,,,,,,,vmtoolsd: Username and password successfully validated for 'Administrator',,,,,,,,,,,,,,,,,,,,,,,,,,,,,,,,,,,,,,,,,,,,,,,,,,,,,,,,,,,,
2026-09-02T00:05:33.575489Z,"{'#attributes': {'Qualifiers': 0}, '#text': 1000}",dc.scaffold.htb,VGAuth,Application,9108,0,,,,,,,,,,,vmtoolsd: Username and password successfully validated for 'Administrator',,,,,,,,,,,,,,,,,,,,,,,,,,,,,,,,,,,,,,,,,,,,,,,,,,,,,,,,,,,,
2026-09-02T00:05:33.622364Z,"{'#attributes': {'Qualifiers': 0}, '#text': 1000}",dc.scaffold.htb,VGAuth,Application,9109,0,,,,,,,,,,,vmtoolsd: Username and password successfully validated for 'Administrator',,,,,,,,,,,,,,,,,,,,,,,,,,,,,,,,,,,,,,,,,,,,,,,,,,,,,,,,,,,,
