2026-09-20T11:20:04.221525Z,26,dc.scaffold.htb,Microsoft-Windows-CertificationAuthority,Application,11609,4,,,,,,scaffold-DC-CA,,dc.scaffold.htb,  DC=,,,,,,,,,,,,,,,,,,,,,,,,,,,,,,,,,,,,,,,,,,,,,,,MSG_I_SERVER_STARTED,,,,,,,,,,,,,,,
2026-09-20T11:20:04.641520Z,"{'#attributes': {'Qualifiers': 0}, '#text': 1000}",dc.scaffold.htb,VGAuth,Application,11610,0,,,,,,,,,,,vmtoolsd: Username and password successfully validated for 'Administrator',,,,,,,,,,,,,,,,,,,,,,,,,,,,,,,,,,,,,,,,,,,,,,,,,,,,,,,,,,,,
2026-09-20T11:20:04.985296Z,"{'#attributes': {'Qualifiers': 0}, '#text': 1000}",dc.scaffold.htb,VGAuth,Application,11611,0,,,,,,,,,,,vmtoolsd: Username and password successfully validated for 'Administrator',,,,,,,,,,,,,,,,,,,,,,,,,,,,,,,,,,,,,,,,,,,,,,,,,,,,,,,,,,,,
2026-09-20T11:20:05.985282Z,"{'#attributes': {'Qualifiers': 0}, '#text': 1000}",dc.scaffold.htb,VGAuth,Application,11612,0,,,,,,,,,,,vmtoolsd: Username and password successfully validated for 'Administrator',,,,,,,,,,,,,,,,,,,,,,,,,,,,,,,,,,,,,,,,,,,,,,,,,,,,,,,,,,,,
2026-09-20T11:20:06.016520Z,"{'#attributes': {'Qualifiers': 0}, '#text': 1000}",dc.scaffold.htb,VGAuth,Application,11613,0,,,,,,,,,,,vmtoolsd: Username and password successfully validated for 'Administrator',,,,,,,,,,,,,,,,,,,,,,,,,,,,,,,,,,,,,,,,,,,,,,,,,,,,,,,,,,,,
2026-09-20T11:20:06.032169Z,"{'#attributes': {'Qualifiers': 0}, '#text': 1000}",dc.scaffold.htb,VGAuth,Application,11614,0,,,,,,,,,,,vmtoolsd: Username and password successfully validated for 'Administrator',,,,,,,,,,,,,,,,,,,,,,,,,,,,,,,,,,,,,,,,,,,,,,,,,,,,,,,,,,,,
2026-09-20T11:20:06.079012Z,"{'#attributes': {'Qualifiers': 0}, '#text': 1000}",dc.scaffold.htb,VGAuth,Application,11615,0,,,,,,,,,,,vmtoolsd: Username and password successfully validated for 'Administrator',,,,,,,,,,,,,,,,,,,,,,,,,,,,,,,,,,,,,,,,,,,,,,,,,,,,,,,,,,,,
2026-09-20T11:20:06.094655Z,"{'#attributes': {'Qualifiers': 0}, '#text': 1000}",dc.scaffold.htb,VGAuth,Application,11616,0,,,,,,,,,,,vmtoolsd: Username and password successfully validated for 'Administrator',,,,,,,,,,,,,,,,,,,,,,,,,,,,,,,,,,,,,,,,,,,,,,,,,,,,,,,,,,,,
2026-09-20T11:20:06.141531Z,"{'#attributes': {'Qualifiers': 0}, '#text': 1000}",dc.scaffold.htb,VGAuth,Application,11617,0,,,,,,,,,,,vmtoolsd: Username and password successfully validated for 'Administrator',,,,,,,,,,,,,,,,,,,,,,,,,,,,,,,,,,,,,,,,,,,,,,,,,,,,,,,,,,,,
2026-09-20T11:20:06.344645Z,"{'#attributes': {'Qualifiers': 0}, '#text': 1000}",dc.scaffold.htb,VGAuth,Application,11618,0,,,,,,,,,,,vmtoolsd: Username and password successfully validated for 'Administrator',,,,,,,,,,,,,,,,,,,,,,,,,,,,,,,,,,,,,,,,,,,,,,,,,,,,,,,,,,,,
2026-09-20T11:20:07.125940Z,"{'#attributes': {'Qualifiers': 0}, '#text': 1000}",dc.scaffold.htb,VGAuth,Application,11619,0,,,,,,,,,,,vmtoolsd: Username and password successfully validated for 'Administrator',,,,,,,,,,,,,,,,,,,,,,,,,,,,,,,,,,,,,,,,,,,,,,,,,,,,,,,,,,,,
2026-09-20T11:20:07.157153Z,"{'#attributes': {'Qualifiers': 0}, '#text': 1000}",dc.scaffold.htb,VGAuth,Application,11620,0,,,,,,,,,,,vmtoolsd: Username and password successfully validated for 'Administrator',,,,,,,,,,,,,,,,,,,,,,,,,,,,,,,,,,,,,,,,,,,,,,,,,,,,,,,,,,,,
2026-09-20T11:20:07.172794Z,"{'#attributes': {'Qualifiers': 0}, '#text': 1000}",dc.scaffold.htb,VGAuth,Application,11621,0,,,,,,,,,,,vmtoolsd: Username and password successfully validated for 'Administrator',,,,,,,,,,,,,,,,,,,,,,,,,,,,,,,,,,,,,,,,,,,,,,,,,,,,,,,,,,,,
2026-09-20T11:20:07.204019Z,"{'#attributes': {'Qualifiers': 0}, '#text': 1000}",dc.scaffold.htb,VGAuth,Application,11622,0,,,,,,,,,,,vmtoolsd: Username and password successfully validated for 'Administrator',,,,,,,,,,,,,,,,,,,,,,,,,,,,,,,,,,,,,,,,,,,,,,,,,,,,,,,,,,,,
2026-09-20T11:20:07.250902Z,"{'#attributes': {'Qualifiers': 0}, '#text': 1000}",dc.scaffold.htb,VGAuth,Application,11623,0,,,,,,,,,,,vmtoolsd: Username and password successfully validated for 'Administrator',,,,,,,,,,,,,,,,,,,,,,,,,,,,,,,,,,,,,,,,,,,,,,,,,,,,,,,,,,,,
2026-09-20T11:20:07.282159Z,"{'#attributes': {'Qualifiers': 0}, '#text': 1000}",dc.scaffold.htb,VGAuth,Application,11624,0,,,,,,,,,,,vmtoolsd: Username and password successfully validated for 'Administrator',,,,,,,,,,,,,,,,,,,,,,,,,,,,,,,,,,,,,,,,,,,,,,,,,,,,,,,,,,,,
2026-09-20T11:20:07.594693Z,"{'#attributes': {'Qualifiers': 0}, '#text': 1000}",dc.scaffold.htb,VGAuth,Application,11625,0,,,,,,,,,,,vmtoolsd: Username and password successfully validated for 'Administrator',,,,,,,,,,,,,,,,,,,,,,,,,,,,,,,,,,,,,,,,,,,,,,,,,,,,,,,,,,,,
2026-09-20T11:20:07.938390Z,"{'#attributes': {'Qualifiers': 0}, '#text': 1000}",dc.scaffold.htb,VGAuth,Application,11626,0,,,,,,,,,,,vmtoolsd: Username and password successfully validated for 'Administrator',,,,,,,,,,,,,,,,,,,,,,,,,,,,,,,,,,,,,,,,,,,,,,,,,,,,,,,,,,,,
2026-09-20T11:21:41.485262Z,"{'#attributes': {'Qualifiers': 0}, '#text': 0}",dc.scaffold.htb,edgeupdate,Application,11627,4,,,,,,,,,,,Service stopped,,,,,,,,,,,,,,,,,,,,,,,,,,,,,,,,,,,,,,,,,,,,,,,,,,,,,,,,,,,,
2026-09-20T11:21:42.360264Z,"{'#attributes': {'Qualifiers': 0}, '#text': 0}",dc.scaffold.htb,Microsoft Deployment Toolkit Monitor Service,Application,11628,4,,,,,,,,,,,Service started successfully.,,,,,,,,,,,,,,,,,,,,,,,,,,,,,,,,,,,,,,,,,,,,,,,,,,,,,,,,,,,,
2026-09-20T11:21:42.672763Z,"{'#attributes': {'Qualifiers': 16384}, '#text': 900}",dc.scaffold.htb,Microsoft-Windows-Security-SPP,Application,11629,4,,,,,,,,,,,<explicit>,,,,,,,,,,,,,,,,,,,,,,,,,,,,,,,,,,,,,,,,,,,,,,,,,,,,,,,,,,,,
2026-09-20T11:21:42.735286Z,"{'#attributes': {'Qualifiers': 49152}, '#text': 16394}",dc.scaffold.htb,Microsoft-Windows-Security-SPP,Application,11630,4,,,,,,,,,,,,,,,,,,,,,,,,,,,,,,,,,,,,,,,,,,,,,,,,,,,,,,,,,,,,,,,,,,,,,,,
2026-09-20T11:22:12.782167Z,"{'#attributes': {'Qualifiers': 16384}, '#text': 16384}",dc.scaffold.htb,Microsoft-Windows-Security-SPP,Application,11631,4,,,,,,,,,,,,2026-09-21T11:18:12Z,RulesEngine,,,,,,,,,,,,,,,,,,,,,,,,,,,,,,,,,,,,,,,,,,,,,,,,,,,,,,,,,,
2026-09-20T11:22:21.391519Z,"{'#attributes': {'Qualifiers': 0}, '#text': 8224}",dc.scaffold.htb,VSS,Application,11632,4,,,,2D20436F64653A2020434F525356434330303030303737382D2043616C6C3A2020434F525356434330303030303736302D205049443A202030303030343830382D205449443A202030303030343832342D20434D443A2020433A5C57696E646F77735C73797374656D33325C76737376632E6578652020202D20557365723A204E616D653A204E5420415554484F524954595C53595354454D2C205349443A532D312D352D313820,,,,,,,,,,,,,,,,,,,,,,,,,,,,,,,,,,,,,,,,,,,,,,,,,,,,,,,,,,,,,,,,,,,
2026-09-20T11:23:56.063395Z,"{'#attributes': {'Qualifiers': 0}, '#text': 0}",dc.scaffold.htb,edgeupdate,Application,11633,4,,,,,,,,,,,Service stopped,,,,,,,,,,,,,,,,,,,,,,,,,,,,,,,,,,,,,,,,,,,,,,,,,,,,,,,,,,,,
2026-09-20T11:24:39.000887Z,"{'#attributes': {'Qualifiers': 0}, '#text': 102}",dc.scaffold.htb,ESENT,Application,11634,4,,,,,,,,,,,,DFSRs,"2636,P,98",,,,,,,,,,,\\.\C:\System Volume Information\DFSR\database_D030_CE70_30CE_5D5A\dfsr.db: ,,,,0,10,00,20348,0000,,,,,,,,,,,,,,,,,,,,,,,,,,,,,,,,,,,,,,,
2026-09-20T11:24:39.032144Z,"{'#attributes': {'Qualifiers': 0}, '#text': 105}",dc.scaffold.htb,ESENT,Application,11635,4,,,,,,,,,,,,DFSRs,"2636,D,0",,,,,,,,,,,\\.\C:\System Volume Information\DFSR\database_D030_CE70_30CE_5D5A\dfsr.db: ,,,,0,0,"
[1] 0.001445 +J(0) +M(C:0K, Fs:273, WS:1052K # 1052K, PF:6612K # 6608K, P:6612K)
[2] 0.000369 +J(0) +M(C:16K, Fs:102, WS:404K # 404K, PF:336K # 332K, P:336K)
[3] 0.000011 +J(0) +M(C:0K, Fs:3, WS:12K # 12K, PF:64K # 64K, P:64K)
[4] 0.000169 +J(0) +M(C:2032K, Fs:33, WS:124K # 124K, PF:2436K # 2436K, P:2436K)
[5] 0.000675 +J(0) +M(C:0K, Fs:18, WS:72K # 72K, PF:24K # 24K, P:24K)
[6] 0.000519 +J(0) +M(C:0K, Fs:13, WS:52K # 52K, PF:12K # 12K, P:12K)
[7] -
[8] -
[9] -
[10] -
[11] -
[12] -
[13] 0.026035 -0.011953 (22) WT +J(CM:0, PgRf:0, Rd:0/0, Dy:0/0, Lg:616/1) +M(C:0K, Fs:1481, WS:720K # 5824K, PF:-48K # 5080K, P:-48K)
[14] 0.000015 +J(0) +M(C:0K, Fs:1, WS:4K # 0K, PF:0K # 0K, P:0K)
[15] 0.000122 +J(0) +M(C:0K, Fs:65, WS:256K # 0K, PF:68K # 0K, P:68K)
[16] 0.003091 -0.000086 (1) WT +J(0) +M(C:0K, Fs:8, WS:24K # 0K, PF:0K # 0K, P:0K).",,,,,,,,,,,,,,,,,,,,,,,,,,,,,,,,,,,,,,,,,
2026-09-20T11:24:39.047764Z,"{'#attributes': {'Qualifiers': 0}, '#text': 325}",dc.scaffold.htb,ESENT,Application,11636,4,,,,,,,,,,,,DFSRs,"2636,D,35",,,,,,,,,,,\\.\C:\System Volume Information\DFSR\database_D030_CE70_30CE_5D5A\dfsr.db: ,,,,1,\\.\C:\System Volume Information\DFSR\database_D030_CE70_30CE_5D5A\dfsr.db,0,"
[1] 0.000086 +J(0) +M(C:0K, Fs:5, WS:20K # 0K, PF:8K # 0K, P:8K)
[2] 0.000571 -0.000227 (1) WT +J(CM:0, PgRf:0, Rd:0/0, Dy:0/0, Lg:3480/2) +M(C:0K, Fs:4, WS:16K # 0K, PF:0K # 0K, P:0K)
[3] 0.003789 +J(0) +M(C:0K, Fs:11, WS:36K # 0K, PF:20K # 0K, P:20K)
[4] 0.000149 +J(0) +M(C:0K, Fs:1, WS:4K # 0K, PF:0K # 0K, P:0K)
[5] 0.001020 -0.000527 (3) WT +J(CM:0, PgRf:3, Rd:0/0, Dy:3/6, Lg:122/4) +M(C:0K, Fs:39, WS:148K # 0K, PF:236K # 0K, P:236K)
[6] 0.001373 -0.000400 (2) WT +J(CM:0, PgRf:209, Rd:0/0, Dy:12/408, Lg:24454/447) +M(C:0K, Fs:76, WS:304K # 0K, PF:224K # 0K, P:224K)
[7] 0.000992 -0.000765 (3) WT +J(CM:0, PgRf:0, Rd:0/0, Dy:0/0, Lg:4096/3) +M(C:0K, Fs:4, WS:8K # 0K, PF:0K # 0K, P:0K)
[8] 0.000002 +J(0)
[9] 0.001482 -0.001137 (3) WT +J(0) +M(C:-52K, Fs:8, WS:-28K # 0K, PF:-52K # 0K, P:-52K)
[10] 0.001868 -0.000841 (5) WT +J(CM:0, PgRf:348, Rd:0/0, Dy:7/93, Lg:12509/130) +M(C:12K, Fs:47, WS:180K # 0K, PF:96K # 0K, P:96K)
[11] 0.000001 +J(0).",0 0,"lgposCreate = 00000001:0001:0268,
dbv = 1568.180.400 (9360)",,,,,,,,,,,,,,,,,,,,,,,,,,,,,,,,,,,,,,
2026-09-20T11:24:50.672762Z,"{'#attributes': {'Qualifiers': 0}, '#text': 1}",dc.scaffold.htb,MSSQL$SQLEXPRESS,Application,11637,4,,,,,,,,,,,SqlCeip started  pid: 2884 instance: SQLEXPRESS CPEFlag: True,,,,,,,,,,,,,,,,,,,,,,,,,,,,,,,,,,,,,,,,,,,,,,,,,,,,,,,,,,,,
2026-09-20T11:25:12.250931Z,"{'#attributes': {'Qualifiers': 16384}, '#text': 33090}",dc.scaffold.htb,MSSQL$SQLEXPRESS,Application,11638,4,,,,428100000A0000000E000000440043005C00530051004C0045005800500052004500530053000000070000006D00610073007400650072000000,,,,,,,xplog70.dll,,,,,,,,,,,,,,,,,,,,,,,,,,,,,,,,,,,,,,,,,,,,,,,,,,,,,,,,,,,,
2026-09-20T11:25:12.266563Z,"{'#attributes': {'Qualifiers': 16384}, '#text': 8128}",dc.scaffold.htb,MSSQL$SQLEXPRESS,Application,11639,4,,,,C01F00000A0000000E000000440043005C00530051004C0045005800500052004500530053000000070000006D00610073007400650072000000,,,,,,,,xplog70.dll,2019.150.2000,,,,,,,,,,,xp_msver,,,,,,,,,,,,,,,,,,,,,,,,,,,,,,,,,,,,,,,,,,,,,,,
2026-09-20T11:25:12.438420Z,"{'#attributes': {'Qualifiers': 16384}, '#text': 17137}",dc.scaffold.htb,MSSQL$SQLEXPRESS,Application,11640,4,,,,F14200000A0000000E000000440043005C00530051004C0045005800500052004500530053000000070000006D00610073007400650072000000,,,,,,,ScaffoldPortal,,,,,,,,,,,,,,,,,,,,,,,,,,,,,,,,,,,,,,,,,,,,,,,,,,,,,,,,,,,,
2026-09-20T11:25:12.469644Z,"{'#attributes': {'Qualifiers': 16384}, '#text': 49930}",dc.scaffold.htb,MSSQL$SQLEXPRESS,Application,11641,4,,,,0AC300000A0000000E000000440043005C00530051004C0045005800500052004500530053000000070000006D00610073007400650072000000,,,,,,,,started,ScaffoldPortal,,,,,,,,,,,1,,,,,,,,,,,,,,,,,,,,,,,,,,,,,,,,,,,,,,,,,,,,,,,
2026-09-20T11:25:12.469644Z,"{'#attributes': {'Qualifiers': 16384}, '#text': 49930}",dc.scaffold.htb,MSSQL$SQLEXPRESS,Application,11642,4,,,,0AC300000A0000000E000000440043005C00530051004C0045005800500052004500530053000000070000006D00610073007400650072000000,,,,,,,,shutdown,ScaffoldPortal,,,,,,,,,,,1,,,,,,,,,,,,,,,,,,,,,,,,,,,,,,,,,,,,,,,,,,,,,,,
2026-09-20T11:27:46.790337Z,1001,dc.scaffold.htb,Microsoft-Windows-LoadPerf,Application,11643,4,,,,,,,,,,,,,,,,,,,,,,,,,,,,,,,,,,,,,,,,,,,,,,,,,,,,,,,,,LoadPerf,7636000077360000D2050000,12,WmiApRpl,,,,WmiApRpl,,,,,,,
2026-09-20T11:27:46.864272Z,1000,dc.scaffold.htb,Microsoft-Windows-LoadPerf,Application,11644,4,,,,,,,,,,,,,,,,,,,,,,,,,,,,,,,,,,,,,,,,,,,,,,,,,,,,,,,,,LoadPerf,783600001E370000793600001F370000,16,WmiApRpl,,,,WmiApRpl,,,,,,,
2026-09-20T11:28:24.344645Z,"{'#attributes': {'Qualifiers': 49152}, '#text': 16394}",dc.scaffold.htb,Microsoft-Windows-Security-SPP,Application,11645,4,,,,,,,,,,,,,,,,,,,,,,,,,,,,,,,,,,,,,,,,,,,,,,,,,,,,,,,,,,,,,,,,,,,,,,,
2026-09-20T11:28:54.563398Z,"{'#attributes': {'Qualifiers': 16384}, '#text': 16384}",dc.scaffold.htb,Microsoft-Windows-Security-SPP,Application,11646,4,,,,,,,,,,,,2026-09-21T11:18:54Z,RulesEngine,,,,,,,,,,,,,,,,,,,,,,,,,,,,,,,,,,,,,,,,,,,,,,,,,,,,,,,,,,
2026-09-20T11:29:19.235261Z,"{'#attributes': {'Qualifiers': 0}, '#text': 102}",dc.scaffold.htb,ESENT,Application,11647,4,,,,,,,,,,,,svchost,"4052,P,98",,,,,,,,,,,DS_Token_DB: ,,,,0,10,00,20348,0000,,,,,,,,,,,,,,,,,,,,,,,,,,,,,,,,,,,,,,,
2026-09-20T11:29:19.235261Z,"{'#attributes': {'Qualifiers': 0}, '#text': 300}",dc.scaffold.htb,ESENT,Application,11648,4,,,,,,,,,,,,svchost,"4052,R,98",,,,,,,,,,,DS_Token_DB: ,,,,,,,,,,,,,,,,,,,,,,,,,,,,,,,,,,,,,,,,,,,,,,,
2026-09-20T11:29:19.250891Z,"{'#attributes': {'Qualifiers': 0}, '#text': 301}",dc.scaffold.htb,ESENT,Application,11649,4,,,,,,,,,,,,svchost,"4052,R,98",,,,,,,,,,,DS_Token_DB: ,,,,C:\Windows\system32\config\systemprofile\AppData\Local\DataSharing\Storage\DSS.log,"
[1] 0.004742 -0.002456 (9) WT +J(CM:0, PgRf:0, Rd:0/0, Dy:0/0, Lg:48672/33) +M(C:0K, Fs:100, WS:188K # 128K, PF:148K # 84K, P:148K).",AttachDB ,3,,,,,,,,,,,,,,,,,,,,,,,,,,,,,,,,,,,,,,,,
2026-09-20T11:29:19.250891Z,"{'#attributes': {'Qualifiers': 0}, '#text': 302}",dc.scaffold.htb,ESENT,Application,11650,4,,,,,,,,,,,,svchost,"4052,U,98",,,,,,,,,,,DS_Token_DB: ,,,,,,,,,,,,,,,,,,,,,,,,,,,,,,,,,,,,,,,,,,,,,,,
2026-09-20T11:29:19.250891Z,"{'#attributes': {'Qualifiers': 0}, '#text': 105}",dc.scaffold.htb,ESENT,Application,11651,4,,,,,,,,,,,,svchost,"4052,D,0",,,,,,,,,,,DS_Token_DB: ,,,,0,0,"
[1] 0.000578 +J(0) +M(C:0K, Fs:140, WS:548K # 548K, PF:2440K # 2440K, P:2440K)
[2] 0.000725 +J(0) +M(C:8K, Fs:147, WS:580K # 580K, PF:1188K # 1188K, P:1188K)
[3] 0.000018 +J(0) +M(C:0K, Fs:4, WS:12K # 12K, PF:68K # 68K, P:68K)
[4] 0.000083 +J(0) +M(C:0K, Fs:24, WS:96K # 96K, PF:168K # 168K, P:168K)
[5] 0.000684 +J(0) +M(C:0K, Fs:11, WS:44K # 44K, PF:28K # 28K, P:28K)
[6] 0.002878 +J(0) +M(C:0K, Fs:70, WS:280K # 280K, PF:52K # 52K, P:52K)
[7] 0.001421 -0.000797 (2) WT +J(0) +M(C:0K, Fs:33, WS:132K # 132K, PF:64K # 64K, P:64K)
[8] 0.007804 -0.003275 (13) WT +J(CM:0, PgRf:0, Rd:0/0, Dy:0/0, Lg:48672/33) +M(C:0K, Fs:150, WS:312K # 316K, PF:228K # 232K, P:228K)
[9] 0.000317 +J(0) +M(C:0K, Fs:5, WS:20K # 16K, PF:4K # 0K, P:4K)
[10] 0.000444 -0.000339 (1) WT +J(0) +M(C:0K, Fs:0, WS:-60K # 0K, PF:-60K # 0K, P:-60K)
[11] 0.000013 +J(CM:0, PgRf:0, Rd:0/0, Dy:0/0, Lg:49/1) +M(C:0K, Fs:2, WS:8K # 0K, PF:0K # 0K, P:0K)
[12] 0.000015 +J(0)
[13] 0.011511 -0.000380 (2) CM -0.004175 (27) WT +J(CM:2, PgRf:2, Rd:0/2, Dy:0/0, Lg:4729/4) +M(C:0K, Fs:114, WS:204K # 216K, PF:240K # 248K, P:240K)
[14] 0.000008 +J(0)
[15] 0.000008 +J(0)
[16] 0.000206 -0.000125 (1) WT +J(0) +M(C:0K, Fs:2, WS:0K # 0K, PF:0K # 0K, P:0K).","lgposV2[] = 00000005:0001:0000 - 00000005:000C:0039 - 00000005:000D:0000 - 00000005:000D:0000 (00000000:0000:0000)
cReInits = 3
",,,,,,,,,,,,,,,,,,,,,,,,,,,,,,,,,,,,,,,,
2026-09-20T11:29:19.266510Z,"{'#attributes': {'Qualifiers': 0}, '#text': 326}",dc.scaffold.htb,ESENT,Application,11652,4,,,,,,,,,,,,svchost,"4052,D,50",,,,,,,,,,,DS_Token_DB: ,,,,1,C:\Windows\system32\config\systemprofile\AppData\Local\DataSharing\Storage\DSTokenDB2.dat,0,"
[1] 0.000002 +J(0)
[2] 0.000508 -0.000359 (1) WT +J(0) +M(C:0K, Fs:17, WS:4K # 4K, PF:4K # 0K, P:4K)
[3] 0.002449 -0.000826 (6) WT +J(CM:0, PgRf:0, Rd:0/0, Dy:0/0, Lg:3480/2) +M(C:0K, Fs:7, WS:24K # 0K, PF:20K # 0K, P:20K)
[4] 0.000073 +J(0)
[5] -
[6] -
[7] -
[8] 0.000545 -0.000421 (2) CM -0.000361 (2) WT +J(CM:2, PgRf:2, Rd:4/2, Dy:0/0, Lg:54/1) +M(C:8K, Fs:3, WS:12K # 0K, PF:28K # 0K, P:28K)
[9] 0.000900 -0.000719 (3) CM -0.000644 (3) WT +J(CM:3, PgRf:23, Rd:0/3, Dy:0/0, Lg:0/0) +M(C:0K, Fs:31, WS:116K # 92K, PF:196K # 188K, P:196K)
[10] 0.000344 -0.000272 (2) CM -0.000226 (2) WT +J(CM:2, PgRf:40, Rd:0/2, Dy:0/0, Lg:0/0) +M(C:0K, Fs:4, WS:16K # 12K, PF:64K # 56K, P:64K)
[11] 0.000151 -0.000128 (1) CM -0.000104 (1) WT +J(CM:1, PgRf:1, Rd:0/1, Dy:0/0, Lg:0/0) +M(C:0K, Fs:3, WS:12K # 12K, PF:0K # 0K, P:0K)
[12] 0.000185 -0.000136 (1) CM -0.000117 (1) WT +J(CM:1, PgRf:42, Rd:0/1, Dy:0/0, Lg:0/0) +M(C:0K, Fs:5, WS:20K # 20K, PF:0K # 0K, P:0K)
[13] 0.000001 +J(0)
[14] 0.0 +J(0)
[15] 0.000154 -0.000139 (1) CM -0.000112 (1) WT +J(CM:1, PgRf:1, Rd:0/1, Dy:0/0, Lg:0/0).",1 0,"lgposAttach = 00000006:0001:0268,
dbv = 1568.180.400 (9360)",,,,,,,,,,,,,,,,,,,,,,,,,,,,,,,,,,,,,,
2026-09-20T11:31:52.126252Z,"{'#attributes': {'Qualifiers': 0}, '#text': 1032}",dc.scaffold.htb,IIS AspNetCore Module V2,Application,11653,4,,,,,,,,,,,,Application 'C:\inetpub\ScaffoldPortal\' started successfully.,Process Id: 380.,,,,,,,,,,,File Version: 18.0.26120.27. Description: IIS ASP.NET Core Module V2 Request Handler. Commit: ,,,,,,,,,,,,,,,,,,,,,,,,,,,,,,,,,,,,,,,,,,,,,,,
2026-09-20T11:31:53.438745Z,"{'#attributes': {'Qualifiers': 16384}, '#text': 17137}",dc.scaffold.htb,MSSQL$SQLEXPRESS,Application,11654,4,,,,F14200000A0000000E000000440043005C00530051004C0045005800500052004500530053000000070000006D00610073007400650072000000,,,,,,,ScaffoldPortal,,,,,,,,,,,,,,,,,,,,,,,,,,,,,,,,,,,,,,,,,,,,,,,,,,,,,,,,,,,,
2026-09-20T11:31:53.470378Z,"{'#attributes': {'Qualifiers': 16384}, '#text': 49930}",dc.scaffold.htb,MSSQL$SQLEXPRESS,Application,11655,4,,,,0AC300000A0000000E000000440043005C00530051004C0045005800500052004500530053000000070000006D00610073007400650072000000,,,,,,,,started,ScaffoldPortal,,,,,,,,,,,1,,,,,,,,,,,,,,,,,,,,,,,,,,,,,,,,,,,,,,,,,,,,,,,
2026-09-20T11:31:53.470378Z,"{'#attributes': {'Qualifiers': 16384}, '#text': 49930}",dc.scaffold.htb,MSSQL$SQLEXPRESS,Application,11656,4,,,,0AC300000A0000000E000000440043005C00530051004C0045005800500052004500530053000000070000006D00610073007400650072000000,,,,,,,,shutdown,ScaffoldPortal,,,,,,,,,,,1,,,,,,,,,,,,,,,,,,,,,,,,,,,,,,,,,,,,,,,,,,,,,,,
2026-09-20T11:44:36.001224Z,"{'#attributes': {'Qualifiers': 49152}, '#text': 16394}",dc.scaffold.htb,Microsoft-Windows-Security-SPP,Application,11657,4,,,,,,,,,,,,,,,,,,,,,,,,,,,,,,,,,,,,,,,,,,,,,,,,,,,,,,,,,,,,,,,,,,,,,,,
2026-09-20T11:45:06.219993Z,"{'#attributes': {'Qualifiers': 16384}, '#text': 16384}",dc.scaffold.htb,Microsoft-Windows-Security-SPP,Application,11658,4,,,,,,,,,,,,2026-09-21T11:19:06Z,RulesEngine,,,,,,,,,,,,,,,,,,,,,,,,,,,,,,,,,,,,,,,,,,,,,,,,,,,,,,,,,,
2026-09-20T11:49:06.032475Z,"{'#attributes': {'Qualifiers': 49152}, '#text': 16394}",dc.scaffold.htb,Microsoft-Windows-Security-SPP,Application,11659,4,,,,,,,,,,,,,,,,,,,,,,,,,,,,,,,,,,,,,,,,,,,,,,,,,,,,,,,,,,,,,,,,,,,,,,,
2026-09-20T11:49:06.126223Z,"{'#attributes': {'Qualifiers': 49152}, '#text': 8198}",dc.scaffold.htb,Microsoft-Windows-Security-SPP,Application,11660,2,,,,,,,,,,,,hr=0x80004005,RuleId=3482d82e-ca2c-4e1f-8864-da0267b484b2;Action=AutoActivate;AppId=55c92734-d682-4d71-983e-d6ec3f16059f;SkuId=80f53cc1-120f-4e0e-875b-27c9f1caf7de;NotificationInterval=1440;Trigger=NetworkAvailable,,,,,,,,,,,,,,,,,,,,,,,,,,,,,,,,,,,,,,,,,,,,,,,,,,,,,,,,,,
2026-09-20T11:49:36.157484Z,"{'#attributes': {'Qualifiers': 16384}, '#text': 16384}",dc.scaffold.htb,Microsoft-Windows-Security-SPP,Application,11661,4,,,,,,,,,,,,2026-09-21T11:48:36Z,RulesEngine,,,,,,,,,,,,,,,,,,,,,,,,,,,,,,,,,,,,,,,,,,,,,,,,,,,,,,,,,,
2026-09-20T11:53:06.094982Z,"{'#attributes': {'Qualifiers': 0}, '#text': 1033}",dc.scaffold.htb,IIS AspNetCore Module V2,Application,11662,4,,,,,,,,,,,,Application 'MACHINE/WEBROOT/APPHOST/SCAFFOLDPORTAL' has shutdown.,Process Id: 380.,,,,,,,,,,,File Version: 18.0.26120.27. Description: IIS ASP.NET Core Module V2 Request Handler. Commit: ,,,,,,,,,,,,,,,,,,,,,,,,,,,,,,,,,,,,,,,,,,,,,,,
2026-09-20T12:57:40.844971Z,"{'#attributes': {'Qualifiers': 16384}, '#text': 5}",dc.scaffold.htb,Microsoft-Windows-Search-ProfileNotify,Application,11663,4,,,,,,,,,,,,,,,,,,,,,,,,,,,,,,,,,,,,,,,,,,,,,,,,,,,,,SCAFFOLD\d.cooper,,,,,,,,,,,,,,,,,,
2026-09-20T13:21:55.501234Z,"{'#attributes': {'Qualifiers': 0}, '#text': 1032}",dc.scaffold.htb,IIS AspNetCore Module V2,Application,11664,4,,,,,,,,,,,,Application 'C:\inetpub\ScaffoldPortal\' started successfully.,Process Id: 2832.,,,,,,,,,,,File Version: 18.0.26120.27. Description: IIS ASP.NET Core Module V2 Request Handler. Commit: ,,,,,,,,,,,,,,,,,,,,,,,,,,,,,,,,,,,,,,,,,,,,,,,
2026-09-20T13:44:53.626304Z,"{'#attributes': {'Qualifiers': 0}, '#text': 1033}",dc.scaffold.htb,IIS AspNetCore Module V2,Application,11665,4,,,,,,,,,,,,Application 'MACHINE/WEBROOT/APPHOST/SCAFFOLDPORTAL' has shutdown.,Process Id: 2832.,,,,,,,,,,,File Version: 18.0.26120.27. Description: IIS ASP.NET Core Module V2 Request Handler. Commit: ,,,,,,,,,,,,,,,,,,,,,,,,,,,,,,,,,,,,,,,,,,,,,,,
2026-09-20T13:45:22.688772Z,"{'#attributes': {'Qualifiers': 0}, '#text': 1032}",dc.scaffold.htb,IIS AspNetCore Module V2,Application,11666,4,,,,,,,,,,,,Application 'C:\inetpub\ScaffoldPortal\' started successfully.,Process Id: 3148.,,,,,,,,,,,File Version: 18.0.26120.27. Description: IIS ASP.NET Core Module V2 Request Handler. Commit: ,,,,,,,,,,,,,,,,,,,,,,,,,,,,,,,,,,,,,,,,,,,,,,,
2026-09-20T13:45:35.766842Z,"{'#attributes': {'Qualifiers': 16384}, '#text': 17137}",dc.scaffold.htb,MSSQL$SQLEXPRESS,Application,11667,4,,,,F14200000A0000000E000000440043005C00530051004C0045005800500052004500530053000000070000006D00610073007400650072000000,,,,,,,ScaffoldPortal,,,,,,,,,,,,,,,,,,,,,,,,,,,,,,,,,,,,,,,,,,,,,,,,,,,,,,,,,,,,
2026-09-20T13:45:35.798105Z,"{'#attributes': {'Qualifiers': 16384}, '#text': 49930}",dc.scaffold.htb,MSSQL$SQLEXPRESS,Application,11668,4,,,,0AC300000A0000000E000000440043005C00530051004C0045005800500052004500530053000000070000006D00610073007400650072000000,,,,,,,,started,ScaffoldPortal,,,,,,,,,,,1,,,,,,,,,,,,,,,,,,,,,,,,,,,,,,,,,,,,,,,,,,,,,,,
2026-09-20T13:45:35.798105Z,"{'#attributes': {'Qualifiers': 16384}, '#text': 49930}",dc.scaffold.htb,MSSQL$SQLEXPRESS,Application,11669,4,,,,0AC300000A0000000E000000440043005C00530051004C0045005800500052004500530053000000070000006D00610073007400650072000000,,,,,,,,shutdown,ScaffoldPortal,,,,,,,,,,,1,,,,,,,,,,,,,,,,,,,,,,,,,,,,,,,,,,,,,,,,,,,,,,,
2026-09-20T13:48:44.969970Z,"{'#attributes': {'Qualifiers': 0}, '#text': 1040}",dc.scaffold.htb,MsiInstaller,Application,11670,4,,,,,,,,,,,,{ED41CD4E-33BB-400C-AB20-B09388DC83EF},4672,,,,,,,,,,,(NULL),,,,(NULL),(NULL),(NULL),,,,,,,,,,,,,,,,,,,,,,,,,,,,,,,,,,,,,,,,,
2026-09-20T13:48:45.532477Z,"{'#attributes': {'Qualifiers': 0}, '#text': 11724}",dc.scaffold.htb,MsiInstaller,Application,11671,4,,,,7B45443431434434452D333342422D343030432D414232302D4230393338384443383345467D,,,,,,,,Product: PuTTY release 0.83 (64-bit) -- Removal completed successfully.,(NULL),,,,,,,,,,,(NULL),,,,(NULL),(NULL),(NULL),,,,,,,,,,,,,,,,,,,,,,,,,,,,,,,,,,,,,,,,,
2026-09-20T13:48:45.532477Z,"{'#attributes': {'Qualifiers': 0}, '#text': 1034}",dc.scaffold.htb,MsiInstaller,Application,11672,4,,,,7B45443431434434452D333342422D343030432D414232302D4230393338384443383345467D3030303033383532646239323965613132663363343962356563626466353334323933353030303030393034,,,,,,,,PuTTY release 0.83 (64-bit),0.83.0.0,,,,,,,,,,,1033,,,,0,Simon Tatham,(NULL),,,,,,,,,,,,,,,,,,,,,,,,,,,,,,,,,,,,,,,,,
2026-09-20T13:48:45.579348Z,"{'#attributes': {'Qualifiers': 0}, '#text': 1042}",dc.scaffold.htb,MsiInstaller,Application,11673,4,,,,,,,,,,,,{ED41CD4E-33BB-400C-AB20-B09388DC83EF},4672,,,,,,,,,,,(NULL),,,,(NULL),(NULL),(NULL),,,,,,,,,,,,,,,,,,,,,,,,,,,,,,,,,,,,,,,,,
2026-09-20T13:48:45.004504Z,10000,dc.scaffold.htb,Microsoft-Windows-RestartManager,Application,11674,4,,,,,,,,,,,,,,,,,,,,,,,,,,,,,,,,,,,,,,,,,,,,,,,,0,,,,2026-09-20T13:48:45.001218Z,,,,,http://www.microsoft.com/2005/08/Windows/Reliability/RestartManager/,,,,,,,,,,,,,,
2026-09-20T13:48:45.549098Z,10001,dc.scaffold.htb,Microsoft-Windows-RestartManager,Application,11675,4,,,,,,,,,,,,,,,,,,,,,,,,,,,,,,,,,,,,,,,,,,,,,,,,0,,,,2026-09-20T13:48:45.001218Z,,,,,http://www.microsoft.com/2005/08/Windows/Reliability/RestartManager/,,,,,,,,,,,,,,
2026-09-20T13:48:48.954346Z,"{'#attributes': {'Qualifiers': 0}, '#text': 1040}",dc.scaffold.htb,MsiInstaller,Application,11676,4,,,,,,,,,,,,C:\Software\Locks\Processing\putty-64bit-99_0-installer_signed_20260920_134523775_0096b7a2b7c847b5_20260920_064844126_bbc6e418660d49d9a9e4f94b7b7659aa.msi,908,,,,,,,,,,,(NULL),,,,(NULL),(NULL),(NULL),,,,,,,,,,,,,,,,,,,,,,,,,,,,,,,,,,,,,,,,,
2026-09-20T13:48:49.329380Z,"{'#attributes': {'Qualifiers': 0}, '#text': 11720}",dc.scaffold.htb,MsiInstaller,Application,11677,2,,,,7B45443431434434452D333342422D343030432D414232302D4230393338384443383345467D,,,,,,,,"Product: PuTTY -- Error 1720. There is a problem with this Windows Installer package. A script required for this install to complete could not be run. Contact your support personnel or package vendor.  Custom action FailInstallation script error -2146828275, Microsoft VBScript runtime error: Type mismatch: 'fail' Line 1, Column 1,  ",(NULL),,,,,,,,,,,(NULL),,,,(NULL),(NULL),(NULL),,,,,,,,,,,,,,,,,,,,,,,,,,,,,,,,,,,,,,,,,
2026-09-20T13:48:49.391956Z,"{'#attributes': {'Qualifiers': 0}, '#text': 11708}",dc.scaffold.htb,MsiInstaller,Application,11678,4,,,,7B45443431434434452D333342422D343030432D414232302D4230393338384443383345467D,,,,,,,,Product: PuTTY -- Installation failed.,(NULL),,,,,,,,,,,(NULL),,,,(NULL),(NULL),(NULL),,,,,,,,,,,,,,,,,,,,,,,,,,,,,,,,,,,,,,,,,
2026-09-20T13:48:49.391956Z,"{'#attributes': {'Qualifiers': 0}, '#text': 1033}",dc.scaffold.htb,MsiInstaller,Application,11679,4,,,,7B45443431434434452D333342422D343030432D414232302D4230393338384443383345467D3030303063313765346665663636323936383665303832313031663664623761386162313030303030393034,,,,,,,,PuTTY,99.0.0,,,,,,,,,,,1033,,,,1603,PuTTY,(NULL),,,,,,,,,,,,,,,,,,,,,,,,,,,,,,,,,,,,,,,,,
2026-09-20T13:48:49.407562Z,"{'#attributes': {'Qualifiers': 0}, '#text': 1042}",dc.scaffold.htb,MsiInstaller,Application,11680,4,,,,,,,,,,,,C:\Software\Locks\Processing\putty-64bit-99_0-installer_signed_20260920_134523775_0096b7a2b7c847b5_20260920_064844126_bbc6e418660d49d9a9e4f94b7b7659aa.msi,908,,,,,,,,,,,(NULL),,,,(NULL),(NULL),(NULL),,,,,,,,,,,,,,,,,,,,,,,,,,,,,,,,,,,,,,,,,
2026-09-20T13:48:48.983279Z,10000,dc.scaffold.htb,Microsoft-Windows-RestartManager,Application,11681,4,,,,,,,,,,,,,,,,,,,,,,,,,,,,,,,,,,,,,,,,,,,,,,,,0,,,,2026-09-20T13:48:48.969971Z,,,,,http://www.microsoft.com/2005/08/Windows/Reliability/RestartManager/,,,,,,,,,,,,,,
2026-09-20T13:48:49.403323Z,10001,dc.scaffold.htb,Microsoft-Windows-RestartManager,Application,11682,4,,,,,,,,,,,,,,,,,,,,,,,,,,,,,,,,,,,,,,,,,,,,,,,,0,,,,2026-09-20T13:48:48.969971Z,,,,,http://www.microsoft.com/2005/08/Windows/Reliability/RestartManager/,,,,,,,,,,,,,,
2026-09-20T14:05:59.220013Z,"{'#attributes': {'Qualifiers': 16384}, '#text': 17137}",dc.scaffold.htb,MSSQL$SQLEXPRESS,Application,11683,4,,,,F14200000A0000000E000000440043005C00530051004C0045005800500052004500530053000000070000006D00610073007400650072000000,,,,,,,ScaffoldPortal,,,,,,,,,,,,,,,,,,,,,,,,,,,,,,,,,,,,,,,,,,,,,,,,,,,,,,,,,,,,
2026-09-20T14:05:59.266844Z,"{'#attributes': {'Qualifiers': 16384}, '#text': 49930}",dc.scaffold.htb,MSSQL$SQLEXPRESS,Application,11684,4,,,,0AC300000A0000000E000000440043005C00530051004C0045005800500052004500530053000000070000006D00610073007400650072000000,,,,,,,,started,ScaffoldPortal,,,,,,,,,,,1,,,,,,,,,,,,,,,,,,,,,,,,,,,,,,,,,,,,,,,,,,,,,,,
2026-09-20T14:05:59.266844Z,"{'#attributes': {'Qualifiers': 16384}, '#text': 49930}",dc.scaffold.htb,MSSQL$SQLEXPRESS,Application,11685,4,,,,0AC300000A0000000E000000440043005C00530051004C0045005800500052004500530053000000070000006D00610073007400650072000000,,,,,,,,shutdown,ScaffoldPortal,,,,,,,,,,,1,,,,,,,,,,,,,,,,,,,,,,,,,,,,,,,,,,,,,,,,,,,,,,,
2026-09-20T14:18:45.016845Z,"{'#attributes': {'Qualifiers': 0}, '#text': 1040}",dc.scaffold.htb,MsiInstaller,Application,11686,4,,,,,,,,,,,,C:\Software\Locks\Processing\putty-64bit-99_0-installer_signed_20260920_141030429_cde3c9a54a2743e2_20260920_071844251_701a55d797754a929f4375415894c4f9.msi,4608,,,,,,,,,,,(NULL),,,,(NULL),(NULL),(NULL),,,,,,,,,,,,,,,,,,,,,,,,,,,,,,,,,,,,,,,,,
2026-09-20T14:18:45.173097Z,"{'#attributes': {'Qualifiers': 0}, '#text': 11720}",dc.scaffold.htb,MsiInstaller,Application,11687,2,,,,7B45443431434434452D333342422D343030432D414232302D4230393338384443383345467D,,,,,,,,"Product: PuTTY -- Error 1720. There is a problem with this Windows Installer package. A script required for this install to complete could not be run. Contact your support personnel or package vendor.  Custom action FailInstallation script error -2146828275, Microsoft VBScript runtime error: Type mismatch: 'fail' Line 1, Column 1,  ",(NULL),,,,,,,,,,,(NULL),,,,(NULL),(NULL),(NULL),,,,,,,,,,,,,,,,,,,,,,,,,,,,,,,,,,,,,,,,,
2026-09-20T14:18:45.219966Z,"{'#attributes': {'Qualifiers': 0}, '#text': 11708}",dc.scaffold.htb,MsiInstaller,Application,11688,4,,,,7B45443431434434452D333342422D343030432D414232302D4230393338384443383345467D,,,,,,,,Product: PuTTY -- Installation failed.,(NULL),,,,,,,,,,,(NULL),,,,(NULL),(NULL),(NULL),,,,,,,,,,,,,,,,,,,,,,,,,,,,,,,,,,,,,,,,,
2026-09-20T14:18:45.219966Z,"{'#attributes': {'Qualifiers': 0}, '#text': 1033}",dc.scaffold.htb,MsiInstaller,Application,11689,4,,,,7B45443431434434452D333342422D343030432D414232302D4230393338384443383345467D3030303063313765346665663636323936383665303832313031663664623761386162313030303030393034,,,,,,,,PuTTY,99.0.0,,,,,,,,,,,1033,,,,1603,PuTTY,(NULL),,,,,,,,,,,,,,,,,,,,,,,,,,,,,,,,,,,,,,,,,
2026-09-20T14:18:45.235592Z,"{'#attributes': {'Qualifiers': 0}, '#text': 1042}",dc.scaffold.htb,MsiInstaller,Application,11690,4,,,,,,,,,,,,C:\Software\Locks\Processing\putty-64bit-99_0-installer_signed_20260920_141030429_cde3c9a54a2743e2_20260920_071844251_701a55d797754a929f4375415894c4f9.msi,4608,,,,,,,,,,,(NULL),,,,(NULL),(NULL),(NULL),,,,,,,,,,,,,,,,,,,,,,,,,,,,,,,,,,,,,,,,,
2026-09-20T14:18:45.056223Z,10000,dc.scaffold.htb,Microsoft-Windows-RestartManager,Application,11691,4,,,,,,,,,,,,,,,,,,,,,,,,,,,,,,,,,,,,,,,,,,,,,,,,0,,,,2026-09-20T14:18:45.048093Z,,,,,http://www.microsoft.com/2005/08/Windows/Reliability/RestartManager/,,,,,,,,,,,,,,
2026-09-20T14:18:45.241227Z,10001,dc.scaffold.htb,Microsoft-Windows-RestartManager,Application,11692,4,,,,,,,,,,,,,,,,,,,,,,,,,,,,,,,,,,,,,,,,,,,,,,,,0,,,,2026-09-20T14:18:45.048093Z,,,,,http://www.microsoft.com/2005/08/Windows/Reliability/RestartManager/,,,,,,,,,,,,,,
