2026-05-24T01:08:24.724590Z,"{'#attributes': {'Qualifiers': 16384}, '#text': 2405}",dc.scaffold.htb,Microsoft-Windows-ActiveDirectory_DomainService,Directory Service,581,4,,Recycle Bin Feature,,,,,,,,,,,,
2026-05-24T01:08:24.724590Z,"{'#attributes': {'Qualifiers': 16384}, '#text': 2405}",dc.scaffold.htb,Microsoft-Windows-ActiveDirectory_DomainService,Directory Service,582,4,,Privileged Access Management Feature,,,,,,,,,,,,
2026-05-24T01:08:34.746678Z,"{'#attributes': {'Qualifiers': 32768}, '#text': 2886}",dc.scaffold.htb,Microsoft-Windows-ActiveDirectory_DomainService,Directory Service,583,3,,,,,,,,,,,,,,
2026-05-24T01:08:34.746678Z,"{'#attributes': {'Qualifiers': 32768}, '#text': 3041}",dc.scaffold.htb,Microsoft-Windows-ActiveDirectory_DomainService,Directory Service,584,3,,,,,,,,,,,,,,
2026-05-24T01:08:34.746678Z,"{'#attributes': {'Qualifiers': 16384}, '#text': 1000}",dc.scaffold.htb,Microsoft-Windows-ActiveDirectory_DomainService,Directory Service,585,4,,,,,,,,,,,,,,
2026-05-24T01:09:04.759845Z,"{'#attributes': {'Qualifiers': 16384}, '#text': 1394}",dc.scaffold.htb,Microsoft-Windows-ActiveDirectory_DomainService,Directory Service,586,4,,,,,,,,,,,,,,
2026-05-24T01:13:12.688697Z,"{'#attributes': {'Qualifiers': 16384}, '#text': 2179}",dc.scaffold.htb,Microsoft-Windows-ActiveDirectory_DomainService,Directory Service,587,4,,3093923122130046776,,,,,,,,,,,,
2026-05-24T01:13:14.626566Z,"{'#attributes': {'Qualifiers': 16384}, '#text': 1004}",dc.scaffold.htb,Microsoft-Windows-ActiveDirectory_DomainService,Directory Service,588,4,,,,,,,,,,,,,,
2026-05-24T10:55:22.973346Z,"{'#attributes': {'Qualifiers': 32768}, '#text': 3051}",dc.scaffold.htb,Microsoft-Windows-ActiveDirectory_DomainService,Directory Service,589,3,,,,,,,,,,,,,,
2026-05-24T10:55:22.973346Z,"{'#attributes': {'Qualifiers': 32768}, '#text': 3054}",dc.scaffold.htb,Microsoft-Windows-ActiveDirectory_DomainService,Directory Service,590,3,,,,,,,,,,,,,,
2026-05-24T10:55:23.068028Z,"{'#attributes': {'Qualifiers': 16384}, '#text': 2121}",dc.scaffold.htb,Microsoft-Windows-ActiveDirectory_DomainService,Directory Service,591,4,,,,,,,,,,,,,,
2026-05-24T10:55:23.068028Z,"{'#attributes': {'Qualifiers': 16384}, '#text': 2406}",dc.scaffold.htb,Microsoft-Windows-ActiveDirectory_DomainService,Directory Service,592,4,,Recycle Bin Feature,,,,,,,,,,,,
2026-05-24T10:55:23.068028Z,"{'#attributes': {'Qualifiers': 16384}, '#text': 2406}",dc.scaffold.htb,Microsoft-Windows-ActiveDirectory_DomainService,Directory Service,593,4,,Privileged Access Management Feature,,,,,,,,,,,,
2026-05-24T10:55:23.068028Z,"{'#attributes': {'Qualifiers': 16384}, '#text': 2168}",dc.scaffold.htb,Microsoft-Windows-ActiveDirectory_DomainService,Directory Service,594,4,,6269755032554590376,,,,,,,,,,,,
2026-05-24T10:55:23.068028Z,"{'#attributes': {'Qualifiers': 16384}, '#text': 2172}",dc.scaffold.htb,Microsoft-Windows-ActiveDirectory_DomainService,Directory Service,595,4,,3093923122130046776,,,,,,,,,,,,
2026-05-24T10:55:23.068028Z,"{'#attributes': {'Qualifiers': 32768}, '#text': 2170}",dc.scaffold.htb,Microsoft-Windows-ActiveDirectory_DomainService,Directory Service,596,3,,,3093923122130046776,6269755032554590376,,,,,,,,,,
2026-05-24T10:55:23.068028Z,"{'#attributes': {'Qualifiers': 16384}, '#text': 1109}",dc.scaffold.htb,Microsoft-Windows-ActiveDirectory_DomainService,Directory Service,597,4,,,306fc8ad-c13d-4210-bfa4-348bedf88771,4052b88a-c04f-42f0-b0f6-5fd81c39c0a6,,,110617,,,,,,,
2026-05-24T10:55:23.083702Z,"{'#attributes': {'Qualifiers': 16384}, '#text': 2179}",dc.scaffold.htb,Microsoft-Windows-ActiveDirectory_DomainService,Directory Service,598,4,,6269755032554590376,,,,,,,,,,,,
2026-05-24T10:55:23.083702Z,"{'#attributes': {'Qualifiers': 16384}, '#text': 2208}",dc.scaffold.htb,Microsoft-Windows-ActiveDirectory_DomainService,Directory Service,599,4,,,,,,,,,,,,,,
2026-05-24T10:55:23.083702Z,"{'#attributes': {'Qualifiers': 16384}, '#text': 2120}",dc.scaffold.htb,Microsoft-Windows-ActiveDirectory_DomainService,Directory Service,600,4,,,,,,,,,,,,,,
2026-05-24T10:55:23.083702Z,"{'#attributes': {'Qualifiers': 16384}, '#text': 2405}",dc.scaffold.htb,Microsoft-Windows-ActiveDirectory_DomainService,Directory Service,601,4,,Recycle Bin Feature,,,,,,,,,,,,
2026-05-24T10:55:23.083702Z,"{'#attributes': {'Qualifiers': 16384}, '#text': 2405}",dc.scaffold.htb,Microsoft-Windows-ActiveDirectory_DomainService,Directory Service,602,4,,Privileged Access Management Feature,,,,,,,,,,,,
2026-05-24T10:55:33.108835Z,"{'#attributes': {'Qualifiers': 32768}, '#text': 2886}",dc.scaffold.htb,Microsoft-Windows-ActiveDirectory_DomainService,Directory Service,603,3,,,,,,,,,,,,,,
2026-05-24T10:55:33.108835Z,"{'#attributes': {'Qualifiers': 32768}, '#text': 3041}",dc.scaffold.htb,Microsoft-Windows-ActiveDirectory_DomainService,Directory Service,604,3,,,,,,,,,,,,,,
2026-05-24T10:55:33.108835Z,"{'#attributes': {'Qualifiers': 16384}, '#text': 1000}",dc.scaffold.htb,Microsoft-Windows-ActiveDirectory_DomainService,Directory Service,605,4,,,,,,,,,,,,,,
2026-05-24T10:56:03.112709Z,"{'#attributes': {'Qualifiers': 16384}, '#text': 1394}",dc.scaffold.htb,Microsoft-Windows-ActiveDirectory_DomainService,Directory Service,606,4,,,,,,,,,,,,,,
2026-05-24T11:10:37.480487Z,"{'#attributes': {'Qualifiers': 0}, '#text': 102}",dc.scaffold.htb,NTDS ISAM,Directory Service,607,4,,,NTDS,"760,P,98",,,NTDSA: ,0,10,00,20348,0000,,
2026-05-24T11:10:37.496138Z,"{'#attributes': {'Qualifiers': 0}, '#text': 105}",dc.scaffold.htb,NTDS ISAM,Directory Service,608,4,,,NTDS,"760,D,0",,,NTDSA: ,0,0,"
[1] 0.001114 +J(0) +M(C:0K, Fs:142, WS:544K # 0K, PF:3368K # 360K, P:3368K)
[2] 0.001106 +J(0) +M(C:16K, Fs:88, WS:344K # 300K, PF:300K # 300K, P:300K)
[3] 0.000701 +J(0) +M(C:0K, Fs:5, WS:20K # 20K, PF:64K # 64K, P:64K)
[4] 0.008672 -0.000126 (1) WT +J(0) +M(C:0K, Fs:125, WS:424K # 424K, PF:5200K # 5200K, P:5200K)
[5] 0.000712 +J(0) +M(C:0K, Fs:4, WS:16K # 16K, PF:12K # 12K, P:12K)
[6] 0.003514 +J(0) +M(C:0K, Fs:21, WS:84K # 84K, PF:16K # 16K, P:16K)
[7] 0.032951 -0.024321 (21) WT +J(0) +M(C:0K, Fs:2579, WS:10296K # 10296K, PF:10260K # 10260K, P:10260K)
[8] -
[9] -
[10] -
[11] -
[12] -
[13] 0.015597 -0.007991 (22) WT +J(CM:0, PgRf:0, Rd:0/0, Dy:0/0, Lg:616/1) +M(C:0K, Fs:10, WS:-10216K # 24K, PF:-10252K # 16K, P:-10252K)
[14] 0.000031 +J(0)
[15] 0.000240 +J(0) +M(C:0K, Fs:206, WS:820K # 0K, PF:68K # 0K, P:68K)
[16] 0.000510 -0.000155 (1) WT +J(0) +M(C:0K, Fs:3, WS:4K # 0K, PF:0K # 0K, P:0K).",,,,
2026-05-24T11:10:37.496138Z,"{'#attributes': {'Qualifiers': 0}, '#text': 330}",dc.scaffold.htb,NTDS ISAM,Directory Service,609,4,,,NTDS,"760,D,50",,,NTDSA: ,C:\Windows\NTDS\ntds.dit,0x22D8 (8920),8920 (0x22d8),9360 (0x2490),,,
2026-05-24T11:10:37.496138Z,"{'#attributes': {'Qualifiers': 0}, '#text': 326}",dc.scaffold.htb,NTDS ISAM,Directory Service,610,4,,,NTDS,"760,D,50",,,NTDSA: ,1,C:\Windows\NTDS\ntds.dit,0,"
[1] 0.000004 +J(0) +M(C:0K, Fs:1, WS:4K # 0K, PF:0K # 0K, P:0K)
[2] 0.000312 -0.000142 (1) WT +J(0) +M(C:0K, Fs:19, WS:12K # 0K, PF:8K # 0K, P:8K)
[3] 0.003137 -0.001144 (6) WT +J(CM:0, PgRf:0, Rd:0/0, Dy:0/0, Lg:3480/2) +M(C:0K, Fs:19, WS:64K # 0K, PF:136K # 0K, P:136K)
[4] 0.000085 +J(0)
[5] -
[6] -
[7] -
[8] 0.003313 -0.000414 (2) CM -0.000240 (2) WT +J(CM:2, PgRf:2, Rd:4/2, Dy:0/0, Lg:0/0) +M(C:32K, Fs:45, WS:172K # 0K, PF:236K # 0K, P:236K)
[9] 0.002042 -0.001637 (5) CM -0.001315 (5) WT +J(CM:5, PgRf:24, Rd:0/5, Dy:0/0, Lg:0/0) +M(C:-20K, Fs:32, WS:104K # 0K, PF:180K # 0K, P:180K)
[10] 0.000627 -0.000453 (3) CM -0.000285 (3) WT +J(CM:3, PgRf:40, Rd:0/3, Dy:0/0, Lg:0/0) +M(C:-8K, Fs:5, WS:8K # 0K, PF:56K # 0K, P:56K)
[11] 0.000190 -0.000145 (1) CM -0.000088 (1) WT +J(CM:1, PgRf:1, Rd:0/1, Dy:0/0, Lg:0/0) +M(C:0K, Fs:5, WS:16K # 0K, PF:0K # 0K, P:0K)
[12] 0.000224 -0.000112 (1) CM -0.000074 (1) WT +J(CM:1, PgRf:48, Rd:0/1, Dy:0/0, Lg:0/0) +M(C:0K, Fs:3, WS:8K # 0K, PF:0K # 0K, P:0K)
[13] 0.000002 +J(0)
[14] 0.0 +J(0)
[15] 0.000198 -0.000161 (1) CM -0.000084 (1) WT +J(CM:1, PgRf:1, Rd:0/1, Dy:0/0, Lg:0/0) +M(C:0K, Fs:1, WS:0K # 0K, PF:0K # 0K, P:0K).",0 0,"lgposAttach = 00000002:0969:0268,
dbv = 1568.20.0 (8920)",
2026-05-24T11:10:37.496138Z,"{'#attributes': {'Qualifiers': 0}, '#text': 330}",dc.scaffold.htb,NTDS ISAM,Directory Service,611,4,,,NTDS,"760,D,2",,,NTDSA: ,C:\Windows\NTDS\temp.edb,0x22D8 (8920),8920 (0x22d8),9360 (0x2490),,,
2026-05-24T11:10:37.496138Z,"{'#attributes': {'Qualifiers': 0}, '#text': 700}",dc.scaffold.htb,NTDS ISAM,Directory Service,612,4,,,NTDS,"760,D,0",,,NTDSA: ,C:\Windows\NTDS\ntds.dit,,,,,,
2026-05-24T11:10:37.638178Z,"{'#attributes': {'Qualifiers': 0}, '#text': 701}",dc.scaffold.htb,NTDS ISAM,Directory Service,613,4,,,NTDS,"760,D,0",,,NTDSA: ,C:\Windows\NTDS\ntds.dit,2,5/24/2026,0,1,1,14
2026-05-24T11:10:37.480487Z,"{'#attributes': {'Qualifiers': 16384}, '#text': 3033}",dc.scaffold.htb,Microsoft-Windows-ActiveDirectory_DomainService,Directory Service,614,4,,,,,,,,,,,,,,
2026-05-24T11:10:37.480487Z,"{'#attributes': {'Qualifiers': 16384}, '#text': 3027}",dc.scaffold.htb,Microsoft-Windows-ActiveDirectory_DomainService,Directory Service,615,4,,3600,,,,,,,,,,,,
2026-05-24T11:10:37.480487Z,"{'#attributes': {'Qualifiers': 16384}, '#text': 1869}",dc.scaffold.htb,Microsoft-Windows-ActiveDirectory_DomainService,Directory Service,616,4,,,\\dc.scaffold.htb,Default-First-Site-Name,,,,,,,,,,
2026-05-24T11:38:48.872557Z,"{'#attributes': {'Qualifiers': 16384}, '#text': 2179}",dc.scaffold.htb,Microsoft-Windows-ActiveDirectory_DomainService,Directory Service,617,4,,6269755032554590376,,,,,,,,,,,,
2026-05-24T11:38:50.145406Z,"{'#attributes': {'Qualifiers': 16384}, '#text': 1004}",dc.scaffold.htb,Microsoft-Windows-ActiveDirectory_DomainService,Directory Service,618,4,,,,,,,,,,,,,,
2026-05-24T14:36:37.099114Z,"{'#attributes': {'Qualifiers': 32768}, '#text': 3051}",dc.scaffold.htb,Microsoft-Windows-ActiveDirectory_DomainService,Directory Service,619,3,,,,,,,,,,,,,,
2026-05-24T14:36:37.099114Z,"{'#attributes': {'Qualifiers': 32768}, '#text': 3054}",dc.scaffold.htb,Microsoft-Windows-ActiveDirectory_DomainService,Directory Service,620,3,,,,,,,,,,,,,,
2026-05-24T14:36:37.224116Z,"{'#attributes': {'Qualifiers': 16384}, '#text': 2121}",dc.scaffold.htb,Microsoft-Windows-ActiveDirectory_DomainService,Directory Service,621,4,,,,,,,,,,,,,,
2026-05-24T14:36:37.224116Z,"{'#attributes': {'Qualifiers': 16384}, '#text': 2406}",dc.scaffold.htb,Microsoft-Windows-ActiveDirectory_DomainService,Directory Service,622,4,,Recycle Bin Feature,,,,,,,,,,,,
2026-05-24T14:36:37.224116Z,"{'#attributes': {'Qualifiers': 16384}, '#text': 2406}",dc.scaffold.htb,Microsoft-Windows-ActiveDirectory_DomainService,Directory Service,623,4,,Privileged Access Management Feature,,,,,,,,,,,,
2026-05-24T14:36:37.224116Z,"{'#attributes': {'Qualifiers': 16384}, '#text': 2168}",dc.scaffold.htb,Microsoft-Windows-ActiveDirectory_DomainService,Directory Service,624,4,,6522952311863616234,,,,,,,,,,,,
2026-05-24T14:36:37.224116Z,"{'#attributes': {'Qualifiers': 16384}, '#text': 2172}",dc.scaffold.htb,Microsoft-Windows-ActiveDirectory_DomainService,Directory Service,625,4,,6269755032554590376,,,,,,,,,,,,
2026-05-24T14:36:37.224116Z,"{'#attributes': {'Qualifiers': 32768}, '#text': 2170}",dc.scaffold.htb,Microsoft-Windows-ActiveDirectory_DomainService,Directory Service,626,3,,,6269755032554590376,6522952311863616234,,,,,,,,,,
2026-05-24T14:36:37.224116Z,"{'#attributes': {'Qualifiers': 16384}, '#text': 1109}",dc.scaffold.htb,Microsoft-Windows-ActiveDirectory_DomainService,Directory Service,627,4,,,4052b88a-c04f-42f0-b0f6-5fd81c39c0a6,70fdab6f-1997-40e8-b919-611e3f84174c,,,114714,,,,,,,
2026-05-24T14:36:37.224116Z,"{'#attributes': {'Qualifiers': 16384}, '#text': 2179}",dc.scaffold.htb,Microsoft-Windows-ActiveDirectory_DomainService,Directory Service,628,4,,6522952311863616234,,,,,,,,,,,,
2026-05-24T14:36:37.239729Z,"{'#attributes': {'Qualifiers': 16384}, '#text': 2208}",dc.scaffold.htb,Microsoft-Windows-ActiveDirectory_DomainService,Directory Service,629,4,,,,,,,,,,,,,,
2026-05-24T14:36:37.239729Z,"{'#attributes': {'Qualifiers': 16384}, '#text': 2120}",dc.scaffold.htb,Microsoft-Windows-ActiveDirectory_DomainService,Directory Service,630,4,,,,,,,,,,,,,,
2026-05-24T14:36:37.239729Z,"{'#attributes': {'Qualifiers': 16384}, '#text': 2405}",dc.scaffold.htb,Microsoft-Windows-ActiveDirectory_DomainService,Directory Service,631,4,,Recycle Bin Feature,,,,,,,,,,,,
2026-05-24T14:36:37.239729Z,"{'#attributes': {'Qualifiers': 16384}, '#text': 2405}",dc.scaffold.htb,Microsoft-Windows-ActiveDirectory_DomainService,Directory Service,632,4,,Privileged Access Management Feature,,,,,,,,,,,,
2026-05-24T14:36:47.248285Z,"{'#attributes': {'Qualifiers': 32768}, '#text': 2886}",dc.scaffold.htb,Microsoft-Windows-ActiveDirectory_DomainService,Directory Service,633,3,,,,,,,,,,,,,,
2026-05-24T14:36:47.248285Z,"{'#attributes': {'Qualifiers': 32768}, '#text': 3041}",dc.scaffold.htb,Microsoft-Windows-ActiveDirectory_DomainService,Directory Service,634,3,,,,,,,,,,,,,,
2026-05-24T14:36:47.248285Z,"{'#attributes': {'Qualifiers': 16384}, '#text': 1000}",dc.scaffold.htb,Microsoft-Windows-ActiveDirectory_DomainService,Directory Service,635,4,,,,,,,,,,,,,,
2026-05-24T14:37:17.258734Z,"{'#attributes': {'Qualifiers': 16384}, '#text': 1394}",dc.scaffold.htb,Microsoft-Windows-ActiveDirectory_DomainService,Directory Service,636,4,,,,,,,,,,,,,,
2026-05-24T14:43:11.274084Z,"{'#attributes': {'Qualifiers': 16384}, '#text': 2179}",dc.scaffold.htb,Microsoft-Windows-ActiveDirectory_DomainService,Directory Service,637,4,,6522952311863616234,,,,,,,,,,,,
2026-05-24T14:43:13.772026Z,"{'#attributes': {'Qualifiers': 16384}, '#text': 1004}",dc.scaffold.htb,Microsoft-Windows-ActiveDirectory_DomainService,Directory Service,638,4,,,,,,,,,,,,,,
2026-05-24T14:43:32.754861Z,"{'#attributes': {'Qualifiers': 32768}, '#text': 3051}",dc.scaffold.htb,Microsoft-Windows-ActiveDirectory_DomainService,Directory Service,639,3,,,,,,,,,,,,,,
2026-05-24T14:43:32.754861Z,"{'#attributes': {'Qualifiers': 32768}, '#text': 3054}",dc.scaffold.htb,Microsoft-Windows-ActiveDirectory_DomainService,Directory Service,640,3,,,,,,,,,,,,,,
2026-05-24T14:43:32.911092Z,"{'#attributes': {'Qualifiers': 16384}, '#text': 2121}",dc.scaffold.htb,Microsoft-Windows-ActiveDirectory_DomainService,Directory Service,641,4,,,,,,,,,,,,,,
2026-05-24T14:43:32.911092Z,"{'#attributes': {'Qualifiers': 16384}, '#text': 2406}",dc.scaffold.htb,Microsoft-Windows-ActiveDirectory_DomainService,Directory Service,642,4,,Recycle Bin Feature,,,,,,,,,,,,
2026-05-24T14:43:32.911092Z,"{'#attributes': {'Qualifiers': 16384}, '#text': 2406}",dc.scaffold.htb,Microsoft-Windows-ActiveDirectory_DomainService,Directory Service,643,4,,Privileged Access Management Feature,,,,,,,,,,,,
2026-05-24T14:43:32.911092Z,"{'#attributes': {'Qualifiers': 16384}, '#text': 2168}",dc.scaffold.htb,Microsoft-Windows-ActiveDirectory_DomainService,Directory Service,644,4,,6522952311863616234,,,,,,,,,,,,
2026-05-24T14:43:32.911092Z,"{'#attributes': {'Qualifiers': 16384}, '#text': 2172}",dc.scaffold.htb,Microsoft-Windows-ActiveDirectory_DomainService,Directory Service,645,4,,6522952311863616234,,,,,,,,,,,,
2026-05-24T14:43:32.911092Z,"{'#attributes': {'Qualifiers': 16384}, '#text': 2120}",dc.scaffold.htb,Microsoft-Windows-ActiveDirectory_DomainService,Directory Service,646,4,,,,,,,,,,,,,,
2026-05-24T14:43:32.911092Z,"{'#attributes': {'Qualifiers': 16384}, '#text': 2405}",dc.scaffold.htb,Microsoft-Windows-ActiveDirectory_DomainService,Directory Service,647,4,,Recycle Bin Feature,,,,,,,,,,,,
2026-05-24T14:43:32.911092Z,"{'#attributes': {'Qualifiers': 16384}, '#text': 2405}",dc.scaffold.htb,Microsoft-Windows-ActiveDirectory_DomainService,Directory Service,648,4,,Privileged Access Management Feature,,,,,,,,,,,,
2026-05-24T14:43:42.930616Z,"{'#attributes': {'Qualifiers': 32768}, '#text': 2886}",dc.scaffold.htb,Microsoft-Windows-ActiveDirectory_DomainService,Directory Service,649,3,,,,,,,,,,,,,,
2026-05-24T14:43:42.930616Z,"{'#attributes': {'Qualifiers': 32768}, '#text': 3041}",dc.scaffold.htb,Microsoft-Windows-ActiveDirectory_DomainService,Directory Service,650,3,,,,,,,,,,,,,,
2026-05-24T14:43:42.930616Z,"{'#attributes': {'Qualifiers': 16384}, '#text': 1000}",dc.scaffold.htb,Microsoft-Windows-ActiveDirectory_DomainService,Directory Service,651,4,,,,,,,,,,,,,,
2026-05-24T14:44:12.937019Z,"{'#attributes': {'Qualifiers': 16384}, '#text': 1394}",dc.scaffold.htb,Microsoft-Windows-ActiveDirectory_DomainService,Directory Service,652,4,,,,,,,,,,,,,,
2026-05-24T14:58:42.987138Z,"{'#attributes': {'Qualifiers': 0}, '#text': 102}",dc.scaffold.htb,NTDS ISAM,Directory Service,653,4,,,NTDS,"744,P,98",,,NTDSA: ,0,10,00,20348,0000,,
2026-05-24T14:58:42.987138Z,"{'#attributes': {'Qualifiers': 0}, '#text': 105}",dc.scaffold.htb,NTDS ISAM,Directory Service,654,4,,,NTDS,"744,D,0",,,NTDSA: ,0,0,"
[1] 0.000402 +J(0) +M(C:0K, Fs:106, WS:396K # 0K, PF:3392K # 348K, P:3392K)
[2] 0.000322 +J(0) +M(C:16K, Fs:132, WS:524K # 296K, PF:304K # 304K, P:304K)
[3] 0.000156 +J(0) +M(C:0K, Fs:5, WS:20K # 20K, PF:64K # 64K, P:64K)
[4] 0.003264 -0.000100 (1) WT +J(0) +M(C:0K, Fs:129, WS:436K # 436K, PF:5216K # 5216K, P:5216K)
[5] 0.000408 +J(0) +M(C:0K, Fs:2, WS:8K # 8K, PF:4K # 4K, P:4K)
[6] 0.001931 +J(0) +M(C:0K, Fs:22, WS:84K # 84K, PF:20K # 20K, P:20K)
[7] 0.015780 -0.009458 (21) WT +J(0) +M(C:0K, Fs:2579, WS:10296K # 10296K, PF:10260K # 10260K, P:10260K)
[8] -
[9] -
[10] -
[11] -
[12] -
[13] 0.011742 -0.007504 (22) WT +J(CM:0, PgRf:0, Rd:0/0, Dy:0/0, Lg:616/1) +M(C:0K, Fs:8, WS:-10216K # 24K, PF:-10256K # 12K, P:-10256K)
[14] 0.000009 +J(0)
[15] 0.000135 +J(0) +M(C:0K, Fs:206, WS:820K # 0K, PF:68K # 0K, P:68K)
[16] 0.000151 -0.000063 (1) WT +J(0) +M(C:0K, Fs:3, WS:4K # 0K, PF:0K # 0K, P:0K).",,,,
2026-05-24T14:58:42.987138Z,"{'#attributes': {'Qualifiers': 0}, '#text': 330}",dc.scaffold.htb,NTDS ISAM,Directory Service,655,4,,,NTDS,"744,D,50",,,NTDSA: ,C:\Windows\NTDS\ntds.dit,0x22D8 (8920),8920 (0x22d8),9360 (0x2490),,,
2026-05-24T14:58:42.987138Z,"{'#attributes': {'Qualifiers': 0}, '#text': 326}",dc.scaffold.htb,NTDS ISAM,Directory Service,656,4,,,NTDS,"744,D,50",,,NTDSA: ,1,C:\Windows\NTDS\ntds.dit,0,"
[1] 0.000005 +J(0) +M(C:0K, Fs:1, WS:4K # 0K, PF:0K # 0K, P:0K)
[2] 0.000294 -0.000121 (1) WT +J(0) +M(C:0K, Fs:19, WS:12K # 0K, PF:8K # 0K, P:8K)
[3] 0.001782 -0.000506 (6) WT +J(CM:0, PgRf:0, Rd:0/0, Dy:0/0, Lg:3480/2) +M(C:0K, Fs:18, WS:64K # 0K, PF:132K # 0K, P:132K)
[4] 0.000066 +J(0)
[5] -
[6] -
[7] -
[8] 0.001281 -0.000168 (2) CM -0.000101 (2) WT +J(CM:2, PgRf:2, Rd:4/2, Dy:0/0, Lg:0/0) +M(C:16K, Fs:45, WS:172K # 0K, PF:220K # 0K, P:220K)
[9] 0.001103 -0.000770 (8) CM -0.000462 (8) WT +J(CM:8, PgRf:24, Rd:0/8, Dy:0/0, Lg:0/0) +M(C:-4K, Fs:30, WS:104K # 0K, PF:196K # 0K, P:196K)
[10] 0.000440 -0.000301 (4) CM -0.000170 (4) WT +J(CM:4, PgRf:40, Rd:0/4, Dy:0/0, Lg:0/0) +M(C:-4K, Fs:6, WS:12K # 0K, PF:60K # 0K, P:60K)
[11] 0.000142 -0.000095 (1) CM -0.000048 (1) WT +J(CM:1, PgRf:1, Rd:0/1, Dy:0/0, Lg:0/0) +M(C:0K, Fs:5, WS:16K # 0K, PF:0K # 0K, P:0K)
[12] 0.000035 +J(CM:0, PgRf:48, Rd:0/0, Dy:0/0, Lg:0/0) +M(C:0K, Fs:2, WS:8K # 0K, PF:0K # 0K, P:0K)
[13] 0.000001 +J(0)
[14] 0.0 +J(0)
[15] 0.000003 +J(CM:0, PgRf:1, Rd:0/0, Dy:0/0, Lg:0/0).",0 0,"lgposAttach = 00000002:09CA:0268,
dbv = 1568.20.0 (8920)",
2026-05-24T14:58:42.987138Z,"{'#attributes': {'Qualifiers': 0}, '#text': 330}",dc.scaffold.htb,NTDS ISAM,Directory Service,657,4,,,NTDS,"744,D,2",,,NTDSA: ,C:\Windows\NTDS\temp.edb,0x22D8 (8920),8920 (0x22d8),9360 (0x2490),,,
2026-05-24T14:58:42.987138Z,"{'#attributes': {'Qualifiers': 0}, '#text': 700}",dc.scaffold.htb,NTDS ISAM,Directory Service,658,4,,,NTDS,"744,D,0",,,NTDSA: ,C:\Windows\NTDS\ntds.dit,,,,,,
2026-05-24T14:58:43.080896Z,"{'#attributes': {'Qualifiers': 0}, '#text': 701}",dc.scaffold.htb,NTDS ISAM,Directory Service,659,4,,,NTDS,"744,D,0",,,NTDSA: ,C:\Windows\NTDS\ntds.dit,0,5/24/2026,0,1,1,15
2026-05-24T14:58:42.987138Z,"{'#attributes': {'Qualifiers': 16384}, '#text': 3033}",dc.scaffold.htb,Microsoft-Windows-ActiveDirectory_DomainService,Directory Service,660,4,,,,,,,,,,,,,,
2026-05-24T14:58:42.987138Z,"{'#attributes': {'Qualifiers': 16384}, '#text': 3027}",dc.scaffold.htb,Microsoft-Windows-ActiveDirectory_DomainService,Directory Service,661,4,,3600,,,,,,,,,,,,
2026-05-24T14:58:42.987138Z,"{'#attributes': {'Qualifiers': 16384}, '#text': 1869}",dc.scaffold.htb,Microsoft-Windows-ActiveDirectory_DomainService,Directory Service,662,4,,,\\dc.scaffold.htb,Default-First-Site-Name,,,,,,,,,,
2026-05-24T15:07:04.592225Z,"{'#attributes': {'Qualifiers': 16384}, '#text': 2179}",dc.scaffold.htb,Microsoft-Windows-ActiveDirectory_DomainService,Directory Service,663,4,,6522952311863616234,,,,,,,,,,,,
2026-05-24T15:07:06.810983Z,"{'#attributes': {'Qualifiers': 16384}, '#text': 1004}",dc.scaffold.htb,Microsoft-Windows-ActiveDirectory_DomainService,Directory Service,664,4,,,,,,,,,,,,,,
2026-05-24T15:32:06.943688Z,"{'#attributes': {'Qualifiers': 32768}, '#text': 3051}",dc.scaffold.htb,Microsoft-Windows-ActiveDirectory_DomainService,Directory Service,665,3,,,,,,,,,,,,,,
2026-05-24T15:32:06.943688Z,"{'#attributes': {'Qualifiers': 32768}, '#text': 3054}",dc.scaffold.htb,Microsoft-Windows-ActiveDirectory_DomainService,Directory Service,666,3,,,,,,,,,,,,,,
2026-05-24T15:32:07.022086Z,"{'#attributes': {'Qualifiers': 16384}, '#text': 2121}",dc.scaffold.htb,Microsoft-Windows-ActiveDirectory_DomainService,Directory Service,667,4,,,,,,,,,,,,,,
2026-05-24T15:32:07.022086Z,"{'#attributes': {'Qualifiers': 16384}, '#text': 2406}",dc.scaffold.htb,Microsoft-Windows-ActiveDirectory_DomainService,Directory Service,668,4,,Recycle Bin Feature,,,,,,,,,,,,
2026-05-24T15:32:07.022086Z,"{'#attributes': {'Qualifiers': 16384}, '#text': 2406}",dc.scaffold.htb,Microsoft-Windows-ActiveDirectory_DomainService,Directory Service,669,4,,Privileged Access Management Feature,,,,,,,,,,,,
2026-05-24T15:32:07.022086Z,"{'#attributes': {'Qualifiers': 16384}, '#text': 2168}",dc.scaffold.htb,Microsoft-Windows-ActiveDirectory_DomainService,Directory Service,670,4,,15019505282635490399,,,,,,,,,,,,
2026-05-24T15:32:07.022086Z,"{'#attributes': {'Qualifiers': 16384}, '#text': 2172}",dc.scaffold.htb,Microsoft-Windows-ActiveDirectory_DomainService,Directory Service,671,4,,6522952311863616234,,,,,,,,,,,,
2026-05-24T15:32:07.022086Z,"{'#attributes': {'Qualifiers': 32768}, '#text': 2170}",dc.scaffold.htb,Microsoft-Windows-ActiveDirectory_DomainService,Directory Service,672,3,,,6522952311863616234,15019505282635490399,,,,,,,,,,
2026-05-24T15:32:07.022086Z,"{'#attributes': {'Qualifiers': 16384}, '#text': 1109}",dc.scaffold.htb,Microsoft-Windows-ActiveDirectory_DomainService,Directory Service,673,4,,,70fdab6f-1997-40e8-b919-611e3f84174c,fc208aa6-c048-4e80-8aec-774553ba5a4c,,,122908,,,,,,,
2026-05-24T15:32:07.022086Z,"{'#attributes': {'Qualifiers': 16384}, '#text': 2179}",dc.scaffold.htb,Microsoft-Windows-ActiveDirectory_DomainService,Directory Service,674,4,,15019505282635490399,,,,,,,,,,,,
2026-05-24T15:32:07.037566Z,"{'#attributes': {'Qualifiers': 16384}, '#text': 2208}",dc.scaffold.htb,Microsoft-Windows-ActiveDirectory_DomainService,Directory Service,675,4,,,,,,,,,,,,,,
2026-05-24T15:32:07.037566Z,"{'#attributes': {'Qualifiers': 16384}, '#text': 2120}",dc.scaffold.htb,Microsoft-Windows-ActiveDirectory_DomainService,Directory Service,676,4,,,,,,,,,,,,,,
2026-05-24T15:32:07.037566Z,"{'#attributes': {'Qualifiers': 16384}, '#text': 2405}",dc.scaffold.htb,Microsoft-Windows-ActiveDirectory_DomainService,Directory Service,677,4,,Recycle Bin Feature,,,,,,,,,,,,
2026-05-24T15:32:07.037566Z,"{'#attributes': {'Qualifiers': 16384}, '#text': 2405}",dc.scaffold.htb,Microsoft-Windows-ActiveDirectory_DomainService,Directory Service,678,4,,Privileged Access Management Feature,,,,,,,,,,,,
2026-05-24T15:32:17.045220Z,"{'#attributes': {'Qualifiers': 32768}, '#text': 2886}",dc.scaffold.htb,Microsoft-Windows-ActiveDirectory_DomainService,Directory Service,679,3,,,,,,,,,,,,,,
2026-05-24T15:32:17.045220Z,"{'#attributes': {'Qualifiers': 32768}, '#text': 3041}",dc.scaffold.htb,Microsoft-Windows-ActiveDirectory_DomainService,Directory Service,680,3,,,,,,,,,,,,,,
2026-05-24T15:32:17.045220Z,"{'#attributes': {'Qualifiers': 16384}, '#text': 1000}",dc.scaffold.htb,Microsoft-Windows-ActiveDirectory_DomainService,Directory Service,681,4,,,,,,,,,,,,,,
2026-05-24T15:32:47.058334Z,"{'#attributes': {'Qualifiers': 16384}, '#text': 1394}",dc.scaffold.htb,Microsoft-Windows-ActiveDirectory_DomainService,Directory Service,682,4,,,,,,,,,,,,,,
2026-05-24T15:47:17.100675Z,"{'#attributes': {'Qualifiers': 0}, '#text': 102}",dc.scaffold.htb,NTDS ISAM,Directory Service,683,4,,,NTDS,"756,P,98",,,NTDSA: ,0,10,00,20348,0000,,
2026-05-24T15:47:17.100675Z,"{'#attributes': {'Qualifiers': 0}, '#text': 105}",dc.scaffold.htb,NTDS ISAM,Directory Service,684,4,,,NTDS,"756,D,0",,,NTDSA: ,0,0,"
[1] 0.000701 +J(0) +M(C:0K, Fs:143, WS:544K # 0K, PF:3364K # 356K, P:3364K)
[2] 0.000487 +J(0) +M(C:16K, Fs:92, WS:356K # 312K, PF:320K # 320K, P:320K)
[3] 0.000209 +J(0) +M(C:0K, Fs:5, WS:20K # 20K, PF:64K # 64K, P:64K)
[4] 0.004301 -0.000143 (1) WT +J(0) +M(C:0K, Fs:127, WS:432K # 432K, PF:5208K # 5208K, P:5208K)
[5] 0.000458 +J(0) +M(C:0K, Fs:4, WS:16K # 16K, PF:12K # 12K, P:12K)
[6] 0.001242 +J(0) +M(C:0K, Fs:20, WS:80K # 80K, PF:12K # 12K, P:12K)
[7] 0.011871 -0.007545 (21) WT +J(0) +M(C:0K, Fs:2579, WS:10296K # 10296K, PF:10260K # 10260K, P:10260K)
[8] -
[9] -
[10] -
[11] -
[12] -
[13] 0.010272 -0.006351 (22) WT +J(CM:0, PgRf:0, Rd:0/0, Dy:0/0, Lg:616/1) +M(C:0K, Fs:8, WS:-10216K # 24K, PF:-10256K # 12K, P:-10256K)
[14] 0.000010 +J(0)
[15] 0.000120 +J(0) +M(C:0K, Fs:205, WS:820K # 0K, PF:64K # 0K, P:64K)
[16] 0.000201 -0.000091 (1) WT +J(0) +M(C:0K, Fs:4, WS:8K # 0K, PF:4K # 0K, P:4K).",,,,
2026-05-24T15:47:17.100675Z,"{'#attributes': {'Qualifiers': 0}, '#text': 330}",dc.scaffold.htb,NTDS ISAM,Directory Service,685,4,,,NTDS,"756,D,50",,,NTDSA: ,C:\Windows\NTDS\ntds.dit,0x22D8 (8920),8920 (0x22d8),9360 (0x2490),,,
2026-05-24T15:47:17.100675Z,"{'#attributes': {'Qualifiers': 0}, '#text': 326}",dc.scaffold.htb,NTDS ISAM,Directory Service,686,4,,,NTDS,"756,D,50",,,NTDSA: ,1,C:\Windows\NTDS\ntds.dit,0,"
[1] 0.000002 +J(0) +M(C:0K, Fs:1, WS:4K # 0K, PF:0K # 0K, P:0K)
[2] 0.000214 -0.000125 (1) WT +J(0) +M(C:0K, Fs:19, WS:12K # 0K, PF:8K # 0K, P:8K)
[3] 0.001932 -0.000825 (6) WT +J(CM:0, PgRf:0, Rd:0/0, Dy:0/0, Lg:3480/2) +M(C:0K, Fs:19, WS:64K # 0K, PF:136K # 0K, P:136K)
[4] 0.000076 +J(0)
[5] -
[6] -
[7] -
[8] 0.001076 -0.000229 (2) CM -0.000128 (2) WT +J(CM:2, PgRf:2, Rd:4/2, Dy:0/0, Lg:0/0) +M(C:32K, Fs:45, WS:172K # 0K, PF:236K # 0K, P:236K)
[9] 0.000624 -0.000442 (5) CM -0.000308 (5) WT +J(CM:5, PgRf:24, Rd:0/5, Dy:0/0, Lg:0/0) +M(C:-24K, Fs:33, WS:104K # 0K, PF:184K # 0K, P:184K)
[10] 0.000499 -0.000336 (3) CM -0.000184 (3) WT +J(CM:3, PgRf:40, Rd:0/3, Dy:0/0, Lg:0/0) +M(C:-4K, Fs:5, WS:12K # 0K, PF:60K # 0K, P:60K)
[11] 0.000017 +J(CM:0, PgRf:1, Rd:0/0, Dy:0/0, Lg:0/0) +M(C:0K, Fs:4, WS:16K # 0K, PF:0K # 0K, P:0K)
[12] 0.000034 +J(CM:0, PgRf:48, Rd:0/0, Dy:0/0, Lg:0/0) +M(C:0K, Fs:2, WS:8K # 0K, PF:0K # 0K, P:0K)
[13] 0.000001 +J(0)
[14] 0.0 +J(0)
[15] 0.000003 +J(CM:0, PgRf:1, Rd:0/0, Dy:0/0, Lg:0/0).",0 0,"lgposAttach = 00000002:09DF:0268,
dbv = 1568.20.0 (8920)",
2026-05-24T15:47:17.100675Z,"{'#attributes': {'Qualifiers': 0}, '#text': 330}",dc.scaffold.htb,NTDS ISAM,Directory Service,687,4,,,NTDS,"756,D,2",,,NTDSA: ,C:\Windows\NTDS\temp.edb,0x22D8 (8920),8920 (0x22d8),9360 (0x2490),,,
2026-05-24T15:47:17.116391Z,"{'#attributes': {'Qualifiers': 0}, '#text': 700}",dc.scaffold.htb,NTDS ISAM,Directory Service,688,4,,,NTDS,"756,D,0",,,NTDSA: ,C:\Windows\NTDS\ntds.dit,,,,,,
2026-05-24T15:47:17.131956Z,"{'#attributes': {'Qualifiers': 0}, '#text': 701}",dc.scaffold.htb,NTDS ISAM,Directory Service,689,4,,,NTDS,"756,D,0",,,NTDSA: ,C:\Windows\NTDS\ntds.dit,1,5/24/2026,0,1,1,16
2026-05-24T15:47:17.100675Z,"{'#attributes': {'Qualifiers': 16384}, '#text': 3033}",dc.scaffold.htb,Microsoft-Windows-ActiveDirectory_DomainService,Directory Service,690,4,,,,,,,,,,,,,,
2026-05-24T15:47:17.100675Z,"{'#attributes': {'Qualifiers': 16384}, '#text': 3027}",dc.scaffold.htb,Microsoft-Windows-ActiveDirectory_DomainService,Directory Service,691,4,,3600,,,,,,,,,,,,
2026-05-24T15:47:17.100675Z,"{'#attributes': {'Qualifiers': 16384}, '#text': 1869}",dc.scaffold.htb,Microsoft-Windows-ActiveDirectory_DomainService,Directory Service,692,4,,,\\dc.scaffold.htb,Default-First-Site-Name,,,,,,,,,,
2026-05-24T16:30:25.936087Z,"{'#attributes': {'Qualifiers': 16384}, '#text': 2179}",dc.scaffold.htb,Microsoft-Windows-ActiveDirectory_DomainService,Directory Service,693,4,,15019505282635490399,,,,,,,,,,,,
2026-05-24T16:30:27.837687Z,"{'#attributes': {'Qualifiers': 16384}, '#text': 1004}",dc.scaffold.htb,Microsoft-Windows-ActiveDirectory_DomainService,Directory Service,694,4,,,,,,,,,,,,,,
2026-05-24T22:09:40.287809Z,"{'#attributes': {'Qualifiers': 32768}, '#text': 3051}",dc.scaffold.htb,Microsoft-Windows-ActiveDirectory_DomainService,Directory Service,695,3,,,,,,,,,,,,,,
2026-05-24T22:09:40.287809Z,"{'#attributes': {'Qualifiers': 32768}, '#text': 3054}",dc.scaffold.htb,Microsoft-Windows-ActiveDirectory_DomainService,Directory Service,696,3,,,,,,,,,,,,,,
2026-05-24T22:09:40.384094Z,"{'#attributes': {'Qualifiers': 16384}, '#text': 2121}",dc.scaffold.htb,Microsoft-Windows-ActiveDirectory_DomainService,Directory Service,697,4,,,,,,,,,,,,,,
2026-05-24T22:09:40.384094Z,"{'#attributes': {'Qualifiers': 16384}, '#text': 2406}",dc.scaffold.htb,Microsoft-Windows-ActiveDirectory_DomainService,Directory Service,698,4,,Recycle Bin Feature,,,,,,,,,,,,
2026-05-24T22:09:40.384094Z,"{'#attributes': {'Qualifiers': 16384}, '#text': 2406}",dc.scaffold.htb,Microsoft-Windows-ActiveDirectory_DomainService,Directory Service,699,4,,Privileged Access Management Feature,,,,,,,,,,,,
2026-05-24T22:09:40.384094Z,"{'#attributes': {'Qualifiers': 16384}, '#text': 2168}",dc.scaffold.htb,Microsoft-Windows-ActiveDirectory_DomainService,Directory Service,700,4,,5393941936346587461,,,,,,,,,,,,
2026-05-24T22:09:40.384094Z,"{'#attributes': {'Qualifiers': 16384}, '#text': 2172}",dc.scaffold.htb,Microsoft-Windows-ActiveDirectory_DomainService,Directory Service,701,4,,15019505282635490399,,,,,,,,,,,,
2026-05-24T22:09:40.384094Z,"{'#attributes': {'Qualifiers': 32768}, '#text': 2170}",dc.scaffold.htb,Microsoft-Windows-ActiveDirectory_DomainService,Directory Service,702,3,,,15019505282635490399,5393941936346587461,,,,,,,,,,
2026-05-24T22:09:40.384094Z,"{'#attributes': {'Qualifiers': 16384}, '#text': 1109}",dc.scaffold.htb,Microsoft-Windows-ActiveDirectory_DomainService,Directory Service,703,4,,,fc208aa6-c048-4e80-8aec-774553ba5a4c,fcc1980d-6e57-4010-b4d1-13c5d416ac9d,,,127005,,,,,,,
2026-05-24T22:09:40.384094Z,"{'#attributes': {'Qualifiers': 16384}, '#text': 2179}",dc.scaffold.htb,Microsoft-Windows-ActiveDirectory_DomainService,Directory Service,704,4,,5393941936346587461,,,,,,,,,,,,
2026-05-24T22:09:40.384094Z,"{'#attributes': {'Qualifiers': 16384}, '#text': 2208}",dc.scaffold.htb,Microsoft-Windows-ActiveDirectory_DomainService,Directory Service,705,4,,,,,,,,,,,,,,
2026-05-24T22:09:40.399573Z,"{'#attributes': {'Qualifiers': 16384}, '#text': 2120}",dc.scaffold.htb,Microsoft-Windows-ActiveDirectory_DomainService,Directory Service,706,4,,,,,,,,,,,,,,
2026-05-24T22:09:40.399573Z,"{'#attributes': {'Qualifiers': 16384}, '#text': 2405}",dc.scaffold.htb,Microsoft-Windows-ActiveDirectory_DomainService,Directory Service,707,4,,Recycle Bin Feature,,,,,,,,,,,,
2026-05-24T22:09:40.399573Z,"{'#attributes': {'Qualifiers': 16384}, '#text': 2405}",dc.scaffold.htb,Microsoft-Windows-ActiveDirectory_DomainService,Directory Service,708,4,,Privileged Access Management Feature,,,,,,,,,,,,
2026-05-24T22:09:50.407261Z,"{'#attributes': {'Qualifiers': 32768}, '#text': 2886}",dc.scaffold.htb,Microsoft-Windows-ActiveDirectory_DomainService,Directory Service,709,3,,,,,,,,,,,,,,
2026-05-24T22:09:50.407261Z,"{'#attributes': {'Qualifiers': 32768}, '#text': 3041}",dc.scaffold.htb,Microsoft-Windows-ActiveDirectory_DomainService,Directory Service,710,3,,,,,,,,,,,,,,
2026-05-24T22:09:50.407261Z,"{'#attributes': {'Qualifiers': 16384}, '#text': 1000}",dc.scaffold.htb,Microsoft-Windows-ActiveDirectory_DomainService,Directory Service,711,4,,,,,,,,,,,,,,
2026-05-24T22:10:20.441846Z,"{'#attributes': {'Qualifiers': 16384}, '#text': 1394}",dc.scaffold.htb,Microsoft-Windows-ActiveDirectory_DomainService,Directory Service,712,4,,,,,,,,,,,,,,
2026-05-24T22:24:50.494427Z,"{'#attributes': {'Qualifiers': 0}, '#text': 102}",dc.scaffold.htb,NTDS ISAM,Directory Service,713,4,,,NTDS,"748,P,98",,,NTDSA: ,0,10,00,20348,0000,,
2026-05-24T22:24:50.494427Z,"{'#attributes': {'Qualifiers': 0}, '#text': 105}",dc.scaffold.htb,NTDS ISAM,Directory Service,714,4,,,NTDS,"748,D,0",,,NTDSA: ,0,0,"
[1] 0.000573 +J(0) +M(C:0K, Fs:150, WS:572K # 0K, PF:3392K # 356K, P:3392K)
[2] 0.000824 +J(0) +M(C:16K, Fs:89, WS:348K # 304K, PF:308K # 308K, P:308K)
[3] 0.000528 +J(0) +M(C:0K, Fs:5, WS:20K # 20K, PF:64K # 64K, P:64K)
[4] 0.006253 -0.000102 (1) WT +J(0) +M(C:0K, Fs:127, WS:428K # 428K, PF:5204K # 5204K, P:5204K)
[5] 0.000500 +J(0) +M(C:0K, Fs:3, WS:12K # 12K, PF:8K # 8K, P:8K)
[6] 0.002240 +J(0) +M(C:0K, Fs:22, WS:88K # 88K, PF:20K # 20K, P:20K)
[7] 0.026383 -0.020122 (21) WT +J(0) +M(C:0K, Fs:2579, WS:10296K # 10296K, PF:10260K # 10260K, P:10260K)
[8] -
[9] -
[10] -
[11] -
[12] -
[13] 0.013255 -0.007034 (22) WT +J(CM:0, PgRf:0, Rd:0/0, Dy:0/0, Lg:616/1) +M(C:0K, Fs:8, WS:-10216K # 24K, PF:-10256K # 12K, P:-10256K)
[14] 0.000015 +J(0)
[15] 0.000158 +J(0) +M(C:0K, Fs:206, WS:820K # 0K, PF:68K # 0K, P:68K)
[16] 0.000304 -0.000134 (1) WT +J(0) +M(C:0K, Fs:3, WS:4K # 0K, PF:0K # 0K, P:0K).",,,,
2026-05-24T22:24:50.494427Z,"{'#attributes': {'Qualifiers': 0}, '#text': 330}",dc.scaffold.htb,NTDS ISAM,Directory Service,715,4,,,NTDS,"748,D,50",,,NTDSA: ,C:\Windows\NTDS\ntds.dit,0x22D8 (8920),8920 (0x22d8),9360 (0x2490),,,
2026-05-24T22:24:50.494427Z,"{'#attributes': {'Qualifiers': 0}, '#text': 326}",dc.scaffold.htb,NTDS ISAM,Directory Service,716,4,,,NTDS,"748,D,50",,,NTDSA: ,1,C:\Windows\NTDS\ntds.dit,0,"
[1] 0.000005 +J(0) +M(C:0K, Fs:1, WS:4K # 0K, PF:0K # 0K, P:0K)
[2] 0.000324 -0.000144 (1) WT +J(0) +M(C:0K, Fs:19, WS:12K # 0K, PF:8K # 0K, P:8K)
[3] 0.003877 -0.001586 (6) WT +J(CM:0, PgRf:0, Rd:0/0, Dy:0/0, Lg:3480/2) +M(C:0K, Fs:20, WS:68K # 0K, PF:136K # 0K, P:136K)
[4] 0.000068 +J(0)
[5] -
[6] -
[7] -
[8] 0.002837 -0.000542 (2) CM -0.000406 (2) WT +J(CM:2, PgRf:2, Rd:4/2, Dy:0/0, Lg:0/0) +M(C:32K, Fs:46, WS:172K # 0K, PF:240K # 0K, P:240K)
[9] 0.001041 -0.000794 (5) CM -0.000627 (5) WT +J(CM:5, PgRf:24, Rd:0/5, Dy:0/0, Lg:0/0) +M(C:-24K, Fs:32, WS:104K # 0K, PF:180K # 0K, P:180K)
[10] 0.000517 -0.000380 (3) CM -0.000278 (3) WT +J(CM:3, PgRf:40, Rd:0/3, Dy:0/0, Lg:0/0) +M(C:-4K, Fs:5, WS:12K # 0K, PF:60K # 0K, P:60K)
[11] 0.000020 +J(CM:0, PgRf:1, Rd:0/0, Dy:0/0, Lg:0/0) +M(C:0K, Fs:4, WS:16K # 0K, PF:0K # 0K, P:0K)
[12] 0.000035 +J(CM:0, PgRf:48, Rd:0/0, Dy:0/0, Lg:0/0) +M(C:0K, Fs:2, WS:8K # 0K, PF:0K # 0K, P:0K)
[13] 0.000001 +J(0)
[14] 0.0 +J(0)
[15] 0.000004 +J(CM:0, PgRf:1, Rd:0/0, Dy:0/0, Lg:0/0).",0 0,"lgposAttach = 00000003:0022:0268,
dbv = 1568.20.0 (8920)",
2026-05-24T22:24:50.494427Z,"{'#attributes': {'Qualifiers': 0}, '#text': 330}",dc.scaffold.htb,NTDS ISAM,Directory Service,717,4,,,NTDS,"748,D,2",,,NTDSA: ,C:\Windows\NTDS\temp.edb,0x22D8 (8920),8920 (0x22d8),9360 (0x2490),,,
2026-05-24T22:24:50.494427Z,"{'#attributes': {'Qualifiers': 0}, '#text': 700}",dc.scaffold.htb,NTDS ISAM,Directory Service,718,4,,,NTDS,"748,D,0",,,NTDSA: ,C:\Windows\NTDS\ntds.dit,,,,,,
2026-05-24T22:24:50.572512Z,"{'#attributes': {'Qualifiers': 0}, '#text': 701}",dc.scaffold.htb,NTDS ISAM,Directory Service,719,4,,,NTDS,"748,D,0",,,NTDSA: ,C:\Windows\NTDS\ntds.dit,1,5/24/2026,0,1,1,17
2026-05-24T22:24:50.494427Z,"{'#attributes': {'Qualifiers': 16384}, '#text': 3033}",dc.scaffold.htb,Microsoft-Windows-ActiveDirectory_DomainService,Directory Service,720,4,,,,,,,,,,,,,,
2026-05-24T22:24:50.494427Z,"{'#attributes': {'Qualifiers': 16384}, '#text': 3027}",dc.scaffold.htb,Microsoft-Windows-ActiveDirectory_DomainService,Directory Service,721,4,,3600,,,,,,,,,,,,
2026-05-24T22:24:50.494427Z,"{'#attributes': {'Qualifiers': 16384}, '#text': 1869}",dc.scaffold.htb,Microsoft-Windows-ActiveDirectory_DomainService,Directory Service,722,4,,,\\dc.scaffold.htb,Default-First-Site-Name,,,,,,,,,,
2026-05-24T22:56:03.713182Z,"{'#attributes': {'Qualifiers': 16384}, '#text': 2179}",dc.scaffold.htb,Microsoft-Windows-ActiveDirectory_DomainService,Directory Service,723,4,,5393941936346587461,,,,,,,,,,,,
2026-05-24T22:56:04.680380Z,"{'#attributes': {'Qualifiers': 16384}, '#text': 1004}",dc.scaffold.htb,Microsoft-Windows-ActiveDirectory_DomainService,Directory Service,724,4,,,,,,,,,,,,,,
2026-05-25T14:40:22.474468Z,"{'#attributes': {'Qualifiers': 32768}, '#text': 3051}",dc.scaffold.htb,Microsoft-Windows-ActiveDirectory_DomainService,Directory Service,725,3,,,,,,,,,,,,,,
2026-05-25T14:40:22.474468Z,"{'#attributes': {'Qualifiers': 32768}, '#text': 3054}",dc.scaffold.htb,Microsoft-Windows-ActiveDirectory_DomainService,Directory Service,726,3,,,,,,,,,,,,,,
2026-05-25T14:40:22.584961Z,"{'#attributes': {'Qualifiers': 16384}, '#text': 2121}",dc.scaffold.htb,Microsoft-Windows-ActiveDirectory_DomainService,Directory Service,727,4,,,,,,,,,,,,,,
2026-05-25T14:40:22.584961Z,"{'#attributes': {'Qualifiers': 16384}, '#text': 2406}",dc.scaffold.htb,Microsoft-Windows-ActiveDirectory_DomainService,Directory Service,728,4,,Recycle Bin Feature,,,,,,,,,,,,
2026-05-25T14:40:22.584961Z,"{'#attributes': {'Qualifiers': 16384}, '#text': 2406}",dc.scaffold.htb,Microsoft-Windows-ActiveDirectory_DomainService,Directory Service,729,4,,Privileged Access Management Feature,,,,,,,,,,,,
2026-05-25T14:40:22.584961Z,"{'#attributes': {'Qualifiers': 16384}, '#text': 2168}",dc.scaffold.htb,Microsoft-Windows-ActiveDirectory_DomainService,Directory Service,730,4,,15332508568834610484,,,,,,,,,,,,
2026-05-25T14:40:22.584961Z,"{'#attributes': {'Qualifiers': 16384}, '#text': 2172}",dc.scaffold.htb,Microsoft-Windows-ActiveDirectory_DomainService,Directory Service,731,4,,5393941936346587461,,,,,,,,,,,,
2026-05-25T14:40:22.584961Z,"{'#attributes': {'Qualifiers': 32768}, '#text': 2170}",dc.scaffold.htb,Microsoft-Windows-ActiveDirectory_DomainService,Directory Service,732,3,,,5393941936346587461,15332508568834610484,,,,,,,,,,
2026-05-25T14:40:22.599428Z,"{'#attributes': {'Qualifiers': 16384}, '#text': 1109}",dc.scaffold.htb,Microsoft-Windows-ActiveDirectory_DomainService,Directory Service,733,4,,,fcc1980d-6e57-4010-b4d1-13c5d416ac9d,9198a772-b6fc-4ab3-a892-8609ad17c8f3,,,131102,,,,,,,
2026-05-25T14:40:22.599428Z,"{'#attributes': {'Qualifiers': 16384}, '#text': 2179}",dc.scaffold.htb,Microsoft-Windows-ActiveDirectory_DomainService,Directory Service,734,4,,15332508568834610484,,,,,,,,,,,,
2026-05-25T14:40:22.614953Z,"{'#attributes': {'Qualifiers': 16384}, '#text': 2208}",dc.scaffold.htb,Microsoft-Windows-ActiveDirectory_DomainService,Directory Service,735,4,,,,,,,,,,,,,,
2026-05-25T14:40:22.614953Z,"{'#attributes': {'Qualifiers': 16384}, '#text': 2120}",dc.scaffold.htb,Microsoft-Windows-ActiveDirectory_DomainService,Directory Service,736,4,,,,,,,,,,,,,,
2026-05-25T14:40:22.614953Z,"{'#attributes': {'Qualifiers': 16384}, '#text': 2405}",dc.scaffold.htb,Microsoft-Windows-ActiveDirectory_DomainService,Directory Service,737,4,,Recycle Bin Feature,,,,,,,,,,,,
2026-05-25T14:40:22.614953Z,"{'#attributes': {'Qualifiers': 16384}, '#text': 2405}",dc.scaffold.htb,Microsoft-Windows-ActiveDirectory_DomainService,Directory Service,738,4,,Privileged Access Management Feature,,,,,,,,,,,,
2026-05-25T14:40:32.627162Z,"{'#attributes': {'Qualifiers': 32768}, '#text': 2886}",dc.scaffold.htb,Microsoft-Windows-ActiveDirectory_DomainService,Directory Service,739,3,,,,,,,,,,,,,,
2026-05-25T14:40:32.627162Z,"{'#attributes': {'Qualifiers': 32768}, '#text': 3041}",dc.scaffold.htb,Microsoft-Windows-ActiveDirectory_DomainService,Directory Service,740,3,,,,,,,,,,,,,,
2026-05-25T14:40:32.627162Z,"{'#attributes': {'Qualifiers': 16384}, '#text': 1000}",dc.scaffold.htb,Microsoft-Windows-ActiveDirectory_DomainService,Directory Service,741,4,,,,,,,,,,,,,,
2026-05-25T14:41:02.649970Z,"{'#attributes': {'Qualifiers': 16384}, '#text': 1394}",dc.scaffold.htb,Microsoft-Windows-ActiveDirectory_DomainService,Directory Service,742,4,,,,,,,,,,,,,,
2026-05-25T14:55:32.698381Z,"{'#attributes': {'Qualifiers': 0}, '#text': 102}",dc.scaffold.htb,NTDS ISAM,Directory Service,743,4,,,NTDS,"740,P,98",,,NTDSA: ,0,10,00,20348,0000,,
2026-05-25T14:55:32.698381Z,"{'#attributes': {'Qualifiers': 0}, '#text': 105}",dc.scaffold.htb,NTDS ISAM,Directory Service,744,4,,,NTDS,"740,D,0",,,NTDSA: ,0,0,"
[1] 0.000460 +J(0) +M(C:0K, Fs:106, WS:396K # 0K, PF:3372K # 340K, P:3372K)
[2] 0.000432 +J(0) +M(C:16K, Fs:131, WS:516K # 300K, PF:320K # 320K, P:320K)
[3] 0.000421 +J(0) +M(C:0K, Fs:6, WS:20K # 20K, PF:68K # 68K, P:68K)
[4] 0.003864 -0.000137 (1) WT +J(0) +M(C:0K, Fs:125, WS:428K # 428K, PF:5196K # 5196K, P:5196K)
[5] 0.000279 +J(0) +M(C:0K, Fs:3, WS:12K # 12K, PF:8K # 8K, P:8K)
[6] 0.001550 +J(0) +M(C:0K, Fs:23, WS:92K # 92K, PF:24K # 24K, P:24K)
[7] 0.013265 -0.009007 (21) WT +J(0) +M(C:0K, Fs:2579, WS:10296K # 10296K, PF:10260K # 10260K, P:10260K)
[8] -
[9] -
[10] -
[11] -
[12] -
[13] 0.012295 -0.007732 (22) WT +J(CM:0, PgRf:0, Rd:0/0, Dy:0/0, Lg:616/1) +M(C:0K, Fs:8, WS:-10216K # 24K, PF:-10256K # 12K, P:-10256K)
[14] 0.000012 +J(0)
[15] 0.000136 +J(0) +M(C:0K, Fs:206, WS:820K # 0K, PF:68K # 0K, P:68K)
[16] 0.000255 -0.000124 (1) WT +J(0) +M(C:0K, Fs:3, WS:4K # 0K, PF:0K # 0K, P:0K).",,,,
2026-05-25T14:55:32.698381Z,"{'#attributes': {'Qualifiers': 0}, '#text': 330}",dc.scaffold.htb,NTDS ISAM,Directory Service,745,4,,,NTDS,"740,D,50",,,NTDSA: ,C:\Windows\NTDS\ntds.dit,0x22D8 (8920),8920 (0x22d8),9360 (0x2490),,,
2026-05-25T14:55:32.698381Z,"{'#attributes': {'Qualifiers': 0}, '#text': 326}",dc.scaffold.htb,NTDS ISAM,Directory Service,746,4,,,NTDS,"740,D,50",,,NTDSA: ,1,C:\Windows\NTDS\ntds.dit,0,"
[1] 0.000003 +J(0) +M(C:0K, Fs:1, WS:4K # 0K, PF:0K # 0K, P:0K)
[2] 0.000225 -0.000120 (1) WT +J(0) +M(C:0K, Fs:19, WS:12K # 0K, PF:8K # 0K, P:8K)
[3] 0.003351 -0.001768 (6) WT +J(CM:0, PgRf:0, Rd:0/0, Dy:0/0, Lg:3480/2) +M(C:0K, Fs:19, WS:60K # 0K, PF:136K # 0K, P:136K)
[4] 0.000068 +J(0)
[5] -
[6] -
[7] -
[8] 0.001301 -0.000256 (2) CM -0.000161 (2) WT +J(CM:2, PgRf:2, Rd:4/2, Dy:0/0, Lg:0/0) +M(C:32K, Fs:44, WS:168K # 0K, PF:232K # 0K, P:232K)
[9] 0.000960 -0.000770 (5) CM -0.000584 (5) WT +J(CM:5, PgRf:24, Rd:0/5, Dy:0/0, Lg:0/0) +M(C:-24K, Fs:31, WS:100K # 0K, PF:176K # 0K, P:176K)
[10] 0.000556 -0.000430 (3) CM -0.000290 (3) WT +J(CM:3, PgRf:40, Rd:0/3, Dy:0/0, Lg:0/0) +M(C:-4K, Fs:5, WS:12K # 0K, PF:60K # 0K, P:60K)
[11] 0.000008 +J(CM:0, PgRf:1, Rd:0/0, Dy:0/0, Lg:0/0) +M(C:0K, Fs:4, WS:16K # 0K, PF:0K # 0K, P:0K)
[12] 0.000025 +J(CM:0, PgRf:48, Rd:0/0, Dy:0/0, Lg:0/0) +M(C:0K, Fs:3, WS:12K # 0K, PF:4K # 0K, P:4K)
[13] 0.0 +J(0)
[14] 0.0 +J(0)
[15] 0.000001 +J(CM:0, PgRf:1, Rd:0/0, Dy:0/0, Lg:0/0).",0 0,"lgposAttach = 00000003:006F:0268,
dbv = 1568.20.0 (8920)",
2026-05-25T14:55:32.698381Z,"{'#attributes': {'Qualifiers': 0}, '#text': 330}",dc.scaffold.htb,NTDS ISAM,Directory Service,747,4,,,NTDS,"740,D,2",,,NTDSA: ,C:\Windows\NTDS\temp.edb,0x22D8 (8920),8920 (0x22d8),9360 (0x2490),,,
2026-05-25T14:55:32.698381Z,"{'#attributes': {'Qualifiers': 0}, '#text': 700}",dc.scaffold.htb,NTDS ISAM,Directory Service,748,4,,,NTDS,"740,D,0",,,NTDSA: ,C:\Windows\NTDS\ntds.dit,,,,,,
2026-05-25T14:55:32.807764Z,"{'#attributes': {'Qualifiers': 0}, '#text': 701}",dc.scaffold.htb,NTDS ISAM,Directory Service,749,4,,,NTDS,"740,D,0",,,NTDSA: ,C:\Windows\NTDS\ntds.dit,0,5/25/2026,0,1,1,18
2026-05-25T14:55:32.698381Z,"{'#attributes': {'Qualifiers': 16384}, '#text': 3033}",dc.scaffold.htb,Microsoft-Windows-ActiveDirectory_DomainService,Directory Service,750,4,,,,,,,,,,,,,,
2026-05-25T14:55:32.698381Z,"{'#attributes': {'Qualifiers': 16384}, '#text': 3027}",dc.scaffold.htb,Microsoft-Windows-ActiveDirectory_DomainService,Directory Service,751,4,,3600,,,,,,,,,,,,
2026-05-25T14:55:32.698381Z,"{'#attributes': {'Qualifiers': 16384}, '#text': 1869}",dc.scaffold.htb,Microsoft-Windows-ActiveDirectory_DomainService,Directory Service,752,4,,,\\dc.scaffold.htb,Default-First-Site-Name,,,,,,,,,,
2026-05-25T15:56:44.148829Z,"{'#attributes': {'Qualifiers': 16384}, '#text': 2179}",dc.scaffold.htb,Microsoft-Windows-ActiveDirectory_DomainService,Directory Service,753,4,,15332508568834610484,,,,,,,,,,,,
2026-05-25T15:56:45.755084Z,"{'#attributes': {'Qualifiers': 16384}, '#text': 1004}",dc.scaffold.htb,Microsoft-Windows-ActiveDirectory_DomainService,Directory Service,754,4,,,,,,,,,,,,,,
2026-05-26T14:09:53.644651Z,"{'#attributes': {'Qualifiers': 32768}, '#text': 3051}",dc.scaffold.htb,Microsoft-Windows-ActiveDirectory_DomainService,Directory Service,755,3,,,,,,,,,,,,,,
2026-05-26T14:09:53.644651Z,"{'#attributes': {'Qualifiers': 32768}, '#text': 3054}",dc.scaffold.htb,Microsoft-Windows-ActiveDirectory_DomainService,Directory Service,756,3,,,,,,,,,,,,,,
2026-05-26T14:09:53.785608Z,"{'#attributes': {'Qualifiers': 16384}, '#text': 2121}",dc.scaffold.htb,Microsoft-Windows-ActiveDirectory_DomainService,Directory Service,757,4,,,,,,,,,,,,,,
2026-05-26T14:09:53.785608Z,"{'#attributes': {'Qualifiers': 16384}, '#text': 2406}",dc.scaffold.htb,Microsoft-Windows-ActiveDirectory_DomainService,Directory Service,758,4,,Recycle Bin Feature,,,,,,,,,,,,
2026-05-26T14:09:53.785608Z,"{'#attributes': {'Qualifiers': 16384}, '#text': 2406}",dc.scaffold.htb,Microsoft-Windows-ActiveDirectory_DomainService,Directory Service,759,4,,Privileged Access Management Feature,,,,,,,,,,,,
2026-05-26T14:09:53.785608Z,"{'#attributes': {'Qualifiers': 16384}, '#text': 2168}",dc.scaffold.htb,Microsoft-Windows-ActiveDirectory_DomainService,Directory Service,760,4,,3149889245066158878,,,,,,,,,,,,
2026-05-26T14:09:53.785608Z,"{'#attributes': {'Qualifiers': 16384}, '#text': 2172}",dc.scaffold.htb,Microsoft-Windows-ActiveDirectory_DomainService,Directory Service,761,4,,15332508568834610484,,,,,,,,,,,,
2026-05-26T14:09:53.785608Z,"{'#attributes': {'Qualifiers': 32768}, '#text': 2170}",dc.scaffold.htb,Microsoft-Windows-ActiveDirectory_DomainService,Directory Service,762,3,,,15332508568834610484,3149889245066158878,,,,,,,,,,
2026-05-26T14:09:53.785608Z,"{'#attributes': {'Qualifiers': 16384}, '#text': 1109}",dc.scaffold.htb,Microsoft-Windows-ActiveDirectory_DomainService,Directory Service,763,4,,,9198a772-b6fc-4ab3-a892-8609ad17c8f3,e2ae00c5-d902-4248-9457-3c852739ede7,,,135199,,,,,,,
2026-05-26T14:09:53.800857Z,"{'#attributes': {'Qualifiers': 16384}, '#text': 2179}",dc.scaffold.htb,Microsoft-Windows-ActiveDirectory_DomainService,Directory Service,764,4,,3149889245066158878,,,,,,,,,,,,
2026-05-26T14:09:53.800857Z,"{'#attributes': {'Qualifiers': 16384}, '#text': 2208}",dc.scaffold.htb,Microsoft-Windows-ActiveDirectory_DomainService,Directory Service,765,4,,,,,,,,,,,,,,
2026-05-26T14:09:53.800857Z,"{'#attributes': {'Qualifiers': 16384}, '#text': 2120}",dc.scaffold.htb,Microsoft-Windows-ActiveDirectory_DomainService,Directory Service,766,4,,,,,,,,,,,,,,
2026-05-26T14:09:53.800857Z,"{'#attributes': {'Qualifiers': 16384}, '#text': 2405}",dc.scaffold.htb,Microsoft-Windows-ActiveDirectory_DomainService,Directory Service,767,4,,Recycle Bin Feature,,,,,,,,,,,,
2026-05-26T14:09:53.800857Z,"{'#attributes': {'Qualifiers': 16384}, '#text': 2405}",dc.scaffold.htb,Microsoft-Windows-ActiveDirectory_DomainService,Directory Service,768,4,,Privileged Access Management Feature,,,,,,,,,,,,
2026-05-26T14:10:03.826979Z,"{'#attributes': {'Qualifiers': 32768}, '#text': 2886}",dc.scaffold.htb,Microsoft-Windows-ActiveDirectory_DomainService,Directory Service,769,3,,,,,,,,,,,,,,
2026-05-26T14:10:03.826979Z,"{'#attributes': {'Qualifiers': 32768}, '#text': 3041}",dc.scaffold.htb,Microsoft-Windows-ActiveDirectory_DomainService,Directory Service,770,3,,,,,,,,,,,,,,
2026-05-26T14:10:03.826979Z,"{'#attributes': {'Qualifiers': 16384}, '#text': 1000}",dc.scaffold.htb,Microsoft-Windows-ActiveDirectory_DomainService,Directory Service,771,4,,,,,,,,,,,,,,
