2026-05-15T14:55:50.664353Z,"{'#attributes': {'Qualifiers': 16384}, '#text': 1394}",dc.scaffold.htb,Microsoft-Windows-ActiveDirectory_DomainService,Directory Service,170,4,,,,,,,,,,,,,,
2026-05-15T15:10:31.966442Z,"{'#attributes': {'Qualifiers': 0}, '#text': 102}",dc.scaffold.htb,NTDS ISAM,Directory Service,171,4,,,NTDS,"724,P,98",,,NTDSA: ,0,10,00,20348,0000,,
2026-05-15T15:10:31.966442Z,"{'#attributes': {'Qualifiers': 0}, '#text': 105}",dc.scaffold.htb,NTDS ISAM,Directory Service,172,4,,,NTDS,"724,D,0",,,NTDSA: ,0,0,"
[1] 0.002163 +J(0) +M(C:0K, Fs:110, WS:412K # 0K, PF:3368K # 360K, P:3368K)
[2] 0.001513 +J(0) +M(C:16K, Fs:122, WS:480K # 304K, PF:304K # 304K, P:304K)
[3] 0.000507 +J(0) +M(C:0K, Fs:5, WS:20K # 20K, PF:64K # 64K, P:64K)
[4] 0.006585 -0.000098 (1) WT +J(0) +M(C:0K, Fs:129, WS:436K # 436K, PF:6028K # 6028K, P:6028K)
[5] 0.000439 +J(0) +M(C:0K, Fs:1, WS:4K # 4K, PF:0K # 0K, P:0K)
[6] 0.002328 +J(0) +M(C:0K, Fs:20, WS:80K # 80K, PF:12K # 12K, P:12K)
[7] 0.071870 -0.033942 (21) WT +J(0) +M(C:0K, Fs:2579, WS:10296K # 10296K, PF:10260K # 10260K, P:10260K)
[8] -
[9] -
[10] -
[11] -
[12] -
[13] 0.010449 -0.006163 (22) WT +J(CM:0, PgRf:0, Rd:0/0, Dy:0/0, Lg:616/1) +M(C:0K, Fs:9, WS:-10216K # 24K, PF:-10256K # 16K, P:-10256K)
[14] 0.000011 +J(0)
[15] 0.004787 +J(0) +M(C:0K, Fs:411, WS:1640K # 0K, PF:68K # 0K, P:68K)
[16] 0.000229 -0.000091 (1) WT +J(0) +M(C:0K, Fs:4, WS:4K # 0K, PF:0K # 0K, P:0K).",,,,
2026-05-15T15:10:31.966442Z,"{'#attributes': {'Qualifiers': 0}, '#text': 330}",dc.scaffold.htb,NTDS ISAM,Directory Service,173,4,,,NTDS,"724,D,50",,,NTDSA: ,C:\Windows\NTDS\ntds.dit,0x22D8 (8920),8920 (0x22d8),9360 (0x2490),,,
2026-05-15T15:10:31.966442Z,"{'#attributes': {'Qualifiers': 0}, '#text': 326}",dc.scaffold.htb,NTDS ISAM,Directory Service,174,4,,,NTDS,"724,D,50",,,NTDSA: ,1,C:\Windows\NTDS\ntds.dit,0,"
[1] 0.000002 +J(0) +M(C:0K, Fs:1, WS:4K # 0K, PF:0K # 0K, P:0K)
[2] 0.000194 -0.000084 (1) WT +J(0) +M(C:0K, Fs:20, WS:12K # 0K, PF:12K # 0K, P:12K)
[3] 0.002712 -0.001424 (6) WT +J(CM:0, PgRf:0, Rd:0/0, Dy:0/0, Lg:3480/2) +M(C:0K, Fs:21, WS:72K # 0K, PF:144K # 0K, P:144K)
[4] 0.000068 +J(0)
[5] -
[6] -
[7] -
[8] 0.002477 -0.000253 (2) CM -0.000142 (2) WT +J(CM:2, PgRf:2, Rd:4/2, Dy:0/0, Lg:0/0) +M(C:16K, Fs:45, WS:172K # 0K, PF:220K # 0K, P:220K)
[9] 0.002519 -0.001988 (8) CM -0.001684 (8) WT +J(CM:8, PgRf:24, Rd:0/8, Dy:0/0, Lg:0/0) +M(C:-4K, Fs:30, WS:104K # 0K, PF:196K # 0K, P:196K)
[10] 0.000967 -0.000693 (4) CM -0.000495 (4) WT +J(CM:4, PgRf:40, Rd:0/4, Dy:0/0, Lg:0/0) +M(C:-4K, Fs:7, WS:16K # 0K, PF:64K # 0K, P:64K)
[11] 0.000276 -0.000110 (1) CM -0.000061 (1) WT +J(CM:1, PgRf:1, Rd:0/1, Dy:0/0, Lg:0/0) +M(C:0K, Fs:5, WS:16K # 0K, PF:0K # 0K, P:0K)
[12] 0.000031 +J(CM:0, PgRf:48, Rd:0/0, Dy:0/0, Lg:0/0) +M(C:0K, Fs:2, WS:8K # 0K, PF:0K # 0K, P:0K)
[13] 0.0 +J(0)
[14] 0.0 +J(0)
[15] 0.000003 +J(CM:0, PgRf:1, Rd:0/0, Dy:0/0, Lg:0/0).",0 0,"lgposAttach = 00000002:0738:0268,
dbv = 1568.20.0 (8920)",
2026-05-15T15:10:31.966442Z,"{'#attributes': {'Qualifiers': 0}, '#text': 330}",dc.scaffold.htb,NTDS ISAM,Directory Service,175,4,,,NTDS,"724,D,2",,,NTDSA: ,C:\Windows\NTDS\temp.edb,0x22D8 (8920),8920 (0x22d8),9360 (0x2490),,,
2026-05-15T15:10:31.966442Z,"{'#attributes': {'Qualifiers': 0}, '#text': 700}",dc.scaffold.htb,NTDS ISAM,Directory Service,176,4,,,NTDS,"724,D,0",,,NTDSA: ,C:\Windows\NTDS\ntds.dit,,,,,,
2026-05-15T15:10:32.108618Z,"{'#attributes': {'Qualifiers': 0}, '#text': 701}",dc.scaffold.htb,NTDS ISAM,Directory Service,177,4,,,NTDS,"724,D,0",,,NTDSA: ,C:\Windows\NTDS\ntds.dit,2,5/15/2026,0,1,1,6
2026-05-15T15:10:31.966442Z,"{'#attributes': {'Qualifiers': 16384}, '#text': 3033}",dc.scaffold.htb,Microsoft-Windows-ActiveDirectory_DomainService,Directory Service,178,4,,,,,,,,,,,,,,
2026-05-15T15:10:31.966442Z,"{'#attributes': {'Qualifiers': 16384}, '#text': 3027}",dc.scaffold.htb,Microsoft-Windows-ActiveDirectory_DomainService,Directory Service,179,4,,3600,,,,,,,,,,,,
2026-05-15T15:10:31.966442Z,"{'#attributes': {'Qualifiers': 16384}, '#text': 1869}",dc.scaffold.htb,Microsoft-Windows-ActiveDirectory_DomainService,Directory Service,180,4,,,\\dc.scaffold.htb,Default-First-Site-Name,,,,,,,,,,
2026-05-15T15:13:42.005347Z,"{'#attributes': {'Qualifiers': 16384}, '#text': 2179}",dc.scaffold.htb,Microsoft-Windows-ActiveDirectory_DomainService,Directory Service,181,4,,2991723996884354776,,,,,,,,,,,,
2026-05-15T15:13:43.589683Z,"{'#attributes': {'Qualifiers': 16384}, '#text': 1004}",dc.scaffold.htb,Microsoft-Windows-ActiveDirectory_DomainService,Directory Service,182,4,,,,,,,,,,,,,,
2026-05-15T15:16:48.788946Z,"{'#attributes': {'Qualifiers': 32768}, '#text': 3051}",dc.scaffold.htb,Microsoft-Windows-ActiveDirectory_DomainService,Directory Service,183,3,,,,,,,,,,,,,,
2026-05-15T15:16:48.788946Z,"{'#attributes': {'Qualifiers': 32768}, '#text': 3054}",dc.scaffold.htb,Microsoft-Windows-ActiveDirectory_DomainService,Directory Service,184,3,,,,,,,,,,,,,,
2026-05-15T15:16:48.898997Z,"{'#attributes': {'Qualifiers': 16384}, '#text': 2121}",dc.scaffold.htb,Microsoft-Windows-ActiveDirectory_DomainService,Directory Service,185,4,,,,,,,,,,,,,,
2026-05-15T15:16:48.898997Z,"{'#attributes': {'Qualifiers': 16384}, '#text': 2406}",dc.scaffold.htb,Microsoft-Windows-ActiveDirectory_DomainService,Directory Service,186,4,,Recycle Bin Feature,,,,,,,,,,,,
2026-05-15T15:16:48.898997Z,"{'#attributes': {'Qualifiers': 16384}, '#text': 2406}",dc.scaffold.htb,Microsoft-Windows-ActiveDirectory_DomainService,Directory Service,187,4,,Privileged Access Management Feature,,,,,,,,,,,,
2026-05-15T15:16:48.898997Z,"{'#attributes': {'Qualifiers': 16384}, '#text': 2168}",dc.scaffold.htb,Microsoft-Windows-ActiveDirectory_DomainService,Directory Service,188,4,,2991723996884354776,,,,,,,,,,,,
2026-05-15T15:16:48.898997Z,"{'#attributes': {'Qualifiers': 16384}, '#text': 2172}",dc.scaffold.htb,Microsoft-Windows-ActiveDirectory_DomainService,Directory Service,189,4,,2991723996884354776,,,,,,,,,,,,
2026-05-15T15:16:48.898997Z,"{'#attributes': {'Qualifiers': 16384}, '#text': 2120}",dc.scaffold.htb,Microsoft-Windows-ActiveDirectory_DomainService,Directory Service,190,4,,,,,,,,,,,,,,
2026-05-15T15:16:48.898997Z,"{'#attributes': {'Qualifiers': 16384}, '#text': 2405}",dc.scaffold.htb,Microsoft-Windows-ActiveDirectory_DomainService,Directory Service,191,4,,Recycle Bin Feature,,,,,,,,,,,,
2026-05-15T15:16:48.898997Z,"{'#attributes': {'Qualifiers': 16384}, '#text': 2405}",dc.scaffold.htb,Microsoft-Windows-ActiveDirectory_DomainService,Directory Service,192,4,,Privileged Access Management Feature,,,,,,,,,,,,
2026-05-15T15:16:58.924414Z,"{'#attributes': {'Qualifiers': 32768}, '#text': 2886}",dc.scaffold.htb,Microsoft-Windows-ActiveDirectory_DomainService,Directory Service,193,3,,,,,,,,,,,,,,
2026-05-15T15:16:58.924414Z,"{'#attributes': {'Qualifiers': 32768}, '#text': 3041}",dc.scaffold.htb,Microsoft-Windows-ActiveDirectory_DomainService,Directory Service,194,3,,,,,,,,,,,,,,
2026-05-15T15:16:58.924414Z,"{'#attributes': {'Qualifiers': 16384}, '#text': 1000}",dc.scaffold.htb,Microsoft-Windows-ActiveDirectory_DomainService,Directory Service,195,4,,,,,,,,,,,,,,
2026-05-15T15:17:28.927467Z,"{'#attributes': {'Qualifiers': 16384}, '#text': 1394}",dc.scaffold.htb,Microsoft-Windows-ActiveDirectory_DomainService,Directory Service,196,4,,,,,,,,,,,,,,
2026-05-17T13:52:12.065951Z,"{'#attributes': {'Qualifiers': 32768}, '#text': 3051}",dc.scaffold.htb,Microsoft-Windows-ActiveDirectory_DomainService,Directory Service,197,3,,,,,,,,,,,,,,
2026-05-17T13:52:12.065951Z,"{'#attributes': {'Qualifiers': 32768}, '#text': 3054}",dc.scaffold.htb,Microsoft-Windows-ActiveDirectory_DomainService,Directory Service,198,3,,,,,,,,,,,,,,
2026-05-17T13:52:12.145747Z,"{'#attributes': {'Qualifiers': 16384}, '#text': 2121}",dc.scaffold.htb,Microsoft-Windows-ActiveDirectory_DomainService,Directory Service,199,4,,,,,,,,,,,,,,
2026-05-17T13:52:12.145747Z,"{'#attributes': {'Qualifiers': 16384}, '#text': 2406}",dc.scaffold.htb,Microsoft-Windows-ActiveDirectory_DomainService,Directory Service,200,4,,Recycle Bin Feature,,,,,,,,,,,,
2026-05-17T13:52:12.145747Z,"{'#attributes': {'Qualifiers': 16384}, '#text': 2406}",dc.scaffold.htb,Microsoft-Windows-ActiveDirectory_DomainService,Directory Service,201,4,,Privileged Access Management Feature,,,,,,,,,,,,
2026-05-17T13:52:12.145747Z,"{'#attributes': {'Qualifiers': 16384}, '#text': 2168}",dc.scaffold.htb,Microsoft-Windows-ActiveDirectory_DomainService,Directory Service,202,4,,7590016471179186184,,,,,,,,,,,,
2026-05-17T13:52:12.145747Z,"{'#attributes': {'Qualifiers': 16384}, '#text': 2172}",dc.scaffold.htb,Microsoft-Windows-ActiveDirectory_DomainService,Directory Service,203,4,,2991723996884354776,,,,,,,,,,,,
2026-05-17T13:52:12.145747Z,"{'#attributes': {'Qualifiers': 32768}, '#text': 2170}",dc.scaffold.htb,Microsoft-Windows-ActiveDirectory_DomainService,Directory Service,204,3,,,2991723996884354776,7590016471179186184,,,,,,,,,,
2026-05-17T13:52:12.145747Z,"{'#attributes': {'Qualifiers': 16384}, '#text': 1109}",dc.scaffold.htb,Microsoft-Windows-ActiveDirectory_DomainService,Directory Service,205,4,,,1e5b1de9-2cb0-43c4-9851-58e561598121,aa1b9b8d-f646-42aa-84dc-bbbd833bcde7,,,36871,,,,,,,
2026-05-17T13:52:12.160715Z,"{'#attributes': {'Qualifiers': 16384}, '#text': 2179}",dc.scaffold.htb,Microsoft-Windows-ActiveDirectory_DomainService,Directory Service,206,4,,7590016471179186184,,,,,,,,,,,,
2026-05-17T13:52:12.160715Z,"{'#attributes': {'Qualifiers': 16384}, '#text': 2208}",dc.scaffold.htb,Microsoft-Windows-ActiveDirectory_DomainService,Directory Service,207,4,,,,,,,,,,,,,,
2026-05-17T13:52:12.160715Z,"{'#attributes': {'Qualifiers': 16384}, '#text': 2120}",dc.scaffold.htb,Microsoft-Windows-ActiveDirectory_DomainService,Directory Service,208,4,,,,,,,,,,,,,,
2026-05-17T13:52:12.160715Z,"{'#attributes': {'Qualifiers': 16384}, '#text': 2405}",dc.scaffold.htb,Microsoft-Windows-ActiveDirectory_DomainService,Directory Service,209,4,,Recycle Bin Feature,,,,,,,,,,,,
2026-05-17T13:52:12.160715Z,"{'#attributes': {'Qualifiers': 16384}, '#text': 2405}",dc.scaffold.htb,Microsoft-Windows-ActiveDirectory_DomainService,Directory Service,210,4,,Privileged Access Management Feature,,,,,,,,,,,,
2026-05-17T13:52:22.166202Z,"{'#attributes': {'Qualifiers': 32768}, '#text': 2886}",dc.scaffold.htb,Microsoft-Windows-ActiveDirectory_DomainService,Directory Service,211,3,,,,,,,,,,,,,,
2026-05-17T13:52:22.166202Z,"{'#attributes': {'Qualifiers': 32768}, '#text': 3041}",dc.scaffold.htb,Microsoft-Windows-ActiveDirectory_DomainService,Directory Service,212,3,,,,,,,,,,,,,,
2026-05-17T13:52:22.166202Z,"{'#attributes': {'Qualifiers': 16384}, '#text': 1000}",dc.scaffold.htb,Microsoft-Windows-ActiveDirectory_DomainService,Directory Service,213,4,,,,,,,,,,,,,,
2026-05-17T13:52:52.183700Z,"{'#attributes': {'Qualifiers': 16384}, '#text': 1394}",dc.scaffold.htb,Microsoft-Windows-ActiveDirectory_DomainService,Directory Service,214,4,,,,,,,,,,,,,,
2026-05-17T14:07:22.248337Z,"{'#attributes': {'Qualifiers': 16384}, '#text': 3033}",dc.scaffold.htb,Microsoft-Windows-ActiveDirectory_DomainService,Directory Service,215,4,,,,,,,,,,,,,,
2026-05-17T14:07:22.248337Z,"{'#attributes': {'Qualifiers': 16384}, '#text': 3027}",dc.scaffold.htb,Microsoft-Windows-ActiveDirectory_DomainService,Directory Service,216,4,,3600,,,,,,,,,,,,
2026-05-17T14:07:22.248337Z,"{'#attributes': {'Qualifiers': 16384}, '#text': 1869}",dc.scaffold.htb,Microsoft-Windows-ActiveDirectory_DomainService,Directory Service,217,4,,,\\dc.scaffold.htb,Default-First-Site-Name,,,,,,,,,,
2026-05-17T14:29:28.989883Z,"{'#attributes': {'Qualifiers': 16384}, '#text': 2179}",dc.scaffold.htb,Microsoft-Windows-ActiveDirectory_DomainService,Directory Service,218,4,,7590016471179186184,,,,,,,,,,,,
2026-05-17T14:29:30.864526Z,"{'#attributes': {'Qualifiers': 16384}, '#text': 1004}",dc.scaffold.htb,Microsoft-Windows-ActiveDirectory_DomainService,Directory Service,219,4,,,,,,,,,,,,,,
2026-05-17T14:30:54.394085Z,"{'#attributes': {'Qualifiers': 32768}, '#text': 3051}",dc.scaffold.htb,Microsoft-Windows-ActiveDirectory_DomainService,Directory Service,220,3,,,,,,,,,,,,,,
2026-05-17T14:30:54.394085Z,"{'#attributes': {'Qualifiers': 32768}, '#text': 3054}",dc.scaffold.htb,Microsoft-Windows-ActiveDirectory_DomainService,Directory Service,221,3,,,,,,,,,,,,,,
2026-05-17T14:30:54.519163Z,"{'#attributes': {'Qualifiers': 16384}, '#text': 2121}",dc.scaffold.htb,Microsoft-Windows-ActiveDirectory_DomainService,Directory Service,222,4,,,,,,,,,,,,,,
2026-05-17T14:30:54.519163Z,"{'#attributes': {'Qualifiers': 16384}, '#text': 2406}",dc.scaffold.htb,Microsoft-Windows-ActiveDirectory_DomainService,Directory Service,223,4,,Recycle Bin Feature,,,,,,,,,,,,
2026-05-17T14:30:54.519163Z,"{'#attributes': {'Qualifiers': 16384}, '#text': 2406}",dc.scaffold.htb,Microsoft-Windows-ActiveDirectory_DomainService,Directory Service,224,4,,Privileged Access Management Feature,,,,,,,,,,,,
2026-05-17T14:30:54.519163Z,"{'#attributes': {'Qualifiers': 16384}, '#text': 2168}",dc.scaffold.htb,Microsoft-Windows-ActiveDirectory_DomainService,Directory Service,225,4,,7590016471179186184,,,,,,,,,,,,
2026-05-17T14:30:54.519163Z,"{'#attributes': {'Qualifiers': 16384}, '#text': 2172}",dc.scaffold.htb,Microsoft-Windows-ActiveDirectory_DomainService,Directory Service,226,4,,7590016471179186184,,,,,,,,,,,,
2026-05-17T14:30:54.519163Z,"{'#attributes': {'Qualifiers': 16384}, '#text': 2120}",dc.scaffold.htb,Microsoft-Windows-ActiveDirectory_DomainService,Directory Service,227,4,,,,,,,,,,,,,,
2026-05-17T14:30:54.519163Z,"{'#attributes': {'Qualifiers': 16384}, '#text': 2405}",dc.scaffold.htb,Microsoft-Windows-ActiveDirectory_DomainService,Directory Service,228,4,,Recycle Bin Feature,,,,,,,,,,,,
2026-05-17T14:30:54.519163Z,"{'#attributes': {'Qualifiers': 16384}, '#text': 2405}",dc.scaffold.htb,Microsoft-Windows-ActiveDirectory_DomainService,Directory Service,229,4,,Privileged Access Management Feature,,,,,,,,,,,,
2026-05-17T14:31:04.538271Z,"{'#attributes': {'Qualifiers': 32768}, '#text': 2886}",dc.scaffold.htb,Microsoft-Windows-ActiveDirectory_DomainService,Directory Service,230,3,,,,,,,,,,,,,,
2026-05-17T14:31:04.538271Z,"{'#attributes': {'Qualifiers': 32768}, '#text': 3041}",dc.scaffold.htb,Microsoft-Windows-ActiveDirectory_DomainService,Directory Service,231,3,,,,,,,,,,,,,,
2026-05-17T14:31:04.538271Z,"{'#attributes': {'Qualifiers': 16384}, '#text': 1000}",dc.scaffold.htb,Microsoft-Windows-ActiveDirectory_DomainService,Directory Service,232,4,,,,,,,,,,,,,,
2026-05-17T14:31:34.549166Z,"{'#attributes': {'Qualifiers': 16384}, '#text': 1394}",dc.scaffold.htb,Microsoft-Windows-ActiveDirectory_DomainService,Directory Service,233,4,,,,,,,,,,,,,,
2026-05-17T14:46:04.609681Z,"{'#attributes': {'Qualifiers': 0}, '#text': 102}",dc.scaffold.htb,NTDS ISAM,Directory Service,234,4,,,NTDS,"724,P,98",,,NTDSA: ,0,10,00,20348,0000,,
2026-05-17T14:46:04.609681Z,"{'#attributes': {'Qualifiers': 0}, '#text': 105}",dc.scaffold.htb,NTDS ISAM,Directory Service,235,4,,,NTDS,"724,D,0",,,NTDSA: ,0,0,"
[1] 0.000801 +J(0) +M(C:0K, Fs:152, WS:580K # 0K, PF:3400K # 356K, P:3400K)
[2] 0.000579 +J(0) +M(C:16K, Fs:88, WS:348K # 304K, PF:304K # 304K, P:304K)
[3] 0.000381 +J(0) +M(C:0K, Fs:5, WS:20K # 20K, PF:64K # 64K, P:64K)
[4] 0.006087 -0.000119 (1) WT +J(0) +M(C:0K, Fs:129, WS:440K # 440K, PF:5220K # 5220K, P:5220K)
[5] 0.000458 +J(0) +M(C:0K, Fs:1, WS:4K # 4K, PF:0K # 0K, P:0K)
[6] 0.002401 +J(0) +M(C:0K, Fs:20, WS:80K # 80K, PF:12K # 12K, P:12K)
[7] 0.021254 -0.015653 (21) WT +J(0) +M(C:0K, Fs:2580, WS:10296K # 10296K, PF:10260K # 10260K, P:10260K)
[8] -
[9] -
[10] -
[11] -
[12] -
[13] 0.009838 -0.005391 (22) WT +J(CM:0, PgRf:0, Rd:0/0, Dy:0/0, Lg:616/1) +M(C:0K, Fs:9, WS:-10216K # 24K, PF:-10256K # 12K, P:-10256K)
[14] 0.000013 +J(0)
[15] 0.000139 +J(0) +M(C:0K, Fs:205, WS:820K # 0K, PF:64K # 0K, P:64K)
[16] 0.000240 -0.000110 (1) WT +J(0) +M(C:0K, Fs:3, WS:4K # 0K, PF:0K # 0K, P:0K).",,,,
2026-05-17T14:46:04.609681Z,"{'#attributes': {'Qualifiers': 0}, '#text': 330}",dc.scaffold.htb,NTDS ISAM,Directory Service,236,4,,,NTDS,"724,D,50",,,NTDSA: ,C:\Windows\NTDS\ntds.dit,0x22D8 (8920),8920 (0x22d8),9360 (0x2490),,,
2026-05-17T14:46:04.609681Z,"{'#attributes': {'Qualifiers': 0}, '#text': 326}",dc.scaffold.htb,NTDS ISAM,Directory Service,237,4,,,NTDS,"724,D,50",,,NTDSA: ,1,C:\Windows\NTDS\ntds.dit,0,"
[1] 0.000002 +J(0) +M(C:0K, Fs:1, WS:4K # 0K, PF:0K # 0K, P:0K)
[2] 0.000205 -0.000101 (1) WT +J(0) +M(C:0K, Fs:20, WS:12K # 0K, PF:8K # 0K, P:8K)
[3] 0.002791 -0.001322 (6) WT +J(CM:0, PgRf:0, Rd:0/0, Dy:0/0, Lg:3480/2) +M(C:0K, Fs:22, WS:72K # 0K, PF:148K # 0K, P:148K)
[4] 0.000074 +J(0)
[5] -
[6] -
[7] -
[8] 0.001857 -0.000231 (2) CM -0.000128 (2) WT +J(CM:2, PgRf:2, Rd:6/2, Dy:0/0, Lg:0/0) +M(C:32K, Fs:49, WS:188K # 0K, PF:236K # 0K, P:236K)
[9] 0.001691 -0.001441 (7) CM -0.001193 (7) WT +J(CM:7, PgRf:24, Rd:0/7, Dy:0/0, Lg:0/0) +M(C:-8K, Fs:30, WS:104K # 0K, PF:196K # 0K, P:196K)
[10] 0.000551 -0.000369 (3) CM -0.000243 (3) WT +J(CM:3, PgRf:40, Rd:0/3, Dy:0/0, Lg:0/0) +M(C:-4K, Fs:5, WS:12K # 0K, PF:60K # 0K, P:60K)
[11] 0.000008 +J(CM:0, PgRf:1, Rd:0/0, Dy:0/0, Lg:0/0) +M(C:0K, Fs:4, WS:16K # 0K, PF:0K # 0K, P:0K)
[12] 0.000019 +J(CM:0, PgRf:48, Rd:0/0, Dy:0/0, Lg:0/0) +M(C:0K, Fs:2, WS:8K # 0K, PF:0K # 0K, P:0K)
[13] 0.0 +J(0)
[14] 0.0 +J(0)
[15] 0.000001 +J(CM:0, PgRf:1, Rd:0/0, Dy:0/0, Lg:0/0).",0 0,"lgposAttach = 00000002:078C:0268,
dbv = 1568.20.0 (8920)",
2026-05-17T14:46:04.609681Z,"{'#attributes': {'Qualifiers': 0}, '#text': 330}",dc.scaffold.htb,NTDS ISAM,Directory Service,238,4,,,NTDS,"724,D,2",,,NTDSA: ,C:\Windows\NTDS\temp.edb,0x22D8 (8920),8920 (0x22d8),9360 (0x2490),,,
2026-05-17T14:46:04.609681Z,"{'#attributes': {'Qualifiers': 0}, '#text': 700}",dc.scaffold.htb,NTDS ISAM,Directory Service,239,4,,,NTDS,"724,D,0",,,NTDSA: ,C:\Windows\NTDS\ntds.dit,,,,,,
2026-05-17T14:46:04.719058Z,"{'#attributes': {'Qualifiers': 0}, '#text': 701}",dc.scaffold.htb,NTDS ISAM,Directory Service,240,4,,,NTDS,"724,D,0",,,NTDSA: ,C:\Windows\NTDS\ntds.dit,0,5/17/2026,0,1,1,7
2026-05-17T14:46:04.609681Z,"{'#attributes': {'Qualifiers': 16384}, '#text': 3033}",dc.scaffold.htb,Microsoft-Windows-ActiveDirectory_DomainService,Directory Service,241,4,,,,,,,,,,,,,,
2026-05-17T14:46:04.609681Z,"{'#attributes': {'Qualifiers': 16384}, '#text': 3027}",dc.scaffold.htb,Microsoft-Windows-ActiveDirectory_DomainService,Directory Service,242,4,,3600,,,,,,,,,,,,
2026-05-17T14:46:04.609681Z,"{'#attributes': {'Qualifiers': 16384}, '#text': 1869}",dc.scaffold.htb,Microsoft-Windows-ActiveDirectory_DomainService,Directory Service,243,4,,,\\dc.scaffold.htb,Default-First-Site-Name,,,,,,,,,,
2026-05-17T15:09:16.625436Z,"{'#attributes': {'Qualifiers': 16384}, '#text': 2179}",dc.scaffold.htb,Microsoft-Windows-ActiveDirectory_DomainService,Directory Service,244,4,,7590016471179186184,,,,,,,,,,,,
2026-05-17T15:09:17.625407Z,"{'#attributes': {'Qualifiers': 16384}, '#text': 1004}",dc.scaffold.htb,Microsoft-Windows-ActiveDirectory_DomainService,Directory Service,245,4,,,,,,,,,,,,,,
2026-05-17T15:10:26.783393Z,"{'#attributes': {'Qualifiers': 32768}, '#text': 3051}",dc.scaffold.htb,Microsoft-Windows-ActiveDirectory_DomainService,Directory Service,246,3,,,,,,,,,,,,,,
2026-05-17T15:10:26.783393Z,"{'#attributes': {'Qualifiers': 32768}, '#text': 3054}",dc.scaffold.htb,Microsoft-Windows-ActiveDirectory_DomainService,Directory Service,247,3,,,,,,,,,,,,,,
2026-05-17T15:10:26.863040Z,"{'#attributes': {'Qualifiers': 16384}, '#text': 2121}",dc.scaffold.htb,Microsoft-Windows-ActiveDirectory_DomainService,Directory Service,248,4,,,,,,,,,,,,,,
2026-05-17T15:10:26.863040Z,"{'#attributes': {'Qualifiers': 16384}, '#text': 2406}",dc.scaffold.htb,Microsoft-Windows-ActiveDirectory_DomainService,Directory Service,249,4,,Recycle Bin Feature,,,,,,,,,,,,
2026-05-17T15:10:26.863040Z,"{'#attributes': {'Qualifiers': 16384}, '#text': 2406}",dc.scaffold.htb,Microsoft-Windows-ActiveDirectory_DomainService,Directory Service,250,4,,Privileged Access Management Feature,,,,,,,,,,,,
2026-05-17T15:10:26.863040Z,"{'#attributes': {'Qualifiers': 16384}, '#text': 2168}",dc.scaffold.htb,Microsoft-Windows-ActiveDirectory_DomainService,Directory Service,251,4,,7590016471179186184,,,,,,,,,,,,
2026-05-17T15:10:26.863040Z,"{'#attributes': {'Qualifiers': 16384}, '#text': 2172}",dc.scaffold.htb,Microsoft-Windows-ActiveDirectory_DomainService,Directory Service,252,4,,7590016471179186184,,,,,,,,,,,,
2026-05-17T15:10:26.863040Z,"{'#attributes': {'Qualifiers': 16384}, '#text': 2120}",dc.scaffold.htb,Microsoft-Windows-ActiveDirectory_DomainService,Directory Service,253,4,,,,,,,,,,,,,,
2026-05-17T15:10:26.863040Z,"{'#attributes': {'Qualifiers': 16384}, '#text': 2405}",dc.scaffold.htb,Microsoft-Windows-ActiveDirectory_DomainService,Directory Service,254,4,,Recycle Bin Feature,,,,,,,,,,,,
2026-05-17T15:10:26.863040Z,"{'#attributes': {'Qualifiers': 16384}, '#text': 2405}",dc.scaffold.htb,Microsoft-Windows-ActiveDirectory_DomainService,Directory Service,255,4,,Privileged Access Management Feature,,,,,,,,,,,,
2026-05-17T15:10:36.877657Z,"{'#attributes': {'Qualifiers': 32768}, '#text': 2886}",dc.scaffold.htb,Microsoft-Windows-ActiveDirectory_DomainService,Directory Service,256,3,,,,,,,,,,,,,,
2026-05-17T15:10:36.877657Z,"{'#attributes': {'Qualifiers': 32768}, '#text': 3041}",dc.scaffold.htb,Microsoft-Windows-ActiveDirectory_DomainService,Directory Service,257,3,,,,,,,,,,,,,,
2026-05-17T15:10:36.877657Z,"{'#attributes': {'Qualifiers': 16384}, '#text': 1000}",dc.scaffold.htb,Microsoft-Windows-ActiveDirectory_DomainService,Directory Service,258,4,,,,,,,,,,,,,,
2026-05-17T15:11:06.900200Z,"{'#attributes': {'Qualifiers': 16384}, '#text': 1394}",dc.scaffold.htb,Microsoft-Windows-ActiveDirectory_DomainService,Directory Service,259,4,,,,,,,,,,,,,,
2026-05-17T15:25:36.933176Z,"{'#attributes': {'Qualifiers': 0}, '#text': 102}",dc.scaffold.htb,NTDS ISAM,Directory Service,260,4,,,NTDS,"744,P,98",,,NTDSA: ,0,10,00,20348,0000,,
2026-05-17T15:25:36.933176Z,"{'#attributes': {'Qualifiers': 0}, '#text': 105}",dc.scaffold.htb,NTDS ISAM,Directory Service,261,4,,,NTDS,"744,D,0",,,NTDSA: ,0,0,"
[1] 0.000611 +J(0) +M(C:0K, Fs:143, WS:544K # 0K, PF:3364K # 356K, P:3364K)
[2] 0.000640 +J(0) +M(C:16K, Fs:92, WS:356K # 312K, PF:320K # 320K, P:320K)
[3] 0.000416 +J(0) +M(C:0K, Fs:5, WS:20K # 20K, PF:64K # 64K, P:64K)
[4] 0.005658 -0.000296 (1) WT +J(0) +M(C:0K, Fs:125, WS:428K # 428K, PF:5200K # 5200K, P:5200K)
[5] 0.000392 +J(0) +M(C:0K, Fs:2, WS:8K # 8K, PF:4K # 4K, P:4K)
[6] 0.001792 +J(0) +M(C:0K, Fs:21, WS:80K # 80K, PF:16K # 16K, P:16K)
[7] 0.019551 -0.014809 (21) WT +J(0) +M(C:0K, Fs:2579, WS:10296K # 10296K, PF:10260K # 10260K, P:10260K)
[8] -
[9] -
[10] -
[11] -
[12] -
[13] 0.012636 -0.007326 (22) WT +J(CM:0, PgRf:0, Rd:0/0, Dy:0/0, Lg:616/1) +M(C:0K, Fs:8, WS:-10216K # 24K, PF:-10256K # 12K, P:-10256K)
[14] 0.000023 +J(0)
[15] 0.000186 +J(0) +M(C:0K, Fs:206, WS:820K # 0K, PF:68K # 0K, P:68K)
[16] 0.000277 -0.000132 (1) WT +J(0) +M(C:0K, Fs:3, WS:4K # 0K, PF:0K # 0K, P:0K).",,,,
2026-05-17T15:25:36.933176Z,"{'#attributes': {'Qualifiers': 0}, '#text': 330}",dc.scaffold.htb,NTDS ISAM,Directory Service,262,4,,,NTDS,"744,D,50",,,NTDSA: ,C:\Windows\NTDS\ntds.dit,0x22D8 (8920),8920 (0x22d8),9360 (0x2490),,,
2026-05-17T15:25:36.933176Z,"{'#attributes': {'Qualifiers': 0}, '#text': 326}",dc.scaffold.htb,NTDS ISAM,Directory Service,263,4,,,NTDS,"744,D,50",,,NTDSA: ,1,C:\Windows\NTDS\ntds.dit,0,"
[1] 0.000004 +J(0) +M(C:0K, Fs:1, WS:4K # 0K, PF:0K # 0K, P:0K)
[2] 0.000351 -0.000211 (1) WT +J(0) +M(C:0K, Fs:19, WS:12K # 0K, PF:8K # 0K, P:8K)
[3] 0.002228 -0.000746 (6) WT +J(CM:0, PgRf:0, Rd:0/0, Dy:0/0, Lg:3480/2) +M(C:0K, Fs:22, WS:76K # 0K, PF:148K # 0K, P:148K)
[4] 0.000066 +J(0)
[5] -
[6] -
[7] -
[8] 0.002076 -0.000289 (2) CM -0.000195 (2) WT +J(CM:2, PgRf:2, Rd:4/2, Dy:0/0, Lg:0/0) +M(C:32K, Fs:45, WS:172K # 0K, PF:236K # 0K, P:236K)
[9] 0.001027 -0.000807 (5) CM -0.000606 (5) WT +J(CM:5, PgRf:24, Rd:0/5, Dy:0/0, Lg:0/0) +M(C:-24K, Fs:31, WS:100K # 0K, PF:176K # 0K, P:176K)
[10] 0.000745 -0.000494 (3) CM -0.000306 (3) WT +J(CM:3, PgRf:40, Rd:0/3, Dy:0/0, Lg:0/0) +M(C:-4K, Fs:5, WS:12K # 0K, PF:60K # 0K, P:60K)
[11] 0.000013 +J(CM:0, PgRf:1, Rd:0/0, Dy:0/0, Lg:0/0) +M(C:0K, Fs:4, WS:16K # 0K, PF:0K # 0K, P:0K)
[12] 0.000027 +J(CM:0, PgRf:48, Rd:0/0, Dy:0/0, Lg:0/0) +M(C:0K, Fs:2, WS:8K # 0K, PF:0K # 0K, P:0K)
[13] 0.0 +J(0)
[14] 0.0 +J(0)
[15] 0.000002 +J(CM:0, PgRf:1, Rd:0/0, Dy:0/0, Lg:0/0).",0 0,"lgposAttach = 00000002:07A4:0268,
dbv = 1568.20.0 (8920)",
2026-05-17T15:25:36.933176Z,"{'#attributes': {'Qualifiers': 0}, '#text': 330}",dc.scaffold.htb,NTDS ISAM,Directory Service,264,4,,,NTDS,"744,D,2",,,NTDSA: ,C:\Windows\NTDS\temp.edb,0x22D8 (8920),8920 (0x22d8),9360 (0x2490),,,
2026-05-17T15:25:36.933176Z,"{'#attributes': {'Qualifiers': 0}, '#text': 700}",dc.scaffold.htb,NTDS ISAM,Directory Service,265,4,,,NTDS,"744,D,0",,,NTDSA: ,C:\Windows\NTDS\ntds.dit,,,,,,
2026-05-17T15:25:36.995692Z,"{'#attributes': {'Qualifiers': 0}, '#text': 701}",dc.scaffold.htb,NTDS ISAM,Directory Service,266,4,,,NTDS,"744,D,0",,,NTDSA: ,C:\Windows\NTDS\ntds.dit,1,5/17/2026,0,1,1,8
2026-05-17T15:25:36.933176Z,"{'#attributes': {'Qualifiers': 16384}, '#text': 3033}",dc.scaffold.htb,Microsoft-Windows-ActiveDirectory_DomainService,Directory Service,267,4,,,,,,,,,,,,,,
2026-05-17T15:25:36.933176Z,"{'#attributes': {'Qualifiers': 16384}, '#text': 3027}",dc.scaffold.htb,Microsoft-Windows-ActiveDirectory_DomainService,Directory Service,268,4,,3600,,,,,,,,,,,,
2026-05-17T15:25:36.933176Z,"{'#attributes': {'Qualifiers': 16384}, '#text': 1869}",dc.scaffold.htb,Microsoft-Windows-ActiveDirectory_DomainService,Directory Service,269,4,,,\\dc.scaffold.htb,Default-First-Site-Name,,,,,,,,,,
2026-05-17T15:31:18.372001Z,"{'#attributes': {'Qualifiers': 16384}, '#text': 2179}",dc.scaffold.htb,Microsoft-Windows-ActiveDirectory_DomainService,Directory Service,270,4,,7590016471179186184,,,,,,,,,,,,
2026-05-17T15:31:20.892557Z,"{'#attributes': {'Qualifiers': 16384}, '#text': 1004}",dc.scaffold.htb,Microsoft-Windows-ActiveDirectory_DomainService,Directory Service,271,4,,,,,,,,,,,,,,
2026-05-17T16:00:34.562358Z,"{'#attributes': {'Qualifiers': 32768}, '#text': 3051}",dc.scaffold.htb,Microsoft-Windows-ActiveDirectory_DomainService,Directory Service,272,3,,,,,,,,,,,,,,
2026-05-17T16:00:34.562358Z,"{'#attributes': {'Qualifiers': 32768}, '#text': 3054}",dc.scaffold.htb,Microsoft-Windows-ActiveDirectory_DomainService,Directory Service,273,3,,,,,,,,,,,,,,
2026-05-17T16:00:34.656425Z,"{'#attributes': {'Qualifiers': 16384}, '#text': 2121}",dc.scaffold.htb,Microsoft-Windows-ActiveDirectory_DomainService,Directory Service,274,4,,,,,,,,,,,,,,
2026-05-17T16:00:34.656425Z,"{'#attributes': {'Qualifiers': 16384}, '#text': 2406}",dc.scaffold.htb,Microsoft-Windows-ActiveDirectory_DomainService,Directory Service,275,4,,Recycle Bin Feature,,,,,,,,,,,,
2026-05-17T16:00:34.656425Z,"{'#attributes': {'Qualifiers': 16384}, '#text': 2406}",dc.scaffold.htb,Microsoft-Windows-ActiveDirectory_DomainService,Directory Service,276,4,,Privileged Access Management Feature,,,,,,,,,,,,
2026-05-17T16:00:34.656425Z,"{'#attributes': {'Qualifiers': 16384}, '#text': 2168}",dc.scaffold.htb,Microsoft-Windows-ActiveDirectory_DomainService,Directory Service,277,4,,10443572934462739665,,,,,,,,,,,,
2026-05-17T16:00:34.656425Z,"{'#attributes': {'Qualifiers': 16384}, '#text': 2172}",dc.scaffold.htb,Microsoft-Windows-ActiveDirectory_DomainService,Directory Service,278,4,,7590016471179186184,,,,,,,,,,,,
2026-05-17T16:00:34.656425Z,"{'#attributes': {'Qualifiers': 32768}, '#text': 2170}",dc.scaffold.htb,Microsoft-Windows-ActiveDirectory_DomainService,Directory Service,279,3,,,7590016471179186184,10443572934462739665,,,,,,,,,,
2026-05-17T16:00:34.656425Z,"{'#attributes': {'Qualifiers': 16384}, '#text': 1109}",dc.scaffold.htb,Microsoft-Windows-ActiveDirectory_DomainService,Directory Service,280,4,,,aa1b9b8d-f646-42aa-84dc-bbbd833bcde7,763dd69e-0c28-4d29-a073-12ab21bb8149,,,49162,,,,,,,
2026-05-17T16:00:34.656425Z,"{'#attributes': {'Qualifiers': 16384}, '#text': 2179}",dc.scaffold.htb,Microsoft-Windows-ActiveDirectory_DomainService,Directory Service,281,4,,10443572934462739665,,,,,,,,,,,,
2026-05-17T16:00:34.656425Z,"{'#attributes': {'Qualifiers': 16384}, '#text': 2208}",dc.scaffold.htb,Microsoft-Windows-ActiveDirectory_DomainService,Directory Service,282,4,,,,,,,,,,,,,,
2026-05-17T16:00:34.671888Z,"{'#attributes': {'Qualifiers': 16384}, '#text': 2120}",dc.scaffold.htb,Microsoft-Windows-ActiveDirectory_DomainService,Directory Service,283,4,,,,,,,,,,,,,,
2026-05-17T16:00:34.671888Z,"{'#attributes': {'Qualifiers': 16384}, '#text': 2405}",dc.scaffold.htb,Microsoft-Windows-ActiveDirectory_DomainService,Directory Service,284,4,,Recycle Bin Feature,,,,,,,,,,,,
2026-05-17T16:00:34.671888Z,"{'#attributes': {'Qualifiers': 16384}, '#text': 2405}",dc.scaffold.htb,Microsoft-Windows-ActiveDirectory_DomainService,Directory Service,285,4,,Privileged Access Management Feature,,,,,,,,,,,,
2026-05-17T16:00:44.676674Z,"{'#attributes': {'Qualifiers': 32768}, '#text': 2886}",dc.scaffold.htb,Microsoft-Windows-ActiveDirectory_DomainService,Directory Service,286,3,,,,,,,,,,,,,,
2026-05-17T16:00:44.676674Z,"{'#attributes': {'Qualifiers': 32768}, '#text': 3041}",dc.scaffold.htb,Microsoft-Windows-ActiveDirectory_DomainService,Directory Service,287,3,,,,,,,,,,,,,,
2026-05-17T16:00:44.676674Z,"{'#attributes': {'Qualifiers': 16384}, '#text': 1000}",dc.scaffold.htb,Microsoft-Windows-ActiveDirectory_DomainService,Directory Service,288,4,,,,,,,,,,,,,,
2026-05-17T16:01:14.686328Z,"{'#attributes': {'Qualifiers': 16384}, '#text': 1394}",dc.scaffold.htb,Microsoft-Windows-ActiveDirectory_DomainService,Directory Service,289,4,,,,,,,,,,,,,,
2026-05-17T16:14:21.825804Z,"{'#attributes': {'Qualifiers': 16384}, '#text': 2179}",dc.scaffold.htb,Microsoft-Windows-ActiveDirectory_DomainService,Directory Service,290,4,,10443572934462739665,,,,,,,,,,,,
2026-05-17T16:14:22.779022Z,"{'#attributes': {'Qualifiers': 16384}, '#text': 1004}",dc.scaffold.htb,Microsoft-Windows-ActiveDirectory_DomainService,Directory Service,291,4,,,,,,,,,,,,,,
2026-05-17T16:15:04.867531Z,"{'#attributes': {'Qualifiers': 32768}, '#text': 3051}",dc.scaffold.htb,Microsoft-Windows-ActiveDirectory_DomainService,Directory Service,292,3,,,,,,,,,,,,,,
2026-05-17T16:15:04.867531Z,"{'#attributes': {'Qualifiers': 32768}, '#text': 3054}",dc.scaffold.htb,Microsoft-Windows-ActiveDirectory_DomainService,Directory Service,293,3,,,,,,,,,,,,,,
2026-05-17T16:15:05.120238Z,"{'#attributes': {'Qualifiers': 16384}, '#text': 2121}",dc.scaffold.htb,Microsoft-Windows-ActiveDirectory_DomainService,Directory Service,294,4,,,,,,,,,,,,,,
2026-05-17T16:15:05.120238Z,"{'#attributes': {'Qualifiers': 16384}, '#text': 2406}",dc.scaffold.htb,Microsoft-Windows-ActiveDirectory_DomainService,Directory Service,295,4,,Recycle Bin Feature,,,,,,,,,,,,
2026-05-17T16:15:05.120238Z,"{'#attributes': {'Qualifiers': 16384}, '#text': 2406}",dc.scaffold.htb,Microsoft-Windows-ActiveDirectory_DomainService,Directory Service,296,4,,Privileged Access Management Feature,,,,,,,,,,,,
2026-05-17T16:15:05.120238Z,"{'#attributes': {'Qualifiers': 16384}, '#text': 2168}",dc.scaffold.htb,Microsoft-Windows-ActiveDirectory_DomainService,Directory Service,297,4,,10443572934462739665,,,,,,,,,,,,
2026-05-17T16:15:05.120238Z,"{'#attributes': {'Qualifiers': 16384}, '#text': 2172}",dc.scaffold.htb,Microsoft-Windows-ActiveDirectory_DomainService,Directory Service,298,4,,10443572934462739665,,,,,,,,,,,,
2026-05-17T16:15:05.120238Z,"{'#attributes': {'Qualifiers': 16384}, '#text': 2120}",dc.scaffold.htb,Microsoft-Windows-ActiveDirectory_DomainService,Directory Service,299,4,,,,,,,,,,,,,,
2026-05-17T16:15:05.120238Z,"{'#attributes': {'Qualifiers': 16384}, '#text': 2405}",dc.scaffold.htb,Microsoft-Windows-ActiveDirectory_DomainService,Directory Service,300,4,,Recycle Bin Feature,,,,,,,,,,,,
2026-05-17T16:15:05.120238Z,"{'#attributes': {'Qualifiers': 16384}, '#text': 2405}",dc.scaffold.htb,Microsoft-Windows-ActiveDirectory_DomainService,Directory Service,301,4,,Privileged Access Management Feature,,,,,,,,,,,,
2026-05-17T16:15:15.130816Z,"{'#attributes': {'Qualifiers': 32768}, '#text': 2886}",dc.scaffold.htb,Microsoft-Windows-ActiveDirectory_DomainService,Directory Service,302,3,,,,,,,,,,,,,,
2026-05-17T16:15:15.130816Z,"{'#attributes': {'Qualifiers': 32768}, '#text': 3041}",dc.scaffold.htb,Microsoft-Windows-ActiveDirectory_DomainService,Directory Service,303,3,,,,,,,,,,,,,,
2026-05-17T16:15:15.130816Z,"{'#attributes': {'Qualifiers': 16384}, '#text': 1000}",dc.scaffold.htb,Microsoft-Windows-ActiveDirectory_DomainService,Directory Service,304,4,,,,,,,,,,,,,,
2026-05-17T16:15:45.144686Z,"{'#attributes': {'Qualifiers': 16384}, '#text': 1394}",dc.scaffold.htb,Microsoft-Windows-ActiveDirectory_DomainService,Directory Service,305,4,,,,,,,,,,,,,,
2026-05-17T16:23:26.421435Z,"{'#attributes': {'Qualifiers': 16384}, '#text': 2179}",dc.scaffold.htb,Microsoft-Windows-ActiveDirectory_DomainService,Directory Service,306,4,,10443572934462739665,,,,,,,,,,,,
2026-05-17T16:23:27.718303Z,"{'#attributes': {'Qualifiers': 16384}, '#text': 1004}",dc.scaffold.htb,Microsoft-Windows-ActiveDirectory_DomainService,Directory Service,307,4,,,,,,,,,,,,,,
2026-05-17T16:23:44.585041Z,"{'#attributes': {'Qualifiers': 32768}, '#text': 3051}",dc.scaffold.htb,Microsoft-Windows-ActiveDirectory_DomainService,Directory Service,308,3,,,,,,,,,,,,,,
2026-05-17T16:23:44.585041Z,"{'#attributes': {'Qualifiers': 32768}, '#text': 3054}",dc.scaffold.htb,Microsoft-Windows-ActiveDirectory_DomainService,Directory Service,309,3,,,,,,,,,,,,,,
2026-05-17T16:23:44.805081Z,"{'#attributes': {'Qualifiers': 16384}, '#text': 2121}",dc.scaffold.htb,Microsoft-Windows-ActiveDirectory_DomainService,Directory Service,310,4,,,,,,,,,,,,,,
2026-05-17T16:23:44.805081Z,"{'#attributes': {'Qualifiers': 16384}, '#text': 2406}",dc.scaffold.htb,Microsoft-Windows-ActiveDirectory_DomainService,Directory Service,311,4,,Recycle Bin Feature,,,,,,,,,,,,
2026-05-17T16:23:44.805081Z,"{'#attributes': {'Qualifiers': 16384}, '#text': 2406}",dc.scaffold.htb,Microsoft-Windows-ActiveDirectory_DomainService,Directory Service,312,4,,Privileged Access Management Feature,,,,,,,,,,,,
2026-05-17T16:23:44.805081Z,"{'#attributes': {'Qualifiers': 16384}, '#text': 2168}",dc.scaffold.htb,Microsoft-Windows-ActiveDirectory_DomainService,Directory Service,313,4,,10443572934462739665,,,,,,,,,,,,
2026-05-17T16:23:44.805081Z,"{'#attributes': {'Qualifiers': 16384}, '#text': 2172}",dc.scaffold.htb,Microsoft-Windows-ActiveDirectory_DomainService,Directory Service,314,4,,10443572934462739665,,,,,,,,,,,,
2026-05-17T16:23:44.820792Z,"{'#attributes': {'Qualifiers': 16384}, '#text': 2120}",dc.scaffold.htb,Microsoft-Windows-ActiveDirectory_DomainService,Directory Service,315,4,,,,,,,,,,,,,,
2026-05-17T16:23:44.820792Z,"{'#attributes': {'Qualifiers': 16384}, '#text': 2405}",dc.scaffold.htb,Microsoft-Windows-ActiveDirectory_DomainService,Directory Service,316,4,,Recycle Bin Feature,,,,,,,,,,,,
2026-05-17T16:23:44.820792Z,"{'#attributes': {'Qualifiers': 16384}, '#text': 2405}",dc.scaffold.htb,Microsoft-Windows-ActiveDirectory_DomainService,Directory Service,317,4,,Privileged Access Management Feature,,,,,,,,,,,,
2026-05-17T16:23:54.821852Z,"{'#attributes': {'Qualifiers': 32768}, '#text': 2886}",dc.scaffold.htb,Microsoft-Windows-ActiveDirectory_DomainService,Directory Service,318,3,,,,,,,,,,,,,,
2026-05-17T16:23:54.821852Z,"{'#attributes': {'Qualifiers': 32768}, '#text': 3041}",dc.scaffold.htb,Microsoft-Windows-ActiveDirectory_DomainService,Directory Service,319,3,,,,,,,,,,,,,,
2026-05-17T16:23:54.821852Z,"{'#attributes': {'Qualifiers': 16384}, '#text': 1000}",dc.scaffold.htb,Microsoft-Windows-ActiveDirectory_DomainService,Directory Service,320,4,,,,,,,,,,,,,,
2026-05-17T16:24:24.833242Z,"{'#attributes': {'Qualifiers': 16384}, '#text': 1394}",dc.scaffold.htb,Microsoft-Windows-ActiveDirectory_DomainService,Directory Service,321,4,,,,,,,,,,,,,,
2026-05-17T16:29:20.800491Z,"{'#attributes': {'Qualifiers': 16384}, '#text': 2179}",dc.scaffold.htb,Microsoft-Windows-ActiveDirectory_DomainService,Directory Service,322,4,,10443572934462739665,,,,,,,,,,,,
2026-05-17T16:29:21.770063Z,"{'#attributes': {'Qualifiers': 16384}, '#text': 1004}",dc.scaffold.htb,Microsoft-Windows-ActiveDirectory_DomainService,Directory Service,323,4,,,,,,,,,,,,,,
2026-05-17T16:36:15.771013Z,"{'#attributes': {'Qualifiers': 32768}, '#text': 3051}",dc.scaffold.htb,Microsoft-Windows-ActiveDirectory_DomainService,Directory Service,324,3,,,,,,,,,,,,,,
2026-05-17T16:36:15.771013Z,"{'#attributes': {'Qualifiers': 32768}, '#text': 3054}",dc.scaffold.htb,Microsoft-Windows-ActiveDirectory_DomainService,Directory Service,325,3,,,,,,,,,,,,,,
2026-05-17T16:36:15.864817Z,"{'#attributes': {'Qualifiers': 16384}, '#text': 2121}",dc.scaffold.htb,Microsoft-Windows-ActiveDirectory_DomainService,Directory Service,326,4,,,,,,,,,,,,,,
2026-05-17T16:36:15.864817Z,"{'#attributes': {'Qualifiers': 16384}, '#text': 2406}",dc.scaffold.htb,Microsoft-Windows-ActiveDirectory_DomainService,Directory Service,327,4,,Recycle Bin Feature,,,,,,,,,,,,
2026-05-17T16:36:15.864817Z,"{'#attributes': {'Qualifiers': 16384}, '#text': 2406}",dc.scaffold.htb,Microsoft-Windows-ActiveDirectory_DomainService,Directory Service,328,4,,Privileged Access Management Feature,,,,,,,,,,,,
2026-05-17T16:36:15.864817Z,"{'#attributes': {'Qualifiers': 16384}, '#text': 2168}",dc.scaffold.htb,Microsoft-Windows-ActiveDirectory_DomainService,Directory Service,329,4,,17625826534607556780,,,,,,,,,,,,
2026-05-17T16:36:15.864817Z,"{'#attributes': {'Qualifiers': 16384}, '#text': 2172}",dc.scaffold.htb,Microsoft-Windows-ActiveDirectory_DomainService,Directory Service,330,4,,10443572934462739665,,,,,,,,,,,,
2026-05-17T16:36:15.864817Z,"{'#attributes': {'Qualifiers': 32768}, '#text': 2170}",dc.scaffold.htb,Microsoft-Windows-ActiveDirectory_DomainService,Directory Service,331,3,,,10443572934462739665,17625826534607556780,,,,,,,,,,
2026-05-17T16:36:15.864817Z,"{'#attributes': {'Qualifiers': 16384}, '#text': 1109}",dc.scaffold.htb,Microsoft-Windows-ActiveDirectory_DomainService,Directory Service,332,4,,,763dd69e-0c28-4d29-a073-12ab21bb8149,e7a75541-2ff7-4859-a894-77c09b775463,,,61453,,,,,,,
2026-05-17T16:36:15.880345Z,"{'#attributes': {'Qualifiers': 16384}, '#text': 2179}",dc.scaffold.htb,Microsoft-Windows-ActiveDirectory_DomainService,Directory Service,333,4,,17625826534607556780,,,,,,,,,,,,
2026-05-17T16:36:15.880345Z,"{'#attributes': {'Qualifiers': 16384}, '#text': 2208}",dc.scaffold.htb,Microsoft-Windows-ActiveDirectory_DomainService,Directory Service,334,4,,,,,,,,,,,,,,
2026-05-17T16:36:15.880345Z,"{'#attributes': {'Qualifiers': 16384}, '#text': 2120}",dc.scaffold.htb,Microsoft-Windows-ActiveDirectory_DomainService,Directory Service,335,4,,,,,,,,,,,,,,
2026-05-17T16:36:15.880345Z,"{'#attributes': {'Qualifiers': 16384}, '#text': 2405}",dc.scaffold.htb,Microsoft-Windows-ActiveDirectory_DomainService,Directory Service,336,4,,Recycle Bin Feature,,,,,,,,,,,,
2026-05-17T16:36:15.880345Z,"{'#attributes': {'Qualifiers': 16384}, '#text': 2405}",dc.scaffold.htb,Microsoft-Windows-ActiveDirectory_DomainService,Directory Service,337,4,,Privileged Access Management Feature,,,,,,,,,,,,
2026-05-17T16:36:25.897810Z,"{'#attributes': {'Qualifiers': 32768}, '#text': 2886}",dc.scaffold.htb,Microsoft-Windows-ActiveDirectory_DomainService,Directory Service,338,3,,,,,,,,,,,,,,
2026-05-17T16:36:25.897810Z,"{'#attributes': {'Qualifiers': 32768}, '#text': 3041}",dc.scaffold.htb,Microsoft-Windows-ActiveDirectory_DomainService,Directory Service,339,3,,,,,,,,,,,,,,
2026-05-17T16:36:25.897810Z,"{'#attributes': {'Qualifiers': 16384}, '#text': 1000}",dc.scaffold.htb,Microsoft-Windows-ActiveDirectory_DomainService,Directory Service,340,4,,,,,,,,,,,,,,
2026-05-17T16:36:55.926415Z,"{'#attributes': {'Qualifiers': 16384}, '#text': 1394}",dc.scaffold.htb,Microsoft-Windows-ActiveDirectory_DomainService,Directory Service,341,4,,,,,,,,,,,,,,
2026-05-17T16:41:20.318383Z,"{'#attributes': {'Qualifiers': 16384}, '#text': 2179}",dc.scaffold.htb,Microsoft-Windows-ActiveDirectory_DomainService,Directory Service,342,4,,17625826534607556780,,,,,,,,,,,,
2026-05-17T16:41:21.271528Z,"{'#attributes': {'Qualifiers': 16384}, '#text': 1004}",dc.scaffold.htb,Microsoft-Windows-ActiveDirectory_DomainService,Directory Service,343,4,,,,,,,,,,,,,,
2026-05-18T14:36:17.144836Z,"{'#attributes': {'Qualifiers': 32768}, '#text': 3051}",dc.scaffold.htb,Microsoft-Windows-ActiveDirectory_DomainService,Directory Service,344,3,,,,,,,,,,,,,,
2026-05-18T14:36:17.144836Z,"{'#attributes': {'Qualifiers': 32768}, '#text': 3054}",dc.scaffold.htb,Microsoft-Windows-ActiveDirectory_DomainService,Directory Service,345,3,,,,,,,,,,,,,,
2026-05-18T14:36:17.333078Z,"{'#attributes': {'Qualifiers': 16384}, '#text': 2121}",dc.scaffold.htb,Microsoft-Windows-ActiveDirectory_DomainService,Directory Service,346,4,,,,,,,,,,,,,,
2026-05-18T14:36:17.333078Z,"{'#attributes': {'Qualifiers': 16384}, '#text': 2406}",dc.scaffold.htb,Microsoft-Windows-ActiveDirectory_DomainService,Directory Service,347,4,,Recycle Bin Feature,,,,,,,,,,,,
2026-05-18T14:36:17.333078Z,"{'#attributes': {'Qualifiers': 16384}, '#text': 2406}",dc.scaffold.htb,Microsoft-Windows-ActiveDirectory_DomainService,Directory Service,348,4,,Privileged Access Management Feature,,,,,,,,,,,,
2026-05-18T14:36:17.333078Z,"{'#attributes': {'Qualifiers': 16384}, '#text': 2168}",dc.scaffold.htb,Microsoft-Windows-ActiveDirectory_DomainService,Directory Service,349,4,,5725228055428830413,,,,,,,,,,,,
2026-05-18T14:36:17.333078Z,"{'#attributes': {'Qualifiers': 16384}, '#text': 2172}",dc.scaffold.htb,Microsoft-Windows-ActiveDirectory_DomainService,Directory Service,350,4,,17625826534607556780,,,,,,,,,,,,
2026-05-18T14:36:17.333078Z,"{'#attributes': {'Qualifiers': 32768}, '#text': 2170}",dc.scaffold.htb,Microsoft-Windows-ActiveDirectory_DomainService,Directory Service,351,3,,,17625826534607556780,5725228055428830413,,,,,,,,,,
2026-05-18T14:36:17.333078Z,"{'#attributes': {'Qualifiers': 16384}, '#text': 1109}",dc.scaffold.htb,Microsoft-Windows-ActiveDirectory_DomainService,Directory Service,352,4,,,e7a75541-2ff7-4859-a894-77c09b775463,cac48e79-a114-4dbe-925d-fed34aa92124,,,65550,,,,,,,
2026-05-18T14:36:17.348283Z,"{'#attributes': {'Qualifiers': 16384}, '#text': 2179}",dc.scaffold.htb,Microsoft-Windows-ActiveDirectory_DomainService,Directory Service,353,4,,5725228055428830413,,,,,,,,,,,,
2026-05-18T14:36:17.348283Z,"{'#attributes': {'Qualifiers': 16384}, '#text': 2208}",dc.scaffold.htb,Microsoft-Windows-ActiveDirectory_DomainService,Directory Service,354,4,,,,,,,,,,,,,,
2026-05-18T14:36:17.348283Z,"{'#attributes': {'Qualifiers': 16384}, '#text': 2120}",dc.scaffold.htb,Microsoft-Windows-ActiveDirectory_DomainService,Directory Service,355,4,,,,,,,,,,,,,,
2026-05-18T14:36:17.348283Z,"{'#attributes': {'Qualifiers': 16384}, '#text': 2405}",dc.scaffold.htb,Microsoft-Windows-ActiveDirectory_DomainService,Directory Service,356,4,,Recycle Bin Feature,,,,,,,,,,,,
2026-05-18T14:36:17.348283Z,"{'#attributes': {'Qualifiers': 16384}, '#text': 2405}",dc.scaffold.htb,Microsoft-Windows-ActiveDirectory_DomainService,Directory Service,357,4,,Privileged Access Management Feature,,,,,,,,,,,,
2026-05-18T14:36:27.366897Z,"{'#attributes': {'Qualifiers': 32768}, '#text': 2886}",dc.scaffold.htb,Microsoft-Windows-ActiveDirectory_DomainService,Directory Service,358,3,,,,,,,,,,,,,,
2026-05-18T14:36:27.366897Z,"{'#attributes': {'Qualifiers': 32768}, '#text': 3041}",dc.scaffold.htb,Microsoft-Windows-ActiveDirectory_DomainService,Directory Service,359,3,,,,,,,,,,,,,,
2026-05-18T14:36:27.366897Z,"{'#attributes': {'Qualifiers': 16384}, '#text': 1000}",dc.scaffold.htb,Microsoft-Windows-ActiveDirectory_DomainService,Directory Service,360,4,,,,,,,,,,,,,,
2026-05-18T14:36:57.362522Z,"{'#attributes': {'Qualifiers': 16384}, '#text': 1394}",dc.scaffold.htb,Microsoft-Windows-ActiveDirectory_DomainService,Directory Service,361,4,,,,,,,,,,,,,,
2026-05-18T14:38:35.124912Z,"{'#attributes': {'Qualifiers': 16384}, '#text': 2179}",dc.scaffold.htb,Microsoft-Windows-ActiveDirectory_DomainService,Directory Service,362,4,,5725228055428830413,,,,,,,,,,,,
2026-05-18T14:38:36.715596Z,"{'#attributes': {'Qualifiers': 16384}, '#text': 1004}",dc.scaffold.htb,Microsoft-Windows-ActiveDirectory_DomainService,Directory Service,363,4,,,,,,,,,,,,,,
2026-05-18T22:09:07.628516Z,"{'#attributes': {'Qualifiers': 32768}, '#text': 3051}",dc.scaffold.htb,Microsoft-Windows-ActiveDirectory_DomainService,Directory Service,364,3,,,,,,,,,,,,,,
2026-05-18T22:09:07.628516Z,"{'#attributes': {'Qualifiers': 32768}, '#text': 3054}",dc.scaffold.htb,Microsoft-Windows-ActiveDirectory_DomainService,Directory Service,365,3,,,,,,,,,,,,,,
2026-05-18T22:09:07.725064Z,"{'#attributes': {'Qualifiers': 16384}, '#text': 2121}",dc.scaffold.htb,Microsoft-Windows-ActiveDirectory_DomainService,Directory Service,366,4,,,,,,,,,,,,,,
2026-05-18T22:09:07.725064Z,"{'#attributes': {'Qualifiers': 16384}, '#text': 2406}",dc.scaffold.htb,Microsoft-Windows-ActiveDirectory_DomainService,Directory Service,367,4,,Recycle Bin Feature,,,,,,,,,,,,
2026-05-18T22:09:07.725064Z,"{'#attributes': {'Qualifiers': 16384}, '#text': 2406}",dc.scaffold.htb,Microsoft-Windows-ActiveDirectory_DomainService,Directory Service,368,4,,Privileged Access Management Feature,,,,,,,,,,,,
2026-05-18T22:09:07.725064Z,"{'#attributes': {'Qualifiers': 16384}, '#text': 2168}",dc.scaffold.htb,Microsoft-Windows-ActiveDirectory_DomainService,Directory Service,369,4,,15222988849553689426,,,,,,,,,,,,
2026-05-18T22:09:07.725064Z,"{'#attributes': {'Qualifiers': 16384}, '#text': 2172}",dc.scaffold.htb,Microsoft-Windows-ActiveDirectory_DomainService,Directory Service,370,4,,5725228055428830413,,,,,,,,,,,,
2026-05-18T22:09:07.725064Z,"{'#attributes': {'Qualifiers': 32768}, '#text': 2170}",dc.scaffold.htb,Microsoft-Windows-ActiveDirectory_DomainService,Directory Service,371,3,,,5725228055428830413,15222988849553689426,,,,,,,,,,
2026-05-18T22:09:07.725064Z,"{'#attributes': {'Qualifiers': 16384}, '#text': 1109}",dc.scaffold.htb,Microsoft-Windows-ActiveDirectory_DomainService,Directory Service,372,4,,,cac48e79-a114-4dbe-925d-fed34aa92124,47b247ee-2a93-40c7-82e1-9e30452cc58f,,,69647,,,,,,,
2026-05-18T22:09:07.740765Z,"{'#attributes': {'Qualifiers': 16384}, '#text': 2208}",dc.scaffold.htb,Microsoft-Windows-ActiveDirectory_DomainService,Directory Service,373,4,,,,,,,,,,,,,,
2026-05-18T22:09:07.740765Z,"{'#attributes': {'Qualifiers': 16384}, '#text': 2179}",dc.scaffold.htb,Microsoft-Windows-ActiveDirectory_DomainService,Directory Service,374,4,,15222988849553689426,,,,,,,,,,,,
2026-05-18T22:09:07.740765Z,"{'#attributes': {'Qualifiers': 16384}, '#text': 2120}",dc.scaffold.htb,Microsoft-Windows-ActiveDirectory_DomainService,Directory Service,375,4,,,,,,,,,,,,,,
2026-05-18T22:09:07.740765Z,"{'#attributes': {'Qualifiers': 16384}, '#text': 2405}",dc.scaffold.htb,Microsoft-Windows-ActiveDirectory_DomainService,Directory Service,376,4,,Recycle Bin Feature,,,,,,,,,,,,
2026-05-18T22:09:07.740765Z,"{'#attributes': {'Qualifiers': 16384}, '#text': 2405}",dc.scaffold.htb,Microsoft-Windows-ActiveDirectory_DomainService,Directory Service,377,4,,Privileged Access Management Feature,,,,,,,,,,,,
2026-05-18T22:09:17.755299Z,"{'#attributes': {'Qualifiers': 32768}, '#text': 2886}",dc.scaffold.htb,Microsoft-Windows-ActiveDirectory_DomainService,Directory Service,378,3,,,,,,,,,,,,,,
2026-05-18T22:09:17.755299Z,"{'#attributes': {'Qualifiers': 32768}, '#text': 3041}",dc.scaffold.htb,Microsoft-Windows-ActiveDirectory_DomainService,Directory Service,379,3,,,,,,,,,,,,,,
2026-05-18T22:09:17.755299Z,"{'#attributes': {'Qualifiers': 16384}, '#text': 1000}",dc.scaffold.htb,Microsoft-Windows-ActiveDirectory_DomainService,Directory Service,380,4,,,,,,,,,,,,,,
