2026-05-18T22:09:47.750682Z,"{'#attributes': {'Qualifiers': 16384}, '#text': 1394}",dc.scaffold.htb,Microsoft-Windows-ActiveDirectory_DomainService,Directory Service,381,4,,,,,,,,,,,,,,
2026-05-18T22:24:17.792348Z,"{'#attributes': {'Qualifiers': 0}, '#text': 102}",dc.scaffold.htb,NTDS ISAM,Directory Service,382,4,,,NTDS,"748,P,98",,,NTDSA: ,0,10,00,20348,0000,,
2026-05-18T22:24:17.792348Z,"{'#attributes': {'Qualifiers': 0}, '#text': 105}",dc.scaffold.htb,NTDS ISAM,Directory Service,383,4,,,NTDS,"748,D,0",,,NTDSA: ,0,0,"
[1] 0.000586 +J(0) +M(C:0K, Fs:150, WS:576K # 0K, PF:3400K # 360K, P:3400K)
[2] 0.000611 +J(0) +M(C:16K, Fs:91, WS:352K # 308K, PF:316K # 316K, P:316K)
[3] 0.001573 +J(0) +M(C:0K, Fs:6, WS:20K # 20K, PF:64K # 64K, P:64K)
[4] 0.005623 -0.000161 (1) WT +J(0) +M(C:0K, Fs:126, WS:428K # 428K, PF:5200K # 5200K, P:5200K)
[5] 0.000330 +J(0) +M(C:0K, Fs:3, WS:12K # 12K, PF:8K # 8K, P:8K)
[6] 0.001818 +J(0) +M(C:0K, Fs:20, WS:80K # 80K, PF:12K # 12K, P:12K)
[7] 0.023592 -0.019205 (21) WT +J(0) +M(C:0K, Fs:2579, WS:10296K # 10296K, PF:10260K # 10260K, P:10260K)
[8] -
[9] -
[10] -
[11] -
[12] -
[13] 0.011084 -0.007288 (22) WT +J(CM:0, PgRf:0, Rd:0/0, Dy:0/0, Lg:616/1) +M(C:0K, Fs:9, WS:-10216K # 24K, PF:-10252K # 12K, P:-10252K)
[14] 0.000015 +J(0) +M(C:0K, Fs:1, WS:4K # 0K, PF:4K # 0K, P:4K)
[15] 0.000138 +J(0) +M(C:0K, Fs:205, WS:820K # 0K, PF:64K # 0K, P:64K)
[16] 0.000167 -0.000081 (1) WT +J(0) +M(C:0K, Fs:3, WS:4K # 0K, PF:0K # 0K, P:0K).",,,,
2026-05-18T22:24:17.808847Z,"{'#attributes': {'Qualifiers': 0}, '#text': 330}",dc.scaffold.htb,NTDS ISAM,Directory Service,384,4,,,NTDS,"748,D,50",,,NTDSA: ,C:\Windows\NTDS\ntds.dit,0x22D8 (8920),8920 (0x22d8),9360 (0x2490),,,
2026-05-18T22:24:17.808847Z,"{'#attributes': {'Qualifiers': 0}, '#text': 326}",dc.scaffold.htb,NTDS ISAM,Directory Service,385,4,,,NTDS,"748,D,50",,,NTDSA: ,1,C:\Windows\NTDS\ntds.dit,0,"
[1] 0.000002 +J(0) +M(C:0K, Fs:1, WS:4K # 0K, PF:0K # 0K, P:0K)
[2] 0.000211 -0.000122 (1) WT +J(0) +M(C:0K, Fs:20, WS:12K # 0K, PF:8K # 0K, P:8K)
[3] 0.003201 -0.001848 (6) WT +J(CM:0, PgRf:0, Rd:0/0, Dy:0/0, Lg:3480/2) +M(C:0K, Fs:20, WS:68K # 0K, PF:140K # 0K, P:140K)
[4] 0.000031 +J(0)
[5] -
[6] -
[7] -
[8] 0.001581 -0.000140 (2) CM -0.000092 (2) WT +J(CM:2, PgRf:2, Rd:4/2, Dy:0/0, Lg:0/0) +M(C:16K, Fs:45, WS:172K # 0K, PF:220K # 0K, P:220K)
[9] 0.001933 -0.001661 (7) CM -0.001453 (7) WT +J(CM:7, PgRf:24, Rd:0/7, Dy:0/0, Lg:0/0) +M(C:-8K, Fs:30, WS:104K # 0K, PF:196K # 0K, P:196K)
[10] 0.000553 -0.000430 (3) CM -0.000331 (3) WT +J(CM:3, PgRf:40, Rd:0/3, Dy:0/0, Lg:0/0) +M(C:-4K, Fs:5, WS:12K # 0K, PF:60K # 0K, P:60K)
[11] 0.000017 +J(CM:0, PgRf:1, Rd:0/0, Dy:0/0, Lg:0/0) +M(C:0K, Fs:4, WS:16K # 0K, PF:0K # 0K, P:0K)
[12] 0.000036 +J(CM:0, PgRf:48, Rd:0/0, Dy:0/0, Lg:0/0) +M(C:0K, Fs:2, WS:8K # 0K, PF:0K # 0K, P:0K)
[13] 0.000001 +J(0)
[14] 0.0 +J(0)
[15] 0.000004 +J(CM:0, PgRf:1, Rd:0/0, Dy:0/0, Lg:0/0).",0 0,"lgposAttach = 00000002:0813:0268,
dbv = 1568.20.0 (8920)",
2026-05-18T22:24:17.808847Z,"{'#attributes': {'Qualifiers': 0}, '#text': 330}",dc.scaffold.htb,NTDS ISAM,Directory Service,386,4,,,NTDS,"748,D,2",,,NTDSA: ,C:\Windows\NTDS\temp.edb,0x22D8 (8920),8920 (0x22d8),9360 (0x2490),,,
2026-05-18T22:24:17.808847Z,"{'#attributes': {'Qualifiers': 0}, '#text': 700}",dc.scaffold.htb,NTDS ISAM,Directory Service,387,4,,,NTDS,"748,D,0",,,NTDSA: ,C:\Windows\NTDS\ntds.dit,,,,,,
2026-05-18T22:24:17.902371Z,"{'#attributes': {'Qualifiers': 0}, '#text': 701}",dc.scaffold.htb,NTDS ISAM,Directory Service,388,4,,,NTDS,"748,D,0",,,NTDSA: ,C:\Windows\NTDS\ntds.dit,3,5/18/2026,0,1,1,9
2026-05-18T22:24:17.792348Z,"{'#attributes': {'Qualifiers': 16384}, '#text': 3033}",dc.scaffold.htb,Microsoft-Windows-ActiveDirectory_DomainService,Directory Service,389,4,,,,,,,,,,,,,,
2026-05-18T22:24:17.792348Z,"{'#attributes': {'Qualifiers': 16384}, '#text': 3027}",dc.scaffold.htb,Microsoft-Windows-ActiveDirectory_DomainService,Directory Service,390,4,,3600,,,,,,,,,,,,
2026-05-18T22:24:17.792348Z,"{'#attributes': {'Qualifiers': 16384}, '#text': 1869}",dc.scaffold.htb,Microsoft-Windows-ActiveDirectory_DomainService,Directory Service,391,4,,,\\dc.scaffold.htb,Default-First-Site-Name,,,,,,,,,,
2026-05-18T22:58:18.411232Z,"{'#attributes': {'Qualifiers': 16384}, '#text': 2179}",dc.scaffold.htb,Microsoft-Windows-ActiveDirectory_DomainService,Directory Service,392,4,,15222988849553689426,,,,,,,,,,,,
2026-05-18T22:58:20.308074Z,"{'#attributes': {'Qualifiers': 16384}, '#text': 1004}",dc.scaffold.htb,Microsoft-Windows-ActiveDirectory_DomainService,Directory Service,393,4,,,,,,,,,,,,,,
2026-05-18T23:39:59.973329Z,"{'#attributes': {'Qualifiers': 32768}, '#text': 3051}",dc.scaffold.htb,Microsoft-Windows-ActiveDirectory_DomainService,Directory Service,394,3,,,,,,,,,,,,,,
2026-05-18T23:39:59.973329Z,"{'#attributes': {'Qualifiers': 32768}, '#text': 3054}",dc.scaffold.htb,Microsoft-Windows-ActiveDirectory_DomainService,Directory Service,395,3,,,,,,,,,,,,,,
2026-05-18T23:40:00.097975Z,"{'#attributes': {'Qualifiers': 16384}, '#text': 2121}",dc.scaffold.htb,Microsoft-Windows-ActiveDirectory_DomainService,Directory Service,396,4,,,,,,,,,,,,,,
2026-05-18T23:40:00.097975Z,"{'#attributes': {'Qualifiers': 16384}, '#text': 2406}",dc.scaffold.htb,Microsoft-Windows-ActiveDirectory_DomainService,Directory Service,397,4,,Recycle Bin Feature,,,,,,,,,,,,
2026-05-18T23:40:00.097975Z,"{'#attributes': {'Qualifiers': 16384}, '#text': 2406}",dc.scaffold.htb,Microsoft-Windows-ActiveDirectory_DomainService,Directory Service,398,4,,Privileged Access Management Feature,,,,,,,,,,,,
2026-05-18T23:40:00.097975Z,"{'#attributes': {'Qualifiers': 16384}, '#text': 2168}",dc.scaffold.htb,Microsoft-Windows-ActiveDirectory_DomainService,Directory Service,399,4,,14506972188055473583,,,,,,,,,,,,
2026-05-18T23:40:00.097975Z,"{'#attributes': {'Qualifiers': 16384}, '#text': 2172}",dc.scaffold.htb,Microsoft-Windows-ActiveDirectory_DomainService,Directory Service,400,4,,15222988849553689426,,,,,,,,,,,,
2026-05-18T23:40:00.097975Z,"{'#attributes': {'Qualifiers': 32768}, '#text': 2170}",dc.scaffold.htb,Microsoft-Windows-ActiveDirectory_DomainService,Directory Service,401,3,,,15222988849553689426,14506972188055473583,,,,,,,,,,
2026-05-18T23:40:00.097975Z,"{'#attributes': {'Qualifiers': 16384}, '#text': 1109}",dc.scaffold.htb,Microsoft-Windows-ActiveDirectory_DomainService,Directory Service,402,4,,,47b247ee-2a93-40c7-82e1-9e30452cc58f,3bb9a4fc-68b6-4c9f-9213-a86fcf0e5d84,,,73744,,,,,,,
2026-05-18T23:40:00.097975Z,"{'#attributes': {'Qualifiers': 16384}, '#text': 2179}",dc.scaffold.htb,Microsoft-Windows-ActiveDirectory_DomainService,Directory Service,403,4,,14506972188055473583,,,,,,,,,,,,
2026-05-18T23:40:00.113558Z,"{'#attributes': {'Qualifiers': 16384}, '#text': 2208}",dc.scaffold.htb,Microsoft-Windows-ActiveDirectory_DomainService,Directory Service,404,4,,,,,,,,,,,,,,
2026-05-18T23:40:00.113558Z,"{'#attributes': {'Qualifiers': 16384}, '#text': 2120}",dc.scaffold.htb,Microsoft-Windows-ActiveDirectory_DomainService,Directory Service,405,4,,,,,,,,,,,,,,
2026-05-18T23:40:00.113558Z,"{'#attributes': {'Qualifiers': 16384}, '#text': 2405}",dc.scaffold.htb,Microsoft-Windows-ActiveDirectory_DomainService,Directory Service,406,4,,Recycle Bin Feature,,,,,,,,,,,,
2026-05-18T23:40:00.113558Z,"{'#attributes': {'Qualifiers': 16384}, '#text': 2405}",dc.scaffold.htb,Microsoft-Windows-ActiveDirectory_DomainService,Directory Service,407,4,,Privileged Access Management Feature,,,,,,,,,,,,
2026-05-18T23:40:10.138486Z,"{'#attributes': {'Qualifiers': 32768}, '#text': 2886}",dc.scaffold.htb,Microsoft-Windows-ActiveDirectory_DomainService,Directory Service,408,3,,,,,,,,,,,,,,
2026-05-18T23:40:10.138486Z,"{'#attributes': {'Qualifiers': 32768}, '#text': 3041}",dc.scaffold.htb,Microsoft-Windows-ActiveDirectory_DomainService,Directory Service,409,3,,,,,,,,,,,,,,
2026-05-18T23:40:10.138486Z,"{'#attributes': {'Qualifiers': 16384}, '#text': 1000}",dc.scaffold.htb,Microsoft-Windows-ActiveDirectory_DomainService,Directory Service,410,4,,,,,,,,,,,,,,
2026-05-18T23:40:40.143082Z,"{'#attributes': {'Qualifiers': 16384}, '#text': 1394}",dc.scaffold.htb,Microsoft-Windows-ActiveDirectory_DomainService,Directory Service,411,4,,,,,,,,,,,,,,
2026-05-18T23:51:27.007900Z,"{'#attributes': {'Qualifiers': 16384}, '#text': 2179}",dc.scaffold.htb,Microsoft-Windows-ActiveDirectory_DomainService,Directory Service,412,4,,14506972188055473583,,,,,,,,,,,,
2026-05-18T23:51:28.940833Z,"{'#attributes': {'Qualifiers': 16384}, '#text': 1004}",dc.scaffold.htb,Microsoft-Windows-ActiveDirectory_DomainService,Directory Service,413,4,,,,,,,,,,,,,,
2026-05-21T23:18:57.096811Z,"{'#attributes': {'Qualifiers': 32768}, '#text': 3051}",dc.scaffold.htb,Microsoft-Windows-ActiveDirectory_DomainService,Directory Service,414,3,,,,,,,,,,,,,,
2026-05-21T23:18:57.096811Z,"{'#attributes': {'Qualifiers': 32768}, '#text': 3054}",dc.scaffold.htb,Microsoft-Windows-ActiveDirectory_DomainService,Directory Service,415,3,,,,,,,,,,,,,,
2026-05-21T23:18:57.236944Z,"{'#attributes': {'Qualifiers': 16384}, '#text': 2121}",dc.scaffold.htb,Microsoft-Windows-ActiveDirectory_DomainService,Directory Service,416,4,,,,,,,,,,,,,,
2026-05-21T23:18:57.236944Z,"{'#attributes': {'Qualifiers': 16384}, '#text': 2406}",dc.scaffold.htb,Microsoft-Windows-ActiveDirectory_DomainService,Directory Service,417,4,,Recycle Bin Feature,,,,,,,,,,,,
2026-05-21T23:18:57.236944Z,"{'#attributes': {'Qualifiers': 16384}, '#text': 2406}",dc.scaffold.htb,Microsoft-Windows-ActiveDirectory_DomainService,Directory Service,418,4,,Privileged Access Management Feature,,,,,,,,,,,,
2026-05-21T23:18:57.236944Z,"{'#attributes': {'Qualifiers': 16384}, '#text': 2168}",dc.scaffold.htb,Microsoft-Windows-ActiveDirectory_DomainService,Directory Service,419,4,,3093923122130046776,,,,,,,,,,,,
2026-05-21T23:18:57.236944Z,"{'#attributes': {'Qualifiers': 16384}, '#text': 2172}",dc.scaffold.htb,Microsoft-Windows-ActiveDirectory_DomainService,Directory Service,420,4,,14506972188055473583,,,,,,,,,,,,
2026-05-21T23:18:57.236944Z,"{'#attributes': {'Qualifiers': 32768}, '#text': 2170}",dc.scaffold.htb,Microsoft-Windows-ActiveDirectory_DomainService,Directory Service,421,3,,,14506972188055473583,3093923122130046776,,,,,,,,,,
2026-05-21T23:18:57.236944Z,"{'#attributes': {'Qualifiers': 16384}, '#text': 1109}",dc.scaffold.htb,Microsoft-Windows-ActiveDirectory_DomainService,Directory Service,422,4,,,3bb9a4fc-68b6-4c9f-9213-a86fcf0e5d84,306fc8ad-c13d-4210-bfa4-348bedf88771,,,77841,,,,,,,
2026-05-21T23:18:57.252807Z,"{'#attributes': {'Qualifiers': 16384}, '#text': 2179}",dc.scaffold.htb,Microsoft-Windows-ActiveDirectory_DomainService,Directory Service,423,4,,3093923122130046776,,,,,,,,,,,,
2026-05-21T23:18:57.252807Z,"{'#attributes': {'Qualifiers': 16384}, '#text': 2208}",dc.scaffold.htb,Microsoft-Windows-ActiveDirectory_DomainService,Directory Service,424,4,,,,,,,,,,,,,,
2026-05-21T23:18:57.252807Z,"{'#attributes': {'Qualifiers': 16384}, '#text': 2120}",dc.scaffold.htb,Microsoft-Windows-ActiveDirectory_DomainService,Directory Service,425,4,,,,,,,,,,,,,,
2026-05-21T23:18:57.252807Z,"{'#attributes': {'Qualifiers': 16384}, '#text': 2405}",dc.scaffold.htb,Microsoft-Windows-ActiveDirectory_DomainService,Directory Service,426,4,,Recycle Bin Feature,,,,,,,,,,,,
2026-05-21T23:18:57.252807Z,"{'#attributes': {'Qualifiers': 16384}, '#text': 2405}",dc.scaffold.htb,Microsoft-Windows-ActiveDirectory_DomainService,Directory Service,427,4,,Privileged Access Management Feature,,,,,,,,,,,,
2026-05-21T23:19:07.264096Z,"{'#attributes': {'Qualifiers': 32768}, '#text': 2886}",dc.scaffold.htb,Microsoft-Windows-ActiveDirectory_DomainService,Directory Service,428,3,,,,,,,,,,,,,,
2026-05-21T23:19:07.264096Z,"{'#attributes': {'Qualifiers': 32768}, '#text': 3041}",dc.scaffold.htb,Microsoft-Windows-ActiveDirectory_DomainService,Directory Service,429,3,,,,,,,,,,,,,,
2026-05-21T23:19:07.264096Z,"{'#attributes': {'Qualifiers': 16384}, '#text': 1000}",dc.scaffold.htb,Microsoft-Windows-ActiveDirectory_DomainService,Directory Service,430,4,,,,,,,,,,,,,,
2026-05-21T23:19:37.298510Z,"{'#attributes': {'Qualifiers': 16384}, '#text': 1394}",dc.scaffold.htb,Microsoft-Windows-ActiveDirectory_DomainService,Directory Service,431,4,,,,,,,,,,,,,,
2026-05-21T23:34:07.345142Z,"{'#attributes': {'Qualifiers': 0}, '#text': 102}",dc.scaffold.htb,NTDS ISAM,Directory Service,432,4,,,NTDS,"764,P,98",,,NTDSA: ,0,10,00,20348,0000,,
2026-05-21T23:34:07.345142Z,"{'#attributes': {'Qualifiers': 0}, '#text': 105}",dc.scaffold.htb,NTDS ISAM,Directory Service,433,4,,,NTDS,"764,D,0",,,NTDSA: ,0,0,"
[1] 0.000710 +J(0) +M(C:0K, Fs:143, WS:544K # 0K, PF:3364K # 356K, P:3364K)
[2] 0.000878 +J(0) +M(C:16K, Fs:89, WS:348K # 304K, PF:308K # 308K, P:308K)
[3] 0.000888 +J(0) +M(C:0K, Fs:5, WS:20K # 20K, PF:64K # 64K, P:64K)
[4] 0.009604 -0.000205 (1) WT +J(0) +M(C:0K, Fs:125, WS:424K # 424K, PF:5204K # 5204K, P:5204K)
[5] 0.000780 +J(0) +M(C:0K, Fs:2, WS:8K # 8K, PF:4K # 4K, P:4K)
[6] 0.002701 +J(0) +M(C:0K, Fs:24, WS:92K # 92K, PF:24K # 24K, P:24K)
[7] 0.029712 -0.021337 (21) WT +J(0) +M(C:0K, Fs:2579, WS:10296K # 10296K, PF:10260K # 10260K, P:10260K)
[8] -
[9] -
[10] -
[11] -
[12] -
[13] 0.019540 -0.010728 (22) WT +J(CM:0, PgRf:0, Rd:0/0, Dy:0/0, Lg:616/1) +M(C:0K, Fs:8, WS:-10216K # 24K, PF:-10256K # 12K, P:-10256K)
[14] 0.000052 +J(0)
[15] 0.000379 +J(0) +M(C:0K, Fs:206, WS:820K # 0K, PF:68K # 0K, P:68K)
[16] 0.000564 -0.000227 (1) WT +J(0) +M(C:0K, Fs:3, WS:4K # 0K, PF:0K # 0K, P:0K).",,,,
2026-05-21T23:34:07.345142Z,"{'#attributes': {'Qualifiers': 0}, '#text': 330}",dc.scaffold.htb,NTDS ISAM,Directory Service,434,4,,,NTDS,"764,D,50",,,NTDSA: ,C:\Windows\NTDS\ntds.dit,0x22D8 (8920),8920 (0x22d8),9360 (0x2490),,,
2026-05-21T23:34:07.345142Z,"{'#attributes': {'Qualifiers': 0}, '#text': 326}",dc.scaffold.htb,NTDS ISAM,Directory Service,435,4,,,NTDS,"764,D,50",,,NTDSA: ,1,C:\Windows\NTDS\ntds.dit,0,"
[1] 0.000005 +J(0) +M(C:0K, Fs:1, WS:4K # 0K, PF:0K # 0K, P:0K)
[2] 0.000398 -0.000113 (1) WT +J(0) +M(C:0K, Fs:19, WS:12K # 0K, PF:8K # 0K, P:8K)
[3] 0.006050 -0.002041 (6) WT +J(CM:0, PgRf:0, Rd:0/0, Dy:0/0, Lg:3480/2) +M(C:0K, Fs:23, WS:80K # 0K, PF:152K # 0K, P:152K)
[4] 0.000123 +J(0)
[5] -
[6] -
[7] -
[8] 0.004247 -0.000372 (2) CM -0.000221 (2) WT +J(CM:2, PgRf:2, Rd:4/2, Dy:0/0, Lg:0/0) +M(C:16K, Fs:45, WS:172K # 0K, PF:220K # 0K, P:220K)
[9] 0.003280 -0.002796 (7) CM -0.002346 (7) WT +J(CM:7, PgRf:24, Rd:0/7, Dy:0/0, Lg:0/0) +M(C:-8K, Fs:30, WS:104K # 0K, PF:196K # 0K, P:196K)
[10] 0.000999 -0.000808 (3) CM -0.000509 (3) WT +J(CM:3, PgRf:40, Rd:0/3, Dy:0/0, Lg:0/0) +M(C:-4K, Fs:5, WS:12K # 0K, PF:60K # 0K, P:60K)
[11] 0.000014 +J(CM:0, PgRf:1, Rd:0/0, Dy:0/0, Lg:0/0) +M(C:0K, Fs:4, WS:16K # 0K, PF:0K # 0K, P:0K)
[12] 0.000026 +J(CM:0, PgRf:48, Rd:0/0, Dy:0/0, Lg:0/0) +M(C:0K, Fs:2, WS:8K # 0K, PF:0K # 0K, P:0K)
[13] 0.0 +J(0)
[14] 0.0 +J(0)
[15] 0.000002 +J(CM:0, PgRf:1, Rd:0/0, Dy:0/0, Lg:0/0).",0 0,"lgposAttach = 00000002:0866:0268,
dbv = 1568.20.0 (8920)",
2026-05-21T23:34:07.345142Z,"{'#attributes': {'Qualifiers': 0}, '#text': 330}",dc.scaffold.htb,NTDS ISAM,Directory Service,436,4,,,NTDS,"764,D,2",,,NTDSA: ,C:\Windows\NTDS\temp.edb,0x22D8 (8920),8920 (0x22d8),9360 (0x2490),,,
2026-05-21T23:34:07.345142Z,"{'#attributes': {'Qualifiers': 0}, '#text': 700}",dc.scaffold.htb,NTDS ISAM,Directory Service,437,4,,,NTDS,"764,D,0",,,NTDSA: ,C:\Windows\NTDS\ntds.dit,,,,,,
2026-05-21T23:34:07.471252Z,"{'#attributes': {'Qualifiers': 0}, '#text': 701}",dc.scaffold.htb,NTDS ISAM,Directory Service,438,4,,,NTDS,"764,D,0",,,NTDSA: ,C:\Windows\NTDS\ntds.dit,2,5/21/2026,0,1,1,10
2026-05-21T23:34:07.345142Z,"{'#attributes': {'Qualifiers': 16384}, '#text': 3033}",dc.scaffold.htb,Microsoft-Windows-ActiveDirectory_DomainService,Directory Service,439,4,,,,,,,,,,,,,,
2026-05-21T23:34:07.345142Z,"{'#attributes': {'Qualifiers': 16384}, '#text': 3027}",dc.scaffold.htb,Microsoft-Windows-ActiveDirectory_DomainService,Directory Service,440,4,,3600,,,,,,,,,,,,
2026-05-21T23:34:07.345142Z,"{'#attributes': {'Qualifiers': 16384}, '#text': 1869}",dc.scaffold.htb,Microsoft-Windows-ActiveDirectory_DomainService,Directory Service,441,4,,,\\dc.scaffold.htb,Default-First-Site-Name,,,,,,,,,,
2026-05-22T00:28:02.481104Z,"{'#attributes': {'Qualifiers': 16384}, '#text': 2179}",dc.scaffold.htb,Microsoft-Windows-ActiveDirectory_DomainService,Directory Service,442,4,,3093923122130046776,,,,,,,,,,,,
2026-05-22T00:28:04.695673Z,"{'#attributes': {'Qualifiers': 16384}, '#text': 1004}",dc.scaffold.htb,Microsoft-Windows-ActiveDirectory_DomainService,Directory Service,443,4,,,,,,,,,,,,,,
2026-05-22T13:51:07.089482Z,"{'#attributes': {'Qualifiers': 32768}, '#text': 3051}",dc.scaffold.htb,Microsoft-Windows-ActiveDirectory_DomainService,Directory Service,444,3,,,,,,,,,,,,,,
2026-05-22T13:51:07.089482Z,"{'#attributes': {'Qualifiers': 32768}, '#text': 3054}",dc.scaffold.htb,Microsoft-Windows-ActiveDirectory_DomainService,Directory Service,445,3,,,,,,,,,,,,,,
2026-05-22T13:51:07.328632Z,"{'#attributes': {'Qualifiers': 16384}, '#text': 2121}",dc.scaffold.htb,Microsoft-Windows-ActiveDirectory_DomainService,Directory Service,446,4,,,,,,,,,,,,,,
2026-05-22T13:51:07.328632Z,"{'#attributes': {'Qualifiers': 16384}, '#text': 2406}",dc.scaffold.htb,Microsoft-Windows-ActiveDirectory_DomainService,Directory Service,447,4,,Recycle Bin Feature,,,,,,,,,,,,
2026-05-22T13:51:07.328632Z,"{'#attributes': {'Qualifiers': 16384}, '#text': 2406}",dc.scaffold.htb,Microsoft-Windows-ActiveDirectory_DomainService,Directory Service,448,4,,Privileged Access Management Feature,,,,,,,,,,,,
2026-05-22T13:51:07.328632Z,"{'#attributes': {'Qualifiers': 16384}, '#text': 2168}",dc.scaffold.htb,Microsoft-Windows-ActiveDirectory_DomainService,Directory Service,449,4,,3093923122130046776,,,,,,,,,,,,
2026-05-22T13:51:07.328632Z,"{'#attributes': {'Qualifiers': 16384}, '#text': 2172}",dc.scaffold.htb,Microsoft-Windows-ActiveDirectory_DomainService,Directory Service,450,4,,3093923122130046776,,,,,,,,,,,,
2026-05-22T13:51:07.339485Z,"{'#attributes': {'Qualifiers': 16384}, '#text': 2120}",dc.scaffold.htb,Microsoft-Windows-ActiveDirectory_DomainService,Directory Service,451,4,,,,,,,,,,,,,,
2026-05-22T13:51:07.339485Z,"{'#attributes': {'Qualifiers': 16384}, '#text': 2405}",dc.scaffold.htb,Microsoft-Windows-ActiveDirectory_DomainService,Directory Service,452,4,,Recycle Bin Feature,,,,,,,,,,,,
2026-05-22T13:51:07.339485Z,"{'#attributes': {'Qualifiers': 16384}, '#text': 2405}",dc.scaffold.htb,Microsoft-Windows-ActiveDirectory_DomainService,Directory Service,453,4,,Privileged Access Management Feature,,,,,,,,,,,,
2026-05-22T13:51:17.344129Z,"{'#attributes': {'Qualifiers': 32768}, '#text': 2886}",dc.scaffold.htb,Microsoft-Windows-ActiveDirectory_DomainService,Directory Service,454,3,,,,,,,,,,,,,,
2026-05-22T13:51:17.344129Z,"{'#attributes': {'Qualifiers': 32768}, '#text': 3041}",dc.scaffold.htb,Microsoft-Windows-ActiveDirectory_DomainService,Directory Service,455,3,,,,,,,,,,,,,,
2026-05-22T13:51:17.344129Z,"{'#attributes': {'Qualifiers': 16384}, '#text': 1000}",dc.scaffold.htb,Microsoft-Windows-ActiveDirectory_DomainService,Directory Service,456,4,,,,,,,,,,,,,,
2026-05-22T13:51:47.348221Z,"{'#attributes': {'Qualifiers': 16384}, '#text': 1394}",dc.scaffold.htb,Microsoft-Windows-ActiveDirectory_DomainService,Directory Service,457,4,,,,,,,,,,,,,,
2026-05-22T14:06:17.399695Z,"{'#attributes': {'Qualifiers': 0}, '#text': 102}",dc.scaffold.htb,NTDS ISAM,Directory Service,458,4,,,NTDS,"740,P,98",,,NTDSA: ,0,10,00,20348,0000,,
2026-05-22T14:06:17.399695Z,"{'#attributes': {'Qualifiers': 0}, '#text': 105}",dc.scaffold.htb,NTDS ISAM,Directory Service,459,4,,,NTDS,"740,D,0",,,NTDSA: ,0,0,"
[1] 0.001155 +J(0) +M(C:0K, Fs:142, WS:544K # 0K, PF:3368K # 360K, P:3368K)
[2] 0.001552 +J(0) +M(C:16K, Fs:92, WS:356K # 312K, PF:320K # 320K, P:320K)
[3] 0.000843 +J(0) +M(C:0K, Fs:6, WS:20K # 20K, PF:64K # 64K, P:64K)
[4] 0.012872 -0.000201 (1) WT +J(0) +M(C:0K, Fs:125, WS:428K # 428K, PF:5200K # 5200K, P:5200K)
[5] 0.000887 +J(0) +M(C:0K, Fs:1, WS:4K # 4K, PF:0K # 0K, P:0K)
[6] 0.005008 +J(0) +M(C:0K, Fs:20, WS:80K # 80K, PF:12K # 12K, P:12K)
[7] 0.044201 -0.031771 (21) WT +J(0) +M(C:0K, Fs:2579, WS:10296K # 10296K, PF:10260K # 10260K, P:10260K)
[8] -
[9] -
[10] -
[11] -
[12] -
[13] 0.022628 -0.014139 (22) WT +J(CM:0, PgRf:0, Rd:0/0, Dy:0/0, Lg:616/1) +M(C:0K, Fs:9, WS:-10216K # 24K, PF:-10252K # 12K, P:-10252K)
[14] 0.000027 +J(0) +M(C:0K, Fs:1, WS:4K # 0K, PF:4K # 0K, P:4K)
[15] 0.000280 +J(0) +M(C:0K, Fs:205, WS:820K # 0K, PF:64K # 0K, P:64K)
[16] 0.000647 -0.000293 (1) WT +J(0) +M(C:0K, Fs:3, WS:4K # 0K, PF:0K # 0K, P:0K).",,,,
2026-05-22T14:06:17.415708Z,"{'#attributes': {'Qualifiers': 0}, '#text': 330}",dc.scaffold.htb,NTDS ISAM,Directory Service,460,4,,,NTDS,"740,D,50",,,NTDSA: ,C:\Windows\NTDS\ntds.dit,0x22D8 (8920),8920 (0x22d8),9360 (0x2490),,,
2026-05-22T14:06:17.415708Z,"{'#attributes': {'Qualifiers': 0}, '#text': 326}",dc.scaffold.htb,NTDS ISAM,Directory Service,461,4,,,NTDS,"740,D,50",,,NTDSA: ,1,C:\Windows\NTDS\ntds.dit,0,"
[1] 0.000004 +J(0) +M(C:0K, Fs:1, WS:4K # 0K, PF:0K # 0K, P:0K)
[2] 0.000485 -0.000262 (1) WT +J(0) +M(C:0K, Fs:19, WS:12K # 0K, PF:8K # 0K, P:8K)
[3] 0.009825 -0.005416 (6) WT +J(CM:0, PgRf:0, Rd:0/0, Dy:0/0, Lg:3480/2) +M(C:0K, Fs:23, WS:80K # 0K, PF:152K # 0K, P:152K)
[4] 0.000161 +J(0)
[5] -
[6] -
[7] -
[8] 0.005332 -0.000622 (2) CM -0.000421 (2) WT +J(CM:2, PgRf:2, Rd:4/2, Dy:0/0, Lg:0/0) +M(C:16K, Fs:45, WS:172K # 0K, PF:220K # 0K, P:220K)
[9] 0.007037 -0.006054 (8) CM -0.004781 (8) WT +J(CM:8, PgRf:24, Rd:0/8, Dy:0/0, Lg:0/0) +M(C:-4K, Fs:32, WS:108K # 0K, PF:204K # 0K, P:204K)
[10] 0.002391 -0.002056 (4) CM -0.001610 (4) WT +J(CM:4, PgRf:40, Rd:0/4, Dy:0/0, Lg:0/0) +M(C:-4K, Fs:6, WS:12K # 0K, PF:60K # 0K, P:60K)
[11] 0.000361 -0.000286 (1) CM -0.000205 (1) WT +J(CM:1, PgRf:1, Rd:0/1, Dy:0/0, Lg:0/0) +M(C:0K, Fs:5, WS:16K # 0K, PF:0K # 0K, P:0K)
[12] 0.000115 +J(CM:0, PgRf:48, Rd:0/0, Dy:0/0, Lg:0/0) +M(C:0K, Fs:2, WS:8K # 0K, PF:0K # 0K, P:0K)
[13] 0.000002 +J(0)
[14] 0.0 +J(0)
[15] 0.000009 +J(CM:0, PgRf:1, Rd:0/0, Dy:0/0, Lg:0/0).",0 0,"lgposAttach = 00000002:088D:0268,
dbv = 1568.20.0 (8920)",
2026-05-22T14:06:17.415708Z,"{'#attributes': {'Qualifiers': 0}, '#text': 330}",dc.scaffold.htb,NTDS ISAM,Directory Service,462,4,,,NTDS,"740,D,2",,,NTDSA: ,C:\Windows\NTDS\temp.edb,0x22D8 (8920),8920 (0x22d8),9360 (0x2490),,,
2026-05-22T14:06:17.415708Z,"{'#attributes': {'Qualifiers': 0}, '#text': 700}",dc.scaffold.htb,NTDS ISAM,Directory Service,463,4,,,NTDS,"740,D,0",,,NTDSA: ,C:\Windows\NTDS\ntds.dit,,,,,,
2026-05-22T14:06:17.540422Z,"{'#attributes': {'Qualifiers': 0}, '#text': 701}",dc.scaffold.htb,NTDS ISAM,Directory Service,464,4,,,NTDS,"740,D,0",,,NTDSA: ,C:\Windows\NTDS\ntds.dit,1,5/22/2026,0,1,1,11
2026-05-22T14:06:17.399695Z,"{'#attributes': {'Qualifiers': 16384}, '#text': 3033}",dc.scaffold.htb,Microsoft-Windows-ActiveDirectory_DomainService,Directory Service,465,4,,,,,,,,,,,,,,
2026-05-22T14:06:17.399695Z,"{'#attributes': {'Qualifiers': 16384}, '#text': 3027}",dc.scaffold.htb,Microsoft-Windows-ActiveDirectory_DomainService,Directory Service,466,4,,3600,,,,,,,,,,,,
2026-05-22T14:06:17.399695Z,"{'#attributes': {'Qualifiers': 16384}, '#text': 1869}",dc.scaffold.htb,Microsoft-Windows-ActiveDirectory_DomainService,Directory Service,467,4,,,\\dc.scaffold.htb,Default-First-Site-Name,,,,,,,,,,
2026-05-22T21:24:25.684665Z,"{'#attributes': {'Qualifiers': 32768}, '#text': 3051}",dc.scaffold.htb,Microsoft-Windows-ActiveDirectory_DomainService,Directory Service,468,3,,,,,,,,,,,,,,
2026-05-22T21:24:25.684665Z,"{'#attributes': {'Qualifiers': 32768}, '#text': 3054}",dc.scaffold.htb,Microsoft-Windows-ActiveDirectory_DomainService,Directory Service,469,3,,,,,,,,,,,,,,
2026-05-22T21:24:26.059649Z,"{'#attributes': {'Qualifiers': 16384}, '#text': 2121}",dc.scaffold.htb,Microsoft-Windows-ActiveDirectory_DomainService,Directory Service,470,4,,,,,,,,,,,,,,
2026-05-22T21:24:26.059649Z,"{'#attributes': {'Qualifiers': 16384}, '#text': 2406}",dc.scaffold.htb,Microsoft-Windows-ActiveDirectory_DomainService,Directory Service,471,4,,Recycle Bin Feature,,,,,,,,,,,,
2026-05-22T21:24:26.059649Z,"{'#attributes': {'Qualifiers': 16384}, '#text': 2406}",dc.scaffold.htb,Microsoft-Windows-ActiveDirectory_DomainService,Directory Service,472,4,,Privileged Access Management Feature,,,,,,,,,,,,
2026-05-22T21:24:26.059649Z,"{'#attributes': {'Qualifiers': 16384}, '#text': 2168}",dc.scaffold.htb,Microsoft-Windows-ActiveDirectory_DomainService,Directory Service,473,4,,3093923122130046776,,,,,,,,,,,,
2026-05-22T21:24:26.059649Z,"{'#attributes': {'Qualifiers': 16384}, '#text': 2172}",dc.scaffold.htb,Microsoft-Windows-ActiveDirectory_DomainService,Directory Service,474,4,,3093923122130046776,,,,,,,,,,,,
2026-05-22T21:24:26.059649Z,"{'#attributes': {'Qualifiers': 16384}, '#text': 2120}",dc.scaffold.htb,Microsoft-Windows-ActiveDirectory_DomainService,Directory Service,475,4,,,,,,,,,,,,,,
2026-05-22T21:24:26.059649Z,"{'#attributes': {'Qualifiers': 16384}, '#text': 2405}",dc.scaffold.htb,Microsoft-Windows-ActiveDirectory_DomainService,Directory Service,476,4,,Recycle Bin Feature,,,,,,,,,,,,
2026-05-22T21:24:26.059649Z,"{'#attributes': {'Qualifiers': 16384}, '#text': 2405}",dc.scaffold.htb,Microsoft-Windows-ActiveDirectory_DomainService,Directory Service,477,4,,Privileged Access Management Feature,,,,,,,,,,,,
2026-05-22T21:24:36.083697Z,"{'#attributes': {'Qualifiers': 32768}, '#text': 2886}",dc.scaffold.htb,Microsoft-Windows-ActiveDirectory_DomainService,Directory Service,478,3,,,,,,,,,,,,,,
2026-05-22T21:24:36.083697Z,"{'#attributes': {'Qualifiers': 32768}, '#text': 3041}",dc.scaffold.htb,Microsoft-Windows-ActiveDirectory_DomainService,Directory Service,479,3,,,,,,,,,,,,,,
2026-05-22T21:24:36.083697Z,"{'#attributes': {'Qualifiers': 16384}, '#text': 1000}",dc.scaffold.htb,Microsoft-Windows-ActiveDirectory_DomainService,Directory Service,480,4,,,,,,,,,,,,,,
2026-05-22T21:25:06.121212Z,"{'#attributes': {'Qualifiers': 16384}, '#text': 1394}",dc.scaffold.htb,Microsoft-Windows-ActiveDirectory_DomainService,Directory Service,481,4,,,,,,,,,,,,,,
2026-05-22T21:39:36.238755Z,"{'#attributes': {'Qualifiers': 16384}, '#text': 3033}",dc.scaffold.htb,Microsoft-Windows-ActiveDirectory_DomainService,Directory Service,482,4,,,,,,,,,,,,,,
2026-05-22T21:39:36.238755Z,"{'#attributes': {'Qualifiers': 16384}, '#text': 3027}",dc.scaffold.htb,Microsoft-Windows-ActiveDirectory_DomainService,Directory Service,483,4,,3600,,,,,,,,,,,,
2026-05-22T21:39:36.238755Z,"{'#attributes': {'Qualifiers': 16384}, '#text': 1869}",dc.scaffold.htb,Microsoft-Windows-ActiveDirectory_DomainService,Directory Service,484,4,,,\\dc.scaffold.htb,Default-First-Site-Name,,,,,,,,,,
2026-05-23T11:25:50.692379Z,"{'#attributes': {'Qualifiers': 32768}, '#text': 3051}",dc.scaffold.htb,Microsoft-Windows-ActiveDirectory_DomainService,Directory Service,485,3,,,,,,,,,,,,,,
2026-05-23T11:25:50.692379Z,"{'#attributes': {'Qualifiers': 32768}, '#text': 3054}",dc.scaffold.htb,Microsoft-Windows-ActiveDirectory_DomainService,Directory Service,486,3,,,,,,,,,,,,,,
2026-05-23T11:25:51.036135Z,"{'#attributes': {'Qualifiers': 16384}, '#text': 2121}",dc.scaffold.htb,Microsoft-Windows-ActiveDirectory_DomainService,Directory Service,487,4,,,,,,,,,,,,,,
2026-05-23T11:25:51.036135Z,"{'#attributes': {'Qualifiers': 16384}, '#text': 2406}",dc.scaffold.htb,Microsoft-Windows-ActiveDirectory_DomainService,Directory Service,488,4,,Recycle Bin Feature,,,,,,,,,,,,
2026-05-23T11:25:51.036135Z,"{'#attributes': {'Qualifiers': 16384}, '#text': 2406}",dc.scaffold.htb,Microsoft-Windows-ActiveDirectory_DomainService,Directory Service,489,4,,Privileged Access Management Feature,,,,,,,,,,,,
2026-05-23T11:25:51.036135Z,"{'#attributes': {'Qualifiers': 16384}, '#text': 2168}",dc.scaffold.htb,Microsoft-Windows-ActiveDirectory_DomainService,Directory Service,490,4,,3093923122130046776,,,,,,,,,,,,
2026-05-23T11:25:51.036135Z,"{'#attributes': {'Qualifiers': 16384}, '#text': 2172}",dc.scaffold.htb,Microsoft-Windows-ActiveDirectory_DomainService,Directory Service,491,4,,3093923122130046776,,,,,,,,,,,,
2026-05-23T11:25:51.036135Z,"{'#attributes': {'Qualifiers': 16384}, '#text': 2120}",dc.scaffold.htb,Microsoft-Windows-ActiveDirectory_DomainService,Directory Service,492,4,,,,,,,,,,,,,,
2026-05-23T11:25:51.036135Z,"{'#attributes': {'Qualifiers': 16384}, '#text': 2405}",dc.scaffold.htb,Microsoft-Windows-ActiveDirectory_DomainService,Directory Service,493,4,,Recycle Bin Feature,,,,,,,,,,,,
2026-05-23T11:25:51.036135Z,"{'#attributes': {'Qualifiers': 16384}, '#text': 2405}",dc.scaffold.htb,Microsoft-Windows-ActiveDirectory_DomainService,Directory Service,494,4,,Privileged Access Management Feature,,,,,,,,,,,,
2026-05-23T11:26:01.060479Z,"{'#attributes': {'Qualifiers': 32768}, '#text': 2886}",dc.scaffold.htb,Microsoft-Windows-ActiveDirectory_DomainService,Directory Service,495,3,,,,,,,,,,,,,,
2026-05-23T11:26:01.060479Z,"{'#attributes': {'Qualifiers': 32768}, '#text': 3041}",dc.scaffold.htb,Microsoft-Windows-ActiveDirectory_DomainService,Directory Service,496,3,,,,,,,,,,,,,,
2026-05-23T11:26:01.060479Z,"{'#attributes': {'Qualifiers': 16384}, '#text': 1000}",dc.scaffold.htb,Microsoft-Windows-ActiveDirectory_DomainService,Directory Service,497,4,,,,,,,,,,,,,,
2026-05-23T11:26:31.055593Z,"{'#attributes': {'Qualifiers': 16384}, '#text': 1394}",dc.scaffold.htb,Microsoft-Windows-ActiveDirectory_DomainService,Directory Service,498,4,,,,,,,,,,,,,,
2026-05-23T11:41:01.154525Z,"{'#attributes': {'Qualifiers': 16384}, '#text': 3033}",dc.scaffold.htb,Microsoft-Windows-ActiveDirectory_DomainService,Directory Service,499,4,,,,,,,,,,,,,,
2026-05-23T11:41:01.154525Z,"{'#attributes': {'Qualifiers': 16384}, '#text': 3027}",dc.scaffold.htb,Microsoft-Windows-ActiveDirectory_DomainService,Directory Service,500,4,,3600,,,,,,,,,,,,
2026-05-23T11:41:01.154525Z,"{'#attributes': {'Qualifiers': 16384}, '#text': 1869}",dc.scaffold.htb,Microsoft-Windows-ActiveDirectory_DomainService,Directory Service,501,4,,,\\dc.scaffold.htb,Default-First-Site-Name,,,,,,,,,,
2026-05-23T13:32:07.771437Z,"{'#attributes': {'Qualifiers': 16384}, '#text': 2179}",dc.scaffold.htb,Microsoft-Windows-ActiveDirectory_DomainService,Directory Service,502,4,,3093923122130046776,,,,,,,,,,,,
2026-05-23T13:32:09.357470Z,"{'#attributes': {'Qualifiers': 16384}, '#text': 1004}",dc.scaffold.htb,Microsoft-Windows-ActiveDirectory_DomainService,Directory Service,503,4,,,,,,,,,,,,,,
2026-05-23T13:32:22.028847Z,"{'#attributes': {'Qualifiers': 32768}, '#text': 3051}",dc.scaffold.htb,Microsoft-Windows-ActiveDirectory_DomainService,Directory Service,504,3,,,,,,,,,,,,,,
2026-05-23T13:32:22.028847Z,"{'#attributes': {'Qualifiers': 32768}, '#text': 3054}",dc.scaffold.htb,Microsoft-Windows-ActiveDirectory_DomainService,Directory Service,505,3,,,,,,,,,,,,,,
2026-05-23T13:32:22.443410Z,"{'#attributes': {'Qualifiers': 16384}, '#text': 2121}",dc.scaffold.htb,Microsoft-Windows-ActiveDirectory_DomainService,Directory Service,506,4,,,,,,,,,,,,,,
2026-05-23T13:32:22.443410Z,"{'#attributes': {'Qualifiers': 16384}, '#text': 2406}",dc.scaffold.htb,Microsoft-Windows-ActiveDirectory_DomainService,Directory Service,507,4,,Recycle Bin Feature,,,,,,,,,,,,
2026-05-23T13:32:22.443410Z,"{'#attributes': {'Qualifiers': 16384}, '#text': 2406}",dc.scaffold.htb,Microsoft-Windows-ActiveDirectory_DomainService,Directory Service,508,4,,Privileged Access Management Feature,,,,,,,,,,,,
2026-05-23T13:32:22.443410Z,"{'#attributes': {'Qualifiers': 16384}, '#text': 2168}",dc.scaffold.htb,Microsoft-Windows-ActiveDirectory_DomainService,Directory Service,509,4,,3093923122130046776,,,,,,,,,,,,
2026-05-23T13:32:22.443410Z,"{'#attributes': {'Qualifiers': 16384}, '#text': 2172}",dc.scaffold.htb,Microsoft-Windows-ActiveDirectory_DomainService,Directory Service,510,4,,3093923122130046776,,,,,,,,,,,,
2026-05-23T13:32:22.458062Z,"{'#attributes': {'Qualifiers': 16384}, '#text': 2120}",dc.scaffold.htb,Microsoft-Windows-ActiveDirectory_DomainService,Directory Service,511,4,,,,,,,,,,,,,,
2026-05-23T13:32:22.458062Z,"{'#attributes': {'Qualifiers': 16384}, '#text': 2405}",dc.scaffold.htb,Microsoft-Windows-ActiveDirectory_DomainService,Directory Service,512,4,,Recycle Bin Feature,,,,,,,,,,,,
2026-05-23T13:32:22.458062Z,"{'#attributes': {'Qualifiers': 16384}, '#text': 2405}",dc.scaffold.htb,Microsoft-Windows-ActiveDirectory_DomainService,Directory Service,513,4,,Privileged Access Management Feature,,,,,,,,,,,,
2026-05-23T13:32:32.460885Z,"{'#attributes': {'Qualifiers': 32768}, '#text': 2886}",dc.scaffold.htb,Microsoft-Windows-ActiveDirectory_DomainService,Directory Service,514,3,,,,,,,,,,,,,,
2026-05-23T13:32:32.460885Z,"{'#attributes': {'Qualifiers': 32768}, '#text': 3041}",dc.scaffold.htb,Microsoft-Windows-ActiveDirectory_DomainService,Directory Service,515,3,,,,,,,,,,,,,,
2026-05-23T13:32:32.460885Z,"{'#attributes': {'Qualifiers': 16384}, '#text': 1000}",dc.scaffold.htb,Microsoft-Windows-ActiveDirectory_DomainService,Directory Service,516,4,,,,,,,,,,,,,,
2026-05-23T13:33:02.451478Z,"{'#attributes': {'Qualifiers': 16384}, '#text': 1394}",dc.scaffold.htb,Microsoft-Windows-ActiveDirectory_DomainService,Directory Service,517,4,,,,,,,,,,,,,,
2026-05-23T13:47:33.726241Z,"{'#attributes': {'Qualifiers': 0}, '#text': 102}",dc.scaffold.htb,NTDS ISAM,Directory Service,518,4,,,NTDS,"752,P,98",,,NTDSA: ,0,10,00,20348,0000,,
2026-05-23T13:47:33.741700Z,"{'#attributes': {'Qualifiers': 0}, '#text': 105}",dc.scaffold.htb,NTDS ISAM,Directory Service,519,4,,,NTDS,"752,D,0",,,NTDSA: ,0,0,"
[1] 0.000533 +J(0) +M(C:0K, Fs:143, WS:544K # 0K, PF:3368K # 360K, P:3368K)
[2] 0.000679 +J(0) +M(C:16K, Fs:87, WS:344K # 300K, PF:300K # 300K, P:300K)
[3] 0.000380 +J(0) +M(C:0K, Fs:5, WS:20K # 20K, PF:64K # 64K, P:64K)
[4] 0.004199 -0.000087 (1) WT +J(0) +M(C:0K, Fs:128, WS:432K # 432K, PF:5208K # 5208K, P:5208K)
[5] 0.000358 +J(0) +M(C:0K, Fs:1, WS:4K # 4K, PF:0K # 0K, P:0K)
[6] 0.001478 +J(0) +M(C:0K, Fs:20, WS:80K # 80K, PF:12K # 12K, P:12K)
[7] 0.019622 -0.015783 (21) WT +J(0) +M(C:0K, Fs:2579, WS:10296K # 10296K, PF:10260K # 10260K, P:10260K)
[8] -
[9] -
[10] -
[11] -
[12] -
[13] 0.009598 -0.005938 (22) WT +J(CM:0, PgRf:0, Rd:0/0, Dy:0/0, Lg:616/1) +M(C:0K, Fs:8, WS:-10216K # 24K, PF:-10256K # 12K, P:-10256K)
[14] 0.000014 +J(0) +M(C:0K, Fs:1, WS:4K # 0K, PF:4K # 0K, P:4K)
[15] 0.000137 +J(0) +M(C:0K, Fs:206, WS:820K # 0K, PF:68K # 0K, P:68K)
[16] 0.000177 -0.000073 (1) WT +J(0) +M(C:0K, Fs:3, WS:4K # 0K, PF:0K # 0K, P:0K).",,,,
2026-05-23T13:47:33.741700Z,"{'#attributes': {'Qualifiers': 0}, '#text': 330}",dc.scaffold.htb,NTDS ISAM,Directory Service,520,4,,,NTDS,"752,D,50",,,NTDSA: ,C:\Windows\NTDS\ntds.dit,0x22D8 (8920),8920 (0x22d8),9360 (0x2490),,,
2026-05-23T13:47:33.741700Z,"{'#attributes': {'Qualifiers': 0}, '#text': 326}",dc.scaffold.htb,NTDS ISAM,Directory Service,521,4,,,NTDS,"752,D,50",,,NTDSA: ,1,C:\Windows\NTDS\ntds.dit,0,"
[1] 0.000002 +J(0) +M(C:0K, Fs:1, WS:4K # 0K, PF:0K # 0K, P:0K)
[2] 0.000213 -0.000083 (1) WT +J(0) +M(C:0K, Fs:20, WS:12K # 0K, PF:8K # 0K, P:8K)
[3] 0.001789 -0.000579 (6) WT +J(CM:0, PgRf:0, Rd:0/0, Dy:0/0, Lg:3480/2) +M(C:0K, Fs:22, WS:76K # 0K, PF:148K # 0K, P:148K)
[4] 0.000046 +J(0)
[5] -
[6] -
[7] -
[8] 0.001857 -0.000193 (2) CM -0.000124 (2) WT +J(CM:2, PgRf:2, Rd:4/2, Dy:0/0, Lg:0/0) +M(C:16K, Fs:45, WS:172K # 0K, PF:220K # 0K, P:220K)
[9] 0.001621 -0.001392 (8) CM -0.001169 (8) WT +J(CM:8, PgRf:24, Rd:0/8, Dy:0/0, Lg:0/0) +M(C:-4K, Fs:30, WS:104K # 0K, PF:196K # 0K, P:196K)
[10] 0.000492 -0.000399 (4) CM -0.000308 (4) WT +J(CM:4, PgRf:40, Rd:0/4, Dy:0/0, Lg:0/0) +M(C:-4K, Fs:6, WS:12K # 0K, PF:60K # 0K, P:60K)
[11] 0.000120 -0.000091 (1) CM -0.000062 (1) WT +J(CM:1, PgRf:1, Rd:0/1, Dy:0/0, Lg:0/0) +M(C:0K, Fs:5, WS:16K # 0K, PF:0K # 0K, P:0K)
[12] 0.000021 +J(CM:0, PgRf:48, Rd:0/0, Dy:0/0, Lg:0/0) +M(C:0K, Fs:2, WS:8K # 0K, PF:0K # 0K, P:0K)
[13] 0.0 +J(0)
[14] 0.0 +J(0)
[15] 0.000002 +J(CM:0, PgRf:1, Rd:0/0, Dy:0/0, Lg:0/0).",0 0,"lgposAttach = 00000002:090C:0268,
dbv = 1568.20.0 (8920)",
2026-05-23T13:47:33.741700Z,"{'#attributes': {'Qualifiers': 0}, '#text': 330}",dc.scaffold.htb,NTDS ISAM,Directory Service,522,4,,,NTDS,"752,D,2",,,NTDSA: ,C:\Windows\NTDS\temp.edb,0x22D8 (8920),8920 (0x22d8),9360 (0x2490),,,
2026-05-23T13:47:33.741700Z,"{'#attributes': {'Qualifiers': 0}, '#text': 700}",dc.scaffold.htb,NTDS ISAM,Directory Service,523,4,,,NTDS,"752,D,0",,,NTDSA: ,C:\Windows\NTDS\ntds.dit,,,,,,
2026-05-23T13:47:34.045543Z,"{'#attributes': {'Qualifiers': 0}, '#text': 701}",dc.scaffold.htb,NTDS ISAM,Directory Service,524,4,,,NTDS,"752,D,0",,,NTDSA: ,C:\Windows\NTDS\ntds.dit,0,5/23/2026,0,1,1,12
2026-05-23T13:47:33.726241Z,"{'#attributes': {'Qualifiers': 16384}, '#text': 3033}",dc.scaffold.htb,Microsoft-Windows-ActiveDirectory_DomainService,Directory Service,525,4,,,,,,,,,,,,,,
2026-05-23T13:47:33.726241Z,"{'#attributes': {'Qualifiers': 16384}, '#text': 3027}",dc.scaffold.htb,Microsoft-Windows-ActiveDirectory_DomainService,Directory Service,526,4,,3600,,,,,,,,,,,,
2026-05-23T13:47:33.726241Z,"{'#attributes': {'Qualifiers': 16384}, '#text': 1869}",dc.scaffold.htb,Microsoft-Windows-ActiveDirectory_DomainService,Directory Service,527,4,,,\\dc.scaffold.htb,Default-First-Site-Name,,,,,,,,,,
2026-05-23T15:34:23.956829Z,"{'#attributes': {'Qualifiers': 16384}, '#text': 2179}",dc.scaffold.htb,Microsoft-Windows-ActiveDirectory_DomainService,Directory Service,528,4,,3093923122130046776,,,,,,,,,,,,
2026-05-23T15:34:25.239524Z,"{'#attributes': {'Qualifiers': 16384}, '#text': 1004}",dc.scaffold.htb,Microsoft-Windows-ActiveDirectory_DomainService,Directory Service,529,4,,,,,,,,,,,,,,
2026-05-23T23:00:39.986386Z,"{'#attributes': {'Qualifiers': 32768}, '#text': 3051}",dc.scaffold.htb,Microsoft-Windows-ActiveDirectory_DomainService,Directory Service,530,3,,,,,,,,,,,,,,
2026-05-23T23:00:39.986386Z,"{'#attributes': {'Qualifiers': 32768}, '#text': 3054}",dc.scaffold.htb,Microsoft-Windows-ActiveDirectory_DomainService,Directory Service,531,3,,,,,,,,,,,,,,
2026-05-23T23:00:40.174132Z,"{'#attributes': {'Qualifiers': 16384}, '#text': 2121}",dc.scaffold.htb,Microsoft-Windows-ActiveDirectory_DomainService,Directory Service,532,4,,,,,,,,,,,,,,
2026-05-23T23:00:40.174132Z,"{'#attributes': {'Qualifiers': 16384}, '#text': 2406}",dc.scaffold.htb,Microsoft-Windows-ActiveDirectory_DomainService,Directory Service,533,4,,Recycle Bin Feature,,,,,,,,,,,,
2026-05-23T23:00:40.174132Z,"{'#attributes': {'Qualifiers': 16384}, '#text': 2406}",dc.scaffold.htb,Microsoft-Windows-ActiveDirectory_DomainService,Directory Service,534,4,,Privileged Access Management Feature,,,,,,,,,,,,
2026-05-23T23:00:40.174132Z,"{'#attributes': {'Qualifiers': 16384}, '#text': 2168}",dc.scaffold.htb,Microsoft-Windows-ActiveDirectory_DomainService,Directory Service,535,4,,3093923122130046776,,,,,,,,,,,,
2026-05-23T23:00:40.174132Z,"{'#attributes': {'Qualifiers': 16384}, '#text': 2172}",dc.scaffold.htb,Microsoft-Windows-ActiveDirectory_DomainService,Directory Service,536,4,,3093923122130046776,,,,,,,,,,,,
2026-05-23T23:00:40.189833Z,"{'#attributes': {'Qualifiers': 16384}, '#text': 2120}",dc.scaffold.htb,Microsoft-Windows-ActiveDirectory_DomainService,Directory Service,537,4,,,,,,,,,,,,,,
2026-05-23T23:00:40.189833Z,"{'#attributes': {'Qualifiers': 16384}, '#text': 2405}",dc.scaffold.htb,Microsoft-Windows-ActiveDirectory_DomainService,Directory Service,538,4,,Recycle Bin Feature,,,,,,,,,,,,
2026-05-23T23:00:40.189833Z,"{'#attributes': {'Qualifiers': 16384}, '#text': 2405}",dc.scaffold.htb,Microsoft-Windows-ActiveDirectory_DomainService,Directory Service,539,4,,Privileged Access Management Feature,,,,,,,,,,,,
2026-05-23T23:00:50.204844Z,"{'#attributes': {'Qualifiers': 32768}, '#text': 2886}",dc.scaffold.htb,Microsoft-Windows-ActiveDirectory_DomainService,Directory Service,540,3,,,,,,,,,,,,,,
2026-05-23T23:00:50.204844Z,"{'#attributes': {'Qualifiers': 32768}, '#text': 3041}",dc.scaffold.htb,Microsoft-Windows-ActiveDirectory_DomainService,Directory Service,541,3,,,,,,,,,,,,,,
2026-05-23T23:00:50.204844Z,"{'#attributes': {'Qualifiers': 16384}, '#text': 1000}",dc.scaffold.htb,Microsoft-Windows-ActiveDirectory_DomainService,Directory Service,542,4,,,,,,,,,,,,,,
2026-05-23T23:01:20.218066Z,"{'#attributes': {'Qualifiers': 16384}, '#text': 1394}",dc.scaffold.htb,Microsoft-Windows-ActiveDirectory_DomainService,Directory Service,543,4,,,,,,,,,,,,,,
2026-05-23T23:15:50.268573Z,"{'#attributes': {'Qualifiers': 0}, '#text': 102}",dc.scaffold.htb,NTDS ISAM,Directory Service,544,4,,,NTDS,"768,P,98",,,NTDSA: ,0,10,00,20348,0000,,
2026-05-23T23:15:50.268573Z,"{'#attributes': {'Qualifiers': 0}, '#text': 105}",dc.scaffold.htb,NTDS ISAM,Directory Service,545,4,,,NTDS,"768,D,0",,,NTDSA: ,0,0,"
[1] 0.002805 +J(0) +M(C:0K, Fs:146, WS:556K # 0K, PF:3376K # 344K, P:3376K)
[2] 0.002559 +J(0) +M(C:16K, Fs:93, WS:368K # 312K, PF:324K # 324K, P:324K)
[3] 0.002197 +J(0) +M(C:0K, Fs:6, WS:20K # 20K, PF:68K # 68K, P:68K)
[4] 0.021639 -0.000327 (1) WT +J(0) +M(C:0K, Fs:129, WS:444K # 444K, PF:5212K # 5212K, P:5212K)
[5] 0.001294 +J(0) +M(C:0K, Fs:2, WS:8K # 8K, PF:4K # 4K, P:4K)
[6] 0.006612 +J(0) +M(C:0K, Fs:23, WS:88K # 88K, PF:20K # 20K, P:20K)
[7] 0.057353 -0.034859 (21) WT +J(0) +M(C:0K, Fs:2580, WS:10296K # 10296K, PF:10264K # 10264K, P:10264K)
[8] -
[9] -
[10] -
[11] -
[12] -
[13] 0.030712 -0.016062 (22) WT +J(CM:0, PgRf:0, Rd:0/0, Dy:0/0, Lg:616/1) +M(C:0K, Fs:8, WS:-10216K # 24K, PF:-10260K # 12K, P:-10260K)
[14] 0.000045 +J(0)
[15] 0.000518 +J(0) +M(C:0K, Fs:207, WS:820K # 0K, PF:72K # 0K, P:72K)
[16] 0.001072 -0.000362 (1) WT +J(0) +M(C:0K, Fs:4, WS:8K # 0K, PF:4K # 0K, P:4K).",,,,
2026-05-23T23:15:50.268573Z,"{'#attributes': {'Qualifiers': 0}, '#text': 330}",dc.scaffold.htb,NTDS ISAM,Directory Service,546,4,,,NTDS,"768,D,50",,,NTDSA: ,C:\Windows\NTDS\ntds.dit,0x22D8 (8920),8920 (0x22d8),9360 (0x2490),,,
2026-05-23T23:15:50.268573Z,"{'#attributes': {'Qualifiers': 0}, '#text': 326}",dc.scaffold.htb,NTDS ISAM,Directory Service,547,4,,,NTDS,"768,D,50",,,NTDSA: ,1,C:\Windows\NTDS\ntds.dit,0,"
[1] 0.000014 +J(0) +M(C:0K, Fs:1, WS:4K # 0K, PF:0K # 0K, P:0K)
[2] 0.000721 -0.000224 (1) WT +J(0) +M(C:0K, Fs:19, WS:12K # 0K, PF:8K # 0K, P:8K)
[3] 0.007006 -0.002649 (6) WT +J(CM:0, PgRf:0, Rd:0/0, Dy:0/0, Lg:3480/2) +M(C:0K, Fs:18, WS:60K # 0K, PF:132K # 0K, P:132K)
[4] 0.000229 +J(0)
[5] -
[6] -
[7] -
[8] 0.006301 -0.000744 (2) CM -0.000464 (2) WT +J(CM:2, PgRf:2, Rd:4/2, Dy:0/0, Lg:0/0) +M(C:16K, Fs:45, WS:172K # 0K, PF:220K # 0K, P:220K)
[9] 0.006531 -0.004856 (7) CM -0.003977 (7) WT +J(CM:7, PgRf:24, Rd:0/7, Dy:0/0, Lg:0/0) +M(C:-8K, Fs:30, WS:104K # 0K, PF:196K # 0K, P:196K)
[10] 0.001706 -0.001234 (3) CM -0.000840 (3) WT +J(CM:3, PgRf:40, Rd:0/3, Dy:0/0, Lg:0/0) +M(C:-4K, Fs:5, WS:12K # 0K, PF:60K # 0K, P:60K)
[11] 0.000091 +J(CM:0, PgRf:1, Rd:0/0, Dy:0/0, Lg:0/0) +M(C:0K, Fs:4, WS:16K # 0K, PF:0K # 0K, P:0K)
[12] 0.000077 +J(CM:0, PgRf:48, Rd:0/0, Dy:0/0, Lg:0/0) +M(C:0K, Fs:2, WS:8K # 0K, PF:0K # 0K, P:0K)
[13] 0.000002 +J(0)
[14] 0.0 +J(0)
[15] 0.000008 +J(CM:0, PgRf:1, Rd:0/0, Dy:0/0, Lg:0/0).",0 0,"lgposAttach = 00000002:0933:0268,
dbv = 1568.20.0 (8920)",
2026-05-23T23:15:50.268573Z,"{'#attributes': {'Qualifiers': 0}, '#text': 330}",dc.scaffold.htb,NTDS ISAM,Directory Service,548,4,,,NTDS,"768,D,2",,,NTDSA: ,C:\Windows\NTDS\temp.edb,0x22D8 (8920),8920 (0x22d8),9360 (0x2490),,,
2026-05-23T23:15:50.284329Z,"{'#attributes': {'Qualifiers': 0}, '#text': 700}",dc.scaffold.htb,NTDS ISAM,Directory Service,549,4,,,NTDS,"768,D,0",,,NTDSA: ,C:\Windows\NTDS\ntds.dit,,,,,,
2026-05-23T23:15:50.393347Z,"{'#attributes': {'Qualifiers': 0}, '#text': 701}",dc.scaffold.htb,NTDS ISAM,Directory Service,550,4,,,NTDS,"768,D,0",,,NTDSA: ,C:\Windows\NTDS\ntds.dit,1,5/23/2026,0,1,1,13
2026-05-23T23:15:50.268573Z,"{'#attributes': {'Qualifiers': 16384}, '#text': 3033}",dc.scaffold.htb,Microsoft-Windows-ActiveDirectory_DomainService,Directory Service,551,4,,,,,,,,,,,,,,
2026-05-23T23:15:50.268573Z,"{'#attributes': {'Qualifiers': 16384}, '#text': 3027}",dc.scaffold.htb,Microsoft-Windows-ActiveDirectory_DomainService,Directory Service,552,4,,3600,,,,,,,,,,,,
2026-05-23T23:15:50.268573Z,"{'#attributes': {'Qualifiers': 16384}, '#text': 1869}",dc.scaffold.htb,Microsoft-Windows-ActiveDirectory_DomainService,Directory Service,553,4,,,\\dc.scaffold.htb,Default-First-Site-Name,,,,,,,,,,
2026-05-24T00:05:02.377495Z,"{'#attributes': {'Qualifiers': 32768}, '#text': 3051}",dc.scaffold.htb,Microsoft-Windows-ActiveDirectory_DomainService,Directory Service,554,3,,,,,,,,,,,,,,
2026-05-24T00:05:02.377495Z,"{'#attributes': {'Qualifiers': 32768}, '#text': 3054}",dc.scaffold.htb,Microsoft-Windows-ActiveDirectory_DomainService,Directory Service,555,3,,,,,,,,,,,,,,
2026-05-24T00:05:02.627776Z,"{'#attributes': {'Qualifiers': 16384}, '#text': 2121}",dc.scaffold.htb,Microsoft-Windows-ActiveDirectory_DomainService,Directory Service,556,4,,,,,,,,,,,,,,
2026-05-24T00:05:02.627776Z,"{'#attributes': {'Qualifiers': 16384}, '#text': 2406}",dc.scaffold.htb,Microsoft-Windows-ActiveDirectory_DomainService,Directory Service,557,4,,Recycle Bin Feature,,,,,,,,,,,,
2026-05-24T00:05:02.627776Z,"{'#attributes': {'Qualifiers': 16384}, '#text': 2406}",dc.scaffold.htb,Microsoft-Windows-ActiveDirectory_DomainService,Directory Service,558,4,,Privileged Access Management Feature,,,,,,,,,,,,
2026-05-24T00:05:02.627776Z,"{'#attributes': {'Qualifiers': 16384}, '#text': 2168}",dc.scaffold.htb,Microsoft-Windows-ActiveDirectory_DomainService,Directory Service,559,4,,3093923122130046776,,,,,,,,,,,,
2026-05-24T00:05:02.627776Z,"{'#attributes': {'Qualifiers': 16384}, '#text': 2172}",dc.scaffold.htb,Microsoft-Windows-ActiveDirectory_DomainService,Directory Service,560,4,,3093923122130046776,,,,,,,,,,,,
2026-05-24T00:05:02.642738Z,"{'#attributes': {'Qualifiers': 16384}, '#text': 2120}",dc.scaffold.htb,Microsoft-Windows-ActiveDirectory_DomainService,Directory Service,561,4,,,,,,,,,,,,,,
2026-05-24T00:05:02.642738Z,"{'#attributes': {'Qualifiers': 16384}, '#text': 2405}",dc.scaffold.htb,Microsoft-Windows-ActiveDirectory_DomainService,Directory Service,562,4,,Recycle Bin Feature,,,,,,,,,,,,
2026-05-24T00:05:02.642738Z,"{'#attributes': {'Qualifiers': 16384}, '#text': 2405}",dc.scaffold.htb,Microsoft-Windows-ActiveDirectory_DomainService,Directory Service,563,4,,Privileged Access Management Feature,,,,,,,,,,,,
2026-05-24T00:05:12.668884Z,"{'#attributes': {'Qualifiers': 32768}, '#text': 2886}",dc.scaffold.htb,Microsoft-Windows-ActiveDirectory_DomainService,Directory Service,564,3,,,,,,,,,,,,,,
2026-05-24T00:05:12.668884Z,"{'#attributes': {'Qualifiers': 32768}, '#text': 3041}",dc.scaffold.htb,Microsoft-Windows-ActiveDirectory_DomainService,Directory Service,565,3,,,,,,,,,,,,,,
2026-05-24T00:05:12.668884Z,"{'#attributes': {'Qualifiers': 16384}, '#text': 1000}",dc.scaffold.htb,Microsoft-Windows-ActiveDirectory_DomainService,Directory Service,566,4,,,,,,,,,,,,,,
2026-05-24T00:05:42.701226Z,"{'#attributes': {'Qualifiers': 16384}, '#text': 1394}",dc.scaffold.htb,Microsoft-Windows-ActiveDirectory_DomainService,Directory Service,567,4,,,,,,,,,,,,,,
2026-05-24T00:20:12.750454Z,"{'#attributes': {'Qualifiers': 16384}, '#text': 3033}",dc.scaffold.htb,Microsoft-Windows-ActiveDirectory_DomainService,Directory Service,568,4,,,,,,,,,,,,,,
2026-05-24T00:20:12.750454Z,"{'#attributes': {'Qualifiers': 16384}, '#text': 3027}",dc.scaffold.htb,Microsoft-Windows-ActiveDirectory_DomainService,Directory Service,569,4,,3600,,,,,,,,,,,,
2026-05-24T00:20:12.750454Z,"{'#attributes': {'Qualifiers': 16384}, '#text': 1869}",dc.scaffold.htb,Microsoft-Windows-ActiveDirectory_DomainService,Directory Service,570,4,,,\\dc.scaffold.htb,Default-First-Site-Name,,,,,,,,,,
2026-05-24T00:37:11.037939Z,"{'#attributes': {'Qualifiers': 16384}, '#text': 2179}",dc.scaffold.htb,Microsoft-Windows-ActiveDirectory_DomainService,Directory Service,571,4,,3093923122130046776,,,,,,,,,,,,
2026-05-24T00:37:12.318527Z,"{'#attributes': {'Qualifiers': 16384}, '#text': 1004}",dc.scaffold.htb,Microsoft-Windows-ActiveDirectory_DomainService,Directory Service,572,4,,,,,,,,,,,,,,
2026-05-24T01:08:24.474579Z,"{'#attributes': {'Qualifiers': 32768}, '#text': 3051}",dc.scaffold.htb,Microsoft-Windows-ActiveDirectory_DomainService,Directory Service,573,3,,,,,,,,,,,,,,
2026-05-24T01:08:24.474579Z,"{'#attributes': {'Qualifiers': 32768}, '#text': 3054}",dc.scaffold.htb,Microsoft-Windows-ActiveDirectory_DomainService,Directory Service,574,3,,,,,,,,,,,,,,
2026-05-24T01:08:24.709419Z,"{'#attributes': {'Qualifiers': 16384}, '#text': 2121}",dc.scaffold.htb,Microsoft-Windows-ActiveDirectory_DomainService,Directory Service,575,4,,,,,,,,,,,,,,
2026-05-24T01:08:24.724590Z,"{'#attributes': {'Qualifiers': 16384}, '#text': 2406}",dc.scaffold.htb,Microsoft-Windows-ActiveDirectory_DomainService,Directory Service,576,4,,Recycle Bin Feature,,,,,,,,,,,,
2026-05-24T01:08:24.724590Z,"{'#attributes': {'Qualifiers': 16384}, '#text': 2406}",dc.scaffold.htb,Microsoft-Windows-ActiveDirectory_DomainService,Directory Service,577,4,,Privileged Access Management Feature,,,,,,,,,,,,
2026-05-24T01:08:24.724590Z,"{'#attributes': {'Qualifiers': 16384}, '#text': 2168}",dc.scaffold.htb,Microsoft-Windows-ActiveDirectory_DomainService,Directory Service,578,4,,3093923122130046776,,,,,,,,,,,,
2026-05-24T01:08:24.724590Z,"{'#attributes': {'Qualifiers': 16384}, '#text': 2172}",dc.scaffold.htb,Microsoft-Windows-ActiveDirectory_DomainService,Directory Service,579,4,,3093923122130046776,,,,,,,,,,,,
2026-05-24T01:08:24.724590Z,"{'#attributes': {'Qualifiers': 16384}, '#text': 2120}",dc.scaffold.htb,Microsoft-Windows-ActiveDirectory_DomainService,Directory Service,580,4,,,,,,,,,,,,,,
