TimeGenerated,EventID,Computer,Provider,Channel,RecordID,Level,Binary,Data_text,Data_text_0,Data_text_1,Data_text_10,Data_text_11,Data_text_2,Data_text_3,Data_text_4,Data_text_5,Data_text_6,Data_text_7,Data_text_8,Data_text_9
2026-05-13T14:42:50.930252Z,"{'#attributes': {'Qualifiers': 0}, '#text': 102}",dc,NTDS ISAM,Directory Service,1,4,,,NTDS,"724,P,98",,,NTDSA: ,0,10,00,20348,0000,,
2026-05-13T14:42:50.947201Z,"{'#attributes': {'Qualifiers': 0}, '#text': 105}",dc,NTDS ISAM,Directory Service,2,4,,,NTDS,"724,D,0",,,NTDSA: ,0,0,"
[1] 0.000270 +J(0) +M(C:0K, Fs:62, WS:228K # 0K, PF:2432K # 0K, P:2432K)
[2] 0.000134 +J(0) +M(C:16K, Fs:69, WS:272K # 0K, PF:288K # 0K, P:288K)
[3] 0.000019 +J(0) +M(C:0K, Fs:5, WS:16K # 0K, PF:936K # 0K, P:936K)
[4] 0.001847 -0.000116 (1) WT +J(0) +M(C:0K, Fs:136, WS:464K # 0K, PF:5896K # 656K, P:5896K)
[5] 0.000127 +J(0)
[6] 0.000407 +J(0) +M(C:0K, Fs:1, WS:4K # 0K, PF:12K # 12K, P:12K)
[7] -
[8] -
[9] -
[10] -
[11] -
[12] -
[13] 0.013109 -0.003448 (24) WT +J(CM:0, PgRf:0, Rd:0/0, Dy:0/0, Lg:616/1) +M(C:0K, Fs:2696, WS:528K # 5764K, PF:4K # 10260K, P:4K)
[14] 0.000013 +J(0)
[15] 0.000286 +J(0) +M(C:0K, Fs:411, WS:1640K # 0K, PF:68K # 0K, P:68K)
[16] 0.001915 -0.000052 (1) WT +J(0) +M(C:0K, Fs:2, WS:0K # 0K, PF:0K # 0K, P:0K).",,,,
2026-05-13T14:42:50.950573Z,"{'#attributes': {'Qualifiers': 0}, '#text': 330}",dc,NTDS ISAM,Directory Service,3,4,,,NTDS,"724,D,50",,,NTDSA: ,C:\Windows\NTDS\ntds.dit,0x22D8 (8920),8920 (0x22d8),9360 (0x2490),,,
2026-05-13T14:42:50.950573Z,"{'#attributes': {'Qualifiers': 0}, '#text': 643}",dc,NTDS ISAM,Directory Service,4,3,,,NTDS,"724,D,50",,,NTDSA: ,C:\Windows\NTDS\ntds.dit,en-US,00000001-57ee-1e5c-00b4-d0000bb1e11e,0006020F0006020F,00000001-57ee-1e5c-00b4-d0000bb1e11e,0006040300060403,
2026-05-13T14:42:50.950573Z,"{'#attributes': {'Qualifiers': 0}, '#text': 609}",dc,NTDS ISAM,Directory Service,5,4,,,NTDS,"724,D,50",20348,0,NTDSA: ,C:\Windows\NTDS\ntds.dit,10,0,17025,0,10,0
2026-05-13T14:42:50.966336Z,"{'#attributes': {'Qualifiers': 0}, '#text': 614}",dc,NTDS ISAM,Directory Service,6,3,,,NTDS,"724,D,50",,,NTDSA: ,C:\Windows\NTDS\ntds.dit,INDEX_00000003,datatable,,,,
2026-05-13T14:42:50.970396Z,"{'#attributes': {'Qualifiers': 0}, '#text': 327}",dc,NTDS ISAM,Directory Service,7,4,,,NTDS,"724,D,50",,,NTDSA: ,1,C:\Windows\NTDS\ntds.dit,0,"
[1] 0.000002 +J(0)
[2] 0.0 +J(0)
[3] 0.000002 +J(0)
[4] 0.0 +J(0)
[5] 0.0 +J(0)
[6] 0.000794 -0.000296 (4) WT +J(0) +M(C:-12K, Fs:0, WS:-12K # 0K, PF:-12K # 0K, P:-12K)
[7] 0.000015 +J(0)
[8] 0.000417 -0.000076 (2) WT +J(CM:0, PgRf:0, Rd:0/0, Dy:0/0, Lg:2949/2)
[9] 0.001349 -0.000557 (6) WT +J(0) +M(C:0K, Fs:5, WS:-16K # 0K, PF:-16K # 0K, P:-16K)
[10] 0.000112 +J(0)
[11] 0.000041 +J(0) +M(C:0K, Fs:0, WS:-8K # 0K, PF:-8K # 0K, P:-8K).",0 0,lgposDetach = 00000001:0002:047B,
2026-05-13T14:42:50.972400Z,"{'#attributes': {'Qualifiers': 0}, '#text': 330}",dc,NTDS ISAM,Directory Service,8,4,,,NTDS,"724,D,50",,,NTDSA: ,C:\Windows\NTDS\ntds.dit,0x22D8 (8920),8920 (0x22d8),9360 (0x2490),,,
2026-05-13T14:42:50.975207Z,"{'#attributes': {'Qualifiers': 0}, '#text': 326}",dc,NTDS ISAM,Directory Service,9,4,,,NTDS,"724,D,50",,,NTDSA: ,1,C:\Windows\NTDS\ntds.dit,0,"
[1] 0.000001 +J(0)
[2] 0.000212 -0.000069 (1) WT +J(0) +M(C:0K, Fs:18, WS:8K # 0K, PF:8K # 0K, P:8K)
[3] 0.001417 -0.000421 (6) WT +J(CM:0, PgRf:0, Rd:0/0, Dy:0/0, Lg:4096/2) +M(C:0K, Fs:8, WS:24K # 0K, PF:20K # 0K, P:20K)
[4] 0.000125 +J(0)
[5] -
[6] -
[7] -
[8] 0.000806 -0.000225 (2) CM -0.000129 (2) WT +J(CM:2, PgRf:2, Rd:8/2, Dy:0/0, Lg:0/0) +M(C:40K, Fs:12, WS:40K # 0K, PF:40K # 0K, P:40K)
[9] 0.000816 -0.000591 (6) CM -0.000338 (6) WT +J(CM:6, PgRf:24, Rd:0/6, Dy:0/0, Lg:0/0) +M(C:-8K, Fs:3, WS:-8K # 0K, PF:-8K # 0K, P:-8K)
[10] 0.000459 -0.000349 (3) CM -0.000232 (3) WT +J(CM:3, PgRf:40, Rd:0/3, Dy:0/0, Lg:0/0) +M(C:-4K, Fs:1, WS:-4K # 0K, PF:-4K # 0K, P:-4K)
[11] 0.000005 +J(CM:0, PgRf:1, Rd:0/0, Dy:0/0, Lg:0/0)
[12] 0.0 +J(0)
[13] 0.0 +J(0)
[14] 0.0 +J(0)
[15] 0.000573 -0.000173 (2) WT +J(CM:0, PgRf:1, Rd:0/0, Dy:0/0, Lg:0/0) +M(C:0K, Fs:2, WS:0K # 0K, PF:0K # 0K, P:0K).",1 0,"lgposAttach = 00000001:0003:0000,
dbv = 1568.20.0 (8920)",
2026-05-13T14:42:50.980238Z,"{'#attributes': {'Qualifiers': 0}, '#text': 330}",dc,NTDS ISAM,Directory Service,10,4,,,NTDS,"724,D,2",,,NTDSA: ,C:\Windows\NTDS\temp.edb,0x22D8 (8920),8920 (0x22d8),9360 (0x2490),,,
2026-05-13T14:42:51.053198Z,"{'#attributes': {'Qualifiers': 0}, '#text': 327}",dc,NTDS ISAM,Directory Service,11,4,,,NTDS,"724,D,51",,,NTDSA: ,1,C:\Windows\NTDS\ntds.dit,0,"
[1] 0.000001 +J(0)
[2] 0.0 +J(0)
[3] 0.000031 +J(0)
[4] 0.0 +J(0)
[5] 0.0 +J(0)
[6] 0.000399 -0.000207 (2) WT +J(0) +M(C:-28K, Fs:0, WS:-28K # 0K, PF:-28K # 0K, P:-28K)
[7] 0.000024 +J(0)
[8] 0.000181 -0.000044 (1) WT +J(CM:0, PgRf:0, Rd:0/0, Dy:0/0, Lg:4096/2) +M(C:0K, Fs:1, WS:4K # 0K, PF:0K # 0K, P:0K)
[9] 0.001043 -0.000440 (6) WT +J(0) +M(C:0K, Fs:4, WS:-20K # 0K, PF:-20K # 0K, P:-20K)
[10] 0.000100 +J(0)
[11] 0.000046 +J(0) +M(C:0K, Fs:0, WS:-8K # 0K, PF:-8K # 0K, P:-8K).",0 0,lgposDetach = 00000001:00AD:0000,
2026-05-13T14:42:51.055202Z,"{'#attributes': {'Qualifiers': 0}, '#text': 330}",dc,NTDS ISAM,Directory Service,12,4,,,NTDS,"724,D,50",,,NTDSA: ,C:\Windows\NTDS\ntds.dit,0x22D8 (8920),8920 (0x22d8),9360 (0x2490),,,
2026-05-13T14:42:51.056200Z,"{'#attributes': {'Qualifiers': 0}, '#text': 643}",dc,NTDS ISAM,Directory Service,13,3,,,NTDS,"724,D,50",,,NTDSA: ,C:\Windows\NTDS\ntds.dit,en-US,00000001-57ee-1e5c-00b4-d0000bb1e11e,0006020F0006020F,00000001-57ee-1e5c-00b4-d0000bb1e11e,0006040300060403,
2026-05-13T14:42:51.056200Z,"{'#attributes': {'Qualifiers': 0}, '#text': 609}",dc,NTDS ISAM,Directory Service,14,4,,,NTDS,"724,D,50",20348,0,NTDSA: ,C:\Windows\NTDS\ntds.dit,10,0,20348,0,10,0
2026-05-13T14:42:51.062084Z,"{'#attributes': {'Qualifiers': 0}, '#text': 611}",dc,NTDS ISAM,Directory Service,15,4,,,NTDS,"724,D,50",,,NTDSA: ,C:\Windows\NTDS\ntds.dit,INDEX_00000003,datatable,,,,
2026-05-13T14:42:51.119855Z,"{'#attributes': {'Qualifiers': 0}, '#text': 611}",dc,NTDS ISAM,Directory Service,16,4,,,NTDS,"724,D,50",,,NTDSA: ,C:\Windows\NTDS\ntds.dit,INDEX_00090001,datatable,,,,
2026-05-13T14:42:51.120847Z,"{'#attributes': {'Qualifiers': 0}, '#text': 611}",dc,NTDS ISAM,Directory Service,17,4,,,NTDS,"724,D,50",,,NTDSA: ,C:\Windows\NTDS\ntds.dit,INDEX_000201CC,datatable,,,,
2026-05-13T14:42:51.124921Z,"{'#attributes': {'Qualifiers': 0}, '#text': 611}",dc,NTDS ISAM,Directory Service,18,4,,,NTDS,"724,D,50",,,NTDSA: ,C:\Windows\NTDS\ntds.dit,PDNT_index,datatable,,,,
2026-05-13T14:42:51.127850Z,"{'#attributes': {'Qualifiers': 0}, '#text': 612}",dc,NTDS ISAM,Directory Service,19,4,,,NTDS,"724,D,50",,,NTDSA: ,C:\Windows\NTDS\ntds.dit,,,,,,
2026-05-13T14:42:51.132852Z,"{'#attributes': {'Qualifiers': 0}, '#text': 326}",dc,NTDS ISAM,Directory Service,20,4,,,NTDS,"724,D,50",,,NTDSA: ,1,C:\Windows\NTDS\ntds.dit,0,"
[1] 0.000001 +J(0)
[2] 0.000290 -0.000105 (1) WT +J(0) +M(C:0K, Fs:18, WS:8K # 0K, PF:8K # 0K, P:8K)
[3] 0.001104 -0.000341 (6) WT +J(CM:0, PgRf:0, Rd:0/0, Dy:0/0, Lg:4096/2) +M(C:0K, Fs:8, WS:24K # 0K, PF:20K # 0K, P:20K)
[4] 0.000081 +J(0)
[5] -
[6] -
[7] -
[8] 0.000543 -0.000151 (2) CM -0.000094 (2) WT +J(CM:2, PgRf:2, Rd:12/2, Dy:0/0, Lg:0/0) +M(C:60K, Fs:13, WS:44K # 0K, PF:60K # 0K, P:60K)
[9] 0.000395 -0.000262 (3) CM -0.000160 (3) WT +J(CM:3, PgRf:24, Rd:0/3, Dy:0/0, Lg:0/0) +M(C:-32K, Fs:4, WS:-16K # 0K, PF:-32K # 0K, P:-32K)
[10] 0.000206 -0.000154 (2) CM -0.000094 (2) WT +J(CM:2, PgRf:40, Rd:0/2, Dy:0/0, Lg:0/0) +M(C:-4K, Fs:1, WS:-4K # 0K, PF:-4K # 0K, P:-4K)
[11] 0.000093 -0.000079 (1) CM -0.000049 (1) WT +J(CM:1, PgRf:1, Rd:0/1, Dy:0/0, Lg:0/0) +M(C:0K, Fs:1, WS:0K # 0K, PF:0K # 0K, P:0K)
[12] 0.000306 -0.000064 (1) CM -0.000040 (1) WT +J(CM:1, PgRf:48, Rd:0/1, Dy:0/0, Lg:0/0) +M(C:0K, Fs:1, WS:0K # 0K, PF:0K # 0K, P:0K)
[13] 0.000001 +J(0)
[14] 0.075414 -0.056304 (660) CM -0.036148 (661) WT +J(CM:660, PgRf:9202, Rd:0/660, Dy:14/500, Lg:49334/1059) +M(C:44K, Fs:566, WS:320K # 0K, PF:180K # 0K, P:180K)
[15] 0.000139 -0.000125 (1) CM -0.000102 (1) WT +J(CM:1, PgRf:1, Rd:0/1, Dy:0/0, Lg:0/0) +M(C:4K, Fs:5, WS:16K # 0K, PF:4K # 0K, P:4K).",1 0,"lgposAttach = 00000001:00AE:0000,
dbv = 1568.20.0 (8920)",
2026-05-13T14:42:51.142846Z,"{'#attributes': {'Qualifiers': 0}, '#text': 327}",dc,NTDS ISAM,Directory Service,21,4,,,NTDS,"724,D,51",,,NTDSA: ,1,C:\Windows\NTDS\ntds.dit,0,"
[1] 0.000001 +J(0)
[2] 0.0 +J(0)
[3] 0.007001 -0.006983 (1) WT +J(0) +M(C:28K, Fs:54, WS:100K # 0K, PF:28K # 0K, P:28K)
[4] 0.000001 +J(0)
[5] 0.0 +J(0)
[6] 0.001645 -0.000912 (9) WT +J(0) +M(C:-24K, Fs:4, WS:-16K # 0K, PF:-24K # 0K, P:-24K)
[7] 0.000016 +J(0)
[8] 0.000334 -0.000082 (2) WT +J(CM:0, PgRf:0, Rd:0/0, Dy:0/0, Lg:3902/2)
[9] 0.001018 -0.000432 (6) WT +J(0) +M(C:0K, Fs:4, WS:-20K # 0K, PF:-20K # 0K, P:-20K)
[10] 0.000089 +J(0)
[11] 0.000041 +J(0) +M(C:0K, Fs:0, WS:-8K # 0K, PF:-8K # 0K, P:-8K).",0 0,lgposDetach = 00000001:00BC:00C2,
2026-05-13T14:42:51.146514Z,"{'#attributes': {'Qualifiers': 0}, '#text': 330}",dc,NTDS ISAM,Directory Service,22,4,,,NTDS,"724,D,50",,,NTDSA: ,C:\Windows\NTDS\ntds.dit,0x22D8 (8920),8920 (0x22d8),9360 (0x2490),,,
2026-05-13T14:42:51.146514Z,"{'#attributes': {'Qualifiers': 0}, '#text': 326}",dc,NTDS ISAM,Directory Service,23,4,,,NTDS,"724,D,50",,,NTDSA: ,1,C:\Windows\NTDS\ntds.dit,0,"
[1] 0.000001 +J(0)
[2] 0.000595 -0.000152 (1) WT +J(0) +M(C:0K, Fs:18, WS:8K # 0K, PF:8K # 0K, P:8K)
[3] 0.001436 -0.000486 (6) WT +J(CM:0, PgRf:0, Rd:0/0, Dy:0/0, Lg:4096/2) +M(C:0K, Fs:8, WS:24K # 0K, PF:20K # 0K, P:20K)
[4] 0.000083 +J(0)
[5] -
[6] -
[7] -
[8] 0.000498 -0.000163 (2) CM -0.000103 (2) WT +J(CM:2, PgRf:2, Rd:14/2, Dy:0/0, Lg:0/0) +M(C:24K, Fs:8, WS:24K # 0K, PF:24K # 0K, P:24K)
[9] 0.000387 -0.000264 (3) CM -0.000174 (3) WT +J(CM:3, PgRf:24, Rd:0/3, Dy:0/0, Lg:0/0) +M(C:-8K, Fs:2, WS:-8K # 0K, PF:-8K # 0K, P:-8K)
[10] 0.000130 -0.000076 (1) CM -0.000045 (1) WT +J(CM:1, PgRf:40, Rd:0/1, Dy:0/0, Lg:0/0) +M(C:-4K, Fs:0, WS:-4K # 0K, PF:-4K # 0K, P:-4K)
[11] 0.000005 +J(CM:0, PgRf:1, Rd:0/0, Dy:0/0, Lg:0/0)
[12] 0.000016 +J(CM:0, PgRf:48, Rd:0/0, Dy:0/0, Lg:0/0)
[13] 0.0 +J(0)
[14] 0.0 +J(0)
[15] 0.000001 +J(CM:0, PgRf:1, Rd:0/0, Dy:0/0, Lg:0/0).",1 0,"lgposAttach = 00000001:00BD:0000,
dbv = 1568.20.0 (8920)",
2026-05-13T14:42:51.132852Z,"{'#attributes': {'Qualifiers': 32768}, '#text': 1463}",dc,Microsoft-Windows-ActiveDirectory_DomainService,Directory Service,24,3,,,,,,,,,,,,,,
2026-05-13T14:42:51.275882Z,"{'#attributes': {'Qualifiers': 16384}, '#text': 2013}",dc,Microsoft-Windows-ActiveDirectory_DomainService,Directory Service,25,4,,,5,PDNT_index +PDNT_col LCL_ABVIEW_index00000409 +ATTb590468 INDEX_000201CC +ATTm131532 INDEX_00090001 +ATTm589825 INDEX_00000003 +ATTm3 ,,,,,,,,,,
2026-05-13T14:42:51.381482Z,"{'#attributes': {'Qualifiers': 16384}, '#text': 2014}",dc,Microsoft-Windows-ActiveDirectory_DomainService,Directory Service,26,4,,5,,,,,,,,,,,,
2026-05-13T14:42:51.602248Z,"{'#attributes': {'Qualifiers': 16384}, '#text': 2120}",dc,Microsoft-Windows-ActiveDirectory_DomainService,Directory Service,27,4,,,,,,,,,,,,,,
2026-05-13T14:42:51.602248Z,"{'#attributes': {'Qualifiers': 16384}, '#text': 2405}",dc,Microsoft-Windows-ActiveDirectory_DomainService,Directory Service,28,4,,Recycle Bin Feature,,,,,,,,,,,,
2026-05-13T14:42:51.602248Z,"{'#attributes': {'Qualifiers': 16384}, '#text': 2405}",dc,Microsoft-Windows-ActiveDirectory_DomainService,Directory Service,29,4,,Privileged Access Management Feature,,,,,,,,,,,,
2026-05-13T14:42:55.270234Z,"{'#attributes': {'Qualifiers': 0}, '#text': 700}",dc,NTDS ISAM,Directory Service,30,4,,,NTDS,"724,D,0",,,NTDSA: ,C:\Windows\NTDS\ntds.dit,,,,,,
2026-05-13T14:42:55.306445Z,"{'#attributes': {'Qualifiers': 0}, '#text': 701}",dc,NTDS ISAM,Directory Service,31,4,,,NTDS,"724,D,0",,,NTDSA: ,C:\Windows\NTDS\ntds.dit,9,5/13/2026,0,1,1,1
2026-05-13T14:42:55.451256Z,"{'#attributes': {'Qualifiers': 0}, '#text': 103}",dc,NTDS ISAM,Directory Service,32,4,,,NTDS,"724,T,97",,,NTDSA: ,0,"
[1] 0.000003 +J(0)
[2] 0.000007 +J(0)
[3] 0.000137 +J(CM:0, PgRf:35, Rd:0/0, Dy:4/42, Lg:1665/31) +M(C:0K, Fs:8, WS:32K # 0K, PF:0K # 0K, P:0K)
[4] 0.000003 +J(0)
[5] 0.016242 -0.007313 (7) WT +J(0) +M(C:104K, Fs:289, WS:224K # 0K, PF:224K # 0K, P:224K)
[6] 0.000010 +J(0)
[7] 0.000004 +J(0)
[8] 0.002970 -0.000938 (12) WT +J(CM:0, PgRf:0, Rd:0/0, Dy:0/0, Lg:1293/2) +M(C:0K, Fs:20, WS:16K # 0K, PF:12K # 0K, P:12K)
[9] 0.000289 -0.000162 (1) WT +J(CM:0, PgRf:0, Rd:0/0, Dy:0/0, Lg:66/1)
[10] 0.000014 +J(0)
[11] 0.000606 -0.000097 (2) WT +J(0)
[12] 0.000009 +J(0) +M(C:0K, Fs:0, WS:-4K # 0K, PF:-4K # 0K, P:-4K)
[13] 0.000065 +J(0)
[14] 0.000626 +J(0) +M(C:0K, Fs:0, WS:-10248K # 0K, PF:-10264K # 0K, P:-10264K)
[15] 0.000003 +J(0).",0,,,,
2026-05-13T14:42:55.246718Z,"{'#attributes': {'Qualifiers': 16384}, '#text': 1898}",dc,Microsoft-Windows-ActiveDirectory_DomainService,Directory Service,33,4,,"CN=domain-dns,CN=Schema,CN=Configuration,DC=scaffold,DC=htb",,,,,,,,,,,,
2026-05-13T14:42:55.246718Z,"{'#attributes': {'Qualifiers': 16384}, '#text': 1898}",dc,Microsoft-Windows-ActiveDirectory_DomainService,Directory Service,34,4,,"CN=sam-domain,CN=Schema,CN=Configuration,DC=scaffold,DC=htb",,,,,,,,,,,,
2026-05-13T14:42:55.268226Z,"{'#attributes': {'Qualifiers': 16384}, '#text': 3033}",dc,Microsoft-Windows-ActiveDirectory_DomainService,Directory Service,35,4,,,,,,,,,,,,,,
2026-05-13T14:42:55.268495Z,"{'#attributes': {'Qualifiers': 16384}, '#text': 3027}",dc,Microsoft-Windows-ActiveDirectory_DomainService,Directory Service,36,4,,3600,,,,,,,,,,,,
2026-05-13T14:42:55.271241Z,"{'#attributes': {'Qualifiers': 16384}, '#text': 1000}",dc,Microsoft-Windows-ActiveDirectory_DomainService,Directory Service,37,4,,,,,,,,,,,,,,
2026-05-13T14:42:55.337349Z,"{'#attributes': {'Qualifiers': 16384}, '#text': 2064}",dc,Microsoft-Windows-ActiveDirectory_DomainService,Directory Service,38,4,,,,,,,,,,,,,,
2026-05-13T14:42:55.454577Z,"{'#attributes': {'Qualifiers': 16384}, '#text': 1004}",dc,Microsoft-Windows-ActiveDirectory_DomainService,Directory Service,39,4,,,,,,,,,,,,,,
2026-05-13T14:43:40.988430Z,"{'#attributes': {'Qualifiers': 16384}, '#text': 2064}",dc.scaffold.htb,Microsoft-Windows-ActiveDirectory_DomainService,Directory Service,40,4,,,,,,,,,,,,,,
2026-05-13T14:43:41.254071Z,"{'#attributes': {'Qualifiers': 32768}, '#text': 3051}",dc.scaffold.htb,Microsoft-Windows-ActiveDirectory_DomainService,Directory Service,41,3,,,,,,,,,,,,,,
2026-05-13T14:43:41.254071Z,"{'#attributes': {'Qualifiers': 32768}, '#text': 3054}",dc.scaffold.htb,Microsoft-Windows-ActiveDirectory_DomainService,Directory Service,42,3,,,,,,,,,,,,,,
2026-05-13T14:43:41.428217Z,"{'#attributes': {'Qualifiers': 16384}, '#text': 2121}",dc.scaffold.htb,Microsoft-Windows-ActiveDirectory_DomainService,Directory Service,43,4,,,,,,,,,,,,,,
2026-05-13T14:43:41.428217Z,"{'#attributes': {'Qualifiers': 16384}, '#text': 2406}",dc.scaffold.htb,Microsoft-Windows-ActiveDirectory_DomainService,Directory Service,44,4,,Recycle Bin Feature,,,,,,,,,,,,
2026-05-13T14:43:41.428217Z,"{'#attributes': {'Qualifiers': 16384}, '#text': 2406}",dc.scaffold.htb,Microsoft-Windows-ActiveDirectory_DomainService,Directory Service,45,4,,Privileged Access Management Feature,,,,,,,,,,,,
2026-05-13T14:43:41.428217Z,"{'#attributes': {'Qualifiers': 16384}, '#text': 2168}",dc.scaffold.htb,Microsoft-Windows-ActiveDirectory_DomainService,Directory Service,46,4,,10993029920352642379,,,,,,,,,,,,
2026-05-13T14:43:41.443147Z,"{'#attributes': {'Qualifiers': 16384}, '#text': 2120}",dc.scaffold.htb,Microsoft-Windows-ActiveDirectory_DomainService,Directory Service,47,4,,,,,,,,,,,,,,
2026-05-13T14:43:41.443147Z,"{'#attributes': {'Qualifiers': 16384}, '#text': 2405}",dc.scaffold.htb,Microsoft-Windows-ActiveDirectory_DomainService,Directory Service,48,4,,Recycle Bin Feature,,,,,,,,,,,,
2026-05-13T14:43:41.443147Z,"{'#attributes': {'Qualifiers': 16384}, '#text': 2405}",dc.scaffold.htb,Microsoft-Windows-ActiveDirectory_DomainService,Directory Service,49,4,,Privileged Access Management Feature,,,,,,,,,,,,
2026-05-13T14:43:51.455411Z,"{'#attributes': {'Qualifiers': 32768}, '#text': 2886}",dc.scaffold.htb,Microsoft-Windows-ActiveDirectory_DomainService,Directory Service,50,3,,,,,,,,,,,,,,
2026-05-13T14:43:51.455411Z,"{'#attributes': {'Qualifiers': 32768}, '#text': 3041}",dc.scaffold.htb,Microsoft-Windows-ActiveDirectory_DomainService,Directory Service,51,3,,,,,,,,,,,,,,
2026-05-13T14:43:51.455411Z,"{'#attributes': {'Qualifiers': 16384}, '#text': 1000}",dc.scaffold.htb,Microsoft-Windows-ActiveDirectory_DomainService,Directory Service,52,4,,,,,,,,,,,,,,
2026-05-13T14:44:21.487598Z,"{'#attributes': {'Qualifiers': 16384}, '#text': 1394}",dc.scaffold.htb,Microsoft-Windows-ActiveDirectory_DomainService,Directory Service,53,4,,,,,,,,,,,,,,
2026-05-13T14:44:25.721645Z,"{'#attributes': {'Qualifiers': 16384}, '#text': 1404}",dc.scaffold.htb,Microsoft-Windows-ActiveDirectory_DomainService,Directory Service,54,4,,,,,,,,,,,,,,
2026-05-13T14:45:51.504048Z,"{'#attributes': {'Qualifiers': 16384}, '#text': 2065}",dc.scaffold.htb,Microsoft-Windows-ActiveDirectory_DomainService,Directory Service,55,4,,,,,,,,,,,,,,
2026-05-13T14:48:41.482738Z,"{'#attributes': {'Qualifiers': 16384}, '#text': 2961}",dc.scaffold.htb,Microsoft-Windows-ActiveDirectory_DomainService,Directory Service,56,4,,8,,,,,,,,,,,,
2026-05-13T14:48:41.482738Z,"{'#attributes': {'Qualifiers': 16384}, '#text': 2013}",dc.scaffold.htb,Microsoft-Windows-ActiveDirectory_DomainService,Directory Service,57,4,,,3,link_base_and_data_v2_index +link_base link_bdnt_and_base_and_data_v2_index +backlink_DNT link_dnt_and_base_and_data_v2_index +link_DNT ,,,,,,,,,,
2026-05-13T14:48:41.486791Z,"{'#attributes': {'Qualifiers': 16384}, '#text': 2014}",dc.scaffold.htb,Microsoft-Windows-ActiveDirectory_DomainService,Directory Service,58,4,,3,,,,,,,,,,,,
2026-05-13T14:48:41.486791Z,"{'#attributes': {'Qualifiers': 16384}, '#text': 2962}",dc.scaffold.htb,Microsoft-Windows-ActiveDirectory_DomainService,Directory Service,59,4,,8,,,,,,,,,,,,
2026-05-13T14:51:28.358358Z,"{'#attributes': {'Qualifiers': 32768}, '#text': 1220}",dc.scaffold.htb,Microsoft-Windows-ActiveDirectory_DomainService,Directory Service,60,3,,,8009030e,No credentials are available in the security package,,,,,,,,,,
2026-05-13T14:51:50.375465Z,"{'#attributes': {'Qualifiers': 16384}, '#text': 1221}",dc.scaffold.htb,Microsoft-Windows-ActiveDirectory_DomainService,Directory Service,61,4,,,,,,,,,,,,,,
2026-05-13T14:58:51.529779Z,"{'#attributes': {'Qualifiers': 0}, '#text': 102}",dc.scaffold.htb,NTDS ISAM,Directory Service,62,4,,,NTDS,"736,P,98",,,NTDSA: ,0,10,00,20348,0000,,
2026-05-13T14:58:51.529779Z,"{'#attributes': {'Qualifiers': 0}, '#text': 105}",dc.scaffold.htb,NTDS ISAM,Directory Service,63,4,,,NTDS,"736,D,0",,,NTDSA: ,0,0,"
[1] 0.000390 +J(0) +M(C:0K, Fs:149, WS:572K # 0K, PF:3396K # 356K, P:3396K)
[2] 0.000289 +J(0) +M(C:16K, Fs:88, WS:344K # 296K, PF:300K # 300K, P:300K)
[3] 0.000338 +J(0) +M(C:0K, Fs:5, WS:20K # 20K, PF:64K # 64K, P:64K)
[4] 0.003113 -0.000067 (1) WT +J(0) +M(C:0K, Fs:127, WS:428K # 428K, PF:6044K # 6044K, P:6044K)
[5] 0.000208 +J(0) +M(C:0K, Fs:2, WS:8K # 8K, PF:4K # 4K, P:4K)
[6] 0.000946 +J(0) +M(C:0K, Fs:21, WS:80K # 80K, PF:12K # 12K, P:12K)
[7] 0.006759 -0.003140 (21) WT +J(0) +M(C:0K, Fs:2579, WS:10296K # 10296K, PF:10260K # 10260K, P:10260K)
[8] -
[9] -
[10] -
[11] -
[12] -
[13] 0.006756 -0.003237 (22) WT +J(CM:0, PgRf:0, Rd:0/0, Dy:0/0, Lg:616/1) +M(C:0K, Fs:8, WS:-10216K # 24K, PF:-10256K # 12K, P:-10256K)
[14] 0.000013 +J(0) +M(C:0K, Fs:1, WS:4K # 0K, PF:4K # 0K, P:4K)
[15] 0.000239 +J(0) +M(C:0K, Fs:411, WS:1640K # 0K, PF:68K # 0K, P:68K)
[16] 0.000245 -0.000121 (1) WT +J(0) +M(C:0K, Fs:3, WS:4K # 0K, PF:0K # 0K, P:0K).",,,,
2026-05-13T14:58:51.529779Z,"{'#attributes': {'Qualifiers': 0}, '#text': 330}",dc.scaffold.htb,NTDS ISAM,Directory Service,64,4,,,NTDS,"736,D,50",,,NTDSA: ,C:\Windows\NTDS\ntds.dit,0x22D8 (8920),8920 (0x22d8),9360 (0x2490),,,
2026-05-13T14:58:51.529779Z,"{'#attributes': {'Qualifiers': 0}, '#text': 326}",dc.scaffold.htb,NTDS ISAM,Directory Service,65,4,,,NTDS,"736,D,50",,,NTDSA: ,1,C:\Windows\NTDS\ntds.dit,0,"
[1] 0.000003 +J(0) +M(C:0K, Fs:1, WS:4K # 0K, PF:0K # 0K, P:0K)
[2] 0.000221 -0.000105 (1) WT +J(0) +M(C:0K, Fs:19, WS:12K # 0K, PF:8K # 0K, P:8K)
[3] 0.001396 -0.000435 (6) WT +J(CM:0, PgRf:0, Rd:0/0, Dy:0/0, Lg:3480/2) +M(C:0K, Fs:22, WS:76K # 0K, PF:148K # 0K, P:148K)
[4] 0.000076 +J(0)
[5] -
[6] -
[7] -
[8] 0.001361 -0.000165 (2) CM -0.000292 (6) WT +J(CM:2, PgRf:2, Rd:4/2, Dy:0/0, Lg:0/0) +M(C:32K, Fs:53, WS:172K # 0K, PF:232K # 0K, P:232K)
[9] 0.000674 -0.000457 (5) CM -0.000285 (5) WT +J(CM:5, PgRf:24, Rd:0/5, Dy:0/0, Lg:0/0) +M(C:-24K, Fs:33, WS:100K # 0K, PF:176K # 0K, P:176K)
[10] 0.000379 -0.000292 (4) CM -0.000191 (4) WT +J(CM:4, PgRf:40, Rd:0/4, Dy:0/0, Lg:0/0) +M(C:0K, Fs:7, WS:16K # 0K, PF:64K # 0K, P:64K)
[11] 0.000102 -0.000073 (1) CM -0.000043 (1) WT +J(CM:1, PgRf:1, Rd:0/1, Dy:0/0, Lg:0/0) +M(C:0K, Fs:5, WS:16K # 0K, PF:0K # 0K, P:0K)
[12] 0.000024 +J(CM:0, PgRf:48, Rd:0/0, Dy:0/0, Lg:0/0) +M(C:0K, Fs:2, WS:8K # 0K, PF:0K # 0K, P:0K)
[13] 0.0 +J(0)
[14] 0.0 +J(0)
[15] 0.000002 +J(CM:0, PgRf:1, Rd:0/0, Dy:0/0, Lg:0/0).",0 0,"lgposAttach = 00000002:02E2:0268,
dbv = 1568.20.0 (8920)",
2026-05-13T14:58:51.529779Z,"{'#attributes': {'Qualifiers': 0}, '#text': 330}",dc.scaffold.htb,NTDS ISAM,Directory Service,66,4,,,NTDS,"736,D,2",,,NTDSA: ,C:\Windows\NTDS\temp.edb,0x22D8 (8920),8920 (0x22d8),9360 (0x2490),,,
2026-05-13T14:58:51.530795Z,"{'#attributes': {'Qualifiers': 0}, '#text': 700}",dc.scaffold.htb,NTDS ISAM,Directory Service,67,4,,,NTDS,"736,D,0",,,NTDSA: ,C:\Windows\NTDS\ntds.dit,,,,,,
2026-05-13T14:58:51.579790Z,"{'#attributes': {'Qualifiers': 0}, '#text': 701}",dc.scaffold.htb,NTDS ISAM,Directory Service,68,4,,,NTDS,"736,D,0",,,NTDSA: ,C:\Windows\NTDS\ntds.dit,5,5/13/2026,0,1,1,2
2026-05-13T14:58:51.527319Z,"{'#attributes': {'Qualifiers': 16384}, '#text': 2041}",dc.scaffold.htb,Microsoft-Windows-ActiveDirectory_DomainService,Directory Service,69,4,,,400004c5,2,,,,,,,,,,
2026-05-13T14:58:51.527319Z,"{'#attributes': {'Qualifiers': 16384}, '#text': 3033}",dc.scaffold.htb,Microsoft-Windows-ActiveDirectory_DomainService,Directory Service,70,4,,,,,,,,,,,,,,
2026-05-13T14:58:51.527319Z,"{'#attributes': {'Qualifiers': 16384}, '#text': 3027}",dc.scaffold.htb,Microsoft-Windows-ActiveDirectory_DomainService,Directory Service,71,4,,3600,,,,,,,,,,,,
2026-05-13T14:58:51.529779Z,"{'#attributes': {'Qualifiers': 16384}, '#text': 1869}",dc.scaffold.htb,Microsoft-Windows-ActiveDirectory_DomainService,Directory Service,72,4,,,\\dc.scaffold.htb,Default-First-Site-Name,,,,,,,,,,
2026-05-13T17:06:17.978244Z,"{'#attributes': {'Qualifiers': 16384}, '#text': 2179}",dc.scaffold.htb,Microsoft-Windows-ActiveDirectory_DomainService,Directory Service,73,4,,10993029920352642379,,,,,,,,,,,,
2026-05-13T17:06:20.476837Z,"{'#attributes': {'Qualifiers': 16384}, '#text': 1004}",dc.scaffold.htb,Microsoft-Windows-ActiveDirectory_DomainService,Directory Service,74,4,,,,,,,,,,,,,,
2026-05-13T20:07:51.086209Z,"{'#attributes': {'Qualifiers': 32768}, '#text': 3051}",dc.scaffold.htb,Microsoft-Windows-ActiveDirectory_DomainService,Directory Service,75,3,,,,,,,,,,,,,,
2026-05-13T20:07:51.086209Z,"{'#attributes': {'Qualifiers': 32768}, '#text': 3054}",dc.scaffold.htb,Microsoft-Windows-ActiveDirectory_DomainService,Directory Service,76,3,,,,,,,,,,,,,,
2026-05-13T20:07:51.430085Z,"{'#attributes': {'Qualifiers': 16384}, '#text': 2121}",dc.scaffold.htb,Microsoft-Windows-ActiveDirectory_DomainService,Directory Service,77,4,,,,,,,,,,,,,,
2026-05-13T20:07:51.430085Z,"{'#attributes': {'Qualifiers': 16384}, '#text': 2406}",dc.scaffold.htb,Microsoft-Windows-ActiveDirectory_DomainService,Directory Service,78,4,,Recycle Bin Feature,,,,,,,,,,,,
2026-05-13T20:07:51.430085Z,"{'#attributes': {'Qualifiers': 16384}, '#text': 2406}",dc.scaffold.htb,Microsoft-Windows-ActiveDirectory_DomainService,Directory Service,79,4,,Privileged Access Management Feature,,,,,,,,,,,,
2026-05-13T20:07:51.445306Z,"{'#attributes': {'Qualifiers': 16384}, '#text': 2168}",dc.scaffold.htb,Microsoft-Windows-ActiveDirectory_DomainService,Directory Service,80,4,,10993029920352642379,,,,,,,,,,,,
2026-05-13T20:07:51.445306Z,"{'#attributes': {'Qualifiers': 16384}, '#text': 2172}",dc.scaffold.htb,Microsoft-Windows-ActiveDirectory_DomainService,Directory Service,81,4,,10993029920352642379,,,,,,,,,,,,
2026-05-13T20:07:51.445306Z,"{'#attributes': {'Qualifiers': 16384}, '#text': 2120}",dc.scaffold.htb,Microsoft-Windows-ActiveDirectory_DomainService,Directory Service,82,4,,,,,,,,,,,,,,
2026-05-13T20:07:51.445306Z,"{'#attributes': {'Qualifiers': 16384}, '#text': 2405}",dc.scaffold.htb,Microsoft-Windows-ActiveDirectory_DomainService,Directory Service,83,4,,Recycle Bin Feature,,,,,,,,,,,,
2026-05-13T20:07:51.445306Z,"{'#attributes': {'Qualifiers': 16384}, '#text': 2405}",dc.scaffold.htb,Microsoft-Windows-ActiveDirectory_DomainService,Directory Service,84,4,,Privileged Access Management Feature,,,,,,,,,,,,
2026-05-13T20:08:01.524741Z,"{'#attributes': {'Qualifiers': 32768}, '#text': 2886}",dc.scaffold.htb,Microsoft-Windows-ActiveDirectory_DomainService,Directory Service,85,3,,,,,,,,,,,,,,
2026-05-13T20:08:01.524741Z,"{'#attributes': {'Qualifiers': 32768}, '#text': 3041}",dc.scaffold.htb,Microsoft-Windows-ActiveDirectory_DomainService,Directory Service,86,3,,,,,,,,,,,,,,
2026-05-13T20:08:01.524741Z,"{'#attributes': {'Qualifiers': 16384}, '#text': 1000}",dc.scaffold.htb,Microsoft-Windows-ActiveDirectory_DomainService,Directory Service,87,4,,,,,,,,,,,,,,
2026-05-13T20:08:31.530305Z,"{'#attributes': {'Qualifiers': 16384}, '#text': 1394}",dc.scaffold.htb,Microsoft-Windows-ActiveDirectory_DomainService,Directory Service,88,4,,,,,,,,,,,,,,
2026-05-13T20:23:01.700292Z,"{'#attributes': {'Qualifiers': 0}, '#text': 102}",dc.scaffold.htb,NTDS ISAM,Directory Service,89,4,,,NTDS,"768,P,98",,,NTDSA: ,0,10,00,20348,0000,,
2026-05-13T20:23:01.700292Z,"{'#attributes': {'Qualifiers': 0}, '#text': 105}",dc.scaffold.htb,NTDS ISAM,Directory Service,90,4,,,NTDS,"768,D,0",,,NTDSA: ,0,0,"
[1] 0.003653 +J(0) +M(C:0K, Fs:143, WS:544K # 0K, PF:3364K # 356K, P:3364K)
[2] 0.001723 +J(0) +M(C:16K, Fs:92, WS:352K # 308K, PF:320K # 320K, P:320K)
[3] 0.001324 +J(0) +M(C:0K, Fs:5, WS:20K # 20K, PF:64K # 64K, P:64K)
[4] 0.018586 -0.000429 (1) WT +J(0) +M(C:0K, Fs:128, WS:436K # 436K, PF:6028K # 6028K, P:6028K)
[5] 0.001712 +J(0) +M(C:0K, Fs:2, WS:8K # 8K, PF:4K # 4K, P:4K)
[6] 0.009886 -0.000001 (1) WT +J(0) +M(C:0K, Fs:20, WS:80K # 80K, PF:12K # 12K, P:12K)
[7] 0.111152 -0.029838 (21) WT +J(0) +M(C:0K, Fs:2579, WS:10296K # 10296K, PF:10260K # 10260K, P:10260K)
[8] -
[9] -
[10] -
[11] -
[12] -
[13] 0.019459 -0.012356 (22) WT +J(CM:0, PgRf:0, Rd:0/0, Dy:0/0, Lg:616/1) +M(C:0K, Fs:8, WS:-10216K # 24K, PF:-10256K # 12K, P:-10256K)
[14] 0.000025 +J(0) +M(C:0K, Fs:1, WS:4K # 0K, PF:4K # 0K, P:4K)
[15] 0.008879 +J(0) +M(C:0K, Fs:410, WS:1640K # 0K, PF:64K # 0K, P:64K)
[16] 0.000529 -0.000191 (1) WT +J(0) +M(C:0K, Fs:4, WS:8K # 0K, PF:4K # 0K, P:4K).",,,,
2026-05-13T20:23:01.700292Z,"{'#attributes': {'Qualifiers': 0}, '#text': 330}",dc.scaffold.htb,NTDS ISAM,Directory Service,91,4,,,NTDS,"768,D,50",,,NTDSA: ,C:\Windows\NTDS\ntds.dit,0x22D8 (8920),8920 (0x22d8),9360 (0x2490),,,
2026-05-13T20:23:01.700292Z,"{'#attributes': {'Qualifiers': 0}, '#text': 326}",dc.scaffold.htb,NTDS ISAM,Directory Service,92,4,,,NTDS,"768,D,50",,,NTDSA: ,1,C:\Windows\NTDS\ntds.dit,0,"
[1] 0.000005 +J(0) +M(C:0K, Fs:1, WS:4K # 0K, PF:0K # 0K, P:0K)
[2] 0.000419 -0.000168 (1) WT +J(0) +M(C:0K, Fs:19, WS:12K # 0K, PF:8K # 0K, P:8K)
[3] 0.005464 -0.002598 (6) WT +J(CM:0, PgRf:0, Rd:0/0, Dy:0/0, Lg:3480/2) +M(C:0K, Fs:20, WS:68K # 0K, PF:140K # 0K, P:140K)
[4] 0.000109 +J(0)
[5] -
[6] -
[7] -
[8] 0.004240 -0.000506 (2) CM -0.000337 (2) WT +J(CM:2, PgRf:2, Rd:4/2, Dy:0/0, Lg:0/0) +M(C:16K, Fs:45, WS:172K # 0K, PF:220K # 0K, P:220K)
[9] 0.003742 -0.002955 (8) CM -0.002457 (8) WT +J(CM:8, PgRf:24, Rd:0/8, Dy:0/0, Lg:0/0) +M(C:-4K, Fs:32, WS:108K # 0K, PF:204K # 0K, P:204K)
[10] 0.001235 -0.000924 (4) CM -0.000704 (4) WT +J(CM:4, PgRf:40, Rd:0/4, Dy:0/0, Lg:0/0) +M(C:-4K, Fs:7, WS:16K # 0K, PF:64K # 0K, P:64K)
[11] 0.000323 -0.000204 (1) CM -0.000127 (1) WT +J(CM:1, PgRf:1, Rd:0/1, Dy:0/0, Lg:0/0) +M(C:0K, Fs:5, WS:16K # 0K, PF:0K # 0K, P:0K)
[12] 0.000046 +J(CM:0, PgRf:48, Rd:0/0, Dy:0/0, Lg:0/0) +M(C:0K, Fs:2, WS:8K # 0K, PF:0K # 0K, P:0K)
[13] 0.0 +J(0)
[14] 0.0 +J(0)
[15] 0.000005 +J(CM:0, PgRf:1, Rd:0/0, Dy:0/0, Lg:0/0).",0 0,"lgposAttach = 00000002:06D9:0268,
dbv = 1568.20.0 (8920)",
2026-05-13T20:23:01.700292Z,"{'#attributes': {'Qualifiers': 0}, '#text': 330}",dc.scaffold.htb,NTDS ISAM,Directory Service,93,4,,,NTDS,"768,D,2",,,NTDSA: ,C:\Windows\NTDS\temp.edb,0x22D8 (8920),8920 (0x22d8),9360 (0x2490),,,
2026-05-13T20:23:01.700292Z,"{'#attributes': {'Qualifiers': 0}, '#text': 700}",dc.scaffold.htb,NTDS ISAM,Directory Service,94,4,,,NTDS,"768,D,0",,,NTDSA: ,C:\Windows\NTDS\ntds.dit,,,,,,
2026-05-13T20:23:01.842585Z,"{'#attributes': {'Qualifiers': 0}, '#text': 701}",dc.scaffold.htb,NTDS ISAM,Directory Service,95,4,,,NTDS,"768,D,0",,,NTDSA: ,C:\Windows\NTDS\ntds.dit,2,5/13/2026,0,1,1,3
2026-05-13T20:23:01.700292Z,"{'#attributes': {'Qualifiers': 16384}, '#text': 3033}",dc.scaffold.htb,Microsoft-Windows-ActiveDirectory_DomainService,Directory Service,96,4,,,,,,,,,,,,,,
2026-05-13T20:23:01.700292Z,"{'#attributes': {'Qualifiers': 16384}, '#text': 3027}",dc.scaffold.htb,Microsoft-Windows-ActiveDirectory_DomainService,Directory Service,97,4,,3600,,,,,,,,,,,,
2026-05-13T20:23:01.700292Z,"{'#attributes': {'Qualifiers': 16384}, '#text': 1869}",dc.scaffold.htb,Microsoft-Windows-ActiveDirectory_DomainService,Directory Service,98,4,,,\\dc.scaffold.htb,Default-First-Site-Name,,,,,,,,,,
2026-05-13T23:17:26.555241Z,"{'#attributes': {'Qualifiers': 16384}, '#text': 2179}",dc.scaffold.htb,Microsoft-Windows-ActiveDirectory_DomainService,Directory Service,99,4,,10993029920352642379,,,,,,,,,,,,
2026-05-13T23:17:27.825013Z,"{'#attributes': {'Qualifiers': 16384}, '#text': 1004}",dc.scaffold.htb,Microsoft-Windows-ActiveDirectory_DomainService,Directory Service,100,4,,,,,,,,,,,,,,
2026-05-13T23:17:47.779102Z,"{'#attributes': {'Qualifiers': 32768}, '#text': 3051}",dc.scaffold.htb,Microsoft-Windows-ActiveDirectory_DomainService,Directory Service,101,3,,,,,,,,,,,,,,
2026-05-13T23:17:47.779102Z,"{'#attributes': {'Qualifiers': 32768}, '#text': 3054}",dc.scaffold.htb,Microsoft-Windows-ActiveDirectory_DomainService,Directory Service,102,3,,,,,,,,,,,,,,
2026-05-13T23:17:47.858865Z,"{'#attributes': {'Qualifiers': 16384}, '#text': 2121}",dc.scaffold.htb,Microsoft-Windows-ActiveDirectory_DomainService,Directory Service,103,4,,,,,,,,,,,,,,
2026-05-13T23:17:47.858865Z,"{'#attributes': {'Qualifiers': 16384}, '#text': 2406}",dc.scaffold.htb,Microsoft-Windows-ActiveDirectory_DomainService,Directory Service,104,4,,Recycle Bin Feature,,,,,,,,,,,,
2026-05-13T23:17:47.858865Z,"{'#attributes': {'Qualifiers': 16384}, '#text': 2406}",dc.scaffold.htb,Microsoft-Windows-ActiveDirectory_DomainService,Directory Service,105,4,,Privileged Access Management Feature,,,,,,,,,,,,
2026-05-13T23:17:47.858865Z,"{'#attributes': {'Qualifiers': 16384}, '#text': 2168}",dc.scaffold.htb,Microsoft-Windows-ActiveDirectory_DomainService,Directory Service,106,4,,10993029920352642379,,,,,,,,,,,,
2026-05-13T23:17:47.858865Z,"{'#attributes': {'Qualifiers': 16384}, '#text': 2172}",dc.scaffold.htb,Microsoft-Windows-ActiveDirectory_DomainService,Directory Service,107,4,,10993029920352642379,,,,,,,,,,,,
2026-05-13T23:17:47.858865Z,"{'#attributes': {'Qualifiers': 16384}, '#text': 2120}",dc.scaffold.htb,Microsoft-Windows-ActiveDirectory_DomainService,Directory Service,108,4,,,,,,,,,,,,,,
2026-05-13T23:17:47.858865Z,"{'#attributes': {'Qualifiers': 16384}, '#text': 2405}",dc.scaffold.htb,Microsoft-Windows-ActiveDirectory_DomainService,Directory Service,109,4,,Recycle Bin Feature,,,,,,,,,,,,
2026-05-13T23:17:47.858865Z,"{'#attributes': {'Qualifiers': 16384}, '#text': 2405}",dc.scaffold.htb,Microsoft-Windows-ActiveDirectory_DomainService,Directory Service,110,4,,Privileged Access Management Feature,,,,,,,,,,,,
2026-05-13T23:17:57.878768Z,"{'#attributes': {'Qualifiers': 32768}, '#text': 2886}",dc.scaffold.htb,Microsoft-Windows-ActiveDirectory_DomainService,Directory Service,111,3,,,,,,,,,,,,,,
2026-05-13T23:17:57.878768Z,"{'#attributes': {'Qualifiers': 32768}, '#text': 3041}",dc.scaffold.htb,Microsoft-Windows-ActiveDirectory_DomainService,Directory Service,112,3,,,,,,,,,,,,,,
2026-05-13T23:17:57.878768Z,"{'#attributes': {'Qualifiers': 16384}, '#text': 1000}",dc.scaffold.htb,Microsoft-Windows-ActiveDirectory_DomainService,Directory Service,113,4,,,,,,,,,,,,,,
2026-05-13T23:18:27.874285Z,"{'#attributes': {'Qualifiers': 16384}, '#text': 1394}",dc.scaffold.htb,Microsoft-Windows-ActiveDirectory_DomainService,Directory Service,114,4,,,,,,,,,,,,,,
2026-05-14T00:36:06.906241Z,"{'#attributes': {'Qualifiers': 0}, '#text': 102}",dc.scaffold.htb,NTDS ISAM,Directory Service,115,4,,,NTDS,"736,P,98",,,NTDSA: ,0,10,00,20348,0000,,
2026-05-14T00:36:06.906241Z,"{'#attributes': {'Qualifiers': 0}, '#text': 105}",dc.scaffold.htb,NTDS ISAM,Directory Service,116,4,,,NTDS,"736,D,0",,,NTDSA: ,0,0,"
[1] 0.001084 +J(0) +M(C:0K, Fs:143, WS:548K # 0K, PF:3372K # 364K, P:3372K)
[2] 0.001153 +J(0) +M(C:16K, Fs:88, WS:344K # 304K, PF:300K # 300K, P:300K)
[3] 0.000832 +J(0) +M(C:0K, Fs:5, WS:20K # 20K, PF:64K # 64K, P:64K)
[4] 0.013893 -0.000248 (1) WT +J(0) +M(C:0K, Fs:128, WS:432K # 432K, PF:6032K # 6032K, P:6032K)
[5] 0.000944 +J(0) +M(C:0K, Fs:3, WS:12K # 12K, PF:8K # 8K, P:8K)
[6] 0.005224 +J(0) +M(C:0K, Fs:21, WS:80K # 80K, PF:12K # 12K, P:12K)
[7] 0.044104 -0.031258 (21) WT +J(0) +M(C:0K, Fs:2579, WS:10296K # 10296K, PF:10260K # 10260K, P:10260K)
[8] -
[9] -
[10] -
[11] -
[12] -
[13] 0.047956 -0.028127 (22) WT +J(CM:0, PgRf:0, Rd:0/0, Dy:0/0, Lg:616/1) +M(C:0K, Fs:8, WS:-10216K # 24K, PF:-10256K # 12K, P:-10256K)
[14] 0.000081 +J(0) +M(C:0K, Fs:2, WS:8K # 0K, PF:8K # 0K, P:8K)
[15] 0.001335 +J(0) +M(C:0K, Fs:411, WS:1640K # 0K, PF:68K # 0K, P:68K)
[16] 0.002534 -0.000716 (1) WT +J(0) +M(C:0K, Fs:3, WS:4K # 0K, PF:0K # 0K, P:0K).",,,,
2026-05-14T00:36:06.906241Z,"{'#attributes': {'Qualifiers': 0}, '#text': 330}",dc.scaffold.htb,NTDS ISAM,Directory Service,117,4,,,NTDS,"736,D,50",,,NTDSA: ,C:\Windows\NTDS\ntds.dit,0x22D8 (8920),8920 (0x22d8),9360 (0x2490),,,
2026-05-14T00:36:06.906241Z,"{'#attributes': {'Qualifiers': 0}, '#text': 326}",dc.scaffold.htb,NTDS ISAM,Directory Service,118,4,,,NTDS,"736,D,50",,,NTDSA: ,1,C:\Windows\NTDS\ntds.dit,0,"
[1] 0.000020 +J(0) +M(C:0K, Fs:1, WS:4K # 0K, PF:0K # 0K, P:0K)
[2] 0.001498 -0.000830 (1) WT +J(0) +M(C:0K, Fs:19, WS:12K # 0K, PF:8K # 0K, P:8K)
[3] 0.010275 -0.004013 (6) WT +J(CM:0, PgRf:0, Rd:0/0, Dy:0/0, Lg:3480/2) +M(C:0K, Fs:22, WS:80K # 0K, PF:148K # 0K, P:148K)
[4] 0.000363 +J(0)
[5] -
[6] -
[7] -
[8] 0.010037 -0.001269 (2) CM -0.000795 (3) WT +J(CM:2, PgRf:2, Rd:4/2, Dy:0/0, Lg:0/0) +M(C:32K, Fs:45, WS:172K # 0K, PF:236K # 0K, P:236K)
[9] 0.007926 -0.006570 (5) CM -0.005365 (5) WT +J(CM:5, PgRf:24, Rd:0/5, Dy:0/0, Lg:0/0) +M(C:-20K, Fs:32, WS:104K # 0K, PF:180K # 0K, P:180K)
[10] 0.000753 -0.000590 (3) CM -0.000388 (3) WT +J(CM:3, PgRf:40, Rd:0/3, Dy:0/0, Lg:0/0) +M(C:-8K, Fs:5, WS:8K # 0K, PF:56K # 0K, P:56K)
[11] 0.000185 -0.000150 (1) CM -0.000085 (1) WT +J(CM:1, PgRf:1, Rd:0/1, Dy:0/0, Lg:0/0) +M(C:0K, Fs:5, WS:16K # 0K, PF:0K # 0K, P:0K)
[12] 0.000368 -0.000230 (1) CM -0.000178 (1) WT +J(CM:1, PgRf:48, Rd:0/1, Dy:0/0, Lg:0/0) +M(C:0K, Fs:3, WS:8K # 0K, PF:0K # 0K, P:0K)
[13] 0.000003 +J(0)
[14] 0.0 +J(0)
[15] 0.000327 -0.000289 (1) CM -0.000201 (1) WT +J(CM:1, PgRf:1, Rd:0/1, Dy:0/0, Lg:0/0) +M(C:0K, Fs:1, WS:0K # 0K, PF:0K # 0K, P:0K).",0 0,"lgposAttach = 00000002:0704:0268,
dbv = 1568.20.0 (8920)",
2026-05-14T00:36:06.906241Z,"{'#attributes': {'Qualifiers': 0}, '#text': 330}",dc.scaffold.htb,NTDS ISAM,Directory Service,119,4,,,NTDS,"736,D,2",,,NTDSA: ,C:\Windows\NTDS\temp.edb,0x22D8 (8920),8920 (0x22d8),9360 (0x2490),,,
2026-05-14T00:36:06.906241Z,"{'#attributes': {'Qualifiers': 0}, '#text': 700}",dc.scaffold.htb,NTDS ISAM,Directory Service,120,4,,,NTDS,"736,D,0",,,NTDSA: ,C:\Windows\NTDS\ntds.dit,,,,,,
2026-05-14T00:36:07.016667Z,"{'#attributes': {'Qualifiers': 0}, '#text': 701}",dc.scaffold.htb,NTDS ISAM,Directory Service,121,4,,,NTDS,"736,D,0",,,NTDSA: ,C:\Windows\NTDS\ntds.dit,0,5/13/2026,0,1,1,4
2026-05-14T00:36:06.906241Z,"{'#attributes': {'Qualifiers': 16384}, '#text': 3033}",dc.scaffold.htb,Microsoft-Windows-ActiveDirectory_DomainService,Directory Service,122,4,,,,,,,,,,,,,,
2026-05-14T00:36:06.906241Z,"{'#attributes': {'Qualifiers': 16384}, '#text': 3027}",dc.scaffold.htb,Microsoft-Windows-ActiveDirectory_DomainService,Directory Service,123,4,,3600,,,,,,,,,,,,
2026-05-14T00:36:06.906241Z,"{'#attributes': {'Qualifiers': 16384}, '#text': 1869}",dc.scaffold.htb,Microsoft-Windows-ActiveDirectory_DomainService,Directory Service,124,4,,,\\dc.scaffold.htb,Default-First-Site-Name,,,,,,,,,,
2026-05-14T00:52:02.843075Z,"{'#attributes': {'Qualifiers': 16384}, '#text': 2179}",dc.scaffold.htb,Microsoft-Windows-ActiveDirectory_DomainService,Directory Service,125,4,,10993029920352642379,,,,,,,,,,,,
2026-05-14T00:52:04.439335Z,"{'#attributes': {'Qualifiers': 16384}, '#text': 1004}",dc.scaffold.htb,Microsoft-Windows-ActiveDirectory_DomainService,Directory Service,126,4,,,,,,,,,,,,,,
2026-05-14T18:52:06.586939Z,"{'#attributes': {'Qualifiers': 32768}, '#text': 3051}",dc.scaffold.htb,Microsoft-Windows-ActiveDirectory_DomainService,Directory Service,127,3,,,,,,,,,,,,,,
2026-05-14T18:52:06.586939Z,"{'#attributes': {'Qualifiers': 32768}, '#text': 3054}",dc.scaffold.htb,Microsoft-Windows-ActiveDirectory_DomainService,Directory Service,128,3,,,,,,,,,,,,,,
2026-05-14T18:52:07.008801Z,"{'#attributes': {'Qualifiers': 16384}, '#text': 2121}",dc.scaffold.htb,Microsoft-Windows-ActiveDirectory_DomainService,Directory Service,129,4,,,,,,,,,,,,,,
2026-05-14T18:52:07.008801Z,"{'#attributes': {'Qualifiers': 16384}, '#text': 2406}",dc.scaffold.htb,Microsoft-Windows-ActiveDirectory_DomainService,Directory Service,130,4,,Recycle Bin Feature,,,,,,,,,,,,
2026-05-14T18:52:07.008801Z,"{'#attributes': {'Qualifiers': 16384}, '#text': 2406}",dc.scaffold.htb,Microsoft-Windows-ActiveDirectory_DomainService,Directory Service,131,4,,Privileged Access Management Feature,,,,,,,,,,,,
2026-05-14T18:52:07.008801Z,"{'#attributes': {'Qualifiers': 16384}, '#text': 2168}",dc.scaffold.htb,Microsoft-Windows-ActiveDirectory_DomainService,Directory Service,132,4,,10993029920352642379,,,,,,,,,,,,
2026-05-14T18:52:07.008801Z,"{'#attributes': {'Qualifiers': 16384}, '#text': 2172}",dc.scaffold.htb,Microsoft-Windows-ActiveDirectory_DomainService,Directory Service,133,4,,10993029920352642379,,,,,,,,,,,,
2026-05-14T18:52:07.024752Z,"{'#attributes': {'Qualifiers': 16384}, '#text': 2120}",dc.scaffold.htb,Microsoft-Windows-ActiveDirectory_DomainService,Directory Service,134,4,,,,,,,,,,,,,,
2026-05-14T18:52:07.024752Z,"{'#attributes': {'Qualifiers': 16384}, '#text': 2405}",dc.scaffold.htb,Microsoft-Windows-ActiveDirectory_DomainService,Directory Service,135,4,,Recycle Bin Feature,,,,,,,,,,,,
2026-05-14T18:52:07.024752Z,"{'#attributes': {'Qualifiers': 16384}, '#text': 2405}",dc.scaffold.htb,Microsoft-Windows-ActiveDirectory_DomainService,Directory Service,136,4,,Privileged Access Management Feature,,,,,,,,,,,,
2026-05-14T18:52:17.036048Z,"{'#attributes': {'Qualifiers': 32768}, '#text': 2886}",dc.scaffold.htb,Microsoft-Windows-ActiveDirectory_DomainService,Directory Service,137,3,,,,,,,,,,,,,,
2026-05-14T18:52:17.036048Z,"{'#attributes': {'Qualifiers': 32768}, '#text': 3041}",dc.scaffold.htb,Microsoft-Windows-ActiveDirectory_DomainService,Directory Service,138,3,,,,,,,,,,,,,,
2026-05-14T18:52:17.036048Z,"{'#attributes': {'Qualifiers': 16384}, '#text': 1000}",dc.scaffold.htb,Microsoft-Windows-ActiveDirectory_DomainService,Directory Service,139,4,,,,,,,,,,,,,,
2026-05-14T18:52:47.045072Z,"{'#attributes': {'Qualifiers': 16384}, '#text': 1394}",dc.scaffold.htb,Microsoft-Windows-ActiveDirectory_DomainService,Directory Service,140,4,,,,,,,,,,,,,,
2026-05-14T19:07:17.123909Z,"{'#attributes': {'Qualifiers': 0}, '#text': 102}",dc.scaffold.htb,NTDS ISAM,Directory Service,141,4,,,NTDS,"768,P,98",,,NTDSA: ,0,10,00,20348,0000,,
2026-05-14T19:07:17.123909Z,"{'#attributes': {'Qualifiers': 0}, '#text': 105}",dc.scaffold.htb,NTDS ISAM,Directory Service,142,4,,,NTDS,"768,D,0",,,NTDSA: ,0,0,"
[1] 0.005004 +J(0) +M(C:0K, Fs:144, WS:548K # 0K, PF:3368K # 360K, P:3368K)
[2] 0.001284 +J(0) +M(C:16K, Fs:93, WS:356K # 316K, PF:324K # 324K, P:324K)
[3] 0.000508 +J(0) +M(C:0K, Fs:5, WS:20K # 20K, PF:64K # 64K, P:64K)
[4] 0.012059 -0.000271 (1) WT +J(0) +M(C:0K, Fs:129, WS:440K # 440K, PF:6036K # 6036K, P:6036K)
[5] 0.000646 +J(0) +M(C:0K, Fs:2, WS:8K # 8K, PF:4K # 4K, P:4K)
[6] 0.002527 +J(0) +M(C:0K, Fs:22, WS:88K # 88K, PF:20K # 20K, P:20K)
[7] 0.083150 -0.022463 (21) WT +J(0) +M(C:0K, Fs:2579, WS:10296K # 10296K, PF:10260K # 10260K, P:10260K)
[8] -
[9] -
[10] -
[11] -
[12] -
[13] 0.018665 -0.012305 (22) WT +J(CM:0, PgRf:0, Rd:0/0, Dy:0/0, Lg:616/1) +M(C:0K, Fs:8, WS:-10216K # 24K, PF:-10256K # 12K, P:-10256K)
[14] 0.000011 +J(0)
[15] 0.007276 +J(0) +M(C:0K, Fs:410, WS:1640K # 0K, PF:64K # 0K, P:64K)
[16] 0.000741 -0.000311 (1) WT +J(0) +M(C:0K, Fs:3, WS:4K # 0K, PF:0K # 0K, P:0K).",,,,
2026-05-14T19:07:17.123909Z,"{'#attributes': {'Qualifiers': 0}, '#text': 330}",dc.scaffold.htb,NTDS ISAM,Directory Service,143,4,,,NTDS,"768,D,50",,,NTDSA: ,C:\Windows\NTDS\ntds.dit,0x22D8 (8920),8920 (0x22d8),9360 (0x2490),,,
2026-05-14T19:07:17.123909Z,"{'#attributes': {'Qualifiers': 0}, '#text': 326}",dc.scaffold.htb,NTDS ISAM,Directory Service,144,4,,,NTDS,"768,D,50",,,NTDSA: ,1,C:\Windows\NTDS\ntds.dit,0,"
[1] 0.000007 +J(0) +M(C:0K, Fs:1, WS:4K # 0K, PF:0K # 0K, P:0K)
[2] 0.000364 -0.000174 (1) WT +J(0) +M(C:0K, Fs:19, WS:12K # 0K, PF:8K # 0K, P:8K)
[3] 0.002987 -0.001096 (6) WT +J(CM:0, PgRf:0, Rd:0/0, Dy:0/0, Lg:3480/2) +M(C:0K, Fs:20, WS:64K # 0K, PF:140K # 0K, P:140K)
[4] 0.000096 +J(0)
[5] -
[6] -
[7] -
[8] 0.003065 -0.000378 (2) CM -0.000233 (2) WT +J(CM:2, PgRf:2, Rd:4/2, Dy:0/0, Lg:0/0) +M(C:16K, Fs:46, WS:176K # 0K, PF:224K # 0K, P:224K)
[9] 0.003866 -0.003246 (8) CM -0.002773 (8) WT +J(CM:8, PgRf:24, Rd:0/8, Dy:0/0, Lg:0/0) +M(C:-4K, Fs:31, WS:108K # 0K, PF:200K # 0K, P:200K)
[10] 0.001132 -0.000812 (4) CM -0.000620 (4) WT +J(CM:4, PgRf:40, Rd:0/4, Dy:0/0, Lg:0/0) +M(C:-4K, Fs:7, WS:16K # 0K, PF:64K # 0K, P:64K)
[11] 0.000162 -0.000103 (1) CM -0.000066 (1) WT +J(CM:1, PgRf:1, Rd:0/1, Dy:0/0, Lg:0/0) +M(C:0K, Fs:5, WS:16K # 0K, PF:0K # 0K, P:0K)
[12] 0.000030 +J(CM:0, PgRf:48, Rd:0/0, Dy:0/0, Lg:0/0) +M(C:0K, Fs:2, WS:8K # 0K, PF:0K # 0K, P:0K)
[13] 0.0 +J(0)
[14] 0.0 +J(0)
[15] 0.000002 +J(CM:0, PgRf:1, Rd:0/0, Dy:0/0, Lg:0/0).",0 0,"lgposAttach = 00000002:070F:0268,
dbv = 1568.20.0 (8920)",
2026-05-14T19:07:17.123909Z,"{'#attributes': {'Qualifiers': 0}, '#text': 330}",dc.scaffold.htb,NTDS ISAM,Directory Service,145,4,,,NTDS,"768,D,2",,,NTDSA: ,C:\Windows\NTDS\temp.edb,0x22D8 (8920),8920 (0x22d8),9360 (0x2490),,,
2026-05-14T19:07:17.139543Z,"{'#attributes': {'Qualifiers': 0}, '#text': 700}",dc.scaffold.htb,NTDS ISAM,Directory Service,146,4,,,NTDS,"768,D,0",,,NTDSA: ,C:\Windows\NTDS\ntds.dit,,,,,,
2026-05-14T19:07:17.233421Z,"{'#attributes': {'Qualifiers': 0}, '#text': 701}",dc.scaffold.htb,NTDS ISAM,Directory Service,147,4,,,NTDS,"768,D,0",,,NTDSA: ,C:\Windows\NTDS\ntds.dit,0,5/14/2026,0,1,1,5
2026-05-14T19:07:17.123909Z,"{'#attributes': {'Qualifiers': 16384}, '#text': 3033}",dc.scaffold.htb,Microsoft-Windows-ActiveDirectory_DomainService,Directory Service,148,4,,,,,,,,,,,,,,
2026-05-14T19:07:17.123909Z,"{'#attributes': {'Qualifiers': 16384}, '#text': 3027}",dc.scaffold.htb,Microsoft-Windows-ActiveDirectory_DomainService,Directory Service,149,4,,3600,,,,,,,,,,,,
2026-05-14T19:07:17.123909Z,"{'#attributes': {'Qualifiers': 16384}, '#text': 1869}",dc.scaffold.htb,Microsoft-Windows-ActiveDirectory_DomainService,Directory Service,150,4,,,\\dc.scaffold.htb,Default-First-Site-Name,,,,,,,,,,
2026-05-14T23:41:10.488990Z,"{'#attributes': {'Qualifiers': 16384}, '#text': 2179}",dc.scaffold.htb,Microsoft-Windows-ActiveDirectory_DomainService,Directory Service,151,4,,10993029920352642379,,,,,,,,,,,,
2026-05-14T23:41:12.373325Z,"{'#attributes': {'Qualifiers': 16384}, '#text': 1004}",dc.scaffold.htb,Microsoft-Windows-ActiveDirectory_DomainService,Directory Service,152,4,,,,,,,,,,,,,,
2026-05-15T14:55:10.354868Z,"{'#attributes': {'Qualifiers': 32768}, '#text': 3051}",dc.scaffold.htb,Microsoft-Windows-ActiveDirectory_DomainService,Directory Service,153,3,,,,,,,,,,,,,,
2026-05-15T14:55:10.354868Z,"{'#attributes': {'Qualifiers': 32768}, '#text': 3054}",dc.scaffold.htb,Microsoft-Windows-ActiveDirectory_DomainService,Directory Service,154,3,,,,,,,,,,,,,,
2026-05-15T14:55:10.620448Z,"{'#attributes': {'Qualifiers': 16384}, '#text': 2121}",dc.scaffold.htb,Microsoft-Windows-ActiveDirectory_DomainService,Directory Service,155,4,,,,,,,,,,,,,,
2026-05-15T14:55:10.636272Z,"{'#attributes': {'Qualifiers': 16384}, '#text': 2406}",dc.scaffold.htb,Microsoft-Windows-ActiveDirectory_DomainService,Directory Service,156,4,,Recycle Bin Feature,,,,,,,,,,,,
2026-05-15T14:55:10.636272Z,"{'#attributes': {'Qualifiers': 16384}, '#text': 2406}",dc.scaffold.htb,Microsoft-Windows-ActiveDirectory_DomainService,Directory Service,157,4,,Privileged Access Management Feature,,,,,,,,,,,,
2026-05-15T14:55:10.636272Z,"{'#attributes': {'Qualifiers': 16384}, '#text': 2168}",dc.scaffold.htb,Microsoft-Windows-ActiveDirectory_DomainService,Directory Service,158,4,,2991723996884354776,,,,,,,,,,,,
2026-05-15T14:55:10.636272Z,"{'#attributes': {'Qualifiers': 16384}, '#text': 2172}",dc.scaffold.htb,Microsoft-Windows-ActiveDirectory_DomainService,Directory Service,159,4,,10993029920352642379,,,,,,,,,,,,
2026-05-15T14:55:10.636272Z,"{'#attributes': {'Qualifiers': 32768}, '#text': 2170}",dc.scaffold.htb,Microsoft-Windows-ActiveDirectory_DomainService,Directory Service,160,3,,,10993029920352642379,2991723996884354776,,,,,,,,,,
2026-05-15T14:55:10.636272Z,"{'#attributes': {'Qualifiers': 16384}, '#text': 1109}",dc.scaffold.htb,Microsoft-Windows-ActiveDirectory_DomainService,Directory Service,161,4,,,8d19e4df-5b30-43ff-9cc0-b6553b38f37b,1e5b1de9-2cb0-43c4-9851-58e561598121,,,28677,,,,,,,
2026-05-15T14:55:10.651906Z,"{'#attributes': {'Qualifiers': 16384}, '#text': 2179}",dc.scaffold.htb,Microsoft-Windows-ActiveDirectory_DomainService,Directory Service,162,4,,2991723996884354776,,,,,,,,,,,,
2026-05-15T14:55:10.651906Z,"{'#attributes': {'Qualifiers': 16384}, '#text': 2208}",dc.scaffold.htb,Microsoft-Windows-ActiveDirectory_DomainService,Directory Service,163,4,,,,,,,,,,,,,,
2026-05-15T14:55:10.651906Z,"{'#attributes': {'Qualifiers': 16384}, '#text': 2120}",dc.scaffold.htb,Microsoft-Windows-ActiveDirectory_DomainService,Directory Service,164,4,,,,,,,,,,,,,,
2026-05-15T14:55:10.651906Z,"{'#attributes': {'Qualifiers': 16384}, '#text': 2405}",dc.scaffold.htb,Microsoft-Windows-ActiveDirectory_DomainService,Directory Service,165,4,,Recycle Bin Feature,,,,,,,,,,,,
2026-05-15T14:55:10.651906Z,"{'#attributes': {'Qualifiers': 16384}, '#text': 2405}",dc.scaffold.htb,Microsoft-Windows-ActiveDirectory_DomainService,Directory Service,166,4,,Privileged Access Management Feature,,,,,,,,,,,,
2026-05-15T14:55:20.670042Z,"{'#attributes': {'Qualifiers': 32768}, '#text': 2886}",dc.scaffold.htb,Microsoft-Windows-ActiveDirectory_DomainService,Directory Service,167,3,,,,,,,,,,,,,,
2026-05-15T14:55:20.670042Z,"{'#attributes': {'Qualifiers': 32768}, '#text': 3041}",dc.scaffold.htb,Microsoft-Windows-ActiveDirectory_DomainService,Directory Service,168,3,,,,,,,,,,,,,,
2026-05-15T14:55:20.670042Z,"{'#attributes': {'Qualifiers': 16384}, '#text': 1000}",dc.scaffold.htb,Microsoft-Windows-ActiveDirectory_DomainService,Directory Service,169,4,,,,,,,,,,,,,,
