2026-09-02T04:43:59.554566Z,"{'#attributes': {'Qualifiers': 32768}, '#text': 2886}",dc.scaffold.htb,Microsoft-Windows-ActiveDirectory_DomainService,Directory Service,1197,3,,,,,,,,,,,,,,
2026-09-02T04:43:59.554566Z,"{'#attributes': {'Qualifiers': 32768}, '#text': 3041}",dc.scaffold.htb,Microsoft-Windows-ActiveDirectory_DomainService,Directory Service,1198,3,,,,,,,,,,,,,,
2026-09-02T04:43:59.554566Z,"{'#attributes': {'Qualifiers': 16384}, '#text': 1000}",dc.scaffold.htb,Microsoft-Windows-ActiveDirectory_DomainService,Directory Service,1199,4,,,,,,,,,,,,,,
2026-09-02T04:44:29.554598Z,"{'#attributes': {'Qualifiers': 16384}, '#text': 1394}",dc.scaffold.htb,Microsoft-Windows-ActiveDirectory_DomainService,Directory Service,1200,4,,,,,,,,,,,,,,
2026-09-02T04:46:22.257653Z,"{'#attributes': {'Qualifiers': 0}, '#text': 102}",dc.scaffold.htb,NTDS ISAM,Directory Service,1201,4,,,NTDS,"660,P,98",,,NTDSA: ,0,10,00,20348,0000,,
2026-09-02T04:46:22.257653Z,"{'#attributes': {'Qualifiers': 0}, '#text': 105}",dc.scaffold.htb,NTDS ISAM,Directory Service,1202,4,,,NTDS,"660,D,0",,,NTDSA: ,0,0,"
[1] 0.000826 +J(0) +M(C:0K, Fs:127, WS:488K # 0K, PF:3276K # 340K, P:3276K)
[2] 0.001307 +J(0) +M(C:16K, Fs:89, WS:344K # 284K, PF:308K # 308K, P:308K)
[3] 0.000857 +J(0) +M(C:0K, Fs:5, WS:20K # 20K, PF:64K # 64K, P:64K)
[4] 0.012895 -0.000364 (1) WT +J(0) +M(C:0K, Fs:120, WS:404K # 404K, PF:5164K # 5164K, P:5164K)
[5] 0.000960 +J(0) +M(C:0K, Fs:4, WS:16K # 16K, PF:12K # 12K, P:12K)
[6] 0.002888 +J(0) +M(C:0K, Fs:20, WS:80K # 80K, PF:12K # 12K, P:12K)
[7] 0.044176 -0.034366 (21) WT +J(0) +M(C:0K, Fs:2579, WS:10296K # 10296K, PF:10260K # 10260K, P:10260K)
[8] -
[9] -
[10] -
[11] -
[12] -
[13] 0.062463 -0.049610 (22) WT +J(CM:0, PgRf:0, Rd:0/0, Dy:0/0, Lg:616/1) +M(C:0K, Fs:8, WS:-10216K # 24K, PF:-10256K # 12K, P:-10256K)
[14] 0.000032 +J(0)
[15] 0.000721 +J(0) +M(C:0K, Fs:205, WS:820K # 0K, PF:64K # 0K, P:64K)
[16] 0.000728 -0.000426 (1) WT +J(0) +M(C:0K, Fs:3, WS:4K # 0K, PF:0K # 0K, P:0K).",,,,
2026-09-02T04:46:22.257653Z,"{'#attributes': {'Qualifiers': 0}, '#text': 330}",dc.scaffold.htb,NTDS ISAM,Directory Service,1203,4,,,NTDS,"660,D,50",,,NTDSA: ,C:\Windows\NTDS\ntds.dit,0x22D8 (8920),8920 (0x22d8),9360 (0x2490),,,
2026-09-02T04:46:22.257653Z,"{'#attributes': {'Qualifiers': 0}, '#text': 326}",dc.scaffold.htb,NTDS ISAM,Directory Service,1204,4,,,NTDS,"660,D,50",,,NTDSA: ,1,C:\Windows\NTDS\ntds.dit,0,"
[1] 0.000006 +J(0) +M(C:0K, Fs:1, WS:4K # 0K, PF:0K # 0K, P:0K)
[2] 0.000739 -0.000430 (1) WT +J(0) +M(C:0K, Fs:19, WS:12K # 0K, PF:8K # 0K, P:8K)
[3] 0.006805 -0.002848 (6) WT +J(CM:0, PgRf:0, Rd:0/0, Dy:0/0, Lg:3480/2) +M(C:0K, Fs:15, WS:52K # 0K, PF:104K # 0K, P:104K)
[4] 0.000091 +J(0)
[5] -
[6] -
[7] -
[8] 0.005169 -0.000648 (2) CM -0.000456 (2) WT +J(CM:2, PgRf:2, Rd:4/2, Dy:0/0, Lg:0/0) +M(C:32K, Fs:45, WS:168K # 0K, PF:236K # 0K, P:236K)
[9] 0.002305 -0.001755 (6) CM -0.001527 (6) WT +J(CM:6, PgRf:24, Rd:0/6, Dy:0/0, Lg:0/0) +M(C:-20K, Fs:33, WS:104K # 0K, PF:180K # 0K, P:180K)
[10] 0.001035 -0.000784 (4) CM -0.000665 (4) WT +J(CM:4, PgRf:40, Rd:0/4, Dy:0/0, Lg:0/0) +M(C:-8K, Fs:5, WS:8K # 0K, PF:56K # 0K, P:56K)
[11] 0.000020 +J(CM:0, PgRf:1, Rd:0/0, Dy:0/0, Lg:0/0) +M(C:0K, Fs:4, WS:16K # 0K, PF:0K # 0K, P:0K)
[12] 0.000060 +J(CM:0, PgRf:48, Rd:0/0, Dy:0/0, Lg:0/0) +M(C:0K, Fs:2, WS:8K # 0K, PF:0K # 0K, P:0K)
[13] 0.000001 +J(0)
[14] 0.000001 +J(0)
[15] 0.000006 +J(CM:0, PgRf:1, Rd:0/0, Dy:0/0, Lg:0/0).",0 0,"lgposAttach = 00000003:02E7:0268,
dbv = 1568.20.0 (8920)",
2026-09-02T04:46:22.257653Z,"{'#attributes': {'Qualifiers': 0}, '#text': 330}",dc.scaffold.htb,NTDS ISAM,Directory Service,1205,4,,,NTDS,"660,D,2",,,NTDSA: ,C:\Windows\NTDS\temp.edb,0x22D8 (8920),8920 (0x22d8),9360 (0x2490),,,
2026-09-02T04:46:22.257653Z,"{'#attributes': {'Qualifiers': 0}, '#text': 103}",dc.scaffold.htb,NTDS ISAM,Directory Service,1206,4,,,NTDS,"660,T,97",,,NTDSA: ,0,"
[1] 0.000004 +J(0)
[2] 0.000019 +J(0)
[3] 0.000002 +J(0)
[4] 0.000006 +J(0)
[5] 0.013655 -0.007943 (11) WT +J(0) +M(C:8K, Fs:9, WS:20K # 0K, PF:8K # 0K, P:8K)
[6] 0.000012 +J(0)
[7] 0.000006 +J(0)
[8] 0.035723 -0.016064 (10) WT +J(CM:0, PgRf:0, Rd:0/0, Dy:0/0, Lg:4096/2) +M(C:0K, Fs:14, WS:-136K # 0K, PF:-164K # 0K, P:-164K)
[9] 0.003361 -0.002832 (1) WT +J(CM:0, PgRf:0, Rd:0/0, Dy:0/0, Lg:66/1) +M(C:0K, Fs:2, WS:8K # 0K, PF:0K # 0K, P:0K)
[10] 0.000018 +J(0)
[11] 0.007908 -0.003945 (2) WT +J(0) +M(C:0K, Fs:1, WS:4K # 0K, PF:0K # 0K, P:0K)
[12] 0.000076 +J(0) +M(C:0K, Fs:0, WS:-4K # 0K, PF:-4K # 0K, P:-4K)
[13] 0.000088 +J(0)
[14] 0.000037 +J(0) +M(C:0K, Fs:0, WS:-44K # 0K, PF:-52K # 0K, P:-52K)
[15] 0.000006 +J(0).",0,,,,
2026-09-02T04:46:22.163907Z,"{'#attributes': {'Qualifiers': 16384}, '#text': 2179}",dc.scaffold.htb,Microsoft-Windows-ActiveDirectory_DomainService,Directory Service,1207,4,,10366403936868254078,,,,,,,,,,,,
2026-09-02T04:46:22.257653Z,"{'#attributes': {'Qualifiers': 16384}, '#text': 1004}",dc.scaffold.htb,Microsoft-Windows-ActiveDirectory_DomainService,Directory Service,1208,4,,,,,,,,,,,,,,
2026-09-02T04:54:32.435406Z,"{'#attributes': {'Qualifiers': 32768}, '#text': 3051}",dc.scaffold.htb,Microsoft-Windows-ActiveDirectory_DomainService,Directory Service,1209,3,,,,,,,,,,,,,,
2026-09-02T04:54:32.435406Z,"{'#attributes': {'Qualifiers': 32768}, '#text': 3054}",dc.scaffold.htb,Microsoft-Windows-ActiveDirectory_DomainService,Directory Service,1210,3,,,,,,,,,,,,,,
2026-09-02T04:54:32.638532Z,"{'#attributes': {'Qualifiers': 16384}, '#text': 2121}",dc.scaffold.htb,Microsoft-Windows-ActiveDirectory_DomainService,Directory Service,1211,4,,,,,,,,,,,,,,
2026-09-02T04:54:32.638532Z,"{'#attributes': {'Qualifiers': 16384}, '#text': 2406}",dc.scaffold.htb,Microsoft-Windows-ActiveDirectory_DomainService,Directory Service,1212,4,,Recycle Bin Feature,,,,,,,,,,,,
2026-09-02T04:54:32.638532Z,"{'#attributes': {'Qualifiers': 16384}, '#text': 2406}",dc.scaffold.htb,Microsoft-Windows-ActiveDirectory_DomainService,Directory Service,1213,4,,Privileged Access Management Feature,,,,,,,,,,,,
2026-09-02T04:54:32.638532Z,"{'#attributes': {'Qualifiers': 16384}, '#text': 2168}",dc.scaffold.htb,Microsoft-Windows-ActiveDirectory_DomainService,Directory Service,1214,4,,9305305367874613743,,,,,,,,,,,,
2026-09-02T04:54:32.638532Z,"{'#attributes': {'Qualifiers': 16384}, '#text': 2172}",dc.scaffold.htb,Microsoft-Windows-ActiveDirectory_DomainService,Directory Service,1215,4,,10366403936868254078,,,,,,,,,,,,
2026-09-02T04:54:32.638532Z,"{'#attributes': {'Qualifiers': 32768}, '#text': 2170}",dc.scaffold.htb,Microsoft-Windows-ActiveDirectory_DomainService,Directory Service,1216,3,,,10366403936868254078,9305305367874613743,,,,,,,,,,
2026-09-02T04:54:32.638532Z,"{'#attributes': {'Qualifiers': 16384}, '#text': 1109}",dc.scaffold.htb,Microsoft-Windows-ActiveDirectory_DomainService,Directory Service,1217,4,,,c061e9b4-f0cb-4fab-8632-e9a811bb6bda,45d697ef-6074-4218-988f-8d713ca075ac,,,221236,,,,,,,
2026-09-02T04:54:32.654154Z,"{'#attributes': {'Qualifiers': 16384}, '#text': 2208}",dc.scaffold.htb,Microsoft-Windows-ActiveDirectory_DomainService,Directory Service,1218,4,,,,,,,,,,,,,,
2026-09-02T04:54:32.654154Z,"{'#attributes': {'Qualifiers': 16384}, '#text': 2179}",dc.scaffold.htb,Microsoft-Windows-ActiveDirectory_DomainService,Directory Service,1219,4,,9305305367874613743,,,,,,,,,,,,
2026-09-02T04:54:32.654154Z,"{'#attributes': {'Qualifiers': 16384}, '#text': 2120}",dc.scaffold.htb,Microsoft-Windows-ActiveDirectory_DomainService,Directory Service,1220,4,,,,,,,,,,,,,,
2026-09-02T04:54:32.654154Z,"{'#attributes': {'Qualifiers': 16384}, '#text': 2405}",dc.scaffold.htb,Microsoft-Windows-ActiveDirectory_DomainService,Directory Service,1221,4,,Recycle Bin Feature,,,,,,,,,,,,
2026-09-02T04:54:32.654154Z,"{'#attributes': {'Qualifiers': 16384}, '#text': 2405}",dc.scaffold.htb,Microsoft-Windows-ActiveDirectory_DomainService,Directory Service,1222,4,,Privileged Access Management Feature,,,,,,,,,,,,
2026-09-02T04:54:42.669830Z,"{'#attributes': {'Qualifiers': 32768}, '#text': 2886}",dc.scaffold.htb,Microsoft-Windows-ActiveDirectory_DomainService,Directory Service,1223,3,,,,,,,,,,,,,,
2026-09-02T04:54:42.669830Z,"{'#attributes': {'Qualifiers': 32768}, '#text': 3041}",dc.scaffold.htb,Microsoft-Windows-ActiveDirectory_DomainService,Directory Service,1224,3,,,,,,,,,,,,,,
2026-09-02T04:54:42.669830Z,"{'#attributes': {'Qualifiers': 16384}, '#text': 1000}",dc.scaffold.htb,Microsoft-Windows-ActiveDirectory_DomainService,Directory Service,1225,4,,,,,,,,,,,,,,
2026-09-02T04:55:12.835229Z,"{'#attributes': {'Qualifiers': 16384}, '#text': 1394}",dc.scaffold.htb,Microsoft-Windows-ActiveDirectory_DomainService,Directory Service,1226,4,,,,,,,,,,,,,,
2026-09-02T04:55:46.966656Z,"{'#attributes': {'Qualifiers': 16384}, '#text': 2179}",dc.scaffold.htb,Microsoft-Windows-ActiveDirectory_DomainService,Directory Service,1227,4,,9305305367874613743,,,,,,,,,,,,
2026-09-02T04:55:47.294781Z,"{'#attributes': {'Qualifiers': 16384}, '#text': 1004}",dc.scaffold.htb,Microsoft-Windows-ActiveDirectory_DomainService,Directory Service,1228,4,,,,,,,,,,,,,,
2026-09-02T05:42:14.338646Z,"{'#attributes': {'Qualifiers': 32768}, '#text': 3051}",dc.scaffold.htb,Microsoft-Windows-ActiveDirectory_DomainService,Directory Service,1229,3,,,,,,,,,,,,,,
2026-09-02T05:42:14.338646Z,"{'#attributes': {'Qualifiers': 32768}, '#text': 3054}",dc.scaffold.htb,Microsoft-Windows-ActiveDirectory_DomainService,Directory Service,1230,3,,,,,,,,,,,,,,
2026-09-02T05:42:14.526183Z,"{'#attributes': {'Qualifiers': 16384}, '#text': 2121}",dc.scaffold.htb,Microsoft-Windows-ActiveDirectory_DomainService,Directory Service,1231,4,,,,,,,,,,,,,,
2026-09-02T05:42:14.526183Z,"{'#attributes': {'Qualifiers': 16384}, '#text': 2406}",dc.scaffold.htb,Microsoft-Windows-ActiveDirectory_DomainService,Directory Service,1232,4,,Recycle Bin Feature,,,,,,,,,,,,
2026-09-02T05:42:14.526183Z,"{'#attributes': {'Qualifiers': 16384}, '#text': 2406}",dc.scaffold.htb,Microsoft-Windows-ActiveDirectory_DomainService,Directory Service,1233,4,,Privileged Access Management Feature,,,,,,,,,,,,
2026-09-02T05:42:14.526183Z,"{'#attributes': {'Qualifiers': 16384}, '#text': 2168}",dc.scaffold.htb,Microsoft-Windows-ActiveDirectory_DomainService,Directory Service,1234,4,,17461927220228325829,,,,,,,,,,,,
2026-09-02T05:42:14.526183Z,"{'#attributes': {'Qualifiers': 16384}, '#text': 2172}",dc.scaffold.htb,Microsoft-Windows-ActiveDirectory_DomainService,Directory Service,1235,4,,9305305367874613743,,,,,,,,,,,,
2026-09-02T05:42:14.526183Z,"{'#attributes': {'Qualifiers': 32768}, '#text': 2170}",dc.scaffold.htb,Microsoft-Windows-ActiveDirectory_DomainService,Directory Service,1236,3,,,9305305367874613743,17461927220228325829,,,,,,,,,,
2026-09-02T05:42:14.526183Z,"{'#attributes': {'Qualifiers': 16384}, '#text': 1109}",dc.scaffold.htb,Microsoft-Windows-ActiveDirectory_DomainService,Directory Service,1237,4,,,45d697ef-6074-4218-988f-8d713ca075ac,3a400556-f931-417c-abef-214a5e5325d9,,,225333,,,,,,,
2026-09-02T05:42:14.541778Z,"{'#attributes': {'Qualifiers': 16384}, '#text': 2208}",dc.scaffold.htb,Microsoft-Windows-ActiveDirectory_DomainService,Directory Service,1238,4,,,,,,,,,,,,,,
2026-09-02T05:42:14.541778Z,"{'#attributes': {'Qualifiers': 16384}, '#text': 2179}",dc.scaffold.htb,Microsoft-Windows-ActiveDirectory_DomainService,Directory Service,1239,4,,17461927220228325829,,,,,,,,,,,,
2026-09-02T05:42:14.557389Z,"{'#attributes': {'Qualifiers': 16384}, '#text': 2120}",dc.scaffold.htb,Microsoft-Windows-ActiveDirectory_DomainService,Directory Service,1240,4,,,,,,,,,,,,,,
2026-09-02T05:42:14.557389Z,"{'#attributes': {'Qualifiers': 16384}, '#text': 2405}",dc.scaffold.htb,Microsoft-Windows-ActiveDirectory_DomainService,Directory Service,1241,4,,Recycle Bin Feature,,,,,,,,,,,,
2026-09-02T05:42:14.557389Z,"{'#attributes': {'Qualifiers': 16384}, '#text': 2405}",dc.scaffold.htb,Microsoft-Windows-ActiveDirectory_DomainService,Directory Service,1242,4,,Privileged Access Management Feature,,,,,,,,,,,,
2026-09-02T05:42:24.573036Z,"{'#attributes': {'Qualifiers': 32768}, '#text': 2886}",dc.scaffold.htb,Microsoft-Windows-ActiveDirectory_DomainService,Directory Service,1243,3,,,,,,,,,,,,,,
2026-09-02T05:42:24.573036Z,"{'#attributes': {'Qualifiers': 32768}, '#text': 3041}",dc.scaffold.htb,Microsoft-Windows-ActiveDirectory_DomainService,Directory Service,1244,3,,,,,,,,,,,,,,
2026-09-02T05:42:24.573036Z,"{'#attributes': {'Qualifiers': 16384}, '#text': 1000}",dc.scaffold.htb,Microsoft-Windows-ActiveDirectory_DomainService,Directory Service,1245,4,,,,,,,,,,,,,,
2026-09-02T05:42:54.588637Z,"{'#attributes': {'Qualifiers': 16384}, '#text': 1394}",dc.scaffold.htb,Microsoft-Windows-ActiveDirectory_DomainService,Directory Service,1246,4,,,,,,,,,,,,,,
2026-09-02T05:57:24.807689Z,"{'#attributes': {'Qualifiers': 0}, '#text': 102}",dc.scaffold.htb,NTDS ISAM,Directory Service,1247,4,,,NTDS,"672,P,98",,,NTDSA: ,0,10,00,20348,0000,,
2026-09-02T05:57:24.807689Z,"{'#attributes': {'Qualifiers': 0}, '#text': 105}",dc.scaffold.htb,NTDS ISAM,Directory Service,1248,4,,,NTDS,"672,D,0",,,NTDSA: ,0,0,"
[1] 0.000775 +J(0) +M(C:0K, Fs:82, WS:308K # 0K, PF:3252K # 340K, P:3252K)
[2] 0.000370 +J(0) +M(C:16K, Fs:113, WS:448K # 232K, PF:300K # 300K, P:300K)
[3] 0.000043 +J(0) +M(C:0K, Fs:16, WS:64K # 64K, PF:64K # 64K, P:64K)
[4] 0.004170 -0.000357 (1) WT +J(0) +M(C:0K, Fs:123, WS:416K # 416K, PF:5172K # 5172K, P:5172K)
[5] 0.000388 +J(0) +M(C:0K, Fs:3, WS:12K # 12K, PF:8K # 8K, P:8K)
[6] 0.002166 +J(0) +M(C:0K, Fs:20, WS:80K # 80K, PF:12K # 12K, P:12K)
[7] 0.023049 -0.014943 (21) WT +J(0) +M(C:0K, Fs:2580, WS:10296K # 10296K, PF:10260K # 10260K, P:10260K)
[8] -
[9] -
[10] -
[11] -
[12] -
[13] 0.021250 -0.015000 (22) WT +J(CM:0, PgRf:0, Rd:0/0, Dy:0/0, Lg:616/1) +M(C:0K, Fs:9, WS:-10216K # 24K, PF:-10256K # 12K, P:-10256K)
[14] 0.000020 +J(0)
[15] 0.000263 +J(0) +M(C:0K, Fs:205, WS:820K # 0K, PF:64K # 0K, P:64K)
[16] 0.000365 -0.000176 (1) WT +J(0) +M(C:0K, Fs:3, WS:4K # 0K, PF:0K # 0K, P:0K).",,,,
2026-09-02T05:57:24.807689Z,"{'#attributes': {'Qualifiers': 0}, '#text': 330}",dc.scaffold.htb,NTDS ISAM,Directory Service,1249,4,,,NTDS,"672,D,50",,,NTDSA: ,C:\Windows\NTDS\ntds.dit,0x22D8 (8920),8920 (0x22d8),9360 (0x2490),,,
2026-09-02T05:57:24.807689Z,"{'#attributes': {'Qualifiers': 0}, '#text': 326}",dc.scaffold.htb,NTDS ISAM,Directory Service,1250,4,,,NTDS,"672,D,50",,,NTDSA: ,1,C:\Windows\NTDS\ntds.dit,0,"
[1] 0.000008 +J(0) +M(C:0K, Fs:1, WS:4K # 0K, PF:0K # 0K, P:0K)
[2] 0.000743 -0.000502 (1) WT +J(0) +M(C:0K, Fs:19, WS:12K # 0K, PF:8K # 0K, P:8K)
[3] 0.005284 -0.002741 (6) WT +J(CM:0, PgRf:0, Rd:0/0, Dy:0/0, Lg:3480/2) +M(C:0K, Fs:18, WS:60K # 0K, PF:116K # 0K, P:116K)
[4] 0.000077 +J(0)
[5] -
[6] -
[7] -
[8] 0.001239 -0.000418 (2) CM -0.000323 (2) WT +J(CM:2, PgRf:2, Rd:4/2, Dy:0/0, Lg:0/0) +M(C:16K, Fs:43, WS:164K # 0K, PF:212K # 0K, P:212K)
[9] 0.003156 -0.002567 (9) CM -0.002249 (9) WT +J(CM:9, PgRf:24, Rd:0/9, Dy:0/0, Lg:0/0) +M(C:-8K, Fs:31, WS:104K # 0K, PF:196K # 0K, P:196K)
[10] 0.001008 -0.000732 (4) CM -0.000597 (4) WT +J(CM:4, PgRf:40, Rd:0/4, Dy:0/0, Lg:0/0) +M(C:-4K, Fs:6, WS:12K # 0K, PF:60K # 0K, P:60K)
[11] 0.000043 +J(CM:0, PgRf:1, Rd:0/0, Dy:0/0, Lg:0/0) +M(C:0K, Fs:4, WS:16K # 0K, PF:0K # 0K, P:0K)
[12] 0.000056 +J(CM:0, PgRf:48, Rd:0/0, Dy:0/0, Lg:0/0) +M(C:0K, Fs:2, WS:8K # 0K, PF:0K # 0K, P:0K)
[13] 0.0 +J(0)
[14] 0.0 +J(0)
[15] 0.000005 +J(CM:0, PgRf:1, Rd:0/0, Dy:0/0, Lg:0/0).",0 0,"lgposAttach = 00000003:0310:0268,
dbv = 1568.20.0 (8920)",
2026-09-02T05:57:24.807689Z,"{'#attributes': {'Qualifiers': 0}, '#text': 330}",dc.scaffold.htb,NTDS ISAM,Directory Service,1251,4,,,NTDS,"672,D,2",,,NTDSA: ,C:\Windows\NTDS\temp.edb,0x22D8 (8920),8920 (0x22d8),9360 (0x2490),,,
2026-09-02T05:57:24.807689Z,"{'#attributes': {'Qualifiers': 0}, '#text': 700}",dc.scaffold.htb,NTDS ISAM,Directory Service,1252,4,,,NTDS,"672,D,0",,,NTDSA: ,C:\Windows\NTDS\ntds.dit,,,,,,
2026-09-02T05:57:25.260822Z,"{'#attributes': {'Qualifiers': 0}, '#text': 701}",dc.scaffold.htb,NTDS ISAM,Directory Service,1253,4,,,NTDS,"672,D,0",,,NTDSA: ,C:\Windows\NTDS\ntds.dit,0,9/1/2026,0,1,1,25
2026-09-02T05:57:24.776447Z,"{'#attributes': {'Qualifiers': 16384}, '#text': 3033}",dc.scaffold.htb,Microsoft-Windows-ActiveDirectory_DomainService,Directory Service,1254,4,,,,,,,,,,,,,,
2026-09-02T05:57:24.776447Z,"{'#attributes': {'Qualifiers': 16384}, '#text': 3027}",dc.scaffold.htb,Microsoft-Windows-ActiveDirectory_DomainService,Directory Service,1255,4,,3600,,,,,,,,,,,,
2026-09-02T05:57:24.807689Z,"{'#attributes': {'Qualifiers': 16384}, '#text': 1869}",dc.scaffold.htb,Microsoft-Windows-ActiveDirectory_DomainService,Directory Service,1256,4,,,\\dc.scaffold.htb,Default-First-Site-Name,,,,,,,,,,
2026-09-02T06:00:40.573315Z,"{'#attributes': {'Qualifiers': 16384}, '#text': 2179}",dc.scaffold.htb,Microsoft-Windows-ActiveDirectory_DomainService,Directory Service,1257,4,,17461927220228325829,,,,,,,,,,,,
2026-09-02T06:00:40.729564Z,"{'#attributes': {'Qualifiers': 16384}, '#text': 1004}",dc.scaffold.htb,Microsoft-Windows-ActiveDirectory_DomainService,Directory Service,1258,4,,,,,,,,,,,,,,
2026-09-08T02:17:50.294246Z,"{'#attributes': {'Qualifiers': 32768}, '#text': 3051}",dc.scaffold.htb,Microsoft-Windows-ActiveDirectory_DomainService,Directory Service,1259,3,,,,,,,,,,,,,,
2026-09-08T02:17:50.294246Z,"{'#attributes': {'Qualifiers': 32768}, '#text': 3054}",dc.scaffold.htb,Microsoft-Windows-ActiveDirectory_DomainService,Directory Service,1260,3,,,,,,,,,,,,,,
2026-09-08T02:17:50.497368Z,"{'#attributes': {'Qualifiers': 16384}, '#text': 2121}",dc.scaffold.htb,Microsoft-Windows-ActiveDirectory_DomainService,Directory Service,1261,4,,,,,,,,,,,,,,
2026-09-08T02:17:50.497368Z,"{'#attributes': {'Qualifiers': 16384}, '#text': 2406}",dc.scaffold.htb,Microsoft-Windows-ActiveDirectory_DomainService,Directory Service,1262,4,,Recycle Bin Feature,,,,,,,,,,,,
2026-09-08T02:17:50.497368Z,"{'#attributes': {'Qualifiers': 16384}, '#text': 2406}",dc.scaffold.htb,Microsoft-Windows-ActiveDirectory_DomainService,Directory Service,1263,4,,Privileged Access Management Feature,,,,,,,,,,,,
2026-09-08T02:17:50.497368Z,"{'#attributes': {'Qualifiers': 16384}, '#text': 2168}",dc.scaffold.htb,Microsoft-Windows-ActiveDirectory_DomainService,Directory Service,1264,4,,16342153456212250091,,,,,,,,,,,,
2026-09-08T02:17:50.497368Z,"{'#attributes': {'Qualifiers': 16384}, '#text': 2172}",dc.scaffold.htb,Microsoft-Windows-ActiveDirectory_DomainService,Directory Service,1265,4,,17461927220228325829,,,,,,,,,,,,
2026-09-08T02:17:50.497368Z,"{'#attributes': {'Qualifiers': 32768}, '#text': 2170}",dc.scaffold.htb,Microsoft-Windows-ActiveDirectory_DomainService,Directory Service,1266,3,,,17461927220228325829,16342153456212250091,,,,,,,,,,
2026-09-08T02:17:50.497368Z,"{'#attributes': {'Qualifiers': 16384}, '#text': 1109}",dc.scaffold.htb,Microsoft-Windows-ActiveDirectory_DomainService,Directory Service,1267,4,,,3a400556-f931-417c-abef-214a5e5325d9,cbeba683-dfd6-4693-9cc7-a218b5c6d168,,,229430,,,,,,,
2026-09-08T02:17:50.512995Z,"{'#attributes': {'Qualifiers': 16384}, '#text': 2208}",dc.scaffold.htb,Microsoft-Windows-ActiveDirectory_DomainService,Directory Service,1268,4,,,,,,,,,,,,,,
2026-09-08T02:17:50.512995Z,"{'#attributes': {'Qualifiers': 16384}, '#text': 2179}",dc.scaffold.htb,Microsoft-Windows-ActiveDirectory_DomainService,Directory Service,1269,4,,16342153456212250091,,,,,,,,,,,,
2026-09-08T02:17:50.512995Z,"{'#attributes': {'Qualifiers': 16384}, '#text': 2120}",dc.scaffold.htb,Microsoft-Windows-ActiveDirectory_DomainService,Directory Service,1270,4,,,,,,,,,,,,,,
2026-09-08T02:17:50.512995Z,"{'#attributes': {'Qualifiers': 16384}, '#text': 2405}",dc.scaffold.htb,Microsoft-Windows-ActiveDirectory_DomainService,Directory Service,1271,4,,Recycle Bin Feature,,,,,,,,,,,,
2026-09-08T02:17:50.512995Z,"{'#attributes': {'Qualifiers': 16384}, '#text': 2405}",dc.scaffold.htb,Microsoft-Windows-ActiveDirectory_DomainService,Directory Service,1272,4,,Privileged Access Management Feature,,,,,,,,,,,,
2026-09-08T02:18:00.528662Z,"{'#attributes': {'Qualifiers': 32768}, '#text': 2886}",dc.scaffold.htb,Microsoft-Windows-ActiveDirectory_DomainService,Directory Service,1273,3,,,,,,,,,,,,,,
2026-09-08T02:18:00.528662Z,"{'#attributes': {'Qualifiers': 32768}, '#text': 3041}",dc.scaffold.htb,Microsoft-Windows-ActiveDirectory_DomainService,Directory Service,1274,3,,,,,,,,,,,,,,
2026-09-08T02:18:00.528662Z,"{'#attributes': {'Qualifiers': 16384}, '#text': 1000}",dc.scaffold.htb,Microsoft-Windows-ActiveDirectory_DomainService,Directory Service,1275,4,,,,,,,,,,,,,,
2026-09-08T02:18:30.528618Z,"{'#attributes': {'Qualifiers': 16384}, '#text': 1394}",dc.scaffold.htb,Microsoft-Windows-ActiveDirectory_DomainService,Directory Service,1276,4,,,,,,,,,,,,,,
2026-09-08T02:33:00.607007Z,"{'#attributes': {'Qualifiers': 0}, '#text': 102}",dc.scaffold.htb,NTDS ISAM,Directory Service,1277,4,,,NTDS,"680,P,98",,,NTDSA: ,0,10,00,20348,0000,,
2026-09-08T02:33:00.607007Z,"{'#attributes': {'Qualifiers': 0}, '#text': 105}",dc.scaffold.htb,NTDS ISAM,Directory Service,1278,4,,,NTDS,"680,D,0",,,NTDSA: ,0,0,"
[1] 0.001031 +J(0) +M(C:0K, Fs:79, WS:300K # 0K, PF:2380K # 0K, P:2380K)
[2] 0.000351 +J(0) +M(C:16K, Fs:125, WS:496K # 272K, PF:1156K # 628K, P:1156K)
[3] 0.000037 +J(0) +M(C:0K, Fs:5, WS:20K # 20K, PF:64K # 64K, P:64K)
[4] 0.004160 -0.000371 (1) WT +J(0) +M(C:0K, Fs:121, WS:408K # 408K, PF:5168K # 5168K, P:5168K)
[5] 0.000381 +J(0) +M(C:0K, Fs:3, WS:12K # 12K, PF:8K # 8K, P:8K)
[6] 0.002356 +J(0) +M(C:0K, Fs:20, WS:80K # 80K, PF:12K # 12K, P:12K)
[7] 0.022932 -0.014596 (21) WT +J(0) +M(C:0K, Fs:2580, WS:10296K # 10296K, PF:10260K # 10260K, P:10260K)
[8] -
[9] -
[10] -
[11] -
[12] -
[13] 0.021369 -0.015179 (22) WT +J(CM:0, PgRf:0, Rd:0/0, Dy:0/0, Lg:616/1) +M(C:0K, Fs:9, WS:-10216K # 24K, PF:-10256K # 12K, P:-10256K)
[14] 0.000019 +J(0)
[15] 0.000251 +J(0) +M(C:0K, Fs:205, WS:820K # 0K, PF:64K # 0K, P:64K)
[16] 0.000610 -0.000411 (1) WT +J(0) +M(C:0K, Fs:4, WS:4K # 0K, PF:0K # 0K, P:0K).",,,,
2026-09-08T02:33:00.607007Z,"{'#attributes': {'Qualifiers': 0}, '#text': 330}",dc.scaffold.htb,NTDS ISAM,Directory Service,1279,4,,,NTDS,"680,D,50",,,NTDSA: ,C:\Windows\NTDS\ntds.dit,0x22D8 (8920),8920 (0x22d8),9360 (0x2490),,,
2026-09-08T02:33:00.607007Z,"{'#attributes': {'Qualifiers': 0}, '#text': 326}",dc.scaffold.htb,NTDS ISAM,Directory Service,1280,4,,,NTDS,"680,D,50",,,NTDSA: ,1,C:\Windows\NTDS\ntds.dit,0,"
[1] 0.000009 +J(0) +M(C:0K, Fs:1, WS:4K # 0K, PF:0K # 0K, P:0K)
[2] 0.000587 -0.000396 (1) WT +J(0) +M(C:0K, Fs:20, WS:12K # 0K, PF:12K # 0K, P:12K)
[3] 0.005420 -0.002343 (6) WT +J(CM:0, PgRf:0, Rd:0/0, Dy:0/0, Lg:3480/2) +M(C:0K, Fs:17, WS:56K # 0K, PF:112K # 0K, P:112K)
[4] 0.000079 +J(0)
[5] -
[6] -
[7] -
[8] 0.001062 -0.000386 (2) CM -0.000315 (2) WT +J(CM:2, PgRf:2, Rd:4/2, Dy:0/0, Lg:0/0) +M(C:16K, Fs:43, WS:164K # 0K, PF:212K # 0K, P:212K)
[9] 0.002710 -0.002111 (9) CM -0.001835 (9) WT +J(CM:9, PgRf:24, Rd:0/9, Dy:0/0, Lg:0/0) +M(C:-8K, Fs:31, WS:104K # 0K, PF:196K # 0K, P:196K)
[10] 0.000896 -0.000656 (4) CM -0.000535 (4) WT +J(CM:4, PgRf:40, Rd:0/4, Dy:0/0, Lg:0/0) +M(C:-4K, Fs:6, WS:12K # 0K, PF:60K # 0K, P:60K)
[11] 0.000038 +J(CM:0, PgRf:1, Rd:0/0, Dy:0/0, Lg:0/0) +M(C:0K, Fs:4, WS:16K # 0K, PF:0K # 0K, P:0K)
[12] 0.000055 +J(CM:0, PgRf:48, Rd:0/0, Dy:0/0, Lg:0/0) +M(C:0K, Fs:2, WS:8K # 0K, PF:0K # 0K, P:0K)
[13] 0.0 +J(0)
[14] 0.0 +J(0)
[15] 0.000004 +J(CM:0, PgRf:1, Rd:0/0, Dy:0/0, Lg:0/0).",0 0,"lgposAttach = 00000003:0338:0268,
dbv = 1568.20.0 (8920)",
2026-09-08T02:33:00.607007Z,"{'#attributes': {'Qualifiers': 0}, '#text': 330}",dc.scaffold.htb,NTDS ISAM,Directory Service,1281,4,,,NTDS,"680,D,2",,,NTDSA: ,C:\Windows\NTDS\temp.edb,0x22D8 (8920),8920 (0x22d8),9360 (0x2490),,,
2026-09-08T02:33:00.607007Z,"{'#attributes': {'Qualifiers': 0}, '#text': 700}",dc.scaffold.htb,NTDS ISAM,Directory Service,1282,4,,,NTDS,"680,D,0",,,NTDSA: ,C:\Windows\NTDS\ntds.dit,,,,,,
2026-09-08T02:33:00.841385Z,"{'#attributes': {'Qualifiers': 0}, '#text': 701}",dc.scaffold.htb,NTDS ISAM,Directory Service,1283,4,,,NTDS,"680,D,0",,,NTDSA: ,C:\Windows\NTDS\ntds.dit,2,9/7/2026,0,1,1,26
2026-09-08T02:33:00.607007Z,"{'#attributes': {'Qualifiers': 16384}, '#text': 3033}",dc.scaffold.htb,Microsoft-Windows-ActiveDirectory_DomainService,Directory Service,1284,4,,,,,,,,,,,,,,
2026-09-08T02:33:00.607007Z,"{'#attributes': {'Qualifiers': 16384}, '#text': 3027}",dc.scaffold.htb,Microsoft-Windows-ActiveDirectory_DomainService,Directory Service,1285,4,,3600,,,,,,,,,,,,
2026-09-08T02:33:00.607007Z,"{'#attributes': {'Qualifiers': 16384}, '#text': 1869}",dc.scaffold.htb,Microsoft-Windows-ActiveDirectory_DomainService,Directory Service,1286,4,,,\\dc.scaffold.htb,Default-First-Site-Name,,,,,,,,,,
2026-09-08T03:00:48.935130Z,"{'#attributes': {'Qualifiers': 16384}, '#text': 2179}",dc.scaffold.htb,Microsoft-Windows-ActiveDirectory_DomainService,Directory Service,1287,4,,16342153456212250091,,,,,,,,,,,,
2026-09-08T03:00:49.310128Z,"{'#attributes': {'Qualifiers': 16384}, '#text': 1004}",dc.scaffold.htb,Microsoft-Windows-ActiveDirectory_DomainService,Directory Service,1288,4,,,,,,,,,,,,,,
2026-09-08T04:34:28.590954Z,"{'#attributes': {'Qualifiers': 32768}, '#text': 3051}",dc.scaffold.htb,Microsoft-Windows-ActiveDirectory_DomainService,Directory Service,1289,3,,,,,,,,,,,,,,
2026-09-08T04:34:28.590954Z,"{'#attributes': {'Qualifiers': 32768}, '#text': 3054}",dc.scaffold.htb,Microsoft-Windows-ActiveDirectory_DomainService,Directory Service,1290,3,,,,,,,,,,,,,,
2026-09-08T04:34:28.794054Z,"{'#attributes': {'Qualifiers': 16384}, '#text': 2121}",dc.scaffold.htb,Microsoft-Windows-ActiveDirectory_DomainService,Directory Service,1291,4,,,,,,,,,,,,,,
2026-09-08T04:34:28.794054Z,"{'#attributes': {'Qualifiers': 16384}, '#text': 2406}",dc.scaffold.htb,Microsoft-Windows-ActiveDirectory_DomainService,Directory Service,1292,4,,Recycle Bin Feature,,,,,,,,,,,,
2026-09-08T04:34:28.794054Z,"{'#attributes': {'Qualifiers': 16384}, '#text': 2406}",dc.scaffold.htb,Microsoft-Windows-ActiveDirectory_DomainService,Directory Service,1293,4,,Privileged Access Management Feature,,,,,,,,,,,,
2026-09-08T04:34:28.794054Z,"{'#attributes': {'Qualifiers': 16384}, '#text': 2168}",dc.scaffold.htb,Microsoft-Windows-ActiveDirectory_DomainService,Directory Service,1294,4,,17012706603650086736,,,,,,,,,,,,
2026-09-08T04:34:28.794054Z,"{'#attributes': {'Qualifiers': 16384}, '#text': 2172}",dc.scaffold.htb,Microsoft-Windows-ActiveDirectory_DomainService,Directory Service,1295,4,,16342153456212250091,,,,,,,,,,,,
2026-09-08T04:34:28.794054Z,"{'#attributes': {'Qualifiers': 32768}, '#text': 2170}",dc.scaffold.htb,Microsoft-Windows-ActiveDirectory_DomainService,Directory Service,1296,3,,,16342153456212250091,17012706603650086736,,,,,,,,,,
2026-09-08T04:34:28.794054Z,"{'#attributes': {'Qualifiers': 16384}, '#text': 1109}",dc.scaffold.htb,Microsoft-Windows-ActiveDirectory_DomainService,Directory Service,1297,4,,,cbeba683-dfd6-4693-9cc7-a218b5c6d168,7fddf423-4e9b-413b-a2fd-434f1111a42c,,,233527,,,,,,,
2026-09-08T04:34:28.809681Z,"{'#attributes': {'Qualifiers': 16384}, '#text': 2208}",dc.scaffold.htb,Microsoft-Windows-ActiveDirectory_DomainService,Directory Service,1298,4,,,,,,,,,,,,,,
2026-09-08T04:34:28.809681Z,"{'#attributes': {'Qualifiers': 16384}, '#text': 2179}",dc.scaffold.htb,Microsoft-Windows-ActiveDirectory_DomainService,Directory Service,1299,4,,17012706603650086736,,,,,,,,,,,,
2026-09-08T04:34:28.825309Z,"{'#attributes': {'Qualifiers': 16384}, '#text': 2120}",dc.scaffold.htb,Microsoft-Windows-ActiveDirectory_DomainService,Directory Service,1300,4,,,,,,,,,,,,,,
2026-09-08T04:34:28.825309Z,"{'#attributes': {'Qualifiers': 16384}, '#text': 2405}",dc.scaffold.htb,Microsoft-Windows-ActiveDirectory_DomainService,Directory Service,1301,4,,Recycle Bin Feature,,,,,,,,,,,,
2026-09-08T04:34:28.825309Z,"{'#attributes': {'Qualifiers': 16384}, '#text': 2405}",dc.scaffold.htb,Microsoft-Windows-ActiveDirectory_DomainService,Directory Service,1302,4,,Privileged Access Management Feature,,,,,,,,,,,,
2026-09-08T04:34:38.840990Z,"{'#attributes': {'Qualifiers': 32768}, '#text': 2886}",dc.scaffold.htb,Microsoft-Windows-ActiveDirectory_DomainService,Directory Service,1303,3,,,,,,,,,,,,,,
2026-09-08T04:34:38.840990Z,"{'#attributes': {'Qualifiers': 32768}, '#text': 3041}",dc.scaffold.htb,Microsoft-Windows-ActiveDirectory_DomainService,Directory Service,1304,3,,,,,,,,,,,,,,
2026-09-08T04:34:38.840990Z,"{'#attributes': {'Qualifiers': 16384}, '#text': 1000}",dc.scaffold.htb,Microsoft-Windows-ActiveDirectory_DomainService,Directory Service,1305,4,,,,,,,,,,,,,,
2026-09-08T04:35:08.966048Z,"{'#attributes': {'Qualifiers': 16384}, '#text': 1394}",dc.scaffold.htb,Microsoft-Windows-ActiveDirectory_DomainService,Directory Service,1306,4,,,,,,,,,,,,,,
2026-09-08T04:38:14.840932Z,"{'#attributes': {'Qualifiers': 16384}, '#text': 2179}",dc.scaffold.htb,Microsoft-Windows-ActiveDirectory_DomainService,Directory Service,1307,4,,17012706603650086736,,,,,,,,,,,,
2026-09-08T04:38:15.325307Z,"{'#attributes': {'Qualifiers': 16384}, '#text': 1004}",dc.scaffold.htb,Microsoft-Windows-ActiveDirectory_DomainService,Directory Service,1308,4,,,,,,,,,,,,,,
2026-09-20T11:18:58.797765Z,"{'#attributes': {'Qualifiers': 32768}, '#text': 3051}",dc.scaffold.htb,Microsoft-Windows-ActiveDirectory_DomainService,Directory Service,1309,3,,,,,,,,,,,,,,
2026-09-20T11:18:58.797765Z,"{'#attributes': {'Qualifiers': 32768}, '#text': 3054}",dc.scaffold.htb,Microsoft-Windows-ActiveDirectory_DomainService,Directory Service,1310,3,,,,,,,,,,,,,,
2026-09-20T11:18:58.969637Z,"{'#attributes': {'Qualifiers': 16384}, '#text': 2121}",dc.scaffold.htb,Microsoft-Windows-ActiveDirectory_DomainService,Directory Service,1311,4,,,,,,,,,,,,,,
2026-09-20T11:18:58.969637Z,"{'#attributes': {'Qualifiers': 16384}, '#text': 2406}",dc.scaffold.htb,Microsoft-Windows-ActiveDirectory_DomainService,Directory Service,1312,4,,Recycle Bin Feature,,,,,,,,,,,,
2026-09-20T11:18:58.969637Z,"{'#attributes': {'Qualifiers': 16384}, '#text': 2406}",dc.scaffold.htb,Microsoft-Windows-ActiveDirectory_DomainService,Directory Service,1313,4,,Privileged Access Management Feature,,,,,,,,,,,,
2026-09-20T11:18:58.969637Z,"{'#attributes': {'Qualifiers': 16384}, '#text': 2168}",dc.scaffold.htb,Microsoft-Windows-ActiveDirectory_DomainService,Directory Service,1314,4,,12208309084313324016,,,,,,,,,,,,
2026-09-20T11:18:58.969637Z,"{'#attributes': {'Qualifiers': 16384}, '#text': 2172}",dc.scaffold.htb,Microsoft-Windows-ActiveDirectory_DomainService,Directory Service,1315,4,,17012706603650086736,,,,,,,,,,,,
2026-09-20T11:18:58.969637Z,"{'#attributes': {'Qualifiers': 32768}, '#text': 2170}",dc.scaffold.htb,Microsoft-Windows-ActiveDirectory_DomainService,Directory Service,1316,3,,,17012706603650086736,12208309084313324016,,,,,,,,,,
2026-09-20T11:18:58.969637Z,"{'#attributes': {'Qualifiers': 16384}, '#text': 1109}",dc.scaffold.htb,Microsoft-Windows-ActiveDirectory_DomainService,Directory Service,1317,4,,,7fddf423-4e9b-413b-a2fd-434f1111a42c,2fdbe714-b22d-4ca2-8263-bdf7b53e5e22,,,237624,,,,,,,
2026-09-20T11:18:58.985261Z,"{'#attributes': {'Qualifiers': 16384}, '#text': 2208}",dc.scaffold.htb,Microsoft-Windows-ActiveDirectory_DomainService,Directory Service,1318,4,,,,,,,,,,,,,,
2026-09-20T11:18:58.985261Z,"{'#attributes': {'Qualifiers': 16384}, '#text': 2179}",dc.scaffold.htb,Microsoft-Windows-ActiveDirectory_DomainService,Directory Service,1319,4,,12208309084313324016,,,,,,,,,,,,
2026-09-20T11:18:58.985261Z,"{'#attributes': {'Qualifiers': 16384}, '#text': 2120}",dc.scaffold.htb,Microsoft-Windows-ActiveDirectory_DomainService,Directory Service,1320,4,,,,,,,,,,,,,,
2026-09-20T11:18:58.985261Z,"{'#attributes': {'Qualifiers': 16384}, '#text': 2405}",dc.scaffold.htb,Microsoft-Windows-ActiveDirectory_DomainService,Directory Service,1321,4,,Recycle Bin Feature,,,,,,,,,,,,
2026-09-20T11:18:58.985261Z,"{'#attributes': {'Qualifiers': 16384}, '#text': 2405}",dc.scaffold.htb,Microsoft-Windows-ActiveDirectory_DomainService,Directory Service,1322,4,,Privileged Access Management Feature,,,,,,,,,,,,
2026-09-20T11:19:09.000895Z,"{'#attributes': {'Qualifiers': 32768}, '#text': 2886}",dc.scaffold.htb,Microsoft-Windows-ActiveDirectory_DomainService,Directory Service,1323,3,,,,,,,,,,,,,,
2026-09-20T11:19:09.000895Z,"{'#attributes': {'Qualifiers': 32768}, '#text': 3041}",dc.scaffold.htb,Microsoft-Windows-ActiveDirectory_DomainService,Directory Service,1324,3,,,,,,,,,,,,,,
2026-09-20T11:19:09.000895Z,"{'#attributes': {'Qualifiers': 16384}, '#text': 1000}",dc.scaffold.htb,Microsoft-Windows-ActiveDirectory_DomainService,Directory Service,1325,4,,,,,,,,,,,,,,
2026-09-20T11:19:39.000887Z,"{'#attributes': {'Qualifiers': 16384}, '#text': 1394}",dc.scaffold.htb,Microsoft-Windows-ActiveDirectory_DomainService,Directory Service,1326,4,,,,,,,,,,,,,,
2026-09-20T11:34:09.048102Z,"{'#attributes': {'Qualifiers': 0}, '#text': 102}",dc.scaffold.htb,NTDS ISAM,Directory Service,1327,4,,,NTDS,"692,P,98",,,NTDSA: ,0,10,00,20348,0000,,
2026-09-20T11:34:09.048102Z,"{'#attributes': {'Qualifiers': 0}, '#text': 105}",dc.scaffold.htb,NTDS ISAM,Directory Service,1328,4,,,NTDS,"692,D,0",,,NTDSA: ,0,0,"
[1] 0.000502 +J(0) +M(C:0K, Fs:83, WS:312K # 0K, PF:2424K # 0K, P:2424K)
[2] 0.000318 +J(0) +M(C:16K, Fs:130, WS:508K # 288K, PF:1180K # 656K, P:1180K)
[3] 0.000064 +J(0) +M(C:0K, Fs:5, WS:20K # 20K, PF:64K # 64K, P:64K)
[4] 0.002937 -0.000307 (1) WT +J(0) +M(C:0K, Fs:124, WS:416K # 416K, PF:5184K # 5184K, P:5184K)
[5] 0.000312 +J(0) +M(C:0K, Fs:3, WS:12K # 12K, PF:4K # 4K, P:4K)
[6] 0.001953 +J(0) +M(C:0K, Fs:20, WS:80K # 80K, PF:12K # 12K, P:12K)
[7] 0.013480 -0.007888 (21) WT +J(0) +M(C:0K, Fs:2579, WS:10296K # 10296K, PF:10260K # 10260K, P:10260K)
[8] -
[9] -
[10] -
[11] -
[12] -
[13] 0.011756 -0.005821 (22) WT +J(CM:0, PgRf:0, Rd:0/0, Dy:0/0, Lg:616/1) +M(C:0K, Fs:9, WS:-10216K # 24K, PF:-10252K # 12K, P:-10252K)
[14] 0.000019 +J(0)
[15] 0.000177 +J(0) +M(C:0K, Fs:206, WS:820K # 0K, PF:68K # 0K, P:68K)
[16] 0.000271 -0.000132 (1) WT +J(0) +M(C:0K, Fs:4, WS:8K # 0K, PF:4K # 0K, P:4K).",,,,
2026-09-20T11:34:09.048102Z,"{'#attributes': {'Qualifiers': 0}, '#text': 330}",dc.scaffold.htb,NTDS ISAM,Directory Service,1329,4,,,NTDS,"692,D,50",,,NTDSA: ,C:\Windows\NTDS\ntds.dit,0x22D8 (8920),8920 (0x22d8),9360 (0x2490),,,
2026-09-20T11:34:09.048102Z,"{'#attributes': {'Qualifiers': 0}, '#text': 326}",dc.scaffold.htb,NTDS ISAM,Directory Service,1330,4,,,NTDS,"692,D,50",,,NTDSA: ,1,C:\Windows\NTDS\ntds.dit,0,"
[1] 0.000006 +J(0) +M(C:0K, Fs:1, WS:4K # 0K, PF:0K # 0K, P:0K)
[2] 0.000387 -0.000265 (1) WT +J(0) +M(C:0K, Fs:19, WS:12K # 0K, PF:8K # 0K, P:8K)
[3] 0.002852 -0.001447 (6) WT +J(CM:0, PgRf:0, Rd:0/0, Dy:0/0, Lg:3480/2) +M(C:0K, Fs:17, WS:60K # 0K, PF:128K # 0K, P:128K)
[4] 0.000050 +J(0)
[5] -
[6] -
[7] -
[8] 0.000757 -0.000322 (2) CM -0.000269 (2) WT +J(CM:2, PgRf:2, Rd:4/2, Dy:0/0, Lg:0/0) +M(C:16K, Fs:43, WS:164K # 0K, PF:212K # 0K, P:212K)
[9] 0.018308 -0.017896 (9) CM -0.001277 (9) WT +J(CM:9, PgRf:24, Rd:0/9, Dy:0/0, Lg:0/0) +M(C:-8K, Fs:31, WS:104K # 0K, PF:196K # 0K, P:196K)
[10] 0.001072 -0.000760 (4) CM -0.000576 (4) WT +J(CM:4, PgRf:40, Rd:0/4, Dy:0/0, Lg:0/0) +M(C:-4K, Fs:6, WS:12K # 0K, PF:60K # 0K, P:60K)
[11] 0.000034 +J(CM:0, PgRf:1, Rd:0/0, Dy:0/0, Lg:0/0) +M(C:0K, Fs:4, WS:16K # 0K, PF:0K # 0K, P:0K)
[12] 0.000045 +J(CM:0, PgRf:48, Rd:0/0, Dy:0/0, Lg:0/0) +M(C:0K, Fs:2, WS:8K # 0K, PF:0K # 0K, P:0K)
[13] 0.0 +J(0)
[14] 0.0 +J(0)
[15] 0.000003 +J(CM:0, PgRf:1, Rd:0/0, Dy:0/0, Lg:0/0).",0 0,"lgposAttach = 00000003:037C:0268,
dbv = 1568.20.0 (8920)",
2026-09-20T11:34:09.048102Z,"{'#attributes': {'Qualifiers': 0}, '#text': 330}",dc.scaffold.htb,NTDS ISAM,Directory Service,1331,4,,,NTDS,"692,D,2",,,NTDSA: ,C:\Windows\NTDS\temp.edb,0x22D8 (8920),8920 (0x22d8),9360 (0x2490),,,
2026-09-20T11:34:09.048102Z,"{'#attributes': {'Qualifiers': 0}, '#text': 700}",dc.scaffold.htb,NTDS ISAM,Directory Service,1332,4,,,NTDS,"692,D,0",,,NTDSA: ,C:\Windows\NTDS\ntds.dit,,,,,,
2026-09-20T11:34:09.188728Z,"{'#attributes': {'Qualifiers': 0}, '#text': 701}",dc.scaffold.htb,NTDS ISAM,Directory Service,1333,4,,,NTDS,"692,D,0",,,NTDSA: ,C:\Windows\NTDS\ntds.dit,2,9/20/2026,0,1,1,27
2026-09-20T11:34:09.048102Z,"{'#attributes': {'Qualifiers': 16384}, '#text': 3033}",dc.scaffold.htb,Microsoft-Windows-ActiveDirectory_DomainService,Directory Service,1334,4,,,,,,,,,,,,,,
2026-09-20T11:34:09.048102Z,"{'#attributes': {'Qualifiers': 16384}, '#text': 3027}",dc.scaffold.htb,Microsoft-Windows-ActiveDirectory_DomainService,Directory Service,1335,4,,3600,,,,,,,,,,,,
2026-09-20T11:34:09.048102Z,"{'#attributes': {'Qualifiers': 16384}, '#text': 1869}",dc.scaffold.htb,Microsoft-Windows-ActiveDirectory_DomainService,Directory Service,1336,4,,,\\dc.scaffold.htb,Default-First-Site-Name,,,,,,,,,,
2026-09-20T12:19:09.001253Z,"{'#attributes': {'Qualifiers': 32768}, '#text': 2089}",dc.scaffold.htb,Microsoft-Windows-ActiveDirectory_DomainService,Directory Service,1337,3,,,"DC=scaffold,DC=htb",90,,,System\CurrentControlSet\Services\NTDS\Parameters,Backup Latency Threshold (days),,,,,,
2026-09-20T12:19:09.001253Z,"{'#attributes': {'Qualifiers': 32768}, '#text': 2089}",dc.scaffold.htb,Microsoft-Windows-ActiveDirectory_DomainService,Directory Service,1338,3,,,"CN=Configuration,DC=scaffold,DC=htb",90,,,System\CurrentControlSet\Services\NTDS\Parameters,Backup Latency Threshold (days),,,,,,
2026-09-20T12:19:09.001253Z,"{'#attributes': {'Qualifiers': 32768}, '#text': 2089}",dc.scaffold.htb,Microsoft-Windows-ActiveDirectory_DomainService,Directory Service,1339,3,,,"CN=Schema,CN=Configuration,DC=scaffold,DC=htb",90,,,System\CurrentControlSet\Services\NTDS\Parameters,Backup Latency Threshold (days),,,,,,
2026-09-20T12:19:09.001253Z,"{'#attributes': {'Qualifiers': 32768}, '#text': 2089}",dc.scaffold.htb,Microsoft-Windows-ActiveDirectory_DomainService,Directory Service,1340,3,,,"DC=DomainDnsZones,DC=scaffold,DC=htb",90,,,System\CurrentControlSet\Services\NTDS\Parameters,Backup Latency Threshold (days),,,,,,
2026-09-20T12:19:09.001253Z,"{'#attributes': {'Qualifiers': 32768}, '#text': 2089}",dc.scaffold.htb,Microsoft-Windows-ActiveDirectory_DomainService,Directory Service,1341,3,,,"DC=ForestDnsZones,DC=scaffold,DC=htb",90,,,System\CurrentControlSet\Services\NTDS\Parameters,Backup Latency Threshold (days),,,,,,
