2026-09-01T21:46:48.873765Z,"{'#attributes': {'Qualifiers': 16384}, '#text': 1394}",dc.scaffold.htb,Microsoft-Windows-ActiveDirectory_DomainService,Directory Service,978,4,,,,,,,,,,,,,,
2026-09-01T22:01:19.013553Z,"{'#attributes': {'Qualifiers': 0}, '#text': 102}",dc.scaffold.htb,NTDS ISAM,Directory Service,979,4,,,NTDS,"700,P,98",,,NTDSA: ,0,10,00,20348,0000,,
2026-09-01T22:01:19.013553Z,"{'#attributes': {'Qualifiers': 0}, '#text': 105}",dc.scaffold.htb,NTDS ISAM,Directory Service,980,4,,,NTDS,"700,D,0",,,NTDSA: ,0,0,"
[1] 0.000956 +J(0) +M(C:0K, Fs:120, WS:464K # 0K, PF:3248K # 344K, P:3248K)
[2] 0.001495 +J(0) +M(C:16K, Fs:85, WS:332K # 272K, PF:288K # 288K, P:288K)
[3] 0.000943 +J(0) +M(C:0K, Fs:5, WS:20K # 20K, PF:64K # 64K, P:64K)
[4] 0.014481 -0.000498 (1) WT +J(0) +M(C:0K, Fs:122, WS:408K # 408K, PF:5168K # 5168K, P:5168K)
[5] 0.001042 +J(0) +M(C:0K, Fs:5, WS:20K # 20K, PF:16K # 16K, P:16K)
[6] 0.003728 +J(0) +M(C:0K, Fs:20, WS:80K # 80K, PF:12K # 12K, P:12K)
[7] 0.048944 -0.039953 (21) WT +J(0) +M(C:0K, Fs:2579, WS:10296K # 10296K, PF:10260K # 10260K, P:10260K)
[8] -
[9] -
[10] -
[11] -
[12] -
[13] 0.030421 -0.021402 (22) WT +J(CM:0, PgRf:0, Rd:0/0, Dy:0/0, Lg:616/1) +M(C:0K, Fs:8, WS:-10216K # 24K, PF:-10256K # 12K, P:-10256K)
[14] 0.000024 +J(0)
[15] 0.000280 +J(0) +M(C:0K, Fs:206, WS:820K # 0K, PF:68K # 0K, P:68K)
[16] 0.001004 -0.000802 (1) WT +J(0) +M(C:0K, Fs:3, WS:4K # 0K, PF:0K # 0K, P:0K).",,,,
2026-09-01T22:01:19.013553Z,"{'#attributes': {'Qualifiers': 0}, '#text': 330}",dc.scaffold.htb,NTDS ISAM,Directory Service,981,4,,,NTDS,"700,D,50",,,NTDSA: ,C:\Windows\NTDS\ntds.dit,0x22D8 (8920),8920 (0x22d8),9360 (0x2490),,,
2026-09-01T22:01:19.013553Z,"{'#attributes': {'Qualifiers': 0}, '#text': 326}",dc.scaffold.htb,NTDS ISAM,Directory Service,982,4,,,NTDS,"700,D,50",,,NTDSA: ,1,C:\Windows\NTDS\ntds.dit,0,"
[1] 0.000005 +J(0) +M(C:0K, Fs:1, WS:4K # 0K, PF:0K # 0K, P:0K)
[2] 0.000671 -0.000481 (1) WT +J(0) +M(C:0K, Fs:19, WS:12K # 0K, PF:8K # 0K, P:8K)
[3] 0.011305 -0.007730 (6) WT +J(CM:0, PgRf:0, Rd:0/0, Dy:0/0, Lg:3480/2) +M(C:0K, Fs:18, WS:56K # 0K, PF:116K # 0K, P:116K)
[4] 0.000102 +J(0)
[5] -
[6] -
[7] -
[8] 0.003680 -0.000493 (2) CM -0.000359 (2) WT +J(CM:2, PgRf:2, Rd:4/2, Dy:0/0, Lg:0/0) +M(C:32K, Fs:46, WS:176K # 0K, PF:240K # 0K, P:240K)
[9] 0.003017 -0.002623 (5) CM -0.002450 (5) WT +J(CM:5, PgRf:24, Rd:0/5, Dy:0/0, Lg:0/0) +M(C:-24K, Fs:33, WS:104K # 0K, PF:180K # 0K, P:180K)
[10] 0.000903 -0.000705 (3) CM -0.000605 (3) WT +J(CM:3, PgRf:40, Rd:0/3, Dy:0/0, Lg:0/0) +M(C:-4K, Fs:5, WS:12K # 0K, PF:60K # 0K, P:60K)
[11] 0.000020 +J(CM:0, PgRf:1, Rd:0/0, Dy:0/0, Lg:0/0) +M(C:0K, Fs:4, WS:16K # 0K, PF:0K # 0K, P:0K)
[12] 0.000270 +J(CM:0, PgRf:48, Rd:0/0, Dy:0/0, Lg:0/0) +M(C:0K, Fs:4, WS:16K # 0K, PF:8K # 0K, P:8K)
[13] 0.000002 +J(0)
[14] 0.0 +J(0)
[15] 0.000006 +J(CM:0, PgRf:1, Rd:0/0, Dy:0/0, Lg:0/0).",0 0,"lgposAttach = 00000003:01F9:0268,
dbv = 1568.20.0 (8920)",
2026-09-01T22:01:19.013553Z,"{'#attributes': {'Qualifiers': 0}, '#text': 330}",dc.scaffold.htb,NTDS ISAM,Directory Service,983,4,,,NTDS,"700,D,2",,,NTDSA: ,C:\Windows\NTDS\temp.edb,0x22D8 (8920),8920 (0x22d8),9360 (0x2490),,,
2026-09-01T22:01:19.013553Z,"{'#attributes': {'Qualifiers': 0}, '#text': 700}",dc.scaffold.htb,NTDS ISAM,Directory Service,984,4,,,NTDS,"700,D,0",,,NTDSA: ,C:\Windows\NTDS\ntds.dit,,,,,,
2026-09-01T22:01:19.279176Z,"{'#attributes': {'Qualifiers': 0}, '#text': 701}",dc.scaffold.htb,NTDS ISAM,Directory Service,985,4,,,NTDS,"700,D,0",,,NTDSA: ,C:\Windows\NTDS\ntds.dit,2,9/1/2026,0,1,1,22
2026-09-01T22:01:19.013553Z,"{'#attributes': {'Qualifiers': 16384}, '#text': 3033}",dc.scaffold.htb,Microsoft-Windows-ActiveDirectory_DomainService,Directory Service,986,4,,,,,,,,,,,,,,
2026-09-01T22:01:19.013553Z,"{'#attributes': {'Qualifiers': 16384}, '#text': 3027}",dc.scaffold.htb,Microsoft-Windows-ActiveDirectory_DomainService,Directory Service,987,4,,3600,,,,,,,,,,,,
2026-09-01T22:01:19.013553Z,"{'#attributes': {'Qualifiers': 16384}, '#text': 1869}",dc.scaffold.htb,Microsoft-Windows-ActiveDirectory_DomainService,Directory Service,988,4,,,\\dc.scaffold.htb,Default-First-Site-Name,,,,,,,,,,
2026-09-01T22:04:42.560434Z,"{'#attributes': {'Qualifiers': 16384}, '#text': 2179}",dc.scaffold.htb,Microsoft-Windows-ActiveDirectory_DomainService,Directory Service,989,4,,7708925985070720252,,,,,,,,,,,,
2026-09-01T22:04:42.685428Z,"{'#attributes': {'Qualifiers': 16384}, '#text': 1004}",dc.scaffold.htb,Microsoft-Windows-ActiveDirectory_DomainService,Directory Service,990,4,,,,,,,,,,,,,,
2026-09-01T23:51:06.763778Z,"{'#attributes': {'Qualifiers': 32768}, '#text': 3051}",dc.scaffold.htb,Microsoft-Windows-ActiveDirectory_DomainService,Directory Service,991,3,,,,,,,,,,,,,,
2026-09-01T23:51:06.763778Z,"{'#attributes': {'Qualifiers': 32768}, '#text': 3054}",dc.scaffold.htb,Microsoft-Windows-ActiveDirectory_DomainService,Directory Service,992,3,,,,,,,,,,,,,,
2026-09-01T23:51:07.044963Z,"{'#attributes': {'Qualifiers': 16384}, '#text': 2121}",dc.scaffold.htb,Microsoft-Windows-ActiveDirectory_DomainService,Directory Service,993,4,,,,,,,,,,,,,,
2026-09-01T23:51:07.044963Z,"{'#attributes': {'Qualifiers': 16384}, '#text': 2406}",dc.scaffold.htb,Microsoft-Windows-ActiveDirectory_DomainService,Directory Service,994,4,,Recycle Bin Feature,,,,,,,,,,,,
2026-09-01T23:51:07.044963Z,"{'#attributes': {'Qualifiers': 16384}, '#text': 2406}",dc.scaffold.htb,Microsoft-Windows-ActiveDirectory_DomainService,Directory Service,995,4,,Privileged Access Management Feature,,,,,,,,,,,,
2026-09-01T23:51:07.044963Z,"{'#attributes': {'Qualifiers': 16384}, '#text': 2168}",dc.scaffold.htb,Microsoft-Windows-ActiveDirectory_DomainService,Directory Service,996,4,,1101925444124656223,,,,,,,,,,,,
2026-09-01T23:51:07.044963Z,"{'#attributes': {'Qualifiers': 16384}, '#text': 2172}",dc.scaffold.htb,Microsoft-Windows-ActiveDirectory_DomainService,Directory Service,997,4,,7708925985070720252,,,,,,,,,,,,
2026-09-01T23:51:07.044963Z,"{'#attributes': {'Qualifiers': 32768}, '#text': 2170}",dc.scaffold.htb,Microsoft-Windows-ActiveDirectory_DomainService,Directory Service,998,3,,,7708925985070720252,1101925444124656223,,,,,,,,,,
2026-09-01T23:51:07.076245Z,"{'#attributes': {'Qualifiers': 16384}, '#text': 1109}",dc.scaffold.htb,Microsoft-Windows-ActiveDirectory_DomainService,Directory Service,999,4,,,a266e2e9-38aa-4d58-abf9-cf6adbba2b3e,ab0b5153-a6c0-449d-a074-021f972b6a5a,,,176169,,,,,,,
2026-09-01T23:51:07.091833Z,"{'#attributes': {'Qualifiers': 16384}, '#text': 2179}",dc.scaffold.htb,Microsoft-Windows-ActiveDirectory_DomainService,Directory Service,1000,4,,1101925444124656223,,,,,,,,,,,,
2026-09-01T23:51:07.091833Z,"{'#attributes': {'Qualifiers': 16384}, '#text': 2208}",dc.scaffold.htb,Microsoft-Windows-ActiveDirectory_DomainService,Directory Service,1001,4,,,,,,,,,,,,,,
2026-09-01T23:51:07.107466Z,"{'#attributes': {'Qualifiers': 16384}, '#text': 2120}",dc.scaffold.htb,Microsoft-Windows-ActiveDirectory_DomainService,Directory Service,1002,4,,,,,,,,,,,,,,
2026-09-01T23:51:07.107466Z,"{'#attributes': {'Qualifiers': 16384}, '#text': 2405}",dc.scaffold.htb,Microsoft-Windows-ActiveDirectory_DomainService,Directory Service,1003,4,,Recycle Bin Feature,,,,,,,,,,,,
2026-09-01T23:51:07.107466Z,"{'#attributes': {'Qualifiers': 16384}, '#text': 2405}",dc.scaffold.htb,Microsoft-Windows-ActiveDirectory_DomainService,Directory Service,1004,4,,Privileged Access Management Feature,,,,,,,,,,,,
2026-09-01T23:51:17.123122Z,"{'#attributes': {'Qualifiers': 32768}, '#text': 2886}",dc.scaffold.htb,Microsoft-Windows-ActiveDirectory_DomainService,Directory Service,1005,3,,,,,,,,,,,,,,
2026-09-01T23:51:17.123122Z,"{'#attributes': {'Qualifiers': 32768}, '#text': 3041}",dc.scaffold.htb,Microsoft-Windows-ActiveDirectory_DomainService,Directory Service,1006,3,,,,,,,,,,,,,,
2026-09-01T23:51:17.123122Z,"{'#attributes': {'Qualifiers': 16384}, '#text': 1000}",dc.scaffold.htb,Microsoft-Windows-ActiveDirectory_DomainService,Directory Service,1007,4,,,,,,,,,,,,,,
2026-09-01T23:51:47.138720Z,"{'#attributes': {'Qualifiers': 16384}, '#text': 1394}",dc.scaffold.htb,Microsoft-Windows-ActiveDirectory_DomainService,Directory Service,1008,4,,,,,,,,,,,,,,
2026-09-01T23:54:18.216831Z,"{'#attributes': {'Qualifiers': 16384}, '#text': 2179}",dc.scaffold.htb,Microsoft-Windows-ActiveDirectory_DomainService,Directory Service,1009,4,,1101925444124656223,,,,,,,,,,,,
2026-09-01T23:54:18.341831Z,"{'#attributes': {'Qualifiers': 16384}, '#text': 1004}",dc.scaffold.htb,Microsoft-Windows-ActiveDirectory_DomainService,Directory Service,1010,4,,,,,,,,,,,,,,
2026-09-01T23:54:34.167772Z,"{'#attributes': {'Qualifiers': 32768}, '#text': 3051}",dc.scaffold.htb,Microsoft-Windows-ActiveDirectory_DomainService,Directory Service,1011,3,,,,,,,,,,,,,,
2026-09-01T23:54:34.167772Z,"{'#attributes': {'Qualifiers': 32768}, '#text': 3054}",dc.scaffold.htb,Microsoft-Windows-ActiveDirectory_DomainService,Directory Service,1012,3,,,,,,,,,,,,,,
2026-09-01T23:54:34.386531Z,"{'#attributes': {'Qualifiers': 16384}, '#text': 2121}",dc.scaffold.htb,Microsoft-Windows-ActiveDirectory_DomainService,Directory Service,1013,4,,,,,,,,,,,,,,
2026-09-01T23:54:34.386531Z,"{'#attributes': {'Qualifiers': 16384}, '#text': 2406}",dc.scaffold.htb,Microsoft-Windows-ActiveDirectory_DomainService,Directory Service,1014,4,,Recycle Bin Feature,,,,,,,,,,,,
2026-09-01T23:54:34.386531Z,"{'#attributes': {'Qualifiers': 16384}, '#text': 2406}",dc.scaffold.htb,Microsoft-Windows-ActiveDirectory_DomainService,Directory Service,1015,4,,Privileged Access Management Feature,,,,,,,,,,,,
2026-09-01T23:54:34.386531Z,"{'#attributes': {'Qualifiers': 16384}, '#text': 2168}",dc.scaffold.htb,Microsoft-Windows-ActiveDirectory_DomainService,Directory Service,1016,4,,1101925444124656223,,,,,,,,,,,,
2026-09-01T23:54:34.386531Z,"{'#attributes': {'Qualifiers': 16384}, '#text': 2172}",dc.scaffold.htb,Microsoft-Windows-ActiveDirectory_DomainService,Directory Service,1017,4,,1101925444124656223,,,,,,,,,,,,
2026-09-01T23:54:34.402142Z,"{'#attributes': {'Qualifiers': 16384}, '#text': 2120}",dc.scaffold.htb,Microsoft-Windows-ActiveDirectory_DomainService,Directory Service,1018,4,,,,,,,,,,,,,,
2026-09-01T23:54:34.402142Z,"{'#attributes': {'Qualifiers': 16384}, '#text': 2405}",dc.scaffold.htb,Microsoft-Windows-ActiveDirectory_DomainService,Directory Service,1019,4,,Recycle Bin Feature,,,,,,,,,,,,
2026-09-01T23:54:34.402142Z,"{'#attributes': {'Qualifiers': 16384}, '#text': 2405}",dc.scaffold.htb,Microsoft-Windows-ActiveDirectory_DomainService,Directory Service,1020,4,,Privileged Access Management Feature,,,,,,,,,,,,
2026-09-01T23:54:44.417825Z,"{'#attributes': {'Qualifiers': 32768}, '#text': 2886}",dc.scaffold.htb,Microsoft-Windows-ActiveDirectory_DomainService,Directory Service,1021,3,,,,,,,,,,,,,,
2026-09-01T23:54:44.417825Z,"{'#attributes': {'Qualifiers': 32768}, '#text': 3041}",dc.scaffold.htb,Microsoft-Windows-ActiveDirectory_DomainService,Directory Service,1022,3,,,,,,,,,,,,,,
2026-09-01T23:54:44.417825Z,"{'#attributes': {'Qualifiers': 16384}, '#text': 1000}",dc.scaffold.htb,Microsoft-Windows-ActiveDirectory_DomainService,Directory Service,1023,4,,,,,,,,,,,,,,
2026-09-01T23:55:14.433470Z,"{'#attributes': {'Qualifiers': 16384}, '#text': 1394}",dc.scaffold.htb,Microsoft-Windows-ActiveDirectory_DomainService,Directory Service,1024,4,,,,,,,,,,,,,,
2026-09-01T23:56:18.980271Z,"{'#attributes': {'Qualifiers': 16384}, '#text': 2179}",dc.scaffold.htb,Microsoft-Windows-ActiveDirectory_DomainService,Directory Service,1025,4,,1101925444124656223,,,,,,,,,,,,
2026-09-01T23:56:20.339652Z,"{'#attributes': {'Qualifiers': 16384}, '#text': 1004}",dc.scaffold.htb,Microsoft-Windows-ActiveDirectory_DomainService,Directory Service,1026,4,,,,,,,,,,,,,,
2026-09-01T23:59:34.559902Z,"{'#attributes': {'Qualifiers': 32768}, '#text': 3051}",dc.scaffold.htb,Microsoft-Windows-ActiveDirectory_DomainService,Directory Service,1027,3,,,,,,,,,,,,,,
2026-09-01T23:59:34.559902Z,"{'#attributes': {'Qualifiers': 32768}, '#text': 3054}",dc.scaffold.htb,Microsoft-Windows-ActiveDirectory_DomainService,Directory Service,1028,3,,,,,,,,,,,,,,
2026-09-01T23:59:34.809866Z,"{'#attributes': {'Qualifiers': 16384}, '#text': 2121}",dc.scaffold.htb,Microsoft-Windows-ActiveDirectory_DomainService,Directory Service,1029,4,,,,,,,,,,,,,,
2026-09-01T23:59:34.809866Z,"{'#attributes': {'Qualifiers': 16384}, '#text': 2406}",dc.scaffold.htb,Microsoft-Windows-ActiveDirectory_DomainService,Directory Service,1030,4,,Recycle Bin Feature,,,,,,,,,,,,
2026-09-01T23:59:34.809866Z,"{'#attributes': {'Qualifiers': 16384}, '#text': 2406}",dc.scaffold.htb,Microsoft-Windows-ActiveDirectory_DomainService,Directory Service,1031,4,,Privileged Access Management Feature,,,,,,,,,,,,
2026-09-01T23:59:34.809866Z,"{'#attributes': {'Qualifiers': 16384}, '#text': 2168}",dc.scaffold.htb,Microsoft-Windows-ActiveDirectory_DomainService,Directory Service,1032,4,,8768602903465352816,,,,,,,,,,,,
2026-09-01T23:59:34.809866Z,"{'#attributes': {'Qualifiers': 16384}, '#text': 2172}",dc.scaffold.htb,Microsoft-Windows-ActiveDirectory_DomainService,Directory Service,1033,4,,1101925444124656223,,,,,,,,,,,,
2026-09-01T23:59:34.809866Z,"{'#attributes': {'Qualifiers': 32768}, '#text': 2170}",dc.scaffold.htb,Microsoft-Windows-ActiveDirectory_DomainService,Directory Service,1034,3,,,1101925444124656223,8768602903465352816,,,,,,,,,,
2026-09-01T23:59:34.825501Z,"{'#attributes': {'Qualifiers': 16384}, '#text': 1109}",dc.scaffold.htb,Microsoft-Windows-ActiveDirectory_DomainService,Directory Service,1035,4,,,ab0b5153-a6c0-449d-a074-021f972b6a5a,ed24a86c-a1e2-424b-823b-c62ea4abc0f2,,,184363,,,,,,,
2026-09-01T23:59:34.841137Z,"{'#attributes': {'Qualifiers': 16384}, '#text': 2208}",dc.scaffold.htb,Microsoft-Windows-ActiveDirectory_DomainService,Directory Service,1036,4,,,,,,,,,,,,,,
2026-09-01T23:59:34.841137Z,"{'#attributes': {'Qualifiers': 16384}, '#text': 2179}",dc.scaffold.htb,Microsoft-Windows-ActiveDirectory_DomainService,Directory Service,1037,4,,8768602903465352816,,,,,,,,,,,,
2026-09-01T23:59:34.856742Z,"{'#attributes': {'Qualifiers': 16384}, '#text': 2120}",dc.scaffold.htb,Microsoft-Windows-ActiveDirectory_DomainService,Directory Service,1038,4,,,,,,,,,,,,,,
2026-09-01T23:59:34.856742Z,"{'#attributes': {'Qualifiers': 16384}, '#text': 2405}",dc.scaffold.htb,Microsoft-Windows-ActiveDirectory_DomainService,Directory Service,1039,4,,Recycle Bin Feature,,,,,,,,,,,,
2026-09-01T23:59:34.856742Z,"{'#attributes': {'Qualifiers': 16384}, '#text': 2405}",dc.scaffold.htb,Microsoft-Windows-ActiveDirectory_DomainService,Directory Service,1040,4,,Privileged Access Management Feature,,,,,,,,,,,,
2026-09-01T23:59:44.872387Z,"{'#attributes': {'Qualifiers': 32768}, '#text': 2886}",dc.scaffold.htb,Microsoft-Windows-ActiveDirectory_DomainService,Directory Service,1041,3,,,,,,,,,,,,,,
2026-09-01T23:59:44.872387Z,"{'#attributes': {'Qualifiers': 32768}, '#text': 3041}",dc.scaffold.htb,Microsoft-Windows-ActiveDirectory_DomainService,Directory Service,1042,3,,,,,,,,,,,,,,
2026-09-01T23:59:44.872387Z,"{'#attributes': {'Qualifiers': 16384}, '#text': 1000}",dc.scaffold.htb,Microsoft-Windows-ActiveDirectory_DomainService,Directory Service,1043,4,,,,,,,,,,,,,,
2026-09-02T00:00:14.888041Z,"{'#attributes': {'Qualifiers': 16384}, '#text': 1394}",dc.scaffold.htb,Microsoft-Windows-ActiveDirectory_DomainService,Directory Service,1044,4,,,,,,,,,,,,,,
2026-09-02T00:14:44.981907Z,"{'#attributes': {'Qualifiers': 0}, '#text': 102}",dc.scaffold.htb,NTDS ISAM,Directory Service,1045,4,,,NTDS,"696,P,98",,,NTDSA: ,0,10,00,20348,0000,,
2026-09-02T00:14:44.981907Z,"{'#attributes': {'Qualifiers': 0}, '#text': 105}",dc.scaffold.htb,NTDS ISAM,Directory Service,1046,4,,,NTDS,"696,D,0",,,NTDSA: ,0,0,"
[1] 0.000892 +J(0) +M(C:0K, Fs:121, WS:468K # 0K, PF:3252K # 348K, P:3252K)
[2] 0.001525 +J(0) +M(C:16K, Fs:85, WS:332K # 280K, PF:288K # 288K, P:288K)
[3] 0.000902 +J(0) +M(C:0K, Fs:5, WS:20K # 20K, PF:64K # 64K, P:64K)
[4] 0.013572 -0.000511 (1) WT +J(0) +M(C:0K, Fs:123, WS:408K # 408K, PF:5164K # 5164K, P:5164K)
[5] 0.001040 +J(0) +M(C:0K, Fs:5, WS:20K # 20K, PF:16K # 16K, P:16K)
[6] 0.003641 +J(0) +M(C:0K, Fs:20, WS:80K # 80K, PF:12K # 12K, P:12K)
[7] 0.072557 -0.062780 (21) WT +J(0) +M(C:0K, Fs:2579, WS:10296K # 10296K, PF:10260K # 10260K, P:10260K)
[8] -
[9] -
[10] -
[11] -
[12] -
[13] 0.034809 -0.027119 (22) WT +J(CM:0, PgRf:0, Rd:0/0, Dy:0/0, Lg:616/1) +M(C:0K, Fs:8, WS:-10216K # 24K, PF:-10256K # 12K, P:-10256K)
[14] 0.000022 +J(0)
[15] 0.000573 +J(0) +M(C:0K, Fs:206, WS:820K # 0K, PF:68K # 0K, P:68K)
[16] 0.000554 -0.000335 (1) WT +J(0) +M(C:0K, Fs:3, WS:4K # 0K, PF:0K # 0K, P:0K).",,,,
2026-09-02T00:14:44.981907Z,"{'#attributes': {'Qualifiers': 0}, '#text': 330}",dc.scaffold.htb,NTDS ISAM,Directory Service,1047,4,,,NTDS,"696,D,50",,,NTDSA: ,C:\Windows\NTDS\ntds.dit,0x22D8 (8920),8920 (0x22d8),9360 (0x2490),,,
2026-09-02T00:14:44.981907Z,"{'#attributes': {'Qualifiers': 0}, '#text': 326}",dc.scaffold.htb,NTDS ISAM,Directory Service,1048,4,,,NTDS,"696,D,50",,,NTDSA: ,1,C:\Windows\NTDS\ntds.dit,0,"
[1] 0.000005 +J(0) +M(C:0K, Fs:1, WS:4K # 0K, PF:0K # 0K, P:0K)
[2] 0.000708 -0.000501 (1) WT +J(0) +M(C:0K, Fs:20, WS:12K # 0K, PF:8K # 0K, P:8K)
[3] 0.005618 -0.002914 (6) WT +J(CM:0, PgRf:0, Rd:0/0, Dy:0/0, Lg:3480/2) +M(C:0K, Fs:16, WS:52K # 0K, PF:108K # 0K, P:108K)
[4] 0.000093 +J(0)
[5] -
[6] -
[7] -
[8] 0.003518 -0.000449 (2) CM -0.000361 (2) WT +J(CM:2, PgRf:2, Rd:4/2, Dy:0/0, Lg:0/0) +M(C:16K, Fs:44, WS:168K # 0K, PF:216K # 0K, P:216K)
[9] 0.004965 -0.004376 (9) CM -0.004039 (9) WT +J(CM:9, PgRf:24, Rd:0/9, Dy:0/0, Lg:0/0) +M(C:-8K, Fs:30, WS:100K # 0K, PF:192K # 0K, P:192K)
[10] 0.001117 -0.000882 (4) CM -0.000746 (4) WT +J(CM:4, PgRf:40, Rd:0/4, Dy:0/0, Lg:0/0) +M(C:-4K, Fs:6, WS:12K # 0K, PF:60K # 0K, P:60K)
[11] 0.000019 +J(CM:0, PgRf:1, Rd:0/0, Dy:0/0, Lg:0/0) +M(C:0K, Fs:4, WS:16K # 0K, PF:0K # 0K, P:0K)
[12] 0.000049 +J(CM:0, PgRf:48, Rd:0/0, Dy:0/0, Lg:0/0) +M(C:0K, Fs:2, WS:8K # 0K, PF:0K # 0K, P:0K)
[13] 0.0 +J(0)
[14] 0.0 +J(0)
[15] 0.000005 +J(CM:0, PgRf:1, Rd:0/0, Dy:0/0, Lg:0/0).",0 0,"lgposAttach = 00000003:024D:0268,
dbv = 1568.20.0 (8920)",
2026-09-02T00:14:44.981907Z,"{'#attributes': {'Qualifiers': 0}, '#text': 330}",dc.scaffold.htb,NTDS ISAM,Directory Service,1049,4,,,NTDS,"696,D,2",,,NTDSA: ,C:\Windows\NTDS\temp.edb,0x22D8 (8920),8920 (0x22d8),9360 (0x2490),,,
2026-09-02T00:14:44.981907Z,"{'#attributes': {'Qualifiers': 0}, '#text': 700}",dc.scaffold.htb,NTDS ISAM,Directory Service,1050,4,,,NTDS,"696,D,0",,,NTDSA: ,C:\Windows\NTDS\ntds.dit,,,,,,
2026-09-02T00:14:45.216285Z,"{'#attributes': {'Qualifiers': 0}, '#text': 701}",dc.scaffold.htb,NTDS ISAM,Directory Service,1051,4,,,NTDS,"696,D,0",,,NTDSA: ,C:\Windows\NTDS\ntds.dit,1,9/1/2026,0,1,1,23
2026-09-02T00:14:44.966283Z,"{'#attributes': {'Qualifiers': 16384}, '#text': 3033}",dc.scaffold.htb,Microsoft-Windows-ActiveDirectory_DomainService,Directory Service,1052,4,,,,,,,,,,,,,,
2026-09-02T00:14:44.966283Z,"{'#attributes': {'Qualifiers': 16384}, '#text': 3027}",dc.scaffold.htb,Microsoft-Windows-ActiveDirectory_DomainService,Directory Service,1053,4,,3600,,,,,,,,,,,,
2026-09-02T00:14:44.981907Z,"{'#attributes': {'Qualifiers': 16384}, '#text': 1869}",dc.scaffold.htb,Microsoft-Windows-ActiveDirectory_DomainService,Directory Service,1054,4,,,\\dc.scaffold.htb,Default-First-Site-Name,,,,,,,,,,
2026-09-02T00:18:22.528806Z,"{'#attributes': {'Qualifiers': 16384}, '#text': 2179}",dc.scaffold.htb,Microsoft-Windows-ActiveDirectory_DomainService,Directory Service,1055,4,,8768602903465352816,,,,,,,,,,,,
2026-09-02T00:18:23.888159Z,"{'#attributes': {'Qualifiers': 16384}, '#text': 1004}",dc.scaffold.htb,Microsoft-Windows-ActiveDirectory_DomainService,Directory Service,1056,4,,,,,,,,,,,,,,
2026-09-02T02:17:01.684334Z,"{'#attributes': {'Qualifiers': 32768}, '#text': 3051}",dc.scaffold.htb,Microsoft-Windows-ActiveDirectory_DomainService,Directory Service,1057,3,,,,,,,,,,,,,,
2026-09-02T02:17:01.684334Z,"{'#attributes': {'Qualifiers': 32768}, '#text': 3054}",dc.scaffold.htb,Microsoft-Windows-ActiveDirectory_DomainService,Directory Service,1058,3,,,,,,,,,,,,,,
2026-09-02T02:17:01.965586Z,"{'#attributes': {'Qualifiers': 16384}, '#text': 2121}",dc.scaffold.htb,Microsoft-Windows-ActiveDirectory_DomainService,Directory Service,1059,4,,,,,,,,,,,,,,
2026-09-02T02:17:01.965586Z,"{'#attributes': {'Qualifiers': 16384}, '#text': 2406}",dc.scaffold.htb,Microsoft-Windows-ActiveDirectory_DomainService,Directory Service,1060,4,,Recycle Bin Feature,,,,,,,,,,,,
2026-09-02T02:17:01.965586Z,"{'#attributes': {'Qualifiers': 16384}, '#text': 2406}",dc.scaffold.htb,Microsoft-Windows-ActiveDirectory_DomainService,Directory Service,1061,4,,Privileged Access Management Feature,,,,,,,,,,,,
2026-09-02T02:17:01.965586Z,"{'#attributes': {'Qualifiers': 16384}, '#text': 2168}",dc.scaffold.htb,Microsoft-Windows-ActiveDirectory_DomainService,Directory Service,1062,4,,10261339969956552157,,,,,,,,,,,,
2026-09-02T02:17:01.965586Z,"{'#attributes': {'Qualifiers': 16384}, '#text': 2172}",dc.scaffold.htb,Microsoft-Windows-ActiveDirectory_DomainService,Directory Service,1063,4,,8768602903465352816,,,,,,,,,,,,
2026-09-02T02:17:01.965586Z,"{'#attributes': {'Qualifiers': 32768}, '#text': 2170}",dc.scaffold.htb,Microsoft-Windows-ActiveDirectory_DomainService,Directory Service,1064,3,,,8768602903465352816,10261339969956552157,,,,,,,,,,
2026-09-02T02:17:01.965586Z,"{'#attributes': {'Qualifiers': 16384}, '#text': 1109}",dc.scaffold.htb,Microsoft-Windows-ActiveDirectory_DomainService,Directory Service,1065,4,,,ed24a86c-a1e2-424b-823b-c62ea4abc0f2,36e584d3-c5b8-4bdc-99b4-6f12693084e1,,,188460,,,,,,,
2026-09-02T02:17:01.981206Z,"{'#attributes': {'Qualifiers': 16384}, '#text': 2179}",dc.scaffold.htb,Microsoft-Windows-ActiveDirectory_DomainService,Directory Service,1066,4,,10261339969956552157,,,,,,,,,,,,
2026-09-02T02:17:01.996835Z,"{'#attributes': {'Qualifiers': 16384}, '#text': 2208}",dc.scaffold.htb,Microsoft-Windows-ActiveDirectory_DomainService,Directory Service,1067,4,,,,,,,,,,,,,,
2026-09-02T02:17:01.996835Z,"{'#attributes': {'Qualifiers': 16384}, '#text': 2120}",dc.scaffold.htb,Microsoft-Windows-ActiveDirectory_DomainService,Directory Service,1068,4,,,,,,,,,,,,,,
2026-09-02T02:17:01.996835Z,"{'#attributes': {'Qualifiers': 16384}, '#text': 2405}",dc.scaffold.htb,Microsoft-Windows-ActiveDirectory_DomainService,Directory Service,1069,4,,Recycle Bin Feature,,,,,,,,,,,,
2026-09-02T02:17:01.996835Z,"{'#attributes': {'Qualifiers': 16384}, '#text': 2405}",dc.scaffold.htb,Microsoft-Windows-ActiveDirectory_DomainService,Directory Service,1070,4,,Privileged Access Management Feature,,,,,,,,,,,,
2026-09-02T02:17:12.012494Z,"{'#attributes': {'Qualifiers': 32768}, '#text': 2886}",dc.scaffold.htb,Microsoft-Windows-ActiveDirectory_DomainService,Directory Service,1071,3,,,,,,,,,,,,,,
2026-09-02T02:17:12.012494Z,"{'#attributes': {'Qualifiers': 32768}, '#text': 3041}",dc.scaffold.htb,Microsoft-Windows-ActiveDirectory_DomainService,Directory Service,1072,3,,,,,,,,,,,,,,
2026-09-02T02:17:12.012494Z,"{'#attributes': {'Qualifiers': 16384}, '#text': 1000}",dc.scaffold.htb,Microsoft-Windows-ActiveDirectory_DomainService,Directory Service,1073,4,,,,,,,,,,,,,,
2026-09-02T02:17:42.028326Z,"{'#attributes': {'Qualifiers': 16384}, '#text': 1394}",dc.scaffold.htb,Microsoft-Windows-ActiveDirectory_DomainService,Directory Service,1074,4,,,,,,,,,,,,,,
2026-09-02T02:17:51.371828Z,"{'#attributes': {'Qualifiers': 16384}, '#text': 2179}",dc.scaffold.htb,Microsoft-Windows-ActiveDirectory_DomainService,Directory Service,1075,4,,10261339969956552157,,,,,,,,,,,,
2026-09-02T02:17:52.028081Z,"{'#attributes': {'Qualifiers': 16384}, '#text': 1004}",dc.scaffold.htb,Microsoft-Windows-ActiveDirectory_DomainService,Directory Service,1076,4,,,,,,,,,,,,,,
2026-09-02T02:24:46.935648Z,"{'#attributes': {'Qualifiers': 32768}, '#text': 3051}",dc.scaffold.htb,Microsoft-Windows-ActiveDirectory_DomainService,Directory Service,1077,3,,,,,,,,,,,,,,
2026-09-02T02:24:46.935648Z,"{'#attributes': {'Qualifiers': 32768}, '#text': 3054}",dc.scaffold.htb,Microsoft-Windows-ActiveDirectory_DomainService,Directory Service,1078,3,,,,,,,,,,,,,,
2026-09-02T02:24:47.185558Z,"{'#attributes': {'Qualifiers': 16384}, '#text': 2121}",dc.scaffold.htb,Microsoft-Windows-ActiveDirectory_DomainService,Directory Service,1079,4,,,,,,,,,,,,,,
2026-09-02T02:24:47.185558Z,"{'#attributes': {'Qualifiers': 16384}, '#text': 2406}",dc.scaffold.htb,Microsoft-Windows-ActiveDirectory_DomainService,Directory Service,1080,4,,Recycle Bin Feature,,,,,,,,,,,,
2026-09-02T02:24:47.185558Z,"{'#attributes': {'Qualifiers': 16384}, '#text': 2406}",dc.scaffold.htb,Microsoft-Windows-ActiveDirectory_DomainService,Directory Service,1081,4,,Privileged Access Management Feature,,,,,,,,,,,,
2026-09-02T02:24:47.185558Z,"{'#attributes': {'Qualifiers': 16384}, '#text': 2168}",dc.scaffold.htb,Microsoft-Windows-ActiveDirectory_DomainService,Directory Service,1082,4,,10261339969956552157,,,,,,,,,,,,
2026-09-02T02:24:47.185558Z,"{'#attributes': {'Qualifiers': 16384}, '#text': 2172}",dc.scaffold.htb,Microsoft-Windows-ActiveDirectory_DomainService,Directory Service,1083,4,,10261339969956552157,,,,,,,,,,,,
2026-09-02T02:24:47.201169Z,"{'#attributes': {'Qualifiers': 16384}, '#text': 2120}",dc.scaffold.htb,Microsoft-Windows-ActiveDirectory_DomainService,Directory Service,1084,4,,,,,,,,,,,,,,
2026-09-02T02:24:47.201169Z,"{'#attributes': {'Qualifiers': 16384}, '#text': 2405}",dc.scaffold.htb,Microsoft-Windows-ActiveDirectory_DomainService,Directory Service,1085,4,,Recycle Bin Feature,,,,,,,,,,,,
2026-09-02T02:24:47.201169Z,"{'#attributes': {'Qualifiers': 16384}, '#text': 2405}",dc.scaffold.htb,Microsoft-Windows-ActiveDirectory_DomainService,Directory Service,1086,4,,Privileged Access Management Feature,,,,,,,,,,,,
2026-09-02T02:24:57.216817Z,"{'#attributes': {'Qualifiers': 32768}, '#text': 2886}",dc.scaffold.htb,Microsoft-Windows-ActiveDirectory_DomainService,Directory Service,1087,3,,,,,,,,,,,,,,
2026-09-02T02:24:57.216817Z,"{'#attributes': {'Qualifiers': 32768}, '#text': 3041}",dc.scaffold.htb,Microsoft-Windows-ActiveDirectory_DomainService,Directory Service,1088,3,,,,,,,,,,,,,,
2026-09-02T02:24:57.216817Z,"{'#attributes': {'Qualifiers': 16384}, '#text': 1000}",dc.scaffold.htb,Microsoft-Windows-ActiveDirectory_DomainService,Directory Service,1089,4,,,,,,,,,,,,,,
2026-09-02T02:25:27.232455Z,"{'#attributes': {'Qualifiers': 16384}, '#text': 1394}",dc.scaffold.htb,Microsoft-Windows-ActiveDirectory_DomainService,Directory Service,1090,4,,,,,,,,,,,,,,
2026-09-02T02:25:42.748043Z,"{'#attributes': {'Qualifiers': 16384}, '#text': 2179}",dc.scaffold.htb,Microsoft-Windows-ActiveDirectory_DomainService,Directory Service,1091,4,,10261339969956552157,,,,,,,,,,,,
2026-09-02T02:25:44.091809Z,"{'#attributes': {'Qualifiers': 16384}, '#text': 1004}",dc.scaffold.htb,Microsoft-Windows-ActiveDirectory_DomainService,Directory Service,1092,4,,,,,,,,,,,,,,
2026-09-02T03:17:13.068437Z,"{'#attributes': {'Qualifiers': 32768}, '#text': 3051}",dc.scaffold.htb,Microsoft-Windows-ActiveDirectory_DomainService,Directory Service,1093,3,,,,,,,,,,,,,,
2026-09-02T03:17:13.068437Z,"{'#attributes': {'Qualifiers': 32768}, '#text': 3054}",dc.scaffold.htb,Microsoft-Windows-ActiveDirectory_DomainService,Directory Service,1094,3,,,,,,,,,,,,,,
2026-09-02T03:17:13.396557Z,"{'#attributes': {'Qualifiers': 16384}, '#text': 2121}",dc.scaffold.htb,Microsoft-Windows-ActiveDirectory_DomainService,Directory Service,1095,4,,,,,,,,,,,,,,
2026-09-02T03:17:13.396557Z,"{'#attributes': {'Qualifiers': 16384}, '#text': 2406}",dc.scaffold.htb,Microsoft-Windows-ActiveDirectory_DomainService,Directory Service,1096,4,,Recycle Bin Feature,,,,,,,,,,,,
2026-09-02T03:17:13.396557Z,"{'#attributes': {'Qualifiers': 16384}, '#text': 2406}",dc.scaffold.htb,Microsoft-Windows-ActiveDirectory_DomainService,Directory Service,1097,4,,Privileged Access Management Feature,,,,,,,,,,,,
2026-09-02T03:17:13.396557Z,"{'#attributes': {'Qualifiers': 16384}, '#text': 2168}",dc.scaffold.htb,Microsoft-Windows-ActiveDirectory_DomainService,Directory Service,1098,4,,10366403936868254078,,,,,,,,,,,,
2026-09-02T03:17:13.396557Z,"{'#attributes': {'Qualifiers': 16384}, '#text': 2172}",dc.scaffold.htb,Microsoft-Windows-ActiveDirectory_DomainService,Directory Service,1099,4,,10261339969956552157,,,,,,,,,,,,
2026-09-02T03:17:13.396557Z,"{'#attributes': {'Qualifiers': 32768}, '#text': 2170}",dc.scaffold.htb,Microsoft-Windows-ActiveDirectory_DomainService,Directory Service,1100,3,,,10261339969956552157,10366403936868254078,,,,,,,,,,
2026-09-02T03:17:13.396557Z,"{'#attributes': {'Qualifiers': 16384}, '#text': 1109}",dc.scaffold.htb,Microsoft-Windows-ActiveDirectory_DomainService,Directory Service,1101,4,,,36e584d3-c5b8-4bdc-99b4-6f12693084e1,c061e9b4-f0cb-4fab-8632-e9a811bb6bda,,,196654,,,,,,,
2026-09-02T03:17:13.412201Z,"{'#attributes': {'Qualifiers': 16384}, '#text': 2208}",dc.scaffold.htb,Microsoft-Windows-ActiveDirectory_DomainService,Directory Service,1102,4,,,,,,,,,,,,,,
2026-09-02T03:17:13.412201Z,"{'#attributes': {'Qualifiers': 16384}, '#text': 2179}",dc.scaffold.htb,Microsoft-Windows-ActiveDirectory_DomainService,Directory Service,1103,4,,10366403936868254078,,,,,,,,,,,,
2026-09-02T03:17:13.427815Z,"{'#attributes': {'Qualifiers': 16384}, '#text': 2120}",dc.scaffold.htb,Microsoft-Windows-ActiveDirectory_DomainService,Directory Service,1104,4,,,,,,,,,,,,,,
2026-09-02T03:17:13.427815Z,"{'#attributes': {'Qualifiers': 16384}, '#text': 2405}",dc.scaffold.htb,Microsoft-Windows-ActiveDirectory_DomainService,Directory Service,1105,4,,Recycle Bin Feature,,,,,,,,,,,,
2026-09-02T03:17:13.427815Z,"{'#attributes': {'Qualifiers': 16384}, '#text': 2405}",dc.scaffold.htb,Microsoft-Windows-ActiveDirectory_DomainService,Directory Service,1106,4,,Privileged Access Management Feature,,,,,,,,,,,,
2026-09-02T03:17:23.443444Z,"{'#attributes': {'Qualifiers': 32768}, '#text': 2886}",dc.scaffold.htb,Microsoft-Windows-ActiveDirectory_DomainService,Directory Service,1107,3,,,,,,,,,,,,,,
2026-09-02T03:17:23.443444Z,"{'#attributes': {'Qualifiers': 32768}, '#text': 3041}",dc.scaffold.htb,Microsoft-Windows-ActiveDirectory_DomainService,Directory Service,1108,3,,,,,,,,,,,,,,
2026-09-02T03:17:23.443444Z,"{'#attributes': {'Qualifiers': 16384}, '#text': 1000}",dc.scaffold.htb,Microsoft-Windows-ActiveDirectory_DomainService,Directory Service,1109,4,,,,,,,,,,,,,,
2026-09-02T03:17:53.459070Z,"{'#attributes': {'Qualifiers': 16384}, '#text': 1394}",dc.scaffold.htb,Microsoft-Windows-ActiveDirectory_DomainService,Directory Service,1110,4,,,,,,,,,,,,,,
2026-09-02T03:21:32.646559Z,"{'#attributes': {'Qualifiers': 16384}, '#text': 2179}",dc.scaffold.htb,Microsoft-Windows-ActiveDirectory_DomainService,Directory Service,1111,4,,10366403936868254078,,,,,,,,,,,,
2026-09-02T03:21:33.037187Z,"{'#attributes': {'Qualifiers': 16384}, '#text': 1004}",dc.scaffold.htb,Microsoft-Windows-ActiveDirectory_DomainService,Directory Service,1112,4,,,,,,,,,,,,,,
2026-09-02T03:21:54.903967Z,"{'#attributes': {'Qualifiers': 32768}, '#text': 3051}",dc.scaffold.htb,Microsoft-Windows-ActiveDirectory_DomainService,Directory Service,1113,3,,,,,,,,,,,,,,
2026-09-02T03:21:54.903967Z,"{'#attributes': {'Qualifiers': 32768}, '#text': 3054}",dc.scaffold.htb,Microsoft-Windows-ActiveDirectory_DomainService,Directory Service,1114,3,,,,,,,,,,,,,,
2026-09-02T03:21:55.091523Z,"{'#attributes': {'Qualifiers': 16384}, '#text': 2121}",dc.scaffold.htb,Microsoft-Windows-ActiveDirectory_DomainService,Directory Service,1115,4,,,,,,,,,,,,,,
2026-09-02T03:21:55.091523Z,"{'#attributes': {'Qualifiers': 16384}, '#text': 2406}",dc.scaffold.htb,Microsoft-Windows-ActiveDirectory_DomainService,Directory Service,1116,4,,Recycle Bin Feature,,,,,,,,,,,,
2026-09-02T03:21:55.091523Z,"{'#attributes': {'Qualifiers': 16384}, '#text': 2406}",dc.scaffold.htb,Microsoft-Windows-ActiveDirectory_DomainService,Directory Service,1117,4,,Privileged Access Management Feature,,,,,,,,,,,,
2026-09-02T03:21:55.091523Z,"{'#attributes': {'Qualifiers': 16384}, '#text': 2168}",dc.scaffold.htb,Microsoft-Windows-ActiveDirectory_DomainService,Directory Service,1118,4,,10366403936868254078,,,,,,,,,,,,
2026-09-02T03:21:55.091523Z,"{'#attributes': {'Qualifiers': 16384}, '#text': 2172}",dc.scaffold.htb,Microsoft-Windows-ActiveDirectory_DomainService,Directory Service,1119,4,,10366403936868254078,,,,,,,,,,,,
2026-09-02T03:21:55.091523Z,"{'#attributes': {'Qualifiers': 16384}, '#text': 2120}",dc.scaffold.htb,Microsoft-Windows-ActiveDirectory_DomainService,Directory Service,1120,4,,,,,,,,,,,,,,
2026-09-02T03:21:55.091523Z,"{'#attributes': {'Qualifiers': 16384}, '#text': 2405}",dc.scaffold.htb,Microsoft-Windows-ActiveDirectory_DomainService,Directory Service,1121,4,,Recycle Bin Feature,,,,,,,,,,,,
2026-09-02T03:21:55.091523Z,"{'#attributes': {'Qualifiers': 16384}, '#text': 2405}",dc.scaffold.htb,Microsoft-Windows-ActiveDirectory_DomainService,Directory Service,1122,4,,Privileged Access Management Feature,,,,,,,,,,,,
2026-09-02T03:22:05.107116Z,"{'#attributes': {'Qualifiers': 32768}, '#text': 2886}",dc.scaffold.htb,Microsoft-Windows-ActiveDirectory_DomainService,Directory Service,1123,3,,,,,,,,,,,,,,
2026-09-02T03:22:05.107116Z,"{'#attributes': {'Qualifiers': 32768}, '#text': 3041}",dc.scaffold.htb,Microsoft-Windows-ActiveDirectory_DomainService,Directory Service,1124,3,,,,,,,,,,,,,,
2026-09-02T03:22:05.107116Z,"{'#attributes': {'Qualifiers': 16384}, '#text': 1000}",dc.scaffold.htb,Microsoft-Windows-ActiveDirectory_DomainService,Directory Service,1125,4,,,,,,,,,,,,,,
2026-09-02T03:22:35.107118Z,"{'#attributes': {'Qualifiers': 16384}, '#text': 1394}",dc.scaffold.htb,Microsoft-Windows-ActiveDirectory_DomainService,Directory Service,1126,4,,,,,,,,,,,,,,
2026-09-02T03:26:27.841465Z,"{'#attributes': {'Qualifiers': 16384}, '#text': 2179}",dc.scaffold.htb,Microsoft-Windows-ActiveDirectory_DomainService,Directory Service,1127,4,,10366403936868254078,,,,,,,,,,,,
2026-09-02T03:26:28.060215Z,"{'#attributes': {'Qualifiers': 16384}, '#text': 1004}",dc.scaffold.htb,Microsoft-Windows-ActiveDirectory_DomainService,Directory Service,1128,4,,,,,,,,,,,,,,
2026-09-02T03:27:13.356747Z,"{'#attributes': {'Qualifiers': 32768}, '#text': 3051}",dc.scaffold.htb,Microsoft-Windows-ActiveDirectory_DomainService,Directory Service,1129,3,,,,,,,,,,,,,,
2026-09-02T03:27:13.356747Z,"{'#attributes': {'Qualifiers': 32768}, '#text': 3054}",dc.scaffold.htb,Microsoft-Windows-ActiveDirectory_DomainService,Directory Service,1130,3,,,,,,,,,,,,,,
2026-09-02T03:27:13.559872Z,"{'#attributes': {'Qualifiers': 16384}, '#text': 2121}",dc.scaffold.htb,Microsoft-Windows-ActiveDirectory_DomainService,Directory Service,1131,4,,,,,,,,,,,,,,
2026-09-02T03:27:13.559872Z,"{'#attributes': {'Qualifiers': 16384}, '#text': 2406}",dc.scaffold.htb,Microsoft-Windows-ActiveDirectory_DomainService,Directory Service,1132,4,,Recycle Bin Feature,,,,,,,,,,,,
2026-09-02T03:27:13.559872Z,"{'#attributes': {'Qualifiers': 16384}, '#text': 2406}",dc.scaffold.htb,Microsoft-Windows-ActiveDirectory_DomainService,Directory Service,1133,4,,Privileged Access Management Feature,,,,,,,,,,,,
2026-09-02T03:27:13.559872Z,"{'#attributes': {'Qualifiers': 16384}, '#text': 2168}",dc.scaffold.htb,Microsoft-Windows-ActiveDirectory_DomainService,Directory Service,1134,4,,10366403936868254078,,,,,,,,,,,,
2026-09-02T03:27:13.559872Z,"{'#attributes': {'Qualifiers': 16384}, '#text': 2172}",dc.scaffold.htb,Microsoft-Windows-ActiveDirectory_DomainService,Directory Service,1135,4,,10366403936868254078,,,,,,,,,,,,
2026-09-02T03:27:13.575494Z,"{'#attributes': {'Qualifiers': 16384}, '#text': 2120}",dc.scaffold.htb,Microsoft-Windows-ActiveDirectory_DomainService,Directory Service,1136,4,,,,,,,,,,,,,,
2026-09-02T03:27:13.575494Z,"{'#attributes': {'Qualifiers': 16384}, '#text': 2405}",dc.scaffold.htb,Microsoft-Windows-ActiveDirectory_DomainService,Directory Service,1137,4,,Recycle Bin Feature,,,,,,,,,,,,
2026-09-02T03:27:13.575494Z,"{'#attributes': {'Qualifiers': 16384}, '#text': 2405}",dc.scaffold.htb,Microsoft-Windows-ActiveDirectory_DomainService,Directory Service,1138,4,,Privileged Access Management Feature,,,,,,,,,,,,
2026-09-02T03:27:23.591152Z,"{'#attributes': {'Qualifiers': 32768}, '#text': 2886}",dc.scaffold.htb,Microsoft-Windows-ActiveDirectory_DomainService,Directory Service,1139,3,,,,,,,,,,,,,,
2026-09-02T03:27:23.591152Z,"{'#attributes': {'Qualifiers': 32768}, '#text': 3041}",dc.scaffold.htb,Microsoft-Windows-ActiveDirectory_DomainService,Directory Service,1140,3,,,,,,,,,,,,,,
2026-09-02T03:27:23.591152Z,"{'#attributes': {'Qualifiers': 16384}, '#text': 1000}",dc.scaffold.htb,Microsoft-Windows-ActiveDirectory_DomainService,Directory Service,1141,4,,,,,,,,,,,,,,
2026-09-02T03:27:53.606771Z,"{'#attributes': {'Qualifiers': 16384}, '#text': 1394}",dc.scaffold.htb,Microsoft-Windows-ActiveDirectory_DomainService,Directory Service,1142,4,,,,,,,,,,,,,,
2026-09-02T03:42:23.760921Z,"{'#attributes': {'Qualifiers': 0}, '#text': 102}",dc.scaffold.htb,NTDS ISAM,Directory Service,1143,4,,,NTDS,"676,P,98",,,NTDSA: ,0,10,00,20348,0000,,
2026-09-02T03:42:23.760921Z,"{'#attributes': {'Qualifiers': 0}, '#text': 105}",dc.scaffold.htb,NTDS ISAM,Directory Service,1144,4,,,NTDS,"676,D,0",,,NTDSA: ,0,0,"
[1] 0.001217 +J(0) +M(C:0K, Fs:121, WS:464K # 0K, PF:3252K # 344K, P:3252K)
[2] 0.001190 +J(0) +M(C:16K, Fs:89, WS:348K # 288K, PF:304K # 304K, P:304K)
[3] 0.001878 +J(0) +M(C:0K, Fs:5, WS:20K # 20K, PF:64K # 64K, P:64K)
[4] 0.013814 -0.000392 (1) WT +J(0) +M(C:0K, Fs:121, WS:408K # 408K, PF:5164K # 5164K, P:5164K)
[5] 0.000979 +J(0) +M(C:0K, Fs:3, WS:12K # 12K, PF:8K # 8K, P:8K)
[6] 0.003246 +J(0) +M(C:0K, Fs:20, WS:80K # 80K, PF:12K # 12K, P:12K)
[7] 0.054567 -0.045226 (21) WT +J(0) +M(C:0K, Fs:2579, WS:10296K # 10296K, PF:10260K # 10260K, P:10260K)
[8] -
[9] -
[10] -
[11] -
[12] -
[13] 0.044306 -0.037243 (22) WT +J(CM:0, PgRf:0, Rd:0/0, Dy:0/0, Lg:616/1) +M(C:0K, Fs:8, WS:-10216K # 24K, PF:-10256K # 12K, P:-10256K)
[14] 0.000021 +J(0)
[15] 0.000632 +J(0) +M(C:0K, Fs:206, WS:820K # 0K, PF:68K # 0K, P:68K)
[16] 0.000369 -0.000184 (1) WT +J(0) +M(C:0K, Fs:3, WS:4K # 0K, PF:0K # 0K, P:0K).",,,,
2026-09-02T03:42:23.760921Z,"{'#attributes': {'Qualifiers': 0}, '#text': 330}",dc.scaffold.htb,NTDS ISAM,Directory Service,1145,4,,,NTDS,"676,D,50",,,NTDSA: ,C:\Windows\NTDS\ntds.dit,0x22D8 (8920),8920 (0x22d8),9360 (0x2490),,,
2026-09-02T03:42:23.760921Z,"{'#attributes': {'Qualifiers': 0}, '#text': 326}",dc.scaffold.htb,NTDS ISAM,Directory Service,1146,4,,,NTDS,"676,D,50",,,NTDSA: ,1,C:\Windows\NTDS\ntds.dit,0,"
[1] 0.000005 +J(0) +M(C:0K, Fs:1, WS:4K # 0K, PF:0K # 0K, P:0K)
[2] 0.000634 -0.000456 (1) WT +J(0) +M(C:0K, Fs:19, WS:12K # 0K, PF:8K # 0K, P:8K)
[3] 0.005248 -0.001862 (6) WT +J(CM:0, PgRf:0, Rd:0/0, Dy:0/0, Lg:3480/2) +M(C:0K, Fs:17, WS:56K # 0K, PF:112K # 0K, P:112K)
[4] 0.000074 +J(0)
[5] -
[6] -
[7] -
[8] 0.002733 -0.000407 (2) CM -0.000334 (2) WT +J(CM:2, PgRf:2, Rd:4/2, Dy:0/0, Lg:0/0) +M(C:16K, Fs:43, WS:164K # 0K, PF:212K # 0K, P:212K)
[9] 0.002848 -0.002445 (5) CM -0.002273 (5) WT +J(CM:5, PgRf:24, Rd:0/5, Dy:0/0, Lg:0/0) +M(C:-8K, Fs:33, WS:104K # 0K, PF:196K # 0K, P:196K)
[10] 0.001004 -0.000811 (3) CM -0.000720 (3) WT +J(CM:3, PgRf:40, Rd:0/3, Dy:0/0, Lg:0/0) +M(C:-4K, Fs:6, WS:16K # 0K, PF:64K # 0K, P:64K)
[11] 0.000024 +J(CM:0, PgRf:1, Rd:0/0, Dy:0/0, Lg:0/0) +M(C:0K, Fs:4, WS:16K # 0K, PF:0K # 0K, P:0K)
[12] 0.000063 +J(CM:0, PgRf:48, Rd:0/0, Dy:0/0, Lg:0/0) +M(C:0K, Fs:2, WS:8K # 0K, PF:0K # 0K, P:0K)
[13] 0.000001 +J(0)
[14] 0.0 +J(0)
[15] 0.000006 +J(CM:0, PgRf:1, Rd:0/0, Dy:0/0, Lg:0/0).",0 0,"lgposAttach = 00000003:02CC:0268,
dbv = 1568.20.0 (8920)",
2026-09-02T03:42:23.760921Z,"{'#attributes': {'Qualifiers': 0}, '#text': 330}",dc.scaffold.htb,NTDS ISAM,Directory Service,1147,4,,,NTDS,"676,D,2",,,NTDSA: ,C:\Windows\NTDS\temp.edb,0x22D8 (8920),8920 (0x22d8),9360 (0x2490),,,
2026-09-02T03:42:23.760921Z,"{'#attributes': {'Qualifiers': 0}, '#text': 700}",dc.scaffold.htb,NTDS ISAM,Directory Service,1148,4,,,NTDS,"676,D,0",,,NTDSA: ,C:\Windows\NTDS\ntds.dit,,,,,,
2026-09-02T03:42:24.510919Z,"{'#attributes': {'Qualifiers': 0}, '#text': 701}",dc.scaffold.htb,NTDS ISAM,Directory Service,1149,4,,,NTDS,"676,D,0",,,NTDSA: ,C:\Windows\NTDS\ntds.dit,0,9/1/2026,0,1,1,24
2026-09-02T03:42:23.760921Z,"{'#attributes': {'Qualifiers': 16384}, '#text': 3033}",dc.scaffold.htb,Microsoft-Windows-ActiveDirectory_DomainService,Directory Service,1150,4,,,,,,,,,,,,,,
2026-09-02T03:42:23.760921Z,"{'#attributes': {'Qualifiers': 16384}, '#text': 3027}",dc.scaffold.htb,Microsoft-Windows-ActiveDirectory_DomainService,Directory Service,1151,4,,3600,,,,,,,,,,,,
2026-09-02T03:42:23.854671Z,"{'#attributes': {'Qualifiers': 16384}, '#text': 1869}",dc.scaffold.htb,Microsoft-Windows-ActiveDirectory_DomainService,Directory Service,1152,4,,,\\dc.scaffold.htb,Default-First-Site-Name,,,,,,,,,,
2026-09-02T04:11:27.573415Z,"{'#attributes': {'Qualifiers': 16384}, '#text': 2179}",dc.scaffold.htb,Microsoft-Windows-ActiveDirectory_DomainService,Directory Service,1153,4,,10366403936868254078,,,,,,,,,,,,
2026-09-02T04:11:29.604666Z,"{'#attributes': {'Qualifiers': 16384}, '#text': 1004}",dc.scaffold.htb,Microsoft-Windows-ActiveDirectory_DomainService,Directory Service,1154,4,,,,,,,,,,,,,,
2026-09-02T04:13:53.576773Z,"{'#attributes': {'Qualifiers': 32768}, '#text': 3051}",dc.scaffold.htb,Microsoft-Windows-ActiveDirectory_DomainService,Directory Service,1155,3,,,,,,,,,,,,,,
2026-09-02T04:13:53.576773Z,"{'#attributes': {'Qualifiers': 32768}, '#text': 3054}",dc.scaffold.htb,Microsoft-Windows-ActiveDirectory_DomainService,Directory Service,1156,3,,,,,,,,,,,,,,
2026-09-02T04:13:53.795586Z,"{'#attributes': {'Qualifiers': 16384}, '#text': 2121}",dc.scaffold.htb,Microsoft-Windows-ActiveDirectory_DomainService,Directory Service,1157,4,,,,,,,,,,,,,,
2026-09-02T04:13:53.795586Z,"{'#attributes': {'Qualifiers': 16384}, '#text': 2406}",dc.scaffold.htb,Microsoft-Windows-ActiveDirectory_DomainService,Directory Service,1158,4,,Recycle Bin Feature,,,,,,,,,,,,
2026-09-02T04:13:53.795586Z,"{'#attributes': {'Qualifiers': 16384}, '#text': 2406}",dc.scaffold.htb,Microsoft-Windows-ActiveDirectory_DomainService,Directory Service,1159,4,,Privileged Access Management Feature,,,,,,,,,,,,
2026-09-02T04:13:53.795586Z,"{'#attributes': {'Qualifiers': 16384}, '#text': 2168}",dc.scaffold.htb,Microsoft-Windows-ActiveDirectory_DomainService,Directory Service,1160,4,,10366403936868254078,,,,,,,,,,,,
2026-09-02T04:13:53.795586Z,"{'#attributes': {'Qualifiers': 16384}, '#text': 2172}",dc.scaffold.htb,Microsoft-Windows-ActiveDirectory_DomainService,Directory Service,1161,4,,10366403936868254078,,,,,,,,,,,,
2026-09-02T04:13:53.811150Z,"{'#attributes': {'Qualifiers': 16384}, '#text': 2120}",dc.scaffold.htb,Microsoft-Windows-ActiveDirectory_DomainService,Directory Service,1162,4,,,,,,,,,,,,,,
2026-09-02T04:13:53.811150Z,"{'#attributes': {'Qualifiers': 16384}, '#text': 2405}",dc.scaffold.htb,Microsoft-Windows-ActiveDirectory_DomainService,Directory Service,1163,4,,Recycle Bin Feature,,,,,,,,,,,,
2026-09-02T04:13:53.811150Z,"{'#attributes': {'Qualifiers': 16384}, '#text': 2405}",dc.scaffold.htb,Microsoft-Windows-ActiveDirectory_DomainService,Directory Service,1164,4,,Privileged Access Management Feature,,,,,,,,,,,,
2026-09-02T04:14:03.826841Z,"{'#attributes': {'Qualifiers': 32768}, '#text': 2886}",dc.scaffold.htb,Microsoft-Windows-ActiveDirectory_DomainService,Directory Service,1165,3,,,,,,,,,,,,,,
2026-09-02T04:14:03.826841Z,"{'#attributes': {'Qualifiers': 32768}, '#text': 3041}",dc.scaffold.htb,Microsoft-Windows-ActiveDirectory_DomainService,Directory Service,1166,3,,,,,,,,,,,,,,
2026-09-02T04:14:03.826841Z,"{'#attributes': {'Qualifiers': 16384}, '#text': 1000}",dc.scaffold.htb,Microsoft-Windows-ActiveDirectory_DomainService,Directory Service,1167,4,,,,,,,,,,,,,,
2026-09-02T04:14:33.842410Z,"{'#attributes': {'Qualifiers': 16384}, '#text': 1394}",dc.scaffold.htb,Microsoft-Windows-ActiveDirectory_DomainService,Directory Service,1168,4,,,,,,,,,,,,,,
2026-09-02T04:15:24.764267Z,"{'#attributes': {'Qualifiers': 16384}, '#text': 2179}",dc.scaffold.htb,Microsoft-Windows-ActiveDirectory_DomainService,Directory Service,1169,4,,10366403936868254078,,,,,,,,,,,,
2026-09-02T04:15:25.420517Z,"{'#attributes': {'Qualifiers': 16384}, '#text': 1004}",dc.scaffold.htb,Microsoft-Windows-ActiveDirectory_DomainService,Directory Service,1170,4,,,,,,,,,,,,,,
2026-09-02T04:22:48.466804Z,"{'#attributes': {'Qualifiers': 32768}, '#text': 3051}",dc.scaffold.htb,Microsoft-Windows-ActiveDirectory_DomainService,Directory Service,1171,3,,,,,,,,,,,,,,
2026-09-02T04:22:48.466804Z,"{'#attributes': {'Qualifiers': 32768}, '#text': 3054}",dc.scaffold.htb,Microsoft-Windows-ActiveDirectory_DomainService,Directory Service,1172,3,,,,,,,,,,,,,,
2026-09-02T04:22:48.669945Z,"{'#attributes': {'Qualifiers': 16384}, '#text': 2121}",dc.scaffold.htb,Microsoft-Windows-ActiveDirectory_DomainService,Directory Service,1173,4,,,,,,,,,,,,,,
2026-09-02T04:22:48.669945Z,"{'#attributes': {'Qualifiers': 16384}, '#text': 2406}",dc.scaffold.htb,Microsoft-Windows-ActiveDirectory_DomainService,Directory Service,1174,4,,Recycle Bin Feature,,,,,,,,,,,,
2026-09-02T04:22:48.669945Z,"{'#attributes': {'Qualifiers': 16384}, '#text': 2406}",dc.scaffold.htb,Microsoft-Windows-ActiveDirectory_DomainService,Directory Service,1175,4,,Privileged Access Management Feature,,,,,,,,,,,,
2026-09-02T04:22:48.669945Z,"{'#attributes': {'Qualifiers': 16384}, '#text': 2168}",dc.scaffold.htb,Microsoft-Windows-ActiveDirectory_DomainService,Directory Service,1176,4,,10366403936868254078,,,,,,,,,,,,
2026-09-02T04:22:48.669945Z,"{'#attributes': {'Qualifiers': 16384}, '#text': 2172}",dc.scaffold.htb,Microsoft-Windows-ActiveDirectory_DomainService,Directory Service,1177,4,,10366403936868254078,,,,,,,,,,,,
2026-09-02T04:22:48.669945Z,"{'#attributes': {'Qualifiers': 16384}, '#text': 2120}",dc.scaffold.htb,Microsoft-Windows-ActiveDirectory_DomainService,Directory Service,1178,4,,,,,,,,,,,,,,
2026-09-02T04:22:48.669945Z,"{'#attributes': {'Qualifiers': 16384}, '#text': 2405}",dc.scaffold.htb,Microsoft-Windows-ActiveDirectory_DomainService,Directory Service,1179,4,,Recycle Bin Feature,,,,,,,,,,,,
2026-09-02T04:22:48.669945Z,"{'#attributes': {'Qualifiers': 16384}, '#text': 2405}",dc.scaffold.htb,Microsoft-Windows-ActiveDirectory_DomainService,Directory Service,1180,4,,Privileged Access Management Feature,,,,,,,,,,,,
2026-09-02T04:22:58.685600Z,"{'#attributes': {'Qualifiers': 32768}, '#text': 2886}",dc.scaffold.htb,Microsoft-Windows-ActiveDirectory_DomainService,Directory Service,1181,3,,,,,,,,,,,,,,
2026-09-02T04:22:58.685600Z,"{'#attributes': {'Qualifiers': 32768}, '#text': 3041}",dc.scaffold.htb,Microsoft-Windows-ActiveDirectory_DomainService,Directory Service,1182,3,,,,,,,,,,,,,,
2026-09-02T04:22:58.685600Z,"{'#attributes': {'Qualifiers': 16384}, '#text': 1000}",dc.scaffold.htb,Microsoft-Windows-ActiveDirectory_DomainService,Directory Service,1183,4,,,,,,,,,,,,,,
2026-09-02T04:23:28.701207Z,"{'#attributes': {'Qualifiers': 16384}, '#text': 1394}",dc.scaffold.htb,Microsoft-Windows-ActiveDirectory_DomainService,Directory Service,1184,4,,,,,,,,,,,,,,
2026-09-02T04:24:04.623049Z,"{'#attributes': {'Qualifiers': 16384}, '#text': 2179}",dc.scaffold.htb,Microsoft-Windows-ActiveDirectory_DomainService,Directory Service,1185,4,,10366403936868254078,,,,,,,,,,,,
2026-09-02T04:24:06.279305Z,"{'#attributes': {'Qualifiers': 16384}, '#text': 1004}",dc.scaffold.htb,Microsoft-Windows-ActiveDirectory_DomainService,Directory Service,1186,4,,,,,,,,,,,,,,
2026-09-02T04:43:49.320156Z,"{'#attributes': {'Qualifiers': 32768}, '#text': 3051}",dc.scaffold.htb,Microsoft-Windows-ActiveDirectory_DomainService,Directory Service,1187,3,,,,,,,,,,,,,,
2026-09-02T04:43:49.320156Z,"{'#attributes': {'Qualifiers': 32768}, '#text': 3054}",dc.scaffold.htb,Microsoft-Windows-ActiveDirectory_DomainService,Directory Service,1188,3,,,,,,,,,,,,,,
2026-09-02T04:43:49.538921Z,"{'#attributes': {'Qualifiers': 16384}, '#text': 2121}",dc.scaffold.htb,Microsoft-Windows-ActiveDirectory_DomainService,Directory Service,1189,4,,,,,,,,,,,,,,
2026-09-02T04:43:49.538921Z,"{'#attributes': {'Qualifiers': 16384}, '#text': 2406}",dc.scaffold.htb,Microsoft-Windows-ActiveDirectory_DomainService,Directory Service,1190,4,,Recycle Bin Feature,,,,,,,,,,,,
2026-09-02T04:43:49.538921Z,"{'#attributes': {'Qualifiers': 16384}, '#text': 2406}",dc.scaffold.htb,Microsoft-Windows-ActiveDirectory_DomainService,Directory Service,1191,4,,Privileged Access Management Feature,,,,,,,,,,,,
2026-09-02T04:43:49.538921Z,"{'#attributes': {'Qualifiers': 16384}, '#text': 2168}",dc.scaffold.htb,Microsoft-Windows-ActiveDirectory_DomainService,Directory Service,1192,4,,10366403936868254078,,,,,,,,,,,,
2026-09-02T04:43:49.538921Z,"{'#attributes': {'Qualifiers': 16384}, '#text': 2172}",dc.scaffold.htb,Microsoft-Windows-ActiveDirectory_DomainService,Directory Service,1193,4,,10366403936868254078,,,,,,,,,,,,
2026-09-02T04:43:49.538921Z,"{'#attributes': {'Qualifiers': 16384}, '#text': 2120}",dc.scaffold.htb,Microsoft-Windows-ActiveDirectory_DomainService,Directory Service,1194,4,,,,,,,,,,,,,,
2026-09-02T04:43:49.538921Z,"{'#attributes': {'Qualifiers': 16384}, '#text': 2405}",dc.scaffold.htb,Microsoft-Windows-ActiveDirectory_DomainService,Directory Service,1195,4,,Recycle Bin Feature,,,,,,,,,,,,
2026-09-02T04:43:49.538921Z,"{'#attributes': {'Qualifiers': 16384}, '#text': 2405}",dc.scaffold.htb,Microsoft-Windows-ActiveDirectory_DomainService,Directory Service,1196,4,,Privileged Access Management Feature,,,,,,,,,,,,
