2026-09-01T23:54:18.441062Z,3,dc.scaffold.htb,Microsoft-Windows-DNS-Server-Service,DNS Server,334,4,,DNS_EVENT_SHUTDOWN,,,,,,
2026-09-01T23:54:45.032927Z,7693,dc.scaffold.htb,Microsoft-Windows-DNS-Server-Service,DNS Server,335,4,,,,DNS_EVENT_SCOPE_EDNS_OPCODE_SET,65433,,,
2026-09-01T23:54:50.819945Z,4013,dc.scaffold.htb,Microsoft-Windows-DNS-Server-Service,DNS Server,336,3,,DNS_EVENT_DS_OPEN_WAIT,,,,,,
2026-09-01T23:55:14.567475Z,769,dc.scaffold.htb,Microsoft-Windows-DNS-Server-Service,DNS Server,337,4,,,.,DNS_EVENT_ZONE_LOAD_OK,_msdcs.scaffold.htb,NULL,dc.scaffold.htb,
2026-09-01T23:55:14.572766Z,769,dc.scaffold.htb,Microsoft-Windows-DNS-Server-Service,DNS Server,338,4,,,.,DNS_EVENT_ZONE_LOAD_OK,scaffold.htb,NULL,dc.scaffold.htb,
2026-09-01T23:55:14.574581Z,769,dc.scaffold.htb,Microsoft-Windows-DNS-Server-Service,DNS Server,339,4,,,.,DNS_EVENT_ZONE_LOAD_OK,TrustAnchors,NULL,dc.scaffold.htb,
2026-09-01T23:55:14.723964Z,2,dc.scaffold.htb,Microsoft-Windows-DNS-Server-Service,DNS Server,340,4,,DNS_EVENT_STARTUP_OK,,,,,,
2026-09-01T23:55:15.140903Z,4,dc.scaffold.htb,Microsoft-Windows-DNS-Server-Service,DNS Server,341,4,,DNS_EVENT_ZONE_LOAD_COMPLETE,,,,,,
2026-09-01T23:56:19.287337Z,3,dc.scaffold.htb,Microsoft-Windows-DNS-Server-Service,DNS Server,342,4,,DNS_EVENT_SHUTDOWN,,,,,,
2026-09-01T23:59:45.367167Z,7693,dc.scaffold.htb,Microsoft-Windows-DNS-Server-Service,DNS Server,343,4,,,,DNS_EVENT_SCOPE_EDNS_OPCODE_SET,65433,,,
2026-09-01T23:59:51.109908Z,4013,dc.scaffold.htb,Microsoft-Windows-DNS-Server-Service,DNS Server,344,3,,DNS_EVENT_DS_OPEN_WAIT,,,,,,
2026-09-02T00:00:15.012774Z,769,dc.scaffold.htb,Microsoft-Windows-DNS-Server-Service,DNS Server,345,4,,,.,DNS_EVENT_ZONE_LOAD_OK,_msdcs.scaffold.htb,NULL,dc.scaffold.htb,
2026-09-02T00:00:15.018205Z,769,dc.scaffold.htb,Microsoft-Windows-DNS-Server-Service,DNS Server,346,4,,,.,DNS_EVENT_ZONE_LOAD_OK,scaffold.htb,NULL,dc.scaffold.htb,
2026-09-02T00:00:15.020054Z,769,dc.scaffold.htb,Microsoft-Windows-DNS-Server-Service,DNS Server,347,4,,,.,DNS_EVENT_ZONE_LOAD_OK,TrustAnchors,NULL,dc.scaffold.htb,
2026-09-02T00:00:15.156633Z,2,dc.scaffold.htb,Microsoft-Windows-DNS-Server-Service,DNS Server,348,4,,DNS_EVENT_STARTUP_OK,,,,,,
2026-09-02T00:00:15.569736Z,4,dc.scaffold.htb,Microsoft-Windows-DNS-Server-Service,DNS Server,349,4,,DNS_EVENT_ZONE_LOAD_COMPLETE,,,,,,
2026-09-02T00:13:02.689160Z,407,dc.scaffold.htb,Microsoft-Windows-DNS-Server-Service,DNS Server,350,2,41270000,,,DNS_EVENT_CANNOT_BIND_UDP_SOCKET,169.254.87.5,,,
2026-09-02T00:13:02.689165Z,408,dc.scaffold.htb,Microsoft-Windows-DNS-Server-Service,DNS Server,351,2,,,,DNS_EVENT_OPEN_SOCKET_FOR_ADDRESS,169.254.87.5,,,
2026-09-02T00:13:02.689609Z,404,dc.scaffold.htb,Microsoft-Windows-DNS-Server-Service,DNS Server,352,2,41270000,,,DNS_EVENT_CANNOT_BIND_TCP_SOCKET,169.254.87.5,,,
2026-09-02T00:13:02.689611Z,408,dc.scaffold.htb,Microsoft-Windows-DNS-Server-Service,DNS Server,353,2,,,,DNS_EVENT_OPEN_SOCKET_FOR_ADDRESS,169.254.87.5,,,
2026-09-02T00:18:22.817303Z,3,dc.scaffold.htb,Microsoft-Windows-DNS-Server-Service,DNS Server,354,4,,DNS_EVENT_SHUTDOWN,,,,,,
2026-09-02T02:17:12.682106Z,7693,dc.scaffold.htb,Microsoft-Windows-DNS-Server-Service,DNS Server,355,4,,,,DNS_EVENT_SCOPE_EDNS_OPCODE_SET,65433,,,
2026-09-02T02:17:18.584682Z,4013,dc.scaffold.htb,Microsoft-Windows-DNS-Server-Service,DNS Server,356,3,,DNS_EVENT_DS_OPEN_WAIT,,,,,,
2026-09-02T02:17:42.707660Z,769,dc.scaffold.htb,Microsoft-Windows-DNS-Server-Service,DNS Server,357,4,,,.,DNS_EVENT_ZONE_LOAD_OK,_msdcs.scaffold.htb,NULL,dc.scaffold.htb,
2026-09-02T02:17:42.716819Z,769,dc.scaffold.htb,Microsoft-Windows-DNS-Server-Service,DNS Server,358,4,,,.,DNS_EVENT_ZONE_LOAD_OK,scaffold.htb,NULL,dc.scaffold.htb,
2026-09-02T02:17:42.719615Z,769,dc.scaffold.htb,Microsoft-Windows-DNS-Server-Service,DNS Server,359,4,,,.,DNS_EVENT_ZONE_LOAD_OK,TrustAnchors,NULL,dc.scaffold.htb,
2026-09-02T02:17:42.882371Z,2,dc.scaffold.htb,Microsoft-Windows-DNS-Server-Service,DNS Server,360,4,,DNS_EVENT_STARTUP_OK,,,,,,
2026-09-02T02:17:43.239786Z,4,dc.scaffold.htb,Microsoft-Windows-DNS-Server-Service,DNS Server,361,4,,DNS_EVENT_ZONE_LOAD_COMPLETE,,,,,,
2026-09-02T02:17:51.636872Z,3,dc.scaffold.htb,Microsoft-Windows-DNS-Server-Service,DNS Server,362,4,,DNS_EVENT_SHUTDOWN,,,,,,
2026-09-02T02:24:57.602403Z,7693,dc.scaffold.htb,Microsoft-Windows-DNS-Server-Service,DNS Server,363,4,,,,DNS_EVENT_SCOPE_EDNS_OPCODE_SET,65433,,,
2026-09-02T02:25:03.280935Z,4013,dc.scaffold.htb,Microsoft-Windows-DNS-Server-Service,DNS Server,364,3,,DNS_EVENT_DS_OPEN_WAIT,,,,,,
2026-09-02T02:25:27.349056Z,769,dc.scaffold.htb,Microsoft-Windows-DNS-Server-Service,DNS Server,365,4,,,.,DNS_EVENT_ZONE_LOAD_OK,_msdcs.scaffold.htb,NULL,dc.scaffold.htb,
2026-09-02T02:25:27.354162Z,769,dc.scaffold.htb,Microsoft-Windows-DNS-Server-Service,DNS Server,366,4,,,.,DNS_EVENT_ZONE_LOAD_OK,scaffold.htb,NULL,dc.scaffold.htb,
2026-09-02T02:25:27.356578Z,769,dc.scaffold.htb,Microsoft-Windows-DNS-Server-Service,DNS Server,367,4,,,.,DNS_EVENT_ZONE_LOAD_OK,TrustAnchors,NULL,dc.scaffold.htb,
2026-09-02T02:25:27.505818Z,2,dc.scaffold.htb,Microsoft-Windows-DNS-Server-Service,DNS Server,368,4,,DNS_EVENT_STARTUP_OK,,,,,,
2026-09-02T02:25:27.866637Z,4,dc.scaffold.htb,Microsoft-Windows-DNS-Server-Service,DNS Server,369,4,,DNS_EVENT_ZONE_LOAD_COMPLETE,,,,,,
2026-09-02T02:25:42.944265Z,3,dc.scaffold.htb,Microsoft-Windows-DNS-Server-Service,DNS Server,370,4,,DNS_EVENT_SHUTDOWN,,,,,,
2026-09-02T03:17:23.908407Z,7693,dc.scaffold.htb,Microsoft-Windows-DNS-Server-Service,DNS Server,371,4,,,,DNS_EVENT_SCOPE_EDNS_OPCODE_SET,65433,,,
2026-09-02T03:17:29.664947Z,4013,dc.scaffold.htb,Microsoft-Windows-DNS-Server-Service,DNS Server,372,3,,DNS_EVENT_DS_OPEN_WAIT,,,,,,
2026-09-02T03:17:53.547879Z,769,dc.scaffold.htb,Microsoft-Windows-DNS-Server-Service,DNS Server,373,4,,,.,DNS_EVENT_ZONE_LOAD_OK,_msdcs.scaffold.htb,NULL,dc.scaffold.htb,
2026-09-02T03:17:53.553121Z,769,dc.scaffold.htb,Microsoft-Windows-DNS-Server-Service,DNS Server,374,4,,,.,DNS_EVENT_ZONE_LOAD_OK,scaffold.htb,NULL,dc.scaffold.htb,
2026-09-02T03:17:53.554188Z,769,dc.scaffold.htb,Microsoft-Windows-DNS-Server-Service,DNS Server,375,4,,,.,DNS_EVENT_ZONE_LOAD_OK,TrustAnchors,NULL,dc.scaffold.htb,
2026-09-02T03:17:53.681694Z,2,dc.scaffold.htb,Microsoft-Windows-DNS-Server-Service,DNS Server,376,4,,DNS_EVENT_STARTUP_OK,,,,,,
2026-09-02T03:17:54.074847Z,4,dc.scaffold.htb,Microsoft-Windows-DNS-Server-Service,DNS Server,377,4,,DNS_EVENT_ZONE_LOAD_COMPLETE,,,,,,
2026-09-02T03:21:32.808937Z,3,dc.scaffold.htb,Microsoft-Windows-DNS-Server-Service,DNS Server,378,4,,DNS_EVENT_SHUTDOWN,,,,,,
2026-09-02T03:22:05.872362Z,7693,dc.scaffold.htb,Microsoft-Windows-DNS-Server-Service,DNS Server,379,4,,,,DNS_EVENT_SCOPE_EDNS_OPCODE_SET,65433,,,
2026-09-02T03:22:11.692375Z,4013,dc.scaffold.htb,Microsoft-Windows-DNS-Server-Service,DNS Server,380,3,,DNS_EVENT_DS_OPEN_WAIT,,,,,,
2026-09-02T03:22:35.237617Z,769,dc.scaffold.htb,Microsoft-Windows-DNS-Server-Service,DNS Server,381,4,,,.,DNS_EVENT_ZONE_LOAD_OK,_msdcs.scaffold.htb,NULL,dc.scaffold.htb,
2026-09-02T03:22:35.243632Z,769,dc.scaffold.htb,Microsoft-Windows-DNS-Server-Service,DNS Server,382,4,,,.,DNS_EVENT_ZONE_LOAD_OK,scaffold.htb,NULL,dc.scaffold.htb,
2026-09-02T03:22:35.245436Z,769,dc.scaffold.htb,Microsoft-Windows-DNS-Server-Service,DNS Server,383,4,,,.,DNS_EVENT_ZONE_LOAD_OK,TrustAnchors,NULL,dc.scaffold.htb,
2026-09-02T03:22:35.432336Z,2,dc.scaffold.htb,Microsoft-Windows-DNS-Server-Service,DNS Server,384,4,,DNS_EVENT_STARTUP_OK,,,,,,
2026-09-02T03:22:35.754396Z,4,dc.scaffold.htb,Microsoft-Windows-DNS-Server-Service,DNS Server,385,4,,DNS_EVENT_ZONE_LOAD_COMPLETE,,,,,,
2026-09-02T03:26:28.028314Z,3,dc.scaffold.htb,Microsoft-Windows-DNS-Server-Service,DNS Server,386,4,,DNS_EVENT_SHUTDOWN,,,,,,
2026-09-02T03:27:23.984452Z,7693,dc.scaffold.htb,Microsoft-Windows-DNS-Server-Service,DNS Server,387,4,,,,DNS_EVENT_SCOPE_EDNS_OPCODE_SET,65433,,,
2026-09-02T03:27:29.622144Z,4013,dc.scaffold.htb,Microsoft-Windows-DNS-Server-Service,DNS Server,388,3,,DNS_EVENT_DS_OPEN_WAIT,,,,,,
2026-09-02T03:27:53.932427Z,769,dc.scaffold.htb,Microsoft-Windows-DNS-Server-Service,DNS Server,389,4,,,.,DNS_EVENT_ZONE_LOAD_OK,_msdcs.scaffold.htb,NULL,dc.scaffold.htb,
2026-09-02T03:27:53.939032Z,769,dc.scaffold.htb,Microsoft-Windows-DNS-Server-Service,DNS Server,390,4,,,.,DNS_EVENT_ZONE_LOAD_OK,scaffold.htb,NULL,dc.scaffold.htb,
2026-09-02T03:27:53.940851Z,769,dc.scaffold.htb,Microsoft-Windows-DNS-Server-Service,DNS Server,391,4,,,.,DNS_EVENT_ZONE_LOAD_OK,TrustAnchors,NULL,dc.scaffold.htb,
2026-09-02T03:27:54.112655Z,2,dc.scaffold.htb,Microsoft-Windows-DNS-Server-Service,DNS Server,392,4,,DNS_EVENT_STARTUP_OK,,,,,,
2026-09-02T03:27:54.504421Z,4,dc.scaffold.htb,Microsoft-Windows-DNS-Server-Service,DNS Server,393,4,,DNS_EVENT_ZONE_LOAD_COMPLETE,,,,,,
2026-09-02T04:11:29.503968Z,3,dc.scaffold.htb,Microsoft-Windows-DNS-Server-Service,DNS Server,394,4,,DNS_EVENT_SHUTDOWN,,,,,,
2026-09-02T04:14:04.249564Z,7693,dc.scaffold.htb,Microsoft-Windows-DNS-Server-Service,DNS Server,395,4,,,,DNS_EVENT_SCOPE_EDNS_OPCODE_SET,65433,,,
2026-09-02T04:14:09.946492Z,4013,dc.scaffold.htb,Microsoft-Windows-DNS-Server-Service,DNS Server,396,3,,DNS_EVENT_DS_OPEN_WAIT,,,,,,
2026-09-02T04:14:33.993597Z,769,dc.scaffold.htb,Microsoft-Windows-DNS-Server-Service,DNS Server,397,4,,,.,DNS_EVENT_ZONE_LOAD_OK,_msdcs.scaffold.htb,NULL,dc.scaffold.htb,
2026-09-02T04:14:33.998547Z,769,dc.scaffold.htb,Microsoft-Windows-DNS-Server-Service,DNS Server,398,4,,,.,DNS_EVENT_ZONE_LOAD_OK,scaffold.htb,NULL,dc.scaffold.htb,
2026-09-02T04:14:34.001088Z,769,dc.scaffold.htb,Microsoft-Windows-DNS-Server-Service,DNS Server,399,4,,,.,DNS_EVENT_ZONE_LOAD_OK,TrustAnchors,NULL,dc.scaffold.htb,
2026-09-02T04:14:34.163344Z,2,dc.scaffold.htb,Microsoft-Windows-DNS-Server-Service,DNS Server,400,4,,DNS_EVENT_STARTUP_OK,,,,,,
2026-09-02T04:14:34.523452Z,4,dc.scaffold.htb,Microsoft-Windows-DNS-Server-Service,DNS Server,401,4,,DNS_EVENT_ZONE_LOAD_COMPLETE,,,,,,
2026-09-02T04:15:25.034814Z,3,dc.scaffold.htb,Microsoft-Windows-DNS-Server-Service,DNS Server,402,4,,DNS_EVENT_SHUTDOWN,,,,,,
2026-09-02T04:22:59.055808Z,7693,dc.scaffold.htb,Microsoft-Windows-DNS-Server-Service,DNS Server,403,4,,,,DNS_EVENT_SCOPE_EDNS_OPCODE_SET,65433,,,
2026-09-02T04:23:04.684158Z,4013,dc.scaffold.htb,Microsoft-Windows-DNS-Server-Service,DNS Server,404,3,,DNS_EVENT_DS_OPEN_WAIT,,,,,,
2026-09-02T04:23:28.822662Z,769,dc.scaffold.htb,Microsoft-Windows-DNS-Server-Service,DNS Server,405,4,,,.,DNS_EVENT_ZONE_LOAD_OK,_msdcs.scaffold.htb,NULL,dc.scaffold.htb,
2026-09-02T04:23:28.827578Z,769,dc.scaffold.htb,Microsoft-Windows-DNS-Server-Service,DNS Server,406,4,,,.,DNS_EVENT_ZONE_LOAD_OK,scaffold.htb,NULL,dc.scaffold.htb,
2026-09-02T04:23:28.830238Z,769,dc.scaffold.htb,Microsoft-Windows-DNS-Server-Service,DNS Server,407,4,,,.,DNS_EVENT_ZONE_LOAD_OK,TrustAnchors,NULL,dc.scaffold.htb,
2026-09-02T04:23:28.999039Z,2,dc.scaffold.htb,Microsoft-Windows-DNS-Server-Service,DNS Server,408,4,,DNS_EVENT_STARTUP_OK,,,,,,
2026-09-02T04:23:29.351778Z,4,dc.scaffold.htb,Microsoft-Windows-DNS-Server-Service,DNS Server,409,4,,DNS_EVENT_ZONE_LOAD_COMPLETE,,,,,,
2026-09-02T04:24:04.816776Z,3,dc.scaffold.htb,Microsoft-Windows-DNS-Server-Service,DNS Server,410,4,,DNS_EVENT_SHUTDOWN,,,,,,
2026-09-02T04:44:00.147656Z,7693,dc.scaffold.htb,Microsoft-Windows-DNS-Server-Service,DNS Server,411,4,,,,DNS_EVENT_SCOPE_EDNS_OPCODE_SET,65433,,,
2026-09-02T04:44:06.587039Z,4013,dc.scaffold.htb,Microsoft-Windows-DNS-Server-Service,DNS Server,412,3,,DNS_EVENT_DS_OPEN_WAIT,,,,,,
2026-09-02T04:44:29.706141Z,769,dc.scaffold.htb,Microsoft-Windows-DNS-Server-Service,DNS Server,413,4,,,.,DNS_EVENT_ZONE_LOAD_OK,_msdcs.scaffold.htb,NULL,dc.scaffold.htb,
2026-09-02T04:44:29.711594Z,769,dc.scaffold.htb,Microsoft-Windows-DNS-Server-Service,DNS Server,414,4,,,.,DNS_EVENT_ZONE_LOAD_OK,scaffold.htb,NULL,dc.scaffold.htb,
2026-09-02T04:44:29.713688Z,769,dc.scaffold.htb,Microsoft-Windows-DNS-Server-Service,DNS Server,415,4,,,.,DNS_EVENT_ZONE_LOAD_OK,TrustAnchors,NULL,dc.scaffold.htb,
2026-09-02T04:44:29.933652Z,2,dc.scaffold.htb,Microsoft-Windows-DNS-Server-Service,DNS Server,416,4,,DNS_EVENT_STARTUP_OK,,,,,,
2026-09-02T04:44:30.234012Z,4,dc.scaffold.htb,Microsoft-Windows-DNS-Server-Service,DNS Server,417,4,,DNS_EVENT_ZONE_LOAD_COMPLETE,,,,,,
2026-09-02T04:46:22.566437Z,3,dc.scaffold.htb,Microsoft-Windows-DNS-Server-Service,DNS Server,418,4,,DNS_EVENT_SHUTDOWN,,,,,,
2026-09-02T04:54:44.147936Z,7693,dc.scaffold.htb,Microsoft-Windows-DNS-Server-Service,DNS Server,419,4,,,,DNS_EVENT_SCOPE_EDNS_OPCODE_SET,65433,,,
2026-09-02T04:54:54.200169Z,4013,dc.scaffold.htb,Microsoft-Windows-DNS-Server-Service,DNS Server,420,3,,DNS_EVENT_DS_OPEN_WAIT,,,,,,
2026-09-02T04:55:12.951734Z,769,dc.scaffold.htb,Microsoft-Windows-DNS-Server-Service,DNS Server,421,4,,,.,DNS_EVENT_ZONE_LOAD_OK,_msdcs.scaffold.htb,NULL,dc.scaffold.htb,
2026-09-02T04:55:12.964498Z,769,dc.scaffold.htb,Microsoft-Windows-DNS-Server-Service,DNS Server,422,4,,,.,DNS_EVENT_ZONE_LOAD_OK,scaffold.htb,NULL,dc.scaffold.htb,
2026-09-02T04:55:12.966390Z,769,dc.scaffold.htb,Microsoft-Windows-DNS-Server-Service,DNS Server,423,4,,,.,DNS_EVENT_ZONE_LOAD_OK,TrustAnchors,NULL,dc.scaffold.htb,
2026-09-02T04:55:13.425329Z,2,dc.scaffold.htb,Microsoft-Windows-DNS-Server-Service,DNS Server,424,4,,DNS_EVENT_STARTUP_OK,,,,,,
2026-09-02T04:55:13.833169Z,4,dc.scaffold.htb,Microsoft-Windows-DNS-Server-Service,DNS Server,425,4,,DNS_EVENT_ZONE_LOAD_COMPLETE,,,,,,
2026-09-02T04:55:47.814009Z,3,dc.scaffold.htb,Microsoft-Windows-DNS-Server-Service,DNS Server,426,4,,DNS_EVENT_SHUTDOWN,,,,,,
2026-09-02T05:42:25.768191Z,7693,dc.scaffold.htb,Microsoft-Windows-DNS-Server-Service,DNS Server,427,4,,,,DNS_EVENT_SCOPE_EDNS_OPCODE_SET,65433,,,
2026-09-02T05:42:32.459871Z,4013,dc.scaffold.htb,Microsoft-Windows-DNS-Server-Service,DNS Server,428,3,,DNS_EVENT_DS_OPEN_WAIT,,,,,,
2026-09-02T05:42:55.095336Z,769,dc.scaffold.htb,Microsoft-Windows-DNS-Server-Service,DNS Server,429,4,,,.,DNS_EVENT_ZONE_LOAD_OK,_msdcs.scaffold.htb,NULL,dc.scaffold.htb,
2026-09-02T05:42:55.102154Z,769,dc.scaffold.htb,Microsoft-Windows-DNS-Server-Service,DNS Server,430,4,,,.,DNS_EVENT_ZONE_LOAD_OK,scaffold.htb,NULL,dc.scaffold.htb,
2026-09-02T05:42:55.105065Z,769,dc.scaffold.htb,Microsoft-Windows-DNS-Server-Service,DNS Server,431,4,,,.,DNS_EVENT_ZONE_LOAD_OK,TrustAnchors,NULL,dc.scaffold.htb,
2026-09-02T05:42:55.923223Z,2,dc.scaffold.htb,Microsoft-Windows-DNS-Server-Service,DNS Server,432,4,,DNS_EVENT_STARTUP_OK,,,,,,
2026-09-02T05:42:56.005531Z,4,dc.scaffold.htb,Microsoft-Windows-DNS-Server-Service,DNS Server,433,4,,DNS_EVENT_ZONE_LOAD_COMPLETE,,,,,,
2026-09-02T06:00:40.901428Z,3,dc.scaffold.htb,Microsoft-Windows-DNS-Server-Service,DNS Server,434,4,,DNS_EVENT_SHUTDOWN,,,,,,
2026-09-08T02:18:01.626106Z,7693,dc.scaffold.htb,Microsoft-Windows-DNS-Server-Service,DNS Server,435,4,,,,DNS_EVENT_SCOPE_EDNS_OPCODE_SET,65433,,,
2026-09-08T02:18:09.987920Z,4013,dc.scaffold.htb,Microsoft-Windows-DNS-Server-Service,DNS Server,436,3,,DNS_EVENT_DS_OPEN_WAIT,,,,,,
2026-09-08T02:18:30.665963Z,769,dc.scaffold.htb,Microsoft-Windows-DNS-Server-Service,DNS Server,437,4,,,.,DNS_EVENT_ZONE_LOAD_OK,_msdcs.scaffold.htb,NULL,dc.scaffold.htb,
2026-09-08T02:18:30.679716Z,769,dc.scaffold.htb,Microsoft-Windows-DNS-Server-Service,DNS Server,438,4,,,.,DNS_EVENT_ZONE_LOAD_OK,scaffold.htb,NULL,dc.scaffold.htb,
2026-09-08T02:18:30.681626Z,769,dc.scaffold.htb,Microsoft-Windows-DNS-Server-Service,DNS Server,439,4,,,.,DNS_EVENT_ZONE_LOAD_OK,TrustAnchors,NULL,dc.scaffold.htb,
2026-09-08T02:18:31.164537Z,2,dc.scaffold.htb,Microsoft-Windows-DNS-Server-Service,DNS Server,440,4,,DNS_EVENT_STARTUP_OK,,,,,,
2026-09-08T02:18:31.537666Z,4,dc.scaffold.htb,Microsoft-Windows-DNS-Server-Service,DNS Server,441,4,,DNS_EVENT_ZONE_LOAD_COMPLETE,,,,,,
2026-09-08T03:00:49.180237Z,3,dc.scaffold.htb,Microsoft-Windows-DNS-Server-Service,DNS Server,442,4,,DNS_EVENT_SHUTDOWN,,,,,,
2026-09-08T04:34:40.155933Z,7693,dc.scaffold.htb,Microsoft-Windows-DNS-Server-Service,DNS Server,443,4,,,,DNS_EVENT_SCOPE_EDNS_OPCODE_SET,65433,,,
2026-09-08T04:34:49.218045Z,4013,dc.scaffold.htb,Microsoft-Windows-DNS-Server-Service,DNS Server,444,3,,DNS_EVENT_DS_OPEN_WAIT,,,,,,
2026-09-08T04:35:09.133672Z,769,dc.scaffold.htb,Microsoft-Windows-DNS-Server-Service,DNS Server,445,4,,,.,DNS_EVENT_ZONE_LOAD_OK,_msdcs.scaffold.htb,NULL,dc.scaffold.htb,
2026-09-08T04:35:09.140650Z,769,dc.scaffold.htb,Microsoft-Windows-DNS-Server-Service,DNS Server,446,4,,,.,DNS_EVENT_ZONE_LOAD_OK,scaffold.htb,NULL,dc.scaffold.htb,
2026-09-08T04:35:09.142833Z,769,dc.scaffold.htb,Microsoft-Windows-DNS-Server-Service,DNS Server,447,4,,,.,DNS_EVENT_ZONE_LOAD_OK,TrustAnchors,NULL,dc.scaffold.htb,
2026-09-08T04:35:09.561615Z,2,dc.scaffold.htb,Microsoft-Windows-DNS-Server-Service,DNS Server,448,4,,DNS_EVENT_STARTUP_OK,,,,,,
2026-09-08T04:35:09.935458Z,4,dc.scaffold.htb,Microsoft-Windows-DNS-Server-Service,DNS Server,449,4,,DNS_EVENT_ZONE_LOAD_COMPLETE,,,,,,
2026-09-08T04:38:15.069233Z,3,dc.scaffold.htb,Microsoft-Windows-DNS-Server-Service,DNS Server,450,4,,DNS_EVENT_SHUTDOWN,,,,,,
2026-09-20T11:19:09.453601Z,7693,dc.scaffold.htb,Microsoft-Windows-DNS-Server-Service,DNS Server,451,4,,,,DNS_EVENT_SCOPE_EDNS_OPCODE_SET,65433,,,
2026-09-20T11:19:17.015012Z,4013,dc.scaffold.htb,Microsoft-Windows-DNS-Server-Service,DNS Server,452,3,,DNS_EVENT_DS_OPEN_WAIT,,,,,,
2026-09-20T11:19:54.932758Z,769,dc.scaffold.htb,Microsoft-Windows-DNS-Server-Service,DNS Server,453,4,,,.,DNS_EVENT_ZONE_LOAD_OK,_msdcs.scaffold.htb,NULL,dc.scaffold.htb,
2026-09-20T11:19:54.938116Z,769,dc.scaffold.htb,Microsoft-Windows-DNS-Server-Service,DNS Server,454,4,,,.,DNS_EVENT_ZONE_LOAD_OK,scaffold.htb,NULL,dc.scaffold.htb,
2026-09-20T11:19:54.939617Z,769,dc.scaffold.htb,Microsoft-Windows-DNS-Server-Service,DNS Server,455,4,,,.,DNS_EVENT_ZONE_LOAD_OK,TrustAnchors,NULL,dc.scaffold.htb,
2026-09-20T11:19:55.171010Z,2,dc.scaffold.htb,Microsoft-Windows-DNS-Server-Service,DNS Server,456,4,,DNS_EVENT_STARTUP_OK,,,,,,
2026-09-20T11:19:55.458111Z,4,dc.scaffold.htb,Microsoft-Windows-DNS-Server-Service,DNS Server,457,4,,DNS_EVENT_ZONE_LOAD_COMPLETE,,,,,,
