TimeGenerated,EventID,Computer,Provider,Channel,RecordID,Level,Binary,Name,VirtualizationID,attributes_Name,param1,param2,param3,param4
2026-05-13T14:42:33.079208Z,2,dc,Microsoft-Windows-DNS-Server-Service,DNS Server,1,4,,DNS_EVENT_STARTUP_OK,,,,,,
2026-05-13T14:43:05.205123Z,2631,dc,Microsoft-Windows-DNS-Server-Service,DNS Server,2,4,5C250000,,,DNS_EVENT_AUTOCONFIG_SUCCEEDED,DNS server forwarders,DNS resolver,,
2026-05-13T14:43:05.207492Z,3150,dc,Microsoft-Windows-DNS-Server-Service,DNS Server,3,4,,,,DNS_EVENT_ZONE_WRITE_COMPLETED,1,scaffold.htb,scaffold.htb.dns,
2026-05-13T14:43:05.222917Z,3150,dc,Microsoft-Windows-DNS-Server-Service,DNS Server,4,4,,,,DNS_EVENT_ZONE_WRITE_COMPLETED,1,_msdcs.scaffold.htb,_msdcs.scaffold.htb.dns,
2026-05-13T14:43:26.627452Z,3150,dc.scaffold.htb,Microsoft-Windows-DNS-Server-Service,DNS Server,5,4,,,,DNS_EVENT_ZONE_WRITE_COMPLETED,2,scaffold.htb,scaffold.htb.dns,
2026-05-13T14:43:26.630442Z,3,dc.scaffold.htb,Microsoft-Windows-DNS-Server-Service,DNS Server,6,4,,DNS_EVENT_SHUTDOWN,,,,,,
2026-05-13T14:43:51.715726Z,7693,dc.scaffold.htb,Microsoft-Windows-DNS-Server-Service,DNS Server,7,4,,,,DNS_EVENT_SCOPE_EDNS_OPCODE_SET,65433,,,
2026-05-13T14:43:57.138536Z,4013,dc.scaffold.htb,Microsoft-Windows-DNS-Server-Service,DNS Server,8,3,,DNS_EVENT_DS_OPEN_WAIT,,,,,,
2026-05-13T14:44:21.572413Z,769,dc.scaffold.htb,Microsoft-Windows-DNS-Server-Service,DNS Server,9,4,,,.,DNS_EVENT_ZONE_LOAD_OK,_msdcs.scaffold.htb,_msdcs.scaffold.htb.dns,dc.scaffold.htb,
2026-05-13T14:44:21.572632Z,769,dc.scaffold.htb,Microsoft-Windows-DNS-Server-Service,DNS Server,10,4,,,.,DNS_EVENT_ZONE_LOAD_OK,scaffold.htb,scaffold.htb.dns,dc.scaffold.htb,
2026-05-13T14:44:21.572634Z,4,dc.scaffold.htb,Microsoft-Windows-DNS-Server-Service,DNS Server,11,4,,DNS_EVENT_ZONE_LOAD_COMPLETE,,,,,,
2026-05-13T14:44:21.679623Z,2,dc.scaffold.htb,Microsoft-Windows-DNS-Server-Service,DNS Server,12,4,,DNS_EVENT_STARTUP_OK,,,,,,
2026-05-13T14:44:24.722706Z,4500,dc.scaffold.htb,Microsoft-Windows-DNS-Server-Service,DNS Server,13,4,,,,DNS_EVENT_DP_CREATED,DomainDnsZones.scaffold.htb,"DC=DomainDnsZones,DC=scaffold,DC=htb",,
2026-05-13T14:44:24.735106Z,4500,dc.scaffold.htb,Microsoft-Windows-DNS-Server-Service,DNS Server,14,4,,,,DNS_EVENT_DP_CREATED,ForestDnsZones.scaffold.htb,"DC=ForestDnsZones,DC=scaffold,DC=htb",,
2026-05-13T14:45:12.586793Z,5501,dc.scaffold.htb,Microsoft-Windows-DNS-Server-Service,DNS Server,15,4,84728183010000000300000004777061640B6C6F63616C646F6D61696E0000010001000006000100000005004001610C726F6F742D73657276657273036E657400056E73746C640C766572697369676E2D67727303636F6D0078C316E4000007080000038400093A800001518000002E00010000000501130006080000015180,,,DNS_EVENT_BAD_PACKET_LENGTH,192.168.116.2,,,
2026-05-13T14:55:12.978396Z,5501,dc.scaffold.htb,Microsoft-Windows-DNS-Server-Service,DNS Server,16,4,50298183010000000300000004777061640B6C6F63616C646F6D61696E0000010001000006000100000005004001610C726F6F742D73657276657273036E657400056E73746C640C766572697369676E2D67727303636F6D0078C316E4000007080000038400093A800001518000002E00010000000501130006080000015180,,,DNS_EVENT_BAD_PACKET_LENGTH,192.168.116.2,,,
2026-05-13T15:12:59.973703Z,5501,dc.scaffold.htb,Microsoft-Windows-DNS-Server-Service,DNS Server,17,4,7C9A8183010000000300000004777061640B6C6F63616C646F6D61696E0000010001000006000100000005004001610C726F6F742D73657276657273036E657400056E73746C640C766572697369676E2D67727303636F6D0078C316E4000007080000038400093A800001518000002E00010000000501130006080000015180,,,DNS_EVENT_BAD_PACKET_LENGTH,192.168.116.2,,,
2026-05-13T15:16:29.400703Z,407,dc.scaffold.htb,Microsoft-Windows-DNS-Server-Service,DNS Server,18,2,41270000,,,DNS_EVENT_CANNOT_BIND_UDP_SOCKET,169.254.176.35,,,
2026-05-13T15:16:29.400749Z,408,dc.scaffold.htb,Microsoft-Windows-DNS-Server-Service,DNS Server,19,2,,,,DNS_EVENT_OPEN_SOCKET_FOR_ADDRESS,169.254.176.35,,,
2026-05-13T15:16:29.403752Z,404,dc.scaffold.htb,Microsoft-Windows-DNS-Server-Service,DNS Server,20,2,41270000,,,DNS_EVENT_CANNOT_BIND_TCP_SOCKET,169.254.176.35,,,
2026-05-13T15:16:29.403760Z,408,dc.scaffold.htb,Microsoft-Windows-DNS-Server-Service,DNS Server,21,2,,,,DNS_EVENT_OPEN_SOCKET_FOR_ADDRESS,169.254.176.35,,,
2026-05-13T15:27:33.919319Z,407,dc.scaffold.htb,Microsoft-Windows-DNS-Server-Service,DNS Server,22,2,41270000,,,DNS_EVENT_CANNOT_BIND_UDP_SOCKET,192.168.100.6,,,
2026-05-13T15:27:33.919331Z,408,dc.scaffold.htb,Microsoft-Windows-DNS-Server-Service,DNS Server,23,2,,,,DNS_EVENT_OPEN_SOCKET_FOR_ADDRESS,192.168.100.6,,,
2026-05-13T15:27:33.920527Z,404,dc.scaffold.htb,Microsoft-Windows-DNS-Server-Service,DNS Server,24,2,41270000,,,DNS_EVENT_CANNOT_BIND_TCP_SOCKET,192.168.100.6,,,
2026-05-13T15:27:33.920531Z,408,dc.scaffold.htb,Microsoft-Windows-DNS-Server-Service,DNS Server,25,2,,,,DNS_EVENT_OPEN_SOCKET_FOR_ADDRESS,192.168.100.6,,,
2026-05-13T17:06:18.173532Z,3,dc.scaffold.htb,Microsoft-Windows-DNS-Server-Service,DNS Server,26,4,,DNS_EVENT_SHUTDOWN,,,,,,
2026-05-13T20:08:02.994987Z,7693,dc.scaffold.htb,Microsoft-Windows-DNS-Server-Service,DNS Server,27,4,,,,DNS_EVENT_SCOPE_EDNS_OPCODE_SET,65433,,,
2026-05-13T20:08:11.006188Z,4013,dc.scaffold.htb,Microsoft-Windows-DNS-Server-Service,DNS Server,28,3,,DNS_EVENT_DS_OPEN_WAIT,,,,,,
2026-05-13T20:08:31.678685Z,769,dc.scaffold.htb,Microsoft-Windows-DNS-Server-Service,DNS Server,29,4,,,.,DNS_EVENT_ZONE_LOAD_OK,_msdcs.scaffold.htb,NULL,dc.scaffold.htb,
2026-05-13T20:08:31.683847Z,769,dc.scaffold.htb,Microsoft-Windows-DNS-Server-Service,DNS Server,30,4,,,.,DNS_EVENT_ZONE_LOAD_OK,scaffold.htb,NULL,dc.scaffold.htb,
2026-05-13T20:08:31.833185Z,2,dc.scaffold.htb,Microsoft-Windows-DNS-Server-Service,DNS Server,31,4,,DNS_EVENT_STARTUP_OK,,,,,,
2026-05-13T20:08:32.205691Z,4,dc.scaffold.htb,Microsoft-Windows-DNS-Server-Service,DNS Server,32,4,,DNS_EVENT_ZONE_LOAD_COMPLETE,,,,,,
2026-05-13T23:17:26.737824Z,3,dc.scaffold.htb,Microsoft-Windows-DNS-Server-Service,DNS Server,33,4,,DNS_EVENT_SHUTDOWN,,,,,,
2026-05-13T23:17:58.051550Z,7693,dc.scaffold.htb,Microsoft-Windows-DNS-Server-Service,DNS Server,34,4,,,,DNS_EVENT_SCOPE_EDNS_OPCODE_SET,65433,,,
2026-05-13T23:18:03.241918Z,4013,dc.scaffold.htb,Microsoft-Windows-DNS-Server-Service,DNS Server,35,3,,DNS_EVENT_DS_OPEN_WAIT,,,,,,
2026-05-13T23:18:27.948257Z,769,dc.scaffold.htb,Microsoft-Windows-DNS-Server-Service,DNS Server,36,4,,,.,DNS_EVENT_ZONE_LOAD_OK,_msdcs.scaffold.htb,NULL,dc.scaffold.htb,
2026-05-13T23:18:27.950058Z,769,dc.scaffold.htb,Microsoft-Windows-DNS-Server-Service,DNS Server,37,4,,,.,DNS_EVENT_ZONE_LOAD_OK,scaffold.htb,NULL,dc.scaffold.htb,
2026-05-13T23:18:28.044707Z,2,dc.scaffold.htb,Microsoft-Windows-DNS-Server-Service,DNS Server,38,4,,DNS_EVENT_STARTUP_OK,,,,,,
2026-05-13T23:18:28.458168Z,4,dc.scaffold.htb,Microsoft-Windows-DNS-Server-Service,DNS Server,39,4,,DNS_EVENT_ZONE_LOAD_COMPLETE,,,,,,
2026-05-14T00:52:02.937528Z,3,dc.scaffold.htb,Microsoft-Windows-DNS-Server-Service,DNS Server,40,4,,DNS_EVENT_SHUTDOWN,,,,,,
2026-05-14T18:52:17.343140Z,7693,dc.scaffold.htb,Microsoft-Windows-DNS-Server-Service,DNS Server,41,4,,,,DNS_EVENT_SCOPE_EDNS_OPCODE_SET,65433,,,
2026-05-14T18:52:22.635483Z,4013,dc.scaffold.htb,Microsoft-Windows-DNS-Server-Service,DNS Server,42,3,,DNS_EVENT_DS_OPEN_WAIT,,,,,,
2026-05-14T18:52:47.111008Z,769,dc.scaffold.htb,Microsoft-Windows-DNS-Server-Service,DNS Server,43,4,,,.,DNS_EVENT_ZONE_LOAD_OK,_msdcs.scaffold.htb,NULL,dc.scaffold.htb,
2026-05-14T18:52:47.113076Z,769,dc.scaffold.htb,Microsoft-Windows-DNS-Server-Service,DNS Server,44,4,,,.,DNS_EVENT_ZONE_LOAD_OK,scaffold.htb,NULL,dc.scaffold.htb,
2026-05-14T18:52:47.206914Z,2,dc.scaffold.htb,Microsoft-Windows-DNS-Server-Service,DNS Server,45,4,,DNS_EVENT_STARTUP_OK,,,,,,
2026-05-14T18:52:47.627108Z,4,dc.scaffold.htb,Microsoft-Windows-DNS-Server-Service,DNS Server,46,4,,DNS_EVENT_ZONE_LOAD_COMPLETE,,,,,,
2026-05-14T23:41:10.598213Z,3,dc.scaffold.htb,Microsoft-Windows-DNS-Server-Service,DNS Server,47,4,,DNS_EVENT_SHUTDOWN,,,,,,
2026-05-15T14:55:20.920706Z,7693,dc.scaffold.htb,Microsoft-Windows-DNS-Server-Service,DNS Server,48,4,,,,DNS_EVENT_SCOPE_EDNS_OPCODE_SET,65433,,,
2026-05-15T14:55:26.475029Z,4013,dc.scaffold.htb,Microsoft-Windows-DNS-Server-Service,DNS Server,49,3,,DNS_EVENT_DS_OPEN_WAIT,,,,,,
2026-05-15T14:55:50.729223Z,769,dc.scaffold.htb,Microsoft-Windows-DNS-Server-Service,DNS Server,50,4,,,.,DNS_EVENT_ZONE_LOAD_OK,_msdcs.scaffold.htb,NULL,dc.scaffold.htb,
2026-05-15T14:55:50.731548Z,769,dc.scaffold.htb,Microsoft-Windows-DNS-Server-Service,DNS Server,51,4,,,.,DNS_EVENT_ZONE_LOAD_OK,scaffold.htb,NULL,dc.scaffold.htb,
2026-05-15T14:55:50.825052Z,2,dc.scaffold.htb,Microsoft-Windows-DNS-Server-Service,DNS Server,52,4,,DNS_EVENT_STARTUP_OK,,,,,,
2026-05-15T14:55:51.238034Z,4,dc.scaffold.htb,Microsoft-Windows-DNS-Server-Service,DNS Server,53,4,,DNS_EVENT_ZONE_LOAD_COMPLETE,,,,,,
2026-05-15T14:57:05.645051Z,407,dc.scaffold.htb,Microsoft-Windows-DNS-Server-Service,DNS Server,54,2,41270000,,,DNS_EVENT_CANNOT_BIND_UDP_SOCKET,169.254.33.238,,,
2026-05-15T14:57:05.645059Z,408,dc.scaffold.htb,Microsoft-Windows-DNS-Server-Service,DNS Server,55,2,,,,DNS_EVENT_OPEN_SOCKET_FOR_ADDRESS,169.254.33.238,,,
2026-05-15T14:57:05.646243Z,404,dc.scaffold.htb,Microsoft-Windows-DNS-Server-Service,DNS Server,56,2,41270000,,,DNS_EVENT_CANNOT_BIND_TCP_SOCKET,169.254.33.238,,,
2026-05-15T14:57:05.646247Z,408,dc.scaffold.htb,Microsoft-Windows-DNS-Server-Service,DNS Server,57,2,,,,DNS_EVENT_OPEN_SOCKET_FOR_ADDRESS,169.254.33.238,,,
2026-05-15T15:13:42.246996Z,3,dc.scaffold.htb,Microsoft-Windows-DNS-Server-Service,DNS Server,58,4,,DNS_EVENT_SHUTDOWN,,,,,,
2026-05-15T15:16:59.129002Z,7693,dc.scaffold.htb,Microsoft-Windows-DNS-Server-Service,DNS Server,59,4,,,,DNS_EVENT_SCOPE_EDNS_OPCODE_SET,65433,,,
2026-05-15T15:17:04.317746Z,4013,dc.scaffold.htb,Microsoft-Windows-DNS-Server-Service,DNS Server,60,3,,DNS_EVENT_DS_OPEN_WAIT,,,,,,
2026-05-15T15:17:28.995067Z,769,dc.scaffold.htb,Microsoft-Windows-DNS-Server-Service,DNS Server,61,4,,,.,DNS_EVENT_ZONE_LOAD_OK,_msdcs.scaffold.htb,NULL,dc.scaffold.htb,
2026-05-15T15:17:28.997985Z,769,dc.scaffold.htb,Microsoft-Windows-DNS-Server-Service,DNS Server,62,4,,,.,DNS_EVENT_ZONE_LOAD_OK,scaffold.htb,NULL,dc.scaffold.htb,
2026-05-15T15:17:29.128860Z,2,dc.scaffold.htb,Microsoft-Windows-DNS-Server-Service,DNS Server,63,4,,DNS_EVENT_STARTUP_OK,,,,,,
2026-05-15T15:17:29.513014Z,4,dc.scaffold.htb,Microsoft-Windows-DNS-Server-Service,DNS Server,64,4,,DNS_EVENT_ZONE_LOAD_COMPLETE,,,,,,
2026-05-17T13:52:22.408331Z,7693,dc.scaffold.htb,Microsoft-Windows-DNS-Server-Service,DNS Server,65,4,,,,DNS_EVENT_SCOPE_EDNS_OPCODE_SET,65433,,,
2026-05-17T13:52:27.615543Z,4013,dc.scaffold.htb,Microsoft-Windows-DNS-Server-Service,DNS Server,66,3,,DNS_EVENT_DS_OPEN_WAIT,,,,,,
2026-05-17T13:52:52.241626Z,769,dc.scaffold.htb,Microsoft-Windows-DNS-Server-Service,DNS Server,67,4,,,.,DNS_EVENT_ZONE_LOAD_OK,_msdcs.scaffold.htb,NULL,dc.scaffold.htb,
2026-05-17T13:52:52.244957Z,769,dc.scaffold.htb,Microsoft-Windows-DNS-Server-Service,DNS Server,68,4,,,.,DNS_EVENT_ZONE_LOAD_OK,scaffold.htb,NULL,dc.scaffold.htb,
2026-05-17T13:52:52.339532Z,2,dc.scaffold.htb,Microsoft-Windows-DNS-Server-Service,DNS Server,69,4,,DNS_EVENT_STARTUP_OK,,,,,,
2026-05-17T13:52:52.760649Z,4,dc.scaffold.htb,Microsoft-Windows-DNS-Server-Service,DNS Server,70,4,,DNS_EVENT_ZONE_LOAD_COMPLETE,,,,,,
2026-05-17T14:29:29.034719Z,3,dc.scaffold.htb,Microsoft-Windows-DNS-Server-Service,DNS Server,71,4,,DNS_EVENT_SHUTDOWN,,,,,,
2026-05-17T14:31:04.714048Z,7693,dc.scaffold.htb,Microsoft-Windows-DNS-Server-Service,DNS Server,72,4,,,,DNS_EVENT_SCOPE_EDNS_OPCODE_SET,65433,,,
2026-05-17T14:31:09.888224Z,4013,dc.scaffold.htb,Microsoft-Windows-DNS-Server-Service,DNS Server,73,3,,DNS_EVENT_DS_OPEN_WAIT,,,,,,
2026-05-17T14:31:34.614954Z,769,dc.scaffold.htb,Microsoft-Windows-DNS-Server-Service,DNS Server,74,4,,,.,DNS_EVENT_ZONE_LOAD_OK,_msdcs.scaffold.htb,NULL,dc.scaffold.htb,
2026-05-17T14:31:34.616621Z,769,dc.scaffold.htb,Microsoft-Windows-DNS-Server-Service,DNS Server,75,4,,,.,DNS_EVENT_ZONE_LOAD_OK,scaffold.htb,NULL,dc.scaffold.htb,
2026-05-17T14:31:34.712032Z,2,dc.scaffold.htb,Microsoft-Windows-DNS-Server-Service,DNS Server,76,4,,DNS_EVENT_STARTUP_OK,,,,,,
2026-05-17T14:31:35.144870Z,4,dc.scaffold.htb,Microsoft-Windows-DNS-Server-Service,DNS Server,77,4,,DNS_EVENT_ZONE_LOAD_COMPLETE,,,,,,
2026-05-17T15:09:16.725420Z,3,dc.scaffold.htb,Microsoft-Windows-DNS-Server-Service,DNS Server,78,4,,DNS_EVENT_SHUTDOWN,,,,,,
2026-05-17T15:10:37.172283Z,7693,dc.scaffold.htb,Microsoft-Windows-DNS-Server-Service,DNS Server,79,4,,,,DNS_EVENT_SCOPE_EDNS_OPCODE_SET,65433,,,
2026-05-17T15:10:42.419899Z,4013,dc.scaffold.htb,Microsoft-Windows-DNS-Server-Service,DNS Server,80,3,,DNS_EVENT_DS_OPEN_WAIT,,,,,,
2026-05-17T15:11:06.959963Z,769,dc.scaffold.htb,Microsoft-Windows-DNS-Server-Service,DNS Server,81,4,,,.,DNS_EVENT_ZONE_LOAD_OK,_msdcs.scaffold.htb,NULL,dc.scaffold.htb,
2026-05-17T15:11:06.961992Z,769,dc.scaffold.htb,Microsoft-Windows-DNS-Server-Service,DNS Server,82,4,,,.,DNS_EVENT_ZONE_LOAD_OK,scaffold.htb,NULL,dc.scaffold.htb,
2026-05-17T15:11:07.058867Z,2,dc.scaffold.htb,Microsoft-Windows-DNS-Server-Service,DNS Server,83,4,,DNS_EVENT_STARTUP_OK,,,,,,
2026-05-17T15:11:07.489651Z,4,dc.scaffold.htb,Microsoft-Windows-DNS-Server-Service,DNS Server,84,4,,DNS_EVENT_ZONE_LOAD_COMPLETE,,,,,,
2026-05-17T15:31:18.452922Z,3,dc.scaffold.htb,Microsoft-Windows-DNS-Server-Service,DNS Server,85,4,,DNS_EVENT_SHUTDOWN,,,,,,
2026-05-17T16:00:44.928310Z,7693,dc.scaffold.htb,Microsoft-Windows-DNS-Server-Service,DNS Server,86,4,,,,DNS_EVENT_SCOPE_EDNS_OPCODE_SET,65433,,,
2026-05-17T16:00:50.212807Z,4013,dc.scaffold.htb,Microsoft-Windows-DNS-Server-Service,DNS Server,87,3,,DNS_EVENT_DS_OPEN_WAIT,,,,,,
2026-05-17T16:01:14.733798Z,769,dc.scaffold.htb,Microsoft-Windows-DNS-Server-Service,DNS Server,88,4,,,.,DNS_EVENT_ZONE_LOAD_OK,_msdcs.scaffold.htb,NULL,dc.scaffold.htb,
2026-05-17T16:01:14.735504Z,769,dc.scaffold.htb,Microsoft-Windows-DNS-Server-Service,DNS Server,89,4,,,.,DNS_EVENT_ZONE_LOAD_OK,scaffold.htb,NULL,dc.scaffold.htb,
2026-05-17T16:01:14.829499Z,2,dc.scaffold.htb,Microsoft-Windows-DNS-Server-Service,DNS Server,90,4,,DNS_EVENT_STARTUP_OK,,,,,,
2026-05-17T16:01:15.257093Z,4,dc.scaffold.htb,Microsoft-Windows-DNS-Server-Service,DNS Server,91,4,,DNS_EVENT_ZONE_LOAD_COMPLETE,,,,,,
2026-05-17T16:14:21.897448Z,3,dc.scaffold.htb,Microsoft-Windows-DNS-Server-Service,DNS Server,92,4,,DNS_EVENT_SHUTDOWN,,,,,,
2026-05-17T16:15:15.273255Z,7693,dc.scaffold.htb,Microsoft-Windows-DNS-Server-Service,DNS Server,93,4,,,,DNS_EVENT_SCOPE_EDNS_OPCODE_SET,65433,,,
2026-05-17T16:15:20.515410Z,4013,dc.scaffold.htb,Microsoft-Windows-DNS-Server-Service,DNS Server,94,3,,DNS_EVENT_DS_OPEN_WAIT,,,,,,
2026-05-17T16:15:45.202572Z,769,dc.scaffold.htb,Microsoft-Windows-DNS-Server-Service,DNS Server,95,4,,,.,DNS_EVENT_ZONE_LOAD_OK,_msdcs.scaffold.htb,NULL,dc.scaffold.htb,
2026-05-17T16:15:45.204920Z,769,dc.scaffold.htb,Microsoft-Windows-DNS-Server-Service,DNS Server,96,4,,,.,DNS_EVENT_ZONE_LOAD_OK,scaffold.htb,NULL,dc.scaffold.htb,
2026-05-17T16:15:45.301135Z,2,dc.scaffold.htb,Microsoft-Windows-DNS-Server-Service,DNS Server,97,4,,DNS_EVENT_STARTUP_OK,,,,,,
2026-05-17T16:15:45.716161Z,4,dc.scaffold.htb,Microsoft-Windows-DNS-Server-Service,DNS Server,98,4,,DNS_EVENT_ZONE_LOAD_COMPLETE,,,,,,
2026-05-17T16:23:26.488413Z,3,dc.scaffold.htb,Microsoft-Windows-DNS-Server-Service,DNS Server,99,4,,DNS_EVENT_SHUTDOWN,,,,,,
2026-05-17T16:23:55.034821Z,7693,dc.scaffold.htb,Microsoft-Windows-DNS-Server-Service,DNS Server,100,4,,,,DNS_EVENT_SCOPE_EDNS_OPCODE_SET,65433,,,
2026-05-17T16:24:00.274645Z,4013,dc.scaffold.htb,Microsoft-Windows-DNS-Server-Service,DNS Server,101,3,,DNS_EVENT_DS_OPEN_WAIT,,,,,,
2026-05-17T16:24:24.890758Z,769,dc.scaffold.htb,Microsoft-Windows-DNS-Server-Service,DNS Server,102,4,,,.,DNS_EVENT_ZONE_LOAD_OK,_msdcs.scaffold.htb,NULL,dc.scaffold.htb,
2026-05-17T16:24:24.892861Z,769,dc.scaffold.htb,Microsoft-Windows-DNS-Server-Service,DNS Server,103,4,,,.,DNS_EVENT_ZONE_LOAD_OK,scaffold.htb,NULL,dc.scaffold.htb,
2026-05-17T16:24:24.988897Z,2,dc.scaffold.htb,Microsoft-Windows-DNS-Server-Service,DNS Server,104,4,,DNS_EVENT_STARTUP_OK,,,,,,
2026-05-17T16:24:25.408203Z,4,dc.scaffold.htb,Microsoft-Windows-DNS-Server-Service,DNS Server,105,4,,DNS_EVENT_ZONE_LOAD_COMPLETE,,,,,,
2026-05-17T16:29:20.872042Z,3,dc.scaffold.htb,Microsoft-Windows-DNS-Server-Service,DNS Server,106,4,,DNS_EVENT_SHUTDOWN,,,,,,
2026-05-17T16:36:26.055459Z,7693,dc.scaffold.htb,Microsoft-Windows-DNS-Server-Service,DNS Server,107,4,,,,DNS_EVENT_SCOPE_EDNS_OPCODE_SET,65433,,,
2026-05-17T16:36:31.384538Z,4013,dc.scaffold.htb,Microsoft-Windows-DNS-Server-Service,DNS Server,108,3,,DNS_EVENT_DS_OPEN_WAIT,,,,,,
2026-05-17T16:36:56.001214Z,769,dc.scaffold.htb,Microsoft-Windows-DNS-Server-Service,DNS Server,109,4,,,.,DNS_EVENT_ZONE_LOAD_OK,_msdcs.scaffold.htb,NULL,dc.scaffold.htb,
2026-05-17T16:36:56.003800Z,769,dc.scaffold.htb,Microsoft-Windows-DNS-Server-Service,DNS Server,110,4,,,.,DNS_EVENT_ZONE_LOAD_OK,scaffold.htb,NULL,dc.scaffold.htb,
2026-05-17T16:36:56.111684Z,2,dc.scaffold.htb,Microsoft-Windows-DNS-Server-Service,DNS Server,111,4,,DNS_EVENT_STARTUP_OK,,,,,,
2026-05-17T16:36:56.509559Z,4,dc.scaffold.htb,Microsoft-Windows-DNS-Server-Service,DNS Server,112,4,,DNS_EVENT_ZONE_LOAD_COMPLETE,,,,,,
2026-05-17T16:41:20.375550Z,3,dc.scaffold.htb,Microsoft-Windows-DNS-Server-Service,DNS Server,113,4,,DNS_EVENT_SHUTDOWN,,,,,,
2026-05-18T14:36:27.642767Z,7693,dc.scaffold.htb,Microsoft-Windows-DNS-Server-Service,DNS Server,114,4,,,,DNS_EVENT_SCOPE_EDNS_OPCODE_SET,65433,,,
2026-05-18T14:36:33.059629Z,4013,dc.scaffold.htb,Microsoft-Windows-DNS-Server-Service,DNS Server,115,3,,DNS_EVENT_DS_OPEN_WAIT,,,,,,
2026-05-18T14:36:57.450096Z,769,dc.scaffold.htb,Microsoft-Windows-DNS-Server-Service,DNS Server,116,4,,,.,DNS_EVENT_ZONE_LOAD_OK,_msdcs.scaffold.htb,NULL,dc.scaffold.htb,
2026-05-18T14:36:57.452851Z,769,dc.scaffold.htb,Microsoft-Windows-DNS-Server-Service,DNS Server,117,4,,,.,DNS_EVENT_ZONE_LOAD_OK,scaffold.htb,NULL,dc.scaffold.htb,
2026-05-18T14:36:57.560632Z,2,dc.scaffold.htb,Microsoft-Windows-DNS-Server-Service,DNS Server,118,4,,DNS_EVENT_STARTUP_OK,,,,,,
2026-05-18T14:36:57.970228Z,4,dc.scaffold.htb,Microsoft-Windows-DNS-Server-Service,DNS Server,119,4,,DNS_EVENT_ZONE_LOAD_COMPLETE,,,,,,
2026-05-18T14:38:35.218132Z,3,dc.scaffold.htb,Microsoft-Windows-DNS-Server-Service,DNS Server,120,4,,DNS_EVENT_SHUTDOWN,,,,,,
2026-05-18T22:09:17.976338Z,7693,dc.scaffold.htb,Microsoft-Windows-DNS-Server-Service,DNS Server,121,4,,,,DNS_EVENT_SCOPE_EDNS_OPCODE_SET,65433,,,
2026-05-18T22:09:23.198298Z,4013,dc.scaffold.htb,Microsoft-Windows-DNS-Server-Service,DNS Server,122,3,,DNS_EVENT_DS_OPEN_WAIT,,,,,,
2026-05-18T22:09:47.811337Z,769,dc.scaffold.htb,Microsoft-Windows-DNS-Server-Service,DNS Server,123,4,,,.,DNS_EVENT_ZONE_LOAD_OK,_msdcs.scaffold.htb,NULL,dc.scaffold.htb,
2026-05-18T22:09:47.814719Z,769,dc.scaffold.htb,Microsoft-Windows-DNS-Server-Service,DNS Server,124,4,,,.,DNS_EVENT_ZONE_LOAD_OK,scaffold.htb,NULL,dc.scaffold.htb,
2026-05-18T22:09:47.918495Z,2,dc.scaffold.htb,Microsoft-Windows-DNS-Server-Service,DNS Server,125,4,,DNS_EVENT_STARTUP_OK,,,,,,
2026-05-18T22:09:48.324125Z,4,dc.scaffold.htb,Microsoft-Windows-DNS-Server-Service,DNS Server,126,4,,DNS_EVENT_ZONE_LOAD_COMPLETE,,,,,,
2026-05-18T22:58:18.517844Z,3,dc.scaffold.htb,Microsoft-Windows-DNS-Server-Service,DNS Server,127,4,,DNS_EVENT_SHUTDOWN,,,,,,
2026-05-18T23:40:10.394985Z,7693,dc.scaffold.htb,Microsoft-Windows-DNS-Server-Service,DNS Server,128,4,,,,DNS_EVENT_SCOPE_EDNS_OPCODE_SET,65433,,,
2026-05-18T23:40:15.887670Z,4013,dc.scaffold.htb,Microsoft-Windows-DNS-Server-Service,DNS Server,129,3,,DNS_EVENT_DS_OPEN_WAIT,,,,,,
2026-05-18T23:40:40.200815Z,769,dc.scaffold.htb,Microsoft-Windows-DNS-Server-Service,DNS Server,130,4,,,.,DNS_EVENT_ZONE_LOAD_OK,_msdcs.scaffold.htb,NULL,dc.scaffold.htb,
2026-05-18T23:40:40.203594Z,769,dc.scaffold.htb,Microsoft-Windows-DNS-Server-Service,DNS Server,131,4,,,.,DNS_EVENT_ZONE_LOAD_OK,scaffold.htb,NULL,dc.scaffold.htb,
2026-05-18T23:40:40.298660Z,2,dc.scaffold.htb,Microsoft-Windows-DNS-Server-Service,DNS Server,132,4,,DNS_EVENT_STARTUP_OK,,,,,,
2026-05-18T23:40:40.725060Z,4,dc.scaffold.htb,Microsoft-Windows-DNS-Server-Service,DNS Server,133,4,,DNS_EVENT_ZONE_LOAD_COMPLETE,,,,,,
2026-05-18T23:51:27.103332Z,3,dc.scaffold.htb,Microsoft-Windows-DNS-Server-Service,DNS Server,134,4,,DNS_EVENT_SHUTDOWN,,,,,,
2026-05-21T23:19:07.643834Z,7693,dc.scaffold.htb,Microsoft-Windows-DNS-Server-Service,DNS Server,135,4,,,,DNS_EVENT_SCOPE_EDNS_OPCODE_SET,65433,,,
2026-05-21T23:19:13.326169Z,4013,dc.scaffold.htb,Microsoft-Windows-DNS-Server-Service,DNS Server,136,3,,DNS_EVENT_DS_OPEN_WAIT,,,,,,
2026-05-21T23:19:37.393503Z,769,dc.scaffold.htb,Microsoft-Windows-DNS-Server-Service,DNS Server,137,4,,,.,DNS_EVENT_ZONE_LOAD_OK,_msdcs.scaffold.htb,NULL,dc.scaffold.htb,
2026-05-21T23:19:37.396311Z,769,dc.scaffold.htb,Microsoft-Windows-DNS-Server-Service,DNS Server,138,4,,,.,DNS_EVENT_ZONE_LOAD_OK,scaffold.htb,NULL,dc.scaffold.htb,
2026-05-21T23:19:37.508776Z,2,dc.scaffold.htb,Microsoft-Windows-DNS-Server-Service,DNS Server,139,4,,DNS_EVENT_STARTUP_OK,,,,,,
2026-05-21T23:19:37.909702Z,4,dc.scaffold.htb,Microsoft-Windows-DNS-Server-Service,DNS Server,140,4,,DNS_EVENT_ZONE_LOAD_COMPLETE,,,,,,
2026-05-22T00:28:02.629296Z,3,dc.scaffold.htb,Microsoft-Windows-DNS-Server-Service,DNS Server,141,4,,DNS_EVENT_SHUTDOWN,,,,,,
2026-05-22T13:51:17.827783Z,7693,dc.scaffold.htb,Microsoft-Windows-DNS-Server-Service,DNS Server,142,4,,,,DNS_EVENT_SCOPE_EDNS_OPCODE_SET,65433,,,
2026-05-22T13:51:23.491461Z,4013,dc.scaffold.htb,Microsoft-Windows-DNS-Server-Service,DNS Server,143,3,,DNS_EVENT_DS_OPEN_WAIT,,,,,,
2026-05-22T13:51:47.410033Z,769,dc.scaffold.htb,Microsoft-Windows-DNS-Server-Service,DNS Server,144,4,,,.,DNS_EVENT_ZONE_LOAD_OK,_msdcs.scaffold.htb,NULL,dc.scaffold.htb,
2026-05-22T13:51:47.413128Z,769,dc.scaffold.htb,Microsoft-Windows-DNS-Server-Service,DNS Server,145,4,,,.,DNS_EVENT_ZONE_LOAD_OK,scaffold.htb,NULL,dc.scaffold.htb,
2026-05-22T13:51:47.511989Z,2,dc.scaffold.htb,Microsoft-Windows-DNS-Server-Service,DNS Server,146,4,,DNS_EVENT_STARTUP_OK,,,,,,
2026-05-22T13:51:47.928055Z,4,dc.scaffold.htb,Microsoft-Windows-DNS-Server-Service,DNS Server,147,4,,DNS_EVENT_ZONE_LOAD_COMPLETE,,,,,,
2026-05-22T21:24:36.528202Z,7693,dc.scaffold.htb,Microsoft-Windows-DNS-Server-Service,DNS Server,148,4,,,,DNS_EVENT_SCOPE_EDNS_OPCODE_SET,65433,,,
2026-05-22T21:24:41.875956Z,4013,dc.scaffold.htb,Microsoft-Windows-DNS-Server-Service,DNS Server,149,3,,DNS_EVENT_DS_OPEN_WAIT,,,,,,
2026-05-22T21:25:06.208063Z,769,dc.scaffold.htb,Microsoft-Windows-DNS-Server-Service,DNS Server,150,4,,,.,DNS_EVENT_ZONE_LOAD_OK,_msdcs.scaffold.htb,NULL,dc.scaffold.htb,
2026-05-22T21:25:06.211075Z,769,dc.scaffold.htb,Microsoft-Windows-DNS-Server-Service,DNS Server,151,4,,,.,DNS_EVENT_ZONE_LOAD_OK,scaffold.htb,NULL,dc.scaffold.htb,
2026-05-22T21:25:06.346581Z,2,dc.scaffold.htb,Microsoft-Windows-DNS-Server-Service,DNS Server,152,4,,DNS_EVENT_STARTUP_OK,,,,,,
2026-05-22T21:25:06.716636Z,4,dc.scaffold.htb,Microsoft-Windows-DNS-Server-Service,DNS Server,153,4,,DNS_EVENT_ZONE_LOAD_COMPLETE,,,,,,
2026-05-23T11:26:01.352560Z,7693,dc.scaffold.htb,Microsoft-Windows-DNS-Server-Service,DNS Server,154,4,,,,DNS_EVENT_SCOPE_EDNS_OPCODE_SET,65433,,,
2026-05-23T11:26:07.016842Z,4013,dc.scaffold.htb,Microsoft-Windows-DNS-Server-Service,DNS Server,155,3,,DNS_EVENT_DS_OPEN_WAIT,,,,,,
2026-05-23T11:26:31.133002Z,769,dc.scaffold.htb,Microsoft-Windows-DNS-Server-Service,DNS Server,156,4,,,.,DNS_EVENT_ZONE_LOAD_OK,_msdcs.scaffold.htb,NULL,dc.scaffold.htb,
2026-05-23T11:26:31.135609Z,769,dc.scaffold.htb,Microsoft-Windows-DNS-Server-Service,DNS Server,157,4,,,.,DNS_EVENT_ZONE_LOAD_OK,scaffold.htb,NULL,dc.scaffold.htb,
2026-05-23T11:26:31.232572Z,2,dc.scaffold.htb,Microsoft-Windows-DNS-Server-Service,DNS Server,158,4,,DNS_EVENT_STARTUP_OK,,,,,,
2026-05-23T11:26:31.669873Z,4,dc.scaffold.htb,Microsoft-Windows-DNS-Server-Service,DNS Server,159,4,,DNS_EVENT_ZONE_LOAD_COMPLETE,,,,,,
2026-05-23T12:40:59.474087Z,407,dc.scaffold.htb,Microsoft-Windows-DNS-Server-Service,DNS Server,160,2,41270000,,,DNS_EVENT_CANNOT_BIND_UDP_SOCKET,169.254.68.196,,,
2026-05-23T12:40:59.474091Z,408,dc.scaffold.htb,Microsoft-Windows-DNS-Server-Service,DNS Server,161,2,,,,DNS_EVENT_OPEN_SOCKET_FOR_ADDRESS,169.254.68.196,,,
2026-05-23T12:40:59.474350Z,404,dc.scaffold.htb,Microsoft-Windows-DNS-Server-Service,DNS Server,162,2,41270000,,,DNS_EVENT_CANNOT_BIND_TCP_SOCKET,169.254.68.196,,,
2026-05-23T12:40:59.474351Z,408,dc.scaffold.htb,Microsoft-Windows-DNS-Server-Service,DNS Server,163,2,,,,DNS_EVENT_OPEN_SOCKET_FOR_ADDRESS,169.254.68.196,,,
2026-05-23T12:57:27.480858Z,407,dc.scaffold.htb,Microsoft-Windows-DNS-Server-Service,DNS Server,164,2,41270000,,,DNS_EVENT_CANNOT_BIND_UDP_SOCKET,169.254.68.196,,,
2026-05-23T12:57:27.480863Z,408,dc.scaffold.htb,Microsoft-Windows-DNS-Server-Service,DNS Server,165,2,,,,DNS_EVENT_OPEN_SOCKET_FOR_ADDRESS,169.254.68.196,,,
2026-05-23T12:57:27.481565Z,404,dc.scaffold.htb,Microsoft-Windows-DNS-Server-Service,DNS Server,166,2,41270000,,,DNS_EVENT_CANNOT_BIND_TCP_SOCKET,169.254.68.196,,,
2026-05-23T12:57:27.481568Z,408,dc.scaffold.htb,Microsoft-Windows-DNS-Server-Service,DNS Server,167,2,,,,DNS_EVENT_OPEN_SOCKET_FOR_ADDRESS,169.254.68.196,,,
2026-05-23T13:32:07.896671Z,3,dc.scaffold.htb,Microsoft-Windows-DNS-Server-Service,DNS Server,168,4,,DNS_EVENT_SHUTDOWN,,,,,,
2026-05-23T13:32:32.731942Z,7693,dc.scaffold.htb,Microsoft-Windows-DNS-Server-Service,DNS Server,169,4,,,,DNS_EVENT_SCOPE_EDNS_OPCODE_SET,65433,,,
2026-05-23T13:32:38.059516Z,4013,dc.scaffold.htb,Microsoft-Windows-DNS-Server-Service,DNS Server,170,3,,DNS_EVENT_DS_OPEN_WAIT,,,,,,
2026-05-23T13:33:02.520021Z,769,dc.scaffold.htb,Microsoft-Windows-DNS-Server-Service,DNS Server,171,4,,,.,DNS_EVENT_ZONE_LOAD_OK,_msdcs.scaffold.htb,NULL,dc.scaffold.htb,
2026-05-23T13:33:02.525986Z,769,dc.scaffold.htb,Microsoft-Windows-DNS-Server-Service,DNS Server,172,4,,,.,DNS_EVENT_ZONE_LOAD_OK,scaffold.htb,NULL,dc.scaffold.htb,
2026-05-23T13:33:02.644576Z,2,dc.scaffold.htb,Microsoft-Windows-DNS-Server-Service,DNS Server,173,4,,DNS_EVENT_STARTUP_OK,,,,,,
2026-05-23T13:33:03.040241Z,4,dc.scaffold.htb,Microsoft-Windows-DNS-Server-Service,DNS Server,174,4,,DNS_EVENT_ZONE_LOAD_COMPLETE,,,,,,
2026-05-23T15:34:24.107197Z,3,dc.scaffold.htb,Microsoft-Windows-DNS-Server-Service,DNS Server,175,4,,DNS_EVENT_SHUTDOWN,,,,,,
2026-05-23T23:00:50.518048Z,7693,dc.scaffold.htb,Microsoft-Windows-DNS-Server-Service,DNS Server,176,4,,,,DNS_EVENT_SCOPE_EDNS_OPCODE_SET,65433,,,
2026-05-23T23:00:56.596120Z,4013,dc.scaffold.htb,Microsoft-Windows-DNS-Server-Service,DNS Server,177,3,,DNS_EVENT_DS_OPEN_WAIT,,,,,,
2026-05-23T23:01:20.430618Z,769,dc.scaffold.htb,Microsoft-Windows-DNS-Server-Service,DNS Server,178,4,,,.,DNS_EVENT_ZONE_LOAD_OK,_msdcs.scaffold.htb,NULL,dc.scaffold.htb,
2026-05-23T23:01:20.439607Z,769,dc.scaffold.htb,Microsoft-Windows-DNS-Server-Service,DNS Server,179,4,,,.,DNS_EVENT_ZONE_LOAD_OK,scaffold.htb,NULL,dc.scaffold.htb,
2026-05-23T23:01:20.616507Z,2,dc.scaffold.htb,Microsoft-Windows-DNS-Server-Service,DNS Server,180,4,,DNS_EVENT_STARTUP_OK,,,,,,
2026-05-23T23:01:20.971152Z,4,dc.scaffold.htb,Microsoft-Windows-DNS-Server-Service,DNS Server,181,4,,DNS_EVENT_ZONE_LOAD_COMPLETE,,,,,,
2026-05-24T00:05:12.967237Z,7693,dc.scaffold.htb,Microsoft-Windows-DNS-Server-Service,DNS Server,182,4,,,,DNS_EVENT_SCOPE_EDNS_OPCODE_SET,65433,,,
2026-05-24T00:05:18.473555Z,4013,dc.scaffold.htb,Microsoft-Windows-DNS-Server-Service,DNS Server,183,3,,DNS_EVENT_DS_OPEN_WAIT,,,,,,
2026-05-24T00:05:42.782485Z,769,dc.scaffold.htb,Microsoft-Windows-DNS-Server-Service,DNS Server,184,4,,,.,DNS_EVENT_ZONE_LOAD_OK,_msdcs.scaffold.htb,NULL,dc.scaffold.htb,
2026-05-24T00:05:42.785108Z,769,dc.scaffold.htb,Microsoft-Windows-DNS-Server-Service,DNS Server,185,4,,,.,DNS_EVENT_ZONE_LOAD_OK,scaffold.htb,NULL,dc.scaffold.htb,
2026-05-24T00:05:42.895535Z,2,dc.scaffold.htb,Microsoft-Windows-DNS-Server-Service,DNS Server,186,4,,DNS_EVENT_STARTUP_OK,,,,,,
2026-05-24T00:05:43.292042Z,4,dc.scaffold.htb,Microsoft-Windows-DNS-Server-Service,DNS Server,187,4,,DNS_EVENT_ZONE_LOAD_COMPLETE,,,,,,
2026-05-24T00:37:11.178227Z,3,dc.scaffold.htb,Microsoft-Windows-DNS-Server-Service,DNS Server,188,4,,DNS_EVENT_SHUTDOWN,,,,,,
2026-05-24T01:08:34.959022Z,7693,dc.scaffold.htb,Microsoft-Windows-DNS-Server-Service,DNS Server,189,4,,,,DNS_EVENT_SCOPE_EDNS_OPCODE_SET,65433,,,
2026-05-24T01:08:40.639207Z,4013,dc.scaffold.htb,Microsoft-Windows-DNS-Server-Service,DNS Server,190,3,,DNS_EVENT_DS_OPEN_WAIT,,,,,,
2026-05-24T01:09:04.826185Z,769,dc.scaffold.htb,Microsoft-Windows-DNS-Server-Service,DNS Server,191,4,,,.,DNS_EVENT_ZONE_LOAD_OK,_msdcs.scaffold.htb,NULL,dc.scaffold.htb,
2026-05-24T01:09:04.830003Z,769,dc.scaffold.htb,Microsoft-Windows-DNS-Server-Service,DNS Server,192,4,,,.,DNS_EVENT_ZONE_LOAD_OK,scaffold.htb,NULL,dc.scaffold.htb,
2026-05-24T01:09:04.927119Z,2,dc.scaffold.htb,Microsoft-Windows-DNS-Server-Service,DNS Server,193,4,,DNS_EVENT_STARTUP_OK,,,,,,
2026-05-24T01:09:05.353756Z,4,dc.scaffold.htb,Microsoft-Windows-DNS-Server-Service,DNS Server,194,4,,DNS_EVENT_ZONE_LOAD_COMPLETE,,,,,,
2026-05-24T01:13:12.782646Z,3,dc.scaffold.htb,Microsoft-Windows-DNS-Server-Service,DNS Server,195,4,,DNS_EVENT_SHUTDOWN,,,,,,
2026-05-24T10:55:33.470057Z,7693,dc.scaffold.htb,Microsoft-Windows-DNS-Server-Service,DNS Server,196,4,,,,DNS_EVENT_SCOPE_EDNS_OPCODE_SET,65433,,,
2026-05-24T10:55:39.447414Z,4013,dc.scaffold.htb,Microsoft-Windows-DNS-Server-Service,DNS Server,197,3,,DNS_EVENT_DS_OPEN_WAIT,,,,,,
2026-05-24T10:56:03.180931Z,769,dc.scaffold.htb,Microsoft-Windows-DNS-Server-Service,DNS Server,198,4,,,.,DNS_EVENT_ZONE_LOAD_OK,_msdcs.scaffold.htb,NULL,dc.scaffold.htb,
2026-05-24T10:56:03.184367Z,769,dc.scaffold.htb,Microsoft-Windows-DNS-Server-Service,DNS Server,199,4,,,.,DNS_EVENT_ZONE_LOAD_OK,scaffold.htb,NULL,dc.scaffold.htb,
2026-05-24T10:56:03.297203Z,2,dc.scaffold.htb,Microsoft-Windows-DNS-Server-Service,DNS Server,200,4,,DNS_EVENT_STARTUP_OK,,,,,,
2026-05-24T10:56:03.691844Z,4,dc.scaffold.htb,Microsoft-Windows-DNS-Server-Service,DNS Server,201,4,,DNS_EVENT_ZONE_LOAD_COMPLETE,,,,,,
2026-05-24T11:09:52.591299Z,407,dc.scaffold.htb,Microsoft-Windows-DNS-Server-Service,DNS Server,202,2,41270000,,,DNS_EVENT_CANNOT_BIND_UDP_SOCKET,169.254.85.118,,,
2026-05-24T11:09:52.591317Z,408,dc.scaffold.htb,Microsoft-Windows-DNS-Server-Service,DNS Server,203,2,,,,DNS_EVENT_OPEN_SOCKET_FOR_ADDRESS,169.254.85.118,,,
2026-05-24T11:09:52.592287Z,404,dc.scaffold.htb,Microsoft-Windows-DNS-Server-Service,DNS Server,204,2,41270000,,,DNS_EVENT_CANNOT_BIND_TCP_SOCKET,169.254.85.118,,,
2026-05-24T11:09:52.592292Z,408,dc.scaffold.htb,Microsoft-Windows-DNS-Server-Service,DNS Server,205,2,,,,DNS_EVENT_OPEN_SOCKET_FOR_ADDRESS,169.254.85.118,,,
2026-05-24T11:38:48.977992Z,3,dc.scaffold.htb,Microsoft-Windows-DNS-Server-Service,DNS Server,206,4,,DNS_EVENT_SHUTDOWN,,,,,,
2026-05-24T14:36:47.513246Z,7693,dc.scaffold.htb,Microsoft-Windows-DNS-Server-Service,DNS Server,207,4,,,,DNS_EVENT_SCOPE_EDNS_OPCODE_SET,65433,,,
2026-05-24T14:36:54.202407Z,4013,dc.scaffold.htb,Microsoft-Windows-DNS-Server-Service,DNS Server,208,3,,DNS_EVENT_DS_OPEN_WAIT,,,,,,
2026-05-24T14:37:17.349498Z,769,dc.scaffold.htb,Microsoft-Windows-DNS-Server-Service,DNS Server,209,4,,,.,DNS_EVENT_ZONE_LOAD_OK,_msdcs.scaffold.htb,NULL,dc.scaffold.htb,
2026-05-24T14:37:17.353247Z,769,dc.scaffold.htb,Microsoft-Windows-DNS-Server-Service,DNS Server,210,4,,,.,DNS_EVENT_ZONE_LOAD_OK,scaffold.htb,NULL,dc.scaffold.htb,
2026-05-24T14:37:17.354759Z,769,dc.scaffold.htb,Microsoft-Windows-DNS-Server-Service,DNS Server,211,4,,,.,DNS_EVENT_ZONE_LOAD_OK,TrustAnchors,NULL,dc.scaffold.htb,
2026-05-24T14:37:17.466713Z,2,dc.scaffold.htb,Microsoft-Windows-DNS-Server-Service,DNS Server,212,4,,DNS_EVENT_STARTUP_OK,,,,,,
2026-05-24T14:37:17.870620Z,4,dc.scaffold.htb,Microsoft-Windows-DNS-Server-Service,DNS Server,213,4,,DNS_EVENT_ZONE_LOAD_COMPLETE,,,,,,
2026-05-24T14:43:11.370336Z,3,dc.scaffold.htb,Microsoft-Windows-DNS-Server-Service,DNS Server,214,4,,DNS_EVENT_SHUTDOWN,,,,,,
2026-05-24T14:43:43.171839Z,7693,dc.scaffold.htb,Microsoft-Windows-DNS-Server-Service,DNS Server,215,4,,,,DNS_EVENT_SCOPE_EDNS_OPCODE_SET,65433,,,
2026-05-24T14:43:48.412494Z,4013,dc.scaffold.htb,Microsoft-Windows-DNS-Server-Service,DNS Server,216,3,,DNS_EVENT_DS_OPEN_WAIT,,,,,,
2026-05-24T14:44:13.000930Z,769,dc.scaffold.htb,Microsoft-Windows-DNS-Server-Service,DNS Server,217,4,,,.,DNS_EVENT_ZONE_LOAD_OK,_msdcs.scaffold.htb,NULL,dc.scaffold.htb,
2026-05-24T14:44:13.002878Z,769,dc.scaffold.htb,Microsoft-Windows-DNS-Server-Service,DNS Server,218,4,,,.,DNS_EVENT_ZONE_LOAD_OK,scaffold.htb,NULL,dc.scaffold.htb,
2026-05-24T14:44:13.003643Z,769,dc.scaffold.htb,Microsoft-Windows-DNS-Server-Service,DNS Server,219,4,,,.,DNS_EVENT_ZONE_LOAD_OK,TrustAnchors,NULL,dc.scaffold.htb,
2026-05-24T14:44:13.099634Z,2,dc.scaffold.htb,Microsoft-Windows-DNS-Server-Service,DNS Server,220,4,,DNS_EVENT_STARTUP_OK,,,,,,
2026-05-24T14:44:13.513103Z,4,dc.scaffold.htb,Microsoft-Windows-DNS-Server-Service,DNS Server,221,4,,DNS_EVENT_ZONE_LOAD_COMPLETE,,,,,,
2026-05-24T15:07:04.697893Z,3,dc.scaffold.htb,Microsoft-Windows-DNS-Server-Service,DNS Server,222,4,,DNS_EVENT_SHUTDOWN,,,,,,
2026-05-24T15:32:17.251140Z,7693,dc.scaffold.htb,Microsoft-Windows-DNS-Server-Service,DNS Server,223,4,,,,DNS_EVENT_SCOPE_EDNS_OPCODE_SET,65433,,,
2026-05-24T15:32:22.810270Z,4013,dc.scaffold.htb,Microsoft-Windows-DNS-Server-Service,DNS Server,224,3,,DNS_EVENT_DS_OPEN_WAIT,,,,,,
2026-05-24T15:32:47.114239Z,769,dc.scaffold.htb,Microsoft-Windows-DNS-Server-Service,DNS Server,225,4,,,.,DNS_EVENT_ZONE_LOAD_OK,_msdcs.scaffold.htb,NULL,dc.scaffold.htb,
2026-05-24T15:32:47.116421Z,769,dc.scaffold.htb,Microsoft-Windows-DNS-Server-Service,DNS Server,226,4,,,.,DNS_EVENT_ZONE_LOAD_OK,scaffold.htb,NULL,dc.scaffold.htb,
2026-05-24T15:32:47.117169Z,769,dc.scaffold.htb,Microsoft-Windows-DNS-Server-Service,DNS Server,227,4,,,.,DNS_EVENT_ZONE_LOAD_OK,TrustAnchors,NULL,dc.scaffold.htb,
2026-05-24T15:32:47.217500Z,2,dc.scaffold.htb,Microsoft-Windows-DNS-Server-Service,DNS Server,228,4,,DNS_EVENT_STARTUP_OK,,,,,,
2026-05-24T15:32:47.633626Z,4,dc.scaffold.htb,Microsoft-Windows-DNS-Server-Service,DNS Server,229,4,,DNS_EVENT_ZONE_LOAD_COMPLETE,,,,,,
2026-05-24T16:30:26.042236Z,3,dc.scaffold.htb,Microsoft-Windows-DNS-Server-Service,DNS Server,230,4,,DNS_EVENT_SHUTDOWN,,,,,,
2026-05-24T22:09:50.662189Z,7693,dc.scaffold.htb,Microsoft-Windows-DNS-Server-Service,DNS Server,231,4,,,,DNS_EVENT_SCOPE_EDNS_OPCODE_SET,65433,,,
2026-05-24T22:09:55.907946Z,4013,dc.scaffold.htb,Microsoft-Windows-DNS-Server-Service,DNS Server,232,3,,DNS_EVENT_DS_OPEN_WAIT,,,,,,
2026-05-24T22:10:20.504754Z,769,dc.scaffold.htb,Microsoft-Windows-DNS-Server-Service,DNS Server,233,4,,,.,DNS_EVENT_ZONE_LOAD_OK,_msdcs.scaffold.htb,NULL,dc.scaffold.htb,
2026-05-24T22:10:20.507296Z,769,dc.scaffold.htb,Microsoft-Windows-DNS-Server-Service,DNS Server,234,4,,,.,DNS_EVENT_ZONE_LOAD_OK,scaffold.htb,NULL,dc.scaffold.htb,
2026-05-24T22:10:20.508174Z,769,dc.scaffold.htb,Microsoft-Windows-DNS-Server-Service,DNS Server,235,4,,,.,DNS_EVENT_ZONE_LOAD_OK,TrustAnchors,NULL,dc.scaffold.htb,
2026-05-24T22:10:20.602896Z,2,dc.scaffold.htb,Microsoft-Windows-DNS-Server-Service,DNS Server,236,4,,DNS_EVENT_STARTUP_OK,,,,,,
2026-05-24T22:10:21.016907Z,4,dc.scaffold.htb,Microsoft-Windows-DNS-Server-Service,DNS Server,237,4,,DNS_EVENT_ZONE_LOAD_COMPLETE,,,,,,
2026-05-24T22:56:03.834796Z,3,dc.scaffold.htb,Microsoft-Windows-DNS-Server-Service,DNS Server,238,4,,DNS_EVENT_SHUTDOWN,,,,,,
2026-05-25T14:40:33.078208Z,7693,dc.scaffold.htb,Microsoft-Windows-DNS-Server-Service,DNS Server,239,4,,,,DNS_EVENT_SCOPE_EDNS_OPCODE_SET,65433,,,
2026-05-25T14:40:38.820554Z,4013,dc.scaffold.htb,Microsoft-Windows-DNS-Server-Service,DNS Server,240,3,,DNS_EVENT_DS_OPEN_WAIT,,,,,,
2026-05-25T14:41:02.710761Z,769,dc.scaffold.htb,Microsoft-Windows-DNS-Server-Service,DNS Server,241,4,,,.,DNS_EVENT_ZONE_LOAD_OK,_msdcs.scaffold.htb,NULL,dc.scaffold.htb,
2026-05-25T14:41:02.713729Z,769,dc.scaffold.htb,Microsoft-Windows-DNS-Server-Service,DNS Server,242,4,,,.,DNS_EVENT_ZONE_LOAD_OK,scaffold.htb,NULL,dc.scaffold.htb,
2026-05-25T14:41:02.714531Z,769,dc.scaffold.htb,Microsoft-Windows-DNS-Server-Service,DNS Server,243,4,,,.,DNS_EVENT_ZONE_LOAD_OK,TrustAnchors,NULL,dc.scaffold.htb,
2026-05-25T14:41:02.810832Z,2,dc.scaffold.htb,Microsoft-Windows-DNS-Server-Service,DNS Server,244,4,,DNS_EVENT_STARTUP_OK,,,,,,
2026-05-25T14:41:03.224515Z,4,dc.scaffold.htb,Microsoft-Windows-DNS-Server-Service,DNS Server,245,4,,DNS_EVENT_ZONE_LOAD_COMPLETE,,,,,,
2026-05-25T15:56:44.262966Z,3,dc.scaffold.htb,Microsoft-Windows-DNS-Server-Service,DNS Server,246,4,,DNS_EVENT_SHUTDOWN,,,,,,
2026-05-26T14:10:04.031307Z,7693,dc.scaffold.htb,Microsoft-Windows-DNS-Server-Service,DNS Server,247,4,,,,DNS_EVENT_SCOPE_EDNS_OPCODE_SET,65433,,,
2026-05-26T14:10:09.488688Z,4013,dc.scaffold.htb,Microsoft-Windows-DNS-Server-Service,DNS Server,248,3,,DNS_EVENT_DS_OPEN_WAIT,,,,,,
2026-05-26T14:10:33.913247Z,769,dc.scaffold.htb,Microsoft-Windows-DNS-Server-Service,DNS Server,249,4,,,.,DNS_EVENT_ZONE_LOAD_OK,_msdcs.scaffold.htb,NULL,dc.scaffold.htb,
2026-05-26T14:10:33.915232Z,769,dc.scaffold.htb,Microsoft-Windows-DNS-Server-Service,DNS Server,250,4,,,.,DNS_EVENT_ZONE_LOAD_OK,scaffold.htb,NULL,dc.scaffold.htb,
2026-05-26T14:10:33.916946Z,769,dc.scaffold.htb,Microsoft-Windows-DNS-Server-Service,DNS Server,251,4,,,.,DNS_EVENT_ZONE_LOAD_OK,TrustAnchors,NULL,dc.scaffold.htb,
2026-05-26T14:10:34.018664Z,2,dc.scaffold.htb,Microsoft-Windows-DNS-Server-Service,DNS Server,252,4,,DNS_EVENT_STARTUP_OK,,,,,,
2026-05-26T14:10:34.423596Z,4,dc.scaffold.htb,Microsoft-Windows-DNS-Server-Service,DNS Server,253,4,,DNS_EVENT_ZONE_LOAD_COMPLETE,,,,,,
2026-05-26T14:28:08.513020Z,3,dc.scaffold.htb,Microsoft-Windows-DNS-Server-Service,DNS Server,254,4,,DNS_EVENT_SHUTDOWN,,,,,,
2026-05-29T19:27:07.915235Z,7693,dc.scaffold.htb,Microsoft-Windows-DNS-Server-Service,DNS Server,255,4,,,,DNS_EVENT_SCOPE_EDNS_OPCODE_SET,65433,,,
2026-05-29T19:27:13.230060Z,4013,dc.scaffold.htb,Microsoft-Windows-DNS-Server-Service,DNS Server,256,3,,DNS_EVENT_DS_OPEN_WAIT,,,,,,
2026-05-29T19:27:37.797582Z,769,dc.scaffold.htb,Microsoft-Windows-DNS-Server-Service,DNS Server,257,4,,,.,DNS_EVENT_ZONE_LOAD_OK,_msdcs.scaffold.htb,NULL,dc.scaffold.htb,
2026-05-29T19:27:37.799410Z,769,dc.scaffold.htb,Microsoft-Windows-DNS-Server-Service,DNS Server,258,4,,,.,DNS_EVENT_ZONE_LOAD_OK,scaffold.htb,NULL,dc.scaffold.htb,
2026-05-29T19:27:37.800240Z,769,dc.scaffold.htb,Microsoft-Windows-DNS-Server-Service,DNS Server,259,4,,,.,DNS_EVENT_ZONE_LOAD_OK,TrustAnchors,NULL,dc.scaffold.htb,
2026-05-29T19:27:37.893057Z,2,dc.scaffold.htb,Microsoft-Windows-DNS-Server-Service,DNS Server,260,4,,DNS_EVENT_STARTUP_OK,,,,,,
2026-05-29T19:27:38.325536Z,4,dc.scaffold.htb,Microsoft-Windows-DNS-Server-Service,DNS Server,261,4,,DNS_EVENT_ZONE_LOAD_COMPLETE,,,,,,
2026-05-29T19:32:11.608670Z,3,dc.scaffold.htb,Microsoft-Windows-DNS-Server-Service,DNS Server,262,4,,DNS_EVENT_SHUTDOWN,,,,,,
2026-06-01T00:56:18.139013Z,7693,dc.scaffold.htb,Microsoft-Windows-DNS-Server-Service,DNS Server,263,4,,,,DNS_EVENT_SCOPE_EDNS_OPCODE_SET,65433,,,
2026-06-01T00:56:23.804442Z,4013,dc.scaffold.htb,Microsoft-Windows-DNS-Server-Service,DNS Server,264,3,,DNS_EVENT_DS_OPEN_WAIT,,,,,,
2026-06-01T00:56:48.034657Z,769,dc.scaffold.htb,Microsoft-Windows-DNS-Server-Service,DNS Server,265,4,,,.,DNS_EVENT_ZONE_LOAD_OK,_msdcs.scaffold.htb,NULL,dc.scaffold.htb,
2026-06-01T00:56:48.036455Z,769,dc.scaffold.htb,Microsoft-Windows-DNS-Server-Service,DNS Server,266,4,,,.,DNS_EVENT_ZONE_LOAD_OK,scaffold.htb,NULL,dc.scaffold.htb,
2026-06-01T00:56:48.037330Z,769,dc.scaffold.htb,Microsoft-Windows-DNS-Server-Service,DNS Server,267,4,,,.,DNS_EVENT_ZONE_LOAD_OK,TrustAnchors,NULL,dc.scaffold.htb,
2026-06-01T00:56:48.131727Z,2,dc.scaffold.htb,Microsoft-Windows-DNS-Server-Service,DNS Server,268,4,,DNS_EVENT_STARTUP_OK,,,,,,
2026-06-01T00:56:48.559545Z,4,dc.scaffold.htb,Microsoft-Windows-DNS-Server-Service,DNS Server,269,4,,DNS_EVENT_ZONE_LOAD_COMPLETE,,,,,,
2026-06-01T01:00:24.289711Z,3,dc.scaffold.htb,Microsoft-Windows-DNS-Server-Service,DNS Server,270,4,,DNS_EVENT_SHUTDOWN,,,,,,
2026-06-01T18:41:56.388987Z,7693,dc.scaffold.htb,Microsoft-Windows-DNS-Server-Service,DNS Server,271,4,,,,DNS_EVENT_SCOPE_EDNS_OPCODE_SET,65433,,,
2026-06-01T18:42:02.320559Z,4013,dc.scaffold.htb,Microsoft-Windows-DNS-Server-Service,DNS Server,272,3,,DNS_EVENT_DS_OPEN_WAIT,,,,,,
2026-06-01T18:42:26.269540Z,769,dc.scaffold.htb,Microsoft-Windows-DNS-Server-Service,DNS Server,273,4,,,.,DNS_EVENT_ZONE_LOAD_OK,_msdcs.scaffold.htb,NULL,dc.scaffold.htb,
2026-06-01T18:42:26.271409Z,769,dc.scaffold.htb,Microsoft-Windows-DNS-Server-Service,DNS Server,274,4,,,.,DNS_EVENT_ZONE_LOAD_OK,scaffold.htb,NULL,dc.scaffold.htb,
2026-06-01T18:42:26.272225Z,769,dc.scaffold.htb,Microsoft-Windows-DNS-Server-Service,DNS Server,275,4,,,.,DNS_EVENT_ZONE_LOAD_OK,TrustAnchors,NULL,dc.scaffold.htb,
2026-06-01T18:42:26.368916Z,2,dc.scaffold.htb,Microsoft-Windows-DNS-Server-Service,DNS Server,276,4,,DNS_EVENT_STARTUP_OK,,,,,,
2026-06-01T18:42:26.791624Z,4,dc.scaffold.htb,Microsoft-Windows-DNS-Server-Service,DNS Server,277,4,,DNS_EVENT_ZONE_LOAD_COMPLETE,,,,,,
2026-06-01T18:48:56.957947Z,3,dc.scaffold.htb,Microsoft-Windows-DNS-Server-Service,DNS Server,278,4,,DNS_EVENT_SHUTDOWN,,,,,,
2026-06-02T14:04:22.941869Z,7693,dc.scaffold.htb,Microsoft-Windows-DNS-Server-Service,DNS Server,279,4,,,,DNS_EVENT_SCOPE_EDNS_OPCODE_SET,65433,,,
2026-06-02T14:04:28.449378Z,4013,dc.scaffold.htb,Microsoft-Windows-DNS-Server-Service,DNS Server,280,3,,DNS_EVENT_DS_OPEN_WAIT,,,,,,
2026-06-02T14:04:52.793046Z,769,dc.scaffold.htb,Microsoft-Windows-DNS-Server-Service,DNS Server,281,4,,,.,DNS_EVENT_ZONE_LOAD_OK,_msdcs.scaffold.htb,NULL,dc.scaffold.htb,
2026-06-02T14:04:52.797808Z,769,dc.scaffold.htb,Microsoft-Windows-DNS-Server-Service,DNS Server,282,4,,,.,DNS_EVENT_ZONE_LOAD_OK,scaffold.htb,NULL,dc.scaffold.htb,
2026-06-02T14:04:52.799296Z,769,dc.scaffold.htb,Microsoft-Windows-DNS-Server-Service,DNS Server,283,4,,,.,DNS_EVENT_ZONE_LOAD_OK,TrustAnchors,NULL,dc.scaffold.htb,
2026-06-02T14:04:52.908087Z,2,dc.scaffold.htb,Microsoft-Windows-DNS-Server-Service,DNS Server,284,4,,DNS_EVENT_STARTUP_OK,,,,,,
2026-06-02T14:04:53.318243Z,4,dc.scaffold.htb,Microsoft-Windows-DNS-Server-Service,DNS Server,285,4,,DNS_EVENT_ZONE_LOAD_COMPLETE,,,,,,
2026-06-02T14:06:20.666849Z,3,dc.scaffold.htb,Microsoft-Windows-DNS-Server-Service,DNS Server,286,4,,DNS_EVENT_SHUTDOWN,,,,,,
2026-06-02T14:09:26.776473Z,7693,dc.scaffold.htb,Microsoft-Windows-DNS-Server-Service,DNS Server,287,4,,,,DNS_EVENT_SCOPE_EDNS_OPCODE_SET,65433,,,
2026-06-02T14:09:32.088082Z,4013,dc.scaffold.htb,Microsoft-Windows-DNS-Server-Service,DNS Server,288,3,,DNS_EVENT_DS_OPEN_WAIT,,,,,,
2026-06-02T14:09:56.593256Z,769,dc.scaffold.htb,Microsoft-Windows-DNS-Server-Service,DNS Server,289,4,,,.,DNS_EVENT_ZONE_LOAD_OK,_msdcs.scaffold.htb,NULL,dc.scaffold.htb,
2026-06-02T14:09:56.596581Z,769,dc.scaffold.htb,Microsoft-Windows-DNS-Server-Service,DNS Server,290,4,,,.,DNS_EVENT_ZONE_LOAD_OK,scaffold.htb,NULL,dc.scaffold.htb,
2026-06-02T14:09:56.597679Z,769,dc.scaffold.htb,Microsoft-Windows-DNS-Server-Service,DNS Server,291,4,,,.,DNS_EVENT_ZONE_LOAD_OK,TrustAnchors,NULL,dc.scaffold.htb,
2026-06-02T14:09:56.691801Z,2,dc.scaffold.htb,Microsoft-Windows-DNS-Server-Service,DNS Server,292,4,,DNS_EVENT_STARTUP_OK,,,,,,
2026-06-02T14:09:57.116179Z,4,dc.scaffold.htb,Microsoft-Windows-DNS-Server-Service,DNS Server,293,4,,DNS_EVENT_ZONE_LOAD_COMPLETE,,,,,,
2026-06-02T14:29:57.553435Z,3,dc.scaffold.htb,Microsoft-Windows-DNS-Server-Service,DNS Server,294,4,,DNS_EVENT_SHUTDOWN,,,,,,
2026-07-09T05:41:08.785009Z,7693,dc.scaffold.htb,Microsoft-Windows-DNS-Server-Service,DNS Server,295,4,,,,DNS_EVENT_SCOPE_EDNS_OPCODE_SET,65433,,,
2026-07-09T05:41:15.055791Z,4013,dc.scaffold.htb,Microsoft-Windows-DNS-Server-Service,DNS Server,296,3,,DNS_EVENT_DS_OPEN_WAIT,,,,,,
2026-07-09T05:41:38.687873Z,769,dc.scaffold.htb,Microsoft-Windows-DNS-Server-Service,DNS Server,297,4,,,.,DNS_EVENT_ZONE_LOAD_OK,_msdcs.scaffold.htb,NULL,dc.scaffold.htb,
2026-07-09T05:41:38.700829Z,769,dc.scaffold.htb,Microsoft-Windows-DNS-Server-Service,DNS Server,298,4,,,.,DNS_EVENT_ZONE_LOAD_OK,scaffold.htb,NULL,dc.scaffold.htb,
2026-07-09T05:41:38.702967Z,769,dc.scaffold.htb,Microsoft-Windows-DNS-Server-Service,DNS Server,299,4,,,.,DNS_EVENT_ZONE_LOAD_OK,TrustAnchors,NULL,dc.scaffold.htb,
2026-07-09T05:41:38.719312Z,2,dc.scaffold.htb,Microsoft-Windows-DNS-Server-Service,DNS Server,300,4,,DNS_EVENT_STARTUP_OK,,,,,,
2026-07-09T05:41:39.529465Z,4,dc.scaffold.htb,Microsoft-Windows-DNS-Server-Service,DNS Server,301,4,,DNS_EVENT_ZONE_LOAD_COMPLETE,,,,,,
2026-07-09T06:11:26.687424Z,3,dc.scaffold.htb,Microsoft-Windows-DNS-Server-Service,DNS Server,302,4,,DNS_EVENT_SHUTDOWN,,,,,,
2026-07-09T06:11:53.351945Z,7693,dc.scaffold.htb,Microsoft-Windows-DNS-Server-Service,DNS Server,303,4,,,,DNS_EVENT_SCOPE_EDNS_OPCODE_SET,65433,,,
2026-07-09T06:11:58.895621Z,4013,dc.scaffold.htb,Microsoft-Windows-DNS-Server-Service,DNS Server,304,3,,DNS_EVENT_DS_OPEN_WAIT,,,,,,
2026-07-09T06:12:23.018861Z,769,dc.scaffold.htb,Microsoft-Windows-DNS-Server-Service,DNS Server,305,4,,,.,DNS_EVENT_ZONE_LOAD_OK,_msdcs.scaffold.htb,NULL,dc.scaffold.htb,
2026-07-09T06:12:23.026283Z,769,dc.scaffold.htb,Microsoft-Windows-DNS-Server-Service,DNS Server,306,4,,,.,DNS_EVENT_ZONE_LOAD_OK,scaffold.htb,NULL,dc.scaffold.htb,
2026-07-09T06:12:23.028109Z,769,dc.scaffold.htb,Microsoft-Windows-DNS-Server-Service,DNS Server,307,4,,,.,DNS_EVENT_ZONE_LOAD_OK,TrustAnchors,NULL,dc.scaffold.htb,
2026-07-09T06:12:23.170227Z,2,dc.scaffold.htb,Microsoft-Windows-DNS-Server-Service,DNS Server,308,4,,DNS_EVENT_STARTUP_OK,,,,,,
2026-07-09T06:12:23.553601Z,4,dc.scaffold.htb,Microsoft-Windows-DNS-Server-Service,DNS Server,309,4,,DNS_EVENT_ZONE_LOAD_COMPLETE,,,,,,
2026-07-09T06:14:42.449234Z,3,dc.scaffold.htb,Microsoft-Windows-DNS-Server-Service,DNS Server,310,4,,DNS_EVENT_SHUTDOWN,,,,,,
2026-07-09T21:18:38.554320Z,7693,dc.scaffold.htb,Microsoft-Windows-DNS-Server-Service,DNS Server,311,4,,,,DNS_EVENT_SCOPE_EDNS_OPCODE_SET,65433,,,
2026-07-09T21:18:44.146251Z,4013,dc.scaffold.htb,Microsoft-Windows-DNS-Server-Service,DNS Server,312,3,,DNS_EVENT_DS_OPEN_WAIT,,,,,,
2026-07-09T21:19:08.357743Z,769,dc.scaffold.htb,Microsoft-Windows-DNS-Server-Service,DNS Server,313,4,,,.,DNS_EVENT_ZONE_LOAD_OK,_msdcs.scaffold.htb,NULL,dc.scaffold.htb,
2026-07-09T21:19:08.364025Z,769,dc.scaffold.htb,Microsoft-Windows-DNS-Server-Service,DNS Server,314,4,,,.,DNS_EVENT_ZONE_LOAD_OK,scaffold.htb,NULL,dc.scaffold.htb,
2026-07-09T21:19:08.366199Z,769,dc.scaffold.htb,Microsoft-Windows-DNS-Server-Service,DNS Server,315,4,,,.,DNS_EVENT_ZONE_LOAD_OK,TrustAnchors,NULL,dc.scaffold.htb,
2026-07-09T21:19:08.384788Z,2,dc.scaffold.htb,Microsoft-Windows-DNS-Server-Service,DNS Server,316,4,,DNS_EVENT_STARTUP_OK,,,,,,
2026-07-09T21:19:09.158666Z,4,dc.scaffold.htb,Microsoft-Windows-DNS-Server-Service,DNS Server,317,4,,DNS_EVENT_ZONE_LOAD_COMPLETE,,,,,,
2026-07-09T21:22:03.673844Z,3,dc.scaffold.htb,Microsoft-Windows-DNS-Server-Service,DNS Server,318,4,,DNS_EVENT_SHUTDOWN,,,,,,
2026-09-01T21:46:19.573010Z,7693,dc.scaffold.htb,Microsoft-Windows-DNS-Server-Service,DNS Server,319,4,,,,DNS_EVENT_SCOPE_EDNS_OPCODE_SET,65433,,,
2026-09-01T21:46:25.709201Z,4013,dc.scaffold.htb,Microsoft-Windows-DNS-Server-Service,DNS Server,320,3,,DNS_EVENT_DS_OPEN_WAIT,,,,,,
2026-09-01T21:46:49.013502Z,769,dc.scaffold.htb,Microsoft-Windows-DNS-Server-Service,DNS Server,321,4,,,.,DNS_EVENT_ZONE_LOAD_OK,_msdcs.scaffold.htb,NULL,dc.scaffold.htb,
2026-09-01T21:46:49.023116Z,769,dc.scaffold.htb,Microsoft-Windows-DNS-Server-Service,DNS Server,322,4,,,.,DNS_EVENT_ZONE_LOAD_OK,scaffold.htb,NULL,dc.scaffold.htb,
2026-09-01T21:46:49.025095Z,769,dc.scaffold.htb,Microsoft-Windows-DNS-Server-Service,DNS Server,323,4,,,.,DNS_EVENT_ZONE_LOAD_OK,TrustAnchors,NULL,dc.scaffold.htb,
2026-09-01T21:46:49.175939Z,2,dc.scaffold.htb,Microsoft-Windows-DNS-Server-Service,DNS Server,324,4,,DNS_EVENT_STARTUP_OK,,,,,,
2026-09-01T21:46:49.554459Z,4,dc.scaffold.htb,Microsoft-Windows-DNS-Server-Service,DNS Server,325,4,,DNS_EVENT_ZONE_LOAD_COMPLETE,,,,,,
2026-09-01T22:04:42.881750Z,3,dc.scaffold.htb,Microsoft-Windows-DNS-Server-Service,DNS Server,326,4,,DNS_EVENT_SHUTDOWN,,,,,,
2026-09-01T23:51:17.642239Z,7693,dc.scaffold.htb,Microsoft-Windows-DNS-Server-Service,DNS Server,327,4,,,,DNS_EVENT_SCOPE_EDNS_OPCODE_SET,65433,,,
2026-09-01T23:51:23.349967Z,4013,dc.scaffold.htb,Microsoft-Windows-DNS-Server-Service,DNS Server,328,3,,DNS_EVENT_DS_OPEN_WAIT,,,,,,
2026-09-01T23:51:47.252292Z,769,dc.scaffold.htb,Microsoft-Windows-DNS-Server-Service,DNS Server,329,4,,,.,DNS_EVENT_ZONE_LOAD_OK,_msdcs.scaffold.htb,NULL,dc.scaffold.htb,
2026-09-01T23:51:47.257786Z,769,dc.scaffold.htb,Microsoft-Windows-DNS-Server-Service,DNS Server,330,4,,,.,DNS_EVENT_ZONE_LOAD_OK,scaffold.htb,NULL,dc.scaffold.htb,
2026-09-01T23:51:47.259768Z,769,dc.scaffold.htb,Microsoft-Windows-DNS-Server-Service,DNS Server,331,4,,,.,DNS_EVENT_ZONE_LOAD_OK,TrustAnchors,NULL,dc.scaffold.htb,
2026-09-01T23:51:47.402634Z,2,dc.scaffold.htb,Microsoft-Windows-DNS-Server-Service,DNS Server,332,4,,DNS_EVENT_STARTUP_OK,,,,,,
2026-09-01T23:51:47.775538Z,4,dc.scaffold.htb,Microsoft-Windows-DNS-Server-Service,DNS Server,333,4,,DNS_EVENT_ZONE_LOAD_COMPLETE,,,,,,
