TimeGenerated,EventID,Computer,Provider,Channel,RecordID,Level,ClientAddress,ClientAddressLength,ClientName,ClientNameLength,ConnectionGUID,GrantedAccess,MappedAccess,ReasonCode,SPN,SPNValidationPolicy,SessionGUID,SessionID,SessionId,ShareName,ShareNameLength,SharePath,SharePathLength,ShareSecurityDescriptor,ShareSecurityDescriptorLength,Status,TranslatedStatus,UserName,UserNameLength,attributes_xmlns
2026-05-13T20:41:57.529125Z,1006,dc.scaffold.htb,Microsoft-Windows-SMBServer,Microsoft-Windows-SMBServer/Security,1,2,0200E59CC0A864010000000000000000,16,\\192.168.100.1,15,,0x0,0x1f01ff,,,,,0x100000000041,,\\*\NETLOGON,12,\??\C:\Windows\SYSVOL\sysvol\scaffold.htb\SCRIPTS,49,0100048048000000580000000000000014000000020034000200000000001400A900120001010000000000010000000000001800FF011F000102000000000005200000002002000001020000000000052000000020020000010100000000000512000000,100,0xc0000022,0xc0000022,SCAFFOLD\j.harris,17,Smb2Namespace
2026-05-13T20:41:57.535481Z,1006,dc.scaffold.htb,Microsoft-Windows-SMBServer,Microsoft-Windows-SMBServer/Security,2,2,0200E59CC0A864010000000000000000,16,\\192.168.100.1,15,,0x0,0x2,,,,,0x100000000041,,\\*\NETLOGON,12,\??\C:\Windows\SYSVOL\sysvol\scaffold.htb\SCRIPTS,49,0100048048000000580000000000000014000000020034000200000000001400A900120001010000000000010000000000001800FF011F000102000000000005200000002002000001020000000000052000000020020000010100000000000512000000,100,0xc0000022,0xc0000022,SCAFFOLD\j.harris,17,Smb2Namespace
2026-05-13T20:41:57.550566Z,1006,dc.scaffold.htb,Microsoft-Windows-SMBServer,Microsoft-Windows-SMBServer/Security,3,2,0200E59CC0A864010000000000000000,16,\\192.168.100.1,15,,0x0,0x1f01ff,,,,,0x100000000041,,\\*\REMINST,11,\??\C:\RemoteInstall,20,0100048084000000940000000000000014000000020070000400000000031400FF011F0001010000000000051200000000031800FF011F000102000000000005200000002002000000031400A900120001010000000000050B00000000032800FF011F00010600000000000550000000EEB8A9641355D7C01EEA005250362135069D16DC01020000000000052000000020020000010500000000000515000000F5B0CF1512C8CDA9C5D939CF01020000,176,0xc0000022,0xc0000022,SCAFFOLD\j.harris,17,Smb2Namespace
2026-05-13T20:41:57.554534Z,1006,dc.scaffold.htb,Microsoft-Windows-SMBServer,Microsoft-Windows-SMBServer/Security,4,2,0200E59CC0A864010000000000000000,16,\\192.168.100.1,15,,0x0,0x2,,,,,0x100000000041,,\\*\REMINST,11,\??\C:\RemoteInstall,20,0100048084000000940000000000000014000000020070000400000000031400FF011F0001010000000000051200000000031800FF011F000102000000000005200000002002000000031400A900120001010000000000050B00000000032800FF011F00010600000000000550000000EEB8A9641355D7C01EEA005250362135069D16DC01020000000000052000000020020000010500000000000515000000F5B0CF1512C8CDA9C5D939CF01020000,176,0xc0000022,0xc0000022,SCAFFOLD\j.harris,17,Smb2Namespace
2026-05-13T20:42:17.454099Z,1006,dc.scaffold.htb,Microsoft-Windows-SMBServer,Microsoft-Windows-SMBServer/Security,5,2,020093BEC0A864010000000000000000,16,\\192.168.100.1,15,,0x0,0x1f01ff,,,,,0x100000000049,,\\*\NETLOGON,12,\??\C:\Windows\SYSVOL\sysvol\scaffold.htb\SCRIPTS,49,0100048048000000580000000000000014000000020034000200000000001400A900120001010000000000010000000000001800FF011F000102000000000005200000002002000001020000000000052000000020020000010100000000000512000000,100,0xc0000022,0xc0000022,SCAFFOLD\j.harris,17,Smb2Namespace
2026-05-13T20:42:17.460096Z,1006,dc.scaffold.htb,Microsoft-Windows-SMBServer,Microsoft-Windows-SMBServer/Security,6,2,020093BEC0A864010000000000000000,16,\\192.168.100.1,15,,0x0,0x2,,,,,0x100000000049,,\\*\NETLOGON,12,\??\C:\Windows\SYSVOL\sysvol\scaffold.htb\SCRIPTS,49,0100048048000000580000000000000014000000020034000200000000001400A900120001010000000000010000000000001800FF011F000102000000000005200000002002000001020000000000052000000020020000010100000000000512000000,100,0xc0000022,0xc0000022,SCAFFOLD\j.harris,17,Smb2Namespace
2026-05-13T20:42:17.478832Z,1006,dc.scaffold.htb,Microsoft-Windows-SMBServer,Microsoft-Windows-SMBServer/Security,7,2,020093BEC0A864010000000000000000,16,\\192.168.100.1,15,,0x0,0x1f01ff,,,,,0x100000000049,,\\*\REMINST,11,\??\C:\RemoteInstall,20,0100048084000000940000000000000014000000020070000400000000031400FF011F0001010000000000051200000000031800FF011F000102000000000005200000002002000000031400A900120001010000000000050B00000000032800FF011F00010600000000000550000000EEB8A9641355D7C01EEA005250362135069D16DC01020000000000052000000020020000010500000000000515000000F5B0CF1512C8CDA9C5D939CF01020000,176,0xc0000022,0xc0000022,SCAFFOLD\j.harris,17,Smb2Namespace
2026-05-13T20:42:17.483122Z,1006,dc.scaffold.htb,Microsoft-Windows-SMBServer,Microsoft-Windows-SMBServer/Security,8,2,020093BEC0A864010000000000000000,16,\\192.168.100.1,15,,0x0,0x2,,,,,0x100000000049,,\\*\REMINST,11,\??\C:\RemoteInstall,20,0100048084000000940000000000000014000000020070000400000000031400FF011F0001010000000000051200000000031800FF011F000102000000000005200000002002000000031400A900120001010000000000050B00000000032800FF011F00010600000000000550000000EEB8A9641355D7C01EEA005250362135069D16DC01020000000000052000000020020000010500000000000515000000F5B0CF1512C8CDA9C5D939CF01020000,176,0xc0000022,0xc0000022,SCAFFOLD\j.harris,17,Smb2Namespace
2026-05-17T13:58:01.695991Z,1006,dc.scaffold.htb,Microsoft-Windows-SMBServer,Microsoft-Windows-SMBServer/Security,9,2,0200D9ECC0A864010000000000000000,16,\\192.168.100.1,15,,0x0,0x81,,,,,0x240000000015,,\\*\DeploymentShare$,20,\??\Y:\DeploymentShare,22,0100048034000000440000000000000014000000020020000100000000031800FF011F000102000000000005200000002002000001020000000000052000000020020000010500000000000515000000F5B0CF1512C8CDA9C5D939CF01020000,96,0xc0000022,0xc0000022,SCAFFOLD\j.harris,17,Smb2Namespace
2026-05-17T13:58:01.698740Z,1006,dc.scaffold.htb,Microsoft-Windows-SMBServer,Microsoft-Windows-SMBServer/Security,10,2,0200D9ECC0A864010000000000000000,16,\\192.168.100.1,15,,0x0,0x1f01ff,,,,,0x240000000015,,\\*\DeploymentShare$,20,\??\Y:\DeploymentShare,22,0100048034000000440000000000000014000000020020000100000000031800FF011F000102000000000005200000002002000001020000000000052000000020020000010500000000000515000000F5B0CF1512C8CDA9C5D939CF01020000,96,0xc0000022,0xc0000022,SCAFFOLD\j.harris,17,Smb2Namespace
2026-05-17T13:58:01.701175Z,1006,dc.scaffold.htb,Microsoft-Windows-SMBServer,Microsoft-Windows-SMBServer/Security,11,2,0200D9ECC0A864010000000000000000,16,\\192.168.100.1,15,,0x0,0x2,,,,,0x240000000015,,\\*\DeploymentShare$,20,\??\Y:\DeploymentShare,22,0100048034000000440000000000000014000000020020000100000000031800FF011F000102000000000005200000002002000001020000000000052000000020020000010500000000000515000000F5B0CF1512C8CDA9C5D939CF01020000,96,0xc0000022,0xc0000022,SCAFFOLD\j.harris,17,Smb2Namespace
2026-05-17T13:58:01.716101Z,1006,dc.scaffold.htb,Microsoft-Windows-SMBServer,Microsoft-Windows-SMBServer/Security,12,2,0200D9ECC0A864010000000000000000,16,\\192.168.100.1,15,,0x0,0x1f01ff,,,,,0x240000000015,,\\*\NETLOGON,12,\??\C:\Windows\SYSVOL\sysvol\scaffold.htb\SCRIPTS,49,0100048048000000580000000000000014000000020034000200000000001400A900120001010000000000010000000000001800FF011F000102000000000005200000002002000001020000000000052000000020020000010100000000000512000000,100,0xc0000022,0xc0000022,SCAFFOLD\j.harris,17,Smb2Namespace
2026-05-17T13:58:01.718809Z,1006,dc.scaffold.htb,Microsoft-Windows-SMBServer,Microsoft-Windows-SMBServer/Security,13,2,0200D9ECC0A864010000000000000000,16,\\192.168.100.1,15,,0x0,0x2,,,,,0x240000000015,,\\*\NETLOGON,12,\??\C:\Windows\SYSVOL\sysvol\scaffold.htb\SCRIPTS,49,0100048048000000580000000000000014000000020034000200000000001400A900120001010000000000010000000000001800FF011F000102000000000005200000002002000001020000000000052000000020020000010100000000000512000000,100,0xc0000022,0xc0000022,SCAFFOLD\j.harris,17,Smb2Namespace
2026-05-17T13:58:01.727025Z,1006,dc.scaffold.htb,Microsoft-Windows-SMBServer,Microsoft-Windows-SMBServer/Security,14,2,0200D9ECC0A864010000000000000000,16,\\192.168.100.1,15,,0x0,0x1f01ff,,,,,0x240000000015,,\\*\REMINST,11,\??\C:\RemoteInstall,20,0100048084000000940000000000000014000000020070000400000000031400FF011F0001010000000000051200000000031800FF011F000102000000000005200000002002000000031400A900120001010000000000050B00000000032800FF011F00010600000000000550000000EEB8A9641355D7C01EEA005250362135069D16DC01020000000000052000000020020000010500000000000515000000F5B0CF1512C8CDA9C5D939CF01020000,176,0xc0000022,0xc0000022,SCAFFOLD\j.harris,17,Smb2Namespace
2026-05-17T13:58:01.729606Z,1006,dc.scaffold.htb,Microsoft-Windows-SMBServer,Microsoft-Windows-SMBServer/Security,15,2,0200D9ECC0A864010000000000000000,16,\\192.168.100.1,15,,0x0,0x2,,,,,0x240000000015,,\\*\REMINST,11,\??\C:\RemoteInstall,20,0100048084000000940000000000000014000000020070000400000000031400FF011F0001010000000000051200000000031800FF011F000102000000000005200000002002000000031400A900120001010000000000050B00000000032800FF011F00010600000000000550000000EEB8A9641355D7C01EEA005250362135069D16DC01020000000000052000000020020000010500000000000515000000F5B0CF1512C8CDA9C5D939CF01020000,176,0xc0000022,0xc0000022,SCAFFOLD\j.harris,17,Smb2Namespace
2026-05-17T14:34:36.684733Z,1006,dc.scaffold.htb,Microsoft-Windows-SMBServer,Microsoft-Windows-SMBServer/Security,16,2,02008CF4C0A864010000000000000000,16,\\192.168.100.1,15,,0x0,0x81,,,,,0x28000000000d,,\\*\DeploymentShare$,20,\??\Y:\DeploymentShare,22,0100048034000000440000000000000014000000020020000100000000031800FF011F000102000000000005200000002002000001020000000000052000000020020000010500000000000515000000F5B0CF1512C8CDA9C5D939CF01020000,96,0xc0000022,0xc0000022,SCAFFOLD\j.harris,17,Smb2Namespace
2026-05-17T14:34:36.687888Z,1006,dc.scaffold.htb,Microsoft-Windows-SMBServer,Microsoft-Windows-SMBServer/Security,17,2,02008CF4C0A864010000000000000000,16,\\192.168.100.1,15,,0x0,0x1f01ff,,,,,0x28000000000d,,\\*\DeploymentShare$,20,\??\Y:\DeploymentShare,22,0100048034000000440000000000000014000000020020000100000000031800FF011F000102000000000005200000002002000001020000000000052000000020020000010500000000000515000000F5B0CF1512C8CDA9C5D939CF01020000,96,0xc0000022,0xc0000022,SCAFFOLD\j.harris,17,Smb2Namespace
2026-05-17T14:34:36.690980Z,1006,dc.scaffold.htb,Microsoft-Windows-SMBServer,Microsoft-Windows-SMBServer/Security,18,2,02008CF4C0A864010000000000000000,16,\\192.168.100.1,15,,0x0,0x2,,,,,0x28000000000d,,\\*\DeploymentShare$,20,\??\Y:\DeploymentShare,22,0100048034000000440000000000000014000000020020000100000000031800FF011F000102000000000005200000002002000001020000000000052000000020020000010500000000000515000000F5B0CF1512C8CDA9C5D939CF01020000,96,0xc0000022,0xc0000022,SCAFFOLD\j.harris,17,Smb2Namespace
2026-05-17T14:34:36.706981Z,1006,dc.scaffold.htb,Microsoft-Windows-SMBServer,Microsoft-Windows-SMBServer/Security,19,2,02008CF4C0A864010000000000000000,16,\\192.168.100.1,15,,0x0,0x1f01ff,,,,,0x28000000000d,,\\*\NETLOGON,12,\??\C:\Windows\SYSVOL\sysvol\scaffold.htb\SCRIPTS,49,0100048048000000580000000000000014000000020034000200000000001400A900120001010000000000010000000000001800FF011F000102000000000005200000002002000001020000000000052000000020020000010100000000000512000000,100,0xc0000022,0xc0000022,SCAFFOLD\j.harris,17,Smb2Namespace
2026-05-17T14:34:36.710307Z,1006,dc.scaffold.htb,Microsoft-Windows-SMBServer,Microsoft-Windows-SMBServer/Security,20,2,02008CF4C0A864010000000000000000,16,\\192.168.100.1,15,,0x0,0x2,,,,,0x28000000000d,,\\*\NETLOGON,12,\??\C:\Windows\SYSVOL\sysvol\scaffold.htb\SCRIPTS,49,0100048048000000580000000000000014000000020034000200000000001400A900120001010000000000010000000000001800FF011F000102000000000005200000002002000001020000000000052000000020020000010100000000000512000000,100,0xc0000022,0xc0000022,SCAFFOLD\j.harris,17,Smb2Namespace
2026-05-17T14:34:36.718131Z,1006,dc.scaffold.htb,Microsoft-Windows-SMBServer,Microsoft-Windows-SMBServer/Security,21,2,02008CF4C0A864010000000000000000,16,\\192.168.100.1,15,,0x0,0x1f01ff,,,,,0x28000000000d,,\\*\REMINST,11,\??\C:\RemoteInstall,20,0100048084000000940000000000000014000000020070000400000000031400FF011F0001010000000000051200000000031800FF011F000102000000000005200000002002000000031400A900120001010000000000050B00000000032800FF011F00010600000000000550000000EEB8A9641355D7C01EEA005250362135069D16DC01020000000000052000000020020000010500000000000515000000F5B0CF1512C8CDA9C5D939CF01020000,176,0xc0000022,0xc0000022,SCAFFOLD\j.harris,17,Smb2Namespace
2026-05-17T14:34:36.720454Z,1006,dc.scaffold.htb,Microsoft-Windows-SMBServer,Microsoft-Windows-SMBServer/Security,22,2,02008CF4C0A864010000000000000000,16,\\192.168.100.1,15,,0x0,0x2,,,,,0x28000000000d,,\\*\REMINST,11,\??\C:\RemoteInstall,20,0100048084000000940000000000000014000000020070000400000000031400FF011F0001010000000000051200000000031800FF011F000102000000000005200000002002000000031400A900120001010000000000050B00000000032800FF011F00010600000000000550000000EEB8A9641355D7C01EEA005250362135069D16DC01020000000000052000000020020000010500000000000515000000F5B0CF1512C8CDA9C5D939CF01020000,176,0xc0000022,0xc0000022,SCAFFOLD\j.harris,17,Smb2Namespace
2026-05-17T16:11:07.791244Z,1006,dc.scaffold.htb,Microsoft-Windows-SMBServer,Microsoft-Windows-SMBServer/Security,23,2,0200A408C0A864010000000000000000,16,\\192.168.100.1,15,,0x0,0x81,,,,,0x300000000011,,\\*\DeploymentShare$,20,\??\Y:\DeploymentShare,22,0100048034000000440000000000000014000000020020000100000000031800FF011F000102000000000005200000002002000001020000000000052000000020020000010500000000000515000000F5B0CF1512C8CDA9C5D939CF01020000,96,0xc0000022,0xc0000022,SCAFFOLD\j.harris,17,Smb2Namespace
2026-05-17T16:11:07.793825Z,1006,dc.scaffold.htb,Microsoft-Windows-SMBServer,Microsoft-Windows-SMBServer/Security,24,2,0200A408C0A864010000000000000000,16,\\192.168.100.1,15,,0x0,0x1f01ff,,,,,0x300000000011,,\\*\DeploymentShare$,20,\??\Y:\DeploymentShare,22,0100048034000000440000000000000014000000020020000100000000031800FF011F000102000000000005200000002002000001020000000000052000000020020000010500000000000515000000F5B0CF1512C8CDA9C5D939CF01020000,96,0xc0000022,0xc0000022,SCAFFOLD\j.harris,17,Smb2Namespace
2026-05-17T16:11:07.796238Z,1006,dc.scaffold.htb,Microsoft-Windows-SMBServer,Microsoft-Windows-SMBServer/Security,25,2,0200A408C0A864010000000000000000,16,\\192.168.100.1,15,,0x0,0x2,,,,,0x300000000011,,\\*\DeploymentShare$,20,\??\Y:\DeploymentShare,22,0100048034000000440000000000000014000000020020000100000000031800FF011F000102000000000005200000002002000001020000000000052000000020020000010500000000000515000000F5B0CF1512C8CDA9C5D939CF01020000,96,0xc0000022,0xc0000022,SCAFFOLD\j.harris,17,Smb2Namespace
2026-05-17T16:11:07.810750Z,1006,dc.scaffold.htb,Microsoft-Windows-SMBServer,Microsoft-Windows-SMBServer/Security,26,2,0200A408C0A864010000000000000000,16,\\192.168.100.1,15,,0x0,0x1f01ff,,,,,0x300000000011,,\\*\NETLOGON,12,\??\C:\Windows\SYSVOL\sysvol\scaffold.htb\SCRIPTS,49,0100048048000000580000000000000014000000020034000200000000001400A900120001010000000000010000000000001800FF011F000102000000000005200000002002000001020000000000052000000020020000010100000000000512000000,100,0xc0000022,0xc0000022,SCAFFOLD\j.harris,17,Smb2Namespace
2026-05-17T16:11:07.813604Z,1006,dc.scaffold.htb,Microsoft-Windows-SMBServer,Microsoft-Windows-SMBServer/Security,27,2,0200A408C0A864010000000000000000,16,\\192.168.100.1,15,,0x0,0x2,,,,,0x300000000011,,\\*\NETLOGON,12,\??\C:\Windows\SYSVOL\sysvol\scaffold.htb\SCRIPTS,49,0100048048000000580000000000000014000000020034000200000000001400A900120001010000000000010000000000001800FF011F000102000000000005200000002002000001020000000000052000000020020000010100000000000512000000,100,0xc0000022,0xc0000022,SCAFFOLD\j.harris,17,Smb2Namespace
2026-05-17T16:11:07.821146Z,1006,dc.scaffold.htb,Microsoft-Windows-SMBServer,Microsoft-Windows-SMBServer/Security,28,2,0200A408C0A864010000000000000000,16,\\192.168.100.1,15,,0x0,0x1f01ff,,,,,0x300000000011,,\\*\REMINST,11,\??\C:\RemoteInstall,20,0100048084000000940000000000000014000000020070000400000000031400FF011F0001010000000000051200000000031800FF011F000102000000000005200000002002000000031400A900120001010000000000050B00000000032800FF011F00010600000000000550000000EEB8A9641355D7C01EEA005250362135069D16DC01020000000000052000000020020000010500000000000515000000F5B0CF1512C8CDA9C5D939CF01020000,176,0xc0000022,0xc0000022,SCAFFOLD\j.harris,17,Smb2Namespace
2026-05-17T16:11:07.823948Z,1006,dc.scaffold.htb,Microsoft-Windows-SMBServer,Microsoft-Windows-SMBServer/Security,29,2,0200A408C0A864010000000000000000,16,\\192.168.100.1,15,,0x0,0x2,,,,,0x300000000011,,\\*\REMINST,11,\??\C:\RemoteInstall,20,0100048084000000940000000000000014000000020070000400000000031400FF011F0001010000000000051200000000031800FF011F000102000000000005200000002002000000031400A900120001010000000000050B00000000032800FF011F00010600000000000550000000EEB8A9641355D7C01EEA005250362135069D16DC01020000000000052000000020020000010500000000000515000000F5B0CF1512C8CDA9C5D939CF01020000,176,0xc0000022,0xc0000022,SCAFFOLD\j.harris,17,Smb2Namespace
2026-05-17T16:11:12.829301Z,1015,dc.scaffold.htb,Microsoft-Windows-SMBServer,Microsoft-Windows-SMBServer/Security,30,2,0200CC74C0A8640100000000000000000000FFFFC0A864010000000000000000000000000000000000000000000000000000000000000000000000000000000000000000000000000000000000000000000000000000000000000000000000000000000000000000000000000000000000000000000000000000000000000000,128,\\192.168.100.1,30,,,,,,,,0x0,,,,,,,,0xc0000203,0xc0000203,,,Smb2Namespace
2026-05-17T16:12:26.833350Z,1015,dc.scaffold.htb,Microsoft-Windows-SMBServer,Microsoft-Windows-SMBServer/Security,31,2,0200D390C0A8640100000000000000000000FFFFC0A864010000000000000000000000000000000000000000000000000000000000000000000000000000000000000000000000000000000000000000000000000000000000000000000000000000000000000000000000000000000000000000000000000000000000000000,128,\\192.168.100.1,30,,,,,,,,0x0,,,,,,,,0xc0000203,0xc0000203,,,Smb2Namespace
2026-05-17T16:12:40.351803Z,1006,dc.scaffold.htb,Microsoft-Windows-SMBServer,Microsoft-Windows-SMBServer/Security,32,2,020084BCC0A864010000000000000000,16,\\192.168.100.1,15,,0x0,0x81,,,,,0x300000000031,,\\*\DeploymentShare$,20,\??\Y:\DeploymentShare,22,0100048034000000440000000000000014000000020020000100000000031800FF011F000102000000000005200000002002000001020000000000052000000020020000010500000000000515000000F5B0CF1512C8CDA9C5D939CF01020000,96,0xc0000022,0xc0000022,SCAFFOLD\j.harris,17,Smb2Namespace
2026-05-17T16:12:40.354064Z,1006,dc.scaffold.htb,Microsoft-Windows-SMBServer,Microsoft-Windows-SMBServer/Security,33,2,020084BCC0A864010000000000000000,16,\\192.168.100.1,15,,0x0,0x1f01ff,,,,,0x300000000031,,\\*\DeploymentShare$,20,\??\Y:\DeploymentShare,22,0100048034000000440000000000000014000000020020000100000000031800FF011F000102000000000005200000002002000001020000000000052000000020020000010500000000000515000000F5B0CF1512C8CDA9C5D939CF01020000,96,0xc0000022,0xc0000022,SCAFFOLD\j.harris,17,Smb2Namespace
2026-05-17T16:12:40.357032Z,1006,dc.scaffold.htb,Microsoft-Windows-SMBServer,Microsoft-Windows-SMBServer/Security,34,2,020084BCC0A864010000000000000000,16,\\192.168.100.1,15,,0x0,0x2,,,,,0x300000000031,,\\*\DeploymentShare$,20,\??\Y:\DeploymentShare,22,0100048034000000440000000000000014000000020020000100000000031800FF011F000102000000000005200000002002000001020000000000052000000020020000010500000000000515000000F5B0CF1512C8CDA9C5D939CF01020000,96,0xc0000022,0xc0000022,SCAFFOLD\j.harris,17,Smb2Namespace
2026-05-17T16:12:40.371544Z,1006,dc.scaffold.htb,Microsoft-Windows-SMBServer,Microsoft-Windows-SMBServer/Security,35,2,020084BCC0A864010000000000000000,16,\\192.168.100.1,15,,0x0,0x1f01ff,,,,,0x300000000031,,\\*\NETLOGON,12,\??\C:\Windows\SYSVOL\sysvol\scaffold.htb\SCRIPTS,49,0100048048000000580000000000000014000000020034000200000000001400A900120001010000000000010000000000001800FF011F000102000000000005200000002002000001020000000000052000000020020000010100000000000512000000,100,0xc0000022,0xc0000022,SCAFFOLD\j.harris,17,Smb2Namespace
2026-05-17T16:12:40.374067Z,1006,dc.scaffold.htb,Microsoft-Windows-SMBServer,Microsoft-Windows-SMBServer/Security,36,2,020084BCC0A864010000000000000000,16,\\192.168.100.1,15,,0x0,0x2,,,,,0x300000000031,,\\*\NETLOGON,12,\??\C:\Windows\SYSVOL\sysvol\scaffold.htb\SCRIPTS,49,0100048048000000580000000000000014000000020034000200000000001400A900120001010000000000010000000000001800FF011F000102000000000005200000002002000001020000000000052000000020020000010100000000000512000000,100,0xc0000022,0xc0000022,SCAFFOLD\j.harris,17,Smb2Namespace
2026-05-17T16:12:40.382140Z,1006,dc.scaffold.htb,Microsoft-Windows-SMBServer,Microsoft-Windows-SMBServer/Security,37,2,020084BCC0A864010000000000000000,16,\\192.168.100.1,15,,0x0,0x1f01ff,,,,,0x300000000031,,\\*\REMINST,11,\??\C:\RemoteInstall,20,0100048084000000940000000000000014000000020070000400000000031400FF011F0001010000000000051200000000031800FF011F000102000000000005200000002002000000031400A900120001010000000000050B00000000032800FF011F00010600000000000550000000EEB8A9641355D7C01EEA005250362135069D16DC01020000000000052000000020020000010500000000000515000000F5B0CF1512C8CDA9C5D939CF01020000,176,0xc0000022,0xc0000022,SCAFFOLD\j.harris,17,Smb2Namespace
2026-05-17T16:12:40.384573Z,1006,dc.scaffold.htb,Microsoft-Windows-SMBServer,Microsoft-Windows-SMBServer/Security,38,2,020084BCC0A864010000000000000000,16,\\192.168.100.1,15,,0x0,0x2,,,,,0x300000000031,,\\*\REMINST,11,\??\C:\RemoteInstall,20,0100048084000000940000000000000014000000020070000400000000031400FF011F0001010000000000051200000000031800FF011F000102000000000005200000002002000000031400A900120001010000000000050B00000000032800FF011F00010600000000000550000000EEB8A9641355D7C01EEA005250362135069D16DC01020000000000052000000020020000010500000000000515000000F5B0CF1512C8CDA9C5D939CF01020000,176,0xc0000022,0xc0000022,SCAFFOLD\j.harris,17,Smb2Namespace
2026-05-17T16:13:29.776850Z,1015,dc.scaffold.htb,Microsoft-Windows-SMBServer,Microsoft-Windows-SMBServer/Security,39,2,020095FCC0A8640100000000000000000000FFFFC0A864010000000000000000000000000000000000000000000000000000000000000000000000000000000000000000000000000000000000000000000000000000000000000000000000000000000000000000000000000000000000000000000000000000000000000000,128,\\192.168.100.1,30,,,,,,,,0x0,,,,,,,,0xc0000203,0xc0000203,,,Smb2Namespace
2026-05-17T16:16:15.847279Z,1015,dc.scaffold.htb,Microsoft-Windows-SMBServer,Microsoft-Windows-SMBServer/Security,40,2,0200A036C0A8640100000000000000000000FFFFC0A864010000000000000000000000000000000000000000000000000000000000000000000000000000000000000000000000000000000000000000000000000000000000000000000000000000000000000000000000000000000000000000000000000000000000000000,128,\\192.168.100.1,30,,,,,,,,0x0,,,,,,,,0xc0000203,0xc0000203,,,Smb2Namespace
2026-05-17T16:16:20.359714Z,1006,dc.scaffold.htb,Microsoft-Windows-SMBServer,Microsoft-Windows-SMBServer/Security,41,2,0200CF00C0A864010000000000000000,16,\\192.168.100.1,15,,0x0,0x81,,,,,0x340000000021,,\\*\DeploymentShare$,20,\??\Y:\DeploymentShare,22,0100048034000000440000000000000014000000020020000100000000031800FF011F000102000000000005200000002002000001020000000000052000000020020000010500000000000515000000F5B0CF1512C8CDA9C5D939CF01020000,96,0xc0000022,0xc0000022,SCAFFOLD\j.harris,17,Smb2Namespace
2026-05-17T16:16:20.362069Z,1006,dc.scaffold.htb,Microsoft-Windows-SMBServer,Microsoft-Windows-SMBServer/Security,42,2,0200CF00C0A864010000000000000000,16,\\192.168.100.1,15,,0x0,0x1f01ff,,,,,0x340000000021,,\\*\DeploymentShare$,20,\??\Y:\DeploymentShare,22,0100048034000000440000000000000014000000020020000100000000031800FF011F000102000000000005200000002002000001020000000000052000000020020000010500000000000515000000F5B0CF1512C8CDA9C5D939CF01020000,96,0xc0000022,0xc0000022,SCAFFOLD\j.harris,17,Smb2Namespace
2026-05-17T16:16:20.364606Z,1006,dc.scaffold.htb,Microsoft-Windows-SMBServer,Microsoft-Windows-SMBServer/Security,43,2,0200CF00C0A864010000000000000000,16,\\192.168.100.1,15,,0x0,0x2,,,,,0x340000000021,,\\*\DeploymentShare$,20,\??\Y:\DeploymentShare,22,0100048034000000440000000000000014000000020020000100000000031800FF011F000102000000000005200000002002000001020000000000052000000020020000010500000000000515000000F5B0CF1512C8CDA9C5D939CF01020000,96,0xc0000022,0xc0000022,SCAFFOLD\j.harris,17,Smb2Namespace
2026-05-17T16:16:20.379646Z,1006,dc.scaffold.htb,Microsoft-Windows-SMBServer,Microsoft-Windows-SMBServer/Security,44,2,0200CF00C0A864010000000000000000,16,\\192.168.100.1,15,,0x0,0x1f01ff,,,,,0x340000000021,,\\*\NETLOGON,12,\??\C:\Windows\SYSVOL\sysvol\scaffold.htb\SCRIPTS,49,0100048048000000580000000000000014000000020034000200000000001400A900120001010000000000010000000000001800FF011F000102000000000005200000002002000001020000000000052000000020020000010100000000000512000000,100,0xc0000022,0xc0000022,SCAFFOLD\j.harris,17,Smb2Namespace
2026-05-17T16:16:20.382177Z,1006,dc.scaffold.htb,Microsoft-Windows-SMBServer,Microsoft-Windows-SMBServer/Security,45,2,0200CF00C0A864010000000000000000,16,\\192.168.100.1,15,,0x0,0x2,,,,,0x340000000021,,\\*\NETLOGON,12,\??\C:\Windows\SYSVOL\sysvol\scaffold.htb\SCRIPTS,49,0100048048000000580000000000000014000000020034000200000000001400A900120001010000000000010000000000001800FF011F000102000000000005200000002002000001020000000000052000000020020000010100000000000512000000,100,0xc0000022,0xc0000022,SCAFFOLD\j.harris,17,Smb2Namespace
2026-05-17T16:16:20.389559Z,1006,dc.scaffold.htb,Microsoft-Windows-SMBServer,Microsoft-Windows-SMBServer/Security,46,2,0200CF00C0A864010000000000000000,16,\\192.168.100.1,15,,0x0,0x1f01ff,,,,,0x340000000021,,\\*\REMINST,11,\??\C:\RemoteInstall,20,0100048084000000940000000000000014000000020070000400000000031400FF011F0001010000000000051200000000031800FF011F000102000000000005200000002002000000031400A900120001010000000000050B00000000032800FF011F00010600000000000550000000EEB8A9641355D7C01EEA005250362135069D16DC01020000000000052000000020020000010500000000000515000000F5B0CF1512C8CDA9C5D939CF01020000,176,0xc0000022,0xc0000022,SCAFFOLD\j.harris,17,Smb2Namespace
2026-05-17T16:16:20.391747Z,1006,dc.scaffold.htb,Microsoft-Windows-SMBServer,Microsoft-Windows-SMBServer/Security,47,2,0200CF00C0A864010000000000000000,16,\\192.168.100.1,15,,0x0,0x2,,,,,0x340000000021,,\\*\REMINST,11,\??\C:\RemoteInstall,20,0100048084000000940000000000000014000000020070000400000000031400FF011F0001010000000000051200000000031800FF011F000102000000000005200000002002000000031400A900120001010000000000050B00000000032800FF011F00010600000000000550000000EEB8A9641355D7C01EEA005250362135069D16DC01020000000000052000000020020000010500000000000515000000F5B0CF1512C8CDA9C5D939CF01020000,176,0xc0000022,0xc0000022,SCAFFOLD\j.harris,17,Smb2Namespace
2026-05-17T16:17:35.007846Z,551,dc.scaffold.htb,Microsoft-Windows-SMBServer,Microsoft-Windows-SMBServer/Security,48,2,0200A12EC0A864010000000000000000,16,\\192.168.100.1,15,4E065B01-E618-0000-9C64-064E18E6DC01,,,3,session setup failed before the SPN could be queried,0,4E065B01-E618-0001-0B66-064E18E6DC01,,0x340000000039,,,,,,,0xc0000193,0xc0000193,,0,Smb2Namespace
2026-05-17T16:18:46.321993Z,551,dc.scaffold.htb,Microsoft-Windows-SMBServer,Microsoft-Windows-SMBServer/Security,49,2,02008D28C0A864010000000000000000,16,\\192.168.100.1,15,4E065B01-E618-0000-C564-064E18E6DC01,,,3,session setup failed before the SPN could be queried,0,4E065B01-E618-0003-DF64-064E18E6DC01,,0x340000000041,,,,,,,0xc0000072,0xc0000072,,0,Smb2Namespace
2026-05-18T23:48:08.199219Z,1006,dc.scaffold.htb,Microsoft-Windows-SMBServer,Microsoft-Windows-SMBServer/Security,50,2,1700C27300000000FE80000000000000A8CE0F8D3CF2A7F50F000000,28,\\[fe80::a8ce:f8d:3cf2:a7f5],28,,0x0,0x100080,,,,,0x480000000009,,\\*\Ready,9,\??\C:\Software\Packages\Ready,30,010004804000000050000000000000001400000002002C000100000000002400FF011F00010500000000000515000000F5B0CF1512C8CDA9C5D939CF0302000001020000000000052000000020020000010500000000000515000000F5B0CF1512C8CDA9C5D939CF01020000,108,0xc0000022,0xc0000022,SCAFFOLD\Administrator,22,Smb2Namespace
2026-05-18T23:48:08.199619Z,1006,dc.scaffold.htb,Microsoft-Windows-SMBServer,Microsoft-Windows-SMBServer/Security,51,2,1700C27300000000FE80000000000000A8CE0F8D3CF2A7F50F000000,28,\\[fe80::a8ce:f8d:3cf2:a7f5],28,,0x0,0x100080,,,,,0x480000000009,,\\*\Ready,9,\??\C:\Software\Packages\Ready,30,010004804000000050000000000000001400000002002C000100000000002400FF011F00010500000000000515000000F5B0CF1512C8CDA9C5D939CF0302000001020000000000052000000020020000010500000000000515000000F5B0CF1512C8CDA9C5D939CF01020000,108,0xc0000022,0xc0000022,SCAFFOLD\Administrator,22,Smb2Namespace
2026-05-22T14:26:30.983361Z,1015,dc.scaffold.htb,Microsoft-Windows-SMBServer,Microsoft-Windows-SMBServer/Security,52,2,0200C632C0A8640100000000000000000000FFFFC0A864010000000000000000000000000000000000000000000000000000000000000000000000000000000000000000000000000000000000000000000000000000000000000000000000000000000000000000000000000000000000000000000000000000000000000000,128,\\192.168.100.1,30,,,,,,,,0x0,,,,,,,,0xc0000203,0xc0000203,,,Smb2Namespace
2026-05-23T14:26:48.133949Z,551,dc.scaffold.htb,Microsoft-Windows-SMBServer,Microsoft-Windows-SMBServer/Security,53,2,0200EC58C0A864010000000000000000,16,\\192.168.100.1,15,91DCB5B4-EAB8-0000-F607-DD91B8EADC01,,,3,session setup failed before the SPN could be queried,0,91DCB5B4-EAB8-0003-CB47-DD91B8EADC01,,0x5c0000000039,,,,,,,0xc000006d,0xc000006d,,0,Smb2Namespace
2026-05-24T14:55:43.543244Z,551,dc.scaffold.htb,Microsoft-Windows-SMBServer,Microsoft-Windows-SMBServer/Security,54,2,0200B670C0A864010000000000000000,16,\\192.168.100.1,15,AE0DB03A-EB8B-0000-21C4-0DAE8BEBDC01,,,3,session setup failed before the SPN could be queried,0,AE0DB03A-EB8B-0003-D7C2-0DAE8BEBDC01,,0x740000000011,,,,,,,0xc000006d,0xc000006d,,0,Smb2Namespace
2026-05-24T14:55:55.701196Z,551,dc.scaffold.htb,Microsoft-Windows-SMBServer,Microsoft-Windows-SMBServer/Security,55,2,0200DCD4C0A864010000000000000000,16,\\192.168.100.1,15,AE0DB03A-EB8B-0000-25C4-0DAE8BEBDC01,,,3,session setup failed before the SPN could be queried,0,AE0DB03A-EB8B-0002-A6C1-0DAE8BEBDC01,,0x740000000019,,,,,,,0xc000006d,0xc000006d,,0,Smb2Namespace
2026-05-24T14:56:04.379399Z,551,dc.scaffold.htb,Microsoft-Windows-SMBServer,Microsoft-Windows-SMBServer/Security,56,2,0200870CC0A864010000000000000000,16,\\192.168.100.1,15,AE0DB03A-EB8B-0000-27C4-0DAE8BEBDC01,,,3,session setup failed before the SPN could be queried,0,AE0DB03A-EB8B-0002-AAC1-0DAE8BEBDC01,,0x740000000021,,,,,,,0xc000006d,0xc000006d,,0,Smb2Namespace
2026-05-24T14:56:11.992792Z,551,dc.scaffold.htb,Microsoft-Windows-SMBServer,Microsoft-Windows-SMBServer/Security,57,2,0200C784C0A864010000000000000000,16,\\192.168.100.1,15,AE0DB03A-EB8B-0000-29C4-0DAE8BEBDC01,,,3,session setup failed before the SPN could be queried,0,AE0DB03A-EB8B-0002-ADC1-0DAE8BEBDC01,,0x740000000029,,,,,,,0xc000006d,0xc000006d,,0,Smb2Namespace
2026-05-24T16:22:55.416594Z,1006,dc.scaffold.htb,Microsoft-Windows-SMBServer,Microsoft-Windows-SMBServer/Security,58,2,1700C38800000000FE8000000000000059835DEECFFC19FA10000000,28,\\[fe80::5983:5dee:cffc:19fa],29,,0x0,0x100080,,,,,0x780004000015,,\\*\Ready,9,\??\C:\Software\Packages\Ready,30,010004804000000050000000000000001400000002002C000100000000002400FF011F00010500000000000515000000F5B0CF1512C8CDA9C5D939CF0302000001020000000000052000000020020000010500000000000515000000F5B0CF1512C8CDA9C5D939CF01020000,108,0xc0000022,0xc0000022,SCAFFOLD\Administrator,22,Smb2Namespace
2026-05-24T16:22:55.418050Z,1006,dc.scaffold.htb,Microsoft-Windows-SMBServer,Microsoft-Windows-SMBServer/Security,59,2,1700C38800000000FE8000000000000059835DEECFFC19FA10000000,28,\\[fe80::5983:5dee:cffc:19fa],29,,0x0,0x100080,,,,,0x780004000015,,\\*\Ready,9,\??\C:\Software\Packages\Ready,30,010004804000000050000000000000001400000002002C000100000000002400FF011F00010500000000000515000000F5B0CF1512C8CDA9C5D939CF0302000001020000000000052000000020020000010500000000000515000000F5B0CF1512C8CDA9C5D939CF01020000,108,0xc0000022,0xc0000022,SCAFFOLD\Administrator,22,Smb2Namespace
2026-05-24T16:23:07.742001Z,1006,dc.scaffold.htb,Microsoft-Windows-SMBServer,Microsoft-Windows-SMBServer/Security,60,2,1700C38A00000000FE8000000000000059835DEECFFC19FA10000000,28,\\[fe80::5983:5dee:cffc:19fa],29,,0x0,0x100080,,,,,0x780004000019,,\\*\Ready,9,\??\C:\Software\Packages\Ready,30,010004804000000050000000000000001400000002002C000100000000002400FF011F00010500000000000515000000F5B0CF1512C8CDA9C5D939CF0302000001020000000000052000000020020000010500000000000515000000F5B0CF1512C8CDA9C5D939CF01020000,108,0xc0000022,0xc0000022,SCAFFOLD\Administrator,22,Smb2Namespace
2026-05-25T14:44:52.488494Z,551,dc.scaffold.htb,Microsoft-Windows-SMBServer,Microsoft-Windows-SMBServer/Security,61,2,0200CB4CC0A864010000000000000000,16,\\192.168.100.1,15,669A56E9-EC54-0000-4A65-9A6654ECDC01,,,3,session setup failed before the SPN could be queried,0,669A56E9-EC54-0002-6C60-9A6654ECDC01,,0x80000000000d,,,,,,,0xc000006d,0xc000006d,,0,Smb2Namespace
2026-05-25T14:45:52.246660Z,551,dc.scaffold.htb,Microsoft-Windows-SMBServer,Microsoft-Windows-SMBServer/Security,62,2,0200B30EC0A864010000000000000000,16,\\192.168.100.1,15,669A56E9-EC54-0000-D965-9A6654ECDC01,,,3,session setup failed before the SPN could be queried,0,669A56E9-EC54-0002-9360-9A6654ECDC01,,0x80000000001d,,,,,,,0xc000006d,0xc000006d,,0,Smb2Namespace
2026-05-25T14:46:17.898466Z,551,dc.scaffold.htb,Microsoft-Windows-SMBServer,Microsoft-Windows-SMBServer/Security,63,2,0200ACB2C0A864010000000000000000,16,\\192.168.100.1,15,669A56E9-EC54-0000-FA65-9A6654ECDC01,,,3,session setup failed before the SPN could be queried,0,669A56E9-EC54-0000-FB65-9A6654ECDC01,,0x80000000002d,,,,,,,0xc000006d,0xc000006d,,0,Smb2Namespace
2026-09-20T11:25:05.700538Z,1006,dc.scaffold.htb,Microsoft-Windows-SMBServer,Microsoft-Windows-SMBServer/Security,64,2,0200C3820A0A11790000000000000000,16,\\10.10.17.121,14,,0x0,0x81,,,,,0xe80000000015,,\\*\DeploymentShare$,20,\??\Y:\DeploymentShare,22,0100048034000000440000000000000014000000020020000100000000031800FF011F000102000000000005200000002002000001020000000000052000000020020000010500000000000515000000F5B0CF1512C8CDA9C5D939CF01020000,96,0xc0000022,0xc0000022,SCAFFOLD\j.harris,17,Smb2Namespace
2026-09-20T11:25:05.868537Z,1006,dc.scaffold.htb,Microsoft-Windows-SMBServer,Microsoft-Windows-SMBServer/Security,65,2,0200C3820A0A11790000000000000000,16,\\10.10.17.121,14,,0x0,0x1f01ff,,,,,0xe80000000015,,\\*\DeploymentShare$,20,\??\Y:\DeploymentShare,22,0100048034000000440000000000000014000000020020000100000000031800FF011F000102000000000005200000002002000001020000000000052000000020020000010500000000000515000000F5B0CF1512C8CDA9C5D939CF01020000,96,0xc0000022,0xc0000022,SCAFFOLD\j.harris,17,Smb2Namespace
2026-09-20T11:25:06.039539Z,1006,dc.scaffold.htb,Microsoft-Windows-SMBServer,Microsoft-Windows-SMBServer/Security,66,2,0200C3820A0A11790000000000000000,16,\\10.10.17.121,14,,0x0,0x2,,,,,0xe80000000015,,\\*\DeploymentShare$,20,\??\Y:\DeploymentShare,22,0100048034000000440000000000000014000000020020000100000000031800FF011F000102000000000005200000002002000001020000000000052000000020020000010500000000000515000000F5B0CF1512C8CDA9C5D939CF01020000,96,0xc0000022,0xc0000022,SCAFFOLD\j.harris,17,Smb2Namespace
2026-09-20T11:25:06.944473Z,1006,dc.scaffold.htb,Microsoft-Windows-SMBServer,Microsoft-Windows-SMBServer/Security,67,2,0200C3820A0A11790000000000000000,16,\\10.10.17.121,14,,0x0,0x1f01ff,,,,,0xe80000000015,,\\*\NETLOGON,12,\??\C:\Windows\SYSVOL\sysvol\scaffold.htb\SCRIPTS,49,0100048048000000580000000000000014000000020034000200000000001400A900120001010000000000010000000000001800FF011F000102000000000005200000002002000001020000000000052000000020020000010100000000000512000000,100,0xc0000022,0xc0000022,SCAFFOLD\j.harris,17,Smb2Namespace
2026-09-20T11:25:07.118536Z,1006,dc.scaffold.htb,Microsoft-Windows-SMBServer,Microsoft-Windows-SMBServer/Security,68,2,0200C3820A0A11790000000000000000,16,\\10.10.17.121,14,,0x0,0x2,,,,,0xe80000000015,,\\*\NETLOGON,12,\??\C:\Windows\SYSVOL\sysvol\scaffold.htb\SCRIPTS,49,0100048048000000580000000000000014000000020034000200000000001400A900120001010000000000010000000000001800FF011F000102000000000005200000002002000001020000000000052000000020020000010100000000000512000000,100,0xc0000022,0xc0000022,SCAFFOLD\j.harris,17,Smb2Namespace
2026-09-20T11:25:07.578532Z,1006,dc.scaffold.htb,Microsoft-Windows-SMBServer,Microsoft-Windows-SMBServer/Security,69,2,0200C3820A0A11790000000000000000,16,\\10.10.17.121,14,,0x0,0x1f01ff,,,,,0xe80000000015,,\\*\REMINST,11,\??\C:\RemoteInstall,20,0100048084000000940000000000000014000000020070000400000000031400FF011F0001010000000000051200000000031800FF011F000102000000000005200000002002000000031400A900120001010000000000050B00000000032800FF011F00010600000000000550000000EEB8A9641355D7C01EEA005250362135069D16DC01020000000000052000000020020000010500000000000515000000F5B0CF1512C8CDA9C5D939CF01020000,176,0xc0000022,0xc0000022,SCAFFOLD\j.harris,17,Smb2Namespace
2026-09-20T11:25:07.747770Z,1006,dc.scaffold.htb,Microsoft-Windows-SMBServer,Microsoft-Windows-SMBServer/Security,70,2,0200C3820A0A11790000000000000000,16,\\10.10.17.121,14,,0x0,0x2,,,,,0xe80000000015,,\\*\REMINST,11,\??\C:\RemoteInstall,20,0100048084000000940000000000000014000000020070000400000000031400FF011F0001010000000000051200000000031800FF011F000102000000000005200000002002000000031400A900120001010000000000050B00000000032800FF011F00010600000000000550000000EEB8A9641355D7C01EEA005250362135069D16DC01020000000000052000000020020000010500000000000515000000F5B0CF1512C8CDA9C5D939CF01020000,176,0xc0000022,0xc0000022,SCAFFOLD\j.harris,17,Smb2Namespace
2026-09-20T11:33:06.919960Z,551,dc.scaffold.htb,Microsoft-Windows-SMBServer,Microsoft-Windows-SMBServer/Security,71,2,0200B8CE0A0A11790000000000000000,16,\\10.10.17.121,14,CE8F2564-48F1-0001-E335-8FCEF148DD01,,,3,session setup failed before the SPN could be queried,0,CE8F2564-48F1-0001-E435-8FCEF148DD01,,0xe80000000021,,,,,,,0xc0000072,0xc0000072,,0,Smb2Namespace
2026-09-20T11:34:25.194164Z,1015,dc.scaffold.htb,Microsoft-Windows-SMBServer,Microsoft-Windows-SMBServer/Security,72,2,0200EB240A0A117900000000000000000000FFFF0A0A11790000000000000000000000000000000000000000000000000000000000000000000000000000000000000000000000000000000000000000000000000000000000000000000000000000000000000000000000000000000000000000000000000000000000000000,128,\\10.10.17.121,28,,,,,,,,0x0,,,,,,,,0xc0000203,0xc0000203,,,Smb2Namespace
2026-09-20T11:38:59.539059Z,551,dc.scaffold.htb,Microsoft-Windows-SMBServer,Microsoft-Windows-SMBServer/Security,73,2,0200E2280A0A11790000000000000000,16,\\10.10.17.121,14,CE8F2564-48F1-0000-302F-8FCEF148DD01,,,3,session setup failed before the SPN could be queried,0,CE8F2564-48F1-0001-5D36-8FCEF148DD01,,0xe80000000039,,,,,,,0xc0000072,0xc0000072,,0,Smb2Namespace
2026-09-20T12:00:05.990274Z,551,dc.scaffold.htb,Microsoft-Windows-SMBServer,Microsoft-Windows-SMBServer/Security,74,2,0200C9460A0A11790000000000000000,16,\\10.10.17.121,14,CE8F2564-48F1-0000-3635-8FCEF148DD01,,,3,session setup failed before the SPN could be queried,0,CE8F2564-48F1-0001-D33B-8FCEF148DD01,,0xe8000000004d,,,,,,,0xc0000193,0xc0000193,,0,Smb2Namespace
2026-09-20T12:00:06.717233Z,551,dc.scaffold.htb,Microsoft-Windows-SMBServer,Microsoft-Windows-SMBServer/Security,75,2,0200C9560A0A11790000000000000000,16,\\10.10.17.121,14,CE8F2564-48F1-0001-D43B-8FCEF148DD01,,,3,session setup failed before the SPN could be queried,0,CE8F2564-48F1-0000-3735-8FCEF148DD01,,0xe80000000051,,,,,,,0xc000006d,0xc000006d,,0,Smb2Namespace
2026-09-20T12:00:07.424468Z,551,dc.scaffold.htb,Microsoft-Windows-SMBServer,Microsoft-Windows-SMBServer/Security,76,2,0200C9700A0A11790000000000000000,16,\\10.10.17.121,14,CE8F2564-48F1-0000-3835-8FCEF148DD01,,,3,session setup failed before the SPN could be queried,0,CE8F2564-48F1-0001-D53B-8FCEF148DD01,,0xe80000000055,,,,,,,0xc000006d,0xc000006d,,0,Smb2Namespace
2026-09-20T12:00:08.134142Z,551,dc.scaffold.htb,Microsoft-Windows-SMBServer,Microsoft-Windows-SMBServer/Security,77,2,0200C9760A0A11790000000000000000,16,\\10.10.17.121,14,CE8F2564-48F1-0000-3935-8FCEF148DD01,,,3,session setup failed before the SPN could be queried,0,CE8F2564-48F1-0000-3A35-8FCEF148DD01,,0xe80000000059,,,,,,,0xc000006d,0xc000006d,,0,Smb2Namespace
2026-09-20T12:00:08.840789Z,551,dc.scaffold.htb,Microsoft-Windows-SMBServer,Microsoft-Windows-SMBServer/Security,78,2,0200C9900A0A11790000000000000000,16,\\10.10.17.121,14,CE8F2564-48F1-0001-D63B-8FCEF148DD01,,,3,session setup failed before the SPN could be queried,0,CE8F2564-48F1-0001-D73B-8FCEF148DD01,,0xe8000000005d,,,,,,,0xc000006d,0xc000006d,,0,Smb2Namespace
2026-09-20T12:00:09.525584Z,551,dc.scaffold.htb,Microsoft-Windows-SMBServer,Microsoft-Windows-SMBServer/Security,79,2,0200C9A00A0A11790000000000000000,16,\\10.10.17.121,14,CE8F2564-48F1-0001-D83B-8FCEF148DD01,,,3,session setup failed before the SPN could be queried,0,CE8F2564-48F1-0000-3B35-8FCEF148DD01,,0xe80000000061,,,,,,,0xc000006d,0xc000006d,,0,Smb2Namespace
2026-09-20T12:00:27.944078Z,551,dc.scaffold.htb,Microsoft-Windows-SMBServer,Microsoft-Windows-SMBServer/Security,80,2,0200D56A0A0A11790000000000000000,16,\\10.10.17.121,14,CE8F2564-48F1-0000-3D35-8FCEF148DD01,,,3,session setup failed before the SPN could be queried,0,CE8F2564-48F1-0000-3E35-8FCEF148DD01,,0xe80000000069,,,,,,,0xc000006d,0xc000006d,,0,Smb2Namespace
2026-09-20T12:00:29.347182Z,551,dc.scaffold.htb,Microsoft-Windows-SMBServer,Microsoft-Windows-SMBServer/Security,81,2,0200D5780A0A11790000000000000000,16,\\10.10.17.121,14,CE8F2564-48F1-0000-3F35-8FCEF148DD01,,,3,session setup failed before the SPN could be queried,0,CE8F2564-48F1-0001-DA3B-8FCEF148DD01,,0xe8000000006d,,,,,,,0xc000006d,0xc000006d,,0,Smb2Namespace
2026-09-20T12:00:30.472134Z,551,dc.scaffold.htb,Microsoft-Windows-SMBServer,Microsoft-Windows-SMBServer/Security,82,2,0200D58C0A0A11790000000000000000,16,\\10.10.17.121,14,CE8F2564-48F1-0001-DB3B-8FCEF148DD01,,,3,session setup failed before the SPN could be queried,0,CE8F2564-48F1-0000-4035-8FCEF148DD01,,0xe80000000071,,,,,,,0xc000006d,0xc000006d,,0,Smb2Namespace
2026-09-20T12:00:31.174342Z,551,dc.scaffold.htb,Microsoft-Windows-SMBServer,Microsoft-Windows-SMBServer/Security,83,2,0200D59A0A0A11790000000000000000,16,\\10.10.17.121,14,CE8F2564-48F1-0000-4135-8FCEF148DD01,,,3,session setup failed before the SPN could be queried,0,CE8F2564-48F1-0000-4235-8FCEF148DD01,,0xe80000000075,,,,,,,0xc000006d,0xc000006d,,0,Smb2Namespace
2026-09-20T12:00:31.876182Z,551,dc.scaffold.htb,Microsoft-Windows-SMBServer,Microsoft-Windows-SMBServer/Security,84,2,0200D5AC0A0A11790000000000000000,16,\\10.10.17.121,14,CE8F2564-48F1-0000-4335-8FCEF148DD01,,,3,session setup failed before the SPN could be queried,0,CE8F2564-48F1-0001-DC3B-8FCEF148DD01,,0xe80000000079,,,,,,,0xc000006d,0xc000006d,,0,Smb2Namespace
2026-09-20T12:00:32.871109Z,551,dc.scaffold.htb,Microsoft-Windows-SMBServer,Microsoft-Windows-SMBServer/Security,85,2,0200D5C20A0A11790000000000000000,16,\\10.10.17.121,14,CE8F2564-48F1-0001-DD3B-8FCEF148DD01,,,3,session setup failed before the SPN could be queried,0,CE8F2564-48F1-0001-DE3B-8FCEF148DD01,,0xe8000000007d,,,,,,,0xc000006d,0xc000006d,,0,Smb2Namespace
2026-09-20T12:00:44.271244Z,551,dc.scaffold.htb,Microsoft-Windows-SMBServer,Microsoft-Windows-SMBServer/Security,86,2,0200E1D00A0A11790000000000000000,16,\\10.10.17.121,14,CE8F2564-48F1-0001-EF3B-8FCEF148DD01,,,3,session setup failed before the SPN could be queried,0,CE8F2564-48F1-0001-F03B-8FCEF148DD01,,0xe80004000009,,,,,,,0xc000006d,0xc000006d,,0,Smb2Namespace
2026-09-20T12:00:45.206891Z,551,dc.scaffold.htb,Microsoft-Windows-SMBServer,Microsoft-Windows-SMBServer/Security,87,2,0200E1DC0A0A11790000000000000000,16,\\10.10.17.121,14,CE8F2564-48F1-0001-F13B-8FCEF148DD01,,,3,session setup failed before the SPN could be queried,0,CE8F2564-48F1-0001-F23B-8FCEF148DD01,,0xe8000400000d,,,,,,,0xc000006d,0xc000006d,,0,Smb2Namespace
2026-09-20T12:00:47.959644Z,551,dc.scaffold.htb,Microsoft-Windows-SMBServer,Microsoft-Windows-SMBServer/Security,88,2,0200B99A0A0A11790000000000000000,16,\\10.10.17.121,14,CE8F2564-48F1-0000-5D35-8FCEF148DD01,,,3,session setup failed before the SPN could be queried,0,CE8F2564-48F1-0001-F53B-8FCEF148DD01,,0xe80004000015,,,,,,,0xc000006d,0xc000006d,,0,Smb2Namespace
2026-09-20T12:00:48.948272Z,551,dc.scaffold.htb,Microsoft-Windows-SMBServer,Microsoft-Windows-SMBServer/Security,89,2,0200B9B00A0A11790000000000000000,16,\\10.10.17.121,14,CE8F2564-48F1-0001-F63B-8FCEF148DD01,,,3,session setup failed before the SPN could be queried,0,CE8F2564-48F1-0001-F73B-8FCEF148DD01,,0xe80004000019,,,,,,,0xc000006d,0xc000006d,,0,Smb2Namespace
2026-09-20T12:00:50.316326Z,1015,dc.scaffold.htb,Microsoft-Windows-SMBServer,Microsoft-Windows-SMBServer/Security,90,2,0200B9C20A0A117900000000000000000000FFFF0A0A11790000000000000000000000000000000000000000000000000000000000000000000000000000000000000000000000000000000000000000000000000000000000000000000000000000000000000000000000000000000000000000000000000000000000000000,128,\\10.10.17.121,28,,,,,,,,0x0,,,,,,,,0xc0000203,0xc0000203,,,Smb2Namespace
2026-09-20T12:04:04.897409Z,551,dc.scaffold.htb,Microsoft-Windows-SMBServer,Microsoft-Windows-SMBServer/Security,91,2,02009D020A0A11790000000000000000,16,\\10.10.17.121,14,CE8F2564-48F1-0001-113C-8FCEF148DD01,,,3,session setup failed before the SPN could be queried,0,CE8F2564-48F1-0001-123C-8FCEF148DD01,,0xe80004000025,,,,,,,0xc000015b,0xc000015b,,0,Smb2Namespace
