2026-06-02T14:04:53.954536Z,5857,dc.scaffold.htb,Microsoft-Windows-WMI-Activity,Microsoft-Windows-WMI-Activity/Operational,2795,0,,,,0x0,,,wmiprvse.exe,,,,,,3212,,WMI Kernel Trace Event Provider,C:\Windows\System32\wbem\krnlprov.dll,,,,http://manifests.microsoft.com/win/2006/windows/WMI,
2026-06-02T14:04:53.958560Z,5860,dc.scaffold.htb,Microsoft-Windows-WMI-Activity,Microsoft-Windows-WMI-Activity/Operational,2796,0,,DC,,,,,,,,ROOT\CIMV2,,Temporary,,2792,,,SELECT * FROM Win32_ProcessStartTrace WHERE ProcessName = 'wsmprovhost.exe',,NT AUTHORITY\SYSTEM,http://manifests.microsoft.com/win/2006/windows/WMI,
2026-06-02T14:04:54.428271Z,5857,dc.scaffold.htb,Microsoft-Windows-WMI-Activity,Microsoft-Windows-WMI-Activity/Operational,2797,0,,,,0x0,,,wmiprvse.exe,,,,,,4708,,CIMWin32a,%systemroot%\system32\wbem\wmipcima.dll,,,,http://manifests.microsoft.com/win/2006/windows/WMI,
2026-06-02T14:04:54.545931Z,5858,dc.scaffold.htb,Microsoft-Windows-WMI-Activity,Microsoft-Windows-WMI-Activity/Operational,2798,2,,DC,3952,,Unknown,,,{00000000-0000-0000-0000-000000000000},,,"Start IWbemServices::ExecQuery - ROOT\CIMV2 : SELECT Manufacturer, Product FROM Win32_BaseBoard",Unknown,,,,,,0x80041032,NT AUTHORITY\NETWORK SERVICE,http://manifests.microsoft.com/win/2006/windows/WMI,
2026-06-02T14:04:54.858351Z,5858,dc.scaffold.htb,Microsoft-Windows-WMI-Activity,Microsoft-Windows-WMI-Activity/Operational,2799,2,,DC,6460,,Unknown,,,{00000000-0000-0000-0000-000000000000},,,"Start IWbemServices::ExecQuery - ROOT\CIMV2 : SELECT Manufacturer, Product FROM Win32_BaseBoard",Unknown,,,,,,0x80041032,NT AUTHORITY\NETWORK SERVICE,http://manifests.microsoft.com/win/2006/windows/WMI,
2026-06-02T14:05:14.015135Z,5857,dc.scaffold.htb,Microsoft-Windows-WMI-Activity,Microsoft-Windows-WMI-Activity/Operational,2800,0,,,,0x0,,,wmiprvse.exe,,,,,,4708,,MS_NT_EVENTLOG_PROVIDER,%systemroot%\system32\wbem\ntevt.dll,,,,http://manifests.microsoft.com/win/2006/windows/WMI,
2026-06-02T14:05:20.403088Z,5857,dc.scaffold.htb,Microsoft-Windows-WMI-Activity,Microsoft-Windows-WMI-Activity/Operational,2801,0,,,,0x0,,,wmiprvse.exe,,,,,,4708,,mgmtprovider,%systemroot%\system32\wbem\mgmtprovider.dll,,,,http://manifests.microsoft.com/win/2006/windows/WMI,
2026-06-02T14:05:20.453590Z,5857,dc.scaffold.htb,Microsoft-Windows-WMI-Activity,Microsoft-Windows-WMI-Activity/Operational,2802,0,,,,0x0,,,wmiprvse.exe,,,,,,7928,,NetAdapterCim,%systemroot%\system32\wbem\NetAdapterCim.dll,,,,http://manifests.microsoft.com/win/2006/windows/WMI,
2026-06-02T14:05:20.617217Z,5857,dc.scaffold.htb,Microsoft-Windows-WMI-Activity,Microsoft-Windows-WMI-Activity/Operational,2803,0,,,,0x0,,,wmiprvse.exe,,,,,,4708,,nettcpip,%systemroot%\system32\wbem\NetTCPIP.dll,,,,http://manifests.microsoft.com/win/2006/windows/WMI,
2026-06-02T14:05:23.855209Z,5857,dc.scaffold.htb,Microsoft-Windows-WMI-Activity,Microsoft-Windows-WMI-Activity/Operational,2804,0,,,,0x0,,,wmiprvse.exe,,,,,,7248,,deploymentprovider,%systemroot%\system32\wbem\ServerManager.DeploymentProvider.dll,,,,http://manifests.microsoft.com/win/2006/windows/WMI,
2026-06-02T14:06:19.430181Z,5858,dc.scaffold.htb,Microsoft-Windows-WMI-Activity,Microsoft-Windows-WMI-Activity/Operational,2805,2,,DC,2792,,Unknown,,,{AC815834-F298-0000-455B-81AC98F2DC01},,,Start IWbemServices::ExecNotificationQuery - ROOT\CIMV2 : SELECT * FROM Win32_ProcessStartTrace WHERE ProcessName = 'wsmprovhost.exe',Unknown,,,,,,0x80041032,NT AUTHORITY\SYSTEM,http://manifests.microsoft.com/win/2006/windows/WMI,
2026-06-02T14:09:27.463939Z,5857,dc.scaffold.htb,Microsoft-Windows-WMI-Activity,Microsoft-Windows-WMI-Activity/Operational,2806,0,,,,0x0,,,wmiprvse.exe,,,,,,4580,,CIMWin32,%systemroot%\system32\wbem\cimwin32.dll,,,,http://manifests.microsoft.com/win/2006/windows/WMI,
2026-06-02T14:09:28.455056Z,5857,dc.scaffold.htb,Microsoft-Windows-WMI-Activity,Microsoft-Windows-WMI-Activity/Operational,2807,0,,,,0x0,,,wmiprvse.exe,,,,,,5176,,WMIProv,%systemroot%\system32\wbem\wmiprov.dll,,,,http://manifests.microsoft.com/win/2006/windows/WMI,
2026-06-02T14:09:28.464095Z,5858,dc.scaffold.htb,Microsoft-Windows-WMI-Activity,Microsoft-Windows-WMI-Activity/Operational,2808,2,,DC,3420,,Unknown,,,{00000000-0000-0000-0000-000000000000},,,Start IWbemServices::CreateInstanceEnum - root\wmi : MS_SM_AdapterInformationQuery,Unknown,,,,,,0x8004100c,NT AUTHORITY\SYSTEM,http://manifests.microsoft.com/win/2006/windows/WMI,
2026-06-02T14:09:28.469740Z,5858,dc.scaffold.htb,Microsoft-Windows-WMI-Activity,Microsoft-Windows-WMI-Activity/Operational,2809,2,,DC,3420,,Unknown,,,{00000000-0000-0000-0000-000000000000},,,Start IWbemServices::CreateInstanceEnum - root\wmi : MSiSCSI_PortalInfoClass,Unknown,,,,,,0x8004100c,NT AUTHORITY\SYSTEM,http://manifests.microsoft.com/win/2006/windows/WMI,
2026-06-02T14:09:29.738082Z,5857,dc.scaffold.htb,Microsoft-Windows-WMI-Activity,Microsoft-Windows-WMI-Activity/Operational,2810,0,,,,0x0,,,wmiprvse.exe,,,,,,4580,,CIMWin32a,%systemroot%\system32\wbem\wmipcima.dll,,,,http://manifests.microsoft.com/win/2006/windows/WMI,
2026-06-02T14:09:30.018939Z,5858,dc.scaffold.htb,Microsoft-Windows-WMI-Activity,Microsoft-Windows-WMI-Activity/Operational,2811,2,,DC,5360,,Unknown,,,{00000000-0000-0000-0000-000000000000},,,"Start IWbemServices::ExecQuery - ROOT\CIMV2 : SELECT Manufacturer, Product FROM Win32_BaseBoard",Unknown,,,,,,0x80041032,NT AUTHORITY\NETWORK SERVICE,http://manifests.microsoft.com/win/2006/windows/WMI,
2026-06-02T14:09:47.108131Z,5857,dc.scaffold.htb,Microsoft-Windows-WMI-Activity,Microsoft-Windows-WMI-Activity/Operational,2812,0,,,,0x0,,,wmiprvse.exe,,,,,,5176,,WmiPerfClass,C:\Windows\System32\wbem\WmiPerfClass.dll,,,,http://manifests.microsoft.com/win/2006/windows/WMI,
2026-06-02T14:09:56.867552Z,5861,dc.scaffold.htb,Microsoft-Windows-WMI-Activity,Microsoft-Windows-WMI-Activity/Operational,2813,0,"NTEventLogEventConsumer=""SCM Event Log Consumer""",,,,,SCM Event Log Filter,,,//./root/subscription,,,"Binding EventFilter: 
instance of __EventFilter
{
	CreatorSID = {1, 2, 0, 0, 0, 0, 0, 5, 32, 0, 0, 0, 32, 2, 0, 0};
	EventNamespace = ""root\\cimv2"";
	Name = ""SCM Event Log Filter"";
	Query = ""select * from MSFT_SCMEventLogEvent"";
	QueryLanguage = ""WQL"";
};
Perm. Consumer: 
instance of NTEventLogEventConsumer
{
	Category = 0;
	CreatorSID = {1, 2, 0, 0, 0, 0, 0, 5, 32, 0, 0, 0, 32, 2, 0, 0};
	EventType = 1;
	Name = ""SCM Event Log Consumer"";
	NameOfUserSIDProperty = ""sid"";
	SourceName = ""Service Control Manager"";
};
",,,,,,,,http://manifests.microsoft.com/win/2006/windows/WMI,
2026-06-02T14:09:56.903239Z,5859,dc.scaffold.htb,SCM Event Provider,Microsoft-Windows-WMI-Activity/Operational,2814,0,,,,,,,,,,//./root/CIMV2,,Permanent,,3092,,,select * from MSFT_SCMEventLogEvent,,S-1-5-32-544,http://manifests.microsoft.com/win/2006/windows/WMI,0
2026-06-02T14:09:56.911811Z,5857,dc.scaffold.htb,Microsoft-Windows-WMI-Activity,Microsoft-Windows-WMI-Activity/Operational,2815,0,,,,0x0,,,wmiprvse.exe,,,,,,3092,,WMI Kernel Trace Event Provider,C:\Windows\System32\wbem\krnlprov.dll,,,,http://manifests.microsoft.com/win/2006/windows/WMI,
2026-06-02T14:09:56.915173Z,5860,dc.scaffold.htb,Microsoft-Windows-WMI-Activity,Microsoft-Windows-WMI-Activity/Operational,2816,0,,DC,,,,,,,,ROOT\CIMV2,,Temporary,,5836,,,SELECT * FROM Win32_ProcessStartTrace WHERE ProcessName = 'wsmprovhost.exe',,NT AUTHORITY\SYSTEM,http://manifests.microsoft.com/win/2006/windows/WMI,
2026-06-02T14:10:07.522335Z,5857,dc.scaffold.htb,Microsoft-Windows-WMI-Activity,Microsoft-Windows-WMI-Activity/Operational,2817,0,,,,0x0,,,wmiprvse.exe,,,,,,4580,,MS_NT_EVENTLOG_PROVIDER,%systemroot%\system32\wbem\ntevt.dll,,,,http://manifests.microsoft.com/win/2006/windows/WMI,
2026-06-02T14:10:50.596401Z,5857,dc.scaffold.htb,Microsoft-Windows-WMI-Activity,Microsoft-Windows-WMI-Activity/Operational,2818,0,,,,0x0,,,wmiprvse.exe,,,,,,4580,,mgmtprovider,%systemroot%\system32\wbem\mgmtprovider.dll,,,,http://manifests.microsoft.com/win/2006/windows/WMI,
2026-06-02T14:10:50.665323Z,5857,dc.scaffold.htb,Microsoft-Windows-WMI-Activity,Microsoft-Windows-WMI-Activity/Operational,2819,0,,,,0x0,,,wmiprvse.exe,,,,,,7040,,NetAdapterCim,%systemroot%\system32\wbem\NetAdapterCim.dll,,,,http://manifests.microsoft.com/win/2006/windows/WMI,
2026-06-02T14:10:50.775356Z,5857,dc.scaffold.htb,Microsoft-Windows-WMI-Activity,Microsoft-Windows-WMI-Activity/Operational,2820,0,,,,0x0,,,wmiprvse.exe,,,,,,4580,,nettcpip,%systemroot%\system32\wbem\NetTCPIP.dll,,,,http://manifests.microsoft.com/win/2006/windows/WMI,
2026-06-02T14:10:54.309375Z,5857,dc.scaffold.htb,Microsoft-Windows-WMI-Activity,Microsoft-Windows-WMI-Activity/Operational,2821,0,,,,0x0,,,wmiprvse.exe,,,,,,7304,,deploymentprovider,%systemroot%\system32\wbem\ServerManager.DeploymentProvider.dll,,,,http://manifests.microsoft.com/win/2006/windows/WMI,
2026-06-02T14:11:57.439936Z,5858,dc.scaffold.htb,Microsoft-Windows-WMI-Activity,Microsoft-Windows-WMI-Activity/Operational,2822,2,,DC,3816,,Unknown,,,{00000000-0000-0000-0000-000000000000},,,Start IWbemServices::ExecQuery - root\cimv2 : SELECT * FROM Win32_ComputerSystemProduct,Unknown,,,,,,0x80041032,NT AUTHORITY\SYSTEM,http://manifests.microsoft.com/win/2006/windows/WMI,
2026-06-02T14:11:57.448447Z,5858,dc.scaffold.htb,Microsoft-Windows-WMI-Activity,Microsoft-Windows-WMI-Activity/Operational,2823,2,,DC,3816,,Unknown,,,{00000000-0000-0000-0000-000000000000},,,Start IWbemServices::ExecQuery - root\cimv2 : SELECT * FROM Win32_ComputerSystem,Unknown,,,,,,0x80041032,NT AUTHORITY\SYSTEM,http://manifests.microsoft.com/win/2006/windows/WMI,
2026-06-02T14:13:10.787362Z,5857,dc.scaffold.htb,Microsoft-Windows-WMI-Activity,Microsoft-Windows-WMI-Activity/Operational,2824,0,,,,0x0,,,wmiprvse.exe,,,,,,4580,,CIMWin32a,%systemroot%\system32\wbem\wmipcima.dll,,,,http://manifests.microsoft.com/win/2006/windows/WMI,
2026-06-02T14:18:44.074950Z,5857,dc.scaffold.htb,Microsoft-Windows-WMI-Activity,Microsoft-Windows-WMI-Activity/Operational,2825,0,,,,0x0,,,wmiprvse.exe,,,,,,4580,,ServerFeatureProvider,%windir%\system32\wbem\servercompprov.dll,,,,http://manifests.microsoft.com/win/2006/windows/WMI,
2026-06-02T14:18:44.102573Z,5857,dc.scaffold.htb,Microsoft-Windows-WMI-Activity,Microsoft-Windows-WMI-Activity/Operational,2826,0,,,,0x0,,,wmiprvse.exe,,,,,,7332,,deploymentprovider,%systemroot%\system32\wbem\ServerManager.DeploymentProvider.dll,,,,http://manifests.microsoft.com/win/2006/windows/WMI,
2026-06-02T14:18:44.321792Z,5858,dc.scaffold.htb,Microsoft-Windows-WMI-Activity,Microsoft-Windows-WMI-Activity/Operational,2827,2,,DC,4904,,Unknown,,,{00000000-0000-0000-0000-000000000000},,,Start IWbemServices::ExecQuery - ROOT\CCM : select ClientId from CCM_Client,Unknown,,,,,,0x80041010,NT AUTHORITY\SYSTEM,http://manifests.microsoft.com/win/2006/windows/WMI,
2026-06-02T14:18:44.351002Z,5857,dc.scaffold.htb,Microsoft-Windows-WMI-Activity,Microsoft-Windows-WMI-Activity/Operational,2828,0,,,,0x0,,,wmiprvse.exe,,,,,,4580,,Win32_TpmProvider,C:\Windows\System32\wbem\Win32_TPM.dll,,,,http://manifests.microsoft.com/win/2006/windows/WMI,
2026-06-02T14:18:44.540193Z,5857,dc.scaffold.htb,Microsoft-Windows-WMI-Activity,Microsoft-Windows-WMI-Activity/Operational,2829,0,,,,0x0,,,wmiprvse.exe,,,,,,4580,,Win32_DeviceGuard,%SystemRoot%\System32\Win32_DeviceGuard.dll,,,,http://manifests.microsoft.com/win/2006/windows/WMI,
2026-06-02T14:18:44.563264Z,5857,dc.scaffold.htb,Microsoft-Windows-WMI-Activity,Microsoft-Windows-WMI-Activity/Operational,2830,0,,,,0x0,,,wmiprvse.exe,,,,,,4580,,DeliveryOptimizationMIProv,%SystemRoot%\system32\domgmt.dll,,,,http://manifests.microsoft.com/win/2006/windows/WMI,
2026-06-02T14:18:44.570014Z,5858,dc.scaffold.htb,Microsoft-Windows-WMI-Activity,Microsoft-Windows-WMI-Activity/Operational,2831,2,,DC,4904,,Unknown,,,{00000000-0000-0000-0000-000000000000},,,"Start IWbemServices::ExecQuery - root\Microsoft\Windows\DeliveryOptimization : SELECT DownloadMode, DownloadModeProvider FROM MSFT_DeliveryOptimizationConfig",Unknown,,,,,,0x80041032,NT AUTHORITY\SYSTEM,http://manifests.microsoft.com/win/2006/windows/WMI,
2026-06-02T14:19:57.504463Z,5858,dc.scaffold.htb,Microsoft-Windows-WMI-Activity,Microsoft-Windows-WMI-Activity/Operational,2832,2,,DC,5836,,Unknown,,,{61AF753D-F299-0000-CB76-AF6199F2DC01},,,Start IWbemServices::ExecNotificationQuery - ROOT\CIMV2 : SELECT * FROM Win32_ProcessStartTrace WHERE ProcessName = 'wsmprovhost.exe',Unknown,,,,,,0x80041032,NT AUTHORITY\SYSTEM,http://manifests.microsoft.com/win/2006/windows/WMI,
2026-06-02T14:20:50.642629Z,5857,dc.scaffold.htb,Microsoft-Windows-WMI-Activity,Microsoft-Windows-WMI-Activity/Operational,2833,0,,,,0x0,,,wmiprvse.exe,,,,,,4580,,mgmtprovider,%systemroot%\system32\wbem\mgmtprovider.dll,,,,http://manifests.microsoft.com/win/2006/windows/WMI,
2026-06-02T14:20:50.676359Z,5857,dc.scaffold.htb,Microsoft-Windows-WMI-Activity,Microsoft-Windows-WMI-Activity/Operational,2834,0,,,,0x0,,,wmiprvse.exe,,,,,,4780,,NetAdapterCim,%systemroot%\system32\wbem\NetAdapterCim.dll,,,,http://manifests.microsoft.com/win/2006/windows/WMI,
2026-06-02T14:20:50.736440Z,5857,dc.scaffold.htb,Microsoft-Windows-WMI-Activity,Microsoft-Windows-WMI-Activity/Operational,2835,0,,,,0x0,,,wmiprvse.exe,,,,,,4580,,nettcpip,%systemroot%\system32\wbem\NetTCPIP.dll,,,,http://manifests.microsoft.com/win/2006/windows/WMI,
2026-06-02T14:20:53.132396Z,5857,dc.scaffold.htb,Microsoft-Windows-WMI-Activity,Microsoft-Windows-WMI-Activity/Operational,2836,0,,,,0x0,,,wmiprvse.exe,,,,,,7464,,deploymentprovider,%systemroot%\system32\wbem\ServerManager.DeploymentProvider.dll,,,,http://manifests.microsoft.com/win/2006/windows/WMI,
2026-07-09T05:41:14.581331Z,5857,dc.scaffold.htb,Microsoft-Windows-WMI-Activity,Microsoft-Windows-WMI-Activity/Operational,2837,0,,,,0x0,,,wmiprvse.exe,,,,,,4612,,CIMWin32,%systemroot%\system32\wbem\cimwin32.dll,,,,http://manifests.microsoft.com/win/2006/windows/WMI,
2026-07-09T05:41:18.129368Z,5857,dc.scaffold.htb,Microsoft-Windows-WMI-Activity,Microsoft-Windows-WMI-Activity/Operational,2838,0,,,,0x0,,,wmiprvse.exe,,,,,,4580,,WMIProv,%systemroot%\system32\wbem\wmiprov.dll,,,,http://manifests.microsoft.com/win/2006/windows/WMI,
2026-07-09T05:41:18.341825Z,5858,dc.scaffold.htb,Microsoft-Windows-WMI-Activity,Microsoft-Windows-WMI-Activity/Operational,2839,2,,DC,3716,,Unknown,,,{00000000-0000-0000-0000-000000000000},,,Start IWbemServices::CreateInstanceEnum - root\wmi : MS_SM_AdapterInformationQuery,Unknown,,,,,,0x8004100c,NT AUTHORITY\SYSTEM,http://manifests.microsoft.com/win/2006/windows/WMI,
2026-07-09T05:41:18.725702Z,5858,dc.scaffold.htb,Microsoft-Windows-WMI-Activity,Microsoft-Windows-WMI-Activity/Operational,2840,2,,DC,3716,,Unknown,,,{00000000-0000-0000-0000-000000000000},,,Start IWbemServices::CreateInstanceEnum - root\wmi : MSiSCSI_PortalInfoClass,Unknown,,,,,,0x8004100c,NT AUTHORITY\SYSTEM,http://manifests.microsoft.com/win/2006/windows/WMI,
2026-07-09T05:41:24.363450Z,5857,dc.scaffold.htb,Microsoft-Windows-WMI-Activity,Microsoft-Windows-WMI-Activity/Operational,2841,0,,,,0x0,,,wmiprvse.exe,,,,,,4612,,CIMWin32a,%systemroot%\system32\wbem\wmipcima.dll,,,,http://manifests.microsoft.com/win/2006/windows/WMI,
2026-07-09T05:41:28.071267Z,5858,dc.scaffold.htb,Microsoft-Windows-WMI-Activity,Microsoft-Windows-WMI-Activity/Operational,2842,2,,DC,5336,,Unknown,,,{00000000-0000-0000-0000-000000000000},,,"Start IWbemServices::ExecQuery - ROOT\CIMV2 : SELECT Manufacturer, Product FROM Win32_BaseBoard",Unknown,,,,,,0x80041032,NT AUTHORITY\NETWORK SERVICE,http://manifests.microsoft.com/win/2006/windows/WMI,
2026-07-09T05:41:29.968955Z,5857,dc.scaffold.htb,Microsoft-Windows-WMI-Activity,Microsoft-Windows-WMI-Activity/Operational,2843,0,,,,0x0,,,wmiprvse.exe,,,,,,4580,,WmiPerfClass,C:\Windows\System32\wbem\WmiPerfClass.dll,,,,http://manifests.microsoft.com/win/2006/windows/WMI,
2026-07-09T05:41:50.574489Z,5857,dc.scaffold.htb,Microsoft-Windows-WMI-Activity,Microsoft-Windows-WMI-Activity/Operational,2844,0,,,,0x0,,,wmiprvse.exe,,,,,,4612,,MS_NT_EVENTLOG_PROVIDER,%systemroot%\system32\wbem\ntevt.dll,,,,http://manifests.microsoft.com/win/2006/windows/WMI,
2026-07-09T05:42:46.165329Z,5861,dc.scaffold.htb,Microsoft-Windows-WMI-Activity,Microsoft-Windows-WMI-Activity/Operational,2845,0,"NTEventLogEventConsumer=""SCM Event Log Consumer""",,,,,SCM Event Log Filter,,,//./root/subscription,,,"Binding EventFilter: 
instance of __EventFilter
{
	CreatorSID = {1, 2, 0, 0, 0, 0, 0, 5, 32, 0, 0, 0, 32, 2, 0, 0};
	EventNamespace = ""root\\cimv2"";
	Name = ""SCM Event Log Filter"";
	Query = ""select * from MSFT_SCMEventLogEvent"";
	QueryLanguage = ""WQL"";
};
Perm. Consumer: 
instance of NTEventLogEventConsumer
{
	Category = 0;
	CreatorSID = {1, 2, 0, 0, 0, 0, 0, 5, 32, 0, 0, 0, 32, 2, 0, 0};
	EventType = 1;
	Name = ""SCM Event Log Consumer"";
	NameOfUserSIDProperty = ""sid"";
	SourceName = ""Service Control Manager"";
};
",,,,,,,,http://manifests.microsoft.com/win/2006/windows/WMI,
2026-07-09T05:42:46.214919Z,5859,dc.scaffold.htb,SCM Event Provider,Microsoft-Windows-WMI-Activity/Operational,2846,0,,,,,,,,,,//./root/CIMV2,,Permanent,,3016,,,select * from MSFT_SCMEventLogEvent,,S-1-5-32-544,http://manifests.microsoft.com/win/2006/windows/WMI,0
2026-07-09T05:43:14.350857Z,5858,dc.scaffold.htb,Microsoft-Windows-WMI-Activity,Microsoft-Windows-WMI-Activity/Operational,2847,2,,DC,3272,,Unknown,,,{00000000-0000-0000-0000-000000000000},,,Start IWbemServices::ExecQuery - root\cimv2 : SELECT * FROM Win32_ComputerSystemProduct,Unknown,,,,,,0x80041032,NT AUTHORITY\SYSTEM,http://manifests.microsoft.com/win/2006/windows/WMI,
2026-07-09T05:43:14.463939Z,5858,dc.scaffold.htb,Microsoft-Windows-WMI-Activity,Microsoft-Windows-WMI-Activity/Operational,2848,2,,DC,3272,,Unknown,,,{00000000-0000-0000-0000-000000000000},,,Start IWbemServices::ExecQuery - root\cimv2 : SELECT * FROM Win32_ComputerSystem,Unknown,,,,,,0x80041032,NT AUTHORITY\SYSTEM,http://manifests.microsoft.com/win/2006/windows/WMI,
2026-07-09T05:43:15.703050Z,5858,dc.scaffold.htb,Microsoft-Windows-WMI-Activity,Microsoft-Windows-WMI-Activity/Operational,2849,2,,DC,3272,,Unknown,,,{00000000-0000-0000-0000-000000000000},,,Start IWbemServices::ExecQuery - root\cimv2 : SELECT * FROM Win32_ComputerSystem,Unknown,,,,,,0x80041032,NT AUTHORITY\SYSTEM,http://manifests.microsoft.com/win/2006/windows/WMI,
2026-07-09T05:44:44.553917Z,5857,dc.scaffold.htb,Microsoft-Windows-WMI-Activity,Microsoft-Windows-WMI-Activity/Operational,2850,0,,,,0x0,,,wmiprvse.exe,,,,,,4612,,ServerFeatureProvider,%windir%\system32\wbem\servercompprov.dll,,,,http://manifests.microsoft.com/win/2006/windows/WMI,
2026-07-09T05:44:44.781110Z,5857,dc.scaffold.htb,Microsoft-Windows-WMI-Activity,Microsoft-Windows-WMI-Activity/Operational,2851,0,,,,0x0,,,wmiprvse.exe,,,,,,2328,,deploymentprovider,%systemroot%\system32\wbem\ServerManager.DeploymentProvider.dll,,,,http://manifests.microsoft.com/win/2006/windows/WMI,
2026-07-09T05:44:46.280330Z,5858,dc.scaffold.htb,Microsoft-Windows-WMI-Activity,Microsoft-Windows-WMI-Activity/Operational,2852,2,,DC,808,,Unknown,,,{00000000-0000-0000-0000-000000000000},,,Start IWbemServices::ExecQuery - ROOT\CCM : select ClientId from CCM_Client,Unknown,,,,,,0x80041010,NT AUTHORITY\SYSTEM,http://manifests.microsoft.com/win/2006/windows/WMI,
2026-07-09T05:44:46.415841Z,5857,dc.scaffold.htb,Microsoft-Windows-WMI-Activity,Microsoft-Windows-WMI-Activity/Operational,2853,0,,,,0x0,,,wmiprvse.exe,,,,,,4612,,Win32_TpmProvider,C:\Windows\System32\wbem\Win32_TPM.dll,,,,http://manifests.microsoft.com/win/2006/windows/WMI,
2026-07-09T05:44:50.337100Z,5857,dc.scaffold.htb,Microsoft-Windows-WMI-Activity,Microsoft-Windows-WMI-Activity/Operational,2854,0,,,,0x0,,,wmiprvse.exe,,,,,,4612,,Win32_DeviceGuard,%SystemRoot%\System32\Win32_DeviceGuard.dll,,,,http://manifests.microsoft.com/win/2006/windows/WMI,
2026-07-09T05:44:50.707221Z,5857,dc.scaffold.htb,Microsoft-Windows-WMI-Activity,Microsoft-Windows-WMI-Activity/Operational,2855,0,,,,0x0,,,wmiprvse.exe,,,,,,4612,,DeliveryOptimizationMIProv,%SystemRoot%\system32\domgmt.dll,,,,http://manifests.microsoft.com/win/2006/windows/WMI,
2026-07-09T05:44:50.822815Z,5858,dc.scaffold.htb,Microsoft-Windows-WMI-Activity,Microsoft-Windows-WMI-Activity/Operational,2856,2,,DC,2052,,Unknown,,,{00000000-0000-0000-0000-000000000000},,,Start IWbemServices::ExecQuery - ROOT\CCM : select ClientId from CCM_Client,Unknown,,,,,,0x80041010,NT AUTHORITY\SYSTEM,http://manifests.microsoft.com/win/2006/windows/WMI,
2026-07-09T05:44:57.035228Z,5858,dc.scaffold.htb,Microsoft-Windows-WMI-Activity,Microsoft-Windows-WMI-Activity/Operational,2857,2,,DC,2052,,Unknown,,,{00000000-0000-0000-0000-000000000000},,,Start IWbemServices::ExecQuery - ROOT\CIMV2 : SELECT * FROM Win32_OptionalFeature WHERE name = 'NetFX3',Unknown,,,,,,0x80041032,NT AUTHORITY\SYSTEM,http://manifests.microsoft.com/win/2006/windows/WMI,
2026-07-09T05:44:57.584691Z,5858,dc.scaffold.htb,Microsoft-Windows-WMI-Activity,Microsoft-Windows-WMI-Activity/Operational,2858,2,,DC,2052,,Unknown,,,{00000000-0000-0000-0000-000000000000},,,Start IWbemServices::ExecQuery - ROOT\CIMV2 : SELECT * FROM Win32_OptionalFeature WHERE name = 'WCF-HTTP-Activation',Unknown,,,,,,0x80041032,NT AUTHORITY\SYSTEM,http://manifests.microsoft.com/win/2006/windows/WMI,
2026-07-09T05:44:57.855208Z,5858,dc.scaffold.htb,Microsoft-Windows-WMI-Activity,Microsoft-Windows-WMI-Activity/Operational,2859,2,,DC,2052,,Unknown,,,{00000000-0000-0000-0000-000000000000},,,Start IWbemServices::ExecQuery - ROOT\CIMV2 : SELECT * FROM Win32_OptionalFeature WHERE name = 'WCF-NonHTTP-Activation',Unknown,,,,,,0x80041032,NT AUTHORITY\SYSTEM,http://manifests.microsoft.com/win/2006/windows/WMI,
2026-07-09T05:44:58.434081Z,5858,dc.scaffold.htb,Microsoft-Windows-WMI-Activity,Microsoft-Windows-WMI-Activity/Operational,2860,2,,DC,2052,,Unknown,,,{00000000-0000-0000-0000-000000000000},,,Start IWbemServices::ExecQuery - ROOT\CIMV2 : SELECT * FROM Win32_OptionalFeature WHERE name = 'IIS-ASPNET',Unknown,,,,,,0x80041032,NT AUTHORITY\SYSTEM,http://manifests.microsoft.com/win/2006/windows/WMI,
2026-07-09T05:44:58.997489Z,5858,dc.scaffold.htb,Microsoft-Windows-WMI-Activity,Microsoft-Windows-WMI-Activity/Operational,2861,2,,DC,2052,,Unknown,,,{00000000-0000-0000-0000-000000000000},,,Start IWbemServices::ExecQuery - ROOT\CIMV2 : SELECT * FROM Win32_OptionalFeature WHERE name = 'IIS-NetFxExtensibility',Unknown,,,,,,0x80041032,NT AUTHORITY\SYSTEM,http://manifests.microsoft.com/win/2006/windows/WMI,
2026-07-09T05:44:59.589456Z,5858,dc.scaffold.htb,Microsoft-Windows-WMI-Activity,Microsoft-Windows-WMI-Activity/Operational,2862,2,,DC,2052,,Unknown,,,{00000000-0000-0000-0000-000000000000},,,Start IWbemServices::ExecQuery - ROOT\CIMV2 : SELECT * FROM Win32_OptionalFeature WHERE name = 'WAS-NetFxEnvironment',Unknown,,,,,,0x80041032,NT AUTHORITY\SYSTEM,http://manifests.microsoft.com/win/2006/windows/WMI,
2026-07-09T05:44:59.989330Z,5857,dc.scaffold.htb,Microsoft-Windows-WMI-Activity,Microsoft-Windows-WMI-Activity/Operational,2863,0,,,,0x0,,,wmiprvse.exe,,,,,,4612,,WhqlProvider,%systemroot%\system32\signdrv.dll,,,,http://manifests.microsoft.com/win/2006/windows/WMI,
2026-07-09T05:45:01.813669Z,5858,dc.scaffold.htb,Microsoft-Windows-WMI-Activity,Microsoft-Windows-WMI-Activity/Operational,2864,2,,DC,2052,,Unknown,,,{00000000-0000-0000-0000-000000000000},,,"Start IWbemServices::ExecQuery - ROOT\CIMV2 : SELECT DriverVersion, Manufacturer FROM Win32_PnPSignedDriver WHERE Manufacturer = 'ELAN'",Unknown,,,,,,0x80041032,NT AUTHORITY\SYSTEM,http://manifests.microsoft.com/win/2006/windows/WMI,
2026-07-09T05:45:01.914831Z,5857,dc.scaffold.htb,Microsoft-Windows-WMI-Activity,Microsoft-Windows-WMI-Activity/Operational,2865,0,,,,0x0,,,wmiprvse.exe,,,,,,4580,,InvProv,C:\Windows\System32\invagent.dll,,,,http://manifests.microsoft.com/win/2006/windows/WMI,
2026-07-09T05:52:07.409412Z,5857,dc.scaffold.htb,Microsoft-Windows-WMI-Activity,Microsoft-Windows-WMI-Activity/Operational,2866,0,,,,0x0,,,wmiprvse.exe,,,,,,4612,,MSVDS__PROVIDER,%systemroot%\system32\wbem\vdswmi.dll,,,,http://manifests.microsoft.com/win/2006/windows/WMI,
2026-07-09T05:52:08.740582Z,5857,dc.scaffold.htb,Microsoft-Windows-WMI-Activity,Microsoft-Windows-WMI-Activity/Operational,2867,0,,,,0x0,,,wmiprvse.exe,,,,,,4612,,StorageWMI,%SystemRoot%\System32\storagewmi.dll,,,,http://manifests.microsoft.com/win/2006/windows/WMI,
2026-07-09T05:52:09.686486Z,5857,dc.scaffold.htb,Microsoft-Windows-WMI-Activity,Microsoft-Windows-WMI-Activity/Operational,2868,0,,,,0x0,,,wmiprvse.exe,,,,,,2784,,PowerWmiProvider,%systemroot%\system32\umpowmi.dll,,,,http://manifests.microsoft.com/win/2006/windows/WMI,
2026-07-09T05:52:09.713075Z,5858,dc.scaffold.htb,Microsoft-Windows-WMI-Activity,Microsoft-Windows-WMI-Activity/Operational,2869,2,,DC,2084,,Unknown,,,{00000000-0000-0000-0000-000000000000},,,Start IWbemServices::ExecQuery - ROOT\WMI : SELECT * FROM BatteryFullChargedCapacity,Unknown,,,,,,0x80041010,NT AUTHORITY\SYSTEM,http://manifests.microsoft.com/win/2006/windows/WMI,
2026-07-09T05:52:09.756725Z,5858,dc.scaffold.htb,Microsoft-Windows-WMI-Activity,Microsoft-Windows-WMI-Activity/Operational,2870,2,,DC,2084,,Unknown,,,{00000000-0000-0000-0000-000000000000},,,Start IWbemServices::ExecQuery - ROOT\WMI : SELECT * FROM BatteryStaticData,Unknown,,,,,,0x80041010,NT AUTHORITY\SYSTEM,http://manifests.microsoft.com/win/2006/windows/WMI,
2026-07-09T05:52:09.966300Z,5857,dc.scaffold.htb,Microsoft-Windows-WMI-Activity,Microsoft-Windows-WMI-Activity/Operational,2871,0,,,,0x0,,,wmiprvse.exe,,,,,,4612,,Win32_WIN32_TERMINALSERVICE_Prov,%SystemRoot%\system32\tscfgwmi.dll,,,,http://manifests.microsoft.com/win/2006/windows/WMI,
2026-07-09T05:52:18.765802Z,5857,dc.scaffold.htb,Microsoft-Windows-WMI-Activity,Microsoft-Windows-WMI-Activity/Operational,2872,0,,,,0x0,,,wmiprvse.exe,,,,,,4612,,Microsoft|DSLDAPClassProvider|V1.0,%systemroot%\system32\wbem\dsprov.dll,,,,http://manifests.microsoft.com/win/2006/windows/WMI,
2026-07-09T05:52:20.201794Z,5857,dc.scaffold.htb,Microsoft-Windows-WMI-Activity,Microsoft-Windows-WMI-Activity/Operational,2873,0,,,,0x0,,,wmiprvse.exe,,,,,,4612,,Microsoft|DSLDAPInstanceProvider|V1.0,%systemroot%\system32\wbem\dsprov.dll,,,,http://manifests.microsoft.com/win/2006/windows/WMI,
2026-07-09T05:52:30.366731Z,5858,dc.scaffold.htb,Microsoft-Windows-WMI-Activity,Microsoft-Windows-WMI-Activity/Operational,2874,2,,DC,5988,,Unknown,,,{00000000-0000-0000-0000-000000000000},,,Start IWbemServices::ExecQuery - ROOT\CIMV2 : SELECT State FROM Win32_Service,Unknown,,,,,,0x80041032,NT AUTHORITY\SYSTEM,http://manifests.microsoft.com/win/2006/windows/WMI,
2026-07-09T05:52:30.581485Z,5858,dc.scaffold.htb,Microsoft-Windows-WMI-Activity,Microsoft-Windows-WMI-Activity/Operational,2875,2,,DC,5988,,Unknown,,,{00000000-0000-0000-0000-000000000000},,,"Start IWbemServices::ExecQuery - root\cimv2 : SELECT FreeSpace FROM Win32_LogicalDisk WHERE DeviceId = ""C:""",Unknown,,,,,,0x80041032,NT AUTHORITY\SYSTEM,http://manifests.microsoft.com/win/2006/windows/WMI,
2026-07-09T06:08:54.813276Z,5858,dc.scaffold.htb,Microsoft-Windows-WMI-Activity,Microsoft-Windows-WMI-Activity/Operational,2876,2,,DC,2396,,Unknown,,,{00000000-0000-0000-0000-000000000000},,,Start IWbemServices::ExecQuery - ROOT\CIMV2 : Select * from Win32_Process Where ProcessID = '1316',Unknown,,,,,,0x80041032,SCAFFOLD\Administrator,http://manifests.microsoft.com/win/2006/windows/WMI,
2026-07-09T06:08:54.853640Z,5858,dc.scaffold.htb,Microsoft-Windows-WMI-Activity,Microsoft-Windows-WMI-Activity/Operational,2877,2,,DC,2396,,Unknown,,,{00000000-0000-0000-0000-000000000000},,,Start IWbemServices::ExecQuery - ROOT\CIMV2 : Select * from Win32_Process Where ProcessID = '1332',Unknown,,,,,,0x80041032,SCAFFOLD\Administrator,http://manifests.microsoft.com/win/2006/windows/WMI,
2026-07-09T06:11:55.298712Z,5857,dc.scaffold.htb,Microsoft-Windows-WMI-Activity,Microsoft-Windows-WMI-Activity/Operational,2878,0,,,,0x0,,,wmiprvse.exe,,,,,,4256,,CIMWin32,%systemroot%\system32\wbem\cimwin32.dll,,,,http://manifests.microsoft.com/win/2006/windows/WMI,
2026-07-09T06:11:57.350036Z,5857,dc.scaffold.htb,Microsoft-Windows-WMI-Activity,Microsoft-Windows-WMI-Activity/Operational,2879,0,,,,0x0,,,wmiprvse.exe,,,,,,4500,,WMIProv,%systemroot%\system32\wbem\wmiprov.dll,,,,http://manifests.microsoft.com/win/2006/windows/WMI,
2026-07-09T06:11:57.579325Z,5858,dc.scaffold.htb,Microsoft-Windows-WMI-Activity,Microsoft-Windows-WMI-Activity/Operational,2880,2,,DC,3808,,Unknown,,,{00000000-0000-0000-0000-000000000000},,,Start IWbemServices::CreateInstanceEnum - root\wmi : MS_SM_AdapterInformationQuery,Unknown,,,,,,0x8004100c,NT AUTHORITY\SYSTEM,http://manifests.microsoft.com/win/2006/windows/WMI,
2026-07-09T06:11:57.592528Z,5858,dc.scaffold.htb,Microsoft-Windows-WMI-Activity,Microsoft-Windows-WMI-Activity/Operational,2881,2,,DC,3808,,Unknown,,,{00000000-0000-0000-0000-000000000000},,,Start IWbemServices::CreateInstanceEnum - root\wmi : MSiSCSI_PortalInfoClass,Unknown,,,,,,0x8004100c,NT AUTHORITY\SYSTEM,http://manifests.microsoft.com/win/2006/windows/WMI,
2026-07-09T06:12:14.371959Z,5857,dc.scaffold.htb,Microsoft-Windows-WMI-Activity,Microsoft-Windows-WMI-Activity/Operational,2882,0,,,,0x0,,,wmiprvse.exe,,,,,,4500,,WmiPerfClass,C:\Windows\System32\wbem\WmiPerfClass.dll,,,,http://manifests.microsoft.com/win/2006/windows/WMI,
2026-07-09T06:12:23.614134Z,5861,dc.scaffold.htb,Microsoft-Windows-WMI-Activity,Microsoft-Windows-WMI-Activity/Operational,2883,0,"NTEventLogEventConsumer=""SCM Event Log Consumer""",,,,,SCM Event Log Filter,,,//./root/subscription,,,"Binding EventFilter: 
instance of __EventFilter
{
	CreatorSID = {1, 2, 0, 0, 0, 0, 0, 5, 32, 0, 0, 0, 32, 2, 0, 0};
	EventNamespace = ""root\\cimv2"";
	Name = ""SCM Event Log Filter"";
	Query = ""select * from MSFT_SCMEventLogEvent"";
	QueryLanguage = ""WQL"";
};
Perm. Consumer: 
instance of NTEventLogEventConsumer
{
	Category = 0;
	CreatorSID = {1, 2, 0, 0, 0, 0, 0, 5, 32, 0, 0, 0, 32, 2, 0, 0};
	EventType = 1;
	Name = ""SCM Event Log Consumer"";
	NameOfUserSIDProperty = ""sid"";
	SourceName = ""Service Control Manager"";
};
",,,,,,,,http://manifests.microsoft.com/win/2006/windows/WMI,
2026-07-09T06:12:23.751737Z,5859,dc.scaffold.htb,SCM Event Provider,Microsoft-Windows-WMI-Activity/Operational,2884,0,,,,,,,,,,//./root/CIMV2,,Permanent,,2104,,,select * from MSFT_SCMEventLogEvent,,S-1-5-32-544,http://manifests.microsoft.com/win/2006/windows/WMI,0
2026-07-09T06:12:23.768299Z,5857,dc.scaffold.htb,Microsoft-Windows-WMI-Activity,Microsoft-Windows-WMI-Activity/Operational,2885,0,,,,0x0,,,wmiprvse.exe,,,,,,2104,,WMI Kernel Trace Event Provider,C:\Windows\System32\wbem\krnlprov.dll,,,,http://manifests.microsoft.com/win/2006/windows/WMI,
2026-07-09T06:12:23.773814Z,5860,dc.scaffold.htb,Microsoft-Windows-WMI-Activity,Microsoft-Windows-WMI-Activity/Operational,2886,0,,DC,,,,,,,,ROOT\CIMV2,,Temporary,,676,,,SELECT * FROM Win32_ProcessStartTrace WHERE ProcessName = 'wsmprovhost.exe',,NT AUTHORITY\SYSTEM,http://manifests.microsoft.com/win/2006/windows/WMI,
2026-07-09T06:12:32.562983Z,5858,dc.scaffold.htb,Microsoft-Windows-WMI-Activity,Microsoft-Windows-WMI-Activity/Operational,2887,2,,DC,2588,,Unknown,,,{00000000-0000-0000-0000-000000000000},,,Start IWbemServices::ExecQuery - ROOT\CIMV2 : Select * from Win32_Process Where ProcessID = '2908',Unknown,,,,,,0x80041032,SCAFFOLD\Administrator,http://manifests.microsoft.com/win/2006/windows/WMI,
2026-07-09T06:12:36.256074Z,5857,dc.scaffold.htb,Microsoft-Windows-WMI-Activity,Microsoft-Windows-WMI-Activity/Operational,2888,0,,,,0x0,,,wmiprvse.exe,,,,,,4256,,MS_NT_EVENTLOG_PROVIDER,%systemroot%\system32\wbem\ntevt.dll,,,,http://manifests.microsoft.com/win/2006/windows/WMI,
2026-07-09T06:12:53.287479Z,5857,dc.scaffold.htb,Microsoft-Windows-WMI-Activity,Microsoft-Windows-WMI-Activity/Operational,2889,0,,,,0x0,,,wmiprvse.exe,,,,,,4256,,CIMWin32a,%systemroot%\system32\wbem\wmipcima.dll,,,,http://manifests.microsoft.com/win/2006/windows/WMI,
2026-07-09T06:12:53.560660Z,5858,dc.scaffold.htb,Microsoft-Windows-WMI-Activity,Microsoft-Windows-WMI-Activity/Operational,2890,2,,DC,5160,,Unknown,,,{00000000-0000-0000-0000-000000000000},,,"Start IWbemServices::ExecQuery - ROOT\CIMV2 : SELECT Manufacturer, Product FROM Win32_BaseBoard",Unknown,,,,,,0x80041032,NT AUTHORITY\NETWORK SERVICE,http://manifests.microsoft.com/win/2006/windows/WMI,
2026-07-09T06:14:25.575832Z,5858,dc.scaffold.htb,Microsoft-Windows-WMI-Activity,Microsoft-Windows-WMI-Activity/Operational,2891,2,,DC,4556,,Unknown,,,{00000000-0000-0000-0000-000000000000},,,Start IWbemServices::ExecQuery - root\cimv2 : SELECT * FROM Win32_ComputerSystemProduct,Unknown,,,,,,0x80041032,NT AUTHORITY\SYSTEM,http://manifests.microsoft.com/win/2006/windows/WMI,
2026-07-09T06:14:25.610593Z,5858,dc.scaffold.htb,Microsoft-Windows-WMI-Activity,Microsoft-Windows-WMI-Activity/Operational,2892,2,,DC,4556,,Unknown,,,{00000000-0000-0000-0000-000000000000},,,Start IWbemServices::ExecQuery - root\cimv2 : SELECT * FROM Win32_ComputerSystemProduct,Unknown,,,,,,0x80041032,NT AUTHORITY\SYSTEM,http://manifests.microsoft.com/win/2006/windows/WMI,
2026-07-09T06:14:25.619017Z,5858,dc.scaffold.htb,Microsoft-Windows-WMI-Activity,Microsoft-Windows-WMI-Activity/Operational,2893,2,,DC,4556,,Unknown,,,{00000000-0000-0000-0000-000000000000},,,Start IWbemServices::ExecQuery - root\cimv2 : SELECT * FROM Win32_ComputerSystemProduct,Unknown,,,,,,0x80041032,NT AUTHORITY\SYSTEM,http://manifests.microsoft.com/win/2006/windows/WMI,
2026-07-09T06:14:25.678708Z,5858,dc.scaffold.htb,Microsoft-Windows-WMI-Activity,Microsoft-Windows-WMI-Activity/Operational,2894,2,,DC,4556,,Unknown,,,{00000000-0000-0000-0000-000000000000},,,Start IWbemServices::ExecQuery - root\cimv2 : SELECT * FROM Win32_ComputerSystem,Unknown,,,,,,0x80041032,NT AUTHORITY\SYSTEM,http://manifests.microsoft.com/win/2006/windows/WMI,
2026-07-09T06:14:25.728490Z,5858,dc.scaffold.htb,Microsoft-Windows-WMI-Activity,Microsoft-Windows-WMI-Activity/Operational,2895,2,,DC,4556,,Unknown,,,{00000000-0000-0000-0000-000000000000},,,Start IWbemServices::ExecQuery - root\cimv2 : SELECT * FROM Win32_OperatingSystem,Unknown,,,,,,0x80041032,NT AUTHORITY\SYSTEM,http://manifests.microsoft.com/win/2006/windows/WMI,
2026-07-09T06:14:27.765048Z,5857,dc.scaffold.htb,Microsoft-Windows-WMI-Activity,Microsoft-Windows-WMI-Activity/Operational,2896,0,,,,0x0,,,wmiprvse.exe,,,,,,2180,,NetAdapterCim,%systemroot%\system32\wbem\NetAdapterCim.dll,,,,http://manifests.microsoft.com/win/2006/windows/WMI,
2026-07-09T06:14:28.653089Z,5857,dc.scaffold.htb,Microsoft-Windows-WMI-Activity,Microsoft-Windows-WMI-Activity/Operational,2897,0,,,,0x0,,,wmiprvse.exe,,,,,,5468,,dnsclientcim,%SYSTEMROOT%\System32\wbem\dnsclientcim.dll,,,,http://manifests.microsoft.com/win/2006/windows/WMI,
2026-07-09T06:14:41.028376Z,5858,dc.scaffold.htb,Microsoft-Windows-WMI-Activity,Microsoft-Windows-WMI-Activity/Operational,2898,2,,DC,676,,Unknown,,,{CBD391AF-0F69-0000-A695-D3CB690FDD01},,,Start IWbemServices::ExecNotificationQuery - ROOT\CIMV2 : SELECT * FROM Win32_ProcessStartTrace WHERE ProcessName = 'wsmprovhost.exe',Unknown,,,,,,0x80041032,NT AUTHORITY\SYSTEM,http://manifests.microsoft.com/win/2006/windows/WMI,
2026-07-09T21:18:42.656717Z,5857,dc.scaffold.htb,Microsoft-Windows-WMI-Activity,Microsoft-Windows-WMI-Activity/Operational,2899,0,,,,0x0,,,wmiprvse.exe,,,,,,4480,,CIMWin32,%systemroot%\system32\wbem\cimwin32.dll,,,,http://manifests.microsoft.com/win/2006/windows/WMI,
2026-07-09T21:18:44.027390Z,5857,dc.scaffold.htb,Microsoft-Windows-WMI-Activity,Microsoft-Windows-WMI-Activity/Operational,2900,0,,,,0x0,,,wmiprvse.exe,,,,,,4488,,WMIProv,%systemroot%\system32\wbem\wmiprov.dll,,,,http://manifests.microsoft.com/win/2006/windows/WMI,
2026-07-09T21:18:44.093149Z,5858,dc.scaffold.htb,Microsoft-Windows-WMI-Activity,Microsoft-Windows-WMI-Activity/Operational,2901,2,,DC,3860,,Unknown,,,{00000000-0000-0000-0000-000000000000},,,Start IWbemServices::CreateInstanceEnum - root\wmi : MS_SM_AdapterInformationQuery,Unknown,,,,,,0x8004100c,NT AUTHORITY\SYSTEM,http://manifests.microsoft.com/win/2006/windows/WMI,
2026-07-09T21:18:44.109099Z,5858,dc.scaffold.htb,Microsoft-Windows-WMI-Activity,Microsoft-Windows-WMI-Activity/Operational,2902,2,,DC,3860,,Unknown,,,{00000000-0000-0000-0000-000000000000},,,Start IWbemServices::CreateInstanceEnum - root\wmi : MSiSCSI_PortalInfoClass,Unknown,,,,,,0x8004100c,NT AUTHORITY\SYSTEM,http://manifests.microsoft.com/win/2006/windows/WMI,
2026-07-09T21:18:59.437152Z,5857,dc.scaffold.htb,Microsoft-Windows-WMI-Activity,Microsoft-Windows-WMI-Activity/Operational,2903,0,,,,0x0,,,wmiprvse.exe,,,,,,4488,,WmiPerfClass,C:\Windows\System32\wbem\WmiPerfClass.dll,,,,http://manifests.microsoft.com/win/2006/windows/WMI,
2026-07-09T21:19:20.036223Z,5857,dc.scaffold.htb,Microsoft-Windows-WMI-Activity,Microsoft-Windows-WMI-Activity/Operational,2904,0,,,,0x0,,,wmiprvse.exe,,,,,,4480,,MS_NT_EVENTLOG_PROVIDER,%systemroot%\system32\wbem\ntevt.dll,,,,http://manifests.microsoft.com/win/2006/windows/WMI,
2026-07-09T21:19:30.441956Z,5857,dc.scaffold.htb,Microsoft-Windows-WMI-Activity,Microsoft-Windows-WMI-Activity/Operational,2905,0,,,,0x0,,,wmiprvse.exe,,,,,,4480,,CIMWin32a,%systemroot%\system32\wbem\wmipcima.dll,,,,http://manifests.microsoft.com/win/2006/windows/WMI,
2026-07-09T21:20:09.604189Z,5857,dc.scaffold.htb,Microsoft-Windows-WMI-Activity,Microsoft-Windows-WMI-Activity/Operational,2906,0,,,,0x0,,,wmiprvse.exe,,,,,,4480,,mgmtprovider,%systemroot%\system32\wbem\mgmtprovider.dll,,,,http://manifests.microsoft.com/win/2006/windows/WMI,
2026-07-09T21:20:09.721865Z,5857,dc.scaffold.htb,Microsoft-Windows-WMI-Activity,Microsoft-Windows-WMI-Activity/Operational,2907,0,,,,0x0,,,wmiprvse.exe,,,,,,6820,,NetAdapterCim,%systemroot%\system32\wbem\NetAdapterCim.dll,,,,http://manifests.microsoft.com/win/2006/windows/WMI,
2026-07-09T21:20:09.867258Z,5857,dc.scaffold.htb,Microsoft-Windows-WMI-Activity,Microsoft-Windows-WMI-Activity/Operational,2908,0,,,,0x0,,,wmiprvse.exe,,,,,,4480,,nettcpip,%systemroot%\system32\wbem\NetTCPIP.dll,,,,http://manifests.microsoft.com/win/2006/windows/WMI,
2026-07-09T21:20:13.040200Z,5857,dc.scaffold.htb,Microsoft-Windows-WMI-Activity,Microsoft-Windows-WMI-Activity/Operational,2909,0,,,,0x0,,,wmiprvse.exe,,,,,,6928,,deploymentprovider,%systemroot%\system32\wbem\ServerManager.DeploymentProvider.dll,,,,http://manifests.microsoft.com/win/2006/windows/WMI,
2026-07-09T21:20:19.193773Z,5861,dc.scaffold.htb,Microsoft-Windows-WMI-Activity,Microsoft-Windows-WMI-Activity/Operational,2910,0,"NTEventLogEventConsumer=""SCM Event Log Consumer""",,,,,SCM Event Log Filter,,,//./root/subscription,,,"Binding EventFilter: 
instance of __EventFilter
{
	CreatorSID = {1, 2, 0, 0, 0, 0, 0, 5, 32, 0, 0, 0, 32, 2, 0, 0};
	EventNamespace = ""root\\cimv2"";
	Name = ""SCM Event Log Filter"";
	Query = ""select * from MSFT_SCMEventLogEvent"";
	QueryLanguage = ""WQL"";
};
Perm. Consumer: 
instance of NTEventLogEventConsumer
{
	Category = 0;
	CreatorSID = {1, 2, 0, 0, 0, 0, 0, 5, 32, 0, 0, 0, 32, 2, 0, 0};
	EventType = 1;
	Name = ""SCM Event Log Consumer"";
	NameOfUserSIDProperty = ""sid"";
	SourceName = ""Service Control Manager"";
};
",,,,,,,,http://manifests.microsoft.com/win/2006/windows/WMI,
2026-07-09T21:20:19.248861Z,5859,dc.scaffold.htb,SCM Event Provider,Microsoft-Windows-WMI-Activity/Operational,2911,0,,,,,,,,,,//./root/CIMV2,,Permanent,,3172,,,select * from MSFT_SCMEventLogEvent,,S-1-5-32-544,http://manifests.microsoft.com/win/2006/windows/WMI,0
2026-07-09T21:20:23.760579Z,5858,dc.scaffold.htb,Microsoft-Windows-WMI-Activity,Microsoft-Windows-WMI-Activity/Operational,2912,2,,DC,6284,,Provider,,,{A9118155-6AC2-445B-BAEE-72F60760E43A},,,Start IWbemServices::ExecMethod - root\microsoft\windows\servermanager : MSFT_ServerManagerTasks::GetServerFeature,Unknown,,,,,,0x80041001,SCAFFOLD\Administrator,http://manifests.microsoft.com/win/2006/windows/WMI,
2026-07-09T21:20:48.677584Z,5858,dc.scaffold.htb,Microsoft-Windows-WMI-Activity,Microsoft-Windows-WMI-Activity/Operational,2913,2,,DC,2864,,Unknown,,,{00000000-0000-0000-0000-000000000000},,,Start IWbemServices::ExecQuery - ROOT\CCM : select ClientId from CCM_Client,Unknown,,,,,,0x80041010,NT AUTHORITY\SYSTEM,http://manifests.microsoft.com/win/2006/windows/WMI,
2026-07-09T21:20:48.750722Z,5857,dc.scaffold.htb,Microsoft-Windows-WMI-Activity,Microsoft-Windows-WMI-Activity/Operational,2914,0,,,,0x0,,,wmiprvse.exe,,,,,,4480,,Win32_TpmProvider,C:\Windows\System32\wbem\Win32_TPM.dll,,,,http://manifests.microsoft.com/win/2006/windows/WMI,
2026-07-09T21:21:00.766020Z,5858,dc.scaffold.htb,Microsoft-Windows-WMI-Activity,Microsoft-Windows-WMI-Activity/Operational,2915,2,,DC,3968,,Unknown,,,{00000000-0000-0000-0000-000000000000},,,Start IWbemServices::ExecQuery - ROOT\CCM : select ClientId from CCM_Client,Unknown,,,,,,0x80041010,NT AUTHORITY\SYSTEM,http://manifests.microsoft.com/win/2006/windows/WMI,
2026-07-09T21:21:04.781489Z,5858,dc.scaffold.htb,Microsoft-Windows-WMI-Activity,Microsoft-Windows-WMI-Activity/Operational,2916,2,,DC,5008,,Unknown,,,{00000000-0000-0000-0000-000000000000},,,Start IWbemServices::ExecQuery - root\cimv2 : SELECT * FROM Win32_ComputerSystemProduct,Unknown,,,,,,0x80041032,NT AUTHORITY\SYSTEM,http://manifests.microsoft.com/win/2006/windows/WMI,
2026-07-09T21:21:04.785671Z,5858,dc.scaffold.htb,Microsoft-Windows-WMI-Activity,Microsoft-Windows-WMI-Activity/Operational,2917,2,,DC,5008,,Unknown,,,{00000000-0000-0000-0000-000000000000},,,Start IWbemServices::ExecQuery - root\cimv2 : SELECT * FROM Win32_ComputerSystemProduct,Unknown,,,,,,0x80041032,NT AUTHORITY\SYSTEM,http://manifests.microsoft.com/win/2006/windows/WMI,
2026-09-01T21:46:24.665726Z,5857,dc.scaffold.htb,Microsoft-Windows-WMI-Activity,Microsoft-Windows-WMI-Activity/Operational,2918,0,,,,0x0,,,wmiprvse.exe,,,,,,4616,,CIMWin32,%systemroot%\system32\wbem\cimwin32.dll,,,,http://manifests.microsoft.com/win/2006/windows/WMI,
2026-09-01T21:46:26.833078Z,5857,dc.scaffold.htb,Microsoft-Windows-WMI-Activity,Microsoft-Windows-WMI-Activity/Operational,2919,0,,,,0x0,,,wmiprvse.exe,,,,,,4632,,WMIProv,%systemroot%\system32\wbem\wmiprov.dll,,,,http://manifests.microsoft.com/win/2006/windows/WMI,
2026-09-01T21:46:26.862416Z,5858,dc.scaffold.htb,Microsoft-Windows-WMI-Activity,Microsoft-Windows-WMI-Activity/Operational,2920,2,,DC,3768,,Unknown,,,{00000000-0000-0000-0000-000000000000},,,Start IWbemServices::CreateInstanceEnum - root\wmi : MS_SM_AdapterInformationQuery,Unknown,,,,,,0x8004100c,NT AUTHORITY\SYSTEM,http://manifests.microsoft.com/win/2006/windows/WMI,
2026-09-01T21:46:27.168685Z,5858,dc.scaffold.htb,Microsoft-Windows-WMI-Activity,Microsoft-Windows-WMI-Activity/Operational,2921,2,,DC,3768,,Unknown,,,{00000000-0000-0000-0000-000000000000},,,Start IWbemServices::CreateInstanceEnum - root\wmi : MSiSCSI_PortalInfoClass,Unknown,,,,,,0x8004100c,NT AUTHORITY\SYSTEM,http://manifests.microsoft.com/win/2006/windows/WMI,
2026-09-01T21:46:40.969368Z,5857,dc.scaffold.htb,Microsoft-Windows-WMI-Activity,Microsoft-Windows-WMI-Activity/Operational,2922,0,,,,0x0,,,wmiprvse.exe,,,,,,4632,,WmiPerfClass,C:\Windows\System32\wbem\WmiPerfClass.dll,,,,http://manifests.microsoft.com/win/2006/windows/WMI,
2026-09-01T21:46:46.588245Z,5857,dc.scaffold.htb,Microsoft-Windows-WMI-Activity,Microsoft-Windows-WMI-Activity/Operational,2923,0,,,,0x0,,,wmiprvse.exe,,,,,,4616,,CIMWin32a,%systemroot%\system32\wbem\wmipcima.dll,,,,http://manifests.microsoft.com/win/2006/windows/WMI,
2026-09-01T21:47:01.579636Z,5857,dc.scaffold.htb,Microsoft-Windows-WMI-Activity,Microsoft-Windows-WMI-Activity/Operational,2924,0,,,,0x0,,,wmiprvse.exe,,,,,,4616,,MS_NT_EVENTLOG_PROVIDER,%systemroot%\system32\wbem\ntevt.dll,,,,http://manifests.microsoft.com/win/2006/windows/WMI,
2026-09-01T21:47:16.632500Z,5858,dc.scaffold.htb,Microsoft-Windows-WMI-Activity,Microsoft-Windows-WMI-Activity/Operational,2925,2,,DC,5528,,Unknown,,,{00000000-0000-0000-0000-000000000000},,,"Start IWbemServices::ExecQuery - ROOT\CIMV2 : SELECT Manufacturer, Product FROM Win32_BaseBoard",Unknown,,,,,,0x80041032,NT AUTHORITY\NETWORK SERVICE,http://manifests.microsoft.com/win/2006/windows/WMI,
2026-09-01T21:47:56.225328Z,5861,dc.scaffold.htb,Microsoft-Windows-WMI-Activity,Microsoft-Windows-WMI-Activity/Operational,2926,0,"NTEventLogEventConsumer=""SCM Event Log Consumer""",,,,,SCM Event Log Filter,,,//./root/subscription,,,"Binding EventFilter: 
instance of __EventFilter
{
	CreatorSID = {1, 2, 0, 0, 0, 0, 0, 5, 32, 0, 0, 0, 32, 2, 0, 0};
	EventNamespace = ""root\\cimv2"";
	Name = ""SCM Event Log Filter"";
	Query = ""select * from MSFT_SCMEventLogEvent"";
	QueryLanguage = ""WQL"";
};
Perm. Consumer: 
instance of NTEventLogEventConsumer
{
	Category = 0;
	CreatorSID = {1, 2, 0, 0, 0, 0, 0, 5, 32, 0, 0, 0, 32, 2, 0, 0};
	EventType = 1;
	Name = ""SCM Event Log Consumer"";
	NameOfUserSIDProperty = ""sid"";
	SourceName = ""Service Control Manager"";
};
",,,,,,,,http://manifests.microsoft.com/win/2006/windows/WMI,
2026-09-01T21:47:56.284584Z,5859,dc.scaffold.htb,SCM Event Provider,Microsoft-Windows-WMI-Activity/Operational,2927,0,,,,,,,,,,//./root/CIMV2,,Permanent,,3124,,,select * from MSFT_SCMEventLogEvent,,S-1-5-32-544,http://manifests.microsoft.com/win/2006/windows/WMI,0
2026-09-01T21:48:37.126463Z,5858,dc.scaffold.htb,Microsoft-Windows-WMI-Activity,Microsoft-Windows-WMI-Activity/Operational,2928,2,,DC,4716,,Unknown,,,{00000000-0000-0000-0000-000000000000},,,Start IWbemServices::ExecQuery - root\cimv2 : SELECT * FROM Win32_ComputerSystemProduct,Unknown,,,,,,0x80041032,NT AUTHORITY\SYSTEM,http://manifests.microsoft.com/win/2006/windows/WMI,
2026-09-01T21:48:37.191476Z,5858,dc.scaffold.htb,Microsoft-Windows-WMI-Activity,Microsoft-Windows-WMI-Activity/Operational,2929,2,,DC,4716,,Unknown,,,{00000000-0000-0000-0000-000000000000},,,Start IWbemServices::ExecQuery - root\cimv2 : SELECT * FROM Win32_OperatingSystem,Unknown,,,,,,0x80041032,NT AUTHORITY\SYSTEM,http://manifests.microsoft.com/win/2006/windows/WMI,
2026-09-01T21:51:25.085557Z,5857,dc.scaffold.htb,Microsoft-Windows-WMI-Activity,Microsoft-Windows-WMI-Activity/Operational,2930,0,,,,0x0,,,wmiprvse.exe,,,,,,4616,,mgmtprovider,%systemroot%\system32\wbem\mgmtprovider.dll,,,,http://manifests.microsoft.com/win/2006/windows/WMI,
2026-09-01T21:51:25.219201Z,5857,dc.scaffold.htb,Microsoft-Windows-WMI-Activity,Microsoft-Windows-WMI-Activity/Operational,2931,0,,,,0x0,,,wmiprvse.exe,,,,,,6544,,NetAdapterCim,%systemroot%\system32\wbem\NetAdapterCim.dll,,,,http://manifests.microsoft.com/win/2006/windows/WMI,
2026-09-01T21:51:25.323455Z,5857,dc.scaffold.htb,Microsoft-Windows-WMI-Activity,Microsoft-Windows-WMI-Activity/Operational,2932,0,,,,0x0,,,wmiprvse.exe,,,,,,4616,,nettcpip,%systemroot%\system32\wbem\NetTCPIP.dll,,,,http://manifests.microsoft.com/win/2006/windows/WMI,
2026-09-01T21:51:28.494606Z,5857,dc.scaffold.htb,Microsoft-Windows-WMI-Activity,Microsoft-Windows-WMI-Activity/Operational,2933,0,,,,0x0,,,wmiprvse.exe,,,,,,6604,,deploymentprovider,%systemroot%\system32\wbem\ServerManager.DeploymentProvider.dll,,,,http://manifests.microsoft.com/win/2006/windows/WMI,
2026-09-01T21:51:39.082609Z,5858,dc.scaffold.htb,Microsoft-Windows-WMI-Activity,Microsoft-Windows-WMI-Activity/Operational,2934,2,,DC,1844,,Provider,,,{F602CCBE-7FB6-4808-867F-C82CEE0C4A05},,,Start IWbemServices::ExecMethod - root\microsoft\windows\servermanager : MSFT_ServerManagerTasks::GetServerFeature,Unknown,,,,,,0x80041001,SCAFFOLD\Administrator,http://manifests.microsoft.com/win/2006/windows/WMI,
2026-09-01T21:52:29.068089Z,5857,dc.scaffold.htb,Microsoft-Windows-WMI-Activity,Microsoft-Windows-WMI-Activity/Operational,2935,0,,,,0x0,,,wmiprvse.exe,,,,,,4616,,ServerFeatureProvider,%windir%\system32\wbem\servercompprov.dll,,,,http://manifests.microsoft.com/win/2006/windows/WMI,
2026-09-01T21:52:34.046317Z,5858,dc.scaffold.htb,Microsoft-Windows-WMI-Activity,Microsoft-Windows-WMI-Activity/Operational,2936,2,,DC,2672,,Unknown,,,{00000000-0000-0000-0000-000000000000},,,Start IWbemServices::ExecQuery - ROOT\CIMV2 : SELECT ID FROM Win32_ServerFeature,Unknown,,,,,,0x80041032,NT AUTHORITY\SYSTEM,http://manifests.microsoft.com/win/2006/windows/WMI,
2026-09-01T21:52:34.075260Z,5858,dc.scaffold.htb,Microsoft-Windows-WMI-Activity,Microsoft-Windows-WMI-Activity/Operational,2937,2,,DC,2672,,Unknown,,,{00000000-0000-0000-0000-000000000000},,,Start IWbemServices::ExecQuery - ROOT\CCM : select ClientId from CCM_Client,Unknown,,,,,,0x80041010,NT AUTHORITY\SYSTEM,http://manifests.microsoft.com/win/2006/windows/WMI,
2026-09-01T21:52:34.149693Z,5857,dc.scaffold.htb,Microsoft-Windows-WMI-Activity,Microsoft-Windows-WMI-Activity/Operational,2938,0,,,,0x0,,,wmiprvse.exe,,,,,,4616,,Win32_TpmProvider,C:\Windows\System32\wbem\Win32_TPM.dll,,,,http://manifests.microsoft.com/win/2006/windows/WMI,
2026-09-01T21:52:35.101229Z,5857,dc.scaffold.htb,Microsoft-Windows-WMI-Activity,Microsoft-Windows-WMI-Activity/Operational,2939,0,,,,0x0,,,wmiprvse.exe,,,,,,4616,,Win32_DeviceGuard,%SystemRoot%\System32\Win32_DeviceGuard.dll,,,,http://manifests.microsoft.com/win/2006/windows/WMI,
2026-09-01T21:52:35.169226Z,5857,dc.scaffold.htb,Microsoft-Windows-WMI-Activity,Microsoft-Windows-WMI-Activity/Operational,2940,0,,,,0x0,,,wmiprvse.exe,,,,,,4616,,DeliveryOptimizationMIProv,%SystemRoot%\system32\domgmt.dll,,,,http://manifests.microsoft.com/win/2006/windows/WMI,
2026-09-01T21:52:35.193145Z,5858,dc.scaffold.htb,Microsoft-Windows-WMI-Activity,Microsoft-Windows-WMI-Activity/Operational,2941,2,,DC,2672,,Unknown,,,{00000000-0000-0000-0000-000000000000},,,"Start IWbemServices::ExecQuery - root\Microsoft\Windows\DeliveryOptimization : SELECT DownloadMode, DownloadModeProvider FROM MSFT_DeliveryOptimizationConfig",Unknown,,,,,,0x80041032,NT AUTHORITY\SYSTEM,http://manifests.microsoft.com/win/2006/windows/WMI,
