2026-05-23T12:46:59.287352Z,5858,dc.scaffold.htb,Microsoft-Windows-WMI-Activity,Microsoft-Windows-WMI-Activity/Operational,2190,2,,DC,1552,,Unknown,,,{9912B889-948F-4FA6-BCD0-C7C983C8AB54},,,"Start IWbemServices::DeleteInstance - Root\Rsop\Computer : RSOP_ExtensionStatus.extensionGuid=""{B087BE9D-ED37-454f-AF9C-04291E351182}""",Unknown,,,,,,0x80041002,NT AUTHORITY\SYSTEM,http://manifests.microsoft.com/win/2006/windows/WMI,
2026-05-23T12:46:59.287601Z,5858,dc.scaffold.htb,Microsoft-Windows-WMI-Activity,Microsoft-Windows-WMI-Activity/Operational,2191,2,,DC,1552,,Unknown,,,{9912B889-948F-4FA6-BCD0-C7C983C8AB54},,,"Start IWbemServices::DeleteInstance - Root\Rsop\Computer : RSOP_ExtensionStatus.extensionGuid=""{B587E2B1-4D59-4e7e-AED9-22B9DF11D053}""",Unknown,,,,,,0x80041002,NT AUTHORITY\SYSTEM,http://manifests.microsoft.com/win/2006/windows/WMI,
2026-05-23T12:46:59.287893Z,5858,dc.scaffold.htb,Microsoft-Windows-WMI-Activity,Microsoft-Windows-WMI-Activity/Operational,2192,2,,DC,1552,,Unknown,,,{9912B889-948F-4FA6-BCD0-C7C983C8AB54},,,"Start IWbemServices::DeleteInstance - Root\Rsop\Computer : RSOP_ExtensionStatus.extensionGuid=""{BA649533-0AAC-4E04-B9BC-4DBAE0325B12}""",Unknown,,,,,,0x80041002,NT AUTHORITY\SYSTEM,http://manifests.microsoft.com/win/2006/windows/WMI,
2026-05-23T12:46:59.288188Z,5858,dc.scaffold.htb,Microsoft-Windows-WMI-Activity,Microsoft-Windows-WMI-Activity/Operational,2193,2,,DC,1552,,Unknown,,,{9912B889-948F-4FA6-BCD0-C7C983C8AB54},,,"Start IWbemServices::DeleteInstance - Root\Rsop\Computer : RSOP_ExtensionStatus.extensionGuid=""{BC75B1ED-5833-4858-9BB8-CBF0B166DF9D}""",Unknown,,,,,,0x80041002,NT AUTHORITY\SYSTEM,http://manifests.microsoft.com/win/2006/windows/WMI,
2026-05-23T12:46:59.288520Z,5858,dc.scaffold.htb,Microsoft-Windows-WMI-Activity,Microsoft-Windows-WMI-Activity/Operational,2194,2,,DC,1552,,Unknown,,,{9912B889-948F-4FA6-BCD0-C7C983C8AB54},,,"Start IWbemServices::DeleteInstance - Root\Rsop\Computer : RSOP_ExtensionStatus.extensionGuid=""{C34B2751-1CF4-44F5-9262-C3FC39666591}""",Unknown,,,,,,0x80041002,NT AUTHORITY\SYSTEM,http://manifests.microsoft.com/win/2006/windows/WMI,
2026-05-23T12:46:59.288807Z,5858,dc.scaffold.htb,Microsoft-Windows-WMI-Activity,Microsoft-Windows-WMI-Activity/Operational,2195,2,,DC,1552,,Unknown,,,{9912B889-948F-4FA6-BCD0-C7C983C8AB54},,,"Start IWbemServices::DeleteInstance - Root\Rsop\Computer : RSOP_ExtensionStatus.extensionGuid=""{C418DD9D-0D14-4efb-8FBF-CFE535C8FAC7}""",Unknown,,,,,,0x80041002,NT AUTHORITY\SYSTEM,http://manifests.microsoft.com/win/2006/windows/WMI,
2026-05-23T12:46:59.289218Z,5858,dc.scaffold.htb,Microsoft-Windows-WMI-Activity,Microsoft-Windows-WMI-Activity/Operational,2196,2,,DC,1552,,Unknown,,,{9912B889-948F-4FA6-BCD0-C7C983C8AB54},,,"Start IWbemServices::DeleteInstance - Root\Rsop\Computer : RSOP_ExtensionStatus.extensionGuid=""{C631DF4C-088F-4156-B058-4375F0853CD8}""",Unknown,,,,,,0x80041002,NT AUTHORITY\SYSTEM,http://manifests.microsoft.com/win/2006/windows/WMI,
2026-05-23T12:46:59.289563Z,5858,dc.scaffold.htb,Microsoft-Windows-WMI-Activity,Microsoft-Windows-WMI-Activity/Operational,2197,2,,DC,1552,,Unknown,,,{9912B889-948F-4FA6-BCD0-C7C983C8AB54},,,"Start IWbemServices::DeleteInstance - Root\Rsop\Computer : RSOP_ExtensionStatus.extensionGuid=""{c6dc5466-785a-11d2-84d0-00c04fb169f7}""",Unknown,,,,,,0x80041002,NT AUTHORITY\SYSTEM,http://manifests.microsoft.com/win/2006/windows/WMI,
2026-05-23T12:46:59.289993Z,5858,dc.scaffold.htb,Microsoft-Windows-WMI-Activity,Microsoft-Windows-WMI-Activity/Operational,2198,2,,DC,1552,,Unknown,,,{9912B889-948F-4FA6-BCD0-C7C983C8AB54},,,"Start IWbemServices::DeleteInstance - Root\Rsop\Computer : RSOP_ExtensionStatus.extensionGuid=""{cdeafc3d-948d-49dd-ab12-e578ba4af7aa}""",Unknown,,,,,,0x80041002,NT AUTHORITY\SYSTEM,http://manifests.microsoft.com/win/2006/windows/WMI,
2026-05-23T12:46:59.290260Z,5858,dc.scaffold.htb,Microsoft-Windows-WMI-Activity,Microsoft-Windows-WMI-Activity/Operational,2199,2,,DC,1552,,Unknown,,,{9912B889-948F-4FA6-BCD0-C7C983C8AB54},,,"Start IWbemServices::DeleteInstance - Root\Rsop\Computer : RSOP_ExtensionStatus.extensionGuid=""{CF7639F3-ABA2-41DB-97F2-81E2C5DBFC5D}""",Unknown,,,,,,0x80041002,NT AUTHORITY\SYSTEM,http://manifests.microsoft.com/win/2006/windows/WMI,
2026-05-23T12:46:59.290523Z,5858,dc.scaffold.htb,Microsoft-Windows-WMI-Activity,Microsoft-Windows-WMI-Activity/Operational,2200,2,,DC,1552,,Unknown,,,{9912B889-948F-4FA6-BCD0-C7C983C8AB54},,,"Start IWbemServices::DeleteInstance - Root\Rsop\Computer : RSOP_ExtensionStatus.extensionGuid=""{CFF649BD-601D-4361-AD3D-0FC365DB4DB7}""",Unknown,,,,,,0x80041002,NT AUTHORITY\SYSTEM,http://manifests.microsoft.com/win/2006/windows/WMI,
2026-05-23T12:46:59.290750Z,5858,dc.scaffold.htb,Microsoft-Windows-WMI-Activity,Microsoft-Windows-WMI-Activity/Operational,2201,2,,DC,1552,,Unknown,,,{9912B889-948F-4FA6-BCD0-C7C983C8AB54},,,"Start IWbemServices::DeleteInstance - Root\Rsop\Computer : RSOP_ExtensionStatus.extensionGuid=""{e437bc1c-aa7d-11d2-a382-00c04f991e27}""",Unknown,,,,,,0x80041002,NT AUTHORITY\SYSTEM,http://manifests.microsoft.com/win/2006/windows/WMI,
2026-05-23T12:46:59.291013Z,5858,dc.scaffold.htb,Microsoft-Windows-WMI-Activity,Microsoft-Windows-WMI-Activity/Operational,2202,2,,DC,1552,,Unknown,,,{9912B889-948F-4FA6-BCD0-C7C983C8AB54},,,"Start IWbemServices::DeleteInstance - Root\Rsop\Computer : RSOP_ExtensionStatus.extensionGuid=""{E4F48E54-F38D-4884-BFB9-D4D2E5729C18}""",Unknown,,,,,,0x80041002,NT AUTHORITY\SYSTEM,http://manifests.microsoft.com/win/2006/windows/WMI,
2026-05-23T12:46:59.291286Z,5858,dc.scaffold.htb,Microsoft-Windows-WMI-Activity,Microsoft-Windows-WMI-Activity/Operational,2203,2,,DC,1552,,Unknown,,,{9912B889-948F-4FA6-BCD0-C7C983C8AB54},,,"Start IWbemServices::DeleteInstance - Root\Rsop\Computer : RSOP_ExtensionStatus.extensionGuid=""{E5094040-C46C-4115-B030-04FB2E545B00}""",Unknown,,,,,,0x80041002,NT AUTHORITY\SYSTEM,http://manifests.microsoft.com/win/2006/windows/WMI,
2026-05-23T12:46:59.291535Z,5858,dc.scaffold.htb,Microsoft-Windows-WMI-Activity,Microsoft-Windows-WMI-Activity/Operational,2204,2,,DC,1552,,Unknown,,,{9912B889-948F-4FA6-BCD0-C7C983C8AB54},,,"Start IWbemServices::DeleteInstance - Root\Rsop\Computer : RSOP_ExtensionStatus.extensionGuid=""{E62688F0-25FD-4c90-BFF5-F508B9D2E31F}""",Unknown,,,,,,0x80041002,NT AUTHORITY\SYSTEM,http://manifests.microsoft.com/win/2006/windows/WMI,
2026-05-23T12:46:59.291792Z,5858,dc.scaffold.htb,Microsoft-Windows-WMI-Activity,Microsoft-Windows-WMI-Activity/Operational,2205,2,,DC,1552,,Unknown,,,{9912B889-948F-4FA6-BCD0-C7C983C8AB54},,,"Start IWbemServices::DeleteInstance - Root\Rsop\Computer : RSOP_ExtensionStatus.extensionGuid=""{F312195E-3D9D-447A-A3F5-08DFFA24735E}""",Unknown,,,,,,0x80041002,NT AUTHORITY\SYSTEM,http://manifests.microsoft.com/win/2006/windows/WMI,
2026-05-23T12:46:59.294523Z,5858,dc.scaffold.htb,Microsoft-Windows-WMI-Activity,Microsoft-Windows-WMI-Activity/Operational,2206,2,,DC,1552,,Unknown,,,{9912B889-948F-4FA6-BCD0-C7C983C8AB54},,,"Start IWbemServices::DeleteInstance - Root\Rsop\Computer : RSOP_ExtensionStatus.extensionGuid=""{FB2CA36D-0B40-4307-821B-A13B252DE56C}""",Unknown,,,,,,0x80041002,NT AUTHORITY\SYSTEM,http://manifests.microsoft.com/win/2006/windows/WMI,
2026-05-23T12:46:59.295454Z,5858,dc.scaffold.htb,Microsoft-Windows-WMI-Activity,Microsoft-Windows-WMI-Activity/Operational,2207,2,,DC,1552,,Unknown,,,{9912B889-948F-4FA6-BCD0-C7C983C8AB54},,,"Start IWbemServices::DeleteInstance - Root\Rsop\Computer : RSOP_ExtensionStatus.extensionGuid=""{fbf687e6-f063-4d9f-9f4f-fd9a26acdd5f}""",Unknown,,,,,,0x80041002,NT AUTHORITY\SYSTEM,http://manifests.microsoft.com/win/2006/windows/WMI,
2026-05-23T12:46:59.295984Z,5858,dc.scaffold.htb,Microsoft-Windows-WMI-Activity,Microsoft-Windows-WMI-Activity/Operational,2208,2,,DC,1552,,Unknown,,,{9912B889-948F-4FA6-BCD0-C7C983C8AB54},,,"Start IWbemServices::DeleteInstance - Root\Rsop\Computer : RSOP_ExtensionStatus.extensionGuid=""{FC491EF1-C4AA-4CE1-B329-414B101DB823}""",Unknown,,,,,,0x80041002,NT AUTHORITY\SYSTEM,http://manifests.microsoft.com/win/2006/windows/WMI,
2026-05-23T12:46:59.400472Z,5857,dc.scaffold.htb,Microsoft-Windows-WMI-Activity,Microsoft-Windows-WMI-Activity/Operational,2209,0,,,,0x0,,,wmiprvse.exe,,,,,,1904,,CIMWin32a,%systemroot%\system32\wbem\wmipcima.dll,,,,http://manifests.microsoft.com/win/2006/windows/WMI,
2026-05-23T12:48:31.452973Z,5857,dc.scaffold.htb,Microsoft-Windows-WMI-Activity,Microsoft-Windows-WMI-Activity/Operational,2210,0,,,,0x0,,,wmiprvse.exe,,,,,,1904,,mgmtprovider,%systemroot%\system32\wbem\mgmtprovider.dll,,,,http://manifests.microsoft.com/win/2006/windows/WMI,
2026-05-23T12:48:31.494092Z,5857,dc.scaffold.htb,Microsoft-Windows-WMI-Activity,Microsoft-Windows-WMI-Activity/Operational,2211,0,,,,0x0,,,wmiprvse.exe,,,,,,7540,,NetAdapterCim,%systemroot%\system32\wbem\NetAdapterCim.dll,,,,http://manifests.microsoft.com/win/2006/windows/WMI,
2026-05-23T12:48:31.584168Z,5857,dc.scaffold.htb,Microsoft-Windows-WMI-Activity,Microsoft-Windows-WMI-Activity/Operational,2212,0,,,,0x0,,,wmiprvse.exe,,,,,,1904,,nettcpip,%systemroot%\system32\wbem\NetTCPIP.dll,,,,http://manifests.microsoft.com/win/2006/windows/WMI,
2026-05-23T12:48:33.947364Z,5857,dc.scaffold.htb,Microsoft-Windows-WMI-Activity,Microsoft-Windows-WMI-Activity/Operational,2213,0,,,,0x0,,,wmiprvse.exe,,,,,,3500,,deploymentprovider,%systemroot%\system32\wbem\ServerManager.DeploymentProvider.dll,,,,http://manifests.microsoft.com/win/2006/windows/WMI,
2026-05-23T12:58:31.470157Z,5857,dc.scaffold.htb,Microsoft-Windows-WMI-Activity,Microsoft-Windows-WMI-Activity/Operational,2214,0,,,,0x0,,,wmiprvse.exe,,,,,,1904,,mgmtprovider,%systemroot%\system32\wbem\mgmtprovider.dll,,,,http://manifests.microsoft.com/win/2006/windows/WMI,
2026-05-23T12:58:31.508532Z,5857,dc.scaffold.htb,Microsoft-Windows-WMI-Activity,Microsoft-Windows-WMI-Activity/Operational,2215,0,,,,0x0,,,wmiprvse.exe,,,,,,3020,,NetAdapterCim,%systemroot%\system32\wbem\NetAdapterCim.dll,,,,http://manifests.microsoft.com/win/2006/windows/WMI,
2026-05-23T12:58:31.602301Z,5857,dc.scaffold.htb,Microsoft-Windows-WMI-Activity,Microsoft-Windows-WMI-Activity/Operational,2216,0,,,,0x0,,,wmiprvse.exe,,,,,,1904,,nettcpip,%systemroot%\system32\wbem\NetTCPIP.dll,,,,http://manifests.microsoft.com/win/2006/windows/WMI,
2026-05-23T12:58:33.955503Z,5857,dc.scaffold.htb,Microsoft-Windows-WMI-Activity,Microsoft-Windows-WMI-Activity/Operational,2217,0,,,,0x0,,,wmiprvse.exe,,,,,,8212,,deploymentprovider,%systemroot%\system32\wbem\ServerManager.DeploymentProvider.dll,,,,http://manifests.microsoft.com/win/2006/windows/WMI,
2026-05-23T13:01:27.261661Z,5857,dc.scaffold.htb,Microsoft-Windows-WMI-Activity,Microsoft-Windows-WMI-Activity/Operational,2218,0,,,,0x0,,,wmiprvse.exe,,,,,,5036,,WMIProv,%systemroot%\system32\wbem\wmiprov.dll,,,,http://manifests.microsoft.com/win/2006/windows/WMI,
2026-05-23T13:08:31.477336Z,5857,dc.scaffold.htb,Microsoft-Windows-WMI-Activity,Microsoft-Windows-WMI-Activity/Operational,2219,0,,,,0x0,,,wmiprvse.exe,,,,,,1904,,mgmtprovider,%systemroot%\system32\wbem\mgmtprovider.dll,,,,http://manifests.microsoft.com/win/2006/windows/WMI,
2026-05-23T13:08:31.525040Z,5857,dc.scaffold.htb,Microsoft-Windows-WMI-Activity,Microsoft-Windows-WMI-Activity/Operational,2220,0,,,,0x0,,,wmiprvse.exe,,,,,,9536,,NetAdapterCim,%systemroot%\system32\wbem\NetAdapterCim.dll,,,,http://manifests.microsoft.com/win/2006/windows/WMI,
2026-05-23T13:08:31.607285Z,5857,dc.scaffold.htb,Microsoft-Windows-WMI-Activity,Microsoft-Windows-WMI-Activity/Operational,2221,0,,,,0x0,,,wmiprvse.exe,,,,,,1904,,nettcpip,%systemroot%\system32\wbem\NetTCPIP.dll,,,,http://manifests.microsoft.com/win/2006/windows/WMI,
2026-05-23T13:08:33.957382Z,5857,dc.scaffold.htb,Microsoft-Windows-WMI-Activity,Microsoft-Windows-WMI-Activity/Operational,2222,0,,,,0x0,,,wmiprvse.exe,,,,,,7540,,deploymentprovider,%systemroot%\system32\wbem\ServerManager.DeploymentProvider.dll,,,,http://manifests.microsoft.com/win/2006/windows/WMI,
2026-05-23T13:18:31.475094Z,5857,dc.scaffold.htb,Microsoft-Windows-WMI-Activity,Microsoft-Windows-WMI-Activity/Operational,2223,0,,,,0x0,,,wmiprvse.exe,,,,,,1904,,mgmtprovider,%systemroot%\system32\wbem\mgmtprovider.dll,,,,http://manifests.microsoft.com/win/2006/windows/WMI,
2026-05-23T13:18:31.512914Z,5857,dc.scaffold.htb,Microsoft-Windows-WMI-Activity,Microsoft-Windows-WMI-Activity/Operational,2224,0,,,,0x0,,,wmiprvse.exe,,,,,,8632,,NetAdapterCim,%systemroot%\system32\wbem\NetAdapterCim.dll,,,,http://manifests.microsoft.com/win/2006/windows/WMI,
2026-05-23T13:18:31.576999Z,5857,dc.scaffold.htb,Microsoft-Windows-WMI-Activity,Microsoft-Windows-WMI-Activity/Operational,2225,0,,,,0x0,,,wmiprvse.exe,,,,,,1904,,nettcpip,%systemroot%\system32\wbem\NetTCPIP.dll,,,,http://manifests.microsoft.com/win/2006/windows/WMI,
2026-05-23T13:18:34.035937Z,5857,dc.scaffold.htb,Microsoft-Windows-WMI-Activity,Microsoft-Windows-WMI-Activity/Operational,2226,0,,,,0x0,,,wmiprvse.exe,,,,,,9536,,deploymentprovider,%systemroot%\system32\wbem\ServerManager.DeploymentProvider.dll,,,,http://manifests.microsoft.com/win/2006/windows/WMI,
2026-05-23T13:28:31.481560Z,5857,dc.scaffold.htb,Microsoft-Windows-WMI-Activity,Microsoft-Windows-WMI-Activity/Operational,2227,0,,,,0x0,,,wmiprvse.exe,,,,,,1904,,mgmtprovider,%systemroot%\system32\wbem\mgmtprovider.dll,,,,http://manifests.microsoft.com/win/2006/windows/WMI,
2026-05-23T13:28:31.533813Z,5857,dc.scaffold.htb,Microsoft-Windows-WMI-Activity,Microsoft-Windows-WMI-Activity/Operational,2228,0,,,,0x0,,,wmiprvse.exe,,,,,,8828,,NetAdapterCim,%systemroot%\system32\wbem\NetAdapterCim.dll,,,,http://manifests.microsoft.com/win/2006/windows/WMI,
2026-05-23T13:28:31.555047Z,5857,dc.scaffold.htb,Microsoft-Windows-WMI-Activity,Microsoft-Windows-WMI-Activity/Operational,2229,0,,,,0x0,,,wmiprvse.exe,,,,,,1904,,nettcpip,%systemroot%\system32\wbem\NetTCPIP.dll,,,,http://manifests.microsoft.com/win/2006/windows/WMI,
2026-05-23T13:28:33.991951Z,5857,dc.scaffold.htb,Microsoft-Windows-WMI-Activity,Microsoft-Windows-WMI-Activity/Operational,2230,0,,,,0x0,,,wmiprvse.exe,,,,,,4664,,deploymentprovider,%systemroot%\system32\wbem\ServerManager.DeploymentProvider.dll,,,,http://manifests.microsoft.com/win/2006/windows/WMI,
2026-05-23T13:32:33.440152Z,5857,dc.scaffold.htb,Microsoft-Windows-WMI-Activity,Microsoft-Windows-WMI-Activity/Operational,2231,0,,,,0x0,,,wmiprvse.exe,,,,,,4504,,CIMWin32,%systemroot%\system32\wbem\cimwin32.dll,,,,http://manifests.microsoft.com/win/2006/windows/WMI,
2026-05-23T13:32:34.535835Z,5857,dc.scaffold.htb,Microsoft-Windows-WMI-Activity,Microsoft-Windows-WMI-Activity/Operational,2232,0,,,,0x0,,,wmiprvse.exe,,,,,,4944,,WMIProv,%systemroot%\system32\wbem\wmiprov.dll,,,,http://manifests.microsoft.com/win/2006/windows/WMI,
2026-05-23T13:32:34.546862Z,5858,dc.scaffold.htb,Microsoft-Windows-WMI-Activity,Microsoft-Windows-WMI-Activity/Operational,2233,2,,DC,2284,,Unknown,,,{00000000-0000-0000-0000-000000000000},,,Start IWbemServices::CreateInstanceEnum - root\wmi : MS_SM_AdapterInformationQuery,Unknown,,,,,,0x8004100c,NT AUTHORITY\SYSTEM,http://manifests.microsoft.com/win/2006/windows/WMI,
2026-05-23T13:32:34.555229Z,5858,dc.scaffold.htb,Microsoft-Windows-WMI-Activity,Microsoft-Windows-WMI-Activity/Operational,2234,2,,DC,2284,,Unknown,,,{00000000-0000-0000-0000-000000000000},,,Start IWbemServices::CreateInstanceEnum - root\wmi : MSiSCSI_PortalInfoClass,Unknown,,,,,,0x8004100c,NT AUTHORITY\SYSTEM,http://manifests.microsoft.com/win/2006/windows/WMI,
2026-05-23T13:32:53.085000Z,5857,dc.scaffold.htb,Microsoft-Windows-WMI-Activity,Microsoft-Windows-WMI-Activity/Operational,2235,0,,,,0x0,,,wmiprvse.exe,,,,,,4944,,WmiPerfClass,C:\Windows\System32\wbem\WmiPerfClass.dll,,,,http://manifests.microsoft.com/win/2006/windows/WMI,
2026-05-23T13:33:02.537981Z,5857,dc.scaffold.htb,Microsoft-Windows-WMI-Activity,Microsoft-Windows-WMI-Activity/Operational,2236,0,,,,0x0,,,wmiprvse.exe,,,,,,4504,,CIMWin32a,%systemroot%\system32\wbem\wmipcima.dll,,,,http://manifests.microsoft.com/win/2006/windows/WMI,
2026-05-23T13:33:02.886689Z,5861,dc.scaffold.htb,Microsoft-Windows-WMI-Activity,Microsoft-Windows-WMI-Activity/Operational,2237,0,"NTEventLogEventConsumer=""SCM Event Log Consumer""",,,,,SCM Event Log Filter,,,//./root/subscription,,,"Binding EventFilter: 
instance of __EventFilter
{
	CreatorSID = {1, 2, 0, 0, 0, 0, 0, 5, 32, 0, 0, 0, 32, 2, 0, 0};
	EventNamespace = ""root\\cimv2"";
	Name = ""SCM Event Log Filter"";
	Query = ""select * from MSFT_SCMEventLogEvent"";
	QueryLanguage = ""WQL"";
};
Perm. Consumer: 
instance of NTEventLogEventConsumer
{
	Category = 0;
	CreatorSID = {1, 2, 0, 0, 0, 0, 0, 5, 32, 0, 0, 0, 32, 2, 0, 0};
	EventType = 1;
	Name = ""SCM Event Log Consumer"";
	NameOfUserSIDProperty = ""sid"";
	SourceName = ""Service Control Manager"";
};
",,,,,,,,http://manifests.microsoft.com/win/2006/windows/WMI,
2026-05-23T13:33:02.924611Z,5859,dc.scaffold.htb,SCM Event Provider,Microsoft-Windows-WMI-Activity/Operational,2238,0,,,,,,,,,,//./root/CIMV2,,Permanent,,3120,,,select * from MSFT_SCMEventLogEvent,,S-1-5-32-544,http://manifests.microsoft.com/win/2006/windows/WMI,0
2026-05-23T13:33:02.930667Z,5857,dc.scaffold.htb,Microsoft-Windows-WMI-Activity,Microsoft-Windows-WMI-Activity/Operational,2239,0,,,,0x0,,,wmiprvse.exe,,,,,,3120,,WMI Kernel Trace Event Provider,C:\Windows\System32\wbem\krnlprov.dll,,,,http://manifests.microsoft.com/win/2006/windows/WMI,
2026-05-23T13:33:02.933079Z,5860,dc.scaffold.htb,Microsoft-Windows-WMI-Activity,Microsoft-Windows-WMI-Activity/Operational,2240,0,,DC,,,,,,,,ROOT\CIMV2,,Temporary,,3908,,,SELECT * FROM Win32_ProcessStartTrace WHERE ProcessName = 'wsmprovhost.exe',,NT AUTHORITY\SYSTEM,http://manifests.microsoft.com/win/2006/windows/WMI,
2026-05-23T13:33:03.122332Z,5858,dc.scaffold.htb,Microsoft-Windows-WMI-Activity,Microsoft-Windows-WMI-Activity/Operational,2241,2,,DC,5620,,Unknown,,,{00000000-0000-0000-0000-000000000000},,,"Start IWbemServices::ExecQuery - ROOT\CIMV2 : SELECT Manufacturer, Product FROM Win32_BaseBoard",Unknown,,,,,,0x80041032,NT AUTHORITY\NETWORK SERVICE,http://manifests.microsoft.com/win/2006/windows/WMI,
2026-05-23T13:33:13.498876Z,5857,dc.scaffold.htb,Microsoft-Windows-WMI-Activity,Microsoft-Windows-WMI-Activity/Operational,2242,0,,,,0x0,,,wmiprvse.exe,,,,,,4504,,MS_NT_EVENTLOG_PROVIDER,%systemroot%\system32\wbem\ntevt.dll,,,,http://manifests.microsoft.com/win/2006/windows/WMI,
2026-05-23T13:33:35.190055Z,5857,dc.scaffold.htb,Microsoft-Windows-WMI-Activity,Microsoft-Windows-WMI-Activity/Operational,2243,0,,,,0x0,,,wmiprvse.exe,,,,,,4504,,mgmtprovider,%systemroot%\system32\wbem\mgmtprovider.dll,,,,http://manifests.microsoft.com/win/2006/windows/WMI,
2026-05-23T13:33:35.242815Z,5857,dc.scaffold.htb,Microsoft-Windows-WMI-Activity,Microsoft-Windows-WMI-Activity/Operational,2244,0,,,,0x0,,,wmiprvse.exe,,,,,,7180,,NetAdapterCim,%systemroot%\system32\wbem\NetAdapterCim.dll,,,,http://manifests.microsoft.com/win/2006/windows/WMI,
2026-05-23T13:33:35.350500Z,5857,dc.scaffold.htb,Microsoft-Windows-WMI-Activity,Microsoft-Windows-WMI-Activity/Operational,2245,0,,,,0x0,,,wmiprvse.exe,,,,,,4504,,nettcpip,%systemroot%\system32\wbem\NetTCPIP.dll,,,,http://manifests.microsoft.com/win/2006/windows/WMI,
2026-05-23T13:33:38.469490Z,5857,dc.scaffold.htb,Microsoft-Windows-WMI-Activity,Microsoft-Windows-WMI-Activity/Operational,2246,0,,,,0x0,,,wmiprvse.exe,,,,,,7340,,deploymentprovider,%systemroot%\system32\wbem\ServerManager.DeploymentProvider.dll,,,,http://manifests.microsoft.com/win/2006/windows/WMI,
2026-05-23T13:35:03.538937Z,5858,dc.scaffold.htb,Microsoft-Windows-WMI-Activity,Microsoft-Windows-WMI-Activity/Operational,2247,2,,DC,6868,,Unknown,,,{00000000-0000-0000-0000-000000000000},,,Start IWbemServices::ExecQuery - root\cimv2 : SELECT * FROM Win32_ComputerSystemProduct,Unknown,,,,,,0x80041032,NT AUTHORITY\SYSTEM,http://manifests.microsoft.com/win/2006/windows/WMI,
2026-05-23T13:35:03.552058Z,5858,dc.scaffold.htb,Microsoft-Windows-WMI-Activity,Microsoft-Windows-WMI-Activity/Operational,2248,2,,DC,6868,,Unknown,,,{00000000-0000-0000-0000-000000000000},,,Start IWbemServices::ExecQuery - root\cimv2 : SELECT * FROM Win32_ComputerSystem,Unknown,,,,,,0x80041032,NT AUTHORITY\SYSTEM,http://manifests.microsoft.com/win/2006/windows/WMI,
2026-05-23T13:35:03.607745Z,5858,dc.scaffold.htb,Microsoft-Windows-WMI-Activity,Microsoft-Windows-WMI-Activity/Operational,2249,2,,DC,6868,,Unknown,,,{00000000-0000-0000-0000-000000000000},,,Start IWbemServices::ExecQuery - root\cimv2 : SELECT * FROM Win32_ComputerSystem,Unknown,,,,,,0x80041032,NT AUTHORITY\SYSTEM,http://manifests.microsoft.com/win/2006/windows/WMI,
2026-05-23T13:35:05.671823Z,5858,dc.scaffold.htb,Microsoft-Windows-WMI-Activity,Microsoft-Windows-WMI-Activity/Operational,2250,2,,DC,6868,,Unknown,,,{00000000-0000-0000-0000-000000000000},,,Start IWbemServices::ExecQuery - root\cimv2 : SELECT * FROM Win32_Processor,Unknown,,,,,,0x80041032,NT AUTHORITY\SYSTEM,http://manifests.microsoft.com/win/2006/windows/WMI,
2026-05-23T13:36:58.957610Z,5857,dc.scaffold.htb,Microsoft-Windows-WMI-Activity,Microsoft-Windows-WMI-Activity/Operational,2251,0,,,,0x0,,,wmiprvse.exe,,,,,,4504,,mgmtprovider,%systemroot%\system32\wbem\mgmtprovider.dll,,,,http://manifests.microsoft.com/win/2006/windows/WMI,
2026-05-23T13:36:59.000446Z,5857,dc.scaffold.htb,Microsoft-Windows-WMI-Activity,Microsoft-Windows-WMI-Activity/Operational,2252,0,,,,0x0,,,wmiprvse.exe,,,,,,3012,,NetAdapterCim,%systemroot%\system32\wbem\NetAdapterCim.dll,,,,http://manifests.microsoft.com/win/2006/windows/WMI,
2026-05-23T13:36:59.026174Z,5857,dc.scaffold.htb,Microsoft-Windows-WMI-Activity,Microsoft-Windows-WMI-Activity/Operational,2253,0,,,,0x0,,,wmiprvse.exe,,,,,,4504,,nettcpip,%systemroot%\system32\wbem\NetTCPIP.dll,,,,http://manifests.microsoft.com/win/2006/windows/WMI,
2026-05-23T13:37:01.403544Z,5857,dc.scaffold.htb,Microsoft-Windows-WMI-Activity,Microsoft-Windows-WMI-Activity/Operational,2254,0,,,,0x0,,,wmiprvse.exe,,,,,,9108,,deploymentprovider,%systemroot%\system32\wbem\ServerManager.DeploymentProvider.dll,,,,http://manifests.microsoft.com/win/2006/windows/WMI,
2026-05-23T13:43:03.822805Z,5858,dc.scaffold.htb,Microsoft-Windows-WMI-Activity,Microsoft-Windows-WMI-Activity/Operational,2255,2,,DC,3908,,Unknown,,,{91DCB5B4-EAB8-0001-61B7-DC91B8EADC01},,,Start IWbemServices::ExecNotificationQuery - ROOT\CIMV2 : SELECT * FROM Win32_ProcessStartTrace WHERE ProcessName = 'wsmprovhost.exe',Unknown,,,,,,0x80041032,NT AUTHORITY\SYSTEM,http://manifests.microsoft.com/win/2006/windows/WMI,
2026-05-23T13:46:58.971137Z,5857,dc.scaffold.htb,Microsoft-Windows-WMI-Activity,Microsoft-Windows-WMI-Activity/Operational,2256,0,,,,0x0,,,wmiprvse.exe,,,,,,4504,,mgmtprovider,%systemroot%\system32\wbem\mgmtprovider.dll,,,,http://manifests.microsoft.com/win/2006/windows/WMI,
2026-05-23T13:46:59.042221Z,5857,dc.scaffold.htb,Microsoft-Windows-WMI-Activity,Microsoft-Windows-WMI-Activity/Operational,2257,0,,,,0x0,,,wmiprvse.exe,,,,,,3612,,NetAdapterCim,%systemroot%\system32\wbem\NetAdapterCim.dll,,,,http://manifests.microsoft.com/win/2006/windows/WMI,
2026-05-23T13:46:59.123546Z,5857,dc.scaffold.htb,Microsoft-Windows-WMI-Activity,Microsoft-Windows-WMI-Activity/Operational,2258,0,,,,0x0,,,wmiprvse.exe,,,,,,4504,,nettcpip,%systemroot%\system32\wbem\NetTCPIP.dll,,,,http://manifests.microsoft.com/win/2006/windows/WMI,
2026-05-23T13:47:01.489822Z,5857,dc.scaffold.htb,Microsoft-Windows-WMI-Activity,Microsoft-Windows-WMI-Activity/Operational,2259,0,,,,0x0,,,wmiprvse.exe,,,,,,7228,,deploymentprovider,%systemroot%\system32\wbem\ServerManager.DeploymentProvider.dll,,,,http://manifests.microsoft.com/win/2006/windows/WMI,
2026-05-23T13:47:33.060175Z,5857,dc.scaffold.htb,Microsoft-Windows-WMI-Activity,Microsoft-Windows-WMI-Activity/Operational,2260,0,,,,0x0,,,wmiprvse.exe,,,,,,4504,,MS_NT_EVENTLOG_PROVIDER,%systemroot%\system32\wbem\ntevt.dll,,,,http://manifests.microsoft.com/win/2006/windows/WMI,
2026-05-23T13:56:59.002961Z,5857,dc.scaffold.htb,Microsoft-Windows-WMI-Activity,Microsoft-Windows-WMI-Activity/Operational,2261,0,,,,0x0,,,wmiprvse.exe,,,,,,4504,,mgmtprovider,%systemroot%\system32\wbem\mgmtprovider.dll,,,,http://manifests.microsoft.com/win/2006/windows/WMI,
2026-05-23T13:56:59.054664Z,5857,dc.scaffold.htb,Microsoft-Windows-WMI-Activity,Microsoft-Windows-WMI-Activity/Operational,2262,0,,,,0x0,,,wmiprvse.exe,,,,,,1732,,NetAdapterCim,%systemroot%\system32\wbem\NetAdapterCim.dll,,,,http://manifests.microsoft.com/win/2006/windows/WMI,
2026-05-23T13:56:59.177134Z,5857,dc.scaffold.htb,Microsoft-Windows-WMI-Activity,Microsoft-Windows-WMI-Activity/Operational,2263,0,,,,0x0,,,wmiprvse.exe,,,,,,4504,,nettcpip,%systemroot%\system32\wbem\NetTCPIP.dll,,,,http://manifests.microsoft.com/win/2006/windows/WMI,
2026-05-23T13:57:01.564772Z,5857,dc.scaffold.htb,Microsoft-Windows-WMI-Activity,Microsoft-Windows-WMI-Activity/Operational,2264,0,,,,0x0,,,wmiprvse.exe,,,,,,1212,,deploymentprovider,%systemroot%\system32\wbem\ServerManager.DeploymentProvider.dll,,,,http://manifests.microsoft.com/win/2006/windows/WMI,
2026-05-23T14:03:02.476278Z,5857,dc.scaffold.htb,Microsoft-Windows-WMI-Activity,Microsoft-Windows-WMI-Activity/Operational,2265,0,,,,0x0,,,wmiprvse.exe,,,,,,4504,,CIMWin32a,%systemroot%\system32\wbem\wmipcima.dll,,,,http://manifests.microsoft.com/win/2006/windows/WMI,
2026-05-23T14:15:16.009231Z,5857,dc.scaffold.htb,Microsoft-Windows-WMI-Activity,Microsoft-Windows-WMI-Activity/Operational,2266,0,,,,0x0,,,wmiprvse.exe,,,,,,4504,,mgmtprovider,%systemroot%\system32\wbem\mgmtprovider.dll,,,,http://manifests.microsoft.com/win/2006/windows/WMI,
2026-05-23T14:15:16.080756Z,5857,dc.scaffold.htb,Microsoft-Windows-WMI-Activity,Microsoft-Windows-WMI-Activity/Operational,2267,0,,,,0x0,,,wmiprvse.exe,,,,,,6276,,NetAdapterCim,%systemroot%\system32\wbem\NetAdapterCim.dll,,,,http://manifests.microsoft.com/win/2006/windows/WMI,
2026-05-23T14:15:16.209982Z,5857,dc.scaffold.htb,Microsoft-Windows-WMI-Activity,Microsoft-Windows-WMI-Activity/Operational,2268,0,,,,0x0,,,wmiprvse.exe,,,,,,4504,,nettcpip,%systemroot%\system32\wbem\NetTCPIP.dll,,,,http://manifests.microsoft.com/win/2006/windows/WMI,
2026-05-23T14:15:18.595820Z,5857,dc.scaffold.htb,Microsoft-Windows-WMI-Activity,Microsoft-Windows-WMI-Activity/Operational,2269,0,,,,0x0,,,wmiprvse.exe,,,,,,6204,,deploymentprovider,%systemroot%\system32\wbem\ServerManager.DeploymentProvider.dll,,,,http://manifests.microsoft.com/win/2006/windows/WMI,
2026-05-23T14:25:16.020216Z,5857,dc.scaffold.htb,Microsoft-Windows-WMI-Activity,Microsoft-Windows-WMI-Activity/Operational,2270,0,,,,0x0,,,wmiprvse.exe,,,,,,4504,,mgmtprovider,%systemroot%\system32\wbem\mgmtprovider.dll,,,,http://manifests.microsoft.com/win/2006/windows/WMI,
2026-05-23T14:25:16.057668Z,5857,dc.scaffold.htb,Microsoft-Windows-WMI-Activity,Microsoft-Windows-WMI-Activity/Operational,2271,0,,,,0x0,,,wmiprvse.exe,,,,,,3772,,NetAdapterCim,%systemroot%\system32\wbem\NetAdapterCim.dll,,,,http://manifests.microsoft.com/win/2006/windows/WMI,
2026-05-23T14:25:16.137481Z,5857,dc.scaffold.htb,Microsoft-Windows-WMI-Activity,Microsoft-Windows-WMI-Activity/Operational,2272,0,,,,0x0,,,wmiprvse.exe,,,,,,4504,,nettcpip,%systemroot%\system32\wbem\NetTCPIP.dll,,,,http://manifests.microsoft.com/win/2006/windows/WMI,
2026-05-23T14:25:18.553119Z,5857,dc.scaffold.htb,Microsoft-Windows-WMI-Activity,Microsoft-Windows-WMI-Activity/Operational,2273,0,,,,0x0,,,wmiprvse.exe,,,,,,8624,,deploymentprovider,%systemroot%\system32\wbem\ServerManager.DeploymentProvider.dll,,,,http://manifests.microsoft.com/win/2006/windows/WMI,
2026-05-23T14:35:16.043638Z,5857,dc.scaffold.htb,Microsoft-Windows-WMI-Activity,Microsoft-Windows-WMI-Activity/Operational,2274,0,,,,0x0,,,wmiprvse.exe,,,,,,4504,,mgmtprovider,%systemroot%\system32\wbem\mgmtprovider.dll,,,,http://manifests.microsoft.com/win/2006/windows/WMI,
2026-05-23T14:35:16.077606Z,5857,dc.scaffold.htb,Microsoft-Windows-WMI-Activity,Microsoft-Windows-WMI-Activity/Operational,2275,0,,,,0x0,,,wmiprvse.exe,,,,,,3708,,NetAdapterCim,%systemroot%\system32\wbem\NetAdapterCim.dll,,,,http://manifests.microsoft.com/win/2006/windows/WMI,
2026-05-23T14:35:16.141660Z,5857,dc.scaffold.htb,Microsoft-Windows-WMI-Activity,Microsoft-Windows-WMI-Activity/Operational,2276,0,,,,0x0,,,wmiprvse.exe,,,,,,4504,,nettcpip,%systemroot%\system32\wbem\NetTCPIP.dll,,,,http://manifests.microsoft.com/win/2006/windows/WMI,
2026-05-23T14:35:18.528752Z,5857,dc.scaffold.htb,Microsoft-Windows-WMI-Activity,Microsoft-Windows-WMI-Activity/Operational,2277,0,,,,0x0,,,wmiprvse.exe,,,,,,5764,,deploymentprovider,%systemroot%\system32\wbem\ServerManager.DeploymentProvider.dll,,,,http://manifests.microsoft.com/win/2006/windows/WMI,
2026-05-23T14:45:16.058029Z,5857,dc.scaffold.htb,Microsoft-Windows-WMI-Activity,Microsoft-Windows-WMI-Activity/Operational,2278,0,,,,0x0,,,wmiprvse.exe,,,,,,4504,,mgmtprovider,%systemroot%\system32\wbem\mgmtprovider.dll,,,,http://manifests.microsoft.com/win/2006/windows/WMI,
2026-05-23T14:45:16.091955Z,5857,dc.scaffold.htb,Microsoft-Windows-WMI-Activity,Microsoft-Windows-WMI-Activity/Operational,2279,0,,,,0x0,,,wmiprvse.exe,,,,,,2424,,NetAdapterCim,%systemroot%\system32\wbem\NetAdapterCim.dll,,,,http://manifests.microsoft.com/win/2006/windows/WMI,
2026-05-23T14:45:16.110167Z,5857,dc.scaffold.htb,Microsoft-Windows-WMI-Activity,Microsoft-Windows-WMI-Activity/Operational,2280,0,,,,0x0,,,wmiprvse.exe,,,,,,4504,,nettcpip,%systemroot%\system32\wbem\NetTCPIP.dll,,,,http://manifests.microsoft.com/win/2006/windows/WMI,
2026-05-23T14:45:18.551993Z,5857,dc.scaffold.htb,Microsoft-Windows-WMI-Activity,Microsoft-Windows-WMI-Activity/Operational,2281,0,,,,0x0,,,wmiprvse.exe,,,,,,420,,deploymentprovider,%systemroot%\system32\wbem\ServerManager.DeploymentProvider.dll,,,,http://manifests.microsoft.com/win/2006/windows/WMI,
2026-05-23T14:55:16.100375Z,5857,dc.scaffold.htb,Microsoft-Windows-WMI-Activity,Microsoft-Windows-WMI-Activity/Operational,2282,0,,,,0x0,,,wmiprvse.exe,,,,,,4504,,mgmtprovider,%systemroot%\system32\wbem\mgmtprovider.dll,,,,http://manifests.microsoft.com/win/2006/windows/WMI,
2026-05-23T14:55:16.176883Z,5857,dc.scaffold.htb,Microsoft-Windows-WMI-Activity,Microsoft-Windows-WMI-Activity/Operational,2283,0,,,,0x0,,,wmiprvse.exe,,,,,,1804,,NetAdapterCim,%systemroot%\system32\wbem\NetAdapterCim.dll,,,,http://manifests.microsoft.com/win/2006/windows/WMI,
2026-05-23T14:55:16.387991Z,5857,dc.scaffold.htb,Microsoft-Windows-WMI-Activity,Microsoft-Windows-WMI-Activity/Operational,2284,0,,,,0x0,,,wmiprvse.exe,,,,,,4504,,nettcpip,%systemroot%\system32\wbem\NetTCPIP.dll,,,,http://manifests.microsoft.com/win/2006/windows/WMI,
2026-05-23T14:55:18.839507Z,5857,dc.scaffold.htb,Microsoft-Windows-WMI-Activity,Microsoft-Windows-WMI-Activity/Operational,2285,0,,,,0x0,,,wmiprvse.exe,,,,,,5404,,deploymentprovider,%systemroot%\system32\wbem\ServerManager.DeploymentProvider.dll,,,,http://manifests.microsoft.com/win/2006/windows/WMI,
2026-05-23T15:05:16.110306Z,5857,dc.scaffold.htb,Microsoft-Windows-WMI-Activity,Microsoft-Windows-WMI-Activity/Operational,2286,0,,,,0x0,,,wmiprvse.exe,,,,,,4504,,mgmtprovider,%systemroot%\system32\wbem\mgmtprovider.dll,,,,http://manifests.microsoft.com/win/2006/windows/WMI,
2026-05-23T15:05:16.186831Z,5857,dc.scaffold.htb,Microsoft-Windows-WMI-Activity,Microsoft-Windows-WMI-Activity/Operational,2287,0,,,,0x0,,,wmiprvse.exe,,,,,,3236,,NetAdapterCim,%systemroot%\system32\wbem\NetAdapterCim.dll,,,,http://manifests.microsoft.com/win/2006/windows/WMI,
2026-05-23T15:05:16.305057Z,5857,dc.scaffold.htb,Microsoft-Windows-WMI-Activity,Microsoft-Windows-WMI-Activity/Operational,2288,0,,,,0x0,,,wmiprvse.exe,,,,,,4504,,nettcpip,%systemroot%\system32\wbem\NetTCPIP.dll,,,,http://manifests.microsoft.com/win/2006/windows/WMI,
2026-05-23T15:05:18.727261Z,5857,dc.scaffold.htb,Microsoft-Windows-WMI-Activity,Microsoft-Windows-WMI-Activity/Operational,2289,0,,,,0x0,,,wmiprvse.exe,,,,,,8468,,deploymentprovider,%systemroot%\system32\wbem\ServerManager.DeploymentProvider.dll,,,,http://manifests.microsoft.com/win/2006/windows/WMI,
2026-05-23T15:15:16.115426Z,5857,dc.scaffold.htb,Microsoft-Windows-WMI-Activity,Microsoft-Windows-WMI-Activity/Operational,2290,0,,,,0x0,,,wmiprvse.exe,,,,,,4504,,mgmtprovider,%systemroot%\system32\wbem\mgmtprovider.dll,,,,http://manifests.microsoft.com/win/2006/windows/WMI,
2026-05-23T15:15:16.158158Z,5857,dc.scaffold.htb,Microsoft-Windows-WMI-Activity,Microsoft-Windows-WMI-Activity/Operational,2291,0,,,,0x0,,,wmiprvse.exe,,,,,,4108,,NetAdapterCim,%systemroot%\system32\wbem\NetAdapterCim.dll,,,,http://manifests.microsoft.com/win/2006/windows/WMI,
2026-05-23T15:15:16.257785Z,5857,dc.scaffold.htb,Microsoft-Windows-WMI-Activity,Microsoft-Windows-WMI-Activity/Operational,2292,0,,,,0x0,,,wmiprvse.exe,,,,,,4504,,nettcpip,%systemroot%\system32\wbem\NetTCPIP.dll,,,,http://manifests.microsoft.com/win/2006/windows/WMI,
2026-05-23T15:15:18.666971Z,5857,dc.scaffold.htb,Microsoft-Windows-WMI-Activity,Microsoft-Windows-WMI-Activity/Operational,2293,0,,,,0x0,,,wmiprvse.exe,,,,,,5064,,deploymentprovider,%systemroot%\system32\wbem\ServerManager.DeploymentProvider.dll,,,,http://manifests.microsoft.com/win/2006/windows/WMI,
2026-05-23T15:25:16.143245Z,5857,dc.scaffold.htb,Microsoft-Windows-WMI-Activity,Microsoft-Windows-WMI-Activity/Operational,2294,0,,,,0x0,,,wmiprvse.exe,,,,,,4504,,mgmtprovider,%systemroot%\system32\wbem\mgmtprovider.dll,,,,http://manifests.microsoft.com/win/2006/windows/WMI,
2026-05-23T15:25:16.179987Z,5857,dc.scaffold.htb,Microsoft-Windows-WMI-Activity,Microsoft-Windows-WMI-Activity/Operational,2295,0,,,,0x0,,,wmiprvse.exe,,,,,,8660,,NetAdapterCim,%systemroot%\system32\wbem\NetAdapterCim.dll,,,,http://manifests.microsoft.com/win/2006/windows/WMI,
2026-05-23T15:25:16.286981Z,5857,dc.scaffold.htb,Microsoft-Windows-WMI-Activity,Microsoft-Windows-WMI-Activity/Operational,2296,0,,,,0x0,,,wmiprvse.exe,,,,,,4504,,nettcpip,%systemroot%\system32\wbem\NetTCPIP.dll,,,,http://manifests.microsoft.com/win/2006/windows/WMI,
2026-05-23T15:25:18.687235Z,5857,dc.scaffold.htb,Microsoft-Windows-WMI-Activity,Microsoft-Windows-WMI-Activity/Operational,2297,0,,,,0x0,,,wmiprvse.exe,,,,,,6596,,deploymentprovider,%systemroot%\system32\wbem\ServerManager.DeploymentProvider.dll,,,,http://manifests.microsoft.com/win/2006/windows/WMI,
2026-05-23T23:00:51.805539Z,5857,dc.scaffold.htb,Microsoft-Windows-WMI-Activity,Microsoft-Windows-WMI-Activity/Operational,2298,0,,,,0x0,,,wmiprvse.exe,,,,,,4760,,CIMWin32,%systemroot%\system32\wbem\cimwin32.dll,,,,http://manifests.microsoft.com/win/2006/windows/WMI,
2026-05-23T23:00:52.891590Z,5857,dc.scaffold.htb,Microsoft-Windows-WMI-Activity,Microsoft-Windows-WMI-Activity/Operational,2299,0,,,,0x0,,,wmiprvse.exe,,,,,,3492,,WMIProv,%systemroot%\system32\wbem\wmiprov.dll,,,,http://manifests.microsoft.com/win/2006/windows/WMI,
2026-05-23T23:00:52.909701Z,5858,dc.scaffold.htb,Microsoft-Windows-WMI-Activity,Microsoft-Windows-WMI-Activity/Operational,2300,2,,DC,4220,,Unknown,,,{00000000-0000-0000-0000-000000000000},,,Start IWbemServices::CreateInstanceEnum - root\wmi : MS_SM_AdapterInformationQuery,Unknown,,,,,,0x8004100c,NT AUTHORITY\SYSTEM,http://manifests.microsoft.com/win/2006/windows/WMI,
2026-05-23T23:00:52.922061Z,5858,dc.scaffold.htb,Microsoft-Windows-WMI-Activity,Microsoft-Windows-WMI-Activity/Operational,2301,2,,DC,4220,,Unknown,,,{00000000-0000-0000-0000-000000000000},,,Start IWbemServices::CreateInstanceEnum - root\wmi : MSiSCSI_PortalInfoClass,Unknown,,,,,,0x8004100c,NT AUTHORITY\SYSTEM,http://manifests.microsoft.com/win/2006/windows/WMI,
2026-05-23T23:00:57.739413Z,5857,dc.scaffold.htb,Microsoft-Windows-WMI-Activity,Microsoft-Windows-WMI-Activity/Operational,2302,0,,,,0x0,,,wmiprvse.exe,,,,,,4760,,CIMWin32a,%systemroot%\system32\wbem\wmipcima.dll,,,,http://manifests.microsoft.com/win/2006/windows/WMI,
2026-05-23T23:00:58.099921Z,5858,dc.scaffold.htb,Microsoft-Windows-WMI-Activity,Microsoft-Windows-WMI-Activity/Operational,2303,2,,DC,5700,,Unknown,,,{00000000-0000-0000-0000-000000000000},,,"Start IWbemServices::ExecQuery - ROOT\CIMV2 : SELECT Manufacturer, Product FROM Win32_BaseBoard",Unknown,,,,,,0x80041032,NT AUTHORITY\NETWORK SERVICE,http://manifests.microsoft.com/win/2006/windows/WMI,
2026-05-23T23:01:10.819278Z,5857,dc.scaffold.htb,Microsoft-Windows-WMI-Activity,Microsoft-Windows-WMI-Activity/Operational,2304,0,,,,0x0,,,wmiprvse.exe,,,,,,3492,,WmiPerfClass,C:\Windows\System32\wbem\WmiPerfClass.dll,,,,http://manifests.microsoft.com/win/2006/windows/WMI,
2026-05-23T23:01:31.358922Z,5857,dc.scaffold.htb,Microsoft-Windows-WMI-Activity,Microsoft-Windows-WMI-Activity/Operational,2305,0,,,,0x0,,,wmiprvse.exe,,,,,,4760,,MS_NT_EVENTLOG_PROVIDER,%systemroot%\system32\wbem\ntevt.dll,,,,http://manifests.microsoft.com/win/2006/windows/WMI,
2026-05-23T23:01:59.263936Z,5858,dc.scaffold.htb,Microsoft-Windows-WMI-Activity,Microsoft-Windows-WMI-Activity/Operational,2306,2,,DC,1544,,Unknown,,,{20650CF2-55C0-45A0-9CAC-B8E8E3FDDA9C},,,"Start IWbemServices::DeleteInstance - Root\Rsop\User\S_1_5_21_365932789_2848835602_3476675013_500 : RSOP_ExtensionStatus.extensionGuid=""{35378EAC-683F-11D2-A89A-00C04FBBCFA2}""",Unknown,,,,,,0x80041002,NT AUTHORITY\SYSTEM,http://manifests.microsoft.com/win/2006/windows/WMI,
2026-05-23T23:01:59.264700Z,5858,dc.scaffold.htb,Microsoft-Windows-WMI-Activity,Microsoft-Windows-WMI-Activity/Operational,2307,2,,DC,1544,,Unknown,,,{20650CF2-55C0-45A0-9CAC-B8E8E3FDDA9C},,,"Start IWbemServices::DeleteInstance - Root\Rsop\User\S_1_5_21_365932789_2848835602_3476675013_500 : RSOP_ExtensionStatus.extensionGuid=""{0E28E245-9368-4853-AD84-6DA3BA35BB75}""",Unknown,,,,,,0x80041002,NT AUTHORITY\SYSTEM,http://manifests.microsoft.com/win/2006/windows/WMI,
2026-05-23T23:01:59.265258Z,5858,dc.scaffold.htb,Microsoft-Windows-WMI-Activity,Microsoft-Windows-WMI-Activity/Operational,2308,2,,DC,1544,,Unknown,,,{20650CF2-55C0-45A0-9CAC-B8E8E3FDDA9C},,,"Start IWbemServices::DeleteInstance - Root\Rsop\User\S_1_5_21_365932789_2848835602_3476675013_500 : RSOP_ExtensionStatus.extensionGuid=""{169EBF44-942F-4C43-87CE-13C93996EBBE}""",Unknown,,,,,,0x80041002,NT AUTHORITY\SYSTEM,http://manifests.microsoft.com/win/2006/windows/WMI,
2026-05-23T23:01:59.265819Z,5858,dc.scaffold.htb,Microsoft-Windows-WMI-Activity,Microsoft-Windows-WMI-Activity/Operational,2309,2,,DC,1544,,Unknown,,,{20650CF2-55C0-45A0-9CAC-B8E8E3FDDA9C},,,"Start IWbemServices::DeleteInstance - Root\Rsop\User\S_1_5_21_365932789_2848835602_3476675013_500 : RSOP_ExtensionStatus.extensionGuid=""{17D89FEC-5C44-4972-B12D-241CAEF74509}""",Unknown,,,,,,0x80041002,NT AUTHORITY\SYSTEM,http://manifests.microsoft.com/win/2006/windows/WMI,
2026-05-23T23:01:59.266338Z,5858,dc.scaffold.htb,Microsoft-Windows-WMI-Activity,Microsoft-Windows-WMI-Activity/Operational,2310,2,,DC,1544,,Unknown,,,{20650CF2-55C0-45A0-9CAC-B8E8E3FDDA9C},,,"Start IWbemServices::DeleteInstance - Root\Rsop\User\S_1_5_21_365932789_2848835602_3476675013_500 : RSOP_ExtensionStatus.extensionGuid=""{1A6364EB-776B-4120-ADE1-B63A406A76B5}""",Unknown,,,,,,0x80041002,NT AUTHORITY\SYSTEM,http://manifests.microsoft.com/win/2006/windows/WMI,
2026-05-23T23:01:59.266864Z,5858,dc.scaffold.htb,Microsoft-Windows-WMI-Activity,Microsoft-Windows-WMI-Activity/Operational,2311,2,,DC,1544,,Unknown,,,{20650CF2-55C0-45A0-9CAC-B8E8E3FDDA9C},,,"Start IWbemServices::DeleteInstance - Root\Rsop\User\S_1_5_21_365932789_2848835602_3476675013_500 : RSOP_ExtensionStatus.extensionGuid=""{25537BA6-77A8-11D2-9B6C-0000F8080861}""",Unknown,,,,,,0x80041002,NT AUTHORITY\SYSTEM,http://manifests.microsoft.com/win/2006/windows/WMI,
2026-05-23T23:01:59.267370Z,5858,dc.scaffold.htb,Microsoft-Windows-WMI-Activity,Microsoft-Windows-WMI-Activity/Operational,2312,2,,DC,1544,,Unknown,,,{20650CF2-55C0-45A0-9CAC-B8E8E3FDDA9C},,,"Start IWbemServices::DeleteInstance - Root\Rsop\User\S_1_5_21_365932789_2848835602_3476675013_500 : RSOP_ExtensionStatus.extensionGuid=""{2BFCC077-22D2-48DE-BDE1-2F618D9B476D}""",Unknown,,,,,,0x80041002,NT AUTHORITY\SYSTEM,http://manifests.microsoft.com/win/2006/windows/WMI,
2026-05-23T23:01:59.267933Z,5858,dc.scaffold.htb,Microsoft-Windows-WMI-Activity,Microsoft-Windows-WMI-Activity/Operational,2313,2,,DC,1544,,Unknown,,,{20650CF2-55C0-45A0-9CAC-B8E8E3FDDA9C},,,"Start IWbemServices::DeleteInstance - Root\Rsop\User\S_1_5_21_365932789_2848835602_3476675013_500 : RSOP_ExtensionStatus.extensionGuid=""{3A0DBA37-F8B2-4356-83DE-3E90BD5C261F}""",Unknown,,,,,,0x80041002,NT AUTHORITY\SYSTEM,http://manifests.microsoft.com/win/2006/windows/WMI,
2026-05-23T23:01:59.268468Z,5858,dc.scaffold.htb,Microsoft-Windows-WMI-Activity,Microsoft-Windows-WMI-Activity/Operational,2314,2,,DC,1544,,Unknown,,,{20650CF2-55C0-45A0-9CAC-B8E8E3FDDA9C},,,"Start IWbemServices::DeleteInstance - Root\Rsop\User\S_1_5_21_365932789_2848835602_3476675013_500 : RSOP_ExtensionStatus.extensionGuid=""{42B5FAAE-6536-11d2-AE5A-0000F87571E3}""",Unknown,,,,,,0x80041002,NT AUTHORITY\SYSTEM,http://manifests.microsoft.com/win/2006/windows/WMI,
2026-05-23T23:01:59.269007Z,5858,dc.scaffold.htb,Microsoft-Windows-WMI-Activity,Microsoft-Windows-WMI-Activity/Operational,2315,2,,DC,1544,,Unknown,,,{20650CF2-55C0-45A0-9CAC-B8E8E3FDDA9C},,,"Start IWbemServices::DeleteInstance - Root\Rsop\User\S_1_5_21_365932789_2848835602_3476675013_500 : RSOP_ExtensionStatus.extensionGuid=""{4B7C3B0F-E993-4E06-A241-3FBE06943684}""",Unknown,,,,,,0x80041002,NT AUTHORITY\SYSTEM,http://manifests.microsoft.com/win/2006/windows/WMI,
2026-05-23T23:01:59.269522Z,5858,dc.scaffold.htb,Microsoft-Windows-WMI-Activity,Microsoft-Windows-WMI-Activity/Operational,2316,2,,DC,1544,,Unknown,,,{20650CF2-55C0-45A0-9CAC-B8E8E3FDDA9C},,,"Start IWbemServices::DeleteInstance - Root\Rsop\User\S_1_5_21_365932789_2848835602_3476675013_500 : RSOP_ExtensionStatus.extensionGuid=""{4CFB60C1-FAA6-47f1-89AA-0B18730C9FD3}""",Unknown,,,,,,0x80041002,NT AUTHORITY\SYSTEM,http://manifests.microsoft.com/win/2006/windows/WMI,
2026-05-23T23:01:59.269927Z,5858,dc.scaffold.htb,Microsoft-Windows-WMI-Activity,Microsoft-Windows-WMI-Activity/Operational,2317,2,,DC,1544,,Unknown,,,{20650CF2-55C0-45A0-9CAC-B8E8E3FDDA9C},,,"Start IWbemServices::DeleteInstance - Root\Rsop\User\S_1_5_21_365932789_2848835602_3476675013_500 : RSOP_ExtensionStatus.extensionGuid=""{4D2F9B6F-1E52-4711-A382-6A8B1A003DE6}""",Unknown,,,,,,0x80041002,NT AUTHORITY\SYSTEM,http://manifests.microsoft.com/win/2006/windows/WMI,
2026-05-23T23:01:59.270335Z,5858,dc.scaffold.htb,Microsoft-Windows-WMI-Activity,Microsoft-Windows-WMI-Activity/Operational,2318,2,,DC,1544,,Unknown,,,{20650CF2-55C0-45A0-9CAC-B8E8E3FDDA9C},,,"Start IWbemServices::DeleteInstance - Root\Rsop\User\S_1_5_21_365932789_2848835602_3476675013_500 : RSOP_ExtensionStatus.extensionGuid=""{5794DAFD-BE60-433f-88A2-1A31939AC01F}""",Unknown,,,,,,0x80041002,NT AUTHORITY\SYSTEM,http://manifests.microsoft.com/win/2006/windows/WMI,
2026-05-23T23:01:59.271033Z,5858,dc.scaffold.htb,Microsoft-Windows-WMI-Activity,Microsoft-Windows-WMI-Activity/Operational,2319,2,,DC,1544,,Unknown,,,{20650CF2-55C0-45A0-9CAC-B8E8E3FDDA9C},,,"Start IWbemServices::DeleteInstance - Root\Rsop\User\S_1_5_21_365932789_2848835602_3476675013_500 : RSOP_ExtensionStatus.extensionGuid=""{6232C319-91AC-4931-9385-E70C2B099F0E}""",Unknown,,,,,,0x80041002,NT AUTHORITY\SYSTEM,http://manifests.microsoft.com/win/2006/windows/WMI,
2026-05-23T23:01:59.271803Z,5858,dc.scaffold.htb,Microsoft-Windows-WMI-Activity,Microsoft-Windows-WMI-Activity/Operational,2320,2,,DC,1544,,Unknown,,,{20650CF2-55C0-45A0-9CAC-B8E8E3FDDA9C},,,"Start IWbemServices::DeleteInstance - Root\Rsop\User\S_1_5_21_365932789_2848835602_3476675013_500 : RSOP_ExtensionStatus.extensionGuid=""{7150F9BF-48AD-4da4-A49C-29EF4A8369BA}""",Unknown,,,,,,0x80041002,NT AUTHORITY\SYSTEM,http://manifests.microsoft.com/win/2006/windows/WMI,
2026-05-23T23:01:59.272291Z,5858,dc.scaffold.htb,Microsoft-Windows-WMI-Activity,Microsoft-Windows-WMI-Activity/Operational,2321,2,,DC,1544,,Unknown,,,{20650CF2-55C0-45A0-9CAC-B8E8E3FDDA9C},,,"Start IWbemServices::DeleteInstance - Root\Rsop\User\S_1_5_21_365932789_2848835602_3476675013_500 : RSOP_ExtensionStatus.extensionGuid=""{728EE579-943C-4519-9EF7-AB56765798ED}""",Unknown,,,,,,0x80041002,NT AUTHORITY\SYSTEM,http://manifests.microsoft.com/win/2006/windows/WMI,
2026-05-23T23:01:59.272692Z,5858,dc.scaffold.htb,Microsoft-Windows-WMI-Activity,Microsoft-Windows-WMI-Activity/Operational,2322,2,,DC,1544,,Unknown,,,{20650CF2-55C0-45A0-9CAC-B8E8E3FDDA9C},,,"Start IWbemServices::DeleteInstance - Root\Rsop\User\S_1_5_21_365932789_2848835602_3476675013_500 : RSOP_ExtensionStatus.extensionGuid=""{74EE6C03-5363-4554-B161-627540339CAB}""",Unknown,,,,,,0x80041002,NT AUTHORITY\SYSTEM,http://manifests.microsoft.com/win/2006/windows/WMI,
2026-05-23T23:01:59.273039Z,5858,dc.scaffold.htb,Microsoft-Windows-WMI-Activity,Microsoft-Windows-WMI-Activity/Operational,2323,2,,DC,1544,,Unknown,,,{20650CF2-55C0-45A0-9CAC-B8E8E3FDDA9C},,,"Start IWbemServices::DeleteInstance - Root\Rsop\User\S_1_5_21_365932789_2848835602_3476675013_500 : RSOP_ExtensionStatus.extensionGuid=""{7909AD9E-09EE-4247-BAB9-7029D5F0A278}""",Unknown,,,,,,0x80041002,NT AUTHORITY\SYSTEM,http://manifests.microsoft.com/win/2006/windows/WMI,
2026-05-23T23:01:59.273461Z,5858,dc.scaffold.htb,Microsoft-Windows-WMI-Activity,Microsoft-Windows-WMI-Activity/Operational,2324,2,,DC,1544,,Unknown,,,{20650CF2-55C0-45A0-9CAC-B8E8E3FDDA9C},,,"Start IWbemServices::DeleteInstance - Root\Rsop\User\S_1_5_21_365932789_2848835602_3476675013_500 : RSOP_ExtensionStatus.extensionGuid=""{7933F41E-56F8-41d6-A31C-4148A711EE93}""",Unknown,,,,,,0x80041002,NT AUTHORITY\SYSTEM,http://manifests.microsoft.com/win/2006/windows/WMI,
2026-05-23T23:01:59.273800Z,5858,dc.scaffold.htb,Microsoft-Windows-WMI-Activity,Microsoft-Windows-WMI-Activity/Operational,2325,2,,DC,1544,,Unknown,,,{20650CF2-55C0-45A0-9CAC-B8E8E3FDDA9C},,,"Start IWbemServices::DeleteInstance - Root\Rsop\User\S_1_5_21_365932789_2848835602_3476675013_500 : RSOP_ExtensionStatus.extensionGuid=""{7B849a69-220F-451E-B3FE-2CB811AF94AE}""",Unknown,,,,,,0x80041002,NT AUTHORITY\SYSTEM,http://manifests.microsoft.com/win/2006/windows/WMI,
2026-05-23T23:01:59.274157Z,5858,dc.scaffold.htb,Microsoft-Windows-WMI-Activity,Microsoft-Windows-WMI-Activity/Operational,2326,2,,DC,1544,,Unknown,,,{20650CF2-55C0-45A0-9CAC-B8E8E3FDDA9C},,,"Start IWbemServices::DeleteInstance - Root\Rsop\User\S_1_5_21_365932789_2848835602_3476675013_500 : RSOP_ExtensionStatus.extensionGuid=""{8A28E2C5-8D06-49A4-A08C-632DAA493E17}""",Unknown,,,,,,0x80041002,NT AUTHORITY\SYSTEM,http://manifests.microsoft.com/win/2006/windows/WMI,
2026-05-23T23:01:59.274466Z,5858,dc.scaffold.htb,Microsoft-Windows-WMI-Activity,Microsoft-Windows-WMI-Activity/Operational,2327,2,,DC,1544,,Unknown,,,{20650CF2-55C0-45A0-9CAC-B8E8E3FDDA9C},,,"Start IWbemServices::DeleteInstance - Root\Rsop\User\S_1_5_21_365932789_2848835602_3476675013_500 : RSOP_ExtensionStatus.extensionGuid=""{91FBB303-0CD5-4055-BF42-E512A681B325}""",Unknown,,,,,,0x80041002,NT AUTHORITY\SYSTEM,http://manifests.microsoft.com/win/2006/windows/WMI,
2026-05-23T23:01:59.274814Z,5858,dc.scaffold.htb,Microsoft-Windows-WMI-Activity,Microsoft-Windows-WMI-Activity/Operational,2328,2,,DC,1544,,Unknown,,,{20650CF2-55C0-45A0-9CAC-B8E8E3FDDA9C},,,"Start IWbemServices::DeleteInstance - Root\Rsop\User\S_1_5_21_365932789_2848835602_3476675013_500 : RSOP_ExtensionStatus.extensionGuid=""{A3F3E39B-5D83-4940-B954-28315B82F0A8}""",Unknown,,,,,,0x80041002,NT AUTHORITY\SYSTEM,http://manifests.microsoft.com/win/2006/windows/WMI,
2026-05-23T23:01:59.275222Z,5858,dc.scaffold.htb,Microsoft-Windows-WMI-Activity,Microsoft-Windows-WMI-Activity/Operational,2329,2,,DC,1544,,Unknown,,,{20650CF2-55C0-45A0-9CAC-B8E8E3FDDA9C},,,"Start IWbemServices::DeleteInstance - Root\Rsop\User\S_1_5_21_365932789_2848835602_3476675013_500 : RSOP_ExtensionStatus.extensionGuid=""{AADCED64-746C-4633-A97C-D61349046527}""",Unknown,,,,,,0x80041002,NT AUTHORITY\SYSTEM,http://manifests.microsoft.com/win/2006/windows/WMI,
2026-05-23T23:01:59.275695Z,5858,dc.scaffold.htb,Microsoft-Windows-WMI-Activity,Microsoft-Windows-WMI-Activity/Operational,2330,2,,DC,1544,,Unknown,,,{20650CF2-55C0-45A0-9CAC-B8E8E3FDDA9C},,,"Start IWbemServices::DeleteInstance - Root\Rsop\User\S_1_5_21_365932789_2848835602_3476675013_500 : RSOP_ExtensionStatus.extensionGuid=""{B087BE9D-ED37-454f-AF9C-04291E351182}""",Unknown,,,,,,0x80041002,NT AUTHORITY\SYSTEM,http://manifests.microsoft.com/win/2006/windows/WMI,
2026-05-23T23:01:59.276099Z,5858,dc.scaffold.htb,Microsoft-Windows-WMI-Activity,Microsoft-Windows-WMI-Activity/Operational,2331,2,,DC,1544,,Unknown,,,{20650CF2-55C0-45A0-9CAC-B8E8E3FDDA9C},,,"Start IWbemServices::DeleteInstance - Root\Rsop\User\S_1_5_21_365932789_2848835602_3476675013_500 : RSOP_ExtensionStatus.extensionGuid=""{BA649533-0AAC-4E04-B9BC-4DBAE0325B12}""",Unknown,,,,,,0x80041002,NT AUTHORITY\SYSTEM,http://manifests.microsoft.com/win/2006/windows/WMI,
2026-05-23T23:01:59.276466Z,5858,dc.scaffold.htb,Microsoft-Windows-WMI-Activity,Microsoft-Windows-WMI-Activity/Operational,2332,2,,DC,1544,,Unknown,,,{20650CF2-55C0-45A0-9CAC-B8E8E3FDDA9C},,,"Start IWbemServices::DeleteInstance - Root\Rsop\User\S_1_5_21_365932789_2848835602_3476675013_500 : RSOP_ExtensionStatus.extensionGuid=""{BC75B1ED-5833-4858-9BB8-CBF0B166DF9D}""",Unknown,,,,,,0x80041002,NT AUTHORITY\SYSTEM,http://manifests.microsoft.com/win/2006/windows/WMI,
