2026-05-24T11:37:36.643341Z,5857,dc.scaffold.htb,Microsoft-Windows-WMI-Activity,Microsoft-Windows-WMI-Activity/Operational,2485,0,,,,0x0,,,wmiprvse.exe,,,,,,4552,,mgmtprovider,%systemroot%\system32\wbem\mgmtprovider.dll,,,,http://manifests.microsoft.com/win/2006/windows/WMI,
2026-05-24T11:37:36.760963Z,5857,dc.scaffold.htb,Microsoft-Windows-WMI-Activity,Microsoft-Windows-WMI-Activity/Operational,2486,0,,,,0x0,,,wmiprvse.exe,,,,,,6300,,NetAdapterCim,%systemroot%\system32\wbem\NetAdapterCim.dll,,,,http://manifests.microsoft.com/win/2006/windows/WMI,
2026-05-24T11:37:36.916287Z,5857,dc.scaffold.htb,Microsoft-Windows-WMI-Activity,Microsoft-Windows-WMI-Activity/Operational,2487,0,,,,0x0,,,wmiprvse.exe,,,,,,4552,,nettcpip,%systemroot%\system32\wbem\NetTCPIP.dll,,,,http://manifests.microsoft.com/win/2006/windows/WMI,
2026-05-24T11:37:41.098313Z,5857,dc.scaffold.htb,Microsoft-Windows-WMI-Activity,Microsoft-Windows-WMI-Activity/Operational,2488,0,,,,0x0,,,wmiprvse.exe,,,,,,4960,,deploymentprovider,%systemroot%\system32\wbem\ServerManager.DeploymentProvider.dll,,,,http://manifests.microsoft.com/win/2006/windows/WMI,
2026-05-24T14:36:49.782113Z,5857,dc.scaffold.htb,Microsoft-Windows-WMI-Activity,Microsoft-Windows-WMI-Activity/Operational,2489,0,,,,0x0,,,wmiprvse.exe,,,,,,4564,,CIMWin32,%systemroot%\system32\wbem\cimwin32.dll,,,,http://manifests.microsoft.com/win/2006/windows/WMI,
2026-05-24T14:36:51.094926Z,5857,dc.scaffold.htb,Microsoft-Windows-WMI-Activity,Microsoft-Windows-WMI-Activity/Operational,2490,0,,,,0x0,,,wmiprvse.exe,,,,,,4820,,WMIProv,%systemroot%\system32\wbem\wmiprov.dll,,,,http://manifests.microsoft.com/win/2006/windows/WMI,
2026-05-24T14:36:51.115689Z,5858,dc.scaffold.htb,Microsoft-Windows-WMI-Activity,Microsoft-Windows-WMI-Activity/Operational,2491,2,,DC,4028,,Unknown,,,{00000000-0000-0000-0000-000000000000},,,Start IWbemServices::CreateInstanceEnum - root\wmi : MS_SM_AdapterInformationQuery,Unknown,,,,,,0x8004100c,NT AUTHORITY\SYSTEM,http://manifests.microsoft.com/win/2006/windows/WMI,
2026-05-24T14:36:51.130866Z,5858,dc.scaffold.htb,Microsoft-Windows-WMI-Activity,Microsoft-Windows-WMI-Activity/Operational,2492,2,,DC,4028,,Unknown,,,{00000000-0000-0000-0000-000000000000},,,Start IWbemServices::CreateInstanceEnum - root\wmi : MSiSCSI_PortalInfoClass,Unknown,,,,,,0x8004100c,NT AUTHORITY\SYSTEM,http://manifests.microsoft.com/win/2006/windows/WMI,
2026-05-24T14:37:08.488423Z,5857,dc.scaffold.htb,Microsoft-Windows-WMI-Activity,Microsoft-Windows-WMI-Activity/Operational,2493,0,,,,0x0,,,wmiprvse.exe,,,,,,4820,,WmiPerfClass,C:\Windows\System32\wbem\WmiPerfClass.dll,,,,http://manifests.microsoft.com/win/2006/windows/WMI,
2026-05-24T14:37:17.624541Z,5861,dc.scaffold.htb,Microsoft-Windows-WMI-Activity,Microsoft-Windows-WMI-Activity/Operational,2494,0,"NTEventLogEventConsumer=""SCM Event Log Consumer""",,,,,SCM Event Log Filter,,,//./root/subscription,,,"Binding EventFilter: 
instance of __EventFilter
{
	CreatorSID = {1, 2, 0, 0, 0, 0, 0, 5, 32, 0, 0, 0, 32, 2, 0, 0};
	EventNamespace = ""root\\cimv2"";
	Name = ""SCM Event Log Filter"";
	Query = ""select * from MSFT_SCMEventLogEvent"";
	QueryLanguage = ""WQL"";
};
Perm. Consumer: 
instance of NTEventLogEventConsumer
{
	Category = 0;
	CreatorSID = {1, 2, 0, 0, 0, 0, 0, 5, 32, 0, 0, 0, 32, 2, 0, 0};
	EventType = 1;
	Name = ""SCM Event Log Consumer"";
	NameOfUserSIDProperty = ""sid"";
	SourceName = ""Service Control Manager"";
};
",,,,,,,,http://manifests.microsoft.com/win/2006/windows/WMI,
2026-05-24T14:37:17.649311Z,5859,dc.scaffold.htb,SCM Event Provider,Microsoft-Windows-WMI-Activity/Operational,2495,0,,,,,,,,,,//./root/CIMV2,,Permanent,,3148,,,select * from MSFT_SCMEventLogEvent,,S-1-5-32-544,http://manifests.microsoft.com/win/2006/windows/WMI,0
2026-05-24T14:37:17.654951Z,5857,dc.scaffold.htb,Microsoft-Windows-WMI-Activity,Microsoft-Windows-WMI-Activity/Operational,2496,0,,,,0x0,,,wmiprvse.exe,,,,,,3148,,WMI Kernel Trace Event Provider,C:\Windows\System32\wbem\krnlprov.dll,,,,http://manifests.microsoft.com/win/2006/windows/WMI,
2026-05-24T14:37:17.657529Z,5860,dc.scaffold.htb,Microsoft-Windows-WMI-Activity,Microsoft-Windows-WMI-Activity/Operational,2497,0,,DC,,,,,,,,ROOT\CIMV2,,Temporary,,5276,,,SELECT * FROM Win32_ProcessStartTrace WHERE ProcessName = 'wsmprovhost.exe',,NT AUTHORITY\SYSTEM,http://manifests.microsoft.com/win/2006/windows/WMI,
2026-05-24T14:37:28.885698Z,5857,dc.scaffold.htb,Microsoft-Windows-WMI-Activity,Microsoft-Windows-WMI-Activity/Operational,2498,0,,,,0x0,,,wmiprvse.exe,,,,,,4564,,MS_NT_EVENTLOG_PROVIDER,%systemroot%\system32\wbem\ntevt.dll,,,,http://manifests.microsoft.com/win/2006/windows/WMI,
2026-05-24T14:37:39.684911Z,5857,dc.scaffold.htb,Microsoft-Windows-WMI-Activity,Microsoft-Windows-WMI-Activity/Operational,2499,0,,,,0x0,,,wmiprvse.exe,,,,,,4564,,CIMWin32a,%systemroot%\system32\wbem\wmipcima.dll,,,,http://manifests.microsoft.com/win/2006/windows/WMI,
2026-05-24T14:37:39.910741Z,5858,dc.scaffold.htb,Microsoft-Windows-WMI-Activity,Microsoft-Windows-WMI-Activity/Operational,2500,2,,DC,1920,,Unknown,,,{00000000-0000-0000-0000-000000000000},,,"Start IWbemServices::ExecQuery - ROOT\CIMV2 : SELECT Manufacturer, Product FROM Win32_BaseBoard",Unknown,,,,,,0x80041032,NT AUTHORITY\NETWORK SERVICE,http://manifests.microsoft.com/win/2006/windows/WMI,
2026-05-24T14:37:56.506082Z,5857,dc.scaffold.htb,Microsoft-Windows-WMI-Activity,Microsoft-Windows-WMI-Activity/Operational,2501,0,,,,0x0,,,wmiprvse.exe,,,,,,4564,,mgmtprovider,%systemroot%\system32\wbem\mgmtprovider.dll,,,,http://manifests.microsoft.com/win/2006/windows/WMI,
2026-05-24T14:37:56.556153Z,5857,dc.scaffold.htb,Microsoft-Windows-WMI-Activity,Microsoft-Windows-WMI-Activity/Operational,2502,0,,,,0x0,,,wmiprvse.exe,,,,,,6892,,NetAdapterCim,%systemroot%\system32\wbem\NetAdapterCim.dll,,,,http://manifests.microsoft.com/win/2006/windows/WMI,
2026-05-24T14:37:56.642605Z,5857,dc.scaffold.htb,Microsoft-Windows-WMI-Activity,Microsoft-Windows-WMI-Activity/Operational,2503,0,,,,0x0,,,wmiprvse.exe,,,,,,4564,,nettcpip,%systemroot%\system32\wbem\NetTCPIP.dll,,,,http://manifests.microsoft.com/win/2006/windows/WMI,
2026-05-24T14:37:59.497525Z,5857,dc.scaffold.htb,Microsoft-Windows-WMI-Activity,Microsoft-Windows-WMI-Activity/Operational,2504,0,,,,0x0,,,wmiprvse.exe,,,,,,7284,,deploymentprovider,%systemroot%\system32\wbem\ServerManager.DeploymentProvider.dll,,,,http://manifests.microsoft.com/win/2006/windows/WMI,
2026-05-24T14:39:18.466375Z,5858,dc.scaffold.htb,Microsoft-Windows-WMI-Activity,Microsoft-Windows-WMI-Activity/Operational,2505,2,,DC,3364,,Unknown,,,{00000000-0000-0000-0000-000000000000},,,Start IWbemServices::ExecQuery - root\cimv2 : SELECT * FROM Win32_ComputerSystemProduct,Unknown,,,,,,0x80041032,NT AUTHORITY\SYSTEM,http://manifests.microsoft.com/win/2006/windows/WMI,
2026-05-24T14:39:18.519815Z,5858,dc.scaffold.htb,Microsoft-Windows-WMI-Activity,Microsoft-Windows-WMI-Activity/Operational,2506,2,,DC,3364,,Unknown,,,{00000000-0000-0000-0000-000000000000},,,Start IWbemServices::ExecQuery - root\cimv2 : SELECT * FROM Win32_OperatingSystem,Unknown,,,,,,0x80041032,NT AUTHORITY\SYSTEM,http://manifests.microsoft.com/win/2006/windows/WMI,
2026-05-24T14:39:18.575250Z,5858,dc.scaffold.htb,Microsoft-Windows-WMI-Activity,Microsoft-Windows-WMI-Activity/Operational,2507,2,,DC,3364,,Unknown,,,{00000000-0000-0000-0000-000000000000},,,Start IWbemServices::ExecQuery - root\cimv2 : SELECT * FROM Win32_ComputerSystem,Unknown,,,,,,0x80041032,NT AUTHORITY\SYSTEM,http://manifests.microsoft.com/win/2006/windows/WMI,
2026-05-24T14:39:20.625694Z,5858,dc.scaffold.htb,Microsoft-Windows-WMI-Activity,Microsoft-Windows-WMI-Activity/Operational,2508,2,,DC,3364,,Unknown,,,{00000000-0000-0000-0000-000000000000},,,Start IWbemServices::ExecQuery - root\cimv2 : SELECT * FROM Win32_Processor,Unknown,,,,,,0x80041032,NT AUTHORITY\SYSTEM,http://manifests.microsoft.com/win/2006/windows/WMI,
2026-05-24T14:43:10.140066Z,5858,dc.scaffold.htb,Microsoft-Windows-WMI-Activity,Microsoft-Windows-WMI-Activity/Operational,2509,2,,DC,5276,,Unknown,,,{B616E928-EB8A-0001-21EC-16B68AEBDC01},,,Start IWbemServices::ExecNotificationQuery - ROOT\CIMV2 : SELECT * FROM Win32_ProcessStartTrace WHERE ProcessName = 'wsmprovhost.exe',Unknown,,,,,,0x80041032,NT AUTHORITY\SYSTEM,http://manifests.microsoft.com/win/2006/windows/WMI,
2026-05-24T14:43:44.053511Z,5857,dc.scaffold.htb,Microsoft-Windows-WMI-Activity,Microsoft-Windows-WMI-Activity/Operational,2510,0,,,,0x0,,,wmiprvse.exe,,,,,,4572,,CIMWin32,%systemroot%\system32\wbem\cimwin32.dll,,,,http://manifests.microsoft.com/win/2006/windows/WMI,
2026-05-24T14:43:45.028927Z,5857,dc.scaffold.htb,Microsoft-Windows-WMI-Activity,Microsoft-Windows-WMI-Activity/Operational,2511,0,,,,0x0,,,wmiprvse.exe,,,,,,4952,,WMIProv,%systemroot%\system32\wbem\wmiprov.dll,,,,http://manifests.microsoft.com/win/2006/windows/WMI,
2026-05-24T14:43:45.039411Z,5858,dc.scaffold.htb,Microsoft-Windows-WMI-Activity,Microsoft-Windows-WMI-Activity/Operational,2512,2,,DC,4012,,Unknown,,,{00000000-0000-0000-0000-000000000000},,,Start IWbemServices::CreateInstanceEnum - root\wmi : MS_SM_AdapterInformationQuery,Unknown,,,,,,0x8004100c,NT AUTHORITY\SYSTEM,http://manifests.microsoft.com/win/2006/windows/WMI,
2026-05-24T14:43:45.048425Z,5858,dc.scaffold.htb,Microsoft-Windows-WMI-Activity,Microsoft-Windows-WMI-Activity/Operational,2513,2,,DC,4012,,Unknown,,,{00000000-0000-0000-0000-000000000000},,,Start IWbemServices::CreateInstanceEnum - root\wmi : MSiSCSI_PortalInfoClass,Unknown,,,,,,0x8004100c,NT AUTHORITY\SYSTEM,http://manifests.microsoft.com/win/2006/windows/WMI,
2026-05-24T14:44:03.502391Z,5857,dc.scaffold.htb,Microsoft-Windows-WMI-Activity,Microsoft-Windows-WMI-Activity/Operational,2514,0,,,,0x0,,,wmiprvse.exe,,,,,,4952,,WmiPerfClass,C:\Windows\System32\wbem\WmiPerfClass.dll,,,,http://manifests.microsoft.com/win/2006/windows/WMI,
2026-05-24T14:44:13.292393Z,5861,dc.scaffold.htb,Microsoft-Windows-WMI-Activity,Microsoft-Windows-WMI-Activity/Operational,2515,0,"NTEventLogEventConsumer=""SCM Event Log Consumer""",,,,,SCM Event Log Filter,,,//./root/subscription,,,"Binding EventFilter: 
instance of __EventFilter
{
	CreatorSID = {1, 2, 0, 0, 0, 0, 0, 5, 32, 0, 0, 0, 32, 2, 0, 0};
	EventNamespace = ""root\\cimv2"";
	Name = ""SCM Event Log Filter"";
	Query = ""select * from MSFT_SCMEventLogEvent"";
	QueryLanguage = ""WQL"";
};
Perm. Consumer: 
instance of NTEventLogEventConsumer
{
	Category = 0;
	CreatorSID = {1, 2, 0, 0, 0, 0, 0, 5, 32, 0, 0, 0, 32, 2, 0, 0};
	EventType = 1;
	Name = ""SCM Event Log Consumer"";
	NameOfUserSIDProperty = ""sid"";
	SourceName = ""Service Control Manager"";
};
",,,,,,,,http://manifests.microsoft.com/win/2006/windows/WMI,
2026-05-24T14:44:13.317918Z,5859,dc.scaffold.htb,SCM Event Provider,Microsoft-Windows-WMI-Activity/Operational,2516,0,,,,,,,,,,//./root/CIMV2,,Permanent,,3112,,,select * from MSFT_SCMEventLogEvent,,S-1-5-32-544,http://manifests.microsoft.com/win/2006/windows/WMI,0
2026-05-24T14:44:13.322107Z,5857,dc.scaffold.htb,Microsoft-Windows-WMI-Activity,Microsoft-Windows-WMI-Activity/Operational,2517,0,,,,0x0,,,wmiprvse.exe,,,,,,3112,,WMI Kernel Trace Event Provider,C:\Windows\System32\wbem\krnlprov.dll,,,,http://manifests.microsoft.com/win/2006/windows/WMI,
2026-05-24T14:44:13.323564Z,5860,dc.scaffold.htb,Microsoft-Windows-WMI-Activity,Microsoft-Windows-WMI-Activity/Operational,2518,0,,DC,,,,,,,,ROOT\CIMV2,,Temporary,,5944,,,SELECT * FROM Win32_ProcessStartTrace WHERE ProcessName = 'wsmprovhost.exe',,NT AUTHORITY\SYSTEM,http://manifests.microsoft.com/win/2006/windows/WMI,
2026-05-24T14:44:23.954222Z,5857,dc.scaffold.htb,Microsoft-Windows-WMI-Activity,Microsoft-Windows-WMI-Activity/Operational,2519,0,,,,0x0,,,wmiprvse.exe,,,,,,4572,,MS_NT_EVENTLOG_PROVIDER,%systemroot%\system32\wbem\ntevt.dll,,,,http://manifests.microsoft.com/win/2006/windows/WMI,
2026-05-24T14:44:35.210438Z,5857,dc.scaffold.htb,Microsoft-Windows-WMI-Activity,Microsoft-Windows-WMI-Activity/Operational,2520,0,,,,0x0,,,wmiprvse.exe,,,,,,4572,,CIMWin32a,%systemroot%\system32\wbem\wmipcima.dll,,,,http://manifests.microsoft.com/win/2006/windows/WMI,
2026-05-24T14:44:46.896383Z,5857,dc.scaffold.htb,Microsoft-Windows-WMI-Activity,Microsoft-Windows-WMI-Activity/Operational,2521,0,,,,0x0,,,wmiprvse.exe,,,,,,4572,,mgmtprovider,%systemroot%\system32\wbem\mgmtprovider.dll,,,,http://manifests.microsoft.com/win/2006/windows/WMI,
2026-05-24T14:44:46.965643Z,5857,dc.scaffold.htb,Microsoft-Windows-WMI-Activity,Microsoft-Windows-WMI-Activity/Operational,2522,0,,,,0x0,,,wmiprvse.exe,,,,,,920,,NetAdapterCim,%systemroot%\system32\wbem\NetAdapterCim.dll,,,,http://manifests.microsoft.com/win/2006/windows/WMI,
2026-05-24T14:44:47.043542Z,5857,dc.scaffold.htb,Microsoft-Windows-WMI-Activity,Microsoft-Windows-WMI-Activity/Operational,2523,0,,,,0x0,,,wmiprvse.exe,,,,,,4572,,nettcpip,%systemroot%\system32\wbem\NetTCPIP.dll,,,,http://manifests.microsoft.com/win/2006/windows/WMI,
2026-05-24T14:44:49.836574Z,5857,dc.scaffold.htb,Microsoft-Windows-WMI-Activity,Microsoft-Windows-WMI-Activity/Operational,2524,0,,,,0x0,,,wmiprvse.exe,,,,,,4968,,deploymentprovider,%systemroot%\system32\wbem\ServerManager.DeploymentProvider.dll,,,,http://manifests.microsoft.com/win/2006/windows/WMI,
2026-05-24T14:45:51.154425Z,5857,dc.scaffold.htb,Microsoft-Windows-WMI-Activity,Microsoft-Windows-WMI-Activity/Operational,2525,0,,,,0x0,,,wmiprvse.exe,,,,,,6904,,MSSQL_ManagementProvider,C:\Program Files (x86)\Microsoft SQL Server\150\Shared\sqlmgmprovider.dll,,,,http://manifests.microsoft.com/win/2006/windows/WMI,
2026-05-24T14:45:51.208647Z,5857,dc.scaffold.htb,Microsoft-Windows-WMI-Activity,Microsoft-Windows-WMI-Activity/Operational,2526,0,,,,0x0,,,wmiprvse.exe,,,,,,7264,,MSSQL_ManagementProvider,C:\Program Files\Microsoft SQL Server\150\Shared\sqlmgmprovider.dll,,,,http://manifests.microsoft.com/win/2006/windows/WMI,
2026-05-24T14:45:51.222713Z,5857,dc.scaffold.htb,Microsoft-Windows-WMI-Activity,Microsoft-Windows-WMI-Activity/Operational,2527,0,,,,0x0,,,wmiprvse.exe,,,,,,6904,,RegProv,%systemroot%\system32\wbem\stdprov.dll,,,,http://manifests.microsoft.com/win/2006/windows/WMI,
2026-05-24T14:45:51.287937Z,5857,dc.scaffold.htb,Microsoft-Windows-WMI-Activity,Microsoft-Windows-WMI-Activity/Operational,2528,0,,,,0x0,,,wmiprvse.exe,,,,,,920,,RegProv,%systemroot%\system32\wbem\stdprov.dll,,,,http://manifests.microsoft.com/win/2006/windows/WMI,
2026-05-24T14:45:51.328645Z,5857,dc.scaffold.htb,Microsoft-Windows-WMI-Activity,Microsoft-Windows-WMI-Activity/Operational,2529,0,,,,0x0,,,wmiprvse.exe,,,,,,4572,,Win32_WIN32_TERMINALSERVICE_Prov,%SystemRoot%\system32\tscfgwmi.dll,,,,http://manifests.microsoft.com/win/2006/windows/WMI,
2026-05-24T14:45:51.382364Z,5857,dc.scaffold.htb,Microsoft-Windows-WMI-Activity,Microsoft-Windows-WMI-Activity/Operational,2530,0,,,,0x0,,,wmiprvse.exe,,,,,,4572,,MS_NT_EVENTLOG_PROVIDER,%systemroot%\system32\wbem\ntevt.dll,,,,http://manifests.microsoft.com/win/2006/windows/WMI,
2026-05-24T14:46:14.082676Z,5858,dc.scaffold.htb,Microsoft-Windows-WMI-Activity,Microsoft-Windows-WMI-Activity/Operational,2531,2,,DC,7052,,Unknown,,,{00000000-0000-0000-0000-000000000000},,,Start IWbemServices::ExecQuery - root\cimv2 : SELECT * FROM Win32_ComputerSystemProduct,Unknown,,,,,,0x80041032,NT AUTHORITY\SYSTEM,http://manifests.microsoft.com/win/2006/windows/WMI,
2026-05-24T14:46:14.087508Z,5858,dc.scaffold.htb,Microsoft-Windows-WMI-Activity,Microsoft-Windows-WMI-Activity/Operational,2532,2,,DC,7052,,Unknown,,,{00000000-0000-0000-0000-000000000000},,,Start IWbemServices::ExecQuery - root\cimv2 : SELECT * FROM Win32_ComputerSystem,Unknown,,,,,,0x80041032,NT AUTHORITY\SYSTEM,http://manifests.microsoft.com/win/2006/windows/WMI,
2026-05-24T14:46:14.092539Z,5858,dc.scaffold.htb,Microsoft-Windows-WMI-Activity,Microsoft-Windows-WMI-Activity/Operational,2533,2,,DC,7052,,Unknown,,,{00000000-0000-0000-0000-000000000000},,,Start IWbemServices::ExecQuery - root\cimv2 : SELECT * FROM Win32_ComputerSystem,Unknown,,,,,,0x80041032,NT AUTHORITY\SYSTEM,http://manifests.microsoft.com/win/2006/windows/WMI,
2026-05-24T14:46:16.212055Z,5858,dc.scaffold.htb,Microsoft-Windows-WMI-Activity,Microsoft-Windows-WMI-Activity/Operational,2534,2,,DC,7052,,Unknown,,,{00000000-0000-0000-0000-000000000000},,,Start IWbemServices::ExecQuery - root\cimv2 : SELECT * FROM Win32_Processor,Unknown,,,,,,0x80041032,NT AUTHORITY\SYSTEM,http://manifests.microsoft.com/win/2006/windows/WMI,
2026-05-24T14:47:06.952584Z,5857,dc.scaffold.htb,Microsoft-Windows-WMI-Activity,Microsoft-Windows-WMI-Activity/Operational,2535,0,,,,0x0,,,wmiprvse.exe,,,,,,6904,,MSSQL_ManagementProvider,C:\Program Files (x86)\Microsoft SQL Server\150\Shared\sqlmgmprovider.dll,,,,http://manifests.microsoft.com/win/2006/windows/WMI,
2026-05-24T14:47:06.982714Z,5857,dc.scaffold.htb,Microsoft-Windows-WMI-Activity,Microsoft-Windows-WMI-Activity/Operational,2536,0,,,,0x0,,,wmiprvse.exe,,,,,,920,,RegProv,%systemroot%\system32\wbem\stdprov.dll,,,,http://manifests.microsoft.com/win/2006/windows/WMI,
2026-05-24T14:47:07.000484Z,5857,dc.scaffold.htb,Microsoft-Windows-WMI-Activity,Microsoft-Windows-WMI-Activity/Operational,2537,0,,,,0x0,,,wmiprvse.exe,,,,,,4572,,Win32_WIN32_TERMINALSERVICE_Prov,%SystemRoot%\system32\tscfgwmi.dll,,,,http://manifests.microsoft.com/win/2006/windows/WMI,
2026-05-24T14:47:07.026492Z,5857,dc.scaffold.htb,Microsoft-Windows-WMI-Activity,Microsoft-Windows-WMI-Activity/Operational,2538,0,,,,0x0,,,wmiprvse.exe,,,,,,4572,,MS_NT_EVENTLOG_PROVIDER,%systemroot%\system32\wbem\ntevt.dll,,,,http://manifests.microsoft.com/win/2006/windows/WMI,
2026-05-24T14:54:13.844379Z,5858,dc.scaffold.htb,Microsoft-Windows-WMI-Activity,Microsoft-Windows-WMI-Activity/Operational,2539,2,,DC,5944,,Unknown,,,{AE0DB03A-EB8B-0000-FDB5-0DAE8BEBDC01},,,Start IWbemServices::ExecNotificationQuery - ROOT\CIMV2 : SELECT * FROM Win32_ProcessStartTrace WHERE ProcessName = 'wsmprovhost.exe',Unknown,,,,,,0x80041032,NT AUTHORITY\SYSTEM,http://manifests.microsoft.com/win/2006/windows/WMI,
2026-05-24T14:54:46.890537Z,5857,dc.scaffold.htb,Microsoft-Windows-WMI-Activity,Microsoft-Windows-WMI-Activity/Operational,2540,0,,,,0x0,,,wmiprvse.exe,,,,,,4572,,mgmtprovider,%systemroot%\system32\wbem\mgmtprovider.dll,,,,http://manifests.microsoft.com/win/2006/windows/WMI,
2026-05-24T14:54:46.921483Z,5857,dc.scaffold.htb,Microsoft-Windows-WMI-Activity,Microsoft-Windows-WMI-Activity/Operational,2541,0,,,,0x0,,,wmiprvse.exe,,,,,,5892,,NetAdapterCim,%systemroot%\system32\wbem\NetAdapterCim.dll,,,,http://manifests.microsoft.com/win/2006/windows/WMI,
2026-05-24T14:54:47.020620Z,5857,dc.scaffold.htb,Microsoft-Windows-WMI-Activity,Microsoft-Windows-WMI-Activity/Operational,2542,0,,,,0x0,,,wmiprvse.exe,,,,,,4572,,nettcpip,%systemroot%\system32\wbem\NetTCPIP.dll,,,,http://manifests.microsoft.com/win/2006/windows/WMI,
2026-05-24T14:54:49.369066Z,5857,dc.scaffold.htb,Microsoft-Windows-WMI-Activity,Microsoft-Windows-WMI-Activity/Operational,2543,0,,,,0x0,,,wmiprvse.exe,,,,,,3604,,deploymentprovider,%systemroot%\system32\wbem\ServerManager.DeploymentProvider.dll,,,,http://manifests.microsoft.com/win/2006/windows/WMI,
2026-05-24T15:04:46.910381Z,5857,dc.scaffold.htb,Microsoft-Windows-WMI-Activity,Microsoft-Windows-WMI-Activity/Operational,2544,0,,,,0x0,,,wmiprvse.exe,,,,,,4572,,mgmtprovider,%systemroot%\system32\wbem\mgmtprovider.dll,,,,http://manifests.microsoft.com/win/2006/windows/WMI,
2026-05-24T15:04:46.944115Z,5857,dc.scaffold.htb,Microsoft-Windows-WMI-Activity,Microsoft-Windows-WMI-Activity/Operational,2545,0,,,,0x0,,,wmiprvse.exe,,,,,,4776,,NetAdapterCim,%systemroot%\system32\wbem\NetAdapterCim.dll,,,,http://manifests.microsoft.com/win/2006/windows/WMI,
2026-05-24T15:04:47.026907Z,5857,dc.scaffold.htb,Microsoft-Windows-WMI-Activity,Microsoft-Windows-WMI-Activity/Operational,2546,0,,,,0x0,,,wmiprvse.exe,,,,,,4572,,nettcpip,%systemroot%\system32\wbem\NetTCPIP.dll,,,,http://manifests.microsoft.com/win/2006/windows/WMI,
2026-05-24T15:04:49.371365Z,5857,dc.scaffold.htb,Microsoft-Windows-WMI-Activity,Microsoft-Windows-WMI-Activity/Operational,2547,0,,,,0x0,,,wmiprvse.exe,,,,,,7132,,deploymentprovider,%systemroot%\system32\wbem\ServerManager.DeploymentProvider.dll,,,,http://manifests.microsoft.com/win/2006/windows/WMI,
2026-05-24T15:32:17.914577Z,5857,dc.scaffold.htb,Microsoft-Windows-WMI-Activity,Microsoft-Windows-WMI-Activity/Operational,2548,0,,,,0x0,,,wmiprvse.exe,,,,,,4600,,CIMWin32,%systemroot%\system32\wbem\cimwin32.dll,,,,http://manifests.microsoft.com/win/2006/windows/WMI,
2026-05-24T15:32:18.908070Z,5857,dc.scaffold.htb,Microsoft-Windows-WMI-Activity,Microsoft-Windows-WMI-Activity/Operational,2549,0,,,,0x0,,,wmiprvse.exe,,,,,,4980,,WMIProv,%systemroot%\system32\wbem\wmiprov.dll,,,,http://manifests.microsoft.com/win/2006/windows/WMI,
2026-05-24T15:32:18.914426Z,5858,dc.scaffold.htb,Microsoft-Windows-WMI-Activity,Microsoft-Windows-WMI-Activity/Operational,2550,2,,DC,3980,,Unknown,,,{00000000-0000-0000-0000-000000000000},,,Start IWbemServices::CreateInstanceEnum - root\wmi : MS_SM_AdapterInformationQuery,Unknown,,,,,,0x8004100c,NT AUTHORITY\SYSTEM,http://manifests.microsoft.com/win/2006/windows/WMI,
2026-05-24T15:32:18.919989Z,5858,dc.scaffold.htb,Microsoft-Windows-WMI-Activity,Microsoft-Windows-WMI-Activity/Operational,2551,2,,DC,3980,,Unknown,,,{00000000-0000-0000-0000-000000000000},,,Start IWbemServices::CreateInstanceEnum - root\wmi : MSiSCSI_PortalInfoClass,Unknown,,,,,,0x8004100c,NT AUTHORITY\SYSTEM,http://manifests.microsoft.com/win/2006/windows/WMI,
2026-05-24T15:32:37.586598Z,5857,dc.scaffold.htb,Microsoft-Windows-WMI-Activity,Microsoft-Windows-WMI-Activity/Operational,2552,0,,,,0x0,,,wmiprvse.exe,,,,,,4980,,WmiPerfClass,C:\Windows\System32\wbem\WmiPerfClass.dll,,,,http://manifests.microsoft.com/win/2006/windows/WMI,
2026-05-24T15:32:47.428077Z,5861,dc.scaffold.htb,Microsoft-Windows-WMI-Activity,Microsoft-Windows-WMI-Activity/Operational,2553,0,"NTEventLogEventConsumer=""SCM Event Log Consumer""",,,,,SCM Event Log Filter,,,//./root/subscription,,,"Binding EventFilter: 
instance of __EventFilter
{
	CreatorSID = {1, 2, 0, 0, 0, 0, 0, 5, 32, 0, 0, 0, 32, 2, 0, 0};
	EventNamespace = ""root\\cimv2"";
	Name = ""SCM Event Log Filter"";
	Query = ""select * from MSFT_SCMEventLogEvent"";
	QueryLanguage = ""WQL"";
};
Perm. Consumer: 
instance of NTEventLogEventConsumer
{
	Category = 0;
	CreatorSID = {1, 2, 0, 0, 0, 0, 0, 5, 32, 0, 0, 0, 32, 2, 0, 0};
	EventType = 1;
	Name = ""SCM Event Log Consumer"";
	NameOfUserSIDProperty = ""sid"";
	SourceName = ""Service Control Manager"";
};
",,,,,,,,http://manifests.microsoft.com/win/2006/windows/WMI,
2026-05-24T15:32:47.454842Z,5859,dc.scaffold.htb,SCM Event Provider,Microsoft-Windows-WMI-Activity/Operational,2554,0,,,,,,,,,,//./root/CIMV2,,Permanent,,3240,,,select * from MSFT_SCMEventLogEvent,,S-1-5-32-544,http://manifests.microsoft.com/win/2006/windows/WMI,0
2026-05-24T15:32:47.461789Z,5857,dc.scaffold.htb,Microsoft-Windows-WMI-Activity,Microsoft-Windows-WMI-Activity/Operational,2555,0,,,,0x0,,,wmiprvse.exe,,,,,,3240,,WMI Kernel Trace Event Provider,C:\Windows\System32\wbem\krnlprov.dll,,,,http://manifests.microsoft.com/win/2006/windows/WMI,
2026-05-24T15:32:47.464567Z,5860,dc.scaffold.htb,Microsoft-Windows-WMI-Activity,Microsoft-Windows-WMI-Activity/Operational,2556,0,,DC,,,,,,,,ROOT\CIMV2,,Temporary,,6000,,,SELECT * FROM Win32_ProcessStartTrace WHERE ProcessName = 'wsmprovhost.exe',,NT AUTHORITY\SYSTEM,http://manifests.microsoft.com/win/2006/windows/WMI,
2026-05-24T15:32:57.966153Z,5857,dc.scaffold.htb,Microsoft-Windows-WMI-Activity,Microsoft-Windows-WMI-Activity/Operational,2557,0,,,,0x0,,,wmiprvse.exe,,,,,,4600,,MS_NT_EVENTLOG_PROVIDER,%systemroot%\system32\wbem\ntevt.dll,,,,http://manifests.microsoft.com/win/2006/windows/WMI,
2026-05-24T15:33:09.441380Z,5857,dc.scaffold.htb,Microsoft-Windows-WMI-Activity,Microsoft-Windows-WMI-Activity/Operational,2558,0,,,,0x0,,,wmiprvse.exe,,,,,,4600,,CIMWin32a,%systemroot%\system32\wbem\wmipcima.dll,,,,http://manifests.microsoft.com/win/2006/windows/WMI,
2026-05-24T15:33:09.491369Z,5858,dc.scaffold.htb,Microsoft-Windows-WMI-Activity,Microsoft-Windows-WMI-Activity/Operational,2559,2,,DC,4728,,Unknown,,,{00000000-0000-0000-0000-000000000000},,,"Start IWbemServices::ExecQuery - ROOT\CIMV2 : SELECT Manufacturer, Product FROM Win32_BaseBoard",Unknown,,,,,,0x80041032,NT AUTHORITY\NETWORK SERVICE,http://manifests.microsoft.com/win/2006/windows/WMI,
2026-05-24T15:33:09.632699Z,5858,dc.scaffold.htb,Microsoft-Windows-WMI-Activity,Microsoft-Windows-WMI-Activity/Operational,2560,2,,DC,1888,,Unknown,,,{00000000-0000-0000-0000-000000000000},,,"Start IWbemServices::ExecQuery - ROOT\CIMV2 : SELECT Manufacturer, Product FROM Win32_BaseBoard",Unknown,,,,,,0x80041032,NT AUTHORITY\NETWORK SERVICE,http://manifests.microsoft.com/win/2006/windows/WMI,
2026-05-24T15:33:46.893306Z,5857,dc.scaffold.htb,Microsoft-Windows-WMI-Activity,Microsoft-Windows-WMI-Activity/Operational,2561,0,,,,0x0,,,wmiprvse.exe,,,,,,4600,,mgmtprovider,%systemroot%\system32\wbem\mgmtprovider.dll,,,,http://manifests.microsoft.com/win/2006/windows/WMI,
2026-05-24T15:33:46.944238Z,5857,dc.scaffold.htb,Microsoft-Windows-WMI-Activity,Microsoft-Windows-WMI-Activity/Operational,2562,0,,,,0x0,,,wmiprvse.exe,,,,,,6300,,NetAdapterCim,%systemroot%\system32\wbem\NetAdapterCim.dll,,,,http://manifests.microsoft.com/win/2006/windows/WMI,
2026-05-24T15:33:47.040679Z,5857,dc.scaffold.htb,Microsoft-Windows-WMI-Activity,Microsoft-Windows-WMI-Activity/Operational,2563,0,,,,0x0,,,wmiprvse.exe,,,,,,4600,,nettcpip,%systemroot%\system32\wbem\NetTCPIP.dll,,,,http://manifests.microsoft.com/win/2006/windows/WMI,
2026-05-24T15:33:49.815826Z,5857,dc.scaffold.htb,Microsoft-Windows-WMI-Activity,Microsoft-Windows-WMI-Activity/Operational,2564,0,,,,0x0,,,wmiprvse.exe,,,,,,6484,,deploymentprovider,%systemroot%\system32\wbem\ServerManager.DeploymentProvider.dll,,,,http://manifests.microsoft.com/win/2006/windows/WMI,
2026-05-24T15:34:48.244165Z,5858,dc.scaffold.htb,Microsoft-Windows-WMI-Activity,Microsoft-Windows-WMI-Activity/Operational,2565,2,,DC,2348,,Unknown,,,{00000000-0000-0000-0000-000000000000},,,Start IWbemServices::ExecQuery - root\cimv2 : SELECT * FROM Win32_ComputerSystemProduct,Unknown,,,,,,0x80041032,NT AUTHORITY\SYSTEM,http://manifests.microsoft.com/win/2006/windows/WMI,
2026-05-24T15:34:48.246097Z,5858,dc.scaffold.htb,Microsoft-Windows-WMI-Activity,Microsoft-Windows-WMI-Activity/Operational,2566,2,,DC,2348,,Unknown,,,{00000000-0000-0000-0000-000000000000},,,Start IWbemServices::ExecQuery - root\cimv2 : SELECT * FROM Win32_ComputerSystemProduct,Unknown,,,,,,0x80041032,NT AUTHORITY\SYSTEM,http://manifests.microsoft.com/win/2006/windows/WMI,
2026-05-24T15:34:50.358037Z,5858,dc.scaffold.htb,Microsoft-Windows-WMI-Activity,Microsoft-Windows-WMI-Activity/Operational,2567,2,,DC,2348,,Unknown,,,{00000000-0000-0000-0000-000000000000},,,Start IWbemServices::ExecQuery - root\cimv2 : SELECT * FROM Win32_Processor,Unknown,,,,,,0x80041032,NT AUTHORITY\SYSTEM,http://manifests.microsoft.com/win/2006/windows/WMI,
2026-05-24T15:40:48.018085Z,5857,dc.scaffold.htb,Microsoft-Windows-WMI-Activity,Microsoft-Windows-WMI-Activity/Operational,2568,0,,,,0x0,,,wmiprvse.exe,,,,,,4980,,WMIProv,%systemroot%\system32\wbem\wmiprov.dll,,,,http://manifests.microsoft.com/win/2006/windows/WMI,
2026-05-24T15:42:47.954764Z,5858,dc.scaffold.htb,Microsoft-Windows-WMI-Activity,Microsoft-Windows-WMI-Activity/Operational,2569,2,,DC,6000,,Unknown,,,{76EC72CD-EB92-0002-0276-EC7692EBDC01},,,Start IWbemServices::ExecNotificationQuery - ROOT\CIMV2 : SELECT * FROM Win32_ProcessStartTrace WHERE ProcessName = 'wsmprovhost.exe',Unknown,,,,,,0x80041032,NT AUTHORITY\SYSTEM,http://manifests.microsoft.com/win/2006/windows/WMI,
2026-05-24T15:43:46.910205Z,5857,dc.scaffold.htb,Microsoft-Windows-WMI-Activity,Microsoft-Windows-WMI-Activity/Operational,2570,0,,,,0x0,,,wmiprvse.exe,,,,,,4600,,mgmtprovider,%systemroot%\system32\wbem\mgmtprovider.dll,,,,http://manifests.microsoft.com/win/2006/windows/WMI,
2026-05-24T15:43:46.974163Z,5857,dc.scaffold.htb,Microsoft-Windows-WMI-Activity,Microsoft-Windows-WMI-Activity/Operational,2571,0,,,,0x0,,,wmiprvse.exe,,,,,,5276,,NetAdapterCim,%systemroot%\system32\wbem\NetAdapterCim.dll,,,,http://manifests.microsoft.com/win/2006/windows/WMI,
2026-05-24T15:43:47.074229Z,5857,dc.scaffold.htb,Microsoft-Windows-WMI-Activity,Microsoft-Windows-WMI-Activity/Operational,2572,0,,,,0x0,,,wmiprvse.exe,,,,,,4600,,nettcpip,%systemroot%\system32\wbem\NetTCPIP.dll,,,,http://manifests.microsoft.com/win/2006/windows/WMI,
2026-05-24T15:43:49.454053Z,5857,dc.scaffold.htb,Microsoft-Windows-WMI-Activity,Microsoft-Windows-WMI-Activity/Operational,2573,0,,,,0x0,,,wmiprvse.exe,,,,,,7080,,deploymentprovider,%systemroot%\system32\wbem\ServerManager.DeploymentProvider.dll,,,,http://manifests.microsoft.com/win/2006/windows/WMI,
2026-05-24T15:53:46.921902Z,5857,dc.scaffold.htb,Microsoft-Windows-WMI-Activity,Microsoft-Windows-WMI-Activity/Operational,2574,0,,,,0x0,,,wmiprvse.exe,,,,,,4600,,mgmtprovider,%systemroot%\system32\wbem\mgmtprovider.dll,,,,http://manifests.microsoft.com/win/2006/windows/WMI,
2026-05-24T15:53:46.984580Z,5857,dc.scaffold.htb,Microsoft-Windows-WMI-Activity,Microsoft-Windows-WMI-Activity/Operational,2575,0,,,,0x0,,,wmiprvse.exe,,,,,,1096,,NetAdapterCim,%systemroot%\system32\wbem\NetAdapterCim.dll,,,,http://manifests.microsoft.com/win/2006/windows/WMI,
2026-05-24T15:53:47.098775Z,5857,dc.scaffold.htb,Microsoft-Windows-WMI-Activity,Microsoft-Windows-WMI-Activity/Operational,2576,0,,,,0x0,,,wmiprvse.exe,,,,,,4600,,nettcpip,%systemroot%\system32\wbem\NetTCPIP.dll,,,,http://manifests.microsoft.com/win/2006/windows/WMI,
2026-05-24T15:53:49.461906Z,5857,dc.scaffold.htb,Microsoft-Windows-WMI-Activity,Microsoft-Windows-WMI-Activity/Operational,2577,0,,,,0x0,,,wmiprvse.exe,,,,,,2148,,deploymentprovider,%systemroot%\system32\wbem\ServerManager.DeploymentProvider.dll,,,,http://manifests.microsoft.com/win/2006/windows/WMI,
2026-05-24T16:03:46.942411Z,5857,dc.scaffold.htb,Microsoft-Windows-WMI-Activity,Microsoft-Windows-WMI-Activity/Operational,2578,0,,,,0x0,,,wmiprvse.exe,,,,,,4600,,mgmtprovider,%systemroot%\system32\wbem\mgmtprovider.dll,,,,http://manifests.microsoft.com/win/2006/windows/WMI,
2026-05-24T16:03:46.976552Z,5857,dc.scaffold.htb,Microsoft-Windows-WMI-Activity,Microsoft-Windows-WMI-Activity/Operational,2579,0,,,,0x0,,,wmiprvse.exe,,,,,,6388,,NetAdapterCim,%systemroot%\system32\wbem\NetAdapterCim.dll,,,,http://manifests.microsoft.com/win/2006/windows/WMI,
2026-05-24T16:03:47.060834Z,5857,dc.scaffold.htb,Microsoft-Windows-WMI-Activity,Microsoft-Windows-WMI-Activity/Operational,2580,0,,,,0x0,,,wmiprvse.exe,,,,,,4600,,nettcpip,%systemroot%\system32\wbem\NetTCPIP.dll,,,,http://manifests.microsoft.com/win/2006/windows/WMI,
2026-05-24T16:03:49.427492Z,5857,dc.scaffold.htb,Microsoft-Windows-WMI-Activity,Microsoft-Windows-WMI-Activity/Operational,2581,0,,,,0x0,,,wmiprvse.exe,,,,,,5860,,deploymentprovider,%systemroot%\system32\wbem\ServerManager.DeploymentProvider.dll,,,,http://manifests.microsoft.com/win/2006/windows/WMI,
2026-05-24T16:13:46.949924Z,5857,dc.scaffold.htb,Microsoft-Windows-WMI-Activity,Microsoft-Windows-WMI-Activity/Operational,2582,0,,,,0x0,,,wmiprvse.exe,,,,,,4600,,mgmtprovider,%systemroot%\system32\wbem\mgmtprovider.dll,,,,http://manifests.microsoft.com/win/2006/windows/WMI,
2026-05-24T16:13:46.989902Z,5857,dc.scaffold.htb,Microsoft-Windows-WMI-Activity,Microsoft-Windows-WMI-Activity/Operational,2583,0,,,,0x0,,,wmiprvse.exe,,,,,,1664,,NetAdapterCim,%systemroot%\system32\wbem\NetAdapterCim.dll,,,,http://manifests.microsoft.com/win/2006/windows/WMI,
2026-05-24T16:13:47.098485Z,5857,dc.scaffold.htb,Microsoft-Windows-WMI-Activity,Microsoft-Windows-WMI-Activity/Operational,2584,0,,,,0x0,,,wmiprvse.exe,,,,,,4600,,nettcpip,%systemroot%\system32\wbem\NetTCPIP.dll,,,,http://manifests.microsoft.com/win/2006/windows/WMI,
2026-05-24T16:13:49.430058Z,5857,dc.scaffold.htb,Microsoft-Windows-WMI-Activity,Microsoft-Windows-WMI-Activity/Operational,2585,0,,,,0x0,,,wmiprvse.exe,,,,,,1612,,deploymentprovider,%systemroot%\system32\wbem\ServerManager.DeploymentProvider.dll,,,,http://manifests.microsoft.com/win/2006/windows/WMI,
2026-05-24T16:23:12.410063Z,5857,dc.scaffold.htb,Microsoft-Windows-WMI-Activity,Microsoft-Windows-WMI-Activity/Operational,2586,0,,,,0x0,,,wmiprvse.exe,,,,,,4600,,smbwmiv2,%SystemRoot%\System32\smbwmiv2.dll,,,,http://manifests.microsoft.com/win/2006/windows/WMI,
2026-05-24T16:23:12.414882Z,5858,dc.scaffold.htb,Microsoft-Windows-WMI-Activity,Microsoft-Windows-WMI-Activity/Operational,2587,2,,DC,2724,,Provider,,,{79FB95A8-C5E0-4BAE-9BD3-88369F84F5AC},,,Start IWbemServices::ExecMethod - ROOT\Microsoft\Windows\Smb : MSFT_SmbShare::FireShareChangeEvent,Unknown,,,,,,0x80041007,NT AUTHORITY\SYSTEM,http://manifests.microsoft.com/win/2006/windows/WMI,
2026-05-24T16:23:46.957089Z,5857,dc.scaffold.htb,Microsoft-Windows-WMI-Activity,Microsoft-Windows-WMI-Activity/Operational,2588,0,,,,0x0,,,wmiprvse.exe,,,,,,4600,,mgmtprovider,%systemroot%\system32\wbem\mgmtprovider.dll,,,,http://manifests.microsoft.com/win/2006/windows/WMI,
2026-05-24T16:23:47.027458Z,5857,dc.scaffold.htb,Microsoft-Windows-WMI-Activity,Microsoft-Windows-WMI-Activity/Operational,2589,0,,,,0x0,,,wmiprvse.exe,,,,,,4276,,NetAdapterCim,%systemroot%\system32\wbem\NetAdapterCim.dll,,,,http://manifests.microsoft.com/win/2006/windows/WMI,
2026-05-24T16:23:47.141856Z,5857,dc.scaffold.htb,Microsoft-Windows-WMI-Activity,Microsoft-Windows-WMI-Activity/Operational,2590,0,,,,0x0,,,wmiprvse.exe,,,,,,4600,,nettcpip,%systemroot%\system32\wbem\NetTCPIP.dll,,,,http://manifests.microsoft.com/win/2006/windows/WMI,
2026-05-24T16:23:49.489534Z,5857,dc.scaffold.htb,Microsoft-Windows-WMI-Activity,Microsoft-Windows-WMI-Activity/Operational,2591,0,,,,0x0,,,wmiprvse.exe,,,,,,1992,,deploymentprovider,%systemroot%\system32\wbem\ServerManager.DeploymentProvider.dll,,,,http://manifests.microsoft.com/win/2006/windows/WMI,
2026-05-24T22:09:51.607934Z,5857,dc.scaffold.htb,Microsoft-Windows-WMI-Activity,Microsoft-Windows-WMI-Activity/Operational,2592,0,,,,0x0,,,wmiprvse.exe,,,,,,4620,,CIMWin32,%systemroot%\system32\wbem\cimwin32.dll,,,,http://manifests.microsoft.com/win/2006/windows/WMI,
2026-05-24T22:09:52.432727Z,5857,dc.scaffold.htb,Microsoft-Windows-WMI-Activity,Microsoft-Windows-WMI-Activity/Operational,2593,0,,,,0x0,,,wmiprvse.exe,,,,,,4992,,WMIProv,%systemroot%\system32\wbem\wmiprov.dll,,,,http://manifests.microsoft.com/win/2006/windows/WMI,
2026-05-24T22:09:52.441651Z,5858,dc.scaffold.htb,Microsoft-Windows-WMI-Activity,Microsoft-Windows-WMI-Activity/Operational,2594,2,,DC,3928,,Unknown,,,{00000000-0000-0000-0000-000000000000},,,Start IWbemServices::CreateInstanceEnum - root\wmi : MS_SM_AdapterInformationQuery,Unknown,,,,,,0x8004100c,NT AUTHORITY\SYSTEM,http://manifests.microsoft.com/win/2006/windows/WMI,
2026-05-24T22:09:52.448079Z,5858,dc.scaffold.htb,Microsoft-Windows-WMI-Activity,Microsoft-Windows-WMI-Activity/Operational,2595,2,,DC,3928,,Unknown,,,{00000000-0000-0000-0000-000000000000},,,Start IWbemServices::CreateInstanceEnum - root\wmi : MSiSCSI_PortalInfoClass,Unknown,,,,,,0x8004100c,NT AUTHORITY\SYSTEM,http://manifests.microsoft.com/win/2006/windows/WMI,
2026-05-24T22:10:11.039417Z,5857,dc.scaffold.htb,Microsoft-Windows-WMI-Activity,Microsoft-Windows-WMI-Activity/Operational,2596,0,,,,0x0,,,wmiprvse.exe,,,,,,4992,,WmiPerfClass,C:\Windows\System32\wbem\WmiPerfClass.dll,,,,http://manifests.microsoft.com/win/2006/windows/WMI,
2026-05-24T22:10:20.820076Z,5861,dc.scaffold.htb,Microsoft-Windows-WMI-Activity,Microsoft-Windows-WMI-Activity/Operational,2597,0,"NTEventLogEventConsumer=""SCM Event Log Consumer""",,,,,SCM Event Log Filter,,,//./root/subscription,,,"Binding EventFilter: 
instance of __EventFilter
{
	CreatorSID = {1, 2, 0, 0, 0, 0, 0, 5, 32, 0, 0, 0, 32, 2, 0, 0};
	EventNamespace = ""root\\cimv2"";
	Name = ""SCM Event Log Filter"";
	Query = ""select * from MSFT_SCMEventLogEvent"";
	QueryLanguage = ""WQL"";
};
Perm. Consumer: 
instance of NTEventLogEventConsumer
{
	Category = 0;
	CreatorSID = {1, 2, 0, 0, 0, 0, 0, 5, 32, 0, 0, 0, 32, 2, 0, 0};
	EventType = 1;
	Name = ""SCM Event Log Consumer"";
	NameOfUserSIDProperty = ""sid"";
	SourceName = ""Service Control Manager"";
};
",,,,,,,,http://manifests.microsoft.com/win/2006/windows/WMI,
2026-05-24T22:10:20.859436Z,5859,dc.scaffold.htb,SCM Event Provider,Microsoft-Windows-WMI-Activity/Operational,2598,0,,,,,,,,,,//./root/CIMV2,,Permanent,,3088,,,select * from MSFT_SCMEventLogEvent,,S-1-5-32-544,http://manifests.microsoft.com/win/2006/windows/WMI,0
2026-05-24T22:10:20.865763Z,5857,dc.scaffold.htb,Microsoft-Windows-WMI-Activity,Microsoft-Windows-WMI-Activity/Operational,2599,0,,,,0x0,,,wmiprvse.exe,,,,,,3088,,WMI Kernel Trace Event Provider,C:\Windows\System32\wbem\krnlprov.dll,,,,http://manifests.microsoft.com/win/2006/windows/WMI,
2026-05-24T22:10:20.868108Z,5860,dc.scaffold.htb,Microsoft-Windows-WMI-Activity,Microsoft-Windows-WMI-Activity/Operational,2600,0,,DC,,,,,,,,ROOT\CIMV2,,Temporary,,5996,,,SELECT * FROM Win32_ProcessStartTrace WHERE ProcessName = 'wsmprovhost.exe',,NT AUTHORITY\SYSTEM,http://manifests.microsoft.com/win/2006/windows/WMI,
2026-05-24T22:10:31.433599Z,5857,dc.scaffold.htb,Microsoft-Windows-WMI-Activity,Microsoft-Windows-WMI-Activity/Operational,2601,0,,,,0x0,,,wmiprvse.exe,,,,,,4620,,MS_NT_EVENTLOG_PROVIDER,%systemroot%\system32\wbem\ntevt.dll,,,,http://manifests.microsoft.com/win/2006/windows/WMI,
2026-05-24T22:10:41.839958Z,5857,dc.scaffold.htb,Microsoft-Windows-WMI-Activity,Microsoft-Windows-WMI-Activity/Operational,2602,0,,,,0x0,,,wmiprvse.exe,,,,,,4620,,CIMWin32a,%systemroot%\system32\wbem\wmipcima.dll,,,,http://manifests.microsoft.com/win/2006/windows/WMI,
2026-05-24T22:10:42.115030Z,5858,dc.scaffold.htb,Microsoft-Windows-WMI-Activity,Microsoft-Windows-WMI-Activity/Operational,2603,2,,DC,2700,,Unknown,,,{00000000-0000-0000-0000-000000000000},,,"Start IWbemServices::ExecQuery - ROOT\CIMV2 : SELECT Manufacturer, Product FROM Win32_BaseBoard",Unknown,,,,,,0x80041032,NT AUTHORITY\NETWORK SERVICE,http://manifests.microsoft.com/win/2006/windows/WMI,
2026-05-24T22:10:53.013810Z,5857,dc.scaffold.htb,Microsoft-Windows-WMI-Activity,Microsoft-Windows-WMI-Activity/Operational,2604,0,,,,0x0,,,wmiprvse.exe,,,,,,4620,,mgmtprovider,%systemroot%\system32\wbem\mgmtprovider.dll,,,,http://manifests.microsoft.com/win/2006/windows/WMI,
2026-05-24T22:10:53.057026Z,5857,dc.scaffold.htb,Microsoft-Windows-WMI-Activity,Microsoft-Windows-WMI-Activity/Operational,2605,0,,,,0x0,,,wmiprvse.exe,,,,,,1072,,NetAdapterCim,%systemroot%\system32\wbem\NetAdapterCim.dll,,,,http://manifests.microsoft.com/win/2006/windows/WMI,
2026-05-24T22:10:53.170074Z,5857,dc.scaffold.htb,Microsoft-Windows-WMI-Activity,Microsoft-Windows-WMI-Activity/Operational,2606,0,,,,0x0,,,wmiprvse.exe,,,,,,4620,,nettcpip,%systemroot%\system32\wbem\NetTCPIP.dll,,,,http://manifests.microsoft.com/win/2006/windows/WMI,
2026-05-24T22:10:55.966622Z,5857,dc.scaffold.htb,Microsoft-Windows-WMI-Activity,Microsoft-Windows-WMI-Activity/Operational,2607,0,,,,0x0,,,wmiprvse.exe,,,,,,7136,,deploymentprovider,%systemroot%\system32\wbem\ServerManager.DeploymentProvider.dll,,,,http://manifests.microsoft.com/win/2006/windows/WMI,
2026-05-24T22:12:23.979172Z,5858,dc.scaffold.htb,Microsoft-Windows-WMI-Activity,Microsoft-Windows-WMI-Activity/Operational,2608,2,,DC,6132,,Unknown,,,{00000000-0000-0000-0000-000000000000},,,Start IWbemServices::ExecQuery - root\cimv2 : SELECT * FROM Win32_ComputerSystem,Unknown,,,,,,0x80041032,NT AUTHORITY\SYSTEM,http://manifests.microsoft.com/win/2006/windows/WMI,
2026-05-24T22:18:21.471539Z,5857,dc.scaffold.htb,Microsoft-Windows-WMI-Activity,Microsoft-Windows-WMI-Activity/Operational,2609,0,,,,0x0,,,wmiprvse.exe,,,,,,4992,,WMIProv,%systemroot%\system32\wbem\wmiprov.dll,,,,http://manifests.microsoft.com/win/2006/windows/WMI,
2026-05-24T22:20:21.434368Z,5858,dc.scaffold.htb,Microsoft-Windows-WMI-Activity,Microsoft-Windows-WMI-Activity/Operational,2610,2,,DC,5996,,Unknown,,,{0068D67A-EBCA-0001-6ED8-6800CAEBDC01},,,Start IWbemServices::ExecNotificationQuery - ROOT\CIMV2 : SELECT * FROM Win32_ProcessStartTrace WHERE ProcessName = 'wsmprovhost.exe',Unknown,,,,,,0x80041032,NT AUTHORITY\SYSTEM,http://manifests.microsoft.com/win/2006/windows/WMI,
2026-05-24T22:20:53.053487Z,5857,dc.scaffold.htb,Microsoft-Windows-WMI-Activity,Microsoft-Windows-WMI-Activity/Operational,2611,0,,,,0x0,,,wmiprvse.exe,,,,,,4620,,mgmtprovider,%systemroot%\system32\wbem\mgmtprovider.dll,,,,http://manifests.microsoft.com/win/2006/windows/WMI,
2026-05-24T22:20:53.087123Z,5857,dc.scaffold.htb,Microsoft-Windows-WMI-Activity,Microsoft-Windows-WMI-Activity/Operational,2612,0,,,,0x0,,,wmiprvse.exe,,,,,,1464,,NetAdapterCim,%systemroot%\system32\wbem\NetAdapterCim.dll,,,,http://manifests.microsoft.com/win/2006/windows/WMI,
2026-05-24T22:20:53.160041Z,5857,dc.scaffold.htb,Microsoft-Windows-WMI-Activity,Microsoft-Windows-WMI-Activity/Operational,2613,0,,,,0x0,,,wmiprvse.exe,,,,,,4620,,nettcpip,%systemroot%\system32\wbem\NetTCPIP.dll,,,,http://manifests.microsoft.com/win/2006/windows/WMI,
2026-05-24T22:20:55.518726Z,5857,dc.scaffold.htb,Microsoft-Windows-WMI-Activity,Microsoft-Windows-WMI-Activity/Operational,2614,0,,,,0x0,,,wmiprvse.exe,,,,,,7920,,deploymentprovider,%systemroot%\system32\wbem\ServerManager.DeploymentProvider.dll,,,,http://manifests.microsoft.com/win/2006/windows/WMI,
2026-05-24T22:30:53.069692Z,5857,dc.scaffold.htb,Microsoft-Windows-WMI-Activity,Microsoft-Windows-WMI-Activity/Operational,2615,0,,,,0x0,,,wmiprvse.exe,,,,,,4620,,mgmtprovider,%systemroot%\system32\wbem\mgmtprovider.dll,,,,http://manifests.microsoft.com/win/2006/windows/WMI,
2026-05-24T22:30:53.109001Z,5857,dc.scaffold.htb,Microsoft-Windows-WMI-Activity,Microsoft-Windows-WMI-Activity/Operational,2616,0,,,,0x0,,,wmiprvse.exe,,,,,,1976,,NetAdapterCim,%systemroot%\system32\wbem\NetAdapterCim.dll,,,,http://manifests.microsoft.com/win/2006/windows/WMI,
2026-05-24T22:30:53.199498Z,5857,dc.scaffold.htb,Microsoft-Windows-WMI-Activity,Microsoft-Windows-WMI-Activity/Operational,2617,0,,,,0x0,,,wmiprvse.exe,,,,,,4620,,nettcpip,%systemroot%\system32\wbem\NetTCPIP.dll,,,,http://manifests.microsoft.com/win/2006/windows/WMI,
2026-05-24T22:30:55.552291Z,5857,dc.scaffold.htb,Microsoft-Windows-WMI-Activity,Microsoft-Windows-WMI-Activity/Operational,2618,0,,,,0x0,,,wmiprvse.exe,,,,,,7012,,deploymentprovider,%systemroot%\system32\wbem\ServerManager.DeploymentProvider.dll,,,,http://manifests.microsoft.com/win/2006/windows/WMI,
2026-05-24T22:40:53.081669Z,5857,dc.scaffold.htb,Microsoft-Windows-WMI-Activity,Microsoft-Windows-WMI-Activity/Operational,2619,0,,,,0x0,,,wmiprvse.exe,,,,,,4620,,mgmtprovider,%systemroot%\system32\wbem\mgmtprovider.dll,,,,http://manifests.microsoft.com/win/2006/windows/WMI,
2026-05-24T22:40:53.124343Z,5857,dc.scaffold.htb,Microsoft-Windows-WMI-Activity,Microsoft-Windows-WMI-Activity/Operational,2620,0,,,,0x0,,,wmiprvse.exe,,,,,,7344,,NetAdapterCim,%systemroot%\system32\wbem\NetAdapterCim.dll,,,,http://manifests.microsoft.com/win/2006/windows/WMI,
2026-05-24T22:40:53.194565Z,5857,dc.scaffold.htb,Microsoft-Windows-WMI-Activity,Microsoft-Windows-WMI-Activity/Operational,2621,0,,,,0x0,,,wmiprvse.exe,,,,,,4620,,nettcpip,%systemroot%\system32\wbem\NetTCPIP.dll,,,,http://manifests.microsoft.com/win/2006/windows/WMI,
2026-05-24T22:40:55.575008Z,5857,dc.scaffold.htb,Microsoft-Windows-WMI-Activity,Microsoft-Windows-WMI-Activity/Operational,2622,0,,,,0x0,,,wmiprvse.exe,,,,,,3936,,deploymentprovider,%systemroot%\system32\wbem\ServerManager.DeploymentProvider.dll,,,,http://manifests.microsoft.com/win/2006/windows/WMI,
2026-05-24T22:50:53.097749Z,5857,dc.scaffold.htb,Microsoft-Windows-WMI-Activity,Microsoft-Windows-WMI-Activity/Operational,2623,0,,,,0x0,,,wmiprvse.exe,,,,,,4620,,mgmtprovider,%systemroot%\system32\wbem\mgmtprovider.dll,,,,http://manifests.microsoft.com/win/2006/windows/WMI,
2026-05-24T22:50:53.134767Z,5857,dc.scaffold.htb,Microsoft-Windows-WMI-Activity,Microsoft-Windows-WMI-Activity/Operational,2624,0,,,,0x0,,,wmiprvse.exe,,,,,,7704,,NetAdapterCim,%systemroot%\system32\wbem\NetAdapterCim.dll,,,,http://manifests.microsoft.com/win/2006/windows/WMI,
2026-05-24T22:50:53.210388Z,5857,dc.scaffold.htb,Microsoft-Windows-WMI-Activity,Microsoft-Windows-WMI-Activity/Operational,2625,0,,,,0x0,,,wmiprvse.exe,,,,,,4620,,nettcpip,%systemroot%\system32\wbem\NetTCPIP.dll,,,,http://manifests.microsoft.com/win/2006/windows/WMI,
2026-05-24T22:50:55.571478Z,5857,dc.scaffold.htb,Microsoft-Windows-WMI-Activity,Microsoft-Windows-WMI-Activity/Operational,2626,0,,,,0x0,,,wmiprvse.exe,,,,,,7592,,deploymentprovider,%systemroot%\system32\wbem\ServerManager.DeploymentProvider.dll,,,,http://manifests.microsoft.com/win/2006/windows/WMI,
2026-05-25T14:40:34.026871Z,5857,dc.scaffold.htb,Microsoft-Windows-WMI-Activity,Microsoft-Windows-WMI-Activity/Operational,2627,0,,,,0x0,,,wmiprvse.exe,,,,,,4572,,CIMWin32,%systemroot%\system32\wbem\cimwin32.dll,,,,http://manifests.microsoft.com/win/2006/windows/WMI,
2026-05-25T14:40:35.068180Z,5857,dc.scaffold.htb,Microsoft-Windows-WMI-Activity,Microsoft-Windows-WMI-Activity/Operational,2628,0,,,,0x0,,,wmiprvse.exe,,,,,,4944,,WMIProv,%systemroot%\system32\wbem\wmiprov.dll,,,,http://manifests.microsoft.com/win/2006/windows/WMI,
2026-05-25T14:40:35.076074Z,5858,dc.scaffold.htb,Microsoft-Windows-WMI-Activity,Microsoft-Windows-WMI-Activity/Operational,2629,2,,DC,4012,,Unknown,,,{00000000-0000-0000-0000-000000000000},,,Start IWbemServices::CreateInstanceEnum - root\wmi : MS_SM_AdapterInformationQuery,Unknown,,,,,,0x8004100c,NT AUTHORITY\SYSTEM,http://manifests.microsoft.com/win/2006/windows/WMI,
2026-05-25T14:40:35.081223Z,5858,dc.scaffold.htb,Microsoft-Windows-WMI-Activity,Microsoft-Windows-WMI-Activity/Operational,2630,2,,DC,4012,,Unknown,,,{00000000-0000-0000-0000-000000000000},,,Start IWbemServices::CreateInstanceEnum - root\wmi : MSiSCSI_PortalInfoClass,Unknown,,,,,,0x8004100c,NT AUTHORITY\SYSTEM,http://manifests.microsoft.com/win/2006/windows/WMI,
2026-05-25T14:40:53.572543Z,5857,dc.scaffold.htb,Microsoft-Windows-WMI-Activity,Microsoft-Windows-WMI-Activity/Operational,2631,0,,,,0x0,,,wmiprvse.exe,,,,,,4944,,WmiPerfClass,C:\Windows\System32\wbem\WmiPerfClass.dll,,,,http://manifests.microsoft.com/win/2006/windows/WMI,
2026-05-25T14:41:03.025114Z,5861,dc.scaffold.htb,Microsoft-Windows-WMI-Activity,Microsoft-Windows-WMI-Activity/Operational,2632,0,"NTEventLogEventConsumer=""SCM Event Log Consumer""",,,,,SCM Event Log Filter,,,//./root/subscription,,,"Binding EventFilter: 
instance of __EventFilter
{
	CreatorSID = {1, 2, 0, 0, 0, 0, 0, 5, 32, 0, 0, 0, 32, 2, 0, 0};
	EventNamespace = ""root\\cimv2"";
	Name = ""SCM Event Log Filter"";
	Query = ""select * from MSFT_SCMEventLogEvent"";
	QueryLanguage = ""WQL"";
};
Perm. Consumer: 
instance of NTEventLogEventConsumer
{
	Category = 0;
	CreatorSID = {1, 2, 0, 0, 0, 0, 0, 5, 32, 0, 0, 0, 32, 2, 0, 0};
	EventType = 1;
	Name = ""SCM Event Log Consumer"";
	NameOfUserSIDProperty = ""sid"";
	SourceName = ""Service Control Manager"";
};
",,,,,,,,http://manifests.microsoft.com/win/2006/windows/WMI,
2026-05-25T14:41:03.062478Z,5859,dc.scaffold.htb,SCM Event Provider,Microsoft-Windows-WMI-Activity/Operational,2633,0,,,,,,,,,,//./root/CIMV2,,Permanent,,3160,,,select * from MSFT_SCMEventLogEvent,,S-1-5-32-544,http://manifests.microsoft.com/win/2006/windows/WMI,0
2026-05-25T14:41:03.070469Z,5857,dc.scaffold.htb,Microsoft-Windows-WMI-Activity,Microsoft-Windows-WMI-Activity/Operational,2634,0,,,,0x0,,,wmiprvse.exe,,,,,,3160,,WMI Kernel Trace Event Provider,C:\Windows\System32\wbem\krnlprov.dll,,,,http://manifests.microsoft.com/win/2006/windows/WMI,
2026-05-25T14:41:03.073011Z,5860,dc.scaffold.htb,Microsoft-Windows-WMI-Activity,Microsoft-Windows-WMI-Activity/Operational,2635,0,,DC,,,,,,,,ROOT\CIMV2,,Temporary,,6060,,,SELECT * FROM Win32_ProcessStartTrace WHERE ProcessName = 'wsmprovhost.exe',,NT AUTHORITY\SYSTEM,http://manifests.microsoft.com/win/2006/windows/WMI,
2026-05-25T14:41:13.984123Z,5857,dc.scaffold.htb,Microsoft-Windows-WMI-Activity,Microsoft-Windows-WMI-Activity/Operational,2636,0,,,,0x0,,,wmiprvse.exe,,,,,,4572,,MS_NT_EVENTLOG_PROVIDER,%systemroot%\system32\wbem\ntevt.dll,,,,http://manifests.microsoft.com/win/2006/windows/WMI,
2026-05-25T14:41:25.257169Z,5857,dc.scaffold.htb,Microsoft-Windows-WMI-Activity,Microsoft-Windows-WMI-Activity/Operational,2637,0,,,,0x0,,,wmiprvse.exe,,,,,,4572,,CIMWin32a,%systemroot%\system32\wbem\wmipcima.dll,,,,http://manifests.microsoft.com/win/2006/windows/WMI,
2026-05-25T14:41:25.462410Z,5858,dc.scaffold.htb,Microsoft-Windows-WMI-Activity,Microsoft-Windows-WMI-Activity/Operational,2638,2,,DC,1468,,Unknown,,,{00000000-0000-0000-0000-000000000000},,,"Start IWbemServices::ExecQuery - ROOT\CIMV2 : SELECT Manufacturer, Product FROM Win32_BaseBoard",Unknown,,,,,,0x80041032,NT AUTHORITY\NETWORK SERVICE,http://manifests.microsoft.com/win/2006/windows/WMI,
2026-05-25T14:42:13.704262Z,5857,dc.scaffold.htb,Microsoft-Windows-WMI-Activity,Microsoft-Windows-WMI-Activity/Operational,2639,0,,,,0x0,,,wmiprvse.exe,,,,,,4572,,mgmtprovider,%systemroot%\system32\wbem\mgmtprovider.dll,,,,http://manifests.microsoft.com/win/2006/windows/WMI,
2026-05-25T14:42:13.752791Z,5857,dc.scaffold.htb,Microsoft-Windows-WMI-Activity,Microsoft-Windows-WMI-Activity/Operational,2640,0,,,,0x0,,,wmiprvse.exe,,,,,,7052,,NetAdapterCim,%systemroot%\system32\wbem\NetAdapterCim.dll,,,,http://manifests.microsoft.com/win/2006/windows/WMI,
