2026-09-02T04:45:45.744385Z,5860,dc.scaffold.htb,Microsoft-Windows-WMI-Activity,Microsoft-Windows-WMI-Activity/Operational,3217,0,,DC,,,,,,,,ROOT\Subscription,,Temporary,,5280,,,SELECT * FROM __InstanceOperationEvent WITHIN 5WHERE TargetInstance ISA '__EventConsumer' OR TargetInstance ISA '__EventFilter' OR TargetInstance ISA '__FilterToConsumerBinding',,NT AUTHORITY\SYSTEM,http://manifests.microsoft.com/win/2006/windows/WMI,
2026-09-02T04:54:57.117729Z,5861,dc.scaffold.htb,Microsoft-Windows-WMI-Activity,Microsoft-Windows-WMI-Activity/Operational,3218,0,"NTEventLogEventConsumer=""SCM Event Log Consumer""",,,,,SCM Event Log Filter,,,//./root/subscription,,,"Binding EventFilter: 
instance of __EventFilter
{
	CreatorSID = {1, 2, 0, 0, 0, 0, 0, 5, 32, 0, 0, 0, 32, 2, 0, 0};
	EventNamespace = ""root\\cimv2"";
	Name = ""SCM Event Log Filter"";
	Query = ""select * from MSFT_SCMEventLogEvent"";
	QueryLanguage = ""WQL"";
};
Perm. Consumer: 
instance of NTEventLogEventConsumer
{
	Category = 0;
	CreatorSID = {1, 2, 0, 0, 0, 0, 0, 5, 32, 0, 0, 0, 32, 2, 0, 0};
	EventType = 1;
	Name = ""SCM Event Log Consumer"";
	NameOfUserSIDProperty = ""sid"";
	SourceName = ""Service Control Manager"";
};
",,,,,,,,http://manifests.microsoft.com/win/2006/windows/WMI,
2026-09-02T04:54:57.523232Z,5860,dc.scaffold.htb,Microsoft-Windows-WMI-Activity,Microsoft-Windows-WMI-Activity/Operational,3219,0,,DC,,,,,,,,ROOT\Subscription,,Temporary,,2520,,,SELECT * FROM __InstanceOperationEvent WITHIN 5WHERE TargetInstance ISA '__EventConsumer' OR TargetInstance ISA '__EventFilter' OR TargetInstance ISA '__FilterToConsumerBinding',,NT AUTHORITY\SYSTEM,http://manifests.microsoft.com/win/2006/windows/WMI,
2026-09-02T04:54:57.921772Z,5857,dc.scaffold.htb,Microsoft-Windows-WMI-Activity,Microsoft-Windows-WMI-Activity/Operational,3220,0,,,,0x0,,,wmiprvse.exe,,,,,,4160,,CIMWin32,%systemroot%\system32\wbem\cimwin32.dll,,,,http://manifests.microsoft.com/win/2006/windows/WMI,
2026-09-02T04:54:57.927317Z,5859,dc.scaffold.htb,SCM Event Provider,Microsoft-Windows-WMI-Activity/Operational,3221,0,,,,,,,,,,//./root/CIMV2,,Permanent,,3096,,,select * from MSFT_SCMEventLogEvent,,S-1-5-32-544,http://manifests.microsoft.com/win/2006/windows/WMI,0
2026-09-02T04:55:04.554237Z,5857,dc.scaffold.htb,Microsoft-Windows-WMI-Activity,Microsoft-Windows-WMI-Activity/Operational,3222,0,,,,0x0,,,wmiprvse.exe,,,,,,4784,,WMIProv,%systemroot%\system32\wbem\wmiprov.dll,,,,http://manifests.microsoft.com/win/2006/windows/WMI,
2026-09-02T04:55:05.182102Z,5858,dc.scaffold.htb,Microsoft-Windows-WMI-Activity,Microsoft-Windows-WMI-Activity/Operational,3223,2,,DC,3828,,Unknown,,,{00000000-0000-0000-0000-000000000000},,,Start IWbemServices::CreateInstanceEnum - root\wmi : MS_SM_AdapterInformationQuery,Unknown,,,,,,0x8004100c,NT AUTHORITY\SYSTEM,http://manifests.microsoft.com/win/2006/windows/WMI,
2026-09-02T04:55:06.024969Z,5858,dc.scaffold.htb,Microsoft-Windows-WMI-Activity,Microsoft-Windows-WMI-Activity/Operational,3224,2,,DC,3828,,Unknown,,,{00000000-0000-0000-0000-000000000000},,,Start IWbemServices::CreateInstanceEnum - root\wmi : MSiSCSI_PortalInfoClass,Unknown,,,,,,0x8004100c,NT AUTHORITY\SYSTEM,http://manifests.microsoft.com/win/2006/windows/WMI,
2026-09-02T04:55:09.152556Z,5857,dc.scaffold.htb,Microsoft-Windows-WMI-Activity,Microsoft-Windows-WMI-Activity/Operational,3225,0,,,,0x0,,,wmiprvse.exe,,,,,,4784,,WmiPerfClass,C:\Windows\System32\wbem\WmiPerfClass.dll,,,,http://manifests.microsoft.com/win/2006/windows/WMI,
2026-09-02T04:55:17.455277Z,5857,dc.scaffold.htb,Microsoft-Windows-WMI-Activity,Microsoft-Windows-WMI-Activity/Operational,3226,0,,,,0x0,,,wmiprvse.exe,,,,,,3096,,WMI Kernel Trace Event Provider,C:\Windows\System32\wbem\krnlprov.dll,,,,http://manifests.microsoft.com/win/2006/windows/WMI,
2026-09-02T04:55:17.837528Z,5860,dc.scaffold.htb,Microsoft-Windows-WMI-Activity,Microsoft-Windows-WMI-Activity/Operational,3227,0,,DC,,,,,,,,ROOT\CIMV2,,Temporary,,840,,,SELECT * FROM Win32_ProcessStartTrace WHERE ProcessName = 'wsmprovhost.exe',,NT AUTHORITY\SYSTEM,http://manifests.microsoft.com/win/2006/windows/WMI,
2026-09-02T04:55:37.665888Z,5858,dc.scaffold.htb,Microsoft-Windows-WMI-Activity,Microsoft-Windows-WMI-Activity/Operational,3228,2,,DC,2516,,Unknown,,,{00000000-0000-0000-0000-000000000000},,,"Start IWbemServices::ExecMethod - ROOT\CIMV2 : \\DC\ROOT\CIMV2:Win32_Process.Handle=""5052""::GetOwner",Unknown,,,,,,0x80041002,SCAFFOLD\Administrator,http://manifests.microsoft.com/win/2006/windows/WMI,
2026-09-02T04:55:46.050466Z,5858,dc.scaffold.htb,Microsoft-Windows-WMI-Activity,Microsoft-Windows-WMI-Activity/Operational,3229,2,,DC,840,,Unknown,,,{1FBAC3AE-3A97-0001-57CD-BA1F973ADD01},,,Start IWbemServices::ExecNotificationQuery - ROOT\CIMV2 : SELECT * FROM Win32_ProcessStartTrace WHERE ProcessName = 'wsmprovhost.exe',Unknown,,,,,,0x80041032,NT AUTHORITY\SYSTEM,http://manifests.microsoft.com/win/2006/windows/WMI,
2026-09-02T05:42:37.715174Z,5861,dc.scaffold.htb,Microsoft-Windows-WMI-Activity,Microsoft-Windows-WMI-Activity/Operational,3230,0,"NTEventLogEventConsumer=""SCM Event Log Consumer""",,,,,SCM Event Log Filter,,,//./root/subscription,,,"Binding EventFilter: 
instance of __EventFilter
{
	CreatorSID = {1, 2, 0, 0, 0, 0, 0, 5, 32, 0, 0, 0, 32, 2, 0, 0};
	EventNamespace = ""root\\cimv2"";
	Name = ""SCM Event Log Filter"";
	Query = ""select * from MSFT_SCMEventLogEvent"";
	QueryLanguage = ""WQL"";
};
Perm. Consumer: 
instance of NTEventLogEventConsumer
{
	Category = 0;
	CreatorSID = {1, 2, 0, 0, 0, 0, 0, 5, 32, 0, 0, 0, 32, 2, 0, 0};
	EventType = 1;
	Name = ""SCM Event Log Consumer"";
	NameOfUserSIDProperty = ""sid"";
	SourceName = ""Service Control Manager"";
};
",,,,,,,,http://manifests.microsoft.com/win/2006/windows/WMI,
2026-09-02T05:42:38.802915Z,5860,dc.scaffold.htb,Microsoft-Windows-WMI-Activity,Microsoft-Windows-WMI-Activity/Operational,3231,0,,DC,,,,,,,,ROOT\Subscription,,Temporary,,1724,,,SELECT * FROM __InstanceOperationEvent WITHIN 5WHERE TargetInstance ISA '__EventConsumer' OR TargetInstance ISA '__EventFilter' OR TargetInstance ISA '__FilterToConsumerBinding',,NT AUTHORITY\SYSTEM,http://manifests.microsoft.com/win/2006/windows/WMI,
2026-09-02T05:42:39.130609Z,5859,dc.scaffold.htb,SCM Event Provider,Microsoft-Windows-WMI-Activity/Operational,3232,0,,,,,,,,,,//./root/CIMV2,,Permanent,,2428,,,select * from MSFT_SCMEventLogEvent,,S-1-5-32-544,http://manifests.microsoft.com/win/2006/windows/WMI,0
2026-09-02T05:42:39.627223Z,5857,dc.scaffold.htb,Microsoft-Windows-WMI-Activity,Microsoft-Windows-WMI-Activity/Operational,3233,0,,,,0x0,,,wmiprvse.exe,,,,,,4132,,CIMWin32,%systemroot%\system32\wbem\cimwin32.dll,,,,http://manifests.microsoft.com/win/2006/windows/WMI,
2026-09-02T05:42:46.916560Z,5857,dc.scaffold.htb,Microsoft-Windows-WMI-Activity,Microsoft-Windows-WMI-Activity/Operational,3234,0,,,,0x0,,,wmiprvse.exe,,,,,,4804,,WMIProv,%systemroot%\system32\wbem\wmiprov.dll,,,,http://manifests.microsoft.com/win/2006/windows/WMI,
2026-09-02T05:42:46.958773Z,5858,dc.scaffold.htb,Microsoft-Windows-WMI-Activity,Microsoft-Windows-WMI-Activity/Operational,3235,2,,DC,3988,,Unknown,,,{00000000-0000-0000-0000-000000000000},,,Start IWbemServices::CreateInstanceEnum - root\wmi : MS_SM_AdapterInformationQuery,Unknown,,,,,,0x8004100c,NT AUTHORITY\SYSTEM,http://manifests.microsoft.com/win/2006/windows/WMI,
2026-09-02T05:42:48.221787Z,5858,dc.scaffold.htb,Microsoft-Windows-WMI-Activity,Microsoft-Windows-WMI-Activity/Operational,3236,2,,DC,3988,,Unknown,,,{00000000-0000-0000-0000-000000000000},,,Start IWbemServices::CreateInstanceEnum - root\wmi : MSiSCSI_PortalInfoClass,Unknown,,,,,,0x8004100c,NT AUTHORITY\SYSTEM,http://manifests.microsoft.com/win/2006/windows/WMI,
2026-09-02T05:42:50.630216Z,5857,dc.scaffold.htb,Microsoft-Windows-WMI-Activity,Microsoft-Windows-WMI-Activity/Operational,3237,0,,,,0x0,,,wmiprvse.exe,,,,,,4804,,WmiPerfClass,C:\Windows\System32\wbem\WmiPerfClass.dll,,,,http://manifests.microsoft.com/win/2006/windows/WMI,
2026-09-02T05:42:58.593609Z,5857,dc.scaffold.htb,Microsoft-Windows-WMI-Activity,Microsoft-Windows-WMI-Activity/Operational,3238,0,,,,0x0,,,wmiprvse.exe,,,,,,2428,,WMI Kernel Trace Event Provider,C:\Windows\System32\wbem\krnlprov.dll,,,,http://manifests.microsoft.com/win/2006/windows/WMI,
2026-09-02T05:42:58.601729Z,5860,dc.scaffold.htb,Microsoft-Windows-WMI-Activity,Microsoft-Windows-WMI-Activity/Operational,3239,0,,DC,,,,,,,,ROOT\CIMV2,,Temporary,,2084,,,SELECT * FROM Win32_ProcessStartTrace WHERE ProcessName = 'wsmprovhost.exe',,NT AUTHORITY\SYSTEM,http://manifests.microsoft.com/win/2006/windows/WMI,
2026-09-02T05:43:03.317895Z,5858,dc.scaffold.htb,Microsoft-Windows-WMI-Activity,Microsoft-Windows-WMI-Activity/Operational,3240,2,,DC,5452,,Unknown,,,{00000000-0000-0000-0000-000000000000},,,"Start IWbemServices::ExecQuery - ROOT\CIMV2 : SELECT Manufacturer, Product FROM Win32_BaseBoard",Unknown,,,,,,0x80041032,NT AUTHORITY\NETWORK SERVICE,http://manifests.microsoft.com/win/2006/windows/WMI,
2026-09-02T05:43:32.490101Z,5857,dc.scaffold.htb,Microsoft-Windows-WMI-Activity,Microsoft-Windows-WMI-Activity/Operational,3241,0,,,,0x0,,,wmiprvse.exe,,,,,,4132,,MS_NT_EVENTLOG_PROVIDER,%systemroot%\system32\wbem\ntevt.dll,,,,http://manifests.microsoft.com/win/2006/windows/WMI,
2026-09-02T05:44:09.690130Z,5857,dc.scaffold.htb,Microsoft-Windows-WMI-Activity,Microsoft-Windows-WMI-Activity/Operational,3242,0,,,,0x0,,,wmiprvse.exe,,,,,,4132,,mgmtprovider,%systemroot%\system32\wbem\mgmtprovider.dll,,,,http://manifests.microsoft.com/win/2006/windows/WMI,
2026-09-02T05:44:10.640205Z,5857,dc.scaffold.htb,Microsoft-Windows-WMI-Activity,Microsoft-Windows-WMI-Activity/Operational,3243,0,,,,0x0,,,wmiprvse.exe,,,,,,6488,,NetAdapterCim,%systemroot%\system32\wbem\NetAdapterCim.dll,,,,http://manifests.microsoft.com/win/2006/windows/WMI,
2026-09-02T05:44:11.509460Z,5857,dc.scaffold.htb,Microsoft-Windows-WMI-Activity,Microsoft-Windows-WMI-Activity/Operational,3244,0,,,,0x0,,,wmiprvse.exe,,,,,,4132,,nettcpip,%systemroot%\system32\wbem\NetTCPIP.dll,,,,http://manifests.microsoft.com/win/2006/windows/WMI,
2026-09-02T05:44:17.660443Z,5857,dc.scaffold.htb,Microsoft-Windows-WMI-Activity,Microsoft-Windows-WMI-Activity/Operational,3245,0,,,,0x0,,,wmiprvse.exe,,,,,,1408,,deploymentprovider,%systemroot%\system32\wbem\ServerManager.DeploymentProvider.dll,,,,http://manifests.microsoft.com/win/2006/windows/WMI,
2026-09-02T05:44:29.427070Z,5858,dc.scaffold.htb,Microsoft-Windows-WMI-Activity,Microsoft-Windows-WMI-Activity/Operational,3246,2,,DC,6152,,Provider,,,{D1B7EC1F-5F49-4A9E-A7FD-AD5FB6DEFEEB},,,Start IWbemServices::ExecMethod - root\microsoft\windows\servermanager : MSFT_ServerManagerTasks::GetServerFeature,Unknown,,,,,,0x80041001,SCAFFOLD\Administrator,http://manifests.microsoft.com/win/2006/windows/WMI,
2026-09-02T05:44:39.051740Z,5858,dc.scaffold.htb,Microsoft-Windows-WMI-Activity,Microsoft-Windows-WMI-Activity/Operational,3247,2,,DC,5804,,Unknown,,,{00000000-0000-0000-0000-000000000000},,,Start IWbemServices::ExecQuery - root\cimv2 : SELECT * FROM Win32_ComputerSystemProduct,Unknown,,,,,,0x80041032,NT AUTHORITY\SYSTEM,http://manifests.microsoft.com/win/2006/windows/WMI,
2026-09-02T05:44:39.322589Z,5858,dc.scaffold.htb,Microsoft-Windows-WMI-Activity,Microsoft-Windows-WMI-Activity/Operational,3248,2,,DC,5804,,Unknown,,,{00000000-0000-0000-0000-000000000000},,,Start IWbemServices::ExecQuery - root\cimv2 : SELECT * FROM Win32_OperatingSystem,Unknown,,,,,,0x80041032,NT AUTHORITY\SYSTEM,http://manifests.microsoft.com/win/2006/windows/WMI,
2026-09-02T05:44:39.376841Z,5858,dc.scaffold.htb,Microsoft-Windows-WMI-Activity,Microsoft-Windows-WMI-Activity/Operational,3249,2,,DC,5804,,Unknown,,,{00000000-0000-0000-0000-000000000000},,,Start IWbemServices::ExecQuery - root\cimv2 : SELECT * FROM Win32_OperatingSystem,Unknown,,,,,,0x80041032,NT AUTHORITY\SYSTEM,http://manifests.microsoft.com/win/2006/windows/WMI,
2026-09-02T05:51:12.973794Z,5857,dc.scaffold.htb,Microsoft-Windows-WMI-Activity,Microsoft-Windows-WMI-Activity/Operational,3250,0,,,,0x0,,,wmiprvse.exe,,,,,,4804,,WMIProv,%systemroot%\system32\wbem\wmiprov.dll,,,,http://manifests.microsoft.com/win/2006/windows/WMI,
2026-09-02T05:53:12.422992Z,5858,dc.scaffold.htb,Microsoft-Windows-WMI-Activity,Microsoft-Windows-WMI-Activity/Operational,3251,2,,DC,2084,,Unknown,,,{C98E9462-3A9D-0000-609A-8EC99D3ADD01},,,Start IWbemServices::ExecNotificationQuery - ROOT\CIMV2 : SELECT * FROM Win32_ProcessStartTrace WHERE ProcessName = 'wsmprovhost.exe',Unknown,,,,,,0x80041032,NT AUTHORITY\SYSTEM,http://manifests.microsoft.com/win/2006/windows/WMI,
2026-09-02T05:54:09.048574Z,5857,dc.scaffold.htb,Microsoft-Windows-WMI-Activity,Microsoft-Windows-WMI-Activity/Operational,3252,0,,,,0x0,,,wmiprvse.exe,,,,,,4132,,mgmtprovider,%systemroot%\system32\wbem\mgmtprovider.dll,,,,http://manifests.microsoft.com/win/2006/windows/WMI,
2026-09-02T05:54:09.167791Z,5857,dc.scaffold.htb,Microsoft-Windows-WMI-Activity,Microsoft-Windows-WMI-Activity/Operational,3253,0,,,,0x0,,,wmiprvse.exe,,,,,,2908,,NetAdapterCim,%systemroot%\system32\wbem\NetAdapterCim.dll,,,,http://manifests.microsoft.com/win/2006/windows/WMI,
2026-09-02T05:54:09.334076Z,5857,dc.scaffold.htb,Microsoft-Windows-WMI-Activity,Microsoft-Windows-WMI-Activity/Operational,3254,0,,,,0x0,,,wmiprvse.exe,,,,,,4132,,nettcpip,%systemroot%\system32\wbem\NetTCPIP.dll,,,,http://manifests.microsoft.com/win/2006/windows/WMI,
2026-09-02T05:54:11.642262Z,5857,dc.scaffold.htb,Microsoft-Windows-WMI-Activity,Microsoft-Windows-WMI-Activity/Operational,3255,0,,,,0x0,,,wmiprvse.exe,,,,,,6204,,deploymentprovider,%systemroot%\system32\wbem\ServerManager.DeploymentProvider.dll,,,,http://manifests.microsoft.com/win/2006/windows/WMI,
2026-09-02T05:54:22.892198Z,5858,dc.scaffold.htb,Microsoft-Windows-WMI-Activity,Microsoft-Windows-WMI-Activity/Operational,3256,2,,DC,6152,,Provider,,,{158D70FC-4FD8-4A51-A552-FCB6017A61A2},,,Start IWbemServices::ExecMethod - root\microsoft\windows\servermanager : MSFT_ServerManagerTasks::GetServerFeature,Unknown,,,,,,0x80041001,SCAFFOLD\Administrator,http://manifests.microsoft.com/win/2006/windows/WMI,
2026-09-02T05:59:27.695543Z,5858,dc.scaffold.htb,Microsoft-Windows-WMI-Activity,Microsoft-Windows-WMI-Activity/Operational,3257,2,,DC,3660,,Unknown,,,{00000000-0000-0000-0000-000000000000},,,"Start IWbemServices::ExecQuery - ROOT\CIMV2 : SELECT Manufacturer, Product FROM Win32_BaseBoard",Unknown,,,,,,0x80041032,NT AUTHORITY\NETWORK SERVICE,http://manifests.microsoft.com/win/2006/windows/WMI,
2026-09-08T02:18:08.626098Z,5861,dc.scaffold.htb,Microsoft-Windows-WMI-Activity,Microsoft-Windows-WMI-Activity/Operational,3258,0,"NTEventLogEventConsumer=""SCM Event Log Consumer""",,,,,SCM Event Log Filter,,,//./root/subscription,,,"Binding EventFilter: 
instance of __EventFilter
{
	CreatorSID = {1, 2, 0, 0, 0, 0, 0, 5, 32, 0, 0, 0, 32, 2, 0, 0};
	EventNamespace = ""root\\cimv2"";
	Name = ""SCM Event Log Filter"";
	Query = ""select * from MSFT_SCMEventLogEvent"";
	QueryLanguage = ""WQL"";
};
Perm. Consumer: 
instance of NTEventLogEventConsumer
{
	Category = 0;
	CreatorSID = {1, 2, 0, 0, 0, 0, 0, 5, 32, 0, 0, 0, 32, 2, 0, 0};
	EventType = 1;
	Name = ""SCM Event Log Consumer"";
	NameOfUserSIDProperty = ""sid"";
	SourceName = ""Service Control Manager"";
};
",,,,,,,,http://manifests.microsoft.com/win/2006/windows/WMI,
2026-09-08T02:18:09.045223Z,5860,dc.scaffold.htb,Microsoft-Windows-WMI-Activity,Microsoft-Windows-WMI-Activity/Operational,3259,0,,DC,,,,,,,,ROOT\Subscription,,Temporary,,1332,,,SELECT * FROM __InstanceOperationEvent WITHIN 5WHERE TargetInstance ISA '__EventConsumer' OR TargetInstance ISA '__EventFilter' OR TargetInstance ISA '__FilterToConsumerBinding',,NT AUTHORITY\SYSTEM,http://manifests.microsoft.com/win/2006/windows/WMI,
2026-09-08T02:18:09.454429Z,5857,dc.scaffold.htb,Microsoft-Windows-WMI-Activity,Microsoft-Windows-WMI-Activity/Operational,3260,0,,,,0x0,,,wmiprvse.exe,,,,,,4128,,CIMWin32,%systemroot%\system32\wbem\cimwin32.dll,,,,http://manifests.microsoft.com/win/2006/windows/WMI,
2026-09-08T02:18:09.457314Z,5859,dc.scaffold.htb,SCM Event Provider,Microsoft-Windows-WMI-Activity/Operational,3261,0,,,,,,,,,,//./root/CIMV2,,Permanent,,2172,,,select * from MSFT_SCMEventLogEvent,,S-1-5-32-544,http://manifests.microsoft.com/win/2006/windows/WMI,0
2026-09-08T02:18:13.402818Z,5857,dc.scaffold.htb,Microsoft-Windows-WMI-Activity,Microsoft-Windows-WMI-Activity/Operational,3262,0,,,,0x0,,,wmiprvse.exe,,,,,,4532,,WMIProv,%systemroot%\system32\wbem\wmiprov.dll,,,,http://manifests.microsoft.com/win/2006/windows/WMI,
2026-09-08T02:18:13.446150Z,5858,dc.scaffold.htb,Microsoft-Windows-WMI-Activity,Microsoft-Windows-WMI-Activity/Operational,3263,2,,DC,3852,,Unknown,,,{00000000-0000-0000-0000-000000000000},,,Start IWbemServices::CreateInstanceEnum - root\wmi : MS_SM_AdapterInformationQuery,Unknown,,,,,,0x8004100c,NT AUTHORITY\SYSTEM,http://manifests.microsoft.com/win/2006/windows/WMI,
2026-09-08T02:18:14.311487Z,5858,dc.scaffold.htb,Microsoft-Windows-WMI-Activity,Microsoft-Windows-WMI-Activity/Operational,3264,2,,DC,3852,,Unknown,,,{00000000-0000-0000-0000-000000000000},,,Start IWbemServices::CreateInstanceEnum - root\wmi : MSiSCSI_PortalInfoClass,Unknown,,,,,,0x8004100c,NT AUTHORITY\SYSTEM,http://manifests.microsoft.com/win/2006/windows/WMI,
2026-09-08T02:18:23.834594Z,5857,dc.scaffold.htb,Microsoft-Windows-WMI-Activity,Microsoft-Windows-WMI-Activity/Operational,3265,0,,,,0x0,,,wmiprvse.exe,,,,,,4532,,WmiPerfClass,C:\Windows\System32\wbem\WmiPerfClass.dll,,,,http://manifests.microsoft.com/win/2006/windows/WMI,
2026-09-08T02:18:36.778214Z,5857,dc.scaffold.htb,Microsoft-Windows-WMI-Activity,Microsoft-Windows-WMI-Activity/Operational,3266,0,,,,0x0,,,wmiprvse.exe,,,,,,2172,,WMI Kernel Trace Event Provider,C:\Windows\System32\wbem\krnlprov.dll,,,,http://manifests.microsoft.com/win/2006/windows/WMI,
2026-09-08T02:18:36.810228Z,5860,dc.scaffold.htb,Microsoft-Windows-WMI-Activity,Microsoft-Windows-WMI-Activity/Operational,3267,0,,DC,,,,,,,,ROOT\CIMV2,,Temporary,,5048,,,SELECT * FROM Win32_ProcessStartTrace WHERE ProcessName = 'wsmprovhost.exe',,NT AUTHORITY\SYSTEM,http://manifests.microsoft.com/win/2006/windows/WMI,
2026-09-08T02:19:04.425562Z,5857,dc.scaffold.htb,Microsoft-Windows-WMI-Activity,Microsoft-Windows-WMI-Activity/Operational,3268,0,,,,0x0,,,wmiprvse.exe,,,,,,4128,,MS_NT_EVENTLOG_PROVIDER,%systemroot%\system32\wbem\ntevt.dll,,,,http://manifests.microsoft.com/win/2006/windows/WMI,
2026-09-08T02:20:39.090607Z,5858,dc.scaffold.htb,Microsoft-Windows-WMI-Activity,Microsoft-Windows-WMI-Activity/Operational,3269,2,,DC,676,,Unknown,,,{00000000-0000-0000-0000-000000000000},,,Start IWbemServices::ExecQuery - root\cimv2 : SELECT * FROM Win32_ComputerSystemProduct,Unknown,,,,,,0x80041032,NT AUTHORITY\SYSTEM,http://manifests.microsoft.com/win/2006/windows/WMI,
2026-09-08T02:20:39.101612Z,5858,dc.scaffold.htb,Microsoft-Windows-WMI-Activity,Microsoft-Windows-WMI-Activity/Operational,3270,2,,DC,676,,Unknown,,,{00000000-0000-0000-0000-000000000000},,,Start IWbemServices::ExecQuery - root\cimv2 : SELECT * FROM Win32_ComputerSystemProduct,Unknown,,,,,,0x80041032,NT AUTHORITY\SYSTEM,http://manifests.microsoft.com/win/2006/windows/WMI,
2026-09-08T02:21:42.682058Z,5857,dc.scaffold.htb,Microsoft-Windows-WMI-Activity,Microsoft-Windows-WMI-Activity/Operational,3271,0,,,,0x0,,,wmiprvse.exe,,,,,,4128,,mgmtprovider,%systemroot%\system32\wbem\mgmtprovider.dll,,,,http://manifests.microsoft.com/win/2006/windows/WMI,
2026-09-08T02:21:43.274664Z,5857,dc.scaffold.htb,Microsoft-Windows-WMI-Activity,Microsoft-Windows-WMI-Activity/Operational,3272,0,,,,0x0,,,wmiprvse.exe,,,,,,6336,,NetAdapterCim,%systemroot%\system32\wbem\NetAdapterCim.dll,,,,http://manifests.microsoft.com/win/2006/windows/WMI,
2026-09-08T02:21:43.422801Z,5857,dc.scaffold.htb,Microsoft-Windows-WMI-Activity,Microsoft-Windows-WMI-Activity/Operational,3273,0,,,,0x0,,,wmiprvse.exe,,,,,,4128,,nettcpip,%systemroot%\system32\wbem\NetTCPIP.dll,,,,http://manifests.microsoft.com/win/2006/windows/WMI,
2026-09-08T02:21:49.905812Z,5857,dc.scaffold.htb,Microsoft-Windows-WMI-Activity,Microsoft-Windows-WMI-Activity/Operational,3274,0,,,,0x0,,,wmiprvse.exe,,,,,,6616,,deploymentprovider,%systemroot%\system32\wbem\ServerManager.DeploymentProvider.dll,,,,http://manifests.microsoft.com/win/2006/windows/WMI,
2026-09-08T02:22:03.117021Z,5858,dc.scaffold.htb,Microsoft-Windows-WMI-Activity,Microsoft-Windows-WMI-Activity/Operational,3275,2,,DC,3876,,Provider,,,{AF755729-2D32-4DC4-BC29-89ECE42CE192},,,Start IWbemServices::ExecMethod - root\microsoft\windows\servermanager : MSFT_ServerManagerTasks::GetServerFeature,Unknown,,,,,,0x80041001,SCAFFOLD\Administrator,http://manifests.microsoft.com/win/2006/windows/WMI,
2026-09-08T02:22:20.287749Z,5857,dc.scaffold.htb,Microsoft-Windows-WMI-Activity,Microsoft-Windows-WMI-Activity/Operational,3276,0,,,,0x0,,,wmiprvse.exe,,,,,,4128,,ServerFeatureProvider,%windir%\system32\wbem\servercompprov.dll,,,,http://manifests.microsoft.com/win/2006/windows/WMI,
2026-09-08T02:22:25.263662Z,5858,dc.scaffold.htb,Microsoft-Windows-WMI-Activity,Microsoft-Windows-WMI-Activity/Operational,3277,2,,DC,7004,,Unknown,,,{00000000-0000-0000-0000-000000000000},,,Start IWbemServices::ExecQuery - ROOT\CIMV2 : SELECT ID FROM Win32_ServerFeature,Unknown,,,,,,0x80041032,NT AUTHORITY\SYSTEM,http://manifests.microsoft.com/win/2006/windows/WMI,
2026-09-08T02:22:25.300135Z,5858,dc.scaffold.htb,Microsoft-Windows-WMI-Activity,Microsoft-Windows-WMI-Activity/Operational,3278,2,,DC,7004,,Unknown,,,{00000000-0000-0000-0000-000000000000},,,Start IWbemServices::ExecQuery - ROOT\CCM : select ClientId from CCM_Client,Unknown,,,,,,0x80041010,NT AUTHORITY\SYSTEM,http://manifests.microsoft.com/win/2006/windows/WMI,
2026-09-08T02:22:25.405418Z,5857,dc.scaffold.htb,Microsoft-Windows-WMI-Activity,Microsoft-Windows-WMI-Activity/Operational,3279,0,,,,0x0,,,wmiprvse.exe,,,,,,4128,,Win32_TpmProvider,C:\Windows\System32\wbem\Win32_TPM.dll,,,,http://manifests.microsoft.com/win/2006/windows/WMI,
2026-09-08T02:22:26.901155Z,5857,dc.scaffold.htb,Microsoft-Windows-WMI-Activity,Microsoft-Windows-WMI-Activity/Operational,3280,0,,,,0x0,,,wmiprvse.exe,,,,,,4128,,Win32_DeviceGuard,%SystemRoot%\System32\Win32_DeviceGuard.dll,,,,http://manifests.microsoft.com/win/2006/windows/WMI,
2026-09-08T02:22:26.995054Z,5857,dc.scaffold.htb,Microsoft-Windows-WMI-Activity,Microsoft-Windows-WMI-Activity/Operational,3281,0,,,,0x0,,,wmiprvse.exe,,,,,,4128,,DeliveryOptimizationMIProv,%SystemRoot%\system32\domgmt.dll,,,,http://manifests.microsoft.com/win/2006/windows/WMI,
2026-09-08T02:28:46.097271Z,5858,dc.scaffold.htb,Microsoft-Windows-WMI-Activity,Microsoft-Windows-WMI-Activity/Operational,3282,2,,DC,5048,,Unknown,,,{3A26B819-3F38-0000-73C0-263A383FDD01},,,Start IWbemServices::ExecNotificationQuery - ROOT\CIMV2 : SELECT * FROM Win32_ProcessStartTrace WHERE ProcessName = 'wsmprovhost.exe',Unknown,,,,,,0x80041032,NT AUTHORITY\SYSTEM,http://manifests.microsoft.com/win/2006/windows/WMI,
2026-09-08T02:31:23.908083Z,5857,dc.scaffold.htb,Microsoft-Windows-WMI-Activity,Microsoft-Windows-WMI-Activity/Operational,3283,0,,,,0x0,,,wmiprvse.exe,,,,,,4128,,Win32_WIN32_TERMINALSERVICE_Prov,%SystemRoot%\system32\tscfgwmi.dll,,,,http://manifests.microsoft.com/win/2006/windows/WMI,
2026-09-08T02:31:42.274170Z,5857,dc.scaffold.htb,Microsoft-Windows-WMI-Activity,Microsoft-Windows-WMI-Activity/Operational,3284,0,,,,0x0,,,wmiprvse.exe,,,,,,4128,,mgmtprovider,%systemroot%\system32\wbem\mgmtprovider.dll,,,,http://manifests.microsoft.com/win/2006/windows/WMI,
2026-09-08T02:31:42.499561Z,5857,dc.scaffold.htb,Microsoft-Windows-WMI-Activity,Microsoft-Windows-WMI-Activity/Operational,3285,0,,,,0x0,,,wmiprvse.exe,,,,,,6028,,NetAdapterCim,%systemroot%\system32\wbem\NetAdapterCim.dll,,,,http://manifests.microsoft.com/win/2006/windows/WMI,
2026-09-08T02:31:42.650728Z,5857,dc.scaffold.htb,Microsoft-Windows-WMI-Activity,Microsoft-Windows-WMI-Activity/Operational,3286,0,,,,0x0,,,wmiprvse.exe,,,,,,4128,,nettcpip,%systemroot%\system32\wbem\NetTCPIP.dll,,,,http://manifests.microsoft.com/win/2006/windows/WMI,
2026-09-08T02:31:44.854043Z,5857,dc.scaffold.htb,Microsoft-Windows-WMI-Activity,Microsoft-Windows-WMI-Activity/Operational,3287,0,,,,0x0,,,wmiprvse.exe,,,,,,5628,,deploymentprovider,%systemroot%\system32\wbem\ServerManager.DeploymentProvider.dll,,,,http://manifests.microsoft.com/win/2006/windows/WMI,
2026-09-08T02:31:56.036106Z,5858,dc.scaffold.htb,Microsoft-Windows-WMI-Activity,Microsoft-Windows-WMI-Activity/Operational,3288,2,,DC,3876,,Provider,,,{D347F95E-A7A6-46C2-B029-99BA752636EE},,,Start IWbemServices::ExecMethod - root\microsoft\windows\servermanager : MSFT_ServerManagerTasks::GetServerFeature,Unknown,,,,,,0x80041001,SCAFFOLD\Administrator,http://manifests.microsoft.com/win/2006/windows/WMI,
2026-09-08T02:41:42.255728Z,5857,dc.scaffold.htb,Microsoft-Windows-WMI-Activity,Microsoft-Windows-WMI-Activity/Operational,3289,0,,,,0x0,,,wmiprvse.exe,,,,,,4128,,mgmtprovider,%systemroot%\system32\wbem\mgmtprovider.dll,,,,http://manifests.microsoft.com/win/2006/windows/WMI,
2026-09-08T02:41:42.364821Z,5857,dc.scaffold.htb,Microsoft-Windows-WMI-Activity,Microsoft-Windows-WMI-Activity/Operational,3290,0,,,,0x0,,,wmiprvse.exe,,,,,,6692,,NetAdapterCim,%systemroot%\system32\wbem\NetAdapterCim.dll,,,,http://manifests.microsoft.com/win/2006/windows/WMI,
2026-09-08T02:41:42.499806Z,5857,dc.scaffold.htb,Microsoft-Windows-WMI-Activity,Microsoft-Windows-WMI-Activity/Operational,3291,0,,,,0x0,,,wmiprvse.exe,,,,,,4128,,nettcpip,%systemroot%\system32\wbem\NetTCPIP.dll,,,,http://manifests.microsoft.com/win/2006/windows/WMI,
2026-09-08T02:41:44.645509Z,5857,dc.scaffold.htb,Microsoft-Windows-WMI-Activity,Microsoft-Windows-WMI-Activity/Operational,3292,0,,,,0x0,,,wmiprvse.exe,,,,,,4068,,deploymentprovider,%systemroot%\system32\wbem\ServerManager.DeploymentProvider.dll,,,,http://manifests.microsoft.com/win/2006/windows/WMI,
2026-09-08T02:41:55.801586Z,5858,dc.scaffold.htb,Microsoft-Windows-WMI-Activity,Microsoft-Windows-WMI-Activity/Operational,3293,2,,DC,3876,,Provider,,,{33C77E91-0BEE-439D-9BC5-8FC1926FE46F},,,Start IWbemServices::ExecMethod - root\microsoft\windows\servermanager : MSFT_ServerManagerTasks::GetServerFeature,Unknown,,,,,,0x80041001,SCAFFOLD\Administrator,http://manifests.microsoft.com/win/2006/windows/WMI,
2026-09-08T02:43:18.156908Z,5857,dc.scaffold.htb,Microsoft-Windows-WMI-Activity,Microsoft-Windows-WMI-Activity/Operational,3294,0,,,,0x0,,,wmiprvse.exe,,,,,,4128,,MSVDS__PROVIDER,%systemroot%\system32\wbem\vdswmi.dll,,,,http://manifests.microsoft.com/win/2006/windows/WMI,
2026-09-08T02:43:18.364268Z,5857,dc.scaffold.htb,Microsoft-Windows-WMI-Activity,Microsoft-Windows-WMI-Activity/Operational,3295,0,,,,0x0,,,wmiprvse.exe,,,,,,4128,,StorageWMI,%SystemRoot%\System32\storagewmi.dll,,,,http://manifests.microsoft.com/win/2006/windows/WMI,
2026-09-08T02:43:19.185108Z,5857,dc.scaffold.htb,Microsoft-Windows-WMI-Activity,Microsoft-Windows-WMI-Activity/Operational,3296,0,,,,0x0,,,wmiprvse.exe,,,,,,6892,,PowerWmiProvider,%systemroot%\system32\umpowmi.dll,,,,http://manifests.microsoft.com/win/2006/windows/WMI,
2026-09-08T02:43:19.600288Z,5857,dc.scaffold.htb,Microsoft-Windows-WMI-Activity,Microsoft-Windows-WMI-Activity/Operational,3297,0,,,,0x0,,,wmiprvse.exe,,,,,,4532,,WMIProv,%systemroot%\system32\wbem\wmiprov.dll,,,,http://manifests.microsoft.com/win/2006/windows/WMI,
2026-09-08T02:43:19.603420Z,5858,dc.scaffold.htb,Microsoft-Windows-WMI-Activity,Microsoft-Windows-WMI-Activity/Operational,3298,2,,DC,6376,,Unknown,,,{00000000-0000-0000-0000-000000000000},,,Start IWbemServices::ExecQuery - ROOT\WMI : SELECT * FROM BatteryFullChargedCapacity,Unknown,,,,,,0x80041010,NT AUTHORITY\SYSTEM,http://manifests.microsoft.com/win/2006/windows/WMI,
2026-09-08T02:43:19.607797Z,5858,dc.scaffold.htb,Microsoft-Windows-WMI-Activity,Microsoft-Windows-WMI-Activity/Operational,3299,2,,DC,6376,,Unknown,,,{00000000-0000-0000-0000-000000000000},,,Start IWbemServices::ExecQuery - ROOT\WMI : SELECT * FROM BatteryStaticData,Unknown,,,,,,0x80041010,NT AUTHORITY\SYSTEM,http://manifests.microsoft.com/win/2006/windows/WMI,
2026-09-08T02:43:19.634948Z,5857,dc.scaffold.htb,Microsoft-Windows-WMI-Activity,Microsoft-Windows-WMI-Activity/Operational,3300,0,,,,0x0,,,wmiprvse.exe,,,,,,4128,,Win32_WIN32_TERMINALSERVICE_Prov,%SystemRoot%\system32\tscfgwmi.dll,,,,http://manifests.microsoft.com/win/2006/windows/WMI,
2026-09-08T02:43:27.578900Z,5857,dc.scaffold.htb,Microsoft-Windows-WMI-Activity,Microsoft-Windows-WMI-Activity/Operational,3301,0,,,,0x0,,,wmiprvse.exe,,,,,,4128,,Microsoft|DSLDAPClassProvider|V1.0,%systemroot%\system32\wbem\dsprov.dll,,,,http://manifests.microsoft.com/win/2006/windows/WMI,
2026-09-08T02:43:28.423694Z,5857,dc.scaffold.htb,Microsoft-Windows-WMI-Activity,Microsoft-Windows-WMI-Activity/Operational,3302,0,,,,0x0,,,wmiprvse.exe,,,,,,4128,,Microsoft|DSLDAPInstanceProvider|V1.0,%systemroot%\system32\wbem\dsprov.dll,,,,http://manifests.microsoft.com/win/2006/windows/WMI,
2026-09-08T02:43:42.738623Z,5858,dc.scaffold.htb,Microsoft-Windows-WMI-Activity,Microsoft-Windows-WMI-Activity/Operational,3303,2,,DC,4916,,Unknown,,,{00000000-0000-0000-0000-000000000000},,,Start IWbemServices::ExecQuery - ROOT\CIMV2 : SELECT State FROM Win32_Service,Unknown,,,,,,0x80041032,NT AUTHORITY\SYSTEM,http://manifests.microsoft.com/win/2006/windows/WMI,
2026-09-08T02:51:42.299716Z,5857,dc.scaffold.htb,Microsoft-Windows-WMI-Activity,Microsoft-Windows-WMI-Activity/Operational,3304,0,,,,0x0,,,wmiprvse.exe,,,,,,4128,,mgmtprovider,%systemroot%\system32\wbem\mgmtprovider.dll,,,,http://manifests.microsoft.com/win/2006/windows/WMI,
2026-09-08T02:51:42.455179Z,5857,dc.scaffold.htb,Microsoft-Windows-WMI-Activity,Microsoft-Windows-WMI-Activity/Operational,3305,0,,,,0x0,,,wmiprvse.exe,,,,,,4616,,NetAdapterCim,%systemroot%\system32\wbem\NetAdapterCim.dll,,,,http://manifests.microsoft.com/win/2006/windows/WMI,
2026-09-08T02:51:42.600112Z,5857,dc.scaffold.htb,Microsoft-Windows-WMI-Activity,Microsoft-Windows-WMI-Activity/Operational,3306,0,,,,0x0,,,wmiprvse.exe,,,,,,4128,,nettcpip,%systemroot%\system32\wbem\NetTCPIP.dll,,,,http://manifests.microsoft.com/win/2006/windows/WMI,
2026-09-08T02:51:44.744106Z,5857,dc.scaffold.htb,Microsoft-Windows-WMI-Activity,Microsoft-Windows-WMI-Activity/Operational,3307,0,,,,0x0,,,wmiprvse.exe,,,,,,2552,,deploymentprovider,%systemroot%\system32\wbem\ServerManager.DeploymentProvider.dll,,,,http://manifests.microsoft.com/win/2006/windows/WMI,
2026-09-08T02:51:55.831552Z,5858,dc.scaffold.htb,Microsoft-Windows-WMI-Activity,Microsoft-Windows-WMI-Activity/Operational,3308,2,,DC,3876,,Provider,,,{8037B8BA-F98E-4A83-AC8D-CBA65C5175B9},,,Start IWbemServices::ExecMethod - root\microsoft\windows\servermanager : MSFT_ServerManagerTasks::GetServerFeature,Unknown,,,,,,0x80041001,SCAFFOLD\Administrator,http://manifests.microsoft.com/win/2006/windows/WMI,
2026-09-08T02:52:15.075321Z,5858,dc.scaffold.htb,Microsoft-Windows-WMI-Activity,Microsoft-Windows-WMI-Activity/Operational,3309,2,,DC,1456,,Unknown,,,{72D41863-84E9-4945-97C3-BC3C5B92717C},,,"Start IWbemServices::DeleteInstance - Root\Rsop\Computer : RSOP_ExtensionStatus.extensionGuid=""{0ACDD40C-75AC-47ab-BAA0-BF6DE7E7FE63}""",Unknown,,,,,,0x80041002,NT AUTHORITY\SYSTEM,http://manifests.microsoft.com/win/2006/windows/WMI,
2026-09-08T02:52:15.076414Z,5858,dc.scaffold.htb,Microsoft-Windows-WMI-Activity,Microsoft-Windows-WMI-Activity/Operational,3310,2,,DC,1456,,Unknown,,,{72D41863-84E9-4945-97C3-BC3C5B92717C},,,"Start IWbemServices::DeleteInstance - Root\Rsop\Computer : RSOP_ExtensionStatus.extensionGuid=""{0E28E245-9368-4853-AD84-6DA3BA35BB75}""",Unknown,,,,,,0x80041002,NT AUTHORITY\SYSTEM,http://manifests.microsoft.com/win/2006/windows/WMI,
2026-09-08T02:52:15.077730Z,5858,dc.scaffold.htb,Microsoft-Windows-WMI-Activity,Microsoft-Windows-WMI-Activity/Operational,3311,2,,DC,1456,,Unknown,,,{72D41863-84E9-4945-97C3-BC3C5B92717C},,,"Start IWbemServices::DeleteInstance - Root\Rsop\Computer : RSOP_ExtensionStatus.extensionGuid=""{169EBF44-942F-4C43-87CE-13C93996EBBE}""",Unknown,,,,,,0x80041002,NT AUTHORITY\SYSTEM,http://manifests.microsoft.com/win/2006/windows/WMI,
2026-09-08T02:52:15.079039Z,5858,dc.scaffold.htb,Microsoft-Windows-WMI-Activity,Microsoft-Windows-WMI-Activity/Operational,3312,2,,DC,1456,,Unknown,,,{72D41863-84E9-4945-97C3-BC3C5B92717C},,,"Start IWbemServices::DeleteInstance - Root\Rsop\Computer : RSOP_ExtensionStatus.extensionGuid=""{16be69fa-4209-4250-88cb-716cf41954e0}""",Unknown,,,,,,0x80041002,NT AUTHORITY\SYSTEM,http://manifests.microsoft.com/win/2006/windows/WMI,
2026-09-08T02:52:15.080313Z,5858,dc.scaffold.htb,Microsoft-Windows-WMI-Activity,Microsoft-Windows-WMI-Activity/Operational,3313,2,,DC,1456,,Unknown,,,{72D41863-84E9-4945-97C3-BC3C5B92717C},,,"Start IWbemServices::DeleteInstance - Root\Rsop\Computer : RSOP_ExtensionStatus.extensionGuid=""{17D89FEC-5C44-4972-B12D-241CAEF74509}""",Unknown,,,,,,0x80041002,NT AUTHORITY\SYSTEM,http://manifests.microsoft.com/win/2006/windows/WMI,
2026-09-08T02:52:15.081636Z,5858,dc.scaffold.htb,Microsoft-Windows-WMI-Activity,Microsoft-Windows-WMI-Activity/Operational,3314,2,,DC,1456,,Unknown,,,{72D41863-84E9-4945-97C3-BC3C5B92717C},,,"Start IWbemServices::DeleteInstance - Root\Rsop\Computer : RSOP_ExtensionStatus.extensionGuid=""{1A6364EB-776B-4120-ADE1-B63A406A76B5}""",Unknown,,,,,,0x80041002,NT AUTHORITY\SYSTEM,http://manifests.microsoft.com/win/2006/windows/WMI,
2026-09-08T02:52:15.082998Z,5858,dc.scaffold.htb,Microsoft-Windows-WMI-Activity,Microsoft-Windows-WMI-Activity/Operational,3315,2,,DC,1456,,Unknown,,,{72D41863-84E9-4945-97C3-BC3C5B92717C},,,"Start IWbemServices::DeleteInstance - Root\Rsop\Computer : RSOP_ExtensionStatus.extensionGuid=""{2A8FDC61-2347-4C87-92F6-B05EB91A201A}""",Unknown,,,,,,0x80041002,NT AUTHORITY\SYSTEM,http://manifests.microsoft.com/win/2006/windows/WMI,
2026-09-08T02:52:15.084329Z,5858,dc.scaffold.htb,Microsoft-Windows-WMI-Activity,Microsoft-Windows-WMI-Activity/Operational,3316,2,,DC,1456,,Unknown,,,{72D41863-84E9-4945-97C3-BC3C5B92717C},,,"Start IWbemServices::DeleteInstance - Root\Rsop\Computer : RSOP_ExtensionStatus.extensionGuid=""{2BFCC077-22D2-48DE-BDE1-2F618D9B476D}""",Unknown,,,,,,0x80041002,NT AUTHORITY\SYSTEM,http://manifests.microsoft.com/win/2006/windows/WMI,
2026-09-08T02:52:15.085362Z,5858,dc.scaffold.htb,Microsoft-Windows-WMI-Activity,Microsoft-Windows-WMI-Activity/Operational,3317,2,,DC,1456,,Unknown,,,{72D41863-84E9-4945-97C3-BC3C5B92717C},,,"Start IWbemServices::DeleteInstance - Root\Rsop\Computer : RSOP_ExtensionStatus.extensionGuid=""{3610eda5-77ef-11d2-8dc5-00c04fa31a66}""",Unknown,,,,,,0x80041002,NT AUTHORITY\SYSTEM,http://manifests.microsoft.com/win/2006/windows/WMI,
2026-09-08T02:52:15.086332Z,5858,dc.scaffold.htb,Microsoft-Windows-WMI-Activity,Microsoft-Windows-WMI-Activity/Operational,3318,2,,DC,1456,,Unknown,,,{72D41863-84E9-4945-97C3-BC3C5B92717C},,,"Start IWbemServices::DeleteInstance - Root\Rsop\Computer : RSOP_ExtensionStatus.extensionGuid=""{3A0DBA37-F8B2-4356-83DE-3E90BD5C261F}""",Unknown,,,,,,0x80041002,NT AUTHORITY\SYSTEM,http://manifests.microsoft.com/win/2006/windows/WMI,
2026-09-08T02:52:15.087355Z,5858,dc.scaffold.htb,Microsoft-Windows-WMI-Activity,Microsoft-Windows-WMI-Activity/Operational,3319,2,,DC,1456,,Unknown,,,{72D41863-84E9-4945-97C3-BC3C5B92717C},,,"Start IWbemServices::DeleteInstance - Root\Rsop\Computer : RSOP_ExtensionStatus.extensionGuid=""{426031c0-0b47-4852-b0ca-ac3d37bfcb39}""",Unknown,,,,,,0x80041002,NT AUTHORITY\SYSTEM,http://manifests.microsoft.com/win/2006/windows/WMI,
2026-09-08T02:52:15.088260Z,5858,dc.scaffold.htb,Microsoft-Windows-WMI-Activity,Microsoft-Windows-WMI-Activity/Operational,3320,2,,DC,1456,,Unknown,,,{72D41863-84E9-4945-97C3-BC3C5B92717C},,,"Start IWbemServices::DeleteInstance - Root\Rsop\Computer : RSOP_ExtensionStatus.extensionGuid=""{42B5FAAE-6536-11d2-AE5A-0000F87571E3}""",Unknown,,,,,,0x80041002,NT AUTHORITY\SYSTEM,http://manifests.microsoft.com/win/2006/windows/WMI,
2026-09-08T02:52:15.089558Z,5858,dc.scaffold.htb,Microsoft-Windows-WMI-Activity,Microsoft-Windows-WMI-Activity/Operational,3321,2,,DC,1456,,Unknown,,,{72D41863-84E9-4945-97C3-BC3C5B92717C},,,"Start IWbemServices::DeleteInstance - Root\Rsop\Computer : RSOP_ExtensionStatus.extensionGuid=""{4B7C3B0F-E993-4E06-A241-3FBE06943684}""",Unknown,,,,,,0x80041002,NT AUTHORITY\SYSTEM,http://manifests.microsoft.com/win/2006/windows/WMI,
2026-09-08T02:52:15.090859Z,5858,dc.scaffold.htb,Microsoft-Windows-WMI-Activity,Microsoft-Windows-WMI-Activity/Operational,3322,2,,DC,1456,,Unknown,,,{72D41863-84E9-4945-97C3-BC3C5B92717C},,,"Start IWbemServices::DeleteInstance - Root\Rsop\Computer : RSOP_ExtensionStatus.extensionGuid=""{4bcd6cde-777b-48b6-9804-43568e23545d}""",Unknown,,,,,,0x80041002,NT AUTHORITY\SYSTEM,http://manifests.microsoft.com/win/2006/windows/WMI,
2026-09-08T02:52:15.092197Z,5858,dc.scaffold.htb,Microsoft-Windows-WMI-Activity,Microsoft-Windows-WMI-Activity/Operational,3323,2,,DC,1456,,Unknown,,,{72D41863-84E9-4945-97C3-BC3C5B92717C},,,"Start IWbemServices::DeleteInstance - Root\Rsop\Computer : RSOP_ExtensionStatus.extensionGuid=""{4CFB60C1-FAA6-47f1-89AA-0B18730C9FD3}""",Unknown,,,,,,0x80041002,NT AUTHORITY\SYSTEM,http://manifests.microsoft.com/win/2006/windows/WMI,
2026-09-08T02:52:15.093607Z,5858,dc.scaffold.htb,Microsoft-Windows-WMI-Activity,Microsoft-Windows-WMI-Activity/Operational,3324,2,,DC,1456,,Unknown,,,{72D41863-84E9-4945-97C3-BC3C5B92717C},,,"Start IWbemServices::DeleteInstance - Root\Rsop\Computer : RSOP_ExtensionStatus.extensionGuid=""{6232C319-91AC-4931-9385-E70C2B099F0E}""",Unknown,,,,,,0x80041002,NT AUTHORITY\SYSTEM,http://manifests.microsoft.com/win/2006/windows/WMI,
2026-09-08T02:52:15.094917Z,5858,dc.scaffold.htb,Microsoft-Windows-WMI-Activity,Microsoft-Windows-WMI-Activity/Operational,3325,2,,DC,1456,,Unknown,,,{72D41863-84E9-4945-97C3-BC3C5B92717C},,,"Start IWbemServices::DeleteInstance - Root\Rsop\Computer : RSOP_ExtensionStatus.extensionGuid=""{6A4C88C6-C502-4f74-8F60-2CB23EDC24E2}""",Unknown,,,,,,0x80041002,NT AUTHORITY\SYSTEM,http://manifests.microsoft.com/win/2006/windows/WMI,
2026-09-08T02:52:15.096216Z,5858,dc.scaffold.htb,Microsoft-Windows-WMI-Activity,Microsoft-Windows-WMI-Activity/Operational,3326,2,,DC,1456,,Unknown,,,{72D41863-84E9-4945-97C3-BC3C5B92717C},,,"Start IWbemServices::DeleteInstance - Root\Rsop\Computer : RSOP_ExtensionStatus.extensionGuid=""{7150F9BF-48AD-4da4-A49C-29EF4A8369BA}""",Unknown,,,,,,0x80041002,NT AUTHORITY\SYSTEM,http://manifests.microsoft.com/win/2006/windows/WMI,
2026-09-08T02:52:15.097527Z,5858,dc.scaffold.htb,Microsoft-Windows-WMI-Activity,Microsoft-Windows-WMI-Activity/Operational,3327,2,,DC,1456,,Unknown,,,{72D41863-84E9-4945-97C3-BC3C5B92717C},,,"Start IWbemServices::DeleteInstance - Root\Rsop\Computer : RSOP_ExtensionStatus.extensionGuid=""{728EE579-943C-4519-9EF7-AB56765798ED}""",Unknown,,,,,,0x80041002,NT AUTHORITY\SYSTEM,http://manifests.microsoft.com/win/2006/windows/WMI,
2026-09-08T02:52:15.098838Z,5858,dc.scaffold.htb,Microsoft-Windows-WMI-Activity,Microsoft-Windows-WMI-Activity/Operational,3328,2,,DC,1456,,Unknown,,,{72D41863-84E9-4945-97C3-BC3C5B92717C},,,"Start IWbemServices::DeleteInstance - Root\Rsop\Computer : RSOP_ExtensionStatus.extensionGuid=""{74EE6C03-5363-4554-B161-627540339CAB}""",Unknown,,,,,,0x80041002,NT AUTHORITY\SYSTEM,http://manifests.microsoft.com/win/2006/windows/WMI,
2026-09-08T02:52:15.100169Z,5858,dc.scaffold.htb,Microsoft-Windows-WMI-Activity,Microsoft-Windows-WMI-Activity/Operational,3329,2,,DC,1456,,Unknown,,,{72D41863-84E9-4945-97C3-BC3C5B92717C},,,"Start IWbemServices::DeleteInstance - Root\Rsop\Computer : RSOP_ExtensionStatus.extensionGuid=""{7909AD9E-09EE-4247-BAB9-7029D5F0A278}""",Unknown,,,,,,0x80041002,NT AUTHORITY\SYSTEM,http://manifests.microsoft.com/win/2006/windows/WMI,
2026-09-08T02:52:15.101509Z,5858,dc.scaffold.htb,Microsoft-Windows-WMI-Activity,Microsoft-Windows-WMI-Activity/Operational,3330,2,,DC,1456,,Unknown,,,{72D41863-84E9-4945-97C3-BC3C5B92717C},,,"Start IWbemServices::DeleteInstance - Root\Rsop\Computer : RSOP_ExtensionStatus.extensionGuid=""{7933F41E-56F8-41d6-A31C-4148A711EE93}""",Unknown,,,,,,0x80041002,NT AUTHORITY\SYSTEM,http://manifests.microsoft.com/win/2006/windows/WMI,
2026-09-08T02:52:15.102818Z,5858,dc.scaffold.htb,Microsoft-Windows-WMI-Activity,Microsoft-Windows-WMI-Activity/Operational,3331,2,,DC,1456,,Unknown,,,{72D41863-84E9-4945-97C3-BC3C5B92717C},,,"Start IWbemServices::DeleteInstance - Root\Rsop\Computer : RSOP_ExtensionStatus.extensionGuid=""{7B849a69-220F-451E-B3FE-2CB811AF94AE}""",Unknown,,,,,,0x80041002,NT AUTHORITY\SYSTEM,http://manifests.microsoft.com/win/2006/windows/WMI,
2026-09-08T02:52:15.746460Z,5858,dc.scaffold.htb,Microsoft-Windows-WMI-Activity,Microsoft-Windows-WMI-Activity/Operational,3332,2,,DC,1456,,Unknown,,,{72D41863-84E9-4945-97C3-BC3C5B92717C},,,"Start IWbemServices::DeleteInstance - Root\Rsop\Computer : RSOP_ExtensionStatus.extensionGuid=""{8A28E2C5-8D06-49A4-A08C-632DAA493E17}""",Unknown,,,,,,0x80041002,NT AUTHORITY\SYSTEM,http://manifests.microsoft.com/win/2006/windows/WMI,
2026-09-08T02:52:15.747315Z,5858,dc.scaffold.htb,Microsoft-Windows-WMI-Activity,Microsoft-Windows-WMI-Activity/Operational,3333,2,,DC,1456,,Unknown,,,{72D41863-84E9-4945-97C3-BC3C5B92717C},,,"Start IWbemServices::DeleteInstance - Root\Rsop\Computer : RSOP_ExtensionStatus.extensionGuid=""{91FBB303-0CD5-4055-BF42-E512A681B325}""",Unknown,,,,,,0x80041002,NT AUTHORITY\SYSTEM,http://manifests.microsoft.com/win/2006/windows/WMI,
2026-09-08T02:52:15.748146Z,5858,dc.scaffold.htb,Microsoft-Windows-WMI-Activity,Microsoft-Windows-WMI-Activity/Operational,3334,2,,DC,1456,,Unknown,,,{72D41863-84E9-4945-97C3-BC3C5B92717C},,,"Start IWbemServices::DeleteInstance - Root\Rsop\Computer : RSOP_ExtensionStatus.extensionGuid=""{A3F3E39B-5D83-4940-B954-28315B82F0A8}""",Unknown,,,,,,0x80041002,NT AUTHORITY\SYSTEM,http://manifests.microsoft.com/win/2006/windows/WMI,
2026-09-08T02:52:15.748920Z,5858,dc.scaffold.htb,Microsoft-Windows-WMI-Activity,Microsoft-Windows-WMI-Activity/Operational,3335,2,,DC,1456,,Unknown,,,{72D41863-84E9-4945-97C3-BC3C5B92717C},,,"Start IWbemServices::DeleteInstance - Root\Rsop\Computer : RSOP_ExtensionStatus.extensionGuid=""{AADCED64-746C-4633-A97C-D61349046527}""",Unknown,,,,,,0x80041002,NT AUTHORITY\SYSTEM,http://manifests.microsoft.com/win/2006/windows/WMI,
2026-09-08T02:52:15.749974Z,5858,dc.scaffold.htb,Microsoft-Windows-WMI-Activity,Microsoft-Windows-WMI-Activity/Operational,3336,2,,DC,1456,,Unknown,,,{72D41863-84E9-4945-97C3-BC3C5B92717C},,,"Start IWbemServices::DeleteInstance - Root\Rsop\Computer : RSOP_ExtensionStatus.extensionGuid=""{B087BE9D-ED37-454f-AF9C-04291E351182}""",Unknown,,,,,,0x80041002,NT AUTHORITY\SYSTEM,http://manifests.microsoft.com/win/2006/windows/WMI,
2026-09-08T02:52:15.750791Z,5858,dc.scaffold.htb,Microsoft-Windows-WMI-Activity,Microsoft-Windows-WMI-Activity/Operational,3337,2,,DC,1456,,Unknown,,,{72D41863-84E9-4945-97C3-BC3C5B92717C},,,"Start IWbemServices::DeleteInstance - Root\Rsop\Computer : RSOP_ExtensionStatus.extensionGuid=""{B587E2B1-4D59-4e7e-AED9-22B9DF11D053}""",Unknown,,,,,,0x80041002,NT AUTHORITY\SYSTEM,http://manifests.microsoft.com/win/2006/windows/WMI,
2026-09-08T02:52:15.751565Z,5858,dc.scaffold.htb,Microsoft-Windows-WMI-Activity,Microsoft-Windows-WMI-Activity/Operational,3338,2,,DC,1456,,Unknown,,,{72D41863-84E9-4945-97C3-BC3C5B92717C},,,"Start IWbemServices::DeleteInstance - Root\Rsop\Computer : RSOP_ExtensionStatus.extensionGuid=""{BA649533-0AAC-4E04-B9BC-4DBAE0325B12}""",Unknown,,,,,,0x80041002,NT AUTHORITY\SYSTEM,http://manifests.microsoft.com/win/2006/windows/WMI,
2026-09-08T02:52:15.752313Z,5858,dc.scaffold.htb,Microsoft-Windows-WMI-Activity,Microsoft-Windows-WMI-Activity/Operational,3339,2,,DC,1456,,Unknown,,,{72D41863-84E9-4945-97C3-BC3C5B92717C},,,"Start IWbemServices::DeleteInstance - Root\Rsop\Computer : RSOP_ExtensionStatus.extensionGuid=""{BC75B1ED-5833-4858-9BB8-CBF0B166DF9D}""",Unknown,,,,,,0x80041002,NT AUTHORITY\SYSTEM,http://manifests.microsoft.com/win/2006/windows/WMI,
2026-09-08T02:52:15.753110Z,5858,dc.scaffold.htb,Microsoft-Windows-WMI-Activity,Microsoft-Windows-WMI-Activity/Operational,3340,2,,DC,1456,,Unknown,,,{72D41863-84E9-4945-97C3-BC3C5B92717C},,,"Start IWbemServices::DeleteInstance - Root\Rsop\Computer : RSOP_ExtensionStatus.extensionGuid=""{C34B2751-1CF4-44F5-9262-C3FC39666591}""",Unknown,,,,,,0x80041002,NT AUTHORITY\SYSTEM,http://manifests.microsoft.com/win/2006/windows/WMI,
2026-09-08T02:52:15.753872Z,5858,dc.scaffold.htb,Microsoft-Windows-WMI-Activity,Microsoft-Windows-WMI-Activity/Operational,3341,2,,DC,1456,,Unknown,,,{72D41863-84E9-4945-97C3-BC3C5B92717C},,,"Start IWbemServices::DeleteInstance - Root\Rsop\Computer : RSOP_ExtensionStatus.extensionGuid=""{C418DD9D-0D14-4efb-8FBF-CFE535C8FAC7}""",Unknown,,,,,,0x80041002,NT AUTHORITY\SYSTEM,http://manifests.microsoft.com/win/2006/windows/WMI,
2026-09-08T02:52:15.754642Z,5858,dc.scaffold.htb,Microsoft-Windows-WMI-Activity,Microsoft-Windows-WMI-Activity/Operational,3342,2,,DC,1456,,Unknown,,,{72D41863-84E9-4945-97C3-BC3C5B92717C},,,"Start IWbemServices::DeleteInstance - Root\Rsop\Computer : RSOP_ExtensionStatus.extensionGuid=""{C631DF4C-088F-4156-B058-4375F0853CD8}""",Unknown,,,,,,0x80041002,NT AUTHORITY\SYSTEM,http://manifests.microsoft.com/win/2006/windows/WMI,
2026-09-08T02:52:15.755401Z,5858,dc.scaffold.htb,Microsoft-Windows-WMI-Activity,Microsoft-Windows-WMI-Activity/Operational,3343,2,,DC,1456,,Unknown,,,{72D41863-84E9-4945-97C3-BC3C5B92717C},,,"Start IWbemServices::DeleteInstance - Root\Rsop\Computer : RSOP_ExtensionStatus.extensionGuid=""{c6dc5466-785a-11d2-84d0-00c04fb169f7}""",Unknown,,,,,,0x80041002,NT AUTHORITY\SYSTEM,http://manifests.microsoft.com/win/2006/windows/WMI,
2026-09-08T02:52:15.756185Z,5858,dc.scaffold.htb,Microsoft-Windows-WMI-Activity,Microsoft-Windows-WMI-Activity/Operational,3344,2,,DC,1456,,Unknown,,,{72D41863-84E9-4945-97C3-BC3C5B92717C},,,"Start IWbemServices::DeleteInstance - Root\Rsop\Computer : RSOP_ExtensionStatus.extensionGuid=""{cdeafc3d-948d-49dd-ab12-e578ba4af7aa}""",Unknown,,,,,,0x80041002,NT AUTHORITY\SYSTEM,http://manifests.microsoft.com/win/2006/windows/WMI,
2026-09-08T02:52:15.756969Z,5858,dc.scaffold.htb,Microsoft-Windows-WMI-Activity,Microsoft-Windows-WMI-Activity/Operational,3345,2,,DC,1456,,Unknown,,,{72D41863-84E9-4945-97C3-BC3C5B92717C},,,"Start IWbemServices::DeleteInstance - Root\Rsop\Computer : RSOP_ExtensionStatus.extensionGuid=""{CF7639F3-ABA2-41DB-97F2-81E2C5DBFC5D}""",Unknown,,,,,,0x80041002,NT AUTHORITY\SYSTEM,http://manifests.microsoft.com/win/2006/windows/WMI,
2026-09-08T02:52:15.757744Z,5858,dc.scaffold.htb,Microsoft-Windows-WMI-Activity,Microsoft-Windows-WMI-Activity/Operational,3346,2,,DC,1456,,Unknown,,,{72D41863-84E9-4945-97C3-BC3C5B92717C},,,"Start IWbemServices::DeleteInstance - Root\Rsop\Computer : RSOP_ExtensionStatus.extensionGuid=""{CFF649BD-601D-4361-AD3D-0FC365DB4DB7}""",Unknown,,,,,,0x80041002,NT AUTHORITY\SYSTEM,http://manifests.microsoft.com/win/2006/windows/WMI,
2026-09-08T02:52:15.758537Z,5858,dc.scaffold.htb,Microsoft-Windows-WMI-Activity,Microsoft-Windows-WMI-Activity/Operational,3347,2,,DC,1456,,Unknown,,,{72D41863-84E9-4945-97C3-BC3C5B92717C},,,"Start IWbemServices::DeleteInstance - Root\Rsop\Computer : RSOP_ExtensionStatus.extensionGuid=""{e437bc1c-aa7d-11d2-a382-00c04f991e27}""",Unknown,,,,,,0x80041002,NT AUTHORITY\SYSTEM,http://manifests.microsoft.com/win/2006/windows/WMI,
2026-09-08T02:52:15.759321Z,5858,dc.scaffold.htb,Microsoft-Windows-WMI-Activity,Microsoft-Windows-WMI-Activity/Operational,3348,2,,DC,1456,,Unknown,,,{72D41863-84E9-4945-97C3-BC3C5B92717C},,,"Start IWbemServices::DeleteInstance - Root\Rsop\Computer : RSOP_ExtensionStatus.extensionGuid=""{E4F48E54-F38D-4884-BFB9-D4D2E5729C18}""",Unknown,,,,,,0x80041002,NT AUTHORITY\SYSTEM,http://manifests.microsoft.com/win/2006/windows/WMI,
2026-09-08T02:52:15.760065Z,5858,dc.scaffold.htb,Microsoft-Windows-WMI-Activity,Microsoft-Windows-WMI-Activity/Operational,3349,2,,DC,1456,,Unknown,,,{72D41863-84E9-4945-97C3-BC3C5B92717C},,,"Start IWbemServices::DeleteInstance - Root\Rsop\Computer : RSOP_ExtensionStatus.extensionGuid=""{E5094040-C46C-4115-B030-04FB2E545B00}""",Unknown,,,,,,0x80041002,NT AUTHORITY\SYSTEM,http://manifests.microsoft.com/win/2006/windows/WMI,
2026-09-08T02:52:15.760804Z,5858,dc.scaffold.htb,Microsoft-Windows-WMI-Activity,Microsoft-Windows-WMI-Activity/Operational,3350,2,,DC,1456,,Unknown,,,{72D41863-84E9-4945-97C3-BC3C5B92717C},,,"Start IWbemServices::DeleteInstance - Root\Rsop\Computer : RSOP_ExtensionStatus.extensionGuid=""{E62688F0-25FD-4c90-BFF5-F508B9D2E31F}""",Unknown,,,,,,0x80041002,NT AUTHORITY\SYSTEM,http://manifests.microsoft.com/win/2006/windows/WMI,
2026-09-08T02:52:15.761561Z,5858,dc.scaffold.htb,Microsoft-Windows-WMI-Activity,Microsoft-Windows-WMI-Activity/Operational,3351,2,,DC,1456,,Unknown,,,{72D41863-84E9-4945-97C3-BC3C5B92717C},,,"Start IWbemServices::DeleteInstance - Root\Rsop\Computer : RSOP_ExtensionStatus.extensionGuid=""{F312195E-3D9D-447A-A3F5-08DFFA24735E}""",Unknown,,,,,,0x80041002,NT AUTHORITY\SYSTEM,http://manifests.microsoft.com/win/2006/windows/WMI,
2026-09-08T02:52:15.854917Z,5858,dc.scaffold.htb,Microsoft-Windows-WMI-Activity,Microsoft-Windows-WMI-Activity/Operational,3352,2,,DC,1456,,Unknown,,,{72D41863-84E9-4945-97C3-BC3C5B92717C},,,"Start IWbemServices::DeleteInstance - Root\Rsop\Computer : RSOP_ExtensionStatus.extensionGuid=""{FB2CA36D-0B40-4307-821B-A13B252DE56C}""",Unknown,,,,,,0x80041002,NT AUTHORITY\SYSTEM,http://manifests.microsoft.com/win/2006/windows/WMI,
