2026-09-02T03:46:09.883683Z,4664,dc.scaffold.htb,Microsoft-Windows-Security-Auditing,Security,23830,0,,,,,,,C:\Windows\WinSxS\amd64_microsoft-windows-videodiagnostic_31bf3856ad364e35_10.0.20348.1_none_0651259807e47dbd\RS_viddrv_unsigned.ps1,,,,,,,C:\Windows\WinSxS\amd64_microsoft-windows-videodiagnostic_31bf3856ad364e35_10.0.20348.4294_none_256a596a710695fd\RS_viddrv_unsigned.ps1,,,,,,,,,,,,,,,,,,,SCAFFOLD,0x3e7,DC$,S-1-5-18,,,,,,,,,00000000-0000-0000-0000-000000000000,,
2026-09-02T03:46:09.884235Z,4664,dc.scaffold.htb,Microsoft-Windows-Security-Auditing,Security,23831,0,,,,,,,C:\Windows\WinSxS\amd64_microsoft-windows-videodiagnostic_31bf3856ad364e35_10.0.20348.1_none_0651259807e47dbd\RS_viddrv_displaytopology.ps1,,,,,,,C:\Windows\WinSxS\amd64_microsoft-windows-videodiagnostic_31bf3856ad364e35_10.0.20348.4294_none_256a596a710695fd\RS_viddrv_displaytopology.ps1,,,,,,,,,,,,,,,,,,,SCAFFOLD,0x3e7,DC$,S-1-5-18,,,,,,,,,00000000-0000-0000-0000-000000000000,,
2026-09-02T03:46:09.884919Z,4664,dc.scaffold.htb,Microsoft-Windows-Security-Auditing,Security,23832,0,,,,,,,C:\Windows\WinSxS\amd64_microsoft-windows-videodiagnostic_31bf3856ad364e35_10.0.20348.1_none_0651259807e47dbd\RS_viddrv_hwdrmcheck.ps1,,,,,,,C:\Windows\WinSxS\amd64_microsoft-windows-videodiagnostic_31bf3856ad364e35_10.0.20348.4294_none_256a596a710695fd\RS_viddrv_hwdrmcheck.ps1,,,,,,,,,,,,,,,,,,,SCAFFOLD,0x3e7,DC$,S-1-5-18,,,,,,,,,00000000-0000-0000-0000-000000000000,,
2026-09-02T03:46:09.885606Z,4664,dc.scaffold.htb,Microsoft-Windows-Security-Auditing,Security,23833,0,,,,,,,C:\Windows\WinSxS\amd64_microsoft-windows-videodiagnostic_31bf3856ad364e35_10.0.20348.1_none_0651259807e47dbd\RS_viddrv_hevccodeccheck.ps1,,,,,,,C:\Windows\WinSxS\amd64_microsoft-windows-videodiagnostic_31bf3856ad364e35_10.0.20348.4294_none_256a596a710695fd\RS_viddrv_hevccodeccheck.ps1,,,,,,,,,,,,,,,,,,,SCAFFOLD,0x3e7,DC$,S-1-5-18,,,,,,,,,00000000-0000-0000-0000-000000000000,,
2026-09-02T03:46:09.886356Z,4664,dc.scaffold.htb,Microsoft-Windows-Security-Auditing,Security,23834,0,,,,,,,C:\Windows\WinSxS\amd64_microsoft-windows-videodiagnostic_31bf3856ad364e35_10.0.20348.1_none_0651259807e47dbd\RS_viddrv_driverblocklist.ps1,,,,,,,C:\Windows\WinSxS\amd64_microsoft-windows-videodiagnostic_31bf3856ad364e35_10.0.20348.4294_none_256a596a710695fd\RS_viddrv_driverblocklist.ps1,,,,,,,,,,,,,,,,,,,SCAFFOLD,0x3e7,DC$,S-1-5-18,,,,,,,,,00000000-0000-0000-0000-000000000000,,
2026-09-02T03:46:09.886917Z,4664,dc.scaffold.htb,Microsoft-Windows-Security-Auditing,Security,23835,0,,,,,,,C:\Windows\WinSxS\amd64_microsoft-windows-videodiagnostic_31bf3856ad364e35_10.0.20348.1_none_0651259807e47dbd\TS_Main.ps1,,,,,,,C:\Windows\WinSxS\amd64_microsoft-windows-videodiagnostic_31bf3856ad364e35_10.0.20348.4294_none_256a596a710695fd\TS_Main.ps1,,,,,,,,,,,,,,,,,,,SCAFFOLD,0x3e7,DC$,S-1-5-18,,,,,,,,,00000000-0000-0000-0000-000000000000,,
2026-09-02T03:46:09.887427Z,4664,dc.scaffold.htb,Microsoft-Windows-Security-Auditing,Security,23836,0,,,,,,,C:\Windows\WinSxS\amd64_microsoft-windows-videodiagnostic_31bf3856ad364e35_10.0.20348.1_none_0651259807e47dbd\utils_SetupEnv.ps1,,,,,,,C:\Windows\WinSxS\amd64_microsoft-windows-videodiagnostic_31bf3856ad364e35_10.0.20348.4294_none_256a596a710695fd\utils_SetupEnv.ps1,,,,,,,,,,,,,,,,,,,SCAFFOLD,0x3e7,DC$,S-1-5-18,,,,,,,,,00000000-0000-0000-0000-000000000000,,
2026-09-02T03:46:09.888033Z,4664,dc.scaffold.htb,Microsoft-Windows-Security-Auditing,Security,23837,0,,,,,,,C:\Windows\WinSxS\amd64_microsoft-windows-videodiagnostic_31bf3856ad364e35_10.0.20348.1_none_0651259807e47dbd\VF_aud_reg_settings.ps1,,,,,,,C:\Windows\WinSxS\amd64_microsoft-windows-videodiagnostic_31bf3856ad364e35_10.0.20348.4294_none_256a596a710695fd\VF_aud_reg_settings.ps1,,,,,,,,,,,,,,,,,,,SCAFFOLD,0x3e7,DC$,S-1-5-18,,,,,,,,,00000000-0000-0000-0000-000000000000,,
2026-09-02T03:46:09.888531Z,4664,dc.scaffold.htb,Microsoft-Windows-Security-Auditing,Security,23838,0,,,,,,,C:\Windows\WinSxS\amd64_microsoft-windows-videodiagnostic_31bf3856ad364e35_10.0.20348.1_none_0651259807e47dbd\VF_viddrv_msvideo.ps1,,,,,,,C:\Windows\WinSxS\amd64_microsoft-windows-videodiagnostic_31bf3856ad364e35_10.0.20348.4294_none_256a596a710695fd\VF_viddrv_msvideo.ps1,,,,,,,,,,,,,,,,,,,SCAFFOLD,0x3e7,DC$,S-1-5-18,,,,,,,,,00000000-0000-0000-0000-000000000000,,
2026-09-02T03:46:09.889040Z,4664,dc.scaffold.htb,Microsoft-Windows-Security-Auditing,Security,23839,0,,,,,,,C:\Windows\WinSxS\amd64_microsoft-windows-videodiagnostic_31bf3856ad364e35_10.0.20348.1_none_0651259807e47dbd\VF_viddrv_unsigned.ps1,,,,,,,C:\Windows\WinSxS\amd64_microsoft-windows-videodiagnostic_31bf3856ad364e35_10.0.20348.4294_none_256a596a710695fd\VF_viddrv_unsigned.ps1,,,,,,,,,,,,,,,,,,,SCAFFOLD,0x3e7,DC$,S-1-5-18,,,,,,,,,00000000-0000-0000-0000-000000000000,,
2026-09-02T03:46:09.889614Z,4664,dc.scaffold.htb,Microsoft-Windows-Security-Auditing,Security,23840,0,,,,,,,C:\Windows\WinSxS\amd64_microsoft-windows-videodiagnostic_31bf3856ad364e35_10.0.20348.1_none_0651259807e47dbd\VF_viddrv_driverblocklist.ps1,,,,,,,C:\Windows\WinSxS\amd64_microsoft-windows-videodiagnostic_31bf3856ad364e35_10.0.20348.4294_none_256a596a710695fd\VF_viddrv_driverblocklist.ps1,,,,,,,,,,,,,,,,,,,SCAFFOLD,0x3e7,DC$,S-1-5-18,,,,,,,,,00000000-0000-0000-0000-000000000000,,
2026-09-02T03:46:09.890129Z,4664,dc.scaffold.htb,Microsoft-Windows-Security-Auditing,Security,23841,0,,,,,,,C:\Windows\WinSxS\amd64_microsoft-windows-videodiagnostic_31bf3856ad364e35_10.0.20348.1_none_0651259807e47dbd\VideoPlaybackDiagnostic.xml,,,,,,,C:\Windows\WinSxS\amd64_microsoft-windows-videodiagnostic_31bf3856ad364e35_10.0.20348.4294_none_256a596a710695fd\VideoPlaybackDiagnostic.xml,,,,,,,,,,,,,,,,,,,SCAFFOLD,0x3e7,DC$,S-1-5-18,,,,,,,,,00000000-0000-0000-0000-000000000000,,
2026-09-02T03:46:09.890641Z,4664,dc.scaffold.htb,Microsoft-Windows-Security-Auditing,Security,23842,0,,,,,,,C:\Windows\WinSxS\amd64_microsoft-windows-videodiagnostic_31bf3856ad364e35_10.0.20348.1_none_0651259807e47dbd\CL_MutexVerifiers.ps1,,,,,,,C:\Windows\WinSxS\amd64_microsoft-windows-videodiagnostic_31bf3856ad364e35_10.0.20348.4294_none_256a596a710695fd\CL_MutexVerifiers.ps1,,,,,,,,,,,,,,,,,,,SCAFFOLD,0x3e7,DC$,S-1-5-18,,,,,,,,,00000000-0000-0000-0000-000000000000,,
2026-09-02T03:46:09.891207Z,4664,dc.scaffold.htb,Microsoft-Windows-Security-Auditing,Security,23843,0,,,,,,,C:\Windows\WinSxS\amd64_microsoft-windows-videodiagnostic_31bf3856ad364e35_10.0.20348.1_none_0651259807e47dbd\GraphicsDriverRegTool-Definitions.psm1,,,,,,,C:\Windows\WinSxS\amd64_microsoft-windows-videodiagnostic_31bf3856ad364e35_10.0.20348.4294_none_256a596a710695fd\GraphicsDriverRegTool-Definitions.psm1,,,,,,,,,,,,,,,,,,,SCAFFOLD,0x3e7,DC$,S-1-5-18,,,,,,,,,00000000-0000-0000-0000-000000000000,,
2026-09-02T03:46:11.478218Z,4985,dc.scaffold.htb,Microsoft-Windows-Security-Auditing,Security,23844,0,,,,,,,,,,,,,,,,,,,,48,,,,,,,,0x173c,C:\Windows\WinSxS\amd64_microsoft-windows-servicingstack_31bf3856ad364e35_10.0.20348.5480_none_b1d14f82f983de4b\TiWorker.exe,,,DA4CB52F-4F22-11F1-A9A6-8906DE6815CD,SCAFFOLD,0x3e7,DC$,S-1-5-18,,,,,,,,,2BC0699E-A67E-11F1-9937-005056B98D90,,
2026-09-02T03:46:11.523694Z,4985,dc.scaffold.htb,Microsoft-Windows-Security-Auditing,Security,23845,0,,,,,,,,,,,,,,,,,,,,52,,,,,,,,0x173c,C:\Windows\WinSxS\amd64_microsoft-windows-servicingstack_31bf3856ad364e35_10.0.20348.5480_none_b1d14f82f983de4b\TiWorker.exe,,,DA4CB52F-4F22-11F1-A9A6-8906DE6815CD,SCAFFOLD,0x3e7,DC$,S-1-5-18,,,,,,,,,2BC0699E-A67E-11F1-9937-005056B98D90,,
2026-09-02T03:46:12.733227Z,4985,dc.scaffold.htb,Microsoft-Windows-Security-Auditing,Security,23846,0,,,,,,,,,,,,,,,,,,,,48,,,,,,,,0x173c,C:\Windows\WinSxS\amd64_microsoft-windows-servicingstack_31bf3856ad364e35_10.0.20348.5480_none_b1d14f82f983de4b\TiWorker.exe,,,DA4CB52F-4F22-11F1-A9A6-8906DE6815CD,SCAFFOLD,0x3e7,DC$,S-1-5-18,,,,,,,,,2BC069AA-A67E-11F1-9937-005056B98D90,,
2026-09-02T03:46:12.788480Z,4985,dc.scaffold.htb,Microsoft-Windows-Security-Auditing,Security,23847,0,,,,,,,,,,,,,,,,,,,,52,,,,,,,,0x173c,C:\Windows\WinSxS\amd64_microsoft-windows-servicingstack_31bf3856ad364e35_10.0.20348.5480_none_b1d14f82f983de4b\TiWorker.exe,,,DA4CB52F-4F22-11F1-A9A6-8906DE6815CD,SCAFFOLD,0x3e7,DC$,S-1-5-18,,,,,,,,,2BC069AA-A67E-11F1-9937-005056B98D90,,
2026-09-02T03:46:13.048457Z,4985,dc.scaffold.htb,Microsoft-Windows-Security-Auditing,Security,23848,0,,,,,,,,,,,,,,,,,,,,48,,,,,,,,0x173c,C:\Windows\WinSxS\amd64_microsoft-windows-servicingstack_31bf3856ad364e35_10.0.20348.5480_none_b1d14f82f983de4b\TiWorker.exe,,,DA4CB52F-4F22-11F1-A9A6-8906DE6815CD,SCAFFOLD,0x3e7,DC$,S-1-5-18,,,,,,,,,2BC069B6-A67E-11F1-9937-005056B98D90,,
2026-09-02T03:46:13.122349Z,4985,dc.scaffold.htb,Microsoft-Windows-Security-Auditing,Security,23849,0,,,,,,,,,,,,,,,,,,,,52,,,,,,,,0x173c,C:\Windows\WinSxS\amd64_microsoft-windows-servicingstack_31bf3856ad364e35_10.0.20348.5480_none_b1d14f82f983de4b\TiWorker.exe,,,DA4CB52F-4F22-11F1-A9A6-8906DE6815CD,SCAFFOLD,0x3e7,DC$,S-1-5-18,,,,,,,,,2BC069B6-A67E-11F1-9937-005056B98D90,,
2026-09-02T03:46:13.274634Z,4985,dc.scaffold.htb,Microsoft-Windows-Security-Auditing,Security,23850,0,,,,,,,,,,,,,,,,,,,,48,,,,,,,,0x173c,C:\Windows\WinSxS\amd64_microsoft-windows-servicingstack_31bf3856ad364e35_10.0.20348.5480_none_b1d14f82f983de4b\TiWorker.exe,,,DA4CB52F-4F22-11F1-A9A6-8906DE6815CD,SCAFFOLD,0x3e7,DC$,S-1-5-18,,,,,,,,,2BC069C2-A67E-11F1-9937-005056B98D90,,
2026-09-02T03:46:13.352865Z,4985,dc.scaffold.htb,Microsoft-Windows-Security-Auditing,Security,23851,0,,,,,,,,,,,,,,,,,,,,52,,,,,,,,0x173c,C:\Windows\WinSxS\amd64_microsoft-windows-servicingstack_31bf3856ad364e35_10.0.20348.5480_none_b1d14f82f983de4b\TiWorker.exe,,,DA4CB52F-4F22-11F1-A9A6-8906DE6815CD,SCAFFOLD,0x3e7,DC$,S-1-5-18,,,,,,,,,2BC069C2-A67E-11F1-9937-005056B98D90,,
2026-09-02T03:46:13.972469Z,4985,dc.scaffold.htb,Microsoft-Windows-Security-Auditing,Security,23852,0,,,,,,,,,,,,,,,,,,,,48,,,,,,,,0x173c,C:\Windows\WinSxS\amd64_microsoft-windows-servicingstack_31bf3856ad364e35_10.0.20348.5480_none_b1d14f82f983de4b\TiWorker.exe,,,DA4CB52F-4F22-11F1-A9A6-8906DE6815CD,SCAFFOLD,0x3e7,DC$,S-1-5-18,,,,,,,,,2BC069CE-A67E-11F1-9937-005056B98D90,,
2026-09-02T03:46:14.336613Z,4985,dc.scaffold.htb,Microsoft-Windows-Security-Auditing,Security,23853,0,,,,,,,,,,,,,,,,,,,,52,,,,,,,,0x173c,C:\Windows\WinSxS\amd64_microsoft-windows-servicingstack_31bf3856ad364e35_10.0.20348.5480_none_b1d14f82f983de4b\TiWorker.exe,,,DA4CB52F-4F22-11F1-A9A6-8906DE6815CD,SCAFFOLD,0x3e7,DC$,S-1-5-18,,,,,,,,,2BC069CE-A67E-11F1-9937-005056B98D90,,
2026-09-02T03:46:14.680119Z,4985,dc.scaffold.htb,Microsoft-Windows-Security-Auditing,Security,23854,0,,,,,,,,,,,,,,,,,,,,48,,,,,,,,0x173c,C:\Windows\WinSxS\amd64_microsoft-windows-servicingstack_31bf3856ad364e35_10.0.20348.5480_none_b1d14f82f983de4b\TiWorker.exe,,,DA4CB52F-4F22-11F1-A9A6-8906DE6815CD,SCAFFOLD,0x3e7,DC$,S-1-5-18,,,,,,,,,2BC069DA-A67E-11F1-9937-005056B98D90,,
2026-09-02T03:46:14.734503Z,4985,dc.scaffold.htb,Microsoft-Windows-Security-Auditing,Security,23855,0,,,,,,,,,,,,,,,,,,,,52,,,,,,,,0x173c,C:\Windows\WinSxS\amd64_microsoft-windows-servicingstack_31bf3856ad364e35_10.0.20348.5480_none_b1d14f82f983de4b\TiWorker.exe,,,DA4CB52F-4F22-11F1-A9A6-8906DE6815CD,SCAFFOLD,0x3e7,DC$,S-1-5-18,,,,,,,,,2BC069DA-A67E-11F1-9937-005056B98D90,,
2026-09-02T03:46:14.787641Z,4985,dc.scaffold.htb,Microsoft-Windows-Security-Auditing,Security,23856,0,,,,,,,,,,,,,,,,,,,,48,,,,,,,,0x173c,C:\Windows\WinSxS\amd64_microsoft-windows-servicingstack_31bf3856ad364e35_10.0.20348.5480_none_b1d14f82f983de4b\TiWorker.exe,,,DA4CB52F-4F22-11F1-A9A6-8906DE6815CD,SCAFFOLD,0x3e7,DC$,S-1-5-18,,,,,,,,,2BC069E6-A67E-11F1-9937-005056B98D90,,
2026-09-02T03:46:14.885717Z,4985,dc.scaffold.htb,Microsoft-Windows-Security-Auditing,Security,23857,0,,,,,,,,,,,,,,,,,,,,52,,,,,,,,0x173c,C:\Windows\WinSxS\amd64_microsoft-windows-servicingstack_31bf3856ad364e35_10.0.20348.5480_none_b1d14f82f983de4b\TiWorker.exe,,,DA4CB52F-4F22-11F1-A9A6-8906DE6815CD,SCAFFOLD,0x3e7,DC$,S-1-5-18,,,,,,,,,2BC069E6-A67E-11F1-9937-005056B98D90,,
2026-09-02T03:46:14.922873Z,4985,dc.scaffold.htb,Microsoft-Windows-Security-Auditing,Security,23858,0,,,,,,,,,,,,,,,,,,,,48,,,,,,,,0x173c,C:\Windows\WinSxS\amd64_microsoft-windows-servicingstack_31bf3856ad364e35_10.0.20348.5480_none_b1d14f82f983de4b\TiWorker.exe,,,DA4CB52F-4F22-11F1-A9A6-8906DE6815CD,SCAFFOLD,0x3e7,DC$,S-1-5-18,,,,,,,,,2BC069F2-A67E-11F1-9937-005056B98D90,,
2026-09-02T03:46:14.946922Z,4985,dc.scaffold.htb,Microsoft-Windows-Security-Auditing,Security,23859,0,,,,,,,,,,,,,,,,,,,,52,,,,,,,,0x173c,C:\Windows\WinSxS\amd64_microsoft-windows-servicingstack_31bf3856ad364e35_10.0.20348.5480_none_b1d14f82f983de4b\TiWorker.exe,,,DA4CB52F-4F22-11F1-A9A6-8906DE6815CD,SCAFFOLD,0x3e7,DC$,S-1-5-18,,,,,,,,,2BC069F2-A67E-11F1-9937-005056B98D90,,
2026-09-02T03:46:15.030627Z,4985,dc.scaffold.htb,Microsoft-Windows-Security-Auditing,Security,23860,0,,,,,,,,,,,,,,,,,,,,48,,,,,,,,0x173c,C:\Windows\WinSxS\amd64_microsoft-windows-servicingstack_31bf3856ad364e35_10.0.20348.5480_none_b1d14f82f983de4b\TiWorker.exe,,,DA4CB52F-4F22-11F1-A9A6-8906DE6815CD,SCAFFOLD,0x3e7,DC$,S-1-5-18,,,,,,,,,2BC069FE-A67E-11F1-9937-005056B98D90,,
2026-09-02T03:46:15.047579Z,4985,dc.scaffold.htb,Microsoft-Windows-Security-Auditing,Security,23861,0,,,,,,,,,,,,,,,,,,,,52,,,,,,,,0x173c,C:\Windows\WinSxS\amd64_microsoft-windows-servicingstack_31bf3856ad364e35_10.0.20348.5480_none_b1d14f82f983de4b\TiWorker.exe,,,DA4CB52F-4F22-11F1-A9A6-8906DE6815CD,SCAFFOLD,0x3e7,DC$,S-1-5-18,,,,,,,,,2BC069FE-A67E-11F1-9937-005056B98D90,,
2026-09-02T03:46:15.091600Z,4985,dc.scaffold.htb,Microsoft-Windows-Security-Auditing,Security,23862,0,,,,,,,,,,,,,,,,,,,,48,,,,,,,,0x173c,C:\Windows\WinSxS\amd64_microsoft-windows-servicingstack_31bf3856ad364e35_10.0.20348.5480_none_b1d14f82f983de4b\TiWorker.exe,,,DA4CB52F-4F22-11F1-A9A6-8906DE6815CD,SCAFFOLD,0x3e7,DC$,S-1-5-18,,,,,,,,,2BC06A0A-A67E-11F1-9937-005056B98D90,,
2026-09-02T03:46:15.117919Z,4985,dc.scaffold.htb,Microsoft-Windows-Security-Auditing,Security,23863,0,,,,,,,,,,,,,,,,,,,,52,,,,,,,,0x173c,C:\Windows\WinSxS\amd64_microsoft-windows-servicingstack_31bf3856ad364e35_10.0.20348.5480_none_b1d14f82f983de4b\TiWorker.exe,,,DA4CB52F-4F22-11F1-A9A6-8906DE6815CD,SCAFFOLD,0x3e7,DC$,S-1-5-18,,,,,,,,,2BC06A0A-A67E-11F1-9937-005056B98D90,,
2026-09-02T03:46:15.272299Z,4985,dc.scaffold.htb,Microsoft-Windows-Security-Auditing,Security,23864,0,,,,,,,,,,,,,,,,,,,,48,,,,,,,,0x173c,C:\Windows\WinSxS\amd64_microsoft-windows-servicingstack_31bf3856ad364e35_10.0.20348.5480_none_b1d14f82f983de4b\TiWorker.exe,,,DA4CB52F-4F22-11F1-A9A6-8906DE6815CD,SCAFFOLD,0x3e7,DC$,S-1-5-18,,,,,,,,,2BC06A16-A67E-11F1-9937-005056B98D90,,
2026-09-02T03:46:15.292648Z,4985,dc.scaffold.htb,Microsoft-Windows-Security-Auditing,Security,23865,0,,,,,,,,,,,,,,,,,,,,52,,,,,,,,0x173c,C:\Windows\WinSxS\amd64_microsoft-windows-servicingstack_31bf3856ad364e35_10.0.20348.5480_none_b1d14f82f983de4b\TiWorker.exe,,,DA4CB52F-4F22-11F1-A9A6-8906DE6815CD,SCAFFOLD,0x3e7,DC$,S-1-5-18,,,,,,,,,2BC06A16-A67E-11F1-9937-005056B98D90,,
2026-09-02T03:46:15.651897Z,4985,dc.scaffold.htb,Microsoft-Windows-Security-Auditing,Security,23866,0,,,,,,,,,,,,,,,,,,,,48,,,,,,,,0x173c,C:\Windows\WinSxS\amd64_microsoft-windows-servicingstack_31bf3856ad364e35_10.0.20348.5480_none_b1d14f82f983de4b\TiWorker.exe,,,DA4CB52F-4F22-11F1-A9A6-8906DE6815CD,SCAFFOLD,0x3e7,DC$,S-1-5-18,,,,,,,,,2BC06A22-A67E-11F1-9937-005056B98D90,,
2026-09-02T03:46:15.688420Z,4985,dc.scaffold.htb,Microsoft-Windows-Security-Auditing,Security,23867,0,,,,,,,,,,,,,,,,,,,,52,,,,,,,,0x173c,C:\Windows\WinSxS\amd64_microsoft-windows-servicingstack_31bf3856ad364e35_10.0.20348.5480_none_b1d14f82f983de4b\TiWorker.exe,,,DA4CB52F-4F22-11F1-A9A6-8906DE6815CD,SCAFFOLD,0x3e7,DC$,S-1-5-18,,,,,,,,,2BC06A22-A67E-11F1-9937-005056B98D90,,
2026-09-02T03:46:15.869899Z,4985,dc.scaffold.htb,Microsoft-Windows-Security-Auditing,Security,23868,0,,,,,,,,,,,,,,,,,,,,48,,,,,,,,0x173c,C:\Windows\WinSxS\amd64_microsoft-windows-servicingstack_31bf3856ad364e35_10.0.20348.5480_none_b1d14f82f983de4b\TiWorker.exe,,,DA4CB52F-4F22-11F1-A9A6-8906DE6815CD,SCAFFOLD,0x3e7,DC$,S-1-5-18,,,,,,,,,2BC06A2E-A67E-11F1-9937-005056B98D90,,
2026-09-02T03:46:15.970218Z,4985,dc.scaffold.htb,Microsoft-Windows-Security-Auditing,Security,23869,0,,,,,,,,,,,,,,,,,,,,52,,,,,,,,0x173c,C:\Windows\WinSxS\amd64_microsoft-windows-servicingstack_31bf3856ad364e35_10.0.20348.5480_none_b1d14f82f983de4b\TiWorker.exe,,,DA4CB52F-4F22-11F1-A9A6-8906DE6815CD,SCAFFOLD,0x3e7,DC$,S-1-5-18,,,,,,,,,2BC06A2E-A67E-11F1-9937-005056B98D90,,
2026-09-02T03:46:16.016479Z,4985,dc.scaffold.htb,Microsoft-Windows-Security-Auditing,Security,23870,0,,,,,,,,,,,,,,,,,,,,48,,,,,,,,0x173c,C:\Windows\WinSxS\amd64_microsoft-windows-servicingstack_31bf3856ad364e35_10.0.20348.5480_none_b1d14f82f983de4b\TiWorker.exe,,,DA4CB52F-4F22-11F1-A9A6-8906DE6815CD,SCAFFOLD,0x3e7,DC$,S-1-5-18,,,,,,,,,2BC06A3A-A67E-11F1-9937-005056B98D90,,
2026-09-02T03:46:16.030033Z,4985,dc.scaffold.htb,Microsoft-Windows-Security-Auditing,Security,23871,0,,,,,,,,,,,,,,,,,,,,52,,,,,,,,0x173c,C:\Windows\WinSxS\amd64_microsoft-windows-servicingstack_31bf3856ad364e35_10.0.20348.5480_none_b1d14f82f983de4b\TiWorker.exe,,,DA4CB52F-4F22-11F1-A9A6-8906DE6815CD,SCAFFOLD,0x3e7,DC$,S-1-5-18,,,,,,,,,2BC06A3A-A67E-11F1-9937-005056B98D90,,
2026-09-02T03:46:16.254348Z,4985,dc.scaffold.htb,Microsoft-Windows-Security-Auditing,Security,23872,0,,,,,,,,,,,,,,,,,,,,48,,,,,,,,0x173c,C:\Windows\WinSxS\amd64_microsoft-windows-servicingstack_31bf3856ad364e35_10.0.20348.5480_none_b1d14f82f983de4b\TiWorker.exe,,,DA4CB52F-4F22-11F1-A9A6-8906DE6815CD,SCAFFOLD,0x3e7,DC$,S-1-5-18,,,,,,,,,2BC06A46-A67E-11F1-9937-005056B98D90,,
2026-09-02T03:46:16.285478Z,4985,dc.scaffold.htb,Microsoft-Windows-Security-Auditing,Security,23873,0,,,,,,,,,,,,,,,,,,,,52,,,,,,,,0x173c,C:\Windows\WinSxS\amd64_microsoft-windows-servicingstack_31bf3856ad364e35_10.0.20348.5480_none_b1d14f82f983de4b\TiWorker.exe,,,DA4CB52F-4F22-11F1-A9A6-8906DE6815CD,SCAFFOLD,0x3e7,DC$,S-1-5-18,,,,,,,,,2BC06A46-A67E-11F1-9937-005056B98D90,,
2026-09-02T03:46:16.351433Z,4985,dc.scaffold.htb,Microsoft-Windows-Security-Auditing,Security,23874,0,,,,,,,,,,,,,,,,,,,,48,,,,,,,,0x173c,C:\Windows\WinSxS\amd64_microsoft-windows-servicingstack_31bf3856ad364e35_10.0.20348.5480_none_b1d14f82f983de4b\TiWorker.exe,,,DA4CB52F-4F22-11F1-A9A6-8906DE6815CD,SCAFFOLD,0x3e7,DC$,S-1-5-18,,,,,,,,,2BC06A52-A67E-11F1-9937-005056B98D90,,
2026-09-02T03:46:16.390657Z,4985,dc.scaffold.htb,Microsoft-Windows-Security-Auditing,Security,23875,0,,,,,,,,,,,,,,,,,,,,52,,,,,,,,0x173c,C:\Windows\WinSxS\amd64_microsoft-windows-servicingstack_31bf3856ad364e35_10.0.20348.5480_none_b1d14f82f983de4b\TiWorker.exe,,,DA4CB52F-4F22-11F1-A9A6-8906DE6815CD,SCAFFOLD,0x3e7,DC$,S-1-5-18,,,,,,,,,2BC06A52-A67E-11F1-9937-005056B98D90,,
2026-09-02T03:46:16.427229Z,4985,dc.scaffold.htb,Microsoft-Windows-Security-Auditing,Security,23876,0,,,,,,,,,,,,,,,,,,,,48,,,,,,,,0x173c,C:\Windows\WinSxS\amd64_microsoft-windows-servicingstack_31bf3856ad364e35_10.0.20348.5480_none_b1d14f82f983de4b\TiWorker.exe,,,DA4CB52F-4F22-11F1-A9A6-8906DE6815CD,SCAFFOLD,0x3e7,DC$,S-1-5-18,,,,,,,,,2BC06A5E-A67E-11F1-9937-005056B98D90,,
2026-09-02T03:46:16.470308Z,4985,dc.scaffold.htb,Microsoft-Windows-Security-Auditing,Security,23877,0,,,,,,,,,,,,,,,,,,,,52,,,,,,,,0x173c,C:\Windows\WinSxS\amd64_microsoft-windows-servicingstack_31bf3856ad364e35_10.0.20348.5480_none_b1d14f82f983de4b\TiWorker.exe,,,DA4CB52F-4F22-11F1-A9A6-8906DE6815CD,SCAFFOLD,0x3e7,DC$,S-1-5-18,,,,,,,,,2BC06A5E-A67E-11F1-9937-005056B98D90,,
2026-09-02T03:46:16.544353Z,4985,dc.scaffold.htb,Microsoft-Windows-Security-Auditing,Security,23878,0,,,,,,,,,,,,,,,,,,,,48,,,,,,,,0x173c,C:\Windows\WinSxS\amd64_microsoft-windows-servicingstack_31bf3856ad364e35_10.0.20348.5480_none_b1d14f82f983de4b\TiWorker.exe,,,DA4CB52F-4F22-11F1-A9A6-8906DE6815CD,SCAFFOLD,0x3e7,DC$,S-1-5-18,,,,,,,,,2BC06A6A-A67E-11F1-9937-005056B98D90,,
2026-09-02T03:46:16.587415Z,4985,dc.scaffold.htb,Microsoft-Windows-Security-Auditing,Security,23879,0,,,,,,,,,,,,,,,,,,,,52,,,,,,,,0x173c,C:\Windows\WinSxS\amd64_microsoft-windows-servicingstack_31bf3856ad364e35_10.0.20348.5480_none_b1d14f82f983de4b\TiWorker.exe,,,DA4CB52F-4F22-11F1-A9A6-8906DE6815CD,SCAFFOLD,0x3e7,DC$,S-1-5-18,,,,,,,,,2BC06A6A-A67E-11F1-9937-005056B98D90,,
2026-09-02T03:46:16.748586Z,4985,dc.scaffold.htb,Microsoft-Windows-Security-Auditing,Security,23880,0,,,,,,,,,,,,,,,,,,,,48,,,,,,,,0x173c,C:\Windows\WinSxS\amd64_microsoft-windows-servicingstack_31bf3856ad364e35_10.0.20348.5480_none_b1d14f82f983de4b\TiWorker.exe,,,DA4CB52F-4F22-11F1-A9A6-8906DE6815CD,SCAFFOLD,0x3e7,DC$,S-1-5-18,,,,,,,,,2BC06A76-A67E-11F1-9937-005056B98D90,,
2026-09-02T03:46:16.968836Z,4985,dc.scaffold.htb,Microsoft-Windows-Security-Auditing,Security,23881,0,,,,,,,,,,,,,,,,,,,,52,,,,,,,,0x173c,C:\Windows\WinSxS\amd64_microsoft-windows-servicingstack_31bf3856ad364e35_10.0.20348.5480_none_b1d14f82f983de4b\TiWorker.exe,,,DA4CB52F-4F22-11F1-A9A6-8906DE6815CD,SCAFFOLD,0x3e7,DC$,S-1-5-18,,,,,,,,,2BC06A76-A67E-11F1-9937-005056B98D90,,
2026-09-02T03:46:19.729741Z,4664,dc.scaffold.htb,Microsoft-Windows-Security-Auditing,Security,23882,0,,,,,,,C:\Windows\WinSxS\amd64_microsoft-windows-t..s-clientactivexcore_31bf3856ad364e35_10.0.20348.587_none_185be5684fd5b0f9\mstscax.mof,,,,,,,C:\Windows\WinSxS\amd64_microsoft-windows-t..s-clientactivexcore_31bf3856ad364e35_10.0.20348.5499_none_d8602938f7e19a64\mstscax.mof,,,,,,,,,,,,,,,,,,,SCAFFOLD,0x3e7,DC$,S-1-5-18,,,,,,,,,00000000-0000-0000-0000-000000000000,,
2026-09-02T03:46:19.731983Z,4664,dc.scaffold.htb,Microsoft-Windows-Security-Auditing,Security,23883,0,,,,,,,C:\Windows\WinSxS\amd64_microsoft-windows-t..diafoundationplugin_31bf3856ad364e35_10.0.20348.143_none_60f934283dae00c1\tsmf.mof,,,,,,,C:\Windows\WinSxS\amd64_microsoft-windows-t..diafoundationplugin_31bf3856ad364e35_10.0.20348.5499_none_20d64108e5d6b3e8\tsmf.mof,,,,,,,,,,,,,,,,,,,SCAFFOLD,0x3e7,DC$,S-1-5-18,,,,,,,,,00000000-0000-0000-0000-000000000000,,
2026-09-02T03:46:19.739792Z,4664,dc.scaffold.htb,Microsoft-Windows-Security-Auditing,Security,23884,0,,,,,,,C:\Windows\WinSxS\amd64_microsoft-windows-t..rvices-perfcounters_31bf3856ad364e35_10.0.20348.1_none_d440efd40c436adc\tslabels.ini,,,,,,,C:\Windows\WinSxS\amd64_microsoft-windows-t..rvices-perfcounters_31bf3856ad364e35_10.0.20348.4405_none_f33b6a6c757df090\tslabels.ini,,,,,,,,,,,,,,,,,,,SCAFFOLD,0x3e7,DC$,S-1-5-18,,,,,,,,,00000000-0000-0000-0000-000000000000,,
2026-09-02T03:46:19.740658Z,4664,dc.scaffold.htb,Microsoft-Windows-Security-Auditing,Security,23885,0,,,,,,,C:\Windows\WinSxS\amd64_microsoft-windows-t..rvices-perfcounters_31bf3856ad364e35_10.0.20348.1_none_d440efd40c436adc\tslabels.h,,,,,,,C:\Windows\WinSxS\amd64_microsoft-windows-t..rvices-perfcounters_31bf3856ad364e35_10.0.20348.4405_none_f33b6a6c757df090\tslabels.h,,,,,,,,,,,,,,,,,,,SCAFFOLD,0x3e7,DC$,S-1-5-18,,,,,,,,,00000000-0000-0000-0000-000000000000,,
2026-09-02T03:46:19.775325Z,4664,dc.scaffold.htb,Microsoft-Windows-Security-Auditing,Security,23886,0,,,,,,,C:\Windows\WinSxS\amd64_microsoft-windows-t..minalservicesclient_31bf3856ad364e35_10.0.20348.261_none_3659c3aaab3a4319\mstsc.mof,,,,,,,C:\Windows\WinSxS\amd64_microsoft-windows-t..minalservicesclient_31bf3856ad364e35_10.0.20348.5499_none_f64e6f115350f3e5\mstsc.mof,,,,,,,,,,,,,,,,,,,SCAFFOLD,0x3e7,DC$,S-1-5-18,,,,,,,,,00000000-0000-0000-0000-000000000000,,
2026-09-02T03:46:20.199565Z,4664,dc.scaffold.htb,Microsoft-Windows-Security-Auditing,Security,23887,0,,,,,,,C:\Windows\WinSxS\amd64_microsoft-windows-van_31bf3856ad364e35_10.0.20348.1_none_358902902212399e\AvailableNetworkInfo.xsd,,,,,,,C:\Windows\WinSxS\amd64_microsoft-windows-van_31bf3856ad364e35_10.0.20348.2849_none_545bdfb48b6a00a8\AvailableNetworkInfo.xsd,,,,,,,,,,,,,,,,,,,SCAFFOLD,0x3e7,DC$,S-1-5-18,,,,,,,,,00000000-0000-0000-0000-000000000000,,
2026-09-02T03:46:20.260741Z,4664,dc.scaffold.htb,Microsoft-Windows-Security-Auditing,Security,23888,0,,,,,,,C:\Windows\WinSxS\amd64_microsoft-windows-a..ence-mitigations-c2_31bf3856ad364e35_10.0.20348.261_none_f4a0ae897c6e383f\msimain.sdb,,,,,,,C:\Windows\WinSxS\amd64_microsoft-windows-a..ence-mitigations-c2_31bf3856ad364e35_10.0.20348.2849_none_b465131c24a9e2a7\msimain.sdb,,,,,,,,,,,,,,,,,,,SCAFFOLD,0x3e7,DC$,S-1-5-18,,,,,,,,,00000000-0000-0000-0000-000000000000,,
2026-09-02T03:46:20.276529Z,4664,dc.scaffold.htb,Microsoft-Windows-Security-Auditing,Security,23889,0,,,,,,,C:\Windows\WinSxS\amd64_microsoft-windows-w..emassessmenttoolapi_31bf3856ad364e35_10.0.20348.1_none_6d0d5f9dc0a0fa3f\Winsat.mof,,,,,,,C:\Windows\WinSxS\amd64_microsoft-windows-w..emassessmenttoolapi_31bf3856ad364e35_10.0.20348.2849_none_8be03cc229f8c149\Winsat.mof,,,,,,,,,,,,,,,,,,,SCAFFOLD,0x3e7,DC$,S-1-5-18,,,,,,,,,00000000-0000-0000-0000-000000000000,,
2026-09-02T03:46:20.277286Z,4664,dc.scaffold.htb,Microsoft-Windows-Security-Auditing,Security,23890,0,,,,,,,C:\Windows\WinSxS\amd64_microsoft-windows-w..emassessmenttoolapi_31bf3856ad364e35_10.0.20348.1_none_6d0d5f9dc0a0fa3f\WinsatUninstall.mof,,,,,,,C:\Windows\WinSxS\amd64_microsoft-windows-w..emassessmenttoolapi_31bf3856ad364e35_10.0.20348.2849_none_8be03cc229f8c149\WinsatUninstall.mof,,,,,,,,,,,,,,,,,,,SCAFFOLD,0x3e7,DC$,S-1-5-18,,,,,,,,,00000000-0000-0000-0000-000000000000,,
2026-09-02T03:46:20.282245Z,4664,dc.scaffold.htb,Microsoft-Windows-Security-Auditing,Security,23891,0,,,,,,,C:\Windows\WinSxS\amd64_microsoft-windows-e..llment-winrt-client_31bf3856ad364e35_10.0.20348.502_none_433d883bf829eb56\@EnrollmentToastIcon.png,,,,,,,C:\Windows\WinSxS\amd64_microsoft-windows-e..llment-winrt-client_31bf3856ad364e35_10.0.20348.5499_none_02f04e1ea07232fc\@EnrollmentToastIcon.png,,,,,,,,,,,,,,,,,,,SCAFFOLD,0x3e7,DC$,S-1-5-18,,,,,,,,,00000000-0000-0000-0000-000000000000,,
2026-09-02T03:46:20.306890Z,4664,dc.scaffold.htb,Microsoft-Windows-Security-Auditing,Security,23892,0,,,,,,,C:\Windows\WinSxS\amd64_microsoft-windows-fileexplorer.appxmain_31bf3856ad364e35_10.0.20348.1_none_f2da2d3ec67157be\BitMDL2.ttf,,,,,,,C:\Windows\WinSxS\amd64_microsoft-windows-fileexplorer.appxmain_31bf3856ad364e35_10.0.20348.3451_none_11da02832fa6f87a\BitMDL2.ttf,,,,,,,,,,,,,,,,,,,SCAFFOLD,0x3e7,DC$,S-1-5-18,,,,,,,,,00000000-0000-0000-0000-000000000000,,
2026-09-02T03:46:20.307542Z,4664,dc.scaffold.htb,Microsoft-Windows-Security-Auditing,Security,23893,0,,,,,,,C:\Windows\WinSxS\amd64_microsoft-windows-fileexplorer.appxmain_31bf3856ad364e35_10.0.20348.1_none_f2da2d3ec67157be\Folder_Large.scale-100.png,,,,,,,C:\Windows\WinSxS\amd64_microsoft-windows-fileexplorer.appxmain_31bf3856ad364e35_10.0.20348.3451_none_11da02832fa6f87a\Folder_Large.scale-100.png,,,,,,,,,,,,,,,,,,,SCAFFOLD,0x3e7,DC$,S-1-5-18,,,,,,,,,00000000-0000-0000-0000-000000000000,,
2026-09-02T03:46:20.317760Z,4664,dc.scaffold.htb,Microsoft-Windows-Security-Auditing,Security,23894,0,,,,,,,C:\Windows\WinSxS\amd64_microsoft-windows-fileexplorer.appxmain_31bf3856ad364e35_10.0.20348.1_none_f2da2d3ec67157be\Folder_Large.scale-200.png,,,,,,,C:\Windows\WinSxS\amd64_microsoft-windows-fileexplorer.appxmain_31bf3856ad364e35_10.0.20348.3451_none_11da02832fa6f87a\Folder_Large.scale-200.png,,,,,,,,,,,,,,,,,,,SCAFFOLD,0x3e7,DC$,S-1-5-18,,,,,,,,,00000000-0000-0000-0000-000000000000,,
2026-09-02T03:46:20.318515Z,4664,dc.scaffold.htb,Microsoft-Windows-Security-Auditing,Security,23895,0,,,,,,,C:\Windows\WinSxS\amd64_microsoft-windows-fileexplorer.appxmain_31bf3856ad364e35_10.0.20348.1_none_f2da2d3ec67157be\Folder_Large.scale-400.png,,,,,,,C:\Windows\WinSxS\amd64_microsoft-windows-fileexplorer.appxmain_31bf3856ad364e35_10.0.20348.3451_none_11da02832fa6f87a\Folder_Large.scale-400.png,,,,,,,,,,,,,,,,,,,SCAFFOLD,0x3e7,DC$,S-1-5-18,,,,,,,,,00000000-0000-0000-0000-000000000000,,
2026-09-02T03:46:20.319203Z,4664,dc.scaffold.htb,Microsoft-Windows-Security-Auditing,Security,23896,0,,,,,,,C:\Windows\WinSxS\amd64_microsoft-windows-fileexplorer.appxmain_31bf3856ad364e35_10.0.20348.1_none_f2da2d3ec67157be\Folder_Small.scale-100.png,,,,,,,C:\Windows\WinSxS\amd64_microsoft-windows-fileexplorer.appxmain_31bf3856ad364e35_10.0.20348.3451_none_11da02832fa6f87a\Folder_Small.scale-100.png,,,,,,,,,,,,,,,,,,,SCAFFOLD,0x3e7,DC$,S-1-5-18,,,,,,,,,00000000-0000-0000-0000-000000000000,,
2026-09-02T03:46:20.319753Z,4664,dc.scaffold.htb,Microsoft-Windows-Security-Auditing,Security,23897,0,,,,,,,C:\Windows\WinSxS\amd64_microsoft-windows-fileexplorer.appxmain_31bf3856ad364e35_10.0.20348.1_none_f2da2d3ec67157be\Folder_Small.scale-200.png,,,,,,,C:\Windows\WinSxS\amd64_microsoft-windows-fileexplorer.appxmain_31bf3856ad364e35_10.0.20348.3451_none_11da02832fa6f87a\Folder_Small.scale-200.png,,,,,,,,,,,,,,,,,,,SCAFFOLD,0x3e7,DC$,S-1-5-18,,,,,,,,,00000000-0000-0000-0000-000000000000,,
2026-09-02T03:46:20.320267Z,4664,dc.scaffold.htb,Microsoft-Windows-Security-Auditing,Security,23898,0,,,,,,,C:\Windows\WinSxS\amd64_microsoft-windows-fileexplorer.appxmain_31bf3856ad364e35_10.0.20348.1_none_f2da2d3ec67157be\Folder_Small.scale-400.png,,,,,,,C:\Windows\WinSxS\amd64_microsoft-windows-fileexplorer.appxmain_31bf3856ad364e35_10.0.20348.3451_none_11da02832fa6f87a\Folder_Small.scale-400.png,,,,,,,,,,,,,,,,,,,SCAFFOLD,0x3e7,DC$,S-1-5-18,,,,,,,,,00000000-0000-0000-0000-000000000000,,
2026-09-02T03:46:20.320793Z,4664,dc.scaffold.htb,Microsoft-Windows-Security-Auditing,Security,23899,0,,,,,,,C:\Windows\WinSxS\amd64_microsoft-windows-fileexplorer.appxmain_31bf3856ad364e35_10.0.20348.1_none_f2da2d3ec67157be\SplashScreen.scale-100.png,,,,,,,C:\Windows\WinSxS\amd64_microsoft-windows-fileexplorer.appxmain_31bf3856ad364e35_10.0.20348.3451_none_11da02832fa6f87a\SplashScreen.scale-100.png,,,,,,,,,,,,,,,,,,,SCAFFOLD,0x3e7,DC$,S-1-5-18,,,,,,,,,00000000-0000-0000-0000-000000000000,,
2026-09-02T03:46:20.322329Z,4664,dc.scaffold.htb,Microsoft-Windows-Security-Auditing,Security,23900,0,,,,,,,C:\Windows\WinSxS\amd64_microsoft-windows-fileexplorer.appxmain_31bf3856ad364e35_10.0.20348.1_none_f2da2d3ec67157be\SquareTile150x150.scale-100.png,,,,,,,C:\Windows\WinSxS\amd64_microsoft-windows-fileexplorer.appxmain_31bf3856ad364e35_10.0.20348.3451_none_11da02832fa6f87a\SquareTile150x150.scale-100.png,,,,,,,,,,,,,,,,,,,SCAFFOLD,0x3e7,DC$,S-1-5-18,,,,,,,,,00000000-0000-0000-0000-000000000000,,
2026-09-02T03:46:20.323247Z,4664,dc.scaffold.htb,Microsoft-Windows-Security-Auditing,Security,23901,0,,,,,,,C:\Windows\WinSxS\amd64_microsoft-windows-fileexplorer.appxmain_31bf3856ad364e35_10.0.20348.1_none_f2da2d3ec67157be\SquareTile150x150.scale-200.png,,,,,,,C:\Windows\WinSxS\amd64_microsoft-windows-fileexplorer.appxmain_31bf3856ad364e35_10.0.20348.3451_none_11da02832fa6f87a\SquareTile150x150.scale-200.png,,,,,,,,,,,,,,,,,,,SCAFFOLD,0x3e7,DC$,S-1-5-18,,,,,,,,,00000000-0000-0000-0000-000000000000,,
2026-09-02T03:46:20.323790Z,4664,dc.scaffold.htb,Microsoft-Windows-Security-Auditing,Security,23902,0,,,,,,,C:\Windows\WinSxS\amd64_microsoft-windows-fileexplorer.appxmain_31bf3856ad364e35_10.0.20348.1_none_f2da2d3ec67157be\SquareTile150x150.scale-400.png,,,,,,,C:\Windows\WinSxS\amd64_microsoft-windows-fileexplorer.appxmain_31bf3856ad364e35_10.0.20348.3451_none_11da02832fa6f87a\SquareTile150x150.scale-400.png,,,,,,,,,,,,,,,,,,,SCAFFOLD,0x3e7,DC$,S-1-5-18,,,,,,,,,00000000-0000-0000-0000-000000000000,,
2026-09-02T03:46:20.325208Z,4664,dc.scaffold.htb,Microsoft-Windows-Security-Auditing,Security,23903,0,,,,,,,C:\Windows\WinSxS\amd64_microsoft-windows-fileexplorer.appxmain_31bf3856ad364e35_10.0.20348.1_none_f2da2d3ec67157be\SquareTile310x150.scale-100.png,,,,,,,C:\Windows\WinSxS\amd64_microsoft-windows-fileexplorer.appxmain_31bf3856ad364e35_10.0.20348.3451_none_11da02832fa6f87a\SquareTile310x150.scale-100.png,,,,,,,,,,,,,,,,,,,SCAFFOLD,0x3e7,DC$,S-1-5-18,,,,,,,,,00000000-0000-0000-0000-000000000000,,
2026-09-02T03:46:20.325778Z,4664,dc.scaffold.htb,Microsoft-Windows-Security-Auditing,Security,23904,0,,,,,,,C:\Windows\WinSxS\amd64_microsoft-windows-fileexplorer.appxmain_31bf3856ad364e35_10.0.20348.1_none_f2da2d3ec67157be\SquareTile310x150.scale-200.png,,,,,,,C:\Windows\WinSxS\amd64_microsoft-windows-fileexplorer.appxmain_31bf3856ad364e35_10.0.20348.3451_none_11da02832fa6f87a\SquareTile310x150.scale-200.png,,,,,,,,,,,,,,,,,,,SCAFFOLD,0x3e7,DC$,S-1-5-18,,,,,,,,,00000000-0000-0000-0000-000000000000,,
2026-09-02T03:46:20.326321Z,4664,dc.scaffold.htb,Microsoft-Windows-Security-Auditing,Security,23905,0,,,,,,,C:\Windows\WinSxS\amd64_microsoft-windows-fileexplorer.appxmain_31bf3856ad364e35_10.0.20348.1_none_f2da2d3ec67157be\SquareTile310x150.scale-400.png,,,,,,,C:\Windows\WinSxS\amd64_microsoft-windows-fileexplorer.appxmain_31bf3856ad364e35_10.0.20348.3451_none_11da02832fa6f87a\SquareTile310x150.scale-400.png,,,,,,,,,,,,,,,,,,,SCAFFOLD,0x3e7,DC$,S-1-5-18,,,,,,,,,00000000-0000-0000-0000-000000000000,,
2026-09-02T03:46:20.326925Z,4664,dc.scaffold.htb,Microsoft-Windows-Security-Auditing,Security,23906,0,,,,,,,C:\Windows\WinSxS\amd64_microsoft-windows-fileexplorer.appxmain_31bf3856ad364e35_10.0.20348.1_none_f2da2d3ec67157be\SquareTile44x44.scale-100.png,,,,,,,C:\Windows\WinSxS\amd64_microsoft-windows-fileexplorer.appxmain_31bf3856ad364e35_10.0.20348.3451_none_11da02832fa6f87a\SquareTile44x44.scale-100.png,,,,,,,,,,,,,,,,,,,SCAFFOLD,0x3e7,DC$,S-1-5-18,,,,,,,,,00000000-0000-0000-0000-000000000000,,
2026-09-02T03:46:20.327486Z,4664,dc.scaffold.htb,Microsoft-Windows-Security-Auditing,Security,23907,0,,,,,,,C:\Windows\WinSxS\amd64_microsoft-windows-fileexplorer.appxmain_31bf3856ad364e35_10.0.20348.1_none_f2da2d3ec67157be\SquareTile44x44.scale-200.png,,,,,,,C:\Windows\WinSxS\amd64_microsoft-windows-fileexplorer.appxmain_31bf3856ad364e35_10.0.20348.3451_none_11da02832fa6f87a\SquareTile44x44.scale-200.png,,,,,,,,,,,,,,,,,,,SCAFFOLD,0x3e7,DC$,S-1-5-18,,,,,,,,,00000000-0000-0000-0000-000000000000,,
2026-09-02T03:46:20.328129Z,4664,dc.scaffold.htb,Microsoft-Windows-Security-Auditing,Security,23908,0,,,,,,,C:\Windows\WinSxS\amd64_microsoft-windows-fileexplorer.appxmain_31bf3856ad364e35_10.0.20348.1_none_f2da2d3ec67157be\SquareTile44x44.scale-400.png,,,,,,,C:\Windows\WinSxS\amd64_microsoft-windows-fileexplorer.appxmain_31bf3856ad364e35_10.0.20348.3451_none_11da02832fa6f87a\SquareTile44x44.scale-400.png,,,,,,,,,,,,,,,,,,,SCAFFOLD,0x3e7,DC$,S-1-5-18,,,,,,,,,00000000-0000-0000-0000-000000000000,,
2026-09-02T03:46:20.328891Z,4664,dc.scaffold.htb,Microsoft-Windows-Security-Auditing,Security,23909,0,,,,,,,C:\Windows\WinSxS\amd64_microsoft-windows-fileexplorer.appxmain_31bf3856ad364e35_10.0.20348.1_none_f2da2d3ec67157be\SquareTile44x44.targetsize-24.png,,,,,,,C:\Windows\WinSxS\amd64_microsoft-windows-fileexplorer.appxmain_31bf3856ad364e35_10.0.20348.3451_none_11da02832fa6f87a\SquareTile44x44.targetsize-24.png,,,,,,,,,,,,,,,,,,,SCAFFOLD,0x3e7,DC$,S-1-5-18,,,,,,,,,00000000-0000-0000-0000-000000000000,,
2026-09-02T03:46:20.329639Z,4664,dc.scaffold.htb,Microsoft-Windows-Security-Auditing,Security,23910,0,,,,,,,C:\Windows\WinSxS\amd64_microsoft-windows-fileexplorer.appxmain_31bf3856ad364e35_10.0.20348.1_none_f2da2d3ec67157be\SquareTile44x44.targetsize-256_altform-lightunplated_devicefamily-colorfulunplated.png,,,,,,,C:\Windows\WinSxS\amd64_microsoft-windows-fileexplorer.appxmain_31bf3856ad364e35_10.0.20348.3451_none_11da02832fa6f87a\SquareTile44x44.targetsize-256_altform-lightunplated_devicefamily-colorfulunplated.png,,,,,,,,,,,,,,,,,,,SCAFFOLD,0x3e7,DC$,S-1-5-18,,,,,,,,,00000000-0000-0000-0000-000000000000,,
2026-09-02T03:46:20.330466Z,4664,dc.scaffold.htb,Microsoft-Windows-Security-Auditing,Security,23911,0,,,,,,,C:\Windows\WinSxS\amd64_microsoft-windows-fileexplorer.appxmain_31bf3856ad364e35_10.0.20348.1_none_f2da2d3ec67157be\SquareTile44x44.targetsize-256_altform-unplated_contrast-black_devicefamily-colorfulunplated.png,,,,,,,C:\Windows\WinSxS\amd64_microsoft-windows-fileexplorer.appxmain_31bf3856ad364e35_10.0.20348.3451_none_11da02832fa6f87a\SquareTile44x44.targetsize-256_altform-unplated_contrast-black_devicefamily-colorfulunplated.png,,,,,,,,,,,,,,,,,,,SCAFFOLD,0x3e7,DC$,S-1-5-18,,,,,,,,,00000000-0000-0000-0000-000000000000,,
2026-09-02T03:46:20.338160Z,4664,dc.scaffold.htb,Microsoft-Windows-Security-Auditing,Security,23912,0,,,,,,,C:\Windows\WinSxS\amd64_microsoft-windows-fileexplorer.appxmain_31bf3856ad364e35_10.0.20348.1_none_f2da2d3ec67157be\SquareTile44x44.targetsize-256_altform-unplated_contrast-white_devicefamily-colorfulunplated.png,,,,,,,C:\Windows\WinSxS\amd64_microsoft-windows-fileexplorer.appxmain_31bf3856ad364e35_10.0.20348.3451_none_11da02832fa6f87a\SquareTile44x44.targetsize-256_altform-unplated_contrast-white_devicefamily-colorfulunplated.png,,,,,,,,,,,,,,,,,,,SCAFFOLD,0x3e7,DC$,S-1-5-18,,,,,,,,,00000000-0000-0000-0000-000000000000,,
2026-09-02T03:46:20.339070Z,4664,dc.scaffold.htb,Microsoft-Windows-Security-Auditing,Security,23913,0,,,,,,,C:\Windows\WinSxS\amd64_microsoft-windows-fileexplorer.appxmain_31bf3856ad364e35_10.0.20348.1_none_f2da2d3ec67157be\SquareTile44x44.targetsize-256_altform-unplated_devicefamily-colorfulunplated.png,,,,,,,C:\Windows\WinSxS\amd64_microsoft-windows-fileexplorer.appxmain_31bf3856ad364e35_10.0.20348.3451_none_11da02832fa6f87a\SquareTile44x44.targetsize-256_altform-unplated_devicefamily-colorfulunplated.png,,,,,,,,,,,,,,,,,,,SCAFFOLD,0x3e7,DC$,S-1-5-18,,,,,,,,,00000000-0000-0000-0000-000000000000,,
2026-09-02T03:46:20.339982Z,4664,dc.scaffold.htb,Microsoft-Windows-Security-Auditing,Security,23914,0,,,,,,,C:\Windows\WinSxS\amd64_microsoft-windows-fileexplorer.appxmain_31bf3856ad364e35_10.0.20348.1_none_f2da2d3ec67157be\SquareTile44x44.targetsize-48_altform-lightunplated_devicefamily-colorfulunplated.png,,,,,,,C:\Windows\WinSxS\amd64_microsoft-windows-fileexplorer.appxmain_31bf3856ad364e35_10.0.20348.3451_none_11da02832fa6f87a\SquareTile44x44.targetsize-48_altform-lightunplated_devicefamily-colorfulunplated.png,,,,,,,,,,,,,,,,,,,SCAFFOLD,0x3e7,DC$,S-1-5-18,,,,,,,,,00000000-0000-0000-0000-000000000000,,
2026-09-02T03:46:20.354954Z,4664,dc.scaffold.htb,Microsoft-Windows-Security-Auditing,Security,23915,0,,,,,,,C:\Windows\WinSxS\amd64_microsoft-windows-fileexplorer.appxmain_31bf3856ad364e35_10.0.20348.1_none_f2da2d3ec67157be\SquareTile44x44.targetsize-48_altform-unplated_contrast-black_devicefamily-colorfulunplated.png,,,,,,,C:\Windows\WinSxS\amd64_microsoft-windows-fileexplorer.appxmain_31bf3856ad364e35_10.0.20348.3451_none_11da02832fa6f87a\SquareTile44x44.targetsize-48_altform-unplated_contrast-black_devicefamily-colorfulunplated.png,,,,,,,,,,,,,,,,,,,SCAFFOLD,0x3e7,DC$,S-1-5-18,,,,,,,,,00000000-0000-0000-0000-000000000000,,
2026-09-02T03:46:20.355143Z,4664,dc.scaffold.htb,Microsoft-Windows-Security-Auditing,Security,23916,0,,,,,,,C:\Windows\WinSxS\amd64_microsoft-windows-fileexplorer.appxmain_31bf3856ad364e35_10.0.20348.1_none_f2da2d3ec67157be\SquareTile44x44.targetsize-48_altform-unplated_contrast-white_devicefamily-colorfulunplated.png,,,,,,,C:\Windows\WinSxS\amd64_microsoft-windows-fileexplorer.appxmain_31bf3856ad364e35_10.0.20348.3451_none_11da02832fa6f87a\SquareTile44x44.targetsize-48_altform-unplated_contrast-white_devicefamily-colorfulunplated.png,,,,,,,,,,,,,,,,,,,SCAFFOLD,0x3e7,DC$,S-1-5-18,,,,,,,,,00000000-0000-0000-0000-000000000000,,
2026-09-02T03:46:20.355148Z,4664,dc.scaffold.htb,Microsoft-Windows-Security-Auditing,Security,23917,0,,,,,,,C:\Windows\WinSxS\amd64_microsoft-windows-fileexplorer.appxmain_31bf3856ad364e35_10.0.20348.1_none_f2da2d3ec67157be\SquareTile44x44.targetsize-48_altform-unplated_devicefamily-colorfulunplated.png,,,,,,,C:\Windows\WinSxS\amd64_microsoft-windows-fileexplorer.appxmain_31bf3856ad364e35_10.0.20348.3451_none_11da02832fa6f87a\SquareTile44x44.targetsize-48_altform-unplated_devicefamily-colorfulunplated.png,,,,,,,,,,,,,,,,,,,SCAFFOLD,0x3e7,DC$,S-1-5-18,,,,,,,,,00000000-0000-0000-0000-000000000000,,
2026-09-02T03:46:20.355153Z,4664,dc.scaffold.htb,Microsoft-Windows-Security-Auditing,Security,23918,0,,,,,,,C:\Windows\WinSxS\amd64_microsoft-windows-fileexplorer.appxmain_31bf3856ad364e35_10.0.20348.1_none_f2da2d3ec67157be\SquareTile44x44.targetsize-96_altform-lightunplated_devicefamily-colorfulunplated.png,,,,,,,C:\Windows\WinSxS\amd64_microsoft-windows-fileexplorer.appxmain_31bf3856ad364e35_10.0.20348.3451_none_11da02832fa6f87a\SquareTile44x44.targetsize-96_altform-lightunplated_devicefamily-colorfulunplated.png,,,,,,,,,,,,,,,,,,,SCAFFOLD,0x3e7,DC$,S-1-5-18,,,,,,,,,00000000-0000-0000-0000-000000000000,,
2026-09-02T03:46:20.355157Z,4664,dc.scaffold.htb,Microsoft-Windows-Security-Auditing,Security,23919,0,,,,,,,C:\Windows\WinSxS\amd64_microsoft-windows-fileexplorer.appxmain_31bf3856ad364e35_10.0.20348.1_none_f2da2d3ec67157be\SquareTile44x44.targetsize-96_altform-unplated_contrast-black_devicefamily-colorfulunplated.png,,,,,,,C:\Windows\WinSxS\amd64_microsoft-windows-fileexplorer.appxmain_31bf3856ad364e35_10.0.20348.3451_none_11da02832fa6f87a\SquareTile44x44.targetsize-96_altform-unplated_contrast-black_devicefamily-colorfulunplated.png,,,,,,,,,,,,,,,,,,,SCAFFOLD,0x3e7,DC$,S-1-5-18,,,,,,,,,00000000-0000-0000-0000-000000000000,,
2026-09-02T03:46:20.355369Z,4664,dc.scaffold.htb,Microsoft-Windows-Security-Auditing,Security,23920,0,,,,,,,C:\Windows\WinSxS\amd64_microsoft-windows-fileexplorer.appxmain_31bf3856ad364e35_10.0.20348.1_none_f2da2d3ec67157be\SquareTile44x44.targetsize-96_altform-unplated_contrast-white_devicefamily-colorfulunplated.png,,,,,,,C:\Windows\WinSxS\amd64_microsoft-windows-fileexplorer.appxmain_31bf3856ad364e35_10.0.20348.3451_none_11da02832fa6f87a\SquareTile44x44.targetsize-96_altform-unplated_contrast-white_devicefamily-colorfulunplated.png,,,,,,,,,,,,,,,,,,,SCAFFOLD,0x3e7,DC$,S-1-5-18,,,,,,,,,00000000-0000-0000-0000-000000000000,,
2026-09-02T03:46:20.355988Z,4664,dc.scaffold.htb,Microsoft-Windows-Security-Auditing,Security,23921,0,,,,,,,C:\Windows\WinSxS\amd64_microsoft-windows-fileexplorer.appxmain_31bf3856ad364e35_10.0.20348.1_none_f2da2d3ec67157be\SquareTile44x44.targetsize-96_altform-unplated_devicefamily-colorfulunplated.png,,,,,,,C:\Windows\WinSxS\amd64_microsoft-windows-fileexplorer.appxmain_31bf3856ad364e35_10.0.20348.3451_none_11da02832fa6f87a\SquareTile44x44.targetsize-96_altform-unplated_devicefamily-colorfulunplated.png,,,,,,,,,,,,,,,,,,,SCAFFOLD,0x3e7,DC$,S-1-5-18,,,,,,,,,00000000-0000-0000-0000-000000000000,,
2026-09-02T03:46:20.356509Z,4664,dc.scaffold.htb,Microsoft-Windows-Security-Auditing,Security,23922,0,,,,,,,C:\Windows\WinSxS\amd64_microsoft-windows-fileexplorer.appxmain_31bf3856ad364e35_10.0.20348.1_none_f2da2d3ec67157be\SquareTile71x71.scale-100.png,,,,,,,C:\Windows\WinSxS\amd64_microsoft-windows-fileexplorer.appxmain_31bf3856ad364e35_10.0.20348.3451_none_11da02832fa6f87a\SquareTile71x71.scale-100.png,,,,,,,,,,,,,,,,,,,SCAFFOLD,0x3e7,DC$,S-1-5-18,,,,,,,,,00000000-0000-0000-0000-000000000000,,
2026-09-02T03:46:20.358702Z,4664,dc.scaffold.htb,Microsoft-Windows-Security-Auditing,Security,23923,0,,,,,,,C:\Windows\WinSxS\amd64_microsoft-windows-fileexplorer.appxmain_31bf3856ad364e35_10.0.20348.1_none_f2da2d3ec67157be\SquareTile71x71.scale-200.png,,,,,,,C:\Windows\WinSxS\amd64_microsoft-windows-fileexplorer.appxmain_31bf3856ad364e35_10.0.20348.3451_none_11da02832fa6f87a\SquareTile71x71.scale-200.png,,,,,,,,,,,,,,,,,,,SCAFFOLD,0x3e7,DC$,S-1-5-18,,,,,,,,,00000000-0000-0000-0000-000000000000,,
2026-09-02T03:46:20.359268Z,4664,dc.scaffold.htb,Microsoft-Windows-Security-Auditing,Security,23924,0,,,,,,,C:\Windows\WinSxS\amd64_microsoft-windows-fileexplorer.appxmain_31bf3856ad364e35_10.0.20348.1_none_f2da2d3ec67157be\SquareTile71x71.scale-400.png,,,,,,,C:\Windows\WinSxS\amd64_microsoft-windows-fileexplorer.appxmain_31bf3856ad364e35_10.0.20348.3451_none_11da02832fa6f87a\SquareTile71x71.scale-400.png,,,,,,,,,,,,,,,,,,,SCAFFOLD,0x3e7,DC$,S-1-5-18,,,,,,,,,00000000-0000-0000-0000-000000000000,,
2026-09-02T03:46:20.359926Z,4664,dc.scaffold.htb,Microsoft-Windows-Security-Auditing,Security,23925,0,,,,,,,C:\Windows\WinSxS\amd64_microsoft-windows-fileexplorer.appxmain_31bf3856ad364e35_10.0.20348.1_none_f2da2d3ec67157be\PPIRemovableStorageDevicesSquareTile44x44.scale-100.png,,,,,,,C:\Windows\WinSxS\amd64_microsoft-windows-fileexplorer.appxmain_31bf3856ad364e35_10.0.20348.3451_none_11da02832fa6f87a\PPIRemovableStorageDevicesSquareTile44x44.scale-100.png,,,,,,,,,,,,,,,,,,,SCAFFOLD,0x3e7,DC$,S-1-5-18,,,,,,,,,00000000-0000-0000-0000-000000000000,,
2026-09-02T03:46:20.360619Z,4664,dc.scaffold.htb,Microsoft-Windows-Security-Auditing,Security,23926,0,,,,,,,C:\Windows\WinSxS\amd64_microsoft-windows-fileexplorer.appxmain_31bf3856ad364e35_10.0.20348.1_none_f2da2d3ec67157be\PPIRemovableStorageDevicesSquareTile44x44.scale-200.png,,,,,,,C:\Windows\WinSxS\amd64_microsoft-windows-fileexplorer.appxmain_31bf3856ad364e35_10.0.20348.3451_none_11da02832fa6f87a\PPIRemovableStorageDevicesSquareTile44x44.scale-200.png,,,,,,,,,,,,,,,,,,,SCAFFOLD,0x3e7,DC$,S-1-5-18,,,,,,,,,00000000-0000-0000-0000-000000000000,,
2026-09-02T03:46:20.361250Z,4664,dc.scaffold.htb,Microsoft-Windows-Security-Auditing,Security,23927,0,,,,,,,C:\Windows\WinSxS\amd64_microsoft-windows-fileexplorer.appxmain_31bf3856ad364e35_10.0.20348.1_none_f2da2d3ec67157be\PPIRemovableStorageDevicesSquareTile44x44.scale-400.png,,,,,,,C:\Windows\WinSxS\amd64_microsoft-windows-fileexplorer.appxmain_31bf3856ad364e35_10.0.20348.3451_none_11da02832fa6f87a\PPIRemovableStorageDevicesSquareTile44x44.scale-400.png,,,,,,,,,,,,,,,,,,,SCAFFOLD,0x3e7,DC$,S-1-5-18,,,,,,,,,00000000-0000-0000-0000-000000000000,,
2026-09-02T03:46:20.361820Z,4664,dc.scaffold.htb,Microsoft-Windows-Security-Auditing,Security,23928,0,,,,,,,C:\Windows\WinSxS\amd64_microsoft-windows-fileexplorer.appxmain_31bf3856ad364e35_10.0.20348.1_none_f2da2d3ec67157be\PPIRemovableStorageDevicesSquareTile150x150.scale-100.png,,,,,,,C:\Windows\WinSxS\amd64_microsoft-windows-fileexplorer.appxmain_31bf3856ad364e35_10.0.20348.3451_none_11da02832fa6f87a\PPIRemovableStorageDevicesSquareTile150x150.scale-100.png,,,,,,,,,,,,,,,,,,,SCAFFOLD,0x3e7,DC$,S-1-5-18,,,,,,,,,00000000-0000-0000-0000-000000000000,,
2026-09-02T03:46:20.362364Z,4664,dc.scaffold.htb,Microsoft-Windows-Security-Auditing,Security,23929,0,,,,,,,C:\Windows\WinSxS\amd64_microsoft-windows-fileexplorer.appxmain_31bf3856ad364e35_10.0.20348.1_none_f2da2d3ec67157be\PPIRemovableStorageDevicesSquareTile150x150.scale-200.png,,,,,,,C:\Windows\WinSxS\amd64_microsoft-windows-fileexplorer.appxmain_31bf3856ad364e35_10.0.20348.3451_none_11da02832fa6f87a\PPIRemovableStorageDevicesSquareTile150x150.scale-200.png,,,,,,,,,,,,,,,,,,,SCAFFOLD,0x3e7,DC$,S-1-5-18,,,,,,,,,00000000-0000-0000-0000-000000000000,,
2026-09-02T03:46:20.362887Z,4664,dc.scaffold.htb,Microsoft-Windows-Security-Auditing,Security,23930,0,,,,,,,C:\Windows\WinSxS\amd64_microsoft-windows-fileexplorer.appxmain_31bf3856ad364e35_10.0.20348.1_none_f2da2d3ec67157be\PPIRemovableStorageDevicesSquareTile150x150.scale-400.png,,,,,,,C:\Windows\WinSxS\amd64_microsoft-windows-fileexplorer.appxmain_31bf3856ad364e35_10.0.20348.3451_none_11da02832fa6f87a\PPIRemovableStorageDevicesSquareTile150x150.scale-400.png,,,,,,,,,,,,,,,,,,,SCAFFOLD,0x3e7,DC$,S-1-5-18,,,,,,,,,00000000-0000-0000-0000-000000000000,,
2026-09-02T03:46:20.366635Z,4664,dc.scaffold.htb,Microsoft-Windows-Security-Auditing,Security,23931,0,,,,,,,C:\Windows\WinSxS\amd64_microsoft-windows-s..riencehost.appxmain_31bf3856ad364e35_10.0.20348.1_none_8649684fc7f51a5d\Logo.scale-100.png,,,,,,,C:\Windows\WinSxS\amd64_microsoft-windows-s..riencehost.appxmain_31bf3856ad364e35_10.0.20348.3692_none_a537881c313771f8\Logo.scale-100.png,,,,,,,,,,,,,,,,,,,SCAFFOLD,0x3e7,DC$,S-1-5-18,,,,,,,,,00000000-0000-0000-0000-000000000000,,
2026-09-02T03:46:20.367244Z,4664,dc.scaffold.htb,Microsoft-Windows-Security-Auditing,Security,23932,0,,,,,,,C:\Windows\WinSxS\amd64_microsoft-windows-s..riencehost.appxmain_31bf3856ad364e35_10.0.20348.1_none_8649684fc7f51a5d\SmallLogo.scale-100.png,,,,,,,C:\Windows\WinSxS\amd64_microsoft-windows-s..riencehost.appxmain_31bf3856ad364e35_10.0.20348.3692_none_a537881c313771f8\SmallLogo.scale-100.png,,,,,,,,,,,,,,,,,,,SCAFFOLD,0x3e7,DC$,S-1-5-18,,,,,,,,,00000000-0000-0000-0000-000000000000,,
2026-09-02T03:46:20.368340Z,4664,dc.scaffold.htb,Microsoft-Windows-Security-Auditing,Security,23933,0,,,,,,,C:\Windows\WinSxS\amd64_microsoft-windows-s..riencehost.appxmain_31bf3856ad364e35_10.0.20348.1_none_8649684fc7f51a5d\Splashscreen.scale-100.png,,,,,,,C:\Windows\WinSxS\amd64_microsoft-windows-s..riencehost.appxmain_31bf3856ad364e35_10.0.20348.3692_none_a537881c313771f8\Splashscreen.scale-100.png,,,,,,,,,,,,,,,,,,,SCAFFOLD,0x3e7,DC$,S-1-5-18,,,,,,,,,00000000-0000-0000-0000-000000000000,,
2026-09-02T03:46:20.369943Z,4664,dc.scaffold.htb,Microsoft-Windows-Security-Auditing,Security,23934,0,,,,,,,C:\Windows\WinSxS\amd64_microsoft-windows-s..riencehost.appxmain_31bf3856ad364e35_10.0.20348.1_none_8649684fc7f51a5d\StoreLogo.scale-100.png,,,,,,,C:\Windows\WinSxS\amd64_microsoft-windows-s..riencehost.appxmain_31bf3856ad364e35_10.0.20348.3692_none_a537881c313771f8\StoreLogo.scale-100.png,,,,,,,,,,,,,,,,,,,SCAFFOLD,0x3e7,DC$,S-1-5-18,,,,,,,,,00000000-0000-0000-0000-000000000000,,
2026-09-02T03:46:20.374296Z,4664,dc.scaffold.htb,Microsoft-Windows-Security-Auditing,Security,23935,0,,,,,,,C:\Windows\WinSxS\amd64_microsoft-windows-s..ncehost.shellcommon_31bf3856ad364e35_10.0.20348.502_none_31823ce7dfa015c0\CoreMDL2.1.69.ttf,,,,,,,C:\Windows\WinSxS\amd64_microsoft-windows-s..ncehost.shellcommon_31bf3856ad364e35_10.0.20348.3692_none_f11ffe9e87f7e793\CoreMDL2.1.69.ttf,,,,,,,,,,,,,,,,,,,SCAFFOLD,0x3e7,DC$,S-1-5-18,,,,,,,,,00000000-0000-0000-0000-000000000000,,
