2026-09-02T03:45:51.053314Z,4664,dc.scaffold.htb,Microsoft-Windows-Security-Auditing,Security,23415,0,,,,,,,C:\Windows\WinSxS\amd64_microsoft-windows-sechealthui.appxmain_31bf3856ad364e35_10.0.20348.502_none_9baff88d67ef2690\Threat.contrast-white.ico,,,,,,,C:\Windows\WinSxS\amd64_microsoft-windows-sechealthui.appxmain_31bf3856ad364e35_10.0.20348.5386_none_5b6cd26a102fec0b\Threat.contrast-white.ico,,,,,,,,,,,,,,,,,,,SCAFFOLD,0x3e7,DC$,S-1-5-18,,,,,,,,,00000000-0000-0000-0000-000000000000,,
2026-09-02T03:45:51.053823Z,4664,dc.scaffold.htb,Microsoft-Windows-Security-Auditing,Security,23416,0,,,,,,,C:\Windows\WinSxS\amd64_microsoft-windows-sechealthui.appxmain_31bf3856ad364e35_10.0.20348.502_none_9baff88d67ef2690\Account.theme-dark.ico,,,,,,,C:\Windows\WinSxS\amd64_microsoft-windows-sechealthui.appxmain_31bf3856ad364e35_10.0.20348.5386_none_5b6cd26a102fec0b\Account.theme-dark.ico,,,,,,,,,,,,,,,,,,,SCAFFOLD,0x3e7,DC$,S-1-5-18,,,,,,,,,00000000-0000-0000-0000-000000000000,,
2026-09-02T03:45:51.054522Z,4664,dc.scaffold.htb,Microsoft-Windows-Security-Auditing,Security,23417,0,,,,,,,C:\Windows\WinSxS\amd64_microsoft-windows-sechealthui.appxmain_31bf3856ad364e35_10.0.20348.502_none_9baff88d67ef2690\AppAndBrowser.theme-dark.ico,,,,,,,C:\Windows\WinSxS\amd64_microsoft-windows-sechealthui.appxmain_31bf3856ad364e35_10.0.20348.5386_none_5b6cd26a102fec0b\AppAndBrowser.theme-dark.ico,,,,,,,,,,,,,,,,,,,SCAFFOLD,0x3e7,DC$,S-1-5-18,,,,,,,,,00000000-0000-0000-0000-000000000000,,
2026-09-02T03:45:51.055110Z,4664,dc.scaffold.htb,Microsoft-Windows-Security-Auditing,Security,23418,0,,,,,,,C:\Windows\WinSxS\amd64_microsoft-windows-sechealthui.appxmain_31bf3856ad364e35_10.0.20348.502_none_9baff88d67ef2690\Device.theme-dark.ico,,,,,,,C:\Windows\WinSxS\amd64_microsoft-windows-sechealthui.appxmain_31bf3856ad364e35_10.0.20348.5386_none_5b6cd26a102fec0b\Device.theme-dark.ico,,,,,,,,,,,,,,,,,,,SCAFFOLD,0x3e7,DC$,S-1-5-18,,,,,,,,,00000000-0000-0000-0000-000000000000,,
2026-09-02T03:45:51.055763Z,4664,dc.scaffold.htb,Microsoft-Windows-Security-Auditing,Security,23419,0,,,,,,,C:\Windows\WinSxS\amd64_microsoft-windows-sechealthui.appxmain_31bf3856ad364e35_10.0.20348.502_none_9baff88d67ef2690\Family.theme-dark.ico,,,,,,,C:\Windows\WinSxS\amd64_microsoft-windows-sechealthui.appxmain_31bf3856ad364e35_10.0.20348.5386_none_5b6cd26a102fec0b\Family.theme-dark.ico,,,,,,,,,,,,,,,,,,,SCAFFOLD,0x3e7,DC$,S-1-5-18,,,,,,,,,00000000-0000-0000-0000-000000000000,,
2026-09-02T03:45:51.056321Z,4664,dc.scaffold.htb,Microsoft-Windows-Security-Auditing,Security,23420,0,,,,,,,C:\Windows\WinSxS\amd64_microsoft-windows-sechealthui.appxmain_31bf3856ad364e35_10.0.20348.502_none_9baff88d67ef2690\Health.theme-dark.ico,,,,,,,C:\Windows\WinSxS\amd64_microsoft-windows-sechealthui.appxmain_31bf3856ad364e35_10.0.20348.5386_none_5b6cd26a102fec0b\Health.theme-dark.ico,,,,,,,,,,,,,,,,,,,SCAFFOLD,0x3e7,DC$,S-1-5-18,,,,,,,,,00000000-0000-0000-0000-000000000000,,
2026-09-02T03:45:51.056877Z,4664,dc.scaffold.htb,Microsoft-Windows-Security-Auditing,Security,23421,0,,,,,,,C:\Windows\WinSxS\amd64_microsoft-windows-sechealthui.appxmain_31bf3856ad364e35_10.0.20348.502_none_9baff88d67ef2690\Network.theme-dark.ico,,,,,,,C:\Windows\WinSxS\amd64_microsoft-windows-sechealthui.appxmain_31bf3856ad364e35_10.0.20348.5386_none_5b6cd26a102fec0b\Network.theme-dark.ico,,,,,,,,,,,,,,,,,,,SCAFFOLD,0x3e7,DC$,S-1-5-18,,,,,,,,,00000000-0000-0000-0000-000000000000,,
2026-09-02T03:45:51.057433Z,4664,dc.scaffold.htb,Microsoft-Windows-Security-Auditing,Security,23422,0,,,,,,,C:\Windows\WinSxS\amd64_microsoft-windows-sechealthui.appxmain_31bf3856ad364e35_10.0.20348.502_none_9baff88d67ef2690\Threat.theme-dark.ico,,,,,,,C:\Windows\WinSxS\amd64_microsoft-windows-sechealthui.appxmain_31bf3856ad364e35_10.0.20348.5386_none_5b6cd26a102fec0b\Threat.theme-dark.ico,,,,,,,,,,,,,,,,,,,SCAFFOLD,0x3e7,DC$,S-1-5-18,,,,,,,,,00000000-0000-0000-0000-000000000000,,
2026-09-02T03:45:51.058392Z,4664,dc.scaffold.htb,Microsoft-Windows-Security-Auditing,Security,23423,0,,,,,,,C:\Windows\WinSxS\amd64_microsoft-windows-sechealthui.appxmain_31bf3856ad364e35_10.0.20348.502_none_9baff88d67ef2690\Account.theme-light.ico,,,,,,,C:\Windows\WinSxS\amd64_microsoft-windows-sechealthui.appxmain_31bf3856ad364e35_10.0.20348.5386_none_5b6cd26a102fec0b\Account.theme-light.ico,,,,,,,,,,,,,,,,,,,SCAFFOLD,0x3e7,DC$,S-1-5-18,,,,,,,,,00000000-0000-0000-0000-000000000000,,
2026-09-02T03:45:51.058994Z,4664,dc.scaffold.htb,Microsoft-Windows-Security-Auditing,Security,23424,0,,,,,,,C:\Windows\WinSxS\amd64_microsoft-windows-sechealthui.appxmain_31bf3856ad364e35_10.0.20348.502_none_9baff88d67ef2690\AppAndBrowser.theme-light.ico,,,,,,,C:\Windows\WinSxS\amd64_microsoft-windows-sechealthui.appxmain_31bf3856ad364e35_10.0.20348.5386_none_5b6cd26a102fec0b\AppAndBrowser.theme-light.ico,,,,,,,,,,,,,,,,,,,SCAFFOLD,0x3e7,DC$,S-1-5-18,,,,,,,,,00000000-0000-0000-0000-000000000000,,
2026-09-02T03:45:51.059544Z,4664,dc.scaffold.htb,Microsoft-Windows-Security-Auditing,Security,23425,0,,,,,,,C:\Windows\WinSxS\amd64_microsoft-windows-sechealthui.appxmain_31bf3856ad364e35_10.0.20348.502_none_9baff88d67ef2690\Device.theme-light.ico,,,,,,,C:\Windows\WinSxS\amd64_microsoft-windows-sechealthui.appxmain_31bf3856ad364e35_10.0.20348.5386_none_5b6cd26a102fec0b\Device.theme-light.ico,,,,,,,,,,,,,,,,,,,SCAFFOLD,0x3e7,DC$,S-1-5-18,,,,,,,,,00000000-0000-0000-0000-000000000000,,
2026-09-02T03:45:51.060151Z,4664,dc.scaffold.htb,Microsoft-Windows-Security-Auditing,Security,23426,0,,,,,,,C:\Windows\WinSxS\amd64_microsoft-windows-sechealthui.appxmain_31bf3856ad364e35_10.0.20348.502_none_9baff88d67ef2690\Family.theme-light.ico,,,,,,,C:\Windows\WinSxS\amd64_microsoft-windows-sechealthui.appxmain_31bf3856ad364e35_10.0.20348.5386_none_5b6cd26a102fec0b\Family.theme-light.ico,,,,,,,,,,,,,,,,,,,SCAFFOLD,0x3e7,DC$,S-1-5-18,,,,,,,,,00000000-0000-0000-0000-000000000000,,
2026-09-02T03:45:51.060696Z,4664,dc.scaffold.htb,Microsoft-Windows-Security-Auditing,Security,23427,0,,,,,,,C:\Windows\WinSxS\amd64_microsoft-windows-sechealthui.appxmain_31bf3856ad364e35_10.0.20348.502_none_9baff88d67ef2690\Health.theme-light.ico,,,,,,,C:\Windows\WinSxS\amd64_microsoft-windows-sechealthui.appxmain_31bf3856ad364e35_10.0.20348.5386_none_5b6cd26a102fec0b\Health.theme-light.ico,,,,,,,,,,,,,,,,,,,SCAFFOLD,0x3e7,DC$,S-1-5-18,,,,,,,,,00000000-0000-0000-0000-000000000000,,
2026-09-02T03:45:51.061452Z,4664,dc.scaffold.htb,Microsoft-Windows-Security-Auditing,Security,23428,0,,,,,,,C:\Windows\WinSxS\amd64_microsoft-windows-sechealthui.appxmain_31bf3856ad364e35_10.0.20348.502_none_9baff88d67ef2690\Network.theme-light.ico,,,,,,,C:\Windows\WinSxS\amd64_microsoft-windows-sechealthui.appxmain_31bf3856ad364e35_10.0.20348.5386_none_5b6cd26a102fec0b\Network.theme-light.ico,,,,,,,,,,,,,,,,,,,SCAFFOLD,0x3e7,DC$,S-1-5-18,,,,,,,,,00000000-0000-0000-0000-000000000000,,
2026-09-02T03:45:51.062043Z,4664,dc.scaffold.htb,Microsoft-Windows-Security-Auditing,Security,23429,0,,,,,,,C:\Windows\WinSxS\amd64_microsoft-windows-sechealthui.appxmain_31bf3856ad364e35_10.0.20348.502_none_9baff88d67ef2690\Threat.theme-light.ico,,,,,,,C:\Windows\WinSxS\amd64_microsoft-windows-sechealthui.appxmain_31bf3856ad364e35_10.0.20348.5386_none_5b6cd26a102fec0b\Threat.theme-light.ico,,,,,,,,,,,,,,,,,,,SCAFFOLD,0x3e7,DC$,S-1-5-18,,,,,,,,,00000000-0000-0000-0000-000000000000,,
2026-09-02T03:45:51.062613Z,4664,dc.scaffold.htb,Microsoft-Windows-Security-Auditing,Security,23430,0,,,,,,,C:\Windows\WinSxS\amd64_microsoft-windows-sechealthui.appxmain_31bf3856ad364e35_10.0.20348.502_none_9baff88d67ef2690\SetMDL2.ttf,,,,,,,C:\Windows\WinSxS\amd64_microsoft-windows-sechealthui.appxmain_31bf3856ad364e35_10.0.20348.5386_none_5b6cd26a102fec0b\SetMDL2.ttf,,,,,,,,,,,,,,,,,,,SCAFFOLD,0x3e7,DC$,S-1-5-18,,,,,,,,,00000000-0000-0000-0000-000000000000,,
2026-09-02T03:45:51.063195Z,4664,dc.scaffold.htb,Microsoft-Windows-Security-Auditing,Security,23431,0,,,,,,,C:\Windows\WinSxS\amd64_microsoft-windows-sechealthui.appxmain_31bf3856ad364e35_10.0.20348.502_none_9baff88d67ef2690\WDefMDL2.ttf,,,,,,,C:\Windows\WinSxS\amd64_microsoft-windows-sechealthui.appxmain_31bf3856ad364e35_10.0.20348.5386_none_5b6cd26a102fec0b\WDefMDL2.ttf,,,,,,,,,,,,,,,,,,,SCAFFOLD,0x3e7,DC$,S-1-5-18,,,,,,,,,00000000-0000-0000-0000-000000000000,,
2026-09-02T03:45:51.138797Z,4664,dc.scaffold.htb,Microsoft-Windows-Security-Auditing,Security,23432,0,,,,,,,C:\Windows\WinSxS\amd64_microsoft-windows-ui-shellcommoninetcore_31bf3856ad364e35_10.0.20348.1_none_44fe84cc9cf84922\BrowserMDL.ttf,,,,,,,C:\Windows\WinSxS\amd64_microsoft-windows-ui-shellcommoninetcore_31bf3856ad364e35_10.0.20348.3451_none_63fe5a11062de9de\BrowserMDL.ttf,,,,,,,,,,,,,,,,,,,SCAFFOLD,0x3e7,DC$,S-1-5-18,,,,,,,,,00000000-0000-0000-0000-000000000000,,
2026-09-02T03:45:51.146606Z,4664,dc.scaffold.htb,Microsoft-Windows-Security-Auditing,Security,23433,0,,,,,,,C:\Windows\WinSxS\amd64_microsoft-windows-m..elmanifests-windows_31bf3856ad364e35_10.0.20348.1_none_2acde0c2c58db9d4\win32k-settings-DL.man,,,,,,,C:\Windows\WinSxS\amd64_microsoft-windows-m..elmanifests-windows_31bf3856ad364e35_10.0.20348.3451_none_49cdb6072ec35a90\win32k-settings-DL.man,,,,,,,,,,,,,,,,,,,SCAFFOLD,0x3e7,DC$,S-1-5-18,,,,,,,,,00000000-0000-0000-0000-000000000000,,
2026-09-02T03:45:51.147188Z,4664,dc.scaffold.htb,Microsoft-Windows-Security-Auditing,Security,23434,0,,,,,,,C:\Windows\WinSxS\amd64_microsoft-windows-m..elmanifests-windows_31bf3856ad364e35_10.0.20348.1_none_2acde0c2c58db9d4\TextServicesFramework-Migration-DL.man,,,,,,,C:\Windows\WinSxS\amd64_microsoft-windows-m..elmanifests-windows_31bf3856ad364e35_10.0.20348.3451_none_49cdb6072ec35a90\TextServicesFramework-Migration-DL.man,,,,,,,,,,,,,,,,,,,SCAFFOLD,0x3e7,DC$,S-1-5-18,,,,,,,,,00000000-0000-0000-0000-000000000000,,
2026-09-02T03:45:51.148271Z,4664,dc.scaffold.htb,Microsoft-Windows-Security-Auditing,Security,23435,0,,,,,,,C:\Windows\WinSxS\amd64_microsoft-windows-m..elmanifests-windows_31bf3856ad364e35_10.0.20348.1_none_2acde0c2c58db9d4\Fonts-Type1-DL.man,,,,,,,C:\Windows\WinSxS\amd64_microsoft-windows-m..elmanifests-windows_31bf3856ad364e35_10.0.20348.3451_none_49cdb6072ec35a90\Fonts-Type1-DL.man,,,,,,,,,,,,,,,,,,,SCAFFOLD,0x3e7,DC$,S-1-5-18,,,,,,,,,00000000-0000-0000-0000-000000000000,,
2026-09-02T03:45:51.164929Z,4664,dc.scaffold.htb,Microsoft-Windows-Security-Auditing,Security,23436,0,,,,,,,C:\Windows\WinSxS\amd64_microsoft-windows-m..cementmanifests-net_31bf3856ad364e35_10.0.20348.143_none_a004b732ad745933\dhcpservermigplugin-rep.man,,,,,,,C:\Windows\WinSxS\amd64_microsoft-windows-m..cementmanifests-net_31bf3856ad364e35_10.0.20348.5386_none_5febd80d55958a2f\dhcpservermigplugin-rep.man,,,,,,,,,,,,,,,,,,,SCAFFOLD,0x3e7,DC$,S-1-5-18,,,,,,,,,00000000-0000-0000-0000-000000000000,,
2026-09-02T03:45:51.165602Z,4664,dc.scaffold.htb,Microsoft-Windows-Security-Auditing,Security,23437,0,,,,,,,C:\Windows\WinSxS\amd64_microsoft-windows-m..cementmanifests-net_31bf3856ad364e35_10.0.20348.143_none_a004b732ad745933\ndis-repl.man,,,,,,,C:\Windows\WinSxS\amd64_microsoft-windows-m..cementmanifests-net_31bf3856ad364e35_10.0.20348.5386_none_5febd80d55958a2f\ndis-repl.man,,,,,,,,,,,,,,,,,,,SCAFFOLD,0x3e7,DC$,S-1-5-18,,,,,,,,,00000000-0000-0000-0000-000000000000,,
2026-09-02T03:45:51.195639Z,4664,dc.scaffold.htb,Microsoft-Windows-Security-Auditing,Security,23438,0,,,,,,,C:\Windows\WinSxS\amd64_microsoft-windows-m..cementmanifests-net_31bf3856ad364e35_10.0.20348.143_none_a004b732ad745933\RasServer-Repl.man,,,,,,,C:\Windows\WinSxS\amd64_microsoft-windows-m..cementmanifests-net_31bf3856ad364e35_10.0.20348.5386_none_5febd80d55958a2f\RasServer-Repl.man,,,,,,,,,,,,,,,,,,,SCAFFOLD,0x3e7,DC$,S-1-5-18,,,,,,,,,00000000-0000-0000-0000-000000000000,,
2026-09-02T03:45:51.196574Z,4664,dc.scaffold.htb,Microsoft-Windows-Security-Auditing,Security,23439,0,,,,,,,C:\Windows\WinSxS\amd64_microsoft-windows-m..cementmanifests-net_31bf3856ad364e35_10.0.20348.143_none_a004b732ad745933\RasRqs-Repl.man,,,,,,,C:\Windows\WinSxS\amd64_microsoft-windows-m..cementmanifests-net_31bf3856ad364e35_10.0.20348.5386_none_5febd80d55958a2f\RasRqs-Repl.man,,,,,,,,,,,,,,,,,,,SCAFFOLD,0x3e7,DC$,S-1-5-18,,,,,,,,,00000000-0000-0000-0000-000000000000,,
2026-09-02T03:45:51.197183Z,4664,dc.scaffold.htb,Microsoft-Windows-Security-Auditing,Security,23440,0,,,,,,,C:\Windows\WinSxS\amd64_microsoft-windows-m..cementmanifests-net_31bf3856ad364e35_10.0.20348.143_none_a004b732ad745933\RasDdm-Repl.man,,,,,,,C:\Windows\WinSxS\amd64_microsoft-windows-m..cementmanifests-net_31bf3856ad364e35_10.0.20348.5386_none_5febd80d55958a2f\RasDdm-Repl.man,,,,,,,,,,,,,,,,,,,SCAFFOLD,0x3e7,DC$,S-1-5-18,,,,,,,,,00000000-0000-0000-0000-000000000000,,
2026-09-02T03:45:51.198092Z,4664,dc.scaffold.htb,Microsoft-Windows-Security-Auditing,Security,23441,0,,,,,,,C:\Windows\WinSxS\amd64_microsoft-windows-m..cementmanifests-net_31bf3856ad364e35_10.0.20348.143_none_a004b732ad745933\RasApi-Repl.man,,,,,,,C:\Windows\WinSxS\amd64_microsoft-windows-m..cementmanifests-net_31bf3856ad364e35_10.0.20348.5386_none_5febd80d55958a2f\RasApi-Repl.man,,,,,,,,,,,,,,,,,,,SCAFFOLD,0x3e7,DC$,S-1-5-18,,,,,,,,,00000000-0000-0000-0000-000000000000,,
2026-09-02T03:45:51.198822Z,4664,dc.scaffold.htb,Microsoft-Windows-Security-Auditing,Security,23442,0,,,,,,,C:\Windows\WinSxS\amd64_microsoft-windows-m..cementmanifests-net_31bf3856ad364e35_10.0.20348.143_none_a004b732ad745933\RasBase-Rassstp-Repl.man,,,,,,,C:\Windows\WinSxS\amd64_microsoft-windows-m..cementmanifests-net_31bf3856ad364e35_10.0.20348.5386_none_5febd80d55958a2f\RasBase-Rassstp-Repl.man,,,,,,,,,,,,,,,,,,,SCAFFOLD,0x3e7,DC$,S-1-5-18,,,,,,,,,00000000-0000-0000-0000-000000000000,,
2026-09-02T03:45:51.199703Z,4664,dc.scaffold.htb,Microsoft-Windows-Security-Auditing,Security,23443,0,,,,,,,C:\Windows\WinSxS\amd64_microsoft-windows-m..cementmanifests-net_31bf3856ad364e35_10.0.20348.143_none_a004b732ad745933\IPv4IPv6CoexistenceMigration-net-Replacement.man,,,,,,,C:\Windows\WinSxS\amd64_microsoft-windows-m..cementmanifests-net_31bf3856ad364e35_10.0.20348.5386_none_5febd80d55958a2f\IPv4IPv6CoexistenceMigration-net-Replacement.man,,,,,,,,,,,,,,,,,,,SCAFFOLD,0x3e7,DC$,S-1-5-18,,,,,,,,,00000000-0000-0000-0000-000000000000,,
2026-09-02T03:45:51.200389Z,4664,dc.scaffold.htb,Microsoft-Windows-Security-Auditing,Security,23444,0,,,,,,,C:\Windows\WinSxS\amd64_microsoft-windows-m..cementmanifests-net_31bf3856ad364e35_10.0.20348.143_none_a004b732ad745933\DirectAccessServerManagement-Repl.man,,,,,,,C:\Windows\WinSxS\amd64_microsoft-windows-m..cementmanifests-net_31bf3856ad364e35_10.0.20348.5386_none_5febd80d55958a2f\DirectAccessServerManagement-Repl.man,,,,,,,,,,,,,,,,,,,SCAFFOLD,0x3e7,DC$,S-1-5-18,,,,,,,,,00000000-0000-0000-0000-000000000000,,
2026-09-02T03:45:51.201075Z,4664,dc.scaffold.htb,Microsoft-Windows-Security-Auditing,Security,23445,0,,,,,,,C:\Windows\WinSxS\amd64_microsoft-windows-m..cementmanifests-net_31bf3856ad364e35_10.0.20348.143_none_a004b732ad745933\Internet-Naming-Service-Runtime-Rep.man,,,,,,,C:\Windows\WinSxS\amd64_microsoft-windows-m..cementmanifests-net_31bf3856ad364e35_10.0.20348.5386_none_5febd80d55958a2f\Internet-Naming-Service-Runtime-Rep.man,,,,,,,,,,,,,,,,,,,SCAFFOLD,0x3e7,DC$,S-1-5-18,,,,,,,,,00000000-0000-0000-0000-000000000000,,
2026-09-02T03:45:51.201649Z,4664,dc.scaffold.htb,Microsoft-Windows-Security-Auditing,Security,23446,0,,,,,,,C:\Windows\WinSxS\amd64_microsoft-windows-m..cementmanifests-net_31bf3856ad364e35_10.0.20348.143_none_a004b732ad745933\Internet-Naming-Tools-Replacement.man,,,,,,,C:\Windows\WinSxS\amd64_microsoft-windows-m..cementmanifests-net_31bf3856ad364e35_10.0.20348.5386_none_5febd80d55958a2f\Internet-Naming-Tools-Replacement.man,,,,,,,,,,,,,,,,,,,SCAFFOLD,0x3e7,DC$,S-1-5-18,,,,,,,,,00000000-0000-0000-0000-000000000000,,
2026-09-02T03:45:51.202196Z,4664,dc.scaffold.htb,Microsoft-Windows-Security-Auditing,Security,23447,0,,,,,,,C:\Windows\WinSxS\amd64_microsoft-windows-m..cementmanifests-net_31bf3856ad364e35_10.0.20348.143_none_a004b732ad745933\DHCPServer-Tools-Replacement.man,,,,,,,C:\Windows\WinSxS\amd64_microsoft-windows-m..cementmanifests-net_31bf3856ad364e35_10.0.20348.5386_none_5febd80d55958a2f\DHCPServer-Tools-Replacement.man,,,,,,,,,,,,,,,,,,,SCAFFOLD,0x3e7,DC$,S-1-5-18,,,,,,,,,00000000-0000-0000-0000-000000000000,,
2026-09-02T03:45:51.202778Z,4664,dc.scaffold.htb,Microsoft-Windows-Security-Auditing,Security,23448,0,,,,,,,C:\Windows\WinSxS\amd64_microsoft-windows-m..cementmanifests-net_31bf3856ad364e35_10.0.20348.143_none_a004b732ad745933\NPSUI-Replacement.man,,,,,,,C:\Windows\WinSxS\amd64_microsoft-windows-m..cementmanifests-net_31bf3856ad364e35_10.0.20348.5386_none_5febd80d55958a2f\NPSUI-Replacement.man,,,,,,,,,,,,,,,,,,,SCAFFOLD,0x3e7,DC$,S-1-5-18,,,,,,,,,00000000-0000-0000-0000-000000000000,,
2026-09-02T03:45:51.203395Z,4664,dc.scaffold.htb,Microsoft-Windows-Security-Auditing,Security,23449,0,,,,,,,C:\Windows\WinSxS\amd64_microsoft-windows-m..cementmanifests-net_31bf3856ad364e35_10.0.20348.143_none_a004b732ad745933\RasServerAdminTools-Replacement.man,,,,,,,C:\Windows\WinSxS\amd64_microsoft-windows-m..cementmanifests-net_31bf3856ad364e35_10.0.20348.5386_none_5febd80d55958a2f\RasServerAdminTools-Replacement.man,,,,,,,,,,,,,,,,,,,SCAFFOLD,0x3e7,DC$,S-1-5-18,,,,,,,,,00000000-0000-0000-0000-000000000000,,
2026-09-02T03:45:51.203962Z,4664,dc.scaffold.htb,Microsoft-Windows-Security-Auditing,Security,23450,0,,,,,,,C:\Windows\WinSxS\amd64_microsoft-windows-m..cementmanifests-net_31bf3856ad364e35_10.0.20348.143_none_a004b732ad745933\NetworkLoadBalancingManagementClient-Replacement.man,,,,,,,C:\Windows\WinSxS\amd64_microsoft-windows-m..cementmanifests-net_31bf3856ad364e35_10.0.20348.5386_none_5febd80d55958a2f\NetworkLoadBalancingManagementClient-Replacement.man,,,,,,,,,,,,,,,,,,,SCAFFOLD,0x3e7,DC$,S-1-5-18,,,,,,,,,00000000-0000-0000-0000-000000000000,,
2026-09-02T03:45:51.204541Z,4664,dc.scaffold.htb,Microsoft-Windows-Security-Auditing,Security,23451,0,,,,,,,C:\Windows\WinSxS\amd64_microsoft-windows-m..cementmanifests-net_31bf3856ad364e35_10.0.20348.143_none_a004b732ad745933\snmp-gui-tools-replacement.man,,,,,,,C:\Windows\WinSxS\amd64_microsoft-windows-m..cementmanifests-net_31bf3856ad364e35_10.0.20348.5386_none_5febd80d55958a2f\snmp-gui-tools-replacement.man,,,,,,,,,,,,,,,,,,,SCAFFOLD,0x3e7,DC$,S-1-5-18,,,,,,,,,00000000-0000-0000-0000-000000000000,,
2026-09-02T03:45:51.205134Z,4664,dc.scaffold.htb,Microsoft-Windows-Security-Auditing,Security,23452,0,,,,,,,C:\Windows\WinSxS\amd64_microsoft-windows-m..cementmanifests-net_31bf3856ad364e35_10.0.20348.143_none_a004b732ad745933\PeerDist-Client-Migration-Replacement.man,,,,,,,C:\Windows\WinSxS\amd64_microsoft-windows-m..cementmanifests-net_31bf3856ad364e35_10.0.20348.5386_none_5febd80d55958a2f\PeerDist-Client-Migration-Replacement.man,,,,,,,,,,,,,,,,,,,SCAFFOLD,0x3e7,DC$,S-1-5-18,,,,,,,,,00000000-0000-0000-0000-000000000000,,
2026-09-02T03:45:51.205746Z,4664,dc.scaffold.htb,Microsoft-Windows-Security-Auditing,Security,23453,0,,,,,,,C:\Windows\WinSxS\amd64_microsoft-windows-m..cementmanifests-net_31bf3856ad364e35_10.0.20348.143_none_a004b732ad745933\PeerDist-Server-Migration-Replacement.man,,,,,,,C:\Windows\WinSxS\amd64_microsoft-windows-m..cementmanifests-net_31bf3856ad364e35_10.0.20348.5386_none_5febd80d55958a2f\PeerDist-Server-Migration-Replacement.man,,,,,,,,,,,,,,,,,,,SCAFFOLD,0x3e7,DC$,S-1-5-18,,,,,,,,,00000000-0000-0000-0000-000000000000,,
2026-09-02T03:45:51.206288Z,4664,dc.scaffold.htb,Microsoft-Windows-Security-Auditing,Security,23454,0,,,,,,,C:\Windows\WinSxS\amd64_microsoft-windows-m..cementmanifests-net_31bf3856ad364e35_10.0.20348.143_none_a004b732ad745933\PeerDist-Upgrade-Replacement.man,,,,,,,C:\Windows\WinSxS\amd64_microsoft-windows-m..cementmanifests-net_31bf3856ad364e35_10.0.20348.5386_none_5febd80d55958a2f\PeerDist-Upgrade-Replacement.man,,,,,,,,,,,,,,,,,,,SCAFFOLD,0x3e7,DC$,S-1-5-18,,,,,,,,,00000000-0000-0000-0000-000000000000,,
2026-09-02T03:45:51.206856Z,4664,dc.scaffold.htb,Microsoft-Windows-Security-Auditing,Security,23455,0,,,,,,,C:\Windows\WinSxS\amd64_microsoft-windows-m..cementmanifests-net_31bf3856ad364e35_10.0.20348.143_none_a004b732ad745933\Microsoft-Windows-NetworkBridge-Replacement.man,,,,,,,C:\Windows\WinSxS\amd64_microsoft-windows-m..cementmanifests-net_31bf3856ad364e35_10.0.20348.5386_none_5febd80d55958a2f\Microsoft-Windows-NetworkBridge-Replacement.man,,,,,,,,,,,,,,,,,,,SCAFFOLD,0x3e7,DC$,S-1-5-18,,,,,,,,,00000000-0000-0000-0000-000000000000,,
2026-09-02T03:45:51.207407Z,4664,dc.scaffold.htb,Microsoft-Windows-Security-Auditing,Security,23456,0,,,,,,,C:\Windows\WinSxS\amd64_microsoft-windows-m..cementmanifests-net_31bf3856ad364e35_10.0.20348.143_none_a004b732ad745933\Microsoft-Windows-Network-Setup-Replacement.man,,,,,,,C:\Windows\WinSxS\amd64_microsoft-windows-m..cementmanifests-net_31bf3856ad364e35_10.0.20348.5386_none_5febd80d55958a2f\Microsoft-Windows-Network-Setup-Replacement.man,,,,,,,,,,,,,,,,,,,SCAFFOLD,0x3e7,DC$,S-1-5-18,,,,,,,,,00000000-0000-0000-0000-000000000000,,
2026-09-02T03:45:51.208130Z,4664,dc.scaffold.htb,Microsoft-Windows-Security-Auditing,Security,23457,0,,,,,,,C:\Windows\WinSxS\amd64_microsoft-windows-m..cementmanifests-net_31bf3856ad364e35_10.0.20348.143_none_a004b732ad745933\DHCPServerMigPluginWin8-Replacement.man,,,,,,,C:\Windows\WinSxS\amd64_microsoft-windows-m..cementmanifests-net_31bf3856ad364e35_10.0.20348.5386_none_5febd80d55958a2f\DHCPServerMigPluginWin8-Replacement.man,,,,,,,,,,,,,,,,,,,SCAFFOLD,0x3e7,DC$,S-1-5-18,,,,,,,,,00000000-0000-0000-0000-000000000000,,
2026-09-02T03:45:51.208674Z,4664,dc.scaffold.htb,Microsoft-Windows-Security-Auditing,Security,23458,0,,,,,,,C:\Windows\WinSxS\amd64_microsoft-windows-m..cementmanifests-net_31bf3856ad364e35_10.0.20348.143_none_a004b732ad745933\PeerToPeerGrouping-Replacement.man,,,,,,,C:\Windows\WinSxS\amd64_microsoft-windows-m..cementmanifests-net_31bf3856ad364e35_10.0.20348.5386_none_5febd80d55958a2f\PeerToPeerGrouping-Replacement.man,,,,,,,,,,,,,,,,,,,SCAFFOLD,0x3e7,DC$,S-1-5-18,,,,,,,,,00000000-0000-0000-0000-000000000000,,
2026-09-02T03:45:51.222060Z,4664,dc.scaffold.htb,Microsoft-Windows-Security-Auditing,Security,23459,0,,,,,,,C:\Windows\WinSxS\amd64_microsoft-windows-dns-server-snapin_31bf3856ad364e35_10.0.20348.112_none_7f27f0719548a921\dnsmgmt.msc,,,,,,,C:\Windows\WinSxS\amd64_microsoft-windows-dns-server-snapin_31bf3856ad364e35_10.0.20348.5499_none_3ee58dd83d88c972\dnsmgmt.msc,,,,,,,,,,,,,,,,,,,SCAFFOLD,0x3e7,DC$,S-1-5-18,,,,,,,,,00000000-0000-0000-0000-000000000000,,
2026-09-02T03:45:51.226691Z,4664,dc.scaffold.htb,Microsoft-Windows-Security-Auditing,Security,23460,0,,,,,,,C:\Windows\WinSxS\amd64_microsoft-windows-c..rvices-camanagement_31bf3856ad364e35_10.0.20348.469_none_d2ac68868b87f9fc\certsrv.msc,,,,,,,C:\Windows\WinSxS\amd64_microsoft-windows-c..rvices-camanagement_31bf3856ad364e35_10.0.20348.4767_none_9275c8d933c0bd27\certsrv.msc,,,,,,,,,,,,,,,,,,,SCAFFOLD,0x3e7,DC$,S-1-5-18,,,,,,,,,00000000-0000-0000-0000-000000000000,,
2026-09-02T03:45:51.229937Z,4664,dc.scaffold.htb,Microsoft-Windows-Security-Auditing,Security,23461,0,,,,,,,C:\Windows\WinSxS\amd64_microsoft-windows-c..s-camanagement-misc_31bf3856ad364e35_10.0.20348.1_none_8b41f88eab07f373\certtmpl.msc,,,,,,,C:\Windows\WinSxS\amd64_microsoft-windows-c..s-camanagement-misc_31bf3856ad364e35_10.0.20348.4050_none_aa6d2631141d07f1\certtmpl.msc,,,,,,,,,,,,,,,,,,,SCAFFOLD,0x3e7,DC$,S-1-5-18,,,,,,,,,00000000-0000-0000-0000-000000000000,,
2026-09-02T03:45:51.230517Z,4664,dc.scaffold.htb,Microsoft-Windows-Security-Auditing,Security,23462,0,,,,,,,C:\Windows\WinSxS\amd64_microsoft-windows-c..s-camanagement-misc_31bf3856ad364e35_10.0.20348.1_none_8b41f88eab07f373\pkiview.dll,,,,,,,C:\Windows\WinSxS\amd64_microsoft-windows-c..s-camanagement-misc_31bf3856ad364e35_10.0.20348.4050_none_aa6d2631141d07f1\pkiview.dll,,,,,,,,,,,,,,,,,,,SCAFFOLD,0x3e7,DC$,S-1-5-18,,,,,,,,,00000000-0000-0000-0000-000000000000,,
2026-09-02T03:45:51.231054Z,4664,dc.scaffold.htb,Microsoft-Windows-Security-Auditing,Security,23463,0,,,,,,,C:\Windows\WinSxS\amd64_microsoft-windows-c..s-camanagement-misc_31bf3856ad364e35_10.0.20348.1_none_8b41f88eab07f373\pkiview.msc,,,,,,,C:\Windows\WinSxS\amd64_microsoft-windows-c..s-camanagement-misc_31bf3856ad364e35_10.0.20348.4050_none_aa6d2631141d07f1\pkiview.msc,,,,,,,,,,,,,,,,,,,SCAFFOLD,0x3e7,DC$,S-1-5-18,,,,,,,,,00000000-0000-0000-0000-000000000000,,
2026-09-02T03:45:51.240007Z,4664,dc.scaffold.htb,Microsoft-Windows-Security-Auditing,Security,23464,0,,,,,,,C:\Windows\WinSxS\amd64_microsoft-windows-m..ests-onecoreuapbase_31bf3856ad364e35_10.0.20348.1_none_f64758522efbf3bb\DmrcWin7Replacement.man,,,,,,,C:\Windows\WinSxS\amd64_microsoft-windows-m..ests-onecoreuapbase_31bf3856ad364e35_10.0.20348.2849_none_151a35769853bac5\DmrcWin7Replacement.man,,,,,,,,,,,,,,,,,,,SCAFFOLD,0x3e7,DC$,S-1-5-18,,,,,,,,,00000000-0000-0000-0000-000000000000,,
2026-09-02T03:45:51.240635Z,4664,dc.scaffold.htb,Microsoft-Windows-Security-Auditing,Security,23465,0,,,,,,,C:\Windows\WinSxS\amd64_microsoft-windows-m..ests-onecoreuapbase_31bf3856ad364e35_10.0.20348.1_none_f64758522efbf3bb\WindowsPushNotifications-Platform-Library-Replacement.man,,,,,,,C:\Windows\WinSxS\amd64_microsoft-windows-m..ests-onecoreuapbase_31bf3856ad364e35_10.0.20348.2849_none_151a35769853bac5\WindowsPushNotifications-Platform-Library-Replacement.man,,,,,,,,,,,,,,,,,,,SCAFFOLD,0x3e7,DC$,S-1-5-18,,,,,,,,,00000000-0000-0000-0000-000000000000,,
2026-09-02T03:45:51.241507Z,4664,dc.scaffold.htb,Microsoft-Windows-Security-Auditing,Security,23466,0,,,,,,,C:\Windows\WinSxS\amd64_microsoft-windows-m..ests-onecoreuapbase_31bf3856ad364e35_10.0.20348.1_none_f64758522efbf3bb\WindowsSearchEngine-replacement.man,,,,,,,C:\Windows\WinSxS\amd64_microsoft-windows-m..ests-onecoreuapbase_31bf3856ad364e35_10.0.20348.2849_none_151a35769853bac5\WindowsSearchEngine-replacement.man,,,,,,,,,,,,,,,,,,,SCAFFOLD,0x3e7,DC$,S-1-5-18,,,,,,,,,00000000-0000-0000-0000-000000000000,,
2026-09-02T03:45:51.242125Z,4664,dc.scaffold.htb,Microsoft-Windows-Security-Auditing,Security,23467,0,,,,,,,C:\Windows\WinSxS\amd64_microsoft-windows-m..ests-onecoreuapbase_31bf3856ad364e35_10.0.20348.1_none_f64758522efbf3bb\Microsoft-Windows-AdvertisingId-Replacement.man,,,,,,,C:\Windows\WinSxS\amd64_microsoft-windows-m..ests-onecoreuapbase_31bf3856ad364e35_10.0.20348.2849_none_151a35769853bac5\Microsoft-Windows-AdvertisingId-Replacement.man,,,,,,,,,,,,,,,,,,,SCAFFOLD,0x3e7,DC$,S-1-5-18,,,,,,,,,00000000-0000-0000-0000-000000000000,,
2026-09-02T03:45:51.266530Z,4664,dc.scaffold.htb,Microsoft-Windows-Security-Auditing,Security,23468,0,,,,,,,C:\Windows\WinSxS\amd64_microsoft-windows-m..mentmanifests-minio_31bf3856ad364e35_10.0.20348.1_none_37a53318b51ebb25\dhcpclientdll-repl.man,,,,,,,C:\Windows\WinSxS\amd64_microsoft-windows-m..mentmanifests-minio_31bf3856ad364e35_10.0.20348.4895_none_567d709b1e7194ac\dhcpclientdll-repl.man,,,,,,,,,,,,,,,,,,,SCAFFOLD,0x3e7,DC$,S-1-5-18,,,,,,,,,00000000-0000-0000-0000-000000000000,,
2026-09-02T03:45:51.267220Z,4664,dc.scaffold.htb,Microsoft-Windows-Security-Auditing,Security,23469,0,,,,,,,C:\Windows\WinSxS\amd64_microsoft-windows-m..mentmanifests-minio_31bf3856ad364e35_10.0.20348.1_none_37a53318b51ebb25\http-replacement.man,,,,,,,C:\Windows\WinSxS\amd64_microsoft-windows-m..mentmanifests-minio_31bf3856ad364e35_10.0.20348.4895_none_567d709b1e7194ac\http-replacement.man,,,,,,,,,,,,,,,,,,,SCAFFOLD,0x3e7,DC$,S-1-5-18,,,,,,,,,00000000-0000-0000-0000-000000000000,,
2026-09-02T03:45:51.298729Z,4664,dc.scaffold.htb,Microsoft-Windows-Security-Auditing,Security,23470,0,,,,,,,C:\Windows\WinSxS\amd64_microsoft-composable-timelineui_31bf3856ad364e35_10.0.20348.1_none_cb7ad9539a82f45e\AdaptiveCardConfig.json,,,,,,,C:\Windows\WinSxS\amd64_microsoft-composable-timelineui_31bf3856ad364e35_10.0.20348.3451_none_ea7aae9803b8951a\AdaptiveCardConfig.json,,,,,,,,,,,,,,,,,,,SCAFFOLD,0x3e7,DC$,S-1-5-18,,,,,,,,,00000000-0000-0000-0000-000000000000,,
2026-09-02T03:45:51.302208Z,4664,dc.scaffold.htb,Microsoft-Windows-Security-Auditing,Security,23471,0,,,,,,,C:\Windows\WinSxS\amd64_microsoft-windows-m..mentmanifests-shell_31bf3856ad364e35_10.0.20348.1_none_499b02dd67cab6c1\shell32-Replacement.man,,,,,,,C:\Windows\WinSxS\amd64_microsoft-windows-m..mentmanifests-shell_31bf3856ad364e35_10.0.20348.3451_none_689ad821d100577d\shell32-Replacement.man,,,,,,,,,,,,,,,,,,,SCAFFOLD,0x3e7,DC$,S-1-5-18,,,,,,,,,00000000-0000-0000-0000-000000000000,,
2026-09-02T03:45:51.303035Z,4664,dc.scaffold.htb,Microsoft-Windows-Security-Auditing,Security,23472,0,,,,,,,C:\Windows\WinSxS\amd64_microsoft-windows-m..mentmanifests-shell_31bf3856ad364e35_10.0.20348.1_none_499b02dd67cab6c1\authui-migration-replacement.man,,,,,,,C:\Windows\WinSxS\amd64_microsoft-windows-m..mentmanifests-shell_31bf3856ad364e35_10.0.20348.3451_none_689ad821d100577d\authui-migration-replacement.man,,,,,,,,,,,,,,,,,,,SCAFFOLD,0x3e7,DC$,S-1-5-18,,,,,,,,,00000000-0000-0000-0000-000000000000,,
2026-09-02T03:45:51.304048Z,4664,dc.scaffold.htb,Microsoft-Windows-Security-Auditing,Security,23473,0,,,,,,,C:\Windows\WinSxS\amd64_microsoft-windows-m..mentmanifests-shell_31bf3856ad364e35_10.0.20348.1_none_499b02dd67cab6c1\authui-Migration-Win8-Replacement.man,,,,,,,C:\Windows\WinSxS\amd64_microsoft-windows-m..mentmanifests-shell_31bf3856ad364e35_10.0.20348.3451_none_689ad821d100577d\authui-Migration-Win8-Replacement.man,,,,,,,,,,,,,,,,,,,SCAFFOLD,0x3e7,DC$,S-1-5-18,,,,,,,,,00000000-0000-0000-0000-000000000000,,
2026-09-02T03:45:51.304913Z,4664,dc.scaffold.htb,Microsoft-Windows-Security-Auditing,Security,23474,0,,,,,,,C:\Windows\WinSxS\amd64_microsoft-windows-m..mentmanifests-shell_31bf3856ad364e35_10.0.20348.1_none_499b02dd67cab6c1\sysdm-replacement.man,,,,,,,C:\Windows\WinSxS\amd64_microsoft-windows-m..mentmanifests-shell_31bf3856ad364e35_10.0.20348.3451_none_689ad821d100577d\sysdm-replacement.man,,,,,,,,,,,,,,,,,,,SCAFFOLD,0x3e7,DC$,S-1-5-18,,,,,,,,,00000000-0000-0000-0000-000000000000,,
2026-09-02T03:45:51.305349Z,4664,dc.scaffold.htb,Microsoft-Windows-Security-Auditing,Security,23475,0,,,,,,,C:\Windows\WinSxS\amd64_microsoft-windows-m..mentmanifests-shell_31bf3856ad364e35_10.0.20348.1_none_499b02dd67cab6c1\shmig-replacement.man,,,,,,,C:\Windows\WinSxS\amd64_microsoft-windows-m..mentmanifests-shell_31bf3856ad364e35_10.0.20348.3451_none_689ad821d100577d\shmig-replacement.man,,,,,,,,,,,,,,,,,,,SCAFFOLD,0x3e7,DC$,S-1-5-18,,,,,,,,,00000000-0000-0000-0000-000000000000,,
2026-09-02T03:45:51.306136Z,4664,dc.scaffold.htb,Microsoft-Windows-Security-Auditing,Security,23476,0,,,,,,,C:\Windows\WinSxS\amd64_microsoft-windows-m..mentmanifests-shell_31bf3856ad364e35_10.0.20348.1_none_499b02dd67cab6c1\eudcedit-replacement.man,,,,,,,C:\Windows\WinSxS\amd64_microsoft-windows-m..mentmanifests-shell_31bf3856ad364e35_10.0.20348.3451_none_689ad821d100577d\eudcedit-replacement.man,,,,,,,,,,,,,,,,,,,SCAFFOLD,0x3e7,DC$,S-1-5-18,,,,,,,,,00000000-0000-0000-0000-000000000000,,
2026-09-02T03:45:51.306769Z,4664,dc.scaffold.htb,Microsoft-Windows-Security-Auditing,Security,23477,0,,,,,,,C:\Windows\WinSxS\amd64_microsoft-windows-m..mentmanifests-shell_31bf3856ad364e35_10.0.20348.1_none_499b02dd67cab6c1\QuickActions-Windows-Replacement.man,,,,,,,C:\Windows\WinSxS\amd64_microsoft-windows-m..mentmanifests-shell_31bf3856ad364e35_10.0.20348.3451_none_689ad821d100577d\QuickActions-Windows-Replacement.man,,,,,,,,,,,,,,,,,,,SCAFFOLD,0x3e7,DC$,S-1-5-18,,,,,,,,,00000000-0000-0000-0000-000000000000,,
2026-09-02T03:45:51.311200Z,4664,dc.scaffold.htb,Microsoft-Windows-Security-Auditing,Security,23478,0,,,,,,,C:\Windows\WinSxS\amd64_microsoft-windows-d..-tools-mmc-adsiedit_31bf3856ad364e35_10.0.20348.469_none_9babe5cf63f2477d\adsiedit.msc,,,,,,,C:\Windows\WinSxS\amd64_microsoft-windows-d..-tools-mmc-adsiedit_31bf3856ad364e35_10.0.20348.4647_none_5b7e157a0c24bc09\adsiedit.msc,,,,,,,,,,,,,,,,,,,SCAFFOLD,0x3e7,DC$,S-1-5-18,,,,,,,,,00000000-0000-0000-0000-000000000000,,
2026-09-02T03:45:51.314878Z,4664,dc.scaffold.htb,Microsoft-Windows-Security-Auditing,Security,23479,0,,,,,,,C:\Windows\WinSxS\amd64_microsoft-windows-d..mc-sitesandservices_31bf3856ad364e35_10.0.20348.1_none_28ab85dd3249c72f\dssite.msc,,,,,,,C:\Windows\WinSxS\amd64_microsoft-windows-d..mc-sitesandservices_31bf3856ad364e35_10.0.20348.5139_none_47c917dd9b69a8c0\dssite.msc,,,,,,,,,,,,,,,,,,,SCAFFOLD,0x3e7,DC$,S-1-5-18,,,,,,,,,00000000-0000-0000-0000-000000000000,,
2026-09-02T03:45:51.459299Z,4664,dc.scaffold.htb,Microsoft-Windows-Security-Auditing,Security,23480,0,,,,,,,C:\Windows\WinSxS\amd64_microsoft-windows-m..anifests-multimedia_31bf3856ad364e35_10.0.20348.1_none_ed3f76358e7abebe\sounds-migration-replacement.man,,,,,,,C:\Windows\WinSxS\amd64_microsoft-windows-m..anifests-multimedia_31bf3856ad364e35_10.0.20348.2849_none_0c125359f7d285c8\sounds-migration-replacement.man,,,,,,,,,,,,,,,,,,,SCAFFOLD,0x3e7,DC$,S-1-5-18,,,,,,,,,00000000-0000-0000-0000-000000000000,,
2026-09-02T03:45:51.460001Z,4664,dc.scaffold.htb,Microsoft-Windows-Security-Auditing,Security,23481,0,,,,,,,C:\Windows\WinSxS\amd64_microsoft-windows-m..anifests-multimedia_31bf3856ad364e35_10.0.20348.1_none_ed3f76358e7abebe\AudioMMECore-MM-Other-Migration-Replacement.man,,,,,,,C:\Windows\WinSxS\amd64_microsoft-windows-m..anifests-multimedia_31bf3856ad364e35_10.0.20348.2849_none_0c125359f7d285c8\AudioMMECore-MM-Other-Migration-Replacement.man,,,,,,,,,,,,,,,,,,,SCAFFOLD,0x3e7,DC$,S-1-5-18,,,,,,,,,00000000-0000-0000-0000-000000000000,,
2026-09-02T03:45:51.460891Z,4664,dc.scaffold.htb,Microsoft-Windows-Security-Auditing,Security,23482,0,,,,,,,C:\Windows\WinSxS\amd64_microsoft-windows-m..anifests-multimedia_31bf3856ad364e35_10.0.20348.1_none_ed3f76358e7abebe\mmsys-migration-replacement.man,,,,,,,C:\Windows\WinSxS\amd64_microsoft-windows-m..anifests-multimedia_31bf3856ad364e35_10.0.20348.2849_none_0c125359f7d285c8\mmsys-migration-replacement.man,,,,,,,,,,,,,,,,,,,SCAFFOLD,0x3e7,DC$,S-1-5-18,,,,,,,,,00000000-0000-0000-0000-000000000000,,
2026-09-02T03:45:51.461517Z,4664,dc.scaffold.htb,Microsoft-Windows-Security-Auditing,Security,23483,0,,,,,,,C:\Windows\WinSxS\amd64_microsoft-windows-m..anifests-multimedia_31bf3856ad364e35_10.0.20348.1_none_ed3f76358e7abebe\WMPNSService-migration-replacement.man,,,,,,,C:\Windows\WinSxS\amd64_microsoft-windows-m..anifests-multimedia_31bf3856ad364e35_10.0.20348.2849_none_0c125359f7d285c8\WMPNSService-migration-replacement.man,,,,,,,,,,,,,,,,,,,SCAFFOLD,0x3e7,DC$,S-1-5-18,,,,,,,,,00000000-0000-0000-0000-000000000000,,
2026-09-02T03:45:51.466589Z,4664,dc.scaffold.htb,Microsoft-Windows-Security-Auditing,Security,23484,0,,,,,,,C:\Windows\WinSxS\amd64_microsoft-windows-m..ntmanifests-inetsrv_31bf3856ad364e35_10.0.20348.143_none_4a7e41c644e1e0fb\iis-ftpsvc-rm.man,,,,,,,C:\Windows\WinSxS\amd64_microsoft-windows-m..ntmanifests-inetsrv_31bf3856ad364e35_10.0.20348.2849_none_0a2b07d2ed2f8dbe\iis-ftpsvc-rm.man,,,,,,,,,,,,,,,,,,,SCAFFOLD,0x3e7,DC$,S-1-5-18,,,,,,,,,00000000-0000-0000-0000-000000000000,,
2026-09-02T03:45:51.467202Z,4664,dc.scaffold.htb,Microsoft-Windows-Security-Auditing,Security,23485,0,,,,,,,C:\Windows\WinSxS\amd64_microsoft-windows-m..ntmanifests-inetsrv_31bf3856ad364e35_10.0.20348.143_none_4a7e41c644e1e0fb\iis-sharedlibraries-rm.man,,,,,,,C:\Windows\WinSxS\amd64_microsoft-windows-m..ntmanifests-inetsrv_31bf3856ad364e35_10.0.20348.2849_none_0a2b07d2ed2f8dbe\iis-sharedlibraries-rm.man,,,,,,,,,,,,,,,,,,,SCAFFOLD,0x3e7,DC$,S-1-5-18,,,,,,,,,00000000-0000-0000-0000-000000000000,,
2026-09-02T03:45:51.468200Z,4664,dc.scaffold.htb,Microsoft-Windows-Security-Auditing,Security,23486,0,,,,,,,C:\Windows\WinSxS\amd64_microsoft-windows-m..ntmanifests-inetsrv_31bf3856ad364e35_10.0.20348.143_none_4a7e41c644e1e0fb\IIS-AdminService-RM.man,,,,,,,C:\Windows\WinSxS\amd64_microsoft-windows-m..ntmanifests-inetsrv_31bf3856ad364e35_10.0.20348.2849_none_0a2b07d2ed2f8dbe\IIS-AdminService-RM.man,,,,,,,,,,,,,,,,,,,SCAFFOLD,0x3e7,DC$,S-1-5-18,,,,,,,,,00000000-0000-0000-0000-000000000000,,
2026-09-02T03:45:51.468768Z,4664,dc.scaffold.htb,Microsoft-Windows-Security-Auditing,Security,23487,0,,,,,,,C:\Windows\WinSxS\amd64_microsoft-windows-m..ntmanifests-inetsrv_31bf3856ad364e35_10.0.20348.143_none_4a7e41c644e1e0fb\IIS-ManagementConsole-RM.man,,,,,,,C:\Windows\WinSxS\amd64_microsoft-windows-m..ntmanifests-inetsrv_31bf3856ad364e35_10.0.20348.2849_none_0a2b07d2ed2f8dbe\IIS-ManagementConsole-RM.man,,,,,,,,,,,,,,,,,,,SCAFFOLD,0x3e7,DC$,S-1-5-18,,,,,,,,,00000000-0000-0000-0000-000000000000,,
2026-09-02T03:45:51.494937Z,4664,dc.scaffold.htb,Microsoft-Windows-Security-Auditing,Security,23488,0,,,,,,,C:\Windows\WinSxS\amd64_microsoft-windows-m..wnlevelmanifests-ds_31bf3856ad364e35_10.0.20348.1_none_2427a8ad2fb4ff7e\DirectoryServices-ADAM-DL.man,,,,,,,C:\Windows\WinSxS\amd64_microsoft-windows-m..wnlevelmanifests-ds_31bf3856ad364e35_10.0.20348.4052_none_4352a8bf98ca473e\DirectoryServices-ADAM-DL.man,,,,,,,,,,,,,,,,,,,SCAFFOLD,0x3e7,DC$,S-1-5-18,,,,,,,,,00000000-0000-0000-0000-000000000000,,
2026-09-02T03:45:51.495609Z,4664,dc.scaffold.htb,Microsoft-Windows-Security-Auditing,Security,23489,0,,,,,,,C:\Windows\WinSxS\amd64_microsoft-windows-m..wnlevelmanifests-ds_31bf3856ad364e35_10.0.20348.1_none_2427a8ad2fb4ff7e\ActiveDirectory-WebServices-DL.man,,,,,,,C:\Windows\WinSxS\amd64_microsoft-windows-m..wnlevelmanifests-ds_31bf3856ad364e35_10.0.20348.4052_none_4352a8bf98ca473e\ActiveDirectory-WebServices-DL.man,,,,,,,,,,,,,,,,,,,SCAFFOLD,0x3e7,DC$,S-1-5-18,,,,,,,,,00000000-0000-0000-0000-000000000000,,
2026-09-02T03:45:51.496630Z,4664,dc.scaffold.htb,Microsoft-Windows-Security-Auditing,Security,23490,0,,,,,,,C:\Windows\WinSxS\amd64_microsoft-windows-m..wnlevelmanifests-ds_31bf3856ad364e35_10.0.20348.1_none_2427a8ad2fb4ff7e\DirectoryServices-Domain-DL.man,,,,,,,C:\Windows\WinSxS\amd64_microsoft-windows-m..wnlevelmanifests-ds_31bf3856ad364e35_10.0.20348.4052_none_4352a8bf98ca473e\DirectoryServices-Domain-DL.man,,,,,,,,,,,,,,,,,,,SCAFFOLD,0x3e7,DC$,S-1-5-18,,,,,,,,,00000000-0000-0000-0000-000000000000,,
2026-09-02T03:45:51.497186Z,4664,dc.scaffold.htb,Microsoft-Windows-Security-Auditing,Security,23491,0,,,,,,,C:\Windows\WinSxS\amd64_microsoft-windows-m..wnlevelmanifests-ds_31bf3856ad364e35_10.0.20348.1_none_2427a8ad2fb4ff7e\DirectoryServices-ISM-Smtp-DL.man,,,,,,,C:\Windows\WinSxS\amd64_microsoft-windows-m..wnlevelmanifests-ds_31bf3856ad364e35_10.0.20348.4052_none_4352a8bf98ca473e\DirectoryServices-ISM-Smtp-DL.man,,,,,,,,,,,,,,,,,,,SCAFFOLD,0x3e7,DC$,S-1-5-18,,,,,,,,,00000000-0000-0000-0000-000000000000,,
2026-09-02T03:45:51.497795Z,4664,dc.scaffold.htb,Microsoft-Windows-Security-Auditing,Security,23492,0,,,,,,,C:\Windows\WinSxS\amd64_microsoft-windows-m..wnlevelmanifests-ds_31bf3856ad364e35_10.0.20348.1_none_2427a8ad2fb4ff7e\DNS-Server-Service-DL.man,,,,,,,C:\Windows\WinSxS\amd64_microsoft-windows-m..wnlevelmanifests-ds_31bf3856ad364e35_10.0.20348.4052_none_4352a8bf98ca473e\DNS-Server-Service-DL.man,,,,,,,,,,,,,,,,,,,SCAFFOLD,0x3e7,DC$,S-1-5-18,,,,,,,,,00000000-0000-0000-0000-000000000000,,
2026-09-02T03:45:51.498308Z,4664,dc.scaffold.htb,Microsoft-Windows-Security-Auditing,Security,23493,0,,,,,,,C:\Windows\WinSxS\amd64_microsoft-windows-m..wnlevelmanifests-ds_31bf3856ad364e35_10.0.20348.1_none_2427a8ad2fb4ff7e\ActiveDirectory-WMIReplicationProvider-DL.man,,,,,,,C:\Windows\WinSxS\amd64_microsoft-windows-m..wnlevelmanifests-ds_31bf3856ad364e35_10.0.20348.4052_none_4352a8bf98ca473e\ActiveDirectory-WMIReplicationProvider-DL.man,,,,,,,,,,,,,,,,,,,SCAFFOLD,0x3e7,DC$,S-1-5-18,,,,,,,,,00000000-0000-0000-0000-000000000000,,
2026-09-02T03:45:51.498882Z,4664,dc.scaffold.htb,Microsoft-Windows-Security-Auditing,Security,23494,0,,,,,,,C:\Windows\WinSxS\amd64_microsoft-windows-m..wnlevelmanifests-ds_31bf3856ad364e35_10.0.20348.1_none_2427a8ad2fb4ff7e\WebEnroll-DL.man,,,,,,,C:\Windows\WinSxS\amd64_microsoft-windows-m..wnlevelmanifests-ds_31bf3856ad364e35_10.0.20348.4052_none_4352a8bf98ca473e\WebEnroll-DL.man,,,,,,,,,,,,,,,,,,,SCAFFOLD,0x3e7,DC$,S-1-5-18,,,,,,,,,00000000-0000-0000-0000-000000000000,,
2026-09-02T03:45:51.499564Z,4664,dc.scaffold.htb,Microsoft-Windows-Security-Auditing,Security,23495,0,,,,,,,C:\Windows\WinSxS\amd64_microsoft-windows-m..wnlevelmanifests-ds_31bf3856ad364e35_10.0.20348.1_none_2427a8ad2fb4ff7e\Microsoft-Windows-CertificateServices-CAManagement-DL.man,,,,,,,C:\Windows\WinSxS\amd64_microsoft-windows-m..wnlevelmanifests-ds_31bf3856ad364e35_10.0.20348.4052_none_4352a8bf98ca473e\Microsoft-Windows-CertificateServices-CAManagement-DL.man,,,,,,,,,,,,,,,,,,,SCAFFOLD,0x3e7,DC$,S-1-5-18,,,,,,,,,00000000-0000-0000-0000-000000000000,,
2026-09-02T03:45:51.500085Z,4664,dc.scaffold.htb,Microsoft-Windows-Security-Auditing,Security,23496,0,,,,,,,C:\Windows\WinSxS\amd64_microsoft-windows-m..wnlevelmanifests-ds_31bf3856ad364e35_10.0.20348.1_none_2427a8ad2fb4ff7e\Microsoft-Windows-CertificateServices-CA-DL.man,,,,,,,C:\Windows\WinSxS\amd64_microsoft-windows-m..wnlevelmanifests-ds_31bf3856ad364e35_10.0.20348.4052_none_4352a8bf98ca473e\Microsoft-Windows-CertificateServices-CA-DL.man,,,,,,,,,,,,,,,,,,,SCAFFOLD,0x3e7,DC$,S-1-5-18,,,,,,,,,00000000-0000-0000-0000-000000000000,,
2026-09-02T03:45:51.500682Z,4664,dc.scaffold.htb,Microsoft-Windows-Security-Auditing,Security,23497,0,,,,,,,C:\Windows\WinSxS\amd64_microsoft-windows-m..wnlevelmanifests-ds_31bf3856ad364e35_10.0.20348.1_none_2427a8ad2fb4ff7e\Microsoft-Windows-CertificateServices-MSCEP-DL.man,,,,,,,C:\Windows\WinSxS\amd64_microsoft-windows-m..wnlevelmanifests-ds_31bf3856ad364e35_10.0.20348.4052_none_4352a8bf98ca473e\Microsoft-Windows-CertificateServices-MSCEP-DL.man,,,,,,,,,,,,,,,,,,,SCAFFOLD,0x3e7,DC$,S-1-5-18,,,,,,,,,00000000-0000-0000-0000-000000000000,,
2026-09-02T03:45:51.501190Z,4664,dc.scaffold.htb,Microsoft-Windows-Security-Auditing,Security,23498,0,,,,,,,C:\Windows\WinSxS\amd64_microsoft-windows-m..wnlevelmanifests-ds_31bf3856ad364e35_10.0.20348.1_none_2427a8ad2fb4ff7e\SmartCardSubsystem-DL.man,,,,,,,C:\Windows\WinSxS\amd64_microsoft-windows-m..wnlevelmanifests-ds_31bf3856ad364e35_10.0.20348.4052_none_4352a8bf98ca473e\SmartCardSubsystem-DL.man,,,,,,,,,,,,,,,,,,,SCAFFOLD,0x3e7,DC$,S-1-5-18,,,,,,,,,00000000-0000-0000-0000-000000000000,,
2026-09-02T03:45:51.501789Z,4664,dc.scaffold.htb,Microsoft-Windows-Security-Auditing,Security,23499,0,,,,,,,C:\Windows\WinSxS\amd64_microsoft-windows-m..wnlevelmanifests-ds_31bf3856ad364e35_10.0.20348.1_none_2427a8ad2fb4ff7e\Kerberos-Key-Distribution-Center-DL.man,,,,,,,C:\Windows\WinSxS\amd64_microsoft-windows-m..wnlevelmanifests-ds_31bf3856ad364e35_10.0.20348.4052_none_4352a8bf98ca473e\Kerberos-Key-Distribution-Center-DL.man,,,,,,,,,,,,,,,,,,,SCAFFOLD,0x3e7,DC$,S-1-5-18,,,,,,,,,00000000-0000-0000-0000-000000000000,,
2026-09-02T03:45:51.502463Z,4664,dc.scaffold.htb,Microsoft-Windows-Security-Auditing,Security,23500,0,,,,,,,C:\Windows\WinSxS\amd64_microsoft-windows-m..wnlevelmanifests-ds_31bf3856ad364e35_10.0.20348.1_none_2427a8ad2fb4ff7e\Security-Kerberos-DL.man,,,,,,,C:\Windows\WinSxS\amd64_microsoft-windows-m..wnlevelmanifests-ds_31bf3856ad364e35_10.0.20348.4052_none_4352a8bf98ca473e\Security-Kerberos-DL.man,,,,,,,,,,,,,,,,,,,SCAFFOLD,0x3e7,DC$,S-1-5-18,,,,,,,,,00000000-0000-0000-0000-000000000000,,
2026-09-02T03:45:51.503155Z,4664,dc.scaffold.htb,Microsoft-Windows-Security-Auditing,Security,23501,0,,,,,,,C:\Windows\WinSxS\amd64_microsoft-windows-m..wnlevelmanifests-ds_31bf3856ad364e35_10.0.20348.1_none_2427a8ad2fb4ff7e\Security-NTLM-DL.man,,,,,,,C:\Windows\WinSxS\amd64_microsoft-windows-m..wnlevelmanifests-ds_31bf3856ad364e35_10.0.20348.4052_none_4352a8bf98ca473e\Security-NTLM-DL.man,,,,,,,,,,,,,,,,,,,SCAFFOLD,0x3e7,DC$,S-1-5-18,,,,,,,,,00000000-0000-0000-0000-000000000000,,
2026-09-02T03:45:51.503839Z,4664,dc.scaffold.htb,Microsoft-Windows-Security-Auditing,Security,23502,0,,,,,,,C:\Windows\WinSxS\amd64_microsoft-windows-m..wnlevelmanifests-ds_31bf3856ad364e35_10.0.20348.1_none_2427a8ad2fb4ff7e\Security-Digest-DL.man,,,,,,,C:\Windows\WinSxS\amd64_microsoft-windows-m..wnlevelmanifests-ds_31bf3856ad364e35_10.0.20348.4052_none_4352a8bf98ca473e\Security-Digest-DL.man,,,,,,,,,,,,,,,,,,,SCAFFOLD,0x3e7,DC$,S-1-5-18,,,,,,,,,00000000-0000-0000-0000-000000000000,,
2026-09-02T03:45:51.504559Z,4664,dc.scaffold.htb,Microsoft-Windows-Security-Auditing,Security,23503,0,,,,,,,C:\Windows\WinSxS\amd64_microsoft-windows-m..wnlevelmanifests-ds_31bf3856ad364e35_10.0.20348.1_none_2427a8ad2fb4ff7e\schannel-DL.man,,,,,,,C:\Windows\WinSxS\amd64_microsoft-windows-m..wnlevelmanifests-ds_31bf3856ad364e35_10.0.20348.4052_none_4352a8bf98ca473e\schannel-DL.man,,,,,,,,,,,,,,,,,,,SCAFFOLD,0x3e7,DC$,S-1-5-18,,,,,,,,,00000000-0000-0000-0000-000000000000,,
2026-09-02T03:45:51.505209Z,4664,dc.scaffold.htb,Microsoft-Windows-Security-Auditing,Security,23504,0,,,,,,,C:\Windows\WinSxS\amd64_microsoft-windows-m..wnlevelmanifests-ds_31bf3856ad364e35_10.0.20348.1_none_2427a8ad2fb4ff7e\winlogon-DL.man,,,,,,,C:\Windows\WinSxS\amd64_microsoft-windows-m..wnlevelmanifests-ds_31bf3856ad364e35_10.0.20348.4052_none_4352a8bf98ca473e\winlogon-DL.man,,,,,,,,,,,,,,,,,,,SCAFFOLD,0x3e7,DC$,S-1-5-18,,,,,,,,,00000000-0000-0000-0000-000000000000,,
2026-09-02T03:45:51.505849Z,4664,dc.scaffold.htb,Microsoft-Windows-Security-Auditing,Security,23505,0,,,,,,,C:\Windows\WinSxS\amd64_microsoft-windows-m..wnlevelmanifests-ds_31bf3856ad364e35_10.0.20348.1_none_2427a8ad2fb4ff7e\Rights-Management-Client-v1-API-DL.man,,,,,,,C:\Windows\WinSxS\amd64_microsoft-windows-m..wnlevelmanifests-ds_31bf3856ad364e35_10.0.20348.4052_none_4352a8bf98ca473e\Rights-Management-Client-v1-API-DL.man,,,,,,,,,,,,,,,,,,,SCAFFOLD,0x3e7,DC$,S-1-5-18,,,,,,,,,00000000-0000-0000-0000-000000000000,,
2026-09-02T03:45:51.506498Z,4664,dc.scaffold.htb,Microsoft-Windows-Security-Auditing,Security,23506,0,,,,,,,C:\Windows\WinSxS\amd64_microsoft-windows-m..wnlevelmanifests-ds_31bf3856ad364e35_10.0.20348.1_none_2427a8ad2fb4ff7e\frs-core-DL.man,,,,,,,C:\Windows\WinSxS\amd64_microsoft-windows-m..wnlevelmanifests-ds_31bf3856ad364e35_10.0.20348.4052_none_4352a8bf98ca473e\frs-core-DL.man,,,,,,,,,,,,,,,,,,,SCAFFOLD,0x3e7,DC$,S-1-5-18,,,,,,,,,00000000-0000-0000-0000-000000000000,,
2026-09-02T03:45:51.507089Z,4664,dc.scaffold.htb,Microsoft-Windows-Security-Auditing,Security,23507,0,,,,,,,C:\Windows\WinSxS\amd64_microsoft-windows-m..wnlevelmanifests-ds_31bf3856ad364e35_10.0.20348.1_none_2427a8ad2fb4ff7e\GPBase-DL.man,,,,,,,C:\Windows\WinSxS\amd64_microsoft-windows-m..wnlevelmanifests-ds_31bf3856ad364e35_10.0.20348.4052_none_4352a8bf98ca473e\GPBase-DL.man,,,,,,,,,,,,,,,,,,,SCAFFOLD,0x3e7,DC$,S-1-5-18,,,,,,,,,00000000-0000-0000-0000-000000000000,,
2026-09-02T03:45:51.507699Z,4664,dc.scaffold.htb,Microsoft-Windows-Security-Auditing,Security,23508,0,,,,,,,C:\Windows\WinSxS\amd64_microsoft-windows-m..wnlevelmanifests-ds_31bf3856ad364e35_10.0.20348.1_none_2427a8ad2fb4ff7e\GroupPolicy-Admin-Gpedit-DL.man,,,,,,,C:\Windows\WinSxS\amd64_microsoft-windows-m..wnlevelmanifests-ds_31bf3856ad364e35_10.0.20348.4052_none_4352a8bf98ca473e\GroupPolicy-Admin-Gpedit-DL.man,,,,,,,,,,,,,,,,,,,SCAFFOLD,0x3e7,DC$,S-1-5-18,,,,,,,,,00000000-0000-0000-0000-000000000000,,
2026-09-02T03:45:51.508280Z,4664,dc.scaffold.htb,Microsoft-Windows-Security-Auditing,Security,23509,0,,,,,,,C:\Windows\WinSxS\amd64_microsoft-windows-m..wnlevelmanifests-ds_31bf3856ad364e35_10.0.20348.1_none_2427a8ad2fb4ff7e\GroupPolicy-Admin-Gpedit-Snapin-DL.man,,,,,,,C:\Windows\WinSxS\amd64_microsoft-windows-m..wnlevelmanifests-ds_31bf3856ad364e35_10.0.20348.4052_none_4352a8bf98ca473e\GroupPolicy-Admin-Gpedit-Snapin-DL.man,,,,,,,,,,,,,,,,,,,SCAFFOLD,0x3e7,DC$,S-1-5-18,,,,,,,,,00000000-0000-0000-0000-000000000000,,
2026-09-02T03:45:51.508809Z,4664,dc.scaffold.htb,Microsoft-Windows-Security-Auditing,Security,23510,0,,,,,,,C:\Windows\WinSxS\amd64_microsoft-windows-m..wnlevelmanifests-ds_31bf3856ad364e35_10.0.20348.1_none_2427a8ad2fb4ff7e\GPMC-DL.man,,,,,,,C:\Windows\WinSxS\amd64_microsoft-windows-m..wnlevelmanifests-ds_31bf3856ad364e35_10.0.20348.4052_none_4352a8bf98ca473e\GPMC-DL.man,,,,,,,,,,,,,,,,,,,SCAFFOLD,0x3e7,DC$,S-1-5-18,,,,,,,,,00000000-0000-0000-0000-000000000000,,
2026-09-02T03:45:51.509364Z,4664,dc.scaffold.htb,Microsoft-Windows-Security-Auditing,Security,23511,0,,,,,,,C:\Windows\WinSxS\amd64_microsoft-windows-m..wnlevelmanifests-ds_31bf3856ad364e35_10.0.20348.1_none_2427a8ad2fb4ff7e\gpmgmt-DL.man,,,,,,,C:\Windows\WinSxS\amd64_microsoft-windows-m..wnlevelmanifests-ds_31bf3856ad364e35_10.0.20348.4052_none_4352a8bf98ca473e\gpmgmt-DL.man,,,,,,,,,,,,,,,,,,,SCAFFOLD,0x3e7,DC$,S-1-5-18,,,,,,,,,00000000-0000-0000-0000-000000000000,,
2026-09-02T03:45:51.509935Z,4664,dc.scaffold.htb,Microsoft-Windows-Security-Auditing,Security,23512,0,,,,,,,C:\Windows\WinSxS\amd64_microsoft-windows-m..wnlevelmanifests-ds_31bf3856ad364e35_10.0.20348.1_none_2427a8ad2fb4ff7e\GroupPolicy-CSE-SoftwareInstallation-DL.man,,,,,,,C:\Windows\WinSxS\amd64_microsoft-windows-m..wnlevelmanifests-ds_31bf3856ad364e35_10.0.20348.4052_none_4352a8bf98ca473e\GroupPolicy-CSE-SoftwareInstallation-DL.man,,,,,,,,,,,,,,,,,,,SCAFFOLD,0x3e7,DC$,S-1-5-18,,,,,,,,,00000000-0000-0000-0000-000000000000,,
2026-09-02T03:45:51.510461Z,4664,dc.scaffold.htb,Microsoft-Windows-Security-Auditing,Security,23513,0,,,,,,,C:\Windows\WinSxS\amd64_microsoft-windows-m..wnlevelmanifests-ds_31bf3856ad364e35_10.0.20348.1_none_2427a8ad2fb4ff7e\dpapi_keys-DL.man,,,,,,,C:\Windows\WinSxS\amd64_microsoft-windows-m..wnlevelmanifests-ds_31bf3856ad364e35_10.0.20348.4052_none_4352a8bf98ca473e\dpapi_keys-DL.man,,,,,,,,,,,,,,,,,,,SCAFFOLD,0x3e7,DC$,S-1-5-18,,,,,,,,,00000000-0000-0000-0000-000000000000,,
