2026-09-02T03:46:05.111860Z,4985,dc.scaffold.htb,Microsoft-Windows-Security-Auditing,Security,23722,0,,,,,,,,,,,,,,,,,,,,52,,,,,,,,0x173c,C:\Windows\WinSxS\amd64_microsoft-windows-servicingstack_31bf3856ad364e35_10.0.20348.5480_none_b1d14f82f983de4b\TiWorker.exe,,,DA4CB52F-4F22-11F1-A9A6-8906DE6815CD,SCAFFOLD,0x3e7,DC$,S-1-5-18,,,,,,,,,2BC06932-A67E-11F1-9937-005056B98D90,,
2026-09-02T03:46:05.439082Z,4985,dc.scaffold.htb,Microsoft-Windows-Security-Auditing,Security,23723,0,,,,,,,,,,,,,,,,,,,,48,,,,,,,,0x173c,C:\Windows\WinSxS\amd64_microsoft-windows-servicingstack_31bf3856ad364e35_10.0.20348.5480_none_b1d14f82f983de4b\TiWorker.exe,,,DA4CB52F-4F22-11F1-A9A6-8906DE6815CD,SCAFFOLD,0x3e7,DC$,S-1-5-18,,,,,,,,,2BC0693E-A67E-11F1-9937-005056B98D90,,
2026-09-02T03:46:05.535949Z,4985,dc.scaffold.htb,Microsoft-Windows-Security-Auditing,Security,23724,0,,,,,,,,,,,,,,,,,,,,52,,,,,,,,0x173c,C:\Windows\WinSxS\amd64_microsoft-windows-servicingstack_31bf3856ad364e35_10.0.20348.5480_none_b1d14f82f983de4b\TiWorker.exe,,,DA4CB52F-4F22-11F1-A9A6-8906DE6815CD,SCAFFOLD,0x3e7,DC$,S-1-5-18,,,,,,,,,2BC0693E-A67E-11F1-9937-005056B98D90,,
2026-09-02T03:46:05.932390Z,4985,dc.scaffold.htb,Microsoft-Windows-Security-Auditing,Security,23725,0,,,,,,,,,,,,,,,,,,,,48,,,,,,,,0x173c,C:\Windows\WinSxS\amd64_microsoft-windows-servicingstack_31bf3856ad364e35_10.0.20348.5480_none_b1d14f82f983de4b\TiWorker.exe,,,DA4CB52F-4F22-11F1-A9A6-8906DE6815CD,SCAFFOLD,0x3e7,DC$,S-1-5-18,,,,,,,,,2BC0694A-A67E-11F1-9937-005056B98D90,,
2026-09-02T03:46:05.962879Z,4985,dc.scaffold.htb,Microsoft-Windows-Security-Auditing,Security,23726,0,,,,,,,,,,,,,,,,,,,,52,,,,,,,,0x173c,C:\Windows\WinSxS\amd64_microsoft-windows-servicingstack_31bf3856ad364e35_10.0.20348.5480_none_b1d14f82f983de4b\TiWorker.exe,,,DA4CB52F-4F22-11F1-A9A6-8906DE6815CD,SCAFFOLD,0x3e7,DC$,S-1-5-18,,,,,,,,,2BC0694A-A67E-11F1-9937-005056B98D90,,
2026-09-02T03:46:06.131493Z,4985,dc.scaffold.htb,Microsoft-Windows-Security-Auditing,Security,23727,0,,,,,,,,,,,,,,,,,,,,48,,,,,,,,0x173c,C:\Windows\WinSxS\amd64_microsoft-windows-servicingstack_31bf3856ad364e35_10.0.20348.5480_none_b1d14f82f983de4b\TiWorker.exe,,,DA4CB52F-4F22-11F1-A9A6-8906DE6815CD,SCAFFOLD,0x3e7,DC$,S-1-5-18,,,,,,,,,2BC06956-A67E-11F1-9937-005056B98D90,,
2026-09-02T03:46:06.166190Z,4985,dc.scaffold.htb,Microsoft-Windows-Security-Auditing,Security,23728,0,,,,,,,,,,,,,,,,,,,,52,,,,,,,,0x173c,C:\Windows\WinSxS\amd64_microsoft-windows-servicingstack_31bf3856ad364e35_10.0.20348.5480_none_b1d14f82f983de4b\TiWorker.exe,,,DA4CB52F-4F22-11F1-A9A6-8906DE6815CD,SCAFFOLD,0x3e7,DC$,S-1-5-18,,,,,,,,,2BC06956-A67E-11F1-9937-005056B98D90,,
2026-09-02T03:46:06.218706Z,4985,dc.scaffold.htb,Microsoft-Windows-Security-Auditing,Security,23729,0,,,,,,,,,,,,,,,,,,,,48,,,,,,,,0x173c,C:\Windows\WinSxS\amd64_microsoft-windows-servicingstack_31bf3856ad364e35_10.0.20348.5480_none_b1d14f82f983de4b\TiWorker.exe,,,DA4CB52F-4F22-11F1-A9A6-8906DE6815CD,SCAFFOLD,0x3e7,DC$,S-1-5-18,,,,,,,,,2BC06962-A67E-11F1-9937-005056B98D90,,
2026-09-02T03:46:06.279354Z,4985,dc.scaffold.htb,Microsoft-Windows-Security-Auditing,Security,23730,0,,,,,,,,,,,,,,,,,,,,52,,,,,,,,0x173c,C:\Windows\WinSxS\amd64_microsoft-windows-servicingstack_31bf3856ad364e35_10.0.20348.5480_none_b1d14f82f983de4b\TiWorker.exe,,,DA4CB52F-4F22-11F1-A9A6-8906DE6815CD,SCAFFOLD,0x3e7,DC$,S-1-5-18,,,,,,,,,2BC06962-A67E-11F1-9937-005056B98D90,,
2026-09-02T03:46:06.457816Z,4985,dc.scaffold.htb,Microsoft-Windows-Security-Auditing,Security,23731,0,,,,,,,,,,,,,,,,,,,,48,,,,,,,,0x173c,C:\Windows\WinSxS\amd64_microsoft-windows-servicingstack_31bf3856ad364e35_10.0.20348.5480_none_b1d14f82f983de4b\TiWorker.exe,,,DA4CB52F-4F22-11F1-A9A6-8906DE6815CD,SCAFFOLD,0x3e7,DC$,S-1-5-18,,,,,,,,,2BC0696E-A67E-11F1-9937-005056B98D90,,
2026-09-02T03:46:06.519820Z,4985,dc.scaffold.htb,Microsoft-Windows-Security-Auditing,Security,23732,0,,,,,,,,,,,,,,,,,,,,52,,,,,,,,0x173c,C:\Windows\WinSxS\amd64_microsoft-windows-servicingstack_31bf3856ad364e35_10.0.20348.5480_none_b1d14f82f983de4b\TiWorker.exe,,,DA4CB52F-4F22-11F1-A9A6-8906DE6815CD,SCAFFOLD,0x3e7,DC$,S-1-5-18,,,,,,,,,2BC0696E-A67E-11F1-9937-005056B98D90,,
2026-09-02T03:46:06.569250Z,4985,dc.scaffold.htb,Microsoft-Windows-Security-Auditing,Security,23733,0,,,,,,,,,,,,,,,,,,,,48,,,,,,,,0x173c,C:\Windows\WinSxS\amd64_microsoft-windows-servicingstack_31bf3856ad364e35_10.0.20348.5480_none_b1d14f82f983de4b\TiWorker.exe,,,DA4CB52F-4F22-11F1-A9A6-8906DE6815CD,SCAFFOLD,0x3e7,DC$,S-1-5-18,,,,,,,,,2BC0697A-A67E-11F1-9937-005056B98D90,,
2026-09-02T03:46:06.584483Z,4985,dc.scaffold.htb,Microsoft-Windows-Security-Auditing,Security,23734,0,,,,,,,,,,,,,,,,,,,,52,,,,,,,,0x173c,C:\Windows\WinSxS\amd64_microsoft-windows-servicingstack_31bf3856ad364e35_10.0.20348.5480_none_b1d14f82f983de4b\TiWorker.exe,,,DA4CB52F-4F22-11F1-A9A6-8906DE6815CD,SCAFFOLD,0x3e7,DC$,S-1-5-18,,,,,,,,,2BC0697A-A67E-11F1-9937-005056B98D90,,
2026-09-02T03:46:07.643090Z,4985,dc.scaffold.htb,Microsoft-Windows-Security-Auditing,Security,23735,0,,,,,,,,,,,,,,,,,,,,48,,,,,,,,0x173c,C:\Windows\WinSxS\amd64_microsoft-windows-servicingstack_31bf3856ad364e35_10.0.20348.5480_none_b1d14f82f983de4b\TiWorker.exe,,,DA4CB52F-4F22-11F1-A9A6-8906DE6815CD,SCAFFOLD,0x3e7,DC$,S-1-5-18,,,,,,,,,2BC06986-A67E-11F1-9937-005056B98D90,,
2026-09-02T03:46:07.670275Z,4985,dc.scaffold.htb,Microsoft-Windows-Security-Auditing,Security,23736,0,,,,,,,,,,,,,,,,,,,,52,,,,,,,,0x173c,C:\Windows\WinSxS\amd64_microsoft-windows-servicingstack_31bf3856ad364e35_10.0.20348.5480_none_b1d14f82f983de4b\TiWorker.exe,,,DA4CB52F-4F22-11F1-A9A6-8906DE6815CD,SCAFFOLD,0x3e7,DC$,S-1-5-18,,,,,,,,,2BC06986-A67E-11F1-9937-005056B98D90,,
2026-09-02T03:46:09.015719Z,4985,dc.scaffold.htb,Microsoft-Windows-Security-Auditing,Security,23737,0,,,,,,,,,,,,,,,,,,,,48,,,,,,,,0x173c,C:\Windows\WinSxS\amd64_microsoft-windows-servicingstack_31bf3856ad364e35_10.0.20348.5480_none_b1d14f82f983de4b\TiWorker.exe,,,DA4CB52F-4F22-11F1-A9A6-8906DE6815CD,SCAFFOLD,0x3e7,DC$,S-1-5-18,,,,,,,,,2BC06992-A67E-11F1-9937-005056B98D90,,
2026-09-02T03:46:09.037256Z,4985,dc.scaffold.htb,Microsoft-Windows-Security-Auditing,Security,23738,0,,,,,,,,,,,,,,,,,,,,52,,,,,,,,0x173c,C:\Windows\WinSxS\amd64_microsoft-windows-servicingstack_31bf3856ad364e35_10.0.20348.5480_none_b1d14f82f983de4b\TiWorker.exe,,,DA4CB52F-4F22-11F1-A9A6-8906DE6815CD,SCAFFOLD,0x3e7,DC$,S-1-5-18,,,,,,,,,2BC06992-A67E-11F1-9937-005056B98D90,,
2026-09-02T03:46:09.289794Z,4664,dc.scaffold.htb,Microsoft-Windows-Security-Auditing,Security,23739,0,,,,,,,C:\Windows\WinSxS\amd64_microsoft-windows-pmemcmdlets_31bf3856ad364e35_10.0.20348.1_none_9045c11bfaafd6ae\PersistentMemory.psd1,,,,,,,C:\Windows\WinSxS\amd64_microsoft-windows-pmemcmdlets_31bf3856ad364e35_10.0.20348.2849_none_af189e4064079db8\PersistentMemory.psd1,,,,,,,,,,,,,,,,,,,SCAFFOLD,0x3e7,DC$,S-1-5-18,,,,,,,,,00000000-0000-0000-0000-000000000000,,
2026-09-02T03:46:09.290403Z,4664,dc.scaffold.htb,Microsoft-Windows-Security-Auditing,Security,23740,0,,,,,,,C:\Windows\WinSxS\amd64_microsoft-windows-pmemcmdlets_31bf3856ad364e35_10.0.20348.1_none_9045c11bfaafd6ae\PmemDisk.ps1xml,,,,,,,C:\Windows\WinSxS\amd64_microsoft-windows-pmemcmdlets_31bf3856ad364e35_10.0.20348.2849_none_af189e4064079db8\PmemDisk.ps1xml,,,,,,,,,,,,,,,,,,,SCAFFOLD,0x3e7,DC$,S-1-5-18,,,,,,,,,00000000-0000-0000-0000-000000000000,,
2026-09-02T03:46:09.291667Z,4664,dc.scaffold.htb,Microsoft-Windows-Security-Auditing,Security,23741,0,,,,,,,C:\Windows\WinSxS\amd64_microsoft-windows-pmemcmdlets_31bf3856ad364e35_10.0.20348.1_none_9045c11bfaafd6ae\PmemDedicatedMemory.ps1xml,,,,,,,C:\Windows\WinSxS\amd64_microsoft-windows-pmemcmdlets_31bf3856ad364e35_10.0.20348.2849_none_af189e4064079db8\PmemDedicatedMemory.ps1xml,,,,,,,,,,,,,,,,,,,SCAFFOLD,0x3e7,DC$,S-1-5-18,,,,,,,,,00000000-0000-0000-0000-000000000000,,
2026-09-02T03:46:09.292448Z,4664,dc.scaffold.htb,Microsoft-Windows-Security-Auditing,Security,23742,0,,,,,,,C:\Windows\WinSxS\amd64_microsoft-windows-pmemcmdlets_31bf3856ad364e35_10.0.20348.1_none_9045c11bfaafd6ae\PmemPhysicalDevice.ps1xml,,,,,,,C:\Windows\WinSxS\amd64_microsoft-windows-pmemcmdlets_31bf3856ad364e35_10.0.20348.2849_none_af189e4064079db8\PmemPhysicalDevice.ps1xml,,,,,,,,,,,,,,,,,,,SCAFFOLD,0x3e7,DC$,S-1-5-18,,,,,,,,,00000000-0000-0000-0000-000000000000,,
2026-09-02T03:46:09.295187Z,4664,dc.scaffold.htb,Microsoft-Windows-Security-Auditing,Security,23743,0,,,,,,,C:\Windows\WinSxS\amd64_microsoft-windows-wsp-fileserver_31bf3856ad364e35_10.0.20348.587_none_21b0a68294effd1a\wsp_fs.mof,,,,,,,C:\Windows\WinSxS\amd64_microsoft-windows-wsp-fileserver_31bf3856ad364e35_10.0.20348.5499_none_e1b4ea533cfbe685\wsp_fs.mof,,,,,,,,,,,,,,,,,,,SCAFFOLD,0x3e7,DC$,S-1-5-18,,,,,,,,,00000000-0000-0000-0000-000000000000,,
2026-09-02T03:46:09.295757Z,4664,dc.scaffold.htb,Microsoft-Windows-Security-Auditing,Security,23744,0,,,,,,,C:\Windows\WinSxS\amd64_microsoft-windows-wsp-fileserver_31bf3856ad364e35_10.0.20348.587_none_21b0a68294effd1a\wsp_fs_uninstall.mof,,,,,,,C:\Windows\WinSxS\amd64_microsoft-windows-wsp-fileserver_31bf3856ad364e35_10.0.20348.5499_none_e1b4ea533cfbe685\wsp_fs_uninstall.mof,,,,,,,,,,,,,,,,,,,SCAFFOLD,0x3e7,DC$,S-1-5-18,,,,,,,,,00000000-0000-0000-0000-000000000000,,
2026-09-02T03:46:09.298515Z,4664,dc.scaffold.htb,Microsoft-Windows-Security-Auditing,Security,23745,0,,,,,,,C:\Windows\WinSxS\amd64_microsoft-windows-wsp-health_31bf3856ad364e35_10.0.20348.587_none_4347729e0975c667\wsp_health.mof,,,,,,,C:\Windows\WinSxS\amd64_microsoft-windows-wsp-health_31bf3856ad364e35_10.0.20348.5499_none_034bb66eb181afd2\wsp_health.mof,,,,,,,,,,,,,,,,,,,SCAFFOLD,0x3e7,DC$,S-1-5-18,,,,,,,,,00000000-0000-0000-0000-000000000000,,
2026-09-02T03:46:09.299110Z,4664,dc.scaffold.htb,Microsoft-Windows-Security-Auditing,Security,23746,0,,,,,,,C:\Windows\WinSxS\amd64_microsoft-windows-wsp-health_31bf3856ad364e35_10.0.20348.587_none_4347729e0975c667\wsp_health_uninstall.mof,,,,,,,C:\Windows\WinSxS\amd64_microsoft-windows-wsp-health_31bf3856ad364e35_10.0.20348.5499_none_034bb66eb181afd2\wsp_health_uninstall.mof,,,,,,,,,,,,,,,,,,,SCAFFOLD,0x3e7,DC$,S-1-5-18,,,,,,,,,00000000-0000-0000-0000-000000000000,,
2026-09-02T03:46:09.326974Z,4664,dc.scaffold.htb,Microsoft-Windows-Security-Auditing,Security,23747,0,,,,,,,C:\Windows\WinSxS\amd64_microsoft-windows-d..ment-enterprisecsps_31bf3856ad364e35_10.0.20348.587_none_34a0d96e68cac658\CertificateStore_DDF.xml,,,,,,,C:\Windows\WinSxS\amd64_microsoft-windows-d..ment-enterprisecsps_31bf3856ad364e35_10.0.20348.5386_none_f4af313910cf2d98\CertificateStore_DDF.xml,,,,,,,,,,,,,,,,,,,SCAFFOLD,0x3e7,DC$,S-1-5-18,,,,,,,,,00000000-0000-0000-0000-000000000000,,
2026-09-02T03:46:09.327771Z,4664,dc.scaffold.htb,Microsoft-Windows-Security-Auditing,Security,23748,0,,,,,,,C:\Windows\WinSxS\amd64_microsoft-windows-d..ment-enterprisecsps_31bf3856ad364e35_10.0.20348.587_none_34a0d96e68cac658\DMClient_DDF.xml,,,,,,,C:\Windows\WinSxS\amd64_microsoft-windows-d..ment-enterprisecsps_31bf3856ad364e35_10.0.20348.5386_none_f4af313910cf2d98\DMClient_DDF.xml,,,,,,,,,,,,,,,,,,,SCAFFOLD,0x3e7,DC$,S-1-5-18,,,,,,,,,00000000-0000-0000-0000-000000000000,,
2026-09-02T03:46:09.328733Z,4664,dc.scaffold.htb,Microsoft-Windows-Security-Auditing,Security,23749,0,,,,,,,C:\Windows\WinSxS\amd64_microsoft-windows-d..ment-enterprisecsps_31bf3856ad364e35_10.0.20348.587_none_34a0d96e68cac658\DeviceManageabilityDDF.xml,,,,,,,C:\Windows\WinSxS\amd64_microsoft-windows-d..ment-enterprisecsps_31bf3856ad364e35_10.0.20348.5386_none_f4af313910cf2d98\DeviceManageabilityDDF.xml,,,,,,,,,,,,,,,,,,,SCAFFOLD,0x3e7,DC$,S-1-5-18,,,,,,,,,00000000-0000-0000-0000-000000000000,,
2026-09-02T03:46:09.352822Z,4664,dc.scaffold.htb,Microsoft-Windows-Security-Auditing,Security,23750,0,,,,,,,C:\Windows\WinSxS\amd64_microsoft-servercore-shelllauncher_31bf3856ad364e35_10.0.20348.202_none_15254e96575728f3\servercoreshelllaunch.bat,,,,,,,C:\Windows\WinSxS\amd64_microsoft-servercore-shelllauncher_31bf3856ad364e35_10.0.20348.2849_none_d4a7d356ffc461aa\servercoreshelllaunch.bat,,,,,,,,,,,,,,,,,,,SCAFFOLD,0x3e7,DC$,S-1-5-18,,,,,,,,,00000000-0000-0000-0000-000000000000,,
2026-09-02T03:46:09.433006Z,4664,dc.scaffold.htb,Microsoft-Windows-Security-Auditing,Security,23751,0,,,,,,,C:\Windows\WinSxS\amd64_microsoft-hyper-v-configuration-script_31bf3856ad364e35_10.0.20348.202_none_dc7179331bb0eab0\sconfig.cmd,,,,,,,C:\Windows\WinSxS\amd64_microsoft-hyper-v-configuration-script_31bf3856ad364e35_10.0.20348.2849_none_9bf3fdf3c41e2367\sconfig.cmd,,,,,,,,,,,,,,,,,,,SCAFFOLD,0x3e7,DC$,S-1-5-18,,,,,,,,,00000000-0000-0000-0000-000000000000,,
2026-09-02T03:46:09.436120Z,4664,dc.scaffold.htb,Microsoft-Windows-Security-Auditing,Security,23752,0,,,,,,,C:\Windows\WinSxS\amd64_microsoft-windows-t..-coreinkrecognition_31bf3856ad364e35_10.0.20348.1_none_77073f28c3f9498d\ThirdPartyNotices.MSHWLatin.txt,,,,,,,C:\Windows\WinSxS\amd64_microsoft-windows-t..-coreinkrecognition_31bf3856ad364e35_10.0.20348.3451_none_9607146d2d2eea49\ThirdPartyNotices.MSHWLatin.txt,,,,,,,,,,,,,,,,,,,SCAFFOLD,0x3e7,DC$,S-1-5-18,,,,,,,,,00000000-0000-0000-0000-000000000000,,
2026-09-02T03:46:09.436762Z,4664,dc.scaffold.htb,Microsoft-Windows-Security-Auditing,Security,23753,0,,,,,,,C:\Windows\WinSxS\amd64_microsoft-windows-t..-coreinkrecognition_31bf3856ad364e35_10.0.20348.1_none_77073f28c3f9498d\hwrcommonlm.dat,,,,,,,C:\Windows\WinSxS\amd64_microsoft-windows-t..-coreinkrecognition_31bf3856ad364e35_10.0.20348.3451_none_9607146d2d2eea49\hwrcommonlm.dat,,,,,,,,,,,,,,,,,,,SCAFFOLD,0x3e7,DC$,S-1-5-18,,,,,,,,,00000000-0000-0000-0000-000000000000,,
2026-09-02T03:46:09.438007Z,4664,dc.scaffold.htb,Microsoft-Windows-Security-Auditing,Security,23754,0,,,,,,,C:\Windows\WinSxS\amd64_microsoft-windows-t..-coreinkrecognition_31bf3856ad364e35_10.0.20348.1_none_77073f28c3f9498d\hwrlatinlm.dat,,,,,,,C:\Windows\WinSxS\amd64_microsoft-windows-t..-coreinkrecognition_31bf3856ad364e35_10.0.20348.3451_none_9607146d2d2eea49\hwrlatinlm.dat,,,,,,,,,,,,,,,,,,,SCAFFOLD,0x3e7,DC$,S-1-5-18,,,,,,,,,00000000-0000-0000-0000-000000000000,,
2026-09-02T03:46:09.443507Z,4664,dc.scaffold.htb,Microsoft-Windows-Security-Auditing,Security,23755,0,,,,,,,C:\Windows\WinSxS\x86_microsoft-windows-t..lishing-wmiprovider_31bf3856ad364e35_10.0.20348.558_none_c1a90ace653fee89\tsallow.mof,,,,,,,C:\Windows\WinSxS\x86_microsoft-windows-t..lishing-wmiprovider_31bf3856ad364e35_10.0.20348.5499_none_818bde910d651270\tsallow.mof,,,,,,,,,,,,,,,,,,,SCAFFOLD,0x3e7,DC$,S-1-5-18,,,,,,,,,00000000-0000-0000-0000-000000000000,,
2026-09-02T03:46:09.451093Z,4664,dc.scaffold.htb,Microsoft-Windows-Security-Auditing,Security,23756,0,,,,,,,C:\Windows\WinSxS\amd64_microsoft-windows-t..nputpersonalization_31bf3856ad364e35_10.0.20348.1_none_c91b10798f5acbc1\ipscat.xml,,,,,,,C:\Windows\WinSxS\amd64_microsoft-windows-t..nputpersonalization_31bf3856ad364e35_10.0.20348.2849_none_e7eded9df8b292cb\ipscat.xml,,,,,,,,,,,,,,,,,,,SCAFFOLD,0x3e7,DC$,S-1-5-18,,,,,,,,,00000000-0000-0000-0000-000000000000,,
2026-09-02T03:46:09.451828Z,4664,dc.scaffold.htb,Microsoft-Windows-Security-Auditing,Security,23757,0,,,,,,,C:\Windows\WinSxS\amd64_microsoft-windows-t..nputpersonalization_31bf3856ad364e35_10.0.20348.1_none_c91b10798f5acbc1\ipschs.xml,,,,,,,C:\Windows\WinSxS\amd64_microsoft-windows-t..nputpersonalization_31bf3856ad364e35_10.0.20348.2849_none_e7eded9df8b292cb\ipschs.xml,,,,,,,,,,,,,,,,,,,SCAFFOLD,0x3e7,DC$,S-1-5-18,,,,,,,,,00000000-0000-0000-0000-000000000000,,
2026-09-02T03:46:09.452499Z,4664,dc.scaffold.htb,Microsoft-Windows-Security-Auditing,Security,23758,0,,,,,,,C:\Windows\WinSxS\amd64_microsoft-windows-t..nputpersonalization_31bf3856ad364e35_10.0.20348.1_none_c91b10798f5acbc1\ipscht.xml,,,,,,,C:\Windows\WinSxS\amd64_microsoft-windows-t..nputpersonalization_31bf3856ad364e35_10.0.20348.2849_none_e7eded9df8b292cb\ipscht.xml,,,,,,,,,,,,,,,,,,,SCAFFOLD,0x3e7,DC$,S-1-5-18,,,,,,,,,00000000-0000-0000-0000-000000000000,,
2026-09-02T03:46:09.453669Z,4664,dc.scaffold.htb,Microsoft-Windows-Security-Auditing,Security,23759,0,,,,,,,C:\Windows\WinSxS\amd64_microsoft-windows-t..nputpersonalization_31bf3856ad364e35_10.0.20348.1_none_c91b10798f5acbc1\ipscsy.xml,,,,,,,C:\Windows\WinSxS\amd64_microsoft-windows-t..nputpersonalization_31bf3856ad364e35_10.0.20348.2849_none_e7eded9df8b292cb\ipscsy.xml,,,,,,,,,,,,,,,,,,,SCAFFOLD,0x3e7,DC$,S-1-5-18,,,,,,,,,00000000-0000-0000-0000-000000000000,,
2026-09-02T03:46:09.454248Z,4664,dc.scaffold.htb,Microsoft-Windows-Security-Auditing,Security,23760,0,,,,,,,C:\Windows\WinSxS\amd64_microsoft-windows-t..nputpersonalization_31bf3856ad364e35_10.0.20348.1_none_c91b10798f5acbc1\ipsdan.xml,,,,,,,C:\Windows\WinSxS\amd64_microsoft-windows-t..nputpersonalization_31bf3856ad364e35_10.0.20348.2849_none_e7eded9df8b292cb\ipsdan.xml,,,,,,,,,,,,,,,,,,,SCAFFOLD,0x3e7,DC$,S-1-5-18,,,,,,,,,00000000-0000-0000-0000-000000000000,,
2026-09-02T03:46:09.454921Z,4664,dc.scaffold.htb,Microsoft-Windows-Security-Auditing,Security,23761,0,,,,,,,C:\Windows\WinSxS\amd64_microsoft-windows-t..nputpersonalization_31bf3856ad364e35_10.0.20348.1_none_c91b10798f5acbc1\ipsdeu.xml,,,,,,,C:\Windows\WinSxS\amd64_microsoft-windows-t..nputpersonalization_31bf3856ad364e35_10.0.20348.2849_none_e7eded9df8b292cb\ipsdeu.xml,,,,,,,,,,,,,,,,,,,SCAFFOLD,0x3e7,DC$,S-1-5-18,,,,,,,,,00000000-0000-0000-0000-000000000000,,
2026-09-02T03:46:09.455457Z,4664,dc.scaffold.htb,Microsoft-Windows-Security-Auditing,Security,23762,0,,,,,,,C:\Windows\WinSxS\amd64_microsoft-windows-t..nputpersonalization_31bf3856ad364e35_10.0.20348.1_none_c91b10798f5acbc1\ipsen.xml,,,,,,,C:\Windows\WinSxS\amd64_microsoft-windows-t..nputpersonalization_31bf3856ad364e35_10.0.20348.2849_none_e7eded9df8b292cb\ipsen.xml,,,,,,,,,,,,,,,,,,,SCAFFOLD,0x3e7,DC$,S-1-5-18,,,,,,,,,00000000-0000-0000-0000-000000000000,,
2026-09-02T03:46:09.455980Z,4664,dc.scaffold.htb,Microsoft-Windows-Security-Auditing,Security,23763,0,,,,,,,C:\Windows\WinSxS\amd64_microsoft-windows-t..nputpersonalization_31bf3856ad364e35_10.0.20348.1_none_c91b10798f5acbc1\ipsfin.xml,,,,,,,C:\Windows\WinSxS\amd64_microsoft-windows-t..nputpersonalization_31bf3856ad364e35_10.0.20348.2849_none_e7eded9df8b292cb\ipsfin.xml,,,,,,,,,,,,,,,,,,,SCAFFOLD,0x3e7,DC$,S-1-5-18,,,,,,,,,00000000-0000-0000-0000-000000000000,,
2026-09-02T03:46:09.456572Z,4664,dc.scaffold.htb,Microsoft-Windows-Security-Auditing,Security,23764,0,,,,,,,C:\Windows\WinSxS\amd64_microsoft-windows-t..nputpersonalization_31bf3856ad364e35_10.0.20348.1_none_c91b10798f5acbc1\ipsesp.xml,,,,,,,C:\Windows\WinSxS\amd64_microsoft-windows-t..nputpersonalization_31bf3856ad364e35_10.0.20348.2849_none_e7eded9df8b292cb\ipsesp.xml,,,,,,,,,,,,,,,,,,,SCAFFOLD,0x3e7,DC$,S-1-5-18,,,,,,,,,00000000-0000-0000-0000-000000000000,,
2026-09-02T03:46:09.457090Z,4664,dc.scaffold.htb,Microsoft-Windows-Security-Auditing,Security,23765,0,,,,,,,C:\Windows\WinSxS\amd64_microsoft-windows-t..nputpersonalization_31bf3856ad364e35_10.0.20348.1_none_c91b10798f5acbc1\ipsfra.xml,,,,,,,C:\Windows\WinSxS\amd64_microsoft-windows-t..nputpersonalization_31bf3856ad364e35_10.0.20348.2849_none_e7eded9df8b292cb\ipsfra.xml,,,,,,,,,,,,,,,,,,,SCAFFOLD,0x3e7,DC$,S-1-5-18,,,,,,,,,00000000-0000-0000-0000-000000000000,,
2026-09-02T03:46:09.457746Z,4664,dc.scaffold.htb,Microsoft-Windows-Security-Auditing,Security,23766,0,,,,,,,C:\Windows\WinSxS\amd64_microsoft-windows-t..nputpersonalization_31bf3856ad364e35_10.0.20348.1_none_c91b10798f5acbc1\ipshrv.xml,,,,,,,C:\Windows\WinSxS\amd64_microsoft-windows-t..nputpersonalization_31bf3856ad364e35_10.0.20348.2849_none_e7eded9df8b292cb\ipshrv.xml,,,,,,,,,,,,,,,,,,,SCAFFOLD,0x3e7,DC$,S-1-5-18,,,,,,,,,00000000-0000-0000-0000-000000000000,,
2026-09-02T03:46:09.458320Z,4664,dc.scaffold.htb,Microsoft-Windows-Security-Auditing,Security,23767,0,,,,,,,C:\Windows\WinSxS\amd64_microsoft-windows-t..nputpersonalization_31bf3856ad364e35_10.0.20348.1_none_c91b10798f5acbc1\ipsita.xml,,,,,,,C:\Windows\WinSxS\amd64_microsoft-windows-t..nputpersonalization_31bf3856ad364e35_10.0.20348.2849_none_e7eded9df8b292cb\ipsita.xml,,,,,,,,,,,,,,,,,,,SCAFFOLD,0x3e7,DC$,S-1-5-18,,,,,,,,,00000000-0000-0000-0000-000000000000,,
2026-09-02T03:46:09.458889Z,4664,dc.scaffold.htb,Microsoft-Windows-Security-Auditing,Security,23768,0,,,,,,,C:\Windows\WinSxS\amd64_microsoft-windows-t..nputpersonalization_31bf3856ad364e35_10.0.20348.1_none_c91b10798f5acbc1\ipsjpn.xml,,,,,,,C:\Windows\WinSxS\amd64_microsoft-windows-t..nputpersonalization_31bf3856ad364e35_10.0.20348.2849_none_e7eded9df8b292cb\ipsjpn.xml,,,,,,,,,,,,,,,,,,,SCAFFOLD,0x3e7,DC$,S-1-5-18,,,,,,,,,00000000-0000-0000-0000-000000000000,,
2026-09-02T03:46:09.459431Z,4664,dc.scaffold.htb,Microsoft-Windows-Security-Auditing,Security,23769,0,,,,,,,C:\Windows\WinSxS\amd64_microsoft-windows-t..nputpersonalization_31bf3856ad364e35_10.0.20348.1_none_c91b10798f5acbc1\ipskor.xml,,,,,,,C:\Windows\WinSxS\amd64_microsoft-windows-t..nputpersonalization_31bf3856ad364e35_10.0.20348.2849_none_e7eded9df8b292cb\ipskor.xml,,,,,,,,,,,,,,,,,,,SCAFFOLD,0x3e7,DC$,S-1-5-18,,,,,,,,,00000000-0000-0000-0000-000000000000,,
2026-09-02T03:46:09.459947Z,4664,dc.scaffold.htb,Microsoft-Windows-Security-Auditing,Security,23770,0,,,,,,,C:\Windows\WinSxS\amd64_microsoft-windows-t..nputpersonalization_31bf3856ad364e35_10.0.20348.1_none_c91b10798f5acbc1\ipsnld.xml,,,,,,,C:\Windows\WinSxS\amd64_microsoft-windows-t..nputpersonalization_31bf3856ad364e35_10.0.20348.2849_none_e7eded9df8b292cb\ipsnld.xml,,,,,,,,,,,,,,,,,,,SCAFFOLD,0x3e7,DC$,S-1-5-18,,,,,,,,,00000000-0000-0000-0000-000000000000,,
2026-09-02T03:46:09.460488Z,4664,dc.scaffold.htb,Microsoft-Windows-Security-Auditing,Security,23771,0,,,,,,,C:\Windows\WinSxS\amd64_microsoft-windows-t..nputpersonalization_31bf3856ad364e35_10.0.20348.1_none_c91b10798f5acbc1\ipsnor.xml,,,,,,,C:\Windows\WinSxS\amd64_microsoft-windows-t..nputpersonalization_31bf3856ad364e35_10.0.20348.2849_none_e7eded9df8b292cb\ipsnor.xml,,,,,,,,,,,,,,,,,,,SCAFFOLD,0x3e7,DC$,S-1-5-18,,,,,,,,,00000000-0000-0000-0000-000000000000,,
2026-09-02T03:46:09.461019Z,4664,dc.scaffold.htb,Microsoft-Windows-Security-Auditing,Security,23772,0,,,,,,,C:\Windows\WinSxS\amd64_microsoft-windows-t..nputpersonalization_31bf3856ad364e35_10.0.20348.1_none_c91b10798f5acbc1\ipsplk.xml,,,,,,,C:\Windows\WinSxS\amd64_microsoft-windows-t..nputpersonalization_31bf3856ad364e35_10.0.20348.2849_none_e7eded9df8b292cb\ipsplk.xml,,,,,,,,,,,,,,,,,,,SCAFFOLD,0x3e7,DC$,S-1-5-18,,,,,,,,,00000000-0000-0000-0000-000000000000,,
2026-09-02T03:46:09.461593Z,4664,dc.scaffold.htb,Microsoft-Windows-Security-Auditing,Security,23773,0,,,,,,,C:\Windows\WinSxS\amd64_microsoft-windows-t..nputpersonalization_31bf3856ad364e35_10.0.20348.1_none_c91b10798f5acbc1\ipsptb.xml,,,,,,,C:\Windows\WinSxS\amd64_microsoft-windows-t..nputpersonalization_31bf3856ad364e35_10.0.20348.2849_none_e7eded9df8b292cb\ipsptb.xml,,,,,,,,,,,,,,,,,,,SCAFFOLD,0x3e7,DC$,S-1-5-18,,,,,,,,,00000000-0000-0000-0000-000000000000,,
2026-09-02T03:46:09.462112Z,4664,dc.scaffold.htb,Microsoft-Windows-Security-Auditing,Security,23774,0,,,,,,,C:\Windows\WinSxS\amd64_microsoft-windows-t..nputpersonalization_31bf3856ad364e35_10.0.20348.1_none_c91b10798f5acbc1\ipsptg.xml,,,,,,,C:\Windows\WinSxS\amd64_microsoft-windows-t..nputpersonalization_31bf3856ad364e35_10.0.20348.2849_none_e7eded9df8b292cb\ipsptg.xml,,,,,,,,,,,,,,,,,,,SCAFFOLD,0x3e7,DC$,S-1-5-18,,,,,,,,,00000000-0000-0000-0000-000000000000,,
2026-09-02T03:46:09.462629Z,4664,dc.scaffold.htb,Microsoft-Windows-Security-Auditing,Security,23775,0,,,,,,,C:\Windows\WinSxS\amd64_microsoft-windows-t..nputpersonalization_31bf3856ad364e35_10.0.20348.1_none_c91b10798f5acbc1\ipsrom.xml,,,,,,,C:\Windows\WinSxS\amd64_microsoft-windows-t..nputpersonalization_31bf3856ad364e35_10.0.20348.2849_none_e7eded9df8b292cb\ipsrom.xml,,,,,,,,,,,,,,,,,,,SCAFFOLD,0x3e7,DC$,S-1-5-18,,,,,,,,,00000000-0000-0000-0000-000000000000,,
2026-09-02T03:46:09.463162Z,4664,dc.scaffold.htb,Microsoft-Windows-Security-Auditing,Security,23776,0,,,,,,,C:\Windows\WinSxS\amd64_microsoft-windows-t..nputpersonalization_31bf3856ad364e35_10.0.20348.1_none_c91b10798f5acbc1\ipsrus.xml,,,,,,,C:\Windows\WinSxS\amd64_microsoft-windows-t..nputpersonalization_31bf3856ad364e35_10.0.20348.2849_none_e7eded9df8b292cb\ipsrus.xml,,,,,,,,,,,,,,,,,,,SCAFFOLD,0x3e7,DC$,S-1-5-18,,,,,,,,,00000000-0000-0000-0000-000000000000,,
2026-09-02T03:46:09.463710Z,4664,dc.scaffold.htb,Microsoft-Windows-Security-Auditing,Security,23777,0,,,,,,,C:\Windows\WinSxS\amd64_microsoft-windows-t..nputpersonalization_31bf3856ad364e35_10.0.20348.1_none_c91b10798f5acbc1\ipssrb.xml,,,,,,,C:\Windows\WinSxS\amd64_microsoft-windows-t..nputpersonalization_31bf3856ad364e35_10.0.20348.2849_none_e7eded9df8b292cb\ipssrb.xml,,,,,,,,,,,,,,,,,,,SCAFFOLD,0x3e7,DC$,S-1-5-18,,,,,,,,,00000000-0000-0000-0000-000000000000,,
2026-09-02T03:46:09.464534Z,4664,dc.scaffold.htb,Microsoft-Windows-Security-Auditing,Security,23778,0,,,,,,,C:\Windows\WinSxS\amd64_microsoft-windows-t..nputpersonalization_31bf3856ad364e35_10.0.20348.1_none_c91b10798f5acbc1\ipssrl.xml,,,,,,,C:\Windows\WinSxS\amd64_microsoft-windows-t..nputpersonalization_31bf3856ad364e35_10.0.20348.2849_none_e7eded9df8b292cb\ipssrl.xml,,,,,,,,,,,,,,,,,,,SCAFFOLD,0x3e7,DC$,S-1-5-18,,,,,,,,,00000000-0000-0000-0000-000000000000,,
2026-09-02T03:46:09.465107Z,4664,dc.scaffold.htb,Microsoft-Windows-Security-Auditing,Security,23779,0,,,,,,,C:\Windows\WinSxS\amd64_microsoft-windows-t..nputpersonalization_31bf3856ad364e35_10.0.20348.1_none_c91b10798f5acbc1\ipssve.xml,,,,,,,C:\Windows\WinSxS\amd64_microsoft-windows-t..nputpersonalization_31bf3856ad364e35_10.0.20348.2849_none_e7eded9df8b292cb\ipssve.xml,,,,,,,,,,,,,,,,,,,SCAFFOLD,0x3e7,DC$,S-1-5-18,,,,,,,,,00000000-0000-0000-0000-000000000000,,
2026-09-02T03:46:09.465643Z,4664,dc.scaffold.htb,Microsoft-Windows-Security-Auditing,Security,23780,0,,,,,,,C:\Windows\WinSxS\amd64_microsoft-windows-t..nputpersonalization_31bf3856ad364e35_10.0.20348.1_none_c91b10798f5acbc1\ipsar.xml,,,,,,,C:\Windows\WinSxS\amd64_microsoft-windows-t..nputpersonalization_31bf3856ad364e35_10.0.20348.2849_none_e7eded9df8b292cb\ipsar.xml,,,,,,,,,,,,,,,,,,,SCAFFOLD,0x3e7,DC$,S-1-5-18,,,,,,,,,00000000-0000-0000-0000-000000000000,,
2026-09-02T03:46:09.466192Z,4664,dc.scaffold.htb,Microsoft-Windows-Security-Auditing,Security,23781,0,,,,,,,C:\Windows\WinSxS\amd64_microsoft-windows-t..nputpersonalization_31bf3856ad364e35_10.0.20348.1_none_c91b10798f5acbc1\ipsel.xml,,,,,,,C:\Windows\WinSxS\amd64_microsoft-windows-t..nputpersonalization_31bf3856ad364e35_10.0.20348.2849_none_e7eded9df8b292cb\ipsel.xml,,,,,,,,,,,,,,,,,,,SCAFFOLD,0x3e7,DC$,S-1-5-18,,,,,,,,,00000000-0000-0000-0000-000000000000,,
2026-09-02T03:46:09.467195Z,4664,dc.scaffold.htb,Microsoft-Windows-Security-Auditing,Security,23782,0,,,,,,,C:\Windows\WinSxS\amd64_microsoft-windows-t..nputpersonalization_31bf3856ad364e35_10.0.20348.1_none_c91b10798f5acbc1\ipshe.xml,,,,,,,C:\Windows\WinSxS\amd64_microsoft-windows-t..nputpersonalization_31bf3856ad364e35_10.0.20348.2849_none_e7eded9df8b292cb\ipshe.xml,,,,,,,,,,,,,,,,,,,SCAFFOLD,0x3e7,DC$,S-1-5-18,,,,,,,,,00000000-0000-0000-0000-000000000000,,
2026-09-02T03:46:09.467869Z,4664,dc.scaffold.htb,Microsoft-Windows-Security-Auditing,Security,23783,0,,,,,,,C:\Windows\WinSxS\amd64_microsoft-windows-t..nputpersonalization_31bf3856ad364e35_10.0.20348.1_none_c91b10798f5acbc1\ipshi.xml,,,,,,,C:\Windows\WinSxS\amd64_microsoft-windows-t..nputpersonalization_31bf3856ad364e35_10.0.20348.2849_none_e7eded9df8b292cb\ipshi.xml,,,,,,,,,,,,,,,,,,,SCAFFOLD,0x3e7,DC$,S-1-5-18,,,,,,,,,00000000-0000-0000-0000-000000000000,,
2026-09-02T03:46:09.468424Z,4664,dc.scaffold.htb,Microsoft-Windows-Security-Auditing,Security,23784,0,,,,,,,C:\Windows\WinSxS\amd64_microsoft-windows-t..nputpersonalization_31bf3856ad364e35_10.0.20348.1_none_c91b10798f5acbc1\ipsid.xml,,,,,,,C:\Windows\WinSxS\amd64_microsoft-windows-t..nputpersonalization_31bf3856ad364e35_10.0.20348.2849_none_e7eded9df8b292cb\ipsid.xml,,,,,,,,,,,,,,,,,,,SCAFFOLD,0x3e7,DC$,S-1-5-18,,,,,,,,,00000000-0000-0000-0000-000000000000,,
2026-09-02T03:46:09.468986Z,4664,dc.scaffold.htb,Microsoft-Windows-Security-Auditing,Security,23785,0,,,,,,,C:\Windows\WinSxS\amd64_microsoft-windows-t..nputpersonalization_31bf3856ad364e35_10.0.20348.1_none_c91b10798f5acbc1\ipstr.xml,,,,,,,C:\Windows\WinSxS\amd64_microsoft-windows-t..nputpersonalization_31bf3856ad364e35_10.0.20348.2849_none_e7eded9df8b292cb\ipstr.xml,,,,,,,,,,,,,,,,,,,SCAFFOLD,0x3e7,DC$,S-1-5-18,,,,,,,,,00000000-0000-0000-0000-000000000000,,
2026-09-02T03:46:09.469648Z,4664,dc.scaffold.htb,Microsoft-Windows-Security-Auditing,Security,23786,0,,,,,,,C:\Windows\WinSxS\amd64_microsoft-windows-t..nputpersonalization_31bf3856ad364e35_10.0.20348.1_none_c91b10798f5acbc1\ShapeCollector.admx,,,,,,,C:\Windows\WinSxS\amd64_microsoft-windows-t..nputpersonalization_31bf3856ad364e35_10.0.20348.2849_none_e7eded9df8b292cb\ShapeCollector.admx,,,,,,,,,,,,,,,,,,,SCAFFOLD,0x3e7,DC$,S-1-5-18,,,,,,,,,00000000-0000-0000-0000-000000000000,,
2026-09-02T03:46:09.470216Z,4664,dc.scaffold.htb,Microsoft-Windows-Security-Auditing,Security,23787,0,,,,,,,C:\Windows\WinSxS\amd64_microsoft-windows-t..nputpersonalization_31bf3856ad364e35_10.0.20348.1_none_c91b10798f5acbc1\Alphabet.xml,,,,,,,C:\Windows\WinSxS\amd64_microsoft-windows-t..nputpersonalization_31bf3856ad364e35_10.0.20348.2849_none_e7eded9df8b292cb\Alphabet.xml,,,,,,,,,,,,,,,,,,,SCAFFOLD,0x3e7,DC$,S-1-5-18,,,,,,,,,00000000-0000-0000-0000-000000000000,,
2026-09-02T03:46:09.470693Z,4664,dc.scaffold.htb,Microsoft-Windows-Security-Auditing,Security,23788,0,,,,,,,C:\Windows\WinSxS\amd64_microsoft-windows-t..nputpersonalization_31bf3856ad364e35_10.0.20348.1_none_c91b10798f5acbc1\Content.xml,,,,,,,C:\Windows\WinSxS\amd64_microsoft-windows-t..nputpersonalization_31bf3856ad364e35_10.0.20348.2849_none_e7eded9df8b292cb\Content.xml,,,,,,,,,,,,,,,,,,,SCAFFOLD,0x3e7,DC$,S-1-5-18,,,,,,,,,00000000-0000-0000-0000-000000000000,,
2026-09-02T03:46:09.567693Z,4664,dc.scaffold.htb,Microsoft-Windows-Security-Auditing,Security,23789,0,,,,,,,C:\Windows\WinSxS\amd64_microsoft-windows-t..ices-rdpsounddriver_31bf3856ad364e35_10.0.20348.1_none_c4384ac2c30ba075\rdpendp.mof,,,,,,,C:\Windows\WinSxS\amd64_microsoft-windows-t..ices-rdpsounddriver_31bf3856ad364e35_10.0.20348.5499_none_e33b6ebb2c3e6de3\rdpendp.mof,,,,,,,,,,,,,,,,,,,SCAFFOLD,0x3e7,DC$,S-1-5-18,,,,,,,,,00000000-0000-0000-0000-000000000000,,
2026-09-02T03:46:09.596500Z,4664,dc.scaffold.htb,Microsoft-Windows-Security-Auditing,Security,23790,0,,,,,,,C:\Windows\WinSxS\amd64_microsoft-windows-pcwdiagnostic_31bf3856ad364e35_10.0.20348.261_none_dda943f989cac76e\DiagPackage.diagpkg,,,,,,,C:\Windows\WinSxS\amd64_microsoft-windows-pcwdiagnostic_31bf3856ad364e35_10.0.20348.5499_none_9d9def6031e1783a\DiagPackage.diagpkg,,,,,,,,,,,,,,,,,,,SCAFFOLD,0x3e7,DC$,S-1-5-18,,,,,,,,,00000000-0000-0000-0000-000000000000,,
2026-09-02T03:46:09.597133Z,4664,dc.scaffold.htb,Microsoft-Windows-Security-Auditing,Security,23791,0,,,,,,,C:\Windows\WinSxS\amd64_microsoft-windows-pcwdiagnostic_31bf3856ad364e35_10.0.20348.261_none_dda943f989cac76e\TS_ProgramCompatibilityWizard.ps1,,,,,,,C:\Windows\WinSxS\amd64_microsoft-windows-pcwdiagnostic_31bf3856ad364e35_10.0.20348.5499_none_9d9def6031e1783a\TS_ProgramCompatibilityWizard.ps1,,,,,,,,,,,,,,,,,,,SCAFFOLD,0x3e7,DC$,S-1-5-18,,,,,,,,,00000000-0000-0000-0000-000000000000,,
2026-09-02T03:46:09.623328Z,4664,dc.scaffold.htb,Microsoft-Windows-Security-Auditing,Security,23792,0,,,,,,,C:\Windows\WinSxS\amd64_microsoft-windows-pcwdiagnostic_31bf3856ad364e35_10.0.20348.261_none_dda943f989cac76e\VF_ProgramCompatibilityWizard.ps1,,,,,,,C:\Windows\WinSxS\amd64_microsoft-windows-pcwdiagnostic_31bf3856ad364e35_10.0.20348.5499_none_9d9def6031e1783a\VF_ProgramCompatibilityWizard.ps1,,,,,,,,,,,,,,,,,,,SCAFFOLD,0x3e7,DC$,S-1-5-18,,,,,,,,,00000000-0000-0000-0000-000000000000,,
2026-09-02T03:46:09.624029Z,4664,dc.scaffold.htb,Microsoft-Windows-Security-Auditing,Security,23793,0,,,,,,,C:\Windows\WinSxS\amd64_microsoft-windows-pcwdiagnostic_31bf3856ad364e35_10.0.20348.261_none_dda943f989cac76e\PCWDiagnostic.xml,,,,,,,C:\Windows\WinSxS\amd64_microsoft-windows-pcwdiagnostic_31bf3856ad364e35_10.0.20348.5499_none_9d9def6031e1783a\PCWDiagnostic.xml,,,,,,,,,,,,,,,,,,,SCAFFOLD,0x3e7,DC$,S-1-5-18,,,,,,,,,00000000-0000-0000-0000-000000000000,,
2026-09-02T03:46:09.702331Z,4664,dc.scaffold.htb,Microsoft-Windows-Security-Auditing,Security,23794,0,,,,,,,C:\Windows\WinSxS\amd64_microsoft-windows-n..pture-wmiv2provider_31bf3856ad364e35_10.0.20348.1_none_6e04c667bcaae3d7\NetEventPacketCapture.mof,,,,,,,C:\Windows\WinSxS\amd64_microsoft-windows-n..pture-wmiv2provider_31bf3856ad364e35_10.0.20348.3451_none_8d049bac25e08493\NetEventPacketCapture.mof,,,,,,,,,,,,,,,,,,,SCAFFOLD,0x3e7,DC$,S-1-5-18,,,,,,,,,00000000-0000-0000-0000-000000000000,,
2026-09-02T03:46:09.703015Z,4664,dc.scaffold.htb,Microsoft-Windows-Security-Auditing,Security,23795,0,,,,,,,C:\Windows\WinSxS\amd64_microsoft-windows-n..pture-wmiv2provider_31bf3856ad364e35_10.0.20348.1_none_6e04c667bcaae3d7\NetEventPacketCapture_uninstall.mof,,,,,,,C:\Windows\WinSxS\amd64_microsoft-windows-n..pture-wmiv2provider_31bf3856ad364e35_10.0.20348.3451_none_8d049bac25e08493\NetEventPacketCapture_uninstall.mof,,,,,,,,,,,,,,,,,,,SCAFFOLD,0x3e7,DC$,S-1-5-18,,,,,,,,,00000000-0000-0000-0000-000000000000,,
2026-09-02T03:46:09.781635Z,4664,dc.scaffold.htb,Microsoft-Windows-Security-Auditing,Security,23796,0,,,,,,,C:\Windows\WinSxS\amd64_microsoft-windows-bluetoothdiagnostic_31bf3856ad364e35_10.0.20348.1_none_2325842c161c43c8\CL_Utility.ps1,,,,,,,C:\Windows\WinSxS\amd64_microsoft-windows-bluetoothdiagnostic_31bf3856ad364e35_10.0.20348.2849_none_41f861507f740ad2\CL_Utility.ps1,,,,,,,,,,,,,,,,,,,SCAFFOLD,0x3e7,DC$,S-1-5-18,,,,,,,,,00000000-0000-0000-0000-000000000000,,
2026-09-02T03:46:09.782371Z,4664,dc.scaffold.htb,Microsoft-Windows-Security-Auditing,Security,23797,0,,,,,,,C:\Windows\WinSxS\amd64_microsoft-windows-bluetoothdiagnostic_31bf3856ad364e35_10.0.20348.1_none_2325842c161c43c8\RC_BTRadioOff.ps1,,,,,,,C:\Windows\WinSxS\amd64_microsoft-windows-bluetoothdiagnostic_31bf3856ad364e35_10.0.20348.2849_none_41f861507f740ad2\RC_BTRadioOff.ps1,,,,,,,,,,,,,,,,,,,SCAFFOLD,0x3e7,DC$,S-1-5-18,,,,,,,,,00000000-0000-0000-0000-000000000000,,
2026-09-02T03:46:09.787724Z,4664,dc.scaffold.htb,Microsoft-Windows-Security-Auditing,Security,23798,0,,,,,,,C:\Windows\WinSxS\amd64_microsoft-windows-bluetoothdiagnostic_31bf3856ad364e35_10.0.20348.1_none_2325842c161c43c8\RC_CheckBT.ps1,,,,,,,C:\Windows\WinSxS\amd64_microsoft-windows-bluetoothdiagnostic_31bf3856ad364e35_10.0.20348.2849_none_41f861507f740ad2\RC_CheckBT.ps1,,,,,,,,,,,,,,,,,,,SCAFFOLD,0x3e7,DC$,S-1-5-18,,,,,,,,,00000000-0000-0000-0000-000000000000,,
2026-09-02T03:46:09.788418Z,4664,dc.scaffold.htb,Microsoft-Windows-Security-Auditing,Security,23799,0,,,,,,,C:\Windows\WinSxS\amd64_microsoft-windows-bluetoothdiagnostic_31bf3856ad364e35_10.0.20348.1_none_2325842c161c43c8\RC_Disabled.ps1,,,,,,,C:\Windows\WinSxS\amd64_microsoft-windows-bluetoothdiagnostic_31bf3856ad364e35_10.0.20348.2849_none_41f861507f740ad2\RC_Disabled.ps1,,,,,,,,,,,,,,,,,,,SCAFFOLD,0x3e7,DC$,S-1-5-18,,,,,,,,,00000000-0000-0000-0000-000000000000,,
2026-09-02T03:46:09.789006Z,4664,dc.scaffold.htb,Microsoft-Windows-Security-Auditing,Security,23800,0,,,,,,,C:\Windows\WinSxS\amd64_microsoft-windows-bluetoothdiagnostic_31bf3856ad364e35_10.0.20348.1_none_2325842c161c43c8\RC_DriverProblem.ps1,,,,,,,C:\Windows\WinSxS\amd64_microsoft-windows-bluetoothdiagnostic_31bf3856ad364e35_10.0.20348.2849_none_41f861507f740ad2\RC_DriverProblem.ps1,,,,,,,,,,,,,,,,,,,SCAFFOLD,0x3e7,DC$,S-1-5-18,,,,,,,,,00000000-0000-0000-0000-000000000000,,
2026-09-02T03:46:09.789611Z,4664,dc.scaffold.htb,Microsoft-Windows-Security-Auditing,Security,23801,0,,,,,,,C:\Windows\WinSxS\amd64_microsoft-windows-bluetoothdiagnostic_31bf3856ad364e35_10.0.20348.1_none_2325842c161c43c8\RC_OtherIssue.ps1,,,,,,,C:\Windows\WinSxS\amd64_microsoft-windows-bluetoothdiagnostic_31bf3856ad364e35_10.0.20348.2849_none_41f861507f740ad2\RC_OtherIssue.ps1,,,,,,,,,,,,,,,,,,,SCAFFOLD,0x3e7,DC$,S-1-5-18,,,,,,,,,00000000-0000-0000-0000-000000000000,,
2026-09-02T03:46:09.790158Z,4664,dc.scaffold.htb,Microsoft-Windows-Security-Auditing,Security,23802,0,,,,,,,C:\Windows\WinSxS\amd64_microsoft-windows-bluetoothdiagnostic_31bf3856ad364e35_10.0.20348.1_none_2325842c161c43c8\RC_PendingRestart.ps1,,,,,,,C:\Windows\WinSxS\amd64_microsoft-windows-bluetoothdiagnostic_31bf3856ad364e35_10.0.20348.2849_none_41f861507f740ad2\RC_PendingRestart.ps1,,,,,,,,,,,,,,,,,,,SCAFFOLD,0x3e7,DC$,S-1-5-18,,,,,,,,,00000000-0000-0000-0000-000000000000,,
2026-09-02T03:46:09.790710Z,4664,dc.scaffold.htb,Microsoft-Windows-Security-Auditing,Security,23803,0,,,,,,,C:\Windows\WinSxS\amd64_microsoft-windows-bluetoothdiagnostic_31bf3856ad364e35_10.0.20348.1_none_2325842c161c43c8\RS_BTRadioOff.ps1,,,,,,,C:\Windows\WinSxS\amd64_microsoft-windows-bluetoothdiagnostic_31bf3856ad364e35_10.0.20348.2849_none_41f861507f740ad2\RS_BTRadioOff.ps1,,,,,,,,,,,,,,,,,,,SCAFFOLD,0x3e7,DC$,S-1-5-18,,,,,,,,,00000000-0000-0000-0000-000000000000,,
2026-09-02T03:46:09.791243Z,4664,dc.scaffold.htb,Microsoft-Windows-Security-Auditing,Security,23804,0,,,,,,,C:\Windows\WinSxS\amd64_microsoft-windows-bluetoothdiagnostic_31bf3856ad364e35_10.0.20348.1_none_2325842c161c43c8\RS_CheckBT.ps1,,,,,,,C:\Windows\WinSxS\amd64_microsoft-windows-bluetoothdiagnostic_31bf3856ad364e35_10.0.20348.2849_none_41f861507f740ad2\RS_CheckBT.ps1,,,,,,,,,,,,,,,,,,,SCAFFOLD,0x3e7,DC$,S-1-5-18,,,,,,,,,00000000-0000-0000-0000-000000000000,,
2026-09-02T03:46:09.791786Z,4664,dc.scaffold.htb,Microsoft-Windows-Security-Auditing,Security,23805,0,,,,,,,C:\Windows\WinSxS\amd64_microsoft-windows-bluetoothdiagnostic_31bf3856ad364e35_10.0.20348.1_none_2325842c161c43c8\RS_Disabled.ps1,,,,,,,C:\Windows\WinSxS\amd64_microsoft-windows-bluetoothdiagnostic_31bf3856ad364e35_10.0.20348.2849_none_41f861507f740ad2\RS_Disabled.ps1,,,,,,,,,,,,,,,,,,,SCAFFOLD,0x3e7,DC$,S-1-5-18,,,,,,,,,00000000-0000-0000-0000-000000000000,,
2026-09-02T03:46:09.792449Z,4664,dc.scaffold.htb,Microsoft-Windows-Security-Auditing,Security,23806,0,,,,,,,C:\Windows\WinSxS\amd64_microsoft-windows-bluetoothdiagnostic_31bf3856ad364e35_10.0.20348.1_none_2325842c161c43c8\RS_DriverProblem.ps1,,,,,,,C:\Windows\WinSxS\amd64_microsoft-windows-bluetoothdiagnostic_31bf3856ad364e35_10.0.20348.2849_none_41f861507f740ad2\RS_DriverProblem.ps1,,,,,,,,,,,,,,,,,,,SCAFFOLD,0x3e7,DC$,S-1-5-18,,,,,,,,,00000000-0000-0000-0000-000000000000,,
2026-09-02T03:46:09.793017Z,4664,dc.scaffold.htb,Microsoft-Windows-Security-Auditing,Security,23807,0,,,,,,,C:\Windows\WinSxS\amd64_microsoft-windows-bluetoothdiagnostic_31bf3856ad364e35_10.0.20348.1_none_2325842c161c43c8\RS_OtherIssue.ps1,,,,,,,C:\Windows\WinSxS\amd64_microsoft-windows-bluetoothdiagnostic_31bf3856ad364e35_10.0.20348.2849_none_41f861507f740ad2\RS_OtherIssue.ps1,,,,,,,,,,,,,,,,,,,SCAFFOLD,0x3e7,DC$,S-1-5-18,,,,,,,,,00000000-0000-0000-0000-000000000000,,
2026-09-02T03:46:09.793612Z,4664,dc.scaffold.htb,Microsoft-Windows-Security-Auditing,Security,23808,0,,,,,,,C:\Windows\WinSxS\amd64_microsoft-windows-bluetoothdiagnostic_31bf3856ad364e35_10.0.20348.1_none_2325842c161c43c8\RS_PendingRestart.ps1,,,,,,,C:\Windows\WinSxS\amd64_microsoft-windows-bluetoothdiagnostic_31bf3856ad364e35_10.0.20348.2849_none_41f861507f740ad2\RS_PendingRestart.ps1,,,,,,,,,,,,,,,,,,,SCAFFOLD,0x3e7,DC$,S-1-5-18,,,,,,,,,00000000-0000-0000-0000-000000000000,,
2026-09-02T03:46:09.794173Z,4664,dc.scaffold.htb,Microsoft-Windows-Security-Auditing,Security,23809,0,,,,,,,C:\Windows\WinSxS\amd64_microsoft-windows-bluetoothdiagnostic_31bf3856ad364e35_10.0.20348.1_none_2325842c161c43c8\TS_Main.ps1,,,,,,,C:\Windows\WinSxS\amd64_microsoft-windows-bluetoothdiagnostic_31bf3856ad364e35_10.0.20348.2849_none_41f861507f740ad2\TS_Main.ps1,,,,,,,,,,,,,,,,,,,SCAFFOLD,0x3e7,DC$,S-1-5-18,,,,,,,,,00000000-0000-0000-0000-000000000000,,
2026-09-02T03:46:09.794839Z,4664,dc.scaffold.htb,Microsoft-Windows-Security-Auditing,Security,23810,0,,,,,,,C:\Windows\WinSxS\amd64_microsoft-windows-bluetoothdiagnostic_31bf3856ad364e35_10.0.20348.1_none_2325842c161c43c8\VF_BTRadioOff.ps1,,,,,,,C:\Windows\WinSxS\amd64_microsoft-windows-bluetoothdiagnostic_31bf3856ad364e35_10.0.20348.2849_none_41f861507f740ad2\VF_BTRadioOff.ps1,,,,,,,,,,,,,,,,,,,SCAFFOLD,0x3e7,DC$,S-1-5-18,,,,,,,,,00000000-0000-0000-0000-000000000000,,
2026-09-02T03:46:09.795394Z,4664,dc.scaffold.htb,Microsoft-Windows-Security-Auditing,Security,23811,0,,,,,,,C:\Windows\WinSxS\amd64_microsoft-windows-bluetoothdiagnostic_31bf3856ad364e35_10.0.20348.1_none_2325842c161c43c8\DiagPackage.diagpkg,,,,,,,C:\Windows\WinSxS\amd64_microsoft-windows-bluetoothdiagnostic_31bf3856ad364e35_10.0.20348.2849_none_41f861507f740ad2\DiagPackage.diagpkg,,,,,,,,,,,,,,,,,,,SCAFFOLD,0x3e7,DC$,S-1-5-18,,,,,,,,,00000000-0000-0000-0000-000000000000,,
2026-09-02T03:46:09.795932Z,4664,dc.scaffold.htb,Microsoft-Windows-Security-Auditing,Security,23812,0,,,,,,,C:\Windows\WinSxS\amd64_microsoft-windows-bluetoothdiagnostic_31bf3856ad364e35_10.0.20348.1_none_2325842c161c43c8\BluetoothDiagnostic.xml,,,,,,,C:\Windows\WinSxS\amd64_microsoft-windows-bluetoothdiagnostic_31bf3856ad364e35_10.0.20348.2849_none_41f861507f740ad2\BluetoothDiagnostic.xml,,,,,,,,,,,,,,,,,,,SCAFFOLD,0x3e7,DC$,S-1-5-18,,,,,,,,,00000000-0000-0000-0000-000000000000,,
2026-09-02T03:46:09.865182Z,4664,dc.scaffold.htb,Microsoft-Windows-Security-Auditing,Security,23813,0,,,,,,,C:\Windows\WinSxS\amd64_microsoft-windows-speechdiagnostic_31bf3856ad364e35_10.0.20348.1_none_92b2c9e8d720a120\RS_CalibrationRequired.ps1,,,,,,,C:\Windows\WinSxS\amd64_microsoft-windows-speechdiagnostic_31bf3856ad364e35_10.0.20348.2849_none_b185a70d4078682a\RS_CalibrationRequired.ps1,,,,,,,,,,,,,,,,,,,SCAFFOLD,0x3e7,DC$,S-1-5-18,,,,,,,,,00000000-0000-0000-0000-000000000000,,
2026-09-02T03:46:09.865770Z,4664,dc.scaffold.htb,Microsoft-Windows-Security-Auditing,Security,23814,0,,,,,,,C:\Windows\WinSxS\amd64_microsoft-windows-speechdiagnostic_31bf3856ad364e35_10.0.20348.1_none_92b2c9e8d720a120\CL_Utilities.ps1,,,,,,,C:\Windows\WinSxS\amd64_microsoft-windows-speechdiagnostic_31bf3856ad364e35_10.0.20348.2849_none_b185a70d4078682a\CL_Utilities.ps1,,,,,,,,,,,,,,,,,,,SCAFFOLD,0x3e7,DC$,S-1-5-18,,,,,,,,,00000000-0000-0000-0000-000000000000,,
2026-09-02T03:46:09.868043Z,4664,dc.scaffold.htb,Microsoft-Windows-Security-Auditing,Security,23815,0,,,,,,,C:\Windows\WinSxS\amd64_microsoft-windows-speechdiagnostic_31bf3856ad364e35_10.0.20348.1_none_92b2c9e8d720a120\MF_SpeechDiagnostic.ps1,,,,,,,C:\Windows\WinSxS\amd64_microsoft-windows-speechdiagnostic_31bf3856ad364e35_10.0.20348.2849_none_b185a70d4078682a\MF_SpeechDiagnostic.ps1,,,,,,,,,,,,,,,,,,,SCAFFOLD,0x3e7,DC$,S-1-5-18,,,,,,,,,00000000-0000-0000-0000-000000000000,,
2026-09-02T03:46:09.868696Z,4664,dc.scaffold.htb,Microsoft-Windows-Security-Auditing,Security,23816,0,,,,,,,C:\Windows\WinSxS\amd64_microsoft-windows-speechdiagnostic_31bf3856ad364e35_10.0.20348.1_none_92b2c9e8d720a120\VF_CalibrationRequired.ps1,,,,,,,C:\Windows\WinSxS\amd64_microsoft-windows-speechdiagnostic_31bf3856ad364e35_10.0.20348.2849_none_b185a70d4078682a\VF_CalibrationRequired.ps1,,,,,,,,,,,,,,,,,,,SCAFFOLD,0x3e7,DC$,S-1-5-18,,,,,,,,,00000000-0000-0000-0000-000000000000,,
2026-09-02T03:46:09.869409Z,4664,dc.scaffold.htb,Microsoft-Windows-Security-Auditing,Security,23817,0,,,,,,,C:\Windows\WinSxS\amd64_microsoft-windows-speechdiagnostic_31bf3856ad364e35_10.0.20348.1_none_92b2c9e8d720a120\DiagPackage.diagpkg,,,,,,,C:\Windows\WinSxS\amd64_microsoft-windows-speechdiagnostic_31bf3856ad364e35_10.0.20348.2849_none_b185a70d4078682a\DiagPackage.diagpkg,,,,,,,,,,,,,,,,,,,SCAFFOLD,0x3e7,DC$,S-1-5-18,,,,,,,,,00000000-0000-0000-0000-000000000000,,
2026-09-02T03:46:09.870125Z,4664,dc.scaffold.htb,Microsoft-Windows-Security-Auditing,Security,23818,0,,,,,,,C:\Windows\WinSxS\amd64_microsoft-windows-speechdiagnostic_31bf3856ad364e35_10.0.20348.1_none_92b2c9e8d720a120\SpeechDiagnostic.xml,,,,,,,C:\Windows\WinSxS\amd64_microsoft-windows-speechdiagnostic_31bf3856ad364e35_10.0.20348.2849_none_b185a70d4078682a\SpeechDiagnostic.xml,,,,,,,,,,,,,,,,,,,SCAFFOLD,0x3e7,DC$,S-1-5-18,,,,,,,,,00000000-0000-0000-0000-000000000000,,
2026-09-02T03:46:09.874591Z,4664,dc.scaffold.htb,Microsoft-Windows-Security-Auditing,Security,23819,0,,,,,,,C:\Windows\WinSxS\amd64_microsoft-windows-videodiagnostic_31bf3856ad364e35_10.0.20348.1_none_0651259807e47dbd\DiagPackage.diagpkg,,,,,,,C:\Windows\WinSxS\amd64_microsoft-windows-videodiagnostic_31bf3856ad364e35_10.0.20348.4294_none_256a596a710695fd\DiagPackage.diagpkg,,,,,,,,,,,,,,,,,,,SCAFFOLD,0x3e7,DC$,S-1-5-18,,,,,,,,,00000000-0000-0000-0000-000000000000,,
2026-09-02T03:46:09.875898Z,4664,dc.scaffold.htb,Microsoft-Windows-Security-Auditing,Security,23820,0,,,,,,,C:\Windows\WinSxS\amd64_microsoft-windows-videodiagnostic_31bf3856ad364e35_10.0.20348.1_none_0651259807e47dbd\RC_aud_reg_settings.ps1,,,,,,,C:\Windows\WinSxS\amd64_microsoft-windows-videodiagnostic_31bf3856ad364e35_10.0.20348.4294_none_256a596a710695fd\RC_aud_reg_settings.ps1,,,,,,,,,,,,,,,,,,,SCAFFOLD,0x3e7,DC$,S-1-5-18,,,,,,,,,00000000-0000-0000-0000-000000000000,,
2026-09-02T03:46:09.878245Z,4664,dc.scaffold.htb,Microsoft-Windows-Security-Auditing,Security,23821,0,,,,,,,C:\Windows\WinSxS\amd64_microsoft-windows-videodiagnostic_31bf3856ad364e35_10.0.20348.1_none_0651259807e47dbd\RC_viddrv_msvideo.ps1,,,,,,,C:\Windows\WinSxS\amd64_microsoft-windows-videodiagnostic_31bf3856ad364e35_10.0.20348.4294_none_256a596a710695fd\RC_viddrv_msvideo.ps1,,,,,,,,,,,,,,,,,,,SCAFFOLD,0x3e7,DC$,S-1-5-18,,,,,,,,,00000000-0000-0000-0000-000000000000,,
2026-09-02T03:46:09.878989Z,4664,dc.scaffold.htb,Microsoft-Windows-Security-Auditing,Security,23822,0,,,,,,,C:\Windows\WinSxS\amd64_microsoft-windows-videodiagnostic_31bf3856ad364e35_10.0.20348.1_none_0651259807e47dbd\RC_viddrv_unsigned.ps1,,,,,,,C:\Windows\WinSxS\amd64_microsoft-windows-videodiagnostic_31bf3856ad364e35_10.0.20348.4294_none_256a596a710695fd\RC_viddrv_unsigned.ps1,,,,,,,,,,,,,,,,,,,SCAFFOLD,0x3e7,DC$,S-1-5-18,,,,,,,,,00000000-0000-0000-0000-000000000000,,
2026-09-02T03:46:09.879645Z,4664,dc.scaffold.htb,Microsoft-Windows-Security-Auditing,Security,23823,0,,,,,,,C:\Windows\WinSxS\amd64_microsoft-windows-videodiagnostic_31bf3856ad364e35_10.0.20348.1_none_0651259807e47dbd\RC_viddrv_displaytopology.ps1,,,,,,,C:\Windows\WinSxS\amd64_microsoft-windows-videodiagnostic_31bf3856ad364e35_10.0.20348.4294_none_256a596a710695fd\RC_viddrv_displaytopology.ps1,,,,,,,,,,,,,,,,,,,SCAFFOLD,0x3e7,DC$,S-1-5-18,,,,,,,,,00000000-0000-0000-0000-000000000000,,
2026-09-02T03:46:09.880252Z,4664,dc.scaffold.htb,Microsoft-Windows-Security-Auditing,Security,23824,0,,,,,,,C:\Windows\WinSxS\amd64_microsoft-windows-videodiagnostic_31bf3856ad364e35_10.0.20348.1_none_0651259807e47dbd\RC_viddrv_hwdrmcheck.ps1,,,,,,,C:\Windows\WinSxS\amd64_microsoft-windows-videodiagnostic_31bf3856ad364e35_10.0.20348.4294_none_256a596a710695fd\RC_viddrv_hwdrmcheck.ps1,,,,,,,,,,,,,,,,,,,SCAFFOLD,0x3e7,DC$,S-1-5-18,,,,,,,,,00000000-0000-0000-0000-000000000000,,
2026-09-02T03:46:09.880867Z,4664,dc.scaffold.htb,Microsoft-Windows-Security-Auditing,Security,23825,0,,,,,,,C:\Windows\WinSxS\amd64_microsoft-windows-videodiagnostic_31bf3856ad364e35_10.0.20348.1_none_0651259807e47dbd\RC_viddrv_hevccodeccheck.ps1,,,,,,,C:\Windows\WinSxS\amd64_microsoft-windows-videodiagnostic_31bf3856ad364e35_10.0.20348.4294_none_256a596a710695fd\RC_viddrv_hevccodeccheck.ps1,,,,,,,,,,,,,,,,,,,SCAFFOLD,0x3e7,DC$,S-1-5-18,,,,,,,,,00000000-0000-0000-0000-000000000000,,
2026-09-02T03:46:09.881380Z,4664,dc.scaffold.htb,Microsoft-Windows-Security-Auditing,Security,23826,0,,,,,,,C:\Windows\WinSxS\amd64_microsoft-windows-videodiagnostic_31bf3856ad364e35_10.0.20348.1_none_0651259807e47dbd\RC_viddrv_driverblocklist.ps1,,,,,,,C:\Windows\WinSxS\amd64_microsoft-windows-videodiagnostic_31bf3856ad364e35_10.0.20348.4294_none_256a596a710695fd\RC_viddrv_driverblocklist.ps1,,,,,,,,,,,,,,,,,,,SCAFFOLD,0x3e7,DC$,S-1-5-18,,,,,,,,,00000000-0000-0000-0000-000000000000,,
2026-09-02T03:46:09.881978Z,4664,dc.scaffold.htb,Microsoft-Windows-Security-Auditing,Security,23827,0,,,,,,,C:\Windows\WinSxS\amd64_microsoft-windows-videodiagnostic_31bf3856ad364e35_10.0.20348.1_none_0651259807e47dbd\RS_aud_reg_settings.ps1,,,,,,,C:\Windows\WinSxS\amd64_microsoft-windows-videodiagnostic_31bf3856ad364e35_10.0.20348.4294_none_256a596a710695fd\RS_aud_reg_settings.ps1,,,,,,,,,,,,,,,,,,,SCAFFOLD,0x3e7,DC$,S-1-5-18,,,,,,,,,00000000-0000-0000-0000-000000000000,,
2026-09-02T03:46:09.882527Z,4664,dc.scaffold.htb,Microsoft-Windows-Security-Auditing,Security,23828,0,,,,,,,C:\Windows\WinSxS\amd64_microsoft-windows-videodiagnostic_31bf3856ad364e35_10.0.20348.1_none_0651259807e47dbd\RS_viddrv_msvideo.ps1,,,,,,,C:\Windows\WinSxS\amd64_microsoft-windows-videodiagnostic_31bf3856ad364e35_10.0.20348.4294_none_256a596a710695fd\RS_viddrv_msvideo.ps1,,,,,,,,,,,,,,,,,,,SCAFFOLD,0x3e7,DC$,S-1-5-18,,,,,,,,,00000000-0000-0000-0000-000000000000,,
2026-09-02T03:46:09.883071Z,4664,dc.scaffold.htb,Microsoft-Windows-Security-Auditing,Security,23829,0,,,,,,,C:\Windows\WinSxS\amd64_microsoft-windows-videodiagnostic_31bf3856ad364e35_10.0.20348.1_none_0651259807e47dbd\RS_viddrv_genericfailure.ps1,,,,,,,C:\Windows\WinSxS\amd64_microsoft-windows-videodiagnostic_31bf3856ad364e35_10.0.20348.4294_none_256a596a710695fd\RS_viddrv_genericfailure.ps1,,,,,,,,,,,,,,,,,,,SCAFFOLD,0x3e7,DC$,S-1-5-18,,,,,,,,,00000000-0000-0000-0000-000000000000,,
