2026-09-02T03:46:20.374985Z,4664,dc.scaffold.htb,Microsoft-Windows-Security-Auditing,Security,23936,0,,,,,,,C:\Windows\WinSxS\amd64_microsoft-windows-s..ncehost.shellcommon_31bf3856ad364e35_10.0.20348.502_none_31823ce7dfa015c0\MiraMDL2.ttf,,,,,,,C:\Windows\WinSxS\amd64_microsoft-windows-s..ncehost.shellcommon_31bf3856ad364e35_10.0.20348.3692_none_f11ffe9e87f7e793\MiraMDL2.ttf,,,,,,,,,,,,,,,,,,,SCAFFOLD,0x3e7,DC$,S-1-5-18,,,,,,,,,00000000-0000-0000-0000-000000000000,,
2026-09-02T03:46:21.816722Z,4985,dc.scaffold.htb,Microsoft-Windows-Security-Auditing,Security,23937,0,,,,,,,,,,,,,,,,,,,,48,,,,,,,,0x173c,C:\Windows\WinSxS\amd64_microsoft-windows-servicingstack_31bf3856ad364e35_10.0.20348.5480_none_b1d14f82f983de4b\TiWorker.exe,,,DA4CB52F-4F22-11F1-A9A6-8906DE6815CD,SCAFFOLD,0x3e7,DC$,S-1-5-18,,,,,,,,,2BC06A82-A67E-11F1-9937-005056B98D90,,
2026-09-02T03:46:21.879137Z,4985,dc.scaffold.htb,Microsoft-Windows-Security-Auditing,Security,23938,0,,,,,,,,,,,,,,,,,,,,52,,,,,,,,0x173c,C:\Windows\WinSxS\amd64_microsoft-windows-servicingstack_31bf3856ad364e35_10.0.20348.5480_none_b1d14f82f983de4b\TiWorker.exe,,,DA4CB52F-4F22-11F1-A9A6-8906DE6815CD,SCAFFOLD,0x3e7,DC$,S-1-5-18,,,,,,,,,2BC06A82-A67E-11F1-9937-005056B98D90,,
2026-09-02T03:46:23.325998Z,4985,dc.scaffold.htb,Microsoft-Windows-Security-Auditing,Security,23939,0,,,,,,,,,,,,,,,,,,,,48,,,,,,,,0x173c,C:\Windows\WinSxS\amd64_microsoft-windows-servicingstack_31bf3856ad364e35_10.0.20348.5480_none_b1d14f82f983de4b\TiWorker.exe,,,DA4CB52F-4F22-11F1-A9A6-8906DE6815CD,SCAFFOLD,0x3e7,DC$,S-1-5-18,,,,,,,,,2BC06A8E-A67E-11F1-9937-005056B98D90,,
2026-09-02T03:46:23.386934Z,4985,dc.scaffold.htb,Microsoft-Windows-Security-Auditing,Security,23940,0,,,,,,,,,,,,,,,,,,,,52,,,,,,,,0x173c,C:\Windows\WinSxS\amd64_microsoft-windows-servicingstack_31bf3856ad364e35_10.0.20348.5480_none_b1d14f82f983de4b\TiWorker.exe,,,DA4CB52F-4F22-11F1-A9A6-8906DE6815CD,SCAFFOLD,0x3e7,DC$,S-1-5-18,,,,,,,,,2BC06A8E-A67E-11F1-9937-005056B98D90,,
2026-09-02T03:46:24.564895Z,4985,dc.scaffold.htb,Microsoft-Windows-Security-Auditing,Security,23941,0,,,,,,,,,,,,,,,,,,,,48,,,,,,,,0x173c,C:\Windows\WinSxS\amd64_microsoft-windows-servicingstack_31bf3856ad364e35_10.0.20348.5480_none_b1d14f82f983de4b\TiWorker.exe,,,DA4CB52F-4F22-11F1-A9A6-8906DE6815CD,SCAFFOLD,0x3e7,DC$,S-1-5-18,,,,,,,,,2BC06A9A-A67E-11F1-9937-005056B98D90,,
2026-09-02T03:46:24.592648Z,4985,dc.scaffold.htb,Microsoft-Windows-Security-Auditing,Security,23942,0,,,,,,,,,,,,,,,,,,,,52,,,,,,,,0x173c,C:\Windows\WinSxS\amd64_microsoft-windows-servicingstack_31bf3856ad364e35_10.0.20348.5480_none_b1d14f82f983de4b\TiWorker.exe,,,DA4CB52F-4F22-11F1-A9A6-8906DE6815CD,SCAFFOLD,0x3e7,DC$,S-1-5-18,,,,,,,,,2BC06A9A-A67E-11F1-9937-005056B98D90,,
2026-09-02T03:46:28.909120Z,4664,dc.scaffold.htb,Microsoft-Windows-Security-Auditing,Security,23943,0,,,,,,,C:\Windows\WinSxS\amd64_fdssdp_31bf3856ad364e35_10.0.20348.1_none_c44cf01b3d44f7da\fdSSDP.mof,,,,,,,C:\Windows\WinSxS\amd64_fdssdp_31bf3856ad364e35_10.0.20348.5020_none_e3751ec5a65cbd7a\fdSSDP.mof,,,,,,,,,,,,,,,,,,,SCAFFOLD,0x3e7,DC$,S-1-5-18,,,,,,,,,00000000-0000-0000-0000-000000000000,,
2026-09-02T03:46:28.913629Z,4664,dc.scaffold.htb,Microsoft-Windows-Security-Auditing,Security,23944,0,,,,,,,C:\Windows\WinSxS\amd64_microsoft-windows-appmanagement-uevagent_31bf3856ad364e35_10.0.20348.587_none_e519831b6f2827b8\Microsoft.Uev.SmbSyncProvider.dll,,,,,,,C:\Windows\WinSxS\amd64_microsoft-windows-appmanagement-uevagent_31bf3856ad364e35_10.0.20348.5139_none_a53834f417212546\Microsoft.Uev.SmbSyncProvider.dll,,,,,,,,,,,,,,,,,,,SCAFFOLD,0x3e7,DC$,S-1-5-18,,,,,,,,,00000000-0000-0000-0000-000000000000,,
2026-09-02T03:46:28.914417Z,4664,dc.scaffold.htb,Microsoft-Windows-Security-Auditing,Security,23945,0,,,,,,,C:\Windows\WinSxS\amd64_microsoft-windows-appmanagement-uevagent_31bf3856ad364e35_10.0.20348.587_none_e519831b6f2827b8\Microsoft.Uev.LocalSyncProvider.dll,,,,,,,C:\Windows\WinSxS\amd64_microsoft-windows-appmanagement-uevagent_31bf3856ad364e35_10.0.20348.5139_none_a53834f417212546\Microsoft.Uev.LocalSyncProvider.dll,,,,,,,,,,,,,,,,,,,SCAFFOLD,0x3e7,DC$,S-1-5-18,,,,,,,,,00000000-0000-0000-0000-000000000000,,
2026-09-02T03:46:28.915405Z,4664,dc.scaffold.htb,Microsoft-Windows-Security-Auditing,Security,23946,0,,,,,,,C:\Windows\WinSxS\amd64_microsoft-windows-appmanagement-uevagent_31bf3856ad364e35_10.0.20348.587_none_e519831b6f2827b8\Microsoft.Uev.MonitorSyncProvider.dll,,,,,,,C:\Windows\WinSxS\amd64_microsoft-windows-appmanagement-uevagent_31bf3856ad364e35_10.0.20348.5139_none_a53834f417212546\Microsoft.Uev.MonitorSyncProvider.dll,,,,,,,,,,,,,,,,,,,SCAFFOLD,0x3e7,DC$,S-1-5-18,,,,,,,,,00000000-0000-0000-0000-000000000000,,
2026-09-02T03:46:28.916002Z,4664,dc.scaffold.htb,Microsoft-Windows-Security-Auditing,Security,23947,0,,,,,,,C:\Windows\WinSxS\amd64_microsoft-windows-appmanagement-uevagent_31bf3856ad364e35_10.0.20348.587_none_e519831b6f2827b8\Microsoft.Uev.SyncCommon.dll,,,,,,,C:\Windows\WinSxS\amd64_microsoft-windows-appmanagement-uevagent_31bf3856ad364e35_10.0.20348.5139_none_a53834f417212546\Microsoft.Uev.SyncCommon.dll,,,,,,,,,,,,,,,,,,,SCAFFOLD,0x3e7,DC$,S-1-5-18,,,,,,,,,00000000-0000-0000-0000-000000000000,,
2026-09-02T03:46:28.916611Z,4664,dc.scaffold.htb,Microsoft-Windows-Security-Auditing,Security,23948,0,,,,,,,C:\Windows\WinSxS\amd64_microsoft-windows-appmanagement-uevagent_31bf3856ad364e35_10.0.20348.587_none_e519831b6f2827b8\Microsoft.Uev.SyncController.exe,,,,,,,C:\Windows\WinSxS\amd64_microsoft-windows-appmanagement-uevagent_31bf3856ad364e35_10.0.20348.5139_none_a53834f417212546\Microsoft.Uev.SyncController.exe,,,,,,,,,,,,,,,,,,,SCAFFOLD,0x3e7,DC$,S-1-5-18,,,,,,,,,00000000-0000-0000-0000-000000000000,,
2026-09-02T03:46:28.917245Z,4664,dc.scaffold.htb,Microsoft-Windows-Security-Auditing,Security,23949,0,,,,,,,C:\Windows\WinSxS\amd64_microsoft-windows-appmanagement-uevagent_31bf3856ad364e35_10.0.20348.587_none_e519831b6f2827b8\Microsoft.Uev.SyncConditions.dll,,,,,,,C:\Windows\WinSxS\amd64_microsoft-windows-appmanagement-uevagent_31bf3856ad364e35_10.0.20348.5139_none_a53834f417212546\Microsoft.Uev.SyncConditions.dll,,,,,,,,,,,,,,,,,,,SCAFFOLD,0x3e7,DC$,S-1-5-18,,,,,,,,,00000000-0000-0000-0000-000000000000,,
2026-09-02T03:46:28.917901Z,4664,dc.scaffold.htb,Microsoft-Windows-Security-Auditing,Security,23950,0,,,,,,,C:\Windows\WinSxS\amd64_microsoft-windows-appmanagement-uevagent_31bf3856ad364e35_10.0.20348.587_none_e519831b6f2827b8\UevAppMonitor.exe,,,,,,,C:\Windows\WinSxS\amd64_microsoft-windows-appmanagement-uevagent_31bf3856ad364e35_10.0.20348.5139_none_a53834f417212546\UevAppMonitor.exe,,,,,,,,,,,,,,,,,,,SCAFFOLD,0x3e7,DC$,S-1-5-18,,,,,,,,,00000000-0000-0000-0000-000000000000,,
2026-09-02T03:46:28.918447Z,4664,dc.scaffold.htb,Microsoft-Windows-Security-Auditing,Security,23951,0,,,,,,,C:\Windows\WinSxS\amd64_microsoft-windows-appmanagement-uevagent_31bf3856ad364e35_10.0.20348.587_none_e519831b6f2827b8\UevAppMonitor.exe.config,,,,,,,C:\Windows\WinSxS\amd64_microsoft-windows-appmanagement-uevagent_31bf3856ad364e35_10.0.20348.5139_none_a53834f417212546\UevAppMonitor.exe.config,,,,,,,,,,,,,,,,,,,SCAFFOLD,0x3e7,DC$,S-1-5-18,,,,,,,,,00000000-0000-0000-0000-000000000000,,
2026-09-02T03:46:28.919032Z,4664,dc.scaffold.htb,Microsoft-Windows-Security-Auditing,Security,23952,0,,,,,,,C:\Windows\WinSxS\amd64_microsoft-windows-appmanagement-uevagent_31bf3856ad364e35_10.0.20348.587_none_e519831b6f2827b8\Microsoft.Uev.ModernAppCore.dll,,,,,,,C:\Windows\WinSxS\amd64_microsoft-windows-appmanagement-uevagent_31bf3856ad364e35_10.0.20348.5139_none_a53834f417212546\Microsoft.Uev.ModernAppCore.dll,,,,,,,,,,,,,,,,,,,SCAFFOLD,0x3e7,DC$,S-1-5-18,,,,,,,,,00000000-0000-0000-0000-000000000000,,
2026-09-02T03:46:28.919608Z,4664,dc.scaffold.htb,Microsoft-Windows-Security-Auditing,Security,23953,0,,,,,,,C:\Windows\WinSxS\amd64_microsoft-windows-appmanagement-uevagent_31bf3856ad364e35_10.0.20348.587_none_e519831b6f2827b8\Microsoft.Uev.ModernAppData.WinRT.dll,,,,,,,C:\Windows\WinSxS\amd64_microsoft-windows-appmanagement-uevagent_31bf3856ad364e35_10.0.20348.5139_none_a53834f417212546\Microsoft.Uev.ModernAppData.WinRT.dll,,,,,,,,,,,,,,,,,,,SCAFFOLD,0x3e7,DC$,S-1-5-18,,,,,,,,,00000000-0000-0000-0000-000000000000,,
2026-09-02T03:46:28.920176Z,4664,dc.scaffold.htb,Microsoft-Windows-Security-Auditing,Security,23954,0,,,,,,,C:\Windows\WinSxS\amd64_microsoft-windows-appmanagement-uevagent_31bf3856ad364e35_10.0.20348.587_none_e519831b6f2827b8\Microsoft.Uev.ModernSync.dll,,,,,,,C:\Windows\WinSxS\amd64_microsoft-windows-appmanagement-uevagent_31bf3856ad364e35_10.0.20348.5139_none_a53834f417212546\Microsoft.Uev.ModernSync.dll,,,,,,,,,,,,,,,,,,,SCAFFOLD,0x3e7,DC$,S-1-5-18,,,,,,,,,00000000-0000-0000-0000-000000000000,,
2026-09-02T03:46:28.920748Z,4664,dc.scaffold.htb,Microsoft-Windows-Security-Auditing,Security,23955,0,,,,,,,C:\Windows\WinSxS\amd64_microsoft-windows-appmanagement-uevagent_31bf3856ad364e35_10.0.20348.587_none_e519831b6f2827b8\Microsoft.Uev.Management.dll,,,,,,,C:\Windows\WinSxS\amd64_microsoft-windows-appmanagement-uevagent_31bf3856ad364e35_10.0.20348.5139_none_a53834f417212546\Microsoft.Uev.Management.dll,,,,,,,,,,,,,,,,,,,SCAFFOLD,0x3e7,DC$,S-1-5-18,,,,,,,,,00000000-0000-0000-0000-000000000000,,
2026-09-02T03:46:28.921310Z,4664,dc.scaffold.htb,Microsoft-Windows-Security-Auditing,Security,23956,0,,,,,,,C:\Windows\WinSxS\amd64_microsoft-windows-appmanagement-uevagent_31bf3856ad364e35_10.0.20348.587_none_e519831b6f2827b8\Microsoft.Uev.Management.WmiAccess.dll,,,,,,,C:\Windows\WinSxS\amd64_microsoft-windows-appmanagement-uevagent_31bf3856ad364e35_10.0.20348.5139_none_a53834f417212546\Microsoft.Uev.Management.WmiAccess.dll,,,,,,,,,,,,,,,,,,,SCAFFOLD,0x3e7,DC$,S-1-5-18,,,,,,,,,00000000-0000-0000-0000-000000000000,,
2026-09-02T03:46:28.921848Z,4664,dc.scaffold.htb,Microsoft-Windows-Security-Auditing,Security,23957,0,,,,,,,C:\Windows\WinSxS\amd64_microsoft-windows-appmanagement-uevagent_31bf3856ad364e35_10.0.20348.587_none_e519831b6f2827b8\Microsoft.Uev.Common.dll,,,,,,,C:\Windows\WinSxS\amd64_microsoft-windows-appmanagement-uevagent_31bf3856ad364e35_10.0.20348.5139_none_a53834f417212546\Microsoft.Uev.Common.dll,,,,,,,,,,,,,,,,,,,SCAFFOLD,0x3e7,DC$,S-1-5-18,,,,,,,,,00000000-0000-0000-0000-000000000000,,
2026-09-02T03:46:28.922394Z,4664,dc.scaffold.htb,Microsoft-Windows-Security-Auditing,Security,23958,0,,,,,,,C:\Windows\WinSxS\amd64_microsoft-windows-appmanagement-uevagent_31bf3856ad364e35_10.0.20348.587_none_e519831b6f2827b8\Microsoft.Uev.Common.WinRT.dll,,,,,,,C:\Windows\WinSxS\amd64_microsoft-windows-appmanagement-uevagent_31bf3856ad364e35_10.0.20348.5139_none_a53834f417212546\Microsoft.Uev.Common.WinRT.dll,,,,,,,,,,,,,,,,,,,SCAFFOLD,0x3e7,DC$,S-1-5-18,,,,,,,,,00000000-0000-0000-0000-000000000000,,
2026-09-02T03:46:28.923003Z,4664,dc.scaffold.htb,Microsoft-Windows-Security-Auditing,Security,23959,0,,,,,,,C:\Windows\WinSxS\amd64_microsoft-windows-appmanagement-uevagent_31bf3856ad364e35_10.0.20348.587_none_e519831b6f2827b8\Microsoft.Uev.ManagedEventLogging.dll,,,,,,,C:\Windows\WinSxS\amd64_microsoft-windows-appmanagement-uevagent_31bf3856ad364e35_10.0.20348.5139_none_a53834f417212546\Microsoft.Uev.ManagedEventLogging.dll,,,,,,,,,,,,,,,,,,,SCAFFOLD,0x3e7,DC$,S-1-5-18,,,,,,,,,00000000-0000-0000-0000-000000000000,,
2026-09-02T03:46:28.923569Z,4664,dc.scaffold.htb,Microsoft-Windows-Security-Auditing,Security,23960,0,,,,,,,C:\Windows\WinSxS\amd64_microsoft-windows-appmanagement-uevagent_31bf3856ad364e35_10.0.20348.587_none_e519831b6f2827b8\Microsoft.Uev.CmUtil.dll,,,,,,,C:\Windows\WinSxS\amd64_microsoft-windows-appmanagement-uevagent_31bf3856ad364e35_10.0.20348.5139_none_a53834f417212546\Microsoft.Uev.CmUtil.dll,,,,,,,,,,,,,,,,,,,SCAFFOLD,0x3e7,DC$,S-1-5-18,,,,,,,,,00000000-0000-0000-0000-000000000000,,
2026-09-02T03:46:28.924109Z,4664,dc.scaffold.htb,Microsoft-Windows-Security-Auditing,Security,23961,0,,,,,,,C:\Windows\WinSxS\amd64_microsoft-windows-appmanagement-uevagent_31bf3856ad364e35_10.0.20348.587_none_e519831b6f2827b8\Microsoft.Uev.CabUtil.dll,,,,,,,C:\Windows\WinSxS\amd64_microsoft-windows-appmanagement-uevagent_31bf3856ad364e35_10.0.20348.5139_none_a53834f417212546\Microsoft.Uev.CabUtil.dll,,,,,,,,,,,,,,,,,,,SCAFFOLD,0x3e7,DC$,S-1-5-18,,,,,,,,,00000000-0000-0000-0000-000000000000,,
2026-09-02T03:46:28.924688Z,4664,dc.scaffold.htb,Microsoft-Windows-Security-Auditing,Security,23962,0,,,,,,,C:\Windows\WinSxS\amd64_microsoft-windows-appmanagement-uevagent_31bf3856ad364e35_10.0.20348.587_none_e519831b6f2827b8\UevAgentPolicyGenerator.exe,,,,,,,C:\Windows\WinSxS\amd64_microsoft-windows-appmanagement-uevagent_31bf3856ad364e35_10.0.20348.5139_none_a53834f417212546\UevAgentPolicyGenerator.exe,,,,,,,,,,,,,,,,,,,SCAFFOLD,0x3e7,DC$,S-1-5-18,,,,,,,,,00000000-0000-0000-0000-000000000000,,
2026-09-02T03:46:28.925253Z,4664,dc.scaffold.htb,Microsoft-Windows-Security-Auditing,Security,23963,0,,,,,,,C:\Windows\WinSxS\amd64_microsoft-windows-appmanagement-uevagent_31bf3856ad364e35_10.0.20348.587_none_e519831b6f2827b8\UevTemplateConfigItemGenerator.exe,,,,,,,C:\Windows\WinSxS\amd64_microsoft-windows-appmanagement-uevagent_31bf3856ad364e35_10.0.20348.5139_none_a53834f417212546\UevTemplateConfigItemGenerator.exe,,,,,,,,,,,,,,,,,,,SCAFFOLD,0x3e7,DC$,S-1-5-18,,,,,,,,,00000000-0000-0000-0000-000000000000,,
2026-09-02T03:46:28.925853Z,4664,dc.scaffold.htb,Microsoft-Windows-Security-Auditing,Security,23964,0,,,,,,,C:\Windows\WinSxS\amd64_microsoft-windows-appmanagement-uevagent_31bf3856ad364e35_10.0.20348.587_none_e519831b6f2827b8\UevTemplateBaselineGenerator.exe,,,,,,,C:\Windows\WinSxS\amd64_microsoft-windows-appmanagement-uevagent_31bf3856ad364e35_10.0.20348.5139_none_a53834f417212546\UevTemplateBaselineGenerator.exe,,,,,,,,,,,,,,,,,,,SCAFFOLD,0x3e7,DC$,S-1-5-18,,,,,,,,,00000000-0000-0000-0000-000000000000,,
2026-09-02T03:46:28.944990Z,4664,dc.scaffold.htb,Microsoft-Windows-Security-Auditing,Security,23965,0,,,,,,,C:\Windows\WinSxS\amd64_microsoft.configci.commands_31bf3856ad364e35_10.0.20348.380_none_955e416a6d1f5708\ConfigCI.psd1,,,,,,,C:\Windows\WinSxS\amd64_microsoft.configci.commands_31bf3856ad364e35_10.0.20348.5386_none_55739f07151d69f7\ConfigCI.psd1,,,,,,,,,,,,,,,,,,,SCAFFOLD,0x3e7,DC$,S-1-5-18,,,,,,,,,00000000-0000-0000-0000-000000000000,,
2026-09-02T03:46:28.944996Z,4664,dc.scaffold.htb,Microsoft-Windows-Security-Auditing,Security,23966,0,,,,,,,C:\Windows\WinSxS\amd64_microsoft.configci.commands_31bf3856ad364e35_10.0.20348.380_none_955e416a6d1f5708\AllowAll.xml,,,,,,,C:\Windows\WinSxS\amd64_microsoft.configci.commands_31bf3856ad364e35_10.0.20348.5386_none_55739f07151d69f7\AllowAll.xml,,,,,,,,,,,,,,,,,,,SCAFFOLD,0x3e7,DC$,S-1-5-18,,,,,,,,,00000000-0000-0000-0000-000000000000,,
2026-09-02T03:46:28.944999Z,4664,dc.scaffold.htb,Microsoft-Windows-Security-Auditing,Security,23967,0,,,,,,,C:\Windows\WinSxS\amd64_microsoft.configci.commands_31bf3856ad364e35_10.0.20348.380_none_955e416a6d1f5708\AllowAll_EnableHVCI.xml,,,,,,,C:\Windows\WinSxS\amd64_microsoft.configci.commands_31bf3856ad364e35_10.0.20348.5386_none_55739f07151d69f7\AllowAll_EnableHVCI.xml,,,,,,,,,,,,,,,,,,,SCAFFOLD,0x3e7,DC$,S-1-5-18,,,,,,,,,00000000-0000-0000-0000-000000000000,,
2026-09-02T03:46:28.945125Z,4664,dc.scaffold.htb,Microsoft-Windows-Security-Auditing,Security,23968,0,,,,,,,C:\Windows\WinSxS\amd64_microsoft.configci.commands_31bf3856ad364e35_10.0.20348.380_none_955e416a6d1f5708\AllowMicrosoft.xml,,,,,,,C:\Windows\WinSxS\amd64_microsoft.configci.commands_31bf3856ad364e35_10.0.20348.5386_none_55739f07151d69f7\AllowMicrosoft.xml,,,,,,,,,,,,,,,,,,,SCAFFOLD,0x3e7,DC$,S-1-5-18,,,,,,,,,00000000-0000-0000-0000-000000000000,,
2026-09-02T03:46:28.945745Z,4664,dc.scaffold.htb,Microsoft-Windows-Security-Auditing,Security,23969,0,,,,,,,C:\Windows\WinSxS\amd64_microsoft.configci.commands_31bf3856ad364e35_10.0.20348.380_none_955e416a6d1f5708\DefaultWindows_Audit.xml,,,,,,,C:\Windows\WinSxS\amd64_microsoft.configci.commands_31bf3856ad364e35_10.0.20348.5386_none_55739f07151d69f7\DefaultWindows_Audit.xml,,,,,,,,,,,,,,,,,,,SCAFFOLD,0x3e7,DC$,S-1-5-18,,,,,,,,,00000000-0000-0000-0000-000000000000,,
2026-09-02T03:46:28.946288Z,4664,dc.scaffold.htb,Microsoft-Windows-Security-Auditing,Security,23970,0,,,,,,,C:\Windows\WinSxS\amd64_microsoft.configci.commands_31bf3856ad364e35_10.0.20348.380_none_955e416a6d1f5708\DefaultWindows_Enforced.xml,,,,,,,C:\Windows\WinSxS\amd64_microsoft.configci.commands_31bf3856ad364e35_10.0.20348.5386_none_55739f07151d69f7\DefaultWindows_Enforced.xml,,,,,,,,,,,,,,,,,,,SCAFFOLD,0x3e7,DC$,S-1-5-18,,,,,,,,,00000000-0000-0000-0000-000000000000,,
2026-09-02T03:46:28.946812Z,4664,dc.scaffold.htb,Microsoft-Windows-Security-Auditing,Security,23971,0,,,,,,,C:\Windows\WinSxS\amd64_microsoft.configci.commands_31bf3856ad364e35_10.0.20348.380_none_955e416a6d1f5708\DenyAllAudit.xml,,,,,,,C:\Windows\WinSxS\amd64_microsoft.configci.commands_31bf3856ad364e35_10.0.20348.5386_none_55739f07151d69f7\DenyAllAudit.xml,,,,,,,,,,,,,,,,,,,SCAFFOLD,0x3e7,DC$,S-1-5-18,,,,,,,,,00000000-0000-0000-0000-000000000000,,
2026-09-02T03:46:28.949603Z,4664,dc.scaffold.htb,Microsoft-Windows-Security-Auditing,Security,23972,0,,,,,,,C:\Windows\WinSxS\amd64_microsoft-windows-n..diagnostics-package_31bf3856ad364e35_10.0.20348.1_none_4726f9940ff47c3e\DiagPackage.diagpkg,,,,,,,C:\Windows\WinSxS\amd64_microsoft-windows-n..diagnostics-package_31bf3856ad364e35_10.0.20348.2849_none_65f9d6b8794c4348\DiagPackage.diagpkg,,,,,,,,,,,,,,,,,,,SCAFFOLD,0x3e7,DC$,S-1-5-18,,,,,,,,,00000000-0000-0000-0000-000000000000,,
2026-09-02T03:46:28.950233Z,4664,dc.scaffold.htb,Microsoft-Windows-Security-Auditing,Security,23973,0,,,,,,,C:\Windows\WinSxS\amd64_microsoft-windows-n..diagnostics-package_31bf3856ad364e35_10.0.20348.1_none_4726f9940ff47c3e\NetworkDiagnosticsResolve.ps1,,,,,,,C:\Windows\WinSxS\amd64_microsoft-windows-n..diagnostics-package_31bf3856ad364e35_10.0.20348.2849_none_65f9d6b8794c4348\NetworkDiagnosticsResolve.ps1,,,,,,,,,,,,,,,,,,,SCAFFOLD,0x3e7,DC$,S-1-5-18,,,,,,,,,00000000-0000-0000-0000-000000000000,,
2026-09-02T03:46:28.951443Z,4664,dc.scaffold.htb,Microsoft-Windows-Security-Auditing,Security,23974,0,,,,,,,C:\Windows\WinSxS\amd64_microsoft-windows-n..diagnostics-package_31bf3856ad364e35_10.0.20348.1_none_4726f9940ff47c3e\NetworkDiagnosticsVerify.ps1,,,,,,,C:\Windows\WinSxS\amd64_microsoft-windows-n..diagnostics-package_31bf3856ad364e35_10.0.20348.2849_none_65f9d6b8794c4348\NetworkDiagnosticsVerify.ps1,,,,,,,,,,,,,,,,,,,SCAFFOLD,0x3e7,DC$,S-1-5-18,,,,,,,,,00000000-0000-0000-0000-000000000000,,
2026-09-02T03:46:28.952041Z,4664,dc.scaffold.htb,Microsoft-Windows-Security-Auditing,Security,23975,0,,,,,,,C:\Windows\WinSxS\amd64_microsoft-windows-n..diagnostics-package_31bf3856ad364e35_10.0.20348.1_none_4726f9940ff47c3e\UtilitySetConstants.ps1,,,,,,,C:\Windows\WinSxS\amd64_microsoft-windows-n..diagnostics-package_31bf3856ad364e35_10.0.20348.2849_none_65f9d6b8794c4348\UtilitySetConstants.ps1,,,,,,,,,,,,,,,,,,,SCAFFOLD,0x3e7,DC$,S-1-5-18,,,,,,,,,00000000-0000-0000-0000-000000000000,,
2026-09-02T03:46:28.952656Z,4664,dc.scaffold.htb,Microsoft-Windows-Security-Auditing,Security,23976,0,,,,,,,C:\Windows\WinSxS\amd64_microsoft-windows-n..diagnostics-package_31bf3856ad364e35_10.0.20348.1_none_4726f9940ff47c3e\UtilityFunctions.ps1,,,,,,,C:\Windows\WinSxS\amd64_microsoft-windows-n..diagnostics-package_31bf3856ad364e35_10.0.20348.2849_none_65f9d6b8794c4348\UtilityFunctions.ps1,,,,,,,,,,,,,,,,,,,SCAFFOLD,0x3e7,DC$,S-1-5-18,,,,,,,,,00000000-0000-0000-0000-000000000000,,
2026-09-02T03:46:28.953527Z,4664,dc.scaffold.htb,Microsoft-Windows-Security-Auditing,Security,23977,0,,,,,,,C:\Windows\WinSxS\amd64_microsoft-windows-n..diagnostics-package_31bf3856ad364e35_10.0.20348.1_none_4726f9940ff47c3e\HTInteractiveRes.ps1,,,,,,,C:\Windows\WinSxS\amd64_microsoft-windows-n..diagnostics-package_31bf3856ad364e35_10.0.20348.2849_none_65f9d6b8794c4348\HTInteractiveRes.ps1,,,,,,,,,,,,,,,,,,,SCAFFOLD,0x3e7,DC$,S-1-5-18,,,,,,,,,00000000-0000-0000-0000-000000000000,,
2026-09-02T03:46:28.954083Z,4664,dc.scaffold.htb,Microsoft-Windows-Security-Auditing,Security,23978,0,,,,,,,C:\Windows\WinSxS\amd64_microsoft-windows-n..diagnostics-package_31bf3856ad364e35_10.0.20348.1_none_4726f9940ff47c3e\InteractiveRes.ps1,,,,,,,C:\Windows\WinSxS\amd64_microsoft-windows-n..diagnostics-package_31bf3856ad364e35_10.0.20348.2849_none_65f9d6b8794c4348\InteractiveRes.ps1,,,,,,,,,,,,,,,,,,,SCAFFOLD,0x3e7,DC$,S-1-5-18,,,,,,,,,00000000-0000-0000-0000-000000000000,,
2026-09-02T03:46:28.954756Z,4664,dc.scaffold.htb,Microsoft-Windows-Security-Auditing,Security,23979,0,,,,,,,C:\Windows\WinSxS\amd64_microsoft-windows-n..diagnostics-package_31bf3856ad364e35_10.0.20348.1_none_4726f9940ff47c3e\StartDPSService.ps1,,,,,,,C:\Windows\WinSxS\amd64_microsoft-windows-n..diagnostics-package_31bf3856ad364e35_10.0.20348.2849_none_65f9d6b8794c4348\StartDPSService.ps1,,,,,,,,,,,,,,,,,,,SCAFFOLD,0x3e7,DC$,S-1-5-18,,,,,,,,,00000000-0000-0000-0000-000000000000,,
2026-09-02T03:46:28.955408Z,4664,dc.scaffold.htb,Microsoft-Windows-Security-Auditing,Security,23980,0,,,,,,,C:\Windows\WinSxS\amd64_microsoft-windows-n..diagnostics-package_31bf3856ad364e35_10.0.20348.1_none_4726f9940ff47c3e\NetworkDiagnostics_1_Web.xml,,,,,,,C:\Windows\WinSxS\amd64_microsoft-windows-n..diagnostics-package_31bf3856ad364e35_10.0.20348.2849_none_65f9d6b8794c4348\NetworkDiagnostics_1_Web.xml,,,,,,,,,,,,,,,,,,,SCAFFOLD,0x3e7,DC$,S-1-5-18,,,,,,,,,00000000-0000-0000-0000-000000000000,,
2026-09-02T03:46:28.955979Z,4664,dc.scaffold.htb,Microsoft-Windows-Security-Auditing,Security,23981,0,,,,,,,C:\Windows\WinSxS\amd64_microsoft-windows-n..diagnostics-package_31bf3856ad364e35_10.0.20348.1_none_4726f9940ff47c3e\NetworkDiagnostics_2_FileShare.xml,,,,,,,C:\Windows\WinSxS\amd64_microsoft-windows-n..diagnostics-package_31bf3856ad364e35_10.0.20348.2849_none_65f9d6b8794c4348\NetworkDiagnostics_2_FileShare.xml,,,,,,,,,,,,,,,,,,,SCAFFOLD,0x3e7,DC$,S-1-5-18,,,,,,,,,00000000-0000-0000-0000-000000000000,,
2026-09-02T03:46:28.956516Z,4664,dc.scaffold.htb,Microsoft-Windows-Security-Auditing,Security,23982,0,,,,,,,C:\Windows\WinSxS\amd64_microsoft-windows-n..diagnostics-package_31bf3856ad364e35_10.0.20348.1_none_4726f9940ff47c3e\NetworkDiagnostics_4_NetworkAdapter.xml,,,,,,,C:\Windows\WinSxS\amd64_microsoft-windows-n..diagnostics-package_31bf3856ad364e35_10.0.20348.2849_none_65f9d6b8794c4348\NetworkDiagnostics_4_NetworkAdapter.xml,,,,,,,,,,,,,,,,,,,SCAFFOLD,0x3e7,DC$,S-1-5-18,,,,,,,,,00000000-0000-0000-0000-000000000000,,
2026-09-02T03:46:28.957125Z,4664,dc.scaffold.htb,Microsoft-Windows-Security-Auditing,Security,23983,0,,,,,,,C:\Windows\WinSxS\amd64_microsoft-windows-n..diagnostics-package_31bf3856ad364e35_10.0.20348.1_none_4726f9940ff47c3e\NetworkDiagnostics_5_Inbound.xml,,,,,,,C:\Windows\WinSxS\amd64_microsoft-windows-n..diagnostics-package_31bf3856ad364e35_10.0.20348.2849_none_65f9d6b8794c4348\NetworkDiagnostics_5_Inbound.xml,,,,,,,,,,,,,,,,,,,SCAFFOLD,0x3e7,DC$,S-1-5-18,,,,,,,,,00000000-0000-0000-0000-000000000000,,
2026-09-02T03:46:28.959593Z,4664,dc.scaffold.htb,Microsoft-Windows-Security-Auditing,Security,23984,0,,,,,,,C:\Windows\WinSxS\amd64_microsoft-windows-deviceguard-gpext_31bf3856ad364e35_10.0.20348.1_none_f44c7bc1c191e683\DeviceGuard.admx,,,,,,,C:\Windows\WinSxS\amd64_microsoft-windows-deviceguard-gpext_31bf3856ad364e35_10.0.20348.3451_none_134c51062ac7873f\DeviceGuard.admx,,,,,,,,,,,,,,,,,,,SCAFFOLD,0x3e7,DC$,S-1-5-18,,,,,,,,,00000000-0000-0000-0000-000000000000,,
2026-09-02T03:46:28.965791Z,4664,dc.scaffold.htb,Microsoft-Windows-Security-Auditing,Security,23985,0,,,,,,,C:\Windows\WinSxS\amd64_microsoft-windows-appmanagement-uevpsmof_31bf3856ad364e35_10.0.20348.587_none_940b80d6ecc88b6e\UEV.Types.ps1xml,,,,,,,C:\Windows\WinSxS\amd64_microsoft-windows-appmanagement-uevpsmof_31bf3856ad364e35_10.0.20348.5139_none_542a32af94c188fc\UEV.Types.ps1xml,,,,,,,,,,,,,,,,,,,SCAFFOLD,0x3e7,DC$,S-1-5-18,,,,,,,,,00000000-0000-0000-0000-000000000000,,
2026-09-02T03:46:28.966341Z,4664,dc.scaffold.htb,Microsoft-Windows-Security-Auditing,Security,23986,0,,,,,,,C:\Windows\WinSxS\amd64_microsoft-windows-appmanagement-uevpsmof_31bf3856ad364e35_10.0.20348.587_none_940b80d6ecc88b6e\UEV.psd1,,,,,,,C:\Windows\WinSxS\amd64_microsoft-windows-appmanagement-uevpsmof_31bf3856ad364e35_10.0.20348.5139_none_542a32af94c188fc\UEV.psd1,,,,,,,,,,,,,,,,,,,SCAFFOLD,0x3e7,DC$,S-1-5-18,,,,,,,,,00000000-0000-0000-0000-000000000000,,
2026-09-02T03:46:28.985767Z,4664,dc.scaffold.htb,Microsoft-Windows-Security-Auditing,Security,23987,0,,,,,,,C:\Windows\WinSxS\amd64_microsoft-windows-appmanagement-uevpsmof_31bf3856ad364e35_10.0.20348.587_none_940b80d6ecc88b6e\Microsoft.Uev.Commands.dll,,,,,,,C:\Windows\WinSxS\amd64_microsoft-windows-appmanagement-uevpsmof_31bf3856ad364e35_10.0.20348.5139_none_542a32af94c188fc\Microsoft.Uev.Commands.dll,,,,,,,,,,,,,,,,,,,SCAFFOLD,0x3e7,DC$,S-1-5-18,,,,,,,,,00000000-0000-0000-0000-000000000000,,
2026-09-02T03:46:28.986433Z,4664,dc.scaffold.htb,Microsoft-Windows-Security-Auditing,Security,23988,0,,,,,,,C:\Windows\WinSxS\amd64_microsoft-windows-appmanagement-uevpsmof_31bf3856ad364e35_10.0.20348.587_none_940b80d6ecc88b6e\AgentWmi.mof,,,,,,,C:\Windows\WinSxS\amd64_microsoft-windows-appmanagement-uevpsmof_31bf3856ad364e35_10.0.20348.5139_none_542a32af94c188fc\AgentWmi.mof,,,,,,,,,,,,,,,,,,,SCAFFOLD,0x3e7,DC$,S-1-5-18,,,,,,,,,00000000-0000-0000-0000-000000000000,,
2026-09-02T03:46:28.986989Z,4664,dc.scaffold.htb,Microsoft-Windows-Security-Auditing,Security,23989,0,,,,,,,C:\Windows\WinSxS\amd64_microsoft-windows-appmanagement-uevpsmof_31bf3856ad364e35_10.0.20348.587_none_940b80d6ecc88b6e\AgentWmiUninstall.mof,,,,,,,C:\Windows\WinSxS\amd64_microsoft-windows-appmanagement-uevpsmof_31bf3856ad364e35_10.0.20348.5139_none_542a32af94c188fc\AgentWmiUninstall.mof,,,,,,,,,,,,,,,,,,,SCAFFOLD,0x3e7,DC$,S-1-5-18,,,,,,,,,00000000-0000-0000-0000-000000000000,,
2026-09-02T03:46:28.987576Z,4664,dc.scaffold.htb,Microsoft-Windows-Security-Auditing,Security,23990,0,,,,,,,C:\Windows\WinSxS\amd64_microsoft-windows-appmanagement-uevpsmof_31bf3856ad364e35_10.0.20348.587_none_940b80d6ecc88b6e\Microsoft.Uev.ManagedAgentWmi.mof,,,,,,,C:\Windows\WinSxS\amd64_microsoft-windows-appmanagement-uevpsmof_31bf3856ad364e35_10.0.20348.5139_none_542a32af94c188fc\Microsoft.Uev.ManagedAgentWmi.mof,,,,,,,,,,,,,,,,,,,SCAFFOLD,0x3e7,DC$,S-1-5-18,,,,,,,,,00000000-0000-0000-0000-000000000000,,
2026-09-02T03:46:28.988197Z,4664,dc.scaffold.htb,Microsoft-Windows-Security-Auditing,Security,23991,0,,,,,,,C:\Windows\WinSxS\amd64_microsoft-windows-appmanagement-uevpsmof_31bf3856ad364e35_10.0.20348.587_none_940b80d6ecc88b6e\Microsoft.Uev.ManagedAgentWmiUninstall.mof,,,,,,,C:\Windows\WinSxS\amd64_microsoft-windows-appmanagement-uevpsmof_31bf3856ad364e35_10.0.20348.5139_none_542a32af94c188fc\Microsoft.Uev.ManagedAgentWmiUninstall.mof,,,,,,,,,,,,,,,,,,,SCAFFOLD,0x3e7,DC$,S-1-5-18,,,,,,,,,00000000-0000-0000-0000-000000000000,,
2026-09-02T03:46:29.012276Z,4664,dc.scaffold.htb,Microsoft-Windows-Security-Auditing,Security,23992,0,,,,,,,C:\Windows\WinSxS\amd64_microsoft-windows-t..lishing-wmiprovider_31bf3856ad364e35_10.0.20348.558_none_1dc7a6521d9d5fbf\tsallow.mof,,,,,,,C:\Windows\WinSxS\amd64_microsoft-windows-t..lishing-wmiprovider_31bf3856ad364e35_10.0.20348.5499_none_ddaa7a14c5c283a6\tsallow.mof,,,,,,,,,,,,,,,,,,,SCAFFOLD,0x3e7,DC$,S-1-5-18,,,,,,,,,00000000-0000-0000-0000-000000000000,,
2026-09-02T03:46:29.019824Z,4664,dc.scaffold.htb,Microsoft-Windows-Security-Auditing,Security,23993,0,,,,,,,C:\Windows\WinSxS\amd64_microsoft-windows-t..-remoteapplications_31bf3856ad364e35_10.0.20348.558_none_2a9f87c42675d184\rdpshell.mof,,,,,,,C:\Windows\WinSxS\amd64_microsoft-windows-t..-remoteapplications_31bf3856ad364e35_10.0.20348.5499_none_ea825b86ce9af56b\rdpshell.mof,,,,,,,,,,,,,,,,,,,SCAFFOLD,0x3e7,DC$,S-1-5-18,,,,,,,,,00000000-0000-0000-0000-000000000000,,
2026-09-02T03:46:29.020397Z,4664,dc.scaffold.htb,Microsoft-Windows-Security-Auditing,Security,23994,0,,,,,,,C:\Windows\WinSxS\amd64_microsoft-windows-t..-remoteapplications_31bf3856ad364e35_10.0.20348.558_none_2a9f87c42675d184\rdpinit.mof,,,,,,,C:\Windows\WinSxS\amd64_microsoft-windows-t..-remoteapplications_31bf3856ad364e35_10.0.20348.5499_none_ea825b86ce9af56b\rdpinit.mof,,,,,,,,,,,,,,,,,,,SCAFFOLD,0x3e7,DC$,S-1-5-18,,,,,,,,,00000000-0000-0000-0000-000000000000,,
2026-09-02T03:46:29.036157Z,4664,dc.scaffold.htb,Microsoft-Windows-Security-Auditing,Security,23995,0,,,,,,,C:\Windows\WinSxS\x86_microsoft-windows-l..al-serverdatacenter_31bf3856ad364e35_10.0.20348.587_none_429686f2370dbcc5\license.rtf,,,,,,,C:\Windows\WinSxS\x86_microsoft-windows-l..al-serverdatacenter_31bf3856ad364e35_10.0.20348.5499_none_029acac2df19a630\license.rtf,,,,,,,,,,,,,,,,,,,SCAFFOLD,0x3e7,DC$,S-1-5-18,,,,,,,,,00000000-0000-0000-0000-000000000000,,
2026-09-02T03:46:29.167040Z,4664,dc.scaffold.htb,Microsoft-Windows-Security-Auditing,Security,23996,0,,,,,,,C:\Windows\WinSxS\amd64_microsoft-windows-edp-task_31bf3856ad364e35_10.0.20348.1_none_7c70f592df6bf428\@edptoastimage.png,,,,,,,C:\Windows\WinSxS\amd64_microsoft-windows-edp-task_31bf3856ad364e35_10.0.20348.2849_none_9b43d2b748c3bb32\@edptoastimage.png,,,,,,,,,,,,,,,,,,,SCAFFOLD,0x3e7,DC$,S-1-5-18,,,,,,,,,00000000-0000-0000-0000-000000000000,,
2026-09-02T03:46:29.168177Z,4664,dc.scaffold.htb,Microsoft-Windows-Security-Auditing,Security,23997,0,,,,,,,C:\Windows\WinSxS\amd64_microsoft-windows-edp-task_31bf3856ad364e35_10.0.20348.1_none_7c70f592df6bf428\@bitlockertoastimage.png,,,,,,,C:\Windows\WinSxS\amd64_microsoft-windows-edp-task_31bf3856ad364e35_10.0.20348.2849_none_9b43d2b748c3bb32\@bitlockertoastimage.png,,,,,,,,,,,,,,,,,,,SCAFFOLD,0x3e7,DC$,S-1-5-18,,,,,,,,,00000000-0000-0000-0000-000000000000,,
2026-09-02T03:46:29.182343Z,4664,dc.scaffold.htb,Microsoft-Windows-Security-Auditing,Security,23998,0,,,,,,,C:\Windows\WinSxS\amd64_microsoft-windows-n..rity-domain-clients_31bf3856ad364e35_10.0.20348.1_none_a449795cbb3c5360\ipsecsnp.dll,,,,,,,C:\Windows\WinSxS\amd64_microsoft-windows-n..rity-domain-clients_31bf3856ad364e35_10.0.20348.4893_none_c321e46f248ef9a5\ipsecsnp.dll,,,,,,,,,,,,,,,,,,,SCAFFOLD,0x3e7,DC$,S-1-5-18,,,,,,,,,00000000-0000-0000-0000-000000000000,,
2026-09-02T03:46:29.183128Z,4664,dc.scaffold.htb,Microsoft-Windows-Security-Auditing,Security,23999,0,,,,,,,C:\Windows\WinSxS\amd64_microsoft-windows-n..rity-domain-clients_31bf3856ad364e35_10.0.20348.1_none_a449795cbb3c5360\ipsecsnp.dll.mun,,,,,,,C:\Windows\WinSxS\amd64_microsoft-windows-n..rity-domain-clients_31bf3856ad364e35_10.0.20348.4893_none_c321e46f248ef9a5\ipsecsnp.dll.mun,,,,,,,,,,,,,,,,,,,SCAFFOLD,0x3e7,DC$,S-1-5-18,,,,,,,,,00000000-0000-0000-0000-000000000000,,
2026-09-02T03:46:29.188131Z,4664,dc.scaffold.htb,Microsoft-Windows-Security-Auditing,Security,24000,0,,,,,,,C:\Windows\WinSxS\amd64_networking-mpssvc-admin_31bf3856ad364e35_10.0.20348.1_none_2ec12b774ad58c83\WF.msc,,,,,,,C:\Windows\WinSxS\amd64_networking-mpssvc-admin_31bf3856ad364e35_10.0.20348.3328_none_4dc83051b40678b0\WF.msc,,,,,,,,,,,,,,,,,,,SCAFFOLD,0x3e7,DC$,S-1-5-18,,,,,,,,,00000000-0000-0000-0000-000000000000,,
2026-09-02T03:46:29.252338Z,4664,dc.scaffold.htb,Microsoft-Windows-Security-Auditing,Security,24001,0,,,,,,,C:\Windows\WinSxS\amd64_microsoft-windows-dot3svc_31bf3856ad364e35_10.0.20348.202_none_542b64affd7570c6\Report.System.Wired.xml,,,,,,,C:\Windows\WinSxS\amd64_microsoft-windows-dot3svc_31bf3856ad364e35_10.0.20348.5499_none_13de3044a5bdafe1\Report.System.Wired.xml,,,,,,,,,,,,,,,,,,,SCAFFOLD,0x3e7,DC$,S-1-5-18,,,,,,,,,00000000-0000-0000-0000-000000000000,,
2026-09-02T03:46:29.253214Z,4664,dc.scaffold.htb,Microsoft-Windows-Security-Auditing,Security,24002,0,,,,,,,C:\Windows\WinSxS\amd64_microsoft-windows-dot3svc_31bf3856ad364e35_10.0.20348.202_none_542b64affd7570c6\Report.System.NetDiagFramework.xml,,,,,,,C:\Windows\WinSxS\amd64_microsoft-windows-dot3svc_31bf3856ad364e35_10.0.20348.5499_none_13de3044a5bdafe1\Report.System.NetDiagFramework.xml,,,,,,,,,,,,,,,,,,,SCAFFOLD,0x3e7,DC$,S-1-5-18,,,,,,,,,00000000-0000-0000-0000-000000000000,,
2026-09-02T03:46:29.254466Z,4664,dc.scaffold.htb,Microsoft-Windows-Security-Auditing,Security,24003,0,,,,,,,C:\Windows\WinSxS\amd64_microsoft-windows-dot3svc_31bf3856ad364e35_10.0.20348.202_none_542b64affd7570c6\Rules.System.Wired.xml,,,,,,,C:\Windows\WinSxS\amd64_microsoft-windows-dot3svc_31bf3856ad364e35_10.0.20348.5499_none_13de3044a5bdafe1\Rules.System.Wired.xml,,,,,,,,,,,,,,,,,,,SCAFFOLD,0x3e7,DC$,S-1-5-18,,,,,,,,,00000000-0000-0000-0000-000000000000,,
2026-09-02T03:46:29.255169Z,4664,dc.scaffold.htb,Microsoft-Windows-Security-Auditing,Security,24004,0,,,,,,,C:\Windows\WinSxS\amd64_microsoft-windows-dot3svc_31bf3856ad364e35_10.0.20348.202_none_542b64affd7570c6\Rules.System.NetDiagFramework.xml,,,,,,,C:\Windows\WinSxS\amd64_microsoft-windows-dot3svc_31bf3856ad364e35_10.0.20348.5499_none_13de3044a5bdafe1\Rules.System.NetDiagFramework.xml,,,,,,,,,,,,,,,,,,,SCAFFOLD,0x3e7,DC$,S-1-5-18,,,,,,,,,00000000-0000-0000-0000-000000000000,,
2026-09-02T03:46:29.261751Z,4664,dc.scaffold.htb,Microsoft-Windows-Security-Auditing,Security,24005,0,,,,,,,C:\Windows\WinSxS\amd64_microsoft-windows-e..-protocol-host-peer_31bf3856ad364e35_10.0.20348.1_none_ed8288b08c70bee4\baseeapmethodconfig.xsd,,,,,,,C:\Windows\WinSxS\amd64_microsoft-windows-e..-protocol-host-peer_31bf3856ad364e35_10.0.20348.3451_none_0c825df4f5a65fa0\baseeapmethodconfig.xsd,,,,,,,,,,,,,,,,,,,SCAFFOLD,0x3e7,DC$,S-1-5-18,,,,,,,,,00000000-0000-0000-0000-000000000000,,
2026-09-02T03:46:29.262376Z,4664,dc.scaffold.htb,Microsoft-Windows-Security-Auditing,Security,24006,0,,,,,,,C:\Windows\WinSxS\amd64_microsoft-windows-e..-protocol-host-peer_31bf3856ad364e35_10.0.20348.1_none_ed8288b08c70bee4\baseeapmethodusercredentials.xsd,,,,,,,C:\Windows\WinSxS\amd64_microsoft-windows-e..-protocol-host-peer_31bf3856ad364e35_10.0.20348.3451_none_0c825df4f5a65fa0\baseeapmethodusercredentials.xsd,,,,,,,,,,,,,,,,,,,SCAFFOLD,0x3e7,DC$,S-1-5-18,,,,,,,,,00000000-0000-0000-0000-000000000000,,
2026-09-02T03:46:29.263775Z,4664,dc.scaffold.htb,Microsoft-Windows-Security-Auditing,Security,24007,0,,,,,,,C:\Windows\WinSxS\amd64_microsoft-windows-e..-protocol-host-peer_31bf3856ad364e35_10.0.20348.1_none_ed8288b08c70bee4\eapcommon.xsd,,,,,,,C:\Windows\WinSxS\amd64_microsoft-windows-e..-protocol-host-peer_31bf3856ad364e35_10.0.20348.3451_none_0c825df4f5a65fa0\eapcommon.xsd,,,,,,,,,,,,,,,,,,,SCAFFOLD,0x3e7,DC$,S-1-5-18,,,,,,,,,00000000-0000-0000-0000-000000000000,,
2026-09-02T03:46:29.264404Z,4664,dc.scaffold.htb,Microsoft-Windows-Security-Auditing,Security,24008,0,,,,,,,C:\Windows\WinSxS\amd64_microsoft-windows-e..-protocol-host-peer_31bf3856ad364e35_10.0.20348.1_none_ed8288b08c70bee4\eaphostconfig.xsd,,,,,,,C:\Windows\WinSxS\amd64_microsoft-windows-e..-protocol-host-peer_31bf3856ad364e35_10.0.20348.3451_none_0c825df4f5a65fa0\eaphostconfig.xsd,,,,,,,,,,,,,,,,,,,SCAFFOLD,0x3e7,DC$,S-1-5-18,,,,,,,,,00000000-0000-0000-0000-000000000000,,
2026-09-02T03:46:29.265024Z,4664,dc.scaffold.htb,Microsoft-Windows-Security-Auditing,Security,24009,0,,,,,,,C:\Windows\WinSxS\amd64_microsoft-windows-e..-protocol-host-peer_31bf3856ad364e35_10.0.20348.1_none_ed8288b08c70bee4\eaphostusercredentials.xsd,,,,,,,C:\Windows\WinSxS\amd64_microsoft-windows-e..-protocol-host-peer_31bf3856ad364e35_10.0.20348.3451_none_0c825df4f5a65fa0\eaphostusercredentials.xsd,,,,,,,,,,,,,,,,,,,SCAFFOLD,0x3e7,DC$,S-1-5-18,,,,,,,,,00000000-0000-0000-0000-000000000000,,
2026-09-02T03:46:29.265671Z,4664,dc.scaffold.htb,Microsoft-Windows-Security-Auditing,Security,24010,0,,,,,,,C:\Windows\WinSxS\amd64_microsoft-windows-e..-protocol-host-peer_31bf3856ad364e35_10.0.20348.1_none_ed8288b08c70bee4\EapGenericUserCredentials.xsd,,,,,,,C:\Windows\WinSxS\amd64_microsoft-windows-e..-protocol-host-peer_31bf3856ad364e35_10.0.20348.3451_none_0c825df4f5a65fa0\EapGenericUserCredentials.xsd,,,,,,,,,,,,,,,,,,,SCAFFOLD,0x3e7,DC$,S-1-5-18,,,,,,,,,00000000-0000-0000-0000-000000000000,,
2026-09-02T03:46:29.268420Z,4664,dc.scaffold.htb,Microsoft-Windows-Security-Auditing,Security,24011,0,,,,,,,C:\Windows\WinSxS\amd64_windows-senseclient-service_31bf3856ad364e35_10.0.20348.587_none_90929ab9196245f2\ThirdPartyNotice,,,,,,,C:\Windows\WinSxS\amd64_windows-senseclient-service_31bf3856ad364e35_10.0.20348.5386_none_50a0f283c166ad32\ThirdPartyNotice,,,,,,,,,,,,,,,,,,,SCAFFOLD,0x3e7,DC$,S-1-5-18,,,,,,,,,00000000-0000-0000-0000-000000000000,,
2026-09-02T03:46:29.273336Z,4664,dc.scaffold.htb,Microsoft-Windows-Security-Auditing,Security,24012,0,,,,,,,C:\Windows\WinSxS\amd64_fundisc_31bf3856ad364e35_10.0.20348.1_none_05536c5c03e926ce\FunDisc.mof,,,,,,,C:\Windows\WinSxS\amd64_fundisc_31bf3856ad364e35_10.0.20348.2849_none_242649806d40edd8\FunDisc.mof,,,,,,,,,,,,,,,,,,,SCAFFOLD,0x3e7,DC$,S-1-5-18,,,,,,,,,00000000-0000-0000-0000-000000000000,,
2026-09-02T03:46:29.289517Z,4664,dc.scaffold.htb,Microsoft-Windows-Security-Auditing,Security,24013,0,,,,,,,C:\Windows\WinSxS\amd64_microsoft-windows-s..ddriverprovider-dll_31bf3856ad364e35_10.0.20348.112_none_5b45cb5d3ec31732\whqlprov.mof,,,,,,,C:\Windows\WinSxS\amd64_microsoft-windows-s..ddriverprovider-dll_31bf3856ad364e35_10.0.20348.2849_none_1ad321efe728311f\whqlprov.mof,,,,,,,,,,,,,,,,,,,SCAFFOLD,0x3e7,DC$,S-1-5-18,,,,,,,,,00000000-0000-0000-0000-000000000000,,
2026-09-02T03:46:29.354835Z,4664,dc.scaffold.htb,Microsoft-Windows-Security-Auditing,Security,24014,0,,,,,,,C:\Windows\WinSxS\amd64_microsoft-windows-profsvc-mof_31bf3856ad364e35_10.0.20348.1_none_e818d777e053f8c7\UserProfileWmiProvider.mof,,,,,,,C:\Windows\WinSxS\amd64_microsoft-windows-profsvc-mof_31bf3856ad364e35_10.0.20348.5499_none_071bfb704986c635\UserProfileWmiProvider.mof,,,,,,,,,,,,,,,,,,,SCAFFOLD,0x3e7,DC$,S-1-5-18,,,,,,,,,00000000-0000-0000-0000-000000000000,,
2026-09-02T03:46:29.355647Z,4664,dc.scaffold.htb,Microsoft-Windows-Security-Auditing,Security,24015,0,,,,,,,C:\Windows\WinSxS\amd64_microsoft-windows-profsvc-mof_31bf3856ad364e35_10.0.20348.1_none_e818d777e053f8c7\UserProfileConfigurationWmiProvider.mof,,,,,,,C:\Windows\WinSxS\amd64_microsoft-windows-profsvc-mof_31bf3856ad364e35_10.0.20348.5499_none_071bfb704986c635\UserProfileConfigurationWmiProvider.mof,,,,,,,,,,,,,,,,,,,SCAFFOLD,0x3e7,DC$,S-1-5-18,,,,,,,,,00000000-0000-0000-0000-000000000000,,
2026-09-02T03:46:29.360849Z,4664,dc.scaffold.htb,Microsoft-Windows-Security-Auditing,Security,24016,0,,,,,,,C:\Windows\WinSxS\amd64_microsoft-windows-tpm-driver-wmi_31bf3856ad364e35_10.0.20348.1_none_f8fc0be4894a5ceb\Win32_Tpm.mof,,,,,,,C:\Windows\WinSxS\amd64_microsoft-windows-tpm-driver-wmi_31bf3856ad364e35_10.0.20348.5386_none_180943d6f275a82e\Win32_Tpm.mof,,,,,,,,,,,,,,,,,,,SCAFFOLD,0x3e7,DC$,S-1-5-18,,,,,,,,,00000000-0000-0000-0000-000000000000,,
2026-09-02T03:46:29.374414Z,4664,dc.scaffold.htb,Microsoft-Windows-Security-Auditing,Security,24017,0,,,,,,,C:\Windows\WinSxS\amd64_microsoft-windows-wpd-busenumservice_31bf3856ad364e35_10.0.20348.558_none_608d7e0f5616a41a\wpdbusenum.mof,,,,,,,C:\Windows\WinSxS\amd64_microsoft-windows-wpd-busenumservice_31bf3856ad364e35_10.0.20348.4405_none_2067a871fe438047\wpdbusenum.mof,,,,,,,,,,,,,,,,,,,SCAFFOLD,0x3e7,DC$,S-1-5-18,,,,,,,,,00000000-0000-0000-0000-000000000000,,
2026-09-02T03:46:29.375226Z,4664,dc.scaffold.htb,Microsoft-Windows-Security-Auditing,Security,24018,0,,,,,,,C:\Windows\WinSxS\amd64_microsoft-windows-wpd-busenumservice_31bf3856ad364e35_10.0.20348.558_none_608d7e0f5616a41a\wpdfs.mof,,,,,,,C:\Windows\WinSxS\amd64_microsoft-windows-wpd-busenumservice_31bf3856ad364e35_10.0.20348.4405_none_2067a871fe438047\wpdfs.mof,,,,,,,,,,,,,,,,,,,SCAFFOLD,0x3e7,DC$,S-1-5-18,,,,,,,,,00000000-0000-0000-0000-000000000000,,
2026-09-02T03:46:29.378109Z,4664,dc.scaffold.htb,Microsoft-Windows-Security-Auditing,Security,24019,0,,,,,,,C:\Windows\WinSxS\amd64_microsoft-windows-healthcenter_31bf3856ad364e35_10.0.20348.1_none_34cc1fb72cdb1226\SecurityAndMaintenance.png,,,,,,,C:\Windows\WinSxS\amd64_microsoft-windows-healthcenter_31bf3856ad364e35_10.0.20348.2849_none_539efcdb9632d930\SecurityAndMaintenance.png,,,,,,,,,,,,,,,,,,,SCAFFOLD,0x3e7,DC$,S-1-5-18,,,,,,,,,00000000-0000-0000-0000-000000000000,,
2026-09-02T03:46:29.378194Z,4664,dc.scaffold.htb,Microsoft-Windows-Security-Auditing,Security,24020,0,,,,,,,C:\Windows\WinSxS\amd64_microsoft-windows-healthcenter_31bf3856ad364e35_10.0.20348.1_none_34cc1fb72cdb1226\SecurityAndMaintenance_Alert.png,,,,,,,C:\Windows\WinSxS\amd64_microsoft-windows-healthcenter_31bf3856ad364e35_10.0.20348.2849_none_539efcdb9632d930\SecurityAndMaintenance_Alert.png,,,,,,,,,,,,,,,,,,,SCAFFOLD,0x3e7,DC$,S-1-5-18,,,,,,,,,00000000-0000-0000-0000-000000000000,,
2026-09-02T03:46:29.379500Z,4664,dc.scaffold.htb,Microsoft-Windows-Security-Auditing,Security,24021,0,,,,,,,C:\Windows\WinSxS\amd64_microsoft-windows-healthcenter_31bf3856ad364e35_10.0.20348.1_none_34cc1fb72cdb1226\SecurityAndMaintenance_Error.png,,,,,,,C:\Windows\WinSxS\amd64_microsoft-windows-healthcenter_31bf3856ad364e35_10.0.20348.2849_none_539efcdb9632d930\SecurityAndMaintenance_Error.png,,,,,,,,,,,,,,,,,,,SCAFFOLD,0x3e7,DC$,S-1-5-18,,,,,,,,,00000000-0000-0000-0000-000000000000,,
2026-09-02T03:46:29.385234Z,4664,dc.scaffold.htb,Microsoft-Windows-Security-Auditing,Security,24022,0,,,,,,,C:\Windows\WinSxS\amd64_mdmsettingsprov_31bf3856ad364e35_10.0.20348.1_none_3e4d5a383c95fb90\MDMSettingsProv.mof,,,,,,,C:\Windows\WinSxS\amd64_mdmsettingsprov_31bf3856ad364e35_10.0.20348.2849_none_5d20375ca5edc29a\MDMSettingsProv.mof,,,,,,,,,,,,,,,,,,,SCAFFOLD,0x3e7,DC$,S-1-5-18,,,,,,,,,00000000-0000-0000-0000-000000000000,,
2026-09-02T03:46:29.385888Z,4664,dc.scaffold.htb,Microsoft-Windows-Security-Auditing,Security,24023,0,,,,,,,C:\Windows\WinSxS\amd64_mdmsettingsprov_31bf3856ad364e35_10.0.20348.1_none_3e4d5a383c95fb90\MDMSettingsProv_Uninstall.mof,,,,,,,C:\Windows\WinSxS\amd64_mdmsettingsprov_31bf3856ad364e35_10.0.20348.2849_none_5d20375ca5edc29a\MDMSettingsProv_Uninstall.mof,,,,,,,,,,,,,,,,,,,SCAFFOLD,0x3e7,DC$,S-1-5-18,,,,,,,,,00000000-0000-0000-0000-000000000000,,
2026-09-02T03:46:29.398897Z,4664,dc.scaffold.htb,Microsoft-Windows-Security-Auditing,Security,24024,0,,,,,,,C:\Windows\WinSxS\amd64_microsoft-windows-networkexplorer_31bf3856ad364e35_10.0.20348.1_none_c9c15e960ee6f212\networkitemfactory.mof,,,,,,,C:\Windows\WinSxS\amd64_microsoft-windows-networkexplorer_31bf3856ad364e35_10.0.20348.2849_none_e8943bba783eb91c\networkitemfactory.mof,,,,,,,,,,,,,,,,,,,SCAFFOLD,0x3e7,DC$,S-1-5-18,,,,,,,,,00000000-0000-0000-0000-000000000000,,
2026-09-02T03:46:29.403428Z,4664,dc.scaffold.htb,Microsoft-Windows-Security-Auditing,Security,24025,0,,,,,,,C:\Windows\WinSxS\amd64_microsoft-windows-networktopology_31bf3856ad364e35_10.0.20348.1_none_5ac4f4b8c38401c8\lltdsvc.mof,,,,,,,C:\Windows\WinSxS\amd64_microsoft-windows-networktopology_31bf3856ad364e35_10.0.20348.2849_none_7997d1dd2cdbc8d2\lltdsvc.mof,,,,,,,,,,,,,,,,,,,SCAFFOLD,0x3e7,DC$,S-1-5-18,,,,,,,,,00000000-0000-0000-0000-000000000000,,
2026-09-02T03:46:29.531328Z,4664,dc.scaffold.htb,Microsoft-Windows-Security-Auditing,Security,24026,0,,,,,,,C:\Windows\WinSxS\amd64_microsoft-windows-appmanagement-uevwow_31bf3856ad364e35_10.0.20348.587_none_2fa4497ef08e532e\UevCustomActionTypes.tlb,,,,,,,C:\Windows\WinSxS\amd64_microsoft-windows-appmanagement-uevwow_31bf3856ad364e35_10.0.20348.5139_none_efc2fb57988750bc\UevCustomActionTypes.tlb,,,,,,,,,,,,,,,,,,,SCAFFOLD,0x3e7,DC$,S-1-5-18,,,,,,,,,00000000-0000-0000-0000-000000000000,,
2026-09-02T03:46:29.539812Z,4664,dc.scaffold.htb,Microsoft-Windows-Security-Auditing,Security,24027,0,,,,,,,C:\Windows\WinSxS\amd64_microsoft-windows-wpd-portabledeviceapi_31bf3856ad364e35_10.0.20348.1_none_d46fc3c9b51086a6\portabledeviceapi.mof,,,,,,,C:\Windows\WinSxS\amd64_microsoft-windows-wpd-portabledeviceapi_31bf3856ad364e35_10.0.20348.2849_none_f342a0ee1e684db0\portabledeviceapi.mof,,,,,,,,,,,,,,,,,,,SCAFFOLD,0x3e7,DC$,S-1-5-18,,,,,,,,,00000000-0000-0000-0000-000000000000,,
2026-09-02T03:46:29.540523Z,4664,dc.scaffold.htb,Microsoft-Windows-Security-Auditing,Security,24028,0,,,,,,,C:\Windows\WinSxS\amd64_microsoft-windows-wpd-portabledeviceapi_31bf3856ad364e35_10.0.20348.1_none_d46fc3c9b51086a6\portabledevicetypes.mof,,,,,,,C:\Windows\WinSxS\amd64_microsoft-windows-wpd-portabledeviceapi_31bf3856ad364e35_10.0.20348.2849_none_f342a0ee1e684db0\portabledevicetypes.mof,,,,,,,,,,,,,,,,,,,SCAFFOLD,0x3e7,DC$,S-1-5-18,,,,,,,,,00000000-0000-0000-0000-000000000000,,
2026-09-02T03:46:29.541786Z,4664,dc.scaffold.htb,Microsoft-Windows-Security-Auditing,Security,24029,0,,,,,,,C:\Windows\WinSxS\amd64_microsoft-windows-wpd-portabledeviceapi_31bf3856ad364e35_10.0.20348.1_none_d46fc3c9b51086a6\portabledeviceclassextension.mof,,,,,,,C:\Windows\WinSxS\amd64_microsoft-windows-wpd-portabledeviceapi_31bf3856ad364e35_10.0.20348.2849_none_f342a0ee1e684db0\portabledeviceclassextension.mof,,,,,,,,,,,,,,,,,,,SCAFFOLD,0x3e7,DC$,S-1-5-18,,,,,,,,,00000000-0000-0000-0000-000000000000,,
2026-09-02T03:46:29.542605Z,4664,dc.scaffold.htb,Microsoft-Windows-Security-Auditing,Security,24030,0,,,,,,,C:\Windows\WinSxS\amd64_microsoft-windows-wpd-portabledeviceapi_31bf3856ad364e35_10.0.20348.1_none_d46fc3c9b51086a6\portabledeviceconnectapi.mof,,,,,,,C:\Windows\WinSxS\amd64_microsoft-windows-wpd-portabledeviceapi_31bf3856ad364e35_10.0.20348.2849_none_f342a0ee1e684db0\portabledeviceconnectapi.mof,,,,,,,,,,,,,,,,,,,SCAFFOLD,0x3e7,DC$,S-1-5-18,,,,,,,,,00000000-0000-0000-0000-000000000000,,
2026-09-02T03:46:29.546620Z,4664,dc.scaffold.htb,Microsoft-Windows-Security-Auditing,Security,24031,0,,,,,,,C:\Windows\WinSxS\amd64_microsoft-windows-wpd-shellextension_31bf3856ad364e35_10.0.20348.380_none_f98fc48450fd8132\wpdshext.mof,,,,,,,C:\Windows\WinSxS\amd64_microsoft-windows-wpd-shellextension_31bf3856ad364e35_10.0.20348.3451_none_b997bf72f905e99a\wpdshext.mof,,,,,,,,,,,,,,,,,,,SCAFFOLD,0x3e7,DC$,S-1-5-18,,,,,,,,,00000000-0000-0000-0000-000000000000,,
2026-09-02T03:46:29.547220Z,4664,dc.scaffold.htb,Microsoft-Windows-Security-Auditing,Security,24032,0,,,,,,,C:\Windows\WinSxS\amd64_microsoft-windows-wpd-shellextension_31bf3856ad364e35_10.0.20348.380_none_f98fc48450fd8132\WPDShServiceObj.mof,,,,,,,C:\Windows\WinSxS\amd64_microsoft-windows-wpd-shellextension_31bf3856ad364e35_10.0.20348.3451_none_b997bf72f905e99a\WPDShServiceObj.mof,,,,,,,,,,,,,,,,,,,SCAFFOLD,0x3e7,DC$,S-1-5-18,,,,,,,,,00000000-0000-0000-0000-000000000000,,
2026-09-02T03:46:31.232490Z,4985,dc.scaffold.htb,Microsoft-Windows-Security-Auditing,Security,24033,0,,,,,,,,,,,,,,,,,,,,48,,,,,,,,0x173c,C:\Windows\WinSxS\amd64_microsoft-windows-servicingstack_31bf3856ad364e35_10.0.20348.5480_none_b1d14f82f983de4b\TiWorker.exe,,,DA4CB52F-4F22-11F1-A9A6-8906DE6815CD,SCAFFOLD,0x3e7,DC$,S-1-5-18,,,,,,,,,2BC06AA6-A67E-11F1-9937-005056B98D90,,
2026-09-02T03:46:31.376352Z,4985,dc.scaffold.htb,Microsoft-Windows-Security-Auditing,Security,24034,0,,,,,,,,,,,,,,,,,,,,52,,,,,,,,0x173c,C:\Windows\WinSxS\amd64_microsoft-windows-servicingstack_31bf3856ad364e35_10.0.20348.5480_none_b1d14f82f983de4b\TiWorker.exe,,,DA4CB52F-4F22-11F1-A9A6-8906DE6815CD,SCAFFOLD,0x3e7,DC$,S-1-5-18,,,,,,,,,2BC06AA6-A67E-11F1-9937-005056B98D90,,
2026-09-02T03:46:31.839076Z,4985,dc.scaffold.htb,Microsoft-Windows-Security-Auditing,Security,24035,0,,,,,,,,,,,,,,,,,,,,48,,,,,,,,0x173c,C:\Windows\WinSxS\amd64_microsoft-windows-servicingstack_31bf3856ad364e35_10.0.20348.5480_none_b1d14f82f983de4b\TiWorker.exe,,,DA4CB52F-4F22-11F1-A9A6-8906DE6815CD,SCAFFOLD,0x3e7,DC$,S-1-5-18,,,,,,,,,2BC06AB2-A67E-11F1-9937-005056B98D90,,
2026-09-02T03:46:31.864222Z,4985,dc.scaffold.htb,Microsoft-Windows-Security-Auditing,Security,24036,0,,,,,,,,,,,,,,,,,,,,52,,,,,,,,0x173c,C:\Windows\WinSxS\amd64_microsoft-windows-servicingstack_31bf3856ad364e35_10.0.20348.5480_none_b1d14f82f983de4b\TiWorker.exe,,,DA4CB52F-4F22-11F1-A9A6-8906DE6815CD,SCAFFOLD,0x3e7,DC$,S-1-5-18,,,,,,,,,2BC06AB2-A67E-11F1-9937-005056B98D90,,
2026-09-02T03:46:32.425127Z,4985,dc.scaffold.htb,Microsoft-Windows-Security-Auditing,Security,24037,0,,,,,,,,,,,,,,,,,,,,48,,,,,,,,0x173c,C:\Windows\WinSxS\amd64_microsoft-windows-servicingstack_31bf3856ad364e35_10.0.20348.5480_none_b1d14f82f983de4b\TiWorker.exe,,,DA4CB52F-4F22-11F1-A9A6-8906DE6815CD,SCAFFOLD,0x3e7,DC$,S-1-5-18,,,,,,,,,2BC06ABE-A67E-11F1-9937-005056B98D90,,
2026-09-02T03:46:32.650245Z,4985,dc.scaffold.htb,Microsoft-Windows-Security-Auditing,Security,24038,0,,,,,,,,,,,,,,,,,,,,52,,,,,,,,0x173c,C:\Windows\WinSxS\amd64_microsoft-windows-servicingstack_31bf3856ad364e35_10.0.20348.5480_none_b1d14f82f983de4b\TiWorker.exe,,,DA4CB52F-4F22-11F1-A9A6-8906DE6815CD,SCAFFOLD,0x3e7,DC$,S-1-5-18,,,,,,,,,2BC06ABE-A67E-11F1-9937-005056B98D90,,
2026-09-02T03:46:32.972852Z,4985,dc.scaffold.htb,Microsoft-Windows-Security-Auditing,Security,24039,0,,,,,,,,,,,,,,,,,,,,48,,,,,,,,0x173c,C:\Windows\WinSxS\amd64_microsoft-windows-servicingstack_31bf3856ad364e35_10.0.20348.5480_none_b1d14f82f983de4b\TiWorker.exe,,,DA4CB52F-4F22-11F1-A9A6-8906DE6815CD,SCAFFOLD,0x3e7,DC$,S-1-5-18,,,,,,,,,2BC06ACA-A67E-11F1-9937-005056B98D90,,
2026-09-02T03:46:33.146965Z,4985,dc.scaffold.htb,Microsoft-Windows-Security-Auditing,Security,24040,0,,,,,,,,,,,,,,,,,,,,52,,,,,,,,0x173c,C:\Windows\WinSxS\amd64_microsoft-windows-servicingstack_31bf3856ad364e35_10.0.20348.5480_none_b1d14f82f983de4b\TiWorker.exe,,,DA4CB52F-4F22-11F1-A9A6-8906DE6815CD,SCAFFOLD,0x3e7,DC$,S-1-5-18,,,,,,,,,2BC06ACA-A67E-11F1-9937-005056B98D90,,
2026-09-02T03:46:33.452260Z,4985,dc.scaffold.htb,Microsoft-Windows-Security-Auditing,Security,24041,0,,,,,,,,,,,,,,,,,,,,48,,,,,,,,0x173c,C:\Windows\WinSxS\amd64_microsoft-windows-servicingstack_31bf3856ad364e35_10.0.20348.5480_none_b1d14f82f983de4b\TiWorker.exe,,,DA4CB52F-4F22-11F1-A9A6-8906DE6815CD,SCAFFOLD,0x3e7,DC$,S-1-5-18,,,,,,,,,2BC06AD6-A67E-11F1-9937-005056B98D90,,
