2026-09-02T03:46:38.692492Z,4664,dc.scaffold.htb,Microsoft-Windows-Security-Auditing,Security,24144,0,,,,,,,C:\Windows\WinSxS\amd64_microsoft-windows-userexperience-desktop_31bf3856ad364e35_10.0.20348.1_none_102020f9924de3c3\InputApp\Assets\StoreLogo.scale-400.png,,,,,,,C:\Windows\WinSxS\amd64_microsoft-windows-userexperience-desktop_31bf3856ad364e35_10.0.20348.2849_none_2ef2fe1dfba5aacd\InputApp\Assets\StoreLogo.scale-400.png,,,,,,,,,,,,,,,,,,,SCAFFOLD,0x3e7,DC$,S-1-5-18,,,,,,,,,00000000-0000-0000-0000-000000000000,,
2026-09-02T03:46:38.693161Z,4664,dc.scaffold.htb,Microsoft-Windows-Security-Auditing,Security,24145,0,,,,,,,C:\Windows\WinSxS\amd64_microsoft-windows-userexperience-desktop_31bf3856ad364e35_10.0.20348.1_none_102020f9924de3c3\InputApp\Assets\WideLogo310x150.scale-100.png,,,,,,,C:\Windows\WinSxS\amd64_microsoft-windows-userexperience-desktop_31bf3856ad364e35_10.0.20348.2849_none_2ef2fe1dfba5aacd\InputApp\Assets\WideLogo310x150.scale-100.png,,,,,,,,,,,,,,,,,,,SCAFFOLD,0x3e7,DC$,S-1-5-18,,,,,,,,,00000000-0000-0000-0000-000000000000,,
2026-09-02T03:46:38.693801Z,4664,dc.scaffold.htb,Microsoft-Windows-Security-Auditing,Security,24146,0,,,,,,,C:\Windows\WinSxS\amd64_microsoft-windows-userexperience-desktop_31bf3856ad364e35_10.0.20348.1_none_102020f9924de3c3\InputApp\Assets\WideLogo310x150.scale-200.png,,,,,,,C:\Windows\WinSxS\amd64_microsoft-windows-userexperience-desktop_31bf3856ad364e35_10.0.20348.2849_none_2ef2fe1dfba5aacd\InputApp\Assets\WideLogo310x150.scale-200.png,,,,,,,,,,,,,,,,,,,SCAFFOLD,0x3e7,DC$,S-1-5-18,,,,,,,,,00000000-0000-0000-0000-000000000000,,
2026-09-02T03:46:38.694391Z,4664,dc.scaffold.htb,Microsoft-Windows-Security-Auditing,Security,24147,0,,,,,,,C:\Windows\WinSxS\amd64_microsoft-windows-userexperience-desktop_31bf3856ad364e35_10.0.20348.1_none_102020f9924de3c3\InputApp\Assets\WideLogo310x150.scale-400.png,,,,,,,C:\Windows\WinSxS\amd64_microsoft-windows-userexperience-desktop_31bf3856ad364e35_10.0.20348.2849_none_2ef2fe1dfba5aacd\InputApp\Assets\WideLogo310x150.scale-400.png,,,,,,,,,,,,,,,,,,,SCAFFOLD,0x3e7,DC$,S-1-5-18,,,,,,,,,00000000-0000-0000-0000-000000000000,,
2026-09-02T03:46:38.695373Z,4664,dc.scaffold.htb,Microsoft-Windows-Security-Auditing,Security,24148,0,,,,,,,C:\Windows\WinSxS\amd64_microsoft-windows-userexperience-desktop_31bf3856ad364e35_10.0.20348.1_none_102020f9924de3c3\InputApp\Assets\Dictation\Access.svg,,,,,,,C:\Windows\WinSxS\amd64_microsoft-windows-userexperience-desktop_31bf3856ad364e35_10.0.20348.2849_none_2ef2fe1dfba5aacd\InputApp\Assets\Dictation\Access.svg,,,,,,,,,,,,,,,,,,,SCAFFOLD,0x3e7,DC$,S-1-5-18,,,,,,,,,00000000-0000-0000-0000-000000000000,,
2026-09-02T03:46:38.695902Z,4664,dc.scaffold.htb,Microsoft-Windows-Security-Auditing,Security,24149,0,,,,,,,C:\Windows\WinSxS\amd64_microsoft-windows-userexperience-desktop_31bf3856ad364e35_10.0.20348.1_none_102020f9924de3c3\InputApp\Assets\Dictation\BasicCancelledEarcon.wav,,,,,,,C:\Windows\WinSxS\amd64_microsoft-windows-userexperience-desktop_31bf3856ad364e35_10.0.20348.2849_none_2ef2fe1dfba5aacd\InputApp\Assets\Dictation\BasicCancelledEarcon.wav,,,,,,,,,,,,,,,,,,,SCAFFOLD,0x3e7,DC$,S-1-5-18,,,,,,,,,00000000-0000-0000-0000-000000000000,,
2026-09-02T03:46:38.696481Z,4664,dc.scaffold.htb,Microsoft-Windows-Security-Auditing,Security,24150,0,,,,,,,C:\Windows\WinSxS\amd64_microsoft-windows-userexperience-desktop_31bf3856ad364e35_10.0.20348.1_none_102020f9924de3c3\InputApp\Assets\Dictation\BasicDoneListeningEarcon.wav,,,,,,,C:\Windows\WinSxS\amd64_microsoft-windows-userexperience-desktop_31bf3856ad364e35_10.0.20348.2849_none_2ef2fe1dfba5aacd\InputApp\Assets\Dictation\BasicDoneListeningEarcon.wav,,,,,,,,,,,,,,,,,,,SCAFFOLD,0x3e7,DC$,S-1-5-18,,,,,,,,,00000000-0000-0000-0000-000000000000,,
2026-09-02T03:46:38.697200Z,4664,dc.scaffold.htb,Microsoft-Windows-Security-Auditing,Security,24151,0,,,,,,,C:\Windows\WinSxS\amd64_microsoft-windows-userexperience-desktop_31bf3856ad364e35_10.0.20348.1_none_102020f9924de3c3\InputApp\Assets\Dictation\BasicListeningEarcon.wav,,,,,,,C:\Windows\WinSxS\amd64_microsoft-windows-userexperience-desktop_31bf3856ad364e35_10.0.20348.2849_none_2ef2fe1dfba5aacd\InputApp\Assets\Dictation\BasicListeningEarcon.wav,,,,,,,,,,,,,,,,,,,SCAFFOLD,0x3e7,DC$,S-1-5-18,,,,,,,,,00000000-0000-0000-0000-000000000000,,
2026-09-02T03:46:38.698130Z,4664,dc.scaffold.htb,Microsoft-Windows-Security-Auditing,Security,24152,0,,,,,,,C:\Windows\WinSxS\amd64_microsoft-windows-userexperience-desktop_31bf3856ad364e35_10.0.20348.1_none_102020f9924de3c3\InputApp\Assets\Dictation\Choice.svg,,,,,,,C:\Windows\WinSxS\amd64_microsoft-windows-userexperience-desktop_31bf3856ad364e35_10.0.20348.2849_none_2ef2fe1dfba5aacd\InputApp\Assets\Dictation\Choice.svg,,,,,,,,,,,,,,,,,,,SCAFFOLD,0x3e7,DC$,S-1-5-18,,,,,,,,,00000000-0000-0000-0000-000000000000,,
2026-09-02T03:46:38.698985Z,4664,dc.scaffold.htb,Microsoft-Windows-Security-Auditing,Security,24153,0,,,,,,,C:\Windows\WinSxS\amd64_microsoft-windows-userexperience-desktop_31bf3856ad364e35_10.0.20348.1_none_102020f9924de3c3\InputApp\Assets\Dictation\De-ID.svg,,,,,,,C:\Windows\WinSxS\amd64_microsoft-windows-userexperience-desktop_31bf3856ad364e35_10.0.20348.2849_none_2ef2fe1dfba5aacd\InputApp\Assets\Dictation\De-ID.svg,,,,,,,,,,,,,,,,,,,SCAFFOLD,0x3e7,DC$,S-1-5-18,,,,,,,,,00000000-0000-0000-0000-000000000000,,
2026-09-02T03:46:38.699591Z,4664,dc.scaffold.htb,Microsoft-Windows-Security-Auditing,Security,24154,0,,,,,,,C:\Windows\WinSxS\amd64_microsoft-windows-userexperience-desktop_31bf3856ad364e35_10.0.20348.1_none_102020f9924de3c3\InputApp\Assets\Dictation\PrivacyProtection.svg,,,,,,,C:\Windows\WinSxS\amd64_microsoft-windows-userexperience-desktop_31bf3856ad364e35_10.0.20348.2849_none_2ef2fe1dfba5aacd\InputApp\Assets\Dictation\PrivacyProtection.svg,,,,,,,,,,,,,,,,,,,SCAFFOLD,0x3e7,DC$,S-1-5-18,,,,,,,,,00000000-0000-0000-0000-000000000000,,
2026-09-02T03:46:38.700144Z,4664,dc.scaffold.htb,Microsoft-Windows-Security-Auditing,Security,24155,0,,,,,,,C:\Windows\WinSxS\amd64_microsoft-windows-userexperience-desktop_31bf3856ad364e35_10.0.20348.1_none_102020f9924de3c3\InputApp\Assets\Dictation\PrivacyProtectionHighContrast.svg,,,,,,,C:\Windows\WinSxS\amd64_microsoft-windows-userexperience-desktop_31bf3856ad364e35_10.0.20348.2849_none_2ef2fe1dfba5aacd\InputApp\Assets\Dictation\PrivacyProtectionHighContrast.svg,,,,,,,,,,,,,,,,,,,SCAFFOLD,0x3e7,DC$,S-1-5-18,,,,,,,,,00000000-0000-0000-0000-000000000000,,
2026-09-02T03:46:38.700712Z,4664,dc.scaffold.htb,Microsoft-Windows-Security-Auditing,Security,24156,0,,,,,,,C:\Windows\WinSxS\amd64_microsoft-windows-userexperience-desktop_31bf3856ad364e35_10.0.20348.1_none_102020f9924de3c3\InputApp\Assets\Dictation\ThankYou.svg,,,,,,,C:\Windows\WinSxS\amd64_microsoft-windows-userexperience-desktop_31bf3856ad364e35_10.0.20348.2849_none_2ef2fe1dfba5aacd\InputApp\Assets\Dictation\ThankYou.svg,,,,,,,,,,,,,,,,,,,SCAFFOLD,0x3e7,DC$,S-1-5-18,,,,,,,,,00000000-0000-0000-0000-000000000000,,
2026-09-02T03:46:38.701705Z,4664,dc.scaffold.htb,Microsoft-Windows-Security-Auditing,Security,24157,0,,,,,,,C:\Windows\WinSxS\amd64_microsoft-windows-userexperience-desktop_31bf3856ad364e35_10.0.20348.1_none_102020f9924de3c3\InputApp\Assets\Fonts\AXPMDL2.ttf,,,,,,,C:\Windows\WinSxS\amd64_microsoft-windows-userexperience-desktop_31bf3856ad364e35_10.0.20348.2849_none_2ef2fe1dfba5aacd\InputApp\Assets\Fonts\AXPMDL2.ttf,,,,,,,,,,,,,,,,,,,SCAFFOLD,0x3e7,DC$,S-1-5-18,,,,,,,,,00000000-0000-0000-0000-000000000000,,
2026-09-02T03:46:38.702275Z,4664,dc.scaffold.htb,Microsoft-Windows-Security-Auditing,Security,24158,0,,,,,,,C:\Windows\WinSxS\amd64_microsoft-windows-userexperience-desktop_31bf3856ad364e35_10.0.20348.1_none_102020f9924de3c3\InputApp\Assets\Fonts\CloudAnimation.ttf,,,,,,,C:\Windows\WinSxS\amd64_microsoft-windows-userexperience-desktop_31bf3856ad364e35_10.0.20348.2849_none_2ef2fe1dfba5aacd\InputApp\Assets\Fonts\CloudAnimation.ttf,,,,,,,,,,,,,,,,,,,SCAFFOLD,0x3e7,DC$,S-1-5-18,,,,,,,,,00000000-0000-0000-0000-000000000000,,
2026-09-02T03:46:38.702823Z,4664,dc.scaffold.htb,Microsoft-Windows-Security-Auditing,Security,24159,0,,,,,,,C:\Windows\WinSxS\amd64_microsoft-windows-userexperience-desktop_31bf3856ad364e35_10.0.20348.1_none_102020f9924de3c3\InputApp\Assets\Fonts\ECMDL2.ttf,,,,,,,C:\Windows\WinSxS\amd64_microsoft-windows-userexperience-desktop_31bf3856ad364e35_10.0.20348.2849_none_2ef2fe1dfba5aacd\InputApp\Assets\Fonts\ECMDL2.ttf,,,,,,,,,,,,,,,,,,,SCAFFOLD,0x3e7,DC$,S-1-5-18,,,,,,,,,00000000-0000-0000-0000-000000000000,,
2026-09-02T03:46:38.703411Z,4664,dc.scaffold.htb,Microsoft-Windows-Security-Auditing,Security,24160,0,,,,,,,C:\Windows\WinSxS\amd64_microsoft-windows-userexperience-desktop_31bf3856ad364e35_10.0.20348.1_none_102020f9924de3c3\InputApp\Assets\Fonts\ESIPMDL2.ttf,,,,,,,C:\Windows\WinSxS\amd64_microsoft-windows-userexperience-desktop_31bf3856ad364e35_10.0.20348.2849_none_2ef2fe1dfba5aacd\InputApp\Assets\Fonts\ESIPMDL2.ttf,,,,,,,,,,,,,,,,,,,SCAFFOLD,0x3e7,DC$,S-1-5-18,,,,,,,,,00000000-0000-0000-0000-000000000000,,
2026-09-02T03:46:38.703966Z,4664,dc.scaffold.htb,Microsoft-Windows-Security-Auditing,Security,24161,0,,,,,,,C:\Windows\WinSxS\amd64_microsoft-windows-userexperience-desktop_31bf3856ad364e35_10.0.20348.1_none_102020f9924de3c3\InputApp\Assets\Fonts\GetSMDL.ttf,,,,,,,C:\Windows\WinSxS\amd64_microsoft-windows-userexperience-desktop_31bf3856ad364e35_10.0.20348.2849_none_2ef2fe1dfba5aacd\InputApp\Assets\Fonts\GetSMDL.ttf,,,,,,,,,,,,,,,,,,,SCAFFOLD,0x3e7,DC$,S-1-5-18,,,,,,,,,00000000-0000-0000-0000-000000000000,,
2026-09-02T03:46:38.704825Z,4664,dc.scaffold.htb,Microsoft-Windows-Security-Auditing,Security,24162,0,,,,,,,C:\Windows\WinSxS\amd64_microsoft-windows-userexperience-desktop_31bf3856ad364e35_10.0.20348.1_none_102020f9924de3c3\InputApp\Assets\Fonts\HandwritingMixedInput.ttf,,,,,,,C:\Windows\WinSxS\amd64_microsoft-windows-userexperience-desktop_31bf3856ad364e35_10.0.20348.2849_none_2ef2fe1dfba5aacd\InputApp\Assets\Fonts\HandwritingMixedInput.ttf,,,,,,,,,,,,,,,,,,,SCAFFOLD,0x3e7,DC$,S-1-5-18,,,,,,,,,00000000-0000-0000-0000-000000000000,,
2026-09-02T03:46:38.706541Z,4664,dc.scaffold.htb,Microsoft-Windows-Security-Auditing,Security,24163,0,,,,,,,C:\Windows\WinSxS\amd64_microsoft-windows-userexperience-desktop_31bf3856ad364e35_10.0.20348.1_none_102020f9924de3c3\ScreenClipping\Assets\LockScreenLogo.scale-200.png,,,,,,,C:\Windows\WinSxS\amd64_microsoft-windows-userexperience-desktop_31bf3856ad364e35_10.0.20348.2849_none_2ef2fe1dfba5aacd\ScreenClipping\Assets\LockScreenLogo.scale-200.png,,,,,,,,,,,,,,,,,,,SCAFFOLD,0x3e7,DC$,S-1-5-18,,,,,,,,,00000000-0000-0000-0000-000000000000,,
2026-09-02T03:46:38.707200Z,4664,dc.scaffold.htb,Microsoft-Windows-Security-Auditing,Security,24164,0,,,,,,,C:\Windows\WinSxS\amd64_microsoft-windows-userexperience-desktop_31bf3856ad364e35_10.0.20348.1_none_102020f9924de3c3\ScreenClipping\Assets\SplashScreen.scale-200.png,,,,,,,C:\Windows\WinSxS\amd64_microsoft-windows-userexperience-desktop_31bf3856ad364e35_10.0.20348.2849_none_2ef2fe1dfba5aacd\ScreenClipping\Assets\SplashScreen.scale-200.png,,,,,,,,,,,,,,,,,,,SCAFFOLD,0x3e7,DC$,S-1-5-18,,,,,,,,,00000000-0000-0000-0000-000000000000,,
2026-09-02T03:46:38.707880Z,4664,dc.scaffold.htb,Microsoft-Windows-Security-Auditing,Security,24165,0,,,,,,,C:\Windows\WinSxS\amd64_microsoft-windows-userexperience-desktop_31bf3856ad364e35_10.0.20348.1_none_102020f9924de3c3\ScreenClipping\Assets\Square150x150Logo.scale-200.png,,,,,,,C:\Windows\WinSxS\amd64_microsoft-windows-userexperience-desktop_31bf3856ad364e35_10.0.20348.2849_none_2ef2fe1dfba5aacd\ScreenClipping\Assets\Square150x150Logo.scale-200.png,,,,,,,,,,,,,,,,,,,SCAFFOLD,0x3e7,DC$,S-1-5-18,,,,,,,,,00000000-0000-0000-0000-000000000000,,
2026-09-02T03:46:38.708506Z,4664,dc.scaffold.htb,Microsoft-Windows-Security-Auditing,Security,24166,0,,,,,,,C:\Windows\WinSxS\amd64_microsoft-windows-userexperience-desktop_31bf3856ad364e35_10.0.20348.1_none_102020f9924de3c3\ScreenClipping\Assets\Square44x44Logo.scale-200.png,,,,,,,C:\Windows\WinSxS\amd64_microsoft-windows-userexperience-desktop_31bf3856ad364e35_10.0.20348.2849_none_2ef2fe1dfba5aacd\ScreenClipping\Assets\Square44x44Logo.scale-200.png,,,,,,,,,,,,,,,,,,,SCAFFOLD,0x3e7,DC$,S-1-5-18,,,,,,,,,00000000-0000-0000-0000-000000000000,,
2026-09-02T03:46:38.709505Z,4664,dc.scaffold.htb,Microsoft-Windows-Security-Auditing,Security,24167,0,,,,,,,C:\Windows\WinSxS\amd64_microsoft-windows-userexperience-desktop_31bf3856ad364e35_10.0.20348.1_none_102020f9924de3c3\ScreenClipping\Assets\Square44x44Logo.targetsize-24_altform-unplated.png,,,,,,,C:\Windows\WinSxS\amd64_microsoft-windows-userexperience-desktop_31bf3856ad364e35_10.0.20348.2849_none_2ef2fe1dfba5aacd\ScreenClipping\Assets\Square44x44Logo.targetsize-24_altform-unplated.png,,,,,,,,,,,,,,,,,,,SCAFFOLD,0x3e7,DC$,S-1-5-18,,,,,,,,,00000000-0000-0000-0000-000000000000,,
2026-09-02T03:46:38.710195Z,4664,dc.scaffold.htb,Microsoft-Windows-Security-Auditing,Security,24168,0,,,,,,,C:\Windows\WinSxS\amd64_microsoft-windows-userexperience-desktop_31bf3856ad364e35_10.0.20348.1_none_102020f9924de3c3\ScreenClipping\Assets\StoreLogo.png,,,,,,,C:\Windows\WinSxS\amd64_microsoft-windows-userexperience-desktop_31bf3856ad364e35_10.0.20348.2849_none_2ef2fe1dfba5aacd\ScreenClipping\Assets\StoreLogo.png,,,,,,,,,,,,,,,,,,,SCAFFOLD,0x3e7,DC$,S-1-5-18,,,,,,,,,00000000-0000-0000-0000-000000000000,,
2026-09-02T03:46:38.710721Z,4664,dc.scaffold.htb,Microsoft-Windows-Security-Auditing,Security,24169,0,,,,,,,C:\Windows\WinSxS\amd64_microsoft-windows-userexperience-desktop_31bf3856ad364e35_10.0.20348.1_none_102020f9924de3c3\ScreenClipping\Assets\Wide310x150Logo.scale-200.png,,,,,,,C:\Windows\WinSxS\amd64_microsoft-windows-userexperience-desktop_31bf3856ad364e35_10.0.20348.2849_none_2ef2fe1dfba5aacd\ScreenClipping\Assets\Wide310x150Logo.scale-200.png,,,,,,,,,,,,,,,,,,,SCAFFOLD,0x3e7,DC$,S-1-5-18,,,,,,,,,00000000-0000-0000-0000-000000000000,,
2026-09-02T03:46:38.711865Z,4664,dc.scaffold.htb,Microsoft-Windows-Security-Auditing,Security,24170,0,,,,,,,C:\Windows\WinSxS\amd64_microsoft-windows-userexperience-desktop_31bf3856ad364e35_10.0.20348.1_none_102020f9924de3c3\ScreenClipping\Assets\Fonts\strgmdl2.2.42.ttf,,,,,,,C:\Windows\WinSxS\amd64_microsoft-windows-userexperience-desktop_31bf3856ad364e35_10.0.20348.2849_none_2ef2fe1dfba5aacd\ScreenClipping\Assets\Fonts\strgmdl2.2.42.ttf,,,,,,,,,,,,,,,,,,,SCAFFOLD,0x3e7,DC$,S-1-5-18,,,,,,,,,00000000-0000-0000-0000-000000000000,,
2026-09-02T03:46:38.712727Z,4664,dc.scaffold.htb,Microsoft-Windows-Security-Auditing,Security,24171,0,,,,,,,C:\Windows\WinSxS\amd64_microsoft-windows-userexperience-desktop_31bf3856ad364e35_10.0.20348.1_none_102020f9924de3c3\ScreenClipping\Assets\Sounds\camerashutter.wav,,,,,,,C:\Windows\WinSxS\amd64_microsoft-windows-userexperience-desktop_31bf3856ad364e35_10.0.20348.2849_none_2ef2fe1dfba5aacd\ScreenClipping\Assets\Sounds\camerashutter.wav,,,,,,,,,,,,,,,,,,,SCAFFOLD,0x3e7,DC$,S-1-5-18,,,,,,,,,00000000-0000-0000-0000-000000000000,,
2026-09-02T03:46:38.713986Z,4664,dc.scaffold.htb,Microsoft-Windows-Security-Auditing,Security,24172,0,,,,,,,C:\Windows\WinSxS\amd64_microsoft-windows-userexperience-desktop_31bf3856ad364e35_10.0.20348.1_none_102020f9924de3c3\WindowsInternal.ComposableShell.Experiences.SuggestionUIUndocked\app.appx,,,,,,,C:\Windows\WinSxS\amd64_microsoft-windows-userexperience-desktop_31bf3856ad364e35_10.0.20348.2849_none_2ef2fe1dfba5aacd\WindowsInternal.ComposableShell.Experiences.SuggestionUIUndocked\app.appx,,,,,,,,,,,,,,,,,,,SCAFFOLD,0x3e7,DC$,S-1-5-18,,,,,,,,,00000000-0000-0000-0000-000000000000,,
2026-09-02T03:46:38.719601Z,4664,dc.scaffold.htb,Microsoft-Windows-Security-Auditing,Security,24173,0,,,,,,,C:\Windows\WinSxS\wow64_microsoft-windows-wpd-portabledeviceapi_31bf3856ad364e35_10.0.20348.1_none_dec46e1be97148a1\portabledeviceapi.mof,,,,,,,C:\Windows\WinSxS\wow64_microsoft-windows-wpd-portabledeviceapi_31bf3856ad364e35_10.0.20348.2849_none_fd974b4052c90fab\portabledeviceapi.mof,,,,,,,,,,,,,,,,,,,SCAFFOLD,0x3e7,DC$,S-1-5-18,,,,,,,,,00000000-0000-0000-0000-000000000000,,
2026-09-02T03:46:38.720302Z,4664,dc.scaffold.htb,Microsoft-Windows-Security-Auditing,Security,24174,0,,,,,,,C:\Windows\WinSxS\wow64_microsoft-windows-wpd-portabledeviceapi_31bf3856ad364e35_10.0.20348.1_none_dec46e1be97148a1\portabledevicetypes.mof,,,,,,,C:\Windows\WinSxS\wow64_microsoft-windows-wpd-portabledeviceapi_31bf3856ad364e35_10.0.20348.2849_none_fd974b4052c90fab\portabledevicetypes.mof,,,,,,,,,,,,,,,,,,,SCAFFOLD,0x3e7,DC$,S-1-5-18,,,,,,,,,00000000-0000-0000-0000-000000000000,,
2026-09-02T03:46:38.721441Z,4664,dc.scaffold.htb,Microsoft-Windows-Security-Auditing,Security,24175,0,,,,,,,C:\Windows\WinSxS\wow64_microsoft-windows-wpd-portabledeviceapi_31bf3856ad364e35_10.0.20348.1_none_dec46e1be97148a1\portabledeviceclassextension.mof,,,,,,,C:\Windows\WinSxS\wow64_microsoft-windows-wpd-portabledeviceapi_31bf3856ad364e35_10.0.20348.2849_none_fd974b4052c90fab\portabledeviceclassextension.mof,,,,,,,,,,,,,,,,,,,SCAFFOLD,0x3e7,DC$,S-1-5-18,,,,,,,,,00000000-0000-0000-0000-000000000000,,
2026-09-02T03:46:38.722242Z,4664,dc.scaffold.htb,Microsoft-Windows-Security-Auditing,Security,24176,0,,,,,,,C:\Windows\WinSxS\wow64_microsoft-windows-wpd-portabledeviceapi_31bf3856ad364e35_10.0.20348.1_none_dec46e1be97148a1\portabledeviceconnectapi.mof,,,,,,,C:\Windows\WinSxS\wow64_microsoft-windows-wpd-portabledeviceapi_31bf3856ad364e35_10.0.20348.2849_none_fd974b4052c90fab\portabledeviceconnectapi.mof,,,,,,,,,,,,,,,,,,,SCAFFOLD,0x3e7,DC$,S-1-5-18,,,,,,,,,00000000-0000-0000-0000-000000000000,,
2026-09-02T03:46:38.724336Z,4664,dc.scaffold.htb,Microsoft-Windows-Security-Auditing,Security,24177,0,,,,,,,C:\Windows\WinSxS\wow64_microsoft-windows-wpd-shellextension_31bf3856ad364e35_10.0.20348.380_none_03e46ed6855e432d\wpdshext.mof,,,,,,,C:\Windows\WinSxS\wow64_microsoft-windows-wpd-shellextension_31bf3856ad364e35_10.0.20348.3451_none_c3ec69c52d66ab95\wpdshext.mof,,,,,,,,,,,,,,,,,,,SCAFFOLD,0x3e7,DC$,S-1-5-18,,,,,,,,,00000000-0000-0000-0000-000000000000,,
2026-09-02T03:46:38.724916Z,4664,dc.scaffold.htb,Microsoft-Windows-Security-Auditing,Security,24178,0,,,,,,,C:\Windows\WinSxS\wow64_microsoft-windows-wpd-shellextension_31bf3856ad364e35_10.0.20348.380_none_03e46ed6855e432d\WPDShServiceObj.mof,,,,,,,C:\Windows\WinSxS\wow64_microsoft-windows-wpd-shellextension_31bf3856ad364e35_10.0.20348.3451_none_c3ec69c52d66ab95\WPDShServiceObj.mof,,,,,,,,,,,,,,,,,,,SCAFFOLD,0x3e7,DC$,S-1-5-18,,,,,,,,,00000000-0000-0000-0000-000000000000,,
2026-09-02T03:46:38.732513Z,4664,dc.scaffold.htb,Microsoft-Windows-Security-Auditing,Security,24179,0,,,,,,,C:\Windows\WinSxS\amd64_microsoft-windows-l..em-serverdatacenter_31bf3856ad364e35_10.0.20348.587_none_7257b1d6b6f2666c\license.rtf,,,,,,,C:\Windows\WinSxS\amd64_microsoft-windows-l..em-serverdatacenter_31bf3856ad364e35_10.0.20348.5499_none_325bf5a75efe4fd7\license.rtf,,,,,,,,,,,,,,,,,,,SCAFFOLD,0x3e7,DC$,S-1-5-18,,,,,,,,,00000000-0000-0000-0000-000000000000,,
2026-09-02T03:46:38.736724Z,4664,dc.scaffold.htb,Microsoft-Windows-Security-Auditing,Security,24180,0,,,,,,,C:\Windows\WinSxS\wow64_microsoft-windows-w..cationcompatibility_31bf3856ad364e35_10.0.20348.1_none_01edd582dbe9834b\wpdsp.mof,,,,,,,C:\Windows\WinSxS\wow64_microsoft-windows-w..cationcompatibility_31bf3856ad364e35_10.0.20348.2849_none_20c0b2a745414a55\wpdsp.mof,,,,,,,,,,,,,,,,,,,SCAFFOLD,0x3e7,DC$,S-1-5-18,,,,,,,,,00000000-0000-0000-0000-000000000000,,
2026-09-02T03:46:38.756040Z,4664,dc.scaffold.htb,Microsoft-Windows-Security-Auditing,Security,24181,0,,,,,,,C:\Windows\WinSxS\amd64_microsoft-windows-xpsreachviewer_31bf3856ad364e35_10.0.20348.1_none_9e8a5104173e1807\xpsrchvw.xml,,,,,,,C:\Windows\WinSxS\amd64_microsoft-windows-xpsreachviewer_31bf3856ad364e35_10.0.20348.4893_none_bd62bc168090be4c\xpsrchvw.xml,,,,,,,,,,,,,,,,,,,SCAFFOLD,0x3e7,DC$,S-1-5-18,,,,,,,,,00000000-0000-0000-0000-000000000000,,
2026-09-02T03:46:51.412992Z,4664,dc.scaffold.htb,Microsoft-Windows-Security-Auditing,Security,24182,0,,,,,,,C:\Windows\WinSxS\wow64_microsoft-windows-wininit-mof_31bf3856ad364e35_10.0.20348.1_none_6ea4844f46f0de09\wininit.mof,,,,,,,C:\Windows\WinSxS\wow64_microsoft-windows-wininit-mof_31bf3856ad364e35_10.0.20348.2849_none_8d776173b048a513\wininit.mof,,,,,,,,,,,,,,,,,,,SCAFFOLD,0x3e7,DC$,S-1-5-18,,,,,,,,,00000000-0000-0000-0000-000000000000,,
2026-09-02T03:46:51.414972Z,4664,dc.scaffold.htb,Microsoft-Windows-Security-Auditing,Security,24183,0,,,,,,,C:\Windows\WinSxS\wow64_microsoft-windows-w..ient-printuisupport_31bf3856ad364e35_10.0.20348.502_none_60a8c725ad732c34\WindowsUpdate.psd1,,,,,,,C:\Windows\WinSxS\wow64_microsoft-windows-w..ient-printuisupport_31bf3856ad364e35_10.0.20348.5386_none_2065a10255b3f1af\WindowsUpdate.psd1,,,,,,,,,,,,,,,,,,,SCAFFOLD,0x3e7,DC$,S-1-5-18,,,,,,,,,00000000-0000-0000-0000-000000000000,,
2026-09-02T03:46:51.415658Z,4664,dc.scaffold.htb,Microsoft-Windows-Security-Auditing,Security,24184,0,,,,,,,C:\Windows\WinSxS\wow64_microsoft-windows-w..ient-printuisupport_31bf3856ad364e35_10.0.20348.502_none_60a8c725ad732c34\WindowsUpdateLog.psm1,,,,,,,C:\Windows\WinSxS\wow64_microsoft-windows-w..ient-printuisupport_31bf3856ad364e35_10.0.20348.5386_none_2065a10255b3f1af\WindowsUpdateLog.psm1,,,,,,,,,,,,,,,,,,,SCAFFOLD,0x3e7,DC$,S-1-5-18,,,,,,,,,00000000-0000-0000-0000-000000000000,,
2026-09-02T03:46:51.418736Z,4664,dc.scaffold.htb,Microsoft-Windows-Security-Auditing,Security,24185,0,,,,,,,C:\Windows\WinSxS\wow64_microsoft-windows-fdeploy_31bf3856ad364e35_10.0.20348.1_none_73793a134e25ad53\FolderRedirectionWMIProvider.mof,,,,,,,C:\Windows\WinSxS\wow64_microsoft-windows-fdeploy_31bf3856ad364e35_10.0.20348.5386_none_92867205b750f896\FolderRedirectionWMIProvider.mof,,,,,,,,,,,,,,,,,,,SCAFFOLD,0x3e7,DC$,S-1-5-18,,,,,,,,,00000000-0000-0000-0000-000000000000,,
2026-09-02T03:46:51.419377Z,4664,dc.scaffold.htb,Microsoft-Windows-Security-Auditing,Security,24186,0,,,,,,,C:\Windows\WinSxS\wow64_microsoft-windows-fdeploy_31bf3856ad364e35_10.0.20348.1_none_73793a134e25ad53\UserStateWMIProvider.mof,,,,,,,C:\Windows\WinSxS\wow64_microsoft-windows-fdeploy_31bf3856ad364e35_10.0.20348.5386_none_92867205b750f896\UserStateWMIProvider.mof,,,,,,,,,,,,,,,,,,,SCAFFOLD,0x3e7,DC$,S-1-5-18,,,,,,,,,00000000-0000-0000-0000-000000000000,,
2026-09-02T03:46:51.424343Z,4664,dc.scaffold.htb,Microsoft-Windows-Security-Auditing,Security,24187,0,,,,,,,C:\Windows\WinSxS\wow64_microsoft-windows-netplwiz_31bf3856ad364e35_10.0.20348.261_none_3e2b7f047409499d\lusrmgr.msc,,,,,,,C:\Windows\WinSxS\wow64_microsoft-windows-netplwiz_31bf3856ad364e35_10.0.20348.3804_none_fdec563d1c480bab\lusrmgr.msc,,,,,,,,,,,,,,,,,,,SCAFFOLD,0x3e7,DC$,S-1-5-18,,,,,,,,,00000000-0000-0000-0000-000000000000,,
2026-09-02T03:46:51.449211Z,4664,dc.scaffold.htb,Microsoft-Windows-Security-Auditing,Security,24188,0,,,,,,,C:\Windows\WinSxS\x86_microsoft-windows-l..em-serverdatacenter_31bf3856ad364e35_10.0.20348.587_none_16391652fe94f536\license.rtf,,,,,,,C:\Windows\WinSxS\x86_microsoft-windows-l..em-serverdatacenter_31bf3856ad364e35_10.0.20348.5499_none_d63d5a23a6a0dea1\license.rtf,,,,,,,,,,,,,,,,,,,SCAFFOLD,0x3e7,DC$,S-1-5-18,,,,,,,,,00000000-0000-0000-0000-000000000000,,
2026-09-02T03:46:51.456043Z,4664,dc.scaffold.htb,Microsoft-Windows-Security-Auditing,Security,24189,0,,,,,,,C:\Windows\WinSxS\wow64_microsoft-windows-xpsreachviewer_31bf3856ad364e35_10.0.20348.1_none_a8defb564b9eda02\xpsrchvw.xml,,,,,,,C:\Windows\WinSxS\wow64_microsoft-windows-xpsreachviewer_31bf3856ad364e35_10.0.20348.4893_none_c7b76668b4f18047\xpsrchvw.xml,,,,,,,,,,,,,,,,,,,SCAFFOLD,0x3e7,DC$,S-1-5-18,,,,,,,,,00000000-0000-0000-0000-000000000000,,
2026-09-02T03:46:51.460297Z,4664,dc.scaffold.htb,Microsoft-Windows-Security-Auditing,Security,24190,0,,,,,,,C:\Windows\WinSxS\amd64_microsoft-windows-appx-alluserstore_31bf3856ad364e35_10.0.20348.558_none_0c65b7708208608b\AppxProvisioning.xml,,,,,,,C:\Windows\WinSxS\amd64_microsoft-windows-appx-alluserstore_31bf3856ad364e35_10.0.20348.3692_none_cc3387072a3d0e9f\AppxProvisioning.xml,,,,,,,,,,,,,,,,,,,SCAFFOLD,0x3e7,DC$,S-1-5-18,,,,,,,,,00000000-0000-0000-0000-000000000000,,
2026-09-02T03:46:51.463474Z,4664,dc.scaffold.htb,Microsoft-Windows-Security-Auditing,Security,24191,0,,,,,,,C:\Windows\WinSxS\amd64_microsoft-windows-appx-deployment-server_31bf3856ad364e35_10.0.20348.587_none_49bd2bd940d57705\settings.dat,,,,,,,C:\Windows\WinSxS\amd64_microsoft-windows-appx-deployment-server_31bf3856ad364e35_10.0.20348.5499_none_09c16fa9e8e16070\settings.dat,,,,,,,,,,,,,,,,,,,SCAFFOLD,0x3e7,DC$,S-1-5-18,,,,,,,,,00000000-0000-0000-0000-000000000000,,
2026-09-02T03:46:51.475036Z,4664,dc.scaffold.htb,Microsoft-Windows-Security-Auditing,Security,24192,0,,,,,,,C:\Windows\WinSxS\wow64_microsoft-windows-netadaptercim_31bf3856ad364e35_10.0.20348.1_none_0cebf16fee02f02b\MSFT_NetAdapter.cmdletDefinition.cdxml,,,,,,,C:\Windows\WinSxS\wow64_microsoft-windows-netadaptercim_31bf3856ad364e35_10.0.20348.2849_none_2bbece94575ab735\MSFT_NetAdapter.cmdletDefinition.cdxml,,,,,,,,,,,,,,,,,,,SCAFFOLD,0x3e7,DC$,S-1-5-18,,,,,,,,,00000000-0000-0000-0000-000000000000,,
2026-09-02T03:46:51.475631Z,4664,dc.scaffold.htb,Microsoft-Windows-Security-Auditing,Security,24193,0,,,,,,,C:\Windows\WinSxS\wow64_microsoft-windows-netadaptercim_31bf3856ad364e35_10.0.20348.1_none_0cebf16fee02f02b\MSFT_NetAdapter.Format.ps1xml,,,,,,,C:\Windows\WinSxS\wow64_microsoft-windows-netadaptercim_31bf3856ad364e35_10.0.20348.2849_none_2bbece94575ab735\MSFT_NetAdapter.Format.ps1xml,,,,,,,,,,,,,,,,,,,SCAFFOLD,0x3e7,DC$,S-1-5-18,,,,,,,,,00000000-0000-0000-0000-000000000000,,
2026-09-02T03:46:51.477635Z,4664,dc.scaffold.htb,Microsoft-Windows-Security-Auditing,Security,24194,0,,,,,,,C:\Windows\WinSxS\wow64_microsoft-windows-netadaptercim_31bf3856ad364e35_10.0.20348.1_none_0cebf16fee02f02b\NetAdapter.Format.Helper.psm1,,,,,,,C:\Windows\WinSxS\wow64_microsoft-windows-netadaptercim_31bf3856ad364e35_10.0.20348.2849_none_2bbece94575ab735\NetAdapter.Format.Helper.psm1,,,,,,,,,,,,,,,,,,,SCAFFOLD,0x3e7,DC$,S-1-5-18,,,,,,,,,00000000-0000-0000-0000-000000000000,,
2026-09-02T03:46:51.478233Z,4664,dc.scaffold.htb,Microsoft-Windows-Security-Auditing,Security,24195,0,,,,,,,C:\Windows\WinSxS\wow64_microsoft-windows-netadaptercim_31bf3856ad364e35_10.0.20348.1_none_0cebf16fee02f02b\MSFT_NetAdapterAdvancedProperty.cmdletDefinition.cdxml,,,,,,,C:\Windows\WinSxS\wow64_microsoft-windows-netadaptercim_31bf3856ad364e35_10.0.20348.2849_none_2bbece94575ab735\MSFT_NetAdapterAdvancedProperty.cmdletDefinition.cdxml,,,,,,,,,,,,,,,,,,,SCAFFOLD,0x3e7,DC$,S-1-5-18,,,,,,,,,00000000-0000-0000-0000-000000000000,,
2026-09-02T03:46:51.478767Z,4664,dc.scaffold.htb,Microsoft-Windows-Security-Auditing,Security,24196,0,,,,,,,C:\Windows\WinSxS\wow64_microsoft-windows-netadaptercim_31bf3856ad364e35_10.0.20348.1_none_0cebf16fee02f02b\MSFT_NetAdapterAdvancedProperty.Format.ps1xml,,,,,,,C:\Windows\WinSxS\wow64_microsoft-windows-netadaptercim_31bf3856ad364e35_10.0.20348.2849_none_2bbece94575ab735\MSFT_NetAdapterAdvancedProperty.Format.ps1xml,,,,,,,,,,,,,,,,,,,SCAFFOLD,0x3e7,DC$,S-1-5-18,,,,,,,,,00000000-0000-0000-0000-000000000000,,
2026-09-02T03:46:51.479325Z,4664,dc.scaffold.htb,Microsoft-Windows-Security-Auditing,Security,24197,0,,,,,,,C:\Windows\WinSxS\wow64_microsoft-windows-netadaptercim_31bf3856ad364e35_10.0.20348.1_none_0cebf16fee02f02b\MSFT_NetAdapterBinding.cmdletDefinition.cdxml,,,,,,,C:\Windows\WinSxS\wow64_microsoft-windows-netadaptercim_31bf3856ad364e35_10.0.20348.2849_none_2bbece94575ab735\MSFT_NetAdapterBinding.cmdletDefinition.cdxml,,,,,,,,,,,,,,,,,,,SCAFFOLD,0x3e7,DC$,S-1-5-18,,,,,,,,,00000000-0000-0000-0000-000000000000,,
2026-09-02T03:46:51.479894Z,4664,dc.scaffold.htb,Microsoft-Windows-Security-Auditing,Security,24198,0,,,,,,,C:\Windows\WinSxS\wow64_microsoft-windows-netadaptercim_31bf3856ad364e35_10.0.20348.1_none_0cebf16fee02f02b\MSFT_NetAdapterBinding.Format.ps1xml,,,,,,,C:\Windows\WinSxS\wow64_microsoft-windows-netadaptercim_31bf3856ad364e35_10.0.20348.2849_none_2bbece94575ab735\MSFT_NetAdapterBinding.Format.ps1xml,,,,,,,,,,,,,,,,,,,SCAFFOLD,0x3e7,DC$,S-1-5-18,,,,,,,,,00000000-0000-0000-0000-000000000000,,
2026-09-02T03:46:51.480449Z,4664,dc.scaffold.htb,Microsoft-Windows-Security-Auditing,Security,24199,0,,,,,,,C:\Windows\WinSxS\wow64_microsoft-windows-netadaptercim_31bf3856ad364e35_10.0.20348.1_none_0cebf16fee02f02b\MSFT_NetAdapterChecksumOffload.cdxml,,,,,,,C:\Windows\WinSxS\wow64_microsoft-windows-netadaptercim_31bf3856ad364e35_10.0.20348.2849_none_2bbece94575ab735\MSFT_NetAdapterChecksumOffload.cdxml,,,,,,,,,,,,,,,,,,,SCAFFOLD,0x3e7,DC$,S-1-5-18,,,,,,,,,00000000-0000-0000-0000-000000000000,,
2026-09-02T03:46:51.480999Z,4664,dc.scaffold.htb,Microsoft-Windows-Security-Auditing,Security,24200,0,,,,,,,C:\Windows\WinSxS\wow64_microsoft-windows-netadaptercim_31bf3856ad364e35_10.0.20348.1_none_0cebf16fee02f02b\MSFT_NetAdapterChecksumOffload.Format.ps1xml,,,,,,,C:\Windows\WinSxS\wow64_microsoft-windows-netadaptercim_31bf3856ad364e35_10.0.20348.2849_none_2bbece94575ab735\MSFT_NetAdapterChecksumOffload.Format.ps1xml,,,,,,,,,,,,,,,,,,,SCAFFOLD,0x3e7,DC$,S-1-5-18,,,,,,,,,00000000-0000-0000-0000-000000000000,,
2026-09-02T03:46:51.481555Z,4664,dc.scaffold.htb,Microsoft-Windows-Security-Auditing,Security,24201,0,,,,,,,C:\Windows\WinSxS\wow64_microsoft-windows-netadaptercim_31bf3856ad364e35_10.0.20348.1_none_0cebf16fee02f02b\MSFT_NetAdapterDataPathConfiguration.cdxml,,,,,,,C:\Windows\WinSxS\wow64_microsoft-windows-netadaptercim_31bf3856ad364e35_10.0.20348.2849_none_2bbece94575ab735\MSFT_NetAdapterDataPathConfiguration.cdxml,,,,,,,,,,,,,,,,,,,SCAFFOLD,0x3e7,DC$,S-1-5-18,,,,,,,,,00000000-0000-0000-0000-000000000000,,
2026-09-02T03:46:51.482127Z,4664,dc.scaffold.htb,Microsoft-Windows-Security-Auditing,Security,24202,0,,,,,,,C:\Windows\WinSxS\wow64_microsoft-windows-netadaptercim_31bf3856ad364e35_10.0.20348.1_none_0cebf16fee02f02b\MSFT_NetAdapterDataPathConfiguration.Format.ps1xml,,,,,,,C:\Windows\WinSxS\wow64_microsoft-windows-netadaptercim_31bf3856ad364e35_10.0.20348.2849_none_2bbece94575ab735\MSFT_NetAdapterDataPathConfiguration.Format.ps1xml,,,,,,,,,,,,,,,,,,,SCAFFOLD,0x3e7,DC$,S-1-5-18,,,,,,,,,00000000-0000-0000-0000-000000000000,,
2026-09-02T03:46:51.482659Z,4664,dc.scaffold.htb,Microsoft-Windows-Security-Auditing,Security,24203,0,,,,,,,C:\Windows\WinSxS\wow64_microsoft-windows-netadaptercim_31bf3856ad364e35_10.0.20348.1_none_0cebf16fee02f02b\MSFT_NetAdapterEncapsulatedPacketTaskOffload.cdxml,,,,,,,C:\Windows\WinSxS\wow64_microsoft-windows-netadaptercim_31bf3856ad364e35_10.0.20348.2849_none_2bbece94575ab735\MSFT_NetAdapterEncapsulatedPacketTaskOffload.cdxml,,,,,,,,,,,,,,,,,,,SCAFFOLD,0x3e7,DC$,S-1-5-18,,,,,,,,,00000000-0000-0000-0000-000000000000,,
2026-09-02T03:46:51.483181Z,4664,dc.scaffold.htb,Microsoft-Windows-Security-Auditing,Security,24204,0,,,,,,,C:\Windows\WinSxS\wow64_microsoft-windows-netadaptercim_31bf3856ad364e35_10.0.20348.1_none_0cebf16fee02f02b\MSFT_NetAdapterEncapsulatedPacketTaskOffload.Format.ps1xml,,,,,,,C:\Windows\WinSxS\wow64_microsoft-windows-netadaptercim_31bf3856ad364e35_10.0.20348.2849_none_2bbece94575ab735\MSFT_NetAdapterEncapsulatedPacketTaskOffload.Format.ps1xml,,,,,,,,,,,,,,,,,,,SCAFFOLD,0x3e7,DC$,S-1-5-18,,,,,,,,,00000000-0000-0000-0000-000000000000,,
2026-09-02T03:46:51.483707Z,4664,dc.scaffold.htb,Microsoft-Windows-Security-Auditing,Security,24205,0,,,,,,,C:\Windows\WinSxS\wow64_microsoft-windows-netadaptercim_31bf3856ad364e35_10.0.20348.1_none_0cebf16fee02f02b\MSFT_NetAdapterHardwareInfo.cmdletDefinition.cdxml,,,,,,,C:\Windows\WinSxS\wow64_microsoft-windows-netadaptercim_31bf3856ad364e35_10.0.20348.2849_none_2bbece94575ab735\MSFT_NetAdapterHardwareInfo.cmdletDefinition.cdxml,,,,,,,,,,,,,,,,,,,SCAFFOLD,0x3e7,DC$,S-1-5-18,,,,,,,,,00000000-0000-0000-0000-000000000000,,
2026-09-02T03:46:51.484236Z,4664,dc.scaffold.htb,Microsoft-Windows-Security-Auditing,Security,24206,0,,,,,,,C:\Windows\WinSxS\wow64_microsoft-windows-netadaptercim_31bf3856ad364e35_10.0.20348.1_none_0cebf16fee02f02b\MSFT_NetAdapterHardwareInfo.Format.ps1xml,,,,,,,C:\Windows\WinSxS\wow64_microsoft-windows-netadaptercim_31bf3856ad364e35_10.0.20348.2849_none_2bbece94575ab735\MSFT_NetAdapterHardwareInfo.Format.ps1xml,,,,,,,,,,,,,,,,,,,SCAFFOLD,0x3e7,DC$,S-1-5-18,,,,,,,,,00000000-0000-0000-0000-000000000000,,
2026-09-02T03:46:51.484820Z,4664,dc.scaffold.htb,Microsoft-Windows-Security-Auditing,Security,24207,0,,,,,,,C:\Windows\WinSxS\wow64_microsoft-windows-netadaptercim_31bf3856ad364e35_10.0.20348.1_none_0cebf16fee02f02b\MSFT_NetAdapterIPsecOffload.cdxml,,,,,,,C:\Windows\WinSxS\wow64_microsoft-windows-netadaptercim_31bf3856ad364e35_10.0.20348.2849_none_2bbece94575ab735\MSFT_NetAdapterIPsecOffload.cdxml,,,,,,,,,,,,,,,,,,,SCAFFOLD,0x3e7,DC$,S-1-5-18,,,,,,,,,00000000-0000-0000-0000-000000000000,,
2026-09-02T03:46:51.485368Z,4664,dc.scaffold.htb,Microsoft-Windows-Security-Auditing,Security,24208,0,,,,,,,C:\Windows\WinSxS\wow64_microsoft-windows-netadaptercim_31bf3856ad364e35_10.0.20348.1_none_0cebf16fee02f02b\MSFT_NetAdapterIPsecOffload.Format.ps1xml,,,,,,,C:\Windows\WinSxS\wow64_microsoft-windows-netadaptercim_31bf3856ad364e35_10.0.20348.2849_none_2bbece94575ab735\MSFT_NetAdapterIPsecOffload.Format.ps1xml,,,,,,,,,,,,,,,,,,,SCAFFOLD,0x3e7,DC$,S-1-5-18,,,,,,,,,00000000-0000-0000-0000-000000000000,,
2026-09-02T03:46:51.485890Z,4664,dc.scaffold.htb,Microsoft-Windows-Security-Auditing,Security,24209,0,,,,,,,C:\Windows\WinSxS\wow64_microsoft-windows-netadaptercim_31bf3856ad364e35_10.0.20348.1_none_0cebf16fee02f02b\MSFT_NetAdapterLso.cdxml,,,,,,,C:\Windows\WinSxS\wow64_microsoft-windows-netadaptercim_31bf3856ad364e35_10.0.20348.2849_none_2bbece94575ab735\MSFT_NetAdapterLso.cdxml,,,,,,,,,,,,,,,,,,,SCAFFOLD,0x3e7,DC$,S-1-5-18,,,,,,,,,00000000-0000-0000-0000-000000000000,,
2026-09-02T03:46:51.486415Z,4664,dc.scaffold.htb,Microsoft-Windows-Security-Auditing,Security,24210,0,,,,,,,C:\Windows\WinSxS\wow64_microsoft-windows-netadaptercim_31bf3856ad364e35_10.0.20348.1_none_0cebf16fee02f02b\MSFT_NetAdapterLso.Format.ps1xml,,,,,,,C:\Windows\WinSxS\wow64_microsoft-windows-netadaptercim_31bf3856ad364e35_10.0.20348.2849_none_2bbece94575ab735\MSFT_NetAdapterLso.Format.ps1xml,,,,,,,,,,,,,,,,,,,SCAFFOLD,0x3e7,DC$,S-1-5-18,,,,,,,,,00000000-0000-0000-0000-000000000000,,
2026-09-02T03:46:51.486987Z,4664,dc.scaffold.htb,Microsoft-Windows-Security-Auditing,Security,24211,0,,,,,,,C:\Windows\WinSxS\wow64_microsoft-windows-netadaptercim_31bf3856ad364e35_10.0.20348.1_none_0cebf16fee02f02b\MSFT_NetAdapterPacketDirect.cdxml,,,,,,,C:\Windows\WinSxS\wow64_microsoft-windows-netadaptercim_31bf3856ad364e35_10.0.20348.2849_none_2bbece94575ab735\MSFT_NetAdapterPacketDirect.cdxml,,,,,,,,,,,,,,,,,,,SCAFFOLD,0x3e7,DC$,S-1-5-18,,,,,,,,,00000000-0000-0000-0000-000000000000,,
2026-09-02T03:46:51.487517Z,4664,dc.scaffold.htb,Microsoft-Windows-Security-Auditing,Security,24212,0,,,,,,,C:\Windows\WinSxS\wow64_microsoft-windows-netadaptercim_31bf3856ad364e35_10.0.20348.1_none_0cebf16fee02f02b\MSFT_NetAdapterPacketDirect.Format.ps1xml,,,,,,,C:\Windows\WinSxS\wow64_microsoft-windows-netadaptercim_31bf3856ad364e35_10.0.20348.2849_none_2bbece94575ab735\MSFT_NetAdapterPacketDirect.Format.ps1xml,,,,,,,,,,,,,,,,,,,SCAFFOLD,0x3e7,DC$,S-1-5-18,,,,,,,,,00000000-0000-0000-0000-000000000000,,
2026-09-02T03:46:51.488106Z,4664,dc.scaffold.htb,Microsoft-Windows-Security-Auditing,Security,24213,0,,,,,,,C:\Windows\WinSxS\wow64_microsoft-windows-netadaptercim_31bf3856ad364e35_10.0.20348.1_none_0cebf16fee02f02b\MSFT_NetAdapterPowerManagement.cmdletDefinition.cdxml,,,,,,,C:\Windows\WinSxS\wow64_microsoft-windows-netadaptercim_31bf3856ad364e35_10.0.20348.2849_none_2bbece94575ab735\MSFT_NetAdapterPowerManagement.cmdletDefinition.cdxml,,,,,,,,,,,,,,,,,,,SCAFFOLD,0x3e7,DC$,S-1-5-18,,,,,,,,,00000000-0000-0000-0000-000000000000,,
2026-09-02T03:46:51.488635Z,4664,dc.scaffold.htb,Microsoft-Windows-Security-Auditing,Security,24214,0,,,,,,,C:\Windows\WinSxS\wow64_microsoft-windows-netadaptercim_31bf3856ad364e35_10.0.20348.1_none_0cebf16fee02f02b\MSFT_NetAdapterPowerManagement.Format.Helper.psm1,,,,,,,C:\Windows\WinSxS\wow64_microsoft-windows-netadaptercim_31bf3856ad364e35_10.0.20348.2849_none_2bbece94575ab735\MSFT_NetAdapterPowerManagement.Format.Helper.psm1,,,,,,,,,,,,,,,,,,,SCAFFOLD,0x3e7,DC$,S-1-5-18,,,,,,,,,00000000-0000-0000-0000-000000000000,,
2026-09-02T03:46:51.710186Z,4664,dc.scaffold.htb,Microsoft-Windows-Security-Auditing,Security,24215,0,,,,,,,C:\Windows\WinSxS\wow64_microsoft-windows-netadaptercim_31bf3856ad364e35_10.0.20348.1_none_0cebf16fee02f02b\MSFT_NetAdapterPowerManagement.Format.ps1xml,,,,,,,C:\Windows\WinSxS\wow64_microsoft-windows-netadaptercim_31bf3856ad364e35_10.0.20348.2849_none_2bbece94575ab735\MSFT_NetAdapterPowerManagement.Format.ps1xml,,,,,,,,,,,,,,,,,,,SCAFFOLD,0x3e7,DC$,S-1-5-18,,,,,,,,,00000000-0000-0000-0000-000000000000,,
2026-09-02T03:46:51.729466Z,4664,dc.scaffold.htb,Microsoft-Windows-Security-Auditing,Security,24216,0,,,,,,,C:\Windows\WinSxS\wow64_microsoft-windows-netadaptercim_31bf3856ad364e35_10.0.20348.1_none_0cebf16fee02f02b\MSFT_NetAdapterQos.cdxml,,,,,,,C:\Windows\WinSxS\wow64_microsoft-windows-netadaptercim_31bf3856ad364e35_10.0.20348.2849_none_2bbece94575ab735\MSFT_NetAdapterQos.cdxml,,,,,,,,,,,,,,,,,,,SCAFFOLD,0x3e7,DC$,S-1-5-18,,,,,,,,,00000000-0000-0000-0000-000000000000,,
2026-09-02T03:46:51.730550Z,4664,dc.scaffold.htb,Microsoft-Windows-Security-Auditing,Security,24217,0,,,,,,,C:\Windows\WinSxS\wow64_microsoft-windows-netadaptercim_31bf3856ad364e35_10.0.20348.1_none_0cebf16fee02f02b\MSFT_NetAdapterQos.Format.ps1xml,,,,,,,C:\Windows\WinSxS\wow64_microsoft-windows-netadaptercim_31bf3856ad364e35_10.0.20348.2849_none_2bbece94575ab735\MSFT_NetAdapterQos.Format.ps1xml,,,,,,,,,,,,,,,,,,,SCAFFOLD,0x3e7,DC$,S-1-5-18,,,,,,,,,00000000-0000-0000-0000-000000000000,,
2026-09-02T03:46:51.731139Z,4664,dc.scaffold.htb,Microsoft-Windows-Security-Auditing,Security,24218,0,,,,,,,C:\Windows\WinSxS\wow64_microsoft-windows-netadaptercim_31bf3856ad364e35_10.0.20348.1_none_0cebf16fee02f02b\MSFT_NetAdapterQos.Format.Helper.psm1,,,,,,,C:\Windows\WinSxS\wow64_microsoft-windows-netadaptercim_31bf3856ad364e35_10.0.20348.2849_none_2bbece94575ab735\MSFT_NetAdapterQos.Format.Helper.psm1,,,,,,,,,,,,,,,,,,,SCAFFOLD,0x3e7,DC$,S-1-5-18,,,,,,,,,00000000-0000-0000-0000-000000000000,,
2026-09-02T03:46:51.731766Z,4664,dc.scaffold.htb,Microsoft-Windows-Security-Auditing,Security,24219,0,,,,,,,C:\Windows\WinSxS\wow64_microsoft-windows-netadaptercim_31bf3856ad364e35_10.0.20348.1_none_0cebf16fee02f02b\MSFT_NetAdapterRdma.cdxml,,,,,,,C:\Windows\WinSxS\wow64_microsoft-windows-netadaptercim_31bf3856ad364e35_10.0.20348.2849_none_2bbece94575ab735\MSFT_NetAdapterRdma.cdxml,,,,,,,,,,,,,,,,,,,SCAFFOLD,0x3e7,DC$,S-1-5-18,,,,,,,,,00000000-0000-0000-0000-000000000000,,
2026-09-02T03:46:51.732556Z,4664,dc.scaffold.htb,Microsoft-Windows-Security-Auditing,Security,24220,0,,,,,,,C:\Windows\WinSxS\wow64_microsoft-windows-netadaptercim_31bf3856ad364e35_10.0.20348.1_none_0cebf16fee02f02b\MSFT_NetAdapterRdma.Format.ps1xml,,,,,,,C:\Windows\WinSxS\wow64_microsoft-windows-netadaptercim_31bf3856ad364e35_10.0.20348.2849_none_2bbece94575ab735\MSFT_NetAdapterRdma.Format.ps1xml,,,,,,,,,,,,,,,,,,,SCAFFOLD,0x3e7,DC$,S-1-5-18,,,,,,,,,00000000-0000-0000-0000-000000000000,,
2026-09-02T03:46:51.733238Z,4664,dc.scaffold.htb,Microsoft-Windows-Security-Auditing,Security,24221,0,,,,,,,C:\Windows\WinSxS\wow64_microsoft-windows-netadaptercim_31bf3856ad364e35_10.0.20348.1_none_0cebf16fee02f02b\MSFT_NetAdapterRsc.cdxml,,,,,,,C:\Windows\WinSxS\wow64_microsoft-windows-netadaptercim_31bf3856ad364e35_10.0.20348.2849_none_2bbece94575ab735\MSFT_NetAdapterRsc.cdxml,,,,,,,,,,,,,,,,,,,SCAFFOLD,0x3e7,DC$,S-1-5-18,,,,,,,,,00000000-0000-0000-0000-000000000000,,
2026-09-02T03:46:51.733832Z,4664,dc.scaffold.htb,Microsoft-Windows-Security-Auditing,Security,24222,0,,,,,,,C:\Windows\WinSxS\wow64_microsoft-windows-netadaptercim_31bf3856ad364e35_10.0.20348.1_none_0cebf16fee02f02b\MSFT_NetAdapterRsc.Format.ps1xml,,,,,,,C:\Windows\WinSxS\wow64_microsoft-windows-netadaptercim_31bf3856ad364e35_10.0.20348.2849_none_2bbece94575ab735\MSFT_NetAdapterRsc.Format.ps1xml,,,,,,,,,,,,,,,,,,,SCAFFOLD,0x3e7,DC$,S-1-5-18,,,,,,,,,00000000-0000-0000-0000-000000000000,,
2026-09-02T03:46:51.734406Z,4664,dc.scaffold.htb,Microsoft-Windows-Security-Auditing,Security,24223,0,,,,,,,C:\Windows\WinSxS\wow64_microsoft-windows-netadaptercim_31bf3856ad364e35_10.0.20348.1_none_0cebf16fee02f02b\MSFT_NetAdapterRss.cmdletDefinition.cdxml,,,,,,,C:\Windows\WinSxS\wow64_microsoft-windows-netadaptercim_31bf3856ad364e35_10.0.20348.2849_none_2bbece94575ab735\MSFT_NetAdapterRss.cmdletDefinition.cdxml,,,,,,,,,,,,,,,,,,,SCAFFOLD,0x3e7,DC$,S-1-5-18,,,,,,,,,00000000-0000-0000-0000-000000000000,,
2026-09-02T03:46:51.735087Z,4664,dc.scaffold.htb,Microsoft-Windows-Security-Auditing,Security,24224,0,,,,,,,C:\Windows\WinSxS\wow64_microsoft-windows-netadaptercim_31bf3856ad364e35_10.0.20348.1_none_0cebf16fee02f02b\MSFT_NetAdapterRss.Format.ps1xml,,,,,,,C:\Windows\WinSxS\wow64_microsoft-windows-netadaptercim_31bf3856ad364e35_10.0.20348.2849_none_2bbece94575ab735\MSFT_NetAdapterRss.Format.ps1xml,,,,,,,,,,,,,,,,,,,SCAFFOLD,0x3e7,DC$,S-1-5-18,,,,,,,,,00000000-0000-0000-0000-000000000000,,
2026-09-02T03:46:51.735689Z,4664,dc.scaffold.htb,Microsoft-Windows-Security-Auditing,Security,24225,0,,,,,,,C:\Windows\WinSxS\wow64_microsoft-windows-netadaptercim_31bf3856ad364e35_10.0.20348.1_none_0cebf16fee02f02b\MSFT_NetAdapterSriov.cdxml,,,,,,,C:\Windows\WinSxS\wow64_microsoft-windows-netadaptercim_31bf3856ad364e35_10.0.20348.2849_none_2bbece94575ab735\MSFT_NetAdapterSriov.cdxml,,,,,,,,,,,,,,,,,,,SCAFFOLD,0x3e7,DC$,S-1-5-18,,,,,,,,,00000000-0000-0000-0000-000000000000,,
2026-09-02T03:46:51.736474Z,4664,dc.scaffold.htb,Microsoft-Windows-Security-Auditing,Security,24226,0,,,,,,,C:\Windows\WinSxS\wow64_microsoft-windows-netadaptercim_31bf3856ad364e35_10.0.20348.1_none_0cebf16fee02f02b\MSFT_NetAdapterSriov.Format.ps1xml,,,,,,,C:\Windows\WinSxS\wow64_microsoft-windows-netadaptercim_31bf3856ad364e35_10.0.20348.2849_none_2bbece94575ab735\MSFT_NetAdapterSriov.Format.ps1xml,,,,,,,,,,,,,,,,,,,SCAFFOLD,0x3e7,DC$,S-1-5-18,,,,,,,,,00000000-0000-0000-0000-000000000000,,
2026-09-02T03:46:51.737380Z,4664,dc.scaffold.htb,Microsoft-Windows-Security-Auditing,Security,24227,0,,,,,,,C:\Windows\WinSxS\wow64_microsoft-windows-netadaptercim_31bf3856ad364e35_10.0.20348.1_none_0cebf16fee02f02b\MSFT_NetAdapterSriovVf.cmdletDefinition.cdxml,,,,,,,C:\Windows\WinSxS\wow64_microsoft-windows-netadaptercim_31bf3856ad364e35_10.0.20348.2849_none_2bbece94575ab735\MSFT_NetAdapterSriovVf.cmdletDefinition.cdxml,,,,,,,,,,,,,,,,,,,SCAFFOLD,0x3e7,DC$,S-1-5-18,,,,,,,,,00000000-0000-0000-0000-000000000000,,
2026-09-02T03:46:51.738328Z,4664,dc.scaffold.htb,Microsoft-Windows-Security-Auditing,Security,24228,0,,,,,,,C:\Windows\WinSxS\wow64_microsoft-windows-netadaptercim_31bf3856ad364e35_10.0.20348.1_none_0cebf16fee02f02b\MSFT_NetAdapterSriovVf.Format.ps1xml,,,,,,,C:\Windows\WinSxS\wow64_microsoft-windows-netadaptercim_31bf3856ad364e35_10.0.20348.2849_none_2bbece94575ab735\MSFT_NetAdapterSriovVf.Format.ps1xml,,,,,,,,,,,,,,,,,,,SCAFFOLD,0x3e7,DC$,S-1-5-18,,,,,,,,,00000000-0000-0000-0000-000000000000,,
2026-09-02T03:46:51.739591Z,4664,dc.scaffold.htb,Microsoft-Windows-Security-Auditing,Security,24229,0,,,,,,,C:\Windows\WinSxS\wow64_microsoft-windows-netadaptercim_31bf3856ad364e35_10.0.20348.1_none_0cebf16fee02f02b\MSFT_NetAdapterStatistics.cmdletDefinition.cdxml,,,,,,,C:\Windows\WinSxS\wow64_microsoft-windows-netadaptercim_31bf3856ad364e35_10.0.20348.2849_none_2bbece94575ab735\MSFT_NetAdapterStatistics.cmdletDefinition.cdxml,,,,,,,,,,,,,,,,,,,SCAFFOLD,0x3e7,DC$,S-1-5-18,,,,,,,,,00000000-0000-0000-0000-000000000000,,
2026-09-02T03:46:51.740222Z,4664,dc.scaffold.htb,Microsoft-Windows-Security-Auditing,Security,24230,0,,,,,,,C:\Windows\WinSxS\wow64_microsoft-windows-netadaptercim_31bf3856ad364e35_10.0.20348.1_none_0cebf16fee02f02b\MSFT_NetAdapterStatistics.Format.ps1xml,,,,,,,C:\Windows\WinSxS\wow64_microsoft-windows-netadaptercim_31bf3856ad364e35_10.0.20348.2849_none_2bbece94575ab735\MSFT_NetAdapterStatistics.Format.ps1xml,,,,,,,,,,,,,,,,,,,SCAFFOLD,0x3e7,DC$,S-1-5-18,,,,,,,,,00000000-0000-0000-0000-000000000000,,
2026-09-02T03:46:51.740761Z,4664,dc.scaffold.htb,Microsoft-Windows-Security-Auditing,Security,24231,0,,,,,,,C:\Windows\WinSxS\wow64_microsoft-windows-netadaptercim_31bf3856ad364e35_10.0.20348.1_none_0cebf16fee02f02b\MSFT_NetAdapterUso.cdxml,,,,,,,C:\Windows\WinSxS\wow64_microsoft-windows-netadaptercim_31bf3856ad364e35_10.0.20348.2849_none_2bbece94575ab735\MSFT_NetAdapterUso.cdxml,,,,,,,,,,,,,,,,,,,SCAFFOLD,0x3e7,DC$,S-1-5-18,,,,,,,,,00000000-0000-0000-0000-000000000000,,
2026-09-02T03:46:51.741328Z,4664,dc.scaffold.htb,Microsoft-Windows-Security-Auditing,Security,24232,0,,,,,,,C:\Windows\WinSxS\wow64_microsoft-windows-netadaptercim_31bf3856ad364e35_10.0.20348.1_none_0cebf16fee02f02b\MSFT_NetAdapterUso.Format.ps1xml,,,,,,,C:\Windows\WinSxS\wow64_microsoft-windows-netadaptercim_31bf3856ad364e35_10.0.20348.2849_none_2bbece94575ab735\MSFT_NetAdapterUso.Format.ps1xml,,,,,,,,,,,,,,,,,,,SCAFFOLD,0x3e7,DC$,S-1-5-18,,,,,,,,,00000000-0000-0000-0000-000000000000,,
2026-09-02T03:46:51.741882Z,4664,dc.scaffold.htb,Microsoft-Windows-Security-Auditing,Security,24233,0,,,,,,,C:\Windows\WinSxS\wow64_microsoft-windows-netadaptercim_31bf3856ad364e35_10.0.20348.1_none_0cebf16fee02f02b\MSFT_NetAdapterVmq.cmdletDefinition.cdxml,,,,,,,C:\Windows\WinSxS\wow64_microsoft-windows-netadaptercim_31bf3856ad364e35_10.0.20348.2849_none_2bbece94575ab735\MSFT_NetAdapterVmq.cmdletDefinition.cdxml,,,,,,,,,,,,,,,,,,,SCAFFOLD,0x3e7,DC$,S-1-5-18,,,,,,,,,00000000-0000-0000-0000-000000000000,,
2026-09-02T03:46:51.742411Z,4664,dc.scaffold.htb,Microsoft-Windows-Security-Auditing,Security,24234,0,,,,,,,C:\Windows\WinSxS\wow64_microsoft-windows-netadaptercim_31bf3856ad364e35_10.0.20348.1_none_0cebf16fee02f02b\MSFT_NetAdapterVmq.Format.ps1xml,,,,,,,C:\Windows\WinSxS\wow64_microsoft-windows-netadaptercim_31bf3856ad364e35_10.0.20348.2849_none_2bbece94575ab735\MSFT_NetAdapterVmq.Format.ps1xml,,,,,,,,,,,,,,,,,,,SCAFFOLD,0x3e7,DC$,S-1-5-18,,,,,,,,,00000000-0000-0000-0000-000000000000,,
2026-09-02T03:46:51.742945Z,4664,dc.scaffold.htb,Microsoft-Windows-Security-Auditing,Security,24235,0,,,,,,,C:\Windows\WinSxS\wow64_microsoft-windows-netadaptercim_31bf3856ad364e35_10.0.20348.1_none_0cebf16fee02f02b\MSFT_NetAdapterVmqQueue.cmdletDefinition.cdxml,,,,,,,C:\Windows\WinSxS\wow64_microsoft-windows-netadaptercim_31bf3856ad364e35_10.0.20348.2849_none_2bbece94575ab735\MSFT_NetAdapterVmqQueue.cmdletDefinition.cdxml,,,,,,,,,,,,,,,,,,,SCAFFOLD,0x3e7,DC$,S-1-5-18,,,,,,,,,00000000-0000-0000-0000-000000000000,,
2026-09-02T03:46:51.743460Z,4664,dc.scaffold.htb,Microsoft-Windows-Security-Auditing,Security,24236,0,,,,,,,C:\Windows\WinSxS\wow64_microsoft-windows-netadaptercim_31bf3856ad364e35_10.0.20348.1_none_0cebf16fee02f02b\MSFT_NetAdapterVmqQueue.Format.ps1xml,,,,,,,C:\Windows\WinSxS\wow64_microsoft-windows-netadaptercim_31bf3856ad364e35_10.0.20348.2849_none_2bbece94575ab735\MSFT_NetAdapterVmqQueue.Format.ps1xml,,,,,,,,,,,,,,,,,,,SCAFFOLD,0x3e7,DC$,S-1-5-18,,,,,,,,,00000000-0000-0000-0000-000000000000,,
2026-09-02T03:46:51.743971Z,4664,dc.scaffold.htb,Microsoft-Windows-Security-Auditing,Security,24237,0,,,,,,,C:\Windows\WinSxS\wow64_microsoft-windows-netadaptercim_31bf3856ad364e35_10.0.20348.1_none_0cebf16fee02f02b\MSFT_NetAdapterVPort.cmdletDefinition.cdxml,,,,,,,C:\Windows\WinSxS\wow64_microsoft-windows-netadaptercim_31bf3856ad364e35_10.0.20348.2849_none_2bbece94575ab735\MSFT_NetAdapterVPort.cmdletDefinition.cdxml,,,,,,,,,,,,,,,,,,,SCAFFOLD,0x3e7,DC$,S-1-5-18,,,,,,,,,00000000-0000-0000-0000-000000000000,,
2026-09-02T03:46:51.744503Z,4664,dc.scaffold.htb,Microsoft-Windows-Security-Auditing,Security,24238,0,,,,,,,C:\Windows\WinSxS\wow64_microsoft-windows-netadaptercim_31bf3856ad364e35_10.0.20348.1_none_0cebf16fee02f02b\MSFT_NetAdapterVPort.Format.ps1xml,,,,,,,C:\Windows\WinSxS\wow64_microsoft-windows-netadaptercim_31bf3856ad364e35_10.0.20348.2849_none_2bbece94575ab735\MSFT_NetAdapterVPort.Format.ps1xml,,,,,,,,,,,,,,,,,,,SCAFFOLD,0x3e7,DC$,S-1-5-18,,,,,,,,,00000000-0000-0000-0000-000000000000,,
2026-09-02T03:46:51.745085Z,4664,dc.scaffold.htb,Microsoft-Windows-Security-Auditing,Security,24239,0,,,,,,,C:\Windows\WinSxS\wow64_microsoft-windows-netadaptercim_31bf3856ad364e35_10.0.20348.1_none_0cebf16fee02f02b\NetAdapter.psd1,,,,,,,C:\Windows\WinSxS\wow64_microsoft-windows-netadaptercim_31bf3856ad364e35_10.0.20348.2849_none_2bbece94575ab735\NetAdapter.psd1,,,,,,,,,,,,,,,,,,,SCAFFOLD,0x3e7,DC$,S-1-5-18,,,,,,,,,00000000-0000-0000-0000-000000000000,,
2026-09-02T03:46:51.745789Z,4664,dc.scaffold.htb,Microsoft-Windows-Security-Auditing,Security,24240,0,,,,,,,C:\Windows\WinSxS\wow64_microsoft-windows-netadaptercim_31bf3856ad364e35_10.0.20348.1_none_0cebf16fee02f02b\NetAdapter.Types.ps1xml,,,,,,,C:\Windows\WinSxS\wow64_microsoft-windows-netadaptercim_31bf3856ad364e35_10.0.20348.2849_none_2bbece94575ab735\NetAdapter.Types.ps1xml,,,,,,,,,,,,,,,,,,,SCAFFOLD,0x3e7,DC$,S-1-5-18,,,,,,,,,00000000-0000-0000-0000-000000000000,,
2026-09-02T03:46:51.749185Z,4664,dc.scaffold.htb,Microsoft-Windows-Security-Auditing,Security,24241,0,,,,,,,C:\Windows\WinSxS\wow64_microsoft-windows-tcpip-wmiv2provider_31bf3856ad364e35_10.0.20348.1_none_b0c17664931a1c65\MSFT_NetIPAddress.cdxml,,,,,,,C:\Windows\WinSxS\wow64_microsoft-windows-tcpip-wmiv2provider_31bf3856ad364e35_10.0.20348.2849_none_cf945388fc71e36f\MSFT_NetIPAddress.cdxml,,,,,,,,,,,,,,,,,,,SCAFFOLD,0x3e7,DC$,S-1-5-18,,,,,,,,,00000000-0000-0000-0000-000000000000,,
