2026-09-02T03:45:50.977431Z,4664,dc.scaffold.htb,Microsoft-Windows-Security-Auditing,Security,23323,0,,,,,,,C:\Windows\WinSxS\amd64_microsoft-windows-sechealthui.appxmain_31bf3856ad364e35_10.0.20348.502_none_9baff88d67ef2690\WindowsSecuritySmallTile.scale-200_contrast-black.png,,,,,,,C:\Windows\WinSxS\amd64_microsoft-windows-sechealthui.appxmain_31bf3856ad364e35_10.0.20348.5386_none_5b6cd26a102fec0b\WindowsSecuritySmallTile.scale-200_contrast-black.png,,,,,,,,,,,,,,,,,,,SCAFFOLD,0x3e7,DC$,S-1-5-18,,,,,,,,,00000000-0000-0000-0000-000000000000,,
2026-09-02T03:45:50.977998Z,4664,dc.scaffold.htb,Microsoft-Windows-Security-Auditing,Security,23324,0,,,,,,,C:\Windows\WinSxS\amd64_microsoft-windows-sechealthui.appxmain_31bf3856ad364e35_10.0.20348.502_none_9baff88d67ef2690\WindowsSecuritySmallTile.scale-200_contrast-white.png,,,,,,,C:\Windows\WinSxS\amd64_microsoft-windows-sechealthui.appxmain_31bf3856ad364e35_10.0.20348.5386_none_5b6cd26a102fec0b\WindowsSecuritySmallTile.scale-200_contrast-white.png,,,,,,,,,,,,,,,,,,,SCAFFOLD,0x3e7,DC$,S-1-5-18,,,,,,,,,00000000-0000-0000-0000-000000000000,,
2026-09-02T03:45:50.978561Z,4664,dc.scaffold.htb,Microsoft-Windows-Security-Auditing,Security,23325,0,,,,,,,C:\Windows\WinSxS\amd64_microsoft-windows-sechealthui.appxmain_31bf3856ad364e35_10.0.20348.502_none_9baff88d67ef2690\WindowsSecuritySmallTile.scale-400.png,,,,,,,C:\Windows\WinSxS\amd64_microsoft-windows-sechealthui.appxmain_31bf3856ad364e35_10.0.20348.5386_none_5b6cd26a102fec0b\WindowsSecuritySmallTile.scale-400.png,,,,,,,,,,,,,,,,,,,SCAFFOLD,0x3e7,DC$,S-1-5-18,,,,,,,,,00000000-0000-0000-0000-000000000000,,
2026-09-02T03:45:50.979145Z,4664,dc.scaffold.htb,Microsoft-Windows-Security-Auditing,Security,23326,0,,,,,,,C:\Windows\WinSxS\amd64_microsoft-windows-sechealthui.appxmain_31bf3856ad364e35_10.0.20348.502_none_9baff88d67ef2690\WindowsSecuritySmallTile.scale-400_contrast-black.png,,,,,,,C:\Windows\WinSxS\amd64_microsoft-windows-sechealthui.appxmain_31bf3856ad364e35_10.0.20348.5386_none_5b6cd26a102fec0b\WindowsSecuritySmallTile.scale-400_contrast-black.png,,,,,,,,,,,,,,,,,,,SCAFFOLD,0x3e7,DC$,S-1-5-18,,,,,,,,,00000000-0000-0000-0000-000000000000,,
2026-09-02T03:45:50.979733Z,4664,dc.scaffold.htb,Microsoft-Windows-Security-Auditing,Security,23327,0,,,,,,,C:\Windows\WinSxS\amd64_microsoft-windows-sechealthui.appxmain_31bf3856ad364e35_10.0.20348.502_none_9baff88d67ef2690\WindowsSecuritySmallTile.scale-400_contrast-white.png,,,,,,,C:\Windows\WinSxS\amd64_microsoft-windows-sechealthui.appxmain_31bf3856ad364e35_10.0.20348.5386_none_5b6cd26a102fec0b\WindowsSecuritySmallTile.scale-400_contrast-white.png,,,,,,,,,,,,,,,,,,,SCAFFOLD,0x3e7,DC$,S-1-5-18,,,,,,,,,00000000-0000-0000-0000-000000000000,,
2026-09-02T03:45:50.980849Z,4664,dc.scaffold.htb,Microsoft-Windows-Security-Auditing,Security,23328,0,,,,,,,C:\Windows\WinSxS\amd64_microsoft-windows-sechealthui.appxmain_31bf3856ad364e35_10.0.20348.502_none_9baff88d67ef2690\WindowsSecuritySplashScreen.scale-100.png,,,,,,,C:\Windows\WinSxS\amd64_microsoft-windows-sechealthui.appxmain_31bf3856ad364e35_10.0.20348.5386_none_5b6cd26a102fec0b\WindowsSecuritySplashScreen.scale-100.png,,,,,,,,,,,,,,,,,,,SCAFFOLD,0x3e7,DC$,S-1-5-18,,,,,,,,,00000000-0000-0000-0000-000000000000,,
2026-09-02T03:45:50.981675Z,4664,dc.scaffold.htb,Microsoft-Windows-Security-Auditing,Security,23329,0,,,,,,,C:\Windows\WinSxS\amd64_microsoft-windows-sechealthui.appxmain_31bf3856ad364e35_10.0.20348.502_none_9baff88d67ef2690\WindowsSecuritySplashScreen.scale-125.png,,,,,,,C:\Windows\WinSxS\amd64_microsoft-windows-sechealthui.appxmain_31bf3856ad364e35_10.0.20348.5386_none_5b6cd26a102fec0b\WindowsSecuritySplashScreen.scale-125.png,,,,,,,,,,,,,,,,,,,SCAFFOLD,0x3e7,DC$,S-1-5-18,,,,,,,,,00000000-0000-0000-0000-000000000000,,
2026-09-02T03:45:50.997635Z,4664,dc.scaffold.htb,Microsoft-Windows-Security-Auditing,Security,23330,0,,,,,,,C:\Windows\WinSxS\amd64_microsoft-windows-sechealthui.appxmain_31bf3856ad364e35_10.0.20348.502_none_9baff88d67ef2690\WindowsSecuritySplashScreen.scale-150.png,,,,,,,C:\Windows\WinSxS\amd64_microsoft-windows-sechealthui.appxmain_31bf3856ad364e35_10.0.20348.5386_none_5b6cd26a102fec0b\WindowsSecuritySplashScreen.scale-150.png,,,,,,,,,,,,,,,,,,,SCAFFOLD,0x3e7,DC$,S-1-5-18,,,,,,,,,00000000-0000-0000-0000-000000000000,,
2026-09-02T03:45:50.997640Z,4664,dc.scaffold.htb,Microsoft-Windows-Security-Auditing,Security,23331,0,,,,,,,C:\Windows\WinSxS\amd64_microsoft-windows-sechealthui.appxmain_31bf3856ad364e35_10.0.20348.502_none_9baff88d67ef2690\WindowsSecuritySplashScreen.scale-200.png,,,,,,,C:\Windows\WinSxS\amd64_microsoft-windows-sechealthui.appxmain_31bf3856ad364e35_10.0.20348.5386_none_5b6cd26a102fec0b\WindowsSecuritySplashScreen.scale-200.png,,,,,,,,,,,,,,,,,,,SCAFFOLD,0x3e7,DC$,S-1-5-18,,,,,,,,,00000000-0000-0000-0000-000000000000,,
2026-09-02T03:45:50.998631Z,4664,dc.scaffold.htb,Microsoft-Windows-Security-Auditing,Security,23332,0,,,,,,,C:\Windows\WinSxS\amd64_microsoft-windows-sechealthui.appxmain_31bf3856ad364e35_10.0.20348.502_none_9baff88d67ef2690\WindowsSecuritySplashScreen.scale-400.png,,,,,,,C:\Windows\WinSxS\amd64_microsoft-windows-sechealthui.appxmain_31bf3856ad364e35_10.0.20348.5386_none_5b6cd26a102fec0b\WindowsSecuritySplashScreen.scale-400.png,,,,,,,,,,,,,,,,,,,SCAFFOLD,0x3e7,DC$,S-1-5-18,,,,,,,,,00000000-0000-0000-0000-000000000000,,
2026-09-02T03:45:50.999344Z,4664,dc.scaffold.htb,Microsoft-Windows-Security-Auditing,Security,23333,0,,,,,,,C:\Windows\WinSxS\amd64_microsoft-windows-sechealthui.appxmain_31bf3856ad364e35_10.0.20348.502_none_9baff88d67ef2690\WindowsSecuritySplashScreen.scale-100_contrast-black.png,,,,,,,C:\Windows\WinSxS\amd64_microsoft-windows-sechealthui.appxmain_31bf3856ad364e35_10.0.20348.5386_none_5b6cd26a102fec0b\WindowsSecuritySplashScreen.scale-100_contrast-black.png,,,,,,,,,,,,,,,,,,,SCAFFOLD,0x3e7,DC$,S-1-5-18,,,,,,,,,00000000-0000-0000-0000-000000000000,,
2026-09-02T03:45:51.000016Z,4664,dc.scaffold.htb,Microsoft-Windows-Security-Auditing,Security,23334,0,,,,,,,C:\Windows\WinSxS\amd64_microsoft-windows-sechealthui.appxmain_31bf3856ad364e35_10.0.20348.502_none_9baff88d67ef2690\WindowsSecuritySplashScreen.scale-125_contrast-black.png,,,,,,,C:\Windows\WinSxS\amd64_microsoft-windows-sechealthui.appxmain_31bf3856ad364e35_10.0.20348.5386_none_5b6cd26a102fec0b\WindowsSecuritySplashScreen.scale-125_contrast-black.png,,,,,,,,,,,,,,,,,,,SCAFFOLD,0x3e7,DC$,S-1-5-18,,,,,,,,,00000000-0000-0000-0000-000000000000,,
2026-09-02T03:45:51.000729Z,4664,dc.scaffold.htb,Microsoft-Windows-Security-Auditing,Security,23335,0,,,,,,,C:\Windows\WinSxS\amd64_microsoft-windows-sechealthui.appxmain_31bf3856ad364e35_10.0.20348.502_none_9baff88d67ef2690\WindowsSecuritySplashScreen.scale-150_contrast-black.png,,,,,,,C:\Windows\WinSxS\amd64_microsoft-windows-sechealthui.appxmain_31bf3856ad364e35_10.0.20348.5386_none_5b6cd26a102fec0b\WindowsSecuritySplashScreen.scale-150_contrast-black.png,,,,,,,,,,,,,,,,,,,SCAFFOLD,0x3e7,DC$,S-1-5-18,,,,,,,,,00000000-0000-0000-0000-000000000000,,
2026-09-02T03:45:51.001405Z,4664,dc.scaffold.htb,Microsoft-Windows-Security-Auditing,Security,23336,0,,,,,,,C:\Windows\WinSxS\amd64_microsoft-windows-sechealthui.appxmain_31bf3856ad364e35_10.0.20348.502_none_9baff88d67ef2690\WindowsSecuritySplashScreen.scale-200_contrast-black.png,,,,,,,C:\Windows\WinSxS\amd64_microsoft-windows-sechealthui.appxmain_31bf3856ad364e35_10.0.20348.5386_none_5b6cd26a102fec0b\WindowsSecuritySplashScreen.scale-200_contrast-black.png,,,,,,,,,,,,,,,,,,,SCAFFOLD,0x3e7,DC$,S-1-5-18,,,,,,,,,00000000-0000-0000-0000-000000000000,,
2026-09-02T03:45:51.002109Z,4664,dc.scaffold.htb,Microsoft-Windows-Security-Auditing,Security,23337,0,,,,,,,C:\Windows\WinSxS\amd64_microsoft-windows-sechealthui.appxmain_31bf3856ad364e35_10.0.20348.502_none_9baff88d67ef2690\WindowsSecuritySplashScreen.scale-400_contrast-black.png,,,,,,,C:\Windows\WinSxS\amd64_microsoft-windows-sechealthui.appxmain_31bf3856ad364e35_10.0.20348.5386_none_5b6cd26a102fec0b\WindowsSecuritySplashScreen.scale-400_contrast-black.png,,,,,,,,,,,,,,,,,,,SCAFFOLD,0x3e7,DC$,S-1-5-18,,,,,,,,,00000000-0000-0000-0000-000000000000,,
2026-09-02T03:45:51.002795Z,4664,dc.scaffold.htb,Microsoft-Windows-Security-Auditing,Security,23338,0,,,,,,,C:\Windows\WinSxS\amd64_microsoft-windows-sechealthui.appxmain_31bf3856ad364e35_10.0.20348.502_none_9baff88d67ef2690\WindowsSecuritySplashScreen.scale-100_contrast-white.png,,,,,,,C:\Windows\WinSxS\amd64_microsoft-windows-sechealthui.appxmain_31bf3856ad364e35_10.0.20348.5386_none_5b6cd26a102fec0b\WindowsSecuritySplashScreen.scale-100_contrast-white.png,,,,,,,,,,,,,,,,,,,SCAFFOLD,0x3e7,DC$,S-1-5-18,,,,,,,,,00000000-0000-0000-0000-000000000000,,
2026-09-02T03:45:51.003739Z,4664,dc.scaffold.htb,Microsoft-Windows-Security-Auditing,Security,23339,0,,,,,,,C:\Windows\WinSxS\amd64_microsoft-windows-sechealthui.appxmain_31bf3856ad364e35_10.0.20348.502_none_9baff88d67ef2690\WindowsSecuritySplashScreen.scale-125_contrast-white.png,,,,,,,C:\Windows\WinSxS\amd64_microsoft-windows-sechealthui.appxmain_31bf3856ad364e35_10.0.20348.5386_none_5b6cd26a102fec0b\WindowsSecuritySplashScreen.scale-125_contrast-white.png,,,,,,,,,,,,,,,,,,,SCAFFOLD,0x3e7,DC$,S-1-5-18,,,,,,,,,00000000-0000-0000-0000-000000000000,,
2026-09-02T03:45:51.004410Z,4664,dc.scaffold.htb,Microsoft-Windows-Security-Auditing,Security,23340,0,,,,,,,C:\Windows\WinSxS\amd64_microsoft-windows-sechealthui.appxmain_31bf3856ad364e35_10.0.20348.502_none_9baff88d67ef2690\WindowsSecuritySplashScreen.scale-150_contrast-white.png,,,,,,,C:\Windows\WinSxS\amd64_microsoft-windows-sechealthui.appxmain_31bf3856ad364e35_10.0.20348.5386_none_5b6cd26a102fec0b\WindowsSecuritySplashScreen.scale-150_contrast-white.png,,,,,,,,,,,,,,,,,,,SCAFFOLD,0x3e7,DC$,S-1-5-18,,,,,,,,,00000000-0000-0000-0000-000000000000,,
2026-09-02T03:45:51.005081Z,4664,dc.scaffold.htb,Microsoft-Windows-Security-Auditing,Security,23341,0,,,,,,,C:\Windows\WinSxS\amd64_microsoft-windows-sechealthui.appxmain_31bf3856ad364e35_10.0.20348.502_none_9baff88d67ef2690\WindowsSecuritySplashScreen.scale-200_contrast-white.png,,,,,,,C:\Windows\WinSxS\amd64_microsoft-windows-sechealthui.appxmain_31bf3856ad364e35_10.0.20348.5386_none_5b6cd26a102fec0b\WindowsSecuritySplashScreen.scale-200_contrast-white.png,,,,,,,,,,,,,,,,,,,SCAFFOLD,0x3e7,DC$,S-1-5-18,,,,,,,,,00000000-0000-0000-0000-000000000000,,
2026-09-02T03:45:51.005749Z,4664,dc.scaffold.htb,Microsoft-Windows-Security-Auditing,Security,23342,0,,,,,,,C:\Windows\WinSxS\amd64_microsoft-windows-sechealthui.appxmain_31bf3856ad364e35_10.0.20348.502_none_9baff88d67ef2690\WindowsSecuritySplashScreen.scale-400_contrast-white.png,,,,,,,C:\Windows\WinSxS\amd64_microsoft-windows-sechealthui.appxmain_31bf3856ad364e35_10.0.20348.5386_none_5b6cd26a102fec0b\WindowsSecuritySplashScreen.scale-400_contrast-white.png,,,,,,,,,,,,,,,,,,,SCAFFOLD,0x3e7,DC$,S-1-5-18,,,,,,,,,00000000-0000-0000-0000-000000000000,,
2026-09-02T03:45:51.006459Z,4664,dc.scaffold.htb,Microsoft-Windows-Security-Auditing,Security,23343,0,,,,,,,C:\Windows\WinSxS\amd64_microsoft-windows-sechealthui.appxmain_31bf3856ad364e35_10.0.20348.502_none_9baff88d67ef2690\WindowsSecurityAppList.targetsize-48.png,,,,,,,C:\Windows\WinSxS\amd64_microsoft-windows-sechealthui.appxmain_31bf3856ad364e35_10.0.20348.5386_none_5b6cd26a102fec0b\WindowsSecurityAppList.targetsize-48.png,,,,,,,,,,,,,,,,,,,SCAFFOLD,0x3e7,DC$,S-1-5-18,,,,,,,,,00000000-0000-0000-0000-000000000000,,
2026-09-02T03:45:51.007186Z,4664,dc.scaffold.htb,Microsoft-Windows-Security-Auditing,Security,23344,0,,,,,,,C:\Windows\WinSxS\amd64_microsoft-windows-sechealthui.appxmain_31bf3856ad364e35_10.0.20348.502_none_9baff88d67ef2690\WindowsSecurityAppList.targetsize-48_altform-lightunplated.png,,,,,,,C:\Windows\WinSxS\amd64_microsoft-windows-sechealthui.appxmain_31bf3856ad364e35_10.0.20348.5386_none_5b6cd26a102fec0b\WindowsSecurityAppList.targetsize-48_altform-lightunplated.png,,,,,,,,,,,,,,,,,,,SCAFFOLD,0x3e7,DC$,S-1-5-18,,,,,,,,,00000000-0000-0000-0000-000000000000,,
2026-09-02T03:45:51.007841Z,4664,dc.scaffold.htb,Microsoft-Windows-Security-Auditing,Security,23345,0,,,,,,,C:\Windows\WinSxS\amd64_microsoft-windows-sechealthui.appxmain_31bf3856ad364e35_10.0.20348.502_none_9baff88d67ef2690\WindowsSecurityAppList.targetsize-48_altform-unplated.png,,,,,,,C:\Windows\WinSxS\amd64_microsoft-windows-sechealthui.appxmain_31bf3856ad364e35_10.0.20348.5386_none_5b6cd26a102fec0b\WindowsSecurityAppList.targetsize-48_altform-unplated.png,,,,,,,,,,,,,,,,,,,SCAFFOLD,0x3e7,DC$,S-1-5-18,,,,,,,,,00000000-0000-0000-0000-000000000000,,
2026-09-02T03:45:51.008704Z,4664,dc.scaffold.htb,Microsoft-Windows-Security-Auditing,Security,23346,0,,,,,,,C:\Windows\WinSxS\amd64_microsoft-windows-sechealthui.appxmain_31bf3856ad364e35_10.0.20348.502_none_9baff88d67ef2690\WindowsSecurityAppList.targetsize-96.png,,,,,,,C:\Windows\WinSxS\amd64_microsoft-windows-sechealthui.appxmain_31bf3856ad364e35_10.0.20348.5386_none_5b6cd26a102fec0b\WindowsSecurityAppList.targetsize-96.png,,,,,,,,,,,,,,,,,,,SCAFFOLD,0x3e7,DC$,S-1-5-18,,,,,,,,,00000000-0000-0000-0000-000000000000,,
2026-09-02T03:45:51.009418Z,4664,dc.scaffold.htb,Microsoft-Windows-Security-Auditing,Security,23347,0,,,,,,,C:\Windows\WinSxS\amd64_microsoft-windows-sechealthui.appxmain_31bf3856ad364e35_10.0.20348.502_none_9baff88d67ef2690\WindowsSecurityAppList.targetsize-96_altform-lightunplated.png,,,,,,,C:\Windows\WinSxS\amd64_microsoft-windows-sechealthui.appxmain_31bf3856ad364e35_10.0.20348.5386_none_5b6cd26a102fec0b\WindowsSecurityAppList.targetsize-96_altform-lightunplated.png,,,,,,,,,,,,,,,,,,,SCAFFOLD,0x3e7,DC$,S-1-5-18,,,,,,,,,00000000-0000-0000-0000-000000000000,,
2026-09-02T03:45:51.010086Z,4664,dc.scaffold.htb,Microsoft-Windows-Security-Auditing,Security,23348,0,,,,,,,C:\Windows\WinSxS\amd64_microsoft-windows-sechealthui.appxmain_31bf3856ad364e35_10.0.20348.502_none_9baff88d67ef2690\WindowsSecurityAppList.targetsize-96_altform-unplated.png,,,,,,,C:\Windows\WinSxS\amd64_microsoft-windows-sechealthui.appxmain_31bf3856ad364e35_10.0.20348.5386_none_5b6cd26a102fec0b\WindowsSecurityAppList.targetsize-96_altform-unplated.png,,,,,,,,,,,,,,,,,,,SCAFFOLD,0x3e7,DC$,S-1-5-18,,,,,,,,,00000000-0000-0000-0000-000000000000,,
2026-09-02T03:45:51.010698Z,4664,dc.scaffold.htb,Microsoft-Windows-Security-Auditing,Security,23349,0,,,,,,,C:\Windows\WinSxS\amd64_microsoft-windows-sechealthui.appxmain_31bf3856ad364e35_10.0.20348.502_none_9baff88d67ef2690\WindowsSecurityAppList.targetsize-256.png,,,,,,,C:\Windows\WinSxS\amd64_microsoft-windows-sechealthui.appxmain_31bf3856ad364e35_10.0.20348.5386_none_5b6cd26a102fec0b\WindowsSecurityAppList.targetsize-256.png,,,,,,,,,,,,,,,,,,,SCAFFOLD,0x3e7,DC$,S-1-5-18,,,,,,,,,00000000-0000-0000-0000-000000000000,,
2026-09-02T03:45:51.011308Z,4664,dc.scaffold.htb,Microsoft-Windows-Security-Auditing,Security,23350,0,,,,,,,C:\Windows\WinSxS\amd64_microsoft-windows-sechealthui.appxmain_31bf3856ad364e35_10.0.20348.502_none_9baff88d67ef2690\WindowsSecurityAppList.targetsize-256_altform-lightunplated.png,,,,,,,C:\Windows\WinSxS\amd64_microsoft-windows-sechealthui.appxmain_31bf3856ad364e35_10.0.20348.5386_none_5b6cd26a102fec0b\WindowsSecurityAppList.targetsize-256_altform-lightunplated.png,,,,,,,,,,,,,,,,,,,SCAFFOLD,0x3e7,DC$,S-1-5-18,,,,,,,,,00000000-0000-0000-0000-000000000000,,
2026-09-02T03:45:51.011842Z,4664,dc.scaffold.htb,Microsoft-Windows-Security-Auditing,Security,23351,0,,,,,,,C:\Windows\WinSxS\amd64_microsoft-windows-sechealthui.appxmain_31bf3856ad364e35_10.0.20348.502_none_9baff88d67ef2690\WindowsSecurityAppList.targetsize-256_altform-unplated.png,,,,,,,C:\Windows\WinSxS\amd64_microsoft-windows-sechealthui.appxmain_31bf3856ad364e35_10.0.20348.5386_none_5b6cd26a102fec0b\WindowsSecurityAppList.targetsize-256_altform-unplated.png,,,,,,,,,,,,,,,,,,,SCAFFOLD,0x3e7,DC$,S-1-5-18,,,,,,,,,00000000-0000-0000-0000-000000000000,,
2026-09-02T03:45:51.012378Z,4664,dc.scaffold.htb,Microsoft-Windows-Security-Auditing,Security,23352,0,,,,,,,C:\Windows\WinSxS\amd64_microsoft-windows-sechealthui.appxmain_31bf3856ad364e35_10.0.20348.502_none_9baff88d67ef2690\WindowsSecurityAppList.targetsize-48_contrast-black.png,,,,,,,C:\Windows\WinSxS\amd64_microsoft-windows-sechealthui.appxmain_31bf3856ad364e35_10.0.20348.5386_none_5b6cd26a102fec0b\WindowsSecurityAppList.targetsize-48_contrast-black.png,,,,,,,,,,,,,,,,,,,SCAFFOLD,0x3e7,DC$,S-1-5-18,,,,,,,,,00000000-0000-0000-0000-000000000000,,
2026-09-02T03:45:51.013176Z,4664,dc.scaffold.htb,Microsoft-Windows-Security-Auditing,Security,23353,0,,,,,,,C:\Windows\WinSxS\amd64_microsoft-windows-sechealthui.appxmain_31bf3856ad364e35_10.0.20348.502_none_9baff88d67ef2690\WindowsSecurityAppList.targetsize-48_altform-unplated_contrast-black.png,,,,,,,C:\Windows\WinSxS\amd64_microsoft-windows-sechealthui.appxmain_31bf3856ad364e35_10.0.20348.5386_none_5b6cd26a102fec0b\WindowsSecurityAppList.targetsize-48_altform-unplated_contrast-black.png,,,,,,,,,,,,,,,,,,,SCAFFOLD,0x3e7,DC$,S-1-5-18,,,,,,,,,00000000-0000-0000-0000-000000000000,,
2026-09-02T03:45:51.013834Z,4664,dc.scaffold.htb,Microsoft-Windows-Security-Auditing,Security,23354,0,,,,,,,C:\Windows\WinSxS\amd64_microsoft-windows-sechealthui.appxmain_31bf3856ad364e35_10.0.20348.502_none_9baff88d67ef2690\WindowsSecurityAppList.targetsize-48_altform-lightunplated_contrast-black.png,,,,,,,C:\Windows\WinSxS\amd64_microsoft-windows-sechealthui.appxmain_31bf3856ad364e35_10.0.20348.5386_none_5b6cd26a102fec0b\WindowsSecurityAppList.targetsize-48_altform-lightunplated_contrast-black.png,,,,,,,,,,,,,,,,,,,SCAFFOLD,0x3e7,DC$,S-1-5-18,,,,,,,,,00000000-0000-0000-0000-000000000000,,
2026-09-02T03:45:51.014373Z,4664,dc.scaffold.htb,Microsoft-Windows-Security-Auditing,Security,23355,0,,,,,,,C:\Windows\WinSxS\amd64_microsoft-windows-sechealthui.appxmain_31bf3856ad364e35_10.0.20348.502_none_9baff88d67ef2690\WindowsSecurityAppList.targetsize-96_contrast-black.png,,,,,,,C:\Windows\WinSxS\amd64_microsoft-windows-sechealthui.appxmain_31bf3856ad364e35_10.0.20348.5386_none_5b6cd26a102fec0b\WindowsSecurityAppList.targetsize-96_contrast-black.png,,,,,,,,,,,,,,,,,,,SCAFFOLD,0x3e7,DC$,S-1-5-18,,,,,,,,,00000000-0000-0000-0000-000000000000,,
2026-09-02T03:45:51.014930Z,4664,dc.scaffold.htb,Microsoft-Windows-Security-Auditing,Security,23356,0,,,,,,,C:\Windows\WinSxS\amd64_microsoft-windows-sechealthui.appxmain_31bf3856ad364e35_10.0.20348.502_none_9baff88d67ef2690\WindowsSecurityAppList.targetsize-96_altform-unplated_contrast-black.png,,,,,,,C:\Windows\WinSxS\amd64_microsoft-windows-sechealthui.appxmain_31bf3856ad364e35_10.0.20348.5386_none_5b6cd26a102fec0b\WindowsSecurityAppList.targetsize-96_altform-unplated_contrast-black.png,,,,,,,,,,,,,,,,,,,SCAFFOLD,0x3e7,DC$,S-1-5-18,,,,,,,,,00000000-0000-0000-0000-000000000000,,
2026-09-02T03:45:51.015486Z,4664,dc.scaffold.htb,Microsoft-Windows-Security-Auditing,Security,23357,0,,,,,,,C:\Windows\WinSxS\amd64_microsoft-windows-sechealthui.appxmain_31bf3856ad364e35_10.0.20348.502_none_9baff88d67ef2690\WindowsSecurityAppList.targetsize-96_altform-lightunplated_contrast-black.png,,,,,,,C:\Windows\WinSxS\amd64_microsoft-windows-sechealthui.appxmain_31bf3856ad364e35_10.0.20348.5386_none_5b6cd26a102fec0b\WindowsSecurityAppList.targetsize-96_altform-lightunplated_contrast-black.png,,,,,,,,,,,,,,,,,,,SCAFFOLD,0x3e7,DC$,S-1-5-18,,,,,,,,,00000000-0000-0000-0000-000000000000,,
2026-09-02T03:45:51.016039Z,4664,dc.scaffold.htb,Microsoft-Windows-Security-Auditing,Security,23358,0,,,,,,,C:\Windows\WinSxS\amd64_microsoft-windows-sechealthui.appxmain_31bf3856ad364e35_10.0.20348.502_none_9baff88d67ef2690\WindowsSecurityAppList.targetsize-256_contrast-black.png,,,,,,,C:\Windows\WinSxS\amd64_microsoft-windows-sechealthui.appxmain_31bf3856ad364e35_10.0.20348.5386_none_5b6cd26a102fec0b\WindowsSecurityAppList.targetsize-256_contrast-black.png,,,,,,,,,,,,,,,,,,,SCAFFOLD,0x3e7,DC$,S-1-5-18,,,,,,,,,00000000-0000-0000-0000-000000000000,,
2026-09-02T03:45:51.016642Z,4664,dc.scaffold.htb,Microsoft-Windows-Security-Auditing,Security,23359,0,,,,,,,C:\Windows\WinSxS\amd64_microsoft-windows-sechealthui.appxmain_31bf3856ad364e35_10.0.20348.502_none_9baff88d67ef2690\WindowsSecurityAppList.targetsize-256_altform-unplated_contrast-black.png,,,,,,,C:\Windows\WinSxS\amd64_microsoft-windows-sechealthui.appxmain_31bf3856ad364e35_10.0.20348.5386_none_5b6cd26a102fec0b\WindowsSecurityAppList.targetsize-256_altform-unplated_contrast-black.png,,,,,,,,,,,,,,,,,,,SCAFFOLD,0x3e7,DC$,S-1-5-18,,,,,,,,,00000000-0000-0000-0000-000000000000,,
2026-09-02T03:45:51.017240Z,4664,dc.scaffold.htb,Microsoft-Windows-Security-Auditing,Security,23360,0,,,,,,,C:\Windows\WinSxS\amd64_microsoft-windows-sechealthui.appxmain_31bf3856ad364e35_10.0.20348.502_none_9baff88d67ef2690\WindowsSecurityAppList.targetsize-256_altform-lightunplated_contrast-black.png,,,,,,,C:\Windows\WinSxS\amd64_microsoft-windows-sechealthui.appxmain_31bf3856ad364e35_10.0.20348.5386_none_5b6cd26a102fec0b\WindowsSecurityAppList.targetsize-256_altform-lightunplated_contrast-black.png,,,,,,,,,,,,,,,,,,,SCAFFOLD,0x3e7,DC$,S-1-5-18,,,,,,,,,00000000-0000-0000-0000-000000000000,,
2026-09-02T03:45:51.017766Z,4664,dc.scaffold.htb,Microsoft-Windows-Security-Auditing,Security,23361,0,,,,,,,C:\Windows\WinSxS\amd64_microsoft-windows-sechealthui.appxmain_31bf3856ad364e35_10.0.20348.502_none_9baff88d67ef2690\WindowsSecurityAppList.targetsize-48_contrast-white.png,,,,,,,C:\Windows\WinSxS\amd64_microsoft-windows-sechealthui.appxmain_31bf3856ad364e35_10.0.20348.5386_none_5b6cd26a102fec0b\WindowsSecurityAppList.targetsize-48_contrast-white.png,,,,,,,,,,,,,,,,,,,SCAFFOLD,0x3e7,DC$,S-1-5-18,,,,,,,,,00000000-0000-0000-0000-000000000000,,
2026-09-02T03:45:51.018351Z,4664,dc.scaffold.htb,Microsoft-Windows-Security-Auditing,Security,23362,0,,,,,,,C:\Windows\WinSxS\amd64_microsoft-windows-sechealthui.appxmain_31bf3856ad364e35_10.0.20348.502_none_9baff88d67ef2690\WindowsSecurityAppList.targetsize-48_altform-unplated_contrast-white.png,,,,,,,C:\Windows\WinSxS\amd64_microsoft-windows-sechealthui.appxmain_31bf3856ad364e35_10.0.20348.5386_none_5b6cd26a102fec0b\WindowsSecurityAppList.targetsize-48_altform-unplated_contrast-white.png,,,,,,,,,,,,,,,,,,,SCAFFOLD,0x3e7,DC$,S-1-5-18,,,,,,,,,00000000-0000-0000-0000-000000000000,,
2026-09-02T03:45:51.018922Z,4664,dc.scaffold.htb,Microsoft-Windows-Security-Auditing,Security,23363,0,,,,,,,C:\Windows\WinSxS\amd64_microsoft-windows-sechealthui.appxmain_31bf3856ad364e35_10.0.20348.502_none_9baff88d67ef2690\WindowsSecurityAppList.targetsize-48_altform-lightunplated_contrast-white.png,,,,,,,C:\Windows\WinSxS\amd64_microsoft-windows-sechealthui.appxmain_31bf3856ad364e35_10.0.20348.5386_none_5b6cd26a102fec0b\WindowsSecurityAppList.targetsize-48_altform-lightunplated_contrast-white.png,,,,,,,,,,,,,,,,,,,SCAFFOLD,0x3e7,DC$,S-1-5-18,,,,,,,,,00000000-0000-0000-0000-000000000000,,
2026-09-02T03:45:51.019476Z,4664,dc.scaffold.htb,Microsoft-Windows-Security-Auditing,Security,23364,0,,,,,,,C:\Windows\WinSxS\amd64_microsoft-windows-sechealthui.appxmain_31bf3856ad364e35_10.0.20348.502_none_9baff88d67ef2690\WindowsSecurityAppList.targetsize-96_contrast-white.png,,,,,,,C:\Windows\WinSxS\amd64_microsoft-windows-sechealthui.appxmain_31bf3856ad364e35_10.0.20348.5386_none_5b6cd26a102fec0b\WindowsSecurityAppList.targetsize-96_contrast-white.png,,,,,,,,,,,,,,,,,,,SCAFFOLD,0x3e7,DC$,S-1-5-18,,,,,,,,,00000000-0000-0000-0000-000000000000,,
2026-09-02T03:45:51.020062Z,4664,dc.scaffold.htb,Microsoft-Windows-Security-Auditing,Security,23365,0,,,,,,,C:\Windows\WinSxS\amd64_microsoft-windows-sechealthui.appxmain_31bf3856ad364e35_10.0.20348.502_none_9baff88d67ef2690\WindowsSecurityAppList.targetsize-96_altform-unplated_contrast-white.png,,,,,,,C:\Windows\WinSxS\amd64_microsoft-windows-sechealthui.appxmain_31bf3856ad364e35_10.0.20348.5386_none_5b6cd26a102fec0b\WindowsSecurityAppList.targetsize-96_altform-unplated_contrast-white.png,,,,,,,,,,,,,,,,,,,SCAFFOLD,0x3e7,DC$,S-1-5-18,,,,,,,,,00000000-0000-0000-0000-000000000000,,
2026-09-02T03:45:51.023115Z,4664,dc.scaffold.htb,Microsoft-Windows-Security-Auditing,Security,23366,0,,,,,,,C:\Windows\WinSxS\amd64_microsoft-windows-sechealthui.appxmain_31bf3856ad364e35_10.0.20348.502_none_9baff88d67ef2690\WindowsSecurityAppList.targetsize-96_altform-lightunplated_contrast-white.png,,,,,,,C:\Windows\WinSxS\amd64_microsoft-windows-sechealthui.appxmain_31bf3856ad364e35_10.0.20348.5386_none_5b6cd26a102fec0b\WindowsSecurityAppList.targetsize-96_altform-lightunplated_contrast-white.png,,,,,,,,,,,,,,,,,,,SCAFFOLD,0x3e7,DC$,S-1-5-18,,,,,,,,,00000000-0000-0000-0000-000000000000,,
2026-09-02T03:45:51.023731Z,4664,dc.scaffold.htb,Microsoft-Windows-Security-Auditing,Security,23367,0,,,,,,,C:\Windows\WinSxS\amd64_microsoft-windows-sechealthui.appxmain_31bf3856ad364e35_10.0.20348.502_none_9baff88d67ef2690\WindowsSecurityAppList.targetsize-256_contrast-white.png,,,,,,,C:\Windows\WinSxS\amd64_microsoft-windows-sechealthui.appxmain_31bf3856ad364e35_10.0.20348.5386_none_5b6cd26a102fec0b\WindowsSecurityAppList.targetsize-256_contrast-white.png,,,,,,,,,,,,,,,,,,,SCAFFOLD,0x3e7,DC$,S-1-5-18,,,,,,,,,00000000-0000-0000-0000-000000000000,,
2026-09-02T03:45:51.024299Z,4664,dc.scaffold.htb,Microsoft-Windows-Security-Auditing,Security,23368,0,,,,,,,C:\Windows\WinSxS\amd64_microsoft-windows-sechealthui.appxmain_31bf3856ad364e35_10.0.20348.502_none_9baff88d67ef2690\WindowsSecurityAppList.targetsize-256_altform-unplated_contrast-white.png,,,,,,,C:\Windows\WinSxS\amd64_microsoft-windows-sechealthui.appxmain_31bf3856ad364e35_10.0.20348.5386_none_5b6cd26a102fec0b\WindowsSecurityAppList.targetsize-256_altform-unplated_contrast-white.png,,,,,,,,,,,,,,,,,,,SCAFFOLD,0x3e7,DC$,S-1-5-18,,,,,,,,,00000000-0000-0000-0000-000000000000,,
2026-09-02T03:45:51.024886Z,4664,dc.scaffold.htb,Microsoft-Windows-Security-Auditing,Security,23369,0,,,,,,,C:\Windows\WinSxS\amd64_microsoft-windows-sechealthui.appxmain_31bf3856ad364e35_10.0.20348.502_none_9baff88d67ef2690\WindowsSecurityAppList.targetsize-256_altform-lightunplated_contrast-white.png,,,,,,,C:\Windows\WinSxS\amd64_microsoft-windows-sechealthui.appxmain_31bf3856ad364e35_10.0.20348.5386_none_5b6cd26a102fec0b\WindowsSecurityAppList.targetsize-256_altform-lightunplated_contrast-white.png,,,,,,,,,,,,,,,,,,,SCAFFOLD,0x3e7,DC$,S-1-5-18,,,,,,,,,00000000-0000-0000-0000-000000000000,,
2026-09-02T03:45:51.025425Z,4664,dc.scaffold.htb,Microsoft-Windows-Security-Auditing,Security,23370,0,,,,,,,C:\Windows\WinSxS\amd64_microsoft-windows-sechealthui.appxmain_31bf3856ad364e35_10.0.20348.502_none_9baff88d67ef2690\squaretile-sdk.png,,,,,,,C:\Windows\WinSxS\amd64_microsoft-windows-sechealthui.appxmain_31bf3856ad364e35_10.0.20348.5386_none_5b6cd26a102fec0b\squaretile-sdk.png,,,,,,,,,,,,,,,,,,,SCAFFOLD,0x3e7,DC$,S-1-5-18,,,,,,,,,00000000-0000-0000-0000-000000000000,,
2026-09-02T03:45:51.025991Z,4664,dc.scaffold.htb,Microsoft-Windows-Security-Auditing,Security,23371,0,,,,,,,C:\Windows\WinSxS\amd64_microsoft-windows-sechealthui.appxmain_31bf3856ad364e35_10.0.20348.502_none_9baff88d67ef2690\WindowsSecurityWideTile.scale-100.png,,,,,,,C:\Windows\WinSxS\amd64_microsoft-windows-sechealthui.appxmain_31bf3856ad364e35_10.0.20348.5386_none_5b6cd26a102fec0b\WindowsSecurityWideTile.scale-100.png,,,,,,,,,,,,,,,,,,,SCAFFOLD,0x3e7,DC$,S-1-5-18,,,,,,,,,00000000-0000-0000-0000-000000000000,,
2026-09-02T03:45:51.026528Z,4664,dc.scaffold.htb,Microsoft-Windows-Security-Auditing,Security,23372,0,,,,,,,C:\Windows\WinSxS\amd64_microsoft-windows-sechealthui.appxmain_31bf3856ad364e35_10.0.20348.502_none_9baff88d67ef2690\WindowsSecurityWideTile.scale-100_contrast-black.png,,,,,,,C:\Windows\WinSxS\amd64_microsoft-windows-sechealthui.appxmain_31bf3856ad364e35_10.0.20348.5386_none_5b6cd26a102fec0b\WindowsSecurityWideTile.scale-100_contrast-black.png,,,,,,,,,,,,,,,,,,,SCAFFOLD,0x3e7,DC$,S-1-5-18,,,,,,,,,00000000-0000-0000-0000-000000000000,,
2026-09-02T03:45:51.027210Z,4664,dc.scaffold.htb,Microsoft-Windows-Security-Auditing,Security,23373,0,,,,,,,C:\Windows\WinSxS\amd64_microsoft-windows-sechealthui.appxmain_31bf3856ad364e35_10.0.20348.502_none_9baff88d67ef2690\WindowsSecurityWideTile.scale-100_contrast-white.png,,,,,,,C:\Windows\WinSxS\amd64_microsoft-windows-sechealthui.appxmain_31bf3856ad364e35_10.0.20348.5386_none_5b6cd26a102fec0b\WindowsSecurityWideTile.scale-100_contrast-white.png,,,,,,,,,,,,,,,,,,,SCAFFOLD,0x3e7,DC$,S-1-5-18,,,,,,,,,00000000-0000-0000-0000-000000000000,,
2026-09-02T03:45:51.027952Z,4664,dc.scaffold.htb,Microsoft-Windows-Security-Auditing,Security,23374,0,,,,,,,C:\Windows\WinSxS\amd64_microsoft-windows-sechealthui.appxmain_31bf3856ad364e35_10.0.20348.502_none_9baff88d67ef2690\WindowsSecurityWideTile.scale-125.png,,,,,,,C:\Windows\WinSxS\amd64_microsoft-windows-sechealthui.appxmain_31bf3856ad364e35_10.0.20348.5386_none_5b6cd26a102fec0b\WindowsSecurityWideTile.scale-125.png,,,,,,,,,,,,,,,,,,,SCAFFOLD,0x3e7,DC$,S-1-5-18,,,,,,,,,00000000-0000-0000-0000-000000000000,,
2026-09-02T03:45:51.028490Z,4664,dc.scaffold.htb,Microsoft-Windows-Security-Auditing,Security,23375,0,,,,,,,C:\Windows\WinSxS\amd64_microsoft-windows-sechealthui.appxmain_31bf3856ad364e35_10.0.20348.502_none_9baff88d67ef2690\WindowsSecurityWideTile.scale-125_contrast-black.png,,,,,,,C:\Windows\WinSxS\amd64_microsoft-windows-sechealthui.appxmain_31bf3856ad364e35_10.0.20348.5386_none_5b6cd26a102fec0b\WindowsSecurityWideTile.scale-125_contrast-black.png,,,,,,,,,,,,,,,,,,,SCAFFOLD,0x3e7,DC$,S-1-5-18,,,,,,,,,00000000-0000-0000-0000-000000000000,,
2026-09-02T03:45:51.029096Z,4664,dc.scaffold.htb,Microsoft-Windows-Security-Auditing,Security,23376,0,,,,,,,C:\Windows\WinSxS\amd64_microsoft-windows-sechealthui.appxmain_31bf3856ad364e35_10.0.20348.502_none_9baff88d67ef2690\WindowsSecurityWideTile.scale-125_contrast-white.png,,,,,,,C:\Windows\WinSxS\amd64_microsoft-windows-sechealthui.appxmain_31bf3856ad364e35_10.0.20348.5386_none_5b6cd26a102fec0b\WindowsSecurityWideTile.scale-125_contrast-white.png,,,,,,,,,,,,,,,,,,,SCAFFOLD,0x3e7,DC$,S-1-5-18,,,,,,,,,00000000-0000-0000-0000-000000000000,,
2026-09-02T03:45:51.029640Z,4664,dc.scaffold.htb,Microsoft-Windows-Security-Auditing,Security,23377,0,,,,,,,C:\Windows\WinSxS\amd64_microsoft-windows-sechealthui.appxmain_31bf3856ad364e35_10.0.20348.502_none_9baff88d67ef2690\WindowsSecurityWideTile.scale-150.png,,,,,,,C:\Windows\WinSxS\amd64_microsoft-windows-sechealthui.appxmain_31bf3856ad364e35_10.0.20348.5386_none_5b6cd26a102fec0b\WindowsSecurityWideTile.scale-150.png,,,,,,,,,,,,,,,,,,,SCAFFOLD,0x3e7,DC$,S-1-5-18,,,,,,,,,00000000-0000-0000-0000-000000000000,,
2026-09-02T03:45:51.030193Z,4664,dc.scaffold.htb,Microsoft-Windows-Security-Auditing,Security,23378,0,,,,,,,C:\Windows\WinSxS\amd64_microsoft-windows-sechealthui.appxmain_31bf3856ad364e35_10.0.20348.502_none_9baff88d67ef2690\WindowsSecurityWideTile.scale-150_contrast-black.png,,,,,,,C:\Windows\WinSxS\amd64_microsoft-windows-sechealthui.appxmain_31bf3856ad364e35_10.0.20348.5386_none_5b6cd26a102fec0b\WindowsSecurityWideTile.scale-150_contrast-black.png,,,,,,,,,,,,,,,,,,,SCAFFOLD,0x3e7,DC$,S-1-5-18,,,,,,,,,00000000-0000-0000-0000-000000000000,,
2026-09-02T03:45:51.031120Z,4664,dc.scaffold.htb,Microsoft-Windows-Security-Auditing,Security,23379,0,,,,,,,C:\Windows\WinSxS\amd64_microsoft-windows-sechealthui.appxmain_31bf3856ad364e35_10.0.20348.502_none_9baff88d67ef2690\WindowsSecurityWideTile.scale-150_contrast-white.png,,,,,,,C:\Windows\WinSxS\amd64_microsoft-windows-sechealthui.appxmain_31bf3856ad364e35_10.0.20348.5386_none_5b6cd26a102fec0b\WindowsSecurityWideTile.scale-150_contrast-white.png,,,,,,,,,,,,,,,,,,,SCAFFOLD,0x3e7,DC$,S-1-5-18,,,,,,,,,00000000-0000-0000-0000-000000000000,,
2026-09-02T03:45:51.031674Z,4664,dc.scaffold.htb,Microsoft-Windows-Security-Auditing,Security,23380,0,,,,,,,C:\Windows\WinSxS\amd64_microsoft-windows-sechealthui.appxmain_31bf3856ad364e35_10.0.20348.502_none_9baff88d67ef2690\WindowsSecurityWideTile.scale-200.png,,,,,,,C:\Windows\WinSxS\amd64_microsoft-windows-sechealthui.appxmain_31bf3856ad364e35_10.0.20348.5386_none_5b6cd26a102fec0b\WindowsSecurityWideTile.scale-200.png,,,,,,,,,,,,,,,,,,,SCAFFOLD,0x3e7,DC$,S-1-5-18,,,,,,,,,00000000-0000-0000-0000-000000000000,,
2026-09-02T03:45:51.032202Z,4664,dc.scaffold.htb,Microsoft-Windows-Security-Auditing,Security,23381,0,,,,,,,C:\Windows\WinSxS\amd64_microsoft-windows-sechealthui.appxmain_31bf3856ad364e35_10.0.20348.502_none_9baff88d67ef2690\WindowsSecurityWideTile.scale-200_contrast-black.png,,,,,,,C:\Windows\WinSxS\amd64_microsoft-windows-sechealthui.appxmain_31bf3856ad364e35_10.0.20348.5386_none_5b6cd26a102fec0b\WindowsSecurityWideTile.scale-200_contrast-black.png,,,,,,,,,,,,,,,,,,,SCAFFOLD,0x3e7,DC$,S-1-5-18,,,,,,,,,00000000-0000-0000-0000-000000000000,,
2026-09-02T03:45:51.032768Z,4664,dc.scaffold.htb,Microsoft-Windows-Security-Auditing,Security,23382,0,,,,,,,C:\Windows\WinSxS\amd64_microsoft-windows-sechealthui.appxmain_31bf3856ad364e35_10.0.20348.502_none_9baff88d67ef2690\WindowsSecurityWideTile.scale-200_contrast-white.png,,,,,,,C:\Windows\WinSxS\amd64_microsoft-windows-sechealthui.appxmain_31bf3856ad364e35_10.0.20348.5386_none_5b6cd26a102fec0b\WindowsSecurityWideTile.scale-200_contrast-white.png,,,,,,,,,,,,,,,,,,,SCAFFOLD,0x3e7,DC$,S-1-5-18,,,,,,,,,00000000-0000-0000-0000-000000000000,,
2026-09-02T03:45:51.033312Z,4664,dc.scaffold.htb,Microsoft-Windows-Security-Auditing,Security,23383,0,,,,,,,C:\Windows\WinSxS\amd64_microsoft-windows-sechealthui.appxmain_31bf3856ad364e35_10.0.20348.502_none_9baff88d67ef2690\WindowsSecurityWideTile.scale-400.png,,,,,,,C:\Windows\WinSxS\amd64_microsoft-windows-sechealthui.appxmain_31bf3856ad364e35_10.0.20348.5386_none_5b6cd26a102fec0b\WindowsSecurityWideTile.scale-400.png,,,,,,,,,,,,,,,,,,,SCAFFOLD,0x3e7,DC$,S-1-5-18,,,,,,,,,00000000-0000-0000-0000-000000000000,,
2026-09-02T03:45:51.033845Z,4664,dc.scaffold.htb,Microsoft-Windows-Security-Auditing,Security,23384,0,,,,,,,C:\Windows\WinSxS\amd64_microsoft-windows-sechealthui.appxmain_31bf3856ad364e35_10.0.20348.502_none_9baff88d67ef2690\WindowsSecurityWideTile.scale-400_contrast-black.png,,,,,,,C:\Windows\WinSxS\amd64_microsoft-windows-sechealthui.appxmain_31bf3856ad364e35_10.0.20348.5386_none_5b6cd26a102fec0b\WindowsSecurityWideTile.scale-400_contrast-black.png,,,,,,,,,,,,,,,,,,,SCAFFOLD,0x3e7,DC$,S-1-5-18,,,,,,,,,00000000-0000-0000-0000-000000000000,,
2026-09-02T03:45:51.034388Z,4664,dc.scaffold.htb,Microsoft-Windows-Security-Auditing,Security,23385,0,,,,,,,C:\Windows\WinSxS\amd64_microsoft-windows-sechealthui.appxmain_31bf3856ad364e35_10.0.20348.502_none_9baff88d67ef2690\WindowsSecurityWideTile.scale-400_contrast-white.png,,,,,,,C:\Windows\WinSxS\amd64_microsoft-windows-sechealthui.appxmain_31bf3856ad364e35_10.0.20348.5386_none_5b6cd26a102fec0b\WindowsSecurityWideTile.scale-400_contrast-white.png,,,,,,,,,,,,,,,,,,,SCAFFOLD,0x3e7,DC$,S-1-5-18,,,,,,,,,00000000-0000-0000-0000-000000000000,,
2026-09-02T03:45:51.034944Z,4664,dc.scaffold.htb,Microsoft-Windows-Security-Auditing,Security,23386,0,,,,,,,C:\Windows\WinSxS\amd64_microsoft-windows-sechealthui.appxmain_31bf3856ad364e35_10.0.20348.502_none_9baff88d67ef2690\WDSC_Illustration_834x834.png,,,,,,,C:\Windows\WinSxS\amd64_microsoft-windows-sechealthui.appxmain_31bf3856ad364e35_10.0.20348.5386_none_5b6cd26a102fec0b\WDSC_Illustration_834x834.png,,,,,,,,,,,,,,,,,,,SCAFFOLD,0x3e7,DC$,S-1-5-18,,,,,,,,,00000000-0000-0000-0000-000000000000,,
2026-09-02T03:45:51.035483Z,4664,dc.scaffold.htb,Microsoft-Windows-Security-Auditing,Security,23387,0,,,,,,,C:\Windows\WinSxS\amd64_microsoft-windows-sechealthui.appxmain_31bf3856ad364e35_10.0.20348.502_none_9baff88d67ef2690\WindowsSecurityAppList.scale-100.png,,,,,,,C:\Windows\WinSxS\amd64_microsoft-windows-sechealthui.appxmain_31bf3856ad364e35_10.0.20348.5386_none_5b6cd26a102fec0b\WindowsSecurityAppList.scale-100.png,,,,,,,,,,,,,,,,,,,SCAFFOLD,0x3e7,DC$,S-1-5-18,,,,,,,,,00000000-0000-0000-0000-000000000000,,
2026-09-02T03:45:51.036069Z,4664,dc.scaffold.htb,Microsoft-Windows-Security-Auditing,Security,23388,0,,,,,,,C:\Windows\WinSxS\amd64_microsoft-windows-sechealthui.appxmain_31bf3856ad364e35_10.0.20348.502_none_9baff88d67ef2690\WindowsSecurityAppList.scale-125.png,,,,,,,C:\Windows\WinSxS\amd64_microsoft-windows-sechealthui.appxmain_31bf3856ad364e35_10.0.20348.5386_none_5b6cd26a102fec0b\WindowsSecurityAppList.scale-125.png,,,,,,,,,,,,,,,,,,,SCAFFOLD,0x3e7,DC$,S-1-5-18,,,,,,,,,00000000-0000-0000-0000-000000000000,,
2026-09-02T03:45:51.036870Z,4664,dc.scaffold.htb,Microsoft-Windows-Security-Auditing,Security,23389,0,,,,,,,C:\Windows\WinSxS\amd64_microsoft-windows-sechealthui.appxmain_31bf3856ad364e35_10.0.20348.502_none_9baff88d67ef2690\WindowsSecurityAppList.scale-150.png,,,,,,,C:\Windows\WinSxS\amd64_microsoft-windows-sechealthui.appxmain_31bf3856ad364e35_10.0.20348.5386_none_5b6cd26a102fec0b\WindowsSecurityAppList.scale-150.png,,,,,,,,,,,,,,,,,,,SCAFFOLD,0x3e7,DC$,S-1-5-18,,,,,,,,,00000000-0000-0000-0000-000000000000,,
2026-09-02T03:45:51.037401Z,4664,dc.scaffold.htb,Microsoft-Windows-Security-Auditing,Security,23390,0,,,,,,,C:\Windows\WinSxS\amd64_microsoft-windows-sechealthui.appxmain_31bf3856ad364e35_10.0.20348.502_none_9baff88d67ef2690\WindowsSecurityAppList.scale-200.png,,,,,,,C:\Windows\WinSxS\amd64_microsoft-windows-sechealthui.appxmain_31bf3856ad364e35_10.0.20348.5386_none_5b6cd26a102fec0b\WindowsSecurityAppList.scale-200.png,,,,,,,,,,,,,,,,,,,SCAFFOLD,0x3e7,DC$,S-1-5-18,,,,,,,,,00000000-0000-0000-0000-000000000000,,
2026-09-02T03:45:51.038123Z,4664,dc.scaffold.htb,Microsoft-Windows-Security-Auditing,Security,23391,0,,,,,,,C:\Windows\WinSxS\amd64_microsoft-windows-sechealthui.appxmain_31bf3856ad364e35_10.0.20348.502_none_9baff88d67ef2690\WindowsSecurityAppList.scale-400.png,,,,,,,C:\Windows\WinSxS\amd64_microsoft-windows-sechealthui.appxmain_31bf3856ad364e35_10.0.20348.5386_none_5b6cd26a102fec0b\WindowsSecurityAppList.scale-400.png,,,,,,,,,,,,,,,,,,,SCAFFOLD,0x3e7,DC$,S-1-5-18,,,,,,,,,00000000-0000-0000-0000-000000000000,,
2026-09-02T03:45:51.038717Z,4664,dc.scaffold.htb,Microsoft-Windows-Security-Auditing,Security,23392,0,,,,,,,C:\Windows\WinSxS\amd64_microsoft-windows-sechealthui.appxmain_31bf3856ad364e35_10.0.20348.502_none_9baff88d67ef2690\WindowsSecurityAppList.scale-100_contrast-black.png,,,,,,,C:\Windows\WinSxS\amd64_microsoft-windows-sechealthui.appxmain_31bf3856ad364e35_10.0.20348.5386_none_5b6cd26a102fec0b\WindowsSecurityAppList.scale-100_contrast-black.png,,,,,,,,,,,,,,,,,,,SCAFFOLD,0x3e7,DC$,S-1-5-18,,,,,,,,,00000000-0000-0000-0000-000000000000,,
2026-09-02T03:45:51.039322Z,4664,dc.scaffold.htb,Microsoft-Windows-Security-Auditing,Security,23393,0,,,,,,,C:\Windows\WinSxS\amd64_microsoft-windows-sechealthui.appxmain_31bf3856ad364e35_10.0.20348.502_none_9baff88d67ef2690\WindowsSecurityAppList.scale-125_contrast-black.png,,,,,,,C:\Windows\WinSxS\amd64_microsoft-windows-sechealthui.appxmain_31bf3856ad364e35_10.0.20348.5386_none_5b6cd26a102fec0b\WindowsSecurityAppList.scale-125_contrast-black.png,,,,,,,,,,,,,,,,,,,SCAFFOLD,0x3e7,DC$,S-1-5-18,,,,,,,,,00000000-0000-0000-0000-000000000000,,
2026-09-02T03:45:51.039968Z,4664,dc.scaffold.htb,Microsoft-Windows-Security-Auditing,Security,23394,0,,,,,,,C:\Windows\WinSxS\amd64_microsoft-windows-sechealthui.appxmain_31bf3856ad364e35_10.0.20348.502_none_9baff88d67ef2690\WindowsSecurityAppList.scale-150_contrast-black.png,,,,,,,C:\Windows\WinSxS\amd64_microsoft-windows-sechealthui.appxmain_31bf3856ad364e35_10.0.20348.5386_none_5b6cd26a102fec0b\WindowsSecurityAppList.scale-150_contrast-black.png,,,,,,,,,,,,,,,,,,,SCAFFOLD,0x3e7,DC$,S-1-5-18,,,,,,,,,00000000-0000-0000-0000-000000000000,,
2026-09-02T03:45:51.040654Z,4664,dc.scaffold.htb,Microsoft-Windows-Security-Auditing,Security,23395,0,,,,,,,C:\Windows\WinSxS\amd64_microsoft-windows-sechealthui.appxmain_31bf3856ad364e35_10.0.20348.502_none_9baff88d67ef2690\WindowsSecurityAppList.scale-200_contrast-black.png,,,,,,,C:\Windows\WinSxS\amd64_microsoft-windows-sechealthui.appxmain_31bf3856ad364e35_10.0.20348.5386_none_5b6cd26a102fec0b\WindowsSecurityAppList.scale-200_contrast-black.png,,,,,,,,,,,,,,,,,,,SCAFFOLD,0x3e7,DC$,S-1-5-18,,,,,,,,,00000000-0000-0000-0000-000000000000,,
2026-09-02T03:45:51.041318Z,4664,dc.scaffold.htb,Microsoft-Windows-Security-Auditing,Security,23396,0,,,,,,,C:\Windows\WinSxS\amd64_microsoft-windows-sechealthui.appxmain_31bf3856ad364e35_10.0.20348.502_none_9baff88d67ef2690\WindowsSecurityAppList.scale-400_contrast-black.png,,,,,,,C:\Windows\WinSxS\amd64_microsoft-windows-sechealthui.appxmain_31bf3856ad364e35_10.0.20348.5386_none_5b6cd26a102fec0b\WindowsSecurityAppList.scale-400_contrast-black.png,,,,,,,,,,,,,,,,,,,SCAFFOLD,0x3e7,DC$,S-1-5-18,,,,,,,,,00000000-0000-0000-0000-000000000000,,
2026-09-02T03:45:51.041963Z,4664,dc.scaffold.htb,Microsoft-Windows-Security-Auditing,Security,23397,0,,,,,,,C:\Windows\WinSxS\amd64_microsoft-windows-sechealthui.appxmain_31bf3856ad364e35_10.0.20348.502_none_9baff88d67ef2690\WindowsSecurityAppList.scale-100_contrast-white.png,,,,,,,C:\Windows\WinSxS\amd64_microsoft-windows-sechealthui.appxmain_31bf3856ad364e35_10.0.20348.5386_none_5b6cd26a102fec0b\WindowsSecurityAppList.scale-100_contrast-white.png,,,,,,,,,,,,,,,,,,,SCAFFOLD,0x3e7,DC$,S-1-5-18,,,,,,,,,00000000-0000-0000-0000-000000000000,,
2026-09-02T03:45:51.042709Z,4664,dc.scaffold.htb,Microsoft-Windows-Security-Auditing,Security,23398,0,,,,,,,C:\Windows\WinSxS\amd64_microsoft-windows-sechealthui.appxmain_31bf3856ad364e35_10.0.20348.502_none_9baff88d67ef2690\WindowsSecurityAppList.scale-125_contrast-white.png,,,,,,,C:\Windows\WinSxS\amd64_microsoft-windows-sechealthui.appxmain_31bf3856ad364e35_10.0.20348.5386_none_5b6cd26a102fec0b\WindowsSecurityAppList.scale-125_contrast-white.png,,,,,,,,,,,,,,,,,,,SCAFFOLD,0x3e7,DC$,S-1-5-18,,,,,,,,,00000000-0000-0000-0000-000000000000,,
2026-09-02T03:45:51.043347Z,4664,dc.scaffold.htb,Microsoft-Windows-Security-Auditing,Security,23399,0,,,,,,,C:\Windows\WinSxS\amd64_microsoft-windows-sechealthui.appxmain_31bf3856ad364e35_10.0.20348.502_none_9baff88d67ef2690\WindowsSecurityAppList.scale-150_contrast-white.png,,,,,,,C:\Windows\WinSxS\amd64_microsoft-windows-sechealthui.appxmain_31bf3856ad364e35_10.0.20348.5386_none_5b6cd26a102fec0b\WindowsSecurityAppList.scale-150_contrast-white.png,,,,,,,,,,,,,,,,,,,SCAFFOLD,0x3e7,DC$,S-1-5-18,,,,,,,,,00000000-0000-0000-0000-000000000000,,
2026-09-02T03:45:51.043941Z,4664,dc.scaffold.htb,Microsoft-Windows-Security-Auditing,Security,23400,0,,,,,,,C:\Windows\WinSxS\amd64_microsoft-windows-sechealthui.appxmain_31bf3856ad364e35_10.0.20348.502_none_9baff88d67ef2690\WindowsSecurityAppList.scale-200_contrast-white.png,,,,,,,C:\Windows\WinSxS\amd64_microsoft-windows-sechealthui.appxmain_31bf3856ad364e35_10.0.20348.5386_none_5b6cd26a102fec0b\WindowsSecurityAppList.scale-200_contrast-white.png,,,,,,,,,,,,,,,,,,,SCAFFOLD,0x3e7,DC$,S-1-5-18,,,,,,,,,00000000-0000-0000-0000-000000000000,,
2026-09-02T03:45:51.044518Z,4664,dc.scaffold.htb,Microsoft-Windows-Security-Auditing,Security,23401,0,,,,,,,C:\Windows\WinSxS\amd64_microsoft-windows-sechealthui.appxmain_31bf3856ad364e35_10.0.20348.502_none_9baff88d67ef2690\WindowsSecurityAppList.scale-400_contrast-white.png,,,,,,,C:\Windows\WinSxS\amd64_microsoft-windows-sechealthui.appxmain_31bf3856ad364e35_10.0.20348.5386_none_5b6cd26a102fec0b\WindowsSecurityAppList.scale-400_contrast-white.png,,,,,,,,,,,,,,,,,,,SCAFFOLD,0x3e7,DC$,S-1-5-18,,,,,,,,,00000000-0000-0000-0000-000000000000,,
2026-09-02T03:45:51.045148Z,4664,dc.scaffold.htb,Microsoft-Windows-Security-Auditing,Security,23402,0,,,,,,,C:\Windows\WinSxS\amd64_microsoft-windows-sechealthui.appxmain_31bf3856ad364e35_10.0.20348.502_none_9baff88d67ef2690\Account.contrast-black.ico,,,,,,,C:\Windows\WinSxS\amd64_microsoft-windows-sechealthui.appxmain_31bf3856ad364e35_10.0.20348.5386_none_5b6cd26a102fec0b\Account.contrast-black.ico,,,,,,,,,,,,,,,,,,,SCAFFOLD,0x3e7,DC$,S-1-5-18,,,,,,,,,00000000-0000-0000-0000-000000000000,,
2026-09-02T03:45:51.045767Z,4664,dc.scaffold.htb,Microsoft-Windows-Security-Auditing,Security,23403,0,,,,,,,C:\Windows\WinSxS\amd64_microsoft-windows-sechealthui.appxmain_31bf3856ad364e35_10.0.20348.502_none_9baff88d67ef2690\AppAndBrowser.contrast-black.ico,,,,,,,C:\Windows\WinSxS\amd64_microsoft-windows-sechealthui.appxmain_31bf3856ad364e35_10.0.20348.5386_none_5b6cd26a102fec0b\AppAndBrowser.contrast-black.ico,,,,,,,,,,,,,,,,,,,SCAFFOLD,0x3e7,DC$,S-1-5-18,,,,,,,,,00000000-0000-0000-0000-000000000000,,
2026-09-02T03:45:51.046461Z,4664,dc.scaffold.htb,Microsoft-Windows-Security-Auditing,Security,23404,0,,,,,,,C:\Windows\WinSxS\amd64_microsoft-windows-sechealthui.appxmain_31bf3856ad364e35_10.0.20348.502_none_9baff88d67ef2690\Device.contrast-black.ico,,,,,,,C:\Windows\WinSxS\amd64_microsoft-windows-sechealthui.appxmain_31bf3856ad364e35_10.0.20348.5386_none_5b6cd26a102fec0b\Device.contrast-black.ico,,,,,,,,,,,,,,,,,,,SCAFFOLD,0x3e7,DC$,S-1-5-18,,,,,,,,,00000000-0000-0000-0000-000000000000,,
2026-09-02T03:45:51.047085Z,4664,dc.scaffold.htb,Microsoft-Windows-Security-Auditing,Security,23405,0,,,,,,,C:\Windows\WinSxS\amd64_microsoft-windows-sechealthui.appxmain_31bf3856ad364e35_10.0.20348.502_none_9baff88d67ef2690\Family.contrast-black.ico,,,,,,,C:\Windows\WinSxS\amd64_microsoft-windows-sechealthui.appxmain_31bf3856ad364e35_10.0.20348.5386_none_5b6cd26a102fec0b\Family.contrast-black.ico,,,,,,,,,,,,,,,,,,,SCAFFOLD,0x3e7,DC$,S-1-5-18,,,,,,,,,00000000-0000-0000-0000-000000000000,,
2026-09-02T03:45:51.048020Z,4664,dc.scaffold.htb,Microsoft-Windows-Security-Auditing,Security,23406,0,,,,,,,C:\Windows\WinSxS\amd64_microsoft-windows-sechealthui.appxmain_31bf3856ad364e35_10.0.20348.502_none_9baff88d67ef2690\Health.contrast-black.ico,,,,,,,C:\Windows\WinSxS\amd64_microsoft-windows-sechealthui.appxmain_31bf3856ad364e35_10.0.20348.5386_none_5b6cd26a102fec0b\Health.contrast-black.ico,,,,,,,,,,,,,,,,,,,SCAFFOLD,0x3e7,DC$,S-1-5-18,,,,,,,,,00000000-0000-0000-0000-000000000000,,
2026-09-02T03:45:51.048692Z,4664,dc.scaffold.htb,Microsoft-Windows-Security-Auditing,Security,23407,0,,,,,,,C:\Windows\WinSxS\amd64_microsoft-windows-sechealthui.appxmain_31bf3856ad364e35_10.0.20348.502_none_9baff88d67ef2690\Network.contrast-black.ico,,,,,,,C:\Windows\WinSxS\amd64_microsoft-windows-sechealthui.appxmain_31bf3856ad364e35_10.0.20348.5386_none_5b6cd26a102fec0b\Network.contrast-black.ico,,,,,,,,,,,,,,,,,,,SCAFFOLD,0x3e7,DC$,S-1-5-18,,,,,,,,,00000000-0000-0000-0000-000000000000,,
2026-09-02T03:45:51.049245Z,4664,dc.scaffold.htb,Microsoft-Windows-Security-Auditing,Security,23408,0,,,,,,,C:\Windows\WinSxS\amd64_microsoft-windows-sechealthui.appxmain_31bf3856ad364e35_10.0.20348.502_none_9baff88d67ef2690\Threat.contrast-black.ico,,,,,,,C:\Windows\WinSxS\amd64_microsoft-windows-sechealthui.appxmain_31bf3856ad364e35_10.0.20348.5386_none_5b6cd26a102fec0b\Threat.contrast-black.ico,,,,,,,,,,,,,,,,,,,SCAFFOLD,0x3e7,DC$,S-1-5-18,,,,,,,,,00000000-0000-0000-0000-000000000000,,
2026-09-02T03:45:51.049839Z,4664,dc.scaffold.htb,Microsoft-Windows-Security-Auditing,Security,23409,0,,,,,,,C:\Windows\WinSxS\amd64_microsoft-windows-sechealthui.appxmain_31bf3856ad364e35_10.0.20348.502_none_9baff88d67ef2690\Account.contrast-white.ico,,,,,,,C:\Windows\WinSxS\amd64_microsoft-windows-sechealthui.appxmain_31bf3856ad364e35_10.0.20348.5386_none_5b6cd26a102fec0b\Account.contrast-white.ico,,,,,,,,,,,,,,,,,,,SCAFFOLD,0x3e7,DC$,S-1-5-18,,,,,,,,,00000000-0000-0000-0000-000000000000,,
2026-09-02T03:45:51.050520Z,4664,dc.scaffold.htb,Microsoft-Windows-Security-Auditing,Security,23410,0,,,,,,,C:\Windows\WinSxS\amd64_microsoft-windows-sechealthui.appxmain_31bf3856ad364e35_10.0.20348.502_none_9baff88d67ef2690\AppAndBrowser.contrast-white.ico,,,,,,,C:\Windows\WinSxS\amd64_microsoft-windows-sechealthui.appxmain_31bf3856ad364e35_10.0.20348.5386_none_5b6cd26a102fec0b\AppAndBrowser.contrast-white.ico,,,,,,,,,,,,,,,,,,,SCAFFOLD,0x3e7,DC$,S-1-5-18,,,,,,,,,00000000-0000-0000-0000-000000000000,,
2026-09-02T03:45:51.051057Z,4664,dc.scaffold.htb,Microsoft-Windows-Security-Auditing,Security,23411,0,,,,,,,C:\Windows\WinSxS\amd64_microsoft-windows-sechealthui.appxmain_31bf3856ad364e35_10.0.20348.502_none_9baff88d67ef2690\Device.contrast-white.ico,,,,,,,C:\Windows\WinSxS\amd64_microsoft-windows-sechealthui.appxmain_31bf3856ad364e35_10.0.20348.5386_none_5b6cd26a102fec0b\Device.contrast-white.ico,,,,,,,,,,,,,,,,,,,SCAFFOLD,0x3e7,DC$,S-1-5-18,,,,,,,,,00000000-0000-0000-0000-000000000000,,
2026-09-02T03:45:51.051620Z,4664,dc.scaffold.htb,Microsoft-Windows-Security-Auditing,Security,23412,0,,,,,,,C:\Windows\WinSxS\amd64_microsoft-windows-sechealthui.appxmain_31bf3856ad364e35_10.0.20348.502_none_9baff88d67ef2690\Family.contrast-white.ico,,,,,,,C:\Windows\WinSxS\amd64_microsoft-windows-sechealthui.appxmain_31bf3856ad364e35_10.0.20348.5386_none_5b6cd26a102fec0b\Family.contrast-white.ico,,,,,,,,,,,,,,,,,,,SCAFFOLD,0x3e7,DC$,S-1-5-18,,,,,,,,,00000000-0000-0000-0000-000000000000,,
2026-09-02T03:45:51.052283Z,4664,dc.scaffold.htb,Microsoft-Windows-Security-Auditing,Security,23413,0,,,,,,,C:\Windows\WinSxS\amd64_microsoft-windows-sechealthui.appxmain_31bf3856ad364e35_10.0.20348.502_none_9baff88d67ef2690\Health.contrast-white.ico,,,,,,,C:\Windows\WinSxS\amd64_microsoft-windows-sechealthui.appxmain_31bf3856ad364e35_10.0.20348.5386_none_5b6cd26a102fec0b\Health.contrast-white.ico,,,,,,,,,,,,,,,,,,,SCAFFOLD,0x3e7,DC$,S-1-5-18,,,,,,,,,00000000-0000-0000-0000-000000000000,,
2026-09-02T03:45:51.052807Z,4664,dc.scaffold.htb,Microsoft-Windows-Security-Auditing,Security,23414,0,,,,,,,C:\Windows\WinSxS\amd64_microsoft-windows-sechealthui.appxmain_31bf3856ad364e35_10.0.20348.502_none_9baff88d67ef2690\Network.contrast-white.ico,,,,,,,C:\Windows\WinSxS\amd64_microsoft-windows-sechealthui.appxmain_31bf3856ad364e35_10.0.20348.5386_none_5b6cd26a102fec0b\Network.contrast-white.ico,,,,,,,,,,,,,,,,,,,SCAFFOLD,0x3e7,DC$,S-1-5-18,,,,,,,,,00000000-0000-0000-0000-000000000000,,
