2026-09-02T03:21:22.161004Z,4660,dc.scaffold.htb,Microsoft-Windows-Security-Auditing,Security,21897,0,,,,,,,,,0xda4,,,,,,,,,,,,,,Security,,,,,0x870,C:\Windows\WinSxS\amd64_microsoft-windows-servicingstack_31bf3856ad364e35_10.0.20348.557_none_f1edaeb8515fa10d\TiWorker.exe,,,,SCAFFOLD,0x3e7,DC$,S-1-5-18,,,,,,,,,C6284384-A67C-11F1-9935-005056B98D90,,
2026-09-02T03:21:22.161538Z,4663,dc.scaffold.htb,Microsoft-Windows-Security-Auditing,Security,21898,0,"%%1537
				",0x10000,,,,,,,0x1370,,,,,,,,,,,,,C:\Windows\Microsoft.NET\assembly\GAC_MSIL\System.ServiceModel.Discovery\v4.0_4.0.0.0__31bf3856ad364e35\System.ServiceModel.Discovery.dll,Security,File,,,,0x870,C:\Windows\WinSxS\amd64_microsoft-windows-servicingstack_31bf3856ad364e35_10.0.20348.557_none_f1edaeb8515fa10d\TiWorker.exe,,S:AI,,SCAFFOLD,0x3e7,DC$,S-1-5-18,,,,,,,,,,,
2026-09-02T03:21:22.161557Z,4660,dc.scaffold.htb,Microsoft-Windows-Security-Auditing,Security,21899,0,,,,,,,,,0x1370,,,,,,,,,,,,,,Security,,,,,0x870,C:\Windows\WinSxS\amd64_microsoft-windows-servicingstack_31bf3856ad364e35_10.0.20348.557_none_f1edaeb8515fa10d\TiWorker.exe,,,,SCAFFOLD,0x3e7,DC$,S-1-5-18,,,,,,,,,C6284384-A67C-11F1-9935-005056B98D90,,
2026-09-02T03:21:22.162047Z,4663,dc.scaffold.htb,Microsoft-Windows-Security-Auditing,Security,21900,0,"%%1537
				",0x10000,,,,,,,0x1374,,,,,,,,,,,,,C:\Windows\Microsoft.NET\assembly\GAC_MSIL\System.ServiceModel.Internals\v4.0_4.0.0.0__31bf3856ad364e35\System.ServiceModel.Internals.dll,Security,File,,,,0x870,C:\Windows\WinSxS\amd64_microsoft-windows-servicingstack_31bf3856ad364e35_10.0.20348.557_none_f1edaeb8515fa10d\TiWorker.exe,,S:AI,,SCAFFOLD,0x3e7,DC$,S-1-5-18,,,,,,,,,,,
2026-09-02T03:21:22.162111Z,4660,dc.scaffold.htb,Microsoft-Windows-Security-Auditing,Security,21901,0,,,,,,,,,0x1374,,,,,,,,,,,,,,Security,,,,,0x870,C:\Windows\WinSxS\amd64_microsoft-windows-servicingstack_31bf3856ad364e35_10.0.20348.557_none_f1edaeb8515fa10d\TiWorker.exe,,,,SCAFFOLD,0x3e7,DC$,S-1-5-18,,,,,,,,,C6284384-A67C-11F1-9935-005056B98D90,,
2026-09-02T03:21:22.163235Z,4663,dc.scaffold.htb,Microsoft-Windows-Security-Auditing,Security,21902,0,"%%1537
				",0x10000,,,,,,,0xda4,,,,,,,,,,,,,C:\Windows\Microsoft.NET\assembly\GAC_MSIL\System.ServiceModel.WasHosting\v4.0_4.0.0.0__b77a5c561934e089\System.ServiceModel.WasHosting.dll,Security,File,,,,0x870,C:\Windows\WinSxS\amd64_microsoft-windows-servicingstack_31bf3856ad364e35_10.0.20348.557_none_f1edaeb8515fa10d\TiWorker.exe,,S:AI,,SCAFFOLD,0x3e7,DC$,S-1-5-18,,,,,,,,,,,
2026-09-02T03:21:22.163495Z,4660,dc.scaffold.htb,Microsoft-Windows-Security-Auditing,Security,21903,0,,,,,,,,,0xda4,,,,,,,,,,,,,,Security,,,,,0x870,C:\Windows\WinSxS\amd64_microsoft-windows-servicingstack_31bf3856ad364e35_10.0.20348.557_none_f1edaeb8515fa10d\TiWorker.exe,,,,SCAFFOLD,0x3e7,DC$,S-1-5-18,,,,,,,,,C6284384-A67C-11F1-9935-005056B98D90,,
2026-09-02T03:21:22.164115Z,4663,dc.scaffold.htb,Microsoft-Windows-Security-Auditing,Security,21904,0,"%%1537
				",0x10000,,,,,,,0x1370,,,,,,,,,,,,,C:\Windows\Microsoft.NET\assembly\GAC_MSIL\System.Web.ApplicationServices\v4.0_4.0.0.0__31bf3856ad364e35\System.Web.ApplicationServices.dll,Security,File,,,,0x870,C:\Windows\WinSxS\amd64_microsoft-windows-servicingstack_31bf3856ad364e35_10.0.20348.557_none_f1edaeb8515fa10d\TiWorker.exe,,S:AI,,SCAFFOLD,0x3e7,DC$,S-1-5-18,,,,,,,,,,,
2026-09-02T03:21:22.164426Z,4660,dc.scaffold.htb,Microsoft-Windows-Security-Auditing,Security,21905,0,,,,,,,,,0x1370,,,,,,,,,,,,,,Security,,,,,0x870,C:\Windows\WinSxS\amd64_microsoft-windows-servicingstack_31bf3856ad364e35_10.0.20348.557_none_f1edaeb8515fa10d\TiWorker.exe,,,,SCAFFOLD,0x3e7,DC$,S-1-5-18,,,,,,,,,C6284384-A67C-11F1-9935-005056B98D90,,
2026-09-02T03:21:22.164973Z,4663,dc.scaffold.htb,Microsoft-Windows-Security-Auditing,Security,21906,0,"%%1537
				",0x10000,,,,,,,0x1374,,,,,,,,,,,,,C:\Windows\Microsoft.NET\assembly\GAC_MSIL\System.Web.Extensions\v4.0_4.0.0.0__31bf3856ad364e35\System.Web.Extensions.dll,Security,File,,,,0x870,C:\Windows\WinSxS\amd64_microsoft-windows-servicingstack_31bf3856ad364e35_10.0.20348.557_none_f1edaeb8515fa10d\TiWorker.exe,,S:AI,,SCAFFOLD,0x3e7,DC$,S-1-5-18,,,,,,,,,,,
2026-09-02T03:21:22.165289Z,4660,dc.scaffold.htb,Microsoft-Windows-Security-Auditing,Security,21907,0,,,,,,,,,0x1374,,,,,,,,,,,,,,Security,,,,,0x870,C:\Windows\WinSxS\amd64_microsoft-windows-servicingstack_31bf3856ad364e35_10.0.20348.557_none_f1edaeb8515fa10d\TiWorker.exe,,,,SCAFFOLD,0x3e7,DC$,S-1-5-18,,,,,,,,,C6284384-A67C-11F1-9935-005056B98D90,,
2026-09-02T03:21:22.166628Z,4663,dc.scaffold.htb,Microsoft-Windows-Security-Auditing,Security,21908,0,"%%1537
				",0x10000,,,,,,,0xda4,,,,,,,,,,,,,C:\Windows\Microsoft.NET\assembly\GAC_MSIL\System.Windows.Controls.Ribbon\v4.0_4.0.0.0__b77a5c561934e089\System.Windows.Controls.Ribbon.dll,Security,File,,,,0x870,C:\Windows\WinSxS\amd64_microsoft-windows-servicingstack_31bf3856ad364e35_10.0.20348.557_none_f1edaeb8515fa10d\TiWorker.exe,,S:AI,,SCAFFOLD,0x3e7,DC$,S-1-5-18,,,,,,,,,,,
2026-09-02T03:21:22.166944Z,4660,dc.scaffold.htb,Microsoft-Windows-Security-Auditing,Security,21909,0,,,,,,,,,0xda4,,,,,,,,,,,,,,Security,,,,,0x870,C:\Windows\WinSxS\amd64_microsoft-windows-servicingstack_31bf3856ad364e35_10.0.20348.557_none_f1edaeb8515fa10d\TiWorker.exe,,,,SCAFFOLD,0x3e7,DC$,S-1-5-18,,,,,,,,,C6284384-A67C-11F1-9935-005056B98D90,,
2026-09-02T03:21:22.167536Z,4663,dc.scaffold.htb,Microsoft-Windows-Security-Auditing,Security,21910,0,"%%1537
				",0x10000,,,,,,,0x1370,,,,,,,,,,,,,C:\Windows\Microsoft.NET\assembly\GAC_MSIL\System.Windows.Forms\v4.0_4.0.0.0__b77a5c561934e089\System.Windows.Forms.dll,Security,File,,,,0x870,C:\Windows\WinSxS\amd64_microsoft-windows-servicingstack_31bf3856ad364e35_10.0.20348.557_none_f1edaeb8515fa10d\TiWorker.exe,,S:AI,,SCAFFOLD,0x3e7,DC$,S-1-5-18,,,,,,,,,,,
2026-09-02T03:21:22.167900Z,4660,dc.scaffold.htb,Microsoft-Windows-Security-Auditing,Security,21911,0,,,,,,,,,0x1370,,,,,,,,,,,,,,Security,,,,,0x870,C:\Windows\WinSxS\amd64_microsoft-windows-servicingstack_31bf3856ad364e35_10.0.20348.557_none_f1edaeb8515fa10d\TiWorker.exe,,,,SCAFFOLD,0x3e7,DC$,S-1-5-18,,,,,,,,,C6284384-A67C-11F1-9935-005056B98D90,,
2026-09-02T03:21:22.168462Z,4663,dc.scaffold.htb,Microsoft-Windows-Security-Auditing,Security,21912,0,"%%1537
				",0x10000,,,,,,,0x1374,,,,,,,,,,,,,C:\Windows\Microsoft.NET\assembly\GAC_MSIL\System.Xaml\v4.0_4.0.0.0__b77a5c561934e089\System.Xaml.dll,Security,File,,,,0x870,C:\Windows\WinSxS\amd64_microsoft-windows-servicingstack_31bf3856ad364e35_10.0.20348.557_none_f1edaeb8515fa10d\TiWorker.exe,,S:AI,,SCAFFOLD,0x3e7,DC$,S-1-5-18,,,,,,,,,,,
2026-09-02T03:21:22.168664Z,4660,dc.scaffold.htb,Microsoft-Windows-Security-Auditing,Security,21913,0,,,,,,,,,0x1374,,,,,,,,,,,,,,Security,,,,,0x870,C:\Windows\WinSxS\amd64_microsoft-windows-servicingstack_31bf3856ad364e35_10.0.20348.557_none_f1edaeb8515fa10d\TiWorker.exe,,,,SCAFFOLD,0x3e7,DC$,S-1-5-18,,,,,,,,,C6284384-A67C-11F1-9935-005056B98D90,,
2026-09-02T03:21:22.169213Z,4663,dc.scaffold.htb,Microsoft-Windows-Security-Auditing,Security,21914,0,"%%1537
				",0x10000,,,,,,,0xda4,,,,,,,,,,,,,C:\Windows\Microsoft.NET\assembly\GAC_MSIL\System.Xml\v4.0_4.0.0.0__b77a5c561934e089\System.XML.dll,Security,File,,,,0x870,C:\Windows\WinSxS\amd64_microsoft-windows-servicingstack_31bf3856ad364e35_10.0.20348.557_none_f1edaeb8515fa10d\TiWorker.exe,,S:AI,,SCAFFOLD,0x3e7,DC$,S-1-5-18,,,,,,,,,,,
2026-09-02T03:21:22.169433Z,4660,dc.scaffold.htb,Microsoft-Windows-Security-Auditing,Security,21915,0,,,,,,,,,0xda4,,,,,,,,,,,,,,Security,,,,,0x870,C:\Windows\WinSxS\amd64_microsoft-windows-servicingstack_31bf3856ad364e35_10.0.20348.557_none_f1edaeb8515fa10d\TiWorker.exe,,,,SCAFFOLD,0x3e7,DC$,S-1-5-18,,,,,,,,,C6284384-A67C-11F1-9935-005056B98D90,,
2026-09-02T03:21:22.170174Z,4663,dc.scaffold.htb,Microsoft-Windows-Security-Auditing,Security,21916,0,"%%1537
				",0x10000,,,,,,,0x1370,,,,,,,,,,,,,C:\Windows\Microsoft.NET\assembly\GAC_MSIL\UIAutomationClient\v4.0_4.0.0.0__31bf3856ad364e35\UIAutomationClient.dll,Security,File,,,,0x870,C:\Windows\WinSxS\amd64_microsoft-windows-servicingstack_31bf3856ad364e35_10.0.20348.557_none_f1edaeb8515fa10d\TiWorker.exe,,S:AI,,SCAFFOLD,0x3e7,DC$,S-1-5-18,,,,,,,,,,,
2026-09-02T03:21:22.170478Z,4660,dc.scaffold.htb,Microsoft-Windows-Security-Auditing,Security,21917,0,,,,,,,,,0x1370,,,,,,,,,,,,,,Security,,,,,0x870,C:\Windows\WinSxS\amd64_microsoft-windows-servicingstack_31bf3856ad364e35_10.0.20348.557_none_f1edaeb8515fa10d\TiWorker.exe,,,,SCAFFOLD,0x3e7,DC$,S-1-5-18,,,,,,,,,C6284384-A67C-11F1-9935-005056B98D90,,
2026-09-02T03:21:22.171311Z,4663,dc.scaffold.htb,Microsoft-Windows-Security-Auditing,Security,21918,0,"%%1537
				",0x10000,,,,,,,0x1374,,,,,,,,,,,,,C:\Windows\Microsoft.NET\assembly\GAC_MSIL\UIAutomationClientsideProviders\v4.0_4.0.0.0__31bf3856ad364e35\UIAutomationClientsideProviders.dll,Security,File,,,,0x870,C:\Windows\WinSxS\amd64_microsoft-windows-servicingstack_31bf3856ad364e35_10.0.20348.557_none_f1edaeb8515fa10d\TiWorker.exe,,S:AI,,SCAFFOLD,0x3e7,DC$,S-1-5-18,,,,,,,,,,,
2026-09-02T03:21:22.171611Z,4660,dc.scaffold.htb,Microsoft-Windows-Security-Auditing,Security,21919,0,,,,,,,,,0x1374,,,,,,,,,,,,,,Security,,,,,0x870,C:\Windows\WinSxS\amd64_microsoft-windows-servicingstack_31bf3856ad364e35_10.0.20348.557_none_f1edaeb8515fa10d\TiWorker.exe,,,,SCAFFOLD,0x3e7,DC$,S-1-5-18,,,,,,,,,C6284384-A67C-11F1-9935-005056B98D90,,
2026-09-02T03:21:22.172146Z,4663,dc.scaffold.htb,Microsoft-Windows-Security-Auditing,Security,21920,0,"%%1537
				",0x10000,,,,,,,0xda4,,,,,,,,,,,,,C:\Windows\Microsoft.NET\assembly\GAC_MSIL\UIAutomationProvider\v4.0_4.0.0.0__31bf3856ad364e35\UIAutomationProvider.dll,Security,File,,,,0x870,C:\Windows\WinSxS\amd64_microsoft-windows-servicingstack_31bf3856ad364e35_10.0.20348.557_none_f1edaeb8515fa10d\TiWorker.exe,,S:AI,,SCAFFOLD,0x3e7,DC$,S-1-5-18,,,,,,,,,,,
2026-09-02T03:21:22.172365Z,4660,dc.scaffold.htb,Microsoft-Windows-Security-Auditing,Security,21921,0,,,,,,,,,0xda4,,,,,,,,,,,,,,Security,,,,,0x870,C:\Windows\WinSxS\amd64_microsoft-windows-servicingstack_31bf3856ad364e35_10.0.20348.557_none_f1edaeb8515fa10d\TiWorker.exe,,,,SCAFFOLD,0x3e7,DC$,S-1-5-18,,,,,,,,,C6284384-A67C-11F1-9935-005056B98D90,,
2026-09-02T03:21:22.172882Z,4663,dc.scaffold.htb,Microsoft-Windows-Security-Auditing,Security,21922,0,"%%1537
				",0x10000,,,,,,,0x1370,,,,,,,,,,,,,C:\Windows\Microsoft.NET\assembly\GAC_MSIL\UIAutomationTypes\v4.0_4.0.0.0__31bf3856ad364e35\UIAutomationTypes.dll,Security,File,,,,0x870,C:\Windows\WinSxS\amd64_microsoft-windows-servicingstack_31bf3856ad364e35_10.0.20348.557_none_f1edaeb8515fa10d\TiWorker.exe,,S:AI,,SCAFFOLD,0x3e7,DC$,S-1-5-18,,,,,,,,,,,
2026-09-02T03:21:22.173008Z,4660,dc.scaffold.htb,Microsoft-Windows-Security-Auditing,Security,21923,0,,,,,,,,,0x1370,,,,,,,,,,,,,,Security,,,,,0x870,C:\Windows\WinSxS\amd64_microsoft-windows-servicingstack_31bf3856ad364e35_10.0.20348.557_none_f1edaeb8515fa10d\TiWorker.exe,,,,SCAFFOLD,0x3e7,DC$,S-1-5-18,,,,,,,,,C6284384-A67C-11F1-9935-005056B98D90,,
2026-09-02T03:21:22.173486Z,4663,dc.scaffold.htb,Microsoft-Windows-Security-Auditing,Security,21924,0,"%%1537
				",0x10000,,,,,,,0x1374,,,,,,,,,,,,,C:\Windows\Microsoft.NET\assembly\GAC_MSIL\WindowsBase\v4.0_4.0.0.0__31bf3856ad364e35\WindowsBase.dll,Security,File,,,,0x870,C:\Windows\WinSxS\amd64_microsoft-windows-servicingstack_31bf3856ad364e35_10.0.20348.557_none_f1edaeb8515fa10d\TiWorker.exe,,S:AI,,SCAFFOLD,0x3e7,DC$,S-1-5-18,,,,,,,,,,,
2026-09-02T03:21:22.173504Z,4660,dc.scaffold.htb,Microsoft-Windows-Security-Auditing,Security,21925,0,,,,,,,,,0x1374,,,,,,,,,,,,,,Security,,,,,0x870,C:\Windows\WinSxS\amd64_microsoft-windows-servicingstack_31bf3856ad364e35_10.0.20348.557_none_f1edaeb8515fa10d\TiWorker.exe,,,,SCAFFOLD,0x3e7,DC$,S-1-5-18,,,,,,,,,C6284384-A67C-11F1-9935-005056B98D90,,
2026-09-02T03:21:22.173957Z,4663,dc.scaffold.htb,Microsoft-Windows-Security-Auditing,Security,21926,0,"%%1537
				",0x10000,,,,,,,0xda4,,,,,,,,,,,,,C:\Windows\Microsoft.NET\assembly\GAC_MSIL\WindowsFormsIntegration\v4.0_4.0.0.0__31bf3856ad364e35\WindowsFormsIntegration.dll,Security,File,,,,0x870,C:\Windows\WinSxS\amd64_microsoft-windows-servicingstack_31bf3856ad364e35_10.0.20348.557_none_f1edaeb8515fa10d\TiWorker.exe,,S:AI,,SCAFFOLD,0x3e7,DC$,S-1-5-18,,,,,,,,,,,
2026-09-02T03:21:22.173978Z,4660,dc.scaffold.htb,Microsoft-Windows-Security-Auditing,Security,21927,0,,,,,,,,,0xda4,,,,,,,,,,,,,,Security,,,,,0x870,C:\Windows\WinSxS\amd64_microsoft-windows-servicingstack_31bf3856ad364e35_10.0.20348.557_none_f1edaeb8515fa10d\TiWorker.exe,,,,SCAFFOLD,0x3e7,DC$,S-1-5-18,,,,,,,,,C6284384-A67C-11F1-9935-005056B98D90,,
2026-09-02T03:21:22.174790Z,4663,dc.scaffold.htb,Microsoft-Windows-Security-Auditing,Security,21928,0,"%%1537
				",0x10000,,,,,,,0x1370,,,,,,,,,,,,,C:\Windows\Microsoft.NET\Framework\v4.0.30319\Aspnet_perf.dll,Security,File,,,,0x870,C:\Windows\WinSxS\amd64_microsoft-windows-servicingstack_31bf3856ad364e35_10.0.20348.557_none_f1edaeb8515fa10d\TiWorker.exe,,S:AI,,SCAFFOLD,0x3e7,DC$,S-1-5-18,,,,,,,,,,,
2026-09-02T03:21:22.175391Z,4660,dc.scaffold.htb,Microsoft-Windows-Security-Auditing,Security,21929,0,,,,,,,,,0x1370,,,,,,,,,,,,,,Security,,,,,0x870,C:\Windows\WinSxS\amd64_microsoft-windows-servicingstack_31bf3856ad364e35_10.0.20348.557_none_f1edaeb8515fa10d\TiWorker.exe,,,,SCAFFOLD,0x3e7,DC$,S-1-5-18,,,,,,,,,C6284384-A67C-11F1-9935-005056B98D90,,
2026-09-02T03:21:22.176631Z,4663,dc.scaffold.htb,Microsoft-Windows-Security-Auditing,Security,21930,0,"%%1537
				",0x10000,,,,,,,0x1374,,,,,,,,,,,,,C:\Windows\Microsoft.NET\Framework\v4.0.30319\aspnet_regbrowsers.exe,Security,File,,,,0x870,C:\Windows\WinSxS\amd64_microsoft-windows-servicingstack_31bf3856ad364e35_10.0.20348.557_none_f1edaeb8515fa10d\TiWorker.exe,,S:AI,,SCAFFOLD,0x3e7,DC$,S-1-5-18,,,,,,,,,,,
2026-09-02T03:21:22.177201Z,4660,dc.scaffold.htb,Microsoft-Windows-Security-Auditing,Security,21931,0,,,,,,,,,0x1374,,,,,,,,,,,,,,Security,,,,,0x870,C:\Windows\WinSxS\amd64_microsoft-windows-servicingstack_31bf3856ad364e35_10.0.20348.557_none_f1edaeb8515fa10d\TiWorker.exe,,,,SCAFFOLD,0x3e7,DC$,S-1-5-18,,,,,,,,,C6284384-A67C-11F1-9935-005056B98D90,,
2026-09-02T03:21:22.178969Z,4663,dc.scaffold.htb,Microsoft-Windows-Security-Auditing,Security,21932,0,"%%1537
				",0x10000,,,,,,,0xda4,,,,,,,,,,,,,C:\Windows\Microsoft.NET\Framework\v4.0.30319\aspnet_regiis.exe,Security,File,,,,0x870,C:\Windows\WinSxS\amd64_microsoft-windows-servicingstack_31bf3856ad364e35_10.0.20348.557_none_f1edaeb8515fa10d\TiWorker.exe,,S:AI,,SCAFFOLD,0x3e7,DC$,S-1-5-18,,,,,,,,,,,
2026-09-02T03:21:22.179120Z,4660,dc.scaffold.htb,Microsoft-Windows-Security-Auditing,Security,21933,0,,,,,,,,,0xda4,,,,,,,,,,,,,,Security,,,,,0x870,C:\Windows\WinSxS\amd64_microsoft-windows-servicingstack_31bf3856ad364e35_10.0.20348.557_none_f1edaeb8515fa10d\TiWorker.exe,,,,SCAFFOLD,0x3e7,DC$,S-1-5-18,,,,,,,,,C6284384-A67C-11F1-9935-005056B98D90,,
2026-09-02T03:21:22.180111Z,4663,dc.scaffold.htb,Microsoft-Windows-Security-Auditing,Security,21934,0,"%%1537
				",0x10000,,,,,,,0x1370,,,,,,,,,,,,,C:\Windows\Microsoft.NET\Framework\v4.0.30319\aspnet_regsql.exe,Security,File,,,,0x870,C:\Windows\WinSxS\amd64_microsoft-windows-servicingstack_31bf3856ad364e35_10.0.20348.557_none_f1edaeb8515fa10d\TiWorker.exe,,S:AI,,SCAFFOLD,0x3e7,DC$,S-1-5-18,,,,,,,,,,,
2026-09-02T03:21:22.180164Z,4660,dc.scaffold.htb,Microsoft-Windows-Security-Auditing,Security,21935,0,,,,,,,,,0x1370,,,,,,,,,,,,,,Security,,,,,0x870,C:\Windows\WinSxS\amd64_microsoft-windows-servicingstack_31bf3856ad364e35_10.0.20348.557_none_f1edaeb8515fa10d\TiWorker.exe,,,,SCAFFOLD,0x3e7,DC$,S-1-5-18,,,,,,,,,C6284384-A67C-11F1-9935-005056B98D90,,
2026-09-02T03:21:22.181033Z,4663,dc.scaffold.htb,Microsoft-Windows-Security-Auditing,Security,21936,0,"%%1537
				",0x10000,,,,,,,0x1374,,,,,,,,,,,,,C:\Windows\Microsoft.NET\Framework\v4.0.30319\aspnet_wp.exe,Security,File,,,,0x870,C:\Windows\WinSxS\amd64_microsoft-windows-servicingstack_31bf3856ad364e35_10.0.20348.557_none_f1edaeb8515fa10d\TiWorker.exe,,S:AI,,SCAFFOLD,0x3e7,DC$,S-1-5-18,,,,,,,,,,,
2026-09-02T03:21:22.181362Z,4660,dc.scaffold.htb,Microsoft-Windows-Security-Auditing,Security,21937,0,,,,,,,,,0x1374,,,,,,,,,,,,,,Security,,,,,0x870,C:\Windows\WinSxS\amd64_microsoft-windows-servicingstack_31bf3856ad364e35_10.0.20348.557_none_f1edaeb8515fa10d\TiWorker.exe,,,,SCAFFOLD,0x3e7,DC$,S-1-5-18,,,,,,,,,C6284384-A67C-11F1-9935-005056B98D90,,
2026-09-02T03:21:22.182456Z,4663,dc.scaffold.htb,Microsoft-Windows-Security-Auditing,Security,21938,0,"%%1537
				",0x10000,,,,,,,0xda4,,,,,,,,,,,,,C:\Windows\Microsoft.NET\Framework\v4.0.30319\clr.dll,Security,File,,,,0x870,C:\Windows\WinSxS\amd64_microsoft-windows-servicingstack_31bf3856ad364e35_10.0.20348.557_none_f1edaeb8515fa10d\TiWorker.exe,,S:AI,,SCAFFOLD,0x3e7,DC$,S-1-5-18,,,,,,,,,,,
2026-09-02T03:21:22.182657Z,4660,dc.scaffold.htb,Microsoft-Windows-Security-Auditing,Security,21939,0,,,,,,,,,0xda4,,,,,,,,,,,,,,Security,,,,,0x870,C:\Windows\WinSxS\amd64_microsoft-windows-servicingstack_31bf3856ad364e35_10.0.20348.557_none_f1edaeb8515fa10d\TiWorker.exe,,,,SCAFFOLD,0x3e7,DC$,S-1-5-18,,,,,,,,,C6284384-A67C-11F1-9935-005056B98D90,,
2026-09-02T03:21:22.183621Z,4663,dc.scaffold.htb,Microsoft-Windows-Security-Auditing,Security,21940,0,"%%1537
				",0x10000,,,,,,,0x1370,,,,,,,,,,,,,C:\Windows\Microsoft.NET\Framework\v4.0.30319\clrcompression.dll,Security,File,,,,0x870,C:\Windows\WinSxS\amd64_microsoft-windows-servicingstack_31bf3856ad364e35_10.0.20348.557_none_f1edaeb8515fa10d\TiWorker.exe,,S:AI,,SCAFFOLD,0x3e7,DC$,S-1-5-18,,,,,,,,,,,
2026-09-02T03:21:22.183817Z,4660,dc.scaffold.htb,Microsoft-Windows-Security-Auditing,Security,21941,0,,,,,,,,,0x1370,,,,,,,,,,,,,,Security,,,,,0x870,C:\Windows\WinSxS\amd64_microsoft-windows-servicingstack_31bf3856ad364e35_10.0.20348.557_none_f1edaeb8515fa10d\TiWorker.exe,,,,SCAFFOLD,0x3e7,DC$,S-1-5-18,,,,,,,,,C6284384-A67C-11F1-9935-005056B98D90,,
2026-09-02T03:21:22.184949Z,4663,dc.scaffold.htb,Microsoft-Windows-Security-Auditing,Security,21942,0,"%%1537
				",0x10000,,,,,,,0x1374,,,,,,,,,,,,,C:\Windows\Microsoft.NET\Framework\v4.0.30319\clrjit.dll,Security,File,,,,0x870,C:\Windows\WinSxS\amd64_microsoft-windows-servicingstack_31bf3856ad364e35_10.0.20348.557_none_f1edaeb8515fa10d\TiWorker.exe,,S:AI,,SCAFFOLD,0x3e7,DC$,S-1-5-18,,,,,,,,,,,
2026-09-02T03:21:22.185141Z,4660,dc.scaffold.htb,Microsoft-Windows-Security-Auditing,Security,21943,0,,,,,,,,,0x1374,,,,,,,,,,,,,,Security,,,,,0x870,C:\Windows\WinSxS\amd64_microsoft-windows-servicingstack_31bf3856ad364e35_10.0.20348.557_none_f1edaeb8515fa10d\TiWorker.exe,,,,SCAFFOLD,0x3e7,DC$,S-1-5-18,,,,,,,,,C6284384-A67C-11F1-9935-005056B98D90,,
2026-09-02T03:21:22.185895Z,4663,dc.scaffold.htb,Microsoft-Windows-Security-Auditing,Security,21944,0,"%%1537
				",0x10000,,,,,,,0xda4,,,,,,,,,,,,,C:\Windows\Microsoft.NET\Framework\v4.0.30319\dfdll.dll,Security,File,,,,0x870,C:\Windows\WinSxS\amd64_microsoft-windows-servicingstack_31bf3856ad364e35_10.0.20348.557_none_f1edaeb8515fa10d\TiWorker.exe,,S:AI,,SCAFFOLD,0x3e7,DC$,S-1-5-18,,,,,,,,,,,
2026-09-02T03:21:22.186111Z,4660,dc.scaffold.htb,Microsoft-Windows-Security-Auditing,Security,21945,0,,,,,,,,,0xda4,,,,,,,,,,,,,,Security,,,,,0x870,C:\Windows\WinSxS\amd64_microsoft-windows-servicingstack_31bf3856ad364e35_10.0.20348.557_none_f1edaeb8515fa10d\TiWorker.exe,,,,SCAFFOLD,0x3e7,DC$,S-1-5-18,,,,,,,,,C6284384-A67C-11F1-9935-005056B98D90,,
2026-09-02T03:21:22.187259Z,4663,dc.scaffold.htb,Microsoft-Windows-Security-Auditing,Security,21946,0,"%%1537
				",0x10000,,,,,,,0x1370,,,,,,,,,,,,,C:\Windows\Microsoft.NET\Framework\v4.0.30319\diasymreader.dll,Security,File,,,,0x870,C:\Windows\WinSxS\amd64_microsoft-windows-servicingstack_31bf3856ad364e35_10.0.20348.557_none_f1edaeb8515fa10d\TiWorker.exe,,S:AI,,SCAFFOLD,0x3e7,DC$,S-1-5-18,,,,,,,,,,,
2026-09-02T03:21:22.187454Z,4660,dc.scaffold.htb,Microsoft-Windows-Security-Auditing,Security,21947,0,,,,,,,,,0x1370,,,,,,,,,,,,,,Security,,,,,0x870,C:\Windows\WinSxS\amd64_microsoft-windows-servicingstack_31bf3856ad364e35_10.0.20348.557_none_f1edaeb8515fa10d\TiWorker.exe,,,,SCAFFOLD,0x3e7,DC$,S-1-5-18,,,,,,,,,C6284384-A67C-11F1-9935-005056B98D90,,
2026-09-02T03:21:22.188623Z,4663,dc.scaffold.htb,Microsoft-Windows-Security-Auditing,Security,21948,0,"%%1537
				",0x10000,,,,,,,0x1374,,,,,,,,,,,,,C:\Windows\Microsoft.NET\Framework\v4.0.30319\mscordacwks.dll,Security,File,,,,0x870,C:\Windows\WinSxS\amd64_microsoft-windows-servicingstack_31bf3856ad364e35_10.0.20348.557_none_f1edaeb8515fa10d\TiWorker.exe,,S:AI,,SCAFFOLD,0x3e7,DC$,S-1-5-18,,,,,,,,,,,
2026-09-02T03:21:22.189180Z,4660,dc.scaffold.htb,Microsoft-Windows-Security-Auditing,Security,21949,0,,,,,,,,,0x1374,,,,,,,,,,,,,,Security,,,,,0x870,C:\Windows\WinSxS\amd64_microsoft-windows-servicingstack_31bf3856ad364e35_10.0.20348.557_none_f1edaeb8515fa10d\TiWorker.exe,,,,SCAFFOLD,0x3e7,DC$,S-1-5-18,,,,,,,,,C6284384-A67C-11F1-9935-005056B98D90,,
2026-09-02T03:21:22.190267Z,4663,dc.scaffold.htb,Microsoft-Windows-Security-Auditing,Security,21950,0,"%%1537
				",0x10000,,,,,,,0xe38,,,,,,,,,,,,,C:\Windows\Microsoft.NET\Framework\v4.0.30319\mscordbi.dll,Security,File,,,,0x870,C:\Windows\WinSxS\amd64_microsoft-windows-servicingstack_31bf3856ad364e35_10.0.20348.557_none_f1edaeb8515fa10d\TiWorker.exe,,S:AI,,SCAFFOLD,0x3e7,DC$,S-1-5-18,,,,,,,,,,,
2026-09-02T03:21:22.190614Z,4660,dc.scaffold.htb,Microsoft-Windows-Security-Auditing,Security,21951,0,,,,,,,,,0xe38,,,,,,,,,,,,,,Security,,,,,0x870,C:\Windows\WinSxS\amd64_microsoft-windows-servicingstack_31bf3856ad364e35_10.0.20348.557_none_f1edaeb8515fa10d\TiWorker.exe,,,,SCAFFOLD,0x3e7,DC$,S-1-5-18,,,,,,,,,C6284384-A67C-11F1-9935-005056B98D90,,
2026-09-02T03:21:22.191378Z,4663,dc.scaffold.htb,Microsoft-Windows-Security-Auditing,Security,21952,0,"%%1537
				",0x10000,,,,,,,0x136c,,,,,,,,,,,,,C:\Windows\Microsoft.NET\Framework\v4.0.30319\mscorlib.dll,Security,File,,,,0x870,C:\Windows\WinSxS\amd64_microsoft-windows-servicingstack_31bf3856ad364e35_10.0.20348.557_none_f1edaeb8515fa10d\TiWorker.exe,,S:AI,,SCAFFOLD,0x3e7,DC$,S-1-5-18,,,,,,,,,,,
2026-09-02T03:21:22.191452Z,4660,dc.scaffold.htb,Microsoft-Windows-Security-Auditing,Security,21953,0,,,,,,,,,0x136c,,,,,,,,,,,,,,Security,,,,,0x870,C:\Windows\WinSxS\amd64_microsoft-windows-servicingstack_31bf3856ad364e35_10.0.20348.557_none_f1edaeb8515fa10d\TiWorker.exe,,,,SCAFFOLD,0x3e7,DC$,S-1-5-18,,,,,,,,,C6284384-A67C-11F1-9935-005056B98D90,,
2026-09-02T03:21:22.192582Z,4663,dc.scaffold.htb,Microsoft-Windows-Security-Auditing,Security,21954,0,"%%1537
				",0x10000,,,,,,,0x1370,,,,,,,,,,,,,C:\Windows\Microsoft.NET\Framework\v4.0.30319\mscorpehost.dll,Security,File,,,,0x870,C:\Windows\WinSxS\amd64_microsoft-windows-servicingstack_31bf3856ad364e35_10.0.20348.557_none_f1edaeb8515fa10d\TiWorker.exe,,S:AI,,SCAFFOLD,0x3e7,DC$,S-1-5-18,,,,,,,,,,,
2026-09-02T03:21:22.192835Z,4660,dc.scaffold.htb,Microsoft-Windows-Security-Auditing,Security,21955,0,,,,,,,,,0x1370,,,,,,,,,,,,,,Security,,,,,0x870,C:\Windows\WinSxS\amd64_microsoft-windows-servicingstack_31bf3856ad364e35_10.0.20348.557_none_f1edaeb8515fa10d\TiWorker.exe,,,,SCAFFOLD,0x3e7,DC$,S-1-5-18,,,,,,,,,C6284384-A67C-11F1-9935-005056B98D90,,
2026-09-02T03:21:22.194551Z,4663,dc.scaffold.htb,Microsoft-Windows-Security-Auditing,Security,21956,0,"%%1537
				",0x10000,,,,,,,0x137c,,,,,,,,,,,,,C:\Windows\Microsoft.NET\Framework\v4.0.30319\mscorsvc.dll,Security,File,,,,0x870,C:\Windows\WinSxS\amd64_microsoft-windows-servicingstack_31bf3856ad364e35_10.0.20348.557_none_f1edaeb8515fa10d\TiWorker.exe,,S:AI,,SCAFFOLD,0x3e7,DC$,S-1-5-18,,,,,,,,,,,
2026-09-02T03:21:22.194828Z,4660,dc.scaffold.htb,Microsoft-Windows-Security-Auditing,Security,21957,0,,,,,,,,,0x137c,,,,,,,,,,,,,,Security,,,,,0x870,C:\Windows\WinSxS\amd64_microsoft-windows-servicingstack_31bf3856ad364e35_10.0.20348.557_none_f1edaeb8515fa10d\TiWorker.exe,,,,SCAFFOLD,0x3e7,DC$,S-1-5-18,,,,,,,,,C6284384-A67C-11F1-9935-005056B98D90,,
2026-09-02T03:21:22.195819Z,4663,dc.scaffold.htb,Microsoft-Windows-Security-Auditing,Security,21958,0,"%%1537
				",0x10000,,,,,,,0x1384,,,,,,,,,,,,,C:\Windows\Microsoft.NET\Framework\v4.0.30319\mscorsvw.exe,Security,File,,,,0x870,C:\Windows\WinSxS\amd64_microsoft-windows-servicingstack_31bf3856ad364e35_10.0.20348.557_none_f1edaeb8515fa10d\TiWorker.exe,,S:AI,,SCAFFOLD,0x3e7,DC$,S-1-5-18,,,,,,,,,,,
2026-09-02T03:21:22.196076Z,4660,dc.scaffold.htb,Microsoft-Windows-Security-Auditing,Security,21959,0,,,,,,,,,0x1384,,,,,,,,,,,,,,Security,,,,,0x870,C:\Windows\WinSxS\amd64_microsoft-windows-servicingstack_31bf3856ad364e35_10.0.20348.557_none_f1edaeb8515fa10d\TiWorker.exe,,,,SCAFFOLD,0x3e7,DC$,S-1-5-18,,,,,,,,,C6284384-A67C-11F1-9935-005056B98D90,,
2026-09-02T03:21:22.197129Z,4663,dc.scaffold.htb,Microsoft-Windows-Security-Auditing,Security,21960,0,"%%1537
				",0x10000,,,,,,,0x1380,,,,,,,,,,,,,C:\Windows\Microsoft.NET\Framework\v4.0.30319\ngen.exe,Security,File,,,,0x870,C:\Windows\WinSxS\amd64_microsoft-windows-servicingstack_31bf3856ad364e35_10.0.20348.557_none_f1edaeb8515fa10d\TiWorker.exe,,S:AI,,SCAFFOLD,0x3e7,DC$,S-1-5-18,,,,,,,,,,,
2026-09-02T03:21:22.197413Z,4660,dc.scaffold.htb,Microsoft-Windows-Security-Auditing,Security,21961,0,,,,,,,,,0x1380,,,,,,,,,,,,,,Security,,,,,0x870,C:\Windows\WinSxS\amd64_microsoft-windows-servicingstack_31bf3856ad364e35_10.0.20348.557_none_f1edaeb8515fa10d\TiWorker.exe,,,,SCAFFOLD,0x3e7,DC$,S-1-5-18,,,,,,,,,C6284384-A67C-11F1-9935-005056B98D90,,
2026-09-02T03:21:22.198153Z,4663,dc.scaffold.htb,Microsoft-Windows-Security-Auditing,Security,21962,0,"%%1537
				",0x10000,,,,,,,0x137c,,,,,,,,,,,,,C:\Windows\Microsoft.NET\Framework\v4.0.30319\ngentask.exe,Security,File,,,,0x870,C:\Windows\WinSxS\amd64_microsoft-windows-servicingstack_31bf3856ad364e35_10.0.20348.557_none_f1edaeb8515fa10d\TiWorker.exe,,S:AI,,SCAFFOLD,0x3e7,DC$,S-1-5-18,,,,,,,,,,,
2026-09-02T03:21:22.198448Z,4660,dc.scaffold.htb,Microsoft-Windows-Security-Auditing,Security,21963,0,,,,,,,,,0x137c,,,,,,,,,,,,,,Security,,,,,0x870,C:\Windows\WinSxS\amd64_microsoft-windows-servicingstack_31bf3856ad364e35_10.0.20348.557_none_f1edaeb8515fa10d\TiWorker.exe,,,,SCAFFOLD,0x3e7,DC$,S-1-5-18,,,,,,,,,C6284384-A67C-11F1-9935-005056B98D90,,
2026-09-02T03:21:22.199777Z,4663,dc.scaffold.htb,Microsoft-Windows-Security-Auditing,Security,21964,0,"%%1537
				",0x10000,,,,,,,0x1384,,,,,,,,,,,,,C:\Windows\Microsoft.NET\Framework\v4.0.30319\peverify.dll,Security,File,,,,0x870,C:\Windows\WinSxS\amd64_microsoft-windows-servicingstack_31bf3856ad364e35_10.0.20348.557_none_f1edaeb8515fa10d\TiWorker.exe,,S:AI,,SCAFFOLD,0x3e7,DC$,S-1-5-18,,,,,,,,,,,
2026-09-02T03:21:22.199868Z,4660,dc.scaffold.htb,Microsoft-Windows-Security-Auditing,Security,21965,0,,,,,,,,,0x1384,,,,,,,,,,,,,,Security,,,,,0x870,C:\Windows\WinSxS\amd64_microsoft-windows-servicingstack_31bf3856ad364e35_10.0.20348.557_none_f1edaeb8515fa10d\TiWorker.exe,,,,SCAFFOLD,0x3e7,DC$,S-1-5-18,,,,,,,,,C6284384-A67C-11F1-9935-005056B98D90,,
2026-09-02T03:21:22.201031Z,4663,dc.scaffold.htb,Microsoft-Windows-Security-Auditing,Security,21966,0,"%%1537
				",0x10000,,,,,,,0x1380,,,,,,,,,,,,,C:\Windows\Microsoft.NET\Framework\v4.0.30319\ServiceMonikerSupport.dll,Security,File,,,,0x870,C:\Windows\WinSxS\amd64_microsoft-windows-servicingstack_31bf3856ad364e35_10.0.20348.557_none_f1edaeb8515fa10d\TiWorker.exe,,S:AI,,SCAFFOLD,0x3e7,DC$,S-1-5-18,,,,,,,,,,,
2026-09-02T03:21:22.201294Z,4660,dc.scaffold.htb,Microsoft-Windows-Security-Auditing,Security,21967,0,,,,,,,,,0x1380,,,,,,,,,,,,,,Security,,,,,0x870,C:\Windows\WinSxS\amd64_microsoft-windows-servicingstack_31bf3856ad364e35_10.0.20348.557_none_f1edaeb8515fa10d\TiWorker.exe,,,,SCAFFOLD,0x3e7,DC$,S-1-5-18,,,,,,,,,C6284384-A67C-11F1-9935-005056B98D90,,
2026-09-02T03:21:22.202394Z,4663,dc.scaffold.htb,Microsoft-Windows-Security-Auditing,Security,21968,0,"%%1537
				",0x10000,,,,,,,0x137c,,,,,,,,,,,,,C:\Windows\Microsoft.NET\Framework\v4.0.30319\SMDiagnostics.dll,Security,File,,,,0x870,C:\Windows\WinSxS\amd64_microsoft-windows-servicingstack_31bf3856ad364e35_10.0.20348.557_none_f1edaeb8515fa10d\TiWorker.exe,,S:AI,,SCAFFOLD,0x3e7,DC$,S-1-5-18,,,,,,,,,,,
2026-09-02T03:21:22.202400Z,4660,dc.scaffold.htb,Microsoft-Windows-Security-Auditing,Security,21969,0,,,,,,,,,0x137c,,,,,,,,,,,,,,Security,,,,,0x870,C:\Windows\WinSxS\amd64_microsoft-windows-servicingstack_31bf3856ad364e35_10.0.20348.557_none_f1edaeb8515fa10d\TiWorker.exe,,,,SCAFFOLD,0x3e7,DC$,S-1-5-18,,,,,,,,,C6284384-A67C-11F1-9935-005056B98D90,,
2026-09-02T03:21:22.203634Z,4663,dc.scaffold.htb,Microsoft-Windows-Security-Auditing,Security,21970,0,"%%1537
				",0x10000,,,,,,,0x1384,,,,,,,,,,,,,C:\Windows\Microsoft.NET\Framework\v4.0.30319\SOS.dll,Security,File,,,,0x870,C:\Windows\WinSxS\amd64_microsoft-windows-servicingstack_31bf3856ad364e35_10.0.20348.557_none_f1edaeb8515fa10d\TiWorker.exe,,S:AI,,SCAFFOLD,0x3e7,DC$,S-1-5-18,,,,,,,,,,,
2026-09-02T03:21:22.203686Z,4660,dc.scaffold.htb,Microsoft-Windows-Security-Auditing,Security,21971,0,,,,,,,,,0x1384,,,,,,,,,,,,,,Security,,,,,0x870,C:\Windows\WinSxS\amd64_microsoft-windows-servicingstack_31bf3856ad364e35_10.0.20348.557_none_f1edaeb8515fa10d\TiWorker.exe,,,,SCAFFOLD,0x3e7,DC$,S-1-5-18,,,,,,,,,C6284384-A67C-11F1-9935-005056B98D90,,
2026-09-02T03:21:22.204437Z,4663,dc.scaffold.htb,Microsoft-Windows-Security-Auditing,Security,21972,0,"%%1537
				",0x10000,,,,,,,0x1380,,,,,,,,,,,,,C:\Windows\Microsoft.NET\Framework\v4.0.30319\System.Activities.dll,Security,File,,,,0x870,C:\Windows\WinSxS\amd64_microsoft-windows-servicingstack_31bf3856ad364e35_10.0.20348.557_none_f1edaeb8515fa10d\TiWorker.exe,,S:AI,,SCAFFOLD,0x3e7,DC$,S-1-5-18,,,,,,,,,,,
2026-09-02T03:21:22.204442Z,4660,dc.scaffold.htb,Microsoft-Windows-Security-Auditing,Security,21973,0,,,,,,,,,0x1380,,,,,,,,,,,,,,Security,,,,,0x870,C:\Windows\WinSxS\amd64_microsoft-windows-servicingstack_31bf3856ad364e35_10.0.20348.557_none_f1edaeb8515fa10d\TiWorker.exe,,,,SCAFFOLD,0x3e7,DC$,S-1-5-18,,,,,,,,,C6284384-A67C-11F1-9935-005056B98D90,,
2026-09-02T03:21:22.205139Z,4663,dc.scaffold.htb,Microsoft-Windows-Security-Auditing,Security,21974,0,"%%1537
				",0x10000,,,,,,,0x137c,,,,,,,,,,,,,C:\Windows\Microsoft.NET\Framework\v4.0.30319\System.Activities.Presentation.dll,Security,File,,,,0x870,C:\Windows\WinSxS\amd64_microsoft-windows-servicingstack_31bf3856ad364e35_10.0.20348.557_none_f1edaeb8515fa10d\TiWorker.exe,,S:AI,,SCAFFOLD,0x3e7,DC$,S-1-5-18,,,,,,,,,,,
2026-09-02T03:21:22.205145Z,4660,dc.scaffold.htb,Microsoft-Windows-Security-Auditing,Security,21975,0,,,,,,,,,0x137c,,,,,,,,,,,,,,Security,,,,,0x870,C:\Windows\WinSxS\amd64_microsoft-windows-servicingstack_31bf3856ad364e35_10.0.20348.557_none_f1edaeb8515fa10d\TiWorker.exe,,,,SCAFFOLD,0x3e7,DC$,S-1-5-18,,,,,,,,,C6284384-A67C-11F1-9935-005056B98D90,,
2026-09-02T03:21:22.206211Z,4663,dc.scaffold.htb,Microsoft-Windows-Security-Auditing,Security,21976,0,"%%1537
				",0x10000,,,,,,,0x1384,,,,,,,,,,,,,C:\Windows\Microsoft.NET\Framework\v4.0.30319\System.Core.dll,Security,File,,,,0x870,C:\Windows\WinSxS\amd64_microsoft-windows-servicingstack_31bf3856ad364e35_10.0.20348.557_none_f1edaeb8515fa10d\TiWorker.exe,,S:AI,,SCAFFOLD,0x3e7,DC$,S-1-5-18,,,,,,,,,,,
2026-09-02T03:21:22.206216Z,4660,dc.scaffold.htb,Microsoft-Windows-Security-Auditing,Security,21977,0,,,,,,,,,0x1384,,,,,,,,,,,,,,Security,,,,,0x870,C:\Windows\WinSxS\amd64_microsoft-windows-servicingstack_31bf3856ad364e35_10.0.20348.557_none_f1edaeb8515fa10d\TiWorker.exe,,,,SCAFFOLD,0x3e7,DC$,S-1-5-18,,,,,,,,,C6284384-A67C-11F1-9935-005056B98D90,,
2026-09-02T03:21:22.206926Z,4663,dc.scaffold.htb,Microsoft-Windows-Security-Auditing,Security,21978,0,"%%1537
				",0x10000,,,,,,,0x1380,,,,,,,,,,,,,C:\Windows\Microsoft.NET\Framework\v4.0.30319\System.Data.dll,Security,File,,,,0x870,C:\Windows\WinSxS\amd64_microsoft-windows-servicingstack_31bf3856ad364e35_10.0.20348.557_none_f1edaeb8515fa10d\TiWorker.exe,,S:AI,,SCAFFOLD,0x3e7,DC$,S-1-5-18,,,,,,,,,,,
2026-09-02T03:21:22.206981Z,4660,dc.scaffold.htb,Microsoft-Windows-Security-Auditing,Security,21979,0,,,,,,,,,0x1380,,,,,,,,,,,,,,Security,,,,,0x870,C:\Windows\WinSxS\amd64_microsoft-windows-servicingstack_31bf3856ad364e35_10.0.20348.557_none_f1edaeb8515fa10d\TiWorker.exe,,,,SCAFFOLD,0x3e7,DC$,S-1-5-18,,,,,,,,,C6284384-A67C-11F1-9935-005056B98D90,,
2026-09-02T03:21:22.208452Z,4663,dc.scaffold.htb,Microsoft-Windows-Security-Auditing,Security,21980,0,"%%1537
				",0x10000,,,,,,,0x137c,,,,,,,,,,,,,C:\Windows\Microsoft.NET\Framework\v4.0.30319\System.Data.SqlXml.dll,Security,File,,,,0x870,C:\Windows\WinSxS\amd64_microsoft-windows-servicingstack_31bf3856ad364e35_10.0.20348.557_none_f1edaeb8515fa10d\TiWorker.exe,,S:AI,,SCAFFOLD,0x3e7,DC$,S-1-5-18,,,,,,,,,,,
2026-09-02T03:21:22.208458Z,4660,dc.scaffold.htb,Microsoft-Windows-Security-Auditing,Security,21981,0,,,,,,,,,0x137c,,,,,,,,,,,,,,Security,,,,,0x870,C:\Windows\WinSxS\amd64_microsoft-windows-servicingstack_31bf3856ad364e35_10.0.20348.557_none_f1edaeb8515fa10d\TiWorker.exe,,,,SCAFFOLD,0x3e7,DC$,S-1-5-18,,,,,,,,,C6284384-A67C-11F1-9935-005056B98D90,,
2026-09-02T03:21:22.209683Z,4663,dc.scaffold.htb,Microsoft-Windows-Security-Auditing,Security,21982,0,"%%1537
				",0x10000,,,,,,,0x1378,,,,,,,,,,,,,C:\Windows\Microsoft.NET\Framework\v4.0.30319\System.Deployment.dll,Security,File,,,,0x870,C:\Windows\WinSxS\amd64_microsoft-windows-servicingstack_31bf3856ad364e35_10.0.20348.557_none_f1edaeb8515fa10d\TiWorker.exe,,S:AI,,SCAFFOLD,0x3e7,DC$,S-1-5-18,,,,,,,,,,,
2026-09-02T03:21:22.209720Z,4660,dc.scaffold.htb,Microsoft-Windows-Security-Auditing,Security,21983,0,,,,,,,,,0x1378,,,,,,,,,,,,,,Security,,,,,0x870,C:\Windows\WinSxS\amd64_microsoft-windows-servicingstack_31bf3856ad364e35_10.0.20348.557_none_f1edaeb8515fa10d\TiWorker.exe,,,,SCAFFOLD,0x3e7,DC$,S-1-5-18,,,,,,,,,C6284384-A67C-11F1-9935-005056B98D90,,
2026-09-02T03:21:22.211455Z,4663,dc.scaffold.htb,Microsoft-Windows-Security-Auditing,Security,21984,0,"%%1537
				",0x10000,,,,,,,0x1384,,,,,,,,,,,,,C:\Windows\Microsoft.NET\Framework\v4.0.30319\System.DirectoryServices.AccountManagement.dll,Security,File,,,,0x870,C:\Windows\WinSxS\amd64_microsoft-windows-servicingstack_31bf3856ad364e35_10.0.20348.557_none_f1edaeb8515fa10d\TiWorker.exe,,S:AI,,SCAFFOLD,0x3e7,DC$,S-1-5-18,,,,,,,,,,,
2026-09-02T03:21:22.211533Z,4660,dc.scaffold.htb,Microsoft-Windows-Security-Auditing,Security,21985,0,,,,,,,,,0x1384,,,,,,,,,,,,,,Security,,,,,0x870,C:\Windows\WinSxS\amd64_microsoft-windows-servicingstack_31bf3856ad364e35_10.0.20348.557_none_f1edaeb8515fa10d\TiWorker.exe,,,,SCAFFOLD,0x3e7,DC$,S-1-5-18,,,,,,,,,C6284384-A67C-11F1-9935-005056B98D90,,
2026-09-02T03:21:22.212344Z,4663,dc.scaffold.htb,Microsoft-Windows-Security-Auditing,Security,21986,0,"%%1537
				",0x10000,,,,,,,0x1380,,,,,,,,,,,,,C:\Windows\Microsoft.NET\Framework\v4.0.30319\System.DirectoryServices.dll,Security,File,,,,0x870,C:\Windows\WinSxS\amd64_microsoft-windows-servicingstack_31bf3856ad364e35_10.0.20348.557_none_f1edaeb8515fa10d\TiWorker.exe,,S:AI,,SCAFFOLD,0x3e7,DC$,S-1-5-18,,,,,,,,,,,
2026-09-02T03:21:22.212350Z,4660,dc.scaffold.htb,Microsoft-Windows-Security-Auditing,Security,21987,0,,,,,,,,,0x1380,,,,,,,,,,,,,,Security,,,,,0x870,C:\Windows\WinSxS\amd64_microsoft-windows-servicingstack_31bf3856ad364e35_10.0.20348.557_none_f1edaeb8515fa10d\TiWorker.exe,,,,SCAFFOLD,0x3e7,DC$,S-1-5-18,,,,,,,,,C6284384-A67C-11F1-9935-005056B98D90,,
2026-09-02T03:21:22.213139Z,4663,dc.scaffold.htb,Microsoft-Windows-Security-Auditing,Security,21988,0,"%%1537
				",0x10000,,,,,,,0x137c,,,,,,,,,,,,,C:\Windows\Microsoft.NET\Framework\v4.0.30319\System.dll,Security,File,,,,0x870,C:\Windows\WinSxS\amd64_microsoft-windows-servicingstack_31bf3856ad364e35_10.0.20348.557_none_f1edaeb8515fa10d\TiWorker.exe,,S:AI,,SCAFFOLD,0x3e7,DC$,S-1-5-18,,,,,,,,,,,
2026-09-02T03:21:22.213145Z,4660,dc.scaffold.htb,Microsoft-Windows-Security-Auditing,Security,21989,0,,,,,,,,,0x137c,,,,,,,,,,,,,,Security,,,,,0x870,C:\Windows\WinSxS\amd64_microsoft-windows-servicingstack_31bf3856ad364e35_10.0.20348.557_none_f1edaeb8515fa10d\TiWorker.exe,,,,SCAFFOLD,0x3e7,DC$,S-1-5-18,,,,,,,,,C6284384-A67C-11F1-9935-005056B98D90,,
2026-09-02T03:21:22.213818Z,4663,dc.scaffold.htb,Microsoft-Windows-Security-Auditing,Security,21990,0,"%%1537
				",0x10000,,,,,,,0xda4,,,,,,,,,,,,,C:\Windows\Microsoft.NET\Framework\v4.0.30319\System.IdentityModel.dll,Security,File,,,,0x870,C:\Windows\WinSxS\amd64_microsoft-windows-servicingstack_31bf3856ad364e35_10.0.20348.557_none_f1edaeb8515fa10d\TiWorker.exe,,S:AI,,SCAFFOLD,0x3e7,DC$,S-1-5-18,,,,,,,,,,,
2026-09-02T03:21:22.213823Z,4660,dc.scaffold.htb,Microsoft-Windows-Security-Auditing,Security,21991,0,,,,,,,,,0xda4,,,,,,,,,,,,,,Security,,,,,0x870,C:\Windows\WinSxS\amd64_microsoft-windows-servicingstack_31bf3856ad364e35_10.0.20348.557_none_f1edaeb8515fa10d\TiWorker.exe,,,,SCAFFOLD,0x3e7,DC$,S-1-5-18,,,,,,,,,C6284384-A67C-11F1-9935-005056B98D90,,
2026-09-02T03:21:22.214924Z,4663,dc.scaffold.htb,Microsoft-Windows-Security-Auditing,Security,21992,0,"%%1537
				",0x10000,,,,,,,0x1384,,,,,,,,,,,,,C:\Windows\Microsoft.NET\Framework\v4.0.30319\System.IdentityModel.Services.dll,Security,File,,,,0x870,C:\Windows\WinSxS\amd64_microsoft-windows-servicingstack_31bf3856ad364e35_10.0.20348.557_none_f1edaeb8515fa10d\TiWorker.exe,,S:AI,,SCAFFOLD,0x3e7,DC$,S-1-5-18,,,,,,,,,,,
2026-09-02T03:21:22.214929Z,4660,dc.scaffold.htb,Microsoft-Windows-Security-Auditing,Security,21993,0,,,,,,,,,0x1384,,,,,,,,,,,,,,Security,,,,,0x870,C:\Windows\WinSxS\amd64_microsoft-windows-servicingstack_31bf3856ad364e35_10.0.20348.557_none_f1edaeb8515fa10d\TiWorker.exe,,,,SCAFFOLD,0x3e7,DC$,S-1-5-18,,,,,,,,,C6284384-A67C-11F1-9935-005056B98D90,,
2026-09-02T03:21:22.215660Z,4663,dc.scaffold.htb,Microsoft-Windows-Security-Auditing,Security,21994,0,"%%1537
				",0x10000,,,,,,,0x138c,,,,,,,,,,,,,C:\Windows\Microsoft.NET\Framework\v4.0.30319\System.IO.Compression.dll,Security,File,,,,0x870,C:\Windows\WinSxS\amd64_microsoft-windows-servicingstack_31bf3856ad364e35_10.0.20348.557_none_f1edaeb8515fa10d\TiWorker.exe,,S:AI,,SCAFFOLD,0x3e7,DC$,S-1-5-18,,,,,,,,,,,
2026-09-02T03:21:22.215666Z,4660,dc.scaffold.htb,Microsoft-Windows-Security-Auditing,Security,21995,0,,,,,,,,,0x138c,,,,,,,,,,,,,,Security,,,,,0x870,C:\Windows\WinSxS\amd64_microsoft-windows-servicingstack_31bf3856ad364e35_10.0.20348.557_none_f1edaeb8515fa10d\TiWorker.exe,,,,SCAFFOLD,0x3e7,DC$,S-1-5-18,,,,,,,,,C6284384-A67C-11F1-9935-005056B98D90,,
2026-09-02T03:21:22.216771Z,4663,dc.scaffold.htb,Microsoft-Windows-Security-Auditing,Security,21996,0,"%%1537
				",0x10000,,,,,,,0x1388,,,,,,,,,,,,,C:\Windows\Microsoft.NET\Framework\v4.0.30319\System.Net.dll,Security,File,,,,0x870,C:\Windows\WinSxS\amd64_microsoft-windows-servicingstack_31bf3856ad364e35_10.0.20348.557_none_f1edaeb8515fa10d\TiWorker.exe,,S:AI,,SCAFFOLD,0x3e7,DC$,S-1-5-18,,,,,,,,,,,
2026-09-02T03:21:22.216776Z,4660,dc.scaffold.htb,Microsoft-Windows-Security-Auditing,Security,21997,0,,,,,,,,,0x1388,,,,,,,,,,,,,,Security,,,,,0x870,C:\Windows\WinSxS\amd64_microsoft-windows-servicingstack_31bf3856ad364e35_10.0.20348.557_none_f1edaeb8515fa10d\TiWorker.exe,,,,SCAFFOLD,0x3e7,DC$,S-1-5-18,,,,,,,,,C6284384-A67C-11F1-9935-005056B98D90,,
2026-09-02T03:21:22.217464Z,4663,dc.scaffold.htb,Microsoft-Windows-Security-Auditing,Security,21998,0,"%%1537
				",0x10000,,,,,,,0x1384,,,,,,,,,,,,,C:\Windows\Microsoft.NET\Framework\v4.0.30319\System.Net.Http.dll,Security,File,,,,0x870,C:\Windows\WinSxS\amd64_microsoft-windows-servicingstack_31bf3856ad364e35_10.0.20348.557_none_f1edaeb8515fa10d\TiWorker.exe,,S:AI,,SCAFFOLD,0x3e7,DC$,S-1-5-18,,,,,,,,,,,
2026-09-02T03:21:22.217470Z,4660,dc.scaffold.htb,Microsoft-Windows-Security-Auditing,Security,21999,0,,,,,,,,,0x1384,,,,,,,,,,,,,,Security,,,,,0x870,C:\Windows\WinSxS\amd64_microsoft-windows-servicingstack_31bf3856ad364e35_10.0.20348.557_none_f1edaeb8515fa10d\TiWorker.exe,,,,SCAFFOLD,0x3e7,DC$,S-1-5-18,,,,,,,,,C6284384-A67C-11F1-9935-005056B98D90,,
2026-09-02T03:21:22.218150Z,4663,dc.scaffold.htb,Microsoft-Windows-Security-Auditing,Security,22000,0,"%%1537
				",0x10000,,,,,,,0x138c,,,,,,,,,,,,,C:\Windows\Microsoft.NET\Framework\v4.0.30319\System.Net.Http.WebRequest.dll,Security,File,,,,0x870,C:\Windows\WinSxS\amd64_microsoft-windows-servicingstack_31bf3856ad364e35_10.0.20348.557_none_f1edaeb8515fa10d\TiWorker.exe,,S:AI,,SCAFFOLD,0x3e7,DC$,S-1-5-18,,,,,,,,,,,
2026-09-02T03:21:22.218155Z,4660,dc.scaffold.htb,Microsoft-Windows-Security-Auditing,Security,22001,0,,,,,,,,,0x138c,,,,,,,,,,,,,,Security,,,,,0x870,C:\Windows\WinSxS\amd64_microsoft-windows-servicingstack_31bf3856ad364e35_10.0.20348.557_none_f1edaeb8515fa10d\TiWorker.exe,,,,SCAFFOLD,0x3e7,DC$,S-1-5-18,,,,,,,,,C6284384-A67C-11F1-9935-005056B98D90,,
2026-09-02T03:21:22.219459Z,4663,dc.scaffold.htb,Microsoft-Windows-Security-Auditing,Security,22002,0,"%%1537
				",0x10000,,,,,,,0x1388,,,,,,,,,,,,,C:\Windows\Microsoft.NET\Framework\v4.0.30319\System.Runtime.Caching.dll,Security,File,,,,0x870,C:\Windows\WinSxS\amd64_microsoft-windows-servicingstack_31bf3856ad364e35_10.0.20348.557_none_f1edaeb8515fa10d\TiWorker.exe,,S:AI,,SCAFFOLD,0x3e7,DC$,S-1-5-18,,,,,,,,,,,
2026-09-02T03:21:22.219465Z,4660,dc.scaffold.htb,Microsoft-Windows-Security-Auditing,Security,22003,0,,,,,,,,,0x1388,,,,,,,,,,,,,,Security,,,,,0x870,C:\Windows\WinSxS\amd64_microsoft-windows-servicingstack_31bf3856ad364e35_10.0.20348.557_none_f1edaeb8515fa10d\TiWorker.exe,,,,SCAFFOLD,0x3e7,DC$,S-1-5-18,,,,,,,,,C6284384-A67C-11F1-9935-005056B98D90,,
2026-09-02T03:21:22.220175Z,4663,dc.scaffold.htb,Microsoft-Windows-Security-Auditing,Security,22004,0,"%%1537
				",0x10000,,,,,,,0x1384,,,,,,,,,,,,,C:\Windows\Microsoft.NET\Framework\v4.0.30319\System.Runtime.Remoting.dll,Security,File,,,,0x870,C:\Windows\WinSxS\amd64_microsoft-windows-servicingstack_31bf3856ad364e35_10.0.20348.557_none_f1edaeb8515fa10d\TiWorker.exe,,S:AI,,SCAFFOLD,0x3e7,DC$,S-1-5-18,,,,,,,,,,,
2026-09-02T03:21:22.220181Z,4660,dc.scaffold.htb,Microsoft-Windows-Security-Auditing,Security,22005,0,,,,,,,,,0x1384,,,,,,,,,,,,,,Security,,,,,0x870,C:\Windows\WinSxS\amd64_microsoft-windows-servicingstack_31bf3856ad364e35_10.0.20348.557_none_f1edaeb8515fa10d\TiWorker.exe,,,,SCAFFOLD,0x3e7,DC$,S-1-5-18,,,,,,,,,C6284384-A67C-11F1-9935-005056B98D90,,
2026-09-02T03:21:22.220926Z,4663,dc.scaffold.htb,Microsoft-Windows-Security-Auditing,Security,22006,0,"%%1537
				",0x10000,,,,,,,0x138c,,,,,,,,,,,,,C:\Windows\Microsoft.NET\Framework\v4.0.30319\System.Runtime.Serialization.dll,Security,File,,,,0x870,C:\Windows\WinSxS\amd64_microsoft-windows-servicingstack_31bf3856ad364e35_10.0.20348.557_none_f1edaeb8515fa10d\TiWorker.exe,,S:AI,,SCAFFOLD,0x3e7,DC$,S-1-5-18,,,,,,,,,,,
2026-09-02T03:21:22.220933Z,4660,dc.scaffold.htb,Microsoft-Windows-Security-Auditing,Security,22007,0,,,,,,,,,0x138c,,,,,,,,,,,,,,Security,,,,,0x870,C:\Windows\WinSxS\amd64_microsoft-windows-servicingstack_31bf3856ad364e35_10.0.20348.557_none_f1edaeb8515fa10d\TiWorker.exe,,,,SCAFFOLD,0x3e7,DC$,S-1-5-18,,,,,,,,,C6284384-A67C-11F1-9935-005056B98D90,,
2026-09-02T03:21:22.222235Z,4663,dc.scaffold.htb,Microsoft-Windows-Security-Auditing,Security,22008,0,"%%1537
				",0x10000,,,,,,,0x1388,,,,,,,,,,,,,C:\Windows\Microsoft.NET\Framework\v4.0.30319\System.Security.dll,Security,File,,,,0x870,C:\Windows\WinSxS\amd64_microsoft-windows-servicingstack_31bf3856ad364e35_10.0.20348.557_none_f1edaeb8515fa10d\TiWorker.exe,,S:AI,,SCAFFOLD,0x3e7,DC$,S-1-5-18,,,,,,,,,,,
2026-09-02T03:21:22.222241Z,4660,dc.scaffold.htb,Microsoft-Windows-Security-Auditing,Security,22009,0,,,,,,,,,0x1388,,,,,,,,,,,,,,Security,,,,,0x870,C:\Windows\WinSxS\amd64_microsoft-windows-servicingstack_31bf3856ad364e35_10.0.20348.557_none_f1edaeb8515fa10d\TiWorker.exe,,,,SCAFFOLD,0x3e7,DC$,S-1-5-18,,,,,,,,,C6284384-A67C-11F1-9935-005056B98D90,,
2026-09-02T03:21:22.223063Z,4663,dc.scaffold.htb,Microsoft-Windows-Security-Auditing,Security,22010,0,"%%1537
				",0x10000,,,,,,,0x1384,,,,,,,,,,,,,C:\Windows\Microsoft.NET\Framework\v4.0.30319\System.ServiceModel.Channels.dll,Security,File,,,,0x870,C:\Windows\WinSxS\amd64_microsoft-windows-servicingstack_31bf3856ad364e35_10.0.20348.557_none_f1edaeb8515fa10d\TiWorker.exe,,S:AI,,SCAFFOLD,0x3e7,DC$,S-1-5-18,,,,,,,,,,,
2026-09-02T03:21:22.223069Z,4660,dc.scaffold.htb,Microsoft-Windows-Security-Auditing,Security,22011,0,,,,,,,,,0x1384,,,,,,,,,,,,,,Security,,,,,0x870,C:\Windows\WinSxS\amd64_microsoft-windows-servicingstack_31bf3856ad364e35_10.0.20348.557_none_f1edaeb8515fa10d\TiWorker.exe,,,,SCAFFOLD,0x3e7,DC$,S-1-5-18,,,,,,,,,C6284384-A67C-11F1-9935-005056B98D90,,
2026-09-02T03:21:22.223905Z,4663,dc.scaffold.htb,Microsoft-Windows-Security-Auditing,Security,22012,0,"%%1537
				",0x10000,,,,,,,0x138c,,,,,,,,,,,,,C:\Windows\Microsoft.NET\Framework\v4.0.30319\System.ServiceModel.Discovery.dll,Security,File,,,,0x870,C:\Windows\WinSxS\amd64_microsoft-windows-servicingstack_31bf3856ad364e35_10.0.20348.557_none_f1edaeb8515fa10d\TiWorker.exe,,S:AI,,SCAFFOLD,0x3e7,DC$,S-1-5-18,,,,,,,,,,,
2026-09-02T03:21:22.223911Z,4660,dc.scaffold.htb,Microsoft-Windows-Security-Auditing,Security,22013,0,,,,,,,,,0x138c,,,,,,,,,,,,,,Security,,,,,0x870,C:\Windows\WinSxS\amd64_microsoft-windows-servicingstack_31bf3856ad364e35_10.0.20348.557_none_f1edaeb8515fa10d\TiWorker.exe,,,,SCAFFOLD,0x3e7,DC$,S-1-5-18,,,,,,,,,C6284384-A67C-11F1-9935-005056B98D90,,
2026-09-02T03:21:22.224608Z,4663,dc.scaffold.htb,Microsoft-Windows-Security-Auditing,Security,22014,0,"%%1537
				",0x10000,,,,,,,0x1388,,,,,,,,,,,,,C:\Windows\Microsoft.NET\Framework\v4.0.30319\System.ServiceModel.dll,Security,File,,,,0x870,C:\Windows\WinSxS\amd64_microsoft-windows-servicingstack_31bf3856ad364e35_10.0.20348.557_none_f1edaeb8515fa10d\TiWorker.exe,,S:AI,,SCAFFOLD,0x3e7,DC$,S-1-5-18,,,,,,,,,,,
2026-09-02T03:21:22.224613Z,4660,dc.scaffold.htb,Microsoft-Windows-Security-Auditing,Security,22015,0,,,,,,,,,0x1388,,,,,,,,,,,,,,Security,,,,,0x870,C:\Windows\WinSxS\amd64_microsoft-windows-servicingstack_31bf3856ad364e35_10.0.20348.557_none_f1edaeb8515fa10d\TiWorker.exe,,,,SCAFFOLD,0x3e7,DC$,S-1-5-18,,,,,,,,,C6284384-A67C-11F1-9935-005056B98D90,,
2026-09-02T03:21:22.225393Z,4663,dc.scaffold.htb,Microsoft-Windows-Security-Auditing,Security,22016,0,"%%1537
				",0x10000,,,,,,,0x1380,,,,,,,,,,,,,C:\Windows\Microsoft.NET\Framework\v4.0.30319\System.ServiceModel.Internals.dll,Security,File,,,,0x870,C:\Windows\WinSxS\amd64_microsoft-windows-servicingstack_31bf3856ad364e35_10.0.20348.557_none_f1edaeb8515fa10d\TiWorker.exe,,S:AI,,SCAFFOLD,0x3e7,DC$,S-1-5-18,,,,,,,,,,,
2026-09-02T03:21:22.225398Z,4660,dc.scaffold.htb,Microsoft-Windows-Security-Auditing,Security,22017,0,,,,,,,,,0x1380,,,,,,,,,,,,,,Security,,,,,0x870,C:\Windows\WinSxS\amd64_microsoft-windows-servicingstack_31bf3856ad364e35_10.0.20348.557_none_f1edaeb8515fa10d\TiWorker.exe,,,,SCAFFOLD,0x3e7,DC$,S-1-5-18,,,,,,,,,C6284384-A67C-11F1-9935-005056B98D90,,
2026-09-02T03:21:22.226359Z,4663,dc.scaffold.htb,Microsoft-Windows-Security-Auditing,Security,22018,0,"%%1537
				",0x10000,,,,,,,0x1384,,,,,,,,,,,,,C:\Windows\Microsoft.NET\Framework\v4.0.30319\System.ServiceModel.WasHosting.dll,Security,File,,,,0x870,C:\Windows\WinSxS\amd64_microsoft-windows-servicingstack_31bf3856ad364e35_10.0.20348.557_none_f1edaeb8515fa10d\TiWorker.exe,,S:AI,,SCAFFOLD,0x3e7,DC$,S-1-5-18,,,,,,,,,,,
2026-09-02T03:21:22.226364Z,4660,dc.scaffold.htb,Microsoft-Windows-Security-Auditing,Security,22019,0,,,,,,,,,0x1384,,,,,,,,,,,,,,Security,,,,,0x870,C:\Windows\WinSxS\amd64_microsoft-windows-servicingstack_31bf3856ad364e35_10.0.20348.557_none_f1edaeb8515fa10d\TiWorker.exe,,,,SCAFFOLD,0x3e7,DC$,S-1-5-18,,,,,,,,,C6284384-A67C-11F1-9935-005056B98D90,,
2026-09-02T03:21:22.227494Z,4663,dc.scaffold.htb,Microsoft-Windows-Security-Auditing,Security,22020,0,"%%1537
				",0x10000,,,,,,,0x1394,,,,,,,,,,,,,C:\Windows\Microsoft.NET\Framework\v4.0.30319\System.Web.ApplicationServices.dll,Security,File,,,,0x870,C:\Windows\WinSxS\amd64_microsoft-windows-servicingstack_31bf3856ad364e35_10.0.20348.557_none_f1edaeb8515fa10d\TiWorker.exe,,S:AI,,SCAFFOLD,0x3e7,DC$,S-1-5-18,,,,,,,,,,,
2026-09-02T03:21:22.227500Z,4660,dc.scaffold.htb,Microsoft-Windows-Security-Auditing,Security,22021,0,,,,,,,,,0x1394,,,,,,,,,,,,,,Security,,,,,0x870,C:\Windows\WinSxS\amd64_microsoft-windows-servicingstack_31bf3856ad364e35_10.0.20348.557_none_f1edaeb8515fa10d\TiWorker.exe,,,,SCAFFOLD,0x3e7,DC$,S-1-5-18,,,,,,,,,C6284384-A67C-11F1-9935-005056B98D90,,
2026-09-02T03:21:22.228216Z,4663,dc.scaffold.htb,Microsoft-Windows-Security-Auditing,Security,22022,0,"%%1537
				",0x10000,,,,,,,0x1390,,,,,,,,,,,,,C:\Windows\Microsoft.NET\Framework\v4.0.30319\System.Web.dll,Security,File,,,,0x870,C:\Windows\WinSxS\amd64_microsoft-windows-servicingstack_31bf3856ad364e35_10.0.20348.557_none_f1edaeb8515fa10d\TiWorker.exe,,S:AI,,SCAFFOLD,0x3e7,DC$,S-1-5-18,,,,,,,,,,,
2026-09-02T03:21:22.228711Z,4660,dc.scaffold.htb,Microsoft-Windows-Security-Auditing,Security,22023,0,,,,,,,,,0x1390,,,,,,,,,,,,,,Security,,,,,0x870,C:\Windows\WinSxS\amd64_microsoft-windows-servicingstack_31bf3856ad364e35_10.0.20348.557_none_f1edaeb8515fa10d\TiWorker.exe,,,,SCAFFOLD,0x3e7,DC$,S-1-5-18,,,,,,,,,C6284384-A67C-11F1-9935-005056B98D90,,
2026-09-02T03:21:22.229613Z,4663,dc.scaffold.htb,Microsoft-Windows-Security-Auditing,Security,22024,0,"%%1537
				",0x10000,,,,,,,0x1384,,,,,,,,,,,,,C:\Windows\Microsoft.NET\Framework\v4.0.30319\System.Web.Extensions.dll,Security,File,,,,0x870,C:\Windows\WinSxS\amd64_microsoft-windows-servicingstack_31bf3856ad364e35_10.0.20348.557_none_f1edaeb8515fa10d\TiWorker.exe,,S:AI,,SCAFFOLD,0x3e7,DC$,S-1-5-18,,,,,,,,,,,
