TimeGenerated,EventID,Computer,Provider,Channel,RecordID,Level,AccessList,AccessMask,AdvancedOptions,CommandLine,ConfigAccessPolicy,DisableIntegrityChecks,FileName,FlightSigning,HandleId,HypervisorDebug,HypervisorLaunchType,HypervisorLoadOptions,KernelDebug,LinkName,LoadOptions,MandatoryLabel,NewProcessId,NewProcessName,NewSd,NewState,NewTime,ObjectName,ObjectServer,ObjectType,OldSd,ParentProcessName,PreviousTime,ProcessId,ProcessName,RemoteEventLogging,ResourceAttributes,ResourceManager,SubjectDomainName,SubjectLogonId,SubjectUserName,SubjectUserSid,TargetDomainName,TargetLogonId,TargetProcessId,TargetProcessName,TargetUserName,TargetUserSid,TestSigning,TokenElevationType,TransactionId,VsmLaunchType,attributes_xmlns
2026-05-25T14:55:32.135971Z,1102,dc.scaffold.htb,Microsoft-Windows-Eventlog,Security,19262,4,,,,,,,,,,,,,,,,,,,,,,,,,,,,,,,,,SCAFFOLD,0x7dec7,Administrator,S-1-5-21-365932789-2848835602-3476675013-500,,,,,,,,,,,http://manifests.microsoft.com/win/2004/08/windows/eventlog
2026-05-25T15:52:31.232086Z,4663,dc.scaffold.htb,Microsoft-Windows-Security-Auditing,Security,19263,0,"%%4417
				",0x2,,,,,,,0x250c,,,,,,,,,,,,,C:\Software\Packages\Ready,Security,File,,,,0xe4,C:\Windows\System32\inetsrv\w3wp.exe,,S:AI,,IIS APPPOOL,0x33596c,ScaffoldPortal,S-1-5-82-1867253349-2120800330-147101562-1812276155-225467406,,,,,,,,,,,
2026-05-25T15:56:44.211855Z,1100,dc.scaffold.htb,Microsoft-Windows-Eventlog,Security,19264,4,,,,,,,,,,,,,,,,,,,,,,,,,,,,,,,,,,,,,,,,,,,,,,,http://manifests.microsoft.com/win/2004/08/windows/eventlog
2026-05-26T14:09:51.366802Z,4688,dc.scaffold.htb,Microsoft-Windows-Security-Auditing,Security,19265,0,,,,,,,,,,,,,,,,S-1-16-16384,0x7c,Registry,,,,,,,,,,0x4,,,,,-,0x3e7,-,S-1-5-18,-,0x0,,,-,S-1-0-0,,%%1936,,,
2026-05-26T14:09:51.367734Z,4696,dc.scaffold.htb,Microsoft-Windows-Security-Auditing,Security,19266,0,,,,,,,,,,,,,,,,,,,,,,,,,,,,0x4,,,,,-,0x3e7,-,S-1-5-18,-,0x3e7,0x7c,Registry,-,S-1-0-0,,,,,
2026-05-26T14:09:51.367739Z,4826,dc.scaffold.htb,Microsoft-Windows-Security-Auditing,Security,19267,0,,,%%1843,,%%1846,%%1843,,%%1843,,%%1843,%%1848,-,%%1843,,-,,,,,,,,,,,,,,,%%1843,,,-,0x3e7,-,S-1-5-18,,,,,,,%%1843,,,%%1848,
2026-05-26T14:09:51.370802Z,4688,dc.scaffold.htb,Microsoft-Windows-Security-Auditing,Security,19268,0,,,,,,,,,,,,,,,,S-1-16-16384,0x158,C:\Windows\System32\smss.exe,,,,,,,,,,0x4,,,,,-,0x3e7,-,S-1-5-18,-,0x0,,,-,S-1-0-0,,%%1936,,,
2026-05-26T14:09:51.657988Z,4688,dc.scaffold.htb,Microsoft-Windows-Security-Auditing,Security,19269,0,,,,,,,,,,,,,,,,S-1-16-16384,0x178,C:\Windows\System32\autochk.exe,,,,,,,,C:\Windows\System32\smss.exe,,0x158,,,,,-,0x3e7,-,S-1-5-18,-,0x0,,,-,S-1-0-0,,%%1936,,,
2026-05-26T14:09:52.046795Z,4688,dc.scaffold.htb,Microsoft-Windows-Security-Auditing,Security,19270,0,,,,,,,,,,,,,,,,S-1-16-16384,0x1c0,C:\Windows\System32\smss.exe,,,,,,,,C:\Windows\System32\smss.exe,,0x158,,,,,-,0x3e7,-,S-1-5-18,-,0x0,,,-,S-1-0-0,,%%1936,,,
2026-05-26T14:09:52.091596Z,4688,dc.scaffold.htb,Microsoft-Windows-Security-Auditing,Security,19271,0,,,,,,,,,,,,,,,,S-1-16-16384,0x1cc,C:\Windows\System32\csrss.exe,,,,,,,,C:\Windows\System32\smss.exe,,0x1c0,,,,,-,0x3e7,-,S-1-5-18,-,0x0,,,-,S-1-0-0,,%%1936,,,
2026-05-26T14:09:52.217724Z,4688,dc.scaffold.htb,Microsoft-Windows-Security-Auditing,Security,19272,0,,,,,,,,,,,,,,,,S-1-16-16384,0x244,C:\Windows\System32\smss.exe,,,,,,,,C:\Windows\System32\smss.exe,,0x158,,,,,-,0x3e7,-,S-1-5-18,-,0x0,,,-,S-1-0-0,,%%1936,,,
2026-05-26T14:09:52.218953Z,4688,dc.scaffold.htb,Microsoft-Windows-Security-Auditing,Security,19273,0,,,,,,,,,,,,,,,,S-1-16-16384,0x24c,C:\Windows\System32\wininit.exe,,,,,,,,C:\Windows\System32\smss.exe,,0x1c0,,,,,-,0x3e7,-,S-1-5-18,-,0x0,,,-,S-1-0-0,,%%1936,,,
2026-05-26T14:09:52.222299Z,4688,dc.scaffold.htb,Microsoft-Windows-Security-Auditing,Security,19274,0,,,,,,,,,,,,,,,,S-1-16-16384,0x254,C:\Windows\System32\csrss.exe,,,,,,,,C:\Windows\System32\smss.exe,,0x244,,,,,-,0x3e7,-,S-1-5-18,-,0x0,,,-,S-1-0-0,,%%1936,,,
2026-05-26T14:09:52.256210Z,4688,dc.scaffold.htb,Microsoft-Windows-Security-Auditing,Security,19275,0,,,,,,,,,,,,,,,,S-1-16-16384,0x2b0,C:\Windows\System32\winlogon.exe,,,,,,,,C:\Windows\System32\smss.exe,,0x244,,,,,-,0x3e7,-,S-1-5-18,-,0x0,,,-,S-1-0-0,,%%1936,,,
2026-05-26T14:09:52.299643Z,4688,dc.scaffold.htb,Microsoft-Windows-Security-Auditing,Security,19276,0,,,,,,,,,,,,,,,,S-1-16-16384,0x2dc,C:\Windows\System32\services.exe,,,,,,,,C:\Windows\System32\wininit.exe,,0x24c,,,,,-,0x3e7,-,S-1-5-18,-,0x0,,,-,S-1-0-0,,%%1936,,,
2026-05-26T14:09:52.334262Z,4688,dc.scaffold.htb,Microsoft-Windows-Security-Auditing,Security,19277,0,,,,,,,,,,,,,,,,S-1-16-16384,0x2f0,C:\Windows\System32\lsass.exe,,,,,,,,C:\Windows\System32\wininit.exe,,0x24c,,,,,-,0x3e7,-,S-1-5-18,-,0x0,,,-,S-1-0-0,,%%1936,,,
2026-05-26T14:20:22.599854Z,4985,dc.scaffold.htb,Microsoft-Windows-Security-Auditing,Security,19278,0,,,,,,,,,,,,,,,,,,,,48,,,,,,,,0x54c,C:\Windows\WinSxS\amd64_microsoft-windows-servicingstack_31bf3856ad364e35_10.0.20348.557_none_f1edaeb8515fa10d\TiWorker.exe,,,DA4CB52F-4F22-11F1-A9A6-8906DE6815CD,SCAFFOLD,0x3e7,DC$,S-1-5-18,,,,,,,,,8CFC3CF1-590C-11F1-9926-000C29F4042B,,
2026-05-26T14:20:22.612983Z,4985,dc.scaffold.htb,Microsoft-Windows-Security-Auditing,Security,19279,0,,,,,,,,,,,,,,,,,,,,52,,,,,,,,0x54c,C:\Windows\WinSxS\amd64_microsoft-windows-servicingstack_31bf3856ad364e35_10.0.20348.557_none_f1edaeb8515fa10d\TiWorker.exe,,,DA4CB52F-4F22-11F1-A9A6-8906DE6815CD,SCAFFOLD,0x3e7,DC$,S-1-5-18,,,,,,,,,8CFC3CF1-590C-11F1-9926-000C29F4042B,,
2026-05-26T14:20:22.631386Z,4985,dc.scaffold.htb,Microsoft-Windows-Security-Auditing,Security,19280,0,,,,,,,,,,,,,,,,,,,,48,,,,,,,,0x54c,C:\Windows\WinSxS\amd64_microsoft-windows-servicingstack_31bf3856ad364e35_10.0.20348.557_none_f1edaeb8515fa10d\TiWorker.exe,,,DA4CB52F-4F22-11F1-A9A6-8906DE6815CD,SCAFFOLD,0x3e7,DC$,S-1-5-18,,,,,,,,,8CFC3D03-590C-11F1-9926-000C29F4042B,,
2026-05-26T14:20:22.635225Z,4985,dc.scaffold.htb,Microsoft-Windows-Security-Auditing,Security,19281,0,,,,,,,,,,,,,,,,,,,,52,,,,,,,,0x54c,C:\Windows\WinSxS\amd64_microsoft-windows-servicingstack_31bf3856ad364e35_10.0.20348.557_none_f1edaeb8515fa10d\TiWorker.exe,,,DA4CB52F-4F22-11F1-A9A6-8906DE6815CD,SCAFFOLD,0x3e7,DC$,S-1-5-18,,,,,,,,,8CFC3D03-590C-11F1-9926-000C29F4042B,,
2026-05-26T14:21:30.279992Z,4663,dc.scaffold.htb,Microsoft-Windows-Security-Auditing,Security,19282,0,"%%4417
				",0x2,,,,,,,0x1b4c,,,,,,,,,,,,,C:\Software\Packages\Ready,Security,File,,,,0x1c38,C:\Windows\System32\inetsrv\w3wp.exe,,S:AI,,IIS APPPOOL,0xaa8c1,ScaffoldPortal,S-1-5-82-1867253349-2120800330-147101562-1812276155-225467406,,,,,,,,,,,
2026-05-26T14:28:08.482563Z,1100,dc.scaffold.htb,Microsoft-Windows-Eventlog,Security,19283,4,,,,,,,,,,,,,,,,,,,,,,,,,,,,,,,,,,,,,,,,,,,,,,,http://manifests.microsoft.com/win/2004/08/windows/eventlog
2026-05-29T19:26:54.148456Z,4688,dc.scaffold.htb,Microsoft-Windows-Security-Auditing,Security,19284,0,,,,,,,,,,,,,,,,S-1-16-16384,0x7c,Registry,,,,,,,,,,0x4,,,,,-,0x3e7,-,S-1-5-18,-,0x0,,,-,S-1-0-0,,%%1936,,,
2026-05-29T19:26:54.148694Z,4696,dc.scaffold.htb,Microsoft-Windows-Security-Auditing,Security,19285,0,,,,,,,,,,,,,,,,,,,,,,,,,,,,0x4,,,,,-,0x3e7,-,S-1-5-18,-,0x3e7,0x7c,Registry,-,S-1-0-0,,,,,
2026-05-29T19:26:54.148699Z,4826,dc.scaffold.htb,Microsoft-Windows-Security-Auditing,Security,19286,0,,,%%1843,,%%1846,%%1843,,%%1843,,%%1843,%%1848,-,%%1843,,-,,,,,,,,,,,,,,,%%1843,,,-,0x3e7,-,S-1-5-18,,,,,,,%%1843,,,%%1848,
2026-05-29T19:26:54.150571Z,4688,dc.scaffold.htb,Microsoft-Windows-Security-Auditing,Security,19287,0,,,,,,,,,,,,,,,,S-1-16-16384,0x158,C:\Windows\System32\smss.exe,,,,,,,,,,0x4,,,,,-,0x3e7,-,S-1-5-18,-,0x0,,,-,S-1-0-0,,%%1936,,,
2026-05-29T19:26:54.386340Z,4688,dc.scaffold.htb,Microsoft-Windows-Security-Auditing,Security,19288,0,,,,,,,,,,,,,,,,S-1-16-16384,0x17c,C:\Windows\System32\autochk.exe,,,,,,,,C:\Windows\System32\smss.exe,,0x158,,,,,-,0x3e7,-,S-1-5-18,-,0x0,,,-,S-1-0-0,,%%1936,,,
2026-05-29T19:26:55.677945Z,4688,dc.scaffold.htb,Microsoft-Windows-Security-Auditing,Security,19289,0,,,,,,,,,,,,,,,,S-1-16-16384,0x1c0,C:\Windows\System32\smss.exe,,,,,,,,C:\Windows\System32\smss.exe,,0x158,,,,,-,0x3e7,-,S-1-5-18,-,0x0,,,-,S-1-0-0,,%%1936,,,
2026-05-29T19:26:55.828423Z,4688,dc.scaffold.htb,Microsoft-Windows-Security-Auditing,Security,19290,0,,,,,,,,,,,,,,,,S-1-16-16384,0x1c8,C:\Windows\System32\csrss.exe,,,,,,,,C:\Windows\System32\smss.exe,,0x1c0,,,,,-,0x3e7,-,S-1-5-18,-,0x0,,,-,S-1-0-0,,%%1936,,,
2026-05-29T19:26:56.118569Z,4688,dc.scaffold.htb,Microsoft-Windows-Security-Auditing,Security,19291,0,,,,,,,,,,,,,,,,S-1-16-16384,0x228,C:\Windows\System32\smss.exe,,,,,,,,C:\Windows\System32\smss.exe,,0x158,,,,,-,0x3e7,-,S-1-5-18,-,0x0,,,-,S-1-0-0,,%%1936,,,
2026-05-29T19:26:56.119691Z,4688,dc.scaffold.htb,Microsoft-Windows-Security-Auditing,Security,19292,0,,,,,,,,,,,,,,,,S-1-16-16384,0x230,C:\Windows\System32\wininit.exe,,,,,,,,C:\Windows\System32\smss.exe,,0x1c0,,,,,-,0x3e7,-,S-1-5-18,-,0x0,,,-,S-1-0-0,,%%1936,,,
2026-05-29T19:26:56.125425Z,4688,dc.scaffold.htb,Microsoft-Windows-Security-Auditing,Security,19293,0,,,,,,,,,,,,,,,,S-1-16-16384,0x23c,C:\Windows\System32\csrss.exe,,,,,,,,C:\Windows\System32\smss.exe,,0x228,,,,,-,0x3e7,-,S-1-5-18,-,0x0,,,-,S-1-0-0,,%%1936,,,
2026-05-29T19:26:56.154902Z,4688,dc.scaffold.htb,Microsoft-Windows-Security-Auditing,Security,19294,0,,,,,,,,,,,,,,,,S-1-16-16384,0x294,C:\Windows\System32\winlogon.exe,,,,,,,,C:\Windows\System32\smss.exe,,0x228,,,,,-,0x3e7,-,S-1-5-18,-,0x0,,,-,S-1-0-0,,%%1936,,,
2026-05-29T19:26:56.193375Z,4688,dc.scaffold.htb,Microsoft-Windows-Security-Auditing,Security,19295,0,,,,,,,,,,,,,,,,S-1-16-16384,0x2c0,C:\Windows\System32\services.exe,,,,,,,,C:\Windows\System32\wininit.exe,,0x230,,,,,-,0x3e7,-,S-1-5-18,-,0x0,,,-,S-1-0-0,,%%1936,,,
2026-05-29T19:26:56.223538Z,4688,dc.scaffold.htb,Microsoft-Windows-Security-Auditing,Security,19296,0,,,,,,,,,,,,,,,,S-1-16-16384,0x2d4,C:\Windows\System32\lsass.exe,,,,,,,,C:\Windows\System32\wininit.exe,,0x230,,,,,-,0x3e7,-,S-1-5-18,-,0x0,,,-,S-1-0-0,,%%1936,,,
2026-05-29T19:32:11.595854Z,1100,dc.scaffold.htb,Microsoft-Windows-Eventlog,Security,19297,4,,,,,,,,,,,,,,,,,,,,,,,,,,,,,,,,,,,,,,,,,,,,,,,http://manifests.microsoft.com/win/2004/08/windows/eventlog
2026-06-01T00:56:05.893761Z,4688,dc.scaffold.htb,Microsoft-Windows-Security-Auditing,Security,19298,0,,,,,,,,,,,,,,,,S-1-16-16384,0x7c,Registry,,,,,,,,,,0x4,,,,,-,0x3e7,-,S-1-5-18,-,0x0,,,-,S-1-0-0,,%%1936,,,
2026-06-01T00:56:05.893941Z,4696,dc.scaffold.htb,Microsoft-Windows-Security-Auditing,Security,19299,0,,,,,,,,,,,,,,,,,,,,,,,,,,,,0x4,,,,,-,0x3e7,-,S-1-5-18,-,0x3e7,0x7c,Registry,-,S-1-0-0,,,,,
2026-06-01T00:56:05.893944Z,4826,dc.scaffold.htb,Microsoft-Windows-Security-Auditing,Security,19300,0,,,%%1843,,%%1846,%%1843,,%%1843,,%%1843,%%1848,-,%%1843,,-,,,,,,,,,,,,,,,%%1843,,,-,0x3e7,-,S-1-5-18,,,,,,,%%1843,,,%%1848,
2026-06-01T00:56:05.895541Z,4688,dc.scaffold.htb,Microsoft-Windows-Security-Auditing,Security,19301,0,,,,,,,,,,,,,,,,S-1-16-16384,0x15c,C:\Windows\System32\smss.exe,,,,,,,,,,0x4,,,,,-,0x3e7,-,S-1-5-18,-,0x0,,,-,S-1-0-0,,%%1936,,,
2026-06-01T00:56:06.128903Z,4688,dc.scaffold.htb,Microsoft-Windows-Security-Auditing,Security,19302,0,,,,,,,,,,,,,,,,S-1-16-16384,0x180,C:\Windows\System32\autochk.exe,,,,,,,,C:\Windows\System32\smss.exe,,0x15c,,,,,-,0x3e7,-,S-1-5-18,-,0x0,,,-,S-1-0-0,,%%1936,,,
2026-06-01T00:56:06.419196Z,4688,dc.scaffold.htb,Microsoft-Windows-Security-Auditing,Security,19303,0,,,,,,,,,,,,,,,,S-1-16-16384,0x1c4,C:\Windows\System32\smss.exe,,,,,,,,C:\Windows\System32\smss.exe,,0x15c,,,,,-,0x3e7,-,S-1-5-18,-,0x0,,,-,S-1-0-0,,%%1936,,,
2026-06-01T00:56:06.458263Z,4688,dc.scaffold.htb,Microsoft-Windows-Security-Auditing,Security,19304,0,,,,,,,,,,,,,,,,S-1-16-16384,0x1cc,C:\Windows\System32\csrss.exe,,,,,,,,C:\Windows\System32\smss.exe,,0x1c4,,,,,-,0x3e7,-,S-1-5-18,-,0x0,,,-,S-1-0-0,,%%1936,,,
2026-06-01T00:56:06.559738Z,4688,dc.scaffold.htb,Microsoft-Windows-Security-Auditing,Security,19305,0,,,,,,,,,,,,,,,,S-1-16-16384,0x23c,C:\Windows\System32\smss.exe,,,,,,,,C:\Windows\System32\smss.exe,,0x15c,,,,,-,0x3e7,-,S-1-5-18,-,0x0,,,-,S-1-0-0,,%%1936,,,
2026-06-01T00:56:06.561591Z,4688,dc.scaffold.htb,Microsoft-Windows-Security-Auditing,Security,19306,0,,,,,,,,,,,,,,,,S-1-16-16384,0x244,C:\Windows\System32\wininit.exe,,,,,,,,C:\Windows\System32\smss.exe,,0x1c4,,,,,-,0x3e7,-,S-1-5-18,-,0x0,,,-,S-1-0-0,,%%1936,,,
2026-06-01T00:56:06.564257Z,4688,dc.scaffold.htb,Microsoft-Windows-Security-Auditing,Security,19307,0,,,,,,,,,,,,,,,,S-1-16-16384,0x24c,C:\Windows\System32\csrss.exe,,,,,,,,C:\Windows\System32\smss.exe,,0x23c,,,,,-,0x3e7,-,S-1-5-18,-,0x0,,,-,S-1-0-0,,%%1936,,,
2026-06-01T00:56:06.592202Z,4688,dc.scaffold.htb,Microsoft-Windows-Security-Auditing,Security,19308,0,,,,,,,,,,,,,,,,S-1-16-16384,0x2a8,C:\Windows\System32\winlogon.exe,,,,,,,,C:\Windows\System32\smss.exe,,0x23c,,,,,-,0x3e7,-,S-1-5-18,-,0x0,,,-,S-1-0-0,,%%1936,,,
2026-06-01T00:56:06.625318Z,4688,dc.scaffold.htb,Microsoft-Windows-Security-Auditing,Security,19309,0,,,,,,,,,,,,,,,,S-1-16-16384,0x2d4,C:\Windows\System32\services.exe,,,,,,,,C:\Windows\System32\wininit.exe,,0x244,,,,,-,0x3e7,-,S-1-5-18,-,0x0,,,-,S-1-0-0,,%%1936,,,
2026-06-01T00:56:06.651317Z,4688,dc.scaffold.htb,Microsoft-Windows-Security-Auditing,Security,19310,0,,,,,,,,,,,,,,,,S-1-16-16384,0x2e8,C:\Windows\System32\lsass.exe,,,,,,,,C:\Windows\System32\wininit.exe,,0x244,,,,,-,0x3e7,-,S-1-5-18,-,0x0,,,-,S-1-0-0,,%%1936,,,
2026-06-01T01:00:24.251966Z,1100,dc.scaffold.htb,Microsoft-Windows-Eventlog,Security,19311,4,,,,,,,,,,,,,,,,,,,,,,,,,,,,,,,,,,,,,,,,,,,,,,,http://manifests.microsoft.com/win/2004/08/windows/eventlog
2026-06-01T18:41:43.980274Z,4688,dc.scaffold.htb,Microsoft-Windows-Security-Auditing,Security,19312,0,,,,,,,,,,,,,,,,S-1-16-16384,0x7c,Registry,,,,,,,,,,0x4,,,,,-,0x3e7,-,S-1-5-18,-,0x0,,,-,S-1-0-0,,%%1936,,,
2026-06-01T18:41:43.980552Z,4696,dc.scaffold.htb,Microsoft-Windows-Security-Auditing,Security,19313,0,,,,,,,,,,,,,,,,,,,,,,,,,,,,0x4,,,,,-,0x3e7,-,S-1-5-18,-,0x3e7,0x7c,Registry,-,S-1-0-0,,,,,
2026-06-01T18:41:43.980556Z,4826,dc.scaffold.htb,Microsoft-Windows-Security-Auditing,Security,19314,0,,,%%1843,,%%1846,%%1843,,%%1843,,%%1843,%%1848,-,%%1843,,-,,,,,,,,,,,,,,,%%1843,,,-,0x3e7,-,S-1-5-18,,,,,,,%%1843,,,%%1848,
2026-06-01T18:41:43.983166Z,4688,dc.scaffold.htb,Microsoft-Windows-Security-Auditing,Security,19315,0,,,,,,,,,,,,,,,,S-1-16-16384,0x164,C:\Windows\System32\smss.exe,,,,,,,,,,0x4,,,,,-,0x3e7,-,S-1-5-18,-,0x0,,,-,S-1-0-0,,%%1936,,,
2026-06-01T18:41:44.219936Z,4688,dc.scaffold.htb,Microsoft-Windows-Security-Auditing,Security,19316,0,,,,,,,,,,,,,,,,S-1-16-16384,0x188,C:\Windows\System32\autochk.exe,,,,,,,,C:\Windows\System32\smss.exe,,0x164,,,,,-,0x3e7,-,S-1-5-18,-,0x0,,,-,S-1-0-0,,%%1936,,,
2026-06-01T18:41:44.519434Z,4688,dc.scaffold.htb,Microsoft-Windows-Security-Auditing,Security,19317,0,,,,,,,,,,,,,,,,S-1-16-16384,0x1cc,C:\Windows\System32\smss.exe,,,,,,,,C:\Windows\System32\smss.exe,,0x164,,,,,-,0x3e7,-,S-1-5-18,-,0x0,,,-,S-1-0-0,,%%1936,,,
2026-06-01T18:41:44.563399Z,4688,dc.scaffold.htb,Microsoft-Windows-Security-Auditing,Security,19318,0,,,,,,,,,,,,,,,,S-1-16-16384,0x1d8,C:\Windows\System32\csrss.exe,,,,,,,,C:\Windows\System32\smss.exe,,0x1cc,,,,,-,0x3e7,-,S-1-5-18,-,0x0,,,-,S-1-0-0,,%%1936,,,
2026-06-01T18:41:44.671346Z,4688,dc.scaffold.htb,Microsoft-Windows-Security-Auditing,Security,19319,0,,,,,,,,,,,,,,,,S-1-16-16384,0x24c,C:\Windows\System32\smss.exe,,,,,,,,C:\Windows\System32\smss.exe,,0x164,,,,,-,0x3e7,-,S-1-5-18,-,0x0,,,-,S-1-0-0,,%%1936,,,
2026-06-01T18:41:44.673297Z,4688,dc.scaffold.htb,Microsoft-Windows-Security-Auditing,Security,19320,0,,,,,,,,,,,,,,,,S-1-16-16384,0x254,C:\Windows\System32\wininit.exe,,,,,,,,C:\Windows\System32\smss.exe,,0x1cc,,,,,-,0x3e7,-,S-1-5-18,-,0x0,,,-,S-1-0-0,,%%1936,,,
2026-06-01T18:41:44.676499Z,4688,dc.scaffold.htb,Microsoft-Windows-Security-Auditing,Security,19321,0,,,,,,,,,,,,,,,,S-1-16-16384,0x25c,C:\Windows\System32\csrss.exe,,,,,,,,C:\Windows\System32\smss.exe,,0x24c,,,,,-,0x3e7,-,S-1-5-18,-,0x0,,,-,S-1-0-0,,%%1936,,,
2026-06-01T18:41:44.707882Z,4688,dc.scaffold.htb,Microsoft-Windows-Security-Auditing,Security,19322,0,,,,,,,,,,,,,,,,S-1-16-16384,0x2b8,C:\Windows\System32\winlogon.exe,,,,,,,,C:\Windows\System32\smss.exe,,0x24c,,,,,-,0x3e7,-,S-1-5-18,-,0x0,,,-,S-1-0-0,,%%1936,,,
2026-06-01T18:41:44.751146Z,4688,dc.scaffold.htb,Microsoft-Windows-Security-Auditing,Security,19323,0,,,,,,,,,,,,,,,,S-1-16-16384,0x2e4,C:\Windows\System32\services.exe,,,,,,,,C:\Windows\System32\wininit.exe,,0x254,,,,,-,0x3e7,-,S-1-5-18,-,0x0,,,-,S-1-0-0,,%%1936,,,
2026-06-01T18:41:44.774966Z,4688,dc.scaffold.htb,Microsoft-Windows-Security-Auditing,Security,19324,0,,,,,,,,,,,,,,,,S-1-16-16384,0x2f0,C:\Windows\System32\lsass.exe,,,,,,,,C:\Windows\System32\wininit.exe,,0x254,,,,,-,0x3e7,-,S-1-5-18,-,0x0,,,-,S-1-0-0,,%%1936,,,
2026-06-01T18:43:02.506341Z,4616,dc.scaffold.htb,Microsoft-Windows-Security-Auditing,Security,19325,0,,,,,,,,,,,,,,,,,,,,,2026-06-01T18:43:02.504000Z,,,,,,2026-06-01T18:42:58.671337Z,0xaa4,C:\Program Files\VMware\VMware Tools\vmtoolsd.exe,,,,SCAFFOLD,0x3e7,DC$,S-1-5-18,,,,,,,,,,,
2026-06-01T18:48:56.838278Z,1100,dc.scaffold.htb,Microsoft-Windows-Eventlog,Security,19326,4,,,,,,,,,,,,,,,,,,,,,,,,,,,,,,,,,,,,,,,,,,,,,,,http://manifests.microsoft.com/win/2004/08/windows/eventlog
2026-06-02T14:04:10.087602Z,4688,dc.scaffold.htb,Microsoft-Windows-Security-Auditing,Security,19327,0,,,,,,,,,,,,,,,,S-1-16-16384,0x7c,Registry,,,,,,,,,,0x4,,,,,-,0x3e7,-,S-1-5-18,-,0x0,,,-,S-1-0-0,,%%1936,,,
2026-06-02T14:04:10.087870Z,4696,dc.scaffold.htb,Microsoft-Windows-Security-Auditing,Security,19328,0,,,,,,,,,,,,,,,,,,,,,,,,,,,,0x4,,,,,-,0x3e7,-,S-1-5-18,-,0x3e7,0x7c,Registry,-,S-1-0-0,,,,,
2026-06-02T14:04:10.087874Z,4826,dc.scaffold.htb,Microsoft-Windows-Security-Auditing,Security,19329,0,,,%%1843,,%%1846,%%1843,,%%1843,,%%1843,%%1848,-,%%1843,,-,,,,,,,,,,,,,,,%%1843,,,-,0x3e7,-,S-1-5-18,,,,,,,%%1843,,,%%1848,
2026-06-02T14:04:10.090283Z,4688,dc.scaffold.htb,Microsoft-Windows-Security-Auditing,Security,19330,0,,,,,,,,,,,,,,,,S-1-16-16384,0x15c,C:\Windows\System32\smss.exe,,,,,,,,,,0x4,,,,,-,0x3e7,-,S-1-5-18,-,0x0,,,-,S-1-0-0,,%%1936,,,
2026-06-02T14:04:10.393538Z,4688,dc.scaffold.htb,Microsoft-Windows-Security-Auditing,Security,19331,0,,,,,,,,,,,,,,,,S-1-16-16384,0x180,C:\Windows\System32\autochk.exe,,,,,,,,C:\Windows\System32\smss.exe,,0x15c,,,,,-,0x3e7,-,S-1-5-18,-,0x0,,,-,S-1-0-0,,%%1936,,,
2026-06-02T14:04:10.759804Z,4688,dc.scaffold.htb,Microsoft-Windows-Security-Auditing,Security,19332,0,,,,,,,,,,,,,,,,S-1-16-16384,0x1c0,C:\Windows\System32\smss.exe,,,,,,,,C:\Windows\System32\smss.exe,,0x15c,,,,,-,0x3e7,-,S-1-5-18,-,0x0,,,-,S-1-0-0,,%%1936,,,
2026-06-02T14:04:10.803871Z,4688,dc.scaffold.htb,Microsoft-Windows-Security-Auditing,Security,19333,0,,,,,,,,,,,,,,,,S-1-16-16384,0x1cc,C:\Windows\System32\csrss.exe,,,,,,,,C:\Windows\System32\smss.exe,,0x1c0,,,,,-,0x3e7,-,S-1-5-18,-,0x0,,,-,S-1-0-0,,%%1936,,,
2026-06-02T14:04:10.948280Z,4688,dc.scaffold.htb,Microsoft-Windows-Security-Auditing,Security,19334,0,,,,,,,,,,,,,,,,S-1-16-16384,0x244,C:\Windows\System32\smss.exe,,,,,,,,C:\Windows\System32\smss.exe,,0x15c,,,,,-,0x3e7,-,S-1-5-18,-,0x0,,,-,S-1-0-0,,%%1936,,,
2026-06-02T14:04:10.951208Z,4688,dc.scaffold.htb,Microsoft-Windows-Security-Auditing,Security,19335,0,,,,,,,,,,,,,,,,S-1-16-16384,0x24c,C:\Windows\System32\wininit.exe,,,,,,,,C:\Windows\System32\smss.exe,,0x1c0,,,,,-,0x3e7,-,S-1-5-18,-,0x0,,,-,S-1-0-0,,%%1936,,,
2026-06-02T14:04:10.954045Z,4688,dc.scaffold.htb,Microsoft-Windows-Security-Auditing,Security,19336,0,,,,,,,,,,,,,,,,S-1-16-16384,0x254,C:\Windows\System32\csrss.exe,,,,,,,,C:\Windows\System32\smss.exe,,0x244,,,,,-,0x3e7,-,S-1-5-18,-,0x0,,,-,S-1-0-0,,%%1936,,,
2026-06-02T14:04:10.989032Z,4688,dc.scaffold.htb,Microsoft-Windows-Security-Auditing,Security,19337,0,,,,,,,,,,,,,,,,S-1-16-16384,0x290,C:\Windows\System32\winlogon.exe,,,,,,,,C:\Windows\System32\smss.exe,,0x244,,,,,-,0x3e7,-,S-1-5-18,-,0x0,,,-,S-1-0-0,,%%1936,,,
2026-06-02T14:04:11.056279Z,4688,dc.scaffold.htb,Microsoft-Windows-Security-Auditing,Security,19338,0,,,,,,,,,,,,,,,,S-1-16-16384,0x2dc,C:\Windows\System32\services.exe,,,,,,,,C:\Windows\System32\wininit.exe,,0x24c,,,,,-,0x3e7,-,S-1-5-18,-,0x0,,,-,S-1-0-0,,%%1936,,,
2026-06-02T14:04:11.100970Z,4688,dc.scaffold.htb,Microsoft-Windows-Security-Auditing,Security,19339,0,,,,,,,,,,,,,,,,S-1-16-16384,0x2f0,C:\Windows\System32\lsass.exe,,,,,,,,C:\Windows\System32\wininit.exe,,0x24c,,,,,-,0x3e7,-,S-1-5-18,-,0x0,,,-,S-1-0-0,,%%1936,,,
2026-06-02T14:06:20.617408Z,1100,dc.scaffold.htb,Microsoft-Windows-Eventlog,Security,19340,4,,,,,,,,,,,,,,,,,,,,,,,,,,,,,,,,,,,,,,,,,,,,,,,http://manifests.microsoft.com/win/2004/08/windows/eventlog
2026-06-02T14:09:14.070098Z,4688,dc.scaffold.htb,Microsoft-Windows-Security-Auditing,Security,19341,0,,,,,,,,,,,,,,,,S-1-16-16384,0x7c,Registry,,,,,,,,,,0x4,,,,,-,0x3e7,-,S-1-5-18,-,0x0,,,-,S-1-0-0,,%%1936,,,
2026-06-02T14:09:14.070284Z,4696,dc.scaffold.htb,Microsoft-Windows-Security-Auditing,Security,19342,0,,,,,,,,,,,,,,,,,,,,,,,,,,,,0x4,,,,,-,0x3e7,-,S-1-5-18,-,0x3e7,0x7c,Registry,-,S-1-0-0,,,,,
2026-06-02T14:09:14.070286Z,4826,dc.scaffold.htb,Microsoft-Windows-Security-Auditing,Security,19343,0,,,%%1843,,%%1846,%%1843,,%%1843,,%%1843,%%1848,-,%%1843,,-,,,,,,,,,,,,,,,%%1843,,,-,0x3e7,-,S-1-5-18,,,,,,,%%1843,,,%%1848,
2026-06-02T14:09:14.073480Z,4688,dc.scaffold.htb,Microsoft-Windows-Security-Auditing,Security,19344,0,,,,,,,,,,,,,,,,S-1-16-16384,0x160,C:\Windows\System32\smss.exe,,,,,,,,,,0x4,,,,,-,0x3e7,-,S-1-5-18,-,0x0,,,-,S-1-0-0,,%%1936,,,
2026-06-02T14:09:14.340819Z,4688,dc.scaffold.htb,Microsoft-Windows-Security-Auditing,Security,19345,0,,,,,,,,,,,,,,,,S-1-16-16384,0x184,C:\Windows\System32\autochk.exe,,,,,,,,C:\Windows\System32\smss.exe,,0x160,,,,,-,0x3e7,-,S-1-5-18,-,0x0,,,-,S-1-0-0,,%%1936,,,
2026-06-02T14:09:14.673523Z,4688,dc.scaffold.htb,Microsoft-Windows-Security-Auditing,Security,19346,0,,,,,,,,,,,,,,,,S-1-16-16384,0x1c4,C:\Windows\System32\smss.exe,,,,,,,,C:\Windows\System32\smss.exe,,0x160,,,,,-,0x3e7,-,S-1-5-18,-,0x0,,,-,S-1-0-0,,%%1936,,,
2026-06-02T14:09:14.718346Z,4688,dc.scaffold.htb,Microsoft-Windows-Security-Auditing,Security,19347,0,,,,,,,,,,,,,,,,S-1-16-16384,0x1d4,C:\Windows\System32\csrss.exe,,,,,,,,C:\Windows\System32\smss.exe,,0x1c4,,,,,-,0x3e7,-,S-1-5-18,-,0x0,,,-,S-1-0-0,,%%1936,,,
2026-06-02T14:09:14.870434Z,4688,dc.scaffold.htb,Microsoft-Windows-Security-Auditing,Security,19348,0,,,,,,,,,,,,,,,,S-1-16-16384,0x24c,C:\Windows\System32\smss.exe,,,,,,,,C:\Windows\System32\smss.exe,,0x160,,,,,-,0x3e7,-,S-1-5-18,-,0x0,,,-,S-1-0-0,,%%1936,,,
2026-06-02T14:09:14.873980Z,4688,dc.scaffold.htb,Microsoft-Windows-Security-Auditing,Security,19349,0,,,,,,,,,,,,,,,,S-1-16-16384,0x254,C:\Windows\System32\wininit.exe,,,,,,,,C:\Windows\System32\smss.exe,,0x1c4,,,,,-,0x3e7,-,S-1-5-18,-,0x0,,,-,S-1-0-0,,%%1936,,,
2026-06-02T14:09:14.875509Z,4688,dc.scaffold.htb,Microsoft-Windows-Security-Auditing,Security,19350,0,,,,,,,,,,,,,,,,S-1-16-16384,0x25c,C:\Windows\System32\csrss.exe,,,,,,,,C:\Windows\System32\smss.exe,,0x24c,,,,,-,0x3e7,-,S-1-5-18,-,0x0,,,-,S-1-0-0,,%%1936,,,
2026-06-02T14:09:14.907439Z,4688,dc.scaffold.htb,Microsoft-Windows-Security-Auditing,Security,19351,0,,,,,,,,,,,,,,,,S-1-16-16384,0x29c,C:\Windows\System32\winlogon.exe,,,,,,,,C:\Windows\System32\smss.exe,,0x24c,,,,,-,0x3e7,-,S-1-5-18,-,0x0,,,-,S-1-0-0,,%%1936,,,
2026-06-02T14:09:14.979554Z,4688,dc.scaffold.htb,Microsoft-Windows-Security-Auditing,Security,19352,0,,,,,,,,,,,,,,,,S-1-16-16384,0x2e4,C:\Windows\System32\services.exe,,,,,,,,C:\Windows\System32\wininit.exe,,0x254,,,,,-,0x3e7,-,S-1-5-18,-,0x0,,,-,S-1-0-0,,%%1936,,,
2026-06-02T14:09:15.030083Z,4688,dc.scaffold.htb,Microsoft-Windows-Security-Auditing,Security,19353,0,,,,,,,,,,,,,,,,S-1-16-16384,0x2f8,C:\Windows\System32\lsass.exe,,,,,,,,C:\Windows\System32\wininit.exe,,0x254,,,,,-,0x3e7,-,S-1-5-18,-,0x0,,,-,S-1-0-0,,%%1936,,,
2026-06-02T14:19:18.211608Z,4663,dc.scaffold.htb,Microsoft-Windows-Security-Auditing,Security,19354,0,"%%1537
				",0x10000,,,,,,,0x5f0,,,,,,,,,,,,,C:\Users\ADMINI~1\AppData\Local\Temp\winre\ExtractedFromWim,Security,File,,,,0x1f9c,C:\Windows\System32\taskhostw.exe,,S:AI,,SCAFFOLD,0x8127c,Administrator,S-1-5-21-365932789-2848835602-3476675013-500,,,,,,,,,,,
2026-06-02T14:19:18.211869Z,4660,dc.scaffold.htb,Microsoft-Windows-Security-Auditing,Security,19355,0,,,,,,,,,0x5f0,,,,,,,,,,,,,,Security,,,,,0x1f9c,C:\Windows\System32\taskhostw.exe,,,,SCAFFOLD,0x8127c,Administrator,S-1-5-21-365932789-2848835602-3476675013-500,,,,,,,,,00000000-0000-0000-0000-000000000000,,
2026-06-02T14:29:57.525042Z,1100,dc.scaffold.htb,Microsoft-Windows-Eventlog,Security,19356,4,,,,,,,,,,,,,,,,,,,,,,,,,,,,,,,,,,,,,,,,,,,,,,,http://manifests.microsoft.com/win/2004/08/windows/eventlog
2026-07-09T05:40:51.102344Z,4688,dc.scaffold.htb,Microsoft-Windows-Security-Auditing,Security,19357,0,,,,,,,,,,,,,,,,S-1-16-16384,0x64,Registry,,,,,,,,,,0x4,,,,,-,0x3e7,-,S-1-5-18,-,0x0,,,-,S-1-0-0,,%%1936,,,
2026-07-09T05:40:51.102357Z,4696,dc.scaffold.htb,Microsoft-Windows-Security-Auditing,Security,19358,0,,,,,,,,,,,,,,,,,,,,,,,,,,,,0x4,,,,,-,0x3e7,-,S-1-5-18,-,0x3e7,0x64,Registry,-,S-1-0-0,,,,,
2026-07-09T05:40:51.102364Z,4826,dc.scaffold.htb,Microsoft-Windows-Security-Auditing,Security,19359,0,,,%%1843,,%%1846,%%1843,,%%1843,,%%1843,%%1848,-,%%1843,,-,,,,,,,,,,,,,,,%%1843,,,-,0x3e7,-,S-1-5-18,,,,,,,%%1843,,,%%1848,
2026-07-09T05:40:51.106048Z,4688,dc.scaffold.htb,Microsoft-Windows-Security-Auditing,Security,19360,0,,,,,,,,,,,,,,,,S-1-16-16384,0x144,C:\Windows\System32\smss.exe,,,,,,,,,,0x4,,,,,-,0x3e7,-,S-1-5-18,-,0x0,,,-,S-1-0-0,,%%1936,,,
2026-07-09T05:40:51.418760Z,4688,dc.scaffold.htb,Microsoft-Windows-Security-Auditing,Security,19361,0,,,,,,,,,,,,,,,,S-1-16-16384,0x160,C:\Windows\System32\autochk.exe,,,,,,,,C:\Windows\System32\smss.exe,,0x144,,,,,-,0x3e7,-,S-1-5-18,-,0x0,,,-,S-1-0-0,,%%1936,,,
2026-07-09T05:40:55.125903Z,4688,dc.scaffold.htb,Microsoft-Windows-Security-Auditing,Security,19362,0,,,,,,,,,,,,,,,,S-1-16-16384,0x1c0,C:\Windows\System32\smss.exe,,,,,,,,C:\Windows\System32\smss.exe,,0x144,,,,,-,0x3e7,-,S-1-5-18,-,0x0,,,-,S-1-0-0,,%%1936,,,
2026-07-09T05:40:55.448626Z,4688,dc.scaffold.htb,Microsoft-Windows-Security-Auditing,Security,19363,0,,,,,,,,,,,,,,,,S-1-16-16384,0x1c8,C:\Windows\System32\csrss.exe,,,,,,,,C:\Windows\System32\smss.exe,,0x1c0,,,,,-,0x3e7,-,S-1-5-18,-,0x0,,,-,S-1-0-0,,%%1936,,,
2026-07-09T05:40:56.335556Z,4688,dc.scaffold.htb,Microsoft-Windows-Security-Auditing,Security,19364,0,,,,,,,,,,,,,,,,S-1-16-16384,0x228,C:\Windows\System32\smss.exe,,,,,,,,C:\Windows\System32\smss.exe,,0x144,,,,,-,0x3e7,-,S-1-5-18,-,0x0,,,-,S-1-0-0,,%%1936,,,
2026-07-09T05:40:56.340659Z,4688,dc.scaffold.htb,Microsoft-Windows-Security-Auditing,Security,19365,0,,,,,,,,,,,,,,,,S-1-16-16384,0x230,C:\Windows\System32\wininit.exe,,,,,,,,C:\Windows\System32\smss.exe,,0x1c0,,,,,-,0x3e7,-,S-1-5-18,-,0x0,,,-,S-1-0-0,,%%1936,,,
2026-07-09T05:40:56.345002Z,4688,dc.scaffold.htb,Microsoft-Windows-Security-Auditing,Security,19366,0,,,,,,,,,,,,,,,,S-1-16-16384,0x238,C:\Windows\System32\csrss.exe,,,,,,,,C:\Windows\System32\smss.exe,,0x228,,,,,-,0x3e7,-,S-1-5-18,-,0x0,,,-,S-1-0-0,,%%1936,,,
2026-07-09T05:40:56.376552Z,4688,dc.scaffold.htb,Microsoft-Windows-Security-Auditing,Security,19367,0,,,,,,,,,,,,,,,,S-1-16-16384,0x270,C:\Windows\System32\winlogon.exe,,,,,,,,C:\Windows\System32\smss.exe,,0x228,,,,,-,0x3e7,-,S-1-5-18,-,0x0,,,-,S-1-0-0,,%%1936,,,
2026-07-09T05:40:56.471042Z,4688,dc.scaffold.htb,Microsoft-Windows-Security-Auditing,Security,19368,0,,,,,,,,,,,,,,,,S-1-16-16384,0x2b4,C:\Windows\System32\services.exe,,,,,,,,C:\Windows\System32\wininit.exe,,0x230,,,,,-,0x3e7,-,S-1-5-18,-,0x0,,,-,S-1-0-0,,%%1936,,,
2026-07-09T05:40:56.543651Z,4688,dc.scaffold.htb,Microsoft-Windows-Security-Auditing,Security,19369,0,,,,,,,,,,,,,,,,S-1-16-16384,0x2c8,C:\Windows\System32\lsass.exe,,,,,,,,C:\Windows\System32\wininit.exe,,0x230,,,,,-,0x3e7,-,S-1-5-18,-,0x0,,,-,S-1-0-0,,%%1936,,,
2026-07-09T06:10:50.457567Z,4663,dc.scaffold.htb,Microsoft-Windows-Security-Auditing,Security,19370,0,"%%4417
				%%4418
				",0x6,,,,,,,0x3d0,,,,,,,,,,,,,C:\Windows\servicing\Sessions\31264617_2949101621.xml,Security,File,,,,0xde0,C:\Windows\WinSxS\amd64_microsoft-windows-servicingstack_31bf3856ad364e35_10.0.20348.557_none_f1edaeb8515fa10d\TiWorker.exe,,,,SCAFFOLD,0x3e7,DC$,S-1-5-18,,,,,,,,,,,
2026-07-09T06:11:03.994067Z,4664,dc.scaffold.htb,Microsoft-Windows-Security-Auditing,Security,19371,0,,,,,,,C:\Windows\servicing\Packages\Microsoft-Windows-Editions-ServerStandard-Package~31bf3856ad364e35~amd64~~10.0.20348.587.cat,,,,,,,C:\Windows\WinSxS\Temp\InFlight\aac1f1b8690fdd0105000000e00d4c1b\aac1f1b8690fdd0106000000e00d4c1b_catalog,,,,,,,,,,,,,,,,,,,SCAFFOLD,0x3e7,DC$,S-1-5-18,,,,,,,,,00000000-0000-0000-0000-000000000000,,
2026-07-09T06:11:03.994344Z,4663,dc.scaffold.htb,Microsoft-Windows-Security-Auditing,Security,19372,0,"%%1539
				%%1540
				",0xc0000,,,,,,,0x5f0,,,,,,,,,,,,,C:\Windows\WinSxS\Temp\InFlight\aac1f1b8690fdd0105000000e00d4c1b\aac1f1b8690fdd0106000000e00d4c1b_catalog,Security,File,,,,0xde0,C:\Windows\WinSxS\amd64_microsoft-windows-servicingstack_31bf3856ad364e35_10.0.20348.557_none_f1edaeb8515fa10d\TiWorker.exe,,S:AI,,SCAFFOLD,0x3e7,DC$,S-1-5-18,,,,,,,,,,,
2026-07-09T06:11:03.994445Z,4670,dc.scaffold.htb,Microsoft-Windows-Security-Auditing,Security,19373,0,,,,,,,,,0x5f0,,,,,,,,,,D:PARAI(A;;FA;;;S-1-5-80-956008885-3418522649-1831038044-1853292631-2271478464)(A;;0x1200a9;;;BA)(A;;0x1200a9;;;SY)(A;;0x1200a9;;;BU)(A;;0x1200a9;;;AC)(A;;0x1200a9;;;S-1-15-2-2),,,C:\Windows\WinSxS\Temp\InFlight\aac1f1b8690fdd0105000000e00d4c1b\aac1f1b8690fdd0106000000e00d4c1b_catalog,Security,File,D:PAI(A;;FA;;;S-1-5-80-956008885-3418522649-1831038044-1853292631-2271478464)(A;;0x1200a9;;;SY)(A;;0x1200a9;;;BA)(A;;0x1200a9;;;BU)(A;;0x1200a9;;;AC)(A;;0x1200a9;;;S-1-15-2-2),,,0xde0,C:\Windows\WinSxS\amd64_microsoft-windows-servicingstack_31bf3856ad364e35_10.0.20348.557_none_f1edaeb8515fa10d\TiWorker.exe,,,,SCAFFOLD,0x3e7,DC$,S-1-5-18,,,,,,,,,,,
2026-07-09T06:11:04.005789Z,4664,dc.scaffold.htb,Microsoft-Windows-Security-Auditing,Security,19374,0,,,,,,,C:\Windows\servicing\Packages\Microsoft-Windows-Security-SPP-Component-SKU-ServerStandard-License-Package~31bf3856ad364e35~amd64~~10.0.20348.502.cat,,,,,,,C:\Windows\WinSxS\Temp\InFlight\7224f4b8690fdd0109000000e00d4c1b\7224f4b8690fdd010a000000e00d4c1b_catalog,,,,,,,,,,,,,,,,,,,SCAFFOLD,0x3e7,DC$,S-1-5-18,,,,,,,,,00000000-0000-0000-0000-000000000000,,
2026-07-09T06:11:04.006058Z,4663,dc.scaffold.htb,Microsoft-Windows-Security-Auditing,Security,19375,0,"%%1539
				%%1540
				",0xc0000,,,,,,,0x5d4,,,,,,,,,,,,,C:\Windows\WinSxS\Temp\InFlight\7224f4b8690fdd0109000000e00d4c1b\7224f4b8690fdd010a000000e00d4c1b_catalog,Security,File,,,,0xde0,C:\Windows\WinSxS\amd64_microsoft-windows-servicingstack_31bf3856ad364e35_10.0.20348.557_none_f1edaeb8515fa10d\TiWorker.exe,,S:AI,,SCAFFOLD,0x3e7,DC$,S-1-5-18,,,,,,,,,,,
2026-07-09T06:11:04.006161Z,4670,dc.scaffold.htb,Microsoft-Windows-Security-Auditing,Security,19376,0,,,,,,,,,0x5d4,,,,,,,,,,D:PARAI(A;;FA;;;S-1-5-80-956008885-3418522649-1831038044-1853292631-2271478464)(A;;0x1200a9;;;BA)(A;;0x1200a9;;;SY)(A;;0x1200a9;;;BU)(A;;0x1200a9;;;AC)(A;;0x1200a9;;;S-1-15-2-2),,,C:\Windows\WinSxS\Temp\InFlight\7224f4b8690fdd0109000000e00d4c1b\7224f4b8690fdd010a000000e00d4c1b_catalog,Security,File,D:PAI(A;;FA;;;S-1-5-80-956008885-3418522649-1831038044-1853292631-2271478464)(A;;0x1200a9;;;SY)(A;;0x1200a9;;;BA)(A;;0x1200a9;;;BU)(A;;0x1200a9;;;AC)(A;;0x1200a9;;;S-1-15-2-2),,,0xde0,C:\Windows\WinSxS\amd64_microsoft-windows-servicingstack_31bf3856ad364e35_10.0.20348.557_none_f1edaeb8515fa10d\TiWorker.exe,,,,SCAFFOLD,0x3e7,DC$,S-1-5-18,,,,,,,,,,,
2026-07-09T06:11:04.501259Z,4664,dc.scaffold.htb,Microsoft-Windows-Security-Auditing,Security,19377,0,,,,,,,C:\Windows\servicing\Packages\Microsoft-Windows-Editions-ServerStandard-Package~31bf3856ad364e35~amd64~en-US~10.0.20348.587.cat,,,,,,,C:\Windows\WinSxS\Temp\InFlight\867140b9690fdd0116000000e00d4c1b\867140b9690fdd0117000000e00d4c1b_catalog,,,,,,,,,,,,,,,,,,,SCAFFOLD,0x3e7,DC$,S-1-5-18,,,,,,,,,00000000-0000-0000-0000-000000000000,,
2026-07-09T06:11:04.501544Z,4663,dc.scaffold.htb,Microsoft-Windows-Security-Auditing,Security,19378,0,"%%1539
				%%1540
				",0xc0000,,,,,,,0x648,,,,,,,,,,,,,C:\Windows\WinSxS\Temp\InFlight\867140b9690fdd0116000000e00d4c1b\867140b9690fdd0117000000e00d4c1b_catalog,Security,File,,,,0xde0,C:\Windows\WinSxS\amd64_microsoft-windows-servicingstack_31bf3856ad364e35_10.0.20348.557_none_f1edaeb8515fa10d\TiWorker.exe,,S:AI,,SCAFFOLD,0x3e7,DC$,S-1-5-18,,,,,,,,,,,
2026-07-09T06:11:04.501662Z,4670,dc.scaffold.htb,Microsoft-Windows-Security-Auditing,Security,19379,0,,,,,,,,,0x648,,,,,,,,,,D:PARAI(A;;FA;;;S-1-5-80-956008885-3418522649-1831038044-1853292631-2271478464)(A;;0x1200a9;;;BA)(A;;0x1200a9;;;SY)(A;;0x1200a9;;;BU)(A;;0x1200a9;;;AC)(A;;0x1200a9;;;S-1-15-2-2),,,C:\Windows\WinSxS\Temp\InFlight\867140b9690fdd0116000000e00d4c1b\867140b9690fdd0117000000e00d4c1b_catalog,Security,File,D:PAI(A;;FA;;;S-1-5-80-956008885-3418522649-1831038044-1853292631-2271478464)(A;;0x1200a9;;;SY)(A;;0x1200a9;;;BA)(A;;0x1200a9;;;BU)(A;;0x1200a9;;;AC)(A;;0x1200a9;;;S-1-15-2-2),,,0xde0,C:\Windows\WinSxS\amd64_microsoft-windows-servicingstack_31bf3856ad364e35_10.0.20348.557_none_f1edaeb8515fa10d\TiWorker.exe,,,,SCAFFOLD,0x3e7,DC$,S-1-5-18,,,,,,,,,,,
2026-07-09T06:11:04.885613Z,4985,dc.scaffold.htb,Microsoft-Windows-Security-Auditing,Security,19380,0,,,,,,,,,,,,,,,,,,,,48,,,,,,,,0xde0,C:\Windows\WinSxS\amd64_microsoft-windows-servicingstack_31bf3856ad364e35_10.0.20348.557_none_f1edaeb8515fa10d\TiWorker.exe,,,DA4CB52F-4F22-11F1-A9A6-8906DE6815CD,SCAFFOLD,0x3e7,DC$,S-1-5-18,,,,,,,,,BBE6D241-7B58-11F1-992C-005056B98D90,,
2026-07-09T06:11:05.409288Z,4985,dc.scaffold.htb,Microsoft-Windows-Security-Auditing,Security,19381,0,,,,,,,,,,,,,,,,,,,,52,,,,,,,,0xde0,C:\Windows\WinSxS\amd64_microsoft-windows-servicingstack_31bf3856ad364e35_10.0.20348.557_none_f1edaeb8515fa10d\TiWorker.exe,,,DA4CB52F-4F22-11F1-A9A6-8906DE6815CD,SCAFFOLD,0x3e7,DC$,S-1-5-18,,,,,,,,,BBE6D241-7B58-11F1-992C-005056B98D90,,
2026-07-09T06:11:05.492904Z,4985,dc.scaffold.htb,Microsoft-Windows-Security-Auditing,Security,19382,0,,,,,,,,,,,,,,,,,,,,48,,,,,,,,0xde0,C:\Windows\WinSxS\amd64_microsoft-windows-servicingstack_31bf3856ad364e35_10.0.20348.557_none_f1edaeb8515fa10d\TiWorker.exe,,,DA4CB52F-4F22-11F1-A9A6-8906DE6815CD,SCAFFOLD,0x3e7,DC$,S-1-5-18,,,,,,,,,BBE6D24F-7B58-11F1-992C-005056B98D90,,
2026-07-09T06:11:05.767887Z,4985,dc.scaffold.htb,Microsoft-Windows-Security-Auditing,Security,19383,0,,,,,,,,,,,,,,,,,,,,52,,,,,,,,0xde0,C:\Windows\WinSxS\amd64_microsoft-windows-servicingstack_31bf3856ad364e35_10.0.20348.557_none_f1edaeb8515fa10d\TiWorker.exe,,,DA4CB52F-4F22-11F1-A9A6-8906DE6815CD,SCAFFOLD,0x3e7,DC$,S-1-5-18,,,,,,,,,BBE6D24F-7B58-11F1-992C-005056B98D90,,
2026-07-09T06:11:05.783276Z,4985,dc.scaffold.htb,Microsoft-Windows-Security-Auditing,Security,19384,0,,,,,,,,,,,,,,,,,,,,48,,,,,,,,0xde0,C:\Windows\WinSxS\amd64_microsoft-windows-servicingstack_31bf3856ad364e35_10.0.20348.557_none_f1edaeb8515fa10d\TiWorker.exe,,,DA4CB52F-4F22-11F1-A9A6-8906DE6815CD,SCAFFOLD,0x3e7,DC$,S-1-5-18,,,,,,,,,BBE6D25C-7B58-11F1-992C-005056B98D90,,
2026-07-09T06:11:05.817982Z,4985,dc.scaffold.htb,Microsoft-Windows-Security-Auditing,Security,19385,0,,,,,,,,,,,,,,,,,,,,52,,,,,,,,0xde0,C:\Windows\WinSxS\amd64_microsoft-windows-servicingstack_31bf3856ad364e35_10.0.20348.557_none_f1edaeb8515fa10d\TiWorker.exe,,,DA4CB52F-4F22-11F1-A9A6-8906DE6815CD,SCAFFOLD,0x3e7,DC$,S-1-5-18,,,,,,,,,BBE6D25C-7B58-11F1-992C-005056B98D90,,
2026-07-09T06:11:05.907757Z,4985,dc.scaffold.htb,Microsoft-Windows-Security-Auditing,Security,19386,0,,,,,,,,,,,,,,,,,,,,48,,,,,,,,0xde0,C:\Windows\WinSxS\amd64_microsoft-windows-servicingstack_31bf3856ad364e35_10.0.20348.557_none_f1edaeb8515fa10d\TiWorker.exe,,,DA4CB52F-4F22-11F1-A9A6-8906DE6815CD,SCAFFOLD,0x3e7,DC$,S-1-5-18,,,,,,,,,BBE6D269-7B58-11F1-992C-005056B98D90,,
2026-07-09T06:11:06.182730Z,4985,dc.scaffold.htb,Microsoft-Windows-Security-Auditing,Security,19387,0,,,,,,,,,,,,,,,,,,,,52,,,,,,,,0xde0,C:\Windows\WinSxS\amd64_microsoft-windows-servicingstack_31bf3856ad364e35_10.0.20348.557_none_f1edaeb8515fa10d\TiWorker.exe,,,DA4CB52F-4F22-11F1-A9A6-8906DE6815CD,SCAFFOLD,0x3e7,DC$,S-1-5-18,,,,,,,,,BBE6D269-7B58-11F1-992C-005056B98D90,,
2026-07-09T06:11:06.203187Z,4985,dc.scaffold.htb,Microsoft-Windows-Security-Auditing,Security,19388,0,,,,,,,,,,,,,,,,,,,,48,,,,,,,,0xde0,C:\Windows\WinSxS\amd64_microsoft-windows-servicingstack_31bf3856ad364e35_10.0.20348.557_none_f1edaeb8515fa10d\TiWorker.exe,,,DA4CB52F-4F22-11F1-A9A6-8906DE6815CD,SCAFFOLD,0x3e7,DC$,S-1-5-18,,,,,,,,,BBE6D276-7B58-11F1-992C-005056B98D90,,
2026-07-09T06:11:06.251689Z,4985,dc.scaffold.htb,Microsoft-Windows-Security-Auditing,Security,19389,0,,,,,,,,,,,,,,,,,,,,52,,,,,,,,0xde0,C:\Windows\WinSxS\amd64_microsoft-windows-servicingstack_31bf3856ad364e35_10.0.20348.557_none_f1edaeb8515fa10d\TiWorker.exe,,,DA4CB52F-4F22-11F1-A9A6-8906DE6815CD,SCAFFOLD,0x3e7,DC$,S-1-5-18,,,,,,,,,BBE6D276-7B58-11F1-992C-005056B98D90,,
2026-07-09T06:11:06.286444Z,4663,dc.scaffold.htb,Microsoft-Windows-Security-Auditing,Security,19390,0,"%%1538
				",0x20000,,,,,,,0x638,,,,,,,,,,,,,C:\Windows\WinSxS\FileMaps\_0000000000000000.cdf-ms,Security,File,,,,0xde0,C:\Windows\WinSxS\amd64_microsoft-windows-servicingstack_31bf3856ad364e35_10.0.20348.557_none_f1edaeb8515fa10d\TiWorker.exe,,S:AI,,SCAFFOLD,0x3e7,DC$,S-1-5-18,,,,,,,,,,,
2026-07-09T06:11:06.289477Z,4663,dc.scaffold.htb,Microsoft-Windows-Security-Auditing,Security,19391,0,"%%1538
				",0x20000,,,,,,,0x65c,,,,,,,,,,,,,C:\Windows\WinSxS\FileMaps\$$.cdf-ms,Security,File,,,,0xde0,C:\Windows\WinSxS\amd64_microsoft-windows-servicingstack_31bf3856ad364e35_10.0.20348.557_none_f1edaeb8515fa10d\TiWorker.exe,,S:AI,,SCAFFOLD,0x3e7,DC$,S-1-5-18,,,,,,,,,,,
2026-07-09T06:11:06.355394Z,4663,dc.scaffold.htb,Microsoft-Windows-Security-Auditing,Security,19392,0,"%%1538
				",0x20000,,,,,,,0x6b8,,,,,,,,,,,,,C:\Windows\WinSxS\FileMaps\$$_syswow64_21ffbdd2a2dd92e0.cdf-ms,Security,File,,,,0xde0,C:\Windows\WinSxS\amd64_microsoft-windows-servicingstack_31bf3856ad364e35_10.0.20348.557_none_f1edaeb8515fa10d\TiWorker.exe,,S:AI,,SCAFFOLD,0x3e7,DC$,S-1-5-18,,,,,,,,,,,
2026-07-09T06:11:06.365512Z,4663,dc.scaffold.htb,Microsoft-Windows-Security-Auditing,Security,19393,0,"%%1538
				",0x20000,,,,,,,0x6bc,,,,,,,,,,,,,C:\Windows\WinSxS\FileMaps\$$_syswow64_spp_tokens_pkeyconfig_b2fdf59e46c165ae.cdf-ms,Security,File,,,,0xde0,C:\Windows\WinSxS\amd64_microsoft-windows-servicingstack_31bf3856ad364e35_10.0.20348.557_none_f1edaeb8515fa10d\TiWorker.exe,,S:AI,,SCAFFOLD,0x3e7,DC$,S-1-5-18,,,,,,,,,,,
2026-07-09T06:11:06.385566Z,4663,dc.scaffold.htb,Microsoft-Windows-Security-Auditing,Security,19394,0,"%%1538
				",0x20000,,,,,,,0x664,,,,,,,,,,,,,C:\Windows\WinSxS\FileMaps\$$_syswow64_en-us_9e576ab077991fe8.cdf-ms,Security,File,,,,0xde0,C:\Windows\WinSxS\amd64_microsoft-windows-servicingstack_31bf3856ad364e35_10.0.20348.557_none_f1edaeb8515fa10d\TiWorker.exe,,S:AI,,SCAFFOLD,0x3e7,DC$,S-1-5-18,,,,,,,,,,,
2026-07-09T06:11:06.388526Z,4663,dc.scaffold.htb,Microsoft-Windows-Security-Auditing,Security,19395,0,"%%1538
				",0x20000,,,,,,,0x6d0,,,,,,,,,,,,,C:\Windows\WinSxS\FileMaps\$$_syswow64_en-us_licenses_45a768f9c2f8cd4a.cdf-ms,Security,File,,,,0xde0,C:\Windows\WinSxS\amd64_microsoft-windows-servicingstack_31bf3856ad364e35_10.0.20348.557_none_f1edaeb8515fa10d\TiWorker.exe,,S:AI,,SCAFFOLD,0x3e7,DC$,S-1-5-18,,,,,,,,,,,
2026-07-09T06:11:06.508640Z,4663,dc.scaffold.htb,Microsoft-Windows-Security-Auditing,Security,19396,0,"%%1538
				",0x20000,,,,,,,0x6cc,,,,,,,,,,,,,C:\Windows\WinSxS\FileMaps\$$_system32_21f9a9c4a2f8b514.cdf-ms,Security,File,,,,0xde0,C:\Windows\WinSxS\amd64_microsoft-windows-servicingstack_31bf3856ad364e35_10.0.20348.557_none_f1edaeb8515fa10d\TiWorker.exe,,S:AI,,SCAFFOLD,0x3e7,DC$,S-1-5-18,,,,,,,,,,,
2026-07-09T06:11:06.531865Z,4663,dc.scaffold.htb,Microsoft-Windows-Security-Auditing,Security,19397,0,"%%1538
				",0x20000,,,,,,,0x440,,,,,,,,,,,,,C:\Windows\WinSxS\FileMaps\$$_system32_spp_tokens_pkeyconfig_d8fc0830c525895a.cdf-ms,Security,File,,,,0xde0,C:\Windows\WinSxS\amd64_microsoft-windows-servicingstack_31bf3856ad364e35_10.0.20348.557_none_f1edaeb8515fa10d\TiWorker.exe,,S:AI,,SCAFFOLD,0x3e7,DC$,S-1-5-18,,,,,,,,,,,
2026-07-09T06:11:06.591347Z,4663,dc.scaffold.htb,Microsoft-Windows-Security-Auditing,Security,19398,0,"%%1538
				",0x20000,,,,,,,0x6d8,,,,,,,,,,,,,C:\Windows\WinSxS\FileMaps\$$_system32_en-us_429cd25484dc6f94.cdf-ms,Security,File,,,,0xde0,C:\Windows\WinSxS\amd64_microsoft-windows-servicingstack_31bf3856ad364e35_10.0.20348.557_none_f1edaeb8515fa10d\TiWorker.exe,,S:AI,,SCAFFOLD,0x3e7,DC$,S-1-5-18,,,,,,,,,,,
2026-07-09T06:11:06.597647Z,4663,dc.scaffold.htb,Microsoft-Windows-Security-Auditing,Security,19399,0,"%%1538
				",0x20000,,,,,,,0x6dc,,,,,,,,,,,,,C:\Windows\WinSxS\FileMaps\$$_system32_en-us_licenses_205e682c4ad0fe50.cdf-ms,Security,File,,,,0xde0,C:\Windows\WinSxS\amd64_microsoft-windows-servicingstack_31bf3856ad364e35_10.0.20348.557_none_f1edaeb8515fa10d\TiWorker.exe,,S:AI,,SCAFFOLD,0x3e7,DC$,S-1-5-18,,,,,,,,,,,
2026-07-09T06:11:06.604275Z,4663,dc.scaffold.htb,Microsoft-Windows-Security-Auditing,Security,19400,0,"%%1538
				",0x20000,,,,,,,0x6e4,,,,,,,,,,,,,C:\Windows\WinSxS\FileMaps\$$_servicing_fc2045b9046cc796.cdf-ms,Security,File,,,,0xde0,C:\Windows\WinSxS\amd64_microsoft-windows-servicingstack_31bf3856ad364e35_10.0.20348.557_none_f1edaeb8515fa10d\TiWorker.exe,,S:AI,,SCAFFOLD,0x3e7,DC$,S-1-5-18,,,,,,,,,,,
2026-07-09T06:11:06.607863Z,4663,dc.scaffold.htb,Microsoft-Windows-Security-Auditing,Security,19401,0,"%%1538
				",0x20000,,,,,,,0x6e8,,,,,,,,,,,,,C:\Windows\WinSxS\FileMaps\$$_servicing_editions_596ea20ddafb9f7d.cdf-ms,Security,File,,,,0xde0,C:\Windows\WinSxS\amd64_microsoft-windows-servicingstack_31bf3856ad364e35_10.0.20348.557_none_f1edaeb8515fa10d\TiWorker.exe,,S:AI,,SCAFFOLD,0x3e7,DC$,S-1-5-18,,,,,,,,,,,
2026-07-09T06:11:06.610692Z,4663,dc.scaffold.htb,Microsoft-Windows-Security-Auditing,Security,19402,0,"%%1538
				",0x20000,,,,,,,0x6ec,,,,,,,,,,,,,C:\Windows\WinSxS\FileMaps\programdata.cdf-ms,Security,File,,,,0xde0,C:\Windows\WinSxS\amd64_microsoft-windows-servicingstack_31bf3856ad364e35_10.0.20348.557_none_f1edaeb8515fa10d\TiWorker.exe,,S:AI,,SCAFFOLD,0x3e7,DC$,S-1-5-18,,,,,,,,,,,
2026-07-09T06:11:06.612638Z,4663,dc.scaffold.htb,Microsoft-Windows-Security-Auditing,Security,19403,0,"%%1538
				",0x20000,,,,,,,0x6f0,,,,,,,,,,,,,C:\Windows\WinSxS\FileMaps\programdata_regid.1991-06.com.microsoft_51d60bf7e29fdcc5.cdf-ms,Security,File,,,,0xde0,C:\Windows\WinSxS\amd64_microsoft-windows-servicingstack_31bf3856ad364e35_10.0.20348.557_none_f1edaeb8515fa10d\TiWorker.exe,,S:AI,,SCAFFOLD,0x3e7,DC$,S-1-5-18,,,,,,,,,,,
2026-07-09T06:11:06.750473Z,4985,dc.scaffold.htb,Microsoft-Windows-Security-Auditing,Security,19404,0,,,,,,,,,,,,,,,,,,,,48,,,,,,,,0xde0,C:\Windows\WinSxS\amd64_microsoft-windows-servicingstack_31bf3856ad364e35_10.0.20348.557_none_f1edaeb8515fa10d\TiWorker.exe,,,DA4CB52F-4F22-11F1-A9A6-8906DE6815CD,SCAFFOLD,0x3e7,DC$,S-1-5-18,,,,,,,,,BBE6D283-7B58-11F1-992C-005056B98D90,,
2026-07-09T06:11:06.773438Z,4985,dc.scaffold.htb,Microsoft-Windows-Security-Auditing,Security,19405,0,,,,,,,,,,,,,,,,,,,,52,,,,,,,,0xde0,C:\Windows\WinSxS\amd64_microsoft-windows-servicingstack_31bf3856ad364e35_10.0.20348.557_none_f1edaeb8515fa10d\TiWorker.exe,,,DA4CB52F-4F22-11F1-A9A6-8906DE6815CD,SCAFFOLD,0x3e7,DC$,S-1-5-18,,,,,,,,,BBE6D283-7B58-11F1-992C-005056B98D90,,
2026-07-09T06:11:06.787828Z,4663,dc.scaffold.htb,Microsoft-Windows-Security-Auditing,Security,19406,0,"%%4417
				",0x2,,,,,,,0xb7c,,,,,,,,,,,,,C:\Windows\servicing\Sessions,Security,File,,,,0xde0,C:\Windows\WinSxS\amd64_microsoft-windows-servicingstack_31bf3856ad364e35_10.0.20348.557_none_f1edaeb8515fa10d\TiWorker.exe,,S:AI,,SCAFFOLD,0x3e7,DC$,S-1-5-18,,,,,,,,,,,
2026-07-09T06:11:06.788300Z,4663,dc.scaffold.htb,Microsoft-Windows-Security-Auditing,Security,19407,0,"%%4417
				%%4418
				",0x6,,,,,,,0x3e0,,,,,,,,,,,,,C:\Windows\servicing\Sessions\31264617_2949101621.xml,Security,File,,,,0xde0,C:\Windows\WinSxS\amd64_microsoft-windows-servicingstack_31bf3856ad364e35_10.0.20348.557_none_f1edaeb8515fa10d\TiWorker.exe,,,,SCAFFOLD,0x3e7,DC$,S-1-5-18,,,,,,,,,,,
2026-07-09T06:11:24.983186Z,4985,dc.scaffold.htb,Microsoft-Windows-Security-Auditing,Security,19408,0,,,,,,,,,,,,,,,,,,,,48,,,,,,,,0x6fc,C:\Windows\System32\poqexec.exe,,,DA4CB52F-4F22-11F1-A9A6-8906DE6815CD,SCAFFOLD,0x3e7,DC$,S-1-5-18,,,,,,,,,BBE6D2C0-7B58-11F1-992C-005056B98D90,,
2026-07-09T06:11:24.984577Z,4663,dc.scaffold.htb,Microsoft-Windows-Security-Auditing,Security,19409,0,"%%1537
				",0x10000,,,,,,,0x6c,,,,,,,,,,,,,C:\Windows\WinSxS\FileMaps\_0000000000000000.cdf-ms,Security,File,,,,0x6fc,C:\Windows\System32\poqexec.exe,,S:AI,,SCAFFOLD,0x3e7,DC$,S-1-5-18,,,,,,,,,,,
2026-07-09T06:11:24.984584Z,4660,dc.scaffold.htb,Microsoft-Windows-Security-Auditing,Security,19410,0,,,,,,,,,0x6c,,,,,,,,,,,,,,Security,,,,,0x6fc,C:\Windows\System32\poqexec.exe,,,,SCAFFOLD,0x3e7,DC$,S-1-5-18,,,,,,,,,BBE6D2C0-7B58-11F1-992C-005056B98D90,,
2026-07-09T06:11:24.985688Z,4663,dc.scaffold.htb,Microsoft-Windows-Security-Auditing,Security,19411,0,"%%4417
				",0x2,,,,,,,0x15d4,,,,,,,,,,,,,C:\Windows\WinSxS\FileMaps,Security,File,,,,0x6fc,C:\Windows\System32\poqexec.exe,,S:AI,,SCAFFOLD,0x3e7,DC$,S-1-5-18,,,,,,,,,,,
2026-07-09T06:11:24.987366Z,4663,dc.scaffold.htb,Microsoft-Windows-Security-Auditing,Security,19412,0,"%%1538
				",0x20000,,,,,,,0x70,,,,,,,,,,,,,C:\Windows\WinSxS\FileMaps,Security,File,,,,0x6fc,C:\Windows\System32\poqexec.exe,,S:AI,,SCAFFOLD,0x3e7,DC$,S-1-5-18,,,,,,,,,,,
2026-07-09T06:11:24.987574Z,4663,dc.scaffold.htb,Microsoft-Windows-Security-Auditing,Security,19413,0,"%%1538
				",0x20000,,,,,,,0x70,,,,,,,,,,,,,C:\Windows\WinSxS\FileMaps,Security,File,,,,0x6fc,C:\Windows\System32\poqexec.exe,,S:AI,,SCAFFOLD,0x3e7,DC$,S-1-5-18,,,,,,,,,,,
2026-07-09T06:11:24.987970Z,4663,dc.scaffold.htb,Microsoft-Windows-Security-Auditing,Security,19414,0,"%%1537
				",0x10000,,,,,,,0x6c,,,,,,,,,,,,,C:\Windows\WinSxS\FileMaps\$$.cdf-ms,Security,File,,,,0x6fc,C:\Windows\System32\poqexec.exe,,S:AI,,SCAFFOLD,0x3e7,DC$,S-1-5-18,,,,,,,,,,,
2026-07-09T06:11:24.987993Z,4660,dc.scaffold.htb,Microsoft-Windows-Security-Auditing,Security,19415,0,,,,,,,,,0x6c,,,,,,,,,,,,,,Security,,,,,0x6fc,C:\Windows\System32\poqexec.exe,,,,SCAFFOLD,0x3e7,DC$,S-1-5-18,,,,,,,,,BBE6D2C0-7B58-11F1-992C-005056B98D90,,
2026-07-09T06:11:24.989533Z,4663,dc.scaffold.htb,Microsoft-Windows-Security-Auditing,Security,19416,0,"%%4417
				",0x2,,,,,,,0x15d4,,,,,,,,,,,,,C:\Windows\WinSxS\FileMaps,Security,File,,,,0x6fc,C:\Windows\System32\poqexec.exe,,S:AI,,SCAFFOLD,0x3e7,DC$,S-1-5-18,,,,,,,,,,,
2026-07-09T06:11:24.989850Z,4663,dc.scaffold.htb,Microsoft-Windows-Security-Auditing,Security,19417,0,"%%1538
				",0x20000,,,,,,,0x70,,,,,,,,,,,,,C:\Windows\WinSxS\FileMaps,Security,File,,,,0x6fc,C:\Windows\System32\poqexec.exe,,S:AI,,SCAFFOLD,0x3e7,DC$,S-1-5-18,,,,,,,,,,,
2026-07-09T06:11:24.990046Z,4663,dc.scaffold.htb,Microsoft-Windows-Security-Auditing,Security,19418,0,"%%1538
				",0x20000,,,,,,,0x70,,,,,,,,,,,,,C:\Windows\WinSxS\FileMaps,Security,File,,,,0x6fc,C:\Windows\System32\poqexec.exe,,S:AI,,SCAFFOLD,0x3e7,DC$,S-1-5-18,,,,,,,,,,,
2026-07-09T06:11:24.990447Z,4663,dc.scaffold.htb,Microsoft-Windows-Security-Auditing,Security,19419,0,"%%1537
				",0x10000,,,,,,,0x6c,,,,,,,,,,,,,C:\Windows\WinSxS\FileMaps\$$_syswow64_21ffbdd2a2dd92e0.cdf-ms,Security,File,,,,0x6fc,C:\Windows\System32\poqexec.exe,,S:AI,,SCAFFOLD,0x3e7,DC$,S-1-5-18,,,,,,,,,,,
2026-07-09T06:11:24.990450Z,4660,dc.scaffold.htb,Microsoft-Windows-Security-Auditing,Security,19420,0,,,,,,,,,0x6c,,,,,,,,,,,,,,Security,,,,,0x6fc,C:\Windows\System32\poqexec.exe,,,,SCAFFOLD,0x3e7,DC$,S-1-5-18,,,,,,,,,BBE6D2C0-7B58-11F1-992C-005056B98D90,,
2026-07-09T06:11:24.991981Z,4663,dc.scaffold.htb,Microsoft-Windows-Security-Auditing,Security,19421,0,"%%4417
				",0x2,,,,,,,0x15d4,,,,,,,,,,,,,C:\Windows\WinSxS\FileMaps,Security,File,,,,0x6fc,C:\Windows\System32\poqexec.exe,,S:AI,,SCAFFOLD,0x3e7,DC$,S-1-5-18,,,,,,,,,,,
2026-07-09T06:11:24.992311Z,4663,dc.scaffold.htb,Microsoft-Windows-Security-Auditing,Security,19422,0,"%%1538
				",0x20000,,,,,,,0x70,,,,,,,,,,,,,C:\Windows\WinSxS\FileMaps,Security,File,,,,0x6fc,C:\Windows\System32\poqexec.exe,,S:AI,,SCAFFOLD,0x3e7,DC$,S-1-5-18,,,,,,,,,,,
2026-07-09T06:11:24.992594Z,4663,dc.scaffold.htb,Microsoft-Windows-Security-Auditing,Security,19423,0,"%%1538
				",0x20000,,,,,,,0x70,,,,,,,,,,,,,C:\Windows\WinSxS\FileMaps,Security,File,,,,0x6fc,C:\Windows\System32\poqexec.exe,,S:AI,,SCAFFOLD,0x3e7,DC$,S-1-5-18,,,,,,,,,,,
2026-07-09T06:11:24.999371Z,4663,dc.scaffold.htb,Microsoft-Windows-Security-Auditing,Security,19424,0,"%%4417
				",0x2,,,,,,,0x15d4,,,,,,,,,,,,,C:\Windows\WinSxS\FileMaps,Security,File,,,,0x6fc,C:\Windows\System32\poqexec.exe,,S:AI,,SCAFFOLD,0x3e7,DC$,S-1-5-18,,,,,,,,,,,
2026-07-09T06:11:24.999769Z,4663,dc.scaffold.htb,Microsoft-Windows-Security-Auditing,Security,19425,0,"%%1538
				",0x20000,,,,,,,0x70,,,,,,,,,,,,,C:\Windows\WinSxS\FileMaps,Security,File,,,,0x6fc,C:\Windows\System32\poqexec.exe,,S:AI,,SCAFFOLD,0x3e7,DC$,S-1-5-18,,,,,,,,,,,
