2026-09-02T00:09:10.298711Z,4660,dc.scaffold.htb,Microsoft-Windows-Security-Auditing,Security,20646,0,,,,,,,,,0xb5c,,,,,,,,,,,,,,Security,,,,,0x13bc,C:\Windows\WinSxS\amd64_microsoft-windows-servicingstack_31bf3856ad364e35_10.0.20348.557_none_f1edaeb8515fa10d\TiWorker.exe,,,,SCAFFOLD,0x3e7,DC$,S-1-5-18,,,,,,,,,29971112-A661-11F1-9932-005056B98D90,,
2026-09-02T00:09:10.300760Z,4663,dc.scaffold.htb,Microsoft-Windows-Security-Auditing,Security,20647,0,"%%1537
				",0x10000,,,,,,,0xb60,,,,,,,,,,,,,C:\Windows\Microsoft.NET\Framework\v4.0.30319\WPF\PresentationHost_v0400.dll,Security,File,,,,0x13bc,C:\Windows\WinSxS\amd64_microsoft-windows-servicingstack_31bf3856ad364e35_10.0.20348.557_none_f1edaeb8515fa10d\TiWorker.exe,,S:AI,,SCAFFOLD,0x3e7,DC$,S-1-5-18,,,,,,,,,,,
2026-09-02T00:09:10.301214Z,4660,dc.scaffold.htb,Microsoft-Windows-Security-Auditing,Security,20648,0,,,,,,,,,0xb60,,,,,,,,,,,,,,Security,,,,,0x13bc,C:\Windows\WinSxS\amd64_microsoft-windows-servicingstack_31bf3856ad364e35_10.0.20348.557_none_f1edaeb8515fa10d\TiWorker.exe,,,,SCAFFOLD,0x3e7,DC$,S-1-5-18,,,,,,,,,29971112-A661-11F1-9932-005056B98D90,,
2026-09-02T00:09:10.303795Z,4663,dc.scaffold.htb,Microsoft-Windows-Security-Auditing,Security,20649,0,"%%1537
				",0x10000,,,,,,,0xb64,,,,,,,,,,,,,C:\Windows\Microsoft.NET\Framework\v4.0.30319\WPF\PresentationNative_v0400.dll,Security,File,,,,0x13bc,C:\Windows\WinSxS\amd64_microsoft-windows-servicingstack_31bf3856ad364e35_10.0.20348.557_none_f1edaeb8515fa10d\TiWorker.exe,,S:AI,,SCAFFOLD,0x3e7,DC$,S-1-5-18,,,,,,,,,,,
2026-09-02T00:09:10.304310Z,4660,dc.scaffold.htb,Microsoft-Windows-Security-Auditing,Security,20650,0,,,,,,,,,0xb64,,,,,,,,,,,,,,Security,,,,,0x13bc,C:\Windows\WinSxS\amd64_microsoft-windows-servicingstack_31bf3856ad364e35_10.0.20348.557_none_f1edaeb8515fa10d\TiWorker.exe,,,,SCAFFOLD,0x3e7,DC$,S-1-5-18,,,,,,,,,29971112-A661-11F1-9932-005056B98D90,,
2026-09-02T00:09:10.305609Z,4663,dc.scaffold.htb,Microsoft-Windows-Security-Auditing,Security,20651,0,"%%1537
				",0x10000,,,,,,,0xb5c,,,,,,,,,,,,,C:\Windows\Microsoft.NET\Framework\v4.0.30319\WPF\System.Windows.Controls.Ribbon.dll,Security,File,,,,0x13bc,C:\Windows\WinSxS\amd64_microsoft-windows-servicingstack_31bf3856ad364e35_10.0.20348.557_none_f1edaeb8515fa10d\TiWorker.exe,,S:AI,,SCAFFOLD,0x3e7,DC$,S-1-5-18,,,,,,,,,,,
2026-09-02T00:09:10.305631Z,4660,dc.scaffold.htb,Microsoft-Windows-Security-Auditing,Security,20652,0,,,,,,,,,0xb5c,,,,,,,,,,,,,,Security,,,,,0x13bc,C:\Windows\WinSxS\amd64_microsoft-windows-servicingstack_31bf3856ad364e35_10.0.20348.557_none_f1edaeb8515fa10d\TiWorker.exe,,,,SCAFFOLD,0x3e7,DC$,S-1-5-18,,,,,,,,,29971112-A661-11F1-9932-005056B98D90,,
2026-09-02T00:09:10.306522Z,4663,dc.scaffold.htb,Microsoft-Windows-Security-Auditing,Security,20653,0,"%%1537
				",0x10000,,,,,,,0xb60,,,,,,,,,,,,,C:\Windows\Microsoft.NET\Framework\v4.0.30319\WPF\UIAutomationClient.dll,Security,File,,,,0x13bc,C:\Windows\WinSxS\amd64_microsoft-windows-servicingstack_31bf3856ad364e35_10.0.20348.557_none_f1edaeb8515fa10d\TiWorker.exe,,S:AI,,SCAFFOLD,0x3e7,DC$,S-1-5-18,,,,,,,,,,,
2026-09-02T00:09:10.307496Z,4660,dc.scaffold.htb,Microsoft-Windows-Security-Auditing,Security,20654,0,,,,,,,,,0xb60,,,,,,,,,,,,,,Security,,,,,0x13bc,C:\Windows\WinSxS\amd64_microsoft-windows-servicingstack_31bf3856ad364e35_10.0.20348.557_none_f1edaeb8515fa10d\TiWorker.exe,,,,SCAFFOLD,0x3e7,DC$,S-1-5-18,,,,,,,,,29971112-A661-11F1-9932-005056B98D90,,
2026-09-02T00:09:10.308188Z,4663,dc.scaffold.htb,Microsoft-Windows-Security-Auditing,Security,20655,0,"%%1537
				",0x10000,,,,,,,0xb64,,,,,,,,,,,,,C:\Windows\Microsoft.NET\Framework\v4.0.30319\WPF\UIAutomationClientsideProviders.dll,Security,File,,,,0x13bc,C:\Windows\WinSxS\amd64_microsoft-windows-servicingstack_31bf3856ad364e35_10.0.20348.557_none_f1edaeb8515fa10d\TiWorker.exe,,S:AI,,SCAFFOLD,0x3e7,DC$,S-1-5-18,,,,,,,,,,,
2026-09-02T00:09:10.309034Z,4660,dc.scaffold.htb,Microsoft-Windows-Security-Auditing,Security,20656,0,,,,,,,,,0xb64,,,,,,,,,,,,,,Security,,,,,0x13bc,C:\Windows\WinSxS\amd64_microsoft-windows-servicingstack_31bf3856ad364e35_10.0.20348.557_none_f1edaeb8515fa10d\TiWorker.exe,,,,SCAFFOLD,0x3e7,DC$,S-1-5-18,,,,,,,,,29971112-A661-11F1-9932-005056B98D90,,
2026-09-02T00:09:10.309783Z,4663,dc.scaffold.htb,Microsoft-Windows-Security-Auditing,Security,20657,0,"%%1537
				",0x10000,,,,,,,0xb5c,,,,,,,,,,,,,C:\Windows\Microsoft.NET\Framework\v4.0.30319\WPF\UIAutomationProvider.dll,Security,File,,,,0x13bc,C:\Windows\WinSxS\amd64_microsoft-windows-servicingstack_31bf3856ad364e35_10.0.20348.557_none_f1edaeb8515fa10d\TiWorker.exe,,S:AI,,SCAFFOLD,0x3e7,DC$,S-1-5-18,,,,,,,,,,,
2026-09-02T00:09:10.311007Z,4660,dc.scaffold.htb,Microsoft-Windows-Security-Auditing,Security,20658,0,,,,,,,,,0xb5c,,,,,,,,,,,,,,Security,,,,,0x13bc,C:\Windows\WinSxS\amd64_microsoft-windows-servicingstack_31bf3856ad364e35_10.0.20348.557_none_f1edaeb8515fa10d\TiWorker.exe,,,,SCAFFOLD,0x3e7,DC$,S-1-5-18,,,,,,,,,29971112-A661-11F1-9932-005056B98D90,,
2026-09-02T00:09:10.312236Z,4663,dc.scaffold.htb,Microsoft-Windows-Security-Auditing,Security,20659,0,"%%1537
				",0x10000,,,,,,,0xb60,,,,,,,,,,,,,C:\Windows\Microsoft.NET\Framework\v4.0.30319\WPF\UIAutomationTypes.dll,Security,File,,,,0x13bc,C:\Windows\WinSxS\amd64_microsoft-windows-servicingstack_31bf3856ad364e35_10.0.20348.557_none_f1edaeb8515fa10d\TiWorker.exe,,S:AI,,SCAFFOLD,0x3e7,DC$,S-1-5-18,,,,,,,,,,,
2026-09-02T00:09:10.313831Z,4660,dc.scaffold.htb,Microsoft-Windows-Security-Auditing,Security,20660,0,,,,,,,,,0xb60,,,,,,,,,,,,,,Security,,,,,0x13bc,C:\Windows\WinSxS\amd64_microsoft-windows-servicingstack_31bf3856ad364e35_10.0.20348.557_none_f1edaeb8515fa10d\TiWorker.exe,,,,SCAFFOLD,0x3e7,DC$,S-1-5-18,,,,,,,,,29971112-A661-11F1-9932-005056B98D90,,
2026-09-02T00:09:10.314540Z,4663,dc.scaffold.htb,Microsoft-Windows-Security-Auditing,Security,20661,0,"%%1537
				",0x10000,,,,,,,0xb64,,,,,,,,,,,,,C:\Windows\Microsoft.NET\Framework\v4.0.30319\WPF\WindowsBase.dll,Security,File,,,,0x13bc,C:\Windows\WinSxS\amd64_microsoft-windows-servicingstack_31bf3856ad364e35_10.0.20348.557_none_f1edaeb8515fa10d\TiWorker.exe,,S:AI,,SCAFFOLD,0x3e7,DC$,S-1-5-18,,,,,,,,,,,
2026-09-02T00:09:10.314568Z,4660,dc.scaffold.htb,Microsoft-Windows-Security-Auditing,Security,20662,0,,,,,,,,,0xb64,,,,,,,,,,,,,,Security,,,,,0x13bc,C:\Windows\WinSxS\amd64_microsoft-windows-servicingstack_31bf3856ad364e35_10.0.20348.557_none_f1edaeb8515fa10d\TiWorker.exe,,,,SCAFFOLD,0x3e7,DC$,S-1-5-18,,,,,,,,,29971112-A661-11F1-9932-005056B98D90,,
2026-09-02T00:09:10.316172Z,4663,dc.scaffold.htb,Microsoft-Windows-Security-Auditing,Security,20663,0,"%%1537
				",0x10000,,,,,,,0xb5c,,,,,,,,,,,,,C:\Windows\Microsoft.NET\Framework\v4.0.30319\WPF\wpfgfx_v0400.dll,Security,File,,,,0x13bc,C:\Windows\WinSxS\amd64_microsoft-windows-servicingstack_31bf3856ad364e35_10.0.20348.557_none_f1edaeb8515fa10d\TiWorker.exe,,S:AI,,SCAFFOLD,0x3e7,DC$,S-1-5-18,,,,,,,,,,,
2026-09-02T00:09:10.316686Z,4660,dc.scaffold.htb,Microsoft-Windows-Security-Auditing,Security,20664,0,,,,,,,,,0xb5c,,,,,,,,,,,,,,Security,,,,,0x13bc,C:\Windows\WinSxS\amd64_microsoft-windows-servicingstack_31bf3856ad364e35_10.0.20348.557_none_f1edaeb8515fa10d\TiWorker.exe,,,,SCAFFOLD,0x3e7,DC$,S-1-5-18,,,,,,,,,29971112-A661-11F1-9932-005056B98D90,,
2026-09-02T00:09:10.319847Z,4663,dc.scaffold.htb,Microsoft-Windows-Security-Auditing,Security,20665,0,"%%1537
				",0x10000,,,,,,,0xb5c,,,,,,,,,,,,,C:\Windows\Microsoft.NET\Framework\v4.0.30319\WPF\en-US\PresentationHost_v0400.dll.mui,Security,File,,,,0x13bc,C:\Windows\WinSxS\amd64_microsoft-windows-servicingstack_31bf3856ad364e35_10.0.20348.557_none_f1edaeb8515fa10d\TiWorker.exe,,S:AI,,SCAFFOLD,0x3e7,DC$,S-1-5-18,,,,,,,,,,,
2026-09-02T00:09:10.320498Z,4660,dc.scaffold.htb,Microsoft-Windows-Security-Auditing,Security,20666,0,,,,,,,,,0xb5c,,,,,,,,,,,,,,Security,,,,,0x13bc,C:\Windows\WinSxS\amd64_microsoft-windows-servicingstack_31bf3856ad364e35_10.0.20348.557_none_f1edaeb8515fa10d\TiWorker.exe,,,,SCAFFOLD,0x3e7,DC$,S-1-5-18,,,,,,,,,29971112-A661-11F1-9932-005056B98D90,,
2026-09-02T00:09:10.322760Z,4663,dc.scaffold.htb,Microsoft-Windows-Security-Auditing,Security,20667,0,"%%1537
				",0x10000,,,,,,,0xb50,,,,,,,,,,,,,C:\Windows\Microsoft.NET\Framework64\v4.0.30319\clr.dll,Security,File,,,,0x13bc,C:\Windows\WinSxS\amd64_microsoft-windows-servicingstack_31bf3856ad364e35_10.0.20348.557_none_f1edaeb8515fa10d\TiWorker.exe,,S:AI,,SCAFFOLD,0x3e7,DC$,S-1-5-18,,,,,,,,,,,
2026-09-02T00:09:10.499381Z,4985,dc.scaffold.htb,Microsoft-Windows-Security-Auditing,Security,20668,0,,,,,,,,,,,,,,,,,,,,56,,,,,,,,0x13bc,C:\Windows\WinSxS\amd64_microsoft-windows-servicingstack_31bf3856ad364e35_10.0.20348.557_none_f1edaeb8515fa10d\TiWorker.exe,,,DA4CB52F-4F22-11F1-A9A6-8906DE6815CD,SCAFFOLD,0x3e7,DC$,S-1-5-18,,,,,,,,,29971112-A661-11F1-9932-005056B98D90,,
2026-09-02T00:09:10.512748Z,4663,dc.scaffold.htb,Microsoft-Windows-Security-Auditing,Security,20669,0,"%%4417
				",0x2,,,,,,,0x239c,,,,,,,,,,,,,C:\Windows\servicing\Sessions,Security,File,,,,0x13bc,C:\Windows\WinSxS\amd64_microsoft-windows-servicingstack_31bf3856ad364e35_10.0.20348.557_none_f1edaeb8515fa10d\TiWorker.exe,,S:AI,,SCAFFOLD,0x3e7,DC$,S-1-5-18,,,,,,,,,,,
2026-09-02T00:09:10.513358Z,4663,dc.scaffold.htb,Microsoft-Windows-Security-Auditing,Security,20670,0,"%%4417
				%%4418
				",0x6,,,,,,,0x544,,,,,,,,,,,,,C:\Windows\servicing\Sessions\31275631_773991185.xml,Security,File,,,,0x13bc,C:\Windows\WinSxS\amd64_microsoft-windows-servicingstack_31bf3856ad364e35_10.0.20348.557_none_f1edaeb8515fa10d\TiWorker.exe,,,,SCAFFOLD,0x3e7,DC$,S-1-5-18,,,,,,,,,,,
2026-09-02T00:12:07.172103Z,4663,dc.scaffold.htb,Microsoft-Windows-Security-Auditing,Security,20671,0,"%%4417
				%%4418
				",0x6,,,,,,,0x550,,,,,,,,,,,,,C:\Windows\servicing\Sessions\31275631_2954305271.xml,Security,File,,,,0xe2c,C:\Windows\WinSxS\amd64_microsoft-windows-servicingstack_31bf3856ad364e35_10.0.20348.557_none_f1edaeb8515fa10d\TiWorker.exe,,,,SCAFFOLD,0x3e7,DC$,S-1-5-18,,,,,,,,,,,
2026-09-02T00:12:32.142912Z,4664,dc.scaffold.htb,Microsoft-Windows-Security-Auditing,Security,20672,0,,,,,,,C:\Windows\WinSxS\amd64_netfx4-globalmonospacecf_b03f5f7f11d50a3a_4.0.15806.330_none_b8fe88089cdf8b8b\GlobalMonospace.CompositeFont,,,,,,,C:\Windows\WinSxS\amd64_netfx4-globalmonospacecf_b03f5f7f11d50a3a_4.0.15806.696_none_b9048e9e9cda1cf0\GlobalMonospace.CompositeFont,,,,,,,,,,,,,,,,,,,SCAFFOLD,0x3e7,DC$,S-1-5-18,,,,,,,,,00000000-0000-0000-0000-000000000000,,
2026-09-02T00:12:32.144945Z,4664,dc.scaffold.htb,Microsoft-Windows-Security-Auditing,Security,20673,0,,,,,,,C:\Windows\WinSxS\x86_netfx4-globalmonospacecf_b03f5f7f11d50a3a_4.0.15806.330_none_00abbedfb15bb491\GlobalMonospace.CompositeFont,,,,,,,C:\Windows\WinSxS\x86_netfx4-globalmonospacecf_b03f5f7f11d50a3a_4.0.15806.696_none_00b1c575b15645f6\GlobalMonospace.CompositeFont,,,,,,,,,,,,,,,,,,,SCAFFOLD,0x3e7,DC$,S-1-5-18,,,,,,,,,00000000-0000-0000-0000-000000000000,,
2026-09-02T00:12:32.156234Z,4664,dc.scaffold.htb,Microsoft-Windows-Security-Auditing,Security,20674,0,,,,,,,C:\Windows\WinSxS\amd64_netfx4-aspnet_state_perf_ini_b03f5f7f11d50a3a_4.0.15806.340_none_6447b90c25a7c16d\aspnet_state_perf.ini,,,,,,,C:\Windows\WinSxS\amd64_netfx4-aspnet_state_perf_ini_b03f5f7f11d50a3a_4.0.15806.696_none_644dbfc625a25281\aspnet_state_perf.ini,,,,,,,,,,,,,,,,,,,SCAFFOLD,0x3e7,DC$,S-1-5-18,,,,,,,,,00000000-0000-0000-0000-000000000000,,
2026-09-02T00:12:32.158262Z,4664,dc.scaffold.htb,Microsoft-Windows-Security-Auditing,Security,20675,0,,,,,,,C:\Windows\WinSxS\x86_netfx4-aspnet_state_perf_ini_b03f5f7f11d50a3a_4.0.15806.340_none_abf4efe33a23ea73\aspnet_state_perf.ini,,,,,,,C:\Windows\WinSxS\x86_netfx4-aspnet_state_perf_ini_b03f5f7f11d50a3a_4.0.15806.696_none_abfaf69d3a1e7b87\aspnet_state_perf.ini,,,,,,,,,,,,,,,,,,,SCAFFOLD,0x3e7,DC$,S-1-5-18,,,,,,,,,00000000-0000-0000-0000-000000000000,,
2026-09-02T00:12:32.206632Z,4664,dc.scaffold.htb,Microsoft-Windows-Security-Auditing,Security,20676,0,,,,,,,C:\Windows\WinSxS\amd64_netfx4-globalsansserifcf_b03f5f7f11d50a3a_4.0.15806.330_none_cea75a2e9c25d654\GlobalSansSerif.CompositeFont,,,,,,,C:\Windows\WinSxS\amd64_netfx4-globalsansserifcf_b03f5f7f11d50a3a_4.0.15806.696_none_cead60c49c2067b9\GlobalSansSerif.CompositeFont,,,,,,,,,,,,,,,,,,,SCAFFOLD,0x3e7,DC$,S-1-5-18,,,,,,,,,00000000-0000-0000-0000-000000000000,,
2026-09-02T00:12:32.209926Z,4664,dc.scaffold.htb,Microsoft-Windows-Security-Auditing,Security,20677,0,,,,,,,C:\Windows\WinSxS\x86_netfx4-globalsansserifcf_b03f5f7f11d50a3a_4.0.15806.330_none_16549105b0a1ff5a\GlobalSansSerif.CompositeFont,,,,,,,C:\Windows\WinSxS\x86_netfx4-globalsansserifcf_b03f5f7f11d50a3a_4.0.15806.696_none_165a979bb09c90bf\GlobalSansSerif.CompositeFont,,,,,,,,,,,,,,,,,,,SCAFFOLD,0x3e7,DC$,S-1-5-18,,,,,,,,,00000000-0000-0000-0000-000000000000,,
2026-09-02T00:12:32.231746Z,4664,dc.scaffold.htb,Microsoft-Windows-Security-Auditing,Security,20678,0,,,,,,,C:\Windows\WinSxS\amd64_presentationcore_31bf3856ad364e35_4.0.15806.330_none_a813305dde6e1a61\GlobalSansSerif.CompositeFont,,,,,,,C:\Windows\WinSxS\amd64_presentationcore_31bf3856ad364e35_4.0.15806.696_none_a81936f3de68abc6\GlobalSansSerif.CompositeFont,,,,,,,,,,,,,,,,,,,SCAFFOLD,0x3e7,DC$,S-1-5-18,,,,,,,,,00000000-0000-0000-0000-000000000000,,
2026-09-02T00:12:32.232480Z,4664,dc.scaffold.htb,Microsoft-Windows-Security-Auditing,Security,20679,0,,,,,,,C:\Windows\WinSxS\amd64_presentationcore_31bf3856ad364e35_4.0.15806.330_none_a813305dde6e1a61\GlobalSerif.CompositeFont,,,,,,,C:\Windows\WinSxS\amd64_presentationcore_31bf3856ad364e35_4.0.15806.696_none_a81936f3de68abc6\GlobalSerif.CompositeFont,,,,,,,,,,,,,,,,,,,SCAFFOLD,0x3e7,DC$,S-1-5-18,,,,,,,,,00000000-0000-0000-0000-000000000000,,
2026-09-02T00:12:32.233940Z,4664,dc.scaffold.htb,Microsoft-Windows-Security-Auditing,Security,20680,0,,,,,,,C:\Windows\WinSxS\amd64_presentationcore_31bf3856ad364e35_4.0.15806.330_none_a813305dde6e1a61\GlobalMonospace.CompositeFont,,,,,,,C:\Windows\WinSxS\amd64_presentationcore_31bf3856ad364e35_4.0.15806.696_none_a81936f3de68abc6\GlobalMonospace.CompositeFont,,,,,,,,,,,,,,,,,,,SCAFFOLD,0x3e7,DC$,S-1-5-18,,,,,,,,,00000000-0000-0000-0000-000000000000,,
2026-09-02T00:12:32.236039Z,4664,dc.scaffold.htb,Microsoft-Windows-Security-Auditing,Security,20681,0,,,,,,,C:\Windows\WinSxS\wow64_presentationcore_31bf3856ad364e35_4.0.15806.330_none_d1e177779fb8af7e\GlobalMonospace.CompositeFont,,,,,,,C:\Windows\WinSxS\wow64_presentationcore_31bf3856ad364e35_4.0.15806.696_none_d1e77e0d9fb340e3\GlobalMonospace.CompositeFont,,,,,,,,,,,,,,,,,,,SCAFFOLD,0x3e7,DC$,S-1-5-18,,,,,,,,,00000000-0000-0000-0000-000000000000,,
2026-09-02T00:12:32.236614Z,4664,dc.scaffold.htb,Microsoft-Windows-Security-Auditing,Security,20682,0,,,,,,,C:\Windows\WinSxS\wow64_presentationcore_31bf3856ad364e35_4.0.15806.330_none_d1e177779fb8af7e\GlobalSerif.CompositeFont,,,,,,,C:\Windows\WinSxS\wow64_presentationcore_31bf3856ad364e35_4.0.15806.696_none_d1e77e0d9fb340e3\GlobalSerif.CompositeFont,,,,,,,,,,,,,,,,,,,SCAFFOLD,0x3e7,DC$,S-1-5-18,,,,,,,,,00000000-0000-0000-0000-000000000000,,
2026-09-02T00:12:32.237536Z,4664,dc.scaffold.htb,Microsoft-Windows-Security-Auditing,Security,20683,0,,,,,,,C:\Windows\WinSxS\wow64_presentationcore_31bf3856ad364e35_4.0.15806.330_none_d1e177779fb8af7e\GlobalSansSerif.CompositeFont,,,,,,,C:\Windows\WinSxS\wow64_presentationcore_31bf3856ad364e35_4.0.15806.696_none_d1e77e0d9fb340e3\GlobalSansSerif.CompositeFont,,,,,,,,,,,,,,,,,,,SCAFFOLD,0x3e7,DC$,S-1-5-18,,,,,,,,,00000000-0000-0000-0000-000000000000,,
2026-09-02T00:12:32.252766Z,4664,dc.scaffold.htb,Microsoft-Windows-Security-Auditing,Security,20684,0,,,,,,,C:\Windows\WinSxS\amd64_netfx4-globalserifcf_b03f5f7f11d50a3a_4.0.15806.330_none_d8ded5188f79f6fd\GlobalSerif.CompositeFont,,,,,,,C:\Windows\WinSxS\amd64_netfx4-globalserifcf_b03f5f7f11d50a3a_4.0.15806.696_none_d8e4dbae8f748862\GlobalSerif.CompositeFont,,,,,,,,,,,,,,,,,,,SCAFFOLD,0x3e7,DC$,S-1-5-18,,,,,,,,,00000000-0000-0000-0000-000000000000,,
2026-09-02T00:12:32.254816Z,4664,dc.scaffold.htb,Microsoft-Windows-Security-Auditing,Security,20685,0,,,,,,,C:\Windows\WinSxS\x86_netfx4-globalserifcf_b03f5f7f11d50a3a_4.0.15806.330_none_208c0befa3f62003\GlobalSerif.CompositeFont,,,,,,,C:\Windows\WinSxS\x86_netfx4-globalserifcf_b03f5f7f11d50a3a_4.0.15806.696_none_20921285a3f0b168\GlobalSerif.CompositeFont,,,,,,,,,,,,,,,,,,,SCAFFOLD,0x3e7,DC$,S-1-5-18,,,,,,,,,00000000-0000-0000-0000-000000000000,,
2026-09-02T00:12:32.260331Z,4664,dc.scaffold.htb,Microsoft-Windows-Security-Auditing,Security,20686,0,,,,,,,C:\Windows\WinSxS\amd64_netfx4-vbc.rsp_b03f5f7f11d50a3a_4.0.15806.0_none_973458180530fb92\vbc.rsp,,,,,,,C:\Windows\WinSxS\amd64_netfx4-vbc.rsp_b03f5f7f11d50a3a_4.0.15806.630_none_8f883eacd95692ad\vbc.rsp,,,,,,,,,,,,,,,,,,,SCAFFOLD,0x3e7,DC$,S-1-5-18,,,,,,,,,00000000-0000-0000-0000-000000000000,,
2026-09-02T00:12:32.262150Z,4664,dc.scaffold.htb,Microsoft-Windows-Security-Auditing,Security,20687,0,,,,,,,C:\Windows\WinSxS\x86_netfx4-vbc.rsp_b03f5f7f11d50a3a_4.0.15806.0_none_dee18eef19ad2498\vbc.rsp,,,,,,,C:\Windows\WinSxS\x86_netfx4-vbc.rsp_b03f5f7f11d50a3a_4.0.15806.630_none_d7357583edd2bbb3\vbc.rsp,,,,,,,,,,,,,,,,,,,SCAFFOLD,0x3e7,DC$,S-1-5-18,,,,,,,,,00000000-0000-0000-0000-000000000000,,
2026-09-02T00:12:32.299254Z,4664,dc.scaffold.htb,Microsoft-Windows-Security-Auditing,Security,20688,0,,,,,,,C:\Windows\WinSxS\amd64_mscorlib_b77a5c561934e089_4.0.15806.300_none_1b10d49380a96a24\normnfd.nlp,,,,,,,C:\Windows\WinSxS\amd64_mscorlib_b77a5c561934e089_4.0.15806.685_none_1b15da9780a4e2d4\normnfd.nlp,,,,,,,,,,,,,,,,,,,SCAFFOLD,0x3e7,DC$,S-1-5-18,,,,,,,,,00000000-0000-0000-0000-000000000000,,
2026-09-02T00:12:32.299855Z,4664,dc.scaffold.htb,Microsoft-Windows-Security-Auditing,Security,20689,0,,,,,,,C:\Windows\WinSxS\amd64_mscorlib_b77a5c561934e089_4.0.15806.300_none_1b10d49380a96a24\normnfkc.nlp,,,,,,,C:\Windows\WinSxS\amd64_mscorlib_b77a5c561934e089_4.0.15806.685_none_1b15da9780a4e2d4\normnfkc.nlp,,,,,,,,,,,,,,,,,,,SCAFFOLD,0x3e7,DC$,S-1-5-18,,,,,,,,,00000000-0000-0000-0000-000000000000,,
2026-09-02T00:12:32.300374Z,4664,dc.scaffold.htb,Microsoft-Windows-Security-Auditing,Security,20690,0,,,,,,,C:\Windows\WinSxS\amd64_mscorlib_b77a5c561934e089_4.0.15806.300_none_1b10d49380a96a24\normnfc.nlp,,,,,,,C:\Windows\WinSxS\amd64_mscorlib_b77a5c561934e089_4.0.15806.685_none_1b15da9780a4e2d4\normnfc.nlp,,,,,,,,,,,,,,,,,,,SCAFFOLD,0x3e7,DC$,S-1-5-18,,,,,,,,,00000000-0000-0000-0000-000000000000,,
2026-09-02T00:12:32.301252Z,4664,dc.scaffold.htb,Microsoft-Windows-Security-Auditing,Security,20691,0,,,,,,,C:\Windows\WinSxS\amd64_mscorlib_b77a5c561934e089_4.0.15806.300_none_1b10d49380a96a24\normnfkd.nlp,,,,,,,C:\Windows\WinSxS\amd64_mscorlib_b77a5c561934e089_4.0.15806.685_none_1b15da9780a4e2d4\normnfkd.nlp,,,,,,,,,,,,,,,,,,,SCAFFOLD,0x3e7,DC$,S-1-5-18,,,,,,,,,00000000-0000-0000-0000-000000000000,,
2026-09-02T00:12:32.301834Z,4664,dc.scaffold.htb,Microsoft-Windows-Security-Auditing,Security,20692,0,,,,,,,C:\Windows\WinSxS\amd64_mscorlib_b77a5c561934e089_4.0.15806.300_none_1b10d49380a96a24\normidna.nlp,,,,,,,C:\Windows\WinSxS\amd64_mscorlib_b77a5c561934e089_4.0.15806.685_none_1b15da9780a4e2d4\normidna.nlp,,,,,,,,,,,,,,,,,,,SCAFFOLD,0x3e7,DC$,S-1-5-18,,,,,,,,,00000000-0000-0000-0000-000000000000,,
2026-09-02T00:12:32.303848Z,4664,dc.scaffold.htb,Microsoft-Windows-Security-Auditing,Security,20693,0,,,,,,,C:\Windows\WinSxS\wow64_mscorlib_b77a5c561934e089_4.0.15806.300_none_44df1bad41f3ff41\normnfkc.nlp,,,,,,,C:\Windows\WinSxS\wow64_mscorlib_b77a5c561934e089_4.0.15806.685_none_44e421b141ef77f1\normnfkc.nlp,,,,,,,,,,,,,,,,,,,SCAFFOLD,0x3e7,DC$,S-1-5-18,,,,,,,,,00000000-0000-0000-0000-000000000000,,
2026-09-02T00:12:32.304377Z,4664,dc.scaffold.htb,Microsoft-Windows-Security-Auditing,Security,20694,0,,,,,,,C:\Windows\WinSxS\wow64_mscorlib_b77a5c561934e089_4.0.15806.300_none_44df1bad41f3ff41\normidna.nlp,,,,,,,C:\Windows\WinSxS\wow64_mscorlib_b77a5c561934e089_4.0.15806.685_none_44e421b141ef77f1\normidna.nlp,,,,,,,,,,,,,,,,,,,SCAFFOLD,0x3e7,DC$,S-1-5-18,,,,,,,,,00000000-0000-0000-0000-000000000000,,
2026-09-02T00:12:32.304924Z,4664,dc.scaffold.htb,Microsoft-Windows-Security-Auditing,Security,20695,0,,,,,,,C:\Windows\WinSxS\wow64_mscorlib_b77a5c561934e089_4.0.15806.300_none_44df1bad41f3ff41\normnfc.nlp,,,,,,,C:\Windows\WinSxS\wow64_mscorlib_b77a5c561934e089_4.0.15806.685_none_44e421b141ef77f1\normnfc.nlp,,,,,,,,,,,,,,,,,,,SCAFFOLD,0x3e7,DC$,S-1-5-18,,,,,,,,,00000000-0000-0000-0000-000000000000,,
2026-09-02T00:12:32.306411Z,4664,dc.scaffold.htb,Microsoft-Windows-Security-Auditing,Security,20696,0,,,,,,,C:\Windows\WinSxS\wow64_mscorlib_b77a5c561934e089_4.0.15806.300_none_44df1bad41f3ff41\normnfkd.nlp,,,,,,,C:\Windows\WinSxS\wow64_mscorlib_b77a5c561934e089_4.0.15806.685_none_44e421b141ef77f1\normnfkd.nlp,,,,,,,,,,,,,,,,,,,SCAFFOLD,0x3e7,DC$,S-1-5-18,,,,,,,,,00000000-0000-0000-0000-000000000000,,
2026-09-02T00:12:32.306940Z,4664,dc.scaffold.htb,Microsoft-Windows-Security-Auditing,Security,20697,0,,,,,,,C:\Windows\WinSxS\wow64_mscorlib_b77a5c561934e089_4.0.15806.300_none_44df1bad41f3ff41\normnfd.nlp,,,,,,,C:\Windows\WinSxS\wow64_mscorlib_b77a5c561934e089_4.0.15806.685_none_44e421b141ef77f1\normnfd.nlp,,,,,,,,,,,,,,,,,,,SCAFFOLD,0x3e7,DC$,S-1-5-18,,,,,,,,,00000000-0000-0000-0000-000000000000,,
2026-09-02T00:12:32.318284Z,4664,dc.scaffold.htb,Microsoft-Windows-Security-Auditing,Security,20698,0,,,,,,,C:\Windows\WinSxS\amd64_netfx4-aspnet_state_perf_h_b03f5f7f11d50a3a_4.0.15806.340_none_bd05dc76f7745e6d\aspnet_state_perf.h,,,,,,,C:\Windows\WinSxS\amd64_netfx4-aspnet_state_perf_h_b03f5f7f11d50a3a_4.0.15806.696_none_bd0be330f76eef81\aspnet_state_perf.h,,,,,,,,,,,,,,,,,,,SCAFFOLD,0x3e7,DC$,S-1-5-18,,,,,,,,,00000000-0000-0000-0000-000000000000,,
2026-09-02T00:12:32.320295Z,4664,dc.scaffold.htb,Microsoft-Windows-Security-Auditing,Security,20699,0,,,,,,,C:\Windows\WinSxS\x86_netfx4-aspnet_state_perf_h_b03f5f7f11d50a3a_4.0.15806.340_none_04b3134e0bf08773\aspnet_state_perf.h,,,,,,,C:\Windows\WinSxS\x86_netfx4-aspnet_state_perf_h_b03f5f7f11d50a3a_4.0.15806.696_none_04b91a080beb1887\aspnet_state_perf.h,,,,,,,,,,,,,,,,,,,SCAFFOLD,0x3e7,DC$,S-1-5-18,,,,,,,,,00000000-0000-0000-0000-000000000000,,
2026-09-02T00:12:32.322313Z,4664,dc.scaffold.htb,Microsoft-Windows-Security-Auditing,Security,20700,0,,,,,,,C:\Windows\WinSxS\amd64_netfx4-vbc_exe_b03f5f7f11d50a3a_4.0.15806.0_none_96eed05805687d60\vbc.exe.config,,,,,,,C:\Windows\WinSxS\amd64_netfx4-vbc_exe_b03f5f7f11d50a3a_4.0.15806.630_none_8f42b6ecd98e147b\vbc.exe.config,,,,,,,,,,,,,,,,,,,SCAFFOLD,0x3e7,DC$,S-1-5-18,,,,,,,,,00000000-0000-0000-0000-000000000000,,
2026-09-02T00:12:32.324324Z,4664,dc.scaffold.htb,Microsoft-Windows-Security-Auditing,Security,20701,0,,,,,,,C:\Windows\WinSxS\x86_netfx4-vbc_exe_b03f5f7f11d50a3a_4.0.15806.0_none_de9c072f19e4a666\vbc.exe.config,,,,,,,C:\Windows\WinSxS\x86_netfx4-vbc_exe_b03f5f7f11d50a3a_4.0.15806.630_none_d6efedc3ee0a3d81\vbc.exe.config,,,,,,,,,,,,,,,,,,,SCAFFOLD,0x3e7,DC$,S-1-5-18,,,,,,,,,00000000-0000-0000-0000-000000000000,,
2026-09-02T00:12:32.564095Z,4664,dc.scaffold.htb,Microsoft-Windows-Security-Auditing,Security,20702,0,,,,,,,C:\Windows\WinSxS\amd64_mscorlib_b77a5c561934e089_4.0.15806.300_none_1b10d49380a96a24\normidna.nlp,,,,,,,C:\Windows\WinSxS\amd64_mscorlib_b77a5c561934e089_10.0.21800.721_none_5673e915d4638349\normidna.nlp,,,,,,,,,,,,,,,,,,,SCAFFOLD,0x3e7,DC$,S-1-5-18,,,,,,,,,00000000-0000-0000-0000-000000000000,,
2026-09-02T00:12:34.750405Z,4663,dc.scaffold.htb,Microsoft-Windows-Security-Auditing,Security,20703,0,"%%4417
				",0x2,,,,,,,0x1aa8,,,,,,,,,,,,,C:\Windows\servicing\Packages,Security,File,,,,0xe2c,C:\Windows\WinSxS\amd64_microsoft-windows-servicingstack_31bf3856ad364e35_10.0.20348.557_none_f1edaeb8515fa10d\TiWorker.exe,,S:AI,,SCAFFOLD,0x3e7,DC$,S-1-5-18,,,,,,,,,,,
2026-09-02T00:12:34.751073Z,4663,dc.scaffold.htb,Microsoft-Windows-Security-Auditing,Security,20704,0,"%%1538
				",0x20000,,,,,,,0xb7c,,,,,,,,,,,,,C:\Windows\servicing\Packages,Security,File,,,,0xe2c,C:\Windows\WinSxS\amd64_microsoft-windows-servicingstack_31bf3856ad364e35_10.0.20348.557_none_f1edaeb8515fa10d\TiWorker.exe,,S:AI,,SCAFFOLD,0x3e7,DC$,S-1-5-18,,,,,,,,,,,
2026-09-02T00:12:34.751154Z,4663,dc.scaffold.htb,Microsoft-Windows-Security-Auditing,Security,20705,0,"%%1538
				",0x20000,,,,,,,0xb98,,,,,,,,,,,,,C:\Windows\servicing\Packages,Security,File,,,,0xe2c,C:\Windows\WinSxS\amd64_microsoft-windows-servicingstack_31bf3856ad364e35_10.0.20348.557_none_f1edaeb8515fa10d\TiWorker.exe,,S:AI,,SCAFFOLD,0x3e7,DC$,S-1-5-18,,,,,,,,,,,
2026-09-02T00:12:34.751483Z,4663,dc.scaffold.htb,Microsoft-Windows-Security-Auditing,Security,20706,0,"%%4417
				",0x2,,,,,,,0x1aa8,,,,,,,,,,,,,C:\Windows\servicing\Packages,Security,File,,,,0xe2c,C:\Windows\WinSxS\amd64_microsoft-windows-servicingstack_31bf3856ad364e35_10.0.20348.557_none_f1edaeb8515fa10d\TiWorker.exe,,S:AI,,SCAFFOLD,0x3e7,DC$,S-1-5-18,,,,,,,,,,,
2026-09-02T00:12:34.751989Z,4663,dc.scaffold.htb,Microsoft-Windows-Security-Auditing,Security,20707,0,"%%1538
				",0x20000,,,,,,,0x3a8,,,,,,,,,,,,,C:\Windows\servicing\Packages,Security,File,,,,0xe2c,C:\Windows\WinSxS\amd64_microsoft-windows-servicingstack_31bf3856ad364e35_10.0.20348.557_none_f1edaeb8515fa10d\TiWorker.exe,,S:AI,,SCAFFOLD,0x3e7,DC$,S-1-5-18,,,,,,,,,,,
2026-09-02T00:12:34.752054Z,4663,dc.scaffold.htb,Microsoft-Windows-Security-Auditing,Security,20708,0,"%%1538
				",0x20000,,,,,,,0x3c4,,,,,,,,,,,,,C:\Windows\servicing\Packages,Security,File,,,,0xe2c,C:\Windows\WinSxS\amd64_microsoft-windows-servicingstack_31bf3856ad364e35_10.0.20348.557_none_f1edaeb8515fa10d\TiWorker.exe,,S:AI,,SCAFFOLD,0x3e7,DC$,S-1-5-18,,,,,,,,,,,
2026-09-02T00:12:34.776232Z,4663,dc.scaffold.htb,Microsoft-Windows-Security-Auditing,Security,20709,0,"%%4417
				",0x2,,,,,,,0x1aa8,,,,,,,,,,,,,C:\Windows\servicing\Packages,Security,File,,,,0xe2c,C:\Windows\WinSxS\amd64_microsoft-windows-servicingstack_31bf3856ad364e35_10.0.20348.557_none_f1edaeb8515fa10d\TiWorker.exe,,S:AI,,SCAFFOLD,0x3e7,DC$,S-1-5-18,,,,,,,,,,,
2026-09-02T00:12:34.776699Z,4663,dc.scaffold.htb,Microsoft-Windows-Security-Auditing,Security,20710,0,"%%1538
				",0x20000,,,,,,,0xb7c,,,,,,,,,,,,,C:\Windows\servicing\Packages,Security,File,,,,0xe2c,C:\Windows\WinSxS\amd64_microsoft-windows-servicingstack_31bf3856ad364e35_10.0.20348.557_none_f1edaeb8515fa10d\TiWorker.exe,,S:AI,,SCAFFOLD,0x3e7,DC$,S-1-5-18,,,,,,,,,,,
2026-09-02T00:12:34.776772Z,4663,dc.scaffold.htb,Microsoft-Windows-Security-Auditing,Security,20711,0,"%%1538
				",0x20000,,,,,,,0xb98,,,,,,,,,,,,,C:\Windows\servicing\Packages,Security,File,,,,0xe2c,C:\Windows\WinSxS\amd64_microsoft-windows-servicingstack_31bf3856ad364e35_10.0.20348.557_none_f1edaeb8515fa10d\TiWorker.exe,,S:AI,,SCAFFOLD,0x3e7,DC$,S-1-5-18,,,,,,,,,,,
2026-09-02T00:12:34.777048Z,4663,dc.scaffold.htb,Microsoft-Windows-Security-Auditing,Security,20712,0,"%%4417
				",0x2,,,,,,,0x1aa8,,,,,,,,,,,,,C:\Windows\servicing\Packages,Security,File,,,,0xe2c,C:\Windows\WinSxS\amd64_microsoft-windows-servicingstack_31bf3856ad364e35_10.0.20348.557_none_f1edaeb8515fa10d\TiWorker.exe,,S:AI,,SCAFFOLD,0x3e7,DC$,S-1-5-18,,,,,,,,,,,
2026-09-02T00:12:34.778186Z,4663,dc.scaffold.htb,Microsoft-Windows-Security-Auditing,Security,20713,0,"%%1538
				",0x20000,,,,,,,0xb7c,,,,,,,,,,,,,C:\Windows\servicing\Packages,Security,File,,,,0xe2c,C:\Windows\WinSxS\amd64_microsoft-windows-servicingstack_31bf3856ad364e35_10.0.20348.557_none_f1edaeb8515fa10d\TiWorker.exe,,S:AI,,SCAFFOLD,0x3e7,DC$,S-1-5-18,,,,,,,,,,,
2026-09-02T00:12:34.778261Z,4663,dc.scaffold.htb,Microsoft-Windows-Security-Auditing,Security,20714,0,"%%1538
				",0x20000,,,,,,,0xb98,,,,,,,,,,,,,C:\Windows\servicing\Packages,Security,File,,,,0xe2c,C:\Windows\WinSxS\amd64_microsoft-windows-servicingstack_31bf3856ad364e35_10.0.20348.557_none_f1edaeb8515fa10d\TiWorker.exe,,S:AI,,SCAFFOLD,0x3e7,DC$,S-1-5-18,,,,,,,,,,,
2026-09-02T00:12:34.829400Z,4663,dc.scaffold.htb,Microsoft-Windows-Security-Auditing,Security,20715,0,"%%4417
				",0x2,,,,,,,0x1424,,,,,,,,,,,,,C:\Windows\servicing\Packages,Security,File,,,,0xe2c,C:\Windows\WinSxS\amd64_microsoft-windows-servicingstack_31bf3856ad364e35_10.0.20348.557_none_f1edaeb8515fa10d\TiWorker.exe,,S:AI,,SCAFFOLD,0x3e7,DC$,S-1-5-18,,,,,,,,,,,
2026-09-02T00:12:34.829865Z,4663,dc.scaffold.htb,Microsoft-Windows-Security-Auditing,Security,20716,0,"%%1538
				",0x20000,,,,,,,0x8fc,,,,,,,,,,,,,C:\Windows\servicing\Packages,Security,File,,,,0xe2c,C:\Windows\WinSxS\amd64_microsoft-windows-servicingstack_31bf3856ad364e35_10.0.20348.557_none_f1edaeb8515fa10d\TiWorker.exe,,S:AI,,SCAFFOLD,0x3e7,DC$,S-1-5-18,,,,,,,,,,,
2026-09-02T00:12:34.829976Z,4663,dc.scaffold.htb,Microsoft-Windows-Security-Auditing,Security,20717,0,"%%1538
				",0x20000,,,,,,,0x3d8,,,,,,,,,,,,,C:\Windows\servicing\Packages,Security,File,,,,0xe2c,C:\Windows\WinSxS\amd64_microsoft-windows-servicingstack_31bf3856ad364e35_10.0.20348.557_none_f1edaeb8515fa10d\TiWorker.exe,,S:AI,,SCAFFOLD,0x3e7,DC$,S-1-5-18,,,,,,,,,,,
2026-09-02T00:12:34.830317Z,4663,dc.scaffold.htb,Microsoft-Windows-Security-Auditing,Security,20718,0,"%%4417
				",0x2,,,,,,,0x1424,,,,,,,,,,,,,C:\Windows\servicing\Packages,Security,File,,,,0xe2c,C:\Windows\WinSxS\amd64_microsoft-windows-servicingstack_31bf3856ad364e35_10.0.20348.557_none_f1edaeb8515fa10d\TiWorker.exe,,S:AI,,SCAFFOLD,0x3e7,DC$,S-1-5-18,,,,,,,,,,,
2026-09-02T00:12:34.830736Z,4663,dc.scaffold.htb,Microsoft-Windows-Security-Auditing,Security,20719,0,"%%1538
				",0x20000,,,,,,,0x8fc,,,,,,,,,,,,,C:\Windows\servicing\Packages,Security,File,,,,0xe2c,C:\Windows\WinSxS\amd64_microsoft-windows-servicingstack_31bf3856ad364e35_10.0.20348.557_none_f1edaeb8515fa10d\TiWorker.exe,,S:AI,,SCAFFOLD,0x3e7,DC$,S-1-5-18,,,,,,,,,,,
2026-09-02T00:12:34.830804Z,4663,dc.scaffold.htb,Microsoft-Windows-Security-Auditing,Security,20720,0,"%%1538
				",0x20000,,,,,,,0x3d8,,,,,,,,,,,,,C:\Windows\servicing\Packages,Security,File,,,,0xe2c,C:\Windows\WinSxS\amd64_microsoft-windows-servicingstack_31bf3856ad364e35_10.0.20348.557_none_f1edaeb8515fa10d\TiWorker.exe,,S:AI,,SCAFFOLD,0x3e7,DC$,S-1-5-18,,,,,,,,,,,
2026-09-02T00:12:35.039802Z,4663,dc.scaffold.htb,Microsoft-Windows-Security-Auditing,Security,20721,0,"%%4417
				",0x2,,,,,,,0x1aa8,,,,,,,,,,,,,C:\Windows\servicing\Packages,Security,File,,,,0xe2c,C:\Windows\WinSxS\amd64_microsoft-windows-servicingstack_31bf3856ad364e35_10.0.20348.557_none_f1edaeb8515fa10d\TiWorker.exe,,S:AI,,SCAFFOLD,0x3e7,DC$,S-1-5-18,,,,,,,,,,,
2026-09-02T00:12:35.040348Z,4663,dc.scaffold.htb,Microsoft-Windows-Security-Auditing,Security,20722,0,"%%1538
				",0x20000,,,,,,,0x8fc,,,,,,,,,,,,,C:\Windows\servicing\Packages,Security,File,,,,0xe2c,C:\Windows\WinSxS\amd64_microsoft-windows-servicingstack_31bf3856ad364e35_10.0.20348.557_none_f1edaeb8515fa10d\TiWorker.exe,,S:AI,,SCAFFOLD,0x3e7,DC$,S-1-5-18,,,,,,,,,,,
2026-09-02T00:12:35.040466Z,4663,dc.scaffold.htb,Microsoft-Windows-Security-Auditing,Security,20723,0,"%%1538
				",0x20000,,,,,,,0xa84,,,,,,,,,,,,,C:\Windows\servicing\Packages,Security,File,,,,0xe2c,C:\Windows\WinSxS\amd64_microsoft-windows-servicingstack_31bf3856ad364e35_10.0.20348.557_none_f1edaeb8515fa10d\TiWorker.exe,,S:AI,,SCAFFOLD,0x3e7,DC$,S-1-5-18,,,,,,,,,,,
2026-09-02T00:12:35.040818Z,4663,dc.scaffold.htb,Microsoft-Windows-Security-Auditing,Security,20724,0,"%%4417
				",0x2,,,,,,,0x1424,,,,,,,,,,,,,C:\Windows\servicing\Packages,Security,File,,,,0xe2c,C:\Windows\WinSxS\amd64_microsoft-windows-servicingstack_31bf3856ad364e35_10.0.20348.557_none_f1edaeb8515fa10d\TiWorker.exe,,S:AI,,SCAFFOLD,0x3e7,DC$,S-1-5-18,,,,,,,,,,,
2026-09-02T00:12:35.041340Z,4663,dc.scaffold.htb,Microsoft-Windows-Security-Auditing,Security,20725,0,"%%1538
				",0x20000,,,,,,,0x8fc,,,,,,,,,,,,,C:\Windows\servicing\Packages,Security,File,,,,0xe2c,C:\Windows\WinSxS\amd64_microsoft-windows-servicingstack_31bf3856ad364e35_10.0.20348.557_none_f1edaeb8515fa10d\TiWorker.exe,,S:AI,,SCAFFOLD,0x3e7,DC$,S-1-5-18,,,,,,,,,,,
2026-09-02T00:12:35.041495Z,4663,dc.scaffold.htb,Microsoft-Windows-Security-Auditing,Security,20726,0,"%%1538
				",0x20000,,,,,,,0xb9c,,,,,,,,,,,,,C:\Windows\servicing\Packages,Security,File,,,,0xe2c,C:\Windows\WinSxS\amd64_microsoft-windows-servicingstack_31bf3856ad364e35_10.0.20348.557_none_f1edaeb8515fa10d\TiWorker.exe,,S:AI,,SCAFFOLD,0x3e7,DC$,S-1-5-18,,,,,,,,,,,
2026-09-02T00:12:35.059880Z,4663,dc.scaffold.htb,Microsoft-Windows-Security-Auditing,Security,20727,0,"%%4417
				",0x2,,,,,,,0x1aa8,,,,,,,,,,,,,C:\Windows\servicing\Packages,Security,File,,,,0xe2c,C:\Windows\WinSxS\amd64_microsoft-windows-servicingstack_31bf3856ad364e35_10.0.20348.557_none_f1edaeb8515fa10d\TiWorker.exe,,S:AI,,SCAFFOLD,0x3e7,DC$,S-1-5-18,,,,,,,,,,,
2026-09-02T00:12:35.060804Z,4663,dc.scaffold.htb,Microsoft-Windows-Security-Auditing,Security,20728,0,"%%1538
				",0x20000,,,,,,,0xb9c,,,,,,,,,,,,,C:\Windows\servicing\Packages,Security,File,,,,0xe2c,C:\Windows\WinSxS\amd64_microsoft-windows-servicingstack_31bf3856ad364e35_10.0.20348.557_none_f1edaeb8515fa10d\TiWorker.exe,,S:AI,,SCAFFOLD,0x3e7,DC$,S-1-5-18,,,,,,,,,,,
2026-09-02T00:12:35.060868Z,4663,dc.scaffold.htb,Microsoft-Windows-Security-Auditing,Security,20729,0,"%%1538
				",0x20000,,,,,,,0xa84,,,,,,,,,,,,,C:\Windows\servicing\Packages,Security,File,,,,0xe2c,C:\Windows\WinSxS\amd64_microsoft-windows-servicingstack_31bf3856ad364e35_10.0.20348.557_none_f1edaeb8515fa10d\TiWorker.exe,,S:AI,,SCAFFOLD,0x3e7,DC$,S-1-5-18,,,,,,,,,,,
2026-09-02T00:12:35.061140Z,4663,dc.scaffold.htb,Microsoft-Windows-Security-Auditing,Security,20730,0,"%%4417
				",0x2,,,,,,,0x1aa8,,,,,,,,,,,,,C:\Windows\servicing\Packages,Security,File,,,,0xe2c,C:\Windows\WinSxS\amd64_microsoft-windows-servicingstack_31bf3856ad364e35_10.0.20348.557_none_f1edaeb8515fa10d\TiWorker.exe,,S:AI,,SCAFFOLD,0x3e7,DC$,S-1-5-18,,,,,,,,,,,
2026-09-02T00:12:35.061500Z,4663,dc.scaffold.htb,Microsoft-Windows-Security-Auditing,Security,20731,0,"%%1538
				",0x20000,,,,,,,0xb9c,,,,,,,,,,,,,C:\Windows\servicing\Packages,Security,File,,,,0xe2c,C:\Windows\WinSxS\amd64_microsoft-windows-servicingstack_31bf3856ad364e35_10.0.20348.557_none_f1edaeb8515fa10d\TiWorker.exe,,S:AI,,SCAFFOLD,0x3e7,DC$,S-1-5-18,,,,,,,,,,,
2026-09-02T00:12:35.061578Z,4663,dc.scaffold.htb,Microsoft-Windows-Security-Auditing,Security,20732,0,"%%1538
				",0x20000,,,,,,,0xa84,,,,,,,,,,,,,C:\Windows\servicing\Packages,Security,File,,,,0xe2c,C:\Windows\WinSxS\amd64_microsoft-windows-servicingstack_31bf3856ad364e35_10.0.20348.557_none_f1edaeb8515fa10d\TiWorker.exe,,S:AI,,SCAFFOLD,0x3e7,DC$,S-1-5-18,,,,,,,,,,,
2026-09-02T00:12:35.110587Z,4663,dc.scaffold.htb,Microsoft-Windows-Security-Auditing,Security,20733,0,"%%4417
				",0x2,,,,,,,0x1424,,,,,,,,,,,,,C:\Windows\servicing\Packages,Security,File,,,,0xe2c,C:\Windows\WinSxS\amd64_microsoft-windows-servicingstack_31bf3856ad364e35_10.0.20348.557_none_f1edaeb8515fa10d\TiWorker.exe,,S:AI,,SCAFFOLD,0x3e7,DC$,S-1-5-18,,,,,,,,,,,
2026-09-02T00:12:35.111018Z,4663,dc.scaffold.htb,Microsoft-Windows-Security-Auditing,Security,20734,0,"%%1538
				",0x20000,,,,,,,0x8fc,,,,,,,,,,,,,C:\Windows\servicing\Packages,Security,File,,,,0xe2c,C:\Windows\WinSxS\amd64_microsoft-windows-servicingstack_31bf3856ad364e35_10.0.20348.557_none_f1edaeb8515fa10d\TiWorker.exe,,S:AI,,SCAFFOLD,0x3e7,DC$,S-1-5-18,,,,,,,,,,,
2026-09-02T00:12:35.111104Z,4663,dc.scaffold.htb,Microsoft-Windows-Security-Auditing,Security,20735,0,"%%1538
				",0x20000,,,,,,,0xb9c,,,,,,,,,,,,,C:\Windows\servicing\Packages,Security,File,,,,0xe2c,C:\Windows\WinSxS\amd64_microsoft-windows-servicingstack_31bf3856ad364e35_10.0.20348.557_none_f1edaeb8515fa10d\TiWorker.exe,,S:AI,,SCAFFOLD,0x3e7,DC$,S-1-5-18,,,,,,,,,,,
2026-09-02T00:12:35.111377Z,4663,dc.scaffold.htb,Microsoft-Windows-Security-Auditing,Security,20736,0,"%%4417
				",0x2,,,,,,,0x1424,,,,,,,,,,,,,C:\Windows\servicing\Packages,Security,File,,,,0xe2c,C:\Windows\WinSxS\amd64_microsoft-windows-servicingstack_31bf3856ad364e35_10.0.20348.557_none_f1edaeb8515fa10d\TiWorker.exe,,S:AI,,SCAFFOLD,0x3e7,DC$,S-1-5-18,,,,,,,,,,,
2026-09-02T00:12:35.111714Z,4663,dc.scaffold.htb,Microsoft-Windows-Security-Auditing,Security,20737,0,"%%1538
				",0x20000,,,,,,,0x8fc,,,,,,,,,,,,,C:\Windows\servicing\Packages,Security,File,,,,0xe2c,C:\Windows\WinSxS\amd64_microsoft-windows-servicingstack_31bf3856ad364e35_10.0.20348.557_none_f1edaeb8515fa10d\TiWorker.exe,,S:AI,,SCAFFOLD,0x3e7,DC$,S-1-5-18,,,,,,,,,,,
2026-09-02T00:12:35.111771Z,4663,dc.scaffold.htb,Microsoft-Windows-Security-Auditing,Security,20738,0,"%%1538
				",0x20000,,,,,,,0xb9c,,,,,,,,,,,,,C:\Windows\servicing\Packages,Security,File,,,,0xe2c,C:\Windows\WinSxS\amd64_microsoft-windows-servicingstack_31bf3856ad364e35_10.0.20348.557_none_f1edaeb8515fa10d\TiWorker.exe,,S:AI,,SCAFFOLD,0x3e7,DC$,S-1-5-18,,,,,,,,,,,
2026-09-02T00:12:35.206541Z,4663,dc.scaffold.htb,Microsoft-Windows-Security-Auditing,Security,20739,0,"%%4417
				",0x2,,,,,,,0x1424,,,,,,,,,,,,,C:\Windows\servicing\Packages,Security,File,,,,0xe2c,C:\Windows\WinSxS\amd64_microsoft-windows-servicingstack_31bf3856ad364e35_10.0.20348.557_none_f1edaeb8515fa10d\TiWorker.exe,,S:AI,,SCAFFOLD,0x3e7,DC$,S-1-5-18,,,,,,,,,,,
2026-09-02T00:12:35.207028Z,4663,dc.scaffold.htb,Microsoft-Windows-Security-Auditing,Security,20740,0,"%%1538
				",0x20000,,,,,,,0x8fc,,,,,,,,,,,,,C:\Windows\servicing\Packages,Security,File,,,,0xe2c,C:\Windows\WinSxS\amd64_microsoft-windows-servicingstack_31bf3856ad364e35_10.0.20348.557_none_f1edaeb8515fa10d\TiWorker.exe,,S:AI,,SCAFFOLD,0x3e7,DC$,S-1-5-18,,,,,,,,,,,
2026-09-02T00:12:35.207106Z,4663,dc.scaffold.htb,Microsoft-Windows-Security-Auditing,Security,20741,0,"%%1538
				",0x20000,,,,,,,0xb9c,,,,,,,,,,,,,C:\Windows\servicing\Packages,Security,File,,,,0xe2c,C:\Windows\WinSxS\amd64_microsoft-windows-servicingstack_31bf3856ad364e35_10.0.20348.557_none_f1edaeb8515fa10d\TiWorker.exe,,S:AI,,SCAFFOLD,0x3e7,DC$,S-1-5-18,,,,,,,,,,,
2026-09-02T00:12:35.207399Z,4663,dc.scaffold.htb,Microsoft-Windows-Security-Auditing,Security,20742,0,"%%4417
				",0x2,,,,,,,0x1424,,,,,,,,,,,,,C:\Windows\servicing\Packages,Security,File,,,,0xe2c,C:\Windows\WinSxS\amd64_microsoft-windows-servicingstack_31bf3856ad364e35_10.0.20348.557_none_f1edaeb8515fa10d\TiWorker.exe,,S:AI,,SCAFFOLD,0x3e7,DC$,S-1-5-18,,,,,,,,,,,
2026-09-02T00:12:35.207770Z,4663,dc.scaffold.htb,Microsoft-Windows-Security-Auditing,Security,20743,0,"%%1538
				",0x20000,,,,,,,0x8fc,,,,,,,,,,,,,C:\Windows\servicing\Packages,Security,File,,,,0xe2c,C:\Windows\WinSxS\amd64_microsoft-windows-servicingstack_31bf3856ad364e35_10.0.20348.557_none_f1edaeb8515fa10d\TiWorker.exe,,S:AI,,SCAFFOLD,0x3e7,DC$,S-1-5-18,,,,,,,,,,,
2026-09-02T00:12:35.207890Z,4663,dc.scaffold.htb,Microsoft-Windows-Security-Auditing,Security,20744,0,"%%1538
				",0x20000,,,,,,,0xb9c,,,,,,,,,,,,,C:\Windows\servicing\Packages,Security,File,,,,0xe2c,C:\Windows\WinSxS\amd64_microsoft-windows-servicingstack_31bf3856ad364e35_10.0.20348.557_none_f1edaeb8515fa10d\TiWorker.exe,,S:AI,,SCAFFOLD,0x3e7,DC$,S-1-5-18,,,,,,,,,,,
2026-09-02T00:12:35.217922Z,4663,dc.scaffold.htb,Microsoft-Windows-Security-Auditing,Security,20745,0,"%%4417
				",0x2,,,,,,,0x1424,,,,,,,,,,,,,C:\Windows\servicing\Packages,Security,File,,,,0xe2c,C:\Windows\WinSxS\amd64_microsoft-windows-servicingstack_31bf3856ad364e35_10.0.20348.557_none_f1edaeb8515fa10d\TiWorker.exe,,S:AI,,SCAFFOLD,0x3e7,DC$,S-1-5-18,,,,,,,,,,,
2026-09-02T00:12:35.218296Z,4663,dc.scaffold.htb,Microsoft-Windows-Security-Auditing,Security,20746,0,"%%1538
				",0x20000,,,,,,,0x8fc,,,,,,,,,,,,,C:\Windows\servicing\Packages,Security,File,,,,0xe2c,C:\Windows\WinSxS\amd64_microsoft-windows-servicingstack_31bf3856ad364e35_10.0.20348.557_none_f1edaeb8515fa10d\TiWorker.exe,,S:AI,,SCAFFOLD,0x3e7,DC$,S-1-5-18,,,,,,,,,,,
2026-09-02T00:12:35.218363Z,4663,dc.scaffold.htb,Microsoft-Windows-Security-Auditing,Security,20747,0,"%%1538
				",0x20000,,,,,,,0xb9c,,,,,,,,,,,,,C:\Windows\servicing\Packages,Security,File,,,,0xe2c,C:\Windows\WinSxS\amd64_microsoft-windows-servicingstack_31bf3856ad364e35_10.0.20348.557_none_f1edaeb8515fa10d\TiWorker.exe,,S:AI,,SCAFFOLD,0x3e7,DC$,S-1-5-18,,,,,,,,,,,
2026-09-02T00:12:35.218632Z,4663,dc.scaffold.htb,Microsoft-Windows-Security-Auditing,Security,20748,0,"%%4417
				",0x2,,,,,,,0x1424,,,,,,,,,,,,,C:\Windows\servicing\Packages,Security,File,,,,0xe2c,C:\Windows\WinSxS\amd64_microsoft-windows-servicingstack_31bf3856ad364e35_10.0.20348.557_none_f1edaeb8515fa10d\TiWorker.exe,,S:AI,,SCAFFOLD,0x3e7,DC$,S-1-5-18,,,,,,,,,,,
2026-09-02T00:12:35.219047Z,4663,dc.scaffold.htb,Microsoft-Windows-Security-Auditing,Security,20749,0,"%%1538
				",0x20000,,,,,,,0x8fc,,,,,,,,,,,,,C:\Windows\servicing\Packages,Security,File,,,,0xe2c,C:\Windows\WinSxS\amd64_microsoft-windows-servicingstack_31bf3856ad364e35_10.0.20348.557_none_f1edaeb8515fa10d\TiWorker.exe,,S:AI,,SCAFFOLD,0x3e7,DC$,S-1-5-18,,,,,,,,,,,
2026-09-02T00:12:35.219116Z,4663,dc.scaffold.htb,Microsoft-Windows-Security-Auditing,Security,20750,0,"%%1538
				",0x20000,,,,,,,0xb9c,,,,,,,,,,,,,C:\Windows\servicing\Packages,Security,File,,,,0xe2c,C:\Windows\WinSxS\amd64_microsoft-windows-servicingstack_31bf3856ad364e35_10.0.20348.557_none_f1edaeb8515fa10d\TiWorker.exe,,S:AI,,SCAFFOLD,0x3e7,DC$,S-1-5-18,,,,,,,,,,,
2026-09-02T00:12:35.225171Z,4663,dc.scaffold.htb,Microsoft-Windows-Security-Auditing,Security,20751,0,"%%4417
				",0x2,,,,,,,0x1c8c,,,,,,,,,,,,,C:\Windows\servicing\Packages,Security,File,,,,0xe2c,C:\Windows\WinSxS\amd64_microsoft-windows-servicingstack_31bf3856ad364e35_10.0.20348.557_none_f1edaeb8515fa10d\TiWorker.exe,,S:AI,,SCAFFOLD,0x3e7,DC$,S-1-5-18,,,,,,,,,,,
2026-09-02T00:12:35.225698Z,4663,dc.scaffold.htb,Microsoft-Windows-Security-Auditing,Security,20752,0,"%%1538
				",0x20000,,,,,,,0x8c8,,,,,,,,,,,,,C:\Windows\servicing\Packages,Security,File,,,,0xe2c,C:\Windows\WinSxS\amd64_microsoft-windows-servicingstack_31bf3856ad364e35_10.0.20348.557_none_f1edaeb8515fa10d\TiWorker.exe,,S:AI,,SCAFFOLD,0x3e7,DC$,S-1-5-18,,,,,,,,,,,
2026-09-02T00:12:35.225770Z,4663,dc.scaffold.htb,Microsoft-Windows-Security-Auditing,Security,20753,0,"%%1538
				",0x20000,,,,,,,0xb98,,,,,,,,,,,,,C:\Windows\servicing\Packages,Security,File,,,,0xe2c,C:\Windows\WinSxS\amd64_microsoft-windows-servicingstack_31bf3856ad364e35_10.0.20348.557_none_f1edaeb8515fa10d\TiWorker.exe,,S:AI,,SCAFFOLD,0x3e7,DC$,S-1-5-18,,,,,,,,,,,
2026-09-02T00:12:35.226186Z,4663,dc.scaffold.htb,Microsoft-Windows-Security-Auditing,Security,20754,0,"%%4417
				",0x2,,,,,,,0x1c8c,,,,,,,,,,,,,C:\Windows\servicing\Packages,Security,File,,,,0xe2c,C:\Windows\WinSxS\amd64_microsoft-windows-servicingstack_31bf3856ad364e35_10.0.20348.557_none_f1edaeb8515fa10d\TiWorker.exe,,S:AI,,SCAFFOLD,0x3e7,DC$,S-1-5-18,,,,,,,,,,,
2026-09-02T00:12:35.226557Z,4663,dc.scaffold.htb,Microsoft-Windows-Security-Auditing,Security,20755,0,"%%1538
				",0x20000,,,,,,,0x8c8,,,,,,,,,,,,,C:\Windows\servicing\Packages,Security,File,,,,0xe2c,C:\Windows\WinSxS\amd64_microsoft-windows-servicingstack_31bf3856ad364e35_10.0.20348.557_none_f1edaeb8515fa10d\TiWorker.exe,,S:AI,,SCAFFOLD,0x3e7,DC$,S-1-5-18,,,,,,,,,,,
2026-09-02T00:12:35.226670Z,4663,dc.scaffold.htb,Microsoft-Windows-Security-Auditing,Security,20756,0,"%%1538
				",0x20000,,,,,,,0xb98,,,,,,,,,,,,,C:\Windows\servicing\Packages,Security,File,,,,0xe2c,C:\Windows\WinSxS\amd64_microsoft-windows-servicingstack_31bf3856ad364e35_10.0.20348.557_none_f1edaeb8515fa10d\TiWorker.exe,,S:AI,,SCAFFOLD,0x3e7,DC$,S-1-5-18,,,,,,,,,,,
2026-09-02T00:12:35.314467Z,4663,dc.scaffold.htb,Microsoft-Windows-Security-Auditing,Security,20757,0,"%%4417
				",0x2,,,,,,,0x1c8c,,,,,,,,,,,,,C:\Windows\servicing\Packages,Security,File,,,,0xe2c,C:\Windows\WinSxS\amd64_microsoft-windows-servicingstack_31bf3856ad364e35_10.0.20348.557_none_f1edaeb8515fa10d\TiWorker.exe,,S:AI,,SCAFFOLD,0x3e7,DC$,S-1-5-18,,,,,,,,,,,
2026-09-02T00:12:35.314898Z,4663,dc.scaffold.htb,Microsoft-Windows-Security-Auditing,Security,20758,0,"%%1538
				",0x20000,,,,,,,0x8c8,,,,,,,,,,,,,C:\Windows\servicing\Packages,Security,File,,,,0xe2c,C:\Windows\WinSxS\amd64_microsoft-windows-servicingstack_31bf3856ad364e35_10.0.20348.557_none_f1edaeb8515fa10d\TiWorker.exe,,S:AI,,SCAFFOLD,0x3e7,DC$,S-1-5-18,,,,,,,,,,,
2026-09-02T00:12:35.314977Z,4663,dc.scaffold.htb,Microsoft-Windows-Security-Auditing,Security,20759,0,"%%1538
				",0x20000,,,,,,,0xb98,,,,,,,,,,,,,C:\Windows\servicing\Packages,Security,File,,,,0xe2c,C:\Windows\WinSxS\amd64_microsoft-windows-servicingstack_31bf3856ad364e35_10.0.20348.557_none_f1edaeb8515fa10d\TiWorker.exe,,S:AI,,SCAFFOLD,0x3e7,DC$,S-1-5-18,,,,,,,,,,,
2026-09-02T00:12:35.315324Z,4663,dc.scaffold.htb,Microsoft-Windows-Security-Auditing,Security,20760,0,"%%4417
				",0x2,,,,,,,0x1c8c,,,,,,,,,,,,,C:\Windows\servicing\Packages,Security,File,,,,0xe2c,C:\Windows\WinSxS\amd64_microsoft-windows-servicingstack_31bf3856ad364e35_10.0.20348.557_none_f1edaeb8515fa10d\TiWorker.exe,,S:AI,,SCAFFOLD,0x3e7,DC$,S-1-5-18,,,,,,,,,,,
2026-09-02T00:12:35.315707Z,4663,dc.scaffold.htb,Microsoft-Windows-Security-Auditing,Security,20761,0,"%%1538
				",0x20000,,,,,,,0x8c8,,,,,,,,,,,,,C:\Windows\servicing\Packages,Security,File,,,,0xe2c,C:\Windows\WinSxS\amd64_microsoft-windows-servicingstack_31bf3856ad364e35_10.0.20348.557_none_f1edaeb8515fa10d\TiWorker.exe,,S:AI,,SCAFFOLD,0x3e7,DC$,S-1-5-18,,,,,,,,,,,
2026-09-02T00:12:35.315774Z,4663,dc.scaffold.htb,Microsoft-Windows-Security-Auditing,Security,20762,0,"%%1538
				",0x20000,,,,,,,0xb98,,,,,,,,,,,,,C:\Windows\servicing\Packages,Security,File,,,,0xe2c,C:\Windows\WinSxS\amd64_microsoft-windows-servicingstack_31bf3856ad364e35_10.0.20348.557_none_f1edaeb8515fa10d\TiWorker.exe,,S:AI,,SCAFFOLD,0x3e7,DC$,S-1-5-18,,,,,,,,,,,
2026-09-02T00:12:35.324058Z,4663,dc.scaffold.htb,Microsoft-Windows-Security-Auditing,Security,20763,0,"%%4417
				",0x2,,,,,,,0x1c8c,,,,,,,,,,,,,C:\Windows\servicing\Sessions,Security,File,,,,0xe2c,C:\Windows\WinSxS\amd64_microsoft-windows-servicingstack_31bf3856ad364e35_10.0.20348.557_none_f1edaeb8515fa10d\TiWorker.exe,,S:AI,,SCAFFOLD,0x3e7,DC$,S-1-5-18,,,,,,,,,,,
2026-09-02T00:12:35.324502Z,4663,dc.scaffold.htb,Microsoft-Windows-Security-Auditing,Security,20764,0,"%%4417
				%%4418
				",0x6,,,,,,,0xa84,,,,,,,,,,,,,C:\Windows\servicing\Sessions\31275631_2954305271.xml,Security,File,,,,0xe2c,C:\Windows\WinSxS\amd64_microsoft-windows-servicingstack_31bf3856ad364e35_10.0.20348.557_none_f1edaeb8515fa10d\TiWorker.exe,,,,SCAFFOLD,0x3e7,DC$,S-1-5-18,,,,,,,,,,,
2026-09-02T00:12:41.853414Z,4663,dc.scaffold.htb,Microsoft-Windows-Security-Auditing,Security,20765,0,"%%4420
				",0x10,,,,,,,0xc70,,,,,,,,,,,,,C:\Windows\WinSxS\amd64_uiautomationprovider_31bf3856ad364e35_4.0.15806.330_none_69840c5ca7f757f6\UIAutomationProvider.dll,Security,File,,,,0xe2c,C:\Windows\WinSxS\amd64_microsoft-windows-servicingstack_31bf3856ad364e35_10.0.20348.557_none_f1edaeb8515fa10d\TiWorker.exe,,S:AI,,SCAFFOLD,0x3e7,DC$,S-1-5-18,,,,,,,,,,,
2026-09-02T00:12:41.853669Z,4663,dc.scaffold.htb,Microsoft-Windows-Security-Auditing,Security,20766,0,"%%4420
				",0x10,,,,,,,0xc70,,,,,,,,,,,,,C:\Windows\WinSxS\wow64_presentationcore_31bf3856ad364e35_4.0.15806.330_none_d1e177779fb8af7e\PresentationCore.dll,Security,File,,,,0xe2c,C:\Windows\WinSxS\amd64_microsoft-windows-servicingstack_31bf3856ad364e35_10.0.20348.557_none_f1edaeb8515fa10d\TiWorker.exe,,S:AI,,SCAFFOLD,0x3e7,DC$,S-1-5-18,,,,,,,,,,,
2026-09-02T00:12:41.853976Z,4663,dc.scaffold.htb,Microsoft-Windows-Security-Auditing,Security,20767,0,"%%4420
				",0x10,,,,,,,0xc70,,,,,,,,,,,,,C:\Windows\WinSxS\x86_netfx4-clr_dll_b03f5f7f11d50a3a_4.0.15806.300_none_819229e5c7ef47e9\clr.dll,Security,File,,,,0xe2c,C:\Windows\WinSxS\amd64_microsoft-windows-servicingstack_31bf3856ad364e35_10.0.20348.557_none_f1edaeb8515fa10d\TiWorker.exe,,S:AI,,SCAFFOLD,0x3e7,DC$,S-1-5-18,,,,,,,,,,,
2026-09-02T00:12:41.854190Z,4663,dc.scaffold.htb,Microsoft-Windows-Security-Auditing,Security,20768,0,"%%4420
				",0x10,,,,,,,0xc70,,,,,,,,,,,,,C:\Windows\WinSxS\amd64_system.windows.forms_b77a5c561934e089_4.0.15806.290_none_844641b502d84b6c\System.Windows.Forms.dll,Security,File,,,,0xe2c,C:\Windows\WinSxS\amd64_microsoft-windows-servicingstack_31bf3856ad364e35_10.0.20348.557_none_f1edaeb8515fa10d\TiWorker.exe,,S:AI,,SCAFFOLD,0x3e7,DC$,S-1-5-18,,,,,,,,,,,
2026-09-02T00:12:41.854493Z,4663,dc.scaffold.htb,Microsoft-Windows-Security-Auditing,Security,20769,0,"%%4420
				",0x10,,,,,,,0xc70,,,,,,,,,,,,,C:\Windows\WinSxS\x86_netfx4-aspnet_wp_exe_b03f5f7f11d50a3a_4.0.15806.340_none_4e98a98c588fbe61\aspnet_wp.exe,Security,File,,,,0xe2c,C:\Windows\WinSxS\amd64_microsoft-windows-servicingstack_31bf3856ad364e35_10.0.20348.557_none_f1edaeb8515fa10d\TiWorker.exe,,S:AI,,SCAFFOLD,0x3e7,DC$,S-1-5-18,,,,,,,,,,,
2026-09-02T00:12:41.854672Z,4663,dc.scaffold.htb,Microsoft-Windows-Security-Auditing,Security,20770,0,"%%4420
				",0x10,,,,,,,0xc70,,,,,,,,,,,,,C:\Windows\WinSxS\amd64_netfx4-clrjit_dll_b03f5f7f11d50a3a_4.0.15806.300_none_1df5330e487a2a04\clrjit.dll,Security,File,,,,0xe2c,C:\Windows\WinSxS\amd64_microsoft-windows-servicingstack_31bf3856ad364e35_10.0.20348.557_none_f1edaeb8515fa10d\TiWorker.exe,,S:AI,,SCAFFOLD,0x3e7,DC$,S-1-5-18,,,,,,,,,,,
2026-09-02T00:12:41.854905Z,4663,dc.scaffold.htb,Microsoft-Windows-Security-Auditing,Security,20771,0,"%%4420
				",0x10,,,,,,,0xc70,,,,,,,,,,,,,C:\Windows\WinSxS\amd64_netfx4-mscordacwks_dll_b03f5f7f11d50a3a_4.0.15806.300_none_df5dffaac7e1cb73\mscordacwks.dll,Security,File,,,,0xe2c,C:\Windows\WinSxS\amd64_microsoft-windows-servicingstack_31bf3856ad364e35_10.0.20348.557_none_f1edaeb8515fa10d\TiWorker.exe,,S:AI,,SCAFFOLD,0x3e7,DC$,S-1-5-18,,,,,,,,,,,
