2026-09-02T00:12:46.383838Z,4663,dc.scaffold.htb,Microsoft-Windows-Security-Auditing,Security,21253,0,"%%1537
				",0x10000,,,,,,,0x132c,,,,,,,,,,,,,C:\Windows\Microsoft.NET\assembly\GAC_MSIL\System.IO.Compression\v4.0_4.0.0.0__b77a5c561934e089\System.IO.Compression.dll,Security,File,,,,0xe2c,C:\Windows\WinSxS\amd64_microsoft-windows-servicingstack_31bf3856ad364e35_10.0.20348.557_none_f1edaeb8515fa10d\TiWorker.exe,,S:AI,,SCAFFOLD,0x3e7,DC$,S-1-5-18,,,,,,,,,,,
2026-09-02T00:12:46.383851Z,4660,dc.scaffold.htb,Microsoft-Windows-Security-Auditing,Security,21254,0,,,,,,,,,0x132c,,,,,,,,,,,,,,Security,,,,,0xe2c,C:\Windows\WinSxS\amd64_microsoft-windows-servicingstack_31bf3856ad364e35_10.0.20348.557_none_f1edaeb8515fa10d\TiWorker.exe,,,,SCAFFOLD,0x3e7,DC$,S-1-5-18,,,,,,,,,2997115E-A661-11F1-9932-005056B98D90,,
2026-09-02T00:12:46.388571Z,4663,dc.scaffold.htb,Microsoft-Windows-Security-Auditing,Security,21255,0,"%%1537
				",0x10000,,,,,,,0x1324,,,,,,,,,,,,,C:\Windows\Microsoft.NET\assembly\GAC_MSIL\System.Net\v4.0_4.0.0.0__b03f5f7f11d50a3a\System.Net.dll,Security,File,,,,0xe2c,C:\Windows\WinSxS\amd64_microsoft-windows-servicingstack_31bf3856ad364e35_10.0.20348.557_none_f1edaeb8515fa10d\TiWorker.exe,,S:AI,,SCAFFOLD,0x3e7,DC$,S-1-5-18,,,,,,,,,,,
2026-09-02T00:12:46.388589Z,4660,dc.scaffold.htb,Microsoft-Windows-Security-Auditing,Security,21256,0,,,,,,,,,0x1324,,,,,,,,,,,,,,Security,,,,,0xe2c,C:\Windows\WinSxS\amd64_microsoft-windows-servicingstack_31bf3856ad364e35_10.0.20348.557_none_f1edaeb8515fa10d\TiWorker.exe,,,,SCAFFOLD,0x3e7,DC$,S-1-5-18,,,,,,,,,2997115E-A661-11F1-9932-005056B98D90,,
2026-09-02T00:12:46.390687Z,4663,dc.scaffold.htb,Microsoft-Windows-Security-Auditing,Security,21257,0,"%%1537
				",0x10000,,,,,,,0x1318,,,,,,,,,,,,,C:\Windows\Microsoft.NET\assembly\GAC_MSIL\System.Net.Http\v4.0_4.0.0.0__b03f5f7f11d50a3a\System.Net.Http.dll,Security,File,,,,0xe2c,C:\Windows\WinSxS\amd64_microsoft-windows-servicingstack_31bf3856ad364e35_10.0.20348.557_none_f1edaeb8515fa10d\TiWorker.exe,,S:AI,,SCAFFOLD,0x3e7,DC$,S-1-5-18,,,,,,,,,,,
2026-09-02T00:12:46.390699Z,4660,dc.scaffold.htb,Microsoft-Windows-Security-Auditing,Security,21258,0,,,,,,,,,0x1318,,,,,,,,,,,,,,Security,,,,,0xe2c,C:\Windows\WinSxS\amd64_microsoft-windows-servicingstack_31bf3856ad364e35_10.0.20348.557_none_f1edaeb8515fa10d\TiWorker.exe,,,,SCAFFOLD,0x3e7,DC$,S-1-5-18,,,,,,,,,2997115E-A661-11F1-9932-005056B98D90,,
2026-09-02T00:12:46.393109Z,4663,dc.scaffold.htb,Microsoft-Windows-Security-Auditing,Security,21259,0,"%%1537
				",0x10000,,,,,,,0x132c,,,,,,,,,,,,,C:\Windows\Microsoft.NET\assembly\GAC_MSIL\System.Net.Http.WebRequest\v4.0_4.0.0.0__b03f5f7f11d50a3a\System.Net.Http.WebRequest.dll,Security,File,,,,0xe2c,C:\Windows\WinSxS\amd64_microsoft-windows-servicingstack_31bf3856ad364e35_10.0.20348.557_none_f1edaeb8515fa10d\TiWorker.exe,,S:AI,,SCAFFOLD,0x3e7,DC$,S-1-5-18,,,,,,,,,,,
2026-09-02T00:12:46.393113Z,4660,dc.scaffold.htb,Microsoft-Windows-Security-Auditing,Security,21260,0,,,,,,,,,0x132c,,,,,,,,,,,,,,Security,,,,,0xe2c,C:\Windows\WinSxS\amd64_microsoft-windows-servicingstack_31bf3856ad364e35_10.0.20348.557_none_f1edaeb8515fa10d\TiWorker.exe,,,,SCAFFOLD,0x3e7,DC$,S-1-5-18,,,,,,,,,2997115E-A661-11F1-9932-005056B98D90,,
2026-09-02T00:12:46.395079Z,4663,dc.scaffold.htb,Microsoft-Windows-Security-Auditing,Security,21261,0,"%%1537
				",0x10000,,,,,,,0x1324,,,,,,,,,,,,,C:\Windows\Microsoft.NET\assembly\GAC_MSIL\System.Runtime.Caching\v4.0_4.0.0.0__b03f5f7f11d50a3a\System.Runtime.Caching.dll,Security,File,,,,0xe2c,C:\Windows\WinSxS\amd64_microsoft-windows-servicingstack_31bf3856ad364e35_10.0.20348.557_none_f1edaeb8515fa10d\TiWorker.exe,,S:AI,,SCAFFOLD,0x3e7,DC$,S-1-5-18,,,,,,,,,,,
2026-09-02T00:12:46.395092Z,4660,dc.scaffold.htb,Microsoft-Windows-Security-Auditing,Security,21262,0,,,,,,,,,0x1324,,,,,,,,,,,,,,Security,,,,,0xe2c,C:\Windows\WinSxS\amd64_microsoft-windows-servicingstack_31bf3856ad364e35_10.0.20348.557_none_f1edaeb8515fa10d\TiWorker.exe,,,,SCAFFOLD,0x3e7,DC$,S-1-5-18,,,,,,,,,2997115E-A661-11F1-9932-005056B98D90,,
2026-09-02T00:12:46.398759Z,4663,dc.scaffold.htb,Microsoft-Windows-Security-Auditing,Security,21263,0,"%%1537
				",0x10000,,,,,,,0x1318,,,,,,,,,,,,,C:\Windows\Microsoft.NET\assembly\GAC_MSIL\System.Runtime.Remoting\v4.0_4.0.0.0__b77a5c561934e089\System.Runtime.Remoting.dll,Security,File,,,,0xe2c,C:\Windows\WinSxS\amd64_microsoft-windows-servicingstack_31bf3856ad364e35_10.0.20348.557_none_f1edaeb8515fa10d\TiWorker.exe,,S:AI,,SCAFFOLD,0x3e7,DC$,S-1-5-18,,,,,,,,,,,
2026-09-02T00:12:46.398764Z,4660,dc.scaffold.htb,Microsoft-Windows-Security-Auditing,Security,21264,0,,,,,,,,,0x1318,,,,,,,,,,,,,,Security,,,,,0xe2c,C:\Windows\WinSxS\amd64_microsoft-windows-servicingstack_31bf3856ad364e35_10.0.20348.557_none_f1edaeb8515fa10d\TiWorker.exe,,,,SCAFFOLD,0x3e7,DC$,S-1-5-18,,,,,,,,,2997115E-A661-11F1-9932-005056B98D90,,
2026-09-02T00:12:46.401117Z,4663,dc.scaffold.htb,Microsoft-Windows-Security-Auditing,Security,21265,0,"%%1537
				",0x10000,,,,,,,0x132c,,,,,,,,,,,,,C:\Windows\Microsoft.NET\assembly\GAC_MSIL\System.Runtime.Serialization\v4.0_4.0.0.0__b77a5c561934e089\System.Runtime.Serialization.dll,Security,File,,,,0xe2c,C:\Windows\WinSxS\amd64_microsoft-windows-servicingstack_31bf3856ad364e35_10.0.20348.557_none_f1edaeb8515fa10d\TiWorker.exe,,S:AI,,SCAFFOLD,0x3e7,DC$,S-1-5-18,,,,,,,,,,,
2026-09-02T00:12:46.401129Z,4660,dc.scaffold.htb,Microsoft-Windows-Security-Auditing,Security,21266,0,,,,,,,,,0x132c,,,,,,,,,,,,,,Security,,,,,0xe2c,C:\Windows\WinSxS\amd64_microsoft-windows-servicingstack_31bf3856ad364e35_10.0.20348.557_none_f1edaeb8515fa10d\TiWorker.exe,,,,SCAFFOLD,0x3e7,DC$,S-1-5-18,,,,,,,,,2997115E-A661-11F1-9932-005056B98D90,,
2026-09-02T00:12:46.403641Z,4663,dc.scaffold.htb,Microsoft-Windows-Security-Auditing,Security,21267,0,"%%1537
				",0x10000,,,,,,,0x1324,,,,,,,,,,,,,C:\Windows\Microsoft.NET\assembly\GAC_MSIL\System.Security\v4.0_4.0.0.0__b03f5f7f11d50a3a\System.Security.dll,Security,File,,,,0xe2c,C:\Windows\WinSxS\amd64_microsoft-windows-servicingstack_31bf3856ad364e35_10.0.20348.557_none_f1edaeb8515fa10d\TiWorker.exe,,S:AI,,SCAFFOLD,0x3e7,DC$,S-1-5-18,,,,,,,,,,,
2026-09-02T00:12:46.403659Z,4660,dc.scaffold.htb,Microsoft-Windows-Security-Auditing,Security,21268,0,,,,,,,,,0x1324,,,,,,,,,,,,,,Security,,,,,0xe2c,C:\Windows\WinSxS\amd64_microsoft-windows-servicingstack_31bf3856ad364e35_10.0.20348.557_none_f1edaeb8515fa10d\TiWorker.exe,,,,SCAFFOLD,0x3e7,DC$,S-1-5-18,,,,,,,,,2997115E-A661-11F1-9932-005056B98D90,,
2026-09-02T00:12:46.407544Z,4663,dc.scaffold.htb,Microsoft-Windows-Security-Auditing,Security,21269,0,"%%1537
				",0x10000,,,,,,,0x1318,,,,,,,,,,,,,C:\Windows\Microsoft.NET\assembly\GAC_MSIL\System.ServiceModel\v4.0_4.0.0.0__b77a5c561934e089\System.ServiceModel.dll,Security,File,,,,0xe2c,C:\Windows\WinSxS\amd64_microsoft-windows-servicingstack_31bf3856ad364e35_10.0.20348.557_none_f1edaeb8515fa10d\TiWorker.exe,,S:AI,,SCAFFOLD,0x3e7,DC$,S-1-5-18,,,,,,,,,,,
2026-09-02T00:12:46.408549Z,4660,dc.scaffold.htb,Microsoft-Windows-Security-Auditing,Security,21270,0,,,,,,,,,0x1318,,,,,,,,,,,,,,Security,,,,,0xe2c,C:\Windows\WinSxS\amd64_microsoft-windows-servicingstack_31bf3856ad364e35_10.0.20348.557_none_f1edaeb8515fa10d\TiWorker.exe,,,,SCAFFOLD,0x3e7,DC$,S-1-5-18,,,,,,,,,2997115E-A661-11F1-9932-005056B98D90,,
2026-09-02T00:12:46.410657Z,4663,dc.scaffold.htb,Microsoft-Windows-Security-Auditing,Security,21271,0,"%%1537
				",0x10000,,,,,,,0x132c,,,,,,,,,,,,,C:\Windows\Microsoft.NET\assembly\GAC_MSIL\System.ServiceModel.Channels\v4.0_4.0.0.0__31bf3856ad364e35\System.ServiceModel.Channels.dll,Security,File,,,,0xe2c,C:\Windows\WinSxS\amd64_microsoft-windows-servicingstack_31bf3856ad364e35_10.0.20348.557_none_f1edaeb8515fa10d\TiWorker.exe,,S:AI,,SCAFFOLD,0x3e7,DC$,S-1-5-18,,,,,,,,,,,
2026-09-02T00:12:46.410663Z,4660,dc.scaffold.htb,Microsoft-Windows-Security-Auditing,Security,21272,0,,,,,,,,,0x132c,,,,,,,,,,,,,,Security,,,,,0xe2c,C:\Windows\WinSxS\amd64_microsoft-windows-servicingstack_31bf3856ad364e35_10.0.20348.557_none_f1edaeb8515fa10d\TiWorker.exe,,,,SCAFFOLD,0x3e7,DC$,S-1-5-18,,,,,,,,,2997115E-A661-11F1-9932-005056B98D90,,
2026-09-02T00:12:46.413105Z,4663,dc.scaffold.htb,Microsoft-Windows-Security-Auditing,Security,21273,0,"%%1537
				",0x10000,,,,,,,0x1324,,,,,,,,,,,,,C:\Windows\Microsoft.NET\assembly\GAC_MSIL\System.ServiceModel.Discovery\v4.0_4.0.0.0__31bf3856ad364e35\System.ServiceModel.Discovery.dll,Security,File,,,,0xe2c,C:\Windows\WinSxS\amd64_microsoft-windows-servicingstack_31bf3856ad364e35_10.0.20348.557_none_f1edaeb8515fa10d\TiWorker.exe,,S:AI,,SCAFFOLD,0x3e7,DC$,S-1-5-18,,,,,,,,,,,
2026-09-02T00:12:46.413111Z,4660,dc.scaffold.htb,Microsoft-Windows-Security-Auditing,Security,21274,0,,,,,,,,,0x1324,,,,,,,,,,,,,,Security,,,,,0xe2c,C:\Windows\WinSxS\amd64_microsoft-windows-servicingstack_31bf3856ad364e35_10.0.20348.557_none_f1edaeb8515fa10d\TiWorker.exe,,,,SCAFFOLD,0x3e7,DC$,S-1-5-18,,,,,,,,,2997115E-A661-11F1-9932-005056B98D90,,
2026-09-02T00:12:46.416217Z,4663,dc.scaffold.htb,Microsoft-Windows-Security-Auditing,Security,21275,0,"%%1537
				",0x10000,,,,,,,0x1318,,,,,,,,,,,,,C:\Windows\Microsoft.NET\assembly\GAC_MSIL\System.ServiceModel.Internals\v4.0_4.0.0.0__31bf3856ad364e35\System.ServiceModel.Internals.dll,Security,File,,,,0xe2c,C:\Windows\WinSxS\amd64_microsoft-windows-servicingstack_31bf3856ad364e35_10.0.20348.557_none_f1edaeb8515fa10d\TiWorker.exe,,S:AI,,SCAFFOLD,0x3e7,DC$,S-1-5-18,,,,,,,,,,,
2026-09-02T00:12:46.416236Z,4660,dc.scaffold.htb,Microsoft-Windows-Security-Auditing,Security,21276,0,,,,,,,,,0x1318,,,,,,,,,,,,,,Security,,,,,0xe2c,C:\Windows\WinSxS\amd64_microsoft-windows-servicingstack_31bf3856ad364e35_10.0.20348.557_none_f1edaeb8515fa10d\TiWorker.exe,,,,SCAFFOLD,0x3e7,DC$,S-1-5-18,,,,,,,,,2997115E-A661-11F1-9932-005056B98D90,,
2026-09-02T00:12:46.425526Z,4663,dc.scaffold.htb,Microsoft-Windows-Security-Auditing,Security,21277,0,"%%1537
				",0x10000,,,,,,,0x132c,,,,,,,,,,,,,C:\Windows\Microsoft.NET\assembly\GAC_MSIL\System.ServiceModel.WasHosting\v4.0_4.0.0.0__b77a5c561934e089\System.ServiceModel.WasHosting.dll,Security,File,,,,0xe2c,C:\Windows\WinSxS\amd64_microsoft-windows-servicingstack_31bf3856ad364e35_10.0.20348.557_none_f1edaeb8515fa10d\TiWorker.exe,,S:AI,,SCAFFOLD,0x3e7,DC$,S-1-5-18,,,,,,,,,,,
2026-09-02T00:12:46.426453Z,4660,dc.scaffold.htb,Microsoft-Windows-Security-Auditing,Security,21278,0,,,,,,,,,0x132c,,,,,,,,,,,,,,Security,,,,,0xe2c,C:\Windows\WinSxS\amd64_microsoft-windows-servicingstack_31bf3856ad364e35_10.0.20348.557_none_f1edaeb8515fa10d\TiWorker.exe,,,,SCAFFOLD,0x3e7,DC$,S-1-5-18,,,,,,,,,2997115E-A661-11F1-9932-005056B98D90,,
2026-09-02T00:12:46.429320Z,4663,dc.scaffold.htb,Microsoft-Windows-Security-Auditing,Security,21279,0,"%%1537
				",0x10000,,,,,,,0x1324,,,,,,,,,,,,,C:\Windows\Microsoft.NET\assembly\GAC_MSIL\System.Web.ApplicationServices\v4.0_4.0.0.0__31bf3856ad364e35\System.Web.ApplicationServices.dll,Security,File,,,,0xe2c,C:\Windows\WinSxS\amd64_microsoft-windows-servicingstack_31bf3856ad364e35_10.0.20348.557_none_f1edaeb8515fa10d\TiWorker.exe,,S:AI,,SCAFFOLD,0x3e7,DC$,S-1-5-18,,,,,,,,,,,
2026-09-02T00:12:46.430530Z,4660,dc.scaffold.htb,Microsoft-Windows-Security-Auditing,Security,21280,0,,,,,,,,,0x1324,,,,,,,,,,,,,,Security,,,,,0xe2c,C:\Windows\WinSxS\amd64_microsoft-windows-servicingstack_31bf3856ad364e35_10.0.20348.557_none_f1edaeb8515fa10d\TiWorker.exe,,,,SCAFFOLD,0x3e7,DC$,S-1-5-18,,,,,,,,,2997115E-A661-11F1-9932-005056B98D90,,
2026-09-02T00:12:46.433361Z,4663,dc.scaffold.htb,Microsoft-Windows-Security-Auditing,Security,21281,0,"%%1537
				",0x10000,,,,,,,0x1318,,,,,,,,,,,,,C:\Windows\Microsoft.NET\assembly\GAC_MSIL\System.Web.Extensions\v4.0_4.0.0.0__31bf3856ad364e35\System.Web.Extensions.dll,Security,File,,,,0xe2c,C:\Windows\WinSxS\amd64_microsoft-windows-servicingstack_31bf3856ad364e35_10.0.20348.557_none_f1edaeb8515fa10d\TiWorker.exe,,S:AI,,SCAFFOLD,0x3e7,DC$,S-1-5-18,,,,,,,,,,,
2026-09-02T00:12:46.433829Z,4660,dc.scaffold.htb,Microsoft-Windows-Security-Auditing,Security,21282,0,,,,,,,,,0x1318,,,,,,,,,,,,,,Security,,,,,0xe2c,C:\Windows\WinSxS\amd64_microsoft-windows-servicingstack_31bf3856ad364e35_10.0.20348.557_none_f1edaeb8515fa10d\TiWorker.exe,,,,SCAFFOLD,0x3e7,DC$,S-1-5-18,,,,,,,,,2997115E-A661-11F1-9932-005056B98D90,,
2026-09-02T00:12:46.435365Z,4663,dc.scaffold.htb,Microsoft-Windows-Security-Auditing,Security,21283,0,"%%1537
				",0x10000,,,,,,,0x132c,,,,,,,,,,,,,C:\Windows\Microsoft.NET\assembly\GAC_MSIL\System.Windows.Controls.Ribbon\v4.0_4.0.0.0__b77a5c561934e089\System.Windows.Controls.Ribbon.dll,Security,File,,,,0xe2c,C:\Windows\WinSxS\amd64_microsoft-windows-servicingstack_31bf3856ad364e35_10.0.20348.557_none_f1edaeb8515fa10d\TiWorker.exe,,S:AI,,SCAFFOLD,0x3e7,DC$,S-1-5-18,,,,,,,,,,,
2026-09-02T00:12:46.435428Z,4660,dc.scaffold.htb,Microsoft-Windows-Security-Auditing,Security,21284,0,,,,,,,,,0x132c,,,,,,,,,,,,,,Security,,,,,0xe2c,C:\Windows\WinSxS\amd64_microsoft-windows-servicingstack_31bf3856ad364e35_10.0.20348.557_none_f1edaeb8515fa10d\TiWorker.exe,,,,SCAFFOLD,0x3e7,DC$,S-1-5-18,,,,,,,,,2997115E-A661-11F1-9932-005056B98D90,,
2026-09-02T00:12:46.436925Z,4663,dc.scaffold.htb,Microsoft-Windows-Security-Auditing,Security,21285,0,"%%1537
				",0x10000,,,,,,,0x1324,,,,,,,,,,,,,C:\Windows\Microsoft.NET\assembly\GAC_MSIL\System.Windows.Forms\v4.0_4.0.0.0__b77a5c561934e089\System.Windows.Forms.dll,Security,File,,,,0xe2c,C:\Windows\WinSxS\amd64_microsoft-windows-servicingstack_31bf3856ad364e35_10.0.20348.557_none_f1edaeb8515fa10d\TiWorker.exe,,S:AI,,SCAFFOLD,0x3e7,DC$,S-1-5-18,,,,,,,,,,,
2026-09-02T00:12:46.436983Z,4660,dc.scaffold.htb,Microsoft-Windows-Security-Auditing,Security,21286,0,,,,,,,,,0x1324,,,,,,,,,,,,,,Security,,,,,0xe2c,C:\Windows\WinSxS\amd64_microsoft-windows-servicingstack_31bf3856ad364e35_10.0.20348.557_none_f1edaeb8515fa10d\TiWorker.exe,,,,SCAFFOLD,0x3e7,DC$,S-1-5-18,,,,,,,,,2997115E-A661-11F1-9932-005056B98D90,,
2026-09-02T00:12:46.438431Z,4663,dc.scaffold.htb,Microsoft-Windows-Security-Auditing,Security,21287,0,"%%1537
				",0x10000,,,,,,,0x1318,,,,,,,,,,,,,C:\Windows\Microsoft.NET\assembly\GAC_MSIL\System.Xaml\v4.0_4.0.0.0__b77a5c561934e089\System.Xaml.dll,Security,File,,,,0xe2c,C:\Windows\WinSxS\amd64_microsoft-windows-servicingstack_31bf3856ad364e35_10.0.20348.557_none_f1edaeb8515fa10d\TiWorker.exe,,S:AI,,SCAFFOLD,0x3e7,DC$,S-1-5-18,,,,,,,,,,,
2026-09-02T00:12:46.438437Z,4660,dc.scaffold.htb,Microsoft-Windows-Security-Auditing,Security,21288,0,,,,,,,,,0x1318,,,,,,,,,,,,,,Security,,,,,0xe2c,C:\Windows\WinSxS\amd64_microsoft-windows-servicingstack_31bf3856ad364e35_10.0.20348.557_none_f1edaeb8515fa10d\TiWorker.exe,,,,SCAFFOLD,0x3e7,DC$,S-1-5-18,,,,,,,,,2997115E-A661-11F1-9932-005056B98D90,,
2026-09-02T00:12:46.440323Z,4663,dc.scaffold.htb,Microsoft-Windows-Security-Auditing,Security,21289,0,"%%1537
				",0x10000,,,,,,,0x132c,,,,,,,,,,,,,C:\Windows\Microsoft.NET\assembly\GAC_MSIL\System.Xml\v4.0_4.0.0.0__b77a5c561934e089\System.XML.dll,Security,File,,,,0xe2c,C:\Windows\WinSxS\amd64_microsoft-windows-servicingstack_31bf3856ad364e35_10.0.20348.557_none_f1edaeb8515fa10d\TiWorker.exe,,S:AI,,SCAFFOLD,0x3e7,DC$,S-1-5-18,,,,,,,,,,,
2026-09-02T00:12:46.440328Z,4660,dc.scaffold.htb,Microsoft-Windows-Security-Auditing,Security,21290,0,,,,,,,,,0x132c,,,,,,,,,,,,,,Security,,,,,0xe2c,C:\Windows\WinSxS\amd64_microsoft-windows-servicingstack_31bf3856ad364e35_10.0.20348.557_none_f1edaeb8515fa10d\TiWorker.exe,,,,SCAFFOLD,0x3e7,DC$,S-1-5-18,,,,,,,,,2997115E-A661-11F1-9932-005056B98D90,,
2026-09-02T00:12:46.441844Z,4663,dc.scaffold.htb,Microsoft-Windows-Security-Auditing,Security,21291,0,"%%1537
				",0x10000,,,,,,,0x1324,,,,,,,,,,,,,C:\Windows\Microsoft.NET\assembly\GAC_MSIL\UIAutomationClient\v4.0_4.0.0.0__31bf3856ad364e35\UIAutomationClient.dll,Security,File,,,,0xe2c,C:\Windows\WinSxS\amd64_microsoft-windows-servicingstack_31bf3856ad364e35_10.0.20348.557_none_f1edaeb8515fa10d\TiWorker.exe,,S:AI,,SCAFFOLD,0x3e7,DC$,S-1-5-18,,,,,,,,,,,
2026-09-02T00:12:46.441897Z,4660,dc.scaffold.htb,Microsoft-Windows-Security-Auditing,Security,21292,0,,,,,,,,,0x1324,,,,,,,,,,,,,,Security,,,,,0xe2c,C:\Windows\WinSxS\amd64_microsoft-windows-servicingstack_31bf3856ad364e35_10.0.20348.557_none_f1edaeb8515fa10d\TiWorker.exe,,,,SCAFFOLD,0x3e7,DC$,S-1-5-18,,,,,,,,,2997115E-A661-11F1-9932-005056B98D90,,
2026-09-02T00:12:46.443285Z,4663,dc.scaffold.htb,Microsoft-Windows-Security-Auditing,Security,21293,0,"%%1537
				",0x10000,,,,,,,0x1318,,,,,,,,,,,,,C:\Windows\Microsoft.NET\assembly\GAC_MSIL\UIAutomationClientsideProviders\v4.0_4.0.0.0__31bf3856ad364e35\UIAutomationClientsideProviders.dll,Security,File,,,,0xe2c,C:\Windows\WinSxS\amd64_microsoft-windows-servicingstack_31bf3856ad364e35_10.0.20348.557_none_f1edaeb8515fa10d\TiWorker.exe,,S:AI,,SCAFFOLD,0x3e7,DC$,S-1-5-18,,,,,,,,,,,
2026-09-02T00:12:46.443341Z,4660,dc.scaffold.htb,Microsoft-Windows-Security-Auditing,Security,21294,0,,,,,,,,,0x1318,,,,,,,,,,,,,,Security,,,,,0xe2c,C:\Windows\WinSxS\amd64_microsoft-windows-servicingstack_31bf3856ad364e35_10.0.20348.557_none_f1edaeb8515fa10d\TiWorker.exe,,,,SCAFFOLD,0x3e7,DC$,S-1-5-18,,,,,,,,,2997115E-A661-11F1-9932-005056B98D90,,
2026-09-02T00:12:46.444680Z,4663,dc.scaffold.htb,Microsoft-Windows-Security-Auditing,Security,21295,0,"%%1537
				",0x10000,,,,,,,0x132c,,,,,,,,,,,,,C:\Windows\Microsoft.NET\assembly\GAC_MSIL\UIAutomationProvider\v4.0_4.0.0.0__31bf3856ad364e35\UIAutomationProvider.dll,Security,File,,,,0xe2c,C:\Windows\WinSxS\amd64_microsoft-windows-servicingstack_31bf3856ad364e35_10.0.20348.557_none_f1edaeb8515fa10d\TiWorker.exe,,S:AI,,SCAFFOLD,0x3e7,DC$,S-1-5-18,,,,,,,,,,,
2026-09-02T00:12:46.444728Z,4660,dc.scaffold.htb,Microsoft-Windows-Security-Auditing,Security,21296,0,,,,,,,,,0x132c,,,,,,,,,,,,,,Security,,,,,0xe2c,C:\Windows\WinSxS\amd64_microsoft-windows-servicingstack_31bf3856ad364e35_10.0.20348.557_none_f1edaeb8515fa10d\TiWorker.exe,,,,SCAFFOLD,0x3e7,DC$,S-1-5-18,,,,,,,,,2997115E-A661-11F1-9932-005056B98D90,,
2026-09-02T00:12:46.446838Z,4663,dc.scaffold.htb,Microsoft-Windows-Security-Auditing,Security,21297,0,"%%1537
				",0x10000,,,,,,,0x1328,,,,,,,,,,,,,C:\Windows\Microsoft.NET\assembly\GAC_MSIL\UIAutomationTypes\v4.0_4.0.0.0__31bf3856ad364e35\UIAutomationTypes.dll,Security,File,,,,0xe2c,C:\Windows\WinSxS\amd64_microsoft-windows-servicingstack_31bf3856ad364e35_10.0.20348.557_none_f1edaeb8515fa10d\TiWorker.exe,,S:AI,,SCAFFOLD,0x3e7,DC$,S-1-5-18,,,,,,,,,,,
2026-09-02T00:12:46.446885Z,4660,dc.scaffold.htb,Microsoft-Windows-Security-Auditing,Security,21298,0,,,,,,,,,0x1328,,,,,,,,,,,,,,Security,,,,,0xe2c,C:\Windows\WinSxS\amd64_microsoft-windows-servicingstack_31bf3856ad364e35_10.0.20348.557_none_f1edaeb8515fa10d\TiWorker.exe,,,,SCAFFOLD,0x3e7,DC$,S-1-5-18,,,,,,,,,2997115E-A661-11F1-9932-005056B98D90,,
2026-09-02T00:12:46.448932Z,4663,dc.scaffold.htb,Microsoft-Windows-Security-Auditing,Security,21299,0,"%%1537
				",0x10000,,,,,,,0x1324,,,,,,,,,,,,,C:\Windows\Microsoft.NET\assembly\GAC_MSIL\WindowsBase\v4.0_4.0.0.0__31bf3856ad364e35\WindowsBase.dll,Security,File,,,,0xe2c,C:\Windows\WinSxS\amd64_microsoft-windows-servicingstack_31bf3856ad364e35_10.0.20348.557_none_f1edaeb8515fa10d\TiWorker.exe,,S:AI,,SCAFFOLD,0x3e7,DC$,S-1-5-18,,,,,,,,,,,
2026-09-02T00:12:46.448945Z,4660,dc.scaffold.htb,Microsoft-Windows-Security-Auditing,Security,21300,0,,,,,,,,,0x1324,,,,,,,,,,,,,,Security,,,,,0xe2c,C:\Windows\WinSxS\amd64_microsoft-windows-servicingstack_31bf3856ad364e35_10.0.20348.557_none_f1edaeb8515fa10d\TiWorker.exe,,,,SCAFFOLD,0x3e7,DC$,S-1-5-18,,,,,,,,,2997115E-A661-11F1-9932-005056B98D90,,
2026-09-02T00:12:46.452077Z,4663,dc.scaffold.htb,Microsoft-Windows-Security-Auditing,Security,21301,0,"%%1537
				",0x10000,,,,,,,0x1318,,,,,,,,,,,,,C:\Windows\Microsoft.NET\assembly\GAC_MSIL\WindowsFormsIntegration\v4.0_4.0.0.0__31bf3856ad364e35\WindowsFormsIntegration.dll,Security,File,,,,0xe2c,C:\Windows\WinSxS\amd64_microsoft-windows-servicingstack_31bf3856ad364e35_10.0.20348.557_none_f1edaeb8515fa10d\TiWorker.exe,,S:AI,,SCAFFOLD,0x3e7,DC$,S-1-5-18,,,,,,,,,,,
2026-09-02T00:12:46.452131Z,4660,dc.scaffold.htb,Microsoft-Windows-Security-Auditing,Security,21302,0,,,,,,,,,0x1318,,,,,,,,,,,,,,Security,,,,,0xe2c,C:\Windows\WinSxS\amd64_microsoft-windows-servicingstack_31bf3856ad364e35_10.0.20348.557_none_f1edaeb8515fa10d\TiWorker.exe,,,,SCAFFOLD,0x3e7,DC$,S-1-5-18,,,,,,,,,2997115E-A661-11F1-9932-005056B98D90,,
2026-09-02T00:12:46.456504Z,4663,dc.scaffold.htb,Microsoft-Windows-Security-Auditing,Security,21303,0,"%%1537
				",0x10000,,,,,,,0x1328,,,,,,,,,,,,,C:\Windows\Microsoft.NET\Framework\v4.0.30319\Aspnet_perf.dll,Security,File,,,,0xe2c,C:\Windows\WinSxS\amd64_microsoft-windows-servicingstack_31bf3856ad364e35_10.0.20348.557_none_f1edaeb8515fa10d\TiWorker.exe,,S:AI,,SCAFFOLD,0x3e7,DC$,S-1-5-18,,,,,,,,,,,
2026-09-02T00:12:46.457446Z,4660,dc.scaffold.htb,Microsoft-Windows-Security-Auditing,Security,21304,0,,,,,,,,,0x1328,,,,,,,,,,,,,,Security,,,,,0xe2c,C:\Windows\WinSxS\amd64_microsoft-windows-servicingstack_31bf3856ad364e35_10.0.20348.557_none_f1edaeb8515fa10d\TiWorker.exe,,,,SCAFFOLD,0x3e7,DC$,S-1-5-18,,,,,,,,,2997115E-A661-11F1-9932-005056B98D90,,
2026-09-02T00:12:46.460667Z,4663,dc.scaffold.htb,Microsoft-Windows-Security-Auditing,Security,21305,0,"%%1537
				",0x10000,,,,,,,0x1324,,,,,,,,,,,,,C:\Windows\Microsoft.NET\Framework\v4.0.30319\aspnet_regbrowsers.exe,Security,File,,,,0xe2c,C:\Windows\WinSxS\amd64_microsoft-windows-servicingstack_31bf3856ad364e35_10.0.20348.557_none_f1edaeb8515fa10d\TiWorker.exe,,S:AI,,SCAFFOLD,0x3e7,DC$,S-1-5-18,,,,,,,,,,,
2026-09-02T00:12:46.462211Z,4660,dc.scaffold.htb,Microsoft-Windows-Security-Auditing,Security,21306,0,,,,,,,,,0x1324,,,,,,,,,,,,,,Security,,,,,0xe2c,C:\Windows\WinSxS\amd64_microsoft-windows-servicingstack_31bf3856ad364e35_10.0.20348.557_none_f1edaeb8515fa10d\TiWorker.exe,,,,SCAFFOLD,0x3e7,DC$,S-1-5-18,,,,,,,,,2997115E-A661-11F1-9932-005056B98D90,,
2026-09-02T00:12:46.465950Z,4663,dc.scaffold.htb,Microsoft-Windows-Security-Auditing,Security,21307,0,"%%1537
				",0x10000,,,,,,,0x1318,,,,,,,,,,,,,C:\Windows\Microsoft.NET\Framework\v4.0.30319\aspnet_regiis.exe,Security,File,,,,0xe2c,C:\Windows\WinSxS\amd64_microsoft-windows-servicingstack_31bf3856ad364e35_10.0.20348.557_none_f1edaeb8515fa10d\TiWorker.exe,,S:AI,,SCAFFOLD,0x3e7,DC$,S-1-5-18,,,,,,,,,,,
2026-09-02T00:12:46.467594Z,4660,dc.scaffold.htb,Microsoft-Windows-Security-Auditing,Security,21308,0,,,,,,,,,0x1318,,,,,,,,,,,,,,Security,,,,,0xe2c,C:\Windows\WinSxS\amd64_microsoft-windows-servicingstack_31bf3856ad364e35_10.0.20348.557_none_f1edaeb8515fa10d\TiWorker.exe,,,,SCAFFOLD,0x3e7,DC$,S-1-5-18,,,,,,,,,2997115E-A661-11F1-9932-005056B98D90,,
2026-09-02T00:12:46.469888Z,4663,dc.scaffold.htb,Microsoft-Windows-Security-Auditing,Security,21309,0,"%%1537
				",0x10000,,,,,,,0x1328,,,,,,,,,,,,,C:\Windows\Microsoft.NET\Framework\v4.0.30319\aspnet_regsql.exe,Security,File,,,,0xe2c,C:\Windows\WinSxS\amd64_microsoft-windows-servicingstack_31bf3856ad364e35_10.0.20348.557_none_f1edaeb8515fa10d\TiWorker.exe,,S:AI,,SCAFFOLD,0x3e7,DC$,S-1-5-18,,,,,,,,,,,
2026-09-02T00:12:46.470411Z,4660,dc.scaffold.htb,Microsoft-Windows-Security-Auditing,Security,21310,0,,,,,,,,,0x1328,,,,,,,,,,,,,,Security,,,,,0xe2c,C:\Windows\WinSxS\amd64_microsoft-windows-servicingstack_31bf3856ad364e35_10.0.20348.557_none_f1edaeb8515fa10d\TiWorker.exe,,,,SCAFFOLD,0x3e7,DC$,S-1-5-18,,,,,,,,,2997115E-A661-11F1-9932-005056B98D90,,
2026-09-02T00:12:46.472664Z,4663,dc.scaffold.htb,Microsoft-Windows-Security-Auditing,Security,21311,0,"%%1537
				",0x10000,,,,,,,0x1324,,,,,,,,,,,,,C:\Windows\Microsoft.NET\Framework\v4.0.30319\aspnet_wp.exe,Security,File,,,,0xe2c,C:\Windows\WinSxS\amd64_microsoft-windows-servicingstack_31bf3856ad364e35_10.0.20348.557_none_f1edaeb8515fa10d\TiWorker.exe,,S:AI,,SCAFFOLD,0x3e7,DC$,S-1-5-18,,,,,,,,,,,
2026-09-02T00:12:46.473097Z,4660,dc.scaffold.htb,Microsoft-Windows-Security-Auditing,Security,21312,0,,,,,,,,,0x1324,,,,,,,,,,,,,,Security,,,,,0xe2c,C:\Windows\WinSxS\amd64_microsoft-windows-servicingstack_31bf3856ad364e35_10.0.20348.557_none_f1edaeb8515fa10d\TiWorker.exe,,,,SCAFFOLD,0x3e7,DC$,S-1-5-18,,,,,,,,,2997115E-A661-11F1-9932-005056B98D90,,
2026-09-02T00:12:46.474373Z,4663,dc.scaffold.htb,Microsoft-Windows-Security-Auditing,Security,21313,0,"%%1537
				",0x10000,,,,,,,0x1318,,,,,,,,,,,,,C:\Windows\Microsoft.NET\Framework\v4.0.30319\clr.dll,Security,File,,,,0xe2c,C:\Windows\WinSxS\amd64_microsoft-windows-servicingstack_31bf3856ad364e35_10.0.20348.557_none_f1edaeb8515fa10d\TiWorker.exe,,S:AI,,SCAFFOLD,0x3e7,DC$,S-1-5-18,,,,,,,,,,,
2026-09-02T00:12:46.474424Z,4660,dc.scaffold.htb,Microsoft-Windows-Security-Auditing,Security,21314,0,,,,,,,,,0x1318,,,,,,,,,,,,,,Security,,,,,0xe2c,C:\Windows\WinSxS\amd64_microsoft-windows-servicingstack_31bf3856ad364e35_10.0.20348.557_none_f1edaeb8515fa10d\TiWorker.exe,,,,SCAFFOLD,0x3e7,DC$,S-1-5-18,,,,,,,,,2997115E-A661-11F1-9932-005056B98D90,,
2026-09-02T00:12:46.476836Z,4663,dc.scaffold.htb,Microsoft-Windows-Security-Auditing,Security,21315,0,"%%1537
				",0x10000,,,,,,,0x1328,,,,,,,,,,,,,C:\Windows\Microsoft.NET\Framework\v4.0.30319\clrcompression.dll,Security,File,,,,0xe2c,C:\Windows\WinSxS\amd64_microsoft-windows-servicingstack_31bf3856ad364e35_10.0.20348.557_none_f1edaeb8515fa10d\TiWorker.exe,,S:AI,,SCAFFOLD,0x3e7,DC$,S-1-5-18,,,,,,,,,,,
2026-09-02T00:12:46.478041Z,4660,dc.scaffold.htb,Microsoft-Windows-Security-Auditing,Security,21316,0,,,,,,,,,0x1328,,,,,,,,,,,,,,Security,,,,,0xe2c,C:\Windows\WinSxS\amd64_microsoft-windows-servicingstack_31bf3856ad364e35_10.0.20348.557_none_f1edaeb8515fa10d\TiWorker.exe,,,,SCAFFOLD,0x3e7,DC$,S-1-5-18,,,,,,,,,2997115E-A661-11F1-9932-005056B98D90,,
2026-09-02T00:12:46.479373Z,4663,dc.scaffold.htb,Microsoft-Windows-Security-Auditing,Security,21317,0,"%%1537
				",0x10000,,,,,,,0x1324,,,,,,,,,,,,,C:\Windows\Microsoft.NET\Framework\v4.0.30319\clrjit.dll,Security,File,,,,0xe2c,C:\Windows\WinSxS\amd64_microsoft-windows-servicingstack_31bf3856ad364e35_10.0.20348.557_none_f1edaeb8515fa10d\TiWorker.exe,,S:AI,,SCAFFOLD,0x3e7,DC$,S-1-5-18,,,,,,,,,,,
2026-09-02T00:12:46.479425Z,4660,dc.scaffold.htb,Microsoft-Windows-Security-Auditing,Security,21318,0,,,,,,,,,0x1324,,,,,,,,,,,,,,Security,,,,,0xe2c,C:\Windows\WinSxS\amd64_microsoft-windows-servicingstack_31bf3856ad364e35_10.0.20348.557_none_f1edaeb8515fa10d\TiWorker.exe,,,,SCAFFOLD,0x3e7,DC$,S-1-5-18,,,,,,,,,2997115E-A661-11F1-9932-005056B98D90,,
2026-09-02T00:12:46.481928Z,4663,dc.scaffold.htb,Microsoft-Windows-Security-Auditing,Security,21319,0,"%%1537
				",0x10000,,,,,,,0x1318,,,,,,,,,,,,,C:\Windows\Microsoft.NET\Framework\v4.0.30319\dfdll.dll,Security,File,,,,0xe2c,C:\Windows\WinSxS\amd64_microsoft-windows-servicingstack_31bf3856ad364e35_10.0.20348.557_none_f1edaeb8515fa10d\TiWorker.exe,,S:AI,,SCAFFOLD,0x3e7,DC$,S-1-5-18,,,,,,,,,,,
2026-09-02T00:12:46.482388Z,4660,dc.scaffold.htb,Microsoft-Windows-Security-Auditing,Security,21320,0,,,,,,,,,0x1318,,,,,,,,,,,,,,Security,,,,,0xe2c,C:\Windows\WinSxS\amd64_microsoft-windows-servicingstack_31bf3856ad364e35_10.0.20348.557_none_f1edaeb8515fa10d\TiWorker.exe,,,,SCAFFOLD,0x3e7,DC$,S-1-5-18,,,,,,,,,2997115E-A661-11F1-9932-005056B98D90,,
2026-09-02T00:12:46.485948Z,4663,dc.scaffold.htb,Microsoft-Windows-Security-Auditing,Security,21321,0,"%%1537
				",0x10000,,,,,,,0x1328,,,,,,,,,,,,,C:\Windows\Microsoft.NET\Framework\v4.0.30319\diasymreader.dll,Security,File,,,,0xe2c,C:\Windows\WinSxS\amd64_microsoft-windows-servicingstack_31bf3856ad364e35_10.0.20348.557_none_f1edaeb8515fa10d\TiWorker.exe,,S:AI,,SCAFFOLD,0x3e7,DC$,S-1-5-18,,,,,,,,,,,
2026-09-02T00:12:46.486783Z,4660,dc.scaffold.htb,Microsoft-Windows-Security-Auditing,Security,21322,0,,,,,,,,,0x1328,,,,,,,,,,,,,,Security,,,,,0xe2c,C:\Windows\WinSxS\amd64_microsoft-windows-servicingstack_31bf3856ad364e35_10.0.20348.557_none_f1edaeb8515fa10d\TiWorker.exe,,,,SCAFFOLD,0x3e7,DC$,S-1-5-18,,,,,,,,,2997115E-A661-11F1-9932-005056B98D90,,
2026-09-02T00:12:46.495121Z,4663,dc.scaffold.htb,Microsoft-Windows-Security-Auditing,Security,21323,0,"%%1537
				",0x10000,,,,,,,0x1324,,,,,,,,,,,,,C:\Windows\Microsoft.NET\Framework\v4.0.30319\mscordacwks.dll,Security,File,,,,0xe2c,C:\Windows\WinSxS\amd64_microsoft-windows-servicingstack_31bf3856ad364e35_10.0.20348.557_none_f1edaeb8515fa10d\TiWorker.exe,,S:AI,,SCAFFOLD,0x3e7,DC$,S-1-5-18,,,,,,,,,,,
2026-09-02T00:12:46.495151Z,4660,dc.scaffold.htb,Microsoft-Windows-Security-Auditing,Security,21324,0,,,,,,,,,0x1324,,,,,,,,,,,,,,Security,,,,,0xe2c,C:\Windows\WinSxS\amd64_microsoft-windows-servicingstack_31bf3856ad364e35_10.0.20348.557_none_f1edaeb8515fa10d\TiWorker.exe,,,,SCAFFOLD,0x3e7,DC$,S-1-5-18,,,,,,,,,2997115E-A661-11F1-9932-005056B98D90,,
2026-09-02T00:12:46.496850Z,4663,dc.scaffold.htb,Microsoft-Windows-Security-Auditing,Security,21325,0,"%%1537
				",0x10000,,,,,,,0x1318,,,,,,,,,,,,,C:\Windows\Microsoft.NET\Framework\v4.0.30319\mscordbi.dll,Security,File,,,,0xe2c,C:\Windows\WinSxS\amd64_microsoft-windows-servicingstack_31bf3856ad364e35_10.0.20348.557_none_f1edaeb8515fa10d\TiWorker.exe,,S:AI,,SCAFFOLD,0x3e7,DC$,S-1-5-18,,,,,,,,,,,
2026-09-02T00:12:46.496895Z,4660,dc.scaffold.htb,Microsoft-Windows-Security-Auditing,Security,21326,0,,,,,,,,,0x1318,,,,,,,,,,,,,,Security,,,,,0xe2c,C:\Windows\WinSxS\amd64_microsoft-windows-servicingstack_31bf3856ad364e35_10.0.20348.557_none_f1edaeb8515fa10d\TiWorker.exe,,,,SCAFFOLD,0x3e7,DC$,S-1-5-18,,,,,,,,,2997115E-A661-11F1-9932-005056B98D90,,
2026-09-02T00:12:46.499071Z,4663,dc.scaffold.htb,Microsoft-Windows-Security-Auditing,Security,21327,0,"%%1537
				",0x10000,,,,,,,0x1328,,,,,,,,,,,,,C:\Windows\Microsoft.NET\Framework\v4.0.30319\mscorlib.dll,Security,File,,,,0xe2c,C:\Windows\WinSxS\amd64_microsoft-windows-servicingstack_31bf3856ad364e35_10.0.20348.557_none_f1edaeb8515fa10d\TiWorker.exe,,S:AI,,SCAFFOLD,0x3e7,DC$,S-1-5-18,,,,,,,,,,,
2026-09-02T00:12:46.499126Z,4660,dc.scaffold.htb,Microsoft-Windows-Security-Auditing,Security,21328,0,,,,,,,,,0x1328,,,,,,,,,,,,,,Security,,,,,0xe2c,C:\Windows\WinSxS\amd64_microsoft-windows-servicingstack_31bf3856ad364e35_10.0.20348.557_none_f1edaeb8515fa10d\TiWorker.exe,,,,SCAFFOLD,0x3e7,DC$,S-1-5-18,,,,,,,,,2997115E-A661-11F1-9932-005056B98D90,,
2026-09-02T00:12:46.502266Z,4663,dc.scaffold.htb,Microsoft-Windows-Security-Auditing,Security,21329,0,"%%1537
				",0x10000,,,,,,,0x1328,,,,,,,,,,,,,C:\Windows\Microsoft.NET\Framework\v4.0.30319\mscorpehost.dll,Security,File,,,,0xe2c,C:\Windows\WinSxS\amd64_microsoft-windows-servicingstack_31bf3856ad364e35_10.0.20348.557_none_f1edaeb8515fa10d\TiWorker.exe,,S:AI,,SCAFFOLD,0x3e7,DC$,S-1-5-18,,,,,,,,,,,
2026-09-02T00:12:46.504133Z,4660,dc.scaffold.htb,Microsoft-Windows-Security-Auditing,Security,21330,0,,,,,,,,,0x1328,,,,,,,,,,,,,,Security,,,,,0xe2c,C:\Windows\WinSxS\amd64_microsoft-windows-servicingstack_31bf3856ad364e35_10.0.20348.557_none_f1edaeb8515fa10d\TiWorker.exe,,,,SCAFFOLD,0x3e7,DC$,S-1-5-18,,,,,,,,,2997115E-A661-11F1-9932-005056B98D90,,
2026-09-02T00:12:46.506186Z,4663,dc.scaffold.htb,Microsoft-Windows-Security-Auditing,Security,21331,0,"%%1537
				",0x10000,,,,,,,0x1318,,,,,,,,,,,,,C:\Windows\Microsoft.NET\Framework\v4.0.30319\mscorsvc.dll,Security,File,,,,0xe2c,C:\Windows\WinSxS\amd64_microsoft-windows-servicingstack_31bf3856ad364e35_10.0.20348.557_none_f1edaeb8515fa10d\TiWorker.exe,,S:AI,,SCAFFOLD,0x3e7,DC$,S-1-5-18,,,,,,,,,,,
2026-09-02T00:12:46.506674Z,4660,dc.scaffold.htb,Microsoft-Windows-Security-Auditing,Security,21332,0,,,,,,,,,0x1318,,,,,,,,,,,,,,Security,,,,,0xe2c,C:\Windows\WinSxS\amd64_microsoft-windows-servicingstack_31bf3856ad364e35_10.0.20348.557_none_f1edaeb8515fa10d\TiWorker.exe,,,,SCAFFOLD,0x3e7,DC$,S-1-5-18,,,,,,,,,2997115E-A661-11F1-9932-005056B98D90,,
2026-09-02T00:12:46.509041Z,4663,dc.scaffold.htb,Microsoft-Windows-Security-Auditing,Security,21333,0,"%%1537
				",0x10000,,,,,,,0x1324,,,,,,,,,,,,,C:\Windows\Microsoft.NET\Framework\v4.0.30319\mscorsvw.exe,Security,File,,,,0xe2c,C:\Windows\WinSxS\amd64_microsoft-windows-servicingstack_31bf3856ad364e35_10.0.20348.557_none_f1edaeb8515fa10d\TiWorker.exe,,S:AI,,SCAFFOLD,0x3e7,DC$,S-1-5-18,,,,,,,,,,,
2026-09-02T00:12:46.509525Z,4660,dc.scaffold.htb,Microsoft-Windows-Security-Auditing,Security,21334,0,,,,,,,,,0x1324,,,,,,,,,,,,,,Security,,,,,0xe2c,C:\Windows\WinSxS\amd64_microsoft-windows-servicingstack_31bf3856ad364e35_10.0.20348.557_none_f1edaeb8515fa10d\TiWorker.exe,,,,SCAFFOLD,0x3e7,DC$,S-1-5-18,,,,,,,,,2997115E-A661-11F1-9932-005056B98D90,,
2026-09-02T00:12:46.511742Z,4663,dc.scaffold.htb,Microsoft-Windows-Security-Auditing,Security,21335,0,"%%1537
				",0x10000,,,,,,,0x1328,,,,,,,,,,,,,C:\Windows\Microsoft.NET\Framework\v4.0.30319\ngen.exe,Security,File,,,,0xe2c,C:\Windows\WinSxS\amd64_microsoft-windows-servicingstack_31bf3856ad364e35_10.0.20348.557_none_f1edaeb8515fa10d\TiWorker.exe,,S:AI,,SCAFFOLD,0x3e7,DC$,S-1-5-18,,,,,,,,,,,
2026-09-02T00:12:46.512198Z,4660,dc.scaffold.htb,Microsoft-Windows-Security-Auditing,Security,21336,0,,,,,,,,,0x1328,,,,,,,,,,,,,,Security,,,,,0xe2c,C:\Windows\WinSxS\amd64_microsoft-windows-servicingstack_31bf3856ad364e35_10.0.20348.557_none_f1edaeb8515fa10d\TiWorker.exe,,,,SCAFFOLD,0x3e7,DC$,S-1-5-18,,,,,,,,,2997115E-A661-11F1-9932-005056B98D90,,
2026-09-02T00:12:46.514561Z,4663,dc.scaffold.htb,Microsoft-Windows-Security-Auditing,Security,21337,0,"%%1537
				",0x10000,,,,,,,0x1324,,,,,,,,,,,,,C:\Windows\Microsoft.NET\Framework\v4.0.30319\ngentask.exe,Security,File,,,,0xe2c,C:\Windows\WinSxS\amd64_microsoft-windows-servicingstack_31bf3856ad364e35_10.0.20348.557_none_f1edaeb8515fa10d\TiWorker.exe,,S:AI,,SCAFFOLD,0x3e7,DC$,S-1-5-18,,,,,,,,,,,
2026-09-02T00:12:46.515416Z,4660,dc.scaffold.htb,Microsoft-Windows-Security-Auditing,Security,21338,0,,,,,,,,,0x1324,,,,,,,,,,,,,,Security,,,,,0xe2c,C:\Windows\WinSxS\amd64_microsoft-windows-servicingstack_31bf3856ad364e35_10.0.20348.557_none_f1edaeb8515fa10d\TiWorker.exe,,,,SCAFFOLD,0x3e7,DC$,S-1-5-18,,,,,,,,,2997115E-A661-11F1-9932-005056B98D90,,
2026-09-02T00:12:46.518092Z,4663,dc.scaffold.htb,Microsoft-Windows-Security-Auditing,Security,21339,0,"%%1537
				",0x10000,,,,,,,0x1328,,,,,,,,,,,,,C:\Windows\Microsoft.NET\Framework\v4.0.30319\peverify.dll,Security,File,,,,0xe2c,C:\Windows\WinSxS\amd64_microsoft-windows-servicingstack_31bf3856ad364e35_10.0.20348.557_none_f1edaeb8515fa10d\TiWorker.exe,,S:AI,,SCAFFOLD,0x3e7,DC$,S-1-5-18,,,,,,,,,,,
2026-09-02T00:12:46.518144Z,4660,dc.scaffold.htb,Microsoft-Windows-Security-Auditing,Security,21340,0,,,,,,,,,0x1328,,,,,,,,,,,,,,Security,,,,,0xe2c,C:\Windows\WinSxS\amd64_microsoft-windows-servicingstack_31bf3856ad364e35_10.0.20348.557_none_f1edaeb8515fa10d\TiWorker.exe,,,,SCAFFOLD,0x3e7,DC$,S-1-5-18,,,,,,,,,2997115E-A661-11F1-9932-005056B98D90,,
2026-09-02T00:12:46.520907Z,4663,dc.scaffold.htb,Microsoft-Windows-Security-Auditing,Security,21341,0,"%%1537
				",0x10000,,,,,,,0x1318,,,,,,,,,,,,,C:\Windows\Microsoft.NET\Framework\v4.0.30319\ServiceMonikerSupport.dll,Security,File,,,,0xe2c,C:\Windows\WinSxS\amd64_microsoft-windows-servicingstack_31bf3856ad364e35_10.0.20348.557_none_f1edaeb8515fa10d\TiWorker.exe,,S:AI,,SCAFFOLD,0x3e7,DC$,S-1-5-18,,,,,,,,,,,
2026-09-02T00:12:46.521385Z,4660,dc.scaffold.htb,Microsoft-Windows-Security-Auditing,Security,21342,0,,,,,,,,,0x1318,,,,,,,,,,,,,,Security,,,,,0xe2c,C:\Windows\WinSxS\amd64_microsoft-windows-servicingstack_31bf3856ad364e35_10.0.20348.557_none_f1edaeb8515fa10d\TiWorker.exe,,,,SCAFFOLD,0x3e7,DC$,S-1-5-18,,,,,,,,,2997115E-A661-11F1-9932-005056B98D90,,
2026-09-02T00:12:46.522835Z,4663,dc.scaffold.htb,Microsoft-Windows-Security-Auditing,Security,21343,0,"%%1537
				",0x10000,,,,,,,0x1330,,,,,,,,,,,,,C:\Windows\Microsoft.NET\Framework\v4.0.30319\SMDiagnostics.dll,Security,File,,,,0xe2c,C:\Windows\WinSxS\amd64_microsoft-windows-servicingstack_31bf3856ad364e35_10.0.20348.557_none_f1edaeb8515fa10d\TiWorker.exe,,S:AI,,SCAFFOLD,0x3e7,DC$,S-1-5-18,,,,,,,,,,,
2026-09-02T00:12:46.523424Z,4660,dc.scaffold.htb,Microsoft-Windows-Security-Auditing,Security,21344,0,,,,,,,,,0x1330,,,,,,,,,,,,,,Security,,,,,0xe2c,C:\Windows\WinSxS\amd64_microsoft-windows-servicingstack_31bf3856ad364e35_10.0.20348.557_none_f1edaeb8515fa10d\TiWorker.exe,,,,SCAFFOLD,0x3e7,DC$,S-1-5-18,,,,,,,,,2997115E-A661-11F1-9932-005056B98D90,,
2026-09-02T00:12:46.524160Z,4663,dc.scaffold.htb,Microsoft-Windows-Security-Auditing,Security,21345,0,"%%1537
				",0x10000,,,,,,,0x1328,,,,,,,,,,,,,C:\Windows\Microsoft.NET\Framework\v4.0.30319\SOS.dll,Security,File,,,,0xe2c,C:\Windows\WinSxS\amd64_microsoft-windows-servicingstack_31bf3856ad364e35_10.0.20348.557_none_f1edaeb8515fa10d\TiWorker.exe,,S:AI,,SCAFFOLD,0x3e7,DC$,S-1-5-18,,,,,,,,,,,
2026-09-02T00:12:46.524207Z,4660,dc.scaffold.htb,Microsoft-Windows-Security-Auditing,Security,21346,0,,,,,,,,,0x1328,,,,,,,,,,,,,,Security,,,,,0xe2c,C:\Windows\WinSxS\amd64_microsoft-windows-servicingstack_31bf3856ad364e35_10.0.20348.557_none_f1edaeb8515fa10d\TiWorker.exe,,,,SCAFFOLD,0x3e7,DC$,S-1-5-18,,,,,,,,,2997115E-A661-11F1-9932-005056B98D90,,
2026-09-02T00:12:46.525989Z,4663,dc.scaffold.htb,Microsoft-Windows-Security-Auditing,Security,21347,0,"%%1537
				",0x10000,,,,,,,0x1318,,,,,,,,,,,,,C:\Windows\Microsoft.NET\Framework\v4.0.30319\System.Activities.dll,Security,File,,,,0xe2c,C:\Windows\WinSxS\amd64_microsoft-windows-servicingstack_31bf3856ad364e35_10.0.20348.557_none_f1edaeb8515fa10d\TiWorker.exe,,S:AI,,SCAFFOLD,0x3e7,DC$,S-1-5-18,,,,,,,,,,,
2026-09-02T00:12:46.525993Z,4660,dc.scaffold.htb,Microsoft-Windows-Security-Auditing,Security,21348,0,,,,,,,,,0x1318,,,,,,,,,,,,,,Security,,,,,0xe2c,C:\Windows\WinSxS\amd64_microsoft-windows-servicingstack_31bf3856ad364e35_10.0.20348.557_none_f1edaeb8515fa10d\TiWorker.exe,,,,SCAFFOLD,0x3e7,DC$,S-1-5-18,,,,,,,,,2997115E-A661-11F1-9932-005056B98D90,,
2026-09-02T00:12:46.526738Z,4663,dc.scaffold.htb,Microsoft-Windows-Security-Auditing,Security,21349,0,"%%1537
				",0x10000,,,,,,,0x1330,,,,,,,,,,,,,C:\Windows\Microsoft.NET\Framework\v4.0.30319\System.Activities.Presentation.dll,Security,File,,,,0xe2c,C:\Windows\WinSxS\amd64_microsoft-windows-servicingstack_31bf3856ad364e35_10.0.20348.557_none_f1edaeb8515fa10d\TiWorker.exe,,S:AI,,SCAFFOLD,0x3e7,DC$,S-1-5-18,,,,,,,,,,,
2026-09-02T00:12:46.526766Z,4660,dc.scaffold.htb,Microsoft-Windows-Security-Auditing,Security,21350,0,,,,,,,,,0x1330,,,,,,,,,,,,,,Security,,,,,0xe2c,C:\Windows\WinSxS\amd64_microsoft-windows-servicingstack_31bf3856ad364e35_10.0.20348.557_none_f1edaeb8515fa10d\TiWorker.exe,,,,SCAFFOLD,0x3e7,DC$,S-1-5-18,,,,,,,,,2997115E-A661-11F1-9932-005056B98D90,,
2026-09-02T00:12:46.527715Z,4663,dc.scaffold.htb,Microsoft-Windows-Security-Auditing,Security,21351,0,"%%1537
				",0x10000,,,,,,,0x1338,,,,,,,,,,,,,C:\Windows\Microsoft.NET\Framework\v4.0.30319\System.Core.dll,Security,File,,,,0xe2c,C:\Windows\WinSxS\amd64_microsoft-windows-servicingstack_31bf3856ad364e35_10.0.20348.557_none_f1edaeb8515fa10d\TiWorker.exe,,S:AI,,SCAFFOLD,0x3e7,DC$,S-1-5-18,,,,,,,,,,,
2026-09-02T00:12:46.527759Z,4660,dc.scaffold.htb,Microsoft-Windows-Security-Auditing,Security,21352,0,,,,,,,,,0x1338,,,,,,,,,,,,,,Security,,,,,0xe2c,C:\Windows\WinSxS\amd64_microsoft-windows-servicingstack_31bf3856ad364e35_10.0.20348.557_none_f1edaeb8515fa10d\TiWorker.exe,,,,SCAFFOLD,0x3e7,DC$,S-1-5-18,,,,,,,,,2997115E-A661-11F1-9932-005056B98D90,,
2026-09-02T00:12:46.529724Z,4663,dc.scaffold.htb,Microsoft-Windows-Security-Auditing,Security,21353,0,"%%1537
				",0x10000,,,,,,,0x133c,,,,,,,,,,,,,C:\Windows\Microsoft.NET\Framework\v4.0.30319\System.Data.dll,Security,File,,,,0xe2c,C:\Windows\WinSxS\amd64_microsoft-windows-servicingstack_31bf3856ad364e35_10.0.20348.557_none_f1edaeb8515fa10d\TiWorker.exe,,S:AI,,SCAFFOLD,0x3e7,DC$,S-1-5-18,,,,,,,,,,,
2026-09-02T00:12:46.531180Z,4660,dc.scaffold.htb,Microsoft-Windows-Security-Auditing,Security,21354,0,,,,,,,,,0x133c,,,,,,,,,,,,,,Security,,,,,0xe2c,C:\Windows\WinSxS\amd64_microsoft-windows-servicingstack_31bf3856ad364e35_10.0.20348.557_none_f1edaeb8515fa10d\TiWorker.exe,,,,SCAFFOLD,0x3e7,DC$,S-1-5-18,,,,,,,,,2997115E-A661-11F1-9932-005056B98D90,,
2026-09-02T00:12:46.533030Z,4663,dc.scaffold.htb,Microsoft-Windows-Security-Auditing,Security,21355,0,"%%1537
				",0x10000,,,,,,,0x1334,,,,,,,,,,,,,C:\Windows\Microsoft.NET\Framework\v4.0.30319\System.Data.SqlXml.dll,Security,File,,,,0xe2c,C:\Windows\WinSxS\amd64_microsoft-windows-servicingstack_31bf3856ad364e35_10.0.20348.557_none_f1edaeb8515fa10d\TiWorker.exe,,S:AI,,SCAFFOLD,0x3e7,DC$,S-1-5-18,,,,,,,,,,,
2026-09-02T00:12:46.533055Z,4660,dc.scaffold.htb,Microsoft-Windows-Security-Auditing,Security,21356,0,,,,,,,,,0x1334,,,,,,,,,,,,,,Security,,,,,0xe2c,C:\Windows\WinSxS\amd64_microsoft-windows-servicingstack_31bf3856ad364e35_10.0.20348.557_none_f1edaeb8515fa10d\TiWorker.exe,,,,SCAFFOLD,0x3e7,DC$,S-1-5-18,,,,,,,,,2997115E-A661-11F1-9932-005056B98D90,,
2026-09-02T00:12:46.533761Z,4663,dc.scaffold.htb,Microsoft-Windows-Security-Auditing,Security,21357,0,"%%1537
				",0x10000,,,,,,,0x1338,,,,,,,,,,,,,C:\Windows\Microsoft.NET\Framework\v4.0.30319\System.Deployment.dll,Security,File,,,,0xe2c,C:\Windows\WinSxS\amd64_microsoft-windows-servicingstack_31bf3856ad364e35_10.0.20348.557_none_f1edaeb8515fa10d\TiWorker.exe,,S:AI,,SCAFFOLD,0x3e7,DC$,S-1-5-18,,,,,,,,,,,
2026-09-02T00:12:46.533782Z,4660,dc.scaffold.htb,Microsoft-Windows-Security-Auditing,Security,21358,0,,,,,,,,,0x1338,,,,,,,,,,,,,,Security,,,,,0xe2c,C:\Windows\WinSxS\amd64_microsoft-windows-servicingstack_31bf3856ad364e35_10.0.20348.557_none_f1edaeb8515fa10d\TiWorker.exe,,,,SCAFFOLD,0x3e7,DC$,S-1-5-18,,,,,,,,,2997115E-A661-11F1-9932-005056B98D90,,
2026-09-02T00:12:46.534484Z,4663,dc.scaffold.htb,Microsoft-Windows-Security-Auditing,Security,21359,0,"%%1537
				",0x10000,,,,,,,0x133c,,,,,,,,,,,,,C:\Windows\Microsoft.NET\Framework\v4.0.30319\System.DirectoryServices.AccountManagement.dll,Security,File,,,,0xe2c,C:\Windows\WinSxS\amd64_microsoft-windows-servicingstack_31bf3856ad364e35_10.0.20348.557_none_f1edaeb8515fa10d\TiWorker.exe,,S:AI,,SCAFFOLD,0x3e7,DC$,S-1-5-18,,,,,,,,,,,
2026-09-02T00:12:46.534496Z,4660,dc.scaffold.htb,Microsoft-Windows-Security-Auditing,Security,21360,0,,,,,,,,,0x133c,,,,,,,,,,,,,,Security,,,,,0xe2c,C:\Windows\WinSxS\amd64_microsoft-windows-servicingstack_31bf3856ad364e35_10.0.20348.557_none_f1edaeb8515fa10d\TiWorker.exe,,,,SCAFFOLD,0x3e7,DC$,S-1-5-18,,,,,,,,,2997115E-A661-11F1-9932-005056B98D90,,
2026-09-02T00:12:46.535210Z,4663,dc.scaffold.htb,Microsoft-Windows-Security-Auditing,Security,21361,0,"%%1537
				",0x10000,,,,,,,0x1334,,,,,,,,,,,,,C:\Windows\Microsoft.NET\Framework\v4.0.30319\System.DirectoryServices.dll,Security,File,,,,0xe2c,C:\Windows\WinSxS\amd64_microsoft-windows-servicingstack_31bf3856ad364e35_10.0.20348.557_none_f1edaeb8515fa10d\TiWorker.exe,,S:AI,,SCAFFOLD,0x3e7,DC$,S-1-5-18,,,,,,,,,,,
2026-09-02T00:12:46.535234Z,4660,dc.scaffold.htb,Microsoft-Windows-Security-Auditing,Security,21362,0,,,,,,,,,0x1334,,,,,,,,,,,,,,Security,,,,,0xe2c,C:\Windows\WinSxS\amd64_microsoft-windows-servicingstack_31bf3856ad364e35_10.0.20348.557_none_f1edaeb8515fa10d\TiWorker.exe,,,,SCAFFOLD,0x3e7,DC$,S-1-5-18,,,,,,,,,2997115E-A661-11F1-9932-005056B98D90,,
2026-09-02T00:12:46.536059Z,4663,dc.scaffold.htb,Microsoft-Windows-Security-Auditing,Security,21363,0,"%%1537
				",0x10000,,,,,,,0x1338,,,,,,,,,,,,,C:\Windows\Microsoft.NET\Framework\v4.0.30319\System.dll,Security,File,,,,0xe2c,C:\Windows\WinSxS\amd64_microsoft-windows-servicingstack_31bf3856ad364e35_10.0.20348.557_none_f1edaeb8515fa10d\TiWorker.exe,,S:AI,,SCAFFOLD,0x3e7,DC$,S-1-5-18,,,,,,,,,,,
2026-09-02T00:12:46.536084Z,4660,dc.scaffold.htb,Microsoft-Windows-Security-Auditing,Security,21364,0,,,,,,,,,0x1338,,,,,,,,,,,,,,Security,,,,,0xe2c,C:\Windows\WinSxS\amd64_microsoft-windows-servicingstack_31bf3856ad364e35_10.0.20348.557_none_f1edaeb8515fa10d\TiWorker.exe,,,,SCAFFOLD,0x3e7,DC$,S-1-5-18,,,,,,,,,2997115E-A661-11F1-9932-005056B98D90,,
2026-09-02T00:12:46.536750Z,4663,dc.scaffold.htb,Microsoft-Windows-Security-Auditing,Security,21365,0,"%%1537
				",0x10000,,,,,,,0x133c,,,,,,,,,,,,,C:\Windows\Microsoft.NET\Framework\v4.0.30319\System.IdentityModel.dll,Security,File,,,,0xe2c,C:\Windows\WinSxS\amd64_microsoft-windows-servicingstack_31bf3856ad364e35_10.0.20348.557_none_f1edaeb8515fa10d\TiWorker.exe,,S:AI,,SCAFFOLD,0x3e7,DC$,S-1-5-18,,,,,,,,,,,
2026-09-02T00:12:46.536774Z,4660,dc.scaffold.htb,Microsoft-Windows-Security-Auditing,Security,21366,0,,,,,,,,,0x133c,,,,,,,,,,,,,,Security,,,,,0xe2c,C:\Windows\WinSxS\amd64_microsoft-windows-servicingstack_31bf3856ad364e35_10.0.20348.557_none_f1edaeb8515fa10d\TiWorker.exe,,,,SCAFFOLD,0x3e7,DC$,S-1-5-18,,,,,,,,,2997115E-A661-11F1-9932-005056B98D90,,
2026-09-02T00:12:46.538021Z,4663,dc.scaffold.htb,Microsoft-Windows-Security-Auditing,Security,21367,0,"%%1537
				",0x10000,,,,,,,0x1334,,,,,,,,,,,,,C:\Windows\Microsoft.NET\Framework\v4.0.30319\System.IdentityModel.Services.dll,Security,File,,,,0xe2c,C:\Windows\WinSxS\amd64_microsoft-windows-servicingstack_31bf3856ad364e35_10.0.20348.557_none_f1edaeb8515fa10d\TiWorker.exe,,S:AI,,SCAFFOLD,0x3e7,DC$,S-1-5-18,,,,,,,,,,,
2026-09-02T00:12:46.538034Z,4660,dc.scaffold.htb,Microsoft-Windows-Security-Auditing,Security,21368,0,,,,,,,,,0x1334,,,,,,,,,,,,,,Security,,,,,0xe2c,C:\Windows\WinSxS\amd64_microsoft-windows-servicingstack_31bf3856ad364e35_10.0.20348.557_none_f1edaeb8515fa10d\TiWorker.exe,,,,SCAFFOLD,0x3e7,DC$,S-1-5-18,,,,,,,,,2997115E-A661-11F1-9932-005056B98D90,,
2026-09-02T00:12:46.538774Z,4663,dc.scaffold.htb,Microsoft-Windows-Security-Auditing,Security,21369,0,"%%1537
				",0x10000,,,,,,,0x1338,,,,,,,,,,,,,C:\Windows\Microsoft.NET\Framework\v4.0.30319\System.IO.Compression.dll,Security,File,,,,0xe2c,C:\Windows\WinSxS\amd64_microsoft-windows-servicingstack_31bf3856ad364e35_10.0.20348.557_none_f1edaeb8515fa10d\TiWorker.exe,,S:AI,,SCAFFOLD,0x3e7,DC$,S-1-5-18,,,,,,,,,,,
2026-09-02T00:12:46.538779Z,4660,dc.scaffold.htb,Microsoft-Windows-Security-Auditing,Security,21370,0,,,,,,,,,0x1338,,,,,,,,,,,,,,Security,,,,,0xe2c,C:\Windows\WinSxS\amd64_microsoft-windows-servicingstack_31bf3856ad364e35_10.0.20348.557_none_f1edaeb8515fa10d\TiWorker.exe,,,,SCAFFOLD,0x3e7,DC$,S-1-5-18,,,,,,,,,2997115E-A661-11F1-9932-005056B98D90,,
2026-09-02T00:12:46.539890Z,4663,dc.scaffold.htb,Microsoft-Windows-Security-Auditing,Security,21371,0,"%%1537
				",0x10000,,,,,,,0x133c,,,,,,,,,,,,,C:\Windows\Microsoft.NET\Framework\v4.0.30319\System.Net.dll,Security,File,,,,0xe2c,C:\Windows\WinSxS\amd64_microsoft-windows-servicingstack_31bf3856ad364e35_10.0.20348.557_none_f1edaeb8515fa10d\TiWorker.exe,,S:AI,,SCAFFOLD,0x3e7,DC$,S-1-5-18,,,,,,,,,,,
2026-09-02T00:12:46.539918Z,4660,dc.scaffold.htb,Microsoft-Windows-Security-Auditing,Security,21372,0,,,,,,,,,0x133c,,,,,,,,,,,,,,Security,,,,,0xe2c,C:\Windows\WinSxS\amd64_microsoft-windows-servicingstack_31bf3856ad364e35_10.0.20348.557_none_f1edaeb8515fa10d\TiWorker.exe,,,,SCAFFOLD,0x3e7,DC$,S-1-5-18,,,,,,,,,2997115E-A661-11F1-9932-005056B98D90,,
2026-09-02T00:12:46.540713Z,4663,dc.scaffold.htb,Microsoft-Windows-Security-Auditing,Security,21373,0,"%%1537
				",0x10000,,,,,,,0x1334,,,,,,,,,,,,,C:\Windows\Microsoft.NET\Framework\v4.0.30319\System.Net.Http.dll,Security,File,,,,0xe2c,C:\Windows\WinSxS\amd64_microsoft-windows-servicingstack_31bf3856ad364e35_10.0.20348.557_none_f1edaeb8515fa10d\TiWorker.exe,,S:AI,,SCAFFOLD,0x3e7,DC$,S-1-5-18,,,,,,,,,,,
2026-09-02T00:12:46.540734Z,4660,dc.scaffold.htb,Microsoft-Windows-Security-Auditing,Security,21374,0,,,,,,,,,0x1334,,,,,,,,,,,,,,Security,,,,,0xe2c,C:\Windows\WinSxS\amd64_microsoft-windows-servicingstack_31bf3856ad364e35_10.0.20348.557_none_f1edaeb8515fa10d\TiWorker.exe,,,,SCAFFOLD,0x3e7,DC$,S-1-5-18,,,,,,,,,2997115E-A661-11F1-9932-005056B98D90,,
2026-09-02T00:12:46.541429Z,4663,dc.scaffold.htb,Microsoft-Windows-Security-Auditing,Security,21375,0,"%%1537
				",0x10000,,,,,,,0x1338,,,,,,,,,,,,,C:\Windows\Microsoft.NET\Framework\v4.0.30319\System.Net.Http.WebRequest.dll,Security,File,,,,0xe2c,C:\Windows\WinSxS\amd64_microsoft-windows-servicingstack_31bf3856ad364e35_10.0.20348.557_none_f1edaeb8515fa10d\TiWorker.exe,,S:AI,,SCAFFOLD,0x3e7,DC$,S-1-5-18,,,,,,,,,,,
2026-09-02T00:12:46.541448Z,4660,dc.scaffold.htb,Microsoft-Windows-Security-Auditing,Security,21376,0,,,,,,,,,0x1338,,,,,,,,,,,,,,Security,,,,,0xe2c,C:\Windows\WinSxS\amd64_microsoft-windows-servicingstack_31bf3856ad364e35_10.0.20348.557_none_f1edaeb8515fa10d\TiWorker.exe,,,,SCAFFOLD,0x3e7,DC$,S-1-5-18,,,,,,,,,2997115E-A661-11F1-9932-005056B98D90,,
2026-09-02T00:12:46.543149Z,4663,dc.scaffold.htb,Microsoft-Windows-Security-Auditing,Security,21377,0,"%%1537
				",0x10000,,,,,,,0x133c,,,,,,,,,,,,,C:\Windows\Microsoft.NET\Framework\v4.0.30319\System.Runtime.Caching.dll,Security,File,,,,0xe2c,C:\Windows\WinSxS\amd64_microsoft-windows-servicingstack_31bf3856ad364e35_10.0.20348.557_none_f1edaeb8515fa10d\TiWorker.exe,,S:AI,,SCAFFOLD,0x3e7,DC$,S-1-5-18,,,,,,,,,,,
2026-09-02T00:12:46.543173Z,4660,dc.scaffold.htb,Microsoft-Windows-Security-Auditing,Security,21378,0,,,,,,,,,0x133c,,,,,,,,,,,,,,Security,,,,,0xe2c,C:\Windows\WinSxS\amd64_microsoft-windows-servicingstack_31bf3856ad364e35_10.0.20348.557_none_f1edaeb8515fa10d\TiWorker.exe,,,,SCAFFOLD,0x3e7,DC$,S-1-5-18,,,,,,,,,2997115E-A661-11F1-9932-005056B98D90,,
2026-09-02T00:12:46.543895Z,4663,dc.scaffold.htb,Microsoft-Windows-Security-Auditing,Security,21379,0,"%%1537
				",0x10000,,,,,,,0x1334,,,,,,,,,,,,,C:\Windows\Microsoft.NET\Framework\v4.0.30319\System.Runtime.Remoting.dll,Security,File,,,,0xe2c,C:\Windows\WinSxS\amd64_microsoft-windows-servicingstack_31bf3856ad364e35_10.0.20348.557_none_f1edaeb8515fa10d\TiWorker.exe,,S:AI,,SCAFFOLD,0x3e7,DC$,S-1-5-18,,,,,,,,,,,
