2026-09-02T00:12:46.271695Z,4660,dc.scaffold.htb,Microsoft-Windows-Security-Auditing,Security,21126,0,,,,,,,,,0x1324,,,,,,,,,,,,,,Security,,,,,0xe2c,C:\Windows\WinSxS\amd64_microsoft-windows-servicingstack_31bf3856ad364e35_10.0.20348.557_none_f1edaeb8515fa10d\TiWorker.exe,,,,SCAFFOLD,0x3e7,DC$,S-1-5-18,,,,,,,,,2997115E-A661-11F1-9932-005056B98D90,,
2026-09-02T00:12:46.273174Z,4663,dc.scaffold.htb,Microsoft-Windows-Security-Auditing,Security,21127,0,"%%4417
				",0x2,,,,,,,0x150c,,,,,,,,,,,,,C:\Windows\WinSxS\FileMaps,Security,File,,,,0xe2c,C:\Windows\WinSxS\amd64_microsoft-windows-servicingstack_31bf3856ad364e35_10.0.20348.557_none_f1edaeb8515fa10d\TiWorker.exe,,S:AI,,SCAFFOLD,0x3e7,DC$,S-1-5-18,,,,,,,,,,,
2026-09-02T00:12:46.273447Z,4663,dc.scaffold.htb,Microsoft-Windows-Security-Auditing,Security,21128,0,"%%1538
				",0x20000,,,,,,,0x1324,,,,,,,,,,,,,C:\Windows\WinSxS\FileMaps,Security,File,,,,0xe2c,C:\Windows\WinSxS\amd64_microsoft-windows-servicingstack_31bf3856ad364e35_10.0.20348.557_none_f1edaeb8515fa10d\TiWorker.exe,,S:AI,,SCAFFOLD,0x3e7,DC$,S-1-5-18,,,,,,,,,,,
2026-09-02T00:12:46.273593Z,4663,dc.scaffold.htb,Microsoft-Windows-Security-Auditing,Security,21129,0,"%%1538
				",0x20000,,,,,,,0x1324,,,,,,,,,,,,,C:\Windows\WinSxS\FileMaps,Security,File,,,,0xe2c,C:\Windows\WinSxS\amd64_microsoft-windows-servicingstack_31bf3856ad364e35_10.0.20348.557_none_f1edaeb8515fa10d\TiWorker.exe,,S:AI,,SCAFFOLD,0x3e7,DC$,S-1-5-18,,,,,,,,,,,
2026-09-02T00:12:46.274701Z,4663,dc.scaffold.htb,Microsoft-Windows-Security-Auditing,Security,21130,0,"%%1537
				",0x10000,,,,,,,0x1318,,,,,,,,,,,,,C:\Windows\WinSxS\FileMaps\$$_microsoft.net_assembly_gac_msil_system.runtime.caching_v4.0_4.0.0.0_b03f5f7f11d50a3a_d3d490bba915725e.cdf-ms,Security,File,,,,0xe2c,C:\Windows\WinSxS\amd64_microsoft-windows-servicingstack_31bf3856ad364e35_10.0.20348.557_none_f1edaeb8515fa10d\TiWorker.exe,,S:AI,,SCAFFOLD,0x3e7,DC$,S-1-5-18,,,,,,,,,,,
2026-09-02T00:12:46.274704Z,4660,dc.scaffold.htb,Microsoft-Windows-Security-Auditing,Security,21131,0,,,,,,,,,0x1318,,,,,,,,,,,,,,Security,,,,,0xe2c,C:\Windows\WinSxS\amd64_microsoft-windows-servicingstack_31bf3856ad364e35_10.0.20348.557_none_f1edaeb8515fa10d\TiWorker.exe,,,,SCAFFOLD,0x3e7,DC$,S-1-5-18,,,,,,,,,2997115E-A661-11F1-9932-005056B98D90,,
2026-09-02T00:12:46.276667Z,4663,dc.scaffold.htb,Microsoft-Windows-Security-Auditing,Security,21132,0,"%%4417
				",0x2,,,,,,,0x150c,,,,,,,,,,,,,C:\Windows\WinSxS\FileMaps,Security,File,,,,0xe2c,C:\Windows\WinSxS\amd64_microsoft-windows-servicingstack_31bf3856ad364e35_10.0.20348.557_none_f1edaeb8515fa10d\TiWorker.exe,,S:AI,,SCAFFOLD,0x3e7,DC$,S-1-5-18,,,,,,,,,,,
2026-09-02T00:12:46.276975Z,4663,dc.scaffold.htb,Microsoft-Windows-Security-Auditing,Security,21133,0,"%%1538
				",0x20000,,,,,,,0x1318,,,,,,,,,,,,,C:\Windows\WinSxS\FileMaps,Security,File,,,,0xe2c,C:\Windows\WinSxS\amd64_microsoft-windows-servicingstack_31bf3856ad364e35_10.0.20348.557_none_f1edaeb8515fa10d\TiWorker.exe,,S:AI,,SCAFFOLD,0x3e7,DC$,S-1-5-18,,,,,,,,,,,
2026-09-02T00:12:46.277243Z,4663,dc.scaffold.htb,Microsoft-Windows-Security-Auditing,Security,21134,0,"%%1538
				",0x20000,,,,,,,0x1318,,,,,,,,,,,,,C:\Windows\WinSxS\FileMaps,Security,File,,,,0xe2c,C:\Windows\WinSxS\amd64_microsoft-windows-servicingstack_31bf3856ad364e35_10.0.20348.557_none_f1edaeb8515fa10d\TiWorker.exe,,S:AI,,SCAFFOLD,0x3e7,DC$,S-1-5-18,,,,,,,,,,,
2026-09-02T00:12:46.278170Z,4663,dc.scaffold.htb,Microsoft-Windows-Security-Auditing,Security,21135,0,"%%1537
				",0x10000,,,,,,,0x1328,,,,,,,,,,,,,C:\Windows\WinSxS\FileMaps\$$_microsoft.net_assembly_gac_msil_system.net.http.webrequest_v4.0_4.0.0.0_b03f5f7f11d50a3a_efaa255295e3a257.cdf-ms,Security,File,,,,0xe2c,C:\Windows\WinSxS\amd64_microsoft-windows-servicingstack_31bf3856ad364e35_10.0.20348.557_none_f1edaeb8515fa10d\TiWorker.exe,,S:AI,,SCAFFOLD,0x3e7,DC$,S-1-5-18,,,,,,,,,,,
2026-09-02T00:12:46.278176Z,4660,dc.scaffold.htb,Microsoft-Windows-Security-Auditing,Security,21136,0,,,,,,,,,0x1328,,,,,,,,,,,,,,Security,,,,,0xe2c,C:\Windows\WinSxS\amd64_microsoft-windows-servicingstack_31bf3856ad364e35_10.0.20348.557_none_f1edaeb8515fa10d\TiWorker.exe,,,,SCAFFOLD,0x3e7,DC$,S-1-5-18,,,,,,,,,2997115E-A661-11F1-9932-005056B98D90,,
2026-09-02T00:12:46.281585Z,4663,dc.scaffold.htb,Microsoft-Windows-Security-Auditing,Security,21137,0,"%%4417
				",0x2,,,,,,,0x150c,,,,,,,,,,,,,C:\Windows\WinSxS\FileMaps,Security,File,,,,0xe2c,C:\Windows\WinSxS\amd64_microsoft-windows-servicingstack_31bf3856ad364e35_10.0.20348.557_none_f1edaeb8515fa10d\TiWorker.exe,,S:AI,,SCAFFOLD,0x3e7,DC$,S-1-5-18,,,,,,,,,,,
2026-09-02T00:12:46.281908Z,4663,dc.scaffold.htb,Microsoft-Windows-Security-Auditing,Security,21138,0,"%%1538
				",0x20000,,,,,,,0x1328,,,,,,,,,,,,,C:\Windows\WinSxS\FileMaps,Security,File,,,,0xe2c,C:\Windows\WinSxS\amd64_microsoft-windows-servicingstack_31bf3856ad364e35_10.0.20348.557_none_f1edaeb8515fa10d\TiWorker.exe,,S:AI,,SCAFFOLD,0x3e7,DC$,S-1-5-18,,,,,,,,,,,
2026-09-02T00:12:46.282124Z,4663,dc.scaffold.htb,Microsoft-Windows-Security-Auditing,Security,21139,0,"%%1538
				",0x20000,,,,,,,0x1328,,,,,,,,,,,,,C:\Windows\WinSxS\FileMaps,Security,File,,,,0xe2c,C:\Windows\WinSxS\amd64_microsoft-windows-servicingstack_31bf3856ad364e35_10.0.20348.557_none_f1edaeb8515fa10d\TiWorker.exe,,S:AI,,SCAFFOLD,0x3e7,DC$,S-1-5-18,,,,,,,,,,,
2026-09-02T00:12:46.285514Z,4663,dc.scaffold.htb,Microsoft-Windows-Security-Auditing,Security,21140,0,"%%1537
				",0x10000,,,,,,,0x1324,,,,,,,,,,,,,C:\Windows\WinSxS\FileMaps\$$_microsoft.net_assembly_gac_msil_system.net.http_v4.0_4.0.0.0_b03f5f7f11d50a3a_c02456e4349fe25c.cdf-ms,Security,File,,,,0xe2c,C:\Windows\WinSxS\amd64_microsoft-windows-servicingstack_31bf3856ad364e35_10.0.20348.557_none_f1edaeb8515fa10d\TiWorker.exe,,S:AI,,SCAFFOLD,0x3e7,DC$,S-1-5-18,,,,,,,,,,,
2026-09-02T00:12:46.285519Z,4660,dc.scaffold.htb,Microsoft-Windows-Security-Auditing,Security,21141,0,,,,,,,,,0x1324,,,,,,,,,,,,,,Security,,,,,0xe2c,C:\Windows\WinSxS\amd64_microsoft-windows-servicingstack_31bf3856ad364e35_10.0.20348.557_none_f1edaeb8515fa10d\TiWorker.exe,,,,SCAFFOLD,0x3e7,DC$,S-1-5-18,,,,,,,,,2997115E-A661-11F1-9932-005056B98D90,,
2026-09-02T00:12:46.287780Z,4663,dc.scaffold.htb,Microsoft-Windows-Security-Auditing,Security,21142,0,"%%4417
				",0x2,,,,,,,0x150c,,,,,,,,,,,,,C:\Windows\WinSxS\FileMaps,Security,File,,,,0xe2c,C:\Windows\WinSxS\amd64_microsoft-windows-servicingstack_31bf3856ad364e35_10.0.20348.557_none_f1edaeb8515fa10d\TiWorker.exe,,S:AI,,SCAFFOLD,0x3e7,DC$,S-1-5-18,,,,,,,,,,,
2026-09-02T00:12:46.288068Z,4663,dc.scaffold.htb,Microsoft-Windows-Security-Auditing,Security,21143,0,"%%1538
				",0x20000,,,,,,,0x1324,,,,,,,,,,,,,C:\Windows\WinSxS\FileMaps,Security,File,,,,0xe2c,C:\Windows\WinSxS\amd64_microsoft-windows-servicingstack_31bf3856ad364e35_10.0.20348.557_none_f1edaeb8515fa10d\TiWorker.exe,,S:AI,,SCAFFOLD,0x3e7,DC$,S-1-5-18,,,,,,,,,,,
2026-09-02T00:12:46.288210Z,4663,dc.scaffold.htb,Microsoft-Windows-Security-Auditing,Security,21144,0,"%%1538
				",0x20000,,,,,,,0x1324,,,,,,,,,,,,,C:\Windows\WinSxS\FileMaps,Security,File,,,,0xe2c,C:\Windows\WinSxS\amd64_microsoft-windows-servicingstack_31bf3856ad364e35_10.0.20348.557_none_f1edaeb8515fa10d\TiWorker.exe,,S:AI,,SCAFFOLD,0x3e7,DC$,S-1-5-18,,,,,,,,,,,
2026-09-02T00:12:46.289634Z,4663,dc.scaffold.htb,Microsoft-Windows-Security-Auditing,Security,21145,0,"%%1537
				",0x10000,,,,,,,0x1318,,,,,,,,,,,,,C:\Windows\WinSxS\FileMaps\$$_microsoft.net_assembly_gac_msil_system.net_v4.0_4.0.0.0_b03f5f7f11d50a3a_3167549e3b04aa4e.cdf-ms,Security,File,,,,0xe2c,C:\Windows\WinSxS\amd64_microsoft-windows-servicingstack_31bf3856ad364e35_10.0.20348.557_none_f1edaeb8515fa10d\TiWorker.exe,,S:AI,,SCAFFOLD,0x3e7,DC$,S-1-5-18,,,,,,,,,,,
2026-09-02T00:12:46.289638Z,4660,dc.scaffold.htb,Microsoft-Windows-Security-Auditing,Security,21146,0,,,,,,,,,0x1318,,,,,,,,,,,,,,Security,,,,,0xe2c,C:\Windows\WinSxS\amd64_microsoft-windows-servicingstack_31bf3856ad364e35_10.0.20348.557_none_f1edaeb8515fa10d\TiWorker.exe,,,,SCAFFOLD,0x3e7,DC$,S-1-5-18,,,,,,,,,2997115E-A661-11F1-9932-005056B98D90,,
2026-09-02T00:12:46.290954Z,4663,dc.scaffold.htb,Microsoft-Windows-Security-Auditing,Security,21147,0,"%%4417
				",0x2,,,,,,,0x150c,,,,,,,,,,,,,C:\Windows\WinSxS\FileMaps,Security,File,,,,0xe2c,C:\Windows\WinSxS\amd64_microsoft-windows-servicingstack_31bf3856ad364e35_10.0.20348.557_none_f1edaeb8515fa10d\TiWorker.exe,,S:AI,,SCAFFOLD,0x3e7,DC$,S-1-5-18,,,,,,,,,,,
2026-09-02T00:12:46.291240Z,4663,dc.scaffold.htb,Microsoft-Windows-Security-Auditing,Security,21148,0,"%%1538
				",0x20000,,,,,,,0x1318,,,,,,,,,,,,,C:\Windows\WinSxS\FileMaps,Security,File,,,,0xe2c,C:\Windows\WinSxS\amd64_microsoft-windows-servicingstack_31bf3856ad364e35_10.0.20348.557_none_f1edaeb8515fa10d\TiWorker.exe,,S:AI,,SCAFFOLD,0x3e7,DC$,S-1-5-18,,,,,,,,,,,
2026-09-02T00:12:46.291385Z,4663,dc.scaffold.htb,Microsoft-Windows-Security-Auditing,Security,21149,0,"%%1538
				",0x20000,,,,,,,0x1318,,,,,,,,,,,,,C:\Windows\WinSxS\FileMaps,Security,File,,,,0xe2c,C:\Windows\WinSxS\amd64_microsoft-windows-servicingstack_31bf3856ad364e35_10.0.20348.557_none_f1edaeb8515fa10d\TiWorker.exe,,S:AI,,SCAFFOLD,0x3e7,DC$,S-1-5-18,,,,,,,,,,,
2026-09-02T00:12:46.292522Z,4663,dc.scaffold.htb,Microsoft-Windows-Security-Auditing,Security,21150,0,"%%1537
				",0x10000,,,,,,,0x1328,,,,,,,,,,,,,C:\Windows\WinSxS\FileMaps\$$_microsoft.net_assembly_gac_msil_system.io.compression_v4.0_4.0.0.0_b77a5c561934e089_c4b4345afacfcf69.cdf-ms,Security,File,,,,0xe2c,C:\Windows\WinSxS\amd64_microsoft-windows-servicingstack_31bf3856ad364e35_10.0.20348.557_none_f1edaeb8515fa10d\TiWorker.exe,,S:AI,,SCAFFOLD,0x3e7,DC$,S-1-5-18,,,,,,,,,,,
2026-09-02T00:12:46.292526Z,4660,dc.scaffold.htb,Microsoft-Windows-Security-Auditing,Security,21151,0,,,,,,,,,0x1328,,,,,,,,,,,,,,Security,,,,,0xe2c,C:\Windows\WinSxS\amd64_microsoft-windows-servicingstack_31bf3856ad364e35_10.0.20348.557_none_f1edaeb8515fa10d\TiWorker.exe,,,,SCAFFOLD,0x3e7,DC$,S-1-5-18,,,,,,,,,2997115E-A661-11F1-9932-005056B98D90,,
2026-09-02T00:12:46.294635Z,4663,dc.scaffold.htb,Microsoft-Windows-Security-Auditing,Security,21152,0,"%%4417
				",0x2,,,,,,,0x1d90,,,,,,,,,,,,,C:\Windows\WinSxS\FileMaps,Security,File,,,,0xe2c,C:\Windows\WinSxS\amd64_microsoft-windows-servicingstack_31bf3856ad364e35_10.0.20348.557_none_f1edaeb8515fa10d\TiWorker.exe,,S:AI,,SCAFFOLD,0x3e7,DC$,S-1-5-18,,,,,,,,,,,
2026-09-02T00:12:46.294946Z,4663,dc.scaffold.htb,Microsoft-Windows-Security-Auditing,Security,21153,0,"%%1538
				",0x20000,,,,,,,0x1328,,,,,,,,,,,,,C:\Windows\WinSxS\FileMaps,Security,File,,,,0xe2c,C:\Windows\WinSxS\amd64_microsoft-windows-servicingstack_31bf3856ad364e35_10.0.20348.557_none_f1edaeb8515fa10d\TiWorker.exe,,S:AI,,SCAFFOLD,0x3e7,DC$,S-1-5-18,,,,,,,,,,,
2026-09-02T00:12:46.295092Z,4663,dc.scaffold.htb,Microsoft-Windows-Security-Auditing,Security,21154,0,"%%1538
				",0x20000,,,,,,,0x1328,,,,,,,,,,,,,C:\Windows\WinSxS\FileMaps,Security,File,,,,0xe2c,C:\Windows\WinSxS\amd64_microsoft-windows-servicingstack_31bf3856ad364e35_10.0.20348.557_none_f1edaeb8515fa10d\TiWorker.exe,,S:AI,,SCAFFOLD,0x3e7,DC$,S-1-5-18,,,,,,,,,,,
2026-09-02T00:12:46.297166Z,4663,dc.scaffold.htb,Microsoft-Windows-Security-Auditing,Security,21155,0,"%%1537
				",0x10000,,,,,,,0x1318,,,,,,,,,,,,,C:\Windows\WinSxS\FileMaps\$$_microsoft.net_assembly_gac_msil_system.identitymodel.services_v4.0_4.0.0.0_b77a5c561934e089_9152e5e9cf585ca0.cdf-ms,Security,File,,,,0xe2c,C:\Windows\WinSxS\amd64_microsoft-windows-servicingstack_31bf3856ad364e35_10.0.20348.557_none_f1edaeb8515fa10d\TiWorker.exe,,S:AI,,SCAFFOLD,0x3e7,DC$,S-1-5-18,,,,,,,,,,,
2026-09-02T00:12:46.297170Z,4660,dc.scaffold.htb,Microsoft-Windows-Security-Auditing,Security,21156,0,,,,,,,,,0x1318,,,,,,,,,,,,,,Security,,,,,0xe2c,C:\Windows\WinSxS\amd64_microsoft-windows-servicingstack_31bf3856ad364e35_10.0.20348.557_none_f1edaeb8515fa10d\TiWorker.exe,,,,SCAFFOLD,0x3e7,DC$,S-1-5-18,,,,,,,,,2997115E-A661-11F1-9932-005056B98D90,,
2026-09-02T00:12:46.298917Z,4663,dc.scaffold.htb,Microsoft-Windows-Security-Auditing,Security,21157,0,"%%4417
				",0x2,,,,,,,0x150c,,,,,,,,,,,,,C:\Windows\WinSxS\FileMaps,Security,File,,,,0xe2c,C:\Windows\WinSxS\amd64_microsoft-windows-servicingstack_31bf3856ad364e35_10.0.20348.557_none_f1edaeb8515fa10d\TiWorker.exe,,S:AI,,SCAFFOLD,0x3e7,DC$,S-1-5-18,,,,,,,,,,,
2026-09-02T00:12:46.299209Z,4663,dc.scaffold.htb,Microsoft-Windows-Security-Auditing,Security,21158,0,"%%1538
				",0x20000,,,,,,,0x1318,,,,,,,,,,,,,C:\Windows\WinSxS\FileMaps,Security,File,,,,0xe2c,C:\Windows\WinSxS\amd64_microsoft-windows-servicingstack_31bf3856ad364e35_10.0.20348.557_none_f1edaeb8515fa10d\TiWorker.exe,,S:AI,,SCAFFOLD,0x3e7,DC$,S-1-5-18,,,,,,,,,,,
2026-09-02T00:12:46.299355Z,4663,dc.scaffold.htb,Microsoft-Windows-Security-Auditing,Security,21159,0,"%%1538
				",0x20000,,,,,,,0x1318,,,,,,,,,,,,,C:\Windows\WinSxS\FileMaps,Security,File,,,,0xe2c,C:\Windows\WinSxS\amd64_microsoft-windows-servicingstack_31bf3856ad364e35_10.0.20348.557_none_f1edaeb8515fa10d\TiWorker.exe,,S:AI,,SCAFFOLD,0x3e7,DC$,S-1-5-18,,,,,,,,,,,
2026-09-02T00:12:46.300449Z,4663,dc.scaffold.htb,Microsoft-Windows-Security-Auditing,Security,21160,0,"%%1537
				",0x10000,,,,,,,0x132c,,,,,,,,,,,,,C:\Windows\WinSxS\FileMaps\$$_microsoft.net_assembly_gac_msil_system.identitymodel_v4.0_4.0.0.0_b77a5c561934e089_b5d483bcf27e78c2.cdf-ms,Security,File,,,,0xe2c,C:\Windows\WinSxS\amd64_microsoft-windows-servicingstack_31bf3856ad364e35_10.0.20348.557_none_f1edaeb8515fa10d\TiWorker.exe,,S:AI,,SCAFFOLD,0x3e7,DC$,S-1-5-18,,,,,,,,,,,
2026-09-02T00:12:46.300460Z,4660,dc.scaffold.htb,Microsoft-Windows-Security-Auditing,Security,21161,0,,,,,,,,,0x132c,,,,,,,,,,,,,,Security,,,,,0xe2c,C:\Windows\WinSxS\amd64_microsoft-windows-servicingstack_31bf3856ad364e35_10.0.20348.557_none_f1edaeb8515fa10d\TiWorker.exe,,,,SCAFFOLD,0x3e7,DC$,S-1-5-18,,,,,,,,,2997115E-A661-11F1-9932-005056B98D90,,
2026-09-02T00:12:46.301985Z,4663,dc.scaffold.htb,Microsoft-Windows-Security-Auditing,Security,21162,0,"%%4417
				",0x2,,,,,,,0x150c,,,,,,,,,,,,,C:\Windows\WinSxS\FileMaps,Security,File,,,,0xe2c,C:\Windows\WinSxS\amd64_microsoft-windows-servicingstack_31bf3856ad364e35_10.0.20348.557_none_f1edaeb8515fa10d\TiWorker.exe,,S:AI,,SCAFFOLD,0x3e7,DC$,S-1-5-18,,,,,,,,,,,
2026-09-02T00:12:46.302257Z,4663,dc.scaffold.htb,Microsoft-Windows-Security-Auditing,Security,21163,0,"%%1538
				",0x20000,,,,,,,0x132c,,,,,,,,,,,,,C:\Windows\WinSxS\FileMaps,Security,File,,,,0xe2c,C:\Windows\WinSxS\amd64_microsoft-windows-servicingstack_31bf3856ad364e35_10.0.20348.557_none_f1edaeb8515fa10d\TiWorker.exe,,S:AI,,SCAFFOLD,0x3e7,DC$,S-1-5-18,,,,,,,,,,,
2026-09-02T00:12:46.302398Z,4663,dc.scaffold.htb,Microsoft-Windows-Security-Auditing,Security,21164,0,"%%1538
				",0x20000,,,,,,,0x132c,,,,,,,,,,,,,C:\Windows\WinSxS\FileMaps,Security,File,,,,0xe2c,C:\Windows\WinSxS\amd64_microsoft-windows-servicingstack_31bf3856ad364e35_10.0.20348.557_none_f1edaeb8515fa10d\TiWorker.exe,,S:AI,,SCAFFOLD,0x3e7,DC$,S-1-5-18,,,,,,,,,,,
2026-09-02T00:12:46.303462Z,4663,dc.scaffold.htb,Microsoft-Windows-Security-Auditing,Security,21165,0,"%%1537
				",0x10000,,,,,,,0x1324,,,,,,,,,,,,,C:\Windows\WinSxS\FileMaps\$$_microsoft.net_assembly_gac_msil_system.directoryservices.accountmanagement_v4.0_4.0.0.0_b77a5c561_16c16f8d1da3da7a.cdf-ms,Security,File,,,,0xe2c,C:\Windows\WinSxS\amd64_microsoft-windows-servicingstack_31bf3856ad364e35_10.0.20348.557_none_f1edaeb8515fa10d\TiWorker.exe,,S:AI,,SCAFFOLD,0x3e7,DC$,S-1-5-18,,,,,,,,,,,
2026-09-02T00:12:46.303476Z,4660,dc.scaffold.htb,Microsoft-Windows-Security-Auditing,Security,21166,0,,,,,,,,,0x1324,,,,,,,,,,,,,,Security,,,,,0xe2c,C:\Windows\WinSxS\amd64_microsoft-windows-servicingstack_31bf3856ad364e35_10.0.20348.557_none_f1edaeb8515fa10d\TiWorker.exe,,,,SCAFFOLD,0x3e7,DC$,S-1-5-18,,,,,,,,,2997115E-A661-11F1-9932-005056B98D90,,
2026-09-02T00:12:46.304899Z,4663,dc.scaffold.htb,Microsoft-Windows-Security-Auditing,Security,21167,0,"%%4417
				",0x2,,,,,,,0x150c,,,,,,,,,,,,,C:\Windows\WinSxS\FileMaps,Security,File,,,,0xe2c,C:\Windows\WinSxS\amd64_microsoft-windows-servicingstack_31bf3856ad364e35_10.0.20348.557_none_f1edaeb8515fa10d\TiWorker.exe,,S:AI,,SCAFFOLD,0x3e7,DC$,S-1-5-18,,,,,,,,,,,
2026-09-02T00:12:46.305179Z,4663,dc.scaffold.htb,Microsoft-Windows-Security-Auditing,Security,21168,0,"%%1538
				",0x20000,,,,,,,0x1324,,,,,,,,,,,,,C:\Windows\WinSxS\FileMaps,Security,File,,,,0xe2c,C:\Windows\WinSxS\amd64_microsoft-windows-servicingstack_31bf3856ad364e35_10.0.20348.557_none_f1edaeb8515fa10d\TiWorker.exe,,S:AI,,SCAFFOLD,0x3e7,DC$,S-1-5-18,,,,,,,,,,,
2026-09-02T00:12:46.305322Z,4663,dc.scaffold.htb,Microsoft-Windows-Security-Auditing,Security,21169,0,"%%1538
				",0x20000,,,,,,,0x1324,,,,,,,,,,,,,C:\Windows\WinSxS\FileMaps,Security,File,,,,0xe2c,C:\Windows\WinSxS\amd64_microsoft-windows-servicingstack_31bf3856ad364e35_10.0.20348.557_none_f1edaeb8515fa10d\TiWorker.exe,,S:AI,,SCAFFOLD,0x3e7,DC$,S-1-5-18,,,,,,,,,,,
2026-09-02T00:12:46.306250Z,4663,dc.scaffold.htb,Microsoft-Windows-Security-Auditing,Security,21170,0,"%%1537
				",0x10000,,,,,,,0x1318,,,,,,,,,,,,,C:\Windows\WinSxS\FileMaps\$$_microsoft.net_assembly_gac_msil_system.directoryservices_v4.0_4.0.0.0_b03f5f7f11d50a3a_8d57c15241d35cfa.cdf-ms,Security,File,,,,0xe2c,C:\Windows\WinSxS\amd64_microsoft-windows-servicingstack_31bf3856ad364e35_10.0.20348.557_none_f1edaeb8515fa10d\TiWorker.exe,,S:AI,,SCAFFOLD,0x3e7,DC$,S-1-5-18,,,,,,,,,,,
2026-09-02T00:12:46.306254Z,4660,dc.scaffold.htb,Microsoft-Windows-Security-Auditing,Security,21171,0,,,,,,,,,0x1318,,,,,,,,,,,,,,Security,,,,,0xe2c,C:\Windows\WinSxS\amd64_microsoft-windows-servicingstack_31bf3856ad364e35_10.0.20348.557_none_f1edaeb8515fa10d\TiWorker.exe,,,,SCAFFOLD,0x3e7,DC$,S-1-5-18,,,,,,,,,2997115E-A661-11F1-9932-005056B98D90,,
2026-09-02T00:12:46.308196Z,4663,dc.scaffold.htb,Microsoft-Windows-Security-Auditing,Security,21172,0,"%%4417
				",0x2,,,,,,,0x150c,,,,,,,,,,,,,C:\Windows\WinSxS\FileMaps,Security,File,,,,0xe2c,C:\Windows\WinSxS\amd64_microsoft-windows-servicingstack_31bf3856ad364e35_10.0.20348.557_none_f1edaeb8515fa10d\TiWorker.exe,,S:AI,,SCAFFOLD,0x3e7,DC$,S-1-5-18,,,,,,,,,,,
2026-09-02T00:12:46.308501Z,4663,dc.scaffold.htb,Microsoft-Windows-Security-Auditing,Security,21173,0,"%%1538
				",0x20000,,,,,,,0x1318,,,,,,,,,,,,,C:\Windows\WinSxS\FileMaps,Security,File,,,,0xe2c,C:\Windows\WinSxS\amd64_microsoft-windows-servicingstack_31bf3856ad364e35_10.0.20348.557_none_f1edaeb8515fa10d\TiWorker.exe,,S:AI,,SCAFFOLD,0x3e7,DC$,S-1-5-18,,,,,,,,,,,
2026-09-02T00:12:46.308671Z,4663,dc.scaffold.htb,Microsoft-Windows-Security-Auditing,Security,21174,0,"%%1538
				",0x20000,,,,,,,0x1318,,,,,,,,,,,,,C:\Windows\WinSxS\FileMaps,Security,File,,,,0xe2c,C:\Windows\WinSxS\amd64_microsoft-windows-servicingstack_31bf3856ad364e35_10.0.20348.557_none_f1edaeb8515fa10d\TiWorker.exe,,S:AI,,SCAFFOLD,0x3e7,DC$,S-1-5-18,,,,,,,,,,,
2026-09-02T00:12:46.310139Z,4663,dc.scaffold.htb,Microsoft-Windows-Security-Auditing,Security,21175,0,"%%1537
				",0x10000,,,,,,,0x132c,,,,,,,,,,,,,C:\Windows\WinSxS\FileMaps\$$_microsoft.net_assembly_gac_msil_system.deployment_v4.0_4.0.0.0_b03f5f7f11d50a3a_e63bb68aefb0cd4a.cdf-ms,Security,File,,,,0xe2c,C:\Windows\WinSxS\amd64_microsoft-windows-servicingstack_31bf3856ad364e35_10.0.20348.557_none_f1edaeb8515fa10d\TiWorker.exe,,S:AI,,SCAFFOLD,0x3e7,DC$,S-1-5-18,,,,,,,,,,,
2026-09-02T00:12:46.310143Z,4660,dc.scaffold.htb,Microsoft-Windows-Security-Auditing,Security,21176,0,,,,,,,,,0x132c,,,,,,,,,,,,,,Security,,,,,0xe2c,C:\Windows\WinSxS\amd64_microsoft-windows-servicingstack_31bf3856ad364e35_10.0.20348.557_none_f1edaeb8515fa10d\TiWorker.exe,,,,SCAFFOLD,0x3e7,DC$,S-1-5-18,,,,,,,,,2997115E-A661-11F1-9932-005056B98D90,,
2026-09-02T00:12:46.311555Z,4663,dc.scaffold.htb,Microsoft-Windows-Security-Auditing,Security,21177,0,"%%4417
				",0x2,,,,,,,0x150c,,,,,,,,,,,,,C:\Windows\WinSxS\FileMaps,Security,File,,,,0xe2c,C:\Windows\WinSxS\amd64_microsoft-windows-servicingstack_31bf3856ad364e35_10.0.20348.557_none_f1edaeb8515fa10d\TiWorker.exe,,S:AI,,SCAFFOLD,0x3e7,DC$,S-1-5-18,,,,,,,,,,,
2026-09-02T00:12:46.311843Z,4663,dc.scaffold.htb,Microsoft-Windows-Security-Auditing,Security,21178,0,"%%1538
				",0x20000,,,,,,,0x132c,,,,,,,,,,,,,C:\Windows\WinSxS\FileMaps,Security,File,,,,0xe2c,C:\Windows\WinSxS\amd64_microsoft-windows-servicingstack_31bf3856ad364e35_10.0.20348.557_none_f1edaeb8515fa10d\TiWorker.exe,,S:AI,,SCAFFOLD,0x3e7,DC$,S-1-5-18,,,,,,,,,,,
2026-09-02T00:12:46.312135Z,4663,dc.scaffold.htb,Microsoft-Windows-Security-Auditing,Security,21179,0,"%%1538
				",0x20000,,,,,,,0x132c,,,,,,,,,,,,,C:\Windows\WinSxS\FileMaps,Security,File,,,,0xe2c,C:\Windows\WinSxS\amd64_microsoft-windows-servicingstack_31bf3856ad364e35_10.0.20348.557_none_f1edaeb8515fa10d\TiWorker.exe,,S:AI,,SCAFFOLD,0x3e7,DC$,S-1-5-18,,,,,,,,,,,
2026-09-02T00:12:46.313452Z,4663,dc.scaffold.htb,Microsoft-Windows-Security-Auditing,Security,21180,0,"%%1537
				",0x10000,,,,,,,0x1324,,,,,,,,,,,,,C:\Windows\WinSxS\FileMaps\$$_microsoft.net_assembly_gac_msil_system.data.sqlxml_v4.0_4.0.0.0_b77a5c561934e089_748d37f4caf63460.cdf-ms,Security,File,,,,0xe2c,C:\Windows\WinSxS\amd64_microsoft-windows-servicingstack_31bf3856ad364e35_10.0.20348.557_none_f1edaeb8515fa10d\TiWorker.exe,,S:AI,,SCAFFOLD,0x3e7,DC$,S-1-5-18,,,,,,,,,,,
2026-09-02T00:12:46.313457Z,4660,dc.scaffold.htb,Microsoft-Windows-Security-Auditing,Security,21181,0,,,,,,,,,0x1324,,,,,,,,,,,,,,Security,,,,,0xe2c,C:\Windows\WinSxS\amd64_microsoft-windows-servicingstack_31bf3856ad364e35_10.0.20348.557_none_f1edaeb8515fa10d\TiWorker.exe,,,,SCAFFOLD,0x3e7,DC$,S-1-5-18,,,,,,,,,2997115E-A661-11F1-9932-005056B98D90,,
2026-09-02T00:12:46.315292Z,4663,dc.scaffold.htb,Microsoft-Windows-Security-Auditing,Security,21182,0,"%%4417
				",0x2,,,,,,,0x150c,,,,,,,,,,,,,C:\Windows\WinSxS\FileMaps,Security,File,,,,0xe2c,C:\Windows\WinSxS\amd64_microsoft-windows-servicingstack_31bf3856ad364e35_10.0.20348.557_none_f1edaeb8515fa10d\TiWorker.exe,,S:AI,,SCAFFOLD,0x3e7,DC$,S-1-5-18,,,,,,,,,,,
2026-09-02T00:12:46.315591Z,4663,dc.scaffold.htb,Microsoft-Windows-Security-Auditing,Security,21183,0,"%%1538
				",0x20000,,,,,,,0x1324,,,,,,,,,,,,,C:\Windows\WinSxS\FileMaps,Security,File,,,,0xe2c,C:\Windows\WinSxS\amd64_microsoft-windows-servicingstack_31bf3856ad364e35_10.0.20348.557_none_f1edaeb8515fa10d\TiWorker.exe,,S:AI,,SCAFFOLD,0x3e7,DC$,S-1-5-18,,,,,,,,,,,
2026-09-02T00:12:46.315750Z,4663,dc.scaffold.htb,Microsoft-Windows-Security-Auditing,Security,21184,0,"%%1538
				",0x20000,,,,,,,0x1324,,,,,,,,,,,,,C:\Windows\WinSxS\FileMaps,Security,File,,,,0xe2c,C:\Windows\WinSxS\amd64_microsoft-windows-servicingstack_31bf3856ad364e35_10.0.20348.557_none_f1edaeb8515fa10d\TiWorker.exe,,S:AI,,SCAFFOLD,0x3e7,DC$,S-1-5-18,,,,,,,,,,,
2026-09-02T00:12:46.316067Z,4663,dc.scaffold.htb,Microsoft-Windows-Security-Auditing,Security,21185,0,"%%1537
				",0x10000,,,,,,,0x1318,,,,,,,,,,,,,C:\Windows\WinSxS\FileMaps\$$_microsoft.net_assembly_gac_msil_system.core_v4.0_4.0.0.0_b77a5c561934e089_18d3047bb5729e36.cdf-ms,Security,File,,,,0xe2c,C:\Windows\WinSxS\amd64_microsoft-windows-servicingstack_31bf3856ad364e35_10.0.20348.557_none_f1edaeb8515fa10d\TiWorker.exe,,S:AI,,SCAFFOLD,0x3e7,DC$,S-1-5-18,,,,,,,,,,,
2026-09-02T00:12:46.316107Z,4660,dc.scaffold.htb,Microsoft-Windows-Security-Auditing,Security,21186,0,,,,,,,,,0x1318,,,,,,,,,,,,,,Security,,,,,0xe2c,C:\Windows\WinSxS\amd64_microsoft-windows-servicingstack_31bf3856ad364e35_10.0.20348.557_none_f1edaeb8515fa10d\TiWorker.exe,,,,SCAFFOLD,0x3e7,DC$,S-1-5-18,,,,,,,,,2997115E-A661-11F1-9932-005056B98D90,,
2026-09-02T00:12:46.318542Z,4663,dc.scaffold.htb,Microsoft-Windows-Security-Auditing,Security,21187,0,"%%4417
				",0x2,,,,,,,0x150c,,,,,,,,,,,,,C:\Windows\WinSxS\FileMaps,Security,File,,,,0xe2c,C:\Windows\WinSxS\amd64_microsoft-windows-servicingstack_31bf3856ad364e35_10.0.20348.557_none_f1edaeb8515fa10d\TiWorker.exe,,S:AI,,SCAFFOLD,0x3e7,DC$,S-1-5-18,,,,,,,,,,,
2026-09-02T00:12:46.318824Z,4663,dc.scaffold.htb,Microsoft-Windows-Security-Auditing,Security,21188,0,"%%1538
				",0x20000,,,,,,,0x1318,,,,,,,,,,,,,C:\Windows\WinSxS\FileMaps,Security,File,,,,0xe2c,C:\Windows\WinSxS\amd64_microsoft-windows-servicingstack_31bf3856ad364e35_10.0.20348.557_none_f1edaeb8515fa10d\TiWorker.exe,,S:AI,,SCAFFOLD,0x3e7,DC$,S-1-5-18,,,,,,,,,,,
2026-09-02T00:12:46.318975Z,4663,dc.scaffold.htb,Microsoft-Windows-Security-Auditing,Security,21189,0,"%%1538
				",0x20000,,,,,,,0x1318,,,,,,,,,,,,,C:\Windows\WinSxS\FileMaps,Security,File,,,,0xe2c,C:\Windows\WinSxS\amd64_microsoft-windows-servicingstack_31bf3856ad364e35_10.0.20348.557_none_f1edaeb8515fa10d\TiWorker.exe,,S:AI,,SCAFFOLD,0x3e7,DC$,S-1-5-18,,,,,,,,,,,
2026-09-02T00:12:46.320210Z,4663,dc.scaffold.htb,Microsoft-Windows-Security-Auditing,Security,21190,0,"%%1537
				",0x10000,,,,,,,0x132c,,,,,,,,,,,,,C:\Windows\WinSxS\FileMaps\$$_microsoft.net_assembly_gac_msil_system.activities.presentation_v4.0_4.0.0.0_31bf3856ad364e35_3c5a73e0ef416e18.cdf-ms,Security,File,,,,0xe2c,C:\Windows\WinSxS\amd64_microsoft-windows-servicingstack_31bf3856ad364e35_10.0.20348.557_none_f1edaeb8515fa10d\TiWorker.exe,,S:AI,,SCAFFOLD,0x3e7,DC$,S-1-5-18,,,,,,,,,,,
2026-09-02T00:12:46.320223Z,4660,dc.scaffold.htb,Microsoft-Windows-Security-Auditing,Security,21191,0,,,,,,,,,0x132c,,,,,,,,,,,,,,Security,,,,,0xe2c,C:\Windows\WinSxS\amd64_microsoft-windows-servicingstack_31bf3856ad364e35_10.0.20348.557_none_f1edaeb8515fa10d\TiWorker.exe,,,,SCAFFOLD,0x3e7,DC$,S-1-5-18,,,,,,,,,2997115E-A661-11F1-9932-005056B98D90,,
2026-09-02T00:12:46.324061Z,4663,dc.scaffold.htb,Microsoft-Windows-Security-Auditing,Security,21192,0,"%%4417
				",0x2,,,,,,,0x150c,,,,,,,,,,,,,C:\Windows\WinSxS\FileMaps,Security,File,,,,0xe2c,C:\Windows\WinSxS\amd64_microsoft-windows-servicingstack_31bf3856ad364e35_10.0.20348.557_none_f1edaeb8515fa10d\TiWorker.exe,,S:AI,,SCAFFOLD,0x3e7,DC$,S-1-5-18,,,,,,,,,,,
2026-09-02T00:12:46.324370Z,4663,dc.scaffold.htb,Microsoft-Windows-Security-Auditing,Security,21193,0,"%%1538
				",0x20000,,,,,,,0x132c,,,,,,,,,,,,,C:\Windows\WinSxS\FileMaps,Security,File,,,,0xe2c,C:\Windows\WinSxS\amd64_microsoft-windows-servicingstack_31bf3856ad364e35_10.0.20348.557_none_f1edaeb8515fa10d\TiWorker.exe,,S:AI,,SCAFFOLD,0x3e7,DC$,S-1-5-18,,,,,,,,,,,
2026-09-02T00:12:46.324893Z,4663,dc.scaffold.htb,Microsoft-Windows-Security-Auditing,Security,21194,0,"%%1538
				",0x20000,,,,,,,0x132c,,,,,,,,,,,,,C:\Windows\WinSxS\FileMaps,Security,File,,,,0xe2c,C:\Windows\WinSxS\amd64_microsoft-windows-servicingstack_31bf3856ad364e35_10.0.20348.557_none_f1edaeb8515fa10d\TiWorker.exe,,S:AI,,SCAFFOLD,0x3e7,DC$,S-1-5-18,,,,,,,,,,,
2026-09-02T00:12:46.326416Z,4663,dc.scaffold.htb,Microsoft-Windows-Security-Auditing,Security,21195,0,"%%1537
				",0x10000,,,,,,,0x1324,,,,,,,,,,,,,C:\Windows\WinSxS\FileMaps\$$_microsoft.net_assembly_gac_msil_system.activities_v4.0_4.0.0.0_31bf3856ad364e35_bdef15cb807505c8.cdf-ms,Security,File,,,,0xe2c,C:\Windows\WinSxS\amd64_microsoft-windows-servicingstack_31bf3856ad364e35_10.0.20348.557_none_f1edaeb8515fa10d\TiWorker.exe,,S:AI,,SCAFFOLD,0x3e7,DC$,S-1-5-18,,,,,,,,,,,
2026-09-02T00:12:46.326435Z,4660,dc.scaffold.htb,Microsoft-Windows-Security-Auditing,Security,21196,0,,,,,,,,,0x1324,,,,,,,,,,,,,,Security,,,,,0xe2c,C:\Windows\WinSxS\amd64_microsoft-windows-servicingstack_31bf3856ad364e35_10.0.20348.557_none_f1edaeb8515fa10d\TiWorker.exe,,,,SCAFFOLD,0x3e7,DC$,S-1-5-18,,,,,,,,,2997115E-A661-11F1-9932-005056B98D90,,
2026-09-02T00:12:46.328342Z,4663,dc.scaffold.htb,Microsoft-Windows-Security-Auditing,Security,21197,0,"%%4417
				",0x2,,,,,,,0x150c,,,,,,,,,,,,,C:\Windows\WinSxS\FileMaps,Security,File,,,,0xe2c,C:\Windows\WinSxS\amd64_microsoft-windows-servicingstack_31bf3856ad364e35_10.0.20348.557_none_f1edaeb8515fa10d\TiWorker.exe,,S:AI,,SCAFFOLD,0x3e7,DC$,S-1-5-18,,,,,,,,,,,
2026-09-02T00:12:46.328712Z,4663,dc.scaffold.htb,Microsoft-Windows-Security-Auditing,Security,21198,0,"%%1538
				",0x20000,,,,,,,0x1324,,,,,,,,,,,,,C:\Windows\WinSxS\FileMaps,Security,File,,,,0xe2c,C:\Windows\WinSxS\amd64_microsoft-windows-servicingstack_31bf3856ad364e35_10.0.20348.557_none_f1edaeb8515fa10d\TiWorker.exe,,S:AI,,SCAFFOLD,0x3e7,DC$,S-1-5-18,,,,,,,,,,,
2026-09-02T00:12:46.328883Z,4663,dc.scaffold.htb,Microsoft-Windows-Security-Auditing,Security,21199,0,"%%1538
				",0x20000,,,,,,,0x1324,,,,,,,,,,,,,C:\Windows\WinSxS\FileMaps,Security,File,,,,0xe2c,C:\Windows\WinSxS\amd64_microsoft-windows-servicingstack_31bf3856ad364e35_10.0.20348.557_none_f1edaeb8515fa10d\TiWorker.exe,,S:AI,,SCAFFOLD,0x3e7,DC$,S-1-5-18,,,,,,,,,,,
2026-09-02T00:12:46.329108Z,4663,dc.scaffold.htb,Microsoft-Windows-Security-Auditing,Security,21200,0,"%%1537
				",0x10000,,,,,,,0x1318,,,,,,,,,,,,,C:\Windows\WinSxS\FileMaps\$$_microsoft.net_assembly_gac_msil_system_v4.0_4.0.0.0_b77a5c561934e089_4348a29e5981af79.cdf-ms,Security,File,,,,0xe2c,C:\Windows\WinSxS\amd64_microsoft-windows-servicingstack_31bf3856ad364e35_10.0.20348.557_none_f1edaeb8515fa10d\TiWorker.exe,,S:AI,,SCAFFOLD,0x3e7,DC$,S-1-5-18,,,,,,,,,,,
2026-09-02T00:12:46.329126Z,4660,dc.scaffold.htb,Microsoft-Windows-Security-Auditing,Security,21201,0,,,,,,,,,0x1318,,,,,,,,,,,,,,Security,,,,,0xe2c,C:\Windows\WinSxS\amd64_microsoft-windows-servicingstack_31bf3856ad364e35_10.0.20348.557_none_f1edaeb8515fa10d\TiWorker.exe,,,,SCAFFOLD,0x3e7,DC$,S-1-5-18,,,,,,,,,2997115E-A661-11F1-9932-005056B98D90,,
2026-09-02T00:12:46.331369Z,4663,dc.scaffold.htb,Microsoft-Windows-Security-Auditing,Security,21202,0,"%%4417
				",0x2,,,,,,,0x150c,,,,,,,,,,,,,C:\Windows\WinSxS\FileMaps,Security,File,,,,0xe2c,C:\Windows\WinSxS\amd64_microsoft-windows-servicingstack_31bf3856ad364e35_10.0.20348.557_none_f1edaeb8515fa10d\TiWorker.exe,,S:AI,,SCAFFOLD,0x3e7,DC$,S-1-5-18,,,,,,,,,,,
2026-09-02T00:12:46.331645Z,4663,dc.scaffold.htb,Microsoft-Windows-Security-Auditing,Security,21203,0,"%%1538
				",0x20000,,,,,,,0x1318,,,,,,,,,,,,,C:\Windows\WinSxS\FileMaps,Security,File,,,,0xe2c,C:\Windows\WinSxS\amd64_microsoft-windows-servicingstack_31bf3856ad364e35_10.0.20348.557_none_f1edaeb8515fa10d\TiWorker.exe,,S:AI,,SCAFFOLD,0x3e7,DC$,S-1-5-18,,,,,,,,,,,
2026-09-02T00:12:46.331791Z,4663,dc.scaffold.htb,Microsoft-Windows-Security-Auditing,Security,21204,0,"%%1538
				",0x20000,,,,,,,0x1318,,,,,,,,,,,,,C:\Windows\WinSxS\FileMaps,Security,File,,,,0xe2c,C:\Windows\WinSxS\amd64_microsoft-windows-servicingstack_31bf3856ad364e35_10.0.20348.557_none_f1edaeb8515fa10d\TiWorker.exe,,S:AI,,SCAFFOLD,0x3e7,DC$,S-1-5-18,,,,,,,,,,,
2026-09-02T00:12:46.332717Z,4663,dc.scaffold.htb,Microsoft-Windows-Security-Auditing,Security,21205,0,"%%1537
				",0x10000,,,,,,,0x132c,,,,,,,,,,,,,C:\Windows\WinSxS\FileMaps\$$_microsoft.net_assembly_gac_msil_smdiagnostics_v4.0_4.0.0.0_b77a5c561934e089_8a46d250f4d4a9d0.cdf-ms,Security,File,,,,0xe2c,C:\Windows\WinSxS\amd64_microsoft-windows-servicingstack_31bf3856ad364e35_10.0.20348.557_none_f1edaeb8515fa10d\TiWorker.exe,,S:AI,,SCAFFOLD,0x3e7,DC$,S-1-5-18,,,,,,,,,,,
2026-09-02T00:12:46.332755Z,4660,dc.scaffold.htb,Microsoft-Windows-Security-Auditing,Security,21206,0,,,,,,,,,0x132c,,,,,,,,,,,,,,Security,,,,,0xe2c,C:\Windows\WinSxS\amd64_microsoft-windows-servicingstack_31bf3856ad364e35_10.0.20348.557_none_f1edaeb8515fa10d\TiWorker.exe,,,,SCAFFOLD,0x3e7,DC$,S-1-5-18,,,,,,,,,2997115E-A661-11F1-9932-005056B98D90,,
2026-09-02T00:12:46.335726Z,4663,dc.scaffold.htb,Microsoft-Windows-Security-Auditing,Security,21207,0,"%%4417
				",0x2,,,,,,,0x150c,,,,,,,,,,,,,C:\Windows\WinSxS\FileMaps,Security,File,,,,0xe2c,C:\Windows\WinSxS\amd64_microsoft-windows-servicingstack_31bf3856ad364e35_10.0.20348.557_none_f1edaeb8515fa10d\TiWorker.exe,,S:AI,,SCAFFOLD,0x3e7,DC$,S-1-5-18,,,,,,,,,,,
2026-09-02T00:12:46.336144Z,4663,dc.scaffold.htb,Microsoft-Windows-Security-Auditing,Security,21208,0,"%%1538
				",0x20000,,,,,,,0x132c,,,,,,,,,,,,,C:\Windows\WinSxS\FileMaps,Security,File,,,,0xe2c,C:\Windows\WinSxS\amd64_microsoft-windows-servicingstack_31bf3856ad364e35_10.0.20348.557_none_f1edaeb8515fa10d\TiWorker.exe,,S:AI,,SCAFFOLD,0x3e7,DC$,S-1-5-18,,,,,,,,,,,
2026-09-02T00:12:46.336287Z,4663,dc.scaffold.htb,Microsoft-Windows-Security-Auditing,Security,21209,0,"%%1538
				",0x20000,,,,,,,0x132c,,,,,,,,,,,,,C:\Windows\WinSxS\FileMaps,Security,File,,,,0xe2c,C:\Windows\WinSxS\amd64_microsoft-windows-servicingstack_31bf3856ad364e35_10.0.20348.557_none_f1edaeb8515fa10d\TiWorker.exe,,S:AI,,SCAFFOLD,0x3e7,DC$,S-1-5-18,,,,,,,,,,,
2026-09-02T00:12:46.338169Z,4663,dc.scaffold.htb,Microsoft-Windows-Security-Auditing,Security,21210,0,"%%1537
				",0x10000,,,,,,,0x1324,,,,,,,,,,,,,C:\Windows\WinSxS\FileMaps\$$_microsoft.net_assembly_gac_msil_reachframework_v4.0_4.0.0.0_31bf3856ad364e35_72298e36fcd01f69.cdf-ms,Security,File,,,,0xe2c,C:\Windows\WinSxS\amd64_microsoft-windows-servicingstack_31bf3856ad364e35_10.0.20348.557_none_f1edaeb8515fa10d\TiWorker.exe,,S:AI,,SCAFFOLD,0x3e7,DC$,S-1-5-18,,,,,,,,,,,
2026-09-02T00:12:46.338173Z,4660,dc.scaffold.htb,Microsoft-Windows-Security-Auditing,Security,21211,0,,,,,,,,,0x1324,,,,,,,,,,,,,,Security,,,,,0xe2c,C:\Windows\WinSxS\amd64_microsoft-windows-servicingstack_31bf3856ad364e35_10.0.20348.557_none_f1edaeb8515fa10d\TiWorker.exe,,,,SCAFFOLD,0x3e7,DC$,S-1-5-18,,,,,,,,,2997115E-A661-11F1-9932-005056B98D90,,
2026-09-02T00:12:46.339687Z,4663,dc.scaffold.htb,Microsoft-Windows-Security-Auditing,Security,21212,0,"%%4417
				",0x2,,,,,,,0x150c,,,,,,,,,,,,,C:\Windows\WinSxS\FileMaps,Security,File,,,,0xe2c,C:\Windows\WinSxS\amd64_microsoft-windows-servicingstack_31bf3856ad364e35_10.0.20348.557_none_f1edaeb8515fa10d\TiWorker.exe,,S:AI,,SCAFFOLD,0x3e7,DC$,S-1-5-18,,,,,,,,,,,
2026-09-02T00:12:46.339962Z,4663,dc.scaffold.htb,Microsoft-Windows-Security-Auditing,Security,21213,0,"%%1538
				",0x20000,,,,,,,0x1324,,,,,,,,,,,,,C:\Windows\WinSxS\FileMaps,Security,File,,,,0xe2c,C:\Windows\WinSxS\amd64_microsoft-windows-servicingstack_31bf3856ad364e35_10.0.20348.557_none_f1edaeb8515fa10d\TiWorker.exe,,S:AI,,SCAFFOLD,0x3e7,DC$,S-1-5-18,,,,,,,,,,,
2026-09-02T00:12:46.340109Z,4663,dc.scaffold.htb,Microsoft-Windows-Security-Auditing,Security,21214,0,"%%1538
				",0x20000,,,,,,,0x1324,,,,,,,,,,,,,C:\Windows\WinSxS\FileMaps,Security,File,,,,0xe2c,C:\Windows\WinSxS\amd64_microsoft-windows-servicingstack_31bf3856ad364e35_10.0.20348.557_none_f1edaeb8515fa10d\TiWorker.exe,,S:AI,,SCAFFOLD,0x3e7,DC$,S-1-5-18,,,,,,,,,,,
2026-09-02T00:12:46.340353Z,4663,dc.scaffold.htb,Microsoft-Windows-Security-Auditing,Security,21215,0,"%%1537
				",0x10000,,,,,,,0x1318,,,,,,,,,,,,,C:\Windows\WinSxS\FileMaps\$$_microsoft.net_assembly_gac_msil_presentationframework-systemdata_v4.0_4.0.0.0_b77a5c561934e089_89b90455552a8828.cdf-ms,Security,File,,,,0xe2c,C:\Windows\WinSxS\amd64_microsoft-windows-servicingstack_31bf3856ad364e35_10.0.20348.557_none_f1edaeb8515fa10d\TiWorker.exe,,S:AI,,SCAFFOLD,0x3e7,DC$,S-1-5-18,,,,,,,,,,,
2026-09-02T00:12:46.340396Z,4660,dc.scaffold.htb,Microsoft-Windows-Security-Auditing,Security,21216,0,,,,,,,,,0x1318,,,,,,,,,,,,,,Security,,,,,0xe2c,C:\Windows\WinSxS\amd64_microsoft-windows-servicingstack_31bf3856ad364e35_10.0.20348.557_none_f1edaeb8515fa10d\TiWorker.exe,,,,SCAFFOLD,0x3e7,DC$,S-1-5-18,,,,,,,,,2997115E-A661-11F1-9932-005056B98D90,,
2026-09-02T00:12:46.342576Z,4663,dc.scaffold.htb,Microsoft-Windows-Security-Auditing,Security,21217,0,"%%4417
				",0x2,,,,,,,0x150c,,,,,,,,,,,,,C:\Windows\WinSxS\FileMaps,Security,File,,,,0xe2c,C:\Windows\WinSxS\amd64_microsoft-windows-servicingstack_31bf3856ad364e35_10.0.20348.557_none_f1edaeb8515fa10d\TiWorker.exe,,S:AI,,SCAFFOLD,0x3e7,DC$,S-1-5-18,,,,,,,,,,,
2026-09-02T00:12:46.342892Z,4663,dc.scaffold.htb,Microsoft-Windows-Security-Auditing,Security,21218,0,"%%1538
				",0x20000,,,,,,,0x1318,,,,,,,,,,,,,C:\Windows\WinSxS\FileMaps,Security,File,,,,0xe2c,C:\Windows\WinSxS\amd64_microsoft-windows-servicingstack_31bf3856ad364e35_10.0.20348.557_none_f1edaeb8515fa10d\TiWorker.exe,,S:AI,,SCAFFOLD,0x3e7,DC$,S-1-5-18,,,,,,,,,,,
2026-09-02T00:12:46.343036Z,4663,dc.scaffold.htb,Microsoft-Windows-Security-Auditing,Security,21219,0,"%%1538
				",0x20000,,,,,,,0x1318,,,,,,,,,,,,,C:\Windows\WinSxS\FileMaps,Security,File,,,,0xe2c,C:\Windows\WinSxS\amd64_microsoft-windows-servicingstack_31bf3856ad364e35_10.0.20348.557_none_f1edaeb8515fa10d\TiWorker.exe,,S:AI,,SCAFFOLD,0x3e7,DC$,S-1-5-18,,,,,,,,,,,
2026-09-02T00:12:46.343261Z,4663,dc.scaffold.htb,Microsoft-Windows-Security-Auditing,Security,21220,0,"%%1537
				",0x10000,,,,,,,0x132c,,,,,,,,,,,,,C:\Windows\WinSxS\FileMaps\$$_microsoft.net_assembly_gac_msil_presentationframework_v4.0_4.0.0.0_31bf3856ad364e35_b57a3b1abb4f9cb2.cdf-ms,Security,File,,,,0xe2c,C:\Windows\WinSxS\amd64_microsoft-windows-servicingstack_31bf3856ad364e35_10.0.20348.557_none_f1edaeb8515fa10d\TiWorker.exe,,S:AI,,SCAFFOLD,0x3e7,DC$,S-1-5-18,,,,,,,,,,,
2026-09-02T00:12:46.343264Z,4660,dc.scaffold.htb,Microsoft-Windows-Security-Auditing,Security,21221,0,,,,,,,,,0x132c,,,,,,,,,,,,,,Security,,,,,0xe2c,C:\Windows\WinSxS\amd64_microsoft-windows-servicingstack_31bf3856ad364e35_10.0.20348.557_none_f1edaeb8515fa10d\TiWorker.exe,,,,SCAFFOLD,0x3e7,DC$,S-1-5-18,,,,,,,,,2997115E-A661-11F1-9932-005056B98D90,,
2026-09-02T00:12:46.345697Z,4663,dc.scaffold.htb,Microsoft-Windows-Security-Auditing,Security,21222,0,"%%4417
				",0x2,,,,,,,0x150c,,,,,,,,,,,,,C:\Windows\WinSxS\FileMaps,Security,File,,,,0xe2c,C:\Windows\WinSxS\amd64_microsoft-windows-servicingstack_31bf3856ad364e35_10.0.20348.557_none_f1edaeb8515fa10d\TiWorker.exe,,S:AI,,SCAFFOLD,0x3e7,DC$,S-1-5-18,,,,,,,,,,,
2026-09-02T00:12:46.346047Z,4663,dc.scaffold.htb,Microsoft-Windows-Security-Auditing,Security,21223,0,"%%1538
				",0x20000,,,,,,,0x132c,,,,,,,,,,,,,C:\Windows\WinSxS\FileMaps,Security,File,,,,0xe2c,C:\Windows\WinSxS\amd64_microsoft-windows-servicingstack_31bf3856ad364e35_10.0.20348.557_none_f1edaeb8515fa10d\TiWorker.exe,,S:AI,,SCAFFOLD,0x3e7,DC$,S-1-5-18,,,,,,,,,,,
2026-09-02T00:12:46.346191Z,4663,dc.scaffold.htb,Microsoft-Windows-Security-Auditing,Security,21224,0,"%%1538
				",0x20000,,,,,,,0x132c,,,,,,,,,,,,,C:\Windows\WinSxS\FileMaps,Security,File,,,,0xe2c,C:\Windows\WinSxS\amd64_microsoft-windows-servicingstack_31bf3856ad364e35_10.0.20348.557_none_f1edaeb8515fa10d\TiWorker.exe,,S:AI,,SCAFFOLD,0x3e7,DC$,S-1-5-18,,,,,,,,,,,
2026-09-02T00:12:46.346508Z,4663,dc.scaffold.htb,Microsoft-Windows-Security-Auditing,Security,21225,0,"%%1537
				",0x10000,,,,,,,0x1324,,,,,,,,,,,,,C:\Windows\Microsoft.NET\assembly\GAC_MSIL\PresentationFramework\v4.0_4.0.0.0__31bf3856ad364e35\PresentationFramework.dll,Security,File,,,,0xe2c,C:\Windows\WinSxS\amd64_microsoft-windows-servicingstack_31bf3856ad364e35_10.0.20348.557_none_f1edaeb8515fa10d\TiWorker.exe,,S:AI,,SCAFFOLD,0x3e7,DC$,S-1-5-18,,,,,,,,,,,
2026-09-02T00:12:46.346594Z,4660,dc.scaffold.htb,Microsoft-Windows-Security-Auditing,Security,21226,0,,,,,,,,,0x1324,,,,,,,,,,,,,,Security,,,,,0xe2c,C:\Windows\WinSxS\amd64_microsoft-windows-servicingstack_31bf3856ad364e35_10.0.20348.557_none_f1edaeb8515fa10d\TiWorker.exe,,,,SCAFFOLD,0x3e7,DC$,S-1-5-18,,,,,,,,,2997115E-A661-11F1-9932-005056B98D90,,
2026-09-02T00:12:46.348366Z,4663,dc.scaffold.htb,Microsoft-Windows-Security-Auditing,Security,21227,0,"%%1537
				",0x10000,,,,,,,0x1318,,,,,,,,,,,,,C:\Windows\Microsoft.NET\assembly\GAC_MSIL\PresentationFramework-SystemData\v4.0_4.0.0.0__b77a5c561934e089\PresentationFramework-SystemData.dll,Security,File,,,,0xe2c,C:\Windows\WinSxS\amd64_microsoft-windows-servicingstack_31bf3856ad364e35_10.0.20348.557_none_f1edaeb8515fa10d\TiWorker.exe,,S:AI,,SCAFFOLD,0x3e7,DC$,S-1-5-18,,,,,,,,,,,
2026-09-02T00:12:46.348427Z,4660,dc.scaffold.htb,Microsoft-Windows-Security-Auditing,Security,21228,0,,,,,,,,,0x1318,,,,,,,,,,,,,,Security,,,,,0xe2c,C:\Windows\WinSxS\amd64_microsoft-windows-servicingstack_31bf3856ad364e35_10.0.20348.557_none_f1edaeb8515fa10d\TiWorker.exe,,,,SCAFFOLD,0x3e7,DC$,S-1-5-18,,,,,,,,,2997115E-A661-11F1-9932-005056B98D90,,
2026-09-02T00:12:46.350685Z,4663,dc.scaffold.htb,Microsoft-Windows-Security-Auditing,Security,21229,0,"%%1537
				",0x10000,,,,,,,0x132c,,,,,,,,,,,,,C:\Windows\Microsoft.NET\assembly\GAC_MSIL\ReachFramework\v4.0_4.0.0.0__31bf3856ad364e35\ReachFramework.dll,Security,File,,,,0xe2c,C:\Windows\WinSxS\amd64_microsoft-windows-servicingstack_31bf3856ad364e35_10.0.20348.557_none_f1edaeb8515fa10d\TiWorker.exe,,S:AI,,SCAFFOLD,0x3e7,DC$,S-1-5-18,,,,,,,,,,,
2026-09-02T00:12:46.352684Z,4660,dc.scaffold.htb,Microsoft-Windows-Security-Auditing,Security,21230,0,,,,,,,,,0x132c,,,,,,,,,,,,,,Security,,,,,0xe2c,C:\Windows\WinSxS\amd64_microsoft-windows-servicingstack_31bf3856ad364e35_10.0.20348.557_none_f1edaeb8515fa10d\TiWorker.exe,,,,SCAFFOLD,0x3e7,DC$,S-1-5-18,,,,,,,,,2997115E-A661-11F1-9932-005056B98D90,,
2026-09-02T00:12:46.355832Z,4663,dc.scaffold.htb,Microsoft-Windows-Security-Auditing,Security,21231,0,"%%1537
				",0x10000,,,,,,,0x1324,,,,,,,,,,,,,C:\Windows\Microsoft.NET\assembly\GAC_MSIL\SMDiagnostics\v4.0_4.0.0.0__b77a5c561934e089\SMDiagnostics.dll,Security,File,,,,0xe2c,C:\Windows\WinSxS\amd64_microsoft-windows-servicingstack_31bf3856ad364e35_10.0.20348.557_none_f1edaeb8515fa10d\TiWorker.exe,,S:AI,,SCAFFOLD,0x3e7,DC$,S-1-5-18,,,,,,,,,,,
2026-09-02T00:12:46.355895Z,4660,dc.scaffold.htb,Microsoft-Windows-Security-Auditing,Security,21232,0,,,,,,,,,0x1324,,,,,,,,,,,,,,Security,,,,,0xe2c,C:\Windows\WinSxS\amd64_microsoft-windows-servicingstack_31bf3856ad364e35_10.0.20348.557_none_f1edaeb8515fa10d\TiWorker.exe,,,,SCAFFOLD,0x3e7,DC$,S-1-5-18,,,,,,,,,2997115E-A661-11F1-9932-005056B98D90,,
2026-09-02T00:12:46.358569Z,4663,dc.scaffold.htb,Microsoft-Windows-Security-Auditing,Security,21233,0,"%%1537
				",0x10000,,,,,,,0x1318,,,,,,,,,,,,,C:\Windows\Microsoft.NET\assembly\GAC_MSIL\System\v4.0_4.0.0.0__b77a5c561934e089\System.dll,Security,File,,,,0xe2c,C:\Windows\WinSxS\amd64_microsoft-windows-servicingstack_31bf3856ad364e35_10.0.20348.557_none_f1edaeb8515fa10d\TiWorker.exe,,S:AI,,SCAFFOLD,0x3e7,DC$,S-1-5-18,,,,,,,,,,,
2026-09-02T00:12:46.358652Z,4660,dc.scaffold.htb,Microsoft-Windows-Security-Auditing,Security,21234,0,,,,,,,,,0x1318,,,,,,,,,,,,,,Security,,,,,0xe2c,C:\Windows\WinSxS\amd64_microsoft-windows-servicingstack_31bf3856ad364e35_10.0.20348.557_none_f1edaeb8515fa10d\TiWorker.exe,,,,SCAFFOLD,0x3e7,DC$,S-1-5-18,,,,,,,,,2997115E-A661-11F1-9932-005056B98D90,,
2026-09-02T00:12:46.361131Z,4663,dc.scaffold.htb,Microsoft-Windows-Security-Auditing,Security,21235,0,"%%1537
				",0x10000,,,,,,,0x132c,,,,,,,,,,,,,C:\Windows\Microsoft.NET\assembly\GAC_MSIL\System.Activities\v4.0_4.0.0.0__31bf3856ad364e35\System.Activities.dll,Security,File,,,,0xe2c,C:\Windows\WinSxS\amd64_microsoft-windows-servicingstack_31bf3856ad364e35_10.0.20348.557_none_f1edaeb8515fa10d\TiWorker.exe,,S:AI,,SCAFFOLD,0x3e7,DC$,S-1-5-18,,,,,,,,,,,
2026-09-02T00:12:46.361136Z,4660,dc.scaffold.htb,Microsoft-Windows-Security-Auditing,Security,21236,0,,,,,,,,,0x132c,,,,,,,,,,,,,,Security,,,,,0xe2c,C:\Windows\WinSxS\amd64_microsoft-windows-servicingstack_31bf3856ad364e35_10.0.20348.557_none_f1edaeb8515fa10d\TiWorker.exe,,,,SCAFFOLD,0x3e7,DC$,S-1-5-18,,,,,,,,,2997115E-A661-11F1-9932-005056B98D90,,
2026-09-02T00:12:46.363563Z,4663,dc.scaffold.htb,Microsoft-Windows-Security-Auditing,Security,21237,0,"%%1537
				",0x10000,,,,,,,0x1324,,,,,,,,,,,,,C:\Windows\Microsoft.NET\assembly\GAC_MSIL\System.Activities.Presentation\v4.0_4.0.0.0__31bf3856ad364e35\System.Activities.Presentation.dll,Security,File,,,,0xe2c,C:\Windows\WinSxS\amd64_microsoft-windows-servicingstack_31bf3856ad364e35_10.0.20348.557_none_f1edaeb8515fa10d\TiWorker.exe,,S:AI,,SCAFFOLD,0x3e7,DC$,S-1-5-18,,,,,,,,,,,
2026-09-02T00:12:46.363581Z,4660,dc.scaffold.htb,Microsoft-Windows-Security-Auditing,Security,21238,0,,,,,,,,,0x1324,,,,,,,,,,,,,,Security,,,,,0xe2c,C:\Windows\WinSxS\amd64_microsoft-windows-servicingstack_31bf3856ad364e35_10.0.20348.557_none_f1edaeb8515fa10d\TiWorker.exe,,,,SCAFFOLD,0x3e7,DC$,S-1-5-18,,,,,,,,,2997115E-A661-11F1-9932-005056B98D90,,
2026-09-02T00:12:46.364963Z,4663,dc.scaffold.htb,Microsoft-Windows-Security-Auditing,Security,21239,0,"%%1537
				",0x10000,,,,,,,0x1318,,,,,,,,,,,,,C:\Windows\Microsoft.NET\assembly\GAC_MSIL\System.Core\v4.0_4.0.0.0__b77a5c561934e089\System.Core.dll,Security,File,,,,0xe2c,C:\Windows\WinSxS\amd64_microsoft-windows-servicingstack_31bf3856ad364e35_10.0.20348.557_none_f1edaeb8515fa10d\TiWorker.exe,,S:AI,,SCAFFOLD,0x3e7,DC$,S-1-5-18,,,,,,,,,,,
2026-09-02T00:12:46.364982Z,4660,dc.scaffold.htb,Microsoft-Windows-Security-Auditing,Security,21240,0,,,,,,,,,0x1318,,,,,,,,,,,,,,Security,,,,,0xe2c,C:\Windows\WinSxS\amd64_microsoft-windows-servicingstack_31bf3856ad364e35_10.0.20348.557_none_f1edaeb8515fa10d\TiWorker.exe,,,,SCAFFOLD,0x3e7,DC$,S-1-5-18,,,,,,,,,2997115E-A661-11F1-9932-005056B98D90,,
2026-09-02T00:12:46.367245Z,4663,dc.scaffold.htb,Microsoft-Windows-Security-Auditing,Security,21241,0,"%%1537
				",0x10000,,,,,,,0x132c,,,,,,,,,,,,,C:\Windows\Microsoft.NET\assembly\GAC_MSIL\System.Data.SqlXml\v4.0_4.0.0.0__b77a5c561934e089\System.Data.SqlXml.dll,Security,File,,,,0xe2c,C:\Windows\WinSxS\amd64_microsoft-windows-servicingstack_31bf3856ad364e35_10.0.20348.557_none_f1edaeb8515fa10d\TiWorker.exe,,S:AI,,SCAFFOLD,0x3e7,DC$,S-1-5-18,,,,,,,,,,,
2026-09-02T00:12:46.367257Z,4660,dc.scaffold.htb,Microsoft-Windows-Security-Auditing,Security,21242,0,,,,,,,,,0x132c,,,,,,,,,,,,,,Security,,,,,0xe2c,C:\Windows\WinSxS\amd64_microsoft-windows-servicingstack_31bf3856ad364e35_10.0.20348.557_none_f1edaeb8515fa10d\TiWorker.exe,,,,SCAFFOLD,0x3e7,DC$,S-1-5-18,,,,,,,,,2997115E-A661-11F1-9932-005056B98D90,,
2026-09-02T00:12:46.369713Z,4663,dc.scaffold.htb,Microsoft-Windows-Security-Auditing,Security,21243,0,"%%1537
				",0x10000,,,,,,,0x1324,,,,,,,,,,,,,C:\Windows\Microsoft.NET\assembly\GAC_MSIL\System.Deployment\v4.0_4.0.0.0__b03f5f7f11d50a3a\System.Deployment.dll,Security,File,,,,0xe2c,C:\Windows\WinSxS\amd64_microsoft-windows-servicingstack_31bf3856ad364e35_10.0.20348.557_none_f1edaeb8515fa10d\TiWorker.exe,,S:AI,,SCAFFOLD,0x3e7,DC$,S-1-5-18,,,,,,,,,,,
2026-09-02T00:12:46.369737Z,4660,dc.scaffold.htb,Microsoft-Windows-Security-Auditing,Security,21244,0,,,,,,,,,0x1324,,,,,,,,,,,,,,Security,,,,,0xe2c,C:\Windows\WinSxS\amd64_microsoft-windows-servicingstack_31bf3856ad364e35_10.0.20348.557_none_f1edaeb8515fa10d\TiWorker.exe,,,,SCAFFOLD,0x3e7,DC$,S-1-5-18,,,,,,,,,2997115E-A661-11F1-9932-005056B98D90,,
2026-09-02T00:12:46.372680Z,4663,dc.scaffold.htb,Microsoft-Windows-Security-Auditing,Security,21245,0,"%%1537
				",0x10000,,,,,,,0x1318,,,,,,,,,,,,,C:\Windows\Microsoft.NET\assembly\GAC_MSIL\System.DirectoryServices\v4.0_4.0.0.0__b03f5f7f11d50a3a\System.DirectoryServices.dll,Security,File,,,,0xe2c,C:\Windows\WinSxS\amd64_microsoft-windows-servicingstack_31bf3856ad364e35_10.0.20348.557_none_f1edaeb8515fa10d\TiWorker.exe,,S:AI,,SCAFFOLD,0x3e7,DC$,S-1-5-18,,,,,,,,,,,
2026-09-02T00:12:46.372693Z,4660,dc.scaffold.htb,Microsoft-Windows-Security-Auditing,Security,21246,0,,,,,,,,,0x1318,,,,,,,,,,,,,,Security,,,,,0xe2c,C:\Windows\WinSxS\amd64_microsoft-windows-servicingstack_31bf3856ad364e35_10.0.20348.557_none_f1edaeb8515fa10d\TiWorker.exe,,,,SCAFFOLD,0x3e7,DC$,S-1-5-18,,,,,,,,,2997115E-A661-11F1-9932-005056B98D90,,
2026-09-02T00:12:46.375035Z,4663,dc.scaffold.htb,Microsoft-Windows-Security-Auditing,Security,21247,0,"%%1537
				",0x10000,,,,,,,0x132c,,,,,,,,,,,,,C:\Windows\Microsoft.NET\assembly\GAC_MSIL\System.DirectoryServices.AccountManagement\v4.0_4.0.0.0__b77a5c561934e089\System.DirectoryServices.AccountManagement.dll,Security,File,,,,0xe2c,C:\Windows\WinSxS\amd64_microsoft-windows-servicingstack_31bf3856ad364e35_10.0.20348.557_none_f1edaeb8515fa10d\TiWorker.exe,,S:AI,,SCAFFOLD,0x3e7,DC$,S-1-5-18,,,,,,,,,,,
2026-09-02T00:12:46.375041Z,4660,dc.scaffold.htb,Microsoft-Windows-Security-Auditing,Security,21248,0,,,,,,,,,0x132c,,,,,,,,,,,,,,Security,,,,,0xe2c,C:\Windows\WinSxS\amd64_microsoft-windows-servicingstack_31bf3856ad364e35_10.0.20348.557_none_f1edaeb8515fa10d\TiWorker.exe,,,,SCAFFOLD,0x3e7,DC$,S-1-5-18,,,,,,,,,2997115E-A661-11F1-9932-005056B98D90,,
2026-09-02T00:12:46.377731Z,4663,dc.scaffold.htb,Microsoft-Windows-Security-Auditing,Security,21249,0,"%%1537
				",0x10000,,,,,,,0x1324,,,,,,,,,,,,,C:\Windows\Microsoft.NET\assembly\GAC_MSIL\System.IdentityModel\v4.0_4.0.0.0__b77a5c561934e089\System.IdentityModel.dll,Security,File,,,,0xe2c,C:\Windows\WinSxS\amd64_microsoft-windows-servicingstack_31bf3856ad364e35_10.0.20348.557_none_f1edaeb8515fa10d\TiWorker.exe,,S:AI,,SCAFFOLD,0x3e7,DC$,S-1-5-18,,,,,,,,,,,
2026-09-02T00:12:46.377738Z,4660,dc.scaffold.htb,Microsoft-Windows-Security-Auditing,Security,21250,0,,,,,,,,,0x1324,,,,,,,,,,,,,,Security,,,,,0xe2c,C:\Windows\WinSxS\amd64_microsoft-windows-servicingstack_31bf3856ad364e35_10.0.20348.557_none_f1edaeb8515fa10d\TiWorker.exe,,,,SCAFFOLD,0x3e7,DC$,S-1-5-18,,,,,,,,,2997115E-A661-11F1-9932-005056B98D90,,
2026-09-02T00:12:46.380123Z,4663,dc.scaffold.htb,Microsoft-Windows-Security-Auditing,Security,21251,0,"%%1537
				",0x10000,,,,,,,0x1318,,,,,,,,,,,,,C:\Windows\Microsoft.NET\assembly\GAC_MSIL\System.IdentityModel.Services\v4.0_4.0.0.0__b77a5c561934e089\System.IdentityModel.Services.dll,Security,File,,,,0xe2c,C:\Windows\WinSxS\amd64_microsoft-windows-servicingstack_31bf3856ad364e35_10.0.20348.557_none_f1edaeb8515fa10d\TiWorker.exe,,S:AI,,SCAFFOLD,0x3e7,DC$,S-1-5-18,,,,,,,,,,,
2026-09-02T00:12:46.380155Z,4660,dc.scaffold.htb,Microsoft-Windows-Security-Auditing,Security,21252,0,,,,,,,,,0x1318,,,,,,,,,,,,,,Security,,,,,0xe2c,C:\Windows\WinSxS\amd64_microsoft-windows-servicingstack_31bf3856ad364e35_10.0.20348.557_none_f1edaeb8515fa10d\TiWorker.exe,,,,SCAFFOLD,0x3e7,DC$,S-1-5-18,,,,,,,,,2997115E-A661-11F1-9932-005056B98D90,,
