2026-07-09T06:11:25.000734Z,4663,dc.scaffold.htb,Microsoft-Windows-Security-Auditing,Security,19426,0,"%%1537
				",0x10000,,,,,,,0x74,,,,,,,,,,,,,C:\Windows\WinSxS\FileMaps\$$_syswow64_spp_tokens_pkeyconfig_b2fdf59e46c165ae.cdf-ms,Security,File,,,,0x6fc,C:\Windows\System32\poqexec.exe,,S:AI,,SCAFFOLD,0x3e7,DC$,S-1-5-18,,,,,,,,,,,
2026-07-09T06:11:25.000738Z,4660,dc.scaffold.htb,Microsoft-Windows-Security-Auditing,Security,19427,0,,,,,,,,,0x74,,,,,,,,,,,,,,Security,,,,,0x6fc,C:\Windows\System32\poqexec.exe,,,,SCAFFOLD,0x3e7,DC$,S-1-5-18,,,,,,,,,BBE6D2C0-7B58-11F1-992C-005056B98D90,,
2026-07-09T06:11:25.002321Z,4663,dc.scaffold.htb,Microsoft-Windows-Security-Auditing,Security,19428,0,"%%4417
				",0x2,,,,,,,0x15d4,,,,,,,,,,,,,C:\Windows\WinSxS\FileMaps,Security,File,,,,0x6fc,C:\Windows\System32\poqexec.exe,,S:AI,,SCAFFOLD,0x3e7,DC$,S-1-5-18,,,,,,,,,,,
2026-07-09T06:11:25.002766Z,4663,dc.scaffold.htb,Microsoft-Windows-Security-Auditing,Security,19429,0,"%%1538
				",0x20000,,,,,,,0x70,,,,,,,,,,,,,C:\Windows\WinSxS\FileMaps,Security,File,,,,0x6fc,C:\Windows\System32\poqexec.exe,,S:AI,,SCAFFOLD,0x3e7,DC$,S-1-5-18,,,,,,,,,,,
2026-07-09T06:11:25.002989Z,4663,dc.scaffold.htb,Microsoft-Windows-Security-Auditing,Security,19430,0,"%%1538
				",0x20000,,,,,,,0x70,,,,,,,,,,,,,C:\Windows\WinSxS\FileMaps,Security,File,,,,0x6fc,C:\Windows\System32\poqexec.exe,,S:AI,,SCAFFOLD,0x3e7,DC$,S-1-5-18,,,,,,,,,,,
2026-07-09T06:11:25.006330Z,4663,dc.scaffold.htb,Microsoft-Windows-Security-Auditing,Security,19431,0,"%%4417
				",0x2,,,,,,,0x15d4,,,,,,,,,,,,,C:\Windows\WinSxS\FileMaps,Security,File,,,,0x6fc,C:\Windows\System32\poqexec.exe,,S:AI,,SCAFFOLD,0x3e7,DC$,S-1-5-18,,,,,,,,,,,
2026-07-09T06:11:25.006702Z,4663,dc.scaffold.htb,Microsoft-Windows-Security-Auditing,Security,19432,0,"%%1538
				",0x20000,,,,,,,0x70,,,,,,,,,,,,,C:\Windows\WinSxS\FileMaps,Security,File,,,,0x6fc,C:\Windows\System32\poqexec.exe,,S:AI,,SCAFFOLD,0x3e7,DC$,S-1-5-18,,,,,,,,,,,
2026-07-09T06:11:25.009228Z,4663,dc.scaffold.htb,Microsoft-Windows-Security-Auditing,Security,19433,0,"%%4417
				",0x2,,,,,,,0x15d4,,,,,,,,,,,,,C:\Windows\WinSxS\FileMaps,Security,File,,,,0x6fc,C:\Windows\System32\poqexec.exe,,S:AI,,SCAFFOLD,0x3e7,DC$,S-1-5-18,,,,,,,,,,,
2026-07-09T06:11:25.009626Z,4663,dc.scaffold.htb,Microsoft-Windows-Security-Auditing,Security,19434,0,"%%1538
				",0x20000,,,,,,,0x70,,,,,,,,,,,,,C:\Windows\WinSxS\FileMaps,Security,File,,,,0x6fc,C:\Windows\System32\poqexec.exe,,S:AI,,SCAFFOLD,0x3e7,DC$,S-1-5-18,,,,,,,,,,,
2026-07-09T06:11:25.014343Z,4663,dc.scaffold.htb,Microsoft-Windows-Security-Auditing,Security,19435,0,"%%4417
				",0x2,,,,,,,0x1a98,,,,,,,,,,,,,C:\Windows\WinSxS\FileMaps,Security,File,,,,0x6fc,C:\Windows\System32\poqexec.exe,,S:AI,,SCAFFOLD,0x3e7,DC$,S-1-5-18,,,,,,,,,,,
2026-07-09T06:11:25.014926Z,4663,dc.scaffold.htb,Microsoft-Windows-Security-Auditing,Security,19436,0,"%%1538
				",0x20000,,,,,,,0x78,,,,,,,,,,,,,C:\Windows\WinSxS\FileMaps,Security,File,,,,0x6fc,C:\Windows\System32\poqexec.exe,,S:AI,,SCAFFOLD,0x3e7,DC$,S-1-5-18,,,,,,,,,,,
2026-07-09T06:11:25.016362Z,4663,dc.scaffold.htb,Microsoft-Windows-Security-Auditing,Security,19437,0,"%%1537
				",0x10000,,,,,,,0x70,,,,,,,,,,,,,C:\Windows\WinSxS\FileMaps\$$_syswow64_licenses_neutral_eval_serverstandardeval_d89f7bd5f8541aa7.cdf-ms,Security,File,,,,0x6fc,C:\Windows\System32\poqexec.exe,,S:AI,,SCAFFOLD,0x3e7,DC$,S-1-5-18,,,,,,,,,,,
2026-07-09T06:11:25.016368Z,4660,dc.scaffold.htb,Microsoft-Windows-Security-Auditing,Security,19438,0,,,,,,,,,0x70,,,,,,,,,,,,,,Security,,,,,0x6fc,C:\Windows\System32\poqexec.exe,,,,SCAFFOLD,0x3e7,DC$,S-1-5-18,,,,,,,,,BBE6D2C0-7B58-11F1-992C-005056B98D90,,
2026-07-09T06:11:25.018808Z,4663,dc.scaffold.htb,Microsoft-Windows-Security-Auditing,Security,19439,0,"%%4417
				",0x2,,,,,,,0x15d4,,,,,,,,,,,,,C:\Windows\WinSxS\FileMaps,Security,File,,,,0x6fc,C:\Windows\System32\poqexec.exe,,S:AI,,SCAFFOLD,0x3e7,DC$,S-1-5-18,,,,,,,,,,,
2026-07-09T06:11:25.019215Z,4663,dc.scaffold.htb,Microsoft-Windows-Security-Auditing,Security,19440,0,"%%1538
				",0x20000,,,,,,,0x6c,,,,,,,,,,,,,C:\Windows\WinSxS\FileMaps,Security,File,,,,0x6fc,C:\Windows\System32\poqexec.exe,,S:AI,,SCAFFOLD,0x3e7,DC$,S-1-5-18,,,,,,,,,,,
2026-07-09T06:11:25.021442Z,4663,dc.scaffold.htb,Microsoft-Windows-Security-Auditing,Security,19441,0,"%%4417
				",0x2,,,,,,,0x15d4,,,,,,,,,,,,,C:\Windows\WinSxS\FileMaps,Security,File,,,,0x6fc,C:\Windows\System32\poqexec.exe,,S:AI,,SCAFFOLD,0x3e7,DC$,S-1-5-18,,,,,,,,,,,
2026-07-09T06:11:25.021909Z,4663,dc.scaffold.htb,Microsoft-Windows-Security-Auditing,Security,19442,0,"%%1538
				",0x20000,,,,,,,0x6c,,,,,,,,,,,,,C:\Windows\WinSxS\FileMaps,Security,File,,,,0x6fc,C:\Windows\System32\poqexec.exe,,S:AI,,SCAFFOLD,0x3e7,DC$,S-1-5-18,,,,,,,,,,,
2026-07-09T06:11:25.022484Z,4663,dc.scaffold.htb,Microsoft-Windows-Security-Auditing,Security,19443,0,"%%1537
				",0x10000,,,,,,,0x7c,,,,,,,,,,,,,C:\Windows\WinSxS\FileMaps\$$_syswow64_en-us_9e576ab077991fe8.cdf-ms,Security,File,,,,0x6fc,C:\Windows\System32\poqexec.exe,,S:AI,,SCAFFOLD,0x3e7,DC$,S-1-5-18,,,,,,,,,,,
2026-07-09T06:11:25.022490Z,4660,dc.scaffold.htb,Microsoft-Windows-Security-Auditing,Security,19444,0,,,,,,,,,0x7c,,,,,,,,,,,,,,Security,,,,,0x6fc,C:\Windows\System32\poqexec.exe,,,,SCAFFOLD,0x3e7,DC$,S-1-5-18,,,,,,,,,BBE6D2C0-7B58-11F1-992C-005056B98D90,,
2026-07-09T06:11:25.024111Z,4663,dc.scaffold.htb,Microsoft-Windows-Security-Auditing,Security,19445,0,"%%4417
				",0x2,,,,,,,0x15d4,,,,,,,,,,,,,C:\Windows\WinSxS\FileMaps,Security,File,,,,0x6fc,C:\Windows\System32\poqexec.exe,,S:AI,,SCAFFOLD,0x3e7,DC$,S-1-5-18,,,,,,,,,,,
2026-07-09T06:11:25.024488Z,4663,dc.scaffold.htb,Microsoft-Windows-Security-Auditing,Security,19446,0,"%%1538
				",0x20000,,,,,,,0x6c,,,,,,,,,,,,,C:\Windows\WinSxS\FileMaps,Security,File,,,,0x6fc,C:\Windows\System32\poqexec.exe,,S:AI,,SCAFFOLD,0x3e7,DC$,S-1-5-18,,,,,,,,,,,
2026-07-09T06:11:25.024721Z,4663,dc.scaffold.htb,Microsoft-Windows-Security-Auditing,Security,19447,0,"%%1538
				",0x20000,,,,,,,0x6c,,,,,,,,,,,,,C:\Windows\WinSxS\FileMaps,Security,File,,,,0x6fc,C:\Windows\System32\poqexec.exe,,S:AI,,SCAFFOLD,0x3e7,DC$,S-1-5-18,,,,,,,,,,,
2026-07-09T06:11:25.026150Z,4663,dc.scaffold.htb,Microsoft-Windows-Security-Auditing,Security,19448,0,"%%1537
				",0x10000,,,,,,,0x78,,,,,,,,,,,,,C:\Windows\WinSxS\FileMaps\$$_syswow64_en-us_licenses_45a768f9c2f8cd4a.cdf-ms,Security,File,,,,0x6fc,C:\Windows\System32\poqexec.exe,,S:AI,,SCAFFOLD,0x3e7,DC$,S-1-5-18,,,,,,,,,,,
2026-07-09T06:11:25.026155Z,4660,dc.scaffold.htb,Microsoft-Windows-Security-Auditing,Security,19449,0,,,,,,,,,0x78,,,,,,,,,,,,,,Security,,,,,0x6fc,C:\Windows\System32\poqexec.exe,,,,SCAFFOLD,0x3e7,DC$,S-1-5-18,,,,,,,,,BBE6D2C0-7B58-11F1-992C-005056B98D90,,
2026-07-09T06:11:25.027588Z,4663,dc.scaffold.htb,Microsoft-Windows-Security-Auditing,Security,19450,0,"%%4417
				",0x2,,,,,,,0x15d4,,,,,,,,,,,,,C:\Windows\WinSxS\FileMaps,Security,File,,,,0x6fc,C:\Windows\System32\poqexec.exe,,S:AI,,SCAFFOLD,0x3e7,DC$,S-1-5-18,,,,,,,,,,,
2026-07-09T06:11:25.027984Z,4663,dc.scaffold.htb,Microsoft-Windows-Security-Auditing,Security,19451,0,"%%1538
				",0x20000,,,,,,,0x70,,,,,,,,,,,,,C:\Windows\WinSxS\FileMaps,Security,File,,,,0x6fc,C:\Windows\System32\poqexec.exe,,S:AI,,SCAFFOLD,0x3e7,DC$,S-1-5-18,,,,,,,,,,,
2026-07-09T06:11:25.028220Z,4663,dc.scaffold.htb,Microsoft-Windows-Security-Auditing,Security,19452,0,"%%1538
				",0x20000,,,,,,,0x70,,,,,,,,,,,,,C:\Windows\WinSxS\FileMaps,Security,File,,,,0x6fc,C:\Windows\System32\poqexec.exe,,S:AI,,SCAFFOLD,0x3e7,DC$,S-1-5-18,,,,,,,,,,,
2026-07-09T06:11:25.031267Z,4663,dc.scaffold.htb,Microsoft-Windows-Security-Auditing,Security,19453,0,"%%4417
				",0x2,,,,,,,0x15d4,,,,,,,,,,,,,C:\Windows\WinSxS\FileMaps,Security,File,,,,0x6fc,C:\Windows\System32\poqexec.exe,,S:AI,,SCAFFOLD,0x3e7,DC$,S-1-5-18,,,,,,,,,,,
2026-07-09T06:11:25.031831Z,4663,dc.scaffold.htb,Microsoft-Windows-Security-Auditing,Security,19454,0,"%%1538
				",0x20000,,,,,,,0x6c,,,,,,,,,,,,,C:\Windows\WinSxS\FileMaps,Security,File,,,,0x6fc,C:\Windows\System32\poqexec.exe,,S:AI,,SCAFFOLD,0x3e7,DC$,S-1-5-18,,,,,,,,,,,
2026-07-09T06:11:25.034582Z,4663,dc.scaffold.htb,Microsoft-Windows-Security-Auditing,Security,19455,0,"%%4417
				",0x2,,,,,,,0x15d4,,,,,,,,,,,,,C:\Windows\WinSxS\FileMaps,Security,File,,,,0x6fc,C:\Windows\System32\poqexec.exe,,S:AI,,SCAFFOLD,0x3e7,DC$,S-1-5-18,,,,,,,,,,,
2026-07-09T06:11:25.035024Z,4663,dc.scaffold.htb,Microsoft-Windows-Security-Auditing,Security,19456,0,"%%1538
				",0x20000,,,,,,,0x6c,,,,,,,,,,,,,C:\Windows\WinSxS\FileMaps,Security,File,,,,0x6fc,C:\Windows\System32\poqexec.exe,,S:AI,,SCAFFOLD,0x3e7,DC$,S-1-5-18,,,,,,,,,,,
2026-07-09T06:11:25.036698Z,4663,dc.scaffold.htb,Microsoft-Windows-Security-Auditing,Security,19457,0,"%%1537
				",0x10000,,,,,,,0x70,,,,,,,,,,,,,C:\Windows\WinSxS\FileMaps\$$_syswow64_en-us_licenses_eval_serverstandardeval_06dbc1a58cd6d452.cdf-ms,Security,File,,,,0x6fc,C:\Windows\System32\poqexec.exe,,S:AI,,SCAFFOLD,0x3e7,DC$,S-1-5-18,,,,,,,,,,,
2026-07-09T06:11:25.036702Z,4660,dc.scaffold.htb,Microsoft-Windows-Security-Auditing,Security,19458,0,,,,,,,,,0x70,,,,,,,,,,,,,,Security,,,,,0x6fc,C:\Windows\System32\poqexec.exe,,,,SCAFFOLD,0x3e7,DC$,S-1-5-18,,,,,,,,,BBE6D2C0-7B58-11F1-992C-005056B98D90,,
2026-07-09T06:11:25.038863Z,4663,dc.scaffold.htb,Microsoft-Windows-Security-Auditing,Security,19459,0,"%%4417
				",0x2,,,,,,,0x15d4,,,,,,,,,,,,,C:\Windows\WinSxS\FileMaps,Security,File,,,,0x6fc,C:\Windows\System32\poqexec.exe,,S:AI,,SCAFFOLD,0x3e7,DC$,S-1-5-18,,,,,,,,,,,
2026-07-09T06:11:25.039236Z,4663,dc.scaffold.htb,Microsoft-Windows-Security-Auditing,Security,19460,0,"%%1538
				",0x20000,,,,,,,0x6c,,,,,,,,,,,,,C:\Windows\WinSxS\FileMaps,Security,File,,,,0x6fc,C:\Windows\System32\poqexec.exe,,S:AI,,SCAFFOLD,0x3e7,DC$,S-1-5-18,,,,,,,,,,,
2026-07-09T06:11:25.041431Z,4663,dc.scaffold.htb,Microsoft-Windows-Security-Auditing,Security,19461,0,"%%4417
				",0x2,,,,,,,0x15d4,,,,,,,,,,,,,C:\Windows\WinSxS\FileMaps,Security,File,,,,0x6fc,C:\Windows\System32\poqexec.exe,,S:AI,,SCAFFOLD,0x3e7,DC$,S-1-5-18,,,,,,,,,,,
2026-07-09T06:11:25.041805Z,4663,dc.scaffold.htb,Microsoft-Windows-Security-Auditing,Security,19462,0,"%%1538
				",0x20000,,,,,,,0x6c,,,,,,,,,,,,,C:\Windows\WinSxS\FileMaps,Security,File,,,,0x6fc,C:\Windows\System32\poqexec.exe,,S:AI,,SCAFFOLD,0x3e7,DC$,S-1-5-18,,,,,,,,,,,
2026-07-09T06:11:25.042213Z,4663,dc.scaffold.htb,Microsoft-Windows-Security-Auditing,Security,19463,0,"%%1537
				",0x10000,,,,,,,0x70,,,,,,,,,,,,,C:\Windows\WinSxS\FileMaps\$$_system32_21f9a9c4a2f8b514.cdf-ms,Security,File,,,,0x6fc,C:\Windows\System32\poqexec.exe,,S:AI,,SCAFFOLD,0x3e7,DC$,S-1-5-18,,,,,,,,,,,
2026-07-09T06:11:25.042217Z,4660,dc.scaffold.htb,Microsoft-Windows-Security-Auditing,Security,19464,0,,,,,,,,,0x70,,,,,,,,,,,,,,Security,,,,,0x6fc,C:\Windows\System32\poqexec.exe,,,,SCAFFOLD,0x3e7,DC$,S-1-5-18,,,,,,,,,BBE6D2C0-7B58-11F1-992C-005056B98D90,,
2026-07-09T06:11:25.043866Z,4663,dc.scaffold.htb,Microsoft-Windows-Security-Auditing,Security,19465,0,"%%4417
				",0x2,,,,,,,0x15d4,,,,,,,,,,,,,C:\Windows\WinSxS\FileMaps,Security,File,,,,0x6fc,C:\Windows\System32\poqexec.exe,,S:AI,,SCAFFOLD,0x3e7,DC$,S-1-5-18,,,,,,,,,,,
2026-07-09T06:11:25.044187Z,4663,dc.scaffold.htb,Microsoft-Windows-Security-Auditing,Security,19466,0,"%%1538
				",0x20000,,,,,,,0x6c,,,,,,,,,,,,,C:\Windows\WinSxS\FileMaps,Security,File,,,,0x6fc,C:\Windows\System32\poqexec.exe,,S:AI,,SCAFFOLD,0x3e7,DC$,S-1-5-18,,,,,,,,,,,
2026-07-09T06:11:25.044807Z,4663,dc.scaffold.htb,Microsoft-Windows-Security-Auditing,Security,19467,0,"%%1538
				",0x20000,,,,,,,0x6c,,,,,,,,,,,,,C:\Windows\WinSxS\FileMaps,Security,File,,,,0x6fc,C:\Windows\System32\poqexec.exe,,S:AI,,SCAFFOLD,0x3e7,DC$,S-1-5-18,,,,,,,,,,,
2026-07-09T06:11:25.046226Z,4663,dc.scaffold.htb,Microsoft-Windows-Security-Auditing,Security,19468,0,"%%1537
				",0x10000,,,,,,,0x70,,,,,,,,,,,,,C:\Windows\WinSxS\FileMaps\$$_system32_wlms_06656c47df2f885f.cdf-ms,Security,File,,,,0x6fc,C:\Windows\System32\poqexec.exe,,S:AI,,SCAFFOLD,0x3e7,DC$,S-1-5-18,,,,,,,,,,,
2026-07-09T06:11:25.046230Z,4660,dc.scaffold.htb,Microsoft-Windows-Security-Auditing,Security,19469,0,,,,,,,,,0x70,,,,,,,,,,,,,,Security,,,,,0x6fc,C:\Windows\System32\poqexec.exe,,,,SCAFFOLD,0x3e7,DC$,S-1-5-18,,,,,,,,,BBE6D2C0-7B58-11F1-992C-005056B98D90,,
2026-07-09T06:11:25.047580Z,4663,dc.scaffold.htb,Microsoft-Windows-Security-Auditing,Security,19470,0,"%%1537
				",0x10000,,,,,,,0x70,,,,,,,,,,,,,C:\Windows\WinSxS\FileMaps\$$_system32_wlms_en-us_941fe848405c366f.cdf-ms,Security,File,,,,0x6fc,C:\Windows\System32\poqexec.exe,,S:AI,,SCAFFOLD,0x3e7,DC$,S-1-5-18,,,,,,,,,,,
2026-07-09T06:11:25.047584Z,4660,dc.scaffold.htb,Microsoft-Windows-Security-Auditing,Security,19471,0,,,,,,,,,0x70,,,,,,,,,,,,,,Security,,,,,0x6fc,C:\Windows\System32\poqexec.exe,,,,SCAFFOLD,0x3e7,DC$,S-1-5-18,,,,,,,,,BBE6D2C0-7B58-11F1-992C-005056B98D90,,
2026-07-09T06:11:25.049280Z,4663,dc.scaffold.htb,Microsoft-Windows-Security-Auditing,Security,19472,0,"%%1537
				",0x10000,,,,,,,0x70,,,,,,,,,,,,,C:\Windows\WinSxS\FileMaps\$$_system32_spp_tokens_skus_serverstandardeval_1e4a8fd4a9fe5d2d.cdf-ms,Security,File,,,,0x6fc,C:\Windows\System32\poqexec.exe,,S:AI,,SCAFFOLD,0x3e7,DC$,S-1-5-18,,,,,,,,,,,
2026-07-09T06:11:25.049284Z,4660,dc.scaffold.htb,Microsoft-Windows-Security-Auditing,Security,19473,0,,,,,,,,,0x70,,,,,,,,,,,,,,Security,,,,,0x6fc,C:\Windows\System32\poqexec.exe,,,,SCAFFOLD,0x3e7,DC$,S-1-5-18,,,,,,,,,BBE6D2C0-7B58-11F1-992C-005056B98D90,,
2026-07-09T06:11:25.051618Z,4663,dc.scaffold.htb,Microsoft-Windows-Security-Auditing,Security,19474,0,"%%4417
				",0x2,,,,,,,0x15d4,,,,,,,,,,,,,C:\Windows\WinSxS\FileMaps,Security,File,,,,0x6fc,C:\Windows\System32\poqexec.exe,,S:AI,,SCAFFOLD,0x3e7,DC$,S-1-5-18,,,,,,,,,,,
2026-07-09T06:11:25.051999Z,4663,dc.scaffold.htb,Microsoft-Windows-Security-Auditing,Security,19475,0,"%%1538
				",0x20000,,,,,,,0x6c,,,,,,,,,,,,,C:\Windows\WinSxS\FileMaps,Security,File,,,,0x6fc,C:\Windows\System32\poqexec.exe,,S:AI,,SCAFFOLD,0x3e7,DC$,S-1-5-18,,,,,,,,,,,
2026-07-09T06:11:25.054227Z,4663,dc.scaffold.htb,Microsoft-Windows-Security-Auditing,Security,19476,0,"%%4417
				",0x2,,,,,,,0x15d4,,,,,,,,,,,,,C:\Windows\WinSxS\FileMaps,Security,File,,,,0x6fc,C:\Windows\System32\poqexec.exe,,S:AI,,SCAFFOLD,0x3e7,DC$,S-1-5-18,,,,,,,,,,,
2026-07-09T06:11:25.054604Z,4663,dc.scaffold.htb,Microsoft-Windows-Security-Auditing,Security,19477,0,"%%1538
				",0x20000,,,,,,,0x6c,,,,,,,,,,,,,C:\Windows\WinSxS\FileMaps,Security,File,,,,0x6fc,C:\Windows\System32\poqexec.exe,,S:AI,,SCAFFOLD,0x3e7,DC$,S-1-5-18,,,,,,,,,,,
2026-07-09T06:11:25.058788Z,4663,dc.scaffold.htb,Microsoft-Windows-Security-Auditing,Security,19478,0,"%%1537
				",0x10000,,,,,,,0x70,,,,,,,,,,,,,C:\Windows\WinSxS\FileMaps\$$_system32_spp_tokens_pkeyconfig_d8fc0830c525895a.cdf-ms,Security,File,,,,0x6fc,C:\Windows\System32\poqexec.exe,,S:AI,,SCAFFOLD,0x3e7,DC$,S-1-5-18,,,,,,,,,,,
2026-07-09T06:11:25.058793Z,4660,dc.scaffold.htb,Microsoft-Windows-Security-Auditing,Security,19479,0,,,,,,,,,0x70,,,,,,,,,,,,,,Security,,,,,0x6fc,C:\Windows\System32\poqexec.exe,,,,SCAFFOLD,0x3e7,DC$,S-1-5-18,,,,,,,,,BBE6D2C0-7B58-11F1-992C-005056B98D90,,
2026-07-09T06:11:25.060580Z,4663,dc.scaffold.htb,Microsoft-Windows-Security-Auditing,Security,19480,0,"%%4417
				",0x2,,,,,,,0x15d4,,,,,,,,,,,,,C:\Windows\WinSxS\FileMaps,Security,File,,,,0x6fc,C:\Windows\System32\poqexec.exe,,S:AI,,SCAFFOLD,0x3e7,DC$,S-1-5-18,,,,,,,,,,,
2026-07-09T06:11:25.061042Z,4663,dc.scaffold.htb,Microsoft-Windows-Security-Auditing,Security,19481,0,"%%1538
				",0x20000,,,,,,,0x7c,,,,,,,,,,,,,C:\Windows\WinSxS\FileMaps,Security,File,,,,0x6fc,C:\Windows\System32\poqexec.exe,,S:AI,,SCAFFOLD,0x3e7,DC$,S-1-5-18,,,,,,,,,,,
2026-07-09T06:11:25.061251Z,4663,dc.scaffold.htb,Microsoft-Windows-Security-Auditing,Security,19482,0,"%%1538
				",0x20000,,,,,,,0x7c,,,,,,,,,,,,,C:\Windows\WinSxS\FileMaps,Security,File,,,,0x6fc,C:\Windows\System32\poqexec.exe,,S:AI,,SCAFFOLD,0x3e7,DC$,S-1-5-18,,,,,,,,,,,
2026-07-09T06:11:25.063802Z,4663,dc.scaffold.htb,Microsoft-Windows-Security-Auditing,Security,19483,0,"%%4417
				",0x2,,,,,,,0x15d4,,,,,,,,,,,,,C:\Windows\WinSxS\FileMaps,Security,File,,,,0x6fc,C:\Windows\System32\poqexec.exe,,S:AI,,SCAFFOLD,0x3e7,DC$,S-1-5-18,,,,,,,,,,,
2026-07-09T06:11:25.064219Z,4663,dc.scaffold.htb,Microsoft-Windows-Security-Auditing,Security,19484,0,"%%1538
				",0x20000,,,,,,,0x6c,,,,,,,,,,,,,C:\Windows\WinSxS\FileMaps,Security,File,,,,0x6fc,C:\Windows\System32\poqexec.exe,,S:AI,,SCAFFOLD,0x3e7,DC$,S-1-5-18,,,,,,,,,,,
2026-07-09T06:11:25.067107Z,4663,dc.scaffold.htb,Microsoft-Windows-Security-Auditing,Security,19485,0,"%%4417
				",0x2,,,,,,,0x15d4,,,,,,,,,,,,,C:\Windows\WinSxS\FileMaps,Security,File,,,,0x6fc,C:\Windows\System32\poqexec.exe,,S:AI,,SCAFFOLD,0x3e7,DC$,S-1-5-18,,,,,,,,,,,
2026-07-09T06:11:25.067493Z,4663,dc.scaffold.htb,Microsoft-Windows-Security-Auditing,Security,19486,0,"%%1538
				",0x20000,,,,,,,0x6c,,,,,,,,,,,,,C:\Windows\WinSxS\FileMaps,Security,File,,,,0x6fc,C:\Windows\System32\poqexec.exe,,S:AI,,SCAFFOLD,0x3e7,DC$,S-1-5-18,,,,,,,,,,,
2026-07-09T06:11:25.070014Z,4663,dc.scaffold.htb,Microsoft-Windows-Security-Auditing,Security,19487,0,"%%4417
				",0x2,,,,,,,0x15d4,,,,,,,,,,,,,C:\Windows\WinSxS\FileMaps,Security,File,,,,0x6fc,C:\Windows\System32\poqexec.exe,,S:AI,,SCAFFOLD,0x3e7,DC$,S-1-5-18,,,,,,,,,,,
2026-07-09T06:11:25.070480Z,4663,dc.scaffold.htb,Microsoft-Windows-Security-Auditing,Security,19488,0,"%%1538
				",0x20000,,,,,,,0x6c,,,,,,,,,,,,,C:\Windows\WinSxS\FileMaps,Security,File,,,,0x6fc,C:\Windows\System32\poqexec.exe,,S:AI,,SCAFFOLD,0x3e7,DC$,S-1-5-18,,,,,,,,,,,
2026-07-09T06:11:25.072166Z,4663,dc.scaffold.htb,Microsoft-Windows-Security-Auditing,Security,19489,0,"%%1537
				",0x10000,,,,,,,0x70,,,,,,,,,,,,,C:\Windows\WinSxS\FileMaps\$$_system32_licenses_neutral_eval_serverstandardeval_7b302b0e4628466f.cdf-ms,Security,File,,,,0x6fc,C:\Windows\System32\poqexec.exe,,S:AI,,SCAFFOLD,0x3e7,DC$,S-1-5-18,,,,,,,,,,,
2026-07-09T06:11:25.072172Z,4660,dc.scaffold.htb,Microsoft-Windows-Security-Auditing,Security,19490,0,,,,,,,,,0x70,,,,,,,,,,,,,,Security,,,,,0x6fc,C:\Windows\System32\poqexec.exe,,,,SCAFFOLD,0x3e7,DC$,S-1-5-18,,,,,,,,,BBE6D2C0-7B58-11F1-992C-005056B98D90,,
2026-07-09T06:11:25.075555Z,4663,dc.scaffold.htb,Microsoft-Windows-Security-Auditing,Security,19491,0,"%%4417
				",0x2,,,,,,,0x15d4,,,,,,,,,,,,,C:\Windows\WinSxS\FileMaps,Security,File,,,,0x6fc,C:\Windows\System32\poqexec.exe,,S:AI,,SCAFFOLD,0x3e7,DC$,S-1-5-18,,,,,,,,,,,
2026-07-09T06:11:25.076043Z,4663,dc.scaffold.htb,Microsoft-Windows-Security-Auditing,Security,19492,0,"%%1538
				",0x20000,,,,,,,0x78,,,,,,,,,,,,,C:\Windows\WinSxS\FileMaps,Security,File,,,,0x6fc,C:\Windows\System32\poqexec.exe,,S:AI,,SCAFFOLD,0x3e7,DC$,S-1-5-18,,,,,,,,,,,
2026-07-09T06:11:25.078560Z,4663,dc.scaffold.htb,Microsoft-Windows-Security-Auditing,Security,19493,0,"%%4417
				",0x2,,,,,,,0x18e4,,,,,,,,,,,,,C:\Windows\WinSxS\FileMaps,Security,File,,,,0x6fc,C:\Windows\System32\poqexec.exe,,S:AI,,SCAFFOLD,0x3e7,DC$,S-1-5-18,,,,,,,,,,,
2026-07-09T06:11:25.078969Z,4663,dc.scaffold.htb,Microsoft-Windows-Security-Auditing,Security,19494,0,"%%1538
				",0x20000,,,,,,,0x78,,,,,,,,,,,,,C:\Windows\WinSxS\FileMaps,Security,File,,,,0x6fc,C:\Windows\System32\poqexec.exe,,S:AI,,SCAFFOLD,0x3e7,DC$,S-1-5-18,,,,,,,,,,,
2026-07-09T06:11:25.079384Z,4663,dc.scaffold.htb,Microsoft-Windows-Security-Auditing,Security,19495,0,"%%1537
				",0x10000,,,,,,,0x70,,,,,,,,,,,,,C:\Windows\WinSxS\FileMaps\$$_system32_en-us_429cd25484dc6f94.cdf-ms,Security,File,,,,0x6fc,C:\Windows\System32\poqexec.exe,,S:AI,,SCAFFOLD,0x3e7,DC$,S-1-5-18,,,,,,,,,,,
2026-07-09T06:11:25.079388Z,4660,dc.scaffold.htb,Microsoft-Windows-Security-Auditing,Security,19496,0,,,,,,,,,0x70,,,,,,,,,,,,,,Security,,,,,0x6fc,C:\Windows\System32\poqexec.exe,,,,SCAFFOLD,0x3e7,DC$,S-1-5-18,,,,,,,,,BBE6D2C0-7B58-11F1-992C-005056B98D90,,
2026-07-09T06:11:25.080523Z,4663,dc.scaffold.htb,Microsoft-Windows-Security-Auditing,Security,19497,0,"%%4417
				",0x2,,,,,,,0x18e4,,,,,,,,,,,,,C:\Windows\WinSxS\FileMaps,Security,File,,,,0x6fc,C:\Windows\System32\poqexec.exe,,S:AI,,SCAFFOLD,0x3e7,DC$,S-1-5-18,,,,,,,,,,,
2026-07-09T06:11:25.080875Z,4663,dc.scaffold.htb,Microsoft-Windows-Security-Auditing,Security,19498,0,"%%1538
				",0x20000,,,,,,,0x78,,,,,,,,,,,,,C:\Windows\WinSxS\FileMaps,Security,File,,,,0x6fc,C:\Windows\System32\poqexec.exe,,S:AI,,SCAFFOLD,0x3e7,DC$,S-1-5-18,,,,,,,,,,,
2026-07-09T06:11:25.081069Z,4663,dc.scaffold.htb,Microsoft-Windows-Security-Auditing,Security,19499,0,"%%1538
				",0x20000,,,,,,,0x78,,,,,,,,,,,,,C:\Windows\WinSxS\FileMaps,Security,File,,,,0x6fc,C:\Windows\System32\poqexec.exe,,S:AI,,SCAFFOLD,0x3e7,DC$,S-1-5-18,,,,,,,,,,,
2026-07-09T06:11:25.082161Z,4663,dc.scaffold.htb,Microsoft-Windows-Security-Auditing,Security,19500,0,"%%1537
				",0x10000,,,,,,,0x70,,,,,,,,,,,,,C:\Windows\WinSxS\FileMaps\$$_system32_en-us_licenses_205e682c4ad0fe50.cdf-ms,Security,File,,,,0x6fc,C:\Windows\System32\poqexec.exe,,S:AI,,SCAFFOLD,0x3e7,DC$,S-1-5-18,,,,,,,,,,,
2026-07-09T06:11:25.082166Z,4660,dc.scaffold.htb,Microsoft-Windows-Security-Auditing,Security,19501,0,,,,,,,,,0x70,,,,,,,,,,,,,,Security,,,,,0x6fc,C:\Windows\System32\poqexec.exe,,,,SCAFFOLD,0x3e7,DC$,S-1-5-18,,,,,,,,,BBE6D2C0-7B58-11F1-992C-005056B98D90,,
2026-07-09T06:11:25.083494Z,4663,dc.scaffold.htb,Microsoft-Windows-Security-Auditing,Security,19502,0,"%%4417
				",0x2,,,,,,,0x18e4,,,,,,,,,,,,,C:\Windows\WinSxS\FileMaps,Security,File,,,,0x6fc,C:\Windows\System32\poqexec.exe,,S:AI,,SCAFFOLD,0x3e7,DC$,S-1-5-18,,,,,,,,,,,
2026-07-09T06:11:25.083818Z,4663,dc.scaffold.htb,Microsoft-Windows-Security-Auditing,Security,19503,0,"%%1538
				",0x20000,,,,,,,0x78,,,,,,,,,,,,,C:\Windows\WinSxS\FileMaps,Security,File,,,,0x6fc,C:\Windows\System32\poqexec.exe,,S:AI,,SCAFFOLD,0x3e7,DC$,S-1-5-18,,,,,,,,,,,
2026-07-09T06:11:25.084035Z,4663,dc.scaffold.htb,Microsoft-Windows-Security-Auditing,Security,19504,0,"%%1538
				",0x20000,,,,,,,0x78,,,,,,,,,,,,,C:\Windows\WinSxS\FileMaps,Security,File,,,,0x6fc,C:\Windows\System32\poqexec.exe,,S:AI,,SCAFFOLD,0x3e7,DC$,S-1-5-18,,,,,,,,,,,
2026-07-09T06:11:25.086644Z,4663,dc.scaffold.htb,Microsoft-Windows-Security-Auditing,Security,19505,0,"%%4417
				",0x2,,,,,,,0x18e4,,,,,,,,,,,,,C:\Windows\WinSxS\FileMaps,Security,File,,,,0x6fc,C:\Windows\System32\poqexec.exe,,S:AI,,SCAFFOLD,0x3e7,DC$,S-1-5-18,,,,,,,,,,,
2026-07-09T06:11:25.087091Z,4663,dc.scaffold.htb,Microsoft-Windows-Security-Auditing,Security,19506,0,"%%1538
				",0x20000,,,,,,,0x78,,,,,,,,,,,,,C:\Windows\WinSxS\FileMaps,Security,File,,,,0x6fc,C:\Windows\System32\poqexec.exe,,S:AI,,SCAFFOLD,0x3e7,DC$,S-1-5-18,,,,,,,,,,,
2026-07-09T06:11:25.089331Z,4663,dc.scaffold.htb,Microsoft-Windows-Security-Auditing,Security,19507,0,"%%4417
				",0x2,,,,,,,0x18e4,,,,,,,,,,,,,C:\Windows\WinSxS\FileMaps,Security,File,,,,0x6fc,C:\Windows\System32\poqexec.exe,,S:AI,,SCAFFOLD,0x3e7,DC$,S-1-5-18,,,,,,,,,,,
2026-07-09T06:11:25.089727Z,4663,dc.scaffold.htb,Microsoft-Windows-Security-Auditing,Security,19508,0,"%%1538
				",0x20000,,,,,,,0x78,,,,,,,,,,,,,C:\Windows\WinSxS\FileMaps,Security,File,,,,0x6fc,C:\Windows\System32\poqexec.exe,,S:AI,,SCAFFOLD,0x3e7,DC$,S-1-5-18,,,,,,,,,,,
2026-07-09T06:11:25.092244Z,4663,dc.scaffold.htb,Microsoft-Windows-Security-Auditing,Security,19509,0,"%%1537
				",0x10000,,,,,,,0x70,,,,,,,,,,,,,C:\Windows\WinSxS\FileMaps\$$_system32_en-us_licenses_eval_serverstandardeval_65853d050d571c58.cdf-ms,Security,File,,,,0x6fc,C:\Windows\System32\poqexec.exe,,S:AI,,SCAFFOLD,0x3e7,DC$,S-1-5-18,,,,,,,,,,,
2026-07-09T06:11:25.092271Z,4660,dc.scaffold.htb,Microsoft-Windows-Security-Auditing,Security,19510,0,,,,,,,,,0x70,,,,,,,,,,,,,,Security,,,,,0x6fc,C:\Windows\System32\poqexec.exe,,,,SCAFFOLD,0x3e7,DC$,S-1-5-18,,,,,,,,,BBE6D2C0-7B58-11F1-992C-005056B98D90,,
2026-07-09T06:11:25.096007Z,4663,dc.scaffold.htb,Microsoft-Windows-Security-Auditing,Security,19511,0,"%%4417
				",0x2,,,,,,,0x18e4,,,,,,,,,,,,,C:\Windows\WinSxS\FileMaps,Security,File,,,,0x6fc,C:\Windows\System32\poqexec.exe,,S:AI,,SCAFFOLD,0x3e7,DC$,S-1-5-18,,,,,,,,,,,
2026-07-09T06:11:25.096422Z,4663,dc.scaffold.htb,Microsoft-Windows-Security-Auditing,Security,19512,0,"%%1538
				",0x20000,,,,,,,0x78,,,,,,,,,,,,,C:\Windows\WinSxS\FileMaps,Security,File,,,,0x6fc,C:\Windows\System32\poqexec.exe,,S:AI,,SCAFFOLD,0x3e7,DC$,S-1-5-18,,,,,,,,,,,
2026-07-09T06:11:25.099219Z,4663,dc.scaffold.htb,Microsoft-Windows-Security-Auditing,Security,19513,0,"%%4417
				",0x2,,,,,,,0x18e4,,,,,,,,,,,,,C:\Windows\WinSxS\FileMaps,Security,File,,,,0x6fc,C:\Windows\System32\poqexec.exe,,S:AI,,SCAFFOLD,0x3e7,DC$,S-1-5-18,,,,,,,,,,,
2026-07-09T06:11:25.099644Z,4663,dc.scaffold.htb,Microsoft-Windows-Security-Auditing,Security,19514,0,"%%1538
				",0x20000,,,,,,,0x78,,,,,,,,,,,,,C:\Windows\WinSxS\FileMaps,Security,File,,,,0x6fc,C:\Windows\System32\poqexec.exe,,S:AI,,SCAFFOLD,0x3e7,DC$,S-1-5-18,,,,,,,,,,,
2026-07-09T06:11:25.100924Z,4663,dc.scaffold.htb,Microsoft-Windows-Security-Auditing,Security,19515,0,"%%1537
				",0x10000,,,,,,,0x70,,,,,,,,,,,,,C:\Windows\WinSxS\FileMaps\$$_servicing_fc2045b9046cc796.cdf-ms,Security,File,,,,0x6fc,C:\Windows\System32\poqexec.exe,,S:AI,,SCAFFOLD,0x3e7,DC$,S-1-5-18,,,,,,,,,,,
2026-07-09T06:11:25.100929Z,4660,dc.scaffold.htb,Microsoft-Windows-Security-Auditing,Security,19516,0,,,,,,,,,0x70,,,,,,,,,,,,,,Security,,,,,0x6fc,C:\Windows\System32\poqexec.exe,,,,SCAFFOLD,0x3e7,DC$,S-1-5-18,,,,,,,,,BBE6D2C0-7B58-11F1-992C-005056B98D90,,
2026-07-09T06:11:25.101991Z,4663,dc.scaffold.htb,Microsoft-Windows-Security-Auditing,Security,19517,0,"%%4417
				",0x2,,,,,,,0x18e4,,,,,,,,,,,,,C:\Windows\WinSxS\FileMaps,Security,File,,,,0x6fc,C:\Windows\System32\poqexec.exe,,S:AI,,SCAFFOLD,0x3e7,DC$,S-1-5-18,,,,,,,,,,,
2026-07-09T06:11:25.102477Z,4663,dc.scaffold.htb,Microsoft-Windows-Security-Auditing,Security,19518,0,"%%1538
				",0x20000,,,,,,,0x78,,,,,,,,,,,,,C:\Windows\WinSxS\FileMaps,Security,File,,,,0x6fc,C:\Windows\System32\poqexec.exe,,S:AI,,SCAFFOLD,0x3e7,DC$,S-1-5-18,,,,,,,,,,,
2026-07-09T06:11:25.102700Z,4663,dc.scaffold.htb,Microsoft-Windows-Security-Auditing,Security,19519,0,"%%1538
				",0x20000,,,,,,,0x78,,,,,,,,,,,,,C:\Windows\WinSxS\FileMaps,Security,File,,,,0x6fc,C:\Windows\System32\poqexec.exe,,S:AI,,SCAFFOLD,0x3e7,DC$,S-1-5-18,,,,,,,,,,,
2026-07-09T06:11:25.104641Z,4663,dc.scaffold.htb,Microsoft-Windows-Security-Auditing,Security,19520,0,"%%1537
				",0x10000,,,,,,,0x74,,,,,,,,,,,,,C:\Windows\WinSxS\FileMaps\$$_servicing_editions_596ea20ddafb9f7d.cdf-ms,Security,File,,,,0x6fc,C:\Windows\System32\poqexec.exe,,S:AI,,SCAFFOLD,0x3e7,DC$,S-1-5-18,,,,,,,,,,,
2026-07-09T06:11:25.104685Z,4660,dc.scaffold.htb,Microsoft-Windows-Security-Auditing,Security,19521,0,,,,,,,,,0x74,,,,,,,,,,,,,,Security,,,,,0x6fc,C:\Windows\System32\poqexec.exe,,,,SCAFFOLD,0x3e7,DC$,S-1-5-18,,,,,,,,,BBE6D2C0-7B58-11F1-992C-005056B98D90,,
2026-07-09T06:11:25.105760Z,4663,dc.scaffold.htb,Microsoft-Windows-Security-Auditing,Security,19522,0,"%%4417
				",0x2,,,,,,,0x18e4,,,,,,,,,,,,,C:\Windows\WinSxS\FileMaps,Security,File,,,,0x6fc,C:\Windows\System32\poqexec.exe,,S:AI,,SCAFFOLD,0x3e7,DC$,S-1-5-18,,,,,,,,,,,
2026-07-09T06:11:25.106194Z,4663,dc.scaffold.htb,Microsoft-Windows-Security-Auditing,Security,19523,0,"%%1538
				",0x20000,,,,,,,0x70,,,,,,,,,,,,,C:\Windows\WinSxS\FileMaps,Security,File,,,,0x6fc,C:\Windows\System32\poqexec.exe,,S:AI,,SCAFFOLD,0x3e7,DC$,S-1-5-18,,,,,,,,,,,
2026-07-09T06:11:25.106451Z,4663,dc.scaffold.htb,Microsoft-Windows-Security-Auditing,Security,19524,0,"%%1538
				",0x20000,,,,,,,0x70,,,,,,,,,,,,,C:\Windows\WinSxS\FileMaps,Security,File,,,,0x6fc,C:\Windows\System32\poqexec.exe,,S:AI,,SCAFFOLD,0x3e7,DC$,S-1-5-18,,,,,,,,,,,
2026-07-09T06:11:25.107871Z,4663,dc.scaffold.htb,Microsoft-Windows-Security-Auditing,Security,19525,0,"%%1537
				",0x10000,,,,,,,0x74,,,,,,,,,,,,,C:\Windows\WinSxS\FileMaps\programdata.cdf-ms,Security,File,,,,0x6fc,C:\Windows\System32\poqexec.exe,,S:AI,,SCAFFOLD,0x3e7,DC$,S-1-5-18,,,,,,,,,,,
2026-07-09T06:11:25.107893Z,4660,dc.scaffold.htb,Microsoft-Windows-Security-Auditing,Security,19526,0,,,,,,,,,0x74,,,,,,,,,,,,,,Security,,,,,0x6fc,C:\Windows\System32\poqexec.exe,,,,SCAFFOLD,0x3e7,DC$,S-1-5-18,,,,,,,,,BBE6D2C0-7B58-11F1-992C-005056B98D90,,
2026-07-09T06:11:25.109180Z,4663,dc.scaffold.htb,Microsoft-Windows-Security-Auditing,Security,19527,0,"%%4417
				",0x2,,,,,,,0x18e4,,,,,,,,,,,,,C:\Windows\WinSxS\FileMaps,Security,File,,,,0x6fc,C:\Windows\System32\poqexec.exe,,S:AI,,SCAFFOLD,0x3e7,DC$,S-1-5-18,,,,,,,,,,,
2026-07-09T06:11:25.109498Z,4663,dc.scaffold.htb,Microsoft-Windows-Security-Auditing,Security,19528,0,"%%1538
				",0x20000,,,,,,,0x74,,,,,,,,,,,,,C:\Windows\WinSxS\FileMaps,Security,File,,,,0x6fc,C:\Windows\System32\poqexec.exe,,S:AI,,SCAFFOLD,0x3e7,DC$,S-1-5-18,,,,,,,,,,,
2026-07-09T06:11:25.109723Z,4663,dc.scaffold.htb,Microsoft-Windows-Security-Auditing,Security,19529,0,"%%1538
				",0x20000,,,,,,,0x74,,,,,,,,,,,,,C:\Windows\WinSxS\FileMaps,Security,File,,,,0x6fc,C:\Windows\System32\poqexec.exe,,S:AI,,SCAFFOLD,0x3e7,DC$,S-1-5-18,,,,,,,,,,,
2026-07-09T06:11:25.111227Z,4663,dc.scaffold.htb,Microsoft-Windows-Security-Auditing,Security,19530,0,"%%1537
				",0x10000,,,,,,,0x70,,,,,,,,,,,,,C:\Windows\WinSxS\FileMaps\programdata_regid.1991-06.com.microsoft_51d60bf7e29fdcc5.cdf-ms,Security,File,,,,0x6fc,C:\Windows\System32\poqexec.exe,,S:AI,,SCAFFOLD,0x3e7,DC$,S-1-5-18,,,,,,,,,,,
2026-07-09T06:11:25.111232Z,4660,dc.scaffold.htb,Microsoft-Windows-Security-Auditing,Security,19531,0,,,,,,,,,0x70,,,,,,,,,,,,,,Security,,,,,0x6fc,C:\Windows\System32\poqexec.exe,,,,SCAFFOLD,0x3e7,DC$,S-1-5-18,,,,,,,,,BBE6D2C0-7B58-11F1-992C-005056B98D90,,
2026-07-09T06:11:25.114938Z,4663,dc.scaffold.htb,Microsoft-Windows-Security-Auditing,Security,19532,0,"%%4417
				",0x2,,,,,,,0x18e4,,,,,,,,,,,,,C:\Windows\WinSxS\FileMaps,Security,File,,,,0x6fc,C:\Windows\System32\poqexec.exe,,S:AI,,SCAFFOLD,0x3e7,DC$,S-1-5-18,,,,,,,,,,,
2026-07-09T06:11:25.115301Z,4663,dc.scaffold.htb,Microsoft-Windows-Security-Auditing,Security,19533,0,"%%1538
				",0x20000,,,,,,,0x74,,,,,,,,,,,,,C:\Windows\WinSxS\FileMaps,Security,File,,,,0x6fc,C:\Windows\System32\poqexec.exe,,S:AI,,SCAFFOLD,0x3e7,DC$,S-1-5-18,,,,,,,,,,,
2026-07-09T06:11:25.115575Z,4663,dc.scaffold.htb,Microsoft-Windows-Security-Auditing,Security,19534,0,"%%1538
				",0x20000,,,,,,,0x74,,,,,,,,,,,,,C:\Windows\WinSxS\FileMaps,Security,File,,,,0x6fc,C:\Windows\System32\poqexec.exe,,S:AI,,SCAFFOLD,0x3e7,DC$,S-1-5-18,,,,,,,,,,,
2026-07-09T06:11:25.117788Z,4663,dc.scaffold.htb,Microsoft-Windows-Security-Auditing,Security,19535,0,"%%1537
				",0x10000,,,,,,,0x70,,,,,,,,,,,,,C:\Windows\servicing\Editions\EditionMappings.xml,Security,File,,,,0x6fc,C:\Windows\System32\poqexec.exe,,S:AI,,SCAFFOLD,0x3e7,DC$,S-1-5-18,,,,,,,,,,,
2026-07-09T06:11:25.118659Z,4660,dc.scaffold.htb,Microsoft-Windows-Security-Auditing,Security,19536,0,,,,,,,,,0x70,,,,,,,,,,,,,,Security,,,,,0x6fc,C:\Windows\System32\poqexec.exe,,,,SCAFFOLD,0x3e7,DC$,S-1-5-18,,,,,,,,,BBE6D2C0-7B58-11F1-992C-005056B98D90,,
2026-07-09T06:11:25.121195Z,4663,dc.scaffold.htb,Microsoft-Windows-Security-Auditing,Security,19537,0,"%%1537
				",0x10000,,,,,,,0x70,,,,,,,,,,,,,C:\Windows\servicing\Editions\EditionMatrix.xml,Security,File,,,,0x6fc,C:\Windows\System32\poqexec.exe,,S:AI,,SCAFFOLD,0x3e7,DC$,S-1-5-18,,,,,,,,,,,
2026-07-09T06:11:25.121199Z,4660,dc.scaffold.htb,Microsoft-Windows-Security-Auditing,Security,19538,0,,,,,,,,,0x70,,,,,,,,,,,,,,Security,,,,,0x6fc,C:\Windows\System32\poqexec.exe,,,,SCAFFOLD,0x3e7,DC$,S-1-5-18,,,,,,,,,BBE6D2C0-7B58-11F1-992C-005056B98D90,,
2026-07-09T06:11:25.124662Z,4663,dc.scaffold.htb,Microsoft-Windows-Security-Auditing,Security,19539,0,"%%1537
				",0x10000,,,,,,,0x74,,,,,,,,,,,,,C:\Windows\servicing\Editions\ServerDatacenterEdition.xml,Security,File,,,,0x6fc,C:\Windows\System32\poqexec.exe,,S:AI,,SCAFFOLD,0x3e7,DC$,S-1-5-18,,,,,,,,,,,
2026-07-09T06:11:25.124700Z,4660,dc.scaffold.htb,Microsoft-Windows-Security-Auditing,Security,19540,0,,,,,,,,,0x74,,,,,,,,,,,,,,Security,,,,,0x6fc,C:\Windows\System32\poqexec.exe,,,,SCAFFOLD,0x3e7,DC$,S-1-5-18,,,,,,,,,BBE6D2C0-7B58-11F1-992C-005056B98D90,,
2026-07-09T06:11:25.127253Z,4663,dc.scaffold.htb,Microsoft-Windows-Security-Auditing,Security,19541,0,"%%1537
				",0x10000,,,,,,,0x74,,,,,,,,,,,,,C:\Windows\servicing\Editions\ServerStandardEdition.xml,Security,File,,,,0x6fc,C:\Windows\System32\poqexec.exe,,S:AI,,SCAFFOLD,0x3e7,DC$,S-1-5-18,,,,,,,,,,,
2026-07-09T06:11:25.127258Z,4660,dc.scaffold.htb,Microsoft-Windows-Security-Auditing,Security,19542,0,,,,,,,,,0x74,,,,,,,,,,,,,,Security,,,,,0x6fc,C:\Windows\System32\poqexec.exe,,,,SCAFFOLD,0x3e7,DC$,S-1-5-18,,,,,,,,,BBE6D2C0-7B58-11F1-992C-005056B98D90,,
2026-07-09T06:11:25.130102Z,4663,dc.scaffold.htb,Microsoft-Windows-Security-Auditing,Security,19543,0,"%%1537
				",0x10000,,,,,,,0x74,,,,,,,,,,,,,C:\Windows\servicing\Editions\ServerStandardEvalEdition.xml,Security,File,,,,0x6fc,C:\Windows\System32\poqexec.exe,,S:AI,,SCAFFOLD,0x3e7,DC$,S-1-5-18,,,,,,,,,,,
2026-07-09T06:11:25.130108Z,4660,dc.scaffold.htb,Microsoft-Windows-Security-Auditing,Security,19544,0,,,,,,,,,0x74,,,,,,,,,,,,,,Security,,,,,0x6fc,C:\Windows\System32\poqexec.exe,,,,SCAFFOLD,0x3e7,DC$,S-1-5-18,,,,,,,,,BBE6D2C0-7B58-11F1-992C-005056B98D90,,
2026-07-09T06:11:25.131392Z,4663,dc.scaffold.htb,Microsoft-Windows-Security-Auditing,Security,19545,0,"%%1537
				",0x10000,,,,,,,0x74,,,,,,,,,,,,,C:\Windows\servicing\Editions\UpgradeMatrix.xml,Security,File,,,,0x6fc,C:\Windows\System32\poqexec.exe,,S:AI,,SCAFFOLD,0x3e7,DC$,S-1-5-18,,,,,,,,,,,
2026-07-09T06:11:25.131397Z,4660,dc.scaffold.htb,Microsoft-Windows-Security-Auditing,Security,19546,0,,,,,,,,,0x74,,,,,,,,,,,,,,Security,,,,,0x6fc,C:\Windows\System32\poqexec.exe,,,,SCAFFOLD,0x3e7,DC$,S-1-5-18,,,,,,,,,BBE6D2C0-7B58-11F1-992C-005056B98D90,,
2026-07-09T06:11:25.144570Z,4663,dc.scaffold.htb,Microsoft-Windows-Security-Auditing,Security,19547,0,"%%1537
				",0x10000,,,,,,,0x74,,,,,,,,,,,,,C:\Windows\System32\en-US\Licenses\Eval\ServerStandardEval\license.rtf,Security,File,,,,0x6fc,C:\Windows\System32\poqexec.exe,,S:AI,,SCAFFOLD,0x3e7,DC$,S-1-5-18,,,,,,,,,,,
2026-07-09T06:11:25.145757Z,4660,dc.scaffold.htb,Microsoft-Windows-Security-Auditing,Security,19548,0,,,,,,,,,0x74,,,,,,,,,,,,,,Security,,,,,0x6fc,C:\Windows\System32\poqexec.exe,,,,SCAFFOLD,0x3e7,DC$,S-1-5-18,,,,,,,,,BBE6D2C0-7B58-11F1-992C-005056B98D90,,
2026-07-09T06:11:25.166838Z,4663,dc.scaffold.htb,Microsoft-Windows-Security-Auditing,Security,19549,0,"%%1537
				",0x10000,,,,,,,0x90,,,,,,,,,,,,,C:\Windows\System32\Licenses\neutral\Eval\ServerStandardEval\license.rtf,Security,File,,,,0x6fc,C:\Windows\System32\poqexec.exe,,S:AI,,SCAFFOLD,0x3e7,DC$,S-1-5-18,,,,,,,,,,,
2026-07-09T06:11:25.168361Z,4660,dc.scaffold.htb,Microsoft-Windows-Security-Auditing,Security,19550,0,,,,,,,,,0x90,,,,,,,,,,,,,,Security,,,,,0x6fc,C:\Windows\System32\poqexec.exe,,,,SCAFFOLD,0x3e7,DC$,S-1-5-18,,,,,,,,,BBE6D2C0-7B58-11F1-992C-005056B98D90,,
2026-07-09T06:11:25.189305Z,4664,dc.scaffold.htb,Microsoft-Windows-Security-Auditing,Security,19551,0,,,,,,,C:\Windows\WinSxS\amd64_microsoft-windows-s..ent-legacy-licenses_31bf3856ad364e35_10.0.20348.1_none_060f3d8ca6a8d9e8\rac-generic-public.xrm-ms,,,,,,,C:\Windows\System32\spp\tokens\legacy\rac-generic-public.xrm-ms,,,,,,,,,,,,,,,,,,,SCAFFOLD,0x3e7,DC$,S-1-5-18,,,,,,,,,BBE6D2C0-7B58-11F1-992C-005056B98D90,,
2026-07-09T06:11:25.189720Z,4663,dc.scaffold.htb,Microsoft-Windows-Security-Auditing,Security,19552,0,"%%1539
				%%1540
				",0xc0000,,,,,,,0x74,,,,,,,,,,,,,C:\Windows\System32\spp\tokens\legacy\rac-generic-public.xrm-ms,Security,File,,,,0x6fc,C:\Windows\System32\poqexec.exe,,S:AI,,SCAFFOLD,0x3e7,DC$,S-1-5-18,,,,,,,,,,,
2026-07-09T06:11:25.192151Z,4664,dc.scaffold.htb,Microsoft-Windows-Security-Auditing,Security,19553,0,,,,,,,C:\Windows\WinSxS\amd64_microsoft-windows-s..ent-legacy-licenses_31bf3856ad364e35_10.0.20348.1_none_060f3d8ca6a8d9e8\spc-generic-public.xrm-ms,,,,,,,C:\Windows\System32\spp\tokens\legacy\spc-generic-public.xrm-ms,,,,,,,,,,,,,,,,,,,SCAFFOLD,0x3e7,DC$,S-1-5-18,,,,,,,,,BBE6D2C0-7B58-11F1-992C-005056B98D90,,
2026-07-09T06:11:25.192642Z,4663,dc.scaffold.htb,Microsoft-Windows-Security-Auditing,Security,19554,0,"%%1539
				%%1540
				",0xc0000,,,,,,,0x74,,,,,,,,,,,,,C:\Windows\System32\spp\tokens\legacy\spc-generic-public.xrm-ms,Security,File,,,,0x6fc,C:\Windows\System32\poqexec.exe,,S:AI,,SCAFFOLD,0x3e7,DC$,S-1-5-18,,,,,,,,,,,
2026-07-09T06:11:25.302128Z,4663,dc.scaffold.htb,Microsoft-Windows-Security-Auditing,Security,19555,0,"%%1537
				",0x10000,,,,,,,0xac,,,,,,,,,,,,,C:\Windows\System32\spp\tokens\skus\ServerStandardEval\DefaultPpd-ServerStandardEval-ppdlic.xrm-ms,Security,File,,,,0x6fc,C:\Windows\System32\poqexec.exe,,S:AI,,SCAFFOLD,0x3e7,DC$,S-1-5-18,,,,,,,,,,,
2026-07-09T06:11:25.303326Z,4660,dc.scaffold.htb,Microsoft-Windows-Security-Auditing,Security,19556,0,,,,,,,,,0xac,,,,,,,,,,,,,,Security,,,,,0x6fc,C:\Windows\System32\poqexec.exe,,,,SCAFFOLD,0x3e7,DC$,S-1-5-18,,,,,,,,,BBE6D2C0-7B58-11F1-992C-005056B98D90,,
2026-07-09T06:11:25.306456Z,4663,dc.scaffold.htb,Microsoft-Windows-Security-Auditing,Security,19557,0,"%%1537
				",0x10000,,,,,,,0xac,,,,,,,,,,,,,C:\Windows\System32\spp\tokens\skus\ServerStandardEval\ServerStandardEval-ppdlic.xrm-ms,Security,File,,,,0x6fc,C:\Windows\System32\poqexec.exe,,S:AI,,SCAFFOLD,0x3e7,DC$,S-1-5-18,,,,,,,,,,,
2026-07-09T06:11:25.306462Z,4660,dc.scaffold.htb,Microsoft-Windows-Security-Auditing,Security,19558,0,,,,,,,,,0xac,,,,,,,,,,,,,,Security,,,,,0x6fc,C:\Windows\System32\poqexec.exe,,,,SCAFFOLD,0x3e7,DC$,S-1-5-18,,,,,,,,,BBE6D2C0-7B58-11F1-992C-005056B98D90,,
2026-07-09T06:11:25.307673Z,4663,dc.scaffold.htb,Microsoft-Windows-Security-Auditing,Security,19559,0,"%%1537
				",0x10000,,,,,,,0xac,,,,,,,,,,,,,C:\Windows\System32\spp\tokens\skus\ServerStandardEval\ServerStandardEval-Retail-TB-Eval-1-pl-rtm.xrm-ms,Security,File,,,,0x6fc,C:\Windows\System32\poqexec.exe,,S:AI,,SCAFFOLD,0x3e7,DC$,S-1-5-18,,,,,,,,,,,
2026-07-09T06:11:25.307678Z,4660,dc.scaffold.htb,Microsoft-Windows-Security-Auditing,Security,19560,0,,,,,,,,,0xac,,,,,,,,,,,,,,Security,,,,,0x6fc,C:\Windows\System32\poqexec.exe,,,,SCAFFOLD,0x3e7,DC$,S-1-5-18,,,,,,,,,BBE6D2C0-7B58-11F1-992C-005056B98D90,,
2026-07-09T06:11:25.311153Z,4663,dc.scaffold.htb,Microsoft-Windows-Security-Auditing,Security,19561,0,"%%1537
				",0x10000,,,,,,,0xb0,,,,,,,,,,,,,C:\Windows\System32\spp\tokens\skus\ServerStandardEval\ServerStandardEval-Retail-TB-Eval-1-ul-oob-rtm.xrm-ms,Security,File,,,,0x6fc,C:\Windows\System32\poqexec.exe,,S:AI,,SCAFFOLD,0x3e7,DC$,S-1-5-18,,,,,,,,,,,
2026-07-09T06:11:25.311157Z,4660,dc.scaffold.htb,Microsoft-Windows-Security-Auditing,Security,19562,0,,,,,,,,,0xb0,,,,,,,,,,,,,,Security,,,,,0x6fc,C:\Windows\System32\poqexec.exe,,,,SCAFFOLD,0x3e7,DC$,S-1-5-18,,,,,,,,,BBE6D2C0-7B58-11F1-992C-005056B98D90,,
2026-07-09T06:11:25.313776Z,4663,dc.scaffold.htb,Microsoft-Windows-Security-Auditing,Security,19563,0,"%%1537
				",0x10000,,,,,,,0xac,,,,,,,,,,,,,C:\Windows\System32\wlms\wlms.exe,Security,File,,,,0x6fc,C:\Windows\System32\poqexec.exe,,S:AI,,SCAFFOLD,0x3e7,DC$,S-1-5-18,,,,,,,,,,,
2026-07-09T06:11:25.316677Z,4663,dc.scaffold.htb,Microsoft-Windows-Security-Auditing,Security,19564,0,"%%1537
				",0x10000,,,,,,,0xa0,,,,,,,,,,,,,C:\Windows\System32\wlms\en-US\wlms.exe.mui,Security,File,,,,0x6fc,C:\Windows\System32\poqexec.exe,,S:AI,,SCAFFOLD,0x3e7,DC$,S-1-5-18,,,,,,,,,,,
2026-07-09T06:11:25.317140Z,4660,dc.scaffold.htb,Microsoft-Windows-Security-Auditing,Security,19565,0,,,,,,,,,0xa0,,,,,,,,,,,,,,Security,,,,,0x6fc,C:\Windows\System32\poqexec.exe,,,,SCAFFOLD,0x3e7,DC$,S-1-5-18,,,,,,,,,BBE6D2C0-7B58-11F1-992C-005056B98D90,,
2026-07-09T06:11:25.330670Z,4663,dc.scaffold.htb,Microsoft-Windows-Security-Auditing,Security,19566,0,"%%1537
				",0x10000,,,,,,,0x8c,,,,,,,,,,,,,C:\Windows\SysWOW64\en-US\Licenses\Eval\ServerStandardEval\license.rtf,Security,File,,,,0x6fc,C:\Windows\System32\poqexec.exe,,S:AI,,SCAFFOLD,0x3e7,DC$,S-1-5-18,,,,,,,,,,,
2026-07-09T06:11:25.333240Z,4660,dc.scaffold.htb,Microsoft-Windows-Security-Auditing,Security,19567,0,,,,,,,,,0x8c,,,,,,,,,,,,,,Security,,,,,0x6fc,C:\Windows\System32\poqexec.exe,,,,SCAFFOLD,0x3e7,DC$,S-1-5-18,,,,,,,,,BBE6D2C0-7B58-11F1-992C-005056B98D90,,
2026-07-09T06:11:25.350010Z,4663,dc.scaffold.htb,Microsoft-Windows-Security-Auditing,Security,19568,0,"%%1537
				",0x10000,,,,,,,0xa4,,,,,,,,,,,,,C:\Windows\SysWOW64\Licenses\neutral\Eval\ServerStandardEval\license.rtf,Security,File,,,,0x6fc,C:\Windows\System32\poqexec.exe,,S:AI,,SCAFFOLD,0x3e7,DC$,S-1-5-18,,,,,,,,,,,
2026-07-09T06:11:25.351398Z,4660,dc.scaffold.htb,Microsoft-Windows-Security-Auditing,Security,19569,0,,,,,,,,,0xa4,,,,,,,,,,,,,,Security,,,,,0x6fc,C:\Windows\System32\poqexec.exe,,,,SCAFFOLD,0x3e7,DC$,S-1-5-18,,,,,,,,,BBE6D2C0-7B58-11F1-992C-005056B98D90,,
2026-07-09T06:11:25.367164Z,4664,dc.scaffold.htb,Microsoft-Windows-Security-Auditing,Security,19570,0,,,,,,,C:\Windows\WinSxS\x86_microsoft-windows-s..ent-legacy-licenses_31bf3856ad364e35_10.0.20348.1_none_a9f0a208ee4b68b2\rac-generic-public.xrm-ms,,,,,,,C:\Windows\SysWOW64\spp\tokens\legacy\rac-generic-public.xrm-ms,,,,,,,,,,,,,,,,,,,SCAFFOLD,0x3e7,DC$,S-1-5-18,,,,,,,,,BBE6D2C0-7B58-11F1-992C-005056B98D90,,
2026-07-09T06:11:25.367603Z,4663,dc.scaffold.htb,Microsoft-Windows-Security-Auditing,Security,19571,0,"%%1539
				%%1540
				",0xc0000,,,,,,,0xa4,,,,,,,,,,,,,C:\Windows\SysWOW64\spp\tokens\legacy\rac-generic-public.xrm-ms,Security,File,,,,0x6fc,C:\Windows\System32\poqexec.exe,,S:AI,,SCAFFOLD,0x3e7,DC$,S-1-5-18,,,,,,,,,,,
2026-07-09T06:11:25.370415Z,4664,dc.scaffold.htb,Microsoft-Windows-Security-Auditing,Security,19572,0,,,,,,,C:\Windows\WinSxS\x86_microsoft-windows-s..ent-legacy-licenses_31bf3856ad364e35_10.0.20348.1_none_a9f0a208ee4b68b2\spc-generic-public.xrm-ms,,,,,,,C:\Windows\SysWOW64\spp\tokens\legacy\spc-generic-public.xrm-ms,,,,,,,,,,,,,,,,,,,SCAFFOLD,0x3e7,DC$,S-1-5-18,,,,,,,,,BBE6D2C0-7B58-11F1-992C-005056B98D90,,
2026-07-09T06:11:25.370826Z,4663,dc.scaffold.htb,Microsoft-Windows-Security-Auditing,Security,19573,0,"%%1539
				%%1540
				",0xc0000,,,,,,,0xa8,,,,,,,,,,,,,C:\Windows\SysWOW64\spp\tokens\legacy\spc-generic-public.xrm-ms,Security,File,,,,0x6fc,C:\Windows\System32\poqexec.exe,,S:AI,,SCAFFOLD,0x3e7,DC$,S-1-5-18,,,,,,,,,,,
2026-07-09T06:11:26.653585Z,1100,dc.scaffold.htb,Microsoft-Windows-Eventlog,Security,19574,4,,,,,,,,,,,,,,,,,,,,,,,,,,,,,,,,,,,,,,,,,,,,,,,http://manifests.microsoft.com/win/2004/08/windows/eventlog
2026-07-09T06:11:26.045226Z,4985,dc.scaffold.htb,Microsoft-Windows-Security-Auditing,Security,19575,0,,,,,,,,,,,,,,,,,,,,52,,,,,,,,0x6fc,C:\Windows\System32\poqexec.exe,,,DA4CB52F-4F22-11F1-A9A6-8906DE6815CD,SCAFFOLD,0x3e7,DC$,S-1-5-18,,,,,,,,,BBE6D2C0-7B58-11F1-992C-005056B98D90,,
2026-07-09T06:11:39.169894Z,4688,dc.scaffold.htb,Microsoft-Windows-Security-Auditing,Security,19576,0,,,,,,,,,,,,,,,,S-1-16-16384,0x64,Registry,,,,,,,,,,0x4,,,,,-,0x3e7,-,S-1-5-18,-,0x0,,,-,S-1-0-0,,%%1936,,,
2026-07-09T06:11:39.169907Z,4696,dc.scaffold.htb,Microsoft-Windows-Security-Auditing,Security,19577,0,,,,,,,,,,,,,,,,,,,,,,,,,,,,0x4,,,,,-,0x3e7,-,S-1-5-18,-,0x3e7,0x64,Registry,-,S-1-0-0,,,,,
2026-07-09T06:11:39.169914Z,4826,dc.scaffold.htb,Microsoft-Windows-Security-Auditing,Security,19578,0,,,%%1843,,%%1846,%%1843,,%%1843,,%%1843,%%1848,-,%%1843,,-,,,,,,,,,,,,,,,%%1843,,,-,0x3e7,-,S-1-5-18,,,,,,,%%1843,,,%%1848,
2026-07-09T06:11:39.173667Z,4688,dc.scaffold.htb,Microsoft-Windows-Security-Auditing,Security,19579,0,,,,,,,,,,,,,,,,S-1-16-16384,0x13c,C:\Windows\System32\smss.exe,,,,,,,,,,0x4,,,,,-,0x3e7,-,S-1-5-18,-,0x0,,,-,S-1-0-0,,%%1936,,,
2026-07-09T06:11:39.560296Z,4688,dc.scaffold.htb,Microsoft-Windows-Security-Auditing,Security,19580,0,,,,,,,,,,,,,,,,S-1-16-16384,0x15c,C:\Windows\System32\autochk.exe,,,,,,,,C:\Windows\System32\smss.exe,,0x13c,,,,,-,0x3e7,-,S-1-5-18,-,0x0,,,-,S-1-0-0,,%%1936,,,
2026-07-09T06:11:40.628193Z,4688,dc.scaffold.htb,Microsoft-Windows-Security-Auditing,Security,19581,0,,,,,,,,,,,,,,,,S-1-16-16384,0x19c,C:\Windows\System32\smss.exe,,,,,,,,C:\Windows\System32\smss.exe,,0x13c,,,,,-,0x3e7,-,S-1-5-18,-,0x0,,,-,S-1-0-0,,%%1936,,,
2026-07-09T06:11:40.709143Z,4688,dc.scaffold.htb,Microsoft-Windows-Security-Auditing,Security,19582,0,,,,,,,,,,,,,,,,S-1-16-16384,0x1a8,C:\Windows\System32\csrss.exe,,,,,,,,C:\Windows\System32\smss.exe,,0x19c,,,,,-,0x3e7,-,S-1-5-18,-,0x0,,,-,S-1-0-0,,%%1936,,,
2026-07-09T06:11:40.910232Z,4688,dc.scaffold.htb,Microsoft-Windows-Security-Auditing,Security,19583,0,,,,,,,,,,,,,,,,S-1-16-16384,0x208,C:\Windows\System32\smss.exe,,,,,,,,C:\Windows\System32\smss.exe,,0x13c,,,,,-,0x3e7,-,S-1-5-18,-,0x0,,,-,S-1-0-0,,%%1936,,,
2026-07-09T06:11:40.915783Z,4688,dc.scaffold.htb,Microsoft-Windows-Security-Auditing,Security,19584,0,,,,,,,,,,,,,,,,S-1-16-16384,0x210,C:\Windows\System32\wininit.exe,,,,,,,,C:\Windows\System32\smss.exe,,0x19c,,,,,-,0x3e7,-,S-1-5-18,-,0x0,,,-,S-1-0-0,,%%1936,,,
2026-07-09T06:11:40.919629Z,4688,dc.scaffold.htb,Microsoft-Windows-Security-Auditing,Security,19585,0,,,,,,,,,,,,,,,,S-1-16-16384,0x218,C:\Windows\System32\csrss.exe,,,,,,,,C:\Windows\System32\smss.exe,,0x208,,,,,-,0x3e7,-,S-1-5-18,-,0x0,,,-,S-1-0-0,,%%1936,,,
2026-07-09T06:11:40.956375Z,4688,dc.scaffold.htb,Microsoft-Windows-Security-Auditing,Security,19586,0,,,,,,,,,,,,,,,,S-1-16-16384,0x250,C:\Windows\System32\winlogon.exe,,,,,,,,C:\Windows\System32\smss.exe,,0x208,,,,,-,0x3e7,-,S-1-5-18,-,0x0,,,-,S-1-0-0,,%%1936,,,
2026-07-09T06:11:41.048776Z,4688,dc.scaffold.htb,Microsoft-Windows-Security-Auditing,Security,19587,0,,,,,,,,,,,,,,,,S-1-16-16384,0x294,C:\Windows\System32\services.exe,,,,,,,,C:\Windows\System32\wininit.exe,,0x210,,,,,-,0x3e7,-,S-1-5-18,-,0x0,,,-,S-1-0-0,,%%1936,,,
2026-07-09T06:11:41.110316Z,4688,dc.scaffold.htb,Microsoft-Windows-Security-Auditing,Security,19588,0,,,,,,,,,,,,,,,,S-1-16-16384,0x2a8,C:\Windows\System32\lsass.exe,,,,,,,,C:\Windows\System32\wininit.exe,,0x210,,,,,-,0x3e7,-,S-1-5-18,-,0x0,,,-,S-1-0-0,,%%1936,,,
2026-07-09T06:12:29.981013Z,4985,dc.scaffold.htb,Microsoft-Windows-Security-Auditing,Security,19589,0,,,,,,,,,,,,,,,,,,,,48,,,,,,,,0x6c0,C:\Windows\WinSxS\amd64_microsoft-windows-servicingstack_31bf3856ad364e35_10.0.20348.557_none_f1edaeb8515fa10d\TiWorker.exe,,,DA4CB52F-4F22-11F1-A9A6-8906DE6815CD,SCAFFOLD,0x3e7,DC$,S-1-5-18,,,,,,,,,09FDD205-7B5D-11F1-992D-005056B98D90,,
2026-07-09T06:12:30.050202Z,4985,dc.scaffold.htb,Microsoft-Windows-Security-Auditing,Security,19590,0,,,,,,,,,,,,,,,,,,,,52,,,,,,,,0x6c0,C:\Windows\WinSxS\amd64_microsoft-windows-servicingstack_31bf3856ad364e35_10.0.20348.557_none_f1edaeb8515fa10d\TiWorker.exe,,,DA4CB52F-4F22-11F1-A9A6-8906DE6815CD,SCAFFOLD,0x3e7,DC$,S-1-5-18,,,,,,,,,09FDD205-7B5D-11F1-992D-005056B98D90,,
2026-07-09T06:12:31.596471Z,4663,dc.scaffold.htb,Microsoft-Windows-Security-Auditing,Security,19591,0,"%%4424
				",0x100,,,,,,,0x468,,,,,,,,,,,,,C:\Windows\servicing\Packages\Microsoft-Windows-Editions-ServerStandardEval-Package~31bf3856ad364e35~amd64~en-US~10.0.20348.587.mum,Security,File,,,,0x6c0,C:\Windows\WinSxS\amd64_microsoft-windows-servicingstack_31bf3856ad364e35_10.0.20348.557_none_f1edaeb8515fa10d\TiWorker.exe,,S:AI,,SCAFFOLD,0x3e7,DC$,S-1-5-18,,,,,,,,,,,
2026-07-09T06:12:31.599327Z,4663,dc.scaffold.htb,Microsoft-Windows-Security-Auditing,Security,19592,0,"%%1537
				",0x10000,,,,,,,0x468,,,,,,,,,,,,,C:\Windows\servicing\Packages\Microsoft-Windows-Editions-ServerStandardEval-Package~31bf3856ad364e35~amd64~en-US~10.0.20348.587.mum,Security,File,,,,0x6c0,C:\Windows\WinSxS\amd64_microsoft-windows-servicingstack_31bf3856ad364e35_10.0.20348.557_none_f1edaeb8515fa10d\TiWorker.exe,,S:AI,,SCAFFOLD,0x3e7,DC$,S-1-5-18,,,,,,,,,,,
2026-07-09T06:12:31.599334Z,4660,dc.scaffold.htb,Microsoft-Windows-Security-Auditing,Security,19593,0,,,,,,,,,0x468,,,,,,,,,,,,,,Security,,,,,0x6c0,C:\Windows\WinSxS\amd64_microsoft-windows-servicingstack_31bf3856ad364e35_10.0.20348.557_none_f1edaeb8515fa10d\TiWorker.exe,,,,SCAFFOLD,0x3e7,DC$,S-1-5-18,,,,,,,,,00000000-0000-0000-0000-000000000000,,
2026-07-09T06:12:31.688014Z,4663,dc.scaffold.htb,Microsoft-Windows-Security-Auditing,Security,19594,0,"%%4424
				",0x100,,,,,,,0x484,,,,,,,,,,,,,C:\Windows\servicing\Packages\Microsoft-Windows-Editions-ServerStandardEval-Package~31bf3856ad364e35~amd64~~10.0.20348.587.mum,Security,File,,,,0x6c0,C:\Windows\WinSxS\amd64_microsoft-windows-servicingstack_31bf3856ad364e35_10.0.20348.557_none_f1edaeb8515fa10d\TiWorker.exe,,S:AI,,SCAFFOLD,0x3e7,DC$,S-1-5-18,,,,,,,,,,,
2026-07-09T06:12:31.690885Z,4663,dc.scaffold.htb,Microsoft-Windows-Security-Auditing,Security,19595,0,"%%1537
				",0x10000,,,,,,,0x484,,,,,,,,,,,,,C:\Windows\servicing\Packages\Microsoft-Windows-Editions-ServerStandardEval-Package~31bf3856ad364e35~amd64~~10.0.20348.587.mum,Security,File,,,,0x6c0,C:\Windows\WinSxS\amd64_microsoft-windows-servicingstack_31bf3856ad364e35_10.0.20348.557_none_f1edaeb8515fa10d\TiWorker.exe,,S:AI,,SCAFFOLD,0x3e7,DC$,S-1-5-18,,,,,,,,,,,
2026-07-09T06:12:31.690892Z,4660,dc.scaffold.htb,Microsoft-Windows-Security-Auditing,Security,19596,0,,,,,,,,,0x484,,,,,,,,,,,,,,Security,,,,,0x6c0,C:\Windows\WinSxS\amd64_microsoft-windows-servicingstack_31bf3856ad364e35_10.0.20348.557_none_f1edaeb8515fa10d\TiWorker.exe,,,,SCAFFOLD,0x3e7,DC$,S-1-5-18,,,,,,,,,00000000-0000-0000-0000-000000000000,,
