2026-09-02T03:45:48.351273Z,4985,dc.scaffold.htb,Microsoft-Windows-Security-Auditing,Security,23224,0,,,,,,,,,,,,,,,,,,,,48,,,,,,,,0x173c,C:\Windows\WinSxS\amd64_microsoft-windows-servicingstack_31bf3856ad364e35_10.0.20348.5480_none_b1d14f82f983de4b\TiWorker.exe,,,DA4CB52F-4F22-11F1-A9A6-8906DE6815CD,SCAFFOLD,0x3e7,DC$,S-1-5-18,,,,,,,,,2BC0688A-A67E-11F1-9937-005056B98D90,,
2026-09-02T03:45:48.521268Z,4985,dc.scaffold.htb,Microsoft-Windows-Security-Auditing,Security,23225,0,,,,,,,,,,,,,,,,,,,,52,,,,,,,,0x173c,C:\Windows\WinSxS\amd64_microsoft-windows-servicingstack_31bf3856ad364e35_10.0.20348.5480_none_b1d14f82f983de4b\TiWorker.exe,,,DA4CB52F-4F22-11F1-A9A6-8906DE6815CD,SCAFFOLD,0x3e7,DC$,S-1-5-18,,,,,,,,,2BC0688A-A67E-11F1-9937-005056B98D90,,
2026-09-02T03:45:48.982184Z,4985,dc.scaffold.htb,Microsoft-Windows-Security-Auditing,Security,23226,0,,,,,,,,,,,,,,,,,,,,48,,,,,,,,0x173c,C:\Windows\WinSxS\amd64_microsoft-windows-servicingstack_31bf3856ad364e35_10.0.20348.5480_none_b1d14f82f983de4b\TiWorker.exe,,,DA4CB52F-4F22-11F1-A9A6-8906DE6815CD,SCAFFOLD,0x3e7,DC$,S-1-5-18,,,,,,,,,2BC06896-A67E-11F1-9937-005056B98D90,,
2026-09-02T03:45:49.014354Z,4985,dc.scaffold.htb,Microsoft-Windows-Security-Auditing,Security,23227,0,,,,,,,,,,,,,,,,,,,,52,,,,,,,,0x173c,C:\Windows\WinSxS\amd64_microsoft-windows-servicingstack_31bf3856ad364e35_10.0.20348.5480_none_b1d14f82f983de4b\TiWorker.exe,,,DA4CB52F-4F22-11F1-A9A6-8906DE6815CD,SCAFFOLD,0x3e7,DC$,S-1-5-18,,,,,,,,,2BC06896-A67E-11F1-9937-005056B98D90,,
2026-09-02T03:45:49.680672Z,4985,dc.scaffold.htb,Microsoft-Windows-Security-Auditing,Security,23228,0,,,,,,,,,,,,,,,,,,,,48,,,,,,,,0x173c,C:\Windows\WinSxS\amd64_microsoft-windows-servicingstack_31bf3856ad364e35_10.0.20348.5480_none_b1d14f82f983de4b\TiWorker.exe,,,DA4CB52F-4F22-11F1-A9A6-8906DE6815CD,SCAFFOLD,0x3e7,DC$,S-1-5-18,,,,,,,,,2BC068A2-A67E-11F1-9937-005056B98D90,,
2026-09-02T03:45:49.714782Z,4985,dc.scaffold.htb,Microsoft-Windows-Security-Auditing,Security,23229,0,,,,,,,,,,,,,,,,,,,,52,,,,,,,,0x173c,C:\Windows\WinSxS\amd64_microsoft-windows-servicingstack_31bf3856ad364e35_10.0.20348.5480_none_b1d14f82f983de4b\TiWorker.exe,,,DA4CB52F-4F22-11F1-A9A6-8906DE6815CD,SCAFFOLD,0x3e7,DC$,S-1-5-18,,,,,,,,,2BC068A2-A67E-11F1-9937-005056B98D90,,
2026-09-02T03:45:50.709232Z,4664,dc.scaffold.htb,Microsoft-Windows-Security-Auditing,Security,23230,0,,,,,,,C:\Windows\WinSxS\amd64_microsoft-windows-a..rarydialog.appxmain_31bf3856ad364e35_10.0.20348.1_none_573584e57b10409e\LockScreenLogo.scale-200.png,,,,,,,C:\Windows\WinSxS\amd64_microsoft-windows-a..rarydialog.appxmain_31bf3856ad364e35_10.0.20348.2849_none_76086209e46807a8\LockScreenLogo.scale-200.png,,,,,,,,,,,,,,,,,,,SCAFFOLD,0x3e7,DC$,S-1-5-18,,,,,,,,,00000000-0000-0000-0000-000000000000,,
2026-09-02T03:45:50.710150Z,4664,dc.scaffold.htb,Microsoft-Windows-Security-Auditing,Security,23231,0,,,,,,,C:\Windows\WinSxS\amd64_microsoft-windows-a..rarydialog.appxmain_31bf3856ad364e35_10.0.20348.1_none_573584e57b10409e\SplashScreen.scale-200.png,,,,,,,C:\Windows\WinSxS\amd64_microsoft-windows-a..rarydialog.appxmain_31bf3856ad364e35_10.0.20348.2849_none_76086209e46807a8\SplashScreen.scale-200.png,,,,,,,,,,,,,,,,,,,SCAFFOLD,0x3e7,DC$,S-1-5-18,,,,,,,,,00000000-0000-0000-0000-000000000000,,
2026-09-02T03:45:50.719266Z,4664,dc.scaffold.htb,Microsoft-Windows-Security-Auditing,Security,23232,0,,,,,,,C:\Windows\WinSxS\amd64_microsoft-windows-a..rarydialog.appxmain_31bf3856ad364e35_10.0.20348.1_none_573584e57b10409e\Square44x44Logo.scale-200.png,,,,,,,C:\Windows\WinSxS\amd64_microsoft-windows-a..rarydialog.appxmain_31bf3856ad364e35_10.0.20348.2849_none_76086209e46807a8\Square44x44Logo.scale-200.png,,,,,,,,,,,,,,,,,,,SCAFFOLD,0x3e7,DC$,S-1-5-18,,,,,,,,,00000000-0000-0000-0000-000000000000,,
2026-09-02T03:45:50.719931Z,4664,dc.scaffold.htb,Microsoft-Windows-Security-Auditing,Security,23233,0,,,,,,,C:\Windows\WinSxS\amd64_microsoft-windows-a..rarydialog.appxmain_31bf3856ad364e35_10.0.20348.1_none_573584e57b10409e\Square44x44Logo.targetsize-24_altform-unplated.png,,,,,,,C:\Windows\WinSxS\amd64_microsoft-windows-a..rarydialog.appxmain_31bf3856ad364e35_10.0.20348.2849_none_76086209e46807a8\Square44x44Logo.targetsize-24_altform-unplated.png,,,,,,,,,,,,,,,,,,,SCAFFOLD,0x3e7,DC$,S-1-5-18,,,,,,,,,00000000-0000-0000-0000-000000000000,,
2026-09-02T03:45:50.720455Z,4664,dc.scaffold.htb,Microsoft-Windows-Security-Auditing,Security,23234,0,,,,,,,C:\Windows\WinSxS\amd64_microsoft-windows-a..rarydialog.appxmain_31bf3856ad364e35_10.0.20348.1_none_573584e57b10409e\Square150x150Logo.scale-200.png,,,,,,,C:\Windows\WinSxS\amd64_microsoft-windows-a..rarydialog.appxmain_31bf3856ad364e35_10.0.20348.2849_none_76086209e46807a8\Square150x150Logo.scale-200.png,,,,,,,,,,,,,,,,,,,SCAFFOLD,0x3e7,DC$,S-1-5-18,,,,,,,,,00000000-0000-0000-0000-000000000000,,
2026-09-02T03:45:50.720987Z,4664,dc.scaffold.htb,Microsoft-Windows-Security-Auditing,Security,23235,0,,,,,,,C:\Windows\WinSxS\amd64_microsoft-windows-a..rarydialog.appxmain_31bf3856ad364e35_10.0.20348.1_none_573584e57b10409e\StoreLogo.png,,,,,,,C:\Windows\WinSxS\amd64_microsoft-windows-a..rarydialog.appxmain_31bf3856ad364e35_10.0.20348.2849_none_76086209e46807a8\StoreLogo.png,,,,,,,,,,,,,,,,,,,SCAFFOLD,0x3e7,DC$,S-1-5-18,,,,,,,,,00000000-0000-0000-0000-000000000000,,
2026-09-02T03:45:50.721553Z,4664,dc.scaffold.htb,Microsoft-Windows-Security-Auditing,Security,23236,0,,,,,,,C:\Windows\WinSxS\amd64_microsoft-windows-a..rarydialog.appxmain_31bf3856ad364e35_10.0.20348.1_none_573584e57b10409e\Wide310x150Logo.scale-200.png,,,,,,,C:\Windows\WinSxS\amd64_microsoft-windows-a..rarydialog.appxmain_31bf3856ad364e35_10.0.20348.2849_none_76086209e46807a8\Wide310x150Logo.scale-200.png,,,,,,,,,,,,,,,,,,,SCAFFOLD,0x3e7,DC$,S-1-5-18,,,,,,,,,00000000-0000-0000-0000-000000000000,,
2026-09-02T03:45:50.749343Z,4664,dc.scaffold.htb,Microsoft-Windows-Security-Auditing,Security,23237,0,,,,,,,C:\Windows\WinSxS\amd64_microsoft-windows-filepicker.appxmain_31bf3856ad364e35_10.0.20348.1_none_4be0ba1f9d230dcd\SplashScreen.scale-100.png,,,,,,,C:\Windows\WinSxS\amd64_microsoft-windows-filepicker.appxmain_31bf3856ad364e35_10.0.20348.3692_none_6aced9ec06656568\SplashScreen.scale-100.png,,,,,,,,,,,,,,,,,,,SCAFFOLD,0x3e7,DC$,S-1-5-18,,,,,,,,,00000000-0000-0000-0000-000000000000,,
2026-09-02T03:45:50.753135Z,4664,dc.scaffold.htb,Microsoft-Windows-Security-Auditing,Security,23238,0,,,,,,,C:\Windows\WinSxS\amd64_microsoft-windows-filepicker.appxmain_31bf3856ad364e35_10.0.20348.1_none_4be0ba1f9d230dcd\SquareTile150x150.scale-100.png,,,,,,,C:\Windows\WinSxS\amd64_microsoft-windows-filepicker.appxmain_31bf3856ad364e35_10.0.20348.3692_none_6aced9ec06656568\SquareTile150x150.scale-100.png,,,,,,,,,,,,,,,,,,,SCAFFOLD,0x3e7,DC$,S-1-5-18,,,,,,,,,00000000-0000-0000-0000-000000000000,,
2026-09-02T03:45:50.754060Z,4664,dc.scaffold.htb,Microsoft-Windows-Security-Auditing,Security,23239,0,,,,,,,C:\Windows\WinSxS\amd64_microsoft-windows-filepicker.appxmain_31bf3856ad364e35_10.0.20348.1_none_4be0ba1f9d230dcd\SquareTile150x150.scale-200.png,,,,,,,C:\Windows\WinSxS\amd64_microsoft-windows-filepicker.appxmain_31bf3856ad364e35_10.0.20348.3692_none_6aced9ec06656568\SquareTile150x150.scale-200.png,,,,,,,,,,,,,,,,,,,SCAFFOLD,0x3e7,DC$,S-1-5-18,,,,,,,,,00000000-0000-0000-0000-000000000000,,
2026-09-02T03:45:50.754633Z,4664,dc.scaffold.htb,Microsoft-Windows-Security-Auditing,Security,23240,0,,,,,,,C:\Windows\WinSxS\amd64_microsoft-windows-filepicker.appxmain_31bf3856ad364e35_10.0.20348.1_none_4be0ba1f9d230dcd\SquareTile150x150.scale-400.png,,,,,,,C:\Windows\WinSxS\amd64_microsoft-windows-filepicker.appxmain_31bf3856ad364e35_10.0.20348.3692_none_6aced9ec06656568\SquareTile150x150.scale-400.png,,,,,,,,,,,,,,,,,,,SCAFFOLD,0x3e7,DC$,S-1-5-18,,,,,,,,,00000000-0000-0000-0000-000000000000,,
2026-09-02T03:45:50.756052Z,4664,dc.scaffold.htb,Microsoft-Windows-Security-Auditing,Security,23241,0,,,,,,,C:\Windows\WinSxS\amd64_microsoft-windows-filepicker.appxmain_31bf3856ad364e35_10.0.20348.1_none_4be0ba1f9d230dcd\SquareTile310x150.scale-100.png,,,,,,,C:\Windows\WinSxS\amd64_microsoft-windows-filepicker.appxmain_31bf3856ad364e35_10.0.20348.3692_none_6aced9ec06656568\SquareTile310x150.scale-100.png,,,,,,,,,,,,,,,,,,,SCAFFOLD,0x3e7,DC$,S-1-5-18,,,,,,,,,00000000-0000-0000-0000-000000000000,,
2026-09-02T03:45:50.756616Z,4664,dc.scaffold.htb,Microsoft-Windows-Security-Auditing,Security,23242,0,,,,,,,C:\Windows\WinSxS\amd64_microsoft-windows-filepicker.appxmain_31bf3856ad364e35_10.0.20348.1_none_4be0ba1f9d230dcd\SquareTile310x150.scale-200.png,,,,,,,C:\Windows\WinSxS\amd64_microsoft-windows-filepicker.appxmain_31bf3856ad364e35_10.0.20348.3692_none_6aced9ec06656568\SquareTile310x150.scale-200.png,,,,,,,,,,,,,,,,,,,SCAFFOLD,0x3e7,DC$,S-1-5-18,,,,,,,,,00000000-0000-0000-0000-000000000000,,
2026-09-02T03:45:50.766622Z,4664,dc.scaffold.htb,Microsoft-Windows-Security-Auditing,Security,23243,0,,,,,,,C:\Windows\WinSxS\amd64_microsoft-windows-filepicker.appxmain_31bf3856ad364e35_10.0.20348.1_none_4be0ba1f9d230dcd\SquareTile310x150.scale-400.png,,,,,,,C:\Windows\WinSxS\amd64_microsoft-windows-filepicker.appxmain_31bf3856ad364e35_10.0.20348.3692_none_6aced9ec06656568\SquareTile310x150.scale-400.png,,,,,,,,,,,,,,,,,,,SCAFFOLD,0x3e7,DC$,S-1-5-18,,,,,,,,,00000000-0000-0000-0000-000000000000,,
2026-09-02T03:45:50.766626Z,4664,dc.scaffold.htb,Microsoft-Windows-Security-Auditing,Security,23244,0,,,,,,,C:\Windows\WinSxS\amd64_microsoft-windows-filepicker.appxmain_31bf3856ad364e35_10.0.20348.1_none_4be0ba1f9d230dcd\SquareTile44x44.scale-100.png,,,,,,,C:\Windows\WinSxS\amd64_microsoft-windows-filepicker.appxmain_31bf3856ad364e35_10.0.20348.3692_none_6aced9ec06656568\SquareTile44x44.scale-100.png,,,,,,,,,,,,,,,,,,,SCAFFOLD,0x3e7,DC$,S-1-5-18,,,,,,,,,00000000-0000-0000-0000-000000000000,,
2026-09-02T03:45:50.766630Z,4664,dc.scaffold.htb,Microsoft-Windows-Security-Auditing,Security,23245,0,,,,,,,C:\Windows\WinSxS\amd64_microsoft-windows-filepicker.appxmain_31bf3856ad364e35_10.0.20348.1_none_4be0ba1f9d230dcd\SquareTile44x44.scale-200.png,,,,,,,C:\Windows\WinSxS\amd64_microsoft-windows-filepicker.appxmain_31bf3856ad364e35_10.0.20348.3692_none_6aced9ec06656568\SquareTile44x44.scale-200.png,,,,,,,,,,,,,,,,,,,SCAFFOLD,0x3e7,DC$,S-1-5-18,,,,,,,,,00000000-0000-0000-0000-000000000000,,
2026-09-02T03:45:50.766634Z,4664,dc.scaffold.htb,Microsoft-Windows-Security-Auditing,Security,23246,0,,,,,,,C:\Windows\WinSxS\amd64_microsoft-windows-filepicker.appxmain_31bf3856ad364e35_10.0.20348.1_none_4be0ba1f9d230dcd\SquareTile44x44.scale-400.png,,,,,,,C:\Windows\WinSxS\amd64_microsoft-windows-filepicker.appxmain_31bf3856ad364e35_10.0.20348.3692_none_6aced9ec06656568\SquareTile44x44.scale-400.png,,,,,,,,,,,,,,,,,,,SCAFFOLD,0x3e7,DC$,S-1-5-18,,,,,,,,,00000000-0000-0000-0000-000000000000,,
2026-09-02T03:45:50.766637Z,4664,dc.scaffold.htb,Microsoft-Windows-Security-Auditing,Security,23247,0,,,,,,,C:\Windows\WinSxS\amd64_microsoft-windows-filepicker.appxmain_31bf3856ad364e35_10.0.20348.1_none_4be0ba1f9d230dcd\SquareTile44x44.targetsize-24.png,,,,,,,C:\Windows\WinSxS\amd64_microsoft-windows-filepicker.appxmain_31bf3856ad364e35_10.0.20348.3692_none_6aced9ec06656568\SquareTile44x44.targetsize-24.png,,,,,,,,,,,,,,,,,,,SCAFFOLD,0x3e7,DC$,S-1-5-18,,,,,,,,,00000000-0000-0000-0000-000000000000,,
2026-09-02T03:45:50.766641Z,4664,dc.scaffold.htb,Microsoft-Windows-Security-Auditing,Security,23248,0,,,,,,,C:\Windows\WinSxS\amd64_microsoft-windows-filepicker.appxmain_31bf3856ad364e35_10.0.20348.1_none_4be0ba1f9d230dcd\SquareTile71x71.scale-100.png,,,,,,,C:\Windows\WinSxS\amd64_microsoft-windows-filepicker.appxmain_31bf3856ad364e35_10.0.20348.3692_none_6aced9ec06656568\SquareTile71x71.scale-100.png,,,,,,,,,,,,,,,,,,,SCAFFOLD,0x3e7,DC$,S-1-5-18,,,,,,,,,00000000-0000-0000-0000-000000000000,,
2026-09-02T03:45:50.766727Z,4664,dc.scaffold.htb,Microsoft-Windows-Security-Auditing,Security,23249,0,,,,,,,C:\Windows\WinSxS\amd64_microsoft-windows-filepicker.appxmain_31bf3856ad364e35_10.0.20348.1_none_4be0ba1f9d230dcd\SquareTile71x71.scale-200.png,,,,,,,C:\Windows\WinSxS\amd64_microsoft-windows-filepicker.appxmain_31bf3856ad364e35_10.0.20348.3692_none_6aced9ec06656568\SquareTile71x71.scale-200.png,,,,,,,,,,,,,,,,,,,SCAFFOLD,0x3e7,DC$,S-1-5-18,,,,,,,,,00000000-0000-0000-0000-000000000000,,
2026-09-02T03:45:50.767574Z,4664,dc.scaffold.htb,Microsoft-Windows-Security-Auditing,Security,23250,0,,,,,,,C:\Windows\WinSxS\amd64_microsoft-windows-filepicker.appxmain_31bf3856ad364e35_10.0.20348.1_none_4be0ba1f9d230dcd\SquareTile71x71.scale-400.png,,,,,,,C:\Windows\WinSxS\amd64_microsoft-windows-filepicker.appxmain_31bf3856ad364e35_10.0.20348.3692_none_6aced9ec06656568\SquareTile71x71.scale-400.png,,,,,,,,,,,,,,,,,,,SCAFFOLD,0x3e7,DC$,S-1-5-18,,,,,,,,,00000000-0000-0000-0000-000000000000,,
2026-09-02T03:45:50.797276Z,4664,dc.scaffold.htb,Microsoft-Windows-Security-Auditing,Security,23251,0,,,,,,,C:\Windows\WinSxS\amd64_microsoft-windows-o..tiveportal.appxmain_31bf3856ad364e35_10.0.20348.1_none_cbae116e8397f180\BrowserMDL.ttf,,,,,,,C:\Windows\WinSxS\amd64_microsoft-windows-o..tiveportal.appxmain_31bf3856ad364e35_10.0.20348.3692_none_ea9c313aecda491b\BrowserMDL.ttf,,,,,,,,,,,,,,,,,,,SCAFFOLD,0x3e7,DC$,S-1-5-18,,,,,,,,,00000000-0000-0000-0000-000000000000,,
2026-09-02T03:45:50.797946Z,4664,dc.scaffold.htb,Microsoft-Windows-Security-Auditing,Security,23252,0,,,,,,,C:\Windows\WinSxS\amd64_microsoft-windows-o..tiveportal.appxmain_31bf3856ad364e35_10.0.20348.1_none_cbae116e8397f180\resources.pri,,,,,,,C:\Windows\WinSxS\amd64_microsoft-windows-o..tiveportal.appxmain_31bf3856ad364e35_10.0.20348.3692_none_ea9c313aecda491b\resources.pri,,,,,,,,,,,,,,,,,,,SCAFFOLD,0x3e7,DC$,S-1-5-18,,,,,,,,,00000000-0000-0000-0000-000000000000,,
2026-09-02T03:45:50.798882Z,4664,dc.scaffold.htb,Microsoft-Windows-Security-Auditing,Security,23253,0,,,,,,,C:\Windows\WinSxS\amd64_microsoft-windows-o..tiveportal.appxmain_31bf3856ad364e35_10.0.20348.1_none_cbae116e8397f180\tokens_deDE.xml,,,,,,,C:\Windows\WinSxS\amd64_microsoft-windows-o..tiveportal.appxmain_31bf3856ad364e35_10.0.20348.3692_none_ea9c313aecda491b\tokens_deDE.xml,,,,,,,,,,,,,,,,,,,SCAFFOLD,0x3e7,DC$,S-1-5-18,,,,,,,,,00000000-0000-0000-0000-000000000000,,
2026-09-02T03:45:50.799473Z,4664,dc.scaffold.htb,Microsoft-Windows-Security-Auditing,Security,23254,0,,,,,,,C:\Windows\WinSxS\amd64_microsoft-windows-o..tiveportal.appxmain_31bf3856ad364e35_10.0.20348.1_none_cbae116e8397f180\tokens_enUS.xml,,,,,,,C:\Windows\WinSxS\amd64_microsoft-windows-o..tiveportal.appxmain_31bf3856ad364e35_10.0.20348.3692_none_ea9c313aecda491b\tokens_enUS.xml,,,,,,,,,,,,,,,,,,,SCAFFOLD,0x3e7,DC$,S-1-5-18,,,,,,,,,00000000-0000-0000-0000-000000000000,,
2026-09-02T03:45:50.828061Z,4664,dc.scaffold.htb,Microsoft-Windows-Security-Auditing,Security,23255,0,,,,,,,C:\Windows\WinSxS\amd64_microsoft-windows-o..tiveportal.appxmain_31bf3856ad364e35_10.0.20348.1_none_cbae116e8397f180\tokens_frFR.xml,,,,,,,C:\Windows\WinSxS\amd64_microsoft-windows-o..tiveportal.appxmain_31bf3856ad364e35_10.0.20348.3692_none_ea9c313aecda491b\tokens_frFR.xml,,,,,,,,,,,,,,,,,,,SCAFFOLD,0x3e7,DC$,S-1-5-18,,,,,,,,,00000000-0000-0000-0000-000000000000,,
2026-09-02T03:45:50.828144Z,4664,dc.scaffold.htb,Microsoft-Windows-Security-Auditing,Security,23256,0,,,,,,,C:\Windows\WinSxS\amd64_microsoft-windows-o..tiveportal.appxmain_31bf3856ad364e35_10.0.20348.1_none_cbae116e8397f180\tokens_itIT.xml,,,,,,,C:\Windows\WinSxS\amd64_microsoft-windows-o..tiveportal.appxmain_31bf3856ad364e35_10.0.20348.3692_none_ea9c313aecda491b\tokens_itIT.xml,,,,,,,,,,,,,,,,,,,SCAFFOLD,0x3e7,DC$,S-1-5-18,,,,,,,,,00000000-0000-0000-0000-000000000000,,
2026-09-02T03:45:50.828150Z,4664,dc.scaffold.htb,Microsoft-Windows-Security-Auditing,Security,23257,0,,,,,,,C:\Windows\WinSxS\amd64_microsoft-windows-o..tiveportal.appxmain_31bf3856ad364e35_10.0.20348.1_none_cbae116e8397f180\tokens_jaJP.xml,,,,,,,C:\Windows\WinSxS\amd64_microsoft-windows-o..tiveportal.appxmain_31bf3856ad364e35_10.0.20348.3692_none_ea9c313aecda491b\tokens_jaJP.xml,,,,,,,,,,,,,,,,,,,SCAFFOLD,0x3e7,DC$,S-1-5-18,,,,,,,,,00000000-0000-0000-0000-000000000000,,
2026-09-02T03:45:50.828156Z,4664,dc.scaffold.htb,Microsoft-Windows-Security-Auditing,Security,23258,0,,,,,,,C:\Windows\WinSxS\amd64_microsoft-windows-o..tiveportal.appxmain_31bf3856ad364e35_10.0.20348.1_none_cbae116e8397f180\tokens_ptBR.xml,,,,,,,C:\Windows\WinSxS\amd64_microsoft-windows-o..tiveportal.appxmain_31bf3856ad364e35_10.0.20348.3692_none_ea9c313aecda491b\tokens_ptBR.xml,,,,,,,,,,,,,,,,,,,SCAFFOLD,0x3e7,DC$,S-1-5-18,,,,,,,,,00000000-0000-0000-0000-000000000000,,
2026-09-02T03:45:50.828161Z,4664,dc.scaffold.htb,Microsoft-Windows-Security-Auditing,Security,23259,0,,,,,,,C:\Windows\WinSxS\amd64_microsoft-windows-o..tiveportal.appxmain_31bf3856ad364e35_10.0.20348.1_none_cbae116e8397f180\tokens_zhCN.xml,,,,,,,C:\Windows\WinSxS\amd64_microsoft-windows-o..tiveportal.appxmain_31bf3856ad364e35_10.0.20348.3692_none_ea9c313aecda491b\tokens_zhCN.xml,,,,,,,,,,,,,,,,,,,SCAFFOLD,0x3e7,DC$,S-1-5-18,,,,,,,,,00000000-0000-0000-0000-000000000000,,
2026-09-02T03:45:50.828798Z,4664,dc.scaffold.htb,Microsoft-Windows-Security-Auditing,Security,23260,0,,,,,,,C:\Windows\WinSxS\amd64_microsoft-windows-o..tiveportal.appxmain_31bf3856ad364e35_10.0.20348.1_none_cbae116e8397f180\tokens_enGB.xml,,,,,,,C:\Windows\WinSxS\amd64_microsoft-windows-o..tiveportal.appxmain_31bf3856ad364e35_10.0.20348.3692_none_ea9c313aecda491b\tokens_enGB.xml,,,,,,,,,,,,,,,,,,,SCAFFOLD,0x3e7,DC$,S-1-5-18,,,,,,,,,00000000-0000-0000-0000-000000000000,,
2026-09-02T03:45:50.829606Z,4664,dc.scaffold.htb,Microsoft-Windows-Security-Auditing,Security,23261,0,,,,,,,C:\Windows\WinSxS\amd64_microsoft-windows-o..tiveportal.appxmain_31bf3856ad364e35_10.0.20348.1_none_cbae116e8397f180\tokens_esMX.xml,,,,,,,C:\Windows\WinSxS\amd64_microsoft-windows-o..tiveportal.appxmain_31bf3856ad364e35_10.0.20348.3692_none_ea9c313aecda491b\tokens_esMX.xml,,,,,,,,,,,,,,,,,,,SCAFFOLD,0x3e7,DC$,S-1-5-18,,,,,,,,,00000000-0000-0000-0000-000000000000,,
2026-09-02T03:45:50.830375Z,4664,dc.scaffold.htb,Microsoft-Windows-Security-Auditing,Security,23262,0,,,,,,,C:\Windows\WinSxS\amd64_microsoft-windows-o..tiveportal.appxmain_31bf3856ad364e35_10.0.20348.1_none_cbae116e8397f180\tokens_enAU.xml,,,,,,,C:\Windows\WinSxS\amd64_microsoft-windows-o..tiveportal.appxmain_31bf3856ad364e35_10.0.20348.3692_none_ea9c313aecda491b\tokens_enAU.xml,,,,,,,,,,,,,,,,,,,SCAFFOLD,0x3e7,DC$,S-1-5-18,,,,,,,,,00000000-0000-0000-0000-000000000000,,
2026-09-02T03:45:50.831129Z,4664,dc.scaffold.htb,Microsoft-Windows-Security-Auditing,Security,23263,0,,,,,,,C:\Windows\WinSxS\amd64_microsoft-windows-o..tiveportal.appxmain_31bf3856ad364e35_10.0.20348.1_none_cbae116e8397f180\tokens_esES.xml,,,,,,,C:\Windows\WinSxS\amd64_microsoft-windows-o..tiveportal.appxmain_31bf3856ad364e35_10.0.20348.3692_none_ea9c313aecda491b\tokens_esES.xml,,,,,,,,,,,,,,,,,,,SCAFFOLD,0x3e7,DC$,S-1-5-18,,,,,,,,,00000000-0000-0000-0000-000000000000,,
2026-09-02T03:45:50.832099Z,4664,dc.scaffold.htb,Microsoft-Windows-Security-Auditing,Security,23264,0,,,,,,,C:\Windows\WinSxS\amd64_microsoft-windows-o..tiveportal.appxmain_31bf3856ad364e35_10.0.20348.1_none_cbae116e8397f180\tokens_frCA.xml,,,,,,,C:\Windows\WinSxS\amd64_microsoft-windows-o..tiveportal.appxmain_31bf3856ad364e35_10.0.20348.3692_none_ea9c313aecda491b\tokens_frCA.xml,,,,,,,,,,,,,,,,,,,SCAFFOLD,0x3e7,DC$,S-1-5-18,,,,,,,,,00000000-0000-0000-0000-000000000000,,
2026-09-02T03:45:50.833155Z,4664,dc.scaffold.htb,Microsoft-Windows-Security-Auditing,Security,23265,0,,,,,,,C:\Windows\WinSxS\amd64_microsoft-windows-o..tiveportal.appxmain_31bf3856ad364e35_10.0.20348.1_none_cbae116e8397f180\tokens_enCA.xml,,,,,,,C:\Windows\WinSxS\amd64_microsoft-windows-o..tiveportal.appxmain_31bf3856ad364e35_10.0.20348.3692_none_ea9c313aecda491b\tokens_enCA.xml,,,,,,,,,,,,,,,,,,,SCAFFOLD,0x3e7,DC$,S-1-5-18,,,,,,,,,00000000-0000-0000-0000-000000000000,,
2026-09-02T03:45:50.834712Z,4664,dc.scaffold.htb,Microsoft-Windows-Security-Auditing,Security,23266,0,,,,,,,C:\Windows\WinSxS\amd64_microsoft-windows-o..tiveportal.appxmain_31bf3856ad364e35_10.0.20348.1_none_cbae116e8397f180\tokens_enIN.xml,,,,,,,C:\Windows\WinSxS\amd64_microsoft-windows-o..tiveportal.appxmain_31bf3856ad364e35_10.0.20348.3692_none_ea9c313aecda491b\tokens_enIN.xml,,,,,,,,,,,,,,,,,,,SCAFFOLD,0x3e7,DC$,S-1-5-18,,,,,,,,,00000000-0000-0000-0000-000000000000,,
2026-09-02T03:45:50.840070Z,4664,dc.scaffold.htb,Microsoft-Windows-Security-Auditing,Security,23267,0,,,,,,,C:\Windows\WinSxS\amd64_microsoft-windows-o..ectionflow.appxmain_31bf3856ad364e35_10.0.20348.1_none_b664b0133dd4a75e\resources.pri,,,,,,,C:\Windows\WinSxS\amd64_microsoft-windows-o..ectionflow.appxmain_31bf3856ad364e35_10.0.20348.2849_none_d5378d37a72c6e68\resources.pri,,,,,,,,,,,,,,,,,,,SCAFFOLD,0x3e7,DC$,S-1-5-18,,,,,,,,,00000000-0000-0000-0000-000000000000,,
2026-09-02T03:45:50.840681Z,4664,dc.scaffold.htb,Microsoft-Windows-Security-Auditing,Security,23268,0,,,,,,,C:\Windows\WinSxS\amd64_microsoft-windows-o..ectionflow.appxmain_31bf3856ad364e35_10.0.20348.1_none_b664b0133dd4a75e\tokens_deDE.xml,,,,,,,C:\Windows\WinSxS\amd64_microsoft-windows-o..ectionflow.appxmain_31bf3856ad364e35_10.0.20348.2849_none_d5378d37a72c6e68\tokens_deDE.xml,,,,,,,,,,,,,,,,,,,SCAFFOLD,0x3e7,DC$,S-1-5-18,,,,,,,,,00000000-0000-0000-0000-000000000000,,
2026-09-02T03:45:50.841618Z,4664,dc.scaffold.htb,Microsoft-Windows-Security-Auditing,Security,23269,0,,,,,,,C:\Windows\WinSxS\amd64_microsoft-windows-o..ectionflow.appxmain_31bf3856ad364e35_10.0.20348.1_none_b664b0133dd4a75e\tokens_enUS.xml,,,,,,,C:\Windows\WinSxS\amd64_microsoft-windows-o..ectionflow.appxmain_31bf3856ad364e35_10.0.20348.2849_none_d5378d37a72c6e68\tokens_enUS.xml,,,,,,,,,,,,,,,,,,,SCAFFOLD,0x3e7,DC$,S-1-5-18,,,,,,,,,00000000-0000-0000-0000-000000000000,,
2026-09-02T03:45:50.842162Z,4664,dc.scaffold.htb,Microsoft-Windows-Security-Auditing,Security,23270,0,,,,,,,C:\Windows\WinSxS\amd64_microsoft-windows-o..ectionflow.appxmain_31bf3856ad364e35_10.0.20348.1_none_b664b0133dd4a75e\tokens_frFR.xml,,,,,,,C:\Windows\WinSxS\amd64_microsoft-windows-o..ectionflow.appxmain_31bf3856ad364e35_10.0.20348.2849_none_d5378d37a72c6e68\tokens_frFR.xml,,,,,,,,,,,,,,,,,,,SCAFFOLD,0x3e7,DC$,S-1-5-18,,,,,,,,,00000000-0000-0000-0000-000000000000,,
2026-09-02T03:45:50.842747Z,4664,dc.scaffold.htb,Microsoft-Windows-Security-Auditing,Security,23271,0,,,,,,,C:\Windows\WinSxS\amd64_microsoft-windows-o..ectionflow.appxmain_31bf3856ad364e35_10.0.20348.1_none_b664b0133dd4a75e\tokens_itIT.xml,,,,,,,C:\Windows\WinSxS\amd64_microsoft-windows-o..ectionflow.appxmain_31bf3856ad364e35_10.0.20348.2849_none_d5378d37a72c6e68\tokens_itIT.xml,,,,,,,,,,,,,,,,,,,SCAFFOLD,0x3e7,DC$,S-1-5-18,,,,,,,,,00000000-0000-0000-0000-000000000000,,
2026-09-02T03:45:50.843288Z,4664,dc.scaffold.htb,Microsoft-Windows-Security-Auditing,Security,23272,0,,,,,,,C:\Windows\WinSxS\amd64_microsoft-windows-o..ectionflow.appxmain_31bf3856ad364e35_10.0.20348.1_none_b664b0133dd4a75e\tokens_jaJP.xml,,,,,,,C:\Windows\WinSxS\amd64_microsoft-windows-o..ectionflow.appxmain_31bf3856ad364e35_10.0.20348.2849_none_d5378d37a72c6e68\tokens_jaJP.xml,,,,,,,,,,,,,,,,,,,SCAFFOLD,0x3e7,DC$,S-1-5-18,,,,,,,,,00000000-0000-0000-0000-000000000000,,
2026-09-02T03:45:50.843890Z,4664,dc.scaffold.htb,Microsoft-Windows-Security-Auditing,Security,23273,0,,,,,,,C:\Windows\WinSxS\amd64_microsoft-windows-o..ectionflow.appxmain_31bf3856ad364e35_10.0.20348.1_none_b664b0133dd4a75e\tokens_ptBR.xml,,,,,,,C:\Windows\WinSxS\amd64_microsoft-windows-o..ectionflow.appxmain_31bf3856ad364e35_10.0.20348.2849_none_d5378d37a72c6e68\tokens_ptBR.xml,,,,,,,,,,,,,,,,,,,SCAFFOLD,0x3e7,DC$,S-1-5-18,,,,,,,,,00000000-0000-0000-0000-000000000000,,
2026-09-02T03:45:50.844444Z,4664,dc.scaffold.htb,Microsoft-Windows-Security-Auditing,Security,23274,0,,,,,,,C:\Windows\WinSxS\amd64_microsoft-windows-o..ectionflow.appxmain_31bf3856ad364e35_10.0.20348.1_none_b664b0133dd4a75e\tokens_zhCN.xml,,,,,,,C:\Windows\WinSxS\amd64_microsoft-windows-o..ectionflow.appxmain_31bf3856ad364e35_10.0.20348.2849_none_d5378d37a72c6e68\tokens_zhCN.xml,,,,,,,,,,,,,,,,,,,SCAFFOLD,0x3e7,DC$,S-1-5-18,,,,,,,,,00000000-0000-0000-0000-000000000000,,
2026-09-02T03:45:50.844959Z,4664,dc.scaffold.htb,Microsoft-Windows-Security-Auditing,Security,23275,0,,,,,,,C:\Windows\WinSxS\amd64_microsoft-windows-o..ectionflow.appxmain_31bf3856ad364e35_10.0.20348.1_none_b664b0133dd4a75e\tokens_enGB.xml,,,,,,,C:\Windows\WinSxS\amd64_microsoft-windows-o..ectionflow.appxmain_31bf3856ad364e35_10.0.20348.2849_none_d5378d37a72c6e68\tokens_enGB.xml,,,,,,,,,,,,,,,,,,,SCAFFOLD,0x3e7,DC$,S-1-5-18,,,,,,,,,00000000-0000-0000-0000-000000000000,,
2026-09-02T03:45:50.845483Z,4664,dc.scaffold.htb,Microsoft-Windows-Security-Auditing,Security,23276,0,,,,,,,C:\Windows\WinSxS\amd64_microsoft-windows-o..ectionflow.appxmain_31bf3856ad364e35_10.0.20348.1_none_b664b0133dd4a75e\tokens_esMX.xml,,,,,,,C:\Windows\WinSxS\amd64_microsoft-windows-o..ectionflow.appxmain_31bf3856ad364e35_10.0.20348.2849_none_d5378d37a72c6e68\tokens_esMX.xml,,,,,,,,,,,,,,,,,,,SCAFFOLD,0x3e7,DC$,S-1-5-18,,,,,,,,,00000000-0000-0000-0000-000000000000,,
2026-09-02T03:45:50.846170Z,4664,dc.scaffold.htb,Microsoft-Windows-Security-Auditing,Security,23277,0,,,,,,,C:\Windows\WinSxS\amd64_microsoft-windows-o..ectionflow.appxmain_31bf3856ad364e35_10.0.20348.1_none_b664b0133dd4a75e\tokens_enAU.xml,,,,,,,C:\Windows\WinSxS\amd64_microsoft-windows-o..ectionflow.appxmain_31bf3856ad364e35_10.0.20348.2849_none_d5378d37a72c6e68\tokens_enAU.xml,,,,,,,,,,,,,,,,,,,SCAFFOLD,0x3e7,DC$,S-1-5-18,,,,,,,,,00000000-0000-0000-0000-000000000000,,
2026-09-02T03:45:50.846733Z,4664,dc.scaffold.htb,Microsoft-Windows-Security-Auditing,Security,23278,0,,,,,,,C:\Windows\WinSxS\amd64_microsoft-windows-o..ectionflow.appxmain_31bf3856ad364e35_10.0.20348.1_none_b664b0133dd4a75e\tokens_esES.xml,,,,,,,C:\Windows\WinSxS\amd64_microsoft-windows-o..ectionflow.appxmain_31bf3856ad364e35_10.0.20348.2849_none_d5378d37a72c6e68\tokens_esES.xml,,,,,,,,,,,,,,,,,,,SCAFFOLD,0x3e7,DC$,S-1-5-18,,,,,,,,,00000000-0000-0000-0000-000000000000,,
2026-09-02T03:45:50.847239Z,4664,dc.scaffold.htb,Microsoft-Windows-Security-Auditing,Security,23279,0,,,,,,,C:\Windows\WinSxS\amd64_microsoft-windows-o..ectionflow.appxmain_31bf3856ad364e35_10.0.20348.1_none_b664b0133dd4a75e\tokens_frCA.xml,,,,,,,C:\Windows\WinSxS\amd64_microsoft-windows-o..ectionflow.appxmain_31bf3856ad364e35_10.0.20348.2849_none_d5378d37a72c6e68\tokens_frCA.xml,,,,,,,,,,,,,,,,,,,SCAFFOLD,0x3e7,DC$,S-1-5-18,,,,,,,,,00000000-0000-0000-0000-000000000000,,
2026-09-02T03:45:50.847832Z,4664,dc.scaffold.htb,Microsoft-Windows-Security-Auditing,Security,23280,0,,,,,,,C:\Windows\WinSxS\amd64_microsoft-windows-o..ectionflow.appxmain_31bf3856ad364e35_10.0.20348.1_none_b664b0133dd4a75e\tokens_enCA.xml,,,,,,,C:\Windows\WinSxS\amd64_microsoft-windows-o..ectionflow.appxmain_31bf3856ad364e35_10.0.20348.2849_none_d5378d37a72c6e68\tokens_enCA.xml,,,,,,,,,,,,,,,,,,,SCAFFOLD,0x3e7,DC$,S-1-5-18,,,,,,,,,00000000-0000-0000-0000-000000000000,,
2026-09-02T03:45:50.848390Z,4664,dc.scaffold.htb,Microsoft-Windows-Security-Auditing,Security,23281,0,,,,,,,C:\Windows\WinSxS\amd64_microsoft-windows-o..ectionflow.appxmain_31bf3856ad364e35_10.0.20348.1_none_b664b0133dd4a75e\tokens_enIN.xml,,,,,,,C:\Windows\WinSxS\amd64_microsoft-windows-o..ectionflow.appxmain_31bf3856ad364e35_10.0.20348.2849_none_d5378d37a72c6e68\tokens_enIN.xml,,,,,,,,,,,,,,,,,,,SCAFFOLD,0x3e7,DC$,S-1-5-18,,,,,,,,,00000000-0000-0000-0000-000000000000,,
2026-09-02T03:45:50.940386Z,4664,dc.scaffold.htb,Microsoft-Windows-Security-Auditing,Security,23282,0,,,,,,,C:\Windows\WinSxS\amd64_microsoft-windows-sechealthui.appxmain_31bf3856ad364e35_10.0.20348.502_none_9baff88d67ef2690\family_illustration-01.png,,,,,,,C:\Windows\WinSxS\amd64_microsoft-windows-sechealthui.appxmain_31bf3856ad364e35_10.0.20348.5386_none_5b6cd26a102fec0b\family_illustration-01.png,,,,,,,,,,,,,,,,,,,SCAFFOLD,0x3e7,DC$,S-1-5-18,,,,,,,,,00000000-0000-0000-0000-000000000000,,
2026-09-02T03:45:50.940972Z,4664,dc.scaffold.htb,Microsoft-Windows-Security-Auditing,Security,23283,0,,,,,,,C:\Windows\WinSxS\amd64_microsoft-windows-sechealthui.appxmain_31bf3856ad364e35_10.0.20348.502_none_9baff88d67ef2690\WindowsSecurityLargeTile.scale-100.png,,,,,,,C:\Windows\WinSxS\amd64_microsoft-windows-sechealthui.appxmain_31bf3856ad364e35_10.0.20348.5386_none_5b6cd26a102fec0b\WindowsSecurityLargeTile.scale-100.png,,,,,,,,,,,,,,,,,,,SCAFFOLD,0x3e7,DC$,S-1-5-18,,,,,,,,,00000000-0000-0000-0000-000000000000,,
2026-09-02T03:45:50.942446Z,4664,dc.scaffold.htb,Microsoft-Windows-Security-Auditing,Security,23284,0,,,,,,,C:\Windows\WinSxS\amd64_microsoft-windows-sechealthui.appxmain_31bf3856ad364e35_10.0.20348.502_none_9baff88d67ef2690\WindowsSecurityLargeTile.scale-100_contrast-black.png,,,,,,,C:\Windows\WinSxS\amd64_microsoft-windows-sechealthui.appxmain_31bf3856ad364e35_10.0.20348.5386_none_5b6cd26a102fec0b\WindowsSecurityLargeTile.scale-100_contrast-black.png,,,,,,,,,,,,,,,,,,,SCAFFOLD,0x3e7,DC$,S-1-5-18,,,,,,,,,00000000-0000-0000-0000-000000000000,,
2026-09-02T03:45:50.943091Z,4664,dc.scaffold.htb,Microsoft-Windows-Security-Auditing,Security,23285,0,,,,,,,C:\Windows\WinSxS\amd64_microsoft-windows-sechealthui.appxmain_31bf3856ad364e35_10.0.20348.502_none_9baff88d67ef2690\WindowsSecurityLargeTile.scale-100_contrast-white.png,,,,,,,C:\Windows\WinSxS\amd64_microsoft-windows-sechealthui.appxmain_31bf3856ad364e35_10.0.20348.5386_none_5b6cd26a102fec0b\WindowsSecurityLargeTile.scale-100_contrast-white.png,,,,,,,,,,,,,,,,,,,SCAFFOLD,0x3e7,DC$,S-1-5-18,,,,,,,,,00000000-0000-0000-0000-000000000000,,
2026-09-02T03:45:50.943661Z,4664,dc.scaffold.htb,Microsoft-Windows-Security-Auditing,Security,23286,0,,,,,,,C:\Windows\WinSxS\amd64_microsoft-windows-sechealthui.appxmain_31bf3856ad364e35_10.0.20348.502_none_9baff88d67ef2690\WindowsSecurityLargeTile.scale-125.png,,,,,,,C:\Windows\WinSxS\amd64_microsoft-windows-sechealthui.appxmain_31bf3856ad364e35_10.0.20348.5386_none_5b6cd26a102fec0b\WindowsSecurityLargeTile.scale-125.png,,,,,,,,,,,,,,,,,,,SCAFFOLD,0x3e7,DC$,S-1-5-18,,,,,,,,,00000000-0000-0000-0000-000000000000,,
2026-09-02T03:45:50.944320Z,4664,dc.scaffold.htb,Microsoft-Windows-Security-Auditing,Security,23287,0,,,,,,,C:\Windows\WinSxS\amd64_microsoft-windows-sechealthui.appxmain_31bf3856ad364e35_10.0.20348.502_none_9baff88d67ef2690\WindowsSecurityLargeTile.scale-125_contrast-black.png,,,,,,,C:\Windows\WinSxS\amd64_microsoft-windows-sechealthui.appxmain_31bf3856ad364e35_10.0.20348.5386_none_5b6cd26a102fec0b\WindowsSecurityLargeTile.scale-125_contrast-black.png,,,,,,,,,,,,,,,,,,,SCAFFOLD,0x3e7,DC$,S-1-5-18,,,,,,,,,00000000-0000-0000-0000-000000000000,,
2026-09-02T03:45:50.944882Z,4664,dc.scaffold.htb,Microsoft-Windows-Security-Auditing,Security,23288,0,,,,,,,C:\Windows\WinSxS\amd64_microsoft-windows-sechealthui.appxmain_31bf3856ad364e35_10.0.20348.502_none_9baff88d67ef2690\WindowsSecurityLargeTile.scale-125_contrast-white.png,,,,,,,C:\Windows\WinSxS\amd64_microsoft-windows-sechealthui.appxmain_31bf3856ad364e35_10.0.20348.5386_none_5b6cd26a102fec0b\WindowsSecurityLargeTile.scale-125_contrast-white.png,,,,,,,,,,,,,,,,,,,SCAFFOLD,0x3e7,DC$,S-1-5-18,,,,,,,,,00000000-0000-0000-0000-000000000000,,
2026-09-02T03:45:50.945447Z,4664,dc.scaffold.htb,Microsoft-Windows-Security-Auditing,Security,23289,0,,,,,,,C:\Windows\WinSxS\amd64_microsoft-windows-sechealthui.appxmain_31bf3856ad364e35_10.0.20348.502_none_9baff88d67ef2690\WindowsSecurityLargeTile.scale-150.png,,,,,,,C:\Windows\WinSxS\amd64_microsoft-windows-sechealthui.appxmain_31bf3856ad364e35_10.0.20348.5386_none_5b6cd26a102fec0b\WindowsSecurityLargeTile.scale-150.png,,,,,,,,,,,,,,,,,,,SCAFFOLD,0x3e7,DC$,S-1-5-18,,,,,,,,,00000000-0000-0000-0000-000000000000,,
2026-09-02T03:45:50.947054Z,4664,dc.scaffold.htb,Microsoft-Windows-Security-Auditing,Security,23290,0,,,,,,,C:\Windows\WinSxS\amd64_microsoft-windows-sechealthui.appxmain_31bf3856ad364e35_10.0.20348.502_none_9baff88d67ef2690\WindowsSecurityLargeTile.scale-150_contrast-black.png,,,,,,,C:\Windows\WinSxS\amd64_microsoft-windows-sechealthui.appxmain_31bf3856ad364e35_10.0.20348.5386_none_5b6cd26a102fec0b\WindowsSecurityLargeTile.scale-150_contrast-black.png,,,,,,,,,,,,,,,,,,,SCAFFOLD,0x3e7,DC$,S-1-5-18,,,,,,,,,00000000-0000-0000-0000-000000000000,,
2026-09-02T03:45:50.947880Z,4664,dc.scaffold.htb,Microsoft-Windows-Security-Auditing,Security,23291,0,,,,,,,C:\Windows\WinSxS\amd64_microsoft-windows-sechealthui.appxmain_31bf3856ad364e35_10.0.20348.502_none_9baff88d67ef2690\WindowsSecurityLargeTile.scale-150_contrast-white.png,,,,,,,C:\Windows\WinSxS\amd64_microsoft-windows-sechealthui.appxmain_31bf3856ad364e35_10.0.20348.5386_none_5b6cd26a102fec0b\WindowsSecurityLargeTile.scale-150_contrast-white.png,,,,,,,,,,,,,,,,,,,SCAFFOLD,0x3e7,DC$,S-1-5-18,,,,,,,,,00000000-0000-0000-0000-000000000000,,
2026-09-02T03:45:50.948652Z,4664,dc.scaffold.htb,Microsoft-Windows-Security-Auditing,Security,23292,0,,,,,,,C:\Windows\WinSxS\amd64_microsoft-windows-sechealthui.appxmain_31bf3856ad364e35_10.0.20348.502_none_9baff88d67ef2690\WindowsSecurityLargeTile.scale-200.png,,,,,,,C:\Windows\WinSxS\amd64_microsoft-windows-sechealthui.appxmain_31bf3856ad364e35_10.0.20348.5386_none_5b6cd26a102fec0b\WindowsSecurityLargeTile.scale-200.png,,,,,,,,,,,,,,,,,,,SCAFFOLD,0x3e7,DC$,S-1-5-18,,,,,,,,,00000000-0000-0000-0000-000000000000,,
2026-09-02T03:45:50.949231Z,4664,dc.scaffold.htb,Microsoft-Windows-Security-Auditing,Security,23293,0,,,,,,,C:\Windows\WinSxS\amd64_microsoft-windows-sechealthui.appxmain_31bf3856ad364e35_10.0.20348.502_none_9baff88d67ef2690\WindowsSecurityLargeTile.scale-200_contrast-black.png,,,,,,,C:\Windows\WinSxS\amd64_microsoft-windows-sechealthui.appxmain_31bf3856ad364e35_10.0.20348.5386_none_5b6cd26a102fec0b\WindowsSecurityLargeTile.scale-200_contrast-black.png,,,,,,,,,,,,,,,,,,,SCAFFOLD,0x3e7,DC$,S-1-5-18,,,,,,,,,00000000-0000-0000-0000-000000000000,,
2026-09-02T03:45:50.949796Z,4664,dc.scaffold.htb,Microsoft-Windows-Security-Auditing,Security,23294,0,,,,,,,C:\Windows\WinSxS\amd64_microsoft-windows-sechealthui.appxmain_31bf3856ad364e35_10.0.20348.502_none_9baff88d67ef2690\WindowsSecurityLargeTile.scale-200_contrast-white.png,,,,,,,C:\Windows\WinSxS\amd64_microsoft-windows-sechealthui.appxmain_31bf3856ad364e35_10.0.20348.5386_none_5b6cd26a102fec0b\WindowsSecurityLargeTile.scale-200_contrast-white.png,,,,,,,,,,,,,,,,,,,SCAFFOLD,0x3e7,DC$,S-1-5-18,,,,,,,,,00000000-0000-0000-0000-000000000000,,
2026-09-02T03:45:50.950409Z,4664,dc.scaffold.htb,Microsoft-Windows-Security-Auditing,Security,23295,0,,,,,,,C:\Windows\WinSxS\amd64_microsoft-windows-sechealthui.appxmain_31bf3856ad364e35_10.0.20348.502_none_9baff88d67ef2690\WindowsSecurityLargeTile.scale-400.png,,,,,,,C:\Windows\WinSxS\amd64_microsoft-windows-sechealthui.appxmain_31bf3856ad364e35_10.0.20348.5386_none_5b6cd26a102fec0b\WindowsSecurityLargeTile.scale-400.png,,,,,,,,,,,,,,,,,,,SCAFFOLD,0x3e7,DC$,S-1-5-18,,,,,,,,,00000000-0000-0000-0000-000000000000,,
2026-09-02T03:45:50.951146Z,4664,dc.scaffold.htb,Microsoft-Windows-Security-Auditing,Security,23296,0,,,,,,,C:\Windows\WinSxS\amd64_microsoft-windows-sechealthui.appxmain_31bf3856ad364e35_10.0.20348.502_none_9baff88d67ef2690\WindowsSecurityLargeTile.scale-400_contrast-black.png,,,,,,,C:\Windows\WinSxS\amd64_microsoft-windows-sechealthui.appxmain_31bf3856ad364e35_10.0.20348.5386_none_5b6cd26a102fec0b\WindowsSecurityLargeTile.scale-400_contrast-black.png,,,,,,,,,,,,,,,,,,,SCAFFOLD,0x3e7,DC$,S-1-5-18,,,,,,,,,00000000-0000-0000-0000-000000000000,,
2026-09-02T03:45:50.951785Z,4664,dc.scaffold.htb,Microsoft-Windows-Security-Auditing,Security,23297,0,,,,,,,C:\Windows\WinSxS\amd64_microsoft-windows-sechealthui.appxmain_31bf3856ad364e35_10.0.20348.502_none_9baff88d67ef2690\WindowsSecurityLargeTile.scale-400_contrast-white.png,,,,,,,C:\Windows\WinSxS\amd64_microsoft-windows-sechealthui.appxmain_31bf3856ad364e35_10.0.20348.5386_none_5b6cd26a102fec0b\WindowsSecurityLargeTile.scale-400_contrast-white.png,,,,,,,,,,,,,,,,,,,SCAFFOLD,0x3e7,DC$,S-1-5-18,,,,,,,,,00000000-0000-0000-0000-000000000000,,
2026-09-02T03:45:50.952509Z,4664,dc.scaffold.htb,Microsoft-Windows-Security-Auditing,Security,23298,0,,,,,,,C:\Windows\WinSxS\amd64_microsoft-windows-sechealthui.appxmain_31bf3856ad364e35_10.0.20348.502_none_9baff88d67ef2690\WindowsSecurityMedTile.scale-100.png,,,,,,,C:\Windows\WinSxS\amd64_microsoft-windows-sechealthui.appxmain_31bf3856ad364e35_10.0.20348.5386_none_5b6cd26a102fec0b\WindowsSecurityMedTile.scale-100.png,,,,,,,,,,,,,,,,,,,SCAFFOLD,0x3e7,DC$,S-1-5-18,,,,,,,,,00000000-0000-0000-0000-000000000000,,
2026-09-02T03:45:50.953089Z,4664,dc.scaffold.htb,Microsoft-Windows-Security-Auditing,Security,23299,0,,,,,,,C:\Windows\WinSxS\amd64_microsoft-windows-sechealthui.appxmain_31bf3856ad364e35_10.0.20348.502_none_9baff88d67ef2690\WindowsSecurityMedTile.scale-100_contrast-black.png,,,,,,,C:\Windows\WinSxS\amd64_microsoft-windows-sechealthui.appxmain_31bf3856ad364e35_10.0.20348.5386_none_5b6cd26a102fec0b\WindowsSecurityMedTile.scale-100_contrast-black.png,,,,,,,,,,,,,,,,,,,SCAFFOLD,0x3e7,DC$,S-1-5-18,,,,,,,,,00000000-0000-0000-0000-000000000000,,
2026-09-02T03:45:50.953667Z,4664,dc.scaffold.htb,Microsoft-Windows-Security-Auditing,Security,23300,0,,,,,,,C:\Windows\WinSxS\amd64_microsoft-windows-sechealthui.appxmain_31bf3856ad364e35_10.0.20348.502_none_9baff88d67ef2690\WindowsSecurityMedTile.scale-100_contrast-white.png,,,,,,,C:\Windows\WinSxS\amd64_microsoft-windows-sechealthui.appxmain_31bf3856ad364e35_10.0.20348.5386_none_5b6cd26a102fec0b\WindowsSecurityMedTile.scale-100_contrast-white.png,,,,,,,,,,,,,,,,,,,SCAFFOLD,0x3e7,DC$,S-1-5-18,,,,,,,,,00000000-0000-0000-0000-000000000000,,
2026-09-02T03:45:50.954268Z,4664,dc.scaffold.htb,Microsoft-Windows-Security-Auditing,Security,23301,0,,,,,,,C:\Windows\WinSxS\amd64_microsoft-windows-sechealthui.appxmain_31bf3856ad364e35_10.0.20348.502_none_9baff88d67ef2690\WindowsSecurityMedTile.scale-125.png,,,,,,,C:\Windows\WinSxS\amd64_microsoft-windows-sechealthui.appxmain_31bf3856ad364e35_10.0.20348.5386_none_5b6cd26a102fec0b\WindowsSecurityMedTile.scale-125.png,,,,,,,,,,,,,,,,,,,SCAFFOLD,0x3e7,DC$,S-1-5-18,,,,,,,,,00000000-0000-0000-0000-000000000000,,
2026-09-02T03:45:50.954900Z,4664,dc.scaffold.htb,Microsoft-Windows-Security-Auditing,Security,23302,0,,,,,,,C:\Windows\WinSxS\amd64_microsoft-windows-sechealthui.appxmain_31bf3856ad364e35_10.0.20348.502_none_9baff88d67ef2690\WindowsSecurityMedTile.scale-125_contrast-black.png,,,,,,,C:\Windows\WinSxS\amd64_microsoft-windows-sechealthui.appxmain_31bf3856ad364e35_10.0.20348.5386_none_5b6cd26a102fec0b\WindowsSecurityMedTile.scale-125_contrast-black.png,,,,,,,,,,,,,,,,,,,SCAFFOLD,0x3e7,DC$,S-1-5-18,,,,,,,,,00000000-0000-0000-0000-000000000000,,
2026-09-02T03:45:50.955527Z,4664,dc.scaffold.htb,Microsoft-Windows-Security-Auditing,Security,23303,0,,,,,,,C:\Windows\WinSxS\amd64_microsoft-windows-sechealthui.appxmain_31bf3856ad364e35_10.0.20348.502_none_9baff88d67ef2690\WindowsSecurityMedTile.scale-125_contrast-white.png,,,,,,,C:\Windows\WinSxS\amd64_microsoft-windows-sechealthui.appxmain_31bf3856ad364e35_10.0.20348.5386_none_5b6cd26a102fec0b\WindowsSecurityMedTile.scale-125_contrast-white.png,,,,,,,,,,,,,,,,,,,SCAFFOLD,0x3e7,DC$,S-1-5-18,,,,,,,,,00000000-0000-0000-0000-000000000000,,
2026-09-02T03:45:50.965122Z,4664,dc.scaffold.htb,Microsoft-Windows-Security-Auditing,Security,23304,0,,,,,,,C:\Windows\WinSxS\amd64_microsoft-windows-sechealthui.appxmain_31bf3856ad364e35_10.0.20348.502_none_9baff88d67ef2690\WindowsSecurityMedTile.scale-150.png,,,,,,,C:\Windows\WinSxS\amd64_microsoft-windows-sechealthui.appxmain_31bf3856ad364e35_10.0.20348.5386_none_5b6cd26a102fec0b\WindowsSecurityMedTile.scale-150.png,,,,,,,,,,,,,,,,,,,SCAFFOLD,0x3e7,DC$,S-1-5-18,,,,,,,,,00000000-0000-0000-0000-000000000000,,
2026-09-02T03:45:50.965778Z,4664,dc.scaffold.htb,Microsoft-Windows-Security-Auditing,Security,23305,0,,,,,,,C:\Windows\WinSxS\amd64_microsoft-windows-sechealthui.appxmain_31bf3856ad364e35_10.0.20348.502_none_9baff88d67ef2690\WindowsSecurityMedTile.scale-150_contrast-black.png,,,,,,,C:\Windows\WinSxS\amd64_microsoft-windows-sechealthui.appxmain_31bf3856ad364e35_10.0.20348.5386_none_5b6cd26a102fec0b\WindowsSecurityMedTile.scale-150_contrast-black.png,,,,,,,,,,,,,,,,,,,SCAFFOLD,0x3e7,DC$,S-1-5-18,,,,,,,,,00000000-0000-0000-0000-000000000000,,
2026-09-02T03:45:50.966362Z,4664,dc.scaffold.htb,Microsoft-Windows-Security-Auditing,Security,23306,0,,,,,,,C:\Windows\WinSxS\amd64_microsoft-windows-sechealthui.appxmain_31bf3856ad364e35_10.0.20348.502_none_9baff88d67ef2690\WindowsSecurityMedTile.scale-150_contrast-white.png,,,,,,,C:\Windows\WinSxS\amd64_microsoft-windows-sechealthui.appxmain_31bf3856ad364e35_10.0.20348.5386_none_5b6cd26a102fec0b\WindowsSecurityMedTile.scale-150_contrast-white.png,,,,,,,,,,,,,,,,,,,SCAFFOLD,0x3e7,DC$,S-1-5-18,,,,,,,,,00000000-0000-0000-0000-000000000000,,
2026-09-02T03:45:50.967075Z,4664,dc.scaffold.htb,Microsoft-Windows-Security-Auditing,Security,23307,0,,,,,,,C:\Windows\WinSxS\amd64_microsoft-windows-sechealthui.appxmain_31bf3856ad364e35_10.0.20348.502_none_9baff88d67ef2690\WindowsSecurityMedTile.scale-200.png,,,,,,,C:\Windows\WinSxS\amd64_microsoft-windows-sechealthui.appxmain_31bf3856ad364e35_10.0.20348.5386_none_5b6cd26a102fec0b\WindowsSecurityMedTile.scale-200.png,,,,,,,,,,,,,,,,,,,SCAFFOLD,0x3e7,DC$,S-1-5-18,,,,,,,,,00000000-0000-0000-0000-000000000000,,
2026-09-02T03:45:50.968249Z,4664,dc.scaffold.htb,Microsoft-Windows-Security-Auditing,Security,23308,0,,,,,,,C:\Windows\WinSxS\amd64_microsoft-windows-sechealthui.appxmain_31bf3856ad364e35_10.0.20348.502_none_9baff88d67ef2690\WindowsSecurityMedTile.scale-200_contrast-black.png,,,,,,,C:\Windows\WinSxS\amd64_microsoft-windows-sechealthui.appxmain_31bf3856ad364e35_10.0.20348.5386_none_5b6cd26a102fec0b\WindowsSecurityMedTile.scale-200_contrast-black.png,,,,,,,,,,,,,,,,,,,SCAFFOLD,0x3e7,DC$,S-1-5-18,,,,,,,,,00000000-0000-0000-0000-000000000000,,
2026-09-02T03:45:50.968871Z,4664,dc.scaffold.htb,Microsoft-Windows-Security-Auditing,Security,23309,0,,,,,,,C:\Windows\WinSxS\amd64_microsoft-windows-sechealthui.appxmain_31bf3856ad364e35_10.0.20348.502_none_9baff88d67ef2690\WindowsSecurityMedTile.scale-200_contrast-white.png,,,,,,,C:\Windows\WinSxS\amd64_microsoft-windows-sechealthui.appxmain_31bf3856ad364e35_10.0.20348.5386_none_5b6cd26a102fec0b\WindowsSecurityMedTile.scale-200_contrast-white.png,,,,,,,,,,,,,,,,,,,SCAFFOLD,0x3e7,DC$,S-1-5-18,,,,,,,,,00000000-0000-0000-0000-000000000000,,
2026-09-02T03:45:50.969436Z,4664,dc.scaffold.htb,Microsoft-Windows-Security-Auditing,Security,23310,0,,,,,,,C:\Windows\WinSxS\amd64_microsoft-windows-sechealthui.appxmain_31bf3856ad364e35_10.0.20348.502_none_9baff88d67ef2690\WindowsSecurityMedTile.scale-400.png,,,,,,,C:\Windows\WinSxS\amd64_microsoft-windows-sechealthui.appxmain_31bf3856ad364e35_10.0.20348.5386_none_5b6cd26a102fec0b\WindowsSecurityMedTile.scale-400.png,,,,,,,,,,,,,,,,,,,SCAFFOLD,0x3e7,DC$,S-1-5-18,,,,,,,,,00000000-0000-0000-0000-000000000000,,
2026-09-02T03:45:50.969981Z,4664,dc.scaffold.htb,Microsoft-Windows-Security-Auditing,Security,23311,0,,,,,,,C:\Windows\WinSxS\amd64_microsoft-windows-sechealthui.appxmain_31bf3856ad364e35_10.0.20348.502_none_9baff88d67ef2690\WindowsSecurityMedTile.scale-400_contrast-black.png,,,,,,,C:\Windows\WinSxS\amd64_microsoft-windows-sechealthui.appxmain_31bf3856ad364e35_10.0.20348.5386_none_5b6cd26a102fec0b\WindowsSecurityMedTile.scale-400_contrast-black.png,,,,,,,,,,,,,,,,,,,SCAFFOLD,0x3e7,DC$,S-1-5-18,,,,,,,,,00000000-0000-0000-0000-000000000000,,
2026-09-02T03:45:50.970574Z,4664,dc.scaffold.htb,Microsoft-Windows-Security-Auditing,Security,23312,0,,,,,,,C:\Windows\WinSxS\amd64_microsoft-windows-sechealthui.appxmain_31bf3856ad364e35_10.0.20348.502_none_9baff88d67ef2690\WindowsSecurityMedTile.scale-400_contrast-white.png,,,,,,,C:\Windows\WinSxS\amd64_microsoft-windows-sechealthui.appxmain_31bf3856ad364e35_10.0.20348.5386_none_5b6cd26a102fec0b\WindowsSecurityMedTile.scale-400_contrast-white.png,,,,,,,,,,,,,,,,,,,SCAFFOLD,0x3e7,DC$,S-1-5-18,,,,,,,,,00000000-0000-0000-0000-000000000000,,
2026-09-02T03:45:50.971144Z,4664,dc.scaffold.htb,Microsoft-Windows-Security-Auditing,Security,23313,0,,,,,,,C:\Windows\WinSxS\amd64_microsoft-windows-sechealthui.appxmain_31bf3856ad364e35_10.0.20348.502_none_9baff88d67ef2690\WindowsSecuritySmallTile.scale-100.png,,,,,,,C:\Windows\WinSxS\amd64_microsoft-windows-sechealthui.appxmain_31bf3856ad364e35_10.0.20348.5386_none_5b6cd26a102fec0b\WindowsSecuritySmallTile.scale-100.png,,,,,,,,,,,,,,,,,,,SCAFFOLD,0x3e7,DC$,S-1-5-18,,,,,,,,,00000000-0000-0000-0000-000000000000,,
2026-09-02T03:45:50.971755Z,4664,dc.scaffold.htb,Microsoft-Windows-Security-Auditing,Security,23314,0,,,,,,,C:\Windows\WinSxS\amd64_microsoft-windows-sechealthui.appxmain_31bf3856ad364e35_10.0.20348.502_none_9baff88d67ef2690\WindowsSecuritySmallTile.scale-100_contrast-black.png,,,,,,,C:\Windows\WinSxS\amd64_microsoft-windows-sechealthui.appxmain_31bf3856ad364e35_10.0.20348.5386_none_5b6cd26a102fec0b\WindowsSecuritySmallTile.scale-100_contrast-black.png,,,,,,,,,,,,,,,,,,,SCAFFOLD,0x3e7,DC$,S-1-5-18,,,,,,,,,00000000-0000-0000-0000-000000000000,,
2026-09-02T03:45:50.972408Z,4664,dc.scaffold.htb,Microsoft-Windows-Security-Auditing,Security,23315,0,,,,,,,C:\Windows\WinSxS\amd64_microsoft-windows-sechealthui.appxmain_31bf3856ad364e35_10.0.20348.502_none_9baff88d67ef2690\WindowsSecuritySmallTile.scale-100_contrast-white.png,,,,,,,C:\Windows\WinSxS\amd64_microsoft-windows-sechealthui.appxmain_31bf3856ad364e35_10.0.20348.5386_none_5b6cd26a102fec0b\WindowsSecuritySmallTile.scale-100_contrast-white.png,,,,,,,,,,,,,,,,,,,SCAFFOLD,0x3e7,DC$,S-1-5-18,,,,,,,,,00000000-0000-0000-0000-000000000000,,
2026-09-02T03:45:50.973380Z,4664,dc.scaffold.htb,Microsoft-Windows-Security-Auditing,Security,23316,0,,,,,,,C:\Windows\WinSxS\amd64_microsoft-windows-sechealthui.appxmain_31bf3856ad364e35_10.0.20348.502_none_9baff88d67ef2690\WindowsSecuritySmallTile.scale-125.png,,,,,,,C:\Windows\WinSxS\amd64_microsoft-windows-sechealthui.appxmain_31bf3856ad364e35_10.0.20348.5386_none_5b6cd26a102fec0b\WindowsSecuritySmallTile.scale-125.png,,,,,,,,,,,,,,,,,,,SCAFFOLD,0x3e7,DC$,S-1-5-18,,,,,,,,,00000000-0000-0000-0000-000000000000,,
2026-09-02T03:45:50.974013Z,4664,dc.scaffold.htb,Microsoft-Windows-Security-Auditing,Security,23317,0,,,,,,,C:\Windows\WinSxS\amd64_microsoft-windows-sechealthui.appxmain_31bf3856ad364e35_10.0.20348.502_none_9baff88d67ef2690\WindowsSecuritySmallTile.scale-125_contrast-black.png,,,,,,,C:\Windows\WinSxS\amd64_microsoft-windows-sechealthui.appxmain_31bf3856ad364e35_10.0.20348.5386_none_5b6cd26a102fec0b\WindowsSecuritySmallTile.scale-125_contrast-black.png,,,,,,,,,,,,,,,,,,,SCAFFOLD,0x3e7,DC$,S-1-5-18,,,,,,,,,00000000-0000-0000-0000-000000000000,,
2026-09-02T03:45:50.974596Z,4664,dc.scaffold.htb,Microsoft-Windows-Security-Auditing,Security,23318,0,,,,,,,C:\Windows\WinSxS\amd64_microsoft-windows-sechealthui.appxmain_31bf3856ad364e35_10.0.20348.502_none_9baff88d67ef2690\WindowsSecuritySmallTile.scale-125_contrast-white.png,,,,,,,C:\Windows\WinSxS\amd64_microsoft-windows-sechealthui.appxmain_31bf3856ad364e35_10.0.20348.5386_none_5b6cd26a102fec0b\WindowsSecuritySmallTile.scale-125_contrast-white.png,,,,,,,,,,,,,,,,,,,SCAFFOLD,0x3e7,DC$,S-1-5-18,,,,,,,,,00000000-0000-0000-0000-000000000000,,
2026-09-02T03:45:50.975219Z,4664,dc.scaffold.htb,Microsoft-Windows-Security-Auditing,Security,23319,0,,,,,,,C:\Windows\WinSxS\amd64_microsoft-windows-sechealthui.appxmain_31bf3856ad364e35_10.0.20348.502_none_9baff88d67ef2690\WindowsSecuritySmallTile.scale-150.png,,,,,,,C:\Windows\WinSxS\amd64_microsoft-windows-sechealthui.appxmain_31bf3856ad364e35_10.0.20348.5386_none_5b6cd26a102fec0b\WindowsSecuritySmallTile.scale-150.png,,,,,,,,,,,,,,,,,,,SCAFFOLD,0x3e7,DC$,S-1-5-18,,,,,,,,,00000000-0000-0000-0000-000000000000,,
2026-09-02T03:45:50.975796Z,4664,dc.scaffold.htb,Microsoft-Windows-Security-Auditing,Security,23320,0,,,,,,,C:\Windows\WinSxS\amd64_microsoft-windows-sechealthui.appxmain_31bf3856ad364e35_10.0.20348.502_none_9baff88d67ef2690\WindowsSecuritySmallTile.scale-150_contrast-black.png,,,,,,,C:\Windows\WinSxS\amd64_microsoft-windows-sechealthui.appxmain_31bf3856ad364e35_10.0.20348.5386_none_5b6cd26a102fec0b\WindowsSecuritySmallTile.scale-150_contrast-black.png,,,,,,,,,,,,,,,,,,,SCAFFOLD,0x3e7,DC$,S-1-5-18,,,,,,,,,00000000-0000-0000-0000-000000000000,,
2026-09-02T03:45:50.976408Z,4664,dc.scaffold.htb,Microsoft-Windows-Security-Auditing,Security,23321,0,,,,,,,C:\Windows\WinSxS\amd64_microsoft-windows-sechealthui.appxmain_31bf3856ad364e35_10.0.20348.502_none_9baff88d67ef2690\WindowsSecuritySmallTile.scale-150_contrast-white.png,,,,,,,C:\Windows\WinSxS\amd64_microsoft-windows-sechealthui.appxmain_31bf3856ad364e35_10.0.20348.5386_none_5b6cd26a102fec0b\WindowsSecuritySmallTile.scale-150_contrast-white.png,,,,,,,,,,,,,,,,,,,SCAFFOLD,0x3e7,DC$,S-1-5-18,,,,,,,,,00000000-0000-0000-0000-000000000000,,
2026-09-02T03:45:50.976890Z,4664,dc.scaffold.htb,Microsoft-Windows-Security-Auditing,Security,23322,0,,,,,,,C:\Windows\WinSxS\amd64_microsoft-windows-sechealthui.appxmain_31bf3856ad364e35_10.0.20348.502_none_9baff88d67ef2690\WindowsSecuritySmallTile.scale-200.png,,,,,,,C:\Windows\WinSxS\amd64_microsoft-windows-sechealthui.appxmain_31bf3856ad364e35_10.0.20348.5386_none_5b6cd26a102fec0b\WindowsSecuritySmallTile.scale-200.png,,,,,,,,,,,,,,,,,,,SCAFFOLD,0x3e7,DC$,S-1-5-18,,,,,,,,,00000000-0000-0000-0000-000000000000,,
