2026-09-02T03:21:27.865081Z,4660,dc.scaffold.htb,Microsoft-Windows-Security-Auditing,Security,22832,0,,,,,,,,,0x70,,,,,,,,,,,,,,Security,,,,,0x166c,C:\Windows\System32\poqexec.exe,,,,SCAFFOLD,0x3e7,DC$,S-1-5-18,,,,,,,,,C62843AF-A67C-11F1-9935-005056B98D90,,
2026-09-02T03:21:27.865722Z,4664,dc.scaffold.htb,Microsoft-Windows-Security-Auditing,Security,22833,0,,,,,,,C:\Windows\WinSxS\amd64_system.web_b03f5f7f11d50a3a_4.0.15806.696_none_4a880169d5cc4e20\System.Web.dll,,,,,,,C:\Windows\Microsoft.NET\assembly\GAC_64\System.Web\v4.0_4.0.0.0__b03f5f7f11d50a3a\System.Web.dll,,,,,,,,,,,,,,,,,,,SCAFFOLD,0x3e7,DC$,S-1-5-18,,,,,,,,,C62843AF-A67C-11F1-9935-005056B98D90,,
2026-09-02T03:21:27.868056Z,4663,dc.scaffold.htb,Microsoft-Windows-Security-Auditing,Security,22834,0,"%%1537
				",0x10000,,,,,,,0x70,,,,,,,,,,,,,C:\Windows\Microsoft.NET\assembly\GAC_32\System.Printing\v4.0_4.0.0.0__31bf3856ad364e35\System.Printing.dll,Security,File,,,,0x166c,C:\Windows\System32\poqexec.exe,,S:AI,,SCAFFOLD,0x3e7,DC$,S-1-5-18,,,,,,,,,,,
2026-09-02T03:21:27.868061Z,4660,dc.scaffold.htb,Microsoft-Windows-Security-Auditing,Security,22835,0,,,,,,,,,0x70,,,,,,,,,,,,,,Security,,,,,0x166c,C:\Windows\System32\poqexec.exe,,,,SCAFFOLD,0x3e7,DC$,S-1-5-18,,,,,,,,,C62843AF-A67C-11F1-9935-005056B98D90,,
2026-09-02T03:21:27.868064Z,4664,dc.scaffold.htb,Microsoft-Windows-Security-Auditing,Security,22836,0,,,,,,,C:\Windows\WinSxS\wow64_system.printing_31bf3856ad364e35_4.0.15806.696_none_477c81a614597950\System.Printing.dll,,,,,,,C:\Windows\Microsoft.NET\assembly\GAC_32\System.Printing\v4.0_4.0.0.0__31bf3856ad364e35\System.Printing.dll,,,,,,,,,,,,,,,,,,,SCAFFOLD,0x3e7,DC$,S-1-5-18,,,,,,,,,C62843AF-A67C-11F1-9935-005056B98D90,,
2026-09-02T03:21:27.869557Z,4663,dc.scaffold.htb,Microsoft-Windows-Security-Auditing,Security,22837,0,"%%1537
				",0x10000,,,,,,,0x70,,,,,,,,,,,,,C:\Windows\Microsoft.NET\assembly\GAC_32\mscorlib\v4.0_4.0.0.0__b77a5c561934e089\normnfkc.nlp,Security,File,,,,0x166c,C:\Windows\System32\poqexec.exe,,S:AI,,SCAFFOLD,0x3e7,DC$,S-1-5-18,,,,,,,,,,,
2026-09-02T03:21:27.869606Z,4660,dc.scaffold.htb,Microsoft-Windows-Security-Auditing,Security,22838,0,,,,,,,,,0x70,,,,,,,,,,,,,,Security,,,,,0x166c,C:\Windows\System32\poqexec.exe,,,,SCAFFOLD,0x3e7,DC$,S-1-5-18,,,,,,,,,C62843AF-A67C-11F1-9935-005056B98D90,,
2026-09-02T03:21:27.873339Z,4663,dc.scaffold.htb,Microsoft-Windows-Security-Auditing,Security,22839,0,"%%1537
				",0x10000,,,,,,,0x70,,,,,,,,,,,,,C:\Windows\Microsoft.NET\assembly\GAC_32\mscorlib\v4.0_4.0.0.0__b77a5c561934e089\normidna.nlp,Security,File,,,,0x166c,C:\Windows\System32\poqexec.exe,,S:AI,,SCAFFOLD,0x3e7,DC$,S-1-5-18,,,,,,,,,,,
2026-09-02T03:21:27.873345Z,4660,dc.scaffold.htb,Microsoft-Windows-Security-Auditing,Security,22840,0,,,,,,,,,0x70,,,,,,,,,,,,,,Security,,,,,0x166c,C:\Windows\System32\poqexec.exe,,,,SCAFFOLD,0x3e7,DC$,S-1-5-18,,,,,,,,,C62843AF-A67C-11F1-9935-005056B98D90,,
2026-09-02T03:21:27.873734Z,4663,dc.scaffold.htb,Microsoft-Windows-Security-Auditing,Security,22841,0,"%%1537
				",0x10000,,,,,,,0x70,,,,,,,,,,,,,C:\Windows\Microsoft.NET\assembly\GAC_32\mscorlib\v4.0_4.0.0.0__b77a5c561934e089\mscorlib.dll,Security,File,,,,0x166c,C:\Windows\System32\poqexec.exe,,S:AI,,SCAFFOLD,0x3e7,DC$,S-1-5-18,,,,,,,,,,,
2026-09-02T03:21:27.875091Z,4660,dc.scaffold.htb,Microsoft-Windows-Security-Auditing,Security,22842,0,,,,,,,,,0x70,,,,,,,,,,,,,,Security,,,,,0x166c,C:\Windows\System32\poqexec.exe,,,,SCAFFOLD,0x3e7,DC$,S-1-5-18,,,,,,,,,C62843AF-A67C-11F1-9935-005056B98D90,,
2026-09-02T03:21:27.876039Z,4663,dc.scaffold.htb,Microsoft-Windows-Security-Auditing,Security,22843,0,"%%1537
				",0x10000,,,,,,,0x70,,,,,,,,,,,,,C:\Windows\Microsoft.NET\assembly\GAC_32\mscorlib\v4.0_4.0.0.0__b77a5c561934e089\normnfc.nlp,Security,File,,,,0x166c,C:\Windows\System32\poqexec.exe,,S:AI,,SCAFFOLD,0x3e7,DC$,S-1-5-18,,,,,,,,,,,
2026-09-02T03:21:27.876103Z,4660,dc.scaffold.htb,Microsoft-Windows-Security-Auditing,Security,22844,0,,,,,,,,,0x70,,,,,,,,,,,,,,Security,,,,,0x166c,C:\Windows\System32\poqexec.exe,,,,SCAFFOLD,0x3e7,DC$,S-1-5-18,,,,,,,,,C62843AF-A67C-11F1-9935-005056B98D90,,
2026-09-02T03:21:27.877476Z,4663,dc.scaffold.htb,Microsoft-Windows-Security-Auditing,Security,22845,0,"%%1537
				",0x10000,,,,,,,0x70,,,,,,,,,,,,,C:\Windows\Microsoft.NET\assembly\GAC_32\mscorlib\v4.0_4.0.0.0__b77a5c561934e089\normnfkd.nlp,Security,File,,,,0x166c,C:\Windows\System32\poqexec.exe,,S:AI,,SCAFFOLD,0x3e7,DC$,S-1-5-18,,,,,,,,,,,
2026-09-02T03:21:27.877524Z,4660,dc.scaffold.htb,Microsoft-Windows-Security-Auditing,Security,22846,0,,,,,,,,,0x70,,,,,,,,,,,,,,Security,,,,,0x166c,C:\Windows\System32\poqexec.exe,,,,SCAFFOLD,0x3e7,DC$,S-1-5-18,,,,,,,,,C62843AF-A67C-11F1-9935-005056B98D90,,
2026-09-02T03:21:27.878443Z,4663,dc.scaffold.htb,Microsoft-Windows-Security-Auditing,Security,22847,0,"%%1537
				",0x10000,,,,,,,0x70,,,,,,,,,,,,,C:\Windows\Microsoft.NET\assembly\GAC_32\mscorlib\v4.0_4.0.0.0__b77a5c561934e089\normnfd.nlp,Security,File,,,,0x166c,C:\Windows\System32\poqexec.exe,,S:AI,,SCAFFOLD,0x3e7,DC$,S-1-5-18,,,,,,,,,,,
2026-09-02T03:21:27.878514Z,4660,dc.scaffold.htb,Microsoft-Windows-Security-Auditing,Security,22848,0,,,,,,,,,0x70,,,,,,,,,,,,,,Security,,,,,0x166c,C:\Windows\System32\poqexec.exe,,,,SCAFFOLD,0x3e7,DC$,S-1-5-18,,,,,,,,,C62843AF-A67C-11F1-9935-005056B98D90,,
2026-09-02T03:21:27.879211Z,4664,dc.scaffold.htb,Microsoft-Windows-Security-Auditing,Security,22849,0,,,,,,,C:\Windows\WinSxS\wow64_mscorlib_b77a5c561934e089_4.0.15806.685_none_44e421b141ef77f1\normnfkc.nlp,,,,,,,C:\Windows\Microsoft.NET\assembly\GAC_32\mscorlib\v4.0_4.0.0.0__b77a5c561934e089\normnfkc.nlp,,,,,,,,,,,,,,,,,,,SCAFFOLD,0x3e7,DC$,S-1-5-18,,,,,,,,,C62843AF-A67C-11F1-9935-005056B98D90,,
2026-09-02T03:21:27.879735Z,4664,dc.scaffold.htb,Microsoft-Windows-Security-Auditing,Security,22850,0,,,,,,,C:\Windows\WinSxS\wow64_mscorlib_b77a5c561934e089_4.0.15806.685_none_44e421b141ef77f1\normidna.nlp,,,,,,,C:\Windows\Microsoft.NET\assembly\GAC_32\mscorlib\v4.0_4.0.0.0__b77a5c561934e089\normidna.nlp,,,,,,,,,,,,,,,,,,,SCAFFOLD,0x3e7,DC$,S-1-5-18,,,,,,,,,C62843AF-A67C-11F1-9935-005056B98D90,,
2026-09-02T03:21:27.880164Z,4664,dc.scaffold.htb,Microsoft-Windows-Security-Auditing,Security,22851,0,,,,,,,C:\Windows\WinSxS\wow64_mscorlib_b77a5c561934e089_4.0.15806.685_none_44e421b141ef77f1\mscorlib.dll,,,,,,,C:\Windows\Microsoft.NET\assembly\GAC_32\mscorlib\v4.0_4.0.0.0__b77a5c561934e089\mscorlib.dll,,,,,,,,,,,,,,,,,,,SCAFFOLD,0x3e7,DC$,S-1-5-18,,,,,,,,,C62843AF-A67C-11F1-9935-005056B98D90,,
2026-09-02T03:21:27.880754Z,4664,dc.scaffold.htb,Microsoft-Windows-Security-Auditing,Security,22852,0,,,,,,,C:\Windows\WinSxS\wow64_mscorlib_b77a5c561934e089_4.0.15806.685_none_44e421b141ef77f1\normnfc.nlp,,,,,,,C:\Windows\Microsoft.NET\assembly\GAC_32\mscorlib\v4.0_4.0.0.0__b77a5c561934e089\normnfc.nlp,,,,,,,,,,,,,,,,,,,SCAFFOLD,0x3e7,DC$,S-1-5-18,,,,,,,,,C62843AF-A67C-11F1-9935-005056B98D90,,
2026-09-02T03:21:27.881211Z,4664,dc.scaffold.htb,Microsoft-Windows-Security-Auditing,Security,22853,0,,,,,,,C:\Windows\WinSxS\wow64_mscorlib_b77a5c561934e089_4.0.15806.685_none_44e421b141ef77f1\normnfkd.nlp,,,,,,,C:\Windows\Microsoft.NET\assembly\GAC_32\mscorlib\v4.0_4.0.0.0__b77a5c561934e089\normnfkd.nlp,,,,,,,,,,,,,,,,,,,SCAFFOLD,0x3e7,DC$,S-1-5-18,,,,,,,,,C62843AF-A67C-11F1-9935-005056B98D90,,
2026-09-02T03:21:27.881679Z,4664,dc.scaffold.htb,Microsoft-Windows-Security-Auditing,Security,22854,0,,,,,,,C:\Windows\WinSxS\wow64_mscorlib_b77a5c561934e089_4.0.15806.685_none_44e421b141ef77f1\normnfd.nlp,,,,,,,C:\Windows\Microsoft.NET\assembly\GAC_32\mscorlib\v4.0_4.0.0.0__b77a5c561934e089\normnfd.nlp,,,,,,,,,,,,,,,,,,,SCAFFOLD,0x3e7,DC$,S-1-5-18,,,,,,,,,C62843AF-A67C-11F1-9935-005056B98D90,,
2026-09-02T03:21:27.881909Z,4663,dc.scaffold.htb,Microsoft-Windows-Security-Auditing,Security,22855,0,"%%1537
				",0x10000,,,,,,,0x80,,,,,,,,,,,,,C:\Windows\Microsoft.NET\assembly\GAC_32\PresentationCore\v4.0_4.0.0.0__31bf3856ad364e35\GlobalUserInterface.CompositeFont,Security,File,,,,0x166c,C:\Windows\System32\poqexec.exe,,S:AI,,SCAFFOLD,0x3e7,DC$,S-1-5-18,,,,,,,,,,,
2026-09-02T03:21:27.881914Z,4660,dc.scaffold.htb,Microsoft-Windows-Security-Auditing,Security,22856,0,,,,,,,,,0x80,,,,,,,,,,,,,,Security,,,,,0x166c,C:\Windows\System32\poqexec.exe,,,,SCAFFOLD,0x3e7,DC$,S-1-5-18,,,,,,,,,C62843AF-A67C-11F1-9935-005056B98D90,,
2026-09-02T03:21:27.883749Z,4663,dc.scaffold.htb,Microsoft-Windows-Security-Auditing,Security,22857,0,"%%1537
				",0x10000,,,,,,,0x70,,,,,,,,,,,,,C:\Windows\Microsoft.NET\assembly\GAC_32\PresentationCore\v4.0_4.0.0.0__31bf3856ad364e35\GlobalMonospace.CompositeFont,Security,File,,,,0x166c,C:\Windows\System32\poqexec.exe,,S:AI,,SCAFFOLD,0x3e7,DC$,S-1-5-18,,,,,,,,,,,
2026-09-02T03:21:27.883754Z,4660,dc.scaffold.htb,Microsoft-Windows-Security-Auditing,Security,22858,0,,,,,,,,,0x70,,,,,,,,,,,,,,Security,,,,,0x166c,C:\Windows\System32\poqexec.exe,,,,SCAFFOLD,0x3e7,DC$,S-1-5-18,,,,,,,,,C62843AF-A67C-11F1-9935-005056B98D90,,
2026-09-02T03:21:27.884871Z,4663,dc.scaffold.htb,Microsoft-Windows-Security-Auditing,Security,22859,0,"%%1537
				",0x10000,,,,,,,0x70,,,,,,,,,,,,,C:\Windows\Microsoft.NET\assembly\GAC_32\PresentationCore\v4.0_4.0.0.0__31bf3856ad364e35\GlobalSerif.CompositeFont,Security,File,,,,0x166c,C:\Windows\System32\poqexec.exe,,S:AI,,SCAFFOLD,0x3e7,DC$,S-1-5-18,,,,,,,,,,,
2026-09-02T03:21:27.884878Z,4660,dc.scaffold.htb,Microsoft-Windows-Security-Auditing,Security,22860,0,,,,,,,,,0x70,,,,,,,,,,,,,,Security,,,,,0x166c,C:\Windows\System32\poqexec.exe,,,,SCAFFOLD,0x3e7,DC$,S-1-5-18,,,,,,,,,C62843AF-A67C-11F1-9935-005056B98D90,,
2026-09-02T03:21:27.885236Z,4663,dc.scaffold.htb,Microsoft-Windows-Security-Auditing,Security,22861,0,"%%1537
				",0x10000,,,,,,,0x70,,,,,,,,,,,,,C:\Windows\Microsoft.NET\assembly\GAC_32\PresentationCore\v4.0_4.0.0.0__31bf3856ad364e35\PresentationCore.dll,Security,File,,,,0x166c,C:\Windows\System32\poqexec.exe,,S:AI,,SCAFFOLD,0x3e7,DC$,S-1-5-18,,,,,,,,,,,
2026-09-02T03:21:27.886800Z,4660,dc.scaffold.htb,Microsoft-Windows-Security-Auditing,Security,22862,0,,,,,,,,,0x70,,,,,,,,,,,,,,Security,,,,,0x166c,C:\Windows\System32\poqexec.exe,,,,SCAFFOLD,0x3e7,DC$,S-1-5-18,,,,,,,,,C62843AF-A67C-11F1-9935-005056B98D90,,
2026-09-02T03:21:27.887909Z,4663,dc.scaffold.htb,Microsoft-Windows-Security-Auditing,Security,22863,0,"%%1537
				",0x10000,,,,,,,0x70,,,,,,,,,,,,,C:\Windows\Microsoft.NET\assembly\GAC_32\PresentationCore\v4.0_4.0.0.0__31bf3856ad364e35\GlobalSansSerif.CompositeFont,Security,File,,,,0x166c,C:\Windows\System32\poqexec.exe,,S:AI,,SCAFFOLD,0x3e7,DC$,S-1-5-18,,,,,,,,,,,
2026-09-02T03:21:27.887943Z,4660,dc.scaffold.htb,Microsoft-Windows-Security-Auditing,Security,22864,0,,,,,,,,,0x70,,,,,,,,,,,,,,Security,,,,,0x166c,C:\Windows\System32\poqexec.exe,,,,SCAFFOLD,0x3e7,DC$,S-1-5-18,,,,,,,,,C62843AF-A67C-11F1-9935-005056B98D90,,
2026-09-02T03:21:27.888407Z,4664,dc.scaffold.htb,Microsoft-Windows-Security-Auditing,Security,22865,0,,,,,,,C:\Windows\WinSxS\wow64_presentationcore_31bf3856ad364e35_4.0.15806.696_none_d1e77e0d9fb340e3\GlobalUserInterface.CompositeFont,,,,,,,C:\Windows\Microsoft.NET\assembly\GAC_32\PresentationCore\v4.0_4.0.0.0__31bf3856ad364e35\GlobalUserInterface.CompositeFont,,,,,,,,,,,,,,,,,,,SCAFFOLD,0x3e7,DC$,S-1-5-18,,,,,,,,,C62843AF-A67C-11F1-9935-005056B98D90,,
2026-09-02T03:21:27.889230Z,4664,dc.scaffold.htb,Microsoft-Windows-Security-Auditing,Security,22866,0,,,,,,,C:\Windows\WinSxS\wow64_presentationcore_31bf3856ad364e35_4.0.15806.696_none_d1e77e0d9fb340e3\GlobalMonospace.CompositeFont,,,,,,,C:\Windows\Microsoft.NET\assembly\GAC_32\PresentationCore\v4.0_4.0.0.0__31bf3856ad364e35\GlobalMonospace.CompositeFont,,,,,,,,,,,,,,,,,,,SCAFFOLD,0x3e7,DC$,S-1-5-18,,,,,,,,,C62843AF-A67C-11F1-9935-005056B98D90,,
2026-09-02T03:21:27.889759Z,4664,dc.scaffold.htb,Microsoft-Windows-Security-Auditing,Security,22867,0,,,,,,,C:\Windows\WinSxS\wow64_presentationcore_31bf3856ad364e35_4.0.15806.696_none_d1e77e0d9fb340e3\GlobalSerif.CompositeFont,,,,,,,C:\Windows\Microsoft.NET\assembly\GAC_32\PresentationCore\v4.0_4.0.0.0__31bf3856ad364e35\GlobalSerif.CompositeFont,,,,,,,,,,,,,,,,,,,SCAFFOLD,0x3e7,DC$,S-1-5-18,,,,,,,,,C62843AF-A67C-11F1-9935-005056B98D90,,
2026-09-02T03:21:27.890169Z,4664,dc.scaffold.htb,Microsoft-Windows-Security-Auditing,Security,22868,0,,,,,,,C:\Windows\WinSxS\wow64_presentationcore_31bf3856ad364e35_4.0.15806.696_none_d1e77e0d9fb340e3\PresentationCore.dll,,,,,,,C:\Windows\Microsoft.NET\assembly\GAC_32\PresentationCore\v4.0_4.0.0.0__31bf3856ad364e35\PresentationCore.dll,,,,,,,,,,,,,,,,,,,SCAFFOLD,0x3e7,DC$,S-1-5-18,,,,,,,,,C62843AF-A67C-11F1-9935-005056B98D90,,
2026-09-02T03:21:27.890698Z,4664,dc.scaffold.htb,Microsoft-Windows-Security-Auditing,Security,22869,0,,,,,,,C:\Windows\WinSxS\wow64_presentationcore_31bf3856ad364e35_4.0.15806.696_none_d1e77e0d9fb340e3\GlobalSansSerif.CompositeFont,,,,,,,C:\Windows\Microsoft.NET\assembly\GAC_32\PresentationCore\v4.0_4.0.0.0__31bf3856ad364e35\GlobalSansSerif.CompositeFont,,,,,,,,,,,,,,,,,,,SCAFFOLD,0x3e7,DC$,S-1-5-18,,,,,,,,,C62843AF-A67C-11F1-9935-005056B98D90,,
2026-09-02T03:21:27.891166Z,4663,dc.scaffold.htb,Microsoft-Windows-Security-Auditing,Security,22870,0,"%%1537
				",0x10000,,,,,,,0x70,,,,,,,,,,,,,C:\Windows\Microsoft.NET\assembly\GAC_32\System.Data\v4.0_4.0.0.0__b77a5c561934e089\System.Data.dll,Security,File,,,,0x166c,C:\Windows\System32\poqexec.exe,,S:AI,,SCAFFOLD,0x3e7,DC$,S-1-5-18,,,,,,,,,,,
2026-09-02T03:21:27.893519Z,4660,dc.scaffold.htb,Microsoft-Windows-Security-Auditing,Security,22871,0,,,,,,,,,0x70,,,,,,,,,,,,,,Security,,,,,0x166c,C:\Windows\System32\poqexec.exe,,,,SCAFFOLD,0x3e7,DC$,S-1-5-18,,,,,,,,,C62843AF-A67C-11F1-9935-005056B98D90,,
2026-09-02T03:21:27.894077Z,4664,dc.scaffold.htb,Microsoft-Windows-Security-Auditing,Security,22872,0,,,,,,,C:\Windows\WinSxS\wow64_system.data_b77a5c561934e089_4.0.15806.612_none_11c0fcdc34c7120b\System.Data.dll,,,,,,,C:\Windows\Microsoft.NET\assembly\GAC_32\System.Data\v4.0_4.0.0.0__b77a5c561934e089\System.Data.dll,,,,,,,,,,,,,,,,,,,SCAFFOLD,0x3e7,DC$,S-1-5-18,,,,,,,,,C62843AF-A67C-11F1-9935-005056B98D90,,
2026-09-02T03:21:27.895289Z,4663,dc.scaffold.htb,Microsoft-Windows-Security-Auditing,Security,22873,0,"%%1537
				",0x10000,,,,,,,0x70,,,,,,,,,,,,,C:\Windows\Microsoft.NET\assembly\GAC_32\System.Web\v4.0_4.0.0.0__b03f5f7f11d50a3a\System.Web.dll,Security,File,,,,0x166c,C:\Windows\System32\poqexec.exe,,S:AI,,SCAFFOLD,0x3e7,DC$,S-1-5-18,,,,,,,,,,,
2026-09-02T03:21:27.895343Z,4660,dc.scaffold.htb,Microsoft-Windows-Security-Auditing,Security,22874,0,,,,,,,,,0x70,,,,,,,,,,,,,,Security,,,,,0x166c,C:\Windows\System32\poqexec.exe,,,,SCAFFOLD,0x3e7,DC$,S-1-5-18,,,,,,,,,C62843AF-A67C-11F1-9935-005056B98D90,,
2026-09-02T03:21:27.895809Z,4664,dc.scaffold.htb,Microsoft-Windows-Security-Auditing,Security,22875,0,,,,,,,C:\Windows\WinSxS\wow64_system.web_b03f5f7f11d50a3a_4.0.15806.696_none_745648839716e33d\System.Web.dll,,,,,,,C:\Windows\Microsoft.NET\assembly\GAC_32\System.Web\v4.0_4.0.0.0__b03f5f7f11d50a3a\System.Web.dll,,,,,,,,,,,,,,,,,,,SCAFFOLD,0x3e7,DC$,S-1-5-18,,,,,,,,,C62843AF-A67C-11F1-9935-005056B98D90,,
2026-09-02T03:21:27.896172Z,4663,dc.scaffold.htb,Microsoft-Windows-Security-Auditing,Security,22876,0,"%%1537
				",0x10000,,,,,,,0x70,,,,,,,,,,,,,C:\Windows\Microsoft.NET\assembly\GAC_64\PresentationCore\v4.0_4.0.0.0__31bf3856ad364e35\PresentationCore.dll,Security,File,,,,0x166c,C:\Windows\System32\poqexec.exe,,S:AI,,SCAFFOLD,0x3e7,DC$,S-1-5-18,,,,,,,,,,,
2026-09-02T03:21:27.898325Z,4660,dc.scaffold.htb,Microsoft-Windows-Security-Auditing,Security,22877,0,,,,,,,,,0x70,,,,,,,,,,,,,,Security,,,,,0x166c,C:\Windows\System32\poqexec.exe,,,,SCAFFOLD,0x3e7,DC$,S-1-5-18,,,,,,,,,C62843AF-A67C-11F1-9935-005056B98D90,,
2026-09-02T03:21:27.898779Z,4663,dc.scaffold.htb,Microsoft-Windows-Security-Auditing,Security,22878,0,"%%1537
				",0x10000,,,,,,,0x70,,,,,,,,,,,,,C:\Windows\Microsoft.NET\assembly\GAC_64\PresentationCore\v4.0_4.0.0.0__31bf3856ad364e35\GlobalUserInterface.CompositeFont,Security,File,,,,0x166c,C:\Windows\System32\poqexec.exe,,S:AI,,SCAFFOLD,0x3e7,DC$,S-1-5-18,,,,,,,,,,,
2026-09-02T03:21:27.898786Z,4660,dc.scaffold.htb,Microsoft-Windows-Security-Auditing,Security,22879,0,,,,,,,,,0x70,,,,,,,,,,,,,,Security,,,,,0x166c,C:\Windows\System32\poqexec.exe,,,,SCAFFOLD,0x3e7,DC$,S-1-5-18,,,,,,,,,C62843AF-A67C-11F1-9935-005056B98D90,,
2026-09-02T03:21:27.900627Z,4663,dc.scaffold.htb,Microsoft-Windows-Security-Auditing,Security,22880,0,"%%1537
				",0x10000,,,,,,,0x70,,,,,,,,,,,,,C:\Windows\Microsoft.NET\assembly\GAC_64\PresentationCore\v4.0_4.0.0.0__31bf3856ad364e35\GlobalSansSerif.CompositeFont,Security,File,,,,0x166c,C:\Windows\System32\poqexec.exe,,S:AI,,SCAFFOLD,0x3e7,DC$,S-1-5-18,,,,,,,,,,,
2026-09-02T03:21:27.900632Z,4660,dc.scaffold.htb,Microsoft-Windows-Security-Auditing,Security,22881,0,,,,,,,,,0x70,,,,,,,,,,,,,,Security,,,,,0x166c,C:\Windows\System32\poqexec.exe,,,,SCAFFOLD,0x3e7,DC$,S-1-5-18,,,,,,,,,C62843AF-A67C-11F1-9935-005056B98D90,,
2026-09-02T03:21:27.901752Z,4663,dc.scaffold.htb,Microsoft-Windows-Security-Auditing,Security,22882,0,"%%1537
				",0x10000,,,,,,,0x80,,,,,,,,,,,,,C:\Windows\Microsoft.NET\assembly\GAC_64\PresentationCore\v4.0_4.0.0.0__31bf3856ad364e35\GlobalSerif.CompositeFont,Security,File,,,,0x166c,C:\Windows\System32\poqexec.exe,,S:AI,,SCAFFOLD,0x3e7,DC$,S-1-5-18,,,,,,,,,,,
2026-09-02T03:21:27.901805Z,4660,dc.scaffold.htb,Microsoft-Windows-Security-Auditing,Security,22883,0,,,,,,,,,0x80,,,,,,,,,,,,,,Security,,,,,0x166c,C:\Windows\System32\poqexec.exe,,,,SCAFFOLD,0x3e7,DC$,S-1-5-18,,,,,,,,,C62843AF-A67C-11F1-9935-005056B98D90,,
2026-09-02T03:21:27.903284Z,4663,dc.scaffold.htb,Microsoft-Windows-Security-Auditing,Security,22884,0,"%%1537
				",0x10000,,,,,,,0x80,,,,,,,,,,,,,C:\Windows\Microsoft.NET\assembly\GAC_64\PresentationCore\v4.0_4.0.0.0__31bf3856ad364e35\GlobalMonospace.CompositeFont,Security,File,,,,0x166c,C:\Windows\System32\poqexec.exe,,S:AI,,SCAFFOLD,0x3e7,DC$,S-1-5-18,,,,,,,,,,,
2026-09-02T03:21:27.903303Z,4660,dc.scaffold.htb,Microsoft-Windows-Security-Auditing,Security,22885,0,,,,,,,,,0x80,,,,,,,,,,,,,,Security,,,,,0x166c,C:\Windows\System32\poqexec.exe,,,,SCAFFOLD,0x3e7,DC$,S-1-5-18,,,,,,,,,C62843AF-A67C-11F1-9935-005056B98D90,,
2026-09-02T03:21:27.903812Z,4664,dc.scaffold.htb,Microsoft-Windows-Security-Auditing,Security,22886,0,,,,,,,C:\Windows\WinSxS\amd64_presentationcore_31bf3856ad364e35_4.0.15806.696_none_a81936f3de68abc6\PresentationCore.dll,,,,,,,C:\Windows\Microsoft.NET\assembly\GAC_64\PresentationCore\v4.0_4.0.0.0__31bf3856ad364e35\PresentationCore.dll,,,,,,,,,,,,,,,,,,,SCAFFOLD,0x3e7,DC$,S-1-5-18,,,,,,,,,C62843AF-A67C-11F1-9935-005056B98D90,,
2026-09-02T03:21:27.904318Z,4664,dc.scaffold.htb,Microsoft-Windows-Security-Auditing,Security,22887,0,,,,,,,C:\Windows\WinSxS\amd64_presentationcore_31bf3856ad364e35_4.0.15806.696_none_a81936f3de68abc6\GlobalUserInterface.CompositeFont,,,,,,,C:\Windows\Microsoft.NET\assembly\GAC_64\PresentationCore\v4.0_4.0.0.0__31bf3856ad364e35\GlobalUserInterface.CompositeFont,,,,,,,,,,,,,,,,,,,SCAFFOLD,0x3e7,DC$,S-1-5-18,,,,,,,,,C62843AF-A67C-11F1-9935-005056B98D90,,
2026-09-02T03:21:27.904797Z,4664,dc.scaffold.htb,Microsoft-Windows-Security-Auditing,Security,22888,0,,,,,,,C:\Windows\WinSxS\amd64_presentationcore_31bf3856ad364e35_4.0.15806.696_none_a81936f3de68abc6\GlobalSansSerif.CompositeFont,,,,,,,C:\Windows\Microsoft.NET\assembly\GAC_64\PresentationCore\v4.0_4.0.0.0__31bf3856ad364e35\GlobalSansSerif.CompositeFont,,,,,,,,,,,,,,,,,,,SCAFFOLD,0x3e7,DC$,S-1-5-18,,,,,,,,,C62843AF-A67C-11F1-9935-005056B98D90,,
2026-09-02T03:21:27.905282Z,4664,dc.scaffold.htb,Microsoft-Windows-Security-Auditing,Security,22889,0,,,,,,,C:\Windows\WinSxS\amd64_presentationcore_31bf3856ad364e35_4.0.15806.696_none_a81936f3de68abc6\GlobalSerif.CompositeFont,,,,,,,C:\Windows\Microsoft.NET\assembly\GAC_64\PresentationCore\v4.0_4.0.0.0__31bf3856ad364e35\GlobalSerif.CompositeFont,,,,,,,,,,,,,,,,,,,SCAFFOLD,0x3e7,DC$,S-1-5-18,,,,,,,,,C62843AF-A67C-11F1-9935-005056B98D90,,
2026-09-02T03:21:27.905760Z,4664,dc.scaffold.htb,Microsoft-Windows-Security-Auditing,Security,22890,0,,,,,,,C:\Windows\WinSxS\amd64_presentationcore_31bf3856ad364e35_4.0.15806.696_none_a81936f3de68abc6\GlobalMonospace.CompositeFont,,,,,,,C:\Windows\Microsoft.NET\assembly\GAC_64\PresentationCore\v4.0_4.0.0.0__31bf3856ad364e35\GlobalMonospace.CompositeFont,,,,,,,,,,,,,,,,,,,SCAFFOLD,0x3e7,DC$,S-1-5-18,,,,,,,,,C62843AF-A67C-11F1-9935-005056B98D90,,
2026-09-02T03:21:28.561740Z,4985,dc.scaffold.htb,Microsoft-Windows-Security-Auditing,Security,22891,0,,,,,,,,,,,,,,,,,,,,52,,,,,,,,0x166c,C:\Windows\System32\poqexec.exe,,,DA4CB52F-4F22-11F1-A9A6-8906DE6815CD,SCAFFOLD,0x3e7,DC$,S-1-5-18,,,,,,,,,C62843AF-A67C-11F1-9935-005056B98D90,,
2026-09-02T03:21:51.264026Z,4688,dc.scaffold.htb,Microsoft-Windows-Security-Auditing,Security,22892,0,,,,,,,,,,,,,,,,S-1-16-16384,0x64,Registry,,,,,,,,,,0x4,,,,,-,0x3e7,-,S-1-5-18,-,0x0,,,-,S-1-0-0,,%%1936,,,
2026-09-02T03:21:51.264046Z,4696,dc.scaffold.htb,Microsoft-Windows-Security-Auditing,Security,22893,0,,,,,,,,,,,,,,,,,,,,,,,,,,,,0x4,,,,,-,0x3e7,-,S-1-5-18,-,0x3e7,0x64,Registry,-,S-1-0-0,,,,,
2026-09-02T03:21:51.264054Z,4826,dc.scaffold.htb,Microsoft-Windows-Security-Auditing,Security,22894,0,,,%%1843,,%%1846,%%1843,,%%1843,,%%1843,%%1848,-,%%1843,,-,,,,,,,,,,,,,,,%%1843,,,-,0x3e7,-,S-1-5-18,,,,,,,%%1843,,,%%1848,
2026-09-02T03:21:51.269532Z,4688,dc.scaffold.htb,Microsoft-Windows-Security-Auditing,Security,22895,0,,,,,,,,,,,,,,,,S-1-16-16384,0x130,C:\Windows\System32\smss.exe,,,,,,,,,,0x4,,,,,-,0x3e7,-,S-1-5-18,-,0x0,,,-,S-1-0-0,,%%1936,,,
2026-09-02T03:21:51.661314Z,4688,dc.scaffold.htb,Microsoft-Windows-Security-Auditing,Security,22896,0,,,,,,,,,,,,,,,,S-1-16-16384,0x14c,C:\Windows\System32\autochk.exe,,,,,,,,C:\Windows\System32\smss.exe,,0x130,,,,,-,0x3e7,-,S-1-5-18,-,0x0,,,-,S-1-0-0,,%%1936,,,
2026-09-02T03:21:52.826142Z,4688,dc.scaffold.htb,Microsoft-Windows-Security-Auditing,Security,22897,0,,,,,,,,,,,,,,,,S-1-16-16384,0x190,C:\Windows\System32\smss.exe,,,,,,,,C:\Windows\System32\smss.exe,,0x130,,,,,-,0x3e7,-,S-1-5-18,-,0x0,,,-,S-1-0-0,,%%1936,,,
2026-09-02T03:21:52.911973Z,4688,dc.scaffold.htb,Microsoft-Windows-Security-Auditing,Security,22898,0,,,,,,,,,,,,,,,,S-1-16-16384,0x198,C:\Windows\System32\csrss.exe,,,,,,,,C:\Windows\System32\smss.exe,,0x190,,,,,-,0x3e7,-,S-1-5-18,-,0x0,,,-,S-1-0-0,,%%1936,,,
2026-09-02T03:21:53.119666Z,4688,dc.scaffold.htb,Microsoft-Windows-Security-Auditing,Security,22899,0,,,,,,,,,,,,,,,,S-1-16-16384,0x1f8,C:\Windows\System32\smss.exe,,,,,,,,C:\Windows\System32\smss.exe,,0x130,,,,,-,0x3e7,-,S-1-5-18,-,0x0,,,-,S-1-0-0,,%%1936,,,
2026-09-02T03:21:53.124645Z,4688,dc.scaffold.htb,Microsoft-Windows-Security-Auditing,Security,22900,0,,,,,,,,,,,,,,,,S-1-16-16384,0x200,C:\Windows\System32\wininit.exe,,,,,,,,C:\Windows\System32\smss.exe,,0x190,,,,,-,0x3e7,-,S-1-5-18,-,0x0,,,-,S-1-0-0,,%%1936,,,
2026-09-02T03:21:53.129794Z,4688,dc.scaffold.htb,Microsoft-Windows-Security-Auditing,Security,22901,0,,,,,,,,,,,,,,,,S-1-16-16384,0x208,C:\Windows\System32\csrss.exe,,,,,,,,C:\Windows\System32\smss.exe,,0x1f8,,,,,-,0x3e7,-,S-1-5-18,-,0x0,,,-,S-1-0-0,,%%1936,,,
2026-09-02T03:21:53.167609Z,4688,dc.scaffold.htb,Microsoft-Windows-Security-Auditing,Security,22902,0,,,,,,,,,,,,,,,,S-1-16-16384,0x240,C:\Windows\System32\winlogon.exe,,,,,,,,C:\Windows\System32\smss.exe,,0x1f8,,,,,-,0x3e7,-,S-1-5-18,-,0x0,,,-,S-1-0-0,,%%1936,,,
2026-09-02T03:21:53.258914Z,4688,dc.scaffold.htb,Microsoft-Windows-Security-Auditing,Security,22903,0,,,,,,,,,,,,,,,,S-1-16-16384,0x284,C:\Windows\System32\services.exe,,,,,,,,C:\Windows\System32\wininit.exe,,0x200,,,,,-,0x3e7,-,S-1-5-18,-,0x0,,,-,S-1-0-0,,%%1936,,,
2026-09-02T03:21:53.324281Z,4688,dc.scaffold.htb,Microsoft-Windows-Security-Auditing,Security,22904,0,,,,,,,,,,,,,,,,S-1-16-16384,0x298,C:\Windows\System32\lsass.exe,,,,,,,,C:\Windows\System32\wininit.exe,,0x200,,,,,-,0x3e7,-,S-1-5-18,-,0x0,,,-,S-1-0-0,,%%1936,,,
2026-09-02T03:22:30.743050Z,4985,dc.scaffold.htb,Microsoft-Windows-Security-Auditing,Security,22905,0,,,,,,,,,,,,,,,,,,,,48,,,,,,,,0x6e0,C:\Windows\WinSxS\amd64_microsoft-windows-servicingstack_31bf3856ad364e35_10.0.20348.557_none_f1edaeb8515fa10d\TiWorker.exe,,,DA4CB52F-4F22-11F1-A9A6-8906DE6815CD,SCAFFOLD,0x3e7,DC$,S-1-5-18,,,,,,,,,6E30A3D8-A67D-11F1-9936-005056B98D90,,
2026-09-02T03:22:30.876194Z,4985,dc.scaffold.htb,Microsoft-Windows-Security-Auditing,Security,22906,0,,,,,,,,,,,,,,,,,,,,52,,,,,,,,0x6e0,C:\Windows\WinSxS\amd64_microsoft-windows-servicingstack_31bf3856ad364e35_10.0.20348.557_none_f1edaeb8515fa10d\TiWorker.exe,,,DA4CB52F-4F22-11F1-A9A6-8906DE6815CD,SCAFFOLD,0x3e7,DC$,S-1-5-18,,,,,,,,,6E30A3D8-A67D-11F1-9936-005056B98D90,,
2026-09-02T03:22:30.951821Z,4663,dc.scaffold.htb,Microsoft-Windows-Security-Auditing,Security,22907,0,"%%4424
				",0x100,,,,,,,0x454,,,,,,,,,,,,,C:\Windows\servicing\Packages\Package_1_for_KB5010475~31bf3856ad364e35~amd64~~10.0.4488.1.mum,Security,File,,,,0x6e0,C:\Windows\WinSxS\amd64_microsoft-windows-servicingstack_31bf3856ad364e35_10.0.20348.557_none_f1edaeb8515fa10d\TiWorker.exe,,S:AI,,SCAFFOLD,0x3e7,DC$,S-1-5-18,,,,,,,,,,,
2026-09-02T03:22:30.952429Z,4663,dc.scaffold.htb,Microsoft-Windows-Security-Auditing,Security,22908,0,"%%1537
				",0x10000,,,,,,,0x454,,,,,,,,,,,,,C:\Windows\servicing\Packages\Package_1_for_KB5010475~31bf3856ad364e35~amd64~~10.0.4488.1.mum,Security,File,,,,0x6e0,C:\Windows\WinSxS\amd64_microsoft-windows-servicingstack_31bf3856ad364e35_10.0.20348.557_none_f1edaeb8515fa10d\TiWorker.exe,,S:AI,,SCAFFOLD,0x3e7,DC$,S-1-5-18,,,,,,,,,,,
2026-09-02T03:22:30.952433Z,4660,dc.scaffold.htb,Microsoft-Windows-Security-Auditing,Security,22909,0,,,,,,,,,0x454,,,,,,,,,,,,,,Security,,,,,0x6e0,C:\Windows\WinSxS\amd64_microsoft-windows-servicingstack_31bf3856ad364e35_10.0.20348.557_none_f1edaeb8515fa10d\TiWorker.exe,,,,SCAFFOLD,0x3e7,DC$,S-1-5-18,,,,,,,,,00000000-0000-0000-0000-000000000000,,
2026-09-02T03:22:31.004436Z,4663,dc.scaffold.htb,Microsoft-Windows-Security-Auditing,Security,22910,0,"%%4424
				",0x100,,,,,,,0x450,,,,,,,,,,,,,C:\Windows\servicing\Packages\Package_2_for_KB5010475~31bf3856ad364e35~amd64~~10.0.4488.1.mum,Security,File,,,,0x6e0,C:\Windows\WinSxS\amd64_microsoft-windows-servicingstack_31bf3856ad364e35_10.0.20348.557_none_f1edaeb8515fa10d\TiWorker.exe,,S:AI,,SCAFFOLD,0x3e7,DC$,S-1-5-18,,,,,,,,,,,
2026-09-02T03:22:31.008787Z,4663,dc.scaffold.htb,Microsoft-Windows-Security-Auditing,Security,22911,0,"%%1537
				",0x10000,,,,,,,0x450,,,,,,,,,,,,,C:\Windows\servicing\Packages\Package_2_for_KB5010475~31bf3856ad364e35~amd64~~10.0.4488.1.mum,Security,File,,,,0x6e0,C:\Windows\WinSxS\amd64_microsoft-windows-servicingstack_31bf3856ad364e35_10.0.20348.557_none_f1edaeb8515fa10d\TiWorker.exe,,S:AI,,SCAFFOLD,0x3e7,DC$,S-1-5-18,,,,,,,,,,,
2026-09-02T03:22:31.008798Z,4660,dc.scaffold.htb,Microsoft-Windows-Security-Auditing,Security,22912,0,,,,,,,,,0x450,,,,,,,,,,,,,,Security,,,,,0x6e0,C:\Windows\WinSxS\amd64_microsoft-windows-servicingstack_31bf3856ad364e35_10.0.20348.557_none_f1edaeb8515fa10d\TiWorker.exe,,,,SCAFFOLD,0x3e7,DC$,S-1-5-18,,,,,,,,,00000000-0000-0000-0000-000000000000,,
2026-09-02T03:22:31.053203Z,4663,dc.scaffold.htb,Microsoft-Windows-Security-Auditing,Security,22913,0,"%%4424
				",0x100,,,,,,,0x420,,,,,,,,,,,,,C:\Windows\servicing\Packages\Package_3_for_KB5010475~31bf3856ad364e35~amd64~~10.0.4488.1.cat,Security,File,,,,0x6e0,C:\Windows\WinSxS\amd64_microsoft-windows-servicingstack_31bf3856ad364e35_10.0.20348.557_none_f1edaeb8515fa10d\TiWorker.exe,,S:AI,,SCAFFOLD,0x3e7,DC$,S-1-5-18,,,,,,,,,,,
2026-09-02T03:22:31.053340Z,4663,dc.scaffold.htb,Microsoft-Windows-Security-Auditing,Security,22914,0,"%%1537
				",0x10000,,,,,,,0x420,,,,,,,,,,,,,C:\Windows\servicing\Packages\Package_3_for_KB5010475~31bf3856ad364e35~amd64~~10.0.4488.1.cat,Security,File,,,,0x6e0,C:\Windows\WinSxS\amd64_microsoft-windows-servicingstack_31bf3856ad364e35_10.0.20348.557_none_f1edaeb8515fa10d\TiWorker.exe,,S:AI,,SCAFFOLD,0x3e7,DC$,S-1-5-18,,,,,,,,,,,
2026-09-02T03:22:31.053350Z,4660,dc.scaffold.htb,Microsoft-Windows-Security-Auditing,Security,22915,0,,,,,,,,,0x420,,,,,,,,,,,,,,Security,,,,,0x6e0,C:\Windows\WinSxS\amd64_microsoft-windows-servicingstack_31bf3856ad364e35_10.0.20348.557_none_f1edaeb8515fa10d\TiWorker.exe,,,,SCAFFOLD,0x3e7,DC$,S-1-5-18,,,,,,,,,00000000-0000-0000-0000-000000000000,,
2026-09-02T03:22:31.053572Z,4663,dc.scaffold.htb,Microsoft-Windows-Security-Auditing,Security,22916,0,"%%4424
				",0x100,,,,,,,0x460,,,,,,,,,,,,,C:\Windows\servicing\Packages\Package_3_for_KB5010475~31bf3856ad364e35~amd64~~10.0.4488.1.mum,Security,File,,,,0x6e0,C:\Windows\WinSxS\amd64_microsoft-windows-servicingstack_31bf3856ad364e35_10.0.20348.557_none_f1edaeb8515fa10d\TiWorker.exe,,S:AI,,SCAFFOLD,0x3e7,DC$,S-1-5-18,,,,,,,,,,,
2026-09-02T03:22:31.054363Z,4663,dc.scaffold.htb,Microsoft-Windows-Security-Auditing,Security,22917,0,"%%1537
				",0x10000,,,,,,,0x460,,,,,,,,,,,,,C:\Windows\servicing\Packages\Package_3_for_KB5010475~31bf3856ad364e35~amd64~~10.0.4488.1.mum,Security,File,,,,0x6e0,C:\Windows\WinSxS\amd64_microsoft-windows-servicingstack_31bf3856ad364e35_10.0.20348.557_none_f1edaeb8515fa10d\TiWorker.exe,,S:AI,,SCAFFOLD,0x3e7,DC$,S-1-5-18,,,,,,,,,,,
2026-09-02T03:22:31.054366Z,4660,dc.scaffold.htb,Microsoft-Windows-Security-Auditing,Security,22918,0,,,,,,,,,0x460,,,,,,,,,,,,,,Security,,,,,0x6e0,C:\Windows\WinSxS\amd64_microsoft-windows-servicingstack_31bf3856ad364e35_10.0.20348.557_none_f1edaeb8515fa10d\TiWorker.exe,,,,SCAFFOLD,0x3e7,DC$,S-1-5-18,,,,,,,,,00000000-0000-0000-0000-000000000000,,
2026-09-02T03:22:31.105009Z,4663,dc.scaffold.htb,Microsoft-Windows-Security-Auditing,Security,22919,0,"%%4424
				",0x100,,,,,,,0x418,,,,,,,,,,,,,C:\Windows\servicing\Packages\Package_for_DotNetRollup~31bf3856ad364e35~amd64~~10.0.4488.1.cat,Security,File,,,,0x6e0,C:\Windows\WinSxS\amd64_microsoft-windows-servicingstack_31bf3856ad364e35_10.0.20348.557_none_f1edaeb8515fa10d\TiWorker.exe,,S:AI,,SCAFFOLD,0x3e7,DC$,S-1-5-18,,,,,,,,,,,
2026-09-02T03:22:31.105114Z,4663,dc.scaffold.htb,Microsoft-Windows-Security-Auditing,Security,22920,0,"%%1537
				",0x10000,,,,,,,0x418,,,,,,,,,,,,,C:\Windows\servicing\Packages\Package_for_DotNetRollup~31bf3856ad364e35~amd64~~10.0.4488.1.cat,Security,File,,,,0x6e0,C:\Windows\WinSxS\amd64_microsoft-windows-servicingstack_31bf3856ad364e35_10.0.20348.557_none_f1edaeb8515fa10d\TiWorker.exe,,S:AI,,SCAFFOLD,0x3e7,DC$,S-1-5-18,,,,,,,,,,,
2026-09-02T03:22:31.105125Z,4660,dc.scaffold.htb,Microsoft-Windows-Security-Auditing,Security,22921,0,,,,,,,,,0x418,,,,,,,,,,,,,,Security,,,,,0x6e0,C:\Windows\WinSxS\amd64_microsoft-windows-servicingstack_31bf3856ad364e35_10.0.20348.557_none_f1edaeb8515fa10d\TiWorker.exe,,,,SCAFFOLD,0x3e7,DC$,S-1-5-18,,,,,,,,,00000000-0000-0000-0000-000000000000,,
2026-09-02T03:22:31.105352Z,4663,dc.scaffold.htb,Microsoft-Windows-Security-Auditing,Security,22922,0,"%%4424
				",0x100,,,,,,,0x3fc,,,,,,,,,,,,,C:\Windows\servicing\Packages\Package_for_DotNetRollup~31bf3856ad364e35~amd64~~10.0.4488.1.mum,Security,File,,,,0x6e0,C:\Windows\WinSxS\amd64_microsoft-windows-servicingstack_31bf3856ad364e35_10.0.20348.557_none_f1edaeb8515fa10d\TiWorker.exe,,S:AI,,SCAFFOLD,0x3e7,DC$,S-1-5-18,,,,,,,,,,,
2026-09-02T03:22:31.105435Z,4663,dc.scaffold.htb,Microsoft-Windows-Security-Auditing,Security,22923,0,"%%1537
				",0x10000,,,,,,,0x3fc,,,,,,,,,,,,,C:\Windows\servicing\Packages\Package_for_DotNetRollup~31bf3856ad364e35~amd64~~10.0.4488.1.mum,Security,File,,,,0x6e0,C:\Windows\WinSxS\amd64_microsoft-windows-servicingstack_31bf3856ad364e35_10.0.20348.557_none_f1edaeb8515fa10d\TiWorker.exe,,S:AI,,SCAFFOLD,0x3e7,DC$,S-1-5-18,,,,,,,,,,,
2026-09-02T03:22:31.105438Z,4660,dc.scaffold.htb,Microsoft-Windows-Security-Auditing,Security,22924,0,,,,,,,,,0x3fc,,,,,,,,,,,,,,Security,,,,,0x6e0,C:\Windows\WinSxS\amd64_microsoft-windows-servicingstack_31bf3856ad364e35_10.0.20348.557_none_f1edaeb8515fa10d\TiWorker.exe,,,,SCAFFOLD,0x3e7,DC$,S-1-5-18,,,,,,,,,00000000-0000-0000-0000-000000000000,,
2026-09-02T03:22:31.180652Z,4663,dc.scaffold.htb,Microsoft-Windows-Security-Auditing,Security,22925,0,"%%4417
				",0x2,,,,,,,0x1b84,,,,,,,,,,,,,C:\Windows\servicing\Sessions,Security,File,,,,0x6e0,C:\Windows\WinSxS\amd64_microsoft-windows-servicingstack_31bf3856ad364e35_10.0.20348.557_none_f1edaeb8515fa10d\TiWorker.exe,,S:AI,,SCAFFOLD,0x3e7,DC$,S-1-5-18,,,,,,,,,,,
2026-09-02T03:22:31.181403Z,4663,dc.scaffold.htb,Microsoft-Windows-Security-Auditing,Security,22926,0,"%%4417
				%%4418
				",0x6,,,,,,,0x450,,,,,,,,,,,,,C:\Windows\servicing\Sessions\31275631_773991185.xml,Security,File,,,,0x6e0,C:\Windows\WinSxS\amd64_microsoft-windows-servicingstack_31bf3856ad364e35_10.0.20348.557_none_f1edaeb8515fa10d\TiWorker.exe,,,,SCAFFOLD,0x3e7,DC$,S-1-5-18,,,,,,,,,,,
2026-09-02T03:22:31.202508Z,4663,dc.scaffold.htb,Microsoft-Windows-Security-Auditing,Security,22927,0,"%%1538
				",0x20000,,,,,,,0x420,,,,,,,,,,,,,C:\Windows\servicing\Sessions,Security,File,,,,0x6e0,C:\Windows\WinSxS\amd64_microsoft-windows-servicingstack_31bf3856ad364e35_10.0.20348.557_none_f1edaeb8515fa10d\TiWorker.exe,,S:AI,,SCAFFOLD,0x3e7,DC$,S-1-5-18,,,,,,,,,,,
2026-09-02T03:22:31.464034Z,4663,dc.scaffold.htb,Microsoft-Windows-Security-Auditing,Security,22928,0,"%%4417
				",0x2,,,,,,,0xd24,,,,,,,,,,,,,C:\Windows\servicing\Sessions,Security,File,,,,0x6e0,C:\Windows\WinSxS\amd64_microsoft-windows-servicingstack_31bf3856ad364e35_10.0.20348.557_none_f1edaeb8515fa10d\TiWorker.exe,,S:AI,,SCAFFOLD,0x3e7,DC$,S-1-5-18,,,,,,,,,,,
2026-09-02T03:22:31.464239Z,4663,dc.scaffold.htb,Microsoft-Windows-Security-Auditing,Security,22929,0,"%%4417
				%%4418
				",0x6,,,,,,,0x460,,,,,,,,,,,,,C:\Windows\servicing\Sessions\31275631_2954305271.xml,Security,File,,,,0x6e0,C:\Windows\WinSxS\amd64_microsoft-windows-servicingstack_31bf3856ad364e35_10.0.20348.557_none_f1edaeb8515fa10d\TiWorker.exe,,,,SCAFFOLD,0x3e7,DC$,S-1-5-18,,,,,,,,,,,
2026-09-02T03:22:31.473836Z,4663,dc.scaffold.htb,Microsoft-Windows-Security-Auditing,Security,22930,0,"%%1538
				",0x20000,,,,,,,0x410,,,,,,,,,,,,,C:\Windows\servicing\Sessions,Security,File,,,,0x6e0,C:\Windows\WinSxS\amd64_microsoft-windows-servicingstack_31bf3856ad364e35_10.0.20348.557_none_f1edaeb8515fa10d\TiWorker.exe,,S:AI,,SCAFFOLD,0x3e7,DC$,S-1-5-18,,,,,,,,,,,
2026-09-02T03:27:09.601093Z,4688,dc.scaffold.htb,Microsoft-Windows-Security-Auditing,Security,22931,0,,,,,,,,,,,,,,,,S-1-16-16384,0x64,Registry,,,,,,,,,,0x4,,,,,-,0x3e7,-,S-1-5-18,-,0x0,,,-,S-1-0-0,,%%1936,,,
2026-09-02T03:27:09.601109Z,4696,dc.scaffold.htb,Microsoft-Windows-Security-Auditing,Security,22932,0,,,,,,,,,,,,,,,,,,,,,,,,,,,,0x4,,,,,-,0x3e7,-,S-1-5-18,-,0x3e7,0x64,Registry,-,S-1-0-0,,,,,
2026-09-02T03:27:09.601118Z,4826,dc.scaffold.htb,Microsoft-Windows-Security-Auditing,Security,22933,0,,,%%1843,,%%1846,%%1843,,%%1843,,%%1843,%%1848,-,%%1843,,-,,,,,,,,,,,,,,,%%1843,,,-,0x3e7,-,S-1-5-18,,,,,,,%%1843,,,%%1848,
2026-09-02T03:27:09.607741Z,4688,dc.scaffold.htb,Microsoft-Windows-Security-Auditing,Security,22934,0,,,,,,,,,,,,,,,,S-1-16-16384,0x134,C:\Windows\System32\smss.exe,,,,,,,,,,0x4,,,,,-,0x3e7,-,S-1-5-18,-,0x0,,,-,S-1-0-0,,%%1936,,,
2026-09-02T03:27:10.017008Z,4688,dc.scaffold.htb,Microsoft-Windows-Security-Auditing,Security,22935,0,,,,,,,,,,,,,,,,S-1-16-16384,0x158,C:\Windows\System32\autochk.exe,,,,,,,,C:\Windows\System32\smss.exe,,0x134,,,,,-,0x3e7,-,S-1-5-18,-,0x0,,,-,S-1-0-0,,%%1936,,,
2026-09-02T03:27:11.191049Z,4688,dc.scaffold.htb,Microsoft-Windows-Security-Auditing,Security,22936,0,,,,,,,,,,,,,,,,S-1-16-16384,0x19c,C:\Windows\System32\smss.exe,,,,,,,,C:\Windows\System32\smss.exe,,0x134,,,,,-,0x3e7,-,S-1-5-18,-,0x0,,,-,S-1-0-0,,%%1936,,,
2026-09-02T03:27:11.277351Z,4688,dc.scaffold.htb,Microsoft-Windows-Security-Auditing,Security,22937,0,,,,,,,,,,,,,,,,S-1-16-16384,0x1a4,C:\Windows\System32\csrss.exe,,,,,,,,C:\Windows\System32\smss.exe,,0x19c,,,,,-,0x3e7,-,S-1-5-18,-,0x0,,,-,S-1-0-0,,%%1936,,,
2026-09-02T03:27:11.486722Z,4688,dc.scaffold.htb,Microsoft-Windows-Security-Auditing,Security,22938,0,,,,,,,,,,,,,,,,S-1-16-16384,0x204,C:\Windows\System32\smss.exe,,,,,,,,C:\Windows\System32\smss.exe,,0x134,,,,,-,0x3e7,-,S-1-5-18,-,0x0,,,-,S-1-0-0,,%%1936,,,
2026-09-02T03:27:11.491941Z,4688,dc.scaffold.htb,Microsoft-Windows-Security-Auditing,Security,22939,0,,,,,,,,,,,,,,,,S-1-16-16384,0x20c,C:\Windows\System32\wininit.exe,,,,,,,,C:\Windows\System32\smss.exe,,0x19c,,,,,-,0x3e7,-,S-1-5-18,-,0x0,,,-,S-1-0-0,,%%1936,,,
2026-09-02T03:27:11.498051Z,4688,dc.scaffold.htb,Microsoft-Windows-Security-Auditing,Security,22940,0,,,,,,,,,,,,,,,,S-1-16-16384,0x214,C:\Windows\System32\csrss.exe,,,,,,,,C:\Windows\System32\smss.exe,,0x204,,,,,-,0x3e7,-,S-1-5-18,-,0x0,,,-,S-1-0-0,,%%1936,,,
2026-09-02T03:27:11.536625Z,4688,dc.scaffold.htb,Microsoft-Windows-Security-Auditing,Security,22941,0,,,,,,,,,,,,,,,,S-1-16-16384,0x24c,C:\Windows\System32\winlogon.exe,,,,,,,,C:\Windows\System32\smss.exe,,0x204,,,,,-,0x3e7,-,S-1-5-18,-,0x0,,,-,S-1-0-0,,%%1936,,,
2026-09-02T03:27:11.626821Z,4688,dc.scaffold.htb,Microsoft-Windows-Security-Auditing,Security,22942,0,,,,,,,,,,,,,,,,S-1-16-16384,0x290,C:\Windows\System32\services.exe,,,,,,,,C:\Windows\System32\wininit.exe,,0x20c,,,,,-,0x3e7,-,S-1-5-18,-,0x0,,,-,S-1-0-0,,%%1936,,,
2026-09-02T03:27:11.692953Z,4688,dc.scaffold.htb,Microsoft-Windows-Security-Auditing,Security,22943,0,,,,,,,,,,,,,,,,S-1-16-16384,0x2a4,C:\Windows\System32\lsass.exe,,,,,,,,C:\Windows\System32\wininit.exe,,0x20c,,,,,-,0x3e7,-,S-1-5-18,-,0x0,,,-,S-1-0-0,,%%1936,,,
2026-09-02T03:31:13.652611Z,4663,dc.scaffold.htb,Microsoft-Windows-Security-Auditing,Security,22944,0,"%%4417
				%%4418
				",0x6,,,,,,,0x480,,,,,,,,,,,,,C:\Windows\servicing\Sessions\31275659_2169440755.xml,Security,File,,,,0x1b20,C:\Windows\WinSxS\amd64_microsoft-windows-servicingstack_31bf3856ad364e35_10.0.20348.557_none_f1edaeb8515fa10d\TiWorker.exe,,,,SCAFFOLD,0x3e7,DC$,S-1-5-18,,,,,,,,,,,
2026-09-02T03:31:23.179560Z,4664,dc.scaffold.htb,Microsoft-Windows-Security-Auditing,Security,22945,0,,,,,,,C:\Windows\WinSxS\amd64_microsoft-windows-servicingstack_31bf3856ad364e35_10.0.20348.1_none_92ce5ecc905110dd\amd64_installed,,,,,,,C:\Windows\WinSxS\amd64_microsoft-windows-servicingstack_31bf3856ad364e35_10.0.20348.5480_none_b1d14f82f983de4b\amd64_installed,,,,,,,,,,,,,,,,,,,SCAFFOLD,0x3e7,DC$,S-1-5-18,,,,,,,,,00000000-0000-0000-0000-000000000000,,
2026-09-02T03:31:23.184515Z,4664,dc.scaffold.htb,Microsoft-Windows-Security-Auditing,Security,22946,0,,,,,,,C:\Windows\WinSxS\x86_microsoft-windows-servicingstack_31bf3856ad364e35_10.0.20348.1_none_36afc348d7f39fa7\x86_installed,,,,,,,C:\Windows\WinSxS\x86_microsoft-windows-servicingstack_31bf3856ad364e35_10.0.20348.5480_none_55b2b3ff41266d15\x86_installed,,,,,,,,,,,,,,,,,,,SCAFFOLD,0x3e7,DC$,S-1-5-18,,,,,,,,,00000000-0000-0000-0000-000000000000,,
2026-09-02T03:31:23.719240Z,4663,dc.scaffold.htb,Microsoft-Windows-Security-Auditing,Security,22947,0,"%%4417
				",0x2,,,,,,,0x2308,,,,,,,,,,,,,C:\Windows\servicing\Packages,Security,File,,,,0x1b20,C:\Windows\WinSxS\amd64_microsoft-windows-servicingstack_31bf3856ad364e35_10.0.20348.557_none_f1edaeb8515fa10d\TiWorker.exe,,S:AI,,SCAFFOLD,0x3e7,DC$,S-1-5-18,,,,,,,,,,,
2026-09-02T03:31:23.719613Z,4663,dc.scaffold.htb,Microsoft-Windows-Security-Auditing,Security,22948,0,"%%1538
				",0x20000,,,,,,,0x60c,,,,,,,,,,,,,C:\Windows\servicing\Packages,Security,File,,,,0x1b20,C:\Windows\WinSxS\amd64_microsoft-windows-servicingstack_31bf3856ad364e35_10.0.20348.557_none_f1edaeb8515fa10d\TiWorker.exe,,S:AI,,SCAFFOLD,0x3e7,DC$,S-1-5-18,,,,,,,,,,,
2026-09-02T03:31:23.719730Z,4663,dc.scaffold.htb,Microsoft-Windows-Security-Auditing,Security,22949,0,"%%1538
				",0x20000,,,,,,,0x794,,,,,,,,,,,,,C:\Windows\servicing\Packages,Security,File,,,,0x1b20,C:\Windows\WinSxS\amd64_microsoft-windows-servicingstack_31bf3856ad364e35_10.0.20348.557_none_f1edaeb8515fa10d\TiWorker.exe,,S:AI,,SCAFFOLD,0x3e7,DC$,S-1-5-18,,,,,,,,,,,
2026-09-02T03:31:23.720021Z,4663,dc.scaffold.htb,Microsoft-Windows-Security-Auditing,Security,22950,0,"%%4417
				",0x2,,,,,,,0x2308,,,,,,,,,,,,,C:\Windows\servicing\Packages,Security,File,,,,0x1b20,C:\Windows\WinSxS\amd64_microsoft-windows-servicingstack_31bf3856ad364e35_10.0.20348.557_none_f1edaeb8515fa10d\TiWorker.exe,,S:AI,,SCAFFOLD,0x3e7,DC$,S-1-5-18,,,,,,,,,,,
2026-09-02T03:31:23.720386Z,4663,dc.scaffold.htb,Microsoft-Windows-Security-Auditing,Security,22951,0,"%%1538
				",0x20000,,,,,,,0x60c,,,,,,,,,,,,,C:\Windows\servicing\Packages,Security,File,,,,0x1b20,C:\Windows\WinSxS\amd64_microsoft-windows-servicingstack_31bf3856ad364e35_10.0.20348.557_none_f1edaeb8515fa10d\TiWorker.exe,,S:AI,,SCAFFOLD,0x3e7,DC$,S-1-5-18,,,,,,,,,,,
2026-09-02T03:31:23.720458Z,4663,dc.scaffold.htb,Microsoft-Windows-Security-Auditing,Security,22952,0,"%%1538
				",0x20000,,,,,,,0x794,,,,,,,,,,,,,C:\Windows\servicing\Packages,Security,File,,,,0x1b20,C:\Windows\WinSxS\amd64_microsoft-windows-servicingstack_31bf3856ad364e35_10.0.20348.557_none_f1edaeb8515fa10d\TiWorker.exe,,S:AI,,SCAFFOLD,0x3e7,DC$,S-1-5-18,,,,,,,,,,,
2026-09-02T03:31:23.728491Z,4663,dc.scaffold.htb,Microsoft-Windows-Security-Auditing,Security,22953,0,"%%4417
				",0x2,,,,,,,0x2424,,,,,,,,,,,,,C:\Windows\servicing\Packages,Security,File,,,,0x1b20,C:\Windows\WinSxS\amd64_microsoft-windows-servicingstack_31bf3856ad364e35_10.0.20348.557_none_f1edaeb8515fa10d\TiWorker.exe,,S:AI,,SCAFFOLD,0x3e7,DC$,S-1-5-18,,,,,,,,,,,
2026-09-02T03:31:23.728839Z,4663,dc.scaffold.htb,Microsoft-Windows-Security-Auditing,Security,22954,0,"%%1538
				",0x20000,,,,,,,0x388,,,,,,,,,,,,,C:\Windows\servicing\Packages,Security,File,,,,0x1b20,C:\Windows\WinSxS\amd64_microsoft-windows-servicingstack_31bf3856ad364e35_10.0.20348.557_none_f1edaeb8515fa10d\TiWorker.exe,,S:AI,,SCAFFOLD,0x3e7,DC$,S-1-5-18,,,,,,,,,,,
2026-09-02T03:31:23.728907Z,4663,dc.scaffold.htb,Microsoft-Windows-Security-Auditing,Security,22955,0,"%%1538
				",0x20000,,,,,,,0x408,,,,,,,,,,,,,C:\Windows\servicing\Packages,Security,File,,,,0x1b20,C:\Windows\WinSxS\amd64_microsoft-windows-servicingstack_31bf3856ad364e35_10.0.20348.557_none_f1edaeb8515fa10d\TiWorker.exe,,S:AI,,SCAFFOLD,0x3e7,DC$,S-1-5-18,,,,,,,,,,,
2026-09-02T03:31:23.729205Z,4663,dc.scaffold.htb,Microsoft-Windows-Security-Auditing,Security,22956,0,"%%4417
				",0x2,,,,,,,0x2424,,,,,,,,,,,,,C:\Windows\servicing\Packages,Security,File,,,,0x1b20,C:\Windows\WinSxS\amd64_microsoft-windows-servicingstack_31bf3856ad364e35_10.0.20348.557_none_f1edaeb8515fa10d\TiWorker.exe,,S:AI,,SCAFFOLD,0x3e7,DC$,S-1-5-18,,,,,,,,,,,
2026-09-02T03:31:23.729661Z,4663,dc.scaffold.htb,Microsoft-Windows-Security-Auditing,Security,22957,0,"%%1538
				",0x20000,,,,,,,0x388,,,,,,,,,,,,,C:\Windows\servicing\Packages,Security,File,,,,0x1b20,C:\Windows\WinSxS\amd64_microsoft-windows-servicingstack_31bf3856ad364e35_10.0.20348.557_none_f1edaeb8515fa10d\TiWorker.exe,,S:AI,,SCAFFOLD,0x3e7,DC$,S-1-5-18,,,,,,,,,,,
2026-09-02T03:31:23.729737Z,4663,dc.scaffold.htb,Microsoft-Windows-Security-Auditing,Security,22958,0,"%%1538
				",0x20000,,,,,,,0x408,,,,,,,,,,,,,C:\Windows\servicing\Packages,Security,File,,,,0x1b20,C:\Windows\WinSxS\amd64_microsoft-windows-servicingstack_31bf3856ad364e35_10.0.20348.557_none_f1edaeb8515fa10d\TiWorker.exe,,S:AI,,SCAFFOLD,0x3e7,DC$,S-1-5-18,,,,,,,,,,,
2026-09-02T03:31:23.998992Z,4663,dc.scaffold.htb,Microsoft-Windows-Security-Auditing,Security,22959,0,"%%4417
				",0x2,,,,,,,0x2424,,,,,,,,,,,,,C:\Windows\servicing\Packages,Security,File,,,,0x1b20,C:\Windows\WinSxS\amd64_microsoft-windows-servicingstack_31bf3856ad364e35_10.0.20348.557_none_f1edaeb8515fa10d\TiWorker.exe,,S:AI,,SCAFFOLD,0x3e7,DC$,S-1-5-18,,,,,,,,,,,
2026-09-02T03:31:23.999392Z,4663,dc.scaffold.htb,Microsoft-Windows-Security-Auditing,Security,22960,0,"%%1538
				",0x20000,,,,,,,0x388,,,,,,,,,,,,,C:\Windows\servicing\Packages,Security,File,,,,0x1b20,C:\Windows\WinSxS\amd64_microsoft-windows-servicingstack_31bf3856ad364e35_10.0.20348.557_none_f1edaeb8515fa10d\TiWorker.exe,,S:AI,,SCAFFOLD,0x3e7,DC$,S-1-5-18,,,,,,,,,,,
2026-09-02T03:31:23.999574Z,4663,dc.scaffold.htb,Microsoft-Windows-Security-Auditing,Security,22961,0,"%%1538
				",0x20000,,,,,,,0x408,,,,,,,,,,,,,C:\Windows\servicing\Packages,Security,File,,,,0x1b20,C:\Windows\WinSxS\amd64_microsoft-windows-servicingstack_31bf3856ad364e35_10.0.20348.557_none_f1edaeb8515fa10d\TiWorker.exe,,S:AI,,SCAFFOLD,0x3e7,DC$,S-1-5-18,,,,,,,,,,,
2026-09-02T03:31:24.000699Z,4663,dc.scaffold.htb,Microsoft-Windows-Security-Auditing,Security,22962,0,"%%4417
				",0x2,,,,,,,0x2424,,,,,,,,,,,,,C:\Windows\servicing\Packages,Security,File,,,,0x1b20,C:\Windows\WinSxS\amd64_microsoft-windows-servicingstack_31bf3856ad364e35_10.0.20348.557_none_f1edaeb8515fa10d\TiWorker.exe,,S:AI,,SCAFFOLD,0x3e7,DC$,S-1-5-18,,,,,,,,,,,
2026-09-02T03:31:24.001173Z,4663,dc.scaffold.htb,Microsoft-Windows-Security-Auditing,Security,22963,0,"%%1538
				",0x20000,,,,,,,0x388,,,,,,,,,,,,,C:\Windows\servicing\Packages,Security,File,,,,0x1b20,C:\Windows\WinSxS\amd64_microsoft-windows-servicingstack_31bf3856ad364e35_10.0.20348.557_none_f1edaeb8515fa10d\TiWorker.exe,,S:AI,,SCAFFOLD,0x3e7,DC$,S-1-5-18,,,,,,,,,,,
2026-09-02T03:31:24.001316Z,4663,dc.scaffold.htb,Microsoft-Windows-Security-Auditing,Security,22964,0,"%%1538
				",0x20000,,,,,,,0x408,,,,,,,,,,,,,C:\Windows\servicing\Packages,Security,File,,,,0x1b20,C:\Windows\WinSxS\amd64_microsoft-windows-servicingstack_31bf3856ad364e35_10.0.20348.557_none_f1edaeb8515fa10d\TiWorker.exe,,S:AI,,SCAFFOLD,0x3e7,DC$,S-1-5-18,,,,,,,,,,,
2026-09-02T03:31:24.004845Z,4663,dc.scaffold.htb,Microsoft-Windows-Security-Auditing,Security,22965,0,"%%4417
				",0x2,,,,,,,0x2424,,,,,,,,,,,,,C:\Windows\servicing\Sessions,Security,File,,,,0x1b20,C:\Windows\WinSxS\amd64_microsoft-windows-servicingstack_31bf3856ad364e35_10.0.20348.557_none_f1edaeb8515fa10d\TiWorker.exe,,S:AI,,SCAFFOLD,0x3e7,DC$,S-1-5-18,,,,,,,,,,,
2026-09-02T03:31:24.004855Z,4663,dc.scaffold.htb,Microsoft-Windows-Security-Auditing,Security,22966,0,"%%4417
				%%4418
				",0x6,,,,,,,0x38c,,,,,,,,,,,,,C:\Windows\servicing\Sessions\31275659_2169440755.xml,Security,File,,,,0x1b20,C:\Windows\WinSxS\amd64_microsoft-windows-servicingstack_31bf3856ad364e35_10.0.20348.557_none_f1edaeb8515fa10d\TiWorker.exe,,,,SCAFFOLD,0x3e7,DC$,S-1-5-18,,,,,,,,,,,
2026-09-02T03:31:25.292977Z,4663,dc.scaffold.htb,Microsoft-Windows-Security-Auditing,Security,22967,0,"%%4417
				",0x2,,,,,,,0xac4,,,,,,,,,,,,,C:\Windows\servicing\Sessions,Security,File,,,,0x1b20,C:\Windows\WinSxS\amd64_microsoft-windows-servicingstack_31bf3856ad364e35_10.0.20348.557_none_f1edaeb8515fa10d\TiWorker.exe,,S:AI,,SCAFFOLD,0x3e7,DC$,S-1-5-18,,,,,,,,,,,
2026-09-02T03:31:25.293417Z,4663,dc.scaffold.htb,Microsoft-Windows-Security-Auditing,Security,22968,0,"%%4417
				%%4418
				",0x6,,,,,,,0x408,,,,,,,,,,,,,C:\Windows\servicing\Sessions\31275659_2169440755.xml,Security,File,,,,0x1b20,C:\Windows\WinSxS\amd64_microsoft-windows-servicingstack_31bf3856ad364e35_10.0.20348.557_none_f1edaeb8515fa10d\TiWorker.exe,,,,SCAFFOLD,0x3e7,DC$,S-1-5-18,,,,,,,,,,,
2026-09-02T03:31:25.324413Z,4664,dc.scaffold.htb,Microsoft-Windows-Security-Auditing,Security,22969,0,,,,,,,C:\Windows\servicing\Packages\Shared-D9C76EA6F9A62A5FC754754AA7FC6B462BE2728AF59946528C95A89F7ABAF86D~31bf3856ad364e35~amd64~~10.0.20348.5480.cat,,,,,,,C:\Windows\WinSxS\Temp\InFlight\3e3c55888b3add0170010000201b7408\3e3c55888b3add0171010000201b7408_catalog,,,,,,,,,,,,,,,,,,,SCAFFOLD,0x3e7,DC$,S-1-5-18,,,,,,,,,00000000-0000-0000-0000-000000000000,,
2026-09-02T03:31:25.324680Z,4663,dc.scaffold.htb,Microsoft-Windows-Security-Auditing,Security,22970,0,"%%1539
				%%1540
				",0xc0000,,,,,,,0xaec,,,,,,,,,,,,,C:\Windows\WinSxS\Temp\InFlight\3e3c55888b3add0170010000201b7408\3e3c55888b3add0171010000201b7408_catalog,Security,File,,,,0x1b20,C:\Windows\WinSxS\amd64_microsoft-windows-servicingstack_31bf3856ad364e35_10.0.20348.557_none_f1edaeb8515fa10d\TiWorker.exe,,S:AI,,SCAFFOLD,0x3e7,DC$,S-1-5-18,,,,,,,,,,,
2026-09-02T03:31:25.324892Z,4670,dc.scaffold.htb,Microsoft-Windows-Security-Auditing,Security,22971,0,,,,,,,,,0xaec,,,,,,,,,,D:PARAI(A;;FA;;;S-1-5-80-956008885-3418522649-1831038044-1853292631-2271478464)(A;;0x1200a9;;;BA)(A;;0x1200a9;;;SY)(A;;0x1200a9;;;BU)(A;;0x1200a9;;;AC)(A;;0x1200a9;;;S-1-15-2-2),,,C:\Windows\WinSxS\Temp\InFlight\3e3c55888b3add0170010000201b7408\3e3c55888b3add0171010000201b7408_catalog,Security,File,D:PAI(A;;FA;;;S-1-5-80-956008885-3418522649-1831038044-1853292631-2271478464)(A;;0x1200a9;;;SY)(A;;0x1200a9;;;BA)(A;;0x1200a9;;;BU)(A;;0x1200a9;;;AC)(A;;0x1200a9;;;S-1-15-2-2),,,0x1b20,C:\Windows\WinSxS\amd64_microsoft-windows-servicingstack_31bf3856ad364e35_10.0.20348.557_none_f1edaeb8515fa10d\TiWorker.exe,,,,SCAFFOLD,0x3e7,DC$,S-1-5-18,,,,,,,,,,,
2026-09-02T03:31:25.552786Z,4663,dc.scaffold.htb,Microsoft-Windows-Security-Auditing,Security,22972,0,"%%1538
				",0x20000,,,,,,,0xa78,,,,,,,,,,,,,C:\Windows\WinSxS\FileMaps\_0000000000000000.cdf-ms,Security,File,,,,0x1b20,C:\Windows\WinSxS\amd64_microsoft-windows-servicingstack_31bf3856ad364e35_10.0.20348.557_none_f1edaeb8515fa10d\TiWorker.exe,,S:AI,,SCAFFOLD,0x3e7,DC$,S-1-5-18,,,,,,,,,,,
2026-09-02T03:31:25.786079Z,4663,dc.scaffold.htb,Microsoft-Windows-Security-Auditing,Security,22973,0,"%%1538
				",0x20000,,,,,,,0xad8,,,,,,,,,,,,,C:\Windows\WinSxS\FileMaps\$$.cdf-ms,Security,File,,,,0x1b20,C:\Windows\WinSxS\amd64_microsoft-windows-servicingstack_31bf3856ad364e35_10.0.20348.557_none_f1edaeb8515fa10d\TiWorker.exe,,S:AI,,SCAFFOLD,0x3e7,DC$,S-1-5-18,,,,,,,,,,,
