2026-09-02T03:31:25.875375Z,4663,dc.scaffold.htb,Microsoft-Windows-Security-Auditing,Security,22974,0,"%%1538
				",0x20000,,,,,,,0xa70,,,,,,,,,,,,,C:\Windows\WinSxS\FileMaps\$$_syswow64_21ffbdd2a2dd92e0.cdf-ms,Security,File,,,,0x1b20,C:\Windows\WinSxS\amd64_microsoft-windows-servicingstack_31bf3856ad364e35_10.0.20348.557_none_f1edaeb8515fa10d\TiWorker.exe,,S:AI,,SCAFFOLD,0x3e7,DC$,S-1-5-18,,,,,,,,,,,
2026-09-02T03:31:25.893310Z,4663,dc.scaffold.htb,Microsoft-Windows-Security-Auditing,Security,22975,0,"%%1538
				",0x20000,,,,,,,0xae4,,,,,,,,,,,,,C:\Windows\WinSxS\FileMaps\$$_syswow64_advancedinstallers_0c6bb4866bff02f7.cdf-ms,Security,File,,,,0x1b20,C:\Windows\WinSxS\amd64_microsoft-windows-servicingstack_31bf3856ad364e35_10.0.20348.557_none_f1edaeb8515fa10d\TiWorker.exe,,S:AI,,SCAFFOLD,0x3e7,DC$,S-1-5-18,,,,,,,,,,,
2026-09-02T03:31:26.307205Z,4663,dc.scaffold.htb,Microsoft-Windows-Security-Auditing,Security,22976,0,"%%1538
				",0x20000,,,,,,,0xbbc,,,,,,,,,,,,,C:\Windows\WinSxS\FileMaps\$$_system32_21f9a9c4a2f8b514.cdf-ms,Security,File,,,,0x1b20,C:\Windows\WinSxS\amd64_microsoft-windows-servicingstack_31bf3856ad364e35_10.0.20348.557_none_f1edaeb8515fa10d\TiWorker.exe,,S:AI,,SCAFFOLD,0x3e7,DC$,S-1-5-18,,,,,,,,,,,
2026-09-02T03:31:26.340421Z,4663,dc.scaffold.htb,Microsoft-Windows-Security-Auditing,Security,22977,0,"%%1538
				",0x20000,,,,,,,0xa9c,,,,,,,,,,,,,C:\Windows\WinSxS\FileMaps\$$_system32_advancedinstallers_dfe2cf200b391371.cdf-ms,Security,File,,,,0x1b20,C:\Windows\WinSxS\amd64_microsoft-windows-servicingstack_31bf3856ad364e35_10.0.20348.557_none_f1edaeb8515fa10d\TiWorker.exe,,S:AI,,SCAFFOLD,0x3e7,DC$,S-1-5-18,,,,,,,,,,,
2026-09-02T03:31:26.347384Z,4663,dc.scaffold.htb,Microsoft-Windows-Security-Auditing,Security,22978,0,"%%1538
				",0x20000,,,,,,,0xa7c,,,,,,,,,,,,,C:\Windows\WinSxS\FileMaps\$$_servicing_fc2045b9046cc796.cdf-ms,Security,File,,,,0x1b20,C:\Windows\WinSxS\amd64_microsoft-windows-servicingstack_31bf3856ad364e35_10.0.20348.557_none_f1edaeb8515fa10d\TiWorker.exe,,S:AI,,SCAFFOLD,0x3e7,DC$,S-1-5-18,,,,,,,,,,,
2026-09-02T03:31:26.360535Z,4663,dc.scaffold.htb,Microsoft-Windows-Security-Auditing,Security,22979,0,"%%1538
				",0x20000,,,,,,,0xbb8,,,,,,,,,,,,,C:\Windows\WinSxS\FileMaps\$$_servicing_sqm_51d9d5f9de5a2fa5.cdf-ms,Security,File,,,,0x1b20,C:\Windows\WinSxS\amd64_microsoft-windows-servicingstack_31bf3856ad364e35_10.0.20348.557_none_f1edaeb8515fa10d\TiWorker.exe,,S:AI,,SCAFFOLD,0x3e7,DC$,S-1-5-18,,,,,,,,,,,
2026-09-02T03:31:26.363545Z,4663,dc.scaffold.htb,Microsoft-Windows-Security-Auditing,Security,22980,0,"%%1538
				",0x20000,,,,,,,0xbc0,,,,,,,,,,,,,C:\Windows\WinSxS\FileMaps\$$_servicing_sessions_5591aee9e2456a35.cdf-ms,Security,File,,,,0x1b20,C:\Windows\WinSxS\amd64_microsoft-windows-servicingstack_31bf3856ad364e35_10.0.20348.557_none_f1edaeb8515fa10d\TiWorker.exe,,S:AI,,SCAFFOLD,0x3e7,DC$,S-1-5-18,,,,,,,,,,,
2026-09-02T03:31:26.365939Z,4663,dc.scaffold.htb,Microsoft-Windows-Security-Auditing,Security,22981,0,"%%1538
				",0x20000,,,,,,,0xbc4,,,,,,,,,,,,,C:\Windows\WinSxS\FileMaps\$$_servicing_packages_46c20bc5f833cc43.cdf-ms,Security,File,,,,0x1b20,C:\Windows\WinSxS\amd64_microsoft-windows-servicingstack_31bf3856ad364e35_10.0.20348.557_none_f1edaeb8515fa10d\TiWorker.exe,,S:AI,,SCAFFOLD,0x3e7,DC$,S-1-5-18,,,,,,,,,,,
2026-09-02T03:31:26.519651Z,4663,dc.scaffold.htb,Microsoft-Windows-Security-Auditing,Security,22982,0,"%%1538
				",0x20000,,,,,,,0xbc8,,,,,,,,,,,,,C:\Windows\WinSxS\FileMaps\$$_logs_cbs_10a752bcbbaee88b.cdf-ms,Security,File,,,,0x1b20,C:\Windows\WinSxS\amd64_microsoft-windows-servicingstack_31bf3856ad364e35_10.0.20348.557_none_f1edaeb8515fa10d\TiWorker.exe,,S:AI,,SCAFFOLD,0x3e7,DC$,S-1-5-18,,,,,,,,,,,
2026-09-02T03:31:26.696965Z,4985,dc.scaffold.htb,Microsoft-Windows-Security-Auditing,Security,22983,0,,,,,,,,,,,,,,,,,,,,48,,,,,,,,0x1b20,C:\Windows\WinSxS\amd64_microsoft-windows-servicingstack_31bf3856ad364e35_10.0.20348.557_none_f1edaeb8515fa10d\TiWorker.exe,,,DA4CB52F-4F22-11F1-A9A6-8906DE6815CD,SCAFFOLD,0x3e7,DC$,S-1-5-18,,,,,,,,,2BC06780-A67E-11F1-9937-005056B98D90,,
2026-09-02T03:31:26.697288Z,4663,dc.scaffold.htb,Microsoft-Windows-Security-Auditing,Security,22984,0,"%%1537
				",0x10000,,,,,,,0x8f8,,,,,,,,,,,,,C:\Windows\WinSxS\FileMaps\_0000000000000000.cdf-ms,Security,File,,,,0x1b20,C:\Windows\WinSxS\amd64_microsoft-windows-servicingstack_31bf3856ad364e35_10.0.20348.557_none_f1edaeb8515fa10d\TiWorker.exe,,S:AI,,SCAFFOLD,0x3e7,DC$,S-1-5-18,,,,,,,,,,,
2026-09-02T03:31:26.697293Z,4660,dc.scaffold.htb,Microsoft-Windows-Security-Auditing,Security,22985,0,,,,,,,,,0x8f8,,,,,,,,,,,,,,Security,,,,,0x1b20,C:\Windows\WinSxS\amd64_microsoft-windows-servicingstack_31bf3856ad364e35_10.0.20348.557_none_f1edaeb8515fa10d\TiWorker.exe,,,,SCAFFOLD,0x3e7,DC$,S-1-5-18,,,,,,,,,2BC06780-A67E-11F1-9937-005056B98D90,,
2026-09-02T03:31:26.700873Z,4663,dc.scaffold.htb,Microsoft-Windows-Security-Auditing,Security,22986,0,"%%4417
				",0x2,,,,,,,0x2434,,,,,,,,,,,,,C:\Windows\WinSxS\FileMaps,Security,File,,,,0x1b20,C:\Windows\WinSxS\amd64_microsoft-windows-servicingstack_31bf3856ad364e35_10.0.20348.557_none_f1edaeb8515fa10d\TiWorker.exe,,S:AI,,SCAFFOLD,0x3e7,DC$,S-1-5-18,,,,,,,,,,,
2026-09-02T03:31:26.701365Z,4663,dc.scaffold.htb,Microsoft-Windows-Security-Auditing,Security,22987,0,"%%1538
				",0x20000,,,,,,,0x8f8,,,,,,,,,,,,,C:\Windows\WinSxS\FileMaps,Security,File,,,,0x1b20,C:\Windows\WinSxS\amd64_microsoft-windows-servicingstack_31bf3856ad364e35_10.0.20348.557_none_f1edaeb8515fa10d\TiWorker.exe,,S:AI,,SCAFFOLD,0x3e7,DC$,S-1-5-18,,,,,,,,,,,
2026-09-02T03:31:26.701576Z,4663,dc.scaffold.htb,Microsoft-Windows-Security-Auditing,Security,22988,0,"%%1538
				",0x20000,,,,,,,0x8f8,,,,,,,,,,,,,C:\Windows\WinSxS\FileMaps,Security,File,,,,0x1b20,C:\Windows\WinSxS\amd64_microsoft-windows-servicingstack_31bf3856ad364e35_10.0.20348.557_none_f1edaeb8515fa10d\TiWorker.exe,,S:AI,,SCAFFOLD,0x3e7,DC$,S-1-5-18,,,,,,,,,,,
2026-09-02T03:31:26.701877Z,4663,dc.scaffold.htb,Microsoft-Windows-Security-Auditing,Security,22989,0,"%%1537
				",0x10000,,,,,,,0xa04,,,,,,,,,,,,,C:\Windows\WinSxS\FileMaps\$$.cdf-ms,Security,File,,,,0x1b20,C:\Windows\WinSxS\amd64_microsoft-windows-servicingstack_31bf3856ad364e35_10.0.20348.557_none_f1edaeb8515fa10d\TiWorker.exe,,S:AI,,SCAFFOLD,0x3e7,DC$,S-1-5-18,,,,,,,,,,,
2026-09-02T03:31:26.701882Z,4660,dc.scaffold.htb,Microsoft-Windows-Security-Auditing,Security,22990,0,,,,,,,,,0xa04,,,,,,,,,,,,,,Security,,,,,0x1b20,C:\Windows\WinSxS\amd64_microsoft-windows-servicingstack_31bf3856ad364e35_10.0.20348.557_none_f1edaeb8515fa10d\TiWorker.exe,,,,SCAFFOLD,0x3e7,DC$,S-1-5-18,,,,,,,,,2BC06780-A67E-11F1-9937-005056B98D90,,
2026-09-02T03:31:26.705392Z,4663,dc.scaffold.htb,Microsoft-Windows-Security-Auditing,Security,22991,0,"%%4417
				",0x2,,,,,,,0x2434,,,,,,,,,,,,,C:\Windows\WinSxS\FileMaps,Security,File,,,,0x1b20,C:\Windows\WinSxS\amd64_microsoft-windows-servicingstack_31bf3856ad364e35_10.0.20348.557_none_f1edaeb8515fa10d\TiWorker.exe,,S:AI,,SCAFFOLD,0x3e7,DC$,S-1-5-18,,,,,,,,,,,
2026-09-02T03:31:26.705782Z,4663,dc.scaffold.htb,Microsoft-Windows-Security-Auditing,Security,22992,0,"%%1538
				",0x20000,,,,,,,0xa04,,,,,,,,,,,,,C:\Windows\WinSxS\FileMaps,Security,File,,,,0x1b20,C:\Windows\WinSxS\amd64_microsoft-windows-servicingstack_31bf3856ad364e35_10.0.20348.557_none_f1edaeb8515fa10d\TiWorker.exe,,S:AI,,SCAFFOLD,0x3e7,DC$,S-1-5-18,,,,,,,,,,,
2026-09-02T03:31:26.706007Z,4663,dc.scaffold.htb,Microsoft-Windows-Security-Auditing,Security,22993,0,"%%1538
				",0x20000,,,,,,,0xa04,,,,,,,,,,,,,C:\Windows\WinSxS\FileMaps,Security,File,,,,0x1b20,C:\Windows\WinSxS\amd64_microsoft-windows-servicingstack_31bf3856ad364e35_10.0.20348.557_none_f1edaeb8515fa10d\TiWorker.exe,,S:AI,,SCAFFOLD,0x3e7,DC$,S-1-5-18,,,,,,,,,,,
2026-09-02T03:31:26.706690Z,4663,dc.scaffold.htb,Microsoft-Windows-Security-Auditing,Security,22994,0,"%%1537
				",0x10000,,,,,,,0xaa4,,,,,,,,,,,,,C:\Windows\WinSxS\FileMaps\$$_syswow64_21ffbdd2a2dd92e0.cdf-ms,Security,File,,,,0x1b20,C:\Windows\WinSxS\amd64_microsoft-windows-servicingstack_31bf3856ad364e35_10.0.20348.557_none_f1edaeb8515fa10d\TiWorker.exe,,S:AI,,SCAFFOLD,0x3e7,DC$,S-1-5-18,,,,,,,,,,,
2026-09-02T03:31:26.706711Z,4660,dc.scaffold.htb,Microsoft-Windows-Security-Auditing,Security,22995,0,,,,,,,,,0xaa4,,,,,,,,,,,,,,Security,,,,,0x1b20,C:\Windows\WinSxS\amd64_microsoft-windows-servicingstack_31bf3856ad364e35_10.0.20348.557_none_f1edaeb8515fa10d\TiWorker.exe,,,,SCAFFOLD,0x3e7,DC$,S-1-5-18,,,,,,,,,2BC06780-A67E-11F1-9937-005056B98D90,,
2026-09-02T03:31:26.713693Z,4663,dc.scaffold.htb,Microsoft-Windows-Security-Auditing,Security,22996,0,"%%4417
				",0x2,,,,,,,0x2434,,,,,,,,,,,,,C:\Windows\WinSxS\FileMaps,Security,File,,,,0x1b20,C:\Windows\WinSxS\amd64_microsoft-windows-servicingstack_31bf3856ad364e35_10.0.20348.557_none_f1edaeb8515fa10d\TiWorker.exe,,S:AI,,SCAFFOLD,0x3e7,DC$,S-1-5-18,,,,,,,,,,,
2026-09-02T03:31:26.714154Z,4663,dc.scaffold.htb,Microsoft-Windows-Security-Auditing,Security,22997,0,"%%1538
				",0x20000,,,,,,,0xaa4,,,,,,,,,,,,,C:\Windows\WinSxS\FileMaps,Security,File,,,,0x1b20,C:\Windows\WinSxS\amd64_microsoft-windows-servicingstack_31bf3856ad364e35_10.0.20348.557_none_f1edaeb8515fa10d\TiWorker.exe,,S:AI,,SCAFFOLD,0x3e7,DC$,S-1-5-18,,,,,,,,,,,
2026-09-02T03:31:26.714403Z,4663,dc.scaffold.htb,Microsoft-Windows-Security-Auditing,Security,22998,0,"%%1538
				",0x20000,,,,,,,0xaa4,,,,,,,,,,,,,C:\Windows\WinSxS\FileMaps,Security,File,,,,0x1b20,C:\Windows\WinSxS\amd64_microsoft-windows-servicingstack_31bf3856ad364e35_10.0.20348.557_none_f1edaeb8515fa10d\TiWorker.exe,,S:AI,,SCAFFOLD,0x3e7,DC$,S-1-5-18,,,,,,,,,,,
2026-09-02T03:31:26.717436Z,4663,dc.scaffold.htb,Microsoft-Windows-Security-Auditing,Security,22999,0,"%%1537
				",0x10000,,,,,,,0x8f8,,,,,,,,,,,,,C:\Windows\WinSxS\FileMaps\$$_syswow64_advancedinstallers_0c6bb4866bff02f7.cdf-ms,Security,File,,,,0x1b20,C:\Windows\WinSxS\amd64_microsoft-windows-servicingstack_31bf3856ad364e35_10.0.20348.557_none_f1edaeb8515fa10d\TiWorker.exe,,S:AI,,SCAFFOLD,0x3e7,DC$,S-1-5-18,,,,,,,,,,,
2026-09-02T03:31:26.717465Z,4660,dc.scaffold.htb,Microsoft-Windows-Security-Auditing,Security,23000,0,,,,,,,,,0x8f8,,,,,,,,,,,,,,Security,,,,,0x1b20,C:\Windows\WinSxS\amd64_microsoft-windows-servicingstack_31bf3856ad364e35_10.0.20348.557_none_f1edaeb8515fa10d\TiWorker.exe,,,,SCAFFOLD,0x3e7,DC$,S-1-5-18,,,,,,,,,2BC06780-A67E-11F1-9937-005056B98D90,,
2026-09-02T03:31:26.726763Z,4663,dc.scaffold.htb,Microsoft-Windows-Security-Auditing,Security,23001,0,"%%4417
				",0x2,,,,,,,0x1ed4,,,,,,,,,,,,,C:\Windows\WinSxS\FileMaps,Security,File,,,,0x1b20,C:\Windows\WinSxS\amd64_microsoft-windows-servicingstack_31bf3856ad364e35_10.0.20348.557_none_f1edaeb8515fa10d\TiWorker.exe,,S:AI,,SCAFFOLD,0x3e7,DC$,S-1-5-18,,,,,,,,,,,
2026-09-02T03:31:26.727777Z,4663,dc.scaffold.htb,Microsoft-Windows-Security-Auditing,Security,23002,0,"%%1538
				",0x20000,,,,,,,0x8f8,,,,,,,,,,,,,C:\Windows\WinSxS\FileMaps,Security,File,,,,0x1b20,C:\Windows\WinSxS\amd64_microsoft-windows-servicingstack_31bf3856ad364e35_10.0.20348.557_none_f1edaeb8515fa10d\TiWorker.exe,,S:AI,,SCAFFOLD,0x3e7,DC$,S-1-5-18,,,,,,,,,,,
2026-09-02T03:31:26.728061Z,4663,dc.scaffold.htb,Microsoft-Windows-Security-Auditing,Security,23003,0,"%%1538
				",0x20000,,,,,,,0x8f8,,,,,,,,,,,,,C:\Windows\WinSxS\FileMaps,Security,File,,,,0x1b20,C:\Windows\WinSxS\amd64_microsoft-windows-servicingstack_31bf3856ad364e35_10.0.20348.557_none_f1edaeb8515fa10d\TiWorker.exe,,S:AI,,SCAFFOLD,0x3e7,DC$,S-1-5-18,,,,,,,,,,,
2026-09-02T03:31:26.728310Z,4663,dc.scaffold.htb,Microsoft-Windows-Security-Auditing,Security,23004,0,"%%1537
				",0x10000,,,,,,,0x8e8,,,,,,,,,,,,,C:\Windows\WinSxS\FileMaps\$$_system32_21f9a9c4a2f8b514.cdf-ms,Security,File,,,,0x1b20,C:\Windows\WinSxS\amd64_microsoft-windows-servicingstack_31bf3856ad364e35_10.0.20348.557_none_f1edaeb8515fa10d\TiWorker.exe,,S:AI,,SCAFFOLD,0x3e7,DC$,S-1-5-18,,,,,,,,,,,
2026-09-02T03:31:26.728316Z,4660,dc.scaffold.htb,Microsoft-Windows-Security-Auditing,Security,23005,0,,,,,,,,,0x8e8,,,,,,,,,,,,,,Security,,,,,0x1b20,C:\Windows\WinSxS\amd64_microsoft-windows-servicingstack_31bf3856ad364e35_10.0.20348.557_none_f1edaeb8515fa10d\TiWorker.exe,,,,SCAFFOLD,0x3e7,DC$,S-1-5-18,,,,,,,,,2BC06780-A67E-11F1-9937-005056B98D90,,
2026-09-02T03:31:26.770519Z,4663,dc.scaffold.htb,Microsoft-Windows-Security-Auditing,Security,23006,0,"%%4417
				",0x2,,,,,,,0x1ed4,,,,,,,,,,,,,C:\Windows\WinSxS\FileMaps,Security,File,,,,0x1b20,C:\Windows\WinSxS\amd64_microsoft-windows-servicingstack_31bf3856ad364e35_10.0.20348.557_none_f1edaeb8515fa10d\TiWorker.exe,,S:AI,,SCAFFOLD,0x3e7,DC$,S-1-5-18,,,,,,,,,,,
2026-09-02T03:31:26.770928Z,4663,dc.scaffold.htb,Microsoft-Windows-Security-Auditing,Security,23007,0,"%%1538
				",0x20000,,,,,,,0x8e8,,,,,,,,,,,,,C:\Windows\WinSxS\FileMaps,Security,File,,,,0x1b20,C:\Windows\WinSxS\amd64_microsoft-windows-servicingstack_31bf3856ad364e35_10.0.20348.557_none_f1edaeb8515fa10d\TiWorker.exe,,S:AI,,SCAFFOLD,0x3e7,DC$,S-1-5-18,,,,,,,,,,,
2026-09-02T03:31:26.771109Z,4663,dc.scaffold.htb,Microsoft-Windows-Security-Auditing,Security,23008,0,"%%1538
				",0x20000,,,,,,,0x8e8,,,,,,,,,,,,,C:\Windows\WinSxS\FileMaps,Security,File,,,,0x1b20,C:\Windows\WinSxS\amd64_microsoft-windows-servicingstack_31bf3856ad364e35_10.0.20348.557_none_f1edaeb8515fa10d\TiWorker.exe,,S:AI,,SCAFFOLD,0x3e7,DC$,S-1-5-18,,,,,,,,,,,
2026-09-02T03:31:26.772902Z,4663,dc.scaffold.htb,Microsoft-Windows-Security-Auditing,Security,23009,0,"%%1537
				",0x10000,,,,,,,0xb54,,,,,,,,,,,,,C:\Windows\WinSxS\FileMaps\$$_system32_advancedinstallers_dfe2cf200b391371.cdf-ms,Security,File,,,,0x1b20,C:\Windows\WinSxS\amd64_microsoft-windows-servicingstack_31bf3856ad364e35_10.0.20348.557_none_f1edaeb8515fa10d\TiWorker.exe,,S:AI,,SCAFFOLD,0x3e7,DC$,S-1-5-18,,,,,,,,,,,
2026-09-02T03:31:26.772908Z,4660,dc.scaffold.htb,Microsoft-Windows-Security-Auditing,Security,23010,0,,,,,,,,,0xb54,,,,,,,,,,,,,,Security,,,,,0x1b20,C:\Windows\WinSxS\amd64_microsoft-windows-servicingstack_31bf3856ad364e35_10.0.20348.557_none_f1edaeb8515fa10d\TiWorker.exe,,,,SCAFFOLD,0x3e7,DC$,S-1-5-18,,,,,,,,,2BC06780-A67E-11F1-9937-005056B98D90,,
2026-09-02T03:31:26.775865Z,4663,dc.scaffold.htb,Microsoft-Windows-Security-Auditing,Security,23011,0,"%%4417
				",0x2,,,,,,,0x1ed4,,,,,,,,,,,,,C:\Windows\WinSxS\FileMaps,Security,File,,,,0x1b20,C:\Windows\WinSxS\amd64_microsoft-windows-servicingstack_31bf3856ad364e35_10.0.20348.557_none_f1edaeb8515fa10d\TiWorker.exe,,S:AI,,SCAFFOLD,0x3e7,DC$,S-1-5-18,,,,,,,,,,,
2026-09-02T03:31:26.776284Z,4663,dc.scaffold.htb,Microsoft-Windows-Security-Auditing,Security,23012,0,"%%1538
				",0x20000,,,,,,,0xb54,,,,,,,,,,,,,C:\Windows\WinSxS\FileMaps,Security,File,,,,0x1b20,C:\Windows\WinSxS\amd64_microsoft-windows-servicingstack_31bf3856ad364e35_10.0.20348.557_none_f1edaeb8515fa10d\TiWorker.exe,,S:AI,,SCAFFOLD,0x3e7,DC$,S-1-5-18,,,,,,,,,,,
2026-09-02T03:31:26.776526Z,4663,dc.scaffold.htb,Microsoft-Windows-Security-Auditing,Security,23013,0,"%%1538
				",0x20000,,,,,,,0xb54,,,,,,,,,,,,,C:\Windows\WinSxS\FileMaps,Security,File,,,,0x1b20,C:\Windows\WinSxS\amd64_microsoft-windows-servicingstack_31bf3856ad364e35_10.0.20348.557_none_f1edaeb8515fa10d\TiWorker.exe,,S:AI,,SCAFFOLD,0x3e7,DC$,S-1-5-18,,,,,,,,,,,
2026-09-02T03:31:26.776880Z,4663,dc.scaffold.htb,Microsoft-Windows-Security-Auditing,Security,23014,0,"%%1537
				",0x10000,,,,,,,0xb14,,,,,,,,,,,,,C:\Windows\WinSxS\FileMaps\$$_servicing_fc2045b9046cc796.cdf-ms,Security,File,,,,0x1b20,C:\Windows\WinSxS\amd64_microsoft-windows-servicingstack_31bf3856ad364e35_10.0.20348.557_none_f1edaeb8515fa10d\TiWorker.exe,,S:AI,,SCAFFOLD,0x3e7,DC$,S-1-5-18,,,,,,,,,,,
2026-09-02T03:31:26.776894Z,4660,dc.scaffold.htb,Microsoft-Windows-Security-Auditing,Security,23015,0,,,,,,,,,0xb14,,,,,,,,,,,,,,Security,,,,,0x1b20,C:\Windows\WinSxS\amd64_microsoft-windows-servicingstack_31bf3856ad364e35_10.0.20348.557_none_f1edaeb8515fa10d\TiWorker.exe,,,,SCAFFOLD,0x3e7,DC$,S-1-5-18,,,,,,,,,2BC06780-A67E-11F1-9937-005056B98D90,,
2026-09-02T03:31:26.781018Z,4663,dc.scaffold.htb,Microsoft-Windows-Security-Auditing,Security,23016,0,"%%4417
				",0x2,,,,,,,0x1ed4,,,,,,,,,,,,,C:\Windows\WinSxS\FileMaps,Security,File,,,,0x1b20,C:\Windows\WinSxS\amd64_microsoft-windows-servicingstack_31bf3856ad364e35_10.0.20348.557_none_f1edaeb8515fa10d\TiWorker.exe,,S:AI,,SCAFFOLD,0x3e7,DC$,S-1-5-18,,,,,,,,,,,
2026-09-02T03:31:26.781958Z,4663,dc.scaffold.htb,Microsoft-Windows-Security-Auditing,Security,23017,0,"%%1538
				",0x20000,,,,,,,0x8f8,,,,,,,,,,,,,C:\Windows\WinSxS\FileMaps,Security,File,,,,0x1b20,C:\Windows\WinSxS\amd64_microsoft-windows-servicingstack_31bf3856ad364e35_10.0.20348.557_none_f1edaeb8515fa10d\TiWorker.exe,,S:AI,,SCAFFOLD,0x3e7,DC$,S-1-5-18,,,,,,,,,,,
2026-09-02T03:31:26.782213Z,4663,dc.scaffold.htb,Microsoft-Windows-Security-Auditing,Security,23018,0,"%%1538
				",0x20000,,,,,,,0x8f8,,,,,,,,,,,,,C:\Windows\WinSxS\FileMaps,Security,File,,,,0x1b20,C:\Windows\WinSxS\amd64_microsoft-windows-servicingstack_31bf3856ad364e35_10.0.20348.557_none_f1edaeb8515fa10d\TiWorker.exe,,S:AI,,SCAFFOLD,0x3e7,DC$,S-1-5-18,,,,,,,,,,,
2026-09-02T03:31:26.784368Z,4663,dc.scaffold.htb,Microsoft-Windows-Security-Auditing,Security,23019,0,"%%1537
				",0x10000,,,,,,,0xb14,,,,,,,,,,,,,C:\Windows\WinSxS\FileMaps\$$_servicing_version_10.0.20348.557_8f3cd01b00ca983d.cdf-ms,Security,File,,,,0x1b20,C:\Windows\WinSxS\amd64_microsoft-windows-servicingstack_31bf3856ad364e35_10.0.20348.557_none_f1edaeb8515fa10d\TiWorker.exe,,S:AI,,SCAFFOLD,0x3e7,DC$,S-1-5-18,,,,,,,,,,,
2026-09-02T03:31:26.784394Z,4660,dc.scaffold.htb,Microsoft-Windows-Security-Auditing,Security,23020,0,,,,,,,,,0xb14,,,,,,,,,,,,,,Security,,,,,0x1b20,C:\Windows\WinSxS\amd64_microsoft-windows-servicingstack_31bf3856ad364e35_10.0.20348.557_none_f1edaeb8515fa10d\TiWorker.exe,,,,SCAFFOLD,0x3e7,DC$,S-1-5-18,,,,,,,,,2BC06780-A67E-11F1-9937-005056B98D90,,
2026-09-02T03:31:26.788495Z,4663,dc.scaffold.htb,Microsoft-Windows-Security-Auditing,Security,23021,0,"%%4417
				",0x2,,,,,,,0x1ed4,,,,,,,,,,,,,C:\Windows\WinSxS\FileMaps,Security,File,,,,0x1b20,C:\Windows\WinSxS\amd64_microsoft-windows-servicingstack_31bf3856ad364e35_10.0.20348.557_none_f1edaeb8515fa10d\TiWorker.exe,,S:AI,,SCAFFOLD,0x3e7,DC$,S-1-5-18,,,,,,,,,,,
2026-09-02T03:31:26.788971Z,4663,dc.scaffold.htb,Microsoft-Windows-Security-Auditing,Security,23022,0,"%%1538
				",0x20000,,,,,,,0xb50,,,,,,,,,,,,,C:\Windows\WinSxS\FileMaps,Security,File,,,,0x1b20,C:\Windows\WinSxS\amd64_microsoft-windows-servicingstack_31bf3856ad364e35_10.0.20348.557_none_f1edaeb8515fa10d\TiWorker.exe,,S:AI,,SCAFFOLD,0x3e7,DC$,S-1-5-18,,,,,,,,,,,
2026-09-02T03:31:26.790687Z,4663,dc.scaffold.htb,Microsoft-Windows-Security-Auditing,Security,23023,0,"%%1537
				",0x10000,,,,,,,0xb54,,,,,,,,,,,,,C:\Windows\WinSxS\FileMaps\$$_servicing_sqm_51d9d5f9de5a2fa5.cdf-ms,Security,File,,,,0x1b20,C:\Windows\WinSxS\amd64_microsoft-windows-servicingstack_31bf3856ad364e35_10.0.20348.557_none_f1edaeb8515fa10d\TiWorker.exe,,S:AI,,SCAFFOLD,0x3e7,DC$,S-1-5-18,,,,,,,,,,,
2026-09-02T03:31:26.790692Z,4660,dc.scaffold.htb,Microsoft-Windows-Security-Auditing,Security,23024,0,,,,,,,,,0xb54,,,,,,,,,,,,,,Security,,,,,0x1b20,C:\Windows\WinSxS\amd64_microsoft-windows-servicingstack_31bf3856ad364e35_10.0.20348.557_none_f1edaeb8515fa10d\TiWorker.exe,,,,SCAFFOLD,0x3e7,DC$,S-1-5-18,,,,,,,,,2BC06780-A67E-11F1-9937-005056B98D90,,
2026-09-02T03:31:26.794382Z,4663,dc.scaffold.htb,Microsoft-Windows-Security-Auditing,Security,23025,0,"%%4417
				",0x2,,,,,,,0x1ed4,,,,,,,,,,,,,C:\Windows\WinSxS\FileMaps,Security,File,,,,0x1b20,C:\Windows\WinSxS\amd64_microsoft-windows-servicingstack_31bf3856ad364e35_10.0.20348.557_none_f1edaeb8515fa10d\TiWorker.exe,,S:AI,,SCAFFOLD,0x3e7,DC$,S-1-5-18,,,,,,,,,,,
2026-09-02T03:31:26.795448Z,4663,dc.scaffold.htb,Microsoft-Windows-Security-Auditing,Security,23026,0,"%%1538
				",0x20000,,,,,,,0xb54,,,,,,,,,,,,,C:\Windows\WinSxS\FileMaps,Security,File,,,,0x1b20,C:\Windows\WinSxS\amd64_microsoft-windows-servicingstack_31bf3856ad364e35_10.0.20348.557_none_f1edaeb8515fa10d\TiWorker.exe,,S:AI,,SCAFFOLD,0x3e7,DC$,S-1-5-18,,,,,,,,,,,
2026-09-02T03:31:26.795646Z,4663,dc.scaffold.htb,Microsoft-Windows-Security-Auditing,Security,23027,0,"%%1538
				",0x20000,,,,,,,0xb54,,,,,,,,,,,,,C:\Windows\WinSxS\FileMaps,Security,File,,,,0x1b20,C:\Windows\WinSxS\amd64_microsoft-windows-servicingstack_31bf3856ad364e35_10.0.20348.557_none_f1edaeb8515fa10d\TiWorker.exe,,S:AI,,SCAFFOLD,0x3e7,DC$,S-1-5-18,,,,,,,,,,,
2026-09-02T03:31:26.797288Z,4663,dc.scaffold.htb,Microsoft-Windows-Security-Auditing,Security,23028,0,"%%1537
				",0x10000,,,,,,,0xb68,,,,,,,,,,,,,C:\Windows\WinSxS\FileMaps\$$_servicing_sessions_5591aee9e2456a35.cdf-ms,Security,File,,,,0x1b20,C:\Windows\WinSxS\amd64_microsoft-windows-servicingstack_31bf3856ad364e35_10.0.20348.557_none_f1edaeb8515fa10d\TiWorker.exe,,S:AI,,SCAFFOLD,0x3e7,DC$,S-1-5-18,,,,,,,,,,,
2026-09-02T03:31:26.797293Z,4660,dc.scaffold.htb,Microsoft-Windows-Security-Auditing,Security,23029,0,,,,,,,,,0xb68,,,,,,,,,,,,,,Security,,,,,0x1b20,C:\Windows\WinSxS\amd64_microsoft-windows-servicingstack_31bf3856ad364e35_10.0.20348.557_none_f1edaeb8515fa10d\TiWorker.exe,,,,SCAFFOLD,0x3e7,DC$,S-1-5-18,,,,,,,,,2BC06780-A67E-11F1-9937-005056B98D90,,
2026-09-02T03:31:26.799641Z,4663,dc.scaffold.htb,Microsoft-Windows-Security-Auditing,Security,23030,0,"%%4417
				",0x2,,,,,,,0x1eb4,,,,,,,,,,,,,C:\Windows\WinSxS\FileMaps,Security,File,,,,0x1b20,C:\Windows\WinSxS\amd64_microsoft-windows-servicingstack_31bf3856ad364e35_10.0.20348.557_none_f1edaeb8515fa10d\TiWorker.exe,,S:AI,,SCAFFOLD,0x3e7,DC$,S-1-5-18,,,,,,,,,,,
2026-09-02T03:31:26.800036Z,4663,dc.scaffold.htb,Microsoft-Windows-Security-Auditing,Security,23031,0,"%%1538
				",0x20000,,,,,,,0xb68,,,,,,,,,,,,,C:\Windows\WinSxS\FileMaps,Security,File,,,,0x1b20,C:\Windows\WinSxS\amd64_microsoft-windows-servicingstack_31bf3856ad364e35_10.0.20348.557_none_f1edaeb8515fa10d\TiWorker.exe,,S:AI,,SCAFFOLD,0x3e7,DC$,S-1-5-18,,,,,,,,,,,
2026-09-02T03:31:26.800261Z,4663,dc.scaffold.htb,Microsoft-Windows-Security-Auditing,Security,23032,0,"%%1538
				",0x20000,,,,,,,0xb68,,,,,,,,,,,,,C:\Windows\WinSxS\FileMaps,Security,File,,,,0x1b20,C:\Windows\WinSxS\amd64_microsoft-windows-servicingstack_31bf3856ad364e35_10.0.20348.557_none_f1edaeb8515fa10d\TiWorker.exe,,S:AI,,SCAFFOLD,0x3e7,DC$,S-1-5-18,,,,,,,,,,,
2026-09-02T03:31:26.805131Z,4663,dc.scaffold.htb,Microsoft-Windows-Security-Auditing,Security,23033,0,"%%1537
				",0x10000,,,,,,,0xb14,,,,,,,,,,,,,C:\Windows\WinSxS\FileMaps\$$_servicing_packages_46c20bc5f833cc43.cdf-ms,Security,File,,,,0x1b20,C:\Windows\WinSxS\amd64_microsoft-windows-servicingstack_31bf3856ad364e35_10.0.20348.557_none_f1edaeb8515fa10d\TiWorker.exe,,S:AI,,SCAFFOLD,0x3e7,DC$,S-1-5-18,,,,,,,,,,,
2026-09-02T03:31:26.805156Z,4660,dc.scaffold.htb,Microsoft-Windows-Security-Auditing,Security,23034,0,,,,,,,,,0xb14,,,,,,,,,,,,,,Security,,,,,0x1b20,C:\Windows\WinSxS\amd64_microsoft-windows-servicingstack_31bf3856ad364e35_10.0.20348.557_none_f1edaeb8515fa10d\TiWorker.exe,,,,SCAFFOLD,0x3e7,DC$,S-1-5-18,,,,,,,,,2BC06780-A67E-11F1-9937-005056B98D90,,
2026-09-02T03:31:26.816656Z,4663,dc.scaffold.htb,Microsoft-Windows-Security-Auditing,Security,23035,0,"%%4417
				",0x2,,,,,,,0x1eb4,,,,,,,,,,,,,C:\Windows\WinSxS\FileMaps,Security,File,,,,0x1b20,C:\Windows\WinSxS\amd64_microsoft-windows-servicingstack_31bf3856ad364e35_10.0.20348.557_none_f1edaeb8515fa10d\TiWorker.exe,,S:AI,,SCAFFOLD,0x3e7,DC$,S-1-5-18,,,,,,,,,,,
2026-09-02T03:31:26.817204Z,4663,dc.scaffold.htb,Microsoft-Windows-Security-Auditing,Security,23036,0,"%%1538
				",0x20000,,,,,,,0xb50,,,,,,,,,,,,,C:\Windows\WinSxS\FileMaps,Security,File,,,,0x1b20,C:\Windows\WinSxS\amd64_microsoft-windows-servicingstack_31bf3856ad364e35_10.0.20348.557_none_f1edaeb8515fa10d\TiWorker.exe,,S:AI,,SCAFFOLD,0x3e7,DC$,S-1-5-18,,,,,,,,,,,
2026-09-02T03:31:26.817451Z,4663,dc.scaffold.htb,Microsoft-Windows-Security-Auditing,Security,23037,0,"%%1538
				",0x20000,,,,,,,0xb50,,,,,,,,,,,,,C:\Windows\WinSxS\FileMaps,Security,File,,,,0x1b20,C:\Windows\WinSxS\amd64_microsoft-windows-servicingstack_31bf3856ad364e35_10.0.20348.557_none_f1edaeb8515fa10d\TiWorker.exe,,S:AI,,SCAFFOLD,0x3e7,DC$,S-1-5-18,,,,,,,,,,,
2026-09-02T03:31:26.824612Z,4663,dc.scaffold.htb,Microsoft-Windows-Security-Auditing,Security,23038,0,"%%1537
				",0x10000,,,,,,,0xb14,,,,,,,,,,,,,C:\Windows\WinSxS\FileMaps\$$_logs_cbs_10a752bcbbaee88b.cdf-ms,Security,File,,,,0x1b20,C:\Windows\WinSxS\amd64_microsoft-windows-servicingstack_31bf3856ad364e35_10.0.20348.557_none_f1edaeb8515fa10d\TiWorker.exe,,S:AI,,SCAFFOLD,0x3e7,DC$,S-1-5-18,,,,,,,,,,,
2026-09-02T03:31:26.824618Z,4660,dc.scaffold.htb,Microsoft-Windows-Security-Auditing,Security,23039,0,,,,,,,,,0xb14,,,,,,,,,,,,,,Security,,,,,0x1b20,C:\Windows\WinSxS\amd64_microsoft-windows-servicingstack_31bf3856ad364e35_10.0.20348.557_none_f1edaeb8515fa10d\TiWorker.exe,,,,SCAFFOLD,0x3e7,DC$,S-1-5-18,,,,,,,,,2BC06780-A67E-11F1-9937-005056B98D90,,
2026-09-02T03:31:26.827568Z,4663,dc.scaffold.htb,Microsoft-Windows-Security-Auditing,Security,23040,0,"%%4417
				",0x2,,,,,,,0x1eb4,,,,,,,,,,,,,C:\Windows\WinSxS\FileMaps,Security,File,,,,0x1b20,C:\Windows\WinSxS\amd64_microsoft-windows-servicingstack_31bf3856ad364e35_10.0.20348.557_none_f1edaeb8515fa10d\TiWorker.exe,,S:AI,,SCAFFOLD,0x3e7,DC$,S-1-5-18,,,,,,,,,,,
2026-09-02T03:31:26.827841Z,4663,dc.scaffold.htb,Microsoft-Windows-Security-Auditing,Security,23041,0,"%%1538
				",0x20000,,,,,,,0xb14,,,,,,,,,,,,,C:\Windows\WinSxS\FileMaps,Security,File,,,,0x1b20,C:\Windows\WinSxS\amd64_microsoft-windows-servicingstack_31bf3856ad364e35_10.0.20348.557_none_f1edaeb8515fa10d\TiWorker.exe,,S:AI,,SCAFFOLD,0x3e7,DC$,S-1-5-18,,,,,,,,,,,
2026-09-02T03:31:26.828880Z,4663,dc.scaffold.htb,Microsoft-Windows-Security-Auditing,Security,23042,0,"%%1538
				",0x20000,,,,,,,0xb14,,,,,,,,,,,,,C:\Windows\WinSxS\FileMaps,Security,File,,,,0x1b20,C:\Windows\WinSxS\amd64_microsoft-windows-servicingstack_31bf3856ad364e35_10.0.20348.557_none_f1edaeb8515fa10d\TiWorker.exe,,S:AI,,SCAFFOLD,0x3e7,DC$,S-1-5-18,,,,,,,,,,,
2026-09-02T03:31:26.834482Z,4663,dc.scaffold.htb,Microsoft-Windows-Security-Auditing,Security,23043,0,"%%1539
				%%1540
				",0xc0000,,,,,,,0x8f8,,,,,,,,,,,,,C:\Windows\servicing,Security,File,,,,0x1b20,C:\Windows\WinSxS\amd64_microsoft-windows-servicingstack_31bf3856ad364e35_10.0.20348.557_none_f1edaeb8515fa10d\TiWorker.exe,,S:AI,,SCAFFOLD,0x3e7,DC$,S-1-5-18,,,,,,,,,,,
2026-09-02T03:31:26.837082Z,4663,dc.scaffold.htb,Microsoft-Windows-Security-Auditing,Security,23044,0,"%%1538
				",0x20000,,,,,,,0xb50,,,,,,,,,,,,,C:\Windows\servicing,Security,File,,,,0x1b20,C:\Windows\WinSxS\amd64_microsoft-windows-servicingstack_31bf3856ad364e35_10.0.20348.557_none_f1edaeb8515fa10d\TiWorker.exe,,S:AI,,SCAFFOLD,0x3e7,DC$,S-1-5-18,,,,,,,,,,,
2026-09-02T03:31:26.837126Z,4663,dc.scaffold.htb,Microsoft-Windows-Security-Auditing,Security,23045,0,"%%1539
				%%1540
				",0xc0000,,,,,,,0x8f8,,,,,,,,,,,,,C:\Windows\servicing\Packages,Security,File,,,,0x1b20,C:\Windows\WinSxS\amd64_microsoft-windows-servicingstack_31bf3856ad364e35_10.0.20348.557_none_f1edaeb8515fa10d\TiWorker.exe,,S:AI,,SCAFFOLD,0x3e7,DC$,S-1-5-18,,,,,,,,,,,
2026-09-02T03:31:26.838308Z,4663,dc.scaffold.htb,Microsoft-Windows-Security-Auditing,Security,23046,0,"%%1538
				",0x20000,,,,,,,0xb50,,,,,,,,,,,,,C:\Windows\servicing,Security,File,,,,0x1b20,C:\Windows\WinSxS\amd64_microsoft-windows-servicingstack_31bf3856ad364e35_10.0.20348.557_none_f1edaeb8515fa10d\TiWorker.exe,,S:AI,,SCAFFOLD,0x3e7,DC$,S-1-5-18,,,,,,,,,,,
2026-09-02T03:31:26.838352Z,4663,dc.scaffold.htb,Microsoft-Windows-Security-Auditing,Security,23047,0,"%%1539
				%%1540
				",0xc0000,,,,,,,0x8f8,,,,,,,,,,,,,C:\Windows\servicing\Sessions,Security,File,,,,0x1b20,C:\Windows\WinSxS\amd64_microsoft-windows-servicingstack_31bf3856ad364e35_10.0.20348.557_none_f1edaeb8515fa10d\TiWorker.exe,,S:AI,,SCAFFOLD,0x3e7,DC$,S-1-5-18,,,,,,,,,,,
2026-09-02T03:31:26.839778Z,4663,dc.scaffold.htb,Microsoft-Windows-Security-Auditing,Security,23048,0,"%%1538
				",0x20000,,,,,,,0xb50,,,,,,,,,,,,,C:\Windows\servicing,Security,File,,,,0x1b20,C:\Windows\WinSxS\amd64_microsoft-windows-servicingstack_31bf3856ad364e35_10.0.20348.557_none_f1edaeb8515fa10d\TiWorker.exe,,S:AI,,SCAFFOLD,0x3e7,DC$,S-1-5-18,,,,,,,,,,,
2026-09-02T03:31:26.839830Z,4663,dc.scaffold.htb,Microsoft-Windows-Security-Auditing,Security,23049,0,"%%1539
				%%1540
				",0xc0000,,,,,,,0x8f8,,,,,,,,,,,,,C:\Windows\servicing\SQM,Security,File,,,,0x1b20,C:\Windows\WinSxS\amd64_microsoft-windows-servicingstack_31bf3856ad364e35_10.0.20348.557_none_f1edaeb8515fa10d\TiWorker.exe,,S:AI,,SCAFFOLD,0x3e7,DC$,S-1-5-18,,,,,,,,,,,
2026-09-02T03:31:26.845088Z,4664,dc.scaffold.htb,Microsoft-Windows-Security-Auditing,Security,23050,0,,,,,,,C:\Windows\WinSxS\amd64_microsoft-windows-servicingstack_31bf3856ad364e35_10.0.20348.5480_none_b1d14f82f983de4b\amd64_installed,,,,,,,C:\Windows\servicing\Version\10.0.20348.5480\amd64_installed,,,,,,,,,,,,,,,,,,,SCAFFOLD,0x3e7,DC$,S-1-5-18,,,,,,,,,2BC06780-A67E-11F1-9937-005056B98D90,,
2026-09-02T03:31:26.845509Z,4663,dc.scaffold.htb,Microsoft-Windows-Security-Auditing,Security,23051,0,"%%1539
				%%1540
				",0xc0000,,,,,,,0x8f8,,,,,,,,,,,,,C:\Windows\servicing\Version\10.0.20348.5480\amd64_installed,Security,File,,,,0x1b20,C:\Windows\WinSxS\amd64_microsoft-windows-servicingstack_31bf3856ad364e35_10.0.20348.557_none_f1edaeb8515fa10d\TiWorker.exe,,S:AI,,SCAFFOLD,0x3e7,DC$,S-1-5-18,,,,,,,,,,,
2026-09-02T03:31:26.849370Z,4664,dc.scaffold.htb,Microsoft-Windows-Security-Auditing,Security,23052,0,,,,,,,C:\Windows\WinSxS\x86_microsoft-windows-servicingstack_31bf3856ad364e35_10.0.20348.5480_none_55b2b3ff41266d15\x86_installed,,,,,,,C:\Windows\servicing\Version\10.0.20348.5480\x86_installed,,,,,,,,,,,,,,,,,,,SCAFFOLD,0x3e7,DC$,S-1-5-18,,,,,,,,,2BC06780-A67E-11F1-9937-005056B98D90,,
2026-09-02T03:31:26.849743Z,4663,dc.scaffold.htb,Microsoft-Windows-Security-Auditing,Security,23053,0,"%%1539
				%%1540
				",0xc0000,,,,,,,0x8e8,,,,,,,,,,,,,C:\Windows\servicing\Version\10.0.20348.5480\x86_installed,Security,File,,,,0x1b20,C:\Windows\WinSxS\amd64_microsoft-windows-servicingstack_31bf3856ad364e35_10.0.20348.557_none_f1edaeb8515fa10d\TiWorker.exe,,S:AI,,SCAFFOLD,0x3e7,DC$,S-1-5-18,,,,,,,,,,,
2026-09-02T03:31:26.851154Z,4663,dc.scaffold.htb,Microsoft-Windows-Security-Auditing,Security,23054,0,"%%1537
				",0x10000,,,,,,,0x8e8,,,,,,,,,,,,,C:\Windows\servicing\Version\10.0.20348.557\amd64_installed,Security,File,,,,0x1b20,C:\Windows\WinSxS\amd64_microsoft-windows-servicingstack_31bf3856ad364e35_10.0.20348.557_none_f1edaeb8515fa10d\TiWorker.exe,,S:AI,,SCAFFOLD,0x3e7,DC$,S-1-5-18,,,,,,,,,,,
2026-09-02T03:31:26.851175Z,4660,dc.scaffold.htb,Microsoft-Windows-Security-Auditing,Security,23055,0,,,,,,,,,0x8e8,,,,,,,,,,,,,,Security,,,,,0x1b20,C:\Windows\WinSxS\amd64_microsoft-windows-servicingstack_31bf3856ad364e35_10.0.20348.557_none_f1edaeb8515fa10d\TiWorker.exe,,,,SCAFFOLD,0x3e7,DC$,S-1-5-18,,,,,,,,,2BC06780-A67E-11F1-9937-005056B98D90,,
2026-09-02T03:31:26.851347Z,4663,dc.scaffold.htb,Microsoft-Windows-Security-Auditing,Security,23056,0,"%%1537
				",0x10000,,,,,,,0x8e8,,,,,,,,,,,,,C:\Windows\servicing\Version\10.0.20348.557\x86_installed,Security,File,,,,0x1b20,C:\Windows\WinSxS\amd64_microsoft-windows-servicingstack_31bf3856ad364e35_10.0.20348.557_none_f1edaeb8515fa10d\TiWorker.exe,,S:AI,,SCAFFOLD,0x3e7,DC$,S-1-5-18,,,,,,,,,,,
2026-09-02T03:31:26.851351Z,4660,dc.scaffold.htb,Microsoft-Windows-Security-Auditing,Security,23057,0,,,,,,,,,0x8e8,,,,,,,,,,,,,,Security,,,,,0x1b20,C:\Windows\WinSxS\amd64_microsoft-windows-servicingstack_31bf3856ad364e35_10.0.20348.557_none_f1edaeb8515fa10d\TiWorker.exe,,,,SCAFFOLD,0x3e7,DC$,S-1-5-18,,,,,,,,,2BC06780-A67E-11F1-9937-005056B98D90,,
2026-09-02T03:31:26.909422Z,4663,dc.scaffold.htb,Microsoft-Windows-Security-Auditing,Security,23058,0,"%%1537
				",0x10000,,,,,,,0x8e8,,,,,,,,,,,,,C:\Windows\System32\poqexec.exe,Security,File,,,,0x1b20,C:\Windows\WinSxS\amd64_microsoft-windows-servicingstack_31bf3856ad364e35_10.0.20348.557_none_f1edaeb8515fa10d\TiWorker.exe,,S:AI,,SCAFFOLD,0x3e7,DC$,S-1-5-18,,,,,,,,,,,
2026-09-02T03:31:26.911968Z,4660,dc.scaffold.htb,Microsoft-Windows-Security-Auditing,Security,23059,0,,,,,,,,,0x8e8,,,,,,,,,,,,,,Security,,,,,0x1b20,C:\Windows\WinSxS\amd64_microsoft-windows-servicingstack_31bf3856ad364e35_10.0.20348.557_none_f1edaeb8515fa10d\TiWorker.exe,,,,SCAFFOLD,0x3e7,DC$,S-1-5-18,,,,,,,,,2BC06780-A67E-11F1-9937-005056B98D90,,
2026-09-02T03:31:26.917737Z,4663,dc.scaffold.htb,Microsoft-Windows-Security-Auditing,Security,23060,0,"%%1537
				",0x10000,,,,,,,0xb50,,,,,,,,,,,,,C:\Windows\SysWOW64\poqexec.exe,Security,File,,,,0x1b20,C:\Windows\WinSxS\amd64_microsoft-windows-servicingstack_31bf3856ad364e35_10.0.20348.557_none_f1edaeb8515fa10d\TiWorker.exe,,S:AI,,SCAFFOLD,0x3e7,DC$,S-1-5-18,,,,,,,,,,,
2026-09-02T03:31:26.920959Z,4660,dc.scaffold.htb,Microsoft-Windows-Security-Auditing,Security,23061,0,,,,,,,,,0xb50,,,,,,,,,,,,,,Security,,,,,0x1b20,C:\Windows\WinSxS\amd64_microsoft-windows-servicingstack_31bf3856ad364e35_10.0.20348.557_none_f1edaeb8515fa10d\TiWorker.exe,,,,SCAFFOLD,0x3e7,DC$,S-1-5-18,,,,,,,,,2BC06780-A67E-11F1-9937-005056B98D90,,
2026-09-02T03:31:27.151992Z,4985,dc.scaffold.htb,Microsoft-Windows-Security-Auditing,Security,23062,0,,,,,,,,,,,,,,,,,,,,52,,,,,,,,0x1b20,C:\Windows\WinSxS\amd64_microsoft-windows-servicingstack_31bf3856ad364e35_10.0.20348.557_none_f1edaeb8515fa10d\TiWorker.exe,,,DA4CB52F-4F22-11F1-A9A6-8906DE6815CD,SCAFFOLD,0x3e7,DC$,S-1-5-18,,,,,,,,,2BC06780-A67E-11F1-9937-005056B98D90,,
2026-09-02T03:31:27.250390Z,4663,dc.scaffold.htb,Microsoft-Windows-Security-Auditing,Security,23063,0,"%%4417
				",0x2,,,,,,,0x26f4,,,,,,,,,,,,,C:\Windows\servicing\Sessions,Security,File,,,,0x1b20,C:\Windows\WinSxS\amd64_microsoft-windows-servicingstack_31bf3856ad364e35_10.0.20348.557_none_f1edaeb8515fa10d\TiWorker.exe,,S:AI,,SCAFFOLD,0x3e7,DC$,S-1-5-18,,,,,,,,,,,
2026-09-02T03:31:27.250711Z,4663,dc.scaffold.htb,Microsoft-Windows-Security-Auditing,Security,23064,0,"%%4417
				%%4418
				",0x6,,,,,,,0xaf8,,,,,,,,,,,,,C:\Windows\servicing\Sessions\31275659_2169440755.xml,Security,File,,,,0x1b20,C:\Windows\WinSxS\amd64_microsoft-windows-servicingstack_31bf3856ad364e35_10.0.20348.557_none_f1edaeb8515fa10d\TiWorker.exe,,,,SCAFFOLD,0x3e7,DC$,S-1-5-18,,,,,,,,,,,
2026-09-02T03:31:27.411390Z,4663,dc.scaffold.htb,Microsoft-Windows-Security-Auditing,Security,23065,0,"%%4417
				",0x2,,,,,,,0x2124,,,,,,,,,,,,,C:\Windows\servicing\Sessions,Security,File,,,,0x1b20,C:\Windows\WinSxS\amd64_microsoft-windows-servicingstack_31bf3856ad364e35_10.0.20348.557_none_f1edaeb8515fa10d\TiWorker.exe,,S:AI,,SCAFFOLD,0x3e7,DC$,S-1-5-18,,,,,,,,,,,
2026-09-02T03:31:27.411700Z,4663,dc.scaffold.htb,Microsoft-Windows-Security-Auditing,Security,23066,0,"%%4417
				%%4418
				",0x6,,,,,,,0xb30,,,,,,,,,,,,,C:\Windows\servicing\Sessions\31275659_2169440755.xml,Security,File,,,,0x1b20,C:\Windows\WinSxS\amd64_microsoft-windows-servicingstack_31bf3856ad364e35_10.0.20348.557_none_f1edaeb8515fa10d\TiWorker.exe,,,,SCAFFOLD,0x3e7,DC$,S-1-5-18,,,,,,,,,,,
2026-09-02T03:31:27.431644Z,4663,dc.scaffold.htb,Microsoft-Windows-Security-Auditing,Security,23067,0,"%%1538
				",0x20000,,,,,,,0xa24,,,,,,,,,,,,,C:\Windows\servicing\Sessions,Security,File,,,,0x1b20,C:\Windows\WinSxS\amd64_microsoft-windows-servicingstack_31bf3856ad364e35_10.0.20348.557_none_f1edaeb8515fa10d\TiWorker.exe,,S:AI,,SCAFFOLD,0x3e7,DC$,S-1-5-18,,,,,,,,,,,
2026-09-02T03:31:50.112984Z,4985,dc.scaffold.htb,Microsoft-Windows-Security-Auditing,Security,23068,0,,,,,,,,,,,,,,,,,,,,48,,,,,,,,0x173c,C:\Windows\WinSxS\amd64_microsoft-windows-servicingstack_31bf3856ad364e35_10.0.20348.5480_none_b1d14f82f983de4b\TiWorker.exe,,,DA4CB52F-4F22-11F1-A9A6-8906DE6815CD,SCAFFOLD,0x3e7,DC$,S-1-5-18,,,,,,,,,2BC0679D-A67E-11F1-9937-005056B98D90,,
2026-09-02T03:31:50.389763Z,4985,dc.scaffold.htb,Microsoft-Windows-Security-Auditing,Security,23069,0,,,,,,,,,,,,,,,,,,,,52,,,,,,,,0x173c,C:\Windows\WinSxS\amd64_microsoft-windows-servicingstack_31bf3856ad364e35_10.0.20348.5480_none_b1d14f82f983de4b\TiWorker.exe,,,DA4CB52F-4F22-11F1-A9A6-8906DE6815CD,SCAFFOLD,0x3e7,DC$,S-1-5-18,,,,,,,,,2BC0679D-A67E-11F1-9937-005056B98D90,,
2026-09-02T03:31:50.627041Z,4663,dc.scaffold.htb,Microsoft-Windows-Security-Auditing,Security,23070,0,"%%4417
				%%4418
				",0x6,,,,,,,0x398,,,,,,,,,,,,,C:\Windows\servicing\Sessions\31275659_2466156878.xml,Security,File,,,,0x173c,C:\Windows\WinSxS\amd64_microsoft-windows-servicingstack_31bf3856ad364e35_10.0.20348.5480_none_b1d14f82f983de4b\TiWorker.exe,,,,SCAFFOLD,0x3e7,DC$,S-1-5-18,,,,,,,,,,,
2026-09-02T03:31:50.760935Z,4663,dc.scaffold.htb,Microsoft-Windows-Security-Auditing,Security,23071,0,"%%4424
				",0x100,,,,,,,0x394,,,,,,,,,,,,,C:\Windows\servicing\Packages\Package_for_ServicingStack_557~31bf3856ad364e35~amd64~~20348.557.1.3.cat,Security,File,,,,0x173c,C:\Windows\WinSxS\amd64_microsoft-windows-servicingstack_31bf3856ad364e35_10.0.20348.5480_none_b1d14f82f983de4b\TiWorker.exe,,S:AI,,SCAFFOLD,0x3e7,DC$,S-1-5-18,,,,,,,,,,,
2026-09-02T03:31:50.761247Z,4663,dc.scaffold.htb,Microsoft-Windows-Security-Auditing,Security,23072,0,"%%1537
				",0x10000,,,,,,,0x394,,,,,,,,,,,,,C:\Windows\servicing\Packages\Package_for_ServicingStack_557~31bf3856ad364e35~amd64~~20348.557.1.3.cat,Security,File,,,,0x173c,C:\Windows\WinSxS\amd64_microsoft-windows-servicingstack_31bf3856ad364e35_10.0.20348.5480_none_b1d14f82f983de4b\TiWorker.exe,,S:AI,,SCAFFOLD,0x3e7,DC$,S-1-5-18,,,,,,,,,,,
2026-09-02T03:31:50.761253Z,4660,dc.scaffold.htb,Microsoft-Windows-Security-Auditing,Security,23073,0,,,,,,,,,0x394,,,,,,,,,,,,,,Security,,,,,0x173c,C:\Windows\WinSxS\amd64_microsoft-windows-servicingstack_31bf3856ad364e35_10.0.20348.5480_none_b1d14f82f983de4b\TiWorker.exe,,,,SCAFFOLD,0x3e7,DC$,S-1-5-18,,,,,,,,,00000000-0000-0000-0000-000000000000,,
2026-09-02T03:31:50.761565Z,4663,dc.scaffold.htb,Microsoft-Windows-Security-Auditing,Security,23074,0,"%%4424
				",0x100,,,,,,,0x4ac,,,,,,,,,,,,,C:\Windows\servicing\Packages\Package_for_ServicingStack_557~31bf3856ad364e35~amd64~~20348.557.1.3.mum,Security,File,,,,0x173c,C:\Windows\WinSxS\amd64_microsoft-windows-servicingstack_31bf3856ad364e35_10.0.20348.5480_none_b1d14f82f983de4b\TiWorker.exe,,S:AI,,SCAFFOLD,0x3e7,DC$,S-1-5-18,,,,,,,,,,,
2026-09-02T03:31:50.761730Z,4663,dc.scaffold.htb,Microsoft-Windows-Security-Auditing,Security,23075,0,"%%1537
				",0x10000,,,,,,,0x4ac,,,,,,,,,,,,,C:\Windows\servicing\Packages\Package_for_ServicingStack_557~31bf3856ad364e35~amd64~~20348.557.1.3.mum,Security,File,,,,0x173c,C:\Windows\WinSxS\amd64_microsoft-windows-servicingstack_31bf3856ad364e35_10.0.20348.5480_none_b1d14f82f983de4b\TiWorker.exe,,S:AI,,SCAFFOLD,0x3e7,DC$,S-1-5-18,,,,,,,,,,,
2026-09-02T03:31:50.761734Z,4660,dc.scaffold.htb,Microsoft-Windows-Security-Auditing,Security,23076,0,,,,,,,,,0x4ac,,,,,,,,,,,,,,Security,,,,,0x173c,C:\Windows\WinSxS\amd64_microsoft-windows-servicingstack_31bf3856ad364e35_10.0.20348.5480_none_b1d14f82f983de4b\TiWorker.exe,,,,SCAFFOLD,0x3e7,DC$,S-1-5-18,,,,,,,,,00000000-0000-0000-0000-000000000000,,
2026-09-02T03:31:50.763736Z,4663,dc.scaffold.htb,Microsoft-Windows-Security-Auditing,Security,23077,0,"%%4417
				%%4418
				",0x6,,,,,,,0x414,,,,,,,,,,,,,C:\Windows\servicing\Sessions\31275659_2467563163.xml,Security,File,,,,0x173c,C:\Windows\WinSxS\amd64_microsoft-windows-servicingstack_31bf3856ad364e35_10.0.20348.5480_none_b1d14f82f983de4b\TiWorker.exe,,,,SCAFFOLD,0x3e7,DC$,S-1-5-18,,,,,,,,,,,
2026-09-02T03:31:50.881838Z,4663,dc.scaffold.htb,Microsoft-Windows-Security-Auditing,Security,23078,0,"%%4424
				",0x100,,,,,,,0x42c,,,,,,,,,,,,,C:\Windows\servicing\Packages\Package_1_for_KB5010523~31bf3856ad364e35~amd64~~20348.557.1.3.mum,Security,File,,,,0x173c,C:\Windows\WinSxS\amd64_microsoft-windows-servicingstack_31bf3856ad364e35_10.0.20348.5480_none_b1d14f82f983de4b\TiWorker.exe,,S:AI,,SCAFFOLD,0x3e7,DC$,S-1-5-18,,,,,,,,,,,
2026-09-02T03:31:50.882054Z,4663,dc.scaffold.htb,Microsoft-Windows-Security-Auditing,Security,23079,0,"%%1537
				",0x10000,,,,,,,0x42c,,,,,,,,,,,,,C:\Windows\servicing\Packages\Package_1_for_KB5010523~31bf3856ad364e35~amd64~~20348.557.1.3.mum,Security,File,,,,0x173c,C:\Windows\WinSxS\amd64_microsoft-windows-servicingstack_31bf3856ad364e35_10.0.20348.5480_none_b1d14f82f983de4b\TiWorker.exe,,S:AI,,SCAFFOLD,0x3e7,DC$,S-1-5-18,,,,,,,,,,,
2026-09-02T03:31:50.882079Z,4660,dc.scaffold.htb,Microsoft-Windows-Security-Auditing,Security,23080,0,,,,,,,,,0x42c,,,,,,,,,,,,,,Security,,,,,0x173c,C:\Windows\WinSxS\amd64_microsoft-windows-servicingstack_31bf3856ad364e35_10.0.20348.5480_none_b1d14f82f983de4b\TiWorker.exe,,,,SCAFFOLD,0x3e7,DC$,S-1-5-18,,,,,,,,,00000000-0000-0000-0000-000000000000,,
2026-09-02T03:31:50.954402Z,4663,dc.scaffold.htb,Microsoft-Windows-Security-Auditing,Security,23081,0,"%%4424
				",0x100,,,,,,,0x41c,,,,,,,,,,,,,C:\Windows\servicing\Packages\Package_2_for_KB5010523~31bf3856ad364e35~amd64~~20348.557.1.3.mum,Security,File,,,,0x173c,C:\Windows\WinSxS\amd64_microsoft-windows-servicingstack_31bf3856ad364e35_10.0.20348.5480_none_b1d14f82f983de4b\TiWorker.exe,,S:AI,,SCAFFOLD,0x3e7,DC$,S-1-5-18,,,,,,,,,,,
2026-09-02T03:31:50.954569Z,4663,dc.scaffold.htb,Microsoft-Windows-Security-Auditing,Security,23082,0,"%%1537
				",0x10000,,,,,,,0x41c,,,,,,,,,,,,,C:\Windows\servicing\Packages\Package_2_for_KB5010523~31bf3856ad364e35~amd64~~20348.557.1.3.mum,Security,File,,,,0x173c,C:\Windows\WinSxS\amd64_microsoft-windows-servicingstack_31bf3856ad364e35_10.0.20348.5480_none_b1d14f82f983de4b\TiWorker.exe,,S:AI,,SCAFFOLD,0x3e7,DC$,S-1-5-18,,,,,,,,,,,
2026-09-02T03:31:50.954574Z,4660,dc.scaffold.htb,Microsoft-Windows-Security-Auditing,Security,23083,0,,,,,,,,,0x41c,,,,,,,,,,,,,,Security,,,,,0x173c,C:\Windows\WinSxS\amd64_microsoft-windows-servicingstack_31bf3856ad364e35_10.0.20348.5480_none_b1d14f82f983de4b\TiWorker.exe,,,,SCAFFOLD,0x3e7,DC$,S-1-5-18,,,,,,,,,00000000-0000-0000-0000-000000000000,,
2026-09-02T03:31:51.006844Z,4663,dc.scaffold.htb,Microsoft-Windows-Security-Auditing,Security,23084,0,"%%4424
				",0x100,,,,,,,0x3ac,,,,,,,,,,,,,C:\Windows\servicing\Packages\Package_3_for_KB5010523~31bf3856ad364e35~amd64~~20348.557.1.3.mum,Security,File,,,,0x173c,C:\Windows\WinSxS\amd64_microsoft-windows-servicingstack_31bf3856ad364e35_10.0.20348.5480_none_b1d14f82f983de4b\TiWorker.exe,,S:AI,,SCAFFOLD,0x3e7,DC$,S-1-5-18,,,,,,,,,,,
2026-09-02T03:31:51.007035Z,4663,dc.scaffold.htb,Microsoft-Windows-Security-Auditing,Security,23085,0,"%%1537
				",0x10000,,,,,,,0x3ac,,,,,,,,,,,,,C:\Windows\servicing\Packages\Package_3_for_KB5010523~31bf3856ad364e35~amd64~~20348.557.1.3.mum,Security,File,,,,0x173c,C:\Windows\WinSxS\amd64_microsoft-windows-servicingstack_31bf3856ad364e35_10.0.20348.5480_none_b1d14f82f983de4b\TiWorker.exe,,S:AI,,SCAFFOLD,0x3e7,DC$,S-1-5-18,,,,,,,,,,,
2026-09-02T03:31:51.007041Z,4660,dc.scaffold.htb,Microsoft-Windows-Security-Auditing,Security,23086,0,,,,,,,,,0x3ac,,,,,,,,,,,,,,Security,,,,,0x173c,C:\Windows\WinSxS\amd64_microsoft-windows-servicingstack_31bf3856ad364e35_10.0.20348.5480_none_b1d14f82f983de4b\TiWorker.exe,,,,SCAFFOLD,0x3e7,DC$,S-1-5-18,,,,,,,,,00000000-0000-0000-0000-000000000000,,
2026-09-02T03:31:51.084823Z,4663,dc.scaffold.htb,Microsoft-Windows-Security-Auditing,Security,23087,0,"%%4424
				",0x100,,,,,,,0x398,,,,,,,,,,,,,C:\Windows\servicing\Packages\Package_4_for_KB5010523~31bf3856ad364e35~amd64~~20348.557.1.3.mum,Security,File,,,,0x173c,C:\Windows\WinSxS\amd64_microsoft-windows-servicingstack_31bf3856ad364e35_10.0.20348.5480_none_b1d14f82f983de4b\TiWorker.exe,,S:AI,,SCAFFOLD,0x3e7,DC$,S-1-5-18,,,,,,,,,,,
2026-09-02T03:31:51.084971Z,4663,dc.scaffold.htb,Microsoft-Windows-Security-Auditing,Security,23088,0,"%%1537
				",0x10000,,,,,,,0x398,,,,,,,,,,,,,C:\Windows\servicing\Packages\Package_4_for_KB5010523~31bf3856ad364e35~amd64~~20348.557.1.3.mum,Security,File,,,,0x173c,C:\Windows\WinSxS\amd64_microsoft-windows-servicingstack_31bf3856ad364e35_10.0.20348.5480_none_b1d14f82f983de4b\TiWorker.exe,,S:AI,,SCAFFOLD,0x3e7,DC$,S-1-5-18,,,,,,,,,,,
2026-09-02T03:31:51.084975Z,4660,dc.scaffold.htb,Microsoft-Windows-Security-Auditing,Security,23089,0,,,,,,,,,0x398,,,,,,,,,,,,,,Security,,,,,0x173c,C:\Windows\WinSxS\amd64_microsoft-windows-servicingstack_31bf3856ad364e35_10.0.20348.5480_none_b1d14f82f983de4b\TiWorker.exe,,,,SCAFFOLD,0x3e7,DC$,S-1-5-18,,,,,,,,,00000000-0000-0000-0000-000000000000,,
2026-09-02T03:31:51.166444Z,4663,dc.scaffold.htb,Microsoft-Windows-Security-Auditing,Security,23090,0,"%%4424
				",0x100,,,,,,,0x388,,,,,,,,,,,,,C:\Windows\servicing\Packages\Package_5_for_KB5010523~31bf3856ad364e35~amd64~~20348.557.1.3.mum,Security,File,,,,0x173c,C:\Windows\WinSxS\amd64_microsoft-windows-servicingstack_31bf3856ad364e35_10.0.20348.5480_none_b1d14f82f983de4b\TiWorker.exe,,S:AI,,SCAFFOLD,0x3e7,DC$,S-1-5-18,,,,,,,,,,,
2026-09-02T03:31:51.166587Z,4663,dc.scaffold.htb,Microsoft-Windows-Security-Auditing,Security,23091,0,"%%1537
				",0x10000,,,,,,,0x388,,,,,,,,,,,,,C:\Windows\servicing\Packages\Package_5_for_KB5010523~31bf3856ad364e35~amd64~~20348.557.1.3.mum,Security,File,,,,0x173c,C:\Windows\WinSxS\amd64_microsoft-windows-servicingstack_31bf3856ad364e35_10.0.20348.5480_none_b1d14f82f983de4b\TiWorker.exe,,S:AI,,SCAFFOLD,0x3e7,DC$,S-1-5-18,,,,,,,,,,,
2026-09-02T03:31:51.166592Z,4660,dc.scaffold.htb,Microsoft-Windows-Security-Auditing,Security,23092,0,,,,,,,,,0x388,,,,,,,,,,,,,,Security,,,,,0x173c,C:\Windows\WinSxS\amd64_microsoft-windows-servicingstack_31bf3856ad364e35_10.0.20348.5480_none_b1d14f82f983de4b\TiWorker.exe,,,,SCAFFOLD,0x3e7,DC$,S-1-5-18,,,,,,,,,00000000-0000-0000-0000-000000000000,,
2026-09-02T03:31:51.217590Z,4663,dc.scaffold.htb,Microsoft-Windows-Security-Auditing,Security,23093,0,"%%4424
				",0x100,,,,,,,0x408,,,,,,,,,,,,,C:\Windows\servicing\Packages\Package_6_for_KB5010523~31bf3856ad364e35~amd64~~20348.557.1.3.mum,Security,File,,,,0x173c,C:\Windows\WinSxS\amd64_microsoft-windows-servicingstack_31bf3856ad364e35_10.0.20348.5480_none_b1d14f82f983de4b\TiWorker.exe,,S:AI,,SCAFFOLD,0x3e7,DC$,S-1-5-18,,,,,,,,,,,
2026-09-02T03:31:51.217665Z,4663,dc.scaffold.htb,Microsoft-Windows-Security-Auditing,Security,23094,0,"%%1537
				",0x10000,,,,,,,0x408,,,,,,,,,,,,,C:\Windows\servicing\Packages\Package_6_for_KB5010523~31bf3856ad364e35~amd64~~20348.557.1.3.mum,Security,File,,,,0x173c,C:\Windows\WinSxS\amd64_microsoft-windows-servicingstack_31bf3856ad364e35_10.0.20348.5480_none_b1d14f82f983de4b\TiWorker.exe,,S:AI,,SCAFFOLD,0x3e7,DC$,S-1-5-18,,,,,,,,,,,
2026-09-02T03:31:51.217669Z,4660,dc.scaffold.htb,Microsoft-Windows-Security-Auditing,Security,23095,0,,,,,,,,,0x408,,,,,,,,,,,,,,Security,,,,,0x173c,C:\Windows\WinSxS\amd64_microsoft-windows-servicingstack_31bf3856ad364e35_10.0.20348.5480_none_b1d14f82f983de4b\TiWorker.exe,,,,SCAFFOLD,0x3e7,DC$,S-1-5-18,,,,,,,,,00000000-0000-0000-0000-000000000000,,
2026-09-02T03:31:51.267662Z,4663,dc.scaffold.htb,Microsoft-Windows-Security-Auditing,Security,23096,0,"%%4424
				",0x100,,,,,,,0x394,,,,,,,,,,,,,C:\Windows\servicing\Packages\Package_7_for_KB5010523~31bf3856ad364e35~amd64~~20348.557.1.3.mum,Security,File,,,,0x173c,C:\Windows\WinSxS\amd64_microsoft-windows-servicingstack_31bf3856ad364e35_10.0.20348.5480_none_b1d14f82f983de4b\TiWorker.exe,,S:AI,,SCAFFOLD,0x3e7,DC$,S-1-5-18,,,,,,,,,,,
2026-09-02T03:31:51.267869Z,4663,dc.scaffold.htb,Microsoft-Windows-Security-Auditing,Security,23097,0,"%%1537
				",0x10000,,,,,,,0x394,,,,,,,,,,,,,C:\Windows\servicing\Packages\Package_7_for_KB5010523~31bf3856ad364e35~amd64~~20348.557.1.3.mum,Security,File,,,,0x173c,C:\Windows\WinSxS\amd64_microsoft-windows-servicingstack_31bf3856ad364e35_10.0.20348.5480_none_b1d14f82f983de4b\TiWorker.exe,,S:AI,,SCAFFOLD,0x3e7,DC$,S-1-5-18,,,,,,,,,,,
2026-09-02T03:31:51.267874Z,4660,dc.scaffold.htb,Microsoft-Windows-Security-Auditing,Security,23098,0,,,,,,,,,0x394,,,,,,,,,,,,,,Security,,,,,0x173c,C:\Windows\WinSxS\amd64_microsoft-windows-servicingstack_31bf3856ad364e35_10.0.20348.5480_none_b1d14f82f983de4b\TiWorker.exe,,,,SCAFFOLD,0x3e7,DC$,S-1-5-18,,,,,,,,,00000000-0000-0000-0000-000000000000,,
2026-09-02T03:31:51.338434Z,4663,dc.scaffold.htb,Microsoft-Windows-Security-Auditing,Security,23099,0,"%%4424
				",0x100,,,,,,,0x398,,,,,,,,,,,,,C:\Windows\servicing\Packages\Package_8_for_KB5010523~31bf3856ad364e35~amd64~~20348.557.1.3.mum,Security,File,,,,0x173c,C:\Windows\WinSxS\amd64_microsoft-windows-servicingstack_31bf3856ad364e35_10.0.20348.5480_none_b1d14f82f983de4b\TiWorker.exe,,S:AI,,SCAFFOLD,0x3e7,DC$,S-1-5-18,,,,,,,,,,,
2026-09-02T03:31:51.338742Z,4663,dc.scaffold.htb,Microsoft-Windows-Security-Auditing,Security,23100,0,"%%1537
				",0x10000,,,,,,,0x398,,,,,,,,,,,,,C:\Windows\servicing\Packages\Package_8_for_KB5010523~31bf3856ad364e35~amd64~~20348.557.1.3.mum,Security,File,,,,0x173c,C:\Windows\WinSxS\amd64_microsoft-windows-servicingstack_31bf3856ad364e35_10.0.20348.5480_none_b1d14f82f983de4b\TiWorker.exe,,S:AI,,SCAFFOLD,0x3e7,DC$,S-1-5-18,,,,,,,,,,,
2026-09-02T03:31:51.338747Z,4660,dc.scaffold.htb,Microsoft-Windows-Security-Auditing,Security,23101,0,,,,,,,,,0x398,,,,,,,,,,,,,,Security,,,,,0x173c,C:\Windows\WinSxS\amd64_microsoft-windows-servicingstack_31bf3856ad364e35_10.0.20348.5480_none_b1d14f82f983de4b\TiWorker.exe,,,,SCAFFOLD,0x3e7,DC$,S-1-5-18,,,,,,,,,00000000-0000-0000-0000-000000000000,,
