2026-09-02T00:09:07.629003Z,4663,dc.scaffold.htb,Microsoft-Windows-Security-Auditing,Security,20289,0,"%%4420
				",0x10,,,,,,,0x708,,,,,,,,,,,,,C:\Windows\WinSxS\x86_netfx4-webengine_dll_b03f5f7f11d50a3a_4.0.15806.340_none_5e8991fac06e3c68\webengine.dll,Security,File,,,,0x13bc,C:\Windows\WinSxS\amd64_microsoft-windows-servicingstack_31bf3856ad364e35_10.0.20348.557_none_f1edaeb8515fa10d\TiWorker.exe,,S:AI,,SCAFFOLD,0x3e7,DC$,S-1-5-18,,,,,,,,,,,
2026-09-02T00:09:07.629701Z,4663,dc.scaffold.htb,Microsoft-Windows-Security-Auditing,Security,20290,0,"%%4420
				",0x10,,,,,,,0x708,,,,,,,,,,,,,C:\Windows\WinSxS\x86_netfx4-peverify_dll_b03f5f7f11d50a3a_4.0.15806.300_none_78f32c87a04a697a\peverify.dll,Security,File,,,,0x13bc,C:\Windows\WinSxS\amd64_microsoft-windows-servicingstack_31bf3856ad364e35_10.0.20348.557_none_f1edaeb8515fa10d\TiWorker.exe,,S:AI,,SCAFFOLD,0x3e7,DC$,S-1-5-18,,,,,,,,,,,
2026-09-02T00:09:07.630026Z,4663,dc.scaffold.htb,Microsoft-Windows-Security-Auditing,Security,20291,0,"%%4420
				",0x10,,,,,,,0x708,,,,,,,,,,,,,C:\Windows\WinSxS\amd64_netfx4-penimc_v0400_b03f5f7f11d50a3a_4.0.15806.330_none_daed3a9b0cafba27\PenIMC_v0400.dll,Security,File,,,,0x13bc,C:\Windows\WinSxS\amd64_microsoft-windows-servicingstack_31bf3856ad364e35_10.0.20348.557_none_f1edaeb8515fa10d\TiWorker.exe,,S:AI,,SCAFFOLD,0x3e7,DC$,S-1-5-18,,,,,,,,,,,
2026-09-02T00:09:07.630415Z,4663,dc.scaffold.htb,Microsoft-Windows-Security-Auditing,Security,20292,0,"%%4420
				",0x10,,,,,,,0x708,,,,,,,,,,,,,C:\Windows\WinSxS\amd64_system.data_b77a5c561934e089_4.0.15806.330_none_e7f0af34737e536d\System.Data.dll,Security,File,,,,0x13bc,C:\Windows\WinSxS\amd64_microsoft-windows-servicingstack_31bf3856ad364e35_10.0.20348.557_none_f1edaeb8515fa10d\TiWorker.exe,,S:AI,,SCAFFOLD,0x3e7,DC$,S-1-5-18,,,,,,,,,,,
2026-09-02T00:09:07.630799Z,4663,dc.scaffold.htb,Microsoft-Windows-Security-Auditing,Security,20293,0,"%%4420
				",0x10,,,,,,,0x708,,,,,,,,,,,,,C:\Windows\WinSxS\amd64_system.deployment_b03f5f7f11d50a3a_4.0.15806.265_none_b35a7763f03a8497\System.Deployment.dll,Security,File,,,,0x13bc,C:\Windows\WinSxS\amd64_microsoft-windows-servicingstack_31bf3856ad364e35_10.0.20348.557_none_f1edaeb8515fa10d\TiWorker.exe,,S:AI,,SCAFFOLD,0x3e7,DC$,S-1-5-18,,,,,,,,,,,
2026-09-02T00:09:07.632471Z,4663,dc.scaffold.htb,Microsoft-Windows-Security-Auditing,Security,20294,0,"%%4420
				",0x10,,,,,,,0x708,,,,,,,,,,,,,C:\Windows\WinSxS\x86_netfx4-penimc_b03f5f7f11d50a3a_4.0.15806.330_none_756deb30d4690e22\PenIMC2_v0400.dll,Security,File,,,,0x13bc,C:\Windows\WinSxS\amd64_microsoft-windows-servicingstack_31bf3856ad364e35_10.0.20348.557_none_f1edaeb8515fa10d\TiWorker.exe,,S:AI,,SCAFFOLD,0x3e7,DC$,S-1-5-18,,,,,,,,,,,
2026-09-02T00:09:07.632919Z,4663,dc.scaffold.htb,Microsoft-Windows-Security-Auditing,Security,20295,0,"%%4420
				",0x10,,,,,,,0x708,,,,,,,,,,,,,C:\Windows\WinSxS\amd64_netfx4-penimc_b03f5f7f11d50a3a_4.0.15806.330_none_2dc0b459bfece51c\PenIMC2_v0400.dll,Security,File,,,,0x13bc,C:\Windows\WinSxS\amd64_microsoft-windows-servicingstack_31bf3856ad364e35_10.0.20348.557_none_f1edaeb8515fa10d\TiWorker.exe,,S:AI,,SCAFFOLD,0x3e7,DC$,S-1-5-18,,,,,,,,,,,
2026-09-02T00:09:07.638122Z,4663,dc.scaffold.htb,Microsoft-Windows-Security-Auditing,Security,20296,0,"%%4420
				",0x10,,,,,,,0x708,,,,,,,,,,,,,C:\Windows\WinSxS\amd64_system.windows.forms.datavisualization_31bf3856ad364e35_4.0.15806.265_none_c53e7a028e8397c6\System.Windows.Forms.DataVisualization.dll,Security,File,,,,0x13bc,C:\Windows\WinSxS\amd64_microsoft-windows-servicingstack_31bf3856ad364e35_10.0.20348.557_none_f1edaeb8515fa10d\TiWorker.exe,,S:AI,,SCAFFOLD,0x3e7,DC$,S-1-5-18,,,,,,,,,,,
2026-09-02T00:09:07.638624Z,4663,dc.scaffold.htb,Microsoft-Windows-Security-Auditing,Security,20297,0,"%%4420
				",0x10,,,,,,,0x708,,,,,,,,,,,,,C:\Windows\WinSxS\amd64_netfx4-compatjit_dll_31bf3856ad364e35_4.0.15806.300_none_52c73abfd8050454\compatjit.dll,Security,File,,,,0x13bc,C:\Windows\WinSxS\amd64_microsoft-windows-servicingstack_31bf3856ad364e35_10.0.20348.557_none_f1edaeb8515fa10d\TiWorker.exe,,S:AI,,SCAFFOLD,0x3e7,DC$,S-1-5-18,,,,,,,,,,,
2026-09-02T00:09:07.639230Z,4663,dc.scaffold.htb,Microsoft-Windows-Security-Auditing,Security,20298,0,"%%4420
				",0x10,,,,,,,0x708,,,,,,,,,,,,,C:\Windows\WinSxS\amd64_netfx4-peverify_dll_b03f5f7f11d50a3a_4.0.15806.300_none_3145f5b08bce4074\peverify.dll,Security,File,,,,0x13bc,C:\Windows\WinSxS\amd64_microsoft-windows-servicingstack_31bf3856ad364e35_10.0.20348.557_none_f1edaeb8515fa10d\TiWorker.exe,,S:AI,,SCAFFOLD,0x3e7,DC$,S-1-5-18,,,,,,,,,,,
2026-09-02T00:09:07.641106Z,4663,dc.scaffold.htb,Microsoft-Windows-Security-Auditing,Security,20299,0,"%%4420
				",0x10,,,,,,,0x708,,,,,,,,,,,,,C:\Windows\WinSxS\wow64_system.data_b77a5c561934e089_4.0.15806.330_none_11bef64e34c8e88a\System.Data.dll,Security,File,,,,0x13bc,C:\Windows\WinSxS\amd64_microsoft-windows-servicingstack_31bf3856ad364e35_10.0.20348.557_none_f1edaeb8515fa10d\TiWorker.exe,,S:AI,,SCAFFOLD,0x3e7,DC$,S-1-5-18,,,,,,,,,,,
2026-09-02T00:09:07.641681Z,4663,dc.scaffold.htb,Microsoft-Windows-Security-Auditing,Security,20300,0,"%%4420
				",0x10,,,,,,,0x708,,,,,,,,,,,,,C:\Windows\WinSxS\x86_netfx4-mscoreei_dll_b03f5f7f11d50a3a_4.0.15806.265_none_778adfa4586c8ce5\mscoreei.dll,Security,File,,,,0x13bc,C:\Windows\WinSxS\amd64_microsoft-windows-servicingstack_31bf3856ad364e35_10.0.20348.557_none_f1edaeb8515fa10d\TiWorker.exe,,S:AI,,SCAFFOLD,0x3e7,DC$,S-1-5-18,,,,,,,,,,,
2026-09-02T00:09:07.642523Z,4663,dc.scaffold.htb,Microsoft-Windows-Security-Auditing,Security,20301,0,"%%4420
				",0x10,,,,,,,0x708,,,,,,,,,,,,,C:\Windows\WinSxS\amd64_system.windows.controls.ribbon_b77a5c561934e089_4.0.15806.330_none_022b3f813ce9f710\System.Windows.Controls.Ribbon.dll,Security,File,,,,0x13bc,C:\Windows\WinSxS\amd64_microsoft-windows-servicingstack_31bf3856ad364e35_10.0.20348.557_none_f1edaeb8515fa10d\TiWorker.exe,,S:AI,,SCAFFOLD,0x3e7,DC$,S-1-5-18,,,,,,,,,,,
2026-09-02T00:09:07.642943Z,4663,dc.scaffold.htb,Microsoft-Windows-Security-Auditing,Security,20302,0,"%%4420
				",0x10,,,,,,,0x708,,,,,,,,,,,,,C:\Windows\WinSxS\x86_netfx4-dfdll_dll_b03f5f7f11d50a3a_4.0.15806.265_none_8225ea14fba29f42\dfdll.dll,Security,File,,,,0x13bc,C:\Windows\WinSxS\amd64_microsoft-windows-servicingstack_31bf3856ad364e35_10.0.20348.557_none_f1edaeb8515fa10d\TiWorker.exe,,S:AI,,SCAFFOLD,0x3e7,DC$,S-1-5-18,,,,,,,,,,,
2026-09-02T00:09:07.643462Z,4663,dc.scaffold.htb,Microsoft-Windows-Security-Auditing,Security,20303,0,"%%4420
				",0x10,,,,,,,0x708,,,,,,,,,,,,,C:\Windows\WinSxS\x86_netfx4-clrjit_dll_b03f5f7f11d50a3a_4.0.15806.300_none_65a269e55cf6530a\clrjit.dll,Security,File,,,,0x13bc,C:\Windows\WinSxS\amd64_microsoft-windows-servicingstack_31bf3856ad364e35_10.0.20348.557_none_f1edaeb8515fa10d\TiWorker.exe,,S:AI,,SCAFFOLD,0x3e7,DC$,S-1-5-18,,,,,,,,,,,
2026-09-02T00:09:07.643930Z,4663,dc.scaffold.htb,Microsoft-Windows-Security-Auditing,Security,20304,0,"%%4420
				",0x10,,,,,,,0x708,,,,,,,,,,,,,C:\Windows\WinSxS\x86_netfx4-ngen_exe_b03f5f7f11d50a3a_4.0.15806.265_none_f3045d01bd124fd2\ngen.exe,Security,File,,,,0x13bc,C:\Windows\WinSxS\amd64_microsoft-windows-servicingstack_31bf3856ad364e35_10.0.20348.557_none_f1edaeb8515fa10d\TiWorker.exe,,S:AI,,SCAFFOLD,0x3e7,DC$,S-1-5-18,,,,,,,,,,,
2026-09-02T00:09:07.644304Z,4663,dc.scaffold.htb,Microsoft-Windows-Security-Auditing,Security,20305,0,"%%4420
				",0x10,,,,,,,0x708,,,,,,,,,,,,,C:\Windows\WinSxS\amd64_system.configuration_b03f5f7f11d50a3a_4.0.15806.265_none_7e83d5a2f605004a\System.Configuration.dll,Security,File,,,,0x13bc,C:\Windows\WinSxS\amd64_microsoft-windows-servicingstack_31bf3856ad364e35_10.0.20348.557_none_f1edaeb8515fa10d\TiWorker.exe,,S:AI,,SCAFFOLD,0x3e7,DC$,S-1-5-18,,,,,,,,,,,
2026-09-02T00:09:07.644755Z,4663,dc.scaffold.htb,Microsoft-Windows-Security-Auditing,Security,20306,0,"%%4420
				",0x10,,,,,,,0x708,,,,,,,,,,,,,C:\Windows\WinSxS\amd64_system.servicemodel.web_31bf3856ad364e35_4.0.15806.265_none_77867f22f4326354\System.ServiceModel.Web.dll,Security,File,,,,0x13bc,C:\Windows\WinSxS\amd64_microsoft-windows-servicingstack_31bf3856ad364e35_10.0.20348.557_none_f1edaeb8515fa10d\TiWorker.exe,,S:AI,,SCAFFOLD,0x3e7,DC$,S-1-5-18,,,,,,,,,,,
2026-09-02T00:09:07.645163Z,4663,dc.scaffold.htb,Microsoft-Windows-Security-Auditing,Security,20307,0,"%%4420
				",0x10,,,,,,,0x708,,,,,,,,,,,,,C:\Windows\WinSxS\amd64_netfx4-mscordbi_dll_b03f5f7f11d50a3a_4.0.15806.300_none_00d29e85daaa4ae3\mscordbi.dll,Security,File,,,,0x13bc,C:\Windows\WinSxS\amd64_microsoft-windows-servicingstack_31bf3856ad364e35_10.0.20348.557_none_f1edaeb8515fa10d\TiWorker.exe,,S:AI,,SCAFFOLD,0x3e7,DC$,S-1-5-18,,,,,,,,,,,
2026-09-02T00:09:07.645650Z,4663,dc.scaffold.htb,Microsoft-Windows-Security-Auditing,Security,20308,0,"%%4420
				",0x10,,,,,,,0x708,,,,,,,,,,,,,C:\Windows\WinSxS\amd64_system.drawing.design_b03f5f7f11d50a3a_4.0.15806.265_none_6f678e7d6fb2e926\System.Drawing.Design.dll,Security,File,,,,0x13bc,C:\Windows\WinSxS\amd64_microsoft-windows-servicingstack_31bf3856ad364e35_10.0.20348.557_none_f1edaeb8515fa10d\TiWorker.exe,,S:AI,,SCAFFOLD,0x3e7,DC$,S-1-5-18,,,,,,,,,,,
2026-09-02T00:09:07.645963Z,4663,dc.scaffold.htb,Microsoft-Windows-Security-Auditing,Security,20309,0,"%%4420
				",0x10,,,,,,,0x708,,,,,,,,,,,,,C:\Windows\WinSxS\amd64_system.servicemodel.internals_31bf3856ad364e35_4.0.15806.330_none_78c934a5c9f6f099\System.ServiceModel.Internals.dll,Security,File,,,,0x13bc,C:\Windows\WinSxS\amd64_microsoft-windows-servicingstack_31bf3856ad364e35_10.0.20348.557_none_f1edaeb8515fa10d\TiWorker.exe,,S:AI,,SCAFFOLD,0x3e7,DC$,S-1-5-18,,,,,,,,,,,
2026-09-02T00:09:07.646191Z,4663,dc.scaffold.htb,Microsoft-Windows-Security-Auditing,Security,20310,0,"%%4420
				",0x10,,,,,,,0x708,,,,,,,,,,,,,C:\Windows\WinSxS\amd64_netfx4-clr_dll_b03f5f7f11d50a3a_4.0.15806.300_none_39e4f30eb3731ee3\clr.dll,Security,File,,,,0x13bc,C:\Windows\WinSxS\amd64_microsoft-windows-servicingstack_31bf3856ad364e35_10.0.20348.557_none_f1edaeb8515fa10d\TiWorker.exe,,S:AI,,SCAFFOLD,0x3e7,DC$,S-1-5-18,,,,,,,,,,,
2026-09-02T00:09:07.646406Z,4663,dc.scaffold.htb,Microsoft-Windows-Security-Auditing,Security,20311,0,"%%4420
				",0x10,,,,,,,0x708,,,,,,,,,,,,,C:\Windows\WinSxS\amd64_system.core_b77a5c561934e089_4.0.15806.330_none_e756f2b273f2114a\System.Core.dll,Security,File,,,,0x13bc,C:\Windows\WinSxS\amd64_microsoft-windows-servicingstack_31bf3856ad364e35_10.0.20348.557_none_f1edaeb8515fa10d\TiWorker.exe,,S:AI,,SCAFFOLD,0x3e7,DC$,S-1-5-18,,,,,,,,,,,
2026-09-02T00:09:07.646602Z,4663,dc.scaffold.htb,Microsoft-Windows-Security-Auditing,Security,20312,0,"%%4420
				",0x10,,,,,,,0x708,,,,,,,,,,,,,C:\Windows\WinSxS\x86_netfx4-penimc_v0400_b03f5f7f11d50a3a_4.0.15806.330_none_229a7172212be32d\PenIMC_v0400.dll,Security,File,,,,0x13bc,C:\Windows\WinSxS\amd64_microsoft-windows-servicingstack_31bf3856ad364e35_10.0.20348.557_none_f1edaeb8515fa10d\TiWorker.exe,,S:AI,,SCAFFOLD,0x3e7,DC$,S-1-5-18,,,,,,,,,,,
2026-09-02T00:09:07.646970Z,4663,dc.scaffold.htb,Microsoft-Windows-Security-Auditing,Security,20313,0,"%%4420
				",0x10,,,,,,,0x708,,,,,,,,,,,,,C:\Windows\WinSxS\amd64_netfx4-dfdll_dll_b03f5f7f11d50a3a_4.0.15806.265_none_3a78b33de726763c\dfdll.dll,Security,File,,,,0x13bc,C:\Windows\WinSxS\amd64_microsoft-windows-servicingstack_31bf3856ad364e35_10.0.20348.557_none_f1edaeb8515fa10d\TiWorker.exe,,S:AI,,SCAFFOLD,0x3e7,DC$,S-1-5-18,,,,,,,,,,,
2026-09-02T00:09:07.647357Z,4663,dc.scaffold.htb,Microsoft-Windows-Security-Auditing,Security,20314,0,"%%4420
				",0x10,,,,,,,0x708,,,,,,,,,,,,,C:\Windows\WinSxS\amd64_system.servicemodel.washosting_b77a5c561934e089_4.0.15806.330_none_11697e59a0ac696c\System.ServiceModel.WasHosting.dll,Security,File,,,,0x13bc,C:\Windows\WinSxS\amd64_microsoft-windows-servicingstack_31bf3856ad364e35_10.0.20348.557_none_f1edaeb8515fa10d\TiWorker.exe,,S:AI,,SCAFFOLD,0x3e7,DC$,S-1-5-18,,,,,,,,,,,
2026-09-02T00:09:07.647531Z,4663,dc.scaffold.htb,Microsoft-Windows-Security-Auditing,Security,20315,0,"%%4420
				",0x10,,,,,,,0x708,,,,,,,,,,,,,C:\Windows\WinSxS\amd64_presentationcore_31bf3856ad364e35_4.0.15806.330_none_a813305dde6e1a61\PresentationCore.dll,Security,File,,,,0x13bc,C:\Windows\WinSxS\amd64_microsoft-windows-servicingstack_31bf3856ad364e35_10.0.20348.557_none_f1edaeb8515fa10d\TiWorker.exe,,S:AI,,SCAFFOLD,0x3e7,DC$,S-1-5-18,,,,,,,,,,,
2026-09-02T00:09:07.647909Z,4663,dc.scaffold.htb,Microsoft-Windows-Security-Auditing,Security,20316,0,"%%4420
				",0x10,,,,,,,0x708,,,,,,,,,,,,,C:\Windows\WinSxS\amd64_netfx4-mscoreei_dll_b03f5f7f11d50a3a_4.0.15806.265_none_2fdda8cd43f063df\mscoreei.dll,Security,File,,,,0x13bc,C:\Windows\WinSxS\amd64_microsoft-windows-servicingstack_31bf3856ad364e35_10.0.20348.557_none_f1edaeb8515fa10d\TiWorker.exe,,S:AI,,SCAFFOLD,0x3e7,DC$,S-1-5-18,,,,,,,,,,,
2026-09-02T00:09:07.648305Z,4663,dc.scaffold.htb,Microsoft-Windows-Security-Auditing,Security,20317,0,"%%4420
				",0x10,,,,,,,0x708,,,,,,,,,,,,,C:\Windows\WinSxS\amd64_system.activities_31bf3856ad364e35_4.0.15806.330_none_a0eed5f021a64470\System.Activities.dll,Security,File,,,,0x13bc,C:\Windows\WinSxS\amd64_microsoft-windows-servicingstack_31bf3856ad364e35_10.0.20348.557_none_f1edaeb8515fa10d\TiWorker.exe,,S:AI,,SCAFFOLD,0x3e7,DC$,S-1-5-18,,,,,,,,,,,
2026-09-02T00:09:07.648681Z,4663,dc.scaffold.htb,Microsoft-Windows-Security-Auditing,Security,20318,0,"%%4420
				",0x10,,,,,,,0x708,,,,,,,,,,,,,C:\Windows\WinSxS\amd64_system.servicemodel.channels_31bf3856ad364e35_4.0.15806.330_none_d56ed6a33c16695d\System.ServiceModel.Channels.dll,Security,File,,,,0x13bc,C:\Windows\WinSxS\amd64_microsoft-windows-servicingstack_31bf3856ad364e35_10.0.20348.557_none_f1edaeb8515fa10d\TiWorker.exe,,S:AI,,SCAFFOLD,0x3e7,DC$,S-1-5-18,,,,,,,,,,,
2026-09-02T00:09:07.649226Z,4663,dc.scaffold.htb,Microsoft-Windows-Security-Auditing,Security,20319,0,"%%4420
				",0x10,,,,,,,0x708,,,,,,,,,,,,,C:\Windows\WinSxS\x86_netfx4-presentationhostdll_b03f5f7f11d50a3a_4.0.15806.330_none_f4eeaac427b5c992\PresentationHost_v0400.dll,Security,File,,,,0x13bc,C:\Windows\WinSxS\amd64_microsoft-windows-servicingstack_31bf3856ad364e35_10.0.20348.557_none_f1edaeb8515fa10d\TiWorker.exe,,S:AI,,SCAFFOLD,0x3e7,DC$,S-1-5-18,,,,,,,,,,,
2026-09-02T00:09:07.649740Z,4663,dc.scaffold.htb,Microsoft-Windows-Security-Auditing,Security,20320,0,"%%4420
				",0x10,,,,,,,0x708,,,,,,,,,,,,,C:\Windows\WinSxS\amd64_netfx4-ngentask_exe_b03f5f7f11d50a3a_4.0.15806.265_none_cc5d7e223d47d257\ngentask.exe,Security,File,,,,0x13bc,C:\Windows\WinSxS\amd64_microsoft-windows-servicingstack_31bf3856ad364e35_10.0.20348.557_none_f1edaeb8515fa10d\TiWorker.exe,,S:AI,,SCAFFOLD,0x3e7,DC$,S-1-5-18,,,,,,,,,,,
2026-09-02T00:09:07.650120Z,4663,dc.scaffold.htb,Microsoft-Windows-Security-Auditing,Security,20321,0,"%%4420
				",0x10,,,,,,,0x708,,,,,,,,,,,,,C:\Windows\WinSxS\amd64_system.web.applicationservices_31bf3856ad364e35_4.0.15806.340_none_c66a7d738397fd50\System.Web.ApplicationServices.dll,Security,File,,,,0x13bc,C:\Windows\WinSxS\amd64_microsoft-windows-servicingstack_31bf3856ad364e35_10.0.20348.557_none_f1edaeb8515fa10d\TiWorker.exe,,S:AI,,SCAFFOLD,0x3e7,DC$,S-1-5-18,,,,,,,,,,,
2026-09-02T00:09:07.651411Z,4663,dc.scaffold.htb,Microsoft-Windows-Security-Auditing,Security,20322,0,"%%4420
				",0x10,,,,,,,0x708,,,,,,,,,,,,,C:\Windows\WinSxS\wow64_mscorlib_b77a5c561934e089_4.0.15806.300_none_44df1bad41f3ff41\mscorlib.dll,Security,File,,,,0x13bc,C:\Windows\WinSxS\amd64_microsoft-windows-servicingstack_31bf3856ad364e35_10.0.20348.557_none_f1edaeb8515fa10d\TiWorker.exe,,S:AI,,SCAFFOLD,0x3e7,DC$,S-1-5-18,,,,,,,,,,,
2026-09-02T00:09:07.651782Z,4663,dc.scaffold.htb,Microsoft-Windows-Security-Auditing,Security,20323,0,"%%4420
				",0x10,,,,,,,0x708,,,,,,,,,,,,,C:\Windows\WinSxS\amd64_netfx4-aspnet_wp_exe_b03f5f7f11d50a3a_4.0.15806.340_none_06eb72b54413955b\aspnet_wp.exe,Security,File,,,,0x13bc,C:\Windows\WinSxS\amd64_microsoft-windows-servicingstack_31bf3856ad364e35_10.0.20348.557_none_f1edaeb8515fa10d\TiWorker.exe,,S:AI,,SCAFFOLD,0x3e7,DC$,S-1-5-18,,,,,,,,,,,
2026-09-02T00:09:07.652138Z,4663,dc.scaffold.htb,Microsoft-Windows-Security-Auditing,Security,20324,0,"%%4420
				",0x10,,,,,,,0x708,,,,,,,,,,,,,C:\Windows\WinSxS\amd64_netfx4-webengine_dll_b03f5f7f11d50a3a_4.0.15806.340_none_16dc5b23abf21362\webengine.dll,Security,File,,,,0x13bc,C:\Windows\WinSxS\amd64_microsoft-windows-servicingstack_31bf3856ad364e35_10.0.20348.557_none_f1edaeb8515fa10d\TiWorker.exe,,S:AI,,SCAFFOLD,0x3e7,DC$,S-1-5-18,,,,,,,,,,,
2026-09-02T00:09:07.653351Z,4663,dc.scaffold.htb,Microsoft-Windows-Security-Auditing,Security,20325,0,"%%4420
				",0x10,,,,,,,0x708,,,,,,,,,,,,,C:\Windows\WinSxS\wow64_system.web_b03f5f7f11d50a3a_4.0.15806.340_none_745041c9971c5229\System.Web.dll,Security,File,,,,0x13bc,C:\Windows\WinSxS\amd64_microsoft-windows-servicingstack_31bf3856ad364e35_10.0.20348.557_none_f1edaeb8515fa10d\TiWorker.exe,,S:AI,,SCAFFOLD,0x3e7,DC$,S-1-5-18,,,,,,,,,,,
2026-09-02T00:09:07.653714Z,4663,dc.scaffold.htb,Microsoft-Windows-Security-Auditing,Security,20326,0,"%%4420
				",0x10,,,,,,,0x708,,,,,,,,,,,,,C:\Windows\WinSxS\x86_netfx4-mscorsvw_exe_b03f5f7f11d50a3a_4.0.15806.265_none_bd40107a0dafb980\mscorsvw.exe,Security,File,,,,0x13bc,C:\Windows\WinSxS\amd64_microsoft-windows-servicingstack_31bf3856ad364e35_10.0.20348.557_none_f1edaeb8515fa10d\TiWorker.exe,,S:AI,,SCAFFOLD,0x3e7,DC$,S-1-5-18,,,,,,,,,,,
2026-09-02T00:09:07.657096Z,4663,dc.scaffold.htb,Microsoft-Windows-Security-Auditing,Security,20327,0,"%%4420
				",0x10,,,,,,,0x708,,,,,,,,,,,,,C:\Windows\WinSxS\amd64_presentationframework-systemdata_b77a5c561934e089_4.0.15806.330_none_1b3fae20130ea17a\PresentationFramework-SystemData.dll,Security,File,,,,0x13bc,C:\Windows\WinSxS\amd64_microsoft-windows-servicingstack_31bf3856ad364e35_10.0.20348.557_none_f1edaeb8515fa10d\TiWorker.exe,,S:AI,,SCAFFOLD,0x3e7,DC$,S-1-5-18,,,,,,,,,,,
2026-09-02T00:09:07.657609Z,4663,dc.scaffold.htb,Microsoft-Windows-Security-Auditing,Security,20328,0,"%%4420
				",0x10,,,,,,,0x708,,,,,,,,,,,,,C:\Windows\WinSxS\amd64_uiautomationclient_31bf3856ad364e35_4.0.15806.330_none_d751fe926d820952\UIAutomationClient.dll,Security,File,,,,0x13bc,C:\Windows\WinSxS\amd64_microsoft-windows-servicingstack_31bf3856ad364e35_10.0.20348.557_none_f1edaeb8515fa10d\TiWorker.exe,,S:AI,,SCAFFOLD,0x3e7,DC$,S-1-5-18,,,,,,,,,,,
2026-09-02T00:09:07.657978Z,4663,dc.scaffold.htb,Microsoft-Windows-Security-Auditing,Security,20329,0,"%%4420
				",0x10,,,,,,,0x708,,,,,,,,,,,,,C:\Windows\WinSxS\amd64_system_b77a5c561934e089_4.0.15806.265_none_2def36ba1b417734\System.dll,Security,File,,,,0x13bc,C:\Windows\WinSxS\amd64_microsoft-windows-servicingstack_31bf3856ad364e35_10.0.20348.557_none_f1edaeb8515fa10d\TiWorker.exe,,S:AI,,SCAFFOLD,0x3e7,DC$,S-1-5-18,,,,,,,,,,,
2026-09-02T00:09:07.658545Z,4663,dc.scaffold.htb,Microsoft-Windows-Security-Auditing,Security,20330,0,"%%4420
				",0x10,,,,,,,0x708,,,,,,,,,,,,,C:\Windows\WinSxS\amd64_netfx4-sos_dll_b03f5f7f11d50a3a_4.0.15806.300_none_e115fdbff8c5c5c9\SOS.dll,Security,File,,,,0x13bc,C:\Windows\WinSxS\amd64_microsoft-windows-servicingstack_31bf3856ad364e35_10.0.20348.557_none_f1edaeb8515fa10d\TiWorker.exe,,S:AI,,SCAFFOLD,0x3e7,DC$,S-1-5-18,,,,,,,,,,,
2026-09-02T00:09:07.659235Z,4663,dc.scaffold.htb,Microsoft-Windows-Security-Auditing,Security,20331,0,"%%4420
				",0x10,,,,,,,0x708,,,,,,,,,,,,,C:\Windows\WinSxS\x86_netfx4-servicemonikersupport_dll_b03f5f7f11d50a3a_4.0.15806.330_none_ad8cf8a206effbfc\ServiceMonikerSupport.dll,Security,File,,,,0x13bc,C:\Windows\WinSxS\amd64_microsoft-windows-servicingstack_31bf3856ad364e35_10.0.20348.557_none_f1edaeb8515fa10d\TiWorker.exe,,S:AI,,SCAFFOLD,0x3e7,DC$,S-1-5-18,,,,,,,,,,,
2026-09-02T00:09:07.661612Z,4663,dc.scaffold.htb,Microsoft-Windows-Security-Auditing,Security,20332,0,"%%4420
				",0x10,,,,,,,0x594,,,,,,,,,,,,,C:\Windows\WinSxS\amd64_system.identitymodel.services_b77a5c561934e089_4.0.15806.330_none_fb086754e3b62480\System.IdentityModel.Services.dll,Security,File,,,,0x13bc,C:\Windows\WinSxS\amd64_microsoft-windows-servicingstack_31bf3856ad364e35_10.0.20348.557_none_f1edaeb8515fa10d\TiWorker.exe,,S:AI,,SCAFFOLD,0x3e7,DC$,S-1-5-18,,,,,,,,,,,
2026-09-02T00:09:07.661892Z,4663,dc.scaffold.htb,Microsoft-Windows-Security-Auditing,Security,20333,0,"%%4420
				",0x10,,,,,,,0x594,,,,,,,,,,,,,C:\Windows\WinSxS\amd64_uiautomationclientsideproviders_31bf3856ad364e35_4.0.15806.330_none_15d9010551bfb9a3\UIAutomationClientsideProviders.dll,Security,File,,,,0x13bc,C:\Windows\WinSxS\amd64_microsoft-windows-servicingstack_31bf3856ad364e35_10.0.20348.557_none_f1edaeb8515fa10d\TiWorker.exe,,S:AI,,SCAFFOLD,0x3e7,DC$,S-1-5-18,,,,,,,,,,,
2026-09-02T00:09:07.662515Z,4663,dc.scaffold.htb,Microsoft-Windows-Security-Auditing,Security,20334,0,"%%4420
				",0x10,,,,,,,0x708,,,,,,,,,,,,,C:\Windows\WinSxS\x86_netfx4-webengine4_dll_b03f5f7f11d50a3a_4.0.15806.340_none_19fae8b0b3de290e\webengine4.dll,Security,File,,,,0x13bc,C:\Windows\WinSxS\amd64_microsoft-windows-servicingstack_31bf3856ad364e35_10.0.20348.557_none_f1edaeb8515fa10d\TiWorker.exe,,S:AI,,SCAFFOLD,0x3e7,DC$,S-1-5-18,,,,,,,,,,,
2026-09-02T00:09:07.663071Z,4663,dc.scaffold.htb,Microsoft-Windows-Security-Auditing,Security,20335,0,"%%4420
				",0x10,,,,,,,0x708,,,,,,,,,,,,,C:\Windows\WinSxS\amd64_netfx4-wpfgfx_b03f5f7f11d50a3a_4.0.15806.330_none_2dba2fa6f5f9016a\wpfgfx_v0400.dll,Security,File,,,,0x13bc,C:\Windows\WinSxS\amd64_microsoft-windows-servicingstack_31bf3856ad364e35_10.0.20348.557_none_f1edaeb8515fa10d\TiWorker.exe,,S:AI,,SCAFFOLD,0x3e7,DC$,S-1-5-18,,,,,,,,,,,
2026-09-02T00:09:07.663469Z,4663,dc.scaffold.htb,Microsoft-Windows-Security-Auditing,Security,20336,0,"%%4420
				",0x10,,,,,,,0x708,,,,,,,,,,,,,C:\Windows\WinSxS\amd64_system.management_b03f5f7f11d50a3a_4.0.15806.310_none_728fdd66cbba15f6\System.Management.dll,Security,File,,,,0x13bc,C:\Windows\WinSxS\amd64_microsoft-windows-servicingstack_31bf3856ad364e35_10.0.20348.557_none_f1edaeb8515fa10d\TiWorker.exe,,S:AI,,SCAFFOLD,0x3e7,DC$,S-1-5-18,,,,,,,,,,,
2026-09-02T00:09:07.663967Z,4663,dc.scaffold.htb,Microsoft-Windows-Security-Auditing,Security,20337,0,"%%4420
				",0x10,,,,,,,0x708,,,,,,,,,,,,,C:\Windows\WinSxS\x86_netfx4-wpfgfx_b03f5f7f11d50a3a_4.0.15806.330_none_7567667e0a752a70\wpfgfx_v0400.dll,Security,File,,,,0x13bc,C:\Windows\WinSxS\amd64_microsoft-windows-servicingstack_31bf3856ad364e35_10.0.20348.557_none_f1edaeb8515fa10d\TiWorker.exe,,S:AI,,SCAFFOLD,0x3e7,DC$,S-1-5-18,,,,,,,,,,,
2026-09-02T00:09:07.664356Z,4663,dc.scaffold.htb,Microsoft-Windows-Security-Auditing,Security,20338,0,"%%4420
				",0x10,,,,,,,0x708,,,,,,,,,,,,,C:\Windows\WinSxS\amd64_smdiagnostics_b77a5c561934e089_4.0.15806.330_none_f1ecbfa16f4ffa66\SMDiagnostics.dll,Security,File,,,,0x13bc,C:\Windows\WinSxS\amd64_microsoft-windows-servicingstack_31bf3856ad364e35_10.0.20348.557_none_f1edaeb8515fa10d\TiWorker.exe,,S:AI,,SCAFFOLD,0x3e7,DC$,S-1-5-18,,,,,,,,,,,
2026-09-02T00:09:07.664747Z,4663,dc.scaffold.htb,Microsoft-Windows-Security-Auditing,Security,20339,0,"%%4420
				",0x10,,,,,,,0x708,,,,,,,,,,,,,C:\Windows\WinSxS\amd64_system.drawing_b03f5f7f11d50a3a_4.0.15806.280_none_e2ed99b0b0225c23\System.Drawing.dll,Security,File,,,,0x13bc,C:\Windows\WinSxS\amd64_microsoft-windows-servicingstack_31bf3856ad364e35_10.0.20348.557_none_f1edaeb8515fa10d\TiWorker.exe,,S:AI,,SCAFFOLD,0x3e7,DC$,S-1-5-18,,,,,,,,,,,
2026-09-02T00:09:07.665019Z,4663,dc.scaffold.htb,Microsoft-Windows-Security-Auditing,Security,20340,0,"%%4420
				",0x10,,,,,,,0x708,,,,,,,,,,,,,C:\Windows\WinSxS\amd64_system.servicemodel.activities_31bf3856ad364e35_4.0.15806.265_none_24b2982929c4c527\System.ServiceModel.Activities.dll,Security,File,,,,0x13bc,C:\Windows\WinSxS\amd64_microsoft-windows-servicingstack_31bf3856ad364e35_10.0.20348.557_none_f1edaeb8515fa10d\TiWorker.exe,,S:AI,,SCAFFOLD,0x3e7,DC$,S-1-5-18,,,,,,,,,,,
2026-09-02T00:09:07.665540Z,4663,dc.scaffold.htb,Microsoft-Windows-Security-Auditing,Security,20341,0,"%%4420
				",0x10,,,,,,,0x708,,,,,,,,,,,,,C:\Windows\WinSxS\amd64_netfx4-mscorsvw_exe_b03f5f7f11d50a3a_4.0.15806.265_none_7592d9a2f933907a\mscorsvw.exe,Security,File,,,,0x13bc,C:\Windows\WinSxS\amd64_microsoft-windows-servicingstack_31bf3856ad364e35_10.0.20348.557_none_f1edaeb8515fa10d\TiWorker.exe,,S:AI,,SCAFFOLD,0x3e7,DC$,S-1-5-18,,,,,,,,,,,
2026-09-02T00:09:07.665979Z,4663,dc.scaffold.htb,Microsoft-Windows-Security-Auditing,Security,20342,0,"%%4420
				",0x10,,,,,,,0x708,,,,,,,,,,,,,C:\Windows\WinSxS\amd64_system.web_b03f5f7f11d50a3a_4.0.15806.340_none_4a81faafd5d1bd0c\System.Web.dll,Security,File,,,,0x13bc,C:\Windows\WinSxS\amd64_microsoft-windows-servicingstack_31bf3856ad364e35_10.0.20348.557_none_f1edaeb8515fa10d\TiWorker.exe,,S:AI,,SCAFFOLD,0x3e7,DC$,S-1-5-18,,,,,,,,,,,
2026-09-02T00:09:07.666384Z,4663,dc.scaffold.htb,Microsoft-Windows-Security-Auditing,Security,20343,0,"%%4420
				",0x10,,,,,,,0x708,,,,,,,,,,,,,C:\Windows\WinSxS\amd64_system.security_b03f5f7f11d50a3a_4.0.15806.265_none_ef6679468d8a7672\System.Security.dll,Security,File,,,,0x13bc,C:\Windows\WinSxS\amd64_microsoft-windows-servicingstack_31bf3856ad364e35_10.0.20348.557_none_f1edaeb8515fa10d\TiWorker.exe,,S:AI,,SCAFFOLD,0x3e7,DC$,S-1-5-18,,,,,,,,,,,
2026-09-02T00:09:07.666938Z,4663,dc.scaffold.htb,Microsoft-Windows-Security-Auditing,Security,20344,0,"%%4420
				",0x10,,,,,,,0x708,,,,,,,,,,,,,C:\Windows\WinSxS\amd64_netfx4-presentationnative_b03f5f7f11d50a3a_4.0.15806.330_none_e92bf70c2a53904b\PresentationNative_v0400.dll,Security,File,,,,0x13bc,C:\Windows\WinSxS\amd64_microsoft-windows-servicingstack_31bf3856ad364e35_10.0.20348.557_none_f1edaeb8515fa10d\TiWorker.exe,,S:AI,,SCAFFOLD,0x3e7,DC$,S-1-5-18,,,,,,,,,,,
2026-09-02T00:09:07.667288Z,4663,dc.scaffold.htb,Microsoft-Windows-Security-Auditing,Security,20345,0,"%%4420
				",0x10,,,,,,,0x708,,,,,,,,,,,,,C:\Windows\WinSxS\amd64_netfx4-servicemonikersupport_dll_b03f5f7f11d50a3a_4.0.15806.330_none_65dfc1caf273d2f6\ServiceMonikerSupport.dll,Security,File,,,,0x13bc,C:\Windows\WinSxS\amd64_microsoft-windows-servicingstack_31bf3856ad364e35_10.0.20348.557_none_f1edaeb8515fa10d\TiWorker.exe,,S:AI,,SCAFFOLD,0x3e7,DC$,S-1-5-18,,,,,,,,,,,
2026-09-02T00:09:07.667458Z,4663,dc.scaffold.htb,Microsoft-Windows-Security-Auditing,Security,20346,0,"%%4420
				",0x10,,,,,,,0x708,,,,,,,,,,,,,C:\Windows\WinSxS\amd64_mscorlib_b77a5c561934e089_4.0.15806.300_none_1b10d49380a96a24\mscorlib.dll,Security,File,,,,0x13bc,C:\Windows\WinSxS\amd64_microsoft-windows-servicingstack_31bf3856ad364e35_10.0.20348.557_none_f1edaeb8515fa10d\TiWorker.exe,,S:AI,,SCAFFOLD,0x3e7,DC$,S-1-5-18,,,,,,,,,,,
2026-09-02T00:09:07.667946Z,4663,dc.scaffold.htb,Microsoft-Windows-Security-Auditing,Security,20347,0,"%%4420
				",0x10,,,,,,,0x708,,,,,,,,,,,,,C:\Windows\WinSxS\x86_netfx4-mscorsvc_dll_b03f5f7f11d50a3a_4.0.15806.265_none_854e5dd40ca0fc76\mscorsvc.dll,Security,File,,,,0x13bc,C:\Windows\WinSxS\amd64_microsoft-windows-servicingstack_31bf3856ad364e35_10.0.20348.557_none_f1edaeb8515fa10d\TiWorker.exe,,S:AI,,SCAFFOLD,0x3e7,DC$,S-1-5-18,,,,,,,,,,,
2026-09-02T00:09:07.668478Z,4663,dc.scaffold.htb,Microsoft-Windows-Security-Auditing,Security,20348,0,"%%4420
				",0x10,,,,,,,0x708,,,,,,,,,,,,,C:\Windows\WinSxS\amd64_system.web.extensions_31bf3856ad364e35_4.0.15806.340_none_d0b968ffdcdce910\System.Web.Extensions.dll,Security,File,,,,0x13bc,C:\Windows\WinSxS\amd64_microsoft-windows-servicingstack_31bf3856ad364e35_10.0.20348.557_none_f1edaeb8515fa10d\TiWorker.exe,,S:AI,,SCAFFOLD,0x3e7,DC$,S-1-5-18,,,,,,,,,,,
2026-09-02T00:09:07.669062Z,4663,dc.scaffold.htb,Microsoft-Windows-Security-Auditing,Security,20349,0,"%%4420
				",0x10,,,,,,,0x708,,,,,,,,,,,,,C:\Windows\WinSxS\amd64_system.speech_31bf3856ad364e35_4.0.15806.265_none_5bb0cb8935757570\System.Speech.dll,Security,File,,,,0x13bc,C:\Windows\WinSxS\amd64_microsoft-windows-servicingstack_31bf3856ad364e35_10.0.20348.557_none_f1edaeb8515fa10d\TiWorker.exe,,S:AI,,SCAFFOLD,0x3e7,DC$,S-1-5-18,,,,,,,,,,,
2026-09-02T00:09:07.669482Z,4663,dc.scaffold.htb,Microsoft-Windows-Security-Auditing,Security,20350,0,"%%4420
				",0x10,,,,,,,0x594,,,,,,,,,,,,,C:\Windows\WinSxS\amd64_netfx4-aspnet_perf_dll_b03f5f7f11d50a3a_4.0.15806.340_none_18ed562f812e834b\Aspnet_perf.dll,Security,File,,,,0x13bc,C:\Windows\WinSxS\amd64_microsoft-windows-servicingstack_31bf3856ad364e35_10.0.20348.557_none_f1edaeb8515fa10d\TiWorker.exe,,S:AI,,SCAFFOLD,0x3e7,DC$,S-1-5-18,,,,,,,,,,,
2026-09-02T00:09:07.669749Z,4663,dc.scaffold.htb,Microsoft-Windows-Security-Auditing,Security,20351,0,"%%4420
				",0x10,,,,,,,0x594,,,,,,,,,,,,,C:\Windows\WinSxS\amd64_netfx4-mscorsvc_dll_b03f5f7f11d50a3a_4.0.15806.265_none_3da126fcf824d370\mscorsvc.dll,Security,File,,,,0x13bc,C:\Windows\WinSxS\amd64_microsoft-windows-servicingstack_31bf3856ad364e35_10.0.20348.557_none_f1edaeb8515fa10d\TiWorker.exe,,S:AI,,SCAFFOLD,0x3e7,DC$,S-1-5-18,,,,,,,,,,,
2026-09-02T00:09:07.670105Z,4663,dc.scaffold.htb,Microsoft-Windows-Security-Auditing,Security,20352,0,"%%4420
				",0x10,,,,,,,0x594,,,,,,,,,,,,,C:\Windows\WinSxS\x86_netfx4-ngentask_exe_b03f5f7f11d50a3a_4.0.15806.265_none_140ab4f951c3fb5d\ngentask.exe,Security,File,,,,0x13bc,C:\Windows\WinSxS\amd64_microsoft-windows-servicingstack_31bf3856ad364e35_10.0.20348.557_none_f1edaeb8515fa10d\TiWorker.exe,,S:AI,,SCAFFOLD,0x3e7,DC$,S-1-5-18,,,,,,,,,,,
2026-09-02T00:09:07.670295Z,4663,dc.scaffold.htb,Microsoft-Windows-Security-Auditing,Security,20353,0,"%%4420
				",0x10,,,,,,,0x594,,,,,,,,,,,,,C:\Windows\WinSxS\x86_netfx4-penimc_b03f5f7f11d50a3a_4.0.15806.330_none_756deb30d4690e22\PenIMC.dll,Security,File,,,,0x13bc,C:\Windows\WinSxS\amd64_microsoft-windows-servicingstack_31bf3856ad364e35_10.0.20348.557_none_f1edaeb8515fa10d\TiWorker.exe,,S:AI,,SCAFFOLD,0x3e7,DC$,S-1-5-18,,,,,,,,,,,
2026-09-02T00:09:07.670725Z,4663,dc.scaffold.htb,Microsoft-Windows-Security-Auditing,Security,20354,0,"%%4420
				",0x10,,,,,,,0x594,,,,,,,,,,,,,C:\Windows\WinSxS\amd64_system.runtime.serialization_b77a5c561934e089_4.0.15806.330_none_55c067529f2befff\System.Runtime.Serialization.dll,Security,File,,,,0x13bc,C:\Windows\WinSxS\amd64_microsoft-windows-servicingstack_31bf3856ad364e35_10.0.20348.557_none_f1edaeb8515fa10d\TiWorker.exe,,S:AI,,SCAFFOLD,0x3e7,DC$,S-1-5-18,,,,,,,,,,,
2026-09-02T00:09:07.670952Z,4663,dc.scaffold.htb,Microsoft-Windows-Security-Auditing,Security,20355,0,"%%4420
				",0x10,,,,,,,0x594,,,,,,,,,,,,,C:\Windows\WinSxS\amd64_system.servicemodel_b77a5c561934e089_4.0.15806.330_none_f844bb7b49f3413b\System.ServiceModel.dll,Security,File,,,,0x13bc,C:\Windows\WinSxS\amd64_microsoft-windows-servicingstack_31bf3856ad364e35_10.0.20348.557_none_f1edaeb8515fa10d\TiWorker.exe,,S:AI,,SCAFFOLD,0x3e7,DC$,S-1-5-18,,,,,,,,,,,
2026-09-02T00:09:07.671140Z,4663,dc.scaffold.htb,Microsoft-Windows-Security-Auditing,Security,20356,0,"%%4420
				",0x10,,,,,,,0x594,,,,,,,,,,,,,C:\Windows\WinSxS\amd64_netfx4-ngen_exe_b03f5f7f11d50a3a_4.0.15806.265_none_ab57262aa89626cc\ngen.exe,Security,File,,,,0x13bc,C:\Windows\WinSxS\amd64_microsoft-windows-servicingstack_31bf3856ad364e35_10.0.20348.557_none_f1edaeb8515fa10d\TiWorker.exe,,S:AI,,SCAFFOLD,0x3e7,DC$,S-1-5-18,,,,,,,,,,,
2026-09-02T00:09:07.671490Z,4663,dc.scaffold.htb,Microsoft-Windows-Security-Auditing,Security,20357,0,"%%4420
				",0x10,,,,,,,0x594,,,,,,,,,,,,,C:\Windows\WinSxS\x86_netfx4-mscordbi_dll_b03f5f7f11d50a3a_4.0.15806.300_none_487fd55cef2673e9\mscordbi.dll,Security,File,,,,0x13bc,C:\Windows\WinSxS\amd64_microsoft-windows-servicingstack_31bf3856ad364e35_10.0.20348.557_none_f1edaeb8515fa10d\TiWorker.exe,,S:AI,,SCAFFOLD,0x3e7,DC$,S-1-5-18,,,,,,,,,,,
2026-09-02T00:09:07.671673Z,4663,dc.scaffold.htb,Microsoft-Windows-Security-Auditing,Security,20358,0,"%%4420
				",0x10,,,,,,,0x594,,,,,,,,,,,,,C:\Windows\WinSxS\amd64_system.identitymodel_b77a5c561934e089_4.0.15806.330_none_70b4da5d035c5018\System.IdentityModel.dll,Security,File,,,,0x13bc,C:\Windows\WinSxS\amd64_microsoft-windows-servicingstack_31bf3856ad364e35_10.0.20348.557_none_f1edaeb8515fa10d\TiWorker.exe,,S:AI,,SCAFFOLD,0x3e7,DC$,S-1-5-18,,,,,,,,,,,
2026-09-02T00:09:07.672034Z,4663,dc.scaffold.htb,Microsoft-Windows-Security-Auditing,Security,20359,0,"%%4420
				",0x10,,,,,,,0x594,,,,,,,,,,,,,C:\Windows\WinSxS\x86_netfx4-sos_dll_b03f5f7f11d50a3a_4.0.15806.300_none_28c334970d41eecf\SOS.dll,Security,File,,,,0x13bc,C:\Windows\WinSxS\amd64_microsoft-windows-servicingstack_31bf3856ad364e35_10.0.20348.557_none_f1edaeb8515fa10d\TiWorker.exe,,S:AI,,SCAFFOLD,0x3e7,DC$,S-1-5-18,,,,,,,,,,,
2026-09-02T00:09:07.672517Z,4663,dc.scaffold.htb,Microsoft-Windows-Security-Auditing,Security,20360,0,"%%4420
				",0x10,,,,,,,0x594,,,,,,,,,,,,,C:\Windows\WinSxS\x86_netfx4-mscordacwks_dll_b03f5f7f11d50a3a_4.0.15806.300_none_270b3681dc5df479\mscordacwks.dll,Security,File,,,,0x13bc,C:\Windows\WinSxS\amd64_microsoft-windows-servicingstack_31bf3856ad364e35_10.0.20348.557_none_f1edaeb8515fa10d\TiWorker.exe,,S:AI,,SCAFFOLD,0x3e7,DC$,S-1-5-18,,,,,,,,,,,
2026-09-02T00:09:07.674057Z,4663,dc.scaffold.htb,Microsoft-Windows-Security-Auditing,Security,20361,0,"%%4420
				",0x10,,,,,,,0x594,,,,,,,,,,,,,C:\Windows\WinSxS\x86_netfx4-mscorlib_ni_b03f5f7f11d50a3a_4.0.15806.300_none_16c09e7ea33fee38\mscorlib.ni.dll,Security,File,,,,0x13bc,C:\Windows\WinSxS\amd64_microsoft-windows-servicingstack_31bf3856ad364e35_10.0.20348.557_none_f1edaeb8515fa10d\TiWorker.exe,,S:AI,,SCAFFOLD,0x3e7,DC$,S-1-5-18,,,,,,,,,,,
2026-09-02T00:09:07.674393Z,4663,dc.scaffold.htb,Microsoft-Windows-Security-Auditing,Security,20362,0,"%%4420
				",0x10,,,,,,,0x594,,,,,,,,,,,,,C:\Windows\WinSxS\amd64_netfx4-presentationhostdll_b03f5f7f11d50a3a_4.0.15806.330_none_ad4173ed1339a08c\PresentationHost_v0400.dll,Security,File,,,,0x13bc,C:\Windows\WinSxS\amd64_microsoft-windows-servicingstack_31bf3856ad364e35_10.0.20348.557_none_f1edaeb8515fa10d\TiWorker.exe,,S:AI,,SCAFFOLD,0x3e7,DC$,S-1-5-18,,,,,,,,,,,
2026-09-02T00:09:07.674824Z,4663,dc.scaffold.htb,Microsoft-Windows-Security-Auditing,Security,20363,0,"%%4420
				",0x10,,,,,,,0x594,,,,,,,,,,,,,C:\Windows\WinSxS\amd64_presentationframework_31bf3856ad364e35_4.0.15806.330_none_a539e009b6dec0a6\PresentationFramework.dll,Security,File,,,,0x13bc,C:\Windows\WinSxS\amd64_microsoft-windows-servicingstack_31bf3856ad364e35_10.0.20348.557_none_f1edaeb8515fa10d\TiWorker.exe,,S:AI,,SCAFFOLD,0x3e7,DC$,S-1-5-18,,,,,,,,,,,
2026-09-02T00:09:07.675242Z,4663,dc.scaffold.htb,Microsoft-Windows-Security-Auditing,Security,20364,0,"%%4420
				",0x10,,,,,,,0x594,,,,,,,,,,,,,C:\Windows\WinSxS\amd64_system.xaml_b77a5c561934e089_4.0.15806.330_none_e7e8d88e73858303\System.Xaml.dll,Security,File,,,,0x13bc,C:\Windows\WinSxS\amd64_microsoft-windows-servicingstack_31bf3856ad364e35_10.0.20348.557_none_f1edaeb8515fa10d\TiWorker.exe,,S:AI,,SCAFFOLD,0x3e7,DC$,S-1-5-18,,,,,,,,,,,
2026-09-02T00:09:07.675753Z,4663,dc.scaffold.htb,Microsoft-Windows-Security-Auditing,Security,20365,0,"%%4420
				",0x10,,,,,,,0x594,,,,,,,,,,,,,C:\Windows\WinSxS\x86_netfx4-presentationnative_b03f5f7f11d50a3a_4.0.15806.330_none_30d92de33ecfb951\PresentationNative_v0400.dll,Security,File,,,,0x13bc,C:\Windows\WinSxS\amd64_microsoft-windows-servicingstack_31bf3856ad364e35_10.0.20348.557_none_f1edaeb8515fa10d\TiWorker.exe,,S:AI,,SCAFFOLD,0x3e7,DC$,S-1-5-18,,,,,,,,,,,
2026-09-02T00:09:07.676290Z,4663,dc.scaffold.htb,Microsoft-Windows-Security-Auditing,Security,20366,0,"%%4420
				",0x10,,,,,,,0x594,,,,,,,,,,,,,C:\Windows\WinSxS\x86_netfx4-aspnet_perf_dll_b03f5f7f11d50a3a_4.0.15806.340_none_609a8d0695aaac51\Aspnet_perf.dll,Security,File,,,,0x13bc,C:\Windows\WinSxS\amd64_microsoft-windows-servicingstack_31bf3856ad364e35_10.0.20348.557_none_f1edaeb8515fa10d\TiWorker.exe,,S:AI,,SCAFFOLD,0x3e7,DC$,S-1-5-18,,,,,,,,,,,
2026-09-02T00:09:07.676452Z,4663,dc.scaffold.htb,Microsoft-Windows-Security-Auditing,Security,20367,0,"%%4420
				",0x10,,,,,,,0x594,,,,,,,,,,,,,C:\Windows\WinSxS\amd64_netfx4-penimc_b03f5f7f11d50a3a_4.0.15806.330_none_2dc0b459bfece51c\PenIMC.dll,Security,File,,,,0x13bc,C:\Windows\WinSxS\amd64_microsoft-windows-servicingstack_31bf3856ad364e35_10.0.20348.557_none_f1edaeb8515fa10d\TiWorker.exe,,S:AI,,SCAFFOLD,0x3e7,DC$,S-1-5-18,,,,,,,,,,,
2026-09-02T00:09:07.690199Z,4663,dc.scaffold.htb,Microsoft-Windows-Security-Auditing,Security,20368,0,"%%4420
				",0x10,,,,,,,0x594,,,,,,,,,,,,,C:\Windows\WinSxS\x86_netfx4-aspnet_wp_exe_b03f5f7f11d50a3a_4.0.15806.340_none_4e98a98c588fbe61\aspnet_wp.exe,Security,File,,,,0x13bc,C:\Windows\WinSxS\amd64_microsoft-windows-servicingstack_31bf3856ad364e35_10.0.20348.557_none_f1edaeb8515fa10d\TiWorker.exe,,S:AI,,SCAFFOLD,0x3e7,DC$,S-1-5-18,,,,,,,,,,,
2026-09-02T00:09:07.690465Z,4663,dc.scaffold.htb,Microsoft-Windows-Security-Auditing,Security,20369,0,"%%4420
				",0x10,,,,,,,0x594,,,,,,,,,,,,,C:\Windows\WinSxS\amd64_netfx4-webengine4_dll_b03f5f7f11d50a3a_4.0.15806.340_none_d24db1d99f620008\webengine4.dll,Security,File,,,,0x13bc,C:\Windows\WinSxS\amd64_microsoft-windows-servicingstack_31bf3856ad364e35_10.0.20348.557_none_f1edaeb8515fa10d\TiWorker.exe,,S:AI,,SCAFFOLD,0x3e7,DC$,S-1-5-18,,,,,,,,,,,
2026-09-02T00:09:07.690792Z,4663,dc.scaffold.htb,Microsoft-Windows-Security-Auditing,Security,20370,0,"%%4420
				",0x10,,,,,,,0x594,,,,,,,,,,,,,C:\Windows\WinSxS\amd64_system.servicemodel.discovery_31bf3856ad364e35_4.0.15806.330_none_f592c774a7120065\System.ServiceModel.Discovery.dll,Security,File,,,,0x13bc,C:\Windows\WinSxS\amd64_microsoft-windows-servicingstack_31bf3856ad364e35_10.0.20348.557_none_f1edaeb8515fa10d\TiWorker.exe,,S:AI,,SCAFFOLD,0x3e7,DC$,S-1-5-18,,,,,,,,,,,
2026-09-02T00:09:07.690970Z,4663,dc.scaffold.htb,Microsoft-Windows-Security-Auditing,Security,20371,0,"%%4420
				",0x10,,,,,,,0x594,,,,,,,,,,,,,C:\Windows\WinSxS\x86_netfx4-webengine_dll_b03f5f7f11d50a3a_4.0.15806.340_none_5e8991fac06e3c68\webengine.dll,Security,File,,,,0x13bc,C:\Windows\WinSxS\amd64_microsoft-windows-servicingstack_31bf3856ad364e35_10.0.20348.557_none_f1edaeb8515fa10d\TiWorker.exe,,S:AI,,SCAFFOLD,0x3e7,DC$,S-1-5-18,,,,,,,,,,,
2026-09-02T00:09:07.691357Z,4663,dc.scaffold.htb,Microsoft-Windows-Security-Auditing,Security,20372,0,"%%4420
				",0x10,,,,,,,0x594,,,,,,,,,,,,,C:\Windows\WinSxS\amd64_system.data_b77a5c561934e089_4.0.15806.330_none_e7f0af34737e536d\System.Data.dll,Security,File,,,,0x13bc,C:\Windows\WinSxS\amd64_microsoft-windows-servicingstack_31bf3856ad364e35_10.0.20348.557_none_f1edaeb8515fa10d\TiWorker.exe,,S:AI,,SCAFFOLD,0x3e7,DC$,S-1-5-18,,,,,,,,,,,
2026-09-02T00:09:07.691536Z,4663,dc.scaffold.htb,Microsoft-Windows-Security-Auditing,Security,20373,0,"%%4420
				",0x10,,,,,,,0x594,,,,,,,,,,,,,C:\Windows\WinSxS\amd64_system.deployment_b03f5f7f11d50a3a_4.0.15806.265_none_b35a7763f03a8497\System.Deployment.dll,Security,File,,,,0x13bc,C:\Windows\WinSxS\amd64_microsoft-windows-servicingstack_31bf3856ad364e35_10.0.20348.557_none_f1edaeb8515fa10d\TiWorker.exe,,S:AI,,SCAFFOLD,0x3e7,DC$,S-1-5-18,,,,,,,,,,,
2026-09-02T00:09:07.691931Z,4663,dc.scaffold.htb,Microsoft-Windows-Security-Auditing,Security,20374,0,"%%4420
				",0x10,,,,,,,0x594,,,,,,,,,,,,,C:\Windows\WinSxS\amd64_system.windows.forms.datavisualization_31bf3856ad364e35_4.0.15806.265_none_c53e7a028e8397c6\System.Windows.Forms.DataVisualization.dll,Security,File,,,,0x13bc,C:\Windows\WinSxS\amd64_microsoft-windows-servicingstack_31bf3856ad364e35_10.0.20348.557_none_f1edaeb8515fa10d\TiWorker.exe,,S:AI,,SCAFFOLD,0x3e7,DC$,S-1-5-18,,,,,,,,,,,
2026-09-02T00:09:07.692201Z,4663,dc.scaffold.htb,Microsoft-Windows-Security-Auditing,Security,20375,0,"%%4420
				",0x10,,,,,,,0x594,,,,,,,,,,,,,C:\Windows\WinSxS\wow64_system.data_b77a5c561934e089_4.0.15806.330_none_11bef64e34c8e88a\System.Data.dll,Security,File,,,,0x13bc,C:\Windows\WinSxS\amd64_microsoft-windows-servicingstack_31bf3856ad364e35_10.0.20348.557_none_f1edaeb8515fa10d\TiWorker.exe,,S:AI,,SCAFFOLD,0x3e7,DC$,S-1-5-18,,,,,,,,,,,
2026-09-02T00:09:07.692335Z,4663,dc.scaffold.htb,Microsoft-Windows-Security-Auditing,Security,20376,0,"%%4420
				",0x10,,,,,,,0x594,,,,,,,,,,,,,C:\Windows\WinSxS\x86_netfx4-mscoreei_dll_b03f5f7f11d50a3a_4.0.15806.265_none_778adfa4586c8ce5\mscoreei.dll,Security,File,,,,0x13bc,C:\Windows\WinSxS\amd64_microsoft-windows-servicingstack_31bf3856ad364e35_10.0.20348.557_none_f1edaeb8515fa10d\TiWorker.exe,,S:AI,,SCAFFOLD,0x3e7,DC$,S-1-5-18,,,,,,,,,,,
2026-09-02T00:09:07.692680Z,4663,dc.scaffold.htb,Microsoft-Windows-Security-Auditing,Security,20377,0,"%%4420
				",0x10,,,,,,,0x594,,,,,,,,,,,,,C:\Windows\WinSxS\x86_netfx4-dfdll_dll_b03f5f7f11d50a3a_4.0.15806.265_none_8225ea14fba29f42\dfdll.dll,Security,File,,,,0x13bc,C:\Windows\WinSxS\amd64_microsoft-windows-servicingstack_31bf3856ad364e35_10.0.20348.557_none_f1edaeb8515fa10d\TiWorker.exe,,S:AI,,SCAFFOLD,0x3e7,DC$,S-1-5-18,,,,,,,,,,,
2026-09-02T00:09:07.693043Z,4663,dc.scaffold.htb,Microsoft-Windows-Security-Auditing,Security,20378,0,"%%4420
				",0x10,,,,,,,0x594,,,,,,,,,,,,,C:\Windows\WinSxS\x86_netfx4-ngen_exe_b03f5f7f11d50a3a_4.0.15806.265_none_f3045d01bd124fd2\ngen.exe,Security,File,,,,0x13bc,C:\Windows\WinSxS\amd64_microsoft-windows-servicingstack_31bf3856ad364e35_10.0.20348.557_none_f1edaeb8515fa10d\TiWorker.exe,,S:AI,,SCAFFOLD,0x3e7,DC$,S-1-5-18,,,,,,,,,,,
2026-09-02T00:09:07.693287Z,4663,dc.scaffold.htb,Microsoft-Windows-Security-Auditing,Security,20379,0,"%%4420
				",0x10,,,,,,,0x594,,,,,,,,,,,,,C:\Windows\WinSxS\amd64_system.configuration_b03f5f7f11d50a3a_4.0.15806.265_none_7e83d5a2f605004a\System.Configuration.dll,Security,File,,,,0x13bc,C:\Windows\WinSxS\amd64_microsoft-windows-servicingstack_31bf3856ad364e35_10.0.20348.557_none_f1edaeb8515fa10d\TiWorker.exe,,S:AI,,SCAFFOLD,0x3e7,DC$,S-1-5-18,,,,,,,,,,,
2026-09-02T00:09:07.693606Z,4663,dc.scaffold.htb,Microsoft-Windows-Security-Auditing,Security,20380,0,"%%4420
				",0x10,,,,,,,0x594,,,,,,,,,,,,,C:\Windows\WinSxS\amd64_system.servicemodel.web_31bf3856ad364e35_4.0.15806.265_none_77867f22f4326354\System.ServiceModel.Web.dll,Security,File,,,,0x13bc,C:\Windows\WinSxS\amd64_microsoft-windows-servicingstack_31bf3856ad364e35_10.0.20348.557_none_f1edaeb8515fa10d\TiWorker.exe,,S:AI,,SCAFFOLD,0x3e7,DC$,S-1-5-18,,,,,,,,,,,
2026-09-02T00:09:07.694276Z,4663,dc.scaffold.htb,Microsoft-Windows-Security-Auditing,Security,20381,0,"%%4420
				",0x10,,,,,,,0x594,,,,,,,,,,,,,C:\Windows\WinSxS\amd64_system.drawing.design_b03f5f7f11d50a3a_4.0.15806.265_none_6f678e7d6fb2e926\System.Drawing.Design.dll,Security,File,,,,0x13bc,C:\Windows\WinSxS\amd64_microsoft-windows-servicingstack_31bf3856ad364e35_10.0.20348.557_none_f1edaeb8515fa10d\TiWorker.exe,,S:AI,,SCAFFOLD,0x3e7,DC$,S-1-5-18,,,,,,,,,,,
2026-09-02T00:09:07.694539Z,4663,dc.scaffold.htb,Microsoft-Windows-Security-Auditing,Security,20382,0,"%%4420
				",0x10,,,,,,,0x594,,,,,,,,,,,,,C:\Windows\WinSxS\amd64_system.servicemodel.internals_31bf3856ad364e35_4.0.15806.330_none_78c934a5c9f6f099\System.ServiceModel.Internals.dll,Security,File,,,,0x13bc,C:\Windows\WinSxS\amd64_microsoft-windows-servicingstack_31bf3856ad364e35_10.0.20348.557_none_f1edaeb8515fa10d\TiWorker.exe,,S:AI,,SCAFFOLD,0x3e7,DC$,S-1-5-18,,,,,,,,,,,
2026-09-02T00:09:07.694674Z,4663,dc.scaffold.htb,Microsoft-Windows-Security-Auditing,Security,20383,0,"%%4420
				",0x10,,,,,,,0x594,,,,,,,,,,,,,C:\Windows\WinSxS\amd64_netfx4-dfdll_dll_b03f5f7f11d50a3a_4.0.15806.265_none_3a78b33de726763c\dfdll.dll,Security,File,,,,0x13bc,C:\Windows\WinSxS\amd64_microsoft-windows-servicingstack_31bf3856ad364e35_10.0.20348.557_none_f1edaeb8515fa10d\TiWorker.exe,,S:AI,,SCAFFOLD,0x3e7,DC$,S-1-5-18,,,,,,,,,,,
2026-09-02T00:09:07.694799Z,4663,dc.scaffold.htb,Microsoft-Windows-Security-Auditing,Security,20384,0,"%%4420
				",0x10,,,,,,,0x594,,,,,,,,,,,,,C:\Windows\WinSxS\amd64_system.servicemodel.washosting_b77a5c561934e089_4.0.15806.330_none_11697e59a0ac696c\System.ServiceModel.WasHosting.dll,Security,File,,,,0x13bc,C:\Windows\WinSxS\amd64_microsoft-windows-servicingstack_31bf3856ad364e35_10.0.20348.557_none_f1edaeb8515fa10d\TiWorker.exe,,S:AI,,SCAFFOLD,0x3e7,DC$,S-1-5-18,,,,,,,,,,,
2026-09-02T00:09:07.695049Z,4663,dc.scaffold.htb,Microsoft-Windows-Security-Auditing,Security,20385,0,"%%4420
				",0x10,,,,,,,0x594,,,,,,,,,,,,,C:\Windows\WinSxS\amd64_netfx4-mscoreei_dll_b03f5f7f11d50a3a_4.0.15806.265_none_2fdda8cd43f063df\mscoreei.dll,Security,File,,,,0x13bc,C:\Windows\WinSxS\amd64_microsoft-windows-servicingstack_31bf3856ad364e35_10.0.20348.557_none_f1edaeb8515fa10d\TiWorker.exe,,S:AI,,SCAFFOLD,0x3e7,DC$,S-1-5-18,,,,,,,,,,,
2026-09-02T00:09:07.695249Z,4663,dc.scaffold.htb,Microsoft-Windows-Security-Auditing,Security,20386,0,"%%4420
				",0x10,,,,,,,0x594,,,,,,,,,,,,,C:\Windows\WinSxS\amd64_system.activities_31bf3856ad364e35_4.0.15806.330_none_a0eed5f021a64470\System.Activities.dll,Security,File,,,,0x13bc,C:\Windows\WinSxS\amd64_microsoft-windows-servicingstack_31bf3856ad364e35_10.0.20348.557_none_f1edaeb8515fa10d\TiWorker.exe,,S:AI,,SCAFFOLD,0x3e7,DC$,S-1-5-18,,,,,,,,,,,
2026-09-02T00:09:07.695716Z,4663,dc.scaffold.htb,Microsoft-Windows-Security-Auditing,Security,20387,0,"%%4420
				",0x10,,,,,,,0x594,,,,,,,,,,,,,C:\Windows\WinSxS\amd64_system.servicemodel.channels_31bf3856ad364e35_4.0.15806.330_none_d56ed6a33c16695d\System.ServiceModel.Channels.dll,Security,File,,,,0x13bc,C:\Windows\WinSxS\amd64_microsoft-windows-servicingstack_31bf3856ad364e35_10.0.20348.557_none_f1edaeb8515fa10d\TiWorker.exe,,S:AI,,SCAFFOLD,0x3e7,DC$,S-1-5-18,,,,,,,,,,,
2026-09-02T00:09:07.696051Z,4663,dc.scaffold.htb,Microsoft-Windows-Security-Auditing,Security,20388,0,"%%4420
				",0x10,,,,,,,0x594,,,,,,,,,,,,,C:\Windows\WinSxS\amd64_netfx4-ngentask_exe_b03f5f7f11d50a3a_4.0.15806.265_none_cc5d7e223d47d257\ngentask.exe,Security,File,,,,0x13bc,C:\Windows\WinSxS\amd64_microsoft-windows-servicingstack_31bf3856ad364e35_10.0.20348.557_none_f1edaeb8515fa10d\TiWorker.exe,,S:AI,,SCAFFOLD,0x3e7,DC$,S-1-5-18,,,,,,,,,,,
2026-09-02T00:09:07.696400Z,4663,dc.scaffold.htb,Microsoft-Windows-Security-Auditing,Security,20389,0,"%%4420
				",0x10,,,,,,,0x594,,,,,,,,,,,,,C:\Windows\WinSxS\amd64_system.web.applicationservices_31bf3856ad364e35_4.0.15806.340_none_c66a7d738397fd50\System.Web.ApplicationServices.dll,Security,File,,,,0x13bc,C:\Windows\WinSxS\amd64_microsoft-windows-servicingstack_31bf3856ad364e35_10.0.20348.557_none_f1edaeb8515fa10d\TiWorker.exe,,S:AI,,SCAFFOLD,0x3e7,DC$,S-1-5-18,,,,,,,,,,,
2026-09-02T00:09:07.696817Z,4663,dc.scaffold.htb,Microsoft-Windows-Security-Auditing,Security,20390,0,"%%4420
				",0x10,,,,,,,0x594,,,,,,,,,,,,,C:\Windows\WinSxS\amd64_netfx4-aspnet_wp_exe_b03f5f7f11d50a3a_4.0.15806.340_none_06eb72b54413955b\aspnet_wp.exe,Security,File,,,,0x13bc,C:\Windows\WinSxS\amd64_microsoft-windows-servicingstack_31bf3856ad364e35_10.0.20348.557_none_f1edaeb8515fa10d\TiWorker.exe,,S:AI,,SCAFFOLD,0x3e7,DC$,S-1-5-18,,,,,,,,,,,
2026-09-02T00:09:07.696943Z,4663,dc.scaffold.htb,Microsoft-Windows-Security-Auditing,Security,20391,0,"%%4420
				",0x10,,,,,,,0x594,,,,,,,,,,,,,C:\Windows\WinSxS\amd64_netfx4-webengine_dll_b03f5f7f11d50a3a_4.0.15806.340_none_16dc5b23abf21362\webengine.dll,Security,File,,,,0x13bc,C:\Windows\WinSxS\amd64_microsoft-windows-servicingstack_31bf3856ad364e35_10.0.20348.557_none_f1edaeb8515fa10d\TiWorker.exe,,S:AI,,SCAFFOLD,0x3e7,DC$,S-1-5-18,,,,,,,,,,,
2026-09-02T00:09:07.699165Z,4663,dc.scaffold.htb,Microsoft-Windows-Security-Auditing,Security,20392,0,"%%4420
				",0x10,,,,,,,0x594,,,,,,,,,,,,,C:\Windows\WinSxS\wow64_system.web_b03f5f7f11d50a3a_4.0.15806.340_none_745041c9971c5229\System.Web.dll,Security,File,,,,0x13bc,C:\Windows\WinSxS\amd64_microsoft-windows-servicingstack_31bf3856ad364e35_10.0.20348.557_none_f1edaeb8515fa10d\TiWorker.exe,,S:AI,,SCAFFOLD,0x3e7,DC$,S-1-5-18,,,,,,,,,,,
2026-09-02T00:09:07.699633Z,4663,dc.scaffold.htb,Microsoft-Windows-Security-Auditing,Security,20393,0,"%%4420
				",0x10,,,,,,,0x594,,,,,,,,,,,,,C:\Windows\WinSxS\x86_netfx4-mscorsvw_exe_b03f5f7f11d50a3a_4.0.15806.265_none_bd40107a0dafb980\mscorsvw.exe,Security,File,,,,0x13bc,C:\Windows\WinSxS\amd64_microsoft-windows-servicingstack_31bf3856ad364e35_10.0.20348.557_none_f1edaeb8515fa10d\TiWorker.exe,,S:AI,,SCAFFOLD,0x3e7,DC$,S-1-5-18,,,,,,,,,,,
2026-09-02T00:09:07.700121Z,4663,dc.scaffold.htb,Microsoft-Windows-Security-Auditing,Security,20394,0,"%%4420
				",0x10,,,,,,,0x594,,,,,,,,,,,,,C:\Windows\WinSxS\x86_netfx4-servicemonikersupport_dll_b03f5f7f11d50a3a_4.0.15806.330_none_ad8cf8a206effbfc\ServiceMonikerSupport.dll,Security,File,,,,0x13bc,C:\Windows\WinSxS\amd64_microsoft-windows-servicingstack_31bf3856ad364e35_10.0.20348.557_none_f1edaeb8515fa10d\TiWorker.exe,,S:AI,,SCAFFOLD,0x3e7,DC$,S-1-5-18,,,,,,,,,,,
2026-09-02T00:09:07.700404Z,4663,dc.scaffold.htb,Microsoft-Windows-Security-Auditing,Security,20395,0,"%%4420
				",0x10,,,,,,,0x594,,,,,,,,,,,,,C:\Windows\WinSxS\amd64_system.identitymodel.services_b77a5c561934e089_4.0.15806.330_none_fb086754e3b62480\System.IdentityModel.Services.dll,Security,File,,,,0x13bc,C:\Windows\WinSxS\amd64_microsoft-windows-servicingstack_31bf3856ad364e35_10.0.20348.557_none_f1edaeb8515fa10d\TiWorker.exe,,S:AI,,SCAFFOLD,0x3e7,DC$,S-1-5-18,,,,,,,,,,,
2026-09-02T00:09:07.700575Z,4663,dc.scaffold.htb,Microsoft-Windows-Security-Auditing,Security,20396,0,"%%4420
				",0x10,,,,,,,0x594,,,,,,,,,,,,,C:\Windows\WinSxS\x86_netfx4-webengine4_dll_b03f5f7f11d50a3a_4.0.15806.340_none_19fae8b0b3de290e\webengine4.dll,Security,File,,,,0x13bc,C:\Windows\WinSxS\amd64_microsoft-windows-servicingstack_31bf3856ad364e35_10.0.20348.557_none_f1edaeb8515fa10d\TiWorker.exe,,S:AI,,SCAFFOLD,0x3e7,DC$,S-1-5-18,,,,,,,,,,,
2026-09-02T00:09:07.700700Z,4663,dc.scaffold.htb,Microsoft-Windows-Security-Auditing,Security,20397,0,"%%4420
				",0x10,,,,,,,0x594,,,,,,,,,,,,,C:\Windows\WinSxS\amd64_system.management_b03f5f7f11d50a3a_4.0.15806.310_none_728fdd66cbba15f6\System.Management.dll,Security,File,,,,0x13bc,C:\Windows\WinSxS\amd64_microsoft-windows-servicingstack_31bf3856ad364e35_10.0.20348.557_none_f1edaeb8515fa10d\TiWorker.exe,,S:AI,,SCAFFOLD,0x3e7,DC$,S-1-5-18,,,,,,,,,,,
