2026-09-02T03:21:27.275192Z,4663,dc.scaffold.htb,Microsoft-Windows-Security-Auditing,Security,22175,0,"%%1538
				",0x20000,,,,,,,0x70,,,,,,,,,,,,,C:\Windows\WinSxS\FileMaps,Security,File,,,,0x166c,C:\Windows\System32\poqexec.exe,,S:AI,,SCAFFOLD,0x3e7,DC$,S-1-5-18,,,,,,,,,,,
2026-09-02T03:21:27.275424Z,4663,dc.scaffold.htb,Microsoft-Windows-Security-Auditing,Security,22176,0,"%%1538
				",0x20000,,,,,,,0x70,,,,,,,,,,,,,C:\Windows\WinSxS\FileMaps,Security,File,,,,0x166c,C:\Windows\System32\poqexec.exe,,S:AI,,SCAFFOLD,0x3e7,DC$,S-1-5-18,,,,,,,,,,,
2026-09-02T03:21:27.275721Z,4663,dc.scaffold.htb,Microsoft-Windows-Security-Auditing,Security,22177,0,"%%1537
				",0x10000,,,,,,,0x78,,,,,,,,,,,,,C:\Windows\WinSxS\FileMaps\$$_microsoft.net_framework_v4.0.30319_wpf_en-us_dc5fd125966afabc.cdf-ms,Security,File,,,,0x166c,C:\Windows\System32\poqexec.exe,,S:AI,,SCAFFOLD,0x3e7,DC$,S-1-5-18,,,,,,,,,,,
2026-09-02T03:21:27.275742Z,4660,dc.scaffold.htb,Microsoft-Windows-Security-Auditing,Security,22178,0,,,,,,,,,0x78,,,,,,,,,,,,,,Security,,,,,0x166c,C:\Windows\System32\poqexec.exe,,,,SCAFFOLD,0x3e7,DC$,S-1-5-18,,,,,,,,,C62843AF-A67C-11F1-9935-005056B98D90,,
2026-09-02T03:21:27.276069Z,4663,dc.scaffold.htb,Microsoft-Windows-Security-Auditing,Security,22179,0,"%%4417
				",0x2,,,,,,,0x2470,,,,,,,,,,,,,C:\Windows\WinSxS\FileMaps,Security,File,,,,0x166c,C:\Windows\System32\poqexec.exe,,S:AI,,SCAFFOLD,0x3e7,DC$,S-1-5-18,,,,,,,,,,,
2026-09-02T03:21:27.276427Z,4663,dc.scaffold.htb,Microsoft-Windows-Security-Auditing,Security,22180,0,"%%1538
				",0x20000,,,,,,,0x70,,,,,,,,,,,,,C:\Windows\WinSxS\FileMaps,Security,File,,,,0x166c,C:\Windows\System32\poqexec.exe,,S:AI,,SCAFFOLD,0x3e7,DC$,S-1-5-18,,,,,,,,,,,
2026-09-02T03:21:27.276723Z,4663,dc.scaffold.htb,Microsoft-Windows-Security-Auditing,Security,22181,0,"%%1538
				",0x20000,,,,,,,0x70,,,,,,,,,,,,,C:\Windows\WinSxS\FileMaps,Security,File,,,,0x166c,C:\Windows\System32\poqexec.exe,,S:AI,,SCAFFOLD,0x3e7,DC$,S-1-5-18,,,,,,,,,,,
2026-09-02T03:21:27.277056Z,4663,dc.scaffold.htb,Microsoft-Windows-Security-Auditing,Security,22182,0,"%%1537
				",0x10000,,,,,,,0x78,,,,,,,,,,,,,C:\Windows\WinSxS\FileMaps\$$_microsoft.net_framework_v4.0.30319_nativeimages_7f83bd6ed8241f3a.cdf-ms,Security,File,,,,0x166c,C:\Windows\System32\poqexec.exe,,S:AI,,SCAFFOLD,0x3e7,DC$,S-1-5-18,,,,,,,,,,,
2026-09-02T03:21:27.277076Z,4660,dc.scaffold.htb,Microsoft-Windows-Security-Auditing,Security,22183,0,,,,,,,,,0x78,,,,,,,,,,,,,,Security,,,,,0x166c,C:\Windows\System32\poqexec.exe,,,,SCAFFOLD,0x3e7,DC$,S-1-5-18,,,,,,,,,C62843AF-A67C-11F1-9935-005056B98D90,,
2026-09-02T03:21:27.277406Z,4663,dc.scaffold.htb,Microsoft-Windows-Security-Auditing,Security,22184,0,"%%4417
				",0x2,,,,,,,0x2470,,,,,,,,,,,,,C:\Windows\WinSxS\FileMaps,Security,File,,,,0x166c,C:\Windows\System32\poqexec.exe,,S:AI,,SCAFFOLD,0x3e7,DC$,S-1-5-18,,,,,,,,,,,
2026-09-02T03:21:27.277750Z,4663,dc.scaffold.htb,Microsoft-Windows-Security-Auditing,Security,22185,0,"%%1538
				",0x20000,,,,,,,0x70,,,,,,,,,,,,,C:\Windows\WinSxS\FileMaps,Security,File,,,,0x166c,C:\Windows\System32\poqexec.exe,,S:AI,,SCAFFOLD,0x3e7,DC$,S-1-5-18,,,,,,,,,,,
2026-09-02T03:21:27.277963Z,4663,dc.scaffold.htb,Microsoft-Windows-Security-Auditing,Security,22186,0,"%%1538
				",0x20000,,,,,,,0x70,,,,,,,,,,,,,C:\Windows\WinSxS\FileMaps,Security,File,,,,0x166c,C:\Windows\System32\poqexec.exe,,S:AI,,SCAFFOLD,0x3e7,DC$,S-1-5-18,,,,,,,,,,,
2026-09-02T03:21:27.278262Z,4663,dc.scaffold.htb,Microsoft-Windows-Security-Auditing,Security,22187,0,"%%1537
				",0x10000,,,,,,,0x78,,,,,,,,,,,,,C:\Windows\WinSxS\FileMaps\$$_microsoft.net_assembly_gac_msil_windowsformsintegration_v4.0_4.0.0.0_31bf3856ad364e35_fa1114fb4b113c6a.cdf-ms,Security,File,,,,0x166c,C:\Windows\System32\poqexec.exe,,S:AI,,SCAFFOLD,0x3e7,DC$,S-1-5-18,,,,,,,,,,,
2026-09-02T03:21:27.278282Z,4660,dc.scaffold.htb,Microsoft-Windows-Security-Auditing,Security,22188,0,,,,,,,,,0x78,,,,,,,,,,,,,,Security,,,,,0x166c,C:\Windows\System32\poqexec.exe,,,,SCAFFOLD,0x3e7,DC$,S-1-5-18,,,,,,,,,C62843AF-A67C-11F1-9935-005056B98D90,,
2026-09-02T03:21:27.278636Z,4663,dc.scaffold.htb,Microsoft-Windows-Security-Auditing,Security,22189,0,"%%4417
				",0x2,,,,,,,0x2470,,,,,,,,,,,,,C:\Windows\WinSxS\FileMaps,Security,File,,,,0x166c,C:\Windows\System32\poqexec.exe,,S:AI,,SCAFFOLD,0x3e7,DC$,S-1-5-18,,,,,,,,,,,
2026-09-02T03:21:27.278975Z,4663,dc.scaffold.htb,Microsoft-Windows-Security-Auditing,Security,22190,0,"%%1538
				",0x20000,,,,,,,0x70,,,,,,,,,,,,,C:\Windows\WinSxS\FileMaps,Security,File,,,,0x166c,C:\Windows\System32\poqexec.exe,,S:AI,,SCAFFOLD,0x3e7,DC$,S-1-5-18,,,,,,,,,,,
2026-09-02T03:21:27.279194Z,4663,dc.scaffold.htb,Microsoft-Windows-Security-Auditing,Security,22191,0,"%%1538
				",0x20000,,,,,,,0x70,,,,,,,,,,,,,C:\Windows\WinSxS\FileMaps,Security,File,,,,0x166c,C:\Windows\System32\poqexec.exe,,S:AI,,SCAFFOLD,0x3e7,DC$,S-1-5-18,,,,,,,,,,,
2026-09-02T03:21:27.279492Z,4663,dc.scaffold.htb,Microsoft-Windows-Security-Auditing,Security,22192,0,"%%1537
				",0x10000,,,,,,,0x78,,,,,,,,,,,,,C:\Windows\WinSxS\FileMaps\$$_microsoft.net_assembly_gac_msil_windowsbase_v4.0_4.0.0.0_31bf3856ad364e35_5764ca98829cd598.cdf-ms,Security,File,,,,0x166c,C:\Windows\System32\poqexec.exe,,S:AI,,SCAFFOLD,0x3e7,DC$,S-1-5-18,,,,,,,,,,,
2026-09-02T03:21:27.279512Z,4660,dc.scaffold.htb,Microsoft-Windows-Security-Auditing,Security,22193,0,,,,,,,,,0x78,,,,,,,,,,,,,,Security,,,,,0x166c,C:\Windows\System32\poqexec.exe,,,,SCAFFOLD,0x3e7,DC$,S-1-5-18,,,,,,,,,C62843AF-A67C-11F1-9935-005056B98D90,,
2026-09-02T03:21:27.279845Z,4663,dc.scaffold.htb,Microsoft-Windows-Security-Auditing,Security,22194,0,"%%4417
				",0x2,,,,,,,0x2470,,,,,,,,,,,,,C:\Windows\WinSxS\FileMaps,Security,File,,,,0x166c,C:\Windows\System32\poqexec.exe,,S:AI,,SCAFFOLD,0x3e7,DC$,S-1-5-18,,,,,,,,,,,
2026-09-02T03:21:27.280189Z,4663,dc.scaffold.htb,Microsoft-Windows-Security-Auditing,Security,22195,0,"%%1538
				",0x20000,,,,,,,0x70,,,,,,,,,,,,,C:\Windows\WinSxS\FileMaps,Security,File,,,,0x166c,C:\Windows\System32\poqexec.exe,,S:AI,,SCAFFOLD,0x3e7,DC$,S-1-5-18,,,,,,,,,,,
2026-09-02T03:21:27.280445Z,4663,dc.scaffold.htb,Microsoft-Windows-Security-Auditing,Security,22196,0,"%%1538
				",0x20000,,,,,,,0x70,,,,,,,,,,,,,C:\Windows\WinSxS\FileMaps,Security,File,,,,0x166c,C:\Windows\System32\poqexec.exe,,S:AI,,SCAFFOLD,0x3e7,DC$,S-1-5-18,,,,,,,,,,,
2026-09-02T03:21:27.280776Z,4663,dc.scaffold.htb,Microsoft-Windows-Security-Auditing,Security,22197,0,"%%1537
				",0x10000,,,,,,,0x78,,,,,,,,,,,,,C:\Windows\WinSxS\FileMaps\$$_microsoft.net_assembly_gac_msil_uiautomationtypes_v4.0_4.0.0.0_31bf3856ad364e35_1f12bec8f88f4450.cdf-ms,Security,File,,,,0x166c,C:\Windows\System32\poqexec.exe,,S:AI,,SCAFFOLD,0x3e7,DC$,S-1-5-18,,,,,,,,,,,
2026-09-02T03:21:27.280796Z,4660,dc.scaffold.htb,Microsoft-Windows-Security-Auditing,Security,22198,0,,,,,,,,,0x78,,,,,,,,,,,,,,Security,,,,,0x166c,C:\Windows\System32\poqexec.exe,,,,SCAFFOLD,0x3e7,DC$,S-1-5-18,,,,,,,,,C62843AF-A67C-11F1-9935-005056B98D90,,
2026-09-02T03:21:27.281136Z,4663,dc.scaffold.htb,Microsoft-Windows-Security-Auditing,Security,22199,0,"%%4417
				",0x2,,,,,,,0x2470,,,,,,,,,,,,,C:\Windows\WinSxS\FileMaps,Security,File,,,,0x166c,C:\Windows\System32\poqexec.exe,,S:AI,,SCAFFOLD,0x3e7,DC$,S-1-5-18,,,,,,,,,,,
2026-09-02T03:21:27.281463Z,4663,dc.scaffold.htb,Microsoft-Windows-Security-Auditing,Security,22200,0,"%%1538
				",0x20000,,,,,,,0x70,,,,,,,,,,,,,C:\Windows\WinSxS\FileMaps,Security,File,,,,0x166c,C:\Windows\System32\poqexec.exe,,S:AI,,SCAFFOLD,0x3e7,DC$,S-1-5-18,,,,,,,,,,,
2026-09-02T03:21:27.281680Z,4663,dc.scaffold.htb,Microsoft-Windows-Security-Auditing,Security,22201,0,"%%1538
				",0x20000,,,,,,,0x70,,,,,,,,,,,,,C:\Windows\WinSxS\FileMaps,Security,File,,,,0x166c,C:\Windows\System32\poqexec.exe,,S:AI,,SCAFFOLD,0x3e7,DC$,S-1-5-18,,,,,,,,,,,
2026-09-02T03:21:27.281980Z,4663,dc.scaffold.htb,Microsoft-Windows-Security-Auditing,Security,22202,0,"%%1537
				",0x10000,,,,,,,0x78,,,,,,,,,,,,,C:\Windows\WinSxS\FileMaps\$$_microsoft.net_assembly_gac_msil_uiautomationprovider_v4.0_4.0.0.0_31bf3856ad364e35_6bb637099f04ee2c.cdf-ms,Security,File,,,,0x166c,C:\Windows\System32\poqexec.exe,,S:AI,,SCAFFOLD,0x3e7,DC$,S-1-5-18,,,,,,,,,,,
2026-09-02T03:21:27.282000Z,4660,dc.scaffold.htb,Microsoft-Windows-Security-Auditing,Security,22203,0,,,,,,,,,0x78,,,,,,,,,,,,,,Security,,,,,0x166c,C:\Windows\System32\poqexec.exe,,,,SCAFFOLD,0x3e7,DC$,S-1-5-18,,,,,,,,,C62843AF-A67C-11F1-9935-005056B98D90,,
2026-09-02T03:21:27.282337Z,4663,dc.scaffold.htb,Microsoft-Windows-Security-Auditing,Security,22204,0,"%%4417
				",0x2,,,,,,,0x2470,,,,,,,,,,,,,C:\Windows\WinSxS\FileMaps,Security,File,,,,0x166c,C:\Windows\System32\poqexec.exe,,S:AI,,SCAFFOLD,0x3e7,DC$,S-1-5-18,,,,,,,,,,,
2026-09-02T03:21:27.282656Z,4663,dc.scaffold.htb,Microsoft-Windows-Security-Auditing,Security,22205,0,"%%1538
				",0x20000,,,,,,,0x70,,,,,,,,,,,,,C:\Windows\WinSxS\FileMaps,Security,File,,,,0x166c,C:\Windows\System32\poqexec.exe,,S:AI,,SCAFFOLD,0x3e7,DC$,S-1-5-18,,,,,,,,,,,
2026-09-02T03:21:27.282873Z,4663,dc.scaffold.htb,Microsoft-Windows-Security-Auditing,Security,22206,0,"%%1538
				",0x20000,,,,,,,0x70,,,,,,,,,,,,,C:\Windows\WinSxS\FileMaps,Security,File,,,,0x166c,C:\Windows\System32\poqexec.exe,,S:AI,,SCAFFOLD,0x3e7,DC$,S-1-5-18,,,,,,,,,,,
2026-09-02T03:21:27.340934Z,4663,dc.scaffold.htb,Microsoft-Windows-Security-Auditing,Security,22207,0,"%%1537
				",0x10000,,,,,,,0x78,,,,,,,,,,,,,C:\Windows\WinSxS\FileMaps\$$_microsoft.net_assembly_gac_msil_uiautomationclientsideproviders_v4.0_4.0.0.0_31bf3856ad364e35_6944991d7b306f0d.cdf-ms,Security,File,,,,0x166c,C:\Windows\System32\poqexec.exe,,S:AI,,SCAFFOLD,0x3e7,DC$,S-1-5-18,,,,,,,,,,,
2026-09-02T03:21:27.340954Z,4660,dc.scaffold.htb,Microsoft-Windows-Security-Auditing,Security,22208,0,,,,,,,,,0x78,,,,,,,,,,,,,,Security,,,,,0x166c,C:\Windows\System32\poqexec.exe,,,,SCAFFOLD,0x3e7,DC$,S-1-5-18,,,,,,,,,C62843AF-A67C-11F1-9935-005056B98D90,,
2026-09-02T03:21:27.341338Z,4663,dc.scaffold.htb,Microsoft-Windows-Security-Auditing,Security,22209,0,"%%4417
				",0x2,,,,,,,0x2370,,,,,,,,,,,,,C:\Windows\WinSxS\FileMaps,Security,File,,,,0x166c,C:\Windows\System32\poqexec.exe,,S:AI,,SCAFFOLD,0x3e7,DC$,S-1-5-18,,,,,,,,,,,
2026-09-02T03:21:27.341668Z,4663,dc.scaffold.htb,Microsoft-Windows-Security-Auditing,Security,22210,0,"%%1538
				",0x20000,,,,,,,0x74,,,,,,,,,,,,,C:\Windows\WinSxS\FileMaps,Security,File,,,,0x166c,C:\Windows\System32\poqexec.exe,,S:AI,,SCAFFOLD,0x3e7,DC$,S-1-5-18,,,,,,,,,,,
2026-09-02T03:21:27.342568Z,4663,dc.scaffold.htb,Microsoft-Windows-Security-Auditing,Security,22211,0,"%%1538
				",0x20000,,,,,,,0x74,,,,,,,,,,,,,C:\Windows\WinSxS\FileMaps,Security,File,,,,0x166c,C:\Windows\System32\poqexec.exe,,S:AI,,SCAFFOLD,0x3e7,DC$,S-1-5-18,,,,,,,,,,,
2026-09-02T03:21:27.342909Z,4663,dc.scaffold.htb,Microsoft-Windows-Security-Auditing,Security,22212,0,"%%1537
				",0x10000,,,,,,,0x78,,,,,,,,,,,,,C:\Windows\WinSxS\FileMaps\$$_microsoft.net_assembly_gac_msil_uiautomationclient_v4.0_4.0.0.0_31bf3856ad364e35_35816ba0d06901c4.cdf-ms,Security,File,,,,0x166c,C:\Windows\System32\poqexec.exe,,S:AI,,SCAFFOLD,0x3e7,DC$,S-1-5-18,,,,,,,,,,,
2026-09-02T03:21:27.342914Z,4660,dc.scaffold.htb,Microsoft-Windows-Security-Auditing,Security,22213,0,,,,,,,,,0x78,,,,,,,,,,,,,,Security,,,,,0x166c,C:\Windows\System32\poqexec.exe,,,,SCAFFOLD,0x3e7,DC$,S-1-5-18,,,,,,,,,C62843AF-A67C-11F1-9935-005056B98D90,,
2026-09-02T03:21:27.343343Z,4663,dc.scaffold.htb,Microsoft-Windows-Security-Auditing,Security,22214,0,"%%4417
				",0x2,,,,,,,0x2370,,,,,,,,,,,,,C:\Windows\WinSxS\FileMaps,Security,File,,,,0x166c,C:\Windows\System32\poqexec.exe,,S:AI,,SCAFFOLD,0x3e7,DC$,S-1-5-18,,,,,,,,,,,
2026-09-02T03:21:27.343693Z,4663,dc.scaffold.htb,Microsoft-Windows-Security-Auditing,Security,22215,0,"%%1538
				",0x20000,,,,,,,0x74,,,,,,,,,,,,,C:\Windows\WinSxS\FileMaps,Security,File,,,,0x166c,C:\Windows\System32\poqexec.exe,,S:AI,,SCAFFOLD,0x3e7,DC$,S-1-5-18,,,,,,,,,,,
2026-09-02T03:21:27.343930Z,4663,dc.scaffold.htb,Microsoft-Windows-Security-Auditing,Security,22216,0,"%%1538
				",0x20000,,,,,,,0x74,,,,,,,,,,,,,C:\Windows\WinSxS\FileMaps,Security,File,,,,0x166c,C:\Windows\System32\poqexec.exe,,S:AI,,SCAFFOLD,0x3e7,DC$,S-1-5-18,,,,,,,,,,,
2026-09-02T03:21:27.344324Z,4663,dc.scaffold.htb,Microsoft-Windows-Security-Auditing,Security,22217,0,"%%1537
				",0x10000,,,,,,,0x78,,,,,,,,,,,,,C:\Windows\WinSxS\FileMaps\$$_microsoft.net_assembly_gac_msil_system.xml_v4.0_4.0.0.0_b77a5c561934e089_ec23d9a7ad53e8b2.cdf-ms,Security,File,,,,0x166c,C:\Windows\System32\poqexec.exe,,S:AI,,SCAFFOLD,0x3e7,DC$,S-1-5-18,,,,,,,,,,,
2026-09-02T03:21:27.344327Z,4660,dc.scaffold.htb,Microsoft-Windows-Security-Auditing,Security,22218,0,,,,,,,,,0x78,,,,,,,,,,,,,,Security,,,,,0x166c,C:\Windows\System32\poqexec.exe,,,,SCAFFOLD,0x3e7,DC$,S-1-5-18,,,,,,,,,C62843AF-A67C-11F1-9935-005056B98D90,,
2026-09-02T03:21:27.344738Z,4663,dc.scaffold.htb,Microsoft-Windows-Security-Auditing,Security,22219,0,"%%4417
				",0x2,,,,,,,0x2470,,,,,,,,,,,,,C:\Windows\WinSxS\FileMaps,Security,File,,,,0x166c,C:\Windows\System32\poqexec.exe,,S:AI,,SCAFFOLD,0x3e7,DC$,S-1-5-18,,,,,,,,,,,
2026-09-02T03:21:27.345228Z,4663,dc.scaffold.htb,Microsoft-Windows-Security-Auditing,Security,22220,0,"%%1538
				",0x20000,,,,,,,0x74,,,,,,,,,,,,,C:\Windows\WinSxS\FileMaps,Security,File,,,,0x166c,C:\Windows\System32\poqexec.exe,,S:AI,,SCAFFOLD,0x3e7,DC$,S-1-5-18,,,,,,,,,,,
2026-09-02T03:21:27.345459Z,4663,dc.scaffold.htb,Microsoft-Windows-Security-Auditing,Security,22221,0,"%%1538
				",0x20000,,,,,,,0x74,,,,,,,,,,,,,C:\Windows\WinSxS\FileMaps,Security,File,,,,0x166c,C:\Windows\System32\poqexec.exe,,S:AI,,SCAFFOLD,0x3e7,DC$,S-1-5-18,,,,,,,,,,,
2026-09-02T03:21:27.345781Z,4663,dc.scaffold.htb,Microsoft-Windows-Security-Auditing,Security,22222,0,"%%1537
				",0x10000,,,,,,,0x70,,,,,,,,,,,,,C:\Windows\WinSxS\FileMaps\$$_microsoft.net_assembly_gac_msil_system.xaml_v4.0_4.0.0.0_b77a5c561934e089_6747aba031bff5b1.cdf-ms,Security,File,,,,0x166c,C:\Windows\System32\poqexec.exe,,S:AI,,SCAFFOLD,0x3e7,DC$,S-1-5-18,,,,,,,,,,,
2026-09-02T03:21:27.345785Z,4660,dc.scaffold.htb,Microsoft-Windows-Security-Auditing,Security,22223,0,,,,,,,,,0x70,,,,,,,,,,,,,,Security,,,,,0x166c,C:\Windows\System32\poqexec.exe,,,,SCAFFOLD,0x3e7,DC$,S-1-5-18,,,,,,,,,C62843AF-A67C-11F1-9935-005056B98D90,,
2026-09-02T03:21:27.346147Z,4663,dc.scaffold.htb,Microsoft-Windows-Security-Auditing,Security,22224,0,"%%4417
				",0x2,,,,,,,0x2470,,,,,,,,,,,,,C:\Windows\WinSxS\FileMaps,Security,File,,,,0x166c,C:\Windows\System32\poqexec.exe,,S:AI,,SCAFFOLD,0x3e7,DC$,S-1-5-18,,,,,,,,,,,
2026-09-02T03:21:27.346487Z,4663,dc.scaffold.htb,Microsoft-Windows-Security-Auditing,Security,22225,0,"%%1538
				",0x20000,,,,,,,0x74,,,,,,,,,,,,,C:\Windows\WinSxS\FileMaps,Security,File,,,,0x166c,C:\Windows\System32\poqexec.exe,,S:AI,,SCAFFOLD,0x3e7,DC$,S-1-5-18,,,,,,,,,,,
2026-09-02T03:21:27.346720Z,4663,dc.scaffold.htb,Microsoft-Windows-Security-Auditing,Security,22226,0,"%%1538
				",0x20000,,,,,,,0x74,,,,,,,,,,,,,C:\Windows\WinSxS\FileMaps,Security,File,,,,0x166c,C:\Windows\System32\poqexec.exe,,S:AI,,SCAFFOLD,0x3e7,DC$,S-1-5-18,,,,,,,,,,,
2026-09-02T03:21:27.347028Z,4663,dc.scaffold.htb,Microsoft-Windows-Security-Auditing,Security,22227,0,"%%1537
				",0x10000,,,,,,,0x70,,,,,,,,,,,,,C:\Windows\WinSxS\FileMaps\$$_microsoft.net_assembly_gac_msil_system.windows.forms_v4.0_4.0.0.0_b77a5c561934e089_7780f78ea9286b2d.cdf-ms,Security,File,,,,0x166c,C:\Windows\System32\poqexec.exe,,S:AI,,SCAFFOLD,0x3e7,DC$,S-1-5-18,,,,,,,,,,,
2026-09-02T03:21:27.347079Z,4660,dc.scaffold.htb,Microsoft-Windows-Security-Auditing,Security,22228,0,,,,,,,,,0x70,,,,,,,,,,,,,,Security,,,,,0x166c,C:\Windows\System32\poqexec.exe,,,,SCAFFOLD,0x3e7,DC$,S-1-5-18,,,,,,,,,C62843AF-A67C-11F1-9935-005056B98D90,,
2026-09-02T03:21:27.347456Z,4663,dc.scaffold.htb,Microsoft-Windows-Security-Auditing,Security,22229,0,"%%4417
				",0x2,,,,,,,0x2470,,,,,,,,,,,,,C:\Windows\WinSxS\FileMaps,Security,File,,,,0x166c,C:\Windows\System32\poqexec.exe,,S:AI,,SCAFFOLD,0x3e7,DC$,S-1-5-18,,,,,,,,,,,
2026-09-02T03:21:27.347783Z,4663,dc.scaffold.htb,Microsoft-Windows-Security-Auditing,Security,22230,0,"%%1538
				",0x20000,,,,,,,0x74,,,,,,,,,,,,,C:\Windows\WinSxS\FileMaps,Security,File,,,,0x166c,C:\Windows\System32\poqexec.exe,,S:AI,,SCAFFOLD,0x3e7,DC$,S-1-5-18,,,,,,,,,,,
2026-09-02T03:21:27.347993Z,4663,dc.scaffold.htb,Microsoft-Windows-Security-Auditing,Security,22231,0,"%%1538
				",0x20000,,,,,,,0x74,,,,,,,,,,,,,C:\Windows\WinSxS\FileMaps,Security,File,,,,0x166c,C:\Windows\System32\poqexec.exe,,S:AI,,SCAFFOLD,0x3e7,DC$,S-1-5-18,,,,,,,,,,,
2026-09-02T03:21:27.348321Z,4663,dc.scaffold.htb,Microsoft-Windows-Security-Auditing,Security,22232,0,"%%1537
				",0x10000,,,,,,,0x70,,,,,,,,,,,,,C:\Windows\WinSxS\FileMaps\$$_microsoft.net_assembly_gac_msil_system.windows.controls.ribbon_v4.0_4.0.0.0_b77a5c561934e089_f0c023acb7bafe74.cdf-ms,Security,File,,,,0x166c,C:\Windows\System32\poqexec.exe,,S:AI,,SCAFFOLD,0x3e7,DC$,S-1-5-18,,,,,,,,,,,
2026-09-02T03:21:27.348325Z,4660,dc.scaffold.htb,Microsoft-Windows-Security-Auditing,Security,22233,0,,,,,,,,,0x70,,,,,,,,,,,,,,Security,,,,,0x166c,C:\Windows\System32\poqexec.exe,,,,SCAFFOLD,0x3e7,DC$,S-1-5-18,,,,,,,,,C62843AF-A67C-11F1-9935-005056B98D90,,
2026-09-02T03:21:27.348681Z,4663,dc.scaffold.htb,Microsoft-Windows-Security-Auditing,Security,22234,0,"%%4417
				",0x2,,,,,,,0x2470,,,,,,,,,,,,,C:\Windows\WinSxS\FileMaps,Security,File,,,,0x166c,C:\Windows\System32\poqexec.exe,,S:AI,,SCAFFOLD,0x3e7,DC$,S-1-5-18,,,,,,,,,,,
2026-09-02T03:21:27.348992Z,4663,dc.scaffold.htb,Microsoft-Windows-Security-Auditing,Security,22235,0,"%%1538
				",0x20000,,,,,,,0x74,,,,,,,,,,,,,C:\Windows\WinSxS\FileMaps,Security,File,,,,0x166c,C:\Windows\System32\poqexec.exe,,S:AI,,SCAFFOLD,0x3e7,DC$,S-1-5-18,,,,,,,,,,,
2026-09-02T03:21:27.349282Z,4663,dc.scaffold.htb,Microsoft-Windows-Security-Auditing,Security,22236,0,"%%1538
				",0x20000,,,,,,,0x74,,,,,,,,,,,,,C:\Windows\WinSxS\FileMaps,Security,File,,,,0x166c,C:\Windows\System32\poqexec.exe,,S:AI,,SCAFFOLD,0x3e7,DC$,S-1-5-18,,,,,,,,,,,
2026-09-02T03:21:27.349700Z,4663,dc.scaffold.htb,Microsoft-Windows-Security-Auditing,Security,22237,0,"%%1537
				",0x10000,,,,,,,0x74,,,,,,,,,,,,,C:\Windows\WinSxS\FileMaps\$$_microsoft.net_assembly_gac_msil_system.web.extensions_v4.0_4.0.0.0_31bf3856ad364e35_472dc08bcbe9e0cb.cdf-ms,Security,File,,,,0x166c,C:\Windows\System32\poqexec.exe,,S:AI,,SCAFFOLD,0x3e7,DC$,S-1-5-18,,,,,,,,,,,
2026-09-02T03:21:27.349705Z,4660,dc.scaffold.htb,Microsoft-Windows-Security-Auditing,Security,22238,0,,,,,,,,,0x74,,,,,,,,,,,,,,Security,,,,,0x166c,C:\Windows\System32\poqexec.exe,,,,SCAFFOLD,0x3e7,DC$,S-1-5-18,,,,,,,,,C62843AF-A67C-11F1-9935-005056B98D90,,
2026-09-02T03:21:27.350082Z,4663,dc.scaffold.htb,Microsoft-Windows-Security-Auditing,Security,22239,0,"%%4417
				",0x2,,,,,,,0x2470,,,,,,,,,,,,,C:\Windows\WinSxS\FileMaps,Security,File,,,,0x166c,C:\Windows\System32\poqexec.exe,,S:AI,,SCAFFOLD,0x3e7,DC$,S-1-5-18,,,,,,,,,,,
2026-09-02T03:21:27.350448Z,4663,dc.scaffold.htb,Microsoft-Windows-Security-Auditing,Security,22240,0,"%%1538
				",0x20000,,,,,,,0x78,,,,,,,,,,,,,C:\Windows\WinSxS\FileMaps,Security,File,,,,0x166c,C:\Windows\System32\poqexec.exe,,S:AI,,SCAFFOLD,0x3e7,DC$,S-1-5-18,,,,,,,,,,,
2026-09-02T03:21:27.350668Z,4663,dc.scaffold.htb,Microsoft-Windows-Security-Auditing,Security,22241,0,"%%1538
				",0x20000,,,,,,,0x78,,,,,,,,,,,,,C:\Windows\WinSxS\FileMaps,Security,File,,,,0x166c,C:\Windows\System32\poqexec.exe,,S:AI,,SCAFFOLD,0x3e7,DC$,S-1-5-18,,,,,,,,,,,
2026-09-02T03:21:27.351011Z,4663,dc.scaffold.htb,Microsoft-Windows-Security-Auditing,Security,22242,0,"%%1537
				",0x10000,,,,,,,0x74,,,,,,,,,,,,,C:\Windows\WinSxS\FileMaps\$$_microsoft.net_assembly_gac_msil_system.web.applicationservices_v4.0_4.0.0.0_31bf3856ad364e35_68ccda43ca2f1ddf.cdf-ms,Security,File,,,,0x166c,C:\Windows\System32\poqexec.exe,,S:AI,,SCAFFOLD,0x3e7,DC$,S-1-5-18,,,,,,,,,,,
2026-09-02T03:21:27.351049Z,4660,dc.scaffold.htb,Microsoft-Windows-Security-Auditing,Security,22243,0,,,,,,,,,0x74,,,,,,,,,,,,,,Security,,,,,0x166c,C:\Windows\System32\poqexec.exe,,,,SCAFFOLD,0x3e7,DC$,S-1-5-18,,,,,,,,,C62843AF-A67C-11F1-9935-005056B98D90,,
2026-09-02T03:21:27.351449Z,4663,dc.scaffold.htb,Microsoft-Windows-Security-Auditing,Security,22244,0,"%%4417
				",0x2,,,,,,,0x2370,,,,,,,,,,,,,C:\Windows\WinSxS\FileMaps,Security,File,,,,0x166c,C:\Windows\System32\poqexec.exe,,S:AI,,SCAFFOLD,0x3e7,DC$,S-1-5-18,,,,,,,,,,,
2026-09-02T03:21:27.351777Z,4663,dc.scaffold.htb,Microsoft-Windows-Security-Auditing,Security,22245,0,"%%1538
				",0x20000,,,,,,,0x70,,,,,,,,,,,,,C:\Windows\WinSxS\FileMaps,Security,File,,,,0x166c,C:\Windows\System32\poqexec.exe,,S:AI,,SCAFFOLD,0x3e7,DC$,S-1-5-18,,,,,,,,,,,
2026-09-02T03:21:27.351993Z,4663,dc.scaffold.htb,Microsoft-Windows-Security-Auditing,Security,22246,0,"%%1538
				",0x20000,,,,,,,0x70,,,,,,,,,,,,,C:\Windows\WinSxS\FileMaps,Security,File,,,,0x166c,C:\Windows\System32\poqexec.exe,,S:AI,,SCAFFOLD,0x3e7,DC$,S-1-5-18,,,,,,,,,,,
2026-09-02T03:21:27.352308Z,4663,dc.scaffold.htb,Microsoft-Windows-Security-Auditing,Security,22247,0,"%%1537
				",0x10000,,,,,,,0x74,,,,,,,,,,,,,C:\Windows\WinSxS\FileMaps\$$_microsoft.net_assembly_gac_msil_system.servicemodel.washosting_v4.0_4.0.0.0_b77a5c561934e089_fcc9ffe6a33d9e56.cdf-ms,Security,File,,,,0x166c,C:\Windows\System32\poqexec.exe,,S:AI,,SCAFFOLD,0x3e7,DC$,S-1-5-18,,,,,,,,,,,
2026-09-02T03:21:27.352312Z,4660,dc.scaffold.htb,Microsoft-Windows-Security-Auditing,Security,22248,0,,,,,,,,,0x74,,,,,,,,,,,,,,Security,,,,,0x166c,C:\Windows\System32\poqexec.exe,,,,SCAFFOLD,0x3e7,DC$,S-1-5-18,,,,,,,,,C62843AF-A67C-11F1-9935-005056B98D90,,
2026-09-02T03:21:27.352667Z,4663,dc.scaffold.htb,Microsoft-Windows-Security-Auditing,Security,22249,0,"%%4417
				",0x2,,,,,,,0x2370,,,,,,,,,,,,,C:\Windows\WinSxS\FileMaps,Security,File,,,,0x166c,C:\Windows\System32\poqexec.exe,,S:AI,,SCAFFOLD,0x3e7,DC$,S-1-5-18,,,,,,,,,,,
2026-09-02T03:21:27.352993Z,4663,dc.scaffold.htb,Microsoft-Windows-Security-Auditing,Security,22250,0,"%%1538
				",0x20000,,,,,,,0x70,,,,,,,,,,,,,C:\Windows\WinSxS\FileMaps,Security,File,,,,0x166c,C:\Windows\System32\poqexec.exe,,S:AI,,SCAFFOLD,0x3e7,DC$,S-1-5-18,,,,,,,,,,,
2026-09-02T03:21:27.353230Z,4663,dc.scaffold.htb,Microsoft-Windows-Security-Auditing,Security,22251,0,"%%1538
				",0x20000,,,,,,,0x70,,,,,,,,,,,,,C:\Windows\WinSxS\FileMaps,Security,File,,,,0x166c,C:\Windows\System32\poqexec.exe,,S:AI,,SCAFFOLD,0x3e7,DC$,S-1-5-18,,,,,,,,,,,
2026-09-02T03:21:27.353598Z,4663,dc.scaffold.htb,Microsoft-Windows-Security-Auditing,Security,22252,0,"%%1537
				",0x10000,,,,,,,0x78,,,,,,,,,,,,,C:\Windows\WinSxS\FileMaps\$$_microsoft.net_assembly_gac_msil_system.servicemodel.internals_v4.0_4.0.0.0_31bf3856ad364e35_648841c36e579803.cdf-ms,Security,File,,,,0x166c,C:\Windows\System32\poqexec.exe,,S:AI,,SCAFFOLD,0x3e7,DC$,S-1-5-18,,,,,,,,,,,
2026-09-02T03:21:27.353602Z,4660,dc.scaffold.htb,Microsoft-Windows-Security-Auditing,Security,22253,0,,,,,,,,,0x78,,,,,,,,,,,,,,Security,,,,,0x166c,C:\Windows\System32\poqexec.exe,,,,SCAFFOLD,0x3e7,DC$,S-1-5-18,,,,,,,,,C62843AF-A67C-11F1-9935-005056B98D90,,
2026-09-02T03:21:27.353974Z,4663,dc.scaffold.htb,Microsoft-Windows-Security-Auditing,Security,22254,0,"%%4417
				",0x2,,,,,,,0x2470,,,,,,,,,,,,,C:\Windows\WinSxS\FileMaps,Security,File,,,,0x166c,C:\Windows\System32\poqexec.exe,,S:AI,,SCAFFOLD,0x3e7,DC$,S-1-5-18,,,,,,,,,,,
2026-09-02T03:21:27.354290Z,4663,dc.scaffold.htb,Microsoft-Windows-Security-Auditing,Security,22255,0,"%%1538
				",0x20000,,,,,,,0x70,,,,,,,,,,,,,C:\Windows\WinSxS\FileMaps,Security,File,,,,0x166c,C:\Windows\System32\poqexec.exe,,S:AI,,SCAFFOLD,0x3e7,DC$,S-1-5-18,,,,,,,,,,,
2026-09-02T03:21:27.354502Z,4663,dc.scaffold.htb,Microsoft-Windows-Security-Auditing,Security,22256,0,"%%1538
				",0x20000,,,,,,,0x70,,,,,,,,,,,,,C:\Windows\WinSxS\FileMaps,Security,File,,,,0x166c,C:\Windows\System32\poqexec.exe,,S:AI,,SCAFFOLD,0x3e7,DC$,S-1-5-18,,,,,,,,,,,
2026-09-02T03:21:27.354885Z,4663,dc.scaffold.htb,Microsoft-Windows-Security-Auditing,Security,22257,0,"%%1537
				",0x10000,,,,,,,0x78,,,,,,,,,,,,,C:\Windows\WinSxS\FileMaps\$$_microsoft.net_assembly_gac_msil_system.servicemodel.discovery_v4.0_4.0.0.0_31bf3856ad364e35_77886dd12f6a8907.cdf-ms,Security,File,,,,0x166c,C:\Windows\System32\poqexec.exe,,S:AI,,SCAFFOLD,0x3e7,DC$,S-1-5-18,,,,,,,,,,,
2026-09-02T03:21:27.354891Z,4660,dc.scaffold.htb,Microsoft-Windows-Security-Auditing,Security,22258,0,,,,,,,,,0x78,,,,,,,,,,,,,,Security,,,,,0x166c,C:\Windows\System32\poqexec.exe,,,,SCAFFOLD,0x3e7,DC$,S-1-5-18,,,,,,,,,C62843AF-A67C-11F1-9935-005056B98D90,,
2026-09-02T03:21:27.355254Z,4663,dc.scaffold.htb,Microsoft-Windows-Security-Auditing,Security,22259,0,"%%4417
				",0x2,,,,,,,0x2470,,,,,,,,,,,,,C:\Windows\WinSxS\FileMaps,Security,File,,,,0x166c,C:\Windows\System32\poqexec.exe,,S:AI,,SCAFFOLD,0x3e7,DC$,S-1-5-18,,,,,,,,,,,
2026-09-02T03:21:27.355608Z,4663,dc.scaffold.htb,Microsoft-Windows-Security-Auditing,Security,22260,0,"%%1538
				",0x20000,,,,,,,0x74,,,,,,,,,,,,,C:\Windows\WinSxS\FileMaps,Security,File,,,,0x166c,C:\Windows\System32\poqexec.exe,,S:AI,,SCAFFOLD,0x3e7,DC$,S-1-5-18,,,,,,,,,,,
2026-09-02T03:21:27.355820Z,4663,dc.scaffold.htb,Microsoft-Windows-Security-Auditing,Security,22261,0,"%%1538
				",0x20000,,,,,,,0x74,,,,,,,,,,,,,C:\Windows\WinSxS\FileMaps,Security,File,,,,0x166c,C:\Windows\System32\poqexec.exe,,S:AI,,SCAFFOLD,0x3e7,DC$,S-1-5-18,,,,,,,,,,,
2026-09-02T03:21:27.356133Z,4663,dc.scaffold.htb,Microsoft-Windows-Security-Auditing,Security,22262,0,"%%1537
				",0x10000,,,,,,,0x78,,,,,,,,,,,,,C:\Windows\WinSxS\FileMaps\$$_microsoft.net_assembly_gac_msil_system.servicemodel.channels_v4.0_4.0.0.0_31bf3856ad364e35_3b879384d8488ea3.cdf-ms,Security,File,,,,0x166c,C:\Windows\System32\poqexec.exe,,S:AI,,SCAFFOLD,0x3e7,DC$,S-1-5-18,,,,,,,,,,,
2026-09-02T03:21:27.356155Z,4660,dc.scaffold.htb,Microsoft-Windows-Security-Auditing,Security,22263,0,,,,,,,,,0x78,,,,,,,,,,,,,,Security,,,,,0x166c,C:\Windows\System32\poqexec.exe,,,,SCAFFOLD,0x3e7,DC$,S-1-5-18,,,,,,,,,C62843AF-A67C-11F1-9935-005056B98D90,,
2026-09-02T03:21:27.356626Z,4663,dc.scaffold.htb,Microsoft-Windows-Security-Auditing,Security,22264,0,"%%4417
				",0x2,,,,,,,0x2470,,,,,,,,,,,,,C:\Windows\WinSxS\FileMaps,Security,File,,,,0x166c,C:\Windows\System32\poqexec.exe,,S:AI,,SCAFFOLD,0x3e7,DC$,S-1-5-18,,,,,,,,,,,
2026-09-02T03:21:27.356903Z,4663,dc.scaffold.htb,Microsoft-Windows-Security-Auditing,Security,22265,0,"%%1538
				",0x20000,,,,,,,0x74,,,,,,,,,,,,,C:\Windows\WinSxS\FileMaps,Security,File,,,,0x166c,C:\Windows\System32\poqexec.exe,,S:AI,,SCAFFOLD,0x3e7,DC$,S-1-5-18,,,,,,,,,,,
2026-09-02T03:21:27.357171Z,4663,dc.scaffold.htb,Microsoft-Windows-Security-Auditing,Security,22266,0,"%%1538
				",0x20000,,,,,,,0x74,,,,,,,,,,,,,C:\Windows\WinSxS\FileMaps,Security,File,,,,0x166c,C:\Windows\System32\poqexec.exe,,S:AI,,SCAFFOLD,0x3e7,DC$,S-1-5-18,,,,,,,,,,,
2026-09-02T03:21:27.357416Z,4663,dc.scaffold.htb,Microsoft-Windows-Security-Auditing,Security,22267,0,"%%1537
				",0x10000,,,,,,,0x78,,,,,,,,,,,,,C:\Windows\WinSxS\FileMaps\$$_microsoft.net_assembly_gac_msil_system.servicemodel_v4.0_4.0.0.0_b77a5c561934e089_b63f15dceb7fa3d7.cdf-ms,Security,File,,,,0x166c,C:\Windows\System32\poqexec.exe,,S:AI,,SCAFFOLD,0x3e7,DC$,S-1-5-18,,,,,,,,,,,
2026-09-02T03:21:27.357422Z,4660,dc.scaffold.htb,Microsoft-Windows-Security-Auditing,Security,22268,0,,,,,,,,,0x78,,,,,,,,,,,,,,Security,,,,,0x166c,C:\Windows\System32\poqexec.exe,,,,SCAFFOLD,0x3e7,DC$,S-1-5-18,,,,,,,,,C62843AF-A67C-11F1-9935-005056B98D90,,
2026-09-02T03:21:27.358161Z,4663,dc.scaffold.htb,Microsoft-Windows-Security-Auditing,Security,22269,0,"%%4417
				",0x2,,,,,,,0x2470,,,,,,,,,,,,,C:\Windows\WinSxS\FileMaps,Security,File,,,,0x166c,C:\Windows\System32\poqexec.exe,,S:AI,,SCAFFOLD,0x3e7,DC$,S-1-5-18,,,,,,,,,,,
2026-09-02T03:21:27.358485Z,4663,dc.scaffold.htb,Microsoft-Windows-Security-Auditing,Security,22270,0,"%%1538
				",0x20000,,,,,,,0x74,,,,,,,,,,,,,C:\Windows\WinSxS\FileMaps,Security,File,,,,0x166c,C:\Windows\System32\poqexec.exe,,S:AI,,SCAFFOLD,0x3e7,DC$,S-1-5-18,,,,,,,,,,,
2026-09-02T03:21:27.358796Z,4663,dc.scaffold.htb,Microsoft-Windows-Security-Auditing,Security,22271,0,"%%1538
				",0x20000,,,,,,,0x74,,,,,,,,,,,,,C:\Windows\WinSxS\FileMaps,Security,File,,,,0x166c,C:\Windows\System32\poqexec.exe,,S:AI,,SCAFFOLD,0x3e7,DC$,S-1-5-18,,,,,,,,,,,
2026-09-02T03:21:27.359122Z,4663,dc.scaffold.htb,Microsoft-Windows-Security-Auditing,Security,22272,0,"%%1537
				",0x10000,,,,,,,0x78,,,,,,,,,,,,,C:\Windows\WinSxS\FileMaps\$$_microsoft.net_assembly_gac_msil_system.security_v4.0_4.0.0.0_b03f5f7f11d50a3a_b1f6c453104409f9.cdf-ms,Security,File,,,,0x166c,C:\Windows\System32\poqexec.exe,,S:AI,,SCAFFOLD,0x3e7,DC$,S-1-5-18,,,,,,,,,,,
2026-09-02T03:21:27.359126Z,4660,dc.scaffold.htb,Microsoft-Windows-Security-Auditing,Security,22273,0,,,,,,,,,0x78,,,,,,,,,,,,,,Security,,,,,0x166c,C:\Windows\System32\poqexec.exe,,,,SCAFFOLD,0x3e7,DC$,S-1-5-18,,,,,,,,,C62843AF-A67C-11F1-9935-005056B98D90,,
2026-09-02T03:21:27.359477Z,4663,dc.scaffold.htb,Microsoft-Windows-Security-Auditing,Security,22274,0,"%%4417
				",0x2,,,,,,,0x2470,,,,,,,,,,,,,C:\Windows\WinSxS\FileMaps,Security,File,,,,0x166c,C:\Windows\System32\poqexec.exe,,S:AI,,SCAFFOLD,0x3e7,DC$,S-1-5-18,,,,,,,,,,,
2026-09-02T03:21:27.359803Z,4663,dc.scaffold.htb,Microsoft-Windows-Security-Auditing,Security,22275,0,"%%1538
				",0x20000,,,,,,,0x74,,,,,,,,,,,,,C:\Windows\WinSxS\FileMaps,Security,File,,,,0x166c,C:\Windows\System32\poqexec.exe,,S:AI,,SCAFFOLD,0x3e7,DC$,S-1-5-18,,,,,,,,,,,
2026-09-02T03:21:27.360034Z,4663,dc.scaffold.htb,Microsoft-Windows-Security-Auditing,Security,22276,0,"%%1538
				",0x20000,,,,,,,0x74,,,,,,,,,,,,,C:\Windows\WinSxS\FileMaps,Security,File,,,,0x166c,C:\Windows\System32\poqexec.exe,,S:AI,,SCAFFOLD,0x3e7,DC$,S-1-5-18,,,,,,,,,,,
2026-09-02T03:21:27.360418Z,4663,dc.scaffold.htb,Microsoft-Windows-Security-Auditing,Security,22277,0,"%%1537
				",0x10000,,,,,,,0x78,,,,,,,,,,,,,C:\Windows\WinSxS\FileMaps\$$_microsoft.net_assembly_gac_msil_system.runtime.serialization_v4.0_4.0.0.0_b77a5c561934e089_f6fb5cdd6113e4c9.cdf-ms,Security,File,,,,0x166c,C:\Windows\System32\poqexec.exe,,S:AI,,SCAFFOLD,0x3e7,DC$,S-1-5-18,,,,,,,,,,,
2026-09-02T03:21:27.360422Z,4660,dc.scaffold.htb,Microsoft-Windows-Security-Auditing,Security,22278,0,,,,,,,,,0x78,,,,,,,,,,,,,,Security,,,,,0x166c,C:\Windows\System32\poqexec.exe,,,,SCAFFOLD,0x3e7,DC$,S-1-5-18,,,,,,,,,C62843AF-A67C-11F1-9935-005056B98D90,,
2026-09-02T03:21:27.360800Z,4663,dc.scaffold.htb,Microsoft-Windows-Security-Auditing,Security,22279,0,"%%4417
				",0x2,,,,,,,0x2470,,,,,,,,,,,,,C:\Windows\WinSxS\FileMaps,Security,File,,,,0x166c,C:\Windows\System32\poqexec.exe,,S:AI,,SCAFFOLD,0x3e7,DC$,S-1-5-18,,,,,,,,,,,
2026-09-02T03:21:27.361120Z,4663,dc.scaffold.htb,Microsoft-Windows-Security-Auditing,Security,22280,0,"%%1538
				",0x20000,,,,,,,0x74,,,,,,,,,,,,,C:\Windows\WinSxS\FileMaps,Security,File,,,,0x166c,C:\Windows\System32\poqexec.exe,,S:AI,,SCAFFOLD,0x3e7,DC$,S-1-5-18,,,,,,,,,,,
2026-09-02T03:21:27.361322Z,4663,dc.scaffold.htb,Microsoft-Windows-Security-Auditing,Security,22281,0,"%%1538
				",0x20000,,,,,,,0x74,,,,,,,,,,,,,C:\Windows\WinSxS\FileMaps,Security,File,,,,0x166c,C:\Windows\System32\poqexec.exe,,S:AI,,SCAFFOLD,0x3e7,DC$,S-1-5-18,,,,,,,,,,,
2026-09-02T03:21:27.361629Z,4663,dc.scaffold.htb,Microsoft-Windows-Security-Auditing,Security,22282,0,"%%1537
				",0x10000,,,,,,,0x78,,,,,,,,,,,,,C:\Windows\WinSxS\FileMaps\$$_microsoft.net_assembly_gac_msil_system.runtime.remoting_v4.0_4.0.0.0_b77a5c561934e089_7bd45a1c7774a4dc.cdf-ms,Security,File,,,,0x166c,C:\Windows\System32\poqexec.exe,,S:AI,,SCAFFOLD,0x3e7,DC$,S-1-5-18,,,,,,,,,,,
2026-09-02T03:21:27.361633Z,4660,dc.scaffold.htb,Microsoft-Windows-Security-Auditing,Security,22283,0,,,,,,,,,0x78,,,,,,,,,,,,,,Security,,,,,0x166c,C:\Windows\System32\poqexec.exe,,,,SCAFFOLD,0x3e7,DC$,S-1-5-18,,,,,,,,,C62843AF-A67C-11F1-9935-005056B98D90,,
2026-09-02T03:21:27.361980Z,4663,dc.scaffold.htb,Microsoft-Windows-Security-Auditing,Security,22284,0,"%%4417
				",0x2,,,,,,,0x2470,,,,,,,,,,,,,C:\Windows\WinSxS\FileMaps,Security,File,,,,0x166c,C:\Windows\System32\poqexec.exe,,S:AI,,SCAFFOLD,0x3e7,DC$,S-1-5-18,,,,,,,,,,,
2026-09-02T03:21:27.362320Z,4663,dc.scaffold.htb,Microsoft-Windows-Security-Auditing,Security,22285,0,"%%1538
				",0x20000,,,,,,,0x74,,,,,,,,,,,,,C:\Windows\WinSxS\FileMaps,Security,File,,,,0x166c,C:\Windows\System32\poqexec.exe,,S:AI,,SCAFFOLD,0x3e7,DC$,S-1-5-18,,,,,,,,,,,
2026-09-02T03:21:27.362571Z,4663,dc.scaffold.htb,Microsoft-Windows-Security-Auditing,Security,22286,0,"%%1538
				",0x20000,,,,,,,0x74,,,,,,,,,,,,,C:\Windows\WinSxS\FileMaps,Security,File,,,,0x166c,C:\Windows\System32\poqexec.exe,,S:AI,,SCAFFOLD,0x3e7,DC$,S-1-5-18,,,,,,,,,,,
2026-09-02T03:21:27.362905Z,4663,dc.scaffold.htb,Microsoft-Windows-Security-Auditing,Security,22287,0,"%%1537
				",0x10000,,,,,,,0x78,,,,,,,,,,,,,C:\Windows\WinSxS\FileMaps\$$_microsoft.net_assembly_gac_msil_system.runtime.caching_v4.0_4.0.0.0_b03f5f7f11d50a3a_d3d490bba915725e.cdf-ms,Security,File,,,,0x166c,C:\Windows\System32\poqexec.exe,,S:AI,,SCAFFOLD,0x3e7,DC$,S-1-5-18,,,,,,,,,,,
2026-09-02T03:21:27.362908Z,4660,dc.scaffold.htb,Microsoft-Windows-Security-Auditing,Security,22288,0,,,,,,,,,0x78,,,,,,,,,,,,,,Security,,,,,0x166c,C:\Windows\System32\poqexec.exe,,,,SCAFFOLD,0x3e7,DC$,S-1-5-18,,,,,,,,,C62843AF-A67C-11F1-9935-005056B98D90,,
2026-09-02T03:21:27.363250Z,4663,dc.scaffold.htb,Microsoft-Windows-Security-Auditing,Security,22289,0,"%%4417
				",0x2,,,,,,,0x2470,,,,,,,,,,,,,C:\Windows\WinSxS\FileMaps,Security,File,,,,0x166c,C:\Windows\System32\poqexec.exe,,S:AI,,SCAFFOLD,0x3e7,DC$,S-1-5-18,,,,,,,,,,,
2026-09-02T03:21:27.363561Z,4663,dc.scaffold.htb,Microsoft-Windows-Security-Auditing,Security,22290,0,"%%1538
				",0x20000,,,,,,,0x74,,,,,,,,,,,,,C:\Windows\WinSxS\FileMaps,Security,File,,,,0x166c,C:\Windows\System32\poqexec.exe,,S:AI,,SCAFFOLD,0x3e7,DC$,S-1-5-18,,,,,,,,,,,
2026-09-02T03:21:27.363760Z,4663,dc.scaffold.htb,Microsoft-Windows-Security-Auditing,Security,22291,0,"%%1538
				",0x20000,,,,,,,0x74,,,,,,,,,,,,,C:\Windows\WinSxS\FileMaps,Security,File,,,,0x166c,C:\Windows\System32\poqexec.exe,,S:AI,,SCAFFOLD,0x3e7,DC$,S-1-5-18,,,,,,,,,,,
2026-09-02T03:21:27.364108Z,4663,dc.scaffold.htb,Microsoft-Windows-Security-Auditing,Security,22292,0,"%%1537
				",0x10000,,,,,,,0x78,,,,,,,,,,,,,C:\Windows\WinSxS\FileMaps\$$_microsoft.net_assembly_gac_msil_system.net.http.webrequest_v4.0_4.0.0.0_b03f5f7f11d50a3a_efaa255295e3a257.cdf-ms,Security,File,,,,0x166c,C:\Windows\System32\poqexec.exe,,S:AI,,SCAFFOLD,0x3e7,DC$,S-1-5-18,,,,,,,,,,,
2026-09-02T03:21:27.364112Z,4660,dc.scaffold.htb,Microsoft-Windows-Security-Auditing,Security,22293,0,,,,,,,,,0x78,,,,,,,,,,,,,,Security,,,,,0x166c,C:\Windows\System32\poqexec.exe,,,,SCAFFOLD,0x3e7,DC$,S-1-5-18,,,,,,,,,C62843AF-A67C-11F1-9935-005056B98D90,,
2026-09-02T03:21:27.364527Z,4663,dc.scaffold.htb,Microsoft-Windows-Security-Auditing,Security,22294,0,"%%4417
				",0x2,,,,,,,0x246c,,,,,,,,,,,,,C:\Windows\WinSxS\FileMaps,Security,File,,,,0x166c,C:\Windows\System32\poqexec.exe,,S:AI,,SCAFFOLD,0x3e7,DC$,S-1-5-18,,,,,,,,,,,
2026-09-02T03:21:27.364874Z,4663,dc.scaffold.htb,Microsoft-Windows-Security-Auditing,Security,22295,0,"%%1538
				",0x20000,,,,,,,0x70,,,,,,,,,,,,,C:\Windows\WinSxS\FileMaps,Security,File,,,,0x166c,C:\Windows\System32\poqexec.exe,,S:AI,,SCAFFOLD,0x3e7,DC$,S-1-5-18,,,,,,,,,,,
2026-09-02T03:21:27.365125Z,4663,dc.scaffold.htb,Microsoft-Windows-Security-Auditing,Security,22296,0,"%%1538
				",0x20000,,,,,,,0x70,,,,,,,,,,,,,C:\Windows\WinSxS\FileMaps,Security,File,,,,0x166c,C:\Windows\System32\poqexec.exe,,S:AI,,SCAFFOLD,0x3e7,DC$,S-1-5-18,,,,,,,,,,,
2026-09-02T03:21:27.365629Z,4663,dc.scaffold.htb,Microsoft-Windows-Security-Auditing,Security,22297,0,"%%1537
				",0x10000,,,,,,,0x74,,,,,,,,,,,,,C:\Windows\WinSxS\FileMaps\$$_microsoft.net_assembly_gac_msil_system.net.http_v4.0_4.0.0.0_b03f5f7f11d50a3a_c02456e4349fe25c.cdf-ms,Security,File,,,,0x166c,C:\Windows\System32\poqexec.exe,,S:AI,,SCAFFOLD,0x3e7,DC$,S-1-5-18,,,,,,,,,,,
2026-09-02T03:21:27.365634Z,4660,dc.scaffold.htb,Microsoft-Windows-Security-Auditing,Security,22298,0,,,,,,,,,0x74,,,,,,,,,,,,,,Security,,,,,0x166c,C:\Windows\System32\poqexec.exe,,,,SCAFFOLD,0x3e7,DC$,S-1-5-18,,,,,,,,,C62843AF-A67C-11F1-9935-005056B98D90,,
2026-09-02T03:21:27.365981Z,4663,dc.scaffold.htb,Microsoft-Windows-Security-Auditing,Security,22299,0,"%%4417
				",0x2,,,,,,,0x2470,,,,,,,,,,,,,C:\Windows\WinSxS\FileMaps,Security,File,,,,0x166c,C:\Windows\System32\poqexec.exe,,S:AI,,SCAFFOLD,0x3e7,DC$,S-1-5-18,,,,,,,,,,,
2026-09-02T03:21:27.366311Z,4663,dc.scaffold.htb,Microsoft-Windows-Security-Auditing,Security,22300,0,"%%1538
				",0x20000,,,,,,,0x7c,,,,,,,,,,,,,C:\Windows\WinSxS\FileMaps,Security,File,,,,0x166c,C:\Windows\System32\poqexec.exe,,S:AI,,SCAFFOLD,0x3e7,DC$,S-1-5-18,,,,,,,,,,,
2026-09-02T03:21:27.366579Z,4663,dc.scaffold.htb,Microsoft-Windows-Security-Auditing,Security,22301,0,"%%1538
				",0x20000,,,,,,,0x7c,,,,,,,,,,,,,C:\Windows\WinSxS\FileMaps,Security,File,,,,0x166c,C:\Windows\System32\poqexec.exe,,S:AI,,SCAFFOLD,0x3e7,DC$,S-1-5-18,,,,,,,,,,,
2026-09-02T03:21:27.366897Z,4663,dc.scaffold.htb,Microsoft-Windows-Security-Auditing,Security,22302,0,"%%1537
				",0x10000,,,,,,,0x74,,,,,,,,,,,,,C:\Windows\WinSxS\FileMaps\$$_microsoft.net_assembly_gac_msil_system.net_v4.0_4.0.0.0_b03f5f7f11d50a3a_3167549e3b04aa4e.cdf-ms,Security,File,,,,0x166c,C:\Windows\System32\poqexec.exe,,S:AI,,SCAFFOLD,0x3e7,DC$,S-1-5-18,,,,,,,,,,,
2026-09-02T03:21:27.366901Z,4660,dc.scaffold.htb,Microsoft-Windows-Security-Auditing,Security,22303,0,,,,,,,,,0x74,,,,,,,,,,,,,,Security,,,,,0x166c,C:\Windows\System32\poqexec.exe,,,,SCAFFOLD,0x3e7,DC$,S-1-5-18,,,,,,,,,C62843AF-A67C-11F1-9935-005056B98D90,,
2026-09-02T03:21:27.367294Z,4663,dc.scaffold.htb,Microsoft-Windows-Security-Auditing,Security,22304,0,"%%4417
				",0x2,,,,,,,0x246c,,,,,,,,,,,,,C:\Windows\WinSxS\FileMaps,Security,File,,,,0x166c,C:\Windows\System32\poqexec.exe,,S:AI,,SCAFFOLD,0x3e7,DC$,S-1-5-18,,,,,,,,,,,
2026-09-02T03:21:27.367626Z,4663,dc.scaffold.htb,Microsoft-Windows-Security-Auditing,Security,22305,0,"%%1538
				",0x20000,,,,,,,0x7c,,,,,,,,,,,,,C:\Windows\WinSxS\FileMaps,Security,File,,,,0x166c,C:\Windows\System32\poqexec.exe,,S:AI,,SCAFFOLD,0x3e7,DC$,S-1-5-18,,,,,,,,,,,
2026-09-02T03:21:27.367836Z,4663,dc.scaffold.htb,Microsoft-Windows-Security-Auditing,Security,22306,0,"%%1538
				",0x20000,,,,,,,0x7c,,,,,,,,,,,,,C:\Windows\WinSxS\FileMaps,Security,File,,,,0x166c,C:\Windows\System32\poqexec.exe,,S:AI,,SCAFFOLD,0x3e7,DC$,S-1-5-18,,,,,,,,,,,
2026-09-02T03:21:27.368144Z,4663,dc.scaffold.htb,Microsoft-Windows-Security-Auditing,Security,22307,0,"%%1537
				",0x10000,,,,,,,0x74,,,,,,,,,,,,,C:\Windows\WinSxS\FileMaps\$$_microsoft.net_assembly_gac_msil_system.io.compression_v4.0_4.0.0.0_b77a5c561934e089_c4b4345afacfcf69.cdf-ms,Security,File,,,,0x166c,C:\Windows\System32\poqexec.exe,,S:AI,,SCAFFOLD,0x3e7,DC$,S-1-5-18,,,,,,,,,,,
2026-09-02T03:21:27.368147Z,4660,dc.scaffold.htb,Microsoft-Windows-Security-Auditing,Security,22308,0,,,,,,,,,0x74,,,,,,,,,,,,,,Security,,,,,0x166c,C:\Windows\System32\poqexec.exe,,,,SCAFFOLD,0x3e7,DC$,S-1-5-18,,,,,,,,,C62843AF-A67C-11F1-9935-005056B98D90,,
2026-09-02T03:21:27.368500Z,4663,dc.scaffold.htb,Microsoft-Windows-Security-Auditing,Security,22309,0,"%%4417
				",0x2,,,,,,,0x246c,,,,,,,,,,,,,C:\Windows\WinSxS\FileMaps,Security,File,,,,0x166c,C:\Windows\System32\poqexec.exe,,S:AI,,SCAFFOLD,0x3e7,DC$,S-1-5-18,,,,,,,,,,,
2026-09-02T03:21:27.368879Z,4663,dc.scaffold.htb,Microsoft-Windows-Security-Auditing,Security,22310,0,"%%1538
				",0x20000,,,,,,,0x7c,,,,,,,,,,,,,C:\Windows\WinSxS\FileMaps,Security,File,,,,0x166c,C:\Windows\System32\poqexec.exe,,S:AI,,SCAFFOLD,0x3e7,DC$,S-1-5-18,,,,,,,,,,,
2026-09-02T03:21:27.369099Z,4663,dc.scaffold.htb,Microsoft-Windows-Security-Auditing,Security,22311,0,"%%1538
				",0x20000,,,,,,,0x7c,,,,,,,,,,,,,C:\Windows\WinSxS\FileMaps,Security,File,,,,0x166c,C:\Windows\System32\poqexec.exe,,S:AI,,SCAFFOLD,0x3e7,DC$,S-1-5-18,,,,,,,,,,,
2026-09-02T03:21:27.369416Z,4663,dc.scaffold.htb,Microsoft-Windows-Security-Auditing,Security,22312,0,"%%1537
				",0x10000,,,,,,,0x74,,,,,,,,,,,,,C:\Windows\WinSxS\FileMaps\$$_microsoft.net_assembly_gac_msil_system.identitymodel.services_v4.0_4.0.0.0_b77a5c561934e089_9152e5e9cf585ca0.cdf-ms,Security,File,,,,0x166c,C:\Windows\System32\poqexec.exe,,S:AI,,SCAFFOLD,0x3e7,DC$,S-1-5-18,,,,,,,,,,,
2026-09-02T03:21:27.369419Z,4660,dc.scaffold.htb,Microsoft-Windows-Security-Auditing,Security,22313,0,,,,,,,,,0x74,,,,,,,,,,,,,,Security,,,,,0x166c,C:\Windows\System32\poqexec.exe,,,,SCAFFOLD,0x3e7,DC$,S-1-5-18,,,,,,,,,C62843AF-A67C-11F1-9935-005056B98D90,,
2026-09-02T03:21:27.369834Z,4663,dc.scaffold.htb,Microsoft-Windows-Security-Auditing,Security,22314,0,"%%4417
				",0x2,,,,,,,0x2470,,,,,,,,,,,,,C:\Windows\WinSxS\FileMaps,Security,File,,,,0x166c,C:\Windows\System32\poqexec.exe,,S:AI,,SCAFFOLD,0x3e7,DC$,S-1-5-18,,,,,,,,,,,
2026-09-02T03:21:27.370192Z,4663,dc.scaffold.htb,Microsoft-Windows-Security-Auditing,Security,22315,0,"%%1538
				",0x20000,,,,,,,0x7c,,,,,,,,,,,,,C:\Windows\WinSxS\FileMaps,Security,File,,,,0x166c,C:\Windows\System32\poqexec.exe,,S:AI,,SCAFFOLD,0x3e7,DC$,S-1-5-18,,,,,,,,,,,
2026-09-02T03:21:27.370451Z,4663,dc.scaffold.htb,Microsoft-Windows-Security-Auditing,Security,22316,0,"%%1538
				",0x20000,,,,,,,0x7c,,,,,,,,,,,,,C:\Windows\WinSxS\FileMaps,Security,File,,,,0x166c,C:\Windows\System32\poqexec.exe,,S:AI,,SCAFFOLD,0x3e7,DC$,S-1-5-18,,,,,,,,,,,
2026-09-02T03:21:27.370761Z,4663,dc.scaffold.htb,Microsoft-Windows-Security-Auditing,Security,22317,0,"%%1537
				",0x10000,,,,,,,0x84,,,,,,,,,,,,,C:\Windows\WinSxS\FileMaps\$$_microsoft.net_assembly_gac_msil_system.identitymodel_v4.0_4.0.0.0_b77a5c561934e089_b5d483bcf27e78c2.cdf-ms,Security,File,,,,0x166c,C:\Windows\System32\poqexec.exe,,S:AI,,SCAFFOLD,0x3e7,DC$,S-1-5-18,,,,,,,,,,,
2026-09-02T03:21:27.370764Z,4660,dc.scaffold.htb,Microsoft-Windows-Security-Auditing,Security,22318,0,,,,,,,,,0x84,,,,,,,,,,,,,,Security,,,,,0x166c,C:\Windows\System32\poqexec.exe,,,,SCAFFOLD,0x3e7,DC$,S-1-5-18,,,,,,,,,C62843AF-A67C-11F1-9935-005056B98D90,,
2026-09-02T03:21:27.371116Z,4663,dc.scaffold.htb,Microsoft-Windows-Security-Auditing,Security,22319,0,"%%4417
				",0x2,,,,,,,0x2470,,,,,,,,,,,,,C:\Windows\WinSxS\FileMaps,Security,File,,,,0x166c,C:\Windows\System32\poqexec.exe,,S:AI,,SCAFFOLD,0x3e7,DC$,S-1-5-18,,,,,,,,,,,
2026-09-02T03:21:27.371431Z,4663,dc.scaffold.htb,Microsoft-Windows-Security-Auditing,Security,22320,0,"%%1538
				",0x20000,,,,,,,0x7c,,,,,,,,,,,,,C:\Windows\WinSxS\FileMaps,Security,File,,,,0x166c,C:\Windows\System32\poqexec.exe,,S:AI,,SCAFFOLD,0x3e7,DC$,S-1-5-18,,,,,,,,,,,
2026-09-02T03:21:27.371645Z,4663,dc.scaffold.htb,Microsoft-Windows-Security-Auditing,Security,22321,0,"%%1538
				",0x20000,,,,,,,0x7c,,,,,,,,,,,,,C:\Windows\WinSxS\FileMaps,Security,File,,,,0x166c,C:\Windows\System32\poqexec.exe,,S:AI,,SCAFFOLD,0x3e7,DC$,S-1-5-18,,,,,,,,,,,
2026-09-02T03:21:27.371958Z,4663,dc.scaffold.htb,Microsoft-Windows-Security-Auditing,Security,22322,0,"%%1537
				",0x10000,,,,,,,0x84,,,,,,,,,,,,,C:\Windows\WinSxS\FileMaps\$$_microsoft.net_assembly_gac_msil_system.directoryservices.accountmanagement_v4.0_4.0.0.0_b77a5c561_16c16f8d1da3da7a.cdf-ms,Security,File,,,,0x166c,C:\Windows\System32\poqexec.exe,,S:AI,,SCAFFOLD,0x3e7,DC$,S-1-5-18,,,,,,,,,,,
2026-09-02T03:21:27.371962Z,4660,dc.scaffold.htb,Microsoft-Windows-Security-Auditing,Security,22323,0,,,,,,,,,0x84,,,,,,,,,,,,,,Security,,,,,0x166c,C:\Windows\System32\poqexec.exe,,,,SCAFFOLD,0x3e7,DC$,S-1-5-18,,,,,,,,,C62843AF-A67C-11F1-9935-005056B98D90,,
2026-09-02T03:21:27.372328Z,4663,dc.scaffold.htb,Microsoft-Windows-Security-Auditing,Security,22324,0,"%%4417
				",0x2,,,,,,,0x2470,,,,,,,,,,,,,C:\Windows\WinSxS\FileMaps,Security,File,,,,0x166c,C:\Windows\System32\poqexec.exe,,S:AI,,SCAFFOLD,0x3e7,DC$,S-1-5-18,,,,,,,,,,,
2026-09-02T03:21:27.372653Z,4663,dc.scaffold.htb,Microsoft-Windows-Security-Auditing,Security,22325,0,"%%1538
				",0x20000,,,,,,,0x7c,,,,,,,,,,,,,C:\Windows\WinSxS\FileMaps,Security,File,,,,0x166c,C:\Windows\System32\poqexec.exe,,S:AI,,SCAFFOLD,0x3e7,DC$,S-1-5-18,,,,,,,,,,,
2026-09-02T03:21:27.372862Z,4663,dc.scaffold.htb,Microsoft-Windows-Security-Auditing,Security,22326,0,"%%1538
				",0x20000,,,,,,,0x7c,,,,,,,,,,,,,C:\Windows\WinSxS\FileMaps,Security,File,,,,0x166c,C:\Windows\System32\poqexec.exe,,S:AI,,SCAFFOLD,0x3e7,DC$,S-1-5-18,,,,,,,,,,,
2026-09-02T03:21:27.373192Z,4663,dc.scaffold.htb,Microsoft-Windows-Security-Auditing,Security,22327,0,"%%1537
				",0x10000,,,,,,,0x84,,,,,,,,,,,,,C:\Windows\WinSxS\FileMaps\$$_microsoft.net_assembly_gac_msil_system.directoryservices_v4.0_4.0.0.0_b03f5f7f11d50a3a_8d57c15241d35cfa.cdf-ms,Security,File,,,,0x166c,C:\Windows\System32\poqexec.exe,,S:AI,,SCAFFOLD,0x3e7,DC$,S-1-5-18,,,,,,,,,,,
2026-09-02T03:21:27.373196Z,4660,dc.scaffold.htb,Microsoft-Windows-Security-Auditing,Security,22328,0,,,,,,,,,0x84,,,,,,,,,,,,,,Security,,,,,0x166c,C:\Windows\System32\poqexec.exe,,,,SCAFFOLD,0x3e7,DC$,S-1-5-18,,,,,,,,,C62843AF-A67C-11F1-9935-005056B98D90,,
2026-09-02T03:21:27.373545Z,4663,dc.scaffold.htb,Microsoft-Windows-Security-Auditing,Security,22329,0,"%%4417
				",0x2,,,,,,,0x2470,,,,,,,,,,,,,C:\Windows\WinSxS\FileMaps,Security,File,,,,0x166c,C:\Windows\System32\poqexec.exe,,S:AI,,SCAFFOLD,0x3e7,DC$,S-1-5-18,,,,,,,,,,,
2026-09-02T03:21:27.373862Z,4663,dc.scaffold.htb,Microsoft-Windows-Security-Auditing,Security,22330,0,"%%1538
				",0x20000,,,,,,,0x7c,,,,,,,,,,,,,C:\Windows\WinSxS\FileMaps,Security,File,,,,0x166c,C:\Windows\System32\poqexec.exe,,S:AI,,SCAFFOLD,0x3e7,DC$,S-1-5-18,,,,,,,,,,,
2026-09-02T03:21:27.374070Z,4663,dc.scaffold.htb,Microsoft-Windows-Security-Auditing,Security,22331,0,"%%1538
				",0x20000,,,,,,,0x7c,,,,,,,,,,,,,C:\Windows\WinSxS\FileMaps,Security,File,,,,0x166c,C:\Windows\System32\poqexec.exe,,S:AI,,SCAFFOLD,0x3e7,DC$,S-1-5-18,,,,,,,,,,,
2026-09-02T03:21:27.374420Z,4663,dc.scaffold.htb,Microsoft-Windows-Security-Auditing,Security,22332,0,"%%1537
				",0x10000,,,,,,,0x84,,,,,,,,,,,,,C:\Windows\WinSxS\FileMaps\$$_microsoft.net_assembly_gac_msil_system.deployment_v4.0_4.0.0.0_b03f5f7f11d50a3a_e63bb68aefb0cd4a.cdf-ms,Security,File,,,,0x166c,C:\Windows\System32\poqexec.exe,,S:AI,,SCAFFOLD,0x3e7,DC$,S-1-5-18,,,,,,,,,,,
2026-09-02T03:21:27.374440Z,4660,dc.scaffold.htb,Microsoft-Windows-Security-Auditing,Security,22333,0,,,,,,,,,0x84,,,,,,,,,,,,,,Security,,,,,0x166c,C:\Windows\System32\poqexec.exe,,,,SCAFFOLD,0x3e7,DC$,S-1-5-18,,,,,,,,,C62843AF-A67C-11F1-9935-005056B98D90,,
2026-09-02T03:21:27.375043Z,4663,dc.scaffold.htb,Microsoft-Windows-Security-Auditing,Security,22334,0,"%%4417
				",0x2,,,,,,,0x246c,,,,,,,,,,,,,C:\Windows\WinSxS\FileMaps,Security,File,,,,0x166c,C:\Windows\System32\poqexec.exe,,S:AI,,SCAFFOLD,0x3e7,DC$,S-1-5-18,,,,,,,,,,,
2026-09-02T03:21:27.375382Z,4663,dc.scaffold.htb,Microsoft-Windows-Security-Auditing,Security,22335,0,"%%1538
				",0x20000,,,,,,,0x80,,,,,,,,,,,,,C:\Windows\WinSxS\FileMaps,Security,File,,,,0x166c,C:\Windows\System32\poqexec.exe,,S:AI,,SCAFFOLD,0x3e7,DC$,S-1-5-18,,,,,,,,,,,
2026-09-02T03:21:27.375677Z,4663,dc.scaffold.htb,Microsoft-Windows-Security-Auditing,Security,22336,0,"%%1538
				",0x20000,,,,,,,0x84,,,,,,,,,,,,,C:\Windows\WinSxS\FileMaps,Security,File,,,,0x166c,C:\Windows\System32\poqexec.exe,,S:AI,,SCAFFOLD,0x3e7,DC$,S-1-5-18,,,,,,,,,,,
2026-09-02T03:21:27.376036Z,4663,dc.scaffold.htb,Microsoft-Windows-Security-Auditing,Security,22337,0,"%%1537
				",0x10000,,,,,,,0x74,,,,,,,,,,,,,C:\Windows\WinSxS\FileMaps\$$_microsoft.net_assembly_gac_msil_system.data.sqlxml_v4.0_4.0.0.0_b77a5c561934e089_748d37f4caf63460.cdf-ms,Security,File,,,,0x166c,C:\Windows\System32\poqexec.exe,,S:AI,,SCAFFOLD,0x3e7,DC$,S-1-5-18,,,,,,,,,,,
2026-09-02T03:21:27.376040Z,4660,dc.scaffold.htb,Microsoft-Windows-Security-Auditing,Security,22338,0,,,,,,,,,0x74,,,,,,,,,,,,,,Security,,,,,0x166c,C:\Windows\System32\poqexec.exe,,,,SCAFFOLD,0x3e7,DC$,S-1-5-18,,,,,,,,,C62843AF-A67C-11F1-9935-005056B98D90,,
2026-09-02T03:21:27.376425Z,4663,dc.scaffold.htb,Microsoft-Windows-Security-Auditing,Security,22339,0,"%%4417
				",0x2,,,,,,,0x2470,,,,,,,,,,,,,C:\Windows\WinSxS\FileMaps,Security,File,,,,0x166c,C:\Windows\System32\poqexec.exe,,S:AI,,SCAFFOLD,0x3e7,DC$,S-1-5-18,,,,,,,,,,,
2026-09-02T03:21:27.376769Z,4663,dc.scaffold.htb,Microsoft-Windows-Security-Auditing,Security,22340,0,"%%1538
				",0x20000,,,,,,,0x84,,,,,,,,,,,,,C:\Windows\WinSxS\FileMaps,Security,File,,,,0x166c,C:\Windows\System32\poqexec.exe,,S:AI,,SCAFFOLD,0x3e7,DC$,S-1-5-18,,,,,,,,,,,
2026-09-02T03:21:27.376980Z,4663,dc.scaffold.htb,Microsoft-Windows-Security-Auditing,Security,22341,0,"%%1538
				",0x20000,,,,,,,0x84,,,,,,,,,,,,,C:\Windows\WinSxS\FileMaps,Security,File,,,,0x166c,C:\Windows\System32\poqexec.exe,,S:AI,,SCAFFOLD,0x3e7,DC$,S-1-5-18,,,,,,,,,,,
2026-09-02T03:21:27.377292Z,4663,dc.scaffold.htb,Microsoft-Windows-Security-Auditing,Security,22342,0,"%%1537
				",0x10000,,,,,,,0x74,,,,,,,,,,,,,C:\Windows\WinSxS\FileMaps\$$_microsoft.net_assembly_gac_msil_system.core_v4.0_4.0.0.0_b77a5c561934e089_18d3047bb5729e36.cdf-ms,Security,File,,,,0x166c,C:\Windows\System32\poqexec.exe,,S:AI,,SCAFFOLD,0x3e7,DC$,S-1-5-18,,,,,,,,,,,
2026-09-02T03:21:27.377296Z,4660,dc.scaffold.htb,Microsoft-Windows-Security-Auditing,Security,22343,0,,,,,,,,,0x74,,,,,,,,,,,,,,Security,,,,,0x166c,C:\Windows\System32\poqexec.exe,,,,SCAFFOLD,0x3e7,DC$,S-1-5-18,,,,,,,,,C62843AF-A67C-11F1-9935-005056B98D90,,
