2026-09-02T03:21:22.229618Z,4660,dc.scaffold.htb,Microsoft-Windows-Security-Auditing,Security,22025,0,,,,,,,,,0x1384,,,,,,,,,,,,,,Security,,,,,0x870,C:\Windows\WinSxS\amd64_microsoft-windows-servicingstack_31bf3856ad364e35_10.0.20348.557_none_f1edaeb8515fa10d\TiWorker.exe,,,,SCAFFOLD,0x3e7,DC$,S-1-5-18,,,,,,,,,C6284384-A67C-11F1-9935-005056B98D90,,
2026-09-02T03:21:22.230974Z,4663,dc.scaffold.htb,Microsoft-Windows-Security-Auditing,Security,22026,0,"%%1537
				",0x10000,,,,,,,0x1394,,,,,,,,,,,,,C:\Windows\Microsoft.NET\Framework\v4.0.30319\System.Windows.Forms.dll,Security,File,,,,0x870,C:\Windows\WinSxS\amd64_microsoft-windows-servicingstack_31bf3856ad364e35_10.0.20348.557_none_f1edaeb8515fa10d\TiWorker.exe,,S:AI,,SCAFFOLD,0x3e7,DC$,S-1-5-18,,,,,,,,,,,
2026-09-02T03:21:22.230979Z,4660,dc.scaffold.htb,Microsoft-Windows-Security-Auditing,Security,22027,0,,,,,,,,,0x1394,,,,,,,,,,,,,,Security,,,,,0x870,C:\Windows\WinSxS\amd64_microsoft-windows-servicingstack_31bf3856ad364e35_10.0.20348.557_none_f1edaeb8515fa10d\TiWorker.exe,,,,SCAFFOLD,0x3e7,DC$,S-1-5-18,,,,,,,,,C6284384-A67C-11F1-9935-005056B98D90,,
2026-09-02T03:21:22.231639Z,4663,dc.scaffold.htb,Microsoft-Windows-Security-Auditing,Security,22028,0,"%%1537
				",0x10000,,,,,,,0x1390,,,,,,,,,,,,,C:\Windows\Microsoft.NET\Framework\v4.0.30319\System.Xaml.dll,Security,File,,,,0x870,C:\Windows\WinSxS\amd64_microsoft-windows-servicingstack_31bf3856ad364e35_10.0.20348.557_none_f1edaeb8515fa10d\TiWorker.exe,,S:AI,,SCAFFOLD,0x3e7,DC$,S-1-5-18,,,,,,,,,,,
2026-09-02T03:21:22.231660Z,4660,dc.scaffold.htb,Microsoft-Windows-Security-Auditing,Security,22029,0,,,,,,,,,0x1390,,,,,,,,,,,,,,Security,,,,,0x870,C:\Windows\WinSxS\amd64_microsoft-windows-servicingstack_31bf3856ad364e35_10.0.20348.557_none_f1edaeb8515fa10d\TiWorker.exe,,,,SCAFFOLD,0x3e7,DC$,S-1-5-18,,,,,,,,,C6284384-A67C-11F1-9935-005056B98D90,,
2026-09-02T03:21:22.232325Z,4663,dc.scaffold.htb,Microsoft-Windows-Security-Auditing,Security,22030,0,"%%1537
				",0x10000,,,,,,,0x1384,,,,,,,,,,,,,C:\Windows\Microsoft.NET\Framework\v4.0.30319\System.XML.dll,Security,File,,,,0x870,C:\Windows\WinSxS\amd64_microsoft-windows-servicingstack_31bf3856ad364e35_10.0.20348.557_none_f1edaeb8515fa10d\TiWorker.exe,,S:AI,,SCAFFOLD,0x3e7,DC$,S-1-5-18,,,,,,,,,,,
2026-09-02T03:21:22.232345Z,4660,dc.scaffold.htb,Microsoft-Windows-Security-Auditing,Security,22031,0,,,,,,,,,0x1384,,,,,,,,,,,,,,Security,,,,,0x870,C:\Windows\WinSxS\amd64_microsoft-windows-servicingstack_31bf3856ad364e35_10.0.20348.557_none_f1edaeb8515fa10d\TiWorker.exe,,,,SCAFFOLD,0x3e7,DC$,S-1-5-18,,,,,,,,,C6284384-A67C-11F1-9935-005056B98D90,,
2026-09-02T03:21:22.233520Z,4663,dc.scaffold.htb,Microsoft-Windows-Security-Auditing,Security,22032,0,"%%1537
				",0x10000,,,,,,,0x1394,,,,,,,,,,,,,C:\Windows\Microsoft.NET\Framework\v4.0.30319\vbc.exe,Security,File,,,,0x870,C:\Windows\WinSxS\amd64_microsoft-windows-servicingstack_31bf3856ad364e35_10.0.20348.557_none_f1edaeb8515fa10d\TiWorker.exe,,S:AI,,SCAFFOLD,0x3e7,DC$,S-1-5-18,,,,,,,,,,,
2026-09-02T03:21:22.233900Z,4660,dc.scaffold.htb,Microsoft-Windows-Security-Auditing,Security,22033,0,,,,,,,,,0x1394,,,,,,,,,,,,,,Security,,,,,0x870,C:\Windows\WinSxS\amd64_microsoft-windows-servicingstack_31bf3856ad364e35_10.0.20348.557_none_f1edaeb8515fa10d\TiWorker.exe,,,,SCAFFOLD,0x3e7,DC$,S-1-5-18,,,,,,,,,C6284384-A67C-11F1-9935-005056B98D90,,
2026-09-02T03:21:22.235015Z,4663,dc.scaffold.htb,Microsoft-Windows-Security-Auditing,Security,22034,0,"%%1537
				",0x10000,,,,,,,0x1390,,,,,,,,,,,,,C:\Windows\Microsoft.NET\Framework\v4.0.30319\webengine.dll,Security,File,,,,0x870,C:\Windows\WinSxS\amd64_microsoft-windows-servicingstack_31bf3856ad364e35_10.0.20348.557_none_f1edaeb8515fa10d\TiWorker.exe,,S:AI,,SCAFFOLD,0x3e7,DC$,S-1-5-18,,,,,,,,,,,
2026-09-02T03:21:22.235226Z,4660,dc.scaffold.htb,Microsoft-Windows-Security-Auditing,Security,22035,0,,,,,,,,,0x1390,,,,,,,,,,,,,,Security,,,,,0x870,C:\Windows\WinSxS\amd64_microsoft-windows-servicingstack_31bf3856ad364e35_10.0.20348.557_none_f1edaeb8515fa10d\TiWorker.exe,,,,SCAFFOLD,0x3e7,DC$,S-1-5-18,,,,,,,,,C6284384-A67C-11F1-9935-005056B98D90,,
2026-09-02T03:21:22.236267Z,4663,dc.scaffold.htb,Microsoft-Windows-Security-Auditing,Security,22036,0,"%%1537
				",0x10000,,,,,,,0x1384,,,,,,,,,,,,,C:\Windows\Microsoft.NET\Framework\v4.0.30319\webengine4.dll,Security,File,,,,0x870,C:\Windows\WinSxS\amd64_microsoft-windows-servicingstack_31bf3856ad364e35_10.0.20348.557_none_f1edaeb8515fa10d\TiWorker.exe,,S:AI,,SCAFFOLD,0x3e7,DC$,S-1-5-18,,,,,,,,,,,
2026-09-02T03:21:22.236491Z,4660,dc.scaffold.htb,Microsoft-Windows-Security-Auditing,Security,22037,0,,,,,,,,,0x1384,,,,,,,,,,,,,,Security,,,,,0x870,C:\Windows\WinSxS\amd64_microsoft-windows-servicingstack_31bf3856ad364e35_10.0.20348.557_none_f1edaeb8515fa10d\TiWorker.exe,,,,SCAFFOLD,0x3e7,DC$,S-1-5-18,,,,,,,,,C6284384-A67C-11F1-9935-005056B98D90,,
2026-09-02T03:21:22.237903Z,4663,dc.scaffold.htb,Microsoft-Windows-Security-Auditing,Security,22038,0,"%%1537
				",0x10000,,,,,,,0x1394,,,,,,,,,,,,,C:\Windows\Microsoft.NET\Framework\v4.0.30319\NativeImages\mscorlib.ni.dll,Security,File,,,,0x870,C:\Windows\WinSxS\amd64_microsoft-windows-servicingstack_31bf3856ad364e35_10.0.20348.557_none_f1edaeb8515fa10d\TiWorker.exe,,S:AI,,SCAFFOLD,0x3e7,DC$,S-1-5-18,,,,,,,,,,,
2026-09-02T03:21:22.238188Z,4660,dc.scaffold.htb,Microsoft-Windows-Security-Auditing,Security,22039,0,,,,,,,,,0x1394,,,,,,,,,,,,,,Security,,,,,0x870,C:\Windows\WinSxS\amd64_microsoft-windows-servicingstack_31bf3856ad364e35_10.0.20348.557_none_f1edaeb8515fa10d\TiWorker.exe,,,,SCAFFOLD,0x3e7,DC$,S-1-5-18,,,,,,,,,C6284384-A67C-11F1-9935-005056B98D90,,
2026-09-02T03:21:22.238991Z,4663,dc.scaffold.htb,Microsoft-Windows-Security-Auditing,Security,22040,0,"%%1537
				",0x10000,,,,,,,0x1390,,,,,,,,,,,,,C:\Windows\Microsoft.NET\Framework\v4.0.30319\WPF\GlobalUserInterface.CompositeFont,Security,File,,,,0x870,C:\Windows\WinSxS\amd64_microsoft-windows-servicingstack_31bf3856ad364e35_10.0.20348.557_none_f1edaeb8515fa10d\TiWorker.exe,,S:AI,,SCAFFOLD,0x3e7,DC$,S-1-5-18,,,,,,,,,,,
2026-09-02T03:21:22.239475Z,4660,dc.scaffold.htb,Microsoft-Windows-Security-Auditing,Security,22041,0,,,,,,,,,0x1390,,,,,,,,,,,,,,Security,,,,,0x870,C:\Windows\WinSxS\amd64_microsoft-windows-servicingstack_31bf3856ad364e35_10.0.20348.557_none_f1edaeb8515fa10d\TiWorker.exe,,,,SCAFFOLD,0x3e7,DC$,S-1-5-18,,,,,,,,,C6284384-A67C-11F1-9935-005056B98D90,,
2026-09-02T03:21:22.240925Z,4663,dc.scaffold.htb,Microsoft-Windows-Security-Auditing,Security,22042,0,"%%1537
				",0x10000,,,,,,,0x1384,,,,,,,,,,,,,C:\Windows\Microsoft.NET\Framework\v4.0.30319\WPF\PenIMC.dll,Security,File,,,,0x870,C:\Windows\WinSxS\amd64_microsoft-windows-servicingstack_31bf3856ad364e35_10.0.20348.557_none_f1edaeb8515fa10d\TiWorker.exe,,S:AI,,SCAFFOLD,0x3e7,DC$,S-1-5-18,,,,,,,,,,,
2026-09-02T03:21:22.241590Z,4660,dc.scaffold.htb,Microsoft-Windows-Security-Auditing,Security,22043,0,,,,,,,,,0x1384,,,,,,,,,,,,,,Security,,,,,0x870,C:\Windows\WinSxS\amd64_microsoft-windows-servicingstack_31bf3856ad364e35_10.0.20348.557_none_f1edaeb8515fa10d\TiWorker.exe,,,,SCAFFOLD,0x3e7,DC$,S-1-5-18,,,,,,,,,C6284384-A67C-11F1-9935-005056B98D90,,
2026-09-02T03:21:22.242689Z,4663,dc.scaffold.htb,Microsoft-Windows-Security-Auditing,Security,22044,0,"%%1537
				",0x10000,,,,,,,0x1394,,,,,,,,,,,,,C:\Windows\Microsoft.NET\Framework\v4.0.30319\WPF\PenIMC2_v0400.dll,Security,File,,,,0x870,C:\Windows\WinSxS\amd64_microsoft-windows-servicingstack_31bf3856ad364e35_10.0.20348.557_none_f1edaeb8515fa10d\TiWorker.exe,,S:AI,,SCAFFOLD,0x3e7,DC$,S-1-5-18,,,,,,,,,,,
2026-09-02T03:21:22.242709Z,4660,dc.scaffold.htb,Microsoft-Windows-Security-Auditing,Security,22045,0,,,,,,,,,0x1394,,,,,,,,,,,,,,Security,,,,,0x870,C:\Windows\WinSxS\amd64_microsoft-windows-servicingstack_31bf3856ad364e35_10.0.20348.557_none_f1edaeb8515fa10d\TiWorker.exe,,,,SCAFFOLD,0x3e7,DC$,S-1-5-18,,,,,,,,,C6284384-A67C-11F1-9935-005056B98D90,,
2026-09-02T03:21:22.243438Z,4663,dc.scaffold.htb,Microsoft-Windows-Security-Auditing,Security,22046,0,"%%1537
				",0x10000,,,,,,,0x1390,,,,,,,,,,,,,C:\Windows\Microsoft.NET\Framework\v4.0.30319\WPF\PenIMC_v0400.dll,Security,File,,,,0x870,C:\Windows\WinSxS\amd64_microsoft-windows-servicingstack_31bf3856ad364e35_10.0.20348.557_none_f1edaeb8515fa10d\TiWorker.exe,,S:AI,,SCAFFOLD,0x3e7,DC$,S-1-5-18,,,,,,,,,,,
2026-09-02T03:21:22.243487Z,4660,dc.scaffold.htb,Microsoft-Windows-Security-Auditing,Security,22047,0,,,,,,,,,0x1390,,,,,,,,,,,,,,Security,,,,,0x870,C:\Windows\WinSxS\amd64_microsoft-windows-servicingstack_31bf3856ad364e35_10.0.20348.557_none_f1edaeb8515fa10d\TiWorker.exe,,,,SCAFFOLD,0x3e7,DC$,S-1-5-18,,,,,,,,,C6284384-A67C-11F1-9935-005056B98D90,,
2026-09-02T03:21:22.244181Z,4663,dc.scaffold.htb,Microsoft-Windows-Security-Auditing,Security,22048,0,"%%1537
				",0x10000,,,,,,,0x1384,,,,,,,,,,,,,C:\Windows\Microsoft.NET\Framework\v4.0.30319\WPF\PresentationCore.dll,Security,File,,,,0x870,C:\Windows\WinSxS\amd64_microsoft-windows-servicingstack_31bf3856ad364e35_10.0.20348.557_none_f1edaeb8515fa10d\TiWorker.exe,,S:AI,,SCAFFOLD,0x3e7,DC$,S-1-5-18,,,,,,,,,,,
2026-09-02T03:21:22.244243Z,4660,dc.scaffold.htb,Microsoft-Windows-Security-Auditing,Security,22049,0,,,,,,,,,0x1384,,,,,,,,,,,,,,Security,,,,,0x870,C:\Windows\WinSxS\amd64_microsoft-windows-servicingstack_31bf3856ad364e35_10.0.20348.557_none_f1edaeb8515fa10d\TiWorker.exe,,,,SCAFFOLD,0x3e7,DC$,S-1-5-18,,,,,,,,,C6284384-A67C-11F1-9935-005056B98D90,,
2026-09-02T03:21:22.244911Z,4663,dc.scaffold.htb,Microsoft-Windows-Security-Auditing,Security,22050,0,"%%1537
				",0x10000,,,,,,,0x1394,,,,,,,,,,,,,C:\Windows\Microsoft.NET\Framework\v4.0.30319\WPF\PresentationFramework-SystemData.dll,Security,File,,,,0x870,C:\Windows\WinSxS\amd64_microsoft-windows-servicingstack_31bf3856ad364e35_10.0.20348.557_none_f1edaeb8515fa10d\TiWorker.exe,,S:AI,,SCAFFOLD,0x3e7,DC$,S-1-5-18,,,,,,,,,,,
2026-09-02T03:21:22.244932Z,4660,dc.scaffold.htb,Microsoft-Windows-Security-Auditing,Security,22051,0,,,,,,,,,0x1394,,,,,,,,,,,,,,Security,,,,,0x870,C:\Windows\WinSxS\amd64_microsoft-windows-servicingstack_31bf3856ad364e35_10.0.20348.557_none_f1edaeb8515fa10d\TiWorker.exe,,,,SCAFFOLD,0x3e7,DC$,S-1-5-18,,,,,,,,,C6284384-A67C-11F1-9935-005056B98D90,,
2026-09-02T03:21:22.245879Z,4663,dc.scaffold.htb,Microsoft-Windows-Security-Auditing,Security,22052,0,"%%1537
				",0x10000,,,,,,,0x1390,,,,,,,,,,,,,C:\Windows\Microsoft.NET\Framework\v4.0.30319\WPF\PresentationFramework.dll,Security,File,,,,0x870,C:\Windows\WinSxS\amd64_microsoft-windows-servicingstack_31bf3856ad364e35_10.0.20348.557_none_f1edaeb8515fa10d\TiWorker.exe,,S:AI,,SCAFFOLD,0x3e7,DC$,S-1-5-18,,,,,,,,,,,
2026-09-02T03:21:22.245883Z,4660,dc.scaffold.htb,Microsoft-Windows-Security-Auditing,Security,22053,0,,,,,,,,,0x1390,,,,,,,,,,,,,,Security,,,,,0x870,C:\Windows\WinSxS\amd64_microsoft-windows-servicingstack_31bf3856ad364e35_10.0.20348.557_none_f1edaeb8515fa10d\TiWorker.exe,,,,SCAFFOLD,0x3e7,DC$,S-1-5-18,,,,,,,,,C6284384-A67C-11F1-9935-005056B98D90,,
2026-09-02T03:21:22.247290Z,4663,dc.scaffold.htb,Microsoft-Windows-Security-Auditing,Security,22054,0,"%%1537
				",0x10000,,,,,,,0x1384,,,,,,,,,,,,,C:\Windows\Microsoft.NET\Framework\v4.0.30319\WPF\PresentationHost_v0400.dll,Security,File,,,,0x870,C:\Windows\WinSxS\amd64_microsoft-windows-servicingstack_31bf3856ad364e35_10.0.20348.557_none_f1edaeb8515fa10d\TiWorker.exe,,S:AI,,SCAFFOLD,0x3e7,DC$,S-1-5-18,,,,,,,,,,,
2026-09-02T03:21:22.247517Z,4660,dc.scaffold.htb,Microsoft-Windows-Security-Auditing,Security,22055,0,,,,,,,,,0x1384,,,,,,,,,,,,,,Security,,,,,0x870,C:\Windows\WinSxS\amd64_microsoft-windows-servicingstack_31bf3856ad364e35_10.0.20348.557_none_f1edaeb8515fa10d\TiWorker.exe,,,,SCAFFOLD,0x3e7,DC$,S-1-5-18,,,,,,,,,C6284384-A67C-11F1-9935-005056B98D90,,
2026-09-02T03:21:22.248422Z,4663,dc.scaffold.htb,Microsoft-Windows-Security-Auditing,Security,22056,0,"%%1537
				",0x10000,,,,,,,0x1394,,,,,,,,,,,,,C:\Windows\Microsoft.NET\Framework\v4.0.30319\WPF\PresentationNative_v0400.dll,Security,File,,,,0x870,C:\Windows\WinSxS\amd64_microsoft-windows-servicingstack_31bf3856ad364e35_10.0.20348.557_none_f1edaeb8515fa10d\TiWorker.exe,,S:AI,,SCAFFOLD,0x3e7,DC$,S-1-5-18,,,,,,,,,,,
2026-09-02T03:21:22.248614Z,4660,dc.scaffold.htb,Microsoft-Windows-Security-Auditing,Security,22057,0,,,,,,,,,0x1394,,,,,,,,,,,,,,Security,,,,,0x870,C:\Windows\WinSxS\amd64_microsoft-windows-servicingstack_31bf3856ad364e35_10.0.20348.557_none_f1edaeb8515fa10d\TiWorker.exe,,,,SCAFFOLD,0x3e7,DC$,S-1-5-18,,,,,,,,,C6284384-A67C-11F1-9935-005056B98D90,,
2026-09-02T03:21:22.249891Z,4663,dc.scaffold.htb,Microsoft-Windows-Security-Auditing,Security,22058,0,"%%1537
				",0x10000,,,,,,,0x1390,,,,,,,,,,,,,C:\Windows\Microsoft.NET\Framework\v4.0.30319\WPF\ReachFramework.dll,Security,File,,,,0x870,C:\Windows\WinSxS\amd64_microsoft-windows-servicingstack_31bf3856ad364e35_10.0.20348.557_none_f1edaeb8515fa10d\TiWorker.exe,,S:AI,,SCAFFOLD,0x3e7,DC$,S-1-5-18,,,,,,,,,,,
2026-09-02T03:21:22.249894Z,4660,dc.scaffold.htb,Microsoft-Windows-Security-Auditing,Security,22059,0,,,,,,,,,0x1390,,,,,,,,,,,,,,Security,,,,,0x870,C:\Windows\WinSxS\amd64_microsoft-windows-servicingstack_31bf3856ad364e35_10.0.20348.557_none_f1edaeb8515fa10d\TiWorker.exe,,,,SCAFFOLD,0x3e7,DC$,S-1-5-18,,,,,,,,,C6284384-A67C-11F1-9935-005056B98D90,,
2026-09-02T03:21:22.250749Z,4663,dc.scaffold.htb,Microsoft-Windows-Security-Auditing,Security,22060,0,"%%1537
				",0x10000,,,,,,,0x1384,,,,,,,,,,,,,C:\Windows\Microsoft.NET\Framework\v4.0.30319\WPF\System.Printing.dll,Security,File,,,,0x870,C:\Windows\WinSxS\amd64_microsoft-windows-servicingstack_31bf3856ad364e35_10.0.20348.557_none_f1edaeb8515fa10d\TiWorker.exe,,S:AI,,SCAFFOLD,0x3e7,DC$,S-1-5-18,,,,,,,,,,,
2026-09-02T03:21:22.251069Z,4660,dc.scaffold.htb,Microsoft-Windows-Security-Auditing,Security,22061,0,,,,,,,,,0x1384,,,,,,,,,,,,,,Security,,,,,0x870,C:\Windows\WinSxS\amd64_microsoft-windows-servicingstack_31bf3856ad364e35_10.0.20348.557_none_f1edaeb8515fa10d\TiWorker.exe,,,,SCAFFOLD,0x3e7,DC$,S-1-5-18,,,,,,,,,C6284384-A67C-11F1-9935-005056B98D90,,
2026-09-02T03:21:22.251824Z,4663,dc.scaffold.htb,Microsoft-Windows-Security-Auditing,Security,22062,0,"%%1537
				",0x10000,,,,,,,0x1394,,,,,,,,,,,,,C:\Windows\Microsoft.NET\Framework\v4.0.30319\WPF\System.Windows.Controls.Ribbon.dll,Security,File,,,,0x870,C:\Windows\WinSxS\amd64_microsoft-windows-servicingstack_31bf3856ad364e35_10.0.20348.557_none_f1edaeb8515fa10d\TiWorker.exe,,S:AI,,SCAFFOLD,0x3e7,DC$,S-1-5-18,,,,,,,,,,,
2026-09-02T03:21:22.251827Z,4660,dc.scaffold.htb,Microsoft-Windows-Security-Auditing,Security,22063,0,,,,,,,,,0x1394,,,,,,,,,,,,,,Security,,,,,0x870,C:\Windows\WinSxS\amd64_microsoft-windows-servicingstack_31bf3856ad364e35_10.0.20348.557_none_f1edaeb8515fa10d\TiWorker.exe,,,,SCAFFOLD,0x3e7,DC$,S-1-5-18,,,,,,,,,C6284384-A67C-11F1-9935-005056B98D90,,
2026-09-02T03:21:22.252506Z,4663,dc.scaffold.htb,Microsoft-Windows-Security-Auditing,Security,22064,0,"%%1537
				",0x10000,,,,,,,0x1390,,,,,,,,,,,,,C:\Windows\Microsoft.NET\Framework\v4.0.30319\WPF\UIAutomationClient.dll,Security,File,,,,0x870,C:\Windows\WinSxS\amd64_microsoft-windows-servicingstack_31bf3856ad364e35_10.0.20348.557_none_f1edaeb8515fa10d\TiWorker.exe,,S:AI,,SCAFFOLD,0x3e7,DC$,S-1-5-18,,,,,,,,,,,
2026-09-02T03:21:22.252510Z,4660,dc.scaffold.htb,Microsoft-Windows-Security-Auditing,Security,22065,0,,,,,,,,,0x1390,,,,,,,,,,,,,,Security,,,,,0x870,C:\Windows\WinSxS\amd64_microsoft-windows-servicingstack_31bf3856ad364e35_10.0.20348.557_none_f1edaeb8515fa10d\TiWorker.exe,,,,SCAFFOLD,0x3e7,DC$,S-1-5-18,,,,,,,,,C6284384-A67C-11F1-9935-005056B98D90,,
2026-09-02T03:21:22.253187Z,4663,dc.scaffold.htb,Microsoft-Windows-Security-Auditing,Security,22066,0,"%%1537
				",0x10000,,,,,,,0x1384,,,,,,,,,,,,,C:\Windows\Microsoft.NET\Framework\v4.0.30319\WPF\UIAutomationClientsideProviders.dll,Security,File,,,,0x870,C:\Windows\WinSxS\amd64_microsoft-windows-servicingstack_31bf3856ad364e35_10.0.20348.557_none_f1edaeb8515fa10d\TiWorker.exe,,S:AI,,SCAFFOLD,0x3e7,DC$,S-1-5-18,,,,,,,,,,,
2026-09-02T03:21:22.253210Z,4660,dc.scaffold.htb,Microsoft-Windows-Security-Auditing,Security,22067,0,,,,,,,,,0x1384,,,,,,,,,,,,,,Security,,,,,0x870,C:\Windows\WinSxS\amd64_microsoft-windows-servicingstack_31bf3856ad364e35_10.0.20348.557_none_f1edaeb8515fa10d\TiWorker.exe,,,,SCAFFOLD,0x3e7,DC$,S-1-5-18,,,,,,,,,C6284384-A67C-11F1-9935-005056B98D90,,
2026-09-02T03:21:22.253927Z,4663,dc.scaffold.htb,Microsoft-Windows-Security-Auditing,Security,22068,0,"%%1537
				",0x10000,,,,,,,0x1394,,,,,,,,,,,,,C:\Windows\Microsoft.NET\Framework\v4.0.30319\WPF\UIAutomationProvider.dll,Security,File,,,,0x870,C:\Windows\WinSxS\amd64_microsoft-windows-servicingstack_31bf3856ad364e35_10.0.20348.557_none_f1edaeb8515fa10d\TiWorker.exe,,S:AI,,SCAFFOLD,0x3e7,DC$,S-1-5-18,,,,,,,,,,,
2026-09-02T03:21:22.253947Z,4660,dc.scaffold.htb,Microsoft-Windows-Security-Auditing,Security,22069,0,,,,,,,,,0x1394,,,,,,,,,,,,,,Security,,,,,0x870,C:\Windows\WinSxS\amd64_microsoft-windows-servicingstack_31bf3856ad364e35_10.0.20348.557_none_f1edaeb8515fa10d\TiWorker.exe,,,,SCAFFOLD,0x3e7,DC$,S-1-5-18,,,,,,,,,C6284384-A67C-11F1-9935-005056B98D90,,
2026-09-02T03:21:22.254597Z,4663,dc.scaffold.htb,Microsoft-Windows-Security-Auditing,Security,22070,0,"%%1537
				",0x10000,,,,,,,0x1390,,,,,,,,,,,,,C:\Windows\Microsoft.NET\Framework\v4.0.30319\WPF\UIAutomationTypes.dll,Security,File,,,,0x870,C:\Windows\WinSxS\amd64_microsoft-windows-servicingstack_31bf3856ad364e35_10.0.20348.557_none_f1edaeb8515fa10d\TiWorker.exe,,S:AI,,SCAFFOLD,0x3e7,DC$,S-1-5-18,,,,,,,,,,,
2026-09-02T03:21:22.254617Z,4660,dc.scaffold.htb,Microsoft-Windows-Security-Auditing,Security,22071,0,,,,,,,,,0x1390,,,,,,,,,,,,,,Security,,,,,0x870,C:\Windows\WinSxS\amd64_microsoft-windows-servicingstack_31bf3856ad364e35_10.0.20348.557_none_f1edaeb8515fa10d\TiWorker.exe,,,,SCAFFOLD,0x3e7,DC$,S-1-5-18,,,,,,,,,C6284384-A67C-11F1-9935-005056B98D90,,
2026-09-02T03:21:22.255239Z,4663,dc.scaffold.htb,Microsoft-Windows-Security-Auditing,Security,22072,0,"%%1537
				",0x10000,,,,,,,0x1384,,,,,,,,,,,,,C:\Windows\Microsoft.NET\Framework\v4.0.30319\WPF\WindowsBase.dll,Security,File,,,,0x870,C:\Windows\WinSxS\amd64_microsoft-windows-servicingstack_31bf3856ad364e35_10.0.20348.557_none_f1edaeb8515fa10d\TiWorker.exe,,S:AI,,SCAFFOLD,0x3e7,DC$,S-1-5-18,,,,,,,,,,,
2026-09-02T03:21:22.255261Z,4660,dc.scaffold.htb,Microsoft-Windows-Security-Auditing,Security,22073,0,,,,,,,,,0x1384,,,,,,,,,,,,,,Security,,,,,0x870,C:\Windows\WinSxS\amd64_microsoft-windows-servicingstack_31bf3856ad364e35_10.0.20348.557_none_f1edaeb8515fa10d\TiWorker.exe,,,,SCAFFOLD,0x3e7,DC$,S-1-5-18,,,,,,,,,C6284384-A67C-11F1-9935-005056B98D90,,
2026-09-02T03:21:22.257341Z,4663,dc.scaffold.htb,Microsoft-Windows-Security-Auditing,Security,22074,0,"%%1537
				",0x10000,,,,,,,0x1394,,,,,,,,,,,,,C:\Windows\Microsoft.NET\Framework\v4.0.30319\WPF\WindowsFormsIntegration.dll,Security,File,,,,0x870,C:\Windows\WinSxS\amd64_microsoft-windows-servicingstack_31bf3856ad364e35_10.0.20348.557_none_f1edaeb8515fa10d\TiWorker.exe,,S:AI,,SCAFFOLD,0x3e7,DC$,S-1-5-18,,,,,,,,,,,
2026-09-02T03:21:22.257397Z,4660,dc.scaffold.htb,Microsoft-Windows-Security-Auditing,Security,22075,0,,,,,,,,,0x1394,,,,,,,,,,,,,,Security,,,,,0x870,C:\Windows\WinSxS\amd64_microsoft-windows-servicingstack_31bf3856ad364e35_10.0.20348.557_none_f1edaeb8515fa10d\TiWorker.exe,,,,SCAFFOLD,0x3e7,DC$,S-1-5-18,,,,,,,,,C6284384-A67C-11F1-9935-005056B98D90,,
2026-09-02T03:21:22.260054Z,4663,dc.scaffold.htb,Microsoft-Windows-Security-Auditing,Security,22076,0,"%%1537
				",0x10000,,,,,,,0x1390,,,,,,,,,,,,,C:\Windows\Microsoft.NET\Framework\v4.0.30319\WPF\wpfgfx_v0400.dll,Security,File,,,,0x870,C:\Windows\WinSxS\amd64_microsoft-windows-servicingstack_31bf3856ad364e35_10.0.20348.557_none_f1edaeb8515fa10d\TiWorker.exe,,S:AI,,SCAFFOLD,0x3e7,DC$,S-1-5-18,,,,,,,,,,,
2026-09-02T03:21:22.261148Z,4660,dc.scaffold.htb,Microsoft-Windows-Security-Auditing,Security,22077,0,,,,,,,,,0x1390,,,,,,,,,,,,,,Security,,,,,0x870,C:\Windows\WinSxS\amd64_microsoft-windows-servicingstack_31bf3856ad364e35_10.0.20348.557_none_f1edaeb8515fa10d\TiWorker.exe,,,,SCAFFOLD,0x3e7,DC$,S-1-5-18,,,,,,,,,C6284384-A67C-11F1-9935-005056B98D90,,
2026-09-02T03:21:22.261926Z,4663,dc.scaffold.htb,Microsoft-Windows-Security-Auditing,Security,22078,0,"%%1537
				",0x10000,,,,,,,0x1384,,,,,,,,,,,,,C:\Windows\Microsoft.NET\Framework\v4.0.30319\WPF\en-US\PresentationHost_v0400.dll.mui,Security,File,,,,0x870,C:\Windows\WinSxS\amd64_microsoft-windows-servicingstack_31bf3856ad364e35_10.0.20348.557_none_f1edaeb8515fa10d\TiWorker.exe,,S:AI,,SCAFFOLD,0x3e7,DC$,S-1-5-18,,,,,,,,,,,
2026-09-02T03:21:22.261984Z,4660,dc.scaffold.htb,Microsoft-Windows-Security-Auditing,Security,22079,0,,,,,,,,,0x1384,,,,,,,,,,,,,,Security,,,,,0x870,C:\Windows\WinSxS\amd64_microsoft-windows-servicingstack_31bf3856ad364e35_10.0.20348.557_none_f1edaeb8515fa10d\TiWorker.exe,,,,SCAFFOLD,0x3e7,DC$,S-1-5-18,,,,,,,,,C6284384-A67C-11F1-9935-005056B98D90,,
2026-09-02T03:21:22.263742Z,4663,dc.scaffold.htb,Microsoft-Windows-Security-Auditing,Security,22080,0,"%%1537
				",0x10000,,,,,,,0x1394,,,,,,,,,,,,,C:\Windows\Microsoft.NET\Framework\v4.0.30319\WPF\Fonts\GlobalUserInterface.CompositeFont,Security,File,,,,0x870,C:\Windows\WinSxS\amd64_microsoft-windows-servicingstack_31bf3856ad364e35_10.0.20348.557_none_f1edaeb8515fa10d\TiWorker.exe,,S:AI,,SCAFFOLD,0x3e7,DC$,S-1-5-18,,,,,,,,,,,
2026-09-02T03:21:22.263985Z,4660,dc.scaffold.htb,Microsoft-Windows-Security-Auditing,Security,22081,0,,,,,,,,,0x1394,,,,,,,,,,,,,,Security,,,,,0x870,C:\Windows\WinSxS\amd64_microsoft-windows-servicingstack_31bf3856ad364e35_10.0.20348.557_none_f1edaeb8515fa10d\TiWorker.exe,,,,SCAFFOLD,0x3e7,DC$,S-1-5-18,,,,,,,,,C6284384-A67C-11F1-9935-005056B98D90,,
2026-09-02T03:21:22.264903Z,4663,dc.scaffold.htb,Microsoft-Windows-Security-Auditing,Security,22082,0,"%%1537
				",0x10000,,,,,,,0x1390,,,,,,,,,,,,,C:\Windows\Microsoft.NET\Framework64\v4.0.30319\Aspnet_perf.dll,Security,File,,,,0x870,C:\Windows\WinSxS\amd64_microsoft-windows-servicingstack_31bf3856ad364e35_10.0.20348.557_none_f1edaeb8515fa10d\TiWorker.exe,,S:AI,,SCAFFOLD,0x3e7,DC$,S-1-5-18,,,,,,,,,,,
2026-09-02T03:21:22.551238Z,4985,dc.scaffold.htb,Microsoft-Windows-Security-Auditing,Security,22083,0,,,,,,,,,,,,,,,,,,,,56,,,,,,,,0x870,C:\Windows\WinSxS\amd64_microsoft-windows-servicingstack_31bf3856ad364e35_10.0.20348.557_none_f1edaeb8515fa10d\TiWorker.exe,,,DA4CB52F-4F22-11F1-A9A6-8906DE6815CD,SCAFFOLD,0x3e7,DC$,S-1-5-18,,,,,,,,,C6284384-A67C-11F1-9935-005056B98D90,,
2026-09-02T03:21:22.618194Z,4985,dc.scaffold.htb,Microsoft-Windows-Security-Auditing,Security,22084,0,,,,,,,,,,,,,,,,,,,,48,,,,,,,,0x870,C:\Windows\WinSxS\amd64_microsoft-windows-servicingstack_31bf3856ad364e35_10.0.20348.557_none_f1edaeb8515fa10d\TiWorker.exe,,,DA4CB52F-4F22-11F1-A9A6-8906DE6815CD,SCAFFOLD,0x3e7,DC$,S-1-5-18,,,,,,,,,C6284392-A67C-11F1-9935-005056B98D90,,
2026-09-02T03:21:22.781035Z,4985,dc.scaffold.htb,Microsoft-Windows-Security-Auditing,Security,22085,0,,,,,,,,,,,,,,,,,,,,52,,,,,,,,0x870,C:\Windows\WinSxS\amd64_microsoft-windows-servicingstack_31bf3856ad364e35_10.0.20348.557_none_f1edaeb8515fa10d\TiWorker.exe,,,DA4CB52F-4F22-11F1-A9A6-8906DE6815CD,SCAFFOLD,0x3e7,DC$,S-1-5-18,,,,,,,,,C6284392-A67C-11F1-9935-005056B98D90,,
2026-09-02T03:21:22.805280Z,4663,dc.scaffold.htb,Microsoft-Windows-Security-Auditing,Security,22086,0,"%%4417
				",0x2,,,,,,,0x290c,,,,,,,,,,,,,C:\Windows\servicing\Sessions,Security,File,,,,0x870,C:\Windows\WinSxS\amd64_microsoft-windows-servicingstack_31bf3856ad364e35_10.0.20348.557_none_f1edaeb8515fa10d\TiWorker.exe,,S:AI,,SCAFFOLD,0x3e7,DC$,S-1-5-18,,,,,,,,,,,
2026-09-02T03:21:22.805634Z,4663,dc.scaffold.htb,Microsoft-Windows-Security-Auditing,Security,22087,0,"%%4417
				%%4418
				",0x6,,,,,,,0x55c,,,,,,,,,,,,,C:\Windows\servicing\Sessions\31275631_2954305271.xml,Security,File,,,,0x870,C:\Windows\WinSxS\amd64_microsoft-windows-servicingstack_31bf3856ad364e35_10.0.20348.557_none_f1edaeb8515fa10d\TiWorker.exe,,,,SCAFFOLD,0x3e7,DC$,S-1-5-18,,,,,,,,,,,
2026-09-02T03:21:23.508436Z,4663,dc.scaffold.htb,Microsoft-Windows-Security-Auditing,Security,22088,0,"%%4417
				",0x2,,,,,,,0x2a18,,,,,,,,,,,,,C:\Windows\servicing\Sessions,Security,File,,,,0x870,C:\Windows\WinSxS\amd64_microsoft-windows-servicingstack_31bf3856ad364e35_10.0.20348.557_none_f1edaeb8515fa10d\TiWorker.exe,,S:AI,,SCAFFOLD,0x3e7,DC$,S-1-5-18,,,,,,,,,,,
2026-09-02T03:21:23.508825Z,4663,dc.scaffold.htb,Microsoft-Windows-Security-Auditing,Security,22089,0,"%%4417
				%%4418
				",0x6,,,,,,,0xf08,,,,,,,,,,,,,C:\Windows\servicing\Sessions\31275631_773991185.xml,Security,File,,,,0x870,C:\Windows\WinSxS\amd64_microsoft-windows-servicingstack_31bf3856ad364e35_10.0.20348.557_none_f1edaeb8515fa10d\TiWorker.exe,,,,SCAFFOLD,0x3e7,DC$,S-1-5-18,,,,,,,,,,,
2026-09-02T03:21:23.515011Z,4663,dc.scaffold.htb,Microsoft-Windows-Security-Auditing,Security,22090,0,"%%4417
				",0x2,,,,,,,0x2a18,,,,,,,,,,,,,C:\Windows\servicing\Sessions,Security,File,,,,0x870,C:\Windows\WinSxS\amd64_microsoft-windows-servicingstack_31bf3856ad364e35_10.0.20348.557_none_f1edaeb8515fa10d\TiWorker.exe,,S:AI,,SCAFFOLD,0x3e7,DC$,S-1-5-18,,,,,,,,,,,
2026-09-02T03:21:23.515336Z,4663,dc.scaffold.htb,Microsoft-Windows-Security-Auditing,Security,22091,0,"%%4417
				%%4418
				",0x6,,,,,,,0xef8,,,,,,,,,,,,,C:\Windows\servicing\Sessions\31275631_773991185.xml,Security,File,,,,0x870,C:\Windows\WinSxS\amd64_microsoft-windows-servicingstack_31bf3856ad364e35_10.0.20348.557_none_f1edaeb8515fa10d\TiWorker.exe,,,,SCAFFOLD,0x3e7,DC$,S-1-5-18,,,,,,,,,,,
2026-09-02T03:21:24.488847Z,4985,dc.scaffold.htb,Microsoft-Windows-Security-Auditing,Security,22092,0,,,,,,,,,,,,,,,,,,,,48,,,,,,,,0x870,C:\Windows\WinSxS\amd64_microsoft-windows-servicingstack_31bf3856ad364e35_10.0.20348.557_none_f1edaeb8515fa10d\TiWorker.exe,,,DA4CB52F-4F22-11F1-A9A6-8906DE6815CD,SCAFFOLD,0x3e7,DC$,S-1-5-18,,,,,,,,,C628439F-A67C-11F1-9935-005056B98D90,,
2026-09-02T03:21:24.568500Z,4985,dc.scaffold.htb,Microsoft-Windows-Security-Auditing,Security,22093,0,,,,,,,,,,,,,,,,,,,,52,,,,,,,,0x870,C:\Windows\WinSxS\amd64_microsoft-windows-servicingstack_31bf3856ad364e35_10.0.20348.557_none_f1edaeb8515fa10d\TiWorker.exe,,,DA4CB52F-4F22-11F1-A9A6-8906DE6815CD,SCAFFOLD,0x3e7,DC$,S-1-5-18,,,,,,,,,C628439F-A67C-11F1-9935-005056B98D90,,
2026-09-02T03:21:24.595975Z,4663,dc.scaffold.htb,Microsoft-Windows-Security-Auditing,Security,22094,0,"%%4417
				",0x2,,,,,,,0x1cdc,,,,,,,,,,,,,C:\Windows\servicing\Sessions,Security,File,,,,0x870,C:\Windows\WinSxS\amd64_microsoft-windows-servicingstack_31bf3856ad364e35_10.0.20348.557_none_f1edaeb8515fa10d\TiWorker.exe,,S:AI,,SCAFFOLD,0x3e7,DC$,S-1-5-18,,,,,,,,,,,
2026-09-02T03:21:24.596398Z,4663,dc.scaffold.htb,Microsoft-Windows-Security-Auditing,Security,22095,0,"%%4417
				%%4418
				",0x6,,,,,,,0x9b8,,,,,,,,,,,,,C:\Windows\servicing\Sessions\31275631_773991185.xml,Security,File,,,,0x870,C:\Windows\WinSxS\amd64_microsoft-windows-servicingstack_31bf3856ad364e35_10.0.20348.557_none_f1edaeb8515fa10d\TiWorker.exe,,,,SCAFFOLD,0x3e7,DC$,S-1-5-18,,,,,,,,,,,
2026-09-02T03:21:27.252765Z,4985,dc.scaffold.htb,Microsoft-Windows-Security-Auditing,Security,22096,0,,,,,,,,,,,,,,,,,,,,48,,,,,,,,0x166c,C:\Windows\System32\poqexec.exe,,,DA4CB52F-4F22-11F1-A9A6-8906DE6815CD,SCAFFOLD,0x3e7,DC$,S-1-5-18,,,,,,,,,C62843AF-A67C-11F1-9935-005056B98D90,,
2026-09-02T03:21:27.253686Z,4663,dc.scaffold.htb,Microsoft-Windows-Security-Auditing,Security,22097,0,"%%1537
				",0x10000,,,,,,,0x68,,,,,,,,,,,,,C:\Windows\WinSxS\FileMaps\_0000000000000000.cdf-ms,Security,File,,,,0x166c,C:\Windows\System32\poqexec.exe,,S:AI,,SCAFFOLD,0x3e7,DC$,S-1-5-18,,,,,,,,,,,
2026-09-02T03:21:27.253691Z,4660,dc.scaffold.htb,Microsoft-Windows-Security-Auditing,Security,22098,0,,,,,,,,,0x68,,,,,,,,,,,,,,Security,,,,,0x166c,C:\Windows\System32\poqexec.exe,,,,SCAFFOLD,0x3e7,DC$,S-1-5-18,,,,,,,,,C62843AF-A67C-11F1-9935-005056B98D90,,
2026-09-02T03:21:27.256171Z,4663,dc.scaffold.htb,Microsoft-Windows-Security-Auditing,Security,22099,0,"%%4417
				",0x2,,,,,,,0x1b74,,,,,,,,,,,,,C:\Windows\WinSxS\FileMaps,Security,File,,,,0x166c,C:\Windows\System32\poqexec.exe,,S:AI,,SCAFFOLD,0x3e7,DC$,S-1-5-18,,,,,,,,,,,
2026-09-02T03:21:27.256616Z,4663,dc.scaffold.htb,Microsoft-Windows-Security-Auditing,Security,22100,0,"%%1538
				",0x20000,,,,,,,0x74,,,,,,,,,,,,,C:\Windows\WinSxS\FileMaps,Security,File,,,,0x166c,C:\Windows\System32\poqexec.exe,,S:AI,,SCAFFOLD,0x3e7,DC$,S-1-5-18,,,,,,,,,,,
2026-09-02T03:21:27.256849Z,4663,dc.scaffold.htb,Microsoft-Windows-Security-Auditing,Security,22101,0,"%%1538
				",0x20000,,,,,,,0x74,,,,,,,,,,,,,C:\Windows\WinSxS\FileMaps,Security,File,,,,0x166c,C:\Windows\System32\poqexec.exe,,S:AI,,SCAFFOLD,0x3e7,DC$,S-1-5-18,,,,,,,,,,,
2026-09-02T03:21:27.257212Z,4663,dc.scaffold.htb,Microsoft-Windows-Security-Auditing,Security,22102,0,"%%1537
				",0x10000,,,,,,,0x78,,,,,,,,,,,,,C:\Windows\WinSxS\FileMaps\$$.cdf-ms,Security,File,,,,0x166c,C:\Windows\System32\poqexec.exe,,S:AI,,SCAFFOLD,0x3e7,DC$,S-1-5-18,,,,,,,,,,,
2026-09-02T03:21:27.257216Z,4660,dc.scaffold.htb,Microsoft-Windows-Security-Auditing,Security,22103,0,,,,,,,,,0x78,,,,,,,,,,,,,,Security,,,,,0x166c,C:\Windows\System32\poqexec.exe,,,,SCAFFOLD,0x3e7,DC$,S-1-5-18,,,,,,,,,C62843AF-A67C-11F1-9935-005056B98D90,,
2026-09-02T03:21:27.257549Z,4663,dc.scaffold.htb,Microsoft-Windows-Security-Auditing,Security,22104,0,"%%4417
				",0x2,,,,,,,0x1b74,,,,,,,,,,,,,C:\Windows\WinSxS\FileMaps,Security,File,,,,0x166c,C:\Windows\System32\poqexec.exe,,S:AI,,SCAFFOLD,0x3e7,DC$,S-1-5-18,,,,,,,,,,,
2026-09-02T03:21:27.257855Z,4663,dc.scaffold.htb,Microsoft-Windows-Security-Auditing,Security,22105,0,"%%1538
				",0x20000,,,,,,,0x74,,,,,,,,,,,,,C:\Windows\WinSxS\FileMaps,Security,File,,,,0x166c,C:\Windows\System32\poqexec.exe,,S:AI,,SCAFFOLD,0x3e7,DC$,S-1-5-18,,,,,,,,,,,
2026-09-02T03:21:27.258062Z,4663,dc.scaffold.htb,Microsoft-Windows-Security-Auditing,Security,22106,0,"%%1538
				",0x20000,,,,,,,0x74,,,,,,,,,,,,,C:\Windows\WinSxS\FileMaps,Security,File,,,,0x166c,C:\Windows\System32\poqexec.exe,,S:AI,,SCAFFOLD,0x3e7,DC$,S-1-5-18,,,,,,,,,,,
2026-09-02T03:21:27.258435Z,4663,dc.scaffold.htb,Microsoft-Windows-Security-Auditing,Security,22107,0,"%%1537
				",0x10000,,,,,,,0x78,,,,,,,,,,,,,C:\Windows\WinSxS\FileMaps\$$_syswow64_21ffbdd2a2dd92e0.cdf-ms,Security,File,,,,0x166c,C:\Windows\System32\poqexec.exe,,S:AI,,SCAFFOLD,0x3e7,DC$,S-1-5-18,,,,,,,,,,,
2026-09-02T03:21:27.258441Z,4660,dc.scaffold.htb,Microsoft-Windows-Security-Auditing,Security,22108,0,,,,,,,,,0x78,,,,,,,,,,,,,,Security,,,,,0x166c,C:\Windows\System32\poqexec.exe,,,,SCAFFOLD,0x3e7,DC$,S-1-5-18,,,,,,,,,C62843AF-A67C-11F1-9935-005056B98D90,,
2026-09-02T03:21:27.258810Z,4663,dc.scaffold.htb,Microsoft-Windows-Security-Auditing,Security,22109,0,"%%4417
				",0x2,,,,,,,0x2370,,,,,,,,,,,,,C:\Windows\WinSxS\FileMaps,Security,File,,,,0x166c,C:\Windows\System32\poqexec.exe,,S:AI,,SCAFFOLD,0x3e7,DC$,S-1-5-18,,,,,,,,,,,
2026-09-02T03:21:27.259131Z,4663,dc.scaffold.htb,Microsoft-Windows-Security-Auditing,Security,22110,0,"%%1538
				",0x20000,,,,,,,0x70,,,,,,,,,,,,,C:\Windows\WinSxS\FileMaps,Security,File,,,,0x166c,C:\Windows\System32\poqexec.exe,,S:AI,,SCAFFOLD,0x3e7,DC$,S-1-5-18,,,,,,,,,,,
2026-09-02T03:21:27.259345Z,4663,dc.scaffold.htb,Microsoft-Windows-Security-Auditing,Security,22111,0,"%%1538
				",0x20000,,,,,,,0x70,,,,,,,,,,,,,C:\Windows\WinSxS\FileMaps,Security,File,,,,0x166c,C:\Windows\System32\poqexec.exe,,S:AI,,SCAFFOLD,0x3e7,DC$,S-1-5-18,,,,,,,,,,,
2026-09-02T03:21:27.259708Z,4663,dc.scaffold.htb,Microsoft-Windows-Security-Auditing,Security,22112,0,"%%1537
				",0x10000,,,,,,,0x78,,,,,,,,,,,,,C:\Windows\WinSxS\FileMaps\$$_system32_21f9a9c4a2f8b514.cdf-ms,Security,File,,,,0x166c,C:\Windows\System32\poqexec.exe,,S:AI,,SCAFFOLD,0x3e7,DC$,S-1-5-18,,,,,,,,,,,
2026-09-02T03:21:27.259713Z,4660,dc.scaffold.htb,Microsoft-Windows-Security-Auditing,Security,22113,0,,,,,,,,,0x78,,,,,,,,,,,,,,Security,,,,,0x166c,C:\Windows\System32\poqexec.exe,,,,SCAFFOLD,0x3e7,DC$,S-1-5-18,,,,,,,,,C62843AF-A67C-11F1-9935-005056B98D90,,
2026-09-02T03:21:27.260106Z,4663,dc.scaffold.htb,Microsoft-Windows-Security-Auditing,Security,22114,0,"%%4417
				",0x2,,,,,,,0x1b74,,,,,,,,,,,,,C:\Windows\WinSxS\FileMaps,Security,File,,,,0x166c,C:\Windows\System32\poqexec.exe,,S:AI,,SCAFFOLD,0x3e7,DC$,S-1-5-18,,,,,,,,,,,
2026-09-02T03:21:27.260453Z,4663,dc.scaffold.htb,Microsoft-Windows-Security-Auditing,Security,22115,0,"%%1538
				",0x20000,,,,,,,0x74,,,,,,,,,,,,,C:\Windows\WinSxS\FileMaps,Security,File,,,,0x166c,C:\Windows\System32\poqexec.exe,,S:AI,,SCAFFOLD,0x3e7,DC$,S-1-5-18,,,,,,,,,,,
2026-09-02T03:21:27.260676Z,4663,dc.scaffold.htb,Microsoft-Windows-Security-Auditing,Security,22116,0,"%%1538
				",0x20000,,,,,,,0x74,,,,,,,,,,,,,C:\Windows\WinSxS\FileMaps,Security,File,,,,0x166c,C:\Windows\System32\poqexec.exe,,S:AI,,SCAFFOLD,0x3e7,DC$,S-1-5-18,,,,,,,,,,,
2026-09-02T03:21:27.260989Z,4663,dc.scaffold.htb,Microsoft-Windows-Security-Auditing,Security,22117,0,"%%1537
				",0x10000,,,,,,,0x78,,,,,,,,,,,,,C:\Windows\WinSxS\FileMaps\$$_system32_wbem_06656d9fdf2f8577.cdf-ms,Security,File,,,,0x166c,C:\Windows\System32\poqexec.exe,,S:AI,,SCAFFOLD,0x3e7,DC$,S-1-5-18,,,,,,,,,,,
2026-09-02T03:21:27.260993Z,4660,dc.scaffold.htb,Microsoft-Windows-Security-Auditing,Security,22118,0,,,,,,,,,0x78,,,,,,,,,,,,,,Security,,,,,0x166c,C:\Windows\System32\poqexec.exe,,,,SCAFFOLD,0x3e7,DC$,S-1-5-18,,,,,,,,,C62843AF-A67C-11F1-9935-005056B98D90,,
2026-09-02T03:21:27.261336Z,4663,dc.scaffold.htb,Microsoft-Windows-Security-Auditing,Security,22119,0,"%%4417
				",0x2,,,,,,,0x1b74,,,,,,,,,,,,,C:\Windows\WinSxS\FileMaps,Security,File,,,,0x166c,C:\Windows\System32\poqexec.exe,,S:AI,,SCAFFOLD,0x3e7,DC$,S-1-5-18,,,,,,,,,,,
2026-09-02T03:21:27.261641Z,4663,dc.scaffold.htb,Microsoft-Windows-Security-Auditing,Security,22120,0,"%%1538
				",0x20000,,,,,,,0x74,,,,,,,,,,,,,C:\Windows\WinSxS\FileMaps,Security,File,,,,0x166c,C:\Windows\System32\poqexec.exe,,S:AI,,SCAFFOLD,0x3e7,DC$,S-1-5-18,,,,,,,,,,,
2026-09-02T03:21:27.261840Z,4663,dc.scaffold.htb,Microsoft-Windows-Security-Auditing,Security,22121,0,"%%1538
				",0x20000,,,,,,,0x74,,,,,,,,,,,,,C:\Windows\WinSxS\FileMaps,Security,File,,,,0x166c,C:\Windows\System32\poqexec.exe,,S:AI,,SCAFFOLD,0x3e7,DC$,S-1-5-18,,,,,,,,,,,
2026-09-02T03:21:27.262145Z,4663,dc.scaffold.htb,Microsoft-Windows-Security-Auditing,Security,22122,0,"%%1537
				",0x10000,,,,,,,0x78,,,,,,,,,,,,,C:\Windows\WinSxS\FileMaps\$$_microsoft.net_3296b36dbe4c7fa3.cdf-ms,Security,File,,,,0x166c,C:\Windows\System32\poqexec.exe,,S:AI,,SCAFFOLD,0x3e7,DC$,S-1-5-18,,,,,,,,,,,
2026-09-02T03:21:27.262149Z,4660,dc.scaffold.htb,Microsoft-Windows-Security-Auditing,Security,22123,0,,,,,,,,,0x78,,,,,,,,,,,,,,Security,,,,,0x166c,C:\Windows\System32\poqexec.exe,,,,SCAFFOLD,0x3e7,DC$,S-1-5-18,,,,,,,,,C62843AF-A67C-11F1-9935-005056B98D90,,
2026-09-02T03:21:27.262484Z,4663,dc.scaffold.htb,Microsoft-Windows-Security-Auditing,Security,22124,0,"%%4417
				",0x2,,,,,,,0x1b74,,,,,,,,,,,,,C:\Windows\WinSxS\FileMaps,Security,File,,,,0x166c,C:\Windows\System32\poqexec.exe,,S:AI,,SCAFFOLD,0x3e7,DC$,S-1-5-18,,,,,,,,,,,
2026-09-02T03:21:27.262780Z,4663,dc.scaffold.htb,Microsoft-Windows-Security-Auditing,Security,22125,0,"%%1538
				",0x20000,,,,,,,0x74,,,,,,,,,,,,,C:\Windows\WinSxS\FileMaps,Security,File,,,,0x166c,C:\Windows\System32\poqexec.exe,,S:AI,,SCAFFOLD,0x3e7,DC$,S-1-5-18,,,,,,,,,,,
2026-09-02T03:21:27.262981Z,4663,dc.scaffold.htb,Microsoft-Windows-Security-Auditing,Security,22126,0,"%%1538
				",0x20000,,,,,,,0x74,,,,,,,,,,,,,C:\Windows\WinSxS\FileMaps,Security,File,,,,0x166c,C:\Windows\System32\poqexec.exe,,S:AI,,SCAFFOLD,0x3e7,DC$,S-1-5-18,,,,,,,,,,,
2026-09-02T03:21:27.263284Z,4663,dc.scaffold.htb,Microsoft-Windows-Security-Auditing,Security,22127,0,"%%1537
				",0x10000,,,,,,,0x78,,,,,,,,,,,,,C:\Windows\WinSxS\FileMaps\$$_microsoft.net_framework64_083d4e330e766c5d.cdf-ms,Security,File,,,,0x166c,C:\Windows\System32\poqexec.exe,,S:AI,,SCAFFOLD,0x3e7,DC$,S-1-5-18,,,,,,,,,,,
2026-09-02T03:21:27.263288Z,4660,dc.scaffold.htb,Microsoft-Windows-Security-Auditing,Security,22128,0,,,,,,,,,0x78,,,,,,,,,,,,,,Security,,,,,0x166c,C:\Windows\System32\poqexec.exe,,,,SCAFFOLD,0x3e7,DC$,S-1-5-18,,,,,,,,,C62843AF-A67C-11F1-9935-005056B98D90,,
2026-09-02T03:21:27.263672Z,4663,dc.scaffold.htb,Microsoft-Windows-Security-Auditing,Security,22129,0,"%%4417
				",0x2,,,,,,,0x2370,,,,,,,,,,,,,C:\Windows\WinSxS\FileMaps,Security,File,,,,0x166c,C:\Windows\System32\poqexec.exe,,S:AI,,SCAFFOLD,0x3e7,DC$,S-1-5-18,,,,,,,,,,,
2026-09-02T03:21:27.264012Z,4663,dc.scaffold.htb,Microsoft-Windows-Security-Auditing,Security,22130,0,"%%1538
				",0x20000,,,,,,,0x74,,,,,,,,,,,,,C:\Windows\WinSxS\FileMaps,Security,File,,,,0x166c,C:\Windows\System32\poqexec.exe,,S:AI,,SCAFFOLD,0x3e7,DC$,S-1-5-18,,,,,,,,,,,
2026-09-02T03:21:27.264235Z,4663,dc.scaffold.htb,Microsoft-Windows-Security-Auditing,Security,22131,0,"%%1538
				",0x20000,,,,,,,0x74,,,,,,,,,,,,,C:\Windows\WinSxS\FileMaps,Security,File,,,,0x166c,C:\Windows\System32\poqexec.exe,,S:AI,,SCAFFOLD,0x3e7,DC$,S-1-5-18,,,,,,,,,,,
2026-09-02T03:21:27.264570Z,4663,dc.scaffold.htb,Microsoft-Windows-Security-Auditing,Security,22132,0,"%%1537
				",0x10000,,,,,,,0x70,,,,,,,,,,,,,C:\Windows\WinSxS\FileMaps\$$_microsoft.net_framework64_v4.0.30319_46321ba736a30085.cdf-ms,Security,File,,,,0x166c,C:\Windows\System32\poqexec.exe,,S:AI,,SCAFFOLD,0x3e7,DC$,S-1-5-18,,,,,,,,,,,
2026-09-02T03:21:27.264574Z,4660,dc.scaffold.htb,Microsoft-Windows-Security-Auditing,Security,22133,0,,,,,,,,,0x70,,,,,,,,,,,,,,Security,,,,,0x166c,C:\Windows\System32\poqexec.exe,,,,SCAFFOLD,0x3e7,DC$,S-1-5-18,,,,,,,,,C62843AF-A67C-11F1-9935-005056B98D90,,
2026-09-02T03:21:27.264904Z,4663,dc.scaffold.htb,Microsoft-Windows-Security-Auditing,Security,22134,0,"%%4417
				",0x2,,,,,,,0x2370,,,,,,,,,,,,,C:\Windows\WinSxS\FileMaps,Security,File,,,,0x166c,C:\Windows\System32\poqexec.exe,,S:AI,,SCAFFOLD,0x3e7,DC$,S-1-5-18,,,,,,,,,,,
2026-09-02T03:21:27.265271Z,4663,dc.scaffold.htb,Microsoft-Windows-Security-Auditing,Security,22135,0,"%%1538
				",0x20000,,,,,,,0x74,,,,,,,,,,,,,C:\Windows\WinSxS\FileMaps,Security,File,,,,0x166c,C:\Windows\System32\poqexec.exe,,S:AI,,SCAFFOLD,0x3e7,DC$,S-1-5-18,,,,,,,,,,,
2026-09-02T03:21:27.265482Z,4663,dc.scaffold.htb,Microsoft-Windows-Security-Auditing,Security,22136,0,"%%1538
				",0x20000,,,,,,,0x74,,,,,,,,,,,,,C:\Windows\WinSxS\FileMaps,Security,File,,,,0x166c,C:\Windows\System32\poqexec.exe,,S:AI,,SCAFFOLD,0x3e7,DC$,S-1-5-18,,,,,,,,,,,
2026-09-02T03:21:27.265827Z,4663,dc.scaffold.htb,Microsoft-Windows-Security-Auditing,Security,22137,0,"%%1537
				",0x10000,,,,,,,0x70,,,,,,,,,,,,,C:\Windows\WinSxS\FileMaps\$$_microsoft.net_framework64_v4.0.30319_wpf_647a02df72a14032.cdf-ms,Security,File,,,,0x166c,C:\Windows\System32\poqexec.exe,,S:AI,,SCAFFOLD,0x3e7,DC$,S-1-5-18,,,,,,,,,,,
2026-09-02T03:21:27.265861Z,4660,dc.scaffold.htb,Microsoft-Windows-Security-Auditing,Security,22138,0,,,,,,,,,0x70,,,,,,,,,,,,,,Security,,,,,0x166c,C:\Windows\System32\poqexec.exe,,,,SCAFFOLD,0x3e7,DC$,S-1-5-18,,,,,,,,,C62843AF-A67C-11F1-9935-005056B98D90,,
2026-09-02T03:21:27.266229Z,4663,dc.scaffold.htb,Microsoft-Windows-Security-Auditing,Security,22139,0,"%%4417
				",0x2,,,,,,,0x2370,,,,,,,,,,,,,C:\Windows\WinSxS\FileMaps,Security,File,,,,0x166c,C:\Windows\System32\poqexec.exe,,S:AI,,SCAFFOLD,0x3e7,DC$,S-1-5-18,,,,,,,,,,,
2026-09-02T03:21:27.266537Z,4663,dc.scaffold.htb,Microsoft-Windows-Security-Auditing,Security,22140,0,"%%1538
				",0x20000,,,,,,,0x74,,,,,,,,,,,,,C:\Windows\WinSxS\FileMaps,Security,File,,,,0x166c,C:\Windows\System32\poqexec.exe,,S:AI,,SCAFFOLD,0x3e7,DC$,S-1-5-18,,,,,,,,,,,
2026-09-02T03:21:27.266757Z,4663,dc.scaffold.htb,Microsoft-Windows-Security-Auditing,Security,22141,0,"%%1538
				",0x20000,,,,,,,0x74,,,,,,,,,,,,,C:\Windows\WinSxS\FileMaps,Security,File,,,,0x166c,C:\Windows\System32\poqexec.exe,,S:AI,,SCAFFOLD,0x3e7,DC$,S-1-5-18,,,,,,,,,,,
2026-09-02T03:21:27.267069Z,4663,dc.scaffold.htb,Microsoft-Windows-Security-Auditing,Security,22142,0,"%%1537
				",0x10000,,,,,,,0x78,,,,,,,,,,,,,C:\Windows\WinSxS\FileMaps\$$_microsoft.net_framework64_v4.0.30319_wpf_fonts_0428e0346460ac4c.cdf-ms,Security,File,,,,0x166c,C:\Windows\System32\poqexec.exe,,S:AI,,SCAFFOLD,0x3e7,DC$,S-1-5-18,,,,,,,,,,,
2026-09-02T03:21:27.267073Z,4660,dc.scaffold.htb,Microsoft-Windows-Security-Auditing,Security,22143,0,,,,,,,,,0x78,,,,,,,,,,,,,,Security,,,,,0x166c,C:\Windows\System32\poqexec.exe,,,,SCAFFOLD,0x3e7,DC$,S-1-5-18,,,,,,,,,C62843AF-A67C-11F1-9935-005056B98D90,,
2026-09-02T03:21:27.267431Z,4663,dc.scaffold.htb,Microsoft-Windows-Security-Auditing,Security,22144,0,"%%4417
				",0x2,,,,,,,0x2370,,,,,,,,,,,,,C:\Windows\WinSxS\FileMaps,Security,File,,,,0x166c,C:\Windows\System32\poqexec.exe,,S:AI,,SCAFFOLD,0x3e7,DC$,S-1-5-18,,,,,,,,,,,
2026-09-02T03:21:27.267738Z,4663,dc.scaffold.htb,Microsoft-Windows-Security-Auditing,Security,22145,0,"%%1538
				",0x20000,,,,,,,0x74,,,,,,,,,,,,,C:\Windows\WinSxS\FileMaps,Security,File,,,,0x166c,C:\Windows\System32\poqexec.exe,,S:AI,,SCAFFOLD,0x3e7,DC$,S-1-5-18,,,,,,,,,,,
2026-09-02T03:21:27.267944Z,4663,dc.scaffold.htb,Microsoft-Windows-Security-Auditing,Security,22146,0,"%%1538
				",0x20000,,,,,,,0x74,,,,,,,,,,,,,C:\Windows\WinSxS\FileMaps,Security,File,,,,0x166c,C:\Windows\System32\poqexec.exe,,S:AI,,SCAFFOLD,0x3e7,DC$,S-1-5-18,,,,,,,,,,,
2026-09-02T03:21:27.268267Z,4663,dc.scaffold.htb,Microsoft-Windows-Security-Auditing,Security,22147,0,"%%1537
				",0x10000,,,,,,,0x78,,,,,,,,,,,,,C:\Windows\WinSxS\FileMaps\$$_microsoft.net_framework64_v4.0.30319_wpf_en-us_0242687c673a608c.cdf-ms,Security,File,,,,0x166c,C:\Windows\System32\poqexec.exe,,S:AI,,SCAFFOLD,0x3e7,DC$,S-1-5-18,,,,,,,,,,,
2026-09-02T03:21:27.268289Z,4660,dc.scaffold.htb,Microsoft-Windows-Security-Auditing,Security,22148,0,,,,,,,,,0x78,,,,,,,,,,,,,,Security,,,,,0x166c,C:\Windows\System32\poqexec.exe,,,,SCAFFOLD,0x3e7,DC$,S-1-5-18,,,,,,,,,C62843AF-A67C-11F1-9935-005056B98D90,,
2026-09-02T03:21:27.268646Z,4663,dc.scaffold.htb,Microsoft-Windows-Security-Auditing,Security,22149,0,"%%4417
				",0x2,,,,,,,0x2370,,,,,,,,,,,,,C:\Windows\WinSxS\FileMaps,Security,File,,,,0x166c,C:\Windows\System32\poqexec.exe,,S:AI,,SCAFFOLD,0x3e7,DC$,S-1-5-18,,,,,,,,,,,
2026-09-02T03:21:27.268953Z,4663,dc.scaffold.htb,Microsoft-Windows-Security-Auditing,Security,22150,0,"%%1538
				",0x20000,,,,,,,0x74,,,,,,,,,,,,,C:\Windows\WinSxS\FileMaps,Security,File,,,,0x166c,C:\Windows\System32\poqexec.exe,,S:AI,,SCAFFOLD,0x3e7,DC$,S-1-5-18,,,,,,,,,,,
2026-09-02T03:21:27.269158Z,4663,dc.scaffold.htb,Microsoft-Windows-Security-Auditing,Security,22151,0,"%%1538
				",0x20000,,,,,,,0x74,,,,,,,,,,,,,C:\Windows\WinSxS\FileMaps,Security,File,,,,0x166c,C:\Windows\System32\poqexec.exe,,S:AI,,SCAFFOLD,0x3e7,DC$,S-1-5-18,,,,,,,,,,,
2026-09-02T03:21:27.269529Z,4663,dc.scaffold.htb,Microsoft-Windows-Security-Auditing,Security,22152,0,"%%1537
				",0x10000,,,,,,,0x78,,,,,,,,,,,,,C:\Windows\WinSxS\FileMaps\$$_microsoft.net_framework64_v4.0.30319_nativeimages_ae465c5139d1dacc.cdf-ms,Security,File,,,,0x166c,C:\Windows\System32\poqexec.exe,,S:AI,,SCAFFOLD,0x3e7,DC$,S-1-5-18,,,,,,,,,,,
2026-09-02T03:21:27.269534Z,4660,dc.scaffold.htb,Microsoft-Windows-Security-Auditing,Security,22153,0,,,,,,,,,0x78,,,,,,,,,,,,,,Security,,,,,0x166c,C:\Windows\System32\poqexec.exe,,,,SCAFFOLD,0x3e7,DC$,S-1-5-18,,,,,,,,,C62843AF-A67C-11F1-9935-005056B98D90,,
2026-09-02T03:21:27.269919Z,4663,dc.scaffold.htb,Microsoft-Windows-Security-Auditing,Security,22154,0,"%%4417
				",0x2,,,,,,,0x2370,,,,,,,,,,,,,C:\Windows\WinSxS\FileMaps,Security,File,,,,0x166c,C:\Windows\System32\poqexec.exe,,S:AI,,SCAFFOLD,0x3e7,DC$,S-1-5-18,,,,,,,,,,,
2026-09-02T03:21:27.270301Z,4663,dc.scaffold.htb,Microsoft-Windows-Security-Auditing,Security,22155,0,"%%1538
				",0x20000,,,,,,,0x70,,,,,,,,,,,,,C:\Windows\WinSxS\FileMaps,Security,File,,,,0x166c,C:\Windows\System32\poqexec.exe,,S:AI,,SCAFFOLD,0x3e7,DC$,S-1-5-18,,,,,,,,,,,
2026-09-02T03:21:27.270499Z,4663,dc.scaffold.htb,Microsoft-Windows-Security-Auditing,Security,22156,0,"%%1538
				",0x20000,,,,,,,0x70,,,,,,,,,,,,,C:\Windows\WinSxS\FileMaps,Security,File,,,,0x166c,C:\Windows\System32\poqexec.exe,,S:AI,,SCAFFOLD,0x3e7,DC$,S-1-5-18,,,,,,,,,,,
2026-09-02T03:21:27.270828Z,4663,dc.scaffold.htb,Microsoft-Windows-Security-Auditing,Security,22157,0,"%%1537
				",0x10000,,,,,,,0x74,,,,,,,,,,,,,C:\Windows\WinSxS\FileMaps\$$_microsoft.net_framework_83386eac0379231b.cdf-ms,Security,File,,,,0x166c,C:\Windows\System32\poqexec.exe,,S:AI,,SCAFFOLD,0x3e7,DC$,S-1-5-18,,,,,,,,,,,
2026-09-02T03:21:27.270832Z,4660,dc.scaffold.htb,Microsoft-Windows-Security-Auditing,Security,22158,0,,,,,,,,,0x74,,,,,,,,,,,,,,Security,,,,,0x166c,C:\Windows\System32\poqexec.exe,,,,SCAFFOLD,0x3e7,DC$,S-1-5-18,,,,,,,,,C62843AF-A67C-11F1-9935-005056B98D90,,
2026-09-02T03:21:27.271160Z,4663,dc.scaffold.htb,Microsoft-Windows-Security-Auditing,Security,22159,0,"%%4417
				",0x2,,,,,,,0x2370,,,,,,,,,,,,,C:\Windows\WinSxS\FileMaps,Security,File,,,,0x166c,C:\Windows\System32\poqexec.exe,,S:AI,,SCAFFOLD,0x3e7,DC$,S-1-5-18,,,,,,,,,,,
2026-09-02T03:21:27.271469Z,4663,dc.scaffold.htb,Microsoft-Windows-Security-Auditing,Security,22160,0,"%%1538
				",0x20000,,,,,,,0x70,,,,,,,,,,,,,C:\Windows\WinSxS\FileMaps,Security,File,,,,0x166c,C:\Windows\System32\poqexec.exe,,S:AI,,SCAFFOLD,0x3e7,DC$,S-1-5-18,,,,,,,,,,,
2026-09-02T03:21:27.271747Z,4663,dc.scaffold.htb,Microsoft-Windows-Security-Auditing,Security,22161,0,"%%1538
				",0x20000,,,,,,,0x70,,,,,,,,,,,,,C:\Windows\WinSxS\FileMaps,Security,File,,,,0x166c,C:\Windows\System32\poqexec.exe,,S:AI,,SCAFFOLD,0x3e7,DC$,S-1-5-18,,,,,,,,,,,
2026-09-02T03:21:27.272064Z,4663,dc.scaffold.htb,Microsoft-Windows-Security-Auditing,Security,22162,0,"%%1537
				",0x10000,,,,,,,0x74,,,,,,,,,,,,,C:\Windows\WinSxS\FileMaps\$$_microsoft.net_framework_v4.0.30319_c40c7a995ddd757b.cdf-ms,Security,File,,,,0x166c,C:\Windows\System32\poqexec.exe,,S:AI,,SCAFFOLD,0x3e7,DC$,S-1-5-18,,,,,,,,,,,
2026-09-02T03:21:27.272067Z,4660,dc.scaffold.htb,Microsoft-Windows-Security-Auditing,Security,22163,0,,,,,,,,,0x74,,,,,,,,,,,,,,Security,,,,,0x166c,C:\Windows\System32\poqexec.exe,,,,SCAFFOLD,0x3e7,DC$,S-1-5-18,,,,,,,,,C62843AF-A67C-11F1-9935-005056B98D90,,
2026-09-02T03:21:27.272400Z,4663,dc.scaffold.htb,Microsoft-Windows-Security-Auditing,Security,22164,0,"%%4417
				",0x2,,,,,,,0x2370,,,,,,,,,,,,,C:\Windows\WinSxS\FileMaps,Security,File,,,,0x166c,C:\Windows\System32\poqexec.exe,,S:AI,,SCAFFOLD,0x3e7,DC$,S-1-5-18,,,,,,,,,,,
2026-09-02T03:21:27.272707Z,4663,dc.scaffold.htb,Microsoft-Windows-Security-Auditing,Security,22165,0,"%%1538
				",0x20000,,,,,,,0x70,,,,,,,,,,,,,C:\Windows\WinSxS\FileMaps,Security,File,,,,0x166c,C:\Windows\System32\poqexec.exe,,S:AI,,SCAFFOLD,0x3e7,DC$,S-1-5-18,,,,,,,,,,,
2026-09-02T03:21:27.272909Z,4663,dc.scaffold.htb,Microsoft-Windows-Security-Auditing,Security,22166,0,"%%1538
				",0x20000,,,,,,,0x70,,,,,,,,,,,,,C:\Windows\WinSxS\FileMaps,Security,File,,,,0x166c,C:\Windows\System32\poqexec.exe,,S:AI,,SCAFFOLD,0x3e7,DC$,S-1-5-18,,,,,,,,,,,
2026-09-02T03:21:27.273218Z,4663,dc.scaffold.htb,Microsoft-Windows-Security-Auditing,Security,22167,0,"%%1537
				",0x10000,,,,,,,0x74,,,,,,,,,,,,,C:\Windows\WinSxS\FileMaps\$$_microsoft.net_framework_v4.0.30319_wpf_bc1339ef8efa3c4c.cdf-ms,Security,File,,,,0x166c,C:\Windows\System32\poqexec.exe,,S:AI,,SCAFFOLD,0x3e7,DC$,S-1-5-18,,,,,,,,,,,
2026-09-02T03:21:27.273221Z,4660,dc.scaffold.htb,Microsoft-Windows-Security-Auditing,Security,22168,0,,,,,,,,,0x74,,,,,,,,,,,,,,Security,,,,,0x166c,C:\Windows\System32\poqexec.exe,,,,SCAFFOLD,0x3e7,DC$,S-1-5-18,,,,,,,,,C62843AF-A67C-11F1-9935-005056B98D90,,
2026-09-02T03:21:27.273614Z,4663,dc.scaffold.htb,Microsoft-Windows-Security-Auditing,Security,22169,0,"%%4417
				",0x2,,,,,,,0x2470,,,,,,,,,,,,,C:\Windows\WinSxS\FileMaps,Security,File,,,,0x166c,C:\Windows\System32\poqexec.exe,,S:AI,,SCAFFOLD,0x3e7,DC$,S-1-5-18,,,,,,,,,,,
2026-09-02T03:21:27.273938Z,4663,dc.scaffold.htb,Microsoft-Windows-Security-Auditing,Security,22170,0,"%%1538
				",0x20000,,,,,,,0x70,,,,,,,,,,,,,C:\Windows\WinSxS\FileMaps,Security,File,,,,0x166c,C:\Windows\System32\poqexec.exe,,S:AI,,SCAFFOLD,0x3e7,DC$,S-1-5-18,,,,,,,,,,,
2026-09-02T03:21:27.274187Z,4663,dc.scaffold.htb,Microsoft-Windows-Security-Auditing,Security,22171,0,"%%1538
				",0x20000,,,,,,,0x70,,,,,,,,,,,,,C:\Windows\WinSxS\FileMaps,Security,File,,,,0x166c,C:\Windows\System32\poqexec.exe,,S:AI,,SCAFFOLD,0x3e7,DC$,S-1-5-18,,,,,,,,,,,
2026-09-02T03:21:27.274497Z,4663,dc.scaffold.htb,Microsoft-Windows-Security-Auditing,Security,22172,0,"%%1537
				",0x10000,,,,,,,0x78,,,,,,,,,,,,,C:\Windows\WinSxS\FileMaps\$$_microsoft.net_framework_v4.0.30319_wpf_fonts_dc62106d96619a3c.cdf-ms,Security,File,,,,0x166c,C:\Windows\System32\poqexec.exe,,S:AI,,SCAFFOLD,0x3e7,DC$,S-1-5-18,,,,,,,,,,,
2026-09-02T03:21:27.274518Z,4660,dc.scaffold.htb,Microsoft-Windows-Security-Auditing,Security,22173,0,,,,,,,,,0x78,,,,,,,,,,,,,,Security,,,,,0x166c,C:\Windows\System32\poqexec.exe,,,,SCAFFOLD,0x3e7,DC$,S-1-5-18,,,,,,,,,C62843AF-A67C-11F1-9935-005056B98D90,,
2026-09-02T03:21:27.274858Z,4663,dc.scaffold.htb,Microsoft-Windows-Security-Auditing,Security,22174,0,"%%4417
				",0x2,,,,,,,0x2470,,,,,,,,,,,,,C:\Windows\WinSxS\FileMaps,Security,File,,,,0x166c,C:\Windows\System32\poqexec.exe,,S:AI,,SCAFFOLD,0x3e7,DC$,S-1-5-18,,,,,,,,,,,
