2026-09-02T00:12:46.543937Z,4660,dc.scaffold.htb,Microsoft-Windows-Security-Auditing,Security,21380,0,,,,,,,,,0x1334,,,,,,,,,,,,,,Security,,,,,0xe2c,C:\Windows\WinSxS\amd64_microsoft-windows-servicingstack_31bf3856ad364e35_10.0.20348.557_none_f1edaeb8515fa10d\TiWorker.exe,,,,SCAFFOLD,0x3e7,DC$,S-1-5-18,,,,,,,,,2997115E-A661-11F1-9932-005056B98D90,,
2026-09-02T00:12:46.544755Z,4663,dc.scaffold.htb,Microsoft-Windows-Security-Auditing,Security,21381,0,"%%1537
				",0x10000,,,,,,,0x1328,,,,,,,,,,,,,C:\Windows\Microsoft.NET\Framework\v4.0.30319\System.Runtime.Serialization.dll,Security,File,,,,0xe2c,C:\Windows\WinSxS\amd64_microsoft-windows-servicingstack_31bf3856ad364e35_10.0.20348.557_none_f1edaeb8515fa10d\TiWorker.exe,,S:AI,,SCAFFOLD,0x3e7,DC$,S-1-5-18,,,,,,,,,,,
2026-09-02T00:12:46.544775Z,4660,dc.scaffold.htb,Microsoft-Windows-Security-Auditing,Security,21382,0,,,,,,,,,0x1328,,,,,,,,,,,,,,Security,,,,,0xe2c,C:\Windows\WinSxS\amd64_microsoft-windows-servicingstack_31bf3856ad364e35_10.0.20348.557_none_f1edaeb8515fa10d\TiWorker.exe,,,,SCAFFOLD,0x3e7,DC$,S-1-5-18,,,,,,,,,2997115E-A661-11F1-9932-005056B98D90,,
2026-09-02T00:12:46.546680Z,4663,dc.scaffold.htb,Microsoft-Windows-Security-Auditing,Security,21383,0,"%%1537
				",0x10000,,,,,,,0x1334,,,,,,,,,,,,,C:\Windows\Microsoft.NET\Framework\v4.0.30319\System.Security.dll,Security,File,,,,0xe2c,C:\Windows\WinSxS\amd64_microsoft-windows-servicingstack_31bf3856ad364e35_10.0.20348.557_none_f1edaeb8515fa10d\TiWorker.exe,,S:AI,,SCAFFOLD,0x3e7,DC$,S-1-5-18,,,,,,,,,,,
2026-09-02T00:12:46.546701Z,4660,dc.scaffold.htb,Microsoft-Windows-Security-Auditing,Security,21384,0,,,,,,,,,0x1334,,,,,,,,,,,,,,Security,,,,,0xe2c,C:\Windows\WinSxS\amd64_microsoft-windows-servicingstack_31bf3856ad364e35_10.0.20348.557_none_f1edaeb8515fa10d\TiWorker.exe,,,,SCAFFOLD,0x3e7,DC$,S-1-5-18,,,,,,,,,2997115E-A661-11F1-9932-005056B98D90,,
2026-09-02T00:12:46.547717Z,4663,dc.scaffold.htb,Microsoft-Windows-Security-Auditing,Security,21385,0,"%%1537
				",0x10000,,,,,,,0x133c,,,,,,,,,,,,,C:\Windows\Microsoft.NET\Framework\v4.0.30319\System.ServiceModel.Channels.dll,Security,File,,,,0xe2c,C:\Windows\WinSxS\amd64_microsoft-windows-servicingstack_31bf3856ad364e35_10.0.20348.557_none_f1edaeb8515fa10d\TiWorker.exe,,S:AI,,SCAFFOLD,0x3e7,DC$,S-1-5-18,,,,,,,,,,,
2026-09-02T00:12:46.547723Z,4660,dc.scaffold.htb,Microsoft-Windows-Security-Auditing,Security,21386,0,,,,,,,,,0x133c,,,,,,,,,,,,,,Security,,,,,0xe2c,C:\Windows\WinSxS\amd64_microsoft-windows-servicingstack_31bf3856ad364e35_10.0.20348.557_none_f1edaeb8515fa10d\TiWorker.exe,,,,SCAFFOLD,0x3e7,DC$,S-1-5-18,,,,,,,,,2997115E-A661-11F1-9932-005056B98D90,,
2026-09-02T00:12:46.548483Z,4663,dc.scaffold.htb,Microsoft-Windows-Security-Auditing,Security,21387,0,"%%1537
				",0x10000,,,,,,,0x1338,,,,,,,,,,,,,C:\Windows\Microsoft.NET\Framework\v4.0.30319\System.ServiceModel.Discovery.dll,Security,File,,,,0xe2c,C:\Windows\WinSxS\amd64_microsoft-windows-servicingstack_31bf3856ad364e35_10.0.20348.557_none_f1edaeb8515fa10d\TiWorker.exe,,S:AI,,SCAFFOLD,0x3e7,DC$,S-1-5-18,,,,,,,,,,,
2026-09-02T00:12:46.548737Z,4660,dc.scaffold.htb,Microsoft-Windows-Security-Auditing,Security,21388,0,,,,,,,,,0x1338,,,,,,,,,,,,,,Security,,,,,0xe2c,C:\Windows\WinSxS\amd64_microsoft-windows-servicingstack_31bf3856ad364e35_10.0.20348.557_none_f1edaeb8515fa10d\TiWorker.exe,,,,SCAFFOLD,0x3e7,DC$,S-1-5-18,,,,,,,,,2997115E-A661-11F1-9932-005056B98D90,,
2026-09-02T00:12:46.549355Z,4663,dc.scaffold.htb,Microsoft-Windows-Security-Auditing,Security,21389,0,"%%1537
				",0x10000,,,,,,,0x1334,,,,,,,,,,,,,C:\Windows\Microsoft.NET\Framework\v4.0.30319\System.ServiceModel.dll,Security,File,,,,0xe2c,C:\Windows\WinSxS\amd64_microsoft-windows-servicingstack_31bf3856ad364e35_10.0.20348.557_none_f1edaeb8515fa10d\TiWorker.exe,,S:AI,,SCAFFOLD,0x3e7,DC$,S-1-5-18,,,,,,,,,,,
2026-09-02T00:12:46.549379Z,4660,dc.scaffold.htb,Microsoft-Windows-Security-Auditing,Security,21390,0,,,,,,,,,0x1334,,,,,,,,,,,,,,Security,,,,,0xe2c,C:\Windows\WinSxS\amd64_microsoft-windows-servicingstack_31bf3856ad364e35_10.0.20348.557_none_f1edaeb8515fa10d\TiWorker.exe,,,,SCAFFOLD,0x3e7,DC$,S-1-5-18,,,,,,,,,2997115E-A661-11F1-9932-005056B98D90,,
2026-09-02T00:12:46.550044Z,4663,dc.scaffold.htb,Microsoft-Windows-Security-Auditing,Security,21391,0,"%%1537
				",0x10000,,,,,,,0x133c,,,,,,,,,,,,,C:\Windows\Microsoft.NET\Framework\v4.0.30319\System.ServiceModel.Internals.dll,Security,File,,,,0xe2c,C:\Windows\WinSxS\amd64_microsoft-windows-servicingstack_31bf3856ad364e35_10.0.20348.557_none_f1edaeb8515fa10d\TiWorker.exe,,S:AI,,SCAFFOLD,0x3e7,DC$,S-1-5-18,,,,,,,,,,,
2026-09-02T00:12:46.550066Z,4660,dc.scaffold.htb,Microsoft-Windows-Security-Auditing,Security,21392,0,,,,,,,,,0x133c,,,,,,,,,,,,,,Security,,,,,0xe2c,C:\Windows\WinSxS\amd64_microsoft-windows-servicingstack_31bf3856ad364e35_10.0.20348.557_none_f1edaeb8515fa10d\TiWorker.exe,,,,SCAFFOLD,0x3e7,DC$,S-1-5-18,,,,,,,,,2997115E-A661-11F1-9932-005056B98D90,,
2026-09-02T00:12:46.551049Z,4663,dc.scaffold.htb,Microsoft-Windows-Security-Auditing,Security,21393,0,"%%1537
				",0x10000,,,,,,,0x1338,,,,,,,,,,,,,C:\Windows\Microsoft.NET\Framework\v4.0.30319\System.ServiceModel.WasHosting.dll,Security,File,,,,0xe2c,C:\Windows\WinSxS\amd64_microsoft-windows-servicingstack_31bf3856ad364e35_10.0.20348.557_none_f1edaeb8515fa10d\TiWorker.exe,,S:AI,,SCAFFOLD,0x3e7,DC$,S-1-5-18,,,,,,,,,,,
2026-09-02T00:12:46.551074Z,4660,dc.scaffold.htb,Microsoft-Windows-Security-Auditing,Security,21394,0,,,,,,,,,0x1338,,,,,,,,,,,,,,Security,,,,,0xe2c,C:\Windows\WinSxS\amd64_microsoft-windows-servicingstack_31bf3856ad364e35_10.0.20348.557_none_f1edaeb8515fa10d\TiWorker.exe,,,,SCAFFOLD,0x3e7,DC$,S-1-5-18,,,,,,,,,2997115E-A661-11F1-9932-005056B98D90,,
2026-09-02T00:12:46.552082Z,4663,dc.scaffold.htb,Microsoft-Windows-Security-Auditing,Security,21395,0,"%%1537
				",0x10000,,,,,,,0x1334,,,,,,,,,,,,,C:\Windows\Microsoft.NET\Framework\v4.0.30319\System.Web.ApplicationServices.dll,Security,File,,,,0xe2c,C:\Windows\WinSxS\amd64_microsoft-windows-servicingstack_31bf3856ad364e35_10.0.20348.557_none_f1edaeb8515fa10d\TiWorker.exe,,S:AI,,SCAFFOLD,0x3e7,DC$,S-1-5-18,,,,,,,,,,,
2026-09-02T00:12:46.552103Z,4660,dc.scaffold.htb,Microsoft-Windows-Security-Auditing,Security,21396,0,,,,,,,,,0x1334,,,,,,,,,,,,,,Security,,,,,0xe2c,C:\Windows\WinSxS\amd64_microsoft-windows-servicingstack_31bf3856ad364e35_10.0.20348.557_none_f1edaeb8515fa10d\TiWorker.exe,,,,SCAFFOLD,0x3e7,DC$,S-1-5-18,,,,,,,,,2997115E-A661-11F1-9932-005056B98D90,,
2026-09-02T00:12:46.555547Z,4663,dc.scaffold.htb,Microsoft-Windows-Security-Auditing,Security,21397,0,"%%1537
				",0x10000,,,,,,,0x133c,,,,,,,,,,,,,C:\Windows\Microsoft.NET\Framework\v4.0.30319\System.Web.dll,Security,File,,,,0xe2c,C:\Windows\WinSxS\amd64_microsoft-windows-servicingstack_31bf3856ad364e35_10.0.20348.557_none_f1edaeb8515fa10d\TiWorker.exe,,S:AI,,SCAFFOLD,0x3e7,DC$,S-1-5-18,,,,,,,,,,,
2026-09-02T00:12:46.556086Z,4660,dc.scaffold.htb,Microsoft-Windows-Security-Auditing,Security,21398,0,,,,,,,,,0x133c,,,,,,,,,,,,,,Security,,,,,0xe2c,C:\Windows\WinSxS\amd64_microsoft-windows-servicingstack_31bf3856ad364e35_10.0.20348.557_none_f1edaeb8515fa10d\TiWorker.exe,,,,SCAFFOLD,0x3e7,DC$,S-1-5-18,,,,,,,,,2997115E-A661-11F1-9932-005056B98D90,,
2026-09-02T00:12:46.558053Z,4663,dc.scaffold.htb,Microsoft-Windows-Security-Auditing,Security,21399,0,"%%1537
				",0x10000,,,,,,,0x1338,,,,,,,,,,,,,C:\Windows\Microsoft.NET\Framework\v4.0.30319\System.Web.Extensions.dll,Security,File,,,,0xe2c,C:\Windows\WinSxS\amd64_microsoft-windows-servicingstack_31bf3856ad364e35_10.0.20348.557_none_f1edaeb8515fa10d\TiWorker.exe,,S:AI,,SCAFFOLD,0x3e7,DC$,S-1-5-18,,,,,,,,,,,
2026-09-02T00:12:46.558074Z,4660,dc.scaffold.htb,Microsoft-Windows-Security-Auditing,Security,21400,0,,,,,,,,,0x1338,,,,,,,,,,,,,,Security,,,,,0xe2c,C:\Windows\WinSxS\amd64_microsoft-windows-servicingstack_31bf3856ad364e35_10.0.20348.557_none_f1edaeb8515fa10d\TiWorker.exe,,,,SCAFFOLD,0x3e7,DC$,S-1-5-18,,,,,,,,,2997115E-A661-11F1-9932-005056B98D90,,
2026-09-02T00:12:46.558798Z,4663,dc.scaffold.htb,Microsoft-Windows-Security-Auditing,Security,21401,0,"%%1537
				",0x10000,,,,,,,0x1334,,,,,,,,,,,,,C:\Windows\Microsoft.NET\Framework\v4.0.30319\System.Windows.Forms.dll,Security,File,,,,0xe2c,C:\Windows\WinSxS\amd64_microsoft-windows-servicingstack_31bf3856ad364e35_10.0.20348.557_none_f1edaeb8515fa10d\TiWorker.exe,,S:AI,,SCAFFOLD,0x3e7,DC$,S-1-5-18,,,,,,,,,,,
2026-09-02T00:12:46.558827Z,4660,dc.scaffold.htb,Microsoft-Windows-Security-Auditing,Security,21402,0,,,,,,,,,0x1334,,,,,,,,,,,,,,Security,,,,,0xe2c,C:\Windows\WinSxS\amd64_microsoft-windows-servicingstack_31bf3856ad364e35_10.0.20348.557_none_f1edaeb8515fa10d\TiWorker.exe,,,,SCAFFOLD,0x3e7,DC$,S-1-5-18,,,,,,,,,2997115E-A661-11F1-9932-005056B98D90,,
2026-09-02T00:12:46.559878Z,4663,dc.scaffold.htb,Microsoft-Windows-Security-Auditing,Security,21403,0,"%%1537
				",0x10000,,,,,,,0x133c,,,,,,,,,,,,,C:\Windows\Microsoft.NET\Framework\v4.0.30319\System.Xaml.dll,Security,File,,,,0xe2c,C:\Windows\WinSxS\amd64_microsoft-windows-servicingstack_31bf3856ad364e35_10.0.20348.557_none_f1edaeb8515fa10d\TiWorker.exe,,S:AI,,SCAFFOLD,0x3e7,DC$,S-1-5-18,,,,,,,,,,,
2026-09-02T00:12:46.559909Z,4660,dc.scaffold.htb,Microsoft-Windows-Security-Auditing,Security,21404,0,,,,,,,,,0x133c,,,,,,,,,,,,,,Security,,,,,0xe2c,C:\Windows\WinSxS\amd64_microsoft-windows-servicingstack_31bf3856ad364e35_10.0.20348.557_none_f1edaeb8515fa10d\TiWorker.exe,,,,SCAFFOLD,0x3e7,DC$,S-1-5-18,,,,,,,,,2997115E-A661-11F1-9932-005056B98D90,,
2026-09-02T00:12:46.560958Z,4663,dc.scaffold.htb,Microsoft-Windows-Security-Auditing,Security,21405,0,"%%1537
				",0x10000,,,,,,,0x1334,,,,,,,,,,,,,C:\Windows\Microsoft.NET\Framework\v4.0.30319\System.XML.dll,Security,File,,,,0xe2c,C:\Windows\WinSxS\amd64_microsoft-windows-servicingstack_31bf3856ad364e35_10.0.20348.557_none_f1edaeb8515fa10d\TiWorker.exe,,S:AI,,SCAFFOLD,0x3e7,DC$,S-1-5-18,,,,,,,,,,,
2026-09-02T00:12:46.563300Z,4660,dc.scaffold.htb,Microsoft-Windows-Security-Auditing,Security,21406,0,,,,,,,,,0x1334,,,,,,,,,,,,,,Security,,,,,0xe2c,C:\Windows\WinSxS\amd64_microsoft-windows-servicingstack_31bf3856ad364e35_10.0.20348.557_none_f1edaeb8515fa10d\TiWorker.exe,,,,SCAFFOLD,0x3e7,DC$,S-1-5-18,,,,,,,,,2997115E-A661-11F1-9932-005056B98D90,,
2026-09-02T00:12:46.566081Z,4663,dc.scaffold.htb,Microsoft-Windows-Security-Auditing,Security,21407,0,"%%1537
				",0x10000,,,,,,,0x1338,,,,,,,,,,,,,C:\Windows\Microsoft.NET\Framework\v4.0.30319\vbc.exe,Security,File,,,,0xe2c,C:\Windows\WinSxS\amd64_microsoft-windows-servicingstack_31bf3856ad364e35_10.0.20348.557_none_f1edaeb8515fa10d\TiWorker.exe,,S:AI,,SCAFFOLD,0x3e7,DC$,S-1-5-18,,,,,,,,,,,
2026-09-02T00:12:46.567489Z,4660,dc.scaffold.htb,Microsoft-Windows-Security-Auditing,Security,21408,0,,,,,,,,,0x1338,,,,,,,,,,,,,,Security,,,,,0xe2c,C:\Windows\WinSxS\amd64_microsoft-windows-servicingstack_31bf3856ad364e35_10.0.20348.557_none_f1edaeb8515fa10d\TiWorker.exe,,,,SCAFFOLD,0x3e7,DC$,S-1-5-18,,,,,,,,,2997115E-A661-11F1-9932-005056B98D90,,
2026-09-02T00:12:46.569728Z,4663,dc.scaffold.htb,Microsoft-Windows-Security-Auditing,Security,21409,0,"%%1537
				",0x10000,,,,,,,0x133c,,,,,,,,,,,,,C:\Windows\Microsoft.NET\Framework\v4.0.30319\webengine.dll,Security,File,,,,0xe2c,C:\Windows\WinSxS\amd64_microsoft-windows-servicingstack_31bf3856ad364e35_10.0.20348.557_none_f1edaeb8515fa10d\TiWorker.exe,,S:AI,,SCAFFOLD,0x3e7,DC$,S-1-5-18,,,,,,,,,,,
2026-09-02T00:12:46.570163Z,4660,dc.scaffold.htb,Microsoft-Windows-Security-Auditing,Security,21410,0,,,,,,,,,0x133c,,,,,,,,,,,,,,Security,,,,,0xe2c,C:\Windows\WinSxS\amd64_microsoft-windows-servicingstack_31bf3856ad364e35_10.0.20348.557_none_f1edaeb8515fa10d\TiWorker.exe,,,,SCAFFOLD,0x3e7,DC$,S-1-5-18,,,,,,,,,2997115E-A661-11F1-9932-005056B98D90,,
2026-09-02T00:12:46.572415Z,4663,dc.scaffold.htb,Microsoft-Windows-Security-Auditing,Security,21411,0,"%%1537
				",0x10000,,,,,,,0x1334,,,,,,,,,,,,,C:\Windows\Microsoft.NET\Framework\v4.0.30319\webengine4.dll,Security,File,,,,0xe2c,C:\Windows\WinSxS\amd64_microsoft-windows-servicingstack_31bf3856ad364e35_10.0.20348.557_none_f1edaeb8515fa10d\TiWorker.exe,,S:AI,,SCAFFOLD,0x3e7,DC$,S-1-5-18,,,,,,,,,,,
2026-09-02T00:12:46.573264Z,4660,dc.scaffold.htb,Microsoft-Windows-Security-Auditing,Security,21412,0,,,,,,,,,0x1334,,,,,,,,,,,,,,Security,,,,,0xe2c,C:\Windows\WinSxS\amd64_microsoft-windows-servicingstack_31bf3856ad364e35_10.0.20348.557_none_f1edaeb8515fa10d\TiWorker.exe,,,,SCAFFOLD,0x3e7,DC$,S-1-5-18,,,,,,,,,2997115E-A661-11F1-9932-005056B98D90,,
2026-09-02T00:12:46.574489Z,4663,dc.scaffold.htb,Microsoft-Windows-Security-Auditing,Security,21413,0,"%%1537
				",0x10000,,,,,,,0x1338,,,,,,,,,,,,,C:\Windows\Microsoft.NET\Framework\v4.0.30319\NativeImages\mscorlib.ni.dll,Security,File,,,,0xe2c,C:\Windows\WinSxS\amd64_microsoft-windows-servicingstack_31bf3856ad364e35_10.0.20348.557_none_f1edaeb8515fa10d\TiWorker.exe,,S:AI,,SCAFFOLD,0x3e7,DC$,S-1-5-18,,,,,,,,,,,
2026-09-02T00:12:46.574536Z,4660,dc.scaffold.htb,Microsoft-Windows-Security-Auditing,Security,21414,0,,,,,,,,,0x1338,,,,,,,,,,,,,,Security,,,,,0xe2c,C:\Windows\WinSxS\amd64_microsoft-windows-servicingstack_31bf3856ad364e35_10.0.20348.557_none_f1edaeb8515fa10d\TiWorker.exe,,,,SCAFFOLD,0x3e7,DC$,S-1-5-18,,,,,,,,,2997115E-A661-11F1-9932-005056B98D90,,
2026-09-02T00:12:46.577849Z,4663,dc.scaffold.htb,Microsoft-Windows-Security-Auditing,Security,21415,0,"%%1537
				",0x10000,,,,,,,0x133c,,,,,,,,,,,,,C:\Windows\Microsoft.NET\Framework\v4.0.30319\WPF\GlobalUserInterface.CompositeFont,Security,File,,,,0xe2c,C:\Windows\WinSxS\amd64_microsoft-windows-servicingstack_31bf3856ad364e35_10.0.20348.557_none_f1edaeb8515fa10d\TiWorker.exe,,S:AI,,SCAFFOLD,0x3e7,DC$,S-1-5-18,,,,,,,,,,,
2026-09-02T00:12:46.579914Z,4660,dc.scaffold.htb,Microsoft-Windows-Security-Auditing,Security,21416,0,,,,,,,,,0x133c,,,,,,,,,,,,,,Security,,,,,0xe2c,C:\Windows\WinSxS\amd64_microsoft-windows-servicingstack_31bf3856ad364e35_10.0.20348.557_none_f1edaeb8515fa10d\TiWorker.exe,,,,SCAFFOLD,0x3e7,DC$,S-1-5-18,,,,,,,,,2997115E-A661-11F1-9932-005056B98D90,,
2026-09-02T00:12:46.584130Z,4663,dc.scaffold.htb,Microsoft-Windows-Security-Auditing,Security,21417,0,"%%1537
				",0x10000,,,,,,,0x1334,,,,,,,,,,,,,C:\Windows\Microsoft.NET\Framework\v4.0.30319\WPF\PenIMC.dll,Security,File,,,,0xe2c,C:\Windows\WinSxS\amd64_microsoft-windows-servicingstack_31bf3856ad364e35_10.0.20348.557_none_f1edaeb8515fa10d\TiWorker.exe,,S:AI,,SCAFFOLD,0x3e7,DC$,S-1-5-18,,,,,,,,,,,
2026-09-02T00:12:46.584179Z,4660,dc.scaffold.htb,Microsoft-Windows-Security-Auditing,Security,21418,0,,,,,,,,,0x1334,,,,,,,,,,,,,,Security,,,,,0xe2c,C:\Windows\WinSxS\amd64_microsoft-windows-servicingstack_31bf3856ad364e35_10.0.20348.557_none_f1edaeb8515fa10d\TiWorker.exe,,,,SCAFFOLD,0x3e7,DC$,S-1-5-18,,,,,,,,,2997115E-A661-11F1-9932-005056B98D90,,
2026-09-02T00:12:46.586068Z,4663,dc.scaffold.htb,Microsoft-Windows-Security-Auditing,Security,21419,0,"%%1537
				",0x10000,,,,,,,0x1338,,,,,,,,,,,,,C:\Windows\Microsoft.NET\Framework\v4.0.30319\WPF\PenIMC2_v0400.dll,Security,File,,,,0xe2c,C:\Windows\WinSxS\amd64_microsoft-windows-servicingstack_31bf3856ad364e35_10.0.20348.557_none_f1edaeb8515fa10d\TiWorker.exe,,S:AI,,SCAFFOLD,0x3e7,DC$,S-1-5-18,,,,,,,,,,,
2026-09-02T00:12:46.586072Z,4660,dc.scaffold.htb,Microsoft-Windows-Security-Auditing,Security,21420,0,,,,,,,,,0x1338,,,,,,,,,,,,,,Security,,,,,0xe2c,C:\Windows\WinSxS\amd64_microsoft-windows-servicingstack_31bf3856ad364e35_10.0.20348.557_none_f1edaeb8515fa10d\TiWorker.exe,,,,SCAFFOLD,0x3e7,DC$,S-1-5-18,,,,,,,,,2997115E-A661-11F1-9932-005056B98D90,,
2026-09-02T00:12:46.587741Z,4663,dc.scaffold.htb,Microsoft-Windows-Security-Auditing,Security,21421,0,"%%1537
				",0x10000,,,,,,,0x133c,,,,,,,,,,,,,C:\Windows\Microsoft.NET\Framework\v4.0.30319\WPF\PenIMC_v0400.dll,Security,File,,,,0xe2c,C:\Windows\WinSxS\amd64_microsoft-windows-servicingstack_31bf3856ad364e35_10.0.20348.557_none_f1edaeb8515fa10d\TiWorker.exe,,S:AI,,SCAFFOLD,0x3e7,DC$,S-1-5-18,,,,,,,,,,,
2026-09-02T00:12:46.587788Z,4660,dc.scaffold.htb,Microsoft-Windows-Security-Auditing,Security,21422,0,,,,,,,,,0x133c,,,,,,,,,,,,,,Security,,,,,0xe2c,C:\Windows\WinSxS\amd64_microsoft-windows-servicingstack_31bf3856ad364e35_10.0.20348.557_none_f1edaeb8515fa10d\TiWorker.exe,,,,SCAFFOLD,0x3e7,DC$,S-1-5-18,,,,,,,,,2997115E-A661-11F1-9932-005056B98D90,,
2026-09-02T00:12:46.589527Z,4663,dc.scaffold.htb,Microsoft-Windows-Security-Auditing,Security,21423,0,"%%1537
				",0x10000,,,,,,,0x1334,,,,,,,,,,,,,C:\Windows\Microsoft.NET\Framework\v4.0.30319\WPF\PresentationCore.dll,Security,File,,,,0xe2c,C:\Windows\WinSxS\amd64_microsoft-windows-servicingstack_31bf3856ad364e35_10.0.20348.557_none_f1edaeb8515fa10d\TiWorker.exe,,S:AI,,SCAFFOLD,0x3e7,DC$,S-1-5-18,,,,,,,,,,,
2026-09-02T00:12:46.589581Z,4660,dc.scaffold.htb,Microsoft-Windows-Security-Auditing,Security,21424,0,,,,,,,,,0x1334,,,,,,,,,,,,,,Security,,,,,0xe2c,C:\Windows\WinSxS\amd64_microsoft-windows-servicingstack_31bf3856ad364e35_10.0.20348.557_none_f1edaeb8515fa10d\TiWorker.exe,,,,SCAFFOLD,0x3e7,DC$,S-1-5-18,,,,,,,,,2997115E-A661-11F1-9932-005056B98D90,,
2026-09-02T00:12:46.591326Z,4663,dc.scaffold.htb,Microsoft-Windows-Security-Auditing,Security,21425,0,"%%1537
				",0x10000,,,,,,,0x1338,,,,,,,,,,,,,C:\Windows\Microsoft.NET\Framework\v4.0.30319\WPF\PresentationFramework-SystemData.dll,Security,File,,,,0xe2c,C:\Windows\WinSxS\amd64_microsoft-windows-servicingstack_31bf3856ad364e35_10.0.20348.557_none_f1edaeb8515fa10d\TiWorker.exe,,S:AI,,SCAFFOLD,0x3e7,DC$,S-1-5-18,,,,,,,,,,,
2026-09-02T00:12:46.591357Z,4660,dc.scaffold.htb,Microsoft-Windows-Security-Auditing,Security,21426,0,,,,,,,,,0x1338,,,,,,,,,,,,,,Security,,,,,0xe2c,C:\Windows\WinSxS\amd64_microsoft-windows-servicingstack_31bf3856ad364e35_10.0.20348.557_none_f1edaeb8515fa10d\TiWorker.exe,,,,SCAFFOLD,0x3e7,DC$,S-1-5-18,,,,,,,,,2997115E-A661-11F1-9932-005056B98D90,,
2026-09-02T00:12:46.592235Z,4663,dc.scaffold.htb,Microsoft-Windows-Security-Auditing,Security,21427,0,"%%1537
				",0x10000,,,,,,,0x1330,,,,,,,,,,,,,C:\Windows\Microsoft.NET\Framework\v4.0.30319\WPF\PresentationFramework.dll,Security,File,,,,0xe2c,C:\Windows\WinSxS\amd64_microsoft-windows-servicingstack_31bf3856ad364e35_10.0.20348.557_none_f1edaeb8515fa10d\TiWorker.exe,,S:AI,,SCAFFOLD,0x3e7,DC$,S-1-5-18,,,,,,,,,,,
2026-09-02T00:12:46.592263Z,4660,dc.scaffold.htb,Microsoft-Windows-Security-Auditing,Security,21428,0,,,,,,,,,0x1330,,,,,,,,,,,,,,Security,,,,,0xe2c,C:\Windows\WinSxS\amd64_microsoft-windows-servicingstack_31bf3856ad364e35_10.0.20348.557_none_f1edaeb8515fa10d\TiWorker.exe,,,,SCAFFOLD,0x3e7,DC$,S-1-5-18,,,,,,,,,2997115E-A661-11F1-9932-005056B98D90,,
2026-09-02T00:12:46.592985Z,4663,dc.scaffold.htb,Microsoft-Windows-Security-Auditing,Security,21429,0,"%%1537
				",0x10000,,,,,,,0x1318,,,,,,,,,,,,,C:\Windows\Microsoft.NET\Framework\v4.0.30319\WPF\PresentationHost_v0400.dll,Security,File,,,,0xe2c,C:\Windows\WinSxS\amd64_microsoft-windows-servicingstack_31bf3856ad364e35_10.0.20348.557_none_f1edaeb8515fa10d\TiWorker.exe,,S:AI,,SCAFFOLD,0x3e7,DC$,S-1-5-18,,,,,,,,,,,
2026-09-02T00:12:46.593035Z,4660,dc.scaffold.htb,Microsoft-Windows-Security-Auditing,Security,21430,0,,,,,,,,,0x1318,,,,,,,,,,,,,,Security,,,,,0xe2c,C:\Windows\WinSxS\amd64_microsoft-windows-servicingstack_31bf3856ad364e35_10.0.20348.557_none_f1edaeb8515fa10d\TiWorker.exe,,,,SCAFFOLD,0x3e7,DC$,S-1-5-18,,,,,,,,,2997115E-A661-11F1-9932-005056B98D90,,
2026-09-02T00:12:46.595356Z,4663,dc.scaffold.htb,Microsoft-Windows-Security-Auditing,Security,21431,0,"%%1537
				",0x10000,,,,,,,0x1334,,,,,,,,,,,,,C:\Windows\Microsoft.NET\Framework\v4.0.30319\WPF\PresentationNative_v0400.dll,Security,File,,,,0xe2c,C:\Windows\WinSxS\amd64_microsoft-windows-servicingstack_31bf3856ad364e35_10.0.20348.557_none_f1edaeb8515fa10d\TiWorker.exe,,S:AI,,SCAFFOLD,0x3e7,DC$,S-1-5-18,,,,,,,,,,,
2026-09-02T00:12:46.595404Z,4660,dc.scaffold.htb,Microsoft-Windows-Security-Auditing,Security,21432,0,,,,,,,,,0x1334,,,,,,,,,,,,,,Security,,,,,0xe2c,C:\Windows\WinSxS\amd64_microsoft-windows-servicingstack_31bf3856ad364e35_10.0.20348.557_none_f1edaeb8515fa10d\TiWorker.exe,,,,SCAFFOLD,0x3e7,DC$,S-1-5-18,,,,,,,,,2997115E-A661-11F1-9932-005056B98D90,,
2026-09-02T00:12:46.597301Z,4663,dc.scaffold.htb,Microsoft-Windows-Security-Auditing,Security,21433,0,"%%1537
				",0x10000,,,,,,,0x1338,,,,,,,,,,,,,C:\Windows\Microsoft.NET\Framework\v4.0.30319\WPF\ReachFramework.dll,Security,File,,,,0xe2c,C:\Windows\WinSxS\amd64_microsoft-windows-servicingstack_31bf3856ad364e35_10.0.20348.557_none_f1edaeb8515fa10d\TiWorker.exe,,S:AI,,SCAFFOLD,0x3e7,DC$,S-1-5-18,,,,,,,,,,,
2026-09-02T00:12:46.597328Z,4660,dc.scaffold.htb,Microsoft-Windows-Security-Auditing,Security,21434,0,,,,,,,,,0x1338,,,,,,,,,,,,,,Security,,,,,0xe2c,C:\Windows\WinSxS\amd64_microsoft-windows-servicingstack_31bf3856ad364e35_10.0.20348.557_none_f1edaeb8515fa10d\TiWorker.exe,,,,SCAFFOLD,0x3e7,DC$,S-1-5-18,,,,,,,,,2997115E-A661-11F1-9932-005056B98D90,,
2026-09-02T00:12:46.599165Z,4663,dc.scaffold.htb,Microsoft-Windows-Security-Auditing,Security,21435,0,"%%1537
				",0x10000,,,,,,,0x1318,,,,,,,,,,,,,C:\Windows\Microsoft.NET\Framework\v4.0.30319\WPF\System.Printing.dll,Security,File,,,,0xe2c,C:\Windows\WinSxS\amd64_microsoft-windows-servicingstack_31bf3856ad364e35_10.0.20348.557_none_f1edaeb8515fa10d\TiWorker.exe,,S:AI,,SCAFFOLD,0x3e7,DC$,S-1-5-18,,,,,,,,,,,
2026-09-02T00:12:46.600686Z,4660,dc.scaffold.htb,Microsoft-Windows-Security-Auditing,Security,21436,0,,,,,,,,,0x1318,,,,,,,,,,,,,,Security,,,,,0xe2c,C:\Windows\WinSxS\amd64_microsoft-windows-servicingstack_31bf3856ad364e35_10.0.20348.557_none_f1edaeb8515fa10d\TiWorker.exe,,,,SCAFFOLD,0x3e7,DC$,S-1-5-18,,,,,,,,,2997115E-A661-11F1-9932-005056B98D90,,
2026-09-02T00:12:46.605591Z,4663,dc.scaffold.htb,Microsoft-Windows-Security-Auditing,Security,21437,0,"%%1537
				",0x10000,,,,,,,0x1334,,,,,,,,,,,,,C:\Windows\Microsoft.NET\Framework\v4.0.30319\WPF\System.Windows.Controls.Ribbon.dll,Security,File,,,,0xe2c,C:\Windows\WinSxS\amd64_microsoft-windows-servicingstack_31bf3856ad364e35_10.0.20348.557_none_f1edaeb8515fa10d\TiWorker.exe,,S:AI,,SCAFFOLD,0x3e7,DC$,S-1-5-18,,,,,,,,,,,
2026-09-02T00:12:46.605621Z,4660,dc.scaffold.htb,Microsoft-Windows-Security-Auditing,Security,21438,0,,,,,,,,,0x1334,,,,,,,,,,,,,,Security,,,,,0xe2c,C:\Windows\WinSxS\amd64_microsoft-windows-servicingstack_31bf3856ad364e35_10.0.20348.557_none_f1edaeb8515fa10d\TiWorker.exe,,,,SCAFFOLD,0x3e7,DC$,S-1-5-18,,,,,,,,,2997115E-A661-11F1-9932-005056B98D90,,
2026-09-02T00:12:46.606356Z,4663,dc.scaffold.htb,Microsoft-Windows-Security-Auditing,Security,21439,0,"%%1537
				",0x10000,,,,,,,0x1338,,,,,,,,,,,,,C:\Windows\Microsoft.NET\Framework\v4.0.30319\WPF\UIAutomationClient.dll,Security,File,,,,0xe2c,C:\Windows\WinSxS\amd64_microsoft-windows-servicingstack_31bf3856ad364e35_10.0.20348.557_none_f1edaeb8515fa10d\TiWorker.exe,,S:AI,,SCAFFOLD,0x3e7,DC$,S-1-5-18,,,,,,,,,,,
2026-09-02T00:12:46.606382Z,4660,dc.scaffold.htb,Microsoft-Windows-Security-Auditing,Security,21440,0,,,,,,,,,0x1338,,,,,,,,,,,,,,Security,,,,,0xe2c,C:\Windows\WinSxS\amd64_microsoft-windows-servicingstack_31bf3856ad364e35_10.0.20348.557_none_f1edaeb8515fa10d\TiWorker.exe,,,,SCAFFOLD,0x3e7,DC$,S-1-5-18,,,,,,,,,2997115E-A661-11F1-9932-005056B98D90,,
2026-09-02T00:12:46.607189Z,4663,dc.scaffold.htb,Microsoft-Windows-Security-Auditing,Security,21441,0,"%%1537
				",0x10000,,,,,,,0x1318,,,,,,,,,,,,,C:\Windows\Microsoft.NET\Framework\v4.0.30319\WPF\UIAutomationClientsideProviders.dll,Security,File,,,,0xe2c,C:\Windows\WinSxS\amd64_microsoft-windows-servicingstack_31bf3856ad364e35_10.0.20348.557_none_f1edaeb8515fa10d\TiWorker.exe,,S:AI,,SCAFFOLD,0x3e7,DC$,S-1-5-18,,,,,,,,,,,
2026-09-02T00:12:46.607193Z,4660,dc.scaffold.htb,Microsoft-Windows-Security-Auditing,Security,21442,0,,,,,,,,,0x1318,,,,,,,,,,,,,,Security,,,,,0xe2c,C:\Windows\WinSxS\amd64_microsoft-windows-servicingstack_31bf3856ad364e35_10.0.20348.557_none_f1edaeb8515fa10d\TiWorker.exe,,,,SCAFFOLD,0x3e7,DC$,S-1-5-18,,,,,,,,,2997115E-A661-11F1-9932-005056B98D90,,
2026-09-02T00:12:46.607866Z,4663,dc.scaffold.htb,Microsoft-Windows-Security-Auditing,Security,21443,0,"%%1537
				",0x10000,,,,,,,0x1334,,,,,,,,,,,,,C:\Windows\Microsoft.NET\Framework\v4.0.30319\WPF\UIAutomationProvider.dll,Security,File,,,,0xe2c,C:\Windows\WinSxS\amd64_microsoft-windows-servicingstack_31bf3856ad364e35_10.0.20348.557_none_f1edaeb8515fa10d\TiWorker.exe,,S:AI,,SCAFFOLD,0x3e7,DC$,S-1-5-18,,,,,,,,,,,
2026-09-02T00:12:46.607888Z,4660,dc.scaffold.htb,Microsoft-Windows-Security-Auditing,Security,21444,0,,,,,,,,,0x1334,,,,,,,,,,,,,,Security,,,,,0xe2c,C:\Windows\WinSxS\amd64_microsoft-windows-servicingstack_31bf3856ad364e35_10.0.20348.557_none_f1edaeb8515fa10d\TiWorker.exe,,,,SCAFFOLD,0x3e7,DC$,S-1-5-18,,,,,,,,,2997115E-A661-11F1-9932-005056B98D90,,
2026-09-02T00:12:46.608574Z,4663,dc.scaffold.htb,Microsoft-Windows-Security-Auditing,Security,21445,0,"%%1537
				",0x10000,,,,,,,0x1338,,,,,,,,,,,,,C:\Windows\Microsoft.NET\Framework\v4.0.30319\WPF\UIAutomationTypes.dll,Security,File,,,,0xe2c,C:\Windows\WinSxS\amd64_microsoft-windows-servicingstack_31bf3856ad364e35_10.0.20348.557_none_f1edaeb8515fa10d\TiWorker.exe,,S:AI,,SCAFFOLD,0x3e7,DC$,S-1-5-18,,,,,,,,,,,
2026-09-02T00:12:46.608596Z,4660,dc.scaffold.htb,Microsoft-Windows-Security-Auditing,Security,21446,0,,,,,,,,,0x1338,,,,,,,,,,,,,,Security,,,,,0xe2c,C:\Windows\WinSxS\amd64_microsoft-windows-servicingstack_31bf3856ad364e35_10.0.20348.557_none_f1edaeb8515fa10d\TiWorker.exe,,,,SCAFFOLD,0x3e7,DC$,S-1-5-18,,,,,,,,,2997115E-A661-11F1-9932-005056B98D90,,
2026-09-02T00:12:46.609238Z,4663,dc.scaffold.htb,Microsoft-Windows-Security-Auditing,Security,21447,0,"%%1537
				",0x10000,,,,,,,0x1318,,,,,,,,,,,,,C:\Windows\Microsoft.NET\Framework\v4.0.30319\WPF\WindowsBase.dll,Security,File,,,,0xe2c,C:\Windows\WinSxS\amd64_microsoft-windows-servicingstack_31bf3856ad364e35_10.0.20348.557_none_f1edaeb8515fa10d\TiWorker.exe,,S:AI,,SCAFFOLD,0x3e7,DC$,S-1-5-18,,,,,,,,,,,
2026-09-02T00:12:46.609262Z,4660,dc.scaffold.htb,Microsoft-Windows-Security-Auditing,Security,21448,0,,,,,,,,,0x1318,,,,,,,,,,,,,,Security,,,,,0xe2c,C:\Windows\WinSxS\amd64_microsoft-windows-servicingstack_31bf3856ad364e35_10.0.20348.557_none_f1edaeb8515fa10d\TiWorker.exe,,,,SCAFFOLD,0x3e7,DC$,S-1-5-18,,,,,,,,,2997115E-A661-11F1-9932-005056B98D90,,
2026-09-02T00:12:46.609991Z,4663,dc.scaffold.htb,Microsoft-Windows-Security-Auditing,Security,21449,0,"%%1537
				",0x10000,,,,,,,0x1334,,,,,,,,,,,,,C:\Windows\Microsoft.NET\Framework\v4.0.30319\WPF\WindowsFormsIntegration.dll,Security,File,,,,0xe2c,C:\Windows\WinSxS\amd64_microsoft-windows-servicingstack_31bf3856ad364e35_10.0.20348.557_none_f1edaeb8515fa10d\TiWorker.exe,,S:AI,,SCAFFOLD,0x3e7,DC$,S-1-5-18,,,,,,,,,,,
2026-09-02T00:12:46.609997Z,4660,dc.scaffold.htb,Microsoft-Windows-Security-Auditing,Security,21450,0,,,,,,,,,0x1334,,,,,,,,,,,,,,Security,,,,,0xe2c,C:\Windows\WinSxS\amd64_microsoft-windows-servicingstack_31bf3856ad364e35_10.0.20348.557_none_f1edaeb8515fa10d\TiWorker.exe,,,,SCAFFOLD,0x3e7,DC$,S-1-5-18,,,,,,,,,2997115E-A661-11F1-9932-005056B98D90,,
2026-09-02T00:12:46.610742Z,4663,dc.scaffold.htb,Microsoft-Windows-Security-Auditing,Security,21451,0,"%%1537
				",0x10000,,,,,,,0x1338,,,,,,,,,,,,,C:\Windows\Microsoft.NET\Framework\v4.0.30319\WPF\wpfgfx_v0400.dll,Security,File,,,,0xe2c,C:\Windows\WinSxS\amd64_microsoft-windows-servicingstack_31bf3856ad364e35_10.0.20348.557_none_f1edaeb8515fa10d\TiWorker.exe,,S:AI,,SCAFFOLD,0x3e7,DC$,S-1-5-18,,,,,,,,,,,
2026-09-02T00:12:46.610794Z,4660,dc.scaffold.htb,Microsoft-Windows-Security-Auditing,Security,21452,0,,,,,,,,,0x1338,,,,,,,,,,,,,,Security,,,,,0xe2c,C:\Windows\WinSxS\amd64_microsoft-windows-servicingstack_31bf3856ad364e35_10.0.20348.557_none_f1edaeb8515fa10d\TiWorker.exe,,,,SCAFFOLD,0x3e7,DC$,S-1-5-18,,,,,,,,,2997115E-A661-11F1-9932-005056B98D90,,
2026-09-02T00:12:46.613314Z,4663,dc.scaffold.htb,Microsoft-Windows-Security-Auditing,Security,21453,0,"%%1537
				",0x10000,,,,,,,0x1318,,,,,,,,,,,,,C:\Windows\Microsoft.NET\Framework\v4.0.30319\WPF\en-US\PresentationHost_v0400.dll.mui,Security,File,,,,0xe2c,C:\Windows\WinSxS\amd64_microsoft-windows-servicingstack_31bf3856ad364e35_10.0.20348.557_none_f1edaeb8515fa10d\TiWorker.exe,,S:AI,,SCAFFOLD,0x3e7,DC$,S-1-5-18,,,,,,,,,,,
2026-09-02T00:12:46.613366Z,4660,dc.scaffold.htb,Microsoft-Windows-Security-Auditing,Security,21454,0,,,,,,,,,0x1318,,,,,,,,,,,,,,Security,,,,,0xe2c,C:\Windows\WinSxS\amd64_microsoft-windows-servicingstack_31bf3856ad364e35_10.0.20348.557_none_f1edaeb8515fa10d\TiWorker.exe,,,,SCAFFOLD,0x3e7,DC$,S-1-5-18,,,,,,,,,2997115E-A661-11F1-9932-005056B98D90,,
2026-09-02T00:12:46.616145Z,4663,dc.scaffold.htb,Microsoft-Windows-Security-Auditing,Security,21455,0,"%%1537
				",0x10000,,,,,,,0x1334,,,,,,,,,,,,,C:\Windows\Microsoft.NET\Framework\v4.0.30319\WPF\Fonts\GlobalUserInterface.CompositeFont,Security,File,,,,0xe2c,C:\Windows\WinSxS\amd64_microsoft-windows-servicingstack_31bf3856ad364e35_10.0.20348.557_none_f1edaeb8515fa10d\TiWorker.exe,,S:AI,,SCAFFOLD,0x3e7,DC$,S-1-5-18,,,,,,,,,,,
2026-09-02T00:12:46.616677Z,4660,dc.scaffold.htb,Microsoft-Windows-Security-Auditing,Security,21456,0,,,,,,,,,0x1334,,,,,,,,,,,,,,Security,,,,,0xe2c,C:\Windows\WinSxS\amd64_microsoft-windows-servicingstack_31bf3856ad364e35_10.0.20348.557_none_f1edaeb8515fa10d\TiWorker.exe,,,,SCAFFOLD,0x3e7,DC$,S-1-5-18,,,,,,,,,2997115E-A661-11F1-9932-005056B98D90,,
2026-09-02T00:12:46.622530Z,4663,dc.scaffold.htb,Microsoft-Windows-Security-Auditing,Security,21457,0,"%%1537
				",0x10000,,,,,,,0x1340,,,,,,,,,,,,,C:\Windows\Microsoft.NET\Framework64\v4.0.30319\Aspnet_perf.dll,Security,File,,,,0xe2c,C:\Windows\WinSxS\amd64_microsoft-windows-servicingstack_31bf3856ad364e35_10.0.20348.557_none_f1edaeb8515fa10d\TiWorker.exe,,S:AI,,SCAFFOLD,0x3e7,DC$,S-1-5-18,,,,,,,,,,,
2026-09-02T00:12:46.901361Z,4985,dc.scaffold.htb,Microsoft-Windows-Security-Auditing,Security,21458,0,,,,,,,,,,,,,,,,,,,,56,,,,,,,,0xe2c,C:\Windows\WinSxS\amd64_microsoft-windows-servicingstack_31bf3856ad364e35_10.0.20348.557_none_f1edaeb8515fa10d\TiWorker.exe,,,DA4CB52F-4F22-11F1-A9A6-8906DE6815CD,SCAFFOLD,0x3e7,DC$,S-1-5-18,,,,,,,,,2997115E-A661-11F1-9932-005056B98D90,,
2026-09-02T00:12:46.919663Z,4663,dc.scaffold.htb,Microsoft-Windows-Security-Auditing,Security,21459,0,"%%4417
				",0x2,,,,,,,0x1f50,,,,,,,,,,,,,C:\Windows\servicing\Sessions,Security,File,,,,0xe2c,C:\Windows\WinSxS\amd64_microsoft-windows-servicingstack_31bf3856ad364e35_10.0.20348.557_none_f1edaeb8515fa10d\TiWorker.exe,,S:AI,,SCAFFOLD,0x3e7,DC$,S-1-5-18,,,,,,,,,,,
2026-09-02T00:12:46.920157Z,4663,dc.scaffold.htb,Microsoft-Windows-Security-Auditing,Security,21460,0,"%%4417
				%%4418
				",0x6,,,,,,,0x134c,,,,,,,,,,,,,C:\Windows\servicing\Sessions\31275631_2954305271.xml,Security,File,,,,0xe2c,C:\Windows\WinSxS\amd64_microsoft-windows-servicingstack_31bf3856ad364e35_10.0.20348.557_none_f1edaeb8515fa10d\TiWorker.exe,,,,SCAFFOLD,0x3e7,DC$,S-1-5-18,,,,,,,,,,,
2026-09-02T00:12:52.383274Z,4663,dc.scaffold.htb,Microsoft-Windows-Security-Auditing,Security,21461,0,"%%4417
				%%4418
				",0x6,,,,,,,0x1324,,,,,,,,,,,,,C:\Windows\servicing\Sessions\31275631_3416180256.xml,Security,File,,,,0xe2c,C:\Windows\WinSxS\amd64_microsoft-windows-servicingstack_31bf3856ad364e35_10.0.20348.557_none_f1edaeb8515fa10d\TiWorker.exe,,,,SCAFFOLD,0x3e7,DC$,S-1-5-18,,,,,,,,,,,
2026-09-02T00:12:54.511779Z,4663,dc.scaffold.htb,Microsoft-Windows-Security-Auditing,Security,21462,0,"%%4417
				",0x2,,,,,,,0x206c,,,,,,,,,,,,,C:\Windows\servicing\Sessions,Security,File,,,,0xe2c,C:\Windows\WinSxS\amd64_microsoft-windows-servicingstack_31bf3856ad364e35_10.0.20348.557_none_f1edaeb8515fa10d\TiWorker.exe,,S:AI,,SCAFFOLD,0x3e7,DC$,S-1-5-18,,,,,,,,,,,
2026-09-02T00:12:54.512232Z,4663,dc.scaffold.htb,Microsoft-Windows-Security-Auditing,Security,21463,0,"%%4417
				%%4418
				",0x6,,,,,,,0x1328,,,,,,,,,,,,,C:\Windows\servicing\Sessions\31275631_3416180256.xml,Security,File,,,,0xe2c,C:\Windows\WinSxS\amd64_microsoft-windows-servicingstack_31bf3856ad364e35_10.0.20348.557_none_f1edaeb8515fa10d\TiWorker.exe,,,,SCAFFOLD,0x3e7,DC$,S-1-5-18,,,,,,,,,,,
2026-09-02T02:16:54.048126Z,4688,dc.scaffold.htb,Microsoft-Windows-Security-Auditing,Security,21464,0,,,,,,,,,,,,,,,,S-1-16-16384,0x64,Registry,,,,,,,,,,0x4,,,,,-,0x3e7,-,S-1-5-18,-,0x0,,,-,S-1-0-0,,%%1936,,,
2026-09-02T02:16:54.048140Z,4696,dc.scaffold.htb,Microsoft-Windows-Security-Auditing,Security,21465,0,,,,,,,,,,,,,,,,,,,,,,,,,,,,0x4,,,,,-,0x3e7,-,S-1-5-18,-,0x3e7,0x64,Registry,-,S-1-0-0,,,,,
2026-09-02T02:16:54.048148Z,4826,dc.scaffold.htb,Microsoft-Windows-Security-Auditing,Security,21466,0,,,%%1843,,%%1846,%%1843,,%%1843,,%%1843,%%1848,-,%%1843,,-,,,,,,,,,,,,,,,%%1843,,,-,0x3e7,-,S-1-5-18,,,,,,,%%1843,,,%%1848,
2026-09-02T02:16:54.052974Z,4688,dc.scaffold.htb,Microsoft-Windows-Security-Auditing,Security,21467,0,,,,,,,,,,,,,,,,S-1-16-16384,0x134,C:\Windows\System32\smss.exe,,,,,,,,,,0x4,,,,,-,0x3e7,-,S-1-5-18,-,0x0,,,-,S-1-0-0,,%%1936,,,
2026-09-02T02:16:54.703342Z,4688,dc.scaffold.htb,Microsoft-Windows-Security-Auditing,Security,21468,0,,,,,,,,,,,,,,,,S-1-16-16384,0x150,C:\Windows\System32\autochk.exe,,,,,,,,C:\Windows\System32\smss.exe,,0x134,,,,,-,0x3e7,-,S-1-5-18,-,0x0,,,-,S-1-0-0,,%%1936,,,
2026-09-02T02:16:56.367244Z,4688,dc.scaffold.htb,Microsoft-Windows-Security-Auditing,Security,21469,0,,,,,,,,,,,,,,,,S-1-16-16384,0x1a4,C:\Windows\System32\smss.exe,,,,,,,,C:\Windows\System32\smss.exe,,0x134,,,,,-,0x3e7,-,S-1-5-18,-,0x0,,,-,S-1-0-0,,%%1936,,,
2026-09-02T02:16:56.492240Z,4688,dc.scaffold.htb,Microsoft-Windows-Security-Auditing,Security,21470,0,,,,,,,,,,,,,,,,S-1-16-16384,0x1b0,C:\Windows\System32\csrss.exe,,,,,,,,C:\Windows\System32\smss.exe,,0x1a4,,,,,-,0x3e7,-,S-1-5-18,-,0x0,,,-,S-1-0-0,,%%1936,,,
2026-09-02T02:16:57.135137Z,4688,dc.scaffold.htb,Microsoft-Windows-Security-Auditing,Security,21471,0,,,,,,,,,,,,,,,,S-1-16-16384,0x210,C:\Windows\System32\smss.exe,,,,,,,,C:\Windows\System32\smss.exe,,0x134,,,,,-,0x3e7,-,S-1-5-18,-,0x0,,,-,S-1-0-0,,%%1936,,,
2026-09-02T02:16:57.143330Z,4688,dc.scaffold.htb,Microsoft-Windows-Security-Auditing,Security,21472,0,,,,,,,,,,,,,,,,S-1-16-16384,0x218,C:\Windows\System32\wininit.exe,,,,,,,,C:\Windows\System32\smss.exe,,0x1a4,,,,,-,0x3e7,-,S-1-5-18,-,0x0,,,-,S-1-0-0,,%%1936,,,
2026-09-02T02:16:57.148589Z,4688,dc.scaffold.htb,Microsoft-Windows-Security-Auditing,Security,21473,0,,,,,,,,,,,,,,,,S-1-16-16384,0x220,C:\Windows\System32\csrss.exe,,,,,,,,C:\Windows\System32\smss.exe,,0x210,,,,,-,0x3e7,-,S-1-5-18,-,0x0,,,-,S-1-0-0,,%%1936,,,
2026-09-02T02:16:58.217420Z,4688,dc.scaffold.htb,Microsoft-Windows-Security-Auditing,Security,21474,0,,,,,,,,,,,,,,,,S-1-16-16384,0x258,C:\Windows\System32\winlogon.exe,,,,,,,,C:\Windows\System32\smss.exe,,0x210,,,,,-,0x3e7,-,S-1-5-18,-,0x0,,,-,S-1-0-0,,%%1936,,,
2026-09-02T02:16:59.781625Z,4688,dc.scaffold.htb,Microsoft-Windows-Security-Auditing,Security,21475,0,,,,,,,,,,,,,,,,S-1-16-16384,0x2a0,C:\Windows\System32\services.exe,,,,,,,,C:\Windows\System32\wininit.exe,,0x218,,,,,-,0x3e7,-,S-1-5-18,-,0x0,,,-,S-1-0-0,,%%1936,,,
2026-09-02T02:16:59.895075Z,4688,dc.scaffold.htb,Microsoft-Windows-Security-Auditing,Security,21476,0,,,,,,,,,,,,,,,,S-1-16-16384,0x2b4,C:\Windows\System32\lsass.exe,,,,,,,,C:\Windows\System32\wininit.exe,,0x218,,,,,-,0x3e7,-,S-1-5-18,-,0x0,,,-,S-1-0-0,,%%1936,,,
2026-09-02T02:24:42.302131Z,4688,dc.scaffold.htb,Microsoft-Windows-Security-Auditing,Security,21477,0,,,,,,,,,,,,,,,,S-1-16-16384,0x64,Registry,,,,,,,,,,0x4,,,,,-,0x3e7,-,S-1-5-18,-,0x0,,,-,S-1-0-0,,%%1936,,,
2026-09-02T02:24:42.302144Z,4696,dc.scaffold.htb,Microsoft-Windows-Security-Auditing,Security,21478,0,,,,,,,,,,,,,,,,,,,,,,,,,,,,0x4,,,,,-,0x3e7,-,S-1-5-18,-,0x3e7,0x64,Registry,-,S-1-0-0,,,,,
2026-09-02T02:24:42.302150Z,4826,dc.scaffold.htb,Microsoft-Windows-Security-Auditing,Security,21479,0,,,%%1843,,%%1846,%%1843,,%%1843,,%%1843,%%1848,-,%%1843,,-,,,,,,,,,,,,,,,%%1843,,,-,0x3e7,-,S-1-5-18,,,,,,,%%1843,,,%%1848,
2026-09-02T02:24:42.312700Z,4688,dc.scaffold.htb,Microsoft-Windows-Security-Auditing,Security,21480,0,,,,,,,,,,,,,,,,S-1-16-16384,0x134,C:\Windows\System32\smss.exe,,,,,,,,,,0x4,,,,,-,0x3e7,-,S-1-5-18,-,0x0,,,-,S-1-0-0,,%%1936,,,
2026-09-02T02:24:42.868084Z,4688,dc.scaffold.htb,Microsoft-Windows-Security-Auditing,Security,21481,0,,,,,,,,,,,,,,,,S-1-16-16384,0x154,C:\Windows\System32\autochk.exe,,,,,,,,C:\Windows\System32\smss.exe,,0x134,,,,,-,0x3e7,-,S-1-5-18,-,0x0,,,-,S-1-0-0,,%%1936,,,
2026-09-02T02:24:44.030391Z,4688,dc.scaffold.htb,Microsoft-Windows-Security-Auditing,Security,21482,0,,,,,,,,,,,,,,,,S-1-16-16384,0x198,C:\Windows\System32\smss.exe,,,,,,,,C:\Windows\System32\smss.exe,,0x134,,,,,-,0x3e7,-,S-1-5-18,-,0x0,,,-,S-1-0-0,,%%1936,,,
2026-09-02T02:24:44.294024Z,4688,dc.scaffold.htb,Microsoft-Windows-Security-Auditing,Security,21483,0,,,,,,,,,,,,,,,,S-1-16-16384,0x1a0,C:\Windows\System32\csrss.exe,,,,,,,,C:\Windows\System32\smss.exe,,0x198,,,,,-,0x3e7,-,S-1-5-18,-,0x0,,,-,S-1-0-0,,%%1936,,,
2026-09-02T02:24:44.596214Z,4688,dc.scaffold.htb,Microsoft-Windows-Security-Auditing,Security,21484,0,,,,,,,,,,,,,,,,S-1-16-16384,0x204,C:\Windows\System32\smss.exe,,,,,,,,C:\Windows\System32\smss.exe,,0x134,,,,,-,0x3e7,-,S-1-5-18,-,0x0,,,-,S-1-0-0,,%%1936,,,
2026-09-02T02:24:44.603603Z,4688,dc.scaffold.htb,Microsoft-Windows-Security-Auditing,Security,21485,0,,,,,,,,,,,,,,,,S-1-16-16384,0x20c,C:\Windows\System32\wininit.exe,,,,,,,,C:\Windows\System32\smss.exe,,0x198,,,,,-,0x3e7,-,S-1-5-18,-,0x0,,,-,S-1-0-0,,%%1936,,,
2026-09-02T02:24:44.607934Z,4688,dc.scaffold.htb,Microsoft-Windows-Security-Auditing,Security,21486,0,,,,,,,,,,,,,,,,S-1-16-16384,0x214,C:\Windows\System32\csrss.exe,,,,,,,,C:\Windows\System32\smss.exe,,0x204,,,,,-,0x3e7,-,S-1-5-18,-,0x0,,,-,S-1-0-0,,%%1936,,,
2026-09-02T02:24:44.659485Z,4688,dc.scaffold.htb,Microsoft-Windows-Security-Auditing,Security,21487,0,,,,,,,,,,,,,,,,S-1-16-16384,0x24c,C:\Windows\System32\winlogon.exe,,,,,,,,C:\Windows\System32\smss.exe,,0x204,,,,,-,0x3e7,-,S-1-5-18,-,0x0,,,-,S-1-0-0,,%%1936,,,
2026-09-02T02:24:44.798902Z,4688,dc.scaffold.htb,Microsoft-Windows-Security-Auditing,Security,21488,0,,,,,,,,,,,,,,,,S-1-16-16384,0x290,C:\Windows\System32\services.exe,,,,,,,,C:\Windows\System32\wininit.exe,,0x20c,,,,,-,0x3e7,-,S-1-5-18,-,0x0,,,-,S-1-0-0,,%%1936,,,
2026-09-02T02:24:44.903776Z,4688,dc.scaffold.htb,Microsoft-Windows-Security-Auditing,Security,21489,0,,,,,,,,,,,,,,,,S-1-16-16384,0x2a4,C:\Windows\System32\lsass.exe,,,,,,,,C:\Windows\System32\wininit.exe,,0x20c,,,,,-,0x3e7,-,S-1-5-18,-,0x0,,,-,S-1-0-0,,%%1936,,,
2026-09-02T03:17:09.652632Z,4688,dc.scaffold.htb,Microsoft-Windows-Security-Auditing,Security,21490,0,,,,,,,,,,,,,,,,S-1-16-16384,0x64,Registry,,,,,,,,,,0x4,,,,,-,0x3e7,-,S-1-5-18,-,0x0,,,-,S-1-0-0,,%%1936,,,
2026-09-02T03:17:09.652652Z,4696,dc.scaffold.htb,Microsoft-Windows-Security-Auditing,Security,21491,0,,,,,,,,,,,,,,,,,,,,,,,,,,,,0x4,,,,,-,0x3e7,-,S-1-5-18,-,0x3e7,0x64,Registry,-,S-1-0-0,,,,,
2026-09-02T03:17:09.652660Z,4826,dc.scaffold.htb,Microsoft-Windows-Security-Auditing,Security,21492,0,,,%%1843,,%%1846,%%1843,,%%1843,,%%1843,%%1848,-,%%1843,,-,,,,,,,,,,,,,,,%%1843,,,-,0x3e7,-,S-1-5-18,,,,,,,%%1843,,,%%1848,
2026-09-02T03:17:09.658152Z,4688,dc.scaffold.htb,Microsoft-Windows-Security-Auditing,Security,21493,0,,,,,,,,,,,,,,,,S-1-16-16384,0x130,C:\Windows\System32\smss.exe,,,,,,,,,,0x4,,,,,-,0x3e7,-,S-1-5-18,-,0x0,,,-,S-1-0-0,,%%1936,,,
2026-09-02T03:17:10.054443Z,4688,dc.scaffold.htb,Microsoft-Windows-Security-Auditing,Security,21494,0,,,,,,,,,,,,,,,,S-1-16-16384,0x150,C:\Windows\System32\autochk.exe,,,,,,,,C:\Windows\System32\smss.exe,,0x130,,,,,-,0x3e7,-,S-1-5-18,-,0x0,,,-,S-1-0-0,,%%1936,,,
2026-09-02T03:17:11.190631Z,4688,dc.scaffold.htb,Microsoft-Windows-Security-Auditing,Security,21495,0,,,,,,,,,,,,,,,,S-1-16-16384,0x194,C:\Windows\System32\smss.exe,,,,,,,,C:\Windows\System32\smss.exe,,0x130,,,,,-,0x3e7,-,S-1-5-18,-,0x0,,,-,S-1-0-0,,%%1936,,,
2026-09-02T03:17:11.273292Z,4688,dc.scaffold.htb,Microsoft-Windows-Security-Auditing,Security,21496,0,,,,,,,,,,,,,,,,S-1-16-16384,0x1a4,C:\Windows\System32\csrss.exe,,,,,,,,C:\Windows\System32\smss.exe,,0x194,,,,,-,0x3e7,-,S-1-5-18,-,0x0,,,-,S-1-0-0,,%%1936,,,
2026-09-02T03:17:11.486834Z,4688,dc.scaffold.htb,Microsoft-Windows-Security-Auditing,Security,21497,0,,,,,,,,,,,,,,,,S-1-16-16384,0x204,C:\Windows\System32\smss.exe,,,,,,,,C:\Windows\System32\smss.exe,,0x130,,,,,-,0x3e7,-,S-1-5-18,-,0x0,,,-,S-1-0-0,,%%1936,,,
2026-09-02T03:17:11.491910Z,4688,dc.scaffold.htb,Microsoft-Windows-Security-Auditing,Security,21498,0,,,,,,,,,,,,,,,,S-1-16-16384,0x20c,C:\Windows\System32\wininit.exe,,,,,,,,C:\Windows\System32\smss.exe,,0x194,,,,,-,0x3e7,-,S-1-5-18,-,0x0,,,-,S-1-0-0,,%%1936,,,
2026-09-02T03:17:11.497611Z,4688,dc.scaffold.htb,Microsoft-Windows-Security-Auditing,Security,21499,0,,,,,,,,,,,,,,,,S-1-16-16384,0x214,C:\Windows\System32\csrss.exe,,,,,,,,C:\Windows\System32\smss.exe,,0x204,,,,,-,0x3e7,-,S-1-5-18,-,0x0,,,-,S-1-0-0,,%%1936,,,
2026-09-02T03:17:11.534840Z,4688,dc.scaffold.htb,Microsoft-Windows-Security-Auditing,Security,21500,0,,,,,,,,,,,,,,,,S-1-16-16384,0x24c,C:\Windows\System32\winlogon.exe,,,,,,,,C:\Windows\System32\smss.exe,,0x204,,,,,-,0x3e7,-,S-1-5-18,-,0x0,,,-,S-1-0-0,,%%1936,,,
2026-09-02T03:17:11.623936Z,4688,dc.scaffold.htb,Microsoft-Windows-Security-Auditing,Security,21501,0,,,,,,,,,,,,,,,,S-1-16-16384,0x294,C:\Windows\System32\services.exe,,,,,,,,C:\Windows\System32\wininit.exe,,0x20c,,,,,-,0x3e7,-,S-1-5-18,-,0x0,,,-,S-1-0-0,,%%1936,,,
2026-09-02T03:17:11.685399Z,4688,dc.scaffold.htb,Microsoft-Windows-Security-Auditing,Security,21502,0,,,,,,,,,,,,,,,,S-1-16-16384,0x2a8,C:\Windows\System32\lsass.exe,,,,,,,,C:\Windows\System32\wininit.exe,,0x20c,,,,,-,0x3e7,-,S-1-5-18,-,0x0,,,-,S-1-0-0,,%%1936,,,
2026-09-02T03:21:18.312611Z,4663,dc.scaffold.htb,Microsoft-Windows-Security-Auditing,Security,21503,0,"%%4417
				",0x2,,,,,,,0x2208,,,,,,,,,,,,,C:\Windows\servicing\Sessions,Security,File,,,,0x870,C:\Windows\WinSxS\amd64_microsoft-windows-servicingstack_31bf3856ad364e35_10.0.20348.557_none_f1edaeb8515fa10d\TiWorker.exe,,S:AI,,SCAFFOLD,0x3e7,DC$,S-1-5-18,,,,,,,,,,,
2026-09-02T03:21:18.312959Z,4663,dc.scaffold.htb,Microsoft-Windows-Security-Auditing,Security,21504,0,"%%4417
				%%4418
				",0x6,,,,,,,0x510,,,,,,,,,,,,,C:\Windows\servicing\Sessions\31275631_2954305271.xml,Security,File,,,,0x870,C:\Windows\WinSxS\amd64_microsoft-windows-servicingstack_31bf3856ad364e35_10.0.20348.557_none_f1edaeb8515fa10d\TiWorker.exe,,,,SCAFFOLD,0x3e7,DC$,S-1-5-18,,,,,,,,,,,
2026-09-02T03:21:18.320978Z,4663,dc.scaffold.htb,Microsoft-Windows-Security-Auditing,Security,21505,0,"%%4417
				",0x2,,,,,,,0x2208,,,,,,,,,,,,,C:\Windows\servicing\Sessions,Security,File,,,,0x870,C:\Windows\WinSxS\amd64_microsoft-windows-servicingstack_31bf3856ad364e35_10.0.20348.557_none_f1edaeb8515fa10d\TiWorker.exe,,S:AI,,SCAFFOLD,0x3e7,DC$,S-1-5-18,,,,,,,,,,,
2026-09-02T03:21:18.321278Z,4663,dc.scaffold.htb,Microsoft-Windows-Security-Auditing,Security,21506,0,"%%4417
				%%4418
				",0x6,,,,,,,0x510,,,,,,,,,,,,,C:\Windows\servicing\Sessions\31275631_2954305271.xml,Security,File,,,,0x870,C:\Windows\WinSxS\amd64_microsoft-windows-servicingstack_31bf3856ad364e35_10.0.20348.557_none_f1edaeb8515fa10d\TiWorker.exe,,,,SCAFFOLD,0x3e7,DC$,S-1-5-18,,,,,,,,,,,
2026-09-02T03:21:20.957548Z,4663,dc.scaffold.htb,Microsoft-Windows-Security-Auditing,Security,21507,0,"%%1538
				",0x20000,,,,,,,0xe6c,,,,,,,,,,,,,C:\Windows\WinSxS\FileMaps\_0000000000000000.cdf-ms,Security,File,,,,0x870,C:\Windows\WinSxS\amd64_microsoft-windows-servicingstack_31bf3856ad364e35_10.0.20348.557_none_f1edaeb8515fa10d\TiWorker.exe,,S:AI,,SCAFFOLD,0x3e7,DC$,S-1-5-18,,,,,,,,,,,
2026-09-02T03:21:20.962708Z,4663,dc.scaffold.htb,Microsoft-Windows-Security-Auditing,Security,21508,0,"%%1538
				",0x20000,,,,,,,0xe70,,,,,,,,,,,,,C:\Windows\WinSxS\FileMaps\$$.cdf-ms,Security,File,,,,0x870,C:\Windows\WinSxS\amd64_microsoft-windows-servicingstack_31bf3856ad364e35_10.0.20348.557_none_f1edaeb8515fa10d\TiWorker.exe,,S:AI,,SCAFFOLD,0x3e7,DC$,S-1-5-18,,,,,,,,,,,
2026-09-02T03:21:21.028669Z,4663,dc.scaffold.htb,Microsoft-Windows-Security-Auditing,Security,21509,0,"%%1538
				",0x20000,,,,,,,0xdb0,,,,,,,,,,,,,C:\Windows\WinSxS\FileMaps\$$_syswow64_21ffbdd2a2dd92e0.cdf-ms,Security,File,,,,0x870,C:\Windows\WinSxS\amd64_microsoft-windows-servicingstack_31bf3856ad364e35_10.0.20348.557_none_f1edaeb8515fa10d\TiWorker.exe,,S:AI,,SCAFFOLD,0x3e7,DC$,S-1-5-18,,,,,,,,,,,
2026-09-02T03:21:21.138537Z,4663,dc.scaffold.htb,Microsoft-Windows-Security-Auditing,Security,21510,0,"%%1538
				",0x20000,,,,,,,0xcdc,,,,,,,,,,,,,C:\Windows\WinSxS\FileMaps\$$_system32_21f9a9c4a2f8b514.cdf-ms,Security,File,,,,0x870,C:\Windows\WinSxS\amd64_microsoft-windows-servicingstack_31bf3856ad364e35_10.0.20348.557_none_f1edaeb8515fa10d\TiWorker.exe,,S:AI,,SCAFFOLD,0x3e7,DC$,S-1-5-18,,,,,,,,,,,
2026-09-02T03:21:21.161620Z,4663,dc.scaffold.htb,Microsoft-Windows-Security-Auditing,Security,21511,0,"%%1538
				",0x20000,,,,,,,0xe7c,,,,,,,,,,,,,C:\Windows\WinSxS\FileMaps\$$_system32_wbem_06656d9fdf2f8577.cdf-ms,Security,File,,,,0x870,C:\Windows\WinSxS\amd64_microsoft-windows-servicingstack_31bf3856ad364e35_10.0.20348.557_none_f1edaeb8515fa10d\TiWorker.exe,,S:AI,,SCAFFOLD,0x3e7,DC$,S-1-5-18,,,,,,,,,,,
2026-09-02T03:21:21.165337Z,4663,dc.scaffold.htb,Microsoft-Windows-Security-Auditing,Security,21512,0,"%%1538
				",0x20000,,,,,,,0xe80,,,,,,,,,,,,,C:\Windows\WinSxS\FileMaps\$$_microsoft.net_3296b36dbe4c7fa3.cdf-ms,Security,File,,,,0x870,C:\Windows\WinSxS\amd64_microsoft-windows-servicingstack_31bf3856ad364e35_10.0.20348.557_none_f1edaeb8515fa10d\TiWorker.exe,,S:AI,,SCAFFOLD,0x3e7,DC$,S-1-5-18,,,,,,,,,,,
2026-09-02T03:21:21.167179Z,4663,dc.scaffold.htb,Microsoft-Windows-Security-Auditing,Security,21513,0,"%%1538
				",0x20000,,,,,,,0xe84,,,,,,,,,,,,,C:\Windows\WinSxS\FileMaps\$$_microsoft.net_framework64_083d4e330e766c5d.cdf-ms,Security,File,,,,0x870,C:\Windows\WinSxS\amd64_microsoft-windows-servicingstack_31bf3856ad364e35_10.0.20348.557_none_f1edaeb8515fa10d\TiWorker.exe,,S:AI,,SCAFFOLD,0x3e7,DC$,S-1-5-18,,,,,,,,,,,
2026-09-02T03:21:21.178068Z,4663,dc.scaffold.htb,Microsoft-Windows-Security-Auditing,Security,21514,0,"%%1538
				",0x20000,,,,,,,0xe88,,,,,,,,,,,,,C:\Windows\WinSxS\FileMaps\$$_microsoft.net_framework64_v4.0.30319_46321ba736a30085.cdf-ms,Security,File,,,,0x870,C:\Windows\WinSxS\amd64_microsoft-windows-servicingstack_31bf3856ad364e35_10.0.20348.557_none_f1edaeb8515fa10d\TiWorker.exe,,S:AI,,SCAFFOLD,0x3e7,DC$,S-1-5-18,,,,,,,,,,,
2026-09-02T03:21:21.181647Z,4663,dc.scaffold.htb,Microsoft-Windows-Security-Auditing,Security,21515,0,"%%1538
				",0x20000,,,,,,,0xe8c,,,,,,,,,,,,,C:\Windows\WinSxS\FileMaps\$$_microsoft.net_framework64_v4.0.30319_wpf_647a02df72a14032.cdf-ms,Security,File,,,,0x870,C:\Windows\WinSxS\amd64_microsoft-windows-servicingstack_31bf3856ad364e35_10.0.20348.557_none_f1edaeb8515fa10d\TiWorker.exe,,S:AI,,SCAFFOLD,0x3e7,DC$,S-1-5-18,,,,,,,,,,,
2026-09-02T03:21:21.183319Z,4663,dc.scaffold.htb,Microsoft-Windows-Security-Auditing,Security,21516,0,"%%1538
				",0x20000,,,,,,,0xe90,,,,,,,,,,,,,C:\Windows\WinSxS\FileMaps\$$_microsoft.net_framework64_v4.0.30319_wpf_fonts_0428e0346460ac4c.cdf-ms,Security,File,,,,0x870,C:\Windows\WinSxS\amd64_microsoft-windows-servicingstack_31bf3856ad364e35_10.0.20348.557_none_f1edaeb8515fa10d\TiWorker.exe,,S:AI,,SCAFFOLD,0x3e7,DC$,S-1-5-18,,,,,,,,,,,
2026-09-02T03:21:21.184479Z,4663,dc.scaffold.htb,Microsoft-Windows-Security-Auditing,Security,21517,0,"%%1538
				",0x20000,,,,,,,0xe94,,,,,,,,,,,,,C:\Windows\WinSxS\FileMaps\$$_microsoft.net_framework64_v4.0.30319_wpf_en-us_0242687c673a608c.cdf-ms,Security,File,,,,0x870,C:\Windows\WinSxS\amd64_microsoft-windows-servicingstack_31bf3856ad364e35_10.0.20348.557_none_f1edaeb8515fa10d\TiWorker.exe,,S:AI,,SCAFFOLD,0x3e7,DC$,S-1-5-18,,,,,,,,,,,
2026-09-02T03:21:21.187556Z,4663,dc.scaffold.htb,Microsoft-Windows-Security-Auditing,Security,21518,0,"%%1538
				",0x20000,,,,,,,0xe98,,,,,,,,,,,,,C:\Windows\WinSxS\FileMaps\$$_microsoft.net_framework64_v4.0.30319_nativeimages_ae465c5139d1dacc.cdf-ms,Security,File,,,,0x870,C:\Windows\WinSxS\amd64_microsoft-windows-servicingstack_31bf3856ad364e35_10.0.20348.557_none_f1edaeb8515fa10d\TiWorker.exe,,S:AI,,SCAFFOLD,0x3e7,DC$,S-1-5-18,,,,,,,,,,,
2026-09-02T03:21:21.199888Z,4663,dc.scaffold.htb,Microsoft-Windows-Security-Auditing,Security,21519,0,"%%1538
				",0x20000,,,,,,,0xe9c,,,,,,,,,,,,,C:\Windows\WinSxS\FileMaps\$$_microsoft.net_framework_83386eac0379231b.cdf-ms,Security,File,,,,0x870,C:\Windows\WinSxS\amd64_microsoft-windows-servicingstack_31bf3856ad364e35_10.0.20348.557_none_f1edaeb8515fa10d\TiWorker.exe,,S:AI,,SCAFFOLD,0x3e7,DC$,S-1-5-18,,,,,,,,,,,
2026-09-02T03:21:21.267448Z,4663,dc.scaffold.htb,Microsoft-Windows-Security-Auditing,Security,21520,0,"%%1538
				",0x20000,,,,,,,0xea0,,,,,,,,,,,,,C:\Windows\WinSxS\FileMaps\$$_microsoft.net_framework_v4.0.30319_c40c7a995ddd757b.cdf-ms,Security,File,,,,0x870,C:\Windows\WinSxS\amd64_microsoft-windows-servicingstack_31bf3856ad364e35_10.0.20348.557_none_f1edaeb8515fa10d\TiWorker.exe,,S:AI,,SCAFFOLD,0x3e7,DC$,S-1-5-18,,,,,,,,,,,
2026-09-02T03:21:21.282176Z,4663,dc.scaffold.htb,Microsoft-Windows-Security-Auditing,Security,21521,0,"%%1538
				",0x20000,,,,,,,0xea4,,,,,,,,,,,,,C:\Windows\WinSxS\FileMaps\$$_microsoft.net_framework_v4.0.30319_wpf_bc1339ef8efa3c4c.cdf-ms,Security,File,,,,0x870,C:\Windows\WinSxS\amd64_microsoft-windows-servicingstack_31bf3856ad364e35_10.0.20348.557_none_f1edaeb8515fa10d\TiWorker.exe,,S:AI,,SCAFFOLD,0x3e7,DC$,S-1-5-18,,,,,,,,,,,
