2026-09-02T03:21:22.093988Z,4660,dc.scaffold.htb,Microsoft-Windows-Security-Auditing,Security,21771,0,,,,,,,,,0x136c,,,,,,,,,,,,,,Security,,,,,0x870,C:\Windows\WinSxS\amd64_microsoft-windows-servicingstack_31bf3856ad364e35_10.0.20348.557_none_f1edaeb8515fa10d\TiWorker.exe,,,,SCAFFOLD,0x3e7,DC$,S-1-5-18,,,,,,,,,C6284384-A67C-11F1-9935-005056B98D90,,
2026-09-02T03:21:22.096312Z,4663,dc.scaffold.htb,Microsoft-Windows-Security-Auditing,Security,21772,0,"%%4417
				",0x2,,,,,,,0x2064,,,,,,,,,,,,,C:\Windows\WinSxS\FileMaps,Security,File,,,,0x870,C:\Windows\WinSxS\amd64_microsoft-windows-servicingstack_31bf3856ad364e35_10.0.20348.557_none_f1edaeb8515fa10d\TiWorker.exe,,S:AI,,SCAFFOLD,0x3e7,DC$,S-1-5-18,,,,,,,,,,,
2026-09-02T03:21:22.096557Z,4663,dc.scaffold.htb,Microsoft-Windows-Security-Auditing,Security,21773,0,"%%1538
				",0x20000,,,,,,,0x136c,,,,,,,,,,,,,C:\Windows\WinSxS\FileMaps,Security,File,,,,0x870,C:\Windows\WinSxS\amd64_microsoft-windows-servicingstack_31bf3856ad364e35_10.0.20348.557_none_f1edaeb8515fa10d\TiWorker.exe,,S:AI,,SCAFFOLD,0x3e7,DC$,S-1-5-18,,,,,,,,,,,
2026-09-02T03:21:22.096701Z,4663,dc.scaffold.htb,Microsoft-Windows-Security-Auditing,Security,21774,0,"%%1538
				",0x20000,,,,,,,0x136c,,,,,,,,,,,,,C:\Windows\WinSxS\FileMaps,Security,File,,,,0x870,C:\Windows\WinSxS\amd64_microsoft-windows-servicingstack_31bf3856ad364e35_10.0.20348.557_none_f1edaeb8515fa10d\TiWorker.exe,,S:AI,,SCAFFOLD,0x3e7,DC$,S-1-5-18,,,,,,,,,,,
2026-09-02T03:21:22.096910Z,4663,dc.scaffold.htb,Microsoft-Windows-Security-Auditing,Security,21775,0,"%%1537
				",0x10000,,,,,,,0xda4,,,,,,,,,,,,,C:\Windows\WinSxS\FileMaps\$$_microsoft.net_assembly_gac_msil_system.io.compression_v4.0_4.0.0.0_b77a5c561934e089_c4b4345afacfcf69.cdf-ms,Security,File,,,,0x870,C:\Windows\WinSxS\amd64_microsoft-windows-servicingstack_31bf3856ad364e35_10.0.20348.557_none_f1edaeb8515fa10d\TiWorker.exe,,S:AI,,SCAFFOLD,0x3e7,DC$,S-1-5-18,,,,,,,,,,,
2026-09-02T03:21:22.096914Z,4660,dc.scaffold.htb,Microsoft-Windows-Security-Auditing,Security,21776,0,,,,,,,,,0xda4,,,,,,,,,,,,,,Security,,,,,0x870,C:\Windows\WinSxS\amd64_microsoft-windows-servicingstack_31bf3856ad364e35_10.0.20348.557_none_f1edaeb8515fa10d\TiWorker.exe,,,,SCAFFOLD,0x3e7,DC$,S-1-5-18,,,,,,,,,C6284384-A67C-11F1-9935-005056B98D90,,
2026-09-02T03:21:22.099115Z,4663,dc.scaffold.htb,Microsoft-Windows-Security-Auditing,Security,21777,0,"%%4417
				",0x2,,,,,,,0x2064,,,,,,,,,,,,,C:\Windows\WinSxS\FileMaps,Security,File,,,,0x870,C:\Windows\WinSxS\amd64_microsoft-windows-servicingstack_31bf3856ad364e35_10.0.20348.557_none_f1edaeb8515fa10d\TiWorker.exe,,S:AI,,SCAFFOLD,0x3e7,DC$,S-1-5-18,,,,,,,,,,,
2026-09-02T03:21:22.099379Z,4663,dc.scaffold.htb,Microsoft-Windows-Security-Auditing,Security,21778,0,"%%1538
				",0x20000,,,,,,,0xda4,,,,,,,,,,,,,C:\Windows\WinSxS\FileMaps,Security,File,,,,0x870,C:\Windows\WinSxS\amd64_microsoft-windows-servicingstack_31bf3856ad364e35_10.0.20348.557_none_f1edaeb8515fa10d\TiWorker.exe,,S:AI,,SCAFFOLD,0x3e7,DC$,S-1-5-18,,,,,,,,,,,
2026-09-02T03:21:22.099541Z,4663,dc.scaffold.htb,Microsoft-Windows-Security-Auditing,Security,21779,0,"%%1538
				",0x20000,,,,,,,0xda4,,,,,,,,,,,,,C:\Windows\WinSxS\FileMaps,Security,File,,,,0x870,C:\Windows\WinSxS\amd64_microsoft-windows-servicingstack_31bf3856ad364e35_10.0.20348.557_none_f1edaeb8515fa10d\TiWorker.exe,,S:AI,,SCAFFOLD,0x3e7,DC$,S-1-5-18,,,,,,,,,,,
2026-09-02T03:21:22.099782Z,4663,dc.scaffold.htb,Microsoft-Windows-Security-Auditing,Security,21780,0,"%%1537
				",0x10000,,,,,,,0xe38,,,,,,,,,,,,,C:\Windows\WinSxS\FileMaps\$$_microsoft.net_assembly_gac_msil_system.identitymodel.services_v4.0_4.0.0.0_b77a5c561934e089_9152e5e9cf585ca0.cdf-ms,Security,File,,,,0x870,C:\Windows\WinSxS\amd64_microsoft-windows-servicingstack_31bf3856ad364e35_10.0.20348.557_none_f1edaeb8515fa10d\TiWorker.exe,,S:AI,,SCAFFOLD,0x3e7,DC$,S-1-5-18,,,,,,,,,,,
2026-09-02T03:21:22.099785Z,4660,dc.scaffold.htb,Microsoft-Windows-Security-Auditing,Security,21781,0,,,,,,,,,0xe38,,,,,,,,,,,,,,Security,,,,,0x870,C:\Windows\WinSxS\amd64_microsoft-windows-servicingstack_31bf3856ad364e35_10.0.20348.557_none_f1edaeb8515fa10d\TiWorker.exe,,,,SCAFFOLD,0x3e7,DC$,S-1-5-18,,,,,,,,,C6284384-A67C-11F1-9935-005056B98D90,,
2026-09-02T03:21:22.101648Z,4663,dc.scaffold.htb,Microsoft-Windows-Security-Auditing,Security,21782,0,"%%4417
				",0x2,,,,,,,0x2064,,,,,,,,,,,,,C:\Windows\WinSxS\FileMaps,Security,File,,,,0x870,C:\Windows\WinSxS\amd64_microsoft-windows-servicingstack_31bf3856ad364e35_10.0.20348.557_none_f1edaeb8515fa10d\TiWorker.exe,,S:AI,,SCAFFOLD,0x3e7,DC$,S-1-5-18,,,,,,,,,,,
2026-09-02T03:21:22.101926Z,4663,dc.scaffold.htb,Microsoft-Windows-Security-Auditing,Security,21783,0,"%%1538
				",0x20000,,,,,,,0xe38,,,,,,,,,,,,,C:\Windows\WinSxS\FileMaps,Security,File,,,,0x870,C:\Windows\WinSxS\amd64_microsoft-windows-servicingstack_31bf3856ad364e35_10.0.20348.557_none_f1edaeb8515fa10d\TiWorker.exe,,S:AI,,SCAFFOLD,0x3e7,DC$,S-1-5-18,,,,,,,,,,,
2026-09-02T03:21:22.102071Z,4663,dc.scaffold.htb,Microsoft-Windows-Security-Auditing,Security,21784,0,"%%1538
				",0x20000,,,,,,,0xe38,,,,,,,,,,,,,C:\Windows\WinSxS\FileMaps,Security,File,,,,0x870,C:\Windows\WinSxS\amd64_microsoft-windows-servicingstack_31bf3856ad364e35_10.0.20348.557_none_f1edaeb8515fa10d\TiWorker.exe,,S:AI,,SCAFFOLD,0x3e7,DC$,S-1-5-18,,,,,,,,,,,
2026-09-02T03:21:22.102286Z,4663,dc.scaffold.htb,Microsoft-Windows-Security-Auditing,Security,21785,0,"%%1537
				",0x10000,,,,,,,0x136c,,,,,,,,,,,,,C:\Windows\WinSxS\FileMaps\$$_microsoft.net_assembly_gac_msil_system.identitymodel_v4.0_4.0.0.0_b77a5c561934e089_b5d483bcf27e78c2.cdf-ms,Security,File,,,,0x870,C:\Windows\WinSxS\amd64_microsoft-windows-servicingstack_31bf3856ad364e35_10.0.20348.557_none_f1edaeb8515fa10d\TiWorker.exe,,S:AI,,SCAFFOLD,0x3e7,DC$,S-1-5-18,,,,,,,,,,,
2026-09-02T03:21:22.102292Z,4660,dc.scaffold.htb,Microsoft-Windows-Security-Auditing,Security,21786,0,,,,,,,,,0x136c,,,,,,,,,,,,,,Security,,,,,0x870,C:\Windows\WinSxS\amd64_microsoft-windows-servicingstack_31bf3856ad364e35_10.0.20348.557_none_f1edaeb8515fa10d\TiWorker.exe,,,,SCAFFOLD,0x3e7,DC$,S-1-5-18,,,,,,,,,C6284384-A67C-11F1-9935-005056B98D90,,
2026-09-02T03:21:22.104869Z,4663,dc.scaffold.htb,Microsoft-Windows-Security-Auditing,Security,21787,0,"%%4417
				",0x2,,,,,,,0x2064,,,,,,,,,,,,,C:\Windows\WinSxS\FileMaps,Security,File,,,,0x870,C:\Windows\WinSxS\amd64_microsoft-windows-servicingstack_31bf3856ad364e35_10.0.20348.557_none_f1edaeb8515fa10d\TiWorker.exe,,S:AI,,SCAFFOLD,0x3e7,DC$,S-1-5-18,,,,,,,,,,,
2026-09-02T03:21:22.105142Z,4663,dc.scaffold.htb,Microsoft-Windows-Security-Auditing,Security,21788,0,"%%1538
				",0x20000,,,,,,,0x136c,,,,,,,,,,,,,C:\Windows\WinSxS\FileMaps,Security,File,,,,0x870,C:\Windows\WinSxS\amd64_microsoft-windows-servicingstack_31bf3856ad364e35_10.0.20348.557_none_f1edaeb8515fa10d\TiWorker.exe,,S:AI,,SCAFFOLD,0x3e7,DC$,S-1-5-18,,,,,,,,,,,
2026-09-02T03:21:22.105287Z,4663,dc.scaffold.htb,Microsoft-Windows-Security-Auditing,Security,21789,0,"%%1538
				",0x20000,,,,,,,0x136c,,,,,,,,,,,,,C:\Windows\WinSxS\FileMaps,Security,File,,,,0x870,C:\Windows\WinSxS\amd64_microsoft-windows-servicingstack_31bf3856ad364e35_10.0.20348.557_none_f1edaeb8515fa10d\TiWorker.exe,,S:AI,,SCAFFOLD,0x3e7,DC$,S-1-5-18,,,,,,,,,,,
2026-09-02T03:21:22.105505Z,4663,dc.scaffold.htb,Microsoft-Windows-Security-Auditing,Security,21790,0,"%%1537
				",0x10000,,,,,,,0xda4,,,,,,,,,,,,,C:\Windows\WinSxS\FileMaps\$$_microsoft.net_assembly_gac_msil_system.directoryservices.accountmanagement_v4.0_4.0.0.0_b77a5c561_16c16f8d1da3da7a.cdf-ms,Security,File,,,,0x870,C:\Windows\WinSxS\amd64_microsoft-windows-servicingstack_31bf3856ad364e35_10.0.20348.557_none_f1edaeb8515fa10d\TiWorker.exe,,S:AI,,SCAFFOLD,0x3e7,DC$,S-1-5-18,,,,,,,,,,,
2026-09-02T03:21:22.105524Z,4660,dc.scaffold.htb,Microsoft-Windows-Security-Auditing,Security,21791,0,,,,,,,,,0xda4,,,,,,,,,,,,,,Security,,,,,0x870,C:\Windows\WinSxS\amd64_microsoft-windows-servicingstack_31bf3856ad364e35_10.0.20348.557_none_f1edaeb8515fa10d\TiWorker.exe,,,,SCAFFOLD,0x3e7,DC$,S-1-5-18,,,,,,,,,C6284384-A67C-11F1-9935-005056B98D90,,
2026-09-02T03:21:22.107652Z,4663,dc.scaffold.htb,Microsoft-Windows-Security-Auditing,Security,21792,0,"%%4417
				",0x2,,,,,,,0x2064,,,,,,,,,,,,,C:\Windows\WinSxS\FileMaps,Security,File,,,,0x870,C:\Windows\WinSxS\amd64_microsoft-windows-servicingstack_31bf3856ad364e35_10.0.20348.557_none_f1edaeb8515fa10d\TiWorker.exe,,S:AI,,SCAFFOLD,0x3e7,DC$,S-1-5-18,,,,,,,,,,,
2026-09-02T03:21:22.107936Z,4663,dc.scaffold.htb,Microsoft-Windows-Security-Auditing,Security,21793,0,"%%1538
				",0x20000,,,,,,,0xda4,,,,,,,,,,,,,C:\Windows\WinSxS\FileMaps,Security,File,,,,0x870,C:\Windows\WinSxS\amd64_microsoft-windows-servicingstack_31bf3856ad364e35_10.0.20348.557_none_f1edaeb8515fa10d\TiWorker.exe,,S:AI,,SCAFFOLD,0x3e7,DC$,S-1-5-18,,,,,,,,,,,
2026-09-02T03:21:22.108081Z,4663,dc.scaffold.htb,Microsoft-Windows-Security-Auditing,Security,21794,0,"%%1538
				",0x20000,,,,,,,0xda4,,,,,,,,,,,,,C:\Windows\WinSxS\FileMaps,Security,File,,,,0x870,C:\Windows\WinSxS\amd64_microsoft-windows-servicingstack_31bf3856ad364e35_10.0.20348.557_none_f1edaeb8515fa10d\TiWorker.exe,,S:AI,,SCAFFOLD,0x3e7,DC$,S-1-5-18,,,,,,,,,,,
2026-09-02T03:21:22.108299Z,4663,dc.scaffold.htb,Microsoft-Windows-Security-Auditing,Security,21795,0,"%%1537
				",0x10000,,,,,,,0xe38,,,,,,,,,,,,,C:\Windows\WinSxS\FileMaps\$$_microsoft.net_assembly_gac_msil_system.directoryservices_v4.0_4.0.0.0_b03f5f7f11d50a3a_8d57c15241d35cfa.cdf-ms,Security,File,,,,0x870,C:\Windows\WinSxS\amd64_microsoft-windows-servicingstack_31bf3856ad364e35_10.0.20348.557_none_f1edaeb8515fa10d\TiWorker.exe,,S:AI,,SCAFFOLD,0x3e7,DC$,S-1-5-18,,,,,,,,,,,
2026-09-02T03:21:22.108341Z,4660,dc.scaffold.htb,Microsoft-Windows-Security-Auditing,Security,21796,0,,,,,,,,,0xe38,,,,,,,,,,,,,,Security,,,,,0x870,C:\Windows\WinSxS\amd64_microsoft-windows-servicingstack_31bf3856ad364e35_10.0.20348.557_none_f1edaeb8515fa10d\TiWorker.exe,,,,SCAFFOLD,0x3e7,DC$,S-1-5-18,,,,,,,,,C6284384-A67C-11F1-9935-005056B98D90,,
2026-09-02T03:21:22.110219Z,4663,dc.scaffold.htb,Microsoft-Windows-Security-Auditing,Security,21797,0,"%%4417
				",0x2,,,,,,,0x2064,,,,,,,,,,,,,C:\Windows\WinSxS\FileMaps,Security,File,,,,0x870,C:\Windows\WinSxS\amd64_microsoft-windows-servicingstack_31bf3856ad364e35_10.0.20348.557_none_f1edaeb8515fa10d\TiWorker.exe,,S:AI,,SCAFFOLD,0x3e7,DC$,S-1-5-18,,,,,,,,,,,
2026-09-02T03:21:22.110620Z,4663,dc.scaffold.htb,Microsoft-Windows-Security-Auditing,Security,21798,0,"%%1538
				",0x20000,,,,,,,0xe38,,,,,,,,,,,,,C:\Windows\WinSxS\FileMaps,Security,File,,,,0x870,C:\Windows\WinSxS\amd64_microsoft-windows-servicingstack_31bf3856ad364e35_10.0.20348.557_none_f1edaeb8515fa10d\TiWorker.exe,,S:AI,,SCAFFOLD,0x3e7,DC$,S-1-5-18,,,,,,,,,,,
2026-09-02T03:21:22.111050Z,4663,dc.scaffold.htb,Microsoft-Windows-Security-Auditing,Security,21799,0,"%%1538
				",0x20000,,,,,,,0xe38,,,,,,,,,,,,,C:\Windows\WinSxS\FileMaps,Security,File,,,,0x870,C:\Windows\WinSxS\amd64_microsoft-windows-servicingstack_31bf3856ad364e35_10.0.20348.557_none_f1edaeb8515fa10d\TiWorker.exe,,S:AI,,SCAFFOLD,0x3e7,DC$,S-1-5-18,,,,,,,,,,,
2026-09-02T03:21:22.111294Z,4663,dc.scaffold.htb,Microsoft-Windows-Security-Auditing,Security,21800,0,"%%1537
				",0x10000,,,,,,,0x136c,,,,,,,,,,,,,C:\Windows\WinSxS\FileMaps\$$_microsoft.net_assembly_gac_msil_system.deployment_v4.0_4.0.0.0_b03f5f7f11d50a3a_e63bb68aefb0cd4a.cdf-ms,Security,File,,,,0x870,C:\Windows\WinSxS\amd64_microsoft-windows-servicingstack_31bf3856ad364e35_10.0.20348.557_none_f1edaeb8515fa10d\TiWorker.exe,,S:AI,,SCAFFOLD,0x3e7,DC$,S-1-5-18,,,,,,,,,,,
2026-09-02T03:21:22.111298Z,4660,dc.scaffold.htb,Microsoft-Windows-Security-Auditing,Security,21801,0,,,,,,,,,0x136c,,,,,,,,,,,,,,Security,,,,,0x870,C:\Windows\WinSxS\amd64_microsoft-windows-servicingstack_31bf3856ad364e35_10.0.20348.557_none_f1edaeb8515fa10d\TiWorker.exe,,,,SCAFFOLD,0x3e7,DC$,S-1-5-18,,,,,,,,,C6284384-A67C-11F1-9935-005056B98D90,,
2026-09-02T03:21:22.113238Z,4663,dc.scaffold.htb,Microsoft-Windows-Security-Auditing,Security,21802,0,"%%4417
				",0x2,,,,,,,0x2064,,,,,,,,,,,,,C:\Windows\WinSxS\FileMaps,Security,File,,,,0x870,C:\Windows\WinSxS\amd64_microsoft-windows-servicingstack_31bf3856ad364e35_10.0.20348.557_none_f1edaeb8515fa10d\TiWorker.exe,,S:AI,,SCAFFOLD,0x3e7,DC$,S-1-5-18,,,,,,,,,,,
2026-09-02T03:21:22.113518Z,4663,dc.scaffold.htb,Microsoft-Windows-Security-Auditing,Security,21803,0,"%%1538
				",0x20000,,,,,,,0x136c,,,,,,,,,,,,,C:\Windows\WinSxS\FileMaps,Security,File,,,,0x870,C:\Windows\WinSxS\amd64_microsoft-windows-servicingstack_31bf3856ad364e35_10.0.20348.557_none_f1edaeb8515fa10d\TiWorker.exe,,S:AI,,SCAFFOLD,0x3e7,DC$,S-1-5-18,,,,,,,,,,,
2026-09-02T03:21:22.113663Z,4663,dc.scaffold.htb,Microsoft-Windows-Security-Auditing,Security,21804,0,"%%1538
				",0x20000,,,,,,,0x136c,,,,,,,,,,,,,C:\Windows\WinSxS\FileMaps,Security,File,,,,0x870,C:\Windows\WinSxS\amd64_microsoft-windows-servicingstack_31bf3856ad364e35_10.0.20348.557_none_f1edaeb8515fa10d\TiWorker.exe,,S:AI,,SCAFFOLD,0x3e7,DC$,S-1-5-18,,,,,,,,,,,
2026-09-02T03:21:22.113872Z,4663,dc.scaffold.htb,Microsoft-Windows-Security-Auditing,Security,21805,0,"%%1537
				",0x10000,,,,,,,0xda4,,,,,,,,,,,,,C:\Windows\WinSxS\FileMaps\$$_microsoft.net_assembly_gac_msil_system.data.sqlxml_v4.0_4.0.0.0_b77a5c561934e089_748d37f4caf63460.cdf-ms,Security,File,,,,0x870,C:\Windows\WinSxS\amd64_microsoft-windows-servicingstack_31bf3856ad364e35_10.0.20348.557_none_f1edaeb8515fa10d\TiWorker.exe,,S:AI,,SCAFFOLD,0x3e7,DC$,S-1-5-18,,,,,,,,,,,
2026-09-02T03:21:22.113875Z,4660,dc.scaffold.htb,Microsoft-Windows-Security-Auditing,Security,21806,0,,,,,,,,,0xda4,,,,,,,,,,,,,,Security,,,,,0x870,C:\Windows\WinSxS\amd64_microsoft-windows-servicingstack_31bf3856ad364e35_10.0.20348.557_none_f1edaeb8515fa10d\TiWorker.exe,,,,SCAFFOLD,0x3e7,DC$,S-1-5-18,,,,,,,,,C6284384-A67C-11F1-9935-005056B98D90,,
2026-09-02T03:21:22.117222Z,4663,dc.scaffold.htb,Microsoft-Windows-Security-Auditing,Security,21807,0,"%%4417
				",0x2,,,,,,,0x2064,,,,,,,,,,,,,C:\Windows\WinSxS\FileMaps,Security,File,,,,0x870,C:\Windows\WinSxS\amd64_microsoft-windows-servicingstack_31bf3856ad364e35_10.0.20348.557_none_f1edaeb8515fa10d\TiWorker.exe,,S:AI,,SCAFFOLD,0x3e7,DC$,S-1-5-18,,,,,,,,,,,
2026-09-02T03:21:22.117575Z,4663,dc.scaffold.htb,Microsoft-Windows-Security-Auditing,Security,21808,0,"%%1538
				",0x20000,,,,,,,0xda4,,,,,,,,,,,,,C:\Windows\WinSxS\FileMaps,Security,File,,,,0x870,C:\Windows\WinSxS\amd64_microsoft-windows-servicingstack_31bf3856ad364e35_10.0.20348.557_none_f1edaeb8515fa10d\TiWorker.exe,,S:AI,,SCAFFOLD,0x3e7,DC$,S-1-5-18,,,,,,,,,,,
2026-09-02T03:21:22.117731Z,4663,dc.scaffold.htb,Microsoft-Windows-Security-Auditing,Security,21809,0,"%%1538
				",0x20000,,,,,,,0xda4,,,,,,,,,,,,,C:\Windows\WinSxS\FileMaps,Security,File,,,,0x870,C:\Windows\WinSxS\amd64_microsoft-windows-servicingstack_31bf3856ad364e35_10.0.20348.557_none_f1edaeb8515fa10d\TiWorker.exe,,S:AI,,SCAFFOLD,0x3e7,DC$,S-1-5-18,,,,,,,,,,,
2026-09-02T03:21:22.117995Z,4663,dc.scaffold.htb,Microsoft-Windows-Security-Auditing,Security,21810,0,"%%1537
				",0x10000,,,,,,,0xe38,,,,,,,,,,,,,C:\Windows\WinSxS\FileMaps\$$_microsoft.net_assembly_gac_msil_system.core_v4.0_4.0.0.0_b77a5c561934e089_18d3047bb5729e36.cdf-ms,Security,File,,,,0x870,C:\Windows\WinSxS\amd64_microsoft-windows-servicingstack_31bf3856ad364e35_10.0.20348.557_none_f1edaeb8515fa10d\TiWorker.exe,,S:AI,,SCAFFOLD,0x3e7,DC$,S-1-5-18,,,,,,,,,,,
2026-09-02T03:21:22.118001Z,4660,dc.scaffold.htb,Microsoft-Windows-Security-Auditing,Security,21811,0,,,,,,,,,0xe38,,,,,,,,,,,,,,Security,,,,,0x870,C:\Windows\WinSxS\amd64_microsoft-windows-servicingstack_31bf3856ad364e35_10.0.20348.557_none_f1edaeb8515fa10d\TiWorker.exe,,,,SCAFFOLD,0x3e7,DC$,S-1-5-18,,,,,,,,,C6284384-A67C-11F1-9935-005056B98D90,,
2026-09-02T03:21:22.120099Z,4663,dc.scaffold.htb,Microsoft-Windows-Security-Auditing,Security,21812,0,"%%4417
				",0x2,,,,,,,0x2064,,,,,,,,,,,,,C:\Windows\WinSxS\FileMaps,Security,File,,,,0x870,C:\Windows\WinSxS\amd64_microsoft-windows-servicingstack_31bf3856ad364e35_10.0.20348.557_none_f1edaeb8515fa10d\TiWorker.exe,,S:AI,,SCAFFOLD,0x3e7,DC$,S-1-5-18,,,,,,,,,,,
2026-09-02T03:21:22.120529Z,4663,dc.scaffold.htb,Microsoft-Windows-Security-Auditing,Security,21813,0,"%%1538
				",0x20000,,,,,,,0xe38,,,,,,,,,,,,,C:\Windows\WinSxS\FileMaps,Security,File,,,,0x870,C:\Windows\WinSxS\amd64_microsoft-windows-servicingstack_31bf3856ad364e35_10.0.20348.557_none_f1edaeb8515fa10d\TiWorker.exe,,S:AI,,SCAFFOLD,0x3e7,DC$,S-1-5-18,,,,,,,,,,,
2026-09-02T03:21:22.120673Z,4663,dc.scaffold.htb,Microsoft-Windows-Security-Auditing,Security,21814,0,"%%1538
				",0x20000,,,,,,,0xe38,,,,,,,,,,,,,C:\Windows\WinSxS\FileMaps,Security,File,,,,0x870,C:\Windows\WinSxS\amd64_microsoft-windows-servicingstack_31bf3856ad364e35_10.0.20348.557_none_f1edaeb8515fa10d\TiWorker.exe,,S:AI,,SCAFFOLD,0x3e7,DC$,S-1-5-18,,,,,,,,,,,
2026-09-02T03:21:22.120896Z,4663,dc.scaffold.htb,Microsoft-Windows-Security-Auditing,Security,21815,0,"%%1537
				",0x10000,,,,,,,0x136c,,,,,,,,,,,,,C:\Windows\WinSxS\FileMaps\$$_microsoft.net_assembly_gac_msil_system.activities.presentation_v4.0_4.0.0.0_31bf3856ad364e35_3c5a73e0ef416e18.cdf-ms,Security,File,,,,0x870,C:\Windows\WinSxS\amd64_microsoft-windows-servicingstack_31bf3856ad364e35_10.0.20348.557_none_f1edaeb8515fa10d\TiWorker.exe,,S:AI,,SCAFFOLD,0x3e7,DC$,S-1-5-18,,,,,,,,,,,
2026-09-02T03:21:22.120903Z,4660,dc.scaffold.htb,Microsoft-Windows-Security-Auditing,Security,21816,0,,,,,,,,,0x136c,,,,,,,,,,,,,,Security,,,,,0x870,C:\Windows\WinSxS\amd64_microsoft-windows-servicingstack_31bf3856ad364e35_10.0.20348.557_none_f1edaeb8515fa10d\TiWorker.exe,,,,SCAFFOLD,0x3e7,DC$,S-1-5-18,,,,,,,,,C6284384-A67C-11F1-9935-005056B98D90,,
2026-09-02T03:21:22.123500Z,4663,dc.scaffold.htb,Microsoft-Windows-Security-Auditing,Security,21817,0,"%%4417
				",0x2,,,,,,,0x2064,,,,,,,,,,,,,C:\Windows\WinSxS\FileMaps,Security,File,,,,0x870,C:\Windows\WinSxS\amd64_microsoft-windows-servicingstack_31bf3856ad364e35_10.0.20348.557_none_f1edaeb8515fa10d\TiWorker.exe,,S:AI,,SCAFFOLD,0x3e7,DC$,S-1-5-18,,,,,,,,,,,
2026-09-02T03:21:22.123810Z,4663,dc.scaffold.htb,Microsoft-Windows-Security-Auditing,Security,21818,0,"%%1538
				",0x20000,,,,,,,0x136c,,,,,,,,,,,,,C:\Windows\WinSxS\FileMaps,Security,File,,,,0x870,C:\Windows\WinSxS\amd64_microsoft-windows-servicingstack_31bf3856ad364e35_10.0.20348.557_none_f1edaeb8515fa10d\TiWorker.exe,,S:AI,,SCAFFOLD,0x3e7,DC$,S-1-5-18,,,,,,,,,,,
2026-09-02T03:21:22.123959Z,4663,dc.scaffold.htb,Microsoft-Windows-Security-Auditing,Security,21819,0,"%%1538
				",0x20000,,,,,,,0x136c,,,,,,,,,,,,,C:\Windows\WinSxS\FileMaps,Security,File,,,,0x870,C:\Windows\WinSxS\amd64_microsoft-windows-servicingstack_31bf3856ad364e35_10.0.20348.557_none_f1edaeb8515fa10d\TiWorker.exe,,S:AI,,SCAFFOLD,0x3e7,DC$,S-1-5-18,,,,,,,,,,,
2026-09-02T03:21:22.124179Z,4663,dc.scaffold.htb,Microsoft-Windows-Security-Auditing,Security,21820,0,"%%1537
				",0x10000,,,,,,,0xda4,,,,,,,,,,,,,C:\Windows\WinSxS\FileMaps\$$_microsoft.net_assembly_gac_msil_system.activities_v4.0_4.0.0.0_31bf3856ad364e35_bdef15cb807505c8.cdf-ms,Security,File,,,,0x870,C:\Windows\WinSxS\amd64_microsoft-windows-servicingstack_31bf3856ad364e35_10.0.20348.557_none_f1edaeb8515fa10d\TiWorker.exe,,S:AI,,SCAFFOLD,0x3e7,DC$,S-1-5-18,,,,,,,,,,,
2026-09-02T03:21:22.124183Z,4660,dc.scaffold.htb,Microsoft-Windows-Security-Auditing,Security,21821,0,,,,,,,,,0xda4,,,,,,,,,,,,,,Security,,,,,0x870,C:\Windows\WinSxS\amd64_microsoft-windows-servicingstack_31bf3856ad364e35_10.0.20348.557_none_f1edaeb8515fa10d\TiWorker.exe,,,,SCAFFOLD,0x3e7,DC$,S-1-5-18,,,,,,,,,C6284384-A67C-11F1-9935-005056B98D90,,
2026-09-02T03:21:22.125761Z,4663,dc.scaffold.htb,Microsoft-Windows-Security-Auditing,Security,21822,0,"%%4417
				",0x2,,,,,,,0x2064,,,,,,,,,,,,,C:\Windows\WinSxS\FileMaps,Security,File,,,,0x870,C:\Windows\WinSxS\amd64_microsoft-windows-servicingstack_31bf3856ad364e35_10.0.20348.557_none_f1edaeb8515fa10d\TiWorker.exe,,S:AI,,SCAFFOLD,0x3e7,DC$,S-1-5-18,,,,,,,,,,,
2026-09-02T03:21:22.126051Z,4663,dc.scaffold.htb,Microsoft-Windows-Security-Auditing,Security,21823,0,"%%1538
				",0x20000,,,,,,,0xda4,,,,,,,,,,,,,C:\Windows\WinSxS\FileMaps,Security,File,,,,0x870,C:\Windows\WinSxS\amd64_microsoft-windows-servicingstack_31bf3856ad364e35_10.0.20348.557_none_f1edaeb8515fa10d\TiWorker.exe,,S:AI,,SCAFFOLD,0x3e7,DC$,S-1-5-18,,,,,,,,,,,
2026-09-02T03:21:22.126292Z,4663,dc.scaffold.htb,Microsoft-Windows-Security-Auditing,Security,21824,0,"%%1538
				",0x20000,,,,,,,0xda4,,,,,,,,,,,,,C:\Windows\WinSxS\FileMaps,Security,File,,,,0x870,C:\Windows\WinSxS\amd64_microsoft-windows-servicingstack_31bf3856ad364e35_10.0.20348.557_none_f1edaeb8515fa10d\TiWorker.exe,,S:AI,,SCAFFOLD,0x3e7,DC$,S-1-5-18,,,,,,,,,,,
2026-09-02T03:21:22.126519Z,4663,dc.scaffold.htb,Microsoft-Windows-Security-Auditing,Security,21825,0,"%%1537
				",0x10000,,,,,,,0xe38,,,,,,,,,,,,,C:\Windows\WinSxS\FileMaps\$$_microsoft.net_assembly_gac_msil_system_v4.0_4.0.0.0_b77a5c561934e089_4348a29e5981af79.cdf-ms,Security,File,,,,0x870,C:\Windows\WinSxS\amd64_microsoft-windows-servicingstack_31bf3856ad364e35_10.0.20348.557_none_f1edaeb8515fa10d\TiWorker.exe,,S:AI,,SCAFFOLD,0x3e7,DC$,S-1-5-18,,,,,,,,,,,
2026-09-02T03:21:22.126523Z,4660,dc.scaffold.htb,Microsoft-Windows-Security-Auditing,Security,21826,0,,,,,,,,,0xe38,,,,,,,,,,,,,,Security,,,,,0x870,C:\Windows\WinSxS\amd64_microsoft-windows-servicingstack_31bf3856ad364e35_10.0.20348.557_none_f1edaeb8515fa10d\TiWorker.exe,,,,SCAFFOLD,0x3e7,DC$,S-1-5-18,,,,,,,,,C6284384-A67C-11F1-9935-005056B98D90,,
2026-09-02T03:21:22.128941Z,4663,dc.scaffold.htb,Microsoft-Windows-Security-Auditing,Security,21827,0,"%%4417
				",0x2,,,,,,,0x2064,,,,,,,,,,,,,C:\Windows\WinSxS\FileMaps,Security,File,,,,0x870,C:\Windows\WinSxS\amd64_microsoft-windows-servicingstack_31bf3856ad364e35_10.0.20348.557_none_f1edaeb8515fa10d\TiWorker.exe,,S:AI,,SCAFFOLD,0x3e7,DC$,S-1-5-18,,,,,,,,,,,
2026-09-02T03:21:22.129164Z,4663,dc.scaffold.htb,Microsoft-Windows-Security-Auditing,Security,21828,0,"%%1538
				",0x20000,,,,,,,0xe38,,,,,,,,,,,,,C:\Windows\WinSxS\FileMaps,Security,File,,,,0x870,C:\Windows\WinSxS\amd64_microsoft-windows-servicingstack_31bf3856ad364e35_10.0.20348.557_none_f1edaeb8515fa10d\TiWorker.exe,,S:AI,,SCAFFOLD,0x3e7,DC$,S-1-5-18,,,,,,,,,,,
2026-09-02T03:21:22.129312Z,4663,dc.scaffold.htb,Microsoft-Windows-Security-Auditing,Security,21829,0,"%%1538
				",0x20000,,,,,,,0xe38,,,,,,,,,,,,,C:\Windows\WinSxS\FileMaps,Security,File,,,,0x870,C:\Windows\WinSxS\amd64_microsoft-windows-servicingstack_31bf3856ad364e35_10.0.20348.557_none_f1edaeb8515fa10d\TiWorker.exe,,S:AI,,SCAFFOLD,0x3e7,DC$,S-1-5-18,,,,,,,,,,,
2026-09-02T03:21:22.129555Z,4663,dc.scaffold.htb,Microsoft-Windows-Security-Auditing,Security,21830,0,"%%1537
				",0x10000,,,,,,,0x136c,,,,,,,,,,,,,C:\Windows\WinSxS\FileMaps\$$_microsoft.net_assembly_gac_msil_smdiagnostics_v4.0_4.0.0.0_b77a5c561934e089_8a46d250f4d4a9d0.cdf-ms,Security,File,,,,0x870,C:\Windows\WinSxS\amd64_microsoft-windows-servicingstack_31bf3856ad364e35_10.0.20348.557_none_f1edaeb8515fa10d\TiWorker.exe,,S:AI,,SCAFFOLD,0x3e7,DC$,S-1-5-18,,,,,,,,,,,
2026-09-02T03:21:22.129604Z,4660,dc.scaffold.htb,Microsoft-Windows-Security-Auditing,Security,21831,0,,,,,,,,,0x136c,,,,,,,,,,,,,,Security,,,,,0x870,C:\Windows\WinSxS\amd64_microsoft-windows-servicingstack_31bf3856ad364e35_10.0.20348.557_none_f1edaeb8515fa10d\TiWorker.exe,,,,SCAFFOLD,0x3e7,DC$,S-1-5-18,,,,,,,,,C6284384-A67C-11F1-9935-005056B98D90,,
2026-09-02T03:21:22.132399Z,4663,dc.scaffold.htb,Microsoft-Windows-Security-Auditing,Security,21832,0,"%%4417
				",0x2,,,,,,,0x2064,,,,,,,,,,,,,C:\Windows\WinSxS\FileMaps,Security,File,,,,0x870,C:\Windows\WinSxS\amd64_microsoft-windows-servicingstack_31bf3856ad364e35_10.0.20348.557_none_f1edaeb8515fa10d\TiWorker.exe,,S:AI,,SCAFFOLD,0x3e7,DC$,S-1-5-18,,,,,,,,,,,
2026-09-02T03:21:22.132689Z,4663,dc.scaffold.htb,Microsoft-Windows-Security-Auditing,Security,21833,0,"%%1538
				",0x20000,,,,,,,0x136c,,,,,,,,,,,,,C:\Windows\WinSxS\FileMaps,Security,File,,,,0x870,C:\Windows\WinSxS\amd64_microsoft-windows-servicingstack_31bf3856ad364e35_10.0.20348.557_none_f1edaeb8515fa10d\TiWorker.exe,,S:AI,,SCAFFOLD,0x3e7,DC$,S-1-5-18,,,,,,,,,,,
2026-09-02T03:21:22.132838Z,4663,dc.scaffold.htb,Microsoft-Windows-Security-Auditing,Security,21834,0,"%%1538
				",0x20000,,,,,,,0x136c,,,,,,,,,,,,,C:\Windows\WinSxS\FileMaps,Security,File,,,,0x870,C:\Windows\WinSxS\amd64_microsoft-windows-servicingstack_31bf3856ad364e35_10.0.20348.557_none_f1edaeb8515fa10d\TiWorker.exe,,S:AI,,SCAFFOLD,0x3e7,DC$,S-1-5-18,,,,,,,,,,,
2026-09-02T03:21:22.133080Z,4663,dc.scaffold.htb,Microsoft-Windows-Security-Auditing,Security,21835,0,"%%1537
				",0x10000,,,,,,,0xda4,,,,,,,,,,,,,C:\Windows\WinSxS\FileMaps\$$_microsoft.net_assembly_gac_msil_reachframework_v4.0_4.0.0.0_31bf3856ad364e35_72298e36fcd01f69.cdf-ms,Security,File,,,,0x870,C:\Windows\WinSxS\amd64_microsoft-windows-servicingstack_31bf3856ad364e35_10.0.20348.557_none_f1edaeb8515fa10d\TiWorker.exe,,S:AI,,SCAFFOLD,0x3e7,DC$,S-1-5-18,,,,,,,,,,,
2026-09-02T03:21:22.133084Z,4660,dc.scaffold.htb,Microsoft-Windows-Security-Auditing,Security,21836,0,,,,,,,,,0xda4,,,,,,,,,,,,,,Security,,,,,0x870,C:\Windows\WinSxS\amd64_microsoft-windows-servicingstack_31bf3856ad364e35_10.0.20348.557_none_f1edaeb8515fa10d\TiWorker.exe,,,,SCAFFOLD,0x3e7,DC$,S-1-5-18,,,,,,,,,C6284384-A67C-11F1-9935-005056B98D90,,
2026-09-02T03:21:22.135039Z,4663,dc.scaffold.htb,Microsoft-Windows-Security-Auditing,Security,21837,0,"%%4417
				",0x2,,,,,,,0x2064,,,,,,,,,,,,,C:\Windows\WinSxS\FileMaps,Security,File,,,,0x870,C:\Windows\WinSxS\amd64_microsoft-windows-servicingstack_31bf3856ad364e35_10.0.20348.557_none_f1edaeb8515fa10d\TiWorker.exe,,S:AI,,SCAFFOLD,0x3e7,DC$,S-1-5-18,,,,,,,,,,,
2026-09-02T03:21:22.135297Z,4663,dc.scaffold.htb,Microsoft-Windows-Security-Auditing,Security,21838,0,"%%1538
				",0x20000,,,,,,,0xda4,,,,,,,,,,,,,C:\Windows\WinSxS\FileMaps,Security,File,,,,0x870,C:\Windows\WinSxS\amd64_microsoft-windows-servicingstack_31bf3856ad364e35_10.0.20348.557_none_f1edaeb8515fa10d\TiWorker.exe,,S:AI,,SCAFFOLD,0x3e7,DC$,S-1-5-18,,,,,,,,,,,
2026-09-02T03:21:22.135440Z,4663,dc.scaffold.htb,Microsoft-Windows-Security-Auditing,Security,21839,0,"%%1538
				",0x20000,,,,,,,0xda4,,,,,,,,,,,,,C:\Windows\WinSxS\FileMaps,Security,File,,,,0x870,C:\Windows\WinSxS\amd64_microsoft-windows-servicingstack_31bf3856ad364e35_10.0.20348.557_none_f1edaeb8515fa10d\TiWorker.exe,,S:AI,,SCAFFOLD,0x3e7,DC$,S-1-5-18,,,,,,,,,,,
2026-09-02T03:21:22.135649Z,4663,dc.scaffold.htb,Microsoft-Windows-Security-Auditing,Security,21840,0,"%%1537
				",0x10000,,,,,,,0xe38,,,,,,,,,,,,,C:\Windows\WinSxS\FileMaps\$$_microsoft.net_assembly_gac_msil_presentationframework-systemdata_v4.0_4.0.0.0_b77a5c561934e089_89b90455552a8828.cdf-ms,Security,File,,,,0x870,C:\Windows\WinSxS\amd64_microsoft-windows-servicingstack_31bf3856ad364e35_10.0.20348.557_none_f1edaeb8515fa10d\TiWorker.exe,,S:AI,,SCAFFOLD,0x3e7,DC$,S-1-5-18,,,,,,,,,,,
2026-09-02T03:21:22.135659Z,4660,dc.scaffold.htb,Microsoft-Windows-Security-Auditing,Security,21841,0,,,,,,,,,0xe38,,,,,,,,,,,,,,Security,,,,,0x870,C:\Windows\WinSxS\amd64_microsoft-windows-servicingstack_31bf3856ad364e35_10.0.20348.557_none_f1edaeb8515fa10d\TiWorker.exe,,,,SCAFFOLD,0x3e7,DC$,S-1-5-18,,,,,,,,,C6284384-A67C-11F1-9935-005056B98D90,,
2026-09-02T03:21:22.137376Z,4663,dc.scaffold.htb,Microsoft-Windows-Security-Auditing,Security,21842,0,"%%4417
				",0x2,,,,,,,0x2064,,,,,,,,,,,,,C:\Windows\WinSxS\FileMaps,Security,File,,,,0x870,C:\Windows\WinSxS\amd64_microsoft-windows-servicingstack_31bf3856ad364e35_10.0.20348.557_none_f1edaeb8515fa10d\TiWorker.exe,,S:AI,,SCAFFOLD,0x3e7,DC$,S-1-5-18,,,,,,,,,,,
2026-09-02T03:21:22.137630Z,4663,dc.scaffold.htb,Microsoft-Windows-Security-Auditing,Security,21843,0,"%%1538
				",0x20000,,,,,,,0xe38,,,,,,,,,,,,,C:\Windows\WinSxS\FileMaps,Security,File,,,,0x870,C:\Windows\WinSxS\amd64_microsoft-windows-servicingstack_31bf3856ad364e35_10.0.20348.557_none_f1edaeb8515fa10d\TiWorker.exe,,S:AI,,SCAFFOLD,0x3e7,DC$,S-1-5-18,,,,,,,,,,,
2026-09-02T03:21:22.137777Z,4663,dc.scaffold.htb,Microsoft-Windows-Security-Auditing,Security,21844,0,"%%1538
				",0x20000,,,,,,,0xe38,,,,,,,,,,,,,C:\Windows\WinSxS\FileMaps,Security,File,,,,0x870,C:\Windows\WinSxS\amd64_microsoft-windows-servicingstack_31bf3856ad364e35_10.0.20348.557_none_f1edaeb8515fa10d\TiWorker.exe,,S:AI,,SCAFFOLD,0x3e7,DC$,S-1-5-18,,,,,,,,,,,
2026-09-02T03:21:22.137989Z,4663,dc.scaffold.htb,Microsoft-Windows-Security-Auditing,Security,21845,0,"%%1537
				",0x10000,,,,,,,0x136c,,,,,,,,,,,,,C:\Windows\WinSxS\FileMaps\$$_microsoft.net_assembly_gac_msil_presentationframework_v4.0_4.0.0.0_31bf3856ad364e35_b57a3b1abb4f9cb2.cdf-ms,Security,File,,,,0x870,C:\Windows\WinSxS\amd64_microsoft-windows-servicingstack_31bf3856ad364e35_10.0.20348.557_none_f1edaeb8515fa10d\TiWorker.exe,,S:AI,,SCAFFOLD,0x3e7,DC$,S-1-5-18,,,,,,,,,,,
2026-09-02T03:21:22.138006Z,4660,dc.scaffold.htb,Microsoft-Windows-Security-Auditing,Security,21846,0,,,,,,,,,0x136c,,,,,,,,,,,,,,Security,,,,,0x870,C:\Windows\WinSxS\amd64_microsoft-windows-servicingstack_31bf3856ad364e35_10.0.20348.557_none_f1edaeb8515fa10d\TiWorker.exe,,,,SCAFFOLD,0x3e7,DC$,S-1-5-18,,,,,,,,,C6284384-A67C-11F1-9935-005056B98D90,,
2026-09-02T03:21:22.140733Z,4663,dc.scaffold.htb,Microsoft-Windows-Security-Auditing,Security,21847,0,"%%4417
				",0x2,,,,,,,0x2064,,,,,,,,,,,,,C:\Windows\WinSxS\FileMaps,Security,File,,,,0x870,C:\Windows\WinSxS\amd64_microsoft-windows-servicingstack_31bf3856ad364e35_10.0.20348.557_none_f1edaeb8515fa10d\TiWorker.exe,,S:AI,,SCAFFOLD,0x3e7,DC$,S-1-5-18,,,,,,,,,,,
2026-09-02T03:21:22.141034Z,4663,dc.scaffold.htb,Microsoft-Windows-Security-Auditing,Security,21848,0,"%%1538
				",0x20000,,,,,,,0x136c,,,,,,,,,,,,,C:\Windows\WinSxS\FileMaps,Security,File,,,,0x870,C:\Windows\WinSxS\amd64_microsoft-windows-servicingstack_31bf3856ad364e35_10.0.20348.557_none_f1edaeb8515fa10d\TiWorker.exe,,S:AI,,SCAFFOLD,0x3e7,DC$,S-1-5-18,,,,,,,,,,,
2026-09-02T03:21:22.141181Z,4663,dc.scaffold.htb,Microsoft-Windows-Security-Auditing,Security,21849,0,"%%1538
				",0x20000,,,,,,,0x136c,,,,,,,,,,,,,C:\Windows\WinSxS\FileMaps,Security,File,,,,0x870,C:\Windows\WinSxS\amd64_microsoft-windows-servicingstack_31bf3856ad364e35_10.0.20348.557_none_f1edaeb8515fa10d\TiWorker.exe,,S:AI,,SCAFFOLD,0x3e7,DC$,S-1-5-18,,,,,,,,,,,
2026-09-02T03:21:22.141500Z,4663,dc.scaffold.htb,Microsoft-Windows-Security-Auditing,Security,21850,0,"%%1537
				",0x10000,,,,,,,0xda4,,,,,,,,,,,,,C:\Windows\Microsoft.NET\assembly\GAC_MSIL\PresentationFramework\v4.0_4.0.0.0__31bf3856ad364e35\PresentationFramework.dll,Security,File,,,,0x870,C:\Windows\WinSxS\amd64_microsoft-windows-servicingstack_31bf3856ad364e35_10.0.20348.557_none_f1edaeb8515fa10d\TiWorker.exe,,S:AI,,SCAFFOLD,0x3e7,DC$,S-1-5-18,,,,,,,,,,,
2026-09-02T03:21:22.142188Z,4660,dc.scaffold.htb,Microsoft-Windows-Security-Auditing,Security,21851,0,,,,,,,,,0xda4,,,,,,,,,,,,,,Security,,,,,0x870,C:\Windows\WinSxS\amd64_microsoft-windows-servicingstack_31bf3856ad364e35_10.0.20348.557_none_f1edaeb8515fa10d\TiWorker.exe,,,,SCAFFOLD,0x3e7,DC$,S-1-5-18,,,,,,,,,C6284384-A67C-11F1-9935-005056B98D90,,
2026-09-02T03:21:22.143379Z,4663,dc.scaffold.htb,Microsoft-Windows-Security-Auditing,Security,21852,0,"%%1537
				",0x10000,,,,,,,0xe38,,,,,,,,,,,,,C:\Windows\Microsoft.NET\assembly\GAC_MSIL\PresentationFramework-SystemData\v4.0_4.0.0.0__b77a5c561934e089\PresentationFramework-SystemData.dll,Security,File,,,,0x870,C:\Windows\WinSxS\amd64_microsoft-windows-servicingstack_31bf3856ad364e35_10.0.20348.557_none_f1edaeb8515fa10d\TiWorker.exe,,S:AI,,SCAFFOLD,0x3e7,DC$,S-1-5-18,,,,,,,,,,,
2026-09-02T03:21:22.143444Z,4660,dc.scaffold.htb,Microsoft-Windows-Security-Auditing,Security,21853,0,,,,,,,,,0xe38,,,,,,,,,,,,,,Security,,,,,0x870,C:\Windows\WinSxS\amd64_microsoft-windows-servicingstack_31bf3856ad364e35_10.0.20348.557_none_f1edaeb8515fa10d\TiWorker.exe,,,,SCAFFOLD,0x3e7,DC$,S-1-5-18,,,,,,,,,C6284384-A67C-11F1-9935-005056B98D90,,
2026-09-02T03:21:22.143981Z,4663,dc.scaffold.htb,Microsoft-Windows-Security-Auditing,Security,21854,0,"%%1537
				",0x10000,,,,,,,0x136c,,,,,,,,,,,,,C:\Windows\Microsoft.NET\assembly\GAC_MSIL\ReachFramework\v4.0_4.0.0.0__31bf3856ad364e35\ReachFramework.dll,Security,File,,,,0x870,C:\Windows\WinSxS\amd64_microsoft-windows-servicingstack_31bf3856ad364e35_10.0.20348.557_none_f1edaeb8515fa10d\TiWorker.exe,,S:AI,,SCAFFOLD,0x3e7,DC$,S-1-5-18,,,,,,,,,,,
2026-09-02T03:21:22.144305Z,4660,dc.scaffold.htb,Microsoft-Windows-Security-Auditing,Security,21855,0,,,,,,,,,0x136c,,,,,,,,,,,,,,Security,,,,,0x870,C:\Windows\WinSxS\amd64_microsoft-windows-servicingstack_31bf3856ad364e35_10.0.20348.557_none_f1edaeb8515fa10d\TiWorker.exe,,,,SCAFFOLD,0x3e7,DC$,S-1-5-18,,,,,,,,,C6284384-A67C-11F1-9935-005056B98D90,,
2026-09-02T03:21:22.144837Z,4663,dc.scaffold.htb,Microsoft-Windows-Security-Auditing,Security,21856,0,"%%1537
				",0x10000,,,,,,,0xda4,,,,,,,,,,,,,C:\Windows\Microsoft.NET\assembly\GAC_MSIL\SMDiagnostics\v4.0_4.0.0.0__b77a5c561934e089\SMDiagnostics.dll,Security,File,,,,0x870,C:\Windows\WinSxS\amd64_microsoft-windows-servicingstack_31bf3856ad364e35_10.0.20348.557_none_f1edaeb8515fa10d\TiWorker.exe,,S:AI,,SCAFFOLD,0x3e7,DC$,S-1-5-18,,,,,,,,,,,
2026-09-02T03:21:22.145144Z,4660,dc.scaffold.htb,Microsoft-Windows-Security-Auditing,Security,21857,0,,,,,,,,,0xda4,,,,,,,,,,,,,,Security,,,,,0x870,C:\Windows\WinSxS\amd64_microsoft-windows-servicingstack_31bf3856ad364e35_10.0.20348.557_none_f1edaeb8515fa10d\TiWorker.exe,,,,SCAFFOLD,0x3e7,DC$,S-1-5-18,,,,,,,,,C6284384-A67C-11F1-9935-005056B98D90,,
2026-09-02T03:21:22.145683Z,4663,dc.scaffold.htb,Microsoft-Windows-Security-Auditing,Security,21858,0,"%%1537
				",0x10000,,,,,,,0xe38,,,,,,,,,,,,,C:\Windows\Microsoft.NET\assembly\GAC_MSIL\System\v4.0_4.0.0.0__b77a5c561934e089\System.dll,Security,File,,,,0x870,C:\Windows\WinSxS\amd64_microsoft-windows-servicingstack_31bf3856ad364e35_10.0.20348.557_none_f1edaeb8515fa10d\TiWorker.exe,,S:AI,,SCAFFOLD,0x3e7,DC$,S-1-5-18,,,,,,,,,,,
2026-09-02T03:21:22.146274Z,4660,dc.scaffold.htb,Microsoft-Windows-Security-Auditing,Security,21859,0,,,,,,,,,0xe38,,,,,,,,,,,,,,Security,,,,,0x870,C:\Windows\WinSxS\amd64_microsoft-windows-servicingstack_31bf3856ad364e35_10.0.20348.557_none_f1edaeb8515fa10d\TiWorker.exe,,,,SCAFFOLD,0x3e7,DC$,S-1-5-18,,,,,,,,,C6284384-A67C-11F1-9935-005056B98D90,,
2026-09-02T03:21:22.147310Z,4663,dc.scaffold.htb,Microsoft-Windows-Security-Auditing,Security,21860,0,"%%1537
				",0x10000,,,,,,,0x136c,,,,,,,,,,,,,C:\Windows\Microsoft.NET\assembly\GAC_MSIL\System.Activities\v4.0_4.0.0.0__31bf3856ad364e35\System.Activities.dll,Security,File,,,,0x870,C:\Windows\WinSxS\amd64_microsoft-windows-servicingstack_31bf3856ad364e35_10.0.20348.557_none_f1edaeb8515fa10d\TiWorker.exe,,S:AI,,SCAFFOLD,0x3e7,DC$,S-1-5-18,,,,,,,,,,,
2026-09-02T03:21:22.147341Z,4660,dc.scaffold.htb,Microsoft-Windows-Security-Auditing,Security,21861,0,,,,,,,,,0x136c,,,,,,,,,,,,,,Security,,,,,0x870,C:\Windows\WinSxS\amd64_microsoft-windows-servicingstack_31bf3856ad364e35_10.0.20348.557_none_f1edaeb8515fa10d\TiWorker.exe,,,,SCAFFOLD,0x3e7,DC$,S-1-5-18,,,,,,,,,C6284384-A67C-11F1-9935-005056B98D90,,
2026-09-02T03:21:22.148313Z,4663,dc.scaffold.htb,Microsoft-Windows-Security-Auditing,Security,21862,0,"%%1537
				",0x10000,,,,,,,0x1370,,,,,,,,,,,,,C:\Windows\Microsoft.NET\assembly\GAC_MSIL\System.Activities.Presentation\v4.0_4.0.0.0__31bf3856ad364e35\System.Activities.Presentation.dll,Security,File,,,,0x870,C:\Windows\WinSxS\amd64_microsoft-windows-servicingstack_31bf3856ad364e35_10.0.20348.557_none_f1edaeb8515fa10d\TiWorker.exe,,S:AI,,SCAFFOLD,0x3e7,DC$,S-1-5-18,,,,,,,,,,,
2026-09-02T03:21:22.148317Z,4660,dc.scaffold.htb,Microsoft-Windows-Security-Auditing,Security,21863,0,,,,,,,,,0x1370,,,,,,,,,,,,,,Security,,,,,0x870,C:\Windows\WinSxS\amd64_microsoft-windows-servicingstack_31bf3856ad364e35_10.0.20348.557_none_f1edaeb8515fa10d\TiWorker.exe,,,,SCAFFOLD,0x3e7,DC$,S-1-5-18,,,,,,,,,C6284384-A67C-11F1-9935-005056B98D90,,
2026-09-02T03:21:22.148819Z,4663,dc.scaffold.htb,Microsoft-Windows-Security-Auditing,Security,21864,0,"%%1537
				",0x10000,,,,,,,0x1374,,,,,,,,,,,,,C:\Windows\Microsoft.NET\assembly\GAC_MSIL\System.Core\v4.0_4.0.0.0__b77a5c561934e089\System.Core.dll,Security,File,,,,0x870,C:\Windows\WinSxS\amd64_microsoft-windows-servicingstack_31bf3856ad364e35_10.0.20348.557_none_f1edaeb8515fa10d\TiWorker.exe,,S:AI,,SCAFFOLD,0x3e7,DC$,S-1-5-18,,,,,,,,,,,
2026-09-02T03:21:22.148822Z,4660,dc.scaffold.htb,Microsoft-Windows-Security-Auditing,Security,21865,0,,,,,,,,,0x1374,,,,,,,,,,,,,,Security,,,,,0x870,C:\Windows\WinSxS\amd64_microsoft-windows-servicingstack_31bf3856ad364e35_10.0.20348.557_none_f1edaeb8515fa10d\TiWorker.exe,,,,SCAFFOLD,0x3e7,DC$,S-1-5-18,,,,,,,,,C6284384-A67C-11F1-9935-005056B98D90,,
2026-09-02T03:21:22.149280Z,4663,dc.scaffold.htb,Microsoft-Windows-Security-Auditing,Security,21866,0,"%%1537
				",0x10000,,,,,,,0xda4,,,,,,,,,,,,,C:\Windows\Microsoft.NET\assembly\GAC_MSIL\System.Data.SqlXml\v4.0_4.0.0.0__b77a5c561934e089\System.Data.SqlXml.dll,Security,File,,,,0x870,C:\Windows\WinSxS\amd64_microsoft-windows-servicingstack_31bf3856ad364e35_10.0.20348.557_none_f1edaeb8515fa10d\TiWorker.exe,,S:AI,,SCAFFOLD,0x3e7,DC$,S-1-5-18,,,,,,,,,,,
2026-09-02T03:21:22.149301Z,4660,dc.scaffold.htb,Microsoft-Windows-Security-Auditing,Security,21867,0,,,,,,,,,0xda4,,,,,,,,,,,,,,Security,,,,,0x870,C:\Windows\WinSxS\amd64_microsoft-windows-servicingstack_31bf3856ad364e35_10.0.20348.557_none_f1edaeb8515fa10d\TiWorker.exe,,,,SCAFFOLD,0x3e7,DC$,S-1-5-18,,,,,,,,,C6284384-A67C-11F1-9935-005056B98D90,,
2026-09-02T03:21:22.149790Z,4663,dc.scaffold.htb,Microsoft-Windows-Security-Auditing,Security,21868,0,"%%1537
				",0x10000,,,,,,,0x1370,,,,,,,,,,,,,C:\Windows\Microsoft.NET\assembly\GAC_MSIL\System.Deployment\v4.0_4.0.0.0__b03f5f7f11d50a3a\System.Deployment.dll,Security,File,,,,0x870,C:\Windows\WinSxS\amd64_microsoft-windows-servicingstack_31bf3856ad364e35_10.0.20348.557_none_f1edaeb8515fa10d\TiWorker.exe,,S:AI,,SCAFFOLD,0x3e7,DC$,S-1-5-18,,,,,,,,,,,
2026-09-02T03:21:22.149808Z,4660,dc.scaffold.htb,Microsoft-Windows-Security-Auditing,Security,21869,0,,,,,,,,,0x1370,,,,,,,,,,,,,,Security,,,,,0x870,C:\Windows\WinSxS\amd64_microsoft-windows-servicingstack_31bf3856ad364e35_10.0.20348.557_none_f1edaeb8515fa10d\TiWorker.exe,,,,SCAFFOLD,0x3e7,DC$,S-1-5-18,,,,,,,,,C6284384-A67C-11F1-9935-005056B98D90,,
2026-09-02T03:21:22.150284Z,4663,dc.scaffold.htb,Microsoft-Windows-Security-Auditing,Security,21870,0,"%%1537
				",0x10000,,,,,,,0x1374,,,,,,,,,,,,,C:\Windows\Microsoft.NET\assembly\GAC_MSIL\System.DirectoryServices\v4.0_4.0.0.0__b03f5f7f11d50a3a\System.DirectoryServices.dll,Security,File,,,,0x870,C:\Windows\WinSxS\amd64_microsoft-windows-servicingstack_31bf3856ad364e35_10.0.20348.557_none_f1edaeb8515fa10d\TiWorker.exe,,S:AI,,SCAFFOLD,0x3e7,DC$,S-1-5-18,,,,,,,,,,,
2026-09-02T03:21:22.150309Z,4660,dc.scaffold.htb,Microsoft-Windows-Security-Auditing,Security,21871,0,,,,,,,,,0x1374,,,,,,,,,,,,,,Security,,,,,0x870,C:\Windows\WinSxS\amd64_microsoft-windows-servicingstack_31bf3856ad364e35_10.0.20348.557_none_f1edaeb8515fa10d\TiWorker.exe,,,,SCAFFOLD,0x3e7,DC$,S-1-5-18,,,,,,,,,C6284384-A67C-11F1-9935-005056B98D90,,
2026-09-02T03:21:22.150825Z,4663,dc.scaffold.htb,Microsoft-Windows-Security-Auditing,Security,21872,0,"%%1537
				",0x10000,,,,,,,0xda4,,,,,,,,,,,,,C:\Windows\Microsoft.NET\assembly\GAC_MSIL\System.DirectoryServices.AccountManagement\v4.0_4.0.0.0__b77a5c561934e089\System.DirectoryServices.AccountManagement.dll,Security,File,,,,0x870,C:\Windows\WinSxS\amd64_microsoft-windows-servicingstack_31bf3856ad364e35_10.0.20348.557_none_f1edaeb8515fa10d\TiWorker.exe,,S:AI,,SCAFFOLD,0x3e7,DC$,S-1-5-18,,,,,,,,,,,
2026-09-02T03:21:22.150828Z,4660,dc.scaffold.htb,Microsoft-Windows-Security-Auditing,Security,21873,0,,,,,,,,,0xda4,,,,,,,,,,,,,,Security,,,,,0x870,C:\Windows\WinSxS\amd64_microsoft-windows-servicingstack_31bf3856ad364e35_10.0.20348.557_none_f1edaeb8515fa10d\TiWorker.exe,,,,SCAFFOLD,0x3e7,DC$,S-1-5-18,,,,,,,,,C6284384-A67C-11F1-9935-005056B98D90,,
2026-09-02T03:21:22.151325Z,4663,dc.scaffold.htb,Microsoft-Windows-Security-Auditing,Security,21874,0,"%%1537
				",0x10000,,,,,,,0x1370,,,,,,,,,,,,,C:\Windows\Microsoft.NET\assembly\GAC_MSIL\System.IdentityModel\v4.0_4.0.0.0__b77a5c561934e089\System.IdentityModel.dll,Security,File,,,,0x870,C:\Windows\WinSxS\amd64_microsoft-windows-servicingstack_31bf3856ad364e35_10.0.20348.557_none_f1edaeb8515fa10d\TiWorker.exe,,S:AI,,SCAFFOLD,0x3e7,DC$,S-1-5-18,,,,,,,,,,,
2026-09-02T03:21:22.151343Z,4660,dc.scaffold.htb,Microsoft-Windows-Security-Auditing,Security,21875,0,,,,,,,,,0x1370,,,,,,,,,,,,,,Security,,,,,0x870,C:\Windows\WinSxS\amd64_microsoft-windows-servicingstack_31bf3856ad364e35_10.0.20348.557_none_f1edaeb8515fa10d\TiWorker.exe,,,,SCAFFOLD,0x3e7,DC$,S-1-5-18,,,,,,,,,C6284384-A67C-11F1-9935-005056B98D90,,
2026-09-02T03:21:22.153168Z,4663,dc.scaffold.htb,Microsoft-Windows-Security-Auditing,Security,21876,0,"%%1537
				",0x10000,,,,,,,0x1374,,,,,,,,,,,,,C:\Windows\Microsoft.NET\assembly\GAC_MSIL\System.IdentityModel.Services\v4.0_4.0.0.0__b77a5c561934e089\System.IdentityModel.Services.dll,Security,File,,,,0x870,C:\Windows\WinSxS\amd64_microsoft-windows-servicingstack_31bf3856ad364e35_10.0.20348.557_none_f1edaeb8515fa10d\TiWorker.exe,,S:AI,,SCAFFOLD,0x3e7,DC$,S-1-5-18,,,,,,,,,,,
2026-09-02T03:21:22.153171Z,4660,dc.scaffold.htb,Microsoft-Windows-Security-Auditing,Security,21877,0,,,,,,,,,0x1374,,,,,,,,,,,,,,Security,,,,,0x870,C:\Windows\WinSxS\amd64_microsoft-windows-servicingstack_31bf3856ad364e35_10.0.20348.557_none_f1edaeb8515fa10d\TiWorker.exe,,,,SCAFFOLD,0x3e7,DC$,S-1-5-18,,,,,,,,,C6284384-A67C-11F1-9935-005056B98D90,,
2026-09-02T03:21:22.154365Z,4663,dc.scaffold.htb,Microsoft-Windows-Security-Auditing,Security,21878,0,"%%1537
				",0x10000,,,,,,,0xda4,,,,,,,,,,,,,C:\Windows\Microsoft.NET\assembly\GAC_MSIL\System.IO.Compression\v4.0_4.0.0.0__b77a5c561934e089\System.IO.Compression.dll,Security,File,,,,0x870,C:\Windows\WinSxS\amd64_microsoft-windows-servicingstack_31bf3856ad364e35_10.0.20348.557_none_f1edaeb8515fa10d\TiWorker.exe,,S:AI,,SCAFFOLD,0x3e7,DC$,S-1-5-18,,,,,,,,,,,
2026-09-02T03:21:22.154378Z,4660,dc.scaffold.htb,Microsoft-Windows-Security-Auditing,Security,21879,0,,,,,,,,,0xda4,,,,,,,,,,,,,,Security,,,,,0x870,C:\Windows\WinSxS\amd64_microsoft-windows-servicingstack_31bf3856ad364e35_10.0.20348.557_none_f1edaeb8515fa10d\TiWorker.exe,,,,SCAFFOLD,0x3e7,DC$,S-1-5-18,,,,,,,,,C6284384-A67C-11F1-9935-005056B98D90,,
2026-09-02T03:21:22.155435Z,4663,dc.scaffold.htb,Microsoft-Windows-Security-Auditing,Security,21880,0,"%%1537
				",0x10000,,,,,,,0x1370,,,,,,,,,,,,,C:\Windows\Microsoft.NET\assembly\GAC_MSIL\System.Net\v4.0_4.0.0.0__b03f5f7f11d50a3a\System.Net.dll,Security,File,,,,0x870,C:\Windows\WinSxS\amd64_microsoft-windows-servicingstack_31bf3856ad364e35_10.0.20348.557_none_f1edaeb8515fa10d\TiWorker.exe,,S:AI,,SCAFFOLD,0x3e7,DC$,S-1-5-18,,,,,,,,,,,
2026-09-02T03:21:22.155459Z,4660,dc.scaffold.htb,Microsoft-Windows-Security-Auditing,Security,21881,0,,,,,,,,,0x1370,,,,,,,,,,,,,,Security,,,,,0x870,C:\Windows\WinSxS\amd64_microsoft-windows-servicingstack_31bf3856ad364e35_10.0.20348.557_none_f1edaeb8515fa10d\TiWorker.exe,,,,SCAFFOLD,0x3e7,DC$,S-1-5-18,,,,,,,,,C6284384-A67C-11F1-9935-005056B98D90,,
2026-09-02T03:21:22.156020Z,4663,dc.scaffold.htb,Microsoft-Windows-Security-Auditing,Security,21882,0,"%%1537
				",0x10000,,,,,,,0x1374,,,,,,,,,,,,,C:\Windows\Microsoft.NET\assembly\GAC_MSIL\System.Net.Http\v4.0_4.0.0.0__b03f5f7f11d50a3a\System.Net.Http.dll,Security,File,,,,0x870,C:\Windows\WinSxS\amd64_microsoft-windows-servicingstack_31bf3856ad364e35_10.0.20348.557_none_f1edaeb8515fa10d\TiWorker.exe,,S:AI,,SCAFFOLD,0x3e7,DC$,S-1-5-18,,,,,,,,,,,
2026-09-02T03:21:22.156024Z,4660,dc.scaffold.htb,Microsoft-Windows-Security-Auditing,Security,21883,0,,,,,,,,,0x1374,,,,,,,,,,,,,,Security,,,,,0x870,C:\Windows\WinSxS\amd64_microsoft-windows-servicingstack_31bf3856ad364e35_10.0.20348.557_none_f1edaeb8515fa10d\TiWorker.exe,,,,SCAFFOLD,0x3e7,DC$,S-1-5-18,,,,,,,,,C6284384-A67C-11F1-9935-005056B98D90,,
2026-09-02T03:21:22.156993Z,4663,dc.scaffold.htb,Microsoft-Windows-Security-Auditing,Security,21884,0,"%%1537
				",0x10000,,,,,,,0xda4,,,,,,,,,,,,,C:\Windows\Microsoft.NET\assembly\GAC_MSIL\System.Net.Http.WebRequest\v4.0_4.0.0.0__b03f5f7f11d50a3a\System.Net.Http.WebRequest.dll,Security,File,,,,0x870,C:\Windows\WinSxS\amd64_microsoft-windows-servicingstack_31bf3856ad364e35_10.0.20348.557_none_f1edaeb8515fa10d\TiWorker.exe,,S:AI,,SCAFFOLD,0x3e7,DC$,S-1-5-18,,,,,,,,,,,
2026-09-02T03:21:22.157015Z,4660,dc.scaffold.htb,Microsoft-Windows-Security-Auditing,Security,21885,0,,,,,,,,,0xda4,,,,,,,,,,,,,,Security,,,,,0x870,C:\Windows\WinSxS\amd64_microsoft-windows-servicingstack_31bf3856ad364e35_10.0.20348.557_none_f1edaeb8515fa10d\TiWorker.exe,,,,SCAFFOLD,0x3e7,DC$,S-1-5-18,,,,,,,,,C6284384-A67C-11F1-9935-005056B98D90,,
2026-09-02T03:21:22.157519Z,4663,dc.scaffold.htb,Microsoft-Windows-Security-Auditing,Security,21886,0,"%%1537
				",0x10000,,,,,,,0x1370,,,,,,,,,,,,,C:\Windows\Microsoft.NET\assembly\GAC_MSIL\System.Runtime.Caching\v4.0_4.0.0.0__b03f5f7f11d50a3a\System.Runtime.Caching.dll,Security,File,,,,0x870,C:\Windows\WinSxS\amd64_microsoft-windows-servicingstack_31bf3856ad364e35_10.0.20348.557_none_f1edaeb8515fa10d\TiWorker.exe,,S:AI,,SCAFFOLD,0x3e7,DC$,S-1-5-18,,,,,,,,,,,
2026-09-02T03:21:22.157620Z,4660,dc.scaffold.htb,Microsoft-Windows-Security-Auditing,Security,21887,0,,,,,,,,,0x1370,,,,,,,,,,,,,,Security,,,,,0x870,C:\Windows\WinSxS\amd64_microsoft-windows-servicingstack_31bf3856ad364e35_10.0.20348.557_none_f1edaeb8515fa10d\TiWorker.exe,,,,SCAFFOLD,0x3e7,DC$,S-1-5-18,,,,,,,,,C6284384-A67C-11F1-9935-005056B98D90,,
2026-09-02T03:21:22.158121Z,4663,dc.scaffold.htb,Microsoft-Windows-Security-Auditing,Security,21888,0,"%%1537
				",0x10000,,,,,,,0x1374,,,,,,,,,,,,,C:\Windows\Microsoft.NET\assembly\GAC_MSIL\System.Runtime.Remoting\v4.0_4.0.0.0__b77a5c561934e089\System.Runtime.Remoting.dll,Security,File,,,,0x870,C:\Windows\WinSxS\amd64_microsoft-windows-servicingstack_31bf3856ad364e35_10.0.20348.557_none_f1edaeb8515fa10d\TiWorker.exe,,S:AI,,SCAFFOLD,0x3e7,DC$,S-1-5-18,,,,,,,,,,,
2026-09-02T03:21:22.158141Z,4660,dc.scaffold.htb,Microsoft-Windows-Security-Auditing,Security,21889,0,,,,,,,,,0x1374,,,,,,,,,,,,,,Security,,,,,0x870,C:\Windows\WinSxS\amd64_microsoft-windows-servicingstack_31bf3856ad364e35_10.0.20348.557_none_f1edaeb8515fa10d\TiWorker.exe,,,,SCAFFOLD,0x3e7,DC$,S-1-5-18,,,,,,,,,C6284384-A67C-11F1-9935-005056B98D90,,
2026-09-02T03:21:22.158621Z,4663,dc.scaffold.htb,Microsoft-Windows-Security-Auditing,Security,21890,0,"%%1537
				",0x10000,,,,,,,0xda4,,,,,,,,,,,,,C:\Windows\Microsoft.NET\assembly\GAC_MSIL\System.Runtime.Serialization\v4.0_4.0.0.0__b77a5c561934e089\System.Runtime.Serialization.dll,Security,File,,,,0x870,C:\Windows\WinSxS\amd64_microsoft-windows-servicingstack_31bf3856ad364e35_10.0.20348.557_none_f1edaeb8515fa10d\TiWorker.exe,,S:AI,,SCAFFOLD,0x3e7,DC$,S-1-5-18,,,,,,,,,,,
2026-09-02T03:21:22.159097Z,4660,dc.scaffold.htb,Microsoft-Windows-Security-Auditing,Security,21891,0,,,,,,,,,0xda4,,,,,,,,,,,,,,Security,,,,,0x870,C:\Windows\WinSxS\amd64_microsoft-windows-servicingstack_31bf3856ad364e35_10.0.20348.557_none_f1edaeb8515fa10d\TiWorker.exe,,,,SCAFFOLD,0x3e7,DC$,S-1-5-18,,,,,,,,,C6284384-A67C-11F1-9935-005056B98D90,,
2026-09-02T03:21:22.159614Z,4663,dc.scaffold.htb,Microsoft-Windows-Security-Auditing,Security,21892,0,"%%1537
				",0x10000,,,,,,,0x1370,,,,,,,,,,,,,C:\Windows\Microsoft.NET\assembly\GAC_MSIL\System.Security\v4.0_4.0.0.0__b03f5f7f11d50a3a\System.Security.dll,Security,File,,,,0x870,C:\Windows\WinSxS\amd64_microsoft-windows-servicingstack_31bf3856ad364e35_10.0.20348.557_none_f1edaeb8515fa10d\TiWorker.exe,,S:AI,,SCAFFOLD,0x3e7,DC$,S-1-5-18,,,,,,,,,,,
2026-09-02T03:21:22.159632Z,4660,dc.scaffold.htb,Microsoft-Windows-Security-Auditing,Security,21893,0,,,,,,,,,0x1370,,,,,,,,,,,,,,Security,,,,,0x870,C:\Windows\WinSxS\amd64_microsoft-windows-servicingstack_31bf3856ad364e35_10.0.20348.557_none_f1edaeb8515fa10d\TiWorker.exe,,,,SCAFFOLD,0x3e7,DC$,S-1-5-18,,,,,,,,,C6284384-A67C-11F1-9935-005056B98D90,,
2026-09-02T03:21:22.160093Z,4663,dc.scaffold.htb,Microsoft-Windows-Security-Auditing,Security,21894,0,"%%1537
				",0x10000,,,,,,,0x1374,,,,,,,,,,,,,C:\Windows\Microsoft.NET\assembly\GAC_MSIL\System.ServiceModel\v4.0_4.0.0.0__b77a5c561934e089\System.ServiceModel.dll,Security,File,,,,0x870,C:\Windows\WinSxS\amd64_microsoft-windows-servicingstack_31bf3856ad364e35_10.0.20348.557_none_f1edaeb8515fa10d\TiWorker.exe,,S:AI,,SCAFFOLD,0x3e7,DC$,S-1-5-18,,,,,,,,,,,
2026-09-02T03:21:22.160437Z,4660,dc.scaffold.htb,Microsoft-Windows-Security-Auditing,Security,21895,0,,,,,,,,,0x1374,,,,,,,,,,,,,,Security,,,,,0x870,C:\Windows\WinSxS\amd64_microsoft-windows-servicingstack_31bf3856ad364e35_10.0.20348.557_none_f1edaeb8515fa10d\TiWorker.exe,,,,SCAFFOLD,0x3e7,DC$,S-1-5-18,,,,,,,,,C6284384-A67C-11F1-9935-005056B98D90,,
2026-09-02T03:21:22.160984Z,4663,dc.scaffold.htb,Microsoft-Windows-Security-Auditing,Security,21896,0,"%%1537
				",0x10000,,,,,,,0xda4,,,,,,,,,,,,,C:\Windows\Microsoft.NET\assembly\GAC_MSIL\System.ServiceModel.Channels\v4.0_4.0.0.0__31bf3856ad364e35\System.ServiceModel.Channels.dll,Security,File,,,,0x870,C:\Windows\WinSxS\amd64_microsoft-windows-servicingstack_31bf3856ad364e35_10.0.20348.557_none_f1edaeb8515fa10d\TiWorker.exe,,S:AI,,SCAFFOLD,0x3e7,DC$,S-1-5-18,,,,,,,,,,,
