2026-09-02T03:46:51.749800Z,4664,dc.scaffold.htb,Microsoft-Windows-Security-Auditing,Security,24242,0,,,,,,,C:\Windows\WinSxS\wow64_microsoft-windows-tcpip-wmiv2provider_31bf3856ad364e35_10.0.20348.1_none_b0c17664931a1c65\MSFT_NetIPInterface.cdxml,,,,,,,C:\Windows\WinSxS\wow64_microsoft-windows-tcpip-wmiv2provider_31bf3856ad364e35_10.0.20348.2849_none_cf945388fc71e36f\MSFT_NetIPInterface.cdxml,,,,,,,,,,,,,,,,,,,SCAFFOLD,0x3e7,DC$,S-1-5-18,,,,,,,,,00000000-0000-0000-0000-000000000000,,
2026-09-02T03:46:51.754214Z,4664,dc.scaffold.htb,Microsoft-Windows-Security-Auditing,Security,24243,0,,,,,,,C:\Windows\WinSxS\wow64_microsoft-windows-tcpip-wmiv2provider_31bf3856ad364e35_10.0.20348.1_none_b0c17664931a1c65\MSFT_NetIPv4Protocol.cdxml,,,,,,,C:\Windows\WinSxS\wow64_microsoft-windows-tcpip-wmiv2provider_31bf3856ad364e35_10.0.20348.2849_none_cf945388fc71e36f\MSFT_NetIPv4Protocol.cdxml,,,,,,,,,,,,,,,,,,,SCAFFOLD,0x3e7,DC$,S-1-5-18,,,,,,,,,00000000-0000-0000-0000-000000000000,,
2026-09-02T03:46:51.754889Z,4664,dc.scaffold.htb,Microsoft-Windows-Security-Auditing,Security,24244,0,,,,,,,C:\Windows\WinSxS\wow64_microsoft-windows-tcpip-wmiv2provider_31bf3856ad364e35_10.0.20348.1_none_b0c17664931a1c65\MSFT_NetIPv6Protocol.cdxml,,,,,,,C:\Windows\WinSxS\wow64_microsoft-windows-tcpip-wmiv2provider_31bf3856ad364e35_10.0.20348.2849_none_cf945388fc71e36f\MSFT_NetIPv6Protocol.cdxml,,,,,,,,,,,,,,,,,,,SCAFFOLD,0x3e7,DC$,S-1-5-18,,,,,,,,,00000000-0000-0000-0000-000000000000,,
2026-09-02T03:46:51.755406Z,4664,dc.scaffold.htb,Microsoft-Windows-Security-Auditing,Security,24245,0,,,,,,,C:\Windows\WinSxS\wow64_microsoft-windows-tcpip-wmiv2provider_31bf3856ad364e35_10.0.20348.1_none_b0c17664931a1c65\MSFT_NetNeighbor.cdxml,,,,,,,C:\Windows\WinSxS\wow64_microsoft-windows-tcpip-wmiv2provider_31bf3856ad364e35_10.0.20348.2849_none_cf945388fc71e36f\MSFT_NetNeighbor.cdxml,,,,,,,,,,,,,,,,,,,SCAFFOLD,0x3e7,DC$,S-1-5-18,,,,,,,,,00000000-0000-0000-0000-000000000000,,
2026-09-02T03:46:51.755972Z,4664,dc.scaffold.htb,Microsoft-Windows-Security-Auditing,Security,24246,0,,,,,,,C:\Windows\WinSxS\wow64_microsoft-windows-tcpip-wmiv2provider_31bf3856ad364e35_10.0.20348.1_none_b0c17664931a1c65\MSFT_NetOffloadGlobalSetting.cdxml,,,,,,,C:\Windows\WinSxS\wow64_microsoft-windows-tcpip-wmiv2provider_31bf3856ad364e35_10.0.20348.2849_none_cf945388fc71e36f\MSFT_NetOffloadGlobalSetting.cdxml,,,,,,,,,,,,,,,,,,,SCAFFOLD,0x3e7,DC$,S-1-5-18,,,,,,,,,00000000-0000-0000-0000-000000000000,,
2026-09-02T03:46:51.756555Z,4664,dc.scaffold.htb,Microsoft-Windows-Security-Auditing,Security,24247,0,,,,,,,C:\Windows\WinSxS\wow64_microsoft-windows-tcpip-wmiv2provider_31bf3856ad364e35_10.0.20348.1_none_b0c17664931a1c65\MSFT_NetPrefixPolicy.cdxml,,,,,,,C:\Windows\WinSxS\wow64_microsoft-windows-tcpip-wmiv2provider_31bf3856ad364e35_10.0.20348.2849_none_cf945388fc71e36f\MSFT_NetPrefixPolicy.cdxml,,,,,,,,,,,,,,,,,,,SCAFFOLD,0x3e7,DC$,S-1-5-18,,,,,,,,,00000000-0000-0000-0000-000000000000,,
2026-09-02T03:46:51.757061Z,4664,dc.scaffold.htb,Microsoft-Windows-Security-Auditing,Security,24248,0,,,,,,,C:\Windows\WinSxS\wow64_microsoft-windows-tcpip-wmiv2provider_31bf3856ad364e35_10.0.20348.1_none_b0c17664931a1c65\MSFT_NetRoute.cdxml,,,,,,,C:\Windows\WinSxS\wow64_microsoft-windows-tcpip-wmiv2provider_31bf3856ad364e35_10.0.20348.2849_none_cf945388fc71e36f\MSFT_NetRoute.cdxml,,,,,,,,,,,,,,,,,,,SCAFFOLD,0x3e7,DC$,S-1-5-18,,,,,,,,,00000000-0000-0000-0000-000000000000,,
2026-09-02T03:46:51.757662Z,4664,dc.scaffold.htb,Microsoft-Windows-Security-Auditing,Security,24249,0,,,,,,,C:\Windows\WinSxS\wow64_microsoft-windows-tcpip-wmiv2provider_31bf3856ad364e35_10.0.20348.1_none_b0c17664931a1c65\MSFT_NetTCPConnection.cdxml,,,,,,,C:\Windows\WinSxS\wow64_microsoft-windows-tcpip-wmiv2provider_31bf3856ad364e35_10.0.20348.2849_none_cf945388fc71e36f\MSFT_NetTCPConnection.cdxml,,,,,,,,,,,,,,,,,,,SCAFFOLD,0x3e7,DC$,S-1-5-18,,,,,,,,,00000000-0000-0000-0000-000000000000,,
2026-09-02T03:46:51.758200Z,4664,dc.scaffold.htb,Microsoft-Windows-Security-Auditing,Security,24250,0,,,,,,,C:\Windows\WinSxS\wow64_microsoft-windows-tcpip-wmiv2provider_31bf3856ad364e35_10.0.20348.1_none_b0c17664931a1c65\MSFT_NetTCPSetting.cdxml,,,,,,,C:\Windows\WinSxS\wow64_microsoft-windows-tcpip-wmiv2provider_31bf3856ad364e35_10.0.20348.2849_none_cf945388fc71e36f\MSFT_NetTCPSetting.cdxml,,,,,,,,,,,,,,,,,,,SCAFFOLD,0x3e7,DC$,S-1-5-18,,,,,,,,,00000000-0000-0000-0000-000000000000,,
2026-09-02T03:46:51.758731Z,4664,dc.scaffold.htb,Microsoft-Windows-Security-Auditing,Security,24251,0,,,,,,,C:\Windows\WinSxS\wow64_microsoft-windows-tcpip-wmiv2provider_31bf3856ad364e35_10.0.20348.1_none_b0c17664931a1c65\MSFT_NetTransportFilter.cdxml,,,,,,,C:\Windows\WinSxS\wow64_microsoft-windows-tcpip-wmiv2provider_31bf3856ad364e35_10.0.20348.2849_none_cf945388fc71e36f\MSFT_NetTransportFilter.cdxml,,,,,,,,,,,,,,,,,,,SCAFFOLD,0x3e7,DC$,S-1-5-18,,,,,,,,,00000000-0000-0000-0000-000000000000,,
2026-09-02T03:46:51.759264Z,4664,dc.scaffold.htb,Microsoft-Windows-Security-Auditing,Security,24252,0,,,,,,,C:\Windows\WinSxS\wow64_microsoft-windows-tcpip-wmiv2provider_31bf3856ad364e35_10.0.20348.1_none_b0c17664931a1c65\MSFT_NetUDPEndpoint.cdxml,,,,,,,C:\Windows\WinSxS\wow64_microsoft-windows-tcpip-wmiv2provider_31bf3856ad364e35_10.0.20348.2849_none_cf945388fc71e36f\MSFT_NetUDPEndpoint.cdxml,,,,,,,,,,,,,,,,,,,SCAFFOLD,0x3e7,DC$,S-1-5-18,,,,,,,,,00000000-0000-0000-0000-000000000000,,
2026-09-02T03:46:51.759768Z,4664,dc.scaffold.htb,Microsoft-Windows-Security-Auditing,Security,24253,0,,,,,,,C:\Windows\WinSxS\wow64_microsoft-windows-tcpip-wmiv2provider_31bf3856ad364e35_10.0.20348.1_none_b0c17664931a1c65\MSFT_NetUDPSetting.cdxml,,,,,,,C:\Windows\WinSxS\wow64_microsoft-windows-tcpip-wmiv2provider_31bf3856ad364e35_10.0.20348.2849_none_cf945388fc71e36f\MSFT_NetUDPSetting.cdxml,,,,,,,,,,,,,,,,,,,SCAFFOLD,0x3e7,DC$,S-1-5-18,,,,,,,,,00000000-0000-0000-0000-000000000000,,
2026-09-02T03:46:51.760275Z,4664,dc.scaffold.htb,Microsoft-Windows-Security-Auditing,Security,24254,0,,,,,,,C:\Windows\WinSxS\wow64_microsoft-windows-tcpip-wmiv2provider_31bf3856ad364e35_10.0.20348.1_none_b0c17664931a1c65\MSFT_NetCompartment.cdxml,,,,,,,C:\Windows\WinSxS\wow64_microsoft-windows-tcpip-wmiv2provider_31bf3856ad364e35_10.0.20348.2849_none_cf945388fc71e36f\MSFT_NetCompartment.cdxml,,,,,,,,,,,,,,,,,,,SCAFFOLD,0x3e7,DC$,S-1-5-18,,,,,,,,,00000000-0000-0000-0000-000000000000,,
2026-09-02T03:46:51.760796Z,4664,dc.scaffold.htb,Microsoft-Windows-Security-Auditing,Security,24255,0,,,,,,,C:\Windows\WinSxS\wow64_microsoft-windows-tcpip-wmiv2provider_31bf3856ad364e35_10.0.20348.1_none_b0c17664931a1c65\NetIPConfiguration.psm1,,,,,,,C:\Windows\WinSxS\wow64_microsoft-windows-tcpip-wmiv2provider_31bf3856ad364e35_10.0.20348.2849_none_cf945388fc71e36f\NetIPConfiguration.psm1,,,,,,,,,,,,,,,,,,,SCAFFOLD,0x3e7,DC$,S-1-5-18,,,,,,,,,00000000-0000-0000-0000-000000000000,,
2026-09-02T03:46:51.761560Z,4664,dc.scaffold.htb,Microsoft-Windows-Security-Auditing,Security,24256,0,,,,,,,C:\Windows\WinSxS\wow64_microsoft-windows-tcpip-wmiv2provider_31bf3856ad364e35_10.0.20348.1_none_b0c17664931a1c65\Test-NetConnection.psm1,,,,,,,C:\Windows\WinSxS\wow64_microsoft-windows-tcpip-wmiv2provider_31bf3856ad364e35_10.0.20348.2849_none_cf945388fc71e36f\Test-NetConnection.psm1,,,,,,,,,,,,,,,,,,,SCAFFOLD,0x3e7,DC$,S-1-5-18,,,,,,,,,00000000-0000-0000-0000-000000000000,,
2026-09-02T03:46:51.762143Z,4664,dc.scaffold.htb,Microsoft-Windows-Security-Auditing,Security,24257,0,,,,,,,C:\Windows\WinSxS\wow64_microsoft-windows-tcpip-wmiv2provider_31bf3856ad364e35_10.0.20348.1_none_b0c17664931a1c65\Tcpip.Format.ps1xml,,,,,,,C:\Windows\WinSxS\wow64_microsoft-windows-tcpip-wmiv2provider_31bf3856ad364e35_10.0.20348.2849_none_cf945388fc71e36f\Tcpip.Format.ps1xml,,,,,,,,,,,,,,,,,,,SCAFFOLD,0x3e7,DC$,S-1-5-18,,,,,,,,,00000000-0000-0000-0000-000000000000,,
2026-09-02T03:46:51.762652Z,4664,dc.scaffold.htb,Microsoft-Windows-Security-Auditing,Security,24258,0,,,,,,,C:\Windows\WinSxS\wow64_microsoft-windows-tcpip-wmiv2provider_31bf3856ad364e35_10.0.20348.1_none_b0c17664931a1c65\Tcpip.Types.ps1xml,,,,,,,C:\Windows\WinSxS\wow64_microsoft-windows-tcpip-wmiv2provider_31bf3856ad364e35_10.0.20348.2849_none_cf945388fc71e36f\Tcpip.Types.ps1xml,,,,,,,,,,,,,,,,,,,SCAFFOLD,0x3e7,DC$,S-1-5-18,,,,,,,,,00000000-0000-0000-0000-000000000000,,
2026-09-02T03:46:51.763224Z,4664,dc.scaffold.htb,Microsoft-Windows-Security-Auditing,Security,24259,0,,,,,,,C:\Windows\WinSxS\wow64_microsoft-windows-tcpip-wmiv2provider_31bf3856ad364e35_10.0.20348.1_none_b0c17664931a1c65\NetTCPIP.psd1,,,,,,,C:\Windows\WinSxS\wow64_microsoft-windows-tcpip-wmiv2provider_31bf3856ad364e35_10.0.20348.2849_none_cf945388fc71e36f\NetTCPIP.psd1,,,,,,,,,,,,,,,,,,,SCAFFOLD,0x3e7,DC$,S-1-5-18,,,,,,,,,00000000-0000-0000-0000-000000000000,,
2026-09-02T03:46:51.765314Z,4664,dc.scaffold.htb,Microsoft-Windows-Security-Auditing,Security,24260,0,,,,,,,C:\Windows\WinSxS\wow64_microsoft-windows-w..for-management-core_31bf3856ad364e35_10.0.20348.502_none_bd797b4b6b59aa91\WsmAuto.mof,,,,,,,C:\Windows\WinSxS\wow64_microsoft-windows-w..for-management-core_31bf3856ad364e35_10.0.20348.3451_none_7d28f27a13a4c585\WsmAuto.mof,,,,,,,,,,,,,,,,,,,SCAFFOLD,0x3e7,DC$,S-1-5-18,,,,,,,,,00000000-0000-0000-0000-000000000000,,
2026-09-02T03:46:51.765941Z,4664,dc.scaffold.htb,Microsoft-Windows-Security-Auditing,Security,24261,0,,,,,,,C:\Windows\WinSxS\wow64_microsoft-windows-w..for-management-core_31bf3856ad364e35_10.0.20348.502_none_bd797b4b6b59aa91\WsmAgent.mof,,,,,,,C:\Windows\WinSxS\wow64_microsoft-windows-w..for-management-core_31bf3856ad364e35_10.0.20348.3451_none_7d28f27a13a4c585\WsmAgent.mof,,,,,,,,,,,,,,,,,,,SCAFFOLD,0x3e7,DC$,S-1-5-18,,,,,,,,,00000000-0000-0000-0000-000000000000,,
2026-09-02T03:46:51.767186Z,4664,dc.scaffold.htb,Microsoft-Windows-Security-Auditing,Security,24262,0,,,,,,,C:\Windows\WinSxS\wow64_microsoft-windows-w..for-management-core_31bf3856ad364e35_10.0.20348.502_none_bd797b4b6b59aa91\WsmAgentUninstall.mof,,,,,,,C:\Windows\WinSxS\wow64_microsoft-windows-w..for-management-core_31bf3856ad364e35_10.0.20348.3451_none_7d28f27a13a4c585\WsmAgentUninstall.mof,,,,,,,,,,,,,,,,,,,SCAFFOLD,0x3e7,DC$,S-1-5-18,,,,,,,,,00000000-0000-0000-0000-000000000000,,
2026-09-02T03:46:51.767802Z,4664,dc.scaffold.htb,Microsoft-Windows-Security-Auditing,Security,24263,0,,,,,,,C:\Windows\WinSxS\wow64_microsoft-windows-w..for-management-core_31bf3856ad364e35_10.0.20348.502_none_bd797b4b6b59aa91\WsmPty.xsl,,,,,,,C:\Windows\WinSxS\wow64_microsoft-windows-w..for-management-core_31bf3856ad364e35_10.0.20348.3451_none_7d28f27a13a4c585\WsmPty.xsl,,,,,,,,,,,,,,,,,,,SCAFFOLD,0x3e7,DC$,S-1-5-18,,,,,,,,,00000000-0000-0000-0000-000000000000,,
2026-09-02T03:46:51.768406Z,4664,dc.scaffold.htb,Microsoft-Windows-Security-Auditing,Security,24264,0,,,,,,,C:\Windows\WinSxS\wow64_microsoft-windows-w..for-management-core_31bf3856ad364e35_10.0.20348.502_none_bd797b4b6b59aa91\WsmTxt.xsl,,,,,,,C:\Windows\WinSxS\wow64_microsoft-windows-w..for-management-core_31bf3856ad364e35_10.0.20348.3451_none_7d28f27a13a4c585\WsmTxt.xsl,,,,,,,,,,,,,,,,,,,SCAFFOLD,0x3e7,DC$,S-1-5-18,,,,,,,,,00000000-0000-0000-0000-000000000000,,
2026-09-02T03:46:51.768974Z,4664,dc.scaffold.htb,Microsoft-Windows-Security-Auditing,Security,24265,0,,,,,,,C:\Windows\WinSxS\wow64_microsoft-windows-w..for-management-core_31bf3856ad364e35_10.0.20348.502_none_bd797b4b6b59aa91\wsmanconfig_schema.xml,,,,,,,C:\Windows\WinSxS\wow64_microsoft-windows-w..for-management-core_31bf3856ad364e35_10.0.20348.3451_none_7d28f27a13a4c585\wsmanconfig_schema.xml,,,,,,,,,,,,,,,,,,,SCAFFOLD,0x3e7,DC$,S-1-5-18,,,,,,,,,00000000-0000-0000-0000-000000000000,,
2026-09-02T03:46:51.769531Z,4664,dc.scaffold.htb,Microsoft-Windows-Security-Auditing,Security,24266,0,,,,,,,C:\Windows\WinSxS\wow64_microsoft-windows-w..for-management-core_31bf3856ad364e35_10.0.20348.502_none_bd797b4b6b59aa91\winrm.vbs,,,,,,,C:\Windows\WinSxS\wow64_microsoft-windows-w..for-management-core_31bf3856ad364e35_10.0.20348.3451_none_7d28f27a13a4c585\winrm.vbs,,,,,,,,,,,,,,,,,,,SCAFFOLD,0x3e7,DC$,S-1-5-18,,,,,,,,,00000000-0000-0000-0000-000000000000,,
2026-09-02T03:46:51.770070Z,4664,dc.scaffold.htb,Microsoft-Windows-Security-Auditing,Security,24267,0,,,,,,,C:\Windows\WinSxS\wow64_microsoft-windows-w..for-management-core_31bf3856ad364e35_10.0.20348.502_none_bd797b4b6b59aa91\winrm.cmd,,,,,,,C:\Windows\WinSxS\wow64_microsoft-windows-w..for-management-core_31bf3856ad364e35_10.0.20348.3451_none_7d28f27a13a4c585\winrm.cmd,,,,,,,,,,,,,,,,,,,SCAFFOLD,0x3e7,DC$,S-1-5-18,,,,,,,,,00000000-0000-0000-0000-000000000000,,
2026-09-02T03:46:51.774012Z,4664,dc.scaffold.htb,Microsoft-Windows-Security-Auditing,Security,24268,0,,,,,,,C:\Windows\WinSxS\wow64_microsoft-windows-w..d-line-utility-base_31bf3856ad364e35_10.0.20348.143_none_00b58e0f81d29956\cli.mof,,,,,,,C:\Windows\WinSxS\wow64_microsoft-windows-w..d-line-utility-base_31bf3856ad364e35_10.0.20348.2849_none_c062541c2a204619\cli.mof,,,,,,,,,,,,,,,,,,,SCAFFOLD,0x3e7,DC$,S-1-5-18,,,,,,,,,00000000-0000-0000-0000-000000000000,,
2026-09-02T03:46:51.774562Z,4664,dc.scaffold.htb,Microsoft-Windows-Security-Auditing,Security,24269,0,,,,,,,C:\Windows\WinSxS\wow64_microsoft-windows-w..d-line-utility-base_31bf3856ad364e35_10.0.20348.143_none_00b58e0f81d29956\rawxml.xsl,,,,,,,C:\Windows\WinSxS\wow64_microsoft-windows-w..d-line-utility-base_31bf3856ad364e35_10.0.20348.2849_none_c062541c2a204619\rawxml.xsl,,,,,,,,,,,,,,,,,,,SCAFFOLD,0x3e7,DC$,S-1-5-18,,,,,,,,,00000000-0000-0000-0000-000000000000,,
2026-09-02T03:46:51.775125Z,4664,dc.scaffold.htb,Microsoft-Windows-Security-Auditing,Security,24270,0,,,,,,,C:\Windows\WinSxS\wow64_microsoft-windows-w..d-line-utility-base_31bf3856ad364e35_10.0.20348.143_none_00b58e0f81d29956\cliegaliases.mof,,,,,,,C:\Windows\WinSxS\wow64_microsoft-windows-w..d-line-utility-base_31bf3856ad364e35_10.0.20348.2849_none_c062541c2a204619\cliegaliases.mof,,,,,,,,,,,,,,,,,,,SCAFFOLD,0x3e7,DC$,S-1-5-18,,,,,,,,,00000000-0000-0000-0000-000000000000,,
2026-09-02T03:46:51.777099Z,4664,dc.scaffold.htb,Microsoft-Windows-Security-Auditing,Security,24271,0,,,,,,,C:\Windows\WinSxS\wow64_microsoft-windows-w..d-line-utility-base_31bf3856ad364e35_10.0.20348.143_none_00b58e0f81d29956\texttable.xsl,,,,,,,C:\Windows\WinSxS\wow64_microsoft-windows-w..d-line-utility-base_31bf3856ad364e35_10.0.20348.2849_none_c062541c2a204619\texttable.xsl,,,,,,,,,,,,,,,,,,,SCAFFOLD,0x3e7,DC$,S-1-5-18,,,,,,,,,00000000-0000-0000-0000-000000000000,,
2026-09-02T03:46:51.777802Z,4664,dc.scaffold.htb,Microsoft-Windows-Security-Auditing,Security,24272,0,,,,,,,C:\Windows\WinSxS\wow64_microsoft-windows-w..d-line-utility-base_31bf3856ad364e35_10.0.20348.143_none_00b58e0f81d29956\textvaluelist.xsl,,,,,,,C:\Windows\WinSxS\wow64_microsoft-windows-w..d-line-utility-base_31bf3856ad364e35_10.0.20348.2849_none_c062541c2a204619\textvaluelist.xsl,,,,,,,,,,,,,,,,,,,SCAFFOLD,0x3e7,DC$,S-1-5-18,,,,,,,,,00000000-0000-0000-0000-000000000000,,
2026-09-02T03:46:51.778695Z,4664,dc.scaffold.htb,Microsoft-Windows-Security-Auditing,Security,24273,0,,,,,,,C:\Windows\WinSxS\wow64_microsoft-windows-w..d-line-utility-base_31bf3856ad364e35_10.0.20348.143_none_00b58e0f81d29956\xsl-mappings.xml,,,,,,,C:\Windows\WinSxS\wow64_microsoft-windows-w..d-line-utility-base_31bf3856ad364e35_10.0.20348.2849_none_c062541c2a204619\xsl-mappings.xml,,,,,,,,,,,,,,,,,,,SCAFFOLD,0x3e7,DC$,S-1-5-18,,,,,,,,,00000000-0000-0000-0000-000000000000,,
2026-09-02T03:46:51.780778Z,4664,dc.scaffold.htb,Microsoft-Windows-Security-Auditing,Security,24274,0,,,,,,,C:\Windows\WinSxS\wow64_microsoft-windows-wmi-core_31bf3856ad364e35_10.0.20348.1_none_4d17aaeb1cfff867\cim20.dtd,,,,,,,C:\Windows\WinSxS\wow64_microsoft-windows-wmi-core_31bf3856ad364e35_10.0.20348.2849_none_6bea880f8657bf71\cim20.dtd,,,,,,,,,,,,,,,,,,,SCAFFOLD,0x3e7,DC$,S-1-5-18,,,,,,,,,00000000-0000-0000-0000-000000000000,,
2026-09-02T03:46:51.781400Z,4664,dc.scaffold.htb,Microsoft-Windows-Security-Auditing,Security,24275,0,,,,,,,C:\Windows\WinSxS\wow64_microsoft-windows-wmi-core_31bf3856ad364e35_10.0.20348.1_none_4d17aaeb1cfff867\wmi20.dtd,,,,,,,C:\Windows\WinSxS\wow64_microsoft-windows-wmi-core_31bf3856ad364e35_10.0.20348.2849_none_6bea880f8657bf71\wmi20.dtd,,,,,,,,,,,,,,,,,,,SCAFFOLD,0x3e7,DC$,S-1-5-18,,,,,,,,,00000000-0000-0000-0000-000000000000,,
2026-09-02T03:46:51.805172Z,4664,dc.scaffold.htb,Microsoft-Windows-Security-Auditing,Security,24276,0,,,,,,,C:\Windows\WinSxS\amd64_microsoft-windows-l..atacenter.resources_31bf3856ad364e35_10.0.20348.587_en-us_345b24ce368ac8d3\license.rtf,,,,,,,C:\Windows\WinSxS\amd64_microsoft-windows-l..atacenter.resources_31bf3856ad364e35_10.0.20348.5499_en-us_f45f689ede96b23e\license.rtf,,,,,,,,,,,,,,,,,,,SCAFFOLD,0x3e7,DC$,S-1-5-18,,,,,,,,,00000000-0000-0000-0000-000000000000,,
2026-09-02T03:46:51.807425Z,4664,dc.scaffold.htb,Microsoft-Windows-Security-Auditing,Security,24277,0,,,,,,,C:\Windows\WinSxS\x86_microsoft-windows-l..atacenter.resources_31bf3856ad364e35_10.0.20348.587_en-us_d83c894a7e2d579d\license.rtf,,,,,,,C:\Windows\WinSxS\x86_microsoft-windows-l..atacenter.resources_31bf3856ad364e35_10.0.20348.5499_en-us_9840cd1b26394108\license.rtf,,,,,,,,,,,,,,,,,,,SCAFFOLD,0x3e7,DC$,S-1-5-18,,,,,,,,,00000000-0000-0000-0000-000000000000,,
2026-09-02T03:46:51.809677Z,4664,dc.scaffold.htb,Microsoft-Windows-Security-Auditing,Security,24278,0,,,,,,,C:\Windows\WinSxS\amd64_microsoft-windows-l..atacenter.resources_31bf3856ad364e35_10.0.20348.587_en-us_6897b89b4b666776\license.rtf,,,,,,,C:\Windows\WinSxS\amd64_microsoft-windows-l..atacenter.resources_31bf3856ad364e35_10.0.20348.5499_en-us_289bfc6bf37250e1\license.rtf,,,,,,,,,,,,,,,,,,,SCAFFOLD,0x3e7,DC$,S-1-5-18,,,,,,,,,00000000-0000-0000-0000-000000000000,,
2026-09-02T03:46:51.811782Z,4664,dc.scaffold.htb,Microsoft-Windows-Security-Auditing,Security,24279,0,,,,,,,C:\Windows\WinSxS\x86_microsoft-windows-l..atacenter.resources_31bf3856ad364e35_10.0.20348.587_en-us_0c791d179308f640\license.rtf,,,,,,,C:\Windows\WinSxS\x86_microsoft-windows-l..atacenter.resources_31bf3856ad364e35_10.0.20348.5499_en-us_cc7d60e83b14dfab\license.rtf,,,,,,,,,,,,,,,,,,,SCAFFOLD,0x3e7,DC$,S-1-5-18,,,,,,,,,00000000-0000-0000-0000-000000000000,,
2026-09-02T03:46:51.814005Z,4664,dc.scaffold.htb,Microsoft-Windows-Security-Auditing,Security,24280,0,,,,,,,C:\Windows\WinSxS\amd64_microsoft-windows-l..atacenter.resources_31bf3856ad364e35_10.0.20348.587_en-us_580a8d2dc5414193\license.rtf,,,,,,,C:\Windows\WinSxS\amd64_microsoft-windows-l..atacenter.resources_31bf3856ad364e35_10.0.20348.5499_en-us_180ed0fe6d4d2afe\license.rtf,,,,,,,,,,,,,,,,,,,SCAFFOLD,0x3e7,DC$,S-1-5-18,,,,,,,,,00000000-0000-0000-0000-000000000000,,
2026-09-02T03:46:51.816319Z,4664,dc.scaffold.htb,Microsoft-Windows-Security-Auditing,Security,24281,0,,,,,,,C:\Windows\WinSxS\x86_microsoft-windows-l..atacenter.resources_31bf3856ad364e35_10.0.20348.587_en-us_fbebf1aa0ce3d05d\license.rtf,,,,,,,C:\Windows\WinSxS\x86_microsoft-windows-l..atacenter.resources_31bf3856ad364e35_10.0.20348.5499_en-us_bbf0357ab4efb9c8\license.rtf,,,,,,,,,,,,,,,,,,,SCAFFOLD,0x3e7,DC$,S-1-5-18,,,,,,,,,00000000-0000-0000-0000-000000000000,,
2026-09-02T03:46:51.818572Z,4664,dc.scaffold.htb,Microsoft-Windows-Security-Auditing,Security,24282,0,,,,,,,C:\Windows\WinSxS\amd64_microsoft-windows-l..atacenter.resources_31bf3856ad364e35_10.0.20348.587_en-us_485d4ff774be2172\license.rtf,,,,,,,C:\Windows\WinSxS\amd64_microsoft-windows-l..atacenter.resources_31bf3856ad364e35_10.0.20348.5499_en-us_086193c81cca0add\license.rtf,,,,,,,,,,,,,,,,,,,SCAFFOLD,0x3e7,DC$,S-1-5-18,,,,,,,,,00000000-0000-0000-0000-000000000000,,
2026-09-02T03:46:51.820548Z,4664,dc.scaffold.htb,Microsoft-Windows-Security-Auditing,Security,24283,0,,,,,,,C:\Windows\WinSxS\x86_microsoft-windows-l..atacenter.resources_31bf3856ad364e35_10.0.20348.587_en-us_ec3eb473bc60b03c\license.rtf,,,,,,,C:\Windows\WinSxS\x86_microsoft-windows-l..atacenter.resources_31bf3856ad364e35_10.0.20348.5499_en-us_ac42f844646c99a7\license.rtf,,,,,,,,,,,,,,,,,,,SCAFFOLD,0x3e7,DC$,S-1-5-18,,,,,,,,,00000000-0000-0000-0000-000000000000,,
2026-09-02T03:46:51.824746Z,4664,dc.scaffold.htb,Microsoft-Windows-Security-Auditing,Security,24284,0,,,,,,,C:\Windows\WinSxS\amd64_microsoft-windows-appresolverux.appxmain_31bf3856ad364e35_10.0.20348.1_none_8a97650f4f7ddc35\SquareTile150x150.scale-100.png,,,,,,,C:\Windows\WinSxS\amd64_microsoft-windows-appresolverux.appxmain_31bf3856ad364e35_10.0.20348.3451_none_a9973a53b8b37cf1\SquareTile150x150.scale-100.png,,,,,,,,,,,,,,,,,,,SCAFFOLD,0x3e7,DC$,S-1-5-18,,,,,,,,,00000000-0000-0000-0000-000000000000,,
2026-09-02T03:46:51.825425Z,4664,dc.scaffold.htb,Microsoft-Windows-Security-Auditing,Security,24285,0,,,,,,,C:\Windows\WinSxS\amd64_microsoft-windows-appresolverux.appxmain_31bf3856ad364e35_10.0.20348.1_none_8a97650f4f7ddc35\SquareTile310x150.scale-100.png,,,,,,,C:\Windows\WinSxS\amd64_microsoft-windows-appresolverux.appxmain_31bf3856ad364e35_10.0.20348.3451_none_a9973a53b8b37cf1\SquareTile310x150.scale-100.png,,,,,,,,,,,,,,,,,,,SCAFFOLD,0x3e7,DC$,S-1-5-18,,,,,,,,,00000000-0000-0000-0000-000000000000,,
2026-09-02T03:46:51.827352Z,4664,dc.scaffold.htb,Microsoft-Windows-Security-Auditing,Security,24286,0,,,,,,,C:\Windows\WinSxS\amd64_microsoft-windows-appresolverux.appxmain_31bf3856ad364e35_10.0.20348.1_none_8a97650f4f7ddc35\SquareTile44x44.scale-100.png,,,,,,,C:\Windows\WinSxS\amd64_microsoft-windows-appresolverux.appxmain_31bf3856ad364e35_10.0.20348.3451_none_a9973a53b8b37cf1\SquareTile44x44.scale-100.png,,,,,,,,,,,,,,,,,,,SCAFFOLD,0x3e7,DC$,S-1-5-18,,,,,,,,,00000000-0000-0000-0000-000000000000,,
2026-09-02T03:46:51.828031Z,4664,dc.scaffold.htb,Microsoft-Windows-Security-Auditing,Security,24287,0,,,,,,,C:\Windows\WinSxS\amd64_microsoft-windows-appresolverux.appxmain_31bf3856ad364e35_10.0.20348.1_none_8a97650f4f7ddc35\SquareTile71x71.scale-100.png,,,,,,,C:\Windows\WinSxS\amd64_microsoft-windows-appresolverux.appxmain_31bf3856ad364e35_10.0.20348.3451_none_a9973a53b8b37cf1\SquareTile71x71.scale-100.png,,,,,,,,,,,,,,,,,,,SCAFFOLD,0x3e7,DC$,S-1-5-18,,,,,,,,,00000000-0000-0000-0000-000000000000,,
2026-09-02T03:46:51.834659Z,4664,dc.scaffold.htb,Microsoft-Windows-Security-Auditing,Security,24288,0,,,,,,,C:\Windows\WinSxS\wow64_microsoft-windows-winre-recoverytools_31bf3856ad364e35_10.0.20348.1_none_69117c4a6e90a2dc\boot.sdi,,,,,,,C:\Windows\WinSxS\wow64_microsoft-windows-winre-recoverytools_31bf3856ad364e35_10.0.20348.4050_none_883ca9ecd7a5b75a\boot.sdi,,,,,,,,,,,,,,,,,,,SCAFFOLD,0x3e7,DC$,S-1-5-18,,,,,,,,,00000000-0000-0000-0000-000000000000,,
2026-09-02T03:46:52.008409Z,4664,dc.scaffold.htb,Microsoft-Windows-Security-Auditing,Security,24289,0,,,,,,,C:\Windows\WinSxS\amd64_microsoft-windows-t..ovidermof.resources_31bf3856ad364e35_10.0.20348.1_en-us_9b568e194e2f5f1f\tscfgwmi.mfl,,,,,,,C:\Windows\WinSxS\amd64_microsoft-windows-t..ovidermof.resources_31bf3856ad364e35_10.0.20348.5139_en-us_ba742019b74f40b0\tscfgwmi.mfl,,,,,,,,,,,,,,,,,,,SCAFFOLD,0x3e7,DC$,S-1-5-18,,,,,,,,,00000000-0000-0000-0000-000000000000,,
2026-09-02T03:46:52.028359Z,4664,dc.scaffold.htb,Microsoft-Windows-Security-Auditing,Security,24290,0,,,,,,,C:\Windows\WinSxS\amd64_microsoft-windows-wmi-ds-provider_31bf3856ad364e35_10.0.20348.1_none_125837c79b5820f2\dsprov.mof,,,,,,,C:\Windows\WinSxS\amd64_microsoft-windows-wmi-ds-provider_31bf3856ad364e35_10.0.20348.2849_none_312b14ec04afe7fc\dsprov.mof,,,,,,,,,,,,,,,,,,,SCAFFOLD,0x3e7,DC$,S-1-5-18,,,,,,,,,00000000-0000-0000-0000-000000000000,,
2026-09-02T03:46:52.040868Z,4664,dc.scaffold.htb,Microsoft-Windows-Security-Auditing,Security,24291,0,,,,,,,C:\Windows\WinSxS\amd64_microsoft-windows-ui-shellcommon-desktop_31bf3856ad364e35_10.0.20348.1_none_5dda0ac07bd3dbe4\SetMDL2.ttf,,,,,,,C:\Windows\WinSxS\amd64_microsoft-windows-ui-shellcommon-desktop_31bf3856ad364e35_10.0.20348.3451_none_7cd9e004e5097ca0\SetMDL2.ttf,,,,,,,,,,,,,,,,,,,SCAFFOLD,0x3e7,DC$,S-1-5-18,,,,,,,,,00000000-0000-0000-0000-000000000000,,
2026-09-02T03:46:52.048005Z,4664,dc.scaffold.htb,Microsoft-Windows-Security-Auditing,Security,24292,0,,,,,,,C:\Windows\WinSxS\wow64_microsoft-windows-appx-alluserstore_31bf3856ad364e35_10.0.20348.558_none_16ba61c2b6692286\AppxProvisioning.xml,,,,,,,C:\Windows\WinSxS\wow64_microsoft-windows-appx-alluserstore_31bf3856ad364e35_10.0.20348.3692_none_d68831595e9dd09a\AppxProvisioning.xml,,,,,,,,,,,,,,,,,,,SCAFFOLD,0x3e7,DC$,S-1-5-18,,,,,,,,,00000000-0000-0000-0000-000000000000,,
2026-09-02T03:46:52.059947Z,4664,dc.scaffold.htb,Microsoft-Windows-Security-Auditing,Security,24293,0,,,,,,,C:\Windows\WinSxS\amd64_microsoft-windows-w..-installer-provider_31bf3856ad364e35_10.0.20348.1_none_b3f814cda337b595\msi.mof,,,,,,,C:\Windows\WinSxS\amd64_microsoft-windows-w..-installer-provider_31bf3856ad364e35_10.0.20348.4297_none_d31104480c5a1ab8\msi.mof,,,,,,,,,,,,,,,,,,,SCAFFOLD,0x3e7,DC$,S-1-5-18,,,,,,,,,00000000-0000-0000-0000-000000000000,,
2026-09-02T03:46:52.073320Z,4664,dc.scaffold.htb,Microsoft-Windows-Security-Auditing,Security,24294,0,,,,,,,C:\Windows\WinSxS\amd64_microsoft-windows-t..onmanager.resources_31bf3856ad364e35_10.0.20348.1_en-us_6600cb5a05dd29f5\lagcounterdef.ini,,,,,,,C:\Windows\WinSxS\amd64_microsoft-windows-t..onmanager.resources_31bf3856ad364e35_10.0.20348.3089_en-us_852e2aec6ef073fa\lagcounterdef.ini,,,,,,,,,,,,,,,,,,,SCAFFOLD,0x3e7,DC$,S-1-5-18,,,,,,,,,00000000-0000-0000-0000-000000000000,,
2026-09-02T03:46:52.076991Z,4664,dc.scaffold.htb,Microsoft-Windows-Security-Auditing,Security,24295,0,,,,,,,C:\Windows\WinSxS\amd64_microsoft-windows-wmi-ntevent-provider_31bf3856ad364e35_10.0.20348.1_none_79c89dd475e0fb05\ntevt.mof,,,,,,,C:\Windows\WinSxS\amd64_microsoft-windows-wmi-ntevent-provider_31bf3856ad364e35_10.0.20348.2849_none_989b7af8df38c20f\ntevt.mof,,,,,,,,,,,,,,,,,,,SCAFFOLD,0x3e7,DC$,S-1-5-18,,,,,,,,,00000000-0000-0000-0000-000000000000,,
2026-09-02T03:46:52.080247Z,4664,dc.scaffold.htb,Microsoft-Windows-Security-Auditing,Security,24296,0,,,,,,,C:\Windows\WinSxS\amd64_microsoft-windows-wmi-ping-provider_31bf3856ad364e35_10.0.20348.558_none_34154cfe585bdb24\wmipicmp.mof,,,,,,,C:\Windows\WinSxS\amd64_microsoft-windows-wmi-ping-provider_31bf3856ad364e35_10.0.20348.3451_none_f3f4d20d0083d259\wmipicmp.mof,,,,,,,,,,,,,,,,,,,SCAFFOLD,0x3e7,DC$,S-1-5-18,,,,,,,,,00000000-0000-0000-0000-000000000000,,
2026-09-02T03:46:52.092682Z,4664,dc.scaffold.htb,Microsoft-Windows-Security-Auditing,Security,24297,0,,,,,,,C:\Windows\WinSxS\wow64_microsoft-windows-miracast-receiver-api_31bf3856ad364e35_10.0.20348.380_none_fb5dd4b6d751e615\@WirelessDisplayToast.png,,,,,,,C:\Windows\WinSxS\wow64_microsoft-windows-miracast-receiver-api_31bf3856ad364e35_10.0.20348.5020_none_bb8e290b7f3c7361\@WirelessDisplayToast.png,,,,,,,,,,,,,,,,,,,SCAFFOLD,0x3e7,DC$,S-1-5-18,,,,,,,,,00000000-0000-0000-0000-000000000000,,
2026-09-02T03:46:52.120025Z,4664,dc.scaffold.htb,Microsoft-Windows-Security-Auditing,Security,24298,0,,,,,,,C:\Windows\WinSxS\amd64_microsoft-windows-l..me-serverdatacenter_31bf3856ad364e35_10.0.20348.587_none_cb4916f3d8835483\license.rtf,,,,,,,C:\Windows\WinSxS\amd64_microsoft-windows-l..me-serverdatacenter_31bf3856ad364e35_10.0.20348.5499_none_8b4d5ac4808f3dee\license.rtf,,,,,,,,,,,,,,,,,,,SCAFFOLD,0x3e7,DC$,S-1-5-18,,,,,,,,,00000000-0000-0000-0000-000000000000,,
2026-09-02T03:46:52.124292Z,4664,dc.scaffold.htb,Microsoft-Windows-Security-Auditing,Security,24299,0,,,,,,,C:\Windows\WinSxS\wow64_microsoft-windows-i..lineid-wamextension_31bf3856ad364e35_10.0.20348.380_none_f2c7366cbddd6653\DefaultAccountTile.png,,,,,,,C:\Windows\WinSxS\wow64_microsoft-windows-i..lineid-wamextension_31bf3856ad364e35_10.0.20348.5499_none_b2d2800f65e2fb6d\DefaultAccountTile.png,,,,,,,,,,,,,,,,,,,SCAFFOLD,0x3e7,DC$,S-1-5-18,,,,,,,,,00000000-0000-0000-0000-000000000000,,
2026-09-02T03:46:52.134162Z,4664,dc.scaffold.htb,Microsoft-Windows-Security-Auditing,Security,24300,0,,,,,,,C:\Windows\WinSxS\amd64_microsoft-windows-miracast-receiver-api_31bf3856ad364e35_10.0.20348.380_none_f1092a64a2f1241a\@WirelessDisplayToast.png,,,,,,,C:\Windows\WinSxS\amd64_microsoft-windows-miracast-receiver-api_31bf3856ad364e35_10.0.20348.5020_none_b1397eb94adbb166\@WirelessDisplayToast.png,,,,,,,,,,,,,,,,,,,SCAFFOLD,0x3e7,DC$,S-1-5-18,,,,,,,,,00000000-0000-0000-0000-000000000000,,
2026-09-02T03:47:08.509521Z,4664,dc.scaffold.htb,Microsoft-Windows-Security-Auditing,Security,24301,0,,,,,,,C:\Windows\WinSxS\x86_microsoft-windows-l..me-serverdatacenter_31bf3856ad364e35_10.0.20348.587_none_6f2a7b702025e34d\license.rtf,,,,,,,C:\Windows\WinSxS\x86_microsoft-windows-l..me-serverdatacenter_31bf3856ad364e35_10.0.20348.5499_none_2f2ebf40c831ccb8\license.rtf,,,,,,,,,,,,,,,,,,,SCAFFOLD,0x3e7,DC$,S-1-5-18,,,,,,,,,00000000-0000-0000-0000-000000000000,,
2026-09-02T03:47:08.511901Z,4664,dc.scaffold.htb,Microsoft-Windows-Security-Auditing,Security,24302,0,,,,,,,C:\Windows\WinSxS\wow64_windows-media-faceanalysis_31bf3856ad364e35_10.0.20348.1_none_187ba17e54d310ad\FaceAnalysisColor.mdl,,,,,,,C:\Windows\WinSxS\wow64_windows-media-faceanalysis_31bf3856ad364e35_10.0.20348.5020_none_37a3d028bdead64d\FaceAnalysisColor.mdl,,,,,,,,,,,,,,,,,,,SCAFFOLD,0x3e7,DC$,S-1-5-18,,,,,,,,,00000000-0000-0000-0000-000000000000,,
2026-09-02T03:47:08.562876Z,4664,dc.scaffold.htb,Microsoft-Windows-Security-Auditing,Security,24303,0,,,,,,,C:\Windows\WinSxS\amd64_windows-shield-provider_31bf3856ad364e35_10.0.20348.502_none_8eb51e67574c0559\WindowsDefenderSecurityCenter.admx,,,,,,,C:\Windows\WinSxS\amd64_windows-shield-provider_31bf3856ad364e35_10.0.20348.5386_none_4e71f843ff8ccad4\WindowsDefenderSecurityCenter.admx,,,,,,,,,,,,,,,,,,,SCAFFOLD,0x3e7,DC$,S-1-5-18,,,,,,,,,00000000-0000-0000-0000-000000000000,,
2026-09-02T03:47:08.563697Z,4664,dc.scaffold.htb,Microsoft-Windows-Security-Auditing,Security,24304,0,,,,,,,C:\Windows\WinSxS\amd64_windows-shield-provider_31bf3856ad364e35_10.0.20348.502_none_8eb51e67574c0559\FeatureToastBulldogImg.png,,,,,,,C:\Windows\WinSxS\amd64_windows-shield-provider_31bf3856ad364e35_10.0.20348.5386_none_4e71f843ff8ccad4\FeatureToastBulldogImg.png,,,,,,,,,,,,,,,,,,,SCAFFOLD,0x3e7,DC$,S-1-5-18,,,,,,,,,00000000-0000-0000-0000-000000000000,,
2026-09-02T03:47:08.564858Z,4664,dc.scaffold.htb,Microsoft-Windows-Security-Auditing,Security,24305,0,,,,,,,C:\Windows\WinSxS\amd64_windows-shield-provider_31bf3856ad364e35_10.0.20348.502_none_8eb51e67574c0559\FeatureToastDlpImg.png,,,,,,,C:\Windows\WinSxS\amd64_windows-shield-provider_31bf3856ad364e35_10.0.20348.5386_none_4e71f843ff8ccad4\FeatureToastDlpImg.png,,,,,,,,,,,,,,,,,,,SCAFFOLD,0x3e7,DC$,S-1-5-18,,,,,,,,,00000000-0000-0000-0000-000000000000,,
2026-09-02T03:47:08.565496Z,4664,dc.scaffold.htb,Microsoft-Windows-Security-Auditing,Security,24306,0,,,,,,,C:\Windows\WinSxS\amd64_windows-shield-provider_31bf3856ad364e35_10.0.20348.502_none_8eb51e67574c0559\WindowsSecurityIcon.png,,,,,,,C:\Windows\WinSxS\amd64_windows-shield-provider_31bf3856ad364e35_10.0.20348.5386_none_4e71f843ff8ccad4\WindowsSecurityIcon.png,,,,,,,,,,,,,,,,,,,SCAFFOLD,0x3e7,DC$,S-1-5-18,,,,,,,,,00000000-0000-0000-0000-000000000000,,
2026-09-02T03:47:08.566037Z,4664,dc.scaffold.htb,Microsoft-Windows-Security-Auditing,Security,24307,0,,,,,,,C:\Windows\WinSxS\amd64_windows-shield-provider_31bf3856ad364e35_10.0.20348.502_none_8eb51e67574c0559\ThirdPartyNoticesBySHS.txt,,,,,,,C:\Windows\WinSxS\amd64_windows-shield-provider_31bf3856ad364e35_10.0.20348.5386_none_4e71f843ff8ccad4\ThirdPartyNoticesBySHS.txt,,,,,,,,,,,,,,,,,,,SCAFFOLD,0x3e7,DC$,S-1-5-18,,,,,,,,,00000000-0000-0000-0000-000000000000,,
2026-09-02T03:47:08.584750Z,4664,dc.scaffold.htb,Microsoft-Windows-Security-Auditing,Security,24308,0,,,,,,,C:\Windows\WinSxS\amd64_microsoft-windows-ipmiprovider.resources_31bf3856ad364e35_10.0.20348.1_en-us_05813c2d9f48d592\ipmiprv.mfl,,,,,,,C:\Windows\WinSxS\amd64_microsoft-windows-ipmiprovider.resources_31bf3856ad364e35_10.0.20348.5139_en-us_249ece2e0868b723\ipmiprv.mfl,,,,,,,,,,,,,,,,,,,SCAFFOLD,0x3e7,DC$,S-1-5-18,,,,,,,,,00000000-0000-0000-0000-000000000000,,
2026-09-02T03:47:08.598274Z,4664,dc.scaffold.htb,Microsoft-Windows-Security-Auditing,Security,24309,0,,,,,,,C:\Windows\WinSxS\amd64_microsoft-windows-w..-provider.resources_31bf3856ad364e35_10.0.20348.1_en-us_ce652676b9b68b7a\wmipjobj.mfl,,,,,,,C:\Windows\WinSxS\amd64_microsoft-windows-w..-provider.resources_31bf3856ad364e35_10.0.20348.5139_en-us_ed82b87722d66d0b\wmipjobj.mfl,,,,,,,,,,,,,,,,,,,SCAFFOLD,0x3e7,DC$,S-1-5-18,,,,,,,,,00000000-0000-0000-0000-000000000000,,
2026-09-02T03:47:08.606104Z,4664,dc.scaffold.htb,Microsoft-Windows-Security-Auditing,Security,24310,0,,,,,,,C:\Windows\WinSxS\amd64_microsoft-windows-w..-provider.resources_31bf3856ad364e35_10.0.20348.1_en-us_f3d159b0a5bef6b4\msi.mfl,,,,,,,C:\Windows\WinSxS\amd64_microsoft-windows-w..-provider.resources_31bf3856ad364e35_10.0.20348.5139_en-us_12eeebb10eded845\msi.mfl,,,,,,,,,,,,,,,,,,,SCAFFOLD,0x3e7,DC$,S-1-5-18,,,,,,,,,00000000-0000-0000-0000-000000000000,,
2026-09-02T03:47:08.662031Z,4664,dc.scaffold.htb,Microsoft-Windows-Security-Auditing,Security,24311,0,,,,,,,C:\Windows\WinSxS\amd64_microsoft-windows-p..econsumer.resources_31bf3856ad364e35_10.0.20348.1_en-us_3f2a87f8639c7759\Report.System.Common.xml,,,,,,,C:\Windows\WinSxS\amd64_microsoft-windows-p..econsumer.resources_31bf3856ad364e35_10.0.20348.5139_en-us_5e4819f8ccbc58ea\Report.System.Common.xml,,,,,,,,,,,,,,,,,,,SCAFFOLD,0x3e7,DC$,S-1-5-18,,,,,,,,,00000000-0000-0000-0000-000000000000,,
2026-09-02T03:47:08.662732Z,4664,dc.scaffold.htb,Microsoft-Windows-Security-Auditing,Security,24312,0,,,,,,,C:\Windows\WinSxS\amd64_microsoft-windows-p..econsumer.resources_31bf3856ad364e35_10.0.20348.1_en-us_3f2a87f8639c7759\Report.System.Configuration.xml,,,,,,,C:\Windows\WinSxS\amd64_microsoft-windows-p..econsumer.resources_31bf3856ad364e35_10.0.20348.5139_en-us_5e4819f8ccbc58ea\Report.System.Configuration.xml,,,,,,,,,,,,,,,,,,,SCAFFOLD,0x3e7,DC$,S-1-5-18,,,,,,,,,00000000-0000-0000-0000-000000000000,,
2026-09-02T03:47:08.663956Z,4664,dc.scaffold.htb,Microsoft-Windows-Security-Auditing,Security,24313,0,,,,,,,C:\Windows\WinSxS\amd64_microsoft-windows-p..econsumer.resources_31bf3856ad364e35_10.0.20348.1_en-us_3f2a87f8639c7759\Report.System.CPU.xml,,,,,,,C:\Windows\WinSxS\amd64_microsoft-windows-p..econsumer.resources_31bf3856ad364e35_10.0.20348.5139_en-us_5e4819f8ccbc58ea\Report.System.CPU.xml,,,,,,,,,,,,,,,,,,,SCAFFOLD,0x3e7,DC$,S-1-5-18,,,,,,,,,00000000-0000-0000-0000-000000000000,,
2026-09-02T03:47:08.664669Z,4664,dc.scaffold.htb,Microsoft-Windows-Security-Auditing,Security,24314,0,,,,,,,C:\Windows\WinSxS\amd64_microsoft-windows-p..econsumer.resources_31bf3856ad364e35_10.0.20348.1_en-us_3f2a87f8639c7759\Report.System.Diagnostics.xml,,,,,,,C:\Windows\WinSxS\amd64_microsoft-windows-p..econsumer.resources_31bf3856ad364e35_10.0.20348.5139_en-us_5e4819f8ccbc58ea\Report.System.Diagnostics.xml,,,,,,,,,,,,,,,,,,,SCAFFOLD,0x3e7,DC$,S-1-5-18,,,,,,,,,00000000-0000-0000-0000-000000000000,,
2026-09-02T03:47:08.665366Z,4664,dc.scaffold.htb,Microsoft-Windows-Security-Auditing,Security,24315,0,,,,,,,C:\Windows\WinSxS\amd64_microsoft-windows-p..econsumer.resources_31bf3856ad364e35_10.0.20348.1_en-us_3f2a87f8639c7759\Report.System.Disk.xml,,,,,,,C:\Windows\WinSxS\amd64_microsoft-windows-p..econsumer.resources_31bf3856ad364e35_10.0.20348.5139_en-us_5e4819f8ccbc58ea\Report.System.Disk.xml,,,,,,,,,,,,,,,,,,,SCAFFOLD,0x3e7,DC$,S-1-5-18,,,,,,,,,00000000-0000-0000-0000-000000000000,,
2026-09-02T03:47:08.666001Z,4664,dc.scaffold.htb,Microsoft-Windows-Security-Auditing,Security,24316,0,,,,,,,C:\Windows\WinSxS\amd64_microsoft-windows-p..econsumer.resources_31bf3856ad364e35_10.0.20348.1_en-us_3f2a87f8639c7759\Report.System.Memory.xml,,,,,,,C:\Windows\WinSxS\amd64_microsoft-windows-p..econsumer.resources_31bf3856ad364e35_10.0.20348.5139_en-us_5e4819f8ccbc58ea\Report.System.Memory.xml,,,,,,,,,,,,,,,,,,,SCAFFOLD,0x3e7,DC$,S-1-5-18,,,,,,,,,00000000-0000-0000-0000-000000000000,,
2026-09-02T03:47:08.666557Z,4664,dc.scaffold.htb,Microsoft-Windows-Security-Auditing,Security,24317,0,,,,,,,C:\Windows\WinSxS\amd64_microsoft-windows-p..econsumer.resources_31bf3856ad364e35_10.0.20348.1_en-us_3f2a87f8639c7759\Report.System.Network.xml,,,,,,,C:\Windows\WinSxS\amd64_microsoft-windows-p..econsumer.resources_31bf3856ad364e35_10.0.20348.5139_en-us_5e4819f8ccbc58ea\Report.System.Network.xml,,,,,,,,,,,,,,,,,,,SCAFFOLD,0x3e7,DC$,S-1-5-18,,,,,,,,,00000000-0000-0000-0000-000000000000,,
2026-09-02T03:47:08.667920Z,4664,dc.scaffold.htb,Microsoft-Windows-Security-Auditing,Security,24318,0,,,,,,,C:\Windows\WinSxS\amd64_microsoft-windows-p..econsumer.resources_31bf3856ad364e35_10.0.20348.1_en-us_3f2a87f8639c7759\Report.System.Performance.xml,,,,,,,C:\Windows\WinSxS\amd64_microsoft-windows-p..econsumer.resources_31bf3856ad364e35_10.0.20348.5139_en-us_5e4819f8ccbc58ea\Report.System.Performance.xml,,,,,,,,,,,,,,,,,,,SCAFFOLD,0x3e7,DC$,S-1-5-18,,,,,,,,,00000000-0000-0000-0000-000000000000,,
2026-09-02T03:47:08.668566Z,4664,dc.scaffold.htb,Microsoft-Windows-Security-Auditing,Security,24319,0,,,,,,,C:\Windows\WinSxS\amd64_microsoft-windows-p..econsumer.resources_31bf3856ad364e35_10.0.20348.1_en-us_3f2a87f8639c7759\Report.System.Summary.xml,,,,,,,C:\Windows\WinSxS\amd64_microsoft-windows-p..econsumer.resources_31bf3856ad364e35_10.0.20348.5139_en-us_5e4819f8ccbc58ea\Report.System.Summary.xml,,,,,,,,,,,,,,,,,,,SCAFFOLD,0x3e7,DC$,S-1-5-18,,,,,,,,,00000000-0000-0000-0000-000000000000,,
2026-09-02T03:47:08.669098Z,4664,dc.scaffold.htb,Microsoft-Windows-Security-Auditing,Security,24320,0,,,,,,,C:\Windows\WinSxS\amd64_microsoft-windows-p..econsumer.resources_31bf3856ad364e35_10.0.20348.1_en-us_3f2a87f8639c7759\Rules.System.Common.xml,,,,,,,C:\Windows\WinSxS\amd64_microsoft-windows-p..econsumer.resources_31bf3856ad364e35_10.0.20348.5139_en-us_5e4819f8ccbc58ea\Rules.System.Common.xml,,,,,,,,,,,,,,,,,,,SCAFFOLD,0x3e7,DC$,S-1-5-18,,,,,,,,,00000000-0000-0000-0000-000000000000,,
2026-09-02T03:47:08.669651Z,4664,dc.scaffold.htb,Microsoft-Windows-Security-Auditing,Security,24321,0,,,,,,,C:\Windows\WinSxS\amd64_microsoft-windows-p..econsumer.resources_31bf3856ad364e35_10.0.20348.1_en-us_3f2a87f8639c7759\Rules.System.Configuration.xml,,,,,,,C:\Windows\WinSxS\amd64_microsoft-windows-p..econsumer.resources_31bf3856ad364e35_10.0.20348.5139_en-us_5e4819f8ccbc58ea\Rules.System.Configuration.xml,,,,,,,,,,,,,,,,,,,SCAFFOLD,0x3e7,DC$,S-1-5-18,,,,,,,,,00000000-0000-0000-0000-000000000000,,
2026-09-02T03:47:08.670174Z,4664,dc.scaffold.htb,Microsoft-Windows-Security-Auditing,Security,24322,0,,,,,,,C:\Windows\WinSxS\amd64_microsoft-windows-p..econsumer.resources_31bf3856ad364e35_10.0.20348.1_en-us_3f2a87f8639c7759\Rules.System.CPU.xml,,,,,,,C:\Windows\WinSxS\amd64_microsoft-windows-p..econsumer.resources_31bf3856ad364e35_10.0.20348.5139_en-us_5e4819f8ccbc58ea\Rules.System.CPU.xml,,,,,,,,,,,,,,,,,,,SCAFFOLD,0x3e7,DC$,S-1-5-18,,,,,,,,,00000000-0000-0000-0000-000000000000,,
2026-09-02T03:47:08.670712Z,4664,dc.scaffold.htb,Microsoft-Windows-Security-Auditing,Security,24323,0,,,,,,,C:\Windows\WinSxS\amd64_microsoft-windows-p..econsumer.resources_31bf3856ad364e35_10.0.20348.1_en-us_3f2a87f8639c7759\Rules.System.Diagnostics.xml,,,,,,,C:\Windows\WinSxS\amd64_microsoft-windows-p..econsumer.resources_31bf3856ad364e35_10.0.20348.5139_en-us_5e4819f8ccbc58ea\Rules.System.Diagnostics.xml,,,,,,,,,,,,,,,,,,,SCAFFOLD,0x3e7,DC$,S-1-5-18,,,,,,,,,00000000-0000-0000-0000-000000000000,,
2026-09-02T03:47:08.671244Z,4664,dc.scaffold.htb,Microsoft-Windows-Security-Auditing,Security,24324,0,,,,,,,C:\Windows\WinSxS\amd64_microsoft-windows-p..econsumer.resources_31bf3856ad364e35_10.0.20348.1_en-us_3f2a87f8639c7759\Rules.System.Disk.xml,,,,,,,C:\Windows\WinSxS\amd64_microsoft-windows-p..econsumer.resources_31bf3856ad364e35_10.0.20348.5139_en-us_5e4819f8ccbc58ea\Rules.System.Disk.xml,,,,,,,,,,,,,,,,,,,SCAFFOLD,0x3e7,DC$,S-1-5-18,,,,,,,,,00000000-0000-0000-0000-000000000000,,
2026-09-02T03:47:08.671803Z,4664,dc.scaffold.htb,Microsoft-Windows-Security-Auditing,Security,24325,0,,,,,,,C:\Windows\WinSxS\amd64_microsoft-windows-p..econsumer.resources_31bf3856ad364e35_10.0.20348.1_en-us_3f2a87f8639c7759\Rules.System.Finale.xml,,,,,,,C:\Windows\WinSxS\amd64_microsoft-windows-p..econsumer.resources_31bf3856ad364e35_10.0.20348.5139_en-us_5e4819f8ccbc58ea\Rules.System.Finale.xml,,,,,,,,,,,,,,,,,,,SCAFFOLD,0x3e7,DC$,S-1-5-18,,,,,,,,,00000000-0000-0000-0000-000000000000,,
2026-09-02T03:47:08.672362Z,4664,dc.scaffold.htb,Microsoft-Windows-Security-Auditing,Security,24326,0,,,,,,,C:\Windows\WinSxS\amd64_microsoft-windows-p..econsumer.resources_31bf3856ad364e35_10.0.20348.1_en-us_3f2a87f8639c7759\Rules.System.Memory.xml,,,,,,,C:\Windows\WinSxS\amd64_microsoft-windows-p..econsumer.resources_31bf3856ad364e35_10.0.20348.5139_en-us_5e4819f8ccbc58ea\Rules.System.Memory.xml,,,,,,,,,,,,,,,,,,,SCAFFOLD,0x3e7,DC$,S-1-5-18,,,,,,,,,00000000-0000-0000-0000-000000000000,,
2026-09-02T03:47:08.674011Z,4664,dc.scaffold.htb,Microsoft-Windows-Security-Auditing,Security,24327,0,,,,,,,C:\Windows\WinSxS\amd64_microsoft-windows-p..econsumer.resources_31bf3856ad364e35_10.0.20348.1_en-us_3f2a87f8639c7759\Rules.System.Network.xml,,,,,,,C:\Windows\WinSxS\amd64_microsoft-windows-p..econsumer.resources_31bf3856ad364e35_10.0.20348.5139_en-us_5e4819f8ccbc58ea\Rules.System.Network.xml,,,,,,,,,,,,,,,,,,,SCAFFOLD,0x3e7,DC$,S-1-5-18,,,,,,,,,00000000-0000-0000-0000-000000000000,,
2026-09-02T03:47:08.675689Z,4664,dc.scaffold.htb,Microsoft-Windows-Security-Auditing,Security,24328,0,,,,,,,C:\Windows\WinSxS\amd64_microsoft-windows-p..econsumer.resources_31bf3856ad364e35_10.0.20348.1_en-us_3f2a87f8639c7759\Rules.System.Performance.xml,,,,,,,C:\Windows\WinSxS\amd64_microsoft-windows-p..econsumer.resources_31bf3856ad364e35_10.0.20348.5139_en-us_5e4819f8ccbc58ea\Rules.System.Performance.xml,,,,,,,,,,,,,,,,,,,SCAFFOLD,0x3e7,DC$,S-1-5-18,,,,,,,,,00000000-0000-0000-0000-000000000000,,
2026-09-02T03:47:08.676325Z,4664,dc.scaffold.htb,Microsoft-Windows-Security-Auditing,Security,24329,0,,,,,,,C:\Windows\WinSxS\amd64_microsoft-windows-p..econsumer.resources_31bf3856ad364e35_10.0.20348.1_en-us_3f2a87f8639c7759\Rules.System.Summary.xml,,,,,,,C:\Windows\WinSxS\amd64_microsoft-windows-p..econsumer.resources_31bf3856ad364e35_10.0.20348.5139_en-us_5e4819f8ccbc58ea\Rules.System.Summary.xml,,,,,,,,,,,,,,,,,,,SCAFFOLD,0x3e7,DC$,S-1-5-18,,,,,,,,,00000000-0000-0000-0000-000000000000,,
2026-09-02T03:47:08.712326Z,4664,dc.scaffold.htb,Microsoft-Windows-Security-Auditing,Security,24330,0,,,,,,,C:\Windows\WinSxS\amd64_microsoft-windows-s..iprovider.resources_31bf3856ad364e35_10.0.20348.1_en-us_5ffa98bc67153019\vds.mfl,,,,,,,C:\Windows\WinSxS\amd64_microsoft-windows-s..iprovider.resources_31bf3856ad364e35_10.0.20348.5139_en-us_7f182abcd03511aa\vds.mfl,,,,,,,,,,,,,,,,,,,SCAFFOLD,0x3e7,DC$,S-1-5-18,,,,,,,,,00000000-0000-0000-0000-000000000000,,
2026-09-02T03:47:08.714647Z,4664,dc.scaffold.htb,Microsoft-Windows-Security-Auditing,Security,24331,0,,,,,,,C:\Windows\WinSxS\wow64_microsoft-windows-d..service-dmrcdecoder_31bf3856ad364e35_10.0.20348.202_none_ac476ef1c44e4682\DMRCDecoder.dll,,,,,,,C:\Windows\WinSxS\wow64_microsoft-windows-d..service-dmrcdecoder_31bf3856ad364e35_10.0.20348.2849_none_6bc9f3b26cbb7f39\DMRCDecoder.dll,,,,,,,,,,,,,,,,,,,SCAFFOLD,0x3e7,DC$,S-1-5-18,,,,,,,,,00000000-0000-0000-0000-000000000000,,
2026-09-02T03:47:08.784417Z,4664,dc.scaffold.htb,Microsoft-Windows-Security-Auditing,Security,24332,0,,,,,,,C:\Windows\WinSxS\wow64_microsoft-windows-u..ccess-userdatautils_31bf3856ad364e35_10.0.20348.202_none_d209cff85f5f33f5\chs_singlechar_pinyin.dat,,,,,,,C:\Windows\WinSxS\wow64_microsoft-windows-u..ccess-userdatautils_31bf3856ad364e35_10.0.20348.3451_none_91b94cd907aa465e\chs_singlechar_pinyin.dat,,,,,,,,,,,,,,,,,,,SCAFFOLD,0x3e7,DC$,S-1-5-18,,,,,,,,,00000000-0000-0000-0000-000000000000,,
2026-09-02T03:47:08.820714Z,4664,dc.scaffold.htb,Microsoft-Windows-Security-Auditing,Security,24333,0,,,,,,,C:\Windows\WinSxS\wow64_microsoft-windows-i..-unicode-components_31bf3856ad364e35_10.0.20348.380_none_0b56092a504ea37b\icuin.dll,,,,,,,C:\Windows\WinSxS\wow64_microsoft-windows-i..-unicode-components_31bf3856ad364e35_10.0.20348.3451_none_cb5e0418f8570be3\icuin.dll,,,,,,,,,,,,,,,,,,,SCAFFOLD,0x3e7,DC$,S-1-5-18,,,,,,,,,00000000-0000-0000-0000-000000000000,,
2026-09-02T03:47:08.821423Z,4664,dc.scaffold.htb,Microsoft-Windows-Security-Auditing,Security,24334,0,,,,,,,C:\Windows\WinSxS\wow64_microsoft-windows-i..-unicode-components_31bf3856ad364e35_10.0.20348.380_none_0b56092a504ea37b\icuuc.dll,,,,,,,C:\Windows\WinSxS\wow64_microsoft-windows-i..-unicode-components_31bf3856ad364e35_10.0.20348.3451_none_cb5e0418f8570be3\icuuc.dll,,,,,,,,,,,,,,,,,,,SCAFFOLD,0x3e7,DC$,S-1-5-18,,,,,,,,,00000000-0000-0000-0000-000000000000,,
2026-09-02T03:47:16.179444Z,4664,dc.scaffold.htb,Microsoft-Windows-Security-Auditing,Security,24335,0,,,,,,,C:\Windows\WinSxS\amd64_microsoft-windows-s..rver-apis.resources_31bf3856ad364e35_10.0.20348.1_en-us_e8bea0526c04fb59\smbwmiv2.mfl,,,,,,,C:\Windows\WinSxS\amd64_microsoft-windows-s..rver-apis.resources_31bf3856ad364e35_10.0.20348.3207_en-us_07ce8b4cd52f7f46\smbwmiv2.mfl,,,,,,,,,,,,,,,,,,,SCAFFOLD,0x3e7,DC$,S-1-5-18,,,,,,,,,00000000-0000-0000-0000-000000000000,,
2026-09-02T03:47:16.235848Z,4664,dc.scaffold.htb,Microsoft-Windows-Security-Auditing,Security,24336,0,,,,,,,C:\Windows\WinSxS\amd64_microsoft-windows-w..ment-core.resources_31bf3856ad364e35_10.0.20348.1_en-us_4dac06a9c6453a9f\winrm.ini,,,,,,,C:\Windows\WinSxS\amd64_microsoft-windows-w..ment-core.resources_31bf3856ad364e35_10.0.20348.5139_en-us_6cc998aa2f651c30\winrm.ini,,,,,,,,,,,,,,,,,,,SCAFFOLD,0x3e7,DC$,S-1-5-18,,,,,,,,,00000000-0000-0000-0000-000000000000,,
2026-09-02T03:47:16.246697Z,4664,dc.scaffold.htb,Microsoft-Windows-Security-Auditing,Security,24337,0,,,,,,,C:\Windows\WinSxS\amd64_microsoft-windows-wininit-mof.resources_31bf3856ad364e35_10.0.20348.1_en-us_f19742bb1c15e93d\wininit.mfl,,,,,,,C:\Windows\WinSxS\amd64_microsoft-windows-wininit-mof.resources_31bf3856ad364e35_10.0.20348.2849_en-us_106a1fdf856db047\wininit.mfl,,,,,,,,,,,,,,,,,,,SCAFFOLD,0x3e7,DC$,S-1-5-18,,,,,,,,,00000000-0000-0000-0000-000000000000,,
2026-09-02T03:47:16.256890Z,4664,dc.scaffold.htb,Microsoft-Windows-Security-Auditing,Security,24338,0,,,,,,,C:\Windows\WinSxS\amd64_microsoft-windows-w..lity-base.resources_31bf3856ad364e35_10.0.20348.1_en-us_af83f427a0161911\cli.mfl,,,,,,,C:\Windows\WinSxS\amd64_microsoft-windows-w..lity-base.resources_31bf3856ad364e35_10.0.20348.5139_en-us_cea186280935faa2\cli.mfl,,,,,,,,,,,,,,,,,,,SCAFFOLD,0x3e7,DC$,S-1-5-18,,,,,,,,,00000000-0000-0000-0000-000000000000,,
2026-09-02T03:47:16.257720Z,4664,dc.scaffold.htb,Microsoft-Windows-Security-Auditing,Security,24339,0,,,,,,,C:\Windows\WinSxS\amd64_microsoft-windows-w..lity-base.resources_31bf3856ad364e35_10.0.20348.1_en-us_af83f427a0161911\cliegaliases.mfl,,,,,,,C:\Windows\WinSxS\amd64_microsoft-windows-w..lity-base.resources_31bf3856ad364e35_10.0.20348.5139_en-us_cea186280935faa2\cliegaliases.mfl,,,,,,,,,,,,,,,,,,,SCAFFOLD,0x3e7,DC$,S-1-5-18,,,,,,,,,00000000-0000-0000-0000-000000000000,,
2026-09-02T03:47:16.258455Z,4664,dc.scaffold.htb,Microsoft-Windows-Security-Auditing,Security,24340,0,,,,,,,C:\Windows\WinSxS\amd64_microsoft-windows-w..lity-base.resources_31bf3856ad364e35_10.0.20348.1_en-us_af83f427a0161911\hform.xsl,,,,,,,C:\Windows\WinSxS\amd64_microsoft-windows-w..lity-base.resources_31bf3856ad364e35_10.0.20348.5139_en-us_cea186280935faa2\hform.xsl,,,,,,,,,,,,,,,,,,,SCAFFOLD,0x3e7,DC$,S-1-5-18,,,,,,,,,00000000-0000-0000-0000-000000000000,,
2026-09-02T03:47:16.259536Z,4664,dc.scaffold.htb,Microsoft-Windows-Security-Auditing,Security,24341,0,,,,,,,C:\Windows\WinSxS\amd64_microsoft-windows-w..lity-base.resources_31bf3856ad364e35_10.0.20348.1_en-us_af83f427a0161911\htable.xsl,,,,,,,C:\Windows\WinSxS\amd64_microsoft-windows-w..lity-base.resources_31bf3856ad364e35_10.0.20348.5139_en-us_cea186280935faa2\htable.xsl,,,,,,,,,,,,,,,,,,,SCAFFOLD,0x3e7,DC$,S-1-5-18,,,,,,,,,00000000-0000-0000-0000-000000000000,,
2026-09-02T03:47:16.260091Z,4664,dc.scaffold.htb,Microsoft-Windows-Security-Auditing,Security,24342,0,,,,,,,C:\Windows\WinSxS\amd64_microsoft-windows-w..lity-base.resources_31bf3856ad364e35_10.0.20348.1_en-us_af83f427a0161911\csv.xsl,,,,,,,C:\Windows\WinSxS\amd64_microsoft-windows-w..lity-base.resources_31bf3856ad364e35_10.0.20348.5139_en-us_cea186280935faa2\csv.xsl,,,,,,,,,,,,,,,,,,,SCAFFOLD,0x3e7,DC$,S-1-5-18,,,,,,,,,00000000-0000-0000-0000-000000000000,,
2026-09-02T03:47:16.260650Z,4664,dc.scaffold.htb,Microsoft-Windows-Security-Auditing,Security,24343,0,,,,,,,C:\Windows\WinSxS\amd64_microsoft-windows-w..lity-base.resources_31bf3856ad364e35_10.0.20348.1_en-us_af83f427a0161911\mof.xsl,,,,,,,C:\Windows\WinSxS\amd64_microsoft-windows-w..lity-base.resources_31bf3856ad364e35_10.0.20348.5139_en-us_cea186280935faa2\mof.xsl,,,,,,,,,,,,,,,,,,,SCAFFOLD,0x3e7,DC$,S-1-5-18,,,,,,,,,00000000-0000-0000-0000-000000000000,,
2026-09-02T03:47:16.261204Z,4664,dc.scaffold.htb,Microsoft-Windows-Security-Auditing,Security,24344,0,,,,,,,C:\Windows\WinSxS\amd64_microsoft-windows-w..lity-base.resources_31bf3856ad364e35_10.0.20348.1_en-us_af83f427a0161911\xml.xsl,,,,,,,C:\Windows\WinSxS\amd64_microsoft-windows-w..lity-base.resources_31bf3856ad364e35_10.0.20348.5139_en-us_cea186280935faa2\xml.xsl,,,,,,,,,,,,,,,,,,,SCAFFOLD,0x3e7,DC$,S-1-5-18,,,,,,,,,00000000-0000-0000-0000-000000000000,,
2026-09-02T03:47:16.264774Z,4664,dc.scaffold.htb,Microsoft-Windows-Security-Auditing,Security,24345,0,,,,,,,C:\Windows\WinSxS\amd64_microsoft.windows.dsc.core_31bf3856ad364e35_10.0.20348.1_none_97ef6d0a29bf81b6\DscCore.mof,,,,,,,C:\Windows\WinSxS\amd64_microsoft.windows.dsc.core_31bf3856ad364e35_10.0.20348.3451_none_b6ef424e92f52272\DscCore.mof,,,,,,,,,,,,,,,,,,,SCAFFOLD,0x3e7,DC$,S-1-5-18,,,,,,,,,00000000-0000-0000-0000-000000000000,,
