2026-09-02T03:21:27.451293Z,4660,dc.scaffold.htb,Microsoft-Windows-Security-Auditing,Security,22509,0,,,,,,,,,0x74,,,,,,,,,,,,,,Security,,,,,0x166c,C:\Windows\System32\poqexec.exe,,,,SCAFFOLD,0x3e7,DC$,S-1-5-18,,,,,,,,,C62843AF-A67C-11F1-9935-005056B98D90,,
2026-09-02T03:21:27.452234Z,4663,dc.scaffold.htb,Microsoft-Windows-Security-Auditing,Security,22510,0,"%%1537
				",0x10000,,,,,,,0x74,,,,,,,,,,,,,C:\Windows\Microsoft.NET\Framework\v4.0.30319\System.Data.dll,Security,File,,,,0x166c,C:\Windows\System32\poqexec.exe,,S:AI,,SCAFFOLD,0x3e7,DC$,S-1-5-18,,,,,,,,,,,
2026-09-02T03:21:27.452296Z,4660,dc.scaffold.htb,Microsoft-Windows-Security-Auditing,Security,22511,0,,,,,,,,,0x74,,,,,,,,,,,,,,Security,,,,,0x166c,C:\Windows\System32\poqexec.exe,,,,SCAFFOLD,0x3e7,DC$,S-1-5-18,,,,,,,,,C62843AF-A67C-11F1-9935-005056B98D90,,
2026-09-02T03:21:27.453299Z,4663,dc.scaffold.htb,Microsoft-Windows-Security-Auditing,Security,22512,0,"%%1537
				",0x10000,,,,,,,0x74,,,,,,,,,,,,,C:\Windows\Microsoft.NET\Framework\v4.0.30319\System.Data.SqlXml.dll,Security,File,,,,0x166c,C:\Windows\System32\poqexec.exe,,S:AI,,SCAFFOLD,0x3e7,DC$,S-1-5-18,,,,,,,,,,,
2026-09-02T03:21:27.453302Z,4660,dc.scaffold.htb,Microsoft-Windows-Security-Auditing,Security,22513,0,,,,,,,,,0x74,,,,,,,,,,,,,,Security,,,,,0x166c,C:\Windows\System32\poqexec.exe,,,,SCAFFOLD,0x3e7,DC$,S-1-5-18,,,,,,,,,C62843AF-A67C-11F1-9935-005056B98D90,,
2026-09-02T03:21:27.454250Z,4663,dc.scaffold.htb,Microsoft-Windows-Security-Auditing,Security,22514,0,"%%1537
				",0x10000,,,,,,,0x74,,,,,,,,,,,,,C:\Windows\Microsoft.NET\Framework\v4.0.30319\System.Deployment.dll,Security,File,,,,0x166c,C:\Windows\System32\poqexec.exe,,S:AI,,SCAFFOLD,0x3e7,DC$,S-1-5-18,,,,,,,,,,,
2026-09-02T03:21:27.454268Z,4660,dc.scaffold.htb,Microsoft-Windows-Security-Auditing,Security,22515,0,,,,,,,,,0x74,,,,,,,,,,,,,,Security,,,,,0x166c,C:\Windows\System32\poqexec.exe,,,,SCAFFOLD,0x3e7,DC$,S-1-5-18,,,,,,,,,C62843AF-A67C-11F1-9935-005056B98D90,,
2026-09-02T03:21:27.455180Z,4663,dc.scaffold.htb,Microsoft-Windows-Security-Auditing,Security,22516,0,"%%1537
				",0x10000,,,,,,,0x74,,,,,,,,,,,,,C:\Windows\Microsoft.NET\Framework\v4.0.30319\System.DirectoryServices.AccountManagement.dll,Security,File,,,,0x166c,C:\Windows\System32\poqexec.exe,,S:AI,,SCAFFOLD,0x3e7,DC$,S-1-5-18,,,,,,,,,,,
2026-09-02T03:21:27.455199Z,4660,dc.scaffold.htb,Microsoft-Windows-Security-Auditing,Security,22517,0,,,,,,,,,0x74,,,,,,,,,,,,,,Security,,,,,0x166c,C:\Windows\System32\poqexec.exe,,,,SCAFFOLD,0x3e7,DC$,S-1-5-18,,,,,,,,,C62843AF-A67C-11F1-9935-005056B98D90,,
2026-09-02T03:21:27.456157Z,4663,dc.scaffold.htb,Microsoft-Windows-Security-Auditing,Security,22518,0,"%%1537
				",0x10000,,,,,,,0x74,,,,,,,,,,,,,C:\Windows\Microsoft.NET\Framework\v4.0.30319\System.DirectoryServices.dll,Security,File,,,,0x166c,C:\Windows\System32\poqexec.exe,,S:AI,,SCAFFOLD,0x3e7,DC$,S-1-5-18,,,,,,,,,,,
2026-09-02T03:21:27.456176Z,4660,dc.scaffold.htb,Microsoft-Windows-Security-Auditing,Security,22519,0,,,,,,,,,0x74,,,,,,,,,,,,,,Security,,,,,0x166c,C:\Windows\System32\poqexec.exe,,,,SCAFFOLD,0x3e7,DC$,S-1-5-18,,,,,,,,,C62843AF-A67C-11F1-9935-005056B98D90,,
2026-09-02T03:21:27.457157Z,4663,dc.scaffold.htb,Microsoft-Windows-Security-Auditing,Security,22520,0,"%%1537
				",0x10000,,,,,,,0x74,,,,,,,,,,,,,C:\Windows\Microsoft.NET\Framework\v4.0.30319\System.dll,Security,File,,,,0x166c,C:\Windows\System32\poqexec.exe,,S:AI,,SCAFFOLD,0x3e7,DC$,S-1-5-18,,,,,,,,,,,
2026-09-02T03:21:27.457186Z,4660,dc.scaffold.htb,Microsoft-Windows-Security-Auditing,Security,22521,0,,,,,,,,,0x74,,,,,,,,,,,,,,Security,,,,,0x166c,C:\Windows\System32\poqexec.exe,,,,SCAFFOLD,0x3e7,DC$,S-1-5-18,,,,,,,,,C62843AF-A67C-11F1-9935-005056B98D90,,
2026-09-02T03:21:27.458130Z,4663,dc.scaffold.htb,Microsoft-Windows-Security-Auditing,Security,22522,0,"%%1537
				",0x10000,,,,,,,0x74,,,,,,,,,,,,,C:\Windows\Microsoft.NET\Framework\v4.0.30319\System.IdentityModel.dll,Security,File,,,,0x166c,C:\Windows\System32\poqexec.exe,,S:AI,,SCAFFOLD,0x3e7,DC$,S-1-5-18,,,,,,,,,,,
2026-09-02T03:21:27.458142Z,4660,dc.scaffold.htb,Microsoft-Windows-Security-Auditing,Security,22523,0,,,,,,,,,0x74,,,,,,,,,,,,,,Security,,,,,0x166c,C:\Windows\System32\poqexec.exe,,,,SCAFFOLD,0x3e7,DC$,S-1-5-18,,,,,,,,,C62843AF-A67C-11F1-9935-005056B98D90,,
2026-09-02T03:21:27.459135Z,4663,dc.scaffold.htb,Microsoft-Windows-Security-Auditing,Security,22524,0,"%%1537
				",0x10000,,,,,,,0x74,,,,,,,,,,,,,C:\Windows\Microsoft.NET\Framework\v4.0.30319\System.IdentityModel.Services.dll,Security,File,,,,0x166c,C:\Windows\System32\poqexec.exe,,S:AI,,SCAFFOLD,0x3e7,DC$,S-1-5-18,,,,,,,,,,,
2026-09-02T03:21:27.459146Z,4660,dc.scaffold.htb,Microsoft-Windows-Security-Auditing,Security,22525,0,,,,,,,,,0x74,,,,,,,,,,,,,,Security,,,,,0x166c,C:\Windows\System32\poqexec.exe,,,,SCAFFOLD,0x3e7,DC$,S-1-5-18,,,,,,,,,C62843AF-A67C-11F1-9935-005056B98D90,,
2026-09-02T03:21:27.460183Z,4663,dc.scaffold.htb,Microsoft-Windows-Security-Auditing,Security,22526,0,"%%1537
				",0x10000,,,,,,,0x74,,,,,,,,,,,,,C:\Windows\Microsoft.NET\Framework\v4.0.30319\System.IO.Compression.dll,Security,File,,,,0x166c,C:\Windows\System32\poqexec.exe,,S:AI,,SCAFFOLD,0x3e7,DC$,S-1-5-18,,,,,,,,,,,
2026-09-02T03:21:27.460197Z,4660,dc.scaffold.htb,Microsoft-Windows-Security-Auditing,Security,22527,0,,,,,,,,,0x74,,,,,,,,,,,,,,Security,,,,,0x166c,C:\Windows\System32\poqexec.exe,,,,SCAFFOLD,0x3e7,DC$,S-1-5-18,,,,,,,,,C62843AF-A67C-11F1-9935-005056B98D90,,
2026-09-02T03:21:27.461160Z,4663,dc.scaffold.htb,Microsoft-Windows-Security-Auditing,Security,22528,0,"%%1537
				",0x10000,,,,,,,0x74,,,,,,,,,,,,,C:\Windows\Microsoft.NET\Framework\v4.0.30319\System.Net.dll,Security,File,,,,0x166c,C:\Windows\System32\poqexec.exe,,S:AI,,SCAFFOLD,0x3e7,DC$,S-1-5-18,,,,,,,,,,,
2026-09-02T03:21:27.461163Z,4660,dc.scaffold.htb,Microsoft-Windows-Security-Auditing,Security,22529,0,,,,,,,,,0x74,,,,,,,,,,,,,,Security,,,,,0x166c,C:\Windows\System32\poqexec.exe,,,,SCAFFOLD,0x3e7,DC$,S-1-5-18,,,,,,,,,C62843AF-A67C-11F1-9935-005056B98D90,,
2026-09-02T03:21:27.462109Z,4663,dc.scaffold.htb,Microsoft-Windows-Security-Auditing,Security,22530,0,"%%1537
				",0x10000,,,,,,,0x74,,,,,,,,,,,,,C:\Windows\Microsoft.NET\Framework\v4.0.30319\System.Net.Http.dll,Security,File,,,,0x166c,C:\Windows\System32\poqexec.exe,,S:AI,,SCAFFOLD,0x3e7,DC$,S-1-5-18,,,,,,,,,,,
2026-09-02T03:21:27.462112Z,4660,dc.scaffold.htb,Microsoft-Windows-Security-Auditing,Security,22531,0,,,,,,,,,0x74,,,,,,,,,,,,,,Security,,,,,0x166c,C:\Windows\System32\poqexec.exe,,,,SCAFFOLD,0x3e7,DC$,S-1-5-18,,,,,,,,,C62843AF-A67C-11F1-9935-005056B98D90,,
2026-09-02T03:21:27.463114Z,4663,dc.scaffold.htb,Microsoft-Windows-Security-Auditing,Security,22532,0,"%%1537
				",0x10000,,,,,,,0x74,,,,,,,,,,,,,C:\Windows\Microsoft.NET\Framework\v4.0.30319\System.Net.Http.WebRequest.dll,Security,File,,,,0x166c,C:\Windows\System32\poqexec.exe,,S:AI,,SCAFFOLD,0x3e7,DC$,S-1-5-18,,,,,,,,,,,
2026-09-02T03:21:27.463117Z,4660,dc.scaffold.htb,Microsoft-Windows-Security-Auditing,Security,22533,0,,,,,,,,,0x74,,,,,,,,,,,,,,Security,,,,,0x166c,C:\Windows\System32\poqexec.exe,,,,SCAFFOLD,0x3e7,DC$,S-1-5-18,,,,,,,,,C62843AF-A67C-11F1-9935-005056B98D90,,
2026-09-02T03:21:27.464083Z,4663,dc.scaffold.htb,Microsoft-Windows-Security-Auditing,Security,22534,0,"%%1537
				",0x10000,,,,,,,0x74,,,,,,,,,,,,,C:\Windows\Microsoft.NET\Framework\v4.0.30319\System.Runtime.Caching.dll,Security,File,,,,0x166c,C:\Windows\System32\poqexec.exe,,S:AI,,SCAFFOLD,0x3e7,DC$,S-1-5-18,,,,,,,,,,,
2026-09-02T03:21:27.464101Z,4660,dc.scaffold.htb,Microsoft-Windows-Security-Auditing,Security,22535,0,,,,,,,,,0x74,,,,,,,,,,,,,,Security,,,,,0x166c,C:\Windows\System32\poqexec.exe,,,,SCAFFOLD,0x3e7,DC$,S-1-5-18,,,,,,,,,C62843AF-A67C-11F1-9935-005056B98D90,,
2026-09-02T03:21:27.465032Z,4663,dc.scaffold.htb,Microsoft-Windows-Security-Auditing,Security,22536,0,"%%1537
				",0x10000,,,,,,,0x74,,,,,,,,,,,,,C:\Windows\Microsoft.NET\Framework\v4.0.30319\System.Runtime.Remoting.dll,Security,File,,,,0x166c,C:\Windows\System32\poqexec.exe,,S:AI,,SCAFFOLD,0x3e7,DC$,S-1-5-18,,,,,,,,,,,
2026-09-02T03:21:27.465064Z,4660,dc.scaffold.htb,Microsoft-Windows-Security-Auditing,Security,22537,0,,,,,,,,,0x74,,,,,,,,,,,,,,Security,,,,,0x166c,C:\Windows\System32\poqexec.exe,,,,SCAFFOLD,0x3e7,DC$,S-1-5-18,,,,,,,,,C62843AF-A67C-11F1-9935-005056B98D90,,
2026-09-02T03:21:27.465995Z,4663,dc.scaffold.htb,Microsoft-Windows-Security-Auditing,Security,22538,0,"%%1537
				",0x10000,,,,,,,0x74,,,,,,,,,,,,,C:\Windows\Microsoft.NET\Framework\v4.0.30319\System.Runtime.Serialization.dll,Security,File,,,,0x166c,C:\Windows\System32\poqexec.exe,,S:AI,,SCAFFOLD,0x3e7,DC$,S-1-5-18,,,,,,,,,,,
2026-09-02T03:21:27.466007Z,4660,dc.scaffold.htb,Microsoft-Windows-Security-Auditing,Security,22539,0,,,,,,,,,0x74,,,,,,,,,,,,,,Security,,,,,0x166c,C:\Windows\System32\poqexec.exe,,,,SCAFFOLD,0x3e7,DC$,S-1-5-18,,,,,,,,,C62843AF-A67C-11F1-9935-005056B98D90,,
2026-09-02T03:21:27.466937Z,4663,dc.scaffold.htb,Microsoft-Windows-Security-Auditing,Security,22540,0,"%%1537
				",0x10000,,,,,,,0x74,,,,,,,,,,,,,C:\Windows\Microsoft.NET\Framework\v4.0.30319\System.Security.dll,Security,File,,,,0x166c,C:\Windows\System32\poqexec.exe,,S:AI,,SCAFFOLD,0x3e7,DC$,S-1-5-18,,,,,,,,,,,
2026-09-02T03:21:27.466960Z,4660,dc.scaffold.htb,Microsoft-Windows-Security-Auditing,Security,22541,0,,,,,,,,,0x74,,,,,,,,,,,,,,Security,,,,,0x166c,C:\Windows\System32\poqexec.exe,,,,SCAFFOLD,0x3e7,DC$,S-1-5-18,,,,,,,,,C62843AF-A67C-11F1-9935-005056B98D90,,
2026-09-02T03:21:27.467882Z,4663,dc.scaffold.htb,Microsoft-Windows-Security-Auditing,Security,22542,0,"%%1537
				",0x10000,,,,,,,0x74,,,,,,,,,,,,,C:\Windows\Microsoft.NET\Framework\v4.0.30319\System.ServiceModel.Channels.dll,Security,File,,,,0x166c,C:\Windows\System32\poqexec.exe,,S:AI,,SCAFFOLD,0x3e7,DC$,S-1-5-18,,,,,,,,,,,
2026-09-02T03:21:27.467900Z,4660,dc.scaffold.htb,Microsoft-Windows-Security-Auditing,Security,22543,0,,,,,,,,,0x74,,,,,,,,,,,,,,Security,,,,,0x166c,C:\Windows\System32\poqexec.exe,,,,SCAFFOLD,0x3e7,DC$,S-1-5-18,,,,,,,,,C62843AF-A67C-11F1-9935-005056B98D90,,
2026-09-02T03:21:27.468841Z,4663,dc.scaffold.htb,Microsoft-Windows-Security-Auditing,Security,22544,0,"%%1537
				",0x10000,,,,,,,0x74,,,,,,,,,,,,,C:\Windows\Microsoft.NET\Framework\v4.0.30319\System.ServiceModel.Discovery.dll,Security,File,,,,0x166c,C:\Windows\System32\poqexec.exe,,S:AI,,SCAFFOLD,0x3e7,DC$,S-1-5-18,,,,,,,,,,,
2026-09-02T03:21:27.468858Z,4660,dc.scaffold.htb,Microsoft-Windows-Security-Auditing,Security,22545,0,,,,,,,,,0x74,,,,,,,,,,,,,,Security,,,,,0x166c,C:\Windows\System32\poqexec.exe,,,,SCAFFOLD,0x3e7,DC$,S-1-5-18,,,,,,,,,C62843AF-A67C-11F1-9935-005056B98D90,,
2026-09-02T03:21:27.469969Z,4663,dc.scaffold.htb,Microsoft-Windows-Security-Auditing,Security,22546,0,"%%1537
				",0x10000,,,,,,,0x74,,,,,,,,,,,,,C:\Windows\Microsoft.NET\Framework\v4.0.30319\System.ServiceModel.dll,Security,File,,,,0x166c,C:\Windows\System32\poqexec.exe,,S:AI,,SCAFFOLD,0x3e7,DC$,S-1-5-18,,,,,,,,,,,
2026-09-02T03:21:27.469993Z,4660,dc.scaffold.htb,Microsoft-Windows-Security-Auditing,Security,22547,0,,,,,,,,,0x74,,,,,,,,,,,,,,Security,,,,,0x166c,C:\Windows\System32\poqexec.exe,,,,SCAFFOLD,0x3e7,DC$,S-1-5-18,,,,,,,,,C62843AF-A67C-11F1-9935-005056B98D90,,
2026-09-02T03:21:27.470987Z,4663,dc.scaffold.htb,Microsoft-Windows-Security-Auditing,Security,22548,0,"%%1537
				",0x10000,,,,,,,0x74,,,,,,,,,,,,,C:\Windows\Microsoft.NET\Framework\v4.0.30319\System.ServiceModel.Internals.dll,Security,File,,,,0x166c,C:\Windows\System32\poqexec.exe,,S:AI,,SCAFFOLD,0x3e7,DC$,S-1-5-18,,,,,,,,,,,
2026-09-02T03:21:27.470991Z,4660,dc.scaffold.htb,Microsoft-Windows-Security-Auditing,Security,22549,0,,,,,,,,,0x74,,,,,,,,,,,,,,Security,,,,,0x166c,C:\Windows\System32\poqexec.exe,,,,SCAFFOLD,0x3e7,DC$,S-1-5-18,,,,,,,,,C62843AF-A67C-11F1-9935-005056B98D90,,
2026-09-02T03:21:27.471934Z,4663,dc.scaffold.htb,Microsoft-Windows-Security-Auditing,Security,22550,0,"%%1537
				",0x10000,,,,,,,0x74,,,,,,,,,,,,,C:\Windows\Microsoft.NET\Framework\v4.0.30319\System.ServiceModel.WasHosting.dll,Security,File,,,,0x166c,C:\Windows\System32\poqexec.exe,,S:AI,,SCAFFOLD,0x3e7,DC$,S-1-5-18,,,,,,,,,,,
2026-09-02T03:21:27.471958Z,4660,dc.scaffold.htb,Microsoft-Windows-Security-Auditing,Security,22551,0,,,,,,,,,0x74,,,,,,,,,,,,,,Security,,,,,0x166c,C:\Windows\System32\poqexec.exe,,,,SCAFFOLD,0x3e7,DC$,S-1-5-18,,,,,,,,,C62843AF-A67C-11F1-9935-005056B98D90,,
2026-09-02T03:21:27.473108Z,4663,dc.scaffold.htb,Microsoft-Windows-Security-Auditing,Security,22552,0,"%%1537
				",0x10000,,,,,,,0x74,,,,,,,,,,,,,C:\Windows\Microsoft.NET\Framework\v4.0.30319\System.Web.ApplicationServices.dll,Security,File,,,,0x166c,C:\Windows\System32\poqexec.exe,,S:AI,,SCAFFOLD,0x3e7,DC$,S-1-5-18,,,,,,,,,,,
2026-09-02T03:21:27.473111Z,4660,dc.scaffold.htb,Microsoft-Windows-Security-Auditing,Security,22553,0,,,,,,,,,0x74,,,,,,,,,,,,,,Security,,,,,0x166c,C:\Windows\System32\poqexec.exe,,,,SCAFFOLD,0x3e7,DC$,S-1-5-18,,,,,,,,,C62843AF-A67C-11F1-9935-005056B98D90,,
2026-09-02T03:21:27.474057Z,4663,dc.scaffold.htb,Microsoft-Windows-Security-Auditing,Security,22554,0,"%%1537
				",0x10000,,,,,,,0x74,,,,,,,,,,,,,C:\Windows\Microsoft.NET\Framework\v4.0.30319\System.Web.dll,Security,File,,,,0x166c,C:\Windows\System32\poqexec.exe,,S:AI,,SCAFFOLD,0x3e7,DC$,S-1-5-18,,,,,,,,,,,
2026-09-02T03:21:27.474106Z,4660,dc.scaffold.htb,Microsoft-Windows-Security-Auditing,Security,22555,0,,,,,,,,,0x74,,,,,,,,,,,,,,Security,,,,,0x166c,C:\Windows\System32\poqexec.exe,,,,SCAFFOLD,0x3e7,DC$,S-1-5-18,,,,,,,,,C62843AF-A67C-11F1-9935-005056B98D90,,
2026-09-02T03:21:27.475137Z,4663,dc.scaffold.htb,Microsoft-Windows-Security-Auditing,Security,22556,0,"%%1537
				",0x10000,,,,,,,0x74,,,,,,,,,,,,,C:\Windows\Microsoft.NET\Framework\v4.0.30319\System.Web.Extensions.dll,Security,File,,,,0x166c,C:\Windows\System32\poqexec.exe,,S:AI,,SCAFFOLD,0x3e7,DC$,S-1-5-18,,,,,,,,,,,
2026-09-02T03:21:27.475153Z,4660,dc.scaffold.htb,Microsoft-Windows-Security-Auditing,Security,22557,0,,,,,,,,,0x74,,,,,,,,,,,,,,Security,,,,,0x166c,C:\Windows\System32\poqexec.exe,,,,SCAFFOLD,0x3e7,DC$,S-1-5-18,,,,,,,,,C62843AF-A67C-11F1-9935-005056B98D90,,
2026-09-02T03:21:27.476085Z,4663,dc.scaffold.htb,Microsoft-Windows-Security-Auditing,Security,22558,0,"%%1537
				",0x10000,,,,,,,0x74,,,,,,,,,,,,,C:\Windows\Microsoft.NET\Framework\v4.0.30319\System.Windows.Forms.dll,Security,File,,,,0x166c,C:\Windows\System32\poqexec.exe,,S:AI,,SCAFFOLD,0x3e7,DC$,S-1-5-18,,,,,,,,,,,
2026-09-02T03:21:27.476107Z,4660,dc.scaffold.htb,Microsoft-Windows-Security-Auditing,Security,22559,0,,,,,,,,,0x74,,,,,,,,,,,,,,Security,,,,,0x166c,C:\Windows\System32\poqexec.exe,,,,SCAFFOLD,0x3e7,DC$,S-1-5-18,,,,,,,,,C62843AF-A67C-11F1-9935-005056B98D90,,
2026-09-02T03:21:27.477062Z,4663,dc.scaffold.htb,Microsoft-Windows-Security-Auditing,Security,22560,0,"%%1537
				",0x10000,,,,,,,0x74,,,,,,,,,,,,,C:\Windows\Microsoft.NET\Framework\v4.0.30319\System.Xaml.dll,Security,File,,,,0x166c,C:\Windows\System32\poqexec.exe,,S:AI,,SCAFFOLD,0x3e7,DC$,S-1-5-18,,,,,,,,,,,
2026-09-02T03:21:27.477066Z,4660,dc.scaffold.htb,Microsoft-Windows-Security-Auditing,Security,22561,0,,,,,,,,,0x74,,,,,,,,,,,,,,Security,,,,,0x166c,C:\Windows\System32\poqexec.exe,,,,SCAFFOLD,0x3e7,DC$,S-1-5-18,,,,,,,,,C62843AF-A67C-11F1-9935-005056B98D90,,
2026-09-02T03:21:27.478033Z,4663,dc.scaffold.htb,Microsoft-Windows-Security-Auditing,Security,22562,0,"%%1537
				",0x10000,,,,,,,0x74,,,,,,,,,,,,,C:\Windows\Microsoft.NET\Framework\v4.0.30319\System.XML.dll,Security,File,,,,0x166c,C:\Windows\System32\poqexec.exe,,S:AI,,SCAFFOLD,0x3e7,DC$,S-1-5-18,,,,,,,,,,,
2026-09-02T03:21:27.478058Z,4660,dc.scaffold.htb,Microsoft-Windows-Security-Auditing,Security,22563,0,,,,,,,,,0x74,,,,,,,,,,,,,,Security,,,,,0x166c,C:\Windows\System32\poqexec.exe,,,,SCAFFOLD,0x3e7,DC$,S-1-5-18,,,,,,,,,C62843AF-A67C-11F1-9935-005056B98D90,,
2026-09-02T03:21:27.479044Z,4663,dc.scaffold.htb,Microsoft-Windows-Security-Auditing,Security,22564,0,"%%1537
				",0x10000,,,,,,,0x74,,,,,,,,,,,,,C:\Windows\Microsoft.NET\Framework\v4.0.30319\vbc.exe,Security,File,,,,0x166c,C:\Windows\System32\poqexec.exe,,S:AI,,SCAFFOLD,0x3e7,DC$,S-1-5-18,,,,,,,,,,,
2026-09-02T03:21:27.479104Z,4660,dc.scaffold.htb,Microsoft-Windows-Security-Auditing,Security,22565,0,,,,,,,,,0x74,,,,,,,,,,,,,,Security,,,,,0x166c,C:\Windows\System32\poqexec.exe,,,,SCAFFOLD,0x3e7,DC$,S-1-5-18,,,,,,,,,C62843AF-A67C-11F1-9935-005056B98D90,,
2026-09-02T03:21:27.480105Z,4663,dc.scaffold.htb,Microsoft-Windows-Security-Auditing,Security,22566,0,"%%1537
				",0x10000,,,,,,,0x74,,,,,,,,,,,,,C:\Windows\Microsoft.NET\Framework\v4.0.30319\webengine.dll,Security,File,,,,0x166c,C:\Windows\System32\poqexec.exe,,S:AI,,SCAFFOLD,0x3e7,DC$,S-1-5-18,,,,,,,,,,,
2026-09-02T03:21:27.480150Z,4660,dc.scaffold.htb,Microsoft-Windows-Security-Auditing,Security,22567,0,,,,,,,,,0x74,,,,,,,,,,,,,,Security,,,,,0x166c,C:\Windows\System32\poqexec.exe,,,,SCAFFOLD,0x3e7,DC$,S-1-5-18,,,,,,,,,C62843AF-A67C-11F1-9935-005056B98D90,,
2026-09-02T03:21:27.481199Z,4663,dc.scaffold.htb,Microsoft-Windows-Security-Auditing,Security,22568,0,"%%1537
				",0x10000,,,,,,,0x74,,,,,,,,,,,,,C:\Windows\Microsoft.NET\Framework\v4.0.30319\webengine4.dll,Security,File,,,,0x166c,C:\Windows\System32\poqexec.exe,,S:AI,,SCAFFOLD,0x3e7,DC$,S-1-5-18,,,,,,,,,,,
2026-09-02T03:21:27.481247Z,4660,dc.scaffold.htb,Microsoft-Windows-Security-Auditing,Security,22569,0,,,,,,,,,0x74,,,,,,,,,,,,,,Security,,,,,0x166c,C:\Windows\System32\poqexec.exe,,,,SCAFFOLD,0x3e7,DC$,S-1-5-18,,,,,,,,,C62843AF-A67C-11F1-9935-005056B98D90,,
2026-09-02T03:21:27.482369Z,4663,dc.scaffold.htb,Microsoft-Windows-Security-Auditing,Security,22570,0,"%%1537
				",0x10000,,,,,,,0x74,,,,,,,,,,,,,C:\Windows\Microsoft.NET\Framework\v4.0.30319\NativeImages\mscorlib.ni.dll,Security,File,,,,0x166c,C:\Windows\System32\poqexec.exe,,S:AI,,SCAFFOLD,0x3e7,DC$,S-1-5-18,,,,,,,,,,,
2026-09-02T03:21:27.482413Z,4660,dc.scaffold.htb,Microsoft-Windows-Security-Auditing,Security,22571,0,,,,,,,,,0x74,,,,,,,,,,,,,,Security,,,,,0x166c,C:\Windows\System32\poqexec.exe,,,,SCAFFOLD,0x3e7,DC$,S-1-5-18,,,,,,,,,C62843AF-A67C-11F1-9935-005056B98D90,,
2026-09-02T03:21:27.483716Z,4663,dc.scaffold.htb,Microsoft-Windows-Security-Auditing,Security,22572,0,"%%1537
				",0x10000,,,,,,,0x74,,,,,,,,,,,,,C:\Windows\Microsoft.NET\Framework\v4.0.30319\WPF\GlobalUserInterface.CompositeFont,Security,File,,,,0x166c,C:\Windows\System32\poqexec.exe,,S:AI,,SCAFFOLD,0x3e7,DC$,S-1-5-18,,,,,,,,,,,
2026-09-02T03:21:27.483720Z,4660,dc.scaffold.htb,Microsoft-Windows-Security-Auditing,Security,22573,0,,,,,,,,,0x74,,,,,,,,,,,,,,Security,,,,,0x166c,C:\Windows\System32\poqexec.exe,,,,SCAFFOLD,0x3e7,DC$,S-1-5-18,,,,,,,,,C62843AF-A67C-11F1-9935-005056B98D90,,
2026-09-02T03:21:27.484542Z,4663,dc.scaffold.htb,Microsoft-Windows-Security-Auditing,Security,22574,0,"%%1537
				",0x10000,,,,,,,0x74,,,,,,,,,,,,,C:\Windows\Microsoft.NET\Framework\v4.0.30319\WPF\PenIMC.dll,Security,File,,,,0x166c,C:\Windows\System32\poqexec.exe,,S:AI,,SCAFFOLD,0x3e7,DC$,S-1-5-18,,,,,,,,,,,
2026-09-02T03:21:27.484595Z,4660,dc.scaffold.htb,Microsoft-Windows-Security-Auditing,Security,22575,0,,,,,,,,,0x74,,,,,,,,,,,,,,Security,,,,,0x166c,C:\Windows\System32\poqexec.exe,,,,SCAFFOLD,0x3e7,DC$,S-1-5-18,,,,,,,,,C62843AF-A67C-11F1-9935-005056B98D90,,
2026-09-02T03:21:27.485586Z,4663,dc.scaffold.htb,Microsoft-Windows-Security-Auditing,Security,22576,0,"%%1537
				",0x10000,,,,,,,0x74,,,,,,,,,,,,,C:\Windows\Microsoft.NET\Framework\v4.0.30319\WPF\PenIMC2_v0400.dll,Security,File,,,,0x166c,C:\Windows\System32\poqexec.exe,,S:AI,,SCAFFOLD,0x3e7,DC$,S-1-5-18,,,,,,,,,,,
2026-09-02T03:21:27.485617Z,4660,dc.scaffold.htb,Microsoft-Windows-Security-Auditing,Security,22577,0,,,,,,,,,0x74,,,,,,,,,,,,,,Security,,,,,0x166c,C:\Windows\System32\poqexec.exe,,,,SCAFFOLD,0x3e7,DC$,S-1-5-18,,,,,,,,,C62843AF-A67C-11F1-9935-005056B98D90,,
2026-09-02T03:21:27.486576Z,4663,dc.scaffold.htb,Microsoft-Windows-Security-Auditing,Security,22578,0,"%%1537
				",0x10000,,,,,,,0x74,,,,,,,,,,,,,C:\Windows\Microsoft.NET\Framework\v4.0.30319\WPF\PenIMC_v0400.dll,Security,File,,,,0x166c,C:\Windows\System32\poqexec.exe,,S:AI,,SCAFFOLD,0x3e7,DC$,S-1-5-18,,,,,,,,,,,
2026-09-02T03:21:27.486600Z,4660,dc.scaffold.htb,Microsoft-Windows-Security-Auditing,Security,22579,0,,,,,,,,,0x74,,,,,,,,,,,,,,Security,,,,,0x166c,C:\Windows\System32\poqexec.exe,,,,SCAFFOLD,0x3e7,DC$,S-1-5-18,,,,,,,,,C62843AF-A67C-11F1-9935-005056B98D90,,
2026-09-02T03:21:27.487585Z,4663,dc.scaffold.htb,Microsoft-Windows-Security-Auditing,Security,22580,0,"%%1537
				",0x10000,,,,,,,0x74,,,,,,,,,,,,,C:\Windows\Microsoft.NET\Framework\v4.0.30319\WPF\PresentationCore.dll,Security,File,,,,0x166c,C:\Windows\System32\poqexec.exe,,S:AI,,SCAFFOLD,0x3e7,DC$,S-1-5-18,,,,,,,,,,,
2026-09-02T03:21:27.487614Z,4660,dc.scaffold.htb,Microsoft-Windows-Security-Auditing,Security,22581,0,,,,,,,,,0x74,,,,,,,,,,,,,,Security,,,,,0x166c,C:\Windows\System32\poqexec.exe,,,,SCAFFOLD,0x3e7,DC$,S-1-5-18,,,,,,,,,C62843AF-A67C-11F1-9935-005056B98D90,,
2026-09-02T03:21:27.488519Z,4663,dc.scaffold.htb,Microsoft-Windows-Security-Auditing,Security,22582,0,"%%1537
				",0x10000,,,,,,,0x74,,,,,,,,,,,,,C:\Windows\Microsoft.NET\Framework\v4.0.30319\WPF\PresentationFramework-SystemData.dll,Security,File,,,,0x166c,C:\Windows\System32\poqexec.exe,,S:AI,,SCAFFOLD,0x3e7,DC$,S-1-5-18,,,,,,,,,,,
2026-09-02T03:21:27.488523Z,4660,dc.scaffold.htb,Microsoft-Windows-Security-Auditing,Security,22583,0,,,,,,,,,0x74,,,,,,,,,,,,,,Security,,,,,0x166c,C:\Windows\System32\poqexec.exe,,,,SCAFFOLD,0x3e7,DC$,S-1-5-18,,,,,,,,,C62843AF-A67C-11F1-9935-005056B98D90,,
2026-09-02T03:21:27.489499Z,4663,dc.scaffold.htb,Microsoft-Windows-Security-Auditing,Security,22584,0,"%%1537
				",0x10000,,,,,,,0x74,,,,,,,,,,,,,C:\Windows\Microsoft.NET\Framework\v4.0.30319\WPF\PresentationFramework.dll,Security,File,,,,0x166c,C:\Windows\System32\poqexec.exe,,S:AI,,SCAFFOLD,0x3e7,DC$,S-1-5-18,,,,,,,,,,,
2026-09-02T03:21:27.489530Z,4660,dc.scaffold.htb,Microsoft-Windows-Security-Auditing,Security,22585,0,,,,,,,,,0x74,,,,,,,,,,,,,,Security,,,,,0x166c,C:\Windows\System32\poqexec.exe,,,,SCAFFOLD,0x3e7,DC$,S-1-5-18,,,,,,,,,C62843AF-A67C-11F1-9935-005056B98D90,,
2026-09-02T03:21:27.490592Z,4663,dc.scaffold.htb,Microsoft-Windows-Security-Auditing,Security,22586,0,"%%1537
				",0x10000,,,,,,,0x74,,,,,,,,,,,,,C:\Windows\Microsoft.NET\Framework\v4.0.30319\WPF\PresentationHost_v0400.dll,Security,File,,,,0x166c,C:\Windows\System32\poqexec.exe,,S:AI,,SCAFFOLD,0x3e7,DC$,S-1-5-18,,,,,,,,,,,
2026-09-02T03:21:27.490637Z,4660,dc.scaffold.htb,Microsoft-Windows-Security-Auditing,Security,22587,0,,,,,,,,,0x74,,,,,,,,,,,,,,Security,,,,,0x166c,C:\Windows\System32\poqexec.exe,,,,SCAFFOLD,0x3e7,DC$,S-1-5-18,,,,,,,,,C62843AF-A67C-11F1-9935-005056B98D90,,
2026-09-02T03:21:27.491653Z,4663,dc.scaffold.htb,Microsoft-Windows-Security-Auditing,Security,22588,0,"%%1537
				",0x10000,,,,,,,0x74,,,,,,,,,,,,,C:\Windows\Microsoft.NET\Framework\v4.0.30319\WPF\PresentationNative_v0400.dll,Security,File,,,,0x166c,C:\Windows\System32\poqexec.exe,,S:AI,,SCAFFOLD,0x3e7,DC$,S-1-5-18,,,,,,,,,,,
2026-09-02T03:21:27.491678Z,4660,dc.scaffold.htb,Microsoft-Windows-Security-Auditing,Security,22589,0,,,,,,,,,0x74,,,,,,,,,,,,,,Security,,,,,0x166c,C:\Windows\System32\poqexec.exe,,,,SCAFFOLD,0x3e7,DC$,S-1-5-18,,,,,,,,,C62843AF-A67C-11F1-9935-005056B98D90,,
2026-09-02T03:21:27.492633Z,4663,dc.scaffold.htb,Microsoft-Windows-Security-Auditing,Security,22590,0,"%%1537
				",0x10000,,,,,,,0x74,,,,,,,,,,,,,C:\Windows\Microsoft.NET\Framework\v4.0.30319\WPF\ReachFramework.dll,Security,File,,,,0x166c,C:\Windows\System32\poqexec.exe,,S:AI,,SCAFFOLD,0x3e7,DC$,S-1-5-18,,,,,,,,,,,
2026-09-02T03:21:27.492657Z,4660,dc.scaffold.htb,Microsoft-Windows-Security-Auditing,Security,22591,0,,,,,,,,,0x74,,,,,,,,,,,,,,Security,,,,,0x166c,C:\Windows\System32\poqexec.exe,,,,SCAFFOLD,0x3e7,DC$,S-1-5-18,,,,,,,,,C62843AF-A67C-11F1-9935-005056B98D90,,
2026-09-02T03:21:27.493689Z,4663,dc.scaffold.htb,Microsoft-Windows-Security-Auditing,Security,22592,0,"%%1537
				",0x10000,,,,,,,0x74,,,,,,,,,,,,,C:\Windows\Microsoft.NET\Framework\v4.0.30319\WPF\System.Printing.dll,Security,File,,,,0x166c,C:\Windows\System32\poqexec.exe,,S:AI,,SCAFFOLD,0x3e7,DC$,S-1-5-18,,,,,,,,,,,
2026-09-02T03:21:27.493742Z,4660,dc.scaffold.htb,Microsoft-Windows-Security-Auditing,Security,22593,0,,,,,,,,,0x74,,,,,,,,,,,,,,Security,,,,,0x166c,C:\Windows\System32\poqexec.exe,,,,SCAFFOLD,0x3e7,DC$,S-1-5-18,,,,,,,,,C62843AF-A67C-11F1-9935-005056B98D90,,
2026-09-02T03:21:27.494750Z,4663,dc.scaffold.htb,Microsoft-Windows-Security-Auditing,Security,22594,0,"%%1537
				",0x10000,,,,,,,0x74,,,,,,,,,,,,,C:\Windows\Microsoft.NET\Framework\v4.0.30319\WPF\System.Windows.Controls.Ribbon.dll,Security,File,,,,0x166c,C:\Windows\System32\poqexec.exe,,S:AI,,SCAFFOLD,0x3e7,DC$,S-1-5-18,,,,,,,,,,,
2026-09-02T03:21:27.494765Z,4660,dc.scaffold.htb,Microsoft-Windows-Security-Auditing,Security,22595,0,,,,,,,,,0x74,,,,,,,,,,,,,,Security,,,,,0x166c,C:\Windows\System32\poqexec.exe,,,,SCAFFOLD,0x3e7,DC$,S-1-5-18,,,,,,,,,C62843AF-A67C-11F1-9935-005056B98D90,,
2026-09-02T03:21:27.495747Z,4663,dc.scaffold.htb,Microsoft-Windows-Security-Auditing,Security,22596,0,"%%1537
				",0x10000,,,,,,,0x74,,,,,,,,,,,,,C:\Windows\Microsoft.NET\Framework\v4.0.30319\WPF\UIAutomationClient.dll,Security,File,,,,0x166c,C:\Windows\System32\poqexec.exe,,S:AI,,SCAFFOLD,0x3e7,DC$,S-1-5-18,,,,,,,,,,,
2026-09-02T03:21:27.495760Z,4660,dc.scaffold.htb,Microsoft-Windows-Security-Auditing,Security,22597,0,,,,,,,,,0x74,,,,,,,,,,,,,,Security,,,,,0x166c,C:\Windows\System32\poqexec.exe,,,,SCAFFOLD,0x3e7,DC$,S-1-5-18,,,,,,,,,C62843AF-A67C-11F1-9935-005056B98D90,,
2026-09-02T03:21:27.496760Z,4663,dc.scaffold.htb,Microsoft-Windows-Security-Auditing,Security,22598,0,"%%1537
				",0x10000,,,,,,,0x74,,,,,,,,,,,,,C:\Windows\Microsoft.NET\Framework\v4.0.30319\WPF\UIAutomationClientsideProviders.dll,Security,File,,,,0x166c,C:\Windows\System32\poqexec.exe,,S:AI,,SCAFFOLD,0x3e7,DC$,S-1-5-18,,,,,,,,,,,
2026-09-02T03:21:27.496763Z,4660,dc.scaffold.htb,Microsoft-Windows-Security-Auditing,Security,22599,0,,,,,,,,,0x74,,,,,,,,,,,,,,Security,,,,,0x166c,C:\Windows\System32\poqexec.exe,,,,SCAFFOLD,0x3e7,DC$,S-1-5-18,,,,,,,,,C62843AF-A67C-11F1-9935-005056B98D90,,
2026-09-02T03:21:27.497709Z,4663,dc.scaffold.htb,Microsoft-Windows-Security-Auditing,Security,22600,0,"%%1537
				",0x10000,,,,,,,0x74,,,,,,,,,,,,,C:\Windows\Microsoft.NET\Framework\v4.0.30319\WPF\UIAutomationProvider.dll,Security,File,,,,0x166c,C:\Windows\System32\poqexec.exe,,S:AI,,SCAFFOLD,0x3e7,DC$,S-1-5-18,,,,,,,,,,,
2026-09-02T03:21:27.497722Z,4660,dc.scaffold.htb,Microsoft-Windows-Security-Auditing,Security,22601,0,,,,,,,,,0x74,,,,,,,,,,,,,,Security,,,,,0x166c,C:\Windows\System32\poqexec.exe,,,,SCAFFOLD,0x3e7,DC$,S-1-5-18,,,,,,,,,C62843AF-A67C-11F1-9935-005056B98D90,,
2026-09-02T03:21:27.498670Z,4663,dc.scaffold.htb,Microsoft-Windows-Security-Auditing,Security,22602,0,"%%1537
				",0x10000,,,,,,,0x74,,,,,,,,,,,,,C:\Windows\Microsoft.NET\Framework\v4.0.30319\WPF\UIAutomationTypes.dll,Security,File,,,,0x166c,C:\Windows\System32\poqexec.exe,,S:AI,,SCAFFOLD,0x3e7,DC$,S-1-5-18,,,,,,,,,,,
2026-09-02T03:21:27.498673Z,4660,dc.scaffold.htb,Microsoft-Windows-Security-Auditing,Security,22603,0,,,,,,,,,0x74,,,,,,,,,,,,,,Security,,,,,0x166c,C:\Windows\System32\poqexec.exe,,,,SCAFFOLD,0x3e7,DC$,S-1-5-18,,,,,,,,,C62843AF-A67C-11F1-9935-005056B98D90,,
2026-09-02T03:21:27.499587Z,4663,dc.scaffold.htb,Microsoft-Windows-Security-Auditing,Security,22604,0,"%%1537
				",0x10000,,,,,,,0x74,,,,,,,,,,,,,C:\Windows\Microsoft.NET\Framework\v4.0.30319\WPF\WindowsBase.dll,Security,File,,,,0x166c,C:\Windows\System32\poqexec.exe,,S:AI,,SCAFFOLD,0x3e7,DC$,S-1-5-18,,,,,,,,,,,
2026-09-02T03:21:27.499591Z,4660,dc.scaffold.htb,Microsoft-Windows-Security-Auditing,Security,22605,0,,,,,,,,,0x74,,,,,,,,,,,,,,Security,,,,,0x166c,C:\Windows\System32\poqexec.exe,,,,SCAFFOLD,0x3e7,DC$,S-1-5-18,,,,,,,,,C62843AF-A67C-11F1-9935-005056B98D90,,
2026-09-02T03:21:27.500549Z,4663,dc.scaffold.htb,Microsoft-Windows-Security-Auditing,Security,22606,0,"%%1537
				",0x10000,,,,,,,0x74,,,,,,,,,,,,,C:\Windows\Microsoft.NET\Framework\v4.0.30319\WPF\WindowsFormsIntegration.dll,Security,File,,,,0x166c,C:\Windows\System32\poqexec.exe,,S:AI,,SCAFFOLD,0x3e7,DC$,S-1-5-18,,,,,,,,,,,
2026-09-02T03:21:27.500553Z,4660,dc.scaffold.htb,Microsoft-Windows-Security-Auditing,Security,22607,0,,,,,,,,,0x74,,,,,,,,,,,,,,Security,,,,,0x166c,C:\Windows\System32\poqexec.exe,,,,SCAFFOLD,0x3e7,DC$,S-1-5-18,,,,,,,,,C62843AF-A67C-11F1-9935-005056B98D90,,
2026-09-02T03:21:27.501598Z,4663,dc.scaffold.htb,Microsoft-Windows-Security-Auditing,Security,22608,0,"%%1537
				",0x10000,,,,,,,0x74,,,,,,,,,,,,,C:\Windows\Microsoft.NET\Framework\v4.0.30319\WPF\wpfgfx_v0400.dll,Security,File,,,,0x166c,C:\Windows\System32\poqexec.exe,,S:AI,,SCAFFOLD,0x3e7,DC$,S-1-5-18,,,,,,,,,,,
2026-09-02T03:21:27.501685Z,4660,dc.scaffold.htb,Microsoft-Windows-Security-Auditing,Security,22609,0,,,,,,,,,0x74,,,,,,,,,,,,,,Security,,,,,0x166c,C:\Windows\System32\poqexec.exe,,,,SCAFFOLD,0x3e7,DC$,S-1-5-18,,,,,,,,,C62843AF-A67C-11F1-9935-005056B98D90,,
2026-09-02T03:21:27.502693Z,4663,dc.scaffold.htb,Microsoft-Windows-Security-Auditing,Security,22610,0,"%%1537
				",0x10000,,,,,,,0x74,,,,,,,,,,,,,C:\Windows\Microsoft.NET\Framework\v4.0.30319\WPF\en-US\PresentationHost_v0400.dll.mui,Security,File,,,,0x166c,C:\Windows\System32\poqexec.exe,,S:AI,,SCAFFOLD,0x3e7,DC$,S-1-5-18,,,,,,,,,,,
2026-09-02T03:21:27.502744Z,4660,dc.scaffold.htb,Microsoft-Windows-Security-Auditing,Security,22611,0,,,,,,,,,0x74,,,,,,,,,,,,,,Security,,,,,0x166c,C:\Windows\System32\poqexec.exe,,,,SCAFFOLD,0x3e7,DC$,S-1-5-18,,,,,,,,,C62843AF-A67C-11F1-9935-005056B98D90,,
2026-09-02T03:21:27.503915Z,4663,dc.scaffold.htb,Microsoft-Windows-Security-Auditing,Security,22612,0,"%%1537
				",0x10000,,,,,,,0x74,,,,,,,,,,,,,C:\Windows\Microsoft.NET\Framework\v4.0.30319\WPF\Fonts\GlobalUserInterface.CompositeFont,Security,File,,,,0x166c,C:\Windows\System32\poqexec.exe,,S:AI,,SCAFFOLD,0x3e7,DC$,S-1-5-18,,,,,,,,,,,
2026-09-02T03:21:27.503979Z,4660,dc.scaffold.htb,Microsoft-Windows-Security-Auditing,Security,22613,0,,,,,,,,,0x74,,,,,,,,,,,,,,Security,,,,,0x166c,C:\Windows\System32\poqexec.exe,,,,SCAFFOLD,0x3e7,DC$,S-1-5-18,,,,,,,,,C62843AF-A67C-11F1-9935-005056B98D90,,
2026-09-02T03:21:27.505193Z,4663,dc.scaffold.htb,Microsoft-Windows-Security-Auditing,Security,22614,0,"%%1537
				",0x10000,,,,,,,0x88,,,,,,,,,,,,,C:\Windows\Microsoft.NET\Framework64\v4.0.30319\Aspnet_perf.dll,Security,File,,,,0x166c,C:\Windows\System32\poqexec.exe,,S:AI,,SCAFFOLD,0x3e7,DC$,S-1-5-18,,,,,,,,,,,
2026-09-02T03:21:27.519885Z,4663,dc.scaffold.htb,Microsoft-Windows-Security-Auditing,Security,22615,0,"%%1537
				",0x10000,,,,,,,0x74,,,,,,,,,,,,,C:\Windows\Microsoft.NET\Framework64\v4.0.30319\aspnet_regbrowsers.exe,Security,File,,,,0x166c,C:\Windows\System32\poqexec.exe,,S:AI,,SCAFFOLD,0x3e7,DC$,S-1-5-18,,,,,,,,,,,
2026-09-02T03:21:27.521301Z,4660,dc.scaffold.htb,Microsoft-Windows-Security-Auditing,Security,22616,0,,,,,,,,,0x74,,,,,,,,,,,,,,Security,,,,,0x166c,C:\Windows\System32\poqexec.exe,,,,SCAFFOLD,0x3e7,DC$,S-1-5-18,,,,,,,,,C62843AF-A67C-11F1-9935-005056B98D90,,
2026-09-02T03:21:27.523843Z,4663,dc.scaffold.htb,Microsoft-Windows-Security-Auditing,Security,22617,0,"%%1537
				",0x10000,,,,,,,0x74,,,,,,,,,,,,,C:\Windows\Microsoft.NET\Framework64\v4.0.30319\aspnet_regiis.exe,Security,File,,,,0x166c,C:\Windows\System32\poqexec.exe,,S:AI,,SCAFFOLD,0x3e7,DC$,S-1-5-18,,,,,,,,,,,
2026-09-02T03:21:27.525573Z,4660,dc.scaffold.htb,Microsoft-Windows-Security-Auditing,Security,22618,0,,,,,,,,,0x74,,,,,,,,,,,,,,Security,,,,,0x166c,C:\Windows\System32\poqexec.exe,,,,SCAFFOLD,0x3e7,DC$,S-1-5-18,,,,,,,,,C62843AF-A67C-11F1-9935-005056B98D90,,
2026-09-02T03:21:27.528504Z,4663,dc.scaffold.htb,Microsoft-Windows-Security-Auditing,Security,22619,0,"%%1537
				",0x10000,,,,,,,0x74,,,,,,,,,,,,,C:\Windows\Microsoft.NET\Framework64\v4.0.30319\aspnet_regsql.exe,Security,File,,,,0x166c,C:\Windows\System32\poqexec.exe,,S:AI,,SCAFFOLD,0x3e7,DC$,S-1-5-18,,,,,,,,,,,
2026-09-02T03:21:27.528972Z,4660,dc.scaffold.htb,Microsoft-Windows-Security-Auditing,Security,22620,0,,,,,,,,,0x74,,,,,,,,,,,,,,Security,,,,,0x166c,C:\Windows\System32\poqexec.exe,,,,SCAFFOLD,0x3e7,DC$,S-1-5-18,,,,,,,,,C62843AF-A67C-11F1-9935-005056B98D90,,
2026-09-02T03:21:27.531933Z,4663,dc.scaffold.htb,Microsoft-Windows-Security-Auditing,Security,22621,0,"%%1537
				",0x10000,,,,,,,0x74,,,,,,,,,,,,,C:\Windows\Microsoft.NET\Framework64\v4.0.30319\aspnet_wp.exe,Security,File,,,,0x166c,C:\Windows\System32\poqexec.exe,,S:AI,,SCAFFOLD,0x3e7,DC$,S-1-5-18,,,,,,,,,,,
2026-09-02T03:21:27.532915Z,4660,dc.scaffold.htb,Microsoft-Windows-Security-Auditing,Security,22622,0,,,,,,,,,0x74,,,,,,,,,,,,,,Security,,,,,0x166c,C:\Windows\System32\poqexec.exe,,,,SCAFFOLD,0x3e7,DC$,S-1-5-18,,,,,,,,,C62843AF-A67C-11F1-9935-005056B98D90,,
2026-09-02T03:21:27.534557Z,4663,dc.scaffold.htb,Microsoft-Windows-Security-Auditing,Security,22623,0,"%%1537
				",0x10000,,,,,,,0x88,,,,,,,,,,,,,C:\Windows\Microsoft.NET\Framework64\v4.0.30319\clr.dll,Security,File,,,,0x166c,C:\Windows\System32\poqexec.exe,,S:AI,,SCAFFOLD,0x3e7,DC$,S-1-5-18,,,,,,,,,,,
2026-09-02T03:21:27.538609Z,4663,dc.scaffold.htb,Microsoft-Windows-Security-Auditing,Security,22624,0,"%%1537
				",0x10000,,,,,,,0x74,,,,,,,,,,,,,C:\Windows\Microsoft.NET\Framework64\v4.0.30319\clrcompression.dll,Security,File,,,,0x166c,C:\Windows\System32\poqexec.exe,,S:AI,,SCAFFOLD,0x3e7,DC$,S-1-5-18,,,,,,,,,,,
2026-09-02T03:21:27.541081Z,4660,dc.scaffold.htb,Microsoft-Windows-Security-Auditing,Security,22625,0,,,,,,,,,0x74,,,,,,,,,,,,,,Security,,,,,0x166c,C:\Windows\System32\poqexec.exe,,,,SCAFFOLD,0x3e7,DC$,S-1-5-18,,,,,,,,,C62843AF-A67C-11F1-9935-005056B98D90,,
2026-09-02T03:21:27.545738Z,4663,dc.scaffold.htb,Microsoft-Windows-Security-Auditing,Security,22626,0,"%%1537
				",0x10000,,,,,,,0x88,,,,,,,,,,,,,C:\Windows\Microsoft.NET\Framework64\v4.0.30319\clrjit.dll,Security,File,,,,0x166c,C:\Windows\System32\poqexec.exe,,S:AI,,SCAFFOLD,0x3e7,DC$,S-1-5-18,,,,,,,,,,,
2026-09-02T03:21:27.553050Z,4663,dc.scaffold.htb,Microsoft-Windows-Security-Auditing,Security,22627,0,"%%1537
				",0x10000,,,,,,,0x74,,,,,,,,,,,,,C:\Windows\Microsoft.NET\Framework64\v4.0.30319\compatjit.dll,Security,File,,,,0x166c,C:\Windows\System32\poqexec.exe,,S:AI,,SCAFFOLD,0x3e7,DC$,S-1-5-18,,,,,,,,,,,
2026-09-02T03:21:27.553820Z,4660,dc.scaffold.htb,Microsoft-Windows-Security-Auditing,Security,22628,0,,,,,,,,,0x74,,,,,,,,,,,,,,Security,,,,,0x166c,C:\Windows\System32\poqexec.exe,,,,SCAFFOLD,0x3e7,DC$,S-1-5-18,,,,,,,,,C62843AF-A67C-11F1-9935-005056B98D90,,
2026-09-02T03:21:27.557224Z,4663,dc.scaffold.htb,Microsoft-Windows-Security-Auditing,Security,22629,0,"%%1537
				",0x10000,,,,,,,0x74,,,,,,,,,,,,,C:\Windows\Microsoft.NET\Framework64\v4.0.30319\dfdll.dll,Security,File,,,,0x166c,C:\Windows\System32\poqexec.exe,,S:AI,,SCAFFOLD,0x3e7,DC$,S-1-5-18,,,,,,,,,,,
2026-09-02T03:21:27.557906Z,4660,dc.scaffold.htb,Microsoft-Windows-Security-Auditing,Security,22630,0,,,,,,,,,0x74,,,,,,,,,,,,,,Security,,,,,0x166c,C:\Windows\System32\poqexec.exe,,,,SCAFFOLD,0x3e7,DC$,S-1-5-18,,,,,,,,,C62843AF-A67C-11F1-9935-005056B98D90,,
2026-09-02T03:21:27.563142Z,4663,dc.scaffold.htb,Microsoft-Windows-Security-Auditing,Security,22631,0,"%%1537
				",0x10000,,,,,,,0x88,,,,,,,,,,,,,C:\Windows\Microsoft.NET\Framework64\v4.0.30319\diasymreader.dll,Security,File,,,,0x166c,C:\Windows\System32\poqexec.exe,,S:AI,,SCAFFOLD,0x3e7,DC$,S-1-5-18,,,,,,,,,,,
2026-09-02T03:21:27.571478Z,4663,dc.scaffold.htb,Microsoft-Windows-Security-Auditing,Security,22632,0,"%%1537
				",0x10000,,,,,,,0x74,,,,,,,,,,,,,C:\Windows\Microsoft.NET\Framework64\v4.0.30319\mscordacwks.dll,Security,File,,,,0x166c,C:\Windows\System32\poqexec.exe,,S:AI,,SCAFFOLD,0x3e7,DC$,S-1-5-18,,,,,,,,,,,
2026-09-02T03:21:27.572794Z,4660,dc.scaffold.htb,Microsoft-Windows-Security-Auditing,Security,22633,0,,,,,,,,,0x74,,,,,,,,,,,,,,Security,,,,,0x166c,C:\Windows\System32\poqexec.exe,,,,SCAFFOLD,0x3e7,DC$,S-1-5-18,,,,,,,,,C62843AF-A67C-11F1-9935-005056B98D90,,
2026-09-02T03:21:27.579430Z,4663,dc.scaffold.htb,Microsoft-Windows-Security-Auditing,Security,22634,0,"%%1537
				",0x10000,,,,,,,0x74,,,,,,,,,,,,,C:\Windows\Microsoft.NET\Framework64\v4.0.30319\mscordbi.dll,Security,File,,,,0x166c,C:\Windows\System32\poqexec.exe,,S:AI,,SCAFFOLD,0x3e7,DC$,S-1-5-18,,,,,,,,,,,
2026-09-02T03:21:27.580092Z,4660,dc.scaffold.htb,Microsoft-Windows-Security-Auditing,Security,22635,0,,,,,,,,,0x74,,,,,,,,,,,,,,Security,,,,,0x166c,C:\Windows\System32\poqexec.exe,,,,SCAFFOLD,0x3e7,DC$,S-1-5-18,,,,,,,,,C62843AF-A67C-11F1-9935-005056B98D90,,
2026-09-02T03:21:27.585615Z,4663,dc.scaffold.htb,Microsoft-Windows-Security-Auditing,Security,22636,0,"%%1537
				",0x10000,,,,,,,0x74,,,,,,,,,,,,,C:\Windows\Microsoft.NET\Framework64\v4.0.30319\mscorlib.dll,Security,File,,,,0x166c,C:\Windows\System32\poqexec.exe,,S:AI,,SCAFFOLD,0x3e7,DC$,S-1-5-18,,,,,,,,,,,
2026-09-02T03:21:27.586302Z,4660,dc.scaffold.htb,Microsoft-Windows-Security-Auditing,Security,22637,0,,,,,,,,,0x74,,,,,,,,,,,,,,Security,,,,,0x166c,C:\Windows\System32\poqexec.exe,,,,SCAFFOLD,0x3e7,DC$,S-1-5-18,,,,,,,,,C62843AF-A67C-11F1-9935-005056B98D90,,
2026-09-02T03:21:27.589917Z,4663,dc.scaffold.htb,Microsoft-Windows-Security-Auditing,Security,22638,0,"%%1537
				",0x10000,,,,,,,0x7c,,,,,,,,,,,,,C:\Windows\Microsoft.NET\Framework64\v4.0.30319\mscorpehost.dll,Security,File,,,,0x166c,C:\Windows\System32\poqexec.exe,,S:AI,,SCAFFOLD,0x3e7,DC$,S-1-5-18,,,,,,,,,,,
2026-09-02T03:21:27.591986Z,4660,dc.scaffold.htb,Microsoft-Windows-Security-Auditing,Security,22639,0,,,,,,,,,0x7c,,,,,,,,,,,,,,Security,,,,,0x166c,C:\Windows\System32\poqexec.exe,,,,SCAFFOLD,0x3e7,DC$,S-1-5-18,,,,,,,,,C62843AF-A67C-11F1-9935-005056B98D90,,
2026-09-02T03:21:27.598665Z,4663,dc.scaffold.htb,Microsoft-Windows-Security-Auditing,Security,22640,0,"%%1537
				",0x10000,,,,,,,0x7c,,,,,,,,,,,,,C:\Windows\Microsoft.NET\Framework64\v4.0.30319\mscorsvc.dll,Security,File,,,,0x166c,C:\Windows\System32\poqexec.exe,,S:AI,,SCAFFOLD,0x3e7,DC$,S-1-5-18,,,,,,,,,,,
2026-09-02T03:21:27.600099Z,4660,dc.scaffold.htb,Microsoft-Windows-Security-Auditing,Security,22641,0,,,,,,,,,0x7c,,,,,,,,,,,,,,Security,,,,,0x166c,C:\Windows\System32\poqexec.exe,,,,SCAFFOLD,0x3e7,DC$,S-1-5-18,,,,,,,,,C62843AF-A67C-11F1-9935-005056B98D90,,
2026-09-02T03:21:27.603131Z,4663,dc.scaffold.htb,Microsoft-Windows-Security-Auditing,Security,22642,0,"%%1537
				",0x10000,,,,,,,0x84,,,,,,,,,,,,,C:\Windows\Microsoft.NET\Framework64\v4.0.30319\mscorsvw.exe,Security,File,,,,0x166c,C:\Windows\System32\poqexec.exe,,S:AI,,SCAFFOLD,0x3e7,DC$,S-1-5-18,,,,,,,,,,,
2026-09-02T03:21:27.603598Z,4660,dc.scaffold.htb,Microsoft-Windows-Security-Auditing,Security,22643,0,,,,,,,,,0x84,,,,,,,,,,,,,,Security,,,,,0x166c,C:\Windows\System32\poqexec.exe,,,,SCAFFOLD,0x3e7,DC$,S-1-5-18,,,,,,,,,C62843AF-A67C-11F1-9935-005056B98D90,,
2026-09-02T03:21:27.607149Z,4663,dc.scaffold.htb,Microsoft-Windows-Security-Auditing,Security,22644,0,"%%1537
				",0x10000,,,,,,,0x84,,,,,,,,,,,,,C:\Windows\Microsoft.NET\Framework64\v4.0.30319\ngen.exe,Security,File,,,,0x166c,C:\Windows\System32\poqexec.exe,,S:AI,,SCAFFOLD,0x3e7,DC$,S-1-5-18,,,,,,,,,,,
2026-09-02T03:21:27.608432Z,4660,dc.scaffold.htb,Microsoft-Windows-Security-Auditing,Security,22645,0,,,,,,,,,0x84,,,,,,,,,,,,,,Security,,,,,0x166c,C:\Windows\System32\poqexec.exe,,,,SCAFFOLD,0x3e7,DC$,S-1-5-18,,,,,,,,,C62843AF-A67C-11F1-9935-005056B98D90,,
2026-09-02T03:21:27.610958Z,4663,dc.scaffold.htb,Microsoft-Windows-Security-Auditing,Security,22646,0,"%%1537
				",0x10000,,,,,,,0x84,,,,,,,,,,,,,C:\Windows\Microsoft.NET\Framework64\v4.0.30319\ngentask.exe,Security,File,,,,0x166c,C:\Windows\System32\poqexec.exe,,S:AI,,SCAFFOLD,0x3e7,DC$,S-1-5-18,,,,,,,,,,,
2026-09-02T03:21:27.611482Z,4660,dc.scaffold.htb,Microsoft-Windows-Security-Auditing,Security,22647,0,,,,,,,,,0x84,,,,,,,,,,,,,,Security,,,,,0x166c,C:\Windows\System32\poqexec.exe,,,,SCAFFOLD,0x3e7,DC$,S-1-5-18,,,,,,,,,C62843AF-A67C-11F1-9935-005056B98D90,,
2026-09-02T03:21:27.614125Z,4663,dc.scaffold.htb,Microsoft-Windows-Security-Auditing,Security,22648,0,"%%1537
				",0x10000,,,,,,,0x84,,,,,,,,,,,,,C:\Windows\Microsoft.NET\Framework64\v4.0.30319\peverify.dll,Security,File,,,,0x166c,C:\Windows\System32\poqexec.exe,,S:AI,,SCAFFOLD,0x3e7,DC$,S-1-5-18,,,,,,,,,,,
2026-09-02T03:21:27.615290Z,4660,dc.scaffold.htb,Microsoft-Windows-Security-Auditing,Security,22649,0,,,,,,,,,0x84,,,,,,,,,,,,,,Security,,,,,0x166c,C:\Windows\System32\poqexec.exe,,,,SCAFFOLD,0x3e7,DC$,S-1-5-18,,,,,,,,,C62843AF-A67C-11F1-9935-005056B98D90,,
2026-09-02T03:21:27.618491Z,4663,dc.scaffold.htb,Microsoft-Windows-Security-Auditing,Security,22650,0,"%%1537
				",0x10000,,,,,,,0x84,,,,,,,,,,,,,C:\Windows\Microsoft.NET\Framework64\v4.0.30319\ServiceMonikerSupport.dll,Security,File,,,,0x166c,C:\Windows\System32\poqexec.exe,,S:AI,,SCAFFOLD,0x3e7,DC$,S-1-5-18,,,,,,,,,,,
2026-09-02T03:21:27.620616Z,4660,dc.scaffold.htb,Microsoft-Windows-Security-Auditing,Security,22651,0,,,,,,,,,0x84,,,,,,,,,,,,,,Security,,,,,0x166c,C:\Windows\System32\poqexec.exe,,,,SCAFFOLD,0x3e7,DC$,S-1-5-18,,,,,,,,,C62843AF-A67C-11F1-9935-005056B98D90,,
2026-09-02T03:21:27.622160Z,4663,dc.scaffold.htb,Microsoft-Windows-Security-Auditing,Security,22652,0,"%%1537
				",0x10000,,,,,,,0x84,,,,,,,,,,,,,C:\Windows\Microsoft.NET\Framework64\v4.0.30319\SMDiagnostics.dll,Security,File,,,,0x166c,C:\Windows\System32\poqexec.exe,,S:AI,,SCAFFOLD,0x3e7,DC$,S-1-5-18,,,,,,,,,,,
2026-09-02T03:21:27.622164Z,4660,dc.scaffold.htb,Microsoft-Windows-Security-Auditing,Security,22653,0,,,,,,,,,0x84,,,,,,,,,,,,,,Security,,,,,0x166c,C:\Windows\System32\poqexec.exe,,,,SCAFFOLD,0x3e7,DC$,S-1-5-18,,,,,,,,,C62843AF-A67C-11F1-9935-005056B98D90,,
2026-09-02T03:21:27.622586Z,4664,dc.scaffold.htb,Microsoft-Windows-Security-Auditing,Security,22654,0,,,,,,,C:\Windows\WinSxS\amd64_smdiagnostics_b77a5c561934e089_4.0.15806.695_none_f1f1c5ed6f4b7274\SMDiagnostics.dll,,,,,,,C:\Windows\Microsoft.NET\Framework64\v4.0.30319\SMDiagnostics.dll,,,,,,,,,,,,,,,,,,,SCAFFOLD,0x3e7,DC$,S-1-5-18,,,,,,,,,C62843AF-A67C-11F1-9935-005056B98D90,,
2026-09-02T03:21:27.624086Z,4663,dc.scaffold.htb,Microsoft-Windows-Security-Auditing,Security,22655,0,"%%1537
				",0x10000,,,,,,,0x84,,,,,,,,,,,,,C:\Windows\Microsoft.NET\Framework64\v4.0.30319\SOS.dll,Security,File,,,,0x166c,C:\Windows\System32\poqexec.exe,,S:AI,,SCAFFOLD,0x3e7,DC$,S-1-5-18,,,,,,,,,,,
2026-09-02T03:21:27.625557Z,4660,dc.scaffold.htb,Microsoft-Windows-Security-Auditing,Security,22656,0,,,,,,,,,0x84,,,,,,,,,,,,,,Security,,,,,0x166c,C:\Windows\System32\poqexec.exe,,,,SCAFFOLD,0x3e7,DC$,S-1-5-18,,,,,,,,,C62843AF-A67C-11F1-9935-005056B98D90,,
2026-09-02T03:21:27.627021Z,4663,dc.scaffold.htb,Microsoft-Windows-Security-Auditing,Security,22657,0,"%%1537
				",0x10000,,,,,,,0x84,,,,,,,,,,,,,C:\Windows\Microsoft.NET\Framework64\v4.0.30319\System.Activities.dll,Security,File,,,,0x166c,C:\Windows\System32\poqexec.exe,,S:AI,,SCAFFOLD,0x3e7,DC$,S-1-5-18,,,,,,,,,,,
2026-09-02T03:21:27.628268Z,4660,dc.scaffold.htb,Microsoft-Windows-Security-Auditing,Security,22658,0,,,,,,,,,0x84,,,,,,,,,,,,,,Security,,,,,0x166c,C:\Windows\System32\poqexec.exe,,,,SCAFFOLD,0x3e7,DC$,S-1-5-18,,,,,,,,,C62843AF-A67C-11F1-9935-005056B98D90,,
2026-09-02T03:21:27.628709Z,4664,dc.scaffold.htb,Microsoft-Windows-Security-Auditing,Security,22659,0,,,,,,,C:\Windows\WinSxS\amd64_system.activities_31bf3856ad364e35_4.0.15806.695_none_a0f3dc3c21a1bc7e\System.Activities.dll,,,,,,,C:\Windows\Microsoft.NET\Framework64\v4.0.30319\System.Activities.dll,,,,,,,,,,,,,,,,,,,SCAFFOLD,0x3e7,DC$,S-1-5-18,,,,,,,,,C62843AF-A67C-11F1-9935-005056B98D90,,
2026-09-02T03:21:27.629010Z,4663,dc.scaffold.htb,Microsoft-Windows-Security-Auditing,Security,22660,0,"%%1537
				",0x10000,,,,,,,0x84,,,,,,,,,,,,,C:\Windows\Microsoft.NET\Framework64\v4.0.30319\System.Activities.Presentation.dll,Security,File,,,,0x166c,C:\Windows\System32\poqexec.exe,,S:AI,,SCAFFOLD,0x3e7,DC$,S-1-5-18,,,,,,,,,,,
2026-09-02T03:21:27.629596Z,4660,dc.scaffold.htb,Microsoft-Windows-Security-Auditing,Security,22661,0,,,,,,,,,0x84,,,,,,,,,,,,,,Security,,,,,0x166c,C:\Windows\System32\poqexec.exe,,,,SCAFFOLD,0x3e7,DC$,S-1-5-18,,,,,,,,,C62843AF-A67C-11F1-9935-005056B98D90,,
2026-09-02T03:21:27.630126Z,4664,dc.scaffold.htb,Microsoft-Windows-Security-Auditing,Security,22662,0,,,,,,,C:\Windows\WinSxS\amd64_system.activities.presentation_31bf3856ad364e35_4.0.15806.395_none_e39668963f46076d\System.Activities.Presentation.dll,,,,,,,C:\Windows\Microsoft.NET\Framework64\v4.0.30319\System.Activities.Presentation.dll,,,,,,,,,,,,,,,,,,,SCAFFOLD,0x3e7,DC$,S-1-5-18,,,,,,,,,C62843AF-A67C-11F1-9935-005056B98D90,,
2026-09-02T03:21:27.630546Z,4663,dc.scaffold.htb,Microsoft-Windows-Security-Auditing,Security,22663,0,"%%1537
				",0x10000,,,,,,,0x84,,,,,,,,,,,,,C:\Windows\Microsoft.NET\Framework64\v4.0.30319\System.Core.dll,Security,File,,,,0x166c,C:\Windows\System32\poqexec.exe,,S:AI,,SCAFFOLD,0x3e7,DC$,S-1-5-18,,,,,,,,,,,
2026-09-02T03:21:27.631755Z,4660,dc.scaffold.htb,Microsoft-Windows-Security-Auditing,Security,22664,0,,,,,,,,,0x84,,,,,,,,,,,,,,Security,,,,,0x166c,C:\Windows\System32\poqexec.exe,,,,SCAFFOLD,0x3e7,DC$,S-1-5-18,,,,,,,,,C62843AF-A67C-11F1-9935-005056B98D90,,
2026-09-02T03:21:27.632186Z,4664,dc.scaffold.htb,Microsoft-Windows-Security-Auditing,Security,22665,0,,,,,,,C:\Windows\WinSxS\amd64_system.core_b77a5c561934e089_4.0.15806.696_none_e75cf94873eca2af\System.Core.dll,,,,,,,C:\Windows\Microsoft.NET\Framework64\v4.0.30319\System.Core.dll,,,,,,,,,,,,,,,,,,,SCAFFOLD,0x3e7,DC$,S-1-5-18,,,,,,,,,C62843AF-A67C-11F1-9935-005056B98D90,,
2026-09-02T03:21:27.633306Z,4663,dc.scaffold.htb,Microsoft-Windows-Security-Auditing,Security,22666,0,"%%1537
				",0x10000,,,,,,,0x84,,,,,,,,,,,,,C:\Windows\Microsoft.NET\Framework64\v4.0.30319\System.Data.dll,Security,File,,,,0x166c,C:\Windows\System32\poqexec.exe,,S:AI,,SCAFFOLD,0x3e7,DC$,S-1-5-18,,,,,,,,,,,
2026-09-02T03:21:27.637396Z,4663,dc.scaffold.htb,Microsoft-Windows-Security-Auditing,Security,22667,0,"%%1537
				",0x10000,,,,,,,0x88,,,,,,,,,,,,,C:\Windows\Microsoft.NET\Framework64\v4.0.30319\System.Data.SqlXml.dll,Security,File,,,,0x166c,C:\Windows\System32\poqexec.exe,,S:AI,,SCAFFOLD,0x3e7,DC$,S-1-5-18,,,,,,,,,,,
2026-09-02T03:21:27.637887Z,4660,dc.scaffold.htb,Microsoft-Windows-Security-Auditing,Security,22668,0,,,,,,,,,0x88,,,,,,,,,,,,,,Security,,,,,0x166c,C:\Windows\System32\poqexec.exe,,,,SCAFFOLD,0x3e7,DC$,S-1-5-18,,,,,,,,,C62843AF-A67C-11F1-9935-005056B98D90,,
2026-09-02T03:21:27.639101Z,4664,dc.scaffold.htb,Microsoft-Windows-Security-Auditing,Security,22669,0,,,,,,,C:\Windows\WinSxS\amd64_system.data.sqlxml_b77a5c561934e089_4.0.15806.695_none_84d7ac4664490e88\System.Data.SqlXml.dll,,,,,,,C:\Windows\Microsoft.NET\Framework64\v4.0.30319\System.Data.SqlXml.dll,,,,,,,,,,,,,,,,,,,SCAFFOLD,0x3e7,DC$,S-1-5-18,,,,,,,,,C62843AF-A67C-11F1-9935-005056B98D90,,
2026-09-02T03:21:27.639436Z,4663,dc.scaffold.htb,Microsoft-Windows-Security-Auditing,Security,22670,0,"%%1537
				",0x10000,,,,,,,0x88,,,,,,,,,,,,,C:\Windows\Microsoft.NET\Framework64\v4.0.30319\System.Deployment.dll,Security,File,,,,0x166c,C:\Windows\System32\poqexec.exe,,S:AI,,SCAFFOLD,0x3e7,DC$,S-1-5-18,,,,,,,,,,,
2026-09-02T03:21:27.640668Z,4660,dc.scaffold.htb,Microsoft-Windows-Security-Auditing,Security,22671,0,,,,,,,,,0x88,,,,,,,,,,,,,,Security,,,,,0x166c,C:\Windows\System32\poqexec.exe,,,,SCAFFOLD,0x3e7,DC$,S-1-5-18,,,,,,,,,C62843AF-A67C-11F1-9935-005056B98D90,,
2026-09-02T03:21:27.641127Z,4664,dc.scaffold.htb,Microsoft-Windows-Security-Auditing,Security,22672,0,,,,,,,C:\Windows\WinSxS\amd64_system.deployment_b03f5f7f11d50a3a_4.0.15806.693_none_b3587dfbf03c4778\System.Deployment.dll,,,,,,,C:\Windows\Microsoft.NET\Framework64\v4.0.30319\System.Deployment.dll,,,,,,,,,,,,,,,,,,,SCAFFOLD,0x3e7,DC$,S-1-5-18,,,,,,,,,C62843AF-A67C-11F1-9935-005056B98D90,,
2026-09-02T03:21:27.641435Z,4663,dc.scaffold.htb,Microsoft-Windows-Security-Auditing,Security,22673,0,"%%1537
				",0x10000,,,,,,,0x88,,,,,,,,,,,,,C:\Windows\Microsoft.NET\Framework64\v4.0.30319\System.DirectoryServices.AccountManagement.dll,Security,File,,,,0x166c,C:\Windows\System32\poqexec.exe,,S:AI,,SCAFFOLD,0x3e7,DC$,S-1-5-18,,,,,,,,,,,
2026-09-02T03:21:27.642544Z,4660,dc.scaffold.htb,Microsoft-Windows-Security-Auditing,Security,22674,0,,,,,,,,,0x88,,,,,,,,,,,,,,Security,,,,,0x166c,C:\Windows\System32\poqexec.exe,,,,SCAFFOLD,0x3e7,DC$,S-1-5-18,,,,,,,,,C62843AF-A67C-11F1-9935-005056B98D90,,
2026-09-02T03:21:27.643156Z,4664,dc.scaffold.htb,Microsoft-Windows-Security-Auditing,Security,22675,0,,,,,,,C:\Windows\WinSxS\amd64_system.directoryser..s.accountmanagement_b77a5c561934e089_4.0.15806.655_none_66bc1fc460a6e55a\System.DirectoryServices.AccountManagement.dll,,,,,,,C:\Windows\Microsoft.NET\Framework64\v4.0.30319\System.DirectoryServices.AccountManagement.dll,,,,,,,,,,,,,,,,,,,SCAFFOLD,0x3e7,DC$,S-1-5-18,,,,,,,,,C62843AF-A67C-11F1-9935-005056B98D90,,
2026-09-02T03:21:27.643457Z,4663,dc.scaffold.htb,Microsoft-Windows-Security-Auditing,Security,22676,0,"%%1537
				",0x10000,,,,,,,0x88,,,,,,,,,,,,,C:\Windows\Microsoft.NET\Framework64\v4.0.30319\System.DirectoryServices.dll,Security,File,,,,0x166c,C:\Windows\System32\poqexec.exe,,S:AI,,SCAFFOLD,0x3e7,DC$,S-1-5-18,,,,,,,,,,,
2026-09-02T03:21:27.645587Z,4660,dc.scaffold.htb,Microsoft-Windows-Security-Auditing,Security,22677,0,,,,,,,,,0x88,,,,,,,,,,,,,,Security,,,,,0x166c,C:\Windows\System32\poqexec.exe,,,,SCAFFOLD,0x3e7,DC$,S-1-5-18,,,,,,,,,C62843AF-A67C-11F1-9935-005056B98D90,,
