2026-09-02T03:21:27.377643Z,4663,dc.scaffold.htb,Microsoft-Windows-Security-Auditing,Security,22344,0,"%%4417
				",0x2,,,,,,,0x2470,,,,,,,,,,,,,C:\Windows\WinSxS\FileMaps,Security,File,,,,0x166c,C:\Windows\System32\poqexec.exe,,S:AI,,SCAFFOLD,0x3e7,DC$,S-1-5-18,,,,,,,,,,,
2026-09-02T03:21:27.377955Z,4663,dc.scaffold.htb,Microsoft-Windows-Security-Auditing,Security,22345,0,"%%1538
				",0x20000,,,,,,,0x84,,,,,,,,,,,,,C:\Windows\WinSxS\FileMaps,Security,File,,,,0x166c,C:\Windows\System32\poqexec.exe,,S:AI,,SCAFFOLD,0x3e7,DC$,S-1-5-18,,,,,,,,,,,
2026-09-02T03:21:27.378161Z,4663,dc.scaffold.htb,Microsoft-Windows-Security-Auditing,Security,22346,0,"%%1538
				",0x20000,,,,,,,0x84,,,,,,,,,,,,,C:\Windows\WinSxS\FileMaps,Security,File,,,,0x166c,C:\Windows\System32\poqexec.exe,,S:AI,,SCAFFOLD,0x3e7,DC$,S-1-5-18,,,,,,,,,,,
2026-09-02T03:21:27.378543Z,4663,dc.scaffold.htb,Microsoft-Windows-Security-Auditing,Security,22347,0,"%%1537
				",0x10000,,,,,,,0x74,,,,,,,,,,,,,C:\Windows\WinSxS\FileMaps\$$_microsoft.net_assembly_gac_msil_system.activities.presentation_v4.0_4.0.0.0_31bf3856ad364e35_3c5a73e0ef416e18.cdf-ms,Security,File,,,,0x166c,C:\Windows\System32\poqexec.exe,,S:AI,,SCAFFOLD,0x3e7,DC$,S-1-5-18,,,,,,,,,,,
2026-09-02T03:21:27.378550Z,4660,dc.scaffold.htb,Microsoft-Windows-Security-Auditing,Security,22348,0,,,,,,,,,0x74,,,,,,,,,,,,,,Security,,,,,0x166c,C:\Windows\System32\poqexec.exe,,,,SCAFFOLD,0x3e7,DC$,S-1-5-18,,,,,,,,,C62843AF-A67C-11F1-9935-005056B98D90,,
2026-09-02T03:21:27.378943Z,4663,dc.scaffold.htb,Microsoft-Windows-Security-Auditing,Security,22349,0,"%%4417
				",0x2,,,,,,,0x246c,,,,,,,,,,,,,C:\Windows\WinSxS\FileMaps,Security,File,,,,0x166c,C:\Windows\System32\poqexec.exe,,S:AI,,SCAFFOLD,0x3e7,DC$,S-1-5-18,,,,,,,,,,,
2026-09-02T03:21:27.379428Z,4663,dc.scaffold.htb,Microsoft-Windows-Security-Auditing,Security,22350,0,"%%1538
				",0x20000,,,,,,,0x80,,,,,,,,,,,,,C:\Windows\WinSxS\FileMaps,Security,File,,,,0x166c,C:\Windows\System32\poqexec.exe,,S:AI,,SCAFFOLD,0x3e7,DC$,S-1-5-18,,,,,,,,,,,
2026-09-02T03:21:27.379672Z,4663,dc.scaffold.htb,Microsoft-Windows-Security-Auditing,Security,22351,0,"%%1538
				",0x20000,,,,,,,0x80,,,,,,,,,,,,,C:\Windows\WinSxS\FileMaps,Security,File,,,,0x166c,C:\Windows\System32\poqexec.exe,,S:AI,,SCAFFOLD,0x3e7,DC$,S-1-5-18,,,,,,,,,,,
2026-09-02T03:21:27.380039Z,4663,dc.scaffold.htb,Microsoft-Windows-Security-Auditing,Security,22352,0,"%%1537
				",0x10000,,,,,,,0x74,,,,,,,,,,,,,C:\Windows\WinSxS\FileMaps\$$_microsoft.net_assembly_gac_msil_system.activities_v4.0_4.0.0.0_31bf3856ad364e35_bdef15cb807505c8.cdf-ms,Security,File,,,,0x166c,C:\Windows\System32\poqexec.exe,,S:AI,,SCAFFOLD,0x3e7,DC$,S-1-5-18,,,,,,,,,,,
2026-09-02T03:21:27.380043Z,4660,dc.scaffold.htb,Microsoft-Windows-Security-Auditing,Security,22353,0,,,,,,,,,0x74,,,,,,,,,,,,,,Security,,,,,0x166c,C:\Windows\System32\poqexec.exe,,,,SCAFFOLD,0x3e7,DC$,S-1-5-18,,,,,,,,,C62843AF-A67C-11F1-9935-005056B98D90,,
2026-09-02T03:21:27.380491Z,4663,dc.scaffold.htb,Microsoft-Windows-Security-Auditing,Security,22354,0,"%%4417
				",0x2,,,,,,,0x246c,,,,,,,,,,,,,C:\Windows\WinSxS\FileMaps,Security,File,,,,0x166c,C:\Windows\System32\poqexec.exe,,S:AI,,SCAFFOLD,0x3e7,DC$,S-1-5-18,,,,,,,,,,,
2026-09-02T03:21:27.380855Z,4663,dc.scaffold.htb,Microsoft-Windows-Security-Auditing,Security,22355,0,"%%1538
				",0x20000,,,,,,,0x80,,,,,,,,,,,,,C:\Windows\WinSxS\FileMaps,Security,File,,,,0x166c,C:\Windows\System32\poqexec.exe,,S:AI,,SCAFFOLD,0x3e7,DC$,S-1-5-18,,,,,,,,,,,
2026-09-02T03:21:27.381108Z,4663,dc.scaffold.htb,Microsoft-Windows-Security-Auditing,Security,22356,0,"%%1538
				",0x20000,,,,,,,0x80,,,,,,,,,,,,,C:\Windows\WinSxS\FileMaps,Security,File,,,,0x166c,C:\Windows\System32\poqexec.exe,,S:AI,,SCAFFOLD,0x3e7,DC$,S-1-5-18,,,,,,,,,,,
2026-09-02T03:21:27.381424Z,4663,dc.scaffold.htb,Microsoft-Windows-Security-Auditing,Security,22357,0,"%%1537
				",0x10000,,,,,,,0x74,,,,,,,,,,,,,C:\Windows\WinSxS\FileMaps\$$_microsoft.net_assembly_gac_msil_system_v4.0_4.0.0.0_b77a5c561934e089_4348a29e5981af79.cdf-ms,Security,File,,,,0x166c,C:\Windows\System32\poqexec.exe,,S:AI,,SCAFFOLD,0x3e7,DC$,S-1-5-18,,,,,,,,,,,
2026-09-02T03:21:27.381428Z,4660,dc.scaffold.htb,Microsoft-Windows-Security-Auditing,Security,22358,0,,,,,,,,,0x74,,,,,,,,,,,,,,Security,,,,,0x166c,C:\Windows\System32\poqexec.exe,,,,SCAFFOLD,0x3e7,DC$,S-1-5-18,,,,,,,,,C62843AF-A67C-11F1-9935-005056B98D90,,
2026-09-02T03:21:27.381774Z,4663,dc.scaffold.htb,Microsoft-Windows-Security-Auditing,Security,22359,0,"%%4417
				",0x2,,,,,,,0x246c,,,,,,,,,,,,,C:\Windows\WinSxS\FileMaps,Security,File,,,,0x166c,C:\Windows\System32\poqexec.exe,,S:AI,,SCAFFOLD,0x3e7,DC$,S-1-5-18,,,,,,,,,,,
2026-09-02T03:21:27.382110Z,4663,dc.scaffold.htb,Microsoft-Windows-Security-Auditing,Security,22360,0,"%%1538
				",0x20000,,,,,,,0x80,,,,,,,,,,,,,C:\Windows\WinSxS\FileMaps,Security,File,,,,0x166c,C:\Windows\System32\poqexec.exe,,S:AI,,SCAFFOLD,0x3e7,DC$,S-1-5-18,,,,,,,,,,,
2026-09-02T03:21:27.382319Z,4663,dc.scaffold.htb,Microsoft-Windows-Security-Auditing,Security,22361,0,"%%1538
				",0x20000,,,,,,,0x80,,,,,,,,,,,,,C:\Windows\WinSxS\FileMaps,Security,File,,,,0x166c,C:\Windows\System32\poqexec.exe,,S:AI,,SCAFFOLD,0x3e7,DC$,S-1-5-18,,,,,,,,,,,
2026-09-02T03:21:27.382631Z,4663,dc.scaffold.htb,Microsoft-Windows-Security-Auditing,Security,22362,0,"%%1537
				",0x10000,,,,,,,0x74,,,,,,,,,,,,,C:\Windows\WinSxS\FileMaps\$$_microsoft.net_assembly_gac_msil_smdiagnostics_v4.0_4.0.0.0_b77a5c561934e089_8a46d250f4d4a9d0.cdf-ms,Security,File,,,,0x166c,C:\Windows\System32\poqexec.exe,,S:AI,,SCAFFOLD,0x3e7,DC$,S-1-5-18,,,,,,,,,,,
2026-09-02T03:21:27.382636Z,4660,dc.scaffold.htb,Microsoft-Windows-Security-Auditing,Security,22363,0,,,,,,,,,0x74,,,,,,,,,,,,,,Security,,,,,0x166c,C:\Windows\System32\poqexec.exe,,,,SCAFFOLD,0x3e7,DC$,S-1-5-18,,,,,,,,,C62843AF-A67C-11F1-9935-005056B98D90,,
2026-09-02T03:21:27.382985Z,4663,dc.scaffold.htb,Microsoft-Windows-Security-Auditing,Security,22364,0,"%%4417
				",0x2,,,,,,,0x246c,,,,,,,,,,,,,C:\Windows\WinSxS\FileMaps,Security,File,,,,0x166c,C:\Windows\System32\poqexec.exe,,S:AI,,SCAFFOLD,0x3e7,DC$,S-1-5-18,,,,,,,,,,,
2026-09-02T03:21:27.383731Z,4663,dc.scaffold.htb,Microsoft-Windows-Security-Auditing,Security,22365,0,"%%1538
				",0x20000,,,,,,,0x80,,,,,,,,,,,,,C:\Windows\WinSxS\FileMaps,Security,File,,,,0x166c,C:\Windows\System32\poqexec.exe,,S:AI,,SCAFFOLD,0x3e7,DC$,S-1-5-18,,,,,,,,,,,
2026-09-02T03:21:27.383999Z,4663,dc.scaffold.htb,Microsoft-Windows-Security-Auditing,Security,22366,0,"%%1538
				",0x20000,,,,,,,0x80,,,,,,,,,,,,,C:\Windows\WinSxS\FileMaps,Security,File,,,,0x166c,C:\Windows\System32\poqexec.exe,,S:AI,,SCAFFOLD,0x3e7,DC$,S-1-5-18,,,,,,,,,,,
2026-09-02T03:21:27.384320Z,4663,dc.scaffold.htb,Microsoft-Windows-Security-Auditing,Security,22367,0,"%%1537
				",0x10000,,,,,,,0x74,,,,,,,,,,,,,C:\Windows\WinSxS\FileMaps\$$_microsoft.net_assembly_gac_msil_reachframework_v4.0_4.0.0.0_31bf3856ad364e35_72298e36fcd01f69.cdf-ms,Security,File,,,,0x166c,C:\Windows\System32\poqexec.exe,,S:AI,,SCAFFOLD,0x3e7,DC$,S-1-5-18,,,,,,,,,,,
2026-09-02T03:21:27.384341Z,4660,dc.scaffold.htb,Microsoft-Windows-Security-Auditing,Security,22368,0,,,,,,,,,0x74,,,,,,,,,,,,,,Security,,,,,0x166c,C:\Windows\System32\poqexec.exe,,,,SCAFFOLD,0x3e7,DC$,S-1-5-18,,,,,,,,,C62843AF-A67C-11F1-9935-005056B98D90,,
2026-09-02T03:21:27.384819Z,4663,dc.scaffold.htb,Microsoft-Windows-Security-Auditing,Security,22369,0,"%%4417
				",0x2,,,,,,,0x246c,,,,,,,,,,,,,C:\Windows\WinSxS\FileMaps,Security,File,,,,0x166c,C:\Windows\System32\poqexec.exe,,S:AI,,SCAFFOLD,0x3e7,DC$,S-1-5-18,,,,,,,,,,,
2026-09-02T03:21:27.385160Z,4663,dc.scaffold.htb,Microsoft-Windows-Security-Auditing,Security,22370,0,"%%1538
				",0x20000,,,,,,,0x84,,,,,,,,,,,,,C:\Windows\WinSxS\FileMaps,Security,File,,,,0x166c,C:\Windows\System32\poqexec.exe,,S:AI,,SCAFFOLD,0x3e7,DC$,S-1-5-18,,,,,,,,,,,
2026-09-02T03:21:27.385367Z,4663,dc.scaffold.htb,Microsoft-Windows-Security-Auditing,Security,22371,0,"%%1538
				",0x20000,,,,,,,0x84,,,,,,,,,,,,,C:\Windows\WinSxS\FileMaps,Security,File,,,,0x166c,C:\Windows\System32\poqexec.exe,,S:AI,,SCAFFOLD,0x3e7,DC$,S-1-5-18,,,,,,,,,,,
2026-09-02T03:21:27.385676Z,4663,dc.scaffold.htb,Microsoft-Windows-Security-Auditing,Security,22372,0,"%%1537
				",0x10000,,,,,,,0x74,,,,,,,,,,,,,C:\Windows\WinSxS\FileMaps\$$_microsoft.net_assembly_gac_msil_presentationframework-systemdata_v4.0_4.0.0.0_b77a5c561934e089_89b90455552a8828.cdf-ms,Security,File,,,,0x166c,C:\Windows\System32\poqexec.exe,,S:AI,,SCAFFOLD,0x3e7,DC$,S-1-5-18,,,,,,,,,,,
2026-09-02T03:21:27.385680Z,4660,dc.scaffold.htb,Microsoft-Windows-Security-Auditing,Security,22373,0,,,,,,,,,0x74,,,,,,,,,,,,,,Security,,,,,0x166c,C:\Windows\System32\poqexec.exe,,,,SCAFFOLD,0x3e7,DC$,S-1-5-18,,,,,,,,,C62843AF-A67C-11F1-9935-005056B98D90,,
2026-09-02T03:21:27.386070Z,4663,dc.scaffold.htb,Microsoft-Windows-Security-Auditing,Security,22374,0,"%%4417
				",0x2,,,,,,,0x2460,,,,,,,,,,,,,C:\Windows\WinSxS\FileMaps,Security,File,,,,0x166c,C:\Windows\System32\poqexec.exe,,S:AI,,SCAFFOLD,0x3e7,DC$,S-1-5-18,,,,,,,,,,,
2026-09-02T03:21:27.386390Z,4663,dc.scaffold.htb,Microsoft-Windows-Security-Auditing,Security,22375,0,"%%1538
				",0x20000,,,,,,,0x84,,,,,,,,,,,,,C:\Windows\WinSxS\FileMaps,Security,File,,,,0x166c,C:\Windows\System32\poqexec.exe,,S:AI,,SCAFFOLD,0x3e7,DC$,S-1-5-18,,,,,,,,,,,
2026-09-02T03:21:27.386599Z,4663,dc.scaffold.htb,Microsoft-Windows-Security-Auditing,Security,22376,0,"%%1538
				",0x20000,,,,,,,0x84,,,,,,,,,,,,,C:\Windows\WinSxS\FileMaps,Security,File,,,,0x166c,C:\Windows\System32\poqexec.exe,,S:AI,,SCAFFOLD,0x3e7,DC$,S-1-5-18,,,,,,,,,,,
2026-09-02T03:21:27.386906Z,4663,dc.scaffold.htb,Microsoft-Windows-Security-Auditing,Security,22377,0,"%%1537
				",0x10000,,,,,,,0x7c,,,,,,,,,,,,,C:\Windows\WinSxS\FileMaps\$$_microsoft.net_assembly_gac_msil_presentationframework_v4.0_4.0.0.0_31bf3856ad364e35_b57a3b1abb4f9cb2.cdf-ms,Security,File,,,,0x166c,C:\Windows\System32\poqexec.exe,,S:AI,,SCAFFOLD,0x3e7,DC$,S-1-5-18,,,,,,,,,,,
2026-09-02T03:21:27.386910Z,4660,dc.scaffold.htb,Microsoft-Windows-Security-Auditing,Security,22378,0,,,,,,,,,0x7c,,,,,,,,,,,,,,Security,,,,,0x166c,C:\Windows\System32\poqexec.exe,,,,SCAFFOLD,0x3e7,DC$,S-1-5-18,,,,,,,,,C62843AF-A67C-11F1-9935-005056B98D90,,
2026-09-02T03:21:27.387283Z,4663,dc.scaffold.htb,Microsoft-Windows-Security-Auditing,Security,22379,0,"%%4417
				",0x2,,,,,,,0x2460,,,,,,,,,,,,,C:\Windows\WinSxS\FileMaps,Security,File,,,,0x166c,C:\Windows\System32\poqexec.exe,,S:AI,,SCAFFOLD,0x3e7,DC$,S-1-5-18,,,,,,,,,,,
2026-09-02T03:21:27.387614Z,4663,dc.scaffold.htb,Microsoft-Windows-Security-Auditing,Security,22380,0,"%%1538
				",0x20000,,,,,,,0x84,,,,,,,,,,,,,C:\Windows\WinSxS\FileMaps,Security,File,,,,0x166c,C:\Windows\System32\poqexec.exe,,S:AI,,SCAFFOLD,0x3e7,DC$,S-1-5-18,,,,,,,,,,,
2026-09-02T03:21:27.387837Z,4663,dc.scaffold.htb,Microsoft-Windows-Security-Auditing,Security,22381,0,"%%1538
				",0x20000,,,,,,,0x84,,,,,,,,,,,,,C:\Windows\WinSxS\FileMaps,Security,File,,,,0x166c,C:\Windows\System32\poqexec.exe,,S:AI,,SCAFFOLD,0x3e7,DC$,S-1-5-18,,,,,,,,,,,
2026-09-02T03:21:27.388366Z,4663,dc.scaffold.htb,Microsoft-Windows-Security-Auditing,Security,22382,0,"%%1537
				",0x10000,,,,,,,0x7c,,,,,,,,,,,,,C:\Windows\Microsoft.NET\assembly\GAC_MSIL\PresentationFramework\v4.0_4.0.0.0__31bf3856ad364e35\PresentationFramework.dll,Security,File,,,,0x166c,C:\Windows\System32\poqexec.exe,,S:AI,,SCAFFOLD,0x3e7,DC$,S-1-5-18,,,,,,,,,,,
2026-09-02T03:21:27.388432Z,4660,dc.scaffold.htb,Microsoft-Windows-Security-Auditing,Security,22383,0,,,,,,,,,0x7c,,,,,,,,,,,,,,Security,,,,,0x166c,C:\Windows\System32\poqexec.exe,,,,SCAFFOLD,0x3e7,DC$,S-1-5-18,,,,,,,,,C62843AF-A67C-11F1-9935-005056B98D90,,
2026-09-02T03:21:27.389348Z,4663,dc.scaffold.htb,Microsoft-Windows-Security-Auditing,Security,22384,0,"%%1537
				",0x10000,,,,,,,0x7c,,,,,,,,,,,,,C:\Windows\Microsoft.NET\assembly\GAC_MSIL\PresentationFramework-SystemData\v4.0_4.0.0.0__b77a5c561934e089\PresentationFramework-SystemData.dll,Security,File,,,,0x166c,C:\Windows\System32\poqexec.exe,,S:AI,,SCAFFOLD,0x3e7,DC$,S-1-5-18,,,,,,,,,,,
2026-09-02T03:21:27.389409Z,4660,dc.scaffold.htb,Microsoft-Windows-Security-Auditing,Security,22385,0,,,,,,,,,0x7c,,,,,,,,,,,,,,Security,,,,,0x166c,C:\Windows\System32\poqexec.exe,,,,SCAFFOLD,0x3e7,DC$,S-1-5-18,,,,,,,,,C62843AF-A67C-11F1-9935-005056B98D90,,
2026-09-02T03:21:27.390196Z,4663,dc.scaffold.htb,Microsoft-Windows-Security-Auditing,Security,22386,0,"%%1537
				",0x10000,,,,,,,0x7c,,,,,,,,,,,,,C:\Windows\Microsoft.NET\assembly\GAC_MSIL\ReachFramework\v4.0_4.0.0.0__31bf3856ad364e35\ReachFramework.dll,Security,File,,,,0x166c,C:\Windows\System32\poqexec.exe,,S:AI,,SCAFFOLD,0x3e7,DC$,S-1-5-18,,,,,,,,,,,
2026-09-02T03:21:27.390250Z,4660,dc.scaffold.htb,Microsoft-Windows-Security-Auditing,Security,22387,0,,,,,,,,,0x7c,,,,,,,,,,,,,,Security,,,,,0x166c,C:\Windows\System32\poqexec.exe,,,,SCAFFOLD,0x3e7,DC$,S-1-5-18,,,,,,,,,C62843AF-A67C-11F1-9935-005056B98D90,,
2026-09-02T03:21:27.391128Z,4663,dc.scaffold.htb,Microsoft-Windows-Security-Auditing,Security,22388,0,"%%1537
				",0x10000,,,,,,,0x7c,,,,,,,,,,,,,C:\Windows\Microsoft.NET\assembly\GAC_MSIL\SMDiagnostics\v4.0_4.0.0.0__b77a5c561934e089\SMDiagnostics.dll,Security,File,,,,0x166c,C:\Windows\System32\poqexec.exe,,S:AI,,SCAFFOLD,0x3e7,DC$,S-1-5-18,,,,,,,,,,,
2026-09-02T03:21:27.391179Z,4660,dc.scaffold.htb,Microsoft-Windows-Security-Auditing,Security,22389,0,,,,,,,,,0x7c,,,,,,,,,,,,,,Security,,,,,0x166c,C:\Windows\System32\poqexec.exe,,,,SCAFFOLD,0x3e7,DC$,S-1-5-18,,,,,,,,,C62843AF-A67C-11F1-9935-005056B98D90,,
2026-09-02T03:21:27.391992Z,4663,dc.scaffold.htb,Microsoft-Windows-Security-Auditing,Security,22390,0,"%%1537
				",0x10000,,,,,,,0x7c,,,,,,,,,,,,,C:\Windows\Microsoft.NET\assembly\GAC_MSIL\System\v4.0_4.0.0.0__b77a5c561934e089\System.dll,Security,File,,,,0x166c,C:\Windows\System32\poqexec.exe,,S:AI,,SCAFFOLD,0x3e7,DC$,S-1-5-18,,,,,,,,,,,
2026-09-02T03:21:27.392070Z,4660,dc.scaffold.htb,Microsoft-Windows-Security-Auditing,Security,22391,0,,,,,,,,,0x7c,,,,,,,,,,,,,,Security,,,,,0x166c,C:\Windows\System32\poqexec.exe,,,,SCAFFOLD,0x3e7,DC$,S-1-5-18,,,,,,,,,C62843AF-A67C-11F1-9935-005056B98D90,,
2026-09-02T03:21:27.392839Z,4663,dc.scaffold.htb,Microsoft-Windows-Security-Auditing,Security,22392,0,"%%1537
				",0x10000,,,,,,,0x7c,,,,,,,,,,,,,C:\Windows\Microsoft.NET\assembly\GAC_MSIL\System.Activities\v4.0_4.0.0.0__31bf3856ad364e35\System.Activities.dll,Security,File,,,,0x166c,C:\Windows\System32\poqexec.exe,,S:AI,,SCAFFOLD,0x3e7,DC$,S-1-5-18,,,,,,,,,,,
2026-09-02T03:21:27.392857Z,4660,dc.scaffold.htb,Microsoft-Windows-Security-Auditing,Security,22393,0,,,,,,,,,0x7c,,,,,,,,,,,,,,Security,,,,,0x166c,C:\Windows\System32\poqexec.exe,,,,SCAFFOLD,0x3e7,DC$,S-1-5-18,,,,,,,,,C62843AF-A67C-11F1-9935-005056B98D90,,
2026-09-02T03:21:27.393618Z,4663,dc.scaffold.htb,Microsoft-Windows-Security-Auditing,Security,22394,0,"%%1537
				",0x10000,,,,,,,0x7c,,,,,,,,,,,,,C:\Windows\Microsoft.NET\assembly\GAC_MSIL\System.Activities.Presentation\v4.0_4.0.0.0__31bf3856ad364e35\System.Activities.Presentation.dll,Security,File,,,,0x166c,C:\Windows\System32\poqexec.exe,,S:AI,,SCAFFOLD,0x3e7,DC$,S-1-5-18,,,,,,,,,,,
2026-09-02T03:21:27.393637Z,4660,dc.scaffold.htb,Microsoft-Windows-Security-Auditing,Security,22395,0,,,,,,,,,0x7c,,,,,,,,,,,,,,Security,,,,,0x166c,C:\Windows\System32\poqexec.exe,,,,SCAFFOLD,0x3e7,DC$,S-1-5-18,,,,,,,,,C62843AF-A67C-11F1-9935-005056B98D90,,
2026-09-02T03:21:27.394362Z,4663,dc.scaffold.htb,Microsoft-Windows-Security-Auditing,Security,22396,0,"%%1537
				",0x10000,,,,,,,0x7c,,,,,,,,,,,,,C:\Windows\Microsoft.NET\assembly\GAC_MSIL\System.Core\v4.0_4.0.0.0__b77a5c561934e089\System.Core.dll,Security,File,,,,0x166c,C:\Windows\System32\poqexec.exe,,S:AI,,SCAFFOLD,0x3e7,DC$,S-1-5-18,,,,,,,,,,,
2026-09-02T03:21:27.394374Z,4660,dc.scaffold.htb,Microsoft-Windows-Security-Auditing,Security,22397,0,,,,,,,,,0x7c,,,,,,,,,,,,,,Security,,,,,0x166c,C:\Windows\System32\poqexec.exe,,,,SCAFFOLD,0x3e7,DC$,S-1-5-18,,,,,,,,,C62843AF-A67C-11F1-9935-005056B98D90,,
2026-09-02T03:21:27.395122Z,4663,dc.scaffold.htb,Microsoft-Windows-Security-Auditing,Security,22398,0,"%%1537
				",0x10000,,,,,,,0x7c,,,,,,,,,,,,,C:\Windows\Microsoft.NET\assembly\GAC_MSIL\System.Data.SqlXml\v4.0_4.0.0.0__b77a5c561934e089\System.Data.SqlXml.dll,Security,File,,,,0x166c,C:\Windows\System32\poqexec.exe,,S:AI,,SCAFFOLD,0x3e7,DC$,S-1-5-18,,,,,,,,,,,
2026-09-02T03:21:27.395134Z,4660,dc.scaffold.htb,Microsoft-Windows-Security-Auditing,Security,22399,0,,,,,,,,,0x7c,,,,,,,,,,,,,,Security,,,,,0x166c,C:\Windows\System32\poqexec.exe,,,,SCAFFOLD,0x3e7,DC$,S-1-5-18,,,,,,,,,C62843AF-A67C-11F1-9935-005056B98D90,,
2026-09-02T03:21:27.395910Z,4663,dc.scaffold.htb,Microsoft-Windows-Security-Auditing,Security,22400,0,"%%1537
				",0x10000,,,,,,,0x7c,,,,,,,,,,,,,C:\Windows\Microsoft.NET\assembly\GAC_MSIL\System.Deployment\v4.0_4.0.0.0__b03f5f7f11d50a3a\System.Deployment.dll,Security,File,,,,0x166c,C:\Windows\System32\poqexec.exe,,S:AI,,SCAFFOLD,0x3e7,DC$,S-1-5-18,,,,,,,,,,,
2026-09-02T03:21:27.395913Z,4660,dc.scaffold.htb,Microsoft-Windows-Security-Auditing,Security,22401,0,,,,,,,,,0x7c,,,,,,,,,,,,,,Security,,,,,0x166c,C:\Windows\System32\poqexec.exe,,,,SCAFFOLD,0x3e7,DC$,S-1-5-18,,,,,,,,,C62843AF-A67C-11F1-9935-005056B98D90,,
2026-09-02T03:21:27.396745Z,4663,dc.scaffold.htb,Microsoft-Windows-Security-Auditing,Security,22402,0,"%%1537
				",0x10000,,,,,,,0x7c,,,,,,,,,,,,,C:\Windows\Microsoft.NET\assembly\GAC_MSIL\System.DirectoryServices\v4.0_4.0.0.0__b03f5f7f11d50a3a\System.DirectoryServices.dll,Security,File,,,,0x166c,C:\Windows\System32\poqexec.exe,,S:AI,,SCAFFOLD,0x3e7,DC$,S-1-5-18,,,,,,,,,,,
2026-09-02T03:21:27.396762Z,4660,dc.scaffold.htb,Microsoft-Windows-Security-Auditing,Security,22403,0,,,,,,,,,0x7c,,,,,,,,,,,,,,Security,,,,,0x166c,C:\Windows\System32\poqexec.exe,,,,SCAFFOLD,0x3e7,DC$,S-1-5-18,,,,,,,,,C62843AF-A67C-11F1-9935-005056B98D90,,
2026-09-02T03:21:27.397565Z,4663,dc.scaffold.htb,Microsoft-Windows-Security-Auditing,Security,22404,0,"%%1537
				",0x10000,,,,,,,0x7c,,,,,,,,,,,,,C:\Windows\Microsoft.NET\assembly\GAC_MSIL\System.DirectoryServices.AccountManagement\v4.0_4.0.0.0__b77a5c561934e089\System.DirectoryServices.AccountManagement.dll,Security,File,,,,0x166c,C:\Windows\System32\poqexec.exe,,S:AI,,SCAFFOLD,0x3e7,DC$,S-1-5-18,,,,,,,,,,,
2026-09-02T03:21:27.397582Z,4660,dc.scaffold.htb,Microsoft-Windows-Security-Auditing,Security,22405,0,,,,,,,,,0x7c,,,,,,,,,,,,,,Security,,,,,0x166c,C:\Windows\System32\poqexec.exe,,,,SCAFFOLD,0x3e7,DC$,S-1-5-18,,,,,,,,,C62843AF-A67C-11F1-9935-005056B98D90,,
2026-09-02T03:21:27.398360Z,4663,dc.scaffold.htb,Microsoft-Windows-Security-Auditing,Security,22406,0,"%%1537
				",0x10000,,,,,,,0x7c,,,,,,,,,,,,,C:\Windows\Microsoft.NET\assembly\GAC_MSIL\System.IdentityModel\v4.0_4.0.0.0__b77a5c561934e089\System.IdentityModel.dll,Security,File,,,,0x166c,C:\Windows\System32\poqexec.exe,,S:AI,,SCAFFOLD,0x3e7,DC$,S-1-5-18,,,,,,,,,,,
2026-09-02T03:21:27.398379Z,4660,dc.scaffold.htb,Microsoft-Windows-Security-Auditing,Security,22407,0,,,,,,,,,0x7c,,,,,,,,,,,,,,Security,,,,,0x166c,C:\Windows\System32\poqexec.exe,,,,SCAFFOLD,0x3e7,DC$,S-1-5-18,,,,,,,,,C62843AF-A67C-11F1-9935-005056B98D90,,
2026-09-02T03:21:27.399188Z,4663,dc.scaffold.htb,Microsoft-Windows-Security-Auditing,Security,22408,0,"%%1537
				",0x10000,,,,,,,0x7c,,,,,,,,,,,,,C:\Windows\Microsoft.NET\assembly\GAC_MSIL\System.IdentityModel.Services\v4.0_4.0.0.0__b77a5c561934e089\System.IdentityModel.Services.dll,Security,File,,,,0x166c,C:\Windows\System32\poqexec.exe,,S:AI,,SCAFFOLD,0x3e7,DC$,S-1-5-18,,,,,,,,,,,
2026-09-02T03:21:27.399206Z,4660,dc.scaffold.htb,Microsoft-Windows-Security-Auditing,Security,22409,0,,,,,,,,,0x7c,,,,,,,,,,,,,,Security,,,,,0x166c,C:\Windows\System32\poqexec.exe,,,,SCAFFOLD,0x3e7,DC$,S-1-5-18,,,,,,,,,C62843AF-A67C-11F1-9935-005056B98D90,,
2026-09-02T03:21:27.399979Z,4663,dc.scaffold.htb,Microsoft-Windows-Security-Auditing,Security,22410,0,"%%1537
				",0x10000,,,,,,,0x7c,,,,,,,,,,,,,C:\Windows\Microsoft.NET\assembly\GAC_MSIL\System.IO.Compression\v4.0_4.0.0.0__b77a5c561934e089\System.IO.Compression.dll,Security,File,,,,0x166c,C:\Windows\System32\poqexec.exe,,S:AI,,SCAFFOLD,0x3e7,DC$,S-1-5-18,,,,,,,,,,,
2026-09-02T03:21:27.399983Z,4660,dc.scaffold.htb,Microsoft-Windows-Security-Auditing,Security,22411,0,,,,,,,,,0x7c,,,,,,,,,,,,,,Security,,,,,0x166c,C:\Windows\System32\poqexec.exe,,,,SCAFFOLD,0x3e7,DC$,S-1-5-18,,,,,,,,,C62843AF-A67C-11F1-9935-005056B98D90,,
2026-09-02T03:21:27.400806Z,4663,dc.scaffold.htb,Microsoft-Windows-Security-Auditing,Security,22412,0,"%%1537
				",0x10000,,,,,,,0x7c,,,,,,,,,,,,,C:\Windows\Microsoft.NET\assembly\GAC_MSIL\System.Net\v4.0_4.0.0.0__b03f5f7f11d50a3a\System.Net.dll,Security,File,,,,0x166c,C:\Windows\System32\poqexec.exe,,S:AI,,SCAFFOLD,0x3e7,DC$,S-1-5-18,,,,,,,,,,,
2026-09-02T03:21:27.400812Z,4660,dc.scaffold.htb,Microsoft-Windows-Security-Auditing,Security,22413,0,,,,,,,,,0x7c,,,,,,,,,,,,,,Security,,,,,0x166c,C:\Windows\System32\poqexec.exe,,,,SCAFFOLD,0x3e7,DC$,S-1-5-18,,,,,,,,,C62843AF-A67C-11F1-9935-005056B98D90,,
2026-09-02T03:21:27.401604Z,4663,dc.scaffold.htb,Microsoft-Windows-Security-Auditing,Security,22414,0,"%%1537
				",0x10000,,,,,,,0x7c,,,,,,,,,,,,,C:\Windows\Microsoft.NET\assembly\GAC_MSIL\System.Net.Http\v4.0_4.0.0.0__b03f5f7f11d50a3a\System.Net.Http.dll,Security,File,,,,0x166c,C:\Windows\System32\poqexec.exe,,S:AI,,SCAFFOLD,0x3e7,DC$,S-1-5-18,,,,,,,,,,,
2026-09-02T03:21:27.401610Z,4660,dc.scaffold.htb,Microsoft-Windows-Security-Auditing,Security,22415,0,,,,,,,,,0x7c,,,,,,,,,,,,,,Security,,,,,0x166c,C:\Windows\System32\poqexec.exe,,,,SCAFFOLD,0x3e7,DC$,S-1-5-18,,,,,,,,,C62843AF-A67C-11F1-9935-005056B98D90,,
2026-09-02T03:21:27.402381Z,4663,dc.scaffold.htb,Microsoft-Windows-Security-Auditing,Security,22416,0,"%%1537
				",0x10000,,,,,,,0x7c,,,,,,,,,,,,,C:\Windows\Microsoft.NET\assembly\GAC_MSIL\System.Net.Http.WebRequest\v4.0_4.0.0.0__b03f5f7f11d50a3a\System.Net.Http.WebRequest.dll,Security,File,,,,0x166c,C:\Windows\System32\poqexec.exe,,S:AI,,SCAFFOLD,0x3e7,DC$,S-1-5-18,,,,,,,,,,,
2026-09-02T03:21:27.402386Z,4660,dc.scaffold.htb,Microsoft-Windows-Security-Auditing,Security,22417,0,,,,,,,,,0x7c,,,,,,,,,,,,,,Security,,,,,0x166c,C:\Windows\System32\poqexec.exe,,,,SCAFFOLD,0x3e7,DC$,S-1-5-18,,,,,,,,,C62843AF-A67C-11F1-9935-005056B98D90,,
2026-09-02T03:21:27.403202Z,4663,dc.scaffold.htb,Microsoft-Windows-Security-Auditing,Security,22418,0,"%%1537
				",0x10000,,,,,,,0x7c,,,,,,,,,,,,,C:\Windows\Microsoft.NET\assembly\GAC_MSIL\System.Runtime.Caching\v4.0_4.0.0.0__b03f5f7f11d50a3a\System.Runtime.Caching.dll,Security,File,,,,0x166c,C:\Windows\System32\poqexec.exe,,S:AI,,SCAFFOLD,0x3e7,DC$,S-1-5-18,,,,,,,,,,,
2026-09-02T03:21:27.403207Z,4660,dc.scaffold.htb,Microsoft-Windows-Security-Auditing,Security,22419,0,,,,,,,,,0x7c,,,,,,,,,,,,,,Security,,,,,0x166c,C:\Windows\System32\poqexec.exe,,,,SCAFFOLD,0x3e7,DC$,S-1-5-18,,,,,,,,,C62843AF-A67C-11F1-9935-005056B98D90,,
2026-09-02T03:21:27.403992Z,4663,dc.scaffold.htb,Microsoft-Windows-Security-Auditing,Security,22420,0,"%%1537
				",0x10000,,,,,,,0x7c,,,,,,,,,,,,,C:\Windows\Microsoft.NET\assembly\GAC_MSIL\System.Runtime.Remoting\v4.0_4.0.0.0__b77a5c561934e089\System.Runtime.Remoting.dll,Security,File,,,,0x166c,C:\Windows\System32\poqexec.exe,,S:AI,,SCAFFOLD,0x3e7,DC$,S-1-5-18,,,,,,,,,,,
2026-09-02T03:21:27.403997Z,4660,dc.scaffold.htb,Microsoft-Windows-Security-Auditing,Security,22421,0,,,,,,,,,0x7c,,,,,,,,,,,,,,Security,,,,,0x166c,C:\Windows\System32\poqexec.exe,,,,SCAFFOLD,0x3e7,DC$,S-1-5-18,,,,,,,,,C62843AF-A67C-11F1-9935-005056B98D90,,
2026-09-02T03:21:27.404798Z,4663,dc.scaffold.htb,Microsoft-Windows-Security-Auditing,Security,22422,0,"%%1537
				",0x10000,,,,,,,0x7c,,,,,,,,,,,,,C:\Windows\Microsoft.NET\assembly\GAC_MSIL\System.Runtime.Serialization\v4.0_4.0.0.0__b77a5c561934e089\System.Runtime.Serialization.dll,Security,File,,,,0x166c,C:\Windows\System32\poqexec.exe,,S:AI,,SCAFFOLD,0x3e7,DC$,S-1-5-18,,,,,,,,,,,
2026-09-02T03:21:27.404803Z,4660,dc.scaffold.htb,Microsoft-Windows-Security-Auditing,Security,22423,0,,,,,,,,,0x7c,,,,,,,,,,,,,,Security,,,,,0x166c,C:\Windows\System32\poqexec.exe,,,,SCAFFOLD,0x3e7,DC$,S-1-5-18,,,,,,,,,C62843AF-A67C-11F1-9935-005056B98D90,,
2026-09-02T03:21:27.405617Z,4663,dc.scaffold.htb,Microsoft-Windows-Security-Auditing,Security,22424,0,"%%1537
				",0x10000,,,,,,,0x7c,,,,,,,,,,,,,C:\Windows\Microsoft.NET\assembly\GAC_MSIL\System.Security\v4.0_4.0.0.0__b03f5f7f11d50a3a\System.Security.dll,Security,File,,,,0x166c,C:\Windows\System32\poqexec.exe,,S:AI,,SCAFFOLD,0x3e7,DC$,S-1-5-18,,,,,,,,,,,
2026-09-02T03:21:27.405623Z,4660,dc.scaffold.htb,Microsoft-Windows-Security-Auditing,Security,22425,0,,,,,,,,,0x7c,,,,,,,,,,,,,,Security,,,,,0x166c,C:\Windows\System32\poqexec.exe,,,,SCAFFOLD,0x3e7,DC$,S-1-5-18,,,,,,,,,C62843AF-A67C-11F1-9935-005056B98D90,,
2026-09-02T03:21:27.406450Z,4663,dc.scaffold.htb,Microsoft-Windows-Security-Auditing,Security,22426,0,"%%1537
				",0x10000,,,,,,,0x7c,,,,,,,,,,,,,C:\Windows\Microsoft.NET\assembly\GAC_MSIL\System.ServiceModel\v4.0_4.0.0.0__b77a5c561934e089\System.ServiceModel.dll,Security,File,,,,0x166c,C:\Windows\System32\poqexec.exe,,S:AI,,SCAFFOLD,0x3e7,DC$,S-1-5-18,,,,,,,,,,,
2026-09-02T03:21:27.406500Z,4660,dc.scaffold.htb,Microsoft-Windows-Security-Auditing,Security,22427,0,,,,,,,,,0x7c,,,,,,,,,,,,,,Security,,,,,0x166c,C:\Windows\System32\poqexec.exe,,,,SCAFFOLD,0x3e7,DC$,S-1-5-18,,,,,,,,,C62843AF-A67C-11F1-9935-005056B98D90,,
2026-09-02T03:21:27.407331Z,4663,dc.scaffold.htb,Microsoft-Windows-Security-Auditing,Security,22428,0,"%%1537
				",0x10000,,,,,,,0x7c,,,,,,,,,,,,,C:\Windows\Microsoft.NET\assembly\GAC_MSIL\System.ServiceModel.Channels\v4.0_4.0.0.0__31bf3856ad364e35\System.ServiceModel.Channels.dll,Security,File,,,,0x166c,C:\Windows\System32\poqexec.exe,,S:AI,,SCAFFOLD,0x3e7,DC$,S-1-5-18,,,,,,,,,,,
2026-09-02T03:21:27.407337Z,4660,dc.scaffold.htb,Microsoft-Windows-Security-Auditing,Security,22429,0,,,,,,,,,0x7c,,,,,,,,,,,,,,Security,,,,,0x166c,C:\Windows\System32\poqexec.exe,,,,SCAFFOLD,0x3e7,DC$,S-1-5-18,,,,,,,,,C62843AF-A67C-11F1-9935-005056B98D90,,
2026-09-02T03:21:27.408228Z,4663,dc.scaffold.htb,Microsoft-Windows-Security-Auditing,Security,22430,0,"%%1537
				",0x10000,,,,,,,0x7c,,,,,,,,,,,,,C:\Windows\Microsoft.NET\assembly\GAC_MSIL\System.ServiceModel.Discovery\v4.0_4.0.0.0__31bf3856ad364e35\System.ServiceModel.Discovery.dll,Security,File,,,,0x166c,C:\Windows\System32\poqexec.exe,,S:AI,,SCAFFOLD,0x3e7,DC$,S-1-5-18,,,,,,,,,,,
2026-09-02T03:21:27.408234Z,4660,dc.scaffold.htb,Microsoft-Windows-Security-Auditing,Security,22431,0,,,,,,,,,0x7c,,,,,,,,,,,,,,Security,,,,,0x166c,C:\Windows\System32\poqexec.exe,,,,SCAFFOLD,0x3e7,DC$,S-1-5-18,,,,,,,,,C62843AF-A67C-11F1-9935-005056B98D90,,
2026-09-02T03:21:27.409048Z,4663,dc.scaffold.htb,Microsoft-Windows-Security-Auditing,Security,22432,0,"%%1537
				",0x10000,,,,,,,0x7c,,,,,,,,,,,,,C:\Windows\Microsoft.NET\assembly\GAC_MSIL\System.ServiceModel.Internals\v4.0_4.0.0.0__31bf3856ad364e35\System.ServiceModel.Internals.dll,Security,File,,,,0x166c,C:\Windows\System32\poqexec.exe,,S:AI,,SCAFFOLD,0x3e7,DC$,S-1-5-18,,,,,,,,,,,
2026-09-02T03:21:27.409054Z,4660,dc.scaffold.htb,Microsoft-Windows-Security-Auditing,Security,22433,0,,,,,,,,,0x7c,,,,,,,,,,,,,,Security,,,,,0x166c,C:\Windows\System32\poqexec.exe,,,,SCAFFOLD,0x3e7,DC$,S-1-5-18,,,,,,,,,C62843AF-A67C-11F1-9935-005056B98D90,,
2026-09-02T03:21:27.409877Z,4663,dc.scaffold.htb,Microsoft-Windows-Security-Auditing,Security,22434,0,"%%1537
				",0x10000,,,,,,,0x7c,,,,,,,,,,,,,C:\Windows\Microsoft.NET\assembly\GAC_MSIL\System.ServiceModel.WasHosting\v4.0_4.0.0.0__b77a5c561934e089\System.ServiceModel.WasHosting.dll,Security,File,,,,0x166c,C:\Windows\System32\poqexec.exe,,S:AI,,SCAFFOLD,0x3e7,DC$,S-1-5-18,,,,,,,,,,,
2026-09-02T03:21:27.409934Z,4660,dc.scaffold.htb,Microsoft-Windows-Security-Auditing,Security,22435,0,,,,,,,,,0x7c,,,,,,,,,,,,,,Security,,,,,0x166c,C:\Windows\System32\poqexec.exe,,,,SCAFFOLD,0x3e7,DC$,S-1-5-18,,,,,,,,,C62843AF-A67C-11F1-9935-005056B98D90,,
2026-09-02T03:21:27.410842Z,4663,dc.scaffold.htb,Microsoft-Windows-Security-Auditing,Security,22436,0,"%%1537
				",0x10000,,,,,,,0x7c,,,,,,,,,,,,,C:\Windows\Microsoft.NET\assembly\GAC_MSIL\System.Web.ApplicationServices\v4.0_4.0.0.0__31bf3856ad364e35\System.Web.ApplicationServices.dll,Security,File,,,,0x166c,C:\Windows\System32\poqexec.exe,,S:AI,,SCAFFOLD,0x3e7,DC$,S-1-5-18,,,,,,,,,,,
2026-09-02T03:21:27.410898Z,4660,dc.scaffold.htb,Microsoft-Windows-Security-Auditing,Security,22437,0,,,,,,,,,0x7c,,,,,,,,,,,,,,Security,,,,,0x166c,C:\Windows\System32\poqexec.exe,,,,SCAFFOLD,0x3e7,DC$,S-1-5-18,,,,,,,,,C62843AF-A67C-11F1-9935-005056B98D90,,
2026-09-02T03:21:27.411759Z,4663,dc.scaffold.htb,Microsoft-Windows-Security-Auditing,Security,22438,0,"%%1537
				",0x10000,,,,,,,0x7c,,,,,,,,,,,,,C:\Windows\Microsoft.NET\assembly\GAC_MSIL\System.Web.Extensions\v4.0_4.0.0.0__31bf3856ad364e35\System.Web.Extensions.dll,Security,File,,,,0x166c,C:\Windows\System32\poqexec.exe,,S:AI,,SCAFFOLD,0x3e7,DC$,S-1-5-18,,,,,,,,,,,
2026-09-02T03:21:27.411806Z,4660,dc.scaffold.htb,Microsoft-Windows-Security-Auditing,Security,22439,0,,,,,,,,,0x7c,,,,,,,,,,,,,,Security,,,,,0x166c,C:\Windows\System32\poqexec.exe,,,,SCAFFOLD,0x3e7,DC$,S-1-5-18,,,,,,,,,C62843AF-A67C-11F1-9935-005056B98D90,,
2026-09-02T03:21:27.412700Z,4663,dc.scaffold.htb,Microsoft-Windows-Security-Auditing,Security,22440,0,"%%1537
				",0x10000,,,,,,,0x7c,,,,,,,,,,,,,C:\Windows\Microsoft.NET\assembly\GAC_MSIL\System.Windows.Controls.Ribbon\v4.0_4.0.0.0__b77a5c561934e089\System.Windows.Controls.Ribbon.dll,Security,File,,,,0x166c,C:\Windows\System32\poqexec.exe,,S:AI,,SCAFFOLD,0x3e7,DC$,S-1-5-18,,,,,,,,,,,
2026-09-02T03:21:27.412757Z,4660,dc.scaffold.htb,Microsoft-Windows-Security-Auditing,Security,22441,0,,,,,,,,,0x7c,,,,,,,,,,,,,,Security,,,,,0x166c,C:\Windows\System32\poqexec.exe,,,,SCAFFOLD,0x3e7,DC$,S-1-5-18,,,,,,,,,C62843AF-A67C-11F1-9935-005056B98D90,,
2026-09-02T03:21:27.413687Z,4663,dc.scaffold.htb,Microsoft-Windows-Security-Auditing,Security,22442,0,"%%1537
				",0x10000,,,,,,,0x7c,,,,,,,,,,,,,C:\Windows\Microsoft.NET\assembly\GAC_MSIL\System.Windows.Forms\v4.0_4.0.0.0__b77a5c561934e089\System.Windows.Forms.dll,Security,File,,,,0x166c,C:\Windows\System32\poqexec.exe,,S:AI,,SCAFFOLD,0x3e7,DC$,S-1-5-18,,,,,,,,,,,
2026-09-02T03:21:27.413770Z,4660,dc.scaffold.htb,Microsoft-Windows-Security-Auditing,Security,22443,0,,,,,,,,,0x7c,,,,,,,,,,,,,,Security,,,,,0x166c,C:\Windows\System32\poqexec.exe,,,,SCAFFOLD,0x3e7,DC$,S-1-5-18,,,,,,,,,C62843AF-A67C-11F1-9935-005056B98D90,,
2026-09-02T03:21:27.414549Z,4663,dc.scaffold.htb,Microsoft-Windows-Security-Auditing,Security,22444,0,"%%1537
				",0x10000,,,,,,,0x7c,,,,,,,,,,,,,C:\Windows\Microsoft.NET\assembly\GAC_MSIL\System.Xaml\v4.0_4.0.0.0__b77a5c561934e089\System.Xaml.dll,Security,File,,,,0x166c,C:\Windows\System32\poqexec.exe,,S:AI,,SCAFFOLD,0x3e7,DC$,S-1-5-18,,,,,,,,,,,
2026-09-02T03:21:27.414614Z,4660,dc.scaffold.htb,Microsoft-Windows-Security-Auditing,Security,22445,0,,,,,,,,,0x7c,,,,,,,,,,,,,,Security,,,,,0x166c,C:\Windows\System32\poqexec.exe,,,,SCAFFOLD,0x3e7,DC$,S-1-5-18,,,,,,,,,C62843AF-A67C-11F1-9935-005056B98D90,,
2026-09-02T03:21:27.415670Z,4663,dc.scaffold.htb,Microsoft-Windows-Security-Auditing,Security,22446,0,"%%1537
				",0x10000,,,,,,,0x7c,,,,,,,,,,,,,C:\Windows\Microsoft.NET\assembly\GAC_MSIL\System.Xml\v4.0_4.0.0.0__b77a5c561934e089\System.XML.dll,Security,File,,,,0x166c,C:\Windows\System32\poqexec.exe,,S:AI,,SCAFFOLD,0x3e7,DC$,S-1-5-18,,,,,,,,,,,
2026-09-02T03:21:27.415717Z,4660,dc.scaffold.htb,Microsoft-Windows-Security-Auditing,Security,22447,0,,,,,,,,,0x7c,,,,,,,,,,,,,,Security,,,,,0x166c,C:\Windows\System32\poqexec.exe,,,,SCAFFOLD,0x3e7,DC$,S-1-5-18,,,,,,,,,C62843AF-A67C-11F1-9935-005056B98D90,,
2026-09-02T03:21:27.416571Z,4663,dc.scaffold.htb,Microsoft-Windows-Security-Auditing,Security,22448,0,"%%1537
				",0x10000,,,,,,,0x7c,,,,,,,,,,,,,C:\Windows\Microsoft.NET\assembly\GAC_MSIL\UIAutomationClient\v4.0_4.0.0.0__31bf3856ad364e35\UIAutomationClient.dll,Security,File,,,,0x166c,C:\Windows\System32\poqexec.exe,,S:AI,,SCAFFOLD,0x3e7,DC$,S-1-5-18,,,,,,,,,,,
2026-09-02T03:21:27.416622Z,4660,dc.scaffold.htb,Microsoft-Windows-Security-Auditing,Security,22449,0,,,,,,,,,0x7c,,,,,,,,,,,,,,Security,,,,,0x166c,C:\Windows\System32\poqexec.exe,,,,SCAFFOLD,0x3e7,DC$,S-1-5-18,,,,,,,,,C62843AF-A67C-11F1-9935-005056B98D90,,
2026-09-02T03:21:27.417473Z,4663,dc.scaffold.htb,Microsoft-Windows-Security-Auditing,Security,22450,0,"%%1537
				",0x10000,,,,,,,0x7c,,,,,,,,,,,,,C:\Windows\Microsoft.NET\assembly\GAC_MSIL\UIAutomationClientsideProviders\v4.0_4.0.0.0__31bf3856ad364e35\UIAutomationClientsideProviders.dll,Security,File,,,,0x166c,C:\Windows\System32\poqexec.exe,,S:AI,,SCAFFOLD,0x3e7,DC$,S-1-5-18,,,,,,,,,,,
2026-09-02T03:21:27.417523Z,4660,dc.scaffold.htb,Microsoft-Windows-Security-Auditing,Security,22451,0,,,,,,,,,0x7c,,,,,,,,,,,,,,Security,,,,,0x166c,C:\Windows\System32\poqexec.exe,,,,SCAFFOLD,0x3e7,DC$,S-1-5-18,,,,,,,,,C62843AF-A67C-11F1-9935-005056B98D90,,
2026-09-02T03:21:27.418347Z,4663,dc.scaffold.htb,Microsoft-Windows-Security-Auditing,Security,22452,0,"%%1537
				",0x10000,,,,,,,0x7c,,,,,,,,,,,,,C:\Windows\Microsoft.NET\assembly\GAC_MSIL\UIAutomationProvider\v4.0_4.0.0.0__31bf3856ad364e35\UIAutomationProvider.dll,Security,File,,,,0x166c,C:\Windows\System32\poqexec.exe,,S:AI,,SCAFFOLD,0x3e7,DC$,S-1-5-18,,,,,,,,,,,
2026-09-02T03:21:27.418400Z,4660,dc.scaffold.htb,Microsoft-Windows-Security-Auditing,Security,22453,0,,,,,,,,,0x7c,,,,,,,,,,,,,,Security,,,,,0x166c,C:\Windows\System32\poqexec.exe,,,,SCAFFOLD,0x3e7,DC$,S-1-5-18,,,,,,,,,C62843AF-A67C-11F1-9935-005056B98D90,,
2026-09-02T03:21:27.419418Z,4663,dc.scaffold.htb,Microsoft-Windows-Security-Auditing,Security,22454,0,"%%1537
				",0x10000,,,,,,,0x7c,,,,,,,,,,,,,C:\Windows\Microsoft.NET\assembly\GAC_MSIL\UIAutomationTypes\v4.0_4.0.0.0__31bf3856ad364e35\UIAutomationTypes.dll,Security,File,,,,0x166c,C:\Windows\System32\poqexec.exe,,S:AI,,SCAFFOLD,0x3e7,DC$,S-1-5-18,,,,,,,,,,,
2026-09-02T03:21:27.419424Z,4660,dc.scaffold.htb,Microsoft-Windows-Security-Auditing,Security,22455,0,,,,,,,,,0x7c,,,,,,,,,,,,,,Security,,,,,0x166c,C:\Windows\System32\poqexec.exe,,,,SCAFFOLD,0x3e7,DC$,S-1-5-18,,,,,,,,,C62843AF-A67C-11F1-9935-005056B98D90,,
2026-09-02T03:21:27.420096Z,4663,dc.scaffold.htb,Microsoft-Windows-Security-Auditing,Security,22456,0,"%%1537
				",0x10000,,,,,,,0x7c,,,,,,,,,,,,,C:\Windows\Microsoft.NET\assembly\GAC_MSIL\WindowsBase\v4.0_4.0.0.0__31bf3856ad364e35\WindowsBase.dll,Security,File,,,,0x166c,C:\Windows\System32\poqexec.exe,,S:AI,,SCAFFOLD,0x3e7,DC$,S-1-5-18,,,,,,,,,,,
2026-09-02T03:21:27.420102Z,4660,dc.scaffold.htb,Microsoft-Windows-Security-Auditing,Security,22457,0,,,,,,,,,0x7c,,,,,,,,,,,,,,Security,,,,,0x166c,C:\Windows\System32\poqexec.exe,,,,SCAFFOLD,0x3e7,DC$,S-1-5-18,,,,,,,,,C62843AF-A67C-11F1-9935-005056B98D90,,
2026-09-02T03:21:27.420903Z,4663,dc.scaffold.htb,Microsoft-Windows-Security-Auditing,Security,22458,0,"%%1537
				",0x10000,,,,,,,0x7c,,,,,,,,,,,,,C:\Windows\Microsoft.NET\assembly\GAC_MSIL\WindowsFormsIntegration\v4.0_4.0.0.0__31bf3856ad364e35\WindowsFormsIntegration.dll,Security,File,,,,0x166c,C:\Windows\System32\poqexec.exe,,S:AI,,SCAFFOLD,0x3e7,DC$,S-1-5-18,,,,,,,,,,,
2026-09-02T03:21:27.420908Z,4660,dc.scaffold.htb,Microsoft-Windows-Security-Auditing,Security,22459,0,,,,,,,,,0x7c,,,,,,,,,,,,,,Security,,,,,0x166c,C:\Windows\System32\poqexec.exe,,,,SCAFFOLD,0x3e7,DC$,S-1-5-18,,,,,,,,,C62843AF-A67C-11F1-9935-005056B98D90,,
2026-09-02T03:21:27.421590Z,4663,dc.scaffold.htb,Microsoft-Windows-Security-Auditing,Security,22460,0,"%%1537
				",0x10000,,,,,,,0x7c,,,,,,,,,,,,,C:\Windows\Microsoft.NET\Framework\v4.0.30319\Aspnet_perf.dll,Security,File,,,,0x166c,C:\Windows\System32\poqexec.exe,,S:AI,,SCAFFOLD,0x3e7,DC$,S-1-5-18,,,,,,,,,,,
2026-09-02T03:21:27.421665Z,4660,dc.scaffold.htb,Microsoft-Windows-Security-Auditing,Security,22461,0,,,,,,,,,0x7c,,,,,,,,,,,,,,Security,,,,,0x166c,C:\Windows\System32\poqexec.exe,,,,SCAFFOLD,0x3e7,DC$,S-1-5-18,,,,,,,,,C62843AF-A67C-11F1-9935-005056B98D90,,
2026-09-02T03:21:27.422805Z,4663,dc.scaffold.htb,Microsoft-Windows-Security-Auditing,Security,22462,0,"%%1537
				",0x10000,,,,,,,0x7c,,,,,,,,,,,,,C:\Windows\Microsoft.NET\Framework\v4.0.30319\aspnet_regbrowsers.exe,Security,File,,,,0x166c,C:\Windows\System32\poqexec.exe,,S:AI,,SCAFFOLD,0x3e7,DC$,S-1-5-18,,,,,,,,,,,
2026-09-02T03:21:27.422847Z,4660,dc.scaffold.htb,Microsoft-Windows-Security-Auditing,Security,22463,0,,,,,,,,,0x7c,,,,,,,,,,,,,,Security,,,,,0x166c,C:\Windows\System32\poqexec.exe,,,,SCAFFOLD,0x3e7,DC$,S-1-5-18,,,,,,,,,C62843AF-A67C-11F1-9935-005056B98D90,,
2026-09-02T03:21:27.428228Z,4663,dc.scaffold.htb,Microsoft-Windows-Security-Auditing,Security,22464,0,"%%1537
				",0x10000,,,,,,,0x74,,,,,,,,,,,,,C:\Windows\Microsoft.NET\Framework\v4.0.30319\aspnet_regiis.exe,Security,File,,,,0x166c,C:\Windows\System32\poqexec.exe,,S:AI,,SCAFFOLD,0x3e7,DC$,S-1-5-18,,,,,,,,,,,
2026-09-02T03:21:27.428293Z,4660,dc.scaffold.htb,Microsoft-Windows-Security-Auditing,Security,22465,0,,,,,,,,,0x74,,,,,,,,,,,,,,Security,,,,,0x166c,C:\Windows\System32\poqexec.exe,,,,SCAFFOLD,0x3e7,DC$,S-1-5-18,,,,,,,,,C62843AF-A67C-11F1-9935-005056B98D90,,
2026-09-02T03:21:27.429337Z,4663,dc.scaffold.htb,Microsoft-Windows-Security-Auditing,Security,22466,0,"%%1537
				",0x10000,,,,,,,0x74,,,,,,,,,,,,,C:\Windows\Microsoft.NET\Framework\v4.0.30319\aspnet_regsql.exe,Security,File,,,,0x166c,C:\Windows\System32\poqexec.exe,,S:AI,,SCAFFOLD,0x3e7,DC$,S-1-5-18,,,,,,,,,,,
2026-09-02T03:21:27.429376Z,4660,dc.scaffold.htb,Microsoft-Windows-Security-Auditing,Security,22467,0,,,,,,,,,0x74,,,,,,,,,,,,,,Security,,,,,0x166c,C:\Windows\System32\poqexec.exe,,,,SCAFFOLD,0x3e7,DC$,S-1-5-18,,,,,,,,,C62843AF-A67C-11F1-9935-005056B98D90,,
2026-09-02T03:21:27.430618Z,4663,dc.scaffold.htb,Microsoft-Windows-Security-Auditing,Security,22468,0,"%%1537
				",0x10000,,,,,,,0x74,,,,,,,,,,,,,C:\Windows\Microsoft.NET\Framework\v4.0.30319\aspnet_wp.exe,Security,File,,,,0x166c,C:\Windows\System32\poqexec.exe,,S:AI,,SCAFFOLD,0x3e7,DC$,S-1-5-18,,,,,,,,,,,
2026-09-02T03:21:27.430665Z,4660,dc.scaffold.htb,Microsoft-Windows-Security-Auditing,Security,22469,0,,,,,,,,,0x74,,,,,,,,,,,,,,Security,,,,,0x166c,C:\Windows\System32\poqexec.exe,,,,SCAFFOLD,0x3e7,DC$,S-1-5-18,,,,,,,,,C62843AF-A67C-11F1-9935-005056B98D90,,
2026-09-02T03:21:27.431754Z,4663,dc.scaffold.htb,Microsoft-Windows-Security-Auditing,Security,22470,0,"%%1537
				",0x10000,,,,,,,0x74,,,,,,,,,,,,,C:\Windows\Microsoft.NET\Framework\v4.0.30319\clr.dll,Security,File,,,,0x166c,C:\Windows\System32\poqexec.exe,,S:AI,,SCAFFOLD,0x3e7,DC$,S-1-5-18,,,,,,,,,,,
2026-09-02T03:21:27.431802Z,4660,dc.scaffold.htb,Microsoft-Windows-Security-Auditing,Security,22471,0,,,,,,,,,0x74,,,,,,,,,,,,,,Security,,,,,0x166c,C:\Windows\System32\poqexec.exe,,,,SCAFFOLD,0x3e7,DC$,S-1-5-18,,,,,,,,,C62843AF-A67C-11F1-9935-005056B98D90,,
2026-09-02T03:21:27.432777Z,4663,dc.scaffold.htb,Microsoft-Windows-Security-Auditing,Security,22472,0,"%%1537
				",0x10000,,,,,,,0x74,,,,,,,,,,,,,C:\Windows\Microsoft.NET\Framework\v4.0.30319\clrcompression.dll,Security,File,,,,0x166c,C:\Windows\System32\poqexec.exe,,S:AI,,SCAFFOLD,0x3e7,DC$,S-1-5-18,,,,,,,,,,,
2026-09-02T03:21:27.432825Z,4660,dc.scaffold.htb,Microsoft-Windows-Security-Auditing,Security,22473,0,,,,,,,,,0x74,,,,,,,,,,,,,,Security,,,,,0x166c,C:\Windows\System32\poqexec.exe,,,,SCAFFOLD,0x3e7,DC$,S-1-5-18,,,,,,,,,C62843AF-A67C-11F1-9935-005056B98D90,,
2026-09-02T03:21:27.433820Z,4663,dc.scaffold.htb,Microsoft-Windows-Security-Auditing,Security,22474,0,"%%1537
				",0x10000,,,,,,,0x74,,,,,,,,,,,,,C:\Windows\Microsoft.NET\Framework\v4.0.30319\clrjit.dll,Security,File,,,,0x166c,C:\Windows\System32\poqexec.exe,,S:AI,,SCAFFOLD,0x3e7,DC$,S-1-5-18,,,,,,,,,,,
2026-09-02T03:21:27.433872Z,4660,dc.scaffold.htb,Microsoft-Windows-Security-Auditing,Security,22475,0,,,,,,,,,0x74,,,,,,,,,,,,,,Security,,,,,0x166c,C:\Windows\System32\poqexec.exe,,,,SCAFFOLD,0x3e7,DC$,S-1-5-18,,,,,,,,,C62843AF-A67C-11F1-9935-005056B98D90,,
2026-09-02T03:21:27.434870Z,4663,dc.scaffold.htb,Microsoft-Windows-Security-Auditing,Security,22476,0,"%%1537
				",0x10000,,,,,,,0x74,,,,,,,,,,,,,C:\Windows\Microsoft.NET\Framework\v4.0.30319\dfdll.dll,Security,File,,,,0x166c,C:\Windows\System32\poqexec.exe,,S:AI,,SCAFFOLD,0x3e7,DC$,S-1-5-18,,,,,,,,,,,
2026-09-02T03:21:27.434922Z,4660,dc.scaffold.htb,Microsoft-Windows-Security-Auditing,Security,22477,0,,,,,,,,,0x74,,,,,,,,,,,,,,Security,,,,,0x166c,C:\Windows\System32\poqexec.exe,,,,SCAFFOLD,0x3e7,DC$,S-1-5-18,,,,,,,,,C62843AF-A67C-11F1-9935-005056B98D90,,
2026-09-02T03:21:27.435887Z,4663,dc.scaffold.htb,Microsoft-Windows-Security-Auditing,Security,22478,0,"%%1537
				",0x10000,,,,,,,0x74,,,,,,,,,,,,,C:\Windows\Microsoft.NET\Framework\v4.0.30319\diasymreader.dll,Security,File,,,,0x166c,C:\Windows\System32\poqexec.exe,,S:AI,,SCAFFOLD,0x3e7,DC$,S-1-5-18,,,,,,,,,,,
2026-09-02T03:21:27.435938Z,4660,dc.scaffold.htb,Microsoft-Windows-Security-Auditing,Security,22479,0,,,,,,,,,0x74,,,,,,,,,,,,,,Security,,,,,0x166c,C:\Windows\System32\poqexec.exe,,,,SCAFFOLD,0x3e7,DC$,S-1-5-18,,,,,,,,,C62843AF-A67C-11F1-9935-005056B98D90,,
2026-09-02T03:21:27.436923Z,4663,dc.scaffold.htb,Microsoft-Windows-Security-Auditing,Security,22480,0,"%%1537
				",0x10000,,,,,,,0x74,,,,,,,,,,,,,C:\Windows\Microsoft.NET\Framework\v4.0.30319\mscordacwks.dll,Security,File,,,,0x166c,C:\Windows\System32\poqexec.exe,,S:AI,,SCAFFOLD,0x3e7,DC$,S-1-5-18,,,,,,,,,,,
2026-09-02T03:21:27.436981Z,4660,dc.scaffold.htb,Microsoft-Windows-Security-Auditing,Security,22481,0,,,,,,,,,0x74,,,,,,,,,,,,,,Security,,,,,0x166c,C:\Windows\System32\poqexec.exe,,,,SCAFFOLD,0x3e7,DC$,S-1-5-18,,,,,,,,,C62843AF-A67C-11F1-9935-005056B98D90,,
2026-09-02T03:21:27.437971Z,4663,dc.scaffold.htb,Microsoft-Windows-Security-Auditing,Security,22482,0,"%%1537
				",0x10000,,,,,,,0x74,,,,,,,,,,,,,C:\Windows\Microsoft.NET\Framework\v4.0.30319\mscordbi.dll,Security,File,,,,0x166c,C:\Windows\System32\poqexec.exe,,S:AI,,SCAFFOLD,0x3e7,DC$,S-1-5-18,,,,,,,,,,,
2026-09-02T03:21:27.438018Z,4660,dc.scaffold.htb,Microsoft-Windows-Security-Auditing,Security,22483,0,,,,,,,,,0x74,,,,,,,,,,,,,,Security,,,,,0x166c,C:\Windows\System32\poqexec.exe,,,,SCAFFOLD,0x3e7,DC$,S-1-5-18,,,,,,,,,C62843AF-A67C-11F1-9935-005056B98D90,,
2026-09-02T03:21:27.439003Z,4663,dc.scaffold.htb,Microsoft-Windows-Security-Auditing,Security,22484,0,"%%1537
				",0x10000,,,,,,,0x74,,,,,,,,,,,,,C:\Windows\Microsoft.NET\Framework\v4.0.30319\mscorlib.dll,Security,File,,,,0x166c,C:\Windows\System32\poqexec.exe,,S:AI,,SCAFFOLD,0x3e7,DC$,S-1-5-18,,,,,,,,,,,
2026-09-02T03:21:27.439058Z,4660,dc.scaffold.htb,Microsoft-Windows-Security-Auditing,Security,22485,0,,,,,,,,,0x74,,,,,,,,,,,,,,Security,,,,,0x166c,C:\Windows\System32\poqexec.exe,,,,SCAFFOLD,0x3e7,DC$,S-1-5-18,,,,,,,,,C62843AF-A67C-11F1-9935-005056B98D90,,
2026-09-02T03:21:27.439974Z,4663,dc.scaffold.htb,Microsoft-Windows-Security-Auditing,Security,22486,0,"%%1537
				",0x10000,,,,,,,0x74,,,,,,,,,,,,,C:\Windows\Microsoft.NET\Framework\v4.0.30319\mscorpehost.dll,Security,File,,,,0x166c,C:\Windows\System32\poqexec.exe,,S:AI,,SCAFFOLD,0x3e7,DC$,S-1-5-18,,,,,,,,,,,
2026-09-02T03:21:27.440027Z,4660,dc.scaffold.htb,Microsoft-Windows-Security-Auditing,Security,22487,0,,,,,,,,,0x74,,,,,,,,,,,,,,Security,,,,,0x166c,C:\Windows\System32\poqexec.exe,,,,SCAFFOLD,0x3e7,DC$,S-1-5-18,,,,,,,,,C62843AF-A67C-11F1-9935-005056B98D90,,
2026-09-02T03:21:27.441089Z,4663,dc.scaffold.htb,Microsoft-Windows-Security-Auditing,Security,22488,0,"%%1537
				",0x10000,,,,,,,0x74,,,,,,,,,,,,,C:\Windows\Microsoft.NET\Framework\v4.0.30319\mscorsvc.dll,Security,File,,,,0x166c,C:\Windows\System32\poqexec.exe,,S:AI,,SCAFFOLD,0x3e7,DC$,S-1-5-18,,,,,,,,,,,
2026-09-02T03:21:27.441131Z,4660,dc.scaffold.htb,Microsoft-Windows-Security-Auditing,Security,22489,0,,,,,,,,,0x74,,,,,,,,,,,,,,Security,,,,,0x166c,C:\Windows\System32\poqexec.exe,,,,SCAFFOLD,0x3e7,DC$,S-1-5-18,,,,,,,,,C62843AF-A67C-11F1-9935-005056B98D90,,
2026-09-02T03:21:27.442106Z,4663,dc.scaffold.htb,Microsoft-Windows-Security-Auditing,Security,22490,0,"%%1537
				",0x10000,,,,,,,0x74,,,,,,,,,,,,,C:\Windows\Microsoft.NET\Framework\v4.0.30319\mscorsvw.exe,Security,File,,,,0x166c,C:\Windows\System32\poqexec.exe,,S:AI,,SCAFFOLD,0x3e7,DC$,S-1-5-18,,,,,,,,,,,
2026-09-02T03:21:27.442156Z,4660,dc.scaffold.htb,Microsoft-Windows-Security-Auditing,Security,22491,0,,,,,,,,,0x74,,,,,,,,,,,,,,Security,,,,,0x166c,C:\Windows\System32\poqexec.exe,,,,SCAFFOLD,0x3e7,DC$,S-1-5-18,,,,,,,,,C62843AF-A67C-11F1-9935-005056B98D90,,
2026-09-02T03:21:27.443118Z,4663,dc.scaffold.htb,Microsoft-Windows-Security-Auditing,Security,22492,0,"%%1537
				",0x10000,,,,,,,0x74,,,,,,,,,,,,,C:\Windows\Microsoft.NET\Framework\v4.0.30319\ngen.exe,Security,File,,,,0x166c,C:\Windows\System32\poqexec.exe,,S:AI,,SCAFFOLD,0x3e7,DC$,S-1-5-18,,,,,,,,,,,
2026-09-02T03:21:27.443167Z,4660,dc.scaffold.htb,Microsoft-Windows-Security-Auditing,Security,22493,0,,,,,,,,,0x74,,,,,,,,,,,,,,Security,,,,,0x166c,C:\Windows\System32\poqexec.exe,,,,SCAFFOLD,0x3e7,DC$,S-1-5-18,,,,,,,,,C62843AF-A67C-11F1-9935-005056B98D90,,
2026-09-02T03:21:27.444180Z,4663,dc.scaffold.htb,Microsoft-Windows-Security-Auditing,Security,22494,0,"%%1537
				",0x10000,,,,,,,0x74,,,,,,,,,,,,,C:\Windows\Microsoft.NET\Framework\v4.0.30319\ngentask.exe,Security,File,,,,0x166c,C:\Windows\System32\poqexec.exe,,S:AI,,SCAFFOLD,0x3e7,DC$,S-1-5-18,,,,,,,,,,,
2026-09-02T03:21:27.444227Z,4660,dc.scaffold.htb,Microsoft-Windows-Security-Auditing,Security,22495,0,,,,,,,,,0x74,,,,,,,,,,,,,,Security,,,,,0x166c,C:\Windows\System32\poqexec.exe,,,,SCAFFOLD,0x3e7,DC$,S-1-5-18,,,,,,,,,C62843AF-A67C-11F1-9935-005056B98D90,,
2026-09-02T03:21:27.445183Z,4663,dc.scaffold.htb,Microsoft-Windows-Security-Auditing,Security,22496,0,"%%1537
				",0x10000,,,,,,,0x74,,,,,,,,,,,,,C:\Windows\Microsoft.NET\Framework\v4.0.30319\peverify.dll,Security,File,,,,0x166c,C:\Windows\System32\poqexec.exe,,S:AI,,SCAFFOLD,0x3e7,DC$,S-1-5-18,,,,,,,,,,,
2026-09-02T03:21:27.445233Z,4660,dc.scaffold.htb,Microsoft-Windows-Security-Auditing,Security,22497,0,,,,,,,,,0x74,,,,,,,,,,,,,,Security,,,,,0x166c,C:\Windows\System32\poqexec.exe,,,,SCAFFOLD,0x3e7,DC$,S-1-5-18,,,,,,,,,C62843AF-A67C-11F1-9935-005056B98D90,,
2026-09-02T03:21:27.446243Z,4663,dc.scaffold.htb,Microsoft-Windows-Security-Auditing,Security,22498,0,"%%1537
				",0x10000,,,,,,,0x74,,,,,,,,,,,,,C:\Windows\Microsoft.NET\Framework\v4.0.30319\ServiceMonikerSupport.dll,Security,File,,,,0x166c,C:\Windows\System32\poqexec.exe,,S:AI,,SCAFFOLD,0x3e7,DC$,S-1-5-18,,,,,,,,,,,
2026-09-02T03:21:27.446293Z,4660,dc.scaffold.htb,Microsoft-Windows-Security-Auditing,Security,22499,0,,,,,,,,,0x74,,,,,,,,,,,,,,Security,,,,,0x166c,C:\Windows\System32\poqexec.exe,,,,SCAFFOLD,0x3e7,DC$,S-1-5-18,,,,,,,,,C62843AF-A67C-11F1-9935-005056B98D90,,
2026-09-02T03:21:27.447304Z,4663,dc.scaffold.htb,Microsoft-Windows-Security-Auditing,Security,22500,0,"%%1537
				",0x10000,,,,,,,0x74,,,,,,,,,,,,,C:\Windows\Microsoft.NET\Framework\v4.0.30319\SMDiagnostics.dll,Security,File,,,,0x166c,C:\Windows\System32\poqexec.exe,,S:AI,,SCAFFOLD,0x3e7,DC$,S-1-5-18,,,,,,,,,,,
2026-09-02T03:21:27.447329Z,4660,dc.scaffold.htb,Microsoft-Windows-Security-Auditing,Security,22501,0,,,,,,,,,0x74,,,,,,,,,,,,,,Security,,,,,0x166c,C:\Windows\System32\poqexec.exe,,,,SCAFFOLD,0x3e7,DC$,S-1-5-18,,,,,,,,,C62843AF-A67C-11F1-9935-005056B98D90,,
2026-09-02T03:21:27.448311Z,4663,dc.scaffold.htb,Microsoft-Windows-Security-Auditing,Security,22502,0,"%%1537
				",0x10000,,,,,,,0x74,,,,,,,,,,,,,C:\Windows\Microsoft.NET\Framework\v4.0.30319\SOS.dll,Security,File,,,,0x166c,C:\Windows\System32\poqexec.exe,,S:AI,,SCAFFOLD,0x3e7,DC$,S-1-5-18,,,,,,,,,,,
2026-09-02T03:21:27.448362Z,4660,dc.scaffold.htb,Microsoft-Windows-Security-Auditing,Security,22503,0,,,,,,,,,0x74,,,,,,,,,,,,,,Security,,,,,0x166c,C:\Windows\System32\poqexec.exe,,,,SCAFFOLD,0x3e7,DC$,S-1-5-18,,,,,,,,,C62843AF-A67C-11F1-9935-005056B98D90,,
2026-09-02T03:21:27.449340Z,4663,dc.scaffold.htb,Microsoft-Windows-Security-Auditing,Security,22504,0,"%%1537
				",0x10000,,,,,,,0x74,,,,,,,,,,,,,C:\Windows\Microsoft.NET\Framework\v4.0.30319\System.Activities.dll,Security,File,,,,0x166c,C:\Windows\System32\poqexec.exe,,S:AI,,SCAFFOLD,0x3e7,DC$,S-1-5-18,,,,,,,,,,,
2026-09-02T03:21:27.449372Z,4660,dc.scaffold.htb,Microsoft-Windows-Security-Auditing,Security,22505,0,,,,,,,,,0x74,,,,,,,,,,,,,,Security,,,,,0x166c,C:\Windows\System32\poqexec.exe,,,,SCAFFOLD,0x3e7,DC$,S-1-5-18,,,,,,,,,C62843AF-A67C-11F1-9935-005056B98D90,,
2026-09-02T03:21:27.450262Z,4663,dc.scaffold.htb,Microsoft-Windows-Security-Auditing,Security,22506,0,"%%1537
				",0x10000,,,,,,,0x74,,,,,,,,,,,,,C:\Windows\Microsoft.NET\Framework\v4.0.30319\System.Activities.Presentation.dll,Security,File,,,,0x166c,C:\Windows\System32\poqexec.exe,,S:AI,,SCAFFOLD,0x3e7,DC$,S-1-5-18,,,,,,,,,,,
2026-09-02T03:21:27.450306Z,4660,dc.scaffold.htb,Microsoft-Windows-Security-Auditing,Security,22507,0,,,,,,,,,0x74,,,,,,,,,,,,,,Security,,,,,0x166c,C:\Windows\System32\poqexec.exe,,,,SCAFFOLD,0x3e7,DC$,S-1-5-18,,,,,,,,,C62843AF-A67C-11F1-9935-005056B98D90,,
2026-09-02T03:21:27.451289Z,4663,dc.scaffold.htb,Microsoft-Windows-Security-Auditing,Security,22508,0,"%%1537
				",0x10000,,,,,,,0x74,,,,,,,,,,,,,C:\Windows\Microsoft.NET\Framework\v4.0.30319\System.Core.dll,Security,File,,,,0x166c,C:\Windows\System32\poqexec.exe,,S:AI,,SCAFFOLD,0x3e7,DC$,S-1-5-18,,,,,,,,,,,
