2026-09-02T00:03:56.994794Z,4663,dc.scaffold.htb,Microsoft-Windows-Security-Auditing,Security,20059,0,"%%4424
				",0x100,,,,,,,0x464,,,,,,,,,,,,,C:\Windows\servicing\Packages\Microsoft-Windows-Security-SPP-Component-SKU-ServerStandard-License-Package~31bf3856ad364e35~amd64~~10.0.20348.502.mum,Security,File,,,,0x1288,C:\Windows\WinSxS\amd64_microsoft-windows-servicingstack_31bf3856ad364e35_10.0.20348.557_none_f1edaeb8515fa10d\TiWorker.exe,,S:AI,,SCAFFOLD,0x3e7,DC$,S-1-5-18,,,,,,,,,,,
2026-09-02T00:03:56.994931Z,4663,dc.scaffold.htb,Microsoft-Windows-Security-Auditing,Security,20060,0,"%%1537
				",0x10000,,,,,,,0x464,,,,,,,,,,,,,C:\Windows\servicing\Packages\Microsoft-Windows-Security-SPP-Component-SKU-ServerStandard-License-Package~31bf3856ad364e35~amd64~~10.0.20348.502.mum,Security,File,,,,0x1288,C:\Windows\WinSxS\amd64_microsoft-windows-servicingstack_31bf3856ad364e35_10.0.20348.557_none_f1edaeb8515fa10d\TiWorker.exe,,S:AI,,SCAFFOLD,0x3e7,DC$,S-1-5-18,,,,,,,,,,,
2026-09-02T00:03:56.994957Z,4660,dc.scaffold.htb,Microsoft-Windows-Security-Auditing,Security,20061,0,,,,,,,,,0x464,,,,,,,,,,,,,,Security,,,,,0x1288,C:\Windows\WinSxS\amd64_microsoft-windows-servicingstack_31bf3856ad364e35_10.0.20348.557_none_f1edaeb8515fa10d\TiWorker.exe,,,,SCAFFOLD,0x3e7,DC$,S-1-5-18,,,,,,,,,00000000-0000-0000-0000-000000000000,,
2026-09-02T00:03:57.045693Z,4663,dc.scaffold.htb,Microsoft-Windows-Security-Auditing,Security,20062,0,"%%4424
				",0x100,,,,,,,0x434,,,,,,,,,,,,,C:\Windows\servicing\Packages\Microsoft-Windows-Security-SPP-Component-SKU-ServerStandard-Package~31bf3856ad364e35~amd64~~10.0.20348.502.cat,Security,File,,,,0x1288,C:\Windows\WinSxS\amd64_microsoft-windows-servicingstack_31bf3856ad364e35_10.0.20348.557_none_f1edaeb8515fa10d\TiWorker.exe,,S:AI,,SCAFFOLD,0x3e7,DC$,S-1-5-18,,,,,,,,,,,
2026-09-02T00:03:57.045945Z,4663,dc.scaffold.htb,Microsoft-Windows-Security-Auditing,Security,20063,0,"%%1537
				",0x10000,,,,,,,0x434,,,,,,,,,,,,,C:\Windows\servicing\Packages\Microsoft-Windows-Security-SPP-Component-SKU-ServerStandard-Package~31bf3856ad364e35~amd64~~10.0.20348.502.cat,Security,File,,,,0x1288,C:\Windows\WinSxS\amd64_microsoft-windows-servicingstack_31bf3856ad364e35_10.0.20348.557_none_f1edaeb8515fa10d\TiWorker.exe,,S:AI,,SCAFFOLD,0x3e7,DC$,S-1-5-18,,,,,,,,,,,
2026-09-02T00:03:57.045969Z,4660,dc.scaffold.htb,Microsoft-Windows-Security-Auditing,Security,20064,0,,,,,,,,,0x434,,,,,,,,,,,,,,Security,,,,,0x1288,C:\Windows\WinSxS\amd64_microsoft-windows-servicingstack_31bf3856ad364e35_10.0.20348.557_none_f1edaeb8515fa10d\TiWorker.exe,,,,SCAFFOLD,0x3e7,DC$,S-1-5-18,,,,,,,,,00000000-0000-0000-0000-000000000000,,
2026-09-02T00:03:57.046313Z,4663,dc.scaffold.htb,Microsoft-Windows-Security-Auditing,Security,20065,0,"%%4424
				",0x100,,,,,,,0x440,,,,,,,,,,,,,C:\Windows\servicing\Packages\Microsoft-Windows-Security-SPP-Component-SKU-ServerStandard-Package~31bf3856ad364e35~amd64~~10.0.20348.502.mum,Security,File,,,,0x1288,C:\Windows\WinSxS\amd64_microsoft-windows-servicingstack_31bf3856ad364e35_10.0.20348.557_none_f1edaeb8515fa10d\TiWorker.exe,,S:AI,,SCAFFOLD,0x3e7,DC$,S-1-5-18,,,,,,,,,,,
2026-09-02T00:03:57.046531Z,4663,dc.scaffold.htb,Microsoft-Windows-Security-Auditing,Security,20066,0,"%%1537
				",0x10000,,,,,,,0x440,,,,,,,,,,,,,C:\Windows\servicing\Packages\Microsoft-Windows-Security-SPP-Component-SKU-ServerStandard-Package~31bf3856ad364e35~amd64~~10.0.20348.502.mum,Security,File,,,,0x1288,C:\Windows\WinSxS\amd64_microsoft-windows-servicingstack_31bf3856ad364e35_10.0.20348.557_none_f1edaeb8515fa10d\TiWorker.exe,,S:AI,,SCAFFOLD,0x3e7,DC$,S-1-5-18,,,,,,,,,,,
2026-09-02T00:03:57.046560Z,4660,dc.scaffold.htb,Microsoft-Windows-Security-Auditing,Security,20067,0,,,,,,,,,0x440,,,,,,,,,,,,,,Security,,,,,0x1288,C:\Windows\WinSxS\amd64_microsoft-windows-servicingstack_31bf3856ad364e35_10.0.20348.557_none_f1edaeb8515fa10d\TiWorker.exe,,,,SCAFFOLD,0x3e7,DC$,S-1-5-18,,,,,,,,,00000000-0000-0000-0000-000000000000,,
2026-09-02T00:03:57.154774Z,4663,dc.scaffold.htb,Microsoft-Windows-Security-Auditing,Security,20068,0,"%%4424
				",0x100,,,,,,,0x434,,,,,,,,,,,,,C:\Windows\servicing\Packages\Microsoft-Windows-ServerStandardEdition~31bf3856ad364e35~amd64~~10.0.20348.587.cat,Security,File,,,,0x1288,C:\Windows\WinSxS\amd64_microsoft-windows-servicingstack_31bf3856ad364e35_10.0.20348.557_none_f1edaeb8515fa10d\TiWorker.exe,,S:AI,,SCAFFOLD,0x3e7,DC$,S-1-5-18,,,,,,,,,,,
2026-09-02T00:03:57.155649Z,4663,dc.scaffold.htb,Microsoft-Windows-Security-Auditing,Security,20069,0,"%%1537
				",0x10000,,,,,,,0x434,,,,,,,,,,,,,C:\Windows\servicing\Packages\Microsoft-Windows-ServerStandardEdition~31bf3856ad364e35~amd64~~10.0.20348.587.cat,Security,File,,,,0x1288,C:\Windows\WinSxS\amd64_microsoft-windows-servicingstack_31bf3856ad364e35_10.0.20348.557_none_f1edaeb8515fa10d\TiWorker.exe,,S:AI,,SCAFFOLD,0x3e7,DC$,S-1-5-18,,,,,,,,,,,
2026-09-02T00:03:57.155667Z,4660,dc.scaffold.htb,Microsoft-Windows-Security-Auditing,Security,20070,0,,,,,,,,,0x434,,,,,,,,,,,,,,Security,,,,,0x1288,C:\Windows\WinSxS\amd64_microsoft-windows-servicingstack_31bf3856ad364e35_10.0.20348.557_none_f1edaeb8515fa10d\TiWorker.exe,,,,SCAFFOLD,0x3e7,DC$,S-1-5-18,,,,,,,,,00000000-0000-0000-0000-000000000000,,
2026-09-02T00:03:57.156250Z,4663,dc.scaffold.htb,Microsoft-Windows-Security-Auditing,Security,20071,0,"%%4424
				",0x100,,,,,,,0x3e4,,,,,,,,,,,,,C:\Windows\servicing\Packages\Microsoft-Windows-ServerStandardEdition~31bf3856ad364e35~amd64~~10.0.20348.587.mum,Security,File,,,,0x1288,C:\Windows\WinSxS\amd64_microsoft-windows-servicingstack_31bf3856ad364e35_10.0.20348.557_none_f1edaeb8515fa10d\TiWorker.exe,,S:AI,,SCAFFOLD,0x3e7,DC$,S-1-5-18,,,,,,,,,,,
2026-09-02T00:03:57.156908Z,4663,dc.scaffold.htb,Microsoft-Windows-Security-Auditing,Security,20072,0,"%%1537
				",0x10000,,,,,,,0x3e4,,,,,,,,,,,,,C:\Windows\servicing\Packages\Microsoft-Windows-ServerStandardEdition~31bf3856ad364e35~amd64~~10.0.20348.587.mum,Security,File,,,,0x1288,C:\Windows\WinSxS\amd64_microsoft-windows-servicingstack_31bf3856ad364e35_10.0.20348.557_none_f1edaeb8515fa10d\TiWorker.exe,,S:AI,,SCAFFOLD,0x3e7,DC$,S-1-5-18,,,,,,,,,,,
2026-09-02T00:03:57.156912Z,4660,dc.scaffold.htb,Microsoft-Windows-Security-Auditing,Security,20073,0,,,,,,,,,0x3e4,,,,,,,,,,,,,,Security,,,,,0x1288,C:\Windows\WinSxS\amd64_microsoft-windows-servicingstack_31bf3856ad364e35_10.0.20348.557_none_f1edaeb8515fa10d\TiWorker.exe,,,,SCAFFOLD,0x3e7,DC$,S-1-5-18,,,,,,,,,00000000-0000-0000-0000-000000000000,,
2026-09-02T00:03:57.318087Z,4663,dc.scaffold.htb,Microsoft-Windows-Security-Auditing,Security,20074,0,"%%4424
				",0x100,,,,,,,0x43c,,,,,,,,,,,,,C:\Windows\servicing\Packages\Server-Help-Package.ServerStandard~31bf3856ad364e35~amd64~en-US~10.0.20348.1.mum,Security,File,,,,0x1288,C:\Windows\WinSxS\amd64_microsoft-windows-servicingstack_31bf3856ad364e35_10.0.20348.557_none_f1edaeb8515fa10d\TiWorker.exe,,S:AI,,SCAFFOLD,0x3e7,DC$,S-1-5-18,,,,,,,,,,,
2026-09-02T00:03:57.318258Z,4663,dc.scaffold.htb,Microsoft-Windows-Security-Auditing,Security,20075,0,"%%1537
				",0x10000,,,,,,,0x43c,,,,,,,,,,,,,C:\Windows\servicing\Packages\Server-Help-Package.ServerStandard~31bf3856ad364e35~amd64~en-US~10.0.20348.1.mum,Security,File,,,,0x1288,C:\Windows\WinSxS\amd64_microsoft-windows-servicingstack_31bf3856ad364e35_10.0.20348.557_none_f1edaeb8515fa10d\TiWorker.exe,,S:AI,,SCAFFOLD,0x3e7,DC$,S-1-5-18,,,,,,,,,,,
2026-09-02T00:03:57.318303Z,4660,dc.scaffold.htb,Microsoft-Windows-Security-Auditing,Security,20076,0,,,,,,,,,0x43c,,,,,,,,,,,,,,Security,,,,,0x1288,C:\Windows\WinSxS\amd64_microsoft-windows-servicingstack_31bf3856ad364e35_10.0.20348.557_none_f1edaeb8515fa10d\TiWorker.exe,,,,SCAFFOLD,0x3e7,DC$,S-1-5-18,,,,,,,,,00000000-0000-0000-0000-000000000000,,
2026-09-02T00:03:57.401710Z,4663,dc.scaffold.htb,Microsoft-Windows-Security-Auditing,Security,20077,0,"%%4417
				",0x2,,,,,,,0xcd4,,,,,,,,,,,,,C:\Windows\servicing\Sessions,Security,File,,,,0x1288,C:\Windows\WinSxS\amd64_microsoft-windows-servicingstack_31bf3856ad364e35_10.0.20348.557_none_f1edaeb8515fa10d\TiWorker.exe,,S:AI,,SCAFFOLD,0x3e7,DC$,S-1-5-18,,,,,,,,,,,
2026-09-02T00:03:57.402063Z,4663,dc.scaffold.htb,Microsoft-Windows-Security-Auditing,Security,20078,0,"%%4417
				%%4418
				",0x6,,,,,,,0x430,,,,,,,,,,,,,C:\Windows\servicing\Sessions\31264618_381700484.xml,Security,File,,,,0x1288,C:\Windows\WinSxS\amd64_microsoft-windows-servicingstack_31bf3856ad364e35_10.0.20348.557_none_f1edaeb8515fa10d\TiWorker.exe,,,,SCAFFOLD,0x3e7,DC$,S-1-5-18,,,,,,,,,,,
2026-09-02T00:03:57.411858Z,4663,dc.scaffold.htb,Microsoft-Windows-Security-Auditing,Security,20079,0,"%%1538
				",0x20000,,,,,,,0x434,,,,,,,,,,,,,C:\Windows\servicing\Sessions,Security,File,,,,0x1288,C:\Windows\WinSxS\amd64_microsoft-windows-servicingstack_31bf3856ad364e35_10.0.20348.557_none_f1edaeb8515fa10d\TiWorker.exe,,S:AI,,SCAFFOLD,0x3e7,DC$,S-1-5-18,,,,,,,,,,,
2026-09-02T00:03:57.670925Z,4663,dc.scaffold.htb,Microsoft-Windows-Security-Auditing,Security,20080,0,"%%1537
				",0x10000,,,,,,,0x48c,,,,,,,,,,,,,C:\Windows\System32\CatRoot\{F750E6C3-38EE-11D1-85E5-00C04FC295EE}\Microsoft-Windows-EditionSpecific-ServerStandard-Package~31bf3856ad364e35~amd64~en-US~10.0.20348.587.cat,Security,File,,,,0x8bc,C:\Windows\System32\svchost.exe,,S:AI,,SCAFFOLD,0x3e7,DC$,S-1-5-18,,,,,,,,,,,
2026-09-02T00:03:57.670949Z,4660,dc.scaffold.htb,Microsoft-Windows-Security-Auditing,Security,20081,0,,,,,,,,,0x48c,,,,,,,,,,,,,,Security,,,,,0x8bc,C:\Windows\System32\svchost.exe,,,,SCAFFOLD,0x3e7,DC$,S-1-5-18,,,,,,,,,00000000-0000-0000-0000-000000000000,,
2026-09-02T00:03:57.679354Z,4663,dc.scaffold.htb,Microsoft-Windows-Security-Auditing,Security,20082,0,"%%1537
				",0x10000,,,,,,,0x514,,,,,,,,,,,,,C:\Windows\System32\CatRoot\{F750E6C3-38EE-11D1-85E5-00C04FC295EE}\Microsoft-Windows-EditionSpecific-ServerStandard-Package~31bf3856ad364e35~amd64~~10.0.20348.587.cat,Security,File,,,,0x8bc,C:\Windows\System32\svchost.exe,,S:AI,,SCAFFOLD,0x3e7,DC$,S-1-5-18,,,,,,,,,,,
2026-09-02T00:03:57.679395Z,4660,dc.scaffold.htb,Microsoft-Windows-Security-Auditing,Security,20083,0,,,,,,,,,0x514,,,,,,,,,,,,,,Security,,,,,0x8bc,C:\Windows\System32\svchost.exe,,,,SCAFFOLD,0x3e7,DC$,S-1-5-18,,,,,,,,,00000000-0000-0000-0000-000000000000,,
2026-09-02T00:03:57.930760Z,4663,dc.scaffold.htb,Microsoft-Windows-Security-Auditing,Security,20084,0,"%%1537
				",0x10000,,,,,,,0x4b4,,,,,,,,,,,,,C:\Windows\System32\CatRoot\{F750E6C3-38EE-11D1-85E5-00C04FC295EE}\Microsoft-Windows-Security-SPP-Component-SKU-ServerStandard-Package~31bf3856ad364e35~amd64~~10.0.20348.502.cat,Security,File,,,,0x8bc,C:\Windows\System32\svchost.exe,,S:AI,,SCAFFOLD,0x3e7,DC$,S-1-5-18,,,,,,,,,,,
2026-09-02T00:03:57.930766Z,4660,dc.scaffold.htb,Microsoft-Windows-Security-Auditing,Security,20085,0,,,,,,,,,0x4b4,,,,,,,,,,,,,,Security,,,,,0x8bc,C:\Windows\System32\svchost.exe,,,,SCAFFOLD,0x3e7,DC$,S-1-5-18,,,,,,,,,00000000-0000-0000-0000-000000000000,,
2026-09-02T00:03:57.942207Z,4663,dc.scaffold.htb,Microsoft-Windows-Security-Auditing,Security,20086,0,"%%1537
				",0x10000,,,,,,,0x4b4,,,,,,,,,,,,,C:\Windows\System32\CatRoot\{F750E6C3-38EE-11D1-85E5-00C04FC295EE}\Microsoft-Windows-ServerStandardEdition~31bf3856ad364e35~amd64~~10.0.20348.587.cat,Security,File,,,,0x8bc,C:\Windows\System32\svchost.exe,,S:AI,,SCAFFOLD,0x3e7,DC$,S-1-5-18,,,,,,,,,,,
2026-09-02T00:03:57.942227Z,4660,dc.scaffold.htb,Microsoft-Windows-Security-Auditing,Security,20087,0,,,,,,,,,0x4b4,,,,,,,,,,,,,,Security,,,,,0x8bc,C:\Windows\System32\svchost.exe,,,,SCAFFOLD,0x3e7,DC$,S-1-5-18,,,,,,,,,00000000-0000-0000-0000-000000000000,,
2026-09-02T00:04:12.562524Z,4985,dc.scaffold.htb,Microsoft-Windows-Security-Auditing,Security,20088,0,,,,,,,,,,,,,,,,,,,,48,,,,,,,,0x1288,C:\Windows\WinSxS\amd64_microsoft-windows-servicingstack_31bf3856ad364e35_10.0.20348.557_none_f1edaeb8515fa10d\TiWorker.exe,,,DA4CB52F-4F22-11F1-A9A6-8906DE6815CD,SCAFFOLD,0x3e7,DC$,S-1-5-18,,,,,,,,,299710AB-A661-11F1-9932-005056B98D90,,
2026-09-02T00:04:13.054952Z,4985,dc.scaffold.htb,Microsoft-Windows-Security-Auditing,Security,20089,0,,,,,,,,,,,,,,,,,,,,52,,,,,,,,0x1288,C:\Windows\WinSxS\amd64_microsoft-windows-servicingstack_31bf3856ad364e35_10.0.20348.557_none_f1edaeb8515fa10d\TiWorker.exe,,,DA4CB52F-4F22-11F1-A9A6-8906DE6815CD,SCAFFOLD,0x3e7,DC$,S-1-5-18,,,,,,,,,299710AB-A661-11F1-9932-005056B98D90,,
2026-09-02T00:04:13.406953Z,4663,dc.scaffold.htb,Microsoft-Windows-Security-Auditing,Security,20090,0,"%%1537
				",0x10000,,,,,,,0x500,,,,,,,,,,,,,C:\Windows\WinSxS\Temp\InFlight\5a81658d6e3add01090000008812a412\amd64_microsoft-windows-e..ions-serverstandard_31bf3856ad364e35_10.0.20348.587_none_75264e2a4b092c8a\EditionMappings.xml,Security,File,,,,0x1288,C:\Windows\WinSxS\amd64_microsoft-windows-servicingstack_31bf3856ad364e35_10.0.20348.557_none_f1edaeb8515fa10d\TiWorker.exe,,S:AI,,SCAFFOLD,0x3e7,DC$,S-1-5-18,,,,,,,,,,,
2026-09-02T00:04:13.406962Z,4660,dc.scaffold.htb,Microsoft-Windows-Security-Auditing,Security,20091,0,,,,,,,,,0x500,,,,,,,,,,,,,,Security,,,,,0x1288,C:\Windows\WinSxS\amd64_microsoft-windows-servicingstack_31bf3856ad364e35_10.0.20348.557_none_f1edaeb8515fa10d\TiWorker.exe,,,,SCAFFOLD,0x3e7,DC$,S-1-5-18,,,,,,,,,00000000-0000-0000-0000-000000000000,,
2026-09-02T00:04:13.407139Z,4663,dc.scaffold.htb,Microsoft-Windows-Security-Auditing,Security,20092,0,"%%1537
				",0x10000,,,,,,,0x4f4,,,,,,,,,,,,,C:\Windows\WinSxS\Temp\InFlight\5a81658d6e3add01090000008812a412\amd64_microsoft-windows-e..ions-serverstandard_31bf3856ad364e35_10.0.20348.587_none_75264e2a4b092c8a\EditionMatrix.xml,Security,File,,,,0x1288,C:\Windows\WinSxS\amd64_microsoft-windows-servicingstack_31bf3856ad364e35_10.0.20348.557_none_f1edaeb8515fa10d\TiWorker.exe,,S:AI,,SCAFFOLD,0x3e7,DC$,S-1-5-18,,,,,,,,,,,
2026-09-02T00:04:13.407162Z,4660,dc.scaffold.htb,Microsoft-Windows-Security-Auditing,Security,20093,0,,,,,,,,,0x4f4,,,,,,,,,,,,,,Security,,,,,0x1288,C:\Windows\WinSxS\amd64_microsoft-windows-servicingstack_31bf3856ad364e35_10.0.20348.557_none_f1edaeb8515fa10d\TiWorker.exe,,,,SCAFFOLD,0x3e7,DC$,S-1-5-18,,,,,,,,,00000000-0000-0000-0000-000000000000,,
2026-09-02T00:04:13.407518Z,4663,dc.scaffold.htb,Microsoft-Windows-Security-Auditing,Security,20094,0,"%%1537
				",0x10000,,,,,,,0x558,,,,,,,,,,,,,C:\Windows\WinSxS\Temp\InFlight\5a81658d6e3add01090000008812a412\amd64_microsoft-windows-e..ions-serverstandard_31bf3856ad364e35_10.0.20348.587_none_75264e2a4b092c8a\ServerDatacenterEdition.xml,Security,File,,,,0x1288,C:\Windows\WinSxS\amd64_microsoft-windows-servicingstack_31bf3856ad364e35_10.0.20348.557_none_f1edaeb8515fa10d\TiWorker.exe,,S:AI,,SCAFFOLD,0x3e7,DC$,S-1-5-18,,,,,,,,,,,
2026-09-02T00:04:13.407522Z,4660,dc.scaffold.htb,Microsoft-Windows-Security-Auditing,Security,20095,0,,,,,,,,,0x558,,,,,,,,,,,,,,Security,,,,,0x1288,C:\Windows\WinSxS\amd64_microsoft-windows-servicingstack_31bf3856ad364e35_10.0.20348.557_none_f1edaeb8515fa10d\TiWorker.exe,,,,SCAFFOLD,0x3e7,DC$,S-1-5-18,,,,,,,,,00000000-0000-0000-0000-000000000000,,
2026-09-02T00:04:13.407654Z,4663,dc.scaffold.htb,Microsoft-Windows-Security-Auditing,Security,20096,0,"%%1537
				",0x10000,,,,,,,0x554,,,,,,,,,,,,,C:\Windows\WinSxS\Temp\InFlight\5a81658d6e3add01090000008812a412\amd64_microsoft-windows-e..ions-serverstandard_31bf3856ad364e35_10.0.20348.587_none_75264e2a4b092c8a\ServerStandardEdition.xml,Security,File,,,,0x1288,C:\Windows\WinSxS\amd64_microsoft-windows-servicingstack_31bf3856ad364e35_10.0.20348.557_none_f1edaeb8515fa10d\TiWorker.exe,,S:AI,,SCAFFOLD,0x3e7,DC$,S-1-5-18,,,,,,,,,,,
2026-09-02T00:04:13.407658Z,4660,dc.scaffold.htb,Microsoft-Windows-Security-Auditing,Security,20097,0,,,,,,,,,0x554,,,,,,,,,,,,,,Security,,,,,0x1288,C:\Windows\WinSxS\amd64_microsoft-windows-servicingstack_31bf3856ad364e35_10.0.20348.557_none_f1edaeb8515fa10d\TiWorker.exe,,,,SCAFFOLD,0x3e7,DC$,S-1-5-18,,,,,,,,,00000000-0000-0000-0000-000000000000,,
2026-09-02T00:04:13.407779Z,4663,dc.scaffold.htb,Microsoft-Windows-Security-Auditing,Security,20098,0,"%%1537
				",0x10000,,,,,,,0x560,,,,,,,,,,,,,C:\Windows\WinSxS\Temp\InFlight\5a81658d6e3add01090000008812a412\amd64_microsoft-windows-e..ions-serverstandard_31bf3856ad364e35_10.0.20348.587_none_75264e2a4b092c8a\UpgradeMatrix.xml,Security,File,,,,0x1288,C:\Windows\WinSxS\amd64_microsoft-windows-servicingstack_31bf3856ad364e35_10.0.20348.557_none_f1edaeb8515fa10d\TiWorker.exe,,S:AI,,SCAFFOLD,0x3e7,DC$,S-1-5-18,,,,,,,,,,,
2026-09-02T00:04:13.407812Z,4660,dc.scaffold.htb,Microsoft-Windows-Security-Auditing,Security,20099,0,,,,,,,,,0x560,,,,,,,,,,,,,,Security,,,,,0x1288,C:\Windows\WinSxS\amd64_microsoft-windows-servicingstack_31bf3856ad364e35_10.0.20348.557_none_f1edaeb8515fa10d\TiWorker.exe,,,,SCAFFOLD,0x3e7,DC$,S-1-5-18,,,,,,,,,00000000-0000-0000-0000-000000000000,,
2026-09-02T00:04:13.407936Z,4663,dc.scaffold.htb,Microsoft-Windows-Security-Auditing,Security,20100,0,"%%1537
				",0x10000,,,,,,,0x548,,,,,,,,,,,,,C:\Windows\WinSxS\Temp\InFlight\5a81658d6e3add01090000008812a412\amd64_microsoft-windows-l..-oem-serverstandard_31bf3856ad364e35_10.0.20348.587_none_769897c91f3ce39a\license.rtf,Security,File,,,,0x1288,C:\Windows\WinSxS\amd64_microsoft-windows-servicingstack_31bf3856ad364e35_10.0.20348.557_none_f1edaeb8515fa10d\TiWorker.exe,,S:AI,,SCAFFOLD,0x3e7,DC$,S-1-5-18,,,,,,,,,,,
2026-09-02T00:04:13.407962Z,4660,dc.scaffold.htb,Microsoft-Windows-Security-Auditing,Security,20101,0,,,,,,,,,0x548,,,,,,,,,,,,,,Security,,,,,0x1288,C:\Windows\WinSxS\amd64_microsoft-windows-servicingstack_31bf3856ad364e35_10.0.20348.557_none_f1edaeb8515fa10d\TiWorker.exe,,,,SCAFFOLD,0x3e7,DC$,S-1-5-18,,,,,,,,,00000000-0000-0000-0000-000000000000,,
2026-09-02T00:04:13.408136Z,4663,dc.scaffold.htb,Microsoft-Windows-Security-Auditing,Security,20102,0,"%%1537
				",0x10000,,,,,,,0x52c,,,,,,,,,,,,,C:\Windows\WinSxS\Temp\InFlight\5a81658d6e3add01090000008812a412\amd64_microsoft-windows-l..ault-serverstandard_31bf3856ad364e35_10.0.20348.587_none_e89f7f7ccf8f70da\license.rtf,Security,File,,,,0x1288,C:\Windows\WinSxS\amd64_microsoft-windows-servicingstack_31bf3856ad364e35_10.0.20348.557_none_f1edaeb8515fa10d\TiWorker.exe,,S:AI,,SCAFFOLD,0x3e7,DC$,S-1-5-18,,,,,,,,,,,
2026-09-02T00:04:13.408141Z,4660,dc.scaffold.htb,Microsoft-Windows-Security-Auditing,Security,20103,0,,,,,,,,,0x52c,,,,,,,,,,,,,,Security,,,,,0x1288,C:\Windows\WinSxS\amd64_microsoft-windows-servicingstack_31bf3856ad364e35_10.0.20348.557_none_f1edaeb8515fa10d\TiWorker.exe,,,,SCAFFOLD,0x3e7,DC$,S-1-5-18,,,,,,,,,00000000-0000-0000-0000-000000000000,,
2026-09-02T00:04:13.408278Z,4663,dc.scaffold.htb,Microsoft-Windows-Security-Auditing,Security,20104,0,"%%1537
				",0x10000,,,,,,,0x4e4,,,,,,,,,,,,,C:\Windows\WinSxS\Temp\InFlight\5a81658d6e3add01090000008812a412\amd64_microsoft-windows-l..eval-serverstandard_31bf3856ad364e35_10.0.20348.587_none_b656c31c8b55704f\license.rtf,Security,File,,,,0x1288,C:\Windows\WinSxS\amd64_microsoft-windows-servicingstack_31bf3856ad364e35_10.0.20348.557_none_f1edaeb8515fa10d\TiWorker.exe,,S:AI,,SCAFFOLD,0x3e7,DC$,S-1-5-18,,,,,,,,,,,
2026-09-02T00:04:13.408305Z,4660,dc.scaffold.htb,Microsoft-Windows-Security-Auditing,Security,20105,0,,,,,,,,,0x4e4,,,,,,,,,,,,,,Security,,,,,0x1288,C:\Windows\WinSxS\amd64_microsoft-windows-servicingstack_31bf3856ad364e35_10.0.20348.557_none_f1edaeb8515fa10d\TiWorker.exe,,,,SCAFFOLD,0x3e7,DC$,S-1-5-18,,,,,,,,,00000000-0000-0000-0000-000000000000,,
2026-09-02T00:04:13.408431Z,4663,dc.scaffold.htb,Microsoft-Windows-Security-Auditing,Security,20106,0,"%%1537
				",0x10000,,,,,,,0x508,,,,,,,,,,,,,C:\Windows\WinSxS\Temp\InFlight\5a81658d6e3add01090000008812a412\amd64_microsoft-windows-l..lume-serverstandard_31bf3856ad364e35_10.0.20348.587_none_d389aba6428a661b\license.rtf,Security,File,,,,0x1288,C:\Windows\WinSxS\amd64_microsoft-windows-servicingstack_31bf3856ad364e35_10.0.20348.557_none_f1edaeb8515fa10d\TiWorker.exe,,S:AI,,SCAFFOLD,0x3e7,DC$,S-1-5-18,,,,,,,,,,,
2026-09-02T00:04:13.408484Z,4660,dc.scaffold.htb,Microsoft-Windows-Security-Auditing,Security,20107,0,,,,,,,,,0x508,,,,,,,,,,,,,,Security,,,,,0x1288,C:\Windows\WinSxS\amd64_microsoft-windows-servicingstack_31bf3856ad364e35_10.0.20348.557_none_f1edaeb8515fa10d\TiWorker.exe,,,,SCAFFOLD,0x3e7,DC$,S-1-5-18,,,,,,,,,00000000-0000-0000-0000-000000000000,,
2026-09-02T00:04:13.408618Z,4663,dc.scaffold.htb,Microsoft-Windows-Security-Auditing,Security,20108,0,"%%1537
				",0x10000,,,,,,,0x538,,,,,,,,,,,,,C:\Windows\WinSxS\Temp\InFlight\5a81658d6e3add01090000008812a412\amd64_microsoft-windows-l..rstandard.resources_31bf3856ad364e35_10.0.20348.587_en-us_32addbce013a539a\license.rtf,Security,File,,,,0x1288,C:\Windows\WinSxS\amd64_microsoft-windows-servicingstack_31bf3856ad364e35_10.0.20348.557_none_f1edaeb8515fa10d\TiWorker.exe,,S:AI,,SCAFFOLD,0x3e7,DC$,S-1-5-18,,,,,,,,,,,
2026-09-02T00:04:13.408622Z,4660,dc.scaffold.htb,Microsoft-Windows-Security-Auditing,Security,20109,0,,,,,,,,,0x538,,,,,,,,,,,,,,Security,,,,,0x1288,C:\Windows\WinSxS\amd64_microsoft-windows-servicingstack_31bf3856ad364e35_10.0.20348.557_none_f1edaeb8515fa10d\TiWorker.exe,,,,SCAFFOLD,0x3e7,DC$,S-1-5-18,,,,,,,,,00000000-0000-0000-0000-000000000000,,
2026-09-02T00:04:13.408747Z,4663,dc.scaffold.htb,Microsoft-Windows-Security-Auditing,Security,20110,0,"%%1537
				",0x10000,,,,,,,0x504,,,,,,,,,,,,,C:\Windows\WinSxS\Temp\InFlight\5a81658d6e3add01090000008812a412\amd64_microsoft-windows-l..rstandard.resources_31bf3856ad364e35_10.0.20348.587_en-us_4dbe6ceaa0871283\license.rtf,Security,File,,,,0x1288,C:\Windows\WinSxS\amd64_microsoft-windows-servicingstack_31bf3856ad364e35_10.0.20348.557_none_f1edaeb8515fa10d\TiWorker.exe,,S:AI,,SCAFFOLD,0x3e7,DC$,S-1-5-18,,,,,,,,,,,
2026-09-02T00:04:13.408751Z,4660,dc.scaffold.htb,Microsoft-Windows-Security-Auditing,Security,20111,0,,,,,,,,,0x504,,,,,,,,,,,,,,Security,,,,,0x1288,C:\Windows\WinSxS\amd64_microsoft-windows-servicingstack_31bf3856ad364e35_10.0.20348.557_none_f1edaeb8515fa10d\TiWorker.exe,,,,SCAFFOLD,0x3e7,DC$,S-1-5-18,,,,,,,,,00000000-0000-0000-0000-000000000000,,
2026-09-02T00:04:13.408842Z,4663,dc.scaffold.htb,Microsoft-Windows-Security-Auditing,Security,20112,0,"%%1537
				",0x10000,,,,,,,0x448,,,,,,,,,,,,,C:\Windows\WinSxS\Temp\InFlight\5a81658d6e3add01090000008812a412\amd64_microsoft-windows-l..rstandard.resources_31bf3856ad364e35_10.0.20348.587_en-us_7d4dce29da524d4b\license.rtf,Security,File,,,,0x1288,C:\Windows\WinSxS\amd64_microsoft-windows-servicingstack_31bf3856ad364e35_10.0.20348.557_none_f1edaeb8515fa10d\TiWorker.exe,,S:AI,,SCAFFOLD,0x3e7,DC$,S-1-5-18,,,,,,,,,,,
2026-09-02T00:04:13.408849Z,4660,dc.scaffold.htb,Microsoft-Windows-Security-Auditing,Security,20113,0,,,,,,,,,0x448,,,,,,,,,,,,,,Security,,,,,0x1288,C:\Windows\WinSxS\amd64_microsoft-windows-servicingstack_31bf3856ad364e35_10.0.20348.557_none_f1edaeb8515fa10d\TiWorker.exe,,,,SCAFFOLD,0x3e7,DC$,S-1-5-18,,,,,,,,,00000000-0000-0000-0000-000000000000,,
2026-09-02T00:04:13.408927Z,4663,dc.scaffold.htb,Microsoft-Windows-Security-Auditing,Security,20114,0,"%%1537
				",0x10000,,,,,,,0x424,,,,,,,,,,,,,C:\Windows\WinSxS\Temp\InFlight\5a81658d6e3add01090000008812a412\amd64_microsoft-windows-l..rstandard.resources_31bf3856ad364e35_10.0.20348.587_en-us_e2cd9113d8ef9672\license.rtf,Security,File,,,,0x1288,C:\Windows\WinSxS\amd64_microsoft-windows-servicingstack_31bf3856ad364e35_10.0.20348.557_none_f1edaeb8515fa10d\TiWorker.exe,,S:AI,,SCAFFOLD,0x3e7,DC$,S-1-5-18,,,,,,,,,,,
2026-09-02T00:04:13.408932Z,4660,dc.scaffold.htb,Microsoft-Windows-Security-Auditing,Security,20115,0,,,,,,,,,0x424,,,,,,,,,,,,,,Security,,,,,0x1288,C:\Windows\WinSxS\amd64_microsoft-windows-servicingstack_31bf3856ad364e35_10.0.20348.557_none_f1edaeb8515fa10d\TiWorker.exe,,,,SCAFFOLD,0x3e7,DC$,S-1-5-18,,,,,,,,,00000000-0000-0000-0000-000000000000,,
2026-09-02T00:04:13.409008Z,4663,dc.scaffold.htb,Microsoft-Windows-Security-Auditing,Security,20116,0,"%%1537
				",0x10000,,,,,,,0x570,,,,,,,,,,,,,C:\Windows\WinSxS\Temp\InFlight\5a81658d6e3add01090000008812a412\amd64_microsoft-windows-s..verstandard-license_31bf3856ad364e35_10.0.20348.502_none_786ef48d870df8b0\DefaultPpd-ServerStandard-ppdlic.xrm-ms,Security,File,,,,0x1288,C:\Windows\WinSxS\amd64_microsoft-windows-servicingstack_31bf3856ad364e35_10.0.20348.557_none_f1edaeb8515fa10d\TiWorker.exe,,S:AI,,SCAFFOLD,0x3e7,DC$,S-1-5-18,,,,,,,,,,,
2026-09-02T00:04:13.409012Z,4660,dc.scaffold.htb,Microsoft-Windows-Security-Auditing,Security,20117,0,,,,,,,,,0x570,,,,,,,,,,,,,,Security,,,,,0x1288,C:\Windows\WinSxS\amd64_microsoft-windows-servicingstack_31bf3856ad364e35_10.0.20348.557_none_f1edaeb8515fa10d\TiWorker.exe,,,,SCAFFOLD,0x3e7,DC$,S-1-5-18,,,,,,,,,00000000-0000-0000-0000-000000000000,,
2026-09-02T00:04:13.424159Z,4663,dc.scaffold.htb,Microsoft-Windows-Security-Auditing,Security,20118,0,"%%1537
				",0x10000,,,,,,,0x6c0,,,,,,,,,,,,,C:\Windows\WinSxS\Temp\InFlight\5a81658d6e3add01090000008812a412\amd64_microsoft-windows-s..verstandard-license_31bf3856ad364e35_10.0.20348.502_none_786ef48d870df8b0\ServerStandard-OEM-DM-1-pl-rtm.xrm-ms,Security,File,,,,0x1288,C:\Windows\WinSxS\amd64_microsoft-windows-servicingstack_31bf3856ad364e35_10.0.20348.557_none_f1edaeb8515fa10d\TiWorker.exe,,S:AI,,SCAFFOLD,0x3e7,DC$,S-1-5-18,,,,,,,,,,,
2026-09-02T00:04:13.424200Z,4660,dc.scaffold.htb,Microsoft-Windows-Security-Auditing,Security,20119,0,,,,,,,,,0x6c0,,,,,,,,,,,,,,Security,,,,,0x1288,C:\Windows\WinSxS\amd64_microsoft-windows-servicingstack_31bf3856ad364e35_10.0.20348.557_none_f1edaeb8515fa10d\TiWorker.exe,,,,SCAFFOLD,0x3e7,DC$,S-1-5-18,,,,,,,,,00000000-0000-0000-0000-000000000000,,
2026-09-02T00:04:13.424319Z,4663,dc.scaffold.htb,Microsoft-Windows-Security-Auditing,Security,20120,0,"%%1537
				",0x10000,,,,,,,0x6c4,,,,,,,,,,,,,C:\Windows\WinSxS\Temp\InFlight\5a81658d6e3add01090000008812a412\amd64_microsoft-windows-s..verstandard-license_31bf3856ad364e35_10.0.20348.502_none_786ef48d870df8b0\ServerStandard-OEM-DM-1-ul-oob-rtm.xrm-ms,Security,File,,,,0x1288,C:\Windows\WinSxS\amd64_microsoft-windows-servicingstack_31bf3856ad364e35_10.0.20348.557_none_f1edaeb8515fa10d\TiWorker.exe,,S:AI,,SCAFFOLD,0x3e7,DC$,S-1-5-18,,,,,,,,,,,
2026-09-02T00:04:13.424344Z,4660,dc.scaffold.htb,Microsoft-Windows-Security-Auditing,Security,20121,0,,,,,,,,,0x6c4,,,,,,,,,,,,,,Security,,,,,0x1288,C:\Windows\WinSxS\amd64_microsoft-windows-servicingstack_31bf3856ad364e35_10.0.20348.557_none_f1edaeb8515fa10d\TiWorker.exe,,,,SCAFFOLD,0x3e7,DC$,S-1-5-18,,,,,,,,,00000000-0000-0000-0000-000000000000,,
2026-09-02T00:04:13.424496Z,4663,dc.scaffold.htb,Microsoft-Windows-Security-Auditing,Security,20122,0,"%%1537
				",0x10000,,,,,,,0x6c8,,,,,,,,,,,,,C:\Windows\WinSxS\Temp\InFlight\5a81658d6e3add01090000008812a412\amd64_microsoft-windows-s..verstandard-license_31bf3856ad364e35_10.0.20348.502_none_786ef48d870df8b0\ServerStandard-OEM-DM-1-ul-phn-rtm.xrm-ms,Security,File,,,,0x1288,C:\Windows\WinSxS\amd64_microsoft-windows-servicingstack_31bf3856ad364e35_10.0.20348.557_none_f1edaeb8515fa10d\TiWorker.exe,,S:AI,,SCAFFOLD,0x3e7,DC$,S-1-5-18,,,,,,,,,,,
2026-09-02T00:04:13.424531Z,4660,dc.scaffold.htb,Microsoft-Windows-Security-Auditing,Security,20123,0,,,,,,,,,0x6c8,,,,,,,,,,,,,,Security,,,,,0x1288,C:\Windows\WinSxS\amd64_microsoft-windows-servicingstack_31bf3856ad364e35_10.0.20348.557_none_f1edaeb8515fa10d\TiWorker.exe,,,,SCAFFOLD,0x3e7,DC$,S-1-5-18,,,,,,,,,00000000-0000-0000-0000-000000000000,,
2026-09-02T00:04:13.424673Z,4663,dc.scaffold.htb,Microsoft-Windows-Security-Auditing,Security,20124,0,"%%1537
				",0x10000,,,,,,,0x6cc,,,,,,,,,,,,,C:\Windows\WinSxS\Temp\InFlight\5a81658d6e3add01090000008812a412\amd64_microsoft-windows-s..verstandard-license_31bf3856ad364e35_10.0.20348.502_none_786ef48d870df8b0\ServerStandard-OEM-DM-1-ul-store-rtm.xrm-ms,Security,File,,,,0x1288,C:\Windows\WinSxS\amd64_microsoft-windows-servicingstack_31bf3856ad364e35_10.0.20348.557_none_f1edaeb8515fa10d\TiWorker.exe,,S:AI,,SCAFFOLD,0x3e7,DC$,S-1-5-18,,,,,,,,,,,
2026-09-02T00:04:13.424676Z,4660,dc.scaffold.htb,Microsoft-Windows-Security-Auditing,Security,20125,0,,,,,,,,,0x6cc,,,,,,,,,,,,,,Security,,,,,0x1288,C:\Windows\WinSxS\amd64_microsoft-windows-servicingstack_31bf3856ad364e35_10.0.20348.557_none_f1edaeb8515fa10d\TiWorker.exe,,,,SCAFFOLD,0x3e7,DC$,S-1-5-18,,,,,,,,,00000000-0000-0000-0000-000000000000,,
2026-09-02T00:04:13.424777Z,4663,dc.scaffold.htb,Microsoft-Windows-Security-Auditing,Security,20126,0,"%%1537
				",0x10000,,,,,,,0x6d0,,,,,,,,,,,,,C:\Windows\WinSxS\Temp\InFlight\5a81658d6e3add01090000008812a412\amd64_microsoft-windows-s..verstandard-license_31bf3856ad364e35_10.0.20348.502_none_786ef48d870df8b0\ServerStandard-OEM-DM-2-pl-rtm.xrm-ms,Security,File,,,,0x1288,C:\Windows\WinSxS\amd64_microsoft-windows-servicingstack_31bf3856ad364e35_10.0.20348.557_none_f1edaeb8515fa10d\TiWorker.exe,,S:AI,,SCAFFOLD,0x3e7,DC$,S-1-5-18,,,,,,,,,,,
2026-09-02T00:04:13.424780Z,4660,dc.scaffold.htb,Microsoft-Windows-Security-Auditing,Security,20127,0,,,,,,,,,0x6d0,,,,,,,,,,,,,,Security,,,,,0x1288,C:\Windows\WinSxS\amd64_microsoft-windows-servicingstack_31bf3856ad364e35_10.0.20348.557_none_f1edaeb8515fa10d\TiWorker.exe,,,,SCAFFOLD,0x3e7,DC$,S-1-5-18,,,,,,,,,00000000-0000-0000-0000-000000000000,,
2026-09-02T00:04:13.424876Z,4663,dc.scaffold.htb,Microsoft-Windows-Security-Auditing,Security,20128,0,"%%1537
				",0x10000,,,,,,,0x6d4,,,,,,,,,,,,,C:\Windows\WinSxS\Temp\InFlight\5a81658d6e3add01090000008812a412\amd64_microsoft-windows-s..verstandard-license_31bf3856ad364e35_10.0.20348.502_none_786ef48d870df8b0\ServerStandard-OEM-DM-2-ul-oob-rtm.xrm-ms,Security,File,,,,0x1288,C:\Windows\WinSxS\amd64_microsoft-windows-servicingstack_31bf3856ad364e35_10.0.20348.557_none_f1edaeb8515fa10d\TiWorker.exe,,S:AI,,SCAFFOLD,0x3e7,DC$,S-1-5-18,,,,,,,,,,,
2026-09-02T00:04:13.424886Z,4660,dc.scaffold.htb,Microsoft-Windows-Security-Auditing,Security,20129,0,,,,,,,,,0x6d4,,,,,,,,,,,,,,Security,,,,,0x1288,C:\Windows\WinSxS\amd64_microsoft-windows-servicingstack_31bf3856ad364e35_10.0.20348.557_none_f1edaeb8515fa10d\TiWorker.exe,,,,SCAFFOLD,0x3e7,DC$,S-1-5-18,,,,,,,,,00000000-0000-0000-0000-000000000000,,
2026-09-02T00:04:13.424992Z,4663,dc.scaffold.htb,Microsoft-Windows-Security-Auditing,Security,20130,0,"%%1537
				",0x10000,,,,,,,0x6d8,,,,,,,,,,,,,C:\Windows\WinSxS\Temp\InFlight\5a81658d6e3add01090000008812a412\amd64_microsoft-windows-s..verstandard-license_31bf3856ad364e35_10.0.20348.502_none_786ef48d870df8b0\ServerStandard-OEM-DM-2-ul-phn-rtm.xrm-ms,Security,File,,,,0x1288,C:\Windows\WinSxS\amd64_microsoft-windows-servicingstack_31bf3856ad364e35_10.0.20348.557_none_f1edaeb8515fa10d\TiWorker.exe,,S:AI,,SCAFFOLD,0x3e7,DC$,S-1-5-18,,,,,,,,,,,
2026-09-02T00:04:13.424996Z,4660,dc.scaffold.htb,Microsoft-Windows-Security-Auditing,Security,20131,0,,,,,,,,,0x6d8,,,,,,,,,,,,,,Security,,,,,0x1288,C:\Windows\WinSxS\amd64_microsoft-windows-servicingstack_31bf3856ad364e35_10.0.20348.557_none_f1edaeb8515fa10d\TiWorker.exe,,,,SCAFFOLD,0x3e7,DC$,S-1-5-18,,,,,,,,,00000000-0000-0000-0000-000000000000,,
2026-09-02T00:04:13.425092Z,4663,dc.scaffold.htb,Microsoft-Windows-Security-Auditing,Security,20132,0,"%%1537
				",0x10000,,,,,,,0x6dc,,,,,,,,,,,,,C:\Windows\WinSxS\Temp\InFlight\5a81658d6e3add01090000008812a412\amd64_microsoft-windows-s..verstandard-license_31bf3856ad364e35_10.0.20348.502_none_786ef48d870df8b0\ServerStandard-OEM-DM-2-ul-store-rtm.xrm-ms,Security,File,,,,0x1288,C:\Windows\WinSxS\amd64_microsoft-windows-servicingstack_31bf3856ad364e35_10.0.20348.557_none_f1edaeb8515fa10d\TiWorker.exe,,S:AI,,SCAFFOLD,0x3e7,DC$,S-1-5-18,,,,,,,,,,,
2026-09-02T00:04:13.425095Z,4660,dc.scaffold.htb,Microsoft-Windows-Security-Auditing,Security,20133,0,,,,,,,,,0x6dc,,,,,,,,,,,,,,Security,,,,,0x1288,C:\Windows\WinSxS\amd64_microsoft-windows-servicingstack_31bf3856ad364e35_10.0.20348.557_none_f1edaeb8515fa10d\TiWorker.exe,,,,SCAFFOLD,0x3e7,DC$,S-1-5-18,,,,,,,,,00000000-0000-0000-0000-000000000000,,
2026-09-02T00:04:13.425183Z,4663,dc.scaffold.htb,Microsoft-Windows-Security-Auditing,Security,20134,0,"%%1537
				",0x10000,,,,,,,0x6e0,,,,,,,,,,,,,C:\Windows\WinSxS\Temp\InFlight\5a81658d6e3add01090000008812a412\amd64_microsoft-windows-s..verstandard-license_31bf3856ad364e35_10.0.20348.502_none_786ef48d870df8b0\ServerStandard-OEM-NONSLP-1-pl-rtm.xrm-ms,Security,File,,,,0x1288,C:\Windows\WinSxS\amd64_microsoft-windows-servicingstack_31bf3856ad364e35_10.0.20348.557_none_f1edaeb8515fa10d\TiWorker.exe,,S:AI,,SCAFFOLD,0x3e7,DC$,S-1-5-18,,,,,,,,,,,
2026-09-02T00:04:13.425230Z,4660,dc.scaffold.htb,Microsoft-Windows-Security-Auditing,Security,20135,0,,,,,,,,,0x6e0,,,,,,,,,,,,,,Security,,,,,0x1288,C:\Windows\WinSxS\amd64_microsoft-windows-servicingstack_31bf3856ad364e35_10.0.20348.557_none_f1edaeb8515fa10d\TiWorker.exe,,,,SCAFFOLD,0x3e7,DC$,S-1-5-18,,,,,,,,,00000000-0000-0000-0000-000000000000,,
2026-09-02T00:04:13.425273Z,4663,dc.scaffold.htb,Microsoft-Windows-Security-Auditing,Security,20136,0,"%%1537
				",0x10000,,,,,,,0x6e4,,,,,,,,,,,,,C:\Windows\WinSxS\Temp\InFlight\5a81658d6e3add01090000008812a412\amd64_microsoft-windows-s..verstandard-license_31bf3856ad364e35_10.0.20348.502_none_786ef48d870df8b0\ServerStandard-OEM-NONSLP-1-ul-oob-rtm.xrm-ms,Security,File,,,,0x1288,C:\Windows\WinSxS\amd64_microsoft-windows-servicingstack_31bf3856ad364e35_10.0.20348.557_none_f1edaeb8515fa10d\TiWorker.exe,,S:AI,,SCAFFOLD,0x3e7,DC$,S-1-5-18,,,,,,,,,,,
2026-09-02T00:04:13.425277Z,4660,dc.scaffold.htb,Microsoft-Windows-Security-Auditing,Security,20137,0,,,,,,,,,0x6e4,,,,,,,,,,,,,,Security,,,,,0x1288,C:\Windows\WinSxS\amd64_microsoft-windows-servicingstack_31bf3856ad364e35_10.0.20348.557_none_f1edaeb8515fa10d\TiWorker.exe,,,,SCAFFOLD,0x3e7,DC$,S-1-5-18,,,,,,,,,00000000-0000-0000-0000-000000000000,,
2026-09-02T00:04:13.425378Z,4663,dc.scaffold.htb,Microsoft-Windows-Security-Auditing,Security,20138,0,"%%1537
				",0x10000,,,,,,,0x6e8,,,,,,,,,,,,,C:\Windows\WinSxS\Temp\InFlight\5a81658d6e3add01090000008812a412\amd64_microsoft-windows-s..verstandard-license_31bf3856ad364e35_10.0.20348.502_none_786ef48d870df8b0\ServerStandard-OEM-NONSLP-1-ul-phn-rtm.xrm-ms,Security,File,,,,0x1288,C:\Windows\WinSxS\amd64_microsoft-windows-servicingstack_31bf3856ad364e35_10.0.20348.557_none_f1edaeb8515fa10d\TiWorker.exe,,S:AI,,SCAFFOLD,0x3e7,DC$,S-1-5-18,,,,,,,,,,,
2026-09-02T00:04:13.425381Z,4660,dc.scaffold.htb,Microsoft-Windows-Security-Auditing,Security,20139,0,,,,,,,,,0x6e8,,,,,,,,,,,,,,Security,,,,,0x1288,C:\Windows\WinSxS\amd64_microsoft-windows-servicingstack_31bf3856ad364e35_10.0.20348.557_none_f1edaeb8515fa10d\TiWorker.exe,,,,SCAFFOLD,0x3e7,DC$,S-1-5-18,,,,,,,,,00000000-0000-0000-0000-000000000000,,
2026-09-02T00:04:13.425469Z,4663,dc.scaffold.htb,Microsoft-Windows-Security-Auditing,Security,20140,0,"%%1537
				",0x10000,,,,,,,0x6ec,,,,,,,,,,,,,C:\Windows\WinSxS\Temp\InFlight\5a81658d6e3add01090000008812a412\amd64_microsoft-windows-s..verstandard-license_31bf3856ad364e35_10.0.20348.502_none_786ef48d870df8b0\ServerStandard-OEM-NONSLP-1-ul-store-rtm.xrm-ms,Security,File,,,,0x1288,C:\Windows\WinSxS\amd64_microsoft-windows-servicingstack_31bf3856ad364e35_10.0.20348.557_none_f1edaeb8515fa10d\TiWorker.exe,,S:AI,,SCAFFOLD,0x3e7,DC$,S-1-5-18,,,,,,,,,,,
2026-09-02T00:04:13.425472Z,4660,dc.scaffold.htb,Microsoft-Windows-Security-Auditing,Security,20141,0,,,,,,,,,0x6ec,,,,,,,,,,,,,,Security,,,,,0x1288,C:\Windows\WinSxS\amd64_microsoft-windows-servicingstack_31bf3856ad364e35_10.0.20348.557_none_f1edaeb8515fa10d\TiWorker.exe,,,,SCAFFOLD,0x3e7,DC$,S-1-5-18,,,,,,,,,00000000-0000-0000-0000-000000000000,,
2026-09-02T00:04:13.425557Z,4663,dc.scaffold.htb,Microsoft-Windows-Security-Auditing,Security,20142,0,"%%1537
				",0x10000,,,,,,,0x6f0,,,,,,,,,,,,,C:\Windows\WinSxS\Temp\InFlight\5a81658d6e3add01090000008812a412\amd64_microsoft-windows-s..verstandard-license_31bf3856ad364e35_10.0.20348.502_none_786ef48d870df8b0\ServerStandard-OEM-NONSLP-2-pl-rtm.xrm-ms,Security,File,,,,0x1288,C:\Windows\WinSxS\amd64_microsoft-windows-servicingstack_31bf3856ad364e35_10.0.20348.557_none_f1edaeb8515fa10d\TiWorker.exe,,S:AI,,SCAFFOLD,0x3e7,DC$,S-1-5-18,,,,,,,,,,,
2026-09-02T00:04:13.425560Z,4660,dc.scaffold.htb,Microsoft-Windows-Security-Auditing,Security,20143,0,,,,,,,,,0x6f0,,,,,,,,,,,,,,Security,,,,,0x1288,C:\Windows\WinSxS\amd64_microsoft-windows-servicingstack_31bf3856ad364e35_10.0.20348.557_none_f1edaeb8515fa10d\TiWorker.exe,,,,SCAFFOLD,0x3e7,DC$,S-1-5-18,,,,,,,,,00000000-0000-0000-0000-000000000000,,
2026-09-02T00:04:13.425645Z,4663,dc.scaffold.htb,Microsoft-Windows-Security-Auditing,Security,20144,0,"%%1537
				",0x10000,,,,,,,0x6f4,,,,,,,,,,,,,C:\Windows\WinSxS\Temp\InFlight\5a81658d6e3add01090000008812a412\amd64_microsoft-windows-s..verstandard-license_31bf3856ad364e35_10.0.20348.502_none_786ef48d870df8b0\ServerStandard-OEM-NONSLP-2-ul-oob-rtm.xrm-ms,Security,File,,,,0x1288,C:\Windows\WinSxS\amd64_microsoft-windows-servicingstack_31bf3856ad364e35_10.0.20348.557_none_f1edaeb8515fa10d\TiWorker.exe,,S:AI,,SCAFFOLD,0x3e7,DC$,S-1-5-18,,,,,,,,,,,
2026-09-02T00:04:13.425648Z,4660,dc.scaffold.htb,Microsoft-Windows-Security-Auditing,Security,20145,0,,,,,,,,,0x6f4,,,,,,,,,,,,,,Security,,,,,0x1288,C:\Windows\WinSxS\amd64_microsoft-windows-servicingstack_31bf3856ad364e35_10.0.20348.557_none_f1edaeb8515fa10d\TiWorker.exe,,,,SCAFFOLD,0x3e7,DC$,S-1-5-18,,,,,,,,,00000000-0000-0000-0000-000000000000,,
2026-09-02T00:04:13.425753Z,4663,dc.scaffold.htb,Microsoft-Windows-Security-Auditing,Security,20146,0,"%%1537
				",0x10000,,,,,,,0x6f8,,,,,,,,,,,,,C:\Windows\WinSxS\Temp\InFlight\5a81658d6e3add01090000008812a412\amd64_microsoft-windows-s..verstandard-license_31bf3856ad364e35_10.0.20348.502_none_786ef48d870df8b0\ServerStandard-OEM-NONSLP-2-ul-phn-rtm.xrm-ms,Security,File,,,,0x1288,C:\Windows\WinSxS\amd64_microsoft-windows-servicingstack_31bf3856ad364e35_10.0.20348.557_none_f1edaeb8515fa10d\TiWorker.exe,,S:AI,,SCAFFOLD,0x3e7,DC$,S-1-5-18,,,,,,,,,,,
2026-09-02T00:04:13.425756Z,4660,dc.scaffold.htb,Microsoft-Windows-Security-Auditing,Security,20147,0,,,,,,,,,0x6f8,,,,,,,,,,,,,,Security,,,,,0x1288,C:\Windows\WinSxS\amd64_microsoft-windows-servicingstack_31bf3856ad364e35_10.0.20348.557_none_f1edaeb8515fa10d\TiWorker.exe,,,,SCAFFOLD,0x3e7,DC$,S-1-5-18,,,,,,,,,00000000-0000-0000-0000-000000000000,,
2026-09-02T00:04:13.425849Z,4663,dc.scaffold.htb,Microsoft-Windows-Security-Auditing,Security,20148,0,"%%1537
				",0x10000,,,,,,,0x6fc,,,,,,,,,,,,,C:\Windows\WinSxS\Temp\InFlight\5a81658d6e3add01090000008812a412\amd64_microsoft-windows-s..verstandard-license_31bf3856ad364e35_10.0.20348.502_none_786ef48d870df8b0\ServerStandard-OEM-NONSLP-2-ul-store-rtm.xrm-ms,Security,File,,,,0x1288,C:\Windows\WinSxS\amd64_microsoft-windows-servicingstack_31bf3856ad364e35_10.0.20348.557_none_f1edaeb8515fa10d\TiWorker.exe,,S:AI,,SCAFFOLD,0x3e7,DC$,S-1-5-18,,,,,,,,,,,
2026-09-02T00:04:13.425852Z,4660,dc.scaffold.htb,Microsoft-Windows-Security-Auditing,Security,20149,0,,,,,,,,,0x6fc,,,,,,,,,,,,,,Security,,,,,0x1288,C:\Windows\WinSxS\amd64_microsoft-windows-servicingstack_31bf3856ad364e35_10.0.20348.557_none_f1edaeb8515fa10d\TiWorker.exe,,,,SCAFFOLD,0x3e7,DC$,S-1-5-18,,,,,,,,,00000000-0000-0000-0000-000000000000,,
2026-09-02T00:04:13.425956Z,4663,dc.scaffold.htb,Microsoft-Windows-Security-Auditing,Security,20150,0,"%%1537
				",0x10000,,,,,,,0x700,,,,,,,,,,,,,C:\Windows\WinSxS\Temp\InFlight\5a81658d6e3add01090000008812a412\amd64_microsoft-windows-s..verstandard-license_31bf3856ad364e35_10.0.20348.502_none_786ef48d870df8b0\ServerStandard-OEM-SLP-1-ul-oob-rtm.xrm-ms,Security,File,,,,0x1288,C:\Windows\WinSxS\amd64_microsoft-windows-servicingstack_31bf3856ad364e35_10.0.20348.557_none_f1edaeb8515fa10d\TiWorker.exe,,S:AI,,SCAFFOLD,0x3e7,DC$,S-1-5-18,,,,,,,,,,,
2026-09-02T00:04:13.425959Z,4660,dc.scaffold.htb,Microsoft-Windows-Security-Auditing,Security,20151,0,,,,,,,,,0x700,,,,,,,,,,,,,,Security,,,,,0x1288,C:\Windows\WinSxS\amd64_microsoft-windows-servicingstack_31bf3856ad364e35_10.0.20348.557_none_f1edaeb8515fa10d\TiWorker.exe,,,,SCAFFOLD,0x3e7,DC$,S-1-5-18,,,,,,,,,00000000-0000-0000-0000-000000000000,,
2026-09-02T00:04:13.426048Z,4663,dc.scaffold.htb,Microsoft-Windows-Security-Auditing,Security,20152,0,"%%1537
				",0x10000,,,,,,,0x704,,,,,,,,,,,,,C:\Windows\WinSxS\Temp\InFlight\5a81658d6e3add01090000008812a412\amd64_microsoft-windows-s..verstandard-license_31bf3856ad364e35_10.0.20348.502_none_786ef48d870df8b0\ServerStandard-OEM-SLP-1-ul-rtm.xrm-ms,Security,File,,,,0x1288,C:\Windows\WinSxS\amd64_microsoft-windows-servicingstack_31bf3856ad364e35_10.0.20348.557_none_f1edaeb8515fa10d\TiWorker.exe,,S:AI,,SCAFFOLD,0x3e7,DC$,S-1-5-18,,,,,,,,,,,
2026-09-02T00:04:13.426073Z,4660,dc.scaffold.htb,Microsoft-Windows-Security-Auditing,Security,20153,0,,,,,,,,,0x704,,,,,,,,,,,,,,Security,,,,,0x1288,C:\Windows\WinSxS\amd64_microsoft-windows-servicingstack_31bf3856ad364e35_10.0.20348.557_none_f1edaeb8515fa10d\TiWorker.exe,,,,SCAFFOLD,0x3e7,DC$,S-1-5-18,,,,,,,,,00000000-0000-0000-0000-000000000000,,
2026-09-02T00:04:13.426142Z,4663,dc.scaffold.htb,Microsoft-Windows-Security-Auditing,Security,20154,0,"%%1537
				",0x10000,,,,,,,0x708,,,,,,,,,,,,,C:\Windows\WinSxS\Temp\InFlight\5a81658d6e3add01090000008812a412\amd64_microsoft-windows-s..verstandard-license_31bf3856ad364e35_10.0.20348.502_none_786ef48d870df8b0\ServerStandard-OEM-SLP-2-ul-oob-rtm.xrm-ms,Security,File,,,,0x1288,C:\Windows\WinSxS\amd64_microsoft-windows-servicingstack_31bf3856ad364e35_10.0.20348.557_none_f1edaeb8515fa10d\TiWorker.exe,,S:AI,,SCAFFOLD,0x3e7,DC$,S-1-5-18,,,,,,,,,,,
2026-09-02T00:04:13.426145Z,4660,dc.scaffold.htb,Microsoft-Windows-Security-Auditing,Security,20155,0,,,,,,,,,0x708,,,,,,,,,,,,,,Security,,,,,0x1288,C:\Windows\WinSxS\amd64_microsoft-windows-servicingstack_31bf3856ad364e35_10.0.20348.557_none_f1edaeb8515fa10d\TiWorker.exe,,,,SCAFFOLD,0x3e7,DC$,S-1-5-18,,,,,,,,,00000000-0000-0000-0000-000000000000,,
2026-09-02T00:04:13.426230Z,4663,dc.scaffold.htb,Microsoft-Windows-Security-Auditing,Security,20156,0,"%%1537
				",0x10000,,,,,,,0x70c,,,,,,,,,,,,,C:\Windows\WinSxS\Temp\InFlight\5a81658d6e3add01090000008812a412\amd64_microsoft-windows-s..verstandard-license_31bf3856ad364e35_10.0.20348.502_none_786ef48d870df8b0\ServerStandard-OEM-SLP-2-ul-rtm.xrm-ms,Security,File,,,,0x1288,C:\Windows\WinSxS\amd64_microsoft-windows-servicingstack_31bf3856ad364e35_10.0.20348.557_none_f1edaeb8515fa10d\TiWorker.exe,,S:AI,,SCAFFOLD,0x3e7,DC$,S-1-5-18,,,,,,,,,,,
2026-09-02T00:04:13.426233Z,4660,dc.scaffold.htb,Microsoft-Windows-Security-Auditing,Security,20157,0,,,,,,,,,0x70c,,,,,,,,,,,,,,Security,,,,,0x1288,C:\Windows\WinSxS\amd64_microsoft-windows-servicingstack_31bf3856ad364e35_10.0.20348.557_none_f1edaeb8515fa10d\TiWorker.exe,,,,SCAFFOLD,0x3e7,DC$,S-1-5-18,,,,,,,,,00000000-0000-0000-0000-000000000000,,
2026-09-02T00:04:13.426324Z,4663,dc.scaffold.htb,Microsoft-Windows-Security-Auditing,Security,20158,0,"%%1537
				",0x10000,,,,,,,0x710,,,,,,,,,,,,,C:\Windows\WinSxS\Temp\InFlight\5a81658d6e3add01090000008812a412\amd64_microsoft-windows-s..verstandard-license_31bf3856ad364e35_10.0.20348.502_none_786ef48d870df8b0\ServerStandard-ppdlic.xrm-ms,Security,File,,,,0x1288,C:\Windows\WinSxS\amd64_microsoft-windows-servicingstack_31bf3856ad364e35_10.0.20348.557_none_f1edaeb8515fa10d\TiWorker.exe,,S:AI,,SCAFFOLD,0x3e7,DC$,S-1-5-18,,,,,,,,,,,
2026-09-02T00:04:13.426327Z,4660,dc.scaffold.htb,Microsoft-Windows-Security-Auditing,Security,20159,0,,,,,,,,,0x710,,,,,,,,,,,,,,Security,,,,,0x1288,C:\Windows\WinSxS\amd64_microsoft-windows-servicingstack_31bf3856ad364e35_10.0.20348.557_none_f1edaeb8515fa10d\TiWorker.exe,,,,SCAFFOLD,0x3e7,DC$,S-1-5-18,,,,,,,,,00000000-0000-0000-0000-000000000000,,
2026-09-02T00:04:13.426436Z,4663,dc.scaffold.htb,Microsoft-Windows-Security-Auditing,Security,20160,0,"%%1537
				",0x10000,,,,,,,0x714,,,,,,,,,,,,,C:\Windows\WinSxS\Temp\InFlight\5a81658d6e3add01090000008812a412\amd64_microsoft-windows-s..verstandard-license_31bf3856ad364e35_10.0.20348.502_none_786ef48d870df8b0\ServerStandard-Retail-1-pl-rtm.xrm-ms,Security,File,,,,0x1288,C:\Windows\WinSxS\amd64_microsoft-windows-servicingstack_31bf3856ad364e35_10.0.20348.557_none_f1edaeb8515fa10d\TiWorker.exe,,S:AI,,SCAFFOLD,0x3e7,DC$,S-1-5-18,,,,,,,,,,,
2026-09-02T00:04:13.426440Z,4660,dc.scaffold.htb,Microsoft-Windows-Security-Auditing,Security,20161,0,,,,,,,,,0x714,,,,,,,,,,,,,,Security,,,,,0x1288,C:\Windows\WinSxS\amd64_microsoft-windows-servicingstack_31bf3856ad364e35_10.0.20348.557_none_f1edaeb8515fa10d\TiWorker.exe,,,,SCAFFOLD,0x3e7,DC$,S-1-5-18,,,,,,,,,00000000-0000-0000-0000-000000000000,,
2026-09-02T00:04:13.426533Z,4663,dc.scaffold.htb,Microsoft-Windows-Security-Auditing,Security,20162,0,"%%1537
				",0x10000,,,,,,,0x718,,,,,,,,,,,,,C:\Windows\WinSxS\Temp\InFlight\5a81658d6e3add01090000008812a412\amd64_microsoft-windows-s..verstandard-license_31bf3856ad364e35_10.0.20348.502_none_786ef48d870df8b0\ServerStandard-Retail-1-ul-oob-rtm.xrm-ms,Security,File,,,,0x1288,C:\Windows\WinSxS\amd64_microsoft-windows-servicingstack_31bf3856ad364e35_10.0.20348.557_none_f1edaeb8515fa10d\TiWorker.exe,,S:AI,,SCAFFOLD,0x3e7,DC$,S-1-5-18,,,,,,,,,,,
2026-09-02T00:04:13.426536Z,4660,dc.scaffold.htb,Microsoft-Windows-Security-Auditing,Security,20163,0,,,,,,,,,0x718,,,,,,,,,,,,,,Security,,,,,0x1288,C:\Windows\WinSxS\amd64_microsoft-windows-servicingstack_31bf3856ad364e35_10.0.20348.557_none_f1edaeb8515fa10d\TiWorker.exe,,,,SCAFFOLD,0x3e7,DC$,S-1-5-18,,,,,,,,,00000000-0000-0000-0000-000000000000,,
2026-09-02T00:04:13.426618Z,4663,dc.scaffold.htb,Microsoft-Windows-Security-Auditing,Security,20164,0,"%%1537
				",0x10000,,,,,,,0x71c,,,,,,,,,,,,,C:\Windows\WinSxS\Temp\InFlight\5a81658d6e3add01090000008812a412\amd64_microsoft-windows-s..verstandard-license_31bf3856ad364e35_10.0.20348.502_none_786ef48d870df8b0\ServerStandard-Retail-1-ul-phn-rtm.xrm-ms,Security,File,,,,0x1288,C:\Windows\WinSxS\amd64_microsoft-windows-servicingstack_31bf3856ad364e35_10.0.20348.557_none_f1edaeb8515fa10d\TiWorker.exe,,S:AI,,SCAFFOLD,0x3e7,DC$,S-1-5-18,,,,,,,,,,,
2026-09-02T00:04:13.426621Z,4660,dc.scaffold.htb,Microsoft-Windows-Security-Auditing,Security,20165,0,,,,,,,,,0x71c,,,,,,,,,,,,,,Security,,,,,0x1288,C:\Windows\WinSxS\amd64_microsoft-windows-servicingstack_31bf3856ad364e35_10.0.20348.557_none_f1edaeb8515fa10d\TiWorker.exe,,,,SCAFFOLD,0x3e7,DC$,S-1-5-18,,,,,,,,,00000000-0000-0000-0000-000000000000,,
2026-09-02T00:04:13.426706Z,4663,dc.scaffold.htb,Microsoft-Windows-Security-Auditing,Security,20166,0,"%%1537
				",0x10000,,,,,,,0x720,,,,,,,,,,,,,C:\Windows\WinSxS\Temp\InFlight\5a81658d6e3add01090000008812a412\amd64_microsoft-windows-s..verstandard-license_31bf3856ad364e35_10.0.20348.502_none_786ef48d870df8b0\ServerStandard-Retail-1-ul-store-rtm.xrm-ms,Security,File,,,,0x1288,C:\Windows\WinSxS\amd64_microsoft-windows-servicingstack_31bf3856ad364e35_10.0.20348.557_none_f1edaeb8515fa10d\TiWorker.exe,,S:AI,,SCAFFOLD,0x3e7,DC$,S-1-5-18,,,,,,,,,,,
2026-09-02T00:04:13.426709Z,4660,dc.scaffold.htb,Microsoft-Windows-Security-Auditing,Security,20167,0,,,,,,,,,0x720,,,,,,,,,,,,,,Security,,,,,0x1288,C:\Windows\WinSxS\amd64_microsoft-windows-servicingstack_31bf3856ad364e35_10.0.20348.557_none_f1edaeb8515fa10d\TiWorker.exe,,,,SCAFFOLD,0x3e7,DC$,S-1-5-18,,,,,,,,,00000000-0000-0000-0000-000000000000,,
2026-09-02T00:04:13.426855Z,4663,dc.scaffold.htb,Microsoft-Windows-Security-Auditing,Security,20168,0,"%%1537
				",0x10000,,,,,,,0x724,,,,,,,,,,,,,C:\Windows\WinSxS\Temp\InFlight\5a81658d6e3add01090000008812a412\amd64_microsoft-windows-s..verstandard-license_31bf3856ad364e35_10.0.20348.502_none_786ef48d870df8b0\ServerStandard-Volume-CSVLK-1-pl-rtm.xrm-ms,Security,File,,,,0x1288,C:\Windows\WinSxS\amd64_microsoft-windows-servicingstack_31bf3856ad364e35_10.0.20348.557_none_f1edaeb8515fa10d\TiWorker.exe,,S:AI,,SCAFFOLD,0x3e7,DC$,S-1-5-18,,,,,,,,,,,
2026-09-02T00:04:13.426858Z,4660,dc.scaffold.htb,Microsoft-Windows-Security-Auditing,Security,20169,0,,,,,,,,,0x724,,,,,,,,,,,,,,Security,,,,,0x1288,C:\Windows\WinSxS\amd64_microsoft-windows-servicingstack_31bf3856ad364e35_10.0.20348.557_none_f1edaeb8515fa10d\TiWorker.exe,,,,SCAFFOLD,0x3e7,DC$,S-1-5-18,,,,,,,,,00000000-0000-0000-0000-000000000000,,
2026-09-02T00:04:13.426953Z,4663,dc.scaffold.htb,Microsoft-Windows-Security-Auditing,Security,20170,0,"%%1537
				",0x10000,,,,,,,0x728,,,,,,,,,,,,,C:\Windows\WinSxS\Temp\InFlight\5a81658d6e3add01090000008812a412\amd64_microsoft-windows-s..verstandard-license_31bf3856ad364e35_10.0.20348.502_none_786ef48d870df8b0\ServerStandard-Volume-CSVLK-1-ul-oob-rtm.xrm-ms,Security,File,,,,0x1288,C:\Windows\WinSxS\amd64_microsoft-windows-servicingstack_31bf3856ad364e35_10.0.20348.557_none_f1edaeb8515fa10d\TiWorker.exe,,S:AI,,SCAFFOLD,0x3e7,DC$,S-1-5-18,,,,,,,,,,,
2026-09-02T00:04:13.426956Z,4660,dc.scaffold.htb,Microsoft-Windows-Security-Auditing,Security,20171,0,,,,,,,,,0x728,,,,,,,,,,,,,,Security,,,,,0x1288,C:\Windows\WinSxS\amd64_microsoft-windows-servicingstack_31bf3856ad364e35_10.0.20348.557_none_f1edaeb8515fa10d\TiWorker.exe,,,,SCAFFOLD,0x3e7,DC$,S-1-5-18,,,,,,,,,00000000-0000-0000-0000-000000000000,,
2026-09-02T00:04:13.427061Z,4663,dc.scaffold.htb,Microsoft-Windows-Security-Auditing,Security,20172,0,"%%1537
				",0x10000,,,,,,,0x72c,,,,,,,,,,,,,C:\Windows\WinSxS\Temp\InFlight\5a81658d6e3add01090000008812a412\amd64_microsoft-windows-s..verstandard-license_31bf3856ad364e35_10.0.20348.502_none_786ef48d870df8b0\ServerStandard-Volume-CSVLK-1-ul-phn-rtm.xrm-ms,Security,File,,,,0x1288,C:\Windows\WinSxS\amd64_microsoft-windows-servicingstack_31bf3856ad364e35_10.0.20348.557_none_f1edaeb8515fa10d\TiWorker.exe,,S:AI,,SCAFFOLD,0x3e7,DC$,S-1-5-18,,,,,,,,,,,
