2026-09-02T00:04:13.427064Z,4660,dc.scaffold.htb,Microsoft-Windows-Security-Auditing,Security,20173,0,,,,,,,,,0x72c,,,,,,,,,,,,,,Security,,,,,0x1288,C:\Windows\WinSxS\amd64_microsoft-windows-servicingstack_31bf3856ad364e35_10.0.20348.557_none_f1edaeb8515fa10d\TiWorker.exe,,,,SCAFFOLD,0x3e7,DC$,S-1-5-18,,,,,,,,,00000000-0000-0000-0000-000000000000,,
2026-09-02T00:04:13.427155Z,4663,dc.scaffold.htb,Microsoft-Windows-Security-Auditing,Security,20174,0,"%%1537
				",0x10000,,,,,,,0x730,,,,,,,,,,,,,C:\Windows\WinSxS\Temp\InFlight\5a81658d6e3add01090000008812a412\amd64_microsoft-windows-s..verstandard-license_31bf3856ad364e35_10.0.20348.502_none_786ef48d870df8b0\ServerStandard-Volume-CSVLK-1-ul-store-rtm.xrm-ms,Security,File,,,,0x1288,C:\Windows\WinSxS\amd64_microsoft-windows-servicingstack_31bf3856ad364e35_10.0.20348.557_none_f1edaeb8515fa10d\TiWorker.exe,,S:AI,,SCAFFOLD,0x3e7,DC$,S-1-5-18,,,,,,,,,,,
2026-09-02T00:04:13.427158Z,4660,dc.scaffold.htb,Microsoft-Windows-Security-Auditing,Security,20175,0,,,,,,,,,0x730,,,,,,,,,,,,,,Security,,,,,0x1288,C:\Windows\WinSxS\amd64_microsoft-windows-servicingstack_31bf3856ad364e35_10.0.20348.557_none_f1edaeb8515fa10d\TiWorker.exe,,,,SCAFFOLD,0x3e7,DC$,S-1-5-18,,,,,,,,,00000000-0000-0000-0000-000000000000,,
2026-09-02T00:04:13.427275Z,4663,dc.scaffold.htb,Microsoft-Windows-Security-Auditing,Security,20176,0,"%%1537
				",0x10000,,,,,,,0x734,,,,,,,,,,,,,C:\Windows\WinSxS\Temp\InFlight\5a81658d6e3add01090000008812a412\amd64_microsoft-windows-s..verstandard-license_31bf3856ad364e35_10.0.20348.502_none_786ef48d870df8b0\ServerStandard-Volume-CSVLK-2-pl-rtm.xrm-ms,Security,File,,,,0x1288,C:\Windows\WinSxS\amd64_microsoft-windows-servicingstack_31bf3856ad364e35_10.0.20348.557_none_f1edaeb8515fa10d\TiWorker.exe,,S:AI,,SCAFFOLD,0x3e7,DC$,S-1-5-18,,,,,,,,,,,
2026-09-02T00:04:13.427277Z,4660,dc.scaffold.htb,Microsoft-Windows-Security-Auditing,Security,20177,0,,,,,,,,,0x734,,,,,,,,,,,,,,Security,,,,,0x1288,C:\Windows\WinSxS\amd64_microsoft-windows-servicingstack_31bf3856ad364e35_10.0.20348.557_none_f1edaeb8515fa10d\TiWorker.exe,,,,SCAFFOLD,0x3e7,DC$,S-1-5-18,,,,,,,,,00000000-0000-0000-0000-000000000000,,
2026-09-02T00:04:13.427375Z,4663,dc.scaffold.htb,Microsoft-Windows-Security-Auditing,Security,20178,0,"%%1537
				",0x10000,,,,,,,0x738,,,,,,,,,,,,,C:\Windows\WinSxS\Temp\InFlight\5a81658d6e3add01090000008812a412\amd64_microsoft-windows-s..verstandard-license_31bf3856ad364e35_10.0.20348.502_none_786ef48d870df8b0\ServerStandard-Volume-CSVLK-2-ul-oob-rtm.xrm-ms,Security,File,,,,0x1288,C:\Windows\WinSxS\amd64_microsoft-windows-servicingstack_31bf3856ad364e35_10.0.20348.557_none_f1edaeb8515fa10d\TiWorker.exe,,S:AI,,SCAFFOLD,0x3e7,DC$,S-1-5-18,,,,,,,,,,,
2026-09-02T00:04:13.427378Z,4660,dc.scaffold.htb,Microsoft-Windows-Security-Auditing,Security,20179,0,,,,,,,,,0x738,,,,,,,,,,,,,,Security,,,,,0x1288,C:\Windows\WinSxS\amd64_microsoft-windows-servicingstack_31bf3856ad364e35_10.0.20348.557_none_f1edaeb8515fa10d\TiWorker.exe,,,,SCAFFOLD,0x3e7,DC$,S-1-5-18,,,,,,,,,00000000-0000-0000-0000-000000000000,,
2026-09-02T00:04:13.427464Z,4663,dc.scaffold.htb,Microsoft-Windows-Security-Auditing,Security,20180,0,"%%1537
				",0x10000,,,,,,,0x73c,,,,,,,,,,,,,C:\Windows\WinSxS\Temp\InFlight\5a81658d6e3add01090000008812a412\amd64_microsoft-windows-s..verstandard-license_31bf3856ad364e35_10.0.20348.502_none_786ef48d870df8b0\ServerStandard-Volume-CSVLK-2-ul-phn-rtm.xrm-ms,Security,File,,,,0x1288,C:\Windows\WinSxS\amd64_microsoft-windows-servicingstack_31bf3856ad364e35_10.0.20348.557_none_f1edaeb8515fa10d\TiWorker.exe,,S:AI,,SCAFFOLD,0x3e7,DC$,S-1-5-18,,,,,,,,,,,
2026-09-02T00:04:13.427467Z,4660,dc.scaffold.htb,Microsoft-Windows-Security-Auditing,Security,20181,0,,,,,,,,,0x73c,,,,,,,,,,,,,,Security,,,,,0x1288,C:\Windows\WinSxS\amd64_microsoft-windows-servicingstack_31bf3856ad364e35_10.0.20348.557_none_f1edaeb8515fa10d\TiWorker.exe,,,,SCAFFOLD,0x3e7,DC$,S-1-5-18,,,,,,,,,00000000-0000-0000-0000-000000000000,,
2026-09-02T00:04:13.427562Z,4663,dc.scaffold.htb,Microsoft-Windows-Security-Auditing,Security,20182,0,"%%1537
				",0x10000,,,,,,,0x740,,,,,,,,,,,,,C:\Windows\WinSxS\Temp\InFlight\5a81658d6e3add01090000008812a412\amd64_microsoft-windows-s..verstandard-license_31bf3856ad364e35_10.0.20348.502_none_786ef48d870df8b0\ServerStandard-Volume-CSVLK-2-ul-store-rtm.xrm-ms,Security,File,,,,0x1288,C:\Windows\WinSxS\amd64_microsoft-windows-servicingstack_31bf3856ad364e35_10.0.20348.557_none_f1edaeb8515fa10d\TiWorker.exe,,S:AI,,SCAFFOLD,0x3e7,DC$,S-1-5-18,,,,,,,,,,,
2026-09-02T00:04:13.427572Z,4660,dc.scaffold.htb,Microsoft-Windows-Security-Auditing,Security,20183,0,,,,,,,,,0x740,,,,,,,,,,,,,,Security,,,,,0x1288,C:\Windows\WinSxS\amd64_microsoft-windows-servicingstack_31bf3856ad364e35_10.0.20348.557_none_f1edaeb8515fa10d\TiWorker.exe,,,,SCAFFOLD,0x3e7,DC$,S-1-5-18,,,,,,,,,00000000-0000-0000-0000-000000000000,,
2026-09-02T00:04:13.427675Z,4663,dc.scaffold.htb,Microsoft-Windows-Security-Auditing,Security,20184,0,"%%1537
				",0x10000,,,,,,,0x744,,,,,,,,,,,,,C:\Windows\WinSxS\Temp\InFlight\5a81658d6e3add01090000008812a412\amd64_microsoft-windows-s..verstandard-license_31bf3856ad364e35_10.0.20348.502_none_786ef48d870df8b0\ServerStandard-Volume-CSVLK-3-pl-rtm.xrm-ms,Security,File,,,,0x1288,C:\Windows\WinSxS\amd64_microsoft-windows-servicingstack_31bf3856ad364e35_10.0.20348.557_none_f1edaeb8515fa10d\TiWorker.exe,,S:AI,,SCAFFOLD,0x3e7,DC$,S-1-5-18,,,,,,,,,,,
2026-09-02T00:04:13.427678Z,4660,dc.scaffold.htb,Microsoft-Windows-Security-Auditing,Security,20185,0,,,,,,,,,0x744,,,,,,,,,,,,,,Security,,,,,0x1288,C:\Windows\WinSxS\amd64_microsoft-windows-servicingstack_31bf3856ad364e35_10.0.20348.557_none_f1edaeb8515fa10d\TiWorker.exe,,,,SCAFFOLD,0x3e7,DC$,S-1-5-18,,,,,,,,,00000000-0000-0000-0000-000000000000,,
2026-09-02T00:04:13.427773Z,4663,dc.scaffold.htb,Microsoft-Windows-Security-Auditing,Security,20186,0,"%%1537
				",0x10000,,,,,,,0x748,,,,,,,,,,,,,C:\Windows\WinSxS\Temp\InFlight\5a81658d6e3add01090000008812a412\amd64_microsoft-windows-s..verstandard-license_31bf3856ad364e35_10.0.20348.502_none_786ef48d870df8b0\ServerStandard-Volume-CSVLK-3-ul-oob-rtm.xrm-ms,Security,File,,,,0x1288,C:\Windows\WinSxS\amd64_microsoft-windows-servicingstack_31bf3856ad364e35_10.0.20348.557_none_f1edaeb8515fa10d\TiWorker.exe,,S:AI,,SCAFFOLD,0x3e7,DC$,S-1-5-18,,,,,,,,,,,
2026-09-02T00:04:13.427776Z,4660,dc.scaffold.htb,Microsoft-Windows-Security-Auditing,Security,20187,0,,,,,,,,,0x748,,,,,,,,,,,,,,Security,,,,,0x1288,C:\Windows\WinSxS\amd64_microsoft-windows-servicingstack_31bf3856ad364e35_10.0.20348.557_none_f1edaeb8515fa10d\TiWorker.exe,,,,SCAFFOLD,0x3e7,DC$,S-1-5-18,,,,,,,,,00000000-0000-0000-0000-000000000000,,
2026-09-02T00:04:13.427865Z,4663,dc.scaffold.htb,Microsoft-Windows-Security-Auditing,Security,20188,0,"%%1537
				",0x10000,,,,,,,0x74c,,,,,,,,,,,,,C:\Windows\WinSxS\Temp\InFlight\5a81658d6e3add01090000008812a412\amd64_microsoft-windows-s..verstandard-license_31bf3856ad364e35_10.0.20348.502_none_786ef48d870df8b0\ServerStandard-Volume-CSVLK-3-ul-phn-rtm.xrm-ms,Security,File,,,,0x1288,C:\Windows\WinSxS\amd64_microsoft-windows-servicingstack_31bf3856ad364e35_10.0.20348.557_none_f1edaeb8515fa10d\TiWorker.exe,,S:AI,,SCAFFOLD,0x3e7,DC$,S-1-5-18,,,,,,,,,,,
2026-09-02T00:04:13.427868Z,4660,dc.scaffold.htb,Microsoft-Windows-Security-Auditing,Security,20189,0,,,,,,,,,0x74c,,,,,,,,,,,,,,Security,,,,,0x1288,C:\Windows\WinSxS\amd64_microsoft-windows-servicingstack_31bf3856ad364e35_10.0.20348.557_none_f1edaeb8515fa10d\TiWorker.exe,,,,SCAFFOLD,0x3e7,DC$,S-1-5-18,,,,,,,,,00000000-0000-0000-0000-000000000000,,
2026-09-02T00:04:13.427964Z,4663,dc.scaffold.htb,Microsoft-Windows-Security-Auditing,Security,20190,0,"%%1537
				",0x10000,,,,,,,0x750,,,,,,,,,,,,,C:\Windows\WinSxS\Temp\InFlight\5a81658d6e3add01090000008812a412\amd64_microsoft-windows-s..verstandard-license_31bf3856ad364e35_10.0.20348.502_none_786ef48d870df8b0\ServerStandard-Volume-CSVLK-3-ul-store-rtm.xrm-ms,Security,File,,,,0x1288,C:\Windows\WinSxS\amd64_microsoft-windows-servicingstack_31bf3856ad364e35_10.0.20348.557_none_f1edaeb8515fa10d\TiWorker.exe,,S:AI,,SCAFFOLD,0x3e7,DC$,S-1-5-18,,,,,,,,,,,
2026-09-02T00:04:13.428018Z,4660,dc.scaffold.htb,Microsoft-Windows-Security-Auditing,Security,20191,0,,,,,,,,,0x750,,,,,,,,,,,,,,Security,,,,,0x1288,C:\Windows\WinSxS\amd64_microsoft-windows-servicingstack_31bf3856ad364e35_10.0.20348.557_none_f1edaeb8515fa10d\TiWorker.exe,,,,SCAFFOLD,0x3e7,DC$,S-1-5-18,,,,,,,,,00000000-0000-0000-0000-000000000000,,
2026-09-02T00:04:13.428138Z,4663,dc.scaffold.htb,Microsoft-Windows-Security-Auditing,Security,20192,0,"%%1537
				",0x10000,,,,,,,0x754,,,,,,,,,,,,,C:\Windows\WinSxS\Temp\InFlight\5a81658d6e3add01090000008812a412\amd64_microsoft-windows-s..verstandard-license_31bf3856ad364e35_10.0.20348.502_none_786ef48d870df8b0\ServerStandard-Volume-GVLK-1-ul-oob-rtm.xrm-ms,Security,File,,,,0x1288,C:\Windows\WinSxS\amd64_microsoft-windows-servicingstack_31bf3856ad364e35_10.0.20348.557_none_f1edaeb8515fa10d\TiWorker.exe,,S:AI,,SCAFFOLD,0x3e7,DC$,S-1-5-18,,,,,,,,,,,
2026-09-02T00:04:13.428158Z,4660,dc.scaffold.htb,Microsoft-Windows-Security-Auditing,Security,20193,0,,,,,,,,,0x754,,,,,,,,,,,,,,Security,,,,,0x1288,C:\Windows\WinSxS\amd64_microsoft-windows-servicingstack_31bf3856ad364e35_10.0.20348.557_none_f1edaeb8515fa10d\TiWorker.exe,,,,SCAFFOLD,0x3e7,DC$,S-1-5-18,,,,,,,,,00000000-0000-0000-0000-000000000000,,
2026-09-02T00:04:13.428289Z,4663,dc.scaffold.htb,Microsoft-Windows-Security-Auditing,Security,20194,0,"%%1537
				",0x10000,,,,,,,0x758,,,,,,,,,,,,,C:\Windows\WinSxS\Temp\InFlight\5a81658d6e3add01090000008812a412\amd64_microsoft-windows-s..verstandard-license_31bf3856ad364e35_10.0.20348.502_none_786ef48d870df8b0\ServerStandard-Volume-GVLK-1-ul-rtm.xrm-ms,Security,File,,,,0x1288,C:\Windows\WinSxS\amd64_microsoft-windows-servicingstack_31bf3856ad364e35_10.0.20348.557_none_f1edaeb8515fa10d\TiWorker.exe,,S:AI,,SCAFFOLD,0x3e7,DC$,S-1-5-18,,,,,,,,,,,
2026-09-02T00:04:13.428292Z,4660,dc.scaffold.htb,Microsoft-Windows-Security-Auditing,Security,20195,0,,,,,,,,,0x758,,,,,,,,,,,,,,Security,,,,,0x1288,C:\Windows\WinSxS\amd64_microsoft-windows-servicingstack_31bf3856ad364e35_10.0.20348.557_none_f1edaeb8515fa10d\TiWorker.exe,,,,SCAFFOLD,0x3e7,DC$,S-1-5-18,,,,,,,,,00000000-0000-0000-0000-000000000000,,
2026-09-02T00:04:13.428382Z,4663,dc.scaffold.htb,Microsoft-Windows-Security-Auditing,Security,20196,0,"%%1537
				",0x10000,,,,,,,0x75c,,,,,,,,,,,,,C:\Windows\WinSxS\Temp\InFlight\5a81658d6e3add01090000008812a412\amd64_microsoft-windows-s..verstandard-license_31bf3856ad364e35_10.0.20348.502_none_786ef48d870df8b0\ServerStandard-Volume-MAK-1-pl-rtm.xrm-ms,Security,File,,,,0x1288,C:\Windows\WinSxS\amd64_microsoft-windows-servicingstack_31bf3856ad364e35_10.0.20348.557_none_f1edaeb8515fa10d\TiWorker.exe,,S:AI,,SCAFFOLD,0x3e7,DC$,S-1-5-18,,,,,,,,,,,
2026-09-02T00:04:13.428401Z,4660,dc.scaffold.htb,Microsoft-Windows-Security-Auditing,Security,20197,0,,,,,,,,,0x75c,,,,,,,,,,,,,,Security,,,,,0x1288,C:\Windows\WinSxS\amd64_microsoft-windows-servicingstack_31bf3856ad364e35_10.0.20348.557_none_f1edaeb8515fa10d\TiWorker.exe,,,,SCAFFOLD,0x3e7,DC$,S-1-5-18,,,,,,,,,00000000-0000-0000-0000-000000000000,,
2026-09-02T00:04:13.428550Z,4663,dc.scaffold.htb,Microsoft-Windows-Security-Auditing,Security,20198,0,"%%1537
				",0x10000,,,,,,,0x760,,,,,,,,,,,,,C:\Windows\WinSxS\Temp\InFlight\5a81658d6e3add01090000008812a412\amd64_microsoft-windows-s..verstandard-license_31bf3856ad364e35_10.0.20348.502_none_786ef48d870df8b0\ServerStandard-Volume-MAK-1-ul-oob-rtm.xrm-ms,Security,File,,,,0x1288,C:\Windows\WinSxS\amd64_microsoft-windows-servicingstack_31bf3856ad364e35_10.0.20348.557_none_f1edaeb8515fa10d\TiWorker.exe,,S:AI,,SCAFFOLD,0x3e7,DC$,S-1-5-18,,,,,,,,,,,
2026-09-02T00:04:13.428553Z,4660,dc.scaffold.htb,Microsoft-Windows-Security-Auditing,Security,20199,0,,,,,,,,,0x760,,,,,,,,,,,,,,Security,,,,,0x1288,C:\Windows\WinSxS\amd64_microsoft-windows-servicingstack_31bf3856ad364e35_10.0.20348.557_none_f1edaeb8515fa10d\TiWorker.exe,,,,SCAFFOLD,0x3e7,DC$,S-1-5-18,,,,,,,,,00000000-0000-0000-0000-000000000000,,
2026-09-02T00:04:13.428650Z,4663,dc.scaffold.htb,Microsoft-Windows-Security-Auditing,Security,20200,0,"%%1537
				",0x10000,,,,,,,0x764,,,,,,,,,,,,,C:\Windows\WinSxS\Temp\InFlight\5a81658d6e3add01090000008812a412\amd64_microsoft-windows-s..verstandard-license_31bf3856ad364e35_10.0.20348.502_none_786ef48d870df8b0\ServerStandard-Volume-MAK-1-ul-phn-rtm.xrm-ms,Security,File,,,,0x1288,C:\Windows\WinSxS\amd64_microsoft-windows-servicingstack_31bf3856ad364e35_10.0.20348.557_none_f1edaeb8515fa10d\TiWorker.exe,,S:AI,,SCAFFOLD,0x3e7,DC$,S-1-5-18,,,,,,,,,,,
2026-09-02T00:04:13.428652Z,4660,dc.scaffold.htb,Microsoft-Windows-Security-Auditing,Security,20201,0,,,,,,,,,0x764,,,,,,,,,,,,,,Security,,,,,0x1288,C:\Windows\WinSxS\amd64_microsoft-windows-servicingstack_31bf3856ad364e35_10.0.20348.557_none_f1edaeb8515fa10d\TiWorker.exe,,,,SCAFFOLD,0x3e7,DC$,S-1-5-18,,,,,,,,,00000000-0000-0000-0000-000000000000,,
2026-09-02T00:04:13.428749Z,4663,dc.scaffold.htb,Microsoft-Windows-Security-Auditing,Security,20202,0,"%%1537
				",0x10000,,,,,,,0x768,,,,,,,,,,,,,C:\Windows\WinSxS\Temp\InFlight\5a81658d6e3add01090000008812a412\amd64_microsoft-windows-s..verstandard-license_31bf3856ad364e35_10.0.20348.502_none_786ef48d870df8b0\ServerStandard-Volume-MAK-1-ul-store-rtm.xrm-ms,Security,File,,,,0x1288,C:\Windows\WinSxS\amd64_microsoft-windows-servicingstack_31bf3856ad364e35_10.0.20348.557_none_f1edaeb8515fa10d\TiWorker.exe,,S:AI,,SCAFFOLD,0x3e7,DC$,S-1-5-18,,,,,,,,,,,
2026-09-02T00:04:13.428752Z,4660,dc.scaffold.htb,Microsoft-Windows-Security-Auditing,Security,20203,0,,,,,,,,,0x768,,,,,,,,,,,,,,Security,,,,,0x1288,C:\Windows\WinSxS\amd64_microsoft-windows-servicingstack_31bf3856ad364e35_10.0.20348.557_none_f1edaeb8515fa10d\TiWorker.exe,,,,SCAFFOLD,0x3e7,DC$,S-1-5-18,,,,,,,,,00000000-0000-0000-0000-000000000000,,
2026-09-02T00:04:13.428868Z,4663,dc.scaffold.htb,Microsoft-Windows-Security-Auditing,Security,20204,0,"%%1537
				",0x10000,,,,,,,0x76c,,,,,,,,,,,,,C:\Windows\WinSxS\Temp\InFlight\5a81658d6e3add01090000008812a412\amd64_microsoft-windows-s..verstandard-license_31bf3856ad364e35_10.0.20348.502_none_786ef48d870df8b0\ServerStandard-VT-IA-1-ul-oob-rtm.xrm-ms,Security,File,,,,0x1288,C:\Windows\WinSxS\amd64_microsoft-windows-servicingstack_31bf3856ad364e35_10.0.20348.557_none_f1edaeb8515fa10d\TiWorker.exe,,S:AI,,SCAFFOLD,0x3e7,DC$,S-1-5-18,,,,,,,,,,,
2026-09-02T00:04:13.428871Z,4660,dc.scaffold.htb,Microsoft-Windows-Security-Auditing,Security,20205,0,,,,,,,,,0x76c,,,,,,,,,,,,,,Security,,,,,0x1288,C:\Windows\WinSxS\amd64_microsoft-windows-servicingstack_31bf3856ad364e35_10.0.20348.557_none_f1edaeb8515fa10d\TiWorker.exe,,,,SCAFFOLD,0x3e7,DC$,S-1-5-18,,,,,,,,,00000000-0000-0000-0000-000000000000,,
2026-09-02T00:04:13.428969Z,4663,dc.scaffold.htb,Microsoft-Windows-Security-Auditing,Security,20206,0,"%%1537
				",0x10000,,,,,,,0x770,,,,,,,,,,,,,C:\Windows\WinSxS\Temp\InFlight\5a81658d6e3add01090000008812a412\amd64_microsoft-windows-s..verstandard-license_31bf3856ad364e35_10.0.20348.502_none_786ef48d870df8b0\ServerStandard-VT-IA-1-ul-rtm.xrm-ms,Security,File,,,,0x1288,C:\Windows\WinSxS\amd64_microsoft-windows-servicingstack_31bf3856ad364e35_10.0.20348.557_none_f1edaeb8515fa10d\TiWorker.exe,,S:AI,,SCAFFOLD,0x3e7,DC$,S-1-5-18,,,,,,,,,,,
2026-09-02T00:04:13.428972Z,4660,dc.scaffold.htb,Microsoft-Windows-Security-Auditing,Security,20207,0,,,,,,,,,0x770,,,,,,,,,,,,,,Security,,,,,0x1288,C:\Windows\WinSxS\amd64_microsoft-windows-servicingstack_31bf3856ad364e35_10.0.20348.557_none_f1edaeb8515fa10d\TiWorker.exe,,,,SCAFFOLD,0x3e7,DC$,S-1-5-18,,,,,,,,,00000000-0000-0000-0000-000000000000,,
2026-09-02T00:04:13.429071Z,4663,dc.scaffold.htb,Microsoft-Windows-Security-Auditing,Security,20208,0,"%%1537
				",0x10000,,,,,,,0x778,,,,,,,,,,,,,C:\Windows\WinSxS\Temp\InFlight\5a81658d6e3add01090000008812a412\x86_microsoft-windows-l..-oem-serverstandard_31bf3856ad364e35_10.0.20348.587_none_1a79fc4566df7264\license.rtf,Security,File,,,,0x1288,C:\Windows\WinSxS\amd64_microsoft-windows-servicingstack_31bf3856ad364e35_10.0.20348.557_none_f1edaeb8515fa10d\TiWorker.exe,,S:AI,,SCAFFOLD,0x3e7,DC$,S-1-5-18,,,,,,,,,,,
2026-09-02T00:04:13.429075Z,4660,dc.scaffold.htb,Microsoft-Windows-Security-Auditing,Security,20209,0,,,,,,,,,0x778,,,,,,,,,,,,,,Security,,,,,0x1288,C:\Windows\WinSxS\amd64_microsoft-windows-servicingstack_31bf3856ad364e35_10.0.20348.557_none_f1edaeb8515fa10d\TiWorker.exe,,,,SCAFFOLD,0x3e7,DC$,S-1-5-18,,,,,,,,,00000000-0000-0000-0000-000000000000,,
2026-09-02T00:04:13.429192Z,4663,dc.scaffold.htb,Microsoft-Windows-Security-Auditing,Security,20210,0,"%%1537
				",0x10000,,,,,,,0x780,,,,,,,,,,,,,C:\Windows\WinSxS\Temp\InFlight\5a81658d6e3add01090000008812a412\x86_microsoft-windows-l..ault-serverstandard_31bf3856ad364e35_10.0.20348.587_none_8c80e3f91731ffa4\license.rtf,Security,File,,,,0x1288,C:\Windows\WinSxS\amd64_microsoft-windows-servicingstack_31bf3856ad364e35_10.0.20348.557_none_f1edaeb8515fa10d\TiWorker.exe,,S:AI,,SCAFFOLD,0x3e7,DC$,S-1-5-18,,,,,,,,,,,
2026-09-02T00:04:13.429196Z,4660,dc.scaffold.htb,Microsoft-Windows-Security-Auditing,Security,20211,0,,,,,,,,,0x780,,,,,,,,,,,,,,Security,,,,,0x1288,C:\Windows\WinSxS\amd64_microsoft-windows-servicingstack_31bf3856ad364e35_10.0.20348.557_none_f1edaeb8515fa10d\TiWorker.exe,,,,SCAFFOLD,0x3e7,DC$,S-1-5-18,,,,,,,,,00000000-0000-0000-0000-000000000000,,
2026-09-02T00:04:13.429300Z,4663,dc.scaffold.htb,Microsoft-Windows-Security-Auditing,Security,20212,0,"%%1537
				",0x10000,,,,,,,0x788,,,,,,,,,,,,,C:\Windows\WinSxS\Temp\InFlight\5a81658d6e3add01090000008812a412\x86_microsoft-windows-l..eval-serverstandard_31bf3856ad364e35_10.0.20348.587_none_5a382798d2f7ff19\license.rtf,Security,File,,,,0x1288,C:\Windows\WinSxS\amd64_microsoft-windows-servicingstack_31bf3856ad364e35_10.0.20348.557_none_f1edaeb8515fa10d\TiWorker.exe,,S:AI,,SCAFFOLD,0x3e7,DC$,S-1-5-18,,,,,,,,,,,
2026-09-02T00:04:13.429303Z,4660,dc.scaffold.htb,Microsoft-Windows-Security-Auditing,Security,20213,0,,,,,,,,,0x788,,,,,,,,,,,,,,Security,,,,,0x1288,C:\Windows\WinSxS\amd64_microsoft-windows-servicingstack_31bf3856ad364e35_10.0.20348.557_none_f1edaeb8515fa10d\TiWorker.exe,,,,SCAFFOLD,0x3e7,DC$,S-1-5-18,,,,,,,,,00000000-0000-0000-0000-000000000000,,
2026-09-02T00:04:13.429397Z,4663,dc.scaffold.htb,Microsoft-Windows-Security-Auditing,Security,20214,0,"%%1537
				",0x10000,,,,,,,0x790,,,,,,,,,,,,,C:\Windows\WinSxS\Temp\InFlight\5a81658d6e3add01090000008812a412\x86_microsoft-windows-l..lume-serverstandard_31bf3856ad364e35_10.0.20348.587_none_776b10228a2cf4e5\license.rtf,Security,File,,,,0x1288,C:\Windows\WinSxS\amd64_microsoft-windows-servicingstack_31bf3856ad364e35_10.0.20348.557_none_f1edaeb8515fa10d\TiWorker.exe,,S:AI,,SCAFFOLD,0x3e7,DC$,S-1-5-18,,,,,,,,,,,
2026-09-02T00:04:13.429400Z,4660,dc.scaffold.htb,Microsoft-Windows-Security-Auditing,Security,20215,0,,,,,,,,,0x790,,,,,,,,,,,,,,Security,,,,,0x1288,C:\Windows\WinSxS\amd64_microsoft-windows-servicingstack_31bf3856ad364e35_10.0.20348.557_none_f1edaeb8515fa10d\TiWorker.exe,,,,SCAFFOLD,0x3e7,DC$,S-1-5-18,,,,,,,,,00000000-0000-0000-0000-000000000000,,
2026-09-02T00:04:13.429485Z,4663,dc.scaffold.htb,Microsoft-Windows-Security-Auditing,Security,20216,0,"%%1537
				",0x10000,,,,,,,0x798,,,,,,,,,,,,,C:\Windows\WinSxS\Temp\InFlight\5a81658d6e3add01090000008812a412\x86_microsoft-windows-l..rstandard.resources_31bf3856ad364e35_10.0.20348.587_en-us_212f32a621f4dc15\license.rtf,Security,File,,,,0x1288,C:\Windows\WinSxS\amd64_microsoft-windows-servicingstack_31bf3856ad364e35_10.0.20348.557_none_f1edaeb8515fa10d\TiWorker.exe,,S:AI,,SCAFFOLD,0x3e7,DC$,S-1-5-18,,,,,,,,,,,
2026-09-02T00:04:13.429488Z,4660,dc.scaffold.htb,Microsoft-Windows-Security-Auditing,Security,20217,0,,,,,,,,,0x798,,,,,,,,,,,,,,Security,,,,,0x1288,C:\Windows\WinSxS\amd64_microsoft-windows-servicingstack_31bf3856ad364e35_10.0.20348.557_none_f1edaeb8515fa10d\TiWorker.exe,,,,SCAFFOLD,0x3e7,DC$,S-1-5-18,,,,,,,,,00000000-0000-0000-0000-000000000000,,
2026-09-02T00:04:13.429572Z,4663,dc.scaffold.htb,Microsoft-Windows-Security-Auditing,Security,20218,0,"%%1537
				",0x10000,,,,,,,0x7a0,,,,,,,,,,,,,C:\Windows\WinSxS\Temp\InFlight\5a81658d6e3add01090000008812a412\x86_microsoft-windows-l..rstandard.resources_31bf3856ad364e35_10.0.20348.587_en-us_86aef5902092253c\license.rtf,Security,File,,,,0x1288,C:\Windows\WinSxS\amd64_microsoft-windows-servicingstack_31bf3856ad364e35_10.0.20348.557_none_f1edaeb8515fa10d\TiWorker.exe,,S:AI,,SCAFFOLD,0x3e7,DC$,S-1-5-18,,,,,,,,,,,
2026-09-02T00:04:13.429575Z,4660,dc.scaffold.htb,Microsoft-Windows-Security-Auditing,Security,20219,0,,,,,,,,,0x7a0,,,,,,,,,,,,,,Security,,,,,0x1288,C:\Windows\WinSxS\amd64_microsoft-windows-servicingstack_31bf3856ad364e35_10.0.20348.557_none_f1edaeb8515fa10d\TiWorker.exe,,,,SCAFFOLD,0x3e7,DC$,S-1-5-18,,,,,,,,,00000000-0000-0000-0000-000000000000,,
2026-09-02T00:04:13.429665Z,4663,dc.scaffold.htb,Microsoft-Windows-Security-Auditing,Security,20220,0,"%%1537
				",0x10000,,,,,,,0x7a8,,,,,,,,,,,,,C:\Windows\WinSxS\Temp\InFlight\5a81658d6e3add01090000008812a412\x86_microsoft-windows-l..rstandard.resources_31bf3856ad364e35_10.0.20348.587_en-us_d68f404a48dce264\license.rtf,Security,File,,,,0x1288,C:\Windows\WinSxS\amd64_microsoft-windows-servicingstack_31bf3856ad364e35_10.0.20348.557_none_f1edaeb8515fa10d\TiWorker.exe,,S:AI,,SCAFFOLD,0x3e7,DC$,S-1-5-18,,,,,,,,,,,
2026-09-02T00:04:13.429669Z,4660,dc.scaffold.htb,Microsoft-Windows-Security-Auditing,Security,20221,0,,,,,,,,,0x7a8,,,,,,,,,,,,,,Security,,,,,0x1288,C:\Windows\WinSxS\amd64_microsoft-windows-servicingstack_31bf3856ad364e35_10.0.20348.557_none_f1edaeb8515fa10d\TiWorker.exe,,,,SCAFFOLD,0x3e7,DC$,S-1-5-18,,,,,,,,,00000000-0000-0000-0000-000000000000,,
2026-09-02T00:04:13.429753Z,4663,dc.scaffold.htb,Microsoft-Windows-Security-Auditing,Security,20222,0,"%%1537
				",0x10000,,,,,,,0x7b0,,,,,,,,,,,,,C:\Windows\WinSxS\Temp\InFlight\5a81658d6e3add01090000008812a412\x86_microsoft-windows-l..rstandard.resources_31bf3856ad364e35_10.0.20348.587_en-us_f19fd166e829a14d\license.rtf,Security,File,,,,0x1288,C:\Windows\WinSxS\amd64_microsoft-windows-servicingstack_31bf3856ad364e35_10.0.20348.557_none_f1edaeb8515fa10d\TiWorker.exe,,S:AI,,SCAFFOLD,0x3e7,DC$,S-1-5-18,,,,,,,,,,,
2026-09-02T00:04:13.429756Z,4660,dc.scaffold.htb,Microsoft-Windows-Security-Auditing,Security,20223,0,,,,,,,,,0x7b0,,,,,,,,,,,,,,Security,,,,,0x1288,C:\Windows\WinSxS\amd64_microsoft-windows-servicingstack_31bf3856ad364e35_10.0.20348.557_none_f1edaeb8515fa10d\TiWorker.exe,,,,SCAFFOLD,0x3e7,DC$,S-1-5-18,,,,,,,,,00000000-0000-0000-0000-000000000000,,
2026-09-02T00:08:30.360724Z,4663,dc.scaffold.htb,Microsoft-Windows-Security-Auditing,Security,20224,0,"%%4417
				%%4418
				",0x6,,,,,,,0x52c,,,,,,,,,,,,,C:\Windows\servicing\Sessions\31275631_773991185.xml,Security,File,,,,0x13bc,C:\Windows\WinSxS\amd64_microsoft-windows-servicingstack_31bf3856ad364e35_10.0.20348.557_none_f1edaeb8515fa10d\TiWorker.exe,,,,SCAFFOLD,0x3e7,DC$,S-1-5-18,,,,,,,,,,,
2026-09-02T00:08:58.961609Z,4664,dc.scaffold.htb,Microsoft-Windows-Security-Auditing,Security,20225,0,,,,,,,C:\Windows\WinSxS\x86_netfx4-globalserifcf_b03f5f7f11d50a3a_4.0.15806.330_none_208c0befa3f62003\GlobalSerif.CompositeFont,,,,,,,C:\Windows\WinSxS\x86_netfx4-globalserifcf_b03f5f7f11d50a3a_4.0.15806.345_none_20910d3da3f19f07\GlobalSerif.CompositeFont,,,,,,,,,,,,,,,,,,,SCAFFOLD,0x3e7,DC$,S-1-5-18,,,,,,,,,00000000-0000-0000-0000-000000000000,,
2026-09-02T00:08:58.966269Z,4664,dc.scaffold.htb,Microsoft-Windows-Security-Auditing,Security,20226,0,,,,,,,C:\Windows\WinSxS\amd64_netfx4-globalmonospacecf_b03f5f7f11d50a3a_4.0.15806.330_none_b8fe88089cdf8b8b\GlobalMonospace.CompositeFont,,,,,,,C:\Windows\WinSxS\amd64_netfx4-globalmonospacecf_b03f5f7f11d50a3a_4.0.15806.345_none_b90389569cdb0a8f\GlobalMonospace.CompositeFont,,,,,,,,,,,,,,,,,,,SCAFFOLD,0x3e7,DC$,S-1-5-18,,,,,,,,,00000000-0000-0000-0000-000000000000,,
2026-09-02T00:08:58.967832Z,4664,dc.scaffold.htb,Microsoft-Windows-Security-Auditing,Security,20227,0,,,,,,,C:\Windows\WinSxS\x86_netfx4-globalmonospacecf_b03f5f7f11d50a3a_4.0.15806.330_none_00abbedfb15bb491\GlobalMonospace.CompositeFont,,,,,,,C:\Windows\WinSxS\x86_netfx4-globalmonospacecf_b03f5f7f11d50a3a_4.0.15806.345_none_00b0c02db1573395\GlobalMonospace.CompositeFont,,,,,,,,,,,,,,,,,,,SCAFFOLD,0x3e7,DC$,S-1-5-18,,,,,,,,,00000000-0000-0000-0000-000000000000,,
2026-09-02T00:08:59.284205Z,4664,dc.scaffold.htb,Microsoft-Windows-Security-Auditing,Security,20228,0,,,,,,,C:\Windows\WinSxS\amd64_netfx4-globalsansserifcf_b03f5f7f11d50a3a_4.0.15806.330_none_cea75a2e9c25d654\GlobalSansSerif.CompositeFont,,,,,,,C:\Windows\WinSxS\amd64_netfx4-globalsansserifcf_b03f5f7f11d50a3a_4.0.15806.345_none_ceac5b7c9c215558\GlobalSansSerif.CompositeFont,,,,,,,,,,,,,,,,,,,SCAFFOLD,0x3e7,DC$,S-1-5-18,,,,,,,,,00000000-0000-0000-0000-000000000000,,
2026-09-02T00:08:59.287219Z,4664,dc.scaffold.htb,Microsoft-Windows-Security-Auditing,Security,20229,0,,,,,,,C:\Windows\WinSxS\x86_netfx4-globalsansserifcf_b03f5f7f11d50a3a_4.0.15806.330_none_16549105b0a1ff5a\GlobalSansSerif.CompositeFont,,,,,,,C:\Windows\WinSxS\x86_netfx4-globalsansserifcf_b03f5f7f11d50a3a_4.0.15806.345_none_16599253b09d7e5e\GlobalSansSerif.CompositeFont,,,,,,,,,,,,,,,,,,,SCAFFOLD,0x3e7,DC$,S-1-5-18,,,,,,,,,00000000-0000-0000-0000-000000000000,,
2026-09-02T00:08:59.298239Z,4664,dc.scaffold.htb,Microsoft-Windows-Security-Auditing,Security,20230,0,,,,,,,C:\Windows\WinSxS\amd64_mscorlib_b77a5c561934e089_4.0.15806.300_none_1b10d49380a96a24\normnfd.nlp,,,,,,,C:\Windows\WinSxS\amd64_mscorlib_b77a5c561934e089_4.0.15806.345_none_1b15d57580a4ea1b\normnfd.nlp,,,,,,,,,,,,,,,,,,,SCAFFOLD,0x3e7,DC$,S-1-5-18,,,,,,,,,00000000-0000-0000-0000-000000000000,,
2026-09-02T00:08:59.298863Z,4664,dc.scaffold.htb,Microsoft-Windows-Security-Auditing,Security,20231,0,,,,,,,C:\Windows\WinSxS\amd64_mscorlib_b77a5c561934e089_4.0.15806.300_none_1b10d49380a96a24\normnfkc.nlp,,,,,,,C:\Windows\WinSxS\amd64_mscorlib_b77a5c561934e089_4.0.15806.345_none_1b15d57580a4ea1b\normnfkc.nlp,,,,,,,,,,,,,,,,,,,SCAFFOLD,0x3e7,DC$,S-1-5-18,,,,,,,,,00000000-0000-0000-0000-000000000000,,
2026-09-02T00:08:59.299416Z,4664,dc.scaffold.htb,Microsoft-Windows-Security-Auditing,Security,20232,0,,,,,,,C:\Windows\WinSxS\amd64_mscorlib_b77a5c561934e089_4.0.15806.300_none_1b10d49380a96a24\normnfc.nlp,,,,,,,C:\Windows\WinSxS\amd64_mscorlib_b77a5c561934e089_4.0.15806.345_none_1b15d57580a4ea1b\normnfc.nlp,,,,,,,,,,,,,,,,,,,SCAFFOLD,0x3e7,DC$,S-1-5-18,,,,,,,,,00000000-0000-0000-0000-000000000000,,
2026-09-02T00:08:59.301767Z,4664,dc.scaffold.htb,Microsoft-Windows-Security-Auditing,Security,20233,0,,,,,,,C:\Windows\WinSxS\amd64_mscorlib_b77a5c561934e089_4.0.15806.300_none_1b10d49380a96a24\normnfkd.nlp,,,,,,,C:\Windows\WinSxS\amd64_mscorlib_b77a5c561934e089_4.0.15806.345_none_1b15d57580a4ea1b\normnfkd.nlp,,,,,,,,,,,,,,,,,,,SCAFFOLD,0x3e7,DC$,S-1-5-18,,,,,,,,,00000000-0000-0000-0000-000000000000,,
2026-09-02T00:08:59.302311Z,4664,dc.scaffold.htb,Microsoft-Windows-Security-Auditing,Security,20234,0,,,,,,,C:\Windows\WinSxS\amd64_mscorlib_b77a5c561934e089_4.0.15806.300_none_1b10d49380a96a24\normidna.nlp,,,,,,,C:\Windows\WinSxS\amd64_mscorlib_b77a5c561934e089_4.0.15806.345_none_1b15d57580a4ea1b\normidna.nlp,,,,,,,,,,,,,,,,,,,SCAFFOLD,0x3e7,DC$,S-1-5-18,,,,,,,,,00000000-0000-0000-0000-000000000000,,
2026-09-02T00:08:59.304190Z,4664,dc.scaffold.htb,Microsoft-Windows-Security-Auditing,Security,20235,0,,,,,,,C:\Windows\WinSxS\wow64_mscorlib_b77a5c561934e089_4.0.15806.300_none_44df1bad41f3ff41\normnfkc.nlp,,,,,,,C:\Windows\WinSxS\wow64_mscorlib_b77a5c561934e089_4.0.15806.345_none_44e41c8f41ef7f38\normnfkc.nlp,,,,,,,,,,,,,,,,,,,SCAFFOLD,0x3e7,DC$,S-1-5-18,,,,,,,,,00000000-0000-0000-0000-000000000000,,
2026-09-02T00:08:59.304723Z,4664,dc.scaffold.htb,Microsoft-Windows-Security-Auditing,Security,20236,0,,,,,,,C:\Windows\WinSxS\wow64_mscorlib_b77a5c561934e089_4.0.15806.300_none_44df1bad41f3ff41\normidna.nlp,,,,,,,C:\Windows\WinSxS\wow64_mscorlib_b77a5c561934e089_4.0.15806.345_none_44e41c8f41ef7f38\normidna.nlp,,,,,,,,,,,,,,,,,,,SCAFFOLD,0x3e7,DC$,S-1-5-18,,,,,,,,,00000000-0000-0000-0000-000000000000,,
2026-09-02T00:08:59.305227Z,4664,dc.scaffold.htb,Microsoft-Windows-Security-Auditing,Security,20237,0,,,,,,,C:\Windows\WinSxS\wow64_mscorlib_b77a5c561934e089_4.0.15806.300_none_44df1bad41f3ff41\normnfc.nlp,,,,,,,C:\Windows\WinSxS\wow64_mscorlib_b77a5c561934e089_4.0.15806.345_none_44e41c8f41ef7f38\normnfc.nlp,,,,,,,,,,,,,,,,,,,SCAFFOLD,0x3e7,DC$,S-1-5-18,,,,,,,,,00000000-0000-0000-0000-000000000000,,
2026-09-02T00:08:59.306236Z,4664,dc.scaffold.htb,Microsoft-Windows-Security-Auditing,Security,20238,0,,,,,,,C:\Windows\WinSxS\wow64_mscorlib_b77a5c561934e089_4.0.15806.300_none_44df1bad41f3ff41\normnfkd.nlp,,,,,,,C:\Windows\WinSxS\wow64_mscorlib_b77a5c561934e089_4.0.15806.345_none_44e41c8f41ef7f38\normnfkd.nlp,,,,,,,,,,,,,,,,,,,SCAFFOLD,0x3e7,DC$,S-1-5-18,,,,,,,,,00000000-0000-0000-0000-000000000000,,
2026-09-02T00:08:59.307106Z,4664,dc.scaffold.htb,Microsoft-Windows-Security-Auditing,Security,20239,0,,,,,,,C:\Windows\WinSxS\wow64_mscorlib_b77a5c561934e089_4.0.15806.300_none_44df1bad41f3ff41\normnfd.nlp,,,,,,,C:\Windows\WinSxS\wow64_mscorlib_b77a5c561934e089_4.0.15806.345_none_44e41c8f41ef7f38\normnfd.nlp,,,,,,,,,,,,,,,,,,,SCAFFOLD,0x3e7,DC$,S-1-5-18,,,,,,,,,00000000-0000-0000-0000-000000000000,,
2026-09-02T00:08:59.319123Z,4664,dc.scaffold.htb,Microsoft-Windows-Security-Auditing,Security,20240,0,,,,,,,C:\Windows\WinSxS\amd64_netfx4-globaluserinterfacecf_b03f5f7f11d50a3a_4.0.15806.330_none_f0ad81bbd041755a\GlobalUserInterface.CompositeFont,,,,,,,C:\Windows\WinSxS\amd64_netfx4-globaluserinterfacecf_b03f5f7f11d50a3a_4.0.15806.345_none_f0b28309d03cf45e\GlobalUserInterface.CompositeFont,,,,,,,,,,,,,,,,,,,SCAFFOLD,0x3e7,DC$,S-1-5-18,,,,,,,,,00000000-0000-0000-0000-000000000000,,
2026-09-02T00:08:59.320792Z,4664,dc.scaffold.htb,Microsoft-Windows-Security-Auditing,Security,20241,0,,,,,,,C:\Windows\WinSxS\x86_netfx4-globaluserinterfacecf_b03f5f7f11d50a3a_4.0.15806.330_none_385ab892e4bd9e60\GlobalUserInterface.CompositeFont,,,,,,,C:\Windows\WinSxS\x86_netfx4-globaluserinterfacecf_b03f5f7f11d50a3a_4.0.15806.345_none_385fb9e0e4b91d64\GlobalUserInterface.CompositeFont,,,,,,,,,,,,,,,,,,,SCAFFOLD,0x3e7,DC$,S-1-5-18,,,,,,,,,00000000-0000-0000-0000-000000000000,,
2026-09-02T00:08:59.323399Z,4664,dc.scaffold.htb,Microsoft-Windows-Security-Auditing,Security,20242,0,,,,,,,C:\Windows\WinSxS\amd64_presentationcore_31bf3856ad364e35_4.0.15806.330_none_a813305dde6e1a61\GlobalUserInterface.CompositeFont,,,,,,,C:\Windows\WinSxS\amd64_presentationcore_31bf3856ad364e35_4.0.15806.345_none_a81831abde699965\GlobalUserInterface.CompositeFont,,,,,,,,,,,,,,,,,,,SCAFFOLD,0x3e7,DC$,S-1-5-18,,,,,,,,,00000000-0000-0000-0000-000000000000,,
2026-09-02T00:08:59.323928Z,4664,dc.scaffold.htb,Microsoft-Windows-Security-Auditing,Security,20243,0,,,,,,,C:\Windows\WinSxS\amd64_presentationcore_31bf3856ad364e35_4.0.15806.330_none_a813305dde6e1a61\GlobalSansSerif.CompositeFont,,,,,,,C:\Windows\WinSxS\amd64_presentationcore_31bf3856ad364e35_4.0.15806.345_none_a81831abde699965\GlobalSansSerif.CompositeFont,,,,,,,,,,,,,,,,,,,SCAFFOLD,0x3e7,DC$,S-1-5-18,,,,,,,,,00000000-0000-0000-0000-000000000000,,
2026-09-02T00:08:59.325205Z,4664,dc.scaffold.htb,Microsoft-Windows-Security-Auditing,Security,20244,0,,,,,,,C:\Windows\WinSxS\amd64_presentationcore_31bf3856ad364e35_4.0.15806.330_none_a813305dde6e1a61\GlobalSerif.CompositeFont,,,,,,,C:\Windows\WinSxS\amd64_presentationcore_31bf3856ad364e35_4.0.15806.345_none_a81831abde699965\GlobalSerif.CompositeFont,,,,,,,,,,,,,,,,,,,SCAFFOLD,0x3e7,DC$,S-1-5-18,,,,,,,,,00000000-0000-0000-0000-000000000000,,
2026-09-02T00:08:59.326271Z,4664,dc.scaffold.htb,Microsoft-Windows-Security-Auditing,Security,20245,0,,,,,,,C:\Windows\WinSxS\amd64_presentationcore_31bf3856ad364e35_4.0.15806.330_none_a813305dde6e1a61\GlobalMonospace.CompositeFont,,,,,,,C:\Windows\WinSxS\amd64_presentationcore_31bf3856ad364e35_4.0.15806.345_none_a81831abde699965\GlobalMonospace.CompositeFont,,,,,,,,,,,,,,,,,,,SCAFFOLD,0x3e7,DC$,S-1-5-18,,,,,,,,,00000000-0000-0000-0000-000000000000,,
2026-09-02T00:08:59.330234Z,4664,dc.scaffold.htb,Microsoft-Windows-Security-Auditing,Security,20246,0,,,,,,,C:\Windows\WinSxS\wow64_presentationcore_31bf3856ad364e35_4.0.15806.330_none_d1e177779fb8af7e\GlobalUserInterface.CompositeFont,,,,,,,C:\Windows\WinSxS\wow64_presentationcore_31bf3856ad364e35_4.0.15806.345_none_d1e678c59fb42e82\GlobalUserInterface.CompositeFont,,,,,,,,,,,,,,,,,,,SCAFFOLD,0x3e7,DC$,S-1-5-18,,,,,,,,,00000000-0000-0000-0000-000000000000,,
2026-09-02T00:08:59.331054Z,4664,dc.scaffold.htb,Microsoft-Windows-Security-Auditing,Security,20247,0,,,,,,,C:\Windows\WinSxS\wow64_presentationcore_31bf3856ad364e35_4.0.15806.330_none_d1e177779fb8af7e\GlobalMonospace.CompositeFont,,,,,,,C:\Windows\WinSxS\wow64_presentationcore_31bf3856ad364e35_4.0.15806.345_none_d1e678c59fb42e82\GlobalMonospace.CompositeFont,,,,,,,,,,,,,,,,,,,SCAFFOLD,0x3e7,DC$,S-1-5-18,,,,,,,,,00000000-0000-0000-0000-000000000000,,
2026-09-02T00:08:59.332244Z,4664,dc.scaffold.htb,Microsoft-Windows-Security-Auditing,Security,20248,0,,,,,,,C:\Windows\WinSxS\wow64_presentationcore_31bf3856ad364e35_4.0.15806.330_none_d1e177779fb8af7e\GlobalSerif.CompositeFont,,,,,,,C:\Windows\WinSxS\wow64_presentationcore_31bf3856ad364e35_4.0.15806.345_none_d1e678c59fb42e82\GlobalSerif.CompositeFont,,,,,,,,,,,,,,,,,,,SCAFFOLD,0x3e7,DC$,S-1-5-18,,,,,,,,,00000000-0000-0000-0000-000000000000,,
2026-09-02T00:08:59.332999Z,4664,dc.scaffold.htb,Microsoft-Windows-Security-Auditing,Security,20249,0,,,,,,,C:\Windows\WinSxS\wow64_presentationcore_31bf3856ad364e35_4.0.15806.330_none_d1e177779fb8af7e\GlobalSansSerif.CompositeFont,,,,,,,C:\Windows\WinSxS\wow64_presentationcore_31bf3856ad364e35_4.0.15806.345_none_d1e678c59fb42e82\GlobalSansSerif.CompositeFont,,,,,,,,,,,,,,,,,,,SCAFFOLD,0x3e7,DC$,S-1-5-18,,,,,,,,,00000000-0000-0000-0000-000000000000,,
2026-09-02T00:08:59.355130Z,4664,dc.scaffold.htb,Microsoft-Windows-Security-Auditing,Security,20250,0,,,,,,,C:\Windows\WinSxS\amd64_netfx4-globalserifcf_b03f5f7f11d50a3a_4.0.15806.330_none_d8ded5188f79f6fd\GlobalSerif.CompositeFont,,,,,,,C:\Windows\WinSxS\amd64_netfx4-globalserifcf_b03f5f7f11d50a3a_4.0.15806.345_none_d8e3d6668f757601\GlobalSerif.CompositeFont,,,,,,,,,,,,,,,,,,,SCAFFOLD,0x3e7,DC$,S-1-5-18,,,,,,,,,00000000-0000-0000-0000-000000000000,,
2026-09-02T00:09:02.044941Z,4663,dc.scaffold.htb,Microsoft-Windows-Security-Auditing,Security,20251,0,"%%4417
				",0x2,,,,,,,0x1010,,,,,,,,,,,,,C:\Windows\servicing\Packages,Security,File,,,,0x13bc,C:\Windows\WinSxS\amd64_microsoft-windows-servicingstack_31bf3856ad364e35_10.0.20348.557_none_f1edaeb8515fa10d\TiWorker.exe,,S:AI,,SCAFFOLD,0x3e7,DC$,S-1-5-18,,,,,,,,,,,
2026-09-02T00:09:02.045290Z,4663,dc.scaffold.htb,Microsoft-Windows-Security-Auditing,Security,20252,0,"%%1538
				",0x20000,,,,,,,0x3e0,,,,,,,,,,,,,C:\Windows\servicing\Packages,Security,File,,,,0x13bc,C:\Windows\WinSxS\amd64_microsoft-windows-servicingstack_31bf3856ad364e35_10.0.20348.557_none_f1edaeb8515fa10d\TiWorker.exe,,S:AI,,SCAFFOLD,0x3e7,DC$,S-1-5-18,,,,,,,,,,,
2026-09-02T00:09:02.045379Z,4663,dc.scaffold.htb,Microsoft-Windows-Security-Auditing,Security,20253,0,"%%1538
				",0x20000,,,,,,,0x390,,,,,,,,,,,,,C:\Windows\servicing\Packages,Security,File,,,,0x13bc,C:\Windows\WinSxS\amd64_microsoft-windows-servicingstack_31bf3856ad364e35_10.0.20348.557_none_f1edaeb8515fa10d\TiWorker.exe,,S:AI,,SCAFFOLD,0x3e7,DC$,S-1-5-18,,,,,,,,,,,
2026-09-02T00:09:02.045638Z,4663,dc.scaffold.htb,Microsoft-Windows-Security-Auditing,Security,20254,0,"%%4417
				",0x2,,,,,,,0x1010,,,,,,,,,,,,,C:\Windows\servicing\Packages,Security,File,,,,0x13bc,C:\Windows\WinSxS\amd64_microsoft-windows-servicingstack_31bf3856ad364e35_10.0.20348.557_none_f1edaeb8515fa10d\TiWorker.exe,,S:AI,,SCAFFOLD,0x3e7,DC$,S-1-5-18,,,,,,,,,,,
2026-09-02T00:09:02.046008Z,4663,dc.scaffold.htb,Microsoft-Windows-Security-Auditing,Security,20255,0,"%%1538
				",0x20000,,,,,,,0x3e0,,,,,,,,,,,,,C:\Windows\servicing\Packages,Security,File,,,,0x13bc,C:\Windows\WinSxS\amd64_microsoft-windows-servicingstack_31bf3856ad364e35_10.0.20348.557_none_f1edaeb8515fa10d\TiWorker.exe,,S:AI,,SCAFFOLD,0x3e7,DC$,S-1-5-18,,,,,,,,,,,
2026-09-02T00:09:02.046073Z,4663,dc.scaffold.htb,Microsoft-Windows-Security-Auditing,Security,20256,0,"%%1538
				",0x20000,,,,,,,0x390,,,,,,,,,,,,,C:\Windows\servicing\Packages,Security,File,,,,0x13bc,C:\Windows\WinSxS\amd64_microsoft-windows-servicingstack_31bf3856ad364e35_10.0.20348.557_none_f1edaeb8515fa10d\TiWorker.exe,,S:AI,,SCAFFOLD,0x3e7,DC$,S-1-5-18,,,,,,,,,,,
2026-09-02T00:09:03.786632Z,4663,dc.scaffold.htb,Microsoft-Windows-Security-Auditing,Security,20257,0,"%%4417
				",0x2,,,,,,,0x1ec0,,,,,,,,,,,,,C:\Windows\servicing\Packages,Security,File,,,,0x13bc,C:\Windows\WinSxS\amd64_microsoft-windows-servicingstack_31bf3856ad364e35_10.0.20348.557_none_f1edaeb8515fa10d\TiWorker.exe,,S:AI,,SCAFFOLD,0x3e7,DC$,S-1-5-18,,,,,,,,,,,
2026-09-02T00:09:03.786995Z,4663,dc.scaffold.htb,Microsoft-Windows-Security-Auditing,Security,20258,0,"%%1538
				",0x20000,,,,,,,0x3e0,,,,,,,,,,,,,C:\Windows\servicing\Packages,Security,File,,,,0x13bc,C:\Windows\WinSxS\amd64_microsoft-windows-servicingstack_31bf3856ad364e35_10.0.20348.557_none_f1edaeb8515fa10d\TiWorker.exe,,S:AI,,SCAFFOLD,0x3e7,DC$,S-1-5-18,,,,,,,,,,,
2026-09-02T00:09:03.787065Z,4663,dc.scaffold.htb,Microsoft-Windows-Security-Auditing,Security,20259,0,"%%1538
				",0x20000,,,,,,,0x390,,,,,,,,,,,,,C:\Windows\servicing\Packages,Security,File,,,,0x13bc,C:\Windows\WinSxS\amd64_microsoft-windows-servicingstack_31bf3856ad364e35_10.0.20348.557_none_f1edaeb8515fa10d\TiWorker.exe,,S:AI,,SCAFFOLD,0x3e7,DC$,S-1-5-18,,,,,,,,,,,
2026-09-02T00:09:03.787348Z,4663,dc.scaffold.htb,Microsoft-Windows-Security-Auditing,Security,20260,0,"%%4417
				",0x2,,,,,,,0x1ec0,,,,,,,,,,,,,C:\Windows\servicing\Packages,Security,File,,,,0x13bc,C:\Windows\WinSxS\amd64_microsoft-windows-servicingstack_31bf3856ad364e35_10.0.20348.557_none_f1edaeb8515fa10d\TiWorker.exe,,S:AI,,SCAFFOLD,0x3e7,DC$,S-1-5-18,,,,,,,,,,,
2026-09-02T00:09:03.787858Z,4663,dc.scaffold.htb,Microsoft-Windows-Security-Auditing,Security,20261,0,"%%1538
				",0x20000,,,,,,,0x3e0,,,,,,,,,,,,,C:\Windows\servicing\Packages,Security,File,,,,0x13bc,C:\Windows\WinSxS\amd64_microsoft-windows-servicingstack_31bf3856ad364e35_10.0.20348.557_none_f1edaeb8515fa10d\TiWorker.exe,,S:AI,,SCAFFOLD,0x3e7,DC$,S-1-5-18,,,,,,,,,,,
2026-09-02T00:09:03.787954Z,4663,dc.scaffold.htb,Microsoft-Windows-Security-Auditing,Security,20262,0,"%%1538
				",0x20000,,,,,,,0x390,,,,,,,,,,,,,C:\Windows\servicing\Packages,Security,File,,,,0x13bc,C:\Windows\WinSxS\amd64_microsoft-windows-servicingstack_31bf3856ad364e35_10.0.20348.557_none_f1edaeb8515fa10d\TiWorker.exe,,S:AI,,SCAFFOLD,0x3e7,DC$,S-1-5-18,,,,,,,,,,,
2026-09-02T00:09:03.803350Z,4663,dc.scaffold.htb,Microsoft-Windows-Security-Auditing,Security,20263,0,"%%4417
				",0x2,,,,,,,0x1ed4,,,,,,,,,,,,,C:\Windows\servicing\Packages,Security,File,,,,0x13bc,C:\Windows\WinSxS\amd64_microsoft-windows-servicingstack_31bf3856ad364e35_10.0.20348.557_none_f1edaeb8515fa10d\TiWorker.exe,,S:AI,,SCAFFOLD,0x3e7,DC$,S-1-5-18,,,,,,,,,,,
2026-09-02T00:09:03.803790Z,4663,dc.scaffold.htb,Microsoft-Windows-Security-Auditing,Security,20264,0,"%%1538
				",0x20000,,,,,,,0x5f4,,,,,,,,,,,,,C:\Windows\servicing\Packages,Security,File,,,,0x13bc,C:\Windows\WinSxS\amd64_microsoft-windows-servicingstack_31bf3856ad364e35_10.0.20348.557_none_f1edaeb8515fa10d\TiWorker.exe,,S:AI,,SCAFFOLD,0x3e7,DC$,S-1-5-18,,,,,,,,,,,
2026-09-02T00:09:03.803875Z,4663,dc.scaffold.htb,Microsoft-Windows-Security-Auditing,Security,20265,0,"%%1538
				",0x20000,,,,,,,0x6f8,,,,,,,,,,,,,C:\Windows\servicing\Packages,Security,File,,,,0x13bc,C:\Windows\WinSxS\amd64_microsoft-windows-servicingstack_31bf3856ad364e35_10.0.20348.557_none_f1edaeb8515fa10d\TiWorker.exe,,S:AI,,SCAFFOLD,0x3e7,DC$,S-1-5-18,,,,,,,,,,,
2026-09-02T00:09:03.804285Z,4663,dc.scaffold.htb,Microsoft-Windows-Security-Auditing,Security,20266,0,"%%4417
				",0x2,,,,,,,0x2394,,,,,,,,,,,,,C:\Windows\servicing\Packages,Security,File,,,,0x13bc,C:\Windows\WinSxS\amd64_microsoft-windows-servicingstack_31bf3856ad364e35_10.0.20348.557_none_f1edaeb8515fa10d\TiWorker.exe,,S:AI,,SCAFFOLD,0x3e7,DC$,S-1-5-18,,,,,,,,,,,
2026-09-02T00:09:03.804736Z,4663,dc.scaffold.htb,Microsoft-Windows-Security-Auditing,Security,20267,0,"%%1538
				",0x20000,,,,,,,0x574,,,,,,,,,,,,,C:\Windows\servicing\Packages,Security,File,,,,0x13bc,C:\Windows\WinSxS\amd64_microsoft-windows-servicingstack_31bf3856ad364e35_10.0.20348.557_none_f1edaeb8515fa10d\TiWorker.exe,,S:AI,,SCAFFOLD,0x3e7,DC$,S-1-5-18,,,,,,,,,,,
2026-09-02T00:09:03.804843Z,4663,dc.scaffold.htb,Microsoft-Windows-Security-Auditing,Security,20268,0,"%%1538
				",0x20000,,,,,,,0x644,,,,,,,,,,,,,C:\Windows\servicing\Packages,Security,File,,,,0x13bc,C:\Windows\WinSxS\amd64_microsoft-windows-servicingstack_31bf3856ad364e35_10.0.20348.557_none_f1edaeb8515fa10d\TiWorker.exe,,S:AI,,SCAFFOLD,0x3e7,DC$,S-1-5-18,,,,,,,,,,,
2026-09-02T00:09:03.883208Z,4663,dc.scaffold.htb,Microsoft-Windows-Security-Auditing,Security,20269,0,"%%4417
				",0x2,,,,,,,0x914,,,,,,,,,,,,,C:\Windows\servicing\Packages,Security,File,,,,0x13bc,C:\Windows\WinSxS\amd64_microsoft-windows-servicingstack_31bf3856ad364e35_10.0.20348.557_none_f1edaeb8515fa10d\TiWorker.exe,,S:AI,,SCAFFOLD,0x3e7,DC$,S-1-5-18,,,,,,,,,,,
2026-09-02T00:09:03.883599Z,4663,dc.scaffold.htb,Microsoft-Windows-Security-Auditing,Security,20270,0,"%%1538
				",0x20000,,,,,,,0x574,,,,,,,,,,,,,C:\Windows\servicing\Packages,Security,File,,,,0x13bc,C:\Windows\WinSxS\amd64_microsoft-windows-servicingstack_31bf3856ad364e35_10.0.20348.557_none_f1edaeb8515fa10d\TiWorker.exe,,S:AI,,SCAFFOLD,0x3e7,DC$,S-1-5-18,,,,,,,,,,,
2026-09-02T00:09:03.883671Z,4663,dc.scaffold.htb,Microsoft-Windows-Security-Auditing,Security,20271,0,"%%1538
				",0x20000,,,,,,,0x644,,,,,,,,,,,,,C:\Windows\servicing\Packages,Security,File,,,,0x13bc,C:\Windows\WinSxS\amd64_microsoft-windows-servicingstack_31bf3856ad364e35_10.0.20348.557_none_f1edaeb8515fa10d\TiWorker.exe,,S:AI,,SCAFFOLD,0x3e7,DC$,S-1-5-18,,,,,,,,,,,
2026-09-02T00:09:03.883931Z,4663,dc.scaffold.htb,Microsoft-Windows-Security-Auditing,Security,20272,0,"%%4417
				",0x2,,,,,,,0x914,,,,,,,,,,,,,C:\Windows\servicing\Packages,Security,File,,,,0x13bc,C:\Windows\WinSxS\amd64_microsoft-windows-servicingstack_31bf3856ad364e35_10.0.20348.557_none_f1edaeb8515fa10d\TiWorker.exe,,S:AI,,SCAFFOLD,0x3e7,DC$,S-1-5-18,,,,,,,,,,,
2026-09-02T00:09:03.884348Z,4663,dc.scaffold.htb,Microsoft-Windows-Security-Auditing,Security,20273,0,"%%1538
				",0x20000,,,,,,,0x574,,,,,,,,,,,,,C:\Windows\servicing\Packages,Security,File,,,,0x13bc,C:\Windows\WinSxS\amd64_microsoft-windows-servicingstack_31bf3856ad364e35_10.0.20348.557_none_f1edaeb8515fa10d\TiWorker.exe,,S:AI,,SCAFFOLD,0x3e7,DC$,S-1-5-18,,,,,,,,,,,
2026-09-02T00:09:03.884405Z,4663,dc.scaffold.htb,Microsoft-Windows-Security-Auditing,Security,20274,0,"%%1538
				",0x20000,,,,,,,0x644,,,,,,,,,,,,,C:\Windows\servicing\Packages,Security,File,,,,0x13bc,C:\Windows\WinSxS\amd64_microsoft-windows-servicingstack_31bf3856ad364e35_10.0.20348.557_none_f1edaeb8515fa10d\TiWorker.exe,,S:AI,,SCAFFOLD,0x3e7,DC$,S-1-5-18,,,,,,,,,,,
2026-09-02T00:09:03.888744Z,4663,dc.scaffold.htb,Microsoft-Windows-Security-Auditing,Security,20275,0,"%%4417
				",0x2,,,,,,,0x914,,,,,,,,,,,,,C:\Windows\servicing\Sessions,Security,File,,,,0x13bc,C:\Windows\WinSxS\amd64_microsoft-windows-servicingstack_31bf3856ad364e35_10.0.20348.557_none_f1edaeb8515fa10d\TiWorker.exe,,S:AI,,SCAFFOLD,0x3e7,DC$,S-1-5-18,,,,,,,,,,,
2026-09-02T00:09:03.889081Z,4663,dc.scaffold.htb,Microsoft-Windows-Security-Auditing,Security,20276,0,"%%4417
				%%4418
				",0x6,,,,,,,0x3e4,,,,,,,,,,,,,C:\Windows\servicing\Sessions\31275631_773991185.xml,Security,File,,,,0x13bc,C:\Windows\WinSxS\amd64_microsoft-windows-servicingstack_31bf3856ad364e35_10.0.20348.557_none_f1edaeb8515fa10d\TiWorker.exe,,,,SCAFFOLD,0x3e7,DC$,S-1-5-18,,,,,,,,,,,
2026-09-02T00:09:07.615349Z,4663,dc.scaffold.htb,Microsoft-Windows-Security-Auditing,Security,20277,0,"%%4420
				",0x10,,,,,,,0x708,,,,,,,,,,,,,C:\Windows\WinSxS\amd64_uiautomationprovider_31bf3856ad364e35_4.0.15806.330_none_69840c5ca7f757f6\UIAutomationProvider.dll,Security,File,,,,0x13bc,C:\Windows\WinSxS\amd64_microsoft-windows-servicingstack_31bf3856ad364e35_10.0.20348.557_none_f1edaeb8515fa10d\TiWorker.exe,,S:AI,,SCAFFOLD,0x3e7,DC$,S-1-5-18,,,,,,,,,,,
2026-09-02T00:09:07.616644Z,4663,dc.scaffold.htb,Microsoft-Windows-Security-Auditing,Security,20278,0,"%%4420
				",0x10,,,,,,,0x708,,,,,,,,,,,,,C:\Windows\WinSxS\wow64_presentationcore_31bf3856ad364e35_4.0.15806.330_none_d1e177779fb8af7e\PresentationCore.dll,Security,File,,,,0x13bc,C:\Windows\WinSxS\amd64_microsoft-windows-servicingstack_31bf3856ad364e35_10.0.20348.557_none_f1edaeb8515fa10d\TiWorker.exe,,S:AI,,SCAFFOLD,0x3e7,DC$,S-1-5-18,,,,,,,,,,,
2026-09-02T00:09:07.619460Z,4663,dc.scaffold.htb,Microsoft-Windows-Security-Auditing,Security,20279,0,"%%4420
				",0x10,,,,,,,0x708,,,,,,,,,,,,,C:\Windows\WinSxS\x86_netfx4-clr_dll_b03f5f7f11d50a3a_4.0.15806.300_none_819229e5c7ef47e9\clr.dll,Security,File,,,,0x13bc,C:\Windows\WinSxS\amd64_microsoft-windows-servicingstack_31bf3856ad364e35_10.0.20348.557_none_f1edaeb8515fa10d\TiWorker.exe,,S:AI,,SCAFFOLD,0x3e7,DC$,S-1-5-18,,,,,,,,,,,
2026-09-02T00:09:07.620006Z,4663,dc.scaffold.htb,Microsoft-Windows-Security-Auditing,Security,20280,0,"%%4420
				",0x10,,,,,,,0x708,,,,,,,,,,,,,C:\Windows\WinSxS\amd64_system.windows.forms_b77a5c561934e089_4.0.15806.290_none_844641b502d84b6c\System.Windows.Forms.dll,Security,File,,,,0x13bc,C:\Windows\WinSxS\amd64_microsoft-windows-servicingstack_31bf3856ad364e35_10.0.20348.557_none_f1edaeb8515fa10d\TiWorker.exe,,S:AI,,SCAFFOLD,0x3e7,DC$,S-1-5-18,,,,,,,,,,,
2026-09-02T00:09:07.620436Z,4663,dc.scaffold.htb,Microsoft-Windows-Security-Auditing,Security,20281,0,"%%4420
				",0x10,,,,,,,0x708,,,,,,,,,,,,,C:\Windows\WinSxS\x86_netfx4-aspnet_wp_exe_b03f5f7f11d50a3a_4.0.15806.340_none_4e98a98c588fbe61\aspnet_wp.exe,Security,File,,,,0x13bc,C:\Windows\WinSxS\amd64_microsoft-windows-servicingstack_31bf3856ad364e35_10.0.20348.557_none_f1edaeb8515fa10d\TiWorker.exe,,S:AI,,SCAFFOLD,0x3e7,DC$,S-1-5-18,,,,,,,,,,,
2026-09-02T00:09:07.621629Z,4663,dc.scaffold.htb,Microsoft-Windows-Security-Auditing,Security,20282,0,"%%4420
				",0x10,,,,,,,0x708,,,,,,,,,,,,,C:\Windows\WinSxS\amd64_netfx4-clrjit_dll_b03f5f7f11d50a3a_4.0.15806.300_none_1df5330e487a2a04\clrjit.dll,Security,File,,,,0x13bc,C:\Windows\WinSxS\amd64_microsoft-windows-servicingstack_31bf3856ad364e35_10.0.20348.557_none_f1edaeb8515fa10d\TiWorker.exe,,S:AI,,SCAFFOLD,0x3e7,DC$,S-1-5-18,,,,,,,,,,,
2026-09-02T00:09:07.622893Z,4663,dc.scaffold.htb,Microsoft-Windows-Security-Auditing,Security,20283,0,"%%4420
				",0x10,,,,,,,0x708,,,,,,,,,,,,,C:\Windows\WinSxS\amd64_netfx4-mscordacwks_dll_b03f5f7f11d50a3a_4.0.15806.300_none_df5dffaac7e1cb73\mscordacwks.dll,Security,File,,,,0x13bc,C:\Windows\WinSxS\amd64_microsoft-windows-servicingstack_31bf3856ad364e35_10.0.20348.557_none_f1edaeb8515fa10d\TiWorker.exe,,S:AI,,SCAFFOLD,0x3e7,DC$,S-1-5-18,,,,,,,,,,,
2026-09-02T00:09:07.623117Z,4663,dc.scaffold.htb,Microsoft-Windows-Security-Auditing,Security,20284,0,"%%4420
				",0x10,,,,,,,0x708,,,,,,,,,,,,,C:\Windows\WinSxS\amd64_uiautomationtypes_31bf3856ad364e35_4.0.15806.330_none_ef55845e2547450a\UIAutomationTypes.dll,Security,File,,,,0x13bc,C:\Windows\WinSxS\amd64_microsoft-windows-servicingstack_31bf3856ad364e35_10.0.20348.557_none_f1edaeb8515fa10d\TiWorker.exe,,S:AI,,SCAFFOLD,0x3e7,DC$,S-1-5-18,,,,,,,,,,,
2026-09-02T00:09:07.623611Z,4663,dc.scaffold.htb,Microsoft-Windows-Security-Auditing,Security,20285,0,"%%4420
				",0x10,,,,,,,0x708,,,,,,,,,,,,,C:\Windows\WinSxS\amd64_netfx4-webengine4_dll_b03f5f7f11d50a3a_4.0.15806.340_none_d24db1d99f620008\webengine4.dll,Security,File,,,,0x13bc,C:\Windows\WinSxS\amd64_microsoft-windows-servicingstack_31bf3856ad364e35_10.0.20348.557_none_f1edaeb8515fa10d\TiWorker.exe,,S:AI,,SCAFFOLD,0x3e7,DC$,S-1-5-18,,,,,,,,,,,
2026-09-02T00:09:07.624731Z,4663,dc.scaffold.htb,Microsoft-Windows-Security-Auditing,Security,20286,0,"%%4420
				",0x10,,,,,,,0x708,,,,,,,,,,,,,C:\Windows\WinSxS\amd64_windowsbase_31bf3856ad364e35_4.0.15806.330_none_0872f725059352d8\WindowsBase.dll,Security,File,,,,0x13bc,C:\Windows\WinSxS\amd64_microsoft-windows-servicingstack_31bf3856ad364e35_10.0.20348.557_none_f1edaeb8515fa10d\TiWorker.exe,,S:AI,,SCAFFOLD,0x3e7,DC$,S-1-5-18,,,,,,,,,,,
2026-09-02T00:09:07.625221Z,4663,dc.scaffold.htb,Microsoft-Windows-Security-Auditing,Security,20287,0,"%%4420
				",0x10,,,,,,,0x708,,,,,,,,,,,,,C:\Windows\WinSxS\amd64_netfx4-mscorlib_ni_b03f5f7f11d50a3a_4.0.15806.300_none_cf1367a78ec3c532\mscorlib.ni.dll,Security,File,,,,0x13bc,C:\Windows\WinSxS\amd64_microsoft-windows-servicingstack_31bf3856ad364e35_10.0.20348.557_none_f1edaeb8515fa10d\TiWorker.exe,,S:AI,,SCAFFOLD,0x3e7,DC$,S-1-5-18,,,,,,,,,,,
2026-09-02T00:09:07.626611Z,4663,dc.scaffold.htb,Microsoft-Windows-Security-Auditing,Security,20288,0,"%%4420
				",0x10,,,,,,,0x708,,,,,,,,,,,,,C:\Windows\WinSxS\amd64_system.servicemodel.discovery_31bf3856ad364e35_4.0.15806.330_none_f592c774a7120065\System.ServiceModel.Discovery.dll,Security,File,,,,0x13bc,C:\Windows\WinSxS\amd64_microsoft-windows-servicingstack_31bf3856ad364e35_10.0.20348.557_none_f1edaeb8515fa10d\TiWorker.exe,,S:AI,,SCAFFOLD,0x3e7,DC$,S-1-5-18,,,,,,,,,,,
