2026-09-02T00:12:46.180922Z,4663,dc.scaffold.htb,Microsoft-Windows-Security-Auditing,Security,20997,0,"%%4417
				",0x2,,,,,,,0x1d90,,,,,,,,,,,,,C:\Windows\WinSxS\FileMaps,Security,File,,,,0xe2c,C:\Windows\WinSxS\amd64_microsoft-windows-servicingstack_31bf3856ad364e35_10.0.20348.557_none_f1edaeb8515fa10d\TiWorker.exe,,S:AI,,SCAFFOLD,0x3e7,DC$,S-1-5-18,,,,,,,,,,,
2026-09-02T00:12:46.181186Z,4663,dc.scaffold.htb,Microsoft-Windows-Security-Auditing,Security,20998,0,"%%1538
				",0x20000,,,,,,,0x1318,,,,,,,,,,,,,C:\Windows\WinSxS\FileMaps,Security,File,,,,0xe2c,C:\Windows\WinSxS\amd64_microsoft-windows-servicingstack_31bf3856ad364e35_10.0.20348.557_none_f1edaeb8515fa10d\TiWorker.exe,,S:AI,,SCAFFOLD,0x3e7,DC$,S-1-5-18,,,,,,,,,,,
2026-09-02T00:12:46.181329Z,4663,dc.scaffold.htb,Microsoft-Windows-Security-Auditing,Security,20999,0,"%%1538
				",0x20000,,,,,,,0x1318,,,,,,,,,,,,,C:\Windows\WinSxS\FileMaps,Security,File,,,,0xe2c,C:\Windows\WinSxS\amd64_microsoft-windows-servicingstack_31bf3856ad364e35_10.0.20348.557_none_f1edaeb8515fa10d\TiWorker.exe,,S:AI,,SCAFFOLD,0x3e7,DC$,S-1-5-18,,,,,,,,,,,
2026-09-02T00:12:46.181557Z,4663,dc.scaffold.htb,Microsoft-Windows-Security-Auditing,Security,21000,0,"%%1537
				",0x10000,,,,,,,0x1320,,,,,,,,,,,,,C:\Windows\WinSxS\FileMaps\$$_microsoft.net_framework_83386eac0379231b.cdf-ms,Security,File,,,,0xe2c,C:\Windows\WinSxS\amd64_microsoft-windows-servicingstack_31bf3856ad364e35_10.0.20348.557_none_f1edaeb8515fa10d\TiWorker.exe,,S:AI,,SCAFFOLD,0x3e7,DC$,S-1-5-18,,,,,,,,,,,
2026-09-02T00:12:46.181568Z,4660,dc.scaffold.htb,Microsoft-Windows-Security-Auditing,Security,21001,0,,,,,,,,,0x1320,,,,,,,,,,,,,,Security,,,,,0xe2c,C:\Windows\WinSxS\amd64_microsoft-windows-servicingstack_31bf3856ad364e35_10.0.20348.557_none_f1edaeb8515fa10d\TiWorker.exe,,,,SCAFFOLD,0x3e7,DC$,S-1-5-18,,,,,,,,,2997115E-A661-11F1-9932-005056B98D90,,
2026-09-02T00:12:46.184596Z,4663,dc.scaffold.htb,Microsoft-Windows-Security-Auditing,Security,21002,0,"%%4417
				",0x2,,,,,,,0x1d90,,,,,,,,,,,,,C:\Windows\WinSxS\FileMaps,Security,File,,,,0xe2c,C:\Windows\WinSxS\amd64_microsoft-windows-servicingstack_31bf3856ad364e35_10.0.20348.557_none_f1edaeb8515fa10d\TiWorker.exe,,S:AI,,SCAFFOLD,0x3e7,DC$,S-1-5-18,,,,,,,,,,,
2026-09-02T00:12:46.184855Z,4663,dc.scaffold.htb,Microsoft-Windows-Security-Auditing,Security,21003,0,"%%1538
				",0x20000,,,,,,,0x1320,,,,,,,,,,,,,C:\Windows\WinSxS\FileMaps,Security,File,,,,0xe2c,C:\Windows\WinSxS\amd64_microsoft-windows-servicingstack_31bf3856ad364e35_10.0.20348.557_none_f1edaeb8515fa10d\TiWorker.exe,,S:AI,,SCAFFOLD,0x3e7,DC$,S-1-5-18,,,,,,,,,,,
2026-09-02T00:12:46.185000Z,4663,dc.scaffold.htb,Microsoft-Windows-Security-Auditing,Security,21004,0,"%%1538
				",0x20000,,,,,,,0x1320,,,,,,,,,,,,,C:\Windows\WinSxS\FileMaps,Security,File,,,,0xe2c,C:\Windows\WinSxS\amd64_microsoft-windows-servicingstack_31bf3856ad364e35_10.0.20348.557_none_f1edaeb8515fa10d\TiWorker.exe,,S:AI,,SCAFFOLD,0x3e7,DC$,S-1-5-18,,,,,,,,,,,
2026-09-02T00:12:46.185247Z,4663,dc.scaffold.htb,Microsoft-Windows-Security-Auditing,Security,21005,0,"%%1537
				",0x10000,,,,,,,0x1114,,,,,,,,,,,,,C:\Windows\WinSxS\FileMaps\$$_microsoft.net_framework_v4.0.30319_c40c7a995ddd757b.cdf-ms,Security,File,,,,0xe2c,C:\Windows\WinSxS\amd64_microsoft-windows-servicingstack_31bf3856ad364e35_10.0.20348.557_none_f1edaeb8515fa10d\TiWorker.exe,,S:AI,,SCAFFOLD,0x3e7,DC$,S-1-5-18,,,,,,,,,,,
2026-09-02T00:12:46.185251Z,4660,dc.scaffold.htb,Microsoft-Windows-Security-Auditing,Security,21006,0,,,,,,,,,0x1114,,,,,,,,,,,,,,Security,,,,,0xe2c,C:\Windows\WinSxS\amd64_microsoft-windows-servicingstack_31bf3856ad364e35_10.0.20348.557_none_f1edaeb8515fa10d\TiWorker.exe,,,,SCAFFOLD,0x3e7,DC$,S-1-5-18,,,,,,,,,2997115E-A661-11F1-9932-005056B98D90,,
2026-09-02T00:12:46.188259Z,4663,dc.scaffold.htb,Microsoft-Windows-Security-Auditing,Security,21007,0,"%%4417
				",0x2,,,,,,,0x1d90,,,,,,,,,,,,,C:\Windows\WinSxS\FileMaps,Security,File,,,,0xe2c,C:\Windows\WinSxS\amd64_microsoft-windows-servicingstack_31bf3856ad364e35_10.0.20348.557_none_f1edaeb8515fa10d\TiWorker.exe,,S:AI,,SCAFFOLD,0x3e7,DC$,S-1-5-18,,,,,,,,,,,
2026-09-02T00:12:46.188526Z,4663,dc.scaffold.htb,Microsoft-Windows-Security-Auditing,Security,21008,0,"%%1538
				",0x20000,,,,,,,0x1114,,,,,,,,,,,,,C:\Windows\WinSxS\FileMaps,Security,File,,,,0xe2c,C:\Windows\WinSxS\amd64_microsoft-windows-servicingstack_31bf3856ad364e35_10.0.20348.557_none_f1edaeb8515fa10d\TiWorker.exe,,S:AI,,SCAFFOLD,0x3e7,DC$,S-1-5-18,,,,,,,,,,,
2026-09-02T00:12:46.188712Z,4663,dc.scaffold.htb,Microsoft-Windows-Security-Auditing,Security,21009,0,"%%1538
				",0x20000,,,,,,,0x1114,,,,,,,,,,,,,C:\Windows\WinSxS\FileMaps,Security,File,,,,0xe2c,C:\Windows\WinSxS\amd64_microsoft-windows-servicingstack_31bf3856ad364e35_10.0.20348.557_none_f1edaeb8515fa10d\TiWorker.exe,,S:AI,,SCAFFOLD,0x3e7,DC$,S-1-5-18,,,,,,,,,,,
2026-09-02T00:12:46.188961Z,4663,dc.scaffold.htb,Microsoft-Windows-Security-Auditing,Security,21010,0,"%%1537
				",0x10000,,,,,,,0x1318,,,,,,,,,,,,,C:\Windows\WinSxS\FileMaps\$$_microsoft.net_framework_v4.0.30319_wpf_bc1339ef8efa3c4c.cdf-ms,Security,File,,,,0xe2c,C:\Windows\WinSxS\amd64_microsoft-windows-servicingstack_31bf3856ad364e35_10.0.20348.557_none_f1edaeb8515fa10d\TiWorker.exe,,S:AI,,SCAFFOLD,0x3e7,DC$,S-1-5-18,,,,,,,,,,,
2026-09-02T00:12:46.188985Z,4660,dc.scaffold.htb,Microsoft-Windows-Security-Auditing,Security,21011,0,,,,,,,,,0x1318,,,,,,,,,,,,,,Security,,,,,0xe2c,C:\Windows\WinSxS\amd64_microsoft-windows-servicingstack_31bf3856ad364e35_10.0.20348.557_none_f1edaeb8515fa10d\TiWorker.exe,,,,SCAFFOLD,0x3e7,DC$,S-1-5-18,,,,,,,,,2997115E-A661-11F1-9932-005056B98D90,,
2026-09-02T00:12:46.191124Z,4663,dc.scaffold.htb,Microsoft-Windows-Security-Auditing,Security,21012,0,"%%4417
				",0x2,,,,,,,0x1d90,,,,,,,,,,,,,C:\Windows\WinSxS\FileMaps,Security,File,,,,0xe2c,C:\Windows\WinSxS\amd64_microsoft-windows-servicingstack_31bf3856ad364e35_10.0.20348.557_none_f1edaeb8515fa10d\TiWorker.exe,,S:AI,,SCAFFOLD,0x3e7,DC$,S-1-5-18,,,,,,,,,,,
2026-09-02T00:12:46.191388Z,4663,dc.scaffold.htb,Microsoft-Windows-Security-Auditing,Security,21013,0,"%%1538
				",0x20000,,,,,,,0x1318,,,,,,,,,,,,,C:\Windows\WinSxS\FileMaps,Security,File,,,,0xe2c,C:\Windows\WinSxS\amd64_microsoft-windows-servicingstack_31bf3856ad364e35_10.0.20348.557_none_f1edaeb8515fa10d\TiWorker.exe,,S:AI,,SCAFFOLD,0x3e7,DC$,S-1-5-18,,,,,,,,,,,
2026-09-02T00:12:46.191537Z,4663,dc.scaffold.htb,Microsoft-Windows-Security-Auditing,Security,21014,0,"%%1538
				",0x20000,,,,,,,0x1318,,,,,,,,,,,,,C:\Windows\WinSxS\FileMaps,Security,File,,,,0xe2c,C:\Windows\WinSxS\amd64_microsoft-windows-servicingstack_31bf3856ad364e35_10.0.20348.557_none_f1edaeb8515fa10d\TiWorker.exe,,S:AI,,SCAFFOLD,0x3e7,DC$,S-1-5-18,,,,,,,,,,,
2026-09-02T00:12:46.191756Z,4663,dc.scaffold.htb,Microsoft-Windows-Security-Auditing,Security,21015,0,"%%1537
				",0x10000,,,,,,,0x1320,,,,,,,,,,,,,C:\Windows\WinSxS\FileMaps\$$_microsoft.net_framework_v4.0.30319_wpf_fonts_dc62106d96619a3c.cdf-ms,Security,File,,,,0xe2c,C:\Windows\WinSxS\amd64_microsoft-windows-servicingstack_31bf3856ad364e35_10.0.20348.557_none_f1edaeb8515fa10d\TiWorker.exe,,S:AI,,SCAFFOLD,0x3e7,DC$,S-1-5-18,,,,,,,,,,,
2026-09-02T00:12:46.191767Z,4660,dc.scaffold.htb,Microsoft-Windows-Security-Auditing,Security,21016,0,,,,,,,,,0x1320,,,,,,,,,,,,,,Security,,,,,0xe2c,C:\Windows\WinSxS\amd64_microsoft-windows-servicingstack_31bf3856ad364e35_10.0.20348.557_none_f1edaeb8515fa10d\TiWorker.exe,,,,SCAFFOLD,0x3e7,DC$,S-1-5-18,,,,,,,,,2997115E-A661-11F1-9932-005056B98D90,,
2026-09-02T00:12:46.194420Z,4663,dc.scaffold.htb,Microsoft-Windows-Security-Auditing,Security,21017,0,"%%4417
				",0x2,,,,,,,0x1d90,,,,,,,,,,,,,C:\Windows\WinSxS\FileMaps,Security,File,,,,0xe2c,C:\Windows\WinSxS\amd64_microsoft-windows-servicingstack_31bf3856ad364e35_10.0.20348.557_none_f1edaeb8515fa10d\TiWorker.exe,,S:AI,,SCAFFOLD,0x3e7,DC$,S-1-5-18,,,,,,,,,,,
2026-09-02T00:12:46.194675Z,4663,dc.scaffold.htb,Microsoft-Windows-Security-Auditing,Security,21018,0,"%%1538
				",0x20000,,,,,,,0x1320,,,,,,,,,,,,,C:\Windows\WinSxS\FileMaps,Security,File,,,,0xe2c,C:\Windows\WinSxS\amd64_microsoft-windows-servicingstack_31bf3856ad364e35_10.0.20348.557_none_f1edaeb8515fa10d\TiWorker.exe,,S:AI,,SCAFFOLD,0x3e7,DC$,S-1-5-18,,,,,,,,,,,
2026-09-02T00:12:46.194817Z,4663,dc.scaffold.htb,Microsoft-Windows-Security-Auditing,Security,21019,0,"%%1538
				",0x20000,,,,,,,0x1320,,,,,,,,,,,,,C:\Windows\WinSxS\FileMaps,Security,File,,,,0xe2c,C:\Windows\WinSxS\amd64_microsoft-windows-servicingstack_31bf3856ad364e35_10.0.20348.557_none_f1edaeb8515fa10d\TiWorker.exe,,S:AI,,SCAFFOLD,0x3e7,DC$,S-1-5-18,,,,,,,,,,,
2026-09-02T00:12:46.195028Z,4663,dc.scaffold.htb,Microsoft-Windows-Security-Auditing,Security,21020,0,"%%1537
				",0x10000,,,,,,,0x1114,,,,,,,,,,,,,C:\Windows\WinSxS\FileMaps\$$_microsoft.net_framework_v4.0.30319_wpf_en-us_dc5fd125966afabc.cdf-ms,Security,File,,,,0xe2c,C:\Windows\WinSxS\amd64_microsoft-windows-servicingstack_31bf3856ad364e35_10.0.20348.557_none_f1edaeb8515fa10d\TiWorker.exe,,S:AI,,SCAFFOLD,0x3e7,DC$,S-1-5-18,,,,,,,,,,,
2026-09-02T00:12:46.195040Z,4660,dc.scaffold.htb,Microsoft-Windows-Security-Auditing,Security,21021,0,,,,,,,,,0x1114,,,,,,,,,,,,,,Security,,,,,0xe2c,C:\Windows\WinSxS\amd64_microsoft-windows-servicingstack_31bf3856ad364e35_10.0.20348.557_none_f1edaeb8515fa10d\TiWorker.exe,,,,SCAFFOLD,0x3e7,DC$,S-1-5-18,,,,,,,,,2997115E-A661-11F1-9932-005056B98D90,,
2026-09-02T00:12:46.202660Z,4663,dc.scaffold.htb,Microsoft-Windows-Security-Auditing,Security,21022,0,"%%4417
				",0x2,,,,,,,0x1d90,,,,,,,,,,,,,C:\Windows\WinSxS\FileMaps,Security,File,,,,0xe2c,C:\Windows\WinSxS\amd64_microsoft-windows-servicingstack_31bf3856ad364e35_10.0.20348.557_none_f1edaeb8515fa10d\TiWorker.exe,,S:AI,,SCAFFOLD,0x3e7,DC$,S-1-5-18,,,,,,,,,,,
2026-09-02T00:12:46.202968Z,4663,dc.scaffold.htb,Microsoft-Windows-Security-Auditing,Security,21023,0,"%%1538
				",0x20000,,,,,,,0x1114,,,,,,,,,,,,,C:\Windows\WinSxS\FileMaps,Security,File,,,,0xe2c,C:\Windows\WinSxS\amd64_microsoft-windows-servicingstack_31bf3856ad364e35_10.0.20348.557_none_f1edaeb8515fa10d\TiWorker.exe,,S:AI,,SCAFFOLD,0x3e7,DC$,S-1-5-18,,,,,,,,,,,
2026-09-02T00:12:46.203120Z,4663,dc.scaffold.htb,Microsoft-Windows-Security-Auditing,Security,21024,0,"%%1538
				",0x20000,,,,,,,0x1114,,,,,,,,,,,,,C:\Windows\WinSxS\FileMaps,Security,File,,,,0xe2c,C:\Windows\WinSxS\amd64_microsoft-windows-servicingstack_31bf3856ad364e35_10.0.20348.557_none_f1edaeb8515fa10d\TiWorker.exe,,S:AI,,SCAFFOLD,0x3e7,DC$,S-1-5-18,,,,,,,,,,,
2026-09-02T00:12:46.203340Z,4663,dc.scaffold.htb,Microsoft-Windows-Security-Auditing,Security,21025,0,"%%1537
				",0x10000,,,,,,,0x1318,,,,,,,,,,,,,C:\Windows\WinSxS\FileMaps\$$_microsoft.net_framework_v4.0.30319_nativeimages_7f83bd6ed8241f3a.cdf-ms,Security,File,,,,0xe2c,C:\Windows\WinSxS\amd64_microsoft-windows-servicingstack_31bf3856ad364e35_10.0.20348.557_none_f1edaeb8515fa10d\TiWorker.exe,,S:AI,,SCAFFOLD,0x3e7,DC$,S-1-5-18,,,,,,,,,,,
2026-09-02T00:12:46.203362Z,4660,dc.scaffold.htb,Microsoft-Windows-Security-Auditing,Security,21026,0,,,,,,,,,0x1318,,,,,,,,,,,,,,Security,,,,,0xe2c,C:\Windows\WinSxS\amd64_microsoft-windows-servicingstack_31bf3856ad364e35_10.0.20348.557_none_f1edaeb8515fa10d\TiWorker.exe,,,,SCAFFOLD,0x3e7,DC$,S-1-5-18,,,,,,,,,2997115E-A661-11F1-9932-005056B98D90,,
2026-09-02T00:12:46.205743Z,4663,dc.scaffold.htb,Microsoft-Windows-Security-Auditing,Security,21027,0,"%%4417
				",0x2,,,,,,,0x1d90,,,,,,,,,,,,,C:\Windows\WinSxS\FileMaps,Security,File,,,,0xe2c,C:\Windows\WinSxS\amd64_microsoft-windows-servicingstack_31bf3856ad364e35_10.0.20348.557_none_f1edaeb8515fa10d\TiWorker.exe,,S:AI,,SCAFFOLD,0x3e7,DC$,S-1-5-18,,,,,,,,,,,
2026-09-02T00:12:46.206192Z,4663,dc.scaffold.htb,Microsoft-Windows-Security-Auditing,Security,21028,0,"%%1538
				",0x20000,,,,,,,0x1318,,,,,,,,,,,,,C:\Windows\WinSxS\FileMaps,Security,File,,,,0xe2c,C:\Windows\WinSxS\amd64_microsoft-windows-servicingstack_31bf3856ad364e35_10.0.20348.557_none_f1edaeb8515fa10d\TiWorker.exe,,S:AI,,SCAFFOLD,0x3e7,DC$,S-1-5-18,,,,,,,,,,,
2026-09-02T00:12:46.206358Z,4663,dc.scaffold.htb,Microsoft-Windows-Security-Auditing,Security,21029,0,"%%1538
				",0x20000,,,,,,,0x1318,,,,,,,,,,,,,C:\Windows\WinSxS\FileMaps,Security,File,,,,0xe2c,C:\Windows\WinSxS\amd64_microsoft-windows-servicingstack_31bf3856ad364e35_10.0.20348.557_none_f1edaeb8515fa10d\TiWorker.exe,,S:AI,,SCAFFOLD,0x3e7,DC$,S-1-5-18,,,,,,,,,,,
2026-09-02T00:12:46.207405Z,4663,dc.scaffold.htb,Microsoft-Windows-Security-Auditing,Security,21030,0,"%%1537
				",0x10000,,,,,,,0x1320,,,,,,,,,,,,,C:\Windows\WinSxS\FileMaps\$$_microsoft.net_assembly_gac_msil_windowsformsintegration_v4.0_4.0.0.0_31bf3856ad364e35_fa1114fb4b113c6a.cdf-ms,Security,File,,,,0xe2c,C:\Windows\WinSxS\amd64_microsoft-windows-servicingstack_31bf3856ad364e35_10.0.20348.557_none_f1edaeb8515fa10d\TiWorker.exe,,S:AI,,SCAFFOLD,0x3e7,DC$,S-1-5-18,,,,,,,,,,,
2026-09-02T00:12:46.207409Z,4660,dc.scaffold.htb,Microsoft-Windows-Security-Auditing,Security,21031,0,,,,,,,,,0x1320,,,,,,,,,,,,,,Security,,,,,0xe2c,C:\Windows\WinSxS\amd64_microsoft-windows-servicingstack_31bf3856ad364e35_10.0.20348.557_none_f1edaeb8515fa10d\TiWorker.exe,,,,SCAFFOLD,0x3e7,DC$,S-1-5-18,,,,,,,,,2997115E-A661-11F1-9932-005056B98D90,,
2026-09-02T00:12:46.209402Z,4663,dc.scaffold.htb,Microsoft-Windows-Security-Auditing,Security,21032,0,"%%4417
				",0x2,,,,,,,0x150c,,,,,,,,,,,,,C:\Windows\WinSxS\FileMaps,Security,File,,,,0xe2c,C:\Windows\WinSxS\amd64_microsoft-windows-servicingstack_31bf3856ad364e35_10.0.20348.557_none_f1edaeb8515fa10d\TiWorker.exe,,S:AI,,SCAFFOLD,0x3e7,DC$,S-1-5-18,,,,,,,,,,,
2026-09-02T00:12:46.209958Z,4663,dc.scaffold.htb,Microsoft-Windows-Security-Auditing,Security,21033,0,"%%1538
				",0x20000,,,,,,,0x1318,,,,,,,,,,,,,C:\Windows\WinSxS\FileMaps,Security,File,,,,0xe2c,C:\Windows\WinSxS\amd64_microsoft-windows-servicingstack_31bf3856ad364e35_10.0.20348.557_none_f1edaeb8515fa10d\TiWorker.exe,,S:AI,,SCAFFOLD,0x3e7,DC$,S-1-5-18,,,,,,,,,,,
2026-09-02T00:12:46.210077Z,4663,dc.scaffold.htb,Microsoft-Windows-Security-Auditing,Security,21034,0,"%%1538
				",0x20000,,,,,,,0x1318,,,,,,,,,,,,,C:\Windows\WinSxS\FileMaps,Security,File,,,,0xe2c,C:\Windows\WinSxS\amd64_microsoft-windows-servicingstack_31bf3856ad364e35_10.0.20348.557_none_f1edaeb8515fa10d\TiWorker.exe,,S:AI,,SCAFFOLD,0x3e7,DC$,S-1-5-18,,,,,,,,,,,
2026-09-02T00:12:46.210318Z,4663,dc.scaffold.htb,Microsoft-Windows-Security-Auditing,Security,21035,0,"%%1537
				",0x10000,,,,,,,0x131c,,,,,,,,,,,,,C:\Windows\WinSxS\FileMaps\$$_microsoft.net_assembly_gac_msil_windowsbase_v4.0_4.0.0.0_31bf3856ad364e35_5764ca98829cd598.cdf-ms,Security,File,,,,0xe2c,C:\Windows\WinSxS\amd64_microsoft-windows-servicingstack_31bf3856ad364e35_10.0.20348.557_none_f1edaeb8515fa10d\TiWorker.exe,,S:AI,,SCAFFOLD,0x3e7,DC$,S-1-5-18,,,,,,,,,,,
2026-09-02T00:12:46.210330Z,4660,dc.scaffold.htb,Microsoft-Windows-Security-Auditing,Security,21036,0,,,,,,,,,0x131c,,,,,,,,,,,,,,Security,,,,,0xe2c,C:\Windows\WinSxS\amd64_microsoft-windows-servicingstack_31bf3856ad364e35_10.0.20348.557_none_f1edaeb8515fa10d\TiWorker.exe,,,,SCAFFOLD,0x3e7,DC$,S-1-5-18,,,,,,,,,2997115E-A661-11F1-9932-005056B98D90,,
2026-09-02T00:12:46.213060Z,4663,dc.scaffold.htb,Microsoft-Windows-Security-Auditing,Security,21037,0,"%%4417
				",0x2,,,,,,,0x150c,,,,,,,,,,,,,C:\Windows\WinSxS\FileMaps,Security,File,,,,0xe2c,C:\Windows\WinSxS\amd64_microsoft-windows-servicingstack_31bf3856ad364e35_10.0.20348.557_none_f1edaeb8515fa10d\TiWorker.exe,,S:AI,,SCAFFOLD,0x3e7,DC$,S-1-5-18,,,,,,,,,,,
2026-09-02T00:12:46.213337Z,4663,dc.scaffold.htb,Microsoft-Windows-Security-Auditing,Security,21038,0,"%%1538
				",0x20000,,,,,,,0x131c,,,,,,,,,,,,,C:\Windows\WinSxS\FileMaps,Security,File,,,,0xe2c,C:\Windows\WinSxS\amd64_microsoft-windows-servicingstack_31bf3856ad364e35_10.0.20348.557_none_f1edaeb8515fa10d\TiWorker.exe,,S:AI,,SCAFFOLD,0x3e7,DC$,S-1-5-18,,,,,,,,,,,
2026-09-02T00:12:46.213486Z,4663,dc.scaffold.htb,Microsoft-Windows-Security-Auditing,Security,21039,0,"%%1538
				",0x20000,,,,,,,0x131c,,,,,,,,,,,,,C:\Windows\WinSxS\FileMaps,Security,File,,,,0xe2c,C:\Windows\WinSxS\amd64_microsoft-windows-servicingstack_31bf3856ad364e35_10.0.20348.557_none_f1edaeb8515fa10d\TiWorker.exe,,S:AI,,SCAFFOLD,0x3e7,DC$,S-1-5-18,,,,,,,,,,,
2026-09-02T00:12:46.213706Z,4663,dc.scaffold.htb,Microsoft-Windows-Security-Auditing,Security,21040,0,"%%1537
				",0x10000,,,,,,,0x1114,,,,,,,,,,,,,C:\Windows\WinSxS\FileMaps\$$_microsoft.net_assembly_gac_msil_uiautomationtypes_v4.0_4.0.0.0_31bf3856ad364e35_1f12bec8f88f4450.cdf-ms,Security,File,,,,0xe2c,C:\Windows\WinSxS\amd64_microsoft-windows-servicingstack_31bf3856ad364e35_10.0.20348.557_none_f1edaeb8515fa10d\TiWorker.exe,,S:AI,,SCAFFOLD,0x3e7,DC$,S-1-5-18,,,,,,,,,,,
2026-09-02T00:12:46.213718Z,4660,dc.scaffold.htb,Microsoft-Windows-Security-Auditing,Security,21041,0,,,,,,,,,0x1114,,,,,,,,,,,,,,Security,,,,,0xe2c,C:\Windows\WinSxS\amd64_microsoft-windows-servicingstack_31bf3856ad364e35_10.0.20348.557_none_f1edaeb8515fa10d\TiWorker.exe,,,,SCAFFOLD,0x3e7,DC$,S-1-5-18,,,,,,,,,2997115E-A661-11F1-9932-005056B98D90,,
2026-09-02T00:12:46.215670Z,4663,dc.scaffold.htb,Microsoft-Windows-Security-Auditing,Security,21042,0,"%%4417
				",0x2,,,,,,,0x150c,,,,,,,,,,,,,C:\Windows\WinSxS\FileMaps,Security,File,,,,0xe2c,C:\Windows\WinSxS\amd64_microsoft-windows-servicingstack_31bf3856ad364e35_10.0.20348.557_none_f1edaeb8515fa10d\TiWorker.exe,,S:AI,,SCAFFOLD,0x3e7,DC$,S-1-5-18,,,,,,,,,,,
2026-09-02T00:12:46.216111Z,4663,dc.scaffold.htb,Microsoft-Windows-Security-Auditing,Security,21043,0,"%%1538
				",0x20000,,,,,,,0x1114,,,,,,,,,,,,,C:\Windows\WinSxS\FileMaps,Security,File,,,,0xe2c,C:\Windows\WinSxS\amd64_microsoft-windows-servicingstack_31bf3856ad364e35_10.0.20348.557_none_f1edaeb8515fa10d\TiWorker.exe,,S:AI,,SCAFFOLD,0x3e7,DC$,S-1-5-18,,,,,,,,,,,
2026-09-02T00:12:46.216211Z,4663,dc.scaffold.htb,Microsoft-Windows-Security-Auditing,Security,21044,0,"%%1538
				",0x20000,,,,,,,0x1114,,,,,,,,,,,,,C:\Windows\WinSxS\FileMaps,Security,File,,,,0xe2c,C:\Windows\WinSxS\amd64_microsoft-windows-servicingstack_31bf3856ad364e35_10.0.20348.557_none_f1edaeb8515fa10d\TiWorker.exe,,S:AI,,SCAFFOLD,0x3e7,DC$,S-1-5-18,,,,,,,,,,,
2026-09-02T00:12:46.216467Z,4663,dc.scaffold.htb,Microsoft-Windows-Security-Auditing,Security,21045,0,"%%1537
				",0x10000,,,,,,,0x1318,,,,,,,,,,,,,C:\Windows\WinSxS\FileMaps\$$_microsoft.net_assembly_gac_msil_uiautomationprovider_v4.0_4.0.0.0_31bf3856ad364e35_6bb637099f04ee2c.cdf-ms,Security,File,,,,0xe2c,C:\Windows\WinSxS\amd64_microsoft-windows-servicingstack_31bf3856ad364e35_10.0.20348.557_none_f1edaeb8515fa10d\TiWorker.exe,,S:AI,,SCAFFOLD,0x3e7,DC$,S-1-5-18,,,,,,,,,,,
2026-09-02T00:12:46.216478Z,4660,dc.scaffold.htb,Microsoft-Windows-Security-Auditing,Security,21046,0,,,,,,,,,0x1318,,,,,,,,,,,,,,Security,,,,,0xe2c,C:\Windows\WinSxS\amd64_microsoft-windows-servicingstack_31bf3856ad364e35_10.0.20348.557_none_f1edaeb8515fa10d\TiWorker.exe,,,,SCAFFOLD,0x3e7,DC$,S-1-5-18,,,,,,,,,2997115E-A661-11F1-9932-005056B98D90,,
2026-09-02T00:12:46.218507Z,4663,dc.scaffold.htb,Microsoft-Windows-Security-Auditing,Security,21047,0,"%%4417
				",0x2,,,,,,,0x150c,,,,,,,,,,,,,C:\Windows\WinSxS\FileMaps,Security,File,,,,0xe2c,C:\Windows\WinSxS\amd64_microsoft-windows-servicingstack_31bf3856ad364e35_10.0.20348.557_none_f1edaeb8515fa10d\TiWorker.exe,,S:AI,,SCAFFOLD,0x3e7,DC$,S-1-5-18,,,,,,,,,,,
2026-09-02T00:12:46.218773Z,4663,dc.scaffold.htb,Microsoft-Windows-Security-Auditing,Security,21048,0,"%%1538
				",0x20000,,,,,,,0x1318,,,,,,,,,,,,,C:\Windows\WinSxS\FileMaps,Security,File,,,,0xe2c,C:\Windows\WinSxS\amd64_microsoft-windows-servicingstack_31bf3856ad364e35_10.0.20348.557_none_f1edaeb8515fa10d\TiWorker.exe,,S:AI,,SCAFFOLD,0x3e7,DC$,S-1-5-18,,,,,,,,,,,
2026-09-02T00:12:46.218917Z,4663,dc.scaffold.htb,Microsoft-Windows-Security-Auditing,Security,21049,0,"%%1538
				",0x20000,,,,,,,0x1318,,,,,,,,,,,,,C:\Windows\WinSxS\FileMaps,Security,File,,,,0xe2c,C:\Windows\WinSxS\amd64_microsoft-windows-servicingstack_31bf3856ad364e35_10.0.20348.557_none_f1edaeb8515fa10d\TiWorker.exe,,S:AI,,SCAFFOLD,0x3e7,DC$,S-1-5-18,,,,,,,,,,,
2026-09-02T00:12:46.219132Z,4663,dc.scaffold.htb,Microsoft-Windows-Security-Auditing,Security,21050,0,"%%1537
				",0x10000,,,,,,,0x131c,,,,,,,,,,,,,C:\Windows\WinSxS\FileMaps\$$_microsoft.net_assembly_gac_msil_uiautomationclientsideproviders_v4.0_4.0.0.0_31bf3856ad364e35_6944991d7b306f0d.cdf-ms,Security,File,,,,0xe2c,C:\Windows\WinSxS\amd64_microsoft-windows-servicingstack_31bf3856ad364e35_10.0.20348.557_none_f1edaeb8515fa10d\TiWorker.exe,,S:AI,,SCAFFOLD,0x3e7,DC$,S-1-5-18,,,,,,,,,,,
2026-09-02T00:12:46.219143Z,4660,dc.scaffold.htb,Microsoft-Windows-Security-Auditing,Security,21051,0,,,,,,,,,0x131c,,,,,,,,,,,,,,Security,,,,,0xe2c,C:\Windows\WinSxS\amd64_microsoft-windows-servicingstack_31bf3856ad364e35_10.0.20348.557_none_f1edaeb8515fa10d\TiWorker.exe,,,,SCAFFOLD,0x3e7,DC$,S-1-5-18,,,,,,,,,2997115E-A661-11F1-9932-005056B98D90,,
2026-09-02T00:12:46.221525Z,4663,dc.scaffold.htb,Microsoft-Windows-Security-Auditing,Security,21052,0,"%%4417
				",0x2,,,,,,,0x150c,,,,,,,,,,,,,C:\Windows\WinSxS\FileMaps,Security,File,,,,0xe2c,C:\Windows\WinSxS\amd64_microsoft-windows-servicingstack_31bf3856ad364e35_10.0.20348.557_none_f1edaeb8515fa10d\TiWorker.exe,,S:AI,,SCAFFOLD,0x3e7,DC$,S-1-5-18,,,,,,,,,,,
2026-09-02T00:12:46.222145Z,4663,dc.scaffold.htb,Microsoft-Windows-Security-Auditing,Security,21053,0,"%%1538
				",0x20000,,,,,,,0x131c,,,,,,,,,,,,,C:\Windows\WinSxS\FileMaps,Security,File,,,,0xe2c,C:\Windows\WinSxS\amd64_microsoft-windows-servicingstack_31bf3856ad364e35_10.0.20348.557_none_f1edaeb8515fa10d\TiWorker.exe,,S:AI,,SCAFFOLD,0x3e7,DC$,S-1-5-18,,,,,,,,,,,
2026-09-02T00:12:46.222151Z,4663,dc.scaffold.htb,Microsoft-Windows-Security-Auditing,Security,21054,0,"%%1538
				",0x20000,,,,,,,0x131c,,,,,,,,,,,,,C:\Windows\WinSxS\FileMaps,Security,File,,,,0xe2c,C:\Windows\WinSxS\amd64_microsoft-windows-servicingstack_31bf3856ad364e35_10.0.20348.557_none_f1edaeb8515fa10d\TiWorker.exe,,S:AI,,SCAFFOLD,0x3e7,DC$,S-1-5-18,,,,,,,,,,,
2026-09-02T00:12:46.222198Z,4663,dc.scaffold.htb,Microsoft-Windows-Security-Auditing,Security,21055,0,"%%1537
				",0x10000,,,,,,,0x1114,,,,,,,,,,,,,C:\Windows\WinSxS\FileMaps\$$_microsoft.net_assembly_gac_msil_uiautomationclient_v4.0_4.0.0.0_31bf3856ad364e35_35816ba0d06901c4.cdf-ms,Security,File,,,,0xe2c,C:\Windows\WinSxS\amd64_microsoft-windows-servicingstack_31bf3856ad364e35_10.0.20348.557_none_f1edaeb8515fa10d\TiWorker.exe,,S:AI,,SCAFFOLD,0x3e7,DC$,S-1-5-18,,,,,,,,,,,
2026-09-02T00:12:46.222222Z,4660,dc.scaffold.htb,Microsoft-Windows-Security-Auditing,Security,21056,0,,,,,,,,,0x1114,,,,,,,,,,,,,,Security,,,,,0xe2c,C:\Windows\WinSxS\amd64_microsoft-windows-servicingstack_31bf3856ad364e35_10.0.20348.557_none_f1edaeb8515fa10d\TiWorker.exe,,,,SCAFFOLD,0x3e7,DC$,S-1-5-18,,,,,,,,,2997115E-A661-11F1-9932-005056B98D90,,
2026-09-02T00:12:46.225356Z,4663,dc.scaffold.htb,Microsoft-Windows-Security-Auditing,Security,21057,0,"%%4417
				",0x2,,,,,,,0x150c,,,,,,,,,,,,,C:\Windows\WinSxS\FileMaps,Security,File,,,,0xe2c,C:\Windows\WinSxS\amd64_microsoft-windows-servicingstack_31bf3856ad364e35_10.0.20348.557_none_f1edaeb8515fa10d\TiWorker.exe,,S:AI,,SCAFFOLD,0x3e7,DC$,S-1-5-18,,,,,,,,,,,
2026-09-02T00:12:46.225703Z,4663,dc.scaffold.htb,Microsoft-Windows-Security-Auditing,Security,21058,0,"%%1538
				",0x20000,,,,,,,0x1114,,,,,,,,,,,,,C:\Windows\WinSxS\FileMaps,Security,File,,,,0xe2c,C:\Windows\WinSxS\amd64_microsoft-windows-servicingstack_31bf3856ad364e35_10.0.20348.557_none_f1edaeb8515fa10d\TiWorker.exe,,S:AI,,SCAFFOLD,0x3e7,DC$,S-1-5-18,,,,,,,,,,,
2026-09-02T00:12:46.225846Z,4663,dc.scaffold.htb,Microsoft-Windows-Security-Auditing,Security,21059,0,"%%1538
				",0x20000,,,,,,,0x1114,,,,,,,,,,,,,C:\Windows\WinSxS\FileMaps,Security,File,,,,0xe2c,C:\Windows\WinSxS\amd64_microsoft-windows-servicingstack_31bf3856ad364e35_10.0.20348.557_none_f1edaeb8515fa10d\TiWorker.exe,,S:AI,,SCAFFOLD,0x3e7,DC$,S-1-5-18,,,,,,,,,,,
2026-09-02T00:12:46.227176Z,4663,dc.scaffold.htb,Microsoft-Windows-Security-Auditing,Security,21060,0,"%%1537
				",0x10000,,,,,,,0x1318,,,,,,,,,,,,,C:\Windows\WinSxS\FileMaps\$$_microsoft.net_assembly_gac_msil_system.xml_v4.0_4.0.0.0_b77a5c561934e089_ec23d9a7ad53e8b2.cdf-ms,Security,File,,,,0xe2c,C:\Windows\WinSxS\amd64_microsoft-windows-servicingstack_31bf3856ad364e35_10.0.20348.557_none_f1edaeb8515fa10d\TiWorker.exe,,S:AI,,SCAFFOLD,0x3e7,DC$,S-1-5-18,,,,,,,,,,,
2026-09-02T00:12:46.227181Z,4660,dc.scaffold.htb,Microsoft-Windows-Security-Auditing,Security,21061,0,,,,,,,,,0x1318,,,,,,,,,,,,,,Security,,,,,0xe2c,C:\Windows\WinSxS\amd64_microsoft-windows-servicingstack_31bf3856ad364e35_10.0.20348.557_none_f1edaeb8515fa10d\TiWorker.exe,,,,SCAFFOLD,0x3e7,DC$,S-1-5-18,,,,,,,,,2997115E-A661-11F1-9932-005056B98D90,,
2026-09-02T00:12:46.228689Z,4663,dc.scaffold.htb,Microsoft-Windows-Security-Auditing,Security,21062,0,"%%4417
				",0x2,,,,,,,0x150c,,,,,,,,,,,,,C:\Windows\WinSxS\FileMaps,Security,File,,,,0xe2c,C:\Windows\WinSxS\amd64_microsoft-windows-servicingstack_31bf3856ad364e35_10.0.20348.557_none_f1edaeb8515fa10d\TiWorker.exe,,S:AI,,SCAFFOLD,0x3e7,DC$,S-1-5-18,,,,,,,,,,,
2026-09-02T00:12:46.228956Z,4663,dc.scaffold.htb,Microsoft-Windows-Security-Auditing,Security,21063,0,"%%1538
				",0x20000,,,,,,,0x1318,,,,,,,,,,,,,C:\Windows\WinSxS\FileMaps,Security,File,,,,0xe2c,C:\Windows\WinSxS\amd64_microsoft-windows-servicingstack_31bf3856ad364e35_10.0.20348.557_none_f1edaeb8515fa10d\TiWorker.exe,,S:AI,,SCAFFOLD,0x3e7,DC$,S-1-5-18,,,,,,,,,,,
2026-09-02T00:12:46.229099Z,4663,dc.scaffold.htb,Microsoft-Windows-Security-Auditing,Security,21064,0,"%%1538
				",0x20000,,,,,,,0x1318,,,,,,,,,,,,,C:\Windows\WinSxS\FileMaps,Security,File,,,,0xe2c,C:\Windows\WinSxS\amd64_microsoft-windows-servicingstack_31bf3856ad364e35_10.0.20348.557_none_f1edaeb8515fa10d\TiWorker.exe,,S:AI,,SCAFFOLD,0x3e7,DC$,S-1-5-18,,,,,,,,,,,
2026-09-02T00:12:46.229320Z,4663,dc.scaffold.htb,Microsoft-Windows-Security-Auditing,Security,21065,0,"%%1537
				",0x10000,,,,,,,0x131c,,,,,,,,,,,,,C:\Windows\WinSxS\FileMaps\$$_microsoft.net_assembly_gac_msil_system.xaml_v4.0_4.0.0.0_b77a5c561934e089_6747aba031bff5b1.cdf-ms,Security,File,,,,0xe2c,C:\Windows\WinSxS\amd64_microsoft-windows-servicingstack_31bf3856ad364e35_10.0.20348.557_none_f1edaeb8515fa10d\TiWorker.exe,,S:AI,,SCAFFOLD,0x3e7,DC$,S-1-5-18,,,,,,,,,,,
2026-09-02T00:12:46.229325Z,4660,dc.scaffold.htb,Microsoft-Windows-Security-Auditing,Security,21066,0,,,,,,,,,0x131c,,,,,,,,,,,,,,Security,,,,,0xe2c,C:\Windows\WinSxS\amd64_microsoft-windows-servicingstack_31bf3856ad364e35_10.0.20348.557_none_f1edaeb8515fa10d\TiWorker.exe,,,,SCAFFOLD,0x3e7,DC$,S-1-5-18,,,,,,,,,2997115E-A661-11F1-9932-005056B98D90,,
2026-09-02T00:12:46.231719Z,4663,dc.scaffold.htb,Microsoft-Windows-Security-Auditing,Security,21067,0,"%%4417
				",0x2,,,,,,,0x150c,,,,,,,,,,,,,C:\Windows\WinSxS\FileMaps,Security,File,,,,0xe2c,C:\Windows\WinSxS\amd64_microsoft-windows-servicingstack_31bf3856ad364e35_10.0.20348.557_none_f1edaeb8515fa10d\TiWorker.exe,,S:AI,,SCAFFOLD,0x3e7,DC$,S-1-5-18,,,,,,,,,,,
2026-09-02T00:12:46.232259Z,4663,dc.scaffold.htb,Microsoft-Windows-Security-Auditing,Security,21068,0,"%%1538
				",0x20000,,,,,,,0x131c,,,,,,,,,,,,,C:\Windows\WinSxS\FileMaps,Security,File,,,,0xe2c,C:\Windows\WinSxS\amd64_microsoft-windows-servicingstack_31bf3856ad364e35_10.0.20348.557_none_f1edaeb8515fa10d\TiWorker.exe,,S:AI,,SCAFFOLD,0x3e7,DC$,S-1-5-18,,,,,,,,,,,
2026-09-02T00:12:46.232416Z,4663,dc.scaffold.htb,Microsoft-Windows-Security-Auditing,Security,21069,0,"%%1538
				",0x20000,,,,,,,0x131c,,,,,,,,,,,,,C:\Windows\WinSxS\FileMaps,Security,File,,,,0xe2c,C:\Windows\WinSxS\amd64_microsoft-windows-servicingstack_31bf3856ad364e35_10.0.20348.557_none_f1edaeb8515fa10d\TiWorker.exe,,S:AI,,SCAFFOLD,0x3e7,DC$,S-1-5-18,,,,,,,,,,,
2026-09-02T00:12:46.232675Z,4663,dc.scaffold.htb,Microsoft-Windows-Security-Auditing,Security,21070,0,"%%1537
				",0x10000,,,,,,,0x1114,,,,,,,,,,,,,C:\Windows\WinSxS\FileMaps\$$_microsoft.net_assembly_gac_msil_system.windows.forms_v4.0_4.0.0.0_b77a5c561934e089_7780f78ea9286b2d.cdf-ms,Security,File,,,,0xe2c,C:\Windows\WinSxS\amd64_microsoft-windows-servicingstack_31bf3856ad364e35_10.0.20348.557_none_f1edaeb8515fa10d\TiWorker.exe,,S:AI,,SCAFFOLD,0x3e7,DC$,S-1-5-18,,,,,,,,,,,
2026-09-02T00:12:46.232685Z,4660,dc.scaffold.htb,Microsoft-Windows-Security-Auditing,Security,21071,0,,,,,,,,,0x1114,,,,,,,,,,,,,,Security,,,,,0xe2c,C:\Windows\WinSxS\amd64_microsoft-windows-servicingstack_31bf3856ad364e35_10.0.20348.557_none_f1edaeb8515fa10d\TiWorker.exe,,,,SCAFFOLD,0x3e7,DC$,S-1-5-18,,,,,,,,,2997115E-A661-11F1-9932-005056B98D90,,
2026-09-02T00:12:46.234599Z,4663,dc.scaffold.htb,Microsoft-Windows-Security-Auditing,Security,21072,0,"%%4417
				",0x2,,,,,,,0x150c,,,,,,,,,,,,,C:\Windows\WinSxS\FileMaps,Security,File,,,,0xe2c,C:\Windows\WinSxS\amd64_microsoft-windows-servicingstack_31bf3856ad364e35_10.0.20348.557_none_f1edaeb8515fa10d\TiWorker.exe,,S:AI,,SCAFFOLD,0x3e7,DC$,S-1-5-18,,,,,,,,,,,
2026-09-02T00:12:46.234995Z,4663,dc.scaffold.htb,Microsoft-Windows-Security-Auditing,Security,21073,0,"%%1538
				",0x20000,,,,,,,0x1114,,,,,,,,,,,,,C:\Windows\WinSxS\FileMaps,Security,File,,,,0xe2c,C:\Windows\WinSxS\amd64_microsoft-windows-servicingstack_31bf3856ad364e35_10.0.20348.557_none_f1edaeb8515fa10d\TiWorker.exe,,S:AI,,SCAFFOLD,0x3e7,DC$,S-1-5-18,,,,,,,,,,,
2026-09-02T00:12:46.235153Z,4663,dc.scaffold.htb,Microsoft-Windows-Security-Auditing,Security,21074,0,"%%1538
				",0x20000,,,,,,,0x1114,,,,,,,,,,,,,C:\Windows\WinSxS\FileMaps,Security,File,,,,0xe2c,C:\Windows\WinSxS\amd64_microsoft-windows-servicingstack_31bf3856ad364e35_10.0.20348.557_none_f1edaeb8515fa10d\TiWorker.exe,,S:AI,,SCAFFOLD,0x3e7,DC$,S-1-5-18,,,,,,,,,,,
2026-09-02T00:12:46.235364Z,4663,dc.scaffold.htb,Microsoft-Windows-Security-Auditing,Security,21075,0,"%%1537
				",0x10000,,,,,,,0x1318,,,,,,,,,,,,,C:\Windows\WinSxS\FileMaps\$$_microsoft.net_assembly_gac_msil_system.windows.controls.ribbon_v4.0_4.0.0.0_b77a5c561934e089_f0c023acb7bafe74.cdf-ms,Security,File,,,,0xe2c,C:\Windows\WinSxS\amd64_microsoft-windows-servicingstack_31bf3856ad364e35_10.0.20348.557_none_f1edaeb8515fa10d\TiWorker.exe,,S:AI,,SCAFFOLD,0x3e7,DC$,S-1-5-18,,,,,,,,,,,
2026-09-02T00:12:46.235389Z,4660,dc.scaffold.htb,Microsoft-Windows-Security-Auditing,Security,21076,0,,,,,,,,,0x1318,,,,,,,,,,,,,,Security,,,,,0xe2c,C:\Windows\WinSxS\amd64_microsoft-windows-servicingstack_31bf3856ad364e35_10.0.20348.557_none_f1edaeb8515fa10d\TiWorker.exe,,,,SCAFFOLD,0x3e7,DC$,S-1-5-18,,,,,,,,,2997115E-A661-11F1-9932-005056B98D90,,
2026-09-02T00:12:46.237544Z,4663,dc.scaffold.htb,Microsoft-Windows-Security-Auditing,Security,21077,0,"%%4417
				",0x2,,,,,,,0x150c,,,,,,,,,,,,,C:\Windows\WinSxS\FileMaps,Security,File,,,,0xe2c,C:\Windows\WinSxS\amd64_microsoft-windows-servicingstack_31bf3856ad364e35_10.0.20348.557_none_f1edaeb8515fa10d\TiWorker.exe,,S:AI,,SCAFFOLD,0x3e7,DC$,S-1-5-18,,,,,,,,,,,
2026-09-02T00:12:46.237798Z,4663,dc.scaffold.htb,Microsoft-Windows-Security-Auditing,Security,21078,0,"%%1538
				",0x20000,,,,,,,0x1318,,,,,,,,,,,,,C:\Windows\WinSxS\FileMaps,Security,File,,,,0xe2c,C:\Windows\WinSxS\amd64_microsoft-windows-servicingstack_31bf3856ad364e35_10.0.20348.557_none_f1edaeb8515fa10d\TiWorker.exe,,S:AI,,SCAFFOLD,0x3e7,DC$,S-1-5-18,,,,,,,,,,,
2026-09-02T00:12:46.237940Z,4663,dc.scaffold.htb,Microsoft-Windows-Security-Auditing,Security,21079,0,"%%1538
				",0x20000,,,,,,,0x1318,,,,,,,,,,,,,C:\Windows\WinSxS\FileMaps,Security,File,,,,0xe2c,C:\Windows\WinSxS\amd64_microsoft-windows-servicingstack_31bf3856ad364e35_10.0.20348.557_none_f1edaeb8515fa10d\TiWorker.exe,,S:AI,,SCAFFOLD,0x3e7,DC$,S-1-5-18,,,,,,,,,,,
2026-09-02T00:12:46.239104Z,4663,dc.scaffold.htb,Microsoft-Windows-Security-Auditing,Security,21080,0,"%%1537
				",0x10000,,,,,,,0x131c,,,,,,,,,,,,,C:\Windows\WinSxS\FileMaps\$$_microsoft.net_assembly_gac_msil_system.web.extensions_v4.0_4.0.0.0_31bf3856ad364e35_472dc08bcbe9e0cb.cdf-ms,Security,File,,,,0xe2c,C:\Windows\WinSxS\amd64_microsoft-windows-servicingstack_31bf3856ad364e35_10.0.20348.557_none_f1edaeb8515fa10d\TiWorker.exe,,S:AI,,SCAFFOLD,0x3e7,DC$,S-1-5-18,,,,,,,,,,,
2026-09-02T00:12:46.239108Z,4660,dc.scaffold.htb,Microsoft-Windows-Security-Auditing,Security,21081,0,,,,,,,,,0x131c,,,,,,,,,,,,,,Security,,,,,0xe2c,C:\Windows\WinSxS\amd64_microsoft-windows-servicingstack_31bf3856ad364e35_10.0.20348.557_none_f1edaeb8515fa10d\TiWorker.exe,,,,SCAFFOLD,0x3e7,DC$,S-1-5-18,,,,,,,,,2997115E-A661-11F1-9932-005056B98D90,,
2026-09-02T00:12:46.240707Z,4663,dc.scaffold.htb,Microsoft-Windows-Security-Auditing,Security,21082,0,"%%4417
				",0x2,,,,,,,0x150c,,,,,,,,,,,,,C:\Windows\WinSxS\FileMaps,Security,File,,,,0xe2c,C:\Windows\WinSxS\amd64_microsoft-windows-servicingstack_31bf3856ad364e35_10.0.20348.557_none_f1edaeb8515fa10d\TiWorker.exe,,S:AI,,SCAFFOLD,0x3e7,DC$,S-1-5-18,,,,,,,,,,,
2026-09-02T00:12:46.241000Z,4663,dc.scaffold.htb,Microsoft-Windows-Security-Auditing,Security,21083,0,"%%1538
				",0x20000,,,,,,,0x131c,,,,,,,,,,,,,C:\Windows\WinSxS\FileMaps,Security,File,,,,0xe2c,C:\Windows\WinSxS\amd64_microsoft-windows-servicingstack_31bf3856ad364e35_10.0.20348.557_none_f1edaeb8515fa10d\TiWorker.exe,,S:AI,,SCAFFOLD,0x3e7,DC$,S-1-5-18,,,,,,,,,,,
2026-09-02T00:12:46.241126Z,4663,dc.scaffold.htb,Microsoft-Windows-Security-Auditing,Security,21084,0,"%%1538
				",0x20000,,,,,,,0x131c,,,,,,,,,,,,,C:\Windows\WinSxS\FileMaps,Security,File,,,,0xe2c,C:\Windows\WinSxS\amd64_microsoft-windows-servicingstack_31bf3856ad364e35_10.0.20348.557_none_f1edaeb8515fa10d\TiWorker.exe,,S:AI,,SCAFFOLD,0x3e7,DC$,S-1-5-18,,,,,,,,,,,
2026-09-02T00:12:46.242143Z,4663,dc.scaffold.htb,Microsoft-Windows-Security-Auditing,Security,21085,0,"%%1537
				",0x10000,,,,,,,0x1114,,,,,,,,,,,,,C:\Windows\WinSxS\FileMaps\$$_microsoft.net_assembly_gac_msil_system.web.applicationservices_v4.0_4.0.0.0_31bf3856ad364e35_68ccda43ca2f1ddf.cdf-ms,Security,File,,,,0xe2c,C:\Windows\WinSxS\amd64_microsoft-windows-servicingstack_31bf3856ad364e35_10.0.20348.557_none_f1edaeb8515fa10d\TiWorker.exe,,S:AI,,SCAFFOLD,0x3e7,DC$,S-1-5-18,,,,,,,,,,,
2026-09-02T00:12:46.242147Z,4660,dc.scaffold.htb,Microsoft-Windows-Security-Auditing,Security,21086,0,,,,,,,,,0x1114,,,,,,,,,,,,,,Security,,,,,0xe2c,C:\Windows\WinSxS\amd64_microsoft-windows-servicingstack_31bf3856ad364e35_10.0.20348.557_none_f1edaeb8515fa10d\TiWorker.exe,,,,SCAFFOLD,0x3e7,DC$,S-1-5-18,,,,,,,,,2997115E-A661-11F1-9932-005056B98D90,,
2026-09-02T00:12:46.243739Z,4663,dc.scaffold.htb,Microsoft-Windows-Security-Auditing,Security,21087,0,"%%4417
				",0x2,,,,,,,0x150c,,,,,,,,,,,,,C:\Windows\WinSxS\FileMaps,Security,File,,,,0xe2c,C:\Windows\WinSxS\amd64_microsoft-windows-servicingstack_31bf3856ad364e35_10.0.20348.557_none_f1edaeb8515fa10d\TiWorker.exe,,S:AI,,SCAFFOLD,0x3e7,DC$,S-1-5-18,,,,,,,,,,,
2026-09-02T00:12:46.244004Z,4663,dc.scaffold.htb,Microsoft-Windows-Security-Auditing,Security,21088,0,"%%1538
				",0x20000,,,,,,,0x1114,,,,,,,,,,,,,C:\Windows\WinSxS\FileMaps,Security,File,,,,0xe2c,C:\Windows\WinSxS\amd64_microsoft-windows-servicingstack_31bf3856ad364e35_10.0.20348.557_none_f1edaeb8515fa10d\TiWorker.exe,,S:AI,,SCAFFOLD,0x3e7,DC$,S-1-5-18,,,,,,,,,,,
2026-09-02T00:12:46.244148Z,4663,dc.scaffold.htb,Microsoft-Windows-Security-Auditing,Security,21089,0,"%%1538
				",0x20000,,,,,,,0x1114,,,,,,,,,,,,,C:\Windows\WinSxS\FileMaps,Security,File,,,,0xe2c,C:\Windows\WinSxS\amd64_microsoft-windows-servicingstack_31bf3856ad364e35_10.0.20348.557_none_f1edaeb8515fa10d\TiWorker.exe,,S:AI,,SCAFFOLD,0x3e7,DC$,S-1-5-18,,,,,,,,,,,
2026-09-02T00:12:46.245267Z,4663,dc.scaffold.htb,Microsoft-Windows-Security-Auditing,Security,21090,0,"%%1537
				",0x10000,,,,,,,0x1318,,,,,,,,,,,,,C:\Windows\WinSxS\FileMaps\$$_microsoft.net_assembly_gac_msil_system.servicemodel.washosting_v4.0_4.0.0.0_b77a5c561934e089_fcc9ffe6a33d9e56.cdf-ms,Security,File,,,,0xe2c,C:\Windows\WinSxS\amd64_microsoft-windows-servicingstack_31bf3856ad364e35_10.0.20348.557_none_f1edaeb8515fa10d\TiWorker.exe,,S:AI,,SCAFFOLD,0x3e7,DC$,S-1-5-18,,,,,,,,,,,
2026-09-02T00:12:46.245271Z,4660,dc.scaffold.htb,Microsoft-Windows-Security-Auditing,Security,21091,0,,,,,,,,,0x1318,,,,,,,,,,,,,,Security,,,,,0xe2c,C:\Windows\WinSxS\amd64_microsoft-windows-servicingstack_31bf3856ad364e35_10.0.20348.557_none_f1edaeb8515fa10d\TiWorker.exe,,,,SCAFFOLD,0x3e7,DC$,S-1-5-18,,,,,,,,,2997115E-A661-11F1-9932-005056B98D90,,
2026-09-02T00:12:46.247222Z,4663,dc.scaffold.htb,Microsoft-Windows-Security-Auditing,Security,21092,0,"%%4417
				",0x2,,,,,,,0x150c,,,,,,,,,,,,,C:\Windows\WinSxS\FileMaps,Security,File,,,,0xe2c,C:\Windows\WinSxS\amd64_microsoft-windows-servicingstack_31bf3856ad364e35_10.0.20348.557_none_f1edaeb8515fa10d\TiWorker.exe,,S:AI,,SCAFFOLD,0x3e7,DC$,S-1-5-18,,,,,,,,,,,
2026-09-02T00:12:46.247489Z,4663,dc.scaffold.htb,Microsoft-Windows-Security-Auditing,Security,21093,0,"%%1538
				",0x20000,,,,,,,0x1318,,,,,,,,,,,,,C:\Windows\WinSxS\FileMaps,Security,File,,,,0xe2c,C:\Windows\WinSxS\amd64_microsoft-windows-servicingstack_31bf3856ad364e35_10.0.20348.557_none_f1edaeb8515fa10d\TiWorker.exe,,S:AI,,SCAFFOLD,0x3e7,DC$,S-1-5-18,,,,,,,,,,,
2026-09-02T00:12:46.247679Z,4663,dc.scaffold.htb,Microsoft-Windows-Security-Auditing,Security,21094,0,"%%1538
				",0x20000,,,,,,,0x1318,,,,,,,,,,,,,C:\Windows\WinSxS\FileMaps,Security,File,,,,0xe2c,C:\Windows\WinSxS\amd64_microsoft-windows-servicingstack_31bf3856ad364e35_10.0.20348.557_none_f1edaeb8515fa10d\TiWorker.exe,,S:AI,,SCAFFOLD,0x3e7,DC$,S-1-5-18,,,,,,,,,,,
2026-09-02T00:12:46.248889Z,4663,dc.scaffold.htb,Microsoft-Windows-Security-Auditing,Security,21095,0,"%%1537
				",0x10000,,,,,,,0x131c,,,,,,,,,,,,,C:\Windows\WinSxS\FileMaps\$$_microsoft.net_assembly_gac_msil_system.servicemodel.internals_v4.0_4.0.0.0_31bf3856ad364e35_648841c36e579803.cdf-ms,Security,File,,,,0xe2c,C:\Windows\WinSxS\amd64_microsoft-windows-servicingstack_31bf3856ad364e35_10.0.20348.557_none_f1edaeb8515fa10d\TiWorker.exe,,S:AI,,SCAFFOLD,0x3e7,DC$,S-1-5-18,,,,,,,,,,,
2026-09-02T00:12:46.248893Z,4660,dc.scaffold.htb,Microsoft-Windows-Security-Auditing,Security,21096,0,,,,,,,,,0x131c,,,,,,,,,,,,,,Security,,,,,0xe2c,C:\Windows\WinSxS\amd64_microsoft-windows-servicingstack_31bf3856ad364e35_10.0.20348.557_none_f1edaeb8515fa10d\TiWorker.exe,,,,SCAFFOLD,0x3e7,DC$,S-1-5-18,,,,,,,,,2997115E-A661-11F1-9932-005056B98D90,,
2026-09-02T00:12:46.250535Z,4663,dc.scaffold.htb,Microsoft-Windows-Security-Auditing,Security,21097,0,"%%4417
				",0x2,,,,,,,0x150c,,,,,,,,,,,,,C:\Windows\WinSxS\FileMaps,Security,File,,,,0xe2c,C:\Windows\WinSxS\amd64_microsoft-windows-servicingstack_31bf3856ad364e35_10.0.20348.557_none_f1edaeb8515fa10d\TiWorker.exe,,S:AI,,SCAFFOLD,0x3e7,DC$,S-1-5-18,,,,,,,,,,,
2026-09-02T00:12:46.250806Z,4663,dc.scaffold.htb,Microsoft-Windows-Security-Auditing,Security,21098,0,"%%1538
				",0x20000,,,,,,,0x131c,,,,,,,,,,,,,C:\Windows\WinSxS\FileMaps,Security,File,,,,0xe2c,C:\Windows\WinSxS\amd64_microsoft-windows-servicingstack_31bf3856ad364e35_10.0.20348.557_none_f1edaeb8515fa10d\TiWorker.exe,,S:AI,,SCAFFOLD,0x3e7,DC$,S-1-5-18,,,,,,,,,,,
2026-09-02T00:12:46.250946Z,4663,dc.scaffold.htb,Microsoft-Windows-Security-Auditing,Security,21099,0,"%%1538
				",0x20000,,,,,,,0x131c,,,,,,,,,,,,,C:\Windows\WinSxS\FileMaps,Security,File,,,,0xe2c,C:\Windows\WinSxS\amd64_microsoft-windows-servicingstack_31bf3856ad364e35_10.0.20348.557_none_f1edaeb8515fa10d\TiWorker.exe,,S:AI,,SCAFFOLD,0x3e7,DC$,S-1-5-18,,,,,,,,,,,
2026-09-02T00:12:46.252076Z,4663,dc.scaffold.htb,Microsoft-Windows-Security-Auditing,Security,21100,0,"%%1537
				",0x10000,,,,,,,0x1114,,,,,,,,,,,,,C:\Windows\WinSxS\FileMaps\$$_microsoft.net_assembly_gac_msil_system.servicemodel.discovery_v4.0_4.0.0.0_31bf3856ad364e35_77886dd12f6a8907.cdf-ms,Security,File,,,,0xe2c,C:\Windows\WinSxS\amd64_microsoft-windows-servicingstack_31bf3856ad364e35_10.0.20348.557_none_f1edaeb8515fa10d\TiWorker.exe,,S:AI,,SCAFFOLD,0x3e7,DC$,S-1-5-18,,,,,,,,,,,
2026-09-02T00:12:46.252080Z,4660,dc.scaffold.htb,Microsoft-Windows-Security-Auditing,Security,21101,0,,,,,,,,,0x1114,,,,,,,,,,,,,,Security,,,,,0xe2c,C:\Windows\WinSxS\amd64_microsoft-windows-servicingstack_31bf3856ad364e35_10.0.20348.557_none_f1edaeb8515fa10d\TiWorker.exe,,,,SCAFFOLD,0x3e7,DC$,S-1-5-18,,,,,,,,,2997115E-A661-11F1-9932-005056B98D90,,
2026-09-02T00:12:46.254294Z,4663,dc.scaffold.htb,Microsoft-Windows-Security-Auditing,Security,21102,0,"%%4417
				",0x2,,,,,,,0x150c,,,,,,,,,,,,,C:\Windows\WinSxS\FileMaps,Security,File,,,,0xe2c,C:\Windows\WinSxS\amd64_microsoft-windows-servicingstack_31bf3856ad364e35_10.0.20348.557_none_f1edaeb8515fa10d\TiWorker.exe,,S:AI,,SCAFFOLD,0x3e7,DC$,S-1-5-18,,,,,,,,,,,
2026-09-02T00:12:46.254581Z,4663,dc.scaffold.htb,Microsoft-Windows-Security-Auditing,Security,21103,0,"%%1538
				",0x20000,,,,,,,0x1114,,,,,,,,,,,,,C:\Windows\WinSxS\FileMaps,Security,File,,,,0xe2c,C:\Windows\WinSxS\amd64_microsoft-windows-servicingstack_31bf3856ad364e35_10.0.20348.557_none_f1edaeb8515fa10d\TiWorker.exe,,S:AI,,SCAFFOLD,0x3e7,DC$,S-1-5-18,,,,,,,,,,,
2026-09-02T00:12:46.254724Z,4663,dc.scaffold.htb,Microsoft-Windows-Security-Auditing,Security,21104,0,"%%1538
				",0x20000,,,,,,,0x1114,,,,,,,,,,,,,C:\Windows\WinSxS\FileMaps,Security,File,,,,0xe2c,C:\Windows\WinSxS\amd64_microsoft-windows-servicingstack_31bf3856ad364e35_10.0.20348.557_none_f1edaeb8515fa10d\TiWorker.exe,,S:AI,,SCAFFOLD,0x3e7,DC$,S-1-5-18,,,,,,,,,,,
2026-09-02T00:12:46.255722Z,4663,dc.scaffold.htb,Microsoft-Windows-Security-Auditing,Security,21105,0,"%%1537
				",0x10000,,,,,,,0x1318,,,,,,,,,,,,,C:\Windows\WinSxS\FileMaps\$$_microsoft.net_assembly_gac_msil_system.servicemodel.channels_v4.0_4.0.0.0_31bf3856ad364e35_3b879384d8488ea3.cdf-ms,Security,File,,,,0xe2c,C:\Windows\WinSxS\amd64_microsoft-windows-servicingstack_31bf3856ad364e35_10.0.20348.557_none_f1edaeb8515fa10d\TiWorker.exe,,S:AI,,SCAFFOLD,0x3e7,DC$,S-1-5-18,,,,,,,,,,,
2026-09-02T00:12:46.255729Z,4660,dc.scaffold.htb,Microsoft-Windows-Security-Auditing,Security,21106,0,,,,,,,,,0x1318,,,,,,,,,,,,,,Security,,,,,0xe2c,C:\Windows\WinSxS\amd64_microsoft-windows-servicingstack_31bf3856ad364e35_10.0.20348.557_none_f1edaeb8515fa10d\TiWorker.exe,,,,SCAFFOLD,0x3e7,DC$,S-1-5-18,,,,,,,,,2997115E-A661-11F1-9932-005056B98D90,,
2026-09-02T00:12:46.258547Z,4663,dc.scaffold.htb,Microsoft-Windows-Security-Auditing,Security,21107,0,"%%4417
				",0x2,,,,,,,0x150c,,,,,,,,,,,,,C:\Windows\WinSxS\FileMaps,Security,File,,,,0xe2c,C:\Windows\WinSxS\amd64_microsoft-windows-servicingstack_31bf3856ad364e35_10.0.20348.557_none_f1edaeb8515fa10d\TiWorker.exe,,S:AI,,SCAFFOLD,0x3e7,DC$,S-1-5-18,,,,,,,,,,,
2026-09-02T00:12:46.258846Z,4663,dc.scaffold.htb,Microsoft-Windows-Security-Auditing,Security,21108,0,"%%1538
				",0x20000,,,,,,,0x1318,,,,,,,,,,,,,C:\Windows\WinSxS\FileMaps,Security,File,,,,0xe2c,C:\Windows\WinSxS\amd64_microsoft-windows-servicingstack_31bf3856ad364e35_10.0.20348.557_none_f1edaeb8515fa10d\TiWorker.exe,,S:AI,,SCAFFOLD,0x3e7,DC$,S-1-5-18,,,,,,,,,,,
2026-09-02T00:12:46.258994Z,4663,dc.scaffold.htb,Microsoft-Windows-Security-Auditing,Security,21109,0,"%%1538
				",0x20000,,,,,,,0x1318,,,,,,,,,,,,,C:\Windows\WinSxS\FileMaps,Security,File,,,,0xe2c,C:\Windows\WinSxS\amd64_microsoft-windows-servicingstack_31bf3856ad364e35_10.0.20348.557_none_f1edaeb8515fa10d\TiWorker.exe,,S:AI,,SCAFFOLD,0x3e7,DC$,S-1-5-18,,,,,,,,,,,
2026-09-02T00:12:46.260434Z,4663,dc.scaffold.htb,Microsoft-Windows-Security-Auditing,Security,21110,0,"%%1537
				",0x10000,,,,,,,0x131c,,,,,,,,,,,,,C:\Windows\WinSxS\FileMaps\$$_microsoft.net_assembly_gac_msil_system.servicemodel_v4.0_4.0.0.0_b77a5c561934e089_b63f15dceb7fa3d7.cdf-ms,Security,File,,,,0xe2c,C:\Windows\WinSxS\amd64_microsoft-windows-servicingstack_31bf3856ad364e35_10.0.20348.557_none_f1edaeb8515fa10d\TiWorker.exe,,S:AI,,SCAFFOLD,0x3e7,DC$,S-1-5-18,,,,,,,,,,,
2026-09-02T00:12:46.260438Z,4660,dc.scaffold.htb,Microsoft-Windows-Security-Auditing,Security,21111,0,,,,,,,,,0x131c,,,,,,,,,,,,,,Security,,,,,0xe2c,C:\Windows\WinSxS\amd64_microsoft-windows-servicingstack_31bf3856ad364e35_10.0.20348.557_none_f1edaeb8515fa10d\TiWorker.exe,,,,SCAFFOLD,0x3e7,DC$,S-1-5-18,,,,,,,,,2997115E-A661-11F1-9932-005056B98D90,,
2026-09-02T00:12:46.262260Z,4663,dc.scaffold.htb,Microsoft-Windows-Security-Auditing,Security,21112,0,"%%4417
				",0x2,,,,,,,0x150c,,,,,,,,,,,,,C:\Windows\WinSxS\FileMaps,Security,File,,,,0xe2c,C:\Windows\WinSxS\amd64_microsoft-windows-servicingstack_31bf3856ad364e35_10.0.20348.557_none_f1edaeb8515fa10d\TiWorker.exe,,S:AI,,SCAFFOLD,0x3e7,DC$,S-1-5-18,,,,,,,,,,,
2026-09-02T00:12:46.263205Z,4663,dc.scaffold.htb,Microsoft-Windows-Security-Auditing,Security,21113,0,"%%1538
				",0x20000,,,,,,,0x131c,,,,,,,,,,,,,C:\Windows\WinSxS\FileMaps,Security,File,,,,0xe2c,C:\Windows\WinSxS\amd64_microsoft-windows-servicingstack_31bf3856ad364e35_10.0.20348.557_none_f1edaeb8515fa10d\TiWorker.exe,,S:AI,,SCAFFOLD,0x3e7,DC$,S-1-5-18,,,,,,,,,,,
2026-09-02T00:12:46.263406Z,4663,dc.scaffold.htb,Microsoft-Windows-Security-Auditing,Security,21114,0,"%%1538
				",0x20000,,,,,,,0x131c,,,,,,,,,,,,,C:\Windows\WinSxS\FileMaps,Security,File,,,,0xe2c,C:\Windows\WinSxS\amd64_microsoft-windows-servicingstack_31bf3856ad364e35_10.0.20348.557_none_f1edaeb8515fa10d\TiWorker.exe,,S:AI,,SCAFFOLD,0x3e7,DC$,S-1-5-18,,,,,,,,,,,
2026-09-02T00:12:46.264263Z,4663,dc.scaffold.htb,Microsoft-Windows-Security-Auditing,Security,21115,0,"%%1537
				",0x10000,,,,,,,0x1318,,,,,,,,,,,,,C:\Windows\WinSxS\FileMaps\$$_microsoft.net_assembly_gac_msil_system.security_v4.0_4.0.0.0_b03f5f7f11d50a3a_b1f6c453104409f9.cdf-ms,Security,File,,,,0xe2c,C:\Windows\WinSxS\amd64_microsoft-windows-servicingstack_31bf3856ad364e35_10.0.20348.557_none_f1edaeb8515fa10d\TiWorker.exe,,S:AI,,SCAFFOLD,0x3e7,DC$,S-1-5-18,,,,,,,,,,,
2026-09-02T00:12:46.264267Z,4660,dc.scaffold.htb,Microsoft-Windows-Security-Auditing,Security,21116,0,,,,,,,,,0x1318,,,,,,,,,,,,,,Security,,,,,0xe2c,C:\Windows\WinSxS\amd64_microsoft-windows-servicingstack_31bf3856ad364e35_10.0.20348.557_none_f1edaeb8515fa10d\TiWorker.exe,,,,SCAFFOLD,0x3e7,DC$,S-1-5-18,,,,,,,,,2997115E-A661-11F1-9932-005056B98D90,,
2026-09-02T00:12:46.266651Z,4663,dc.scaffold.htb,Microsoft-Windows-Security-Auditing,Security,21117,0,"%%4417
				",0x2,,,,,,,0x150c,,,,,,,,,,,,,C:\Windows\WinSxS\FileMaps,Security,File,,,,0xe2c,C:\Windows\WinSxS\amd64_microsoft-windows-servicingstack_31bf3856ad364e35_10.0.20348.557_none_f1edaeb8515fa10d\TiWorker.exe,,S:AI,,SCAFFOLD,0x3e7,DC$,S-1-5-18,,,,,,,,,,,
2026-09-02T00:12:46.267261Z,4663,dc.scaffold.htb,Microsoft-Windows-Security-Auditing,Security,21118,0,"%%1538
				",0x20000,,,,,,,0x1318,,,,,,,,,,,,,C:\Windows\WinSxS\FileMaps,Security,File,,,,0xe2c,C:\Windows\WinSxS\amd64_microsoft-windows-servicingstack_31bf3856ad364e35_10.0.20348.557_none_f1edaeb8515fa10d\TiWorker.exe,,S:AI,,SCAFFOLD,0x3e7,DC$,S-1-5-18,,,,,,,,,,,
2026-09-02T00:12:46.267409Z,4663,dc.scaffold.htb,Microsoft-Windows-Security-Auditing,Security,21119,0,"%%1538
				",0x20000,,,,,,,0x1318,,,,,,,,,,,,,C:\Windows\WinSxS\FileMaps,Security,File,,,,0xe2c,C:\Windows\WinSxS\amd64_microsoft-windows-servicingstack_31bf3856ad364e35_10.0.20348.557_none_f1edaeb8515fa10d\TiWorker.exe,,S:AI,,SCAFFOLD,0x3e7,DC$,S-1-5-18,,,,,,,,,,,
2026-09-02T00:12:46.268588Z,4663,dc.scaffold.htb,Microsoft-Windows-Security-Auditing,Security,21120,0,"%%1537
				",0x10000,,,,,,,0x1328,,,,,,,,,,,,,C:\Windows\WinSxS\FileMaps\$$_microsoft.net_assembly_gac_msil_system.runtime.serialization_v4.0_4.0.0.0_b77a5c561934e089_f6fb5cdd6113e4c9.cdf-ms,Security,File,,,,0xe2c,C:\Windows\WinSxS\amd64_microsoft-windows-servicingstack_31bf3856ad364e35_10.0.20348.557_none_f1edaeb8515fa10d\TiWorker.exe,,S:AI,,SCAFFOLD,0x3e7,DC$,S-1-5-18,,,,,,,,,,,
2026-09-02T00:12:46.268617Z,4660,dc.scaffold.htb,Microsoft-Windows-Security-Auditing,Security,21121,0,,,,,,,,,0x1328,,,,,,,,,,,,,,Security,,,,,0xe2c,C:\Windows\WinSxS\amd64_microsoft-windows-servicingstack_31bf3856ad364e35_10.0.20348.557_none_f1edaeb8515fa10d\TiWorker.exe,,,,SCAFFOLD,0x3e7,DC$,S-1-5-18,,,,,,,,,2997115E-A661-11F1-9932-005056B98D90,,
2026-09-02T00:12:46.269921Z,4663,dc.scaffold.htb,Microsoft-Windows-Security-Auditing,Security,21122,0,"%%4417
				",0x2,,,,,,,0x150c,,,,,,,,,,,,,C:\Windows\WinSxS\FileMaps,Security,File,,,,0xe2c,C:\Windows\WinSxS\amd64_microsoft-windows-servicingstack_31bf3856ad364e35_10.0.20348.557_none_f1edaeb8515fa10d\TiWorker.exe,,S:AI,,SCAFFOLD,0x3e7,DC$,S-1-5-18,,,,,,,,,,,
2026-09-02T00:12:46.270215Z,4663,dc.scaffold.htb,Microsoft-Windows-Security-Auditing,Security,21123,0,"%%1538
				",0x20000,,,,,,,0x1328,,,,,,,,,,,,,C:\Windows\WinSxS\FileMaps,Security,File,,,,0xe2c,C:\Windows\WinSxS\amd64_microsoft-windows-servicingstack_31bf3856ad364e35_10.0.20348.557_none_f1edaeb8515fa10d\TiWorker.exe,,S:AI,,SCAFFOLD,0x3e7,DC$,S-1-5-18,,,,,,,,,,,
2026-09-02T00:12:46.270360Z,4663,dc.scaffold.htb,Microsoft-Windows-Security-Auditing,Security,21124,0,"%%1538
				",0x20000,,,,,,,0x1328,,,,,,,,,,,,,C:\Windows\WinSxS\FileMaps,Security,File,,,,0xe2c,C:\Windows\WinSxS\amd64_microsoft-windows-servicingstack_31bf3856ad364e35_10.0.20348.557_none_f1edaeb8515fa10d\TiWorker.exe,,S:AI,,SCAFFOLD,0x3e7,DC$,S-1-5-18,,,,,,,,,,,
2026-09-02T00:12:46.271683Z,4663,dc.scaffold.htb,Microsoft-Windows-Security-Auditing,Security,21125,0,"%%1537
				",0x10000,,,,,,,0x1324,,,,,,,,,,,,,C:\Windows\WinSxS\FileMaps\$$_microsoft.net_assembly_gac_msil_system.runtime.remoting_v4.0_4.0.0.0_b77a5c561934e089_7bd45a1c7774a4dc.cdf-ms,Security,File,,,,0xe2c,C:\Windows\WinSxS\amd64_microsoft-windows-servicingstack_31bf3856ad364e35_10.0.20348.557_none_f1edaeb8515fa10d\TiWorker.exe,,S:AI,,SCAFFOLD,0x3e7,DC$,S-1-5-18,,,,,,,,,,,
