2026-07-09T06:14:40.248500Z,4663,dc.scaffold.htb,Microsoft-Windows-Security-Auditing,Security,19716,0,"%%1537
				",0x10000,,,,,,,0x6c,,,,,,,,,,,,,C:\Windows\WinSxS\FileMaps\$$_syswow64_21ffbdd2a2dd92e0.cdf-ms,Security,File,,,,0xd90,C:\Windows\System32\poqexec.exe,,S:AI,,SCAFFOLD,0x3e7,DC$,S-1-5-18,,,,,,,,,,,
2026-07-09T06:14:40.248504Z,4660,dc.scaffold.htb,Microsoft-Windows-Security-Auditing,Security,19717,0,,,,,,,,,0x6c,,,,,,,,,,,,,,Security,,,,,0xd90,C:\Windows\System32\poqexec.exe,,,,SCAFFOLD,0x3e7,DC$,S-1-5-18,,,,,,,,,09FDD45B-7B5D-11F1-992D-005056B98D90,,
2026-07-09T06:14:40.250886Z,4663,dc.scaffold.htb,Microsoft-Windows-Security-Auditing,Security,19718,0,"%%4417
				",0x2,,,,,,,0x1c48,,,,,,,,,,,,,C:\Windows\WinSxS\FileMaps,Security,File,,,,0xd90,C:\Windows\System32\poqexec.exe,,S:AI,,SCAFFOLD,0x3e7,DC$,S-1-5-18,,,,,,,,,,,
2026-07-09T06:14:40.251214Z,4663,dc.scaffold.htb,Microsoft-Windows-Security-Auditing,Security,19719,0,"%%1538
				",0x20000,,,,,,,0x70,,,,,,,,,,,,,C:\Windows\WinSxS\FileMaps,Security,File,,,,0xd90,C:\Windows\System32\poqexec.exe,,S:AI,,SCAFFOLD,0x3e7,DC$,S-1-5-18,,,,,,,,,,,
2026-07-09T06:14:40.251433Z,4663,dc.scaffold.htb,Microsoft-Windows-Security-Auditing,Security,19720,0,"%%1538
				",0x20000,,,,,,,0x70,,,,,,,,,,,,,C:\Windows\WinSxS\FileMaps,Security,File,,,,0xd90,C:\Windows\System32\poqexec.exe,,S:AI,,SCAFFOLD,0x3e7,DC$,S-1-5-18,,,,,,,,,,,
2026-07-09T06:14:40.251811Z,4663,dc.scaffold.htb,Microsoft-Windows-Security-Auditing,Security,19721,0,"%%1537
				",0x10000,,,,,,,0x6c,,,,,,,,,,,,,C:\Windows\WinSxS\FileMaps\$$_syswow64_licenses_neutral_volume_serverstandard_b3547112823ea1ef.cdf-ms,Security,File,,,,0xd90,C:\Windows\System32\poqexec.exe,,S:AI,,SCAFFOLD,0x3e7,DC$,S-1-5-18,,,,,,,,,,,
2026-07-09T06:14:40.251815Z,4660,dc.scaffold.htb,Microsoft-Windows-Security-Auditing,Security,19722,0,,,,,,,,,0x6c,,,,,,,,,,,,,,Security,,,,,0xd90,C:\Windows\System32\poqexec.exe,,,,SCAFFOLD,0x3e7,DC$,S-1-5-18,,,,,,,,,09FDD45B-7B5D-11F1-992D-005056B98D90,,
2026-07-09T06:14:40.257772Z,4663,dc.scaffold.htb,Microsoft-Windows-Security-Auditing,Security,19723,0,"%%4417
				",0x2,,,,,,,0x1c48,,,,,,,,,,,,,C:\Windows\WinSxS\FileMaps,Security,File,,,,0xd90,C:\Windows\System32\poqexec.exe,,S:AI,,SCAFFOLD,0x3e7,DC$,S-1-5-18,,,,,,,,,,,
2026-07-09T06:14:40.258186Z,4663,dc.scaffold.htb,Microsoft-Windows-Security-Auditing,Security,19724,0,"%%1538
				",0x20000,,,,,,,0x74,,,,,,,,,,,,,C:\Windows\WinSxS\FileMaps,Security,File,,,,0xd90,C:\Windows\System32\poqexec.exe,,S:AI,,SCAFFOLD,0x3e7,DC$,S-1-5-18,,,,,,,,,,,
2026-07-09T06:14:40.258594Z,4663,dc.scaffold.htb,Microsoft-Windows-Security-Auditing,Security,19725,0,"%%1537
				",0x10000,,,,,,,0x70,,,,,,,,,,,,,C:\Windows\WinSxS\FileMaps\$$_syswow64_licenses_neutral_oem_serverstandard_be4221b57f2eb800.cdf-ms,Security,File,,,,0xd90,C:\Windows\System32\poqexec.exe,,S:AI,,SCAFFOLD,0x3e7,DC$,S-1-5-18,,,,,,,,,,,
2026-07-09T06:14:40.258601Z,4660,dc.scaffold.htb,Microsoft-Windows-Security-Auditing,Security,19726,0,,,,,,,,,0x70,,,,,,,,,,,,,,Security,,,,,0xd90,C:\Windows\System32\poqexec.exe,,,,SCAFFOLD,0x3e7,DC$,S-1-5-18,,,,,,,,,09FDD45B-7B5D-11F1-992D-005056B98D90,,
2026-07-09T06:14:40.262133Z,4663,dc.scaffold.htb,Microsoft-Windows-Security-Auditing,Security,19727,0,"%%4417
				",0x2,,,,,,,0x1c48,,,,,,,,,,,,,C:\Windows\WinSxS\FileMaps,Security,File,,,,0xd90,C:\Windows\System32\poqexec.exe,,S:AI,,SCAFFOLD,0x3e7,DC$,S-1-5-18,,,,,,,,,,,
2026-07-09T06:14:40.262643Z,4663,dc.scaffold.htb,Microsoft-Windows-Security-Auditing,Security,19728,0,"%%1538
				",0x20000,,,,,,,0x74,,,,,,,,,,,,,C:\Windows\WinSxS\FileMaps,Security,File,,,,0xd90,C:\Windows\System32\poqexec.exe,,S:AI,,SCAFFOLD,0x3e7,DC$,S-1-5-18,,,,,,,,,,,
2026-07-09T06:14:40.263041Z,4663,dc.scaffold.htb,Microsoft-Windows-Security-Auditing,Security,19729,0,"%%1537
				",0x10000,,,,,,,0x6c,,,,,,,,,,,,,C:\Windows\WinSxS\FileMaps\$$_syswow64_licenses_neutral_eval_serverstandard_4108d55218040f55.cdf-ms,Security,File,,,,0xd90,C:\Windows\System32\poqexec.exe,,S:AI,,SCAFFOLD,0x3e7,DC$,S-1-5-18,,,,,,,,,,,
2026-07-09T06:14:40.263046Z,4660,dc.scaffold.htb,Microsoft-Windows-Security-Auditing,Security,19730,0,,,,,,,,,0x6c,,,,,,,,,,,,,,Security,,,,,0xd90,C:\Windows\System32\poqexec.exe,,,,SCAFFOLD,0x3e7,DC$,S-1-5-18,,,,,,,,,09FDD45B-7B5D-11F1-992D-005056B98D90,,
2026-07-09T06:14:40.266514Z,4663,dc.scaffold.htb,Microsoft-Windows-Security-Auditing,Security,19731,0,"%%4417
				",0x2,,,,,,,0x1c48,,,,,,,,,,,,,C:\Windows\WinSxS\FileMaps,Security,File,,,,0xd90,C:\Windows\System32\poqexec.exe,,S:AI,,SCAFFOLD,0x3e7,DC$,S-1-5-18,,,,,,,,,,,
2026-07-09T06:14:40.266911Z,4663,dc.scaffold.htb,Microsoft-Windows-Security-Auditing,Security,19732,0,"%%1538
				",0x20000,,,,,,,0x74,,,,,,,,,,,,,C:\Windows\WinSxS\FileMaps,Security,File,,,,0xd90,C:\Windows\System32\poqexec.exe,,S:AI,,SCAFFOLD,0x3e7,DC$,S-1-5-18,,,,,,,,,,,
2026-07-09T06:14:40.267303Z,4663,dc.scaffold.htb,Microsoft-Windows-Security-Auditing,Security,19733,0,"%%1537
				",0x10000,,,,,,,0x70,,,,,,,,,,,,,C:\Windows\WinSxS\FileMaps\$$_syswow64_licenses_neutral_default_serverstandard_749a973db32ae69d.cdf-ms,Security,File,,,,0xd90,C:\Windows\System32\poqexec.exe,,S:AI,,SCAFFOLD,0x3e7,DC$,S-1-5-18,,,,,,,,,,,
2026-07-09T06:14:40.267306Z,4660,dc.scaffold.htb,Microsoft-Windows-Security-Auditing,Security,19734,0,,,,,,,,,0x70,,,,,,,,,,,,,,Security,,,,,0xd90,C:\Windows\System32\poqexec.exe,,,,SCAFFOLD,0x3e7,DC$,S-1-5-18,,,,,,,,,09FDD45B-7B5D-11F1-992D-005056B98D90,,
2026-07-09T06:14:40.270190Z,4663,dc.scaffold.htb,Microsoft-Windows-Security-Auditing,Security,19735,0,"%%4417
				",0x2,,,,,,,0x1c48,,,,,,,,,,,,,C:\Windows\WinSxS\FileMaps,Security,File,,,,0xd90,C:\Windows\System32\poqexec.exe,,S:AI,,SCAFFOLD,0x3e7,DC$,S-1-5-18,,,,,,,,,,,
2026-07-09T06:14:40.270571Z,4663,dc.scaffold.htb,Microsoft-Windows-Security-Auditing,Security,19736,0,"%%1538
				",0x20000,,,,,,,0x74,,,,,,,,,,,,,C:\Windows\WinSxS\FileMaps,Security,File,,,,0xd90,C:\Windows\System32\poqexec.exe,,S:AI,,SCAFFOLD,0x3e7,DC$,S-1-5-18,,,,,,,,,,,
2026-07-09T06:14:40.270997Z,4663,dc.scaffold.htb,Microsoft-Windows-Security-Auditing,Security,19737,0,"%%1537
				",0x10000,,,,,,,0x6c,,,,,,,,,,,,,C:\Windows\WinSxS\FileMaps\$$_syswow64_en-us_9e576ab077991fe8.cdf-ms,Security,File,,,,0xd90,C:\Windows\System32\poqexec.exe,,S:AI,,SCAFFOLD,0x3e7,DC$,S-1-5-18,,,,,,,,,,,
2026-07-09T06:14:40.271002Z,4660,dc.scaffold.htb,Microsoft-Windows-Security-Auditing,Security,19738,0,,,,,,,,,0x6c,,,,,,,,,,,,,,Security,,,,,0xd90,C:\Windows\System32\poqexec.exe,,,,SCAFFOLD,0x3e7,DC$,S-1-5-18,,,,,,,,,09FDD45B-7B5D-11F1-992D-005056B98D90,,
2026-07-09T06:14:40.273235Z,4663,dc.scaffold.htb,Microsoft-Windows-Security-Auditing,Security,19739,0,"%%4417
				",0x2,,,,,,,0x1c48,,,,,,,,,,,,,C:\Windows\WinSxS\FileMaps,Security,File,,,,0xd90,C:\Windows\System32\poqexec.exe,,S:AI,,SCAFFOLD,0x3e7,DC$,S-1-5-18,,,,,,,,,,,
2026-07-09T06:14:40.273618Z,4663,dc.scaffold.htb,Microsoft-Windows-Security-Auditing,Security,19740,0,"%%1538
				",0x20000,,,,,,,0x74,,,,,,,,,,,,,C:\Windows\WinSxS\FileMaps,Security,File,,,,0xd90,C:\Windows\System32\poqexec.exe,,S:AI,,SCAFFOLD,0x3e7,DC$,S-1-5-18,,,,,,,,,,,
2026-07-09T06:14:40.273775Z,4663,dc.scaffold.htb,Microsoft-Windows-Security-Auditing,Security,19741,0,"%%1538
				",0x20000,,,,,,,0x74,,,,,,,,,,,,,C:\Windows\WinSxS\FileMaps,Security,File,,,,0xd90,C:\Windows\System32\poqexec.exe,,S:AI,,SCAFFOLD,0x3e7,DC$,S-1-5-18,,,,,,,,,,,
2026-07-09T06:14:40.274267Z,4663,dc.scaffold.htb,Microsoft-Windows-Security-Auditing,Security,19742,0,"%%1537
				",0x10000,,,,,,,0x7c,,,,,,,,,,,,,C:\Windows\WinSxS\FileMaps\$$_syswow64_en-us_licenses_45a768f9c2f8cd4a.cdf-ms,Security,File,,,,0xd90,C:\Windows\System32\poqexec.exe,,S:AI,,SCAFFOLD,0x3e7,DC$,S-1-5-18,,,,,,,,,,,
2026-07-09T06:14:40.274272Z,4660,dc.scaffold.htb,Microsoft-Windows-Security-Auditing,Security,19743,0,,,,,,,,,0x7c,,,,,,,,,,,,,,Security,,,,,0xd90,C:\Windows\System32\poqexec.exe,,,,SCAFFOLD,0x3e7,DC$,S-1-5-18,,,,,,,,,09FDD45B-7B5D-11F1-992D-005056B98D90,,
2026-07-09T06:14:40.276651Z,4663,dc.scaffold.htb,Microsoft-Windows-Security-Auditing,Security,19744,0,"%%4417
				",0x2,,,,,,,0x1c48,,,,,,,,,,,,,C:\Windows\WinSxS\FileMaps,Security,File,,,,0xd90,C:\Windows\System32\poqexec.exe,,S:AI,,SCAFFOLD,0x3e7,DC$,S-1-5-18,,,,,,,,,,,
2026-07-09T06:14:40.277028Z,4663,dc.scaffold.htb,Microsoft-Windows-Security-Auditing,Security,19745,0,"%%1538
				",0x20000,,,,,,,0x70,,,,,,,,,,,,,C:\Windows\WinSxS\FileMaps,Security,File,,,,0xd90,C:\Windows\System32\poqexec.exe,,S:AI,,SCAFFOLD,0x3e7,DC$,S-1-5-18,,,,,,,,,,,
2026-07-09T06:14:40.277236Z,4663,dc.scaffold.htb,Microsoft-Windows-Security-Auditing,Security,19746,0,"%%1538
				",0x20000,,,,,,,0x70,,,,,,,,,,,,,C:\Windows\WinSxS\FileMaps,Security,File,,,,0xd90,C:\Windows\System32\poqexec.exe,,S:AI,,SCAFFOLD,0x3e7,DC$,S-1-5-18,,,,,,,,,,,
2026-07-09T06:14:40.277668Z,4663,dc.scaffold.htb,Microsoft-Windows-Security-Auditing,Security,19747,0,"%%1537
				",0x10000,,,,,,,0x6c,,,,,,,,,,,,,C:\Windows\WinSxS\FileMaps\$$_syswow64_en-us_licenses_volume_serverstandard_446736da0eefed64.cdf-ms,Security,File,,,,0xd90,C:\Windows\System32\poqexec.exe,,S:AI,,SCAFFOLD,0x3e7,DC$,S-1-5-18,,,,,,,,,,,
2026-07-09T06:14:40.277674Z,4660,dc.scaffold.htb,Microsoft-Windows-Security-Auditing,Security,19748,0,,,,,,,,,0x6c,,,,,,,,,,,,,,Security,,,,,0xd90,C:\Windows\System32\poqexec.exe,,,,SCAFFOLD,0x3e7,DC$,S-1-5-18,,,,,,,,,09FDD45B-7B5D-11F1-992D-005056B98D90,,
2026-07-09T06:14:40.284850Z,4663,dc.scaffold.htb,Microsoft-Windows-Security-Auditing,Security,19749,0,"%%4417
				",0x2,,,,,,,0x1c48,,,,,,,,,,,,,C:\Windows\WinSxS\FileMaps,Security,File,,,,0xd90,C:\Windows\System32\poqexec.exe,,S:AI,,SCAFFOLD,0x3e7,DC$,S-1-5-18,,,,,,,,,,,
2026-07-09T06:14:40.285699Z,4663,dc.scaffold.htb,Microsoft-Windows-Security-Auditing,Security,19750,0,"%%1538
				",0x20000,,,,,,,0x70,,,,,,,,,,,,,C:\Windows\WinSxS\FileMaps,Security,File,,,,0xd90,C:\Windows\System32\poqexec.exe,,S:AI,,SCAFFOLD,0x3e7,DC$,S-1-5-18,,,,,,,,,,,
2026-07-09T06:14:40.286257Z,4663,dc.scaffold.htb,Microsoft-Windows-Security-Auditing,Security,19751,0,"%%1537
				",0x10000,,,,,,,0x78,,,,,,,,,,,,,C:\Windows\WinSxS\FileMaps\$$_syswow64_en-us_licenses_oem_serverstandard_6cffb243d45eb3a1.cdf-ms,Security,File,,,,0xd90,C:\Windows\System32\poqexec.exe,,S:AI,,SCAFFOLD,0x3e7,DC$,S-1-5-18,,,,,,,,,,,
2026-07-09T06:14:40.286280Z,4660,dc.scaffold.htb,Microsoft-Windows-Security-Auditing,Security,19752,0,,,,,,,,,0x78,,,,,,,,,,,,,,Security,,,,,0xd90,C:\Windows\System32\poqexec.exe,,,,SCAFFOLD,0x3e7,DC$,S-1-5-18,,,,,,,,,09FDD45B-7B5D-11F1-992D-005056B98D90,,
2026-07-09T06:14:40.289514Z,4663,dc.scaffold.htb,Microsoft-Windows-Security-Auditing,Security,19753,0,"%%4417
				",0x2,,,,,,,0x1c48,,,,,,,,,,,,,C:\Windows\WinSxS\FileMaps,Security,File,,,,0xd90,C:\Windows\System32\poqexec.exe,,S:AI,,SCAFFOLD,0x3e7,DC$,S-1-5-18,,,,,,,,,,,
2026-07-09T06:14:40.289894Z,4663,dc.scaffold.htb,Microsoft-Windows-Security-Auditing,Security,19754,0,"%%1538
				",0x20000,,,,,,,0x70,,,,,,,,,,,,,C:\Windows\WinSxS\FileMaps,Security,File,,,,0xd90,C:\Windows\System32\poqexec.exe,,S:AI,,SCAFFOLD,0x3e7,DC$,S-1-5-18,,,,,,,,,,,
2026-07-09T06:14:40.290273Z,4663,dc.scaffold.htb,Microsoft-Windows-Security-Auditing,Security,19755,0,"%%1537
				",0x10000,,,,,,,0x7c,,,,,,,,,,,,,C:\Windows\WinSxS\FileMaps\$$_syswow64_en-us_licenses_eval_serverstandard_9ec1f3769f854b0a.cdf-ms,Security,File,,,,0xd90,C:\Windows\System32\poqexec.exe,,S:AI,,SCAFFOLD,0x3e7,DC$,S-1-5-18,,,,,,,,,,,
2026-07-09T06:14:40.290276Z,4660,dc.scaffold.htb,Microsoft-Windows-Security-Auditing,Security,19756,0,,,,,,,,,0x7c,,,,,,,,,,,,,,Security,,,,,0xd90,C:\Windows\System32\poqexec.exe,,,,SCAFFOLD,0x3e7,DC$,S-1-5-18,,,,,,,,,09FDD45B-7B5D-11F1-992D-005056B98D90,,
2026-07-09T06:14:40.293616Z,4663,dc.scaffold.htb,Microsoft-Windows-Security-Auditing,Security,19757,0,"%%4417
				",0x2,,,,,,,0x1c48,,,,,,,,,,,,,C:\Windows\WinSxS\FileMaps,Security,File,,,,0xd90,C:\Windows\System32\poqexec.exe,,S:AI,,SCAFFOLD,0x3e7,DC$,S-1-5-18,,,,,,,,,,,
2026-07-09T06:14:40.294010Z,4663,dc.scaffold.htb,Microsoft-Windows-Security-Auditing,Security,19758,0,"%%1538
				",0x20000,,,,,,,0x70,,,,,,,,,,,,,C:\Windows\WinSxS\FileMaps,Security,File,,,,0xd90,C:\Windows\System32\poqexec.exe,,S:AI,,SCAFFOLD,0x3e7,DC$,S-1-5-18,,,,,,,,,,,
2026-07-09T06:14:40.294385Z,4663,dc.scaffold.htb,Microsoft-Windows-Security-Auditing,Security,19759,0,"%%1537
				",0x10000,,,,,,,0x78,,,,,,,,,,,,,C:\Windows\WinSxS\FileMaps\$$_syswow64_en-us_licenses_default_serverstandard_668e7103f93c4d28.cdf-ms,Security,File,,,,0xd90,C:\Windows\System32\poqexec.exe,,S:AI,,SCAFFOLD,0x3e7,DC$,S-1-5-18,,,,,,,,,,,
2026-07-09T06:14:40.294389Z,4660,dc.scaffold.htb,Microsoft-Windows-Security-Auditing,Security,19760,0,,,,,,,,,0x78,,,,,,,,,,,,,,Security,,,,,0xd90,C:\Windows\System32\poqexec.exe,,,,SCAFFOLD,0x3e7,DC$,S-1-5-18,,,,,,,,,09FDD45B-7B5D-11F1-992D-005056B98D90,,
2026-07-09T06:14:40.297640Z,4663,dc.scaffold.htb,Microsoft-Windows-Security-Auditing,Security,19761,0,"%%4417
				",0x2,,,,,,,0x1c48,,,,,,,,,,,,,C:\Windows\WinSxS\FileMaps,Security,File,,,,0xd90,C:\Windows\System32\poqexec.exe,,S:AI,,SCAFFOLD,0x3e7,DC$,S-1-5-18,,,,,,,,,,,
2026-07-09T06:14:40.298162Z,4663,dc.scaffold.htb,Microsoft-Windows-Security-Auditing,Security,19762,0,"%%1538
				",0x20000,,,,,,,0x70,,,,,,,,,,,,,C:\Windows\WinSxS\FileMaps,Security,File,,,,0xd90,C:\Windows\System32\poqexec.exe,,S:AI,,SCAFFOLD,0x3e7,DC$,S-1-5-18,,,,,,,,,,,
2026-07-09T06:14:40.298450Z,4663,dc.scaffold.htb,Microsoft-Windows-Security-Auditing,Security,19763,0,"%%1537
				",0x10000,,,,,,,0x7c,,,,,,,,,,,,,C:\Windows\WinSxS\FileMaps\$$_system32_21f9a9c4a2f8b514.cdf-ms,Security,File,,,,0xd90,C:\Windows\System32\poqexec.exe,,S:AI,,SCAFFOLD,0x3e7,DC$,S-1-5-18,,,,,,,,,,,
2026-07-09T06:14:40.298454Z,4660,dc.scaffold.htb,Microsoft-Windows-Security-Auditing,Security,19764,0,,,,,,,,,0x7c,,,,,,,,,,,,,,Security,,,,,0xd90,C:\Windows\System32\poqexec.exe,,,,SCAFFOLD,0x3e7,DC$,S-1-5-18,,,,,,,,,09FDD45B-7B5D-11F1-992D-005056B98D90,,
2026-07-09T06:14:40.301378Z,4663,dc.scaffold.htb,Microsoft-Windows-Security-Auditing,Security,19765,0,"%%4417
				",0x2,,,,,,,0x1c48,,,,,,,,,,,,,C:\Windows\WinSxS\FileMaps,Security,File,,,,0xd90,C:\Windows\System32\poqexec.exe,,S:AI,,SCAFFOLD,0x3e7,DC$,S-1-5-18,,,,,,,,,,,
2026-07-09T06:14:40.301915Z,4663,dc.scaffold.htb,Microsoft-Windows-Security-Auditing,Security,19766,0,"%%1538
				",0x20000,,,,,,,0x74,,,,,,,,,,,,,C:\Windows\WinSxS\FileMaps,Security,File,,,,0xd90,C:\Windows\System32\poqexec.exe,,S:AI,,SCAFFOLD,0x3e7,DC$,S-1-5-18,,,,,,,,,,,
2026-07-09T06:14:40.302108Z,4663,dc.scaffold.htb,Microsoft-Windows-Security-Auditing,Security,19767,0,"%%1538
				",0x20000,,,,,,,0x74,,,,,,,,,,,,,C:\Windows\WinSxS\FileMaps,Security,File,,,,0xd90,C:\Windows\System32\poqexec.exe,,S:AI,,SCAFFOLD,0x3e7,DC$,S-1-5-18,,,,,,,,,,,
2026-07-09T06:14:40.302497Z,4663,dc.scaffold.htb,Microsoft-Windows-Security-Auditing,Security,19768,0,"%%1537
				",0x10000,,,,,,,0x7c,,,,,,,,,,,,,C:\Windows\WinSxS\FileMaps\$$_system32_spp_tokens_skus_serverstandard_58526071fb26db6f.cdf-ms,Security,File,,,,0xd90,C:\Windows\System32\poqexec.exe,,S:AI,,SCAFFOLD,0x3e7,DC$,S-1-5-18,,,,,,,,,,,
2026-07-09T06:14:40.302501Z,4660,dc.scaffold.htb,Microsoft-Windows-Security-Auditing,Security,19769,0,,,,,,,,,0x7c,,,,,,,,,,,,,,Security,,,,,0xd90,C:\Windows\System32\poqexec.exe,,,,SCAFFOLD,0x3e7,DC$,S-1-5-18,,,,,,,,,09FDD45B-7B5D-11F1-992D-005056B98D90,,
2026-07-09T06:14:40.304813Z,4663,dc.scaffold.htb,Microsoft-Windows-Security-Auditing,Security,19770,0,"%%4417
				",0x2,,,,,,,0x1ddc,,,,,,,,,,,,,C:\Windows\WinSxS\FileMaps,Security,File,,,,0xd90,C:\Windows\System32\poqexec.exe,,S:AI,,SCAFFOLD,0x3e7,DC$,S-1-5-18,,,,,,,,,,,
2026-07-09T06:14:40.305194Z,4663,dc.scaffold.htb,Microsoft-Windows-Security-Auditing,Security,19771,0,"%%1538
				",0x20000,,,,,,,0x70,,,,,,,,,,,,,C:\Windows\WinSxS\FileMaps,Security,File,,,,0xd90,C:\Windows\System32\poqexec.exe,,S:AI,,SCAFFOLD,0x3e7,DC$,S-1-5-18,,,,,,,,,,,
2026-07-09T06:14:40.305570Z,4663,dc.scaffold.htb,Microsoft-Windows-Security-Auditing,Security,19772,0,"%%1537
				",0x10000,,,,,,,0x78,,,,,,,,,,,,,C:\Windows\WinSxS\FileMaps\$$_system32_licenses_neutral_volume_serverstandard_11fdec7b02bee9f5.cdf-ms,Security,File,,,,0xd90,C:\Windows\System32\poqexec.exe,,S:AI,,SCAFFOLD,0x3e7,DC$,S-1-5-18,,,,,,,,,,,
2026-07-09T06:14:40.305573Z,4660,dc.scaffold.htb,Microsoft-Windows-Security-Auditing,Security,19773,0,,,,,,,,,0x78,,,,,,,,,,,,,,Security,,,,,0xd90,C:\Windows\System32\poqexec.exe,,,,SCAFFOLD,0x3e7,DC$,S-1-5-18,,,,,,,,,09FDD45B-7B5D-11F1-992D-005056B98D90,,
2026-07-09T06:14:40.308331Z,4663,dc.scaffold.htb,Microsoft-Windows-Security-Auditing,Security,19774,0,"%%4417
				",0x2,,,,,,,0x1ddc,,,,,,,,,,,,,C:\Windows\WinSxS\FileMaps,Security,File,,,,0xd90,C:\Windows\System32\poqexec.exe,,S:AI,,SCAFFOLD,0x3e7,DC$,S-1-5-18,,,,,,,,,,,
2026-07-09T06:14:40.308709Z,4663,dc.scaffold.htb,Microsoft-Windows-Security-Auditing,Security,19775,0,"%%1538
				",0x20000,,,,,,,0x70,,,,,,,,,,,,,C:\Windows\WinSxS\FileMaps,Security,File,,,,0xd90,C:\Windows\System32\poqexec.exe,,S:AI,,SCAFFOLD,0x3e7,DC$,S-1-5-18,,,,,,,,,,,
2026-07-09T06:14:40.309101Z,4663,dc.scaffold.htb,Microsoft-Windows-Security-Auditing,Security,19776,0,"%%1537
				",0x10000,,,,,,,0x6c,,,,,,,,,,,,,C:\Windows\WinSxS\FileMaps\$$_system32_licenses_neutral_oem_serverstandard_b6dc9604873f8acc.cdf-ms,Security,File,,,,0xd90,C:\Windows\System32\poqexec.exe,,S:AI,,SCAFFOLD,0x3e7,DC$,S-1-5-18,,,,,,,,,,,
2026-07-09T06:14:40.309104Z,4660,dc.scaffold.htb,Microsoft-Windows-Security-Auditing,Security,19777,0,,,,,,,,,0x6c,,,,,,,,,,,,,,Security,,,,,0xd90,C:\Windows\System32\poqexec.exe,,,,SCAFFOLD,0x3e7,DC$,S-1-5-18,,,,,,,,,09FDD45B-7B5D-11F1-992D-005056B98D90,,
2026-07-09T06:14:40.312195Z,4663,dc.scaffold.htb,Microsoft-Windows-Security-Auditing,Security,19778,0,"%%4417
				",0x2,,,,,,,0x1ddc,,,,,,,,,,,,,C:\Windows\WinSxS\FileMaps,Security,File,,,,0xd90,C:\Windows\System32\poqexec.exe,,S:AI,,SCAFFOLD,0x3e7,DC$,S-1-5-18,,,,,,,,,,,
2026-07-09T06:14:40.312638Z,4663,dc.scaffold.htb,Microsoft-Windows-Security-Auditing,Security,19779,0,"%%1538
				",0x20000,,,,,,,0x70,,,,,,,,,,,,,C:\Windows\WinSxS\FileMaps,Security,File,,,,0xd90,C:\Windows\System32\poqexec.exe,,S:AI,,SCAFFOLD,0x3e7,DC$,S-1-5-18,,,,,,,,,,,
2026-07-09T06:14:40.312964Z,4663,dc.scaffold.htb,Microsoft-Windows-Security-Auditing,Security,19780,0,"%%1537
				",0x10000,,,,,,,0x78,,,,,,,,,,,,,C:\Windows\WinSxS\FileMaps\$$_system32_licenses_neutral_eval_serverstandard_39a349a10b80718d.cdf-ms,Security,File,,,,0xd90,C:\Windows\System32\poqexec.exe,,S:AI,,SCAFFOLD,0x3e7,DC$,S-1-5-18,,,,,,,,,,,
2026-07-09T06:14:40.312968Z,4660,dc.scaffold.htb,Microsoft-Windows-Security-Auditing,Security,19781,0,,,,,,,,,0x78,,,,,,,,,,,,,,Security,,,,,0xd90,C:\Windows\System32\poqexec.exe,,,,SCAFFOLD,0x3e7,DC$,S-1-5-18,,,,,,,,,09FDD45B-7B5D-11F1-992D-005056B98D90,,
2026-07-09T06:14:40.315679Z,4663,dc.scaffold.htb,Microsoft-Windows-Security-Auditing,Security,19782,0,"%%4417
				",0x2,,,,,,,0x1ddc,,,,,,,,,,,,,C:\Windows\WinSxS\FileMaps,Security,File,,,,0xd90,C:\Windows\System32\poqexec.exe,,S:AI,,SCAFFOLD,0x3e7,DC$,S-1-5-18,,,,,,,,,,,
2026-07-09T06:14:40.316055Z,4663,dc.scaffold.htb,Microsoft-Windows-Security-Auditing,Security,19783,0,"%%1538
				",0x20000,,,,,,,0x70,,,,,,,,,,,,,C:\Windows\WinSxS\FileMaps,Security,File,,,,0xd90,C:\Windows\System32\poqexec.exe,,S:AI,,SCAFFOLD,0x3e7,DC$,S-1-5-18,,,,,,,,,,,
2026-07-09T06:14:40.316544Z,4663,dc.scaffold.htb,Microsoft-Windows-Security-Auditing,Security,19784,0,"%%1537
				",0x10000,,,,,,,0x80,,,,,,,,,,,,,C:\Windows\WinSxS\FileMaps\$$_system32_licenses_neutral_default_serverstandard_172b462500ff1265.cdf-ms,Security,File,,,,0xd90,C:\Windows\System32\poqexec.exe,,S:AI,,SCAFFOLD,0x3e7,DC$,S-1-5-18,,,,,,,,,,,
2026-07-09T06:14:40.316549Z,4660,dc.scaffold.htb,Microsoft-Windows-Security-Auditing,Security,19785,0,,,,,,,,,0x80,,,,,,,,,,,,,,Security,,,,,0xd90,C:\Windows\System32\poqexec.exe,,,,SCAFFOLD,0x3e7,DC$,S-1-5-18,,,,,,,,,09FDD45B-7B5D-11F1-992D-005056B98D90,,
2026-07-09T06:14:40.319377Z,4663,dc.scaffold.htb,Microsoft-Windows-Security-Auditing,Security,19786,0,"%%4417
				",0x2,,,,,,,0x1ddc,,,,,,,,,,,,,C:\Windows\WinSxS\FileMaps,Security,File,,,,0xd90,C:\Windows\System32\poqexec.exe,,S:AI,,SCAFFOLD,0x3e7,DC$,S-1-5-18,,,,,,,,,,,
2026-07-09T06:14:40.319897Z,4663,dc.scaffold.htb,Microsoft-Windows-Security-Auditing,Security,19787,0,"%%1538
				",0x20000,,,,,,,0x6c,,,,,,,,,,,,,C:\Windows\WinSxS\FileMaps,Security,File,,,,0xd90,C:\Windows\System32\poqexec.exe,,S:AI,,SCAFFOLD,0x3e7,DC$,S-1-5-18,,,,,,,,,,,
2026-07-09T06:14:40.320372Z,4663,dc.scaffold.htb,Microsoft-Windows-Security-Auditing,Security,19788,0,"%%1537
				",0x10000,,,,,,,0x78,,,,,,,,,,,,,C:\Windows\WinSxS\FileMaps\$$_system32_en-us_429cd25484dc6f94.cdf-ms,Security,File,,,,0xd90,C:\Windows\System32\poqexec.exe,,S:AI,,SCAFFOLD,0x3e7,DC$,S-1-5-18,,,,,,,,,,,
2026-07-09T06:14:40.320378Z,4660,dc.scaffold.htb,Microsoft-Windows-Security-Auditing,Security,19789,0,,,,,,,,,0x78,,,,,,,,,,,,,,Security,,,,,0xd90,C:\Windows\System32\poqexec.exe,,,,SCAFFOLD,0x3e7,DC$,S-1-5-18,,,,,,,,,09FDD45B-7B5D-11F1-992D-005056B98D90,,
2026-07-09T06:14:40.321890Z,4663,dc.scaffold.htb,Microsoft-Windows-Security-Auditing,Security,19790,0,"%%4417
				",0x2,,,,,,,0x1c48,,,,,,,,,,,,,C:\Windows\WinSxS\FileMaps,Security,File,,,,0xd90,C:\Windows\System32\poqexec.exe,,S:AI,,SCAFFOLD,0x3e7,DC$,S-1-5-18,,,,,,,,,,,
2026-07-09T06:14:40.322246Z,4663,dc.scaffold.htb,Microsoft-Windows-Security-Auditing,Security,19791,0,"%%1538
				",0x20000,,,,,,,0x80,,,,,,,,,,,,,C:\Windows\WinSxS\FileMaps,Security,File,,,,0xd90,C:\Windows\System32\poqexec.exe,,S:AI,,SCAFFOLD,0x3e7,DC$,S-1-5-18,,,,,,,,,,,
2026-07-09T06:14:40.322442Z,4663,dc.scaffold.htb,Microsoft-Windows-Security-Auditing,Security,19792,0,"%%1538
				",0x20000,,,,,,,0x80,,,,,,,,,,,,,C:\Windows\WinSxS\FileMaps,Security,File,,,,0xd90,C:\Windows\System32\poqexec.exe,,S:AI,,SCAFFOLD,0x3e7,DC$,S-1-5-18,,,,,,,,,,,
2026-07-09T06:14:40.322837Z,4663,dc.scaffold.htb,Microsoft-Windows-Security-Auditing,Security,19793,0,"%%1537
				",0x10000,,,,,,,0x74,,,,,,,,,,,,,C:\Windows\WinSxS\FileMaps\$$_system32_en-us_licenses_205e682c4ad0fe50.cdf-ms,Security,File,,,,0xd90,C:\Windows\System32\poqexec.exe,,S:AI,,SCAFFOLD,0x3e7,DC$,S-1-5-18,,,,,,,,,,,
2026-07-09T06:14:40.322842Z,4660,dc.scaffold.htb,Microsoft-Windows-Security-Auditing,Security,19794,0,,,,,,,,,0x74,,,,,,,,,,,,,,Security,,,,,0xd90,C:\Windows\System32\poqexec.exe,,,,SCAFFOLD,0x3e7,DC$,S-1-5-18,,,,,,,,,09FDD45B-7B5D-11F1-992D-005056B98D90,,
2026-07-09T06:14:40.324744Z,4663,dc.scaffold.htb,Microsoft-Windows-Security-Auditing,Security,19795,0,"%%4417
				",0x2,,,,,,,0x1ddc,,,,,,,,,,,,,C:\Windows\WinSxS\FileMaps,Security,File,,,,0xd90,C:\Windows\System32\poqexec.exe,,S:AI,,SCAFFOLD,0x3e7,DC$,S-1-5-18,,,,,,,,,,,
2026-07-09T06:14:40.325160Z,4663,dc.scaffold.htb,Microsoft-Windows-Security-Auditing,Security,19796,0,"%%1538
				",0x20000,,,,,,,0x78,,,,,,,,,,,,,C:\Windows\WinSxS\FileMaps,Security,File,,,,0xd90,C:\Windows\System32\poqexec.exe,,S:AI,,SCAFFOLD,0x3e7,DC$,S-1-5-18,,,,,,,,,,,
2026-07-09T06:14:40.325406Z,4663,dc.scaffold.htb,Microsoft-Windows-Security-Auditing,Security,19797,0,"%%1538
				",0x20000,,,,,,,0x78,,,,,,,,,,,,,C:\Windows\WinSxS\FileMaps,Security,File,,,,0xd90,C:\Windows\System32\poqexec.exe,,S:AI,,SCAFFOLD,0x3e7,DC$,S-1-5-18,,,,,,,,,,,
2026-07-09T06:14:40.325910Z,4663,dc.scaffold.htb,Microsoft-Windows-Security-Auditing,Security,19798,0,"%%1537
				",0x10000,,,,,,,0x6c,,,,,,,,,,,,,C:\Windows\WinSxS\FileMaps\$$_system32_en-us_licenses_volume_serverstandard_3d01ab29026c4f9c.cdf-ms,Security,File,,,,0xd90,C:\Windows\System32\poqexec.exe,,S:AI,,SCAFFOLD,0x3e7,DC$,S-1-5-18,,,,,,,,,,,
2026-07-09T06:14:40.325921Z,4660,dc.scaffold.htb,Microsoft-Windows-Security-Auditing,Security,19799,0,,,,,,,,,0x6c,,,,,,,,,,,,,,Security,,,,,0xd90,C:\Windows\System32\poqexec.exe,,,,SCAFFOLD,0x3e7,DC$,S-1-5-18,,,,,,,,,09FDD45B-7B5D-11F1-992D-005056B98D90,,
2026-07-09T06:14:40.328484Z,4663,dc.scaffold.htb,Microsoft-Windows-Security-Auditing,Security,19800,0,"%%4417
				",0x2,,,,,,,0x1ddc,,,,,,,,,,,,,C:\Windows\WinSxS\FileMaps,Security,File,,,,0xd90,C:\Windows\System32\poqexec.exe,,S:AI,,SCAFFOLD,0x3e7,DC$,S-1-5-18,,,,,,,,,,,
2026-07-09T06:14:40.329002Z,4663,dc.scaffold.htb,Microsoft-Windows-Security-Auditing,Security,19801,0,"%%1538
				",0x20000,,,,,,,0x78,,,,,,,,,,,,,C:\Windows\WinSxS\FileMaps,Security,File,,,,0xd90,C:\Windows\System32\poqexec.exe,,S:AI,,SCAFFOLD,0x3e7,DC$,S-1-5-18,,,,,,,,,,,
2026-07-09T06:14:40.329536Z,4663,dc.scaffold.htb,Microsoft-Windows-Security-Auditing,Security,19802,0,"%%1537
				",0x10000,,,,,,,0x80,,,,,,,,,,,,,C:\Windows\WinSxS\FileMaps\$$_system32_en-us_licenses_oem_serverstandard_5c5cb121121910f5.cdf-ms,Security,File,,,,0xd90,C:\Windows\System32\poqexec.exe,,S:AI,,SCAFFOLD,0x3e7,DC$,S-1-5-18,,,,,,,,,,,
2026-07-09T06:14:40.329594Z,4660,dc.scaffold.htb,Microsoft-Windows-Security-Auditing,Security,19803,0,,,,,,,,,0x80,,,,,,,,,,,,,,Security,,,,,0xd90,C:\Windows\System32\poqexec.exe,,,,SCAFFOLD,0x3e7,DC$,S-1-5-18,,,,,,,,,09FDD45B-7B5D-11F1-992D-005056B98D90,,
2026-07-09T06:14:40.333472Z,4663,dc.scaffold.htb,Microsoft-Windows-Security-Auditing,Security,19804,0,"%%4417
				",0x2,,,,,,,0x1ddc,,,,,,,,,,,,,C:\Windows\WinSxS\FileMaps,Security,File,,,,0xd90,C:\Windows\System32\poqexec.exe,,S:AI,,SCAFFOLD,0x3e7,DC$,S-1-5-18,,,,,,,,,,,
2026-07-09T06:14:40.333994Z,4663,dc.scaffold.htb,Microsoft-Windows-Security-Auditing,Security,19805,0,"%%1538
				",0x20000,,,,,,,0x74,,,,,,,,,,,,,C:\Windows\WinSxS\FileMaps,Security,File,,,,0xd90,C:\Windows\System32\poqexec.exe,,S:AI,,SCAFFOLD,0x3e7,DC$,S-1-5-18,,,,,,,,,,,
2026-07-09T06:14:40.334460Z,4663,dc.scaffold.htb,Microsoft-Windows-Security-Auditing,Security,19806,0,"%%1537
				",0x10000,,,,,,,0x70,,,,,,,,,,,,,C:\Windows\WinSxS\FileMaps\$$_system32_en-us_licenses_eval_serverstandard_4fdcbc4ae954a184.cdf-ms,Security,File,,,,0xd90,C:\Windows\System32\poqexec.exe,,S:AI,,SCAFFOLD,0x3e7,DC$,S-1-5-18,,,,,,,,,,,
2026-07-09T06:14:40.334477Z,4660,dc.scaffold.htb,Microsoft-Windows-Security-Auditing,Security,19807,0,,,,,,,,,0x70,,,,,,,,,,,,,,Security,,,,,0xd90,C:\Windows\System32\poqexec.exe,,,,SCAFFOLD,0x3e7,DC$,S-1-5-18,,,,,,,,,09FDD45B-7B5D-11F1-992D-005056B98D90,,
2026-07-09T06:14:40.337856Z,4663,dc.scaffold.htb,Microsoft-Windows-Security-Auditing,Security,19808,0,"%%4417
				",0x2,,,,,,,0x1ddc,,,,,,,,,,,,,C:\Windows\WinSxS\FileMaps,Security,File,,,,0xd90,C:\Windows\System32\poqexec.exe,,S:AI,,SCAFFOLD,0x3e7,DC$,S-1-5-18,,,,,,,,,,,
2026-07-09T06:14:40.338286Z,4663,dc.scaffold.htb,Microsoft-Windows-Security-Auditing,Security,19809,0,"%%1538
				",0x20000,,,,,,,0x74,,,,,,,,,,,,,C:\Windows\WinSxS\FileMaps,Security,File,,,,0xd90,C:\Windows\System32\poqexec.exe,,S:AI,,SCAFFOLD,0x3e7,DC$,S-1-5-18,,,,,,,,,,,
2026-07-09T06:14:40.338727Z,4663,dc.scaffold.htb,Microsoft-Windows-Security-Auditing,Security,19810,0,"%%1537
				",0x10000,,,,,,,0x78,,,,,,,,,,,,,C:\Windows\WinSxS\FileMaps\$$_system32_en-us_licenses_default_serverstandard_c537ec6379bc952e.cdf-ms,Security,File,,,,0xd90,C:\Windows\System32\poqexec.exe,,S:AI,,SCAFFOLD,0x3e7,DC$,S-1-5-18,,,,,,,,,,,
2026-07-09T06:14:40.338732Z,4660,dc.scaffold.htb,Microsoft-Windows-Security-Auditing,Security,19811,0,,,,,,,,,0x78,,,,,,,,,,,,,,Security,,,,,0xd90,C:\Windows\System32\poqexec.exe,,,,SCAFFOLD,0x3e7,DC$,S-1-5-18,,,,,,,,,09FDD45B-7B5D-11F1-992D-005056B98D90,,
2026-07-09T06:14:40.342014Z,4663,dc.scaffold.htb,Microsoft-Windows-Security-Auditing,Security,19812,0,"%%4417
				",0x2,,,,,,,0x1ddc,,,,,,,,,,,,,C:\Windows\WinSxS\FileMaps,Security,File,,,,0xd90,C:\Windows\System32\poqexec.exe,,S:AI,,SCAFFOLD,0x3e7,DC$,S-1-5-18,,,,,,,,,,,
2026-07-09T06:14:40.342506Z,4663,dc.scaffold.htb,Microsoft-Windows-Security-Auditing,Security,19813,0,"%%1538
				",0x20000,,,,,,,0x74,,,,,,,,,,,,,C:\Windows\WinSxS\FileMaps,Security,File,,,,0xd90,C:\Windows\System32\poqexec.exe,,S:AI,,SCAFFOLD,0x3e7,DC$,S-1-5-18,,,,,,,,,,,
2026-07-09T06:14:40.342927Z,4663,dc.scaffold.htb,Microsoft-Windows-Security-Auditing,Security,19814,0,"%%1537
				",0x10000,,,,,,,0x70,,,,,,,,,,,,,C:\Windows\WinSxS\FileMaps\$$_servicing_fc2045b9046cc796.cdf-ms,Security,File,,,,0xd90,C:\Windows\System32\poqexec.exe,,S:AI,,SCAFFOLD,0x3e7,DC$,S-1-5-18,,,,,,,,,,,
2026-07-09T06:14:40.342933Z,4660,dc.scaffold.htb,Microsoft-Windows-Security-Auditing,Security,19815,0,,,,,,,,,0x70,,,,,,,,,,,,,,Security,,,,,0xd90,C:\Windows\System32\poqexec.exe,,,,SCAFFOLD,0x3e7,DC$,S-1-5-18,,,,,,,,,09FDD45B-7B5D-11F1-992D-005056B98D90,,
2026-07-09T06:14:40.344651Z,4663,dc.scaffold.htb,Microsoft-Windows-Security-Auditing,Security,19816,0,"%%4417
				",0x2,,,,,,,0x1ddc,,,,,,,,,,,,,C:\Windows\WinSxS\FileMaps,Security,File,,,,0xd90,C:\Windows\System32\poqexec.exe,,S:AI,,SCAFFOLD,0x3e7,DC$,S-1-5-18,,,,,,,,,,,
2026-07-09T06:14:40.345004Z,4663,dc.scaffold.htb,Microsoft-Windows-Security-Auditing,Security,19817,0,"%%1538
				",0x20000,,,,,,,0x74,,,,,,,,,,,,,C:\Windows\WinSxS\FileMaps,Security,File,,,,0xd90,C:\Windows\System32\poqexec.exe,,S:AI,,SCAFFOLD,0x3e7,DC$,S-1-5-18,,,,,,,,,,,
2026-07-09T06:14:40.345212Z,4663,dc.scaffold.htb,Microsoft-Windows-Security-Auditing,Security,19818,0,"%%1538
				",0x20000,,,,,,,0x74,,,,,,,,,,,,,C:\Windows\WinSxS\FileMaps,Security,File,,,,0xd90,C:\Windows\System32\poqexec.exe,,S:AI,,SCAFFOLD,0x3e7,DC$,S-1-5-18,,,,,,,,,,,
2026-07-09T06:14:40.345647Z,4663,dc.scaffold.htb,Microsoft-Windows-Security-Auditing,Security,19819,0,"%%1537
				",0x10000,,,,,,,0x70,,,,,,,,,,,,,C:\Windows\WinSxS\FileMaps\$$_servicing_editions_596ea20ddafb9f7d.cdf-ms,Security,File,,,,0xd90,C:\Windows\System32\poqexec.exe,,S:AI,,SCAFFOLD,0x3e7,DC$,S-1-5-18,,,,,,,,,,,
2026-07-09T06:14:40.345653Z,4660,dc.scaffold.htb,Microsoft-Windows-Security-Auditing,Security,19820,0,,,,,,,,,0x70,,,,,,,,,,,,,,Security,,,,,0xd90,C:\Windows\System32\poqexec.exe,,,,SCAFFOLD,0x3e7,DC$,S-1-5-18,,,,,,,,,09FDD45B-7B5D-11F1-992D-005056B98D90,,
2026-07-09T06:14:40.347035Z,4663,dc.scaffold.htb,Microsoft-Windows-Security-Auditing,Security,19821,0,"%%4417
				",0x2,,,,,,,0x1ddc,,,,,,,,,,,,,C:\Windows\WinSxS\FileMaps,Security,File,,,,0xd90,C:\Windows\System32\poqexec.exe,,S:AI,,SCAFFOLD,0x3e7,DC$,S-1-5-18,,,,,,,,,,,
2026-07-09T06:14:40.347374Z,4663,dc.scaffold.htb,Microsoft-Windows-Security-Auditing,Security,19822,0,"%%1538
				",0x20000,,,,,,,0x74,,,,,,,,,,,,,C:\Windows\WinSxS\FileMaps,Security,File,,,,0xd90,C:\Windows\System32\poqexec.exe,,S:AI,,SCAFFOLD,0x3e7,DC$,S-1-5-18,,,,,,,,,,,
2026-07-09T06:14:40.347587Z,4663,dc.scaffold.htb,Microsoft-Windows-Security-Auditing,Security,19823,0,"%%1538
				",0x20000,,,,,,,0x74,,,,,,,,,,,,,C:\Windows\WinSxS\FileMaps,Security,File,,,,0xd90,C:\Windows\System32\poqexec.exe,,S:AI,,SCAFFOLD,0x3e7,DC$,S-1-5-18,,,,,,,,,,,
2026-07-09T06:14:40.348073Z,4663,dc.scaffold.htb,Microsoft-Windows-Security-Auditing,Security,19824,0,"%%1537
				",0x10000,,,,,,,0x7c,,,,,,,,,,,,,C:\Windows\WinSxS\FileMaps\programdata.cdf-ms,Security,File,,,,0xd90,C:\Windows\System32\poqexec.exe,,S:AI,,SCAFFOLD,0x3e7,DC$,S-1-5-18,,,,,,,,,,,
2026-07-09T06:14:40.348078Z,4660,dc.scaffold.htb,Microsoft-Windows-Security-Auditing,Security,19825,0,,,,,,,,,0x7c,,,,,,,,,,,,,,Security,,,,,0xd90,C:\Windows\System32\poqexec.exe,,,,SCAFFOLD,0x3e7,DC$,S-1-5-18,,,,,,,,,09FDD45B-7B5D-11F1-992D-005056B98D90,,
2026-07-09T06:14:40.350055Z,4663,dc.scaffold.htb,Microsoft-Windows-Security-Auditing,Security,19826,0,"%%4417
				",0x2,,,,,,,0x1ddc,,,,,,,,,,,,,C:\Windows\WinSxS\FileMaps,Security,File,,,,0xd90,C:\Windows\System32\poqexec.exe,,S:AI,,SCAFFOLD,0x3e7,DC$,S-1-5-18,,,,,,,,,,,
2026-07-09T06:14:40.350904Z,4663,dc.scaffold.htb,Microsoft-Windows-Security-Auditing,Security,19827,0,"%%1538
				",0x20000,,,,,,,0x70,,,,,,,,,,,,,C:\Windows\WinSxS\FileMaps,Security,File,,,,0xd90,C:\Windows\System32\poqexec.exe,,S:AI,,SCAFFOLD,0x3e7,DC$,S-1-5-18,,,,,,,,,,,
2026-07-09T06:14:40.350912Z,4663,dc.scaffold.htb,Microsoft-Windows-Security-Auditing,Security,19828,0,"%%1538
				",0x20000,,,,,,,0x70,,,,,,,,,,,,,C:\Windows\WinSxS\FileMaps,Security,File,,,,0xd90,C:\Windows\System32\poqexec.exe,,S:AI,,SCAFFOLD,0x3e7,DC$,S-1-5-18,,,,,,,,,,,
2026-07-09T06:14:40.351159Z,4663,dc.scaffold.htb,Microsoft-Windows-Security-Auditing,Security,19829,0,"%%1537
				",0x10000,,,,,,,0x74,,,,,,,,,,,,,C:\Windows\WinSxS\FileMaps\programdata_regid.1991-06.com.microsoft_51d60bf7e29fdcc5.cdf-ms,Security,File,,,,0xd90,C:\Windows\System32\poqexec.exe,,S:AI,,SCAFFOLD,0x3e7,DC$,S-1-5-18,,,,,,,,,,,
2026-07-09T06:14:40.351189Z,4660,dc.scaffold.htb,Microsoft-Windows-Security-Auditing,Security,19830,0,,,,,,,,,0x74,,,,,,,,,,,,,,Security,,,,,0xd90,C:\Windows\System32\poqexec.exe,,,,SCAFFOLD,0x3e7,DC$,S-1-5-18,,,,,,,,,09FDD45B-7B5D-11F1-992D-005056B98D90,,
2026-07-09T06:14:40.353006Z,4663,dc.scaffold.htb,Microsoft-Windows-Security-Auditing,Security,19831,0,"%%4417
				",0x2,,,,,,,0x1ddc,,,,,,,,,,,,,C:\Windows\WinSxS\FileMaps,Security,File,,,,0xd90,C:\Windows\System32\poqexec.exe,,S:AI,,SCAFFOLD,0x3e7,DC$,S-1-5-18,,,,,,,,,,,
2026-07-09T06:14:40.353352Z,4663,dc.scaffold.htb,Microsoft-Windows-Security-Auditing,Security,19832,0,"%%1538
				",0x20000,,,,,,,0x70,,,,,,,,,,,,,C:\Windows\WinSxS\FileMaps,Security,File,,,,0xd90,C:\Windows\System32\poqexec.exe,,S:AI,,SCAFFOLD,0x3e7,DC$,S-1-5-18,,,,,,,,,,,
2026-07-09T06:14:40.353547Z,4663,dc.scaffold.htb,Microsoft-Windows-Security-Auditing,Security,19833,0,"%%1538
				",0x20000,,,,,,,0x70,,,,,,,,,,,,,C:\Windows\WinSxS\FileMaps,Security,File,,,,0xd90,C:\Windows\System32\poqexec.exe,,S:AI,,SCAFFOLD,0x3e7,DC$,S-1-5-18,,,,,,,,,,,
2026-07-09T06:14:40.354073Z,4663,dc.scaffold.htb,Microsoft-Windows-Security-Auditing,Security,19834,0,"%%1537
				",0x10000,,,,,,,0x74,,,,,,,,,,,,,C:\Windows\servicing\Editions\EditionMappings.xml,Security,File,,,,0xd90,C:\Windows\System32\poqexec.exe,,S:AI,,SCAFFOLD,0x3e7,DC$,S-1-5-18,,,,,,,,,,,
2026-07-09T06:14:40.354148Z,4660,dc.scaffold.htb,Microsoft-Windows-Security-Auditing,Security,19835,0,,,,,,,,,0x74,,,,,,,,,,,,,,Security,,,,,0xd90,C:\Windows\System32\poqexec.exe,,,,SCAFFOLD,0x3e7,DC$,S-1-5-18,,,,,,,,,09FDD45B-7B5D-11F1-992D-005056B98D90,,
2026-07-09T06:14:40.356096Z,4663,dc.scaffold.htb,Microsoft-Windows-Security-Auditing,Security,19836,0,"%%1537
				",0x10000,,,,,,,0x74,,,,,,,,,,,,,C:\Windows\servicing\Editions\EditionMatrix.xml,Security,File,,,,0xd90,C:\Windows\System32\poqexec.exe,,S:AI,,SCAFFOLD,0x3e7,DC$,S-1-5-18,,,,,,,,,,,
2026-07-09T06:14:40.356100Z,4660,dc.scaffold.htb,Microsoft-Windows-Security-Auditing,Security,19837,0,,,,,,,,,0x74,,,,,,,,,,,,,,Security,,,,,0xd90,C:\Windows\System32\poqexec.exe,,,,SCAFFOLD,0x3e7,DC$,S-1-5-18,,,,,,,,,09FDD45B-7B5D-11F1-992D-005056B98D90,,
2026-07-09T06:14:40.358127Z,4663,dc.scaffold.htb,Microsoft-Windows-Security-Auditing,Security,19838,0,"%%1537
				",0x10000,,,,,,,0x74,,,,,,,,,,,,,C:\Windows\servicing\Editions\ServerDatacenterEdition.xml,Security,File,,,,0xd90,C:\Windows\System32\poqexec.exe,,S:AI,,SCAFFOLD,0x3e7,DC$,S-1-5-18,,,,,,,,,,,
2026-07-09T06:14:40.358132Z,4660,dc.scaffold.htb,Microsoft-Windows-Security-Auditing,Security,19839,0,,,,,,,,,0x74,,,,,,,,,,,,,,Security,,,,,0xd90,C:\Windows\System32\poqexec.exe,,,,SCAFFOLD,0x3e7,DC$,S-1-5-18,,,,,,,,,09FDD45B-7B5D-11F1-992D-005056B98D90,,
2026-07-09T06:14:40.361183Z,4663,dc.scaffold.htb,Microsoft-Windows-Security-Auditing,Security,19840,0,"%%1537
				",0x10000,,,,,,,0x74,,,,,,,,,,,,,C:\Windows\servicing\Editions\ServerStandardEdition.xml,Security,File,,,,0xd90,C:\Windows\System32\poqexec.exe,,S:AI,,SCAFFOLD,0x3e7,DC$,S-1-5-18,,,,,,,,,,,
2026-07-09T06:14:40.361188Z,4660,dc.scaffold.htb,Microsoft-Windows-Security-Auditing,Security,19841,0,,,,,,,,,0x74,,,,,,,,,,,,,,Security,,,,,0xd90,C:\Windows\System32\poqexec.exe,,,,SCAFFOLD,0x3e7,DC$,S-1-5-18,,,,,,,,,09FDD45B-7B5D-11F1-992D-005056B98D90,,
2026-07-09T06:14:40.361552Z,4663,dc.scaffold.htb,Microsoft-Windows-Security-Auditing,Security,19842,0,"%%1537
				",0x10000,,,,,,,0x74,,,,,,,,,,,,,C:\Windows\servicing\Editions\UpgradeMatrix.xml,Security,File,,,,0xd90,C:\Windows\System32\poqexec.exe,,S:AI,,SCAFFOLD,0x3e7,DC$,S-1-5-18,,,,,,,,,,,
2026-07-09T06:14:40.361557Z,4660,dc.scaffold.htb,Microsoft-Windows-Security-Auditing,Security,19843,0,,,,,,,,,0x74,,,,,,,,,,,,,,Security,,,,,0xd90,C:\Windows\System32\poqexec.exe,,,,SCAFFOLD,0x3e7,DC$,S-1-5-18,,,,,,,,,09FDD45B-7B5D-11F1-992D-005056B98D90,,
2026-07-09T06:14:40.366882Z,4663,dc.scaffold.htb,Microsoft-Windows-Security-Auditing,Security,19844,0,"%%1537
				",0x10000,,,,,,,0x6c,,,,,,,,,,,,,C:\Windows\System32\en-US\Licenses\_Default\ServerStandard\license.rtf,Security,File,,,,0xd90,C:\Windows\System32\poqexec.exe,,S:AI,,SCAFFOLD,0x3e7,DC$,S-1-5-18,,,,,,,,,,,
2026-07-09T06:14:40.367369Z,4660,dc.scaffold.htb,Microsoft-Windows-Security-Auditing,Security,19845,0,,,,,,,,,0x6c,,,,,,,,,,,,,,Security,,,,,0xd90,C:\Windows\System32\poqexec.exe,,,,SCAFFOLD,0x3e7,DC$,S-1-5-18,,,,,,,,,09FDD45B-7B5D-11F1-992D-005056B98D90,,
2026-07-09T06:14:40.370810Z,4663,dc.scaffold.htb,Microsoft-Windows-Security-Auditing,Security,19846,0,"%%1537
				",0x10000,,,,,,,0x70,,,,,,,,,,,,,C:\Windows\System32\en-US\Licenses\Eval\ServerStandard\license.rtf,Security,File,,,,0xd90,C:\Windows\System32\poqexec.exe,,S:AI,,SCAFFOLD,0x3e7,DC$,S-1-5-18,,,,,,,,,,,
2026-07-09T06:14:40.370863Z,4660,dc.scaffold.htb,Microsoft-Windows-Security-Auditing,Security,19847,0,,,,,,,,,0x70,,,,,,,,,,,,,,Security,,,,,0xd90,C:\Windows\System32\poqexec.exe,,,,SCAFFOLD,0x3e7,DC$,S-1-5-18,,,,,,,,,09FDD45B-7B5D-11F1-992D-005056B98D90,,
2026-07-09T06:14:40.374090Z,4663,dc.scaffold.htb,Microsoft-Windows-Security-Auditing,Security,19848,0,"%%1537
				",0x10000,,,,,,,0x74,,,,,,,,,,,,,C:\Windows\System32\en-US\Licenses\OEM\ServerStandard\license.rtf,Security,File,,,,0xd90,C:\Windows\System32\poqexec.exe,,S:AI,,SCAFFOLD,0x3e7,DC$,S-1-5-18,,,,,,,,,,,
2026-07-09T06:14:40.374146Z,4660,dc.scaffold.htb,Microsoft-Windows-Security-Auditing,Security,19849,0,,,,,,,,,0x74,,,,,,,,,,,,,,Security,,,,,0xd90,C:\Windows\System32\poqexec.exe,,,,SCAFFOLD,0x3e7,DC$,S-1-5-18,,,,,,,,,09FDD45B-7B5D-11F1-992D-005056B98D90,,
2026-07-09T06:14:40.378593Z,4663,dc.scaffold.htb,Microsoft-Windows-Security-Auditing,Security,19850,0,"%%1537
				",0x10000,,,,,,,0x6c,,,,,,,,,,,,,C:\Windows\System32\en-US\Licenses\Volume\ServerStandard\license.rtf,Security,File,,,,0xd90,C:\Windows\System32\poqexec.exe,,S:AI,,SCAFFOLD,0x3e7,DC$,S-1-5-18,,,,,,,,,,,
2026-07-09T06:14:40.378879Z,4660,dc.scaffold.htb,Microsoft-Windows-Security-Auditing,Security,19851,0,,,,,,,,,0x6c,,,,,,,,,,,,,,Security,,,,,0xd90,C:\Windows\System32\poqexec.exe,,,,SCAFFOLD,0x3e7,DC$,S-1-5-18,,,,,,,,,09FDD45B-7B5D-11F1-992D-005056B98D90,,
2026-07-09T06:14:40.383577Z,4663,dc.scaffold.htb,Microsoft-Windows-Security-Auditing,Security,19852,0,"%%1537
				",0x10000,,,,,,,0x70,,,,,,,,,,,,,C:\Windows\System32\Licenses\neutral\_Default\ServerStandard\license.rtf,Security,File,,,,0xd90,C:\Windows\System32\poqexec.exe,,S:AI,,SCAFFOLD,0x3e7,DC$,S-1-5-18,,,,,,,,,,,
2026-07-09T06:14:40.383905Z,4660,dc.scaffold.htb,Microsoft-Windows-Security-Auditing,Security,19853,0,,,,,,,,,0x70,,,,,,,,,,,,,,Security,,,,,0xd90,C:\Windows\System32\poqexec.exe,,,,SCAFFOLD,0x3e7,DC$,S-1-5-18,,,,,,,,,09FDD45B-7B5D-11F1-992D-005056B98D90,,
2026-07-09T06:14:40.387288Z,4663,dc.scaffold.htb,Microsoft-Windows-Security-Auditing,Security,19854,0,"%%1537
				",0x10000,,,,,,,0x74,,,,,,,,,,,,,C:\Windows\System32\Licenses\neutral\Eval\ServerStandard\license.rtf,Security,File,,,,0xd90,C:\Windows\System32\poqexec.exe,,S:AI,,SCAFFOLD,0x3e7,DC$,S-1-5-18,,,,,,,,,,,
2026-07-09T06:14:40.387658Z,4660,dc.scaffold.htb,Microsoft-Windows-Security-Auditing,Security,19855,0,,,,,,,,,0x74,,,,,,,,,,,,,,Security,,,,,0xd90,C:\Windows\System32\poqexec.exe,,,,SCAFFOLD,0x3e7,DC$,S-1-5-18,,,,,,,,,09FDD45B-7B5D-11F1-992D-005056B98D90,,
2026-07-09T06:14:40.391302Z,4663,dc.scaffold.htb,Microsoft-Windows-Security-Auditing,Security,19856,0,"%%1537
				",0x10000,,,,,,,0x6c,,,,,,,,,,,,,C:\Windows\System32\Licenses\neutral\OEM\ServerStandard\license.rtf,Security,File,,,,0xd90,C:\Windows\System32\poqexec.exe,,S:AI,,SCAFFOLD,0x3e7,DC$,S-1-5-18,,,,,,,,,,,
2026-07-09T06:14:40.391589Z,4660,dc.scaffold.htb,Microsoft-Windows-Security-Auditing,Security,19857,0,,,,,,,,,0x6c,,,,,,,,,,,,,,Security,,,,,0xd90,C:\Windows\System32\poqexec.exe,,,,SCAFFOLD,0x3e7,DC$,S-1-5-18,,,,,,,,,09FDD45B-7B5D-11F1-992D-005056B98D90,,
2026-07-09T06:14:40.397086Z,4663,dc.scaffold.htb,Microsoft-Windows-Security-Auditing,Security,19858,0,"%%1537
				",0x10000,,,,,,,0x78,,,,,,,,,,,,,C:\Windows\System32\Licenses\neutral\Volume\ServerStandard\license.rtf,Security,File,,,,0xd90,C:\Windows\System32\poqexec.exe,,S:AI,,SCAFFOLD,0x3e7,DC$,S-1-5-18,,,,,,,,,,,
2026-07-09T06:14:40.397140Z,4660,dc.scaffold.htb,Microsoft-Windows-Security-Auditing,Security,19859,0,,,,,,,,,0x78,,,,,,,,,,,,,,Security,,,,,0xd90,C:\Windows\System32\poqexec.exe,,,,SCAFFOLD,0x3e7,DC$,S-1-5-18,,,,,,,,,09FDD45B-7B5D-11F1-992D-005056B98D90,,
2026-07-09T06:14:40.438654Z,4663,dc.scaffold.htb,Microsoft-Windows-Security-Auditing,Security,19860,0,"%%1537
				",0x10000,,,,,,,0x7c,,,,,,,,,,,,,C:\Windows\System32\spp\tokens\skus\ServerStandard\DefaultPpd-ServerStandard-ppdlic.xrm-ms,Security,File,,,,0xd90,C:\Windows\System32\poqexec.exe,,S:AI,,SCAFFOLD,0x3e7,DC$,S-1-5-18,,,,,,,,,,,
2026-07-09T06:14:40.439362Z,4660,dc.scaffold.htb,Microsoft-Windows-Security-Auditing,Security,19861,0,,,,,,,,,0x7c,,,,,,,,,,,,,,Security,,,,,0xd90,C:\Windows\System32\poqexec.exe,,,,SCAFFOLD,0x3e7,DC$,S-1-5-18,,,,,,,,,09FDD45B-7B5D-11F1-992D-005056B98D90,,
2026-07-09T06:14:40.439749Z,4663,dc.scaffold.htb,Microsoft-Windows-Security-Auditing,Security,19862,0,"%%1537
				",0x10000,,,,,,,0x7c,,,,,,,,,,,,,C:\Windows\System32\spp\tokens\skus\ServerStandard\ServerStandard-OEM-DM-1-pl-rtm.xrm-ms,Security,File,,,,0xd90,C:\Windows\System32\poqexec.exe,,S:AI,,SCAFFOLD,0x3e7,DC$,S-1-5-18,,,,,,,,,,,
2026-07-09T06:14:40.439753Z,4660,dc.scaffold.htb,Microsoft-Windows-Security-Auditing,Security,19863,0,,,,,,,,,0x7c,,,,,,,,,,,,,,Security,,,,,0xd90,C:\Windows\System32\poqexec.exe,,,,SCAFFOLD,0x3e7,DC$,S-1-5-18,,,,,,,,,09FDD45B-7B5D-11F1-992D-005056B98D90,,
2026-07-09T06:14:40.440079Z,4663,dc.scaffold.htb,Microsoft-Windows-Security-Auditing,Security,19864,0,"%%1537
				",0x10000,,,,,,,0x7c,,,,,,,,,,,,,C:\Windows\System32\spp\tokens\skus\ServerStandard\ServerStandard-OEM-DM-1-ul-oob-rtm.xrm-ms,Security,File,,,,0xd90,C:\Windows\System32\poqexec.exe,,S:AI,,SCAFFOLD,0x3e7,DC$,S-1-5-18,,,,,,,,,,,
2026-07-09T06:14:40.440091Z,4660,dc.scaffold.htb,Microsoft-Windows-Security-Auditing,Security,19865,0,,,,,,,,,0x7c,,,,,,,,,,,,,,Security,,,,,0xd90,C:\Windows\System32\poqexec.exe,,,,SCAFFOLD,0x3e7,DC$,S-1-5-18,,,,,,,,,09FDD45B-7B5D-11F1-992D-005056B98D90,,
2026-07-09T06:14:40.440417Z,4663,dc.scaffold.htb,Microsoft-Windows-Security-Auditing,Security,19866,0,"%%1537
				",0x10000,,,,,,,0x7c,,,,,,,,,,,,,C:\Windows\System32\spp\tokens\skus\ServerStandard\ServerStandard-OEM-DM-1-ul-phn-rtm.xrm-ms,Security,File,,,,0xd90,C:\Windows\System32\poqexec.exe,,S:AI,,SCAFFOLD,0x3e7,DC$,S-1-5-18,,,,,,,,,,,
2026-07-09T06:14:40.440422Z,4660,dc.scaffold.htb,Microsoft-Windows-Security-Auditing,Security,19867,0,,,,,,,,,0x7c,,,,,,,,,,,,,,Security,,,,,0xd90,C:\Windows\System32\poqexec.exe,,,,SCAFFOLD,0x3e7,DC$,S-1-5-18,,,,,,,,,09FDD45B-7B5D-11F1-992D-005056B98D90,,
2026-07-09T06:14:40.440743Z,4663,dc.scaffold.htb,Microsoft-Windows-Security-Auditing,Security,19868,0,"%%1537
				",0x10000,,,,,,,0x7c,,,,,,,,,,,,,C:\Windows\System32\spp\tokens\skus\ServerStandard\ServerStandard-OEM-DM-1-ul-store-rtm.xrm-ms,Security,File,,,,0xd90,C:\Windows\System32\poqexec.exe,,S:AI,,SCAFFOLD,0x3e7,DC$,S-1-5-18,,,,,,,,,,,
2026-07-09T06:14:40.440760Z,4660,dc.scaffold.htb,Microsoft-Windows-Security-Auditing,Security,19869,0,,,,,,,,,0x7c,,,,,,,,,,,,,,Security,,,,,0xd90,C:\Windows\System32\poqexec.exe,,,,SCAFFOLD,0x3e7,DC$,S-1-5-18,,,,,,,,,09FDD45B-7B5D-11F1-992D-005056B98D90,,
2026-07-09T06:14:40.441065Z,4663,dc.scaffold.htb,Microsoft-Windows-Security-Auditing,Security,19870,0,"%%1537
				",0x10000,,,,,,,0x7c,,,,,,,,,,,,,C:\Windows\System32\spp\tokens\skus\ServerStandard\ServerStandard-OEM-DM-2-pl-rtm.xrm-ms,Security,File,,,,0xd90,C:\Windows\System32\poqexec.exe,,S:AI,,SCAFFOLD,0x3e7,DC$,S-1-5-18,,,,,,,,,,,
2026-07-09T06:14:40.441077Z,4660,dc.scaffold.htb,Microsoft-Windows-Security-Auditing,Security,19871,0,,,,,,,,,0x7c,,,,,,,,,,,,,,Security,,,,,0xd90,C:\Windows\System32\poqexec.exe,,,,SCAFFOLD,0x3e7,DC$,S-1-5-18,,,,,,,,,09FDD45B-7B5D-11F1-992D-005056B98D90,,
2026-07-09T06:14:40.441398Z,4663,dc.scaffold.htb,Microsoft-Windows-Security-Auditing,Security,19872,0,"%%1537
				",0x10000,,,,,,,0x7c,,,,,,,,,,,,,C:\Windows\System32\spp\tokens\skus\ServerStandard\ServerStandard-OEM-DM-2-ul-oob-rtm.xrm-ms,Security,File,,,,0xd90,C:\Windows\System32\poqexec.exe,,S:AI,,SCAFFOLD,0x3e7,DC$,S-1-5-18,,,,,,,,,,,
2026-07-09T06:14:40.441409Z,4660,dc.scaffold.htb,Microsoft-Windows-Security-Auditing,Security,19873,0,,,,,,,,,0x7c,,,,,,,,,,,,,,Security,,,,,0xd90,C:\Windows\System32\poqexec.exe,,,,SCAFFOLD,0x3e7,DC$,S-1-5-18,,,,,,,,,09FDD45B-7B5D-11F1-992D-005056B98D90,,
2026-07-09T06:14:40.441975Z,4663,dc.scaffold.htb,Microsoft-Windows-Security-Auditing,Security,19874,0,"%%1537
				",0x10000,,,,,,,0x80,,,,,,,,,,,,,C:\Windows\System32\spp\tokens\skus\ServerStandard\ServerStandard-OEM-DM-2-ul-phn-rtm.xrm-ms,Security,File,,,,0xd90,C:\Windows\System32\poqexec.exe,,S:AI,,SCAFFOLD,0x3e7,DC$,S-1-5-18,,,,,,,,,,,
2026-07-09T06:14:40.442001Z,4660,dc.scaffold.htb,Microsoft-Windows-Security-Auditing,Security,19875,0,,,,,,,,,0x80,,,,,,,,,,,,,,Security,,,,,0xd90,C:\Windows\System32\poqexec.exe,,,,SCAFFOLD,0x3e7,DC$,S-1-5-18,,,,,,,,,09FDD45B-7B5D-11F1-992D-005056B98D90,,
2026-07-09T06:14:40.442475Z,4663,dc.scaffold.htb,Microsoft-Windows-Security-Auditing,Security,19876,0,"%%1537
				",0x10000,,,,,,,0x78,,,,,,,,,,,,,C:\Windows\System32\spp\tokens\skus\ServerStandard\ServerStandard-OEM-DM-2-ul-store-rtm.xrm-ms,Security,File,,,,0xd90,C:\Windows\System32\poqexec.exe,,S:AI,,SCAFFOLD,0x3e7,DC$,S-1-5-18,,,,,,,,,,,
2026-07-09T06:14:40.442479Z,4660,dc.scaffold.htb,Microsoft-Windows-Security-Auditing,Security,19877,0,,,,,,,,,0x78,,,,,,,,,,,,,,Security,,,,,0xd90,C:\Windows\System32\poqexec.exe,,,,SCAFFOLD,0x3e7,DC$,S-1-5-18,,,,,,,,,09FDD45B-7B5D-11F1-992D-005056B98D90,,
2026-07-09T06:14:40.442806Z,4663,dc.scaffold.htb,Microsoft-Windows-Security-Auditing,Security,19878,0,"%%1537
				",0x10000,,,,,,,0x78,,,,,,,,,,,,,C:\Windows\System32\spp\tokens\skus\ServerStandard\ServerStandard-OEM-NONSLP-1-pl-rtm.xrm-ms,Security,File,,,,0xd90,C:\Windows\System32\poqexec.exe,,S:AI,,SCAFFOLD,0x3e7,DC$,S-1-5-18,,,,,,,,,,,
2026-07-09T06:14:40.442817Z,4660,dc.scaffold.htb,Microsoft-Windows-Security-Auditing,Security,19879,0,,,,,,,,,0x78,,,,,,,,,,,,,,Security,,,,,0xd90,C:\Windows\System32\poqexec.exe,,,,SCAFFOLD,0x3e7,DC$,S-1-5-18,,,,,,,,,09FDD45B-7B5D-11F1-992D-005056B98D90,,
2026-07-09T06:14:40.443131Z,4663,dc.scaffold.htb,Microsoft-Windows-Security-Auditing,Security,19880,0,"%%1537
				",0x10000,,,,,,,0x78,,,,,,,,,,,,,C:\Windows\System32\spp\tokens\skus\ServerStandard\ServerStandard-OEM-NONSLP-1-ul-oob-rtm.xrm-ms,Security,File,,,,0xd90,C:\Windows\System32\poqexec.exe,,S:AI,,SCAFFOLD,0x3e7,DC$,S-1-5-18,,,,,,,,,,,
2026-07-09T06:14:40.443147Z,4660,dc.scaffold.htb,Microsoft-Windows-Security-Auditing,Security,19881,0,,,,,,,,,0x78,,,,,,,,,,,,,,Security,,,,,0xd90,C:\Windows\System32\poqexec.exe,,,,SCAFFOLD,0x3e7,DC$,S-1-5-18,,,,,,,,,09FDD45B-7B5D-11F1-992D-005056B98D90,,
2026-07-09T06:14:40.443477Z,4663,dc.scaffold.htb,Microsoft-Windows-Security-Auditing,Security,19882,0,"%%1537
				",0x10000,,,,,,,0x78,,,,,,,,,,,,,C:\Windows\System32\spp\tokens\skus\ServerStandard\ServerStandard-OEM-NONSLP-1-ul-phn-rtm.xrm-ms,Security,File,,,,0xd90,C:\Windows\System32\poqexec.exe,,S:AI,,SCAFFOLD,0x3e7,DC$,S-1-5-18,,,,,,,,,,,
2026-07-09T06:14:40.443498Z,4660,dc.scaffold.htb,Microsoft-Windows-Security-Auditing,Security,19883,0,,,,,,,,,0x78,,,,,,,,,,,,,,Security,,,,,0xd90,C:\Windows\System32\poqexec.exe,,,,SCAFFOLD,0x3e7,DC$,S-1-5-18,,,,,,,,,09FDD45B-7B5D-11F1-992D-005056B98D90,,
2026-07-09T06:14:40.443799Z,4663,dc.scaffold.htb,Microsoft-Windows-Security-Auditing,Security,19884,0,"%%1537
				",0x10000,,,,,,,0x78,,,,,,,,,,,,,C:\Windows\System32\spp\tokens\skus\ServerStandard\ServerStandard-OEM-NONSLP-1-ul-store-rtm.xrm-ms,Security,File,,,,0xd90,C:\Windows\System32\poqexec.exe,,S:AI,,SCAFFOLD,0x3e7,DC$,S-1-5-18,,,,,,,,,,,
2026-07-09T06:14:40.443810Z,4660,dc.scaffold.htb,Microsoft-Windows-Security-Auditing,Security,19885,0,,,,,,,,,0x78,,,,,,,,,,,,,,Security,,,,,0xd90,C:\Windows\System32\poqexec.exe,,,,SCAFFOLD,0x3e7,DC$,S-1-5-18,,,,,,,,,09FDD45B-7B5D-11F1-992D-005056B98D90,,
2026-07-09T06:14:40.444117Z,4663,dc.scaffold.htb,Microsoft-Windows-Security-Auditing,Security,19886,0,"%%1537
				",0x10000,,,,,,,0x78,,,,,,,,,,,,,C:\Windows\System32\spp\tokens\skus\ServerStandard\ServerStandard-OEM-NONSLP-2-pl-rtm.xrm-ms,Security,File,,,,0xd90,C:\Windows\System32\poqexec.exe,,S:AI,,SCAFFOLD,0x3e7,DC$,S-1-5-18,,,,,,,,,,,
2026-07-09T06:14:40.444121Z,4660,dc.scaffold.htb,Microsoft-Windows-Security-Auditing,Security,19887,0,,,,,,,,,0x78,,,,,,,,,,,,,,Security,,,,,0xd90,C:\Windows\System32\poqexec.exe,,,,SCAFFOLD,0x3e7,DC$,S-1-5-18,,,,,,,,,09FDD45B-7B5D-11F1-992D-005056B98D90,,
2026-07-09T06:14:40.444432Z,4663,dc.scaffold.htb,Microsoft-Windows-Security-Auditing,Security,19888,0,"%%1537
				",0x10000,,,,,,,0x78,,,,,,,,,,,,,C:\Windows\System32\spp\tokens\skus\ServerStandard\ServerStandard-OEM-NONSLP-2-ul-oob-rtm.xrm-ms,Security,File,,,,0xd90,C:\Windows\System32\poqexec.exe,,S:AI,,SCAFFOLD,0x3e7,DC$,S-1-5-18,,,,,,,,,,,
