2026-09-02T00:09:07.700887Z,4663,dc.scaffold.htb,Microsoft-Windows-Security-Auditing,Security,20398,0,"%%4420
				",0x10,,,,,,,0x594,,,,,,,,,,,,,C:\Windows\WinSxS\amd64_smdiagnostics_b77a5c561934e089_4.0.15806.330_none_f1ecbfa16f4ffa66\SMDiagnostics.dll,Security,File,,,,0x13bc,C:\Windows\WinSxS\amd64_microsoft-windows-servicingstack_31bf3856ad364e35_10.0.20348.557_none_f1edaeb8515fa10d\TiWorker.exe,,S:AI,,SCAFFOLD,0x3e7,DC$,S-1-5-18,,,,,,,,,,,
2026-09-02T00:09:07.701288Z,4663,dc.scaffold.htb,Microsoft-Windows-Security-Auditing,Security,20399,0,"%%4420
				",0x10,,,,,,,0x594,,,,,,,,,,,,,C:\Windows\WinSxS\amd64_system.drawing_b03f5f7f11d50a3a_4.0.15806.280_none_e2ed99b0b0225c23\System.Drawing.dll,Security,File,,,,0x13bc,C:\Windows\WinSxS\amd64_microsoft-windows-servicingstack_31bf3856ad364e35_10.0.20348.557_none_f1edaeb8515fa10d\TiWorker.exe,,S:AI,,SCAFFOLD,0x3e7,DC$,S-1-5-18,,,,,,,,,,,
2026-09-02T00:09:07.701491Z,4663,dc.scaffold.htb,Microsoft-Windows-Security-Auditing,Security,20400,0,"%%4420
				",0x10,,,,,,,0x594,,,,,,,,,,,,,C:\Windows\WinSxS\amd64_system.servicemodel.activities_31bf3856ad364e35_4.0.15806.265_none_24b2982929c4c527\System.ServiceModel.Activities.dll,Security,File,,,,0x13bc,C:\Windows\WinSxS\amd64_microsoft-windows-servicingstack_31bf3856ad364e35_10.0.20348.557_none_f1edaeb8515fa10d\TiWorker.exe,,S:AI,,SCAFFOLD,0x3e7,DC$,S-1-5-18,,,,,,,,,,,
2026-09-02T00:09:07.701661Z,4663,dc.scaffold.htb,Microsoft-Windows-Security-Auditing,Security,20401,0,"%%4420
				",0x10,,,,,,,0x594,,,,,,,,,,,,,C:\Windows\WinSxS\amd64_netfx4-mscorsvw_exe_b03f5f7f11d50a3a_4.0.15806.265_none_7592d9a2f933907a\mscorsvw.exe,Security,File,,,,0x13bc,C:\Windows\WinSxS\amd64_microsoft-windows-servicingstack_31bf3856ad364e35_10.0.20348.557_none_f1edaeb8515fa10d\TiWorker.exe,,S:AI,,SCAFFOLD,0x3e7,DC$,S-1-5-18,,,,,,,,,,,
2026-09-02T00:09:07.701786Z,4663,dc.scaffold.htb,Microsoft-Windows-Security-Auditing,Security,20402,0,"%%4420
				",0x10,,,,,,,0x594,,,,,,,,,,,,,C:\Windows\WinSxS\amd64_system.web_b03f5f7f11d50a3a_4.0.15806.340_none_4a81faafd5d1bd0c\System.Web.dll,Security,File,,,,0x13bc,C:\Windows\WinSxS\amd64_microsoft-windows-servicingstack_31bf3856ad364e35_10.0.20348.557_none_f1edaeb8515fa10d\TiWorker.exe,,S:AI,,SCAFFOLD,0x3e7,DC$,S-1-5-18,,,,,,,,,,,
2026-09-02T00:09:07.702063Z,4663,dc.scaffold.htb,Microsoft-Windows-Security-Auditing,Security,20403,0,"%%4420
				",0x10,,,,,,,0x594,,,,,,,,,,,,,C:\Windows\WinSxS\amd64_system.security_b03f5f7f11d50a3a_4.0.15806.265_none_ef6679468d8a7672\System.Security.dll,Security,File,,,,0x13bc,C:\Windows\WinSxS\amd64_microsoft-windows-servicingstack_31bf3856ad364e35_10.0.20348.557_none_f1edaeb8515fa10d\TiWorker.exe,,S:AI,,SCAFFOLD,0x3e7,DC$,S-1-5-18,,,,,,,,,,,
2026-09-02T00:09:07.702196Z,4663,dc.scaffold.htb,Microsoft-Windows-Security-Auditing,Security,20404,0,"%%4420
				",0x10,,,,,,,0x594,,,,,,,,,,,,,C:\Windows\WinSxS\amd64_netfx4-servicemonikersupport_dll_b03f5f7f11d50a3a_4.0.15806.330_none_65dfc1caf273d2f6\ServiceMonikerSupport.dll,Security,File,,,,0x13bc,C:\Windows\WinSxS\amd64_microsoft-windows-servicingstack_31bf3856ad364e35_10.0.20348.557_none_f1edaeb8515fa10d\TiWorker.exe,,S:AI,,SCAFFOLD,0x3e7,DC$,S-1-5-18,,,,,,,,,,,
2026-09-02T00:09:07.702463Z,4663,dc.scaffold.htb,Microsoft-Windows-Security-Auditing,Security,20405,0,"%%4420
				",0x10,,,,,,,0x594,,,,,,,,,,,,,C:\Windows\WinSxS\x86_netfx4-mscorsvc_dll_b03f5f7f11d50a3a_4.0.15806.265_none_854e5dd40ca0fc76\mscorsvc.dll,Security,File,,,,0x13bc,C:\Windows\WinSxS\amd64_microsoft-windows-servicingstack_31bf3856ad364e35_10.0.20348.557_none_f1edaeb8515fa10d\TiWorker.exe,,S:AI,,SCAFFOLD,0x3e7,DC$,S-1-5-18,,,,,,,,,,,
2026-09-02T00:09:07.702695Z,4663,dc.scaffold.htb,Microsoft-Windows-Security-Auditing,Security,20406,0,"%%4420
				",0x10,,,,,,,0x594,,,,,,,,,,,,,C:\Windows\WinSxS\amd64_system.web.extensions_31bf3856ad364e35_4.0.15806.340_none_d0b968ffdcdce910\System.Web.Extensions.dll,Security,File,,,,0x13bc,C:\Windows\WinSxS\amd64_microsoft-windows-servicingstack_31bf3856ad364e35_10.0.20348.557_none_f1edaeb8515fa10d\TiWorker.exe,,S:AI,,SCAFFOLD,0x3e7,DC$,S-1-5-18,,,,,,,,,,,
2026-09-02T00:09:07.702875Z,4663,dc.scaffold.htb,Microsoft-Windows-Security-Auditing,Security,20407,0,"%%4420
				",0x10,,,,,,,0x594,,,,,,,,,,,,,C:\Windows\WinSxS\amd64_system.speech_31bf3856ad364e35_4.0.15806.265_none_5bb0cb8935757570\System.Speech.dll,Security,File,,,,0x13bc,C:\Windows\WinSxS\amd64_microsoft-windows-servicingstack_31bf3856ad364e35_10.0.20348.557_none_f1edaeb8515fa10d\TiWorker.exe,,S:AI,,SCAFFOLD,0x3e7,DC$,S-1-5-18,,,,,,,,,,,
2026-09-02T00:09:07.703014Z,4663,dc.scaffold.htb,Microsoft-Windows-Security-Auditing,Security,20408,0,"%%4420
				",0x10,,,,,,,0x594,,,,,,,,,,,,,C:\Windows\WinSxS\amd64_netfx4-aspnet_perf_dll_b03f5f7f11d50a3a_4.0.15806.340_none_18ed562f812e834b\Aspnet_perf.dll,Security,File,,,,0x13bc,C:\Windows\WinSxS\amd64_microsoft-windows-servicingstack_31bf3856ad364e35_10.0.20348.557_none_f1edaeb8515fa10d\TiWorker.exe,,S:AI,,SCAFFOLD,0x3e7,DC$,S-1-5-18,,,,,,,,,,,
2026-09-02T00:09:07.703155Z,4663,dc.scaffold.htb,Microsoft-Windows-Security-Auditing,Security,20409,0,"%%4420
				",0x10,,,,,,,0x594,,,,,,,,,,,,,C:\Windows\WinSxS\amd64_netfx4-mscorsvc_dll_b03f5f7f11d50a3a_4.0.15806.265_none_3da126fcf824d370\mscorsvc.dll,Security,File,,,,0x13bc,C:\Windows\WinSxS\amd64_microsoft-windows-servicingstack_31bf3856ad364e35_10.0.20348.557_none_f1edaeb8515fa10d\TiWorker.exe,,S:AI,,SCAFFOLD,0x3e7,DC$,S-1-5-18,,,,,,,,,,,
2026-09-02T00:09:07.703294Z,4663,dc.scaffold.htb,Microsoft-Windows-Security-Auditing,Security,20410,0,"%%4420
				",0x10,,,,,,,0x594,,,,,,,,,,,,,C:\Windows\WinSxS\x86_netfx4-ngentask_exe_b03f5f7f11d50a3a_4.0.15806.265_none_140ab4f951c3fb5d\ngentask.exe,Security,File,,,,0x13bc,C:\Windows\WinSxS\amd64_microsoft-windows-servicingstack_31bf3856ad364e35_10.0.20348.557_none_f1edaeb8515fa10d\TiWorker.exe,,S:AI,,SCAFFOLD,0x3e7,DC$,S-1-5-18,,,,,,,,,,,
2026-09-02T00:09:07.703499Z,4663,dc.scaffold.htb,Microsoft-Windows-Security-Auditing,Security,20411,0,"%%4420
				",0x10,,,,,,,0x594,,,,,,,,,,,,,C:\Windows\WinSxS\amd64_system.runtime.serialization_b77a5c561934e089_4.0.15806.330_none_55c067529f2befff\System.Runtime.Serialization.dll,Security,File,,,,0x13bc,C:\Windows\WinSxS\amd64_microsoft-windows-servicingstack_31bf3856ad364e35_10.0.20348.557_none_f1edaeb8515fa10d\TiWorker.exe,,S:AI,,SCAFFOLD,0x3e7,DC$,S-1-5-18,,,,,,,,,,,
2026-09-02T00:09:07.703677Z,4663,dc.scaffold.htb,Microsoft-Windows-Security-Auditing,Security,20412,0,"%%4420
				",0x10,,,,,,,0x594,,,,,,,,,,,,,C:\Windows\WinSxS\amd64_system.servicemodel_b77a5c561934e089_4.0.15806.330_none_f844bb7b49f3413b\System.ServiceModel.dll,Security,File,,,,0x13bc,C:\Windows\WinSxS\amd64_microsoft-windows-servicingstack_31bf3856ad364e35_10.0.20348.557_none_f1edaeb8515fa10d\TiWorker.exe,,S:AI,,SCAFFOLD,0x3e7,DC$,S-1-5-18,,,,,,,,,,,
2026-09-02T00:09:07.704289Z,4663,dc.scaffold.htb,Microsoft-Windows-Security-Auditing,Security,20413,0,"%%4420
				",0x10,,,,,,,0x594,,,,,,,,,,,,,C:\Windows\WinSxS\amd64_netfx4-ngen_exe_b03f5f7f11d50a3a_4.0.15806.265_none_ab57262aa89626cc\ngen.exe,Security,File,,,,0x13bc,C:\Windows\WinSxS\amd64_microsoft-windows-servicingstack_31bf3856ad364e35_10.0.20348.557_none_f1edaeb8515fa10d\TiWorker.exe,,S:AI,,SCAFFOLD,0x3e7,DC$,S-1-5-18,,,,,,,,,,,
2026-09-02T00:09:07.704873Z,4663,dc.scaffold.htb,Microsoft-Windows-Security-Auditing,Security,20414,0,"%%4420
				",0x10,,,,,,,0x594,,,,,,,,,,,,,C:\Windows\WinSxS\amd64_system.identitymodel_b77a5c561934e089_4.0.15806.330_none_70b4da5d035c5018\System.IdentityModel.dll,Security,File,,,,0x13bc,C:\Windows\WinSxS\amd64_microsoft-windows-servicingstack_31bf3856ad364e35_10.0.20348.557_none_f1edaeb8515fa10d\TiWorker.exe,,S:AI,,SCAFFOLD,0x3e7,DC$,S-1-5-18,,,,,,,,,,,
2026-09-02T00:09:07.705200Z,4663,dc.scaffold.htb,Microsoft-Windows-Security-Auditing,Security,20415,0,"%%4420
				",0x10,,,,,,,0x594,,,,,,,,,,,,,C:\Windows\WinSxS\x86_netfx4-aspnet_perf_dll_b03f5f7f11d50a3a_4.0.15806.340_none_609a8d0695aaac51\Aspnet_perf.dll,Security,File,,,,0x13bc,C:\Windows\WinSxS\amd64_microsoft-windows-servicingstack_31bf3856ad364e35_10.0.20348.557_none_f1edaeb8515fa10d\TiWorker.exe,,S:AI,,SCAFFOLD,0x3e7,DC$,S-1-5-18,,,,,,,,,,,
2026-09-02T00:09:07.710973Z,4663,dc.scaffold.htb,Microsoft-Windows-Security-Auditing,Security,20416,0,"%%4417
				",0x2,,,,,,,0x1ec0,,,,,,,,,,,,,C:\Windows\servicing\Sessions,Security,File,,,,0x13bc,C:\Windows\WinSxS\amd64_microsoft-windows-servicingstack_31bf3856ad364e35_10.0.20348.557_none_f1edaeb8515fa10d\TiWorker.exe,,S:AI,,SCAFFOLD,0x3e7,DC$,S-1-5-18,,,,,,,,,,,
2026-09-02T00:09:07.711327Z,4663,dc.scaffold.htb,Microsoft-Windows-Security-Auditing,Security,20417,0,"%%4417
				%%4418
				",0x6,,,,,,,0x83c,,,,,,,,,,,,,C:\Windows\servicing\Sessions\31275631_773991185.xml,Security,File,,,,0x13bc,C:\Windows\WinSxS\amd64_microsoft-windows-servicingstack_31bf3856ad364e35_10.0.20348.557_none_f1edaeb8515fa10d\TiWorker.exe,,,,SCAFFOLD,0x3e7,DC$,S-1-5-18,,,,,,,,,,,
2026-09-02T00:09:07.944827Z,4664,dc.scaffold.htb,Microsoft-Windows-Security-Auditing,Security,20418,0,,,,,,,C:\Windows\servicing\Packages\Package_1_for_KB5010475~31bf3856ad364e35~amd64~~10.0.4488.1.cat,,,,,,,C:\Windows\WinSxS\Temp\InFlight\fcd9e4456f3add014b040000bc13cc0c\fcd9e4456f3add014c040000bc13cc0c_catalog,,,,,,,,,,,,,,,,,,,SCAFFOLD,0x3e7,DC$,S-1-5-18,,,,,,,,,00000000-0000-0000-0000-000000000000,,
2026-09-02T00:09:07.945110Z,4663,dc.scaffold.htb,Microsoft-Windows-Security-Auditing,Security,20419,0,"%%1539
				%%1540
				",0xc0000,,,,,,,0x738,,,,,,,,,,,,,C:\Windows\WinSxS\Temp\InFlight\fcd9e4456f3add014b040000bc13cc0c\fcd9e4456f3add014c040000bc13cc0c_catalog,Security,File,,,,0x13bc,C:\Windows\WinSxS\amd64_microsoft-windows-servicingstack_31bf3856ad364e35_10.0.20348.557_none_f1edaeb8515fa10d\TiWorker.exe,,S:AI,,SCAFFOLD,0x3e7,DC$,S-1-5-18,,,,,,,,,,,
2026-09-02T00:09:07.945252Z,4670,dc.scaffold.htb,Microsoft-Windows-Security-Auditing,Security,20420,0,,,,,,,,,0x738,,,,,,,,,,D:PARAI(A;;FA;;;S-1-5-80-956008885-3418522649-1831038044-1853292631-2271478464)(A;;0x1200a9;;;BA)(A;;0x1200a9;;;SY)(A;;0x1200a9;;;BU)(A;;0x1200a9;;;AC)(A;;0x1200a9;;;S-1-15-2-2),,,C:\Windows\WinSxS\Temp\InFlight\fcd9e4456f3add014b040000bc13cc0c\fcd9e4456f3add014c040000bc13cc0c_catalog,Security,File,D:PAI(A;;FA;;;S-1-5-80-956008885-3418522649-1831038044-1853292631-2271478464)(A;;0x1200a9;;;SY)(A;;0x1200a9;;;BA)(A;;0x1200a9;;;BU)(A;;0x1200a9;;;AC)(A;;0x1200a9;;;S-1-15-2-2),,,0x13bc,C:\Windows\WinSxS\amd64_microsoft-windows-servicingstack_31bf3856ad364e35_10.0.20348.557_none_f1edaeb8515fa10d\TiWorker.exe,,,,SCAFFOLD,0x3e7,DC$,S-1-5-18,,,,,,,,,,,
2026-09-02T00:09:08.472185Z,4664,dc.scaffold.htb,Microsoft-Windows-Security-Auditing,Security,20421,0,,,,,,,C:\Windows\servicing\Packages\Package_2_for_KB5010475~31bf3856ad364e35~amd64~~10.0.4488.1.cat,,,,,,,C:\Windows\WinSxS\Temp\InFlight\764935466f3add0115050000bc13cc0c\764935466f3add0116050000bc13cc0c_catalog,,,,,,,,,,,,,,,,,,,SCAFFOLD,0x3e7,DC$,S-1-5-18,,,,,,,,,00000000-0000-0000-0000-000000000000,,
2026-09-02T00:09:08.472467Z,4663,dc.scaffold.htb,Microsoft-Windows-Security-Auditing,Security,20422,0,"%%1539
				%%1540
				",0xc0000,,,,,,,0x60c,,,,,,,,,,,,,C:\Windows\WinSxS\Temp\InFlight\764935466f3add0115050000bc13cc0c\764935466f3add0116050000bc13cc0c_catalog,Security,File,,,,0x13bc,C:\Windows\WinSxS\amd64_microsoft-windows-servicingstack_31bf3856ad364e35_10.0.20348.557_none_f1edaeb8515fa10d\TiWorker.exe,,S:AI,,SCAFFOLD,0x3e7,DC$,S-1-5-18,,,,,,,,,,,
2026-09-02T00:09:08.472569Z,4670,dc.scaffold.htb,Microsoft-Windows-Security-Auditing,Security,20423,0,,,,,,,,,0x60c,,,,,,,,,,D:PARAI(A;;FA;;;S-1-5-80-956008885-3418522649-1831038044-1853292631-2271478464)(A;;0x1200a9;;;BA)(A;;0x1200a9;;;SY)(A;;0x1200a9;;;BU)(A;;0x1200a9;;;AC)(A;;0x1200a9;;;S-1-15-2-2),,,C:\Windows\WinSxS\Temp\InFlight\764935466f3add0115050000bc13cc0c\764935466f3add0116050000bc13cc0c_catalog,Security,File,D:PAI(A;;FA;;;S-1-5-80-956008885-3418522649-1831038044-1853292631-2271478464)(A;;0x1200a9;;;SY)(A;;0x1200a9;;;BA)(A;;0x1200a9;;;BU)(A;;0x1200a9;;;AC)(A;;0x1200a9;;;S-1-15-2-2),,,0x13bc,C:\Windows\WinSxS\amd64_microsoft-windows-servicingstack_31bf3856ad364e35_10.0.20348.557_none_f1edaeb8515fa10d\TiWorker.exe,,,,SCAFFOLD,0x3e7,DC$,S-1-5-18,,,,,,,,,,,
2026-09-02T00:09:09.763541Z,4663,dc.scaffold.htb,Microsoft-Windows-Security-Auditing,Security,20424,0,"%%1538
				",0x20000,,,,,,,0xa50,,,,,,,,,,,,,C:\Windows\WinSxS\FileMaps\_0000000000000000.cdf-ms,Security,File,,,,0x13bc,C:\Windows\WinSxS\amd64_microsoft-windows-servicingstack_31bf3856ad364e35_10.0.20348.557_none_f1edaeb8515fa10d\TiWorker.exe,,S:AI,,SCAFFOLD,0x3e7,DC$,S-1-5-18,,,,,,,,,,,
2026-09-02T00:09:09.767437Z,4663,dc.scaffold.htb,Microsoft-Windows-Security-Auditing,Security,20425,0,"%%1538
				",0x20000,,,,,,,0xa54,,,,,,,,,,,,,C:\Windows\WinSxS\FileMaps\$$.cdf-ms,Security,File,,,,0x13bc,C:\Windows\WinSxS\amd64_microsoft-windows-servicingstack_31bf3856ad364e35_10.0.20348.557_none_f1edaeb8515fa10d\TiWorker.exe,,S:AI,,SCAFFOLD,0x3e7,DC$,S-1-5-18,,,,,,,,,,,
2026-09-02T00:09:09.772339Z,4663,dc.scaffold.htb,Microsoft-Windows-Security-Auditing,Security,20426,0,"%%1538
				",0x20000,,,,,,,0xa58,,,,,,,,,,,,,C:\Windows\WinSxS\FileMaps\$$_microsoft.net_3296b36dbe4c7fa3.cdf-ms,Security,File,,,,0x13bc,C:\Windows\WinSxS\amd64_microsoft-windows-servicingstack_31bf3856ad364e35_10.0.20348.557_none_f1edaeb8515fa10d\TiWorker.exe,,S:AI,,SCAFFOLD,0x3e7,DC$,S-1-5-18,,,,,,,,,,,
2026-09-02T00:09:09.775633Z,4663,dc.scaffold.htb,Microsoft-Windows-Security-Auditing,Security,20427,0,"%%1538
				",0x20000,,,,,,,0xa5c,,,,,,,,,,,,,C:\Windows\WinSxS\FileMaps\$$_microsoft.net_framework64_083d4e330e766c5d.cdf-ms,Security,File,,,,0x13bc,C:\Windows\WinSxS\amd64_microsoft-windows-servicingstack_31bf3856ad364e35_10.0.20348.557_none_f1edaeb8515fa10d\TiWorker.exe,,S:AI,,SCAFFOLD,0x3e7,DC$,S-1-5-18,,,,,,,,,,,
2026-09-02T00:09:09.787869Z,4663,dc.scaffold.htb,Microsoft-Windows-Security-Auditing,Security,20428,0,"%%1538
				",0x20000,,,,,,,0xa60,,,,,,,,,,,,,C:\Windows\WinSxS\FileMaps\$$_microsoft.net_framework64_v4.0.30319_46321ba736a30085.cdf-ms,Security,File,,,,0x13bc,C:\Windows\WinSxS\amd64_microsoft-windows-servicingstack_31bf3856ad364e35_10.0.20348.557_none_f1edaeb8515fa10d\TiWorker.exe,,S:AI,,SCAFFOLD,0x3e7,DC$,S-1-5-18,,,,,,,,,,,
2026-09-02T00:09:09.791696Z,4663,dc.scaffold.htb,Microsoft-Windows-Security-Auditing,Security,20429,0,"%%1538
				",0x20000,,,,,,,0xa64,,,,,,,,,,,,,C:\Windows\WinSxS\FileMaps\$$_microsoft.net_framework64_v4.0.30319_wpf_647a02df72a14032.cdf-ms,Security,File,,,,0x13bc,C:\Windows\WinSxS\amd64_microsoft-windows-servicingstack_31bf3856ad364e35_10.0.20348.557_none_f1edaeb8515fa10d\TiWorker.exe,,S:AI,,SCAFFOLD,0x3e7,DC$,S-1-5-18,,,,,,,,,,,
2026-09-02T00:09:09.793664Z,4663,dc.scaffold.htb,Microsoft-Windows-Security-Auditing,Security,20430,0,"%%1538
				",0x20000,,,,,,,0xa68,,,,,,,,,,,,,C:\Windows\WinSxS\FileMaps\$$_microsoft.net_framework64_v4.0.30319_wpf_fonts_0428e0346460ac4c.cdf-ms,Security,File,,,,0x13bc,C:\Windows\WinSxS\amd64_microsoft-windows-servicingstack_31bf3856ad364e35_10.0.20348.557_none_f1edaeb8515fa10d\TiWorker.exe,,S:AI,,SCAFFOLD,0x3e7,DC$,S-1-5-18,,,,,,,,,,,
2026-09-02T00:09:09.795004Z,4663,dc.scaffold.htb,Microsoft-Windows-Security-Auditing,Security,20431,0,"%%1538
				",0x20000,,,,,,,0xa6c,,,,,,,,,,,,,C:\Windows\WinSxS\FileMaps\$$_microsoft.net_framework64_v4.0.30319_wpf_en-us_0242687c673a608c.cdf-ms,Security,File,,,,0x13bc,C:\Windows\WinSxS\amd64_microsoft-windows-servicingstack_31bf3856ad364e35_10.0.20348.557_none_f1edaeb8515fa10d\TiWorker.exe,,S:AI,,SCAFFOLD,0x3e7,DC$,S-1-5-18,,,,,,,,,,,
2026-09-02T00:09:09.796320Z,4663,dc.scaffold.htb,Microsoft-Windows-Security-Auditing,Security,20432,0,"%%1538
				",0x20000,,,,,,,0xa78,,,,,,,,,,,,,C:\Windows\WinSxS\FileMaps\$$_microsoft.net_framework64_v4.0.30319_nativeimages_ae465c5139d1dacc.cdf-ms,Security,File,,,,0x13bc,C:\Windows\WinSxS\amd64_microsoft-windows-servicingstack_31bf3856ad364e35_10.0.20348.557_none_f1edaeb8515fa10d\TiWorker.exe,,S:AI,,SCAFFOLD,0x3e7,DC$,S-1-5-18,,,,,,,,,,,
2026-09-02T00:09:09.798061Z,4663,dc.scaffold.htb,Microsoft-Windows-Security-Auditing,Security,20433,0,"%%1538
				",0x20000,,,,,,,0xa7c,,,,,,,,,,,,,C:\Windows\WinSxS\FileMaps\$$_microsoft.net_framework_83386eac0379231b.cdf-ms,Security,File,,,,0x13bc,C:\Windows\WinSxS\amd64_microsoft-windows-servicingstack_31bf3856ad364e35_10.0.20348.557_none_f1edaeb8515fa10d\TiWorker.exe,,S:AI,,SCAFFOLD,0x3e7,DC$,S-1-5-18,,,,,,,,,,,
2026-09-02T00:09:09.808714Z,4663,dc.scaffold.htb,Microsoft-Windows-Security-Auditing,Security,20434,0,"%%1538
				",0x20000,,,,,,,0xa80,,,,,,,,,,,,,C:\Windows\WinSxS\FileMaps\$$_microsoft.net_framework_v4.0.30319_c40c7a995ddd757b.cdf-ms,Security,File,,,,0x13bc,C:\Windows\WinSxS\amd64_microsoft-windows-servicingstack_31bf3856ad364e35_10.0.20348.557_none_f1edaeb8515fa10d\TiWorker.exe,,S:AI,,SCAFFOLD,0x3e7,DC$,S-1-5-18,,,,,,,,,,,
2026-09-02T00:09:09.811698Z,4663,dc.scaffold.htb,Microsoft-Windows-Security-Auditing,Security,20435,0,"%%1538
				",0x20000,,,,,,,0x5a8,,,,,,,,,,,,,C:\Windows\WinSxS\FileMaps\$$_microsoft.net_framework_v4.0.30319_wpf_bc1339ef8efa3c4c.cdf-ms,Security,File,,,,0x13bc,C:\Windows\WinSxS\amd64_microsoft-windows-servicingstack_31bf3856ad364e35_10.0.20348.557_none_f1edaeb8515fa10d\TiWorker.exe,,S:AI,,SCAFFOLD,0x3e7,DC$,S-1-5-18,,,,,,,,,,,
2026-09-02T00:09:09.813294Z,4663,dc.scaffold.htb,Microsoft-Windows-Security-Auditing,Security,20436,0,"%%1538
				",0x20000,,,,,,,0xa88,,,,,,,,,,,,,C:\Windows\WinSxS\FileMaps\$$_microsoft.net_framework_v4.0.30319_wpf_fonts_dc62106d96619a3c.cdf-ms,Security,File,,,,0x13bc,C:\Windows\WinSxS\amd64_microsoft-windows-servicingstack_31bf3856ad364e35_10.0.20348.557_none_f1edaeb8515fa10d\TiWorker.exe,,S:AI,,SCAFFOLD,0x3e7,DC$,S-1-5-18,,,,,,,,,,,
2026-09-02T00:09:09.814600Z,4663,dc.scaffold.htb,Microsoft-Windows-Security-Auditing,Security,20437,0,"%%1538
				",0x20000,,,,,,,0xa84,,,,,,,,,,,,,C:\Windows\WinSxS\FileMaps\$$_microsoft.net_framework_v4.0.30319_wpf_en-us_dc5fd125966afabc.cdf-ms,Security,File,,,,0x13bc,C:\Windows\WinSxS\amd64_microsoft-windows-servicingstack_31bf3856ad364e35_10.0.20348.557_none_f1edaeb8515fa10d\TiWorker.exe,,S:AI,,SCAFFOLD,0x3e7,DC$,S-1-5-18,,,,,,,,,,,
2026-09-02T00:09:09.816267Z,4663,dc.scaffold.htb,Microsoft-Windows-Security-Auditing,Security,20438,0,"%%1538
				",0x20000,,,,,,,0xa88,,,,,,,,,,,,,C:\Windows\WinSxS\FileMaps\$$_microsoft.net_framework_v4.0.30319_nativeimages_7f83bd6ed8241f3a.cdf-ms,Security,File,,,,0x13bc,C:\Windows\WinSxS\amd64_microsoft-windows-servicingstack_31bf3856ad364e35_10.0.20348.557_none_f1edaeb8515fa10d\TiWorker.exe,,S:AI,,SCAFFOLD,0x3e7,DC$,S-1-5-18,,,,,,,,,,,
2026-09-02T00:09:09.818407Z,4663,dc.scaffold.htb,Microsoft-Windows-Security-Auditing,Security,20439,0,"%%1538
				",0x20000,,,,,,,0xa8c,,,,,,,,,,,,,C:\Windows\WinSxS\FileMaps\$$_microsoft.net_assembly_gac_msil_windowsbase_v4.0_4.0.0.0_31bf3856ad364e35_5764ca98829cd598.cdf-ms,Security,File,,,,0x13bc,C:\Windows\WinSxS\amd64_microsoft-windows-servicingstack_31bf3856ad364e35_10.0.20348.557_none_f1edaeb8515fa10d\TiWorker.exe,,S:AI,,SCAFFOLD,0x3e7,DC$,S-1-5-18,,,,,,,,,,,
2026-09-02T00:09:09.819709Z,4663,dc.scaffold.htb,Microsoft-Windows-Security-Auditing,Security,20440,0,"%%1538
				",0x20000,,,,,,,0xa90,,,,,,,,,,,,,C:\Windows\WinSxS\FileMaps\$$_microsoft.net_assembly_gac_msil_uiautomationtypes_v4.0_4.0.0.0_31bf3856ad364e35_1f12bec8f88f4450.cdf-ms,Security,File,,,,0x13bc,C:\Windows\WinSxS\amd64_microsoft-windows-servicingstack_31bf3856ad364e35_10.0.20348.557_none_f1edaeb8515fa10d\TiWorker.exe,,S:AI,,SCAFFOLD,0x3e7,DC$,S-1-5-18,,,,,,,,,,,
2026-09-02T00:09:09.820951Z,4663,dc.scaffold.htb,Microsoft-Windows-Security-Auditing,Security,20441,0,"%%1538
				",0x20000,,,,,,,0xa94,,,,,,,,,,,,,C:\Windows\WinSxS\FileMaps\$$_microsoft.net_assembly_gac_msil_uiautomationprovider_v4.0_4.0.0.0_31bf3856ad364e35_6bb637099f04ee2c.cdf-ms,Security,File,,,,0x13bc,C:\Windows\WinSxS\amd64_microsoft-windows-servicingstack_31bf3856ad364e35_10.0.20348.557_none_f1edaeb8515fa10d\TiWorker.exe,,S:AI,,SCAFFOLD,0x3e7,DC$,S-1-5-18,,,,,,,,,,,
2026-09-02T00:09:09.822936Z,4663,dc.scaffold.htb,Microsoft-Windows-Security-Auditing,Security,20442,0,"%%1538
				",0x20000,,,,,,,0xa98,,,,,,,,,,,,,C:\Windows\WinSxS\FileMaps\$$_microsoft.net_assembly_gac_msil_uiautomationclientsideproviders_v4.0_4.0.0.0_31bf3856ad364e35_6944991d7b306f0d.cdf-ms,Security,File,,,,0x13bc,C:\Windows\WinSxS\amd64_microsoft-windows-servicingstack_31bf3856ad364e35_10.0.20348.557_none_f1edaeb8515fa10d\TiWorker.exe,,S:AI,,SCAFFOLD,0x3e7,DC$,S-1-5-18,,,,,,,,,,,
2026-09-02T00:09:09.824331Z,4663,dc.scaffold.htb,Microsoft-Windows-Security-Auditing,Security,20443,0,"%%1538
				",0x20000,,,,,,,0xa9c,,,,,,,,,,,,,C:\Windows\WinSxS\FileMaps\$$_microsoft.net_assembly_gac_msil_uiautomationclient_v4.0_4.0.0.0_31bf3856ad364e35_35816ba0d06901c4.cdf-ms,Security,File,,,,0x13bc,C:\Windows\WinSxS\amd64_microsoft-windows-servicingstack_31bf3856ad364e35_10.0.20348.557_none_f1edaeb8515fa10d\TiWorker.exe,,S:AI,,SCAFFOLD,0x3e7,DC$,S-1-5-18,,,,,,,,,,,
2026-09-02T00:09:09.826686Z,4663,dc.scaffold.htb,Microsoft-Windows-Security-Auditing,Security,20444,0,"%%1538
				",0x20000,,,,,,,0xaa0,,,,,,,,,,,,,C:\Windows\WinSxS\FileMaps\$$_microsoft.net_assembly_gac_msil_system.xaml_v4.0_4.0.0.0_b77a5c561934e089_6747aba031bff5b1.cdf-ms,Security,File,,,,0x13bc,C:\Windows\WinSxS\amd64_microsoft-windows-servicingstack_31bf3856ad364e35_10.0.20348.557_none_f1edaeb8515fa10d\TiWorker.exe,,S:AI,,SCAFFOLD,0x3e7,DC$,S-1-5-18,,,,,,,,,,,
2026-09-02T00:09:09.828410Z,4663,dc.scaffold.htb,Microsoft-Windows-Security-Auditing,Security,20445,0,"%%1538
				",0x20000,,,,,,,0xaa4,,,,,,,,,,,,,C:\Windows\WinSxS\FileMaps\$$_microsoft.net_assembly_gac_msil_system.windows.forms_v4.0_4.0.0.0_b77a5c561934e089_7780f78ea9286b2d.cdf-ms,Security,File,,,,0x13bc,C:\Windows\WinSxS\amd64_microsoft-windows-servicingstack_31bf3856ad364e35_10.0.20348.557_none_f1edaeb8515fa10d\TiWorker.exe,,S:AI,,SCAFFOLD,0x3e7,DC$,S-1-5-18,,,,,,,,,,,
2026-09-02T00:09:09.830387Z,4663,dc.scaffold.htb,Microsoft-Windows-Security-Auditing,Security,20446,0,"%%1538
				",0x20000,,,,,,,0xaa8,,,,,,,,,,,,,C:\Windows\WinSxS\FileMaps\$$_microsoft.net_assembly_gac_msil_system.windows.controls.ribbon_v4.0_4.0.0.0_b77a5c561934e089_f0c023acb7bafe74.cdf-ms,Security,File,,,,0x13bc,C:\Windows\WinSxS\amd64_microsoft-windows-servicingstack_31bf3856ad364e35_10.0.20348.557_none_f1edaeb8515fa10d\TiWorker.exe,,S:AI,,SCAFFOLD,0x3e7,DC$,S-1-5-18,,,,,,,,,,,
2026-09-02T00:09:09.832351Z,4663,dc.scaffold.htb,Microsoft-Windows-Security-Auditing,Security,20447,0,"%%1538
				",0x20000,,,,,,,0xaac,,,,,,,,,,,,,C:\Windows\WinSxS\FileMaps\$$_microsoft.net_assembly_gac_msil_system.core_v4.0_4.0.0.0_b77a5c561934e089_18d3047bb5729e36.cdf-ms,Security,File,,,,0x13bc,C:\Windows\WinSxS\amd64_microsoft-windows-servicingstack_31bf3856ad364e35_10.0.20348.557_none_f1edaeb8515fa10d\TiWorker.exe,,S:AI,,SCAFFOLD,0x3e7,DC$,S-1-5-18,,,,,,,,,,,
2026-09-02T00:09:09.834105Z,4663,dc.scaffold.htb,Microsoft-Windows-Security-Auditing,Security,20448,0,"%%1538
				",0x20000,,,,,,,0xab0,,,,,,,,,,,,,C:\Windows\WinSxS\FileMaps\$$_microsoft.net_assembly_gac_msil_system_v4.0_4.0.0.0_b77a5c561934e089_4348a29e5981af79.cdf-ms,Security,File,,,,0x13bc,C:\Windows\WinSxS\amd64_microsoft-windows-servicingstack_31bf3856ad364e35_10.0.20348.557_none_f1edaeb8515fa10d\TiWorker.exe,,S:AI,,SCAFFOLD,0x3e7,DC$,S-1-5-18,,,,,,,,,,,
2026-09-02T00:09:09.836143Z,4663,dc.scaffold.htb,Microsoft-Windows-Security-Auditing,Security,20449,0,"%%1538
				",0x20000,,,,,,,0xab4,,,,,,,,,,,,,C:\Windows\WinSxS\FileMaps\$$_microsoft.net_assembly_gac_msil_presentationframework-systemdata_v4.0_4.0.0.0_b77a5c561934e089_89b90455552a8828.cdf-ms,Security,File,,,,0x13bc,C:\Windows\WinSxS\amd64_microsoft-windows-servicingstack_31bf3856ad364e35_10.0.20348.557_none_f1edaeb8515fa10d\TiWorker.exe,,S:AI,,SCAFFOLD,0x3e7,DC$,S-1-5-18,,,,,,,,,,,
2026-09-02T00:09:09.837926Z,4663,dc.scaffold.htb,Microsoft-Windows-Security-Auditing,Security,20450,0,"%%1538
				",0x20000,,,,,,,0xab8,,,,,,,,,,,,,C:\Windows\WinSxS\FileMaps\$$_microsoft.net_assembly_gac_msil_presentationframework_v4.0_4.0.0.0_31bf3856ad364e35_b57a3b1abb4f9cb2.cdf-ms,Security,File,,,,0x13bc,C:\Windows\WinSxS\amd64_microsoft-windows-servicingstack_31bf3856ad364e35_10.0.20348.557_none_f1edaeb8515fa10d\TiWorker.exe,,S:AI,,SCAFFOLD,0x3e7,DC$,S-1-5-18,,,,,,,,,,,
2026-09-02T00:09:10.103074Z,4985,dc.scaffold.htb,Microsoft-Windows-Security-Auditing,Security,20451,0,,,,,,,,,,,,,,,,,,,,48,,,,,,,,0x13bc,C:\Windows\WinSxS\amd64_microsoft-windows-servicingstack_31bf3856ad364e35_10.0.20348.557_none_f1edaeb8515fa10d\TiWorker.exe,,,DA4CB52F-4F22-11F1-A9A6-8906DE6815CD,SCAFFOLD,0x3e7,DC$,S-1-5-18,,,,,,,,,29971112-A661-11F1-9932-005056B98D90,,
2026-09-02T00:09:10.103290Z,4663,dc.scaffold.htb,Microsoft-Windows-Security-Auditing,Security,20452,0,"%%1537
				",0x10000,,,,,,,0xb48,,,,,,,,,,,,,C:\Windows\WinSxS\FileMaps\_0000000000000000.cdf-ms,Security,File,,,,0x13bc,C:\Windows\WinSxS\amd64_microsoft-windows-servicingstack_31bf3856ad364e35_10.0.20348.557_none_f1edaeb8515fa10d\TiWorker.exe,,S:AI,,SCAFFOLD,0x3e7,DC$,S-1-5-18,,,,,,,,,,,
2026-09-02T00:09:10.103294Z,4660,dc.scaffold.htb,Microsoft-Windows-Security-Auditing,Security,20453,0,,,,,,,,,0xb48,,,,,,,,,,,,,,Security,,,,,0x13bc,C:\Windows\WinSxS\amd64_microsoft-windows-servicingstack_31bf3856ad364e35_10.0.20348.557_none_f1edaeb8515fa10d\TiWorker.exe,,,,SCAFFOLD,0x3e7,DC$,S-1-5-18,,,,,,,,,29971112-A661-11F1-9932-005056B98D90,,
2026-09-02T00:09:10.105518Z,4663,dc.scaffold.htb,Microsoft-Windows-Security-Auditing,Security,20454,0,"%%4417
				",0x2,,,,,,,0x1588,,,,,,,,,,,,,C:\Windows\WinSxS\FileMaps,Security,File,,,,0x13bc,C:\Windows\WinSxS\amd64_microsoft-windows-servicingstack_31bf3856ad364e35_10.0.20348.557_none_f1edaeb8515fa10d\TiWorker.exe,,S:AI,,SCAFFOLD,0x3e7,DC$,S-1-5-18,,,,,,,,,,,
2026-09-02T00:09:10.105962Z,4663,dc.scaffold.htb,Microsoft-Windows-Security-Auditing,Security,20455,0,"%%1538
				",0x20000,,,,,,,0xb48,,,,,,,,,,,,,C:\Windows\WinSxS\FileMaps,Security,File,,,,0x13bc,C:\Windows\WinSxS\amd64_microsoft-windows-servicingstack_31bf3856ad364e35_10.0.20348.557_none_f1edaeb8515fa10d\TiWorker.exe,,S:AI,,SCAFFOLD,0x3e7,DC$,S-1-5-18,,,,,,,,,,,
2026-09-02T00:09:10.106066Z,4663,dc.scaffold.htb,Microsoft-Windows-Security-Auditing,Security,20456,0,"%%1538
				",0x20000,,,,,,,0xb48,,,,,,,,,,,,,C:\Windows\WinSxS\FileMaps,Security,File,,,,0x13bc,C:\Windows\WinSxS\amd64_microsoft-windows-servicingstack_31bf3856ad364e35_10.0.20348.557_none_f1edaeb8515fa10d\TiWorker.exe,,S:AI,,SCAFFOLD,0x3e7,DC$,S-1-5-18,,,,,,,,,,,
2026-09-02T00:09:10.106281Z,4663,dc.scaffold.htb,Microsoft-Windows-Security-Auditing,Security,20457,0,"%%1537
				",0x10000,,,,,,,0xb7c,,,,,,,,,,,,,C:\Windows\WinSxS\FileMaps\$$.cdf-ms,Security,File,,,,0x13bc,C:\Windows\WinSxS\amd64_microsoft-windows-servicingstack_31bf3856ad364e35_10.0.20348.557_none_f1edaeb8515fa10d\TiWorker.exe,,S:AI,,SCAFFOLD,0x3e7,DC$,S-1-5-18,,,,,,,,,,,
2026-09-02T00:09:10.106298Z,4660,dc.scaffold.htb,Microsoft-Windows-Security-Auditing,Security,20458,0,,,,,,,,,0xb7c,,,,,,,,,,,,,,Security,,,,,0x13bc,C:\Windows\WinSxS\amd64_microsoft-windows-servicingstack_31bf3856ad364e35_10.0.20348.557_none_f1edaeb8515fa10d\TiWorker.exe,,,,SCAFFOLD,0x3e7,DC$,S-1-5-18,,,,,,,,,29971112-A661-11F1-9932-005056B98D90,,
2026-09-02T00:09:10.109909Z,4663,dc.scaffold.htb,Microsoft-Windows-Security-Auditing,Security,20459,0,"%%4417
				",0x2,,,,,,,0x1588,,,,,,,,,,,,,C:\Windows\WinSxS\FileMaps,Security,File,,,,0x13bc,C:\Windows\WinSxS\amd64_microsoft-windows-servicingstack_31bf3856ad364e35_10.0.20348.557_none_f1edaeb8515fa10d\TiWorker.exe,,S:AI,,SCAFFOLD,0x3e7,DC$,S-1-5-18,,,,,,,,,,,
2026-09-02T00:09:10.110176Z,4663,dc.scaffold.htb,Microsoft-Windows-Security-Auditing,Security,20460,0,"%%1538
				",0x20000,,,,,,,0xb7c,,,,,,,,,,,,,C:\Windows\WinSxS\FileMaps,Security,File,,,,0x13bc,C:\Windows\WinSxS\amd64_microsoft-windows-servicingstack_31bf3856ad364e35_10.0.20348.557_none_f1edaeb8515fa10d\TiWorker.exe,,S:AI,,SCAFFOLD,0x3e7,DC$,S-1-5-18,,,,,,,,,,,
2026-09-02T00:09:10.110314Z,4663,dc.scaffold.htb,Microsoft-Windows-Security-Auditing,Security,20461,0,"%%1538
				",0x20000,,,,,,,0xb7c,,,,,,,,,,,,,C:\Windows\WinSxS\FileMaps,Security,File,,,,0x13bc,C:\Windows\WinSxS\amd64_microsoft-windows-servicingstack_31bf3856ad364e35_10.0.20348.557_none_f1edaeb8515fa10d\TiWorker.exe,,S:AI,,SCAFFOLD,0x3e7,DC$,S-1-5-18,,,,,,,,,,,
2026-09-02T00:09:10.110521Z,4663,dc.scaffold.htb,Microsoft-Windows-Security-Auditing,Security,20462,0,"%%1537
				",0x10000,,,,,,,0x9f4,,,,,,,,,,,,,C:\Windows\WinSxS\FileMaps\$$_microsoft.net_3296b36dbe4c7fa3.cdf-ms,Security,File,,,,0x13bc,C:\Windows\WinSxS\amd64_microsoft-windows-servicingstack_31bf3856ad364e35_10.0.20348.557_none_f1edaeb8515fa10d\TiWorker.exe,,S:AI,,SCAFFOLD,0x3e7,DC$,S-1-5-18,,,,,,,,,,,
2026-09-02T00:09:10.110534Z,4660,dc.scaffold.htb,Microsoft-Windows-Security-Auditing,Security,20463,0,,,,,,,,,0x9f4,,,,,,,,,,,,,,Security,,,,,0x13bc,C:\Windows\WinSxS\amd64_microsoft-windows-servicingstack_31bf3856ad364e35_10.0.20348.557_none_f1edaeb8515fa10d\TiWorker.exe,,,,SCAFFOLD,0x3e7,DC$,S-1-5-18,,,,,,,,,29971112-A661-11F1-9932-005056B98D90,,
2026-09-02T00:09:10.114790Z,4663,dc.scaffold.htb,Microsoft-Windows-Security-Auditing,Security,20464,0,"%%4417
				",0x2,,,,,,,0x1588,,,,,,,,,,,,,C:\Windows\WinSxS\FileMaps,Security,File,,,,0x13bc,C:\Windows\WinSxS\amd64_microsoft-windows-servicingstack_31bf3856ad364e35_10.0.20348.557_none_f1edaeb8515fa10d\TiWorker.exe,,S:AI,,SCAFFOLD,0x3e7,DC$,S-1-5-18,,,,,,,,,,,
2026-09-02T00:09:10.115015Z,4663,dc.scaffold.htb,Microsoft-Windows-Security-Auditing,Security,20465,0,"%%1538
				",0x20000,,,,,,,0x9f4,,,,,,,,,,,,,C:\Windows\WinSxS\FileMaps,Security,File,,,,0x13bc,C:\Windows\WinSxS\amd64_microsoft-windows-servicingstack_31bf3856ad364e35_10.0.20348.557_none_f1edaeb8515fa10d\TiWorker.exe,,S:AI,,SCAFFOLD,0x3e7,DC$,S-1-5-18,,,,,,,,,,,
2026-09-02T00:09:10.115162Z,4663,dc.scaffold.htb,Microsoft-Windows-Security-Auditing,Security,20466,0,"%%1538
				",0x20000,,,,,,,0x9f4,,,,,,,,,,,,,C:\Windows\WinSxS\FileMaps,Security,File,,,,0x13bc,C:\Windows\WinSxS\amd64_microsoft-windows-servicingstack_31bf3856ad364e35_10.0.20348.557_none_f1edaeb8515fa10d\TiWorker.exe,,S:AI,,SCAFFOLD,0x3e7,DC$,S-1-5-18,,,,,,,,,,,
2026-09-02T00:09:10.115377Z,4663,dc.scaffold.htb,Microsoft-Windows-Security-Auditing,Security,20467,0,"%%1537
				",0x10000,,,,,,,0xb48,,,,,,,,,,,,,C:\Windows\WinSxS\FileMaps\$$_microsoft.net_framework64_083d4e330e766c5d.cdf-ms,Security,File,,,,0x13bc,C:\Windows\WinSxS\amd64_microsoft-windows-servicingstack_31bf3856ad364e35_10.0.20348.557_none_f1edaeb8515fa10d\TiWorker.exe,,S:AI,,SCAFFOLD,0x3e7,DC$,S-1-5-18,,,,,,,,,,,
2026-09-02T00:09:10.115395Z,4660,dc.scaffold.htb,Microsoft-Windows-Security-Auditing,Security,20468,0,,,,,,,,,0xb48,,,,,,,,,,,,,,Security,,,,,0x13bc,C:\Windows\WinSxS\amd64_microsoft-windows-servicingstack_31bf3856ad364e35_10.0.20348.557_none_f1edaeb8515fa10d\TiWorker.exe,,,,SCAFFOLD,0x3e7,DC$,S-1-5-18,,,,,,,,,29971112-A661-11F1-9932-005056B98D90,,
2026-09-02T00:09:10.118374Z,4663,dc.scaffold.htb,Microsoft-Windows-Security-Auditing,Security,20469,0,"%%4417
				",0x2,,,,,,,0x1588,,,,,,,,,,,,,C:\Windows\WinSxS\FileMaps,Security,File,,,,0x13bc,C:\Windows\WinSxS\amd64_microsoft-windows-servicingstack_31bf3856ad364e35_10.0.20348.557_none_f1edaeb8515fa10d\TiWorker.exe,,S:AI,,SCAFFOLD,0x3e7,DC$,S-1-5-18,,,,,,,,,,,
2026-09-02T00:09:10.118641Z,4663,dc.scaffold.htb,Microsoft-Windows-Security-Auditing,Security,20470,0,"%%1538
				",0x20000,,,,,,,0xb48,,,,,,,,,,,,,C:\Windows\WinSxS\FileMaps,Security,File,,,,0x13bc,C:\Windows\WinSxS\amd64_microsoft-windows-servicingstack_31bf3856ad364e35_10.0.20348.557_none_f1edaeb8515fa10d\TiWorker.exe,,S:AI,,SCAFFOLD,0x3e7,DC$,S-1-5-18,,,,,,,,,,,
2026-09-02T00:09:10.118787Z,4663,dc.scaffold.htb,Microsoft-Windows-Security-Auditing,Security,20471,0,"%%1538
				",0x20000,,,,,,,0xb48,,,,,,,,,,,,,C:\Windows\WinSxS\FileMaps,Security,File,,,,0x13bc,C:\Windows\WinSxS\amd64_microsoft-windows-servicingstack_31bf3856ad364e35_10.0.20348.557_none_f1edaeb8515fa10d\TiWorker.exe,,S:AI,,SCAFFOLD,0x3e7,DC$,S-1-5-18,,,,,,,,,,,
2026-09-02T00:09:10.119008Z,4663,dc.scaffold.htb,Microsoft-Windows-Security-Auditing,Security,20472,0,"%%1537
				",0x10000,,,,,,,0xb7c,,,,,,,,,,,,,C:\Windows\WinSxS\FileMaps\$$_microsoft.net_framework64_v4.0.30319_46321ba736a30085.cdf-ms,Security,File,,,,0x13bc,C:\Windows\WinSxS\amd64_microsoft-windows-servicingstack_31bf3856ad364e35_10.0.20348.557_none_f1edaeb8515fa10d\TiWorker.exe,,S:AI,,SCAFFOLD,0x3e7,DC$,S-1-5-18,,,,,,,,,,,
2026-09-02T00:09:10.119026Z,4660,dc.scaffold.htb,Microsoft-Windows-Security-Auditing,Security,20473,0,,,,,,,,,0xb7c,,,,,,,,,,,,,,Security,,,,,0x13bc,C:\Windows\WinSxS\amd64_microsoft-windows-servicingstack_31bf3856ad364e35_10.0.20348.557_none_f1edaeb8515fa10d\TiWorker.exe,,,,SCAFFOLD,0x3e7,DC$,S-1-5-18,,,,,,,,,29971112-A661-11F1-9932-005056B98D90,,
2026-09-02T00:09:10.121928Z,4663,dc.scaffold.htb,Microsoft-Windows-Security-Auditing,Security,20474,0,"%%4417
				",0x2,,,,,,,0x1588,,,,,,,,,,,,,C:\Windows\WinSxS\FileMaps,Security,File,,,,0x13bc,C:\Windows\WinSxS\amd64_microsoft-windows-servicingstack_31bf3856ad364e35_10.0.20348.557_none_f1edaeb8515fa10d\TiWorker.exe,,S:AI,,SCAFFOLD,0x3e7,DC$,S-1-5-18,,,,,,,,,,,
2026-09-02T00:09:10.122203Z,4663,dc.scaffold.htb,Microsoft-Windows-Security-Auditing,Security,20475,0,"%%1538
				",0x20000,,,,,,,0xb7c,,,,,,,,,,,,,C:\Windows\WinSxS\FileMaps,Security,File,,,,0x13bc,C:\Windows\WinSxS\amd64_microsoft-windows-servicingstack_31bf3856ad364e35_10.0.20348.557_none_f1edaeb8515fa10d\TiWorker.exe,,S:AI,,SCAFFOLD,0x3e7,DC$,S-1-5-18,,,,,,,,,,,
2026-09-02T00:09:10.122349Z,4663,dc.scaffold.htb,Microsoft-Windows-Security-Auditing,Security,20476,0,"%%1538
				",0x20000,,,,,,,0xb7c,,,,,,,,,,,,,C:\Windows\WinSxS\FileMaps,Security,File,,,,0x13bc,C:\Windows\WinSxS\amd64_microsoft-windows-servicingstack_31bf3856ad364e35_10.0.20348.557_none_f1edaeb8515fa10d\TiWorker.exe,,S:AI,,SCAFFOLD,0x3e7,DC$,S-1-5-18,,,,,,,,,,,
2026-09-02T00:09:10.124047Z,4663,dc.scaffold.htb,Microsoft-Windows-Security-Auditing,Security,20477,0,"%%1537
				",0x10000,,,,,,,0xa0c,,,,,,,,,,,,,C:\Windows\WinSxS\FileMaps\$$_microsoft.net_framework64_v4.0.30319_wpf_647a02df72a14032.cdf-ms,Security,File,,,,0x13bc,C:\Windows\WinSxS\amd64_microsoft-windows-servicingstack_31bf3856ad364e35_10.0.20348.557_none_f1edaeb8515fa10d\TiWorker.exe,,S:AI,,SCAFFOLD,0x3e7,DC$,S-1-5-18,,,,,,,,,,,
2026-09-02T00:09:10.124051Z,4660,dc.scaffold.htb,Microsoft-Windows-Security-Auditing,Security,20478,0,,,,,,,,,0xa0c,,,,,,,,,,,,,,Security,,,,,0x13bc,C:\Windows\WinSxS\amd64_microsoft-windows-servicingstack_31bf3856ad364e35_10.0.20348.557_none_f1edaeb8515fa10d\TiWorker.exe,,,,SCAFFOLD,0x3e7,DC$,S-1-5-18,,,,,,,,,29971112-A661-11F1-9932-005056B98D90,,
2026-09-02T00:09:10.126899Z,4663,dc.scaffold.htb,Microsoft-Windows-Security-Auditing,Security,20479,0,"%%4417
				",0x2,,,,,,,0x1588,,,,,,,,,,,,,C:\Windows\WinSxS\FileMaps,Security,File,,,,0x13bc,C:\Windows\WinSxS\amd64_microsoft-windows-servicingstack_31bf3856ad364e35_10.0.20348.557_none_f1edaeb8515fa10d\TiWorker.exe,,S:AI,,SCAFFOLD,0x3e7,DC$,S-1-5-18,,,,,,,,,,,
2026-09-02T00:09:10.127168Z,4663,dc.scaffold.htb,Microsoft-Windows-Security-Auditing,Security,20480,0,"%%1538
				",0x20000,,,,,,,0xa0c,,,,,,,,,,,,,C:\Windows\WinSxS\FileMaps,Security,File,,,,0x13bc,C:\Windows\WinSxS\amd64_microsoft-windows-servicingstack_31bf3856ad364e35_10.0.20348.557_none_f1edaeb8515fa10d\TiWorker.exe,,S:AI,,SCAFFOLD,0x3e7,DC$,S-1-5-18,,,,,,,,,,,
2026-09-02T00:09:10.127307Z,4663,dc.scaffold.htb,Microsoft-Windows-Security-Auditing,Security,20481,0,"%%1538
				",0x20000,,,,,,,0xa0c,,,,,,,,,,,,,C:\Windows\WinSxS\FileMaps,Security,File,,,,0x13bc,C:\Windows\WinSxS\amd64_microsoft-windows-servicingstack_31bf3856ad364e35_10.0.20348.557_none_f1edaeb8515fa10d\TiWorker.exe,,S:AI,,SCAFFOLD,0x3e7,DC$,S-1-5-18,,,,,,,,,,,
2026-09-02T00:09:10.128597Z,4663,dc.scaffold.htb,Microsoft-Windows-Security-Auditing,Security,20482,0,"%%1537
				",0x10000,,,,,,,0xb80,,,,,,,,,,,,,C:\Windows\WinSxS\FileMaps\$$_microsoft.net_framework64_v4.0.30319_wpf_fonts_0428e0346460ac4c.cdf-ms,Security,File,,,,0x13bc,C:\Windows\WinSxS\amd64_microsoft-windows-servicingstack_31bf3856ad364e35_10.0.20348.557_none_f1edaeb8515fa10d\TiWorker.exe,,S:AI,,SCAFFOLD,0x3e7,DC$,S-1-5-18,,,,,,,,,,,
2026-09-02T00:09:10.128604Z,4660,dc.scaffold.htb,Microsoft-Windows-Security-Auditing,Security,20483,0,,,,,,,,,0xb80,,,,,,,,,,,,,,Security,,,,,0x13bc,C:\Windows\WinSxS\amd64_microsoft-windows-servicingstack_31bf3856ad364e35_10.0.20348.557_none_f1edaeb8515fa10d\TiWorker.exe,,,,SCAFFOLD,0x3e7,DC$,S-1-5-18,,,,,,,,,29971112-A661-11F1-9932-005056B98D90,,
2026-09-02T00:09:10.130434Z,4663,dc.scaffold.htb,Microsoft-Windows-Security-Auditing,Security,20484,0,"%%4417
				",0x2,,,,,,,0x1588,,,,,,,,,,,,,C:\Windows\WinSxS\FileMaps,Security,File,,,,0x13bc,C:\Windows\WinSxS\amd64_microsoft-windows-servicingstack_31bf3856ad364e35_10.0.20348.557_none_f1edaeb8515fa10d\TiWorker.exe,,S:AI,,SCAFFOLD,0x3e7,DC$,S-1-5-18,,,,,,,,,,,
2026-09-02T00:09:10.130735Z,4663,dc.scaffold.htb,Microsoft-Windows-Security-Auditing,Security,20485,0,"%%1538
				",0x20000,,,,,,,0xa0c,,,,,,,,,,,,,C:\Windows\WinSxS\FileMaps,Security,File,,,,0x13bc,C:\Windows\WinSxS\amd64_microsoft-windows-servicingstack_31bf3856ad364e35_10.0.20348.557_none_f1edaeb8515fa10d\TiWorker.exe,,S:AI,,SCAFFOLD,0x3e7,DC$,S-1-5-18,,,,,,,,,,,
2026-09-02T00:09:10.130876Z,4663,dc.scaffold.htb,Microsoft-Windows-Security-Auditing,Security,20486,0,"%%1538
				",0x20000,,,,,,,0xa0c,,,,,,,,,,,,,C:\Windows\WinSxS\FileMaps,Security,File,,,,0x13bc,C:\Windows\WinSxS\amd64_microsoft-windows-servicingstack_31bf3856ad364e35_10.0.20348.557_none_f1edaeb8515fa10d\TiWorker.exe,,S:AI,,SCAFFOLD,0x3e7,DC$,S-1-5-18,,,,,,,,,,,
2026-09-02T00:09:10.132208Z,4663,dc.scaffold.htb,Microsoft-Windows-Security-Auditing,Security,20487,0,"%%1537
				",0x10000,,,,,,,0xb74,,,,,,,,,,,,,C:\Windows\WinSxS\FileMaps\$$_microsoft.net_framework64_v4.0.30319_wpf_en-us_0242687c673a608c.cdf-ms,Security,File,,,,0x13bc,C:\Windows\WinSxS\amd64_microsoft-windows-servicingstack_31bf3856ad364e35_10.0.20348.557_none_f1edaeb8515fa10d\TiWorker.exe,,S:AI,,SCAFFOLD,0x3e7,DC$,S-1-5-18,,,,,,,,,,,
2026-09-02T00:09:10.132213Z,4660,dc.scaffold.htb,Microsoft-Windows-Security-Auditing,Security,20488,0,,,,,,,,,0xb74,,,,,,,,,,,,,,Security,,,,,0x13bc,C:\Windows\WinSxS\amd64_microsoft-windows-servicingstack_31bf3856ad364e35_10.0.20348.557_none_f1edaeb8515fa10d\TiWorker.exe,,,,SCAFFOLD,0x3e7,DC$,S-1-5-18,,,,,,,,,29971112-A661-11F1-9932-005056B98D90,,
2026-09-02T00:09:10.134266Z,4663,dc.scaffold.htb,Microsoft-Windows-Security-Auditing,Security,20489,0,"%%4417
				",0x2,,,,,,,0x1588,,,,,,,,,,,,,C:\Windows\WinSxS\FileMaps,Security,File,,,,0x13bc,C:\Windows\WinSxS\amd64_microsoft-windows-servicingstack_31bf3856ad364e35_10.0.20348.557_none_f1edaeb8515fa10d\TiWorker.exe,,S:AI,,SCAFFOLD,0x3e7,DC$,S-1-5-18,,,,,,,,,,,
2026-09-02T00:09:10.134531Z,4663,dc.scaffold.htb,Microsoft-Windows-Security-Auditing,Security,20490,0,"%%1538
				",0x20000,,,,,,,0xb74,,,,,,,,,,,,,C:\Windows\WinSxS\FileMaps,Security,File,,,,0x13bc,C:\Windows\WinSxS\amd64_microsoft-windows-servicingstack_31bf3856ad364e35_10.0.20348.557_none_f1edaeb8515fa10d\TiWorker.exe,,S:AI,,SCAFFOLD,0x3e7,DC$,S-1-5-18,,,,,,,,,,,
2026-09-02T00:09:10.134677Z,4663,dc.scaffold.htb,Microsoft-Windows-Security-Auditing,Security,20491,0,"%%1538
				",0x20000,,,,,,,0xb74,,,,,,,,,,,,,C:\Windows\WinSxS\FileMaps,Security,File,,,,0x13bc,C:\Windows\WinSxS\amd64_microsoft-windows-servicingstack_31bf3856ad364e35_10.0.20348.557_none_f1edaeb8515fa10d\TiWorker.exe,,S:AI,,SCAFFOLD,0x3e7,DC$,S-1-5-18,,,,,,,,,,,
2026-09-02T00:09:10.136138Z,4663,dc.scaffold.htb,Microsoft-Windows-Security-Auditing,Security,20492,0,"%%1537
				",0x10000,,,,,,,0xb90,,,,,,,,,,,,,C:\Windows\WinSxS\FileMaps\$$_microsoft.net_framework64_v4.0.30319_nativeimages_ae465c5139d1dacc.cdf-ms,Security,File,,,,0x13bc,C:\Windows\WinSxS\amd64_microsoft-windows-servicingstack_31bf3856ad364e35_10.0.20348.557_none_f1edaeb8515fa10d\TiWorker.exe,,S:AI,,SCAFFOLD,0x3e7,DC$,S-1-5-18,,,,,,,,,,,
2026-09-02T00:09:10.136143Z,4660,dc.scaffold.htb,Microsoft-Windows-Security-Auditing,Security,20493,0,,,,,,,,,0xb90,,,,,,,,,,,,,,Security,,,,,0x13bc,C:\Windows\WinSxS\amd64_microsoft-windows-servicingstack_31bf3856ad364e35_10.0.20348.557_none_f1edaeb8515fa10d\TiWorker.exe,,,,SCAFFOLD,0x3e7,DC$,S-1-5-18,,,,,,,,,29971112-A661-11F1-9932-005056B98D90,,
2026-09-02T00:09:10.137699Z,4663,dc.scaffold.htb,Microsoft-Windows-Security-Auditing,Security,20494,0,"%%4417
				",0x2,,,,,,,0x1588,,,,,,,,,,,,,C:\Windows\WinSxS\FileMaps,Security,File,,,,0x13bc,C:\Windows\WinSxS\amd64_microsoft-windows-servicingstack_31bf3856ad364e35_10.0.20348.557_none_f1edaeb8515fa10d\TiWorker.exe,,S:AI,,SCAFFOLD,0x3e7,DC$,S-1-5-18,,,,,,,,,,,
2026-09-02T00:09:10.138052Z,4663,dc.scaffold.htb,Microsoft-Windows-Security-Auditing,Security,20495,0,"%%1538
				",0x20000,,,,,,,0xb90,,,,,,,,,,,,,C:\Windows\WinSxS\FileMaps,Security,File,,,,0x13bc,C:\Windows\WinSxS\amd64_microsoft-windows-servicingstack_31bf3856ad364e35_10.0.20348.557_none_f1edaeb8515fa10d\TiWorker.exe,,S:AI,,SCAFFOLD,0x3e7,DC$,S-1-5-18,,,,,,,,,,,
2026-09-02T00:09:10.138305Z,4663,dc.scaffold.htb,Microsoft-Windows-Security-Auditing,Security,20496,0,"%%1538
				",0x20000,,,,,,,0xb90,,,,,,,,,,,,,C:\Windows\WinSxS\FileMaps,Security,File,,,,0x13bc,C:\Windows\WinSxS\amd64_microsoft-windows-servicingstack_31bf3856ad364e35_10.0.20348.557_none_f1edaeb8515fa10d\TiWorker.exe,,S:AI,,SCAFFOLD,0x3e7,DC$,S-1-5-18,,,,,,,,,,,
2026-09-02T00:09:10.138541Z,4663,dc.scaffold.htb,Microsoft-Windows-Security-Auditing,Security,20497,0,"%%1537
				",0x10000,,,,,,,0xa0c,,,,,,,,,,,,,C:\Windows\WinSxS\FileMaps\$$_microsoft.net_framework_83386eac0379231b.cdf-ms,Security,File,,,,0x13bc,C:\Windows\WinSxS\amd64_microsoft-windows-servicingstack_31bf3856ad364e35_10.0.20348.557_none_f1edaeb8515fa10d\TiWorker.exe,,S:AI,,SCAFFOLD,0x3e7,DC$,S-1-5-18,,,,,,,,,,,
2026-09-02T00:09:10.138562Z,4660,dc.scaffold.htb,Microsoft-Windows-Security-Auditing,Security,20498,0,,,,,,,,,0xa0c,,,,,,,,,,,,,,Security,,,,,0x13bc,C:\Windows\WinSxS\amd64_microsoft-windows-servicingstack_31bf3856ad364e35_10.0.20348.557_none_f1edaeb8515fa10d\TiWorker.exe,,,,SCAFFOLD,0x3e7,DC$,S-1-5-18,,,,,,,,,29971112-A661-11F1-9932-005056B98D90,,
2026-09-02T00:09:10.142167Z,4663,dc.scaffold.htb,Microsoft-Windows-Security-Auditing,Security,20499,0,"%%4417
				",0x2,,,,,,,0x1588,,,,,,,,,,,,,C:\Windows\WinSxS\FileMaps,Security,File,,,,0x13bc,C:\Windows\WinSxS\amd64_microsoft-windows-servicingstack_31bf3856ad364e35_10.0.20348.557_none_f1edaeb8515fa10d\TiWorker.exe,,S:AI,,SCAFFOLD,0x3e7,DC$,S-1-5-18,,,,,,,,,,,
2026-09-02T00:09:10.142428Z,4663,dc.scaffold.htb,Microsoft-Windows-Security-Auditing,Security,20500,0,"%%1538
				",0x20000,,,,,,,0xa0c,,,,,,,,,,,,,C:\Windows\WinSxS\FileMaps,Security,File,,,,0x13bc,C:\Windows\WinSxS\amd64_microsoft-windows-servicingstack_31bf3856ad364e35_10.0.20348.557_none_f1edaeb8515fa10d\TiWorker.exe,,S:AI,,SCAFFOLD,0x3e7,DC$,S-1-5-18,,,,,,,,,,,
2026-09-02T00:09:10.142568Z,4663,dc.scaffold.htb,Microsoft-Windows-Security-Auditing,Security,20501,0,"%%1538
				",0x20000,,,,,,,0xa0c,,,,,,,,,,,,,C:\Windows\WinSxS\FileMaps,Security,File,,,,0x13bc,C:\Windows\WinSxS\amd64_microsoft-windows-servicingstack_31bf3856ad364e35_10.0.20348.557_none_f1edaeb8515fa10d\TiWorker.exe,,S:AI,,SCAFFOLD,0x3e7,DC$,S-1-5-18,,,,,,,,,,,
2026-09-02T00:09:10.142880Z,4663,dc.scaffold.htb,Microsoft-Windows-Security-Auditing,Security,20502,0,"%%1537
				",0x10000,,,,,,,0xb74,,,,,,,,,,,,,C:\Windows\WinSxS\FileMaps\$$_microsoft.net_framework_v4.0.30319_c40c7a995ddd757b.cdf-ms,Security,File,,,,0x13bc,C:\Windows\WinSxS\amd64_microsoft-windows-servicingstack_31bf3856ad364e35_10.0.20348.557_none_f1edaeb8515fa10d\TiWorker.exe,,S:AI,,SCAFFOLD,0x3e7,DC$,S-1-5-18,,,,,,,,,,,
2026-09-02T00:09:10.142886Z,4660,dc.scaffold.htb,Microsoft-Windows-Security-Auditing,Security,20503,0,,,,,,,,,0xb74,,,,,,,,,,,,,,Security,,,,,0x13bc,C:\Windows\WinSxS\amd64_microsoft-windows-servicingstack_31bf3856ad364e35_10.0.20348.557_none_f1edaeb8515fa10d\TiWorker.exe,,,,SCAFFOLD,0x3e7,DC$,S-1-5-18,,,,,,,,,29971112-A661-11F1-9932-005056B98D90,,
2026-09-02T00:09:10.146280Z,4663,dc.scaffold.htb,Microsoft-Windows-Security-Auditing,Security,20504,0,"%%4417
				",0x2,,,,,,,0x1588,,,,,,,,,,,,,C:\Windows\WinSxS\FileMaps,Security,File,,,,0x13bc,C:\Windows\WinSxS\amd64_microsoft-windows-servicingstack_31bf3856ad364e35_10.0.20348.557_none_f1edaeb8515fa10d\TiWorker.exe,,S:AI,,SCAFFOLD,0x3e7,DC$,S-1-5-18,,,,,,,,,,,
2026-09-02T00:09:10.146539Z,4663,dc.scaffold.htb,Microsoft-Windows-Security-Auditing,Security,20505,0,"%%1538
				",0x20000,,,,,,,0xb74,,,,,,,,,,,,,C:\Windows\WinSxS\FileMaps,Security,File,,,,0x13bc,C:\Windows\WinSxS\amd64_microsoft-windows-servicingstack_31bf3856ad364e35_10.0.20348.557_none_f1edaeb8515fa10d\TiWorker.exe,,S:AI,,SCAFFOLD,0x3e7,DC$,S-1-5-18,,,,,,,,,,,
2026-09-02T00:09:10.146682Z,4663,dc.scaffold.htb,Microsoft-Windows-Security-Auditing,Security,20506,0,"%%1538
				",0x20000,,,,,,,0xb74,,,,,,,,,,,,,C:\Windows\WinSxS\FileMaps,Security,File,,,,0x13bc,C:\Windows\WinSxS\amd64_microsoft-windows-servicingstack_31bf3856ad364e35_10.0.20348.557_none_f1edaeb8515fa10d\TiWorker.exe,,S:AI,,SCAFFOLD,0x3e7,DC$,S-1-5-18,,,,,,,,,,,
2026-09-02T00:09:10.148826Z,4663,dc.scaffold.htb,Microsoft-Windows-Security-Auditing,Security,20507,0,"%%1537
				",0x10000,,,,,,,0xb90,,,,,,,,,,,,,C:\Windows\WinSxS\FileMaps\$$_microsoft.net_framework_v4.0.30319_wpf_bc1339ef8efa3c4c.cdf-ms,Security,File,,,,0x13bc,C:\Windows\WinSxS\amd64_microsoft-windows-servicingstack_31bf3856ad364e35_10.0.20348.557_none_f1edaeb8515fa10d\TiWorker.exe,,S:AI,,SCAFFOLD,0x3e7,DC$,S-1-5-18,,,,,,,,,,,
2026-09-02T00:09:10.148855Z,4660,dc.scaffold.htb,Microsoft-Windows-Security-Auditing,Security,20508,0,,,,,,,,,0xb90,,,,,,,,,,,,,,Security,,,,,0x13bc,C:\Windows\WinSxS\amd64_microsoft-windows-servicingstack_31bf3856ad364e35_10.0.20348.557_none_f1edaeb8515fa10d\TiWorker.exe,,,,SCAFFOLD,0x3e7,DC$,S-1-5-18,,,,,,,,,29971112-A661-11F1-9932-005056B98D90,,
2026-09-02T00:09:10.150726Z,4663,dc.scaffold.htb,Microsoft-Windows-Security-Auditing,Security,20509,0,"%%4417
				",0x2,,,,,,,0x1588,,,,,,,,,,,,,C:\Windows\WinSxS\FileMaps,Security,File,,,,0x13bc,C:\Windows\WinSxS\amd64_microsoft-windows-servicingstack_31bf3856ad364e35_10.0.20348.557_none_f1edaeb8515fa10d\TiWorker.exe,,S:AI,,SCAFFOLD,0x3e7,DC$,S-1-5-18,,,,,,,,,,,
2026-09-02T00:09:10.151005Z,4663,dc.scaffold.htb,Microsoft-Windows-Security-Auditing,Security,20510,0,"%%1538
				",0x20000,,,,,,,0xb90,,,,,,,,,,,,,C:\Windows\WinSxS\FileMaps,Security,File,,,,0x13bc,C:\Windows\WinSxS\amd64_microsoft-windows-servicingstack_31bf3856ad364e35_10.0.20348.557_none_f1edaeb8515fa10d\TiWorker.exe,,S:AI,,SCAFFOLD,0x3e7,DC$,S-1-5-18,,,,,,,,,,,
2026-09-02T00:09:10.151146Z,4663,dc.scaffold.htb,Microsoft-Windows-Security-Auditing,Security,20511,0,"%%1538
				",0x20000,,,,,,,0xb90,,,,,,,,,,,,,C:\Windows\WinSxS\FileMaps,Security,File,,,,0x13bc,C:\Windows\WinSxS\amd64_microsoft-windows-servicingstack_31bf3856ad364e35_10.0.20348.557_none_f1edaeb8515fa10d\TiWorker.exe,,S:AI,,SCAFFOLD,0x3e7,DC$,S-1-5-18,,,,,,,,,,,
2026-09-02T00:09:10.152350Z,4663,dc.scaffold.htb,Microsoft-Windows-Security-Auditing,Security,20512,0,"%%1537
				",0x10000,,,,,,,0xa0c,,,,,,,,,,,,,C:\Windows\WinSxS\FileMaps\$$_microsoft.net_framework_v4.0.30319_wpf_fonts_dc62106d96619a3c.cdf-ms,Security,File,,,,0x13bc,C:\Windows\WinSxS\amd64_microsoft-windows-servicingstack_31bf3856ad364e35_10.0.20348.557_none_f1edaeb8515fa10d\TiWorker.exe,,S:AI,,SCAFFOLD,0x3e7,DC$,S-1-5-18,,,,,,,,,,,
2026-09-02T00:09:10.152356Z,4660,dc.scaffold.htb,Microsoft-Windows-Security-Auditing,Security,20513,0,,,,,,,,,0xa0c,,,,,,,,,,,,,,Security,,,,,0x13bc,C:\Windows\WinSxS\amd64_microsoft-windows-servicingstack_31bf3856ad364e35_10.0.20348.557_none_f1edaeb8515fa10d\TiWorker.exe,,,,SCAFFOLD,0x3e7,DC$,S-1-5-18,,,,,,,,,29971112-A661-11F1-9932-005056B98D90,,
2026-09-02T00:09:10.154223Z,4663,dc.scaffold.htb,Microsoft-Windows-Security-Auditing,Security,20514,0,"%%4417
				",0x2,,,,,,,0x1588,,,,,,,,,,,,,C:\Windows\WinSxS\FileMaps,Security,File,,,,0x13bc,C:\Windows\WinSxS\amd64_microsoft-windows-servicingstack_31bf3856ad364e35_10.0.20348.557_none_f1edaeb8515fa10d\TiWorker.exe,,S:AI,,SCAFFOLD,0x3e7,DC$,S-1-5-18,,,,,,,,,,,
2026-09-02T00:09:10.154580Z,4663,dc.scaffold.htb,Microsoft-Windows-Security-Auditing,Security,20515,0,"%%1538
				",0x20000,,,,,,,0xa0c,,,,,,,,,,,,,C:\Windows\WinSxS\FileMaps,Security,File,,,,0x13bc,C:\Windows\WinSxS\amd64_microsoft-windows-servicingstack_31bf3856ad364e35_10.0.20348.557_none_f1edaeb8515fa10d\TiWorker.exe,,S:AI,,SCAFFOLD,0x3e7,DC$,S-1-5-18,,,,,,,,,,,
2026-09-02T00:09:10.154721Z,4663,dc.scaffold.htb,Microsoft-Windows-Security-Auditing,Security,20516,0,"%%1538
				",0x20000,,,,,,,0xa0c,,,,,,,,,,,,,C:\Windows\WinSxS\FileMaps,Security,File,,,,0x13bc,C:\Windows\WinSxS\amd64_microsoft-windows-servicingstack_31bf3856ad364e35_10.0.20348.557_none_f1edaeb8515fa10d\TiWorker.exe,,S:AI,,SCAFFOLD,0x3e7,DC$,S-1-5-18,,,,,,,,,,,
2026-09-02T00:09:10.155846Z,4663,dc.scaffold.htb,Microsoft-Windows-Security-Auditing,Security,20517,0,"%%1537
				",0x10000,,,,,,,0xb74,,,,,,,,,,,,,C:\Windows\WinSxS\FileMaps\$$_microsoft.net_framework_v4.0.30319_wpf_en-us_dc5fd125966afabc.cdf-ms,Security,File,,,,0x13bc,C:\Windows\WinSxS\amd64_microsoft-windows-servicingstack_31bf3856ad364e35_10.0.20348.557_none_f1edaeb8515fa10d\TiWorker.exe,,S:AI,,SCAFFOLD,0x3e7,DC$,S-1-5-18,,,,,,,,,,,
