2026-09-02T03:21:21.283739Z,4663,dc.scaffold.htb,Microsoft-Windows-Security-Auditing,Security,21522,0,"%%1538
				",0x20000,,,,,,,0xea8,,,,,,,,,,,,,C:\Windows\WinSxS\FileMaps\$$_microsoft.net_framework_v4.0.30319_wpf_fonts_dc62106d96619a3c.cdf-ms,Security,File,,,,0x870,C:\Windows\WinSxS\amd64_microsoft-windows-servicingstack_31bf3856ad364e35_10.0.20348.557_none_f1edaeb8515fa10d\TiWorker.exe,,S:AI,,SCAFFOLD,0x3e7,DC$,S-1-5-18,,,,,,,,,,,
2026-09-02T03:21:21.285007Z,4663,dc.scaffold.htb,Microsoft-Windows-Security-Auditing,Security,21523,0,"%%1538
				",0x20000,,,,,,,0xeac,,,,,,,,,,,,,C:\Windows\WinSxS\FileMaps\$$_microsoft.net_framework_v4.0.30319_wpf_en-us_dc5fd125966afabc.cdf-ms,Security,File,,,,0x870,C:\Windows\WinSxS\amd64_microsoft-windows-servicingstack_31bf3856ad364e35_10.0.20348.557_none_f1edaeb8515fa10d\TiWorker.exe,,S:AI,,SCAFFOLD,0x3e7,DC$,S-1-5-18,,,,,,,,,,,
2026-09-02T03:21:21.286254Z,4663,dc.scaffold.htb,Microsoft-Windows-Security-Auditing,Security,21524,0,"%%1538
				",0x20000,,,,,,,0xeb0,,,,,,,,,,,,,C:\Windows\WinSxS\FileMaps\$$_microsoft.net_framework_v4.0.30319_nativeimages_7f83bd6ed8241f3a.cdf-ms,Security,File,,,,0x870,C:\Windows\WinSxS\amd64_microsoft-windows-servicingstack_31bf3856ad364e35_10.0.20348.557_none_f1edaeb8515fa10d\TiWorker.exe,,S:AI,,SCAFFOLD,0x3e7,DC$,S-1-5-18,,,,,,,,,,,
2026-09-02T03:21:21.288565Z,4663,dc.scaffold.htb,Microsoft-Windows-Security-Auditing,Security,21525,0,"%%1538
				",0x20000,,,,,,,0xeb4,,,,,,,,,,,,,C:\Windows\WinSxS\FileMaps\$$_microsoft.net_assembly_gac_msil_windowsformsintegration_v4.0_4.0.0.0_31bf3856ad364e35_fa1114fb4b113c6a.cdf-ms,Security,File,,,,0x870,C:\Windows\WinSxS\amd64_microsoft-windows-servicingstack_31bf3856ad364e35_10.0.20348.557_none_f1edaeb8515fa10d\TiWorker.exe,,S:AI,,SCAFFOLD,0x3e7,DC$,S-1-5-18,,,,,,,,,,,
2026-09-02T03:21:21.289744Z,4663,dc.scaffold.htb,Microsoft-Windows-Security-Auditing,Security,21526,0,"%%1538
				",0x20000,,,,,,,0xeb8,,,,,,,,,,,,,C:\Windows\WinSxS\FileMaps\$$_microsoft.net_assembly_gac_msil_windowsbase_v4.0_4.0.0.0_31bf3856ad364e35_5764ca98829cd598.cdf-ms,Security,File,,,,0x870,C:\Windows\WinSxS\amd64_microsoft-windows-servicingstack_31bf3856ad364e35_10.0.20348.557_none_f1edaeb8515fa10d\TiWorker.exe,,S:AI,,SCAFFOLD,0x3e7,DC$,S-1-5-18,,,,,,,,,,,
2026-09-02T03:21:21.291108Z,4663,dc.scaffold.htb,Microsoft-Windows-Security-Auditing,Security,21527,0,"%%1538
				",0x20000,,,,,,,0xebc,,,,,,,,,,,,,C:\Windows\WinSxS\FileMaps\$$_microsoft.net_assembly_gac_msil_uiautomationtypes_v4.0_4.0.0.0_31bf3856ad364e35_1f12bec8f88f4450.cdf-ms,Security,File,,,,0x870,C:\Windows\WinSxS\amd64_microsoft-windows-servicingstack_31bf3856ad364e35_10.0.20348.557_none_f1edaeb8515fa10d\TiWorker.exe,,S:AI,,SCAFFOLD,0x3e7,DC$,S-1-5-18,,,,,,,,,,,
2026-09-02T03:21:21.292324Z,4663,dc.scaffold.htb,Microsoft-Windows-Security-Auditing,Security,21528,0,"%%1538
				",0x20000,,,,,,,0xec0,,,,,,,,,,,,,C:\Windows\WinSxS\FileMaps\$$_microsoft.net_assembly_gac_msil_uiautomationprovider_v4.0_4.0.0.0_31bf3856ad364e35_6bb637099f04ee2c.cdf-ms,Security,File,,,,0x870,C:\Windows\WinSxS\amd64_microsoft-windows-servicingstack_31bf3856ad364e35_10.0.20348.557_none_f1edaeb8515fa10d\TiWorker.exe,,S:AI,,SCAFFOLD,0x3e7,DC$,S-1-5-18,,,,,,,,,,,
2026-09-02T03:21:21.293794Z,4663,dc.scaffold.htb,Microsoft-Windows-Security-Auditing,Security,21529,0,"%%1538
				",0x20000,,,,,,,0xec4,,,,,,,,,,,,,C:\Windows\WinSxS\FileMaps\$$_microsoft.net_assembly_gac_msil_uiautomationclientsideproviders_v4.0_4.0.0.0_31bf3856ad364e35_6944991d7b306f0d.cdf-ms,Security,File,,,,0x870,C:\Windows\WinSxS\amd64_microsoft-windows-servicingstack_31bf3856ad364e35_10.0.20348.557_none_f1edaeb8515fa10d\TiWorker.exe,,S:AI,,SCAFFOLD,0x3e7,DC$,S-1-5-18,,,,,,,,,,,
2026-09-02T03:21:21.295052Z,4663,dc.scaffold.htb,Microsoft-Windows-Security-Auditing,Security,21530,0,"%%1538
				",0x20000,,,,,,,0xec8,,,,,,,,,,,,,C:\Windows\WinSxS\FileMaps\$$_microsoft.net_assembly_gac_msil_uiautomationclient_v4.0_4.0.0.0_31bf3856ad364e35_35816ba0d06901c4.cdf-ms,Security,File,,,,0x870,C:\Windows\WinSxS\amd64_microsoft-windows-servicingstack_31bf3856ad364e35_10.0.20348.557_none_f1edaeb8515fa10d\TiWorker.exe,,S:AI,,SCAFFOLD,0x3e7,DC$,S-1-5-18,,,,,,,,,,,
2026-09-02T03:21:21.296285Z,4663,dc.scaffold.htb,Microsoft-Windows-Security-Auditing,Security,21531,0,"%%1538
				",0x20000,,,,,,,0xecc,,,,,,,,,,,,,C:\Windows\WinSxS\FileMaps\$$_microsoft.net_assembly_gac_msil_system.xml_v4.0_4.0.0.0_b77a5c561934e089_ec23d9a7ad53e8b2.cdf-ms,Security,File,,,,0x870,C:\Windows\WinSxS\amd64_microsoft-windows-servicingstack_31bf3856ad364e35_10.0.20348.557_none_f1edaeb8515fa10d\TiWorker.exe,,S:AI,,SCAFFOLD,0x3e7,DC$,S-1-5-18,,,,,,,,,,,
2026-09-02T03:21:21.298433Z,4663,dc.scaffold.htb,Microsoft-Windows-Security-Auditing,Security,21532,0,"%%1538
				",0x20000,,,,,,,0xed0,,,,,,,,,,,,,C:\Windows\WinSxS\FileMaps\$$_microsoft.net_assembly_gac_msil_system.xaml_v4.0_4.0.0.0_b77a5c561934e089_6747aba031bff5b1.cdf-ms,Security,File,,,,0x870,C:\Windows\WinSxS\amd64_microsoft-windows-servicingstack_31bf3856ad364e35_10.0.20348.557_none_f1edaeb8515fa10d\TiWorker.exe,,S:AI,,SCAFFOLD,0x3e7,DC$,S-1-5-18,,,,,,,,,,,
2026-09-02T03:21:21.300410Z,4663,dc.scaffold.htb,Microsoft-Windows-Security-Auditing,Security,21533,0,"%%1538
				",0x20000,,,,,,,0xed4,,,,,,,,,,,,,C:\Windows\WinSxS\FileMaps\$$_microsoft.net_assembly_gac_msil_system.windows.forms_v4.0_4.0.0.0_b77a5c561934e089_7780f78ea9286b2d.cdf-ms,Security,File,,,,0x870,C:\Windows\WinSxS\amd64_microsoft-windows-servicingstack_31bf3856ad364e35_10.0.20348.557_none_f1edaeb8515fa10d\TiWorker.exe,,S:AI,,SCAFFOLD,0x3e7,DC$,S-1-5-18,,,,,,,,,,,
2026-09-02T03:21:21.302151Z,4663,dc.scaffold.htb,Microsoft-Windows-Security-Auditing,Security,21534,0,"%%1538
				",0x20000,,,,,,,0xed8,,,,,,,,,,,,,C:\Windows\WinSxS\FileMaps\$$_microsoft.net_assembly_gac_msil_system.windows.controls.ribbon_v4.0_4.0.0.0_b77a5c561934e089_f0c023acb7bafe74.cdf-ms,Security,File,,,,0x870,C:\Windows\WinSxS\amd64_microsoft-windows-servicingstack_31bf3856ad364e35_10.0.20348.557_none_f1edaeb8515fa10d\TiWorker.exe,,S:AI,,SCAFFOLD,0x3e7,DC$,S-1-5-18,,,,,,,,,,,
2026-09-02T03:21:21.303685Z,4663,dc.scaffold.htb,Microsoft-Windows-Security-Auditing,Security,21535,0,"%%1538
				",0x20000,,,,,,,0xe78,,,,,,,,,,,,,C:\Windows\WinSxS\FileMaps\$$_microsoft.net_assembly_gac_msil_system.web.extensions_v4.0_4.0.0.0_31bf3856ad364e35_472dc08bcbe9e0cb.cdf-ms,Security,File,,,,0x870,C:\Windows\WinSxS\amd64_microsoft-windows-servicingstack_31bf3856ad364e35_10.0.20348.557_none_f1edaeb8515fa10d\TiWorker.exe,,S:AI,,SCAFFOLD,0x3e7,DC$,S-1-5-18,,,,,,,,,,,
2026-09-02T03:21:21.305396Z,4663,dc.scaffold.htb,Microsoft-Windows-Security-Auditing,Security,21536,0,"%%1538
				",0x20000,,,,,,,0xedc,,,,,,,,,,,,,C:\Windows\WinSxS\FileMaps\$$_microsoft.net_assembly_gac_msil_system.web.applicationservices_v4.0_4.0.0.0_31bf3856ad364e35_68ccda43ca2f1ddf.cdf-ms,Security,File,,,,0x870,C:\Windows\WinSxS\amd64_microsoft-windows-servicingstack_31bf3856ad364e35_10.0.20348.557_none_f1edaeb8515fa10d\TiWorker.exe,,S:AI,,SCAFFOLD,0x3e7,DC$,S-1-5-18,,,,,,,,,,,
2026-09-02T03:21:21.307169Z,4663,dc.scaffold.htb,Microsoft-Windows-Security-Auditing,Security,21537,0,"%%1538
				",0x20000,,,,,,,0xee0,,,,,,,,,,,,,C:\Windows\WinSxS\FileMaps\$$_microsoft.net_assembly_gac_msil_system.servicemodel.washosting_v4.0_4.0.0.0_b77a5c561934e089_fcc9ffe6a33d9e56.cdf-ms,Security,File,,,,0x870,C:\Windows\WinSxS\amd64_microsoft-windows-servicingstack_31bf3856ad364e35_10.0.20348.557_none_f1edaeb8515fa10d\TiWorker.exe,,S:AI,,SCAFFOLD,0x3e7,DC$,S-1-5-18,,,,,,,,,,,
2026-09-02T03:21:21.308839Z,4663,dc.scaffold.htb,Microsoft-Windows-Security-Auditing,Security,21538,0,"%%1538
				",0x20000,,,,,,,0xee4,,,,,,,,,,,,,C:\Windows\WinSxS\FileMaps\$$_microsoft.net_assembly_gac_msil_system.servicemodel.internals_v4.0_4.0.0.0_31bf3856ad364e35_648841c36e579803.cdf-ms,Security,File,,,,0x870,C:\Windows\WinSxS\amd64_microsoft-windows-servicingstack_31bf3856ad364e35_10.0.20348.557_none_f1edaeb8515fa10d\TiWorker.exe,,S:AI,,SCAFFOLD,0x3e7,DC$,S-1-5-18,,,,,,,,,,,
2026-09-02T03:21:21.310027Z,4663,dc.scaffold.htb,Microsoft-Windows-Security-Auditing,Security,21539,0,"%%1538
				",0x20000,,,,,,,0xee8,,,,,,,,,,,,,C:\Windows\WinSxS\FileMaps\$$_microsoft.net_assembly_gac_msil_system.servicemodel.discovery_v4.0_4.0.0.0_31bf3856ad364e35_77886dd12f6a8907.cdf-ms,Security,File,,,,0x870,C:\Windows\WinSxS\amd64_microsoft-windows-servicingstack_31bf3856ad364e35_10.0.20348.557_none_f1edaeb8515fa10d\TiWorker.exe,,S:AI,,SCAFFOLD,0x3e7,DC$,S-1-5-18,,,,,,,,,,,
2026-09-02T03:21:21.311535Z,4663,dc.scaffold.htb,Microsoft-Windows-Security-Auditing,Security,21540,0,"%%1538
				",0x20000,,,,,,,0xeec,,,,,,,,,,,,,C:\Windows\WinSxS\FileMaps\$$_microsoft.net_assembly_gac_msil_system.servicemodel.channels_v4.0_4.0.0.0_31bf3856ad364e35_3b879384d8488ea3.cdf-ms,Security,File,,,,0x870,C:\Windows\WinSxS\amd64_microsoft-windows-servicingstack_31bf3856ad364e35_10.0.20348.557_none_f1edaeb8515fa10d\TiWorker.exe,,S:AI,,SCAFFOLD,0x3e7,DC$,S-1-5-18,,,,,,,,,,,
2026-09-02T03:21:21.312716Z,4663,dc.scaffold.htb,Microsoft-Windows-Security-Auditing,Security,21541,0,"%%1538
				",0x20000,,,,,,,0xef0,,,,,,,,,,,,,C:\Windows\WinSxS\FileMaps\$$_microsoft.net_assembly_gac_msil_system.servicemodel_v4.0_4.0.0.0_b77a5c561934e089_b63f15dceb7fa3d7.cdf-ms,Security,File,,,,0x870,C:\Windows\WinSxS\amd64_microsoft-windows-servicingstack_31bf3856ad364e35_10.0.20348.557_none_f1edaeb8515fa10d\TiWorker.exe,,S:AI,,SCAFFOLD,0x3e7,DC$,S-1-5-18,,,,,,,,,,,
2026-09-02T03:21:21.314260Z,4663,dc.scaffold.htb,Microsoft-Windows-Security-Auditing,Security,21542,0,"%%1538
				",0x20000,,,,,,,0xef4,,,,,,,,,,,,,C:\Windows\WinSxS\FileMaps\$$_microsoft.net_assembly_gac_msil_system.security_v4.0_4.0.0.0_b03f5f7f11d50a3a_b1f6c453104409f9.cdf-ms,Security,File,,,,0x870,C:\Windows\WinSxS\amd64_microsoft-windows-servicingstack_31bf3856ad364e35_10.0.20348.557_none_f1edaeb8515fa10d\TiWorker.exe,,S:AI,,SCAFFOLD,0x3e7,DC$,S-1-5-18,,,,,,,,,,,
2026-09-02T03:21:21.315924Z,4663,dc.scaffold.htb,Microsoft-Windows-Security-Auditing,Security,21543,0,"%%1538
				",0x20000,,,,,,,0xef8,,,,,,,,,,,,,C:\Windows\WinSxS\FileMaps\$$_microsoft.net_assembly_gac_msil_system.runtime.serialization_v4.0_4.0.0.0_b77a5c561934e089_f6fb5cdd6113e4c9.cdf-ms,Security,File,,,,0x870,C:\Windows\WinSxS\amd64_microsoft-windows-servicingstack_31bf3856ad364e35_10.0.20348.557_none_f1edaeb8515fa10d\TiWorker.exe,,S:AI,,SCAFFOLD,0x3e7,DC$,S-1-5-18,,,,,,,,,,,
2026-09-02T03:21:21.317482Z,4663,dc.scaffold.htb,Microsoft-Windows-Security-Auditing,Security,21544,0,"%%1538
				",0x20000,,,,,,,0xefc,,,,,,,,,,,,,C:\Windows\WinSxS\FileMaps\$$_microsoft.net_assembly_gac_msil_system.runtime.remoting_v4.0_4.0.0.0_b77a5c561934e089_7bd45a1c7774a4dc.cdf-ms,Security,File,,,,0x870,C:\Windows\WinSxS\amd64_microsoft-windows-servicingstack_31bf3856ad364e35_10.0.20348.557_none_f1edaeb8515fa10d\TiWorker.exe,,S:AI,,SCAFFOLD,0x3e7,DC$,S-1-5-18,,,,,,,,,,,
2026-09-02T03:21:21.319520Z,4663,dc.scaffold.htb,Microsoft-Windows-Security-Auditing,Security,21545,0,"%%1538
				",0x20000,,,,,,,0xf00,,,,,,,,,,,,,C:\Windows\WinSxS\FileMaps\$$_microsoft.net_assembly_gac_msil_system.runtime.caching_v4.0_4.0.0.0_b03f5f7f11d50a3a_d3d490bba915725e.cdf-ms,Security,File,,,,0x870,C:\Windows\WinSxS\amd64_microsoft-windows-servicingstack_31bf3856ad364e35_10.0.20348.557_none_f1edaeb8515fa10d\TiWorker.exe,,S:AI,,SCAFFOLD,0x3e7,DC$,S-1-5-18,,,,,,,,,,,
2026-09-02T03:21:21.322260Z,4663,dc.scaffold.htb,Microsoft-Windows-Security-Auditing,Security,21546,0,"%%1538
				",0x20000,,,,,,,0xf04,,,,,,,,,,,,,C:\Windows\WinSxS\FileMaps\$$_microsoft.net_assembly_gac_msil_system.net.http.webrequest_v4.0_4.0.0.0_b03f5f7f11d50a3a_efaa255295e3a257.cdf-ms,Security,File,,,,0x870,C:\Windows\WinSxS\amd64_microsoft-windows-servicingstack_31bf3856ad364e35_10.0.20348.557_none_f1edaeb8515fa10d\TiWorker.exe,,S:AI,,SCAFFOLD,0x3e7,DC$,S-1-5-18,,,,,,,,,,,
2026-09-02T03:21:21.323925Z,4663,dc.scaffold.htb,Microsoft-Windows-Security-Auditing,Security,21547,0,"%%1538
				",0x20000,,,,,,,0xf08,,,,,,,,,,,,,C:\Windows\WinSxS\FileMaps\$$_microsoft.net_assembly_gac_msil_system.net.http_v4.0_4.0.0.0_b03f5f7f11d50a3a_c02456e4349fe25c.cdf-ms,Security,File,,,,0x870,C:\Windows\WinSxS\amd64_microsoft-windows-servicingstack_31bf3856ad364e35_10.0.20348.557_none_f1edaeb8515fa10d\TiWorker.exe,,S:AI,,SCAFFOLD,0x3e7,DC$,S-1-5-18,,,,,,,,,,,
2026-09-02T03:21:21.325642Z,4663,dc.scaffold.htb,Microsoft-Windows-Security-Auditing,Security,21548,0,"%%1538
				",0x20000,,,,,,,0xf0c,,,,,,,,,,,,,C:\Windows\WinSxS\FileMaps\$$_microsoft.net_assembly_gac_msil_system.net_v4.0_4.0.0.0_b03f5f7f11d50a3a_3167549e3b04aa4e.cdf-ms,Security,File,,,,0x870,C:\Windows\WinSxS\amd64_microsoft-windows-servicingstack_31bf3856ad364e35_10.0.20348.557_none_f1edaeb8515fa10d\TiWorker.exe,,S:AI,,SCAFFOLD,0x3e7,DC$,S-1-5-18,,,,,,,,,,,
2026-09-02T03:21:21.327225Z,4663,dc.scaffold.htb,Microsoft-Windows-Security-Auditing,Security,21549,0,"%%1538
				",0x20000,,,,,,,0xf10,,,,,,,,,,,,,C:\Windows\WinSxS\FileMaps\$$_microsoft.net_assembly_gac_msil_system.io.compression_v4.0_4.0.0.0_b77a5c561934e089_c4b4345afacfcf69.cdf-ms,Security,File,,,,0x870,C:\Windows\WinSxS\amd64_microsoft-windows-servicingstack_31bf3856ad364e35_10.0.20348.557_none_f1edaeb8515fa10d\TiWorker.exe,,S:AI,,SCAFFOLD,0x3e7,DC$,S-1-5-18,,,,,,,,,,,
2026-09-02T03:21:21.328887Z,4663,dc.scaffold.htb,Microsoft-Windows-Security-Auditing,Security,21550,0,"%%1538
				",0x20000,,,,,,,0xf14,,,,,,,,,,,,,C:\Windows\WinSxS\FileMaps\$$_microsoft.net_assembly_gac_msil_system.identitymodel.services_v4.0_4.0.0.0_b77a5c561934e089_9152e5e9cf585ca0.cdf-ms,Security,File,,,,0x870,C:\Windows\WinSxS\amd64_microsoft-windows-servicingstack_31bf3856ad364e35_10.0.20348.557_none_f1edaeb8515fa10d\TiWorker.exe,,S:AI,,SCAFFOLD,0x3e7,DC$,S-1-5-18,,,,,,,,,,,
2026-09-02T03:21:21.330007Z,4663,dc.scaffold.htb,Microsoft-Windows-Security-Auditing,Security,21551,0,"%%1538
				",0x20000,,,,,,,0xf18,,,,,,,,,,,,,C:\Windows\WinSxS\FileMaps\$$_microsoft.net_assembly_gac_msil_system.identitymodel_v4.0_4.0.0.0_b77a5c561934e089_b5d483bcf27e78c2.cdf-ms,Security,File,,,,0x870,C:\Windows\WinSxS\amd64_microsoft-windows-servicingstack_31bf3856ad364e35_10.0.20348.557_none_f1edaeb8515fa10d\TiWorker.exe,,S:AI,,SCAFFOLD,0x3e7,DC$,S-1-5-18,,,,,,,,,,,
2026-09-02T03:21:21.331833Z,4663,dc.scaffold.htb,Microsoft-Windows-Security-Auditing,Security,21552,0,"%%1538
				",0x20000,,,,,,,0xf1c,,,,,,,,,,,,,C:\Windows\WinSxS\FileMaps\$$_microsoft.net_assembly_gac_msil_system.directoryservices.accountmanagement_v4.0_4.0.0.0_b77a5c561_16c16f8d1da3da7a.cdf-ms,Security,File,,,,0x870,C:\Windows\WinSxS\amd64_microsoft-windows-servicingstack_31bf3856ad364e35_10.0.20348.557_none_f1edaeb8515fa10d\TiWorker.exe,,S:AI,,SCAFFOLD,0x3e7,DC$,S-1-5-18,,,,,,,,,,,
2026-09-02T03:21:21.333021Z,4663,dc.scaffold.htb,Microsoft-Windows-Security-Auditing,Security,21553,0,"%%1538
				",0x20000,,,,,,,0xf20,,,,,,,,,,,,,C:\Windows\WinSxS\FileMaps\$$_microsoft.net_assembly_gac_msil_system.directoryservices_v4.0_4.0.0.0_b03f5f7f11d50a3a_8d57c15241d35cfa.cdf-ms,Security,File,,,,0x870,C:\Windows\WinSxS\amd64_microsoft-windows-servicingstack_31bf3856ad364e35_10.0.20348.557_none_f1edaeb8515fa10d\TiWorker.exe,,S:AI,,SCAFFOLD,0x3e7,DC$,S-1-5-18,,,,,,,,,,,
2026-09-02T03:21:21.335243Z,4663,dc.scaffold.htb,Microsoft-Windows-Security-Auditing,Security,21554,0,"%%1538
				",0x20000,,,,,,,0xf24,,,,,,,,,,,,,C:\Windows\WinSxS\FileMaps\$$_microsoft.net_assembly_gac_msil_system.deployment_v4.0_4.0.0.0_b03f5f7f11d50a3a_e63bb68aefb0cd4a.cdf-ms,Security,File,,,,0x870,C:\Windows\WinSxS\amd64_microsoft-windows-servicingstack_31bf3856ad364e35_10.0.20348.557_none_f1edaeb8515fa10d\TiWorker.exe,,S:AI,,SCAFFOLD,0x3e7,DC$,S-1-5-18,,,,,,,,,,,
2026-09-02T03:21:21.336729Z,4663,dc.scaffold.htb,Microsoft-Windows-Security-Auditing,Security,21555,0,"%%1538
				",0x20000,,,,,,,0xf34,,,,,,,,,,,,,C:\Windows\WinSxS\FileMaps\$$_microsoft.net_assembly_gac_msil_system.data.sqlxml_v4.0_4.0.0.0_b77a5c561934e089_748d37f4caf63460.cdf-ms,Security,File,,,,0x870,C:\Windows\WinSxS\amd64_microsoft-windows-servicingstack_31bf3856ad364e35_10.0.20348.557_none_f1edaeb8515fa10d\TiWorker.exe,,S:AI,,SCAFFOLD,0x3e7,DC$,S-1-5-18,,,,,,,,,,,
2026-09-02T03:21:21.338386Z,4663,dc.scaffold.htb,Microsoft-Windows-Security-Auditing,Security,21556,0,"%%1538
				",0x20000,,,,,,,0xf38,,,,,,,,,,,,,C:\Windows\WinSxS\FileMaps\$$_microsoft.net_assembly_gac_msil_system.core_v4.0_4.0.0.0_b77a5c561934e089_18d3047bb5729e36.cdf-ms,Security,File,,,,0x870,C:\Windows\WinSxS\amd64_microsoft-windows-servicingstack_31bf3856ad364e35_10.0.20348.557_none_f1edaeb8515fa10d\TiWorker.exe,,S:AI,,SCAFFOLD,0x3e7,DC$,S-1-5-18,,,,,,,,,,,
2026-09-02T03:21:21.340173Z,4663,dc.scaffold.htb,Microsoft-Windows-Security-Auditing,Security,21557,0,"%%1538
				",0x20000,,,,,,,0xf3c,,,,,,,,,,,,,C:\Windows\WinSxS\FileMaps\$$_microsoft.net_assembly_gac_msil_system.activities.presentation_v4.0_4.0.0.0_31bf3856ad364e35_3c5a73e0ef416e18.cdf-ms,Security,File,,,,0x870,C:\Windows\WinSxS\amd64_microsoft-windows-servicingstack_31bf3856ad364e35_10.0.20348.557_none_f1edaeb8515fa10d\TiWorker.exe,,S:AI,,SCAFFOLD,0x3e7,DC$,S-1-5-18,,,,,,,,,,,
2026-09-02T03:21:21.341718Z,4663,dc.scaffold.htb,Microsoft-Windows-Security-Auditing,Security,21558,0,"%%1538
				",0x20000,,,,,,,0xf40,,,,,,,,,,,,,C:\Windows\WinSxS\FileMaps\$$_microsoft.net_assembly_gac_msil_system.activities_v4.0_4.0.0.0_31bf3856ad364e35_bdef15cb807505c8.cdf-ms,Security,File,,,,0x870,C:\Windows\WinSxS\amd64_microsoft-windows-servicingstack_31bf3856ad364e35_10.0.20348.557_none_f1edaeb8515fa10d\TiWorker.exe,,S:AI,,SCAFFOLD,0x3e7,DC$,S-1-5-18,,,,,,,,,,,
2026-09-02T03:21:21.343285Z,4663,dc.scaffold.htb,Microsoft-Windows-Security-Auditing,Security,21559,0,"%%1538
				",0x20000,,,,,,,0xf44,,,,,,,,,,,,,C:\Windows\WinSxS\FileMaps\$$_microsoft.net_assembly_gac_msil_system_v4.0_4.0.0.0_b77a5c561934e089_4348a29e5981af79.cdf-ms,Security,File,,,,0x870,C:\Windows\WinSxS\amd64_microsoft-windows-servicingstack_31bf3856ad364e35_10.0.20348.557_none_f1edaeb8515fa10d\TiWorker.exe,,S:AI,,SCAFFOLD,0x3e7,DC$,S-1-5-18,,,,,,,,,,,
2026-09-02T03:21:21.345216Z,4663,dc.scaffold.htb,Microsoft-Windows-Security-Auditing,Security,21560,0,"%%1538
				",0x20000,,,,,,,0xf48,,,,,,,,,,,,,C:\Windows\WinSxS\FileMaps\$$_microsoft.net_assembly_gac_msil_smdiagnostics_v4.0_4.0.0.0_b77a5c561934e089_8a46d250f4d4a9d0.cdf-ms,Security,File,,,,0x870,C:\Windows\WinSxS\amd64_microsoft-windows-servicingstack_31bf3856ad364e35_10.0.20348.557_none_f1edaeb8515fa10d\TiWorker.exe,,S:AI,,SCAFFOLD,0x3e7,DC$,S-1-5-18,,,,,,,,,,,
2026-09-02T03:21:21.346480Z,4663,dc.scaffold.htb,Microsoft-Windows-Security-Auditing,Security,21561,0,"%%1538
				",0x20000,,,,,,,0xf4c,,,,,,,,,,,,,C:\Windows\WinSxS\FileMaps\$$_microsoft.net_assembly_gac_msil_reachframework_v4.0_4.0.0.0_31bf3856ad364e35_72298e36fcd01f69.cdf-ms,Security,File,,,,0x870,C:\Windows\WinSxS\amd64_microsoft-windows-servicingstack_31bf3856ad364e35_10.0.20348.557_none_f1edaeb8515fa10d\TiWorker.exe,,S:AI,,SCAFFOLD,0x3e7,DC$,S-1-5-18,,,,,,,,,,,
2026-09-02T03:21:21.348975Z,4663,dc.scaffold.htb,Microsoft-Windows-Security-Auditing,Security,21562,0,"%%1538
				",0x20000,,,,,,,0xf50,,,,,,,,,,,,,C:\Windows\WinSxS\FileMaps\$$_microsoft.net_assembly_gac_msil_presentationframework-systemdata_v4.0_4.0.0.0_b77a5c561934e089_89b90455552a8828.cdf-ms,Security,File,,,,0x870,C:\Windows\WinSxS\amd64_microsoft-windows-servicingstack_31bf3856ad364e35_10.0.20348.557_none_f1edaeb8515fa10d\TiWorker.exe,,S:AI,,SCAFFOLD,0x3e7,DC$,S-1-5-18,,,,,,,,,,,
2026-09-02T03:21:21.352030Z,4663,dc.scaffold.htb,Microsoft-Windows-Security-Auditing,Security,21563,0,"%%1538
				",0x20000,,,,,,,0xf54,,,,,,,,,,,,,C:\Windows\WinSxS\FileMaps\$$_microsoft.net_assembly_gac_msil_presentationframework_v4.0_4.0.0.0_31bf3856ad364e35_b57a3b1abb4f9cb2.cdf-ms,Security,File,,,,0x870,C:\Windows\WinSxS\amd64_microsoft-windows-servicingstack_31bf3856ad364e35_10.0.20348.557_none_f1edaeb8515fa10d\TiWorker.exe,,S:AI,,SCAFFOLD,0x3e7,DC$,S-1-5-18,,,,,,,,,,,
2026-09-02T03:21:21.906581Z,4985,dc.scaffold.htb,Microsoft-Windows-Security-Auditing,Security,21564,0,,,,,,,,,,,,,,,,,,,,48,,,,,,,,0x870,C:\Windows\WinSxS\amd64_microsoft-windows-servicingstack_31bf3856ad364e35_10.0.20348.557_none_f1edaeb8515fa10d\TiWorker.exe,,,DA4CB52F-4F22-11F1-A9A6-8906DE6815CD,SCAFFOLD,0x3e7,DC$,S-1-5-18,,,,,,,,,C6284384-A67C-11F1-9935-005056B98D90,,
2026-09-02T03:21:21.906857Z,4663,dc.scaffold.htb,Microsoft-Windows-Security-Auditing,Security,21565,0,"%%1537
				",0x10000,,,,,,,0x136c,,,,,,,,,,,,,C:\Windows\WinSxS\FileMaps\_0000000000000000.cdf-ms,Security,File,,,,0x870,C:\Windows\WinSxS\amd64_microsoft-windows-servicingstack_31bf3856ad364e35_10.0.20348.557_none_f1edaeb8515fa10d\TiWorker.exe,,S:AI,,SCAFFOLD,0x3e7,DC$,S-1-5-18,,,,,,,,,,,
2026-09-02T03:21:21.906873Z,4660,dc.scaffold.htb,Microsoft-Windows-Security-Auditing,Security,21566,0,,,,,,,,,0x136c,,,,,,,,,,,,,,Security,,,,,0x870,C:\Windows\WinSxS\amd64_microsoft-windows-servicingstack_31bf3856ad364e35_10.0.20348.557_none_f1edaeb8515fa10d\TiWorker.exe,,,,SCAFFOLD,0x3e7,DC$,S-1-5-18,,,,,,,,,C6284384-A67C-11F1-9935-005056B98D90,,
2026-09-02T03:21:21.917751Z,4663,dc.scaffold.htb,Microsoft-Windows-Security-Auditing,Security,21567,0,"%%4417
				",0x2,,,,,,,0x27f8,,,,,,,,,,,,,C:\Windows\WinSxS\FileMaps,Security,File,,,,0x870,C:\Windows\WinSxS\amd64_microsoft-windows-servicingstack_31bf3856ad364e35_10.0.20348.557_none_f1edaeb8515fa10d\TiWorker.exe,,S:AI,,SCAFFOLD,0x3e7,DC$,S-1-5-18,,,,,,,,,,,
2026-09-02T03:21:21.918220Z,4663,dc.scaffold.htb,Microsoft-Windows-Security-Auditing,Security,21568,0,"%%1538
				",0x20000,,,,,,,0x136c,,,,,,,,,,,,,C:\Windows\WinSxS\FileMaps,Security,File,,,,0x870,C:\Windows\WinSxS\amd64_microsoft-windows-servicingstack_31bf3856ad364e35_10.0.20348.557_none_f1edaeb8515fa10d\TiWorker.exe,,S:AI,,SCAFFOLD,0x3e7,DC$,S-1-5-18,,,,,,,,,,,
2026-09-02T03:21:21.918381Z,4663,dc.scaffold.htb,Microsoft-Windows-Security-Auditing,Security,21569,0,"%%1538
				",0x20000,,,,,,,0x136c,,,,,,,,,,,,,C:\Windows\WinSxS\FileMaps,Security,File,,,,0x870,C:\Windows\WinSxS\amd64_microsoft-windows-servicingstack_31bf3856ad364e35_10.0.20348.557_none_f1edaeb8515fa10d\TiWorker.exe,,S:AI,,SCAFFOLD,0x3e7,DC$,S-1-5-18,,,,,,,,,,,
2026-09-02T03:21:21.918621Z,4663,dc.scaffold.htb,Microsoft-Windows-Security-Auditing,Security,21570,0,"%%1537
				",0x10000,,,,,,,0x1130,,,,,,,,,,,,,C:\Windows\WinSxS\FileMaps\$$.cdf-ms,Security,File,,,,0x870,C:\Windows\WinSxS\amd64_microsoft-windows-servicingstack_31bf3856ad364e35_10.0.20348.557_none_f1edaeb8515fa10d\TiWorker.exe,,S:AI,,SCAFFOLD,0x3e7,DC$,S-1-5-18,,,,,,,,,,,
2026-09-02T03:21:21.918643Z,4660,dc.scaffold.htb,Microsoft-Windows-Security-Auditing,Security,21571,0,,,,,,,,,0x1130,,,,,,,,,,,,,,Security,,,,,0x870,C:\Windows\WinSxS\amd64_microsoft-windows-servicingstack_31bf3856ad364e35_10.0.20348.557_none_f1edaeb8515fa10d\TiWorker.exe,,,,SCAFFOLD,0x3e7,DC$,S-1-5-18,,,,,,,,,C6284384-A67C-11F1-9935-005056B98D90,,
2026-09-02T03:21:21.926635Z,4663,dc.scaffold.htb,Microsoft-Windows-Security-Auditing,Security,21572,0,"%%4417
				",0x2,,,,,,,0x27f8,,,,,,,,,,,,,C:\Windows\WinSxS\FileMaps,Security,File,,,,0x870,C:\Windows\WinSxS\amd64_microsoft-windows-servicingstack_31bf3856ad364e35_10.0.20348.557_none_f1edaeb8515fa10d\TiWorker.exe,,S:AI,,SCAFFOLD,0x3e7,DC$,S-1-5-18,,,,,,,,,,,
2026-09-02T03:21:21.927069Z,4663,dc.scaffold.htb,Microsoft-Windows-Security-Auditing,Security,21573,0,"%%1538
				",0x20000,,,,,,,0x1130,,,,,,,,,,,,,C:\Windows\WinSxS\FileMaps,Security,File,,,,0x870,C:\Windows\WinSxS\amd64_microsoft-windows-servicingstack_31bf3856ad364e35_10.0.20348.557_none_f1edaeb8515fa10d\TiWorker.exe,,S:AI,,SCAFFOLD,0x3e7,DC$,S-1-5-18,,,,,,,,,,,
2026-09-02T03:21:21.927252Z,4663,dc.scaffold.htb,Microsoft-Windows-Security-Auditing,Security,21574,0,"%%1538
				",0x20000,,,,,,,0x1130,,,,,,,,,,,,,C:\Windows\WinSxS\FileMaps,Security,File,,,,0x870,C:\Windows\WinSxS\amd64_microsoft-windows-servicingstack_31bf3856ad364e35_10.0.20348.557_none_f1edaeb8515fa10d\TiWorker.exe,,S:AI,,SCAFFOLD,0x3e7,DC$,S-1-5-18,,,,,,,,,,,
2026-09-02T03:21:21.927474Z,4663,dc.scaffold.htb,Microsoft-Windows-Security-Auditing,Security,21575,0,"%%1537
				",0x10000,,,,,,,0xda4,,,,,,,,,,,,,C:\Windows\WinSxS\FileMaps\$$_syswow64_21ffbdd2a2dd92e0.cdf-ms,Security,File,,,,0x870,C:\Windows\WinSxS\amd64_microsoft-windows-servicingstack_31bf3856ad364e35_10.0.20348.557_none_f1edaeb8515fa10d\TiWorker.exe,,S:AI,,SCAFFOLD,0x3e7,DC$,S-1-5-18,,,,,,,,,,,
2026-09-02T03:21:21.927489Z,4660,dc.scaffold.htb,Microsoft-Windows-Security-Auditing,Security,21576,0,,,,,,,,,0xda4,,,,,,,,,,,,,,Security,,,,,0x870,C:\Windows\WinSxS\amd64_microsoft-windows-servicingstack_31bf3856ad364e35_10.0.20348.557_none_f1edaeb8515fa10d\TiWorker.exe,,,,SCAFFOLD,0x3e7,DC$,S-1-5-18,,,,,,,,,C6284384-A67C-11F1-9935-005056B98D90,,
2026-09-02T03:21:21.939180Z,4663,dc.scaffold.htb,Microsoft-Windows-Security-Auditing,Security,21577,0,"%%4417
				",0x2,,,,,,,0x1338,,,,,,,,,,,,,C:\Windows\WinSxS\FileMaps,Security,File,,,,0x870,C:\Windows\WinSxS\amd64_microsoft-windows-servicingstack_31bf3856ad364e35_10.0.20348.557_none_f1edaeb8515fa10d\TiWorker.exe,,S:AI,,SCAFFOLD,0x3e7,DC$,S-1-5-18,,,,,,,,,,,
2026-09-02T03:21:21.939577Z,4663,dc.scaffold.htb,Microsoft-Windows-Security-Auditing,Security,21578,0,"%%1538
				",0x20000,,,,,,,0xda4,,,,,,,,,,,,,C:\Windows\WinSxS\FileMaps,Security,File,,,,0x870,C:\Windows\WinSxS\amd64_microsoft-windows-servicingstack_31bf3856ad364e35_10.0.20348.557_none_f1edaeb8515fa10d\TiWorker.exe,,S:AI,,SCAFFOLD,0x3e7,DC$,S-1-5-18,,,,,,,,,,,
2026-09-02T03:21:21.939744Z,4663,dc.scaffold.htb,Microsoft-Windows-Security-Auditing,Security,21579,0,"%%1538
				",0x20000,,,,,,,0xda4,,,,,,,,,,,,,C:\Windows\WinSxS\FileMaps,Security,File,,,,0x870,C:\Windows\WinSxS\amd64_microsoft-windows-servicingstack_31bf3856ad364e35_10.0.20348.557_none_f1edaeb8515fa10d\TiWorker.exe,,S:AI,,SCAFFOLD,0x3e7,DC$,S-1-5-18,,,,,,,,,,,
2026-09-02T03:21:21.939973Z,4663,dc.scaffold.htb,Microsoft-Windows-Security-Auditing,Security,21580,0,"%%1537
				",0x10000,,,,,,,0x136c,,,,,,,,,,,,,C:\Windows\WinSxS\FileMaps\$$_system32_21f9a9c4a2f8b514.cdf-ms,Security,File,,,,0x870,C:\Windows\WinSxS\amd64_microsoft-windows-servicingstack_31bf3856ad364e35_10.0.20348.557_none_f1edaeb8515fa10d\TiWorker.exe,,S:AI,,SCAFFOLD,0x3e7,DC$,S-1-5-18,,,,,,,,,,,
2026-09-02T03:21:21.939988Z,4660,dc.scaffold.htb,Microsoft-Windows-Security-Auditing,Security,21581,0,,,,,,,,,0x136c,,,,,,,,,,,,,,Security,,,,,0x870,C:\Windows\WinSxS\amd64_microsoft-windows-servicingstack_31bf3856ad364e35_10.0.20348.557_none_f1edaeb8515fa10d\TiWorker.exe,,,,SCAFFOLD,0x3e7,DC$,S-1-5-18,,,,,,,,,C6284384-A67C-11F1-9935-005056B98D90,,
2026-09-02T03:21:21.955511Z,4663,dc.scaffold.htb,Microsoft-Windows-Security-Auditing,Security,21582,0,"%%4417
				",0x2,,,,,,,0x225c,,,,,,,,,,,,,C:\Windows\WinSxS\FileMaps,Security,File,,,,0x870,C:\Windows\WinSxS\amd64_microsoft-windows-servicingstack_31bf3856ad364e35_10.0.20348.557_none_f1edaeb8515fa10d\TiWorker.exe,,S:AI,,SCAFFOLD,0x3e7,DC$,S-1-5-18,,,,,,,,,,,
2026-09-02T03:21:21.955880Z,4663,dc.scaffold.htb,Microsoft-Windows-Security-Auditing,Security,21583,0,"%%1538
				",0x20000,,,,,,,0x136c,,,,,,,,,,,,,C:\Windows\WinSxS\FileMaps,Security,File,,,,0x870,C:\Windows\WinSxS\amd64_microsoft-windows-servicingstack_31bf3856ad364e35_10.0.20348.557_none_f1edaeb8515fa10d\TiWorker.exe,,S:AI,,SCAFFOLD,0x3e7,DC$,S-1-5-18,,,,,,,,,,,
2026-09-02T03:21:21.956092Z,4663,dc.scaffold.htb,Microsoft-Windows-Security-Auditing,Security,21584,0,"%%1538
				",0x20000,,,,,,,0x136c,,,,,,,,,,,,,C:\Windows\WinSxS\FileMaps,Security,File,,,,0x870,C:\Windows\WinSxS\amd64_microsoft-windows-servicingstack_31bf3856ad364e35_10.0.20348.557_none_f1edaeb8515fa10d\TiWorker.exe,,S:AI,,SCAFFOLD,0x3e7,DC$,S-1-5-18,,,,,,,,,,,
2026-09-02T03:21:21.956310Z,4663,dc.scaffold.htb,Microsoft-Windows-Security-Auditing,Security,21585,0,"%%1537
				",0x10000,,,,,,,0x1374,,,,,,,,,,,,,C:\Windows\WinSxS\FileMaps\$$_system32_wbem_06656d9fdf2f8577.cdf-ms,Security,File,,,,0x870,C:\Windows\WinSxS\amd64_microsoft-windows-servicingstack_31bf3856ad364e35_10.0.20348.557_none_f1edaeb8515fa10d\TiWorker.exe,,S:AI,,SCAFFOLD,0x3e7,DC$,S-1-5-18,,,,,,,,,,,
2026-09-02T03:21:21.956325Z,4660,dc.scaffold.htb,Microsoft-Windows-Security-Auditing,Security,21586,0,,,,,,,,,0x1374,,,,,,,,,,,,,,Security,,,,,0x870,C:\Windows\WinSxS\amd64_microsoft-windows-servicingstack_31bf3856ad364e35_10.0.20348.557_none_f1edaeb8515fa10d\TiWorker.exe,,,,SCAFFOLD,0x3e7,DC$,S-1-5-18,,,,,,,,,C6284384-A67C-11F1-9935-005056B98D90,,
2026-09-02T03:21:21.962792Z,4663,dc.scaffold.htb,Microsoft-Windows-Security-Auditing,Security,21587,0,"%%4417
				",0x2,,,,,,,0x225c,,,,,,,,,,,,,C:\Windows\WinSxS\FileMaps,Security,File,,,,0x870,C:\Windows\WinSxS\amd64_microsoft-windows-servicingstack_31bf3856ad364e35_10.0.20348.557_none_f1edaeb8515fa10d\TiWorker.exe,,S:AI,,SCAFFOLD,0x3e7,DC$,S-1-5-18,,,,,,,,,,,
2026-09-02T03:21:21.963129Z,4663,dc.scaffold.htb,Microsoft-Windows-Security-Auditing,Security,21588,0,"%%1538
				",0x20000,,,,,,,0xda4,,,,,,,,,,,,,C:\Windows\WinSxS\FileMaps,Security,File,,,,0x870,C:\Windows\WinSxS\amd64_microsoft-windows-servicingstack_31bf3856ad364e35_10.0.20348.557_none_f1edaeb8515fa10d\TiWorker.exe,,S:AI,,SCAFFOLD,0x3e7,DC$,S-1-5-18,,,,,,,,,,,
2026-09-02T03:21:21.963283Z,4663,dc.scaffold.htb,Microsoft-Windows-Security-Auditing,Security,21589,0,"%%1538
				",0x20000,,,,,,,0xda4,,,,,,,,,,,,,C:\Windows\WinSxS\FileMaps,Security,File,,,,0x870,C:\Windows\WinSxS\amd64_microsoft-windows-servicingstack_31bf3856ad364e35_10.0.20348.557_none_f1edaeb8515fa10d\TiWorker.exe,,S:AI,,SCAFFOLD,0x3e7,DC$,S-1-5-18,,,,,,,,,,,
2026-09-02T03:21:21.963501Z,4663,dc.scaffold.htb,Microsoft-Windows-Security-Auditing,Security,21590,0,"%%1537
				",0x10000,,,,,,,0x136c,,,,,,,,,,,,,C:\Windows\WinSxS\FileMaps\$$_microsoft.net_3296b36dbe4c7fa3.cdf-ms,Security,File,,,,0x870,C:\Windows\WinSxS\amd64_microsoft-windows-servicingstack_31bf3856ad364e35_10.0.20348.557_none_f1edaeb8515fa10d\TiWorker.exe,,S:AI,,SCAFFOLD,0x3e7,DC$,S-1-5-18,,,,,,,,,,,
2026-09-02T03:21:21.963519Z,4660,dc.scaffold.htb,Microsoft-Windows-Security-Auditing,Security,21591,0,,,,,,,,,0x136c,,,,,,,,,,,,,,Security,,,,,0x870,C:\Windows\WinSxS\amd64_microsoft-windows-servicingstack_31bf3856ad364e35_10.0.20348.557_none_f1edaeb8515fa10d\TiWorker.exe,,,,SCAFFOLD,0x3e7,DC$,S-1-5-18,,,,,,,,,C6284384-A67C-11F1-9935-005056B98D90,,
2026-09-02T03:21:21.965755Z,4663,dc.scaffold.htb,Microsoft-Windows-Security-Auditing,Security,21592,0,"%%4417
				",0x2,,,,,,,0x225c,,,,,,,,,,,,,C:\Windows\WinSxS\FileMaps,Security,File,,,,0x870,C:\Windows\WinSxS\amd64_microsoft-windows-servicingstack_31bf3856ad364e35_10.0.20348.557_none_f1edaeb8515fa10d\TiWorker.exe,,S:AI,,SCAFFOLD,0x3e7,DC$,S-1-5-18,,,,,,,,,,,
2026-09-02T03:21:21.966059Z,4663,dc.scaffold.htb,Microsoft-Windows-Security-Auditing,Security,21593,0,"%%1538
				",0x20000,,,,,,,0x136c,,,,,,,,,,,,,C:\Windows\WinSxS\FileMaps,Security,File,,,,0x870,C:\Windows\WinSxS\amd64_microsoft-windows-servicingstack_31bf3856ad364e35_10.0.20348.557_none_f1edaeb8515fa10d\TiWorker.exe,,S:AI,,SCAFFOLD,0x3e7,DC$,S-1-5-18,,,,,,,,,,,
2026-09-02T03:21:21.966204Z,4663,dc.scaffold.htb,Microsoft-Windows-Security-Auditing,Security,21594,0,"%%1538
				",0x20000,,,,,,,0x136c,,,,,,,,,,,,,C:\Windows\WinSxS\FileMaps,Security,File,,,,0x870,C:\Windows\WinSxS\amd64_microsoft-windows-servicingstack_31bf3856ad364e35_10.0.20348.557_none_f1edaeb8515fa10d\TiWorker.exe,,S:AI,,SCAFFOLD,0x3e7,DC$,S-1-5-18,,,,,,,,,,,
2026-09-02T03:21:21.966408Z,4663,dc.scaffold.htb,Microsoft-Windows-Security-Auditing,Security,21595,0,"%%1537
				",0x10000,,,,,,,0x1374,,,,,,,,,,,,,C:\Windows\WinSxS\FileMaps\$$_microsoft.net_framework64_083d4e330e766c5d.cdf-ms,Security,File,,,,0x870,C:\Windows\WinSxS\amd64_microsoft-windows-servicingstack_31bf3856ad364e35_10.0.20348.557_none_f1edaeb8515fa10d\TiWorker.exe,,S:AI,,SCAFFOLD,0x3e7,DC$,S-1-5-18,,,,,,,,,,,
2026-09-02T03:21:21.966421Z,4660,dc.scaffold.htb,Microsoft-Windows-Security-Auditing,Security,21596,0,,,,,,,,,0x1374,,,,,,,,,,,,,,Security,,,,,0x870,C:\Windows\WinSxS\amd64_microsoft-windows-servicingstack_31bf3856ad364e35_10.0.20348.557_none_f1edaeb8515fa10d\TiWorker.exe,,,,SCAFFOLD,0x3e7,DC$,S-1-5-18,,,,,,,,,C6284384-A67C-11F1-9935-005056B98D90,,
2026-09-02T03:21:21.968940Z,4663,dc.scaffold.htb,Microsoft-Windows-Security-Auditing,Security,21597,0,"%%4417
				",0x2,,,,,,,0x225c,,,,,,,,,,,,,C:\Windows\WinSxS\FileMaps,Security,File,,,,0x870,C:\Windows\WinSxS\amd64_microsoft-windows-servicingstack_31bf3856ad364e35_10.0.20348.557_none_f1edaeb8515fa10d\TiWorker.exe,,S:AI,,SCAFFOLD,0x3e7,DC$,S-1-5-18,,,,,,,,,,,
2026-09-02T03:21:21.969619Z,4663,dc.scaffold.htb,Microsoft-Windows-Security-Auditing,Security,21598,0,"%%1538
				",0x20000,,,,,,,0x1374,,,,,,,,,,,,,C:\Windows\WinSxS\FileMaps,Security,File,,,,0x870,C:\Windows\WinSxS\amd64_microsoft-windows-servicingstack_31bf3856ad364e35_10.0.20348.557_none_f1edaeb8515fa10d\TiWorker.exe,,S:AI,,SCAFFOLD,0x3e7,DC$,S-1-5-18,,,,,,,,,,,
2026-09-02T03:21:21.969793Z,4663,dc.scaffold.htb,Microsoft-Windows-Security-Auditing,Security,21599,0,"%%1538
				",0x20000,,,,,,,0x1374,,,,,,,,,,,,,C:\Windows\WinSxS\FileMaps,Security,File,,,,0x870,C:\Windows\WinSxS\amd64_microsoft-windows-servicingstack_31bf3856ad364e35_10.0.20348.557_none_f1edaeb8515fa10d\TiWorker.exe,,S:AI,,SCAFFOLD,0x3e7,DC$,S-1-5-18,,,,,,,,,,,
2026-09-02T03:21:21.970561Z,4663,dc.scaffold.htb,Microsoft-Windows-Security-Auditing,Security,21600,0,"%%1537
				",0x10000,,,,,,,0xda4,,,,,,,,,,,,,C:\Windows\WinSxS\FileMaps\$$_microsoft.net_framework64_v4.0.30319_46321ba736a30085.cdf-ms,Security,File,,,,0x870,C:\Windows\WinSxS\amd64_microsoft-windows-servicingstack_31bf3856ad364e35_10.0.20348.557_none_f1edaeb8515fa10d\TiWorker.exe,,S:AI,,SCAFFOLD,0x3e7,DC$,S-1-5-18,,,,,,,,,,,
2026-09-02T03:21:21.970565Z,4660,dc.scaffold.htb,Microsoft-Windows-Security-Auditing,Security,21601,0,,,,,,,,,0xda4,,,,,,,,,,,,,,Security,,,,,0x870,C:\Windows\WinSxS\amd64_microsoft-windows-servicingstack_31bf3856ad364e35_10.0.20348.557_none_f1edaeb8515fa10d\TiWorker.exe,,,,SCAFFOLD,0x3e7,DC$,S-1-5-18,,,,,,,,,C6284384-A67C-11F1-9935-005056B98D90,,
2026-09-02T03:21:21.973668Z,4663,dc.scaffold.htb,Microsoft-Windows-Security-Auditing,Security,21602,0,"%%4417
				",0x2,,,,,,,0x225c,,,,,,,,,,,,,C:\Windows\WinSxS\FileMaps,Security,File,,,,0x870,C:\Windows\WinSxS\amd64_microsoft-windows-servicingstack_31bf3856ad364e35_10.0.20348.557_none_f1edaeb8515fa10d\TiWorker.exe,,S:AI,,SCAFFOLD,0x3e7,DC$,S-1-5-18,,,,,,,,,,,
2026-09-02T03:21:21.973942Z,4663,dc.scaffold.htb,Microsoft-Windows-Security-Auditing,Security,21603,0,"%%1538
				",0x20000,,,,,,,0xda4,,,,,,,,,,,,,C:\Windows\WinSxS\FileMaps,Security,File,,,,0x870,C:\Windows\WinSxS\amd64_microsoft-windows-servicingstack_31bf3856ad364e35_10.0.20348.557_none_f1edaeb8515fa10d\TiWorker.exe,,S:AI,,SCAFFOLD,0x3e7,DC$,S-1-5-18,,,,,,,,,,,
2026-09-02T03:21:21.974082Z,4663,dc.scaffold.htb,Microsoft-Windows-Security-Auditing,Security,21604,0,"%%1538
				",0x20000,,,,,,,0xda4,,,,,,,,,,,,,C:\Windows\WinSxS\FileMaps,Security,File,,,,0x870,C:\Windows\WinSxS\amd64_microsoft-windows-servicingstack_31bf3856ad364e35_10.0.20348.557_none_f1edaeb8515fa10d\TiWorker.exe,,S:AI,,SCAFFOLD,0x3e7,DC$,S-1-5-18,,,,,,,,,,,
2026-09-02T03:21:21.974289Z,4663,dc.scaffold.htb,Microsoft-Windows-Security-Auditing,Security,21605,0,"%%1537
				",0x10000,,,,,,,0x136c,,,,,,,,,,,,,C:\Windows\WinSxS\FileMaps\$$_microsoft.net_framework64_v4.0.30319_wpf_647a02df72a14032.cdf-ms,Security,File,,,,0x870,C:\Windows\WinSxS\amd64_microsoft-windows-servicingstack_31bf3856ad364e35_10.0.20348.557_none_f1edaeb8515fa10d\TiWorker.exe,,S:AI,,SCAFFOLD,0x3e7,DC$,S-1-5-18,,,,,,,,,,,
2026-09-02T03:21:21.974302Z,4660,dc.scaffold.htb,Microsoft-Windows-Security-Auditing,Security,21606,0,,,,,,,,,0x136c,,,,,,,,,,,,,,Security,,,,,0x870,C:\Windows\WinSxS\amd64_microsoft-windows-servicingstack_31bf3856ad364e35_10.0.20348.557_none_f1edaeb8515fa10d\TiWorker.exe,,,,SCAFFOLD,0x3e7,DC$,S-1-5-18,,,,,,,,,C6284384-A67C-11F1-9935-005056B98D90,,
2026-09-02T03:21:21.976879Z,4663,dc.scaffold.htb,Microsoft-Windows-Security-Auditing,Security,21607,0,"%%4417
				",0x2,,,,,,,0x1338,,,,,,,,,,,,,C:\Windows\WinSxS\FileMaps,Security,File,,,,0x870,C:\Windows\WinSxS\amd64_microsoft-windows-servicingstack_31bf3856ad364e35_10.0.20348.557_none_f1edaeb8515fa10d\TiWorker.exe,,S:AI,,SCAFFOLD,0x3e7,DC$,S-1-5-18,,,,,,,,,,,
2026-09-02T03:21:21.977162Z,4663,dc.scaffold.htb,Microsoft-Windows-Security-Auditing,Security,21608,0,"%%1538
				",0x20000,,,,,,,0x136c,,,,,,,,,,,,,C:\Windows\WinSxS\FileMaps,Security,File,,,,0x870,C:\Windows\WinSxS\amd64_microsoft-windows-servicingstack_31bf3856ad364e35_10.0.20348.557_none_f1edaeb8515fa10d\TiWorker.exe,,S:AI,,SCAFFOLD,0x3e7,DC$,S-1-5-18,,,,,,,,,,,
2026-09-02T03:21:21.977311Z,4663,dc.scaffold.htb,Microsoft-Windows-Security-Auditing,Security,21609,0,"%%1538
				",0x20000,,,,,,,0x136c,,,,,,,,,,,,,C:\Windows\WinSxS\FileMaps,Security,File,,,,0x870,C:\Windows\WinSxS\amd64_microsoft-windows-servicingstack_31bf3856ad364e35_10.0.20348.557_none_f1edaeb8515fa10d\TiWorker.exe,,S:AI,,SCAFFOLD,0x3e7,DC$,S-1-5-18,,,,,,,,,,,
2026-09-02T03:21:21.977591Z,4663,dc.scaffold.htb,Microsoft-Windows-Security-Auditing,Security,21610,0,"%%1537
				",0x10000,,,,,,,0xe38,,,,,,,,,,,,,C:\Windows\WinSxS\FileMaps\$$_microsoft.net_framework64_v4.0.30319_wpf_fonts_0428e0346460ac4c.cdf-ms,Security,File,,,,0x870,C:\Windows\WinSxS\amd64_microsoft-windows-servicingstack_31bf3856ad364e35_10.0.20348.557_none_f1edaeb8515fa10d\TiWorker.exe,,S:AI,,SCAFFOLD,0x3e7,DC$,S-1-5-18,,,,,,,,,,,
2026-09-02T03:21:21.977598Z,4660,dc.scaffold.htb,Microsoft-Windows-Security-Auditing,Security,21611,0,,,,,,,,,0xe38,,,,,,,,,,,,,,Security,,,,,0x870,C:\Windows\WinSxS\amd64_microsoft-windows-servicingstack_31bf3856ad364e35_10.0.20348.557_none_f1edaeb8515fa10d\TiWorker.exe,,,,SCAFFOLD,0x3e7,DC$,S-1-5-18,,,,,,,,,C6284384-A67C-11F1-9935-005056B98D90,,
2026-09-02T03:21:21.983104Z,4663,dc.scaffold.htb,Microsoft-Windows-Security-Auditing,Security,21612,0,"%%4417
				",0x2,,,,,,,0x2064,,,,,,,,,,,,,C:\Windows\WinSxS\FileMaps,Security,File,,,,0x870,C:\Windows\WinSxS\amd64_microsoft-windows-servicingstack_31bf3856ad364e35_10.0.20348.557_none_f1edaeb8515fa10d\TiWorker.exe,,S:AI,,SCAFFOLD,0x3e7,DC$,S-1-5-18,,,,,,,,,,,
2026-09-02T03:21:21.983405Z,4663,dc.scaffold.htb,Microsoft-Windows-Security-Auditing,Security,21613,0,"%%1538
				",0x20000,,,,,,,0xda4,,,,,,,,,,,,,C:\Windows\WinSxS\FileMaps,Security,File,,,,0x870,C:\Windows\WinSxS\amd64_microsoft-windows-servicingstack_31bf3856ad364e35_10.0.20348.557_none_f1edaeb8515fa10d\TiWorker.exe,,S:AI,,SCAFFOLD,0x3e7,DC$,S-1-5-18,,,,,,,,,,,
2026-09-02T03:21:21.983555Z,4663,dc.scaffold.htb,Microsoft-Windows-Security-Auditing,Security,21614,0,"%%1538
				",0x20000,,,,,,,0xda4,,,,,,,,,,,,,C:\Windows\WinSxS\FileMaps,Security,File,,,,0x870,C:\Windows\WinSxS\amd64_microsoft-windows-servicingstack_31bf3856ad364e35_10.0.20348.557_none_f1edaeb8515fa10d\TiWorker.exe,,S:AI,,SCAFFOLD,0x3e7,DC$,S-1-5-18,,,,,,,,,,,
2026-09-02T03:21:21.983759Z,4663,dc.scaffold.htb,Microsoft-Windows-Security-Auditing,Security,21615,0,"%%1537
				",0x10000,,,,,,,0x1370,,,,,,,,,,,,,C:\Windows\WinSxS\FileMaps\$$_microsoft.net_framework64_v4.0.30319_wpf_en-us_0242687c673a608c.cdf-ms,Security,File,,,,0x870,C:\Windows\WinSxS\amd64_microsoft-windows-servicingstack_31bf3856ad364e35_10.0.20348.557_none_f1edaeb8515fa10d\TiWorker.exe,,S:AI,,SCAFFOLD,0x3e7,DC$,S-1-5-18,,,,,,,,,,,
2026-09-02T03:21:21.983771Z,4660,dc.scaffold.htb,Microsoft-Windows-Security-Auditing,Security,21616,0,,,,,,,,,0x1370,,,,,,,,,,,,,,Security,,,,,0x870,C:\Windows\WinSxS\amd64_microsoft-windows-servicingstack_31bf3856ad364e35_10.0.20348.557_none_f1edaeb8515fa10d\TiWorker.exe,,,,SCAFFOLD,0x3e7,DC$,S-1-5-18,,,,,,,,,C6284384-A67C-11F1-9935-005056B98D90,,
2026-09-02T03:21:21.987163Z,4663,dc.scaffold.htb,Microsoft-Windows-Security-Auditing,Security,21617,0,"%%4417
				",0x2,,,,,,,0x2064,,,,,,,,,,,,,C:\Windows\WinSxS\FileMaps,Security,File,,,,0x870,C:\Windows\WinSxS\amd64_microsoft-windows-servicingstack_31bf3856ad364e35_10.0.20348.557_none_f1edaeb8515fa10d\TiWorker.exe,,S:AI,,SCAFFOLD,0x3e7,DC$,S-1-5-18,,,,,,,,,,,
2026-09-02T03:21:21.987464Z,4663,dc.scaffold.htb,Microsoft-Windows-Security-Auditing,Security,21618,0,"%%1538
				",0x20000,,,,,,,0x1370,,,,,,,,,,,,,C:\Windows\WinSxS\FileMaps,Security,File,,,,0x870,C:\Windows\WinSxS\amd64_microsoft-windows-servicingstack_31bf3856ad364e35_10.0.20348.557_none_f1edaeb8515fa10d\TiWorker.exe,,S:AI,,SCAFFOLD,0x3e7,DC$,S-1-5-18,,,,,,,,,,,
2026-09-02T03:21:21.987655Z,4663,dc.scaffold.htb,Microsoft-Windows-Security-Auditing,Security,21619,0,"%%1538
				",0x20000,,,,,,,0x1370,,,,,,,,,,,,,C:\Windows\WinSxS\FileMaps,Security,File,,,,0x870,C:\Windows\WinSxS\amd64_microsoft-windows-servicingstack_31bf3856ad364e35_10.0.20348.557_none_f1edaeb8515fa10d\TiWorker.exe,,S:AI,,SCAFFOLD,0x3e7,DC$,S-1-5-18,,,,,,,,,,,
2026-09-02T03:21:21.987870Z,4663,dc.scaffold.htb,Microsoft-Windows-Security-Auditing,Security,21620,0,"%%1537
				",0x10000,,,,,,,0x1374,,,,,,,,,,,,,C:\Windows\WinSxS\FileMaps\$$_microsoft.net_framework64_v4.0.30319_nativeimages_ae465c5139d1dacc.cdf-ms,Security,File,,,,0x870,C:\Windows\WinSxS\amd64_microsoft-windows-servicingstack_31bf3856ad364e35_10.0.20348.557_none_f1edaeb8515fa10d\TiWorker.exe,,S:AI,,SCAFFOLD,0x3e7,DC$,S-1-5-18,,,,,,,,,,,
2026-09-02T03:21:21.987875Z,4660,dc.scaffold.htb,Microsoft-Windows-Security-Auditing,Security,21621,0,,,,,,,,,0x1374,,,,,,,,,,,,,,Security,,,,,0x870,C:\Windows\WinSxS\amd64_microsoft-windows-servicingstack_31bf3856ad364e35_10.0.20348.557_none_f1edaeb8515fa10d\TiWorker.exe,,,,SCAFFOLD,0x3e7,DC$,S-1-5-18,,,,,,,,,C6284384-A67C-11F1-9935-005056B98D90,,
2026-09-02T03:21:21.989616Z,4663,dc.scaffold.htb,Microsoft-Windows-Security-Auditing,Security,21622,0,"%%4417
				",0x2,,,,,,,0x2064,,,,,,,,,,,,,C:\Windows\WinSxS\FileMaps,Security,File,,,,0x870,C:\Windows\WinSxS\amd64_microsoft-windows-servicingstack_31bf3856ad364e35_10.0.20348.557_none_f1edaeb8515fa10d\TiWorker.exe,,S:AI,,SCAFFOLD,0x3e7,DC$,S-1-5-18,,,,,,,,,,,
2026-09-02T03:21:21.989920Z,4663,dc.scaffold.htb,Microsoft-Windows-Security-Auditing,Security,21623,0,"%%1538
				",0x20000,,,,,,,0x1374,,,,,,,,,,,,,C:\Windows\WinSxS\FileMaps,Security,File,,,,0x870,C:\Windows\WinSxS\amd64_microsoft-windows-servicingstack_31bf3856ad364e35_10.0.20348.557_none_f1edaeb8515fa10d\TiWorker.exe,,S:AI,,SCAFFOLD,0x3e7,DC$,S-1-5-18,,,,,,,,,,,
2026-09-02T03:21:21.990084Z,4663,dc.scaffold.htb,Microsoft-Windows-Security-Auditing,Security,21624,0,"%%1538
				",0x20000,,,,,,,0x1374,,,,,,,,,,,,,C:\Windows\WinSxS\FileMaps,Security,File,,,,0x870,C:\Windows\WinSxS\amd64_microsoft-windows-servicingstack_31bf3856ad364e35_10.0.20348.557_none_f1edaeb8515fa10d\TiWorker.exe,,S:AI,,SCAFFOLD,0x3e7,DC$,S-1-5-18,,,,,,,,,,,
2026-09-02T03:21:21.990293Z,4663,dc.scaffold.htb,Microsoft-Windows-Security-Auditing,Security,21625,0,"%%1537
				",0x10000,,,,,,,0xda4,,,,,,,,,,,,,C:\Windows\WinSxS\FileMaps\$$_microsoft.net_framework_83386eac0379231b.cdf-ms,Security,File,,,,0x870,C:\Windows\WinSxS\amd64_microsoft-windows-servicingstack_31bf3856ad364e35_10.0.20348.557_none_f1edaeb8515fa10d\TiWorker.exe,,S:AI,,SCAFFOLD,0x3e7,DC$,S-1-5-18,,,,,,,,,,,
2026-09-02T03:21:21.990299Z,4660,dc.scaffold.htb,Microsoft-Windows-Security-Auditing,Security,21626,0,,,,,,,,,0xda4,,,,,,,,,,,,,,Security,,,,,0x870,C:\Windows\WinSxS\amd64_microsoft-windows-servicingstack_31bf3856ad364e35_10.0.20348.557_none_f1edaeb8515fa10d\TiWorker.exe,,,,SCAFFOLD,0x3e7,DC$,S-1-5-18,,,,,,,,,C6284384-A67C-11F1-9935-005056B98D90,,
2026-09-02T03:21:21.994762Z,4663,dc.scaffold.htb,Microsoft-Windows-Security-Auditing,Security,21627,0,"%%4417
				",0x2,,,,,,,0x1a88,,,,,,,,,,,,,C:\Windows\WinSxS\FileMaps,Security,File,,,,0x870,C:\Windows\WinSxS\amd64_microsoft-windows-servicingstack_31bf3856ad364e35_10.0.20348.557_none_f1edaeb8515fa10d\TiWorker.exe,,S:AI,,SCAFFOLD,0x3e7,DC$,S-1-5-18,,,,,,,,,,,
2026-09-02T03:21:21.995063Z,4663,dc.scaffold.htb,Microsoft-Windows-Security-Auditing,Security,21628,0,"%%1538
				",0x20000,,,,,,,0xe38,,,,,,,,,,,,,C:\Windows\WinSxS\FileMaps,Security,File,,,,0x870,C:\Windows\WinSxS\amd64_microsoft-windows-servicingstack_31bf3856ad364e35_10.0.20348.557_none_f1edaeb8515fa10d\TiWorker.exe,,S:AI,,SCAFFOLD,0x3e7,DC$,S-1-5-18,,,,,,,,,,,
2026-09-02T03:21:21.995214Z,4663,dc.scaffold.htb,Microsoft-Windows-Security-Auditing,Security,21629,0,"%%1538
				",0x20000,,,,,,,0xe38,,,,,,,,,,,,,C:\Windows\WinSxS\FileMaps,Security,File,,,,0x870,C:\Windows\WinSxS\amd64_microsoft-windows-servicingstack_31bf3856ad364e35_10.0.20348.557_none_f1edaeb8515fa10d\TiWorker.exe,,S:AI,,SCAFFOLD,0x3e7,DC$,S-1-5-18,,,,,,,,,,,
2026-09-02T03:21:21.995419Z,4663,dc.scaffold.htb,Microsoft-Windows-Security-Auditing,Security,21630,0,"%%1537
				",0x10000,,,,,,,0x1130,,,,,,,,,,,,,C:\Windows\WinSxS\FileMaps\$$_microsoft.net_framework_v4.0.30319_c40c7a995ddd757b.cdf-ms,Security,File,,,,0x870,C:\Windows\WinSxS\amd64_microsoft-windows-servicingstack_31bf3856ad364e35_10.0.20348.557_none_f1edaeb8515fa10d\TiWorker.exe,,S:AI,,SCAFFOLD,0x3e7,DC$,S-1-5-18,,,,,,,,,,,
2026-09-02T03:21:21.995431Z,4660,dc.scaffold.htb,Microsoft-Windows-Security-Auditing,Security,21631,0,,,,,,,,,0x1130,,,,,,,,,,,,,,Security,,,,,0x870,C:\Windows\WinSxS\amd64_microsoft-windows-servicingstack_31bf3856ad364e35_10.0.20348.557_none_f1edaeb8515fa10d\TiWorker.exe,,,,SCAFFOLD,0x3e7,DC$,S-1-5-18,,,,,,,,,C6284384-A67C-11F1-9935-005056B98D90,,
2026-09-02T03:21:21.998156Z,4663,dc.scaffold.htb,Microsoft-Windows-Security-Auditing,Security,21632,0,"%%4417
				",0x2,,,,,,,0x1a88,,,,,,,,,,,,,C:\Windows\WinSxS\FileMaps,Security,File,,,,0x870,C:\Windows\WinSxS\amd64_microsoft-windows-servicingstack_31bf3856ad364e35_10.0.20348.557_none_f1edaeb8515fa10d\TiWorker.exe,,S:AI,,SCAFFOLD,0x3e7,DC$,S-1-5-18,,,,,,,,,,,
2026-09-02T03:21:21.998424Z,4663,dc.scaffold.htb,Microsoft-Windows-Security-Auditing,Security,21633,0,"%%1538
				",0x20000,,,,,,,0x1130,,,,,,,,,,,,,C:\Windows\WinSxS\FileMaps,Security,File,,,,0x870,C:\Windows\WinSxS\amd64_microsoft-windows-servicingstack_31bf3856ad364e35_10.0.20348.557_none_f1edaeb8515fa10d\TiWorker.exe,,S:AI,,SCAFFOLD,0x3e7,DC$,S-1-5-18,,,,,,,,,,,
2026-09-02T03:21:21.998564Z,4663,dc.scaffold.htb,Microsoft-Windows-Security-Auditing,Security,21634,0,"%%1538
				",0x20000,,,,,,,0x1130,,,,,,,,,,,,,C:\Windows\WinSxS\FileMaps,Security,File,,,,0x870,C:\Windows\WinSxS\amd64_microsoft-windows-servicingstack_31bf3856ad364e35_10.0.20348.557_none_f1edaeb8515fa10d\TiWorker.exe,,S:AI,,SCAFFOLD,0x3e7,DC$,S-1-5-18,,,,,,,,,,,
2026-09-02T03:21:21.998829Z,4663,dc.scaffold.htb,Microsoft-Windows-Security-Auditing,Security,21635,0,"%%1537
				",0x10000,,,,,,,0x136c,,,,,,,,,,,,,C:\Windows\WinSxS\FileMaps\$$_microsoft.net_framework_v4.0.30319_wpf_bc1339ef8efa3c4c.cdf-ms,Security,File,,,,0x870,C:\Windows\WinSxS\amd64_microsoft-windows-servicingstack_31bf3856ad364e35_10.0.20348.557_none_f1edaeb8515fa10d\TiWorker.exe,,S:AI,,SCAFFOLD,0x3e7,DC$,S-1-5-18,,,,,,,,,,,
2026-09-02T03:21:21.998833Z,4660,dc.scaffold.htb,Microsoft-Windows-Security-Auditing,Security,21636,0,,,,,,,,,0x136c,,,,,,,,,,,,,,Security,,,,,0x870,C:\Windows\WinSxS\amd64_microsoft-windows-servicingstack_31bf3856ad364e35_10.0.20348.557_none_f1edaeb8515fa10d\TiWorker.exe,,,,SCAFFOLD,0x3e7,DC$,S-1-5-18,,,,,,,,,C6284384-A67C-11F1-9935-005056B98D90,,
2026-09-02T03:21:22.001127Z,4663,dc.scaffold.htb,Microsoft-Windows-Security-Auditing,Security,21637,0,"%%4417
				",0x2,,,,,,,0x2064,,,,,,,,,,,,,C:\Windows\WinSxS\FileMaps,Security,File,,,,0x870,C:\Windows\WinSxS\amd64_microsoft-windows-servicingstack_31bf3856ad364e35_10.0.20348.557_none_f1edaeb8515fa10d\TiWorker.exe,,S:AI,,SCAFFOLD,0x3e7,DC$,S-1-5-18,,,,,,,,,,,
2026-09-02T03:21:22.001427Z,4663,dc.scaffold.htb,Microsoft-Windows-Security-Auditing,Security,21638,0,"%%1538
				",0x20000,,,,,,,0x136c,,,,,,,,,,,,,C:\Windows\WinSxS\FileMaps,Security,File,,,,0x870,C:\Windows\WinSxS\amd64_microsoft-windows-servicingstack_31bf3856ad364e35_10.0.20348.557_none_f1edaeb8515fa10d\TiWorker.exe,,S:AI,,SCAFFOLD,0x3e7,DC$,S-1-5-18,,,,,,,,,,,
2026-09-02T03:21:22.001571Z,4663,dc.scaffold.htb,Microsoft-Windows-Security-Auditing,Security,21639,0,"%%1538
				",0x20000,,,,,,,0x136c,,,,,,,,,,,,,C:\Windows\WinSxS\FileMaps,Security,File,,,,0x870,C:\Windows\WinSxS\amd64_microsoft-windows-servicingstack_31bf3856ad364e35_10.0.20348.557_none_f1edaeb8515fa10d\TiWorker.exe,,S:AI,,SCAFFOLD,0x3e7,DC$,S-1-5-18,,,,,,,,,,,
2026-09-02T03:21:22.001782Z,4663,dc.scaffold.htb,Microsoft-Windows-Security-Auditing,Security,21640,0,"%%1537
				",0x10000,,,,,,,0x1374,,,,,,,,,,,,,C:\Windows\WinSxS\FileMaps\$$_microsoft.net_framework_v4.0.30319_wpf_fonts_dc62106d96619a3c.cdf-ms,Security,File,,,,0x870,C:\Windows\WinSxS\amd64_microsoft-windows-servicingstack_31bf3856ad364e35_10.0.20348.557_none_f1edaeb8515fa10d\TiWorker.exe,,S:AI,,SCAFFOLD,0x3e7,DC$,S-1-5-18,,,,,,,,,,,
2026-09-02T03:21:22.001797Z,4660,dc.scaffold.htb,Microsoft-Windows-Security-Auditing,Security,21641,0,,,,,,,,,0x1374,,,,,,,,,,,,,,Security,,,,,0x870,C:\Windows\WinSxS\amd64_microsoft-windows-servicingstack_31bf3856ad364e35_10.0.20348.557_none_f1edaeb8515fa10d\TiWorker.exe,,,,SCAFFOLD,0x3e7,DC$,S-1-5-18,,,,,,,,,C6284384-A67C-11F1-9935-005056B98D90,,
2026-09-02T03:21:22.004017Z,4663,dc.scaffold.htb,Microsoft-Windows-Security-Auditing,Security,21642,0,"%%4417
				",0x2,,,,,,,0x2064,,,,,,,,,,,,,C:\Windows\WinSxS\FileMaps,Security,File,,,,0x870,C:\Windows\WinSxS\amd64_microsoft-windows-servicingstack_31bf3856ad364e35_10.0.20348.557_none_f1edaeb8515fa10d\TiWorker.exe,,S:AI,,SCAFFOLD,0x3e7,DC$,S-1-5-18,,,,,,,,,,,
