2026-09-02T03:46:33.496217Z,4985,dc.scaffold.htb,Microsoft-Windows-Security-Auditing,Security,24042,0,,,,,,,,,,,,,,,,,,,,52,,,,,,,,0x173c,C:\Windows\WinSxS\amd64_microsoft-windows-servicingstack_31bf3856ad364e35_10.0.20348.5480_none_b1d14f82f983de4b\TiWorker.exe,,,DA4CB52F-4F22-11F1-A9A6-8906DE6815CD,SCAFFOLD,0x3e7,DC$,S-1-5-18,,,,,,,,,2BC06AD6-A67E-11F1-9937-005056B98D90,,
2026-09-02T03:46:33.617960Z,4985,dc.scaffold.htb,Microsoft-Windows-Security-Auditing,Security,24043,0,,,,,,,,,,,,,,,,,,,,48,,,,,,,,0x173c,C:\Windows\WinSxS\amd64_microsoft-windows-servicingstack_31bf3856ad364e35_10.0.20348.5480_none_b1d14f82f983de4b\TiWorker.exe,,,DA4CB52F-4F22-11F1-A9A6-8906DE6815CD,SCAFFOLD,0x3e7,DC$,S-1-5-18,,,,,,,,,2BC06AE2-A67E-11F1-9937-005056B98D90,,
2026-09-02T03:46:33.654183Z,4985,dc.scaffold.htb,Microsoft-Windows-Security-Auditing,Security,24044,0,,,,,,,,,,,,,,,,,,,,52,,,,,,,,0x173c,C:\Windows\WinSxS\amd64_microsoft-windows-servicingstack_31bf3856ad364e35_10.0.20348.5480_none_b1d14f82f983de4b\TiWorker.exe,,,DA4CB52F-4F22-11F1-A9A6-8906DE6815CD,SCAFFOLD,0x3e7,DC$,S-1-5-18,,,,,,,,,2BC06AE2-A67E-11F1-9937-005056B98D90,,
2026-09-02T03:46:33.876251Z,4985,dc.scaffold.htb,Microsoft-Windows-Security-Auditing,Security,24045,0,,,,,,,,,,,,,,,,,,,,48,,,,,,,,0x173c,C:\Windows\WinSxS\amd64_microsoft-windows-servicingstack_31bf3856ad364e35_10.0.20348.5480_none_b1d14f82f983de4b\TiWorker.exe,,,DA4CB52F-4F22-11F1-A9A6-8906DE6815CD,SCAFFOLD,0x3e7,DC$,S-1-5-18,,,,,,,,,2BC06AEE-A67E-11F1-9937-005056B98D90,,
2026-09-02T03:46:34.151379Z,4985,dc.scaffold.htb,Microsoft-Windows-Security-Auditing,Security,24046,0,,,,,,,,,,,,,,,,,,,,52,,,,,,,,0x173c,C:\Windows\WinSxS\amd64_microsoft-windows-servicingstack_31bf3856ad364e35_10.0.20348.5480_none_b1d14f82f983de4b\TiWorker.exe,,,DA4CB52F-4F22-11F1-A9A6-8906DE6815CD,SCAFFOLD,0x3e7,DC$,S-1-5-18,,,,,,,,,2BC06AEE-A67E-11F1-9937-005056B98D90,,
2026-09-02T03:46:34.395118Z,4985,dc.scaffold.htb,Microsoft-Windows-Security-Auditing,Security,24047,0,,,,,,,,,,,,,,,,,,,,48,,,,,,,,0x173c,C:\Windows\WinSxS\amd64_microsoft-windows-servicingstack_31bf3856ad364e35_10.0.20348.5480_none_b1d14f82f983de4b\TiWorker.exe,,,DA4CB52F-4F22-11F1-A9A6-8906DE6815CD,SCAFFOLD,0x3e7,DC$,S-1-5-18,,,,,,,,,2BC06AFA-A67E-11F1-9937-005056B98D90,,
2026-09-02T03:46:34.481761Z,4985,dc.scaffold.htb,Microsoft-Windows-Security-Auditing,Security,24048,0,,,,,,,,,,,,,,,,,,,,52,,,,,,,,0x173c,C:\Windows\WinSxS\amd64_microsoft-windows-servicingstack_31bf3856ad364e35_10.0.20348.5480_none_b1d14f82f983de4b\TiWorker.exe,,,DA4CB52F-4F22-11F1-A9A6-8906DE6815CD,SCAFFOLD,0x3e7,DC$,S-1-5-18,,,,,,,,,2BC06AFA-A67E-11F1-9937-005056B98D90,,
2026-09-02T03:46:34.539838Z,4985,dc.scaffold.htb,Microsoft-Windows-Security-Auditing,Security,24049,0,,,,,,,,,,,,,,,,,,,,48,,,,,,,,0x173c,C:\Windows\WinSxS\amd64_microsoft-windows-servicingstack_31bf3856ad364e35_10.0.20348.5480_none_b1d14f82f983de4b\TiWorker.exe,,,DA4CB52F-4F22-11F1-A9A6-8906DE6815CD,SCAFFOLD,0x3e7,DC$,S-1-5-18,,,,,,,,,2BC06B06-A67E-11F1-9937-005056B98D90,,
2026-09-02T03:46:34.564916Z,4985,dc.scaffold.htb,Microsoft-Windows-Security-Auditing,Security,24050,0,,,,,,,,,,,,,,,,,,,,52,,,,,,,,0x173c,C:\Windows\WinSxS\amd64_microsoft-windows-servicingstack_31bf3856ad364e35_10.0.20348.5480_none_b1d14f82f983de4b\TiWorker.exe,,,DA4CB52F-4F22-11F1-A9A6-8906DE6815CD,SCAFFOLD,0x3e7,DC$,S-1-5-18,,,,,,,,,2BC06B06-A67E-11F1-9937-005056B98D90,,
2026-09-02T03:46:34.618935Z,4985,dc.scaffold.htb,Microsoft-Windows-Security-Auditing,Security,24051,0,,,,,,,,,,,,,,,,,,,,48,,,,,,,,0x173c,C:\Windows\WinSxS\amd64_microsoft-windows-servicingstack_31bf3856ad364e35_10.0.20348.5480_none_b1d14f82f983de4b\TiWorker.exe,,,DA4CB52F-4F22-11F1-A9A6-8906DE6815CD,SCAFFOLD,0x3e7,DC$,S-1-5-18,,,,,,,,,2BC06B12-A67E-11F1-9937-005056B98D90,,
2026-09-02T03:46:34.640128Z,4985,dc.scaffold.htb,Microsoft-Windows-Security-Auditing,Security,24052,0,,,,,,,,,,,,,,,,,,,,52,,,,,,,,0x173c,C:\Windows\WinSxS\amd64_microsoft-windows-servicingstack_31bf3856ad364e35_10.0.20348.5480_none_b1d14f82f983de4b\TiWorker.exe,,,DA4CB52F-4F22-11F1-A9A6-8906DE6815CD,SCAFFOLD,0x3e7,DC$,S-1-5-18,,,,,,,,,2BC06B12-A67E-11F1-9937-005056B98D90,,
2026-09-02T03:46:34.762060Z,4985,dc.scaffold.htb,Microsoft-Windows-Security-Auditing,Security,24053,0,,,,,,,,,,,,,,,,,,,,48,,,,,,,,0x173c,C:\Windows\WinSxS\amd64_microsoft-windows-servicingstack_31bf3856ad364e35_10.0.20348.5480_none_b1d14f82f983de4b\TiWorker.exe,,,DA4CB52F-4F22-11F1-A9A6-8906DE6815CD,SCAFFOLD,0x3e7,DC$,S-1-5-18,,,,,,,,,2BC06B1E-A67E-11F1-9937-005056B98D90,,
2026-09-02T03:46:34.998123Z,4985,dc.scaffold.htb,Microsoft-Windows-Security-Auditing,Security,24054,0,,,,,,,,,,,,,,,,,,,,52,,,,,,,,0x173c,C:\Windows\WinSxS\amd64_microsoft-windows-servicingstack_31bf3856ad364e35_10.0.20348.5480_none_b1d14f82f983de4b\TiWorker.exe,,,DA4CB52F-4F22-11F1-A9A6-8906DE6815CD,SCAFFOLD,0x3e7,DC$,S-1-5-18,,,,,,,,,2BC06B1E-A67E-11F1-9937-005056B98D90,,
2026-09-02T03:46:36.061454Z,4985,dc.scaffold.htb,Microsoft-Windows-Security-Auditing,Security,24055,0,,,,,,,,,,,,,,,,,,,,48,,,,,,,,0x173c,C:\Windows\WinSxS\amd64_microsoft-windows-servicingstack_31bf3856ad364e35_10.0.20348.5480_none_b1d14f82f983de4b\TiWorker.exe,,,DA4CB52F-4F22-11F1-A9A6-8906DE6815CD,SCAFFOLD,0x3e7,DC$,S-1-5-18,,,,,,,,,2BC06B2A-A67E-11F1-9937-005056B98D90,,
2026-09-02T03:46:36.115802Z,4985,dc.scaffold.htb,Microsoft-Windows-Security-Auditing,Security,24056,0,,,,,,,,,,,,,,,,,,,,52,,,,,,,,0x173c,C:\Windows\WinSxS\amd64_microsoft-windows-servicingstack_31bf3856ad364e35_10.0.20348.5480_none_b1d14f82f983de4b\TiWorker.exe,,,DA4CB52F-4F22-11F1-A9A6-8906DE6815CD,SCAFFOLD,0x3e7,DC$,S-1-5-18,,,,,,,,,2BC06B2A-A67E-11F1-9937-005056B98D90,,
2026-09-02T03:46:36.869851Z,4985,dc.scaffold.htb,Microsoft-Windows-Security-Auditing,Security,24057,0,,,,,,,,,,,,,,,,,,,,48,,,,,,,,0x173c,C:\Windows\WinSxS\amd64_microsoft-windows-servicingstack_31bf3856ad364e35_10.0.20348.5480_none_b1d14f82f983de4b\TiWorker.exe,,,DA4CB52F-4F22-11F1-A9A6-8906DE6815CD,SCAFFOLD,0x3e7,DC$,S-1-5-18,,,,,,,,,2BC06B36-A67E-11F1-9937-005056B98D90,,
2026-09-02T03:46:36.890943Z,4985,dc.scaffold.htb,Microsoft-Windows-Security-Auditing,Security,24058,0,,,,,,,,,,,,,,,,,,,,52,,,,,,,,0x173c,C:\Windows\WinSxS\amd64_microsoft-windows-servicingstack_31bf3856ad364e35_10.0.20348.5480_none_b1d14f82f983de4b\TiWorker.exe,,,DA4CB52F-4F22-11F1-A9A6-8906DE6815CD,SCAFFOLD,0x3e7,DC$,S-1-5-18,,,,,,,,,2BC06B36-A67E-11F1-9937-005056B98D90,,
2026-09-02T03:46:38.134276Z,4664,dc.scaffold.htb,Microsoft-Windows-Security-Auditing,Security,24059,0,,,,,,,C:\Windows\WinSxS\amd64_microsoft-windows-certificateservices-ca_31bf3856ad364e35_10.0.20348.469_none_c38cdea4d4810303\certsvcctrs.h,,,,,,,C:\Windows\WinSxS\amd64_microsoft-windows-certificateservices-ca_31bf3856ad364e35_10.0.20348.5499_none_837983ef7c9eeec9\certsvcctrs.h,,,,,,,,,,,,,,,,,,,SCAFFOLD,0x3e7,DC$,S-1-5-18,,,,,,,,,00000000-0000-0000-0000-000000000000,,
2026-09-02T03:46:38.135156Z,4664,dc.scaffold.htb,Microsoft-Windows-Security-Auditing,Security,24060,0,,,,,,,C:\Windows\WinSxS\amd64_microsoft-windows-certificateservices-ca_31bf3856ad364e35_10.0.20348.469_none_c38cdea4d4810303\certsvcctrs.ini,,,,,,,C:\Windows\WinSxS\amd64_microsoft-windows-certificateservices-ca_31bf3856ad364e35_10.0.20348.5499_none_837983ef7c9eeec9\certsvcctrs.ini,,,,,,,,,,,,,,,,,,,SCAFFOLD,0x3e7,DC$,S-1-5-18,,,,,,,,,00000000-0000-0000-0000-000000000000,,
2026-09-02T03:46:38.141463Z,4664,dc.scaffold.htb,Microsoft-Windows-Security-Auditing,Security,24061,0,,,,,,,C:\Windows\WinSxS\amd64_microsoft-windows-c..vices-ca-eventsview_31bf3856ad364e35_10.0.20348.1_none_5f4cb43ad5d67ffc\ActiveDirectoryCertificateServices.Events.xml,,,,,,,C:\Windows\WinSxS\amd64_microsoft-windows-c..vices-ca-eventsview_31bf3856ad364e35_10.0.20348.4052_none_7e77b44d3eebc7bc\ActiveDirectoryCertificateServices.Events.xml,,,,,,,,,,,,,,,,,,,SCAFFOLD,0x3e7,DC$,S-1-5-18,,,,,,,,,00000000-0000-0000-0000-000000000000,,
2026-09-02T03:46:38.204074Z,4664,dc.scaffold.htb,Microsoft-Windows-Security-Auditing,Security,24062,0,,,,,,,C:\Windows\WinSxS\wow64_microsoft-windows-security-spp-tools_31bf3856ad364e35_10.0.20348.320_none_3895a7d27d844768\slmgr.vbs,,,,,,,C:\Windows\WinSxS\wow64_microsoft-windows-security-spp-tools_31bf3856ad364e35_10.0.20348.4893_none_f835590725da5cff\slmgr.vbs,,,,,,,,,,,,,,,,,,,SCAFFOLD,0x3e7,DC$,S-1-5-18,,,,,,,,,00000000-0000-0000-0000-000000000000,,
2026-09-02T03:46:38.547197Z,4664,dc.scaffold.htb,Microsoft-Windows-Security-Auditing,Security,24063,0,,,,,,,C:\Windows\WinSxS\amd64_microsoft-windows-w..cationcompatibility_31bf3856ad364e35_10.0.20348.1_none_f7992b30a788c150\wpdsp.mof,,,,,,,C:\Windows\WinSxS\amd64_microsoft-windows-w..cationcompatibility_31bf3856ad364e35_10.0.20348.2849_none_166c085510e0885a\wpdsp.mof,,,,,,,,,,,,,,,,,,,SCAFFOLD,0x3e7,DC$,S-1-5-18,,,,,,,,,00000000-0000-0000-0000-000000000000,,
2026-09-02T03:46:38.549553Z,4664,dc.scaffold.htb,Microsoft-Windows-Security-Auditing,Security,24064,0,,,,,,,C:\Windows\WinSxS\amd64_microsoft.windows.h..ler.wpd-driverclass_31bf3856ad364e35_10.0.20348.558_none_513d7bfdf21dd081\wpd_ci.mof,,,,,,,C:\Windows\WinSxS\amd64_microsoft.windows.h..ler.wpd-driverclass_31bf3856ad364e35_10.0.20348.4405_none_1117a6609a4aacae\wpd_ci.mof,,,,,,,,,,,,,,,,,,,SCAFFOLD,0x3e7,DC$,S-1-5-18,,,,,,,,,00000000-0000-0000-0000-000000000000,,
2026-09-02T03:46:38.555582Z,4664,dc.scaffold.htb,Microsoft-Windows-Security-Auditing,Security,24065,0,,,,,,,C:\Windows\WinSxS\amd64_microsoft-windows-wmpnss-service_31bf3856ad364e35_10.0.20348.1_none_8cf5c956979a37e7\wmpnetwk.mof,,,,,,,C:\Windows\WinSxS\amd64_microsoft-windows-wmpnss-service_31bf3856ad364e35_10.0.20348.2849_none_abc8a67b00f1fef1\wmpnetwk.mof,,,,,,,,,,,,,,,,,,,SCAFFOLD,0x3e7,DC$,S-1-5-18,,,,,,,,,00000000-0000-0000-0000-000000000000,,
2026-09-02T03:46:38.556205Z,4664,dc.scaffold.htb,Microsoft-Windows-Security-Auditing,Security,24066,0,,,,,,,C:\Windows\WinSxS\amd64_microsoft-windows-wmpnss-service_31bf3856ad364e35_10.0.20348.1_none_8cf5c956979a37e7\ConnectionManager.xml,,,,,,,C:\Windows\WinSxS\amd64_microsoft-windows-wmpnss-service_31bf3856ad364e35_10.0.20348.2849_none_abc8a67b00f1fef1\ConnectionManager.xml,,,,,,,,,,,,,,,,,,,SCAFFOLD,0x3e7,DC$,S-1-5-18,,,,,,,,,00000000-0000-0000-0000-000000000000,,
2026-09-02T03:46:38.557069Z,4664,dc.scaffold.htb,Microsoft-Windows-Security-Auditing,Security,24067,0,,,,,,,C:\Windows\WinSxS\amd64_microsoft-windows-wmpnss-service_31bf3856ad364e35_10.0.20348.1_none_8cf5c956979a37e7\ContentDirectory.xml,,,,,,,C:\Windows\WinSxS\amd64_microsoft-windows-wmpnss-service_31bf3856ad364e35_10.0.20348.2849_none_abc8a67b00f1fef1\ContentDirectory.xml,,,,,,,,,,,,,,,,,,,SCAFFOLD,0x3e7,DC$,S-1-5-18,,,,,,,,,00000000-0000-0000-0000-000000000000,,
2026-09-02T03:46:38.557711Z,4664,dc.scaffold.htb,Microsoft-Windows-Security-Auditing,Security,24068,0,,,,,,,C:\Windows\WinSxS\amd64_microsoft-windows-wmpnss-service_31bf3856ad364e35_10.0.20348.1_none_8cf5c956979a37e7\MediaReceiverRegistrar.xml,,,,,,,C:\Windows\WinSxS\amd64_microsoft-windows-wmpnss-service_31bf3856ad364e35_10.0.20348.2849_none_abc8a67b00f1fef1\MediaReceiverRegistrar.xml,,,,,,,,,,,,,,,,,,,SCAFFOLD,0x3e7,DC$,S-1-5-18,,,,,,,,,00000000-0000-0000-0000-000000000000,,
2026-09-02T03:46:38.558283Z,4664,dc.scaffold.htb,Microsoft-Windows-Security-Auditing,Security,24069,0,,,,,,,C:\Windows\WinSxS\amd64_microsoft-windows-wmpnss-service_31bf3856ad364e35_10.0.20348.1_none_8cf5c956979a37e7\wmpnss_color120.jpg,,,,,,,C:\Windows\WinSxS\amd64_microsoft-windows-wmpnss-service_31bf3856ad364e35_10.0.20348.2849_none_abc8a67b00f1fef1\wmpnss_color120.jpg,,,,,,,,,,,,,,,,,,,SCAFFOLD,0x3e7,DC$,S-1-5-18,,,,,,,,,00000000-0000-0000-0000-000000000000,,
2026-09-02T03:46:38.558839Z,4664,dc.scaffold.htb,Microsoft-Windows-Security-Auditing,Security,24070,0,,,,,,,C:\Windows\WinSxS\amd64_microsoft-windows-wmpnss-service_31bf3856ad364e35_10.0.20348.1_none_8cf5c956979a37e7\wmpnss_color120.png,,,,,,,C:\Windows\WinSxS\amd64_microsoft-windows-wmpnss-service_31bf3856ad364e35_10.0.20348.2849_none_abc8a67b00f1fef1\wmpnss_color120.png,,,,,,,,,,,,,,,,,,,SCAFFOLD,0x3e7,DC$,S-1-5-18,,,,,,,,,00000000-0000-0000-0000-000000000000,,
2026-09-02T03:46:38.559368Z,4664,dc.scaffold.htb,Microsoft-Windows-Security-Auditing,Security,24071,0,,,,,,,C:\Windows\WinSxS\amd64_microsoft-windows-wmpnss-service_31bf3856ad364e35_10.0.20348.1_none_8cf5c956979a37e7\wmpnss_color32.bmp,,,,,,,C:\Windows\WinSxS\amd64_microsoft-windows-wmpnss-service_31bf3856ad364e35_10.0.20348.2849_none_abc8a67b00f1fef1\wmpnss_color32.bmp,,,,,,,,,,,,,,,,,,,SCAFFOLD,0x3e7,DC$,S-1-5-18,,,,,,,,,00000000-0000-0000-0000-000000000000,,
2026-09-02T03:46:38.559917Z,4664,dc.scaffold.htb,Microsoft-Windows-Security-Auditing,Security,24072,0,,,,,,,C:\Windows\WinSxS\amd64_microsoft-windows-wmpnss-service_31bf3856ad364e35_10.0.20348.1_none_8cf5c956979a37e7\wmpnss_color32.jpg,,,,,,,C:\Windows\WinSxS\amd64_microsoft-windows-wmpnss-service_31bf3856ad364e35_10.0.20348.2849_none_abc8a67b00f1fef1\wmpnss_color32.jpg,,,,,,,,,,,,,,,,,,,SCAFFOLD,0x3e7,DC$,S-1-5-18,,,,,,,,,00000000-0000-0000-0000-000000000000,,
2026-09-02T03:46:38.560517Z,4664,dc.scaffold.htb,Microsoft-Windows-Security-Auditing,Security,24073,0,,,,,,,C:\Windows\WinSxS\amd64_microsoft-windows-wmpnss-service_31bf3856ad364e35_10.0.20348.1_none_8cf5c956979a37e7\wmpnss_color48.bmp,,,,,,,C:\Windows\WinSxS\amd64_microsoft-windows-wmpnss-service_31bf3856ad364e35_10.0.20348.2849_none_abc8a67b00f1fef1\wmpnss_color48.bmp,,,,,,,,,,,,,,,,,,,SCAFFOLD,0x3e7,DC$,S-1-5-18,,,,,,,,,00000000-0000-0000-0000-000000000000,,
2026-09-02T03:46:38.561057Z,4664,dc.scaffold.htb,Microsoft-Windows-Security-Auditing,Security,24074,0,,,,,,,C:\Windows\WinSxS\amd64_microsoft-windows-wmpnss-service_31bf3856ad364e35_10.0.20348.1_none_8cf5c956979a37e7\wmpnss_color48.jpg,,,,,,,C:\Windows\WinSxS\amd64_microsoft-windows-wmpnss-service_31bf3856ad364e35_10.0.20348.2849_none_abc8a67b00f1fef1\wmpnss_color48.jpg,,,,,,,,,,,,,,,,,,,SCAFFOLD,0x3e7,DC$,S-1-5-18,,,,,,,,,00000000-0000-0000-0000-000000000000,,
2026-09-02T03:46:38.561751Z,4664,dc.scaffold.htb,Microsoft-Windows-Security-Auditing,Security,24075,0,,,,,,,C:\Windows\WinSxS\amd64_microsoft-windows-wmpnss-service_31bf3856ad364e35_10.0.20348.1_none_8cf5c956979a37e7\wmpnss_color48.png,,,,,,,C:\Windows\WinSxS\amd64_microsoft-windows-wmpnss-service_31bf3856ad364e35_10.0.20348.2849_none_abc8a67b00f1fef1\wmpnss_color48.png,,,,,,,,,,,,,,,,,,,SCAFFOLD,0x3e7,DC$,S-1-5-18,,,,,,,,,00000000-0000-0000-0000-000000000000,,
2026-09-02T03:46:38.563872Z,4664,dc.scaffold.htb,Microsoft-Windows-Security-Auditing,Security,24076,0,,,,,,,C:\Windows\WinSxS\wow64_microsoft-windows-wpd-busenumservice_31bf3856ad364e35_10.0.20348.558_none_6ae228618a776615\wpdbusenum.mof,,,,,,,C:\Windows\WinSxS\wow64_microsoft-windows-wpd-busenumservice_31bf3856ad364e35_10.0.20348.2849_none_2a94b55032c18398\wpdbusenum.mof,,,,,,,,,,,,,,,,,,,SCAFFOLD,0x3e7,DC$,S-1-5-18,,,,,,,,,00000000-0000-0000-0000-000000000000,,
2026-09-02T03:46:38.564467Z,4664,dc.scaffold.htb,Microsoft-Windows-Security-Auditing,Security,24077,0,,,,,,,C:\Windows\WinSxS\wow64_microsoft-windows-wpd-busenumservice_31bf3856ad364e35_10.0.20348.558_none_6ae228618a776615\wpdfs.mof,,,,,,,C:\Windows\WinSxS\wow64_microsoft-windows-wpd-busenumservice_31bf3856ad364e35_10.0.20348.2849_none_2a94b55032c18398\wpdfs.mof,,,,,,,,,,,,,,,,,,,SCAFFOLD,0x3e7,DC$,S-1-5-18,,,,,,,,,00000000-0000-0000-0000-000000000000,,
2026-09-02T03:46:38.629805Z,4664,dc.scaffold.htb,Microsoft-Windows-Security-Auditing,Security,24078,0,,,,,,,C:\Windows\WinSxS\amd64_microsoft-windows-userexperience-desktop_31bf3856ad364e35_10.0.20348.1_none_102020f9924de3c3\AppxBlockMap.xml,,,,,,,C:\Windows\WinSxS\amd64_microsoft-windows-userexperience-desktop_31bf3856ad364e35_10.0.20348.2849_none_2ef2fe1dfba5aacd\AppxBlockMap.xml,,,,,,,,,,,,,,,,,,,SCAFFOLD,0x3e7,DC$,S-1-5-18,,,,,,,,,00000000-0000-0000-0000-000000000000,,
2026-09-02T03:46:38.630141Z,4664,dc.scaffold.htb,Microsoft-Windows-Security-Auditing,Security,24079,0,,,,,,,C:\Windows\WinSxS\amd64_microsoft-windows-userexperience-desktop_31bf3856ad364e35_10.0.20348.1_none_102020f9924de3c3\AppxManifest.xml,,,,,,,C:\Windows\WinSxS\amd64_microsoft-windows-userexperience-desktop_31bf3856ad364e35_10.0.20348.2849_none_2ef2fe1dfba5aacd\AppxManifest.xml,,,,,,,,,,,,,,,,,,,SCAFFOLD,0x3e7,DC$,S-1-5-18,,,,,,,,,00000000-0000-0000-0000-000000000000,,
2026-09-02T03:46:38.631660Z,4664,dc.scaffold.htb,Microsoft-Windows-Security-Auditing,Security,24080,0,,,,,,,C:\Windows\WinSxS\amd64_microsoft-windows-userexperience-desktop_31bf3856ad364e35_10.0.20348.1_none_102020f9924de3c3\AppxSignature.p7x,,,,,,,C:\Windows\WinSxS\amd64_microsoft-windows-userexperience-desktop_31bf3856ad364e35_10.0.20348.2849_none_2ef2fe1dfba5aacd\AppxSignature.p7x,,,,,,,,,,,,,,,,,,,SCAFFOLD,0x3e7,DC$,S-1-5-18,,,,,,,,,00000000-0000-0000-0000-000000000000,,
2026-09-02T03:46:38.632290Z,4664,dc.scaffold.htb,Microsoft-Windows-Security-Auditing,Security,24081,0,,,,,,,C:\Windows\WinSxS\amd64_microsoft-windows-userexperience-desktop_31bf3856ad364e35_10.0.20348.1_none_102020f9924de3c3\CarbonDictation.winmd,,,,,,,C:\Windows\WinSxS\amd64_microsoft-windows-userexperience-desktop_31bf3856ad364e35_10.0.20348.2849_none_2ef2fe1dfba5aacd\CarbonDictation.winmd,,,,,,,,,,,,,,,,,,,SCAFFOLD,0x3e7,DC$,S-1-5-18,,,,,,,,,00000000-0000-0000-0000-000000000000,,
2026-09-02T03:46:38.632795Z,4664,dc.scaffold.htb,Microsoft-Windows-Security-Auditing,Security,24082,0,,,,,,,C:\Windows\WinSxS\amd64_microsoft-windows-userexperience-desktop_31bf3856ad364e35_10.0.20348.1_none_102020f9924de3c3\InputApp.dll,,,,,,,C:\Windows\WinSxS\amd64_microsoft-windows-userexperience-desktop_31bf3856ad364e35_10.0.20348.2849_none_2ef2fe1dfba5aacd\InputApp.dll,,,,,,,,,,,,,,,,,,,SCAFFOLD,0x3e7,DC$,S-1-5-18,,,,,,,,,00000000-0000-0000-0000-000000000000,,
2026-09-02T03:46:38.633508Z,4664,dc.scaffold.htb,Microsoft-Windows-Security-Auditing,Security,24083,0,,,,,,,C:\Windows\WinSxS\amd64_microsoft-windows-userexperience-desktop_31bf3856ad364e35_10.0.20348.1_none_102020f9924de3c3\IrisService.dll,,,,,,,C:\Windows\WinSxS\amd64_microsoft-windows-userexperience-desktop_31bf3856ad364e35_10.0.20348.2849_none_2ef2fe1dfba5aacd\IrisService.dll,,,,,,,,,,,,,,,,,,,SCAFFOLD,0x3e7,DC$,S-1-5-18,,,,,,,,,00000000-0000-0000-0000-000000000000,,
2026-09-02T03:46:38.634226Z,4664,dc.scaffold.htb,Microsoft-Windows-Security-Auditing,Security,24084,0,,,,,,,C:\Windows\WinSxS\amd64_microsoft-windows-userexperience-desktop_31bf3856ad364e35_10.0.20348.1_none_102020f9924de3c3\LayoutData.dll,,,,,,,C:\Windows\WinSxS\amd64_microsoft-windows-userexperience-desktop_31bf3856ad364e35_10.0.20348.2849_none_2ef2fe1dfba5aacd\LayoutData.dll,,,,,,,,,,,,,,,,,,,SCAFFOLD,0x3e7,DC$,S-1-5-18,,,,,,,,,00000000-0000-0000-0000-000000000000,,
2026-09-02T03:46:38.634867Z,4664,dc.scaffold.htb,Microsoft-Windows-Security-Auditing,Security,24085,0,,,,,,,C:\Windows\WinSxS\amd64_microsoft-windows-userexperience-desktop_31bf3856ad364e35_10.0.20348.1_none_102020f9924de3c3\Microsoft.CognitiveServices.Speech.core.dll,,,,,,,C:\Windows\WinSxS\amd64_microsoft-windows-userexperience-desktop_31bf3856ad364e35_10.0.20348.2849_none_2ef2fe1dfba5aacd\Microsoft.CognitiveServices.Speech.core.dll,,,,,,,,,,,,,,,,,,,SCAFFOLD,0x3e7,DC$,S-1-5-18,,,,,,,,,00000000-0000-0000-0000-000000000000,,
2026-09-02T03:46:38.635522Z,4664,dc.scaffold.htb,Microsoft-Windows-Security-Auditing,Security,24086,0,,,,,,,C:\Windows\WinSxS\amd64_microsoft-windows-userexperience-desktop_31bf3856ad364e35_10.0.20348.1_none_102020f9924de3c3\resources.pri,,,,,,,C:\Windows\WinSxS\amd64_microsoft-windows-userexperience-desktop_31bf3856ad364e35_10.0.20348.2849_none_2ef2fe1dfba5aacd\resources.pri,,,,,,,,,,,,,,,,,,,SCAFFOLD,0x3e7,DC$,S-1-5-18,,,,,,,,,00000000-0000-0000-0000-000000000000,,
2026-09-02T03:46:38.636204Z,4664,dc.scaffold.htb,Microsoft-Windows-Security-Auditing,Security,24087,0,,,,,,,C:\Windows\WinSxS\amd64_microsoft-windows-userexperience-desktop_31bf3856ad364e35_10.0.20348.1_none_102020f9924de3c3\ScreenClipping.dll,,,,,,,C:\Windows\WinSxS\amd64_microsoft-windows-userexperience-desktop_31bf3856ad364e35_10.0.20348.2849_none_2ef2fe1dfba5aacd\ScreenClipping.dll,,,,,,,,,,,,,,,,,,,SCAFFOLD,0x3e7,DC$,S-1-5-18,,,,,,,,,00000000-0000-0000-0000-000000000000,,
2026-09-02T03:46:38.636803Z,4664,dc.scaffold.htb,Microsoft-Windows-Security-Auditing,Security,24088,0,,,,,,,C:\Windows\WinSxS\amd64_microsoft-windows-userexperience-desktop_31bf3856ad364e35_10.0.20348.1_none_102020f9924de3c3\ScreenClipping.winmd,,,,,,,C:\Windows\WinSxS\amd64_microsoft-windows-userexperience-desktop_31bf3856ad364e35_10.0.20348.2849_none_2ef2fe1dfba5aacd\ScreenClipping.winmd,,,,,,,,,,,,,,,,,,,SCAFFOLD,0x3e7,DC$,S-1-5-18,,,,,,,,,00000000-0000-0000-0000-000000000000,,
2026-09-02T03:46:38.637487Z,4664,dc.scaffold.htb,Microsoft-Windows-Security-Auditing,Security,24089,0,,,,,,,C:\Windows\WinSxS\amd64_microsoft-windows-userexperience-desktop_31bf3856ad364e35_10.0.20348.1_none_102020f9924de3c3\ScreenClippingHost.exe,,,,,,,C:\Windows\WinSxS\amd64_microsoft-windows-userexperience-desktop_31bf3856ad364e35_10.0.20348.2849_none_2ef2fe1dfba5aacd\ScreenClippingHost.exe,,,,,,,,,,,,,,,,,,,SCAFFOLD,0x3e7,DC$,S-1-5-18,,,,,,,,,00000000-0000-0000-0000-000000000000,,
2026-09-02T03:46:38.638147Z,4664,dc.scaffold.htb,Microsoft-Windows-Security-Auditing,Security,24090,0,,,,,,,C:\Windows\WinSxS\amd64_microsoft-windows-userexperience-desktop_31bf3856ad364e35_10.0.20348.1_none_102020f9924de3c3\TextInput.CarbonDictation.dll,,,,,,,C:\Windows\WinSxS\amd64_microsoft-windows-userexperience-desktop_31bf3856ad364e35_10.0.20348.2849_none_2ef2fe1dfba5aacd\TextInput.CarbonDictation.dll,,,,,,,,,,,,,,,,,,,SCAFFOLD,0x3e7,DC$,S-1-5-18,,,,,,,,,00000000-0000-0000-0000-000000000000,,
2026-09-02T03:46:38.638749Z,4664,dc.scaffold.htb,Microsoft-Windows-Security-Auditing,Security,24091,0,,,,,,,C:\Windows\WinSxS\amd64_microsoft-windows-userexperience-desktop_31bf3856ad364e35_10.0.20348.1_none_102020f9924de3c3\TextInput.DictationUI.dll,,,,,,,C:\Windows\WinSxS\amd64_microsoft-windows-userexperience-desktop_31bf3856ad364e35_10.0.20348.2849_none_2ef2fe1dfba5aacd\TextInput.DictationUI.dll,,,,,,,,,,,,,,,,,,,SCAFFOLD,0x3e7,DC$,S-1-5-18,,,,,,,,,00000000-0000-0000-0000-000000000000,,
2026-09-02T03:46:38.639288Z,4664,dc.scaffold.htb,Microsoft-Windows-Security-Auditing,Security,24092,0,,,,,,,C:\Windows\WinSxS\amd64_microsoft-windows-userexperience-desktop_31bf3856ad364e35_10.0.20348.1_none_102020f9924de3c3\TextInput.DictationUI.winmd,,,,,,,C:\Windows\WinSxS\amd64_microsoft-windows-userexperience-desktop_31bf3856ad364e35_10.0.20348.2849_none_2ef2fe1dfba5aacd\TextInput.DictationUI.winmd,,,,,,,,,,,,,,,,,,,SCAFFOLD,0x3e7,DC$,S-1-5-18,,,,,,,,,00000000-0000-0000-0000-000000000000,,
2026-09-02T03:46:38.639874Z,4664,dc.scaffold.htb,Microsoft-Windows-Security-Auditing,Security,24093,0,,,,,,,C:\Windows\WinSxS\amd64_microsoft-windows-userexperience-desktop_31bf3856ad364e35_10.0.20348.1_none_102020f9924de3c3\TextInput.dll,,,,,,,C:\Windows\WinSxS\amd64_microsoft-windows-userexperience-desktop_31bf3856ad364e35_10.0.20348.2849_none_2ef2fe1dfba5aacd\TextInput.dll,,,,,,,,,,,,,,,,,,,SCAFFOLD,0x3e7,DC$,S-1-5-18,,,,,,,,,00000000-0000-0000-0000-000000000000,,
2026-09-02T03:46:38.640438Z,4664,dc.scaffold.htb,Microsoft-Windows-Security-Auditing,Security,24094,0,,,,,,,C:\Windows\WinSxS\amd64_microsoft-windows-userexperience-desktop_31bf3856ad364e35_10.0.20348.1_none_102020f9924de3c3\TextInputCommon.dll,,,,,,,C:\Windows\WinSxS\amd64_microsoft-windows-userexperience-desktop_31bf3856ad364e35_10.0.20348.2849_none_2ef2fe1dfba5aacd\TextInputCommon.dll,,,,,,,,,,,,,,,,,,,SCAFFOLD,0x3e7,DC$,S-1-5-18,,,,,,,,,00000000-0000-0000-0000-000000000000,,
2026-09-02T03:46:38.641010Z,4664,dc.scaffold.htb,Microsoft-Windows-Security-Auditing,Security,24095,0,,,,,,,C:\Windows\WinSxS\amd64_microsoft-windows-userexperience-desktop_31bf3856ad364e35_10.0.20348.1_none_102020f9924de3c3\TextInputHost.exe,,,,,,,C:\Windows\WinSxS\amd64_microsoft-windows-userexperience-desktop_31bf3856ad364e35_10.0.20348.2849_none_2ef2fe1dfba5aacd\TextInputHost.exe,,,,,,,,,,,,,,,,,,,SCAFFOLD,0x3e7,DC$,S-1-5-18,,,,,,,,,00000000-0000-0000-0000-000000000000,,
2026-09-02T03:46:38.641670Z,4664,dc.scaffold.htb,Microsoft-Windows-Security-Auditing,Security,24096,0,,,,,,,C:\Windows\WinSxS\amd64_microsoft-windows-userexperience-desktop_31bf3856ad364e35_10.0.20348.1_none_102020f9924de3c3\WindowsInternal.ComposableShell.Experiences.SuggestionUIUndocked.dll,,,,,,,C:\Windows\WinSxS\amd64_microsoft-windows-userexperience-desktop_31bf3856ad364e35_10.0.20348.2849_none_2ef2fe1dfba5aacd\WindowsInternal.ComposableShell.Experiences.SuggestionUIUndocked.dll,,,,,,,,,,,,,,,,,,,SCAFFOLD,0x3e7,DC$,S-1-5-18,,,,,,,,,00000000-0000-0000-0000-000000000000,,
2026-09-02T03:46:38.642306Z,4664,dc.scaffold.htb,Microsoft-Windows-Security-Auditing,Security,24097,0,,,,,,,C:\Windows\WinSxS\amd64_microsoft-windows-userexperience-desktop_31bf3856ad364e35_10.0.20348.1_none_102020f9924de3c3\WindowsInternal.ComposableShell.Experiences.SuggestionUIUndocked.winmd,,,,,,,C:\Windows\WinSxS\amd64_microsoft-windows-userexperience-desktop_31bf3856ad364e35_10.0.20348.2849_none_2ef2fe1dfba5aacd\WindowsInternal.ComposableShell.Experiences.SuggestionUIUndocked.winmd,,,,,,,,,,,,,,,,,,,SCAFFOLD,0x3e7,DC$,S-1-5-18,,,,,,,,,00000000-0000-0000-0000-000000000000,,
2026-09-02T03:46:38.642910Z,4664,dc.scaffold.htb,Microsoft-Windows-Security-Auditing,Security,24098,0,,,,,,,C:\Windows\WinSxS\amd64_microsoft-windows-userexperience-desktop_31bf3856ad364e35_10.0.20348.1_none_102020f9924de3c3\WindowsInternal.ComposableShell.Experiences.TextInput.Common.winmd,,,,,,,C:\Windows\WinSxS\amd64_microsoft-windows-userexperience-desktop_31bf3856ad364e35_10.0.20348.2849_none_2ef2fe1dfba5aacd\WindowsInternal.ComposableShell.Experiences.TextInput.Common.winmd,,,,,,,,,,,,,,,,,,,SCAFFOLD,0x3e7,DC$,S-1-5-18,,,,,,,,,00000000-0000-0000-0000-000000000000,,
2026-09-02T03:46:38.643528Z,4664,dc.scaffold.htb,Microsoft-Windows-Security-Auditing,Security,24099,0,,,,,,,C:\Windows\WinSxS\amd64_microsoft-windows-userexperience-desktop_31bf3856ad364e35_10.0.20348.1_none_102020f9924de3c3\WindowsInternal.ComposableShell.Experiences.TextInputUndocked.LayoutData.winmd,,,,,,,C:\Windows\WinSxS\amd64_microsoft-windows-userexperience-desktop_31bf3856ad364e35_10.0.20348.2849_none_2ef2fe1dfba5aacd\WindowsInternal.ComposableShell.Experiences.TextInputUndocked.LayoutData.winmd,,,,,,,,,,,,,,,,,,,SCAFFOLD,0x3e7,DC$,S-1-5-18,,,,,,,,,00000000-0000-0000-0000-000000000000,,
2026-09-02T03:46:38.644193Z,4664,dc.scaffold.htb,Microsoft-Windows-Security-Auditing,Security,24100,0,,,,,,,C:\Windows\WinSxS\amd64_microsoft-windows-userexperience-desktop_31bf3856ad364e35_10.0.20348.1_none_102020f9924de3c3\WindowsInternal.ComposableShell.Experiences.TextInputUndocked.winmd,,,,,,,C:\Windows\WinSxS\amd64_microsoft-windows-userexperience-desktop_31bf3856ad364e35_10.0.20348.2849_none_2ef2fe1dfba5aacd\WindowsInternal.ComposableShell.Experiences.TextInputUndocked.winmd,,,,,,,,,,,,,,,,,,,SCAFFOLD,0x3e7,DC$,S-1-5-18,,,,,,,,,00000000-0000-0000-0000-000000000000,,
2026-09-02T03:46:38.645185Z,4664,dc.scaffold.htb,Microsoft-Windows-Security-Auditing,Security,24101,0,,,,,,,C:\Windows\WinSxS\amd64_microsoft-windows-userexperience-desktop_31bf3856ad364e35_10.0.20348.1_none_102020f9924de3c3\AppxMetadata\CodeIntegrity.cat,,,,,,,C:\Windows\WinSxS\amd64_microsoft-windows-userexperience-desktop_31bf3856ad364e35_10.0.20348.2849_none_2ef2fe1dfba5aacd\AppxMetadata\CodeIntegrity.cat,,,,,,,,,,,,,,,,,,,SCAFFOLD,0x3e7,DC$,S-1-5-18,,,,,,,,,00000000-0000-0000-0000-000000000000,,
2026-09-02T03:46:38.646132Z,4664,dc.scaffold.htb,Microsoft-Windows-Security-Auditing,Security,24102,0,,,,,,,C:\Windows\WinSxS\amd64_microsoft-windows-userexperience-desktop_31bf3856ad364e35_10.0.20348.1_none_102020f9924de3c3\Assets\LockScreenLogo.scale-200.png,,,,,,,C:\Windows\WinSxS\amd64_microsoft-windows-userexperience-desktop_31bf3856ad364e35_10.0.20348.2849_none_2ef2fe1dfba5aacd\Assets\LockScreenLogo.scale-200.png,,,,,,,,,,,,,,,,,,,SCAFFOLD,0x3e7,DC$,S-1-5-18,,,,,,,,,00000000-0000-0000-0000-000000000000,,
2026-09-02T03:46:38.647037Z,4664,dc.scaffold.htb,Microsoft-Windows-Security-Auditing,Security,24103,0,,,,,,,C:\Windows\WinSxS\amd64_microsoft-windows-userexperience-desktop_31bf3856ad364e35_10.0.20348.1_none_102020f9924de3c3\Assets\SplashScreen.scale-200.png,,,,,,,C:\Windows\WinSxS\amd64_microsoft-windows-userexperience-desktop_31bf3856ad364e35_10.0.20348.2849_none_2ef2fe1dfba5aacd\Assets\SplashScreen.scale-200.png,,,,,,,,,,,,,,,,,,,SCAFFOLD,0x3e7,DC$,S-1-5-18,,,,,,,,,00000000-0000-0000-0000-000000000000,,
2026-09-02T03:46:38.647672Z,4664,dc.scaffold.htb,Microsoft-Windows-Security-Auditing,Security,24104,0,,,,,,,C:\Windows\WinSxS\amd64_microsoft-windows-userexperience-desktop_31bf3856ad364e35_10.0.20348.1_none_102020f9924de3c3\Assets\Square150x150Logo.scale-200.png,,,,,,,C:\Windows\WinSxS\amd64_microsoft-windows-userexperience-desktop_31bf3856ad364e35_10.0.20348.2849_none_2ef2fe1dfba5aacd\Assets\Square150x150Logo.scale-200.png,,,,,,,,,,,,,,,,,,,SCAFFOLD,0x3e7,DC$,S-1-5-18,,,,,,,,,00000000-0000-0000-0000-000000000000,,
2026-09-02T03:46:38.648242Z,4664,dc.scaffold.htb,Microsoft-Windows-Security-Auditing,Security,24105,0,,,,,,,C:\Windows\WinSxS\amd64_microsoft-windows-userexperience-desktop_31bf3856ad364e35_10.0.20348.1_none_102020f9924de3c3\Assets\Square44x44Logo.scale-200.png,,,,,,,C:\Windows\WinSxS\amd64_microsoft-windows-userexperience-desktop_31bf3856ad364e35_10.0.20348.2849_none_2ef2fe1dfba5aacd\Assets\Square44x44Logo.scale-200.png,,,,,,,,,,,,,,,,,,,SCAFFOLD,0x3e7,DC$,S-1-5-18,,,,,,,,,00000000-0000-0000-0000-000000000000,,
2026-09-02T03:46:38.649143Z,4664,dc.scaffold.htb,Microsoft-Windows-Security-Auditing,Security,24106,0,,,,,,,C:\Windows\WinSxS\amd64_microsoft-windows-userexperience-desktop_31bf3856ad364e35_10.0.20348.1_none_102020f9924de3c3\Assets\Square44x44Logo.targetsize-24_altform-unplated.png,,,,,,,C:\Windows\WinSxS\amd64_microsoft-windows-userexperience-desktop_31bf3856ad364e35_10.0.20348.2849_none_2ef2fe1dfba5aacd\Assets\Square44x44Logo.targetsize-24_altform-unplated.png,,,,,,,,,,,,,,,,,,,SCAFFOLD,0x3e7,DC$,S-1-5-18,,,,,,,,,00000000-0000-0000-0000-000000000000,,
2026-09-02T03:46:38.649730Z,4664,dc.scaffold.htb,Microsoft-Windows-Security-Auditing,Security,24107,0,,,,,,,C:\Windows\WinSxS\amd64_microsoft-windows-userexperience-desktop_31bf3856ad364e35_10.0.20348.1_none_102020f9924de3c3\Assets\StoreLogo.png,,,,,,,C:\Windows\WinSxS\amd64_microsoft-windows-userexperience-desktop_31bf3856ad364e35_10.0.20348.2849_none_2ef2fe1dfba5aacd\Assets\StoreLogo.png,,,,,,,,,,,,,,,,,,,SCAFFOLD,0x3e7,DC$,S-1-5-18,,,,,,,,,00000000-0000-0000-0000-000000000000,,
2026-09-02T03:46:38.650380Z,4664,dc.scaffold.htb,Microsoft-Windows-Security-Auditing,Security,24108,0,,,,,,,C:\Windows\WinSxS\amd64_microsoft-windows-userexperience-desktop_31bf3856ad364e35_10.0.20348.1_none_102020f9924de3c3\Assets\StoreLogo.scale-100.png,,,,,,,C:\Windows\WinSxS\amd64_microsoft-windows-userexperience-desktop_31bf3856ad364e35_10.0.20348.2849_none_2ef2fe1dfba5aacd\Assets\StoreLogo.scale-100.png,,,,,,,,,,,,,,,,,,,SCAFFOLD,0x3e7,DC$,S-1-5-18,,,,,,,,,00000000-0000-0000-0000-000000000000,,
2026-09-02T03:46:38.651190Z,4664,dc.scaffold.htb,Microsoft-Windows-Security-Auditing,Security,24109,0,,,,,,,C:\Windows\WinSxS\amd64_microsoft-windows-userexperience-desktop_31bf3856ad364e35_10.0.20348.1_none_102020f9924de3c3\Assets\Wide310x150Logo.scale-200.png,,,,,,,C:\Windows\WinSxS\amd64_microsoft-windows-userexperience-desktop_31bf3856ad364e35_10.0.20348.2849_none_2ef2fe1dfba5aacd\Assets\Wide310x150Logo.scale-200.png,,,,,,,,,,,,,,,,,,,SCAFFOLD,0x3e7,DC$,S-1-5-18,,,,,,,,,00000000-0000-0000-0000-000000000000,,
2026-09-02T03:46:38.652629Z,4664,dc.scaffold.htb,Microsoft-Windows-Security-Auditing,Security,24110,0,,,,,,,C:\Windows\WinSxS\amd64_microsoft-windows-userexperience-desktop_31bf3856ad364e35_10.0.20348.1_none_102020f9924de3c3\InputApp\Assets\BadgeLogo.scale-100.png,,,,,,,C:\Windows\WinSxS\amd64_microsoft-windows-userexperience-desktop_31bf3856ad364e35_10.0.20348.2849_none_2ef2fe1dfba5aacd\InputApp\Assets\BadgeLogo.scale-100.png,,,,,,,,,,,,,,,,,,,SCAFFOLD,0x3e7,DC$,S-1-5-18,,,,,,,,,00000000-0000-0000-0000-000000000000,,
2026-09-02T03:46:38.653230Z,4664,dc.scaffold.htb,Microsoft-Windows-Security-Auditing,Security,24111,0,,,,,,,C:\Windows\WinSxS\amd64_microsoft-windows-userexperience-desktop_31bf3856ad364e35_10.0.20348.1_none_102020f9924de3c3\InputApp\Assets\BadgeLogo.scale-125.png,,,,,,,C:\Windows\WinSxS\amd64_microsoft-windows-userexperience-desktop_31bf3856ad364e35_10.0.20348.2849_none_2ef2fe1dfba5aacd\InputApp\Assets\BadgeLogo.scale-125.png,,,,,,,,,,,,,,,,,,,SCAFFOLD,0x3e7,DC$,S-1-5-18,,,,,,,,,00000000-0000-0000-0000-000000000000,,
2026-09-02T03:46:38.653924Z,4664,dc.scaffold.htb,Microsoft-Windows-Security-Auditing,Security,24112,0,,,,,,,C:\Windows\WinSxS\amd64_microsoft-windows-userexperience-desktop_31bf3856ad364e35_10.0.20348.1_none_102020f9924de3c3\InputApp\Assets\BadgeLogo.scale-150.png,,,,,,,C:\Windows\WinSxS\amd64_microsoft-windows-userexperience-desktop_31bf3856ad364e35_10.0.20348.2849_none_2ef2fe1dfba5aacd\InputApp\Assets\BadgeLogo.scale-150.png,,,,,,,,,,,,,,,,,,,SCAFFOLD,0x3e7,DC$,S-1-5-18,,,,,,,,,00000000-0000-0000-0000-000000000000,,
2026-09-02T03:46:38.655395Z,4664,dc.scaffold.htb,Microsoft-Windows-Security-Auditing,Security,24113,0,,,,,,,C:\Windows\WinSxS\amd64_microsoft-windows-userexperience-desktop_31bf3856ad364e35_10.0.20348.1_none_102020f9924de3c3\InputApp\Assets\BadgeLogo.scale-200.png,,,,,,,C:\Windows\WinSxS\amd64_microsoft-windows-userexperience-desktop_31bf3856ad364e35_10.0.20348.2849_none_2ef2fe1dfba5aacd\InputApp\Assets\BadgeLogo.scale-200.png,,,,,,,,,,,,,,,,,,,SCAFFOLD,0x3e7,DC$,S-1-5-18,,,,,,,,,00000000-0000-0000-0000-000000000000,,
2026-09-02T03:46:38.656131Z,4664,dc.scaffold.htb,Microsoft-Windows-Security-Auditing,Security,24114,0,,,,,,,C:\Windows\WinSxS\amd64_microsoft-windows-userexperience-desktop_31bf3856ad364e35_10.0.20348.1_none_102020f9924de3c3\InputApp\Assets\BadgeLogo.scale-400.png,,,,,,,C:\Windows\WinSxS\amd64_microsoft-windows-userexperience-desktop_31bf3856ad364e35_10.0.20348.2849_none_2ef2fe1dfba5aacd\InputApp\Assets\BadgeLogo.scale-400.png,,,,,,,,,,,,,,,,,,,SCAFFOLD,0x3e7,DC$,S-1-5-18,,,,,,,,,00000000-0000-0000-0000-000000000000,,
2026-09-02T03:46:38.656947Z,4664,dc.scaffold.htb,Microsoft-Windows-Security-Auditing,Security,24115,0,,,,,,,C:\Windows\WinSxS\amd64_microsoft-windows-userexperience-desktop_31bf3856ad364e35_10.0.20348.1_none_102020f9924de3c3\InputApp\Assets\KbdAccentPicker.wav,,,,,,,C:\Windows\WinSxS\amd64_microsoft-windows-userexperience-desktop_31bf3856ad364e35_10.0.20348.2849_none_2ef2fe1dfba5aacd\InputApp\Assets\KbdAccentPicker.wav,,,,,,,,,,,,,,,,,,,SCAFFOLD,0x3e7,DC$,S-1-5-18,,,,,,,,,00000000-0000-0000-0000-000000000000,,
2026-09-02T03:46:38.657684Z,4664,dc.scaffold.htb,Microsoft-Windows-Security-Auditing,Security,24116,0,,,,,,,C:\Windows\WinSxS\amd64_microsoft-windows-userexperience-desktop_31bf3856ad364e35_10.0.20348.1_none_102020f9924de3c3\InputApp\Assets\KbdFunction.wav,,,,,,,C:\Windows\WinSxS\amd64_microsoft-windows-userexperience-desktop_31bf3856ad364e35_10.0.20348.2849_none_2ef2fe1dfba5aacd\InputApp\Assets\KbdFunction.wav,,,,,,,,,,,,,,,,,,,SCAFFOLD,0x3e7,DC$,S-1-5-18,,,,,,,,,00000000-0000-0000-0000-000000000000,,
2026-09-02T03:46:38.658295Z,4664,dc.scaffold.htb,Microsoft-Windows-Security-Auditing,Security,24117,0,,,,,,,C:\Windows\WinSxS\amd64_microsoft-windows-userexperience-desktop_31bf3856ad364e35_10.0.20348.1_none_102020f9924de3c3\InputApp\Assets\KbdFunctionModernUX.wav,,,,,,,C:\Windows\WinSxS\amd64_microsoft-windows-userexperience-desktop_31bf3856ad364e35_10.0.20348.2849_none_2ef2fe1dfba5aacd\InputApp\Assets\KbdFunctionModernUX.wav,,,,,,,,,,,,,,,,,,,SCAFFOLD,0x3e7,DC$,S-1-5-18,,,,,,,,,00000000-0000-0000-0000-000000000000,,
2026-09-02T03:46:38.658851Z,4664,dc.scaffold.htb,Microsoft-Windows-Security-Auditing,Security,24118,0,,,,,,,C:\Windows\WinSxS\amd64_microsoft-windows-userexperience-desktop_31bf3856ad364e35_10.0.20348.1_none_102020f9924de3c3\InputApp\Assets\KbdKeyTap.wav,,,,,,,C:\Windows\WinSxS\amd64_microsoft-windows-userexperience-desktop_31bf3856ad364e35_10.0.20348.2849_none_2ef2fe1dfba5aacd\InputApp\Assets\KbdKeyTap.wav,,,,,,,,,,,,,,,,,,,SCAFFOLD,0x3e7,DC$,S-1-5-18,,,,,,,,,00000000-0000-0000-0000-000000000000,,
2026-09-02T03:46:38.659493Z,4664,dc.scaffold.htb,Microsoft-Windows-Security-Auditing,Security,24119,0,,,,,,,C:\Windows\WinSxS\amd64_microsoft-windows-userexperience-desktop_31bf3856ad364e35_10.0.20348.1_none_102020f9924de3c3\InputApp\Assets\KbdKeyTapModernUX.wav,,,,,,,C:\Windows\WinSxS\amd64_microsoft-windows-userexperience-desktop_31bf3856ad364e35_10.0.20348.2849_none_2ef2fe1dfba5aacd\InputApp\Assets\KbdKeyTapModernUX.wav,,,,,,,,,,,,,,,,,,,SCAFFOLD,0x3e7,DC$,S-1-5-18,,,,,,,,,00000000-0000-0000-0000-000000000000,,
2026-09-02T03:46:38.671979Z,4664,dc.scaffold.htb,Microsoft-Windows-Security-Auditing,Security,24120,0,,,,,,,C:\Windows\WinSxS\amd64_microsoft-windows-userexperience-desktop_31bf3856ad364e35_10.0.20348.1_none_102020f9924de3c3\InputApp\Assets\KbdSpacebar.wav,,,,,,,C:\Windows\WinSxS\amd64_microsoft-windows-userexperience-desktop_31bf3856ad364e35_10.0.20348.2849_none_2ef2fe1dfba5aacd\InputApp\Assets\KbdSpacebar.wav,,,,,,,,,,,,,,,,,,,SCAFFOLD,0x3e7,DC$,S-1-5-18,,,,,,,,,00000000-0000-0000-0000-000000000000,,
2026-09-02T03:46:38.675608Z,4664,dc.scaffold.htb,Microsoft-Windows-Security-Auditing,Security,24121,0,,,,,,,C:\Windows\WinSxS\amd64_microsoft-windows-userexperience-desktop_31bf3856ad364e35_10.0.20348.1_none_102020f9924de3c3\InputApp\Assets\KbdSpaceBarModernUX.wav,,,,,,,C:\Windows\WinSxS\amd64_microsoft-windows-userexperience-desktop_31bf3856ad364e35_10.0.20348.2849_none_2ef2fe1dfba5aacd\InputApp\Assets\KbdSpaceBarModernUX.wav,,,,,,,,,,,,,,,,,,,SCAFFOLD,0x3e7,DC$,S-1-5-18,,,,,,,,,00000000-0000-0000-0000-000000000000,,
2026-09-02T03:46:38.676481Z,4664,dc.scaffold.htb,Microsoft-Windows-Security-Auditing,Security,24122,0,,,,,,,C:\Windows\WinSxS\amd64_microsoft-windows-userexperience-desktop_31bf3856ad364e35_10.0.20348.1_none_102020f9924de3c3\InputApp\Assets\KbdSwipeGesture.wav,,,,,,,C:\Windows\WinSxS\amd64_microsoft-windows-userexperience-desktop_31bf3856ad364e35_10.0.20348.2849_none_2ef2fe1dfba5aacd\InputApp\Assets\KbdSwipeGesture.wav,,,,,,,,,,,,,,,,,,,SCAFFOLD,0x3e7,DC$,S-1-5-18,,,,,,,,,00000000-0000-0000-0000-000000000000,,
2026-09-02T03:46:38.677231Z,4664,dc.scaffold.htb,Microsoft-Windows-Security-Auditing,Security,24123,0,,,,,,,C:\Windows\WinSxS\amd64_microsoft-windows-userexperience-desktop_31bf3856ad364e35_10.0.20348.1_none_102020f9924de3c3\InputApp\Assets\SplashScreen.scale-100.png,,,,,,,C:\Windows\WinSxS\amd64_microsoft-windows-userexperience-desktop_31bf3856ad364e35_10.0.20348.2849_none_2ef2fe1dfba5aacd\InputApp\Assets\SplashScreen.scale-100.png,,,,,,,,,,,,,,,,,,,SCAFFOLD,0x3e7,DC$,S-1-5-18,,,,,,,,,00000000-0000-0000-0000-000000000000,,
2026-09-02T03:46:38.677975Z,4664,dc.scaffold.htb,Microsoft-Windows-Security-Auditing,Security,24124,0,,,,,,,C:\Windows\WinSxS\amd64_microsoft-windows-userexperience-desktop_31bf3856ad364e35_10.0.20348.1_none_102020f9924de3c3\InputApp\Assets\SplashScreen.scale-125.png,,,,,,,C:\Windows\WinSxS\amd64_microsoft-windows-userexperience-desktop_31bf3856ad364e35_10.0.20348.2849_none_2ef2fe1dfba5aacd\InputApp\Assets\SplashScreen.scale-125.png,,,,,,,,,,,,,,,,,,,SCAFFOLD,0x3e7,DC$,S-1-5-18,,,,,,,,,00000000-0000-0000-0000-000000000000,,
2026-09-02T03:46:38.678513Z,4664,dc.scaffold.htb,Microsoft-Windows-Security-Auditing,Security,24125,0,,,,,,,C:\Windows\WinSxS\amd64_microsoft-windows-userexperience-desktop_31bf3856ad364e35_10.0.20348.1_none_102020f9924de3c3\InputApp\Assets\SplashScreen.scale-150.png,,,,,,,C:\Windows\WinSxS\amd64_microsoft-windows-userexperience-desktop_31bf3856ad364e35_10.0.20348.2849_none_2ef2fe1dfba5aacd\InputApp\Assets\SplashScreen.scale-150.png,,,,,,,,,,,,,,,,,,,SCAFFOLD,0x3e7,DC$,S-1-5-18,,,,,,,,,00000000-0000-0000-0000-000000000000,,
2026-09-02T03:46:38.679066Z,4664,dc.scaffold.htb,Microsoft-Windows-Security-Auditing,Security,24126,0,,,,,,,C:\Windows\WinSxS\amd64_microsoft-windows-userexperience-desktop_31bf3856ad364e35_10.0.20348.1_none_102020f9924de3c3\InputApp\Assets\SplashScreen.scale-200.png,,,,,,,C:\Windows\WinSxS\amd64_microsoft-windows-userexperience-desktop_31bf3856ad364e35_10.0.20348.2849_none_2ef2fe1dfba5aacd\InputApp\Assets\SplashScreen.scale-200.png,,,,,,,,,,,,,,,,,,,SCAFFOLD,0x3e7,DC$,S-1-5-18,,,,,,,,,00000000-0000-0000-0000-000000000000,,
2026-09-02T03:46:38.679680Z,4664,dc.scaffold.htb,Microsoft-Windows-Security-Auditing,Security,24127,0,,,,,,,C:\Windows\WinSxS\amd64_microsoft-windows-userexperience-desktop_31bf3856ad364e35_10.0.20348.1_none_102020f9924de3c3\InputApp\Assets\SplashScreen.scale-400.png,,,,,,,C:\Windows\WinSxS\amd64_microsoft-windows-userexperience-desktop_31bf3856ad364e35_10.0.20348.2849_none_2ef2fe1dfba5aacd\InputApp\Assets\SplashScreen.scale-400.png,,,,,,,,,,,,,,,,,,,SCAFFOLD,0x3e7,DC$,S-1-5-18,,,,,,,,,00000000-0000-0000-0000-000000000000,,
2026-09-02T03:46:38.680208Z,4664,dc.scaffold.htb,Microsoft-Windows-Security-Auditing,Security,24128,0,,,,,,,C:\Windows\WinSxS\amd64_microsoft-windows-userexperience-desktop_31bf3856ad364e35_10.0.20348.1_none_102020f9924de3c3\InputApp\Assets\SquareLogo150x150.scale-100.png,,,,,,,C:\Windows\WinSxS\amd64_microsoft-windows-userexperience-desktop_31bf3856ad364e35_10.0.20348.2849_none_2ef2fe1dfba5aacd\InputApp\Assets\SquareLogo150x150.scale-100.png,,,,,,,,,,,,,,,,,,,SCAFFOLD,0x3e7,DC$,S-1-5-18,,,,,,,,,00000000-0000-0000-0000-000000000000,,
2026-09-02T03:46:38.680734Z,4664,dc.scaffold.htb,Microsoft-Windows-Security-Auditing,Security,24129,0,,,,,,,C:\Windows\WinSxS\amd64_microsoft-windows-userexperience-desktop_31bf3856ad364e35_10.0.20348.1_none_102020f9924de3c3\InputApp\Assets\SquareLogo150x150.scale-200.png,,,,,,,C:\Windows\WinSxS\amd64_microsoft-windows-userexperience-desktop_31bf3856ad364e35_10.0.20348.2849_none_2ef2fe1dfba5aacd\InputApp\Assets\SquareLogo150x150.scale-200.png,,,,,,,,,,,,,,,,,,,SCAFFOLD,0x3e7,DC$,S-1-5-18,,,,,,,,,00000000-0000-0000-0000-000000000000,,
2026-09-02T03:46:38.681197Z,4664,dc.scaffold.htb,Microsoft-Windows-Security-Auditing,Security,24130,0,,,,,,,C:\Windows\WinSxS\amd64_microsoft-windows-userexperience-desktop_31bf3856ad364e35_10.0.20348.1_none_102020f9924de3c3\InputApp\Assets\SquareLogo150x150.scale-400.png,,,,,,,C:\Windows\WinSxS\amd64_microsoft-windows-userexperience-desktop_31bf3856ad364e35_10.0.20348.2849_none_2ef2fe1dfba5aacd\InputApp\Assets\SquareLogo150x150.scale-400.png,,,,,,,,,,,,,,,,,,,SCAFFOLD,0x3e7,DC$,S-1-5-18,,,,,,,,,00000000-0000-0000-0000-000000000000,,
2026-09-02T03:46:38.681699Z,4664,dc.scaffold.htb,Microsoft-Windows-Security-Auditing,Security,24131,0,,,,,,,C:\Windows\WinSxS\amd64_microsoft-windows-userexperience-desktop_31bf3856ad364e35_10.0.20348.1_none_102020f9924de3c3\InputApp\Assets\SquareLogo310x310.scale-100.png,,,,,,,C:\Windows\WinSxS\amd64_microsoft-windows-userexperience-desktop_31bf3856ad364e35_10.0.20348.2849_none_2ef2fe1dfba5aacd\InputApp\Assets\SquareLogo310x310.scale-100.png,,,,,,,,,,,,,,,,,,,SCAFFOLD,0x3e7,DC$,S-1-5-18,,,,,,,,,00000000-0000-0000-0000-000000000000,,
2026-09-02T03:46:38.682238Z,4664,dc.scaffold.htb,Microsoft-Windows-Security-Auditing,Security,24132,0,,,,,,,C:\Windows\WinSxS\amd64_microsoft-windows-userexperience-desktop_31bf3856ad364e35_10.0.20348.1_none_102020f9924de3c3\InputApp\Assets\SquareLogo310x310.scale-200.png,,,,,,,C:\Windows\WinSxS\amd64_microsoft-windows-userexperience-desktop_31bf3856ad364e35_10.0.20348.2849_none_2ef2fe1dfba5aacd\InputApp\Assets\SquareLogo310x310.scale-200.png,,,,,,,,,,,,,,,,,,,SCAFFOLD,0x3e7,DC$,S-1-5-18,,,,,,,,,00000000-0000-0000-0000-000000000000,,
2026-09-02T03:46:38.682832Z,4664,dc.scaffold.htb,Microsoft-Windows-Security-Auditing,Security,24133,0,,,,,,,C:\Windows\WinSxS\amd64_microsoft-windows-userexperience-desktop_31bf3856ad364e35_10.0.20348.1_none_102020f9924de3c3\InputApp\Assets\SquareLogo310x310.scale-400.png,,,,,,,C:\Windows\WinSxS\amd64_microsoft-windows-userexperience-desktop_31bf3856ad364e35_10.0.20348.2849_none_2ef2fe1dfba5aacd\InputApp\Assets\SquareLogo310x310.scale-400.png,,,,,,,,,,,,,,,,,,,SCAFFOLD,0x3e7,DC$,S-1-5-18,,,,,,,,,00000000-0000-0000-0000-000000000000,,
2026-09-02T03:46:38.683433Z,4664,dc.scaffold.htb,Microsoft-Windows-Security-Auditing,Security,24134,0,,,,,,,C:\Windows\WinSxS\amd64_microsoft-windows-userexperience-desktop_31bf3856ad364e35_10.0.20348.1_none_102020f9924de3c3\InputApp\Assets\SquareLogo44x44.scale-100.png,,,,,,,C:\Windows\WinSxS\amd64_microsoft-windows-userexperience-desktop_31bf3856ad364e35_10.0.20348.2849_none_2ef2fe1dfba5aacd\InputApp\Assets\SquareLogo44x44.scale-100.png,,,,,,,,,,,,,,,,,,,SCAFFOLD,0x3e7,DC$,S-1-5-18,,,,,,,,,00000000-0000-0000-0000-000000000000,,
2026-09-02T03:46:38.683963Z,4664,dc.scaffold.htb,Microsoft-Windows-Security-Auditing,Security,24135,0,,,,,,,C:\Windows\WinSxS\amd64_microsoft-windows-userexperience-desktop_31bf3856ad364e35_10.0.20348.1_none_102020f9924de3c3\InputApp\Assets\SquareLogo44x44.scale-200.png,,,,,,,C:\Windows\WinSxS\amd64_microsoft-windows-userexperience-desktop_31bf3856ad364e35_10.0.20348.2849_none_2ef2fe1dfba5aacd\InputApp\Assets\SquareLogo44x44.scale-200.png,,,,,,,,,,,,,,,,,,,SCAFFOLD,0x3e7,DC$,S-1-5-18,,,,,,,,,00000000-0000-0000-0000-000000000000,,
2026-09-02T03:46:38.684486Z,4664,dc.scaffold.htb,Microsoft-Windows-Security-Auditing,Security,24136,0,,,,,,,C:\Windows\WinSxS\amd64_microsoft-windows-userexperience-desktop_31bf3856ad364e35_10.0.20348.1_none_102020f9924de3c3\InputApp\Assets\SquareLogo44x44.scale-400.png,,,,,,,C:\Windows\WinSxS\amd64_microsoft-windows-userexperience-desktop_31bf3856ad364e35_10.0.20348.2849_none_2ef2fe1dfba5aacd\InputApp\Assets\SquareLogo44x44.scale-400.png,,,,,,,,,,,,,,,,,,,SCAFFOLD,0x3e7,DC$,S-1-5-18,,,,,,,,,00000000-0000-0000-0000-000000000000,,
2026-09-02T03:46:38.685769Z,4664,dc.scaffold.htb,Microsoft-Windows-Security-Auditing,Security,24137,0,,,,,,,C:\Windows\WinSxS\amd64_microsoft-windows-userexperience-desktop_31bf3856ad364e35_10.0.20348.1_none_102020f9924de3c3\InputApp\Assets\SquareLogo71x71.scale-100.png,,,,,,,C:\Windows\WinSxS\amd64_microsoft-windows-userexperience-desktop_31bf3856ad364e35_10.0.20348.2849_none_2ef2fe1dfba5aacd\InputApp\Assets\SquareLogo71x71.scale-100.png,,,,,,,,,,,,,,,,,,,SCAFFOLD,0x3e7,DC$,S-1-5-18,,,,,,,,,00000000-0000-0000-0000-000000000000,,
2026-09-02T03:46:38.686372Z,4664,dc.scaffold.htb,Microsoft-Windows-Security-Auditing,Security,24138,0,,,,,,,C:\Windows\WinSxS\amd64_microsoft-windows-userexperience-desktop_31bf3856ad364e35_10.0.20348.1_none_102020f9924de3c3\InputApp\Assets\SquareLogo71x71.scale-200.png,,,,,,,C:\Windows\WinSxS\amd64_microsoft-windows-userexperience-desktop_31bf3856ad364e35_10.0.20348.2849_none_2ef2fe1dfba5aacd\InputApp\Assets\SquareLogo71x71.scale-200.png,,,,,,,,,,,,,,,,,,,SCAFFOLD,0x3e7,DC$,S-1-5-18,,,,,,,,,00000000-0000-0000-0000-000000000000,,
2026-09-02T03:46:38.686932Z,4664,dc.scaffold.htb,Microsoft-Windows-Security-Auditing,Security,24139,0,,,,,,,C:\Windows\WinSxS\amd64_microsoft-windows-userexperience-desktop_31bf3856ad364e35_10.0.20348.1_none_102020f9924de3c3\InputApp\Assets\SquareLogo71x71.scale-400.png,,,,,,,C:\Windows\WinSxS\amd64_microsoft-windows-userexperience-desktop_31bf3856ad364e35_10.0.20348.2849_none_2ef2fe1dfba5aacd\InputApp\Assets\SquareLogo71x71.scale-400.png,,,,,,,,,,,,,,,,,,,SCAFFOLD,0x3e7,DC$,S-1-5-18,,,,,,,,,00000000-0000-0000-0000-000000000000,,
2026-09-02T03:46:38.688766Z,4664,dc.scaffold.htb,Microsoft-Windows-Security-Auditing,Security,24140,0,,,,,,,C:\Windows\WinSxS\amd64_microsoft-windows-userexperience-desktop_31bf3856ad364e35_10.0.20348.1_none_102020f9924de3c3\InputApp\Assets\StoreLogo.scale-100.png,,,,,,,C:\Windows\WinSxS\amd64_microsoft-windows-userexperience-desktop_31bf3856ad364e35_10.0.20348.2849_none_2ef2fe1dfba5aacd\InputApp\Assets\StoreLogo.scale-100.png,,,,,,,,,,,,,,,,,,,SCAFFOLD,0x3e7,DC$,S-1-5-18,,,,,,,,,00000000-0000-0000-0000-000000000000,,
2026-09-02T03:46:38.690233Z,4664,dc.scaffold.htb,Microsoft-Windows-Security-Auditing,Security,24141,0,,,,,,,C:\Windows\WinSxS\amd64_microsoft-windows-userexperience-desktop_31bf3856ad364e35_10.0.20348.1_none_102020f9924de3c3\InputApp\Assets\StoreLogo.scale-125.png,,,,,,,C:\Windows\WinSxS\amd64_microsoft-windows-userexperience-desktop_31bf3856ad364e35_10.0.20348.2849_none_2ef2fe1dfba5aacd\InputApp\Assets\StoreLogo.scale-125.png,,,,,,,,,,,,,,,,,,,SCAFFOLD,0x3e7,DC$,S-1-5-18,,,,,,,,,00000000-0000-0000-0000-000000000000,,
2026-09-02T03:46:38.691392Z,4664,dc.scaffold.htb,Microsoft-Windows-Security-Auditing,Security,24142,0,,,,,,,C:\Windows\WinSxS\amd64_microsoft-windows-userexperience-desktop_31bf3856ad364e35_10.0.20348.1_none_102020f9924de3c3\InputApp\Assets\StoreLogo.scale-150.png,,,,,,,C:\Windows\WinSxS\amd64_microsoft-windows-userexperience-desktop_31bf3856ad364e35_10.0.20348.2849_none_2ef2fe1dfba5aacd\InputApp\Assets\StoreLogo.scale-150.png,,,,,,,,,,,,,,,,,,,SCAFFOLD,0x3e7,DC$,S-1-5-18,,,,,,,,,00000000-0000-0000-0000-000000000000,,
2026-09-02T03:46:38.691959Z,4664,dc.scaffold.htb,Microsoft-Windows-Security-Auditing,Security,24143,0,,,,,,,C:\Windows\WinSxS\amd64_microsoft-windows-userexperience-desktop_31bf3856ad364e35_10.0.20348.1_none_102020f9924de3c3\InputApp\Assets\StoreLogo.scale-200.png,,,,,,,C:\Windows\WinSxS\amd64_microsoft-windows-userexperience-desktop_31bf3856ad364e35_10.0.20348.2849_none_2ef2fe1dfba5aacd\InputApp\Assets\StoreLogo.scale-200.png,,,,,,,,,,,,,,,,,,,SCAFFOLD,0x3e7,DC$,S-1-5-18,,,,,,,,,00000000-0000-0000-0000-000000000000,,
