2026-09-02T03:21:27.646080Z,4664,dc.scaffold.htb,Microsoft-Windows-Security-Auditing,Security,22678,0,,,,,,,C:\Windows\WinSxS\amd64_system.directoryservices_b03f5f7f11d50a3a_4.0.15806.655_none_a9fdb76ff0bbdf9c\System.DirectoryServices.dll,,,,,,,C:\Windows\Microsoft.NET\Framework64\v4.0.30319\System.DirectoryServices.dll,,,,,,,,,,,,,,,,,,,SCAFFOLD,0x3e7,DC$,S-1-5-18,,,,,,,,,C62843AF-A67C-11F1-9935-005056B98D90,,
2026-09-02T03:21:27.646387Z,4663,dc.scaffold.htb,Microsoft-Windows-Security-Auditing,Security,22679,0,"%%1537
				",0x10000,,,,,,,0x88,,,,,,,,,,,,,C:\Windows\Microsoft.NET\Framework64\v4.0.30319\System.dll,Security,File,,,,0x166c,C:\Windows\System32\poqexec.exe,,S:AI,,SCAFFOLD,0x3e7,DC$,S-1-5-18,,,,,,,,,,,
2026-09-02T03:21:27.646407Z,4660,dc.scaffold.htb,Microsoft-Windows-Security-Auditing,Security,22680,0,,,,,,,,,0x88,,,,,,,,,,,,,,Security,,,,,0x166c,C:\Windows\System32\poqexec.exe,,,,SCAFFOLD,0x3e7,DC$,S-1-5-18,,,,,,,,,C62843AF-A67C-11F1-9935-005056B98D90,,
2026-09-02T03:21:27.646844Z,4664,dc.scaffold.htb,Microsoft-Windows-Security-Auditing,Security,22681,0,,,,,,,C:\Windows\WinSxS\amd64_system_b77a5c561934e089_4.0.15806.695_none_2def3de61b416cc3\System.dll,,,,,,,C:\Windows\Microsoft.NET\Framework64\v4.0.30319\System.dll,,,,,,,,,,,,,,,,,,,SCAFFOLD,0x3e7,DC$,S-1-5-18,,,,,,,,,C62843AF-A67C-11F1-9935-005056B98D90,,
2026-09-02T03:21:27.647126Z,4663,dc.scaffold.htb,Microsoft-Windows-Security-Auditing,Security,22682,0,"%%1537
				",0x10000,,,,,,,0x88,,,,,,,,,,,,,C:\Windows\Microsoft.NET\Framework64\v4.0.30319\System.IdentityModel.dll,Security,File,,,,0x166c,C:\Windows\System32\poqexec.exe,,S:AI,,SCAFFOLD,0x3e7,DC$,S-1-5-18,,,,,,,,,,,
2026-09-02T03:21:27.648382Z,4660,dc.scaffold.htb,Microsoft-Windows-Security-Auditing,Security,22683,0,,,,,,,,,0x88,,,,,,,,,,,,,,Security,,,,,0x166c,C:\Windows\System32\poqexec.exe,,,,SCAFFOLD,0x3e7,DC$,S-1-5-18,,,,,,,,,C62843AF-A67C-11F1-9935-005056B98D90,,
2026-09-02T03:21:27.648871Z,4664,dc.scaffold.htb,Microsoft-Windows-Security-Auditing,Security,22684,0,,,,,,,C:\Windows\WinSxS\amd64_system.identitymodel_b77a5c561934e089_4.0.15806.695_none_70b9e0a90357c826\System.IdentityModel.dll,,,,,,,C:\Windows\Microsoft.NET\Framework64\v4.0.30319\System.IdentityModel.dll,,,,,,,,,,,,,,,,,,,SCAFFOLD,0x3e7,DC$,S-1-5-18,,,,,,,,,C62843AF-A67C-11F1-9935-005056B98D90,,
2026-09-02T03:21:27.649194Z,4663,dc.scaffold.htb,Microsoft-Windows-Security-Auditing,Security,22685,0,"%%1537
				",0x10000,,,,,,,0x88,,,,,,,,,,,,,C:\Windows\Microsoft.NET\Framework64\v4.0.30319\System.IdentityModel.Services.dll,Security,File,,,,0x166c,C:\Windows\System32\poqexec.exe,,S:AI,,SCAFFOLD,0x3e7,DC$,S-1-5-18,,,,,,,,,,,
2026-09-02T03:21:27.650540Z,4660,dc.scaffold.htb,Microsoft-Windows-Security-Auditing,Security,22686,0,,,,,,,,,0x88,,,,,,,,,,,,,,Security,,,,,0x166c,C:\Windows\System32\poqexec.exe,,,,SCAFFOLD,0x3e7,DC$,S-1-5-18,,,,,,,,,C62843AF-A67C-11F1-9935-005056B98D90,,
2026-09-02T03:21:27.651100Z,4664,dc.scaffold.htb,Microsoft-Windows-Security-Auditing,Security,22687,0,,,,,,,C:\Windows\WinSxS\amd64_system.identitymodel.services_b77a5c561934e089_4.0.15806.695_none_fb0d6da0e3b19c8e\System.IdentityModel.Services.dll,,,,,,,C:\Windows\Microsoft.NET\Framework64\v4.0.30319\System.IdentityModel.Services.dll,,,,,,,,,,,,,,,,,,,SCAFFOLD,0x3e7,DC$,S-1-5-18,,,,,,,,,C62843AF-A67C-11F1-9935-005056B98D90,,
2026-09-02T03:21:27.651393Z,4663,dc.scaffold.htb,Microsoft-Windows-Security-Auditing,Security,22688,0,"%%1537
				",0x10000,,,,,,,0x88,,,,,,,,,,,,,C:\Windows\Microsoft.NET\Framework64\v4.0.30319\System.IO.Compression.dll,Security,File,,,,0x166c,C:\Windows\System32\poqexec.exe,,S:AI,,SCAFFOLD,0x3e7,DC$,S-1-5-18,,,,,,,,,,,
2026-09-02T03:21:27.652541Z,4660,dc.scaffold.htb,Microsoft-Windows-Security-Auditing,Security,22689,0,,,,,,,,,0x88,,,,,,,,,,,,,,Security,,,,,0x166c,C:\Windows\System32\poqexec.exe,,,,SCAFFOLD,0x3e7,DC$,S-1-5-18,,,,,,,,,C62843AF-A67C-11F1-9935-005056B98D90,,
2026-09-02T03:21:27.653037Z,4664,dc.scaffold.htb,Microsoft-Windows-Security-Auditing,Security,22690,0,,,,,,,C:\Windows\WinSxS\amd64_system.io.compression_b77a5c561934e089_4.0.15806.651_none_da51952c85569c77\System.IO.Compression.dll,,,,,,,C:\Windows\Microsoft.NET\Framework64\v4.0.30319\System.IO.Compression.dll,,,,,,,,,,,,,,,,,,,SCAFFOLD,0x3e7,DC$,S-1-5-18,,,,,,,,,C62843AF-A67C-11F1-9935-005056B98D90,,
2026-09-02T03:21:27.653417Z,4663,dc.scaffold.htb,Microsoft-Windows-Security-Auditing,Security,22691,0,"%%1537
				",0x10000,,,,,,,0x8c,,,,,,,,,,,,,C:\Windows\Microsoft.NET\Framework64\v4.0.30319\System.Net.dll,Security,File,,,,0x166c,C:\Windows\System32\poqexec.exe,,S:AI,,SCAFFOLD,0x3e7,DC$,S-1-5-18,,,,,,,,,,,
2026-09-02T03:21:27.654734Z,4660,dc.scaffold.htb,Microsoft-Windows-Security-Auditing,Security,22692,0,,,,,,,,,0x8c,,,,,,,,,,,,,,Security,,,,,0x166c,C:\Windows\System32\poqexec.exe,,,,SCAFFOLD,0x3e7,DC$,S-1-5-18,,,,,,,,,C62843AF-A67C-11F1-9935-005056B98D90,,
2026-09-02T03:21:27.655750Z,4664,dc.scaffold.htb,Microsoft-Windows-Security-Auditing,Security,22693,0,,,,,,,C:\Windows\WinSxS\amd64_system.net_b03f5f7f11d50a3a_4.0.15806.695_none_4a98f53dd5bd1688\System.Net.dll,,,,,,,C:\Windows\Microsoft.NET\Framework64\v4.0.30319\System.Net.dll,,,,,,,,,,,,,,,,,,,SCAFFOLD,0x3e7,DC$,S-1-5-18,,,,,,,,,C62843AF-A67C-11F1-9935-005056B98D90,,
2026-09-02T03:21:27.656057Z,4663,dc.scaffold.htb,Microsoft-Windows-Security-Auditing,Security,22694,0,"%%1537
				",0x10000,,,,,,,0x8c,,,,,,,,,,,,,C:\Windows\Microsoft.NET\Framework64\v4.0.30319\System.Net.Http.dll,Security,File,,,,0x166c,C:\Windows\System32\poqexec.exe,,S:AI,,SCAFFOLD,0x3e7,DC$,S-1-5-18,,,,,,,,,,,
2026-09-02T03:21:27.656600Z,4660,dc.scaffold.htb,Microsoft-Windows-Security-Auditing,Security,22695,0,,,,,,,,,0x8c,,,,,,,,,,,,,,Security,,,,,0x166c,C:\Windows\System32\poqexec.exe,,,,SCAFFOLD,0x3e7,DC$,S-1-5-18,,,,,,,,,C62843AF-A67C-11F1-9935-005056B98D90,,
2026-09-02T03:21:27.657505Z,4664,dc.scaffold.htb,Microsoft-Windows-Security-Auditing,Security,22696,0,,,,,,,C:\Windows\WinSxS\amd64_system.net.http_b03f5f7f11d50a3a_4.0.15806.695_none_4190376029be8b10\System.Net.Http.dll,,,,,,,C:\Windows\Microsoft.NET\Framework64\v4.0.30319\System.Net.Http.dll,,,,,,,,,,,,,,,,,,,SCAFFOLD,0x3e7,DC$,S-1-5-18,,,,,,,,,C62843AF-A67C-11F1-9935-005056B98D90,,
2026-09-02T03:21:27.657813Z,4663,dc.scaffold.htb,Microsoft-Windows-Security-Auditing,Security,22697,0,"%%1537
				",0x10000,,,,,,,0x8c,,,,,,,,,,,,,C:\Windows\Microsoft.NET\Framework64\v4.0.30319\System.Net.Http.WebRequest.dll,Security,File,,,,0x166c,C:\Windows\System32\poqexec.exe,,S:AI,,SCAFFOLD,0x3e7,DC$,S-1-5-18,,,,,,,,,,,
2026-09-02T03:21:27.659892Z,4660,dc.scaffold.htb,Microsoft-Windows-Security-Auditing,Security,22698,0,,,,,,,,,0x8c,,,,,,,,,,,,,,Security,,,,,0x166c,C:\Windows\System32\poqexec.exe,,,,SCAFFOLD,0x3e7,DC$,S-1-5-18,,,,,,,,,C62843AF-A67C-11F1-9935-005056B98D90,,
2026-09-02T03:21:27.660368Z,4664,dc.scaffold.htb,Microsoft-Windows-Security-Auditing,Security,22699,0,,,,,,,C:\Windows\WinSxS\amd64_system.net.http.webrequest_b03f5f7f11d50a3a_4.0.15806.695_none_93a20d285257bf99\System.Net.Http.WebRequest.dll,,,,,,,C:\Windows\Microsoft.NET\Framework64\v4.0.30319\System.Net.Http.WebRequest.dll,,,,,,,,,,,,,,,,,,,SCAFFOLD,0x3e7,DC$,S-1-5-18,,,,,,,,,C62843AF-A67C-11F1-9935-005056B98D90,,
2026-09-02T03:21:27.660696Z,4663,dc.scaffold.htb,Microsoft-Windows-Security-Auditing,Security,22700,0,"%%1537
				",0x10000,,,,,,,0x8c,,,,,,,,,,,,,C:\Windows\Microsoft.NET\Framework64\v4.0.30319\System.Runtime.Caching.dll,Security,File,,,,0x166c,C:\Windows\System32\poqexec.exe,,S:AI,,SCAFFOLD,0x3e7,DC$,S-1-5-18,,,,,,,,,,,
2026-09-02T03:21:27.661189Z,4660,dc.scaffold.htb,Microsoft-Windows-Security-Auditing,Security,22701,0,,,,,,,,,0x8c,,,,,,,,,,,,,,Security,,,,,0x166c,C:\Windows\System32\poqexec.exe,,,,SCAFFOLD,0x3e7,DC$,S-1-5-18,,,,,,,,,C62843AF-A67C-11F1-9935-005056B98D90,,
2026-09-02T03:21:27.661649Z,4664,dc.scaffold.htb,Microsoft-Windows-Security-Auditing,Security,22702,0,,,,,,,C:\Windows\WinSxS\amd64_system.runtime.caching_b03f5f7f11d50a3a_4.0.15806.651_none_4cf423f7c08bc5fe\System.Runtime.Caching.dll,,,,,,,C:\Windows\Microsoft.NET\Framework64\v4.0.30319\System.Runtime.Caching.dll,,,,,,,,,,,,,,,,,,,SCAFFOLD,0x3e7,DC$,S-1-5-18,,,,,,,,,C62843AF-A67C-11F1-9935-005056B98D90,,
2026-09-02T03:21:27.662098Z,4663,dc.scaffold.htb,Microsoft-Windows-Security-Auditing,Security,22703,0,"%%1537
				",0x10000,,,,,,,0x8c,,,,,,,,,,,,,C:\Windows\Microsoft.NET\Framework64\v4.0.30319\System.Runtime.Remoting.dll,Security,File,,,,0x166c,C:\Windows\System32\poqexec.exe,,S:AI,,SCAFFOLD,0x3e7,DC$,S-1-5-18,,,,,,,,,,,
2026-09-02T03:21:27.662976Z,4660,dc.scaffold.htb,Microsoft-Windows-Security-Auditing,Security,22704,0,,,,,,,,,0x8c,,,,,,,,,,,,,,Security,,,,,0x166c,C:\Windows\System32\poqexec.exe,,,,SCAFFOLD,0x3e7,DC$,S-1-5-18,,,,,,,,,C62843AF-A67C-11F1-9935-005056B98D90,,
2026-09-02T03:21:27.663536Z,4664,dc.scaffold.htb,Microsoft-Windows-Security-Auditing,Security,22705,0,,,,,,,C:\Windows\WinSxS\amd64_system.runtime.remoting_b77a5c561934e089_4.0.15806.612_none_18f0dfa3047e9423\System.Runtime.Remoting.dll,,,,,,,C:\Windows\Microsoft.NET\Framework64\v4.0.30319\System.Runtime.Remoting.dll,,,,,,,,,,,,,,,,,,,SCAFFOLD,0x3e7,DC$,S-1-5-18,,,,,,,,,C62843AF-A67C-11F1-9935-005056B98D90,,
2026-09-02T03:21:27.664000Z,4663,dc.scaffold.htb,Microsoft-Windows-Security-Auditing,Security,22706,0,"%%1537
				",0x10000,,,,,,,0x88,,,,,,,,,,,,,C:\Windows\Microsoft.NET\Framework64\v4.0.30319\System.Runtime.Serialization.dll,Security,File,,,,0x166c,C:\Windows\System32\poqexec.exe,,S:AI,,SCAFFOLD,0x3e7,DC$,S-1-5-18,,,,,,,,,,,
2026-09-02T03:21:27.664929Z,4660,dc.scaffold.htb,Microsoft-Windows-Security-Auditing,Security,22707,0,,,,,,,,,0x88,,,,,,,,,,,,,,Security,,,,,0x166c,C:\Windows\System32\poqexec.exe,,,,SCAFFOLD,0x3e7,DC$,S-1-5-18,,,,,,,,,C62843AF-A67C-11F1-9935-005056B98D90,,
2026-09-02T03:21:27.665516Z,4664,dc.scaffold.htb,Microsoft-Windows-Security-Auditing,Security,22708,0,,,,,,,C:\Windows\WinSxS\amd64_system.runtime.serialization_b77a5c561934e089_4.0.15806.695_none_55c56d9e9f27680d\System.Runtime.Serialization.dll,,,,,,,C:\Windows\Microsoft.NET\Framework64\v4.0.30319\System.Runtime.Serialization.dll,,,,,,,,,,,,,,,,,,,SCAFFOLD,0x3e7,DC$,S-1-5-18,,,,,,,,,C62843AF-A67C-11F1-9935-005056B98D90,,
2026-09-02T03:21:27.665830Z,4663,dc.scaffold.htb,Microsoft-Windows-Security-Auditing,Security,22709,0,"%%1537
				",0x10000,,,,,,,0x88,,,,,,,,,,,,,C:\Windows\Microsoft.NET\Framework64\v4.0.30319\System.Security.dll,Security,File,,,,0x166c,C:\Windows\System32\poqexec.exe,,S:AI,,SCAFFOLD,0x3e7,DC$,S-1-5-18,,,,,,,,,,,
2026-09-02T03:21:27.666928Z,4660,dc.scaffold.htb,Microsoft-Windows-Security-Auditing,Security,22710,0,,,,,,,,,0x88,,,,,,,,,,,,,,Security,,,,,0x166c,C:\Windows\System32\poqexec.exe,,,,SCAFFOLD,0x3e7,DC$,S-1-5-18,,,,,,,,,C62843AF-A67C-11F1-9935-005056B98D90,,
2026-09-02T03:21:27.668254Z,4664,dc.scaffold.htb,Microsoft-Windows-Security-Auditing,Security,22711,0,,,,,,,C:\Windows\WinSxS\amd64_system.security_b03f5f7f11d50a3a_4.0.15806.695_none_ef6680728d8a6c01\System.Security.dll,,,,,,,C:\Windows\Microsoft.NET\Framework64\v4.0.30319\System.Security.dll,,,,,,,,,,,,,,,,,,,SCAFFOLD,0x3e7,DC$,S-1-5-18,,,,,,,,,C62843AF-A67C-11F1-9935-005056B98D90,,
2026-09-02T03:21:27.668561Z,4663,dc.scaffold.htb,Microsoft-Windows-Security-Auditing,Security,22712,0,"%%1537
				",0x10000,,,,,,,0x84,,,,,,,,,,,,,C:\Windows\Microsoft.NET\Framework64\v4.0.30319\System.ServiceModel.Channels.dll,Security,File,,,,0x166c,C:\Windows\System32\poqexec.exe,,S:AI,,SCAFFOLD,0x3e7,DC$,S-1-5-18,,,,,,,,,,,
2026-09-02T03:21:27.669611Z,4660,dc.scaffold.htb,Microsoft-Windows-Security-Auditing,Security,22713,0,,,,,,,,,0x84,,,,,,,,,,,,,,Security,,,,,0x166c,C:\Windows\System32\poqexec.exe,,,,SCAFFOLD,0x3e7,DC$,S-1-5-18,,,,,,,,,C62843AF-A67C-11F1-9935-005056B98D90,,
2026-09-02T03:21:27.670070Z,4664,dc.scaffold.htb,Microsoft-Windows-Security-Auditing,Security,22714,0,,,,,,,C:\Windows\WinSxS\amd64_system.servicemodel.channels_31bf3856ad364e35_4.0.15806.695_none_d573dcef3c11e16b\System.ServiceModel.Channels.dll,,,,,,,C:\Windows\Microsoft.NET\Framework64\v4.0.30319\System.ServiceModel.Channels.dll,,,,,,,,,,,,,,,,,,,SCAFFOLD,0x3e7,DC$,S-1-5-18,,,,,,,,,C62843AF-A67C-11F1-9935-005056B98D90,,
2026-09-02T03:21:27.670505Z,4663,dc.scaffold.htb,Microsoft-Windows-Security-Auditing,Security,22715,0,"%%1537
				",0x10000,,,,,,,0x84,,,,,,,,,,,,,C:\Windows\Microsoft.NET\Framework64\v4.0.30319\System.ServiceModel.Discovery.dll,Security,File,,,,0x166c,C:\Windows\System32\poqexec.exe,,S:AI,,SCAFFOLD,0x3e7,DC$,S-1-5-18,,,,,,,,,,,
2026-09-02T03:21:27.671774Z,4660,dc.scaffold.htb,Microsoft-Windows-Security-Auditing,Security,22716,0,,,,,,,,,0x84,,,,,,,,,,,,,,Security,,,,,0x166c,C:\Windows\System32\poqexec.exe,,,,SCAFFOLD,0x3e7,DC$,S-1-5-18,,,,,,,,,C62843AF-A67C-11F1-9935-005056B98D90,,
2026-09-02T03:21:27.672333Z,4664,dc.scaffold.htb,Microsoft-Windows-Security-Auditing,Security,22717,0,,,,,,,C:\Windows\WinSxS\amd64_system.servicemodel.discovery_31bf3856ad364e35_4.0.15806.695_none_f597cdc0a70d7873\System.ServiceModel.Discovery.dll,,,,,,,C:\Windows\Microsoft.NET\Framework64\v4.0.30319\System.ServiceModel.Discovery.dll,,,,,,,,,,,,,,,,,,,SCAFFOLD,0x3e7,DC$,S-1-5-18,,,,,,,,,C62843AF-A67C-11F1-9935-005056B98D90,,
2026-09-02T03:21:27.672645Z,4663,dc.scaffold.htb,Microsoft-Windows-Security-Auditing,Security,22718,0,"%%1537
				",0x10000,,,,,,,0x84,,,,,,,,,,,,,C:\Windows\Microsoft.NET\Framework64\v4.0.30319\System.ServiceModel.dll,Security,File,,,,0x166c,C:\Windows\System32\poqexec.exe,,S:AI,,SCAFFOLD,0x3e7,DC$,S-1-5-18,,,,,,,,,,,
2026-09-02T03:21:27.672666Z,4660,dc.scaffold.htb,Microsoft-Windows-Security-Auditing,Security,22719,0,,,,,,,,,0x84,,,,,,,,,,,,,,Security,,,,,0x166c,C:\Windows\System32\poqexec.exe,,,,SCAFFOLD,0x3e7,DC$,S-1-5-18,,,,,,,,,C62843AF-A67C-11F1-9935-005056B98D90,,
2026-09-02T03:21:27.673411Z,4664,dc.scaffold.htb,Microsoft-Windows-Security-Auditing,Security,22720,0,,,,,,,C:\Windows\WinSxS\amd64_system.servicemodel_b77a5c561934e089_4.0.15806.695_none_f849c1c749eeb949\System.ServiceModel.dll,,,,,,,C:\Windows\Microsoft.NET\Framework64\v4.0.30319\System.ServiceModel.dll,,,,,,,,,,,,,,,,,,,SCAFFOLD,0x3e7,DC$,S-1-5-18,,,,,,,,,C62843AF-A67C-11F1-9935-005056B98D90,,
2026-09-02T03:21:27.673704Z,4663,dc.scaffold.htb,Microsoft-Windows-Security-Auditing,Security,22721,0,"%%1537
				",0x10000,,,,,,,0x84,,,,,,,,,,,,,C:\Windows\Microsoft.NET\Framework64\v4.0.30319\System.ServiceModel.Internals.dll,Security,File,,,,0x166c,C:\Windows\System32\poqexec.exe,,S:AI,,SCAFFOLD,0x3e7,DC$,S-1-5-18,,,,,,,,,,,
2026-09-02T03:21:27.674925Z,4660,dc.scaffold.htb,Microsoft-Windows-Security-Auditing,Security,22722,0,,,,,,,,,0x84,,,,,,,,,,,,,,Security,,,,,0x166c,C:\Windows\System32\poqexec.exe,,,,SCAFFOLD,0x3e7,DC$,S-1-5-18,,,,,,,,,C62843AF-A67C-11F1-9935-005056B98D90,,
2026-09-02T03:21:27.675455Z,4664,dc.scaffold.htb,Microsoft-Windows-Security-Auditing,Security,22723,0,,,,,,,C:\Windows\WinSxS\amd64_system.servicemodel.internals_31bf3856ad364e35_4.0.15806.695_none_78ce3af1c9f268a7\System.ServiceModel.Internals.dll,,,,,,,C:\Windows\Microsoft.NET\Framework64\v4.0.30319\System.ServiceModel.Internals.dll,,,,,,,,,,,,,,,,,,,SCAFFOLD,0x3e7,DC$,S-1-5-18,,,,,,,,,C62843AF-A67C-11F1-9935-005056B98D90,,
2026-09-02T03:21:27.675684Z,4663,dc.scaffold.htb,Microsoft-Windows-Security-Auditing,Security,22724,0,"%%1537
				",0x10000,,,,,,,0x84,,,,,,,,,,,,,C:\Windows\Microsoft.NET\Framework64\v4.0.30319\System.ServiceModel.WasHosting.dll,Security,File,,,,0x166c,C:\Windows\System32\poqexec.exe,,S:AI,,SCAFFOLD,0x3e7,DC$,S-1-5-18,,,,,,,,,,,
2026-09-02T03:21:27.675688Z,4660,dc.scaffold.htb,Microsoft-Windows-Security-Auditing,Security,22725,0,,,,,,,,,0x84,,,,,,,,,,,,,,Security,,,,,0x166c,C:\Windows\System32\poqexec.exe,,,,SCAFFOLD,0x3e7,DC$,S-1-5-18,,,,,,,,,C62843AF-A67C-11F1-9935-005056B98D90,,
2026-09-02T03:21:27.676161Z,4664,dc.scaffold.htb,Microsoft-Windows-Security-Auditing,Security,22726,0,,,,,,,C:\Windows\WinSxS\amd64_system.servicemodel.washosting_b77a5c561934e089_4.0.15806.695_none_116e84a5a0a7e17a\System.ServiceModel.WasHosting.dll,,,,,,,C:\Windows\Microsoft.NET\Framework64\v4.0.30319\System.ServiceModel.WasHosting.dll,,,,,,,,,,,,,,,,,,,SCAFFOLD,0x3e7,DC$,S-1-5-18,,,,,,,,,C62843AF-A67C-11F1-9935-005056B98D90,,
2026-09-02T03:21:27.676407Z,4663,dc.scaffold.htb,Microsoft-Windows-Security-Auditing,Security,22727,0,"%%1537
				",0x10000,,,,,,,0x84,,,,,,,,,,,,,C:\Windows\Microsoft.NET\Framework64\v4.0.30319\System.Web.ApplicationServices.dll,Security,File,,,,0x166c,C:\Windows\System32\poqexec.exe,,S:AI,,SCAFFOLD,0x3e7,DC$,S-1-5-18,,,,,,,,,,,
2026-09-02T03:21:27.676419Z,4660,dc.scaffold.htb,Microsoft-Windows-Security-Auditing,Security,22728,0,,,,,,,,,0x84,,,,,,,,,,,,,,Security,,,,,0x166c,C:\Windows\System32\poqexec.exe,,,,SCAFFOLD,0x3e7,DC$,S-1-5-18,,,,,,,,,C62843AF-A67C-11F1-9935-005056B98D90,,
2026-09-02T03:21:27.676838Z,4664,dc.scaffold.htb,Microsoft-Windows-Security-Auditing,Security,22729,0,,,,,,,C:\Windows\WinSxS\amd64_system.web.applicationservices_31bf3856ad364e35_4.0.15806.696_none_c670842d83928e64\System.Web.ApplicationServices.dll,,,,,,,C:\Windows\Microsoft.NET\Framework64\v4.0.30319\System.Web.ApplicationServices.dll,,,,,,,,,,,,,,,,,,,SCAFFOLD,0x3e7,DC$,S-1-5-18,,,,,,,,,C62843AF-A67C-11F1-9935-005056B98D90,,
2026-09-02T03:21:27.679350Z,4663,dc.scaffold.htb,Microsoft-Windows-Security-Auditing,Security,22730,0,"%%1537
				",0x10000,,,,,,,0x84,,,,,,,,,,,,,C:\Windows\Microsoft.NET\Framework64\v4.0.30319\System.Web.dll,Security,File,,,,0x166c,C:\Windows\System32\poqexec.exe,,S:AI,,SCAFFOLD,0x3e7,DC$,S-1-5-18,,,,,,,,,,,
2026-09-02T03:21:27.680802Z,4660,dc.scaffold.htb,Microsoft-Windows-Security-Auditing,Security,22731,0,,,,,,,,,0x84,,,,,,,,,,,,,,Security,,,,,0x166c,C:\Windows\System32\poqexec.exe,,,,SCAFFOLD,0x3e7,DC$,S-1-5-18,,,,,,,,,C62843AF-A67C-11F1-9935-005056B98D90,,
2026-09-02T03:21:27.683349Z,4663,dc.scaffold.htb,Microsoft-Windows-Security-Auditing,Security,22732,0,"%%1537
				",0x10000,,,,,,,0x84,,,,,,,,,,,,,C:\Windows\Microsoft.NET\Framework64\v4.0.30319\System.Web.Extensions.dll,Security,File,,,,0x166c,C:\Windows\System32\poqexec.exe,,S:AI,,SCAFFOLD,0x3e7,DC$,S-1-5-18,,,,,,,,,,,
2026-09-02T03:21:27.683354Z,4660,dc.scaffold.htb,Microsoft-Windows-Security-Auditing,Security,22733,0,,,,,,,,,0x84,,,,,,,,,,,,,,Security,,,,,0x166c,C:\Windows\System32\poqexec.exe,,,,SCAFFOLD,0x3e7,DC$,S-1-5-18,,,,,,,,,C62843AF-A67C-11F1-9935-005056B98D90,,
2026-09-02T03:21:27.684611Z,4664,dc.scaffold.htb,Microsoft-Windows-Security-Auditing,Security,22734,0,,,,,,,C:\Windows\WinSxS\amd64_system.web.extensions_31bf3856ad364e35_4.0.15806.696_none_d0bf6fb9dcd77a24\System.Web.Extensions.dll,,,,,,,C:\Windows\Microsoft.NET\Framework64\v4.0.30319\System.Web.Extensions.dll,,,,,,,,,,,,,,,,,,,SCAFFOLD,0x3e7,DC$,S-1-5-18,,,,,,,,,C62843AF-A67C-11F1-9935-005056B98D90,,
2026-09-02T03:21:27.684620Z,4663,dc.scaffold.htb,Microsoft-Windows-Security-Auditing,Security,22735,0,"%%1537
				",0x10000,,,,,,,0x84,,,,,,,,,,,,,C:\Windows\Microsoft.NET\Framework64\v4.0.30319\System.Windows.Forms.dll,Security,File,,,,0x166c,C:\Windows\System32\poqexec.exe,,S:AI,,SCAFFOLD,0x3e7,DC$,S-1-5-18,,,,,,,,,,,
2026-09-02T03:21:27.684624Z,4660,dc.scaffold.htb,Microsoft-Windows-Security-Auditing,Security,22736,0,,,,,,,,,0x84,,,,,,,,,,,,,,Security,,,,,0x166c,C:\Windows\System32\poqexec.exe,,,,SCAFFOLD,0x3e7,DC$,S-1-5-18,,,,,,,,,C62843AF-A67C-11F1-9935-005056B98D90,,
2026-09-02T03:21:27.684627Z,4664,dc.scaffold.htb,Microsoft-Windows-Security-Auditing,Security,22737,0,,,,,,,C:\Windows\WinSxS\amd64_system.windows.forms_b77a5c561934e089_4.0.15806.693_none_84494a2b02d58c0d\System.Windows.Forms.dll,,,,,,,C:\Windows\Microsoft.NET\Framework64\v4.0.30319\System.Windows.Forms.dll,,,,,,,,,,,,,,,,,,,SCAFFOLD,0x3e7,DC$,S-1-5-18,,,,,,,,,C62843AF-A67C-11F1-9935-005056B98D90,,
2026-09-02T03:21:27.684900Z,4663,dc.scaffold.htb,Microsoft-Windows-Security-Auditing,Security,22738,0,"%%1537
				",0x10000,,,,,,,0x84,,,,,,,,,,,,,C:\Windows\Microsoft.NET\Framework64\v4.0.30319\System.Xaml.dll,Security,File,,,,0x166c,C:\Windows\System32\poqexec.exe,,S:AI,,SCAFFOLD,0x3e7,DC$,S-1-5-18,,,,,,,,,,,
2026-09-02T03:21:27.684919Z,4660,dc.scaffold.htb,Microsoft-Windows-Security-Auditing,Security,22739,0,,,,,,,,,0x84,,,,,,,,,,,,,,Security,,,,,0x166c,C:\Windows\System32\poqexec.exe,,,,SCAFFOLD,0x3e7,DC$,S-1-5-18,,,,,,,,,C62843AF-A67C-11F1-9935-005056B98D90,,
2026-09-02T03:21:27.685643Z,4664,dc.scaffold.htb,Microsoft-Windows-Security-Auditing,Security,22740,0,,,,,,,C:\Windows\WinSxS\amd64_system.xaml_b77a5c561934e089_4.0.15806.696_none_e7eedf2473801468\System.Xaml.dll,,,,,,,C:\Windows\Microsoft.NET\Framework64\v4.0.30319\System.Xaml.dll,,,,,,,,,,,,,,,,,,,SCAFFOLD,0x3e7,DC$,S-1-5-18,,,,,,,,,C62843AF-A67C-11F1-9935-005056B98D90,,
2026-09-02T03:21:27.685944Z,4663,dc.scaffold.htb,Microsoft-Windows-Security-Auditing,Security,22741,0,"%%1537
				",0x10000,,,,,,,0x84,,,,,,,,,,,,,C:\Windows\Microsoft.NET\Framework64\v4.0.30319\System.XML.dll,Security,File,,,,0x166c,C:\Windows\System32\poqexec.exe,,S:AI,,SCAFFOLD,0x3e7,DC$,S-1-5-18,,,,,,,,,,,
2026-09-02T03:21:27.685948Z,4660,dc.scaffold.htb,Microsoft-Windows-Security-Auditing,Security,22742,0,,,,,,,,,0x84,,,,,,,,,,,,,,Security,,,,,0x166c,C:\Windows\System32\poqexec.exe,,,,SCAFFOLD,0x3e7,DC$,S-1-5-18,,,,,,,,,C62843AF-A67C-11F1-9935-005056B98D90,,
2026-09-02T03:21:27.686337Z,4664,dc.scaffold.htb,Microsoft-Windows-Security-Auditing,Security,22743,0,,,,,,,C:\Windows\WinSxS\amd64_system.xml_b77a5c561934e089_4.0.15806.695_none_d4ff980c089c2310\System.XML.dll,,,,,,,C:\Windows\Microsoft.NET\Framework64\v4.0.30319\System.XML.dll,,,,,,,,,,,,,,,,,,,SCAFFOLD,0x3e7,DC$,S-1-5-18,,,,,,,,,C62843AF-A67C-11F1-9935-005056B98D90,,
2026-09-02T03:21:27.688452Z,4663,dc.scaffold.htb,Microsoft-Windows-Security-Auditing,Security,22744,0,"%%1537
				",0x10000,,,,,,,0x84,,,,,,,,,,,,,C:\Windows\Microsoft.NET\Framework64\v4.0.30319\vbc.exe,Security,File,,,,0x166c,C:\Windows\System32\poqexec.exe,,S:AI,,SCAFFOLD,0x3e7,DC$,S-1-5-18,,,,,,,,,,,
2026-09-02T03:21:27.689751Z,4660,dc.scaffold.htb,Microsoft-Windows-Security-Auditing,Security,22745,0,,,,,,,,,0x84,,,,,,,,,,,,,,Security,,,,,0x166c,C:\Windows\System32\poqexec.exe,,,,SCAFFOLD,0x3e7,DC$,S-1-5-18,,,,,,,,,C62843AF-A67C-11F1-9935-005056B98D90,,
2026-09-02T03:21:27.692437Z,4663,dc.scaffold.htb,Microsoft-Windows-Security-Auditing,Security,22746,0,"%%1537
				",0x10000,,,,,,,0x84,,,,,,,,,,,,,C:\Windows\Microsoft.NET\Framework64\v4.0.30319\webengine.dll,Security,File,,,,0x166c,C:\Windows\System32\poqexec.exe,,S:AI,,SCAFFOLD,0x3e7,DC$,S-1-5-18,,,,,,,,,,,
2026-09-02T03:21:27.693318Z,4660,dc.scaffold.htb,Microsoft-Windows-Security-Auditing,Security,22747,0,,,,,,,,,0x84,,,,,,,,,,,,,,Security,,,,,0x166c,C:\Windows\System32\poqexec.exe,,,,SCAFFOLD,0x3e7,DC$,S-1-5-18,,,,,,,,,C62843AF-A67C-11F1-9935-005056B98D90,,
2026-09-02T03:21:27.696909Z,4663,dc.scaffold.htb,Microsoft-Windows-Security-Auditing,Security,22748,0,"%%1537
				",0x10000,,,,,,,0x84,,,,,,,,,,,,,C:\Windows\Microsoft.NET\Framework64\v4.0.30319\webengine4.dll,Security,File,,,,0x166c,C:\Windows\System32\poqexec.exe,,S:AI,,SCAFFOLD,0x3e7,DC$,S-1-5-18,,,,,,,,,,,
2026-09-02T03:21:27.697402Z,4660,dc.scaffold.htb,Microsoft-Windows-Security-Auditing,Security,22749,0,,,,,,,,,0x84,,,,,,,,,,,,,,Security,,,,,0x166c,C:\Windows\System32\poqexec.exe,,,,SCAFFOLD,0x3e7,DC$,S-1-5-18,,,,,,,,,C62843AF-A67C-11F1-9935-005056B98D90,,
2026-09-02T03:21:27.700897Z,4663,dc.scaffold.htb,Microsoft-Windows-Security-Auditing,Security,22750,0,"%%1537
				",0x10000,,,,,,,0x84,,,,,,,,,,,,,C:\Windows\Microsoft.NET\Framework64\v4.0.30319\NativeImages\mscorlib.ni.dll,Security,File,,,,0x166c,C:\Windows\System32\poqexec.exe,,S:AI,,SCAFFOLD,0x3e7,DC$,S-1-5-18,,,,,,,,,,,
2026-09-02T03:21:27.702151Z,4660,dc.scaffold.htb,Microsoft-Windows-Security-Auditing,Security,22751,0,,,,,,,,,0x84,,,,,,,,,,,,,,Security,,,,,0x166c,C:\Windows\System32\poqexec.exe,,,,SCAFFOLD,0x3e7,DC$,S-1-5-18,,,,,,,,,C62843AF-A67C-11F1-9935-005056B98D90,,
2026-09-02T03:21:27.705140Z,4663,dc.scaffold.htb,Microsoft-Windows-Security-Auditing,Security,22752,0,"%%1537
				",0x10000,,,,,,,0x84,,,,,,,,,,,,,C:\Windows\Microsoft.NET\Framework64\v4.0.30319\WPF\GlobalUserInterface.CompositeFont,Security,File,,,,0x166c,C:\Windows\System32\poqexec.exe,,S:AI,,SCAFFOLD,0x3e7,DC$,S-1-5-18,,,,,,,,,,,
2026-09-02T03:21:27.706592Z,4660,dc.scaffold.htb,Microsoft-Windows-Security-Auditing,Security,22753,0,,,,,,,,,0x84,,,,,,,,,,,,,,Security,,,,,0x166c,C:\Windows\System32\poqexec.exe,,,,SCAFFOLD,0x3e7,DC$,S-1-5-18,,,,,,,,,C62843AF-A67C-11F1-9935-005056B98D90,,
2026-09-02T03:21:27.711241Z,4663,dc.scaffold.htb,Microsoft-Windows-Security-Auditing,Security,22754,0,"%%1537
				",0x10000,,,,,,,0x84,,,,,,,,,,,,,C:\Windows\Microsoft.NET\Framework64\v4.0.30319\WPF\PenIMC.dll,Security,File,,,,0x166c,C:\Windows\System32\poqexec.exe,,S:AI,,SCAFFOLD,0x3e7,DC$,S-1-5-18,,,,,,,,,,,
2026-09-02T03:21:27.712093Z,4660,dc.scaffold.htb,Microsoft-Windows-Security-Auditing,Security,22755,0,,,,,,,,,0x84,,,,,,,,,,,,,,Security,,,,,0x166c,C:\Windows\System32\poqexec.exe,,,,SCAFFOLD,0x3e7,DC$,S-1-5-18,,,,,,,,,C62843AF-A67C-11F1-9935-005056B98D90,,
2026-09-02T03:21:27.715498Z,4663,dc.scaffold.htb,Microsoft-Windows-Security-Auditing,Security,22756,0,"%%1537
				",0x10000,,,,,,,0x84,,,,,,,,,,,,,C:\Windows\Microsoft.NET\Framework64\v4.0.30319\WPF\PenIMC2_v0400.dll,Security,File,,,,0x166c,C:\Windows\System32\poqexec.exe,,S:AI,,SCAFFOLD,0x3e7,DC$,S-1-5-18,,,,,,,,,,,
2026-09-02T03:21:27.715505Z,4660,dc.scaffold.htb,Microsoft-Windows-Security-Auditing,Security,22757,0,,,,,,,,,0x84,,,,,,,,,,,,,,Security,,,,,0x166c,C:\Windows\System32\poqexec.exe,,,,SCAFFOLD,0x3e7,DC$,S-1-5-18,,,,,,,,,C62843AF-A67C-11F1-9935-005056B98D90,,
2026-09-02T03:21:27.718963Z,4663,dc.scaffold.htb,Microsoft-Windows-Security-Auditing,Security,22758,0,"%%1537
				",0x10000,,,,,,,0x84,,,,,,,,,,,,,C:\Windows\Microsoft.NET\Framework64\v4.0.30319\WPF\PenIMC_v0400.dll,Security,File,,,,0x166c,C:\Windows\System32\poqexec.exe,,S:AI,,SCAFFOLD,0x3e7,DC$,S-1-5-18,,,,,,,,,,,
2026-09-02T03:21:27.719681Z,4660,dc.scaffold.htb,Microsoft-Windows-Security-Auditing,Security,22759,0,,,,,,,,,0x84,,,,,,,,,,,,,,Security,,,,,0x166c,C:\Windows\System32\poqexec.exe,,,,SCAFFOLD,0x3e7,DC$,S-1-5-18,,,,,,,,,C62843AF-A67C-11F1-9935-005056B98D90,,
2026-09-02T03:21:27.723064Z,4663,dc.scaffold.htb,Microsoft-Windows-Security-Auditing,Security,22760,0,"%%1537
				",0x10000,,,,,,,0x84,,,,,,,,,,,,,C:\Windows\Microsoft.NET\Framework64\v4.0.30319\WPF\PresentationCore.dll,Security,File,,,,0x166c,C:\Windows\System32\poqexec.exe,,S:AI,,SCAFFOLD,0x3e7,DC$,S-1-5-18,,,,,,,,,,,
2026-09-02T03:21:27.724041Z,4660,dc.scaffold.htb,Microsoft-Windows-Security-Auditing,Security,22761,0,,,,,,,,,0x84,,,,,,,,,,,,,,Security,,,,,0x166c,C:\Windows\System32\poqexec.exe,,,,SCAFFOLD,0x3e7,DC$,S-1-5-18,,,,,,,,,C62843AF-A67C-11F1-9935-005056B98D90,,
2026-09-02T03:21:27.725541Z,4663,dc.scaffold.htb,Microsoft-Windows-Security-Auditing,Security,22762,0,"%%1537
				",0x10000,,,,,,,0x84,,,,,,,,,,,,,C:\Windows\Microsoft.NET\Framework64\v4.0.30319\WPF\PresentationFramework-SystemData.dll,Security,File,,,,0x166c,C:\Windows\System32\poqexec.exe,,S:AI,,SCAFFOLD,0x3e7,DC$,S-1-5-18,,,,,,,,,,,
2026-09-02T03:21:27.727777Z,4660,dc.scaffold.htb,Microsoft-Windows-Security-Auditing,Security,22763,0,,,,,,,,,0x84,,,,,,,,,,,,,,Security,,,,,0x166c,C:\Windows\System32\poqexec.exe,,,,SCAFFOLD,0x3e7,DC$,S-1-5-18,,,,,,,,,C62843AF-A67C-11F1-9935-005056B98D90,,
2026-09-02T03:21:27.728304Z,4664,dc.scaffold.htb,Microsoft-Windows-Security-Auditing,Security,22764,0,,,,,,,C:\Windows\WinSxS\amd64_presentationframework-systemdata_b77a5c561934e089_4.0.15806.696_none_1b45b4b6130932df\PresentationFramework-SystemData.dll,,,,,,,C:\Windows\Microsoft.NET\Framework64\v4.0.30319\WPF\PresentationFramework-SystemData.dll,,,,,,,,,,,,,,,,,,,SCAFFOLD,0x3e7,DC$,S-1-5-18,,,,,,,,,C62843AF-A67C-11F1-9935-005056B98D90,,
2026-09-02T03:21:27.728668Z,4663,dc.scaffold.htb,Microsoft-Windows-Security-Auditing,Security,22765,0,"%%1537
				",0x10000,,,,,,,0x84,,,,,,,,,,,,,C:\Windows\Microsoft.NET\Framework64\v4.0.30319\WPF\PresentationFramework.dll,Security,File,,,,0x166c,C:\Windows\System32\poqexec.exe,,S:AI,,SCAFFOLD,0x3e7,DC$,S-1-5-18,,,,,,,,,,,
2026-09-02T03:21:27.728672Z,4660,dc.scaffold.htb,Microsoft-Windows-Security-Auditing,Security,22766,0,,,,,,,,,0x84,,,,,,,,,,,,,,Security,,,,,0x166c,C:\Windows\System32\poqexec.exe,,,,SCAFFOLD,0x3e7,DC$,S-1-5-18,,,,,,,,,C62843AF-A67C-11F1-9935-005056B98D90,,
2026-09-02T03:21:27.729075Z,4664,dc.scaffold.htb,Microsoft-Windows-Security-Auditing,Security,22767,0,,,,,,,C:\Windows\WinSxS\amd64_presentationframework_31bf3856ad364e35_4.0.15806.696_none_a53fe69fb6d9520b\PresentationFramework.dll,,,,,,,C:\Windows\Microsoft.NET\Framework64\v4.0.30319\WPF\PresentationFramework.dll,,,,,,,,,,,,,,,,,,,SCAFFOLD,0x3e7,DC$,S-1-5-18,,,,,,,,,C62843AF-A67C-11F1-9935-005056B98D90,,
2026-09-02T03:21:27.730677Z,4663,dc.scaffold.htb,Microsoft-Windows-Security-Auditing,Security,22768,0,"%%1537
				",0x10000,,,,,,,0x84,,,,,,,,,,,,,C:\Windows\Microsoft.NET\Framework64\v4.0.30319\WPF\PresentationHost_v0400.dll,Security,File,,,,0x166c,C:\Windows\System32\poqexec.exe,,S:AI,,SCAFFOLD,0x3e7,DC$,S-1-5-18,,,,,,,,,,,
2026-09-02T03:21:27.731547Z,4660,dc.scaffold.htb,Microsoft-Windows-Security-Auditing,Security,22769,0,,,,,,,,,0x84,,,,,,,,,,,,,,Security,,,,,0x166c,C:\Windows\System32\poqexec.exe,,,,SCAFFOLD,0x3e7,DC$,S-1-5-18,,,,,,,,,C62843AF-A67C-11F1-9935-005056B98D90,,
2026-09-02T03:21:27.734955Z,4663,dc.scaffold.htb,Microsoft-Windows-Security-Auditing,Security,22770,0,"%%1537
				",0x10000,,,,,,,0x84,,,,,,,,,,,,,C:\Windows\Microsoft.NET\Framework64\v4.0.30319\WPF\PresentationNative_v0400.dll,Security,File,,,,0x166c,C:\Windows\System32\poqexec.exe,,S:AI,,SCAFFOLD,0x3e7,DC$,S-1-5-18,,,,,,,,,,,
2026-09-02T03:21:27.735527Z,4660,dc.scaffold.htb,Microsoft-Windows-Security-Auditing,Security,22771,0,,,,,,,,,0x84,,,,,,,,,,,,,,Security,,,,,0x166c,C:\Windows\System32\poqexec.exe,,,,SCAFFOLD,0x3e7,DC$,S-1-5-18,,,,,,,,,C62843AF-A67C-11F1-9935-005056B98D90,,
2026-09-02T03:21:27.738247Z,4663,dc.scaffold.htb,Microsoft-Windows-Security-Auditing,Security,22772,0,"%%1537
				",0x10000,,,,,,,0x84,,,,,,,,,,,,,C:\Windows\Microsoft.NET\Framework64\v4.0.30319\WPF\ReachFramework.dll,Security,File,,,,0x166c,C:\Windows\System32\poqexec.exe,,S:AI,,SCAFFOLD,0x3e7,DC$,S-1-5-18,,,,,,,,,,,
2026-09-02T03:21:27.738251Z,4660,dc.scaffold.htb,Microsoft-Windows-Security-Auditing,Security,22773,0,,,,,,,,,0x84,,,,,,,,,,,,,,Security,,,,,0x166c,C:\Windows\System32\poqexec.exe,,,,SCAFFOLD,0x3e7,DC$,S-1-5-18,,,,,,,,,C62843AF-A67C-11F1-9935-005056B98D90,,
2026-09-02T03:21:27.739184Z,4664,dc.scaffold.htb,Microsoft-Windows-Security-Auditing,Security,22774,0,,,,,,,C:\Windows\WinSxS\amd64_reachframework_31bf3856ad364e35_4.0.15806.696_none_97d86c0d60038b48\ReachFramework.dll,,,,,,,C:\Windows\Microsoft.NET\Framework64\v4.0.30319\WPF\ReachFramework.dll,,,,,,,,,,,,,,,,,,,SCAFFOLD,0x3e7,DC$,S-1-5-18,,,,,,,,,C62843AF-A67C-11F1-9935-005056B98D90,,
2026-09-02T03:21:27.740947Z,4663,dc.scaffold.htb,Microsoft-Windows-Security-Auditing,Security,22775,0,"%%1537
				",0x10000,,,,,,,0x84,,,,,,,,,,,,,C:\Windows\Microsoft.NET\Framework64\v4.0.30319\WPF\System.Printing.dll,Security,File,,,,0x166c,C:\Windows\System32\poqexec.exe,,S:AI,,SCAFFOLD,0x3e7,DC$,S-1-5-18,,,,,,,,,,,
2026-09-02T03:21:27.741569Z,4660,dc.scaffold.htb,Microsoft-Windows-Security-Auditing,Security,22776,0,,,,,,,,,0x84,,,,,,,,,,,,,,Security,,,,,0x166c,C:\Windows\System32\poqexec.exe,,,,SCAFFOLD,0x3e7,DC$,S-1-5-18,,,,,,,,,C62843AF-A67C-11F1-9935-005056B98D90,,
2026-09-02T03:21:27.743834Z,4663,dc.scaffold.htb,Microsoft-Windows-Security-Auditing,Security,22777,0,"%%1537
				",0x10000,,,,,,,0x84,,,,,,,,,,,,,C:\Windows\Microsoft.NET\Framework64\v4.0.30319\WPF\System.Windows.Controls.Ribbon.dll,Security,File,,,,0x166c,C:\Windows\System32\poqexec.exe,,S:AI,,SCAFFOLD,0x3e7,DC$,S-1-5-18,,,,,,,,,,,
2026-09-02T03:21:27.743838Z,4660,dc.scaffold.htb,Microsoft-Windows-Security-Auditing,Security,22778,0,,,,,,,,,0x84,,,,,,,,,,,,,,Security,,,,,0x166c,C:\Windows\System32\poqexec.exe,,,,SCAFFOLD,0x3e7,DC$,S-1-5-18,,,,,,,,,C62843AF-A67C-11F1-9935-005056B98D90,,
2026-09-02T03:21:27.744331Z,4664,dc.scaffold.htb,Microsoft-Windows-Security-Auditing,Security,22779,0,,,,,,,C:\Windows\WinSxS\amd64_system.windows.controls.ribbon_b77a5c561934e089_4.0.15806.696_none_023146173ce48875\System.Windows.Controls.Ribbon.dll,,,,,,,C:\Windows\Microsoft.NET\Framework64\v4.0.30319\WPF\System.Windows.Controls.Ribbon.dll,,,,,,,,,,,,,,,,,,,SCAFFOLD,0x3e7,DC$,S-1-5-18,,,,,,,,,C62843AF-A67C-11F1-9935-005056B98D90,,
2026-09-02T03:21:27.744648Z,4663,dc.scaffold.htb,Microsoft-Windows-Security-Auditing,Security,22780,0,"%%1537
				",0x10000,,,,,,,0x84,,,,,,,,,,,,,C:\Windows\Microsoft.NET\Framework64\v4.0.30319\WPF\UIAutomationClient.dll,Security,File,,,,0x166c,C:\Windows\System32\poqexec.exe,,S:AI,,SCAFFOLD,0x3e7,DC$,S-1-5-18,,,,,,,,,,,
2026-09-02T03:21:27.744685Z,4660,dc.scaffold.htb,Microsoft-Windows-Security-Auditing,Security,22781,0,,,,,,,,,0x84,,,,,,,,,,,,,,Security,,,,,0x166c,C:\Windows\System32\poqexec.exe,,,,SCAFFOLD,0x3e7,DC$,S-1-5-18,,,,,,,,,C62843AF-A67C-11F1-9935-005056B98D90,,
2026-09-02T03:21:27.745621Z,4664,dc.scaffold.htb,Microsoft-Windows-Security-Auditing,Security,22782,0,,,,,,,C:\Windows\WinSxS\amd64_uiautomationclient_31bf3856ad364e35_4.0.15806.696_none_d75805286d7c9ab7\UIAutomationClient.dll,,,,,,,C:\Windows\Microsoft.NET\Framework64\v4.0.30319\WPF\UIAutomationClient.dll,,,,,,,,,,,,,,,,,,,SCAFFOLD,0x3e7,DC$,S-1-5-18,,,,,,,,,C62843AF-A67C-11F1-9935-005056B98D90,,
2026-09-02T03:21:27.745934Z,4663,dc.scaffold.htb,Microsoft-Windows-Security-Auditing,Security,22783,0,"%%1537
				",0x10000,,,,,,,0x84,,,,,,,,,,,,,C:\Windows\Microsoft.NET\Framework64\v4.0.30319\WPF\UIAutomationClientsideProviders.dll,Security,File,,,,0x166c,C:\Windows\System32\poqexec.exe,,S:AI,,SCAFFOLD,0x3e7,DC$,S-1-5-18,,,,,,,,,,,
2026-09-02T03:21:27.745938Z,4660,dc.scaffold.htb,Microsoft-Windows-Security-Auditing,Security,22784,0,,,,,,,,,0x84,,,,,,,,,,,,,,Security,,,,,0x166c,C:\Windows\System32\poqexec.exe,,,,SCAFFOLD,0x3e7,DC$,S-1-5-18,,,,,,,,,C62843AF-A67C-11F1-9935-005056B98D90,,
2026-09-02T03:21:27.746328Z,4664,dc.scaffold.htb,Microsoft-Windows-Security-Auditing,Security,22785,0,,,,,,,C:\Windows\WinSxS\amd64_uiautomationclientsideproviders_31bf3856ad364e35_4.0.15806.696_none_15df079b51ba4b08\UIAutomationClientsideProviders.dll,,,,,,,C:\Windows\Microsoft.NET\Framework64\v4.0.30319\WPF\UIAutomationClientsideProviders.dll,,,,,,,,,,,,,,,,,,,SCAFFOLD,0x3e7,DC$,S-1-5-18,,,,,,,,,C62843AF-A67C-11F1-9935-005056B98D90,,
2026-09-02T03:21:27.746618Z,4663,dc.scaffold.htb,Microsoft-Windows-Security-Auditing,Security,22786,0,"%%1537
				",0x10000,,,,,,,0x84,,,,,,,,,,,,,C:\Windows\Microsoft.NET\Framework64\v4.0.30319\WPF\UIAutomationProvider.dll,Security,File,,,,0x166c,C:\Windows\System32\poqexec.exe,,S:AI,,SCAFFOLD,0x3e7,DC$,S-1-5-18,,,,,,,,,,,
2026-09-02T03:21:27.746637Z,4660,dc.scaffold.htb,Microsoft-Windows-Security-Auditing,Security,22787,0,,,,,,,,,0x84,,,,,,,,,,,,,,Security,,,,,0x166c,C:\Windows\System32\poqexec.exe,,,,SCAFFOLD,0x3e7,DC$,S-1-5-18,,,,,,,,,C62843AF-A67C-11F1-9935-005056B98D90,,
2026-09-02T03:21:27.747005Z,4664,dc.scaffold.htb,Microsoft-Windows-Security-Auditing,Security,22788,0,,,,,,,C:\Windows\WinSxS\amd64_uiautomationprovider_31bf3856ad364e35_4.0.15806.696_none_698a12f2a7f1e95b\UIAutomationProvider.dll,,,,,,,C:\Windows\Microsoft.NET\Framework64\v4.0.30319\WPF\UIAutomationProvider.dll,,,,,,,,,,,,,,,,,,,SCAFFOLD,0x3e7,DC$,S-1-5-18,,,,,,,,,C62843AF-A67C-11F1-9935-005056B98D90,,
2026-09-02T03:21:27.747299Z,4663,dc.scaffold.htb,Microsoft-Windows-Security-Auditing,Security,22789,0,"%%1537
				",0x10000,,,,,,,0x84,,,,,,,,,,,,,C:\Windows\Microsoft.NET\Framework64\v4.0.30319\WPF\UIAutomationTypes.dll,Security,File,,,,0x166c,C:\Windows\System32\poqexec.exe,,S:AI,,SCAFFOLD,0x3e7,DC$,S-1-5-18,,,,,,,,,,,
2026-09-02T03:21:27.747303Z,4660,dc.scaffold.htb,Microsoft-Windows-Security-Auditing,Security,22790,0,,,,,,,,,0x84,,,,,,,,,,,,,,Security,,,,,0x166c,C:\Windows\System32\poqexec.exe,,,,SCAFFOLD,0x3e7,DC$,S-1-5-18,,,,,,,,,C62843AF-A67C-11F1-9935-005056B98D90,,
2026-09-02T03:21:27.748171Z,4664,dc.scaffold.htb,Microsoft-Windows-Security-Auditing,Security,22791,0,,,,,,,C:\Windows\WinSxS\amd64_uiautomationtypes_31bf3856ad364e35_4.0.15806.696_none_ef5b8af42541d66f\UIAutomationTypes.dll,,,,,,,C:\Windows\Microsoft.NET\Framework64\v4.0.30319\WPF\UIAutomationTypes.dll,,,,,,,,,,,,,,,,,,,SCAFFOLD,0x3e7,DC$,S-1-5-18,,,,,,,,,C62843AF-A67C-11F1-9935-005056B98D90,,
2026-09-02T03:21:27.748473Z,4663,dc.scaffold.htb,Microsoft-Windows-Security-Auditing,Security,22792,0,"%%1537
				",0x10000,,,,,,,0x84,,,,,,,,,,,,,C:\Windows\Microsoft.NET\Framework64\v4.0.30319\WPF\WindowsBase.dll,Security,File,,,,0x166c,C:\Windows\System32\poqexec.exe,,S:AI,,SCAFFOLD,0x3e7,DC$,S-1-5-18,,,,,,,,,,,
2026-09-02T03:21:27.751129Z,4660,dc.scaffold.htb,Microsoft-Windows-Security-Auditing,Security,22793,0,,,,,,,,,0x84,,,,,,,,,,,,,,Security,,,,,0x166c,C:\Windows\System32\poqexec.exe,,,,SCAFFOLD,0x3e7,DC$,S-1-5-18,,,,,,,,,C62843AF-A67C-11F1-9935-005056B98D90,,
2026-09-02T03:21:27.752408Z,4664,dc.scaffold.htb,Microsoft-Windows-Security-Auditing,Security,22794,0,,,,,,,C:\Windows\WinSxS\amd64_windowsbase_31bf3856ad364e35_4.0.15806.696_none_0878fdbb058de43d\WindowsBase.dll,,,,,,,C:\Windows\Microsoft.NET\Framework64\v4.0.30319\WPF\WindowsBase.dll,,,,,,,,,,,,,,,,,,,SCAFFOLD,0x3e7,DC$,S-1-5-18,,,,,,,,,C62843AF-A67C-11F1-9935-005056B98D90,,
2026-09-02T03:21:27.752875Z,4663,dc.scaffold.htb,Microsoft-Windows-Security-Auditing,Security,22795,0,"%%1537
				",0x10000,,,,,,,0x84,,,,,,,,,,,,,C:\Windows\Microsoft.NET\Framework64\v4.0.30319\WPF\WindowsFormsIntegration.dll,Security,File,,,,0x166c,C:\Windows\System32\poqexec.exe,,S:AI,,SCAFFOLD,0x3e7,DC$,S-1-5-18,,,,,,,,,,,
2026-09-02T03:21:27.753725Z,4660,dc.scaffold.htb,Microsoft-Windows-Security-Auditing,Security,22796,0,,,,,,,,,0x84,,,,,,,,,,,,,,Security,,,,,0x166c,C:\Windows\System32\poqexec.exe,,,,SCAFFOLD,0x3e7,DC$,S-1-5-18,,,,,,,,,C62843AF-A67C-11F1-9935-005056B98D90,,
2026-09-02T03:21:27.754261Z,4664,dc.scaffold.htb,Microsoft-Windows-Security-Auditing,Security,22797,0,,,,,,,C:\Windows\WinSxS\amd64_windowsformsintegration_31bf3856ad364e35_4.0.15806.536_none_fdd72cc69e95bfc0\WindowsFormsIntegration.dll,,,,,,,C:\Windows\Microsoft.NET\Framework64\v4.0.30319\WPF\WindowsFormsIntegration.dll,,,,,,,,,,,,,,,,,,,SCAFFOLD,0x3e7,DC$,S-1-5-18,,,,,,,,,C62843AF-A67C-11F1-9935-005056B98D90,,
2026-09-02T03:21:27.756086Z,4663,dc.scaffold.htb,Microsoft-Windows-Security-Auditing,Security,22798,0,"%%1537
				",0x10000,,,,,,,0x84,,,,,,,,,,,,,C:\Windows\Microsoft.NET\Framework64\v4.0.30319\WPF\wpfgfx_v0400.dll,Security,File,,,,0x166c,C:\Windows\System32\poqexec.exe,,S:AI,,SCAFFOLD,0x3e7,DC$,S-1-5-18,,,,,,,,,,,
2026-09-02T03:21:27.756992Z,4660,dc.scaffold.htb,Microsoft-Windows-Security-Auditing,Security,22799,0,,,,,,,,,0x84,,,,,,,,,,,,,,Security,,,,,0x166c,C:\Windows\System32\poqexec.exe,,,,SCAFFOLD,0x3e7,DC$,S-1-5-18,,,,,,,,,C62843AF-A67C-11F1-9935-005056B98D90,,
2026-09-02T03:21:27.760395Z,4663,dc.scaffold.htb,Microsoft-Windows-Security-Auditing,Security,22800,0,"%%1537
				",0x10000,,,,,,,0x84,,,,,,,,,,,,,C:\Windows\Microsoft.NET\Framework64\v4.0.30319\WPF\en-US\PresentationHost_v0400.dll.mui,Security,File,,,,0x166c,C:\Windows\System32\poqexec.exe,,S:AI,,SCAFFOLD,0x3e7,DC$,S-1-5-18,,,,,,,,,,,
2026-09-02T03:21:27.761524Z,4660,dc.scaffold.htb,Microsoft-Windows-Security-Auditing,Security,22801,0,,,,,,,,,0x84,,,,,,,,,,,,,,Security,,,,,0x166c,C:\Windows\System32\poqexec.exe,,,,SCAFFOLD,0x3e7,DC$,S-1-5-18,,,,,,,,,C62843AF-A67C-11F1-9935-005056B98D90,,
2026-09-02T03:21:27.765223Z,4663,dc.scaffold.htb,Microsoft-Windows-Security-Auditing,Security,22802,0,"%%1537
				",0x10000,,,,,,,0x84,,,,,,,,,,,,,C:\Windows\Microsoft.NET\Framework64\v4.0.30319\WPF\Fonts\GlobalUserInterface.CompositeFont,Security,File,,,,0x166c,C:\Windows\System32\poqexec.exe,,S:AI,,SCAFFOLD,0x3e7,DC$,S-1-5-18,,,,,,,,,,,
2026-09-02T03:21:27.766849Z,4660,dc.scaffold.htb,Microsoft-Windows-Security-Auditing,Security,22803,0,,,,,,,,,0x84,,,,,,,,,,,,,,Security,,,,,0x166c,C:\Windows\System32\poqexec.exe,,,,SCAFFOLD,0x3e7,DC$,S-1-5-18,,,,,,,,,C62843AF-A67C-11F1-9935-005056B98D90,,
2026-09-02T03:21:27.770345Z,4663,dc.scaffold.htb,Microsoft-Windows-Security-Auditing,Security,22804,0,"%%1537
				",0x10000,,,,,,,0x84,,,,,,,,,,,,,C:\Windows\System32\dfshim.dll,Security,File,,,,0x166c,C:\Windows\System32\poqexec.exe,,S:AI,,SCAFFOLD,0x3e7,DC$,S-1-5-18,,,,,,,,,,,
2026-09-02T03:21:27.771016Z,4660,dc.scaffold.htb,Microsoft-Windows-Security-Auditing,Security,22805,0,,,,,,,,,0x84,,,,,,,,,,,,,,Security,,,,,0x166c,C:\Windows\System32\poqexec.exe,,,,SCAFFOLD,0x3e7,DC$,S-1-5-18,,,,,,,,,C62843AF-A67C-11F1-9935-005056B98D90,,
2026-09-02T03:21:27.774055Z,4663,dc.scaffold.htb,Microsoft-Windows-Security-Auditing,Security,22806,0,"%%1537
				",0x10000,,,,,,,0x84,,,,,,,,,,,,,C:\Windows\SysWOW64\dfshim.dll,Security,File,,,,0x166c,C:\Windows\System32\poqexec.exe,,S:AI,,SCAFFOLD,0x3e7,DC$,S-1-5-18,,,,,,,,,,,
2026-09-02T03:21:27.775595Z,4660,dc.scaffold.htb,Microsoft-Windows-Security-Auditing,Security,22807,0,,,,,,,,,0x84,,,,,,,,,,,,,,Security,,,,,0x166c,C:\Windows\System32\poqexec.exe,,,,SCAFFOLD,0x3e7,DC$,S-1-5-18,,,,,,,,,C62843AF-A67C-11F1-9935-005056B98D90,,
2026-09-02T03:21:27.789828Z,4663,dc.scaffold.htb,Microsoft-Windows-Security-Auditing,Security,22808,0,"%%1537
				",0x10000,,,,,,,0x84,,,,,,,,,,,,,C:\Windows\Microsoft.NET\assembly\GAC_64\System.Data\v4.0_4.0.0.0__b77a5c561934e089\System.Data.dll,Security,File,,,,0x166c,C:\Windows\System32\poqexec.exe,,S:AI,,SCAFFOLD,0x3e7,DC$,S-1-5-18,,,,,,,,,,,
2026-09-02T03:21:27.791185Z,4664,dc.scaffold.htb,Microsoft-Windows-Security-Auditing,Security,22809,0,,,,,,,C:\Windows\WinSxS\amd64_system.data_b77a5c561934e089_4.0.15806.612_none_e7f2b5c2737c7cee\System.Data.dll,,,,,,,C:\Windows\Microsoft.NET\assembly\GAC_64\System.Data\v4.0_4.0.0.0__b77a5c561934e089\System.Data.dll,,,,,,,,,,,,,,,,,,,SCAFFOLD,0x3e7,DC$,S-1-5-18,,,,,,,,,C62843AF-A67C-11F1-9935-005056B98D90,,
2026-09-02T03:21:27.791643Z,4663,dc.scaffold.htb,Microsoft-Windows-Security-Auditing,Security,22810,0,"%%1537
				",0x10000,,,,,,,0x70,,,,,,,,,,,,,C:\Windows\Microsoft.NET\assembly\GAC_64\System.Printing\v4.0_4.0.0.0__31bf3856ad364e35\System.Printing.dll,Security,File,,,,0x166c,C:\Windows\System32\poqexec.exe,,S:AI,,SCAFFOLD,0x3e7,DC$,S-1-5-18,,,,,,,,,,,
2026-09-02T03:21:27.793062Z,4660,dc.scaffold.htb,Microsoft-Windows-Security-Auditing,Security,22811,0,,,,,,,,,0x70,,,,,,,,,,,,,,Security,,,,,0x166c,C:\Windows\System32\poqexec.exe,,,,SCAFFOLD,0x3e7,DC$,S-1-5-18,,,,,,,,,C62843AF-A67C-11F1-9935-005056B98D90,,
2026-09-02T03:21:27.793505Z,4664,dc.scaffold.htb,Microsoft-Windows-Security-Auditing,Security,22812,0,,,,,,,C:\Windows\WinSxS\amd64_system.printing_31bf3856ad364e35_4.0.15806.696_none_1dae3a8c530ee433\System.Printing.dll,,,,,,,C:\Windows\Microsoft.NET\assembly\GAC_64\System.Printing\v4.0_4.0.0.0__31bf3856ad364e35\System.Printing.dll,,,,,,,,,,,,,,,,,,,SCAFFOLD,0x3e7,DC$,S-1-5-18,,,,,,,,,C62843AF-A67C-11F1-9935-005056B98D90,,
2026-09-02T03:21:27.795191Z,4663,dc.scaffold.htb,Microsoft-Windows-Security-Auditing,Security,22813,0,"%%1537
				",0x10000,,,,,,,0x84,,,,,,,,,,,,,C:\Windows\Microsoft.NET\assembly\GAC_64\mscorlib\v4.0_4.0.0.0__b77a5c561934e089\normnfd.nlp,Security,File,,,,0x166c,C:\Windows\System32\poqexec.exe,,S:AI,,SCAFFOLD,0x3e7,DC$,S-1-5-18,,,,,,,,,,,
2026-09-02T03:21:27.797054Z,4660,dc.scaffold.htb,Microsoft-Windows-Security-Auditing,Security,22814,0,,,,,,,,,0x84,,,,,,,,,,,,,,Security,,,,,0x166c,C:\Windows\System32\poqexec.exe,,,,SCAFFOLD,0x3e7,DC$,S-1-5-18,,,,,,,,,C62843AF-A67C-11F1-9935-005056B98D90,,
2026-09-02T03:21:27.798184Z,4663,dc.scaffold.htb,Microsoft-Windows-Security-Auditing,Security,22815,0,"%%1537
				",0x10000,,,,,,,0x70,,,,,,,,,,,,,C:\Windows\Microsoft.NET\assembly\GAC_64\mscorlib\v4.0_4.0.0.0__b77a5c561934e089\normnfkc.nlp,Security,File,,,,0x166c,C:\Windows\System32\poqexec.exe,,S:AI,,SCAFFOLD,0x3e7,DC$,S-1-5-18,,,,,,,,,,,
2026-09-02T03:21:27.798189Z,4660,dc.scaffold.htb,Microsoft-Windows-Security-Auditing,Security,22816,0,,,,,,,,,0x70,,,,,,,,,,,,,,Security,,,,,0x166c,C:\Windows\System32\poqexec.exe,,,,SCAFFOLD,0x3e7,DC$,S-1-5-18,,,,,,,,,C62843AF-A67C-11F1-9935-005056B98D90,,
2026-09-02T03:21:27.799469Z,4663,dc.scaffold.htb,Microsoft-Windows-Security-Auditing,Security,22817,0,"%%1537
				",0x10000,,,,,,,0x70,,,,,,,,,,,,,C:\Windows\Microsoft.NET\assembly\GAC_64\mscorlib\v4.0_4.0.0.0__b77a5c561934e089\normnfc.nlp,Security,File,,,,0x166c,C:\Windows\System32\poqexec.exe,,S:AI,,SCAFFOLD,0x3e7,DC$,S-1-5-18,,,,,,,,,,,
2026-09-02T03:21:27.799473Z,4660,dc.scaffold.htb,Microsoft-Windows-Security-Auditing,Security,22818,0,,,,,,,,,0x70,,,,,,,,,,,,,,Security,,,,,0x166c,C:\Windows\System32\poqexec.exe,,,,SCAFFOLD,0x3e7,DC$,S-1-5-18,,,,,,,,,C62843AF-A67C-11F1-9935-005056B98D90,,
2026-09-02T03:21:27.799835Z,4663,dc.scaffold.htb,Microsoft-Windows-Security-Auditing,Security,22819,0,"%%1537
				",0x10000,,,,,,,0x70,,,,,,,,,,,,,C:\Windows\Microsoft.NET\assembly\GAC_64\mscorlib\v4.0_4.0.0.0__b77a5c561934e089\mscorlib.dll,Security,File,,,,0x166c,C:\Windows\System32\poqexec.exe,,S:AI,,SCAFFOLD,0x3e7,DC$,S-1-5-18,,,,,,,,,,,
2026-09-02T03:21:27.801270Z,4660,dc.scaffold.htb,Microsoft-Windows-Security-Auditing,Security,22820,0,,,,,,,,,0x70,,,,,,,,,,,,,,Security,,,,,0x166c,C:\Windows\System32\poqexec.exe,,,,SCAFFOLD,0x3e7,DC$,S-1-5-18,,,,,,,,,C62843AF-A67C-11F1-9935-005056B98D90,,
2026-09-02T03:21:27.802254Z,4663,dc.scaffold.htb,Microsoft-Windows-Security-Auditing,Security,22821,0,"%%1537
				",0x10000,,,,,,,0x70,,,,,,,,,,,,,C:\Windows\Microsoft.NET\assembly\GAC_64\mscorlib\v4.0_4.0.0.0__b77a5c561934e089\normnfkd.nlp,Security,File,,,,0x166c,C:\Windows\System32\poqexec.exe,,S:AI,,SCAFFOLD,0x3e7,DC$,S-1-5-18,,,,,,,,,,,
2026-09-02T03:21:27.802259Z,4660,dc.scaffold.htb,Microsoft-Windows-Security-Auditing,Security,22822,0,,,,,,,,,0x70,,,,,,,,,,,,,,Security,,,,,0x166c,C:\Windows\System32\poqexec.exe,,,,SCAFFOLD,0x3e7,DC$,S-1-5-18,,,,,,,,,C62843AF-A67C-11F1-9935-005056B98D90,,
2026-09-02T03:21:27.803683Z,4663,dc.scaffold.htb,Microsoft-Windows-Security-Auditing,Security,22823,0,"%%1537
				",0x10000,,,,,,,0x70,,,,,,,,,,,,,C:\Windows\Microsoft.NET\assembly\GAC_64\mscorlib\v4.0_4.0.0.0__b77a5c561934e089\normidna.nlp,Security,File,,,,0x166c,C:\Windows\System32\poqexec.exe,,S:AI,,SCAFFOLD,0x3e7,DC$,S-1-5-18,,,,,,,,,,,
2026-09-02T03:21:27.803688Z,4660,dc.scaffold.htb,Microsoft-Windows-Security-Auditing,Security,22824,0,,,,,,,,,0x70,,,,,,,,,,,,,,Security,,,,,0x166c,C:\Windows\System32\poqexec.exe,,,,SCAFFOLD,0x3e7,DC$,S-1-5-18,,,,,,,,,C62843AF-A67C-11F1-9935-005056B98D90,,
2026-09-02T03:21:27.804074Z,4664,dc.scaffold.htb,Microsoft-Windows-Security-Auditing,Security,22825,0,,,,,,,C:\Windows\WinSxS\amd64_mscorlib_b77a5c561934e089_4.0.15806.685_none_1b15da9780a4e2d4\normnfd.nlp,,,,,,,C:\Windows\Microsoft.NET\assembly\GAC_64\mscorlib\v4.0_4.0.0.0__b77a5c561934e089\normnfd.nlp,,,,,,,,,,,,,,,,,,,SCAFFOLD,0x3e7,DC$,S-1-5-18,,,,,,,,,C62843AF-A67C-11F1-9935-005056B98D90,,
2026-09-02T03:21:27.804403Z,4664,dc.scaffold.htb,Microsoft-Windows-Security-Auditing,Security,22826,0,,,,,,,C:\Windows\WinSxS\amd64_mscorlib_b77a5c561934e089_4.0.15806.685_none_1b15da9780a4e2d4\normnfkc.nlp,,,,,,,C:\Windows\Microsoft.NET\assembly\GAC_64\mscorlib\v4.0_4.0.0.0__b77a5c561934e089\normnfkc.nlp,,,,,,,,,,,,,,,,,,,SCAFFOLD,0x3e7,DC$,S-1-5-18,,,,,,,,,C62843AF-A67C-11F1-9935-005056B98D90,,
2026-09-02T03:21:27.804730Z,4664,dc.scaffold.htb,Microsoft-Windows-Security-Auditing,Security,22827,0,,,,,,,C:\Windows\WinSxS\amd64_mscorlib_b77a5c561934e089_4.0.15806.685_none_1b15da9780a4e2d4\normnfc.nlp,,,,,,,C:\Windows\Microsoft.NET\assembly\GAC_64\mscorlib\v4.0_4.0.0.0__b77a5c561934e089\normnfc.nlp,,,,,,,,,,,,,,,,,,,SCAFFOLD,0x3e7,DC$,S-1-5-18,,,,,,,,,C62843AF-A67C-11F1-9935-005056B98D90,,
2026-09-02T03:21:27.805032Z,4664,dc.scaffold.htb,Microsoft-Windows-Security-Auditing,Security,22828,0,,,,,,,C:\Windows\WinSxS\amd64_mscorlib_b77a5c561934e089_4.0.15806.685_none_1b15da9780a4e2d4\mscorlib.dll,,,,,,,C:\Windows\Microsoft.NET\assembly\GAC_64\mscorlib\v4.0_4.0.0.0__b77a5c561934e089\mscorlib.dll,,,,,,,,,,,,,,,,,,,SCAFFOLD,0x3e7,DC$,S-1-5-18,,,,,,,,,C62843AF-A67C-11F1-9935-005056B98D90,,
2026-09-02T03:21:27.805393Z,4664,dc.scaffold.htb,Microsoft-Windows-Security-Auditing,Security,22829,0,,,,,,,C:\Windows\WinSxS\amd64_mscorlib_b77a5c561934e089_4.0.15806.685_none_1b15da9780a4e2d4\normnfkd.nlp,,,,,,,C:\Windows\Microsoft.NET\assembly\GAC_64\mscorlib\v4.0_4.0.0.0__b77a5c561934e089\normnfkd.nlp,,,,,,,,,,,,,,,,,,,SCAFFOLD,0x3e7,DC$,S-1-5-18,,,,,,,,,C62843AF-A67C-11F1-9935-005056B98D90,,
2026-09-02T03:21:27.805874Z,4664,dc.scaffold.htb,Microsoft-Windows-Security-Auditing,Security,22830,0,,,,,,,C:\Windows\WinSxS\amd64_mscorlib_b77a5c561934e089_4.0.15806.685_none_1b15da9780a4e2d4\normidna.nlp,,,,,,,C:\Windows\Microsoft.NET\assembly\GAC_64\mscorlib\v4.0_4.0.0.0__b77a5c561934e089\normidna.nlp,,,,,,,,,,,,,,,,,,,SCAFFOLD,0x3e7,DC$,S-1-5-18,,,,,,,,,C62843AF-A67C-11F1-9935-005056B98D90,,
2026-09-02T03:21:27.865074Z,4663,dc.scaffold.htb,Microsoft-Windows-Security-Auditing,Security,22831,0,"%%1537
				",0x10000,,,,,,,0x70,,,,,,,,,,,,,C:\Windows\Microsoft.NET\assembly\GAC_64\System.Web\v4.0_4.0.0.0__b03f5f7f11d50a3a\System.Web.dll,Security,File,,,,0x166c,C:\Windows\System32\poqexec.exe,,S:AI,,SCAFFOLD,0x3e7,DC$,S-1-5-18,,,,,,,,,,,
