2026-07-09T06:14:40.444435Z,4660,dc.scaffold.htb,Microsoft-Windows-Security-Auditing,Security,19889,0,,,,,,,,,0x78,,,,,,,,,,,,,,Security,,,,,0xd90,C:\Windows\System32\poqexec.exe,,,,SCAFFOLD,0x3e7,DC$,S-1-5-18,,,,,,,,,09FDD45B-7B5D-11F1-992D-005056B98D90,,
2026-07-09T06:14:40.444747Z,4663,dc.scaffold.htb,Microsoft-Windows-Security-Auditing,Security,19890,0,"%%1537
				",0x10000,,,,,,,0x78,,,,,,,,,,,,,C:\Windows\System32\spp\tokens\skus\ServerStandard\ServerStandard-OEM-NONSLP-2-ul-phn-rtm.xrm-ms,Security,File,,,,0xd90,C:\Windows\System32\poqexec.exe,,S:AI,,SCAFFOLD,0x3e7,DC$,S-1-5-18,,,,,,,,,,,
2026-07-09T06:14:40.444759Z,4660,dc.scaffold.htb,Microsoft-Windows-Security-Auditing,Security,19891,0,,,,,,,,,0x78,,,,,,,,,,,,,,Security,,,,,0xd90,C:\Windows\System32\poqexec.exe,,,,SCAFFOLD,0x3e7,DC$,S-1-5-18,,,,,,,,,09FDD45B-7B5D-11F1-992D-005056B98D90,,
2026-07-09T06:14:40.445072Z,4663,dc.scaffold.htb,Microsoft-Windows-Security-Auditing,Security,19892,0,"%%1537
				",0x10000,,,,,,,0x78,,,,,,,,,,,,,C:\Windows\System32\spp\tokens\skus\ServerStandard\ServerStandard-OEM-NONSLP-2-ul-store-rtm.xrm-ms,Security,File,,,,0xd90,C:\Windows\System32\poqexec.exe,,S:AI,,SCAFFOLD,0x3e7,DC$,S-1-5-18,,,,,,,,,,,
2026-07-09T06:14:40.445091Z,4660,dc.scaffold.htb,Microsoft-Windows-Security-Auditing,Security,19893,0,,,,,,,,,0x78,,,,,,,,,,,,,,Security,,,,,0xd90,C:\Windows\System32\poqexec.exe,,,,SCAFFOLD,0x3e7,DC$,S-1-5-18,,,,,,,,,09FDD45B-7B5D-11F1-992D-005056B98D90,,
2026-07-09T06:14:40.445467Z,4663,dc.scaffold.htb,Microsoft-Windows-Security-Auditing,Security,19894,0,"%%1537
				",0x10000,,,,,,,0x78,,,,,,,,,,,,,C:\Windows\System32\spp\tokens\skus\ServerStandard\ServerStandard-OEM-SLP-1-ul-oob-rtm.xrm-ms,Security,File,,,,0xd90,C:\Windows\System32\poqexec.exe,,S:AI,,SCAFFOLD,0x3e7,DC$,S-1-5-18,,,,,,,,,,,
2026-07-09T06:14:40.445484Z,4660,dc.scaffold.htb,Microsoft-Windows-Security-Auditing,Security,19895,0,,,,,,,,,0x78,,,,,,,,,,,,,,Security,,,,,0xd90,C:\Windows\System32\poqexec.exe,,,,SCAFFOLD,0x3e7,DC$,S-1-5-18,,,,,,,,,09FDD45B-7B5D-11F1-992D-005056B98D90,,
2026-07-09T06:14:40.445806Z,4663,dc.scaffold.htb,Microsoft-Windows-Security-Auditing,Security,19896,0,"%%1537
				",0x10000,,,,,,,0x78,,,,,,,,,,,,,C:\Windows\System32\spp\tokens\skus\ServerStandard\ServerStandard-OEM-SLP-1-ul-rtm.xrm-ms,Security,File,,,,0xd90,C:\Windows\System32\poqexec.exe,,S:AI,,SCAFFOLD,0x3e7,DC$,S-1-5-18,,,,,,,,,,,
2026-07-09T06:14:40.445817Z,4660,dc.scaffold.htb,Microsoft-Windows-Security-Auditing,Security,19897,0,,,,,,,,,0x78,,,,,,,,,,,,,,Security,,,,,0xd90,C:\Windows\System32\poqexec.exe,,,,SCAFFOLD,0x3e7,DC$,S-1-5-18,,,,,,,,,09FDD45B-7B5D-11F1-992D-005056B98D90,,
2026-07-09T06:14:40.446131Z,4663,dc.scaffold.htb,Microsoft-Windows-Security-Auditing,Security,19898,0,"%%1537
				",0x10000,,,,,,,0x78,,,,,,,,,,,,,C:\Windows\System32\spp\tokens\skus\ServerStandard\ServerStandard-OEM-SLP-2-ul-oob-rtm.xrm-ms,Security,File,,,,0xd90,C:\Windows\System32\poqexec.exe,,S:AI,,SCAFFOLD,0x3e7,DC$,S-1-5-18,,,,,,,,,,,
2026-07-09T06:14:40.446145Z,4660,dc.scaffold.htb,Microsoft-Windows-Security-Auditing,Security,19899,0,,,,,,,,,0x78,,,,,,,,,,,,,,Security,,,,,0xd90,C:\Windows\System32\poqexec.exe,,,,SCAFFOLD,0x3e7,DC$,S-1-5-18,,,,,,,,,09FDD45B-7B5D-11F1-992D-005056B98D90,,
2026-07-09T06:14:40.446518Z,4663,dc.scaffold.htb,Microsoft-Windows-Security-Auditing,Security,19900,0,"%%1537
				",0x10000,,,,,,,0x78,,,,,,,,,,,,,C:\Windows\System32\spp\tokens\skus\ServerStandard\ServerStandard-OEM-SLP-2-ul-rtm.xrm-ms,Security,File,,,,0xd90,C:\Windows\System32\poqexec.exe,,S:AI,,SCAFFOLD,0x3e7,DC$,S-1-5-18,,,,,,,,,,,
2026-07-09T06:14:40.446522Z,4660,dc.scaffold.htb,Microsoft-Windows-Security-Auditing,Security,19901,0,,,,,,,,,0x78,,,,,,,,,,,,,,Security,,,,,0xd90,C:\Windows\System32\poqexec.exe,,,,SCAFFOLD,0x3e7,DC$,S-1-5-18,,,,,,,,,09FDD45B-7B5D-11F1-992D-005056B98D90,,
2026-07-09T06:14:40.446813Z,4663,dc.scaffold.htb,Microsoft-Windows-Security-Auditing,Security,19902,0,"%%1537
				",0x10000,,,,,,,0x78,,,,,,,,,,,,,C:\Windows\System32\spp\tokens\skus\ServerStandard\ServerStandard-ppdlic.xrm-ms,Security,File,,,,0xd90,C:\Windows\System32\poqexec.exe,,S:AI,,SCAFFOLD,0x3e7,DC$,S-1-5-18,,,,,,,,,,,
2026-07-09T06:14:40.446825Z,4660,dc.scaffold.htb,Microsoft-Windows-Security-Auditing,Security,19903,0,,,,,,,,,0x78,,,,,,,,,,,,,,Security,,,,,0xd90,C:\Windows\System32\poqexec.exe,,,,SCAFFOLD,0x3e7,DC$,S-1-5-18,,,,,,,,,09FDD45B-7B5D-11F1-992D-005056B98D90,,
2026-07-09T06:14:40.447125Z,4663,dc.scaffold.htb,Microsoft-Windows-Security-Auditing,Security,19904,0,"%%1537
				",0x10000,,,,,,,0x78,,,,,,,,,,,,,C:\Windows\System32\spp\tokens\skus\ServerStandard\ServerStandard-Retail-1-pl-rtm.xrm-ms,Security,File,,,,0xd90,C:\Windows\System32\poqexec.exe,,S:AI,,SCAFFOLD,0x3e7,DC$,S-1-5-18,,,,,,,,,,,
2026-07-09T06:14:40.447137Z,4660,dc.scaffold.htb,Microsoft-Windows-Security-Auditing,Security,19905,0,,,,,,,,,0x78,,,,,,,,,,,,,,Security,,,,,0xd90,C:\Windows\System32\poqexec.exe,,,,SCAFFOLD,0x3e7,DC$,S-1-5-18,,,,,,,,,09FDD45B-7B5D-11F1-992D-005056B98D90,,
2026-07-09T06:14:40.447453Z,4663,dc.scaffold.htb,Microsoft-Windows-Security-Auditing,Security,19906,0,"%%1537
				",0x10000,,,,,,,0x78,,,,,,,,,,,,,C:\Windows\System32\spp\tokens\skus\ServerStandard\ServerStandard-Retail-1-ul-oob-rtm.xrm-ms,Security,File,,,,0xd90,C:\Windows\System32\poqexec.exe,,S:AI,,SCAFFOLD,0x3e7,DC$,S-1-5-18,,,,,,,,,,,
2026-07-09T06:14:40.447465Z,4660,dc.scaffold.htb,Microsoft-Windows-Security-Auditing,Security,19907,0,,,,,,,,,0x78,,,,,,,,,,,,,,Security,,,,,0xd90,C:\Windows\System32\poqexec.exe,,,,SCAFFOLD,0x3e7,DC$,S-1-5-18,,,,,,,,,09FDD45B-7B5D-11F1-992D-005056B98D90,,
2026-07-09T06:14:40.447782Z,4663,dc.scaffold.htb,Microsoft-Windows-Security-Auditing,Security,19908,0,"%%1537
				",0x10000,,,,,,,0x78,,,,,,,,,,,,,C:\Windows\System32\spp\tokens\skus\ServerStandard\ServerStandard-Retail-1-ul-phn-rtm.xrm-ms,Security,File,,,,0xd90,C:\Windows\System32\poqexec.exe,,S:AI,,SCAFFOLD,0x3e7,DC$,S-1-5-18,,,,,,,,,,,
2026-07-09T06:14:40.447794Z,4660,dc.scaffold.htb,Microsoft-Windows-Security-Auditing,Security,19909,0,,,,,,,,,0x78,,,,,,,,,,,,,,Security,,,,,0xd90,C:\Windows\System32\poqexec.exe,,,,SCAFFOLD,0x3e7,DC$,S-1-5-18,,,,,,,,,09FDD45B-7B5D-11F1-992D-005056B98D90,,
2026-07-09T06:14:40.448167Z,4663,dc.scaffold.htb,Microsoft-Windows-Security-Auditing,Security,19910,0,"%%1537
				",0x10000,,,,,,,0x78,,,,,,,,,,,,,C:\Windows\System32\spp\tokens\skus\ServerStandard\ServerStandard-Retail-1-ul-store-rtm.xrm-ms,Security,File,,,,0xd90,C:\Windows\System32\poqexec.exe,,S:AI,,SCAFFOLD,0x3e7,DC$,S-1-5-18,,,,,,,,,,,
2026-07-09T06:14:40.448182Z,4660,dc.scaffold.htb,Microsoft-Windows-Security-Auditing,Security,19911,0,,,,,,,,,0x78,,,,,,,,,,,,,,Security,,,,,0xd90,C:\Windows\System32\poqexec.exe,,,,SCAFFOLD,0x3e7,DC$,S-1-5-18,,,,,,,,,09FDD45B-7B5D-11F1-992D-005056B98D90,,
2026-07-09T06:14:40.448507Z,4663,dc.scaffold.htb,Microsoft-Windows-Security-Auditing,Security,19912,0,"%%1537
				",0x10000,,,,,,,0x78,,,,,,,,,,,,,C:\Windows\System32\spp\tokens\skus\ServerStandard\ServerStandard-Volume-CSVLK-1-pl-rtm.xrm-ms,Security,File,,,,0xd90,C:\Windows\System32\poqexec.exe,,S:AI,,SCAFFOLD,0x3e7,DC$,S-1-5-18,,,,,,,,,,,
2026-07-09T06:14:40.448519Z,4660,dc.scaffold.htb,Microsoft-Windows-Security-Auditing,Security,19913,0,,,,,,,,,0x78,,,,,,,,,,,,,,Security,,,,,0xd90,C:\Windows\System32\poqexec.exe,,,,SCAFFOLD,0x3e7,DC$,S-1-5-18,,,,,,,,,09FDD45B-7B5D-11F1-992D-005056B98D90,,
2026-07-09T06:14:40.448838Z,4663,dc.scaffold.htb,Microsoft-Windows-Security-Auditing,Security,19914,0,"%%1537
				",0x10000,,,,,,,0x78,,,,,,,,,,,,,C:\Windows\System32\spp\tokens\skus\ServerStandard\ServerStandard-Volume-CSVLK-1-ul-oob-rtm.xrm-ms,Security,File,,,,0xd90,C:\Windows\System32\poqexec.exe,,S:AI,,SCAFFOLD,0x3e7,DC$,S-1-5-18,,,,,,,,,,,
2026-07-09T06:14:40.448849Z,4660,dc.scaffold.htb,Microsoft-Windows-Security-Auditing,Security,19915,0,,,,,,,,,0x78,,,,,,,,,,,,,,Security,,,,,0xd90,C:\Windows\System32\poqexec.exe,,,,SCAFFOLD,0x3e7,DC$,S-1-5-18,,,,,,,,,09FDD45B-7B5D-11F1-992D-005056B98D90,,
2026-07-09T06:14:40.449174Z,4663,dc.scaffold.htb,Microsoft-Windows-Security-Auditing,Security,19916,0,"%%1537
				",0x10000,,,,,,,0x78,,,,,,,,,,,,,C:\Windows\System32\spp\tokens\skus\ServerStandard\ServerStandard-Volume-CSVLK-1-ul-phn-rtm.xrm-ms,Security,File,,,,0xd90,C:\Windows\System32\poqexec.exe,,S:AI,,SCAFFOLD,0x3e7,DC$,S-1-5-18,,,,,,,,,,,
2026-07-09T06:14:40.449178Z,4660,dc.scaffold.htb,Microsoft-Windows-Security-Auditing,Security,19917,0,,,,,,,,,0x78,,,,,,,,,,,,,,Security,,,,,0xd90,C:\Windows\System32\poqexec.exe,,,,SCAFFOLD,0x3e7,DC$,S-1-5-18,,,,,,,,,09FDD45B-7B5D-11F1-992D-005056B98D90,,
2026-07-09T06:14:40.449517Z,4663,dc.scaffold.htb,Microsoft-Windows-Security-Auditing,Security,19918,0,"%%1537
				",0x10000,,,,,,,0x78,,,,,,,,,,,,,C:\Windows\System32\spp\tokens\skus\ServerStandard\ServerStandard-Volume-CSVLK-1-ul-store-rtm.xrm-ms,Security,File,,,,0xd90,C:\Windows\System32\poqexec.exe,,S:AI,,SCAFFOLD,0x3e7,DC$,S-1-5-18,,,,,,,,,,,
2026-07-09T06:14:40.449529Z,4660,dc.scaffold.htb,Microsoft-Windows-Security-Auditing,Security,19919,0,,,,,,,,,0x78,,,,,,,,,,,,,,Security,,,,,0xd90,C:\Windows\System32\poqexec.exe,,,,SCAFFOLD,0x3e7,DC$,S-1-5-18,,,,,,,,,09FDD45B-7B5D-11F1-992D-005056B98D90,,
2026-07-09T06:14:40.449859Z,4663,dc.scaffold.htb,Microsoft-Windows-Security-Auditing,Security,19920,0,"%%1537
				",0x10000,,,,,,,0x78,,,,,,,,,,,,,C:\Windows\System32\spp\tokens\skus\ServerStandard\ServerStandard-Volume-CSVLK-2-pl-rtm.xrm-ms,Security,File,,,,0xd90,C:\Windows\System32\poqexec.exe,,S:AI,,SCAFFOLD,0x3e7,DC$,S-1-5-18,,,,,,,,,,,
2026-07-09T06:14:40.449871Z,4660,dc.scaffold.htb,Microsoft-Windows-Security-Auditing,Security,19921,0,,,,,,,,,0x78,,,,,,,,,,,,,,Security,,,,,0xd90,C:\Windows\System32\poqexec.exe,,,,SCAFFOLD,0x3e7,DC$,S-1-5-18,,,,,,,,,09FDD45B-7B5D-11F1-992D-005056B98D90,,
2026-07-09T06:14:40.450218Z,4663,dc.scaffold.htb,Microsoft-Windows-Security-Auditing,Security,19922,0,"%%1537
				",0x10000,,,,,,,0x78,,,,,,,,,,,,,C:\Windows\System32\spp\tokens\skus\ServerStandard\ServerStandard-Volume-CSVLK-2-ul-oob-rtm.xrm-ms,Security,File,,,,0xd90,C:\Windows\System32\poqexec.exe,,S:AI,,SCAFFOLD,0x3e7,DC$,S-1-5-18,,,,,,,,,,,
2026-07-09T06:14:40.450222Z,4660,dc.scaffold.htb,Microsoft-Windows-Security-Auditing,Security,19923,0,,,,,,,,,0x78,,,,,,,,,,,,,,Security,,,,,0xd90,C:\Windows\System32\poqexec.exe,,,,SCAFFOLD,0x3e7,DC$,S-1-5-18,,,,,,,,,09FDD45B-7B5D-11F1-992D-005056B98D90,,
2026-07-09T06:14:40.450596Z,4663,dc.scaffold.htb,Microsoft-Windows-Security-Auditing,Security,19924,0,"%%1537
				",0x10000,,,,,,,0x78,,,,,,,,,,,,,C:\Windows\System32\spp\tokens\skus\ServerStandard\ServerStandard-Volume-CSVLK-2-ul-phn-rtm.xrm-ms,Security,File,,,,0xd90,C:\Windows\System32\poqexec.exe,,S:AI,,SCAFFOLD,0x3e7,DC$,S-1-5-18,,,,,,,,,,,
2026-07-09T06:14:40.450600Z,4660,dc.scaffold.htb,Microsoft-Windows-Security-Auditing,Security,19925,0,,,,,,,,,0x78,,,,,,,,,,,,,,Security,,,,,0xd90,C:\Windows\System32\poqexec.exe,,,,SCAFFOLD,0x3e7,DC$,S-1-5-18,,,,,,,,,09FDD45B-7B5D-11F1-992D-005056B98D90,,
2026-07-09T06:14:40.450913Z,4663,dc.scaffold.htb,Microsoft-Windows-Security-Auditing,Security,19926,0,"%%1537
				",0x10000,,,,,,,0x78,,,,,,,,,,,,,C:\Windows\System32\spp\tokens\skus\ServerStandard\ServerStandard-Volume-CSVLK-2-ul-store-rtm.xrm-ms,Security,File,,,,0xd90,C:\Windows\System32\poqexec.exe,,S:AI,,SCAFFOLD,0x3e7,DC$,S-1-5-18,,,,,,,,,,,
2026-07-09T06:14:40.450917Z,4660,dc.scaffold.htb,Microsoft-Windows-Security-Auditing,Security,19927,0,,,,,,,,,0x78,,,,,,,,,,,,,,Security,,,,,0xd90,C:\Windows\System32\poqexec.exe,,,,SCAFFOLD,0x3e7,DC$,S-1-5-18,,,,,,,,,09FDD45B-7B5D-11F1-992D-005056B98D90,,
2026-07-09T06:14:40.451231Z,4663,dc.scaffold.htb,Microsoft-Windows-Security-Auditing,Security,19928,0,"%%1537
				",0x10000,,,,,,,0x78,,,,,,,,,,,,,C:\Windows\System32\spp\tokens\skus\ServerStandard\ServerStandard-Volume-CSVLK-3-pl-rtm.xrm-ms,Security,File,,,,0xd90,C:\Windows\System32\poqexec.exe,,S:AI,,SCAFFOLD,0x3e7,DC$,S-1-5-18,,,,,,,,,,,
2026-07-09T06:14:40.451234Z,4660,dc.scaffold.htb,Microsoft-Windows-Security-Auditing,Security,19929,0,,,,,,,,,0x78,,,,,,,,,,,,,,Security,,,,,0xd90,C:\Windows\System32\poqexec.exe,,,,SCAFFOLD,0x3e7,DC$,S-1-5-18,,,,,,,,,09FDD45B-7B5D-11F1-992D-005056B98D90,,
2026-07-09T06:14:40.451546Z,4663,dc.scaffold.htb,Microsoft-Windows-Security-Auditing,Security,19930,0,"%%1537
				",0x10000,,,,,,,0x78,,,,,,,,,,,,,C:\Windows\System32\spp\tokens\skus\ServerStandard\ServerStandard-Volume-CSVLK-3-ul-oob-rtm.xrm-ms,Security,File,,,,0xd90,C:\Windows\System32\poqexec.exe,,S:AI,,SCAFFOLD,0x3e7,DC$,S-1-5-18,,,,,,,,,,,
2026-07-09T06:14:40.451557Z,4660,dc.scaffold.htb,Microsoft-Windows-Security-Auditing,Security,19931,0,,,,,,,,,0x78,,,,,,,,,,,,,,Security,,,,,0xd90,C:\Windows\System32\poqexec.exe,,,,SCAFFOLD,0x3e7,DC$,S-1-5-18,,,,,,,,,09FDD45B-7B5D-11F1-992D-005056B98D90,,
2026-07-09T06:14:40.451872Z,4663,dc.scaffold.htb,Microsoft-Windows-Security-Auditing,Security,19932,0,"%%1537
				",0x10000,,,,,,,0x78,,,,,,,,,,,,,C:\Windows\System32\spp\tokens\skus\ServerStandard\ServerStandard-Volume-CSVLK-3-ul-phn-rtm.xrm-ms,Security,File,,,,0xd90,C:\Windows\System32\poqexec.exe,,S:AI,,SCAFFOLD,0x3e7,DC$,S-1-5-18,,,,,,,,,,,
2026-07-09T06:14:40.451876Z,4660,dc.scaffold.htb,Microsoft-Windows-Security-Auditing,Security,19933,0,,,,,,,,,0x78,,,,,,,,,,,,,,Security,,,,,0xd90,C:\Windows\System32\poqexec.exe,,,,SCAFFOLD,0x3e7,DC$,S-1-5-18,,,,,,,,,09FDD45B-7B5D-11F1-992D-005056B98D90,,
2026-07-09T06:14:40.452398Z,4663,dc.scaffold.htb,Microsoft-Windows-Security-Auditing,Security,19934,0,"%%1537
				",0x10000,,,,,,,0x78,,,,,,,,,,,,,C:\Windows\System32\spp\tokens\skus\ServerStandard\ServerStandard-Volume-CSVLK-3-ul-store-rtm.xrm-ms,Security,File,,,,0xd90,C:\Windows\System32\poqexec.exe,,S:AI,,SCAFFOLD,0x3e7,DC$,S-1-5-18,,,,,,,,,,,
2026-07-09T06:14:40.452403Z,4660,dc.scaffold.htb,Microsoft-Windows-Security-Auditing,Security,19935,0,,,,,,,,,0x78,,,,,,,,,,,,,,Security,,,,,0xd90,C:\Windows\System32\poqexec.exe,,,,SCAFFOLD,0x3e7,DC$,S-1-5-18,,,,,,,,,09FDD45B-7B5D-11F1-992D-005056B98D90,,
2026-07-09T06:14:40.452730Z,4663,dc.scaffold.htb,Microsoft-Windows-Security-Auditing,Security,19936,0,"%%1537
				",0x10000,,,,,,,0x78,,,,,,,,,,,,,C:\Windows\System32\spp\tokens\skus\ServerStandard\ServerStandard-Volume-GVLK-1-ul-oob-rtm.xrm-ms,Security,File,,,,0xd90,C:\Windows\System32\poqexec.exe,,S:AI,,SCAFFOLD,0x3e7,DC$,S-1-5-18,,,,,,,,,,,
2026-07-09T06:14:40.452734Z,4660,dc.scaffold.htb,Microsoft-Windows-Security-Auditing,Security,19937,0,,,,,,,,,0x78,,,,,,,,,,,,,,Security,,,,,0xd90,C:\Windows\System32\poqexec.exe,,,,SCAFFOLD,0x3e7,DC$,S-1-5-18,,,,,,,,,09FDD45B-7B5D-11F1-992D-005056B98D90,,
2026-07-09T06:14:40.453090Z,4663,dc.scaffold.htb,Microsoft-Windows-Security-Auditing,Security,19938,0,"%%1537
				",0x10000,,,,,,,0x78,,,,,,,,,,,,,C:\Windows\System32\spp\tokens\skus\ServerStandard\ServerStandard-Volume-GVLK-1-ul-rtm.xrm-ms,Security,File,,,,0xd90,C:\Windows\System32\poqexec.exe,,S:AI,,SCAFFOLD,0x3e7,DC$,S-1-5-18,,,,,,,,,,,
2026-07-09T06:14:40.453093Z,4660,dc.scaffold.htb,Microsoft-Windows-Security-Auditing,Security,19939,0,,,,,,,,,0x78,,,,,,,,,,,,,,Security,,,,,0xd90,C:\Windows\System32\poqexec.exe,,,,SCAFFOLD,0x3e7,DC$,S-1-5-18,,,,,,,,,09FDD45B-7B5D-11F1-992D-005056B98D90,,
2026-07-09T06:14:40.453404Z,4663,dc.scaffold.htb,Microsoft-Windows-Security-Auditing,Security,19940,0,"%%1537
				",0x10000,,,,,,,0x78,,,,,,,,,,,,,C:\Windows\System32\spp\tokens\skus\ServerStandard\ServerStandard-Volume-MAK-1-pl-rtm.xrm-ms,Security,File,,,,0xd90,C:\Windows\System32\poqexec.exe,,S:AI,,SCAFFOLD,0x3e7,DC$,S-1-5-18,,,,,,,,,,,
2026-07-09T06:14:40.453408Z,4660,dc.scaffold.htb,Microsoft-Windows-Security-Auditing,Security,19941,0,,,,,,,,,0x78,,,,,,,,,,,,,,Security,,,,,0xd90,C:\Windows\System32\poqexec.exe,,,,SCAFFOLD,0x3e7,DC$,S-1-5-18,,,,,,,,,09FDD45B-7B5D-11F1-992D-005056B98D90,,
2026-07-09T06:14:40.453735Z,4663,dc.scaffold.htb,Microsoft-Windows-Security-Auditing,Security,19942,0,"%%1537
				",0x10000,,,,,,,0x78,,,,,,,,,,,,,C:\Windows\System32\spp\tokens\skus\ServerStandard\ServerStandard-Volume-MAK-1-ul-oob-rtm.xrm-ms,Security,File,,,,0xd90,C:\Windows\System32\poqexec.exe,,S:AI,,SCAFFOLD,0x3e7,DC$,S-1-5-18,,,,,,,,,,,
2026-07-09T06:14:40.453740Z,4660,dc.scaffold.htb,Microsoft-Windows-Security-Auditing,Security,19943,0,,,,,,,,,0x78,,,,,,,,,,,,,,Security,,,,,0xd90,C:\Windows\System32\poqexec.exe,,,,SCAFFOLD,0x3e7,DC$,S-1-5-18,,,,,,,,,09FDD45B-7B5D-11F1-992D-005056B98D90,,
2026-07-09T06:14:40.454055Z,4663,dc.scaffold.htb,Microsoft-Windows-Security-Auditing,Security,19944,0,"%%1537
				",0x10000,,,,,,,0x78,,,,,,,,,,,,,C:\Windows\System32\spp\tokens\skus\ServerStandard\ServerStandard-Volume-MAK-1-ul-phn-rtm.xrm-ms,Security,File,,,,0xd90,C:\Windows\System32\poqexec.exe,,S:AI,,SCAFFOLD,0x3e7,DC$,S-1-5-18,,,,,,,,,,,
2026-07-09T06:14:40.454060Z,4660,dc.scaffold.htb,Microsoft-Windows-Security-Auditing,Security,19945,0,,,,,,,,,0x78,,,,,,,,,,,,,,Security,,,,,0xd90,C:\Windows\System32\poqexec.exe,,,,SCAFFOLD,0x3e7,DC$,S-1-5-18,,,,,,,,,09FDD45B-7B5D-11F1-992D-005056B98D90,,
2026-07-09T06:14:40.454369Z,4663,dc.scaffold.htb,Microsoft-Windows-Security-Auditing,Security,19946,0,"%%1537
				",0x10000,,,,,,,0x78,,,,,,,,,,,,,C:\Windows\System32\spp\tokens\skus\ServerStandard\ServerStandard-Volume-MAK-1-ul-store-rtm.xrm-ms,Security,File,,,,0xd90,C:\Windows\System32\poqexec.exe,,S:AI,,SCAFFOLD,0x3e7,DC$,S-1-5-18,,,,,,,,,,,
2026-07-09T06:14:40.454380Z,4660,dc.scaffold.htb,Microsoft-Windows-Security-Auditing,Security,19947,0,,,,,,,,,0x78,,,,,,,,,,,,,,Security,,,,,0xd90,C:\Windows\System32\poqexec.exe,,,,SCAFFOLD,0x3e7,DC$,S-1-5-18,,,,,,,,,09FDD45B-7B5D-11F1-992D-005056B98D90,,
2026-07-09T06:14:40.454696Z,4663,dc.scaffold.htb,Microsoft-Windows-Security-Auditing,Security,19948,0,"%%1537
				",0x10000,,,,,,,0x78,,,,,,,,,,,,,C:\Windows\System32\spp\tokens\skus\ServerStandard\ServerStandard-VT-IA-1-ul-oob-rtm.xrm-ms,Security,File,,,,0xd90,C:\Windows\System32\poqexec.exe,,S:AI,,SCAFFOLD,0x3e7,DC$,S-1-5-18,,,,,,,,,,,
2026-07-09T06:14:40.454718Z,4660,dc.scaffold.htb,Microsoft-Windows-Security-Auditing,Security,19949,0,,,,,,,,,0x78,,,,,,,,,,,,,,Security,,,,,0xd90,C:\Windows\System32\poqexec.exe,,,,SCAFFOLD,0x3e7,DC$,S-1-5-18,,,,,,,,,09FDD45B-7B5D-11F1-992D-005056B98D90,,
2026-07-09T06:14:40.455078Z,4663,dc.scaffold.htb,Microsoft-Windows-Security-Auditing,Security,19950,0,"%%1537
				",0x10000,,,,,,,0x78,,,,,,,,,,,,,C:\Windows\System32\spp\tokens\skus\ServerStandard\ServerStandard-VT-IA-1-ul-rtm.xrm-ms,Security,File,,,,0xd90,C:\Windows\System32\poqexec.exe,,S:AI,,SCAFFOLD,0x3e7,DC$,S-1-5-18,,,,,,,,,,,
2026-07-09T06:14:40.455122Z,4660,dc.scaffold.htb,Microsoft-Windows-Security-Auditing,Security,19951,0,,,,,,,,,0x78,,,,,,,,,,,,,,Security,,,,,0xd90,C:\Windows\System32\poqexec.exe,,,,SCAFFOLD,0x3e7,DC$,S-1-5-18,,,,,,,,,09FDD45B-7B5D-11F1-992D-005056B98D90,,
2026-07-09T06:14:40.462373Z,4663,dc.scaffold.htb,Microsoft-Windows-Security-Auditing,Security,19952,0,"%%1537
				",0x10000,,,,,,,0x74,,,,,,,,,,,,,C:\Windows\SysWOW64\en-US\Licenses\_Default\ServerStandard\license.rtf,Security,File,,,,0xd90,C:\Windows\System32\poqexec.exe,,S:AI,,SCAFFOLD,0x3e7,DC$,S-1-5-18,,,,,,,,,,,
2026-07-09T06:14:40.462426Z,4660,dc.scaffold.htb,Microsoft-Windows-Security-Auditing,Security,19953,0,,,,,,,,,0x74,,,,,,,,,,,,,,Security,,,,,0xd90,C:\Windows\System32\poqexec.exe,,,,SCAFFOLD,0x3e7,DC$,S-1-5-18,,,,,,,,,09FDD45B-7B5D-11F1-992D-005056B98D90,,
2026-07-09T06:14:40.466242Z,4663,dc.scaffold.htb,Microsoft-Windows-Security-Auditing,Security,19954,0,"%%1537
				",0x10000,,,,,,,0x7c,,,,,,,,,,,,,C:\Windows\SysWOW64\en-US\Licenses\Eval\ServerStandard\license.rtf,Security,File,,,,0xd90,C:\Windows\System32\poqexec.exe,,S:AI,,SCAFFOLD,0x3e7,DC$,S-1-5-18,,,,,,,,,,,
2026-07-09T06:14:40.466298Z,4660,dc.scaffold.htb,Microsoft-Windows-Security-Auditing,Security,19955,0,,,,,,,,,0x7c,,,,,,,,,,,,,,Security,,,,,0xd90,C:\Windows\System32\poqexec.exe,,,,SCAFFOLD,0x3e7,DC$,S-1-5-18,,,,,,,,,09FDD45B-7B5D-11F1-992D-005056B98D90,,
2026-07-09T06:14:40.469958Z,4663,dc.scaffold.htb,Microsoft-Windows-Security-Auditing,Security,19956,0,"%%1537
				",0x10000,,,,,,,0x6c,,,,,,,,,,,,,C:\Windows\SysWOW64\en-US\Licenses\OEM\ServerStandard\license.rtf,Security,File,,,,0xd90,C:\Windows\System32\poqexec.exe,,S:AI,,SCAFFOLD,0x3e7,DC$,S-1-5-18,,,,,,,,,,,
2026-07-09T06:14:40.470559Z,4660,dc.scaffold.htb,Microsoft-Windows-Security-Auditing,Security,19957,0,,,,,,,,,0x6c,,,,,,,,,,,,,,Security,,,,,0xd90,C:\Windows\System32\poqexec.exe,,,,SCAFFOLD,0x3e7,DC$,S-1-5-18,,,,,,,,,09FDD45B-7B5D-11F1-992D-005056B98D90,,
2026-07-09T06:14:40.474967Z,4663,dc.scaffold.htb,Microsoft-Windows-Security-Auditing,Security,19958,0,"%%1537
				",0x10000,,,,,,,0x74,,,,,,,,,,,,,C:\Windows\SysWOW64\en-US\Licenses\Volume\ServerStandard\license.rtf,Security,File,,,,0xd90,C:\Windows\System32\poqexec.exe,,S:AI,,SCAFFOLD,0x3e7,DC$,S-1-5-18,,,,,,,,,,,
2026-07-09T06:14:40.475029Z,4660,dc.scaffold.htb,Microsoft-Windows-Security-Auditing,Security,19959,0,,,,,,,,,0x74,,,,,,,,,,,,,,Security,,,,,0xd90,C:\Windows\System32\poqexec.exe,,,,SCAFFOLD,0x3e7,DC$,S-1-5-18,,,,,,,,,09FDD45B-7B5D-11F1-992D-005056B98D90,,
2026-07-09T06:14:40.478441Z,4663,dc.scaffold.htb,Microsoft-Windows-Security-Auditing,Security,19960,0,"%%1537
				",0x10000,,,,,,,0x7c,,,,,,,,,,,,,C:\Windows\SysWOW64\Licenses\neutral\_Default\ServerStandard\license.rtf,Security,File,,,,0xd90,C:\Windows\System32\poqexec.exe,,S:AI,,SCAFFOLD,0x3e7,DC$,S-1-5-18,,,,,,,,,,,
2026-07-09T06:14:40.478494Z,4660,dc.scaffold.htb,Microsoft-Windows-Security-Auditing,Security,19961,0,,,,,,,,,0x7c,,,,,,,,,,,,,,Security,,,,,0xd90,C:\Windows\System32\poqexec.exe,,,,SCAFFOLD,0x3e7,DC$,S-1-5-18,,,,,,,,,09FDD45B-7B5D-11F1-992D-005056B98D90,,
2026-07-09T06:14:40.483001Z,4663,dc.scaffold.htb,Microsoft-Windows-Security-Auditing,Security,19962,0,"%%1537
				",0x10000,,,,,,,0x6c,,,,,,,,,,,,,C:\Windows\SysWOW64\Licenses\neutral\Eval\ServerStandard\license.rtf,Security,File,,,,0xd90,C:\Windows\System32\poqexec.exe,,S:AI,,SCAFFOLD,0x3e7,DC$,S-1-5-18,,,,,,,,,,,
2026-07-09T06:14:40.483053Z,4660,dc.scaffold.htb,Microsoft-Windows-Security-Auditing,Security,19963,0,,,,,,,,,0x6c,,,,,,,,,,,,,,Security,,,,,0xd90,C:\Windows\System32\poqexec.exe,,,,SCAFFOLD,0x3e7,DC$,S-1-5-18,,,,,,,,,09FDD45B-7B5D-11F1-992D-005056B98D90,,
2026-07-09T06:14:40.486842Z,4663,dc.scaffold.htb,Microsoft-Windows-Security-Auditing,Security,19964,0,"%%1537
				",0x10000,,,,,,,0x74,,,,,,,,,,,,,C:\Windows\SysWOW64\Licenses\neutral\OEM\ServerStandard\license.rtf,Security,File,,,,0xd90,C:\Windows\System32\poqexec.exe,,S:AI,,SCAFFOLD,0x3e7,DC$,S-1-5-18,,,,,,,,,,,
2026-07-09T06:14:40.487282Z,4660,dc.scaffold.htb,Microsoft-Windows-Security-Auditing,Security,19965,0,,,,,,,,,0x74,,,,,,,,,,,,,,Security,,,,,0xd90,C:\Windows\System32\poqexec.exe,,,,SCAFFOLD,0x3e7,DC$,S-1-5-18,,,,,,,,,09FDD45B-7B5D-11F1-992D-005056B98D90,,
2026-07-09T06:14:40.491213Z,4663,dc.scaffold.htb,Microsoft-Windows-Security-Auditing,Security,19966,0,"%%1537
				",0x10000,,,,,,,0x7c,,,,,,,,,,,,,C:\Windows\SysWOW64\Licenses\neutral\Volume\ServerStandard\license.rtf,Security,File,,,,0xd90,C:\Windows\System32\poqexec.exe,,S:AI,,SCAFFOLD,0x3e7,DC$,S-1-5-18,,,,,,,,,,,
2026-07-09T06:14:40.491267Z,4660,dc.scaffold.htb,Microsoft-Windows-Security-Auditing,Security,19967,0,,,,,,,,,0x7c,,,,,,,,,,,,,,Security,,,,,0xd90,C:\Windows\System32\poqexec.exe,,,,SCAFFOLD,0x3e7,DC$,S-1-5-18,,,,,,,,,09FDD45B-7B5D-11F1-992D-005056B98D90,,
2026-07-09T06:14:40.789349Z,4985,dc.scaffold.htb,Microsoft-Windows-Security-Auditing,Security,19968,0,,,,,,,,,,,,,,,,,,,,52,,,,,,,,0xd90,C:\Windows\System32\poqexec.exe,,,DA4CB52F-4F22-11F1-A9A6-8906DE6815CD,SCAFFOLD,0x3e7,DC$,S-1-5-18,,,,,,,,,09FDD45B-7B5D-11F1-992D-005056B98D90,,
2026-07-09T06:14:42.269589Z,1100,dc.scaffold.htb,Microsoft-Windows-Eventlog,Security,19969,4,,,,,,,,,,,,,,,,,,,,,,,,,,,,,,,,,,,,,,,,,,,,,,,http://manifests.microsoft.com/win/2004/08/windows/eventlog
2026-07-09T21:18:23.945728Z,4688,dc.scaffold.htb,Microsoft-Windows-Security-Auditing,Security,19970,0,,,,,,,,,,,,,,,,S-1-16-16384,0x64,Registry,,,,,,,,,,0x4,,,,,-,0x3e7,-,S-1-5-18,-,0x0,,,-,S-1-0-0,,%%1936,,,
2026-07-09T21:18:23.945739Z,4696,dc.scaffold.htb,Microsoft-Windows-Security-Auditing,Security,19971,0,,,,,,,,,,,,,,,,,,,,,,,,,,,,0x4,,,,,-,0x3e7,-,S-1-5-18,-,0x3e7,0x64,Registry,-,S-1-0-0,,,,,
2026-07-09T21:18:23.945747Z,4826,dc.scaffold.htb,Microsoft-Windows-Security-Auditing,Security,19972,0,,,%%1843,,%%1846,%%1843,,%%1843,,%%1843,%%1848,-,%%1843,,-,,,,,,,,,,,,,,,%%1843,,,-,0x3e7,-,S-1-5-18,,,,,,,%%1843,,,%%1848,
2026-07-09T21:18:23.950283Z,4688,dc.scaffold.htb,Microsoft-Windows-Security-Auditing,Security,19973,0,,,,,,,,,,,,,,,,S-1-16-16384,0x13c,C:\Windows\System32\smss.exe,,,,,,,,,,0x4,,,,,-,0x3e7,-,S-1-5-18,-,0x0,,,-,S-1-0-0,,%%1936,,,
2026-07-09T21:18:24.355411Z,4688,dc.scaffold.htb,Microsoft-Windows-Security-Auditing,Security,19974,0,,,,,,,,,,,,,,,,S-1-16-16384,0x158,C:\Windows\System32\autochk.exe,,,,,,,,C:\Windows\System32\smss.exe,,0x13c,,,,,-,0x3e7,-,S-1-5-18,-,0x0,,,-,S-1-0-0,,%%1936,,,
2026-07-09T21:18:25.613596Z,4688,dc.scaffold.htb,Microsoft-Windows-Security-Auditing,Security,19975,0,,,,,,,,,,,,,,,,S-1-16-16384,0x19c,C:\Windows\System32\smss.exe,,,,,,,,C:\Windows\System32\smss.exe,,0x13c,,,,,-,0x3e7,-,S-1-5-18,-,0x0,,,-,S-1-0-0,,%%1936,,,
2026-07-09T21:18:25.697933Z,4688,dc.scaffold.htb,Microsoft-Windows-Security-Auditing,Security,19976,0,,,,,,,,,,,,,,,,S-1-16-16384,0x1a4,C:\Windows\System32\csrss.exe,,,,,,,,C:\Windows\System32\smss.exe,,0x19c,,,,,-,0x3e7,-,S-1-5-18,-,0x0,,,-,S-1-0-0,,%%1936,,,
2026-07-09T21:18:25.910139Z,4688,dc.scaffold.htb,Microsoft-Windows-Security-Auditing,Security,19977,0,,,,,,,,,,,,,,,,S-1-16-16384,0x200,C:\Windows\System32\smss.exe,,,,,,,,C:\Windows\System32\smss.exe,,0x13c,,,,,-,0x3e7,-,S-1-5-18,-,0x0,,,-,S-1-0-0,,%%1936,,,
2026-07-09T21:18:25.915823Z,4688,dc.scaffold.htb,Microsoft-Windows-Security-Auditing,Security,19978,0,,,,,,,,,,,,,,,,S-1-16-16384,0x208,C:\Windows\System32\wininit.exe,,,,,,,,C:\Windows\System32\smss.exe,,0x19c,,,,,-,0x3e7,-,S-1-5-18,-,0x0,,,-,S-1-0-0,,%%1936,,,
2026-07-09T21:18:25.921435Z,4688,dc.scaffold.htb,Microsoft-Windows-Security-Auditing,Security,19979,0,,,,,,,,,,,,,,,,S-1-16-16384,0x210,C:\Windows\System32\csrss.exe,,,,,,,,C:\Windows\System32\smss.exe,,0x200,,,,,-,0x3e7,-,S-1-5-18,-,0x0,,,-,S-1-0-0,,%%1936,,,
2026-07-09T21:18:25.960575Z,4688,dc.scaffold.htb,Microsoft-Windows-Security-Auditing,Security,19980,0,,,,,,,,,,,,,,,,S-1-16-16384,0x248,C:\Windows\System32\winlogon.exe,,,,,,,,C:\Windows\System32\smss.exe,,0x200,,,,,-,0x3e7,-,S-1-5-18,-,0x0,,,-,S-1-0-0,,%%1936,,,
2026-07-09T21:18:26.050126Z,4688,dc.scaffold.htb,Microsoft-Windows-Security-Auditing,Security,19981,0,,,,,,,,,,,,,,,,S-1-16-16384,0x290,C:\Windows\System32\services.exe,,,,,,,,C:\Windows\System32\wininit.exe,,0x208,,,,,-,0x3e7,-,S-1-5-18,-,0x0,,,-,S-1-0-0,,%%1936,,,
2026-07-09T21:18:26.135907Z,4688,dc.scaffold.htb,Microsoft-Windows-Security-Auditing,Security,19982,0,,,,,,,,,,,,,,,,S-1-16-16384,0x2a4,C:\Windows\System32\lsass.exe,,,,,,,,C:\Windows\System32\wininit.exe,,0x208,,,,,-,0x3e7,-,S-1-5-18,-,0x0,,,-,S-1-0-0,,%%1936,,,
2026-07-09T21:22:03.747610Z,1100,dc.scaffold.htb,Microsoft-Windows-Eventlog,Security,19983,4,,,,,,,,,,,,,,,,,,,,,,,,,,,,,,,,,,,,,,,,,,,,,,,http://manifests.microsoft.com/win/2004/08/windows/eventlog
2026-09-01T21:46:01.231957Z,4688,dc.scaffold.htb,Microsoft-Windows-Security-Auditing,Security,19984,0,,,,,,,,,,,,,,,,S-1-16-16384,0x64,Registry,,,,,,,,,,0x4,,,,,-,0x3e7,-,S-1-5-18,-,0x0,,,-,S-1-0-0,,%%1936,,,
2026-09-01T21:46:01.231986Z,4696,dc.scaffold.htb,Microsoft-Windows-Security-Auditing,Security,19985,0,,,,,,,,,,,,,,,,,,,,,,,,,,,,0x4,,,,,-,0x3e7,-,S-1-5-18,-,0x3e7,0x64,Registry,-,S-1-0-0,,,,,
2026-09-01T21:46:01.231995Z,4826,dc.scaffold.htb,Microsoft-Windows-Security-Auditing,Security,19986,0,,,%%1843,,%%1846,%%1843,,%%1843,,%%1843,%%1848,-,%%1843,,-,,,,,,,,,,,,,,,%%1843,,,-,0x3e7,-,S-1-5-18,,,,,,,%%1843,,,%%1848,
2026-09-01T21:46:01.236837Z,4688,dc.scaffold.htb,Microsoft-Windows-Security-Auditing,Security,19987,0,,,,,,,,,,,,,,,,S-1-16-16384,0x138,C:\Windows\System32\smss.exe,,,,,,,,,,0x4,,,,,-,0x3e7,-,S-1-5-18,-,0x0,,,-,S-1-0-0,,%%1936,,,
2026-09-01T21:46:01.697084Z,4688,dc.scaffold.htb,Microsoft-Windows-Security-Auditing,Security,19988,0,,,,,,,,,,,,,,,,S-1-16-16384,0x158,C:\Windows\System32\autochk.exe,,,,,,,,C:\Windows\System32\smss.exe,,0x138,,,,,-,0x3e7,-,S-1-5-18,-,0x0,,,-,S-1-0-0,,%%1936,,,
2026-09-01T21:46:05.376156Z,4688,dc.scaffold.htb,Microsoft-Windows-Security-Auditing,Security,19989,0,,,,,,,,,,,,,,,,S-1-16-16384,0x1ac,C:\Windows\System32\smss.exe,,,,,,,,C:\Windows\System32\smss.exe,,0x138,,,,,-,0x3e7,-,S-1-5-18,-,0x0,,,-,S-1-0-0,,%%1936,,,
2026-09-01T21:46:05.627823Z,4688,dc.scaffold.htb,Microsoft-Windows-Security-Auditing,Security,19990,0,,,,,,,,,,,,,,,,S-1-16-16384,0x1bc,C:\Windows\System32\csrss.exe,,,,,,,,C:\Windows\System32\smss.exe,,0x1ac,,,,,-,0x3e7,-,S-1-5-18,-,0x0,,,-,S-1-0-0,,%%1936,,,
2026-09-01T21:46:06.690235Z,4688,dc.scaffold.htb,Microsoft-Windows-Security-Auditing,Security,19991,0,,,,,,,,,,,,,,,,S-1-16-16384,0x21c,C:\Windows\System32\smss.exe,,,,,,,,C:\Windows\System32\smss.exe,,0x138,,,,,-,0x3e7,-,S-1-5-18,-,0x0,,,-,S-1-0-0,,%%1936,,,
2026-09-01T21:46:06.694595Z,4688,dc.scaffold.htb,Microsoft-Windows-Security-Auditing,Security,19992,0,,,,,,,,,,,,,,,,S-1-16-16384,0x224,C:\Windows\System32\wininit.exe,,,,,,,,C:\Windows\System32\smss.exe,,0x1ac,,,,,-,0x3e7,-,S-1-5-18,-,0x0,,,-,S-1-0-0,,%%1936,,,
2026-09-01T21:46:06.700480Z,4688,dc.scaffold.htb,Microsoft-Windows-Security-Auditing,Security,19993,0,,,,,,,,,,,,,,,,S-1-16-16384,0x22c,C:\Windows\System32\csrss.exe,,,,,,,,C:\Windows\System32\smss.exe,,0x21c,,,,,-,0x3e7,-,S-1-5-18,-,0x0,,,-,S-1-0-0,,%%1936,,,
2026-09-01T21:46:06.733803Z,4688,dc.scaffold.htb,Microsoft-Windows-Security-Auditing,Security,19994,0,,,,,,,,,,,,,,,,S-1-16-16384,0x264,C:\Windows\System32\winlogon.exe,,,,,,,,C:\Windows\System32\smss.exe,,0x21c,,,,,-,0x3e7,-,S-1-5-18,-,0x0,,,-,S-1-0-0,,%%1936,,,
2026-09-01T21:46:06.840548Z,4688,dc.scaffold.htb,Microsoft-Windows-Security-Auditing,Security,19995,0,,,,,,,,,,,,,,,,S-1-16-16384,0x2a8,C:\Windows\System32\services.exe,,,,,,,,C:\Windows\System32\wininit.exe,,0x224,,,,,-,0x3e7,-,S-1-5-18,-,0x0,,,-,S-1-0-0,,%%1936,,,
2026-09-01T21:46:06.937668Z,4688,dc.scaffold.htb,Microsoft-Windows-Security-Auditing,Security,19996,0,,,,,,,,,,,,,,,,S-1-16-16384,0x2bc,C:\Windows\System32\lsass.exe,,,,,,,,C:\Windows\System32\wininit.exe,,0x224,,,,,-,0x3e7,-,S-1-5-18,-,0x0,,,-,S-1-0-0,,%%1936,,,
2026-09-01T22:04:42.622929Z,1100,dc.scaffold.htb,Microsoft-Windows-Eventlog,Security,19997,4,,,,,,,,,,,,,,,,,,,,,,,,,,,,,,,,,,,,,,,,,,,,,,,http://manifests.microsoft.com/win/2004/08/windows/eventlog
2026-09-01T23:51:02.739526Z,4688,dc.scaffold.htb,Microsoft-Windows-Security-Auditing,Security,19998,0,,,,,,,,,,,,,,,,S-1-16-16384,0x64,Registry,,,,,,,,,,0x4,,,,,-,0x3e7,-,S-1-5-18,-,0x0,,,-,S-1-0-0,,%%1936,,,
2026-09-01T23:51:02.739537Z,4696,dc.scaffold.htb,Microsoft-Windows-Security-Auditing,Security,19999,0,,,,,,,,,,,,,,,,,,,,,,,,,,,,0x4,,,,,-,0x3e7,-,S-1-5-18,-,0x3e7,0x64,Registry,-,S-1-0-0,,,,,
2026-09-01T23:51:02.739544Z,4826,dc.scaffold.htb,Microsoft-Windows-Security-Auditing,Security,20000,0,,,%%1843,,%%1846,%%1843,,%%1843,,%%1843,%%1848,-,%%1843,,-,,,,,,,,,,,,,,,%%1843,,,-,0x3e7,-,S-1-5-18,,,,,,,%%1843,,,%%1848,
2026-09-01T23:51:02.744374Z,4688,dc.scaffold.htb,Microsoft-Windows-Security-Auditing,Security,20001,0,,,,,,,,,,,,,,,,S-1-16-16384,0x140,C:\Windows\System32\smss.exe,,,,,,,,,,0x4,,,,,-,0x3e7,-,S-1-5-18,-,0x0,,,-,S-1-0-0,,%%1936,,,
2026-09-01T23:51:03.159722Z,4688,dc.scaffold.htb,Microsoft-Windows-Security-Auditing,Security,20002,0,,,,,,,,,,,,,,,,S-1-16-16384,0x15c,C:\Windows\System32\autochk.exe,,,,,,,,C:\Windows\System32\smss.exe,,0x140,,,,,-,0x3e7,-,S-1-5-18,-,0x0,,,-,S-1-0-0,,%%1936,,,
2026-09-01T23:51:04.492905Z,4688,dc.scaffold.htb,Microsoft-Windows-Security-Auditing,Security,20003,0,,,,,,,,,,,,,,,,S-1-16-16384,0x1a0,C:\Windows\System32\smss.exe,,,,,,,,C:\Windows\System32\smss.exe,,0x140,,,,,-,0x3e7,-,S-1-5-18,-,0x0,,,-,S-1-0-0,,%%1936,,,
2026-09-01T23:51:04.583508Z,4688,dc.scaffold.htb,Microsoft-Windows-Security-Auditing,Security,20004,0,,,,,,,,,,,,,,,,S-1-16-16384,0x1a8,C:\Windows\System32\csrss.exe,,,,,,,,C:\Windows\System32\smss.exe,,0x1a0,,,,,-,0x3e7,-,S-1-5-18,-,0x0,,,-,S-1-0-0,,%%1936,,,
2026-09-01T23:51:04.804826Z,4688,dc.scaffold.htb,Microsoft-Windows-Security-Auditing,Security,20005,0,,,,,,,,,,,,,,,,S-1-16-16384,0x208,C:\Windows\System32\smss.exe,,,,,,,,C:\Windows\System32\smss.exe,,0x140,,,,,-,0x3e7,-,S-1-5-18,-,0x0,,,-,S-1-0-0,,%%1936,,,
2026-09-01T23:51:04.812425Z,4688,dc.scaffold.htb,Microsoft-Windows-Security-Auditing,Security,20006,0,,,,,,,,,,,,,,,,S-1-16-16384,0x210,C:\Windows\System32\wininit.exe,,,,,,,,C:\Windows\System32\smss.exe,,0x1a0,,,,,-,0x3e7,-,S-1-5-18,-,0x0,,,-,S-1-0-0,,%%1936,,,
2026-09-01T23:51:04.817011Z,4688,dc.scaffold.htb,Microsoft-Windows-Security-Auditing,Security,20007,0,,,,,,,,,,,,,,,,S-1-16-16384,0x218,C:\Windows\System32\csrss.exe,,,,,,,,C:\Windows\System32\smss.exe,,0x208,,,,,-,0x3e7,-,S-1-5-18,-,0x0,,,-,S-1-0-0,,%%1936,,,
2026-09-01T23:51:04.851494Z,4688,dc.scaffold.htb,Microsoft-Windows-Security-Auditing,Security,20008,0,,,,,,,,,,,,,,,,S-1-16-16384,0x250,C:\Windows\System32\winlogon.exe,,,,,,,,C:\Windows\System32\smss.exe,,0x208,,,,,-,0x3e7,-,S-1-5-18,-,0x0,,,-,S-1-0-0,,%%1936,,,
2026-09-01T23:51:04.960840Z,4688,dc.scaffold.htb,Microsoft-Windows-Security-Auditing,Security,20009,0,,,,,,,,,,,,,,,,S-1-16-16384,0x294,C:\Windows\System32\services.exe,,,,,,,,C:\Windows\System32\wininit.exe,,0x210,,,,,-,0x3e7,-,S-1-5-18,-,0x0,,,-,S-1-0-0,,%%1936,,,
2026-09-01T23:51:05.049315Z,4688,dc.scaffold.htb,Microsoft-Windows-Security-Auditing,Security,20010,0,,,,,,,,,,,,,,,,S-1-16-16384,0x2ac,C:\Windows\System32\lsass.exe,,,,,,,,C:\Windows\System32\wininit.exe,,0x210,,,,,-,0x3e7,-,S-1-5-18,-,0x0,,,-,S-1-0-0,,%%1936,,,
2026-09-01T23:54:18.279331Z,1100,dc.scaffold.htb,Microsoft-Windows-Eventlog,Security,20011,4,,,,,,,,,,,,,,,,,,,,,,,,,,,,,,,,,,,,,,,,,,,,,,,http://manifests.microsoft.com/win/2004/08/windows/eventlog
2026-09-01T23:54:30.238621Z,4688,dc.scaffold.htb,Microsoft-Windows-Security-Auditing,Security,20012,0,,,,,,,,,,,,,,,,S-1-16-16384,0x64,Registry,,,,,,,,,,0x4,,,,,-,0x3e7,-,S-1-5-18,-,0x0,,,-,S-1-0-0,,%%1936,,,
2026-09-01T23:54:30.238645Z,4696,dc.scaffold.htb,Microsoft-Windows-Security-Auditing,Security,20013,0,,,,,,,,,,,,,,,,,,,,,,,,,,,,0x4,,,,,-,0x3e7,-,S-1-5-18,-,0x3e7,0x64,Registry,-,S-1-0-0,,,,,
2026-09-01T23:54:30.238654Z,4826,dc.scaffold.htb,Microsoft-Windows-Security-Auditing,Security,20014,0,,,%%1843,,%%1846,%%1843,,%%1843,,%%1843,%%1848,-,%%1843,,-,,,,,,,,,,,,,,,%%1843,,,-,0x3e7,-,S-1-5-18,,,,,,,%%1843,,,%%1848,
2026-09-01T23:54:30.242627Z,4688,dc.scaffold.htb,Microsoft-Windows-Security-Auditing,Security,20015,0,,,,,,,,,,,,,,,,S-1-16-16384,0x13c,C:\Windows\System32\smss.exe,,,,,,,,,,0x4,,,,,-,0x3e7,-,S-1-5-18,-,0x0,,,-,S-1-0-0,,%%1936,,,
2026-09-01T23:54:30.662209Z,4688,dc.scaffold.htb,Microsoft-Windows-Security-Auditing,Security,20016,0,,,,,,,,,,,,,,,,S-1-16-16384,0x158,C:\Windows\System32\autochk.exe,,,,,,,,C:\Windows\System32\smss.exe,,0x13c,,,,,-,0x3e7,-,S-1-5-18,-,0x0,,,-,S-1-0-0,,%%1936,,,
2026-09-01T23:54:31.992459Z,4688,dc.scaffold.htb,Microsoft-Windows-Security-Auditing,Security,20017,0,,,,,,,,,,,,,,,,S-1-16-16384,0x198,C:\Windows\System32\smss.exe,,,,,,,,C:\Windows\System32\smss.exe,,0x13c,,,,,-,0x3e7,-,S-1-5-18,-,0x0,,,-,S-1-0-0,,%%1936,,,
2026-09-01T23:54:32.079313Z,4688,dc.scaffold.htb,Microsoft-Windows-Security-Auditing,Security,20018,0,,,,,,,,,,,,,,,,S-1-16-16384,0x1a4,C:\Windows\System32\csrss.exe,,,,,,,,C:\Windows\System32\smss.exe,,0x198,,,,,-,0x3e7,-,S-1-5-18,-,0x0,,,-,S-1-0-0,,%%1936,,,
2026-09-01T23:54:32.304571Z,4688,dc.scaffold.htb,Microsoft-Windows-Security-Auditing,Security,20019,0,,,,,,,,,,,,,,,,S-1-16-16384,0x204,C:\Windows\System32\smss.exe,,,,,,,,C:\Windows\System32\smss.exe,,0x13c,,,,,-,0x3e7,-,S-1-5-18,-,0x0,,,-,S-1-0-0,,%%1936,,,
2026-09-01T23:54:32.310759Z,4688,dc.scaffold.htb,Microsoft-Windows-Security-Auditing,Security,20020,0,,,,,,,,,,,,,,,,S-1-16-16384,0x20c,C:\Windows\System32\wininit.exe,,,,,,,,C:\Windows\System32\smss.exe,,0x198,,,,,-,0x3e7,-,S-1-5-18,-,0x0,,,-,S-1-0-0,,%%1936,,,
2026-09-01T23:54:32.314959Z,4688,dc.scaffold.htb,Microsoft-Windows-Security-Auditing,Security,20021,0,,,,,,,,,,,,,,,,S-1-16-16384,0x214,C:\Windows\System32\csrss.exe,,,,,,,,C:\Windows\System32\smss.exe,,0x204,,,,,-,0x3e7,-,S-1-5-18,-,0x0,,,-,S-1-0-0,,%%1936,,,
2026-09-01T23:54:32.354588Z,4688,dc.scaffold.htb,Microsoft-Windows-Security-Auditing,Security,20022,0,,,,,,,,,,,,,,,,S-1-16-16384,0x24c,C:\Windows\System32\winlogon.exe,,,,,,,,C:\Windows\System32\smss.exe,,0x204,,,,,-,0x3e7,-,S-1-5-18,-,0x0,,,-,S-1-0-0,,%%1936,,,
2026-09-01T23:54:32.455084Z,4688,dc.scaffold.htb,Microsoft-Windows-Security-Auditing,Security,20023,0,,,,,,,,,,,,,,,,S-1-16-16384,0x290,C:\Windows\System32\services.exe,,,,,,,,C:\Windows\System32\wininit.exe,,0x20c,,,,,-,0x3e7,-,S-1-5-18,-,0x0,,,-,S-1-0-0,,%%1936,,,
2026-09-01T23:54:32.549742Z,4688,dc.scaffold.htb,Microsoft-Windows-Security-Auditing,Security,20024,0,,,,,,,,,,,,,,,,S-1-16-16384,0x2a8,C:\Windows\System32\lsass.exe,,,,,,,,C:\Windows\System32\wininit.exe,,0x20c,,,,,-,0x3e7,-,S-1-5-18,-,0x0,,,-,S-1-0-0,,%%1936,,,
2026-09-01T23:56:19.027150Z,1100,dc.scaffold.htb,Microsoft-Windows-Eventlog,Security,20025,4,,,,,,,,,,,,,,,,,,,,,,,,,,,,,,,,,,,,,,,,,,,,,,,http://manifests.microsoft.com/win/2004/08/windows/eventlog
2026-09-01T23:59:30.638807Z,4688,dc.scaffold.htb,Microsoft-Windows-Security-Auditing,Security,20026,0,,,,,,,,,,,,,,,,S-1-16-16384,0x64,Registry,,,,,,,,,,0x4,,,,,-,0x3e7,-,S-1-5-18,-,0x0,,,-,S-1-0-0,,%%1936,,,
2026-09-01T23:59:30.638820Z,4696,dc.scaffold.htb,Microsoft-Windows-Security-Auditing,Security,20027,0,,,,,,,,,,,,,,,,,,,,,,,,,,,,0x4,,,,,-,0x3e7,-,S-1-5-18,-,0x3e7,0x64,Registry,-,S-1-0-0,,,,,
2026-09-01T23:59:30.638828Z,4826,dc.scaffold.htb,Microsoft-Windows-Security-Auditing,Security,20028,0,,,%%1843,,%%1846,%%1843,,%%1843,,%%1843,%%1848,-,%%1843,,-,,,,,,,,,,,,,,,%%1843,,,-,0x3e7,-,S-1-5-18,,,,,,,%%1843,,,%%1848,
2026-09-01T23:59:30.643197Z,4688,dc.scaffold.htb,Microsoft-Windows-Security-Auditing,Security,20029,0,,,,,,,,,,,,,,,,S-1-16-16384,0x13c,C:\Windows\System32\smss.exe,,,,,,,,,,0x4,,,,,-,0x3e7,-,S-1-5-18,-,0x0,,,-,S-1-0-0,,%%1936,,,
2026-09-01T23:59:31.076987Z,4688,dc.scaffold.htb,Microsoft-Windows-Security-Auditing,Security,20030,0,,,,,,,,,,,,,,,,S-1-16-16384,0x15c,C:\Windows\System32\autochk.exe,,,,,,,,C:\Windows\System32\smss.exe,,0x13c,,,,,-,0x3e7,-,S-1-5-18,-,0x0,,,-,S-1-0-0,,%%1936,,,
2026-09-01T23:59:32.424304Z,4688,dc.scaffold.htb,Microsoft-Windows-Security-Auditing,Security,20031,0,,,,,,,,,,,,,,,,S-1-16-16384,0x1a8,C:\Windows\System32\smss.exe,,,,,,,,C:\Windows\System32\smss.exe,,0x13c,,,,,-,0x3e7,-,S-1-5-18,-,0x0,,,-,S-1-0-0,,%%1936,,,
2026-09-01T23:59:32.511219Z,4688,dc.scaffold.htb,Microsoft-Windows-Security-Auditing,Security,20032,0,,,,,,,,,,,,,,,,S-1-16-16384,0x1b0,C:\Windows\System32\csrss.exe,,,,,,,,C:\Windows\System32\smss.exe,,0x1a8,,,,,-,0x3e7,-,S-1-5-18,-,0x0,,,-,S-1-0-0,,%%1936,,,
2026-09-01T23:59:32.726815Z,4688,dc.scaffold.htb,Microsoft-Windows-Security-Auditing,Security,20033,0,,,,,,,,,,,,,,,,S-1-16-16384,0x210,C:\Windows\System32\smss.exe,,,,,,,,C:\Windows\System32\smss.exe,,0x13c,,,,,-,0x3e7,-,S-1-5-18,-,0x0,,,-,S-1-0-0,,%%1936,,,
2026-09-01T23:59:32.733435Z,4688,dc.scaffold.htb,Microsoft-Windows-Security-Auditing,Security,20034,0,,,,,,,,,,,,,,,,S-1-16-16384,0x218,C:\Windows\System32\wininit.exe,,,,,,,,C:\Windows\System32\smss.exe,,0x1a8,,,,,-,0x3e7,-,S-1-5-18,-,0x0,,,-,S-1-0-0,,%%1936,,,
2026-09-01T23:59:32.737401Z,4688,dc.scaffold.htb,Microsoft-Windows-Security-Auditing,Security,20035,0,,,,,,,,,,,,,,,,S-1-16-16384,0x220,C:\Windows\System32\csrss.exe,,,,,,,,C:\Windows\System32\smss.exe,,0x210,,,,,-,0x3e7,-,S-1-5-18,-,0x0,,,-,S-1-0-0,,%%1936,,,
2026-09-01T23:59:32.775746Z,4688,dc.scaffold.htb,Microsoft-Windows-Security-Auditing,Security,20036,0,,,,,,,,,,,,,,,,S-1-16-16384,0x258,C:\Windows\System32\winlogon.exe,,,,,,,,C:\Windows\System32\smss.exe,,0x210,,,,,-,0x3e7,-,S-1-5-18,-,0x0,,,-,S-1-0-0,,%%1936,,,
2026-09-01T23:59:32.869728Z,4688,dc.scaffold.htb,Microsoft-Windows-Security-Auditing,Security,20037,0,,,,,,,,,,,,,,,,S-1-16-16384,0x2a0,C:\Windows\System32\services.exe,,,,,,,,C:\Windows\System32\wininit.exe,,0x218,,,,,-,0x3e7,-,S-1-5-18,-,0x0,,,-,S-1-0-0,,%%1936,,,
2026-09-01T23:59:32.962938Z,4688,dc.scaffold.htb,Microsoft-Windows-Security-Auditing,Security,20038,0,,,,,,,,,,,,,,,,S-1-16-16384,0x2b8,C:\Windows\System32\lsass.exe,,,,,,,,C:\Windows\System32\wininit.exe,,0x218,,,,,-,0x3e7,-,S-1-5-18,-,0x0,,,-,S-1-0-0,,%%1936,,,
2026-09-02T00:03:55.286260Z,4985,dc.scaffold.htb,Microsoft-Windows-Security-Auditing,Security,20039,0,,,,,,,,,,,,,,,,,,,,48,,,,,,,,0x1288,C:\Windows\WinSxS\amd64_microsoft-windows-servicingstack_31bf3856ad364e35_10.0.20348.557_none_f1edaeb8515fa10d\TiWorker.exe,,,DA4CB52F-4F22-11F1-A9A6-8906DE6815CD,SCAFFOLD,0x3e7,DC$,S-1-5-18,,,,,,,,,2997109E-A661-11F1-9932-005056B98D90,,
2026-09-02T00:03:55.963224Z,4985,dc.scaffold.htb,Microsoft-Windows-Security-Auditing,Security,20040,0,,,,,,,,,,,,,,,,,,,,52,,,,,,,,0x1288,C:\Windows\WinSxS\amd64_microsoft-windows-servicingstack_31bf3856ad364e35_10.0.20348.557_none_f1edaeb8515fa10d\TiWorker.exe,,,DA4CB52F-4F22-11F1-A9A6-8906DE6815CD,SCAFFOLD,0x3e7,DC$,S-1-5-18,,,,,,,,,2997109E-A661-11F1-9932-005056B98D90,,
2026-09-02T00:03:56.456574Z,4663,dc.scaffold.htb,Microsoft-Windows-Security-Auditing,Security,20041,0,"%%4424
				",0x100,,,,,,,0x440,,,,,,,,,,,,,C:\Windows\servicing\Packages\Microsoft-Windows-Editions-ServerStandard-Package~31bf3856ad364e35~amd64~en-US~10.0.20348.587.mum,Security,File,,,,0x1288,C:\Windows\WinSxS\amd64_microsoft-windows-servicingstack_31bf3856ad364e35_10.0.20348.557_none_f1edaeb8515fa10d\TiWorker.exe,,S:AI,,SCAFFOLD,0x3e7,DC$,S-1-5-18,,,,,,,,,,,
2026-09-02T00:03:56.459550Z,4663,dc.scaffold.htb,Microsoft-Windows-Security-Auditing,Security,20042,0,"%%1537
				",0x10000,,,,,,,0x440,,,,,,,,,,,,,C:\Windows\servicing\Packages\Microsoft-Windows-Editions-ServerStandard-Package~31bf3856ad364e35~amd64~en-US~10.0.20348.587.mum,Security,File,,,,0x1288,C:\Windows\WinSxS\amd64_microsoft-windows-servicingstack_31bf3856ad364e35_10.0.20348.557_none_f1edaeb8515fa10d\TiWorker.exe,,S:AI,,SCAFFOLD,0x3e7,DC$,S-1-5-18,,,,,,,,,,,
2026-09-02T00:03:56.459604Z,4660,dc.scaffold.htb,Microsoft-Windows-Security-Auditing,Security,20043,0,,,,,,,,,0x440,,,,,,,,,,,,,,Security,,,,,0x1288,C:\Windows\WinSxS\amd64_microsoft-windows-servicingstack_31bf3856ad364e35_10.0.20348.557_none_f1edaeb8515fa10d\TiWorker.exe,,,,SCAFFOLD,0x3e7,DC$,S-1-5-18,,,,,,,,,00000000-0000-0000-0000-000000000000,,
2026-09-02T00:03:56.531908Z,4663,dc.scaffold.htb,Microsoft-Windows-Security-Auditing,Security,20044,0,"%%4424
				",0x100,,,,,,,0x3e4,,,,,,,,,,,,,C:\Windows\servicing\Packages\Microsoft-Windows-Editions-ServerStandard-Package~31bf3856ad364e35~amd64~~10.0.20348.587.mum,Security,File,,,,0x1288,C:\Windows\WinSxS\amd64_microsoft-windows-servicingstack_31bf3856ad364e35_10.0.20348.557_none_f1edaeb8515fa10d\TiWorker.exe,,S:AI,,SCAFFOLD,0x3e7,DC$,S-1-5-18,,,,,,,,,,,
2026-09-02T00:03:56.534753Z,4663,dc.scaffold.htb,Microsoft-Windows-Security-Auditing,Security,20045,0,"%%1537
				",0x10000,,,,,,,0x3e4,,,,,,,,,,,,,C:\Windows\servicing\Packages\Microsoft-Windows-Editions-ServerStandard-Package~31bf3856ad364e35~amd64~~10.0.20348.587.mum,Security,File,,,,0x1288,C:\Windows\WinSxS\amd64_microsoft-windows-servicingstack_31bf3856ad364e35_10.0.20348.557_none_f1edaeb8515fa10d\TiWorker.exe,,S:AI,,SCAFFOLD,0x3e7,DC$,S-1-5-18,,,,,,,,,,,
2026-09-02T00:03:56.534812Z,4660,dc.scaffold.htb,Microsoft-Windows-Security-Auditing,Security,20046,0,,,,,,,,,0x3e4,,,,,,,,,,,,,,Security,,,,,0x1288,C:\Windows\WinSxS\amd64_microsoft-windows-servicingstack_31bf3856ad364e35_10.0.20348.557_none_f1edaeb8515fa10d\TiWorker.exe,,,,SCAFFOLD,0x3e7,DC$,S-1-5-18,,,,,,,,,00000000-0000-0000-0000-000000000000,,
2026-09-02T00:03:56.590216Z,4663,dc.scaffold.htb,Microsoft-Windows-Security-Auditing,Security,20047,0,"%%4424
				",0x100,,,,,,,0x430,,,,,,,,,,,,,C:\Windows\servicing\Packages\Microsoft-Windows-EditionSpecific-ServerStandard-Package~31bf3856ad364e35~amd64~en-US~10.0.20348.587.cat,Security,File,,,,0x1288,C:\Windows\WinSxS\amd64_microsoft-windows-servicingstack_31bf3856ad364e35_10.0.20348.557_none_f1edaeb8515fa10d\TiWorker.exe,,S:AI,,SCAFFOLD,0x3e7,DC$,S-1-5-18,,,,,,,,,,,
2026-09-02T00:03:56.591732Z,4663,dc.scaffold.htb,Microsoft-Windows-Security-Auditing,Security,20048,0,"%%1537
				",0x10000,,,,,,,0x430,,,,,,,,,,,,,C:\Windows\servicing\Packages\Microsoft-Windows-EditionSpecific-ServerStandard-Package~31bf3856ad364e35~amd64~en-US~10.0.20348.587.cat,Security,File,,,,0x1288,C:\Windows\WinSxS\amd64_microsoft-windows-servicingstack_31bf3856ad364e35_10.0.20348.557_none_f1edaeb8515fa10d\TiWorker.exe,,S:AI,,SCAFFOLD,0x3e7,DC$,S-1-5-18,,,,,,,,,,,
2026-09-02T00:03:56.591747Z,4660,dc.scaffold.htb,Microsoft-Windows-Security-Auditing,Security,20049,0,,,,,,,,,0x430,,,,,,,,,,,,,,Security,,,,,0x1288,C:\Windows\WinSxS\amd64_microsoft-windows-servicingstack_31bf3856ad364e35_10.0.20348.557_none_f1edaeb8515fa10d\TiWorker.exe,,,,SCAFFOLD,0x3e7,DC$,S-1-5-18,,,,,,,,,00000000-0000-0000-0000-000000000000,,
2026-09-02T00:03:56.592425Z,4663,dc.scaffold.htb,Microsoft-Windows-Security-Auditing,Security,20050,0,"%%4424
				",0x100,,,,,,,0x464,,,,,,,,,,,,,C:\Windows\servicing\Packages\Microsoft-Windows-EditionSpecific-ServerStandard-Package~31bf3856ad364e35~amd64~en-US~10.0.20348.587.mum,Security,File,,,,0x1288,C:\Windows\WinSxS\amd64_microsoft-windows-servicingstack_31bf3856ad364e35_10.0.20348.557_none_f1edaeb8515fa10d\TiWorker.exe,,S:AI,,SCAFFOLD,0x3e7,DC$,S-1-5-18,,,,,,,,,,,
2026-09-02T00:03:56.593030Z,4663,dc.scaffold.htb,Microsoft-Windows-Security-Auditing,Security,20051,0,"%%1537
				",0x10000,,,,,,,0x464,,,,,,,,,,,,,C:\Windows\servicing\Packages\Microsoft-Windows-EditionSpecific-ServerStandard-Package~31bf3856ad364e35~amd64~en-US~10.0.20348.587.mum,Security,File,,,,0x1288,C:\Windows\WinSxS\amd64_microsoft-windows-servicingstack_31bf3856ad364e35_10.0.20348.557_none_f1edaeb8515fa10d\TiWorker.exe,,S:AI,,SCAFFOLD,0x3e7,DC$,S-1-5-18,,,,,,,,,,,
2026-09-02T00:03:56.593058Z,4660,dc.scaffold.htb,Microsoft-Windows-Security-Auditing,Security,20052,0,,,,,,,,,0x464,,,,,,,,,,,,,,Security,,,,,0x1288,C:\Windows\WinSxS\amd64_microsoft-windows-servicingstack_31bf3856ad364e35_10.0.20348.557_none_f1edaeb8515fa10d\TiWorker.exe,,,,SCAFFOLD,0x3e7,DC$,S-1-5-18,,,,,,,,,00000000-0000-0000-0000-000000000000,,
2026-09-02T00:03:56.643285Z,4663,dc.scaffold.htb,Microsoft-Windows-Security-Auditing,Security,20053,0,"%%4424
				",0x100,,,,,,,0x420,,,,,,,,,,,,,C:\Windows\servicing\Packages\Microsoft-Windows-EditionSpecific-ServerStandard-Package~31bf3856ad364e35~amd64~~10.0.20348.587.cat,Security,File,,,,0x1288,C:\Windows\WinSxS\amd64_microsoft-windows-servicingstack_31bf3856ad364e35_10.0.20348.557_none_f1edaeb8515fa10d\TiWorker.exe,,S:AI,,SCAFFOLD,0x3e7,DC$,S-1-5-18,,,,,,,,,,,
2026-09-02T00:03:56.644193Z,4663,dc.scaffold.htb,Microsoft-Windows-Security-Auditing,Security,20054,0,"%%1537
				",0x10000,,,,,,,0x420,,,,,,,,,,,,,C:\Windows\servicing\Packages\Microsoft-Windows-EditionSpecific-ServerStandard-Package~31bf3856ad364e35~amd64~~10.0.20348.587.cat,Security,File,,,,0x1288,C:\Windows\WinSxS\amd64_microsoft-windows-servicingstack_31bf3856ad364e35_10.0.20348.557_none_f1edaeb8515fa10d\TiWorker.exe,,S:AI,,SCAFFOLD,0x3e7,DC$,S-1-5-18,,,,,,,,,,,
2026-09-02T00:03:56.644225Z,4660,dc.scaffold.htb,Microsoft-Windows-Security-Auditing,Security,20055,0,,,,,,,,,0x420,,,,,,,,,,,,,,Security,,,,,0x1288,C:\Windows\WinSxS\amd64_microsoft-windows-servicingstack_31bf3856ad364e35_10.0.20348.557_none_f1edaeb8515fa10d\TiWorker.exe,,,,SCAFFOLD,0x3e7,DC$,S-1-5-18,,,,,,,,,00000000-0000-0000-0000-000000000000,,
2026-09-02T00:03:56.644575Z,4663,dc.scaffold.htb,Microsoft-Windows-Security-Auditing,Security,20056,0,"%%4424
				",0x100,,,,,,,0x454,,,,,,,,,,,,,C:\Windows\servicing\Packages\Microsoft-Windows-EditionSpecific-ServerStandard-Package~31bf3856ad364e35~amd64~~10.0.20348.587.mum,Security,File,,,,0x1288,C:\Windows\WinSxS\amd64_microsoft-windows-servicingstack_31bf3856ad364e35_10.0.20348.557_none_f1edaeb8515fa10d\TiWorker.exe,,S:AI,,SCAFFOLD,0x3e7,DC$,S-1-5-18,,,,,,,,,,,
2026-09-02T00:03:56.646226Z,4663,dc.scaffold.htb,Microsoft-Windows-Security-Auditing,Security,20057,0,"%%1537
				",0x10000,,,,,,,0x454,,,,,,,,,,,,,C:\Windows\servicing\Packages\Microsoft-Windows-EditionSpecific-ServerStandard-Package~31bf3856ad364e35~amd64~~10.0.20348.587.mum,Security,File,,,,0x1288,C:\Windows\WinSxS\amd64_microsoft-windows-servicingstack_31bf3856ad364e35_10.0.20348.557_none_f1edaeb8515fa10d\TiWorker.exe,,S:AI,,SCAFFOLD,0x3e7,DC$,S-1-5-18,,,,,,,,,,,
2026-09-02T00:03:56.646246Z,4660,dc.scaffold.htb,Microsoft-Windows-Security-Auditing,Security,20058,0,,,,,,,,,0x454,,,,,,,,,,,,,,Security,,,,,0x1288,C:\Windows\WinSxS\amd64_microsoft-windows-servicingstack_31bf3856ad364e35_10.0.20348.557_none_f1edaeb8515fa10d\TiWorker.exe,,,,SCAFFOLD,0x3e7,DC$,S-1-5-18,,,,,,,,,00000000-0000-0000-0000-000000000000,,
