2026-09-02T03:45:51.596125Z,4664,dc.scaffold.htb,Microsoft-Windows-Security-Auditing,Security,23514,0,,,,,,,C:\Windows\WinSxS\amd64_microsoft-windows-m..elmanifests-onecore_31bf3856ad364e35_10.0.20348.1_none_766f4cd1a8b63d0a\Ldap-Client-DL.man,,,,,,,C:\Windows\WinSxS\amd64_microsoft-windows-m..elmanifests-onecore_31bf3856ad364e35_10.0.20348.2849_none_954229f6120e0414\Ldap-Client-DL.man,,,,,,,,,,,,,,,,,,,SCAFFOLD,0x3e7,DC$,S-1-5-18,,,,,,,,,00000000-0000-0000-0000-000000000000,,
2026-09-02T03:45:51.596952Z,4664,dc.scaffold.htb,Microsoft-Windows-Security-Auditing,Security,23515,0,,,,,,,C:\Windows\WinSxS\amd64_microsoft-windows-m..elmanifests-onecore_31bf3856ad364e35_10.0.20348.1_none_766f4cd1a8b63d0a\Netlogon-DL.man,,,,,,,C:\Windows\WinSxS\amd64_microsoft-windows-m..elmanifests-onecore_31bf3856ad364e35_10.0.20348.2849_none_954229f6120e0414\Netlogon-DL.man,,,,,,,,,,,,,,,,,,,SCAFFOLD,0x3e7,DC$,S-1-5-18,,,,,,,,,00000000-0000-0000-0000-000000000000,,
2026-09-02T03:45:51.598167Z,4664,dc.scaffold.htb,Microsoft-Windows-Security-Auditing,Security,23516,0,,,,,,,C:\Windows\WinSxS\amd64_microsoft-windows-m..elmanifests-onecore_31bf3856ad364e35_10.0.20348.1_none_766f4cd1a8b63d0a\Credential-Manager-DL.man,,,,,,,C:\Windows\WinSxS\amd64_microsoft-windows-m..elmanifests-onecore_31bf3856ad364e35_10.0.20348.2849_none_954229f6120e0414\Credential-Manager-DL.man,,,,,,,,,,,,,,,,,,,SCAFFOLD,0x3e7,DC$,S-1-5-18,,,,,,,,,00000000-0000-0000-0000-000000000000,,
2026-09-02T03:45:51.598751Z,4664,dc.scaffold.htb,Microsoft-Windows-Security-Auditing,Security,23517,0,,,,,,,C:\Windows\WinSxS\amd64_microsoft-windows-m..elmanifests-onecore_31bf3856ad364e35_10.0.20348.1_none_766f4cd1a8b63d0a\CAPI2_certs-DL.man,,,,,,,C:\Windows\WinSxS\amd64_microsoft-windows-m..elmanifests-onecore_31bf3856ad364e35_10.0.20348.2849_none_954229f6120e0414\CAPI2_certs-DL.man,,,,,,,,,,,,,,,,,,,SCAFFOLD,0x3e7,DC$,S-1-5-18,,,,,,,,,00000000-0000-0000-0000-000000000000,,
2026-09-02T03:45:51.599345Z,4664,dc.scaffold.htb,Microsoft-Windows-Security-Auditing,Security,23518,0,,,,,,,C:\Windows\WinSxS\amd64_microsoft-windows-m..elmanifests-onecore_31bf3856ad364e35_10.0.20348.1_none_766f4cd1a8b63d0a\crypto_keys-DL.man,,,,,,,C:\Windows\WinSxS\amd64_microsoft-windows-m..elmanifests-onecore_31bf3856ad364e35_10.0.20348.2849_none_954229f6120e0414\crypto_keys-DL.man,,,,,,,,,,,,,,,,,,,SCAFFOLD,0x3e7,DC$,S-1-5-18,,,,,,,,,00000000-0000-0000-0000-000000000000,,
2026-09-02T03:45:51.600004Z,4664,dc.scaffold.htb,Microsoft-Windows-Security-Auditing,Security,23519,0,,,,,,,C:\Windows\WinSxS\amd64_microsoft-windows-m..elmanifests-onecore_31bf3856ad364e35_10.0.20348.1_none_766f4cd1a8b63d0a\ADSI-Router-DL.man,,,,,,,C:\Windows\WinSxS\amd64_microsoft-windows-m..elmanifests-onecore_31bf3856ad364e35_10.0.20348.2849_none_954229f6120e0414\ADSI-Router-DL.man,,,,,,,,,,,,,,,,,,,SCAFFOLD,0x3e7,DC$,S-1-5-18,,,,,,,,,00000000-0000-0000-0000-000000000000,,
2026-09-02T03:45:51.600522Z,4664,dc.scaffold.htb,Microsoft-Windows-Security-Auditing,Security,23520,0,,,,,,,C:\Windows\WinSxS\amd64_microsoft-windows-m..elmanifests-onecore_31bf3856ad364e35_10.0.20348.1_none_766f4cd1a8b63d0a\ADSI-LDAP-Provider-DL.man,,,,,,,C:\Windows\WinSxS\amd64_microsoft-windows-m..elmanifests-onecore_31bf3856ad364e35_10.0.20348.2849_none_954229f6120e0414\ADSI-LDAP-Provider-DL.man,,,,,,,,,,,,,,,,,,,SCAFFOLD,0x3e7,DC$,S-1-5-18,,,,,,,,,00000000-0000-0000-0000-000000000000,,
2026-09-02T03:45:51.601039Z,4664,dc.scaffold.htb,Microsoft-Windows-Security-Auditing,Security,23521,0,,,,,,,C:\Windows\WinSxS\amd64_microsoft-windows-m..elmanifests-onecore_31bf3856ad364e35_10.0.20348.1_none_766f4cd1a8b63d0a\ADSI-LDAP-Extensions-DL.man,,,,,,,C:\Windows\WinSxS\amd64_microsoft-windows-m..elmanifests-onecore_31bf3856ad364e35_10.0.20348.2849_none_954229f6120e0414\ADSI-LDAP-Extensions-DL.man,,,,,,,,,,,,,,,,,,,SCAFFOLD,0x3e7,DC$,S-1-5-18,,,,,,,,,00000000-0000-0000-0000-000000000000,,
2026-09-02T03:45:51.601589Z,4664,dc.scaffold.htb,Microsoft-Windows-Security-Auditing,Security,23522,0,,,,,,,C:\Windows\WinSxS\amd64_microsoft-windows-m..elmanifests-onecore_31bf3856ad364e35_10.0.20348.1_none_766f4cd1a8b63d0a\ADSI-WinNT-Provider-DL.man,,,,,,,C:\Windows\WinSxS\amd64_microsoft-windows-m..elmanifests-onecore_31bf3856ad364e35_10.0.20348.2849_none_954229f6120e0414\ADSI-WinNT-Provider-DL.man,,,,,,,,,,,,,,,,,,,SCAFFOLD,0x3e7,DC$,S-1-5-18,,,,,,,,,00000000-0000-0000-0000-000000000000,,
2026-09-02T03:45:51.603670Z,4664,dc.scaffold.htb,Microsoft-Windows-Security-Auditing,Security,23523,0,,,,,,,C:\Windows\WinSxS\amd64_microsoft-windows-m..ifests-onecoreadmin_31bf3856ad364e35_10.0.20348.1_none_e05f1f1812d6e273\Microsoft-Windows-Bits-Client-DL.man,,,,,,,C:\Windows\WinSxS\amd64_microsoft-windows-m..ifests-onecoreadmin_31bf3856ad364e35_10.0.20348.2849_none_ff31fc3c7c2ea97d\Microsoft-Windows-Bits-Client-DL.man,,,,,,,,,,,,,,,,,,,SCAFFOLD,0x3e7,DC$,S-1-5-18,,,,,,,,,00000000-0000-0000-0000-000000000000,,
2026-09-02T03:45:51.604265Z,4664,dc.scaffold.htb,Microsoft-Windows-Security-Auditing,Security,23524,0,,,,,,,C:\Windows\WinSxS\amd64_microsoft-windows-m..ifests-onecoreadmin_31bf3856ad364e35_10.0.20348.1_none_e05f1f1812d6e273\Eventlog-DL.man,,,,,,,C:\Windows\WinSxS\amd64_microsoft-windows-m..ifests-onecoreadmin_31bf3856ad364e35_10.0.20348.2849_none_ff31fc3c7c2ea97d\Eventlog-DL.man,,,,,,,,,,,,,,,,,,,SCAFFOLD,0x3e7,DC$,S-1-5-18,,,,,,,,,00000000-0000-0000-0000-000000000000,,
2026-09-02T03:45:51.610100Z,4664,dc.scaffold.htb,Microsoft-Windows-Security-Auditing,Security,23525,0,,,,,,,C:\Windows\WinSxS\amd64_microsoft-windows-m..ifests-onecoreadmin_31bf3856ad364e35_10.0.20348.1_none_e05f1f1812d6e273\Web-Services-for-Management-Core-DL.man,,,,,,,C:\Windows\WinSxS\amd64_microsoft-windows-m..ifests-onecoreadmin_31bf3856ad364e35_10.0.20348.2849_none_ff31fc3c7c2ea97d\Web-Services-for-Management-Core-DL.man,,,,,,,,,,,,,,,,,,,SCAFFOLD,0x3e7,DC$,S-1-5-18,,,,,,,,,00000000-0000-0000-0000-000000000000,,
2026-09-02T03:45:51.611235Z,4664,dc.scaffold.htb,Microsoft-Windows-Security-Auditing,Security,23526,0,,,,,,,C:\Windows\WinSxS\amd64_microsoft-windows-m..ifests-onecoreadmin_31bf3856ad364e35_10.0.20348.1_none_e05f1f1812d6e273\WMI-Core-DL.man,,,,,,,C:\Windows\WinSxS\amd64_microsoft-windows-m..ifests-onecoreadmin_31bf3856ad364e35_10.0.20348.2849_none_ff31fc3c7c2ea97d\WMI-Core-DL.man,,,,,,,,,,,,,,,,,,,SCAFFOLD,0x3e7,DC$,S-1-5-18,,,,,,,,,00000000-0000-0000-0000-000000000000,,
2026-09-02T03:45:51.611975Z,4664,dc.scaffold.htb,Microsoft-Windows-Security-Auditing,Security,23527,0,,,,,,,C:\Windows\WinSxS\amd64_microsoft-windows-m..ifests-onecoreadmin_31bf3856ad364e35_10.0.20348.1_none_e05f1f1812d6e273\SchedSvc-DL.man,,,,,,,C:\Windows\WinSxS\amd64_microsoft-windows-m..ifests-onecoreadmin_31bf3856ad364e35_10.0.20348.2849_none_ff31fc3c7c2ea97d\SchedSvc-DL.man,,,,,,,,,,,,,,,,,,,SCAFFOLD,0x3e7,DC$,S-1-5-18,,,,,,,,,00000000-0000-0000-0000-000000000000,,
2026-09-02T03:45:51.622843Z,4664,dc.scaffold.htb,Microsoft-Windows-Security-Auditing,Security,23528,0,,,,,,,C:\Windows\WinSxS\amd64_microsoft-windows-m..ntmanifests-onecore_31bf3856ad364e35_10.0.20348.1_none_f47bf1513c2d9822\Credential-Manager-Replacement.man,,,,,,,C:\Windows\WinSxS\amd64_microsoft-windows-m..ntmanifests-onecore_31bf3856ad364e35_10.0.20348.4052_none_13a6f163a542dfe2\Credential-Manager-Replacement.man,,,,,,,,,,,,,,,,,,,SCAFFOLD,0x3e7,DC$,S-1-5-18,,,,,,,,,00000000-0000-0000-0000-000000000000,,
2026-09-02T03:45:51.622851Z,4664,dc.scaffold.htb,Microsoft-Windows-Security-Auditing,Security,23529,0,,,,,,,C:\Windows\WinSxS\amd64_microsoft-windows-m..ntmanifests-onecore_31bf3856ad364e35_10.0.20348.1_none_f47bf1513c2d9822\capi2_certs-repl.man,,,,,,,C:\Windows\WinSxS\amd64_microsoft-windows-m..ntmanifests-onecore_31bf3856ad364e35_10.0.20348.4052_none_13a6f163a542dfe2\capi2_certs-repl.man,,,,,,,,,,,,,,,,,,,SCAFFOLD,0x3e7,DC$,S-1-5-18,,,,,,,,,00000000-0000-0000-0000-000000000000,,
2026-09-02T03:45:51.623169Z,4664,dc.scaffold.htb,Microsoft-Windows-Security-Auditing,Security,23530,0,,,,,,,C:\Windows\WinSxS\amd64_microsoft-windows-m..ntmanifests-onecore_31bf3856ad364e35_10.0.20348.1_none_f47bf1513c2d9822\crypto_keys-Repl.man,,,,,,,C:\Windows\WinSxS\amd64_microsoft-windows-m..ntmanifests-onecore_31bf3856ad364e35_10.0.20348.4052_none_13a6f163a542dfe2\crypto_keys-Repl.man,,,,,,,,,,,,,,,,,,,SCAFFOLD,0x3e7,DC$,S-1-5-18,,,,,,,,,00000000-0000-0000-0000-000000000000,,
2026-09-02T03:45:51.624000Z,4664,dc.scaffold.htb,Microsoft-Windows-Security-Auditing,Security,23531,0,,,,,,,C:\Windows\WinSxS\amd64_microsoft-windows-m..ntmanifests-onecore_31bf3856ad364e35_10.0.20348.1_none_f47bf1513c2d9822\CertificateEnrollment-Replacement.man,,,,,,,C:\Windows\WinSxS\amd64_microsoft-windows-m..ntmanifests-onecore_31bf3856ad364e35_10.0.20348.4052_none_13a6f163a542dfe2\CertificateEnrollment-Replacement.man,,,,,,,,,,,,,,,,,,,SCAFFOLD,0x3e7,DC$,S-1-5-18,,,,,,,,,00000000-0000-0000-0000-000000000000,,
2026-09-02T03:45:51.624744Z,4664,dc.scaffold.htb,Microsoft-Windows-Security-Auditing,Security,23532,0,,,,,,,C:\Windows\WinSxS\amd64_microsoft-windows-m..ntmanifests-onecore_31bf3856ad364e35_10.0.20348.1_none_f47bf1513c2d9822\tpmvsc-repl.man,,,,,,,C:\Windows\WinSxS\amd64_microsoft-windows-m..ntmanifests-onecore_31bf3856ad364e35_10.0.20348.4052_none_13a6f163a542dfe2\tpmvsc-repl.man,,,,,,,,,,,,,,,,,,,SCAFFOLD,0x3e7,DC$,S-1-5-18,,,,,,,,,00000000-0000-0000-0000-000000000000,,
2026-09-02T03:45:51.625562Z,4664,dc.scaffold.htb,Microsoft-Windows-Security-Auditing,Security,23533,0,,,,,,,C:\Windows\WinSxS\amd64_microsoft-windows-m..ntmanifests-onecore_31bf3856ad364e35_10.0.20348.1_none_f47bf1513c2d9822\International-core-replacement.man,,,,,,,C:\Windows\WinSxS\amd64_microsoft-windows-m..ntmanifests-onecore_31bf3856ad364e35_10.0.20348.4052_none_13a6f163a542dfe2\International-core-replacement.man,,,,,,,,,,,,,,,,,,,SCAFFOLD,0x3e7,DC$,S-1-5-18,,,,,,,,,00000000-0000-0000-0000-000000000000,,
2026-09-02T03:45:51.626161Z,4664,dc.scaffold.htb,Microsoft-Windows-Security-Auditing,Security,23534,0,,,,,,,C:\Windows\WinSxS\amd64_microsoft-windows-m..ntmanifests-onecore_31bf3856ad364e35_10.0.20348.1_none_f47bf1513c2d9822\International-TimeZones-replacement.man,,,,,,,C:\Windows\WinSxS\amd64_microsoft-windows-m..ntmanifests-onecore_31bf3856ad364e35_10.0.20348.4052_none_13a6f163a542dfe2\International-TimeZones-replacement.man,,,,,,,,,,,,,,,,,,,SCAFFOLD,0x3e7,DC$,S-1-5-18,,,,,,,,,00000000-0000-0000-0000-000000000000,,
2026-09-02T03:45:51.626769Z,4664,dc.scaffold.htb,Microsoft-Windows-Security-Auditing,Security,23535,0,,,,,,,C:\Windows\WinSxS\amd64_microsoft-windows-m..ntmanifests-onecore_31bf3856ad364e35_10.0.20348.1_none_f47bf1513c2d9822\MUISettings-replacement.man,,,,,,,C:\Windows\WinSxS\amd64_microsoft-windows-m..ntmanifests-onecore_31bf3856ad364e35_10.0.20348.4052_none_13a6f163a542dfe2\MUISettings-replacement.man,,,,,,,,,,,,,,,,,,,SCAFFOLD,0x3e7,DC$,S-1-5-18,,,,,,,,,00000000-0000-0000-0000-000000000000,,
2026-09-02T03:45:51.627407Z,4664,dc.scaffold.htb,Microsoft-Windows-Security-Auditing,Security,23536,0,,,,,,,C:\Windows\WinSxS\amd64_microsoft-windows-m..ntmanifests-onecore_31bf3856ad364e35_10.0.20348.1_none_f47bf1513c2d9822\PerformanceCounterInfrastructureNonExecutable-Replacement.man,,,,,,,C:\Windows\WinSxS\amd64_microsoft-windows-m..ntmanifests-onecore_31bf3856ad364e35_10.0.20348.4052_none_13a6f163a542dfe2\PerformanceCounterInfrastructureNonExecutable-Replacement.man,,,,,,,,,,,,,,,,,,,SCAFFOLD,0x3e7,DC$,S-1-5-18,,,,,,,,,00000000-0000-0000-0000-000000000000,,
2026-09-02T03:45:51.628109Z,4664,dc.scaffold.htb,Microsoft-Windows-Security-Auditing,Security,23537,0,,,,,,,C:\Windows\WinSxS\amd64_microsoft-windows-m..ntmanifests-onecore_31bf3856ad364e35_10.0.20348.1_none_f47bf1513c2d9822\Shutdown-Event-Tracker-Repl.man,,,,,,,C:\Windows\WinSxS\amd64_microsoft-windows-m..ntmanifests-onecore_31bf3856ad364e35_10.0.20348.4052_none_13a6f163a542dfe2\Shutdown-Event-Tracker-Repl.man,,,,,,,,,,,,,,,,,,,SCAFFOLD,0x3e7,DC$,S-1-5-18,,,,,,,,,00000000-0000-0000-0000-000000000000,,
2026-09-02T03:45:51.632762Z,4664,dc.scaffold.htb,Microsoft-Windows-Security-Auditing,Security,23538,0,,,,,,,C:\Windows\WinSxS\amd64_microsoft-windows-m..nifests-onecorebase_31bf3856ad364e35_10.0.20348.1_none_8908638bb71ab55f\CommandPrompt-Win7-Replacement.man,,,,,,,C:\Windows\WinSxS\amd64_microsoft-windows-m..nifests-onecorebase_31bf3856ad364e35_10.0.20348.3932_none_a7d011d8207ac8c3\CommandPrompt-Win7-Replacement.man,,,,,,,,,,,,,,,,,,,SCAFFOLD,0x3e7,DC$,S-1-5-18,,,,,,,,,00000000-0000-0000-0000-000000000000,,
2026-09-02T03:45:51.633827Z,4664,dc.scaffold.htb,Microsoft-Windows-Security-Auditing,Security,23539,0,,,,,,,C:\Windows\WinSxS\amd64_microsoft-windows-m..nifests-onecorebase_31bf3856ad364e35_10.0.20348.1_none_8908638bb71ab55f\CommandPrompt-Win8-Replacement.man,,,,,,,C:\Windows\WinSxS\amd64_microsoft-windows-m..nifests-onecorebase_31bf3856ad364e35_10.0.20348.3932_none_a7d011d8207ac8c3\CommandPrompt-Win8-Replacement.man,,,,,,,,,,,,,,,,,,,SCAFFOLD,0x3e7,DC$,S-1-5-18,,,,,,,,,00000000-0000-0000-0000-000000000000,,
2026-09-02T03:45:51.637766Z,4664,dc.scaffold.htb,Microsoft-Windows-Security-Auditing,Security,23540,0,,,,,,,C:\Windows\WinSxS\amd64_microsoft-windows-m..nifests-onecorebase_31bf3856ad364e35_10.0.20348.1_none_8908638bb71ab55f\Microsoft-Windows-SecureStartup-FilterDriver-Replacement.man,,,,,,,C:\Windows\WinSxS\amd64_microsoft-windows-m..nifests-onecorebase_31bf3856ad364e35_10.0.20348.3932_none_a7d011d8207ac8c3\Microsoft-Windows-SecureStartup-FilterDriver-Replacement.man,,,,,,,,,,,,,,,,,,,SCAFFOLD,0x3e7,DC$,S-1-5-18,,,,,,,,,00000000-0000-0000-0000-000000000000,,
2026-09-02T03:45:51.638702Z,4664,dc.scaffold.htb,Microsoft-Windows-Security-Auditing,Security,23541,0,,,,,,,C:\Windows\WinSxS\amd64_microsoft-windows-m..nifests-onecorebase_31bf3856ad364e35_10.0.20348.1_none_8908638bb71ab55f\SysMain-Replacement.man,,,,,,,C:\Windows\WinSxS\amd64_microsoft-windows-m..nifests-onecorebase_31bf3856ad364e35_10.0.20348.3932_none_a7d011d8207ac8c3\SysMain-Replacement.man,,,,,,,,,,,,,,,,,,,SCAFFOLD,0x3e7,DC$,S-1-5-18,,,,,,,,,00000000-0000-0000-0000-000000000000,,
2026-09-02T03:45:51.639554Z,4664,dc.scaffold.htb,Microsoft-Windows-Security-Auditing,Security,23542,0,,,,,,,C:\Windows\WinSxS\amd64_microsoft-windows-m..nifests-onecorebase_31bf3856ad364e35_10.0.20348.1_none_8908638bb71ab55f\UDFS-Replacement.man,,,,,,,C:\Windows\WinSxS\amd64_microsoft-windows-m..nifests-onecorebase_31bf3856ad364e35_10.0.20348.3932_none_a7d011d8207ac8c3\UDFS-Replacement.man,,,,,,,,,,,,,,,,,,,SCAFFOLD,0x3e7,DC$,S-1-5-18,,,,,,,,,00000000-0000-0000-0000-000000000000,,
2026-09-02T03:45:51.640298Z,4664,dc.scaffold.htb,Microsoft-Windows-Security-Auditing,Security,23543,0,,,,,,,C:\Windows\WinSxS\amd64_microsoft-windows-m..nifests-onecorebase_31bf3856ad364e35_10.0.20348.1_none_8908638bb71ab55f\fveapi-replacement.man,,,,,,,C:\Windows\WinSxS\amd64_microsoft-windows-m..nifests-onecorebase_31bf3856ad364e35_10.0.20348.3932_none_a7d011d8207ac8c3\fveapi-replacement.man,,,,,,,,,,,,,,,,,,,SCAFFOLD,0x3e7,DC$,S-1-5-18,,,,,,,,,00000000-0000-0000-0000-000000000000,,
2026-09-02T03:45:51.644372Z,4664,dc.scaffold.htb,Microsoft-Windows-Security-Auditing,Security,23544,0,,,,,,,C:\Windows\WinSxS\amd64_microsoft-windows-m..nlevelmanifests-com_31bf3856ad364e35_10.0.20348.1_none_1036b1d07e74ecc8\Microsoft.Windows.COM.ComPlus.Setup.DL.man,,,,,,,C:\Windows\WinSxS\amd64_microsoft-windows-m..nlevelmanifests-com_31bf3856ad364e35_10.0.20348.2849_none_2f098ef4e7ccb3d2\Microsoft.Windows.COM.ComPlus.Setup.DL.man,,,,,,,,,,,,,,,,,,,SCAFFOLD,0x3e7,DC$,S-1-5-18,,,,,,,,,00000000-0000-0000-0000-000000000000,,
2026-09-02T03:45:51.645055Z,4664,dc.scaffold.htb,Microsoft-Windows-Security-Auditing,Security,23545,0,,,,,,,C:\Windows\WinSxS\amd64_microsoft-windows-m..nlevelmanifests-com_31bf3856ad364e35_10.0.20348.1_none_1036b1d07e74ecc8\Microsoft-Windows-WCFCoreComp-DL.man,,,,,,,C:\Windows\WinSxS\amd64_microsoft-windows-m..nlevelmanifests-com_31bf3856ad364e35_10.0.20348.2849_none_2f098ef4e7ccb3d2\Microsoft-Windows-WCFCoreComp-DL.man,,,,,,,,,,,,,,,,,,,SCAFFOLD,0x3e7,DC$,S-1-5-18,,,,,,,,,00000000-0000-0000-0000-000000000000,,
2026-09-02T03:45:51.646131Z,4664,dc.scaffold.htb,Microsoft-Windows-Security-Auditing,Security,23546,0,,,,,,,C:\Windows\WinSxS\amd64_microsoft-windows-m..nlevelmanifests-com_31bf3856ad364e35_10.0.20348.1_none_1036b1d07e74ecc8\RPC-HTTP-DL.man,,,,,,,C:\Windows\WinSxS\amd64_microsoft-windows-m..nlevelmanifests-com_31bf3856ad364e35_10.0.20348.2849_none_2f098ef4e7ccb3d2\RPC-HTTP-DL.man,,,,,,,,,,,,,,,,,,,SCAFFOLD,0x3e7,DC$,S-1-5-18,,,,,,,,,00000000-0000-0000-0000-000000000000,,
2026-09-02T03:45:51.646854Z,4664,dc.scaffold.htb,Microsoft-Windows-Security-Auditing,Security,23547,0,,,,,,,C:\Windows\WinSxS\amd64_microsoft-windows-m..nlevelmanifests-com_31bf3856ad364e35_10.0.20348.1_none_1036b1d07e74ecc8\RPC-HTTP_Proxy-DL.man,,,,,,,C:\Windows\WinSxS\amd64_microsoft-windows-m..nlevelmanifests-com_31bf3856ad364e35_10.0.20348.2849_none_2f098ef4e7ccb3d2\RPC-HTTP_Proxy-DL.man,,,,,,,,,,,,,,,,,,,SCAFFOLD,0x3e7,DC$,S-1-5-18,,,,,,,,,00000000-0000-0000-0000-000000000000,,
2026-09-02T03:45:51.649427Z,4664,dc.scaffold.htb,Microsoft-Windows-Security-Auditing,Security,23548,0,,,,,,,C:\Windows\WinSxS\amd64_microsoft-windows-m..cementmanifests-com_31bf3856ad364e35_10.0.20348.1_none_4160319aec075590\Microsoft-Windows-WCFCoreComp-Replacement.man,,,,,,,C:\Windows\WinSxS\amd64_microsoft-windows-m..cementmanifests-com_31bf3856ad364e35_10.0.20348.2849_none_60330ebf555f1c9a\Microsoft-Windows-WCFCoreComp-Replacement.man,,,,,,,,,,,,,,,,,,,SCAFFOLD,0x3e7,DC$,S-1-5-18,,,,,,,,,00000000-0000-0000-0000-000000000000,,
2026-09-02T03:45:51.650501Z,4664,dc.scaffold.htb,Microsoft-Windows-Security-Auditing,Security,23549,0,,,,,,,C:\Windows\WinSxS\amd64_microsoft-windows-m..cementmanifests-com_31bf3856ad364e35_10.0.20348.1_none_4160319aec075590\Microsoft.Windows.COM.DTC.Setup-Replacement.man,,,,,,,C:\Windows\WinSxS\amd64_microsoft-windows-m..cementmanifests-com_31bf3856ad364e35_10.0.20348.2849_none_60330ebf555f1c9a\Microsoft.Windows.COM.DTC.Setup-Replacement.man,,,,,,,,,,,,,,,,,,,SCAFFOLD,0x3e7,DC$,S-1-5-18,,,,,,,,,00000000-0000-0000-0000-000000000000,,
2026-09-02T03:45:51.651417Z,4664,dc.scaffold.htb,Microsoft-Windows-Security-Auditing,Security,23550,0,,,,,,,C:\Windows\WinSxS\amd64_microsoft-windows-m..cementmanifests-com_31bf3856ad364e35_10.0.20348.1_none_4160319aec075590\WCF-HTTP-Activation-Replacement.man,,,,,,,C:\Windows\WinSxS\amd64_microsoft-windows-m..cementmanifests-com_31bf3856ad364e35_10.0.20348.2849_none_60330ebf555f1c9a\WCF-HTTP-Activation-Replacement.man,,,,,,,,,,,,,,,,,,,SCAFFOLD,0x3e7,DC$,S-1-5-18,,,,,,,,,00000000-0000-0000-0000-000000000000,,
2026-09-02T03:45:51.652297Z,4664,dc.scaffold.htb,Microsoft-Windows-Security-Auditing,Security,23551,0,,,,,,,C:\Windows\WinSxS\amd64_microsoft-windows-m..cementmanifests-com_31bf3856ad364e35_10.0.20348.1_none_4160319aec075590\WCF-NonHTTP-Activation-Replacement.man,,,,,,,C:\Windows\WinSxS\amd64_microsoft-windows-m..cementmanifests-com_31bf3856ad364e35_10.0.20348.2849_none_60330ebf555f1c9a\WCF-NonHTTP-Activation-Replacement.man,,,,,,,,,,,,,,,,,,,SCAFFOLD,0x3e7,DC$,S-1-5-18,,,,,,,,,00000000-0000-0000-0000-000000000000,,
2026-09-02T03:45:51.653008Z,4664,dc.scaffold.htb,Microsoft-Windows-Security-Auditing,Security,23552,0,,,,,,,C:\Windows\WinSxS\amd64_microsoft-windows-m..cementmanifests-com_31bf3856ad364e35_10.0.20348.1_none_4160319aec075590\Microsoft-Windows-NETFX35CDFComp-Replacement.man,,,,,,,C:\Windows\WinSxS\amd64_microsoft-windows-m..cementmanifests-com_31bf3856ad364e35_10.0.20348.2849_none_60330ebf555f1c9a\Microsoft-Windows-NETFX35CDFComp-Replacement.man,,,,,,,,,,,,,,,,,,,SCAFFOLD,0x3e7,DC$,S-1-5-18,,,,,,,,,00000000-0000-0000-0000-000000000000,,
2026-09-02T03:45:51.653736Z,4664,dc.scaffold.htb,Microsoft-Windows-Security-Auditing,Security,23553,0,,,,,,,C:\Windows\WinSxS\amd64_microsoft-windows-m..cementmanifests-com_31bf3856ad364e35_10.0.20348.1_none_4160319aec075590\Microsoft.Windows.COM.ComPlus.Setup-Replacement.man,,,,,,,C:\Windows\WinSxS\amd64_microsoft-windows-m..cementmanifests-com_31bf3856ad364e35_10.0.20348.2849_none_60330ebf555f1c9a\Microsoft.Windows.COM.ComPlus.Setup-Replacement.man,,,,,,,,,,,,,,,,,,,SCAFFOLD,0x3e7,DC$,S-1-5-18,,,,,,,,,00000000-0000-0000-0000-000000000000,,
2026-09-02T03:45:51.660334Z,4664,dc.scaffold.htb,Microsoft-Windows-Security-Auditing,Security,23554,0,,,,,,,C:\Windows\WinSxS\amd64_microsoft-windows-m..-management-console_31bf3856ad364e35_10.0.20348.587_none_f7e128bbffcfb936\mmc.mof,,,,,,,C:\Windows\WinSxS\amd64_microsoft-windows-m..-management-console_31bf3856ad364e35_10.0.20348.4163_none_b803623ca7c56bdc\mmc.mof,,,,,,,,,,,,,,,,,,,SCAFFOLD,0x3e7,DC$,S-1-5-18,,,,,,,,,00000000-0000-0000-0000-000000000000,,
2026-09-02T03:45:51.714814Z,4664,dc.scaffold.htb,Microsoft-Windows-Security-Auditing,Security,23555,0,,,,,,,C:\Windows\WinSxS\amd64_microsoft-windows-m..lepc-mobilitycenter_31bf3856ad364e35_10.0.20348.1_none_e408f25dd449b06d\mblctr.mof,,,,,,,C:\Windows\WinSxS\amd64_microsoft-windows-m..lepc-mobilitycenter_31bf3856ad364e35_10.0.20348.2849_none_02dbcf823da17777\mblctr.mof,,,,,,,,,,,,,,,,,,,SCAFFOLD,0x3e7,DC$,S-1-5-18,,,,,,,,,00000000-0000-0000-0000-000000000000,,
2026-09-02T03:45:53.371266Z,4985,dc.scaffold.htb,Microsoft-Windows-Security-Auditing,Security,23556,0,,,,,,,,,,,,,,,,,,,,48,,,,,,,,0x173c,C:\Windows\WinSxS\amd64_microsoft-windows-servicingstack_31bf3856ad364e35_10.0.20348.5480_none_b1d14f82f983de4b\TiWorker.exe,,,DA4CB52F-4F22-11F1-A9A6-8906DE6815CD,SCAFFOLD,0x3e7,DC$,S-1-5-18,,,,,,,,,2BC068AE-A67E-11F1-9937-005056B98D90,,
2026-09-02T03:45:53.502237Z,4985,dc.scaffold.htb,Microsoft-Windows-Security-Auditing,Security,23557,0,,,,,,,,,,,,,,,,,,,,52,,,,,,,,0x173c,C:\Windows\WinSxS\amd64_microsoft-windows-servicingstack_31bf3856ad364e35_10.0.20348.5480_none_b1d14f82f983de4b\TiWorker.exe,,,DA4CB52F-4F22-11F1-A9A6-8906DE6815CD,SCAFFOLD,0x3e7,DC$,S-1-5-18,,,,,,,,,2BC068AE-A67E-11F1-9937-005056B98D90,,
2026-09-02T03:45:54.686647Z,4985,dc.scaffold.htb,Microsoft-Windows-Security-Auditing,Security,23558,0,,,,,,,,,,,,,,,,,,,,48,,,,,,,,0x173c,C:\Windows\WinSxS\amd64_microsoft-windows-servicingstack_31bf3856ad364e35_10.0.20348.5480_none_b1d14f82f983de4b\TiWorker.exe,,,DA4CB52F-4F22-11F1-A9A6-8906DE6815CD,SCAFFOLD,0x3e7,DC$,S-1-5-18,,,,,,,,,2BC068BA-A67E-11F1-9937-005056B98D90,,
2026-09-02T03:45:54.709699Z,4985,dc.scaffold.htb,Microsoft-Windows-Security-Auditing,Security,23559,0,,,,,,,,,,,,,,,,,,,,52,,,,,,,,0x173c,C:\Windows\WinSxS\amd64_microsoft-windows-servicingstack_31bf3856ad364e35_10.0.20348.5480_none_b1d14f82f983de4b\TiWorker.exe,,,DA4CB52F-4F22-11F1-A9A6-8906DE6815CD,SCAFFOLD,0x3e7,DC$,S-1-5-18,,,,,,,,,2BC068BA-A67E-11F1-9937-005056B98D90,,
2026-09-02T03:45:56.058579Z,4985,dc.scaffold.htb,Microsoft-Windows-Security-Auditing,Security,23560,0,,,,,,,,,,,,,,,,,,,,48,,,,,,,,0x173c,C:\Windows\WinSxS\amd64_microsoft-windows-servicingstack_31bf3856ad364e35_10.0.20348.5480_none_b1d14f82f983de4b\TiWorker.exe,,,DA4CB52F-4F22-11F1-A9A6-8906DE6815CD,SCAFFOLD,0x3e7,DC$,S-1-5-18,,,,,,,,,2BC068C6-A67E-11F1-9937-005056B98D90,,
2026-09-02T03:45:56.149864Z,4985,dc.scaffold.htb,Microsoft-Windows-Security-Auditing,Security,23561,0,,,,,,,,,,,,,,,,,,,,52,,,,,,,,0x173c,C:\Windows\WinSxS\amd64_microsoft-windows-servicingstack_31bf3856ad364e35_10.0.20348.5480_none_b1d14f82f983de4b\TiWorker.exe,,,DA4CB52F-4F22-11F1-A9A6-8906DE6815CD,SCAFFOLD,0x3e7,DC$,S-1-5-18,,,,,,,,,2BC068C6-A67E-11F1-9937-005056B98D90,,
2026-09-02T03:45:56.364701Z,4985,dc.scaffold.htb,Microsoft-Windows-Security-Auditing,Security,23562,0,,,,,,,,,,,,,,,,,,,,48,,,,,,,,0x173c,C:\Windows\WinSxS\amd64_microsoft-windows-servicingstack_31bf3856ad364e35_10.0.20348.5480_none_b1d14f82f983de4b\TiWorker.exe,,,DA4CB52F-4F22-11F1-A9A6-8906DE6815CD,SCAFFOLD,0x3e7,DC$,S-1-5-18,,,,,,,,,2BC068D2-A67E-11F1-9937-005056B98D90,,
2026-09-02T03:45:56.396414Z,4985,dc.scaffold.htb,Microsoft-Windows-Security-Auditing,Security,23563,0,,,,,,,,,,,,,,,,,,,,52,,,,,,,,0x173c,C:\Windows\WinSxS\amd64_microsoft-windows-servicingstack_31bf3856ad364e35_10.0.20348.5480_none_b1d14f82f983de4b\TiWorker.exe,,,DA4CB52F-4F22-11F1-A9A6-8906DE6815CD,SCAFFOLD,0x3e7,DC$,S-1-5-18,,,,,,,,,2BC068D2-A67E-11F1-9937-005056B98D90,,
2026-09-02T03:45:57.167588Z,4985,dc.scaffold.htb,Microsoft-Windows-Security-Auditing,Security,23564,0,,,,,,,,,,,,,,,,,,,,48,,,,,,,,0x173c,C:\Windows\WinSxS\amd64_microsoft-windows-servicingstack_31bf3856ad364e35_10.0.20348.5480_none_b1d14f82f983de4b\TiWorker.exe,,,DA4CB52F-4F22-11F1-A9A6-8906DE6815CD,SCAFFOLD,0x3e7,DC$,S-1-5-18,,,,,,,,,2BC068DE-A67E-11F1-9937-005056B98D90,,
2026-09-02T03:45:57.267456Z,4985,dc.scaffold.htb,Microsoft-Windows-Security-Auditing,Security,23565,0,,,,,,,,,,,,,,,,,,,,52,,,,,,,,0x173c,C:\Windows\WinSxS\amd64_microsoft-windows-servicingstack_31bf3856ad364e35_10.0.20348.5480_none_b1d14f82f983de4b\TiWorker.exe,,,DA4CB52F-4F22-11F1-A9A6-8906DE6815CD,SCAFFOLD,0x3e7,DC$,S-1-5-18,,,,,,,,,2BC068DE-A67E-11F1-9937-005056B98D90,,
2026-09-02T03:45:57.402256Z,4985,dc.scaffold.htb,Microsoft-Windows-Security-Auditing,Security,23566,0,,,,,,,,,,,,,,,,,,,,48,,,,,,,,0x173c,C:\Windows\WinSxS\amd64_microsoft-windows-servicingstack_31bf3856ad364e35_10.0.20348.5480_none_b1d14f82f983de4b\TiWorker.exe,,,DA4CB52F-4F22-11F1-A9A6-8906DE6815CD,SCAFFOLD,0x3e7,DC$,S-1-5-18,,,,,,,,,2BC068EA-A67E-11F1-9937-005056B98D90,,
2026-09-02T03:45:57.504437Z,4985,dc.scaffold.htb,Microsoft-Windows-Security-Auditing,Security,23567,0,,,,,,,,,,,,,,,,,,,,52,,,,,,,,0x173c,C:\Windows\WinSxS\amd64_microsoft-windows-servicingstack_31bf3856ad364e35_10.0.20348.5480_none_b1d14f82f983de4b\TiWorker.exe,,,DA4CB52F-4F22-11F1-A9A6-8906DE6815CD,SCAFFOLD,0x3e7,DC$,S-1-5-18,,,,,,,,,2BC068EA-A67E-11F1-9937-005056B98D90,,
2026-09-02T03:45:57.662819Z,4985,dc.scaffold.htb,Microsoft-Windows-Security-Auditing,Security,23568,0,,,,,,,,,,,,,,,,,,,,48,,,,,,,,0x173c,C:\Windows\WinSxS\amd64_microsoft-windows-servicingstack_31bf3856ad364e35_10.0.20348.5480_none_b1d14f82f983de4b\TiWorker.exe,,,DA4CB52F-4F22-11F1-A9A6-8906DE6815CD,SCAFFOLD,0x3e7,DC$,S-1-5-18,,,,,,,,,2BC068F6-A67E-11F1-9937-005056B98D90,,
2026-09-02T03:45:57.688230Z,4985,dc.scaffold.htb,Microsoft-Windows-Security-Auditing,Security,23569,0,,,,,,,,,,,,,,,,,,,,52,,,,,,,,0x173c,C:\Windows\WinSxS\amd64_microsoft-windows-servicingstack_31bf3856ad364e35_10.0.20348.5480_none_b1d14f82f983de4b\TiWorker.exe,,,DA4CB52F-4F22-11F1-A9A6-8906DE6815CD,SCAFFOLD,0x3e7,DC$,S-1-5-18,,,,,,,,,2BC068F6-A67E-11F1-9937-005056B98D90,,
2026-09-02T03:45:57.972077Z,4985,dc.scaffold.htb,Microsoft-Windows-Security-Auditing,Security,23570,0,,,,,,,,,,,,,,,,,,,,48,,,,,,,,0x173c,C:\Windows\WinSxS\amd64_microsoft-windows-servicingstack_31bf3856ad364e35_10.0.20348.5480_none_b1d14f82f983de4b\TiWorker.exe,,,DA4CB52F-4F22-11F1-A9A6-8906DE6815CD,SCAFFOLD,0x3e7,DC$,S-1-5-18,,,,,,,,,2BC06902-A67E-11F1-9937-005056B98D90,,
2026-09-02T03:45:58.027546Z,4985,dc.scaffold.htb,Microsoft-Windows-Security-Auditing,Security,23571,0,,,,,,,,,,,,,,,,,,,,52,,,,,,,,0x173c,C:\Windows\WinSxS\amd64_microsoft-windows-servicingstack_31bf3856ad364e35_10.0.20348.5480_none_b1d14f82f983de4b\TiWorker.exe,,,DA4CB52F-4F22-11F1-A9A6-8906DE6815CD,SCAFFOLD,0x3e7,DC$,S-1-5-18,,,,,,,,,2BC06902-A67E-11F1-9937-005056B98D90,,
2026-09-02T03:45:59.321871Z,4664,dc.scaffold.htb,Microsoft-Windows-Security-Auditing,Security,23572,0,,,,,,,C:\Windows\WinSxS\amd64_networking-mpssvc-powershell-core_31bf3856ad364e35_10.0.20348.1_none_34aa2a64e1ff8225\NetFirewallDynamicKeywordAddress.cmdletDefinition.cdxml,,,,,,,C:\Windows\WinSxS\amd64_networking-mpssvc-powershell-core_31bf3856ad364e35_10.0.20348.2849_none_537d07894b57492f\NetFirewallDynamicKeywordAddress.cmdletDefinition.cdxml,,,,,,,,,,,,,,,,,,,SCAFFOLD,0x3e7,DC$,S-1-5-18,,,,,,,,,00000000-0000-0000-0000-000000000000,,
2026-09-02T03:45:59.322592Z,4664,dc.scaffold.htb,Microsoft-Windows-Security-Auditing,Security,23573,0,,,,,,,C:\Windows\WinSxS\amd64_networking-mpssvc-powershell-core_31bf3856ad364e35_10.0.20348.1_none_34aa2a64e1ff8225\NetIPsecRule.cmdletDefinition.cdxml,,,,,,,C:\Windows\WinSxS\amd64_networking-mpssvc-powershell-core_31bf3856ad364e35_10.0.20348.2849_none_537d07894b57492f\NetIPsecRule.cmdletDefinition.cdxml,,,,,,,,,,,,,,,,,,,SCAFFOLD,0x3e7,DC$,S-1-5-18,,,,,,,,,00000000-0000-0000-0000-000000000000,,
2026-09-02T03:45:59.323914Z,4664,dc.scaffold.htb,Microsoft-Windows-Security-Auditing,Security,23574,0,,,,,,,C:\Windows\WinSxS\amd64_networking-mpssvc-powershell-core_31bf3856ad364e35_10.0.20348.1_none_34aa2a64e1ff8225\NetIPsecMainModeRule.cmdletDefinition.cdxml,,,,,,,C:\Windows\WinSxS\amd64_networking-mpssvc-powershell-core_31bf3856ad364e35_10.0.20348.2849_none_537d07894b57492f\NetIPsecMainModeRule.cmdletDefinition.cdxml,,,,,,,,,,,,,,,,,,,SCAFFOLD,0x3e7,DC$,S-1-5-18,,,,,,,,,00000000-0000-0000-0000-000000000000,,
2026-09-02T03:45:59.324523Z,4664,dc.scaffold.htb,Microsoft-Windows-Security-Auditing,Security,23575,0,,,,,,,C:\Windows\WinSxS\amd64_networking-mpssvc-powershell-core_31bf3856ad364e35_10.0.20348.1_none_34aa2a64e1ff8225\NetFirewallAddressFilter.cmdletDefinition.cdxml,,,,,,,C:\Windows\WinSxS\amd64_networking-mpssvc-powershell-core_31bf3856ad364e35_10.0.20348.2849_none_537d07894b57492f\NetFirewallAddressFilter.cmdletDefinition.cdxml,,,,,,,,,,,,,,,,,,,SCAFFOLD,0x3e7,DC$,S-1-5-18,,,,,,,,,00000000-0000-0000-0000-000000000000,,
2026-09-02T03:45:59.325106Z,4664,dc.scaffold.htb,Microsoft-Windows-Security-Auditing,Security,23576,0,,,,,,,C:\Windows\WinSxS\amd64_networking-mpssvc-powershell-core_31bf3856ad364e35_10.0.20348.1_none_34aa2a64e1ff8225\NetFirewallApplicationFilter.cmdletDefinition.cdxml,,,,,,,C:\Windows\WinSxS\amd64_networking-mpssvc-powershell-core_31bf3856ad364e35_10.0.20348.2849_none_537d07894b57492f\NetFirewallApplicationFilter.cmdletDefinition.cdxml,,,,,,,,,,,,,,,,,,,SCAFFOLD,0x3e7,DC$,S-1-5-18,,,,,,,,,00000000-0000-0000-0000-000000000000,,
2026-09-02T03:45:59.325709Z,4664,dc.scaffold.htb,Microsoft-Windows-Security-Auditing,Security,23577,0,,,,,,,C:\Windows\WinSxS\amd64_networking-mpssvc-powershell-core_31bf3856ad364e35_10.0.20348.1_none_34aa2a64e1ff8225\NetFirewallInterfaceFilter.cmdletDefinition.cdxml,,,,,,,C:\Windows\WinSxS\amd64_networking-mpssvc-powershell-core_31bf3856ad364e35_10.0.20348.2849_none_537d07894b57492f\NetFirewallInterfaceFilter.cmdletDefinition.cdxml,,,,,,,,,,,,,,,,,,,SCAFFOLD,0x3e7,DC$,S-1-5-18,,,,,,,,,00000000-0000-0000-0000-000000000000,,
2026-09-02T03:45:59.326257Z,4664,dc.scaffold.htb,Microsoft-Windows-Security-Auditing,Security,23578,0,,,,,,,C:\Windows\WinSxS\amd64_networking-mpssvc-powershell-core_31bf3856ad364e35_10.0.20348.1_none_34aa2a64e1ff8225\NetFirewallInterfaceTypeFilter.cmdletDefinition.cdxml,,,,,,,C:\Windows\WinSxS\amd64_networking-mpssvc-powershell-core_31bf3856ad364e35_10.0.20348.2849_none_537d07894b57492f\NetFirewallInterfaceTypeFilter.cmdletDefinition.cdxml,,,,,,,,,,,,,,,,,,,SCAFFOLD,0x3e7,DC$,S-1-5-18,,,,,,,,,00000000-0000-0000-0000-000000000000,,
2026-09-02T03:45:59.326791Z,4664,dc.scaffold.htb,Microsoft-Windows-Security-Auditing,Security,23579,0,,,,,,,C:\Windows\WinSxS\amd64_networking-mpssvc-powershell-core_31bf3856ad364e35_10.0.20348.1_none_34aa2a64e1ff8225\NetFirewallSecurityFilter.cmdletDefinition.cdxml,,,,,,,C:\Windows\WinSxS\amd64_networking-mpssvc-powershell-core_31bf3856ad364e35_10.0.20348.2849_none_537d07894b57492f\NetFirewallSecurityFilter.cmdletDefinition.cdxml,,,,,,,,,,,,,,,,,,,SCAFFOLD,0x3e7,DC$,S-1-5-18,,,,,,,,,00000000-0000-0000-0000-000000000000,,
2026-09-02T03:45:59.327437Z,4664,dc.scaffold.htb,Microsoft-Windows-Security-Auditing,Security,23580,0,,,,,,,C:\Windows\WinSxS\amd64_networking-mpssvc-powershell-core_31bf3856ad364e35_10.0.20348.1_none_34aa2a64e1ff8225\NetFirewallPortFilter.cmdletDefinition.cdxml,,,,,,,C:\Windows\WinSxS\amd64_networking-mpssvc-powershell-core_31bf3856ad364e35_10.0.20348.2849_none_537d07894b57492f\NetFirewallPortFilter.cmdletDefinition.cdxml,,,,,,,,,,,,,,,,,,,SCAFFOLD,0x3e7,DC$,S-1-5-18,,,,,,,,,00000000-0000-0000-0000-000000000000,,
2026-09-02T03:45:59.328175Z,4664,dc.scaffold.htb,Microsoft-Windows-Security-Auditing,Security,23581,0,,,,,,,C:\Windows\WinSxS\amd64_networking-mpssvc-powershell-core_31bf3856ad364e35_10.0.20348.1_none_34aa2a64e1ff8225\NetFirewallServiceFilter.cmdletDefinition.cdxml,,,,,,,C:\Windows\WinSxS\amd64_networking-mpssvc-powershell-core_31bf3856ad364e35_10.0.20348.2849_none_537d07894b57492f\NetFirewallServiceFilter.cmdletDefinition.cdxml,,,,,,,,,,,,,,,,,,,SCAFFOLD,0x3e7,DC$,S-1-5-18,,,,,,,,,00000000-0000-0000-0000-000000000000,,
2026-09-02T03:45:59.328699Z,4664,dc.scaffold.htb,Microsoft-Windows-Security-Auditing,Security,23582,0,,,,,,,C:\Windows\WinSxS\amd64_networking-mpssvc-powershell-core_31bf3856ad364e35_10.0.20348.1_none_34aa2a64e1ff8225\NetIPsecPhase1AuthSet.cmdletDefinition.cdxml,,,,,,,C:\Windows\WinSxS\amd64_networking-mpssvc-powershell-core_31bf3856ad364e35_10.0.20348.2849_none_537d07894b57492f\NetIPsecPhase1AuthSet.cmdletDefinition.cdxml,,,,,,,,,,,,,,,,,,,SCAFFOLD,0x3e7,DC$,S-1-5-18,,,,,,,,,00000000-0000-0000-0000-000000000000,,
2026-09-02T03:45:59.329273Z,4664,dc.scaffold.htb,Microsoft-Windows-Security-Auditing,Security,23583,0,,,,,,,C:\Windows\WinSxS\amd64_networking-mpssvc-powershell-core_31bf3856ad364e35_10.0.20348.1_none_34aa2a64e1ff8225\NetIPsecPhase2AuthSet.cmdletDefinition.cdxml,,,,,,,C:\Windows\WinSxS\amd64_networking-mpssvc-powershell-core_31bf3856ad364e35_10.0.20348.2849_none_537d07894b57492f\NetIPsecPhase2AuthSet.cmdletDefinition.cdxml,,,,,,,,,,,,,,,,,,,SCAFFOLD,0x3e7,DC$,S-1-5-18,,,,,,,,,00000000-0000-0000-0000-000000000000,,
2026-09-02T03:45:59.329890Z,4664,dc.scaffold.htb,Microsoft-Windows-Security-Auditing,Security,23584,0,,,,,,,C:\Windows\WinSxS\amd64_networking-mpssvc-powershell-core_31bf3856ad364e35_10.0.20348.1_none_34aa2a64e1ff8225\NetIPsecMainModeCryptoSet.cmdletDefinition.cdxml,,,,,,,C:\Windows\WinSxS\amd64_networking-mpssvc-powershell-core_31bf3856ad364e35_10.0.20348.2849_none_537d07894b57492f\NetIPsecMainModeCryptoSet.cmdletDefinition.cdxml,,,,,,,,,,,,,,,,,,,SCAFFOLD,0x3e7,DC$,S-1-5-18,,,,,,,,,00000000-0000-0000-0000-000000000000,,
2026-09-02T03:45:59.330405Z,4664,dc.scaffold.htb,Microsoft-Windows-Security-Auditing,Security,23585,0,,,,,,,C:\Windows\WinSxS\amd64_networking-mpssvc-powershell-core_31bf3856ad364e35_10.0.20348.1_none_34aa2a64e1ff8225\NetIPsecQuickModeCryptoSet.cmdletDefinition.cdxml,,,,,,,C:\Windows\WinSxS\amd64_networking-mpssvc-powershell-core_31bf3856ad364e35_10.0.20348.2849_none_537d07894b57492f\NetIPsecQuickModeCryptoSet.cmdletDefinition.cdxml,,,,,,,,,,,,,,,,,,,SCAFFOLD,0x3e7,DC$,S-1-5-18,,,,,,,,,00000000-0000-0000-0000-000000000000,,
2026-09-02T03:45:59.330933Z,4664,dc.scaffold.htb,Microsoft-Windows-Security-Auditing,Security,23586,0,,,,,,,C:\Windows\WinSxS\amd64_networking-mpssvc-powershell-core_31bf3856ad364e35_10.0.20348.1_none_34aa2a64e1ff8225\NetFirewallProfile.cmdletDefinition.cdxml,,,,,,,C:\Windows\WinSxS\amd64_networking-mpssvc-powershell-core_31bf3856ad364e35_10.0.20348.2849_none_537d07894b57492f\NetFirewallProfile.cmdletDefinition.cdxml,,,,,,,,,,,,,,,,,,,SCAFFOLD,0x3e7,DC$,S-1-5-18,,,,,,,,,00000000-0000-0000-0000-000000000000,,
2026-09-02T03:45:59.331555Z,4664,dc.scaffold.htb,Microsoft-Windows-Security-Auditing,Security,23587,0,,,,,,,C:\Windows\WinSxS\amd64_networking-mpssvc-powershell-core_31bf3856ad364e35_10.0.20348.1_none_34aa2a64e1ff8225\NetIPsecPolicyChange.cmdletDefinition.cdxml,,,,,,,C:\Windows\WinSxS\amd64_networking-mpssvc-powershell-core_31bf3856ad364e35_10.0.20348.2849_none_537d07894b57492f\NetIPsecPolicyChange.cmdletDefinition.cdxml,,,,,,,,,,,,,,,,,,,SCAFFOLD,0x3e7,DC$,S-1-5-18,,,,,,,,,00000000-0000-0000-0000-000000000000,,
2026-09-02T03:45:59.332348Z,4664,dc.scaffold.htb,Microsoft-Windows-Security-Auditing,Security,23588,0,,,,,,,C:\Windows\WinSxS\amd64_networking-mpssvc-powershell-core_31bf3856ad364e35_10.0.20348.1_none_34aa2a64e1ff8225\NetIPsecIdentity.cmdletDefinition.cdxml,,,,,,,C:\Windows\WinSxS\amd64_networking-mpssvc-powershell-core_31bf3856ad364e35_10.0.20348.2849_none_537d07894b57492f\NetIPsecIdentity.cmdletDefinition.cdxml,,,,,,,,,,,,,,,,,,,SCAFFOLD,0x3e7,DC$,S-1-5-18,,,,,,,,,00000000-0000-0000-0000-000000000000,,
2026-09-02T03:45:59.333165Z,4664,dc.scaffold.htb,Microsoft-Windows-Security-Auditing,Security,23589,0,,,,,,,C:\Windows\WinSxS\amd64_networking-mpssvc-powershell-core_31bf3856ad364e35_10.0.20348.1_none_34aa2a64e1ff8225\NetIPsecMainModeSA.cmdletDefinition.cdxml,,,,,,,C:\Windows\WinSxS\amd64_networking-mpssvc-powershell-core_31bf3856ad364e35_10.0.20348.2849_none_537d07894b57492f\NetIPsecMainModeSA.cmdletDefinition.cdxml,,,,,,,,,,,,,,,,,,,SCAFFOLD,0x3e7,DC$,S-1-5-18,,,,,,,,,00000000-0000-0000-0000-000000000000,,
2026-09-02T03:45:59.334021Z,4664,dc.scaffold.htb,Microsoft-Windows-Security-Auditing,Security,23590,0,,,,,,,C:\Windows\WinSxS\amd64_networking-mpssvc-powershell-core_31bf3856ad364e35_10.0.20348.1_none_34aa2a64e1ff8225\NetIPsecQuickModeSA.cmdletDefinition.cdxml,,,,,,,C:\Windows\WinSxS\amd64_networking-mpssvc-powershell-core_31bf3856ad364e35_10.0.20348.2849_none_537d07894b57492f\NetIPsecQuickModeSA.cmdletDefinition.cdxml,,,,,,,,,,,,,,,,,,,SCAFFOLD,0x3e7,DC$,S-1-5-18,,,,,,,,,00000000-0000-0000-0000-000000000000,,
2026-09-02T03:45:59.334747Z,4664,dc.scaffold.htb,Microsoft-Windows-Security-Auditing,Security,23591,0,,,,,,,C:\Windows\WinSxS\amd64_networking-mpssvc-powershell-core_31bf3856ad364e35_10.0.20348.1_none_34aa2a64e1ff8225\NetFirewallSetting.cmdletDefinition.cdxml,,,,,,,C:\Windows\WinSxS\amd64_networking-mpssvc-powershell-core_31bf3856ad364e35_10.0.20348.2849_none_537d07894b57492f\NetFirewallSetting.cmdletDefinition.cdxml,,,,,,,,,,,,,,,,,,,SCAFFOLD,0x3e7,DC$,S-1-5-18,,,,,,,,,00000000-0000-0000-0000-000000000000,,
2026-09-02T03:45:59.335559Z,4664,dc.scaffold.htb,Microsoft-Windows-Security-Auditing,Security,23592,0,,,,,,,C:\Windows\WinSxS\amd64_networking-mpssvc-powershell-core_31bf3856ad364e35_10.0.20348.1_none_34aa2a64e1ff8225\NetGPO.cmdletDefinition.cdxml,,,,,,,C:\Windows\WinSxS\amd64_networking-mpssvc-powershell-core_31bf3856ad364e35_10.0.20348.2849_none_537d07894b57492f\NetGPO.cmdletDefinition.cdxml,,,,,,,,,,,,,,,,,,,SCAFFOLD,0x3e7,DC$,S-1-5-18,,,,,,,,,00000000-0000-0000-0000-000000000000,,
2026-09-02T03:45:59.336383Z,4664,dc.scaffold.htb,Microsoft-Windows-Security-Auditing,Security,23593,0,,,,,,,C:\Windows\WinSxS\amd64_networking-mpssvc-powershell-core_31bf3856ad364e35_10.0.20348.1_none_34aa2a64e1ff8225\NetIPsecDospSetting.cmdletDefinition.cdxml,,,,,,,C:\Windows\WinSxS\amd64_networking-mpssvc-powershell-core_31bf3856ad364e35_10.0.20348.2849_none_537d07894b57492f\NetIPsecDospSetting.cmdletDefinition.cdxml,,,,,,,,,,,,,,,,,,,SCAFFOLD,0x3e7,DC$,S-1-5-18,,,,,,,,,00000000-0000-0000-0000-000000000000,,
2026-09-02T03:45:59.378833Z,4664,dc.scaffold.htb,Microsoft-Windows-Security-Auditing,Security,23594,0,,,,,,,C:\Windows\WinSxS\amd64_networking-mpssvc-powershell-core_31bf3856ad364e35_10.0.20348.1_none_34aa2a64e1ff8225\NetSecurity.psd1,,,,,,,C:\Windows\WinSxS\amd64_networking-mpssvc-powershell-core_31bf3856ad364e35_10.0.20348.2849_none_537d07894b57492f\NetSecurity.psd1,,,,,,,,,,,,,,,,,,,SCAFFOLD,0x3e7,DC$,S-1-5-18,,,,,,,,,00000000-0000-0000-0000-000000000000,,
2026-09-02T03:45:59.379823Z,4664,dc.scaffold.htb,Microsoft-Windows-Security-Auditing,Security,23595,0,,,,,,,C:\Windows\WinSxS\amd64_networking-mpssvc-powershell-core_31bf3856ad364e35_10.0.20348.1_none_34aa2a64e1ff8225\NetSecurity.types.ps1xml,,,,,,,C:\Windows\WinSxS\amd64_networking-mpssvc-powershell-core_31bf3856ad364e35_10.0.20348.2849_none_537d07894b57492f\NetSecurity.types.ps1xml,,,,,,,,,,,,,,,,,,,SCAFFOLD,0x3e7,DC$,S-1-5-18,,,,,,,,,00000000-0000-0000-0000-000000000000,,
2026-09-02T03:45:59.401279Z,4664,dc.scaffold.htb,Microsoft-Windows-Security-Auditing,Security,23596,0,,,,,,,C:\Windows\WinSxS\amd64_microsoft-windows-fodhelper-ux_31bf3856ad364e35_10.0.20348.1_none_bc5e67953955fd18\@optionalfeatures.png,,,,,,,C:\Windows\WinSxS\amd64_microsoft-windows-fodhelper-ux_31bf3856ad364e35_10.0.20348.3451_none_db5e3cd9a28b9dd4\@optionalfeatures.png,,,,,,,,,,,,,,,,,,,SCAFFOLD,0x3e7,DC$,S-1-5-18,,,,,,,,,00000000-0000-0000-0000-000000000000,,
2026-09-02T03:45:59.424482Z,4664,dc.scaffold.htb,Microsoft-Windows-Security-Auditing,Security,23597,0,,,,,,,C:\Windows\WinSxS\amd64_microsoft-windows-performancetoolsgui_31bf3856ad364e35_10.0.20348.1_none_2578bbaf69fa8689\perfmon.msc,,,,,,,C:\Windows\WinSxS\amd64_microsoft-windows-performancetoolsgui_31bf3856ad364e35_10.0.20348.2849_none_444b98d3d3524d93\perfmon.msc,,,,,,,,,,,,,,,,,,,SCAFFOLD,0x3e7,DC$,S-1-5-18,,,,,,,,,00000000-0000-0000-0000-000000000000,,
2026-09-02T03:45:59.433333Z,4664,dc.scaffold.htb,Microsoft-Windows-Security-Auditing,Security,23598,0,,,,,,,C:\Windows\WinSxS\amd64_microsoft-windows-p..rastructureconsumer_31bf3856ad364e35_10.0.20348.1_none_3d4b8c22f978a356\Report.System.Common.xml,,,,,,,C:\Windows\WinSxS\amd64_microsoft-windows-p..rastructureconsumer_31bf3856ad364e35_10.0.20348.4893_none_5c23f73562cb499b\Report.System.Common.xml,,,,,,,,,,,,,,,,,,,SCAFFOLD,0x3e7,DC$,S-1-5-18,,,,,,,,,00000000-0000-0000-0000-000000000000,,
2026-09-02T03:45:59.433924Z,4664,dc.scaffold.htb,Microsoft-Windows-Security-Auditing,Security,23599,0,,,,,,,C:\Windows\WinSxS\amd64_microsoft-windows-p..rastructureconsumer_31bf3856ad364e35_10.0.20348.1_none_3d4b8c22f978a356\Report.System.Configuration.xml,,,,,,,C:\Windows\WinSxS\amd64_microsoft-windows-p..rastructureconsumer_31bf3856ad364e35_10.0.20348.4893_none_5c23f73562cb499b\Report.System.Configuration.xml,,,,,,,,,,,,,,,,,,,SCAFFOLD,0x3e7,DC$,S-1-5-18,,,,,,,,,00000000-0000-0000-0000-000000000000,,
2026-09-02T03:45:59.434517Z,4664,dc.scaffold.htb,Microsoft-Windows-Security-Auditing,Security,23600,0,,,,,,,C:\Windows\WinSxS\amd64_microsoft-windows-p..rastructureconsumer_31bf3856ad364e35_10.0.20348.1_none_3d4b8c22f978a356\Report.System.CPU.xml,,,,,,,C:\Windows\WinSxS\amd64_microsoft-windows-p..rastructureconsumer_31bf3856ad364e35_10.0.20348.4893_none_5c23f73562cb499b\Report.System.CPU.xml,,,,,,,,,,,,,,,,,,,SCAFFOLD,0x3e7,DC$,S-1-5-18,,,,,,,,,00000000-0000-0000-0000-000000000000,,
2026-09-02T03:45:59.435102Z,4664,dc.scaffold.htb,Microsoft-Windows-Security-Auditing,Security,23601,0,,,,,,,C:\Windows\WinSxS\amd64_microsoft-windows-p..rastructureconsumer_31bf3856ad364e35_10.0.20348.1_none_3d4b8c22f978a356\Report.System.Diagnostics.xml,,,,,,,C:\Windows\WinSxS\amd64_microsoft-windows-p..rastructureconsumer_31bf3856ad364e35_10.0.20348.4893_none_5c23f73562cb499b\Report.System.Diagnostics.xml,,,,,,,,,,,,,,,,,,,SCAFFOLD,0x3e7,DC$,S-1-5-18,,,,,,,,,00000000-0000-0000-0000-000000000000,,
2026-09-02T03:45:59.435632Z,4664,dc.scaffold.htb,Microsoft-Windows-Security-Auditing,Security,23602,0,,,,,,,C:\Windows\WinSxS\amd64_microsoft-windows-p..rastructureconsumer_31bf3856ad364e35_10.0.20348.1_none_3d4b8c22f978a356\Report.System.Disk.xml,,,,,,,C:\Windows\WinSxS\amd64_microsoft-windows-p..rastructureconsumer_31bf3856ad364e35_10.0.20348.4893_none_5c23f73562cb499b\Report.System.Disk.xml,,,,,,,,,,,,,,,,,,,SCAFFOLD,0x3e7,DC$,S-1-5-18,,,,,,,,,00000000-0000-0000-0000-000000000000,,
2026-09-02T03:45:59.436235Z,4664,dc.scaffold.htb,Microsoft-Windows-Security-Auditing,Security,23603,0,,,,,,,C:\Windows\WinSxS\amd64_microsoft-windows-p..rastructureconsumer_31bf3856ad364e35_10.0.20348.1_none_3d4b8c22f978a356\Report.System.Memory.xml,,,,,,,C:\Windows\WinSxS\amd64_microsoft-windows-p..rastructureconsumer_31bf3856ad364e35_10.0.20348.4893_none_5c23f73562cb499b\Report.System.Memory.xml,,,,,,,,,,,,,,,,,,,SCAFFOLD,0x3e7,DC$,S-1-5-18,,,,,,,,,00000000-0000-0000-0000-000000000000,,
2026-09-02T03:45:59.436855Z,4664,dc.scaffold.htb,Microsoft-Windows-Security-Auditing,Security,23604,0,,,,,,,C:\Windows\WinSxS\amd64_microsoft-windows-p..rastructureconsumer_31bf3856ad364e35_10.0.20348.1_none_3d4b8c22f978a356\Report.System.Network.xml,,,,,,,C:\Windows\WinSxS\amd64_microsoft-windows-p..rastructureconsumer_31bf3856ad364e35_10.0.20348.4893_none_5c23f73562cb499b\Report.System.Network.xml,,,,,,,,,,,,,,,,,,,SCAFFOLD,0x3e7,DC$,S-1-5-18,,,,,,,,,00000000-0000-0000-0000-000000000000,,
2026-09-02T03:45:59.437418Z,4664,dc.scaffold.htb,Microsoft-Windows-Security-Auditing,Security,23605,0,,,,,,,C:\Windows\WinSxS\amd64_microsoft-windows-p..rastructureconsumer_31bf3856ad364e35_10.0.20348.1_none_3d4b8c22f978a356\Report.System.Performance.xml,,,,,,,C:\Windows\WinSxS\amd64_microsoft-windows-p..rastructureconsumer_31bf3856ad364e35_10.0.20348.4893_none_5c23f73562cb499b\Report.System.Performance.xml,,,,,,,,,,,,,,,,,,,SCAFFOLD,0x3e7,DC$,S-1-5-18,,,,,,,,,00000000-0000-0000-0000-000000000000,,
2026-09-02T03:45:59.438024Z,4664,dc.scaffold.htb,Microsoft-Windows-Security-Auditing,Security,23606,0,,,,,,,C:\Windows\WinSxS\amd64_microsoft-windows-p..rastructureconsumer_31bf3856ad364e35_10.0.20348.1_none_3d4b8c22f978a356\Report.System.Summary.xml,,,,,,,C:\Windows\WinSxS\amd64_microsoft-windows-p..rastructureconsumer_31bf3856ad364e35_10.0.20348.4893_none_5c23f73562cb499b\Report.System.Summary.xml,,,,,,,,,,,,,,,,,,,SCAFFOLD,0x3e7,DC$,S-1-5-18,,,,,,,,,00000000-0000-0000-0000-000000000000,,
2026-09-02T03:45:59.438563Z,4664,dc.scaffold.htb,Microsoft-Windows-Security-Auditing,Security,23607,0,,,,,,,C:\Windows\WinSxS\amd64_microsoft-windows-p..rastructureconsumer_31bf3856ad364e35_10.0.20348.1_none_3d4b8c22f978a356\Rules.System.Common.xml,,,,,,,C:\Windows\WinSxS\amd64_microsoft-windows-p..rastructureconsumer_31bf3856ad364e35_10.0.20348.4893_none_5c23f73562cb499b\Rules.System.Common.xml,,,,,,,,,,,,,,,,,,,SCAFFOLD,0x3e7,DC$,S-1-5-18,,,,,,,,,00000000-0000-0000-0000-000000000000,,
2026-09-02T03:45:59.439288Z,4664,dc.scaffold.htb,Microsoft-Windows-Security-Auditing,Security,23608,0,,,,,,,C:\Windows\WinSxS\amd64_microsoft-windows-p..rastructureconsumer_31bf3856ad364e35_10.0.20348.1_none_3d4b8c22f978a356\Rules.System.Configuration.xml,,,,,,,C:\Windows\WinSxS\amd64_microsoft-windows-p..rastructureconsumer_31bf3856ad364e35_10.0.20348.4893_none_5c23f73562cb499b\Rules.System.Configuration.xml,,,,,,,,,,,,,,,,,,,SCAFFOLD,0x3e7,DC$,S-1-5-18,,,,,,,,,00000000-0000-0000-0000-000000000000,,
2026-09-02T03:45:59.439821Z,4664,dc.scaffold.htb,Microsoft-Windows-Security-Auditing,Security,23609,0,,,,,,,C:\Windows\WinSxS\amd64_microsoft-windows-p..rastructureconsumer_31bf3856ad364e35_10.0.20348.1_none_3d4b8c22f978a356\Rules.System.CPU.xml,,,,,,,C:\Windows\WinSxS\amd64_microsoft-windows-p..rastructureconsumer_31bf3856ad364e35_10.0.20348.4893_none_5c23f73562cb499b\Rules.System.CPU.xml,,,,,,,,,,,,,,,,,,,SCAFFOLD,0x3e7,DC$,S-1-5-18,,,,,,,,,00000000-0000-0000-0000-000000000000,,
2026-09-02T03:45:59.441904Z,4664,dc.scaffold.htb,Microsoft-Windows-Security-Auditing,Security,23610,0,,,,,,,C:\Windows\WinSxS\amd64_microsoft-windows-p..rastructureconsumer_31bf3856ad364e35_10.0.20348.1_none_3d4b8c22f978a356\Rules.System.Diagnostics.xml,,,,,,,C:\Windows\WinSxS\amd64_microsoft-windows-p..rastructureconsumer_31bf3856ad364e35_10.0.20348.4893_none_5c23f73562cb499b\Rules.System.Diagnostics.xml,,,,,,,,,,,,,,,,,,,SCAFFOLD,0x3e7,DC$,S-1-5-18,,,,,,,,,00000000-0000-0000-0000-000000000000,,
2026-09-02T03:45:59.442515Z,4664,dc.scaffold.htb,Microsoft-Windows-Security-Auditing,Security,23611,0,,,,,,,C:\Windows\WinSxS\amd64_microsoft-windows-p..rastructureconsumer_31bf3856ad364e35_10.0.20348.1_none_3d4b8c22f978a356\Rules.System.Disk.xml,,,,,,,C:\Windows\WinSxS\amd64_microsoft-windows-p..rastructureconsumer_31bf3856ad364e35_10.0.20348.4893_none_5c23f73562cb499b\Rules.System.Disk.xml,,,,,,,,,,,,,,,,,,,SCAFFOLD,0x3e7,DC$,S-1-5-18,,,,,,,,,00000000-0000-0000-0000-000000000000,,
2026-09-02T03:45:59.443148Z,4664,dc.scaffold.htb,Microsoft-Windows-Security-Auditing,Security,23612,0,,,,,,,C:\Windows\WinSxS\amd64_microsoft-windows-p..rastructureconsumer_31bf3856ad364e35_10.0.20348.1_none_3d4b8c22f978a356\Rules.System.Finale.xml,,,,,,,C:\Windows\WinSxS\amd64_microsoft-windows-p..rastructureconsumer_31bf3856ad364e35_10.0.20348.4893_none_5c23f73562cb499b\Rules.System.Finale.xml,,,,,,,,,,,,,,,,,,,SCAFFOLD,0x3e7,DC$,S-1-5-18,,,,,,,,,00000000-0000-0000-0000-000000000000,,
2026-09-02T03:45:59.443726Z,4664,dc.scaffold.htb,Microsoft-Windows-Security-Auditing,Security,23613,0,,,,,,,C:\Windows\WinSxS\amd64_microsoft-windows-p..rastructureconsumer_31bf3856ad364e35_10.0.20348.1_none_3d4b8c22f978a356\Rules.System.Memory.xml,,,,,,,C:\Windows\WinSxS\amd64_microsoft-windows-p..rastructureconsumer_31bf3856ad364e35_10.0.20348.4893_none_5c23f73562cb499b\Rules.System.Memory.xml,,,,,,,,,,,,,,,,,,,SCAFFOLD,0x3e7,DC$,S-1-5-18,,,,,,,,,00000000-0000-0000-0000-000000000000,,
2026-09-02T03:45:59.444469Z,4664,dc.scaffold.htb,Microsoft-Windows-Security-Auditing,Security,23614,0,,,,,,,C:\Windows\WinSxS\amd64_microsoft-windows-p..rastructureconsumer_31bf3856ad364e35_10.0.20348.1_none_3d4b8c22f978a356\Rules.System.Network.xml,,,,,,,C:\Windows\WinSxS\amd64_microsoft-windows-p..rastructureconsumer_31bf3856ad364e35_10.0.20348.4893_none_5c23f73562cb499b\Rules.System.Network.xml,,,,,,,,,,,,,,,,,,,SCAFFOLD,0x3e7,DC$,S-1-5-18,,,,,,,,,00000000-0000-0000-0000-000000000000,,
2026-09-02T03:45:59.445012Z,4664,dc.scaffold.htb,Microsoft-Windows-Security-Auditing,Security,23615,0,,,,,,,C:\Windows\WinSxS\amd64_microsoft-windows-p..rastructureconsumer_31bf3856ad364e35_10.0.20348.1_none_3d4b8c22f978a356\Rules.System.Performance.xml,,,,,,,C:\Windows\WinSxS\amd64_microsoft-windows-p..rastructureconsumer_31bf3856ad364e35_10.0.20348.4893_none_5c23f73562cb499b\Rules.System.Performance.xml,,,,,,,,,,,,,,,,,,,SCAFFOLD,0x3e7,DC$,S-1-5-18,,,,,,,,,00000000-0000-0000-0000-000000000000,,
