2026-09-02T00:09:10.155851Z,4660,dc.scaffold.htb,Microsoft-Windows-Security-Auditing,Security,20518,0,,,,,,,,,0xb74,,,,,,,,,,,,,,Security,,,,,0x13bc,C:\Windows\WinSxS\amd64_microsoft-windows-servicingstack_31bf3856ad364e35_10.0.20348.557_none_f1edaeb8515fa10d\TiWorker.exe,,,,SCAFFOLD,0x3e7,DC$,S-1-5-18,,,,,,,,,29971112-A661-11F1-9932-005056B98D90,,
2026-09-02T00:09:10.157750Z,4663,dc.scaffold.htb,Microsoft-Windows-Security-Auditing,Security,20519,0,"%%4417
				",0x2,,,,,,,0x1588,,,,,,,,,,,,,C:\Windows\WinSxS\FileMaps,Security,File,,,,0x13bc,C:\Windows\WinSxS\amd64_microsoft-windows-servicingstack_31bf3856ad364e35_10.0.20348.557_none_f1edaeb8515fa10d\TiWorker.exe,,S:AI,,SCAFFOLD,0x3e7,DC$,S-1-5-18,,,,,,,,,,,
2026-09-02T00:09:10.158002Z,4663,dc.scaffold.htb,Microsoft-Windows-Security-Auditing,Security,20520,0,"%%1538
				",0x20000,,,,,,,0xb74,,,,,,,,,,,,,C:\Windows\WinSxS\FileMaps,Security,File,,,,0x13bc,C:\Windows\WinSxS\amd64_microsoft-windows-servicingstack_31bf3856ad364e35_10.0.20348.557_none_f1edaeb8515fa10d\TiWorker.exe,,S:AI,,SCAFFOLD,0x3e7,DC$,S-1-5-18,,,,,,,,,,,
2026-09-02T00:09:10.158153Z,4663,dc.scaffold.htb,Microsoft-Windows-Security-Auditing,Security,20521,0,"%%1538
				",0x20000,,,,,,,0xb74,,,,,,,,,,,,,C:\Windows\WinSxS\FileMaps,Security,File,,,,0x13bc,C:\Windows\WinSxS\amd64_microsoft-windows-servicingstack_31bf3856ad364e35_10.0.20348.557_none_f1edaeb8515fa10d\TiWorker.exe,,S:AI,,SCAFFOLD,0x3e7,DC$,S-1-5-18,,,,,,,,,,,
2026-09-02T00:09:10.159340Z,4663,dc.scaffold.htb,Microsoft-Windows-Security-Auditing,Security,20522,0,"%%1537
				",0x10000,,,,,,,0xb90,,,,,,,,,,,,,C:\Windows\WinSxS\FileMaps\$$_microsoft.net_framework_v4.0.30319_nativeimages_7f83bd6ed8241f3a.cdf-ms,Security,File,,,,0x13bc,C:\Windows\WinSxS\amd64_microsoft-windows-servicingstack_31bf3856ad364e35_10.0.20348.557_none_f1edaeb8515fa10d\TiWorker.exe,,S:AI,,SCAFFOLD,0x3e7,DC$,S-1-5-18,,,,,,,,,,,
2026-09-02T00:09:10.159344Z,4660,dc.scaffold.htb,Microsoft-Windows-Security-Auditing,Security,20523,0,,,,,,,,,0xb90,,,,,,,,,,,,,,Security,,,,,0x13bc,C:\Windows\WinSxS\amd64_microsoft-windows-servicingstack_31bf3856ad364e35_10.0.20348.557_none_f1edaeb8515fa10d\TiWorker.exe,,,,SCAFFOLD,0x3e7,DC$,S-1-5-18,,,,,,,,,29971112-A661-11F1-9932-005056B98D90,,
2026-09-02T00:09:10.161140Z,4663,dc.scaffold.htb,Microsoft-Windows-Security-Auditing,Security,20524,0,"%%4417
				",0x2,,,,,,,0x1588,,,,,,,,,,,,,C:\Windows\WinSxS\FileMaps,Security,File,,,,0x13bc,C:\Windows\WinSxS\amd64_microsoft-windows-servicingstack_31bf3856ad364e35_10.0.20348.557_none_f1edaeb8515fa10d\TiWorker.exe,,S:AI,,SCAFFOLD,0x3e7,DC$,S-1-5-18,,,,,,,,,,,
2026-09-02T00:09:10.161431Z,4663,dc.scaffold.htb,Microsoft-Windows-Security-Auditing,Security,20525,0,"%%1538
				",0x20000,,,,,,,0xb90,,,,,,,,,,,,,C:\Windows\WinSxS\FileMaps,Security,File,,,,0x13bc,C:\Windows\WinSxS\amd64_microsoft-windows-servicingstack_31bf3856ad364e35_10.0.20348.557_none_f1edaeb8515fa10d\TiWorker.exe,,S:AI,,SCAFFOLD,0x3e7,DC$,S-1-5-18,,,,,,,,,,,
2026-09-02T00:09:10.161555Z,4663,dc.scaffold.htb,Microsoft-Windows-Security-Auditing,Security,20526,0,"%%1538
				",0x20000,,,,,,,0xb90,,,,,,,,,,,,,C:\Windows\WinSxS\FileMaps,Security,File,,,,0x13bc,C:\Windows\WinSxS\amd64_microsoft-windows-servicingstack_31bf3856ad364e35_10.0.20348.557_none_f1edaeb8515fa10d\TiWorker.exe,,S:AI,,SCAFFOLD,0x3e7,DC$,S-1-5-18,,,,,,,,,,,
2026-09-02T00:09:10.162616Z,4663,dc.scaffold.htb,Microsoft-Windows-Security-Auditing,Security,20527,0,"%%1537
				",0x10000,,,,,,,0xa0c,,,,,,,,,,,,,C:\Windows\WinSxS\FileMaps\$$_microsoft.net_assembly_gac_msil_windowsbase_v4.0_4.0.0.0_31bf3856ad364e35_5764ca98829cd598.cdf-ms,Security,File,,,,0x13bc,C:\Windows\WinSxS\amd64_microsoft-windows-servicingstack_31bf3856ad364e35_10.0.20348.557_none_f1edaeb8515fa10d\TiWorker.exe,,S:AI,,SCAFFOLD,0x3e7,DC$,S-1-5-18,,,,,,,,,,,
2026-09-02T00:09:10.162620Z,4660,dc.scaffold.htb,Microsoft-Windows-Security-Auditing,Security,20528,0,,,,,,,,,0xa0c,,,,,,,,,,,,,,Security,,,,,0x13bc,C:\Windows\WinSxS\amd64_microsoft-windows-servicingstack_31bf3856ad364e35_10.0.20348.557_none_f1edaeb8515fa10d\TiWorker.exe,,,,SCAFFOLD,0x3e7,DC$,S-1-5-18,,,,,,,,,29971112-A661-11F1-9932-005056B98D90,,
2026-09-02T00:09:10.164540Z,4663,dc.scaffold.htb,Microsoft-Windows-Security-Auditing,Security,20529,0,"%%4417
				",0x2,,,,,,,0x1588,,,,,,,,,,,,,C:\Windows\WinSxS\FileMaps,Security,File,,,,0x13bc,C:\Windows\WinSxS\amd64_microsoft-windows-servicingstack_31bf3856ad364e35_10.0.20348.557_none_f1edaeb8515fa10d\TiWorker.exe,,S:AI,,SCAFFOLD,0x3e7,DC$,S-1-5-18,,,,,,,,,,,
2026-09-02T00:09:10.164807Z,4663,dc.scaffold.htb,Microsoft-Windows-Security-Auditing,Security,20530,0,"%%1538
				",0x20000,,,,,,,0xa0c,,,,,,,,,,,,,C:\Windows\WinSxS\FileMaps,Security,File,,,,0x13bc,C:\Windows\WinSxS\amd64_microsoft-windows-servicingstack_31bf3856ad364e35_10.0.20348.557_none_f1edaeb8515fa10d\TiWorker.exe,,S:AI,,SCAFFOLD,0x3e7,DC$,S-1-5-18,,,,,,,,,,,
2026-09-02T00:09:10.164948Z,4663,dc.scaffold.htb,Microsoft-Windows-Security-Auditing,Security,20531,0,"%%1538
				",0x20000,,,,,,,0xa0c,,,,,,,,,,,,,C:\Windows\WinSxS\FileMaps,Security,File,,,,0x13bc,C:\Windows\WinSxS\amd64_microsoft-windows-servicingstack_31bf3856ad364e35_10.0.20348.557_none_f1edaeb8515fa10d\TiWorker.exe,,S:AI,,SCAFFOLD,0x3e7,DC$,S-1-5-18,,,,,,,,,,,
2026-09-02T00:09:10.166226Z,4663,dc.scaffold.htb,Microsoft-Windows-Security-Auditing,Security,20532,0,"%%1537
				",0x10000,,,,,,,0xb74,,,,,,,,,,,,,C:\Windows\WinSxS\FileMaps\$$_microsoft.net_assembly_gac_msil_uiautomationtypes_v4.0_4.0.0.0_31bf3856ad364e35_1f12bec8f88f4450.cdf-ms,Security,File,,,,0x13bc,C:\Windows\WinSxS\amd64_microsoft-windows-servicingstack_31bf3856ad364e35_10.0.20348.557_none_f1edaeb8515fa10d\TiWorker.exe,,S:AI,,SCAFFOLD,0x3e7,DC$,S-1-5-18,,,,,,,,,,,
2026-09-02T00:09:10.166231Z,4660,dc.scaffold.htb,Microsoft-Windows-Security-Auditing,Security,20533,0,,,,,,,,,0xb74,,,,,,,,,,,,,,Security,,,,,0x13bc,C:\Windows\WinSxS\amd64_microsoft-windows-servicingstack_31bf3856ad364e35_10.0.20348.557_none_f1edaeb8515fa10d\TiWorker.exe,,,,SCAFFOLD,0x3e7,DC$,S-1-5-18,,,,,,,,,29971112-A661-11F1-9932-005056B98D90,,
2026-09-02T00:09:10.168086Z,4663,dc.scaffold.htb,Microsoft-Windows-Security-Auditing,Security,20534,0,"%%4417
				",0x2,,,,,,,0x1588,,,,,,,,,,,,,C:\Windows\WinSxS\FileMaps,Security,File,,,,0x13bc,C:\Windows\WinSxS\amd64_microsoft-windows-servicingstack_31bf3856ad364e35_10.0.20348.557_none_f1edaeb8515fa10d\TiWorker.exe,,S:AI,,SCAFFOLD,0x3e7,DC$,S-1-5-18,,,,,,,,,,,
2026-09-02T00:09:10.168397Z,4663,dc.scaffold.htb,Microsoft-Windows-Security-Auditing,Security,20535,0,"%%1538
				",0x20000,,,,,,,0xb74,,,,,,,,,,,,,C:\Windows\WinSxS\FileMaps,Security,File,,,,0x13bc,C:\Windows\WinSxS\amd64_microsoft-windows-servicingstack_31bf3856ad364e35_10.0.20348.557_none_f1edaeb8515fa10d\TiWorker.exe,,S:AI,,SCAFFOLD,0x3e7,DC$,S-1-5-18,,,,,,,,,,,
2026-09-02T00:09:10.168619Z,4663,dc.scaffold.htb,Microsoft-Windows-Security-Auditing,Security,20536,0,"%%1538
				",0x20000,,,,,,,0xb74,,,,,,,,,,,,,C:\Windows\WinSxS\FileMaps,Security,File,,,,0x13bc,C:\Windows\WinSxS\amd64_microsoft-windows-servicingstack_31bf3856ad364e35_10.0.20348.557_none_f1edaeb8515fa10d\TiWorker.exe,,S:AI,,SCAFFOLD,0x3e7,DC$,S-1-5-18,,,,,,,,,,,
2026-09-02T00:09:10.169741Z,4663,dc.scaffold.htb,Microsoft-Windows-Security-Auditing,Security,20537,0,"%%1537
				",0x10000,,,,,,,0xb90,,,,,,,,,,,,,C:\Windows\WinSxS\FileMaps\$$_microsoft.net_assembly_gac_msil_uiautomationprovider_v4.0_4.0.0.0_31bf3856ad364e35_6bb637099f04ee2c.cdf-ms,Security,File,,,,0x13bc,C:\Windows\WinSxS\amd64_microsoft-windows-servicingstack_31bf3856ad364e35_10.0.20348.557_none_f1edaeb8515fa10d\TiWorker.exe,,S:AI,,SCAFFOLD,0x3e7,DC$,S-1-5-18,,,,,,,,,,,
2026-09-02T00:09:10.169777Z,4660,dc.scaffold.htb,Microsoft-Windows-Security-Auditing,Security,20538,0,,,,,,,,,0xb90,,,,,,,,,,,,,,Security,,,,,0x13bc,C:\Windows\WinSxS\amd64_microsoft-windows-servicingstack_31bf3856ad364e35_10.0.20348.557_none_f1edaeb8515fa10d\TiWorker.exe,,,,SCAFFOLD,0x3e7,DC$,S-1-5-18,,,,,,,,,29971112-A661-11F1-9932-005056B98D90,,
2026-09-02T00:09:10.171448Z,4663,dc.scaffold.htb,Microsoft-Windows-Security-Auditing,Security,20539,0,"%%4417
				",0x2,,,,,,,0x1588,,,,,,,,,,,,,C:\Windows\WinSxS\FileMaps,Security,File,,,,0x13bc,C:\Windows\WinSxS\amd64_microsoft-windows-servicingstack_31bf3856ad364e35_10.0.20348.557_none_f1edaeb8515fa10d\TiWorker.exe,,S:AI,,SCAFFOLD,0x3e7,DC$,S-1-5-18,,,,,,,,,,,
2026-09-02T00:09:10.171727Z,4663,dc.scaffold.htb,Microsoft-Windows-Security-Auditing,Security,20540,0,"%%1538
				",0x20000,,,,,,,0xb90,,,,,,,,,,,,,C:\Windows\WinSxS\FileMaps,Security,File,,,,0x13bc,C:\Windows\WinSxS\amd64_microsoft-windows-servicingstack_31bf3856ad364e35_10.0.20348.557_none_f1edaeb8515fa10d\TiWorker.exe,,S:AI,,SCAFFOLD,0x3e7,DC$,S-1-5-18,,,,,,,,,,,
2026-09-02T00:09:10.171924Z,4663,dc.scaffold.htb,Microsoft-Windows-Security-Auditing,Security,20541,0,"%%1538
				",0x20000,,,,,,,0xb90,,,,,,,,,,,,,C:\Windows\WinSxS\FileMaps,Security,File,,,,0x13bc,C:\Windows\WinSxS\amd64_microsoft-windows-servicingstack_31bf3856ad364e35_10.0.20348.557_none_f1edaeb8515fa10d\TiWorker.exe,,S:AI,,SCAFFOLD,0x3e7,DC$,S-1-5-18,,,,,,,,,,,
2026-09-02T00:09:10.173647Z,4663,dc.scaffold.htb,Microsoft-Windows-Security-Auditing,Security,20542,0,"%%1537
				",0x10000,,,,,,,0xa0c,,,,,,,,,,,,,C:\Windows\WinSxS\FileMaps\$$_microsoft.net_assembly_gac_msil_uiautomationclientsideproviders_v4.0_4.0.0.0_31bf3856ad364e35_6944991d7b306f0d.cdf-ms,Security,File,,,,0x13bc,C:\Windows\WinSxS\amd64_microsoft-windows-servicingstack_31bf3856ad364e35_10.0.20348.557_none_f1edaeb8515fa10d\TiWorker.exe,,S:AI,,SCAFFOLD,0x3e7,DC$,S-1-5-18,,,,,,,,,,,
2026-09-02T00:09:10.173651Z,4660,dc.scaffold.htb,Microsoft-Windows-Security-Auditing,Security,20543,0,,,,,,,,,0xa0c,,,,,,,,,,,,,,Security,,,,,0x13bc,C:\Windows\WinSxS\amd64_microsoft-windows-servicingstack_31bf3856ad364e35_10.0.20348.557_none_f1edaeb8515fa10d\TiWorker.exe,,,,SCAFFOLD,0x3e7,DC$,S-1-5-18,,,,,,,,,29971112-A661-11F1-9932-005056B98D90,,
2026-09-02T00:09:10.175454Z,4663,dc.scaffold.htb,Microsoft-Windows-Security-Auditing,Security,20544,0,"%%4417
				",0x2,,,,,,,0x1588,,,,,,,,,,,,,C:\Windows\WinSxS\FileMaps,Security,File,,,,0x13bc,C:\Windows\WinSxS\amd64_microsoft-windows-servicingstack_31bf3856ad364e35_10.0.20348.557_none_f1edaeb8515fa10d\TiWorker.exe,,S:AI,,SCAFFOLD,0x3e7,DC$,S-1-5-18,,,,,,,,,,,
2026-09-02T00:09:10.175721Z,4663,dc.scaffold.htb,Microsoft-Windows-Security-Auditing,Security,20545,0,"%%1538
				",0x20000,,,,,,,0xa0c,,,,,,,,,,,,,C:\Windows\WinSxS\FileMaps,Security,File,,,,0x13bc,C:\Windows\WinSxS\amd64_microsoft-windows-servicingstack_31bf3856ad364e35_10.0.20348.557_none_f1edaeb8515fa10d\TiWorker.exe,,S:AI,,SCAFFOLD,0x3e7,DC$,S-1-5-18,,,,,,,,,,,
2026-09-02T00:09:10.175860Z,4663,dc.scaffold.htb,Microsoft-Windows-Security-Auditing,Security,20546,0,"%%1538
				",0x20000,,,,,,,0xa0c,,,,,,,,,,,,,C:\Windows\WinSxS\FileMaps,Security,File,,,,0x13bc,C:\Windows\WinSxS\amd64_microsoft-windows-servicingstack_31bf3856ad364e35_10.0.20348.557_none_f1edaeb8515fa10d\TiWorker.exe,,S:AI,,SCAFFOLD,0x3e7,DC$,S-1-5-18,,,,,,,,,,,
2026-09-02T00:09:10.177717Z,4663,dc.scaffold.htb,Microsoft-Windows-Security-Auditing,Security,20547,0,"%%1537
				",0x10000,,,,,,,0xb74,,,,,,,,,,,,,C:\Windows\WinSxS\FileMaps\$$_microsoft.net_assembly_gac_msil_uiautomationclient_v4.0_4.0.0.0_31bf3856ad364e35_35816ba0d06901c4.cdf-ms,Security,File,,,,0x13bc,C:\Windows\WinSxS\amd64_microsoft-windows-servicingstack_31bf3856ad364e35_10.0.20348.557_none_f1edaeb8515fa10d\TiWorker.exe,,S:AI,,SCAFFOLD,0x3e7,DC$,S-1-5-18,,,,,,,,,,,
2026-09-02T00:09:10.177740Z,4660,dc.scaffold.htb,Microsoft-Windows-Security-Auditing,Security,20548,0,,,,,,,,,0xb74,,,,,,,,,,,,,,Security,,,,,0x13bc,C:\Windows\WinSxS\amd64_microsoft-windows-servicingstack_31bf3856ad364e35_10.0.20348.557_none_f1edaeb8515fa10d\TiWorker.exe,,,,SCAFFOLD,0x3e7,DC$,S-1-5-18,,,,,,,,,29971112-A661-11F1-9932-005056B98D90,,
2026-09-02T00:09:10.179456Z,4663,dc.scaffold.htb,Microsoft-Windows-Security-Auditing,Security,20549,0,"%%4417
				",0x2,,,,,,,0x1588,,,,,,,,,,,,,C:\Windows\WinSxS\FileMaps,Security,File,,,,0x13bc,C:\Windows\WinSxS\amd64_microsoft-windows-servicingstack_31bf3856ad364e35_10.0.20348.557_none_f1edaeb8515fa10d\TiWorker.exe,,S:AI,,SCAFFOLD,0x3e7,DC$,S-1-5-18,,,,,,,,,,,
2026-09-02T00:09:10.179805Z,4663,dc.scaffold.htb,Microsoft-Windows-Security-Auditing,Security,20550,0,"%%1538
				",0x20000,,,,,,,0xb74,,,,,,,,,,,,,C:\Windows\WinSxS\FileMaps,Security,File,,,,0x13bc,C:\Windows\WinSxS\amd64_microsoft-windows-servicingstack_31bf3856ad364e35_10.0.20348.557_none_f1edaeb8515fa10d\TiWorker.exe,,S:AI,,SCAFFOLD,0x3e7,DC$,S-1-5-18,,,,,,,,,,,
2026-09-02T00:09:10.179982Z,4663,dc.scaffold.htb,Microsoft-Windows-Security-Auditing,Security,20551,0,"%%1538
				",0x20000,,,,,,,0xb74,,,,,,,,,,,,,C:\Windows\WinSxS\FileMaps,Security,File,,,,0x13bc,C:\Windows\WinSxS\amd64_microsoft-windows-servicingstack_31bf3856ad364e35_10.0.20348.557_none_f1edaeb8515fa10d\TiWorker.exe,,S:AI,,SCAFFOLD,0x3e7,DC$,S-1-5-18,,,,,,,,,,,
2026-09-02T00:09:10.181195Z,4663,dc.scaffold.htb,Microsoft-Windows-Security-Auditing,Security,20552,0,"%%1537
				",0x10000,,,,,,,0xb90,,,,,,,,,,,,,C:\Windows\WinSxS\FileMaps\$$_microsoft.net_assembly_gac_msil_system.xaml_v4.0_4.0.0.0_b77a5c561934e089_6747aba031bff5b1.cdf-ms,Security,File,,,,0x13bc,C:\Windows\WinSxS\amd64_microsoft-windows-servicingstack_31bf3856ad364e35_10.0.20348.557_none_f1edaeb8515fa10d\TiWorker.exe,,S:AI,,SCAFFOLD,0x3e7,DC$,S-1-5-18,,,,,,,,,,,
2026-09-02T00:09:10.181200Z,4660,dc.scaffold.htb,Microsoft-Windows-Security-Auditing,Security,20553,0,,,,,,,,,0xb90,,,,,,,,,,,,,,Security,,,,,0x13bc,C:\Windows\WinSxS\amd64_microsoft-windows-servicingstack_31bf3856ad364e35_10.0.20348.557_none_f1edaeb8515fa10d\TiWorker.exe,,,,SCAFFOLD,0x3e7,DC$,S-1-5-18,,,,,,,,,29971112-A661-11F1-9932-005056B98D90,,
2026-09-02T00:09:10.183152Z,4663,dc.scaffold.htb,Microsoft-Windows-Security-Auditing,Security,20554,0,"%%4417
				",0x2,,,,,,,0x1588,,,,,,,,,,,,,C:\Windows\WinSxS\FileMaps,Security,File,,,,0x13bc,C:\Windows\WinSxS\amd64_microsoft-windows-servicingstack_31bf3856ad364e35_10.0.20348.557_none_f1edaeb8515fa10d\TiWorker.exe,,S:AI,,SCAFFOLD,0x3e7,DC$,S-1-5-18,,,,,,,,,,,
2026-09-02T00:09:10.183428Z,4663,dc.scaffold.htb,Microsoft-Windows-Security-Auditing,Security,20555,0,"%%1538
				",0x20000,,,,,,,0xb90,,,,,,,,,,,,,C:\Windows\WinSxS\FileMaps,Security,File,,,,0x13bc,C:\Windows\WinSxS\amd64_microsoft-windows-servicingstack_31bf3856ad364e35_10.0.20348.557_none_f1edaeb8515fa10d\TiWorker.exe,,S:AI,,SCAFFOLD,0x3e7,DC$,S-1-5-18,,,,,,,,,,,
2026-09-02T00:09:10.183598Z,4663,dc.scaffold.htb,Microsoft-Windows-Security-Auditing,Security,20556,0,"%%1538
				",0x20000,,,,,,,0xb90,,,,,,,,,,,,,C:\Windows\WinSxS\FileMaps,Security,File,,,,0x13bc,C:\Windows\WinSxS\amd64_microsoft-windows-servicingstack_31bf3856ad364e35_10.0.20348.557_none_f1edaeb8515fa10d\TiWorker.exe,,S:AI,,SCAFFOLD,0x3e7,DC$,S-1-5-18,,,,,,,,,,,
2026-09-02T00:09:10.184993Z,4663,dc.scaffold.htb,Microsoft-Windows-Security-Auditing,Security,20557,0,"%%1537
				",0x10000,,,,,,,0xa0c,,,,,,,,,,,,,C:\Windows\WinSxS\FileMaps\$$_microsoft.net_assembly_gac_msil_system.windows.forms_v4.0_4.0.0.0_b77a5c561934e089_7780f78ea9286b2d.cdf-ms,Security,File,,,,0x13bc,C:\Windows\WinSxS\amd64_microsoft-windows-servicingstack_31bf3856ad364e35_10.0.20348.557_none_f1edaeb8515fa10d\TiWorker.exe,,S:AI,,SCAFFOLD,0x3e7,DC$,S-1-5-18,,,,,,,,,,,
2026-09-02T00:09:10.184998Z,4660,dc.scaffold.htb,Microsoft-Windows-Security-Auditing,Security,20558,0,,,,,,,,,0xa0c,,,,,,,,,,,,,,Security,,,,,0x13bc,C:\Windows\WinSxS\amd64_microsoft-windows-servicingstack_31bf3856ad364e35_10.0.20348.557_none_f1edaeb8515fa10d\TiWorker.exe,,,,SCAFFOLD,0x3e7,DC$,S-1-5-18,,,,,,,,,29971112-A661-11F1-9932-005056B98D90,,
2026-09-02T00:09:10.187469Z,4663,dc.scaffold.htb,Microsoft-Windows-Security-Auditing,Security,20559,0,"%%4417
				",0x2,,,,,,,0x1588,,,,,,,,,,,,,C:\Windows\WinSxS\FileMaps,Security,File,,,,0x13bc,C:\Windows\WinSxS\amd64_microsoft-windows-servicingstack_31bf3856ad364e35_10.0.20348.557_none_f1edaeb8515fa10d\TiWorker.exe,,S:AI,,SCAFFOLD,0x3e7,DC$,S-1-5-18,,,,,,,,,,,
2026-09-02T00:09:10.187877Z,4663,dc.scaffold.htb,Microsoft-Windows-Security-Auditing,Security,20560,0,"%%1538
				",0x20000,,,,,,,0xa0c,,,,,,,,,,,,,C:\Windows\WinSxS\FileMaps,Security,File,,,,0x13bc,C:\Windows\WinSxS\amd64_microsoft-windows-servicingstack_31bf3856ad364e35_10.0.20348.557_none_f1edaeb8515fa10d\TiWorker.exe,,S:AI,,SCAFFOLD,0x3e7,DC$,S-1-5-18,,,,,,,,,,,
2026-09-02T00:09:10.187971Z,4663,dc.scaffold.htb,Microsoft-Windows-Security-Auditing,Security,20561,0,"%%1538
				",0x20000,,,,,,,0xa0c,,,,,,,,,,,,,C:\Windows\WinSxS\FileMaps,Security,File,,,,0x13bc,C:\Windows\WinSxS\amd64_microsoft-windows-servicingstack_31bf3856ad364e35_10.0.20348.557_none_f1edaeb8515fa10d\TiWorker.exe,,S:AI,,SCAFFOLD,0x3e7,DC$,S-1-5-18,,,,,,,,,,,
2026-09-02T00:09:10.189333Z,4663,dc.scaffold.htb,Microsoft-Windows-Security-Auditing,Security,20562,0,"%%1537
				",0x10000,,,,,,,0xb74,,,,,,,,,,,,,C:\Windows\WinSxS\FileMaps\$$_microsoft.net_assembly_gac_msil_system.windows.controls.ribbon_v4.0_4.0.0.0_b77a5c561934e089_f0c023acb7bafe74.cdf-ms,Security,File,,,,0x13bc,C:\Windows\WinSxS\amd64_microsoft-windows-servicingstack_31bf3856ad364e35_10.0.20348.557_none_f1edaeb8515fa10d\TiWorker.exe,,S:AI,,SCAFFOLD,0x3e7,DC$,S-1-5-18,,,,,,,,,,,
2026-09-02T00:09:10.189338Z,4660,dc.scaffold.htb,Microsoft-Windows-Security-Auditing,Security,20563,0,,,,,,,,,0xb74,,,,,,,,,,,,,,Security,,,,,0x13bc,C:\Windows\WinSxS\amd64_microsoft-windows-servicingstack_31bf3856ad364e35_10.0.20348.557_none_f1edaeb8515fa10d\TiWorker.exe,,,,SCAFFOLD,0x3e7,DC$,S-1-5-18,,,,,,,,,29971112-A661-11F1-9932-005056B98D90,,
2026-09-02T00:09:10.192046Z,4663,dc.scaffold.htb,Microsoft-Windows-Security-Auditing,Security,20564,0,"%%4417
				",0x2,,,,,,,0x1588,,,,,,,,,,,,,C:\Windows\WinSxS\FileMaps,Security,File,,,,0x13bc,C:\Windows\WinSxS\amd64_microsoft-windows-servicingstack_31bf3856ad364e35_10.0.20348.557_none_f1edaeb8515fa10d\TiWorker.exe,,S:AI,,SCAFFOLD,0x3e7,DC$,S-1-5-18,,,,,,,,,,,
2026-09-02T00:09:10.192393Z,4663,dc.scaffold.htb,Microsoft-Windows-Security-Auditing,Security,20565,0,"%%1538
				",0x20000,,,,,,,0xb74,,,,,,,,,,,,,C:\Windows\WinSxS\FileMaps,Security,File,,,,0x13bc,C:\Windows\WinSxS\amd64_microsoft-windows-servicingstack_31bf3856ad364e35_10.0.20348.557_none_f1edaeb8515fa10d\TiWorker.exe,,S:AI,,SCAFFOLD,0x3e7,DC$,S-1-5-18,,,,,,,,,,,
2026-09-02T00:09:10.192590Z,4663,dc.scaffold.htb,Microsoft-Windows-Security-Auditing,Security,20566,0,"%%1538
				",0x20000,,,,,,,0xb74,,,,,,,,,,,,,C:\Windows\WinSxS\FileMaps,Security,File,,,,0x13bc,C:\Windows\WinSxS\amd64_microsoft-windows-servicingstack_31bf3856ad364e35_10.0.20348.557_none_f1edaeb8515fa10d\TiWorker.exe,,S:AI,,SCAFFOLD,0x3e7,DC$,S-1-5-18,,,,,,,,,,,
2026-09-02T00:09:10.194244Z,4663,dc.scaffold.htb,Microsoft-Windows-Security-Auditing,Security,20567,0,"%%1537
				",0x10000,,,,,,,0xb90,,,,,,,,,,,,,C:\Windows\WinSxS\FileMaps\$$_microsoft.net_assembly_gac_msil_system.core_v4.0_4.0.0.0_b77a5c561934e089_18d3047bb5729e36.cdf-ms,Security,File,,,,0x13bc,C:\Windows\WinSxS\amd64_microsoft-windows-servicingstack_31bf3856ad364e35_10.0.20348.557_none_f1edaeb8515fa10d\TiWorker.exe,,S:AI,,SCAFFOLD,0x3e7,DC$,S-1-5-18,,,,,,,,,,,
2026-09-02T00:09:10.194251Z,4660,dc.scaffold.htb,Microsoft-Windows-Security-Auditing,Security,20568,0,,,,,,,,,0xb90,,,,,,,,,,,,,,Security,,,,,0x13bc,C:\Windows\WinSxS\amd64_microsoft-windows-servicingstack_31bf3856ad364e35_10.0.20348.557_none_f1edaeb8515fa10d\TiWorker.exe,,,,SCAFFOLD,0x3e7,DC$,S-1-5-18,,,,,,,,,29971112-A661-11F1-9932-005056B98D90,,
2026-09-02T00:09:10.197155Z,4663,dc.scaffold.htb,Microsoft-Windows-Security-Auditing,Security,20569,0,"%%4417
				",0x2,,,,,,,0x1588,,,,,,,,,,,,,C:\Windows\WinSxS\FileMaps,Security,File,,,,0x13bc,C:\Windows\WinSxS\amd64_microsoft-windows-servicingstack_31bf3856ad364e35_10.0.20348.557_none_f1edaeb8515fa10d\TiWorker.exe,,S:AI,,SCAFFOLD,0x3e7,DC$,S-1-5-18,,,,,,,,,,,
2026-09-02T00:09:10.197462Z,4663,dc.scaffold.htb,Microsoft-Windows-Security-Auditing,Security,20570,0,"%%1538
				",0x20000,,,,,,,0xb74,,,,,,,,,,,,,C:\Windows\WinSxS\FileMaps,Security,File,,,,0x13bc,C:\Windows\WinSxS\amd64_microsoft-windows-servicingstack_31bf3856ad364e35_10.0.20348.557_none_f1edaeb8515fa10d\TiWorker.exe,,S:AI,,SCAFFOLD,0x3e7,DC$,S-1-5-18,,,,,,,,,,,
2026-09-02T00:09:10.197681Z,4663,dc.scaffold.htb,Microsoft-Windows-Security-Auditing,Security,20571,0,"%%1538
				",0x20000,,,,,,,0xb74,,,,,,,,,,,,,C:\Windows\WinSxS\FileMaps,Security,File,,,,0x13bc,C:\Windows\WinSxS\amd64_microsoft-windows-servicingstack_31bf3856ad364e35_10.0.20348.557_none_f1edaeb8515fa10d\TiWorker.exe,,S:AI,,SCAFFOLD,0x3e7,DC$,S-1-5-18,,,,,,,,,,,
2026-09-02T00:09:10.200964Z,4663,dc.scaffold.htb,Microsoft-Windows-Security-Auditing,Security,20572,0,"%%1537
				",0x10000,,,,,,,0xb90,,,,,,,,,,,,,C:\Windows\WinSxS\FileMaps\$$_microsoft.net_assembly_gac_msil_system_v4.0_4.0.0.0_b77a5c561934e089_4348a29e5981af79.cdf-ms,Security,File,,,,0x13bc,C:\Windows\WinSxS\amd64_microsoft-windows-servicingstack_31bf3856ad364e35_10.0.20348.557_none_f1edaeb8515fa10d\TiWorker.exe,,S:AI,,SCAFFOLD,0x3e7,DC$,S-1-5-18,,,,,,,,,,,
2026-09-02T00:09:10.200970Z,4660,dc.scaffold.htb,Microsoft-Windows-Security-Auditing,Security,20573,0,,,,,,,,,0xb90,,,,,,,,,,,,,,Security,,,,,0x13bc,C:\Windows\WinSxS\amd64_microsoft-windows-servicingstack_31bf3856ad364e35_10.0.20348.557_none_f1edaeb8515fa10d\TiWorker.exe,,,,SCAFFOLD,0x3e7,DC$,S-1-5-18,,,,,,,,,29971112-A661-11F1-9932-005056B98D90,,
2026-09-02T00:09:10.202778Z,4663,dc.scaffold.htb,Microsoft-Windows-Security-Auditing,Security,20574,0,"%%4417
				",0x2,,,,,,,0x1588,,,,,,,,,,,,,C:\Windows\WinSxS\FileMaps,Security,File,,,,0x13bc,C:\Windows\WinSxS\amd64_microsoft-windows-servicingstack_31bf3856ad364e35_10.0.20348.557_none_f1edaeb8515fa10d\TiWorker.exe,,S:AI,,SCAFFOLD,0x3e7,DC$,S-1-5-18,,,,,,,,,,,
2026-09-02T00:09:10.203067Z,4663,dc.scaffold.htb,Microsoft-Windows-Security-Auditing,Security,20575,0,"%%1538
				",0x20000,,,,,,,0xa10,,,,,,,,,,,,,C:\Windows\WinSxS\FileMaps,Security,File,,,,0x13bc,C:\Windows\WinSxS\amd64_microsoft-windows-servicingstack_31bf3856ad364e35_10.0.20348.557_none_f1edaeb8515fa10d\TiWorker.exe,,S:AI,,SCAFFOLD,0x3e7,DC$,S-1-5-18,,,,,,,,,,,
2026-09-02T00:09:10.203215Z,4663,dc.scaffold.htb,Microsoft-Windows-Security-Auditing,Security,20576,0,"%%1538
				",0x20000,,,,,,,0xa10,,,,,,,,,,,,,C:\Windows\WinSxS\FileMaps,Security,File,,,,0x13bc,C:\Windows\WinSxS\amd64_microsoft-windows-servicingstack_31bf3856ad364e35_10.0.20348.557_none_f1edaeb8515fa10d\TiWorker.exe,,S:AI,,SCAFFOLD,0x3e7,DC$,S-1-5-18,,,,,,,,,,,
2026-09-02T00:09:10.204628Z,4663,dc.scaffold.htb,Microsoft-Windows-Security-Auditing,Security,20577,0,"%%1537
				",0x10000,,,,,,,0xa0c,,,,,,,,,,,,,C:\Windows\WinSxS\FileMaps\$$_microsoft.net_assembly_gac_msil_presentationframework-systemdata_v4.0_4.0.0.0_b77a5c561934e089_89b90455552a8828.cdf-ms,Security,File,,,,0x13bc,C:\Windows\WinSxS\amd64_microsoft-windows-servicingstack_31bf3856ad364e35_10.0.20348.557_none_f1edaeb8515fa10d\TiWorker.exe,,S:AI,,SCAFFOLD,0x3e7,DC$,S-1-5-18,,,,,,,,,,,
2026-09-02T00:09:10.204634Z,4660,dc.scaffold.htb,Microsoft-Windows-Security-Auditing,Security,20578,0,,,,,,,,,0xa0c,,,,,,,,,,,,,,Security,,,,,0x13bc,C:\Windows\WinSxS\amd64_microsoft-windows-servicingstack_31bf3856ad364e35_10.0.20348.557_none_f1edaeb8515fa10d\TiWorker.exe,,,,SCAFFOLD,0x3e7,DC$,S-1-5-18,,,,,,,,,29971112-A661-11F1-9932-005056B98D90,,
2026-09-02T00:09:10.206553Z,4663,dc.scaffold.htb,Microsoft-Windows-Security-Auditing,Security,20579,0,"%%4417
				",0x2,,,,,,,0x1588,,,,,,,,,,,,,C:\Windows\WinSxS\FileMaps,Security,File,,,,0x13bc,C:\Windows\WinSxS\amd64_microsoft-windows-servicingstack_31bf3856ad364e35_10.0.20348.557_none_f1edaeb8515fa10d\TiWorker.exe,,S:AI,,SCAFFOLD,0x3e7,DC$,S-1-5-18,,,,,,,,,,,
2026-09-02T00:09:10.206959Z,4663,dc.scaffold.htb,Microsoft-Windows-Security-Auditing,Security,20580,0,"%%1538
				",0x20000,,,,,,,0xa0c,,,,,,,,,,,,,C:\Windows\WinSxS\FileMaps,Security,File,,,,0x13bc,C:\Windows\WinSxS\amd64_microsoft-windows-servicingstack_31bf3856ad364e35_10.0.20348.557_none_f1edaeb8515fa10d\TiWorker.exe,,S:AI,,SCAFFOLD,0x3e7,DC$,S-1-5-18,,,,,,,,,,,
2026-09-02T00:09:10.207070Z,4663,dc.scaffold.htb,Microsoft-Windows-Security-Auditing,Security,20581,0,"%%1538
				",0x20000,,,,,,,0xa0c,,,,,,,,,,,,,C:\Windows\WinSxS\FileMaps,Security,File,,,,0x13bc,C:\Windows\WinSxS\amd64_microsoft-windows-servicingstack_31bf3856ad364e35_10.0.20348.557_none_f1edaeb8515fa10d\TiWorker.exe,,S:AI,,SCAFFOLD,0x3e7,DC$,S-1-5-18,,,,,,,,,,,
2026-09-02T00:09:10.209014Z,4663,dc.scaffold.htb,Microsoft-Windows-Security-Auditing,Security,20582,0,"%%1537
				",0x10000,,,,,,,0xb74,,,,,,,,,,,,,C:\Windows\WinSxS\FileMaps\$$_microsoft.net_assembly_gac_msil_presentationframework_v4.0_4.0.0.0_31bf3856ad364e35_b57a3b1abb4f9cb2.cdf-ms,Security,File,,,,0x13bc,C:\Windows\WinSxS\amd64_microsoft-windows-servicingstack_31bf3856ad364e35_10.0.20348.557_none_f1edaeb8515fa10d\TiWorker.exe,,S:AI,,SCAFFOLD,0x3e7,DC$,S-1-5-18,,,,,,,,,,,
2026-09-02T00:09:10.209022Z,4660,dc.scaffold.htb,Microsoft-Windows-Security-Auditing,Security,20583,0,,,,,,,,,0xb74,,,,,,,,,,,,,,Security,,,,,0x13bc,C:\Windows\WinSxS\amd64_microsoft-windows-servicingstack_31bf3856ad364e35_10.0.20348.557_none_f1edaeb8515fa10d\TiWorker.exe,,,,SCAFFOLD,0x3e7,DC$,S-1-5-18,,,,,,,,,29971112-A661-11F1-9932-005056B98D90,,
2026-09-02T00:09:10.211008Z,4663,dc.scaffold.htb,Microsoft-Windows-Security-Auditing,Security,20584,0,"%%4417
				",0x2,,,,,,,0x1588,,,,,,,,,,,,,C:\Windows\WinSxS\FileMaps,Security,File,,,,0x13bc,C:\Windows\WinSxS\amd64_microsoft-windows-servicingstack_31bf3856ad364e35_10.0.20348.557_none_f1edaeb8515fa10d\TiWorker.exe,,S:AI,,SCAFFOLD,0x3e7,DC$,S-1-5-18,,,,,,,,,,,
2026-09-02T00:09:10.211337Z,4663,dc.scaffold.htb,Microsoft-Windows-Security-Auditing,Security,20585,0,"%%1538
				",0x20000,,,,,,,0xb74,,,,,,,,,,,,,C:\Windows\WinSxS\FileMaps,Security,File,,,,0x13bc,C:\Windows\WinSxS\amd64_microsoft-windows-servicingstack_31bf3856ad364e35_10.0.20348.557_none_f1edaeb8515fa10d\TiWorker.exe,,S:AI,,SCAFFOLD,0x3e7,DC$,S-1-5-18,,,,,,,,,,,
2026-09-02T00:09:10.211461Z,4663,dc.scaffold.htb,Microsoft-Windows-Security-Auditing,Security,20586,0,"%%1538
				",0x20000,,,,,,,0xb74,,,,,,,,,,,,,C:\Windows\WinSxS\FileMaps,Security,File,,,,0x13bc,C:\Windows\WinSxS\amd64_microsoft-windows-servicingstack_31bf3856ad364e35_10.0.20348.557_none_f1edaeb8515fa10d\TiWorker.exe,,S:AI,,SCAFFOLD,0x3e7,DC$,S-1-5-18,,,,,,,,,,,
2026-09-02T00:09:10.212791Z,4663,dc.scaffold.htb,Microsoft-Windows-Security-Auditing,Security,20587,0,"%%1537
				",0x10000,,,,,,,0xa10,,,,,,,,,,,,,C:\Windows\Microsoft.NET\assembly\GAC_MSIL\PresentationFramework\v4.0_4.0.0.0__31bf3856ad364e35\PresentationFramework.dll,Security,File,,,,0x13bc,C:\Windows\WinSxS\amd64_microsoft-windows-servicingstack_31bf3856ad364e35_10.0.20348.557_none_f1edaeb8515fa10d\TiWorker.exe,,S:AI,,SCAFFOLD,0x3e7,DC$,S-1-5-18,,,,,,,,,,,
2026-09-02T00:09:10.213658Z,4660,dc.scaffold.htb,Microsoft-Windows-Security-Auditing,Security,20588,0,,,,,,,,,0xa10,,,,,,,,,,,,,,Security,,,,,0x13bc,C:\Windows\WinSxS\amd64_microsoft-windows-servicingstack_31bf3856ad364e35_10.0.20348.557_none_f1edaeb8515fa10d\TiWorker.exe,,,,SCAFFOLD,0x3e7,DC$,S-1-5-18,,,,,,,,,29971112-A661-11F1-9932-005056B98D90,,
2026-09-02T00:09:10.215772Z,4663,dc.scaffold.htb,Microsoft-Windows-Security-Auditing,Security,20589,0,"%%1537
				",0x10000,,,,,,,0xa0c,,,,,,,,,,,,,C:\Windows\Microsoft.NET\assembly\GAC_MSIL\PresentationFramework-SystemData\v4.0_4.0.0.0__b77a5c561934e089\PresentationFramework-SystemData.dll,Security,File,,,,0x13bc,C:\Windows\WinSxS\amd64_microsoft-windows-servicingstack_31bf3856ad364e35_10.0.20348.557_none_f1edaeb8515fa10d\TiWorker.exe,,S:AI,,SCAFFOLD,0x3e7,DC$,S-1-5-18,,,,,,,,,,,
2026-09-02T00:09:10.216941Z,4660,dc.scaffold.htb,Microsoft-Windows-Security-Auditing,Security,20590,0,,,,,,,,,0xa0c,,,,,,,,,,,,,,Security,,,,,0x13bc,C:\Windows\WinSxS\amd64_microsoft-windows-servicingstack_31bf3856ad364e35_10.0.20348.557_none_f1edaeb8515fa10d\TiWorker.exe,,,,SCAFFOLD,0x3e7,DC$,S-1-5-18,,,,,,,,,29971112-A661-11F1-9932-005056B98D90,,
2026-09-02T00:09:10.219366Z,4663,dc.scaffold.htb,Microsoft-Windows-Security-Auditing,Security,20591,0,"%%1537
				",0x10000,,,,,,,0xb74,,,,,,,,,,,,,C:\Windows\Microsoft.NET\assembly\GAC_MSIL\System\v4.0_4.0.0.0__b77a5c561934e089\System.dll,Security,File,,,,0x13bc,C:\Windows\WinSxS\amd64_microsoft-windows-servicingstack_31bf3856ad364e35_10.0.20348.557_none_f1edaeb8515fa10d\TiWorker.exe,,S:AI,,SCAFFOLD,0x3e7,DC$,S-1-5-18,,,,,,,,,,,
2026-09-02T00:09:10.219371Z,4660,dc.scaffold.htb,Microsoft-Windows-Security-Auditing,Security,20592,0,,,,,,,,,0xb74,,,,,,,,,,,,,,Security,,,,,0x13bc,C:\Windows\WinSxS\amd64_microsoft-windows-servicingstack_31bf3856ad364e35_10.0.20348.557_none_f1edaeb8515fa10d\TiWorker.exe,,,,SCAFFOLD,0x3e7,DC$,S-1-5-18,,,,,,,,,29971112-A661-11F1-9932-005056B98D90,,
2026-09-02T00:09:10.221274Z,4663,dc.scaffold.htb,Microsoft-Windows-Security-Auditing,Security,20593,0,"%%1537
				",0x10000,,,,,,,0xa10,,,,,,,,,,,,,C:\Windows\Microsoft.NET\assembly\GAC_MSIL\System.Core\v4.0_4.0.0.0__b77a5c561934e089\System.Core.dll,Security,File,,,,0x13bc,C:\Windows\WinSxS\amd64_microsoft-windows-servicingstack_31bf3856ad364e35_10.0.20348.557_none_f1edaeb8515fa10d\TiWorker.exe,,S:AI,,SCAFFOLD,0x3e7,DC$,S-1-5-18,,,,,,,,,,,
2026-09-02T00:09:10.221287Z,4660,dc.scaffold.htb,Microsoft-Windows-Security-Auditing,Security,20594,0,,,,,,,,,0xa10,,,,,,,,,,,,,,Security,,,,,0x13bc,C:\Windows\WinSxS\amd64_microsoft-windows-servicingstack_31bf3856ad364e35_10.0.20348.557_none_f1edaeb8515fa10d\TiWorker.exe,,,,SCAFFOLD,0x3e7,DC$,S-1-5-18,,,,,,,,,29971112-A661-11F1-9932-005056B98D90,,
2026-09-02T00:09:10.223346Z,4663,dc.scaffold.htb,Microsoft-Windows-Security-Auditing,Security,20595,0,"%%1537
				",0x10000,,,,,,,0xa0c,,,,,,,,,,,,,C:\Windows\Microsoft.NET\assembly\GAC_MSIL\System.Windows.Controls.Ribbon\v4.0_4.0.0.0__b77a5c561934e089\System.Windows.Controls.Ribbon.dll,Security,File,,,,0x13bc,C:\Windows\WinSxS\amd64_microsoft-windows-servicingstack_31bf3856ad364e35_10.0.20348.557_none_f1edaeb8515fa10d\TiWorker.exe,,S:AI,,SCAFFOLD,0x3e7,DC$,S-1-5-18,,,,,,,,,,,
2026-09-02T00:09:10.224298Z,4660,dc.scaffold.htb,Microsoft-Windows-Security-Auditing,Security,20596,0,,,,,,,,,0xa0c,,,,,,,,,,,,,,Security,,,,,0x13bc,C:\Windows\WinSxS\amd64_microsoft-windows-servicingstack_31bf3856ad364e35_10.0.20348.557_none_f1edaeb8515fa10d\TiWorker.exe,,,,SCAFFOLD,0x3e7,DC$,S-1-5-18,,,,,,,,,29971112-A661-11F1-9932-005056B98D90,,
2026-09-02T00:09:10.228511Z,4663,dc.scaffold.htb,Microsoft-Windows-Security-Auditing,Security,20597,0,"%%1537
				",0x10000,,,,,,,0xb74,,,,,,,,,,,,,C:\Windows\Microsoft.NET\assembly\GAC_MSIL\System.Windows.Forms\v4.0_4.0.0.0__b77a5c561934e089\System.Windows.Forms.dll,Security,File,,,,0x13bc,C:\Windows\WinSxS\amd64_microsoft-windows-servicingstack_31bf3856ad364e35_10.0.20348.557_none_f1edaeb8515fa10d\TiWorker.exe,,S:AI,,SCAFFOLD,0x3e7,DC$,S-1-5-18,,,,,,,,,,,
2026-09-02T00:09:10.229031Z,4660,dc.scaffold.htb,Microsoft-Windows-Security-Auditing,Security,20598,0,,,,,,,,,0xb74,,,,,,,,,,,,,,Security,,,,,0x13bc,C:\Windows\WinSxS\amd64_microsoft-windows-servicingstack_31bf3856ad364e35_10.0.20348.557_none_f1edaeb8515fa10d\TiWorker.exe,,,,SCAFFOLD,0x3e7,DC$,S-1-5-18,,,,,,,,,29971112-A661-11F1-9932-005056B98D90,,
2026-09-02T00:09:10.231363Z,4663,dc.scaffold.htb,Microsoft-Windows-Security-Auditing,Security,20599,0,"%%1537
				",0x10000,,,,,,,0xa10,,,,,,,,,,,,,C:\Windows\Microsoft.NET\assembly\GAC_MSIL\System.Xaml\v4.0_4.0.0.0__b77a5c561934e089\System.Xaml.dll,Security,File,,,,0x13bc,C:\Windows\WinSxS\amd64_microsoft-windows-servicingstack_31bf3856ad364e35_10.0.20348.557_none_f1edaeb8515fa10d\TiWorker.exe,,S:AI,,SCAFFOLD,0x3e7,DC$,S-1-5-18,,,,,,,,,,,
2026-09-02T00:09:10.231369Z,4660,dc.scaffold.htb,Microsoft-Windows-Security-Auditing,Security,20600,0,,,,,,,,,0xa10,,,,,,,,,,,,,,Security,,,,,0x13bc,C:\Windows\WinSxS\amd64_microsoft-windows-servicingstack_31bf3856ad364e35_10.0.20348.557_none_f1edaeb8515fa10d\TiWorker.exe,,,,SCAFFOLD,0x3e7,DC$,S-1-5-18,,,,,,,,,29971112-A661-11F1-9932-005056B98D90,,
2026-09-02T00:09:10.235082Z,4663,dc.scaffold.htb,Microsoft-Windows-Security-Auditing,Security,20601,0,"%%1537
				",0x10000,,,,,,,0xb74,,,,,,,,,,,,,C:\Windows\Microsoft.NET\assembly\GAC_MSIL\UIAutomationClient\v4.0_4.0.0.0__31bf3856ad364e35\UIAutomationClient.dll,Security,File,,,,0x13bc,C:\Windows\WinSxS\amd64_microsoft-windows-servicingstack_31bf3856ad364e35_10.0.20348.557_none_f1edaeb8515fa10d\TiWorker.exe,,S:AI,,SCAFFOLD,0x3e7,DC$,S-1-5-18,,,,,,,,,,,
2026-09-02T00:09:10.235229Z,4660,dc.scaffold.htb,Microsoft-Windows-Security-Auditing,Security,20602,0,,,,,,,,,0xb74,,,,,,,,,,,,,,Security,,,,,0x13bc,C:\Windows\WinSxS\amd64_microsoft-windows-servicingstack_31bf3856ad364e35_10.0.20348.557_none_f1edaeb8515fa10d\TiWorker.exe,,,,SCAFFOLD,0x3e7,DC$,S-1-5-18,,,,,,,,,29971112-A661-11F1-9932-005056B98D90,,
2026-09-02T00:09:10.237432Z,4663,dc.scaffold.htb,Microsoft-Windows-Security-Auditing,Security,20603,0,"%%1537
				",0x10000,,,,,,,0xb40,,,,,,,,,,,,,C:\Windows\Microsoft.NET\assembly\GAC_MSIL\UIAutomationClientsideProviders\v4.0_4.0.0.0__31bf3856ad364e35\UIAutomationClientsideProviders.dll,Security,File,,,,0x13bc,C:\Windows\WinSxS\amd64_microsoft-windows-servicingstack_31bf3856ad364e35_10.0.20348.557_none_f1edaeb8515fa10d\TiWorker.exe,,S:AI,,SCAFFOLD,0x3e7,DC$,S-1-5-18,,,,,,,,,,,
2026-09-02T00:09:10.237452Z,4660,dc.scaffold.htb,Microsoft-Windows-Security-Auditing,Security,20604,0,,,,,,,,,0xb40,,,,,,,,,,,,,,Security,,,,,0x13bc,C:\Windows\WinSxS\amd64_microsoft-windows-servicingstack_31bf3856ad364e35_10.0.20348.557_none_f1edaeb8515fa10d\TiWorker.exe,,,,SCAFFOLD,0x3e7,DC$,S-1-5-18,,,,,,,,,29971112-A661-11F1-9932-005056B98D90,,
2026-09-02T00:09:10.239914Z,4663,dc.scaffold.htb,Microsoft-Windows-Security-Auditing,Security,20605,0,"%%1537
				",0x10000,,,,,,,0xa0c,,,,,,,,,,,,,C:\Windows\Microsoft.NET\assembly\GAC_MSIL\UIAutomationProvider\v4.0_4.0.0.0__31bf3856ad364e35\UIAutomationProvider.dll,Security,File,,,,0x13bc,C:\Windows\WinSxS\amd64_microsoft-windows-servicingstack_31bf3856ad364e35_10.0.20348.557_none_f1edaeb8515fa10d\TiWorker.exe,,S:AI,,SCAFFOLD,0x3e7,DC$,S-1-5-18,,,,,,,,,,,
2026-09-02T00:09:10.239919Z,4660,dc.scaffold.htb,Microsoft-Windows-Security-Auditing,Security,20606,0,,,,,,,,,0xa0c,,,,,,,,,,,,,,Security,,,,,0x13bc,C:\Windows\WinSxS\amd64_microsoft-windows-servicingstack_31bf3856ad364e35_10.0.20348.557_none_f1edaeb8515fa10d\TiWorker.exe,,,,SCAFFOLD,0x3e7,DC$,S-1-5-18,,,,,,,,,29971112-A661-11F1-9932-005056B98D90,,
2026-09-02T00:09:10.244934Z,4663,dc.scaffold.htb,Microsoft-Windows-Security-Auditing,Security,20607,0,"%%1537
				",0x10000,,,,,,,0xb74,,,,,,,,,,,,,C:\Windows\Microsoft.NET\assembly\GAC_MSIL\UIAutomationTypes\v4.0_4.0.0.0__31bf3856ad364e35\UIAutomationTypes.dll,Security,File,,,,0x13bc,C:\Windows\WinSxS\amd64_microsoft-windows-servicingstack_31bf3856ad364e35_10.0.20348.557_none_f1edaeb8515fa10d\TiWorker.exe,,S:AI,,SCAFFOLD,0x3e7,DC$,S-1-5-18,,,,,,,,,,,
2026-09-02T00:09:10.244964Z,4660,dc.scaffold.htb,Microsoft-Windows-Security-Auditing,Security,20608,0,,,,,,,,,0xb74,,,,,,,,,,,,,,Security,,,,,0x13bc,C:\Windows\WinSxS\amd64_microsoft-windows-servicingstack_31bf3856ad364e35_10.0.20348.557_none_f1edaeb8515fa10d\TiWorker.exe,,,,SCAFFOLD,0x3e7,DC$,S-1-5-18,,,,,,,,,29971112-A661-11F1-9932-005056B98D90,,
2026-09-02T00:09:10.247234Z,4663,dc.scaffold.htb,Microsoft-Windows-Security-Auditing,Security,20609,0,"%%1537
				",0x10000,,,,,,,0xb40,,,,,,,,,,,,,C:\Windows\Microsoft.NET\assembly\GAC_MSIL\WindowsBase\v4.0_4.0.0.0__31bf3856ad364e35\WindowsBase.dll,Security,File,,,,0x13bc,C:\Windows\WinSxS\amd64_microsoft-windows-servicingstack_31bf3856ad364e35_10.0.20348.557_none_f1edaeb8515fa10d\TiWorker.exe,,S:AI,,SCAFFOLD,0x3e7,DC$,S-1-5-18,,,,,,,,,,,
2026-09-02T00:09:10.247239Z,4660,dc.scaffold.htb,Microsoft-Windows-Security-Auditing,Security,20610,0,,,,,,,,,0xb40,,,,,,,,,,,,,,Security,,,,,0x13bc,C:\Windows\WinSxS\amd64_microsoft-windows-servicingstack_31bf3856ad364e35_10.0.20348.557_none_f1edaeb8515fa10d\TiWorker.exe,,,,SCAFFOLD,0x3e7,DC$,S-1-5-18,,,,,,,,,29971112-A661-11F1-9932-005056B98D90,,
2026-09-02T00:09:10.249342Z,4663,dc.scaffold.htb,Microsoft-Windows-Security-Auditing,Security,20611,0,"%%1537
				",0x10000,,,,,,,0xb74,,,,,,,,,,,,,C:\Windows\Microsoft.NET\Framework\v4.0.30319\clr.dll,Security,File,,,,0x13bc,C:\Windows\WinSxS\amd64_microsoft-windows-servicingstack_31bf3856ad364e35_10.0.20348.557_none_f1edaeb8515fa10d\TiWorker.exe,,S:AI,,SCAFFOLD,0x3e7,DC$,S-1-5-18,,,,,,,,,,,
2026-09-02T00:09:10.250174Z,4660,dc.scaffold.htb,Microsoft-Windows-Security-Auditing,Security,20612,0,,,,,,,,,0xb74,,,,,,,,,,,,,,Security,,,,,0x13bc,C:\Windows\WinSxS\amd64_microsoft-windows-servicingstack_31bf3856ad364e35_10.0.20348.557_none_f1edaeb8515fa10d\TiWorker.exe,,,,SCAFFOLD,0x3e7,DC$,S-1-5-18,,,,,,,,,29971112-A661-11F1-9932-005056B98D90,,
2026-09-02T00:09:10.252558Z,4663,dc.scaffold.htb,Microsoft-Windows-Security-Auditing,Security,20613,0,"%%1537
				",0x10000,,,,,,,0x9e8,,,,,,,,,,,,,C:\Windows\Microsoft.NET\Framework\v4.0.30319\clrjit.dll,Security,File,,,,0x13bc,C:\Windows\WinSxS\amd64_microsoft-windows-servicingstack_31bf3856ad364e35_10.0.20348.557_none_f1edaeb8515fa10d\TiWorker.exe,,S:AI,,SCAFFOLD,0x3e7,DC$,S-1-5-18,,,,,,,,,,,
2026-09-02T00:09:10.252983Z,4660,dc.scaffold.htb,Microsoft-Windows-Security-Auditing,Security,20614,0,,,,,,,,,0x9e8,,,,,,,,,,,,,,Security,,,,,0x13bc,C:\Windows\WinSxS\amd64_microsoft-windows-servicingstack_31bf3856ad364e35_10.0.20348.557_none_f1edaeb8515fa10d\TiWorker.exe,,,,SCAFFOLD,0x3e7,DC$,S-1-5-18,,,,,,,,,29971112-A661-11F1-9932-005056B98D90,,
2026-09-02T00:09:10.255722Z,4663,dc.scaffold.htb,Microsoft-Windows-Security-Auditing,Security,20615,0,"%%1537
				",0x10000,,,,,,,0xa0c,,,,,,,,,,,,,C:\Windows\Microsoft.NET\Framework\v4.0.30319\mscordacwks.dll,Security,File,,,,0x13bc,C:\Windows\WinSxS\amd64_microsoft-windows-servicingstack_31bf3856ad364e35_10.0.20348.557_none_f1edaeb8515fa10d\TiWorker.exe,,S:AI,,SCAFFOLD,0x3e7,DC$,S-1-5-18,,,,,,,,,,,
2026-09-02T00:09:10.257221Z,4660,dc.scaffold.htb,Microsoft-Windows-Security-Auditing,Security,20616,0,,,,,,,,,0xa0c,,,,,,,,,,,,,,Security,,,,,0x13bc,C:\Windows\WinSxS\amd64_microsoft-windows-servicingstack_31bf3856ad364e35_10.0.20348.557_none_f1edaeb8515fa10d\TiWorker.exe,,,,SCAFFOLD,0x3e7,DC$,S-1-5-18,,,,,,,,,29971112-A661-11F1-9932-005056B98D90,,
2026-09-02T00:09:10.259344Z,4663,dc.scaffold.htb,Microsoft-Windows-Security-Auditing,Security,20617,0,"%%1537
				",0x10000,,,,,,,0xb74,,,,,,,,,,,,,C:\Windows\Microsoft.NET\Framework\v4.0.30319\mscordbi.dll,Security,File,,,,0x13bc,C:\Windows\WinSxS\amd64_microsoft-windows-servicingstack_31bf3856ad364e35_10.0.20348.557_none_f1edaeb8515fa10d\TiWorker.exe,,S:AI,,SCAFFOLD,0x3e7,DC$,S-1-5-18,,,,,,,,,,,
2026-09-02T00:09:10.259988Z,4660,dc.scaffold.htb,Microsoft-Windows-Security-Auditing,Security,20618,0,,,,,,,,,0xb74,,,,,,,,,,,,,,Security,,,,,0x13bc,C:\Windows\WinSxS\amd64_microsoft-windows-servicingstack_31bf3856ad364e35_10.0.20348.557_none_f1edaeb8515fa10d\TiWorker.exe,,,,SCAFFOLD,0x3e7,DC$,S-1-5-18,,,,,,,,,29971112-A661-11F1-9932-005056B98D90,,
2026-09-02T00:09:10.263200Z,4663,dc.scaffold.htb,Microsoft-Windows-Security-Auditing,Security,20619,0,"%%1537
				",0x10000,,,,,,,0xa10,,,,,,,,,,,,,C:\Windows\Microsoft.NET\Framework\v4.0.30319\mscorlib.dll,Security,File,,,,0x13bc,C:\Windows\WinSxS\amd64_microsoft-windows-servicingstack_31bf3856ad364e35_10.0.20348.557_none_f1edaeb8515fa10d\TiWorker.exe,,S:AI,,SCAFFOLD,0x3e7,DC$,S-1-5-18,,,,,,,,,,,
2026-09-02T00:09:10.263996Z,4660,dc.scaffold.htb,Microsoft-Windows-Security-Auditing,Security,20620,0,,,,,,,,,0xa10,,,,,,,,,,,,,,Security,,,,,0x13bc,C:\Windows\WinSxS\amd64_microsoft-windows-servicingstack_31bf3856ad364e35_10.0.20348.557_none_f1edaeb8515fa10d\TiWorker.exe,,,,SCAFFOLD,0x3e7,DC$,S-1-5-18,,,,,,,,,29971112-A661-11F1-9932-005056B98D90,,
2026-09-02T00:09:10.266641Z,4663,dc.scaffold.htb,Microsoft-Windows-Security-Auditing,Security,20621,0,"%%1537
				",0x10000,,,,,,,0xb74,,,,,,,,,,,,,C:\Windows\Microsoft.NET\Framework\v4.0.30319\peverify.dll,Security,File,,,,0x13bc,C:\Windows\WinSxS\amd64_microsoft-windows-servicingstack_31bf3856ad364e35_10.0.20348.557_none_f1edaeb8515fa10d\TiWorker.exe,,S:AI,,SCAFFOLD,0x3e7,DC$,S-1-5-18,,,,,,,,,,,
2026-09-02T00:09:10.267095Z,4660,dc.scaffold.htb,Microsoft-Windows-Security-Auditing,Security,20622,0,,,,,,,,,0xb74,,,,,,,,,,,,,,Security,,,,,0x13bc,C:\Windows\WinSxS\amd64_microsoft-windows-servicingstack_31bf3856ad364e35_10.0.20348.557_none_f1edaeb8515fa10d\TiWorker.exe,,,,SCAFFOLD,0x3e7,DC$,S-1-5-18,,,,,,,,,29971112-A661-11F1-9932-005056B98D90,,
2026-09-02T00:09:10.269685Z,4663,dc.scaffold.htb,Microsoft-Windows-Security-Auditing,Security,20623,0,"%%1537
				",0x10000,,,,,,,0xb74,,,,,,,,,,,,,C:\Windows\Microsoft.NET\Framework\v4.0.30319\SOS.dll,Security,File,,,,0x13bc,C:\Windows\WinSxS\amd64_microsoft-windows-servicingstack_31bf3856ad364e35_10.0.20348.557_none_f1edaeb8515fa10d\TiWorker.exe,,S:AI,,SCAFFOLD,0x3e7,DC$,S-1-5-18,,,,,,,,,,,
2026-09-02T00:09:10.270275Z,4660,dc.scaffold.htb,Microsoft-Windows-Security-Auditing,Security,20624,0,,,,,,,,,0xb74,,,,,,,,,,,,,,Security,,,,,0x13bc,C:\Windows\WinSxS\amd64_microsoft-windows-servicingstack_31bf3856ad364e35_10.0.20348.557_none_f1edaeb8515fa10d\TiWorker.exe,,,,SCAFFOLD,0x3e7,DC$,S-1-5-18,,,,,,,,,29971112-A661-11F1-9932-005056B98D90,,
2026-09-02T00:09:10.272241Z,4663,dc.scaffold.htb,Microsoft-Windows-Security-Auditing,Security,20625,0,"%%1537
				",0x10000,,,,,,,0xa0c,,,,,,,,,,,,,C:\Windows\Microsoft.NET\Framework\v4.0.30319\System.Core.dll,Security,File,,,,0x13bc,C:\Windows\WinSxS\amd64_microsoft-windows-servicingstack_31bf3856ad364e35_10.0.20348.557_none_f1edaeb8515fa10d\TiWorker.exe,,S:AI,,SCAFFOLD,0x3e7,DC$,S-1-5-18,,,,,,,,,,,
2026-09-02T00:09:10.272307Z,4660,dc.scaffold.htb,Microsoft-Windows-Security-Auditing,Security,20626,0,,,,,,,,,0xa0c,,,,,,,,,,,,,,Security,,,,,0x13bc,C:\Windows\WinSxS\amd64_microsoft-windows-servicingstack_31bf3856ad364e35_10.0.20348.557_none_f1edaeb8515fa10d\TiWorker.exe,,,,SCAFFOLD,0x3e7,DC$,S-1-5-18,,,,,,,,,29971112-A661-11F1-9932-005056B98D90,,
2026-09-02T00:09:10.273234Z,4663,dc.scaffold.htb,Microsoft-Windows-Security-Auditing,Security,20627,0,"%%1537
				",0x10000,,,,,,,0xa10,,,,,,,,,,,,,C:\Windows\Microsoft.NET\Framework\v4.0.30319\System.dll,Security,File,,,,0x13bc,C:\Windows\WinSxS\amd64_microsoft-windows-servicingstack_31bf3856ad364e35_10.0.20348.557_none_f1edaeb8515fa10d\TiWorker.exe,,S:AI,,SCAFFOLD,0x3e7,DC$,S-1-5-18,,,,,,,,,,,
2026-09-02T00:09:10.274524Z,4660,dc.scaffold.htb,Microsoft-Windows-Security-Auditing,Security,20628,0,,,,,,,,,0xa10,,,,,,,,,,,,,,Security,,,,,0x13bc,C:\Windows\WinSxS\amd64_microsoft-windows-servicingstack_31bf3856ad364e35_10.0.20348.557_none_f1edaeb8515fa10d\TiWorker.exe,,,,SCAFFOLD,0x3e7,DC$,S-1-5-18,,,,,,,,,29971112-A661-11F1-9932-005056B98D90,,
2026-09-02T00:09:10.276091Z,4663,dc.scaffold.htb,Microsoft-Windows-Security-Auditing,Security,20629,0,"%%1537
				",0x10000,,,,,,,0xa10,,,,,,,,,,,,,C:\Windows\Microsoft.NET\Framework\v4.0.30319\System.Windows.Forms.dll,Security,File,,,,0x13bc,C:\Windows\WinSxS\amd64_microsoft-windows-servicingstack_31bf3856ad364e35_10.0.20348.557_none_f1edaeb8515fa10d\TiWorker.exe,,S:AI,,SCAFFOLD,0x3e7,DC$,S-1-5-18,,,,,,,,,,,
2026-09-02T00:09:10.276096Z,4660,dc.scaffold.htb,Microsoft-Windows-Security-Auditing,Security,20630,0,,,,,,,,,0xa10,,,,,,,,,,,,,,Security,,,,,0x13bc,C:\Windows\WinSxS\amd64_microsoft-windows-servicingstack_31bf3856ad364e35_10.0.20348.557_none_f1edaeb8515fa10d\TiWorker.exe,,,,SCAFFOLD,0x3e7,DC$,S-1-5-18,,,,,,,,,29971112-A661-11F1-9932-005056B98D90,,
2026-09-02T00:09:10.277110Z,4663,dc.scaffold.htb,Microsoft-Windows-Security-Auditing,Security,20631,0,"%%1537
				",0x10000,,,,,,,0xa0c,,,,,,,,,,,,,C:\Windows\Microsoft.NET\Framework\v4.0.30319\System.Xaml.dll,Security,File,,,,0x13bc,C:\Windows\WinSxS\amd64_microsoft-windows-servicingstack_31bf3856ad364e35_10.0.20348.557_none_f1edaeb8515fa10d\TiWorker.exe,,S:AI,,SCAFFOLD,0x3e7,DC$,S-1-5-18,,,,,,,,,,,
2026-09-02T00:09:10.278115Z,4660,dc.scaffold.htb,Microsoft-Windows-Security-Auditing,Security,20632,0,,,,,,,,,0xa0c,,,,,,,,,,,,,,Security,,,,,0x13bc,C:\Windows\WinSxS\amd64_microsoft-windows-servicingstack_31bf3856ad364e35_10.0.20348.557_none_f1edaeb8515fa10d\TiWorker.exe,,,,SCAFFOLD,0x3e7,DC$,S-1-5-18,,,,,,,,,29971112-A661-11F1-9932-005056B98D90,,
2026-09-02T00:09:10.280348Z,4663,dc.scaffold.htb,Microsoft-Windows-Security-Auditing,Security,20633,0,"%%1537
				",0x10000,,,,,,,0xa0c,,,,,,,,,,,,,C:\Windows\Microsoft.NET\Framework\v4.0.30319\NativeImages\mscorlib.ni.dll,Security,File,,,,0x13bc,C:\Windows\WinSxS\amd64_microsoft-windows-servicingstack_31bf3856ad364e35_10.0.20348.557_none_f1edaeb8515fa10d\TiWorker.exe,,S:AI,,SCAFFOLD,0x3e7,DC$,S-1-5-18,,,,,,,,,,,
2026-09-02T00:09:10.280810Z,4660,dc.scaffold.htb,Microsoft-Windows-Security-Auditing,Security,20634,0,,,,,,,,,0xa0c,,,,,,,,,,,,,,Security,,,,,0x13bc,C:\Windows\WinSxS\amd64_microsoft-windows-servicingstack_31bf3856ad364e35_10.0.20348.557_none_f1edaeb8515fa10d\TiWorker.exe,,,,SCAFFOLD,0x3e7,DC$,S-1-5-18,,,,,,,,,29971112-A661-11F1-9932-005056B98D90,,
2026-09-02T00:09:10.283341Z,4663,dc.scaffold.htb,Microsoft-Windows-Security-Auditing,Security,20635,0,"%%1537
				",0x10000,,,,,,,0xb6c,,,,,,,,,,,,,C:\Windows\Microsoft.NET\Framework\v4.0.30319\WPF\PenIMC.dll,Security,File,,,,0x13bc,C:\Windows\WinSxS\amd64_microsoft-windows-servicingstack_31bf3856ad364e35_10.0.20348.557_none_f1edaeb8515fa10d\TiWorker.exe,,S:AI,,SCAFFOLD,0x3e7,DC$,S-1-5-18,,,,,,,,,,,
2026-09-02T00:09:10.284135Z,4660,dc.scaffold.htb,Microsoft-Windows-Security-Auditing,Security,20636,0,,,,,,,,,0xb6c,,,,,,,,,,,,,,Security,,,,,0x13bc,C:\Windows\WinSxS\amd64_microsoft-windows-servicingstack_31bf3856ad364e35_10.0.20348.557_none_f1edaeb8515fa10d\TiWorker.exe,,,,SCAFFOLD,0x3e7,DC$,S-1-5-18,,,,,,,,,29971112-A661-11F1-9932-005056B98D90,,
2026-09-02T00:09:10.286447Z,4663,dc.scaffold.htb,Microsoft-Windows-Security-Auditing,Security,20637,0,"%%1537
				",0x10000,,,,,,,0xa10,,,,,,,,,,,,,C:\Windows\Microsoft.NET\Framework\v4.0.30319\WPF\PenIMC2_v0400.dll,Security,File,,,,0x13bc,C:\Windows\WinSxS\amd64_microsoft-windows-servicingstack_31bf3856ad364e35_10.0.20348.557_none_f1edaeb8515fa10d\TiWorker.exe,,S:AI,,SCAFFOLD,0x3e7,DC$,S-1-5-18,,,,,,,,,,,
2026-09-02T00:09:10.286466Z,4660,dc.scaffold.htb,Microsoft-Windows-Security-Auditing,Security,20638,0,,,,,,,,,0xa10,,,,,,,,,,,,,,Security,,,,,0x13bc,C:\Windows\WinSxS\amd64_microsoft-windows-servicingstack_31bf3856ad364e35_10.0.20348.557_none_f1edaeb8515fa10d\TiWorker.exe,,,,SCAFFOLD,0x3e7,DC$,S-1-5-18,,,,,,,,,29971112-A661-11F1-9932-005056B98D90,,
2026-09-02T00:09:10.288797Z,4663,dc.scaffold.htb,Microsoft-Windows-Security-Auditing,Security,20639,0,"%%1537
				",0x10000,,,,,,,0xa0c,,,,,,,,,,,,,C:\Windows\Microsoft.NET\Framework\v4.0.30319\WPF\PenIMC_v0400.dll,Security,File,,,,0x13bc,C:\Windows\WinSxS\amd64_microsoft-windows-servicingstack_31bf3856ad364e35_10.0.20348.557_none_f1edaeb8515fa10d\TiWorker.exe,,S:AI,,SCAFFOLD,0x3e7,DC$,S-1-5-18,,,,,,,,,,,
2026-09-02T00:09:10.289567Z,4660,dc.scaffold.htb,Microsoft-Windows-Security-Auditing,Security,20640,0,,,,,,,,,0xa0c,,,,,,,,,,,,,,Security,,,,,0x13bc,C:\Windows\WinSxS\amd64_microsoft-windows-servicingstack_31bf3856ad364e35_10.0.20348.557_none_f1edaeb8515fa10d\TiWorker.exe,,,,SCAFFOLD,0x3e7,DC$,S-1-5-18,,,,,,,,,29971112-A661-11F1-9932-005056B98D90,,
2026-09-02T00:09:10.293378Z,4663,dc.scaffold.htb,Microsoft-Windows-Security-Auditing,Security,20641,0,"%%1537
				",0x10000,,,,,,,0xb6c,,,,,,,,,,,,,C:\Windows\Microsoft.NET\Framework\v4.0.30319\WPF\PresentationCore.dll,Security,File,,,,0x13bc,C:\Windows\WinSxS\amd64_microsoft-windows-servicingstack_31bf3856ad364e35_10.0.20348.557_none_f1edaeb8515fa10d\TiWorker.exe,,S:AI,,SCAFFOLD,0x3e7,DC$,S-1-5-18,,,,,,,,,,,
2026-09-02T00:09:10.293970Z,4660,dc.scaffold.htb,Microsoft-Windows-Security-Auditing,Security,20642,0,,,,,,,,,0xb6c,,,,,,,,,,,,,,Security,,,,,0x13bc,C:\Windows\WinSxS\amd64_microsoft-windows-servicingstack_31bf3856ad364e35_10.0.20348.557_none_f1edaeb8515fa10d\TiWorker.exe,,,,SCAFFOLD,0x3e7,DC$,S-1-5-18,,,,,,,,,29971112-A661-11F1-9932-005056B98D90,,
2026-09-02T00:09:10.296139Z,4663,dc.scaffold.htb,Microsoft-Windows-Security-Auditing,Security,20643,0,"%%1537
				",0x10000,,,,,,,0xa10,,,,,,,,,,,,,C:\Windows\Microsoft.NET\Framework\v4.0.30319\WPF\PresentationFramework-SystemData.dll,Security,File,,,,0x13bc,C:\Windows\WinSxS\amd64_microsoft-windows-servicingstack_31bf3856ad364e35_10.0.20348.557_none_f1edaeb8515fa10d\TiWorker.exe,,S:AI,,SCAFFOLD,0x3e7,DC$,S-1-5-18,,,,,,,,,,,
2026-09-02T00:09:10.296927Z,4660,dc.scaffold.htb,Microsoft-Windows-Security-Auditing,Security,20644,0,,,,,,,,,0xa10,,,,,,,,,,,,,,Security,,,,,0x13bc,C:\Windows\WinSxS\amd64_microsoft-windows-servicingstack_31bf3856ad364e35_10.0.20348.557_none_f1edaeb8515fa10d\TiWorker.exe,,,,SCAFFOLD,0x3e7,DC$,S-1-5-18,,,,,,,,,29971112-A661-11F1-9932-005056B98D90,,
2026-09-02T00:09:10.298698Z,4663,dc.scaffold.htb,Microsoft-Windows-Security-Auditing,Security,20645,0,"%%1537
				",0x10000,,,,,,,0xb5c,,,,,,,,,,,,,C:\Windows\Microsoft.NET\Framework\v4.0.30319\WPF\PresentationFramework.dll,Security,File,,,,0x13bc,C:\Windows\WinSxS\amd64_microsoft-windows-servicingstack_31bf3856ad364e35_10.0.20348.557_none_f1edaeb8515fa10d\TiWorker.exe,,S:AI,,SCAFFOLD,0x3e7,DC$,S-1-5-18,,,,,,,,,,,
