2026-09-02T03:31:51.389402Z,4663,dc.scaffold.htb,Microsoft-Windows-Security-Auditing,Security,23102,0,"%%4424
				",0x100,,,,,,,0x388,,,,,,,,,,,,,C:\Windows\servicing\Packages\Package_9_for_KB5010523~31bf3856ad364e35~amd64~~20348.557.1.3.mum,Security,File,,,,0x173c,C:\Windows\WinSxS\amd64_microsoft-windows-servicingstack_31bf3856ad364e35_10.0.20348.5480_none_b1d14f82f983de4b\TiWorker.exe,,S:AI,,SCAFFOLD,0x3e7,DC$,S-1-5-18,,,,,,,,,,,
2026-09-02T03:31:51.389540Z,4663,dc.scaffold.htb,Microsoft-Windows-Security-Auditing,Security,23103,0,"%%1537
				",0x10000,,,,,,,0x388,,,,,,,,,,,,,C:\Windows\servicing\Packages\Package_9_for_KB5010523~31bf3856ad364e35~amd64~~20348.557.1.3.mum,Security,File,,,,0x173c,C:\Windows\WinSxS\amd64_microsoft-windows-servicingstack_31bf3856ad364e35_10.0.20348.5480_none_b1d14f82f983de4b\TiWorker.exe,,S:AI,,SCAFFOLD,0x3e7,DC$,S-1-5-18,,,,,,,,,,,
2026-09-02T03:31:51.389545Z,4660,dc.scaffold.htb,Microsoft-Windows-Security-Auditing,Security,23104,0,,,,,,,,,0x388,,,,,,,,,,,,,,Security,,,,,0x173c,C:\Windows\WinSxS\amd64_microsoft-windows-servicingstack_31bf3856ad364e35_10.0.20348.5480_none_b1d14f82f983de4b\TiWorker.exe,,,,SCAFFOLD,0x3e7,DC$,S-1-5-18,,,,,,,,,00000000-0000-0000-0000-000000000000,,
2026-09-02T03:31:51.440621Z,4663,dc.scaffold.htb,Microsoft-Windows-Security-Auditing,Security,23105,0,"%%4424
				",0x100,,,,,,,0x408,,,,,,,,,,,,,C:\Windows\servicing\Packages\Package_10_for_KB5010523~31bf3856ad364e35~amd64~~20348.557.1.3.mum,Security,File,,,,0x173c,C:\Windows\WinSxS\amd64_microsoft-windows-servicingstack_31bf3856ad364e35_10.0.20348.5480_none_b1d14f82f983de4b\TiWorker.exe,,S:AI,,SCAFFOLD,0x3e7,DC$,S-1-5-18,,,,,,,,,,,
2026-09-02T03:31:51.440767Z,4663,dc.scaffold.htb,Microsoft-Windows-Security-Auditing,Security,23106,0,"%%1537
				",0x10000,,,,,,,0x408,,,,,,,,,,,,,C:\Windows\servicing\Packages\Package_10_for_KB5010523~31bf3856ad364e35~amd64~~20348.557.1.3.mum,Security,File,,,,0x173c,C:\Windows\WinSxS\amd64_microsoft-windows-servicingstack_31bf3856ad364e35_10.0.20348.5480_none_b1d14f82f983de4b\TiWorker.exe,,S:AI,,SCAFFOLD,0x3e7,DC$,S-1-5-18,,,,,,,,,,,
2026-09-02T03:31:51.440772Z,4660,dc.scaffold.htb,Microsoft-Windows-Security-Auditing,Security,23107,0,,,,,,,,,0x408,,,,,,,,,,,,,,Security,,,,,0x173c,C:\Windows\WinSxS\amd64_microsoft-windows-servicingstack_31bf3856ad364e35_10.0.20348.5480_none_b1d14f82f983de4b\TiWorker.exe,,,,SCAFFOLD,0x3e7,DC$,S-1-5-18,,,,,,,,,00000000-0000-0000-0000-000000000000,,
2026-09-02T03:31:51.540457Z,4663,dc.scaffold.htb,Microsoft-Windows-Security-Auditing,Security,23108,0,"%%4424
				",0x100,,,,,,,0x40c,,,,,,,,,,,,,C:\Windows\servicing\Packages\Package_11_for_KB5010523~31bf3856ad364e35~amd64~~20348.557.1.3.mum,Security,File,,,,0x173c,C:\Windows\WinSxS\amd64_microsoft-windows-servicingstack_31bf3856ad364e35_10.0.20348.5480_none_b1d14f82f983de4b\TiWorker.exe,,S:AI,,SCAFFOLD,0x3e7,DC$,S-1-5-18,,,,,,,,,,,
2026-09-02T03:31:51.540636Z,4663,dc.scaffold.htb,Microsoft-Windows-Security-Auditing,Security,23109,0,"%%1537
				",0x10000,,,,,,,0x40c,,,,,,,,,,,,,C:\Windows\servicing\Packages\Package_11_for_KB5010523~31bf3856ad364e35~amd64~~20348.557.1.3.mum,Security,File,,,,0x173c,C:\Windows\WinSxS\amd64_microsoft-windows-servicingstack_31bf3856ad364e35_10.0.20348.5480_none_b1d14f82f983de4b\TiWorker.exe,,S:AI,,SCAFFOLD,0x3e7,DC$,S-1-5-18,,,,,,,,,,,
2026-09-02T03:31:51.540641Z,4660,dc.scaffold.htb,Microsoft-Windows-Security-Auditing,Security,23110,0,,,,,,,,,0x40c,,,,,,,,,,,,,,Security,,,,,0x173c,C:\Windows\WinSxS\amd64_microsoft-windows-servicingstack_31bf3856ad364e35_10.0.20348.5480_none_b1d14f82f983de4b\TiWorker.exe,,,,SCAFFOLD,0x3e7,DC$,S-1-5-18,,,,,,,,,00000000-0000-0000-0000-000000000000,,
2026-09-02T03:31:51.605731Z,4663,dc.scaffold.htb,Microsoft-Windows-Security-Auditing,Security,23111,0,"%%4424
				",0x100,,,,,,,0x398,,,,,,,,,,,,,C:\Windows\servicing\Packages\Package_12_for_KB5010523~31bf3856ad364e35~amd64~~20348.557.1.3.mum,Security,File,,,,0x173c,C:\Windows\WinSxS\amd64_microsoft-windows-servicingstack_31bf3856ad364e35_10.0.20348.5480_none_b1d14f82f983de4b\TiWorker.exe,,S:AI,,SCAFFOLD,0x3e7,DC$,S-1-5-18,,,,,,,,,,,
2026-09-02T03:31:51.605891Z,4663,dc.scaffold.htb,Microsoft-Windows-Security-Auditing,Security,23112,0,"%%1537
				",0x10000,,,,,,,0x398,,,,,,,,,,,,,C:\Windows\servicing\Packages\Package_12_for_KB5010523~31bf3856ad364e35~amd64~~20348.557.1.3.mum,Security,File,,,,0x173c,C:\Windows\WinSxS\amd64_microsoft-windows-servicingstack_31bf3856ad364e35_10.0.20348.5480_none_b1d14f82f983de4b\TiWorker.exe,,S:AI,,SCAFFOLD,0x3e7,DC$,S-1-5-18,,,,,,,,,,,
2026-09-02T03:31:51.605895Z,4660,dc.scaffold.htb,Microsoft-Windows-Security-Auditing,Security,23113,0,,,,,,,,,0x398,,,,,,,,,,,,,,Security,,,,,0x173c,C:\Windows\WinSxS\amd64_microsoft-windows-servicingstack_31bf3856ad364e35_10.0.20348.5480_none_b1d14f82f983de4b\TiWorker.exe,,,,SCAFFOLD,0x3e7,DC$,S-1-5-18,,,,,,,,,00000000-0000-0000-0000-000000000000,,
2026-09-02T03:31:51.665517Z,4663,dc.scaffold.htb,Microsoft-Windows-Security-Auditing,Security,23114,0,"%%4424
				",0x100,,,,,,,0x394,,,,,,,,,,,,,C:\Windows\servicing\Packages\Package_13_for_KB5010523~31bf3856ad364e35~amd64~~20348.557.1.3.mum,Security,File,,,,0x173c,C:\Windows\WinSxS\amd64_microsoft-windows-servicingstack_31bf3856ad364e35_10.0.20348.5480_none_b1d14f82f983de4b\TiWorker.exe,,S:AI,,SCAFFOLD,0x3e7,DC$,S-1-5-18,,,,,,,,,,,
2026-09-02T03:31:51.665706Z,4663,dc.scaffold.htb,Microsoft-Windows-Security-Auditing,Security,23115,0,"%%1537
				",0x10000,,,,,,,0x394,,,,,,,,,,,,,C:\Windows\servicing\Packages\Package_13_for_KB5010523~31bf3856ad364e35~amd64~~20348.557.1.3.mum,Security,File,,,,0x173c,C:\Windows\WinSxS\amd64_microsoft-windows-servicingstack_31bf3856ad364e35_10.0.20348.5480_none_b1d14f82f983de4b\TiWorker.exe,,S:AI,,SCAFFOLD,0x3e7,DC$,S-1-5-18,,,,,,,,,,,
2026-09-02T03:31:51.665712Z,4660,dc.scaffold.htb,Microsoft-Windows-Security-Auditing,Security,23116,0,,,,,,,,,0x394,,,,,,,,,,,,,,Security,,,,,0x173c,C:\Windows\WinSxS\amd64_microsoft-windows-servicingstack_31bf3856ad364e35_10.0.20348.5480_none_b1d14f82f983de4b\TiWorker.exe,,,,SCAFFOLD,0x3e7,DC$,S-1-5-18,,,,,,,,,00000000-0000-0000-0000-000000000000,,
2026-09-02T03:31:51.730935Z,4663,dc.scaffold.htb,Microsoft-Windows-Security-Auditing,Security,23117,0,"%%4424
				",0x100,,,,,,,0x3ac,,,,,,,,,,,,,C:\Windows\servicing\Packages\Package_14_for_KB5010523~31bf3856ad364e35~amd64~~20348.557.1.3.mum,Security,File,,,,0x173c,C:\Windows\WinSxS\amd64_microsoft-windows-servicingstack_31bf3856ad364e35_10.0.20348.5480_none_b1d14f82f983de4b\TiWorker.exe,,S:AI,,SCAFFOLD,0x3e7,DC$,S-1-5-18,,,,,,,,,,,
2026-09-02T03:31:51.731270Z,4663,dc.scaffold.htb,Microsoft-Windows-Security-Auditing,Security,23118,0,"%%1537
				",0x10000,,,,,,,0x3ac,,,,,,,,,,,,,C:\Windows\servicing\Packages\Package_14_for_KB5010523~31bf3856ad364e35~amd64~~20348.557.1.3.mum,Security,File,,,,0x173c,C:\Windows\WinSxS\amd64_microsoft-windows-servicingstack_31bf3856ad364e35_10.0.20348.5480_none_b1d14f82f983de4b\TiWorker.exe,,S:AI,,SCAFFOLD,0x3e7,DC$,S-1-5-18,,,,,,,,,,,
2026-09-02T03:31:51.731274Z,4660,dc.scaffold.htb,Microsoft-Windows-Security-Auditing,Security,23119,0,,,,,,,,,0x3ac,,,,,,,,,,,,,,Security,,,,,0x173c,C:\Windows\WinSxS\amd64_microsoft-windows-servicingstack_31bf3856ad364e35_10.0.20348.5480_none_b1d14f82f983de4b\TiWorker.exe,,,,SCAFFOLD,0x3e7,DC$,S-1-5-18,,,,,,,,,00000000-0000-0000-0000-000000000000,,
2026-09-02T03:31:51.984056Z,4663,dc.scaffold.htb,Microsoft-Windows-Security-Auditing,Security,23120,0,"%%1537
				",0x10000,,,,,,,0x3e8,,,,,,,,,,,,,C:\Windows\System32\CatRoot\{F750E6C3-38EE-11D1-85E5-00C04FC295EE}\Package_3_for_KB5010475~31bf3856ad364e35~amd64~~10.0.4488.1.cat,Security,File,,,,0xac8,C:\Windows\System32\svchost.exe,,S:AI,,SCAFFOLD,0x3e7,DC$,S-1-5-18,,,,,,,,,,,
2026-09-02T03:31:51.984062Z,4660,dc.scaffold.htb,Microsoft-Windows-Security-Auditing,Security,23121,0,,,,,,,,,0x3e8,,,,,,,,,,,,,,Security,,,,,0xac8,C:\Windows\System32\svchost.exe,,,,SCAFFOLD,0x3e7,DC$,S-1-5-18,,,,,,,,,00000000-0000-0000-0000-000000000000,,
2026-09-02T03:31:51.991065Z,4663,dc.scaffold.htb,Microsoft-Windows-Security-Auditing,Security,23122,0,"%%1537
				",0x10000,,,,,,,0x2cc,,,,,,,,,,,,,C:\Windows\System32\CatRoot\{F750E6C3-38EE-11D1-85E5-00C04FC295EE}\Package_for_DotNetRollup~31bf3856ad364e35~amd64~~10.0.4488.1.cat,Security,File,,,,0xac8,C:\Windows\System32\svchost.exe,,S:AI,,SCAFFOLD,0x3e7,DC$,S-1-5-18,,,,,,,,,,,
2026-09-02T03:31:51.991075Z,4660,dc.scaffold.htb,Microsoft-Windows-Security-Auditing,Security,23123,0,,,,,,,,,0x2cc,,,,,,,,,,,,,,Security,,,,,0xac8,C:\Windows\System32\svchost.exe,,,,SCAFFOLD,0x3e7,DC$,S-1-5-18,,,,,,,,,00000000-0000-0000-0000-000000000000,,
2026-09-02T03:31:51.995415Z,4663,dc.scaffold.htb,Microsoft-Windows-Security-Auditing,Security,23124,0,"%%1537
				",0x10000,,,,,,,0x2cc,,,,,,,,,,,,,C:\Windows\System32\CatRoot\{F750E6C3-38EE-11D1-85E5-00C04FC295EE}\Package_for_ServicingStack_557~31bf3856ad364e35~amd64~~20348.557.1.3.cat,Security,File,,,,0xac8,C:\Windows\System32\svchost.exe,,S:AI,,SCAFFOLD,0x3e7,DC$,S-1-5-18,,,,,,,,,,,
2026-09-02T03:31:51.995421Z,4660,dc.scaffold.htb,Microsoft-Windows-Security-Auditing,Security,23125,0,,,,,,,,,0x2cc,,,,,,,,,,,,,,Security,,,,,0xac8,C:\Windows\System32\svchost.exe,,,,SCAFFOLD,0x3e7,DC$,S-1-5-18,,,,,,,,,00000000-0000-0000-0000-000000000000,,
2026-09-02T03:32:59.205932Z,4985,dc.scaffold.htb,Microsoft-Windows-Security-Auditing,Security,23126,0,,,,,,,,,,,,,,,,,,,,48,,,,,,,,0x173c,C:\Windows\WinSxS\amd64_microsoft-windows-servicingstack_31bf3856ad364e35_10.0.20348.5480_none_b1d14f82f983de4b\TiWorker.exe,,,DA4CB52F-4F22-11F1-A9A6-8906DE6815CD,SCAFFOLD,0x3e7,DC$,S-1-5-18,,,,,,,,,2BC067B0-A67E-11F1-9937-005056B98D90,,
2026-09-02T03:32:59.820650Z,4985,dc.scaffold.htb,Microsoft-Windows-Security-Auditing,Security,23127,0,,,,,,,,,,,,,,,,,,,,52,,,,,,,,0x173c,C:\Windows\WinSxS\amd64_microsoft-windows-servicingstack_31bf3856ad364e35_10.0.20348.5480_none_b1d14f82f983de4b\TiWorker.exe,,,DA4CB52F-4F22-11F1-A9A6-8906DE6815CD,SCAFFOLD,0x3e7,DC$,S-1-5-18,,,,,,,,,2BC067B0-A67E-11F1-9937-005056B98D90,,
2026-09-02T03:33:23.044891Z,4663,dc.scaffold.htb,Microsoft-Windows-Security-Auditing,Security,23128,0,"%%1537
				",0x10000,,,,,,,0x734,,,,,,,,,,,,,C:\Windows\WinSxS\Temp\InFlight\a13e5e988b3add012a0000003c17d819\amd64_microsoft-windows-servicingstack_31bf3856ad364e35_10.0.20348.557_none_f1edaeb8515fa10d\amd64_installed,Security,File,,,,0x173c,C:\Windows\WinSxS\amd64_microsoft-windows-servicingstack_31bf3856ad364e35_10.0.20348.5480_none_b1d14f82f983de4b\TiWorker.exe,,S:AI,,SCAFFOLD,0x3e7,DC$,S-1-5-18,,,,,,,,,,,
2026-09-02T03:33:23.044898Z,4660,dc.scaffold.htb,Microsoft-Windows-Security-Auditing,Security,23129,0,,,,,,,,,0x734,,,,,,,,,,,,,,Security,,,,,0x173c,C:\Windows\WinSxS\amd64_microsoft-windows-servicingstack_31bf3856ad364e35_10.0.20348.5480_none_b1d14f82f983de4b\TiWorker.exe,,,,SCAFFOLD,0x3e7,DC$,S-1-5-18,,,,,,,,,00000000-0000-0000-0000-000000000000,,
2026-09-02T03:33:23.047010Z,4663,dc.scaffold.htb,Microsoft-Windows-Security-Auditing,Security,23130,0,"%%1537
				",0x10000,,,,,,,0x74c,,,,,,,,,,,,,C:\Windows\WinSxS\Temp\InFlight\a13e5e988b3add012a0000003c17d819\amd64_microsoft-windows-servicingstack_31bf3856ad364e35_10.0.20348.557_none_f1edaeb8515fa10d\poqexec.exe,Security,File,,,,0x173c,C:\Windows\WinSxS\amd64_microsoft-windows-servicingstack_31bf3856ad364e35_10.0.20348.5480_none_b1d14f82f983de4b\TiWorker.exe,,S:AI,,SCAFFOLD,0x3e7,DC$,S-1-5-18,,,,,,,,,,,
2026-09-02T03:33:23.047033Z,4660,dc.scaffold.htb,Microsoft-Windows-Security-Auditing,Security,23131,0,,,,,,,,,0x74c,,,,,,,,,,,,,,Security,,,,,0x173c,C:\Windows\WinSxS\amd64_microsoft-windows-servicingstack_31bf3856ad364e35_10.0.20348.5480_none_b1d14f82f983de4b\TiWorker.exe,,,,SCAFFOLD,0x3e7,DC$,S-1-5-18,,,,,,,,,00000000-0000-0000-0000-000000000000,,
2026-09-02T03:33:23.049360Z,4663,dc.scaffold.htb,Microsoft-Windows-Security-Auditing,Security,23132,0,"%%1537
				",0x10000,,,,,,,0x320,,,,,,,,,,,,,C:\Windows\WinSxS\Temp\InFlight\a13e5e988b3add012a0000003c17d819\amd64_mscorlib_b77a5c561934e089_4.0.15806.345_none_1b15d57580a4ea1b\normidna.nlp,Security,File,,,,0x173c,C:\Windows\WinSxS\amd64_microsoft-windows-servicingstack_31bf3856ad364e35_10.0.20348.5480_none_b1d14f82f983de4b\TiWorker.exe,,S:AI,,SCAFFOLD,0x3e7,DC$,S-1-5-18,,,,,,,,,,,
2026-09-02T03:33:23.049378Z,4660,dc.scaffold.htb,Microsoft-Windows-Security-Auditing,Security,23133,0,,,,,,,,,0x320,,,,,,,,,,,,,,Security,,,,,0x173c,C:\Windows\WinSxS\amd64_microsoft-windows-servicingstack_31bf3856ad364e35_10.0.20348.5480_none_b1d14f82f983de4b\TiWorker.exe,,,,SCAFFOLD,0x3e7,DC$,S-1-5-18,,,,,,,,,00000000-0000-0000-0000-000000000000,,
2026-09-02T03:33:23.049475Z,4663,dc.scaffold.htb,Microsoft-Windows-Security-Auditing,Security,23134,0,"%%1537
				",0x10000,,,,,,,0x770,,,,,,,,,,,,,C:\Windows\WinSxS\Temp\InFlight\a13e5e988b3add012a0000003c17d819\amd64_mscorlib_b77a5c561934e089_4.0.15806.345_none_1b15d57580a4ea1b\normnfc.nlp,Security,File,,,,0x173c,C:\Windows\WinSxS\amd64_microsoft-windows-servicingstack_31bf3856ad364e35_10.0.20348.5480_none_b1d14f82f983de4b\TiWorker.exe,,S:AI,,SCAFFOLD,0x3e7,DC$,S-1-5-18,,,,,,,,,,,
2026-09-02T03:33:23.049489Z,4660,dc.scaffold.htb,Microsoft-Windows-Security-Auditing,Security,23135,0,,,,,,,,,0x770,,,,,,,,,,,,,,Security,,,,,0x173c,C:\Windows\WinSxS\amd64_microsoft-windows-servicingstack_31bf3856ad364e35_10.0.20348.5480_none_b1d14f82f983de4b\TiWorker.exe,,,,SCAFFOLD,0x3e7,DC$,S-1-5-18,,,,,,,,,00000000-0000-0000-0000-000000000000,,
2026-09-02T03:33:23.049631Z,4663,dc.scaffold.htb,Microsoft-Windows-Security-Auditing,Security,23136,0,"%%1537
				",0x10000,,,,,,,0x77c,,,,,,,,,,,,,C:\Windows\WinSxS\Temp\InFlight\a13e5e988b3add012a0000003c17d819\amd64_mscorlib_b77a5c561934e089_4.0.15806.345_none_1b15d57580a4ea1b\normnfd.nlp,Security,File,,,,0x173c,C:\Windows\WinSxS\amd64_microsoft-windows-servicingstack_31bf3856ad364e35_10.0.20348.5480_none_b1d14f82f983de4b\TiWorker.exe,,S:AI,,SCAFFOLD,0x3e7,DC$,S-1-5-18,,,,,,,,,,,
2026-09-02T03:33:23.049645Z,4660,dc.scaffold.htb,Microsoft-Windows-Security-Auditing,Security,23137,0,,,,,,,,,0x77c,,,,,,,,,,,,,,Security,,,,,0x173c,C:\Windows\WinSxS\amd64_microsoft-windows-servicingstack_31bf3856ad364e35_10.0.20348.5480_none_b1d14f82f983de4b\TiWorker.exe,,,,SCAFFOLD,0x3e7,DC$,S-1-5-18,,,,,,,,,00000000-0000-0000-0000-000000000000,,
2026-09-02T03:33:23.049731Z,4663,dc.scaffold.htb,Microsoft-Windows-Security-Auditing,Security,23138,0,"%%1537
				",0x10000,,,,,,,0x76c,,,,,,,,,,,,,C:\Windows\WinSxS\Temp\InFlight\a13e5e988b3add012a0000003c17d819\amd64_mscorlib_b77a5c561934e089_4.0.15806.345_none_1b15d57580a4ea1b\normnfkc.nlp,Security,File,,,,0x173c,C:\Windows\WinSxS\amd64_microsoft-windows-servicingstack_31bf3856ad364e35_10.0.20348.5480_none_b1d14f82f983de4b\TiWorker.exe,,S:AI,,SCAFFOLD,0x3e7,DC$,S-1-5-18,,,,,,,,,,,
2026-09-02T03:33:23.049745Z,4660,dc.scaffold.htb,Microsoft-Windows-Security-Auditing,Security,23139,0,,,,,,,,,0x76c,,,,,,,,,,,,,,Security,,,,,0x173c,C:\Windows\WinSxS\amd64_microsoft-windows-servicingstack_31bf3856ad364e35_10.0.20348.5480_none_b1d14f82f983de4b\TiWorker.exe,,,,SCAFFOLD,0x3e7,DC$,S-1-5-18,,,,,,,,,00000000-0000-0000-0000-000000000000,,
2026-09-02T03:33:23.049901Z,4663,dc.scaffold.htb,Microsoft-Windows-Security-Auditing,Security,23140,0,"%%1537
				",0x10000,,,,,,,0x638,,,,,,,,,,,,,C:\Windows\WinSxS\Temp\InFlight\a13e5e988b3add012a0000003c17d819\amd64_mscorlib_b77a5c561934e089_4.0.15806.345_none_1b15d57580a4ea1b\normnfkd.nlp,Security,File,,,,0x173c,C:\Windows\WinSxS\amd64_microsoft-windows-servicingstack_31bf3856ad364e35_10.0.20348.5480_none_b1d14f82f983de4b\TiWorker.exe,,S:AI,,SCAFFOLD,0x3e7,DC$,S-1-5-18,,,,,,,,,,,
2026-09-02T03:33:23.049917Z,4660,dc.scaffold.htb,Microsoft-Windows-Security-Auditing,Security,23141,0,,,,,,,,,0x638,,,,,,,,,,,,,,Security,,,,,0x173c,C:\Windows\WinSxS\amd64_microsoft-windows-servicingstack_31bf3856ad364e35_10.0.20348.5480_none_b1d14f82f983de4b\TiWorker.exe,,,,SCAFFOLD,0x3e7,DC$,S-1-5-18,,,,,,,,,00000000-0000-0000-0000-000000000000,,
2026-09-02T03:33:23.050220Z,4663,dc.scaffold.htb,Microsoft-Windows-Security-Auditing,Security,23142,0,"%%1537
				",0x10000,,,,,,,0x758,,,,,,,,,,,,,C:\Windows\WinSxS\Temp\InFlight\a13e5e988b3add012a0000003c17d819\amd64_netfx4-globalmonospacecf_b03f5f7f11d50a3a_4.0.15806.345_none_b90389569cdb0a8f\GlobalMonospace.CompositeFont,Security,File,,,,0x173c,C:\Windows\WinSxS\amd64_microsoft-windows-servicingstack_31bf3856ad364e35_10.0.20348.5480_none_b1d14f82f983de4b\TiWorker.exe,,S:AI,,SCAFFOLD,0x3e7,DC$,S-1-5-18,,,,,,,,,,,
2026-09-02T03:33:23.050236Z,4660,dc.scaffold.htb,Microsoft-Windows-Security-Auditing,Security,23143,0,,,,,,,,,0x758,,,,,,,,,,,,,,Security,,,,,0x173c,C:\Windows\WinSxS\amd64_microsoft-windows-servicingstack_31bf3856ad364e35_10.0.20348.5480_none_b1d14f82f983de4b\TiWorker.exe,,,,SCAFFOLD,0x3e7,DC$,S-1-5-18,,,,,,,,,00000000-0000-0000-0000-000000000000,,
2026-09-02T03:33:23.050331Z,4663,dc.scaffold.htb,Microsoft-Windows-Security-Auditing,Security,23144,0,"%%1537
				",0x10000,,,,,,,0x7f8,,,,,,,,,,,,,C:\Windows\WinSxS\Temp\InFlight\a13e5e988b3add012a0000003c17d819\amd64_netfx4-globalsansserifcf_b03f5f7f11d50a3a_4.0.15806.345_none_ceac5b7c9c215558\GlobalSansSerif.CompositeFont,Security,File,,,,0x173c,C:\Windows\WinSxS\amd64_microsoft-windows-servicingstack_31bf3856ad364e35_10.0.20348.5480_none_b1d14f82f983de4b\TiWorker.exe,,S:AI,,SCAFFOLD,0x3e7,DC$,S-1-5-18,,,,,,,,,,,
2026-09-02T03:33:23.050346Z,4660,dc.scaffold.htb,Microsoft-Windows-Security-Auditing,Security,23145,0,,,,,,,,,0x7f8,,,,,,,,,,,,,,Security,,,,,0x173c,C:\Windows\WinSxS\amd64_microsoft-windows-servicingstack_31bf3856ad364e35_10.0.20348.5480_none_b1d14f82f983de4b\TiWorker.exe,,,,SCAFFOLD,0x3e7,DC$,S-1-5-18,,,,,,,,,00000000-0000-0000-0000-000000000000,,
2026-09-02T03:33:23.050436Z,4663,dc.scaffold.htb,Microsoft-Windows-Security-Auditing,Security,23146,0,"%%1537
				",0x10000,,,,,,,0x7f4,,,,,,,,,,,,,C:\Windows\WinSxS\Temp\InFlight\a13e5e988b3add012a0000003c17d819\amd64_netfx4-globalserifcf_b03f5f7f11d50a3a_4.0.15806.345_none_d8e3d6668f757601\GlobalSerif.CompositeFont,Security,File,,,,0x173c,C:\Windows\WinSxS\amd64_microsoft-windows-servicingstack_31bf3856ad364e35_10.0.20348.5480_none_b1d14f82f983de4b\TiWorker.exe,,S:AI,,SCAFFOLD,0x3e7,DC$,S-1-5-18,,,,,,,,,,,
2026-09-02T03:33:23.050450Z,4660,dc.scaffold.htb,Microsoft-Windows-Security-Auditing,Security,23147,0,,,,,,,,,0x7f4,,,,,,,,,,,,,,Security,,,,,0x173c,C:\Windows\WinSxS\amd64_microsoft-windows-servicingstack_31bf3856ad364e35_10.0.20348.5480_none_b1d14f82f983de4b\TiWorker.exe,,,,SCAFFOLD,0x3e7,DC$,S-1-5-18,,,,,,,,,00000000-0000-0000-0000-000000000000,,
2026-09-02T03:33:23.050539Z,4663,dc.scaffold.htb,Microsoft-Windows-Security-Auditing,Security,23148,0,"%%1537
				",0x10000,,,,,,,0x79c,,,,,,,,,,,,,C:\Windows\WinSxS\Temp\InFlight\a13e5e988b3add012a0000003c17d819\amd64_netfx4-globaluserinterfacecf_b03f5f7f11d50a3a_4.0.15806.345_none_f0b28309d03cf45e\GlobalUserInterface.CompositeFont,Security,File,,,,0x173c,C:\Windows\WinSxS\amd64_microsoft-windows-servicingstack_31bf3856ad364e35_10.0.20348.5480_none_b1d14f82f983de4b\TiWorker.exe,,S:AI,,SCAFFOLD,0x3e7,DC$,S-1-5-18,,,,,,,,,,,
2026-09-02T03:33:23.050553Z,4660,dc.scaffold.htb,Microsoft-Windows-Security-Auditing,Security,23149,0,,,,,,,,,0x79c,,,,,,,,,,,,,,Security,,,,,0x173c,C:\Windows\WinSxS\amd64_microsoft-windows-servicingstack_31bf3856ad364e35_10.0.20348.5480_none_b1d14f82f983de4b\TiWorker.exe,,,,SCAFFOLD,0x3e7,DC$,S-1-5-18,,,,,,,,,00000000-0000-0000-0000-000000000000,,
2026-09-02T03:33:23.051480Z,4663,dc.scaffold.htb,Microsoft-Windows-Security-Auditing,Security,23150,0,"%%1537
				",0x10000,,,,,,,0x818,,,,,,,,,,,,,C:\Windows\WinSxS\Temp\InFlight\a13e5e988b3add012a0000003c17d819\amd64_presentationcore_31bf3856ad364e35_4.0.15806.345_none_a81831abde699965\GlobalMonospace.CompositeFont,Security,File,,,,0x173c,C:\Windows\WinSxS\amd64_microsoft-windows-servicingstack_31bf3856ad364e35_10.0.20348.5480_none_b1d14f82f983de4b\TiWorker.exe,,S:AI,,SCAFFOLD,0x3e7,DC$,S-1-5-18,,,,,,,,,,,
2026-09-02T03:33:23.051496Z,4660,dc.scaffold.htb,Microsoft-Windows-Security-Auditing,Security,23151,0,,,,,,,,,0x818,,,,,,,,,,,,,,Security,,,,,0x173c,C:\Windows\WinSxS\amd64_microsoft-windows-servicingstack_31bf3856ad364e35_10.0.20348.5480_none_b1d14f82f983de4b\TiWorker.exe,,,,SCAFFOLD,0x3e7,DC$,S-1-5-18,,,,,,,,,00000000-0000-0000-0000-000000000000,,
2026-09-02T03:33:23.051627Z,4663,dc.scaffold.htb,Microsoft-Windows-Security-Auditing,Security,23152,0,"%%1537
				",0x10000,,,,,,,0x824,,,,,,,,,,,,,C:\Windows\WinSxS\Temp\InFlight\a13e5e988b3add012a0000003c17d819\amd64_presentationcore_31bf3856ad364e35_4.0.15806.345_none_a81831abde699965\GlobalSansSerif.CompositeFont,Security,File,,,,0x173c,C:\Windows\WinSxS\amd64_microsoft-windows-servicingstack_31bf3856ad364e35_10.0.20348.5480_none_b1d14f82f983de4b\TiWorker.exe,,S:AI,,SCAFFOLD,0x3e7,DC$,S-1-5-18,,,,,,,,,,,
2026-09-02T03:33:23.051642Z,4660,dc.scaffold.htb,Microsoft-Windows-Security-Auditing,Security,23153,0,,,,,,,,,0x824,,,,,,,,,,,,,,Security,,,,,0x173c,C:\Windows\WinSxS\amd64_microsoft-windows-servicingstack_31bf3856ad364e35_10.0.20348.5480_none_b1d14f82f983de4b\TiWorker.exe,,,,SCAFFOLD,0x3e7,DC$,S-1-5-18,,,,,,,,,00000000-0000-0000-0000-000000000000,,
2026-09-02T03:33:23.051774Z,4663,dc.scaffold.htb,Microsoft-Windows-Security-Auditing,Security,23154,0,"%%1537
				",0x10000,,,,,,,0x820,,,,,,,,,,,,,C:\Windows\WinSxS\Temp\InFlight\a13e5e988b3add012a0000003c17d819\amd64_presentationcore_31bf3856ad364e35_4.0.15806.345_none_a81831abde699965\GlobalSerif.CompositeFont,Security,File,,,,0x173c,C:\Windows\WinSxS\amd64_microsoft-windows-servicingstack_31bf3856ad364e35_10.0.20348.5480_none_b1d14f82f983de4b\TiWorker.exe,,S:AI,,SCAFFOLD,0x3e7,DC$,S-1-5-18,,,,,,,,,,,
2026-09-02T03:33:23.051795Z,4660,dc.scaffold.htb,Microsoft-Windows-Security-Auditing,Security,23155,0,,,,,,,,,0x820,,,,,,,,,,,,,,Security,,,,,0x173c,C:\Windows\WinSxS\amd64_microsoft-windows-servicingstack_31bf3856ad364e35_10.0.20348.5480_none_b1d14f82f983de4b\TiWorker.exe,,,,SCAFFOLD,0x3e7,DC$,S-1-5-18,,,,,,,,,00000000-0000-0000-0000-000000000000,,
2026-09-02T03:33:23.052040Z,4663,dc.scaffold.htb,Microsoft-Windows-Security-Auditing,Security,23156,0,"%%1537
				",0x10000,,,,,,,0x82c,,,,,,,,,,,,,C:\Windows\WinSxS\Temp\InFlight\a13e5e988b3add012a0000003c17d819\amd64_presentationcore_31bf3856ad364e35_4.0.15806.345_none_a81831abde699965\GlobalUserInterface.CompositeFont,Security,File,,,,0x173c,C:\Windows\WinSxS\amd64_microsoft-windows-servicingstack_31bf3856ad364e35_10.0.20348.5480_none_b1d14f82f983de4b\TiWorker.exe,,S:AI,,SCAFFOLD,0x3e7,DC$,S-1-5-18,,,,,,,,,,,
2026-09-02T03:33:23.052045Z,4660,dc.scaffold.htb,Microsoft-Windows-Security-Auditing,Security,23157,0,,,,,,,,,0x82c,,,,,,,,,,,,,,Security,,,,,0x173c,C:\Windows\WinSxS\amd64_microsoft-windows-servicingstack_31bf3856ad364e35_10.0.20348.5480_none_b1d14f82f983de4b\TiWorker.exe,,,,SCAFFOLD,0x3e7,DC$,S-1-5-18,,,,,,,,,00000000-0000-0000-0000-000000000000,,
2026-09-02T03:33:23.053617Z,4663,dc.scaffold.htb,Microsoft-Windows-Security-Auditing,Security,23158,0,"%%1537
				",0x10000,,,,,,,0x89c,,,,,,,,,,,,,C:\Windows\WinSxS\Temp\InFlight\a13e5e988b3add012a0000003c17d819\wow64_mscorlib_b77a5c561934e089_4.0.15806.345_none_44e41c8f41ef7f38\normidna.nlp,Security,File,,,,0x173c,C:\Windows\WinSxS\amd64_microsoft-windows-servicingstack_31bf3856ad364e35_10.0.20348.5480_none_b1d14f82f983de4b\TiWorker.exe,,S:AI,,SCAFFOLD,0x3e7,DC$,S-1-5-18,,,,,,,,,,,
2026-09-02T03:33:23.053637Z,4660,dc.scaffold.htb,Microsoft-Windows-Security-Auditing,Security,23159,0,,,,,,,,,0x89c,,,,,,,,,,,,,,Security,,,,,0x173c,C:\Windows\WinSxS\amd64_microsoft-windows-servicingstack_31bf3856ad364e35_10.0.20348.5480_none_b1d14f82f983de4b\TiWorker.exe,,,,SCAFFOLD,0x3e7,DC$,S-1-5-18,,,,,,,,,00000000-0000-0000-0000-000000000000,,
2026-09-02T03:33:23.053784Z,4663,dc.scaffold.htb,Microsoft-Windows-Security-Auditing,Security,23160,0,"%%1537
				",0x10000,,,,,,,0x898,,,,,,,,,,,,,C:\Windows\WinSxS\Temp\InFlight\a13e5e988b3add012a0000003c17d819\wow64_mscorlib_b77a5c561934e089_4.0.15806.345_none_44e41c8f41ef7f38\normnfc.nlp,Security,File,,,,0x173c,C:\Windows\WinSxS\amd64_microsoft-windows-servicingstack_31bf3856ad364e35_10.0.20348.5480_none_b1d14f82f983de4b\TiWorker.exe,,S:AI,,SCAFFOLD,0x3e7,DC$,S-1-5-18,,,,,,,,,,,
2026-09-02T03:33:23.053788Z,4660,dc.scaffold.htb,Microsoft-Windows-Security-Auditing,Security,23161,0,,,,,,,,,0x898,,,,,,,,,,,,,,Security,,,,,0x173c,C:\Windows\WinSxS\amd64_microsoft-windows-servicingstack_31bf3856ad364e35_10.0.20348.5480_none_b1d14f82f983de4b\TiWorker.exe,,,,SCAFFOLD,0x3e7,DC$,S-1-5-18,,,,,,,,,00000000-0000-0000-0000-000000000000,,
2026-09-02T03:33:23.053876Z,4663,dc.scaffold.htb,Microsoft-Windows-Security-Auditing,Security,23162,0,"%%1537
				",0x10000,,,,,,,0x8a4,,,,,,,,,,,,,C:\Windows\WinSxS\Temp\InFlight\a13e5e988b3add012a0000003c17d819\wow64_mscorlib_b77a5c561934e089_4.0.15806.345_none_44e41c8f41ef7f38\normnfd.nlp,Security,File,,,,0x173c,C:\Windows\WinSxS\amd64_microsoft-windows-servicingstack_31bf3856ad364e35_10.0.20348.5480_none_b1d14f82f983de4b\TiWorker.exe,,S:AI,,SCAFFOLD,0x3e7,DC$,S-1-5-18,,,,,,,,,,,
2026-09-02T03:33:23.053880Z,4660,dc.scaffold.htb,Microsoft-Windows-Security-Auditing,Security,23163,0,,,,,,,,,0x8a4,,,,,,,,,,,,,,Security,,,,,0x173c,C:\Windows\WinSxS\amd64_microsoft-windows-servicingstack_31bf3856ad364e35_10.0.20348.5480_none_b1d14f82f983de4b\TiWorker.exe,,,,SCAFFOLD,0x3e7,DC$,S-1-5-18,,,,,,,,,00000000-0000-0000-0000-000000000000,,
2026-09-02T03:33:23.053980Z,4663,dc.scaffold.htb,Microsoft-Windows-Security-Auditing,Security,23164,0,"%%1537
				",0x10000,,,,,,,0x8a0,,,,,,,,,,,,,C:\Windows\WinSxS\Temp\InFlight\a13e5e988b3add012a0000003c17d819\wow64_mscorlib_b77a5c561934e089_4.0.15806.345_none_44e41c8f41ef7f38\normnfkc.nlp,Security,File,,,,0x173c,C:\Windows\WinSxS\amd64_microsoft-windows-servicingstack_31bf3856ad364e35_10.0.20348.5480_none_b1d14f82f983de4b\TiWorker.exe,,S:AI,,SCAFFOLD,0x3e7,DC$,S-1-5-18,,,,,,,,,,,
2026-09-02T03:33:23.053983Z,4660,dc.scaffold.htb,Microsoft-Windows-Security-Auditing,Security,23165,0,,,,,,,,,0x8a0,,,,,,,,,,,,,,Security,,,,,0x173c,C:\Windows\WinSxS\amd64_microsoft-windows-servicingstack_31bf3856ad364e35_10.0.20348.5480_none_b1d14f82f983de4b\TiWorker.exe,,,,SCAFFOLD,0x3e7,DC$,S-1-5-18,,,,,,,,,00000000-0000-0000-0000-000000000000,,
2026-09-02T03:33:23.054082Z,4663,dc.scaffold.htb,Microsoft-Windows-Security-Auditing,Security,23166,0,"%%1537
				",0x10000,,,,,,,0x8ac,,,,,,,,,,,,,C:\Windows\WinSxS\Temp\InFlight\a13e5e988b3add012a0000003c17d819\wow64_mscorlib_b77a5c561934e089_4.0.15806.345_none_44e41c8f41ef7f38\normnfkd.nlp,Security,File,,,,0x173c,C:\Windows\WinSxS\amd64_microsoft-windows-servicingstack_31bf3856ad364e35_10.0.20348.5480_none_b1d14f82f983de4b\TiWorker.exe,,S:AI,,SCAFFOLD,0x3e7,DC$,S-1-5-18,,,,,,,,,,,
2026-09-02T03:33:23.054085Z,4660,dc.scaffold.htb,Microsoft-Windows-Security-Auditing,Security,23167,0,,,,,,,,,0x8ac,,,,,,,,,,,,,,Security,,,,,0x173c,C:\Windows\WinSxS\amd64_microsoft-windows-servicingstack_31bf3856ad364e35_10.0.20348.5480_none_b1d14f82f983de4b\TiWorker.exe,,,,SCAFFOLD,0x3e7,DC$,S-1-5-18,,,,,,,,,00000000-0000-0000-0000-000000000000,,
2026-09-02T03:33:23.054183Z,4663,dc.scaffold.htb,Microsoft-Windows-Security-Auditing,Security,23168,0,"%%1537
				",0x10000,,,,,,,0x8b4,,,,,,,,,,,,,C:\Windows\WinSxS\Temp\InFlight\a13e5e988b3add012a0000003c17d819\wow64_presentationcore_31bf3856ad364e35_4.0.15806.345_none_d1e678c59fb42e82\GlobalMonospace.CompositeFont,Security,File,,,,0x173c,C:\Windows\WinSxS\amd64_microsoft-windows-servicingstack_31bf3856ad364e35_10.0.20348.5480_none_b1d14f82f983de4b\TiWorker.exe,,S:AI,,SCAFFOLD,0x3e7,DC$,S-1-5-18,,,,,,,,,,,
2026-09-02T03:33:23.054214Z,4660,dc.scaffold.htb,Microsoft-Windows-Security-Auditing,Security,23169,0,,,,,,,,,0x8b4,,,,,,,,,,,,,,Security,,,,,0x173c,C:\Windows\WinSxS\amd64_microsoft-windows-servicingstack_31bf3856ad364e35_10.0.20348.5480_none_b1d14f82f983de4b\TiWorker.exe,,,,SCAFFOLD,0x3e7,DC$,S-1-5-18,,,,,,,,,00000000-0000-0000-0000-000000000000,,
2026-09-02T03:33:23.054311Z,4663,dc.scaffold.htb,Microsoft-Windows-Security-Auditing,Security,23170,0,"%%1537
				",0x10000,,,,,,,0x8b0,,,,,,,,,,,,,C:\Windows\WinSxS\Temp\InFlight\a13e5e988b3add012a0000003c17d819\wow64_presentationcore_31bf3856ad364e35_4.0.15806.345_none_d1e678c59fb42e82\GlobalSansSerif.CompositeFont,Security,File,,,,0x173c,C:\Windows\WinSxS\amd64_microsoft-windows-servicingstack_31bf3856ad364e35_10.0.20348.5480_none_b1d14f82f983de4b\TiWorker.exe,,S:AI,,SCAFFOLD,0x3e7,DC$,S-1-5-18,,,,,,,,,,,
2026-09-02T03:33:23.054315Z,4660,dc.scaffold.htb,Microsoft-Windows-Security-Auditing,Security,23171,0,,,,,,,,,0x8b0,,,,,,,,,,,,,,Security,,,,,0x173c,C:\Windows\WinSxS\amd64_microsoft-windows-servicingstack_31bf3856ad364e35_10.0.20348.5480_none_b1d14f82f983de4b\TiWorker.exe,,,,SCAFFOLD,0x3e7,DC$,S-1-5-18,,,,,,,,,00000000-0000-0000-0000-000000000000,,
2026-09-02T03:33:23.054603Z,4663,dc.scaffold.htb,Microsoft-Windows-Security-Auditing,Security,23172,0,"%%1537
				",0x10000,,,,,,,0x8bc,,,,,,,,,,,,,C:\Windows\WinSxS\Temp\InFlight\a13e5e988b3add012a0000003c17d819\wow64_presentationcore_31bf3856ad364e35_4.0.15806.345_none_d1e678c59fb42e82\GlobalSerif.CompositeFont,Security,File,,,,0x173c,C:\Windows\WinSxS\amd64_microsoft-windows-servicingstack_31bf3856ad364e35_10.0.20348.5480_none_b1d14f82f983de4b\TiWorker.exe,,S:AI,,SCAFFOLD,0x3e7,DC$,S-1-5-18,,,,,,,,,,,
2026-09-02T03:33:23.054607Z,4660,dc.scaffold.htb,Microsoft-Windows-Security-Auditing,Security,23173,0,,,,,,,,,0x8bc,,,,,,,,,,,,,,Security,,,,,0x173c,C:\Windows\WinSxS\amd64_microsoft-windows-servicingstack_31bf3856ad364e35_10.0.20348.5480_none_b1d14f82f983de4b\TiWorker.exe,,,,SCAFFOLD,0x3e7,DC$,S-1-5-18,,,,,,,,,00000000-0000-0000-0000-000000000000,,
2026-09-02T03:33:23.054743Z,4663,dc.scaffold.htb,Microsoft-Windows-Security-Auditing,Security,23174,0,"%%1537
				",0x10000,,,,,,,0x634,,,,,,,,,,,,,C:\Windows\WinSxS\Temp\InFlight\a13e5e988b3add012a0000003c17d819\wow64_presentationcore_31bf3856ad364e35_4.0.15806.345_none_d1e678c59fb42e82\GlobalUserInterface.CompositeFont,Security,File,,,,0x173c,C:\Windows\WinSxS\amd64_microsoft-windows-servicingstack_31bf3856ad364e35_10.0.20348.5480_none_b1d14f82f983de4b\TiWorker.exe,,S:AI,,SCAFFOLD,0x3e7,DC$,S-1-5-18,,,,,,,,,,,
2026-09-02T03:33:23.054747Z,4660,dc.scaffold.htb,Microsoft-Windows-Security-Auditing,Security,23175,0,,,,,,,,,0x634,,,,,,,,,,,,,,Security,,,,,0x173c,C:\Windows\WinSxS\amd64_microsoft-windows-servicingstack_31bf3856ad364e35_10.0.20348.5480_none_b1d14f82f983de4b\TiWorker.exe,,,,SCAFFOLD,0x3e7,DC$,S-1-5-18,,,,,,,,,00000000-0000-0000-0000-000000000000,,
2026-09-02T03:33:23.060658Z,4663,dc.scaffold.htb,Microsoft-Windows-Security-Auditing,Security,23176,0,"%%1537
				",0x10000,,,,,,,0x9f8,,,,,,,,,,,,,C:\Windows\WinSxS\Temp\InFlight\a13e5e988b3add012a0000003c17d819\x86_microsoft-windows-servicingstack_31bf3856ad364e35_10.0.20348.557_none_95cf133499022fd7\poqexec.exe,Security,File,,,,0x173c,C:\Windows\WinSxS\amd64_microsoft-windows-servicingstack_31bf3856ad364e35_10.0.20348.5480_none_b1d14f82f983de4b\TiWorker.exe,,S:AI,,SCAFFOLD,0x3e7,DC$,S-1-5-18,,,,,,,,,,,
2026-09-02T03:33:23.060662Z,4660,dc.scaffold.htb,Microsoft-Windows-Security-Auditing,Security,23177,0,,,,,,,,,0x9f8,,,,,,,,,,,,,,Security,,,,,0x173c,C:\Windows\WinSxS\amd64_microsoft-windows-servicingstack_31bf3856ad364e35_10.0.20348.5480_none_b1d14f82f983de4b\TiWorker.exe,,,,SCAFFOLD,0x3e7,DC$,S-1-5-18,,,,,,,,,00000000-0000-0000-0000-000000000000,,
2026-09-02T03:33:23.061720Z,4663,dc.scaffold.htb,Microsoft-Windows-Security-Auditing,Security,23178,0,"%%1537
				",0x10000,,,,,,,0xa28,,,,,,,,,,,,,C:\Windows\WinSxS\Temp\InFlight\a13e5e988b3add012a0000003c17d819\x86_microsoft-windows-servicingstack_31bf3856ad364e35_10.0.20348.557_none_95cf133499022fd7\x86_installed,Security,File,,,,0x173c,C:\Windows\WinSxS\amd64_microsoft-windows-servicingstack_31bf3856ad364e35_10.0.20348.5480_none_b1d14f82f983de4b\TiWorker.exe,,S:AI,,SCAFFOLD,0x3e7,DC$,S-1-5-18,,,,,,,,,,,
2026-09-02T03:33:23.061741Z,4660,dc.scaffold.htb,Microsoft-Windows-Security-Auditing,Security,23179,0,,,,,,,,,0xa28,,,,,,,,,,,,,,Security,,,,,0x173c,C:\Windows\WinSxS\amd64_microsoft-windows-servicingstack_31bf3856ad364e35_10.0.20348.5480_none_b1d14f82f983de4b\TiWorker.exe,,,,SCAFFOLD,0x3e7,DC$,S-1-5-18,,,,,,,,,00000000-0000-0000-0000-000000000000,,
2026-09-02T03:33:23.062050Z,4663,dc.scaffold.htb,Microsoft-Windows-Security-Auditing,Security,23180,0,"%%1537
				",0x10000,,,,,,,0xa40,,,,,,,,,,,,,C:\Windows\WinSxS\Temp\InFlight\a13e5e988b3add012a0000003c17d819\x86_netfx4-globalmonospacecf_b03f5f7f11d50a3a_4.0.15806.345_none_00b0c02db1573395\GlobalMonospace.CompositeFont,Security,File,,,,0x173c,C:\Windows\WinSxS\amd64_microsoft-windows-servicingstack_31bf3856ad364e35_10.0.20348.5480_none_b1d14f82f983de4b\TiWorker.exe,,S:AI,,SCAFFOLD,0x3e7,DC$,S-1-5-18,,,,,,,,,,,
2026-09-02T03:33:23.062054Z,4660,dc.scaffold.htb,Microsoft-Windows-Security-Auditing,Security,23181,0,,,,,,,,,0xa40,,,,,,,,,,,,,,Security,,,,,0x173c,C:\Windows\WinSxS\amd64_microsoft-windows-servicingstack_31bf3856ad364e35_10.0.20348.5480_none_b1d14f82f983de4b\TiWorker.exe,,,,SCAFFOLD,0x3e7,DC$,S-1-5-18,,,,,,,,,00000000-0000-0000-0000-000000000000,,
2026-09-02T03:33:23.062181Z,4663,dc.scaffold.htb,Microsoft-Windows-Security-Auditing,Security,23182,0,"%%1537
				",0x10000,,,,,,,0xa48,,,,,,,,,,,,,C:\Windows\WinSxS\Temp\InFlight\a13e5e988b3add012a0000003c17d819\x86_netfx4-globalsansserifcf_b03f5f7f11d50a3a_4.0.15806.345_none_16599253b09d7e5e\GlobalSansSerif.CompositeFont,Security,File,,,,0x173c,C:\Windows\WinSxS\amd64_microsoft-windows-servicingstack_31bf3856ad364e35_10.0.20348.5480_none_b1d14f82f983de4b\TiWorker.exe,,S:AI,,SCAFFOLD,0x3e7,DC$,S-1-5-18,,,,,,,,,,,
2026-09-02T03:33:23.062199Z,4660,dc.scaffold.htb,Microsoft-Windows-Security-Auditing,Security,23183,0,,,,,,,,,0xa48,,,,,,,,,,,,,,Security,,,,,0x173c,C:\Windows\WinSxS\amd64_microsoft-windows-servicingstack_31bf3856ad364e35_10.0.20348.5480_none_b1d14f82f983de4b\TiWorker.exe,,,,SCAFFOLD,0x3e7,DC$,S-1-5-18,,,,,,,,,00000000-0000-0000-0000-000000000000,,
2026-09-02T03:33:23.062315Z,4663,dc.scaffold.htb,Microsoft-Windows-Security-Auditing,Security,23184,0,"%%1537
				",0x10000,,,,,,,0xa50,,,,,,,,,,,,,C:\Windows\WinSxS\Temp\InFlight\a13e5e988b3add012a0000003c17d819\x86_netfx4-globalserifcf_b03f5f7f11d50a3a_4.0.15806.345_none_20910d3da3f19f07\GlobalSerif.CompositeFont,Security,File,,,,0x173c,C:\Windows\WinSxS\amd64_microsoft-windows-servicingstack_31bf3856ad364e35_10.0.20348.5480_none_b1d14f82f983de4b\TiWorker.exe,,S:AI,,SCAFFOLD,0x3e7,DC$,S-1-5-18,,,,,,,,,,,
2026-09-02T03:33:23.062330Z,4660,dc.scaffold.htb,Microsoft-Windows-Security-Auditing,Security,23185,0,,,,,,,,,0xa50,,,,,,,,,,,,,,Security,,,,,0x173c,C:\Windows\WinSxS\amd64_microsoft-windows-servicingstack_31bf3856ad364e35_10.0.20348.5480_none_b1d14f82f983de4b\TiWorker.exe,,,,SCAFFOLD,0x3e7,DC$,S-1-5-18,,,,,,,,,00000000-0000-0000-0000-000000000000,,
2026-09-02T03:33:23.062415Z,4663,dc.scaffold.htb,Microsoft-Windows-Security-Auditing,Security,23186,0,"%%1537
				",0x10000,,,,,,,0xa58,,,,,,,,,,,,,C:\Windows\WinSxS\Temp\InFlight\a13e5e988b3add012a0000003c17d819\x86_netfx4-globaluserinterfacecf_b03f5f7f11d50a3a_4.0.15806.345_none_385fb9e0e4b91d64\GlobalUserInterface.CompositeFont,Security,File,,,,0x173c,C:\Windows\WinSxS\amd64_microsoft-windows-servicingstack_31bf3856ad364e35_10.0.20348.5480_none_b1d14f82f983de4b\TiWorker.exe,,S:AI,,SCAFFOLD,0x3e7,DC$,S-1-5-18,,,,,,,,,,,
2026-09-02T03:33:23.062429Z,4660,dc.scaffold.htb,Microsoft-Windows-Security-Auditing,Security,23187,0,,,,,,,,,0xa58,,,,,,,,,,,,,,Security,,,,,0x173c,C:\Windows\WinSxS\amd64_microsoft-windows-servicingstack_31bf3856ad364e35_10.0.20348.5480_none_b1d14f82f983de4b\TiWorker.exe,,,,SCAFFOLD,0x3e7,DC$,S-1-5-18,,,,,,,,,00000000-0000-0000-0000-000000000000,,
2026-09-02T03:33:23.188694Z,4663,dc.scaffold.htb,Microsoft-Windows-Security-Auditing,Security,23188,0,"%%1537
				",0x10000,,,,,,,0xa40,,,,,,,,,,,,,C:\Windows\WinSxS\Temp\PendingDeletes\$$DeleteMeAspnet_perf.dll1da600248a3add01010000006c168412,Security,File,,,,0x173c,C:\Windows\WinSxS\amd64_microsoft-windows-servicingstack_31bf3856ad364e35_10.0.20348.5480_none_b1d14f82f983de4b\TiWorker.exe,,S:AI,,SCAFFOLD,0x3e7,DC$,S-1-5-18,,,,,,,,,,,
2026-09-02T03:33:23.188700Z,4660,dc.scaffold.htb,Microsoft-Windows-Security-Auditing,Security,23189,0,,,,,,,,,0xa40,,,,,,,,,,,,,,Security,,,,,0x173c,C:\Windows\WinSxS\amd64_microsoft-windows-servicingstack_31bf3856ad364e35_10.0.20348.5480_none_b1d14f82f983de4b\TiWorker.exe,,,,SCAFFOLD,0x3e7,DC$,S-1-5-18,,,,,,,,,00000000-0000-0000-0000-000000000000,,
2026-09-02T03:33:23.188855Z,4663,dc.scaffold.htb,Microsoft-Windows-Security-Auditing,Security,23190,0,"%%1537
				",0x10000,,,,,,,0xa40,,,,,,,,,,,,,C:\Windows\WinSxS\Temp\PendingDeletes\$$DeleteMeclr.dllf06a05248a3add01020000006c168412,Security,File,,,,0x173c,C:\Windows\WinSxS\amd64_microsoft-windows-servicingstack_31bf3856ad364e35_10.0.20348.5480_none_b1d14f82f983de4b\TiWorker.exe,,S:AI,,SCAFFOLD,0x3e7,DC$,S-1-5-18,,,,,,,,,,,
2026-09-02T03:33:23.188859Z,4660,dc.scaffold.htb,Microsoft-Windows-Security-Auditing,Security,23191,0,,,,,,,,,0xa40,,,,,,,,,,,,,,Security,,,,,0x173c,C:\Windows\WinSxS\amd64_microsoft-windows-servicingstack_31bf3856ad364e35_10.0.20348.5480_none_b1d14f82f983de4b\TiWorker.exe,,,,SCAFFOLD,0x3e7,DC$,S-1-5-18,,,,,,,,,00000000-0000-0000-0000-000000000000,,
2026-09-02T03:33:23.189396Z,4663,dc.scaffold.htb,Microsoft-Windows-Security-Auditing,Security,23192,0,"%%1537
				",0x10000,,,,,,,0xa40,,,,,,,,,,,,,C:\Windows\WinSxS\Temp\PendingDeletes\$$DeleteMeclrjit.dll58cd07248a3add01030000006c168412,Security,File,,,,0x173c,C:\Windows\WinSxS\amd64_microsoft-windows-servicingstack_31bf3856ad364e35_10.0.20348.5480_none_b1d14f82f983de4b\TiWorker.exe,,S:AI,,SCAFFOLD,0x3e7,DC$,S-1-5-18,,,,,,,,,,,
2026-09-02T03:33:23.189401Z,4660,dc.scaffold.htb,Microsoft-Windows-Security-Auditing,Security,23193,0,,,,,,,,,0xa40,,,,,,,,,,,,,,Security,,,,,0x173c,C:\Windows\WinSxS\amd64_microsoft-windows-servicingstack_31bf3856ad364e35_10.0.20348.5480_none_b1d14f82f983de4b\TiWorker.exe,,,,SCAFFOLD,0x3e7,DC$,S-1-5-18,,,,,,,,,00000000-0000-0000-0000-000000000000,,
2026-09-02T03:33:23.189534Z,4663,dc.scaffold.htb,Microsoft-Windows-Security-Auditing,Security,23194,0,"%%1537
				",0x10000,,,,,,,0xa40,,,,,,,,,,,,,C:\Windows\WinSxS\Temp\PendingDeletes\$$DeleteMediasymreader.dllac2f0a248a3add01040000006c168412,Security,File,,,,0x173c,C:\Windows\WinSxS\amd64_microsoft-windows-servicingstack_31bf3856ad364e35_10.0.20348.5480_none_b1d14f82f983de4b\TiWorker.exe,,S:AI,,SCAFFOLD,0x3e7,DC$,S-1-5-18,,,,,,,,,,,
2026-09-02T03:33:23.189538Z,4660,dc.scaffold.htb,Microsoft-Windows-Security-Auditing,Security,23195,0,,,,,,,,,0xa40,,,,,,,,,,,,,,Security,,,,,0x173c,C:\Windows\WinSxS\amd64_microsoft-windows-servicingstack_31bf3856ad364e35_10.0.20348.5480_none_b1d14f82f983de4b\TiWorker.exe,,,,SCAFFOLD,0x3e7,DC$,S-1-5-18,,,,,,,,,00000000-0000-0000-0000-000000000000,,
2026-09-02T03:33:23.190358Z,4663,dc.scaffold.htb,Microsoft-Windows-Security-Auditing,Security,23196,0,"%%1537
				",0x10000,,,,,,,0xa40,,,,,,,,,,,,,C:\Windows\WinSxS\Temp\PendingDeletes\$$DeleteMeSystem.Data.dll3f1b16248a3add01050000006c168412,Security,File,,,,0x173c,C:\Windows\WinSxS\amd64_microsoft-windows-servicingstack_31bf3856ad364e35_10.0.20348.5480_none_b1d14f82f983de4b\TiWorker.exe,,S:AI,,SCAFFOLD,0x3e7,DC$,S-1-5-18,,,,,,,,,,,
2026-09-02T03:33:23.190363Z,4660,dc.scaffold.htb,Microsoft-Windows-Security-Auditing,Security,23197,0,,,,,,,,,0xa40,,,,,,,,,,,,,,Security,,,,,0x173c,C:\Windows\WinSxS\amd64_microsoft-windows-servicingstack_31bf3856ad364e35_10.0.20348.5480_none_b1d14f82f983de4b\TiWorker.exe,,,,SCAFFOLD,0x3e7,DC$,S-1-5-18,,,,,,,,,00000000-0000-0000-0000-000000000000,,
2026-09-02T03:33:23.190548Z,4663,dc.scaffold.htb,Microsoft-Windows-Security-Auditing,Security,23198,0,"%%1537
				",0x10000,,,,,,,0xa40,,,,,,,,,,,,,C:\Windows\WinSxS\Temp\PendingDeletes\$$DeleteMeSystem.Data.dlld2f22d248a3add01060000006c168412,Security,File,,,,0x173c,C:\Windows\WinSxS\amd64_microsoft-windows-servicingstack_31bf3856ad364e35_10.0.20348.5480_none_b1d14f82f983de4b\TiWorker.exe,,S:AI,,SCAFFOLD,0x3e7,DC$,S-1-5-18,,,,,,,,,,,
2026-09-02T03:33:23.190579Z,4660,dc.scaffold.htb,Microsoft-Windows-Security-Auditing,Security,23199,0,,,,,,,,,0xa40,,,,,,,,,,,,,,Security,,,,,0x173c,C:\Windows\WinSxS\amd64_microsoft-windows-servicingstack_31bf3856ad364e35_10.0.20348.5480_none_b1d14f82f983de4b\TiWorker.exe,,,,SCAFFOLD,0x3e7,DC$,S-1-5-18,,,,,,,,,00000000-0000-0000-0000-000000000000,,
2026-09-02T03:45:42.230885Z,4985,dc.scaffold.htb,Microsoft-Windows-Security-Auditing,Security,23200,0,,,,,,,,,,,,,,,,,,,,48,,,,,,,,0x173c,C:\Windows\WinSxS\amd64_microsoft-windows-servicingstack_31bf3856ad364e35_10.0.20348.5480_none_b1d14f82f983de4b\TiWorker.exe,,,DA4CB52F-4F22-11F1-A9A6-8906DE6815CD,SCAFFOLD,0x3e7,DC$,S-1-5-18,,,,,,,,,2BC067FA-A67E-11F1-9937-005056B98D90,,
2026-09-02T03:45:42.295583Z,4985,dc.scaffold.htb,Microsoft-Windows-Security-Auditing,Security,23201,0,,,,,,,,,,,,,,,,,,,,52,,,,,,,,0x173c,C:\Windows\WinSxS\amd64_microsoft-windows-servicingstack_31bf3856ad364e35_10.0.20348.5480_none_b1d14f82f983de4b\TiWorker.exe,,,DA4CB52F-4F22-11F1-A9A6-8906DE6815CD,SCAFFOLD,0x3e7,DC$,S-1-5-18,,,,,,,,,2BC067FA-A67E-11F1-9937-005056B98D90,,
2026-09-02T03:45:42.721085Z,4985,dc.scaffold.htb,Microsoft-Windows-Security-Auditing,Security,23202,0,,,,,,,,,,,,,,,,,,,,48,,,,,,,,0x173c,C:\Windows\WinSxS\amd64_microsoft-windows-servicingstack_31bf3856ad364e35_10.0.20348.5480_none_b1d14f82f983de4b\TiWorker.exe,,,DA4CB52F-4F22-11F1-A9A6-8906DE6815CD,SCAFFOLD,0x3e7,DC$,S-1-5-18,,,,,,,,,2BC06806-A67E-11F1-9937-005056B98D90,,
2026-09-02T03:45:42.961301Z,4985,dc.scaffold.htb,Microsoft-Windows-Security-Auditing,Security,23203,0,,,,,,,,,,,,,,,,,,,,52,,,,,,,,0x173c,C:\Windows\WinSxS\amd64_microsoft-windows-servicingstack_31bf3856ad364e35_10.0.20348.5480_none_b1d14f82f983de4b\TiWorker.exe,,,DA4CB52F-4F22-11F1-A9A6-8906DE6815CD,SCAFFOLD,0x3e7,DC$,S-1-5-18,,,,,,,,,2BC06806-A67E-11F1-9937-005056B98D90,,
2026-09-02T03:45:43.108700Z,4985,dc.scaffold.htb,Microsoft-Windows-Security-Auditing,Security,23204,0,,,,,,,,,,,,,,,,,,,,48,,,,,,,,0x173c,C:\Windows\WinSxS\amd64_microsoft-windows-servicingstack_31bf3856ad364e35_10.0.20348.5480_none_b1d14f82f983de4b\TiWorker.exe,,,DA4CB52F-4F22-11F1-A9A6-8906DE6815CD,SCAFFOLD,0x3e7,DC$,S-1-5-18,,,,,,,,,2BC06812-A67E-11F1-9937-005056B98D90,,
2026-09-02T03:45:43.298807Z,4985,dc.scaffold.htb,Microsoft-Windows-Security-Auditing,Security,23205,0,,,,,,,,,,,,,,,,,,,,52,,,,,,,,0x173c,C:\Windows\WinSxS\amd64_microsoft-windows-servicingstack_31bf3856ad364e35_10.0.20348.5480_none_b1d14f82f983de4b\TiWorker.exe,,,DA4CB52F-4F22-11F1-A9A6-8906DE6815CD,SCAFFOLD,0x3e7,DC$,S-1-5-18,,,,,,,,,2BC06812-A67E-11F1-9937-005056B98D90,,
2026-09-02T03:45:45.302678Z,4985,dc.scaffold.htb,Microsoft-Windows-Security-Auditing,Security,23206,0,,,,,,,,,,,,,,,,,,,,48,,,,,,,,0x173c,C:\Windows\WinSxS\amd64_microsoft-windows-servicingstack_31bf3856ad364e35_10.0.20348.5480_none_b1d14f82f983de4b\TiWorker.exe,,,DA4CB52F-4F22-11F1-A9A6-8906DE6815CD,SCAFFOLD,0x3e7,DC$,S-1-5-18,,,,,,,,,2BC0681E-A67E-11F1-9937-005056B98D90,,
2026-09-02T03:45:45.338548Z,4985,dc.scaffold.htb,Microsoft-Windows-Security-Auditing,Security,23207,0,,,,,,,,,,,,,,,,,,,,52,,,,,,,,0x173c,C:\Windows\WinSxS\amd64_microsoft-windows-servicingstack_31bf3856ad364e35_10.0.20348.5480_none_b1d14f82f983de4b\TiWorker.exe,,,DA4CB52F-4F22-11F1-A9A6-8906DE6815CD,SCAFFOLD,0x3e7,DC$,S-1-5-18,,,,,,,,,2BC0681E-A67E-11F1-9937-005056B98D90,,
2026-09-02T03:45:45.921799Z,4985,dc.scaffold.htb,Microsoft-Windows-Security-Auditing,Security,23208,0,,,,,,,,,,,,,,,,,,,,48,,,,,,,,0x173c,C:\Windows\WinSxS\amd64_microsoft-windows-servicingstack_31bf3856ad364e35_10.0.20348.5480_none_b1d14f82f983de4b\TiWorker.exe,,,DA4CB52F-4F22-11F1-A9A6-8906DE6815CD,SCAFFOLD,0x3e7,DC$,S-1-5-18,,,,,,,,,2BC0682A-A67E-11F1-9937-005056B98D90,,
2026-09-02T03:45:45.950181Z,4985,dc.scaffold.htb,Microsoft-Windows-Security-Auditing,Security,23209,0,,,,,,,,,,,,,,,,,,,,52,,,,,,,,0x173c,C:\Windows\WinSxS\amd64_microsoft-windows-servicingstack_31bf3856ad364e35_10.0.20348.5480_none_b1d14f82f983de4b\TiWorker.exe,,,DA4CB52F-4F22-11F1-A9A6-8906DE6815CD,SCAFFOLD,0x3e7,DC$,S-1-5-18,,,,,,,,,2BC0682A-A67E-11F1-9937-005056B98D90,,
2026-09-02T03:45:46.079321Z,4985,dc.scaffold.htb,Microsoft-Windows-Security-Auditing,Security,23210,0,,,,,,,,,,,,,,,,,,,,48,,,,,,,,0x173c,C:\Windows\WinSxS\amd64_microsoft-windows-servicingstack_31bf3856ad364e35_10.0.20348.5480_none_b1d14f82f983de4b\TiWorker.exe,,,DA4CB52F-4F22-11F1-A9A6-8906DE6815CD,SCAFFOLD,0x3e7,DC$,S-1-5-18,,,,,,,,,2BC06836-A67E-11F1-9937-005056B98D90,,
2026-09-02T03:45:46.109204Z,4985,dc.scaffold.htb,Microsoft-Windows-Security-Auditing,Security,23211,0,,,,,,,,,,,,,,,,,,,,52,,,,,,,,0x173c,C:\Windows\WinSxS\amd64_microsoft-windows-servicingstack_31bf3856ad364e35_10.0.20348.5480_none_b1d14f82f983de4b\TiWorker.exe,,,DA4CB52F-4F22-11F1-A9A6-8906DE6815CD,SCAFFOLD,0x3e7,DC$,S-1-5-18,,,,,,,,,2BC06836-A67E-11F1-9937-005056B98D90,,
2026-09-02T03:45:46.148984Z,4985,dc.scaffold.htb,Microsoft-Windows-Security-Auditing,Security,23212,0,,,,,,,,,,,,,,,,,,,,48,,,,,,,,0x173c,C:\Windows\WinSxS\amd64_microsoft-windows-servicingstack_31bf3856ad364e35_10.0.20348.5480_none_b1d14f82f983de4b\TiWorker.exe,,,DA4CB52F-4F22-11F1-A9A6-8906DE6815CD,SCAFFOLD,0x3e7,DC$,S-1-5-18,,,,,,,,,2BC06842-A67E-11F1-9937-005056B98D90,,
2026-09-02T03:45:46.192337Z,4985,dc.scaffold.htb,Microsoft-Windows-Security-Auditing,Security,23213,0,,,,,,,,,,,,,,,,,,,,52,,,,,,,,0x173c,C:\Windows\WinSxS\amd64_microsoft-windows-servicingstack_31bf3856ad364e35_10.0.20348.5480_none_b1d14f82f983de4b\TiWorker.exe,,,DA4CB52F-4F22-11F1-A9A6-8906DE6815CD,SCAFFOLD,0x3e7,DC$,S-1-5-18,,,,,,,,,2BC06842-A67E-11F1-9937-005056B98D90,,
2026-09-02T03:45:46.341355Z,4985,dc.scaffold.htb,Microsoft-Windows-Security-Auditing,Security,23214,0,,,,,,,,,,,,,,,,,,,,48,,,,,,,,0x173c,C:\Windows\WinSxS\amd64_microsoft-windows-servicingstack_31bf3856ad364e35_10.0.20348.5480_none_b1d14f82f983de4b\TiWorker.exe,,,DA4CB52F-4F22-11F1-A9A6-8906DE6815CD,SCAFFOLD,0x3e7,DC$,S-1-5-18,,,,,,,,,2BC0684E-A67E-11F1-9937-005056B98D90,,
2026-09-02T03:45:46.554912Z,4985,dc.scaffold.htb,Microsoft-Windows-Security-Auditing,Security,23215,0,,,,,,,,,,,,,,,,,,,,52,,,,,,,,0x173c,C:\Windows\WinSxS\amd64_microsoft-windows-servicingstack_31bf3856ad364e35_10.0.20348.5480_none_b1d14f82f983de4b\TiWorker.exe,,,DA4CB52F-4F22-11F1-A9A6-8906DE6815CD,SCAFFOLD,0x3e7,DC$,S-1-5-18,,,,,,,,,2BC0684E-A67E-11F1-9937-005056B98D90,,
2026-09-02T03:45:46.728335Z,4985,dc.scaffold.htb,Microsoft-Windows-Security-Auditing,Security,23216,0,,,,,,,,,,,,,,,,,,,,48,,,,,,,,0x173c,C:\Windows\WinSxS\amd64_microsoft-windows-servicingstack_31bf3856ad364e35_10.0.20348.5480_none_b1d14f82f983de4b\TiWorker.exe,,,DA4CB52F-4F22-11F1-A9A6-8906DE6815CD,SCAFFOLD,0x3e7,DC$,S-1-5-18,,,,,,,,,2BC0685A-A67E-11F1-9937-005056B98D90,,
2026-09-02T03:45:46.942062Z,4985,dc.scaffold.htb,Microsoft-Windows-Security-Auditing,Security,23217,0,,,,,,,,,,,,,,,,,,,,52,,,,,,,,0x173c,C:\Windows\WinSxS\amd64_microsoft-windows-servicingstack_31bf3856ad364e35_10.0.20348.5480_none_b1d14f82f983de4b\TiWorker.exe,,,DA4CB52F-4F22-11F1-A9A6-8906DE6815CD,SCAFFOLD,0x3e7,DC$,S-1-5-18,,,,,,,,,2BC0685A-A67E-11F1-9937-005056B98D90,,
2026-09-02T03:45:47.180038Z,4985,dc.scaffold.htb,Microsoft-Windows-Security-Auditing,Security,23218,0,,,,,,,,,,,,,,,,,,,,48,,,,,,,,0x173c,C:\Windows\WinSxS\amd64_microsoft-windows-servicingstack_31bf3856ad364e35_10.0.20348.5480_none_b1d14f82f983de4b\TiWorker.exe,,,DA4CB52F-4F22-11F1-A9A6-8906DE6815CD,SCAFFOLD,0x3e7,DC$,S-1-5-18,,,,,,,,,2BC06866-A67E-11F1-9937-005056B98D90,,
2026-09-02T03:45:47.220946Z,4985,dc.scaffold.htb,Microsoft-Windows-Security-Auditing,Security,23219,0,,,,,,,,,,,,,,,,,,,,52,,,,,,,,0x173c,C:\Windows\WinSxS\amd64_microsoft-windows-servicingstack_31bf3856ad364e35_10.0.20348.5480_none_b1d14f82f983de4b\TiWorker.exe,,,DA4CB52F-4F22-11F1-A9A6-8906DE6815CD,SCAFFOLD,0x3e7,DC$,S-1-5-18,,,,,,,,,2BC06866-A67E-11F1-9937-005056B98D90,,
2026-09-02T03:45:47.491139Z,4985,dc.scaffold.htb,Microsoft-Windows-Security-Auditing,Security,23220,0,,,,,,,,,,,,,,,,,,,,48,,,,,,,,0x173c,C:\Windows\WinSxS\amd64_microsoft-windows-servicingstack_31bf3856ad364e35_10.0.20348.5480_none_b1d14f82f983de4b\TiWorker.exe,,,DA4CB52F-4F22-11F1-A9A6-8906DE6815CD,SCAFFOLD,0x3e7,DC$,S-1-5-18,,,,,,,,,2BC06872-A67E-11F1-9937-005056B98D90,,
2026-09-02T03:45:47.635097Z,4985,dc.scaffold.htb,Microsoft-Windows-Security-Auditing,Security,23221,0,,,,,,,,,,,,,,,,,,,,52,,,,,,,,0x173c,C:\Windows\WinSxS\amd64_microsoft-windows-servicingstack_31bf3856ad364e35_10.0.20348.5480_none_b1d14f82f983de4b\TiWorker.exe,,,DA4CB52F-4F22-11F1-A9A6-8906DE6815CD,SCAFFOLD,0x3e7,DC$,S-1-5-18,,,,,,,,,2BC06872-A67E-11F1-9937-005056B98D90,,
2026-09-02T03:45:48.107679Z,4985,dc.scaffold.htb,Microsoft-Windows-Security-Auditing,Security,23222,0,,,,,,,,,,,,,,,,,,,,48,,,,,,,,0x173c,C:\Windows\WinSxS\amd64_microsoft-windows-servicingstack_31bf3856ad364e35_10.0.20348.5480_none_b1d14f82f983de4b\TiWorker.exe,,,DA4CB52F-4F22-11F1-A9A6-8906DE6815CD,SCAFFOLD,0x3e7,DC$,S-1-5-18,,,,,,,,,2BC0687E-A67E-11F1-9937-005056B98D90,,
2026-09-02T03:45:48.269912Z,4985,dc.scaffold.htb,Microsoft-Windows-Security-Auditing,Security,23223,0,,,,,,,,,,,,,,,,,,,,52,,,,,,,,0x173c,C:\Windows\WinSxS\amd64_microsoft-windows-servicingstack_31bf3856ad364e35_10.0.20348.5480_none_b1d14f82f983de4b\TiWorker.exe,,,DA4CB52F-4F22-11F1-A9A6-8906DE6815CD,SCAFFOLD,0x3e7,DC$,S-1-5-18,,,,,,,,,2BC0687E-A67E-11F1-9937-005056B98D90,,
