2026-09-02T00:12:41.855089Z,4663,dc.scaffold.htb,Microsoft-Windows-Security-Auditing,Security,20772,0,"%%4420
				",0x10,,,,,,,0xc70,,,,,,,,,,,,,C:\Windows\WinSxS\amd64_uiautomationtypes_31bf3856ad364e35_4.0.15806.330_none_ef55845e2547450a\UIAutomationTypes.dll,Security,File,,,,0xe2c,C:\Windows\WinSxS\amd64_microsoft-windows-servicingstack_31bf3856ad364e35_10.0.20348.557_none_f1edaeb8515fa10d\TiWorker.exe,,S:AI,,SCAFFOLD,0x3e7,DC$,S-1-5-18,,,,,,,,,,,
2026-09-02T00:12:41.855299Z,4663,dc.scaffold.htb,Microsoft-Windows-Security-Auditing,Security,20773,0,"%%4420
				",0x10,,,,,,,0xc70,,,,,,,,,,,,,C:\Windows\WinSxS\amd64_netfx4-webengine4_dll_b03f5f7f11d50a3a_4.0.15806.340_none_d24db1d99f620008\webengine4.dll,Security,File,,,,0xe2c,C:\Windows\WinSxS\amd64_microsoft-windows-servicingstack_31bf3856ad364e35_10.0.20348.557_none_f1edaeb8515fa10d\TiWorker.exe,,S:AI,,SCAFFOLD,0x3e7,DC$,S-1-5-18,,,,,,,,,,,
2026-09-02T00:12:41.855506Z,4663,dc.scaffold.htb,Microsoft-Windows-Security-Auditing,Security,20774,0,"%%4420
				",0x10,,,,,,,0xc70,,,,,,,,,,,,,C:\Windows\WinSxS\amd64_windowsbase_31bf3856ad364e35_4.0.15806.330_none_0872f725059352d8\WindowsBase.dll,Security,File,,,,0xe2c,C:\Windows\WinSxS\amd64_microsoft-windows-servicingstack_31bf3856ad364e35_10.0.20348.557_none_f1edaeb8515fa10d\TiWorker.exe,,S:AI,,SCAFFOLD,0x3e7,DC$,S-1-5-18,,,,,,,,,,,
2026-09-02T00:12:41.855718Z,4663,dc.scaffold.htb,Microsoft-Windows-Security-Auditing,Security,20775,0,"%%4420
				",0x10,,,,,,,0xc70,,,,,,,,,,,,,C:\Windows\WinSxS\amd64_netfx4-mscorlib_ni_b03f5f7f11d50a3a_4.0.15806.300_none_cf1367a78ec3c532\mscorlib.ni.dll,Security,File,,,,0xe2c,C:\Windows\WinSxS\amd64_microsoft-windows-servicingstack_31bf3856ad364e35_10.0.20348.557_none_f1edaeb8515fa10d\TiWorker.exe,,S:AI,,SCAFFOLD,0x3e7,DC$,S-1-5-18,,,,,,,,,,,
2026-09-02T00:12:41.855973Z,4663,dc.scaffold.htb,Microsoft-Windows-Security-Auditing,Security,20776,0,"%%4420
				",0x10,,,,,,,0xc70,,,,,,,,,,,,,C:\Windows\WinSxS\amd64_system.servicemodel.discovery_31bf3856ad364e35_4.0.15806.330_none_f592c774a7120065\System.ServiceModel.Discovery.dll,Security,File,,,,0xe2c,C:\Windows\WinSxS\amd64_microsoft-windows-servicingstack_31bf3856ad364e35_10.0.20348.557_none_f1edaeb8515fa10d\TiWorker.exe,,S:AI,,SCAFFOLD,0x3e7,DC$,S-1-5-18,,,,,,,,,,,
2026-09-02T00:12:41.856259Z,4663,dc.scaffold.htb,Microsoft-Windows-Security-Auditing,Security,20777,0,"%%4420
				",0x10,,,,,,,0xc70,,,,,,,,,,,,,C:\Windows\WinSxS\x86_netfx4-webengine_dll_b03f5f7f11d50a3a_4.0.15806.340_none_5e8991fac06e3c68\webengine.dll,Security,File,,,,0xe2c,C:\Windows\WinSxS\amd64_microsoft-windows-servicingstack_31bf3856ad364e35_10.0.20348.557_none_f1edaeb8515fa10d\TiWorker.exe,,S:AI,,SCAFFOLD,0x3e7,DC$,S-1-5-18,,,,,,,,,,,
2026-09-02T00:12:41.856500Z,4663,dc.scaffold.htb,Microsoft-Windows-Security-Auditing,Security,20778,0,"%%4420
				",0x10,,,,,,,0xc70,,,,,,,,,,,,,C:\Windows\WinSxS\x86_netfx4-peverify_dll_b03f5f7f11d50a3a_4.0.15806.300_none_78f32c87a04a697a\peverify.dll,Security,File,,,,0xe2c,C:\Windows\WinSxS\amd64_microsoft-windows-servicingstack_31bf3856ad364e35_10.0.20348.557_none_f1edaeb8515fa10d\TiWorker.exe,,S:AI,,SCAFFOLD,0x3e7,DC$,S-1-5-18,,,,,,,,,,,
2026-09-02T00:12:41.856695Z,4663,dc.scaffold.htb,Microsoft-Windows-Security-Auditing,Security,20779,0,"%%4420
				",0x10,,,,,,,0xc70,,,,,,,,,,,,,C:\Windows\WinSxS\amd64_netfx4-penimc_v0400_b03f5f7f11d50a3a_4.0.15806.330_none_daed3a9b0cafba27\PenIMC_v0400.dll,Security,File,,,,0xe2c,C:\Windows\WinSxS\amd64_microsoft-windows-servicingstack_31bf3856ad364e35_10.0.20348.557_none_f1edaeb8515fa10d\TiWorker.exe,,S:AI,,SCAFFOLD,0x3e7,DC$,S-1-5-18,,,,,,,,,,,
2026-09-02T00:12:41.856992Z,4663,dc.scaffold.htb,Microsoft-Windows-Security-Auditing,Security,20780,0,"%%4420
				",0x10,,,,,,,0xc70,,,,,,,,,,,,,C:\Windows\WinSxS\amd64_system.data_b77a5c561934e089_4.0.15806.330_none_e7f0af34737e536d\System.Data.dll,Security,File,,,,0xe2c,C:\Windows\WinSxS\amd64_microsoft-windows-servicingstack_31bf3856ad364e35_10.0.20348.557_none_f1edaeb8515fa10d\TiWorker.exe,,S:AI,,SCAFFOLD,0x3e7,DC$,S-1-5-18,,,,,,,,,,,
2026-09-02T00:12:41.857214Z,4663,dc.scaffold.htb,Microsoft-Windows-Security-Auditing,Security,20781,0,"%%4420
				",0x10,,,,,,,0xc70,,,,,,,,,,,,,C:\Windows\WinSxS\amd64_system.deployment_b03f5f7f11d50a3a_4.0.15806.265_none_b35a7763f03a8497\System.Deployment.dll,Security,File,,,,0xe2c,C:\Windows\WinSxS\amd64_microsoft-windows-servicingstack_31bf3856ad364e35_10.0.20348.557_none_f1edaeb8515fa10d\TiWorker.exe,,S:AI,,SCAFFOLD,0x3e7,DC$,S-1-5-18,,,,,,,,,,,
2026-09-02T00:12:41.857434Z,4663,dc.scaffold.htb,Microsoft-Windows-Security-Auditing,Security,20782,0,"%%4420
				",0x10,,,,,,,0xc70,,,,,,,,,,,,,C:\Windows\WinSxS\x86_netfx4-penimc_b03f5f7f11d50a3a_4.0.15806.330_none_756deb30d4690e22\PenIMC2_v0400.dll,Security,File,,,,0xe2c,C:\Windows\WinSxS\amd64_microsoft-windows-servicingstack_31bf3856ad364e35_10.0.20348.557_none_f1edaeb8515fa10d\TiWorker.exe,,S:AI,,SCAFFOLD,0x3e7,DC$,S-1-5-18,,,,,,,,,,,
2026-09-02T00:12:41.857625Z,4663,dc.scaffold.htb,Microsoft-Windows-Security-Auditing,Security,20783,0,"%%4420
				",0x10,,,,,,,0xc70,,,,,,,,,,,,,C:\Windows\WinSxS\amd64_netfx4-penimc_b03f5f7f11d50a3a_4.0.15806.330_none_2dc0b459bfece51c\PenIMC2_v0400.dll,Security,File,,,,0xe2c,C:\Windows\WinSxS\amd64_microsoft-windows-servicingstack_31bf3856ad364e35_10.0.20348.557_none_f1edaeb8515fa10d\TiWorker.exe,,S:AI,,SCAFFOLD,0x3e7,DC$,S-1-5-18,,,,,,,,,,,
2026-09-02T00:12:41.857794Z,4663,dc.scaffold.htb,Microsoft-Windows-Security-Auditing,Security,20784,0,"%%4420
				",0x10,,,,,,,0xc70,,,,,,,,,,,,,C:\Windows\WinSxS\amd64_system.windows.forms.datavisualization_31bf3856ad364e35_4.0.15806.265_none_c53e7a028e8397c6\System.Windows.Forms.DataVisualization.dll,Security,File,,,,0xe2c,C:\Windows\WinSxS\amd64_microsoft-windows-servicingstack_31bf3856ad364e35_10.0.20348.557_none_f1edaeb8515fa10d\TiWorker.exe,,S:AI,,SCAFFOLD,0x3e7,DC$,S-1-5-18,,,,,,,,,,,
2026-09-02T00:12:41.858010Z,4663,dc.scaffold.htb,Microsoft-Windows-Security-Auditing,Security,20785,0,"%%4420
				",0x10,,,,,,,0xc70,,,,,,,,,,,,,C:\Windows\WinSxS\amd64_netfx4-compatjit_dll_31bf3856ad364e35_4.0.15806.300_none_52c73abfd8050454\compatjit.dll,Security,File,,,,0xe2c,C:\Windows\WinSxS\amd64_microsoft-windows-servicingstack_31bf3856ad364e35_10.0.20348.557_none_f1edaeb8515fa10d\TiWorker.exe,,S:AI,,SCAFFOLD,0x3e7,DC$,S-1-5-18,,,,,,,,,,,
2026-09-02T00:12:41.858190Z,4663,dc.scaffold.htb,Microsoft-Windows-Security-Auditing,Security,20786,0,"%%4420
				",0x10,,,,,,,0xc70,,,,,,,,,,,,,C:\Windows\WinSxS\amd64_netfx4-peverify_dll_b03f5f7f11d50a3a_4.0.15806.300_none_3145f5b08bce4074\peverify.dll,Security,File,,,,0xe2c,C:\Windows\WinSxS\amd64_microsoft-windows-servicingstack_31bf3856ad364e35_10.0.20348.557_none_f1edaeb8515fa10d\TiWorker.exe,,S:AI,,SCAFFOLD,0x3e7,DC$,S-1-5-18,,,,,,,,,,,
2026-09-02T00:12:41.858374Z,4663,dc.scaffold.htb,Microsoft-Windows-Security-Auditing,Security,20787,0,"%%4420
				",0x10,,,,,,,0xc70,,,,,,,,,,,,,C:\Windows\WinSxS\wow64_system.data_b77a5c561934e089_4.0.15806.330_none_11bef64e34c8e88a\System.Data.dll,Security,File,,,,0xe2c,C:\Windows\WinSxS\amd64_microsoft-windows-servicingstack_31bf3856ad364e35_10.0.20348.557_none_f1edaeb8515fa10d\TiWorker.exe,,S:AI,,SCAFFOLD,0x3e7,DC$,S-1-5-18,,,,,,,,,,,
2026-09-02T00:12:41.858572Z,4663,dc.scaffold.htb,Microsoft-Windows-Security-Auditing,Security,20788,0,"%%4420
				",0x10,,,,,,,0xc70,,,,,,,,,,,,,C:\Windows\WinSxS\x86_netfx4-mscoreei_dll_b03f5f7f11d50a3a_4.0.15806.265_none_778adfa4586c8ce5\mscoreei.dll,Security,File,,,,0xe2c,C:\Windows\WinSxS\amd64_microsoft-windows-servicingstack_31bf3856ad364e35_10.0.20348.557_none_f1edaeb8515fa10d\TiWorker.exe,,S:AI,,SCAFFOLD,0x3e7,DC$,S-1-5-18,,,,,,,,,,,
2026-09-02T00:12:41.858795Z,4663,dc.scaffold.htb,Microsoft-Windows-Security-Auditing,Security,20789,0,"%%4420
				",0x10,,,,,,,0xc70,,,,,,,,,,,,,C:\Windows\WinSxS\amd64_system.windows.controls.ribbon_b77a5c561934e089_4.0.15806.330_none_022b3f813ce9f710\System.Windows.Controls.Ribbon.dll,Security,File,,,,0xe2c,C:\Windows\WinSxS\amd64_microsoft-windows-servicingstack_31bf3856ad364e35_10.0.20348.557_none_f1edaeb8515fa10d\TiWorker.exe,,S:AI,,SCAFFOLD,0x3e7,DC$,S-1-5-18,,,,,,,,,,,
2026-09-02T00:12:41.859025Z,4663,dc.scaffold.htb,Microsoft-Windows-Security-Auditing,Security,20790,0,"%%4420
				",0x10,,,,,,,0xc70,,,,,,,,,,,,,C:\Windows\WinSxS\x86_netfx4-dfdll_dll_b03f5f7f11d50a3a_4.0.15806.265_none_8225ea14fba29f42\dfdll.dll,Security,File,,,,0xe2c,C:\Windows\WinSxS\amd64_microsoft-windows-servicingstack_31bf3856ad364e35_10.0.20348.557_none_f1edaeb8515fa10d\TiWorker.exe,,S:AI,,SCAFFOLD,0x3e7,DC$,S-1-5-18,,,,,,,,,,,
2026-09-02T00:12:41.859205Z,4663,dc.scaffold.htb,Microsoft-Windows-Security-Auditing,Security,20791,0,"%%4420
				",0x10,,,,,,,0xc70,,,,,,,,,,,,,C:\Windows\WinSxS\x86_netfx4-clrjit_dll_b03f5f7f11d50a3a_4.0.15806.300_none_65a269e55cf6530a\clrjit.dll,Security,File,,,,0xe2c,C:\Windows\WinSxS\amd64_microsoft-windows-servicingstack_31bf3856ad364e35_10.0.20348.557_none_f1edaeb8515fa10d\TiWorker.exe,,S:AI,,SCAFFOLD,0x3e7,DC$,S-1-5-18,,,,,,,,,,,
2026-09-02T00:12:41.859390Z,4663,dc.scaffold.htb,Microsoft-Windows-Security-Auditing,Security,20792,0,"%%4420
				",0x10,,,,,,,0xc70,,,,,,,,,,,,,C:\Windows\WinSxS\x86_netfx4-ngen_exe_b03f5f7f11d50a3a_4.0.15806.265_none_f3045d01bd124fd2\ngen.exe,Security,File,,,,0xe2c,C:\Windows\WinSxS\amd64_microsoft-windows-servicingstack_31bf3856ad364e35_10.0.20348.557_none_f1edaeb8515fa10d\TiWorker.exe,,S:AI,,SCAFFOLD,0x3e7,DC$,S-1-5-18,,,,,,,,,,,
2026-09-02T00:12:41.859568Z,4663,dc.scaffold.htb,Microsoft-Windows-Security-Auditing,Security,20793,0,"%%4420
				",0x10,,,,,,,0xc70,,,,,,,,,,,,,C:\Windows\WinSxS\amd64_system.configuration_b03f5f7f11d50a3a_4.0.15806.265_none_7e83d5a2f605004a\System.Configuration.dll,Security,File,,,,0xe2c,C:\Windows\WinSxS\amd64_microsoft-windows-servicingstack_31bf3856ad364e35_10.0.20348.557_none_f1edaeb8515fa10d\TiWorker.exe,,S:AI,,SCAFFOLD,0x3e7,DC$,S-1-5-18,,,,,,,,,,,
2026-09-02T00:12:41.859775Z,4663,dc.scaffold.htb,Microsoft-Windows-Security-Auditing,Security,20794,0,"%%4420
				",0x10,,,,,,,0xc70,,,,,,,,,,,,,C:\Windows\WinSxS\amd64_system.servicemodel.web_31bf3856ad364e35_4.0.15806.265_none_77867f22f4326354\System.ServiceModel.Web.dll,Security,File,,,,0xe2c,C:\Windows\WinSxS\amd64_microsoft-windows-servicingstack_31bf3856ad364e35_10.0.20348.557_none_f1edaeb8515fa10d\TiWorker.exe,,S:AI,,SCAFFOLD,0x3e7,DC$,S-1-5-18,,,,,,,,,,,
2026-09-02T00:12:41.859985Z,4663,dc.scaffold.htb,Microsoft-Windows-Security-Auditing,Security,20795,0,"%%4420
				",0x10,,,,,,,0xc70,,,,,,,,,,,,,C:\Windows\WinSxS\amd64_netfx4-mscordbi_dll_b03f5f7f11d50a3a_4.0.15806.300_none_00d29e85daaa4ae3\mscordbi.dll,Security,File,,,,0xe2c,C:\Windows\WinSxS\amd64_microsoft-windows-servicingstack_31bf3856ad364e35_10.0.20348.557_none_f1edaeb8515fa10d\TiWorker.exe,,S:AI,,SCAFFOLD,0x3e7,DC$,S-1-5-18,,,,,,,,,,,
2026-09-02T00:12:41.860317Z,4663,dc.scaffold.htb,Microsoft-Windows-Security-Auditing,Security,20796,0,"%%4420
				",0x10,,,,,,,0xc70,,,,,,,,,,,,,C:\Windows\WinSxS\amd64_system.drawing.design_b03f5f7f11d50a3a_4.0.15806.265_none_6f678e7d6fb2e926\System.Drawing.Design.dll,Security,File,,,,0xe2c,C:\Windows\WinSxS\amd64_microsoft-windows-servicingstack_31bf3856ad364e35_10.0.20348.557_none_f1edaeb8515fa10d\TiWorker.exe,,S:AI,,SCAFFOLD,0x3e7,DC$,S-1-5-18,,,,,,,,,,,
2026-09-02T00:12:41.860550Z,4663,dc.scaffold.htb,Microsoft-Windows-Security-Auditing,Security,20797,0,"%%4420
				",0x10,,,,,,,0xc70,,,,,,,,,,,,,C:\Windows\WinSxS\amd64_system.servicemodel.internals_31bf3856ad364e35_4.0.15806.330_none_78c934a5c9f6f099\System.ServiceModel.Internals.dll,Security,File,,,,0xe2c,C:\Windows\WinSxS\amd64_microsoft-windows-servicingstack_31bf3856ad364e35_10.0.20348.557_none_f1edaeb8515fa10d\TiWorker.exe,,S:AI,,SCAFFOLD,0x3e7,DC$,S-1-5-18,,,,,,,,,,,
2026-09-02T00:12:41.861062Z,4663,dc.scaffold.htb,Microsoft-Windows-Security-Auditing,Security,20798,0,"%%4420
				",0x10,,,,,,,0xc70,,,,,,,,,,,,,C:\Windows\WinSxS\amd64_netfx4-clr_dll_b03f5f7f11d50a3a_4.0.15806.300_none_39e4f30eb3731ee3\clr.dll,Security,File,,,,0xe2c,C:\Windows\WinSxS\amd64_microsoft-windows-servicingstack_31bf3856ad364e35_10.0.20348.557_none_f1edaeb8515fa10d\TiWorker.exe,,S:AI,,SCAFFOLD,0x3e7,DC$,S-1-5-18,,,,,,,,,,,
2026-09-02T00:12:41.861221Z,4663,dc.scaffold.htb,Microsoft-Windows-Security-Auditing,Security,20799,0,"%%4420
				",0x10,,,,,,,0xc70,,,,,,,,,,,,,C:\Windows\WinSxS\amd64_system.core_b77a5c561934e089_4.0.15806.330_none_e756f2b273f2114a\System.Core.dll,Security,File,,,,0xe2c,C:\Windows\WinSxS\amd64_microsoft-windows-servicingstack_31bf3856ad364e35_10.0.20348.557_none_f1edaeb8515fa10d\TiWorker.exe,,S:AI,,SCAFFOLD,0x3e7,DC$,S-1-5-18,,,,,,,,,,,
2026-09-02T00:12:41.861450Z,4663,dc.scaffold.htb,Microsoft-Windows-Security-Auditing,Security,20800,0,"%%4420
				",0x10,,,,,,,0xc70,,,,,,,,,,,,,C:\Windows\WinSxS\x86_netfx4-penimc_v0400_b03f5f7f11d50a3a_4.0.15806.330_none_229a7172212be32d\PenIMC_v0400.dll,Security,File,,,,0xe2c,C:\Windows\WinSxS\amd64_microsoft-windows-servicingstack_31bf3856ad364e35_10.0.20348.557_none_f1edaeb8515fa10d\TiWorker.exe,,S:AI,,SCAFFOLD,0x3e7,DC$,S-1-5-18,,,,,,,,,,,
2026-09-02T00:12:41.861660Z,4663,dc.scaffold.htb,Microsoft-Windows-Security-Auditing,Security,20801,0,"%%4420
				",0x10,,,,,,,0xc70,,,,,,,,,,,,,C:\Windows\WinSxS\amd64_netfx4-dfdll_dll_b03f5f7f11d50a3a_4.0.15806.265_none_3a78b33de726763c\dfdll.dll,Security,File,,,,0xe2c,C:\Windows\WinSxS\amd64_microsoft-windows-servicingstack_31bf3856ad364e35_10.0.20348.557_none_f1edaeb8515fa10d\TiWorker.exe,,S:AI,,SCAFFOLD,0x3e7,DC$,S-1-5-18,,,,,,,,,,,
2026-09-02T00:12:41.861845Z,4663,dc.scaffold.htb,Microsoft-Windows-Security-Auditing,Security,20802,0,"%%4420
				",0x10,,,,,,,0xc70,,,,,,,,,,,,,C:\Windows\WinSxS\amd64_system.servicemodel.washosting_b77a5c561934e089_4.0.15806.330_none_11697e59a0ac696c\System.ServiceModel.WasHosting.dll,Security,File,,,,0xe2c,C:\Windows\WinSxS\amd64_microsoft-windows-servicingstack_31bf3856ad364e35_10.0.20348.557_none_f1edaeb8515fa10d\TiWorker.exe,,S:AI,,SCAFFOLD,0x3e7,DC$,S-1-5-18,,,,,,,,,,,
2026-09-02T00:12:41.862017Z,4663,dc.scaffold.htb,Microsoft-Windows-Security-Auditing,Security,20803,0,"%%4420
				",0x10,,,,,,,0xc70,,,,,,,,,,,,,C:\Windows\WinSxS\amd64_presentationcore_31bf3856ad364e35_4.0.15806.330_none_a813305dde6e1a61\PresentationCore.dll,Security,File,,,,0xe2c,C:\Windows\WinSxS\amd64_microsoft-windows-servicingstack_31bf3856ad364e35_10.0.20348.557_none_f1edaeb8515fa10d\TiWorker.exe,,S:AI,,SCAFFOLD,0x3e7,DC$,S-1-5-18,,,,,,,,,,,
2026-09-02T00:12:41.862198Z,4663,dc.scaffold.htb,Microsoft-Windows-Security-Auditing,Security,20804,0,"%%4420
				",0x10,,,,,,,0xc70,,,,,,,,,,,,,C:\Windows\WinSxS\amd64_netfx4-mscoreei_dll_b03f5f7f11d50a3a_4.0.15806.265_none_2fdda8cd43f063df\mscoreei.dll,Security,File,,,,0xe2c,C:\Windows\WinSxS\amd64_microsoft-windows-servicingstack_31bf3856ad364e35_10.0.20348.557_none_f1edaeb8515fa10d\TiWorker.exe,,S:AI,,SCAFFOLD,0x3e7,DC$,S-1-5-18,,,,,,,,,,,
2026-09-02T00:12:41.862390Z,4663,dc.scaffold.htb,Microsoft-Windows-Security-Auditing,Security,20805,0,"%%4420
				",0x10,,,,,,,0xc70,,,,,,,,,,,,,C:\Windows\WinSxS\amd64_system.activities_31bf3856ad364e35_4.0.15806.330_none_a0eed5f021a64470\System.Activities.dll,Security,File,,,,0xe2c,C:\Windows\WinSxS\amd64_microsoft-windows-servicingstack_31bf3856ad364e35_10.0.20348.557_none_f1edaeb8515fa10d\TiWorker.exe,,S:AI,,SCAFFOLD,0x3e7,DC$,S-1-5-18,,,,,,,,,,,
2026-09-02T00:12:41.862604Z,4663,dc.scaffold.htb,Microsoft-Windows-Security-Auditing,Security,20806,0,"%%4420
				",0x10,,,,,,,0xc70,,,,,,,,,,,,,C:\Windows\WinSxS\amd64_system.servicemodel.channels_31bf3856ad364e35_4.0.15806.330_none_d56ed6a33c16695d\System.ServiceModel.Channels.dll,Security,File,,,,0xe2c,C:\Windows\WinSxS\amd64_microsoft-windows-servicingstack_31bf3856ad364e35_10.0.20348.557_none_f1edaeb8515fa10d\TiWorker.exe,,S:AI,,SCAFFOLD,0x3e7,DC$,S-1-5-18,,,,,,,,,,,
2026-09-02T00:12:41.862825Z,4663,dc.scaffold.htb,Microsoft-Windows-Security-Auditing,Security,20807,0,"%%4420
				",0x10,,,,,,,0xc70,,,,,,,,,,,,,C:\Windows\WinSxS\x86_netfx4-presentationhostdll_b03f5f7f11d50a3a_4.0.15806.330_none_f4eeaac427b5c992\PresentationHost_v0400.dll,Security,File,,,,0xe2c,C:\Windows\WinSxS\amd64_microsoft-windows-servicingstack_31bf3856ad364e35_10.0.20348.557_none_f1edaeb8515fa10d\TiWorker.exe,,S:AI,,SCAFFOLD,0x3e7,DC$,S-1-5-18,,,,,,,,,,,
2026-09-02T00:12:41.863003Z,4663,dc.scaffold.htb,Microsoft-Windows-Security-Auditing,Security,20808,0,"%%4420
				",0x10,,,,,,,0xc70,,,,,,,,,,,,,C:\Windows\WinSxS\amd64_netfx4-ngentask_exe_b03f5f7f11d50a3a_4.0.15806.265_none_cc5d7e223d47d257\ngentask.exe,Security,File,,,,0xe2c,C:\Windows\WinSxS\amd64_microsoft-windows-servicingstack_31bf3856ad364e35_10.0.20348.557_none_f1edaeb8515fa10d\TiWorker.exe,,S:AI,,SCAFFOLD,0x3e7,DC$,S-1-5-18,,,,,,,,,,,
2026-09-02T00:12:41.863200Z,4663,dc.scaffold.htb,Microsoft-Windows-Security-Auditing,Security,20809,0,"%%4420
				",0x10,,,,,,,0xc70,,,,,,,,,,,,,C:\Windows\WinSxS\amd64_system.web.applicationservices_31bf3856ad364e35_4.0.15806.340_none_c66a7d738397fd50\System.Web.ApplicationServices.dll,Security,File,,,,0xe2c,C:\Windows\WinSxS\amd64_microsoft-windows-servicingstack_31bf3856ad364e35_10.0.20348.557_none_f1edaeb8515fa10d\TiWorker.exe,,S:AI,,SCAFFOLD,0x3e7,DC$,S-1-5-18,,,,,,,,,,,
2026-09-02T00:12:41.863425Z,4663,dc.scaffold.htb,Microsoft-Windows-Security-Auditing,Security,20810,0,"%%4420
				",0x10,,,,,,,0xc70,,,,,,,,,,,,,C:\Windows\WinSxS\wow64_mscorlib_b77a5c561934e089_4.0.15806.300_none_44df1bad41f3ff41\mscorlib.dll,Security,File,,,,0xe2c,C:\Windows\WinSxS\amd64_microsoft-windows-servicingstack_31bf3856ad364e35_10.0.20348.557_none_f1edaeb8515fa10d\TiWorker.exe,,S:AI,,SCAFFOLD,0x3e7,DC$,S-1-5-18,,,,,,,,,,,
2026-09-02T00:12:41.863606Z,4663,dc.scaffold.htb,Microsoft-Windows-Security-Auditing,Security,20811,0,"%%4420
				",0x10,,,,,,,0xc70,,,,,,,,,,,,,C:\Windows\WinSxS\amd64_netfx4-aspnet_wp_exe_b03f5f7f11d50a3a_4.0.15806.340_none_06eb72b54413955b\aspnet_wp.exe,Security,File,,,,0xe2c,C:\Windows\WinSxS\amd64_microsoft-windows-servicingstack_31bf3856ad364e35_10.0.20348.557_none_f1edaeb8515fa10d\TiWorker.exe,,S:AI,,SCAFFOLD,0x3e7,DC$,S-1-5-18,,,,,,,,,,,
2026-09-02T00:12:41.863790Z,4663,dc.scaffold.htb,Microsoft-Windows-Security-Auditing,Security,20812,0,"%%4420
				",0x10,,,,,,,0xc70,,,,,,,,,,,,,C:\Windows\WinSxS\amd64_netfx4-webengine_dll_b03f5f7f11d50a3a_4.0.15806.340_none_16dc5b23abf21362\webengine.dll,Security,File,,,,0xe2c,C:\Windows\WinSxS\amd64_microsoft-windows-servicingstack_31bf3856ad364e35_10.0.20348.557_none_f1edaeb8515fa10d\TiWorker.exe,,S:AI,,SCAFFOLD,0x3e7,DC$,S-1-5-18,,,,,,,,,,,
2026-09-02T00:12:41.863987Z,4663,dc.scaffold.htb,Microsoft-Windows-Security-Auditing,Security,20813,0,"%%4420
				",0x10,,,,,,,0xc70,,,,,,,,,,,,,C:\Windows\WinSxS\wow64_system.web_b03f5f7f11d50a3a_4.0.15806.340_none_745041c9971c5229\System.Web.dll,Security,File,,,,0xe2c,C:\Windows\WinSxS\amd64_microsoft-windows-servicingstack_31bf3856ad364e35_10.0.20348.557_none_f1edaeb8515fa10d\TiWorker.exe,,S:AI,,SCAFFOLD,0x3e7,DC$,S-1-5-18,,,,,,,,,,,
2026-09-02T00:12:41.864208Z,4663,dc.scaffold.htb,Microsoft-Windows-Security-Auditing,Security,20814,0,"%%4420
				",0x10,,,,,,,0xc70,,,,,,,,,,,,,C:\Windows\WinSxS\x86_netfx4-mscorsvw_exe_b03f5f7f11d50a3a_4.0.15806.265_none_bd40107a0dafb980\mscorsvw.exe,Security,File,,,,0xe2c,C:\Windows\WinSxS\amd64_microsoft-windows-servicingstack_31bf3856ad364e35_10.0.20348.557_none_f1edaeb8515fa10d\TiWorker.exe,,S:AI,,SCAFFOLD,0x3e7,DC$,S-1-5-18,,,,,,,,,,,
2026-09-02T00:12:41.864390Z,4663,dc.scaffold.htb,Microsoft-Windows-Security-Auditing,Security,20815,0,"%%4420
				",0x10,,,,,,,0xc70,,,,,,,,,,,,,C:\Windows\WinSxS\amd64_presentationframework-systemdata_b77a5c561934e089_4.0.15806.330_none_1b3fae20130ea17a\PresentationFramework-SystemData.dll,Security,File,,,,0xe2c,C:\Windows\WinSxS\amd64_microsoft-windows-servicingstack_31bf3856ad364e35_10.0.20348.557_none_f1edaeb8515fa10d\TiWorker.exe,,S:AI,,SCAFFOLD,0x3e7,DC$,S-1-5-18,,,,,,,,,,,
2026-09-02T00:12:41.864596Z,4663,dc.scaffold.htb,Microsoft-Windows-Security-Auditing,Security,20816,0,"%%4420
				",0x10,,,,,,,0xc70,,,,,,,,,,,,,C:\Windows\WinSxS\amd64_uiautomationclient_31bf3856ad364e35_4.0.15806.330_none_d751fe926d820952\UIAutomationClient.dll,Security,File,,,,0xe2c,C:\Windows\WinSxS\amd64_microsoft-windows-servicingstack_31bf3856ad364e35_10.0.20348.557_none_f1edaeb8515fa10d\TiWorker.exe,,S:AI,,SCAFFOLD,0x3e7,DC$,S-1-5-18,,,,,,,,,,,
2026-09-02T00:12:41.864855Z,4663,dc.scaffold.htb,Microsoft-Windows-Security-Auditing,Security,20817,0,"%%4420
				",0x10,,,,,,,0xc70,,,,,,,,,,,,,C:\Windows\WinSxS\amd64_system_b77a5c561934e089_4.0.15806.265_none_2def36ba1b417734\System.dll,Security,File,,,,0xe2c,C:\Windows\WinSxS\amd64_microsoft-windows-servicingstack_31bf3856ad364e35_10.0.20348.557_none_f1edaeb8515fa10d\TiWorker.exe,,S:AI,,SCAFFOLD,0x3e7,DC$,S-1-5-18,,,,,,,,,,,
2026-09-02T00:12:41.865089Z,4663,dc.scaffold.htb,Microsoft-Windows-Security-Auditing,Security,20818,0,"%%4420
				",0x10,,,,,,,0xc70,,,,,,,,,,,,,C:\Windows\WinSxS\amd64_netfx4-sos_dll_b03f5f7f11d50a3a_4.0.15806.300_none_e115fdbff8c5c5c9\SOS.dll,Security,File,,,,0xe2c,C:\Windows\WinSxS\amd64_microsoft-windows-servicingstack_31bf3856ad364e35_10.0.20348.557_none_f1edaeb8515fa10d\TiWorker.exe,,S:AI,,SCAFFOLD,0x3e7,DC$,S-1-5-18,,,,,,,,,,,
2026-09-02T00:12:41.865320Z,4663,dc.scaffold.htb,Microsoft-Windows-Security-Auditing,Security,20819,0,"%%4420
				",0x10,,,,,,,0xc70,,,,,,,,,,,,,C:\Windows\WinSxS\x86_netfx4-servicemonikersupport_dll_b03f5f7f11d50a3a_4.0.15806.330_none_ad8cf8a206effbfc\ServiceMonikerSupport.dll,Security,File,,,,0xe2c,C:\Windows\WinSxS\amd64_microsoft-windows-servicingstack_31bf3856ad364e35_10.0.20348.557_none_f1edaeb8515fa10d\TiWorker.exe,,S:AI,,SCAFFOLD,0x3e7,DC$,S-1-5-18,,,,,,,,,,,
2026-09-02T00:12:41.865509Z,4663,dc.scaffold.htb,Microsoft-Windows-Security-Auditing,Security,20820,0,"%%4420
				",0x10,,,,,,,0xc70,,,,,,,,,,,,,C:\Windows\WinSxS\amd64_system.identitymodel.services_b77a5c561934e089_4.0.15806.330_none_fb086754e3b62480\System.IdentityModel.Services.dll,Security,File,,,,0xe2c,C:\Windows\WinSxS\amd64_microsoft-windows-servicingstack_31bf3856ad364e35_10.0.20348.557_none_f1edaeb8515fa10d\TiWorker.exe,,S:AI,,SCAFFOLD,0x3e7,DC$,S-1-5-18,,,,,,,,,,,
2026-09-02T00:12:41.865719Z,4663,dc.scaffold.htb,Microsoft-Windows-Security-Auditing,Security,20821,0,"%%4420
				",0x10,,,,,,,0xc70,,,,,,,,,,,,,C:\Windows\WinSxS\amd64_uiautomationclientsideproviders_31bf3856ad364e35_4.0.15806.330_none_15d9010551bfb9a3\UIAutomationClientsideProviders.dll,Security,File,,,,0xe2c,C:\Windows\WinSxS\amd64_microsoft-windows-servicingstack_31bf3856ad364e35_10.0.20348.557_none_f1edaeb8515fa10d\TiWorker.exe,,S:AI,,SCAFFOLD,0x3e7,DC$,S-1-5-18,,,,,,,,,,,
2026-09-02T00:12:41.866066Z,4663,dc.scaffold.htb,Microsoft-Windows-Security-Auditing,Security,20822,0,"%%4420
				",0x10,,,,,,,0xc70,,,,,,,,,,,,,C:\Windows\WinSxS\x86_netfx4-webengine4_dll_b03f5f7f11d50a3a_4.0.15806.340_none_19fae8b0b3de290e\webengine4.dll,Security,File,,,,0xe2c,C:\Windows\WinSxS\amd64_microsoft-windows-servicingstack_31bf3856ad364e35_10.0.20348.557_none_f1edaeb8515fa10d\TiWorker.exe,,S:AI,,SCAFFOLD,0x3e7,DC$,S-1-5-18,,,,,,,,,,,
2026-09-02T00:12:41.866260Z,4663,dc.scaffold.htb,Microsoft-Windows-Security-Auditing,Security,20823,0,"%%4420
				",0x10,,,,,,,0xc70,,,,,,,,,,,,,C:\Windows\WinSxS\amd64_netfx4-wpfgfx_b03f5f7f11d50a3a_4.0.15806.330_none_2dba2fa6f5f9016a\wpfgfx_v0400.dll,Security,File,,,,0xe2c,C:\Windows\WinSxS\amd64_microsoft-windows-servicingstack_31bf3856ad364e35_10.0.20348.557_none_f1edaeb8515fa10d\TiWorker.exe,,S:AI,,SCAFFOLD,0x3e7,DC$,S-1-5-18,,,,,,,,,,,
2026-09-02T00:12:41.866447Z,4663,dc.scaffold.htb,Microsoft-Windows-Security-Auditing,Security,20824,0,"%%4420
				",0x10,,,,,,,0xc70,,,,,,,,,,,,,C:\Windows\WinSxS\amd64_system.management_b03f5f7f11d50a3a_4.0.15806.310_none_728fdd66cbba15f6\System.Management.dll,Security,File,,,,0xe2c,C:\Windows\WinSxS\amd64_microsoft-windows-servicingstack_31bf3856ad364e35_10.0.20348.557_none_f1edaeb8515fa10d\TiWorker.exe,,S:AI,,SCAFFOLD,0x3e7,DC$,S-1-5-18,,,,,,,,,,,
2026-09-02T00:12:41.866651Z,4663,dc.scaffold.htb,Microsoft-Windows-Security-Auditing,Security,20825,0,"%%4420
				",0x10,,,,,,,0xc70,,,,,,,,,,,,,C:\Windows\WinSxS\x86_netfx4-wpfgfx_b03f5f7f11d50a3a_4.0.15806.330_none_7567667e0a752a70\wpfgfx_v0400.dll,Security,File,,,,0xe2c,C:\Windows\WinSxS\amd64_microsoft-windows-servicingstack_31bf3856ad364e35_10.0.20348.557_none_f1edaeb8515fa10d\TiWorker.exe,,S:AI,,SCAFFOLD,0x3e7,DC$,S-1-5-18,,,,,,,,,,,
2026-09-02T00:12:41.866828Z,4663,dc.scaffold.htb,Microsoft-Windows-Security-Auditing,Security,20826,0,"%%4420
				",0x10,,,,,,,0xc70,,,,,,,,,,,,,C:\Windows\WinSxS\amd64_smdiagnostics_b77a5c561934e089_4.0.15806.330_none_f1ecbfa16f4ffa66\SMDiagnostics.dll,Security,File,,,,0xe2c,C:\Windows\WinSxS\amd64_microsoft-windows-servicingstack_31bf3856ad364e35_10.0.20348.557_none_f1edaeb8515fa10d\TiWorker.exe,,S:AI,,SCAFFOLD,0x3e7,DC$,S-1-5-18,,,,,,,,,,,
2026-09-02T00:12:41.867008Z,4663,dc.scaffold.htb,Microsoft-Windows-Security-Auditing,Security,20827,0,"%%4420
				",0x10,,,,,,,0xc70,,,,,,,,,,,,,C:\Windows\WinSxS\amd64_system.drawing_b03f5f7f11d50a3a_4.0.15806.280_none_e2ed99b0b0225c23\System.Drawing.dll,Security,File,,,,0xe2c,C:\Windows\WinSxS\amd64_microsoft-windows-servicingstack_31bf3856ad364e35_10.0.20348.557_none_f1edaeb8515fa10d\TiWorker.exe,,S:AI,,SCAFFOLD,0x3e7,DC$,S-1-5-18,,,,,,,,,,,
2026-09-02T00:12:41.867587Z,4663,dc.scaffold.htb,Microsoft-Windows-Security-Auditing,Security,20828,0,"%%4420
				",0x10,,,,,,,0xc70,,,,,,,,,,,,,C:\Windows\WinSxS\amd64_system.servicemodel.activities_31bf3856ad364e35_4.0.15806.265_none_24b2982929c4c527\System.ServiceModel.Activities.dll,Security,File,,,,0xe2c,C:\Windows\WinSxS\amd64_microsoft-windows-servicingstack_31bf3856ad364e35_10.0.20348.557_none_f1edaeb8515fa10d\TiWorker.exe,,S:AI,,SCAFFOLD,0x3e7,DC$,S-1-5-18,,,,,,,,,,,
2026-09-02T00:12:41.867790Z,4663,dc.scaffold.htb,Microsoft-Windows-Security-Auditing,Security,20829,0,"%%4420
				",0x10,,,,,,,0xc70,,,,,,,,,,,,,C:\Windows\WinSxS\amd64_netfx4-mscorsvw_exe_b03f5f7f11d50a3a_4.0.15806.265_none_7592d9a2f933907a\mscorsvw.exe,Security,File,,,,0xe2c,C:\Windows\WinSxS\amd64_microsoft-windows-servicingstack_31bf3856ad364e35_10.0.20348.557_none_f1edaeb8515fa10d\TiWorker.exe,,S:AI,,SCAFFOLD,0x3e7,DC$,S-1-5-18,,,,,,,,,,,
2026-09-02T00:12:41.867978Z,4663,dc.scaffold.htb,Microsoft-Windows-Security-Auditing,Security,20830,0,"%%4420
				",0x10,,,,,,,0xc70,,,,,,,,,,,,,C:\Windows\WinSxS\amd64_system.web_b03f5f7f11d50a3a_4.0.15806.340_none_4a81faafd5d1bd0c\System.Web.dll,Security,File,,,,0xe2c,C:\Windows\WinSxS\amd64_microsoft-windows-servicingstack_31bf3856ad364e35_10.0.20348.557_none_f1edaeb8515fa10d\TiWorker.exe,,S:AI,,SCAFFOLD,0x3e7,DC$,S-1-5-18,,,,,,,,,,,
2026-09-02T00:12:41.868256Z,4663,dc.scaffold.htb,Microsoft-Windows-Security-Auditing,Security,20831,0,"%%4420
				",0x10,,,,,,,0xc70,,,,,,,,,,,,,C:\Windows\WinSxS\amd64_system.security_b03f5f7f11d50a3a_4.0.15806.265_none_ef6679468d8a7672\System.Security.dll,Security,File,,,,0xe2c,C:\Windows\WinSxS\amd64_microsoft-windows-servicingstack_31bf3856ad364e35_10.0.20348.557_none_f1edaeb8515fa10d\TiWorker.exe,,S:AI,,SCAFFOLD,0x3e7,DC$,S-1-5-18,,,,,,,,,,,
2026-09-02T00:12:41.868458Z,4663,dc.scaffold.htb,Microsoft-Windows-Security-Auditing,Security,20832,0,"%%4420
				",0x10,,,,,,,0xc70,,,,,,,,,,,,,C:\Windows\WinSxS\amd64_netfx4-presentationnative_b03f5f7f11d50a3a_4.0.15806.330_none_e92bf70c2a53904b\PresentationNative_v0400.dll,Security,File,,,,0xe2c,C:\Windows\WinSxS\amd64_microsoft-windows-servicingstack_31bf3856ad364e35_10.0.20348.557_none_f1edaeb8515fa10d\TiWorker.exe,,S:AI,,SCAFFOLD,0x3e7,DC$,S-1-5-18,,,,,,,,,,,
2026-09-02T00:12:41.868809Z,4663,dc.scaffold.htb,Microsoft-Windows-Security-Auditing,Security,20833,0,"%%4420
				",0x10,,,,,,,0xc70,,,,,,,,,,,,,C:\Windows\WinSxS\amd64_netfx4-servicemonikersupport_dll_b03f5f7f11d50a3a_4.0.15806.330_none_65dfc1caf273d2f6\ServiceMonikerSupport.dll,Security,File,,,,0xe2c,C:\Windows\WinSxS\amd64_microsoft-windows-servicingstack_31bf3856ad364e35_10.0.20348.557_none_f1edaeb8515fa10d\TiWorker.exe,,S:AI,,SCAFFOLD,0x3e7,DC$,S-1-5-18,,,,,,,,,,,
2026-09-02T00:12:41.868975Z,4663,dc.scaffold.htb,Microsoft-Windows-Security-Auditing,Security,20834,0,"%%4420
				",0x10,,,,,,,0xc70,,,,,,,,,,,,,C:\Windows\WinSxS\amd64_mscorlib_b77a5c561934e089_4.0.15806.300_none_1b10d49380a96a24\mscorlib.dll,Security,File,,,,0xe2c,C:\Windows\WinSxS\amd64_microsoft-windows-servicingstack_31bf3856ad364e35_10.0.20348.557_none_f1edaeb8515fa10d\TiWorker.exe,,S:AI,,SCAFFOLD,0x3e7,DC$,S-1-5-18,,,,,,,,,,,
2026-09-02T00:12:41.869156Z,4663,dc.scaffold.htb,Microsoft-Windows-Security-Auditing,Security,20835,0,"%%4420
				",0x10,,,,,,,0xc70,,,,,,,,,,,,,C:\Windows\WinSxS\x86_netfx4-mscorsvc_dll_b03f5f7f11d50a3a_4.0.15806.265_none_854e5dd40ca0fc76\mscorsvc.dll,Security,File,,,,0xe2c,C:\Windows\WinSxS\amd64_microsoft-windows-servicingstack_31bf3856ad364e35_10.0.20348.557_none_f1edaeb8515fa10d\TiWorker.exe,,S:AI,,SCAFFOLD,0x3e7,DC$,S-1-5-18,,,,,,,,,,,
2026-09-02T00:12:41.869350Z,4663,dc.scaffold.htb,Microsoft-Windows-Security-Auditing,Security,20836,0,"%%4420
				",0x10,,,,,,,0xc70,,,,,,,,,,,,,C:\Windows\WinSxS\amd64_system.web.extensions_31bf3856ad364e35_4.0.15806.340_none_d0b968ffdcdce910\System.Web.Extensions.dll,Security,File,,,,0xe2c,C:\Windows\WinSxS\amd64_microsoft-windows-servicingstack_31bf3856ad364e35_10.0.20348.557_none_f1edaeb8515fa10d\TiWorker.exe,,S:AI,,SCAFFOLD,0x3e7,DC$,S-1-5-18,,,,,,,,,,,
2026-09-02T00:12:41.869562Z,4663,dc.scaffold.htb,Microsoft-Windows-Security-Auditing,Security,20837,0,"%%4420
				",0x10,,,,,,,0xc70,,,,,,,,,,,,,C:\Windows\WinSxS\amd64_system.speech_31bf3856ad364e35_4.0.15806.265_none_5bb0cb8935757570\System.Speech.dll,Security,File,,,,0xe2c,C:\Windows\WinSxS\amd64_microsoft-windows-servicingstack_31bf3856ad364e35_10.0.20348.557_none_f1edaeb8515fa10d\TiWorker.exe,,S:AI,,SCAFFOLD,0x3e7,DC$,S-1-5-18,,,,,,,,,,,
2026-09-02T00:12:41.869767Z,4663,dc.scaffold.htb,Microsoft-Windows-Security-Auditing,Security,20838,0,"%%4420
				",0x10,,,,,,,0xc70,,,,,,,,,,,,,C:\Windows\WinSxS\amd64_netfx4-aspnet_perf_dll_b03f5f7f11d50a3a_4.0.15806.340_none_18ed562f812e834b\Aspnet_perf.dll,Security,File,,,,0xe2c,C:\Windows\WinSxS\amd64_microsoft-windows-servicingstack_31bf3856ad364e35_10.0.20348.557_none_f1edaeb8515fa10d\TiWorker.exe,,S:AI,,SCAFFOLD,0x3e7,DC$,S-1-5-18,,,,,,,,,,,
2026-09-02T00:12:41.869951Z,4663,dc.scaffold.htb,Microsoft-Windows-Security-Auditing,Security,20839,0,"%%4420
				",0x10,,,,,,,0xc70,,,,,,,,,,,,,C:\Windows\WinSxS\amd64_netfx4-mscorsvc_dll_b03f5f7f11d50a3a_4.0.15806.265_none_3da126fcf824d370\mscorsvc.dll,Security,File,,,,0xe2c,C:\Windows\WinSxS\amd64_microsoft-windows-servicingstack_31bf3856ad364e35_10.0.20348.557_none_f1edaeb8515fa10d\TiWorker.exe,,S:AI,,SCAFFOLD,0x3e7,DC$,S-1-5-18,,,,,,,,,,,
2026-09-02T00:12:41.870125Z,4663,dc.scaffold.htb,Microsoft-Windows-Security-Auditing,Security,20840,0,"%%4420
				",0x10,,,,,,,0xc70,,,,,,,,,,,,,C:\Windows\WinSxS\x86_netfx4-ngentask_exe_b03f5f7f11d50a3a_4.0.15806.265_none_140ab4f951c3fb5d\ngentask.exe,Security,File,,,,0xe2c,C:\Windows\WinSxS\amd64_microsoft-windows-servicingstack_31bf3856ad364e35_10.0.20348.557_none_f1edaeb8515fa10d\TiWorker.exe,,S:AI,,SCAFFOLD,0x3e7,DC$,S-1-5-18,,,,,,,,,,,
2026-09-02T00:12:41.870270Z,4663,dc.scaffold.htb,Microsoft-Windows-Security-Auditing,Security,20841,0,"%%4420
				",0x10,,,,,,,0xc70,,,,,,,,,,,,,C:\Windows\WinSxS\x86_netfx4-penimc_b03f5f7f11d50a3a_4.0.15806.330_none_756deb30d4690e22\PenIMC.dll,Security,File,,,,0xe2c,C:\Windows\WinSxS\amd64_microsoft-windows-servicingstack_31bf3856ad364e35_10.0.20348.557_none_f1edaeb8515fa10d\TiWorker.exe,,S:AI,,SCAFFOLD,0x3e7,DC$,S-1-5-18,,,,,,,,,,,
2026-09-02T00:12:41.870465Z,4663,dc.scaffold.htb,Microsoft-Windows-Security-Auditing,Security,20842,0,"%%4420
				",0x10,,,,,,,0xc70,,,,,,,,,,,,,C:\Windows\WinSxS\amd64_system.runtime.serialization_b77a5c561934e089_4.0.15806.330_none_55c067529f2befff\System.Runtime.Serialization.dll,Security,File,,,,0xe2c,C:\Windows\WinSxS\amd64_microsoft-windows-servicingstack_31bf3856ad364e35_10.0.20348.557_none_f1edaeb8515fa10d\TiWorker.exe,,S:AI,,SCAFFOLD,0x3e7,DC$,S-1-5-18,,,,,,,,,,,
2026-09-02T00:12:41.870676Z,4663,dc.scaffold.htb,Microsoft-Windows-Security-Auditing,Security,20843,0,"%%4420
				",0x10,,,,,,,0xc70,,,,,,,,,,,,,C:\Windows\WinSxS\amd64_system.servicemodel_b77a5c561934e089_4.0.15806.330_none_f844bb7b49f3413b\System.ServiceModel.dll,Security,File,,,,0xe2c,C:\Windows\WinSxS\amd64_microsoft-windows-servicingstack_31bf3856ad364e35_10.0.20348.557_none_f1edaeb8515fa10d\TiWorker.exe,,S:AI,,SCAFFOLD,0x3e7,DC$,S-1-5-18,,,,,,,,,,,
2026-09-02T00:12:41.870857Z,4663,dc.scaffold.htb,Microsoft-Windows-Security-Auditing,Security,20844,0,"%%4420
				",0x10,,,,,,,0xc70,,,,,,,,,,,,,C:\Windows\WinSxS\amd64_netfx4-ngen_exe_b03f5f7f11d50a3a_4.0.15806.265_none_ab57262aa89626cc\ngen.exe,Security,File,,,,0xe2c,C:\Windows\WinSxS\amd64_microsoft-windows-servicingstack_31bf3856ad364e35_10.0.20348.557_none_f1edaeb8515fa10d\TiWorker.exe,,S:AI,,SCAFFOLD,0x3e7,DC$,S-1-5-18,,,,,,,,,,,
2026-09-02T00:12:41.871024Z,4663,dc.scaffold.htb,Microsoft-Windows-Security-Auditing,Security,20845,0,"%%4420
				",0x10,,,,,,,0xc70,,,,,,,,,,,,,C:\Windows\WinSxS\x86_netfx4-mscordbi_dll_b03f5f7f11d50a3a_4.0.15806.300_none_487fd55cef2673e9\mscordbi.dll,Security,File,,,,0xe2c,C:\Windows\WinSxS\amd64_microsoft-windows-servicingstack_31bf3856ad364e35_10.0.20348.557_none_f1edaeb8515fa10d\TiWorker.exe,,S:AI,,SCAFFOLD,0x3e7,DC$,S-1-5-18,,,,,,,,,,,
2026-09-02T00:12:41.871217Z,4663,dc.scaffold.htb,Microsoft-Windows-Security-Auditing,Security,20846,0,"%%4420
				",0x10,,,,,,,0xc70,,,,,,,,,,,,,C:\Windows\WinSxS\amd64_system.identitymodel_b77a5c561934e089_4.0.15806.330_none_70b4da5d035c5018\System.IdentityModel.dll,Security,File,,,,0xe2c,C:\Windows\WinSxS\amd64_microsoft-windows-servicingstack_31bf3856ad364e35_10.0.20348.557_none_f1edaeb8515fa10d\TiWorker.exe,,S:AI,,SCAFFOLD,0x3e7,DC$,S-1-5-18,,,,,,,,,,,
2026-09-02T00:12:41.871410Z,4663,dc.scaffold.htb,Microsoft-Windows-Security-Auditing,Security,20847,0,"%%4420
				",0x10,,,,,,,0xc70,,,,,,,,,,,,,C:\Windows\WinSxS\x86_netfx4-sos_dll_b03f5f7f11d50a3a_4.0.15806.300_none_28c334970d41eecf\SOS.dll,Security,File,,,,0xe2c,C:\Windows\WinSxS\amd64_microsoft-windows-servicingstack_31bf3856ad364e35_10.0.20348.557_none_f1edaeb8515fa10d\TiWorker.exe,,S:AI,,SCAFFOLD,0x3e7,DC$,S-1-5-18,,,,,,,,,,,
2026-09-02T00:12:41.871600Z,4663,dc.scaffold.htb,Microsoft-Windows-Security-Auditing,Security,20848,0,"%%4420
				",0x10,,,,,,,0xc70,,,,,,,,,,,,,C:\Windows\WinSxS\x86_netfx4-mscordacwks_dll_b03f5f7f11d50a3a_4.0.15806.300_none_270b3681dc5df479\mscordacwks.dll,Security,File,,,,0xe2c,C:\Windows\WinSxS\amd64_microsoft-windows-servicingstack_31bf3856ad364e35_10.0.20348.557_none_f1edaeb8515fa10d\TiWorker.exe,,S:AI,,SCAFFOLD,0x3e7,DC$,S-1-5-18,,,,,,,,,,,
2026-09-02T00:12:41.871786Z,4663,dc.scaffold.htb,Microsoft-Windows-Security-Auditing,Security,20849,0,"%%4420
				",0x10,,,,,,,0xc70,,,,,,,,,,,,,C:\Windows\WinSxS\x86_netfx4-mscorlib_ni_b03f5f7f11d50a3a_4.0.15806.300_none_16c09e7ea33fee38\mscorlib.ni.dll,Security,File,,,,0xe2c,C:\Windows\WinSxS\amd64_microsoft-windows-servicingstack_31bf3856ad364e35_10.0.20348.557_none_f1edaeb8515fa10d\TiWorker.exe,,S:AI,,SCAFFOLD,0x3e7,DC$,S-1-5-18,,,,,,,,,,,
2026-09-02T00:12:41.871972Z,4663,dc.scaffold.htb,Microsoft-Windows-Security-Auditing,Security,20850,0,"%%4420
				",0x10,,,,,,,0xc70,,,,,,,,,,,,,C:\Windows\WinSxS\amd64_netfx4-presentationhostdll_b03f5f7f11d50a3a_4.0.15806.330_none_ad4173ed1339a08c\PresentationHost_v0400.dll,Security,File,,,,0xe2c,C:\Windows\WinSxS\amd64_microsoft-windows-servicingstack_31bf3856ad364e35_10.0.20348.557_none_f1edaeb8515fa10d\TiWorker.exe,,S:AI,,SCAFFOLD,0x3e7,DC$,S-1-5-18,,,,,,,,,,,
2026-09-02T00:12:41.872171Z,4663,dc.scaffold.htb,Microsoft-Windows-Security-Auditing,Security,20851,0,"%%4420
				",0x10,,,,,,,0xc70,,,,,,,,,,,,,C:\Windows\WinSxS\amd64_presentationframework_31bf3856ad364e35_4.0.15806.330_none_a539e009b6dec0a6\PresentationFramework.dll,Security,File,,,,0xe2c,C:\Windows\WinSxS\amd64_microsoft-windows-servicingstack_31bf3856ad364e35_10.0.20348.557_none_f1edaeb8515fa10d\TiWorker.exe,,S:AI,,SCAFFOLD,0x3e7,DC$,S-1-5-18,,,,,,,,,,,
2026-09-02T00:12:41.872387Z,4663,dc.scaffold.htb,Microsoft-Windows-Security-Auditing,Security,20852,0,"%%4420
				",0x10,,,,,,,0xc70,,,,,,,,,,,,,C:\Windows\WinSxS\amd64_system.xaml_b77a5c561934e089_4.0.15806.330_none_e7e8d88e73858303\System.Xaml.dll,Security,File,,,,0xe2c,C:\Windows\WinSxS\amd64_microsoft-windows-servicingstack_31bf3856ad364e35_10.0.20348.557_none_f1edaeb8515fa10d\TiWorker.exe,,S:AI,,SCAFFOLD,0x3e7,DC$,S-1-5-18,,,,,,,,,,,
2026-09-02T00:12:41.872598Z,4663,dc.scaffold.htb,Microsoft-Windows-Security-Auditing,Security,20853,0,"%%4420
				",0x10,,,,,,,0xc70,,,,,,,,,,,,,C:\Windows\WinSxS\x86_netfx4-presentationnative_b03f5f7f11d50a3a_4.0.15806.330_none_30d92de33ecfb951\PresentationNative_v0400.dll,Security,File,,,,0xe2c,C:\Windows\WinSxS\amd64_microsoft-windows-servicingstack_31bf3856ad364e35_10.0.20348.557_none_f1edaeb8515fa10d\TiWorker.exe,,S:AI,,SCAFFOLD,0x3e7,DC$,S-1-5-18,,,,,,,,,,,
2026-09-02T00:12:41.872888Z,4663,dc.scaffold.htb,Microsoft-Windows-Security-Auditing,Security,20854,0,"%%4420
				",0x10,,,,,,,0xc70,,,,,,,,,,,,,C:\Windows\WinSxS\x86_netfx4-aspnet_perf_dll_b03f5f7f11d50a3a_4.0.15806.340_none_609a8d0695aaac51\Aspnet_perf.dll,Security,File,,,,0xe2c,C:\Windows\WinSxS\amd64_microsoft-windows-servicingstack_31bf3856ad364e35_10.0.20348.557_none_f1edaeb8515fa10d\TiWorker.exe,,S:AI,,SCAFFOLD,0x3e7,DC$,S-1-5-18,,,,,,,,,,,
2026-09-02T00:12:41.873467Z,4663,dc.scaffold.htb,Microsoft-Windows-Security-Auditing,Security,20855,0,"%%4420
				",0x10,,,,,,,0xc70,,,,,,,,,,,,,C:\Windows\WinSxS\amd64_netfx4-penimc_b03f5f7f11d50a3a_4.0.15806.330_none_2dc0b459bfece51c\PenIMC.dll,Security,File,,,,0xe2c,C:\Windows\WinSxS\amd64_microsoft-windows-servicingstack_31bf3856ad364e35_10.0.20348.557_none_f1edaeb8515fa10d\TiWorker.exe,,S:AI,,SCAFFOLD,0x3e7,DC$,S-1-5-18,,,,,,,,,,,
2026-09-02T00:12:41.881711Z,4663,dc.scaffold.htb,Microsoft-Windows-Security-Auditing,Security,20856,0,"%%4420
				",0x10,,,,,,,0xc70,,,,,,,,,,,,,C:\Windows\WinSxS\amd64_system.windows.forms.datavisualization_31bf3856ad364e35_4.0.15806.265_none_c53e7a028e8397c6\System.Windows.Forms.DataVisualization.dll,Security,File,,,,0xe2c,C:\Windows\WinSxS\amd64_microsoft-windows-servicingstack_31bf3856ad364e35_10.0.20348.557_none_f1edaeb8515fa10d\TiWorker.exe,,S:AI,,SCAFFOLD,0x3e7,DC$,S-1-5-18,,,,,,,,,,,
2026-09-02T00:12:41.882231Z,4663,dc.scaffold.htb,Microsoft-Windows-Security-Auditing,Security,20857,0,"%%4420
				",0x10,,,,,,,0xc70,,,,,,,,,,,,,C:\Windows\WinSxS\x86_netfx4-mscoreei_dll_b03f5f7f11d50a3a_4.0.15806.265_none_778adfa4586c8ce5\mscoreei.dll,Security,File,,,,0xe2c,C:\Windows\WinSxS\amd64_microsoft-windows-servicingstack_31bf3856ad364e35_10.0.20348.557_none_f1edaeb8515fa10d\TiWorker.exe,,S:AI,,SCAFFOLD,0x3e7,DC$,S-1-5-18,,,,,,,,,,,
2026-09-02T00:12:41.883661Z,4663,dc.scaffold.htb,Microsoft-Windows-Security-Auditing,Security,20858,0,"%%4420
				",0x10,,,,,,,0xc70,,,,,,,,,,,,,C:\Windows\WinSxS\amd64_system.configuration_b03f5f7f11d50a3a_4.0.15806.265_none_7e83d5a2f605004a\System.Configuration.dll,Security,File,,,,0xe2c,C:\Windows\WinSxS\amd64_microsoft-windows-servicingstack_31bf3856ad364e35_10.0.20348.557_none_f1edaeb8515fa10d\TiWorker.exe,,S:AI,,SCAFFOLD,0x3e7,DC$,S-1-5-18,,,,,,,,,,,
2026-09-02T00:12:41.884004Z,4663,dc.scaffold.htb,Microsoft-Windows-Security-Auditing,Security,20859,0,"%%4420
				",0x10,,,,,,,0xc70,,,,,,,,,,,,,C:\Windows\WinSxS\amd64_system.servicemodel.web_31bf3856ad364e35_4.0.15806.265_none_77867f22f4326354\System.ServiceModel.Web.dll,Security,File,,,,0xe2c,C:\Windows\WinSxS\amd64_microsoft-windows-servicingstack_31bf3856ad364e35_10.0.20348.557_none_f1edaeb8515fa10d\TiWorker.exe,,S:AI,,SCAFFOLD,0x3e7,DC$,S-1-5-18,,,,,,,,,,,
2026-09-02T00:12:41.884225Z,4663,dc.scaffold.htb,Microsoft-Windows-Security-Auditing,Security,20860,0,"%%4420
				",0x10,,,,,,,0xc70,,,,,,,,,,,,,C:\Windows\WinSxS\amd64_system.drawing.design_b03f5f7f11d50a3a_4.0.15806.265_none_6f678e7d6fb2e926\System.Drawing.Design.dll,Security,File,,,,0xe2c,C:\Windows\WinSxS\amd64_microsoft-windows-servicingstack_31bf3856ad364e35_10.0.20348.557_none_f1edaeb8515fa10d\TiWorker.exe,,S:AI,,SCAFFOLD,0x3e7,DC$,S-1-5-18,,,,,,,,,,,
2026-09-02T00:12:41.885060Z,4663,dc.scaffold.htb,Microsoft-Windows-Security-Auditing,Security,20861,0,"%%4420
				",0x10,,,,,,,0xc70,,,,,,,,,,,,,C:\Windows\WinSxS\amd64_netfx4-mscoreei_dll_b03f5f7f11d50a3a_4.0.15806.265_none_2fdda8cd43f063df\mscoreei.dll,Security,File,,,,0xe2c,C:\Windows\WinSxS\amd64_microsoft-windows-servicingstack_31bf3856ad364e35_10.0.20348.557_none_f1edaeb8515fa10d\TiWorker.exe,,S:AI,,SCAFFOLD,0x3e7,DC$,S-1-5-18,,,,,,,,,,,
2026-09-02T00:12:41.889071Z,4663,dc.scaffold.htb,Microsoft-Windows-Security-Auditing,Security,20862,0,"%%4420
				",0x10,,,,,,,0xc70,,,,,,,,,,,,,C:\Windows\WinSxS\amd64_system.management_b03f5f7f11d50a3a_4.0.15806.310_none_728fdd66cbba15f6\System.Management.dll,Security,File,,,,0xe2c,C:\Windows\WinSxS\amd64_microsoft-windows-servicingstack_31bf3856ad364e35_10.0.20348.557_none_f1edaeb8515fa10d\TiWorker.exe,,S:AI,,SCAFFOLD,0x3e7,DC$,S-1-5-18,,,,,,,,,,,
2026-09-02T00:12:41.890182Z,4663,dc.scaffold.htb,Microsoft-Windows-Security-Auditing,Security,20863,0,"%%4420
				",0x10,,,,,,,0xc70,,,,,,,,,,,,,C:\Windows\WinSxS\amd64_system.drawing_b03f5f7f11d50a3a_4.0.15806.280_none_e2ed99b0b0225c23\System.Drawing.dll,Security,File,,,,0xe2c,C:\Windows\WinSxS\amd64_microsoft-windows-servicingstack_31bf3856ad364e35_10.0.20348.557_none_f1edaeb8515fa10d\TiWorker.exe,,S:AI,,SCAFFOLD,0x3e7,DC$,S-1-5-18,,,,,,,,,,,
2026-09-02T00:12:41.890669Z,4663,dc.scaffold.htb,Microsoft-Windows-Security-Auditing,Security,20864,0,"%%4420
				",0x10,,,,,,,0xc70,,,,,,,,,,,,,C:\Windows\WinSxS\amd64_system.servicemodel.activities_31bf3856ad364e35_4.0.15806.265_none_24b2982929c4c527\System.ServiceModel.Activities.dll,Security,File,,,,0xe2c,C:\Windows\WinSxS\amd64_microsoft-windows-servicingstack_31bf3856ad364e35_10.0.20348.557_none_f1edaeb8515fa10d\TiWorker.exe,,S:AI,,SCAFFOLD,0x3e7,DC$,S-1-5-18,,,,,,,,,,,
2026-09-02T00:12:41.891478Z,4663,dc.scaffold.htb,Microsoft-Windows-Security-Auditing,Security,20865,0,"%%4420
				",0x10,,,,,,,0xc70,,,,,,,,,,,,,C:\Windows\WinSxS\amd64_system.speech_31bf3856ad364e35_4.0.15806.265_none_5bb0cb8935757570\System.Speech.dll,Security,File,,,,0xe2c,C:\Windows\WinSxS\amd64_microsoft-windows-servicingstack_31bf3856ad364e35_10.0.20348.557_none_f1edaeb8515fa10d\TiWorker.exe,,S:AI,,SCAFFOLD,0x3e7,DC$,S-1-5-18,,,,,,,,,,,
2026-09-02T00:12:41.914421Z,4663,dc.scaffold.htb,Microsoft-Windows-Security-Auditing,Security,20866,0,"%%4417
				",0x2,,,,,,,0x1db0,,,,,,,,,,,,,C:\Windows\servicing\Sessions,Security,File,,,,0xe2c,C:\Windows\WinSxS\amd64_microsoft-windows-servicingstack_31bf3856ad364e35_10.0.20348.557_none_f1edaeb8515fa10d\TiWorker.exe,,S:AI,,SCAFFOLD,0x3e7,DC$,S-1-5-18,,,,,,,,,,,
2026-09-02T00:12:41.914810Z,4663,dc.scaffold.htb,Microsoft-Windows-Security-Auditing,Security,20867,0,"%%4417
				%%4418
				",0x6,,,,,,,0xd68,,,,,,,,,,,,,C:\Windows\servicing\Sessions\31275631_2954305271.xml,Security,File,,,,0xe2c,C:\Windows\WinSxS\amd64_microsoft-windows-servicingstack_31bf3856ad364e35_10.0.20348.557_none_f1edaeb8515fa10d\TiWorker.exe,,,,SCAFFOLD,0x3e7,DC$,S-1-5-18,,,,,,,,,,,
2026-09-02T00:12:42.161483Z,4664,dc.scaffold.htb,Microsoft-Windows-Security-Auditing,Security,20868,0,,,,,,,C:\Windows\servicing\Packages\Package_3_for_KB5120705~31bf3856ad364e35~amd64~~10.0.4805.2.cat,,,,,,,C:\Windows\WinSxS\Temp\InFlight\fc6f93c56f3add014a0b00002c0efc15\fc6f93c56f3add014b0b00002c0efc15_catalog,,,,,,,,,,,,,,,,,,,SCAFFOLD,0x3e7,DC$,S-1-5-18,,,,,,,,,00000000-0000-0000-0000-000000000000,,
2026-09-02T00:12:42.161772Z,4663,dc.scaffold.htb,Microsoft-Windows-Security-Auditing,Security,20869,0,"%%1539
				%%1540
				",0xc0000,,,,,,,0xf90,,,,,,,,,,,,,C:\Windows\WinSxS\Temp\InFlight\fc6f93c56f3add014a0b00002c0efc15\fc6f93c56f3add014b0b00002c0efc15_catalog,Security,File,,,,0xe2c,C:\Windows\WinSxS\amd64_microsoft-windows-servicingstack_31bf3856ad364e35_10.0.20348.557_none_f1edaeb8515fa10d\TiWorker.exe,,S:AI,,SCAFFOLD,0x3e7,DC$,S-1-5-18,,,,,,,,,,,
2026-09-02T00:12:42.161884Z,4670,dc.scaffold.htb,Microsoft-Windows-Security-Auditing,Security,20870,0,,,,,,,,,0xf90,,,,,,,,,,D:PARAI(A;;FA;;;S-1-5-80-956008885-3418522649-1831038044-1853292631-2271478464)(A;;0x1200a9;;;BA)(A;;0x1200a9;;;SY)(A;;0x1200a9;;;BU)(A;;0x1200a9;;;AC)(A;;0x1200a9;;;S-1-15-2-2),,,C:\Windows\WinSxS\Temp\InFlight\fc6f93c56f3add014a0b00002c0efc15\fc6f93c56f3add014b0b00002c0efc15_catalog,Security,File,D:PAI(A;;FA;;;S-1-5-80-956008885-3418522649-1831038044-1853292631-2271478464)(A;;0x1200a9;;;SY)(A;;0x1200a9;;;BA)(A;;0x1200a9;;;BU)(A;;0x1200a9;;;AC)(A;;0x1200a9;;;S-1-15-2-2),,,0xe2c,C:\Windows\WinSxS\amd64_microsoft-windows-servicingstack_31bf3856ad364e35_10.0.20348.557_none_f1edaeb8515fa10d\TiWorker.exe,,,,SCAFFOLD,0x3e7,DC$,S-1-5-18,,,,,,,,,,,
2026-09-02T00:12:43.247177Z,4664,dc.scaffold.htb,Microsoft-Windows-Security-Auditing,Security,20871,0,,,,,,,C:\Windows\servicing\Packages\Package_4_for_KB5120705~31bf3856ad364e35~amd64~~10.0.4805.2.cat,,,,,,,C:\Windows\WinSxS\Temp\InFlight\73f237c66f3add01a80c00002c0efc15\73f237c66f3add01a90c00002c0efc15_catalog,,,,,,,,,,,,,,,,,,,SCAFFOLD,0x3e7,DC$,S-1-5-18,,,,,,,,,00000000-0000-0000-0000-000000000000,,
2026-09-02T00:12:43.353488Z,4663,dc.scaffold.htb,Microsoft-Windows-Security-Auditing,Security,20872,0,"%%1539
				%%1540
				",0xc0000,,,,,,,0x624,,,,,,,,,,,,,C:\Windows\WinSxS\Temp\InFlight\73f237c66f3add01a80c00002c0efc15\73f237c66f3add01a90c00002c0efc15_catalog,Security,File,,,,0xe2c,C:\Windows\WinSxS\amd64_microsoft-windows-servicingstack_31bf3856ad364e35_10.0.20348.557_none_f1edaeb8515fa10d\TiWorker.exe,,S:AI,,SCAFFOLD,0x3e7,DC$,S-1-5-18,,,,,,,,,,,
2026-09-02T00:12:43.353544Z,4670,dc.scaffold.htb,Microsoft-Windows-Security-Auditing,Security,20873,0,,,,,,,,,0x624,,,,,,,,,,D:PARAI(A;;FA;;;S-1-5-80-956008885-3418522649-1831038044-1853292631-2271478464)(A;;0x1200a9;;;BA)(A;;0x1200a9;;;SY)(A;;0x1200a9;;;BU)(A;;0x1200a9;;;AC)(A;;0x1200a9;;;S-1-15-2-2),,,C:\Windows\WinSxS\Temp\InFlight\73f237c66f3add01a80c00002c0efc15\73f237c66f3add01a90c00002c0efc15_catalog,Security,File,D:PAI(A;;FA;;;S-1-5-80-956008885-3418522649-1831038044-1853292631-2271478464)(A;;0x1200a9;;;SY)(A;;0x1200a9;;;BA)(A;;0x1200a9;;;BU)(A;;0x1200a9;;;AC)(A;;0x1200a9;;;S-1-15-2-2),,,0xe2c,C:\Windows\WinSxS\amd64_microsoft-windows-servicingstack_31bf3856ad364e35_10.0.20348.557_none_f1edaeb8515fa10d\TiWorker.exe,,,,SCAFFOLD,0x3e7,DC$,S-1-5-18,,,,,,,,,,,
2026-09-02T00:12:43.356946Z,4664,dc.scaffold.htb,Microsoft-Windows-Security-Auditing,Security,20874,0,,,,,,,C:\Windows\servicing\Packages\Package_5_for_KB5120705~31bf3856ad364e35~amd64~~10.0.4805.2.cat,,,,,,,C:\Windows\WinSxS\Temp\InFlight\0b7c4ac66f3add01ac0c00002c0efc15\0b7c4ac66f3add01ad0c00002c0efc15_catalog,,,,,,,,,,,,,,,,,,,SCAFFOLD,0x3e7,DC$,S-1-5-18,,,,,,,,,00000000-0000-0000-0000-000000000000,,
2026-09-02T00:12:43.357215Z,4663,dc.scaffold.htb,Microsoft-Windows-Security-Auditing,Security,20875,0,"%%1539
				%%1540
				",0xc0000,,,,,,,0x694,,,,,,,,,,,,,C:\Windows\WinSxS\Temp\InFlight\0b7c4ac66f3add01ac0c00002c0efc15\0b7c4ac66f3add01ad0c00002c0efc15_catalog,Security,File,,,,0xe2c,C:\Windows\WinSxS\amd64_microsoft-windows-servicingstack_31bf3856ad364e35_10.0.20348.557_none_f1edaeb8515fa10d\TiWorker.exe,,S:AI,,SCAFFOLD,0x3e7,DC$,S-1-5-18,,,,,,,,,,,
2026-09-02T00:12:43.357311Z,4670,dc.scaffold.htb,Microsoft-Windows-Security-Auditing,Security,20876,0,,,,,,,,,0x694,,,,,,,,,,D:PARAI(A;;FA;;;S-1-5-80-956008885-3418522649-1831038044-1853292631-2271478464)(A;;0x1200a9;;;BA)(A;;0x1200a9;;;SY)(A;;0x1200a9;;;BU)(A;;0x1200a9;;;AC)(A;;0x1200a9;;;S-1-15-2-2),,,C:\Windows\WinSxS\Temp\InFlight\0b7c4ac66f3add01ac0c00002c0efc15\0b7c4ac66f3add01ad0c00002c0efc15_catalog,Security,File,D:PAI(A;;FA;;;S-1-5-80-956008885-3418522649-1831038044-1853292631-2271478464)(A;;0x1200a9;;;SY)(A;;0x1200a9;;;BA)(A;;0x1200a9;;;BU)(A;;0x1200a9;;;AC)(A;;0x1200a9;;;S-1-15-2-2),,,0xe2c,C:\Windows\WinSxS\amd64_microsoft-windows-servicingstack_31bf3856ad364e35_10.0.20348.557_none_f1edaeb8515fa10d\TiWorker.exe,,,,SCAFFOLD,0x3e7,DC$,S-1-5-18,,,,,,,,,,,
2026-09-02T00:12:43.366067Z,4664,dc.scaffold.htb,Microsoft-Windows-Security-Auditing,Security,20877,0,,,,,,,C:\Windows\servicing\Packages\Package_8_for_KB5120705~31bf3856ad364e35~amd64~~10.0.4805.2.cat,,,,,,,C:\Windows\WinSxS\Temp\InFlight\45054bc66f3add01b00c00002c0efc15\45054bc66f3add01b10c00002c0efc15_catalog,,,,,,,,,,,,,,,,,,,SCAFFOLD,0x3e7,DC$,S-1-5-18,,,,,,,,,00000000-0000-0000-0000-000000000000,,
2026-09-02T00:12:43.366330Z,4663,dc.scaffold.htb,Microsoft-Windows-Security-Auditing,Security,20878,0,"%%1539
				%%1540
				",0xc0000,,,,,,,0x608,,,,,,,,,,,,,C:\Windows\WinSxS\Temp\InFlight\45054bc66f3add01b00c00002c0efc15\45054bc66f3add01b10c00002c0efc15_catalog,Security,File,,,,0xe2c,C:\Windows\WinSxS\amd64_microsoft-windows-servicingstack_31bf3856ad364e35_10.0.20348.557_none_f1edaeb8515fa10d\TiWorker.exe,,S:AI,,SCAFFOLD,0x3e7,DC$,S-1-5-18,,,,,,,,,,,
