2026-09-02T03:45:59.445686Z,4664,dc.scaffold.htb,Microsoft-Windows-Security-Auditing,Security,23616,0,,,,,,,C:\Windows\WinSxS\amd64_microsoft-windows-p..rastructureconsumer_31bf3856ad364e35_10.0.20348.1_none_3d4b8c22f978a356\Rules.System.Summary.xml,,,,,,,C:\Windows\WinSxS\amd64_microsoft-windows-p..rastructureconsumer_31bf3856ad364e35_10.0.20348.4893_none_5c23f73562cb499b\Rules.System.Summary.xml,,,,,,,,,,,,,,,,,,,SCAFFOLD,0x3e7,DC$,S-1-5-18,,,,,,,,,00000000-0000-0000-0000-000000000000,,
2026-09-02T03:45:59.453056Z,4664,dc.scaffold.htb,Microsoft-Windows-Security-Auditing,Security,23617,0,,,,,,,C:\Windows\WinSxS\amd64_pnpxassoc_31bf3856ad364e35_10.0.20348.1_none_bbf2e1b7387bcd23\PNPXAssoc.mof,,,,,,,C:\Windows\WinSxS\amd64_pnpxassoc_31bf3856ad364e35_10.0.20348.2849_none_dac5bedba1d3942d\PNPXAssoc.mof,,,,,,,,,,,,,,,,,,,SCAFFOLD,0x3e7,DC$,S-1-5-18,,,,,,,,,00000000-0000-0000-0000-000000000000,,
2026-09-02T03:45:59.476495Z,4664,dc.scaffold.htb,Microsoft-Windows-Security-Auditing,Security,23618,0,,,,,,,C:\Windows\WinSxS\amd64_microsoft-windows-k..distribution-center_31bf3856ad364e35_10.0.20348.558_none_7447160a1e5522ec\kdcsvc.mof,,,,,,,C:\Windows\WinSxS\amd64_microsoft-windows-k..distribution-center_31bf3856ad364e35_10.0.20348.5386_none_3433fdc6c672c4a8\kdcsvc.mof,,,,,,,,,,,,,,,,,,,SCAFFOLD,0x3e7,DC$,S-1-5-18,,,,,,,,,00000000-0000-0000-0000-000000000000,,
2026-09-02T03:45:59.486522Z,4664,dc.scaffold.htb,Microsoft-Windows-Security-Auditing,Security,23619,0,,,,,,,C:\Windows\WinSxS\amd64_microsoft-windows-dfsr-core-serveronly_31bf3856ad364e35_10.0.20348.502_none_864b0c9031b86ab6\dfsrprovs.mof,,,,,,,C:\Windows\WinSxS\amd64_microsoft-windows-dfsr-core-serveronly_31bf3856ad364e35_10.0.20348.3451_none_45fa83beda0385aa\dfsrprovs.mof,,,,,,,,,,,,,,,,,,,SCAFFOLD,0x3e7,DC$,S-1-5-18,,,,,,,,,00000000-0000-0000-0000-000000000000,,
2026-09-02T03:45:59.487100Z,4664,dc.scaffold.htb,Microsoft-Windows-Security-Auditing,Security,23620,0,,,,,,,C:\Windows\WinSxS\amd64_microsoft-windows-dfsr-core-serveronly_31bf3856ad364e35_10.0.20348.502_none_864b0c9031b86ab6\dfsrwmiv2.mof,,,,,,,C:\Windows\WinSxS\amd64_microsoft-windows-dfsr-core-serveronly_31bf3856ad364e35_10.0.20348.3451_none_45fa83beda0385aa\dfsrwmiv2.mof,,,,,,,,,,,,,,,,,,,SCAFFOLD,0x3e7,DC$,S-1-5-18,,,,,,,,,00000000-0000-0000-0000-000000000000,,
2026-09-02T03:45:59.488071Z,4664,dc.scaffold.htb,Microsoft-Windows-Security-Auditing,Security,23621,0,,,,,,,C:\Windows\WinSxS\amd64_microsoft-windows-dfsr-core-serveronly_31bf3856ad364e35_10.0.20348.502_none_864b0c9031b86ab6\dfsrwmiv2_uninstall.mof,,,,,,,C:\Windows\WinSxS\amd64_microsoft-windows-dfsr-core-serveronly_31bf3856ad364e35_10.0.20348.3451_none_45fa83beda0385aa\dfsrwmiv2_uninstall.mof,,,,,,,,,,,,,,,,,,,SCAFFOLD,0x3e7,DC$,S-1-5-18,,,,,,,,,00000000-0000-0000-0000-000000000000,,
2026-09-02T03:45:59.492674Z,4664,dc.scaffold.htb,Microsoft-Windows-Security-Auditing,Security,23622,0,,,,,,,C:\Windows\WinSxS\amd64_microsoft-windows-printing-powershell_31bf3856ad364e35_10.0.20348.320_none_34f5bce0fd0c0470\PrintManagement.psd1,,,,,,,C:\Windows\WinSxS\amd64_microsoft-windows-printing-powershell_31bf3856ad364e35_10.0.20348.2849_none_f48fe027a5673acc\PrintManagement.psd1,,,,,,,,,,,,,,,,,,,SCAFFOLD,0x3e7,DC$,S-1-5-18,,,,,,,,,00000000-0000-0000-0000-000000000000,,
2026-09-02T03:45:59.493251Z,4664,dc.scaffold.htb,Microsoft-Windows-Security-Auditing,Security,23623,0,,,,,,,C:\Windows\WinSxS\amd64_microsoft-windows-printing-powershell_31bf3856ad364e35_10.0.20348.320_none_34f5bce0fd0c0470\MSFT_Printer_v1.0.cdxml,,,,,,,C:\Windows\WinSxS\amd64_microsoft-windows-printing-powershell_31bf3856ad364e35_10.0.20348.2849_none_f48fe027a5673acc\MSFT_Printer_v1.0.cdxml,,,,,,,,,,,,,,,,,,,SCAFFOLD,0x3e7,DC$,S-1-5-18,,,,,,,,,00000000-0000-0000-0000-000000000000,,
2026-09-02T03:45:59.494226Z,4664,dc.scaffold.htb,Microsoft-Windows-Security-Auditing,Security,23624,0,,,,,,,C:\Windows\WinSxS\amd64_microsoft-windows-printing-powershell_31bf3856ad364e35_10.0.20348.320_none_34f5bce0fd0c0470\MSFT_Printer.format.ps1xml,,,,,,,C:\Windows\WinSxS\amd64_microsoft-windows-printing-powershell_31bf3856ad364e35_10.0.20348.2849_none_f48fe027a5673acc\MSFT_Printer.format.ps1xml,,,,,,,,,,,,,,,,,,,SCAFFOLD,0x3e7,DC$,S-1-5-18,,,,,,,,,00000000-0000-0000-0000-000000000000,,
2026-09-02T03:45:59.494783Z,4664,dc.scaffold.htb,Microsoft-Windows-Security-Auditing,Security,23625,0,,,,,,,C:\Windows\WinSxS\amd64_microsoft-windows-printing-powershell_31bf3856ad364e35_10.0.20348.320_none_34f5bce0fd0c0470\MSFT_Printer.types.ps1xml,,,,,,,C:\Windows\WinSxS\amd64_microsoft-windows-printing-powershell_31bf3856ad364e35_10.0.20348.2849_none_f48fe027a5673acc\MSFT_Printer.types.ps1xml,,,,,,,,,,,,,,,,,,,SCAFFOLD,0x3e7,DC$,S-1-5-18,,,,,,,,,00000000-0000-0000-0000-000000000000,,
2026-09-02T03:45:59.495478Z,4664,dc.scaffold.htb,Microsoft-Windows-Security-Auditing,Security,23626,0,,,,,,,C:\Windows\WinSxS\amd64_microsoft-windows-printing-powershell_31bf3856ad364e35_10.0.20348.320_none_34f5bce0fd0c0470\MSFT_3DPrinter_v1.0.cdxml,,,,,,,C:\Windows\WinSxS\amd64_microsoft-windows-printing-powershell_31bf3856ad364e35_10.0.20348.2849_none_f48fe027a5673acc\MSFT_3DPrinter_v1.0.cdxml,,,,,,,,,,,,,,,,,,,SCAFFOLD,0x3e7,DC$,S-1-5-18,,,,,,,,,00000000-0000-0000-0000-000000000000,,
2026-09-02T03:45:59.496232Z,4664,dc.scaffold.htb,Microsoft-Windows-Security-Auditing,Security,23627,0,,,,,,,C:\Windows\WinSxS\amd64_microsoft-windows-printing-powershell_31bf3856ad364e35_10.0.20348.320_none_34f5bce0fd0c0470\MSFT_3DPrinter.format.ps1xml,,,,,,,C:\Windows\WinSxS\amd64_microsoft-windows-printing-powershell_31bf3856ad364e35_10.0.20348.2849_none_f48fe027a5673acc\MSFT_3DPrinter.format.ps1xml,,,,,,,,,,,,,,,,,,,SCAFFOLD,0x3e7,DC$,S-1-5-18,,,,,,,,,00000000-0000-0000-0000-000000000000,,
2026-09-02T03:45:59.496790Z,4664,dc.scaffold.htb,Microsoft-Windows-Security-Auditing,Security,23628,0,,,,,,,C:\Windows\WinSxS\amd64_microsoft-windows-printing-powershell_31bf3856ad364e35_10.0.20348.320_none_34f5bce0fd0c0470\MSFT_PrinterPort_v1.0.cdxml,,,,,,,C:\Windows\WinSxS\amd64_microsoft-windows-printing-powershell_31bf3856ad364e35_10.0.20348.2849_none_f48fe027a5673acc\MSFT_PrinterPort_v1.0.cdxml,,,,,,,,,,,,,,,,,,,SCAFFOLD,0x3e7,DC$,S-1-5-18,,,,,,,,,00000000-0000-0000-0000-000000000000,,
2026-09-02T03:45:59.497519Z,4664,dc.scaffold.htb,Microsoft-Windows-Security-Auditing,Security,23629,0,,,,,,,C:\Windows\WinSxS\amd64_microsoft-windows-printing-powershell_31bf3856ad364e35_10.0.20348.320_none_34f5bce0fd0c0470\MSFT_PrinterPort.format.ps1xml,,,,,,,C:\Windows\WinSxS\amd64_microsoft-windows-printing-powershell_31bf3856ad364e35_10.0.20348.2849_none_f48fe027a5673acc\MSFT_PrinterPort.format.ps1xml,,,,,,,,,,,,,,,,,,,SCAFFOLD,0x3e7,DC$,S-1-5-18,,,,,,,,,00000000-0000-0000-0000-000000000000,,
2026-09-02T03:45:59.498498Z,4664,dc.scaffold.htb,Microsoft-Windows-Security-Auditing,Security,23630,0,,,,,,,C:\Windows\WinSxS\amd64_microsoft-windows-printing-powershell_31bf3856ad364e35_10.0.20348.320_none_34f5bce0fd0c0470\MSFT_PrinterPortTasks_v1.0.cdxml,,,,,,,C:\Windows\WinSxS\amd64_microsoft-windows-printing-powershell_31bf3856ad364e35_10.0.20348.2849_none_f48fe027a5673acc\MSFT_PrinterPortTasks_v1.0.cdxml,,,,,,,,,,,,,,,,,,,SCAFFOLD,0x3e7,DC$,S-1-5-18,,,,,,,,,00000000-0000-0000-0000-000000000000,,
2026-09-02T03:45:59.499359Z,4664,dc.scaffold.htb,Microsoft-Windows-Security-Auditing,Security,23631,0,,,,,,,C:\Windows\WinSxS\amd64_microsoft-windows-printing-powershell_31bf3856ad364e35_10.0.20348.320_none_34f5bce0fd0c0470\MSFT_LocalPrinterPort_v1.0.cdxml,,,,,,,C:\Windows\WinSxS\amd64_microsoft-windows-printing-powershell_31bf3856ad364e35_10.0.20348.2849_none_f48fe027a5673acc\MSFT_LocalPrinterPort_v1.0.cdxml,,,,,,,,,,,,,,,,,,,SCAFFOLD,0x3e7,DC$,S-1-5-18,,,,,,,,,00000000-0000-0000-0000-000000000000,,
2026-09-02T03:45:59.499979Z,4664,dc.scaffold.htb,Microsoft-Windows-Security-Auditing,Security,23632,0,,,,,,,C:\Windows\WinSxS\amd64_microsoft-windows-printing-powershell_31bf3856ad364e35_10.0.20348.320_none_34f5bce0fd0c0470\MSFT_LocalPrinterPort.format.ps1xml,,,,,,,C:\Windows\WinSxS\amd64_microsoft-windows-printing-powershell_31bf3856ad364e35_10.0.20348.2849_none_f48fe027a5673acc\MSFT_LocalPrinterPort.format.ps1xml,,,,,,,,,,,,,,,,,,,SCAFFOLD,0x3e7,DC$,S-1-5-18,,,,,,,,,00000000-0000-0000-0000-000000000000,,
2026-09-02T03:45:59.500552Z,4664,dc.scaffold.htb,Microsoft-Windows-Security-Auditing,Security,23633,0,,,,,,,C:\Windows\WinSxS\amd64_microsoft-windows-printing-powershell_31bf3856ad364e35_10.0.20348.320_none_34f5bce0fd0c0470\MSFT_LprPrinterPort_v1.0.cdxml,,,,,,,C:\Windows\WinSxS\amd64_microsoft-windows-printing-powershell_31bf3856ad364e35_10.0.20348.2849_none_f48fe027a5673acc\MSFT_LprPrinterPort_v1.0.cdxml,,,,,,,,,,,,,,,,,,,SCAFFOLD,0x3e7,DC$,S-1-5-18,,,,,,,,,00000000-0000-0000-0000-000000000000,,
2026-09-02T03:45:59.501115Z,4664,dc.scaffold.htb,Microsoft-Windows-Security-Auditing,Security,23634,0,,,,,,,C:\Windows\WinSxS\amd64_microsoft-windows-printing-powershell_31bf3856ad364e35_10.0.20348.320_none_34f5bce0fd0c0470\MSFT_LprPrinterPort.format.ps1xml,,,,,,,C:\Windows\WinSxS\amd64_microsoft-windows-printing-powershell_31bf3856ad364e35_10.0.20348.2849_none_f48fe027a5673acc\MSFT_LprPrinterPort.format.ps1xml,,,,,,,,,,,,,,,,,,,SCAFFOLD,0x3e7,DC$,S-1-5-18,,,,,,,,,00000000-0000-0000-0000-000000000000,,
2026-09-02T03:45:59.501708Z,4664,dc.scaffold.htb,Microsoft-Windows-Security-Auditing,Security,23635,0,,,,,,,C:\Windows\WinSxS\amd64_microsoft-windows-printing-powershell_31bf3856ad364e35_10.0.20348.320_none_34f5bce0fd0c0470\MSFT_TcpIpPrinterPort_v1.0.cdxml,,,,,,,C:\Windows\WinSxS\amd64_microsoft-windows-printing-powershell_31bf3856ad364e35_10.0.20348.2849_none_f48fe027a5673acc\MSFT_TcpIpPrinterPort_v1.0.cdxml,,,,,,,,,,,,,,,,,,,SCAFFOLD,0x3e7,DC$,S-1-5-18,,,,,,,,,00000000-0000-0000-0000-000000000000,,
2026-09-02T03:45:59.502285Z,4664,dc.scaffold.htb,Microsoft-Windows-Security-Auditing,Security,23636,0,,,,,,,C:\Windows\WinSxS\amd64_microsoft-windows-printing-powershell_31bf3856ad364e35_10.0.20348.320_none_34f5bce0fd0c0470\MSFT_TcpIpPrinterPort.format.ps1xml,,,,,,,C:\Windows\WinSxS\amd64_microsoft-windows-printing-powershell_31bf3856ad364e35_10.0.20348.2849_none_f48fe027a5673acc\MSFT_TcpIpPrinterPort.format.ps1xml,,,,,,,,,,,,,,,,,,,SCAFFOLD,0x3e7,DC$,S-1-5-18,,,,,,,,,00000000-0000-0000-0000-000000000000,,
2026-09-02T03:45:59.502874Z,4664,dc.scaffold.htb,Microsoft-Windows-Security-Auditing,Security,23637,0,,,,,,,C:\Windows\WinSxS\amd64_microsoft-windows-printing-powershell_31bf3856ad364e35_10.0.20348.320_none_34f5bce0fd0c0470\MSFT_TcpIpPrinterPort.types.ps1xml,,,,,,,C:\Windows\WinSxS\amd64_microsoft-windows-printing-powershell_31bf3856ad364e35_10.0.20348.2849_none_f48fe027a5673acc\MSFT_TcpIpPrinterPort.types.ps1xml,,,,,,,,,,,,,,,,,,,SCAFFOLD,0x3e7,DC$,S-1-5-18,,,,,,,,,00000000-0000-0000-0000-000000000000,,
2026-09-02T03:45:59.503466Z,4664,dc.scaffold.htb,Microsoft-Windows-Security-Auditing,Security,23638,0,,,,,,,C:\Windows\WinSxS\amd64_microsoft-windows-printing-powershell_31bf3856ad364e35_10.0.20348.320_none_34f5bce0fd0c0470\MSFT_AdaptivePrinterPort_v1.0.cdxml,,,,,,,C:\Windows\WinSxS\amd64_microsoft-windows-printing-powershell_31bf3856ad364e35_10.0.20348.2849_none_f48fe027a5673acc\MSFT_AdaptivePrinterPort_v1.0.cdxml,,,,,,,,,,,,,,,,,,,SCAFFOLD,0x3e7,DC$,S-1-5-18,,,,,,,,,00000000-0000-0000-0000-000000000000,,
2026-09-02T03:45:59.504078Z,4664,dc.scaffold.htb,Microsoft-Windows-Security-Auditing,Security,23639,0,,,,,,,C:\Windows\WinSxS\amd64_microsoft-windows-printing-powershell_31bf3856ad364e35_10.0.20348.320_none_34f5bce0fd0c0470\MSFT_AdaptivePrinterPort.format.ps1xml,,,,,,,C:\Windows\WinSxS\amd64_microsoft-windows-printing-powershell_31bf3856ad364e35_10.0.20348.2849_none_f48fe027a5673acc\MSFT_AdaptivePrinterPort.format.ps1xml,,,,,,,,,,,,,,,,,,,SCAFFOLD,0x3e7,DC$,S-1-5-18,,,,,,,,,00000000-0000-0000-0000-000000000000,,
2026-09-02T03:45:59.504677Z,4664,dc.scaffold.htb,Microsoft-Windows-Security-Auditing,Security,23640,0,,,,,,,C:\Windows\WinSxS\amd64_microsoft-windows-printing-powershell_31bf3856ad364e35_10.0.20348.320_none_34f5bce0fd0c0470\MSFT_AdaptivePrinterPort.types.ps1xml,,,,,,,C:\Windows\WinSxS\amd64_microsoft-windows-printing-powershell_31bf3856ad364e35_10.0.20348.2849_none_f48fe027a5673acc\MSFT_AdaptivePrinterPort.types.ps1xml,,,,,,,,,,,,,,,,,,,SCAFFOLD,0x3e7,DC$,S-1-5-18,,,,,,,,,00000000-0000-0000-0000-000000000000,,
2026-09-02T03:45:59.505203Z,4664,dc.scaffold.htb,Microsoft-Windows-Security-Auditing,Security,23641,0,,,,,,,C:\Windows\WinSxS\amd64_microsoft-windows-printing-powershell_31bf3856ad364e35_10.0.20348.320_none_34f5bce0fd0c0470\MSFT_PrinterDriver_v1.0.cdxml,,,,,,,C:\Windows\WinSxS\amd64_microsoft-windows-printing-powershell_31bf3856ad364e35_10.0.20348.2849_none_f48fe027a5673acc\MSFT_PrinterDriver_v1.0.cdxml,,,,,,,,,,,,,,,,,,,SCAFFOLD,0x3e7,DC$,S-1-5-18,,,,,,,,,00000000-0000-0000-0000-000000000000,,
2026-09-02T03:45:59.505753Z,4664,dc.scaffold.htb,Microsoft-Windows-Security-Auditing,Security,23642,0,,,,,,,C:\Windows\WinSxS\amd64_microsoft-windows-printing-powershell_31bf3856ad364e35_10.0.20348.320_none_34f5bce0fd0c0470\MSFT_PrinterDriver.format.ps1xml,,,,,,,C:\Windows\WinSxS\amd64_microsoft-windows-printing-powershell_31bf3856ad364e35_10.0.20348.2849_none_f48fe027a5673acc\MSFT_PrinterDriver.format.ps1xml,,,,,,,,,,,,,,,,,,,SCAFFOLD,0x3e7,DC$,S-1-5-18,,,,,,,,,00000000-0000-0000-0000-000000000000,,
2026-09-02T03:45:59.506389Z,4664,dc.scaffold.htb,Microsoft-Windows-Security-Auditing,Security,23643,0,,,,,,,C:\Windows\WinSxS\amd64_microsoft-windows-printing-powershell_31bf3856ad364e35_10.0.20348.320_none_34f5bce0fd0c0470\MSFT_PrinterConfiguration_v1.0.cdxml,,,,,,,C:\Windows\WinSxS\amd64_microsoft-windows-printing-powershell_31bf3856ad364e35_10.0.20348.2849_none_f48fe027a5673acc\MSFT_PrinterConfiguration_v1.0.cdxml,,,,,,,,,,,,,,,,,,,SCAFFOLD,0x3e7,DC$,S-1-5-18,,,,,,,,,00000000-0000-0000-0000-000000000000,,
2026-09-02T03:45:59.507148Z,4664,dc.scaffold.htb,Microsoft-Windows-Security-Auditing,Security,23644,0,,,,,,,C:\Windows\WinSxS\amd64_microsoft-windows-printing-powershell_31bf3856ad364e35_10.0.20348.320_none_34f5bce0fd0c0470\MSFT_PrinterConfiguration.format.ps1xml,,,,,,,C:\Windows\WinSxS\amd64_microsoft-windows-printing-powershell_31bf3856ad364e35_10.0.20348.2849_none_f48fe027a5673acc\MSFT_PrinterConfiguration.format.ps1xml,,,,,,,,,,,,,,,,,,,SCAFFOLD,0x3e7,DC$,S-1-5-18,,,,,,,,,00000000-0000-0000-0000-000000000000,,
2026-09-02T03:45:59.507828Z,4664,dc.scaffold.htb,Microsoft-Windows-Security-Auditing,Security,23645,0,,,,,,,C:\Windows\WinSxS\amd64_microsoft-windows-printing-powershell_31bf3856ad364e35_10.0.20348.320_none_34f5bce0fd0c0470\MSFT_PrinterConfiguration.types.ps1xml,,,,,,,C:\Windows\WinSxS\amd64_microsoft-windows-printing-powershell_31bf3856ad364e35_10.0.20348.2849_none_f48fe027a5673acc\MSFT_PrinterConfiguration.types.ps1xml,,,,,,,,,,,,,,,,,,,SCAFFOLD,0x3e7,DC$,S-1-5-18,,,,,,,,,00000000-0000-0000-0000-000000000000,,
2026-09-02T03:45:59.508361Z,4664,dc.scaffold.htb,Microsoft-Windows-Security-Auditing,Security,23646,0,,,,,,,C:\Windows\WinSxS\amd64_microsoft-windows-printing-powershell_31bf3856ad364e35_10.0.20348.320_none_34f5bce0fd0c0470\MSFT_PrintJob_v1.0.cdxml,,,,,,,C:\Windows\WinSxS\amd64_microsoft-windows-printing-powershell_31bf3856ad364e35_10.0.20348.2849_none_f48fe027a5673acc\MSFT_PrintJob_v1.0.cdxml,,,,,,,,,,,,,,,,,,,SCAFFOLD,0x3e7,DC$,S-1-5-18,,,,,,,,,00000000-0000-0000-0000-000000000000,,
2026-09-02T03:45:59.508886Z,4664,dc.scaffold.htb,Microsoft-Windows-Security-Auditing,Security,23647,0,,,,,,,C:\Windows\WinSxS\amd64_microsoft-windows-printing-powershell_31bf3856ad364e35_10.0.20348.320_none_34f5bce0fd0c0470\MSFT_PrintJob.format.ps1xml,,,,,,,C:\Windows\WinSxS\amd64_microsoft-windows-printing-powershell_31bf3856ad364e35_10.0.20348.2849_none_f48fe027a5673acc\MSFT_PrintJob.format.ps1xml,,,,,,,,,,,,,,,,,,,SCAFFOLD,0x3e7,DC$,S-1-5-18,,,,,,,,,00000000-0000-0000-0000-000000000000,,
2026-09-02T03:45:59.509421Z,4664,dc.scaffold.htb,Microsoft-Windows-Security-Auditing,Security,23648,0,,,,,,,C:\Windows\WinSxS\amd64_microsoft-windows-printing-powershell_31bf3856ad364e35_10.0.20348.320_none_34f5bce0fd0c0470\MSFT_PrintJob.types.ps1xml,,,,,,,C:\Windows\WinSxS\amd64_microsoft-windows-printing-powershell_31bf3856ad364e35_10.0.20348.2849_none_f48fe027a5673acc\MSFT_PrintJob.types.ps1xml,,,,,,,,,,,,,,,,,,,SCAFFOLD,0x3e7,DC$,S-1-5-18,,,,,,,,,00000000-0000-0000-0000-000000000000,,
2026-09-02T03:45:59.551073Z,4664,dc.scaffold.htb,Microsoft-Windows-Security-Auditing,Security,23649,0,,,,,,,C:\Windows\WinSxS\amd64_microsoft-windows-printing-powershell_31bf3856ad364e35_10.0.20348.320_none_34f5bce0fd0c0470\MSFT_PrinterProperty_v1.0.cdxml,,,,,,,C:\Windows\WinSxS\amd64_microsoft-windows-printing-powershell_31bf3856ad364e35_10.0.20348.2849_none_f48fe027a5673acc\MSFT_PrinterProperty_v1.0.cdxml,,,,,,,,,,,,,,,,,,,SCAFFOLD,0x3e7,DC$,S-1-5-18,,,,,,,,,00000000-0000-0000-0000-000000000000,,
2026-09-02T03:45:59.551847Z,4664,dc.scaffold.htb,Microsoft-Windows-Security-Auditing,Security,23650,0,,,,,,,C:\Windows\WinSxS\amd64_microsoft-windows-printing-powershell_31bf3856ad364e35_10.0.20348.320_none_34f5bce0fd0c0470\MSFT_PrinterProperty.format.ps1xml,,,,,,,C:\Windows\WinSxS\amd64_microsoft-windows-printing-powershell_31bf3856ad364e35_10.0.20348.2849_none_f48fe027a5673acc\MSFT_PrinterProperty.format.ps1xml,,,,,,,,,,,,,,,,,,,SCAFFOLD,0x3e7,DC$,S-1-5-18,,,,,,,,,00000000-0000-0000-0000-000000000000,,
2026-09-02T03:45:59.552441Z,4664,dc.scaffold.htb,Microsoft-Windows-Security-Auditing,Security,23651,0,,,,,,,C:\Windows\WinSxS\amd64_microsoft-windows-printing-powershell_31bf3856ad364e35_10.0.20348.320_none_34f5bce0fd0c0470\MSFT_PrinterProperty.types.ps1xml,,,,,,,C:\Windows\WinSxS\amd64_microsoft-windows-printing-powershell_31bf3856ad364e35_10.0.20348.2849_none_f48fe027a5673acc\MSFT_PrinterProperty.types.ps1xml,,,,,,,,,,,,,,,,,,,SCAFFOLD,0x3e7,DC$,S-1-5-18,,,,,,,,,00000000-0000-0000-0000-000000000000,,
2026-09-02T03:45:59.553017Z,4664,dc.scaffold.htb,Microsoft-Windows-Security-Auditing,Security,23652,0,,,,,,,C:\Windows\WinSxS\amd64_microsoft-windows-printing-powershell_31bf3856ad364e35_10.0.20348.320_none_34f5bce0fd0c0470\MSFT_PrinterNfcTag_v1.0.cdxml,,,,,,,C:\Windows\WinSxS\amd64_microsoft-windows-printing-powershell_31bf3856ad364e35_10.0.20348.2849_none_f48fe027a5673acc\MSFT_PrinterNfcTag_v1.0.cdxml,,,,,,,,,,,,,,,,,,,SCAFFOLD,0x3e7,DC$,S-1-5-18,,,,,,,,,00000000-0000-0000-0000-000000000000,,
2026-09-02T03:45:59.553547Z,4664,dc.scaffold.htb,Microsoft-Windows-Security-Auditing,Security,23653,0,,,,,,,C:\Windows\WinSxS\amd64_microsoft-windows-printing-powershell_31bf3856ad364e35_10.0.20348.320_none_34f5bce0fd0c0470\MSFT_PrinterNfcTag.format.ps1xml,,,,,,,C:\Windows\WinSxS\amd64_microsoft-windows-printing-powershell_31bf3856ad364e35_10.0.20348.2849_none_f48fe027a5673acc\MSFT_PrinterNfcTag.format.ps1xml,,,,,,,,,,,,,,,,,,,SCAFFOLD,0x3e7,DC$,S-1-5-18,,,,,,,,,00000000-0000-0000-0000-000000000000,,
2026-09-02T03:45:59.554226Z,4664,dc.scaffold.htb,Microsoft-Windows-Security-Auditing,Security,23654,0,,,,,,,C:\Windows\WinSxS\amd64_microsoft-windows-printing-powershell_31bf3856ad364e35_10.0.20348.320_none_34f5bce0fd0c0470\MSFT_PrinterNfcTagTasks_v1.0.cdxml,,,,,,,C:\Windows\WinSxS\amd64_microsoft-windows-printing-powershell_31bf3856ad364e35_10.0.20348.2849_none_f48fe027a5673acc\MSFT_PrinterNfcTagTasks_v1.0.cdxml,,,,,,,,,,,,,,,,,,,SCAFFOLD,0x3e7,DC$,S-1-5-18,,,,,,,,,00000000-0000-0000-0000-000000000000,,
2026-09-02T03:45:59.554813Z,4664,dc.scaffold.htb,Microsoft-Windows-Security-Auditing,Security,23655,0,,,,,,,C:\Windows\WinSxS\amd64_microsoft-windows-printing-powershell_31bf3856ad364e35_10.0.20348.320_none_34f5bce0fd0c0470\PrintManagementProvider.mof,,,,,,,C:\Windows\WinSxS\amd64_microsoft-windows-printing-powershell_31bf3856ad364e35_10.0.20348.2849_none_f48fe027a5673acc\PrintManagementProvider.mof,,,,,,,,,,,,,,,,,,,SCAFFOLD,0x3e7,DC$,S-1-5-18,,,,,,,,,00000000-0000-0000-0000-000000000000,,
2026-09-02T03:45:59.563713Z,4664,dc.scaffold.htb,Microsoft-Windows-Security-Auditing,Security,23656,0,,,,,,,C:\Windows\WinSxS\amd64_microsoft-windows-migrationengine_31bf3856ad364e35_10.0.20348.380_none_410eaf8c6573cba1\SFCN.dat,,,,,,,C:\Windows\WinSxS\amd64_microsoft-windows-migrationengine_31bf3856ad364e35_10.0.20348.3451_none_0116aa7b0d7c3409\SFCN.dat,,,,,,,,,,,,,,,,,,,SCAFFOLD,0x3e7,DC$,S-1-5-18,,,,,,,,,00000000-0000-0000-0000-000000000000,,
2026-09-02T03:45:59.564856Z,4664,dc.scaffold.htb,Microsoft-Windows-Security-Auditing,Security,23657,0,,,,,,,C:\Windows\WinSxS\amd64_microsoft-windows-migrationengine_31bf3856ad364e35_10.0.20348.380_none_410eaf8c6573cba1\SFLCID.dat,,,,,,,C:\Windows\WinSxS\amd64_microsoft-windows-migrationengine_31bf3856ad364e35_10.0.20348.3451_none_0116aa7b0d7c3409\SFLCID.dat,,,,,,,,,,,,,,,,,,,SCAFFOLD,0x3e7,DC$,S-1-5-18,,,,,,,,,00000000-0000-0000-0000-000000000000,,
2026-09-02T03:45:59.565781Z,4664,dc.scaffold.htb,Microsoft-Windows-Security-Auditing,Security,23658,0,,,,,,,C:\Windows\WinSxS\amd64_microsoft-windows-migrationengine_31bf3856ad364e35_10.0.20348.380_none_410eaf8c6573cba1\SFLISTXP.dat,,,,,,,C:\Windows\WinSxS\amd64_microsoft-windows-migrationengine_31bf3856ad364e35_10.0.20348.3451_none_0116aa7b0d7c3409\SFLISTXP.dat,,,,,,,,,,,,,,,,,,,SCAFFOLD,0x3e7,DC$,S-1-5-18,,,,,,,,,00000000-0000-0000-0000-000000000000,,
2026-09-02T03:45:59.567111Z,4664,dc.scaffold.htb,Microsoft-Windows-Security-Auditing,Security,23659,0,,,,,,,C:\Windows\WinSxS\amd64_microsoft-windows-migrationengine_31bf3856ad364e35_10.0.20348.380_none_410eaf8c6573cba1\SFLISTLH.dat,,,,,,,C:\Windows\WinSxS\amd64_microsoft-windows-migrationengine_31bf3856ad364e35_10.0.20348.3451_none_0116aa7b0d7c3409\SFLISTLH.dat,,,,,,,,,,,,,,,,,,,SCAFFOLD,0x3e7,DC$,S-1-5-18,,,,,,,,,00000000-0000-0000-0000-000000000000,,
2026-09-02T03:45:59.568332Z,4664,dc.scaffold.htb,Microsoft-Windows-Security-Auditing,Security,23660,0,,,,,,,C:\Windows\WinSxS\amd64_microsoft-windows-migrationengine_31bf3856ad364e35_10.0.20348.380_none_410eaf8c6573cba1\SFLISTW7.dat,,,,,,,C:\Windows\WinSxS\amd64_microsoft-windows-migrationengine_31bf3856ad364e35_10.0.20348.3451_none_0116aa7b0d7c3409\SFLISTW7.dat,,,,,,,,,,,,,,,,,,,SCAFFOLD,0x3e7,DC$,S-1-5-18,,,,,,,,,00000000-0000-0000-0000-000000000000,,
2026-09-02T03:45:59.569196Z,4664,dc.scaffold.htb,Microsoft-Windows-Security-Auditing,Security,23661,0,,,,,,,C:\Windows\WinSxS\amd64_microsoft-windows-migrationengine_31bf3856ad364e35_10.0.20348.380_none_410eaf8c6573cba1\SFLISTW8.dat,,,,,,,C:\Windows\WinSxS\amd64_microsoft-windows-migrationengine_31bf3856ad364e35_10.0.20348.3451_none_0116aa7b0d7c3409\SFLISTW8.dat,,,,,,,,,,,,,,,,,,,SCAFFOLD,0x3e7,DC$,S-1-5-18,,,,,,,,,00000000-0000-0000-0000-000000000000,,
2026-09-02T03:45:59.570186Z,4664,dc.scaffold.htb,Microsoft-Windows-Security-Auditing,Security,23662,0,,,,,,,C:\Windows\WinSxS\amd64_microsoft-windows-migrationengine_31bf3856ad364e35_10.0.20348.380_none_410eaf8c6573cba1\SFLISTW8.WOA.dat,,,,,,,C:\Windows\WinSxS\amd64_microsoft-windows-migrationengine_31bf3856ad364e35_10.0.20348.3451_none_0116aa7b0d7c3409\SFLISTW8.WOA.dat,,,,,,,,,,,,,,,,,,,SCAFFOLD,0x3e7,DC$,S-1-5-18,,,,,,,,,00000000-0000-0000-0000-000000000000,,
2026-09-02T03:45:59.571070Z,4664,dc.scaffold.htb,Microsoft-Windows-Security-Auditing,Security,23663,0,,,,,,,C:\Windows\WinSxS\amd64_microsoft-windows-migrationengine_31bf3856ad364e35_10.0.20348.380_none_410eaf8c6573cba1\SFLISTWB.dat,,,,,,,C:\Windows\WinSxS\amd64_microsoft-windows-migrationengine_31bf3856ad364e35_10.0.20348.3451_none_0116aa7b0d7c3409\SFLISTWB.dat,,,,,,,,,,,,,,,,,,,SCAFFOLD,0x3e7,DC$,S-1-5-18,,,,,,,,,00000000-0000-0000-0000-000000000000,,
2026-09-02T03:45:59.571822Z,4664,dc.scaffold.htb,Microsoft-Windows-Security-Auditing,Security,23664,0,,,,,,,C:\Windows\WinSxS\amd64_microsoft-windows-migrationengine_31bf3856ad364e35_10.0.20348.380_none_410eaf8c6573cba1\SFLISTWB.WOA.dat,,,,,,,C:\Windows\WinSxS\amd64_microsoft-windows-migrationengine_31bf3856ad364e35_10.0.20348.3451_none_0116aa7b0d7c3409\SFLISTWB.WOA.dat,,,,,,,,,,,,,,,,,,,SCAFFOLD,0x3e7,DC$,S-1-5-18,,,,,,,,,00000000-0000-0000-0000-000000000000,,
2026-09-02T03:45:59.572342Z,4664,dc.scaffold.htb,Microsoft-Windows-Security-Auditing,Security,23665,0,,,,,,,C:\Windows\WinSxS\amd64_microsoft-windows-migrationengine_31bf3856ad364e35_10.0.20348.380_none_410eaf8c6573cba1\SFLISTWT.dat,,,,,,,C:\Windows\WinSxS\amd64_microsoft-windows-migrationengine_31bf3856ad364e35_10.0.20348.3451_none_0116aa7b0d7c3409\SFLISTWT.dat,,,,,,,,,,,,,,,,,,,SCAFFOLD,0x3e7,DC$,S-1-5-18,,,,,,,,,00000000-0000-0000-0000-000000000000,,
2026-09-02T03:45:59.572860Z,4664,dc.scaffold.htb,Microsoft-Windows-Security-Auditing,Security,23666,0,,,,,,,C:\Windows\WinSxS\amd64_microsoft-windows-migrationengine_31bf3856ad364e35_10.0.20348.380_none_410eaf8c6573cba1\SFLISTWT.WOA.dat,,,,,,,C:\Windows\WinSxS\amd64_microsoft-windows-migrationengine_31bf3856ad364e35_10.0.20348.3451_none_0116aa7b0d7c3409\SFLISTWT.WOA.dat,,,,,,,,,,,,,,,,,,,SCAFFOLD,0x3e7,DC$,S-1-5-18,,,,,,,,,00000000-0000-0000-0000-000000000000,,
2026-09-02T03:45:59.573569Z,4664,dc.scaffold.htb,Microsoft-Windows-Security-Auditing,Security,23667,0,,,,,,,C:\Windows\WinSxS\amd64_microsoft-windows-migrationengine_31bf3856ad364e35_10.0.20348.380_none_410eaf8c6573cba1\SFLISTRS1.dat,,,,,,,C:\Windows\WinSxS\amd64_microsoft-windows-migrationengine_31bf3856ad364e35_10.0.20348.3451_none_0116aa7b0d7c3409\SFLISTRS1.dat,,,,,,,,,,,,,,,,,,,SCAFFOLD,0x3e7,DC$,S-1-5-18,,,,,,,,,00000000-0000-0000-0000-000000000000,,
2026-09-02T03:45:59.574167Z,4664,dc.scaffold.htb,Microsoft-Windows-Security-Auditing,Security,23668,0,,,,,,,C:\Windows\WinSxS\amd64_microsoft-windows-migrationengine_31bf3856ad364e35_10.0.20348.380_none_410eaf8c6573cba1\SFPAT.inf,,,,,,,C:\Windows\WinSxS\amd64_microsoft-windows-migrationengine_31bf3856ad364e35_10.0.20348.3451_none_0116aa7b0d7c3409\SFPAT.inf,,,,,,,,,,,,,,,,,,,SCAFFOLD,0x3e7,DC$,S-1-5-18,,,,,,,,,00000000-0000-0000-0000-000000000000,,
2026-09-02T03:45:59.574685Z,4664,dc.scaffold.htb,Microsoft-Windows-Security-Auditing,Security,23669,0,,,,,,,C:\Windows\WinSxS\amd64_microsoft-windows-migrationengine_31bf3856ad364e35_10.0.20348.380_none_410eaf8c6573cba1\SFPATXP.inf,,,,,,,C:\Windows\WinSxS\amd64_microsoft-windows-migrationengine_31bf3856ad364e35_10.0.20348.3451_none_0116aa7b0d7c3409\SFPATXP.inf,,,,,,,,,,,,,,,,,,,SCAFFOLD,0x3e7,DC$,S-1-5-18,,,,,,,,,00000000-0000-0000-0000-000000000000,,
2026-09-02T03:45:59.575215Z,4664,dc.scaffold.htb,Microsoft-Windows-Security-Auditing,Security,23670,0,,,,,,,C:\Windows\WinSxS\amd64_microsoft-windows-migrationengine_31bf3856ad364e35_10.0.20348.380_none_410eaf8c6573cba1\SFPATLH.inf,,,,,,,C:\Windows\WinSxS\amd64_microsoft-windows-migrationengine_31bf3856ad364e35_10.0.20348.3451_none_0116aa7b0d7c3409\SFPATLH.inf,,,,,,,,,,,,,,,,,,,SCAFFOLD,0x3e7,DC$,S-1-5-18,,,,,,,,,00000000-0000-0000-0000-000000000000,,
2026-09-02T03:45:59.575723Z,4664,dc.scaffold.htb,Microsoft-Windows-Security-Auditing,Security,23671,0,,,,,,,C:\Windows\WinSxS\amd64_microsoft-windows-migrationengine_31bf3856ad364e35_10.0.20348.380_none_410eaf8c6573cba1\SFPATW7.inf,,,,,,,C:\Windows\WinSxS\amd64_microsoft-windows-migrationengine_31bf3856ad364e35_10.0.20348.3451_none_0116aa7b0d7c3409\SFPATW7.inf,,,,,,,,,,,,,,,,,,,SCAFFOLD,0x3e7,DC$,S-1-5-18,,,,,,,,,00000000-0000-0000-0000-000000000000,,
2026-09-02T03:45:59.576229Z,4664,dc.scaffold.htb,Microsoft-Windows-Security-Auditing,Security,23672,0,,,,,,,C:\Windows\WinSxS\amd64_microsoft-windows-migrationengine_31bf3856ad364e35_10.0.20348.380_none_410eaf8c6573cba1\SFPATW8.inf,,,,,,,C:\Windows\WinSxS\amd64_microsoft-windows-migrationengine_31bf3856ad364e35_10.0.20348.3451_none_0116aa7b0d7c3409\SFPATW8.inf,,,,,,,,,,,,,,,,,,,SCAFFOLD,0x3e7,DC$,S-1-5-18,,,,,,,,,00000000-0000-0000-0000-000000000000,,
2026-09-02T03:45:59.576762Z,4664,dc.scaffold.htb,Microsoft-Windows-Security-Auditing,Security,23673,0,,,,,,,C:\Windows\WinSxS\amd64_microsoft-windows-migrationengine_31bf3856ad364e35_10.0.20348.380_none_410eaf8c6573cba1\SFPATWB.inf,,,,,,,C:\Windows\WinSxS\amd64_microsoft-windows-migrationengine_31bf3856ad364e35_10.0.20348.3451_none_0116aa7b0d7c3409\SFPATWB.inf,,,,,,,,,,,,,,,,,,,SCAFFOLD,0x3e7,DC$,S-1-5-18,,,,,,,,,00000000-0000-0000-0000-000000000000,,
2026-09-02T03:45:59.577295Z,4664,dc.scaffold.htb,Microsoft-Windows-Security-Auditing,Security,23674,0,,,,,,,C:\Windows\WinSxS\amd64_microsoft-windows-migrationengine_31bf3856ad364e35_10.0.20348.380_none_410eaf8c6573cba1\SFPATWT.inf,,,,,,,C:\Windows\WinSxS\amd64_microsoft-windows-migrationengine_31bf3856ad364e35_10.0.20348.3451_none_0116aa7b0d7c3409\SFPATWT.inf,,,,,,,,,,,,,,,,,,,SCAFFOLD,0x3e7,DC$,S-1-5-18,,,,,,,,,00000000-0000-0000-0000-000000000000,,
2026-09-02T03:45:59.577809Z,4664,dc.scaffold.htb,Microsoft-Windows-Security-Auditing,Security,23675,0,,,,,,,C:\Windows\WinSxS\amd64_microsoft-windows-migrationengine_31bf3856ad364e35_10.0.20348.380_none_410eaf8c6573cba1\SFPATRS1.inf,,,,,,,C:\Windows\WinSxS\amd64_microsoft-windows-migrationengine_31bf3856ad364e35_10.0.20348.3451_none_0116aa7b0d7c3409\SFPATRS1.inf,,,,,,,,,,,,,,,,,,,SCAFFOLD,0x3e7,DC$,S-1-5-18,,,,,,,,,00000000-0000-0000-0000-000000000000,,
2026-09-02T03:45:59.585272Z,4664,dc.scaffold.htb,Microsoft-Windows-Security-Auditing,Security,23676,0,,,,,,,C:\Windows\WinSxS\amd64_microsoft-windows-r..verycenter-platform_31bf3856ad364e35_10.0.20348.1_none_ccadea595ab04f65\SystemResetPlugins.xml,,,,,,,C:\Windows\WinSxS\amd64_microsoft-windows-r..verycenter-platform_31bf3856ad364e35_10.0.20348.2849_none_eb80c77dc408166f\SystemResetPlugins.xml,,,,,,,,,,,,,,,,,,,SCAFFOLD,0x3e7,DC$,S-1-5-18,,,,,,,,,00000000-0000-0000-0000-000000000000,,
2026-09-02T03:45:59.591599Z,4664,dc.scaffold.htb,Microsoft-Windows-Security-Auditing,Security,23677,0,,,,,,,C:\Windows\WinSxS\amd64_microsoft-windows-systemreset_31bf3856ad364e35_10.0.20348.587_none_d37e5c60062c8780\srms.dat,,,,,,,C:\Windows\WinSxS\amd64_microsoft-windows-systemreset_31bf3856ad364e35_10.0.20348.5256_none_93948338ae2b86ca\srms.dat,,,,,,,,,,,,,,,,,,,SCAFFOLD,0x3e7,DC$,S-1-5-18,,,,,,,,,00000000-0000-0000-0000-000000000000,,
2026-09-02T03:45:59.595579Z,4664,dc.scaffold.htb,Microsoft-Windows-Security-Auditing,Security,23678,0,,,,,,,C:\Windows\WinSxS\amd64_microsoft-windows-p..oler-filterpipeline_31bf3856ad364e35_10.0.20348.1_none_b51c970da46d73e0\PrintFilterPipelineSvc.mof,,,,,,,C:\Windows\WinSxS\amd64_microsoft-windows-p..oler-filterpipeline_31bf3856ad364e35_10.0.20348.3451_none_d41c6c520da3149c\PrintFilterPipelineSvc.mof,,,,,,,,,,,,,,,,,,,SCAFFOLD,0x3e7,DC$,S-1-5-18,,,,,,,,,00000000-0000-0000-0000-000000000000,,
2026-09-02T03:45:59.632834Z,4664,dc.scaffold.htb,Microsoft-Windows-Security-Auditing,Security,23679,0,,,,,,,C:\Windows\WinSxS\x86_microsoft-windows-d..files-x64-minkernel_31bf3856ad364e35_10.0.20348.558_none_97fc708c1deff4e8\wdsnbp.com,,,,,,,C:\Windows\WinSxS\x86_microsoft-windows-d..files-x64-minkernel_31bf3856ad364e35_10.0.20348.5499_none_57df444ec61518cf\wdsnbp.com,,,,,,,,,,,,,,,,,,,SCAFFOLD,0x3e7,DC$,S-1-5-18,,,,,,,,,00000000-0000-0000-0000-000000000000,,
2026-09-02T03:45:59.633643Z,4664,dc.scaffold.htb,Microsoft-Windows-Security-Auditing,Security,23680,0,,,,,,,C:\Windows\WinSxS\x86_microsoft-windows-d..files-x64-minkernel_31bf3856ad364e35_10.0.20348.558_none_97fc708c1deff4e8\abortpxe.com,,,,,,,C:\Windows\WinSxS\x86_microsoft-windows-d..files-x64-minkernel_31bf3856ad364e35_10.0.20348.5499_none_57df444ec61518cf\abortpxe.com,,,,,,,,,,,,,,,,,,,SCAFFOLD,0x3e7,DC$,S-1-5-18,,,,,,,,,00000000-0000-0000-0000-000000000000,,
2026-09-02T03:45:59.634162Z,4664,dc.scaffold.htb,Microsoft-Windows-Security-Auditing,Security,23681,0,,,,,,,C:\Windows\WinSxS\x86_microsoft-windows-d..files-x64-minkernel_31bf3856ad364e35_10.0.20348.558_none_97fc708c1deff4e8\pxeboot.com,,,,,,,C:\Windows\WinSxS\x86_microsoft-windows-d..files-x64-minkernel_31bf3856ad364e35_10.0.20348.5499_none_57df444ec61518cf\pxeboot.com,,,,,,,,,,,,,,,,,,,SCAFFOLD,0x3e7,DC$,S-1-5-18,,,,,,,,,00000000-0000-0000-0000-000000000000,,
2026-09-02T03:45:59.635406Z,4664,dc.scaffold.htb,Microsoft-Windows-Security-Auditing,Security,23682,0,,,,,,,C:\Windows\WinSxS\x86_microsoft-windows-d..files-x64-minkernel_31bf3856ad364e35_10.0.20348.558_none_97fc708c1deff4e8\pxeboot.n12,,,,,,,C:\Windows\WinSxS\x86_microsoft-windows-d..files-x64-minkernel_31bf3856ad364e35_10.0.20348.5499_none_57df444ec61518cf\pxeboot.n12,,,,,,,,,,,,,,,,,,,SCAFFOLD,0x3e7,DC$,S-1-5-18,,,,,,,,,00000000-0000-0000-0000-000000000000,,
2026-09-02T03:45:59.636056Z,4664,dc.scaffold.htb,Microsoft-Windows-Security-Auditing,Security,23683,0,,,,,,,C:\Windows\WinSxS\x86_microsoft-windows-d..files-x64-minkernel_31bf3856ad364e35_10.0.20348.558_none_97fc708c1deff4e8\hdlscom1.com,,,,,,,C:\Windows\WinSxS\x86_microsoft-windows-d..files-x64-minkernel_31bf3856ad364e35_10.0.20348.5499_none_57df444ec61518cf\hdlscom1.com,,,,,,,,,,,,,,,,,,,SCAFFOLD,0x3e7,DC$,S-1-5-18,,,,,,,,,00000000-0000-0000-0000-000000000000,,
2026-09-02T03:45:59.636605Z,4664,dc.scaffold.htb,Microsoft-Windows-Security-Auditing,Security,23684,0,,,,,,,C:\Windows\WinSxS\x86_microsoft-windows-d..files-x64-minkernel_31bf3856ad364e35_10.0.20348.558_none_97fc708c1deff4e8\hdlscom2.com,,,,,,,C:\Windows\WinSxS\x86_microsoft-windows-d..files-x64-minkernel_31bf3856ad364e35_10.0.20348.5499_none_57df444ec61518cf\hdlscom2.com,,,,,,,,,,,,,,,,,,,SCAFFOLD,0x3e7,DC$,S-1-5-18,,,,,,,,,00000000-0000-0000-0000-000000000000,,
2026-09-02T03:45:59.637117Z,4664,dc.scaffold.htb,Microsoft-Windows-Security-Auditing,Security,23685,0,,,,,,,C:\Windows\WinSxS\x86_microsoft-windows-d..files-x64-minkernel_31bf3856ad364e35_10.0.20348.558_none_97fc708c1deff4e8\hdlscom1.n12,,,,,,,C:\Windows\WinSxS\x86_microsoft-windows-d..files-x64-minkernel_31bf3856ad364e35_10.0.20348.5499_none_57df444ec61518cf\hdlscom1.n12,,,,,,,,,,,,,,,,,,,SCAFFOLD,0x3e7,DC$,S-1-5-18,,,,,,,,,00000000-0000-0000-0000-000000000000,,
2026-09-02T03:45:59.637709Z,4664,dc.scaffold.htb,Microsoft-Windows-Security-Auditing,Security,23686,0,,,,,,,C:\Windows\WinSxS\x86_microsoft-windows-d..files-x64-minkernel_31bf3856ad364e35_10.0.20348.558_none_97fc708c1deff4e8\hdlscom2.n12,,,,,,,C:\Windows\WinSxS\x86_microsoft-windows-d..files-x64-minkernel_31bf3856ad364e35_10.0.20348.5499_none_57df444ec61518cf\hdlscom2.n12,,,,,,,,,,,,,,,,,,,SCAFFOLD,0x3e7,DC$,S-1-5-18,,,,,,,,,00000000-0000-0000-0000-000000000000,,
2026-09-02T03:45:59.639821Z,4664,dc.scaffold.htb,Microsoft-Windows-Security-Auditing,Security,23687,0,,,,,,,C:\Windows\WinSxS\x86_microsoft-windows-d..files-x86-minkernel_31bf3856ad364e35_10.0.20348.558_none_903d00c6313a62d8\pxeboot.com,,,,,,,C:\Windows\WinSxS\x86_microsoft-windows-d..files-x86-minkernel_31bf3856ad364e35_10.0.20348.5499_none_501fd488d95f86bf\pxeboot.com,,,,,,,,,,,,,,,,,,,SCAFFOLD,0x3e7,DC$,S-1-5-18,,,,,,,,,00000000-0000-0000-0000-000000000000,,
2026-09-02T03:45:59.640426Z,4664,dc.scaffold.htb,Microsoft-Windows-Security-Auditing,Security,23688,0,,,,,,,C:\Windows\WinSxS\x86_microsoft-windows-d..files-x86-minkernel_31bf3856ad364e35_10.0.20348.558_none_903d00c6313a62d8\pxeboot.n12,,,,,,,C:\Windows\WinSxS\x86_microsoft-windows-d..files-x86-minkernel_31bf3856ad364e35_10.0.20348.5499_none_501fd488d95f86bf\pxeboot.n12,,,,,,,,,,,,,,,,,,,SCAFFOLD,0x3e7,DC$,S-1-5-18,,,,,,,,,00000000-0000-0000-0000-000000000000,,
2026-09-02T03:45:59.641031Z,4664,dc.scaffold.htb,Microsoft-Windows-Security-Auditing,Security,23689,0,,,,,,,C:\Windows\WinSxS\x86_microsoft-windows-d..files-x86-minkernel_31bf3856ad364e35_10.0.20348.558_none_903d00c6313a62d8\hdlscom1.com,,,,,,,C:\Windows\WinSxS\x86_microsoft-windows-d..files-x86-minkernel_31bf3856ad364e35_10.0.20348.5499_none_501fd488d95f86bf\hdlscom1.com,,,,,,,,,,,,,,,,,,,SCAFFOLD,0x3e7,DC$,S-1-5-18,,,,,,,,,00000000-0000-0000-0000-000000000000,,
2026-09-02T03:45:59.641960Z,4664,dc.scaffold.htb,Microsoft-Windows-Security-Auditing,Security,23690,0,,,,,,,C:\Windows\WinSxS\x86_microsoft-windows-d..files-x86-minkernel_31bf3856ad364e35_10.0.20348.558_none_903d00c6313a62d8\hdlscom2.com,,,,,,,C:\Windows\WinSxS\x86_microsoft-windows-d..files-x86-minkernel_31bf3856ad364e35_10.0.20348.5499_none_501fd488d95f86bf\hdlscom2.com,,,,,,,,,,,,,,,,,,,SCAFFOLD,0x3e7,DC$,S-1-5-18,,,,,,,,,00000000-0000-0000-0000-000000000000,,
2026-09-02T03:45:59.643395Z,4664,dc.scaffold.htb,Microsoft-Windows-Security-Auditing,Security,23691,0,,,,,,,C:\Windows\WinSxS\x86_microsoft-windows-d..files-x86-minkernel_31bf3856ad364e35_10.0.20348.558_none_903d00c6313a62d8\hdlscom1.n12,,,,,,,C:\Windows\WinSxS\x86_microsoft-windows-d..files-x86-minkernel_31bf3856ad364e35_10.0.20348.5499_none_501fd488d95f86bf\hdlscom1.n12,,,,,,,,,,,,,,,,,,,SCAFFOLD,0x3e7,DC$,S-1-5-18,,,,,,,,,00000000-0000-0000-0000-000000000000,,
2026-09-02T03:45:59.643401Z,4664,dc.scaffold.htb,Microsoft-Windows-Security-Auditing,Security,23692,0,,,,,,,C:\Windows\WinSxS\x86_microsoft-windows-d..files-x86-minkernel_31bf3856ad364e35_10.0.20348.558_none_903d00c6313a62d8\hdlscom2.n12,,,,,,,C:\Windows\WinSxS\x86_microsoft-windows-d..files-x86-minkernel_31bf3856ad364e35_10.0.20348.5499_none_501fd488d95f86bf\hdlscom2.n12,,,,,,,,,,,,,,,,,,,SCAFFOLD,0x3e7,DC$,S-1-5-18,,,,,,,,,00000000-0000-0000-0000-000000000000,,
2026-09-02T03:45:59.643436Z,4664,dc.scaffold.htb,Microsoft-Windows-Security-Auditing,Security,23693,0,,,,,,,C:\Windows\WinSxS\x86_microsoft-windows-d..files-x86-minkernel_31bf3856ad364e35_10.0.20348.558_none_903d00c6313a62d8\wdsnbp.com,,,,,,,C:\Windows\WinSxS\x86_microsoft-windows-d..files-x86-minkernel_31bf3856ad364e35_10.0.20348.5499_none_501fd488d95f86bf\wdsnbp.com,,,,,,,,,,,,,,,,,,,SCAFFOLD,0x3e7,DC$,S-1-5-18,,,,,,,,,00000000-0000-0000-0000-000000000000,,
2026-09-02T03:45:59.643971Z,4664,dc.scaffold.htb,Microsoft-Windows-Security-Auditing,Security,23694,0,,,,,,,C:\Windows\WinSxS\x86_microsoft-windows-d..files-x86-minkernel_31bf3856ad364e35_10.0.20348.558_none_903d00c6313a62d8\abortpxe.com,,,,,,,C:\Windows\WinSxS\x86_microsoft-windows-d..files-x86-minkernel_31bf3856ad364e35_10.0.20348.5499_none_501fd488d95f86bf\abortpxe.com,,,,,,,,,,,,,,,,,,,SCAFFOLD,0x3e7,DC$,S-1-5-18,,,,,,,,,00000000-0000-0000-0000-000000000000,,
2026-09-02T03:45:59.718201Z,4664,dc.scaffold.htb,Microsoft-Windows-Security-Auditing,Security,23695,0,,,,,,,C:\Windows\WinSxS\amd64_microsoft-windows-n..stics-wmiv2provider_31bf3856ad364e35_10.0.20348.558_none_4b73253d75fa5419\SDNDiagnosticsProvider.mof,,,,,,,C:\Windows\WinSxS\amd64_microsoft-windows-n..stics-wmiv2provider_31bf3856ad364e35_10.0.20348.2849_none_0b25b22c1e44719c\SDNDiagnosticsProvider.mof,,,,,,,,,,,,,,,,,,,SCAFFOLD,0x3e7,DC$,S-1-5-18,,,,,,,,,00000000-0000-0000-0000-000000000000,,
2026-09-02T03:45:59.718770Z,4664,dc.scaffold.htb,Microsoft-Windows-Security-Auditing,Security,23696,0,,,,,,,C:\Windows\WinSxS\amd64_microsoft-windows-n..stics-wmiv2provider_31bf3856ad364e35_10.0.20348.558_none_4b73253d75fa5419\SDNDiagnosticsProvider_Uninstall.mof,,,,,,,C:\Windows\WinSxS\amd64_microsoft-windows-n..stics-wmiv2provider_31bf3856ad364e35_10.0.20348.2849_none_0b25b22c1e44719c\SDNDiagnosticsProvider_Uninstall.mof,,,,,,,,,,,,,,,,,,,SCAFFOLD,0x3e7,DC$,S-1-5-18,,,,,,,,,00000000-0000-0000-0000-000000000000,,
2026-09-02T03:45:59.854080Z,4664,dc.scaffold.htb,Microsoft-Windows-Security-Auditing,Security,23697,0,,,,,,,C:\Windows\WinSxS\amd64_microsoft-windows-ime-korean-hanjadic_31bf3856ad364e35_10.0.20348.1_none_8468de56d7216466\imkrhjd.lex,,,,,,,C:\Windows\WinSxS\amd64_microsoft-windows-ime-korean-hanjadic_31bf3856ad364e35_10.0.20348.3451_none_a368b39b40570522\imkrhjd.lex,,,,,,,,,,,,,,,,,,,SCAFFOLD,0x3e7,DC$,S-1-5-18,,,,,,,,,00000000-0000-0000-0000-000000000000,,
2026-09-02T03:45:59.859276Z,4664,dc.scaffold.htb,Microsoft-Windows-Security-Auditing,Security,23698,0,,,,,,,C:\Windows\WinSxS\amd64_microsoft-windows-i..tional-chinese-core_31bf3856ad364e35_10.0.20348.1_none_e2f2fb10c9fea384\IMTCTC14.CHM,,,,,,,C:\Windows\WinSxS\amd64_microsoft-windows-i..tional-chinese-core_31bf3856ad364e35_10.0.20348.3451_none_01f2d05533344440\IMTCTC14.CHM,,,,,,,,,,,,,,,,,,,SCAFFOLD,0x3e7,DC$,S-1-5-18,,,,,,,,,00000000-0000-0000-0000-000000000000,,
2026-09-02T03:45:59.859878Z,4664,dc.scaffold.htb,Microsoft-Windows-Security-Auditing,Security,23699,0,,,,,,,C:\Windows\WinSxS\amd64_microsoft-windows-i..tional-chinese-core_31bf3856ad364e35_10.0.20348.1_none_e2f2fb10c9fea384\IMTCEN14.CHM,,,,,,,C:\Windows\WinSxS\amd64_microsoft-windows-i..tional-chinese-core_31bf3856ad364e35_10.0.20348.3451_none_01f2d05533344440\IMTCEN14.CHM,,,,,,,,,,,,,,,,,,,SCAFFOLD,0x3e7,DC$,S-1-5-18,,,,,,,,,00000000-0000-0000-0000-000000000000,,
2026-09-02T03:45:59.872885Z,4664,dc.scaffold.htb,Microsoft-Windows-Security-Auditing,Security,23700,0,,,,,,,C:\Windows\WinSxS\amd64_microsoft-windows-s..boot-firmwareupdate_31bf3856ad364e35_10.0.20348.1_none_3e351e7ece88ff19\dbupdate.bin,,,,,,,C:\Windows\WinSxS\amd64_microsoft-windows-s..boot-firmwareupdate_31bf3856ad364e35_10.0.20348.5499_none_5d38427737bbcc87\dbupdate.bin,,,,,,,,,,,,,,,,,,,SCAFFOLD,0x3e7,DC$,S-1-5-18,,,,,,,,,00000000-0000-0000-0000-000000000000,,
2026-09-02T03:45:59.889205Z,4664,dc.scaffold.htb,Microsoft-Windows-Security-Auditing,Security,23701,0,,,,,,,C:\Windows\WinSxS\amd64_microsoft-windows-c..atemanagersnapindll_31bf3856ad364e35_10.0.20348.1_none_de8f84ef74930d50\certmgr.msc,,,,,,,C:\Windows\WinSxS\amd64_microsoft-windows-c..atemanagersnapindll_31bf3856ad364e35_10.0.20348.2849_none_fd626213ddead45a\certmgr.msc,,,,,,,,,,,,,,,,,,,SCAFFOLD,0x3e7,DC$,S-1-5-18,,,,,,,,,00000000-0000-0000-0000-000000000000,,
2026-09-02T03:45:59.889777Z,4664,dc.scaffold.htb,Microsoft-Windows-Security-Auditing,Security,23702,0,,,,,,,C:\Windows\WinSxS\amd64_microsoft-windows-c..atemanagersnapindll_31bf3856ad364e35_10.0.20348.1_none_de8f84ef74930d50\certlm.msc,,,,,,,C:\Windows\WinSxS\amd64_microsoft-windows-c..atemanagersnapindll_31bf3856ad364e35_10.0.20348.2849_none_fd626213ddead45a\certlm.msc,,,,,,,,,,,,,,,,,,,SCAFFOLD,0x3e7,DC$,S-1-5-18,,,,,,,,,00000000-0000-0000-0000-000000000000,,
2026-09-02T03:45:59.981810Z,4664,dc.scaffold.htb,Microsoft-Windows-Security-Auditing,Security,23703,0,,,,,,,C:\Windows\WinSxS\amd64_microsoft.certifica..s.pkiclient.cmdlets_31bf3856ad364e35_10.0.20348.1_none_1b6adbd5d4442860\pki.psd1,,,,,,,C:\Windows\WinSxS\amd64_microsoft.certifica..s.pkiclient.cmdlets_31bf3856ad364e35_10.0.20348.3451_none_3a6ab11a3d79c91c\pki.psd1,,,,,,,,,,,,,,,,,,,SCAFFOLD,0x3e7,DC$,S-1-5-18,,,,,,,,,00000000-0000-0000-0000-000000000000,,
2026-09-02T03:45:59.982501Z,4664,dc.scaffold.htb,Microsoft-Windows-Security-Auditing,Security,23704,0,,,,,,,C:\Windows\WinSxS\amd64_microsoft.certifica..s.pkiclient.cmdlets_31bf3856ad364e35_10.0.20348.1_none_1b6adbd5d4442860\pki.types.ps1xml,,,,,,,C:\Windows\WinSxS\amd64_microsoft.certifica..s.pkiclient.cmdlets_31bf3856ad364e35_10.0.20348.3451_none_3a6ab11a3d79c91c\pki.types.ps1xml,,,,,,,,,,,,,,,,,,,SCAFFOLD,0x3e7,DC$,S-1-5-18,,,,,,,,,00000000-0000-0000-0000-000000000000,,
2026-09-02T03:45:59.984840Z,4664,dc.scaffold.htb,Microsoft-Windows-Security-Auditing,Security,23705,0,,,,,,,C:\Windows\WinSxS\amd64_microsoft.keydistributionservice.cmdlets_31bf3856ad364e35_10.0.20348.1_none_2576017ae3e9c23a\Kds.psd1,,,,,,,C:\Windows\WinSxS\amd64_microsoft.keydistributionservice.cmdlets_31bf3856ad364e35_10.0.20348.5020_none_449e30254d0187da\Kds.psd1,,,,,,,,,,,,,,,,,,,SCAFFOLD,0x3e7,DC$,S-1-5-18,,,,,,,,,00000000-0000-0000-0000-000000000000,,
2026-09-02T03:45:59.986947Z,4664,dc.scaffold.htb,Microsoft-Windows-Security-Auditing,Security,23706,0,,,,,,,C:\Windows\WinSxS\amd64_microsoft.windowsau..nprotocols.commands_31bf3856ad364e35_10.0.20348.1_none_2a2afc34d4897d10\tls.psd1,,,,,,,C:\Windows\WinSxS\amd64_microsoft.windowsau..nprotocols.commands_31bf3856ad364e35_10.0.20348.3451_none_492ad1793dbf1dcc\tls.psd1,,,,,,,,,,,,,,,,,,,SCAFFOLD,0x3e7,DC$,S-1-5-18,,,,,,,,,00000000-0000-0000-0000-000000000000,,
2026-09-02T03:45:59.994310Z,4664,dc.scaffold.htb,Microsoft-Windows-Security-Auditing,Security,23707,0,,,,,,,C:\Windows\WinSxS\amd64_microsoft-windows-charmap_31bf3856ad364e35_10.0.20348.1_none_7bc8bae26d61bd61\bopomofo.uce,,,,,,,C:\Windows\WinSxS\amd64_microsoft-windows-charmap_31bf3856ad364e35_10.0.20348.2849_none_9a9b9806d6b9846b\bopomofo.uce,,,,,,,,,,,,,,,,,,,SCAFFOLD,0x3e7,DC$,S-1-5-18,,,,,,,,,00000000-0000-0000-0000-000000000000,,
2026-09-02T03:45:59.994999Z,4664,dc.scaffold.htb,Microsoft-Windows-Security-Auditing,Security,23708,0,,,,,,,C:\Windows\WinSxS\amd64_microsoft-windows-charmap_31bf3856ad364e35_10.0.20348.1_none_7bc8bae26d61bd61\gb2312.uce,,,,,,,C:\Windows\WinSxS\amd64_microsoft-windows-charmap_31bf3856ad364e35_10.0.20348.2849_none_9a9b9806d6b9846b\gb2312.uce,,,,,,,,,,,,,,,,,,,SCAFFOLD,0x3e7,DC$,S-1-5-18,,,,,,,,,00000000-0000-0000-0000-000000000000,,
2026-09-02T03:45:59.995772Z,4664,dc.scaffold.htb,Microsoft-Windows-Security-Auditing,Security,23709,0,,,,,,,C:\Windows\WinSxS\amd64_microsoft-windows-charmap_31bf3856ad364e35_10.0.20348.1_none_7bc8bae26d61bd61\kanji_1.uce,,,,,,,C:\Windows\WinSxS\amd64_microsoft-windows-charmap_31bf3856ad364e35_10.0.20348.2849_none_9a9b9806d6b9846b\kanji_1.uce,,,,,,,,,,,,,,,,,,,SCAFFOLD,0x3e7,DC$,S-1-5-18,,,,,,,,,00000000-0000-0000-0000-000000000000,,
2026-09-02T03:45:59.996810Z,4664,dc.scaffold.htb,Microsoft-Windows-Security-Auditing,Security,23710,0,,,,,,,C:\Windows\WinSxS\amd64_microsoft-windows-charmap_31bf3856ad364e35_10.0.20348.1_none_7bc8bae26d61bd61\kanji_2.uce,,,,,,,C:\Windows\WinSxS\amd64_microsoft-windows-charmap_31bf3856ad364e35_10.0.20348.2849_none_9a9b9806d6b9846b\kanji_2.uce,,,,,,,,,,,,,,,,,,,SCAFFOLD,0x3e7,DC$,S-1-5-18,,,,,,,,,00000000-0000-0000-0000-000000000000,,
2026-09-02T03:45:59.997439Z,4664,dc.scaffold.htb,Microsoft-Windows-Security-Auditing,Security,23711,0,,,,,,,C:\Windows\WinSxS\amd64_microsoft-windows-charmap_31bf3856ad364e35_10.0.20348.1_none_7bc8bae26d61bd61\korean.uce,,,,,,,C:\Windows\WinSxS\amd64_microsoft-windows-charmap_31bf3856ad364e35_10.0.20348.2849_none_9a9b9806d6b9846b\korean.uce,,,,,,,,,,,,,,,,,,,SCAFFOLD,0x3e7,DC$,S-1-5-18,,,,,,,,,00000000-0000-0000-0000-000000000000,,
2026-09-02T03:45:59.998195Z,4664,dc.scaffold.htb,Microsoft-Windows-Security-Auditing,Security,23712,0,,,,,,,C:\Windows\WinSxS\amd64_microsoft-windows-charmap_31bf3856ad364e35_10.0.20348.1_none_7bc8bae26d61bd61\ShiftJIS.uce,,,,,,,C:\Windows\WinSxS\amd64_microsoft-windows-charmap_31bf3856ad364e35_10.0.20348.2849_none_9a9b9806d6b9846b\ShiftJIS.uce,,,,,,,,,,,,,,,,,,,SCAFFOLD,0x3e7,DC$,S-1-5-18,,,,,,,,,00000000-0000-0000-0000-000000000000,,
2026-09-02T03:45:59.998917Z,4664,dc.scaffold.htb,Microsoft-Windows-Security-Auditing,Security,23713,0,,,,,,,C:\Windows\WinSxS\amd64_microsoft-windows-charmap_31bf3856ad364e35_10.0.20348.1_none_7bc8bae26d61bd61\SubRange.uce,,,,,,,C:\Windows\WinSxS\amd64_microsoft-windows-charmap_31bf3856ad364e35_10.0.20348.2849_none_9a9b9806d6b9846b\SubRange.uce,,,,,,,,,,,,,,,,,,,SCAFFOLD,0x3e7,DC$,S-1-5-18,,,,,,,,,00000000-0000-0000-0000-000000000000,,
2026-09-02T03:45:59.999626Z,4664,dc.scaffold.htb,Microsoft-Windows-Security-Auditing,Security,23714,0,,,,,,,C:\Windows\WinSxS\amd64_microsoft-windows-charmap_31bf3856ad364e35_10.0.20348.1_none_7bc8bae26d61bd61\ideograf.uce,,,,,,,C:\Windows\WinSxS\amd64_microsoft-windows-charmap_31bf3856ad364e35_10.0.20348.2849_none_9a9b9806d6b9846b\ideograf.uce,,,,,,,,,,,,,,,,,,,SCAFFOLD,0x3e7,DC$,S-1-5-18,,,,,,,,,00000000-0000-0000-0000-000000000000,,
2026-09-02T03:46:03.489891Z,4985,dc.scaffold.htb,Microsoft-Windows-Security-Auditing,Security,23715,0,,,,,,,,,,,,,,,,,,,,48,,,,,,,,0x173c,C:\Windows\WinSxS\amd64_microsoft-windows-servicingstack_31bf3856ad364e35_10.0.20348.5480_none_b1d14f82f983de4b\TiWorker.exe,,,DA4CB52F-4F22-11F1-A9A6-8906DE6815CD,SCAFFOLD,0x3e7,DC$,S-1-5-18,,,,,,,,,2BC0690E-A67E-11F1-9937-005056B98D90,,
2026-09-02T03:46:03.574178Z,4985,dc.scaffold.htb,Microsoft-Windows-Security-Auditing,Security,23716,0,,,,,,,,,,,,,,,,,,,,52,,,,,,,,0x173c,C:\Windows\WinSxS\amd64_microsoft-windows-servicingstack_31bf3856ad364e35_10.0.20348.5480_none_b1d14f82f983de4b\TiWorker.exe,,,DA4CB52F-4F22-11F1-A9A6-8906DE6815CD,SCAFFOLD,0x3e7,DC$,S-1-5-18,,,,,,,,,2BC0690E-A67E-11F1-9937-005056B98D90,,
2026-09-02T03:46:04.539046Z,4985,dc.scaffold.htb,Microsoft-Windows-Security-Auditing,Security,23717,0,,,,,,,,,,,,,,,,,,,,48,,,,,,,,0x173c,C:\Windows\WinSxS\amd64_microsoft-windows-servicingstack_31bf3856ad364e35_10.0.20348.5480_none_b1d14f82f983de4b\TiWorker.exe,,,DA4CB52F-4F22-11F1-A9A6-8906DE6815CD,SCAFFOLD,0x3e7,DC$,S-1-5-18,,,,,,,,,2BC0691A-A67E-11F1-9937-005056B98D90,,
2026-09-02T03:46:04.665362Z,4985,dc.scaffold.htb,Microsoft-Windows-Security-Auditing,Security,23718,0,,,,,,,,,,,,,,,,,,,,52,,,,,,,,0x173c,C:\Windows\WinSxS\amd64_microsoft-windows-servicingstack_31bf3856ad364e35_10.0.20348.5480_none_b1d14f82f983de4b\TiWorker.exe,,,DA4CB52F-4F22-11F1-A9A6-8906DE6815CD,SCAFFOLD,0x3e7,DC$,S-1-5-18,,,,,,,,,2BC0691A-A67E-11F1-9937-005056B98D90,,
2026-09-02T03:46:04.788563Z,4985,dc.scaffold.htb,Microsoft-Windows-Security-Auditing,Security,23719,0,,,,,,,,,,,,,,,,,,,,48,,,,,,,,0x173c,C:\Windows\WinSxS\amd64_microsoft-windows-servicingstack_31bf3856ad364e35_10.0.20348.5480_none_b1d14f82f983de4b\TiWorker.exe,,,DA4CB52F-4F22-11F1-A9A6-8906DE6815CD,SCAFFOLD,0x3e7,DC$,S-1-5-18,,,,,,,,,2BC06926-A67E-11F1-9937-005056B98D90,,
2026-09-02T03:46:04.840883Z,4985,dc.scaffold.htb,Microsoft-Windows-Security-Auditing,Security,23720,0,,,,,,,,,,,,,,,,,,,,52,,,,,,,,0x173c,C:\Windows\WinSxS\amd64_microsoft-windows-servicingstack_31bf3856ad364e35_10.0.20348.5480_none_b1d14f82f983de4b\TiWorker.exe,,,DA4CB52F-4F22-11F1-A9A6-8906DE6815CD,SCAFFOLD,0x3e7,DC$,S-1-5-18,,,,,,,,,2BC06926-A67E-11F1-9937-005056B98D90,,
2026-09-02T03:46:05.042286Z,4985,dc.scaffold.htb,Microsoft-Windows-Security-Auditing,Security,23721,0,,,,,,,,,,,,,,,,,,,,48,,,,,,,,0x173c,C:\Windows\WinSxS\amd64_microsoft-windows-servicingstack_31bf3856ad364e35_10.0.20348.5480_none_b1d14f82f983de4b\TiWorker.exe,,,DA4CB52F-4F22-11F1-A9A6-8906DE6815CD,SCAFFOLD,0x3e7,DC$,S-1-5-18,,,,,,,,,2BC06932-A67E-11F1-9937-005056B98D90,,
