2026-09-02T03:21:22.004281Z,4663,dc.scaffold.htb,Microsoft-Windows-Security-Auditing,Security,21643,0,"%%1538
				",0x20000,,,,,,,0x1374,,,,,,,,,,,,,C:\Windows\WinSxS\FileMaps,Security,File,,,,0x870,C:\Windows\WinSxS\amd64_microsoft-windows-servicingstack_31bf3856ad364e35_10.0.20348.557_none_f1edaeb8515fa10d\TiWorker.exe,,S:AI,,SCAFFOLD,0x3e7,DC$,S-1-5-18,,,,,,,,,,,
2026-09-02T03:21:22.004425Z,4663,dc.scaffold.htb,Microsoft-Windows-Security-Auditing,Security,21644,0,"%%1538
				",0x20000,,,,,,,0x1374,,,,,,,,,,,,,C:\Windows\WinSxS\FileMaps,Security,File,,,,0x870,C:\Windows\WinSxS\amd64_microsoft-windows-servicingstack_31bf3856ad364e35_10.0.20348.557_none_f1edaeb8515fa10d\TiWorker.exe,,S:AI,,SCAFFOLD,0x3e7,DC$,S-1-5-18,,,,,,,,,,,
2026-09-02T03:21:22.004672Z,4663,dc.scaffold.htb,Microsoft-Windows-Security-Auditing,Security,21645,0,"%%1537
				",0x10000,,,,,,,0xda4,,,,,,,,,,,,,C:\Windows\WinSxS\FileMaps\$$_microsoft.net_framework_v4.0.30319_wpf_en-us_dc5fd125966afabc.cdf-ms,Security,File,,,,0x870,C:\Windows\WinSxS\amd64_microsoft-windows-servicingstack_31bf3856ad364e35_10.0.20348.557_none_f1edaeb8515fa10d\TiWorker.exe,,S:AI,,SCAFFOLD,0x3e7,DC$,S-1-5-18,,,,,,,,,,,
2026-09-02T03:21:22.004686Z,4660,dc.scaffold.htb,Microsoft-Windows-Security-Auditing,Security,21646,0,,,,,,,,,0xda4,,,,,,,,,,,,,,Security,,,,,0x870,C:\Windows\WinSxS\amd64_microsoft-windows-servicingstack_31bf3856ad364e35_10.0.20348.557_none_f1edaeb8515fa10d\TiWorker.exe,,,,SCAFFOLD,0x3e7,DC$,S-1-5-18,,,,,,,,,C6284384-A67C-11F1-9935-005056B98D90,,
2026-09-02T03:21:22.009784Z,4663,dc.scaffold.htb,Microsoft-Windows-Security-Auditing,Security,21647,0,"%%4417
				",0x2,,,,,,,0x1a88,,,,,,,,,,,,,C:\Windows\WinSxS\FileMaps,Security,File,,,,0x870,C:\Windows\WinSxS\amd64_microsoft-windows-servicingstack_31bf3856ad364e35_10.0.20348.557_none_f1edaeb8515fa10d\TiWorker.exe,,S:AI,,SCAFFOLD,0x3e7,DC$,S-1-5-18,,,,,,,,,,,
2026-09-02T03:21:22.010125Z,4663,dc.scaffold.htb,Microsoft-Windows-Security-Auditing,Security,21648,0,"%%1538
				",0x20000,,,,,,,0xda4,,,,,,,,,,,,,C:\Windows\WinSxS\FileMaps,Security,File,,,,0x870,C:\Windows\WinSxS\amd64_microsoft-windows-servicingstack_31bf3856ad364e35_10.0.20348.557_none_f1edaeb8515fa10d\TiWorker.exe,,S:AI,,SCAFFOLD,0x3e7,DC$,S-1-5-18,,,,,,,,,,,
2026-09-02T03:21:22.010335Z,4663,dc.scaffold.htb,Microsoft-Windows-Security-Auditing,Security,21649,0,"%%1538
				",0x20000,,,,,,,0xda4,,,,,,,,,,,,,C:\Windows\WinSxS\FileMaps,Security,File,,,,0x870,C:\Windows\WinSxS\amd64_microsoft-windows-servicingstack_31bf3856ad364e35_10.0.20348.557_none_f1edaeb8515fa10d\TiWorker.exe,,S:AI,,SCAFFOLD,0x3e7,DC$,S-1-5-18,,,,,,,,,,,
2026-09-02T03:21:22.010611Z,4663,dc.scaffold.htb,Microsoft-Windows-Security-Auditing,Security,21650,0,"%%1537
				",0x10000,,,,,,,0xe38,,,,,,,,,,,,,C:\Windows\WinSxS\FileMaps\$$_microsoft.net_framework_v4.0.30319_nativeimages_7f83bd6ed8241f3a.cdf-ms,Security,File,,,,0x870,C:\Windows\WinSxS\amd64_microsoft-windows-servicingstack_31bf3856ad364e35_10.0.20348.557_none_f1edaeb8515fa10d\TiWorker.exe,,S:AI,,SCAFFOLD,0x3e7,DC$,S-1-5-18,,,,,,,,,,,
2026-09-02T03:21:22.010616Z,4660,dc.scaffold.htb,Microsoft-Windows-Security-Auditing,Security,21651,0,,,,,,,,,0xe38,,,,,,,,,,,,,,Security,,,,,0x870,C:\Windows\WinSxS\amd64_microsoft-windows-servicingstack_31bf3856ad364e35_10.0.20348.557_none_f1edaeb8515fa10d\TiWorker.exe,,,,SCAFFOLD,0x3e7,DC$,S-1-5-18,,,,,,,,,C6284384-A67C-11F1-9935-005056B98D90,,
2026-09-02T03:21:22.013364Z,4663,dc.scaffold.htb,Microsoft-Windows-Security-Auditing,Security,21652,0,"%%4417
				",0x2,,,,,,,0x2064,,,,,,,,,,,,,C:\Windows\WinSxS\FileMaps,Security,File,,,,0x870,C:\Windows\WinSxS\amd64_microsoft-windows-servicingstack_31bf3856ad364e35_10.0.20348.557_none_f1edaeb8515fa10d\TiWorker.exe,,S:AI,,SCAFFOLD,0x3e7,DC$,S-1-5-18,,,,,,,,,,,
2026-09-02T03:21:22.013841Z,4663,dc.scaffold.htb,Microsoft-Windows-Security-Auditing,Security,21653,0,"%%1538
				",0x20000,,,,,,,0xe38,,,,,,,,,,,,,C:\Windows\WinSxS\FileMaps,Security,File,,,,0x870,C:\Windows\WinSxS\amd64_microsoft-windows-servicingstack_31bf3856ad364e35_10.0.20348.557_none_f1edaeb8515fa10d\TiWorker.exe,,S:AI,,SCAFFOLD,0x3e7,DC$,S-1-5-18,,,,,,,,,,,
2026-09-02T03:21:22.013847Z,4663,dc.scaffold.htb,Microsoft-Windows-Security-Auditing,Security,21654,0,"%%1538
				",0x20000,,,,,,,0xe38,,,,,,,,,,,,,C:\Windows\WinSxS\FileMaps,Security,File,,,,0x870,C:\Windows\WinSxS\amd64_microsoft-windows-servicingstack_31bf3856ad364e35_10.0.20348.557_none_f1edaeb8515fa10d\TiWorker.exe,,S:AI,,SCAFFOLD,0x3e7,DC$,S-1-5-18,,,,,,,,,,,
2026-09-02T03:21:22.014058Z,4663,dc.scaffold.htb,Microsoft-Windows-Security-Auditing,Security,21655,0,"%%1537
				",0x10000,,,,,,,0x136c,,,,,,,,,,,,,C:\Windows\WinSxS\FileMaps\$$_microsoft.net_assembly_gac_msil_windowsformsintegration_v4.0_4.0.0.0_31bf3856ad364e35_fa1114fb4b113c6a.cdf-ms,Security,File,,,,0x870,C:\Windows\WinSxS\amd64_microsoft-windows-servicingstack_31bf3856ad364e35_10.0.20348.557_none_f1edaeb8515fa10d\TiWorker.exe,,S:AI,,SCAFFOLD,0x3e7,DC$,S-1-5-18,,,,,,,,,,,
2026-09-02T03:21:22.014062Z,4660,dc.scaffold.htb,Microsoft-Windows-Security-Auditing,Security,21656,0,,,,,,,,,0x136c,,,,,,,,,,,,,,Security,,,,,0x870,C:\Windows\WinSxS\amd64_microsoft-windows-servicingstack_31bf3856ad364e35_10.0.20348.557_none_f1edaeb8515fa10d\TiWorker.exe,,,,SCAFFOLD,0x3e7,DC$,S-1-5-18,,,,,,,,,C6284384-A67C-11F1-9935-005056B98D90,,
2026-09-02T03:21:22.016516Z,4663,dc.scaffold.htb,Microsoft-Windows-Security-Auditing,Security,21657,0,"%%4417
				",0x2,,,,,,,0x2064,,,,,,,,,,,,,C:\Windows\WinSxS\FileMaps,Security,File,,,,0x870,C:\Windows\WinSxS\amd64_microsoft-windows-servicingstack_31bf3856ad364e35_10.0.20348.557_none_f1edaeb8515fa10d\TiWorker.exe,,S:AI,,SCAFFOLD,0x3e7,DC$,S-1-5-18,,,,,,,,,,,
2026-09-02T03:21:22.016799Z,4663,dc.scaffold.htb,Microsoft-Windows-Security-Auditing,Security,21658,0,"%%1538
				",0x20000,,,,,,,0x136c,,,,,,,,,,,,,C:\Windows\WinSxS\FileMaps,Security,File,,,,0x870,C:\Windows\WinSxS\amd64_microsoft-windows-servicingstack_31bf3856ad364e35_10.0.20348.557_none_f1edaeb8515fa10d\TiWorker.exe,,S:AI,,SCAFFOLD,0x3e7,DC$,S-1-5-18,,,,,,,,,,,
2026-09-02T03:21:22.016950Z,4663,dc.scaffold.htb,Microsoft-Windows-Security-Auditing,Security,21659,0,"%%1538
				",0x20000,,,,,,,0x136c,,,,,,,,,,,,,C:\Windows\WinSxS\FileMaps,Security,File,,,,0x870,C:\Windows\WinSxS\amd64_microsoft-windows-servicingstack_31bf3856ad364e35_10.0.20348.557_none_f1edaeb8515fa10d\TiWorker.exe,,S:AI,,SCAFFOLD,0x3e7,DC$,S-1-5-18,,,,,,,,,,,
2026-09-02T03:21:22.017164Z,4663,dc.scaffold.htb,Microsoft-Windows-Security-Auditing,Security,21660,0,"%%1537
				",0x10000,,,,,,,0x1374,,,,,,,,,,,,,C:\Windows\WinSxS\FileMaps\$$_microsoft.net_assembly_gac_msil_windowsbase_v4.0_4.0.0.0_31bf3856ad364e35_5764ca98829cd598.cdf-ms,Security,File,,,,0x870,C:\Windows\WinSxS\amd64_microsoft-windows-servicingstack_31bf3856ad364e35_10.0.20348.557_none_f1edaeb8515fa10d\TiWorker.exe,,S:AI,,SCAFFOLD,0x3e7,DC$,S-1-5-18,,,,,,,,,,,
2026-09-02T03:21:22.017189Z,4660,dc.scaffold.htb,Microsoft-Windows-Security-Auditing,Security,21661,0,,,,,,,,,0x1374,,,,,,,,,,,,,,Security,,,,,0x870,C:\Windows\WinSxS\amd64_microsoft-windows-servicingstack_31bf3856ad364e35_10.0.20348.557_none_f1edaeb8515fa10d\TiWorker.exe,,,,SCAFFOLD,0x3e7,DC$,S-1-5-18,,,,,,,,,C6284384-A67C-11F1-9935-005056B98D90,,
2026-09-02T03:21:22.019255Z,4663,dc.scaffold.htb,Microsoft-Windows-Security-Auditing,Security,21662,0,"%%4417
				",0x2,,,,,,,0x2064,,,,,,,,,,,,,C:\Windows\WinSxS\FileMaps,Security,File,,,,0x870,C:\Windows\WinSxS\amd64_microsoft-windows-servicingstack_31bf3856ad364e35_10.0.20348.557_none_f1edaeb8515fa10d\TiWorker.exe,,S:AI,,SCAFFOLD,0x3e7,DC$,S-1-5-18,,,,,,,,,,,
2026-09-02T03:21:22.019522Z,4663,dc.scaffold.htb,Microsoft-Windows-Security-Auditing,Security,21663,0,"%%1538
				",0x20000,,,,,,,0x1374,,,,,,,,,,,,,C:\Windows\WinSxS\FileMaps,Security,File,,,,0x870,C:\Windows\WinSxS\amd64_microsoft-windows-servicingstack_31bf3856ad364e35_10.0.20348.557_none_f1edaeb8515fa10d\TiWorker.exe,,S:AI,,SCAFFOLD,0x3e7,DC$,S-1-5-18,,,,,,,,,,,
2026-09-02T03:21:22.019669Z,4663,dc.scaffold.htb,Microsoft-Windows-Security-Auditing,Security,21664,0,"%%1538
				",0x20000,,,,,,,0x1374,,,,,,,,,,,,,C:\Windows\WinSxS\FileMaps,Security,File,,,,0x870,C:\Windows\WinSxS\amd64_microsoft-windows-servicingstack_31bf3856ad364e35_10.0.20348.557_none_f1edaeb8515fa10d\TiWorker.exe,,S:AI,,SCAFFOLD,0x3e7,DC$,S-1-5-18,,,,,,,,,,,
2026-09-02T03:21:22.019879Z,4663,dc.scaffold.htb,Microsoft-Windows-Security-Auditing,Security,21665,0,"%%1537
				",0x10000,,,,,,,0xe38,,,,,,,,,,,,,C:\Windows\WinSxS\FileMaps\$$_microsoft.net_assembly_gac_msil_uiautomationtypes_v4.0_4.0.0.0_31bf3856ad364e35_1f12bec8f88f4450.cdf-ms,Security,File,,,,0x870,C:\Windows\WinSxS\amd64_microsoft-windows-servicingstack_31bf3856ad364e35_10.0.20348.557_none_f1edaeb8515fa10d\TiWorker.exe,,S:AI,,SCAFFOLD,0x3e7,DC$,S-1-5-18,,,,,,,,,,,
2026-09-02T03:21:22.019891Z,4660,dc.scaffold.htb,Microsoft-Windows-Security-Auditing,Security,21666,0,,,,,,,,,0xe38,,,,,,,,,,,,,,Security,,,,,0x870,C:\Windows\WinSxS\amd64_microsoft-windows-servicingstack_31bf3856ad364e35_10.0.20348.557_none_f1edaeb8515fa10d\TiWorker.exe,,,,SCAFFOLD,0x3e7,DC$,S-1-5-18,,,,,,,,,C6284384-A67C-11F1-9935-005056B98D90,,
2026-09-02T03:21:22.022270Z,4663,dc.scaffold.htb,Microsoft-Windows-Security-Auditing,Security,21667,0,"%%4417
				",0x2,,,,,,,0x2064,,,,,,,,,,,,,C:\Windows\WinSxS\FileMaps,Security,File,,,,0x870,C:\Windows\WinSxS\amd64_microsoft-windows-servicingstack_31bf3856ad364e35_10.0.20348.557_none_f1edaeb8515fa10d\TiWorker.exe,,S:AI,,SCAFFOLD,0x3e7,DC$,S-1-5-18,,,,,,,,,,,
2026-09-02T03:21:22.022540Z,4663,dc.scaffold.htb,Microsoft-Windows-Security-Auditing,Security,21668,0,"%%1538
				",0x20000,,,,,,,0xe38,,,,,,,,,,,,,C:\Windows\WinSxS\FileMaps,Security,File,,,,0x870,C:\Windows\WinSxS\amd64_microsoft-windows-servicingstack_31bf3856ad364e35_10.0.20348.557_none_f1edaeb8515fa10d\TiWorker.exe,,S:AI,,SCAFFOLD,0x3e7,DC$,S-1-5-18,,,,,,,,,,,
2026-09-02T03:21:22.022686Z,4663,dc.scaffold.htb,Microsoft-Windows-Security-Auditing,Security,21669,0,"%%1538
				",0x20000,,,,,,,0xe38,,,,,,,,,,,,,C:\Windows\WinSxS\FileMaps,Security,File,,,,0x870,C:\Windows\WinSxS\amd64_microsoft-windows-servicingstack_31bf3856ad364e35_10.0.20348.557_none_f1edaeb8515fa10d\TiWorker.exe,,S:AI,,SCAFFOLD,0x3e7,DC$,S-1-5-18,,,,,,,,,,,
2026-09-02T03:21:22.022897Z,4663,dc.scaffold.htb,Microsoft-Windows-Security-Auditing,Security,21670,0,"%%1537
				",0x10000,,,,,,,0x136c,,,,,,,,,,,,,C:\Windows\WinSxS\FileMaps\$$_microsoft.net_assembly_gac_msil_uiautomationprovider_v4.0_4.0.0.0_31bf3856ad364e35_6bb637099f04ee2c.cdf-ms,Security,File,,,,0x870,C:\Windows\WinSxS\amd64_microsoft-windows-servicingstack_31bf3856ad364e35_10.0.20348.557_none_f1edaeb8515fa10d\TiWorker.exe,,S:AI,,SCAFFOLD,0x3e7,DC$,S-1-5-18,,,,,,,,,,,
2026-09-02T03:21:22.022909Z,4660,dc.scaffold.htb,Microsoft-Windows-Security-Auditing,Security,21671,0,,,,,,,,,0x136c,,,,,,,,,,,,,,Security,,,,,0x870,C:\Windows\WinSxS\amd64_microsoft-windows-servicingstack_31bf3856ad364e35_10.0.20348.557_none_f1edaeb8515fa10d\TiWorker.exe,,,,SCAFFOLD,0x3e7,DC$,S-1-5-18,,,,,,,,,C6284384-A67C-11F1-9935-005056B98D90,,
2026-09-02T03:21:22.025329Z,4663,dc.scaffold.htb,Microsoft-Windows-Security-Auditing,Security,21672,0,"%%4417
				",0x2,,,,,,,0x2064,,,,,,,,,,,,,C:\Windows\WinSxS\FileMaps,Security,File,,,,0x870,C:\Windows\WinSxS\amd64_microsoft-windows-servicingstack_31bf3856ad364e35_10.0.20348.557_none_f1edaeb8515fa10d\TiWorker.exe,,S:AI,,SCAFFOLD,0x3e7,DC$,S-1-5-18,,,,,,,,,,,
2026-09-02T03:21:22.025601Z,4663,dc.scaffold.htb,Microsoft-Windows-Security-Auditing,Security,21673,0,"%%1538
				",0x20000,,,,,,,0x136c,,,,,,,,,,,,,C:\Windows\WinSxS\FileMaps,Security,File,,,,0x870,C:\Windows\WinSxS\amd64_microsoft-windows-servicingstack_31bf3856ad364e35_10.0.20348.557_none_f1edaeb8515fa10d\TiWorker.exe,,S:AI,,SCAFFOLD,0x3e7,DC$,S-1-5-18,,,,,,,,,,,
2026-09-02T03:21:22.025749Z,4663,dc.scaffold.htb,Microsoft-Windows-Security-Auditing,Security,21674,0,"%%1538
				",0x20000,,,,,,,0x136c,,,,,,,,,,,,,C:\Windows\WinSxS\FileMaps,Security,File,,,,0x870,C:\Windows\WinSxS\amd64_microsoft-windows-servicingstack_31bf3856ad364e35_10.0.20348.557_none_f1edaeb8515fa10d\TiWorker.exe,,S:AI,,SCAFFOLD,0x3e7,DC$,S-1-5-18,,,,,,,,,,,
2026-09-02T03:21:22.025980Z,4663,dc.scaffold.htb,Microsoft-Windows-Security-Auditing,Security,21675,0,"%%1537
				",0x10000,,,,,,,0x1374,,,,,,,,,,,,,C:\Windows\WinSxS\FileMaps\$$_microsoft.net_assembly_gac_msil_uiautomationclientsideproviders_v4.0_4.0.0.0_31bf3856ad364e35_6944991d7b306f0d.cdf-ms,Security,File,,,,0x870,C:\Windows\WinSxS\amd64_microsoft-windows-servicingstack_31bf3856ad364e35_10.0.20348.557_none_f1edaeb8515fa10d\TiWorker.exe,,S:AI,,SCAFFOLD,0x3e7,DC$,S-1-5-18,,,,,,,,,,,
2026-09-02T03:21:22.025997Z,4660,dc.scaffold.htb,Microsoft-Windows-Security-Auditing,Security,21676,0,,,,,,,,,0x1374,,,,,,,,,,,,,,Security,,,,,0x870,C:\Windows\WinSxS\amd64_microsoft-windows-servicingstack_31bf3856ad364e35_10.0.20348.557_none_f1edaeb8515fa10d\TiWorker.exe,,,,SCAFFOLD,0x3e7,DC$,S-1-5-18,,,,,,,,,C6284384-A67C-11F1-9935-005056B98D90,,
2026-09-02T03:21:22.029037Z,4663,dc.scaffold.htb,Microsoft-Windows-Security-Auditing,Security,21677,0,"%%4417
				",0x2,,,,,,,0x2064,,,,,,,,,,,,,C:\Windows\WinSxS\FileMaps,Security,File,,,,0x870,C:\Windows\WinSxS\amd64_microsoft-windows-servicingstack_31bf3856ad364e35_10.0.20348.557_none_f1edaeb8515fa10d\TiWorker.exe,,S:AI,,SCAFFOLD,0x3e7,DC$,S-1-5-18,,,,,,,,,,,
2026-09-02T03:21:22.029045Z,4663,dc.scaffold.htb,Microsoft-Windows-Security-Auditing,Security,21678,0,"%%1538
				",0x20000,,,,,,,0x1374,,,,,,,,,,,,,C:\Windows\WinSxS\FileMaps,Security,File,,,,0x870,C:\Windows\WinSxS\amd64_microsoft-windows-servicingstack_31bf3856ad364e35_10.0.20348.557_none_f1edaeb8515fa10d\TiWorker.exe,,S:AI,,SCAFFOLD,0x3e7,DC$,S-1-5-18,,,,,,,,,,,
2026-09-02T03:21:22.029052Z,4663,dc.scaffold.htb,Microsoft-Windows-Security-Auditing,Security,21679,0,"%%1538
				",0x20000,,,,,,,0x1374,,,,,,,,,,,,,C:\Windows\WinSxS\FileMaps,Security,File,,,,0x870,C:\Windows\WinSxS\amd64_microsoft-windows-servicingstack_31bf3856ad364e35_10.0.20348.557_none_f1edaeb8515fa10d\TiWorker.exe,,S:AI,,SCAFFOLD,0x3e7,DC$,S-1-5-18,,,,,,,,,,,
2026-09-02T03:21:22.029058Z,4663,dc.scaffold.htb,Microsoft-Windows-Security-Auditing,Security,21680,0,"%%1537
				",0x10000,,,,,,,0xe38,,,,,,,,,,,,,C:\Windows\WinSxS\FileMaps\$$_microsoft.net_assembly_gac_msil_uiautomationclient_v4.0_4.0.0.0_31bf3856ad364e35_35816ba0d06901c4.cdf-ms,Security,File,,,,0x870,C:\Windows\WinSxS\amd64_microsoft-windows-servicingstack_31bf3856ad364e35_10.0.20348.557_none_f1edaeb8515fa10d\TiWorker.exe,,S:AI,,SCAFFOLD,0x3e7,DC$,S-1-5-18,,,,,,,,,,,
2026-09-02T03:21:22.029063Z,4660,dc.scaffold.htb,Microsoft-Windows-Security-Auditing,Security,21681,0,,,,,,,,,0xe38,,,,,,,,,,,,,,Security,,,,,0x870,C:\Windows\WinSxS\amd64_microsoft-windows-servicingstack_31bf3856ad364e35_10.0.20348.557_none_f1edaeb8515fa10d\TiWorker.exe,,,,SCAFFOLD,0x3e7,DC$,S-1-5-18,,,,,,,,,C6284384-A67C-11F1-9935-005056B98D90,,
2026-09-02T03:21:22.032093Z,4663,dc.scaffold.htb,Microsoft-Windows-Security-Auditing,Security,21682,0,"%%4417
				",0x2,,,,,,,0x2064,,,,,,,,,,,,,C:\Windows\WinSxS\FileMaps,Security,File,,,,0x870,C:\Windows\WinSxS\amd64_microsoft-windows-servicingstack_31bf3856ad364e35_10.0.20348.557_none_f1edaeb8515fa10d\TiWorker.exe,,S:AI,,SCAFFOLD,0x3e7,DC$,S-1-5-18,,,,,,,,,,,
2026-09-02T03:21:22.033321Z,4663,dc.scaffold.htb,Microsoft-Windows-Security-Auditing,Security,21683,0,"%%1538
				",0x20000,,,,,,,0xe38,,,,,,,,,,,,,C:\Windows\WinSxS\FileMaps,Security,File,,,,0x870,C:\Windows\WinSxS\amd64_microsoft-windows-servicingstack_31bf3856ad364e35_10.0.20348.557_none_f1edaeb8515fa10d\TiWorker.exe,,S:AI,,SCAFFOLD,0x3e7,DC$,S-1-5-18,,,,,,,,,,,
2026-09-02T03:21:22.033329Z,4663,dc.scaffold.htb,Microsoft-Windows-Security-Auditing,Security,21684,0,"%%1538
				",0x20000,,,,,,,0xe38,,,,,,,,,,,,,C:\Windows\WinSxS\FileMaps,Security,File,,,,0x870,C:\Windows\WinSxS\amd64_microsoft-windows-servicingstack_31bf3856ad364e35_10.0.20348.557_none_f1edaeb8515fa10d\TiWorker.exe,,S:AI,,SCAFFOLD,0x3e7,DC$,S-1-5-18,,,,,,,,,,,
2026-09-02T03:21:22.033336Z,4663,dc.scaffold.htb,Microsoft-Windows-Security-Auditing,Security,21685,0,"%%1537
				",0x10000,,,,,,,0x136c,,,,,,,,,,,,,C:\Windows\WinSxS\FileMaps\$$_microsoft.net_assembly_gac_msil_system.xml_v4.0_4.0.0.0_b77a5c561934e089_ec23d9a7ad53e8b2.cdf-ms,Security,File,,,,0x870,C:\Windows\WinSxS\amd64_microsoft-windows-servicingstack_31bf3856ad364e35_10.0.20348.557_none_f1edaeb8515fa10d\TiWorker.exe,,S:AI,,SCAFFOLD,0x3e7,DC$,S-1-5-18,,,,,,,,,,,
2026-09-02T03:21:22.033341Z,4660,dc.scaffold.htb,Microsoft-Windows-Security-Auditing,Security,21686,0,,,,,,,,,0x136c,,,,,,,,,,,,,,Security,,,,,0x870,C:\Windows\WinSxS\amd64_microsoft-windows-servicingstack_31bf3856ad364e35_10.0.20348.557_none_f1edaeb8515fa10d\TiWorker.exe,,,,SCAFFOLD,0x3e7,DC$,S-1-5-18,,,,,,,,,C6284384-A67C-11F1-9935-005056B98D90,,
2026-09-02T03:21:22.035551Z,4663,dc.scaffold.htb,Microsoft-Windows-Security-Auditing,Security,21687,0,"%%4417
				",0x2,,,,,,,0x2064,,,,,,,,,,,,,C:\Windows\WinSxS\FileMaps,Security,File,,,,0x870,C:\Windows\WinSxS\amd64_microsoft-windows-servicingstack_31bf3856ad364e35_10.0.20348.557_none_f1edaeb8515fa10d\TiWorker.exe,,S:AI,,SCAFFOLD,0x3e7,DC$,S-1-5-18,,,,,,,,,,,
2026-09-02T03:21:22.035819Z,4663,dc.scaffold.htb,Microsoft-Windows-Security-Auditing,Security,21688,0,"%%1538
				",0x20000,,,,,,,0x136c,,,,,,,,,,,,,C:\Windows\WinSxS\FileMaps,Security,File,,,,0x870,C:\Windows\WinSxS\amd64_microsoft-windows-servicingstack_31bf3856ad364e35_10.0.20348.557_none_f1edaeb8515fa10d\TiWorker.exe,,S:AI,,SCAFFOLD,0x3e7,DC$,S-1-5-18,,,,,,,,,,,
2026-09-02T03:21:22.035899Z,4663,dc.scaffold.htb,Microsoft-Windows-Security-Auditing,Security,21689,0,"%%1538
				",0x20000,,,,,,,0x136c,,,,,,,,,,,,,C:\Windows\WinSxS\FileMaps,Security,File,,,,0x870,C:\Windows\WinSxS\amd64_microsoft-windows-servicingstack_31bf3856ad364e35_10.0.20348.557_none_f1edaeb8515fa10d\TiWorker.exe,,S:AI,,SCAFFOLD,0x3e7,DC$,S-1-5-18,,,,,,,,,,,
2026-09-02T03:21:22.036117Z,4663,dc.scaffold.htb,Microsoft-Windows-Security-Auditing,Security,21690,0,"%%1537
				",0x10000,,,,,,,0x1374,,,,,,,,,,,,,C:\Windows\WinSxS\FileMaps\$$_microsoft.net_assembly_gac_msil_system.xaml_v4.0_4.0.0.0_b77a5c561934e089_6747aba031bff5b1.cdf-ms,Security,File,,,,0x870,C:\Windows\WinSxS\amd64_microsoft-windows-servicingstack_31bf3856ad364e35_10.0.20348.557_none_f1edaeb8515fa10d\TiWorker.exe,,S:AI,,SCAFFOLD,0x3e7,DC$,S-1-5-18,,,,,,,,,,,
2026-09-02T03:21:22.036135Z,4660,dc.scaffold.htb,Microsoft-Windows-Security-Auditing,Security,21691,0,,,,,,,,,0x1374,,,,,,,,,,,,,,Security,,,,,0x870,C:\Windows\WinSxS\amd64_microsoft-windows-servicingstack_31bf3856ad364e35_10.0.20348.557_none_f1edaeb8515fa10d\TiWorker.exe,,,,SCAFFOLD,0x3e7,DC$,S-1-5-18,,,,,,,,,C6284384-A67C-11F1-9935-005056B98D90,,
2026-09-02T03:21:22.040650Z,4663,dc.scaffold.htb,Microsoft-Windows-Security-Auditing,Security,21692,0,"%%4417
				",0x2,,,,,,,0x2064,,,,,,,,,,,,,C:\Windows\WinSxS\FileMaps,Security,File,,,,0x870,C:\Windows\WinSxS\amd64_microsoft-windows-servicingstack_31bf3856ad364e35_10.0.20348.557_none_f1edaeb8515fa10d\TiWorker.exe,,S:AI,,SCAFFOLD,0x3e7,DC$,S-1-5-18,,,,,,,,,,,
2026-09-02T03:21:22.040931Z,4663,dc.scaffold.htb,Microsoft-Windows-Security-Auditing,Security,21693,0,"%%1538
				",0x20000,,,,,,,0x1374,,,,,,,,,,,,,C:\Windows\WinSxS\FileMaps,Security,File,,,,0x870,C:\Windows\WinSxS\amd64_microsoft-windows-servicingstack_31bf3856ad364e35_10.0.20348.557_none_f1edaeb8515fa10d\TiWorker.exe,,S:AI,,SCAFFOLD,0x3e7,DC$,S-1-5-18,,,,,,,,,,,
2026-09-02T03:21:22.041091Z,4663,dc.scaffold.htb,Microsoft-Windows-Security-Auditing,Security,21694,0,"%%1538
				",0x20000,,,,,,,0x1374,,,,,,,,,,,,,C:\Windows\WinSxS\FileMaps,Security,File,,,,0x870,C:\Windows\WinSxS\amd64_microsoft-windows-servicingstack_31bf3856ad364e35_10.0.20348.557_none_f1edaeb8515fa10d\TiWorker.exe,,S:AI,,SCAFFOLD,0x3e7,DC$,S-1-5-18,,,,,,,,,,,
2026-09-02T03:21:22.041305Z,4663,dc.scaffold.htb,Microsoft-Windows-Security-Auditing,Security,21695,0,"%%1537
				",0x10000,,,,,,,0xe38,,,,,,,,,,,,,C:\Windows\WinSxS\FileMaps\$$_microsoft.net_assembly_gac_msil_system.windows.forms_v4.0_4.0.0.0_b77a5c561934e089_7780f78ea9286b2d.cdf-ms,Security,File,,,,0x870,C:\Windows\WinSxS\amd64_microsoft-windows-servicingstack_31bf3856ad364e35_10.0.20348.557_none_f1edaeb8515fa10d\TiWorker.exe,,S:AI,,SCAFFOLD,0x3e7,DC$,S-1-5-18,,,,,,,,,,,
2026-09-02T03:21:22.041317Z,4660,dc.scaffold.htb,Microsoft-Windows-Security-Auditing,Security,21696,0,,,,,,,,,0xe38,,,,,,,,,,,,,,Security,,,,,0x870,C:\Windows\WinSxS\amd64_microsoft-windows-servicingstack_31bf3856ad364e35_10.0.20348.557_none_f1edaeb8515fa10d\TiWorker.exe,,,,SCAFFOLD,0x3e7,DC$,S-1-5-18,,,,,,,,,C6284384-A67C-11F1-9935-005056B98D90,,
2026-09-02T03:21:22.043977Z,4663,dc.scaffold.htb,Microsoft-Windows-Security-Auditing,Security,21697,0,"%%4417
				",0x2,,,,,,,0x2064,,,,,,,,,,,,,C:\Windows\WinSxS\FileMaps,Security,File,,,,0x870,C:\Windows\WinSxS\amd64_microsoft-windows-servicingstack_31bf3856ad364e35_10.0.20348.557_none_f1edaeb8515fa10d\TiWorker.exe,,S:AI,,SCAFFOLD,0x3e7,DC$,S-1-5-18,,,,,,,,,,,
2026-09-02T03:21:22.044260Z,4663,dc.scaffold.htb,Microsoft-Windows-Security-Auditing,Security,21698,0,"%%1538
				",0x20000,,,,,,,0xe38,,,,,,,,,,,,,C:\Windows\WinSxS\FileMaps,Security,File,,,,0x870,C:\Windows\WinSxS\amd64_microsoft-windows-servicingstack_31bf3856ad364e35_10.0.20348.557_none_f1edaeb8515fa10d\TiWorker.exe,,S:AI,,SCAFFOLD,0x3e7,DC$,S-1-5-18,,,,,,,,,,,
2026-09-02T03:21:22.044407Z,4663,dc.scaffold.htb,Microsoft-Windows-Security-Auditing,Security,21699,0,"%%1538
				",0x20000,,,,,,,0xe38,,,,,,,,,,,,,C:\Windows\WinSxS\FileMaps,Security,File,,,,0x870,C:\Windows\WinSxS\amd64_microsoft-windows-servicingstack_31bf3856ad364e35_10.0.20348.557_none_f1edaeb8515fa10d\TiWorker.exe,,S:AI,,SCAFFOLD,0x3e7,DC$,S-1-5-18,,,,,,,,,,,
2026-09-02T03:21:22.044646Z,4663,dc.scaffold.htb,Microsoft-Windows-Security-Auditing,Security,21700,0,"%%1537
				",0x10000,,,,,,,0x136c,,,,,,,,,,,,,C:\Windows\WinSxS\FileMaps\$$_microsoft.net_assembly_gac_msil_system.windows.controls.ribbon_v4.0_4.0.0.0_b77a5c561934e089_f0c023acb7bafe74.cdf-ms,Security,File,,,,0x870,C:\Windows\WinSxS\amd64_microsoft-windows-servicingstack_31bf3856ad364e35_10.0.20348.557_none_f1edaeb8515fa10d\TiWorker.exe,,S:AI,,SCAFFOLD,0x3e7,DC$,S-1-5-18,,,,,,,,,,,
2026-09-02T03:21:22.044650Z,4660,dc.scaffold.htb,Microsoft-Windows-Security-Auditing,Security,21701,0,,,,,,,,,0x136c,,,,,,,,,,,,,,Security,,,,,0x870,C:\Windows\WinSxS\amd64_microsoft-windows-servicingstack_31bf3856ad364e35_10.0.20348.557_none_f1edaeb8515fa10d\TiWorker.exe,,,,SCAFFOLD,0x3e7,DC$,S-1-5-18,,,,,,,,,C6284384-A67C-11F1-9935-005056B98D90,,
2026-09-02T03:21:22.046820Z,4663,dc.scaffold.htb,Microsoft-Windows-Security-Auditing,Security,21702,0,"%%4417
				",0x2,,,,,,,0x2064,,,,,,,,,,,,,C:\Windows\WinSxS\FileMaps,Security,File,,,,0x870,C:\Windows\WinSxS\amd64_microsoft-windows-servicingstack_31bf3856ad364e35_10.0.20348.557_none_f1edaeb8515fa10d\TiWorker.exe,,S:AI,,SCAFFOLD,0x3e7,DC$,S-1-5-18,,,,,,,,,,,
2026-09-02T03:21:22.047182Z,4663,dc.scaffold.htb,Microsoft-Windows-Security-Auditing,Security,21703,0,"%%1538
				",0x20000,,,,,,,0x136c,,,,,,,,,,,,,C:\Windows\WinSxS\FileMaps,Security,File,,,,0x870,C:\Windows\WinSxS\amd64_microsoft-windows-servicingstack_31bf3856ad364e35_10.0.20348.557_none_f1edaeb8515fa10d\TiWorker.exe,,S:AI,,SCAFFOLD,0x3e7,DC$,S-1-5-18,,,,,,,,,,,
2026-09-02T03:21:22.047336Z,4663,dc.scaffold.htb,Microsoft-Windows-Security-Auditing,Security,21704,0,"%%1538
				",0x20000,,,,,,,0x136c,,,,,,,,,,,,,C:\Windows\WinSxS\FileMaps,Security,File,,,,0x870,C:\Windows\WinSxS\amd64_microsoft-windows-servicingstack_31bf3856ad364e35_10.0.20348.557_none_f1edaeb8515fa10d\TiWorker.exe,,S:AI,,SCAFFOLD,0x3e7,DC$,S-1-5-18,,,,,,,,,,,
2026-09-02T03:21:22.047556Z,4663,dc.scaffold.htb,Microsoft-Windows-Security-Auditing,Security,21705,0,"%%1537
				",0x10000,,,,,,,0x1374,,,,,,,,,,,,,C:\Windows\WinSxS\FileMaps\$$_microsoft.net_assembly_gac_msil_system.web.extensions_v4.0_4.0.0.0_31bf3856ad364e35_472dc08bcbe9e0cb.cdf-ms,Security,File,,,,0x870,C:\Windows\WinSxS\amd64_microsoft-windows-servicingstack_31bf3856ad364e35_10.0.20348.557_none_f1edaeb8515fa10d\TiWorker.exe,,S:AI,,SCAFFOLD,0x3e7,DC$,S-1-5-18,,,,,,,,,,,
2026-09-02T03:21:22.047573Z,4660,dc.scaffold.htb,Microsoft-Windows-Security-Auditing,Security,21706,0,,,,,,,,,0x1374,,,,,,,,,,,,,,Security,,,,,0x870,C:\Windows\WinSxS\amd64_microsoft-windows-servicingstack_31bf3856ad364e35_10.0.20348.557_none_f1edaeb8515fa10d\TiWorker.exe,,,,SCAFFOLD,0x3e7,DC$,S-1-5-18,,,,,,,,,C6284384-A67C-11F1-9935-005056B98D90,,
2026-09-02T03:21:22.049973Z,4663,dc.scaffold.htb,Microsoft-Windows-Security-Auditing,Security,21707,0,"%%4417
				",0x2,,,,,,,0x2064,,,,,,,,,,,,,C:\Windows\WinSxS\FileMaps,Security,File,,,,0x870,C:\Windows\WinSxS\amd64_microsoft-windows-servicingstack_31bf3856ad364e35_10.0.20348.557_none_f1edaeb8515fa10d\TiWorker.exe,,S:AI,,SCAFFOLD,0x3e7,DC$,S-1-5-18,,,,,,,,,,,
2026-09-02T03:21:22.050258Z,4663,dc.scaffold.htb,Microsoft-Windows-Security-Auditing,Security,21708,0,"%%1538
				",0x20000,,,,,,,0x1374,,,,,,,,,,,,,C:\Windows\WinSxS\FileMaps,Security,File,,,,0x870,C:\Windows\WinSxS\amd64_microsoft-windows-servicingstack_31bf3856ad364e35_10.0.20348.557_none_f1edaeb8515fa10d\TiWorker.exe,,S:AI,,SCAFFOLD,0x3e7,DC$,S-1-5-18,,,,,,,,,,,
2026-09-02T03:21:22.050475Z,4663,dc.scaffold.htb,Microsoft-Windows-Security-Auditing,Security,21709,0,"%%1538
				",0x20000,,,,,,,0x1374,,,,,,,,,,,,,C:\Windows\WinSxS\FileMaps,Security,File,,,,0x870,C:\Windows\WinSxS\amd64_microsoft-windows-servicingstack_31bf3856ad364e35_10.0.20348.557_none_f1edaeb8515fa10d\TiWorker.exe,,S:AI,,SCAFFOLD,0x3e7,DC$,S-1-5-18,,,,,,,,,,,
2026-09-02T03:21:22.050737Z,4663,dc.scaffold.htb,Microsoft-Windows-Security-Auditing,Security,21710,0,"%%1537
				",0x10000,,,,,,,0xe38,,,,,,,,,,,,,C:\Windows\WinSxS\FileMaps\$$_microsoft.net_assembly_gac_msil_system.web.applicationservices_v4.0_4.0.0.0_31bf3856ad364e35_68ccda43ca2f1ddf.cdf-ms,Security,File,,,,0x870,C:\Windows\WinSxS\amd64_microsoft-windows-servicingstack_31bf3856ad364e35_10.0.20348.557_none_f1edaeb8515fa10d\TiWorker.exe,,S:AI,,SCAFFOLD,0x3e7,DC$,S-1-5-18,,,,,,,,,,,
2026-09-02T03:21:22.050788Z,4660,dc.scaffold.htb,Microsoft-Windows-Security-Auditing,Security,21711,0,,,,,,,,,0xe38,,,,,,,,,,,,,,Security,,,,,0x870,C:\Windows\WinSxS\amd64_microsoft-windows-servicingstack_31bf3856ad364e35_10.0.20348.557_none_f1edaeb8515fa10d\TiWorker.exe,,,,SCAFFOLD,0x3e7,DC$,S-1-5-18,,,,,,,,,C6284384-A67C-11F1-9935-005056B98D90,,
2026-09-02T03:21:22.053276Z,4663,dc.scaffold.htb,Microsoft-Windows-Security-Auditing,Security,21712,0,"%%4417
				",0x2,,,,,,,0x2064,,,,,,,,,,,,,C:\Windows\WinSxS\FileMaps,Security,File,,,,0x870,C:\Windows\WinSxS\amd64_microsoft-windows-servicingstack_31bf3856ad364e35_10.0.20348.557_none_f1edaeb8515fa10d\TiWorker.exe,,S:AI,,SCAFFOLD,0x3e7,DC$,S-1-5-18,,,,,,,,,,,
2026-09-02T03:21:22.053548Z,4663,dc.scaffold.htb,Microsoft-Windows-Security-Auditing,Security,21713,0,"%%1538
				",0x20000,,,,,,,0xe38,,,,,,,,,,,,,C:\Windows\WinSxS\FileMaps,Security,File,,,,0x870,C:\Windows\WinSxS\amd64_microsoft-windows-servicingstack_31bf3856ad364e35_10.0.20348.557_none_f1edaeb8515fa10d\TiWorker.exe,,S:AI,,SCAFFOLD,0x3e7,DC$,S-1-5-18,,,,,,,,,,,
2026-09-02T03:21:22.053698Z,4663,dc.scaffold.htb,Microsoft-Windows-Security-Auditing,Security,21714,0,"%%1538
				",0x20000,,,,,,,0xe38,,,,,,,,,,,,,C:\Windows\WinSxS\FileMaps,Security,File,,,,0x870,C:\Windows\WinSxS\amd64_microsoft-windows-servicingstack_31bf3856ad364e35_10.0.20348.557_none_f1edaeb8515fa10d\TiWorker.exe,,S:AI,,SCAFFOLD,0x3e7,DC$,S-1-5-18,,,,,,,,,,,
2026-09-02T03:21:22.053907Z,4663,dc.scaffold.htb,Microsoft-Windows-Security-Auditing,Security,21715,0,"%%1537
				",0x10000,,,,,,,0x136c,,,,,,,,,,,,,C:\Windows\WinSxS\FileMaps\$$_microsoft.net_assembly_gac_msil_system.servicemodel.washosting_v4.0_4.0.0.0_b77a5c561934e089_fcc9ffe6a33d9e56.cdf-ms,Security,File,,,,0x870,C:\Windows\WinSxS\amd64_microsoft-windows-servicingstack_31bf3856ad364e35_10.0.20348.557_none_f1edaeb8515fa10d\TiWorker.exe,,S:AI,,SCAFFOLD,0x3e7,DC$,S-1-5-18,,,,,,,,,,,
2026-09-02T03:21:22.053927Z,4660,dc.scaffold.htb,Microsoft-Windows-Security-Auditing,Security,21716,0,,,,,,,,,0x136c,,,,,,,,,,,,,,Security,,,,,0x870,C:\Windows\WinSxS\amd64_microsoft-windows-servicingstack_31bf3856ad364e35_10.0.20348.557_none_f1edaeb8515fa10d\TiWorker.exe,,,,SCAFFOLD,0x3e7,DC$,S-1-5-18,,,,,,,,,C6284384-A67C-11F1-9935-005056B98D90,,
2026-09-02T03:21:22.056245Z,4663,dc.scaffold.htb,Microsoft-Windows-Security-Auditing,Security,21717,0,"%%4417
				",0x2,,,,,,,0x2064,,,,,,,,,,,,,C:\Windows\WinSxS\FileMaps,Security,File,,,,0x870,C:\Windows\WinSxS\amd64_microsoft-windows-servicingstack_31bf3856ad364e35_10.0.20348.557_none_f1edaeb8515fa10d\TiWorker.exe,,S:AI,,SCAFFOLD,0x3e7,DC$,S-1-5-18,,,,,,,,,,,
2026-09-02T03:21:22.056508Z,4663,dc.scaffold.htb,Microsoft-Windows-Security-Auditing,Security,21718,0,"%%1538
				",0x20000,,,,,,,0x136c,,,,,,,,,,,,,C:\Windows\WinSxS\FileMaps,Security,File,,,,0x870,C:\Windows\WinSxS\amd64_microsoft-windows-servicingstack_31bf3856ad364e35_10.0.20348.557_none_f1edaeb8515fa10d\TiWorker.exe,,S:AI,,SCAFFOLD,0x3e7,DC$,S-1-5-18,,,,,,,,,,,
2026-09-02T03:21:22.056653Z,4663,dc.scaffold.htb,Microsoft-Windows-Security-Auditing,Security,21719,0,"%%1538
				",0x20000,,,,,,,0x136c,,,,,,,,,,,,,C:\Windows\WinSxS\FileMaps,Security,File,,,,0x870,C:\Windows\WinSxS\amd64_microsoft-windows-servicingstack_31bf3856ad364e35_10.0.20348.557_none_f1edaeb8515fa10d\TiWorker.exe,,S:AI,,SCAFFOLD,0x3e7,DC$,S-1-5-18,,,,,,,,,,,
2026-09-02T03:21:22.056894Z,4663,dc.scaffold.htb,Microsoft-Windows-Security-Auditing,Security,21720,0,"%%1537
				",0x10000,,,,,,,0x1374,,,,,,,,,,,,,C:\Windows\WinSxS\FileMaps\$$_microsoft.net_assembly_gac_msil_system.servicemodel.internals_v4.0_4.0.0.0_31bf3856ad364e35_648841c36e579803.cdf-ms,Security,File,,,,0x870,C:\Windows\WinSxS\amd64_microsoft-windows-servicingstack_31bf3856ad364e35_10.0.20348.557_none_f1edaeb8515fa10d\TiWorker.exe,,S:AI,,SCAFFOLD,0x3e7,DC$,S-1-5-18,,,,,,,,,,,
2026-09-02T03:21:22.056905Z,4660,dc.scaffold.htb,Microsoft-Windows-Security-Auditing,Security,21721,0,,,,,,,,,0x1374,,,,,,,,,,,,,,Security,,,,,0x870,C:\Windows\WinSxS\amd64_microsoft-windows-servicingstack_31bf3856ad364e35_10.0.20348.557_none_f1edaeb8515fa10d\TiWorker.exe,,,,SCAFFOLD,0x3e7,DC$,S-1-5-18,,,,,,,,,C6284384-A67C-11F1-9935-005056B98D90,,
2026-09-02T03:21:22.059414Z,4663,dc.scaffold.htb,Microsoft-Windows-Security-Auditing,Security,21722,0,"%%4417
				",0x2,,,,,,,0x2064,,,,,,,,,,,,,C:\Windows\WinSxS\FileMaps,Security,File,,,,0x870,C:\Windows\WinSxS\amd64_microsoft-windows-servicingstack_31bf3856ad364e35_10.0.20348.557_none_f1edaeb8515fa10d\TiWorker.exe,,S:AI,,SCAFFOLD,0x3e7,DC$,S-1-5-18,,,,,,,,,,,
2026-09-02T03:21:22.059691Z,4663,dc.scaffold.htb,Microsoft-Windows-Security-Auditing,Security,21723,0,"%%1538
				",0x20000,,,,,,,0x1374,,,,,,,,,,,,,C:\Windows\WinSxS\FileMaps,Security,File,,,,0x870,C:\Windows\WinSxS\amd64_microsoft-windows-servicingstack_31bf3856ad364e35_10.0.20348.557_none_f1edaeb8515fa10d\TiWorker.exe,,S:AI,,SCAFFOLD,0x3e7,DC$,S-1-5-18,,,,,,,,,,,
2026-09-02T03:21:22.059837Z,4663,dc.scaffold.htb,Microsoft-Windows-Security-Auditing,Security,21724,0,"%%1538
				",0x20000,,,,,,,0x1374,,,,,,,,,,,,,C:\Windows\WinSxS\FileMaps,Security,File,,,,0x870,C:\Windows\WinSxS\amd64_microsoft-windows-servicingstack_31bf3856ad364e35_10.0.20348.557_none_f1edaeb8515fa10d\TiWorker.exe,,S:AI,,SCAFFOLD,0x3e7,DC$,S-1-5-18,,,,,,,,,,,
2026-09-02T03:21:22.060050Z,4663,dc.scaffold.htb,Microsoft-Windows-Security-Auditing,Security,21725,0,"%%1537
				",0x10000,,,,,,,0xe38,,,,,,,,,,,,,C:\Windows\WinSxS\FileMaps\$$_microsoft.net_assembly_gac_msil_system.servicemodel.discovery_v4.0_4.0.0.0_31bf3856ad364e35_77886dd12f6a8907.cdf-ms,Security,File,,,,0x870,C:\Windows\WinSxS\amd64_microsoft-windows-servicingstack_31bf3856ad364e35_10.0.20348.557_none_f1edaeb8515fa10d\TiWorker.exe,,S:AI,,SCAFFOLD,0x3e7,DC$,S-1-5-18,,,,,,,,,,,
2026-09-02T03:21:22.060067Z,4660,dc.scaffold.htb,Microsoft-Windows-Security-Auditing,Security,21726,0,,,,,,,,,0xe38,,,,,,,,,,,,,,Security,,,,,0x870,C:\Windows\WinSxS\amd64_microsoft-windows-servicingstack_31bf3856ad364e35_10.0.20348.557_none_f1edaeb8515fa10d\TiWorker.exe,,,,SCAFFOLD,0x3e7,DC$,S-1-5-18,,,,,,,,,C6284384-A67C-11F1-9935-005056B98D90,,
2026-09-02T03:21:22.062362Z,4663,dc.scaffold.htb,Microsoft-Windows-Security-Auditing,Security,21727,0,"%%4417
				",0x2,,,,,,,0x2064,,,,,,,,,,,,,C:\Windows\WinSxS\FileMaps,Security,File,,,,0x870,C:\Windows\WinSxS\amd64_microsoft-windows-servicingstack_31bf3856ad364e35_10.0.20348.557_none_f1edaeb8515fa10d\TiWorker.exe,,S:AI,,SCAFFOLD,0x3e7,DC$,S-1-5-18,,,,,,,,,,,
2026-09-02T03:21:22.062630Z,4663,dc.scaffold.htb,Microsoft-Windows-Security-Auditing,Security,21728,0,"%%1538
				",0x20000,,,,,,,0xe38,,,,,,,,,,,,,C:\Windows\WinSxS\FileMaps,Security,File,,,,0x870,C:\Windows\WinSxS\amd64_microsoft-windows-servicingstack_31bf3856ad364e35_10.0.20348.557_none_f1edaeb8515fa10d\TiWorker.exe,,S:AI,,SCAFFOLD,0x3e7,DC$,S-1-5-18,,,,,,,,,,,
2026-09-02T03:21:22.062778Z,4663,dc.scaffold.htb,Microsoft-Windows-Security-Auditing,Security,21729,0,"%%1538
				",0x20000,,,,,,,0xe38,,,,,,,,,,,,,C:\Windows\WinSxS\FileMaps,Security,File,,,,0x870,C:\Windows\WinSxS\amd64_microsoft-windows-servicingstack_31bf3856ad364e35_10.0.20348.557_none_f1edaeb8515fa10d\TiWorker.exe,,S:AI,,SCAFFOLD,0x3e7,DC$,S-1-5-18,,,,,,,,,,,
2026-09-02T03:21:22.062992Z,4663,dc.scaffold.htb,Microsoft-Windows-Security-Auditing,Security,21730,0,"%%1537
				",0x10000,,,,,,,0x136c,,,,,,,,,,,,,C:\Windows\WinSxS\FileMaps\$$_microsoft.net_assembly_gac_msil_system.servicemodel.channels_v4.0_4.0.0.0_31bf3856ad364e35_3b879384d8488ea3.cdf-ms,Security,File,,,,0x870,C:\Windows\WinSxS\amd64_microsoft-windows-servicingstack_31bf3856ad364e35_10.0.20348.557_none_f1edaeb8515fa10d\TiWorker.exe,,S:AI,,SCAFFOLD,0x3e7,DC$,S-1-5-18,,,,,,,,,,,
2026-09-02T03:21:22.062995Z,4660,dc.scaffold.htb,Microsoft-Windows-Security-Auditing,Security,21731,0,,,,,,,,,0x136c,,,,,,,,,,,,,,Security,,,,,0x870,C:\Windows\WinSxS\amd64_microsoft-windows-servicingstack_31bf3856ad364e35_10.0.20348.557_none_f1edaeb8515fa10d\TiWorker.exe,,,,SCAFFOLD,0x3e7,DC$,S-1-5-18,,,,,,,,,C6284384-A67C-11F1-9935-005056B98D90,,
2026-09-02T03:21:22.065871Z,4663,dc.scaffold.htb,Microsoft-Windows-Security-Auditing,Security,21732,0,"%%4417
				",0x2,,,,,,,0x2064,,,,,,,,,,,,,C:\Windows\WinSxS\FileMaps,Security,File,,,,0x870,C:\Windows\WinSxS\amd64_microsoft-windows-servicingstack_31bf3856ad364e35_10.0.20348.557_none_f1edaeb8515fa10d\TiWorker.exe,,S:AI,,SCAFFOLD,0x3e7,DC$,S-1-5-18,,,,,,,,,,,
2026-09-02T03:21:22.066148Z,4663,dc.scaffold.htb,Microsoft-Windows-Security-Auditing,Security,21733,0,"%%1538
				",0x20000,,,,,,,0x136c,,,,,,,,,,,,,C:\Windows\WinSxS\FileMaps,Security,File,,,,0x870,C:\Windows\WinSxS\amd64_microsoft-windows-servicingstack_31bf3856ad364e35_10.0.20348.557_none_f1edaeb8515fa10d\TiWorker.exe,,S:AI,,SCAFFOLD,0x3e7,DC$,S-1-5-18,,,,,,,,,,,
2026-09-02T03:21:22.066298Z,4663,dc.scaffold.htb,Microsoft-Windows-Security-Auditing,Security,21734,0,"%%1538
				",0x20000,,,,,,,0x136c,,,,,,,,,,,,,C:\Windows\WinSxS\FileMaps,Security,File,,,,0x870,C:\Windows\WinSxS\amd64_microsoft-windows-servicingstack_31bf3856ad364e35_10.0.20348.557_none_f1edaeb8515fa10d\TiWorker.exe,,S:AI,,SCAFFOLD,0x3e7,DC$,S-1-5-18,,,,,,,,,,,
2026-09-02T03:21:22.066510Z,4663,dc.scaffold.htb,Microsoft-Windows-Security-Auditing,Security,21735,0,"%%1537
				",0x10000,,,,,,,0x1374,,,,,,,,,,,,,C:\Windows\WinSxS\FileMaps\$$_microsoft.net_assembly_gac_msil_system.servicemodel_v4.0_4.0.0.0_b77a5c561934e089_b63f15dceb7fa3d7.cdf-ms,Security,File,,,,0x870,C:\Windows\WinSxS\amd64_microsoft-windows-servicingstack_31bf3856ad364e35_10.0.20348.557_none_f1edaeb8515fa10d\TiWorker.exe,,S:AI,,SCAFFOLD,0x3e7,DC$,S-1-5-18,,,,,,,,,,,
2026-09-02T03:21:22.066527Z,4660,dc.scaffold.htb,Microsoft-Windows-Security-Auditing,Security,21736,0,,,,,,,,,0x1374,,,,,,,,,,,,,,Security,,,,,0x870,C:\Windows\WinSxS\amd64_microsoft-windows-servicingstack_31bf3856ad364e35_10.0.20348.557_none_f1edaeb8515fa10d\TiWorker.exe,,,,SCAFFOLD,0x3e7,DC$,S-1-5-18,,,,,,,,,C6284384-A67C-11F1-9935-005056B98D90,,
2026-09-02T03:21:22.069694Z,4663,dc.scaffold.htb,Microsoft-Windows-Security-Auditing,Security,21737,0,"%%4417
				",0x2,,,,,,,0x2064,,,,,,,,,,,,,C:\Windows\WinSxS\FileMaps,Security,File,,,,0x870,C:\Windows\WinSxS\amd64_microsoft-windows-servicingstack_31bf3856ad364e35_10.0.20348.557_none_f1edaeb8515fa10d\TiWorker.exe,,S:AI,,SCAFFOLD,0x3e7,DC$,S-1-5-18,,,,,,,,,,,
2026-09-02T03:21:22.069993Z,4663,dc.scaffold.htb,Microsoft-Windows-Security-Auditing,Security,21738,0,"%%1538
				",0x20000,,,,,,,0x1374,,,,,,,,,,,,,C:\Windows\WinSxS\FileMaps,Security,File,,,,0x870,C:\Windows\WinSxS\amd64_microsoft-windows-servicingstack_31bf3856ad364e35_10.0.20348.557_none_f1edaeb8515fa10d\TiWorker.exe,,S:AI,,SCAFFOLD,0x3e7,DC$,S-1-5-18,,,,,,,,,,,
2026-09-02T03:21:22.070149Z,4663,dc.scaffold.htb,Microsoft-Windows-Security-Auditing,Security,21739,0,"%%1538
				",0x20000,,,,,,,0x1374,,,,,,,,,,,,,C:\Windows\WinSxS\FileMaps,Security,File,,,,0x870,C:\Windows\WinSxS\amd64_microsoft-windows-servicingstack_31bf3856ad364e35_10.0.20348.557_none_f1edaeb8515fa10d\TiWorker.exe,,S:AI,,SCAFFOLD,0x3e7,DC$,S-1-5-18,,,,,,,,,,,
2026-09-02T03:21:22.070445Z,4663,dc.scaffold.htb,Microsoft-Windows-Security-Auditing,Security,21740,0,"%%1537
				",0x10000,,,,,,,0xe38,,,,,,,,,,,,,C:\Windows\WinSxS\FileMaps\$$_microsoft.net_assembly_gac_msil_system.security_v4.0_4.0.0.0_b03f5f7f11d50a3a_b1f6c453104409f9.cdf-ms,Security,File,,,,0x870,C:\Windows\WinSxS\amd64_microsoft-windows-servicingstack_31bf3856ad364e35_10.0.20348.557_none_f1edaeb8515fa10d\TiWorker.exe,,S:AI,,SCAFFOLD,0x3e7,DC$,S-1-5-18,,,,,,,,,,,
2026-09-02T03:21:22.070449Z,4660,dc.scaffold.htb,Microsoft-Windows-Security-Auditing,Security,21741,0,,,,,,,,,0xe38,,,,,,,,,,,,,,Security,,,,,0x870,C:\Windows\WinSxS\amd64_microsoft-windows-servicingstack_31bf3856ad364e35_10.0.20348.557_none_f1edaeb8515fa10d\TiWorker.exe,,,,SCAFFOLD,0x3e7,DC$,S-1-5-18,,,,,,,,,C6284384-A67C-11F1-9935-005056B98D90,,
2026-09-02T03:21:22.072911Z,4663,dc.scaffold.htb,Microsoft-Windows-Security-Auditing,Security,21742,0,"%%4417
				",0x2,,,,,,,0x2064,,,,,,,,,,,,,C:\Windows\WinSxS\FileMaps,Security,File,,,,0x870,C:\Windows\WinSxS\amd64_microsoft-windows-servicingstack_31bf3856ad364e35_10.0.20348.557_none_f1edaeb8515fa10d\TiWorker.exe,,S:AI,,SCAFFOLD,0x3e7,DC$,S-1-5-18,,,,,,,,,,,
2026-09-02T03:21:22.073203Z,4663,dc.scaffold.htb,Microsoft-Windows-Security-Auditing,Security,21743,0,"%%1538
				",0x20000,,,,,,,0xe38,,,,,,,,,,,,,C:\Windows\WinSxS\FileMaps,Security,File,,,,0x870,C:\Windows\WinSxS\amd64_microsoft-windows-servicingstack_31bf3856ad364e35_10.0.20348.557_none_f1edaeb8515fa10d\TiWorker.exe,,S:AI,,SCAFFOLD,0x3e7,DC$,S-1-5-18,,,,,,,,,,,
2026-09-02T03:21:22.073373Z,4663,dc.scaffold.htb,Microsoft-Windows-Security-Auditing,Security,21744,0,"%%1538
				",0x20000,,,,,,,0xe38,,,,,,,,,,,,,C:\Windows\WinSxS\FileMaps,Security,File,,,,0x870,C:\Windows\WinSxS\amd64_microsoft-windows-servicingstack_31bf3856ad364e35_10.0.20348.557_none_f1edaeb8515fa10d\TiWorker.exe,,S:AI,,SCAFFOLD,0x3e7,DC$,S-1-5-18,,,,,,,,,,,
2026-09-02T03:21:22.073586Z,4663,dc.scaffold.htb,Microsoft-Windows-Security-Auditing,Security,21745,0,"%%1537
				",0x10000,,,,,,,0x136c,,,,,,,,,,,,,C:\Windows\WinSxS\FileMaps\$$_microsoft.net_assembly_gac_msil_system.runtime.serialization_v4.0_4.0.0.0_b77a5c561934e089_f6fb5cdd6113e4c9.cdf-ms,Security,File,,,,0x870,C:\Windows\WinSxS\amd64_microsoft-windows-servicingstack_31bf3856ad364e35_10.0.20348.557_none_f1edaeb8515fa10d\TiWorker.exe,,S:AI,,SCAFFOLD,0x3e7,DC$,S-1-5-18,,,,,,,,,,,
2026-09-02T03:21:22.073590Z,4660,dc.scaffold.htb,Microsoft-Windows-Security-Auditing,Security,21746,0,,,,,,,,,0x136c,,,,,,,,,,,,,,Security,,,,,0x870,C:\Windows\WinSxS\amd64_microsoft-windows-servicingstack_31bf3856ad364e35_10.0.20348.557_none_f1edaeb8515fa10d\TiWorker.exe,,,,SCAFFOLD,0x3e7,DC$,S-1-5-18,,,,,,,,,C6284384-A67C-11F1-9935-005056B98D90,,
2026-09-02T03:21:22.076297Z,4663,dc.scaffold.htb,Microsoft-Windows-Security-Auditing,Security,21747,0,"%%4417
				",0x2,,,,,,,0x2064,,,,,,,,,,,,,C:\Windows\WinSxS\FileMaps,Security,File,,,,0x870,C:\Windows\WinSxS\amd64_microsoft-windows-servicingstack_31bf3856ad364e35_10.0.20348.557_none_f1edaeb8515fa10d\TiWorker.exe,,S:AI,,SCAFFOLD,0x3e7,DC$,S-1-5-18,,,,,,,,,,,
2026-09-02T03:21:22.076546Z,4663,dc.scaffold.htb,Microsoft-Windows-Security-Auditing,Security,21748,0,"%%1538
				",0x20000,,,,,,,0x136c,,,,,,,,,,,,,C:\Windows\WinSxS\FileMaps,Security,File,,,,0x870,C:\Windows\WinSxS\amd64_microsoft-windows-servicingstack_31bf3856ad364e35_10.0.20348.557_none_f1edaeb8515fa10d\TiWorker.exe,,S:AI,,SCAFFOLD,0x3e7,DC$,S-1-5-18,,,,,,,,,,,
2026-09-02T03:21:22.076691Z,4663,dc.scaffold.htb,Microsoft-Windows-Security-Auditing,Security,21749,0,"%%1538
				",0x20000,,,,,,,0x136c,,,,,,,,,,,,,C:\Windows\WinSxS\FileMaps,Security,File,,,,0x870,C:\Windows\WinSxS\amd64_microsoft-windows-servicingstack_31bf3856ad364e35_10.0.20348.557_none_f1edaeb8515fa10d\TiWorker.exe,,S:AI,,SCAFFOLD,0x3e7,DC$,S-1-5-18,,,,,,,,,,,
2026-09-02T03:21:22.076946Z,4663,dc.scaffold.htb,Microsoft-Windows-Security-Auditing,Security,21750,0,"%%1537
				",0x10000,,,,,,,0x1374,,,,,,,,,,,,,C:\Windows\WinSxS\FileMaps\$$_microsoft.net_assembly_gac_msil_system.runtime.remoting_v4.0_4.0.0.0_b77a5c561934e089_7bd45a1c7774a4dc.cdf-ms,Security,File,,,,0x870,C:\Windows\WinSxS\amd64_microsoft-windows-servicingstack_31bf3856ad364e35_10.0.20348.557_none_f1edaeb8515fa10d\TiWorker.exe,,S:AI,,SCAFFOLD,0x3e7,DC$,S-1-5-18,,,,,,,,,,,
2026-09-02T03:21:22.076950Z,4660,dc.scaffold.htb,Microsoft-Windows-Security-Auditing,Security,21751,0,,,,,,,,,0x1374,,,,,,,,,,,,,,Security,,,,,0x870,C:\Windows\WinSxS\amd64_microsoft-windows-servicingstack_31bf3856ad364e35_10.0.20348.557_none_f1edaeb8515fa10d\TiWorker.exe,,,,SCAFFOLD,0x3e7,DC$,S-1-5-18,,,,,,,,,C6284384-A67C-11F1-9935-005056B98D90,,
2026-09-02T03:21:22.078760Z,4663,dc.scaffold.htb,Microsoft-Windows-Security-Auditing,Security,21752,0,"%%4417
				",0x2,,,,,,,0x2064,,,,,,,,,,,,,C:\Windows\WinSxS\FileMaps,Security,File,,,,0x870,C:\Windows\WinSxS\amd64_microsoft-windows-servicingstack_31bf3856ad364e35_10.0.20348.557_none_f1edaeb8515fa10d\TiWorker.exe,,S:AI,,SCAFFOLD,0x3e7,DC$,S-1-5-18,,,,,,,,,,,
2026-09-02T03:21:22.079039Z,4663,dc.scaffold.htb,Microsoft-Windows-Security-Auditing,Security,21753,0,"%%1538
				",0x20000,,,,,,,0x1374,,,,,,,,,,,,,C:\Windows\WinSxS\FileMaps,Security,File,,,,0x870,C:\Windows\WinSxS\amd64_microsoft-windows-servicingstack_31bf3856ad364e35_10.0.20348.557_none_f1edaeb8515fa10d\TiWorker.exe,,S:AI,,SCAFFOLD,0x3e7,DC$,S-1-5-18,,,,,,,,,,,
2026-09-02T03:21:22.079171Z,4663,dc.scaffold.htb,Microsoft-Windows-Security-Auditing,Security,21754,0,"%%1538
				",0x20000,,,,,,,0x1374,,,,,,,,,,,,,C:\Windows\WinSxS\FileMaps,Security,File,,,,0x870,C:\Windows\WinSxS\amd64_microsoft-windows-servicingstack_31bf3856ad364e35_10.0.20348.557_none_f1edaeb8515fa10d\TiWorker.exe,,S:AI,,SCAFFOLD,0x3e7,DC$,S-1-5-18,,,,,,,,,,,
2026-09-02T03:21:22.079401Z,4663,dc.scaffold.htb,Microsoft-Windows-Security-Auditing,Security,21755,0,"%%1537
				",0x10000,,,,,,,0xe38,,,,,,,,,,,,,C:\Windows\WinSxS\FileMaps\$$_microsoft.net_assembly_gac_msil_system.runtime.caching_v4.0_4.0.0.0_b03f5f7f11d50a3a_d3d490bba915725e.cdf-ms,Security,File,,,,0x870,C:\Windows\WinSxS\amd64_microsoft-windows-servicingstack_31bf3856ad364e35_10.0.20348.557_none_f1edaeb8515fa10d\TiWorker.exe,,S:AI,,SCAFFOLD,0x3e7,DC$,S-1-5-18,,,,,,,,,,,
2026-09-02T03:21:22.079405Z,4660,dc.scaffold.htb,Microsoft-Windows-Security-Auditing,Security,21756,0,,,,,,,,,0xe38,,,,,,,,,,,,,,Security,,,,,0x870,C:\Windows\WinSxS\amd64_microsoft-windows-servicingstack_31bf3856ad364e35_10.0.20348.557_none_f1edaeb8515fa10d\TiWorker.exe,,,,SCAFFOLD,0x3e7,DC$,S-1-5-18,,,,,,,,,C6284384-A67C-11F1-9935-005056B98D90,,
2026-09-02T03:21:22.083415Z,4663,dc.scaffold.htb,Microsoft-Windows-Security-Auditing,Security,21757,0,"%%4417
				",0x2,,,,,,,0x2064,,,,,,,,,,,,,C:\Windows\WinSxS\FileMaps,Security,File,,,,0x870,C:\Windows\WinSxS\amd64_microsoft-windows-servicingstack_31bf3856ad364e35_10.0.20348.557_none_f1edaeb8515fa10d\TiWorker.exe,,S:AI,,SCAFFOLD,0x3e7,DC$,S-1-5-18,,,,,,,,,,,
2026-09-02T03:21:22.083702Z,4663,dc.scaffold.htb,Microsoft-Windows-Security-Auditing,Security,21758,0,"%%1538
				",0x20000,,,,,,,0xe38,,,,,,,,,,,,,C:\Windows\WinSxS\FileMaps,Security,File,,,,0x870,C:\Windows\WinSxS\amd64_microsoft-windows-servicingstack_31bf3856ad364e35_10.0.20348.557_none_f1edaeb8515fa10d\TiWorker.exe,,S:AI,,SCAFFOLD,0x3e7,DC$,S-1-5-18,,,,,,,,,,,
2026-09-02T03:21:22.083847Z,4663,dc.scaffold.htb,Microsoft-Windows-Security-Auditing,Security,21759,0,"%%1538
				",0x20000,,,,,,,0xe38,,,,,,,,,,,,,C:\Windows\WinSxS\FileMaps,Security,File,,,,0x870,C:\Windows\WinSxS\amd64_microsoft-windows-servicingstack_31bf3856ad364e35_10.0.20348.557_none_f1edaeb8515fa10d\TiWorker.exe,,S:AI,,SCAFFOLD,0x3e7,DC$,S-1-5-18,,,,,,,,,,,
2026-09-02T03:21:22.084167Z,4663,dc.scaffold.htb,Microsoft-Windows-Security-Auditing,Security,21760,0,"%%1537
				",0x10000,,,,,,,0x136c,,,,,,,,,,,,,C:\Windows\WinSxS\FileMaps\$$_microsoft.net_assembly_gac_msil_system.net.http.webrequest_v4.0_4.0.0.0_b03f5f7f11d50a3a_efaa255295e3a257.cdf-ms,Security,File,,,,0x870,C:\Windows\WinSxS\amd64_microsoft-windows-servicingstack_31bf3856ad364e35_10.0.20348.557_none_f1edaeb8515fa10d\TiWorker.exe,,S:AI,,SCAFFOLD,0x3e7,DC$,S-1-5-18,,,,,,,,,,,
2026-09-02T03:21:22.084171Z,4660,dc.scaffold.htb,Microsoft-Windows-Security-Auditing,Security,21761,0,,,,,,,,,0x136c,,,,,,,,,,,,,,Security,,,,,0x870,C:\Windows\WinSxS\amd64_microsoft-windows-servicingstack_31bf3856ad364e35_10.0.20348.557_none_f1edaeb8515fa10d\TiWorker.exe,,,,SCAFFOLD,0x3e7,DC$,S-1-5-18,,,,,,,,,C6284384-A67C-11F1-9935-005056B98D90,,
2026-09-02T03:21:22.087608Z,4663,dc.scaffold.htb,Microsoft-Windows-Security-Auditing,Security,21762,0,"%%4417
				",0x2,,,,,,,0x2064,,,,,,,,,,,,,C:\Windows\WinSxS\FileMaps,Security,File,,,,0x870,C:\Windows\WinSxS\amd64_microsoft-windows-servicingstack_31bf3856ad364e35_10.0.20348.557_none_f1edaeb8515fa10d\TiWorker.exe,,S:AI,,SCAFFOLD,0x3e7,DC$,S-1-5-18,,,,,,,,,,,
2026-09-02T03:21:22.089343Z,4663,dc.scaffold.htb,Microsoft-Windows-Security-Auditing,Security,21763,0,"%%1538
				",0x20000,,,,,,,0xda4,,,,,,,,,,,,,C:\Windows\WinSxS\FileMaps,Security,File,,,,0x870,C:\Windows\WinSxS\amd64_microsoft-windows-servicingstack_31bf3856ad364e35_10.0.20348.557_none_f1edaeb8515fa10d\TiWorker.exe,,S:AI,,SCAFFOLD,0x3e7,DC$,S-1-5-18,,,,,,,,,,,
2026-09-02T03:21:22.089493Z,4663,dc.scaffold.htb,Microsoft-Windows-Security-Auditing,Security,21764,0,"%%1538
				",0x20000,,,,,,,0xda4,,,,,,,,,,,,,C:\Windows\WinSxS\FileMaps,Security,File,,,,0x870,C:\Windows\WinSxS\amd64_microsoft-windows-servicingstack_31bf3856ad364e35_10.0.20348.557_none_f1edaeb8515fa10d\TiWorker.exe,,S:AI,,SCAFFOLD,0x3e7,DC$,S-1-5-18,,,,,,,,,,,
2026-09-02T03:21:22.089716Z,4663,dc.scaffold.htb,Microsoft-Windows-Security-Auditing,Security,21765,0,"%%1537
				",0x10000,,,,,,,0xe38,,,,,,,,,,,,,C:\Windows\WinSxS\FileMaps\$$_microsoft.net_assembly_gac_msil_system.net.http_v4.0_4.0.0.0_b03f5f7f11d50a3a_c02456e4349fe25c.cdf-ms,Security,File,,,,0x870,C:\Windows\WinSxS\amd64_microsoft-windows-servicingstack_31bf3856ad364e35_10.0.20348.557_none_f1edaeb8515fa10d\TiWorker.exe,,S:AI,,SCAFFOLD,0x3e7,DC$,S-1-5-18,,,,,,,,,,,
2026-09-02T03:21:22.089734Z,4660,dc.scaffold.htb,Microsoft-Windows-Security-Auditing,Security,21766,0,,,,,,,,,0xe38,,,,,,,,,,,,,,Security,,,,,0x870,C:\Windows\WinSxS\amd64_microsoft-windows-servicingstack_31bf3856ad364e35_10.0.20348.557_none_f1edaeb8515fa10d\TiWorker.exe,,,,SCAFFOLD,0x3e7,DC$,S-1-5-18,,,,,,,,,C6284384-A67C-11F1-9935-005056B98D90,,
2026-09-02T03:21:22.093282Z,4663,dc.scaffold.htb,Microsoft-Windows-Security-Auditing,Security,21767,0,"%%4417
				",0x2,,,,,,,0x2064,,,,,,,,,,,,,C:\Windows\WinSxS\FileMaps,Security,File,,,,0x870,C:\Windows\WinSxS\amd64_microsoft-windows-servicingstack_31bf3856ad364e35_10.0.20348.557_none_f1edaeb8515fa10d\TiWorker.exe,,S:AI,,SCAFFOLD,0x3e7,DC$,S-1-5-18,,,,,,,,,,,
2026-09-02T03:21:22.093587Z,4663,dc.scaffold.htb,Microsoft-Windows-Security-Auditing,Security,21768,0,"%%1538
				",0x20000,,,,,,,0xe38,,,,,,,,,,,,,C:\Windows\WinSxS\FileMaps,Security,File,,,,0x870,C:\Windows\WinSxS\amd64_microsoft-windows-servicingstack_31bf3856ad364e35_10.0.20348.557_none_f1edaeb8515fa10d\TiWorker.exe,,S:AI,,SCAFFOLD,0x3e7,DC$,S-1-5-18,,,,,,,,,,,
2026-09-02T03:21:22.093737Z,4663,dc.scaffold.htb,Microsoft-Windows-Security-Auditing,Security,21769,0,"%%1538
				",0x20000,,,,,,,0xe38,,,,,,,,,,,,,C:\Windows\WinSxS\FileMaps,Security,File,,,,0x870,C:\Windows\WinSxS\amd64_microsoft-windows-servicingstack_31bf3856ad364e35_10.0.20348.557_none_f1edaeb8515fa10d\TiWorker.exe,,S:AI,,SCAFFOLD,0x3e7,DC$,S-1-5-18,,,,,,,,,,,
2026-09-02T03:21:22.093976Z,4663,dc.scaffold.htb,Microsoft-Windows-Security-Auditing,Security,21770,0,"%%1537
				",0x10000,,,,,,,0x136c,,,,,,,,,,,,,C:\Windows\WinSxS\FileMaps\$$_microsoft.net_assembly_gac_msil_system.net_v4.0_4.0.0.0_b03f5f7f11d50a3a_3167549e3b04aa4e.cdf-ms,Security,File,,,,0x870,C:\Windows\WinSxS\amd64_microsoft-windows-servicingstack_31bf3856ad364e35_10.0.20348.557_none_f1edaeb8515fa10d\TiWorker.exe,,S:AI,,SCAFFOLD,0x3e7,DC$,S-1-5-18,,,,,,,,,,,
