2026-09-02T00:12:43.366423Z,4670,dc.scaffold.htb,Microsoft-Windows-Security-Auditing,Security,20879,0,,,,,,,,,0x608,,,,,,,,,,D:PARAI(A;;FA;;;S-1-5-80-956008885-3418522649-1831038044-1853292631-2271478464)(A;;0x1200a9;;;BA)(A;;0x1200a9;;;SY)(A;;0x1200a9;;;BU)(A;;0x1200a9;;;AC)(A;;0x1200a9;;;S-1-15-2-2),,,C:\Windows\WinSxS\Temp\InFlight\45054bc66f3add01b00c00002c0efc15\45054bc66f3add01b10c00002c0efc15_catalog,Security,File,D:PAI(A;;FA;;;S-1-5-80-956008885-3418522649-1831038044-1853292631-2271478464)(A;;0x1200a9;;;SY)(A;;0x1200a9;;;BA)(A;;0x1200a9;;;BU)(A;;0x1200a9;;;AC)(A;;0x1200a9;;;S-1-15-2-2),,,0xe2c,C:\Windows\WinSxS\amd64_microsoft-windows-servicingstack_31bf3856ad364e35_10.0.20348.557_none_f1edaeb8515fa10d\TiWorker.exe,,,,SCAFFOLD,0x3e7,DC$,S-1-5-18,,,,,,,,,,,
2026-09-02T00:12:45.192626Z,4985,dc.scaffold.htb,Microsoft-Windows-Security-Auditing,Security,20880,0,,,,,,,,,,,,,,,,,,,,48,,,,,,,,0xe2c,C:\Windows\WinSxS\amd64_microsoft-windows-servicingstack_31bf3856ad364e35_10.0.20348.557_none_f1edaeb8515fa10d\TiWorker.exe,,,DA4CB52F-4F22-11F1-A9A6-8906DE6815CD,SCAFFOLD,0x3e7,DC$,S-1-5-18,,,,,,,,,29971152-A661-11F1-9932-005056B98D90,,
2026-09-02T00:12:45.223515Z,4985,dc.scaffold.htb,Microsoft-Windows-Security-Auditing,Security,20881,0,,,,,,,,,,,,,,,,,,,,52,,,,,,,,0xe2c,C:\Windows\WinSxS\amd64_microsoft-windows-servicingstack_31bf3856ad364e35_10.0.20348.557_none_f1edaeb8515fa10d\TiWorker.exe,,,DA4CB52F-4F22-11F1-A9A6-8906DE6815CD,SCAFFOLD,0x3e7,DC$,S-1-5-18,,,,,,,,,29971152-A661-11F1-9932-005056B98D90,,
2026-09-02T00:12:45.344395Z,4663,dc.scaffold.htb,Microsoft-Windows-Security-Auditing,Security,20882,0,"%%1538
				",0x20000,,,,,,,0xb84,,,,,,,,,,,,,C:\Windows\WinSxS\FileMaps\_0000000000000000.cdf-ms,Security,File,,,,0xe2c,C:\Windows\WinSxS\amd64_microsoft-windows-servicingstack_31bf3856ad364e35_10.0.20348.557_none_f1edaeb8515fa10d\TiWorker.exe,,S:AI,,SCAFFOLD,0x3e7,DC$,S-1-5-18,,,,,,,,,,,
2026-09-02T00:12:45.346068Z,4663,dc.scaffold.htb,Microsoft-Windows-Security-Auditing,Security,20883,0,"%%1538
				",0x20000,,,,,,,0xf2c,,,,,,,,,,,,,C:\Windows\WinSxS\FileMaps\$$.cdf-ms,Security,File,,,,0xe2c,C:\Windows\WinSxS\amd64_microsoft-windows-servicingstack_31bf3856ad364e35_10.0.20348.557_none_f1edaeb8515fa10d\TiWorker.exe,,S:AI,,SCAFFOLD,0x3e7,DC$,S-1-5-18,,,,,,,,,,,
2026-09-02T00:12:45.443617Z,4663,dc.scaffold.htb,Microsoft-Windows-Security-Auditing,Security,20884,0,"%%1538
				",0x20000,,,,,,,0xc68,,,,,,,,,,,,,C:\Windows\WinSxS\FileMaps\$$_syswow64_21ffbdd2a2dd92e0.cdf-ms,Security,File,,,,0xe2c,C:\Windows\WinSxS\amd64_microsoft-windows-servicingstack_31bf3856ad364e35_10.0.20348.557_none_f1edaeb8515fa10d\TiWorker.exe,,S:AI,,SCAFFOLD,0x3e7,DC$,S-1-5-18,,,,,,,,,,,
2026-09-02T00:12:45.563105Z,4663,dc.scaffold.htb,Microsoft-Windows-Security-Auditing,Security,20885,0,"%%1538
				",0x20000,,,,,,,0xbf8,,,,,,,,,,,,,C:\Windows\WinSxS\FileMaps\$$_system32_21f9a9c4a2f8b514.cdf-ms,Security,File,,,,0xe2c,C:\Windows\WinSxS\amd64_microsoft-windows-servicingstack_31bf3856ad364e35_10.0.20348.557_none_f1edaeb8515fa10d\TiWorker.exe,,S:AI,,SCAFFOLD,0x3e7,DC$,S-1-5-18,,,,,,,,,,,
2026-09-02T00:12:45.590953Z,4663,dc.scaffold.htb,Microsoft-Windows-Security-Auditing,Security,20886,0,"%%1538
				",0x20000,,,,,,,0xf14,,,,,,,,,,,,,C:\Windows\WinSxS\FileMaps\$$_system32_wbem_06656d9fdf2f8577.cdf-ms,Security,File,,,,0xe2c,C:\Windows\WinSxS\amd64_microsoft-windows-servicingstack_31bf3856ad364e35_10.0.20348.557_none_f1edaeb8515fa10d\TiWorker.exe,,S:AI,,SCAFFOLD,0x3e7,DC$,S-1-5-18,,,,,,,,,,,
2026-09-02T00:12:45.592758Z,4663,dc.scaffold.htb,Microsoft-Windows-Security-Auditing,Security,20887,0,"%%1538
				",0x20000,,,,,,,0xf78,,,,,,,,,,,,,C:\Windows\WinSxS\FileMaps\$$_microsoft.net_3296b36dbe4c7fa3.cdf-ms,Security,File,,,,0xe2c,C:\Windows\WinSxS\amd64_microsoft-windows-servicingstack_31bf3856ad364e35_10.0.20348.557_none_f1edaeb8515fa10d\TiWorker.exe,,S:AI,,SCAFFOLD,0x3e7,DC$,S-1-5-18,,,,,,,,,,,
2026-09-02T00:12:45.593722Z,4663,dc.scaffold.htb,Microsoft-Windows-Security-Auditing,Security,20888,0,"%%1538
				",0x20000,,,,,,,0xda8,,,,,,,,,,,,,C:\Windows\WinSxS\FileMaps\$$_microsoft.net_framework64_083d4e330e766c5d.cdf-ms,Security,File,,,,0xe2c,C:\Windows\WinSxS\amd64_microsoft-windows-servicingstack_31bf3856ad364e35_10.0.20348.557_none_f1edaeb8515fa10d\TiWorker.exe,,S:AI,,SCAFFOLD,0x3e7,DC$,S-1-5-18,,,,,,,,,,,
2026-09-02T00:12:45.602860Z,4663,dc.scaffold.htb,Microsoft-Windows-Security-Auditing,Security,20889,0,"%%1538
				",0x20000,,,,,,,0x894,,,,,,,,,,,,,C:\Windows\WinSxS\FileMaps\$$_microsoft.net_framework64_v4.0.30319_46321ba736a30085.cdf-ms,Security,File,,,,0xe2c,C:\Windows\WinSxS\amd64_microsoft-windows-servicingstack_31bf3856ad364e35_10.0.20348.557_none_f1edaeb8515fa10d\TiWorker.exe,,S:AI,,SCAFFOLD,0x3e7,DC$,S-1-5-18,,,,,,,,,,,
2026-09-02T00:12:45.605425Z,4663,dc.scaffold.htb,Microsoft-Windows-Security-Auditing,Security,20890,0,"%%1538
				",0x20000,,,,,,,0x8a0,,,,,,,,,,,,,C:\Windows\WinSxS\FileMaps\$$_microsoft.net_framework64_v4.0.30319_wpf_647a02df72a14032.cdf-ms,Security,File,,,,0xe2c,C:\Windows\WinSxS\amd64_microsoft-windows-servicingstack_31bf3856ad364e35_10.0.20348.557_none_f1edaeb8515fa10d\TiWorker.exe,,S:AI,,SCAFFOLD,0x3e7,DC$,S-1-5-18,,,,,,,,,,,
2026-09-02T00:12:45.606326Z,4663,dc.scaffold.htb,Microsoft-Windows-Security-Auditing,Security,20891,0,"%%1538
				",0x20000,,,,,,,0x8ec,,,,,,,,,,,,,C:\Windows\WinSxS\FileMaps\$$_microsoft.net_framework64_v4.0.30319_wpf_fonts_0428e0346460ac4c.cdf-ms,Security,File,,,,0xe2c,C:\Windows\WinSxS\amd64_microsoft-windows-servicingstack_31bf3856ad364e35_10.0.20348.557_none_f1edaeb8515fa10d\TiWorker.exe,,S:AI,,SCAFFOLD,0x3e7,DC$,S-1-5-18,,,,,,,,,,,
2026-09-02T00:12:45.607268Z,4663,dc.scaffold.htb,Microsoft-Windows-Security-Auditing,Security,20892,0,"%%1538
				",0x20000,,,,,,,0xd98,,,,,,,,,,,,,C:\Windows\WinSxS\FileMaps\$$_microsoft.net_framework64_v4.0.30319_wpf_en-us_0242687c673a608c.cdf-ms,Security,File,,,,0xe2c,C:\Windows\WinSxS\amd64_microsoft-windows-servicingstack_31bf3856ad364e35_10.0.20348.557_none_f1edaeb8515fa10d\TiWorker.exe,,S:AI,,SCAFFOLD,0x3e7,DC$,S-1-5-18,,,,,,,,,,,
2026-09-02T00:12:45.608184Z,4663,dc.scaffold.htb,Microsoft-Windows-Security-Auditing,Security,20893,0,"%%1538
				",0x20000,,,,,,,0x5fc,,,,,,,,,,,,,C:\Windows\WinSxS\FileMaps\$$_microsoft.net_framework64_v4.0.30319_nativeimages_ae465c5139d1dacc.cdf-ms,Security,File,,,,0xe2c,C:\Windows\WinSxS\amd64_microsoft-windows-servicingstack_31bf3856ad364e35_10.0.20348.557_none_f1edaeb8515fa10d\TiWorker.exe,,S:AI,,SCAFFOLD,0x3e7,DC$,S-1-5-18,,,,,,,,,,,
2026-09-02T00:12:45.609345Z,4663,dc.scaffold.htb,Microsoft-Windows-Security-Auditing,Security,20894,0,"%%1538
				",0x20000,,,,,,,0xe28,,,,,,,,,,,,,C:\Windows\WinSxS\FileMaps\$$_microsoft.net_framework_83386eac0379231b.cdf-ms,Security,File,,,,0xe2c,C:\Windows\WinSxS\amd64_microsoft-windows-servicingstack_31bf3856ad364e35_10.0.20348.557_none_f1edaeb8515fa10d\TiWorker.exe,,S:AI,,SCAFFOLD,0x3e7,DC$,S-1-5-18,,,,,,,,,,,
2026-09-02T00:12:45.618381Z,4663,dc.scaffold.htb,Microsoft-Windows-Security-Auditing,Security,20895,0,"%%1538
				",0x20000,,,,,,,0xb10,,,,,,,,,,,,,C:\Windows\WinSxS\FileMaps\$$_microsoft.net_framework_v4.0.30319_c40c7a995ddd757b.cdf-ms,Security,File,,,,0xe2c,C:\Windows\WinSxS\amd64_microsoft-windows-servicingstack_31bf3856ad364e35_10.0.20348.557_none_f1edaeb8515fa10d\TiWorker.exe,,S:AI,,SCAFFOLD,0x3e7,DC$,S-1-5-18,,,,,,,,,,,
2026-09-02T00:12:45.620680Z,4663,dc.scaffold.htb,Microsoft-Windows-Security-Auditing,Security,20896,0,"%%1538
				",0x20000,,,,,,,0x74c,,,,,,,,,,,,,C:\Windows\WinSxS\FileMaps\$$_microsoft.net_framework_v4.0.30319_wpf_bc1339ef8efa3c4c.cdf-ms,Security,File,,,,0xe2c,C:\Windows\WinSxS\amd64_microsoft-windows-servicingstack_31bf3856ad364e35_10.0.20348.557_none_f1edaeb8515fa10d\TiWorker.exe,,S:AI,,SCAFFOLD,0x3e7,DC$,S-1-5-18,,,,,,,,,,,
2026-09-02T00:12:45.621652Z,4663,dc.scaffold.htb,Microsoft-Windows-Security-Auditing,Security,20897,0,"%%1538
				",0x20000,,,,,,,0xd44,,,,,,,,,,,,,C:\Windows\WinSxS\FileMaps\$$_microsoft.net_framework_v4.0.30319_wpf_fonts_dc62106d96619a3c.cdf-ms,Security,File,,,,0xe2c,C:\Windows\WinSxS\amd64_microsoft-windows-servicingstack_31bf3856ad364e35_10.0.20348.557_none_f1edaeb8515fa10d\TiWorker.exe,,S:AI,,SCAFFOLD,0x3e7,DC$,S-1-5-18,,,,,,,,,,,
2026-09-02T00:12:45.622691Z,4663,dc.scaffold.htb,Microsoft-Windows-Security-Auditing,Security,20898,0,"%%1538
				",0x20000,,,,,,,0xc78,,,,,,,,,,,,,C:\Windows\WinSxS\FileMaps\$$_microsoft.net_framework_v4.0.30319_wpf_en-us_dc5fd125966afabc.cdf-ms,Security,File,,,,0xe2c,C:\Windows\WinSxS\amd64_microsoft-windows-servicingstack_31bf3856ad364e35_10.0.20348.557_none_f1edaeb8515fa10d\TiWorker.exe,,S:AI,,SCAFFOLD,0x3e7,DC$,S-1-5-18,,,,,,,,,,,
2026-09-02T00:12:45.623871Z,4663,dc.scaffold.htb,Microsoft-Windows-Security-Auditing,Security,20899,0,"%%1538
				",0x20000,,,,,,,0x6f4,,,,,,,,,,,,,C:\Windows\WinSxS\FileMaps\$$_microsoft.net_framework_v4.0.30319_nativeimages_7f83bd6ed8241f3a.cdf-ms,Security,File,,,,0xe2c,C:\Windows\WinSxS\amd64_microsoft-windows-servicingstack_31bf3856ad364e35_10.0.20348.557_none_f1edaeb8515fa10d\TiWorker.exe,,S:AI,,SCAFFOLD,0x3e7,DC$,S-1-5-18,,,,,,,,,,,
2026-09-02T00:12:45.626055Z,4663,dc.scaffold.htb,Microsoft-Windows-Security-Auditing,Security,20900,0,"%%1538
				",0x20000,,,,,,,0xc60,,,,,,,,,,,,,C:\Windows\WinSxS\FileMaps\$$_microsoft.net_assembly_gac_msil_windowsformsintegration_v4.0_4.0.0.0_31bf3856ad364e35_fa1114fb4b113c6a.cdf-ms,Security,File,,,,0xe2c,C:\Windows\WinSxS\amd64_microsoft-windows-servicingstack_31bf3856ad364e35_10.0.20348.557_none_f1edaeb8515fa10d\TiWorker.exe,,S:AI,,SCAFFOLD,0x3e7,DC$,S-1-5-18,,,,,,,,,,,
2026-09-02T00:12:45.627056Z,4663,dc.scaffold.htb,Microsoft-Windows-Security-Auditing,Security,20901,0,"%%1538
				",0x20000,,,,,,,0xc60,,,,,,,,,,,,,C:\Windows\WinSxS\FileMaps\$$_microsoft.net_assembly_gac_msil_windowsbase_v4.0_4.0.0.0_31bf3856ad364e35_5764ca98829cd598.cdf-ms,Security,File,,,,0xe2c,C:\Windows\WinSxS\amd64_microsoft-windows-servicingstack_31bf3856ad364e35_10.0.20348.557_none_f1edaeb8515fa10d\TiWorker.exe,,S:AI,,SCAFFOLD,0x3e7,DC$,S-1-5-18,,,,,,,,,,,
2026-09-02T00:12:45.628016Z,4663,dc.scaffold.htb,Microsoft-Windows-Security-Auditing,Security,20902,0,"%%1538
				",0x20000,,,,,,,0xf14,,,,,,,,,,,,,C:\Windows\WinSxS\FileMaps\$$_microsoft.net_assembly_gac_msil_uiautomationtypes_v4.0_4.0.0.0_31bf3856ad364e35_1f12bec8f88f4450.cdf-ms,Security,File,,,,0xe2c,C:\Windows\WinSxS\amd64_microsoft-windows-servicingstack_31bf3856ad364e35_10.0.20348.557_none_f1edaeb8515fa10d\TiWorker.exe,,S:AI,,SCAFFOLD,0x3e7,DC$,S-1-5-18,,,,,,,,,,,
2026-09-02T00:12:45.629113Z,4663,dc.scaffold.htb,Microsoft-Windows-Security-Auditing,Security,20903,0,"%%1538
				",0x20000,,,,,,,0xabc,,,,,,,,,,,,,C:\Windows\WinSxS\FileMaps\$$_microsoft.net_assembly_gac_msil_uiautomationprovider_v4.0_4.0.0.0_31bf3856ad364e35_6bb637099f04ee2c.cdf-ms,Security,File,,,,0xe2c,C:\Windows\WinSxS\amd64_microsoft-windows-servicingstack_31bf3856ad364e35_10.0.20348.557_none_f1edaeb8515fa10d\TiWorker.exe,,S:AI,,SCAFFOLD,0x3e7,DC$,S-1-5-18,,,,,,,,,,,
2026-09-02T00:12:45.630153Z,4663,dc.scaffold.htb,Microsoft-Windows-Security-Auditing,Security,20904,0,"%%1538
				",0x20000,,,,,,,0x9ac,,,,,,,,,,,,,C:\Windows\WinSxS\FileMaps\$$_microsoft.net_assembly_gac_msil_uiautomationclientsideproviders_v4.0_4.0.0.0_31bf3856ad364e35_6944991d7b306f0d.cdf-ms,Security,File,,,,0xe2c,C:\Windows\WinSxS\amd64_microsoft-windows-servicingstack_31bf3856ad364e35_10.0.20348.557_none_f1edaeb8515fa10d\TiWorker.exe,,S:AI,,SCAFFOLD,0x3e7,DC$,S-1-5-18,,,,,,,,,,,
2026-09-02T00:12:45.631190Z,4663,dc.scaffold.htb,Microsoft-Windows-Security-Auditing,Security,20905,0,"%%1538
				",0x20000,,,,,,,0xef4,,,,,,,,,,,,,C:\Windows\WinSxS\FileMaps\$$_microsoft.net_assembly_gac_msil_uiautomationclient_v4.0_4.0.0.0_31bf3856ad364e35_35816ba0d06901c4.cdf-ms,Security,File,,,,0xe2c,C:\Windows\WinSxS\amd64_microsoft-windows-servicingstack_31bf3856ad364e35_10.0.20348.557_none_f1edaeb8515fa10d\TiWorker.exe,,S:AI,,SCAFFOLD,0x3e7,DC$,S-1-5-18,,,,,,,,,,,
2026-09-02T00:12:45.632635Z,4663,dc.scaffold.htb,Microsoft-Windows-Security-Auditing,Security,20906,0,"%%1538
				",0x20000,,,,,,,0xcc4,,,,,,,,,,,,,C:\Windows\WinSxS\FileMaps\$$_microsoft.net_assembly_gac_msil_system.xml_v4.0_4.0.0.0_b77a5c561934e089_ec23d9a7ad53e8b2.cdf-ms,Security,File,,,,0xe2c,C:\Windows\WinSxS\amd64_microsoft-windows-servicingstack_31bf3856ad364e35_10.0.20348.557_none_f1edaeb8515fa10d\TiWorker.exe,,S:AI,,SCAFFOLD,0x3e7,DC$,S-1-5-18,,,,,,,,,,,
2026-09-02T00:12:45.633674Z,4663,dc.scaffold.htb,Microsoft-Windows-Security-Auditing,Security,20907,0,"%%1538
				",0x20000,,,,,,,0xeb8,,,,,,,,,,,,,C:\Windows\WinSxS\FileMaps\$$_microsoft.net_assembly_gac_msil_system.xaml_v4.0_4.0.0.0_b77a5c561934e089_6747aba031bff5b1.cdf-ms,Security,File,,,,0xe2c,C:\Windows\WinSxS\amd64_microsoft-windows-servicingstack_31bf3856ad364e35_10.0.20348.557_none_f1edaeb8515fa10d\TiWorker.exe,,S:AI,,SCAFFOLD,0x3e7,DC$,S-1-5-18,,,,,,,,,,,
2026-09-02T00:12:45.634882Z,4663,dc.scaffold.htb,Microsoft-Windows-Security-Auditing,Security,20908,0,"%%1538
				",0x20000,,,,,,,0xcc4,,,,,,,,,,,,,C:\Windows\WinSxS\FileMaps\$$_microsoft.net_assembly_gac_msil_system.windows.forms_v4.0_4.0.0.0_b77a5c561934e089_7780f78ea9286b2d.cdf-ms,Security,File,,,,0xe2c,C:\Windows\WinSxS\amd64_microsoft-windows-servicingstack_31bf3856ad364e35_10.0.20348.557_none_f1edaeb8515fa10d\TiWorker.exe,,S:AI,,SCAFFOLD,0x3e7,DC$,S-1-5-18,,,,,,,,,,,
2026-09-02T00:12:45.635815Z,4663,dc.scaffold.htb,Microsoft-Windows-Security-Auditing,Security,20909,0,"%%1538
				",0x20000,,,,,,,0xfe0,,,,,,,,,,,,,C:\Windows\WinSxS\FileMaps\$$_microsoft.net_assembly_gac_msil_system.windows.controls.ribbon_v4.0_4.0.0.0_b77a5c561934e089_f0c023acb7bafe74.cdf-ms,Security,File,,,,0xe2c,C:\Windows\WinSxS\amd64_microsoft-windows-servicingstack_31bf3856ad364e35_10.0.20348.557_none_f1edaeb8515fa10d\TiWorker.exe,,S:AI,,SCAFFOLD,0x3e7,DC$,S-1-5-18,,,,,,,,,,,
2026-09-02T00:12:45.639519Z,4663,dc.scaffold.htb,Microsoft-Windows-Security-Auditing,Security,20910,0,"%%1538
				",0x20000,,,,,,,0xeac,,,,,,,,,,,,,C:\Windows\WinSxS\FileMaps\$$_microsoft.net_assembly_gac_msil_system.web.extensions_v4.0_4.0.0.0_31bf3856ad364e35_472dc08bcbe9e0cb.cdf-ms,Security,File,,,,0xe2c,C:\Windows\WinSxS\amd64_microsoft-windows-servicingstack_31bf3856ad364e35_10.0.20348.557_none_f1edaeb8515fa10d\TiWorker.exe,,S:AI,,SCAFFOLD,0x3e7,DC$,S-1-5-18,,,,,,,,,,,
2026-09-02T00:12:45.641207Z,4663,dc.scaffold.htb,Microsoft-Windows-Security-Auditing,Security,20911,0,"%%1538
				",0x20000,,,,,,,0xe34,,,,,,,,,,,,,C:\Windows\WinSxS\FileMaps\$$_microsoft.net_assembly_gac_msil_system.web.applicationservices_v4.0_4.0.0.0_31bf3856ad364e35_68ccda43ca2f1ddf.cdf-ms,Security,File,,,,0xe2c,C:\Windows\WinSxS\amd64_microsoft-windows-servicingstack_31bf3856ad364e35_10.0.20348.557_none_f1edaeb8515fa10d\TiWorker.exe,,S:AI,,SCAFFOLD,0x3e7,DC$,S-1-5-18,,,,,,,,,,,
2026-09-02T00:12:45.642872Z,4663,dc.scaffold.htb,Microsoft-Windows-Security-Auditing,Security,20912,0,"%%1538
				",0x20000,,,,,,,0x6dc,,,,,,,,,,,,,C:\Windows\WinSxS\FileMaps\$$_microsoft.net_assembly_gac_msil_system.servicemodel.washosting_v4.0_4.0.0.0_b77a5c561934e089_fcc9ffe6a33d9e56.cdf-ms,Security,File,,,,0xe2c,C:\Windows\WinSxS\amd64_microsoft-windows-servicingstack_31bf3856ad364e35_10.0.20348.557_none_f1edaeb8515fa10d\TiWorker.exe,,S:AI,,SCAFFOLD,0x3e7,DC$,S-1-5-18,,,,,,,,,,,
2026-09-02T00:12:45.644673Z,4663,dc.scaffold.htb,Microsoft-Windows-Security-Auditing,Security,20913,0,"%%1538
				",0x20000,,,,,,,0x58c,,,,,,,,,,,,,C:\Windows\WinSxS\FileMaps\$$_microsoft.net_assembly_gac_msil_system.servicemodel.internals_v4.0_4.0.0.0_31bf3856ad364e35_648841c36e579803.cdf-ms,Security,File,,,,0xe2c,C:\Windows\WinSxS\amd64_microsoft-windows-servicingstack_31bf3856ad364e35_10.0.20348.557_none_f1edaeb8515fa10d\TiWorker.exe,,S:AI,,SCAFFOLD,0x3e7,DC$,S-1-5-18,,,,,,,,,,,
2026-09-02T00:12:45.645834Z,4663,dc.scaffold.htb,Microsoft-Windows-Security-Auditing,Security,20914,0,"%%1538
				",0x20000,,,,,,,0x654,,,,,,,,,,,,,C:\Windows\WinSxS\FileMaps\$$_microsoft.net_assembly_gac_msil_system.servicemodel.discovery_v4.0_4.0.0.0_31bf3856ad364e35_77886dd12f6a8907.cdf-ms,Security,File,,,,0xe2c,C:\Windows\WinSxS\amd64_microsoft-windows-servicingstack_31bf3856ad364e35_10.0.20348.557_none_f1edaeb8515fa10d\TiWorker.exe,,S:AI,,SCAFFOLD,0x3e7,DC$,S-1-5-18,,,,,,,,,,,
2026-09-02T00:12:45.647491Z,4663,dc.scaffold.htb,Microsoft-Windows-Security-Auditing,Security,20915,0,"%%1538
				",0x20000,,,,,,,0xbec,,,,,,,,,,,,,C:\Windows\WinSxS\FileMaps\$$_microsoft.net_assembly_gac_msil_system.servicemodel.channels_v4.0_4.0.0.0_31bf3856ad364e35_3b879384d8488ea3.cdf-ms,Security,File,,,,0xe2c,C:\Windows\WinSxS\amd64_microsoft-windows-servicingstack_31bf3856ad364e35_10.0.20348.557_none_f1edaeb8515fa10d\TiWorker.exe,,S:AI,,SCAFFOLD,0x3e7,DC$,S-1-5-18,,,,,,,,,,,
2026-09-02T00:12:45.648800Z,4663,dc.scaffold.htb,Microsoft-Windows-Security-Auditing,Security,20916,0,"%%1538
				",0x20000,,,,,,,0xf50,,,,,,,,,,,,,C:\Windows\WinSxS\FileMaps\$$_microsoft.net_assembly_gac_msil_system.servicemodel_v4.0_4.0.0.0_b77a5c561934e089_b63f15dceb7fa3d7.cdf-ms,Security,File,,,,0xe2c,C:\Windows\WinSxS\amd64_microsoft-windows-servicingstack_31bf3856ad364e35_10.0.20348.557_none_f1edaeb8515fa10d\TiWorker.exe,,S:AI,,SCAFFOLD,0x3e7,DC$,S-1-5-18,,,,,,,,,,,
2026-09-02T00:12:45.650001Z,4663,dc.scaffold.htb,Microsoft-Windows-Security-Auditing,Security,20917,0,"%%1538
				",0x20000,,,,,,,0x660,,,,,,,,,,,,,C:\Windows\WinSxS\FileMaps\$$_microsoft.net_assembly_gac_msil_system.security_v4.0_4.0.0.0_b03f5f7f11d50a3a_b1f6c453104409f9.cdf-ms,Security,File,,,,0xe2c,C:\Windows\WinSxS\amd64_microsoft-windows-servicingstack_31bf3856ad364e35_10.0.20348.557_none_f1edaeb8515fa10d\TiWorker.exe,,S:AI,,SCAFFOLD,0x3e7,DC$,S-1-5-18,,,,,,,,,,,
2026-09-02T00:12:45.651672Z,4663,dc.scaffold.htb,Microsoft-Windows-Security-Auditing,Security,20918,0,"%%1538
				",0x20000,,,,,,,0xb80,,,,,,,,,,,,,C:\Windows\WinSxS\FileMaps\$$_microsoft.net_assembly_gac_msil_system.runtime.serialization_v4.0_4.0.0.0_b77a5c561934e089_f6fb5cdd6113e4c9.cdf-ms,Security,File,,,,0xe2c,C:\Windows\WinSxS\amd64_microsoft-windows-servicingstack_31bf3856ad364e35_10.0.20348.557_none_f1edaeb8515fa10d\TiWorker.exe,,S:AI,,SCAFFOLD,0x3e7,DC$,S-1-5-18,,,,,,,,,,,
2026-09-02T00:12:45.653493Z,4663,dc.scaffold.htb,Microsoft-Windows-Security-Auditing,Security,20919,0,"%%1538
				",0x20000,,,,,,,0xa54,,,,,,,,,,,,,C:\Windows\WinSxS\FileMaps\$$_microsoft.net_assembly_gac_msil_system.runtime.remoting_v4.0_4.0.0.0_b77a5c561934e089_7bd45a1c7774a4dc.cdf-ms,Security,File,,,,0xe2c,C:\Windows\WinSxS\amd64_microsoft-windows-servicingstack_31bf3856ad364e35_10.0.20348.557_none_f1edaeb8515fa10d\TiWorker.exe,,S:AI,,SCAFFOLD,0x3e7,DC$,S-1-5-18,,,,,,,,,,,
2026-09-02T00:12:45.655022Z,4663,dc.scaffold.htb,Microsoft-Windows-Security-Auditing,Security,20920,0,"%%1538
				",0x20000,,,,,,,0x5f8,,,,,,,,,,,,,C:\Windows\WinSxS\FileMaps\$$_microsoft.net_assembly_gac_msil_system.runtime.caching_v4.0_4.0.0.0_b03f5f7f11d50a3a_d3d490bba915725e.cdf-ms,Security,File,,,,0xe2c,C:\Windows\WinSxS\amd64_microsoft-windows-servicingstack_31bf3856ad364e35_10.0.20348.557_none_f1edaeb8515fa10d\TiWorker.exe,,S:AI,,SCAFFOLD,0x3e7,DC$,S-1-5-18,,,,,,,,,,,
2026-09-02T00:12:45.657463Z,4663,dc.scaffold.htb,Microsoft-Windows-Security-Auditing,Security,20921,0,"%%1538
				",0x20000,,,,,,,0x808,,,,,,,,,,,,,C:\Windows\WinSxS\FileMaps\$$_microsoft.net_assembly_gac_msil_system.net.http.webrequest_v4.0_4.0.0.0_b03f5f7f11d50a3a_efaa255295e3a257.cdf-ms,Security,File,,,,0xe2c,C:\Windows\WinSxS\amd64_microsoft-windows-servicingstack_31bf3856ad364e35_10.0.20348.557_none_f1edaeb8515fa10d\TiWorker.exe,,S:AI,,SCAFFOLD,0x3e7,DC$,S-1-5-18,,,,,,,,,,,
2026-09-02T00:12:45.659234Z,4663,dc.scaffold.htb,Microsoft-Windows-Security-Auditing,Security,20922,0,"%%1538
				",0x20000,,,,,,,0x878,,,,,,,,,,,,,C:\Windows\WinSxS\FileMaps\$$_microsoft.net_assembly_gac_msil_system.net.http_v4.0_4.0.0.0_b03f5f7f11d50a3a_c02456e4349fe25c.cdf-ms,Security,File,,,,0xe2c,C:\Windows\WinSxS\amd64_microsoft-windows-servicingstack_31bf3856ad364e35_10.0.20348.557_none_f1edaeb8515fa10d\TiWorker.exe,,S:AI,,SCAFFOLD,0x3e7,DC$,S-1-5-18,,,,,,,,,,,
2026-09-02T00:12:45.660924Z,4663,dc.scaffold.htb,Microsoft-Windows-Security-Auditing,Security,20923,0,"%%1538
				",0x20000,,,,,,,0xecc,,,,,,,,,,,,,C:\Windows\WinSxS\FileMaps\$$_microsoft.net_assembly_gac_msil_system.net_v4.0_4.0.0.0_b03f5f7f11d50a3a_3167549e3b04aa4e.cdf-ms,Security,File,,,,0xe2c,C:\Windows\WinSxS\amd64_microsoft-windows-servicingstack_31bf3856ad364e35_10.0.20348.557_none_f1edaeb8515fa10d\TiWorker.exe,,S:AI,,SCAFFOLD,0x3e7,DC$,S-1-5-18,,,,,,,,,,,
2026-09-02T00:12:45.662593Z,4663,dc.scaffold.htb,Microsoft-Windows-Security-Auditing,Security,20924,0,"%%1538
				",0x20000,,,,,,,0x85c,,,,,,,,,,,,,C:\Windows\WinSxS\FileMaps\$$_microsoft.net_assembly_gac_msil_system.io.compression_v4.0_4.0.0.0_b77a5c561934e089_c4b4345afacfcf69.cdf-ms,Security,File,,,,0xe2c,C:\Windows\WinSxS\amd64_microsoft-windows-servicingstack_31bf3856ad364e35_10.0.20348.557_none_f1edaeb8515fa10d\TiWorker.exe,,S:AI,,SCAFFOLD,0x3e7,DC$,S-1-5-18,,,,,,,,,,,
2026-09-02T00:12:45.664343Z,4663,dc.scaffold.htb,Microsoft-Windows-Security-Auditing,Security,20925,0,"%%1538
				",0x20000,,,,,,,0xd60,,,,,,,,,,,,,C:\Windows\WinSxS\FileMaps\$$_microsoft.net_assembly_gac_msil_system.identitymodel.services_v4.0_4.0.0.0_b77a5c561934e089_9152e5e9cf585ca0.cdf-ms,Security,File,,,,0xe2c,C:\Windows\WinSxS\amd64_microsoft-windows-servicingstack_31bf3856ad364e35_10.0.20348.557_none_f1edaeb8515fa10d\TiWorker.exe,,S:AI,,SCAFFOLD,0x3e7,DC$,S-1-5-18,,,,,,,,,,,
2026-09-02T00:12:45.665673Z,4663,dc.scaffold.htb,Microsoft-Windows-Security-Auditing,Security,20926,0,"%%1538
				",0x20000,,,,,,,0x868,,,,,,,,,,,,,C:\Windows\WinSxS\FileMaps\$$_microsoft.net_assembly_gac_msil_system.identitymodel_v4.0_4.0.0.0_b77a5c561934e089_b5d483bcf27e78c2.cdf-ms,Security,File,,,,0xe2c,C:\Windows\WinSxS\amd64_microsoft-windows-servicingstack_31bf3856ad364e35_10.0.20348.557_none_f1edaeb8515fa10d\TiWorker.exe,,S:AI,,SCAFFOLD,0x3e7,DC$,S-1-5-18,,,,,,,,,,,
2026-09-02T00:12:45.667862Z,4663,dc.scaffold.htb,Microsoft-Windows-Security-Auditing,Security,20927,0,"%%1538
				",0x20000,,,,,,,0xd74,,,,,,,,,,,,,C:\Windows\WinSxS\FileMaps\$$_microsoft.net_assembly_gac_msil_system.directoryservices.accountmanagement_v4.0_4.0.0.0_b77a5c561_16c16f8d1da3da7a.cdf-ms,Security,File,,,,0xe2c,C:\Windows\WinSxS\amd64_microsoft-windows-servicingstack_31bf3856ad364e35_10.0.20348.557_none_f1edaeb8515fa10d\TiWorker.exe,,S:AI,,SCAFFOLD,0x3e7,DC$,S-1-5-18,,,,,,,,,,,
2026-09-02T00:12:45.669296Z,4663,dc.scaffold.htb,Microsoft-Windows-Security-Auditing,Security,20928,0,"%%1538
				",0x20000,,,,,,,0xd7c,,,,,,,,,,,,,C:\Windows\WinSxS\FileMaps\$$_microsoft.net_assembly_gac_msil_system.directoryservices_v4.0_4.0.0.0_b03f5f7f11d50a3a_8d57c15241d35cfa.cdf-ms,Security,File,,,,0xe2c,C:\Windows\WinSxS\amd64_microsoft-windows-servicingstack_31bf3856ad364e35_10.0.20348.557_none_f1edaeb8515fa10d\TiWorker.exe,,S:AI,,SCAFFOLD,0x3e7,DC$,S-1-5-18,,,,,,,,,,,
2026-09-02T00:12:45.670888Z,4663,dc.scaffold.htb,Microsoft-Windows-Security-Auditing,Security,20929,0,"%%1538
				",0x20000,,,,,,,0xbe4,,,,,,,,,,,,,C:\Windows\WinSxS\FileMaps\$$_microsoft.net_assembly_gac_msil_system.deployment_v4.0_4.0.0.0_b03f5f7f11d50a3a_e63bb68aefb0cd4a.cdf-ms,Security,File,,,,0xe2c,C:\Windows\WinSxS\amd64_microsoft-windows-servicingstack_31bf3856ad364e35_10.0.20348.557_none_f1edaeb8515fa10d\TiWorker.exe,,S:AI,,SCAFFOLD,0x3e7,DC$,S-1-5-18,,,,,,,,,,,
2026-09-02T00:12:45.672250Z,4663,dc.scaffold.htb,Microsoft-Windows-Security-Auditing,Security,20930,0,"%%1538
				",0x20000,,,,,,,0x6b4,,,,,,,,,,,,,C:\Windows\WinSxS\FileMaps\$$_microsoft.net_assembly_gac_msil_system.data.sqlxml_v4.0_4.0.0.0_b77a5c561934e089_748d37f4caf63460.cdf-ms,Security,File,,,,0xe2c,C:\Windows\WinSxS\amd64_microsoft-windows-servicingstack_31bf3856ad364e35_10.0.20348.557_none_f1edaeb8515fa10d\TiWorker.exe,,S:AI,,SCAFFOLD,0x3e7,DC$,S-1-5-18,,,,,,,,,,,
2026-09-02T00:12:45.673200Z,4663,dc.scaffold.htb,Microsoft-Windows-Security-Auditing,Security,20931,0,"%%1538
				",0x20000,,,,,,,0x6b4,,,,,,,,,,,,,C:\Windows\WinSxS\FileMaps\$$_microsoft.net_assembly_gac_msil_system.core_v4.0_4.0.0.0_b77a5c561934e089_18d3047bb5729e36.cdf-ms,Security,File,,,,0xe2c,C:\Windows\WinSxS\amd64_microsoft-windows-servicingstack_31bf3856ad364e35_10.0.20348.557_none_f1edaeb8515fa10d\TiWorker.exe,,S:AI,,SCAFFOLD,0x3e7,DC$,S-1-5-18,,,,,,,,,,,
2026-09-02T00:12:45.674954Z,4663,dc.scaffold.htb,Microsoft-Windows-Security-Auditing,Security,20932,0,"%%1538
				",0x20000,,,,,,,0xfd4,,,,,,,,,,,,,C:\Windows\WinSxS\FileMaps\$$_microsoft.net_assembly_gac_msil_system.activities.presentation_v4.0_4.0.0.0_31bf3856ad364e35_3c5a73e0ef416e18.cdf-ms,Security,File,,,,0xe2c,C:\Windows\WinSxS\amd64_microsoft-windows-servicingstack_31bf3856ad364e35_10.0.20348.557_none_f1edaeb8515fa10d\TiWorker.exe,,S:AI,,SCAFFOLD,0x3e7,DC$,S-1-5-18,,,,,,,,,,,
2026-09-02T00:12:45.676597Z,4663,dc.scaffold.htb,Microsoft-Windows-Security-Auditing,Security,20933,0,"%%1538
				",0x20000,,,,,,,0xae8,,,,,,,,,,,,,C:\Windows\WinSxS\FileMaps\$$_microsoft.net_assembly_gac_msil_system.activities_v4.0_4.0.0.0_31bf3856ad364e35_bdef15cb807505c8.cdf-ms,Security,File,,,,0xe2c,C:\Windows\WinSxS\amd64_microsoft-windows-servicingstack_31bf3856ad364e35_10.0.20348.557_none_f1edaeb8515fa10d\TiWorker.exe,,S:AI,,SCAFFOLD,0x3e7,DC$,S-1-5-18,,,,,,,,,,,
2026-09-02T00:12:45.677547Z,4663,dc.scaffold.htb,Microsoft-Windows-Security-Auditing,Security,20934,0,"%%1538
				",0x20000,,,,,,,0xe5c,,,,,,,,,,,,,C:\Windows\WinSxS\FileMaps\$$_microsoft.net_assembly_gac_msil_system_v4.0_4.0.0.0_b77a5c561934e089_4348a29e5981af79.cdf-ms,Security,File,,,,0xe2c,C:\Windows\WinSxS\amd64_microsoft-windows-servicingstack_31bf3856ad364e35_10.0.20348.557_none_f1edaeb8515fa10d\TiWorker.exe,,S:AI,,SCAFFOLD,0x3e7,DC$,S-1-5-18,,,,,,,,,,,
2026-09-02T00:12:45.678983Z,4663,dc.scaffold.htb,Microsoft-Windows-Security-Auditing,Security,20935,0,"%%1538
				",0x20000,,,,,,,0xdb8,,,,,,,,,,,,,C:\Windows\WinSxS\FileMaps\$$_microsoft.net_assembly_gac_msil_smdiagnostics_v4.0_4.0.0.0_b77a5c561934e089_8a46d250f4d4a9d0.cdf-ms,Security,File,,,,0xe2c,C:\Windows\WinSxS\amd64_microsoft-windows-servicingstack_31bf3856ad364e35_10.0.20348.557_none_f1edaeb8515fa10d\TiWorker.exe,,S:AI,,SCAFFOLD,0x3e7,DC$,S-1-5-18,,,,,,,,,,,
2026-09-02T00:12:45.680201Z,4663,dc.scaffold.htb,Microsoft-Windows-Security-Auditing,Security,20936,0,"%%1538
				",0x20000,,,,,,,0x5bc,,,,,,,,,,,,,C:\Windows\WinSxS\FileMaps\$$_microsoft.net_assembly_gac_msil_reachframework_v4.0_4.0.0.0_31bf3856ad364e35_72298e36fcd01f69.cdf-ms,Security,File,,,,0xe2c,C:\Windows\WinSxS\amd64_microsoft-windows-servicingstack_31bf3856ad364e35_10.0.20348.557_none_f1edaeb8515fa10d\TiWorker.exe,,S:AI,,SCAFFOLD,0x3e7,DC$,S-1-5-18,,,,,,,,,,,
2026-09-02T00:12:45.681212Z,4663,dc.scaffold.htb,Microsoft-Windows-Security-Auditing,Security,20937,0,"%%1538
				",0x20000,,,,,,,0xbd4,,,,,,,,,,,,,C:\Windows\WinSxS\FileMaps\$$_microsoft.net_assembly_gac_msil_presentationframework-systemdata_v4.0_4.0.0.0_b77a5c561934e089_89b90455552a8828.cdf-ms,Security,File,,,,0xe2c,C:\Windows\WinSxS\amd64_microsoft-windows-servicingstack_31bf3856ad364e35_10.0.20348.557_none_f1edaeb8515fa10d\TiWorker.exe,,S:AI,,SCAFFOLD,0x3e7,DC$,S-1-5-18,,,,,,,,,,,
2026-09-02T00:12:45.684431Z,4663,dc.scaffold.htb,Microsoft-Windows-Security-Auditing,Security,20938,0,"%%1538
				",0x20000,,,,,,,0xd6c,,,,,,,,,,,,,C:\Windows\WinSxS\FileMaps\$$_microsoft.net_assembly_gac_msil_presentationframework_v4.0_4.0.0.0_31bf3856ad364e35_b57a3b1abb4f9cb2.cdf-ms,Security,File,,,,0xe2c,C:\Windows\WinSxS\amd64_microsoft-windows-servicingstack_31bf3856ad364e35_10.0.20348.557_none_f1edaeb8515fa10d\TiWorker.exe,,S:AI,,SCAFFOLD,0x3e7,DC$,S-1-5-18,,,,,,,,,,,
2026-09-02T00:12:46.129250Z,4985,dc.scaffold.htb,Microsoft-Windows-Security-Auditing,Security,20939,0,,,,,,,,,,,,,,,,,,,,48,,,,,,,,0xe2c,C:\Windows\WinSxS\amd64_microsoft-windows-servicingstack_31bf3856ad364e35_10.0.20348.557_none_f1edaeb8515fa10d\TiWorker.exe,,,DA4CB52F-4F22-11F1-A9A6-8906DE6815CD,SCAFFOLD,0x3e7,DC$,S-1-5-18,,,,,,,,,2997115E-A661-11F1-9932-005056B98D90,,
2026-09-02T00:12:46.129442Z,4663,dc.scaffold.htb,Microsoft-Windows-Security-Auditing,Security,20940,0,"%%1537
				",0x10000,,,,,,,0x1318,,,,,,,,,,,,,C:\Windows\WinSxS\FileMaps\_0000000000000000.cdf-ms,Security,File,,,,0xe2c,C:\Windows\WinSxS\amd64_microsoft-windows-servicingstack_31bf3856ad364e35_10.0.20348.557_none_f1edaeb8515fa10d\TiWorker.exe,,S:AI,,SCAFFOLD,0x3e7,DC$,S-1-5-18,,,,,,,,,,,
2026-09-02T00:12:46.129460Z,4660,dc.scaffold.htb,Microsoft-Windows-Security-Auditing,Security,20941,0,,,,,,,,,0x1318,,,,,,,,,,,,,,Security,,,,,0xe2c,C:\Windows\WinSxS\amd64_microsoft-windows-servicingstack_31bf3856ad364e35_10.0.20348.557_none_f1edaeb8515fa10d\TiWorker.exe,,,,SCAFFOLD,0x3e7,DC$,S-1-5-18,,,,,,,,,2997115E-A661-11F1-9932-005056B98D90,,
2026-09-02T00:12:46.134292Z,4663,dc.scaffold.htb,Microsoft-Windows-Security-Auditing,Security,20942,0,"%%4417
				",0x2,,,,,,,0x1d90,,,,,,,,,,,,,C:\Windows\WinSxS\FileMaps,Security,File,,,,0xe2c,C:\Windows\WinSxS\amd64_microsoft-windows-servicingstack_31bf3856ad364e35_10.0.20348.557_none_f1edaeb8515fa10d\TiWorker.exe,,S:AI,,SCAFFOLD,0x3e7,DC$,S-1-5-18,,,,,,,,,,,
2026-09-02T00:12:46.134666Z,4663,dc.scaffold.htb,Microsoft-Windows-Security-Auditing,Security,20943,0,"%%1538
				",0x20000,,,,,,,0x1318,,,,,,,,,,,,,C:\Windows\WinSxS\FileMaps,Security,File,,,,0xe2c,C:\Windows\WinSxS\amd64_microsoft-windows-servicingstack_31bf3856ad364e35_10.0.20348.557_none_f1edaeb8515fa10d\TiWorker.exe,,S:AI,,SCAFFOLD,0x3e7,DC$,S-1-5-18,,,,,,,,,,,
2026-09-02T00:12:46.134806Z,4663,dc.scaffold.htb,Microsoft-Windows-Security-Auditing,Security,20944,0,"%%1538
				",0x20000,,,,,,,0x1318,,,,,,,,,,,,,C:\Windows\WinSxS\FileMaps,Security,File,,,,0xe2c,C:\Windows\WinSxS\amd64_microsoft-windows-servicingstack_31bf3856ad364e35_10.0.20348.557_none_f1edaeb8515fa10d\TiWorker.exe,,S:AI,,SCAFFOLD,0x3e7,DC$,S-1-5-18,,,,,,,,,,,
2026-09-02T00:12:46.135015Z,4663,dc.scaffold.htb,Microsoft-Windows-Security-Auditing,Security,20945,0,"%%1537
				",0x10000,,,,,,,0x1320,,,,,,,,,,,,,C:\Windows\WinSxS\FileMaps\$$.cdf-ms,Security,File,,,,0xe2c,C:\Windows\WinSxS\amd64_microsoft-windows-servicingstack_31bf3856ad364e35_10.0.20348.557_none_f1edaeb8515fa10d\TiWorker.exe,,S:AI,,SCAFFOLD,0x3e7,DC$,S-1-5-18,,,,,,,,,,,
2026-09-02T00:12:46.135040Z,4660,dc.scaffold.htb,Microsoft-Windows-Security-Auditing,Security,20946,0,,,,,,,,,0x1320,,,,,,,,,,,,,,Security,,,,,0xe2c,C:\Windows\WinSxS\amd64_microsoft-windows-servicingstack_31bf3856ad364e35_10.0.20348.557_none_f1edaeb8515fa10d\TiWorker.exe,,,,SCAFFOLD,0x3e7,DC$,S-1-5-18,,,,,,,,,2997115E-A661-11F1-9932-005056B98D90,,
2026-09-02T00:12:46.137711Z,4663,dc.scaffold.htb,Microsoft-Windows-Security-Auditing,Security,20947,0,"%%4417
				",0x2,,,,,,,0x1d90,,,,,,,,,,,,,C:\Windows\WinSxS\FileMaps,Security,File,,,,0xe2c,C:\Windows\WinSxS\amd64_microsoft-windows-servicingstack_31bf3856ad364e35_10.0.20348.557_none_f1edaeb8515fa10d\TiWorker.exe,,S:AI,,SCAFFOLD,0x3e7,DC$,S-1-5-18,,,,,,,,,,,
2026-09-02T00:12:46.137969Z,4663,dc.scaffold.htb,Microsoft-Windows-Security-Auditing,Security,20948,0,"%%1538
				",0x20000,,,,,,,0x1114,,,,,,,,,,,,,C:\Windows\WinSxS\FileMaps,Security,File,,,,0xe2c,C:\Windows\WinSxS\amd64_microsoft-windows-servicingstack_31bf3856ad364e35_10.0.20348.557_none_f1edaeb8515fa10d\TiWorker.exe,,S:AI,,SCAFFOLD,0x3e7,DC$,S-1-5-18,,,,,,,,,,,
2026-09-02T00:12:46.138147Z,4663,dc.scaffold.htb,Microsoft-Windows-Security-Auditing,Security,20949,0,"%%1538
				",0x20000,,,,,,,0x1114,,,,,,,,,,,,,C:\Windows\WinSxS\FileMaps,Security,File,,,,0xe2c,C:\Windows\WinSxS\amd64_microsoft-windows-servicingstack_31bf3856ad364e35_10.0.20348.557_none_f1edaeb8515fa10d\TiWorker.exe,,S:AI,,SCAFFOLD,0x3e7,DC$,S-1-5-18,,,,,,,,,,,
2026-09-02T00:12:46.138371Z,4663,dc.scaffold.htb,Microsoft-Windows-Security-Auditing,Security,20950,0,"%%1537
				",0x10000,,,,,,,0x1318,,,,,,,,,,,,,C:\Windows\WinSxS\FileMaps\$$_syswow64_21ffbdd2a2dd92e0.cdf-ms,Security,File,,,,0xe2c,C:\Windows\WinSxS\amd64_microsoft-windows-servicingstack_31bf3856ad364e35_10.0.20348.557_none_f1edaeb8515fa10d\TiWorker.exe,,S:AI,,SCAFFOLD,0x3e7,DC$,S-1-5-18,,,,,,,,,,,
2026-09-02T00:12:46.138389Z,4660,dc.scaffold.htb,Microsoft-Windows-Security-Auditing,Security,20951,0,,,,,,,,,0x1318,,,,,,,,,,,,,,Security,,,,,0xe2c,C:\Windows\WinSxS\amd64_microsoft-windows-servicingstack_31bf3856ad364e35_10.0.20348.557_none_f1edaeb8515fa10d\TiWorker.exe,,,,SCAFFOLD,0x3e7,DC$,S-1-5-18,,,,,,,,,2997115E-A661-11F1-9932-005056B98D90,,
2026-09-02T00:12:46.143854Z,4663,dc.scaffold.htb,Microsoft-Windows-Security-Auditing,Security,20952,0,"%%4417
				",0x2,,,,,,,0x1d90,,,,,,,,,,,,,C:\Windows\WinSxS\FileMaps,Security,File,,,,0xe2c,C:\Windows\WinSxS\amd64_microsoft-windows-servicingstack_31bf3856ad364e35_10.0.20348.557_none_f1edaeb8515fa10d\TiWorker.exe,,S:AI,,SCAFFOLD,0x3e7,DC$,S-1-5-18,,,,,,,,,,,
2026-09-02T00:12:46.144127Z,4663,dc.scaffold.htb,Microsoft-Windows-Security-Auditing,Security,20953,0,"%%1538
				",0x20000,,,,,,,0x1318,,,,,,,,,,,,,C:\Windows\WinSxS\FileMaps,Security,File,,,,0xe2c,C:\Windows\WinSxS\amd64_microsoft-windows-servicingstack_31bf3856ad364e35_10.0.20348.557_none_f1edaeb8515fa10d\TiWorker.exe,,S:AI,,SCAFFOLD,0x3e7,DC$,S-1-5-18,,,,,,,,,,,
2026-09-02T00:12:46.144279Z,4663,dc.scaffold.htb,Microsoft-Windows-Security-Auditing,Security,20954,0,"%%1538
				",0x20000,,,,,,,0x1318,,,,,,,,,,,,,C:\Windows\WinSxS\FileMaps,Security,File,,,,0xe2c,C:\Windows\WinSxS\amd64_microsoft-windows-servicingstack_31bf3856ad364e35_10.0.20348.557_none_f1edaeb8515fa10d\TiWorker.exe,,S:AI,,SCAFFOLD,0x3e7,DC$,S-1-5-18,,,,,,,,,,,
2026-09-02T00:12:46.144520Z,4663,dc.scaffold.htb,Microsoft-Windows-Security-Auditing,Security,20955,0,"%%1537
				",0x10000,,,,,,,0x1320,,,,,,,,,,,,,C:\Windows\WinSxS\FileMaps\$$_system32_21f9a9c4a2f8b514.cdf-ms,Security,File,,,,0xe2c,C:\Windows\WinSxS\amd64_microsoft-windows-servicingstack_31bf3856ad364e35_10.0.20348.557_none_f1edaeb8515fa10d\TiWorker.exe,,S:AI,,SCAFFOLD,0x3e7,DC$,S-1-5-18,,,,,,,,,,,
2026-09-02T00:12:46.144607Z,4660,dc.scaffold.htb,Microsoft-Windows-Security-Auditing,Security,20956,0,,,,,,,,,0x1320,,,,,,,,,,,,,,Security,,,,,0xe2c,C:\Windows\WinSxS\amd64_microsoft-windows-servicingstack_31bf3856ad364e35_10.0.20348.557_none_f1edaeb8515fa10d\TiWorker.exe,,,,SCAFFOLD,0x3e7,DC$,S-1-5-18,,,,,,,,,2997115E-A661-11F1-9932-005056B98D90,,
2026-09-02T00:12:46.155435Z,4663,dc.scaffold.htb,Microsoft-Windows-Security-Auditing,Security,20957,0,"%%4417
				",0x2,,,,,,,0x1d90,,,,,,,,,,,,,C:\Windows\WinSxS\FileMaps,Security,File,,,,0xe2c,C:\Windows\WinSxS\amd64_microsoft-windows-servicingstack_31bf3856ad364e35_10.0.20348.557_none_f1edaeb8515fa10d\TiWorker.exe,,S:AI,,SCAFFOLD,0x3e7,DC$,S-1-5-18,,,,,,,,,,,
2026-09-02T00:12:46.155713Z,4663,dc.scaffold.htb,Microsoft-Windows-Security-Auditing,Security,20958,0,"%%1538
				",0x20000,,,,,,,0x1320,,,,,,,,,,,,,C:\Windows\WinSxS\FileMaps,Security,File,,,,0xe2c,C:\Windows\WinSxS\amd64_microsoft-windows-servicingstack_31bf3856ad364e35_10.0.20348.557_none_f1edaeb8515fa10d\TiWorker.exe,,S:AI,,SCAFFOLD,0x3e7,DC$,S-1-5-18,,,,,,,,,,,
2026-09-02T00:12:46.155860Z,4663,dc.scaffold.htb,Microsoft-Windows-Security-Auditing,Security,20959,0,"%%1538
				",0x20000,,,,,,,0x1320,,,,,,,,,,,,,C:\Windows\WinSxS\FileMaps,Security,File,,,,0xe2c,C:\Windows\WinSxS\amd64_microsoft-windows-servicingstack_31bf3856ad364e35_10.0.20348.557_none_f1edaeb8515fa10d\TiWorker.exe,,S:AI,,SCAFFOLD,0x3e7,DC$,S-1-5-18,,,,,,,,,,,
2026-09-02T00:12:46.156174Z,4663,dc.scaffold.htb,Microsoft-Windows-Security-Auditing,Security,20960,0,"%%1537
				",0x10000,,,,,,,0x1114,,,,,,,,,,,,,C:\Windows\WinSxS\FileMaps\$$_system32_wbem_06656d9fdf2f8577.cdf-ms,Security,File,,,,0xe2c,C:\Windows\WinSxS\amd64_microsoft-windows-servicingstack_31bf3856ad364e35_10.0.20348.557_none_f1edaeb8515fa10d\TiWorker.exe,,S:AI,,SCAFFOLD,0x3e7,DC$,S-1-5-18,,,,,,,,,,,
2026-09-02T00:12:46.156179Z,4660,dc.scaffold.htb,Microsoft-Windows-Security-Auditing,Security,20961,0,,,,,,,,,0x1114,,,,,,,,,,,,,,Security,,,,,0xe2c,C:\Windows\WinSxS\amd64_microsoft-windows-servicingstack_31bf3856ad364e35_10.0.20348.557_none_f1edaeb8515fa10d\TiWorker.exe,,,,SCAFFOLD,0x3e7,DC$,S-1-5-18,,,,,,,,,2997115E-A661-11F1-9932-005056B98D90,,
2026-09-02T00:12:46.158658Z,4663,dc.scaffold.htb,Microsoft-Windows-Security-Auditing,Security,20962,0,"%%4417
				",0x2,,,,,,,0x1d90,,,,,,,,,,,,,C:\Windows\WinSxS\FileMaps,Security,File,,,,0xe2c,C:\Windows\WinSxS\amd64_microsoft-windows-servicingstack_31bf3856ad364e35_10.0.20348.557_none_f1edaeb8515fa10d\TiWorker.exe,,S:AI,,SCAFFOLD,0x3e7,DC$,S-1-5-18,,,,,,,,,,,
2026-09-02T00:12:46.158932Z,4663,dc.scaffold.htb,Microsoft-Windows-Security-Auditing,Security,20963,0,"%%1538
				",0x20000,,,,,,,0x1114,,,,,,,,,,,,,C:\Windows\WinSxS\FileMaps,Security,File,,,,0xe2c,C:\Windows\WinSxS\amd64_microsoft-windows-servicingstack_31bf3856ad364e35_10.0.20348.557_none_f1edaeb8515fa10d\TiWorker.exe,,S:AI,,SCAFFOLD,0x3e7,DC$,S-1-5-18,,,,,,,,,,,
2026-09-02T00:12:46.159079Z,4663,dc.scaffold.htb,Microsoft-Windows-Security-Auditing,Security,20964,0,"%%1538
				",0x20000,,,,,,,0x1114,,,,,,,,,,,,,C:\Windows\WinSxS\FileMaps,Security,File,,,,0xe2c,C:\Windows\WinSxS\amd64_microsoft-windows-servicingstack_31bf3856ad364e35_10.0.20348.557_none_f1edaeb8515fa10d\TiWorker.exe,,S:AI,,SCAFFOLD,0x3e7,DC$,S-1-5-18,,,,,,,,,,,
2026-09-02T00:12:46.159301Z,4663,dc.scaffold.htb,Microsoft-Windows-Security-Auditing,Security,20965,0,"%%1537
				",0x10000,,,,,,,0x1318,,,,,,,,,,,,,C:\Windows\WinSxS\FileMaps\$$_microsoft.net_3296b36dbe4c7fa3.cdf-ms,Security,File,,,,0xe2c,C:\Windows\WinSxS\amd64_microsoft-windows-servicingstack_31bf3856ad364e35_10.0.20348.557_none_f1edaeb8515fa10d\TiWorker.exe,,S:AI,,SCAFFOLD,0x3e7,DC$,S-1-5-18,,,,,,,,,,,
2026-09-02T00:12:46.159313Z,4660,dc.scaffold.htb,Microsoft-Windows-Security-Auditing,Security,20966,0,,,,,,,,,0x1318,,,,,,,,,,,,,,Security,,,,,0xe2c,C:\Windows\WinSxS\amd64_microsoft-windows-servicingstack_31bf3856ad364e35_10.0.20348.557_none_f1edaeb8515fa10d\TiWorker.exe,,,,SCAFFOLD,0x3e7,DC$,S-1-5-18,,,,,,,,,2997115E-A661-11F1-9932-005056B98D90,,
2026-09-02T00:12:46.161609Z,4663,dc.scaffold.htb,Microsoft-Windows-Security-Auditing,Security,20967,0,"%%4417
				",0x2,,,,,,,0x1d90,,,,,,,,,,,,,C:\Windows\WinSxS\FileMaps,Security,File,,,,0xe2c,C:\Windows\WinSxS\amd64_microsoft-windows-servicingstack_31bf3856ad364e35_10.0.20348.557_none_f1edaeb8515fa10d\TiWorker.exe,,S:AI,,SCAFFOLD,0x3e7,DC$,S-1-5-18,,,,,,,,,,,
2026-09-02T00:12:46.161872Z,4663,dc.scaffold.htb,Microsoft-Windows-Security-Auditing,Security,20968,0,"%%1538
				",0x20000,,,,,,,0x1318,,,,,,,,,,,,,C:\Windows\WinSxS\FileMaps,Security,File,,,,0xe2c,C:\Windows\WinSxS\amd64_microsoft-windows-servicingstack_31bf3856ad364e35_10.0.20348.557_none_f1edaeb8515fa10d\TiWorker.exe,,S:AI,,SCAFFOLD,0x3e7,DC$,S-1-5-18,,,,,,,,,,,
2026-09-02T00:12:46.162027Z,4663,dc.scaffold.htb,Microsoft-Windows-Security-Auditing,Security,20969,0,"%%1538
				",0x20000,,,,,,,0x1318,,,,,,,,,,,,,C:\Windows\WinSxS\FileMaps,Security,File,,,,0xe2c,C:\Windows\WinSxS\amd64_microsoft-windows-servicingstack_31bf3856ad364e35_10.0.20348.557_none_f1edaeb8515fa10d\TiWorker.exe,,S:AI,,SCAFFOLD,0x3e7,DC$,S-1-5-18,,,,,,,,,,,
2026-09-02T00:12:46.162244Z,4663,dc.scaffold.htb,Microsoft-Windows-Security-Auditing,Security,20970,0,"%%1537
				",0x10000,,,,,,,0x1320,,,,,,,,,,,,,C:\Windows\WinSxS\FileMaps\$$_microsoft.net_framework64_083d4e330e766c5d.cdf-ms,Security,File,,,,0xe2c,C:\Windows\WinSxS\amd64_microsoft-windows-servicingstack_31bf3856ad364e35_10.0.20348.557_none_f1edaeb8515fa10d\TiWorker.exe,,S:AI,,SCAFFOLD,0x3e7,DC$,S-1-5-18,,,,,,,,,,,
2026-09-02T00:12:46.162255Z,4660,dc.scaffold.htb,Microsoft-Windows-Security-Auditing,Security,20971,0,,,,,,,,,0x1320,,,,,,,,,,,,,,Security,,,,,0xe2c,C:\Windows\WinSxS\amd64_microsoft-windows-servicingstack_31bf3856ad364e35_10.0.20348.557_none_f1edaeb8515fa10d\TiWorker.exe,,,,SCAFFOLD,0x3e7,DC$,S-1-5-18,,,,,,,,,2997115E-A661-11F1-9932-005056B98D90,,
2026-09-02T00:12:46.164693Z,4663,dc.scaffold.htb,Microsoft-Windows-Security-Auditing,Security,20972,0,"%%4417
				",0x2,,,,,,,0x1d90,,,,,,,,,,,,,C:\Windows\WinSxS\FileMaps,Security,File,,,,0xe2c,C:\Windows\WinSxS\amd64_microsoft-windows-servicingstack_31bf3856ad364e35_10.0.20348.557_none_f1edaeb8515fa10d\TiWorker.exe,,S:AI,,SCAFFOLD,0x3e7,DC$,S-1-5-18,,,,,,,,,,,
2026-09-02T00:12:46.164960Z,4663,dc.scaffold.htb,Microsoft-Windows-Security-Auditing,Security,20973,0,"%%1538
				",0x20000,,,,,,,0x1320,,,,,,,,,,,,,C:\Windows\WinSxS\FileMaps,Security,File,,,,0xe2c,C:\Windows\WinSxS\amd64_microsoft-windows-servicingstack_31bf3856ad364e35_10.0.20348.557_none_f1edaeb8515fa10d\TiWorker.exe,,S:AI,,SCAFFOLD,0x3e7,DC$,S-1-5-18,,,,,,,,,,,
2026-09-02T00:12:46.165112Z,4663,dc.scaffold.htb,Microsoft-Windows-Security-Auditing,Security,20974,0,"%%1538
				",0x20000,,,,,,,0x1320,,,,,,,,,,,,,C:\Windows\WinSxS\FileMaps,Security,File,,,,0xe2c,C:\Windows\WinSxS\amd64_microsoft-windows-servicingstack_31bf3856ad364e35_10.0.20348.557_none_f1edaeb8515fa10d\TiWorker.exe,,S:AI,,SCAFFOLD,0x3e7,DC$,S-1-5-18,,,,,,,,,,,
2026-09-02T00:12:46.165326Z,4663,dc.scaffold.htb,Microsoft-Windows-Security-Auditing,Security,20975,0,"%%1537
				",0x10000,,,,,,,0x1114,,,,,,,,,,,,,C:\Windows\WinSxS\FileMaps\$$_microsoft.net_framework64_v4.0.30319_46321ba736a30085.cdf-ms,Security,File,,,,0xe2c,C:\Windows\WinSxS\amd64_microsoft-windows-servicingstack_31bf3856ad364e35_10.0.20348.557_none_f1edaeb8515fa10d\TiWorker.exe,,S:AI,,SCAFFOLD,0x3e7,DC$,S-1-5-18,,,,,,,,,,,
2026-09-02T00:12:46.165334Z,4660,dc.scaffold.htb,Microsoft-Windows-Security-Auditing,Security,20976,0,,,,,,,,,0x1114,,,,,,,,,,,,,,Security,,,,,0xe2c,C:\Windows\WinSxS\amd64_microsoft-windows-servicingstack_31bf3856ad364e35_10.0.20348.557_none_f1edaeb8515fa10d\TiWorker.exe,,,,SCAFFOLD,0x3e7,DC$,S-1-5-18,,,,,,,,,2997115E-A661-11F1-9932-005056B98D90,,
2026-09-02T00:12:46.168476Z,4663,dc.scaffold.htb,Microsoft-Windows-Security-Auditing,Security,20977,0,"%%4417
				",0x2,,,,,,,0x1d90,,,,,,,,,,,,,C:\Windows\WinSxS\FileMaps,Security,File,,,,0xe2c,C:\Windows\WinSxS\amd64_microsoft-windows-servicingstack_31bf3856ad364e35_10.0.20348.557_none_f1edaeb8515fa10d\TiWorker.exe,,S:AI,,SCAFFOLD,0x3e7,DC$,S-1-5-18,,,,,,,,,,,
2026-09-02T00:12:46.168746Z,4663,dc.scaffold.htb,Microsoft-Windows-Security-Auditing,Security,20978,0,"%%1538
				",0x20000,,,,,,,0x1114,,,,,,,,,,,,,C:\Windows\WinSxS\FileMaps,Security,File,,,,0xe2c,C:\Windows\WinSxS\amd64_microsoft-windows-servicingstack_31bf3856ad364e35_10.0.20348.557_none_f1edaeb8515fa10d\TiWorker.exe,,S:AI,,SCAFFOLD,0x3e7,DC$,S-1-5-18,,,,,,,,,,,
2026-09-02T00:12:46.168894Z,4663,dc.scaffold.htb,Microsoft-Windows-Security-Auditing,Security,20979,0,"%%1538
				",0x20000,,,,,,,0x1114,,,,,,,,,,,,,C:\Windows\WinSxS\FileMaps,Security,File,,,,0xe2c,C:\Windows\WinSxS\amd64_microsoft-windows-servicingstack_31bf3856ad364e35_10.0.20348.557_none_f1edaeb8515fa10d\TiWorker.exe,,S:AI,,SCAFFOLD,0x3e7,DC$,S-1-5-18,,,,,,,,,,,
2026-09-02T00:12:46.169114Z,4663,dc.scaffold.htb,Microsoft-Windows-Security-Auditing,Security,20980,0,"%%1537
				",0x10000,,,,,,,0x1318,,,,,,,,,,,,,C:\Windows\WinSxS\FileMaps\$$_microsoft.net_framework64_v4.0.30319_wpf_647a02df72a14032.cdf-ms,Security,File,,,,0xe2c,C:\Windows\WinSxS\amd64_microsoft-windows-servicingstack_31bf3856ad364e35_10.0.20348.557_none_f1edaeb8515fa10d\TiWorker.exe,,S:AI,,SCAFFOLD,0x3e7,DC$,S-1-5-18,,,,,,,,,,,
2026-09-02T00:12:46.169133Z,4660,dc.scaffold.htb,Microsoft-Windows-Security-Auditing,Security,20981,0,,,,,,,,,0x1318,,,,,,,,,,,,,,Security,,,,,0xe2c,C:\Windows\WinSxS\amd64_microsoft-windows-servicingstack_31bf3856ad364e35_10.0.20348.557_none_f1edaeb8515fa10d\TiWorker.exe,,,,SCAFFOLD,0x3e7,DC$,S-1-5-18,,,,,,,,,2997115E-A661-11F1-9932-005056B98D90,,
2026-09-02T00:12:46.171315Z,4663,dc.scaffold.htb,Microsoft-Windows-Security-Auditing,Security,20982,0,"%%4417
				",0x2,,,,,,,0x1d90,,,,,,,,,,,,,C:\Windows\WinSxS\FileMaps,Security,File,,,,0xe2c,C:\Windows\WinSxS\amd64_microsoft-windows-servicingstack_31bf3856ad364e35_10.0.20348.557_none_f1edaeb8515fa10d\TiWorker.exe,,S:AI,,SCAFFOLD,0x3e7,DC$,S-1-5-18,,,,,,,,,,,
2026-09-02T00:12:46.171578Z,4663,dc.scaffold.htb,Microsoft-Windows-Security-Auditing,Security,20983,0,"%%1538
				",0x20000,,,,,,,0x1318,,,,,,,,,,,,,C:\Windows\WinSxS\FileMaps,Security,File,,,,0xe2c,C:\Windows\WinSxS\amd64_microsoft-windows-servicingstack_31bf3856ad364e35_10.0.20348.557_none_f1edaeb8515fa10d\TiWorker.exe,,S:AI,,SCAFFOLD,0x3e7,DC$,S-1-5-18,,,,,,,,,,,
2026-09-02T00:12:46.171723Z,4663,dc.scaffold.htb,Microsoft-Windows-Security-Auditing,Security,20984,0,"%%1538
				",0x20000,,,,,,,0x1318,,,,,,,,,,,,,C:\Windows\WinSxS\FileMaps,Security,File,,,,0xe2c,C:\Windows\WinSxS\amd64_microsoft-windows-servicingstack_31bf3856ad364e35_10.0.20348.557_none_f1edaeb8515fa10d\TiWorker.exe,,S:AI,,SCAFFOLD,0x3e7,DC$,S-1-5-18,,,,,,,,,,,
2026-09-02T00:12:46.171940Z,4663,dc.scaffold.htb,Microsoft-Windows-Security-Auditing,Security,20985,0,"%%1537
				",0x10000,,,,,,,0x1320,,,,,,,,,,,,,C:\Windows\WinSxS\FileMaps\$$_microsoft.net_framework64_v4.0.30319_wpf_fonts_0428e0346460ac4c.cdf-ms,Security,File,,,,0xe2c,C:\Windows\WinSxS\amd64_microsoft-windows-servicingstack_31bf3856ad364e35_10.0.20348.557_none_f1edaeb8515fa10d\TiWorker.exe,,S:AI,,SCAFFOLD,0x3e7,DC$,S-1-5-18,,,,,,,,,,,
2026-09-02T00:12:46.171947Z,4660,dc.scaffold.htb,Microsoft-Windows-Security-Auditing,Security,20986,0,,,,,,,,,0x1320,,,,,,,,,,,,,,Security,,,,,0xe2c,C:\Windows\WinSxS\amd64_microsoft-windows-servicingstack_31bf3856ad364e35_10.0.20348.557_none_f1edaeb8515fa10d\TiWorker.exe,,,,SCAFFOLD,0x3e7,DC$,S-1-5-18,,,,,,,,,2997115E-A661-11F1-9932-005056B98D90,,
2026-09-02T00:12:46.174336Z,4663,dc.scaffold.htb,Microsoft-Windows-Security-Auditing,Security,20987,0,"%%4417
				",0x2,,,,,,,0x1d90,,,,,,,,,,,,,C:\Windows\WinSxS\FileMaps,Security,File,,,,0xe2c,C:\Windows\WinSxS\amd64_microsoft-windows-servicingstack_31bf3856ad364e35_10.0.20348.557_none_f1edaeb8515fa10d\TiWorker.exe,,S:AI,,SCAFFOLD,0x3e7,DC$,S-1-5-18,,,,,,,,,,,
2026-09-02T00:12:46.174633Z,4663,dc.scaffold.htb,Microsoft-Windows-Security-Auditing,Security,20988,0,"%%1538
				",0x20000,,,,,,,0x1320,,,,,,,,,,,,,C:\Windows\WinSxS\FileMaps,Security,File,,,,0xe2c,C:\Windows\WinSxS\amd64_microsoft-windows-servicingstack_31bf3856ad364e35_10.0.20348.557_none_f1edaeb8515fa10d\TiWorker.exe,,S:AI,,SCAFFOLD,0x3e7,DC$,S-1-5-18,,,,,,,,,,,
2026-09-02T00:12:46.174769Z,4663,dc.scaffold.htb,Microsoft-Windows-Security-Auditing,Security,20989,0,"%%1538
				",0x20000,,,,,,,0x1320,,,,,,,,,,,,,C:\Windows\WinSxS\FileMaps,Security,File,,,,0xe2c,C:\Windows\WinSxS\amd64_microsoft-windows-servicingstack_31bf3856ad364e35_10.0.20348.557_none_f1edaeb8515fa10d\TiWorker.exe,,S:AI,,SCAFFOLD,0x3e7,DC$,S-1-5-18,,,,,,,,,,,
2026-09-02T00:12:46.174976Z,4663,dc.scaffold.htb,Microsoft-Windows-Security-Auditing,Security,20990,0,"%%1537
				",0x10000,,,,,,,0x1114,,,,,,,,,,,,,C:\Windows\WinSxS\FileMaps\$$_microsoft.net_framework64_v4.0.30319_wpf_en-us_0242687c673a608c.cdf-ms,Security,File,,,,0xe2c,C:\Windows\WinSxS\amd64_microsoft-windows-servicingstack_31bf3856ad364e35_10.0.20348.557_none_f1edaeb8515fa10d\TiWorker.exe,,S:AI,,SCAFFOLD,0x3e7,DC$,S-1-5-18,,,,,,,,,,,
2026-09-02T00:12:46.174989Z,4660,dc.scaffold.htb,Microsoft-Windows-Security-Auditing,Security,20991,0,,,,,,,,,0x1114,,,,,,,,,,,,,,Security,,,,,0xe2c,C:\Windows\WinSxS\amd64_microsoft-windows-servicingstack_31bf3856ad364e35_10.0.20348.557_none_f1edaeb8515fa10d\TiWorker.exe,,,,SCAFFOLD,0x3e7,DC$,S-1-5-18,,,,,,,,,2997115E-A661-11F1-9932-005056B98D90,,
2026-09-02T00:12:46.178220Z,4663,dc.scaffold.htb,Microsoft-Windows-Security-Auditing,Security,20992,0,"%%4417
				",0x2,,,,,,,0x1d90,,,,,,,,,,,,,C:\Windows\WinSxS\FileMaps,Security,File,,,,0xe2c,C:\Windows\WinSxS\amd64_microsoft-windows-servicingstack_31bf3856ad364e35_10.0.20348.557_none_f1edaeb8515fa10d\TiWorker.exe,,S:AI,,SCAFFOLD,0x3e7,DC$,S-1-5-18,,,,,,,,,,,
2026-09-02T00:12:46.178492Z,4663,dc.scaffold.htb,Microsoft-Windows-Security-Auditing,Security,20993,0,"%%1538
				",0x20000,,,,,,,0x1114,,,,,,,,,,,,,C:\Windows\WinSxS\FileMaps,Security,File,,,,0xe2c,C:\Windows\WinSxS\amd64_microsoft-windows-servicingstack_31bf3856ad364e35_10.0.20348.557_none_f1edaeb8515fa10d\TiWorker.exe,,S:AI,,SCAFFOLD,0x3e7,DC$,S-1-5-18,,,,,,,,,,,
2026-09-02T00:12:46.178635Z,4663,dc.scaffold.htb,Microsoft-Windows-Security-Auditing,Security,20994,0,"%%1538
				",0x20000,,,,,,,0x1114,,,,,,,,,,,,,C:\Windows\WinSxS\FileMaps,Security,File,,,,0xe2c,C:\Windows\WinSxS\amd64_microsoft-windows-servicingstack_31bf3856ad364e35_10.0.20348.557_none_f1edaeb8515fa10d\TiWorker.exe,,S:AI,,SCAFFOLD,0x3e7,DC$,S-1-5-18,,,,,,,,,,,
2026-09-02T00:12:46.178851Z,4663,dc.scaffold.htb,Microsoft-Windows-Security-Auditing,Security,20995,0,"%%1537
				",0x10000,,,,,,,0x1318,,,,,,,,,,,,,C:\Windows\WinSxS\FileMaps\$$_microsoft.net_framework64_v4.0.30319_nativeimages_ae465c5139d1dacc.cdf-ms,Security,File,,,,0xe2c,C:\Windows\WinSxS\amd64_microsoft-windows-servicingstack_31bf3856ad364e35_10.0.20348.557_none_f1edaeb8515fa10d\TiWorker.exe,,S:AI,,SCAFFOLD,0x3e7,DC$,S-1-5-18,,,,,,,,,,,
2026-09-02T00:12:46.178869Z,4660,dc.scaffold.htb,Microsoft-Windows-Security-Auditing,Security,20996,0,,,,,,,,,0x1318,,,,,,,,,,,,,,Security,,,,,0xe2c,C:\Windows\WinSxS\amd64_microsoft-windows-servicingstack_31bf3856ad364e35_10.0.20348.557_none_f1edaeb8515fa10d\TiWorker.exe,,,,SCAFFOLD,0x3e7,DC$,S-1-5-18,,,,,,,,,2997115E-A661-11F1-9932-005056B98D90,,
