2026-07-09T06:12:32.062886Z,4663,dc.scaffold.htb,Microsoft-Windows-Security-Auditing,Security,19597,0,"%%4424
				",0x100,,,,,,,0x464,,,,,,,,,,,,,C:\Windows\servicing\Packages\Microsoft-Windows-EditionSpecific-ServerStandardEval-Package~31bf3856ad364e35~amd64~en-US~10.0.20348.587.cat,Security,File,,,,0x6c0,C:\Windows\WinSxS\amd64_microsoft-windows-servicingstack_31bf3856ad364e35_10.0.20348.557_none_f1edaeb8515fa10d\TiWorker.exe,,S:AI,,SCAFFOLD,0x3e7,DC$,S-1-5-18,,,,,,,,,,,
2026-07-09T06:12:32.063943Z,4663,dc.scaffold.htb,Microsoft-Windows-Security-Auditing,Security,19598,0,"%%1537
				",0x10000,,,,,,,0x464,,,,,,,,,,,,,C:\Windows\servicing\Packages\Microsoft-Windows-EditionSpecific-ServerStandardEval-Package~31bf3856ad364e35~amd64~en-US~10.0.20348.587.cat,Security,File,,,,0x6c0,C:\Windows\WinSxS\amd64_microsoft-windows-servicingstack_31bf3856ad364e35_10.0.20348.557_none_f1edaeb8515fa10d\TiWorker.exe,,S:AI,,SCAFFOLD,0x3e7,DC$,S-1-5-18,,,,,,,,,,,
2026-07-09T06:12:32.063949Z,4660,dc.scaffold.htb,Microsoft-Windows-Security-Auditing,Security,19599,0,,,,,,,,,0x464,,,,,,,,,,,,,,Security,,,,,0x6c0,C:\Windows\WinSxS\amd64_microsoft-windows-servicingstack_31bf3856ad364e35_10.0.20348.557_none_f1edaeb8515fa10d\TiWorker.exe,,,,SCAFFOLD,0x3e7,DC$,S-1-5-18,,,,,,,,,00000000-0000-0000-0000-000000000000,,
2026-07-09T06:12:32.064824Z,4663,dc.scaffold.htb,Microsoft-Windows-Security-Auditing,Security,19600,0,"%%4424
				",0x100,,,,,,,0x48c,,,,,,,,,,,,,C:\Windows\servicing\Packages\Microsoft-Windows-EditionSpecific-ServerStandardEval-Package~31bf3856ad364e35~amd64~en-US~10.0.20348.587.mum,Security,File,,,,0x6c0,C:\Windows\WinSxS\amd64_microsoft-windows-servicingstack_31bf3856ad364e35_10.0.20348.557_none_f1edaeb8515fa10d\TiWorker.exe,,S:AI,,SCAFFOLD,0x3e7,DC$,S-1-5-18,,,,,,,,,,,
2026-07-09T06:12:32.067980Z,4663,dc.scaffold.htb,Microsoft-Windows-Security-Auditing,Security,19601,0,"%%1537
				",0x10000,,,,,,,0x48c,,,,,,,,,,,,,C:\Windows\servicing\Packages\Microsoft-Windows-EditionSpecific-ServerStandardEval-Package~31bf3856ad364e35~amd64~en-US~10.0.20348.587.mum,Security,File,,,,0x6c0,C:\Windows\WinSxS\amd64_microsoft-windows-servicingstack_31bf3856ad364e35_10.0.20348.557_none_f1edaeb8515fa10d\TiWorker.exe,,S:AI,,SCAFFOLD,0x3e7,DC$,S-1-5-18,,,,,,,,,,,
2026-07-09T06:12:32.067987Z,4660,dc.scaffold.htb,Microsoft-Windows-Security-Auditing,Security,19602,0,,,,,,,,,0x48c,,,,,,,,,,,,,,Security,,,,,0x6c0,C:\Windows\WinSxS\amd64_microsoft-windows-servicingstack_31bf3856ad364e35_10.0.20348.557_none_f1edaeb8515fa10d\TiWorker.exe,,,,SCAFFOLD,0x3e7,DC$,S-1-5-18,,,,,,,,,00000000-0000-0000-0000-000000000000,,
2026-07-09T06:12:32.142791Z,4663,dc.scaffold.htb,Microsoft-Windows-Security-Auditing,Security,19603,0,"%%4424
				",0x100,,,,,,,0x458,,,,,,,,,,,,,C:\Windows\servicing\Packages\Microsoft-Windows-EditionSpecific-ServerStandardEval-Package~31bf3856ad364e35~amd64~~10.0.20348.587.cat,Security,File,,,,0x6c0,C:\Windows\WinSxS\amd64_microsoft-windows-servicingstack_31bf3856ad364e35_10.0.20348.557_none_f1edaeb8515fa10d\TiWorker.exe,,S:AI,,SCAFFOLD,0x3e7,DC$,S-1-5-18,,,,,,,,,,,
2026-07-09T06:12:32.150410Z,4663,dc.scaffold.htb,Microsoft-Windows-Security-Auditing,Security,19604,0,"%%1537
				",0x10000,,,,,,,0x458,,,,,,,,,,,,,C:\Windows\servicing\Packages\Microsoft-Windows-EditionSpecific-ServerStandardEval-Package~31bf3856ad364e35~amd64~~10.0.20348.587.cat,Security,File,,,,0x6c0,C:\Windows\WinSxS\amd64_microsoft-windows-servicingstack_31bf3856ad364e35_10.0.20348.557_none_f1edaeb8515fa10d\TiWorker.exe,,S:AI,,SCAFFOLD,0x3e7,DC$,S-1-5-18,,,,,,,,,,,
2026-07-09T06:12:32.150440Z,4660,dc.scaffold.htb,Microsoft-Windows-Security-Auditing,Security,19605,0,,,,,,,,,0x458,,,,,,,,,,,,,,Security,,,,,0x6c0,C:\Windows\WinSxS\amd64_microsoft-windows-servicingstack_31bf3856ad364e35_10.0.20348.557_none_f1edaeb8515fa10d\TiWorker.exe,,,,SCAFFOLD,0x3e7,DC$,S-1-5-18,,,,,,,,,00000000-0000-0000-0000-000000000000,,
2026-07-09T06:12:32.151119Z,4663,dc.scaffold.htb,Microsoft-Windows-Security-Auditing,Security,19606,0,"%%4424
				",0x100,,,,,,,0x47c,,,,,,,,,,,,,C:\Windows\servicing\Packages\Microsoft-Windows-EditionSpecific-ServerStandardEval-Package~31bf3856ad364e35~amd64~~10.0.20348.587.mum,Security,File,,,,0x6c0,C:\Windows\WinSxS\amd64_microsoft-windows-servicingstack_31bf3856ad364e35_10.0.20348.557_none_f1edaeb8515fa10d\TiWorker.exe,,S:AI,,SCAFFOLD,0x3e7,DC$,S-1-5-18,,,,,,,,,,,
2026-07-09T06:12:32.155045Z,4663,dc.scaffold.htb,Microsoft-Windows-Security-Auditing,Security,19607,0,"%%1537
				",0x10000,,,,,,,0x47c,,,,,,,,,,,,,C:\Windows\servicing\Packages\Microsoft-Windows-EditionSpecific-ServerStandardEval-Package~31bf3856ad364e35~amd64~~10.0.20348.587.mum,Security,File,,,,0x6c0,C:\Windows\WinSxS\amd64_microsoft-windows-servicingstack_31bf3856ad364e35_10.0.20348.557_none_f1edaeb8515fa10d\TiWorker.exe,,S:AI,,SCAFFOLD,0x3e7,DC$,S-1-5-18,,,,,,,,,,,
2026-07-09T06:12:32.155070Z,4660,dc.scaffold.htb,Microsoft-Windows-Security-Auditing,Security,19608,0,,,,,,,,,0x47c,,,,,,,,,,,,,,Security,,,,,0x6c0,C:\Windows\WinSxS\amd64_microsoft-windows-servicingstack_31bf3856ad364e35_10.0.20348.557_none_f1edaeb8515fa10d\TiWorker.exe,,,,SCAFFOLD,0x3e7,DC$,S-1-5-18,,,,,,,,,00000000-0000-0000-0000-000000000000,,
2026-07-09T06:12:33.025111Z,4663,dc.scaffold.htb,Microsoft-Windows-Security-Auditing,Security,19609,0,"%%4424
				",0x100,,,,,,,0x49c,,,,,,,,,,,,,C:\Windows\servicing\Packages\Microsoft-Windows-Security-SPP-Component-SKU-ServerStandardEval-License-Package~31bf3856ad364e35~amd64~~10.0.20348.502.mum,Security,File,,,,0x6c0,C:\Windows\WinSxS\amd64_microsoft-windows-servicingstack_31bf3856ad364e35_10.0.20348.557_none_f1edaeb8515fa10d\TiWorker.exe,,S:AI,,SCAFFOLD,0x3e7,DC$,S-1-5-18,,,,,,,,,,,
2026-07-09T06:12:33.027238Z,4663,dc.scaffold.htb,Microsoft-Windows-Security-Auditing,Security,19610,0,"%%1537
				",0x10000,,,,,,,0x49c,,,,,,,,,,,,,C:\Windows\servicing\Packages\Microsoft-Windows-Security-SPP-Component-SKU-ServerStandardEval-License-Package~31bf3856ad364e35~amd64~~10.0.20348.502.mum,Security,File,,,,0x6c0,C:\Windows\WinSxS\amd64_microsoft-windows-servicingstack_31bf3856ad364e35_10.0.20348.557_none_f1edaeb8515fa10d\TiWorker.exe,,S:AI,,SCAFFOLD,0x3e7,DC$,S-1-5-18,,,,,,,,,,,
2026-07-09T06:12:33.027263Z,4660,dc.scaffold.htb,Microsoft-Windows-Security-Auditing,Security,19611,0,,,,,,,,,0x49c,,,,,,,,,,,,,,Security,,,,,0x6c0,C:\Windows\WinSxS\amd64_microsoft-windows-servicingstack_31bf3856ad364e35_10.0.20348.557_none_f1edaeb8515fa10d\TiWorker.exe,,,,SCAFFOLD,0x3e7,DC$,S-1-5-18,,,,,,,,,00000000-0000-0000-0000-000000000000,,
2026-07-09T06:12:33.094542Z,4663,dc.scaffold.htb,Microsoft-Windows-Security-Auditing,Security,19612,0,"%%4424
				",0x100,,,,,,,0x45c,,,,,,,,,,,,,C:\Windows\servicing\Packages\Microsoft-Windows-Security-SPP-Component-SKU-ServerStandardEval-Package~31bf3856ad364e35~amd64~~10.0.20348.502.cat,Security,File,,,,0x6c0,C:\Windows\WinSxS\amd64_microsoft-windows-servicingstack_31bf3856ad364e35_10.0.20348.557_none_f1edaeb8515fa10d\TiWorker.exe,,S:AI,,SCAFFOLD,0x3e7,DC$,S-1-5-18,,,,,,,,,,,
2026-07-09T06:12:33.095276Z,4663,dc.scaffold.htb,Microsoft-Windows-Security-Auditing,Security,19613,0,"%%1537
				",0x10000,,,,,,,0x45c,,,,,,,,,,,,,C:\Windows\servicing\Packages\Microsoft-Windows-Security-SPP-Component-SKU-ServerStandardEval-Package~31bf3856ad364e35~amd64~~10.0.20348.502.cat,Security,File,,,,0x6c0,C:\Windows\WinSxS\amd64_microsoft-windows-servicingstack_31bf3856ad364e35_10.0.20348.557_none_f1edaeb8515fa10d\TiWorker.exe,,S:AI,,SCAFFOLD,0x3e7,DC$,S-1-5-18,,,,,,,,,,,
2026-07-09T06:12:33.095287Z,4660,dc.scaffold.htb,Microsoft-Windows-Security-Auditing,Security,19614,0,,,,,,,,,0x45c,,,,,,,,,,,,,,Security,,,,,0x6c0,C:\Windows\WinSxS\amd64_microsoft-windows-servicingstack_31bf3856ad364e35_10.0.20348.557_none_f1edaeb8515fa10d\TiWorker.exe,,,,SCAFFOLD,0x3e7,DC$,S-1-5-18,,,,,,,,,00000000-0000-0000-0000-000000000000,,
2026-07-09T06:12:33.096829Z,4663,dc.scaffold.htb,Microsoft-Windows-Security-Auditing,Security,19615,0,"%%4424
				",0x100,,,,,,,0x414,,,,,,,,,,,,,C:\Windows\servicing\Packages\Microsoft-Windows-Security-SPP-Component-SKU-ServerStandardEval-Package~31bf3856ad364e35~amd64~~10.0.20348.502.mum,Security,File,,,,0x6c0,C:\Windows\WinSxS\amd64_microsoft-windows-servicingstack_31bf3856ad364e35_10.0.20348.557_none_f1edaeb8515fa10d\TiWorker.exe,,S:AI,,SCAFFOLD,0x3e7,DC$,S-1-5-18,,,,,,,,,,,
2026-07-09T06:12:33.097952Z,4663,dc.scaffold.htb,Microsoft-Windows-Security-Auditing,Security,19616,0,"%%1537
				",0x10000,,,,,,,0x414,,,,,,,,,,,,,C:\Windows\servicing\Packages\Microsoft-Windows-Security-SPP-Component-SKU-ServerStandardEval-Package~31bf3856ad364e35~amd64~~10.0.20348.502.mum,Security,File,,,,0x6c0,C:\Windows\WinSxS\amd64_microsoft-windows-servicingstack_31bf3856ad364e35_10.0.20348.557_none_f1edaeb8515fa10d\TiWorker.exe,,S:AI,,SCAFFOLD,0x3e7,DC$,S-1-5-18,,,,,,,,,,,
2026-07-09T06:12:33.097975Z,4660,dc.scaffold.htb,Microsoft-Windows-Security-Auditing,Security,19617,0,,,,,,,,,0x414,,,,,,,,,,,,,,Security,,,,,0x6c0,C:\Windows\WinSxS\amd64_microsoft-windows-servicingstack_31bf3856ad364e35_10.0.20348.557_none_f1edaeb8515fa10d\TiWorker.exe,,,,SCAFFOLD,0x3e7,DC$,S-1-5-18,,,,,,,,,00000000-0000-0000-0000-000000000000,,
2026-07-09T06:12:33.502020Z,4663,dc.scaffold.htb,Microsoft-Windows-Security-Auditing,Security,19618,0,"%%4424
				",0x100,,,,,,,0x42c,,,,,,,,,,,,,C:\Windows\servicing\Packages\Microsoft-Windows-ServerStandardEvalEdition~31bf3856ad364e35~amd64~~10.0.20348.587.cat,Security,File,,,,0x6c0,C:\Windows\WinSxS\amd64_microsoft-windows-servicingstack_31bf3856ad364e35_10.0.20348.557_none_f1edaeb8515fa10d\TiWorker.exe,,S:AI,,SCAFFOLD,0x3e7,DC$,S-1-5-18,,,,,,,,,,,
2026-07-09T06:12:33.502218Z,4663,dc.scaffold.htb,Microsoft-Windows-Security-Auditing,Security,19619,0,"%%1537
				",0x10000,,,,,,,0x42c,,,,,,,,,,,,,C:\Windows\servicing\Packages\Microsoft-Windows-ServerStandardEvalEdition~31bf3856ad364e35~amd64~~10.0.20348.587.cat,Security,File,,,,0x6c0,C:\Windows\WinSxS\amd64_microsoft-windows-servicingstack_31bf3856ad364e35_10.0.20348.557_none_f1edaeb8515fa10d\TiWorker.exe,,S:AI,,SCAFFOLD,0x3e7,DC$,S-1-5-18,,,,,,,,,,,
2026-07-09T06:12:33.502235Z,4660,dc.scaffold.htb,Microsoft-Windows-Security-Auditing,Security,19620,0,,,,,,,,,0x42c,,,,,,,,,,,,,,Security,,,,,0x6c0,C:\Windows\WinSxS\amd64_microsoft-windows-servicingstack_31bf3856ad364e35_10.0.20348.557_none_f1edaeb8515fa10d\TiWorker.exe,,,,SCAFFOLD,0x3e7,DC$,S-1-5-18,,,,,,,,,00000000-0000-0000-0000-000000000000,,
2026-07-09T06:12:33.502673Z,4663,dc.scaffold.htb,Microsoft-Windows-Security-Auditing,Security,19621,0,"%%4424
				",0x100,,,,,,,0x44c,,,,,,,,,,,,,C:\Windows\servicing\Packages\Microsoft-Windows-ServerStandardEvalEdition~31bf3856ad364e35~amd64~~10.0.20348.587.mum,Security,File,,,,0x6c0,C:\Windows\WinSxS\amd64_microsoft-windows-servicingstack_31bf3856ad364e35_10.0.20348.557_none_f1edaeb8515fa10d\TiWorker.exe,,S:AI,,SCAFFOLD,0x3e7,DC$,S-1-5-18,,,,,,,,,,,
2026-07-09T06:12:33.503856Z,4663,dc.scaffold.htb,Microsoft-Windows-Security-Auditing,Security,19622,0,"%%1537
				",0x10000,,,,,,,0x44c,,,,,,,,,,,,,C:\Windows\servicing\Packages\Microsoft-Windows-ServerStandardEvalEdition~31bf3856ad364e35~amd64~~10.0.20348.587.mum,Security,File,,,,0x6c0,C:\Windows\WinSxS\amd64_microsoft-windows-servicingstack_31bf3856ad364e35_10.0.20348.557_none_f1edaeb8515fa10d\TiWorker.exe,,S:AI,,SCAFFOLD,0x3e7,DC$,S-1-5-18,,,,,,,,,,,
2026-07-09T06:12:33.503878Z,4660,dc.scaffold.htb,Microsoft-Windows-Security-Auditing,Security,19623,0,,,,,,,,,0x44c,,,,,,,,,,,,,,Security,,,,,0x6c0,C:\Windows\WinSxS\amd64_microsoft-windows-servicingstack_31bf3856ad364e35_10.0.20348.557_none_f1edaeb8515fa10d\TiWorker.exe,,,,SCAFFOLD,0x3e7,DC$,S-1-5-18,,,,,,,,,00000000-0000-0000-0000-000000000000,,
2026-07-09T06:12:33.954927Z,4663,dc.scaffold.htb,Microsoft-Windows-Security-Auditing,Security,19624,0,"%%4424
				",0x100,,,,,,,0x424,,,,,,,,,,,,,C:\Windows\servicing\Packages\Microsoft-Windows-WLMS-Package~31bf3856ad364e35~amd64~en-US~10.0.20348.1.mum,Security,File,,,,0x6c0,C:\Windows\WinSxS\amd64_microsoft-windows-servicingstack_31bf3856ad364e35_10.0.20348.557_none_f1edaeb8515fa10d\TiWorker.exe,,S:AI,,SCAFFOLD,0x3e7,DC$,S-1-5-18,,,,,,,,,,,
2026-07-09T06:12:33.956178Z,4663,dc.scaffold.htb,Microsoft-Windows-Security-Auditing,Security,19625,0,"%%1537
				",0x10000,,,,,,,0x424,,,,,,,,,,,,,C:\Windows\servicing\Packages\Microsoft-Windows-WLMS-Package~31bf3856ad364e35~amd64~en-US~10.0.20348.1.mum,Security,File,,,,0x6c0,C:\Windows\WinSxS\amd64_microsoft-windows-servicingstack_31bf3856ad364e35_10.0.20348.557_none_f1edaeb8515fa10d\TiWorker.exe,,S:AI,,SCAFFOLD,0x3e7,DC$,S-1-5-18,,,,,,,,,,,
2026-07-09T06:12:33.956207Z,4660,dc.scaffold.htb,Microsoft-Windows-Security-Auditing,Security,19626,0,,,,,,,,,0x424,,,,,,,,,,,,,,Security,,,,,0x6c0,C:\Windows\WinSxS\amd64_microsoft-windows-servicingstack_31bf3856ad364e35_10.0.20348.557_none_f1edaeb8515fa10d\TiWorker.exe,,,,SCAFFOLD,0x3e7,DC$,S-1-5-18,,,,,,,,,00000000-0000-0000-0000-000000000000,,
2026-07-09T06:12:34.268004Z,4663,dc.scaffold.htb,Microsoft-Windows-Security-Auditing,Security,19627,0,"%%4417
				",0x2,,,,,,,0x1df0,,,,,,,,,,,,,C:\Windows\servicing\Sessions,Security,File,,,,0x6c0,C:\Windows\WinSxS\amd64_microsoft-windows-servicingstack_31bf3856ad364e35_10.0.20348.557_none_f1edaeb8515fa10d\TiWorker.exe,,S:AI,,SCAFFOLD,0x3e7,DC$,S-1-5-18,,,,,,,,,,,
2026-07-09T06:12:34.268338Z,4663,dc.scaffold.htb,Microsoft-Windows-Security-Auditing,Security,19628,0,"%%4417
				%%4418
				",0x6,,,,,,,0x450,,,,,,,,,,,,,C:\Windows\servicing\Sessions\31264617_2949101621.xml,Security,File,,,,0x6c0,C:\Windows\WinSxS\amd64_microsoft-windows-servicingstack_31bf3856ad364e35_10.0.20348.557_none_f1edaeb8515fa10d\TiWorker.exe,,,,SCAFFOLD,0x3e7,DC$,S-1-5-18,,,,,,,,,,,
2026-07-09T06:12:34.289818Z,4663,dc.scaffold.htb,Microsoft-Windows-Security-Auditing,Security,19629,0,"%%1538
				",0x20000,,,,,,,0x4a0,,,,,,,,,,,,,C:\Windows\servicing\Sessions,Security,File,,,,0x6c0,C:\Windows\WinSxS\amd64_microsoft-windows-servicingstack_31bf3856ad364e35_10.0.20348.557_none_f1edaeb8515fa10d\TiWorker.exe,,S:AI,,SCAFFOLD,0x3e7,DC$,S-1-5-18,,,,,,,,,,,
2026-07-09T06:12:35.311400Z,4663,dc.scaffold.htb,Microsoft-Windows-Security-Auditing,Security,19630,0,"%%1537
				",0x10000,,,,,,,0x340,,,,,,,,,,,,,C:\Windows\System32\CatRoot\{F750E6C3-38EE-11D1-85E5-00C04FC295EE}\Microsoft-Windows-EditionSpecific-ServerStandardEval-Package~31bf3856ad364e35~amd64~en-US~10.0.20348.587.cat,Security,File,,,,0xb10,C:\Windows\System32\svchost.exe,,S:AI,,SCAFFOLD,0x3e7,DC$,S-1-5-18,,,,,,,,,,,
2026-07-09T06:12:35.311424Z,4660,dc.scaffold.htb,Microsoft-Windows-Security-Auditing,Security,19631,0,,,,,,,,,0x340,,,,,,,,,,,,,,Security,,,,,0xb10,C:\Windows\System32\svchost.exe,,,,SCAFFOLD,0x3e7,DC$,S-1-5-18,,,,,,,,,00000000-0000-0000-0000-000000000000,,
2026-07-09T06:12:35.328384Z,4663,dc.scaffold.htb,Microsoft-Windows-Security-Auditing,Security,19632,0,"%%1537
				",0x10000,,,,,,,0x350,,,,,,,,,,,,,C:\Windows\System32\CatRoot\{F750E6C3-38EE-11D1-85E5-00C04FC295EE}\Microsoft-Windows-EditionSpecific-ServerStandardEval-Package~31bf3856ad364e35~amd64~~10.0.20348.587.cat,Security,File,,,,0xb10,C:\Windows\System32\svchost.exe,,S:AI,,SCAFFOLD,0x3e7,DC$,S-1-5-18,,,,,,,,,,,
2026-07-09T06:12:35.328413Z,4660,dc.scaffold.htb,Microsoft-Windows-Security-Auditing,Security,19633,0,,,,,,,,,0x350,,,,,,,,,,,,,,Security,,,,,0xb10,C:\Windows\System32\svchost.exe,,,,SCAFFOLD,0x3e7,DC$,S-1-5-18,,,,,,,,,00000000-0000-0000-0000-000000000000,,
2026-07-09T06:12:35.408882Z,4663,dc.scaffold.htb,Microsoft-Windows-Security-Auditing,Security,19634,0,"%%1537
				",0x10000,,,,,,,0x35c,,,,,,,,,,,,,C:\Windows\System32\CatRoot\{F750E6C3-38EE-11D1-85E5-00C04FC295EE}\Microsoft-Windows-Security-SPP-Component-SKU-ServerStandardEval-Package~31bf3856ad364e35~amd64~~10.0.20348.502.cat,Security,File,,,,0xb10,C:\Windows\System32\svchost.exe,,S:AI,,SCAFFOLD,0x3e7,DC$,S-1-5-18,,,,,,,,,,,
2026-07-09T06:12:35.408906Z,4660,dc.scaffold.htb,Microsoft-Windows-Security-Auditing,Security,19635,0,,,,,,,,,0x35c,,,,,,,,,,,,,,Security,,,,,0xb10,C:\Windows\System32\svchost.exe,,,,SCAFFOLD,0x3e7,DC$,S-1-5-18,,,,,,,,,00000000-0000-0000-0000-000000000000,,
2026-07-09T06:12:35.435094Z,4663,dc.scaffold.htb,Microsoft-Windows-Security-Auditing,Security,19636,0,"%%1537
				",0x10000,,,,,,,0x350,,,,,,,,,,,,,C:\Windows\System32\CatRoot\{F750E6C3-38EE-11D1-85E5-00C04FC295EE}\Microsoft-Windows-ServerStandardEvalEdition~31bf3856ad364e35~amd64~~10.0.20348.587.cat,Security,File,,,,0xb10,C:\Windows\System32\svchost.exe,,S:AI,,SCAFFOLD,0x3e7,DC$,S-1-5-18,,,,,,,,,,,
2026-07-09T06:12:35.435121Z,4660,dc.scaffold.htb,Microsoft-Windows-Security-Auditing,Security,19637,0,,,,,,,,,0x350,,,,,,,,,,,,,,Security,,,,,0xb10,C:\Windows\System32\svchost.exe,,,,SCAFFOLD,0x3e7,DC$,S-1-5-18,,,,,,,,,00000000-0000-0000-0000-000000000000,,
2026-07-09T06:12:50.070033Z,4985,dc.scaffold.htb,Microsoft-Windows-Security-Auditing,Security,19638,0,,,,,,,,,,,,,,,,,,,,48,,,,,,,,0x6c0,C:\Windows\WinSxS\amd64_microsoft-windows-servicingstack_31bf3856ad364e35_10.0.20348.557_none_f1edaeb8515fa10d\TiWorker.exe,,,DA4CB52F-4F22-11F1-A9A6-8906DE6815CD,SCAFFOLD,0x3e7,DC$,S-1-5-18,,,,,,,,,09FDD264-7B5D-11F1-992D-005056B98D90,,
2026-07-09T06:12:50.260413Z,4985,dc.scaffold.htb,Microsoft-Windows-Security-Auditing,Security,19639,0,,,,,,,,,,,,,,,,,,,,52,,,,,,,,0x6c0,C:\Windows\WinSxS\amd64_microsoft-windows-servicingstack_31bf3856ad364e35_10.0.20348.557_none_f1edaeb8515fa10d\TiWorker.exe,,,DA4CB52F-4F22-11F1-A9A6-8906DE6815CD,SCAFFOLD,0x3e7,DC$,S-1-5-18,,,,,,,,,09FDD264-7B5D-11F1-992D-005056B98D90,,
2026-07-09T06:12:50.427603Z,4663,dc.scaffold.htb,Microsoft-Windows-Security-Auditing,Security,19640,0,"%%1537
				",0x10000,,,,,,,0x5a4,,,,,,,,,,,,,C:\Windows\WinSxS\Temp\InFlight\afeebcef690fdd0113000000c0061007\amd64_microsoft-windows-e..-serverstandardeval_31bf3856ad364e35_10.0.20348.587_none_f51b946f456184c8\EditionMappings.xml,Security,File,,,,0x6c0,C:\Windows\WinSxS\amd64_microsoft-windows-servicingstack_31bf3856ad364e35_10.0.20348.557_none_f1edaeb8515fa10d\TiWorker.exe,,S:AI,,SCAFFOLD,0x3e7,DC$,S-1-5-18,,,,,,,,,,,
2026-07-09T06:12:50.427609Z,4660,dc.scaffold.htb,Microsoft-Windows-Security-Auditing,Security,19641,0,,,,,,,,,0x5a4,,,,,,,,,,,,,,Security,,,,,0x6c0,C:\Windows\WinSxS\amd64_microsoft-windows-servicingstack_31bf3856ad364e35_10.0.20348.557_none_f1edaeb8515fa10d\TiWorker.exe,,,,SCAFFOLD,0x3e7,DC$,S-1-5-18,,,,,,,,,00000000-0000-0000-0000-000000000000,,
2026-07-09T06:12:50.427729Z,4663,dc.scaffold.htb,Microsoft-Windows-Security-Auditing,Security,19642,0,"%%1537
				",0x10000,,,,,,,0x510,,,,,,,,,,,,,C:\Windows\WinSxS\Temp\InFlight\afeebcef690fdd0113000000c0061007\amd64_microsoft-windows-e..-serverstandardeval_31bf3856ad364e35_10.0.20348.587_none_f51b946f456184c8\EditionMatrix.xml,Security,File,,,,0x6c0,C:\Windows\WinSxS\amd64_microsoft-windows-servicingstack_31bf3856ad364e35_10.0.20348.557_none_f1edaeb8515fa10d\TiWorker.exe,,S:AI,,SCAFFOLD,0x3e7,DC$,S-1-5-18,,,,,,,,,,,
2026-07-09T06:12:50.427732Z,4660,dc.scaffold.htb,Microsoft-Windows-Security-Auditing,Security,19643,0,,,,,,,,,0x510,,,,,,,,,,,,,,Security,,,,,0x6c0,C:\Windows\WinSxS\amd64_microsoft-windows-servicingstack_31bf3856ad364e35_10.0.20348.557_none_f1edaeb8515fa10d\TiWorker.exe,,,,SCAFFOLD,0x3e7,DC$,S-1-5-18,,,,,,,,,00000000-0000-0000-0000-000000000000,,
2026-07-09T06:12:50.428017Z,4663,dc.scaffold.htb,Microsoft-Windows-Security-Auditing,Security,19644,0,"%%1537
				",0x10000,,,,,,,0x560,,,,,,,,,,,,,C:\Windows\WinSxS\Temp\InFlight\afeebcef690fdd0113000000c0061007\amd64_microsoft-windows-e..-serverstandardeval_31bf3856ad364e35_10.0.20348.587_none_f51b946f456184c8\ServerDatacenterEdition.xml,Security,File,,,,0x6c0,C:\Windows\WinSxS\amd64_microsoft-windows-servicingstack_31bf3856ad364e35_10.0.20348.557_none_f1edaeb8515fa10d\TiWorker.exe,,S:AI,,SCAFFOLD,0x3e7,DC$,S-1-5-18,,,,,,,,,,,
2026-07-09T06:12:50.428021Z,4660,dc.scaffold.htb,Microsoft-Windows-Security-Auditing,Security,19645,0,,,,,,,,,0x560,,,,,,,,,,,,,,Security,,,,,0x6c0,C:\Windows\WinSxS\amd64_microsoft-windows-servicingstack_31bf3856ad364e35_10.0.20348.557_none_f1edaeb8515fa10d\TiWorker.exe,,,,SCAFFOLD,0x3e7,DC$,S-1-5-18,,,,,,,,,00000000-0000-0000-0000-000000000000,,
2026-07-09T06:12:50.428128Z,4663,dc.scaffold.htb,Microsoft-Windows-Security-Auditing,Security,19646,0,"%%1537
				",0x10000,,,,,,,0x4fc,,,,,,,,,,,,,C:\Windows\WinSxS\Temp\InFlight\afeebcef690fdd0113000000c0061007\amd64_microsoft-windows-e..-serverstandardeval_31bf3856ad364e35_10.0.20348.587_none_f51b946f456184c8\ServerStandardEdition.xml,Security,File,,,,0x6c0,C:\Windows\WinSxS\amd64_microsoft-windows-servicingstack_31bf3856ad364e35_10.0.20348.557_none_f1edaeb8515fa10d\TiWorker.exe,,S:AI,,SCAFFOLD,0x3e7,DC$,S-1-5-18,,,,,,,,,,,
2026-07-09T06:12:50.428132Z,4660,dc.scaffold.htb,Microsoft-Windows-Security-Auditing,Security,19647,0,,,,,,,,,0x4fc,,,,,,,,,,,,,,Security,,,,,0x6c0,C:\Windows\WinSxS\amd64_microsoft-windows-servicingstack_31bf3856ad364e35_10.0.20348.557_none_f1edaeb8515fa10d\TiWorker.exe,,,,SCAFFOLD,0x3e7,DC$,S-1-5-18,,,,,,,,,00000000-0000-0000-0000-000000000000,,
2026-07-09T06:12:50.428228Z,4663,dc.scaffold.htb,Microsoft-Windows-Security-Auditing,Security,19648,0,"%%1537
				",0x10000,,,,,,,0x570,,,,,,,,,,,,,C:\Windows\WinSxS\Temp\InFlight\afeebcef690fdd0113000000c0061007\amd64_microsoft-windows-e..-serverstandardeval_31bf3856ad364e35_10.0.20348.587_none_f51b946f456184c8\ServerStandardEvalEdition.xml,Security,File,,,,0x6c0,C:\Windows\WinSxS\amd64_microsoft-windows-servicingstack_31bf3856ad364e35_10.0.20348.557_none_f1edaeb8515fa10d\TiWorker.exe,,S:AI,,SCAFFOLD,0x3e7,DC$,S-1-5-18,,,,,,,,,,,
2026-07-09T06:12:50.428231Z,4660,dc.scaffold.htb,Microsoft-Windows-Security-Auditing,Security,19649,0,,,,,,,,,0x570,,,,,,,,,,,,,,Security,,,,,0x6c0,C:\Windows\WinSxS\amd64_microsoft-windows-servicingstack_31bf3856ad364e35_10.0.20348.557_none_f1edaeb8515fa10d\TiWorker.exe,,,,SCAFFOLD,0x3e7,DC$,S-1-5-18,,,,,,,,,00000000-0000-0000-0000-000000000000,,
2026-07-09T06:12:50.428325Z,4663,dc.scaffold.htb,Microsoft-Windows-Security-Auditing,Security,19650,0,"%%1537
				",0x10000,,,,,,,0x51c,,,,,,,,,,,,,C:\Windows\WinSxS\Temp\InFlight\afeebcef690fdd0113000000c0061007\amd64_microsoft-windows-e..-serverstandardeval_31bf3856ad364e35_10.0.20348.587_none_f51b946f456184c8\UpgradeMatrix.xml,Security,File,,,,0x6c0,C:\Windows\WinSxS\amd64_microsoft-windows-servicingstack_31bf3856ad364e35_10.0.20348.557_none_f1edaeb8515fa10d\TiWorker.exe,,S:AI,,SCAFFOLD,0x3e7,DC$,S-1-5-18,,,,,,,,,,,
2026-07-09T06:12:50.428329Z,4660,dc.scaffold.htb,Microsoft-Windows-Security-Auditing,Security,19651,0,,,,,,,,,0x51c,,,,,,,,,,,,,,Security,,,,,0x6c0,C:\Windows\WinSxS\amd64_microsoft-windows-servicingstack_31bf3856ad364e35_10.0.20348.557_none_f1edaeb8515fa10d\TiWorker.exe,,,,SCAFFOLD,0x3e7,DC$,S-1-5-18,,,,,,,,,00000000-0000-0000-0000-000000000000,,
2026-07-09T06:12:50.428425Z,4663,dc.scaffold.htb,Microsoft-Windows-Security-Auditing,Security,19652,0,"%%1537
				",0x10000,,,,,,,0x4f4,,,,,,,,,,,,,C:\Windows\WinSxS\Temp\InFlight\afeebcef690fdd0113000000c0061007\amd64_microsoft-windows-l..-serverstandardeval_31bf3856ad364e35_10.0.20348.587_none_a4db008c5beb3243\license.rtf,Security,File,,,,0x6c0,C:\Windows\WinSxS\amd64_microsoft-windows-servicingstack_31bf3856ad364e35_10.0.20348.557_none_f1edaeb8515fa10d\TiWorker.exe,,S:AI,,SCAFFOLD,0x3e7,DC$,S-1-5-18,,,,,,,,,,,
2026-07-09T06:12:50.428428Z,4660,dc.scaffold.htb,Microsoft-Windows-Security-Auditing,Security,19653,0,,,,,,,,,0x4f4,,,,,,,,,,,,,,Security,,,,,0x6c0,C:\Windows\WinSxS\amd64_microsoft-windows-servicingstack_31bf3856ad364e35_10.0.20348.557_none_f1edaeb8515fa10d\TiWorker.exe,,,,SCAFFOLD,0x3e7,DC$,S-1-5-18,,,,,,,,,00000000-0000-0000-0000-000000000000,,
2026-07-09T06:12:50.428526Z,4663,dc.scaffold.htb,Microsoft-Windows-Security-Auditing,Security,19654,0,"%%1537
				",0x10000,,,,,,,0x500,,,,,,,,,,,,,C:\Windows\WinSxS\Temp\InFlight\afeebcef690fdd0113000000c0061007\amd64_microsoft-windows-l..ndardeval.resources_31bf3856ad364e35_10.0.20348.587_en-us_ec66f9e26ba7a934\license.rtf,Security,File,,,,0x6c0,C:\Windows\WinSxS\amd64_microsoft-windows-servicingstack_31bf3856ad364e35_10.0.20348.557_none_f1edaeb8515fa10d\TiWorker.exe,,S:AI,,SCAFFOLD,0x3e7,DC$,S-1-5-18,,,,,,,,,,,
2026-07-09T06:12:50.428530Z,4660,dc.scaffold.htb,Microsoft-Windows-Security-Auditing,Security,19655,0,,,,,,,,,0x500,,,,,,,,,,,,,,Security,,,,,0x6c0,C:\Windows\WinSxS\amd64_microsoft-windows-servicingstack_31bf3856ad364e35_10.0.20348.557_none_f1edaeb8515fa10d\TiWorker.exe,,,,SCAFFOLD,0x3e7,DC$,S-1-5-18,,,,,,,,,00000000-0000-0000-0000-000000000000,,
2026-07-09T06:12:50.428626Z,4663,dc.scaffold.htb,Microsoft-Windows-Security-Auditing,Security,19656,0,"%%1537
				",0x10000,,,,,,,0x508,,,,,,,,,,,,,C:\Windows\WinSxS\Temp\InFlight\afeebcef690fdd0113000000c0061007\amd64_microsoft-windows-s..tandardeval-license_31bf3856ad364e35_10.0.20348.380_none_c3dca581052d8054\DefaultPpd-ServerStandardEval-ppdlic.xrm-ms,Security,File,,,,0x6c0,C:\Windows\WinSxS\amd64_microsoft-windows-servicingstack_31bf3856ad364e35_10.0.20348.557_none_f1edaeb8515fa10d\TiWorker.exe,,S:AI,,SCAFFOLD,0x3e7,DC$,S-1-5-18,,,,,,,,,,,
2026-07-09T06:12:50.428631Z,4660,dc.scaffold.htb,Microsoft-Windows-Security-Auditing,Security,19657,0,,,,,,,,,0x508,,,,,,,,,,,,,,Security,,,,,0x6c0,C:\Windows\WinSxS\amd64_microsoft-windows-servicingstack_31bf3856ad364e35_10.0.20348.557_none_f1edaeb8515fa10d\TiWorker.exe,,,,SCAFFOLD,0x3e7,DC$,S-1-5-18,,,,,,,,,00000000-0000-0000-0000-000000000000,,
2026-07-09T06:12:50.428954Z,4663,dc.scaffold.htb,Microsoft-Windows-Security-Auditing,Security,19658,0,"%%1537
				",0x10000,,,,,,,0x4d4,,,,,,,,,,,,,C:\Windows\WinSxS\Temp\InFlight\afeebcef690fdd0113000000c0061007\amd64_microsoft-windows-s..tandardeval-license_31bf3856ad364e35_10.0.20348.380_none_c3dca581052d8054\ServerStandardEval-ppdlic.xrm-ms,Security,File,,,,0x6c0,C:\Windows\WinSxS\amd64_microsoft-windows-servicingstack_31bf3856ad364e35_10.0.20348.557_none_f1edaeb8515fa10d\TiWorker.exe,,S:AI,,SCAFFOLD,0x3e7,DC$,S-1-5-18,,,,,,,,,,,
2026-07-09T06:12:50.428957Z,4660,dc.scaffold.htb,Microsoft-Windows-Security-Auditing,Security,19659,0,,,,,,,,,0x4d4,,,,,,,,,,,,,,Security,,,,,0x6c0,C:\Windows\WinSxS\amd64_microsoft-windows-servicingstack_31bf3856ad364e35_10.0.20348.557_none_f1edaeb8515fa10d\TiWorker.exe,,,,SCAFFOLD,0x3e7,DC$,S-1-5-18,,,,,,,,,00000000-0000-0000-0000-000000000000,,
2026-07-09T06:12:50.429055Z,4663,dc.scaffold.htb,Microsoft-Windows-Security-Auditing,Security,19660,0,"%%1537
				",0x10000,,,,,,,0x4bc,,,,,,,,,,,,,C:\Windows\WinSxS\Temp\InFlight\afeebcef690fdd0113000000c0061007\amd64_microsoft-windows-s..tandardeval-license_31bf3856ad364e35_10.0.20348.380_none_c3dca581052d8054\ServerStandardEval-Retail-TB-Eval-1-pl-rtm.xrm-ms,Security,File,,,,0x6c0,C:\Windows\WinSxS\amd64_microsoft-windows-servicingstack_31bf3856ad364e35_10.0.20348.557_none_f1edaeb8515fa10d\TiWorker.exe,,S:AI,,SCAFFOLD,0x3e7,DC$,S-1-5-18,,,,,,,,,,,
2026-07-09T06:12:50.429058Z,4660,dc.scaffold.htb,Microsoft-Windows-Security-Auditing,Security,19661,0,,,,,,,,,0x4bc,,,,,,,,,,,,,,Security,,,,,0x6c0,C:\Windows\WinSxS\amd64_microsoft-windows-servicingstack_31bf3856ad364e35_10.0.20348.557_none_f1edaeb8515fa10d\TiWorker.exe,,,,SCAFFOLD,0x3e7,DC$,S-1-5-18,,,,,,,,,00000000-0000-0000-0000-000000000000,,
2026-07-09T06:12:50.429182Z,4663,dc.scaffold.htb,Microsoft-Windows-Security-Auditing,Security,19662,0,"%%1537
				",0x10000,,,,,,,0x5c0,,,,,,,,,,,,,C:\Windows\WinSxS\Temp\InFlight\afeebcef690fdd0113000000c0061007\amd64_microsoft-windows-s..tandardeval-license_31bf3856ad364e35_10.0.20348.380_none_c3dca581052d8054\ServerStandardEval-Retail-TB-Eval-1-ul-oob-rtm.xrm-ms,Security,File,,,,0x6c0,C:\Windows\WinSxS\amd64_microsoft-windows-servicingstack_31bf3856ad364e35_10.0.20348.557_none_f1edaeb8515fa10d\TiWorker.exe,,S:AI,,SCAFFOLD,0x3e7,DC$,S-1-5-18,,,,,,,,,,,
2026-07-09T06:12:50.429185Z,4660,dc.scaffold.htb,Microsoft-Windows-Security-Auditing,Security,19663,0,,,,,,,,,0x5c0,,,,,,,,,,,,,,Security,,,,,0x6c0,C:\Windows\WinSxS\amd64_microsoft-windows-servicingstack_31bf3856ad364e35_10.0.20348.557_none_f1edaeb8515fa10d\TiWorker.exe,,,,SCAFFOLD,0x3e7,DC$,S-1-5-18,,,,,,,,,00000000-0000-0000-0000-000000000000,,
2026-07-09T06:12:50.429279Z,4663,dc.scaffold.htb,Microsoft-Windows-Security-Auditing,Security,19664,0,"%%1537
				",0x10000,,,,,,,0x538,,,,,,,,,,,,,C:\Windows\WinSxS\Temp\InFlight\afeebcef690fdd0113000000c0061007\amd64_microsoft-windows-wlms.resources_31bf3856ad364e35_10.0.20348.1_en-us_5642563bd0d5f5d3\wlms.exe.mui,Security,File,,,,0x6c0,C:\Windows\WinSxS\amd64_microsoft-windows-servicingstack_31bf3856ad364e35_10.0.20348.557_none_f1edaeb8515fa10d\TiWorker.exe,,S:AI,,SCAFFOLD,0x3e7,DC$,S-1-5-18,,,,,,,,,,,
2026-07-09T06:12:50.429282Z,4660,dc.scaffold.htb,Microsoft-Windows-Security-Auditing,Security,19665,0,,,,,,,,,0x538,,,,,,,,,,,,,,Security,,,,,0x6c0,C:\Windows\WinSxS\amd64_microsoft-windows-servicingstack_31bf3856ad364e35_10.0.20348.557_none_f1edaeb8515fa10d\TiWorker.exe,,,,SCAFFOLD,0x3e7,DC$,S-1-5-18,,,,,,,,,00000000-0000-0000-0000-000000000000,,
2026-07-09T06:12:50.429396Z,4663,dc.scaffold.htb,Microsoft-Windows-Security-Auditing,Security,19666,0,"%%1537
				",0x10000,,,,,,,0x4d8,,,,,,,,,,,,,C:\Windows\WinSxS\Temp\InFlight\afeebcef690fdd0113000000c0061007\amd64_microsoft-windows-wlms_31bf3856ad364e35_10.0.20348.1_none_3304925ce3ea66c4\wlms.exe,Security,File,,,,0x6c0,C:\Windows\WinSxS\amd64_microsoft-windows-servicingstack_31bf3856ad364e35_10.0.20348.557_none_f1edaeb8515fa10d\TiWorker.exe,,S:AI,,SCAFFOLD,0x3e7,DC$,S-1-5-18,,,,,,,,,,,
2026-07-09T06:12:50.429400Z,4660,dc.scaffold.htb,Microsoft-Windows-Security-Auditing,Security,19667,0,,,,,,,,,0x4d8,,,,,,,,,,,,,,Security,,,,,0x6c0,C:\Windows\WinSxS\amd64_microsoft-windows-servicingstack_31bf3856ad364e35_10.0.20348.557_none_f1edaeb8515fa10d\TiWorker.exe,,,,SCAFFOLD,0x3e7,DC$,S-1-5-18,,,,,,,,,00000000-0000-0000-0000-000000000000,,
2026-07-09T06:12:50.429502Z,4663,dc.scaffold.htb,Microsoft-Windows-Security-Auditing,Security,19668,0,"%%1537
				",0x10000,,,,,,,0x4b8,,,,,,,,,,,,,C:\Windows\WinSxS\Temp\InFlight\afeebcef690fdd0113000000c0061007\x86_microsoft-windows-l..-serverstandardeval_31bf3856ad364e35_10.0.20348.587_none_48bc6508a38dc10d\license.rtf,Security,File,,,,0x6c0,C:\Windows\WinSxS\amd64_microsoft-windows-servicingstack_31bf3856ad364e35_10.0.20348.557_none_f1edaeb8515fa10d\TiWorker.exe,,S:AI,,SCAFFOLD,0x3e7,DC$,S-1-5-18,,,,,,,,,,,
2026-07-09T06:12:50.429505Z,4660,dc.scaffold.htb,Microsoft-Windows-Security-Auditing,Security,19669,0,,,,,,,,,0x4b8,,,,,,,,,,,,,,Security,,,,,0x6c0,C:\Windows\WinSxS\amd64_microsoft-windows-servicingstack_31bf3856ad364e35_10.0.20348.557_none_f1edaeb8515fa10d\TiWorker.exe,,,,SCAFFOLD,0x3e7,DC$,S-1-5-18,,,,,,,,,00000000-0000-0000-0000-000000000000,,
2026-07-09T06:12:50.429627Z,4663,dc.scaffold.htb,Microsoft-Windows-Security-Auditing,Security,19670,0,"%%1537
				",0x10000,,,,,,,0x4e0,,,,,,,,,,,,,C:\Windows\WinSxS\Temp\InFlight\afeebcef690fdd0113000000c0061007\x86_microsoft-windows-l..ndardeval.resources_31bf3856ad364e35_10.0.20348.587_en-us_90485e5eb34a37fe\license.rtf,Security,File,,,,0x6c0,C:\Windows\WinSxS\amd64_microsoft-windows-servicingstack_31bf3856ad364e35_10.0.20348.557_none_f1edaeb8515fa10d\TiWorker.exe,,S:AI,,SCAFFOLD,0x3e7,DC$,S-1-5-18,,,,,,,,,,,
2026-07-09T06:12:50.429631Z,4660,dc.scaffold.htb,Microsoft-Windows-Security-Auditing,Security,19671,0,,,,,,,,,0x4e0,,,,,,,,,,,,,,Security,,,,,0x6c0,C:\Windows\WinSxS\amd64_microsoft-windows-servicingstack_31bf3856ad364e35_10.0.20348.557_none_f1edaeb8515fa10d\TiWorker.exe,,,,SCAFFOLD,0x3e7,DC$,S-1-5-18,,,,,,,,,00000000-0000-0000-0000-000000000000,,
2026-07-09T06:12:50.434574Z,4663,dc.scaffold.htb,Microsoft-Windows-Security-Auditing,Security,19672,0,"%%1537
				",0x10000,,,,,,,0x4b4,,,,,,,,,,,,,C:\Windows\WinSxS\Temp\PendingDeletes\$$DeleteMewlms.exe9b2da8c5690fdd0104000000fc06c402,Security,File,,,,0x6c0,C:\Windows\WinSxS\amd64_microsoft-windows-servicingstack_31bf3856ad364e35_10.0.20348.557_none_f1edaeb8515fa10d\TiWorker.exe,,S:AI,,SCAFFOLD,0x3e7,DC$,S-1-5-18,,,,,,,,,,,
2026-07-09T06:12:50.434577Z,4660,dc.scaffold.htb,Microsoft-Windows-Security-Auditing,Security,19673,0,,,,,,,,,0x4b4,,,,,,,,,,,,,,Security,,,,,0x6c0,C:\Windows\WinSxS\amd64_microsoft-windows-servicingstack_31bf3856ad364e35_10.0.20348.557_none_f1edaeb8515fa10d\TiWorker.exe,,,,SCAFFOLD,0x3e7,DC$,S-1-5-18,,,,,,,,,00000000-0000-0000-0000-000000000000,,
2026-07-09T06:13:43.037338Z,4663,dc.scaffold.htb,Microsoft-Windows-Security-Auditing,Security,19674,0,"%%4417
				%%4418
				",0x6,,,,,,,0x348,,,,,,,,,,,,,C:\Windows\servicing\Sessions\31264618_381700484.xml,Security,File,,,,0x1428,C:\Windows\WinSxS\amd64_microsoft-windows-servicingstack_31bf3856ad364e35_10.0.20348.557_none_f1edaeb8515fa10d\TiWorker.exe,,,,SCAFFOLD,0x3e7,DC$,S-1-5-18,,,,,,,,,,,
2026-07-09T06:13:57.125252Z,4664,dc.scaffold.htb,Microsoft-Windows-Security-Auditing,Security,19675,0,,,,,,,C:\Windows\servicing\Packages\Microsoft-Windows-Editions-ServerDatacenter-Package~31bf3856ad364e35~amd64~~10.0.20348.587.cat,,,,,,,C:\Windows\WinSxS\Temp\InFlight\e08b23206a0fdd01050000002814e802\e08b23206a0fdd01060000002814e802_catalog,,,,,,,,,,,,,,,,,,,SCAFFOLD,0x3e7,DC$,S-1-5-18,,,,,,,,,00000000-0000-0000-0000-000000000000,,
2026-07-09T06:13:57.125546Z,4663,dc.scaffold.htb,Microsoft-Windows-Security-Auditing,Security,19676,0,"%%1539
				%%1540
				",0xc0000,,,,,,,0x5f8,,,,,,,,,,,,,C:\Windows\WinSxS\Temp\InFlight\e08b23206a0fdd01050000002814e802\e08b23206a0fdd01060000002814e802_catalog,Security,File,,,,0x1428,C:\Windows\WinSxS\amd64_microsoft-windows-servicingstack_31bf3856ad364e35_10.0.20348.557_none_f1edaeb8515fa10d\TiWorker.exe,,S:AI,,SCAFFOLD,0x3e7,DC$,S-1-5-18,,,,,,,,,,,
2026-07-09T06:13:57.125674Z,4670,dc.scaffold.htb,Microsoft-Windows-Security-Auditing,Security,19677,0,,,,,,,,,0x5f8,,,,,,,,,,D:PARAI(A;;FA;;;S-1-5-80-956008885-3418522649-1831038044-1853292631-2271478464)(A;;0x1200a9;;;BA)(A;;0x1200a9;;;SY)(A;;0x1200a9;;;BU)(A;;0x1200a9;;;AC)(A;;0x1200a9;;;S-1-15-2-2),,,C:\Windows\WinSxS\Temp\InFlight\e08b23206a0fdd01050000002814e802\e08b23206a0fdd01060000002814e802_catalog,Security,File,D:PAI(A;;FA;;;S-1-5-80-956008885-3418522649-1831038044-1853292631-2271478464)(A;;0x1200a9;;;SY)(A;;0x1200a9;;;BA)(A;;0x1200a9;;;BU)(A;;0x1200a9;;;AC)(A;;0x1200a9;;;S-1-15-2-2),,,0x1428,C:\Windows\WinSxS\amd64_microsoft-windows-servicingstack_31bf3856ad364e35_10.0.20348.557_none_f1edaeb8515fa10d\TiWorker.exe,,,,SCAFFOLD,0x3e7,DC$,S-1-5-18,,,,,,,,,,,
2026-07-09T06:13:57.136934Z,4664,dc.scaffold.htb,Microsoft-Windows-Security-Auditing,Security,19678,0,,,,,,,C:\Windows\servicing\Packages\Microsoft-Windows-Security-SPP-Component-SKU-ServerDatacenter-License-Package~31bf3856ad364e35~amd64~~10.0.20348.502.cat,,,,,,,C:\Windows\WinSxS\Temp\InFlight\38ee25206a0fdd01090000002814e802\38ee25206a0fdd010a0000002814e802_catalog,,,,,,,,,,,,,,,,,,,SCAFFOLD,0x3e7,DC$,S-1-5-18,,,,,,,,,00000000-0000-0000-0000-000000000000,,
2026-07-09T06:13:57.137278Z,4663,dc.scaffold.htb,Microsoft-Windows-Security-Auditing,Security,19679,0,"%%1539
				%%1540
				",0xc0000,,,,,,,0x5d8,,,,,,,,,,,,,C:\Windows\WinSxS\Temp\InFlight\38ee25206a0fdd01090000002814e802\38ee25206a0fdd010a0000002814e802_catalog,Security,File,,,,0x1428,C:\Windows\WinSxS\amd64_microsoft-windows-servicingstack_31bf3856ad364e35_10.0.20348.557_none_f1edaeb8515fa10d\TiWorker.exe,,S:AI,,SCAFFOLD,0x3e7,DC$,S-1-5-18,,,,,,,,,,,
2026-07-09T06:13:57.137362Z,4670,dc.scaffold.htb,Microsoft-Windows-Security-Auditing,Security,19680,0,,,,,,,,,0x5d8,,,,,,,,,,D:PARAI(A;;FA;;;S-1-5-80-956008885-3418522649-1831038044-1853292631-2271478464)(A;;0x1200a9;;;BA)(A;;0x1200a9;;;SY)(A;;0x1200a9;;;BU)(A;;0x1200a9;;;AC)(A;;0x1200a9;;;S-1-15-2-2),,,C:\Windows\WinSxS\Temp\InFlight\38ee25206a0fdd01090000002814e802\38ee25206a0fdd010a0000002814e802_catalog,Security,File,D:PAI(A;;FA;;;S-1-5-80-956008885-3418522649-1831038044-1853292631-2271478464)(A;;0x1200a9;;;SY)(A;;0x1200a9;;;BA)(A;;0x1200a9;;;BU)(A;;0x1200a9;;;AC)(A;;0x1200a9;;;S-1-15-2-2),,,0x1428,C:\Windows\WinSxS\amd64_microsoft-windows-servicingstack_31bf3856ad364e35_10.0.20348.557_none_f1edaeb8515fa10d\TiWorker.exe,,,,SCAFFOLD,0x3e7,DC$,S-1-5-18,,,,,,,,,,,
2026-07-09T06:13:57.526288Z,4664,dc.scaffold.htb,Microsoft-Windows-Security-Auditing,Security,19681,0,,,,,,,C:\Windows\servicing\Packages\Microsoft-Windows-Editions-ServerDatacenter-Package~31bf3856ad364e35~amd64~en-US~10.0.20348.587.cat,,,,,,,C:\Windows\WinSxS\Temp\InFlight\fa8861206a0fdd011e0000002814e802\fa8861206a0fdd011f0000002814e802_catalog,,,,,,,,,,,,,,,,,,,SCAFFOLD,0x3e7,DC$,S-1-5-18,,,,,,,,,00000000-0000-0000-0000-000000000000,,
2026-07-09T06:13:57.526608Z,4663,dc.scaffold.htb,Microsoft-Windows-Security-Auditing,Security,19682,0,"%%1539
				%%1540
				",0xc0000,,,,,,,0x600,,,,,,,,,,,,,C:\Windows\WinSxS\Temp\InFlight\fa8861206a0fdd011e0000002814e802\fa8861206a0fdd011f0000002814e802_catalog,Security,File,,,,0x1428,C:\Windows\WinSxS\amd64_microsoft-windows-servicingstack_31bf3856ad364e35_10.0.20348.557_none_f1edaeb8515fa10d\TiWorker.exe,,S:AI,,SCAFFOLD,0x3e7,DC$,S-1-5-18,,,,,,,,,,,
2026-07-09T06:13:57.526729Z,4670,dc.scaffold.htb,Microsoft-Windows-Security-Auditing,Security,19683,0,,,,,,,,,0x600,,,,,,,,,,D:PARAI(A;;FA;;;S-1-5-80-956008885-3418522649-1831038044-1853292631-2271478464)(A;;0x1200a9;;;BA)(A;;0x1200a9;;;SY)(A;;0x1200a9;;;BU)(A;;0x1200a9;;;AC)(A;;0x1200a9;;;S-1-15-2-2),,,C:\Windows\WinSxS\Temp\InFlight\fa8861206a0fdd011e0000002814e802\fa8861206a0fdd011f0000002814e802_catalog,Security,File,D:PAI(A;;FA;;;S-1-5-80-956008885-3418522649-1831038044-1853292631-2271478464)(A;;0x1200a9;;;SY)(A;;0x1200a9;;;BA)(A;;0x1200a9;;;BU)(A;;0x1200a9;;;AC)(A;;0x1200a9;;;S-1-15-2-2),,,0x1428,C:\Windows\WinSxS\amd64_microsoft-windows-servicingstack_31bf3856ad364e35_10.0.20348.557_none_f1edaeb8515fa10d\TiWorker.exe,,,,SCAFFOLD,0x3e7,DC$,S-1-5-18,,,,,,,,,,,
2026-07-09T06:13:57.535553Z,4664,dc.scaffold.htb,Microsoft-Windows-Security-Auditing,Security,19684,0,,,,,,,C:\Windows\servicing\Packages\Server-Help-Package.ServerDatacenter~31bf3856ad364e35~amd64~en-US~10.0.20348.1.cat,,,,,,,C:\Windows\WinSxS\Temp\InFlight\fa8861206a0fdd01220000002814e802\52eb63206a0fdd01230000002814e802_catalog,,,,,,,,,,,,,,,,,,,SCAFFOLD,0x3e7,DC$,S-1-5-18,,,,,,,,,00000000-0000-0000-0000-000000000000,,
2026-07-09T06:13:57.535783Z,4663,dc.scaffold.htb,Microsoft-Windows-Security-Auditing,Security,19685,0,"%%1539
				%%1540
				",0xc0000,,,,,,,0x620,,,,,,,,,,,,,C:\Windows\WinSxS\Temp\InFlight\fa8861206a0fdd01220000002814e802\52eb63206a0fdd01230000002814e802_catalog,Security,File,,,,0x1428,C:\Windows\WinSxS\amd64_microsoft-windows-servicingstack_31bf3856ad364e35_10.0.20348.557_none_f1edaeb8515fa10d\TiWorker.exe,,S:AI,,SCAFFOLD,0x3e7,DC$,S-1-5-18,,,,,,,,,,,
2026-07-09T06:13:57.535882Z,4670,dc.scaffold.htb,Microsoft-Windows-Security-Auditing,Security,19686,0,,,,,,,,,0x620,,,,,,,,,,D:PARAI(A;;FA;;;S-1-5-80-956008885-3418522649-1831038044-1853292631-2271478464)(A;;0x1200a9;;;BA)(A;;0x1200a9;;;SY)(A;;0x1200a9;;;BU)(A;;0x1200a9;;;AC)(A;;0x1200a9;;;S-1-15-2-2),,,C:\Windows\WinSxS\Temp\InFlight\fa8861206a0fdd01220000002814e802\52eb63206a0fdd01230000002814e802_catalog,Security,File,D:PAI(A;;FA;;;S-1-5-80-956008885-3418522649-1831038044-1853292631-2271478464)(A;;0x1200a9;;;SY)(A;;0x1200a9;;;BA)(A;;0x1200a9;;;BU)(A;;0x1200a9;;;AC)(A;;0x1200a9;;;S-1-15-2-2),,,0x1428,C:\Windows\WinSxS\amd64_microsoft-windows-servicingstack_31bf3856ad364e35_10.0.20348.557_none_f1edaeb8515fa10d\TiWorker.exe,,,,SCAFFOLD,0x3e7,DC$,S-1-5-18,,,,,,,,,,,
2026-07-09T06:13:58.056204Z,4985,dc.scaffold.htb,Microsoft-Windows-Security-Auditing,Security,19687,0,,,,,,,,,,,,,,,,,,,,48,,,,,,,,0x1428,C:\Windows\WinSxS\amd64_microsoft-windows-servicingstack_31bf3856ad364e35_10.0.20348.557_none_f1edaeb8515fa10d\TiWorker.exe,,,DA4CB52F-4F22-11F1-A9A6-8906DE6815CD,SCAFFOLD,0x3e7,DC$,S-1-5-18,,,,,,,,,09FDD384-7B5D-11F1-992D-005056B98D90,,
2026-07-09T06:13:58.313580Z,4985,dc.scaffold.htb,Microsoft-Windows-Security-Auditing,Security,19688,0,,,,,,,,,,,,,,,,,,,,52,,,,,,,,0x1428,C:\Windows\WinSxS\amd64_microsoft-windows-servicingstack_31bf3856ad364e35_10.0.20348.557_none_f1edaeb8515fa10d\TiWorker.exe,,,DA4CB52F-4F22-11F1-A9A6-8906DE6815CD,SCAFFOLD,0x3e7,DC$,S-1-5-18,,,,,,,,,09FDD384-7B5D-11F1-992D-005056B98D90,,
2026-07-09T06:13:58.368901Z,4663,dc.scaffold.htb,Microsoft-Windows-Security-Auditing,Security,19689,0,"%%1538
				",0x20000,,,,,,,0x5f0,,,,,,,,,,,,,C:\Windows\WinSxS\FileMaps\_0000000000000000.cdf-ms,Security,File,,,,0x1428,C:\Windows\WinSxS\amd64_microsoft-windows-servicingstack_31bf3856ad364e35_10.0.20348.557_none_f1edaeb8515fa10d\TiWorker.exe,,S:AI,,SCAFFOLD,0x3e7,DC$,S-1-5-18,,,,,,,,,,,
2026-07-09T06:13:58.373336Z,4663,dc.scaffold.htb,Microsoft-Windows-Security-Auditing,Security,19690,0,"%%1538
				",0x20000,,,,,,,0x61c,,,,,,,,,,,,,C:\Windows\WinSxS\FileMaps\$$.cdf-ms,Security,File,,,,0x1428,C:\Windows\WinSxS\amd64_microsoft-windows-servicingstack_31bf3856ad364e35_10.0.20348.557_none_f1edaeb8515fa10d\TiWorker.exe,,S:AI,,SCAFFOLD,0x3e7,DC$,S-1-5-18,,,,,,,,,,,
2026-07-09T06:13:58.448949Z,4663,dc.scaffold.htb,Microsoft-Windows-Security-Auditing,Security,19691,0,"%%1538
				",0x20000,,,,,,,0x5dc,,,,,,,,,,,,,C:\Windows\WinSxS\FileMaps\$$_syswow64_21ffbdd2a2dd92e0.cdf-ms,Security,File,,,,0x1428,C:\Windows\WinSxS\amd64_microsoft-windows-servicingstack_31bf3856ad364e35_10.0.20348.557_none_f1edaeb8515fa10d\TiWorker.exe,,S:AI,,SCAFFOLD,0x3e7,DC$,S-1-5-18,,,,,,,,,,,
2026-07-09T06:13:58.477912Z,4663,dc.scaffold.htb,Microsoft-Windows-Security-Auditing,Security,19692,0,"%%1538
				",0x20000,,,,,,,0x6f0,,,,,,,,,,,,,C:\Windows\WinSxS\FileMaps\$$_syswow64_en-us_9e576ab077991fe8.cdf-ms,Security,File,,,,0x1428,C:\Windows\WinSxS\amd64_microsoft-windows-servicingstack_31bf3856ad364e35_10.0.20348.557_none_f1edaeb8515fa10d\TiWorker.exe,,S:AI,,SCAFFOLD,0x3e7,DC$,S-1-5-18,,,,,,,,,,,
2026-07-09T06:13:58.480353Z,4663,dc.scaffold.htb,Microsoft-Windows-Security-Auditing,Security,19693,0,"%%1538
				",0x20000,,,,,,,0x6ec,,,,,,,,,,,,,C:\Windows\WinSxS\FileMaps\$$_syswow64_en-us_licenses_45a768f9c2f8cd4a.cdf-ms,Security,File,,,,0x1428,C:\Windows\WinSxS\amd64_microsoft-windows-servicingstack_31bf3856ad364e35_10.0.20348.557_none_f1edaeb8515fa10d\TiWorker.exe,,S:AI,,SCAFFOLD,0x3e7,DC$,S-1-5-18,,,,,,,,,,,
2026-07-09T06:13:58.585035Z,4663,dc.scaffold.htb,Microsoft-Windows-Security-Auditing,Security,19694,0,"%%1538
				",0x20000,,,,,,,0x704,,,,,,,,,,,,,C:\Windows\WinSxS\FileMaps\$$_system32_21f9a9c4a2f8b514.cdf-ms,Security,File,,,,0x1428,C:\Windows\WinSxS\amd64_microsoft-windows-servicingstack_31bf3856ad364e35_10.0.20348.557_none_f1edaeb8515fa10d\TiWorker.exe,,S:AI,,SCAFFOLD,0x3e7,DC$,S-1-5-18,,,,,,,,,,,
2026-07-09T06:13:58.665943Z,4663,dc.scaffold.htb,Microsoft-Windows-Security-Auditing,Security,19695,0,"%%1538
				",0x20000,,,,,,,0x71c,,,,,,,,,,,,,C:\Windows\WinSxS\FileMaps\$$_system32_en-us_429cd25484dc6f94.cdf-ms,Security,File,,,,0x1428,C:\Windows\WinSxS\amd64_microsoft-windows-servicingstack_31bf3856ad364e35_10.0.20348.557_none_f1edaeb8515fa10d\TiWorker.exe,,S:AI,,SCAFFOLD,0x3e7,DC$,S-1-5-18,,,,,,,,,,,
2026-07-09T06:13:58.677402Z,4663,dc.scaffold.htb,Microsoft-Windows-Security-Auditing,Security,19696,0,"%%1538
				",0x20000,,,,,,,0x720,,,,,,,,,,,,,C:\Windows\WinSxS\FileMaps\$$_system32_en-us_licenses_205e682c4ad0fe50.cdf-ms,Security,File,,,,0x1428,C:\Windows\WinSxS\amd64_microsoft-windows-servicingstack_31bf3856ad364e35_10.0.20348.557_none_f1edaeb8515fa10d\TiWorker.exe,,S:AI,,SCAFFOLD,0x3e7,DC$,S-1-5-18,,,,,,,,,,,
2026-07-09T06:13:58.686437Z,4663,dc.scaffold.htb,Microsoft-Windows-Security-Auditing,Security,19697,0,"%%1538
				",0x20000,,,,,,,0x734,,,,,,,,,,,,,C:\Windows\WinSxS\FileMaps\$$_servicing_fc2045b9046cc796.cdf-ms,Security,File,,,,0x1428,C:\Windows\WinSxS\amd64_microsoft-windows-servicingstack_31bf3856ad364e35_10.0.20348.557_none_f1edaeb8515fa10d\TiWorker.exe,,S:AI,,SCAFFOLD,0x3e7,DC$,S-1-5-18,,,,,,,,,,,
2026-07-09T06:13:58.688263Z,4663,dc.scaffold.htb,Microsoft-Windows-Security-Auditing,Security,19698,0,"%%1538
				",0x20000,,,,,,,0x738,,,,,,,,,,,,,C:\Windows\WinSxS\FileMaps\$$_servicing_editions_596ea20ddafb9f7d.cdf-ms,Security,File,,,,0x1428,C:\Windows\WinSxS\amd64_microsoft-windows-servicingstack_31bf3856ad364e35_10.0.20348.557_none_f1edaeb8515fa10d\TiWorker.exe,,S:AI,,SCAFFOLD,0x3e7,DC$,S-1-5-18,,,,,,,,,,,
2026-07-09T06:13:58.690504Z,4663,dc.scaffold.htb,Microsoft-Windows-Security-Auditing,Security,19699,0,"%%1538
				",0x20000,,,,,,,0x73c,,,,,,,,,,,,,C:\Windows\WinSxS\FileMaps\programdata.cdf-ms,Security,File,,,,0x1428,C:\Windows\WinSxS\amd64_microsoft-windows-servicingstack_31bf3856ad364e35_10.0.20348.557_none_f1edaeb8515fa10d\TiWorker.exe,,S:AI,,SCAFFOLD,0x3e7,DC$,S-1-5-18,,,,,,,,,,,
2026-07-09T06:13:58.692332Z,4663,dc.scaffold.htb,Microsoft-Windows-Security-Auditing,Security,19700,0,"%%1538
				",0x20000,,,,,,,0x740,,,,,,,,,,,,,C:\Windows\WinSxS\FileMaps\programdata_regid.1991-06.com.microsoft_51d60bf7e29fdcc5.cdf-ms,Security,File,,,,0x1428,C:\Windows\WinSxS\amd64_microsoft-windows-servicingstack_31bf3856ad364e35_10.0.20348.557_none_f1edaeb8515fa10d\TiWorker.exe,,S:AI,,SCAFFOLD,0x3e7,DC$,S-1-5-18,,,,,,,,,,,
2026-07-09T06:13:58.839829Z,4985,dc.scaffold.htb,Microsoft-Windows-Security-Auditing,Security,19701,0,,,,,,,,,,,,,,,,,,,,48,,,,,,,,0x1428,C:\Windows\WinSxS\amd64_microsoft-windows-servicingstack_31bf3856ad364e35_10.0.20348.557_none_f1edaeb8515fa10d\TiWorker.exe,,,DA4CB52F-4F22-11F1-A9A6-8906DE6815CD,SCAFFOLD,0x3e7,DC$,S-1-5-18,,,,,,,,,09FDD391-7B5D-11F1-992D-005056B98D90,,
2026-07-09T06:13:58.858652Z,4985,dc.scaffold.htb,Microsoft-Windows-Security-Auditing,Security,19702,0,,,,,,,,,,,,,,,,,,,,52,,,,,,,,0x1428,C:\Windows\WinSxS\amd64_microsoft-windows-servicingstack_31bf3856ad364e35_10.0.20348.557_none_f1edaeb8515fa10d\TiWorker.exe,,,DA4CB52F-4F22-11F1-A9A6-8906DE6815CD,SCAFFOLD,0x3e7,DC$,S-1-5-18,,,,,,,,,09FDD391-7B5D-11F1-992D-005056B98D90,,
2026-07-09T06:13:58.871261Z,4663,dc.scaffold.htb,Microsoft-Windows-Security-Auditing,Security,19703,0,"%%4417
				",0x2,,,,,,,0xeb4,,,,,,,,,,,,,C:\Windows\servicing\Sessions,Security,File,,,,0x1428,C:\Windows\WinSxS\amd64_microsoft-windows-servicingstack_31bf3856ad364e35_10.0.20348.557_none_f1edaeb8515fa10d\TiWorker.exe,,S:AI,,SCAFFOLD,0x3e7,DC$,S-1-5-18,,,,,,,,,,,
2026-07-09T06:13:58.871720Z,4663,dc.scaffold.htb,Microsoft-Windows-Security-Auditing,Security,19704,0,"%%4417
				%%4418
				",0x6,,,,,,,0x3a0,,,,,,,,,,,,,C:\Windows\servicing\Sessions\31264618_381700484.xml,Security,File,,,,0x1428,C:\Windows\WinSxS\amd64_microsoft-windows-servicingstack_31bf3856ad364e35_10.0.20348.557_none_f1edaeb8515fa10d\TiWorker.exe,,,,SCAFFOLD,0x3e7,DC$,S-1-5-18,,,,,,,,,,,
2026-07-09T06:14:40.240304Z,4985,dc.scaffold.htb,Microsoft-Windows-Security-Auditing,Security,19705,0,,,,,,,,,,,,,,,,,,,,48,,,,,,,,0xd90,C:\Windows\System32\poqexec.exe,,,DA4CB52F-4F22-11F1-A9A6-8906DE6815CD,SCAFFOLD,0x3e7,DC$,S-1-5-18,,,,,,,,,09FDD45B-7B5D-11F1-992D-005056B98D90,,
2026-07-09T06:14:40.241703Z,4663,dc.scaffold.htb,Microsoft-Windows-Security-Auditing,Security,19706,0,"%%1537
				",0x10000,,,,,,,0x6c,,,,,,,,,,,,,C:\Windows\WinSxS\FileMaps\_0000000000000000.cdf-ms,Security,File,,,,0xd90,C:\Windows\System32\poqexec.exe,,S:AI,,SCAFFOLD,0x3e7,DC$,S-1-5-18,,,,,,,,,,,
2026-07-09T06:14:40.241708Z,4660,dc.scaffold.htb,Microsoft-Windows-Security-Auditing,Security,19707,0,,,,,,,,,0x6c,,,,,,,,,,,,,,Security,,,,,0xd90,C:\Windows\System32\poqexec.exe,,,,SCAFFOLD,0x3e7,DC$,S-1-5-18,,,,,,,,,09FDD45B-7B5D-11F1-992D-005056B98D90,,
2026-07-09T06:14:40.243193Z,4663,dc.scaffold.htb,Microsoft-Windows-Security-Auditing,Security,19708,0,"%%4417
				",0x2,,,,,,,0x1c48,,,,,,,,,,,,,C:\Windows\WinSxS\FileMaps,Security,File,,,,0xd90,C:\Windows\System32\poqexec.exe,,S:AI,,SCAFFOLD,0x3e7,DC$,S-1-5-18,,,,,,,,,,,
2026-07-09T06:14:40.245053Z,4663,dc.scaffold.htb,Microsoft-Windows-Security-Auditing,Security,19709,0,"%%1538
				",0x20000,,,,,,,0x70,,,,,,,,,,,,,C:\Windows\WinSxS\FileMaps,Security,File,,,,0xd90,C:\Windows\System32\poqexec.exe,,S:AI,,SCAFFOLD,0x3e7,DC$,S-1-5-18,,,,,,,,,,,
2026-07-09T06:14:40.245280Z,4663,dc.scaffold.htb,Microsoft-Windows-Security-Auditing,Security,19710,0,"%%1538
				",0x20000,,,,,,,0x70,,,,,,,,,,,,,C:\Windows\WinSxS\FileMaps,Security,File,,,,0xd90,C:\Windows\System32\poqexec.exe,,S:AI,,SCAFFOLD,0x3e7,DC$,S-1-5-18,,,,,,,,,,,
2026-07-09T06:14:40.245687Z,4663,dc.scaffold.htb,Microsoft-Windows-Security-Auditing,Security,19711,0,"%%1537
				",0x10000,,,,,,,0x6c,,,,,,,,,,,,,C:\Windows\WinSxS\FileMaps\$$.cdf-ms,Security,File,,,,0xd90,C:\Windows\System32\poqexec.exe,,S:AI,,SCAFFOLD,0x3e7,DC$,S-1-5-18,,,,,,,,,,,
2026-07-09T06:14:40.245691Z,4660,dc.scaffold.htb,Microsoft-Windows-Security-Auditing,Security,19712,0,,,,,,,,,0x6c,,,,,,,,,,,,,,Security,,,,,0xd90,C:\Windows\System32\poqexec.exe,,,,SCAFFOLD,0x3e7,DC$,S-1-5-18,,,,,,,,,09FDD45B-7B5D-11F1-992D-005056B98D90,,
2026-07-09T06:14:40.247626Z,4663,dc.scaffold.htb,Microsoft-Windows-Security-Auditing,Security,19713,0,"%%4417
				",0x2,,,,,,,0x1c48,,,,,,,,,,,,,C:\Windows\WinSxS\FileMaps,Security,File,,,,0xd90,C:\Windows\System32\poqexec.exe,,S:AI,,SCAFFOLD,0x3e7,DC$,S-1-5-18,,,,,,,,,,,
2026-07-09T06:14:40.247923Z,4663,dc.scaffold.htb,Microsoft-Windows-Security-Auditing,Security,19714,0,"%%1538
				",0x20000,,,,,,,0x70,,,,,,,,,,,,,C:\Windows\WinSxS\FileMaps,Security,File,,,,0xd90,C:\Windows\System32\poqexec.exe,,S:AI,,SCAFFOLD,0x3e7,DC$,S-1-5-18,,,,,,,,,,,
2026-07-09T06:14:40.248114Z,4663,dc.scaffold.htb,Microsoft-Windows-Security-Auditing,Security,19715,0,"%%1538
				",0x20000,,,,,,,0x70,,,,,,,,,,,,,C:\Windows\WinSxS\FileMaps,Security,File,,,,0xd90,C:\Windows\System32\poqexec.exe,,S:AI,,SCAFFOLD,0x3e7,DC$,S-1-5-18,,,,,,,,,,,
