2026-07-09T06:11:26.630309Z,50105,dc.scaffold.htb,Microsoft-Windows-Dhcp-Client,System,12438,4,,,,,,,,,,,,,,,,,,,,,,,,,,,,,,,,,,,,,,,,,,,,,,,,,,,,,,,,,,,,,,,,,,,,,,,,,,,,,,,,,,,,,,,,,,,,,,,,,,,,,,,,,,,,,,,,,,,,,,,,,,,,,,,,,,,,,,,,,,,,,,,,,
2026-07-09T06:11:26.622337Z,"{'#attributes': {'Qualifiers': 16384}, '#text': 7036}",dc.scaffold.htb,Service Control Manager,System,12439,4,,,,,,50006C007500670050006C00610079002F0031000000,,,,,,,,,,,,,,,,,,,,,,,,,,,,,,,,,,,,,,,,,,,,,,,,,,,,,,,,,,,,,,,,,,,,,,,,,,,,,,,,,,,,,,,,,,,,,,,,,,,,,,,,,,,,,,,,,,,,,,,,,,,Plug and Play,,,stopped,,,,,,,,,,,,,
2026-07-09T06:11:26.622337Z,"{'#attributes': {'Qualifiers': 16384}, '#text': 7036}",dc.scaffold.htb,Service Control Manager,System,12440,4,,,,,,730077007000720076002F0031000000,,,,,,,,,,,,,,,,,,,,,,,,,,,,,,,,,,,,,,,,,,,,,,,,,,,,,,,,,,,,,,,,,,,,,,,,,,,,,,,,,,,,,,,,,,,,,,,,,,,,,,,,,,,,,,,,,,,,,,,,,,,Microsoft Software Shadow Copy Provider,,,stopped,,,,,,,,,,,,,
2026-07-09T06:11:26.622337Z,"{'#attributes': {'Qualifiers': 16384}, '#text': 7036}",dc.scaffold.htb,Service Control Manager,System,12441,4,,,,,,46006F006E007400430061006300680065002F0031000000,,,,,,,,,,,,,,,,,,,,,,,,,,,,,,,,,,,,,,,,,,,,,,,,,,,,,,,,,,,,,,,,,,,,,,,,,,,,,,,,,,,,,,,,,,,,,,,,,,,,,,,,,,,,,,,,,,,,,,,,,,,Windows Font Cache Service,,,stopped,,,,,,,,,,,,,
2026-07-09T06:11:26.637996Z,"{'#attributes': {'Qualifiers': 16384}, '#text': 7036}",dc.scaffold.htb,Service Control Manager,System,12442,4,,,,,,570069006E006D0067006D0074002F0031000000,,,,,,,,,,,,,,,,,,,,,,,,,,,,,,,,,,,,,,,,,,,,,,,,,,,,,,,,,,,,,,,,,,,,,,,,,,,,,,,,,,,,,,,,,,,,,,,,,,,,,,,,,,,,,,,,,,,,,,,,,,,Windows Management Instrumentation,,,stopped,,,,,,,,,,,,,
2026-07-09T06:11:26.653585Z,"{'#attributes': {'Qualifiers': 16384}, '#text': 7036}",dc.scaffold.htb,Service Control Manager,System,12443,4,,,,,,570063006D007300760063002F0031000000,,,,,,,,,,,,,,,,,,,,,,,,,,,,,,,,,,,,,,,,,,,,,,,,,,,,,,,,,,,,,,,,,,,,,,,,,,,,,,,,,,,,,,,,,,,,,,,,,,,,,,,,,,,,,,,,,,,,,,,,,,,Windows Connection Manager,,,stopped,,,,,,,,,,,,,
2026-07-09T06:11:26.653585Z,"{'#attributes': {'Qualifiers': 16384}, '#text': 7036}",dc.scaffold.htb,Service Control Manager,System,12444,4,,,,,,570033003200540069006D0065002F0031000000,,,,,,,,,,,,,,,,,,,,,,,,,,,,,,,,,,,,,,,,,,,,,,,,,,,,,,,,,,,,,,,,,,,,,,,,,,,,,,,,,,,,,,,,,,,,,,,,,,,,,,,,,,,,,,,,,,,,,,,,,,,Windows Time,,,stopped,,,,,,,,,,,,,
2026-07-09T06:11:26.653585Z,"{'#attributes': {'Qualifiers': 16384}, '#text': 7036}",dc.scaffold.htb,Service Control Manager,System,12445,4,,,,,,4D00440054005F004D006F006E00690074006F0072002F0031000000,,,,,,,,,,,,,,,,,,,,,,,,,,,,,,,,,,,,,,,,,,,,,,,,,,,,,,,,,,,,,,,,,,,,,,,,,,,,,,,,,,,,,,,,,,,,,,,,,,,,,,,,,,,,,,,,,,,,,,,,,,,Microsoft Deployment Toolkit Monitor Service,,,stopped,,,,,,,,,,,,,
2026-07-09T06:11:26.680348Z,51047,dc.scaffold.htb,Microsoft-Windows-DHCPv6-Client,System,12446,4,,,,,,,,,,,,,,,,,,,,,,,,,,,,,,,,,,,,,,,,1,,,,,,,,,,,,,,,,,,,,,,,,,,,,,,,,,,,,,,,,,,,,,,,,,,,,,,,,,,,,,,,,,,,,,,,,,,,,,,,,,,,,,,,,,,,,,,,,,,,,,,,,,
2026-07-09T06:11:26.680350Z,51057,dc.scaffold.htb,Microsoft-Windows-DHCPv6-Client,System,12447,4,,,,,,,,,,,,,,,,,,,,,,,,,,,,,,,,,,,,,,,,1,,,,,,,,,,,,,,,,,,,,,,,,,,,,,,,,,,,,,,,,,,,,,,,,,,,,,,,,,,,,,,,,,,,,,,,,,,,,,,,,,,,,,,,,,,,,,,,,,,,,,,,,,
2026-07-09T06:11:26.684836Z,"{'#attributes': {'Qualifiers': 16384}, '#text': 7036}",dc.scaffold.htb,Service Control Manager,System,12448,4,,,,,,44004E0053002F0031000000,,,,,,,,,,,,,,,,,,,,,,,,,,,,,,,,,,,,,,,,,,,,,,,,,,,,,,,,,,,,,,,,,,,,,,,,,,,,,,,,,,,,,,,,,,,,,,,,,,,,,,,,,,,,,,,,,,,,,,,,,,,DNS Server,,,stopped,,,,,,,,,,,,,
2026-07-09T06:11:26.715536Z,50106,dc.scaffold.htb,Microsoft-Windows-Dhcp-Client,System,12449,4,,,,,,,,,,,,,,,,,,,,,,,,,,,,,,,,,,,,,,,,,,,,,,,,,,,,,,,,,,,,,,,,,,,,,,,,,,,,,,,,,,,,,,,,,,,,,,,,,,,,,,,,,,,,,,,,,,,,,,,,,,,,,,,,,,,,,,,,,,,,,,,,,
2026-07-09T06:11:26.716085Z,"{'#attributes': {'Qualifiers': 16384}, '#text': 7036}",dc.scaffold.htb,Service Control Manager,System,12450,4,,,,,,53007300740070005300760063002F0031000000,,,,,,,,,,,,,,,,,,,,,,,,,,,,,,,,,,,,,,,,,,,,,,,,,,,,,,,,,,,,,,,,,,,,,,,,,,,,,,,,,,,,,,,,,,,,,,,,,,,,,,,,,,,,,,,,,,,,,,,,,,,Secure Socket Tunneling Protocol Service,,,stopped,,,,,,,,,,,,,
2026-07-09T06:11:26.716085Z,"{'#attributes': {'Qualifiers': 16384}, '#text': 7036}",dc.scaffold.htb,Service Control Manager,System,12451,4,,,,,,7600640073002F0031000000,,,,,,,,,,,,,,,,,,,,,,,,,,,,,,,,,,,,,,,,,,,,,,,,,,,,,,,,,,,,,,,,,,,,,,,,,,,,,,,,,,,,,,,,,,,,,,,,,,,,,,,,,,,,,,,,,,,,,,,,,,,Virtual Disk,,,stopped,,,,,,,,,,,,,
2026-07-09T06:11:26.731712Z,"{'#attributes': {'Qualifiers': 16384}, '#text': 7036}",dc.scaffold.htb,Service Control Manager,System,12452,4,,,,,,570069006E0048007400740070004100750074006F00500072006F00780079005300760063002F0031000000,,,,,,,,,,,,,,,,,,,,,,,,,,,,,,,,,,,,,,,,,,,,,,,,,,,,,,,,,,,,,,,,,,,,,,,,,,,,,,,,,,,,,,,,,,,,,,,,,,,,,,,,,,,,,,,,,,,,,,,,,,,WinHTTP Web Proxy Auto-Discovery Service,,,stopped,,,,,,,,,,,,,
2026-07-09T06:11:26.747335Z,"{'#attributes': {'Qualifiers': 16384}, '#text': 7036}",dc.scaffold.htb,Service Control Manager,System,12453,4,,,,,,49004B0045004500580054002F0031000000,,,,,,,,,,,,,,,,,,,,,,,,,,,,,,,,,,,,,,,,,,,,,,,,,,,,,,,,,,,,,,,,,,,,,,,,,,,,,,,,,,,,,,,,,,,,,,,,,,,,,,,,,,,,,,,,,,,,,,,,,,,IKE and AuthIP IPsec Keying Modules,,,stopped,,,,,,,,,,,,,
2026-07-09T06:11:26.762113Z,50037,dc.scaffold.htb,Microsoft-Windows-Dhcp-Client,System,12454,4,,,,,,,,,,,,,,,,,,,,,,,,,,,,,,,,,,,,,,,,1,,,,,,,,,,,,,,,,,,,,,,,,,,,,,,,,,,,,,,,,,,,,,,,,,,,,,,,,,,,,,,,,,,,,,,,,,,,,,,,,,,,,,,,,,,,,,,,,,,,,,,,,,
2026-07-09T06:11:26.809834Z,"{'#attributes': {'Qualifiers': 16384}, '#text': 7036}",dc.scaffold.htb,Service Control Manager,System,12455,4,,,,,,44006800630070002F0031000000,,,,,,,,,,,,,,,,,,,,,,,,,,,,,,,,,,,,,,,,,,,,,,,,,,,,,,,,,,,,,,,,,,,,,,,,,,,,,,,,,,,,,,,,,,,,,,,,,,,,,,,,,,,,,,,,,,,,,,,,,,,DHCP Client,,,stopped,,,,,,,,,,,,,
2026-07-09T06:11:26.825461Z,"{'#attributes': {'Qualifiers': 16384}, '#text': 7036}",dc.scaffold.htb,Service Control Manager,System,12456,4,,,,,,430072007900700074005300760063002F0031000000,,,,,,,,,,,,,,,,,,,,,,,,,,,,,,,,,,,,,,,,,,,,,,,,,,,,,,,,,,,,,,,,,,,,,,,,,,,,,,,,,,,,,,,,,,,,,,,,,,,,,,,,,,,,,,,,,,,,,,,,,,,Cryptographic Services,,,stopped,,,,,,,,,,,,,
2026-07-09T06:11:43.550837Z,"{'#attributes': {'Qualifiers': 32768}, '#text': 6009}",dc.scaffold.htb,EventLog,System,12457,4,,,,,,,,,,,,,,,,,,,,,,,10.00.,20348,,Multiprocessor Free,0,,,,,,,,,,,,,,,,,,,,,,,,,,,,,,,,,,,,,,,,,,,,,,,,,,,,,,,,,,,,,,,,,,,,,,,,,,,,,,,,,,,,,,,,,,,,,,,,,,,,,,,,,,,,,,,,,,,,,,
2026-07-09T06:11:43.550837Z,"{'#attributes': {'Qualifiers': 32768}, '#text': 6005}",dc.scaffold.htb,EventLog,System,12458,4,,,,,,EA0707000400090006000B002B0026020000000000000000,,,,,,,,,,,,,,,,,,,,,,,,,,,,,,,,,,,,,,,,,,,,,,,,,,,,,,,,,,,,,,,,,,,,,,,,,,,,,,,,,,,,,,,,,,,,,,,,,,,,,,,,,,,,,,,,,,,,,,,,,,,,,,,,,,,,,,,,,,,
2026-07-09T06:11:43.566466Z,"{'#attributes': {'Qualifiers': 32768}, '#text': 6013}",dc.scaffold.htb,EventLog,System,12459,4,,,,,,31002E003100000030000000570069006E0064006F007700730020005300650072007600650072002000320030003200320020005300740061006E0064006100720064000000310030002E0030002E003200300033003400380020004200750069006C0064002000320030003300340038002000200000004D0075006C0074006900700072006F0063006500730073006F007200200046007200650065000000320030003300340038002E00660065005F00720065006C0065006100730065002E003200310030003500300037002D00310035003000300000003600610030003400380062003600630000004E006F007400200041007600610069006C00610062006C00650000004E006F007400200041007600610069006C00610062006C00650000003900000032000000340030003900360000003400300039000000640063002E00730063006100660066006F006C0064002E0068007400620000000000,,,,,,,,,,,,,,,,,,,,,8,60,480 Pacific Standard Time,,,,,,,,,,,,,,,,,,,,,,,,,,,,,,,,,,,,,,,,,,,,,,,,,,,,,,,,,,,,,,,,,,,,,,,,,,,,,,,,,,,,,,,,,,,,,,,,,,,,,,,,,,,,,,,,,,,,
2026-07-09T06:11:26.856710Z,"{'#attributes': {'Qualifiers': 16384}, '#text': 7036}",dc.scaffold.htb,Service Control Manager,System,12460,4,,,,,,5200610073004D0061006E002F0031000000,,,,,,,,,,,,,,,,,,,,,,,,,,,,,,,,,,,,,,,,,,,,,,,,,,,,,,,,,,,,,,,,,,,,,,,,,,,,,,,,,,,,,,,,,,,,,,,,,,,,,,,,,,,,,,,,,,,,,,,,,,,Remote Access Connection Manager,,,stopped,,,,,,,,,,,,,
2026-07-09T06:11:26.887961Z,"{'#attributes': {'Qualifiers': 16384}, '#text': 7036}",dc.scaffold.htb,Service Control Manager,System,12461,4,,,,,,4500760065006E0074004C006F0067002F0031000000,,,,,,,,,,,,,,,,,,,,,,,,,,,,,,,,,,,,,,,,,,,,,,,,,,,,,,,,,,,,,,,,,,,,,,,,,,,,,,,,,,,,,,,,,,,,,,,,,,,,,,,,,,,,,,,,,,,,,,,,,,,Windows Event Log,,,stopped,,,,,,,,,,,,,
2026-07-09T06:11:26.903584Z,"{'#attributes': {'Qualifiers': 16384}, '#text': 7036}",dc.scaffold.htb,Service Control Manager,System,12462,4,,,,,,550073006F005300760063002F0031000000,,,,,,,,,,,,,,,,,,,,,,,,,,,,,,,,,,,,,,,,,,,,,,,,,,,,,,,,,,,,,,,,,,,,,,,,,,,,,,,,,,,,,,,,,,,,,,,,,,,,,,,,,,,,,,,,,,,,,,,,,,,Update Orchestrator Service,,,stopped,,,,,,,,,,,,,
2026-07-09T06:11:27.012963Z,"{'#attributes': {'Qualifiers': 16384}, '#text': 7036}",dc.scaffold.htb,Service Control Manager,System,12463,4,,,,,,530051004C005700720069007400650072002F0031000000,,,,,,,,,,,,,,,,,,,,,,,,,,,,,,,,,,,,,,,,,,,,,,,,,,,,,,,,,,,,,,,,,,,,,,,,,,,,,,,,,,,,,,,,,,,,,,,,,,,,,,,,,,,,,,,,,,,,,,,,,,,SQL Server VSS Writer,,,stopped,,,,,,,,,,,,,
2026-07-09T06:11:27.028589Z,"{'#attributes': {'Qualifiers': 16384}, '#text': 7036}",dc.scaffold.htb,Service Control Manager,System,12464,4,,,,,,43006500720074005300760063002F0031000000,,,,,,,,,,,,,,,,,,,,,,,,,,,,,,,,,,,,,,,,,,,,,,,,,,,,,,,,,,,,,,,,,,,,,,,,,,,,,,,,,,,,,,,,,,,,,,,,,,,,,,,,,,,,,,,,,,,,,,,,,,,Active Directory Certificate Services,,,stopped,,,,,,,,,,,,,
2026-07-09T06:11:27.028589Z,"{'#attributes': {'Qualifiers': 16384}, '#text': 7036}",dc.scaffold.htb,Service Control Manager,System,12465,4,,,,,,4400500053002F0031000000,,,,,,,,,,,,,,,,,,,,,,,,,,,,,,,,,,,,,,,,,,,,,,,,,,,,,,,,,,,,,,,,,,,,,,,,,,,,,,,,,,,,,,,,,,,,,,,,,,,,,,,,,,,,,,,,,,,,,,,,,,,Diagnostic Policy Service,,,stopped,,,,,,,,,,,,,
2026-07-09T06:11:27.028589Z,"{'#attributes': {'Qualifiers': 16384}, '#text': 7036}",dc.scaffold.htb,Service Control Manager,System,12466,4,,,,,,41007000700048006F00730074005300760063002F0031000000,,,,,,,,,,,,,,,,,,,,,,,,,,,,,,,,,,,,,,,,,,,,,,,,,,,,,,,,,,,,,,,,,,,,,,,,,,,,,,,,,,,,,,,,,,,,,,,,,,,,,,,,,,,,,,,,,,,,,,,,,,,Application Host Helper Service,,,stopped,,,,,,,,,,,,,
2026-07-09T06:11:27.106712Z,"{'#attributes': {'Qualifiers': 16384}, '#text': 7036}",dc.scaffold.htb,Service Control Manager,System,12467,4,,,,,,4E005400440053002F0031000000,,,,,,,,,,,,,,,,,,,,,,,,,,,,,,,,,,,,,,,,,,,,,,,,,,,,,,,,,,,,,,,,,,,,,,,,,,,,,,,,,,,,,,,,,,,,,,,,,,,,,,,,,,,,,,,,,,,,,,,,,,,Active Directory Domain Services,,,stopped,,,,,,,,,,,,,
2026-07-09T06:11:27.122337Z,"{'#attributes': {'Qualifiers': 16384}, '#text': 7036}",dc.scaffold.htb,Service Control Manager,System,12468,4,,,,,,570069006E0052004D002F0031000000,,,,,,,,,,,,,,,,,,,,,,,,,,,,,,,,,,,,,,,,,,,,,,,,,,,,,,,,,,,,,,,,,,,,,,,,,,,,,,,,,,,,,,,,,,,,,,,,,,,,,,,,,,,,,,,,,,,,,,,,,,,Windows Remote Management (WS-Management),,,stopped,,,,,,,,,,,,,
2026-07-09T06:11:27.137962Z,"{'#attributes': {'Qualifiers': 16384}, '#text': 7036}",dc.scaffold.htb,Service Control Manager,System,12469,4,,,,,,5300630068006500640075006C0065002F0031000000,,,,,,,,,,,,,,,,,,,,,,,,,,,,,,,,,,,,,,,,,,,,,,,,,,,,,,,,,,,,,,,,,,,,,,,,,,,,,,,,,,,,,,,,,,,,,,,,,,,,,,,,,,,,,,,,,,,,,,,,,,,Task Scheduler,,,stopped,,,,,,,,,,,,,
2026-07-09T06:11:27.153585Z,"{'#attributes': {'Qualifiers': 16384}, '#text': 7036}",dc.scaffold.htb,Service Control Manager,System,12470,4,,,,,,4D005300530051004C002400530051004C0045005800500052004500530053002F0031000000,,,,,,,,,,,,,,,,,,,,,,,,,,,,,,,,,,,,,,,,,,,,,,,,,,,,,,,,,,,,,,,,,,,,,,,,,,,,,,,,,,,,,,,,,,,,,,,,,,,,,,,,,,,,,,,,,,,,,,,,,,,SQL Server (SQLEXPRESS),,,stopped,,,,,,,,,,,,,
2026-07-09T06:11:27.169214Z,"{'#attributes': {'Qualifiers': 16384}, '#text': 7036}",dc.scaffold.htb,Service Control Manager,System,12471,4,,,,,,530051004C00540045004C0045004D0045005400520059002400530051004C0045005800500052004500530053002F0031000000,,,,,,,,,,,,,,,,,,,,,,,,,,,,,,,,,,,,,,,,,,,,,,,,,,,,,,,,,,,,,,,,,,,,,,,,,,,,,,,,,,,,,,,,,,,,,,,,,,,,,,,,,,,,,,,,,,,,,,,,,,,SQL Server CEIP service (SQLEXPRESS),,,stopped,,,,,,,,,,,,,
2026-07-09T06:11:27.184839Z,"{'#attributes': {'Qualifiers': 16384}, '#text': 7036}",dc.scaffold.htb,Service Control Manager,System,12472,4,,,,,,5600530053002F0031000000,,,,,,,,,,,,,,,,,,,,,,,,,,,,,,,,,,,,,,,,,,,,,,,,,,,,,,,,,,,,,,,,,,,,,,,,,,,,,,,,,,,,,,,,,,,,,,,,,,,,,,,,,,,,,,,,,,,,,,,,,,,Volume Shadow Copy,,,stopped,,,,,,,,,,,,,
2026-07-09T06:11:27.372331Z,"{'#attributes': {'Qualifiers': 16384}, '#text': 7036}",dc.scaffold.htb,Service Control Manager,System,12473,4,,,,,,44004600530052002F0031000000,,,,,,,,,,,,,,,,,,,,,,,,,,,,,,,,,,,,,,,,,,,,,,,,,,,,,,,,,,,,,,,,,,,,,,,,,,,,,,,,,,,,,,,,,,,,,,,,,,,,,,,,,,,,,,,,,,,,,,,,,,,DFS Replication,,,stopped,,,,,,,,,,,,,
2026-07-09T06:11:27.656262Z,1014,dc.scaffold.htb,Microsoft-Windows-DNS-Client,System,12474,3,,020000007F000001000000000000000000000000000000000000000000000000000000000000000000000000000000000000000000000000000000000000000000000000000000000000000000000000000000000000000000000000000000000000000000000000000000000000000000000000000000000000000000000000,128,,,,,,,,,,,,,,,,,,,,,,,,,,,,,,,,,,,,,,,,,,,,,,,,,,,,,,,,,,,,,,,,,,,,,,,,,,,,,,,,,,,,,,,,,,,,wpad,,,,,,,,,,,,,,,,,,,,,,,,,,,,,,,,,,,,,,,,,,,,,,,,,,
2026-07-09T06:11:27.653601Z,"{'#attributes': {'Qualifiers': 16384}, '#text': 7036}",dc.scaffold.htb,Service Control Manager,System,12475,4,,,,,,5700410053002F0031000000,,,,,,,,,,,,,,,,,,,,,,,,,,,,,,,,,,,,,,,,,,,,,,,,,,,,,,,,,,,,,,,,,,,,,,,,,,,,,,,,,,,,,,,,,,,,,,,,,,,,,,,,,,,,,,,,,,,,,,,,,,,Windows Process Activation Service,,,stopped,,,,,,,,,,,,,
2026-07-09T06:11:27.716089Z,"{'#attributes': {'Qualifiers': 16384}, '#text': 7036}",dc.scaffold.htb,Service Control Manager,System,12476,4,,,,,,4D00440043006F00720065005300760063002F0031000000,,,,,,,,,,,,,,,,,,,,,,,,,,,,,,,,,,,,,,,,,,,,,,,,,,,,,,,,,,,,,,,,,,,,,,,,,,,,,,,,,,,,,,,,,,,,,,,,,,,,,,,,,,,,,,,,,,,,,,,,,,,Microsoft Defender Core Service,,,stopped,,,,,,,,,,,,,
2026-07-09T06:11:27.966083Z,"{'#attributes': {'Qualifiers': 16384}, '#text': 7036}",dc.scaffold.htb,Service Control Manager,System,12477,4,,,,,,570069006E0044006500660065006E0064002F0031000000,,,,,,,,,,,,,,,,,,,,,,,,,,,,,,,,,,,,,,,,,,,,,,,,,,,,,,,,,,,,,,,,,,,,,,,,,,,,,,,,,,,,,,,,,,,,,,,,,,,,,,,,,,,,,,,,,,,,,,,,,,,Microsoft Defender Antivirus Service,,,stopped,,,,,,,,,,,,,
2026-07-09T06:11:31.545506Z,109,dc.scaffold.htb,Microsoft-Windows-Kernel-Power,System,12478,4,,,,,,,,,,,,,,,,,,,,,,,,,,,,,,,,,,,,,,,,,,,,,,,,,,,,,,,,,,,,,,,,,,,,,,,,,,,,,,,,,,,,,,,,,,,,,,,,,,,,,,5,0,5,,,,,,,,,,,,,,,,,,,,,,,,,,,,,,,,,,,,,,,,,
2026-07-09T06:11:31.888710Z,13,dc.scaffold.htb,Microsoft-Windows-Kernel-General,System,12479,4,,,,,,,,,,,,,,,,,,,,,,,,,,,,,,,,,,,,,,,,,,,,,,,,,,,,,,,,,,,,,,,,,,,,,,,,,,,,,,,,,,,,,,,,,,,,,,,,,,,,,,,,,,,,,2026-07-09T06:11:31.888707Z,,,,,,,,,,,,,,,,,,,,,,,,,,,,,,,,,,,,
2026-07-09T06:11:35.714332Z,12,dc.scaffold.htb,Microsoft-Windows-Kernel-General,System,12480,4,,,,,,,,,0,,,20348,,,,,,,,,,,,,,,,,,,,,,,,,,,,,,,,,,,,,,,,,,,,,,,,,,,,,,10,,,,,,0,,,,,,,,,,,,,,,,,,,,,,587,,,,,,,0,,,,2026-07-09T06:11:35.500000Z,,,,,,,,,,,,,,,,,,,,,,,,,,,,,,,,,,,,,,,,
2026-07-09T06:11:35.714532Z,153,dc.scaffold.htb,Microsoft-Windows-Kernel-Boot,System,12481,4,,,,,,,,,,,,,,,,,,,,,,,,,,,,,,,,,,,,,,,,,,,,0,,,,,,,,,,,,,,,,,,,,,,,,,,,,,,,,,,,,,,,,,,,,,,,,,,,,,,,,,,,,,,,,0,,,,,,,,,,,,,,,,0,,,,,,,,,,,,,,,,,,,,,
2026-07-09T06:11:35.714600Z,20,dc.scaffold.htb,Microsoft-Windows-Kernel-Boot,System,12482,4,,,,,,,,,,2,,,,,,,,,,,,,,,,,,,,,,,,,,,,,,,,,,,,,,,,,,,,,,,,,,,,True,40,True,,,,,,,,,,,,,,,,,,,,,,,,,,,,,,,,,,,,,,,,,,,,,,,,,,,,,,,,,,,,,,,,,,,,,,,,,,,,,,,,,
2026-07-09T06:11:35.714636Z,238,dc.scaffold.htb,Microsoft-Windows-Kernel-Boot,System,12483,4,,,,,,,,,,,,,,,,,,,,,,,,,,,,,,,,,,,,,,,,,0,2026-07-08T23:11:34.000000Z,2047,,,,,,,,,,,,,,,,,,,,,,,,,,,,,,,,,,,,,,,,,,,,,,,,,,,,,,,,,,,,,,,,,,,,,,,,,,,,,,,,,,,,,,,,,,,,,,,,,,,,,,
2026-07-09T06:11:35.714637Z,25,dc.scaffold.htb,Microsoft-Windows-Kernel-Boot,System,12484,4,,,,,,,,0,,,,,,,,,,,,,,,,,,,,,,,,,,,,,,,,,,,,,,,,,,,,,,,,,,,,,,,,,,,,,,,,,,,,,,,,,,,,,,,,,,,,,,,,,,,,,,,,,,,,,,,,,,,,,,,,,,,,,,,,,,,,,,,,,,,,,,,,,
2026-07-09T06:11:35.714637Z,27,dc.scaffold.htb,Microsoft-Windows-Kernel-Boot,System,12485,4,,,,,,,,,,,0,,,,,,,,,,,,,,,,,,,,,,,,,,,,,,,,,,,,,,,,,,,,,,,,,,,,,, NOEXECUTE=OPTOUT  FVEBOOT=2658304,,,,,,,,,,,,,,,,,,,,,,,,,,,,,,,,,,,,,,,,,,,,,,,,,,,,,,,,,,,,,,,,,,,,,,,,,,,,,,,,
2026-07-09T06:11:35.714693Z,18,dc.scaffold.htb,Microsoft-Windows-Kernel-Boot,System,12486,4,,,,,,,,,,,,,,,,,,,,,,,,,,,,,,,,,,,,,,,,,,,,,,1,,,,,,,,,,,,,,,,,,,,,,,,,,,,,,,,,,,,,,,,,,,,,,,,,,,,,,,,,,,,,,,,,,,,,,,,,,,,,,,,,,,,,,,,,,,,,,,,,,,
2026-07-09T06:11:35.714718Z,32,dc.scaffold.htb,Microsoft-Windows-Kernel-Boot,System,12487,4,,,,,,,0,,,,,,,,,,,,,,,,,,,,,,,,,,,,,,,,,,,,,,,,,,,,,,,,,,,,,,,,,,,,,,,,,,,,,,,,,,,,,,,,,,,,,,,,,,,,,,,,,,,,,,,,,,,,,,,,,,,,,,,,,,,,,,,,,,,,,,,,,,
2026-07-09T06:11:35.719285Z,20,dc.scaffold.htb,Microsoft-Windows-Kernel-General,System,12488,4,,,,,,,,,,,,,,,,,0,0,,,,,,,,,,,,,,,,,,,,,,,,,,,True,,,,,,,,,,,,,,,,,,,,,,,,,,,,,,,,,,,,,,,,,,,,,,,,,,,,,,,,,,,,,,,,,,,,,,,,,,0,,,,,,,,,,,,,,,,,,,,,,,,,,
2026-07-09T06:11:35.813351Z,16,dc.scaffold.htb,Microsoft-Windows-HAL,System,12489,4,,,,,,,,,,,,,,,,,,,,,,,,,,,,,,,,,,,,,,,,,,,,,,,,,,,,,,,,,,,,,,,,,,,,,,,,,,,,,,,,,,,,,,,,,,,,,,,,,,,,,,,,,,,,,,,,,,,,,,,,,,,,,,,,,,,,,,,,,,,,,,,,,
2026-07-09T06:11:36.613564Z,"{'#attributes': {'Qualifiers': 16392}, '#text': 3}",dc.scaffold.htb,vmci,System,12490,4,,,,,,00000000020028000000000003000840030008400000000000000000000000000000000000000000,,,,,,,,,,,,,,,,,,"VMCI: Using capabilities (0x1c).
",,,,,,,,,,,,,,,,,,,,,,,,,,,,,,,,,,,,,,,,,,,,,,,,,,,,,,,,,,,,,,,,,,,,,,,,,,,,,,,,,,,,,,,,,,,,,,,,,,,,,,,,,,,,,,,,,,,,,,,,,
2026-07-09T06:11:38.706451Z,6,dc.scaffold.htb,Microsoft-Windows-FilterManager,System,12491,4,,,,,,,,,,,,,,,,,,,,,,,,,,,,,,,Wof,3,,2008-09-17T11:19:58.000000Z,10,0,,,,,,,,,,,,,,,,0x0,,,,,,,,,,,,,,,,,,,,,,,,,,,,,,,,,,,,,,,,,,,,,,,,,,,,,,,,,,,,,,,,,,,,,,,,,,,,,,,,,,,,,,,,,,,,,
2026-07-09T06:11:38.707134Z,6,dc.scaffold.htb,Microsoft-Windows-FilterManager,System,12492,4,,,,,,,,,,,,,,,,,,,,,,,,,,,,,,,DfsrRo,6,,1999-03-20T18:16:31.000000Z,10,0,,,,,,,,,,,,,,,,0x0,,,,,,,,,,,,,,,,,,,,,,,,,,,,,,,,,,,,,,,,,,,,,,,,,,,,,,,,,,,,,,,,,,,,,,,,,,,,,,,,,,,,,,,,,,,,,
2026-07-09T06:11:38.708227Z,6,dc.scaffold.htb,Microsoft-Windows-FilterManager,System,12493,4,,,,,,,,,,,,,,,,,,,,,,,,,,,,,,,WdFilter,8,,2036-01-26T02:33:35.000000Z,10,0,,,,,,,,,,,,,,,,0x0,,,,,,,,,,,,,,,,,,,,,,,,,,,,,,,,,,,,,,,,,,,,,,,,,,,,,,,,,,,,,,,,,,,,,,,,,,,,,,,,,,,,,,,,,,,,,
2026-07-09T06:11:38.807424Z,98,dc.scaffold.htb,Microsoft-Windows-Ntfs,System,12494,4,,,,,,,,,,,,,,,,0,,,,,,,,,,,,,,,\Device\HarddiskVolume3,,,,,,,,C:,,,,,,,,,,,,,,,,,,,,,,,,,,,,,,,,,,,,,,,,,,,,,,,,,,,,,,,,,,,,,,,,,,,,,,,,,,,,,,,,,,,,,,,,,,,,,,,,,,,,,,,,,,
2026-07-09T06:11:38.908199Z,6,dc.scaffold.htb,Microsoft-Windows-FilterManager,System,12495,4,,,,,,,,,,,,,,,,,,,,,,,,,,,,,,,FileCrypt,9,,2088-05-23T23:57:52.000000Z,10,0,,,,,,,,,,,,,,,,0x0,,,,,,,,,,,,,,,,,,,,,,,,,,,,,,,,,,,,,,,,,,,,,,,,,,,,,,,,,,,,,,,,,,,,,,,,,,,,,,,,,,,,,,,,,,,,,
2026-07-09T06:11:38.913151Z,6,dc.scaffold.htb,Microsoft-Windows-FilterManager,System,12496,4,,,,,,,,,,,,,,,,,,,,,,,,,,,,,,,DfsDriver,9,,2053-07-29T02:36:42.000000Z,10,0,,,,,,,,,,,,,,,,0x0,,,,,,,,,,,,,,,,,,,,,,,,,,,,,,,,,,,,,,,,,,,,,,,,,,,,,,,,,,,,,,,,,,,,,,,,,,,,,,,,,,,,,,,,,,,,,
2026-07-09T06:11:39.092916Z,6,dc.scaffold.htb,Microsoft-Windows-FilterManager,System,12497,4,,,,,,,,,,,,,,,,,,,,,,,,,,,,,,,npsvctrig,9,,2015-04-02T03:42:38.000000Z,10,0,,,,,,,,,,,,,,,,0x0,,,,,,,,,,,,,,,,,,,,,,,,,,,,,,,,,,,,,,,,,,,,,,,,,,,,,,,,,,,,,,,,,,,,,,,,,,,,,,,,,,,,,,,,,,,,,
2026-07-09T06:11:39.161961Z,172,dc.scaffold.htb,Microsoft-Windows-Kernel-Power,System,12498,4,,,,,,,,,,,,,,,,,,,,,,,,,,,,,,,,,,,,,,,,,,,,,,,,,,,,,,,,,,,,,,,,,,,,,,,,,,,,,,,,,,,,,,,,,,,,,,,,6,,,,,,,,,,,2,,,,,,,,,,,,,,,,,,,,,,,,,,,,,,,,,,,,,,
2026-07-09T06:11:39.266261Z,55,dc.scaffold.htb,Microsoft-Windows-Kernel-Processor-Power,System,12499,4,,,,,,,,,,,,,,,,,,,,,,,,,,,,,,,,,,,,,,,,,,,,,,,,,,,,,,0,,,1,1,,,,,,,,,100,,,100,100,,,,,,,,2994,0,,,,,,0,,,,,,,,,,,,,,,,,,,,,,,,,,,,,,,,,,,,,,,,,,,,,,,,,,,,,,,,,,,
2026-07-09T06:11:39.267192Z,55,dc.scaffold.htb,Microsoft-Windows-Kernel-Processor-Power,System,12500,4,,,,,,,,,,,,,,,,,,,,,,,,,,,,,,,,,,,,,,,,,,,,,,,,,,,,,,0,,,1,1,,,,,,,,,100,,,100,100,,,,,,,,2994,1,,,,,,0,,,,,,,,,,,,,,,,,,,,,,,,,,,,,,,,,,,,,,,,,,,,,,,,,,,,,,,,,,,
2026-07-09T06:11:39.576936Z,98,dc.scaffold.htb,Microsoft-Windows-Ntfs,System,12501,4,,,,,,,,,,,,,,,,0,,,,,,,,,,,,,,,\Device\HarddiskVolume4,,,,,,,,Y:,,,,,,,,,,,,,,,,,,,,,,,,,,,,,,,,,,,,,,,,,,,,,,,,,,,,,,,,,,,,,,,,,,,,,,,,,,,,,,,,,,,,,,,,,,,,,,,,,,,,,,,,,,
2026-07-09T06:11:39.595709Z,98,dc.scaffold.htb,Microsoft-Windows-Ntfs,System,12502,4,,,,,,,,,,,,,,,,0,,,,,,,,,,,,,,,\Device\HarddiskVolume5,,,,,,,,\\?\Volume{2bc8a4fb-ec89-41c1-8fb3-d753243c8254},,,,,,,,,,,,,,,,,,,,,,,,,,,,,,,,,,,,,,,,,,,,,,,,,,,,,,,,,,,,,,,,,,,,,,,,,,,,,,,,,,,,,,,,,,,,,,,,,,,,,,,,,,
2026-07-09T06:11:40.628729Z,24,dc.scaffold.htb,Microsoft-Windows-Kernel-General,System,12503,4,,,,,,,,,,,,,,,,,,,420,2,,,,,,,,,,,,,,,,,,,,,,,,,,,,,,0,,,0,,,,,,,,,,,,,,,,,,,,,,,,,,,,,,,,,,,,,,,,,,,,,,,,,,,,,,,,,,,,,,,,0,,,,,,,,,,,,,,,,,,,,,,,,,,,,
2026-07-09T06:11:41.106149Z,14,dc.scaffold.htb,Microsoft-Windows-Wininit,System,12504,4,,,,,,,,,,,,,,0,,,,,,,,,,,,,,,,,,,,,,,,,,,,,,,,,,,,,,,,,,,,,,0,,,,,,,,,,,,,,,,,,,,,,,,,,,,,,,,,,,,,,,,,,,,,,,,,,,,,,,,,,,,,,,,,,,,,,,,,,,,,,,,,,,,,
2026-07-09T06:11:41.435252Z,16962,dc.scaffold.htb,Microsoft-Windows-Directory-Services-SAM,System,12505,4,,,,,,,,,,,,,,,,,,,,,,,,,,,,,,,,,,,,,,,,,,,,,,,,,,,,,,,,,,,,,,,,,,,,,,,,,,,,,,,,,,,,,,,,,,,,,,,,,,,,,,,,,,,,,,,,,,,,,,,,,,,,,SAMMSG_RESTRICT_REMOTE_SAM_DEFAULT_SD,,,,,,,,,,,,,,,,,,,,
2026-07-09T06:11:42.885991Z,16977,dc.scaffold.htb,Microsoft-Windows-Directory-Services-SAM,System,12506,4,,,,,,,,,,,,,,,,,,,,,,,,,,,,,,,,,,,,,,,,,,,,,,,,,,,,,,,,,,,,,,,,,,,,7,0,,,,,,,,,,,,,,,,,,,,,,,,,,,,0,,,,,,,,,,,,,,,,,,,,,,,,,,,,SAMMSG_MINPWDLEN_SETTINGS_IN_EFFECT,,,,,,,,,,,,,,,,,,,,
2026-07-09T06:11:42.899097Z,16977,dc.scaffold.htb,Microsoft-Windows-Directory-Services-SAM,System,12507,4,,,,,,,,,,,,,,,,,,,,,,,,,,,,,,,,,,,,,,,,,,,,,,,,,,,,,,,,,,,,,,,,,,,,7,-1,,,,,,,,,,,,,,,,,,,,,,,,,,,,0,,,,,,,,,,,,,,,,,,,,,,,,,,,,SAMMSG_MINPWDLEN_SETTINGS_IN_EFFECT,,,,,,,,,,,,,,,,,,,,
2026-07-09T06:11:42.899103Z,16983,dc.scaffold.htb,Microsoft-Windows-Directory-Services-SAM,System,12508,4,,,,,,,,,,,,,,,,,,,,,,,,,,,,,,,,,,,,,,,,,,,,,,,,,,,,,,,,,,,,,,,,,,,,,,,,,,SAMMSG_AUDIT_LEGACY_PWD_RPC_METHODS_OFF,,,,,,,,,,,,,,,,,,,,,,,,,,,,,,,,,,,,,,,,,,,,,,,,,,,,,,,,,,,,,,,,,,,,,,,
2026-07-09T06:11:42.988338Z,"{'#attributes': {'Qualifiers': 16384}, '#text': 7036}",dc.scaffold.htb,Service Control Manager,System,12509,4,,,,,,50006C007500670050006C00610079002F0034000000,,,,,,,,,,,,,,,,,,,,,,,,,,,,,,,,,,,,,,,,,,,,,,,,,,,,,,,,,,,,,,,,,,,,,,,,,,,,,,,,,,,,,,,,,,,,,,,,,,,,,,,,,,,,,,,,,,,,,,,,,,,PlugPlay,,,running,,,,,,,,,,,,,
2026-07-09T06:11:43.050838Z,"{'#attributes': {'Qualifiers': 16384}, '#text': 7036}",dc.scaffold.htb,Service Control Manager,System,12510,4,,,,,,50006F007700650072002F0034000000,,,,,,,,,,,,,,,,,,,,,,,,,,,,,,,,,,,,,,,,,,,,,,,,,,,,,,,,,,,,,,,,,,,,,,,,,,,,,,,,,,,,,,,,,,,,,,,,,,,,,,,,,,,,,,,,,,,,,,,,,,,Power,,,running,,,,,,,,,,,,,
2026-07-09T06:11:43.066468Z,"{'#attributes': {'Qualifiers': 16384}, '#text': 7036}",dc.scaffold.htb,Service Control Manager,System,12511,4,,,,,,440063006F006D004C00610075006E00630068002F0034000000,,,,,,,,,,,,,,,,,,,,,,,,,,,,,,,,,,,,,,,,,,,,,,,,,,,,,,,,,,,,,,,,,,,,,,,,,,,,,,,,,,,,,,,,,,,,,,,,,,,,,,,,,,,,,,,,,,,,,,,,,,,DcomLaunch,,,running,,,,,,,,,,,,,
2026-07-09T06:11:43.113356Z,"{'#attributes': {'Qualifiers': 16384}, '#text': 7036}",dc.scaffold.htb,Service Control Manager,System,12512,4,,,,,,5200700063004500700074004D00610070007000650072002F0034000000,,,,,,,,,,,,,,,,,,,,,,,,,,,,,,,,,,,,,,,,,,,,,,,,,,,,,,,,,,,,,,,,,,,,,,,,,,,,,,,,,,,,,,,,,,,,,,,,,,,,,,,,,,,,,,,,,,,,,,,,,,,RpcEptMapper,,,running,,,,,,,,,,,,,
2026-07-09T06:11:43.128972Z,"{'#attributes': {'Qualifiers': 16384}, '#text': 7036}",dc.scaffold.htb,Service Control Manager,System,12513,4,,,,,,520070006300530073002F0034000000,,,,,,,,,,,,,,,,,,,,,,,,,,,,,,,,,,,,,,,,,,,,,,,,,,,,,,,,,,,,,,,,,,,,,,,,,,,,,,,,,,,,,,,,,,,,,,,,,,,,,,,,,,,,,,,,,,,,,,,,,,,RpcSs,,,running,,,,,,,,,,,,,
2026-07-09T06:11:43.191465Z,"{'#attributes': {'Qualifiers': 16384}, '#text': 7036}",dc.scaffold.htb,Service Control Manager,System,12514,4,,,,,,4C0053004D002F0034000000,,,,,,,,,,,,,,,,,,,,,,,,,,,,,,,,,,,,,,,,,,,,,,,,,,,,,,,,,,,,,,,,,,,,,,,,,,,,,,,,,,,,,,,,,,,,,,,,,,,,,,,,,,,,,,,,,,,,,,,,,,,LSM,,,running,,,,,,,,,,,,,
2026-07-09T06:11:43.222714Z,"{'#attributes': {'Qualifiers': 16384}, '#text': 7036}",dc.scaffold.htb,Service Control Manager,System,12515,4,,,,,,420072006F006B006500720049006E006600720061007300740072007500630074007500720065002F0034000000,,,,,,,,,,,,,,,,,,,,,,,,,,,,,,,,,,,,,,,,,,,,,,,,,,,,,,,,,,,,,,,,,,,,,,,,,,,,,,,,,,,,,,,,,,,,,,,,,,,,,,,,,,,,,,,,,,,,,,,,,,,BrokerInfrastructure,,,running,,,,,,,,,,,,,
2026-07-09T06:11:43.238337Z,"{'#attributes': {'Qualifiers': 16384}, '#text': 7036}",dc.scaffold.htb,Service Control Manager,System,12516,4,,,,,,530079007300740065006D004500760065006E0074007300420072006F006B00650072002F0034000000,,,,,,,,,,,,,,,,,,,,,,,,,,,,,,,,,,,,,,,,,,,,,,,,,,,,,,,,,,,,,,,,,,,,,,,,,,,,,,,,,,,,,,,,,,,,,,,,,,,,,,,,,,,,,,,,,,,,,,,,,,,SystemEventsBroker,,,running,,,,,,,,,,,,,
2026-07-09T06:11:43.378968Z,"{'#attributes': {'Qualifiers': 16384}, '#text': 7036}",dc.scaffold.htb,Service Control Manager,System,12517,4,,,,,,6E00730069002F0034000000,,,,,,,,,,,,,,,,,,,,,,,,,,,,,,,,,,,,,,,,,,,,,,,,,,,,,,,,,,,,,,,,,,,,,,,,,,,,,,,,,,,,,,,,,,,,,,,,,,,,,,,,,,,,,,,,,,,,,,,,,,,nsi,,,running,,,,,,,,,,,,,
2026-07-09T06:11:43.378968Z,"{'#attributes': {'Qualifiers': 16384}, '#text': 7036}",dc.scaffold.htb,Service Control Manager,System,12518,4,,,,,,6C006D0068006F007300740073002F0034000000,,,,,,,,,,,,,,,,,,,,,,,,,,,,,,,,,,,,,,,,,,,,,,,,,,,,,,,,,,,,,,,,,,,,,,,,,,,,,,,,,,,,,,,,,,,,,,,,,,,,,,,,,,,,,,,,,,,,,,,,,,,lmhosts,,,running,,,,,,,,,,,,,
2026-07-09T06:11:43.394591Z,"{'#attributes': {'Qualifiers': 16384}, '#text': 7036}",dc.scaffold.htb,Service Control Manager,System,12519,4,,,,,,540069006D006500420072006F006B00650072005300760063002F0034000000,,,,,,,,,,,,,,,,,,,,,,,,,,,,,,,,,,,,,,,,,,,,,,,,,,,,,,,,,,,,,,,,,,,,,,,,,,,,,,,,,,,,,,,,,,,,,,,,,,,,,,,,,,,,,,,,,,,,,,,,,,,TimeBrokerSvc,,,running,,,,,,,,,,,,,
2026-07-09T06:11:43.430147Z,50036,dc.scaffold.htb,Microsoft-Windows-Dhcp-Client,System,12520,4,,,,,,,,,,,,,,,,,,,,,,,,,,,,,,,,,,,,,,,,,,,,,,,,,,,,,,,,,,,,,,,,,,,,,,,,,,,,,,,,,,,,,,,,,,,,,,,,,,,,,,,,,,,,,,,,,,,,,,,,,,,,,,,,,,,,,,,,,,,,,,,,,
2026-07-09T06:11:43.430206Z,50103,dc.scaffold.htb,Microsoft-Windows-Dhcp-Client,System,12521,4,,,,,,,,,,,,,,,,,,,,,,,,,,,,,,,,,,,,,,,,,,,,,,,,,,,,,,,,,,,,,,,,,,,,,,,,,,,,,,,,,,,,,,,,,,,,,,,,,,,,,,,,,,,,,,,,,,,,,,,,,,,,,,,,,,,,,,,,,,,,,,,,,
2026-07-09T06:11:43.431501Z,50036,dc.scaffold.htb,Microsoft-Windows-Dhcp-Client,System,12522,4,,,,,,,,,,,,,,,,,,,,,,,,,,,,,,,,,,,,,,,,,,,,,,,,,,,,,,,,,,,,,,,,,,,,,,,,,,,,,,,,,,,,,,,,,,,,,,,,,,,,,,,,,,,,,,,,,,,,,,,,,,,,,,,,,,,,,,,,,,,,,,,,,
2026-07-09T06:11:43.448863Z,51046,dc.scaffold.htb,Microsoft-Windows-DHCPv6-Client,System,12523,4,,,,,,,,,,,,,,,,,,,,,,,,,,,,,,,,,,,,,,,,,,,,,,,,,,,,,,,,,,,,,,,,,,,,,,,,,,,,,,,,,,,,,,,,,,,,,,,,,,,,,,,,,,,,,,,,,,,,,,,,,,,,,,,,,,,,,,,,,,,,,,,,,
2026-07-09T06:11:43.441466Z,"{'#attributes': {'Qualifiers': 16384}, '#text': 7036}",dc.scaffold.htb,Service Control Manager,System,12524,4,,,,,,44006800630070002F0034000000,,,,,,,,,,,,,,,,,,,,,,,,,,,,,,,,,,,,,,,,,,,,,,,,,,,,,,,,,,,,,,,,,,,,,,,,,,,,,,,,,,,,,,,,,,,,,,,,,,,,,,,,,,,,,,,,,,,,,,,,,,,Dhcp,,,running,,,,,,,,,,,,,
2026-07-09T06:11:43.472399Z,6,dc.scaffold.htb,Microsoft-Windows-FilterManager,System,12525,4,,,,,,,,,,,,,,,,,,,,,,,,,,,,,,,wcifs,5,,2088-12-15T04:51:43.000000Z,10,0,,,,,,,,,,,,,,,,0x0,,,,,,,,,,,,,,,,,,,,,,,,,,,,,,,,,,,,,,,,,,,,,,,,,,,,,,,,,,,,,,,,,,,,,,,,,,,,,,,,,,,,,,,,,,,,,
2026-07-09T06:11:43.472717Z,"{'#attributes': {'Qualifiers': 16384}, '#text': 7036}",dc.scaffold.htb,Service Control Manager,System,12526,4,,,,,,44006E007300630061006300680065002F0034000000,,,,,,,,,,,,,,,,,,,,,,,,,,,,,,,,,,,,,,,,,,,,,,,,,,,,,,,,,,,,,,,,,,,,,,,,,,,,,,,,,,,,,,,,,,,,,,,,,,,,,,,,,,,,,,,,,,,,,,,,,,,Dnscache,,,running,,,,,,,,,,,,,
2026-07-09T06:11:43.522374Z,6,dc.scaffold.htb,Microsoft-Windows-FilterManager,System,12527,4,,,,,,,,,,,,,,,,,,,,,,,,,,,,,,,luafv,5,,2068-10-11T15:22:37.000000Z,10,0,,,,,,,,,,,,,,,,0x0,,,,,,,,,,,,,,,,,,,,,,,,,,,,,,,,,,,,,,,,,,,,,,,,,,,,,,,,,,,,,,,,,,,,,,,,,,,,,,,,,,,,,,,,,,,,,
2026-07-09T06:11:43.547602Z,6,dc.scaffold.htb,Microsoft-Windows-FilterManager,System,12528,4,,,,,,,,,,,,,,,,,,,,,,,,,,,,,,,CldFlt,6,,2074-11-09T08:03:12.000000Z,10,0,,,,,,,,,,,,,,,,0x0,,,,,,,,,,,,,,,,,,,,,,,,,,,,,,,,,,,,,,,,,,,,,,,,,,,,,,,,,,,,,,,,,,,,,,,,,,,,,,,,,,,,,,,,,,,,,
2026-07-09T06:11:43.547616Z,1,dc.scaffold.htb,Microsoft-Windows-FilterManager,System,12529,4,,,,,,,,,,,,,,,,,,,,,,,,,,,,,,,CldFlt,6,,2074-11-09T08:03:12.000000Z,10,0,,,,,,,,,,,,,,,,0x0,,,,,,,,,,,,,,,,,,,,,,,,,,,,,,,,,,,,,,,,,,,,,,,,,,,,,,,,,,,,,,,,,,,,,,,,,,,,,,,,,,,,,,,,,,,,,
2026-07-09T06:11:43.547799Z,6,dc.scaffold.htb,Microsoft-Windows-FilterManager,System,12530,4,,,,,,,,,,,,,,,,,,,,,,,,,,,,,,,CldFlt,6,,2074-11-09T08:03:12.000000Z,10,0,,,,,,,,,,,,,,,,0x0,,,,,,,,,,,,,,,,,,,,,,,,,,,,,,,,,,,,,,,,,,,,,,,,,,,,,,,,,,,,,,,,,,,,,,,,,,,,,,,,,,,,,,,,,,,,,
2026-07-09T06:11:43.553781Z,6,dc.scaffold.htb,Microsoft-Windows-FilterManager,System,12531,4,,,,,,,,,,,,,,,,,,,,,,,,,,,,,,,storqosflt,10,,2051-09-21T05:40:20.000000Z,10,0,,,,,,,,,,,,,,,,0x0,,,,,,,,,,,,,,,,,,,,,,,,,,,,,,,,,,,,,,,,,,,,,,,,,,,,,,,,,,,,,,,,,,,,,,,,,,,,,,,,,,,,,,,,,,,,,
2026-07-09T06:11:43.550837Z,"{'#attributes': {'Qualifiers': 16384}, '#text': 7036}",dc.scaffold.htb,Service Control Manager,System,12532,4,,,,,,57005000440042007500730045006E0075006D002F0034000000,,,,,,,,,,,,,,,,,,,,,,,,,,,,,,,,,,,,,,,,,,,,,,,,,,,,,,,,,,,,,,,,,,,,,,,,,,,,,,,,,,,,,,,,,,,,,,,,,,,,,,,,,,,,,,,,,,,,,,,,,,,WPDBusEnum,,,running,,,,,,,,,,,,,
2026-07-09T06:11:43.562834Z,6,dc.scaffold.htb,Microsoft-Windows-FilterManager,System,12533,4,,,,,,,,,,,,,,,,,,,,,,,,,,,,,,,bindflt,7,,2051-03-03T20:45:47.000000Z,10,0,,,,,,,,,,,,,,,,0x0,,,,,,,,,,,,,,,,,,,,,,,,,,,,,,,,,,,,,,,,,,,,,,,,,,,,,,,,,,,,,,,,,,,,,,,,,,,,,,,,,,,,,,,,,,,,,
2026-07-09T06:11:43.550837Z,"{'#attributes': {'Qualifiers': 16384}, '#text': 7036}",dc.scaffold.htb,Service Control Manager,System,12534,4,,,,,,4E005400440053002F0034000000,,,,,,,,,,,,,,,,,,,,,,,,,,,,,,,,,,,,,,,,,,,,,,,,,,,,,,,,,,,,,,,,,,,,,,,,,,,,,,,,,,,,,,,,,,,,,,,,,,,,,,,,,,,,,,,,,,,,,,,,,,,NTDS,,,running,,,,,,,,,,,,,
2026-07-09T06:11:43.582090Z,"{'#attributes': {'Qualifiers': 16384}, '#text': 7036}",dc.scaffold.htb,Service Control Manager,System,12535,4,,,,,,4500760065006E0074004C006F0067002F0034000000,,,,,,,,,,,,,,,,,,,,,,,,,,,,,,,,,,,,,,,,,,,,,,,,,,,,,,,,,,,,,,,,,,,,,,,,,,,,,,,,,,,,,,,,,,,,,,,,,,,,,,,,,,,,,,,,,,,,,,,,,,,EventLog,,,running,,,,,,,,,,,,,
2026-07-09T06:11:43.597716Z,"{'#attributes': {'Qualifiers': 16384}, '#text': 7036}",dc.scaffold.htb,Service Control Manager,System,12536,4,,,,,,5400680065006D00650073002F0034000000,,,,,,,,,,,,,,,,,,,,,,,,,,,,,,,,,,,,,,,,,,,,,,,,,,,,,,,,,,,,,,,,,,,,,,,,,,,,,,,,,,,,,,,,,,,,,,,,,,,,,,,,,,,,,,,,,,,,,,,,,,,Themes,,,running,,,,,,,,,,,,,
2026-07-09T06:11:43.628965Z,"{'#attributes': {'Qualifiers': 16384}, '#text': 7036}",dc.scaffold.htb,Service Control Manager,System,12537,4,,,,,,4500760065006E007400530079007300740065006D002F0034000000,,,,,,,,,,,,,,,,,,,,,,,,,,,,,,,,,,,,,,,,,,,,,,,,,,,,,,,,,,,,,,,,,,,,,,,,,,,,,,,,,,,,,,,,,,,,,,,,,,,,,,,,,,,,,,,,,,,,,,,,,,,EventSystem,,,running,,,,,,,,,,,,,
2026-07-09T06:11:43.644593Z,"{'#attributes': {'Qualifiers': 16384}, '#text': 7036}",dc.scaffold.htb,Service Control Manager,System,12538,4,,,,,,500072006F0066005300760063002F0034000000,,,,,,,,,,,,,,,,,,,,,,,,,,,,,,,,,,,,,,,,,,,,,,,,,,,,,,,,,,,,,,,,,,,,,,,,,,,,,,,,,,,,,,,,,,,,,,,,,,,,,,,,,,,,,,,,,,,,,,,,,,,ProfSvc,,,running,,,,,,,,,,,,,
2026-07-09T06:11:43.644593Z,"{'#attributes': {'Qualifiers': 16384}, '#text': 7036}",dc.scaffold.htb,Service Control Manager,System,12539,4,,,,,,670070007300760063002F0034000000,,,,,,,,,,,,,,,,,,,,,,,,,,,,,,,,,,,,,,,,,,,,,,,,,,,,,,,,,,,,,,,,,,,,,,,,,,,,,,,,,,,,,,,,,,,,,,,,,,,,,,,,,,,,,,,,,,,,,,,,,,,gpsvc,,,running,,,,,,,,,,,,,
2026-07-09T06:11:43.644593Z,"{'#attributes': {'Qualifiers': 16384}, '#text': 7036}",dc.scaffold.htb,Service Control Manager,System,12540,4,,,,,,530045004E0053002F0034000000,,,,,,,,,,,,,,,,,,,,,,,,,,,,,,,,,,,,,,,,,,,,,,,,,,,,,,,,,,,,,,,,,,,,,,,,,,,,,,,,,,,,,,,,,,,,,,,,,,,,,,,,,,,,,,,,,,,,,,,,,,,SENS,,,running,,,,,,,,,,,,,
2026-07-09T06:11:43.691466Z,"{'#attributes': {'Qualifiers': 16384}, '#text': 7036}",dc.scaffold.htb,Service Control Manager,System,12541,4,,,,,,540072007500730074006500640049006E007300740061006C006C00650072002F0034000000,,,,,,,,,,,,,,,,,,,,,,,,,,,,,,,,,,,,,,,,,,,,,,,,,,,,,,,,,,,,,,,,,,,,,,,,,,,,,,,,,,,,,,,,,,,,,,,,,,,,,,,,,,,,,,,,,,,,,,,,,,,TrustedInstaller,,,running,,,,,,,,,,,,,
2026-07-09T06:11:43.707091Z,"{'#attributes': {'Qualifiers': 16384}, '#text': 7036}",dc.scaffold.htb,Service Control Manager,System,12542,4,,,,,,4E006C0061005300760063002F0034000000,,,,,,,,,,,,,,,,,,,,,,,,,,,,,,,,,,,,,,,,,,,,,,,,,,,,,,,,,,,,,,,,,,,,,,,,,,,,,,,,,,,,,,,,,,,,,,,,,,,,,,,,,,,,,,,,,,,,,,,,,,,NlaSvc,,,running,,,,,,,,,,,,,
2026-07-09T06:11:43.722716Z,"{'#attributes': {'Qualifiers': 16384}, '#text': 7036}",dc.scaffold.htb,Service Control Manager,System,12543,4,,,,,,4200460045002F0034000000,,,,,,,,,,,,,,,,,,,,,,,,,,,,,,,,,,,,,,,,,,,,,,,,,,,,,,,,,,,,,,,,,,,,,,,,,,,,,,,,,,,,,,,,,,,,,,,,,,,,,,,,,,,,,,,,,,,,,,,,,,,BFE,,,running,,,,,,,,,,,,,
2026-07-09T06:11:43.780430Z,1014,dc.scaffold.htb,Microsoft-Windows-DNS-Client,System,12544,3,,020000007F000001000000000000000000000000000000000000000000000000000000000000000000000000000000000000000000000000000000000000000000000000000000000000000000000000000000000000000000000000000000000000000000000000000000000000000000000000000000000000000000000000,128,,,,,,,,,,,,,,,,,,,,,,,,,,,,,,,,,,,,,,,,,,,,,,,,,,,,,,,,,,,,,,,,,,,,,,,,,,,,,,,,,,,,,,,,,,,,_ldap._tcp.dc._msdcs.scaffold.htb.,,,,,,,,,,,,,,,,,,,,,,,,,,,,,,,,,,,,,,,,,,,,,,,,,,
2026-07-09T06:11:43.847715Z,"{'#attributes': {'Qualifiers': 16384}, '#text': 7036}",dc.scaffold.htb,Service Control Manager,System,12545,4,,,,,,5300680065006C006C004800570044006500740065006300740069006F006E002F0034000000,,,,,,,,,,,,,,,,,,,,,,,,,,,,,,,,,,,,,,,,,,,,,,,,,,,,,,,,,,,,,,,,,,,,,,,,,,,,,,,,,,,,,,,,,,,,,,,,,,,,,,,,,,,,,,,,,,,,,,,,,,,ShellHWDetection,,,running,,,,,,,,,,,,,
2026-07-09T06:11:43.878966Z,"{'#attributes': {'Qualifiers': 16384}, '#text': 7036}",dc.scaffold.htb,Service Control Manager,System,12546,4,,,,,,6E0065007400700072006F0066006D002F0034000000,,,,,,,,,,,,,,,,,,,,,,,,,,,,,,,,,,,,,,,,,,,,,,,,,,,,,,,,,,,,,,,,,,,,,,,,,,,,,,,,,,,,,,,,,,,,,,,,,,,,,,,,,,,,,,,,,,,,,,,,,,,netprofm,,,running,,,,,,,,,,,,,
2026-07-09T06:11:43.894940Z,"{'#attributes': {'Qualifiers': 16384}, '#text': 7036}",dc.scaffold.htb,Service Control Manager,System,12547,4,,,,,,46006F006E007400430061006300680065002F0034000000,,,,,,,,,,,,,,,,,,,,,,,,,,,,,,,,,,,,,,,,,,,,,,,,,,,,,,,,,,,,,,,,,,,,,,,,,,,,,,,,,,,,,,,,,,,,,,,,,,,,,,,,,,,,,,,,,,,,,,,,,,,FontCache,,,running,,,,,,,,,,,,,
2026-07-09T06:11:43.925841Z,"{'#attributes': {'Qualifiers': 16384}, '#text': 7036}",dc.scaffold.htb,Service Control Manager,System,12548,4,,,,,,570069006E0048007400740070004100750074006F00500072006F00780079005300760063002F0034000000,,,,,,,,,,,,,,,,,,,,,,,,,,,,,,,,,,,,,,,,,,,,,,,,,,,,,,,,,,,,,,,,,,,,,,,,,,,,,,,,,,,,,,,,,,,,,,,,,,,,,,,,,,,,,,,,,,,,,,,,,,,WinHttpAutoProxySvc,,,running,,,,,,,,,,,,,
2026-07-09T06:11:44.003965Z,"{'#attributes': {'Qualifiers': 16384}, '#text': 7036}",dc.scaffold.htb,Service Control Manager,System,12549,4,,,,,,5300630068006500640075006C0065002F0034000000,,,,,,,,,,,,,,,,,,,,,,,,,,,,,,,,,,,,,,,,,,,,,,,,,,,,,,,,,,,,,,,,,,,,,,,,,,,,,,,,,,,,,,,,,,,,,,,,,,,,,,,,,,,,,,,,,,,,,,,,,,,Schedule,,,running,,,,,,,,,,,,,
2026-07-09T06:11:44.003965Z,"{'#attributes': {'Qualifiers': 16384}, '#text': 7036}",dc.scaffold.htb,Service Control Manager,System,12550,4,,,,,,49004B0045004500580054002F0034000000,,,,,,,,,,,,,,,,,,,,,,,,,,,,,,,,,,,,,,,,,,,,,,,,,,,,,,,,,,,,,,,,,,,,,,,,,,,,,,,,,,,,,,,,,,,,,,,,,,,,,,,,,,,,,,,,,,,,,,,,,,,IKEEXT,,,running,,,,,,,,,,,,,
2026-07-09T06:11:44.003965Z,"{'#attributes': {'Qualifiers': 16384}, '#text': 7036}",dc.scaffold.htb,Service Control Manager,System,12551,4,,,,,,4B00640063002F0034000000,,,,,,,,,,,,,,,,,,,,,,,,,,,,,,,,,,,,,,,,,,,,,,,,,,,,,,,,,,,,,,,,,,,,,,,,,,,,,,,,,,,,,,,,,,,,,,,,,,,,,,,,,,,,,,,,,,,,,,,,,,,Kdc,,,running,,,,,,,,,,,,,
2026-07-09T06:11:44.019591Z,"{'#attributes': {'Qualifiers': 16384}, '#text': 7036}",dc.scaffold.htb,Service Control Manager,System,12552,4,,,,,,570063006D007300760063002F0034000000,,,,,,,,,,,,,,,,,,,,,,,,,,,,,,,,,,,,,,,,,,,,,,,,,,,,,,,,,,,,,,,,,,,,,,,,,,,,,,,,,,,,,,,,,,,,,,,,,,,,,,,,,,,,,,,,,,,,,,,,,,,Wcmsvc,,,running,,,,,,,,,,,,,
2026-07-09T06:11:44.035215Z,"{'#attributes': {'Qualifiers': 16384}, '#text': 7036}",dc.scaffold.htb,Service Control Manager,System,12553,4,,,,,,50006F006C006900630079004100670065006E0074002F0034000000,,,,,,,,,,,,,,,,,,,,,,,,,,,,,,,,,,,,,,,,,,,,,,,,,,,,,,,,,,,,,,,,,,,,,,,,,,,,,,,,,,,,,,,,,,,,,,,,,,,,,,,,,,,,,,,,,,,,,,,,,,,PolicyAgent,,,running,,,,,,,,,,,,,
2026-07-09T06:11:44.035215Z,"{'#attributes': {'Qualifiers': 16384}, '#text': 7036}",dc.scaffold.htb,Service Control Manager,System,12554,4,,,,,,4C0061006E006D0061006E0057006F0072006B00730074006100740069006F006E002F0034000000,,,,,,,,,,,,,,,,,,,,,,,,,,,,,,,,,,,,,,,,,,,,,,,,,,,,,,,,,,,,,,,,,,,,,,,,,,,,,,,,,,,,,,,,,,,,,,,,,,,,,,,,,,,,,,,,,,,,,,,,,,,LanmanWorkstation,,,running,,,,,,,,,,,,,
2026-07-09T06:11:44.035215Z,"{'#attributes': {'Qualifiers': 16384}, '#text': 7036}",dc.scaffold.htb,Service Control Manager,System,12555,4,,,,,,6900700068006C0070007300760063002F0034000000,,,,,,,,,,,,,,,,,,,,,,,,,,,,,,,,,,,,,,,,,,,,,,,,,,,,,,,,,,,,,,,,,,,,,,,,,,,,,,,,,,,,,,,,,,,,,,,,,,,,,,,,,,,,,,,,,,,,,,,,,,,iphlpsvc,,,running,,,,,,,,,,,,,
2026-07-09T06:11:44.064238Z,36928,dc.scaffold.htb,Schannel,System,12556,2,,,,,,308205DB308204C3A003020102021326000000022413A58EA2873443000000000002300D06092A864886F70D01010B0500304831133011060A0992268993F22C640119160368746231183016060A0992268993F22C640119160873636166666F6C64311730150603550403130E73636166666F6C642D44432D4341301E170D3236303531333134343135305A170D3237303531333134343135305A301A311830160603550403130F64632E73636166666F6C642E68746230820122300D06092A864886F70D01010105000382010F003082010A0282010100D4BA2E36DD94E7EC8E9C25B7728A8236385881E854CED4500E450DC317C3BB4F244F61BD0FA8FAED9F23F06E870F63E02BDA4F2586C864F2D8299EEB54D472844AB1B1089C8263B33E30570C1D8A0DCAF50622D1DECDBDF9E16B063660912317467E540E8352B4911ADC86E0901D21B27828B1139BEC7A1CD969214EA0B6272FFB9639D9EA825E1556826000FD76A6AF564B94CF17E40A3B2940B42426444F2D199C9098178A4AB194A220A82ABB87122A5DB3720BB175D502E584EC15BC866D9FAFEF820BB775263744531A39EFE881FA6C4147BDCB14708A823DE272F8BE7A04F39ACACEFCB1F998B8C9CF6A0CA5C376132A699AECDF0A181F25111822A8810203010001A38202EA308202E6302F06092B060104018237140204221E200044006F006D00610069006E0043006F006E00740072006F006C006C00650072301D0603551D250416301406082B0601050507030206082B06010505070301300E0603551D0F0101FF0404030205A0307806092A864886F70D01090F046B3069300E06082A864886F70D030202020080300E06082A864886F70D030402020080300B060960864801650304012A300B060960864801650304012D300B0609608648016503040102300B0609608648016503040105300706052B0E030207300A06082A864886F70D0307301D0603551D0E04160414B5580694D432E574A56B1D9BF1FD5772324F9AAB301F0603551D23041830168014D5468871F6EF62F7164FE49786A00CA9AB22A5823081C80603551D1F0481C03081BD3081BAA081B7A081B48681B16C6461703A2F2F2F434E3D73636166666F6C642D44432D43412C434E3D64632C434E3D4344502C434E3D5075626C69632532304B657925323053657276696365732C434E3D53657276696365732C434E3D436F6E66696775726174696F6E2C44433D73636166666F6C642C44433D6874623F63657274696669636174655265766F636174696F6E4C6973743F626173653F6F626A656374436C6173733D63524C446973747269627574696F6E506F696E743081C106082B060105050701010481B43081B13081AE06082B060105050730028681A16C6461703A2F2F2F434E3D73636166666F6C642D44432D43412C434E3D4149412C434E3D5075626C69632532304B657925323053657276696365732C434E3D53657276696365732C434E3D436F6E66696775726174696F6E2C44433D73636166666F6C642C44433D6874623F634143657274696669636174653F626173653F6F626A656374436C6173733D63657274696669636174696F6E417574686F72697479303B0603551D1104343032A01F06092B0601040182371901A012041060FF0CAC1133EA4EA36328A537441AA6820F64632E73636166666F6C642E687462300D06092A864886F70D01010B050003820101002B0B98A8D4087941A3A741DCC1789ABF02FBA2603EF57F583FABC4024D992784DCC403A0EE0DDCB4D9CF7D0CBE1FC3E395A40C9D2DF6004F1B137BBC23809A7CE48B0C709D2628ECF9C00E449A2B2C96A464E84B90377F5B43908D6F4FCDCF0FE8B7DB0369F601FBF73CF91BC7C823940C129DD013FC17C6C01406EB7115A7A712C7958C6A9EA078851AFCA3000404E7CE83CB2B3ABFD858880A7095AEB715CCC1DB55772A4DB4DC1DFFEA0E5681442805BE22DCC2D99C17EA309E4EA651541E90CD965E2CB6A3816D06B103FAE514512242B97AA26C42DDC03276D5783D003B0979F338BCECB93A96D1557B3C05797F10D6689BD61936E63C0EA5ED5DA585C4,,,,,,,,,,,,,,,,,,,,,,,,,,,,,,,,,,,,,,,,,,,,,REASON_OCSP_RESPONSE_RETRIEVAL_ERROR,,,,,,,,,,,,,,,,,,,,,,,,,,,1601-01-01T00:00:00.000000Z,,,,,,,,,,,,,,,,,,,,,,,,,,,,,,,,,,,,,,1601-01-01T00:00:00.000000Z,,,,,,,,,,,,,,,,,,,,,,,,,,,,,
2026-07-09T06:11:44.113340Z,"{'#attributes': {'Qualifiers': 16384}, '#text': 7036}",dc.scaffold.htb,Service Control Manager,System,12557,4,,,,,,6D00700073007300760063002F0034000000,,,,,,,,,,,,,,,,,,,,,,,,,,,,,,,,,,,,,,,,,,,,,,,,,,,,,,,,,,,,,,,,,,,,,,,,,,,,,,,,,,,,,,,,,,,,,,,,,,,,,,,,,,,,,,,,,,,,,,,,,,,mpssvc,,,running,,,,,,,,,,,,,
2026-07-09T06:11:44.113340Z,"{'#attributes': {'Qualifiers': 16384}, '#text': 7036}",dc.scaffold.htb,Service Control Manager,System,12558,4,,,,,,4E00630061005300760063002F0031000000,,,,,,,,,,,,,,,,,,,,,,,,,,,,,,,,,,,,,,,,,,,,,,,,,,,,,,,,,,,,,,,,,,,,,,,,,,,,,,,,,,,,,,,,,,,,,,,,,,,,,,,,,,,,,,,,,,,,,,,,,,,NcaSvc,,,stopped,,,,,,,,,,,,,
2026-07-09T06:11:44.128966Z,"{'#attributes': {'Qualifiers': 16384}, '#text': 7036}",dc.scaffold.htb,Service Control Manager,System,12559,4,,,,,,440073006D005300760063002F0034000000,,,,,,,,,,,,,,,,,,,,,,,,,,,,,,,,,,,,,,,,,,,,,,,,,,,,,,,,,,,,,,,,,,,,,,,,,,,,,,,,,,,,,,,,,,,,,,,,,,,,,,,,,,,,,,,,,,,,,,,,,,,DsmSvc,,,running,,,,,,,,,,,,,
2026-07-09T06:11:44.135157Z,1014,dc.scaffold.htb,Microsoft-Windows-DNS-Client,System,12560,3,,020000007F000001000000000000000000000000000000000000000000000000000000000000000000000000000000000000000000000000000000000000000000000000000000000000000000000000000000000000000000000000000000000000000000000000000000000000000000000000000000000000000000000000,128,,,,,,,,,,,,,,,,,,,,,,,,,,,,,,,,,,,,,,,,,,,,,,,,,,,,,,,,,,,,,,,,,,,,,,,,,,,,,,,,,,,,,,,,,,,,_ldap._tcp.dc._msdcs.scaffold.htb.,,,,,,,,,,,,,,,,,,,,,,,,,,,,,,,,,,,,,,,,,,,,,,,,,,
2026-07-09T06:11:44.191463Z,"{'#attributes': {'Qualifiers': 16384}, '#text': 7036}",dc.scaffold.htb,Service Control Manager,System,12561,4,,,,,,55007300650072004D0061006E0061006700650072002F0034000000,,,,,,,,,,,,,,,,,,,,,,,,,,,,,,,,,,,,,,,,,,,,,,,,,,,,,,,,,,,,,,,,,,,,,,,,,,,,,,,,,,,,,,,,,,,,,,,,,,,,,,,,,,,,,,,,,,,,,,,,,,,UserManager,,,running,,,,,,,,,,,,,
2026-07-09T06:11:44.207088Z,"{'#attributes': {'Qualifiers': 16384}, '#text': 7036}",dc.scaffold.htb,Service Control Manager,System,12562,4,,,,,,4E006300620053006500720076006900630065002F0034000000,,,,,,,,,,,,,,,,,,,,,,,,,,,,,,,,,,,,,,,,,,,,,,,,,,,,,,,,,,,,,,,,,,,,,,,,,,,,,,,,,,,,,,,,,,,,,,,,,,,,,,,,,,,,,,,,,,,,,,,,,,,NcbService,,,running,,,,,,,,,,,,,
2026-07-09T06:11:44.548591Z,1014,dc.scaffold.htb,Microsoft-Windows-DNS-Client,System,12563,3,,020000007F000001000000000000000000000000000000000000000000000000000000000000000000000000000000000000000000000000000000000000000000000000000000000000000000000000000000000000000000000000000000000000000000000000000000000000000000000000000000000000000000000000,128,,,,,,,,,,,,,,,,,,,,,,,,,,,,,,,,,,,,,,,,,,,,,,,,,,,,,,,,,,,,,,,,,,,,,,,,,,,,,,,,,,,,,,,,,,,,wpad,,,,,,,,,,,,,,,,,,,,,,,,,,,,,,,,,,,,,,,,,,,,,,,,,,
2026-07-09T06:11:53.566465Z,"{'#attributes': {'Qualifiers': 16384}, '#text': 14533}",dc.scaffold.htb,Microsoft-Windows-DfsSvc,System,12564,4,,,,,,,,,,,,,,,,,,,,,,,,,,,,,,,,,,,,,,,,,,,,,,,,,,,,,,,,,,,,,,,,,,,,,,,,,,DfsFinishBuildingNamespace,,,,,,,,,,,,,,,,,,,,,,,,,,,,,,,,,,,,,,,,,,,,,,,,,,,,,,,,,,,,,,,,,,,,,,,
