2026-09-01T23:59:37.440442Z,1014,dc.scaffold.htb,Microsoft-Windows-DNS-Client,System,13935,3,,020000007F000001000000000000000000000000000000000000000000000000000000000000000000000000000000000000000000000000000000000000000000000000000000000000000000000000000000000000000000000000000000000000000000000000000000000000000000000000000000000000000000000000,128,,,,,,,,,,,,,,,,,,,,,,,,,,,,,,,,,,,,,,,,,,,,,,,,,,,,,,,,,,,,,,,,,,,,,,,,,,,,,,,,,,,,,,,,,,,,wpad,,,,,,,,,,,,,,,,,,,,,,,,,,,,,,,,,,,,,,,,,,,,,,,,,,
2026-09-01T23:59:38.502273Z,36928,dc.scaffold.htb,Schannel,System,13936,2,,,,,,308205DB308204C3A003020102021326000000022413A58EA2873443000000000002300D06092A864886F70D01010B0500304831133011060A0992268993F22C640119160368746231183016060A0992268993F22C640119160873636166666F6C64311730150603550403130E73636166666F6C642D44432D4341301E170D3236303531333134343135305A170D3237303531333134343135305A301A311830160603550403130F64632E73636166666F6C642E68746230820122300D06092A864886F70D01010105000382010F003082010A0282010100D4BA2E36DD94E7EC8E9C25B7728A8236385881E854CED4500E450DC317C3BB4F244F61BD0FA8FAED9F23F06E870F63E02BDA4F2586C864F2D8299EEB54D472844AB1B1089C8263B33E30570C1D8A0DCAF50622D1DECDBDF9E16B063660912317467E540E8352B4911ADC86E0901D21B27828B1139BEC7A1CD969214EA0B6272FFB9639D9EA825E1556826000FD76A6AF564B94CF17E40A3B2940B42426444F2D199C9098178A4AB194A220A82ABB87122A5DB3720BB175D502E584EC15BC866D9FAFEF820BB775263744531A39EFE881FA6C4147BDCB14708A823DE272F8BE7A04F39ACACEFCB1F998B8C9CF6A0CA5C376132A699AECDF0A181F25111822A8810203010001A38202EA308202E6302F06092B060104018237140204221E200044006F006D00610069006E0043006F006E00740072006F006C006C00650072301D0603551D250416301406082B0601050507030206082B06010505070301300E0603551D0F0101FF0404030205A0307806092A864886F70D01090F046B3069300E06082A864886F70D030202020080300E06082A864886F70D030402020080300B060960864801650304012A300B060960864801650304012D300B0609608648016503040102300B0609608648016503040105300706052B0E030207300A06082A864886F70D0307301D0603551D0E04160414B5580694D432E574A56B1D9BF1FD5772324F9AAB301F0603551D23041830168014D5468871F6EF62F7164FE49786A00CA9AB22A5823081C80603551D1F0481C03081BD3081BAA081B7A081B48681B16C6461703A2F2F2F434E3D73636166666F6C642D44432D43412C434E3D64632C434E3D4344502C434E3D5075626C69632532304B657925323053657276696365732C434E3D53657276696365732C434E3D436F6E66696775726174696F6E2C44433D73636166666F6C642C44433D6874623F63657274696669636174655265766F636174696F6E4C6973743F626173653F6F626A656374436C6173733D63524C446973747269627574696F6E506F696E743081C106082B060105050701010481B43081B13081AE06082B060105050730028681A16C6461703A2F2F2F434E3D73636166666F6C642D44432D43412C434E3D4149412C434E3D5075626C69632532304B657925323053657276696365732C434E3D53657276696365732C434E3D436F6E66696775726174696F6E2C44433D73636166666F6C642C44433D6874623F634143657274696669636174653F626173653F6F626A656374436C6173733D63657274696669636174696F6E417574686F72697479303B0603551D1104343032A01F06092B0601040182371901A012041060FF0CAC1133EA4EA36328A537441AA6820F64632E73636166666F6C642E687462300D06092A864886F70D01010B050003820101002B0B98A8D4087941A3A741DCC1789ABF02FBA2603EF57F583FABC4024D992784DCC403A0EE0DDCB4D9CF7D0CBE1FC3E395A40C9D2DF6004F1B137BBC23809A7CE48B0C709D2628ECF9C00E449A2B2C96A464E84B90377F5B43908D6F4FCDCF0FE8B7DB0369F601FBF73CF91BC7C823940C129DD013FC17C6C01406EB7115A7A712C7958C6A9EA078851AFCA3000404E7CE83CB2B3ABFD858880A7095AEB715CCC1DB55772A4DB4DC1DFFEA0E5681442805BE22DCC2D99C17EA309E4EA651541E90CD965E2CB6A3816D06B103FAE514512242B97AA26C42DDC03276D5783D003B0979F338BCECB93A96D1557B3C05797F10D6689BD61936E63C0EA5ED5DA585C4,,,,,,,,,,,,,,,,,,,,,,,,,,,,,,,,,,,,,,,,,,,,,REASON_OCSP_RESPONSE_RETRIEVAL_ERROR,,,,,,,,,,,,,,,,,,,,,,,,,,,1601-01-01T00:00:00.000000Z,,,,,,,,,,,,,,,,,,,,,,,,,,,,,,,,,,,,,,1601-01-01T00:00:00.000000Z,,,,,,,,,,,,,,,,,,,,,,,,,,,,,
2026-09-01T23:59:45.419242Z,"{'#attributes': {'Qualifiers': 16384}, '#text': 14533}",dc.scaffold.htb,Microsoft-Windows-DfsSvc,System,13937,4,,,,,,,,,,,,,,,,,,,,,,,,,,,,,,,,,,,,,,,,,,,,,,,,,,,,,,,,,,,,,,,,,,,,,,,,,,DfsFinishBuildingNamespace,,,,,,,,,,,,,,,,,,,,,,,,,,,,,,,,,,,,,,,,,,,,,,,,,,,,,,,,,,,,,,,,,,,,,,,
2026-09-01T23:59:45.419242Z,"{'#attributes': {'Qualifiers': 16384}, '#text': 14531}",dc.scaffold.htb,Microsoft-Windows-DfsSvc,System,13938,4,,,,,,,,,,,,,,,,,,,,,,,,,,,,,,,,,,,,,,,,,,,,,,,,,,,,,,,,,,,,,,,,,,,,,,,,,,DfsFinishInit,,,,,,,,,,,,,,,,,,,,,,,,,,,,,,,,,,,,,,,,,,,,,,,,,,,,,,,,,,,,,,,,,,,,,,,
2026-09-01T23:59:45.669443Z,"{'#attributes': {'Qualifiers': 16384}, '#text': 5211}",dc.scaffold.htb,Microsoft-Windows-WAS,System,13939,4,,,,,,,,,,,,,,,ConfigurationSystem,,,,,,,,,,,,,,,,,,,,,,,,,,,,,,,,,,,,,,,,,,,,,,,,,,,,,,,,,,,,,,,,,,,,,,,,,,,,,,,,,,,Classic,,,,,,,,,,,,,,,,,,,,,,,,,,,,,,,,,,,,,,,,,,,,,,,
2026-09-01T23:59:44.888007Z,"{'#attributes': {'Qualifiers': 16384}, '#text': 7036}",dc.scaffold.htb,Service Control Manager,System,13940,4,,,,,,530061006D00530073002F0034000000,,,,,,,,,,,,,,,,,,,,,,,,,,,,,,,,,,,,,,,,,,,,,,,,,,,,,,,,,,,,,,,,,,,,,,,,,,,,,,,,,,,,,,,,,,,,,,,,,,,,,,,,,,,,,,,,,,,,,,,,,,,SamSs,,,running,,,,,,,,,,,,,
2026-09-01T23:59:44.966123Z,"{'#attributes': {'Qualifiers': 16384}, '#text': 7036}",dc.scaffold.htb,Service Control Manager,System,13941,4,,,,,,4C0061006E006D0061006E005300650072007600650072002F0034000000,,,,,,,,,,,,,,,,,,,,,,,,,,,,,,,,,,,,,,,,,,,,,,,,,,,,,,,,,,,,,,,,,,,,,,,,,,,,,,,,,,,,,,,,,,,,,,,,,,,,,,,,,,,,,,,,,,,,,,,,,,,LanmanServer,,,running,,,,,,,,,,,,,
2026-09-01T23:59:45.044245Z,"{'#attributes': {'Qualifiers': 16384}, '#text': 7036}",dc.scaffold.htb,Service Control Manager,System,13942,4,,,,,,530070006F006F006C00650072002F0034000000,,,,,,,,,,,,,,,,,,,,,,,,,,,,,,,,,,,,,,,,,,,,,,,,,,,,,,,,,,,,,,,,,,,,,,,,,,,,,,,,,,,,,,,,,,,,,,,,,,,,,,,,,,,,,,,,,,,,,,,,,,,Spooler,,,running,,,,,,,,,,,,,
2026-09-01T23:59:45.106745Z,"{'#attributes': {'Qualifiers': 16384}, '#text': 7036}",dc.scaffold.htb,Service Control Manager,System,13943,4,,,,,,4B0065007900490073006F002F0034000000,,,,,,,,,,,,,,,,,,,,,,,,,,,,,,,,,,,,,,,,,,,,,,,,,,,,,,,,,,,,,,,,,,,,,,,,,,,,,,,,,,,,,,,,,,,,,,,,,,,,,,,,,,,,,,,,,,,,,,,,,,,KeyIso,,,running,,,,,,,,,,,,,
2026-09-01T23:59:45.137992Z,"{'#attributes': {'Qualifiers': 16384}, '#text': 7036}",dc.scaffold.htb,Service Control Manager,System,13944,4,,,,,,41007A0075007200650041007400740065007300740053006500720076006900630065002F0034000000,,,,,,,,,,,,,,,,,,,,,,,,,,,,,,,,,,,,,,,,,,,,,,,,,,,,,,,,,,,,,,,,,,,,,,,,,,,,,,,,,,,,,,,,,,,,,,,,,,,,,,,,,,,,,,,,,,,,,,,,,,,AzureAttestService,,,running,,,,,,,,,,,,,
2026-09-01T23:59:45.184866Z,"{'#attributes': {'Qualifiers': 16384}, '#text': 7036}",dc.scaffold.htb,Service Control Manager,System,13945,4,,,,,,520065006D006F0074006500520065006700690073007400720079002F0034000000,,,,,,,,,,,,,,,,,,,,,,,,,,,,,,,,,,,,,,,,,,,,,,,,,,,,,,,,,,,,,,,,,,,,,,,,,,,,,,,,,,,,,,,,,,,,,,,,,,,,,,,,,,,,,,,,,,,,,,,,,,,RemoteRegistry,,,running,,,,,,,,,,,,,
2026-09-01T23:59:45.216117Z,"{'#attributes': {'Qualifiers': 16384}, '#text': 7036}",dc.scaffold.htb,Service Control Manager,System,13946,4,,,,,,43006F00720065004D006500730073006100670069006E0067005200650067006900730074007200610072002F0034000000,,,,,,,,,,,,,,,,,,,,,,,,,,,,,,,,,,,,,,,,,,,,,,,,,,,,,,,,,,,,,,,,,,,,,,,,,,,,,,,,,,,,,,,,,,,,,,,,,,,,,,,,,,,,,,,,,,,,,,,,,,,CoreMessagingRegistrar,,,running,,,,,,,,,,,,,
2026-09-01T23:59:45.294243Z,"{'#attributes': {'Qualifiers': 16384}, '#text': 7036}",dc.scaffold.htb,Service Control Manager,System,13947,4,,,,,,490073006D0053006500720076002F0034000000,,,,,,,,,,,,,,,,,,,,,,,,,,,,,,,,,,,,,,,,,,,,,,,,,,,,,,,,,,,,,,,,,,,,,,,,,,,,,,,,,,,,,,,,,,,,,,,,,,,,,,,,,,,,,,,,,,,,,,,,,,,IsmServ,,,running,,,,,,,,,,,,,
2026-09-01T23:59:45.372367Z,"{'#attributes': {'Qualifiers': 16384}, '#text': 7036}",dc.scaffold.htb,Service Control Manager,System,13948,4,,,,,,44004600530052002F0034000000,,,,,,,,,,,,,,,,,,,,,,,,,,,,,,,,,,,,,,,,,,,,,,,,,,,,,,,,,,,,,,,,,,,,,,,,,,,,,,,,,,,,,,,,,,,,,,,,,,,,,,,,,,,,,,,,,,,,,,,,,,,DFSR,,,running,,,,,,,,,,,,,
2026-09-01T23:59:45.372367Z,"{'#attributes': {'Qualifiers': 16384}, '#text': 7036}",dc.scaffold.htb,Service Control Manager,System,13949,4,,,,,,4400660073002F0034000000,,,,,,,,,,,,,,,,,,,,,,,,,,,,,,,,,,,,,,,,,,,,,,,,,,,,,,,,,,,,,,,,,,,,,,,,,,,,,,,,,,,,,,,,,,,,,,,,,,,,,,,,,,,,,,,,,,,,,,,,,,,Dfs,,,running,,,,,,,,,,,,,
2026-09-01T23:59:45.497367Z,"{'#attributes': {'Qualifiers': 16384}, '#text': 7036}",dc.scaffold.htb,Service Control Manager,System,13950,4,,,,,,5300790073004D00610069006E002F0034000000,,,,,,,,,,,,,,,,,,,,,,,,,,,,,,,,,,,,,,,,,,,,,,,,,,,,,,,,,,,,,,,,,,,,,,,,,,,,,,,,,,,,,,,,,,,,,,,,,,,,,,,,,,,,,,,,,,,,,,,,,,,SysMain,,,running,,,,,,,,,,,,,
2026-09-01T23:59:45.512992Z,"{'#attributes': {'Qualifiers': 16384}, '#text': 7036}",dc.scaffold.htb,Service Control Manager,System,13951,4,,,,,,43006500720074005300760063002F0034000000,,,,,,,,,,,,,,,,,,,,,,,,,,,,,,,,,,,,,,,,,,,,,,,,,,,,,,,,,,,,,,,,,,,,,,,,,,,,,,,,,,,,,,,,,,,,,,,,,,,,,,,,,,,,,,,,,,,,,,,,,,,CertSvc,,,running,,,,,,,,,,,,,
2026-09-01T23:59:45.559868Z,"{'#attributes': {'Qualifiers': 16384}, '#text': 7036}",dc.scaffold.htb,Service Control Manager,System,13952,4,,,,,,530051004C005700720069007400650072002F0034000000,,,,,,,,,,,,,,,,,,,,,,,,,,,,,,,,,,,,,,,,,,,,,,,,,,,,,,,,,,,,,,,,,,,,,,,,,,,,,,,,,,,,,,,,,,,,,,,,,,,,,,,,,,,,,,,,,,,,,,,,,,,SQLWriter,,,running,,,,,,,,,,,,,
2026-09-01T23:59:45.606741Z,"{'#attributes': {'Qualifiers': 16384}, '#text': 7036}",dc.scaffold.htb,Service Control Manager,System,13953,4,,,,,,41007000700048006F00730074005300760063002F0034000000,,,,,,,,,,,,,,,,,,,,,,,,,,,,,,,,,,,,,,,,,,,,,,,,,,,,,,,,,,,,,,,,,,,,,,,,,,,,,,,,,,,,,,,,,,,,,,,,,,,,,,,,,,,,,,,,,,,,,,,,,,,AppHostSvc,,,running,,,,,,,,,,,,,
2026-09-01T23:59:45.622367Z,"{'#attributes': {'Qualifiers': 16384}, '#text': 7036}",dc.scaffold.htb,Service Control Manager,System,13954,4,,,,,,4D00440043006F00720065005300760063002F0034000000,,,,,,,,,,,,,,,,,,,,,,,,,,,,,,,,,,,,,,,,,,,,,,,,,,,,,,,,,,,,,,,,,,,,,,,,,,,,,,,,,,,,,,,,,,,,,,,,,,,,,,,,,,,,,,,,,,,,,,,,,,,MDCoreSvc,,,running,,,,,,,,,,,,,
2026-09-01T23:59:45.684867Z,"{'#attributes': {'Qualifiers': 16384}, '#text': 7036}",dc.scaffold.htb,Service Control Manager,System,13955,4,,,,,,570069006E006D0067006D0074002F0034000000,,,,,,,,,,,,,,,,,,,,,,,,,,,,,,,,,,,,,,,,,,,,,,,,,,,,,,,,,,,,,,,,,,,,,,,,,,,,,,,,,,,,,,,,,,,,,,,,,,,,,,,,,,,,,,,,,,,,,,,,,,,Winmgmt,,,running,,,,,,,,,,,,,
2026-09-01T23:59:45.762992Z,"{'#attributes': {'Qualifiers': 16384}, '#text': 7036}",dc.scaffold.htb,Service Control Manager,System,13956,4,,,,,,56004700410075007400680053006500720076006900630065002F0034000000,,,,,,,,,,,,,,,,,,,,,,,,,,,,,,,,,,,,,,,,,,,,,,,,,,,,,,,,,,,,,,,,,,,,,,,,,,,,,,,,,,,,,,,,,,,,,,,,,,,,,,,,,,,,,,,,,,,,,,,,,,,VGAuthService,,,running,,,,,,,,,,,,,
2026-09-01T23:59:45.841119Z,"{'#attributes': {'Qualifiers': 16384}, '#text': 7036}",dc.scaffold.htb,Service Control Manager,System,13957,4,,,,,,53007300740070005300760063002F0034000000,,,,,,,,,,,,,,,,,,,,,,,,,,,,,,,,,,,,,,,,,,,,,,,,,,,,,,,,,,,,,,,,,,,,,,,,,,,,,,,,,,,,,,,,,,,,,,,,,,,,,,,,,,,,,,,,,,,,,,,,,,,SstpSvc,,,running,,,,,,,,,,,,,
2026-09-01T23:59:46.028616Z,"{'#attributes': {'Qualifiers': 16384}, '#text': 7036}",dc.scaffold.htb,Service Control Manager,System,13958,4,,,,,,56004D003300440053006500720076006900630065002F0034000000,,,,,,,,,,,,,,,,,,,,,,,,,,,,,,,,,,,,,,,,,,,,,,,,,,,,,,,,,,,,,,,,,,,,,,,,,,,,,,,,,,,,,,,,,,,,,,,,,,,,,,,,,,,,,,,,,,,,,,,,,,,VM3DService,,,running,,,,,,,,,,,,,
2026-09-01T23:59:46.044392Z,"{'#attributes': {'Qualifiers': 16384}, '#text': 7036}",dc.scaffold.htb,Service Control Manager,System,13959,4,,,,,,56004D0054006F006F006C0073002F0034000000,,,,,,,,,,,,,,,,,,,,,,,,,,,,,,,,,,,,,,,,,,,,,,,,,,,,,,,,,,,,,,,,,,,,,,,,,,,,,,,,,,,,,,,,,,,,,,,,,,,,,,,,,,,,,,,,,,,,,,,,,,,VMTools,,,running,,,,,,,,,,,,,
2026-09-01T23:59:46.044392Z,"{'#attributes': {'Qualifiers': 16384}, '#text': 7036}",dc.scaffold.htb,Service Control Manager,System,13960,4,,,,,,5700410053002F0034000000,,,,,,,,,,,,,,,,,,,,,,,,,,,,,,,,,,,,,,,,,,,,,,,,,,,,,,,,,,,,,,,,,,,,,,,,,,,,,,,,,,,,,,,,,,,,,,,,,,,,,,,,,,,,,,,,,,,,,,,,,,,WAS,,,running,,,,,,,,,,,,,
2026-09-01T23:59:46.091117Z,"{'#attributes': {'Qualifiers': 16384}, '#text': 7036}",dc.scaffold.htb,Service Control Manager,System,13961,4,,,,,,570070006E0053006500720076006900630065002F0034000000,,,,,,,,,,,,,,,,,,,,,,,,,,,,,,,,,,,,,,,,,,,,,,,,,,,,,,,,,,,,,,,,,,,,,,,,,,,,,,,,,,,,,,,,,,,,,,,,,,,,,,,,,,,,,,,,,,,,,,,,,,,WpnService,,,running,,,,,,,,,,,,,
2026-09-01T23:59:46.231741Z,"{'#attributes': {'Qualifiers': 7}, '#text': 10148}",dc.scaffold.htb,Microsoft-Windows-WinRM,System,13962,4,,,,,,,,,,,,,,,,,,,,,,,,,,,,,,,,,,,,,,,,,,,,,,,,,,,,,,,,,,,,,,,,,,,,,,,,,,Started Listening,,,,,,,,,,,,,,,,,,,,,,,,,,,,,,,,,,,,,,,,,,,,,,,,,,,,,,,,,,,,,,,,,,,,,,,
2026-09-01T23:59:46.325491Z,"{'#attributes': {'Qualifiers': 16896}, '#text': 3}",dc.scaffold.htb,Virtual Disk Service,System,13963,4,,,,,,,,,,,,,,,,,,,,,,@2010005,,,,,,,,,,,,,,,,,,,,,,,,,,,,,,,,,,,,,,,,,,,,,,,,,,,,,,,,,,,,,,,,,,,,,,,,,,,,,,,,,,,,,,,,,,,,,,,,,,,,,,,,,,,,,,,,,,,,,,,,,,,
2026-09-01T23:59:46.169242Z,"{'#attributes': {'Qualifiers': 16384}, '#text': 7036}",dc.scaffold.htb,Service Control Manager,System,13964,4,,,,,,530074006100740065005200650070006F007300690074006F00720079002F0034000000,,,,,,,,,,,,,,,,,,,,,,,,,,,,,,,,,,,,,,,,,,,,,,,,,,,,,,,,,,,,,,,,,,,,,,,,,,,,,,,,,,,,,,,,,,,,,,,,,,,,,,,,,,,,,,,,,,,,,,,,,,,StateRepository,,,running,,,,,,,,,,,,,
2026-09-01T23:59:46.231741Z,"{'#attributes': {'Qualifiers': 16384}, '#text': 7036}",dc.scaffold.htb,Service Control Manager,System,13965,4,,,,,,570069006E0052004D002F0034000000,,,,,,,,,,,,,,,,,,,,,,,,,,,,,,,,,,,,,,,,,,,,,,,,,,,,,,,,,,,,,,,,,,,,,,,,,,,,,,,,,,,,,,,,,,,,,,,,,,,,,,,,,,,,,,,,,,,,,,,,,,,WinRM,,,running,,,,,,,,,,,,,
2026-09-01T23:59:46.262991Z,"{'#attributes': {'Qualifiers': 16384}, '#text': 7036}",dc.scaffold.htb,Service Control Manager,System,13966,4,,,,,,440069006100670054007200610063006B002F0034000000,,,,,,,,,,,,,,,,,,,,,,,,,,,,,,,,,,,,,,,,,,,,,,,,,,,,,,,,,,,,,,,,,,,,,,,,,,,,,,,,,,,,,,,,,,,,,,,,,,,,,,,,,,,,,,,,,,,,,,,,,,,DiagTrack,,,running,,,,,,,,,,,,,
2026-09-01T23:59:46.278615Z,"{'#attributes': {'Qualifiers': 16384}, '#text': 7036}",dc.scaffold.htb,Service Control Manager,System,13967,4,,,,,,570069006E0044006500660065006E0064002F0034000000,,,,,,,,,,,,,,,,,,,,,,,,,,,,,,,,,,,,,,,,,,,,,,,,,,,,,,,,,,,,,,,,,,,,,,,,,,,,,,,,,,,,,,,,,,,,,,,,,,,,,,,,,,,,,,,,,,,,,,,,,,,WinDefend,,,running,,,,,,,,,,,,,
2026-09-01T23:59:46.325491Z,"{'#attributes': {'Qualifiers': 16384}, '#text': 7036}",dc.scaffold.htb,Service Control Manager,System,13968,4,,,,,,7600640073002F0034000000,,,,,,,,,,,,,,,,,,,,,,,,,,,,,,,,,,,,,,,,,,,,,,,,,,,,,,,,,,,,,,,,,,,,,,,,,,,,,,,,,,,,,,,,,,,,,,,,,,,,,,,,,,,,,,,,,,,,,,,,,,,vds,,,running,,,,,,,,,,,,,
2026-09-01T23:59:46.559865Z,"{'#attributes': {'Qualifiers': 16384}, '#text': 7036}",dc.scaffold.htb,Service Control Manager,System,13969,4,,,,,,76006D007600730073002F0034000000,,,,,,,,,,,,,,,,,,,,,,,,,,,,,,,,,,,,,,,,,,,,,,,,,,,,,,,,,,,,,,,,,,,,,,,,,,,,,,,,,,,,,,,,,,,,,,,,,,,,,,,,,,,,,,,,,,,,,,,,,,,vmvss,,,running,,,,,,,,,,,,,
2026-09-01T23:59:46.731741Z,"{'#attributes': {'Qualifiers': 16384}, '#text': 7036}",dc.scaffold.htb,Service Control Manager,System,13970,4,,,,,,43004F004D005300790073004100700070002F0034000000,,,,,,,,,,,,,,,,,,,,,,,,,,,,,,,,,,,,,,,,,,,,,,,,,,,,,,,,,,,,,,,,,,,,,,,,,,,,,,,,,,,,,,,,,,,,,,,,,,,,,,,,,,,,,,,,,,,,,,,,,,,COMSysApp,,,running,,,,,,,,,,,,,
2026-09-01T23:59:46.778615Z,"{'#attributes': {'Qualifiers': 16384}, '#text': 7036}",dc.scaffold.htb,Service Control Manager,System,13971,4,,,,,,5200610073004D0061006E002F0034000000,,,,,,,,,,,,,,,,,,,,,,,,,,,,,,,,,,,,,,,,,,,,,,,,,,,,,,,,,,,,,,,,,,,,,,,,,,,,,,,,,,,,,,,,,,,,,,,,,,,,,,,,,,,,,,,,,,,,,,,,,,,RasMan,,,running,,,,,,,,,,,,,
2026-09-01T23:59:47.303407Z,"{'#attributes': {'Qualifiers': 16384}, '#text': 7036}",dc.scaffold.htb,Service Control Manager,System,13972,4,,,,,,41004400570053002F0034000000,,,,,,,,,,,,,,,,,,,,,,,,,,,,,,,,,,,,,,,,,,,,,,,,,,,,,,,,,,,,,,,,,,,,,,,,,,,,,,,,,,,,,,,,,,,,,,,,,,,,,,,,,,,,,,,,,,,,,,,,,,,ADWS,,,running,,,,,,,,,,,,,
2026-09-01T23:59:48.481741Z,"{'#attributes': {'Qualifiers': 16384}, '#text': 7036}",dc.scaffold.htb,Service Control Manager,System,13973,4,,,,,,77006C00690064007300760063002F0034000000,,,,,,,,,,,,,,,,,,,,,,,,,,,,,,,,,,,,,,,,,,,,,,,,,,,,,,,,,,,,,,,,,,,,,,,,,,,,,,,,,,,,,,,,,,,,,,,,,,,,,,,,,,,,,,,,,,,,,,,,,,,wlidsvc,,,running,,,,,,,,,,,,,
2026-09-01T23:59:48.544244Z,"{'#attributes': {'Qualifiers': 16384}, '#text': 7036}",dc.scaffold.htb,Service Control Manager,System,13974,4,,,,,,4D0053004400540043002F0034000000,,,,,,,,,,,,,,,,,,,,,,,,,,,,,,,,,,,,,,,,,,,,,,,,,,,,,,,,,,,,,,,,,,,,,,,,,,,,,,,,,,,,,,,,,,,,,,,,,,,,,,,,,,,,,,,,,,,,,,,,,,,MSDTC,,,running,,,,,,,,,,,,,
2026-09-01T23:59:50.278618Z,"{'#attributes': {'Qualifiers': 16384}, '#text': 7036}",dc.scaffold.htb,Service Control Manager,System,13975,4,,,,,,5600530053002F0034000000,,,,,,,,,,,,,,,,,,,,,,,,,,,,,,,,,,,,,,,,,,,,,,,,,,,,,,,,,,,,,,,,,,,,,,,,,,,,,,,,,,,,,,,,,,,,,,,,,,,,,,,,,,,,,,,,,,,,,,,,,,,VSS,,,running,,,,,,,,,,,,,
2026-09-01T23:59:50.622416Z,"{'#attributes': {'Qualifiers': 16384}, '#text': 7036}",dc.scaffold.htb,Service Control Manager,System,13976,4,,,,,,4D00440054005F004D006F006E00690074006F0072002F0034000000,,,,,,,,,,,,,,,,,,,,,,,,,,,,,,,,,,,,,,,,,,,,,,,,,,,,,,,,,,,,,,,,,,,,,,,,,,,,,,,,,,,,,,,,,,,,,,,,,,,,,,,,,,,,,,,,,,,,,,,,,,,MDT_Monitor,,,running,,,,,,,,,,,,,
2026-09-01T23:59:58.559920Z,"{'#attributes': {'Qualifiers': 7}, '#text': 10154}",dc.scaffold.htb,Microsoft-Windows-WinRM,System,13977,3,,,,,,,,,,,,,,,,,,,,,,,,,,,,,,,,,,,,,,,,,,,,,,,,,,,,,,,,,,,,,,,,,,,,,,,,,,,,,,,,,,,,,,,,,,,,,,,,,,,,,,,,,,,,,,,,,,,,,,,,,,,,,,,1355,,,,,,,,,,,,,,WSMAN/dc.scaffold.htb,WSMAN/dc,,,
2026-09-02T00:00:04.028617Z,"{'#attributes': {'Qualifiers': 16384}, '#text': 7036}",dc.scaffold.htb,Service Control Manager,System,13978,4,,,,,,4E00650074006C006F0067006F006E002F0034000000,,,,,,,,,,,,,,,,,,,,,,,,,,,,,,,,,,,,,,,,,,,,,,,,,,,,,,,,,,,,,,,,,,,,,,,,,,,,,,,,,,,,,,,,,,,,,,,,,,,,,,,,,,,,,,,,,,,,,,,,,,,Netlogon,,,running,,,,,,,,,,,,,
2026-09-02T00:00:04.637991Z,"{'#attributes': {'Qualifiers': 16384}, '#text': 7036}",dc.scaffold.htb,Service Control Manager,System,13979,4,,,,,,4400690073007000420072006F006B00650072004400650073006B0074006F0070005300760063002F0034000000,,,,,,,,,,,,,,,,,,,,,,,,,,,,,,,,,,,,,,,,,,,,,,,,,,,,,,,,,,,,,,,,,,,,,,,,,,,,,,,,,,,,,,,,,,,,,,,,,,,,,,,,,,,,,,,,,,,,,,,,,,,DispBrokerDesktopSvc,,,running,,,,,,,,,,,,,
2026-09-02T00:00:06.342854Z,139,dc.scaffold.htb,Microsoft-Windows-Time-Service,System,13980,4,,,,,,,,,,,,,,,,,,,,,,,,,,,,,,,,,,,,,,,,,,,,,,,,,,,,,,,,,,,,,,,,,,,,,,,,,,TMP_EVENT_START_ADVERTISING,,,,,,,,,,,,,,,,,,,,,,,,,,,,,,,,,,,,,,,,,,,,,,,,,,,,,,,,,,,,,,,,,,,,,,,
2026-09-02T00:00:06.342856Z,143,dc.scaffold.htb,Microsoft-Windows-Time-Service,System,13981,4,,,,,,,,,,,,,,,,,,,,,,,,,,,,,,,,,,,,,,,,,,,,,,,,,,,,,,,,,,,,,,,,,,,,,,,,,,TMP_EVENT_START_ADVERTISING_GT,,,,,,,,,,,,,,,,,,,,,,,,,,,,,,,,,,,,,,,,,,,,,,,,,,,,,,,,,,,,,,,,,,,,,,,
2026-09-02T00:00:12.747365Z,"{'#attributes': {'Qualifiers': 16384}, '#text': 7036}",dc.scaffold.htb,Service Control Manager,System,13982,4,,,,,,770075006100750073006500720076002F0034000000,,,,,,,,,,,,,,,,,,,,,,,,,,,,,,,,,,,,,,,,,,,,,,,,,,,,,,,,,,,,,,,,,,,,,,,,,,,,,,,,,,,,,,,,,,,,,,,,,,,,,,,,,,,,,,,,,,,,,,,,,,,wuauserv,,,running,,,,,,,,,,,,,
2026-09-02T00:00:14.891269Z,16647,dc.scaffold.htb,Microsoft-Windows-Directory-Services-SAM,System,13983,4,,,,,,,,,,,,,,,,,,,,,,,,,,,,,,,,,,,,,,,,,,,,,,,,,,,,,,,,,,,,,,,,,,,,,,,,,,SAMMSG_REQUESTING_NEW_RID_POOL,,,,,,,,,,,,,,,,,,,,,,,,,,,,,,,,,,,,,,,,,,,,,,,,,,,,,,,,,,,,,,,,,,,,,,,
2026-09-02T00:00:14.895079Z,16648,dc.scaffold.htb,Microsoft-Windows-Directory-Services-SAM,System,13984,4,,,,,,00000000,,,,,,,,,,,,,,,,,,,,,,,,,,,,,,,,,,,,,,,,,,,,,,,,,,,,,,,,,,,,,,,,,,,,,,,,,,,,,,,,,,,,,,,,,,,,,,,,,,,,,,,,,,,,,,,,,,,,,,,SAMMSG_RID_REQUEST_STATUS_SUCCESS,,,,,,,,,,,,,,,,,,,,
2026-09-02T00:00:14.888041Z,"{'#attributes': {'Qualifiers': 16384}, '#text': 7036}",dc.scaffold.htb,Service Control Manager,System,13985,4,,,,,,44004E0053002F0034000000,,,,,,,,,,,,,,,,,,,,,,,,,,,,,,,,,,,,,,,,,,,,,,,,,,,,,,,,,,,,,,,,,,,,,,,,,,,,,,,,,,,,,,,,,,,,,,,,,,,,,,,,,,,,,,,,,,,,,,,,,,,DNS,,,running,,,,,,,,,,,,,
2026-09-02T00:00:15.239369Z,12,dc.scaffold.htb,Microsoft-Windows-Time-Service,System,13986,3,,,,,,,,,,,,,,,,,,,,,,,,,,,,,,,,,,,,,,,,,,,,,,,,,,,,,,,,,,,,,,,,,,,,,,,,,,TMP_EVENT_DOMAIN_HIERARCHY_ROOT,,,,,,,,,,,,,,,,,,,,,,,,,,,,,,,,,,,,,,,,,,,,,,,,,,,,,,,,,,,,,,,,,,,,,,,
2026-09-02T00:00:15.231745Z,"{'#attributes': {'Qualifiers': 16384}, '#text': 7036}",dc.scaffold.htb,Service Control Manager,System,13987,4,,,,,,570033003200540069006D0065002F0034000000,,,,,,,,,,,,,,,,,,,,,,,,,,,,,,,,,,,,,,,,,,,,,,,,,,,,,,,,,,,,,,,,,,,,,,,,,,,,,,,,,,,,,,,,,,,,,,,,,,,,,,,,,,,,,,,,,,,,,,,,,,,W32Time,,,running,,,,,,,,,,,,,
2026-09-02T00:00:15.278614Z,"{'#attributes': {'Qualifiers': 16384}, '#text': 7036}",dc.scaffold.htb,Service Control Manager,System,13988,4,,,,,,570033005300560043002F0034000000,,,,,,,,,,,,,,,,,,,,,,,,,,,,,,,,,,,,,,,,,,,,,,,,,,,,,,,,,,,,,,,,,,,,,,,,,,,,,,,,,,,,,,,,,,,,,,,,,,,,,,,,,,,,,,,,,,,,,,,,,,,W3SVC,,,running,,,,,,,,,,,,,
2026-09-02T00:00:15.856741Z,"{'#attributes': {'Qualifiers': 16384}, '#text': 7036}",dc.scaffold.htb,Service Control Manager,System,13989,4,,,,,,530051004C00540045004C0045004D0045005400520059002400530051004C0045005800500052004500530053002F0034000000,,,,,,,,,,,,,,,,,,,,,,,,,,,,,,,,,,,,,,,,,,,,,,,,,,,,,,,,,,,,,,,,,,,,,,,,,,,,,,,,,,,,,,,,,,,,,,,,,,,,,,,,,,,,,,,,,,,,,,,,,,,SQLTELEMETRY$SQLEXPRESS,,,running,,,,,,,,,,,,,
2026-09-02T00:00:15.997368Z,"{'#attributes': {'Qualifiers': 16384}, '#text': 7036}",dc.scaffold.htb,Service Control Manager,System,13990,4,,,,,,42004900540053002F0034000000,,,,,,,,,,,,,,,,,,,,,,,,,,,,,,,,,,,,,,,,,,,,,,,,,,,,,,,,,,,,,,,,,,,,,,,,,,,,,,,,,,,,,,,,,,,,,,,,,,,,,,,,,,,,,,,,,,,,,,,,,,,BITS,,,running,,,,,,,,,,,,,
2026-09-02T00:00:16.294247Z,"{'#attributes': {'Qualifiers': 49152}, '#text': 7026}",dc.scaffold.htb,Service Control Manager,System,13991,4,,,,,,,,,,,,,,,,,,,,,,,,,,,,,,,,,,,,,,,,,,,,,,,,,,,,,,,,,,,,,,,,,,,,,,,,,,,,,,,,,,,,,,,,,,,,,,,,,,,,,,,,,,,,,,,,,,,,,,,,,,,,,,,,,"
dam",,,,,,,,,,,,,,,,
2026-09-02T00:00:16.512994Z,"{'#attributes': {'Qualifiers': 16384}, '#text': 7036}",dc.scaffold.htb,Service Control Manager,System,13992,4,,,,,,77006D006900410070005300720076002F0034000000,,,,,,,,,,,,,,,,,,,,,,,,,,,,,,,,,,,,,,,,,,,,,,,,,,,,,,,,,,,,,,,,,,,,,,,,,,,,,,,,,,,,,,,,,,,,,,,,,,,,,,,,,,,,,,,,,,,,,,,,,,,WMI Performance Adapter,,,running,,,,,,,,,,,,,
2026-09-02T00:00:19.685093Z,"{'#attributes': {'Qualifiers': 0}, '#text': 6038}",dc.scaffold.htb,LsaSrv,System,13993,3,,,,,,,,,,,,,,,,,,,,,,,,,,,,,,,,,,,,,,,,,,,,,,,,,,,,,,,,,,,,,,,,,,,,,,,,,,,,,,,,,,,,,,,,,,,,,,,,,,,,,,,,,,,,,,,,,,,,,,,,,,,,,,,,,,,,,,,,,,,,,,,,,
2026-09-02T00:00:18.778616Z,"{'#attributes': {'Qualifiers': 16384}, '#text': 7036}",dc.scaffold.htb,Service Control Manager,System,13994,4,,,,,,4D005300530051004C002400530051004C0045005800500052004500530053002F0034000000,,,,,,,,,,,,,,,,,,,,,,,,,,,,,,,,,,,,,,,,,,,,,,,,,,,,,,,,,,,,,,,,,,,,,,,,,,,,,,,,,,,,,,,,,,,,,,,,,,,,,,,,,,,,,,,,,,,,,,,,,,,MSSQL$SQLEXPRESS,,,running,,,,,,,,,,,,,
2026-09-02T00:00:21.691989Z,16,dc.scaffold.htb,Microsoft-Windows-Kernel-General,System,13995,4,,,,,,,,,,,,,,,,,,,,,,,,,,,,,,,,,,,,,0,,,,,,,,,,,,,,,,,,\??\C:\RemoteInstall\Tmp\x86{E68D5F6B-BD75-4C63-AD31-CCE375705CFE}.bcd,70,,,,,0,,,,,,,,,,,,,,,,,,,,,,,,,,,,,,,,,,,,,,,,,,,,,,,,,,,,,,,,,,,,,,,,,,,,,,,,,,,,,,,,,,,,
2026-09-02T00:00:21.797389Z,16,dc.scaffold.htb,Microsoft-Windows-Kernel-General,System,13996,4,,,,,,,,,,,,,,,,,,,,,,,,,,,,,,,,,,,,,0,,,,,,,,,,,,,,,,,,\??\C:\RemoteInstall\Tmp\x64{C79CDFFD-12A9-4C8A-A6C4-C4C414B2618E}.bcd,70,,,,,0,,,,,,,,,,,,,,,,,,,,,,,,,,,,,,,,,,,,,,,,,,,,,,,,,,,,,,,,,,,,,,,,,,,,,,,,,,,,,,,,,,,,
2026-09-02T00:00:21.903840Z,16,dc.scaffold.htb,Microsoft-Windows-Kernel-General,System,13997,4,,,,,,,,,,,,,,,,,,,,,,,,,,,,,,,,,,,,,0,,,,,,,,,,,,,,,,,,\??\C:\RemoteInstall\Tmp\arm64{8D3A659B-063B-4EA7-9A09-7CE9FFBA32DE}.bcd,72,,,,,0,,,,,,,,,,,,,,,,,,,,,,,,,,,,,,,,,,,,,,,,,,,,,,,,,,,,,,,,,,,,,,,,,,,,,,,,,,,,,,,,,,,,
2026-09-02T00:00:21.941505Z,16,dc.scaffold.htb,Microsoft-Windows-Kernel-General,System,13998,4,,,,,,,,,,,,,,,,,,,,,,,,,,,,,,,,,,,,,0,,,,,,,,,,,,,,,,,,\??\C:\RemoteInstall\Tmp\x86x64{92AB72C7-11D5-4ACD-A8BF-EA685797879C}.bcd,73,,,,,0,,,,,,,,,,,,,,,,,,,,,,,,,,,,,,,,,,,,,,,,,,,,,,,,,,,,,,,,,,,,,,,,,,,,,,,,,,,,,,,,,,,,
2026-09-02T00:00:22.070066Z,16,dc.scaffold.htb,Microsoft-Windows-Kernel-General,System,13999,4,,,,,,,,,,,,,,,,,,,,,,,,,,,,,,,,,,,,,0,,,,,,,,,,,,,,,,,,\??\C:\RemoteInstall\Tmp\arm{37643818-D836-4998-A711-6AE8094031F6}.bcd,70,,,,,0,,,,,,,,,,,,,,,,,,,,,,,,,,,,,,,,,,,,,,,,,,,,,,,,,,,,,,,,,,,,,,,,,,,,,,,,,,,,,,,,,,,,
2026-09-02T00:00:22.100851Z,16,dc.scaffold.htb,Microsoft-Windows-Kernel-General,System,14000,4,,,,,,,,,,,,,,,,,,,,,,,,,,,,,,,,,,,,,0,,,,,,,,,,,,,,,,,,\??\C:\RemoteInstall\Tmp\x86uefi{CB2D530B-17BB-40B5-B092-C446AD1A2343}.bcd,74,,,,,0,,,,,,,,,,,,,,,,,,,,,,,,,,,,,,,,,,,,,,,,,,,,,,,,,,,,,,,,,,,,,,,,,,,,,,,,,,,,,,,,,,,,
2026-09-02T00:00:22.199016Z,16,dc.scaffold.htb,Microsoft-Windows-Kernel-General,System,14001,4,,,,,,,,,,,,,,,,,,,,,,,,,,,,,,,,,,,,,0,,,,,,,,,,,,,,,,,,\??\C:\RemoteInstall\Tmp\x64uefi{A22C20F5-03AB-4055-AAB2-B8799317B3BB}.bcd,74,,,,,0,,,,,,,,,,,,,,,,,,,,,,,,,,,,,,,,,,,,,,,,,,,,,,,,,,,,,,,,,,,,,,,,,,,,,,,,,,,,,,,,,,,,
2026-09-02T00:00:22.387992Z,"{'#attributes': {'Qualifiers': 16384}, '#text': 7036}",dc.scaffold.htb,Service Control Manager,System,14002,4,,,,,,5700440053005300650072007600650072002F0034000000,,,,,,,,,,,,,,,,,,,,,,,,,,,,,,,,,,,,,,,,,,,,,,,,,,,,,,,,,,,,,,,,,,,,,,,,,,,,,,,,,,,,,,,,,,,,,,,,,,,,,,,,,,,,,,,,,,,,,,,,,,,WDSServer,,,running,,,,,,,,,,,,,
2026-09-02T00:00:30.716128Z,"{'#attributes': {'Qualifiers': 16384}, '#text': 7036}",dc.scaffold.htb,Service Control Manager,System,14003,4,,,,,,4E0065007400530065007400750070005300760063002F0034000000,,,,,,,,,,,,,,,,,,,,,,,,,,,,,,,,,,,,,,,,,,,,,,,,,,,,,,,,,,,,,,,,,,,,,,,,,,,,,,,,,,,,,,,,,,,,,,,,,,,,,,,,,,,,,,,,,,,,,,,,,,,Network Setup Service,,,running,,,,,,,,,,,,,
2026-09-02T00:00:33.372914Z,1014,dc.scaffold.htb,Microsoft-Windows-DNS-Client,System,14004,3,,020000007F000001000000000000000000000000000000000000000000000000000000000000000000000000000000000000000000000000000000000000000000000000000000000000000000000000000000000000000000000000000000000000000000000000000000000000000000000000000000000000000000000000,128,,,,,,,,,,,,,,,,,,,,,,,,,,,,,,,,,,,,,,,,,,,,,,,,,,,,,,,,,,,,,,,,,,,,,,,,,,,,,,,,,,,,,,,,,,,,v20.events.data.microsoft.com,,,,,,,,,,,,,,,,,,,,,,,,,,,,,,,,,,,,,,,,,,,,,,,,,,
2026-09-02T00:00:38.872364Z,"{'#attributes': {'Qualifiers': 16384}, '#text': 7036}",dc.scaffold.htb,Service Control Manager,System,14005,4,,,,,,4E00630061005300760063002F0031000000,,,,,,,,,,,,,,,,,,,,,,,,,,,,,,,,,,,,,,,,,,,,,,,,,,,,,,,,,,,,,,,,,,,,,,,,,,,,,,,,,,,,,,,,,,,,,,,,,,,,,,,,,,,,,,,,,,,,,,,,,,,Network Connectivity Assistant,,,stopped,,,,,,,,,,,,,
2026-09-02T00:00:38.997364Z,"{'#attributes': {'Qualifiers': 16384}, '#text': 7036}",dc.scaffold.htb,Service Control Manager,System,14006,4,,,,,,57006100610053004D0065006400690063005300760063002F0034000000,,,,,,,,,,,,,,,,,,,,,,,,,,,,,,,,,,,,,,,,,,,,,,,,,,,,,,,,,,,,,,,,,,,,,,,,,,,,,,,,,,,,,,,,,,,,,,,,,,,,,,,,,,,,,,,,,,,,,,,,,,,Windows Update Medic Service,,,running,,,,,,,,,,,,,
2026-09-02T00:00:39.012996Z,"{'#attributes': {'Qualifiers': 16384}, '#text': 7036}",dc.scaffold.htb,Service Control Manager,System,14007,4,,,,,,44006F005300760063002F0034000000,,,,,,,,,,,,,,,,,,,,,,,,,,,,,,,,,,,,,,,,,,,,,,,,,,,,,,,,,,,,,,,,,,,,,,,,,,,,,,,,,,,,,,,,,,,,,,,,,,,,,,,,,,,,,,,,,,,,,,,,,,,Delivery Optimization,,,running,,,,,,,,,,,,,
2026-09-02T00:00:39.153618Z,"{'#attributes': {'Qualifiers': 16384}, '#text': 7036}",dc.scaffold.htb,Service Control Manager,System,14008,4,,,,,,530074006F0072005300760063002F0034000000,,,,,,,,,,,,,,,,,,,,,,,,,,,,,,,,,,,,,,,,,,,,,,,,,,,,,,,,,,,,,,,,,,,,,,,,,,,,,,,,,,,,,,,,,,,,,,,,,,,,,,,,,,,,,,,,,,,,,,,,,,,Storage Service,,,running,,,,,,,,,,,,,
2026-09-02T00:00:39.309866Z,"{'#attributes': {'Qualifiers': 16384}, '#text': 7036}",dc.scaffold.htb,Service Control Manager,System,14009,4,,,,,,44006F005300760063002F0031000000,,,,,,,,,,,,,,,,,,,,,,,,,,,,,,,,,,,,,,,,,,,,,,,,,,,,,,,,,,,,,,,,,,,,,,,,,,,,,,,,,,,,,,,,,,,,,,,,,,,,,,,,,,,,,,,,,,,,,,,,,,,Delivery Optimization,,,stopped,,,,,,,,,,,,,
2026-09-02T00:00:39.341115Z,"{'#attributes': {'Qualifiers': 16384}, '#text': 7036}",dc.scaffold.htb,Service Control Manager,System,14010,4,,,,,,41007000700058005300760063002F0034000000,,,,,,,,,,,,,,,,,,,,,,,,,,,,,,,,,,,,,,,,,,,,,,,,,,,,,,,,,,,,,,,,,,,,,,,,,,,,,,,,,,,,,,,,,,,,,,,,,,,,,,,,,,,,,,,,,,,,,,,,,,,AppX Deployment Service (AppXSVC),,,running,,,,,,,,,,,,,
2026-09-02T00:00:39.387994Z,"{'#attributes': {'Qualifiers': 16384}, '#text': 7036}",dc.scaffold.htb,Service Control Manager,System,14011,4,,,,,,43006C00690070005300560043002F0034000000,,,,,,,,,,,,,,,,,,,,,,,,,,,,,,,,,,,,,,,,,,,,,,,,,,,,,,,,,,,,,,,,,,,,,,,,,,,,,,,,,,,,,,,,,,,,,,,,,,,,,,,,,,,,,,,,,,,,,,,,,,,Client License Service (ClipSVC),,,running,,,,,,,,,,,,,
2026-09-02T00:01:02.441896Z,16,dc.scaffold.htb,Microsoft-Windows-Kernel-General,System,14012,4,,,,,,,,,,,,,,,,,,,,,,,,,,,,,,,,,,,,,1,,,,,,,,,,,,,,,,,,\??\C:\Windows\system32\config\ELAM,35,,,,,1,,,,,,,,,,,,,,,,,,,,,,,,,,,,,,,,,,,,,,,,,,,,,,,,,,,,,,,,,,,,,,,,,,,,,,,,,,,,,,,,,,,,
2026-09-02T00:01:02.566773Z,12,dc.scaffold.htb,Microsoft-Windows-UserModePowerService,System,14013,4,,,,,,,,,,,,,,,,,,,,,,,,,,,,,,,,,,,,,,,,,,,,,,,,,,,,,,,,,,,,,,,,,,,,,,,,,,,8C5E7FDA-E8BF-4A96-9A85-A6E23A8C635C,,,,,,,,381B4222-F694-41F0-9685-FF5BB260DF2E,,,,,,C:\Windows\System32\powercfg.exe,1616,,,,,,,,,,,,,,,,,,,,,,,,,,,,,,,,,,,,,,,,,,,,,,,,,,,,,,,
2026-09-02T00:01:02.757217Z,12,dc.scaffold.htb,Microsoft-Windows-UserModePowerService,System,14014,4,,,,,,,,,,,,,,,,,,,,,,,,,,,,,,,,,,,,,,,,,,,,,,,,,,,,,,,,,,,,,,,,,,,,,,,,,,,8C5E7FDA-E8BF-4A96-9A85-A6E23A8C635C,,,,,,,,8C5E7FDA-E8BF-4A96-9A85-A6E23A8C635C,,,,,,C:\Windows\System32\powercfg.exe,1684,,,,,,,,,,,,,,,,,,,,,,,,,,,,,,,,,,,,,,,,,,,,,,,,,,,,,,,
2026-09-02T00:01:02.793618Z,12,dc.scaffold.htb,Microsoft-Windows-UserModePowerService,System,14015,4,,,,,,,,,,,,,,,,,,,,,,,,,,,,,,,,,,,,,,,,,,,,,,,,,,,,,,,,,,,,,,,,,,,,,,,,,,,8C5E7FDA-E8BF-4A96-9A85-A6E23A8C635C,,,,,,,,8C5E7FDA-E8BF-4A96-9A85-A6E23A8C635C,,,,,,C:\Windows\System32\powercfg.exe,2052,,,,,,,,,,,,,,,,,,,,,,,,,,,,,,,,,,,,,,,,,,,,,,,,,,,,,,,
2026-09-02T00:01:02.831655Z,12,dc.scaffold.htb,Microsoft-Windows-UserModePowerService,System,14016,4,,,,,,,,,,,,,,,,,,,,,,,,,,,,,,,,,,,,,,,,,,,,,,,,,,,,,,,,,,,,,,,,,,,,,,,,,,,8C5E7FDA-E8BF-4A96-9A85-A6E23A8C635C,,,,,,,,8C5E7FDA-E8BF-4A96-9A85-A6E23A8C635C,,,,,,C:\Windows\System32\powercfg.exe,1640,,,,,,,,,,,,,,,,,,,,,,,,,,,,,,,,,,,,,,,,,,,,,,,,,,,,,,,
2026-09-02T00:01:03.051884Z,12,dc.scaffold.htb,Microsoft-Windows-UserModePowerService,System,14017,4,,,,,,,,,,,,,,,,,,,,,,,,,,,,,,,,,,,,,,,,,,,,,,,,,,,,,,,,,,,,,,,,,,,,,,,,,,,8C5E7FDA-E8BF-4A96-9A85-A6E23A8C635C,,,,,,,,8C5E7FDA-E8BF-4A96-9A85-A6E23A8C635C,,,,,,C:\Windows\System32\powercfg.exe,1628,,,,,,,,,,,,,,,,,,,,,,,,,,,,,,,,,,,,,,,,,,,,,,,,,,,,,,,
2026-09-02T00:01:05.133017Z,1502,dc.scaffold.htb,Microsoft-Windows-GroupPolicy,System,14018,4,,,,,,,,,,,,,,,,,,,,,\\dc.scaffold.htb,,,,,,,,,,,,,,,,,,,,,,,,,,,,,,,,,,,,,,,,,,,,,,,,,,,,,,,,,,,,4,,,,,,,,,,0,812,,,,,,,,,,,,,,,,,,,,1,4195,,,,,,,,,,,,,,,,,,,,,,,,,,,,,,,,
2026-09-02T00:01:05.184866Z,"{'#attributes': {'Qualifiers': 16384}, '#text': 7036}",dc.scaffold.htb,Service Control Manager,System,14019,4,,,,,,4E00630061005300760063002F0031000000,,,,,,,,,,,,,,,,,,,,,,,,,,,,,,,,,,,,,,,,,,,,,,,,,,,,,,,,,,,,,,,,,,,,,,,,,,,,,,,,,,,,,,,,,,,,,,,,,,,,,,,,,,,,,,,,,,,,,,,,,,,Network Connectivity Assistant,,,stopped,,,,,,,,,,,,,
2026-09-02T00:01:05.200491Z,"{'#attributes': {'Qualifiers': 16384}, '#text': 7036}",dc.scaffold.htb,Service Control Manager,System,14020,4,,,,,,44006F005300760063002F0034000000,,,,,,,,,,,,,,,,,,,,,,,,,,,,,,,,,,,,,,,,,,,,,,,,,,,,,,,,,,,,,,,,,,,,,,,,,,,,,,,,,,,,,,,,,,,,,,,,,,,,,,,,,,,,,,,,,,,,,,,,,,,Delivery Optimization,,,running,,,,,,,,,,,,,
2026-09-02T00:01:05.419239Z,"{'#attributes': {'Qualifiers': 16384}, '#text': 7036}",dc.scaffold.htb,Service Control Manager,System,14021,4,,,,,,44006F005300760063002F0031000000,,,,,,,,,,,,,,,,,,,,,,,,,,,,,,,,,,,,,,,,,,,,,,,,,,,,,,,,,,,,,,,,,,,,,,,,,,,,,,,,,,,,,,,,,,,,,,,,,,,,,,,,,,,,,,,,,,,,,,,,,,,Delivery Optimization,,,stopped,,,,,,,,,,,,,
2026-09-02T00:01:05.887989Z,"{'#attributes': {'Qualifiers': 16384}, '#text': 7040}",dc.scaffold.htb,Service Control Manager,System,14022,4,,,,,,,,,,,,,,,,,,,,,,,,,,,,,,,,,,,,,,,,,,,,,,,,,,,,,,,,,,,,,,,,,,,,,,,,,,,,,,,,,,,,,,,,,,,,,,,,,,,,,,,,,,,,,,,,,,,,,,,,,,,,,,,,,Microsoft Defender Antivirus Service,,,auto start,demand start,WinDefend,,,,,,,,,,,
2026-09-02T00:01:06.841155Z,"{'#attributes': {'Qualifiers': 16384}, '#text': 7036}",dc.scaffold.htb,Service Control Manager,System,14023,4,,,,,,4D00440043006F00720065005300760063002F0031000000,,,,,,,,,,,,,,,,,,,,,,,,,,,,,,,,,,,,,,,,,,,,,,,,,,,,,,,,,,,,,,,,,,,,,,,,,,,,,,,,,,,,,,,,,,,,,,,,,,,,,,,,,,,,,,,,,,,,,,,,,,,Microsoft Defender Core Service,,,stopped,,,,,,,,,,,,,
2026-09-02T00:01:06.841155Z,"{'#attributes': {'Qualifiers': 16384}, '#text': 7040}",dc.scaffold.htb,Service Control Manager,System,14024,4,,,,,,,,,,,,,,,,,,,,,,,,,,,,,,,,,,,,,,,,,,,,,,,,,,,,,,,,,,,,,,,,,,,,,,,,,,,,,,,,,,,,,,,,,,,,,,,,,,,,,,,,,,,,,,,,,,,,,,,,,,,,,,,,,Microsoft Defender Core Service,,,auto start,demand start,MDCoreSvc,,,,,,,,,,,
2026-09-02T00:01:06.919532Z,1014,dc.scaffold.htb,Microsoft-Windows-DNS-Client,System,14025,3,,020000007F000001000000000000000000000000000000000000000000000000000000000000000000000000000000000000000000000000000000000000000000000000000000000000000000000000000000000000000000000000000000000000000000000000000000000000000000000000000000000000000000000000,128,,,,,,,,,,,,,,,,,,,,,,,,,,,,,,,,,,,,,,,,,,,,,,,,,,,,,,,,,,,,,,,,,,,,,,,,,,,,,,,,,,,,,,,,,,,,mobile.events.data.microsoft.com,,,,,,,,,,,,,,,,,,,,,,,,,,,,,,,,,,,,,,,,,,,,,,,,,,
2026-09-02T00:01:09.466117Z,"{'#attributes': {'Qualifiers': 16384}, '#text': 7036}",dc.scaffold.htb,Service Control Manager,System,14026,4,,,,,,570069006E0044006500660065006E0064002F0031000000,,,,,,,,,,,,,,,,,,,,,,,,,,,,,,,,,,,,,,,,,,,,,,,,,,,,,,,,,,,,,,,,,,,,,,,,,,,,,,,,,,,,,,,,,,,,,,,,,,,,,,,,,,,,,,,,,,,,,,,,,,,Microsoft Defender Antivirus Service,,,stopped,,,,,,,,,,,,,
2026-09-02T00:01:09.466117Z,"{'#attributes': {'Qualifiers': 16384}, '#text': 7040}",dc.scaffold.htb,Service Control Manager,System,14027,4,,,,,,,,,,,,,,,,,,,,,,,,,,,,,,,,,,,,,,,,,,,,,,,,,,,,,,,,,,,,,,,,,,,,,,,,,,,,,,,,,,,,,,,,,,,,,,,,,,,,,,,,,,,,,,,,,,,,,,,,,,,,,,,,,Microsoft Defender Antivirus Boot Driver,,,boot start,demand start,WdBoot,,,,,,,,,,,
2026-09-02T00:01:09.516193Z,1,dc.scaffold.htb,Microsoft-Windows-FilterManager,System,14028,4,,,,,,,,,,,,,,,,,,,,,,,,,,,,,,,WdFilter,8,,2036-01-26T02:33:35.000000Z,10,0,,,,,,,,,,,,,,,,0x0,,,,,,,,,,,,,,,,,,,,,,,,,,,,,,,,,,,,,,,,,,,,,,,,,,,,,,,,,,,,,,,,,,,,,,,,,,,,,,,,,,,,,,,,,,,,,
2026-09-02T00:01:09.512990Z,"{'#attributes': {'Qualifiers': 16384}, '#text': 7040}",dc.scaffold.htb,Service Control Manager,System,14029,4,,,,,,,,,,,,,,,,,,,,,,,,,,,,,,,,,,,,,,,,,,,,,,,,,,,,,,,,,,,,,,,,,,,,,,,,,,,,,,,,,,,,,,,,,,,,,,,,,,,,,,,,,,,,,,,,,,,,,,,,,,,,,,,,,Microsoft Defender Antivirus Mini-Filter Driver,,,boot start,demand start,WdFilter,,,,,,,,,,,
2026-09-02T00:01:15.247370Z,104,dc.scaffold.htb,Microsoft-Windows-Eventlog,Windows PowerShell,14030,4,,,,,,,,,,,,,,,,,,,,,,,,,,,,,,,,,,,,,,,,,,,,,,,,,,,,,,,,,,,,,,,,,,,,,,,,,,,,,,,,,,,,,,,,,,,,,,,,,,,,,,,,,,,,,,SCAFFOLD,Administrator,,,,,,,,,,,,,,,http://manifests.microsoft.com/win/2004/08/windows/eventlog,,,,,,,,,,,,,,,,,,,
2026-09-02T00:01:15.290846Z,23,dc.scaffold.htb,Microsoft-Windows-Eventlog,System,14031,2,,,,,,,,,,,,,Microsoft-Windows-PowerShell/Admin,,,,,,,,,,,,,,,,,,,,,,,,,,,,,,,,,,,5,,,,,,,,,,,,,,,,,,,,,,,,,,,,,,,,,,,,,,,,,,,,,,,,,,,,,,,,,,,,,,,,,,,,,,,,,,,,,,http://manifests.microsoft.com/win/2004/08/windows/eventlog,,,,,,,,,,,,,,,,,,,
2026-09-02T00:01:15.326502Z,23,dc.scaffold.htb,Microsoft-Windows-Eventlog,System,14032,2,,,,,,,,,,,,,Microsoft-Windows-PowerShell/Operational,,,,,,,,,,,,,,,,,,,,,,,,,,,,,,,,,,,5,,,,,,,,,,,,,,,,,,,,,,,,,,,,,,,,,,,,,,,,,,,,,,,,,,,,,,,,,,,,,,,,,,,,,,,,,,,,,,http://manifests.microsoft.com/win/2004/08/windows/eventlog,,,,,,,,,,,,,,,,,,,
