2026-09-02T03:27:14.212476Z,6,dc.scaffold.htb,Microsoft-Windows-FilterManager,System,15262,4,,,,,,,,,,,,,,,,,,,,,,,,,,,,,,,wcifs,5,,2088-12-15T04:51:43.000000Z,10,0,,,,,,,,,,,,,,,,0x0,,,,,,,,,,,,,,,,,,,,,,,,,,,,,,,,,,,,,,,,,,,,,,,,,,,,,,,,,,,,,,,,,,,,,,,,,,,,,,,,,,,,,,,,,,,,,
2026-09-02T03:27:14.216125Z,"{'#attributes': {'Qualifiers': 16384}, '#text': 7036}",dc.scaffold.htb,Service Control Manager,System,15263,4,,,,,,44006E007300630061006300680065002F0034000000,,,,,,,,,,,,,,,,,,,,,,,,,,,,,,,,,,,,,,,,,,,,,,,,,,,,,,,,,,,,,,,,,,,,,,,,,,,,,,,,,,,,,,,,,,,,,,,,,,,,,,,,,,,,,,,,,,,,,,,,,,,Dnscache,,,running,,,,,,,,,,,,,
2026-09-02T03:27:14.255367Z,6,dc.scaffold.htb,Microsoft-Windows-FilterManager,System,15264,4,,,,,,,,,,,,,,,,,,,,,,,,,,,,,,,luafv,5,,2068-10-11T15:22:37.000000Z,10,0,,,,,,,,,,,,,,,,0x0,,,,,,,,,,,,,,,,,,,,,,,,,,,,,,,,,,,,,,,,,,,,,,,,,,,,,,,,,,,,,,,,,,,,,,,,,,,,,,,,,,,,,,,,,,,,,
2026-09-02T03:27:14.280560Z,6,dc.scaffold.htb,Microsoft-Windows-FilterManager,System,15265,4,,,,,,,,,,,,,,,,,,,,,,,,,,,,,,,CldFlt,6,,2074-11-09T08:03:12.000000Z,10,0,,,,,,,,,,,,,,,,0x0,,,,,,,,,,,,,,,,,,,,,,,,,,,,,,,,,,,,,,,,,,,,,,,,,,,,,,,,,,,,,,,,,,,,,,,,,,,,,,,,,,,,,,,,,,,,,
2026-09-02T03:27:14.280574Z,1,dc.scaffold.htb,Microsoft-Windows-FilterManager,System,15266,4,,,,,,,,,,,,,,,,,,,,,,,,,,,,,,,CldFlt,6,,2074-11-09T08:03:12.000000Z,10,0,,,,,,,,,,,,,,,,0x0,,,,,,,,,,,,,,,,,,,,,,,,,,,,,,,,,,,,,,,,,,,,,,,,,,,,,,,,,,,,,,,,,,,,,,,,,,,,,,,,,,,,,,,,,,,,,
2026-09-02T03:27:14.280641Z,6,dc.scaffold.htb,Microsoft-Windows-FilterManager,System,15267,4,,,,,,,,,,,,,,,,,,,,,,,,,,,,,,,CldFlt,6,,2074-11-09T08:03:12.000000Z,10,0,,,,,,,,,,,,,,,,0x0,,,,,,,,,,,,,,,,,,,,,,,,,,,,,,,,,,,,,,,,,,,,,,,,,,,,,,,,,,,,,,,,,,,,,,,,,,,,,,,,,,,,,,,,,,,,,
2026-09-02T03:27:14.285673Z,6,dc.scaffold.htb,Microsoft-Windows-FilterManager,System,15268,4,,,,,,,,,,,,,,,,,,,,,,,,,,,,,,,storqosflt,10,,2051-09-21T05:40:20.000000Z,10,0,,,,,,,,,,,,,,,,0x0,,,,,,,,,,,,,,,,,,,,,,,,,,,,,,,,,,,,,,,,,,,,,,,,,,,,,,,,,,,,,,,,,,,,,,,,,,,,,,,,,,,,,,,,,,,,,
2026-09-02T03:27:14.278621Z,"{'#attributes': {'Qualifiers': 16384}, '#text': 7036}",dc.scaffold.htb,Service Control Manager,System,15269,4,,,,,,57005000440042007500730045006E0075006D002F0034000000,,,,,,,,,,,,,,,,,,,,,,,,,,,,,,,,,,,,,,,,,,,,,,,,,,,,,,,,,,,,,,,,,,,,,,,,,,,,,,,,,,,,,,,,,,,,,,,,,,,,,,,,,,,,,,,,,,,,,,,,,,,WPDBusEnum,,,running,,,,,,,,,,,,,
2026-09-02T03:27:14.296549Z,6,dc.scaffold.htb,Microsoft-Windows-FilterManager,System,15270,4,,,,,,,,,,,,,,,,,,,,,,,,,,,,,,,bindflt,7,,2051-03-03T20:45:47.000000Z,10,0,,,,,,,,,,,,,,,,0x0,,,,,,,,,,,,,,,,,,,,,,,,,,,,,,,,,,,,,,,,,,,,,,,,,,,,,,,,,,,,,,,,,,,,,,,,,,,,,,,,,,,,,,,,,,,,,
2026-09-02T03:27:14.309872Z,"{'#attributes': {'Qualifiers': 16384}, '#text': 7036}",dc.scaffold.htb,Service Control Manager,System,15271,4,,,,,,4500760065006E0074004C006F0067002F0034000000,,,,,,,,,,,,,,,,,,,,,,,,,,,,,,,,,,,,,,,,,,,,,,,,,,,,,,,,,,,,,,,,,,,,,,,,,,,,,,,,,,,,,,,,,,,,,,,,,,,,,,,,,,,,,,,,,,,,,,,,,,,EventLog,,,running,,,,,,,,,,,,,
2026-09-02T03:27:14.325498Z,"{'#attributes': {'Qualifiers': 16384}, '#text': 7036}",dc.scaffold.htb,Service Control Manager,System,15272,4,,,,,,4E005400440053002F0034000000,,,,,,,,,,,,,,,,,,,,,,,,,,,,,,,,,,,,,,,,,,,,,,,,,,,,,,,,,,,,,,,,,,,,,,,,,,,,,,,,,,,,,,,,,,,,,,,,,,,,,,,,,,,,,,,,,,,,,,,,,,,NTDS,,,running,,,,,,,,,,,,,
2026-09-02T03:27:14.356749Z,"{'#attributes': {'Qualifiers': 16384}, '#text': 7036}",dc.scaffold.htb,Service Control Manager,System,15273,4,,,,,,5400680065006D00650073002F0034000000,,,,,,,,,,,,,,,,,,,,,,,,,,,,,,,,,,,,,,,,,,,,,,,,,,,,,,,,,,,,,,,,,,,,,,,,,,,,,,,,,,,,,,,,,,,,,,,,,,,,,,,,,,,,,,,,,,,,,,,,,,,Themes,,,running,,,,,,,,,,,,,
2026-09-02T03:27:14.372372Z,"{'#attributes': {'Qualifiers': 16384}, '#text': 7036}",dc.scaffold.htb,Service Control Manager,System,15274,4,,,,,,4500760065006E007400530079007300740065006D002F0034000000,,,,,,,,,,,,,,,,,,,,,,,,,,,,,,,,,,,,,,,,,,,,,,,,,,,,,,,,,,,,,,,,,,,,,,,,,,,,,,,,,,,,,,,,,,,,,,,,,,,,,,,,,,,,,,,,,,,,,,,,,,,EventSystem,,,running,,,,,,,,,,,,,
2026-09-02T03:27:14.387995Z,"{'#attributes': {'Qualifiers': 16384}, '#text': 7036}",dc.scaffold.htb,Service Control Manager,System,15275,4,,,,,,500072006F0066005300760063002F0034000000,,,,,,,,,,,,,,,,,,,,,,,,,,,,,,,,,,,,,,,,,,,,,,,,,,,,,,,,,,,,,,,,,,,,,,,,,,,,,,,,,,,,,,,,,,,,,,,,,,,,,,,,,,,,,,,,,,,,,,,,,,,ProfSvc,,,running,,,,,,,,,,,,,
2026-09-02T03:27:14.403620Z,"{'#attributes': {'Qualifiers': 16384}, '#text': 7036}",dc.scaffold.htb,Service Control Manager,System,15276,4,,,,,,670070007300760063002F0034000000,,,,,,,,,,,,,,,,,,,,,,,,,,,,,,,,,,,,,,,,,,,,,,,,,,,,,,,,,,,,,,,,,,,,,,,,,,,,,,,,,,,,,,,,,,,,,,,,,,,,,,,,,,,,,,,,,,,,,,,,,,,gpsvc,,,running,,,,,,,,,,,,,
2026-09-02T03:27:14.403620Z,"{'#attributes': {'Qualifiers': 16384}, '#text': 7036}",dc.scaffold.htb,Service Control Manager,System,15277,4,,,,,,530045004E0053002F0034000000,,,,,,,,,,,,,,,,,,,,,,,,,,,,,,,,,,,,,,,,,,,,,,,,,,,,,,,,,,,,,,,,,,,,,,,,,,,,,,,,,,,,,,,,,,,,,,,,,,,,,,,,,,,,,,,,,,,,,,,,,,,SENS,,,running,,,,,,,,,,,,,
2026-09-02T03:27:14.419245Z,"{'#attributes': {'Qualifiers': 16384}, '#text': 7036}",dc.scaffold.htb,Service Control Manager,System,15278,4,,,,,,4200460045002F0034000000,,,,,,,,,,,,,,,,,,,,,,,,,,,,,,,,,,,,,,,,,,,,,,,,,,,,,,,,,,,,,,,,,,,,,,,,,,,,,,,,,,,,,,,,,,,,,,,,,,,,,,,,,,,,,,,,,,,,,,,,,,,BFE,,,running,,,,,,,,,,,,,
2026-09-02T03:27:14.466124Z,"{'#attributes': {'Qualifiers': 16384}, '#text': 7036}",dc.scaffold.htb,Service Control Manager,System,15279,4,,,,,,4E006C0061005300760063002F0034000000,,,,,,,,,,,,,,,,,,,,,,,,,,,,,,,,,,,,,,,,,,,,,,,,,,,,,,,,,,,,,,,,,,,,,,,,,,,,,,,,,,,,,,,,,,,,,,,,,,,,,,,,,,,,,,,,,,,,,,,,,,,NlaSvc,,,running,,,,,,,,,,,,,
2026-09-02T03:27:14.542120Z,23,dc.scaffold.htb,Microsoft-Windows-Eventlog,System,15280,2,,,,,,,,,,,,,Windows PowerShell,,,,,,,,,,,,,,,,,,,,,,,,,,,,,,,,,,,5,,,,,,,,,,,,,,,,,,,,,,,,,,,,,,,,,,,,,,,,,,,,,,,,,,,,,,,,,,,,,,,,,,,,,,,,,,,,,,http://manifests.microsoft.com/win/2004/08/windows/eventlog,,,,,,,,,,,,,,,,,,,
2026-09-02T03:27:14.559872Z,"{'#attributes': {'Qualifiers': 16384}, '#text': 7036}",dc.scaffold.htb,Service Control Manager,System,15281,4,,,,,,5300680065006C006C004800570044006500740065006300740069006F006E002F0034000000,,,,,,,,,,,,,,,,,,,,,,,,,,,,,,,,,,,,,,,,,,,,,,,,,,,,,,,,,,,,,,,,,,,,,,,,,,,,,,,,,,,,,,,,,,,,,,,,,,,,,,,,,,,,,,,,,,,,,,,,,,,ShellHWDetection,,,running,,,,,,,,,,,,,
2026-09-02T03:27:14.559872Z,"{'#attributes': {'Qualifiers': 16384}, '#text': 7036}",dc.scaffold.htb,Service Control Manager,System,15282,4,,,,,,570069006E0048007400740070004100750074006F00500072006F00780079005300760063002F0034000000,,,,,,,,,,,,,,,,,,,,,,,,,,,,,,,,,,,,,,,,,,,,,,,,,,,,,,,,,,,,,,,,,,,,,,,,,,,,,,,,,,,,,,,,,,,,,,,,,,,,,,,,,,,,,,,,,,,,,,,,,,,WinHttpAutoProxySvc,,,running,,,,,,,,,,,,,
2026-09-02T03:27:14.575500Z,"{'#attributes': {'Qualifiers': 16384}, '#text': 7036}",dc.scaffold.htb,Service Control Manager,System,15283,4,,,,,,46006F006E007400430061006300680065002F0034000000,,,,,,,,,,,,,,,,,,,,,,,,,,,,,,,,,,,,,,,,,,,,,,,,,,,,,,,,,,,,,,,,,,,,,,,,,,,,,,,,,,,,,,,,,,,,,,,,,,,,,,,,,,,,,,,,,,,,,,,,,,,FontCache,,,running,,,,,,,,,,,,,
2026-09-02T03:27:14.638000Z,"{'#attributes': {'Qualifiers': 16384}, '#text': 7036}",dc.scaffold.htb,Service Control Manager,System,15284,4,,,,,,50006F006C006900630079004100670065006E0074002F0034000000,,,,,,,,,,,,,,,,,,,,,,,,,,,,,,,,,,,,,,,,,,,,,,,,,,,,,,,,,,,,,,,,,,,,,,,,,,,,,,,,,,,,,,,,,,,,,,,,,,,,,,,,,,,,,,,,,,,,,,,,,,,PolicyAgent,,,running,,,,,,,,,,,,,
2026-09-02T03:27:14.653623Z,"{'#attributes': {'Qualifiers': 16384}, '#text': 7036}",dc.scaffold.htb,Service Control Manager,System,15285,4,,,,,,49004B0045004500580054002F0034000000,,,,,,,,,,,,,,,,,,,,,,,,,,,,,,,,,,,,,,,,,,,,,,,,,,,,,,,,,,,,,,,,,,,,,,,,,,,,,,,,,,,,,,,,,,,,,,,,,,,,,,,,,,,,,,,,,,,,,,,,,,,IKEEXT,,,running,,,,,,,,,,,,,
2026-09-02T03:27:14.653623Z,"{'#attributes': {'Qualifiers': 16384}, '#text': 7036}",dc.scaffold.htb,Service Control Manager,System,15286,4,,,,,,6E0065007400700072006F0066006D002F0034000000,,,,,,,,,,,,,,,,,,,,,,,,,,,,,,,,,,,,,,,,,,,,,,,,,,,,,,,,,,,,,,,,,,,,,,,,,,,,,,,,,,,,,,,,,,,,,,,,,,,,,,,,,,,,,,,,,,,,,,,,,,,netprofm,,,running,,,,,,,,,,,,,
2026-09-02T03:27:14.700499Z,"{'#attributes': {'Qualifiers': 16384}, '#text': 7036}",dc.scaffold.htb,Service Control Manager,System,15287,4,,,,,,4B00640063002F0034000000,,,,,,,,,,,,,,,,,,,,,,,,,,,,,,,,,,,,,,,,,,,,,,,,,,,,,,,,,,,,,,,,,,,,,,,,,,,,,,,,,,,,,,,,,,,,,,,,,,,,,,,,,,,,,,,,,,,,,,,,,,,Kdc,,,running,,,,,,,,,,,,,
2026-09-02T03:27:14.716122Z,"{'#attributes': {'Qualifiers': 16384}, '#text': 7036}",dc.scaffold.htb,Service Control Manager,System,15288,4,,,,,,4C0061006E006D0061006E0057006F0072006B00730074006100740069006F006E002F0034000000,,,,,,,,,,,,,,,,,,,,,,,,,,,,,,,,,,,,,,,,,,,,,,,,,,,,,,,,,,,,,,,,,,,,,,,,,,,,,,,,,,,,,,,,,,,,,,,,,,,,,,,,,,,,,,,,,,,,,,,,,,,LanmanWorkstation,,,running,,,,,,,,,,,,,
2026-09-02T03:27:14.716122Z,"{'#attributes': {'Qualifiers': 16384}, '#text': 7036}",dc.scaffold.htb,Service Control Manager,System,15289,4,,,,,,570063006D007300760063002F0034000000,,,,,,,,,,,,,,,,,,,,,,,,,,,,,,,,,,,,,,,,,,,,,,,,,,,,,,,,,,,,,,,,,,,,,,,,,,,,,,,,,,,,,,,,,,,,,,,,,,,,,,,,,,,,,,,,,,,,,,,,,,,Wcmsvc,,,running,,,,,,,,,,,,,
2026-09-02T03:27:14.716122Z,"{'#attributes': {'Qualifiers': 16384}, '#text': 7036}",dc.scaffold.htb,Service Control Manager,System,15290,4,,,,,,6900700068006C0070007300760063002F0034000000,,,,,,,,,,,,,,,,,,,,,,,,,,,,,,,,,,,,,,,,,,,,,,,,,,,,,,,,,,,,,,,,,,,,,,,,,,,,,,,,,,,,,,,,,,,,,,,,,,,,,,,,,,,,,,,,,,,,,,,,,,,iphlpsvc,,,running,,,,,,,,,,,,,
2026-09-02T03:27:14.731745Z,"{'#attributes': {'Qualifiers': 16384}, '#text': 7036}",dc.scaffold.htb,Service Control Manager,System,15291,4,,,,,,5300630068006500640075006C0065002F0034000000,,,,,,,,,,,,,,,,,,,,,,,,,,,,,,,,,,,,,,,,,,,,,,,,,,,,,,,,,,,,,,,,,,,,,,,,,,,,,,,,,,,,,,,,,,,,,,,,,,,,,,,,,,,,,,,,,,,,,,,,,,,Schedule,,,running,,,,,,,,,,,,,
2026-09-02T03:27:14.764279Z,36928,dc.scaffold.htb,Schannel,System,15292,2,,,,,,308205A33082048BA0030201020213260000002AE5B51D4D4886498700010000002A300D06092A864886F70D01010B0500304831133011060A0992268993F22C640119160368746231183016060A0992268993F22C640119160873636166666F6C64311730150603550403130E73636166666F6C642D44432D43413020170D3236303930313233353135325A180F32313036303930313233353135325A300030820122300D06092A864886F70D01010105000382010F003082010A0282010100DE0E8E46E189A000804BADF4FD16942213664A42F316E04C088B626E07A7512619E29F0ACC83C2914AA62C767A901A2DD352C94F28B4306668C5A51DAAE9C6DA46BD467DEF11217D3109B15702019929C263F9D7DBF64C29F386B616DA95370D7B69B7FBFA692C2C28E0B6BEEDF0F285F41B7E19771F87F3CB8F5EEC2E112C3F2738A0F05EA3DB478733D3EB509C804159736B2A4C8445A815E8D4BBE3F93CBDD24039949797B2DDA1FE42F6DD3CFEB1DF2FBA58233A4A278B399354AFA99837B759D3DAC760588E8C150D1F1A11ED405434425E383ABB72EA1DC4F1D731345E90D6A9CE46EC9F6C18DFC5D279A42CF467EACAE17AE4AD019E5E42F710FCFA950203010001A38202CA308202C6303506092B060104018237150704283026061E2B060104018237150887B0D65FFCE71C82C58909A0AB1084E7C37456012102016E02010030320603551D25042B302906082B0601050507030206082B06010505070301060A2B06010401823714020206072B060105020305300E0603551D0F0101FF0404030205A0304006092B060104018237150A04333031300A06082B06010505070302300A06082B06010505070301300C060A2B060104018237140202300906072B060105020305301D0603551D0E041604148A7C6F697993DEAFF8B64ED7A0CBE97A60050AA0301F0603551D2304183016801438203AC1F59F6DC9201146558CA2E6CF19057E3E3081CB0603551D1F0481C33081C03081BDA081BAA081B78681B46C6461703A2F2F2F434E3D73636166666F6C642D44432D43412831292C434E3D64632C434E3D4344502C434E3D5075626C69632532304B657925323053657276696365732C434E3D53657276696365732C434E3D436F6E66696775726174696F6E2C44433D73636166666F6C642C44433D6874623F63657274696669636174655265766F636174696F6E4C6973743F626173653F6F626A656374436C6173733D63524C446973747269627574696F6E506F696E743081C106082B060105050701010481B43081B13081AE06082B060105050730028681A16C6461703A2F2F2F434E3D73636166666F6C642D44432D43412C434E3D4149412C434E3D5075626C69632532304B657925323053657276696365732C434E3D53657276696365732C434E3D436F6E66696775726174696F6E2C44433D73636166666F6C642C44433D6874623F634143657274696669636174653F626173653F6F626A656374436C6173733D63657274696669636174696F6E417574686F7269747930350603551D110101FF042B3029820F64632E73636166666F6C642E687462820C73636166666F6C642E687462820853434146464F4C44300D06092A864886F70D01010B050003820101006025F08D9364397D397E99C085013860803FA84DA19333CA57489C0D59BBF33F939737DFFEE8C8C3C03A605185F8D3F20402DEEB16D2CB78A494332F4037B2D5E10D27799442215E54BAB89F87E964E5770D2181F0C5FB1CD6C475ED64F9A97A082FC3927F107DC49C9F1DE4642700263D1F6F92A3051FF456DBDD489F41528A0FF06844CC38B5F39B66AB8AC7995F799764E0759FB340F68A51D1BB1D2F7F83170708ABB446D72DD6FD16647E97F5FD58B51F1BDDDE9734D9D9A8D7A17BB14D5D3F3550386716BC0763F192039C3D20D7ADF1A131E7FBF7B813C2CFB8ABA2C95F98EC9C8EC6ED79E45E8C0FA1490584F052BD3C9122436175B9A45B902FAE4D,,,,,,,,,,,,,,,,,,,,,,,,,,,,,,,,,,,,,,,,,,,,,REASON_OCSP_RESPONSE_RETRIEVAL_ERROR,,,,,,,,,,,,,,,,,,,,,,,,,,,1601-01-01T00:00:00.000000Z,,,,,,,,,,,,,,,,,,,,,,,,,,,,,,,,,,,,,,1601-01-01T00:00:00.000000Z,,,,,,,,,,,,,,,,,,,,,,,,,,,,,
2026-09-02T03:27:14.778623Z,"{'#attributes': {'Qualifiers': 16384}, '#text': 7036}",dc.scaffold.htb,Service Control Manager,System,15293,4,,,,,,6D00700073007300760063002F0034000000,,,,,,,,,,,,,,,,,,,,,,,,,,,,,,,,,,,,,,,,,,,,,,,,,,,,,,,,,,,,,,,,,,,,,,,,,,,,,,,,,,,,,,,,,,,,,,,,,,,,,,,,,,,,,,,,,,,,,,,,,,,mpssvc,,,running,,,,,,,,,,,,,
2026-09-02T03:27:14.794246Z,"{'#attributes': {'Qualifiers': 16384}, '#text': 7036}",dc.scaffold.htb,Service Control Manager,System,15294,4,,,,,,4E00630061005300760063002F0031000000,,,,,,,,,,,,,,,,,,,,,,,,,,,,,,,,,,,,,,,,,,,,,,,,,,,,,,,,,,,,,,,,,,,,,,,,,,,,,,,,,,,,,,,,,,,,,,,,,,,,,,,,,,,,,,,,,,,,,,,,,,,NcaSvc,,,stopped,,,,,,,,,,,,,
2026-09-02T03:27:15.012998Z,"{'#attributes': {'Qualifiers': 16384}, '#text': 7036}",dc.scaffold.htb,Service Control Manager,System,15295,4,,,,,,440073006D005300760063002F0034000000,,,,,,,,,,,,,,,,,,,,,,,,,,,,,,,,,,,,,,,,,,,,,,,,,,,,,,,,,,,,,,,,,,,,,,,,,,,,,,,,,,,,,,,,,,,,,,,,,,,,,,,,,,,,,,,,,,,,,,,,,,,DsmSvc,,,running,,,,,,,,,,,,,
2026-09-02T03:27:15.153624Z,"{'#attributes': {'Qualifiers': 16384}, '#text': 7036}",dc.scaffold.htb,Service Control Manager,System,15296,4,,,,,,55007300650072004D0061006E0061006700650072002F0034000000,,,,,,,,,,,,,,,,,,,,,,,,,,,,,,,,,,,,,,,,,,,,,,,,,,,,,,,,,,,,,,,,,,,,,,,,,,,,,,,,,,,,,,,,,,,,,,,,,,,,,,,,,,,,,,,,,,,,,,,,,,,UserManager,,,running,,,,,,,,,,,,,
2026-09-02T03:27:15.153624Z,"{'#attributes': {'Qualifiers': 16384}, '#text': 7036}",dc.scaffold.htb,Service Control Manager,System,15297,4,,,,,,4E006300620053006500720076006900630065002F0034000000,,,,,,,,,,,,,,,,,,,,,,,,,,,,,,,,,,,,,,,,,,,,,,,,,,,,,,,,,,,,,,,,,,,,,,,,,,,,,,,,,,,,,,,,,,,,,,,,,,,,,,,,,,,,,,,,,,,,,,,,,,,NcbService,,,running,,,,,,,,,,,,,
2026-09-02T03:27:24.356748Z,"{'#attributes': {'Qualifiers': 16384}, '#text': 5211}",dc.scaffold.htb,Microsoft-Windows-WAS,System,15298,4,,,,,,,,,,,,,,,ConfigurationSystem,,,,,,,,,,,,,,,,,,,,,,,,,,,,,,,,,,,,,,,,,,,,,,,,,,,,,,,,,,,,,,,,,,,,,,,,,,,,,,,,,,,Classic,,,,,,,,,,,,,,,,,,,,,,,,,,,,,,,,,,,,,,,,,,,,,,,
2026-09-02T03:27:24.419246Z,"{'#attributes': {'Qualifiers': 16384}, '#text': 14533}",dc.scaffold.htb,Microsoft-Windows-DfsSvc,System,15299,4,,,,,,,,,,,,,,,,,,,,,,,,,,,,,,,,,,,,,,,,,,,,,,,,,,,,,,,,,,,,,,,,,,,,,,,,,,DfsFinishBuildingNamespace,,,,,,,,,,,,,,,,,,,,,,,,,,,,,,,,,,,,,,,,,,,,,,,,,,,,,,,,,,,,,,,,,,,,,,,
2026-09-02T03:27:24.434873Z,"{'#attributes': {'Qualifiers': 16384}, '#text': 14531}",dc.scaffold.htb,Microsoft-Windows-DfsSvc,System,15300,4,,,,,,,,,,,,,,,,,,,,,,,,,,,,,,,,,,,,,,,,,,,,,,,,,,,,,,,,,,,,,,,,,,,,,,,,,,DfsFinishInit,,,,,,,,,,,,,,,,,,,,,,,,,,,,,,,,,,,,,,,,,,,,,,,,,,,,,,,,,,,,,,,,,,,,,,,
2026-09-02T03:27:23.606749Z,"{'#attributes': {'Qualifiers': 16384}, '#text': 7036}",dc.scaffold.htb,Service Control Manager,System,15301,4,,,,,,530061006D00530073002F0034000000,,,,,,,,,,,,,,,,,,,,,,,,,,,,,,,,,,,,,,,,,,,,,,,,,,,,,,,,,,,,,,,,,,,,,,,,,,,,,,,,,,,,,,,,,,,,,,,,,,,,,,,,,,,,,,,,,,,,,,,,,,,SamSs,,,running,,,,,,,,,,,,,
2026-09-02T03:27:23.669243Z,"{'#attributes': {'Qualifiers': 16384}, '#text': 7036}",dc.scaffold.htb,Service Control Manager,System,15302,4,,,,,,4C0061006E006D0061006E005300650072007600650072002F0034000000,,,,,,,,,,,,,,,,,,,,,,,,,,,,,,,,,,,,,,,,,,,,,,,,,,,,,,,,,,,,,,,,,,,,,,,,,,,,,,,,,,,,,,,,,,,,,,,,,,,,,,,,,,,,,,,,,,,,,,,,,,,LanmanServer,,,running,,,,,,,,,,,,,
2026-09-02T03:27:23.809871Z,"{'#attributes': {'Qualifiers': 16384}, '#text': 7036}",dc.scaffold.htb,Service Control Manager,System,15303,4,,,,,,530070006F006F006C00650072002F0034000000,,,,,,,,,,,,,,,,,,,,,,,,,,,,,,,,,,,,,,,,,,,,,,,,,,,,,,,,,,,,,,,,,,,,,,,,,,,,,,,,,,,,,,,,,,,,,,,,,,,,,,,,,,,,,,,,,,,,,,,,,,,Spooler,,,running,,,,,,,,,,,,,
2026-09-02T03:27:23.825499Z,"{'#attributes': {'Qualifiers': 16384}, '#text': 7036}",dc.scaffold.htb,Service Control Manager,System,15304,4,,,,,,4B0065007900490073006F002F0034000000,,,,,,,,,,,,,,,,,,,,,,,,,,,,,,,,,,,,,,,,,,,,,,,,,,,,,,,,,,,,,,,,,,,,,,,,,,,,,,,,,,,,,,,,,,,,,,,,,,,,,,,,,,,,,,,,,,,,,,,,,,,KeyIso,,,running,,,,,,,,,,,,,
2026-09-02T03:27:23.872371Z,"{'#attributes': {'Qualifiers': 16384}, '#text': 7036}",dc.scaffold.htb,Service Control Manager,System,15305,4,,,,,,41007A0075007200650041007400740065007300740053006500720076006900630065002F0034000000,,,,,,,,,,,,,,,,,,,,,,,,,,,,,,,,,,,,,,,,,,,,,,,,,,,,,,,,,,,,,,,,,,,,,,,,,,,,,,,,,,,,,,,,,,,,,,,,,,,,,,,,,,,,,,,,,,,,,,,,,,,AzureAttestService,,,running,,,,,,,,,,,,,
2026-09-02T03:27:23.997373Z,"{'#attributes': {'Qualifiers': 16384}, '#text': 7036}",dc.scaffold.htb,Service Control Manager,System,15306,4,,,,,,430072007900700074005300760063002F0034000000,,,,,,,,,,,,,,,,,,,,,,,,,,,,,,,,,,,,,,,,,,,,,,,,,,,,,,,,,,,,,,,,,,,,,,,,,,,,,,,,,,,,,,,,,,,,,,,,,,,,,,,,,,,,,,,,,,,,,,,,,,,CryptSvc,,,running,,,,,,,,,,,,,
2026-09-02T03:27:23.997373Z,"{'#attributes': {'Qualifiers': 16384}, '#text': 7036}",dc.scaffold.htb,Service Control Manager,System,15307,4,,,,,,43006F00720065004D006500730073006100670069006E0067005200650067006900730074007200610072002F0034000000,,,,,,,,,,,,,,,,,,,,,,,,,,,,,,,,,,,,,,,,,,,,,,,,,,,,,,,,,,,,,,,,,,,,,,,,,,,,,,,,,,,,,,,,,,,,,,,,,,,,,,,,,,,,,,,,,,,,,,,,,,,CoreMessagingRegistrar,,,running,,,,,,,,,,,,,
2026-09-02T03:27:24.012997Z,"{'#attributes': {'Qualifiers': 16384}, '#text': 7036}",dc.scaffold.htb,Service Control Manager,System,15308,4,,,,,,490073006D0053006500720076002F0034000000,,,,,,,,,,,,,,,,,,,,,,,,,,,,,,,,,,,,,,,,,,,,,,,,,,,,,,,,,,,,,,,,,,,,,,,,,,,,,,,,,,,,,,,,,,,,,,,,,,,,,,,,,,,,,,,,,,,,,,,,,,,IsmServ,,,running,,,,,,,,,,,,,
2026-09-02T03:27:24.028622Z,"{'#attributes': {'Qualifiers': 16384}, '#text': 7036}",dc.scaffold.htb,Service Control Manager,System,15309,4,,,,,,43006500720074005300760063002F0034000000,,,,,,,,,,,,,,,,,,,,,,,,,,,,,,,,,,,,,,,,,,,,,,,,,,,,,,,,,,,,,,,,,,,,,,,,,,,,,,,,,,,,,,,,,,,,,,,,,,,,,,,,,,,,,,,,,,,,,,,,,,,CertSvc,,,running,,,,,,,,,,,,,
2026-09-02T03:27:24.153622Z,"{'#attributes': {'Qualifiers': 16384}, '#text': 7036}",dc.scaffold.htb,Service Control Manager,System,15310,4,,,,,,5300790073004D00610069006E002F0034000000,,,,,,,,,,,,,,,,,,,,,,,,,,,,,,,,,,,,,,,,,,,,,,,,,,,,,,,,,,,,,,,,,,,,,,,,,,,,,,,,,,,,,,,,,,,,,,,,,,,,,,,,,,,,,,,,,,,,,,,,,,,SysMain,,,running,,,,,,,,,,,,,
2026-09-02T03:27:24.153622Z,"{'#attributes': {'Qualifiers': 16384}, '#text': 7036}",dc.scaffold.htb,Service Control Manager,System,15311,4,,,,,,44004600530052002F0034000000,,,,,,,,,,,,,,,,,,,,,,,,,,,,,,,,,,,,,,,,,,,,,,,,,,,,,,,,,,,,,,,,,,,,,,,,,,,,,,,,,,,,,,,,,,,,,,,,,,,,,,,,,,,,,,,,,,,,,,,,,,,DFSR,,,running,,,,,,,,,,,,,
2026-09-02T03:27:24.231745Z,"{'#attributes': {'Qualifiers': 16384}, '#text': 7036}",dc.scaffold.htb,Service Control Manager,System,15312,4,,,,,,520065006D006F0074006500520065006700690073007400720079002F0034000000,,,,,,,,,,,,,,,,,,,,,,,,,,,,,,,,,,,,,,,,,,,,,,,,,,,,,,,,,,,,,,,,,,,,,,,,,,,,,,,,,,,,,,,,,,,,,,,,,,,,,,,,,,,,,,,,,,,,,,,,,,,RemoteRegistry,,,running,,,,,,,,,,,,,
2026-09-02T03:27:24.262998Z,"{'#attributes': {'Qualifiers': 16384}, '#text': 7036}",dc.scaffold.htb,Service Control Manager,System,15313,4,,,,,,53007300740070005300760063002F0034000000,,,,,,,,,,,,,,,,,,,,,,,,,,,,,,,,,,,,,,,,,,,,,,,,,,,,,,,,,,,,,,,,,,,,,,,,,,,,,,,,,,,,,,,,,,,,,,,,,,,,,,,,,,,,,,,,,,,,,,,,,,,SstpSvc,,,running,,,,,,,,,,,,,
2026-09-02T03:27:24.309870Z,"{'#attributes': {'Qualifiers': 16384}, '#text': 7036}",dc.scaffold.htb,Service Control Manager,System,15314,4,,,,,,530051004C005700720069007400650072002F0034000000,,,,,,,,,,,,,,,,,,,,,,,,,,,,,,,,,,,,,,,,,,,,,,,,,,,,,,,,,,,,,,,,,,,,,,,,,,,,,,,,,,,,,,,,,,,,,,,,,,,,,,,,,,,,,,,,,,,,,,,,,,,SQLWriter,,,running,,,,,,,,,,,,,
2026-09-02T03:27:24.309870Z,"{'#attributes': {'Qualifiers': 16384}, '#text': 7036}",dc.scaffold.htb,Service Control Manager,System,15315,4,,,,,,41007000700048006F00730074005300760063002F0034000000,,,,,,,,,,,,,,,,,,,,,,,,,,,,,,,,,,,,,,,,,,,,,,,,,,,,,,,,,,,,,,,,,,,,,,,,,,,,,,,,,,,,,,,,,,,,,,,,,,,,,,,,,,,,,,,,,,,,,,,,,,,AppHostSvc,,,running,,,,,,,,,,,,,
2026-09-02T03:27:24.356748Z,"{'#attributes': {'Qualifiers': 16384}, '#text': 7036}",dc.scaffold.htb,Service Control Manager,System,15316,4,,,,,,56004D003300440053006500720076006900630065002F0034000000,,,,,,,,,,,,,,,,,,,,,,,,,,,,,,,,,,,,,,,,,,,,,,,,,,,,,,,,,,,,,,,,,,,,,,,,,,,,,,,,,,,,,,,,,,,,,,,,,,,,,,,,,,,,,,,,,,,,,,,,,,,VM3DService,,,running,,,,,,,,,,,,,
2026-09-02T03:27:24.356748Z,"{'#attributes': {'Qualifiers': 16384}, '#text': 7036}",dc.scaffold.htb,Service Control Manager,System,15317,4,,,,,,570069006E006D0067006D0074002F0034000000,,,,,,,,,,,,,,,,,,,,,,,,,,,,,,,,,,,,,,,,,,,,,,,,,,,,,,,,,,,,,,,,,,,,,,,,,,,,,,,,,,,,,,,,,,,,,,,,,,,,,,,,,,,,,,,,,,,,,,,,,,,Winmgmt,,,running,,,,,,,,,,,,,
2026-09-02T03:27:24.403620Z,"{'#attributes': {'Qualifiers': 16384}, '#text': 7036}",dc.scaffold.htb,Service Control Manager,System,15318,4,,,,,,4400660073002F0034000000,,,,,,,,,,,,,,,,,,,,,,,,,,,,,,,,,,,,,,,,,,,,,,,,,,,,,,,,,,,,,,,,,,,,,,,,,,,,,,,,,,,,,,,,,,,,,,,,,,,,,,,,,,,,,,,,,,,,,,,,,,,Dfs,,,running,,,,,,,,,,,,,
2026-09-02T03:27:24.434873Z,"{'#attributes': {'Qualifiers': 16384}, '#text': 7036}",dc.scaffold.htb,Service Control Manager,System,15319,4,,,,,,56004D0054006F006F006C0073002F0034000000,,,,,,,,,,,,,,,,,,,,,,,,,,,,,,,,,,,,,,,,,,,,,,,,,,,,,,,,,,,,,,,,,,,,,,,,,,,,,,,,,,,,,,,,,,,,,,,,,,,,,,,,,,,,,,,,,,,,,,,,,,,VMTools,,,running,,,,,,,,,,,,,
2026-09-02T03:27:24.466122Z,"{'#attributes': {'Qualifiers': 16384}, '#text': 7036}",dc.scaffold.htb,Service Control Manager,System,15320,4,,,,,,56004700410075007400680053006500720076006900630065002F0034000000,,,,,,,,,,,,,,,,,,,,,,,,,,,,,,,,,,,,,,,,,,,,,,,,,,,,,,,,,,,,,,,,,,,,,,,,,,,,,,,,,,,,,,,,,,,,,,,,,,,,,,,,,,,,,,,,,,,,,,,,,,,VGAuthService,,,running,,,,,,,,,,,,,
2026-09-02T03:27:24.809872Z,"{'#attributes': {'Qualifiers': 7}, '#text': 10148}",dc.scaffold.htb,Microsoft-Windows-WinRM,System,15321,4,,,,,,,,,,,,,,,,,,,,,,,,,,,,,,,,,,,,,,,,,,,,,,,,,,,,,,,,,,,,,,,,,,,,,,,,,,Started Listening,,,,,,,,,,,,,,,,,,,,,,,,,,,,,,,,,,,,,,,,,,,,,,,,,,,,,,,,,,,,,,,,,,,,,,,
2026-09-02T03:27:24.825501Z,"{'#attributes': {'Qualifiers': 7}, '#text': 10154}",dc.scaffold.htb,Microsoft-Windows-WinRM,System,15322,3,,,,,,,,,,,,,,,,,,,,,,,,,,,,,,,,,,,,,,,,,,,,,,,,,,,,,,,,,,,,,,,,,,,,,,,,,,,,,,,,,,,,,,,,,,,,,,,,,,,,,,,,,,,,,,,,,,,,,,,,,,,,,,,1355,,,,,,,,,,,,,,WSMAN/dc.scaffold.htb,WSMAN/dc,,,
2026-09-02T03:27:25.075493Z,"{'#attributes': {'Qualifiers': 16896}, '#text': 3}",dc.scaffold.htb,Virtual Disk Service,System,15323,4,,,,,,,,,,,,,,,,,,,,,,@2010005,,,,,,,,,,,,,,,,,,,,,,,,,,,,,,,,,,,,,,,,,,,,,,,,,,,,,,,,,,,,,,,,,,,,,,,,,,,,,,,,,,,,,,,,,,,,,,,,,,,,,,,,,,,,,,,,,,,,,,,,,,,
2026-09-02T03:27:24.606746Z,"{'#attributes': {'Qualifiers': 16384}, '#text': 7036}",dc.scaffold.htb,Service Control Manager,System,15324,4,,,,,,5700410053002F0034000000,,,,,,,,,,,,,,,,,,,,,,,,,,,,,,,,,,,,,,,,,,,,,,,,,,,,,,,,,,,,,,,,,,,,,,,,,,,,,,,,,,,,,,,,,,,,,,,,,,,,,,,,,,,,,,,,,,,,,,,,,,,WAS,,,running,,,,,,,,,,,,,
2026-09-02T03:27:24.622371Z,"{'#attributes': {'Qualifiers': 16384}, '#text': 7036}",dc.scaffold.htb,Service Control Manager,System,15325,4,,,,,,570070006E0053006500720076006900630065002F0034000000,,,,,,,,,,,,,,,,,,,,,,,,,,,,,,,,,,,,,,,,,,,,,,,,,,,,,,,,,,,,,,,,,,,,,,,,,,,,,,,,,,,,,,,,,,,,,,,,,,,,,,,,,,,,,,,,,,,,,,,,,,,WpnService,,,running,,,,,,,,,,,,,
2026-09-02T03:27:24.794247Z,"{'#attributes': {'Qualifiers': 16384}, '#text': 7036}",dc.scaffold.htb,Service Control Manager,System,15326,4,,,,,,530074006100740065005200650070006F007300690074006F00720079002F0034000000,,,,,,,,,,,,,,,,,,,,,,,,,,,,,,,,,,,,,,,,,,,,,,,,,,,,,,,,,,,,,,,,,,,,,,,,,,,,,,,,,,,,,,,,,,,,,,,,,,,,,,,,,,,,,,,,,,,,,,,,,,,StateRepository,,,running,,,,,,,,,,,,,
2026-09-02T03:27:24.825501Z,"{'#attributes': {'Qualifiers': 16384}, '#text': 7036}",dc.scaffold.htb,Service Control Manager,System,15327,4,,,,,,570069006E0052004D002F0034000000,,,,,,,,,,,,,,,,,,,,,,,,,,,,,,,,,,,,,,,,,,,,,,,,,,,,,,,,,,,,,,,,,,,,,,,,,,,,,,,,,,,,,,,,,,,,,,,,,,,,,,,,,,,,,,,,,,,,,,,,,,,WinRM,,,running,,,,,,,,,,,,,
2026-09-02T03:27:24.856748Z,"{'#attributes': {'Qualifiers': 16384}, '#text': 7036}",dc.scaffold.htb,Service Control Manager,System,15328,4,,,,,,440069006100670054007200610063006B002F0034000000,,,,,,,,,,,,,,,,,,,,,,,,,,,,,,,,,,,,,,,,,,,,,,,,,,,,,,,,,,,,,,,,,,,,,,,,,,,,,,,,,,,,,,,,,,,,,,,,,,,,,,,,,,,,,,,,,,,,,,,,,,,DiagTrack,,,running,,,,,,,,,,,,,
2026-09-02T03:27:25.075493Z,"{'#attributes': {'Qualifiers': 16384}, '#text': 7036}",dc.scaffold.htb,Service Control Manager,System,15329,4,,,,,,7600640073002F0034000000,,,,,,,,,,,,,,,,,,,,,,,,,,,,,,,,,,,,,,,,,,,,,,,,,,,,,,,,,,,,,,,,,,,,,,,,,,,,,,,,,,,,,,,,,,,,,,,,,,,,,,,,,,,,,,,,,,,,,,,,,,,vds,,,running,,,,,,,,,,,,,
2026-09-02T03:27:25.434871Z,"{'#attributes': {'Qualifiers': 16384}, '#text': 7036}",dc.scaffold.htb,Service Control Manager,System,15330,4,,,,,,76006D007600730073002F0034000000,,,,,,,,,,,,,,,,,,,,,,,,,,,,,,,,,,,,,,,,,,,,,,,,,,,,,,,,,,,,,,,,,,,,,,,,,,,,,,,,,,,,,,,,,,,,,,,,,,,,,,,,,,,,,,,,,,,,,,,,,,,vmvss,,,running,,,,,,,,,,,,,
2026-09-02T03:27:25.747369Z,"{'#attributes': {'Qualifiers': 16384}, '#text': 7036}",dc.scaffold.htb,Service Control Manager,System,15331,4,,,,,,5200610073004D0061006E002F0034000000,,,,,,,,,,,,,,,,,,,,,,,,,,,,,,,,,,,,,,,,,,,,,,,,,,,,,,,,,,,,,,,,,,,,,,,,,,,,,,,,,,,,,,,,,,,,,,,,,,,,,,,,,,,,,,,,,,,,,,,,,,,RasMan,,,running,,,,,,,,,,,,,
2026-09-02T03:27:25.856746Z,"{'#attributes': {'Qualifiers': 16384}, '#text': 7036}",dc.scaffold.htb,Service Control Manager,System,15332,4,,,,,,43004F004D005300790073004100700070002F0034000000,,,,,,,,,,,,,,,,,,,,,,,,,,,,,,,,,,,,,,,,,,,,,,,,,,,,,,,,,,,,,,,,,,,,,,,,,,,,,,,,,,,,,,,,,,,,,,,,,,,,,,,,,,,,,,,,,,,,,,,,,,,COMSysApp,,,running,,,,,,,,,,,,,
2026-09-02T03:27:30.184876Z,"{'#attributes': {'Qualifiers': 16384}, '#text': 7036}",dc.scaffold.htb,Service Control Manager,System,15333,4,,,,,,770075006100750073006500720076002F0034000000,,,,,,,,,,,,,,,,,,,,,,,,,,,,,,,,,,,,,,,,,,,,,,,,,,,,,,,,,,,,,,,,,,,,,,,,,,,,,,,,,,,,,,,,,,,,,,,,,,,,,,,,,,,,,,,,,,,,,,,,,,,wuauserv,,,running,,,,,,,,,,,,,
2026-09-02T03:27:30.200499Z,"{'#attributes': {'Qualifiers': 16384}, '#text': 7036}",dc.scaffold.htb,Service Control Manager,System,15334,4,,,,,,41004400570053002F0034000000,,,,,,,,,,,,,,,,,,,,,,,,,,,,,,,,,,,,,,,,,,,,,,,,,,,,,,,,,,,,,,,,,,,,,,,,,,,,,,,,,,,,,,,,,,,,,,,,,,,,,,,,,,,,,,,,,,,,,,,,,,,ADWS,,,running,,,,,,,,,,,,,
2026-09-02T03:27:32.262997Z,"{'#attributes': {'Qualifiers': 16384}, '#text': 7036}",dc.scaffold.htb,Service Control Manager,System,15335,4,,,,,,4E00650074006C006F0067006F006E002F0034000000,,,,,,,,,,,,,,,,,,,,,,,,,,,,,,,,,,,,,,,,,,,,,,,,,,,,,,,,,,,,,,,,,,,,,,,,,,,,,,,,,,,,,,,,,,,,,,,,,,,,,,,,,,,,,,,,,,,,,,,,,,,Netlogon,,,running,,,,,,,,,,,,,
2026-09-02T03:27:32.309874Z,"{'#attributes': {'Qualifiers': 16384}, '#text': 7036}",dc.scaffold.htb,Service Control Manager,System,15336,4,,,,,,570033005300560043002F0034000000,,,,,,,,,,,,,,,,,,,,,,,,,,,,,,,,,,,,,,,,,,,,,,,,,,,,,,,,,,,,,,,,,,,,,,,,,,,,,,,,,,,,,,,,,,,,,,,,,,,,,,,,,,,,,,,,,,,,,,,,,,,W3SVC,,,running,,,,,,,,,,,,,
2026-09-02T03:27:34.978993Z,139,dc.scaffold.htb,Microsoft-Windows-Time-Service,System,15337,4,,,,,,,,,,,,,,,,,,,,,,,,,,,,,,,,,,,,,,,,,,,,,,,,,,,,,,,,,,,,,,,,,,,,,,,,,,TMP_EVENT_START_ADVERTISING,,,,,,,,,,,,,,,,,,,,,,,,,,,,,,,,,,,,,,,,,,,,,,,,,,,,,,,,,,,,,,,,,,,,,,,
2026-09-02T03:27:34.978995Z,143,dc.scaffold.htb,Microsoft-Windows-Time-Service,System,15338,4,,,,,,,,,,,,,,,,,,,,,,,,,,,,,,,,,,,,,,,,,,,,,,,,,,,,,,,,,,,,,,,,,,,,,,,,,,TMP_EVENT_START_ADVERTISING_GT,,,,,,,,,,,,,,,,,,,,,,,,,,,,,,,,,,,,,,,,,,,,,,,,,,,,,,,,,,,,,,,,,,,,,,,
2026-09-02T03:27:35.545883Z,12,dc.scaffold.htb,Microsoft-Windows-Time-Service,System,15339,3,,,,,,,,,,,,,,,,,,,,,,,,,,,,,,,,,,,,,,,,,,,,,,,,,,,,,,,,,,,,,,,,,,,,,,,,,,TMP_EVENT_DOMAIN_HIERARCHY_ROOT,,,,,,,,,,,,,,,,,,,,,,,,,,,,,,,,,,,,,,,,,,,,,,,,,,,,,,,,,,,,,,,,,,,,,,,
2026-09-02T03:27:35.544250Z,"{'#attributes': {'Qualifiers': 16384}, '#text': 7036}",dc.scaffold.htb,Service Control Manager,System,15340,4,,,,,,570033003200540069006D0065002F0034000000,,,,,,,,,,,,,,,,,,,,,,,,,,,,,,,,,,,,,,,,,,,,,,,,,,,,,,,,,,,,,,,,,,,,,,,,,,,,,,,,,,,,,,,,,,,,,,,,,,,,,,,,,,,,,,,,,,,,,,,,,,,W32Time,,,running,,,,,,,,,,,,,
2026-09-02T03:27:35.856747Z,"{'#attributes': {'Qualifiers': 16384}, '#text': 7036}",dc.scaffold.htb,Service Control Manager,System,15341,4,,,,,,4D0053004400540043002F0034000000,,,,,,,,,,,,,,,,,,,,,,,,,,,,,,,,,,,,,,,,,,,,,,,,,,,,,,,,,,,,,,,,,,,,,,,,,,,,,,,,,,,,,,,,,,,,,,,,,,,,,,,,,,,,,,,,,,,,,,,,,,,MSDTC,,,running,,,,,,,,,,,,,
2026-09-02T03:27:36.309871Z,"{'#attributes': {'Qualifiers': 49152}, '#text': 7026}",dc.scaffold.htb,Service Control Manager,System,15342,4,,,,,,,,,,,,,,,,,,,,,,,,,,,,,,,,,,,,,,,,,,,,,,,,,,,,,,,,,,,,,,,,,,,,,,,,,,,,,,,,,,,,,,,,,,,,,,,,,,,,,,,,,,,,,,,,,,,,,,,,,,,,,,,,,"
dam",,,,,,,,,,,,,,,,
2026-09-02T03:27:37.200496Z,"{'#attributes': {'Qualifiers': 16384}, '#text': 7036}",dc.scaffold.htb,Service Control Manager,System,15343,4,,,,,,530051004C00540045004C0045004D0045005400520059002400530051004C0045005800500052004500530053002F0034000000,,,,,,,,,,,,,,,,,,,,,,,,,,,,,,,,,,,,,,,,,,,,,,,,,,,,,,,,,,,,,,,,,,,,,,,,,,,,,,,,,,,,,,,,,,,,,,,,,,,,,,,,,,,,,,,,,,,,,,,,,,,SQLTELEMETRY$SQLEXPRESS,,,running,,,,,,,,,,,,,
2026-09-02T03:27:38.981749Z,"{'#attributes': {'Qualifiers': 16384}, '#text': 7036}",dc.scaffold.htb,Service Control Manager,System,15344,4,,,,,,4400690073007000420072006F006B00650072004400650073006B0074006F0070005300760063002F0034000000,,,,,,,,,,,,,,,,,,,,,,,,,,,,,,,,,,,,,,,,,,,,,,,,,,,,,,,,,,,,,,,,,,,,,,,,,,,,,,,,,,,,,,,,,,,,,,,,,,,,,,,,,,,,,,,,,,,,,,,,,,,Display Policy Service,,,running,,,,,,,,,,,,,
2026-09-02T03:27:39.856750Z,"{'#attributes': {'Qualifiers': 16384}, '#text': 7036}",dc.scaffold.htb,Service Control Manager,System,15345,4,,,,,,4D00440054005F004D006F006E00690074006F0072002F0034000000,,,,,,,,,,,,,,,,,,,,,,,,,,,,,,,,,,,,,,,,,,,,,,,,,,,,,,,,,,,,,,,,,,,,,,,,,,,,,,,,,,,,,,,,,,,,,,,,,,,,,,,,,,,,,,,,,,,,,,,,,,,MDT_Monitor,,,running,,,,,,,,,,,,,
2026-09-02T03:27:40.466120Z,"{'#attributes': {'Qualifiers': 16384}, '#text': 7036}",dc.scaffold.htb,Service Control Manager,System,15346,4,,,,,,5600530053002F0034000000,,,,,,,,,,,,,,,,,,,,,,,,,,,,,,,,,,,,,,,,,,,,,,,,,,,,,,,,,,,,,,,,,,,,,,,,,,,,,,,,,,,,,,,,,,,,,,,,,,,,,,,,,,,,,,,,,,,,,,,,,,,Volume Shadow Copy,,,running,,,,,,,,,,,,,
2026-09-02T03:27:43.403622Z,"{'#attributes': {'Qualifiers': 16384}, '#text': 7036}",dc.scaffold.htb,Service Control Manager,System,15347,4,,,,,,4D005300530051004C002400530051004C0045005800500052004500530053002F0034000000,,,,,,,,,,,,,,,,,,,,,,,,,,,,,,,,,,,,,,,,,,,,,,,,,,,,,,,,,,,,,,,,,,,,,,,,,,,,,,,,,,,,,,,,,,,,,,,,,,,,,,,,,,,,,,,,,,,,,,,,,,,MSSQL$SQLEXPRESS,,,running,,,,,,,,,,,,,
2026-09-02T03:27:45.653623Z,"{'#attributes': {'Qualifiers': 16384}, '#text': 7036}",dc.scaffold.htb,Service Control Manager,System,15348,4,,,,,,42004900540053002F0034000000,,,,,,,,,,,,,,,,,,,,,,,,,,,,,,,,,,,,,,,,,,,,,,,,,,,,,,,,,,,,,,,,,,,,,,,,,,,,,,,,,,,,,,,,,,,,,,,,,,,,,,,,,,,,,,,,,,,,,,,,,,,Background Intelligent Transfer Service,,,running,,,,,,,,,,,,,
2026-09-02T03:27:46.012998Z,"{'#attributes': {'Qualifiers': 16384}, '#text': 7036}",dc.scaffold.htb,Service Control Manager,System,15349,4,,,,,,77006D006900410070005300720076002F0034000000,,,,,,,,,,,,,,,,,,,,,,,,,,,,,,,,,,,,,,,,,,,,,,,,,,,,,,,,,,,,,,,,,,,,,,,,,,,,,,,,,,,,,,,,,,,,,,,,,,,,,,,,,,,,,,,,,,,,,,,,,,,WMI Performance Adapter,,,running,,,,,,,,,,,,,
2026-09-02T03:27:53.606771Z,"{'#attributes': {'Qualifiers': 16384}, '#text': 7036}",dc.scaffold.htb,Service Control Manager,System,15350,4,,,,,,44004E0053002F0034000000,,,,,,,,,,,,,,,,,,,,,,,,,,,,,,,,,,,,,,,,,,,,,,,,,,,,,,,,,,,,,,,,,,,,,,,,,,,,,,,,,,,,,,,,,,,,,,,,,,,,,,,,,,,,,,,,,,,,,,,,,,,DNS,,,running,,,,,,,,,,,,,
2026-09-02T03:27:59.317463Z,16,dc.scaffold.htb,Microsoft-Windows-Kernel-General,System,15351,4,,,,,,,,,,,,,,,,,,,,,,,,,,,,,,,,,,,,,0,,,,,,,,,,,,,,,,,,\??\C:\RemoteInstall\Tmp\x86{7313F0D0-3E7F-4872-8C7C-FE23673788A3}.bcd,70,,,,,0,,,,,,,,,,,,,,,,,,,,,,,,,,,,,,,,,,,,,,,,,,,,,,,,,,,,,,,,,,,,,,,,,,,,,,,,,,,,,,,,,,,,
2026-09-02T03:27:59.343086Z,16,dc.scaffold.htb,Microsoft-Windows-Kernel-General,System,15352,4,,,,,,,,,,,,,,,,,,,,,,,,,,,,,,,,,,,,,0,,,,,,,,,,,,,,,,,,\??\C:\RemoteInstall\Tmp\x64{75F804B0-8309-429C-8B58-0546106D5E02}.bcd,70,,,,,0,,,,,,,,,,,,,,,,,,,,,,,,,,,,,,,,,,,,,,,,,,,,,,,,,,,,,,,,,,,,,,,,,,,,,,,,,,,,,,,,,,,,
2026-09-02T03:27:59.366427Z,16,dc.scaffold.htb,Microsoft-Windows-Kernel-General,System,15353,4,,,,,,,,,,,,,,,,,,,,,,,,,,,,,,,,,,,,,0,,,,,,,,,,,,,,,,,,\??\C:\RemoteInstall\Tmp\arm64{1B0DADD5-C12C-40A4-A160-D197E238ABF2}.bcd,72,,,,,0,,,,,,,,,,,,,,,,,,,,,,,,,,,,,,,,,,,,,,,,,,,,,,,,,,,,,,,,,,,,,,,,,,,,,,,,,,,,,,,,,,,,
2026-09-02T03:27:59.392023Z,16,dc.scaffold.htb,Microsoft-Windows-Kernel-General,System,15354,4,,,,,,,,,,,,,,,,,,,,,,,,,,,,,,,,,,,,,0,,,,,,,,,,,,,,,,,,\??\C:\RemoteInstall\Tmp\x86x64{326CA915-79D9-4362-881B-2BE8CC9F0BDE}.bcd,73,,,,,0,,,,,,,,,,,,,,,,,,,,,,,,,,,,,,,,,,,,,,,,,,,,,,,,,,,,,,,,,,,,,,,,,,,,,,,,,,,,,,,,,,,,
2026-09-02T03:27:59.416308Z,16,dc.scaffold.htb,Microsoft-Windows-Kernel-General,System,15355,4,,,,,,,,,,,,,,,,,,,,,,,,,,,,,,,,,,,,,0,,,,,,,,,,,,,,,,,,\??\C:\RemoteInstall\Tmp\arm{170839F9-8D42-4A24-8AD3-15FE225A4288}.bcd,70,,,,,0,,,,,,,,,,,,,,,,,,,,,,,,,,,,,,,,,,,,,,,,,,,,,,,,,,,,,,,,,,,,,,,,,,,,,,,,,,,,,,,,,,,,
2026-09-02T03:27:59.440756Z,16,dc.scaffold.htb,Microsoft-Windows-Kernel-General,System,15356,4,,,,,,,,,,,,,,,,,,,,,,,,,,,,,,,,,,,,,0,,,,,,,,,,,,,,,,,,\??\C:\RemoteInstall\Tmp\x86uefi{FEEBBAA4-D913-4599-83C0-769120719BB9}.bcd,74,,,,,0,,,,,,,,,,,,,,,,,,,,,,,,,,,,,,,,,,,,,,,,,,,,,,,,,,,,,,,,,,,,,,,,,,,,,,,,,,,,,,,,,,,,
2026-09-02T03:27:59.463046Z,16,dc.scaffold.htb,Microsoft-Windows-Kernel-General,System,15357,4,,,,,,,,,,,,,,,,,,,,,,,,,,,,,,,,,,,,,0,,,,,,,,,,,,,,,,,,\??\C:\RemoteInstall\Tmp\x64uefi{D8723E90-5DD2-4434-BDC0-E14829BF80B4}.bcd,74,,,,,0,,,,,,,,,,,,,,,,,,,,,,,,,,,,,,,,,,,,,,,,,,,,,,,,,,,,,,,,,,,,,,,,,,,,,,,,,,,,,,,,,,,,
2026-09-02T03:27:59.575499Z,"{'#attributes': {'Qualifiers': 16384}, '#text': 7036}",dc.scaffold.htb,Service Control Manager,System,15358,4,,,,,,5700440053005300650072007600650072002F0034000000,,,,,,,,,,,,,,,,,,,,,,,,,,,,,,,,,,,,,,,,,,,,,,,,,,,,,,,,,,,,,,,,,,,,,,,,,,,,,,,,,,,,,,,,,,,,,,,,,,,,,,,,,,,,,,,,,,,,,,,,,,,WDSServer,,,running,,,,,,,,,,,,,
2026-09-02T03:28:15.419247Z,"{'#attributes': {'Qualifiers': 16384}, '#text': 7036}",dc.scaffold.htb,Service Control Manager,System,15359,4,,,,,,4E00630061005300760063002F0031000000,,,,,,,,,,,,,,,,,,,,,,,,,,,,,,,,,,,,,,,,,,,,,,,,,,,,,,,,,,,,,,,,,,,,,,,,,,,,,,,,,,,,,,,,,,,,,,,,,,,,,,,,,,,,,,,,,,,,,,,,,,,Network Connectivity Assistant,,,stopped,,,,,,,,,,,,,
2026-09-02T03:28:15.512996Z,"{'#attributes': {'Qualifiers': 16384}, '#text': 7036}",dc.scaffold.htb,Service Control Manager,System,15360,4,,,,,,57006100610053004D0065006400690063005300760063002F0034000000,,,,,,,,,,,,,,,,,,,,,,,,,,,,,,,,,,,,,,,,,,,,,,,,,,,,,,,,,,,,,,,,,,,,,,,,,,,,,,,,,,,,,,,,,,,,,,,,,,,,,,,,,,,,,,,,,,,,,,,,,,,Windows Update Medic Service,,,running,,,,,,,,,,,,,
2026-09-02T03:28:15.528634Z,"{'#attributes': {'Qualifiers': 16384}, '#text': 7036}",dc.scaffold.htb,Service Control Manager,System,15361,4,,,,,,44006F005300760063002F0034000000,,,,,,,,,,,,,,,,,,,,,,,,,,,,,,,,,,,,,,,,,,,,,,,,,,,,,,,,,,,,,,,,,,,,,,,,,,,,,,,,,,,,,,,,,,,,,,,,,,,,,,,,,,,,,,,,,,,,,,,,,,,Delivery Optimization,,,running,,,,,,,,,,,,,
2026-09-02T03:28:15.747370Z,"{'#attributes': {'Qualifiers': 16384}, '#text': 7036}",dc.scaffold.htb,Service Control Manager,System,15362,4,,,,,,530074006F0072005300760063002F0034000000,,,,,,,,,,,,,,,,,,,,,,,,,,,,,,,,,,,,,,,,,,,,,,,,,,,,,,,,,,,,,,,,,,,,,,,,,,,,,,,,,,,,,,,,,,,,,,,,,,,,,,,,,,,,,,,,,,,,,,,,,,,Storage Service,,,running,,,,,,,,,,,,,
2026-09-02T03:28:15.904843Z,"{'#attributes': {'Qualifiers': 16384}, '#text': 7036}",dc.scaffold.htb,Service Control Manager,System,15363,4,,,,,,44006F005300760063002F0031000000,,,,,,,,,,,,,,,,,,,,,,,,,,,,,,,,,,,,,,,,,,,,,,,,,,,,,,,,,,,,,,,,,,,,,,,,,,,,,,,,,,,,,,,,,,,,,,,,,,,,,,,,,,,,,,,,,,,,,,,,,,,Delivery Optimization,,,stopped,,,,,,,,,,,,,
2026-09-02T03:28:15.934869Z,"{'#attributes': {'Qualifiers': 16384}, '#text': 7036}",dc.scaffold.htb,Service Control Manager,System,15364,4,,,,,,41007000700058005300760063002F0034000000,,,,,,,,,,,,,,,,,,,,,,,,,,,,,,,,,,,,,,,,,,,,,,,,,,,,,,,,,,,,,,,,,,,,,,,,,,,,,,,,,,,,,,,,,,,,,,,,,,,,,,,,,,,,,,,,,,,,,,,,,,,AppX Deployment Service (AppXSVC),,,running,,,,,,,,,,,,,
2026-09-02T03:28:15.981748Z,"{'#attributes': {'Qualifiers': 16384}, '#text': 7036}",dc.scaffold.htb,Service Control Manager,System,15365,4,,,,,,43006C00690070005300560043002F0034000000,,,,,,,,,,,,,,,,,,,,,,,,,,,,,,,,,,,,,,,,,,,,,,,,,,,,,,,,,,,,,,,,,,,,,,,,,,,,,,,,,,,,,,,,,,,,,,,,,,,,,,,,,,,,,,,,,,,,,,,,,,,Client License Service (ClipSVC),,,running,,,,,,,,,,,,,
2026-09-02T03:28:31.013009Z,"{'#attributes': {'Qualifiers': 16384}, '#text': 7036}",dc.scaffold.htb,Service Control Manager,System,15366,4,,,,,,440073006D005300760063002F0031000000,,,,,,,,,,,,,,,,,,,,,,,,,,,,,,,,,,,,,,,,,,,,,,,,,,,,,,,,,,,,,,,,,,,,,,,,,,,,,,,,,,,,,,,,,,,,,,,,,,,,,,,,,,,,,,,,,,,,,,,,,,,DsmSvc,,,stopped,,,,,,,,,,,,,
2026-09-02T03:28:42.375490Z,23,dc.scaffold.htb,Microsoft-Windows-Eventlog,System,15367,2,,,,,,,,,,,,,Microsoft-Windows-PowerShell/Operational,,,,,,,,,,,,,,,,,,,,,,,,,,,,,,,,,,,5,,,,,,,,,,,,,,,,,,,,,,,,,,,,,,,,,,,,,,,,,,,,,,,,,,,,,,,,,,,,,,,,,,,,,,,,,,,,,,http://manifests.microsoft.com/win/2004/08/windows/eventlog,,,,,,,,,,,,,,,,,,,
2026-09-02T03:28:42.376472Z,23,dc.scaffold.htb,Microsoft-Windows-Eventlog,System,15368,2,,,,,,,,,,,,,Microsoft-Windows-PowerShell/Admin,,,,,,,,,,,,,,,,,,,,,,,,,,,,,,,,,,,5,,,,,,,,,,,,,,,,,,,,,,,,,,,,,,,,,,,,,,,,,,,,,,,,,,,,,,,,,,,,,,,,,,,,,,,,,,,,,,http://manifests.microsoft.com/win/2004/08/windows/eventlog,,,,,,,,,,,,,,,,,,,
2026-09-02T03:28:58.903500Z,7001,dc.scaffold.htb,Microsoft-Windows-Winlogon,System,15369,4,,,,,,,,,,,,,,,,,,,,,,,,,,,,,,,,,,,,,,,,,,,,,,,,,,,,,,,,,,,,,,,,,,,,,,,,,,,,,,,,,,,,,,,,,,,,,,,,,,,,,,,,,,,,,,,,,,1,,,,,,,,S-1-5-21-365932789-2848835602-3476675013-500,,,,,,,,,,,,,,,,,,,,,,,
2026-09-02T03:28:59.216123Z,"{'#attributes': {'Qualifiers': 16384}, '#text': 7036}",dc.scaffold.htb,Service Control Manager,System,15370,4,,,,,,570070006E00550073006500720053006500720076006900630065005F00350037006300620064002F0034000000,,,,,,,,,,,,,,,,,,,,,,,,,,,,,,,,,,,,,,,,,,,,,,,,,,,,,,,,,,,,,,,,,,,,,,,,,,,,,,,,,,,,,,,,,,,,,,,,,,,,,,,,,,,,,,,,,,,,,,,,,,,Windows Push Notifications User Service_57cbd,,,running,,,,,,,,,,,,,
2026-09-02T03:28:59.341119Z,"{'#attributes': {'Qualifiers': 16384}, '#text': 7036}",dc.scaffold.htb,Service Control Manager,System,15371,4,,,,,,43004400500055007300650072005300760063005F00350037006300620064002F0034000000,,,,,,,,,,,,,,,,,,,,,,,,,,,,,,,,,,,,,,,,,,,,,,,,,,,,,,,,,,,,,,,,,,,,,,,,,,,,,,,,,,,,,,,,,,,,,,,,,,,,,,,,,,,,,,,,,,,,,,,,,,,Connected Devices Platform User Service_57cbd,,,running,,,,,,,,,,,,,
2026-09-02T03:28:59.356747Z,"{'#attributes': {'Qualifiers': 16384}, '#text': 7036}",dc.scaffold.htb,Service Control Manager,System,15372,4,,,,,,5400610062006C006500740049006E0070007500740053006500720076006900630065002F0034000000,,,,,,,,,,,,,,,,,,,,,,,,,,,,,,,,,,,,,,,,,,,,,,,,,,,,,,,,,,,,,,,,,,,,,,,,,,,,,,,,,,,,,,,,,,,,,,,,,,,,,,,,,,,,,,,,,,,,,,,,,,,Touch Keyboard and Handwriting Panel Service,,,running,,,,,,,,,,,,,
2026-09-02T03:28:59.513050Z,"{'#attributes': {'Qualifiers': 16384}, '#text': 7036}",dc.scaffold.htb,Service Control Manager,System,15373,4,,,,,,54006F006B0065006E00420072006F006B00650072002F0034000000,,,,,,,,,,,,,,,,,,,,,,,,,,,,,,,,,,,,,,,,,,,,,,,,,,,,,,,,,,,,,,,,,,,,,,,,,,,,,,,,,,,,,,,,,,,,,,,,,,,,,,,,,,,,,,,,,,,,,,,,,,,Web Account Manager,,,running,,,,,,,,,,,,,
2026-09-02T03:28:59.622371Z,"{'#attributes': {'Qualifiers': 16384}, '#text': 7036}",dc.scaffold.htb,Service Control Manager,System,15374,4,,,,,,630061006D007300760063002F0034000000,,,,,,,,,,,,,,,,,,,,,,,,,,,,,,,,,,,,,,,,,,,,,,,,,,,,,,,,,,,,,,,,,,,,,,,,,,,,,,,,,,,,,,,,,,,,,,,,,,,,,,,,,,,,,,,,,,,,,,,,,,,Capability Access Manager Service,,,running,,,,,,,,,,,,,
2026-09-02T03:28:59.856745Z,"{'#attributes': {'Qualifiers': 16384}, '#text': 7036}",dc.scaffold.htb,Service Control Manager,System,15375,4,,,,,,4300440050005300760063002F0034000000,,,,,,,,,,,,,,,,,,,,,,,,,,,,,,,,,,,,,,,,,,,,,,,,,,,,,,,,,,,,,,,,,,,,,,,,,,,,,,,,,,,,,,,,,,,,,,,,,,,,,,,,,,,,,,,,,,,,,,,,,,,Connected Devices Platform Service,,,running,,,,,,,,,,,,,
2026-09-02T03:28:59.919244Z,"{'#attributes': {'Qualifiers': 0}, '#text': 10016}",dc.scaffold.htb,Microsoft-Windows-DistributedCOM,System,15376,3,,,,,,,,,,,,,,,,,,,,,,,,,,,,,,,,,,,,,,,,,,,,,,,,,,,,,,,,,,,,,,,,,,,,,,,,,,,,,,,,,,,,,,,,,,,,,,,,,,,,,,,,,,,,,,,,,,,,,,,,,,,,,,,,,application-specific,Unavailable,Unavailable,Local,Launch,{21B896BF-008D-4D01-A27B-26061B960DD7},{03E09F3B-DCE4-44FE-A9CF-82D050827E1C},SCAFFOLD,Administrator,S-1-5-21-365932789-2848835602-3476675013-500,LocalHost (Using LRPC),,,,,,
2026-09-02T03:29:13.559873Z,"{'#attributes': {'Qualifiers': 16384}, '#text': 7036}",dc.scaffold.htb,Service Control Manager,System,15377,4,,,,,,77006C00690064007300760063002F0034000000,,,,,,,,,,,,,,,,,,,,,,,,,,,,,,,,,,,,,,,,,,,,,,,,,,,,,,,,,,,,,,,,,,,,,,,,,,,,,,,,,,,,,,,,,,,,,,,,,,,,,,,,,,,,,,,,,,,,,,,,,,,Microsoft Account Sign-in Assistant,,,running,,,,,,,,,,,,,
2026-09-02T03:29:15.950498Z,"{'#attributes': {'Qualifiers': 16384}, '#text': 7036}",dc.scaffold.htb,Service Control Manager,System,15378,4,,,,,,57006100610053004D0065006400690063005300760063002F0031000000,,,,,,,,,,,,,,,,,,,,,,,,,,,,,,,,,,,,,,,,,,,,,,,,,,,,,,,,,,,,,,,,,,,,,,,,,,,,,,,,,,,,,,,,,,,,,,,,,,,,,,,,,,,,,,,,,,,,,,,,,,,Windows Update Medic Service,,,stopped,,,,,,,,,,,,,
2026-09-02T03:29:18.797367Z,"{'#attributes': {'Qualifiers': 16384}, '#text': 7036}",dc.scaffold.htb,Service Control Manager,System,15379,4,,,,,,4E0065007400530065007400750070005300760063002F0034000000,,,,,,,,,,,,,,,,,,,,,,,,,,,,,,,,,,,,,,,,,,,,,,,,,,,,,,,,,,,,,,,,,,,,,,,,,,,,,,,,,,,,,,,,,,,,,,,,,,,,,,,,,,,,,,,,,,,,,,,,,,,Network Setup Service,,,running,,,,,,,,,,,,,
2026-09-02T03:29:22.533410Z,"{'#attributes': {'Qualifiers': 16384}, '#text': 7036}",dc.scaffold.htb,Service Control Manager,System,15380,4,,,,,,63006200640068007300760063005F00350037006300620064002F0034000000,,,,,,,,,,,,,,,,,,,,,,,,,,,,,,,,,,,,,,,,,,,,,,,,,,,,,,,,,,,,,,,,,,,,,,,,,,,,,,,,,,,,,,,,,,,,,,,,,,,,,,,,,,,,,,,,,,,,,,,,,,,Clipboard User Service_57cbd,,,running,,,,,,,,,,,,,
2026-09-02T03:29:36.309873Z,"{'#attributes': {'Qualifiers': 16384}, '#text': 7036}",dc.scaffold.htb,Service Control Manager,System,15381,4,,,,,,57006100610053004D0065006400690063005300760063002F0034000000,,,,,,,,,,,,,,,,,,,,,,,,,,,,,,,,,,,,,,,,,,,,,,,,,,,,,,,,,,,,,,,,,,,,,,,,,,,,,,,,,,,,,,,,,,,,,,,,,,,,,,,,,,,,,,,,,,,,,,,,,,,Windows Update Medic Service,,,running,,,,,,,,,,,,,
2026-09-02T03:29:36.341121Z,"{'#attributes': {'Qualifiers': 16384}, '#text': 7036}",dc.scaffold.htb,Service Control Manager,System,15382,4,,,,,,550073006F005300760063002F0034000000,,,,,,,,,,,,,,,,,,,,,,,,,,,,,,,,,,,,,,,,,,,,,,,,,,,,,,,,,,,,,,,,,,,,,,,,,,,,,,,,,,,,,,,,,,,,,,,,,,,,,,,,,,,,,,,,,,,,,,,,,,,Update Orchestrator Service,,,running,,,,,,,,,,,,,
2026-09-02T03:29:36.669245Z,"{'#attributes': {'Qualifiers': 16384}, '#text': 7036}",dc.scaffold.htb,Service Control Manager,System,15383,4,,,,,,4400500053002F0034000000,,,,,,,,,,,,,,,,,,,,,,,,,,,,,,,,,,,,,,,,,,,,,,,,,,,,,,,,,,,,,,,,,,,,,,,,,,,,,,,,,,,,,,,,,,,,,,,,,,,,,,,,,,,,,,,,,,,,,,,,,,,Diagnostic Policy Service,,,running,,,,,,,,,,,,,
2026-09-02T03:29:36.856749Z,"{'#attributes': {'Qualifiers': 16384}, '#text': 7036}",dc.scaffold.htb,Service Control Manager,System,15384,4,,,,,,65006400670065007500700064006100740065002F0034000000,,,,,,,,,,,,,,,,,,,,,,,,,,,,,,,,,,,,,,,,,,,,,,,,,,,,,,,,,,,,,,,,,,,,,,,,,,,,,,,,,,,,,,,,,,,,,,,,,,,,,,,,,,,,,,,,,,,,,,,,,,,Microsoft Edge Update Service (edgeupdate),,,running,,,,,,,,,,,,,
2026-09-02T03:29:36.856749Z,"{'#attributes': {'Qualifiers': 16384}, '#text': 7036}",dc.scaffold.htb,Service Control Manager,System,15385,4,,,,,,65006400670065007500700064006100740065002F0031000000,,,,,,,,,,,,,,,,,,,,,,,,,,,,,,,,,,,,,,,,,,,,,,,,,,,,,,,,,,,,,,,,,,,,,,,,,,,,,,,,,,,,,,,,,,,,,,,,,,,,,,,,,,,,,,,,,,,,,,,,,,,Microsoft Edge Update Service (edgeupdate),,,stopped,,,,,,,,,,,,,
2026-09-02T03:29:37.434873Z,"{'#attributes': {'Qualifiers': 16384}, '#text': 7036}",dc.scaffold.htb,Service Control Manager,System,15386,4,,,,,,5000630061005300760063002F0034000000,,,,,,,,,,,,,,,,,,,,,,,,,,,,,,,,,,,,,,,,,,,,,,,,,,,,,,,,,,,,,,,,,,,,,,,,,,,,,,,,,,,,,,,,,,,,,,,,,,,,,,,,,,,,,,,,,,,,,,,,,,,Program Compatibility Assistant Service,,,running,,,,,,,,,,,,,
2026-09-02T03:29:39.106775Z,"{'#attributes': {'Qualifiers': 16384}, '#text': 7036}",dc.scaffold.htb,Service Control Manager,System,15387,4,,,,,,7300700070007300760063002F0034000000,,,,,,,,,,,,,,,,,,,,,,,,,,,,,,,,,,,,,,,,,,,,,,,,,,,,,,,,,,,,,,,,,,,,,,,,,,,,,,,,,,,,,,,,,,,,,,,,,,,,,,,,,,,,,,,,,,,,,,,,,,,Software Protection,,,running,,,,,,,,,,,,,
2026-09-02T03:29:41.387993Z,"{'#attributes': {'Qualifiers': 16384}, '#text': 7036}",dc.scaffold.htb,Service Control Manager,System,15388,4,,,,,,550041004C005300560043002F0034000000,,,,,,,,,,,,,,,,,,,,,,,,,,,,,,,,,,,,,,,,,,,,,,,,,,,,,,,,,,,,,,,,,,,,,,,,,,,,,,,,,,,,,,,,,,,,,,,,,,,,,,,,,,,,,,,,,,,,,,,,,,,User Access Logging Service,,,running,,,,,,,,,,,,,
2026-09-02T03:29:46.794258Z,"{'#attributes': {'Qualifiers': 16384}, '#text': 7036}",dc.scaffold.htb,Service Control Manager,System,15389,4,,,,,,77006D006900410070005300720076002F0031000000,,,,,,,,,,,,,,,,,,,,,,,,,,,,,,,,,,,,,,,,,,,,,,,,,,,,,,,,,,,,,,,,,,,,,,,,,,,,,,,,,,,,,,,,,,,,,,,,,,,,,,,,,,,,,,,,,,,,,,,,,,,WMI Performance Adapter,,,stopped,,,,,,,,,,,,,
2026-09-02T03:29:47.044246Z,"{'#attributes': {'Qualifiers': 16384}, '#text': 7036}",dc.scaffold.htb,Service Control Manager,System,15390,4,,,,,,77006D006900410070005300720076002F0034000000,,,,,,,,,,,,,,,,,,,,,,,,,,,,,,,,,,,,,,,,,,,,,,,,,,,,,,,,,,,,,,,,,,,,,,,,,,,,,,,,,,,,,,,,,,,,,,,,,,,,,,,,,,,,,,,,,,,,,,,,,,,WMI Performance Adapter,,,running,,,,,,,,,,,,,
2026-09-02T03:29:47.106757Z,"{'#attributes': {'Qualifiers': 16384}, '#text': 7036}",dc.scaffold.htb,Service Control Manager,System,15391,4,,,,,,77006D006900410070005300720076002F0031000000,,,,,,,,,,,,,,,,,,,,,,,,,,,,,,,,,,,,,,,,,,,,,,,,,,,,,,,,,,,,,,,,,,,,,,,,,,,,,,,,,,,,,,,,,,,,,,,,,,,,,,,,,,,,,,,,,,,,,,,,,,,WMI Performance Adapter,,,stopped,,,,,,,,,,,,,
2026-09-02T03:29:47.278623Z,"{'#attributes': {'Qualifiers': 16384}, '#text': 7036}",dc.scaffold.htb,Service Control Manager,System,15392,4,,,,,,77006D006900410070005300720076002F0034000000,,,,,,,,,,,,,,,,,,,,,,,,,,,,,,,,,,,,,,,,,,,,,,,,,,,,,,,,,,,,,,,,,,,,,,,,,,,,,,,,,,,,,,,,,,,,,,,,,,,,,,,,,,,,,,,,,,,,,,,,,,,WMI Performance Adapter,,,running,,,,,,,,,,,,,
2026-09-02T03:29:54.622371Z,"{'#attributes': {'Qualifiers': 16384}, '#text': 7040}",dc.scaffold.htb,Service Control Manager,System,15393,4,,,,,,,,,,,,,,,,,,,,,,,,,,,,,,,,,,,,,,,,,,,,,,,,,,,,,,,,,,,,,,,,,,,,,,,,,,,,,,,,,,,,,,,,,,,,,,,,,,,,,,,,,,,,,,,,,,,,,,,,,,,,,,,,,Windows Modules Installer,,,demand start,auto start,TrustedInstaller,,,,,,,,,,,
2026-09-02T03:29:59.919247Z,"{'#attributes': {'Qualifiers': 16384}, '#text': 7036}",dc.scaffold.htb,Service Control Manager,System,15394,4,,,,,,540072007500730074006500640049006E007300740061006C006C00650072002F0034000000,,,,,,,,,,,,,,,,,,,,,,,,,,,,,,,,,,,,,,,,,,,,,,,,,,,,,,,,,,,,,,,,,,,,,,,,,,,,,,,,,,,,,,,,,,,,,,,,,,,,,,,,,,,,,,,,,,,,,,,,,,,Windows Modules Installer,,,running,,,,,,,,,,,,,
2026-09-02T03:30:00.700494Z,"{'#attributes': {'Qualifiers': 16384}, '#text': 7040}",dc.scaffold.htb,Service Control Manager,System,15395,4,,,,,,,,,,,,,,,,,,,,,,,,,,,,,,,,,,,,,,,,,,,,,,,,,,,,,,,,,,,,,,,,,,,,,,,,,,,,,,,,,,,,,,,,,,,,,,,,,,,,,,,,,,,,,,,,,,,,,,,,,,,,,,,,,Windows Modules Installer,,,auto start,demand start,TrustedInstaller,,,,,,,,,,,
2026-09-02T03:30:36.309910Z,"{'#attributes': {'Qualifiers': 16384}, '#text': 7036}",dc.scaffold.htb,Service Control Manager,System,15396,4,,,,,,57006100610053004D0065006400690063005300760063002F0031000000,,,,,,,,,,,,,,,,,,,,,,,,,,,,,,,,,,,,,,,,,,,,,,,,,,,,,,,,,,,,,,,,,,,,,,,,,,,,,,,,,,,,,,,,,,,,,,,,,,,,,,,,,,,,,,,,,,,,,,,,,,,Windows Update Medic Service,,,stopped,,,,,,,,,,,,,
2026-09-02T03:30:40.513007Z,"{'#attributes': {'Qualifiers': 16384}, '#text': 7036}",dc.scaffold.htb,Service Control Manager,System,15397,4,,,,,,76006D007600730073002F0031000000,,,,,,,,,,,,,,,,,,,,,,,,,,,,,,,,,,,,,,,,,,,,,,,,,,,,,,,,,,,,,,,,,,,,,,,,,,,,,,,,,,,,,,,,,,,,,,,,,,,,,,,,,,,,,,,,,,,,,,,,,,,VMware Snapshot Provider,,,stopped,,,,,,,,,,,,,
2026-09-02T03:30:40.606762Z,"{'#attributes': {'Qualifiers': 16384}, '#text': 7036}",dc.scaffold.htb,Service Control Manager,System,15398,4,,,,,,5600530053002F0031000000,,,,,,,,,,,,,,,,,,,,,,,,,,,,,,,,,,,,,,,,,,,,,,,,,,,,,,,,,,,,,,,,,,,,,,,,,,,,,,,,,,,,,,,,,,,,,,,,,,,,,,,,,,,,,,,,,,,,,,,,,,,Volume Shadow Copy,,,stopped,,,,,,,,,,,,,
