2026-09-02T00:01:15.363273Z,23,dc.scaffold.htb,Microsoft-Windows-Eventlog,System,14033,2,,,,,,,,,,,,,Windows PowerShell,,,,,,,,,,,,,,,,,,,,,,,,,,,,,,,,,,,5,,,,,,,,,,,,,,,,,,,,,,,,,,,,,,,,,,,,,,,,,,,,,,,,,,,,,,,,,,,,,,,,,,,,,,,,,,,,,,http://manifests.microsoft.com/win/2004/08/windows/eventlog,,,,,,,,,,,,,,,,,,,
2026-09-02T00:01:26.372371Z,"{'#attributes': {'Qualifiers': 16384}, '#text': 7036}",dc.scaffold.htb,Service Control Manager,System,14034,4,,,,,,43006500720074005300760063002F0031000000,,,,,,,,,,,,,,,,,,,,,,,,,,,,,,,,,,,,,,,,,,,,,,,,,,,,,,,,,,,,,,,,,,,,,,,,,,,,,,,,,,,,,,,,,,,,,,,,,,,,,,,,,,,,,,,,,,,,,,,,,,,Active Directory Certificate Services,,,stopped,,,,,,,,,,,,,
2026-09-02T00:01:26.606739Z,"{'#attributes': {'Qualifiers': 16384}, '#text': 7036}",dc.scaffold.htb,Service Control Manager,System,14035,4,,,,,,43006500720074005300760063002F0034000000,,,,,,,,,,,,,,,,,,,,,,,,,,,,,,,,,,,,,,,,,,,,,,,,,,,,,,,,,,,,,,,,,,,,,,,,,,,,,,,,,,,,,,,,,,,,,,,,,,,,,,,,,,,,,,,,,,,,,,,,,,,Active Directory Certificate Services,,,running,,,,,,,,,,,,,
2026-09-02T00:01:35.962365Z,36928,dc.scaffold.htb,Schannel,System,14036,2,,,,,,308205DB308204C3A003020102021326000000022413A58EA2873443000000000002300D06092A864886F70D01010B0500304831133011060A0992268993F22C640119160368746231183016060A0992268993F22C640119160873636166666F6C64311730150603550403130E73636166666F6C642D44432D4341301E170D3236303531333134343135305A170D3237303531333134343135305A301A311830160603550403130F64632E73636166666F6C642E68746230820122300D06092A864886F70D01010105000382010F003082010A0282010100D4BA2E36DD94E7EC8E9C25B7728A8236385881E854CED4500E450DC317C3BB4F244F61BD0FA8FAED9F23F06E870F63E02BDA4F2586C864F2D8299EEB54D472844AB1B1089C8263B33E30570C1D8A0DCAF50622D1DECDBDF9E16B063660912317467E540E8352B4911ADC86E0901D21B27828B1139BEC7A1CD969214EA0B6272FFB9639D9EA825E1556826000FD76A6AF564B94CF17E40A3B2940B42426444F2D199C9098178A4AB194A220A82ABB87122A5DB3720BB175D502E584EC15BC866D9FAFEF820BB775263744531A39EFE881FA6C4147BDCB14708A823DE272F8BE7A04F39ACACEFCB1F998B8C9CF6A0CA5C376132A699AECDF0A181F25111822A8810203010001A38202EA308202E6302F06092B060104018237140204221E200044006F006D00610069006E0043006F006E00740072006F006C006C00650072301D0603551D250416301406082B0601050507030206082B06010505070301300E0603551D0F0101FF0404030205A0307806092A864886F70D01090F046B3069300E06082A864886F70D030202020080300E06082A864886F70D030402020080300B060960864801650304012A300B060960864801650304012D300B0609608648016503040102300B0609608648016503040105300706052B0E030207300A06082A864886F70D0307301D0603551D0E04160414B5580694D432E574A56B1D9BF1FD5772324F9AAB301F0603551D23041830168014D5468871F6EF62F7164FE49786A00CA9AB22A5823081C80603551D1F0481C03081BD3081BAA081B7A081B48681B16C6461703A2F2F2F434E3D73636166666F6C642D44432D43412C434E3D64632C434E3D4344502C434E3D5075626C69632532304B657925323053657276696365732C434E3D53657276696365732C434E3D436F6E66696775726174696F6E2C44433D73636166666F6C642C44433D6874623F63657274696669636174655265766F636174696F6E4C6973743F626173653F6F626A656374436C6173733D63524C446973747269627574696F6E506F696E743081C106082B060105050701010481B43081B13081AE06082B060105050730028681A16C6461703A2F2F2F434E3D73636166666F6C642D44432D43412C434E3D4149412C434E3D5075626C69632532304B657925323053657276696365732C434E3D53657276696365732C434E3D436F6E66696775726174696F6E2C44433D73636166666F6C642C44433D6874623F634143657274696669636174653F626173653F6F626A656374436C6173733D63657274696669636174696F6E417574686F72697479303B0603551D1104343032A01F06092B0601040182371901A012041060FF0CAC1133EA4EA36328A537441AA6820F64632E73636166666F6C642E687462300D06092A864886F70D01010B050003820101002B0B98A8D4087941A3A741DCC1789ABF02FBA2603EF57F583FABC4024D992784DCC403A0EE0DDCB4D9CF7D0CBE1FC3E395A40C9D2DF6004F1B137BBC23809A7CE48B0C709D2628ECF9C00E449A2B2C96A464E84B90377F5B43908D6F4FCDCF0FE8B7DB0369F601FBF73CF91BC7C823940C129DD013FC17C6C01406EB7115A7A712C7958C6A9EA078851AFCA3000404E7CE83CB2B3ABFD858880A7095AEB715CCC1DB55772A4DB4DC1DFFEA0E5681442805BE22DCC2D99C17EA309E4EA651541E90CD965E2CB6A3816D06B103FAE514512242B97AA26C42DDC03276D5783D003B0979F338BCECB93A96D1557B3C05797F10D6689BD61936E63C0EA5ED5DA585C4,,,,,,,,,,,,,,,,,,,,,,,,,,,,,,,,,,,,,,,,,,,,,REASON_OCSP_RESPONSE_RETRIEVAL_ERROR,,,,,,,,,,,,,,,,,,,,,,,,,,,1601-01-01T00:00:00.000000Z,,,,,,,,,,,,,,,,,,,,,,,,,,,,,,,,,,,,,,1601-01-01T00:00:00.000000Z,,,,,,,,,,,,,,,,,,,,,,,,,,,,,
2026-09-02T00:01:35.964468Z,36928,dc.scaffold.htb,Schannel,System,14037,2,,,,,,308205DB308204C3A003020102021326000000022413A58EA2873443000000000002300D06092A864886F70D01010B0500304831133011060A0992268993F22C640119160368746231183016060A0992268993F22C640119160873636166666F6C64311730150603550403130E73636166666F6C642D44432D4341301E170D3236303531333134343135305A170D3237303531333134343135305A301A311830160603550403130F64632E73636166666F6C642E68746230820122300D06092A864886F70D01010105000382010F003082010A0282010100D4BA2E36DD94E7EC8E9C25B7728A8236385881E854CED4500E450DC317C3BB4F244F61BD0FA8FAED9F23F06E870F63E02BDA4F2586C864F2D8299EEB54D472844AB1B1089C8263B33E30570C1D8A0DCAF50622D1DECDBDF9E16B063660912317467E540E8352B4911ADC86E0901D21B27828B1139BEC7A1CD969214EA0B6272FFB9639D9EA825E1556826000FD76A6AF564B94CF17E40A3B2940B42426444F2D199C9098178A4AB194A220A82ABB87122A5DB3720BB175D502E584EC15BC866D9FAFEF820BB775263744531A39EFE881FA6C4147BDCB14708A823DE272F8BE7A04F39ACACEFCB1F998B8C9CF6A0CA5C376132A699AECDF0A181F25111822A8810203010001A38202EA308202E6302F06092B060104018237140204221E200044006F006D00610069006E0043006F006E00740072006F006C006C00650072301D0603551D250416301406082B0601050507030206082B06010505070301300E0603551D0F0101FF0404030205A0307806092A864886F70D01090F046B3069300E06082A864886F70D030202020080300E06082A864886F70D030402020080300B060960864801650304012A300B060960864801650304012D300B0609608648016503040102300B0609608648016503040105300706052B0E030207300A06082A864886F70D0307301D0603551D0E04160414B5580694D432E574A56B1D9BF1FD5772324F9AAB301F0603551D23041830168014D5468871F6EF62F7164FE49786A00CA9AB22A5823081C80603551D1F0481C03081BD3081BAA081B7A081B48681B16C6461703A2F2F2F434E3D73636166666F6C642D44432D43412C434E3D64632C434E3D4344502C434E3D5075626C69632532304B657925323053657276696365732C434E3D53657276696365732C434E3D436F6E66696775726174696F6E2C44433D73636166666F6C642C44433D6874623F63657274696669636174655265766F636174696F6E4C6973743F626173653F6F626A656374436C6173733D63524C446973747269627574696F6E506F696E743081C106082B060105050701010481B43081B13081AE06082B060105050730028681A16C6461703A2F2F2F434E3D73636166666F6C642D44432D43412C434E3D4149412C434E3D5075626C69632532304B657925323053657276696365732C434E3D53657276696365732C434E3D436F6E66696775726174696F6E2C44433D73636166666F6C642C44433D6874623F634143657274696669636174653F626173653F6F626A656374436C6173733D63657274696669636174696F6E417574686F72697479303B0603551D1104343032A01F06092B0601040182371901A012041060FF0CAC1133EA4EA36328A537441AA6820F64632E73636166666F6C642E687462300D06092A864886F70D01010B050003820101002B0B98A8D4087941A3A741DCC1789ABF02FBA2603EF57F583FABC4024D992784DCC403A0EE0DDCB4D9CF7D0CBE1FC3E395A40C9D2DF6004F1B137BBC23809A7CE48B0C709D2628ECF9C00E449A2B2C96A464E84B90377F5B43908D6F4FCDCF0FE8B7DB0369F601FBF73CF91BC7C823940C129DD013FC17C6C01406EB7115A7A712C7958C6A9EA078851AFCA3000404E7CE83CB2B3ABFD858880A7095AEB715CCC1DB55772A4DB4DC1DFFEA0E5681442805BE22DCC2D99C17EA309E4EA651541E90CD965E2CB6A3816D06B103FAE514512242B97AA26C42DDC03276D5783D003B0979F338BCECB93A96D1557B3C05797F10D6689BD61936E63C0EA5ED5DA585C4,,,,,,,,,,,,,,,,,,,,,,,,,,,,,,,,,,,,,,,,,,,,,REASON_OCSP_RESPONSE_RETRIEVAL_ERROR,,,,,,,,,,,,,,,,,,,,,,,,,,,1601-01-01T00:00:00.000000Z,,,,,,,,,,,,,,,,,,,,,,,,,,,,,,,,,,,,,,1601-01-01T00:00:00.000000Z,,,,,,,,,,,,,,,,,,,,,,,,,,,,,
2026-09-02T00:01:36.137992Z,"{'#attributes': {'Qualifiers': 16384}, '#text': 7036}",dc.scaffold.htb,Service Control Manager,System,14038,4,,,,,,43006500720074005300760063002F0031000000,,,,,,,,,,,,,,,,,,,,,,,,,,,,,,,,,,,,,,,,,,,,,,,,,,,,,,,,,,,,,,,,,,,,,,,,,,,,,,,,,,,,,,,,,,,,,,,,,,,,,,,,,,,,,,,,,,,,,,,,,,,Active Directory Certificate Services,,,stopped,,,,,,,,,,,,,
2026-09-02T00:01:36.137992Z,"{'#attributes': {'Qualifiers': 49152}, '#text': 7024}",dc.scaffold.htb,Service Control Manager,System,14039,2,,,,,,43006500720074005300760063000000,,,,,,,,,,,,,,,,,,,,,,,,,,,,,,,,,,,,,,,,,,,,,,,,,,,,,,,,,,,,,,,,,,,,,,,,,,,,,,,,,,,,,,,,,,,,,,,,,,,,,,,,,,,,,,,,,,,,,,,,,,,Active Directory Certificate Services,,,%%2147500053,,,,,,,,,,,,,
2026-09-02T00:01:36.309864Z,"{'#attributes': {'Qualifiers': 16384}, '#text': 7036}",dc.scaffold.htb,Service Control Manager,System,14040,4,,,,,,43006500720074005300760063002F0034000000,,,,,,,,,,,,,,,,,,,,,,,,,,,,,,,,,,,,,,,,,,,,,,,,,,,,,,,,,,,,,,,,,,,,,,,,,,,,,,,,,,,,,,,,,,,,,,,,,,,,,,,,,,,,,,,,,,,,,,,,,,,Active Directory Certificate Services,,,running,,,,,,,,,,,,,
2026-09-02T00:01:36.524858Z,36928,dc.scaffold.htb,Schannel,System,14041,2,,,,,,308205DB308204C3A003020102021326000000022413A58EA2873443000000000002300D06092A864886F70D01010B0500304831133011060A0992268993F22C640119160368746231183016060A0992268993F22C640119160873636166666F6C64311730150603550403130E73636166666F6C642D44432D4341301E170D3236303531333134343135305A170D3237303531333134343135305A301A311830160603550403130F64632E73636166666F6C642E68746230820122300D06092A864886F70D01010105000382010F003082010A0282010100D4BA2E36DD94E7EC8E9C25B7728A8236385881E854CED4500E450DC317C3BB4F244F61BD0FA8FAED9F23F06E870F63E02BDA4F2586C864F2D8299EEB54D472844AB1B1089C8263B33E30570C1D8A0DCAF50622D1DECDBDF9E16B063660912317467E540E8352B4911ADC86E0901D21B27828B1139BEC7A1CD969214EA0B6272FFB9639D9EA825E1556826000FD76A6AF564B94CF17E40A3B2940B42426444F2D199C9098178A4AB194A220A82ABB87122A5DB3720BB175D502E584EC15BC866D9FAFEF820BB775263744531A39EFE881FA6C4147BDCB14708A823DE272F8BE7A04F39ACACEFCB1F998B8C9CF6A0CA5C376132A699AECDF0A181F25111822A8810203010001A38202EA308202E6302F06092B060104018237140204221E200044006F006D00610069006E0043006F006E00740072006F006C006C00650072301D0603551D250416301406082B0601050507030206082B06010505070301300E0603551D0F0101FF0404030205A0307806092A864886F70D01090F046B3069300E06082A864886F70D030202020080300E06082A864886F70D030402020080300B060960864801650304012A300B060960864801650304012D300B0609608648016503040102300B0609608648016503040105300706052B0E030207300A06082A864886F70D0307301D0603551D0E04160414B5580694D432E574A56B1D9BF1FD5772324F9AAB301F0603551D23041830168014D5468871F6EF62F7164FE49786A00CA9AB22A5823081C80603551D1F0481C03081BD3081BAA081B7A081B48681B16C6461703A2F2F2F434E3D73636166666F6C642D44432D43412C434E3D64632C434E3D4344502C434E3D5075626C69632532304B657925323053657276696365732C434E3D53657276696365732C434E3D436F6E66696775726174696F6E2C44433D73636166666F6C642C44433D6874623F63657274696669636174655265766F636174696F6E4C6973743F626173653F6F626A656374436C6173733D63524C446973747269627574696F6E506F696E743081C106082B060105050701010481B43081B13081AE06082B060105050730028681A16C6461703A2F2F2F434E3D73636166666F6C642D44432D43412C434E3D4149412C434E3D5075626C69632532304B657925323053657276696365732C434E3D53657276696365732C434E3D436F6E66696775726174696F6E2C44433D73636166666F6C642C44433D6874623F634143657274696669636174653F626173653F6F626A656374436C6173733D63657274696669636174696F6E417574686F72697479303B0603551D1104343032A01F06092B0601040182371901A012041060FF0CAC1133EA4EA36328A537441AA6820F64632E73636166666F6C642E687462300D06092A864886F70D01010B050003820101002B0B98A8D4087941A3A741DCC1789ABF02FBA2603EF57F583FABC4024D992784DCC403A0EE0DDCB4D9CF7D0CBE1FC3E395A40C9D2DF6004F1B137BBC23809A7CE48B0C709D2628ECF9C00E449A2B2C96A464E84B90377F5B43908D6F4FCDCF0FE8B7DB0369F601FBF73CF91BC7C823940C129DD013FC17C6C01406EB7115A7A712C7958C6A9EA078851AFCA3000404E7CE83CB2B3ABFD858880A7095AEB715CCC1DB55772A4DB4DC1DFFEA0E5681442805BE22DCC2D99C17EA309E4EA651541E90CD965E2CB6A3816D06B103FAE514512242B97AA26C42DDC03276D5783D003B0979F338BCECB93A96D1557B3C05797F10D6689BD61936E63C0EA5ED5DA585C4,,,,,,,,,,,,,,,,,,,,,,,,,,,,,,,,,,,,,,,,,,,,,REASON_OCSP_RESPONSE_RETRIEVAL_ERROR,,,,,,,,,,,,,,,,,,,,,,,,,,,1601-01-01T00:00:00.000000Z,,,,,,,,,,,,,,,,,,,,,,,,,,,,,,,,,,,,,,1601-01-01T00:00:00.000000Z,,,,,,,,,,,,,,,,,,,,,,,,,,,,,
2026-09-02T00:01:38.997447Z,"{'#attributes': {'Qualifiers': 16384}, '#text': 7036}",dc.scaffold.htb,Service Control Manager,System,14042,4,,,,,,57006100610053004D0065006400690063005300760063002F0031000000,,,,,,,,,,,,,,,,,,,,,,,,,,,,,,,,,,,,,,,,,,,,,,,,,,,,,,,,,,,,,,,,,,,,,,,,,,,,,,,,,,,,,,,,,,,,,,,,,,,,,,,,,,,,,,,,,,,,,,,,,,,Windows Update Medic Service,,,stopped,,,,,,,,,,,,,
2026-09-02T00:01:39.512999Z,"{'#attributes': {'Qualifiers': 16384}, '#text': 7036}",dc.scaffold.htb,Service Control Manager,System,14043,4,,,,,,530074006100740065005200650070006F007300690074006F00720079002F0031000000,,,,,,,,,,,,,,,,,,,,,,,,,,,,,,,,,,,,,,,,,,,,,,,,,,,,,,,,,,,,,,,,,,,,,,,,,,,,,,,,,,,,,,,,,,,,,,,,,,,,,,,,,,,,,,,,,,,,,,,,,,,State Repository Service,,,stopped,,,,,,,,,,,,,
2026-09-02T00:01:43.903619Z,"{'#attributes': {'Qualifiers': 16384}, '#text': 7036}",dc.scaffold.htb,Service Control Manager,System,14044,4,,,,,,4E00670063005300760063002F0034000000,,,,,,,,,,,,,,,,,,,,,,,,,,,,,,,,,,,,,,,,,,,,,,,,,,,,,,,,,,,,,,,,,,,,,,,,,,,,,,,,,,,,,,,,,,,,,,,,,,,,,,,,,,,,,,,,,,,,,,,,,,,Microsoft Passport,,,running,,,,,,,,,,,,,
2026-09-02T00:02:02.240395Z,36928,dc.scaffold.htb,Schannel,System,14045,2,,,,,,308205A33082048BA0030201020213260000002AE5B51D4D4886498700010000002A300D06092A864886F70D01010B0500304831133011060A0992268993F22C640119160368746231183016060A0992268993F22C640119160873636166666F6C64311730150603550403130E73636166666F6C642D44432D43413020170D3236303930313233353135325A180F32313036303930313233353135325A300030820122300D06092A864886F70D01010105000382010F003082010A0282010100DE0E8E46E189A000804BADF4FD16942213664A42F316E04C088B626E07A7512619E29F0ACC83C2914AA62C767A901A2DD352C94F28B4306668C5A51DAAE9C6DA46BD467DEF11217D3109B15702019929C263F9D7DBF64C29F386B616DA95370D7B69B7FBFA692C2C28E0B6BEEDF0F285F41B7E19771F87F3CB8F5EEC2E112C3F2738A0F05EA3DB478733D3EB509C804159736B2A4C8445A815E8D4BBE3F93CBDD24039949797B2DDA1FE42F6DD3CFEB1DF2FBA58233A4A278B399354AFA99837B759D3DAC760588E8C150D1F1A11ED405434425E383ABB72EA1DC4F1D731345E90D6A9CE46EC9F6C18DFC5D279A42CF467EACAE17AE4AD019E5E42F710FCFA950203010001A38202CA308202C6303506092B060104018237150704283026061E2B060104018237150887B0D65FFCE71C82C58909A0AB1084E7C37456012102016E02010030320603551D25042B302906082B0601050507030206082B06010505070301060A2B06010401823714020206072B060105020305300E0603551D0F0101FF0404030205A0304006092B060104018237150A04333031300A06082B06010505070302300A06082B06010505070301300C060A2B060104018237140202300906072B060105020305301D0603551D0E041604148A7C6F697993DEAFF8B64ED7A0CBE97A60050AA0301F0603551D2304183016801438203AC1F59F6DC9201146558CA2E6CF19057E3E3081CB0603551D1F0481C33081C03081BDA081BAA081B78681B46C6461703A2F2F2F434E3D73636166666F6C642D44432D43412831292C434E3D64632C434E3D4344502C434E3D5075626C69632532304B657925323053657276696365732C434E3D53657276696365732C434E3D436F6E66696775726174696F6E2C44433D73636166666F6C642C44433D6874623F63657274696669636174655265766F636174696F6E4C6973743F626173653F6F626A656374436C6173733D63524C446973747269627574696F6E506F696E743081C106082B060105050701010481B43081B13081AE06082B060105050730028681A16C6461703A2F2F2F434E3D73636166666F6C642D44432D43412C434E3D4149412C434E3D5075626C69632532304B657925323053657276696365732C434E3D53657276696365732C434E3D436F6E66696775726174696F6E2C44433D73636166666F6C642C44433D6874623F634143657274696669636174653F626173653F6F626A656374436C6173733D63657274696669636174696F6E417574686F7269747930350603551D110101FF042B3029820F64632E73636166666F6C642E687462820C73636166666F6C642E687462820853434146464F4C44300D06092A864886F70D01010B050003820101006025F08D9364397D397E99C085013860803FA84DA19333CA57489C0D59BBF33F939737DFFEE8C8C3C03A605185F8D3F20402DEEB16D2CB78A494332F4037B2D5E10D27799442215E54BAB89F87E964E5770D2181F0C5FB1CD6C475ED64F9A97A082FC3927F107DC49C9F1DE4642700263D1F6F92A3051FF456DBDD489F41528A0FF06844CC38B5F39B66AB8AC7995F799764E0759FB340F68A51D1BB1D2F7F83170708ABB446D72DD6FD16647E97F5FD58B51F1BDDDE9734D9D9A8D7A17BB14D5D3F3550386716BC0763F192039C3D20D7ADF1A131E7FBF7B813C2CFB8ABA2C95F98EC9C8EC6ED79E45E8C0FA1490584F052BD3C9122436175B9A45B902FAE4D,,,,,,,,,,,,,,,,,,,,,,,,,,,,,,,,,,,,,,,,,,,,,REASON_OCSP_RESPONSE_RETRIEVAL_ERROR,,,,,,,,,,,,,,,,,,,,,,,,,,,1601-01-01T00:00:00.000000Z,,,,,,,,,,,,,,,,,,,,,,,,,,,,,,,,,,,,,,1601-01-01T00:00:00.000000Z,,,,,,,,,,,,,,,,,,,,,,,,,,,,,
2026-09-02T00:02:02.500322Z,16977,dc.scaffold.htb,Microsoft-Windows-Directory-Services-SAM,System,14046,4,,,,,,,,,,,,,,,,,,,,,,,,,,,,,,,,,,,,,,,,,,,,,,,,,,,,,,,,,,,,,,,,,,,,7,-1,,,,,,,,,,,,,,,,,,,,,,,,,,,,0,,,,,,,,,,,,,,,,,,,,,,,,,,,,SAMMSG_MINPWDLEN_SETTINGS_IN_EFFECT,,,,,,,,,,,,,,,,,,,,
2026-09-02T00:02:03.254742Z,1502,dc.scaffold.htb,Microsoft-Windows-GroupPolicy,System,14047,4,,,,,,,,,,,,,,,,,,,,,\\dc.scaffold.htb,,,,,,,,,,,,,,,,,,,,,,,,,,,,,,,,,,,,,,,,,,,,,,,,,,,,,,,,,,,,4,,,,,,,,,,0,641,,,,,,,,,,,,,,,,,,,,1,4195,,,,,,,,,,,,,,,,,,,,,,,,,,,,,,,,
2026-09-02T00:02:03.309866Z,"{'#attributes': {'Qualifiers': 16384}, '#text': 7036}",dc.scaffold.htb,Service Control Manager,System,14048,4,,,,,,4E00630061005300760063002F0031000000,,,,,,,,,,,,,,,,,,,,,,,,,,,,,,,,,,,,,,,,,,,,,,,,,,,,,,,,,,,,,,,,,,,,,,,,,,,,,,,,,,,,,,,,,,,,,,,,,,,,,,,,,,,,,,,,,,,,,,,,,,,Network Connectivity Assistant,,,stopped,,,,,,,,,,,,,
2026-09-02T00:02:03.341114Z,"{'#attributes': {'Qualifiers': 16384}, '#text': 7036}",dc.scaffold.htb,Service Control Manager,System,14049,4,,,,,,57006100610053004D0065006400690063005300760063002F0034000000,,,,,,,,,,,,,,,,,,,,,,,,,,,,,,,,,,,,,,,,,,,,,,,,,,,,,,,,,,,,,,,,,,,,,,,,,,,,,,,,,,,,,,,,,,,,,,,,,,,,,,,,,,,,,,,,,,,,,,,,,,,Windows Update Medic Service,,,running,,,,,,,,,,,,,
2026-09-02T00:02:03.341114Z,"{'#attributes': {'Qualifiers': 16384}, '#text': 7036}",dc.scaffold.htb,Service Control Manager,System,14050,4,,,,,,44006F005300760063002F0034000000,,,,,,,,,,,,,,,,,,,,,,,,,,,,,,,,,,,,,,,,,,,,,,,,,,,,,,,,,,,,,,,,,,,,,,,,,,,,,,,,,,,,,,,,,,,,,,,,,,,,,,,,,,,,,,,,,,,,,,,,,,,Delivery Optimization,,,running,,,,,,,,,,,,,
2026-09-02T00:02:03.450490Z,"{'#attributes': {'Qualifiers': 16384}, '#text': 7036}",dc.scaffold.htb,Service Control Manager,System,14051,4,,,,,,44006F005300760063002F0031000000,,,,,,,,,,,,,,,,,,,,,,,,,,,,,,,,,,,,,,,,,,,,,,,,,,,,,,,,,,,,,,,,,,,,,,,,,,,,,,,,,,,,,,,,,,,,,,,,,,,,,,,,,,,,,,,,,,,,,,,,,,,Delivery Optimization,,,stopped,,,,,,,,,,,,,
2026-09-02T00:02:13.075856Z,1014,dc.scaffold.htb,Microsoft-Windows-DNS-Client,System,14052,3,,020000007F000001000000000000000000000000000000000000000000000000000000000000000000000000000000000000000000000000000000000000000000000000000000000000000000000000000000000000000000000000000000000000000000000000000000000000000000000000000000000000000000000000,128,,,,,,,,,,,,,,,,,,,,,,,,,,,,,,,,,,,,,,,,,,,,,,,,,,,,,,,,,,,,,,,,,,,,,,,,,,,,,,,,,,,,,,,,,,,,ctldl.windowsupdate.com,,,,,,,,,,,,,,,,,,,,,,,,,,,,,,,,,,,,,,,,,,,,,,,,,,
2026-09-02T00:02:16.497367Z,"{'#attributes': {'Qualifiers': 16384}, '#text': 7036}",dc.scaffold.htb,Service Control Manager,System,14053,4,,,,,,4300440050005300760063002F0034000000,,,,,,,,,,,,,,,,,,,,,,,,,,,,,,,,,,,,,,,,,,,,,,,,,,,,,,,,,,,,,,,,,,,,,,,,,,,,,,,,,,,,,,,,,,,,,,,,,,,,,,,,,,,,,,,,,,,,,,,,,,,Connected Devices Platform Service,,,running,,,,,,,,,,,,,
2026-09-02T00:02:16.591115Z,"{'#attributes': {'Qualifiers': 16384}, '#text': 7036}",dc.scaffold.htb,Service Control Manager,System,14054,4,,,,,,4400500053002F0034000000,,,,,,,,,,,,,,,,,,,,,,,,,,,,,,,,,,,,,,,,,,,,,,,,,,,,,,,,,,,,,,,,,,,,,,,,,,,,,,,,,,,,,,,,,,,,,,,,,,,,,,,,,,,,,,,,,,,,,,,,,,,Diagnostic Policy Service,,,running,,,,,,,,,,,,,
2026-09-02T00:02:17.325507Z,"{'#attributes': {'Qualifiers': 16384}, '#text': 7036}",dc.scaffold.htb,Service Control Manager,System,14055,4,,,,,,77006D006900410070005300720076002F0031000000,,,,,,,,,,,,,,,,,,,,,,,,,,,,,,,,,,,,,,,,,,,,,,,,,,,,,,,,,,,,,,,,,,,,,,,,,,,,,,,,,,,,,,,,,,,,,,,,,,,,,,,,,,,,,,,,,,,,,,,,,,,WMI Performance Adapter,,,stopped,,,,,,,,,,,,,
2026-09-02T00:02:17.544258Z,"{'#attributes': {'Qualifiers': 16384}, '#text': 7036}",dc.scaffold.htb,Service Control Manager,System,14056,4,,,,,,65006400670065007500700064006100740065002F0034000000,,,,,,,,,,,,,,,,,,,,,,,,,,,,,,,,,,,,,,,,,,,,,,,,,,,,,,,,,,,,,,,,,,,,,,,,,,,,,,,,,,,,,,,,,,,,,,,,,,,,,,,,,,,,,,,,,,,,,,,,,,,Microsoft Edge Update Service (edgeupdate),,,running,,,,,,,,,,,,,
2026-09-02T00:02:17.559870Z,"{'#attributes': {'Qualifiers': 16384}, '#text': 7036}",dc.scaffold.htb,Service Control Manager,System,14057,4,,,,,,65006400670065007500700064006100740065002F0031000000,,,,,,,,,,,,,,,,,,,,,,,,,,,,,,,,,,,,,,,,,,,,,,,,,,,,,,,,,,,,,,,,,,,,,,,,,,,,,,,,,,,,,,,,,,,,,,,,,,,,,,,,,,,,,,,,,,,,,,,,,,,Microsoft Edge Update Service (edgeupdate),,,stopped,,,,,,,,,,,,,
2026-09-02T00:02:17.731741Z,"{'#attributes': {'Qualifiers': 16384}, '#text': 7036}",dc.scaffold.htb,Service Control Manager,System,14058,4,,,,,,77006D006900410070005300720076002F0034000000,,,,,,,,,,,,,,,,,,,,,,,,,,,,,,,,,,,,,,,,,,,,,,,,,,,,,,,,,,,,,,,,,,,,,,,,,,,,,,,,,,,,,,,,,,,,,,,,,,,,,,,,,,,,,,,,,,,,,,,,,,,WMI Performance Adapter,,,running,,,,,,,,,,,,,
2026-09-02T00:02:17.872367Z,"{'#attributes': {'Qualifiers': 16384}, '#text': 7036}",dc.scaffold.htb,Service Control Manager,System,14059,4,,,,,,5000630061005300760063002F0034000000,,,,,,,,,,,,,,,,,,,,,,,,,,,,,,,,,,,,,,,,,,,,,,,,,,,,,,,,,,,,,,,,,,,,,,,,,,,,,,,,,,,,,,,,,,,,,,,,,,,,,,,,,,,,,,,,,,,,,,,,,,,Program Compatibility Assistant Service,,,running,,,,,,,,,,,,,
2026-09-02T00:02:17.966116Z,"{'#attributes': {'Qualifiers': 16384}, '#text': 7036}",dc.scaffold.htb,Service Control Manager,System,14060,4,,,,,,77006D006900410070005300720076002F0031000000,,,,,,,,,,,,,,,,,,,,,,,,,,,,,,,,,,,,,,,,,,,,,,,,,,,,,,,,,,,,,,,,,,,,,,,,,,,,,,,,,,,,,,,,,,,,,,,,,,,,,,,,,,,,,,,,,,,,,,,,,,,WMI Performance Adapter,,,stopped,,,,,,,,,,,,,
2026-09-02T00:02:18.153618Z,"{'#attributes': {'Qualifiers': 16384}, '#text': 7036}",dc.scaffold.htb,Service Control Manager,System,14061,4,,,,,,77006D006900410070005300720076002F0034000000,,,,,,,,,,,,,,,,,,,,,,,,,,,,,,,,,,,,,,,,,,,,,,,,,,,,,,,,,,,,,,,,,,,,,,,,,,,,,,,,,,,,,,,,,,,,,,,,,,,,,,,,,,,,,,,,,,,,,,,,,,,WMI Performance Adapter,,,running,,,,,,,,,,,,,
2026-09-02T00:02:18.216121Z,"{'#attributes': {'Qualifiers': 16384}, '#text': 7036}",dc.scaffold.htb,Service Control Manager,System,14062,4,,,,,,7300700070007300760063002F0034000000,,,,,,,,,,,,,,,,,,,,,,,,,,,,,,,,,,,,,,,,,,,,,,,,,,,,,,,,,,,,,,,,,,,,,,,,,,,,,,,,,,,,,,,,,,,,,,,,,,,,,,,,,,,,,,,,,,,,,,,,,,,Software Protection,,,running,,,,,,,,,,,,,
2026-09-02T00:02:19.825497Z,"{'#attributes': {'Qualifiers': 16384}, '#text': 7036}",dc.scaffold.htb,Service Control Manager,System,14063,4,,,,,,550041004C005300560043002F0034000000,,,,,,,,,,,,,,,,,,,,,,,,,,,,,,,,,,,,,,,,,,,,,,,,,,,,,,,,,,,,,,,,,,,,,,,,,,,,,,,,,,,,,,,,,,,,,,,,,,,,,,,,,,,,,,,,,,,,,,,,,,,User Access Logging Service,,,running,,,,,,,,,,,,,
2026-09-02T00:02:20.419239Z,"{'#attributes': {'Qualifiers': 16384}, '#text': 7036}",dc.scaffold.htb,Service Control Manager,System,14064,4,,,,,,550073006F005300760063002F0034000000,,,,,,,,,,,,,,,,,,,,,,,,,,,,,,,,,,,,,,,,,,,,,,,,,,,,,,,,,,,,,,,,,,,,,,,,,,,,,,,,,,,,,,,,,,,,,,,,,,,,,,,,,,,,,,,,,,,,,,,,,,,Update Orchestrator Service,,,running,,,,,,,,,,,,,
2026-09-02T00:02:21.834118Z,20,dc.scaffold.htb,Microsoft-Windows-WindowsUpdateClient,System,14065,2,,,,,,,,,,,,,,,,,,,,,,,,,,,,,,,,,,,,,,,,,,,,,,,,,,,,,,,,,,,,,,,,,,,,,,,,,,,,,,,,,,,,,,,,,,,,,,,,,,,,,,,,,,,,,,,,,,,,,,,,,,,,,,,,0x80240017,,,,,,,,,,,,9482F4B4-E343-43B6-B170-9A65BC822C77,,,1C8BCCBA-DDDD-4C8C-866D-0BB064ADD69A,200,Update for Microsoft Defender Antivirus antimalware platform - KB4052623 (Version 4.18.26060.3008) - Current Channel (Broad)
2026-09-02T00:02:22.563196Z,20,dc.scaffold.htb,Microsoft-Windows-WindowsUpdateClient,System,14066,2,,,,,,,,,,,,,,,,,,,,,,,,,,,,,,,,,,,,,,,,,,,,,,,,,,,,,,,,,,,,,,,,,,,,,,,,,,,,,,,,,,,,,,,,,,,,,,,,,,,,,,,,,,,,,,,,,,,,,,,,,,,,,,,,0x80240017,,,,,,,,,,,,9482F4B4-E343-43B6-B170-9A65BC822C77,,,0AE6F8D8-5A5A-4551-A0CC-CA97524FC415,200,"2026-05 Cumulative Update for .NET Framework 3.5, 4.8 and 4.8.1 for Microsoft server operating system version 21H2 for x64 (KB5088862)"
2026-09-02T00:02:23.281296Z,43,dc.scaffold.htb,Microsoft-Windows-WindowsUpdateClient,System,14067,4,,,,,,,,,,,,,,,,,,,,,,,,,,,,,,,,,,,,,,,,,,,,,,,,,,,,,,,,,,,,,,,,,,,,,,,,,,,,,,,,,,,,,,,,,,,,,,,,,,,,,,,,,,,,,,,,,,,,,,,,,,,,,,,,,,,,,,,,,,,,,,,5A989325-3A5F-4C02-8B0B-058498ABD834,200,Windows Malicious Software Removal Tool x64 - v5.142 (KB890830)
2026-09-02T00:02:23.336503Z,20,dc.scaffold.htb,Microsoft-Windows-WindowsUpdateClient,System,14068,2,,,,,,,,,,,,,,,,,,,,,,,,,,,,,,,,,,,,,,,,,,,,,,,,,,,,,,,,,,,,,,,,,,,,,,,,,,,,,,,,,,,,,,,,,,,,,,,,,,,,,,,,,,,,,,,,,,,,,,,,,,,,,,,,0x80246007,,,,,,,,,,,,9482F4B4-E343-43B6-B170-9A65BC822C77,,,5A989325-3A5F-4C02-8B0B-058498ABD834,200,Windows Malicious Software Removal Tool x64 - v5.142 (KB890830)
2026-09-02T00:02:33.231739Z,"{'#attributes': {'Qualifiers': 16384}, '#text': 7036}",dc.scaffold.htb,Service Control Manager,System,14069,4,,,,,,44006F005300760063002F0034000000,,,,,,,,,,,,,,,,,,,,,,,,,,,,,,,,,,,,,,,,,,,,,,,,,,,,,,,,,,,,,,,,,,,,,,,,,,,,,,,,,,,,,,,,,,,,,,,,,,,,,,,,,,,,,,,,,,,,,,,,,,,Delivery Optimization,,,running,,,,,,,,,,,,,
2026-09-02T00:02:50.309908Z,"{'#attributes': {'Qualifiers': 16384}, '#text': 7036}",dc.scaffold.htb,Service Control Manager,System,14070,4,,,,,,76006D007600730073002F0031000000,,,,,,,,,,,,,,,,,,,,,,,,,,,,,,,,,,,,,,,,,,,,,,,,,,,,,,,,,,,,,,,,,,,,,,,,,,,,,,,,,,,,,,,,,,,,,,,,,,,,,,,,,,,,,,,,,,,,,,,,,,,VMware Snapshot Provider,,,stopped,,,,,,,,,,,,,
2026-09-02T00:02:50.372410Z,"{'#attributes': {'Qualifiers': 16384}, '#text': 7036}",dc.scaffold.htb,Service Control Manager,System,14071,4,,,,,,5600530053002F0031000000,,,,,,,,,,,,,,,,,,,,,,,,,,,,,,,,,,,,,,,,,,,,,,,,,,,,,,,,,,,,,,,,,,,,,,,,,,,,,,,,,,,,,,,,,,,,,,,,,,,,,,,,,,,,,,,,,,,,,,,,,,,Volume Shadow Copy,,,stopped,,,,,,,,,,,,,
2026-09-02T00:02:53.294241Z,"{'#attributes': {'Qualifiers': 16384}, '#text': 7036}",dc.scaffold.htb,Service Control Manager,System,14072,4,,,,,,7300700070007300760063002F0031000000,,,,,,,,,,,,,,,,,,,,,,,,,,,,,,,,,,,,,,,,,,,,,,,,,,,,,,,,,,,,,,,,,,,,,,,,,,,,,,,,,,,,,,,,,,,,,,,,,,,,,,,,,,,,,,,,,,,,,,,,,,,Software Protection,,,stopped,,,,,,,,,,,,,
2026-09-02T00:02:53.559865Z,"{'#attributes': {'Qualifiers': 16384}, '#text': 7036}",dc.scaffold.htb,Service Control Manager,System,14073,4,,,,,,7300700070007300760063002F0034000000,,,,,,,,,,,,,,,,,,,,,,,,,,,,,,,,,,,,,,,,,,,,,,,,,,,,,,,,,,,,,,,,,,,,,,,,,,,,,,,,,,,,,,,,,,,,,,,,,,,,,,,,,,,,,,,,,,,,,,,,,,,Software Protection,,,running,,,,,,,,,,,,,
2026-09-02T00:02:57.044242Z,"{'#attributes': {'Qualifiers': 0}, '#text': 5774}",dc.scaffold.htb,NETLOGON,System,14074,2,,,,,,0000,,,,,,,,,,,,,,,,,_ldap._tcp.Default-First-Site-Name._sites.ForestDnsZones.scaffold.htb. 600 IN SRV 0 100 389 dc.scaffold.htb.,%%10051,dead:beef::1144:abe9:3df4:5705,0,10051,,,,,,,,,,,,,,,,,,,,,,,,,,,,,,,,,,,,,,,,,,,,,,,,,,,,,,,,,,,,,,,,,,,,,,,,,,,,,,,,,,,,,,,,,,,,,,,,,,,,,,,,,,,,,,,,,,,,,,
2026-09-02T00:02:57.044242Z,"{'#attributes': {'Qualifiers': 0}, '#text': 5775}",dc.scaffold.htb,NETLOGON,System,14075,2,,,,,,0000,,,,,,,,,,,,,,,,,scaffold.htb. 600 IN AAAA dead:beef::238,%%10051,dead:beef::238,0,10051,,,,,,,,,,,,,,,,,,,,,,,,,,,,,,,,,,,,,,,,,,,,,,,,,,,,,,,,,,,,,,,,,,,,,,,,,,,,,,,,,,,,,,,,,,,,,,,,,,,,,,,,,,,,,,,,,,,,,,
2026-09-02T00:02:57.044242Z,"{'#attributes': {'Qualifiers': 0}, '#text': 5775}",dc.scaffold.htb,NETLOGON,System,14076,2,,,,,,0000,,,,,,,,,,,,,,,,,scaffold.htb. 600 IN AAAA dead:beef::1144:abe9:3df4:5705,%%10051,dead:beef::1144:abe9:3df4:5705,0,10051,,,,,,,,,,,,,,,,,,,,,,,,,,,,,,,,,,,,,,,,,,,,,,,,,,,,,,,,,,,,,,,,,,,,,,,,,,,,,,,,,,,,,,,,,,,,,,,,,,,,,,,,,,,,,,,,,,,,,,
2026-09-02T00:02:57.044242Z,"{'#attributes': {'Qualifiers': 0}, '#text': 5775}",dc.scaffold.htb,NETLOGON,System,14077,2,,,,,,0000,,,,,,,,,,,,,,,,,gc._msdcs.scaffold.htb. 600 IN AAAA dead:beef::238,%%10051,dead:beef::238,0,10051,,,,,,,,,,,,,,,,,,,,,,,,,,,,,,,,,,,,,,,,,,,,,,,,,,,,,,,,,,,,,,,,,,,,,,,,,,,,,,,,,,,,,,,,,,,,,,,,,,,,,,,,,,,,,,,,,,,,,,
2026-09-02T00:02:57.044242Z,"{'#attributes': {'Qualifiers': 0}, '#text': 5775}",dc.scaffold.htb,NETLOGON,System,14078,2,,,,,,0000,,,,,,,,,,,,,,,,,gc._msdcs.scaffold.htb. 600 IN AAAA dead:beef::1144:abe9:3df4:5705,%%10051,dead:beef::1144:abe9:3df4:5705,0,10051,,,,,,,,,,,,,,,,,,,,,,,,,,,,,,,,,,,,,,,,,,,,,,,,,,,,,,,,,,,,,,,,,,,,,,,,,,,,,,,,,,,,,,,,,,,,,,,,,,,,,,,,,,,,,,,,,,,,,,
2026-09-02T00:02:57.044242Z,"{'#attributes': {'Qualifiers': 0}, '#text': 5775}",dc.scaffold.htb,NETLOGON,System,14079,2,,,,,,0000,,,,,,,,,,,,,,,,,ForestDnsZones.scaffold.htb. 600 IN AAAA dead:beef::238,%%10051,dead:beef::238,0,10051,,,,,,,,,,,,,,,,,,,,,,,,,,,,,,,,,,,,,,,,,,,,,,,,,,,,,,,,,,,,,,,,,,,,,,,,,,,,,,,,,,,,,,,,,,,,,,,,,,,,,,,,,,,,,,,,,,,,,,
2026-09-02T00:02:57.059867Z,"{'#attributes': {'Qualifiers': 0}, '#text': 5775}",dc.scaffold.htb,NETLOGON,System,14080,2,,,,,,0000,,,,,,,,,,,,,,,,,ForestDnsZones.scaffold.htb. 600 IN AAAA dead:beef::1144:abe9:3df4:5705,%%10051,dead:beef::1144:abe9:3df4:5705,0,10051,,,,,,,,,,,,,,,,,,,,,,,,,,,,,,,,,,,,,,,,,,,,,,,,,,,,,,,,,,,,,,,,,,,,,,,,,,,,,,,,,,,,,,,,,,,,,,,,,,,,,,,,,,,,,,,,,,,,,,
2026-09-02T00:02:57.059867Z,"{'#attributes': {'Qualifiers': 0}, '#text': 5775}",dc.scaffold.htb,NETLOGON,System,14081,2,,,,,,0000,,,,,,,,,,,,,,,,,DomainDnsZones.scaffold.htb. 600 IN AAAA dead:beef::238,%%10051,dead:beef::238,0,10051,,,,,,,,,,,,,,,,,,,,,,,,,,,,,,,,,,,,,,,,,,,,,,,,,,,,,,,,,,,,,,,,,,,,,,,,,,,,,,,,,,,,,,,,,,,,,,,,,,,,,,,,,,,,,,,,,,,,,,
2026-09-02T00:02:57.059867Z,"{'#attributes': {'Qualifiers': 0}, '#text': 5775}",dc.scaffold.htb,NETLOGON,System,14082,2,,,,,,0000,,,,,,,,,,,,,,,,,DomainDnsZones.scaffold.htb. 600 IN AAAA dead:beef::1144:abe9:3df4:5705,%%10051,dead:beef::1144:abe9:3df4:5705,0,10051,,,,,,,,,,,,,,,,,,,,,,,,,,,,,,,,,,,,,,,,,,,,,,,,,,,,,,,,,,,,,,,,,,,,,,,,,,,,,,,,,,,,,,,,,,,,,,,,,,,,,,,,,,,,,,,,,,,,,,
2026-09-02T00:02:57.028617Z,"{'#attributes': {'Qualifiers': 16384}, '#text': 7042}",dc.scaffold.htb,Service Control Manager,System,14083,4,,,,,,6C006D0068006F007300740073000000,,,,,,,,,,,,,,,,,,,,,,,,,,,,,,,,,,,,,,,,,,,,,,,,,,,,,,,,,,,,,,,,,,,,,,,,,,,,,,,,,,,,,,,,,,,,,,,,,,,,,,,,,,,,,,,,,,,,,,,,,,,TCP/IP NetBIOS Helper,,,stop,0x40030011,Operating System: Network Connectivity (Planned),None,,,,,,,,,,
2026-09-02T00:02:57.028617Z,"{'#attributes': {'Qualifiers': 16384}, '#text': 7036}",dc.scaffold.htb,Service Control Manager,System,14084,4,,,,,,6C006D0068006F007300740073002F0031000000,,,,,,,,,,,,,,,,,,,,,,,,,,,,,,,,,,,,,,,,,,,,,,,,,,,,,,,,,,,,,,,,,,,,,,,,,,,,,,,,,,,,,,,,,,,,,,,,,,,,,,,,,,,,,,,,,,,,,,,,,,,TCP/IP NetBIOS Helper,,,stopped,,,,,,,,,,,,,
2026-09-02T00:02:59.450492Z,"{'#attributes': {'Qualifiers': 0}, '#text': 5781}",dc.scaffold.htb,NETLOGON,System,14085,3,,,,,,2A230000,,,,,,,,,,,,,,,,scaffold.htb.,,,,,,,,,,,,,,,,,,,,,,,,,,,,,,,,,,,,,,,,,,,,,,,,,,,,,,,,,,,,,,,,,,,,,,,,,,,,,,,,,,,,,,,,,,,,,,,,,,,,,,,,,,,,,,,,,,,,,,,,,,,
2026-09-02T00:02:59.434868Z,"{'#attributes': {'Qualifiers': 16384}, '#text': 7036}",dc.scaffold.htb,Service Control Manager,System,14086,4,,,,,,6C006D0068006F007300740073002F0034000000,,,,,,,,,,,,,,,,,,,,,,,,,,,,,,,,,,,,,,,,,,,,,,,,,,,,,,,,,,,,,,,,,,,,,,,,,,,,,,,,,,,,,,,,,,,,,,,,,,,,,,,,,,,,,,,,,,,,,,,,,,,TCP/IP NetBIOS Helper,,,running,,,,,,,,,,,,,
2026-09-02T00:03:00.059979Z,1014,dc.scaffold.htb,Microsoft-Windows-DNS-Client,System,14087,3,,020000007F000001000000000000000000000000000000000000000000000000000000000000000000000000000000000000000000000000000000000000000000000000000000000000000000000000000000000000000000000000000000000000000000000000000000000000000000000000000000000000000000000000,128,,,,,,,,,,,,,,,,,,,,,,,,,,,,,,,,,,,,,,,,,,,,,,,,,,,,,,,,,,,,,,,,,,,,,,,,,,,,,,,,,,,,,,,,,,,,wpad,,,,,,,,,,,,,,,,,,,,,,,,,,,,,,,,,,,,,,,,,,,,,,,,,,
2026-09-02T00:03:02.950888Z,1014,dc.scaffold.htb,Microsoft-Windows-DNS-Client,System,14088,3,,020000007F000001000000000000000000000000000000000000000000000000000000000000000000000000000000000000000000000000000000000000000000000000000000000000000000000000000000000000000000000000000000000000000000000000000000000000000000000000000000000000000000000000,128,,,,,,,,,,,,,,,,,,,,,,,,,,,,,,,,,,,,,,,,,,,,,,,,,,,,,,,,,,,,,,,,,,,,,,,,,,,,,,,,,,,,,,,,,,,,slscr.update.microsoft.com,,,,,,,,,,,,,,,,,,,,,,,,,,,,,,,,,,,,,,,,,,,,,,,,,,
2026-09-02T00:03:03.341154Z,"{'#attributes': {'Qualifiers': 16384}, '#text': 7036}",dc.scaffold.htb,Service Control Manager,System,14089,4,,,,,,57006100610053004D0065006400690063005300760063002F0031000000,,,,,,,,,,,,,,,,,,,,,,,,,,,,,,,,,,,,,,,,,,,,,,,,,,,,,,,,,,,,,,,,,,,,,,,,,,,,,,,,,,,,,,,,,,,,,,,,,,,,,,,,,,,,,,,,,,,,,,,,,,,Windows Update Medic Service,,,stopped,,,,,,,,,,,,,
2026-09-02T00:03:07.513005Z,"{'#attributes': {'Qualifiers': 0}, '#text': 5781}",dc.scaffold.htb,NETLOGON,System,14090,3,,,,,,2A230000,,,,,,,,,,,,,,,,ForestDnsZones.scaffold.htb.,,,,,,,,,,,,,,,,,,,,,,,,,,,,,,,,,,,,,,,,,,,,,,,,,,,,,,,,,,,,,,,,,,,,,,,,,,,,,,,,,,,,,,,,,,,,,,,,,,,,,,,,,,,,,,,,,,,,,,,,,,,
2026-09-02T00:03:07.528615Z,"{'#attributes': {'Qualifiers': 0}, '#text': 5781}",dc.scaffold.htb,NETLOGON,System,14091,3,,,,,,2A230000,,,,,,,,,,,,,,,,DomainDnsZones.scaffold.htb.,,,,,,,,,,,,,,,,,,,,,,,,,,,,,,,,,,,,,,,,,,,,,,,,,,,,,,,,,,,,,,,,,,,,,,,,,,,,,,,,,,,,,,,,,,,,,,,,,,,,,,,,,,,,,,,,,,,,,,,,,,,
2026-09-02T00:03:09.811902Z,44,dc.scaffold.htb,Microsoft-Windows-WindowsUpdateClient,System,14092,4,,,,,,,,,,,,,,,,,,,,,,,,,,,,,,,,,,,,,,,,,,,,,,,,,,,,,,,,,,,,,,,,,,,,,,,,,,,,,,,,,,,,,,,,,,,,,,,,,,,,,,,,,,,,,,,,,,,,,,,,,,,,,,,,,,,,,,,,,,,,,,,5A989325-3A5F-4C02-8B0B-058498ABD834,200,Windows Malicious Software Removal Tool x64 - v5.142 (KB890830)
2026-09-02T00:03:30.216128Z,"{'#attributes': {'Qualifiers': 16384}, '#text': 7036}",dc.scaffold.htb,Service Control Manager,System,14093,4,,,,,,7300700070007300760063002F0031000000,,,,,,,,,,,,,,,,,,,,,,,,,,,,,,,,,,,,,,,,,,,,,,,,,,,,,,,,,,,,,,,,,,,,,,,,,,,,,,,,,,,,,,,,,,,,,,,,,,,,,,,,,,,,,,,,,,,,,,,,,,,Software Protection,,,stopped,,,,,,,,,,,,,
2026-09-02T00:03:37.990527Z,12,dc.scaffold.htb,Microsoft-Windows-Time-Service,System,14094,3,,,,,,,,,,,,,,,,,,,,,,,,,,,,,,,,,,,,,,,,,,,,,,,,,,,,,,,,,,,,,,,,,,,,,,,,,,TMP_EVENT_DOMAIN_HIERARCHY_ROOT,,,,,,,,,,,,,,,,,,,,,,,,,,,,,,,,,,,,,,,,,,,,,,,,,,,,,,,,,,,,,,,,,,,,,,,
2026-09-02T00:03:43.997473Z,"{'#attributes': {'Qualifiers': 16384}, '#text': 7036}",dc.scaffold.htb,Service Control Manager,System,14095,4,,,,,,4E00670063005300760063002F0031000000,,,,,,,,,,,,,,,,,,,,,,,,,,,,,,,,,,,,,,,,,,,,,,,,,,,,,,,,,,,,,,,,,,,,,,,,,,,,,,,,,,,,,,,,,,,,,,,,,,,,,,,,,,,,,,,,,,,,,,,,,,,Microsoft Passport,,,stopped,,,,,,,,,,,,,
2026-09-02T00:03:51.028618Z,"{'#attributes': {'Qualifiers': 16384}, '#text': 7036}",dc.scaffold.htb,Service Control Manager,System,14096,4,,,,,,7300700070007300760063002F0034000000,,,,,,,,,,,,,,,,,,,,,,,,,,,,,,,,,,,,,,,,,,,,,,,,,,,,,,,,,,,,,,,,,,,,,,,,,,,,,,,,,,,,,,,,,,,,,,,,,,,,,,,,,,,,,,,,,,,,,,,,,,,Software Protection,,,running,,,,,,,,,,,,,
2026-09-02T00:03:51.384170Z,43,dc.scaffold.htb,Microsoft-Windows-WindowsUpdateClient,System,14097,4,,,,,,,,,,,,,,,,,,,,,,,,,,,,,,,,,,,,,,,,,,,,,,,,,,,,,,,,,,,,,,,,,,,,,,,,,,,,,,,,,,,,,,,,,,,,,,,,,,,,,,,,,,,,,,,,,,,,,,,,,,,,,,,,,,,,,,,,,,,,,,,5A989325-3A5F-4C02-8B0B-058498ABD834,200,Windows Malicious Software Removal Tool x64 - v5.142 (KB890830)
2026-09-02T00:03:53.637998Z,"{'#attributes': {'Qualifiers': 16384}, '#text': 7040}",dc.scaffold.htb,Service Control Manager,System,14098,4,,,,,,,,,,,,,,,,,,,,,,,,,,,,,,,,,,,,,,,,,,,,,,,,,,,,,,,,,,,,,,,,,,,,,,,,,,,,,,,,,,,,,,,,,,,,,,,,,,,,,,,,,,,,,,,,,,,,,,,,,,,,,,,,,Windows Update,,,demand start,auto start,wuauserv,,,,,,,,,,,
2026-09-02T00:03:53.653621Z,"{'#attributes': {'Qualifiers': 16384}, '#text': 7040}",dc.scaffold.htb,Service Control Manager,System,14099,4,,,,,,,,,,,,,,,,,,,,,,,,,,,,,,,,,,,,,,,,,,,,,,,,,,,,,,,,,,,,,,,,,,,,,,,,,,,,,,,,,,,,,,,,,,,,,,,,,,,,,,,,,,,,,,,,,,,,,,,,,,,,,,,,,Windows Modules Installer,,,disabled,auto start,TrustedInstaller,,,,,,,,,,,
2026-09-02T00:03:53.700489Z,"{'#attributes': {'Qualifiers': 16384}, '#text': 7036}",dc.scaffold.htb,Service Control Manager,System,14100,4,,,,,,540072007500730074006500640049006E007300740061006C006C00650072002F0034000000,,,,,,,,,,,,,,,,,,,,,,,,,,,,,,,,,,,,,,,,,,,,,,,,,,,,,,,,,,,,,,,,,,,,,,,,,,,,,,,,,,,,,,,,,,,,,,,,,,,,,,,,,,,,,,,,,,,,,,,,,,,Windows Modules Installer,,,running,,,,,,,,,,,,,
2026-09-02T00:03:54.619969Z,16,dc.scaffold.htb,Microsoft-Windows-Kernel-General,System,14101,4,,,,,,,,,,,,,,,,,,,,,,,,,,,,,,,,,,,,,8430,,,,,,,,,,,,,,,,,,\??\C:\Windows\System32\config\COMPONENTS,41,,,,,68477,,,,,,,,,,,,,,,,,,,,,,,,,,,,,,,,,,,,,,,,,,,,,,,,,,,,,,,,,,,,,,,,,,,,,,,,,,,,,,,,,,,,
2026-09-02T00:03:55.257432Z,16,dc.scaffold.htb,Microsoft-Windows-Kernel-General,System,14102,4,,,,,,,,,,,,,,,,,,,,,,,,,,,,,,,,,,,,,6,,,,,,,,,,,,,,,,,,\Device\HarddiskVolume1\EFI\Microsoft\Boot\BCD,46,,,,,58,,,,,,,,,,,,,,,,,,,,,,,,,,,,,,,,,,,,,,,,,,,,,,,,,,,,,,,,,,,,,,,,,,,,,,,,,,,,,,,,,,,,
2026-09-02T00:03:56.716120Z,"{'#attributes': {'Qualifiers': 16384}, '#text': 7036}",dc.scaffold.htb,Service Control Manager,System,14103,4,,,,,,440073006D005300760063002F0031000000,,,,,,,,,,,,,,,,,,,,,,,,,,,,,,,,,,,,,,,,,,,,,,,,,,,,,,,,,,,,,,,,,,,,,,,,,,,,,,,,,,,,,,,,,,,,,,,,,,,,,,,,,,,,,,,,,,,,,,,,,,,Device Setup Manager,,,stopped,,,,,,,,,,,,,
2026-09-02T00:03:58.397549Z,15,dc.scaffold.htb,Microsoft-Windows-Kernel-General,System,14104,4,,,,,,,,,,,,,,,,,,,,,,,,,,,,,,,,,,,,,,,,,,,,,,,,,,,,,,,\??\C:\Windows\System32\SMI\Store\Machine\SCHEMA.DAT,52,,,,,,,,,,,,,,,,,,,,10956800,,,,,,,,,10956800,,,,,,,,,,,,,,,,,,,,,,,,,,,,,,,,,,,,,,,,,,,,,,,,,,,,,,,,,,,,
2026-09-02T00:04:03.325960Z,"{'#attributes': {'Qualifiers': 16384}, '#text': 7036}",dc.scaffold.htb,Service Control Manager,System,14105,4,,,,,,57005000440042007500730045006E0075006D002F0031000000,,,,,,,,,,,,,,,,,,,,,,,,,,,,,,,,,,,,,,,,,,,,,,,,,,,,,,,,,,,,,,,,,,,,,,,,,,,,,,,,,,,,,,,,,,,,,,,,,,,,,,,,,,,,,,,,,,,,,,,,,,,Portable Device Enumerator Service,,,stopped,,,,,,,,,,,,,
2026-09-02T00:04:16.403612Z,"{'#attributes': {'Qualifiers': 16384}, '#text': 7040}",dc.scaffold.htb,Service Control Manager,System,14106,4,,,,,,,,,,,,,,,,,,,,,,,,,,,,,,,,,,,,,,,,,,,,,,,,,,,,,,,,,,,,,,,,,,,,,,,,,,,,,,,,,,,,,,,,,,,,,,,,,,,,,,,,,,,,,,,,,,,,,,,,,,,,,,,,,Windows Modules Installer,,,auto start,demand start,TrustedInstaller,,,,,,,,,,,
2026-09-02T00:04:25.341116Z,"{'#attributes': {'Qualifiers': 16384}, '#text': 7036}",dc.scaffold.htb,Service Control Manager,System,14107,4,,,,,,7300700070007300760063002F0031000000,,,,,,,,,,,,,,,,,,,,,,,,,,,,,,,,,,,,,,,,,,,,,,,,,,,,,,,,,,,,,,,,,,,,,,,,,,,,,,,,,,,,,,,,,,,,,,,,,,,,,,,,,,,,,,,,,,,,,,,,,,,Software Protection,,,stopped,,,,,,,,,,,,,
2026-09-02T00:04:25.997364Z,"{'#attributes': {'Qualifiers': 16384}, '#text': 7036}",dc.scaffold.htb,Service Control Manager,System,14108,4,,,,,,7300700070007300760063002F0034000000,,,,,,,,,,,,,,,,,,,,,,,,,,,,,,,,,,,,,,,,,,,,,,,,,,,,,,,,,,,,,,,,,,,,,,,,,,,,,,,,,,,,,,,,,,,,,,,,,,,,,,,,,,,,,,,,,,,,,,,,,,,Software Protection,,,running,,,,,,,,,,,,,
2026-09-02T00:04:57.466113Z,"{'#attributes': {'Qualifiers': 16384}, '#text': 7036}",dc.scaffold.htb,Service Control Manager,System,14109,4,,,,,,7300700070007300760063002F0031000000,,,,,,,,,,,,,,,,,,,,,,,,,,,,,,,,,,,,,,,,,,,,,,,,,,,,,,,,,,,,,,,,,,,,,,,,,,,,,,,,,,,,,,,,,,,,,,,,,,,,,,,,,,,,,,,,,,,,,,,,,,,Software Protection,,,stopped,,,,,,,,,,,,,
2026-09-02T00:04:58.951583Z,44,dc.scaffold.htb,Microsoft-Windows-WindowsUpdateClient,System,14110,4,,,,,,,,,,,,,,,,,,,,,,,,,,,,,,,,,,,,,,,,,,,,,,,,,,,,,,,,,,,,,,,,,,,,,,,,,,,,,,,,,,,,,,,,,,,,,,,,,,,,,,,,,,,,,,,,,,,,,,,,,,,,,,,,,,,,,,,,,,,,,,,F79E3DE9-B030-4984-A5AC-FCAA5DAB7E8D,200,2022-02 Cumulative Update Preview for .NET Framework 3.5 and 4.8 for Microsoft server operating system version 21H2 for x64 (KB5010475)
2026-09-02T00:05:06.935951Z,44,dc.scaffold.htb,Microsoft-Windows-WindowsUpdateClient,System,14111,4,,,,,,,,,,,,,,,,,,,,,,,,,,,,,,,,,,,,,,,,,,,,,,,,,,,,,,,,,,,,,,,,,,,,,,,,,,,,,,,,,,,,,,,,,,,,,,,,,,,,,,,,,,,,,,,,,,,,,,,,,,,,,,,,,,,,,,,,,,,,,,,EB2BB2C1-FF9C-452B-B9B7-E4BA574C02D9,200,Windows Malicious Software Removal Tool x64 - v5.144 (KB890830)
2026-09-02T00:05:19.327965Z,44,dc.scaffold.htb,Microsoft-Windows-WindowsUpdateClient,System,14112,4,,,,,,,,,,,,,,,,,,,,,,,,,,,,,,,,,,,,,,,,,,,,,,,,,,,,,,,,,,,,,,,,,,,,,,,,,,,,,,,,,,,,,,,,,,,,,,,,,,,,,,,,,,,,,,,,,,,,,,,,,,,,,,,,,,,,,,,,,,,,,,,3A98ED5B-E5F0-402E-AC1E-13AD1998FAD3,200,"2026-08 Cumulative Update for .NET Framework 3.5, 4.8 and 4.8.1 for Microsoft server operating system version 21H2 for x64 (KB5121650)"
2026-09-02T00:05:19.684865Z,"{'#attributes': {'Qualifiers': 16384}, '#text': 7036}",dc.scaffold.htb,Service Control Manager,System,14113,4,,,,,,4E0065007400530065007400750070005300760063002F0031000000,,,,,,,,,,,,,,,,,,,,,,,,,,,,,,,,,,,,,,,,,,,,,,,,,,,,,,,,,,,,,,,,,,,,,,,,,,,,,,,,,,,,,,,,,,,,,,,,,,,,,,,,,,,,,,,,,,,,,,,,,,,Network Setup Service,,,stopped,,,,,,,,,,,,,
2026-09-02T00:05:34.559866Z,"{'#attributes': {'Qualifiers': 16384}, '#text': 7036}",dc.scaffold.htb,Service Control Manager,System,14114,4,,,,,,7300700070007300760063002F0034000000,,,,,,,,,,,,,,,,,,,,,,,,,,,,,,,,,,,,,,,,,,,,,,,,,,,,,,,,,,,,,,,,,,,,,,,,,,,,,,,,,,,,,,,,,,,,,,,,,,,,,,,,,,,,,,,,,,,,,,,,,,,Software Protection,,,running,,,,,,,,,,,,,
2026-09-02T00:05:39.450491Z,"{'#attributes': {'Qualifiers': 16384}, '#text': 7036}",dc.scaffold.htb,Service Control Manager,System,14115,4,,,,,,43006C00690070005300560043002F0031000000,,,,,,,,,,,,,,,,,,,,,,,,,,,,,,,,,,,,,,,,,,,,,,,,,,,,,,,,,,,,,,,,,,,,,,,,,,,,,,,,,,,,,,,,,,,,,,,,,,,,,,,,,,,,,,,,,,,,,,,,,,,Client License Service (ClipSVC),,,stopped,,,,,,,,,,,,,
2026-09-02T00:05:39.575488Z,"{'#attributes': {'Qualifiers': 16384}, '#text': 7036}",dc.scaffold.htb,Service Control Manager,System,14116,4,,,,,,41007000700058005300760063002F0031000000,,,,,,,,,,,,,,,,,,,,,,,,,,,,,,,,,,,,,,,,,,,,,,,,,,,,,,,,,,,,,,,,,,,,,,,,,,,,,,,,,,,,,,,,,,,,,,,,,,,,,,,,,,,,,,,,,,,,,,,,,,,AppX Deployment Service (AppXSVC),,,stopped,,,,,,,,,,,,,
2026-09-02T00:05:47.350986Z,44,dc.scaffold.htb,Microsoft-Windows-WindowsUpdateClient,System,14117,4,,,,,,,,,,,,,,,,,,,,,,,,,,,,,,,,,,,,,,,,,,,,,,,,,,,,,,,,,,,,,,,,,,,,,,,,,,,,,,,,,,,,,,,,,,,,,,,,,,,,,,,,,,,,,,,,,,,,,,,,,,,,,,,,,,,,,,,,,,,,,,,953E139F-E28B-48AA-A971-DF8C9E301410,1,2026-08 Cumulative Update for Microsoft server operating system version 21H2 for x64-based Systems (KB5120242)
2026-09-02T00:06:05.372908Z,"{'#attributes': {'Qualifiers': 16384}, '#text': 7036}",dc.scaffold.htb,Service Control Manager,System,14118,4,,,,,,7300700070007300760063002F0031000000,,,,,,,,,,,,,,,,,,,,,,,,,,,,,,,,,,,,,,,,,,,,,,,,,,,,,,,,,,,,,,,,,,,,,,,,,,,,,,,,,,,,,,,,,,,,,,,,,,,,,,,,,,,,,,,,,,,,,,,,,,,Software Protection,,,stopped,,,,,,,,,,,,,
2026-09-02T00:08:19.200495Z,"{'#attributes': {'Qualifiers': 16384}, '#text': 7036}",dc.scaffold.htb,Service Control Manager,System,14119,4,,,,,,77006D006900410070005300720076002F0031000000,,,,,,,,,,,,,,,,,,,,,,,,,,,,,,,,,,,,,,,,,,,,,,,,,,,,,,,,,,,,,,,,,,,,,,,,,,,,,,,,,,,,,,,,,,,,,,,,,,,,,,,,,,,,,,,,,,,,,,,,,,,WMI Performance Adapter,,,stopped,,,,,,,,,,,,,
2026-09-02T00:08:27.262993Z,"{'#attributes': {'Qualifiers': 16384}, '#text': 7036}",dc.scaffold.htb,Service Control Manager,System,14120,4,,,,,,7300700070007300760063002F0034000000,,,,,,,,,,,,,,,,,,,,,,,,,,,,,,,,,,,,,,,,,,,,,,,,,,,,,,,,,,,,,,,,,,,,,,,,,,,,,,,,,,,,,,,,,,,,,,,,,,,,,,,,,,,,,,,,,,,,,,,,,,,Software Protection,,,running,,,,,,,,,,,,,
2026-09-02T00:08:28.045546Z,43,dc.scaffold.htb,Microsoft-Windows-WindowsUpdateClient,System,14121,4,,,,,,,,,,,,,,,,,,,,,,,,,,,,,,,,,,,,,,,,,,,,,,,,,,,,,,,,,,,,,,,,,,,,,,,,,,,,,,,,,,,,,,,,,,,,,,,,,,,,,,,,,,,,,,,,,,,,,,,,,,,,,,,,,,,,,,,,,,,,,,,F79E3DE9-B030-4984-A5AC-FCAA5DAB7E8D,200,2022-02 Cumulative Update Preview for .NET Framework 3.5 and 4.8 for Microsoft server operating system version 21H2 for x64 (KB5010475)
2026-09-02T00:08:30.356738Z,"{'#attributes': {'Qualifiers': 16384}, '#text': 7040}",dc.scaffold.htb,Service Control Manager,System,14122,4,,,,,,,,,,,,,,,,,,,,,,,,,,,,,,,,,,,,,,,,,,,,,,,,,,,,,,,,,,,,,,,,,,,,,,,,,,,,,,,,,,,,,,,,,,,,,,,,,,,,,,,,,,,,,,,,,,,,,,,,,,,,,,,,,Windows Modules Installer,,,demand start,auto start,TrustedInstaller,,,,,,,,,,,
2026-09-02T00:08:55.183596Z,19,dc.scaffold.htb,Microsoft-Windows-WindowsUpdateClient,System,14123,4,,,,,,,,,,,,,,,,,,,,,,,,,,,,,,,,,,,,,,,,,,,,,,,,,,,,,,,,,,,,,,,,,,,,,,,,,,,,,,,,,,,,,,,,,,,,,,,,,,,,,,,,,,,,,,,,,,,,,,,,,,,,,,,,,,,,,,,,,,,,9482F4B4-E343-43B6-B170-9A65BC822C77,,,5A989325-3A5F-4C02-8B0B-058498ABD834,200,Windows Malicious Software Removal Tool x64 - v5.142 (KB890830)
2026-09-02T00:08:56.785923Z,43,dc.scaffold.htb,Microsoft-Windows-WindowsUpdateClient,System,14124,4,,,,,,,,,,,,,,,,,,,,,,,,,,,,,,,,,,,,,,,,,,,,,,,,,,,,,,,,,,,,,,,,,,,,,,,,,,,,,,,,,,,,,,,,,,,,,,,,,,,,,,,,,,,,,,,,,,,,,,,,,,,,,,,,,,,,,,,,,,,,,,,EADF0D5F-9C0E-4484-8DE0-953F6BFABC59,1,Broadcom Inc. - Net - 1.9.20.0
2026-09-02T00:08:57.173652Z,20,dc.scaffold.htb,Microsoft-Windows-WindowsUpdateClient,System,14125,2,,,,,,,,,,,,,,,,,,,,,,,,,,,,,,,,,,,,,,,,,,,,,,,,,,,,,,,,,,,,,,,,,,,,,,,,,,,,,,,,,,,,,,,,,,,,,,,,,,,,,,,,,,,,,,,,,,,,,,,,,,,,,,,,0x80246007,,,,,,,,,,,,8B24B027-1DEE-BABB-9A95-3517DFB9C552,,,EADF0D5F-9C0E-4484-8DE0-953F6BFABC59,1,Broadcom Inc. - Net - 1.9.20.0
2026-09-02T00:08:59.639212Z,44,dc.scaffold.htb,Microsoft-Windows-WindowsUpdateClient,System,14126,4,,,,,,,,,,,,,,,,,,,,,,,,,,,,,,,,,,,,,,,,,,,,,,,,,,,,,,,,,,,,,,,,,,,,,,,,,,,,,,,,,,,,,,,,,,,,,,,,,,,,,,,,,,,,,,,,,,,,,,,,,,,,,,,,,,,,,,,,,,,,,,,EADF0D5F-9C0E-4484-8DE0-953F6BFABC59,1,Broadcom Inc. - Net - 1.9.20.0
2026-09-02T00:08:59.639216Z,43,dc.scaffold.htb,Microsoft-Windows-WindowsUpdateClient,System,14127,4,,,,,,,,,,,,,,,,,,,,,,,,,,,,,,,,,,,,,,,,,,,,,,,,,,,,,,,,,,,,,,,,,,,,,,,,,,,,,,,,,,,,,,,,,,,,,,,,,,,,,,,,,,,,,,,,,,,,,,,,,,,,,,,,,,,,,,,,,,,,,,,EADF0D5F-9C0E-4484-8DE0-953F6BFABC59,1,Broadcom Inc. - Net - 1.9.20.0
2026-09-02T00:09:00.137988Z,"{'#attributes': {'Qualifiers': 16384}, '#text': 7036}",dc.scaffold.htb,Service Control Manager,System,14128,4,,,,,,44006500760069006300650049006E007300740061006C006C002F0034000000,,,,,,,,,,,,,,,,,,,,,,,,,,,,,,,,,,,,,,,,,,,,,,,,,,,,,,,,,,,,,,,,,,,,,,,,,,,,,,,,,,,,,,,,,,,,,,,,,,,,,,,,,,,,,,,,,,,,,,,,,,,Device Install Service,,,running,,,,,,,,,,,,,
2026-09-02T00:09:01.341116Z,"{'#attributes': {'Qualifiers': 0}, '#text': 5782}",dc.scaffold.htb,NETLOGON,System,14129,3,,,,,,7C260000,,,,,,,,,,,,,,,,%%9852,,,,,,,,,,,,,,,,,,,,,,,,,,,,,,,,,,,,,,,,,,,,,,,,,,,,,,,,,,,,,,,,,,,,,,,,,,,,,,,,,,,,,,,,,,,,,,,,,,,,,,,,,,,,,,,,,,,,,,,,,,,
2026-09-02T00:09:01.106740Z,"{'#attributes': {'Qualifiers': 16384}, '#text': 7042}",dc.scaffold.htb,Service Control Manager,System,14130,4,,,,,,6C006D0068006F007300740073000000,,,,,,,,,,,,,,,,,,,,,,,,,,,,,,,,,,,,,,,,,,,,,,,,,,,,,,,,,,,,,,,,,,,,,,,,,,,,,,,,,,,,,,,,,,,,,,,,,,,,,,,,,,,,,,,,,,,,,,,,,,,TCP/IP NetBIOS Helper,,,stop,0x40030011,Operating System: Network Connectivity (Planned),None,,,,,,,,,,
2026-09-02T00:09:01.122364Z,"{'#attributes': {'Qualifiers': 16384}, '#text': 7036}",dc.scaffold.htb,Service Control Manager,System,14131,4,,,,,,6C006D0068006F007300740073002F0031000000,,,,,,,,,,,,,,,,,,,,,,,,,,,,,,,,,,,,,,,,,,,,,,,,,,,,,,,,,,,,,,,,,,,,,,,,,,,,,,,,,,,,,,,,,,,,,,,,,,,,,,,,,,,,,,,,,,,,,,,,,,,TCP/IP NetBIOS Helper,,,stopped,,,,,,,,,,,,,
2026-09-02T00:09:01.457674Z,"{'#attributes': {'Qualifiers': 16384}, '#text': 7036}",dc.scaffold.htb,Service Control Manager,System,14132,4,,,,,,4E0065007400530065007400750070005300760063002F0034000000,,,,,,,,,,,,,,,,,,,,,,,,,,,,,,,,,,,,,,,,,,,,,,,,,,,,,,,,,,,,,,,,,,,,,,,,,,,,,,,,,,,,,,,,,,,,,,,,,,,,,,,,,,,,,,,,,,,,,,,,,,,Network Setup Service,,,running,,,,,,,,,,,,,
2026-09-02T00:09:02.025985Z,19,dc.scaffold.htb,Microsoft-Windows-WindowsUpdateClient,System,14133,4,,,,,,,,,,,,,,,,,,,,,,,,,,,,,,,,,,,,,,,,,,,,,,,,,,,,,,,,,,,,,,,,,,,,,,,,,,,,,,,,,,,,,,,,,,,,,,,,,,,,,,,,,,,,,,,,,,,,,,,,,,,,,,,,,,,,,,,,,,,,8B24B027-1DEE-BABB-9A95-3517DFB9C552,,,EADF0D5F-9C0E-4484-8DE0-953F6BFABC59,1,Broadcom Inc. - Net - 1.9.20.0
2026-09-02T00:09:02.028623Z,"{'#attributes': {'Qualifiers': 16384}, '#text': 7036}",dc.scaffold.htb,Service Control Manager,System,14134,4,,,,,,6C006D0068006F007300740073002F0034000000,,,,,,,,,,,,,,,,,,,,,,,,,,,,,,,,,,,,,,,,,,,,,,,,,,,,,,,,,,,,,,,,,,,,,,,,,,,,,,,,,,,,,,,,,,,,,,,,,,,,,,,,,,,,,,,,,,,,,,,,,,,TCP/IP NetBIOS Helper,,,running,,,,,,,,,,,,,
2026-09-02T00:09:04.544240Z,"{'#attributes': {'Qualifiers': 16384}, '#text': 7036}",dc.scaffold.htb,Service Control Manager,System,14135,4,,,,,,4E0065007400530065007400750070005300760063002F0031000000,,,,,,,,,,,,,,,,,,,,,,,,,,,,,,,,,,,,,,,,,,,,,,,,,,,,,,,,,,,,,,,,,,,,,,,,,,,,,,,,,,,,,,,,,,,,,,,,,,,,,,,,,,,,,,,,,,,,,,,,,,,Network Setup Service,,,stopped,,,,,,,,,,,,,
2026-09-02T00:09:06.255826Z,43,dc.scaffold.htb,Microsoft-Windows-WindowsUpdateClient,System,14136,4,,,,,,,,,,,,,,,,,,,,,,,,,,,,,,,,,,,,,,,,,,,,,,,,,,,,,,,,,,,,,,,,,,,,,,,,,,,,,,,,,,,,,,,,,,,,,,,,,,,,,,,,,,,,,,,,,,,,,,,,,,,,,,,,,,,,,,,,,,,,,,,BB36F4B5-4229-46EA-B75A-EC678F920EC9,1,Broadcom Inc. - System - 9.8.30.0
2026-09-02T00:09:06.310519Z,20,dc.scaffold.htb,Microsoft-Windows-WindowsUpdateClient,System,14137,2,,,,,,,,,,,,,,,,,,,,,,,,,,,,,,,,,,,,,,,,,,,,,,,,,,,,,,,,,,,,,,,,,,,,,,,,,,,,,,,,,,,,,,,,,,,,,,,,,,,,,,,,,,,,,,,,,,,,,,,,,,,,,,,,0x80246007,,,,,,,,,,,,8B24B027-1DEE-BABB-9A95-3517DFB9C552,,,BB36F4B5-4229-46EA-B75A-EC678F920EC9,1,Broadcom Inc. - System - 9.8.30.0
2026-09-02T00:09:11.791209Z,43,dc.scaffold.htb,Microsoft-Windows-WindowsUpdateClient,System,14138,4,,,,,,,,,,,,,,,,,,,,,,,,,,,,,,,,,,,,,,,,,,,,,,,,,,,,,,,,,,,,,,,,,,,,,,,,,,,,,,,,,,,,,,,,,,,,,,,,,,,,,,,,,,,,,,,,,,,,,,,,,,,,,,,,,,,,,,,,,,,,,,,EB2BB2C1-FF9C-452B-B9B7-E4BA574C02D9,200,Windows Malicious Software Removal Tool x64 - v5.144 (KB890830)
