2026-09-02T03:18:33.765212Z,7001,dc.scaffold.htb,Microsoft-Windows-Winlogon,System,14835,4,,,,,,,,,,,,,,,,,,,,,,,,,,,,,,,,,,,,,,,,,,,,,,,,,,,,,,,,,,,,,,,,,,,,,,,,,,,,,,,,,,,,,,,,,,,,,,,,,,,,,,,,,,,,,,,,,,1,,,,,,,,S-1-5-21-365932789-2848835602-3476675013-500,,,,,,,,,,,,,,,,,,,,,,,
2026-09-02T03:18:34.084057Z,"{'#attributes': {'Qualifiers': 16384}, '#text': 7036}",dc.scaffold.htb,Service Control Manager,System,14836,4,,,,,,570070006E00550073006500720053006500720076006900630065005F00360032003800300030002F0034000000,,,,,,,,,,,,,,,,,,,,,,,,,,,,,,,,,,,,,,,,,,,,,,,,,,,,,,,,,,,,,,,,,,,,,,,,,,,,,,,,,,,,,,,,,,,,,,,,,,,,,,,,,,,,,,,,,,,,,,,,,,,Windows Push Notifications User Service_62800,,,running,,,,,,,,,,,,,
2026-09-02T03:18:34.209058Z,"{'#attributes': {'Qualifiers': 16384}, '#text': 7036}",dc.scaffold.htb,Service Control Manager,System,14837,4,,,,,,43004400500055007300650072005300760063005F00360032003800300030002F0034000000,,,,,,,,,,,,,,,,,,,,,,,,,,,,,,,,,,,,,,,,,,,,,,,,,,,,,,,,,,,,,,,,,,,,,,,,,,,,,,,,,,,,,,,,,,,,,,,,,,,,,,,,,,,,,,,,,,,,,,,,,,,Connected Devices Platform User Service_62800,,,running,,,,,,,,,,,,,
2026-09-02T03:18:34.224685Z,"{'#attributes': {'Qualifiers': 16384}, '#text': 7036}",dc.scaffold.htb,Service Control Manager,System,14838,4,,,,,,5400610062006C006500740049006E0070007500740053006500720076006900630065002F0034000000,,,,,,,,,,,,,,,,,,,,,,,,,,,,,,,,,,,,,,,,,,,,,,,,,,,,,,,,,,,,,,,,,,,,,,,,,,,,,,,,,,,,,,,,,,,,,,,,,,,,,,,,,,,,,,,,,,,,,,,,,,,Touch Keyboard and Handwriting Panel Service,,,running,,,,,,,,,,,,,
2026-09-02T03:18:34.318433Z,"{'#attributes': {'Qualifiers': 16384}, '#text': 7036}",dc.scaffold.htb,Service Control Manager,System,14839,4,,,,,,54006F006B0065006E00420072006F006B00650072002F0034000000,,,,,,,,,,,,,,,,,,,,,,,,,,,,,,,,,,,,,,,,,,,,,,,,,,,,,,,,,,,,,,,,,,,,,,,,,,,,,,,,,,,,,,,,,,,,,,,,,,,,,,,,,,,,,,,,,,,,,,,,,,,Web Account Manager,,,running,,,,,,,,,,,,,
2026-09-02T03:18:34.521558Z,"{'#attributes': {'Qualifiers': 16384}, '#text': 7036}",dc.scaffold.htb,Service Control Manager,System,14840,4,,,,,,630061006D007300760063002F0034000000,,,,,,,,,,,,,,,,,,,,,,,,,,,,,,,,,,,,,,,,,,,,,,,,,,,,,,,,,,,,,,,,,,,,,,,,,,,,,,,,,,,,,,,,,,,,,,,,,,,,,,,,,,,,,,,,,,,,,,,,,,,Capability Access Manager Service,,,running,,,,,,,,,,,,,
2026-09-02T03:18:34.693433Z,"{'#attributes': {'Qualifiers': 16384}, '#text': 7036}",dc.scaffold.htb,Service Control Manager,System,14841,4,,,,,,4300440050005300760063002F0034000000,,,,,,,,,,,,,,,,,,,,,,,,,,,,,,,,,,,,,,,,,,,,,,,,,,,,,,,,,,,,,,,,,,,,,,,,,,,,,,,,,,,,,,,,,,,,,,,,,,,,,,,,,,,,,,,,,,,,,,,,,,,Connected Devices Platform Service,,,running,,,,,,,,,,,,,
2026-09-02T03:18:34.724691Z,"{'#attributes': {'Qualifiers': 0}, '#text': 10016}",dc.scaffold.htb,Microsoft-Windows-DistributedCOM,System,14842,3,,,,,,,,,,,,,,,,,,,,,,,,,,,,,,,,,,,,,,,,,,,,,,,,,,,,,,,,,,,,,,,,,,,,,,,,,,,,,,,,,,,,,,,,,,,,,,,,,,,,,,,,,,,,,,,,,,,,,,,,,,,,,,,,,application-specific,Unavailable,Unavailable,Local,Launch,{21B896BF-008D-4D01-A27B-26061B960DD7},{03E09F3B-DCE4-44FE-A9CF-82D050827E1C},SCAFFOLD,Administrator,S-1-5-21-365932789-2848835602-3476675013-500,LocalHost (Using LRPC),,,,,,
2026-09-02T03:18:39.818433Z,"{'#attributes': {'Qualifiers': 16384}, '#text': 7036}",dc.scaffold.htb,Service Control Manager,System,14843,4,,,,,,63006200640068007300760063005F00360032003800300030002F0034000000,,,,,,,,,,,,,,,,,,,,,,,,,,,,,,,,,,,,,,,,,,,,,,,,,,,,,,,,,,,,,,,,,,,,,,,,,,,,,,,,,,,,,,,,,,,,,,,,,,,,,,,,,,,,,,,,,,,,,,,,,,,Clipboard User Service_62800,,,running,,,,,,,,,,,,,
2026-09-02T03:18:43.669776Z,23,dc.scaffold.htb,Microsoft-Windows-Eventlog,System,14844,2,,,,,,,,,,,,,Microsoft-Windows-PowerShell/Operational,,,,,,,,,,,,,,,,,,,,,,,,,,,,,,,,,,,5,,,,,,,,,,,,,,,,,,,,,,,,,,,,,,,,,,,,,,,,,,,,,,,,,,,,,,,,,,,,,,,,,,,,,,,,,,,,,,http://manifests.microsoft.com/win/2004/08/windows/eventlog,,,,,,,,,,,,,,,,,,,
2026-09-02T03:18:43.670960Z,23,dc.scaffold.htb,Microsoft-Windows-Eventlog,System,14845,2,,,,,,,,,,,,,Microsoft-Windows-PowerShell/Admin,,,,,,,,,,,,,,,,,,,,,,,,,,,,,,,,,,,5,,,,,,,,,,,,,,,,,,,,,,,,,,,,,,,,,,,,,,,,,,,,,,,,,,,,,,,,,,,,,,,,,,,,,,,,,,,,,,http://manifests.microsoft.com/win/2004/08/windows/eventlog,,,,,,,,,,,,,,,,,,,
2026-09-02T03:18:44.311679Z,"{'#attributes': {'Qualifiers': 16384}, '#text': 7036}",dc.scaffold.htb,Service Control Manager,System,14846,4,,,,,,4E0065007400530065007400750070005300760063002F0034000000,,,,,,,,,,,,,,,,,,,,,,,,,,,,,,,,,,,,,,,,,,,,,,,,,,,,,,,,,,,,,,,,,,,,,,,,,,,,,,,,,,,,,,,,,,,,,,,,,,,,,,,,,,,,,,,,,,,,,,,,,,,Network Setup Service,,,running,,,,,,,,,,,,,
2026-09-02T03:18:45.994680Z,"{'#attributes': {'Qualifiers': 16384}, '#text': 7036}",dc.scaffold.htb,Service Control Manager,System,14847,4,,,,,,77006C00690064007300760063002F0034000000,,,,,,,,,,,,,,,,,,,,,,,,,,,,,,,,,,,,,,,,,,,,,,,,,,,,,,,,,,,,,,,,,,,,,,,,,,,,,,,,,,,,,,,,,,,,,,,,,,,,,,,,,,,,,,,,,,,,,,,,,,,Microsoft Account Sign-in Assistant,,,running,,,,,,,,,,,,,
2026-09-02T03:18:55.097680Z,"{'#attributes': {'Qualifiers': 16384}, '#text': 7036}",dc.scaffold.htb,Service Control Manager,System,14848,4,,,,,,57006100610053004D0065006400690063005300760063002F0031000000,,,,,,,,,,,,,,,,,,,,,,,,,,,,,,,,,,,,,,,,,,,,,,,,,,,,,,,,,,,,,,,,,,,,,,,,,,,,,,,,,,,,,,,,,,,,,,,,,,,,,,,,,,,,,,,,,,,,,,,,,,,Windows Update Medic Service,,,stopped,,,,,,,,,,,,,
2026-09-02T03:19:01.094676Z,"{'#attributes': {'Qualifiers': 16384}, '#text': 7036}",dc.scaffold.htb,Service Control Manager,System,14849,4,,,,,,4E00650074006D0061006E002F0034000000,,,,,,,,,,,,,,,,,,,,,,,,,,,,,,,,,,,,,,,,,,,,,,,,,,,,,,,,,,,,,,,,,,,,,,,,,,,,,,,,,,,,,,,,,,,,,,,,,,,,,,,,,,,,,,,,,,,,,,,,,,,Network Connections,,,running,,,,,,,,,,,,,
2026-09-02T03:19:23.943804Z,1014,dc.scaffold.htb,Microsoft-Windows-DNS-Client,System,14850,3,,0200000001010101000000000000000000000000000000000000000000000000000000000000000000000000000000000000000000000000000000000000000000000000000000000000000000000000000000000000000000000000000000000000000000000000000000000000000000000000000000000000000000000000,128,,,,,,,,,,,,,,,,,,,,,,,,,,,,,,,,,,,,,,,,,,,,,,,,,,,,,,,,,,,,,,,,,,,,,,,,,,,,,,,,,,,,,,,,,,,,wpad,,,,,,,,,,,,,,,,,,,,,,,,,,,,,,,,,,,,,,,,,,,,,,,,,,
2026-09-02T03:19:25.224689Z,"{'#attributes': {'Qualifiers': 16384}, '#text': 7036}",dc.scaffold.htb,Service Control Manager,System,14851,4,,,,,,4400500053002F0034000000,,,,,,,,,,,,,,,,,,,,,,,,,,,,,,,,,,,,,,,,,,,,,,,,,,,,,,,,,,,,,,,,,,,,,,,,,,,,,,,,,,,,,,,,,,,,,,,,,,,,,,,,,,,,,,,,,,,,,,,,,,,Diagnostic Policy Service,,,running,,,,,,,,,,,,,
2026-09-02T03:19:25.365309Z,"{'#attributes': {'Qualifiers': 16384}, '#text': 7036}",dc.scaffold.htb,Service Control Manager,System,14852,4,,,,,,65006400670065007500700064006100740065002F0034000000,,,,,,,,,,,,,,,,,,,,,,,,,,,,,,,,,,,,,,,,,,,,,,,,,,,,,,,,,,,,,,,,,,,,,,,,,,,,,,,,,,,,,,,,,,,,,,,,,,,,,,,,,,,,,,,,,,,,,,,,,,,Microsoft Edge Update Service (edgeupdate),,,running,,,,,,,,,,,,,
2026-09-02T03:19:25.365309Z,"{'#attributes': {'Qualifiers': 16384}, '#text': 7036}",dc.scaffold.htb,Service Control Manager,System,14853,4,,,,,,65006400670065007500700064006100740065002F0031000000,,,,,,,,,,,,,,,,,,,,,,,,,,,,,,,,,,,,,,,,,,,,,,,,,,,,,,,,,,,,,,,,,,,,,,,,,,,,,,,,,,,,,,,,,,,,,,,,,,,,,,,,,,,,,,,,,,,,,,,,,,,Microsoft Edge Update Service (edgeupdate),,,stopped,,,,,,,,,,,,,
2026-09-02T03:19:25.568433Z,"{'#attributes': {'Qualifiers': 16384}, '#text': 7036}",dc.scaffold.htb,Service Control Manager,System,14854,4,,,,,,5000630061005300760063002F0034000000,,,,,,,,,,,,,,,,,,,,,,,,,,,,,,,,,,,,,,,,,,,,,,,,,,,,,,,,,,,,,,,,,,,,,,,,,,,,,,,,,,,,,,,,,,,,,,,,,,,,,,,,,,,,,,,,,,,,,,,,,,,Program Compatibility Assistant Service,,,running,,,,,,,,,,,,,
2026-09-02T03:19:25.740399Z,"{'#attributes': {'Qualifiers': 16384}, '#text': 7036}",dc.scaffold.htb,Service Control Manager,System,14855,4,,,,,,7300700070007300760063002F0034000000,,,,,,,,,,,,,,,,,,,,,,,,,,,,,,,,,,,,,,,,,,,,,,,,,,,,,,,,,,,,,,,,,,,,,,,,,,,,,,,,,,,,,,,,,,,,,,,,,,,,,,,,,,,,,,,,,,,,,,,,,,,Software Protection,,,running,,,,,,,,,,,,,
2026-09-02T03:19:27.302812Z,"{'#attributes': {'Qualifiers': 16384}, '#text': 7036}",dc.scaffold.htb,Service Control Manager,System,14856,4,,,,,,550041004C005300560043002F0034000000,,,,,,,,,,,,,,,,,,,,,,,,,,,,,,,,,,,,,,,,,,,,,,,,,,,,,,,,,,,,,,,,,,,,,,,,,,,,,,,,,,,,,,,,,,,,,,,,,,,,,,,,,,,,,,,,,,,,,,,,,,,User Access Logging Service,,,running,,,,,,,,,,,,,
2026-09-02T03:19:46.521565Z,"{'#attributes': {'Qualifiers': 16384}, '#text': 7036}",dc.scaffold.htb,Service Control Manager,System,14857,4,,,,,,77006D006900410070005300720076002F0031000000,,,,,,,,,,,,,,,,,,,,,,,,,,,,,,,,,,,,,,,,,,,,,,,,,,,,,,,,,,,,,,,,,,,,,,,,,,,,,,,,,,,,,,,,,,,,,,,,,,,,,,,,,,,,,,,,,,,,,,,,,,,WMI Performance Adapter,,,stopped,,,,,,,,,,,,,
2026-09-02T03:19:46.896561Z,"{'#attributes': {'Qualifiers': 16384}, '#text': 7036}",dc.scaffold.htb,Service Control Manager,System,14858,4,,,,,,77006D006900410070005300720076002F0034000000,,,,,,,,,,,,,,,,,,,,,,,,,,,,,,,,,,,,,,,,,,,,,,,,,,,,,,,,,,,,,,,,,,,,,,,,,,,,,,,,,,,,,,,,,,,,,,,,,,,,,,,,,,,,,,,,,,,,,,,,,,,WMI Performance Adapter,,,running,,,,,,,,,,,,,
2026-09-02T03:19:46.959058Z,"{'#attributes': {'Qualifiers': 16384}, '#text': 7036}",dc.scaffold.htb,Service Control Manager,System,14859,4,,,,,,77006D006900410070005300720076002F0031000000,,,,,,,,,,,,,,,,,,,,,,,,,,,,,,,,,,,,,,,,,,,,,,,,,,,,,,,,,,,,,,,,,,,,,,,,,,,,,,,,,,,,,,,,,,,,,,,,,,,,,,,,,,,,,,,,,,,,,,,,,,,WMI Performance Adapter,,,stopped,,,,,,,,,,,,,
2026-09-02T03:19:47.130979Z,"{'#attributes': {'Qualifiers': 16384}, '#text': 7036}",dc.scaffold.htb,Service Control Manager,System,14860,4,,,,,,77006D006900410070005300720076002F0034000000,,,,,,,,,,,,,,,,,,,,,,,,,,,,,,,,,,,,,,,,,,,,,,,,,,,,,,,,,,,,,,,,,,,,,,,,,,,,,,,,,,,,,,,,,,,,,,,,,,,,,,,,,,,,,,,,,,,,,,,,,,,WMI Performance Adapter,,,running,,,,,,,,,,,,,
2026-09-02T03:19:56.802807Z,"{'#attributes': {'Qualifiers': 16384}, '#text': 7036}",dc.scaffold.htb,Service Control Manager,System,14861,4,,,,,,7300700070007300760063002F0031000000,,,,,,,,,,,,,,,,,,,,,,,,,,,,,,,,,,,,,,,,,,,,,,,,,,,,,,,,,,,,,,,,,,,,,,,,,,,,,,,,,,,,,,,,,,,,,,,,,,,,,,,,,,,,,,,,,,,,,,,,,,,Software Protection,,,stopped,,,,,,,,,,,,,
2026-09-02T03:20:02.865339Z,"{'#attributes': {'Qualifiers': 16384}, '#text': 7040}",dc.scaffold.htb,Service Control Manager,System,14862,4,,,,,,,,,,,,,,,,,,,,,,,,,,,,,,,,,,,,,,,,,,,,,,,,,,,,,,,,,,,,,,,,,,,,,,,,,,,,,,,,,,,,,,,,,,,,,,,,,,,,,,,,,,,,,,,,,,,,,,,,,,,,,,,,,Update Orchestrator Service,,,disabled,auto start,UsoSvc,,,,,,,,,,,
2026-09-02T03:20:17.755932Z,"{'#attributes': {'Qualifiers': 16384}, '#text': 7040}",dc.scaffold.htb,Service Control Manager,System,14863,4,,,,,,,,,,,,,,,,,,,,,,,,,,,,,,,,,,,,,,,,,,,,,,,,,,,,,,,,,,,,,,,,,,,,,,,,,,,,,,,,,,,,,,,,,,,,,,,,,,,,,,,,,,,,,,,,,,,,,,,,,,,,,,,,,Windows Modules Installer,,,disabled,auto start,TrustedInstaller,,,,,,,,,,,
2026-09-02T03:20:31.115395Z,"{'#attributes': {'Qualifiers': 16384}, '#text': 7036}",dc.scaffold.htb,Service Control Manager,System,14864,4,,,,,,76006D007600730073002F0031000000,,,,,,,,,,,,,,,,,,,,,,,,,,,,,,,,,,,,,,,,,,,,,,,,,,,,,,,,,,,,,,,,,,,,,,,,,,,,,,,,,,,,,,,,,,,,,,,,,,,,,,,,,,,,,,,,,,,,,,,,,,,VMware Snapshot Provider,,,stopped,,,,,,,,,,,,,
2026-09-02T03:20:31.177836Z,"{'#attributes': {'Qualifiers': 16384}, '#text': 7036}",dc.scaffold.htb,Service Control Manager,System,14865,4,,,,,,5600530053002F0031000000,,,,,,,,,,,,,,,,,,,,,,,,,,,,,,,,,,,,,,,,,,,,,,,,,,,,,,,,,,,,,,,,,,,,,,,,,,,,,,,,,,,,,,,,,,,,,,,,,,,,,,,,,,,,,,,,,,,,,,,,,,,Volume Shadow Copy,,,stopped,,,,,,,,,,,,,
2026-09-02T03:20:33.177807Z,"{'#attributes': {'Qualifiers': 16384}, '#text': 7040}",dc.scaffold.htb,Service Control Manager,System,14866,4,,,,,,,,,,,,,,,,,,,,,,,,,,,,,,,,,,,,,,,,,,,,,,,,,,,,,,,,,,,,,,,,,,,,,,,,,,,,,,,,,,,,,,,,,,,,,,,,,,,,,,,,,,,,,,,,,,,,,,,,,,,,,,,,,Windows Update,,,disabled,auto start,wuauserv,,,,,,,,,,,
2026-09-02T03:20:33.880945Z,"{'#attributes': {'Qualifiers': 16384}, '#text': 7036}",dc.scaffold.htb,Service Control Manager,System,14867,4,,,,,,57005000440042007500730045006E0075006D002F0031000000,,,,,,,,,,,,,,,,,,,,,,,,,,,,,,,,,,,,,,,,,,,,,,,,,,,,,,,,,,,,,,,,,,,,,,,,,,,,,,,,,,,,,,,,,,,,,,,,,,,,,,,,,,,,,,,,,,,,,,,,,,,Portable Device Enumerator Service,,,stopped,,,,,,,,,,,,,
2026-09-02T03:21:12.349686Z,"{'#attributes': {'Qualifiers': 16384}, '#text': 7036}",dc.scaffold.htb,Service Control Manager,System,14868,4,,,,,,540072007500730074006500640049006E007300740061006C006C00650072002F0034000000,,,,,,,,,,,,,,,,,,,,,,,,,,,,,,,,,,,,,,,,,,,,,,,,,,,,,,,,,,,,,,,,,,,,,,,,,,,,,,,,,,,,,,,,,,,,,,,,,,,,,,,,,,,,,,,,,,,,,,,,,,,Windows Modules Installer,,,running,,,,,,,,,,,,,
2026-09-02T03:21:12.740309Z,"{'#attributes': {'Qualifiers': 16384}, '#text': 7036}",dc.scaffold.htb,Service Control Manager,System,14869,4,,,,,,57006100610053004D0065006400690063005300760063002F0034000000,,,,,,,,,,,,,,,,,,,,,,,,,,,,,,,,,,,,,,,,,,,,,,,,,,,,,,,,,,,,,,,,,,,,,,,,,,,,,,,,,,,,,,,,,,,,,,,,,,,,,,,,,,,,,,,,,,,,,,,,,,,Windows Update Medic Service,,,running,,,,,,,,,,,,,
2026-09-02T03:21:12.755935Z,"{'#attributes': {'Qualifiers': 16384}, '#text': 7036}",dc.scaffold.htb,Service Control Manager,System,14870,4,,,,,,550073006F005300760063002F0034000000,,,,,,,,,,,,,,,,,,,,,,,,,,,,,,,,,,,,,,,,,,,,,,,,,,,,,,,,,,,,,,,,,,,,,,,,,,,,,,,,,,,,,,,,,,,,,,,,,,,,,,,,,,,,,,,,,,,,,,,,,,,Update Orchestrator Service,,,running,,,,,,,,,,,,,
2026-09-02T03:21:13.209070Z,"{'#attributes': {'Qualifiers': 16384}, '#text': 7036}",dc.scaffold.htb,Service Control Manager,System,14871,4,,,,,,770075006100750073006500720076002F0034000000,,,,,,,,,,,,,,,,,,,,,,,,,,,,,,,,,,,,,,,,,,,,,,,,,,,,,,,,,,,,,,,,,,,,,,,,,,,,,,,,,,,,,,,,,,,,,,,,,,,,,,,,,,,,,,,,,,,,,,,,,,,Windows Update,,,running,,,,,,,,,,,,,
2026-09-02T03:21:22.834061Z,"{'#attributes': {'Qualifiers': 16384}, '#text': 7036}",dc.scaffold.htb,Service Control Manager,System,14872,4,,,,,,5600530053002F0034000000,,,,,,,,,,,,,,,,,,,,,,,,,,,,,,,,,,,,,,,,,,,,,,,,,,,,,,,,,,,,,,,,,,,,,,,,,,,,,,,,,,,,,,,,,,,,,,,,,,,,,,,,,,,,,,,,,,,,,,,,,,,Volume Shadow Copy,,,running,,,,,,,,,,,,,
2026-09-02T03:21:22.880934Z,"{'#attributes': {'Qualifiers': 16384}, '#text': 7036}",dc.scaffold.htb,Service Control Manager,System,14873,4,,,,,,730077007000720076002F0034000000,,,,,,,,,,,,,,,,,,,,,,,,,,,,,,,,,,,,,,,,,,,,,,,,,,,,,,,,,,,,,,,,,,,,,,,,,,,,,,,,,,,,,,,,,,,,,,,,,,,,,,,,,,,,,,,,,,,,,,,,,,,Microsoft Software Shadow Copy Provider,,,running,,,,,,,,,,,,,
2026-09-02T03:21:24.880938Z,"{'#attributes': {'Qualifiers': 32768}, '#text': 1074}",dc.scaffold.htb,User32,System,14874,4,,,,,,,,,,,,,,,,,,,,,,,,,,,,,,,,,,,,,,,,,,,,,,,,,,,,,,,,,,,,,,,,,,,,,,,,,,,,,,,,,,,,,,,,,,,,,,,,,,,,,,,,,,,,,,,,,,,,,,,,,,,,,,,,,C:\Windows\servicing\TrustedInstaller.exe (DC),,,DC,Operating System: Upgrade (Planned),0x80020003,restart,,NT AUTHORITY\SYSTEM,,,,,,,,
2026-09-02T03:21:26.334061Z,"{'#attributes': {'Qualifiers': 16384}, '#text': 7036}",dc.scaffold.htb,Service Control Manager,System,14875,4,,,,,,63006200640068007300760063005F00360032003800300030002F0031000000,,,,,,,,,,,,,,,,,,,,,,,,,,,,,,,,,,,,,,,,,,,,,,,,,,,,,,,,,,,,,,,,,,,,,,,,,,,,,,,,,,,,,,,,,,,,,,,,,,,,,,,,,,,,,,,,,,,,,,,,,,,Clipboard User Service_62800,,,stopped,,,,,,,,,,,,,
2026-09-02T03:21:26.334061Z,"{'#attributes': {'Qualifiers': 16384}, '#text': 7036}",dc.scaffold.htb,Service Control Manager,System,14876,4,,,,,,570070006E00550073006500720053006500720076006900630065005F00360032003800300030002F0031000000,,,,,,,,,,,,,,,,,,,,,,,,,,,,,,,,,,,,,,,,,,,,,,,,,,,,,,,,,,,,,,,,,,,,,,,,,,,,,,,,,,,,,,,,,,,,,,,,,,,,,,,,,,,,,,,,,,,,,,,,,,,Windows Push Notifications User Service_62800,,,stopped,,,,,,,,,,,,,
2026-09-02T03:21:26.396563Z,"{'#attributes': {'Qualifiers': 16384}, '#text': 7036}",dc.scaffold.htb,Service Control Manager,System,14877,4,,,,,,43004400500055007300650072005300760063005F00360032003800300030002F0031000000,,,,,,,,,,,,,,,,,,,,,,,,,,,,,,,,,,,,,,,,,,,,,,,,,,,,,,,,,,,,,,,,,,,,,,,,,,,,,,,,,,,,,,,,,,,,,,,,,,,,,,,,,,,,,,,,,,,,,,,,,,,Connected Devices Platform User Service_62800,,,stopped,,,,,,,,,,,,,
2026-09-02T03:21:26.602111Z,7002,dc.scaffold.htb,Microsoft-Windows-Winlogon,System,14878,4,,,,,,,,,,,,,,,,,,,,,,,,,,,,,,,,,,,,,,,,,,,,,,,,,,,,,,,,,,,,,,,,,,,,,,,,,,,,,,,,,,,,,,,,,,,,,,,,,,,,,,,,,,,,,,,,,,1,,,,,,,,S-1-5-21-365932789-2848835602-3476675013-500,,,,,,,,,,,,,,,,,,,,,,,
2026-09-02T03:21:26.630933Z,"{'#attributes': {'Qualifiers': 16384}, '#text': 7036}",dc.scaffold.htb,Service Control Manager,System,14879,4,,,,,,670070007300760063002F0031000000,,,,,,,,,,,,,,,,,,,,,,,,,,,,,,,,,,,,,,,,,,,,,,,,,,,,,,,,,,,,,,,,,,,,,,,,,,,,,,,,,,,,,,,,,,,,,,,,,,,,,,,,,,,,,,,,,,,,,,,,,,,Group Policy Client,,,stopped,,,,,,,,,,,,,
2026-09-02T03:21:31.318435Z,"{'#attributes': {'Qualifiers': 16384}, '#text': 7036}",dc.scaffold.htb,Service Control Manager,System,14880,4,,,,,,540072007500730074006500640049006E007300740061006C006C00650072002F0031000000,,,,,,,,,,,,,,,,,,,,,,,,,,,,,,,,,,,,,,,,,,,,,,,,,,,,,,,,,,,,,,,,,,,,,,,,,,,,,,,,,,,,,,,,,,,,,,,,,,,,,,,,,,,,,,,,,,,,,,,,,,,Windows Modules Installer,,,stopped,,,,,,,,,,,,,
2026-09-02T03:21:31.334074Z,"{'#attributes': {'Qualifiers': 16384}, '#text': 7036}",dc.scaffold.htb,Service Control Manager,System,14881,4,,,,,,41007A0075007200650041007400740065007300740053006500720076006900630065002F0031000000,,,,,,,,,,,,,,,,,,,,,,,,,,,,,,,,,,,,,,,,,,,,,,,,,,,,,,,,,,,,,,,,,,,,,,,,,,,,,,,,,,,,,,,,,,,,,,,,,,,,,,,,,,,,,,,,,,,,,,,,,,,AzureAttestService,,,stopped,,,,,,,,,,,,,
2026-09-02T03:21:31.349686Z,"{'#attributes': {'Qualifiers': 16384}, '#text': 7036}",dc.scaffold.htb,Service Control Manager,System,14882,4,,,,,,56004D0054006F006F006C0073002F0031000000,,,,,,,,,,,,,,,,,,,,,,,,,,,,,,,,,,,,,,,,,,,,,,,,,,,,,,,,,,,,,,,,,,,,,,,,,,,,,,,,,,,,,,,,,,,,,,,,,,,,,,,,,,,,,,,,,,,,,,,,,,,VMware Tools,,,stopped,,,,,,,,,,,,,
2026-09-02T03:21:31.427807Z,"{'#attributes': {'Qualifiers': 16384}, '#text': 7036}",dc.scaffold.htb,Service Control Manager,System,14883,4,,,,,,550041004C005300560043002F0031000000,,,,,,,,,,,,,,,,,,,,,,,,,,,,,,,,,,,,,,,,,,,,,,,,,,,,,,,,,,,,,,,,,,,,,,,,,,,,,,,,,,,,,,,,,,,,,,,,,,,,,,,,,,,,,,,,,,,,,,,,,,,User Access Logging Service,,,stopped,,,,,,,,,,,,,
2026-09-02T03:21:31.427807Z,"{'#attributes': {'Qualifiers': 16384}, '#text': 7036}",dc.scaffold.htb,Service Control Manager,System,14884,4,,,,,,440069006100670054007200610063006B002F0031000000,,,,,,,,,,,,,,,,,,,,,,,,,,,,,,,,,,,,,,,,,,,,,,,,,,,,,,,,,,,,,,,,,,,,,,,,,,,,,,,,,,,,,,,,,,,,,,,,,,,,,,,,,,,,,,,,,,,,,,,,,,,Connected User Experiences and Telemetry,,,stopped,,,,,,,,,,,,,
2026-09-02T03:21:31.427807Z,"{'#attributes': {'Qualifiers': 16384}, '#text': 7036}",dc.scaffold.htb,Service Control Manager,System,14885,4,,,,,,42004900540053002F0031000000,,,,,,,,,,,,,,,,,,,,,,,,,,,,,,,,,,,,,,,,,,,,,,,,,,,,,,,,,,,,,,,,,,,,,,,,,,,,,,,,,,,,,,,,,,,,,,,,,,,,,,,,,,,,,,,,,,,,,,,,,,,Background Intelligent Transfer Service,,,stopped,,,,,,,,,,,,,
2026-09-02T03:21:32.615311Z,"{'#attributes': {'Qualifiers': 7}, '#text': 10149}",dc.scaffold.htb,Microsoft-Windows-WinRM,System,14886,3,,,,,,,,,,,,,,,,,,,,,,,,,,,,,,,,,,,,,,,,,,,,,,,,,,,,,,,,,,,,,,,,,,,,,,,,,,Stopped Listening,,,,,,,,,,,,,,,,,,,,,,,,,,,,,,,,,,,,,,,,,,,,,,,,,,,,,,,,,,,,,,,,,,,,,,,
2026-09-02T03:21:32.709063Z,"{'#attributes': {'Qualifiers': 32768}, '#text': 6006}",dc.scaffold.htb,EventLog,System,14887,4,,,,,,0100000000000000,,,,,,,,,,,,,,,,,,,,,,,,,,,,,,,,,,,,,,,,,,,,,,,,,,,,,,,,,,,,,,,,,,,,,,,,,,,,,,,,,,,,,,,,,,,,,,,,,,,,,,,,,,,,,,,,,,,,,,,,,,,,,,,,,,,,,,,,,,,
2026-09-02T03:21:32.505944Z,"{'#attributes': {'Qualifiers': 16384}, '#text': 7036}",dc.scaffold.htb,Service Control Manager,System,14888,4,,,,,,770075006100750073006500720076002F0031000000,,,,,,,,,,,,,,,,,,,,,,,,,,,,,,,,,,,,,,,,,,,,,,,,,,,,,,,,,,,,,,,,,,,,,,,,,,,,,,,,,,,,,,,,,,,,,,,,,,,,,,,,,,,,,,,,,,,,,,,,,,,Windows Update,,,stopped,,,,,,,,,,,,,
2026-09-02T03:21:32.584062Z,"{'#attributes': {'Qualifiers': 16384}, '#text': 7036}",dc.scaffold.htb,Service Control Manager,System,14889,4,,,,,,630061006D007300760063002F0031000000,,,,,,,,,,,,,,,,,,,,,,,,,,,,,,,,,,,,,,,,,,,,,,,,,,,,,,,,,,,,,,,,,,,,,,,,,,,,,,,,,,,,,,,,,,,,,,,,,,,,,,,,,,,,,,,,,,,,,,,,,,,Capability Access Manager Service,,,stopped,,,,,,,,,,,,,
2026-09-02T03:21:32.584062Z,"{'#attributes': {'Qualifiers': 16384}, '#text': 7036}",dc.scaffold.htb,Service Control Manager,System,14890,4,,,,,,43006C00690070005300560043002F0031000000,,,,,,,,,,,,,,,,,,,,,,,,,,,,,,,,,,,,,,,,,,,,,,,,,,,,,,,,,,,,,,,,,,,,,,,,,,,,,,,,,,,,,,,,,,,,,,,,,,,,,,,,,,,,,,,,,,,,,,,,,,,Client License Service (ClipSVC),,,stopped,,,,,,,,,,,,,
2026-09-02T03:21:32.584062Z,"{'#attributes': {'Qualifiers': 16384}, '#text': 7036}",dc.scaffold.htb,Service Control Manager,System,14891,4,,,,,,41007000700058005300760063002F0031000000,,,,,,,,,,,,,,,,,,,,,,,,,,,,,,,,,,,,,,,,,,,,,,,,,,,,,,,,,,,,,,,,,,,,,,,,,,,,,,,,,,,,,,,,,,,,,,,,,,,,,,,,,,,,,,,,,,,,,,,,,,,AppX Deployment Service (AppXSVC),,,stopped,,,,,,,,,,,,,
2026-09-02T03:21:32.584062Z,"{'#attributes': {'Qualifiers': 16384}, '#text': 7036}",dc.scaffold.htb,Service Control Manager,System,14892,4,,,,,,41004400570053002F0031000000,,,,,,,,,,,,,,,,,,,,,,,,,,,,,,,,,,,,,,,,,,,,,,,,,,,,,,,,,,,,,,,,,,,,,,,,,,,,,,,,,,,,,,,,,,,,,,,,,,,,,,,,,,,,,,,,,,,,,,,,,,,Active Directory Web Services,,,stopped,,,,,,,,,,,,,
2026-09-02T03:21:32.599686Z,"{'#attributes': {'Qualifiers': 16384}, '#text': 7036}",dc.scaffold.htb,Service Control Manager,System,14893,4,,,,,,4D0053004400540043002F0031000000,,,,,,,,,,,,,,,,,,,,,,,,,,,,,,,,,,,,,,,,,,,,,,,,,,,,,,,,,,,,,,,,,,,,,,,,,,,,,,,,,,,,,,,,,,,,,,,,,,,,,,,,,,,,,,,,,,,,,,,,,,,Distributed Transaction Coordinator,,,stopped,,,,,,,,,,,,,
2026-09-02T03:21:32.599686Z,"{'#attributes': {'Qualifiers': 16384}, '#text': 7036}",dc.scaffold.htb,Service Control Manager,System,14894,4,,,,,,5000630061005300760063002F0031000000,,,,,,,,,,,,,,,,,,,,,,,,,,,,,,,,,,,,,,,,,,,,,,,,,,,,,,,,,,,,,,,,,,,,,,,,,,,,,,,,,,,,,,,,,,,,,,,,,,,,,,,,,,,,,,,,,,,,,,,,,,,Program Compatibility Assistant Service,,,stopped,,,,,,,,,,,,,
2026-09-02T03:21:32.599686Z,"{'#attributes': {'Qualifiers': 16384}, '#text': 7036}",dc.scaffold.htb,Service Control Manager,System,14895,4,,,,,,4D00440054005F004D006F006E00690074006F0072002F0031000000,,,,,,,,,,,,,,,,,,,,,,,,,,,,,,,,,,,,,,,,,,,,,,,,,,,,,,,,,,,,,,,,,,,,,,,,,,,,,,,,,,,,,,,,,,,,,,,,,,,,,,,,,,,,,,,,,,,,,,,,,,,Microsoft Deployment Toolkit Monitor Service,,,stopped,,,,,,,,,,,,,
2026-09-02T03:21:32.599686Z,"{'#attributes': {'Qualifiers': 16384}, '#text': 7036}",dc.scaffold.htb,Service Control Manager,System,14896,4,,,,,,5300790073004D00610069006E002F0031000000,,,,,,,,,,,,,,,,,,,,,,,,,,,,,,,,,,,,,,,,,,,,,,,,,,,,,,,,,,,,,,,,,,,,,,,,,,,,,,,,,,,,,,,,,,,,,,,,,,,,,,,,,,,,,,,,,,,,,,,,,,,SysMain,,,stopped,,,,,,,,,,,,,
2026-09-02T03:21:32.599686Z,"{'#attributes': {'Qualifiers': 16384}, '#text': 7036}",dc.scaffold.htb,Service Control Manager,System,14897,4,,,,,,530051004C00540045004C0045004D0045005400520059002400530051004C0045005800500052004500530053002F0031000000,,,,,,,,,,,,,,,,,,,,,,,,,,,,,,,,,,,,,,,,,,,,,,,,,,,,,,,,,,,,,,,,,,,,,,,,,,,,,,,,,,,,,,,,,,,,,,,,,,,,,,,,,,,,,,,,,,,,,,,,,,,SQL Server CEIP service (SQLEXPRESS),,,stopped,,,,,,,,,,,,,
2026-09-02T03:21:32.599686Z,"{'#attributes': {'Qualifiers': 16384}, '#text': 7036}",dc.scaffold.htb,Service Control Manager,System,14898,4,,,,,,730077007000720076002F0031000000,,,,,,,,,,,,,,,,,,,,,,,,,,,,,,,,,,,,,,,,,,,,,,,,,,,,,,,,,,,,,,,,,,,,,,,,,,,,,,,,,,,,,,,,,,,,,,,,,,,,,,,,,,,,,,,,,,,,,,,,,,,Microsoft Software Shadow Copy Provider,,,stopped,,,,,,,,,,,,,
2026-09-02T03:21:32.615311Z,"{'#attributes': {'Qualifiers': 16384}, '#text': 7036}",dc.scaffold.htb,Service Control Manager,System,14899,4,,,,,,570069006E006D0067006D0074002F0031000000,,,,,,,,,,,,,,,,,,,,,,,,,,,,,,,,,,,,,,,,,,,,,,,,,,,,,,,,,,,,,,,,,,,,,,,,,,,,,,,,,,,,,,,,,,,,,,,,,,,,,,,,,,,,,,,,,,,,,,,,,,,Windows Management Instrumentation,,,stopped,,,,,,,,,,,,,
2026-09-02T03:21:32.615311Z,"{'#attributes': {'Qualifiers': 16384}, '#text': 7036}",dc.scaffold.htb,Service Control Manager,System,14900,4,,,,,,570033005300560043002F0031000000,,,,,,,,,,,,,,,,,,,,,,,,,,,,,,,,,,,,,,,,,,,,,,,,,,,,,,,,,,,,,,,,,,,,,,,,,,,,,,,,,,,,,,,,,,,,,,,,,,,,,,,,,,,,,,,,,,,,,,,,,,,World Wide Web Publishing Service,,,stopped,,,,,,,,,,,,,
2026-09-02T03:21:32.615311Z,"{'#attributes': {'Qualifiers': 16384}, '#text': 7036}",dc.scaffold.htb,Service Control Manager,System,14901,4,,,,,,57006100610053004D0065006400690063005300760063002F0031000000,,,,,,,,,,,,,,,,,,,,,,,,,,,,,,,,,,,,,,,,,,,,,,,,,,,,,,,,,,,,,,,,,,,,,,,,,,,,,,,,,,,,,,,,,,,,,,,,,,,,,,,,,,,,,,,,,,,,,,,,,,,Windows Update Medic Service,,,stopped,,,,,,,,,,,,,
2026-09-02T03:21:32.630934Z,"{'#attributes': {'Qualifiers': 16384}, '#text': 7036}",dc.scaffold.htb,Service Control Manager,System,14902,4,,,,,,490073006D0053006500720076002F0031000000,,,,,,,,,,,,,,,,,,,,,,,,,,,,,,,,,,,,,,,,,,,,,,,,,,,,,,,,,,,,,,,,,,,,,,,,,,,,,,,,,,,,,,,,,,,,,,,,,,,,,,,,,,,,,,,,,,,,,,,,,,,Intersite Messaging,,,stopped,,,,,,,,,,,,,
2026-09-02T03:21:32.646559Z,"{'#attributes': {'Qualifiers': 16384}, '#text': 7036}",dc.scaffold.htb,Service Control Manager,System,14903,4,,,,,,53007300740070005300760063002F0031000000,,,,,,,,,,,,,,,,,,,,,,,,,,,,,,,,,,,,,,,,,,,,,,,,,,,,,,,,,,,,,,,,,,,,,,,,,,,,,,,,,,,,,,,,,,,,,,,,,,,,,,,,,,,,,,,,,,,,,,,,,,,Secure Socket Tunneling Protocol Service,,,stopped,,,,,,,,,,,,,
2026-09-02T03:21:32.646559Z,"{'#attributes': {'Qualifiers': 16384}, '#text': 7036}",dc.scaffold.htb,Service Control Manager,System,14904,4,,,,,,50006F006C006900630079004100670065006E0074002F0031000000,,,,,,,,,,,,,,,,,,,,,,,,,,,,,,,,,,,,,,,,,,,,,,,,,,,,,,,,,,,,,,,,,,,,,,,,,,,,,,,,,,,,,,,,,,,,,,,,,,,,,,,,,,,,,,,,,,,,,,,,,,,IPsec Policy Agent,,,stopped,,,,,,,,,,,,,
2026-09-02T03:21:32.662184Z,"{'#attributes': {'Qualifiers': 16384}, '#text': 7036}",dc.scaffold.htb,Service Control Manager,System,14905,4,,,,,,530074006100740065005200650070006F007300690074006F00720079002F0031000000,,,,,,,,,,,,,,,,,,,,,,,,,,,,,,,,,,,,,,,,,,,,,,,,,,,,,,,,,,,,,,,,,,,,,,,,,,,,,,,,,,,,,,,,,,,,,,,,,,,,,,,,,,,,,,,,,,,,,,,,,,,State Repository Service,,,stopped,,,,,,,,,,,,,
2026-09-02T03:21:32.662184Z,"{'#attributes': {'Qualifiers': 16384}, '#text': 7036}",dc.scaffold.htb,Service Control Manager,System,14906,4,,,,,,500072006F0066005300760063002F0031000000,,,,,,,,,,,,,,,,,,,,,,,,,,,,,,,,,,,,,,,,,,,,,,,,,,,,,,,,,,,,,,,,,,,,,,,,,,,,,,,,,,,,,,,,,,,,,,,,,,,,,,,,,,,,,,,,,,,,,,,,,,,User Profile Service,,,stopped,,,,,,,,,,,,,
2026-09-02T03:21:32.686628Z,50104,dc.scaffold.htb,Microsoft-Windows-Dhcp-Client,System,14907,4,,,,,,,,,,,,,,,,,,,,,,,,,,,,,,,,,,,,,,,,,,,,,,,,,,,,,,,,,,,,,,,,,,,,,,,,,,,,,,,,,,,,,,,,,,,,,,,,,,,,,,,,,,,,,,,,,,,,,,,,,,,,,,,,,,,,,,,,,,,,,,,,,
2026-09-02T03:21:32.686756Z,50105,dc.scaffold.htb,Microsoft-Windows-Dhcp-Client,System,14908,4,,,,,,,,,,,,,,,,,,,,,,,,,,,,,,,,,,,,,,,,,,,,,,,,,,,,,,,,,,,,,,,,,,,,,,,,,,,,,,,,,,,,,,,,,,,,,,,,,,,,,,,,,,,,,,,,,,,,,,,,,,,,,,,,,,,,,,,,,,,,,,,,,
2026-09-02T03:21:32.677811Z,"{'#attributes': {'Qualifiers': 16384}, '#text': 7036}",dc.scaffold.htb,Service Control Manager,System,14909,4,,,,,,50006C007500670050006C00610079002F0031000000,,,,,,,,,,,,,,,,,,,,,,,,,,,,,,,,,,,,,,,,,,,,,,,,,,,,,,,,,,,,,,,,,,,,,,,,,,,,,,,,,,,,,,,,,,,,,,,,,,,,,,,,,,,,,,,,,,,,,,,,,,,Plug and Play,,,stopped,,,,,,,,,,,,,
2026-09-02T03:21:32.724686Z,"{'#attributes': {'Qualifiers': 16384}, '#text': 7036}",dc.scaffold.htb,Service Control Manager,System,14910,4,,,,,,46006F006E007400430061006300680065002F0031000000,,,,,,,,,,,,,,,,,,,,,,,,,,,,,,,,,,,,,,,,,,,,,,,,,,,,,,,,,,,,,,,,,,,,,,,,,,,,,,,,,,,,,,,,,,,,,,,,,,,,,,,,,,,,,,,,,,,,,,,,,,,Windows Font Cache Service,,,stopped,,,,,,,,,,,,,
2026-09-02T03:21:32.724686Z,"{'#attributes': {'Qualifiers': 16384}, '#text': 7036}",dc.scaffold.htb,Service Control Manager,System,14911,4,,,,,,570033003200540069006D0065002F0031000000,,,,,,,,,,,,,,,,,,,,,,,,,,,,,,,,,,,,,,,,,,,,,,,,,,,,,,,,,,,,,,,,,,,,,,,,,,,,,,,,,,,,,,,,,,,,,,,,,,,,,,,,,,,,,,,,,,,,,,,,,,,Windows Time,,,stopped,,,,,,,,,,,,,
2026-09-02T03:21:32.807476Z,50106,dc.scaffold.htb,Microsoft-Windows-Dhcp-Client,System,14912,4,,,,,,,,,,,,,,,,,,,,,,,,,,,,,,,,,,,,,,,,,,,,,,,,,,,,,,,,,,,,,,,,,,,,,,,,,,,,,,,,,,,,,,,,,,,,,,,,,,,,,,,,,,,,,,,,,,,,,,,,,,,,,,,,,,,,,,,,,,,,,,,,,
2026-09-02T03:21:32.802811Z,"{'#attributes': {'Qualifiers': 16384}, '#text': 7036}",dc.scaffold.htb,Service Control Manager,System,14913,4,,,,,,7600640073002F0031000000,,,,,,,,,,,,,,,,,,,,,,,,,,,,,,,,,,,,,,,,,,,,,,,,,,,,,,,,,,,,,,,,,,,,,,,,,,,,,,,,,,,,,,,,,,,,,,,,,,,,,,,,,,,,,,,,,,,,,,,,,,,Virtual Disk,,,stopped,,,,,,,,,,,,,
2026-09-02T03:21:32.820014Z,51047,dc.scaffold.htb,Microsoft-Windows-DHCPv6-Client,System,14914,4,,,,,,,,,,,,,,,,,,,,,,,,,,,,,,,,,,,,,,,,1,,,,,,,,,,,,,,,,,,,,,,,,,,,,,,,,,,,,,,,,,,,,,,,,,,,,,,,,,,,,,,,,,,,,,,,,,,,,,,,,,,,,,,,,,,,,,,,,,,,,,,,,,
2026-09-02T03:21:32.820018Z,51057,dc.scaffold.htb,Microsoft-Windows-DHCPv6-Client,System,14915,4,,,,,,,,,,,,,,,,,,,,,,,,,,,,,,,,,,,,,,,,1,,,,,,,,,,,,,,,,,,,,,,,,,,,,,,,,,,,,,,,,,,,,,,,,,,,,,,,,,,,,,,,,,,,,,,,,,,,,,,,,,,,,,,,,,,,,,,,,,,,,,,,,,
2026-09-02T03:21:32.834059Z,"{'#attributes': {'Qualifiers': 16384}, '#text': 7036}",dc.scaffold.htb,Service Control Manager,System,14916,4,,,,,,44004E0053002F0031000000,,,,,,,,,,,,,,,,,,,,,,,,,,,,,,,,,,,,,,,,,,,,,,,,,,,,,,,,,,,,,,,,,,,,,,,,,,,,,,,,,,,,,,,,,,,,,,,,,,,,,,,,,,,,,,,,,,,,,,,,,,,DNS Server,,,stopped,,,,,,,,,,,,,
2026-09-02T03:21:32.834059Z,"{'#attributes': {'Qualifiers': 16384}, '#text': 7036}",dc.scaffold.htb,Service Control Manager,System,14917,4,,,,,,570063006D007300760063002F0031000000,,,,,,,,,,,,,,,,,,,,,,,,,,,,,,,,,,,,,,,,,,,,,,,,,,,,,,,,,,,,,,,,,,,,,,,,,,,,,,,,,,,,,,,,,,,,,,,,,,,,,,,,,,,,,,,,,,,,,,,,,,,Windows Connection Manager,,,stopped,,,,,,,,,,,,,
2026-09-02T03:21:56.607090Z,"{'#attributes': {'Qualifiers': 32768}, '#text': 6009}",dc.scaffold.htb,EventLog,System,14918,4,,,,,,,,,,,,,,,,,,,,,,,10.00.,20348,,Multiprocessor Free,0,,,,,,,,,,,,,,,,,,,,,,,,,,,,,,,,,,,,,,,,,,,,,,,,,,,,,,,,,,,,,,,,,,,,,,,,,,,,,,,,,,,,,,,,,,,,,,,,,,,,,,,,,,,,,,,,,,,,,,
2026-09-02T03:21:56.607090Z,"{'#attributes': {'Qualifiers': 32768}, '#text': 6005}",dc.scaffold.htb,EventLog,System,14919,4,,,,,,EA070900030002000300150038005F020000000000000000,,,,,,,,,,,,,,,,,,,,,,,,,,,,,,,,,,,,,,,,,,,,,,,,,,,,,,,,,,,,,,,,,,,,,,,,,,,,,,,,,,,,,,,,,,,,,,,,,,,,,,,,,,,,,,,,,,,,,,,,,,,,,,,,,,,,,,,,,,,
2026-09-02T03:21:56.622714Z,"{'#attributes': {'Qualifiers': 32768}, '#text': 6013}",dc.scaffold.htb,EventLog,System,14920,4,,,,,,31002E003100000030000000570069006E0064006F007700730020005300650072007600650072002000320030003200320020004400610074006100630065006E007400650072000000310030002E0030002E003200300033003400380020004200750069006C0064002000320030003300340038002000200000004D0075006C0074006900700072006F0063006500730073006F007200200046007200650065000000320030003300340038002E00660065005F00720065006C0065006100730065002E003200310030003500300037002D00310035003000300000003600610030003400380062003600630000004E006F007400200041007600610069006C00610062006C00650000004E006F007400200041007600610069006C00610062006C00650000003900000032000000340030003900360000003400300039000000640063002E00730063006100660066006F006C0064002E0068007400620000000000,,,,,,,,,,,,,,,,,,,,,9,60,480 Pacific Standard Time,,,,,,,,,,,,,,,,,,,,,,,,,,,,,,,,,,,,,,,,,,,,,,,,,,,,,,,,,,,,,,,,,,,,,,,,,,,,,,,,,,,,,,,,,,,,,,,,,,,,,,,,,,,,,,,,,,,,
2026-09-02T03:21:32.860970Z,50037,dc.scaffold.htb,Microsoft-Windows-Dhcp-Client,System,14921,4,,,,,,,,,,,,,,,,,,,,,,,,,,,,,,,,,,,,,,,,1,,,,,,,,,,,,,,,,,,,,,,,,,,,,,,,,,,,,,,,,,,,,,,,,,,,,,,,,,,,,,,,,,,,,,,,,,,,,,,,,,,,,,,,,,,,,,,,,,,,,,,,,,
2026-09-02T03:21:32.865309Z,"{'#attributes': {'Qualifiers': 16384}, '#text': 7036}",dc.scaffold.htb,Service Control Manager,System,14922,4,,,,,,49004B0045004500580054002F0031000000,,,,,,,,,,,,,,,,,,,,,,,,,,,,,,,,,,,,,,,,,,,,,,,,,,,,,,,,,,,,,,,,,,,,,,,,,,,,,,,,,,,,,,,,,,,,,,,,,,,,,,,,,,,,,,,,,,,,,,,,,,,IKE and AuthIP IPsec Keying Modules,,,stopped,,,,,,,,,,,,,
2026-09-02T03:21:32.865309Z,"{'#attributes': {'Qualifiers': 16384}, '#text': 7036}",dc.scaffold.htb,Service Control Manager,System,14923,4,,,,,,570069006E0048007400740070004100750074006F00500072006F00780079005300760063002F0031000000,,,,,,,,,,,,,,,,,,,,,,,,,,,,,,,,,,,,,,,,,,,,,,,,,,,,,,,,,,,,,,,,,,,,,,,,,,,,,,,,,,,,,,,,,,,,,,,,,,,,,,,,,,,,,,,,,,,,,,,,,,,WinHTTP Web Proxy Auto-Discovery Service,,,stopped,,,,,,,,,,,,,
2026-09-02T03:21:32.880936Z,"{'#attributes': {'Qualifiers': 16384}, '#text': 7036}",dc.scaffold.htb,Service Control Manager,System,14924,4,,,,,,440073006D005300760063002F0031000000,,,,,,,,,,,,,,,,,,,,,,,,,,,,,,,,,,,,,,,,,,,,,,,,,,,,,,,,,,,,,,,,,,,,,,,,,,,,,,,,,,,,,,,,,,,,,,,,,,,,,,,,,,,,,,,,,,,,,,,,,,,Device Setup Manager,,,stopped,,,,,,,,,,,,,
2026-09-02T03:21:32.896558Z,"{'#attributes': {'Qualifiers': 16384}, '#text': 7036}",dc.scaffold.htb,Service Control Manager,System,14925,4,,,,,,44006800630070002F0031000000,,,,,,,,,,,,,,,,,,,,,,,,,,,,,,,,,,,,,,,,,,,,,,,,,,,,,,,,,,,,,,,,,,,,,,,,,,,,,,,,,,,,,,,,,,,,,,,,,,,,,,,,,,,,,,,,,,,,,,,,,,,DHCP Client,,,stopped,,,,,,,,,,,,,
2026-09-02T03:21:32.927808Z,"{'#attributes': {'Qualifiers': 16384}, '#text': 7036}",dc.scaffold.htb,Service Control Manager,System,14926,4,,,,,,430072007900700074005300760063002F0031000000,,,,,,,,,,,,,,,,,,,,,,,,,,,,,,,,,,,,,,,,,,,,,,,,,,,,,,,,,,,,,,,,,,,,,,,,,,,,,,,,,,,,,,,,,,,,,,,,,,,,,,,,,,,,,,,,,,,,,,,,,,,Cryptographic Services,,,stopped,,,,,,,,,,,,,
2026-09-02T03:21:32.927808Z,"{'#attributes': {'Qualifiers': 16384}, '#text': 7036}",dc.scaffold.htb,Service Control Manager,System,14927,4,,,,,,5200610073004D0061006E002F0031000000,,,,,,,,,,,,,,,,,,,,,,,,,,,,,,,,,,,,,,,,,,,,,,,,,,,,,,,,,,,,,,,,,,,,,,,,,,,,,,,,,,,,,,,,,,,,,,,,,,,,,,,,,,,,,,,,,,,,,,,,,,,Remote Access Connection Manager,,,stopped,,,,,,,,,,,,,
2026-09-02T03:21:32.927808Z,"{'#attributes': {'Qualifiers': 16384}, '#text': 7036}",dc.scaffold.htb,Service Control Manager,System,14928,4,,,,,,4500760065006E0074004C006F0067002F0031000000,,,,,,,,,,,,,,,,,,,,,,,,,,,,,,,,,,,,,,,,,,,,,,,,,,,,,,,,,,,,,,,,,,,,,,,,,,,,,,,,,,,,,,,,,,,,,,,,,,,,,,,,,,,,,,,,,,,,,,,,,,,Windows Event Log,,,stopped,,,,,,,,,,,,,
2026-09-02T03:21:33.037187Z,"{'#attributes': {'Qualifiers': 16384}, '#text': 7036}",dc.scaffold.htb,Service Control Manager,System,14929,4,,,,,,41007000700048006F00730074005300760063002F0031000000,,,,,,,,,,,,,,,,,,,,,,,,,,,,,,,,,,,,,,,,,,,,,,,,,,,,,,,,,,,,,,,,,,,,,,,,,,,,,,,,,,,,,,,,,,,,,,,,,,,,,,,,,,,,,,,,,,,,,,,,,,,Application Host Helper Service,,,stopped,,,,,,,,,,,,,
2026-09-02T03:21:33.052809Z,"{'#attributes': {'Qualifiers': 16384}, '#text': 7036}",dc.scaffold.htb,Service Control Manager,System,14930,4,,,,,,530051004C005700720069007400650072002F0031000000,,,,,,,,,,,,,,,,,,,,,,,,,,,,,,,,,,,,,,,,,,,,,,,,,,,,,,,,,,,,,,,,,,,,,,,,,,,,,,,,,,,,,,,,,,,,,,,,,,,,,,,,,,,,,,,,,,,,,,,,,,,SQL Server VSS Writer,,,stopped,,,,,,,,,,,,,
2026-09-02T03:21:33.052809Z,"{'#attributes': {'Qualifiers': 16384}, '#text': 7036}",dc.scaffold.htb,Service Control Manager,System,14931,4,,,,,,4400500053002F0031000000,,,,,,,,,,,,,,,,,,,,,,,,,,,,,,,,,,,,,,,,,,,,,,,,,,,,,,,,,,,,,,,,,,,,,,,,,,,,,,,,,,,,,,,,,,,,,,,,,,,,,,,,,,,,,,,,,,,,,,,,,,,Diagnostic Policy Service,,,stopped,,,,,,,,,,,,,
2026-09-02T03:21:33.068434Z,"{'#attributes': {'Qualifiers': 16384}, '#text': 7036}",dc.scaffold.htb,Service Control Manager,System,14932,4,,,,,,43006500720074005300760063002F0031000000,,,,,,,,,,,,,,,,,,,,,,,,,,,,,,,,,,,,,,,,,,,,,,,,,,,,,,,,,,,,,,,,,,,,,,,,,,,,,,,,,,,,,,,,,,,,,,,,,,,,,,,,,,,,,,,,,,,,,,,,,,,Active Directory Certificate Services,,,stopped,,,,,,,,,,,,,
2026-09-02T03:21:33.130932Z,"{'#attributes': {'Qualifiers': 16384}, '#text': 7036}",dc.scaffold.htb,Service Control Manager,System,14933,4,,,,,,570069006E0052004D002F0031000000,,,,,,,,,,,,,,,,,,,,,,,,,,,,,,,,,,,,,,,,,,,,,,,,,,,,,,,,,,,,,,,,,,,,,,,,,,,,,,,,,,,,,,,,,,,,,,,,,,,,,,,,,,,,,,,,,,,,,,,,,,,Windows Remote Management (WS-Management),,,stopped,,,,,,,,,,,,,
2026-09-02T03:21:33.130932Z,"{'#attributes': {'Qualifiers': 16384}, '#text': 7036}",dc.scaffold.htb,Service Control Manager,System,14934,4,,,,,,5600530053002F0031000000,,,,,,,,,,,,,,,,,,,,,,,,,,,,,,,,,,,,,,,,,,,,,,,,,,,,,,,,,,,,,,,,,,,,,,,,,,,,,,,,,,,,,,,,,,,,,,,,,,,,,,,,,,,,,,,,,,,,,,,,,,,Volume Shadow Copy,,,stopped,,,,,,,,,,,,,
2026-09-02T03:21:33.162181Z,"{'#attributes': {'Qualifiers': 16384}, '#text': 7036}",dc.scaffold.htb,Service Control Manager,System,14935,4,,,,,,4E005400440053002F0031000000,,,,,,,,,,,,,,,,,,,,,,,,,,,,,,,,,,,,,,,,,,,,,,,,,,,,,,,,,,,,,,,,,,,,,,,,,,,,,,,,,,,,,,,,,,,,,,,,,,,,,,,,,,,,,,,,,,,,,,,,,,,Active Directory Domain Services,,,stopped,,,,,,,,,,,,,
2026-09-02T03:21:33.162181Z,"{'#attributes': {'Qualifiers': 16384}, '#text': 7036}",dc.scaffold.htb,Service Control Manager,System,14936,4,,,,,,77006D006900410070005300720076002F0031000000,,,,,,,,,,,,,,,,,,,,,,,,,,,,,,,,,,,,,,,,,,,,,,,,,,,,,,,,,,,,,,,,,,,,,,,,,,,,,,,,,,,,,,,,,,,,,,,,,,,,,,,,,,,,,,,,,,,,,,,,,,,WMI Performance Adapter,,,stopped,,,,,,,,,,,,,
2026-09-02T03:21:33.162181Z,"{'#attributes': {'Qualifiers': 16384}, '#text': 7036}",dc.scaffold.htb,Service Control Manager,System,14937,4,,,,,,44004600530052002F0031000000,,,,,,,,,,,,,,,,,,,,,,,,,,,,,,,,,,,,,,,,,,,,,,,,,,,,,,,,,,,,,,,,,,,,,,,,,,,,,,,,,,,,,,,,,,,,,,,,,,,,,,,,,,,,,,,,,,,,,,,,,,,DFS Replication,,,stopped,,,,,,,,,,,,,
2026-09-02T03:21:33.646632Z,"{'#attributes': {'Qualifiers': 16384}, '#text': 7036}",dc.scaffold.htb,Service Control Manager,System,14938,4,,,,,,5700410053002F0031000000,,,,,,,,,,,,,,,,,,,,,,,,,,,,,,,,,,,,,,,,,,,,,,,,,,,,,,,,,,,,,,,,,,,,,,,,,,,,,,,,,,,,,,,,,,,,,,,,,,,,,,,,,,,,,,,,,,,,,,,,,,,Windows Process Activation Service,,,stopped,,,,,,,,,,,,,
2026-09-02T03:21:33.677817Z,"{'#attributes': {'Qualifiers': 16384}, '#text': 7036}",dc.scaffold.htb,Service Control Manager,System,14939,4,,,,,,4D005300530051004C002400530051004C0045005800500052004500530053002F0031000000,,,,,,,,,,,,,,,,,,,,,,,,,,,,,,,,,,,,,,,,,,,,,,,,,,,,,,,,,,,,,,,,,,,,,,,,,,,,,,,,,,,,,,,,,,,,,,,,,,,,,,,,,,,,,,,,,,,,,,,,,,,SQL Server (SQLEXPRESS),,,stopped,,,,,,,,,,,,,
2026-09-02T03:21:37.560692Z,109,dc.scaffold.htb,Microsoft-Windows-Kernel-Power,System,14940,4,,,,,,,,,,,,,,,,,,,,,,,,,,,,,,,,,,,,,,,,,,,,,,,,,,,,,,,,,,,,,,,,,,,,,,,,,,,,,,,,,,,,,,,,,,,,,,,,,,,,,,5,0,5,,,,,,,,,,,,,,,,,,,,,,,,,,,,,,,,,,,,,,,,,
2026-09-02T03:21:38.068746Z,13,dc.scaffold.htb,Microsoft-Windows-Kernel-General,System,14941,4,,,,,,,,,,,,,,,,,,,,,,,,,,,,,,,,,,,,,,,,,,,,,,,,,,,,,,,,,,,,,,,,,,,,,,,,,,,,,,,,,,,,,,,,,,,,,,,,,,,,,,,,,,,,,2026-09-02T03:21:38.068743Z,,,,,,,,,,,,,,,,,,,,,,,,,,,,,,,,,,,,
2026-09-02T03:21:47.702283Z,12,dc.scaffold.htb,Microsoft-Windows-Kernel-General,System,14942,4,,,,,,,,,0,,,20348,,,,,,,,,,,,,,,,,,,,,,,,,,,,,,,,,,,,,,,,,,,,,,,,,,,,,,10,,,,,,0,,,,,,,,,,,,,,,,,,,,,,587,,,,,,,0,,,,2026-09-02T03:21:47.500000Z,,,,,,,,,,,,,,,,,,,,,,,,,,,,,,,,,,,,,,,,
2026-09-02T03:21:47.702509Z,153,dc.scaffold.htb,Microsoft-Windows-Kernel-Boot,System,14943,4,,,,,,,,,,,,,,,,,,,,,,,,,,,,,,,,,,,,,,,,,,,,0,,,,,,,,,,,,,,,,,,,,,,,,,,,,,,,,,,,,,,,,,,,,,,,,,,,,,,,,,,,,,,,,0,,,,,,,,,,,,,,,,0,,,,,,,,,,,,,,,,,,,,,
2026-09-02T03:21:47.702594Z,20,dc.scaffold.htb,Microsoft-Windows-Kernel-Boot,System,14944,4,,,,,,,,,,2,,,,,,,,,,,,,,,,,,,,,,,,,,,,,,,,,,,,,,,,,,,,,,,,,,,,True,50,True,,,,,,,,,,,,,,,,,,,,,,,,,,,,,,,,,,,,,,,,,,,,,,,,,,,,,,,,,,,,,,,,,,,,,,,,,,,,,,,,,
2026-09-02T03:21:47.702637Z,238,dc.scaffold.htb,Microsoft-Windows-Kernel-Boot,System,14945,4,,,,,,,,,,,,,,,,,,,,,,,,,,,,,,,,,,,,,,,,,0,2026-09-01T20:21:46.000000Z,2047,,,,,,,,,,,,,,,,,,,,,,,,,,,,,,,,,,,,,,,,,,,,,,,,,,,,,,,,,,,,,,,,,,,,,,,,,,,,,,,,,,,,,,,,,,,,,,,,,,,,,,
2026-09-02T03:21:47.702637Z,25,dc.scaffold.htb,Microsoft-Windows-Kernel-Boot,System,14946,4,,,,,,,,0,,,,,,,,,,,,,,,,,,,,,,,,,,,,,,,,,,,,,,,,,,,,,,,,,,,,,,,,,,,,,,,,,,,,,,,,,,,,,,,,,,,,,,,,,,,,,,,,,,,,,,,,,,,,,,,,,,,,,,,,,,,,,,,,,,,,,,,,,
2026-09-02T03:21:47.702638Z,27,dc.scaffold.htb,Microsoft-Windows-Kernel-Boot,System,14947,4,,,,,,,,,,,0,,,,,,,,,,,,,,,,,,,,,,,,,,,,,,,,,,,,,,,,,,,,,,,,,,,,,, NOEXECUTE=OPTOUT  FVEBOOT=2670592,,,,,,,,,,,,,,,,,,,,,,,,,,,,,,,,,,,,,,,,,,,,,,,,,,,,,,,,,,,,,,,,,,,,,,,,,,,,,,,,
2026-09-02T03:21:47.702703Z,18,dc.scaffold.htb,Microsoft-Windows-Kernel-Boot,System,14948,4,,,,,,,,,,,,,,,,,,,,,,,,,,,,,,,,,,,,,,,,,,,,,,1,,,,,,,,,,,,,,,,,,,,,,,,,,,,,,,,,,,,,,,,,,,,,,,,,,,,,,,,,,,,,,,,,,,,,,,,,,,,,,,,,,,,,,,,,,,,,,,,,,,
2026-09-02T03:21:47.702732Z,32,dc.scaffold.htb,Microsoft-Windows-Kernel-Boot,System,14949,4,,,,,,,0,,,,,,,,,,,,,,,,,,,,,,,,,,,,,,,,,,,,,,,,,,,,,,,,,,,,,,,,,,,,,,,,,,,,,,,,,,,,,,,,,,,,,,,,,,,,,,,,,,,,,,,,,,,,,,,,,,,,,,,,,,,,,,,,,,,,,,,,,,
2026-09-02T03:21:47.707437Z,20,dc.scaffold.htb,Microsoft-Windows-Kernel-General,System,14950,4,,,,,,,,,,,,,,,,,0,0,,,,,,,,,,,,,,,,,,,,,,,,,,,True,,,,,,,,,,,,,,,,,,,,,,,,,,,,,,,,,,,,,,,,,,,,,,,,,,,,,,,,,,,,,,,,,,,,,,,,,,0,,,,,,,,,,,,,,,,,,,,,,,,,,
2026-09-02T03:21:47.789353Z,16,dc.scaffold.htb,Microsoft-Windows-HAL,System,14951,4,,,,,,,,,,,,,,,,,,,,,,,,,,,,,,,,,,,,,,,,,,,,,,,,,,,,,,,,,,,,,,,,,,,,,,,,,,,,,,,,,,,,,,,,,,,,,,,,,,,,,,,,,,,,,,,,,,,,,,,,,,,,,,,,,,,,,,,,,,,,,,,,,
2026-09-02T03:21:48.732137Z,"{'#attributes': {'Qualifiers': 16392}, '#text': 3}",dc.scaffold.htb,vmci,System,14952,4,,,,,,00000000020028000000000003000840030008400000000000000000000000000000000000000000,,,,,,,,,,,,,,,,,,"VMCI: Using capabilities (0x1c).
",,,,,,,,,,,,,,,,,,,,,,,,,,,,,,,,,,,,,,,,,,,,,,,,,,,,,,,,,,,,,,,,,,,,,,,,,,,,,,,,,,,,,,,,,,,,,,,,,,,,,,,,,,,,,,,,,,,,,,,,,
2026-09-02T03:21:50.778832Z,6,dc.scaffold.htb,Microsoft-Windows-FilterManager,System,14953,4,,,,,,,,,,,,,,,,,,,,,,,,,,,,,,,Wof,3,,2008-09-17T11:19:58.000000Z,10,0,,,,,,,,,,,,,,,,0x0,,,,,,,,,,,,,,,,,,,,,,,,,,,,,,,,,,,,,,,,,,,,,,,,,,,,,,,,,,,,,,,,,,,,,,,,,,,,,,,,,,,,,,,,,,,,,
2026-09-02T03:21:50.779503Z,6,dc.scaffold.htb,Microsoft-Windows-FilterManager,System,14954,4,,,,,,,,,,,,,,,,,,,,,,,,,,,,,,,DfsrRo,6,,1999-03-20T18:16:31.000000Z,10,0,,,,,,,,,,,,,,,,0x0,,,,,,,,,,,,,,,,,,,,,,,,,,,,,,,,,,,,,,,,,,,,,,,,,,,,,,,,,,,,,,,,,,,,,,,,,,,,,,,,,,,,,,,,,,,,,
2026-09-02T03:21:50.858484Z,98,dc.scaffold.htb,Microsoft-Windows-Ntfs,System,14955,4,,,,,,,,,,,,,,,,0,,,,,,,,,,,,,,,\Device\HarddiskVolume3,,,,,,,,C:,,,,,,,,,,,,,,,,,,,,,,,,,,,,,,,,,,,,,,,,,,,,,,,,,,,,,,,,,,,,,,,,,,,,,,,,,,,,,,,,,,,,,,,,,,,,,,,,,,,,,,,,,,
2026-09-02T03:21:50.968290Z,6,dc.scaffold.htb,Microsoft-Windows-FilterManager,System,14956,4,,,,,,,,,,,,,,,,,,,,,,,,,,,,,,,FileCrypt,9,,2088-05-23T23:57:52.000000Z,10,0,,,,,,,,,,,,,,,,0x0,,,,,,,,,,,,,,,,,,,,,,,,,,,,,,,,,,,,,,,,,,,,,,,,,,,,,,,,,,,,,,,,,,,,,,,,,,,,,,,,,,,,,,,,,,,,,
2026-09-02T03:21:50.975270Z,6,dc.scaffold.htb,Microsoft-Windows-FilterManager,System,14957,4,,,,,,,,,,,,,,,,,,,,,,,,,,,,,,,DfsDriver,9,,2053-07-29T02:36:42.000000Z,10,0,,,,,,,,,,,,,,,,0x0,,,,,,,,,,,,,,,,,,,,,,,,,,,,,,,,,,,,,,,,,,,,,,,,,,,,,,,,,,,,,,,,,,,,,,,,,,,,,,,,,,,,,,,,,,,,,
2026-09-02T03:21:51.192606Z,6,dc.scaffold.htb,Microsoft-Windows-FilterManager,System,14958,4,,,,,,,,,,,,,,,,,,,,,,,,,,,,,,,npsvctrig,9,,2015-04-02T03:42:38.000000Z,10,0,,,,,,,,,,,,,,,,0x0,,,,,,,,,,,,,,,,,,,,,,,,,,,,,,,,,,,,,,,,,,,,,,,,,,,,,,,,,,,,,,,,,,,,,,,,,,,,,,,,,,,,,,,,,,,,,
2026-09-02T03:21:51.256226Z,172,dc.scaffold.htb,Microsoft-Windows-Kernel-Power,System,14959,4,,,,,,,,,,,,,,,,,,,,,,,,,,,,,,,,,,,,,,,,,,,,,,,,,,,,,,,,,,,,,,,,,,,,,,,,,,,,,,,,,,,,,,,,,,,,,,,,6,,,,,,,,,,,2,,,,,,,,,,,,,,,,,,,,,,,,,,,,,,,,,,,,,,
2026-09-02T03:21:51.361203Z,55,dc.scaffold.htb,Microsoft-Windows-Kernel-Processor-Power,System,14960,4,,,,,,,,,,,,,,,,,,,,,,,,,,,,,,,,,,,,,,,,,,,,,,,,,,,,,,0,,,1,1,,,,,,,,,100,,,100,100,,,,,,,,2994,0,,,,,,0,,,,,,,,,,,,,,,,,,,,,,,,,,,,,,,,,,,,,,,,,,,,,,,,,,,,,,,,,,,
2026-09-02T03:21:51.362235Z,55,dc.scaffold.htb,Microsoft-Windows-Kernel-Processor-Power,System,14961,4,,,,,,,,,,,,,,,,,,,,,,,,,,,,,,,,,,,,,,,,,,,,,,,,,,,,,,0,,,1,1,,,,,,,,,100,,,100,100,,,,,,,,2994,1,,,,,,0,,,,,,,,,,,,,,,,,,,,,,,,,,,,,,,,,,,,,,,,,,,,,,,,,,,,,,,,,,,
2026-09-02T03:21:51.677418Z,98,dc.scaffold.htb,Microsoft-Windows-Ntfs,System,14962,2,,,,,,,,,,,,,,,,3,,,,,,,,,,,,,,,\Device\HarddiskVolume4,,,,,,,,Y:,,,,,,,,,,,,,,,,,,,,,,,,,,,,,,,,,,,,,,,,,,,,,,,,,,,,,,,,,,,,,,,,,,,,,,,,,,,,,,,,,,,,,,,,,,,,,,,,,,,,,,,,,,
2026-09-02T03:21:51.696384Z,98,dc.scaffold.htb,Microsoft-Windows-Ntfs,System,14963,2,,,,,,,,,,,,,,,,3,,,,,,,,,,,,,,,\Device\HarddiskVolume5,,,,,,,,\\?\Volume{2bc8a4fb-ec89-41c1-8fb3-d753243c8254},,,,,,,,,,,,,,,,,,,,,,,,,,,,,,,,,,,,,,,,,,,,,,,,,,,,,,,,,,,,,,,,,,,,,,,,,,,,,,,,,,,,,,,,,,,,,,,,,,,,,,,,,,
2026-09-02T03:21:52.827015Z,24,dc.scaffold.htb,Microsoft-Windows-Kernel-General,System,14964,4,,,,,,,,,,,,,,,,,,,420,2,,,,,,,,,,,,,,,,,,,,,,,,,,,,,,0,,,0,,,,,,,,,,,,,,,,,,,,,,,,,,,,,,,,,,,,,,,,,,,,,,,,,,,,,,,,,,,,,,,,0,,,,,,,,,,,,,,,,,,,,,,,,,,,,
2026-09-02T03:21:53.320217Z,14,dc.scaffold.htb,Microsoft-Windows-Wininit,System,14965,4,,,,,,,,,,,,,,0,,,,,,,,,,,,,,,,,,,,,,,,,,,,,,,,,,,,,,,,,,,,,,0,,,,,,,,,,,,,,,,,,,,,,,,,,,,,,,,,,,,,,,,,,,,,,,,,,,,,,,,,,,,,,,,,,,,,,,,,,,,,,,,,,,,,
2026-09-02T03:21:53.669865Z,16962,dc.scaffold.htb,Microsoft-Windows-Directory-Services-SAM,System,14966,4,,,,,,,,,,,,,,,,,,,,,,,,,,,,,,,,,,,,,,,,,,,,,,,,,,,,,,,,,,,,,,,,,,,,,,,,,,,,,,,,,,,,,,,,,,,,,,,,,,,,,,,,,,,,,,,,,,,,,,,,,,,,,SAMMSG_RESTRICT_REMOTE_SAM_DEFAULT_SD,,,,,,,,,,,,,,,,,,,,
2026-09-02T03:21:55.126846Z,16977,dc.scaffold.htb,Microsoft-Windows-Directory-Services-SAM,System,14967,4,,,,,,,,,,,,,,,,,,,,,,,,,,,,,,,,,,,,,,,,,,,,,,,,,,,,,,,,,,,,,,,,,,,,7,0,,,,,,,,,,,,,,,,,,,,,,,,,,,,0,,,,,,,,,,,,,,,,,,,,,,,,,,,,SAMMSG_MINPWDLEN_SETTINGS_IN_EFFECT,,,,,,,,,,,,,,,,,,,,
2026-09-02T03:21:55.142236Z,16977,dc.scaffold.htb,Microsoft-Windows-Directory-Services-SAM,System,14968,4,,,,,,,,,,,,,,,,,,,,,,,,,,,,,,,,,,,,,,,,,,,,,,,,,,,,,,,,,,,,,,,,,,,,7,-1,,,,,,,,,,,,,,,,,,,,,,,,,,,,0,,,,,,,,,,,,,,,,,,,,,,,,,,,,SAMMSG_MINPWDLEN_SETTINGS_IN_EFFECT,,,,,,,,,,,,,,,,,,,,
2026-09-02T03:21:55.142241Z,16983,dc.scaffold.htb,Microsoft-Windows-Directory-Services-SAM,System,14969,4,,,,,,,,,,,,,,,,,,,,,,,,,,,,,,,,,,,,,,,,,,,,,,,,,,,,,,,,,,,,,,,,,,,,,,,,,,SAMMSG_AUDIT_LEGACY_PWD_RPC_METHODS_OFF,,,,,,,,,,,,,,,,,,,,,,,,,,,,,,,,,,,,,,,,,,,,,,,,,,,,,,,,,,,,,,,,,,,,,,,
2026-09-02T03:21:55.247711Z,"{'#attributes': {'Qualifiers': 16384}, '#text': 7036}",dc.scaffold.htb,Service Control Manager,System,14970,4,,,,,,50006C007500670050006C00610079002F0034000000,,,,,,,,,,,,,,,,,,,,,,,,,,,,,,,,,,,,,,,,,,,,,,,,,,,,,,,,,,,,,,,,,,,,,,,,,,,,,,,,,,,,,,,,,,,,,,,,,,,,,,,,,,,,,,,,,,,,,,,,,,,PlugPlay,,,running,,,,,,,,,,,,,
2026-09-02T03:21:55.279019Z,"{'#attributes': {'Qualifiers': 16384}, '#text': 7036}",dc.scaffold.htb,Service Control Manager,System,14971,4,,,,,,50006F007700650072002F0034000000,,,,,,,,,,,,,,,,,,,,,,,,,,,,,,,,,,,,,,,,,,,,,,,,,,,,,,,,,,,,,,,,,,,,,,,,,,,,,,,,,,,,,,,,,,,,,,,,,,,,,,,,,,,,,,,,,,,,,,,,,,,Power,,,running,,,,,,,,,,,,,
2026-09-02T03:21:55.341467Z,"{'#attributes': {'Qualifiers': 16384}, '#text': 7036}",dc.scaffold.htb,Service Control Manager,System,14972,4,,,,,,5200700063004500700074004D00610070007000650072002F0034000000,,,,,,,,,,,,,,,,,,,,,,,,,,,,,,,,,,,,,,,,,,,,,,,,,,,,,,,,,,,,,,,,,,,,,,,,,,,,,,,,,,,,,,,,,,,,,,,,,,,,,,,,,,,,,,,,,,,,,,,,,,,RpcEptMapper,,,running,,,,,,,,,,,,,
2026-09-02T03:21:55.357089Z,"{'#attributes': {'Qualifiers': 16384}, '#text': 7036}",dc.scaffold.htb,Service Control Manager,System,14973,4,,,,,,440063006F006D004C00610075006E00630068002F0034000000,,,,,,,,,,,,,,,,,,,,,,,,,,,,,,,,,,,,,,,,,,,,,,,,,,,,,,,,,,,,,,,,,,,,,,,,,,,,,,,,,,,,,,,,,,,,,,,,,,,,,,,,,,,,,,,,,,,,,,,,,,,DcomLaunch,,,running,,,,,,,,,,,,,
2026-09-02T03:21:55.357089Z,"{'#attributes': {'Qualifiers': 16384}, '#text': 7036}",dc.scaffold.htb,Service Control Manager,System,14974,4,,,,,,520070006300530073002F0034000000,,,,,,,,,,,,,,,,,,,,,,,,,,,,,,,,,,,,,,,,,,,,,,,,,,,,,,,,,,,,,,,,,,,,,,,,,,,,,,,,,,,,,,,,,,,,,,,,,,,,,,,,,,,,,,,,,,,,,,,,,,,RpcSs,,,running,,,,,,,,,,,,,
2026-09-02T03:21:55.419596Z,"{'#attributes': {'Qualifiers': 16384}, '#text': 7036}",dc.scaffold.htb,Service Control Manager,System,14975,4,,,,,,4C0053004D002F0034000000,,,,,,,,,,,,,,,,,,,,,,,,,,,,,,,,,,,,,,,,,,,,,,,,,,,,,,,,,,,,,,,,,,,,,,,,,,,,,,,,,,,,,,,,,,,,,,,,,,,,,,,,,,,,,,,,,,,,,,,,,,,LSM,,,running,,,,,,,,,,,,,
2026-09-02T03:21:56.341469Z,"{'#attributes': {'Qualifiers': 16384}, '#text': 7036}",dc.scaffold.htb,Service Control Manager,System,14976,4,,,,,,420072006F006B006500720049006E006600720061007300740072007500630074007500720065002F0034000000,,,,,,,,,,,,,,,,,,,,,,,,,,,,,,,,,,,,,,,,,,,,,,,,,,,,,,,,,,,,,,,,,,,,,,,,,,,,,,,,,,,,,,,,,,,,,,,,,,,,,,,,,,,,,,,,,,,,,,,,,,,BrokerInfrastructure,,,running,,,,,,,,,,,,,
2026-09-02T03:21:56.357093Z,"{'#attributes': {'Qualifiers': 16384}, '#text': 7036}",dc.scaffold.htb,Service Control Manager,System,14977,4,,,,,,530079007300740065006D004500760065006E0074007300420072006F006B00650072002F0034000000,,,,,,,,,,,,,,,,,,,,,,,,,,,,,,,,,,,,,,,,,,,,,,,,,,,,,,,,,,,,,,,,,,,,,,,,,,,,,,,,,,,,,,,,,,,,,,,,,,,,,,,,,,,,,,,,,,,,,,,,,,,SystemEventsBroker,,,running,,,,,,,,,,,,,
2026-09-02T03:21:56.466463Z,"{'#attributes': {'Qualifiers': 16384}, '#text': 7036}",dc.scaffold.htb,Service Control Manager,System,14978,4,,,,,,6C006D0068006F007300740073002F0034000000,,,,,,,,,,,,,,,,,,,,,,,,,,,,,,,,,,,,,,,,,,,,,,,,,,,,,,,,,,,,,,,,,,,,,,,,,,,,,,,,,,,,,,,,,,,,,,,,,,,,,,,,,,,,,,,,,,,,,,,,,,,lmhosts,,,running,,,,,,,,,,,,,
2026-09-02T03:21:56.466463Z,"{'#attributes': {'Qualifiers': 16384}, '#text': 7036}",dc.scaffold.htb,Service Control Manager,System,14979,4,,,,,,6E00730069002F0034000000,,,,,,,,,,,,,,,,,,,,,,,,,,,,,,,,,,,,,,,,,,,,,,,,,,,,,,,,,,,,,,,,,,,,,,,,,,,,,,,,,,,,,,,,,,,,,,,,,,,,,,,,,,,,,,,,,,,,,,,,,,,nsi,,,running,,,,,,,,,,,,,
2026-09-02T03:21:56.482088Z,"{'#attributes': {'Qualifiers': 16384}, '#text': 7036}",dc.scaffold.htb,Service Control Manager,System,14980,4,,,,,,540069006D006500420072006F006B00650072005300760063002F0034000000,,,,,,,,,,,,,,,,,,,,,,,,,,,,,,,,,,,,,,,,,,,,,,,,,,,,,,,,,,,,,,,,,,,,,,,,,,,,,,,,,,,,,,,,,,,,,,,,,,,,,,,,,,,,,,,,,,,,,,,,,,,TimeBrokerSvc,,,running,,,,,,,,,,,,,
