2026-09-02T03:21:56.524418Z,50036,dc.scaffold.htb,Microsoft-Windows-Dhcp-Client,System,14981,4,,,,,,,,,,,,,,,,,,,,,,,,,,,,,,,,,,,,,,,,,,,,,,,,,,,,,,,,,,,,,,,,,,,,,,,,,,,,,,,,,,,,,,,,,,,,,,,,,,,,,,,,,,,,,,,,,,,,,,,,,,,,,,,,,,,,,,,,,,,,,,,,,
2026-09-02T03:21:56.524498Z,50103,dc.scaffold.htb,Microsoft-Windows-Dhcp-Client,System,14982,4,,,,,,,,,,,,,,,,,,,,,,,,,,,,,,,,,,,,,,,,,,,,,,,,,,,,,,,,,,,,,,,,,,,,,,,,,,,,,,,,,,,,,,,,,,,,,,,,,,,,,,,,,,,,,,,,,,,,,,,,,,,,,,,,,,,,,,,,,,,,,,,,,
2026-09-02T03:21:56.526804Z,50036,dc.scaffold.htb,Microsoft-Windows-Dhcp-Client,System,14983,4,,,,,,,,,,,,,,,,,,,,,,,,,,,,,,,,,,,,,,,,,,,,,,,,,,,,,,,,,,,,,,,,,,,,,,,,,,,,,,,,,,,,,,,,,,,,,,,,,,,,,,,,,,,,,,,,,,,,,,,,,,,,,,,,,,,,,,,,,,,,,,,,,
2026-09-02T03:21:56.559479Z,51046,dc.scaffold.htb,Microsoft-Windows-DHCPv6-Client,System,14984,4,,,,,,,,,,,,,,,,,,,,,,,,,,,,,,,,,,,,,,,,,,,,,,,,,,,,,,,,,,,,,,,,,,,,,,,,,,,,,,,,,,,,,,,,,,,,,,,,,,,,,,,,,,,,,,,,,,,,,,,,,,,,,,,,,,,,,,,,,,,,,,,,,
2026-09-02T03:21:56.563958Z,6,dc.scaffold.htb,Microsoft-Windows-FilterManager,System,14985,4,,,,,,,,,,,,,,,,,,,,,,,,,,,,,,,wcifs,5,,2088-12-15T04:51:43.000000Z,10,0,,,,,,,,,,,,,,,,0x0,,,,,,,,,,,,,,,,,,,,,,,,,,,,,,,,,,,,,,,,,,,,,,,,,,,,,,,,,,,,,,,,,,,,,,,,,,,,,,,,,,,,,,,,,,,,,
2026-09-02T03:21:56.560214Z,"{'#attributes': {'Qualifiers': 16384}, '#text': 7036}",dc.scaffold.htb,Service Control Manager,System,14986,4,,,,,,44006800630070002F0034000000,,,,,,,,,,,,,,,,,,,,,,,,,,,,,,,,,,,,,,,,,,,,,,,,,,,,,,,,,,,,,,,,,,,,,,,,,,,,,,,,,,,,,,,,,,,,,,,,,,,,,,,,,,,,,,,,,,,,,,,,,,,Dhcp,,,running,,,,,,,,,,,,,
2026-09-02T03:21:56.575839Z,"{'#attributes': {'Qualifiers': 16384}, '#text': 7036}",dc.scaffold.htb,Service Control Manager,System,14987,4,,,,,,44006E007300630061006300680065002F0034000000,,,,,,,,,,,,,,,,,,,,,,,,,,,,,,,,,,,,,,,,,,,,,,,,,,,,,,,,,,,,,,,,,,,,,,,,,,,,,,,,,,,,,,,,,,,,,,,,,,,,,,,,,,,,,,,,,,,,,,,,,,,Dnscache,,,running,,,,,,,,,,,,,
2026-09-02T03:21:56.612313Z,6,dc.scaffold.htb,Microsoft-Windows-FilterManager,System,14988,4,,,,,,,,,,,,,,,,,,,,,,,,,,,,,,,luafv,5,,2068-10-11T15:22:37.000000Z,10,0,,,,,,,,,,,,,,,,0x0,,,,,,,,,,,,,,,,,,,,,,,,,,,,,,,,,,,,,,,,,,,,,,,,,,,,,,,,,,,,,,,,,,,,,,,,,,,,,,,,,,,,,,,,,,,,,
2026-09-02T03:21:56.622714Z,"{'#attributes': {'Qualifiers': 16384}, '#text': 7036}",dc.scaffold.htb,Service Control Manager,System,14989,4,,,,,,4500760065006E0074004C006F0067002F0034000000,,,,,,,,,,,,,,,,,,,,,,,,,,,,,,,,,,,,,,,,,,,,,,,,,,,,,,,,,,,,,,,,,,,,,,,,,,,,,,,,,,,,,,,,,,,,,,,,,,,,,,,,,,,,,,,,,,,,,,,,,,,EventLog,,,running,,,,,,,,,,,,,
2026-09-02T03:21:56.638149Z,6,dc.scaffold.htb,Microsoft-Windows-FilterManager,System,14990,4,,,,,,,,,,,,,,,,,,,,,,,,,,,,,,,CldFlt,6,,2074-11-09T08:03:12.000000Z,10,0,,,,,,,,,,,,,,,,0x0,,,,,,,,,,,,,,,,,,,,,,,,,,,,,,,,,,,,,,,,,,,,,,,,,,,,,,,,,,,,,,,,,,,,,,,,,,,,,,,,,,,,,,,,,,,,,
2026-09-02T03:21:56.638174Z,1,dc.scaffold.htb,Microsoft-Windows-FilterManager,System,14991,4,,,,,,,,,,,,,,,,,,,,,,,,,,,,,,,CldFlt,6,,2074-11-09T08:03:12.000000Z,10,0,,,,,,,,,,,,,,,,0x0,,,,,,,,,,,,,,,,,,,,,,,,,,,,,,,,,,,,,,,,,,,,,,,,,,,,,,,,,,,,,,,,,,,,,,,,,,,,,,,,,,,,,,,,,,,,,
2026-09-02T03:21:56.638265Z,6,dc.scaffold.htb,Microsoft-Windows-FilterManager,System,14992,4,,,,,,,,,,,,,,,,,,,,,,,,,,,,,,,CldFlt,6,,2074-11-09T08:03:12.000000Z,10,0,,,,,,,,,,,,,,,,0x0,,,,,,,,,,,,,,,,,,,,,,,,,,,,,,,,,,,,,,,,,,,,,,,,,,,,,,,,,,,,,,,,,,,,,,,,,,,,,,,,,,,,,,,,,,,,,
2026-09-02T03:21:56.647407Z,6,dc.scaffold.htb,Microsoft-Windows-FilterManager,System,14993,4,,,,,,,,,,,,,,,,,,,,,,,,,,,,,,,storqosflt,10,,2051-09-21T05:40:20.000000Z,10,0,,,,,,,,,,,,,,,,0x0,,,,,,,,,,,,,,,,,,,,,,,,,,,,,,,,,,,,,,,,,,,,,,,,,,,,,,,,,,,,,,,,,,,,,,,,,,,,,,,,,,,,,,,,,,,,,
2026-09-02T03:21:56.638340Z,"{'#attributes': {'Qualifiers': 16384}, '#text': 7036}",dc.scaffold.htb,Service Control Manager,System,14994,4,,,,,,57005000440042007500730045006E0075006D002F0034000000,,,,,,,,,,,,,,,,,,,,,,,,,,,,,,,,,,,,,,,,,,,,,,,,,,,,,,,,,,,,,,,,,,,,,,,,,,,,,,,,,,,,,,,,,,,,,,,,,,,,,,,,,,,,,,,,,,,,,,,,,,,WPDBusEnum,,,running,,,,,,,,,,,,,
2026-09-02T03:21:56.661381Z,6,dc.scaffold.htb,Microsoft-Windows-FilterManager,System,14995,4,,,,,,,,,,,,,,,,,,,,,,,,,,,,,,,bindflt,7,,2051-03-03T20:45:47.000000Z,10,0,,,,,,,,,,,,,,,,0x0,,,,,,,,,,,,,,,,,,,,,,,,,,,,,,,,,,,,,,,,,,,,,,,,,,,,,,,,,,,,,,,,,,,,,,,,,,,,,,,,,,,,,,,,,,,,,
2026-09-02T03:21:56.685215Z,"{'#attributes': {'Qualifiers': 16384}, '#text': 7036}",dc.scaffold.htb,Service Control Manager,System,14996,4,,,,,,4E005400440053002F0034000000,,,,,,,,,,,,,,,,,,,,,,,,,,,,,,,,,,,,,,,,,,,,,,,,,,,,,,,,,,,,,,,,,,,,,,,,,,,,,,,,,,,,,,,,,,,,,,,,,,,,,,,,,,,,,,,,,,,,,,,,,,,NTDS,,,running,,,,,,,,,,,,,
2026-09-02T03:21:56.700840Z,"{'#attributes': {'Qualifiers': 16384}, '#text': 7036}",dc.scaffold.htb,Service Control Manager,System,14997,4,,,,,,4E006C0061005300760063002F0034000000,,,,,,,,,,,,,,,,,,,,,,,,,,,,,,,,,,,,,,,,,,,,,,,,,,,,,,,,,,,,,,,,,,,,,,,,,,,,,,,,,,,,,,,,,,,,,,,,,,,,,,,,,,,,,,,,,,,,,,,,,,,NlaSvc,,,running,,,,,,,,,,,,,
2026-09-02T03:21:56.716466Z,"{'#attributes': {'Qualifiers': 16384}, '#text': 7036}",dc.scaffold.htb,Service Control Manager,System,14998,4,,,,,,5400680065006D00650073002F0034000000,,,,,,,,,,,,,,,,,,,,,,,,,,,,,,,,,,,,,,,,,,,,,,,,,,,,,,,,,,,,,,,,,,,,,,,,,,,,,,,,,,,,,,,,,,,,,,,,,,,,,,,,,,,,,,,,,,,,,,,,,,,Themes,,,running,,,,,,,,,,,,,
2026-09-02T03:21:56.732095Z,"{'#attributes': {'Qualifiers': 16384}, '#text': 7036}",dc.scaffold.htb,Service Control Manager,System,14999,4,,,,,,670070007300760063002F0034000000,,,,,,,,,,,,,,,,,,,,,,,,,,,,,,,,,,,,,,,,,,,,,,,,,,,,,,,,,,,,,,,,,,,,,,,,,,,,,,,,,,,,,,,,,,,,,,,,,,,,,,,,,,,,,,,,,,,,,,,,,,,gpsvc,,,running,,,,,,,,,,,,,
2026-09-02T03:21:56.747714Z,"{'#attributes': {'Qualifiers': 16384}, '#text': 7036}",dc.scaffold.htb,Service Control Manager,System,15000,4,,,,,,500072006F0066005300760063002F0034000000,,,,,,,,,,,,,,,,,,,,,,,,,,,,,,,,,,,,,,,,,,,,,,,,,,,,,,,,,,,,,,,,,,,,,,,,,,,,,,,,,,,,,,,,,,,,,,,,,,,,,,,,,,,,,,,,,,,,,,,,,,,ProfSvc,,,running,,,,,,,,,,,,,
2026-09-02T03:21:56.778965Z,"{'#attributes': {'Qualifiers': 16384}, '#text': 7036}",dc.scaffold.htb,Service Control Manager,System,15001,4,,,,,,6E0065007400700072006F0066006D002F0034000000,,,,,,,,,,,,,,,,,,,,,,,,,,,,,,,,,,,,,,,,,,,,,,,,,,,,,,,,,,,,,,,,,,,,,,,,,,,,,,,,,,,,,,,,,,,,,,,,,,,,,,,,,,,,,,,,,,,,,,,,,,,netprofm,,,running,,,,,,,,,,,,,
2026-09-02T03:21:56.794591Z,"{'#attributes': {'Qualifiers': 16384}, '#text': 7036}",dc.scaffold.htb,Service Control Manager,System,15002,4,,,,,,4500760065006E007400530079007300740065006D002F0034000000,,,,,,,,,,,,,,,,,,,,,,,,,,,,,,,,,,,,,,,,,,,,,,,,,,,,,,,,,,,,,,,,,,,,,,,,,,,,,,,,,,,,,,,,,,,,,,,,,,,,,,,,,,,,,,,,,,,,,,,,,,,EventSystem,,,running,,,,,,,,,,,,,
2026-09-02T03:21:56.810213Z,"{'#attributes': {'Qualifiers': 16384}, '#text': 7036}",dc.scaffold.htb,Service Control Manager,System,15003,4,,,,,,540072007500730074006500640049006E007300740061006C006C00650072002F0034000000,,,,,,,,,,,,,,,,,,,,,,,,,,,,,,,,,,,,,,,,,,,,,,,,,,,,,,,,,,,,,,,,,,,,,,,,,,,,,,,,,,,,,,,,,,,,,,,,,,,,,,,,,,,,,,,,,,,,,,,,,,,TrustedInstaller,,,running,,,,,,,,,,,,,
2026-09-02T03:21:56.846761Z,23,dc.scaffold.htb,Microsoft-Windows-Eventlog,System,15004,2,,,,,,,,,,,,,Windows PowerShell,,,,,,,,,,,,,,,,,,,,,,,,,,,,,,,,,,,5,,,,,,,,,,,,,,,,,,,,,,,,,,,,,,,,,,,,,,,,,,,,,,,,,,,,,,,,,,,,,,,,,,,,,,,,,,,,,,http://manifests.microsoft.com/win/2004/08/windows/eventlog,,,,,,,,,,,,,,,,,,,
2026-09-02T03:21:56.841466Z,"{'#attributes': {'Qualifiers': 16384}, '#text': 7036}",dc.scaffold.htb,Service Control Manager,System,15005,4,,,,,,530045004E0053002F0034000000,,,,,,,,,,,,,,,,,,,,,,,,,,,,,,,,,,,,,,,,,,,,,,,,,,,,,,,,,,,,,,,,,,,,,,,,,,,,,,,,,,,,,,,,,,,,,,,,,,,,,,,,,,,,,,,,,,,,,,,,,,,SENS,,,running,,,,,,,,,,,,,
2026-09-02T03:21:56.966466Z,"{'#attributes': {'Qualifiers': 16384}, '#text': 7036}",dc.scaffold.htb,Service Control Manager,System,15006,4,,,,,,440073006D005300760063002F0034000000,,,,,,,,,,,,,,,,,,,,,,,,,,,,,,,,,,,,,,,,,,,,,,,,,,,,,,,,,,,,,,,,,,,,,,,,,,,,,,,,,,,,,,,,,,,,,,,,,,,,,,,,,,,,,,,,,,,,,,,,,,,DsmSvc,,,running,,,,,,,,,,,,,
2026-09-02T03:21:57.013340Z,"{'#attributes': {'Qualifiers': 16384}, '#text': 7036}",dc.scaffold.htb,Service Control Manager,System,15007,4,,,,,,5300680065006C006C004800570044006500740065006300740069006F006E002F0034000000,,,,,,,,,,,,,,,,,,,,,,,,,,,,,,,,,,,,,,,,,,,,,,,,,,,,,,,,,,,,,,,,,,,,,,,,,,,,,,,,,,,,,,,,,,,,,,,,,,,,,,,,,,,,,,,,,,,,,,,,,,,ShellHWDetection,,,running,,,,,,,,,,,,,
2026-09-02T03:21:57.013340Z,"{'#attributes': {'Qualifiers': 16384}, '#text': 7036}",dc.scaffold.htb,Service Control Manager,System,15008,4,,,,,,5300630068006500640075006C0065002F0034000000,,,,,,,,,,,,,,,,,,,,,,,,,,,,,,,,,,,,,,,,,,,,,,,,,,,,,,,,,,,,,,,,,,,,,,,,,,,,,,,,,,,,,,,,,,,,,,,,,,,,,,,,,,,,,,,,,,,,,,,,,,,Schedule,,,running,,,,,,,,,,,,,
2026-09-02T03:21:57.044590Z,"{'#attributes': {'Qualifiers': 16384}, '#text': 7036}",dc.scaffold.htb,Service Control Manager,System,15009,4,,,,,,46006F006E007400430061006300680065002F0034000000,,,,,,,,,,,,,,,,,,,,,,,,,,,,,,,,,,,,,,,,,,,,,,,,,,,,,,,,,,,,,,,,,,,,,,,,,,,,,,,,,,,,,,,,,,,,,,,,,,,,,,,,,,,,,,,,,,,,,,,,,,,FontCache,,,running,,,,,,,,,,,,,
2026-09-02T03:21:57.216465Z,"{'#attributes': {'Qualifiers': 49152}, '#text': 4321}",dc.scaffold.htb,NetBT,System,15010,2,,,,,,000000000400320000000000E11000C001010000010000C000000000000000000000000000000000,,,,,,,,,,,,,,,,,,DC             :0,10.129.250.104,10.129.249.73,,,,,,,,,,,,,,,,,,,,,,,,,,,,,,,,,,,,,,,,,,,,,,,,,,,,,,,,,,,,,,,,,,,,,,,,,,,,,,,,,,,,,,,,,,,,,,,,,,,,,,,,,,,,,,,,,,,,,,,
2026-09-02T03:21:57.232088Z,"{'#attributes': {'Qualifiers': 16384}, '#text': 7036}",dc.scaffold.htb,Service Control Manager,System,15011,4,,,,,,4C0061006E006D0061006E0057006F0072006B00730074006100740069006F006E002F0034000000,,,,,,,,,,,,,,,,,,,,,,,,,,,,,,,,,,,,,,,,,,,,,,,,,,,,,,,,,,,,,,,,,,,,,,,,,,,,,,,,,,,,,,,,,,,,,,,,,,,,,,,,,,,,,,,,,,,,,,,,,,,LanmanWorkstation,,,running,,,,,,,,,,,,,
2026-09-02T03:21:57.247716Z,"{'#attributes': {'Qualifiers': 16384}, '#text': 7036}",dc.scaffold.htb,Service Control Manager,System,15012,4,,,,,,4E006300620053006500720076006900630065002F0034000000,,,,,,,,,,,,,,,,,,,,,,,,,,,,,,,,,,,,,,,,,,,,,,,,,,,,,,,,,,,,,,,,,,,,,,,,,,,,,,,,,,,,,,,,,,,,,,,,,,,,,,,,,,,,,,,,,,,,,,,,,,,NcbService,,,running,,,,,,,,,,,,,
2026-09-02T03:21:57.263339Z,"{'#attributes': {'Qualifiers': 16384}, '#text': 7036}",dc.scaffold.htb,Service Control Manager,System,15013,4,,,,,,570069006E0048007400740070004100750074006F00500072006F00780079005300760063002F0034000000,,,,,,,,,,,,,,,,,,,,,,,,,,,,,,,,,,,,,,,,,,,,,,,,,,,,,,,,,,,,,,,,,,,,,,,,,,,,,,,,,,,,,,,,,,,,,,,,,,,,,,,,,,,,,,,,,,,,,,,,,,,WinHttpAutoProxySvc,,,running,,,,,,,,,,,,,
2026-09-02T03:21:57.294589Z,"{'#attributes': {'Qualifiers': 16384}, '#text': 7036}",dc.scaffold.htb,Service Control Manager,System,15014,4,,,,,,4200460045002F0034000000,,,,,,,,,,,,,,,,,,,,,,,,,,,,,,,,,,,,,,,,,,,,,,,,,,,,,,,,,,,,,,,,,,,,,,,,,,,,,,,,,,,,,,,,,,,,,,,,,,,,,,,,,,,,,,,,,,,,,,,,,,,BFE,,,running,,,,,,,,,,,,,
2026-09-02T03:21:57.341464Z,"{'#attributes': {'Qualifiers': 16384}, '#text': 7036}",dc.scaffold.htb,Service Control Manager,System,15015,4,,,,,,55007300650072004D0061006E0061006700650072002F0034000000,,,,,,,,,,,,,,,,,,,,,,,,,,,,,,,,,,,,,,,,,,,,,,,,,,,,,,,,,,,,,,,,,,,,,,,,,,,,,,,,,,,,,,,,,,,,,,,,,,,,,,,,,,,,,,,,,,,,,,,,,,,UserManager,,,running,,,,,,,,,,,,,
2026-09-02T03:21:57.341464Z,"{'#attributes': {'Qualifiers': 16384}, '#text': 7036}",dc.scaffold.htb,Service Control Manager,System,15016,4,,,,,,570063006D007300760063002F0034000000,,,,,,,,,,,,,,,,,,,,,,,,,,,,,,,,,,,,,,,,,,,,,,,,,,,,,,,,,,,,,,,,,,,,,,,,,,,,,,,,,,,,,,,,,,,,,,,,,,,,,,,,,,,,,,,,,,,,,,,,,,,Wcmsvc,,,running,,,,,,,,,,,,,
2026-09-02T03:21:57.403965Z,"{'#attributes': {'Qualifiers': 16384}, '#text': 7036}",dc.scaffold.htb,Service Control Manager,System,15017,4,,,,,,4B00640063002F0034000000,,,,,,,,,,,,,,,,,,,,,,,,,,,,,,,,,,,,,,,,,,,,,,,,,,,,,,,,,,,,,,,,,,,,,,,,,,,,,,,,,,,,,,,,,,,,,,,,,,,,,,,,,,,,,,,,,,,,,,,,,,,Kdc,,,running,,,,,,,,,,,,,
2026-09-02T03:21:57.403965Z,"{'#attributes': {'Qualifiers': 16384}, '#text': 7036}",dc.scaffold.htb,Service Control Manager,System,15018,4,,,,,,6900700068006C0070007300760063002F0034000000,,,,,,,,,,,,,,,,,,,,,,,,,,,,,,,,,,,,,,,,,,,,,,,,,,,,,,,,,,,,,,,,,,,,,,,,,,,,,,,,,,,,,,,,,,,,,,,,,,,,,,,,,,,,,,,,,,,,,,,,,,,iphlpsvc,,,running,,,,,,,,,,,,,
2026-09-02T03:21:57.466748Z,36928,dc.scaffold.htb,Schannel,System,15019,2,,,,,,308205A33082048BA0030201020213260000002AE5B51D4D4886498700010000002A300D06092A864886F70D01010B0500304831133011060A0992268993F22C640119160368746231183016060A0992268993F22C640119160873636166666F6C64311730150603550403130E73636166666F6C642D44432D43413020170D3236303930313233353135325A180F32313036303930313233353135325A300030820122300D06092A864886F70D01010105000382010F003082010A0282010100DE0E8E46E189A000804BADF4FD16942213664A42F316E04C088B626E07A7512619E29F0ACC83C2914AA62C767A901A2DD352C94F28B4306668C5A51DAAE9C6DA46BD467DEF11217D3109B15702019929C263F9D7DBF64C29F386B616DA95370D7B69B7FBFA692C2C28E0B6BEEDF0F285F41B7E19771F87F3CB8F5EEC2E112C3F2738A0F05EA3DB478733D3EB509C804159736B2A4C8445A815E8D4BBE3F93CBDD24039949797B2DDA1FE42F6DD3CFEB1DF2FBA58233A4A278B399354AFA99837B759D3DAC760588E8C150D1F1A11ED405434425E383ABB72EA1DC4F1D731345E90D6A9CE46EC9F6C18DFC5D279A42CF467EACAE17AE4AD019E5E42F710FCFA950203010001A38202CA308202C6303506092B060104018237150704283026061E2B060104018237150887B0D65FFCE71C82C58909A0AB1084E7C37456012102016E02010030320603551D25042B302906082B0601050507030206082B06010505070301060A2B06010401823714020206072B060105020305300E0603551D0F0101FF0404030205A0304006092B060104018237150A04333031300A06082B06010505070302300A06082B06010505070301300C060A2B060104018237140202300906072B060105020305301D0603551D0E041604148A7C6F697993DEAFF8B64ED7A0CBE97A60050AA0301F0603551D2304183016801438203AC1F59F6DC9201146558CA2E6CF19057E3E3081CB0603551D1F0481C33081C03081BDA081BAA081B78681B46C6461703A2F2F2F434E3D73636166666F6C642D44432D43412831292C434E3D64632C434E3D4344502C434E3D5075626C69632532304B657925323053657276696365732C434E3D53657276696365732C434E3D436F6E66696775726174696F6E2C44433D73636166666F6C642C44433D6874623F63657274696669636174655265766F636174696F6E4C6973743F626173653F6F626A656374436C6173733D63524C446973747269627574696F6E506F696E743081C106082B060105050701010481B43081B13081AE06082B060105050730028681A16C6461703A2F2F2F434E3D73636166666F6C642D44432D43412C434E3D4149412C434E3D5075626C69632532304B657925323053657276696365732C434E3D53657276696365732C434E3D436F6E66696775726174696F6E2C44433D73636166666F6C642C44433D6874623F634143657274696669636174653F626173653F6F626A656374436C6173733D63657274696669636174696F6E417574686F7269747930350603551D110101FF042B3029820F64632E73636166666F6C642E687462820C73636166666F6C642E687462820853434146464F4C44300D06092A864886F70D01010B050003820101006025F08D9364397D397E99C085013860803FA84DA19333CA57489C0D59BBF33F939737DFFEE8C8C3C03A605185F8D3F20402DEEB16D2CB78A494332F4037B2D5E10D27799442215E54BAB89F87E964E5770D2181F0C5FB1CD6C475ED64F9A97A082FC3927F107DC49C9F1DE4642700263D1F6F92A3051FF456DBDD489F41528A0FF06844CC38B5F39B66AB8AC7995F799764E0759FB340F68A51D1BB1D2F7F83170708ABB446D72DD6FD16647E97F5FD58B51F1BDDDE9734D9D9A8D7A17BB14D5D3F3550386716BC0763F192039C3D20D7ADF1A131E7FBF7B813C2CFB8ABA2C95F98EC9C8EC6ED79E45E8C0FA1490584F052BD3C9122436175B9A45B902FAE4D,,,,,,,,,,,,,,,,,,,,,,,,,,,,,,,,,,,,,,,,,,,,,REASON_OCSP_RESPONSE_RETRIEVAL_ERROR,,,,,,,,,,,,,,,,,,,,,,,,,,,1601-01-01T00:00:00.000000Z,,,,,,,,,,,,,,,,,,,,,,,,,,,,,,,,,,,,,,1601-01-01T00:00:00.000000Z,,,,,,,,,,,,,,,,,,,,,,,,,,,,,
2026-09-02T03:21:57.497714Z,"{'#attributes': {'Qualifiers': 16384}, '#text': 7036}",dc.scaffold.htb,Service Control Manager,System,15020,4,,,,,,4E00630061005300760063002F0031000000,,,,,,,,,,,,,,,,,,,,,,,,,,,,,,,,,,,,,,,,,,,,,,,,,,,,,,,,,,,,,,,,,,,,,,,,,,,,,,,,,,,,,,,,,,,,,,,,,,,,,,,,,,,,,,,,,,,,,,,,,,,NcaSvc,,,stopped,,,,,,,,,,,,,
2026-09-02T03:21:57.513339Z,"{'#attributes': {'Qualifiers': 16384}, '#text': 7036}",dc.scaffold.htb,Service Control Manager,System,15021,4,,,,,,50006F006C006900630079004100670065006E0074002F0034000000,,,,,,,,,,,,,,,,,,,,,,,,,,,,,,,,,,,,,,,,,,,,,,,,,,,,,,,,,,,,,,,,,,,,,,,,,,,,,,,,,,,,,,,,,,,,,,,,,,,,,,,,,,,,,,,,,,,,,,,,,,,PolicyAgent,,,running,,,,,,,,,,,,,
2026-09-02T03:21:57.560213Z,"{'#attributes': {'Qualifiers': 16384}, '#text': 7036}",dc.scaffold.htb,Service Control Manager,System,15022,4,,,,,,49004B0045004500580054002F0034000000,,,,,,,,,,,,,,,,,,,,,,,,,,,,,,,,,,,,,,,,,,,,,,,,,,,,,,,,,,,,,,,,,,,,,,,,,,,,,,,,,,,,,,,,,,,,,,,,,,,,,,,,,,,,,,,,,,,,,,,,,,,IKEEXT,,,running,,,,,,,,,,,,,
2026-09-02T03:21:57.560213Z,"{'#attributes': {'Qualifiers': 16384}, '#text': 7036}",dc.scaffold.htb,Service Control Manager,System,15023,4,,,,,,6D00700073007300760063002F0034000000,,,,,,,,,,,,,,,,,,,,,,,,,,,,,,,,,,,,,,,,,,,,,,,,,,,,,,,,,,,,,,,,,,,,,,,,,,,,,,,,,,,,,,,,,,,,,,,,,,,,,,,,,,,,,,,,,,,,,,,,,,,mpssvc,,,running,,,,,,,,,,,,,
2026-09-02T03:22:00.747894Z,1014,dc.scaffold.htb,Microsoft-Windows-DNS-Client,System,15024,3,,0200000001010101000000000000000000000000000000000000000000000000000000000000000000000000000000000000000000000000000000000000000000000000000000000000000000000000000000000000000000000000000000000000000000000000000000000000000000000000000000000000000000000000,128,,,,,,,,,,,,,,,,,,,,,,,,,,,,,,,,,,,,,,,,,,,,,,,,,,,,,,,,,,,,,,,,,,,,,,,,,,,,,,,,,,,,,,,,,,,,_ldap._tcp.dc._msdcs.scaffold.htb.,,,,,,,,,,,,,,,,,,,,,,,,,,,,,,,,,,,,,,,,,,,,,,,,,,
2026-09-02T03:22:05.327785Z,"{'#attributes': {'Qualifiers': 49152}, '#text': 2505}",dc.scaffold.htb,Server,System,15025,2,,,,,,34000000,,,,,,,,,,,,,,,,\Device\NetBT_Tcpip_{B67533AE-77BD-4706-9E9E-53BCF481AA5A},,,,,,,,,,,,,,,,,,,,,,,,,,,,,,,,,,,,,,,,,,,,,,,,,,,,,,,,,,,,,,,,,,,,,,,,,,,,,,,,,,,,,,,,,,,,,,,,,,,,,,,,,,,,,,,,,,,,,,,,,,,
2026-09-02T03:22:05.122850Z,"{'#attributes': {'Qualifiers': 16384}, '#text': 7036}",dc.scaffold.htb,Service Control Manager,System,15026,4,,,,,,530061006D00530073002F0034000000,,,,,,,,,,,,,,,,,,,,,,,,,,,,,,,,,,,,,,,,,,,,,,,,,,,,,,,,,,,,,,,,,,,,,,,,,,,,,,,,,,,,,,,,,,,,,,,,,,,,,,,,,,,,,,,,,,,,,,,,,,,SamSs,,,running,,,,,,,,,,,,,
2026-09-02T03:22:05.294613Z,"{'#attributes': {'Qualifiers': 16384}, '#text': 7036}",dc.scaffold.htb,Service Control Manager,System,15027,4,,,,,,4C0061006E006D0061006E005300650072007600650072002F0034000000,,,,,,,,,,,,,,,,,,,,,,,,,,,,,,,,,,,,,,,,,,,,,,,,,,,,,,,,,,,,,,,,,,,,,,,,,,,,,,,,,,,,,,,,,,,,,,,,,,,,,,,,,,,,,,,,,,,,,,,,,,,LanmanServer,,,running,,,,,,,,,,,,,
2026-09-02T03:22:05.311850Z,"{'#attributes': {'Qualifiers': 49152}, '#text': 4321}",dc.scaffold.htb,NetBT,System,15028,2,,,,,,000000000400320000000000E11000C001010000010000C001000000000000000000000000000000,,,,,,,,,,,,,,,,,,DC             :20,10.129.250.104,10.129.249.73,,,,,,,,,,,,,,,,,,,,,,,,,,,,,,,,,,,,,,,,,,,,,,,,,,,,,,,,,,,,,,,,,,,,,,,,,,,,,,,,,,,,,,,,,,,,,,,,,,,,,,,,,,,,,,,,,,,,,,,
2026-09-02T03:22:05.528966Z,"{'#attributes': {'Qualifiers': 16384}, '#text': 7036}",dc.scaffold.htb,Service Control Manager,System,15029,4,,,,,,530070006F006F006C00650072002F0034000000,,,,,,,,,,,,,,,,,,,,,,,,,,,,,,,,,,,,,,,,,,,,,,,,,,,,,,,,,,,,,,,,,,,,,,,,,,,,,,,,,,,,,,,,,,,,,,,,,,,,,,,,,,,,,,,,,,,,,,,,,,,Spooler,,,running,,,,,,,,,,,,,
2026-09-02T03:22:05.638338Z,"{'#attributes': {'Qualifiers': 16384}, '#text': 7036}",dc.scaffold.htb,Service Control Manager,System,15030,4,,,,,,4B0065007900490073006F002F0034000000,,,,,,,,,,,,,,,,,,,,,,,,,,,,,,,,,,,,,,,,,,,,,,,,,,,,,,,,,,,,,,,,,,,,,,,,,,,,,,,,,,,,,,,,,,,,,,,,,,,,,,,,,,,,,,,,,,,,,,,,,,,KeyIso,,,running,,,,,,,,,,,,,
2026-09-02T03:22:05.747714Z,"{'#attributes': {'Qualifiers': 16384}, '#text': 7036}",dc.scaffold.htb,Service Control Manager,System,15031,4,,,,,,41007A0075007200650041007400740065007300740053006500720076006900630065002F0034000000,,,,,,,,,,,,,,,,,,,,,,,,,,,,,,,,,,,,,,,,,,,,,,,,,,,,,,,,,,,,,,,,,,,,,,,,,,,,,,,,,,,,,,,,,,,,,,,,,,,,,,,,,,,,,,,,,,,,,,,,,,,AzureAttestService,,,running,,,,,,,,,,,,,
2026-09-02T03:22:05.872717Z,"{'#attributes': {'Qualifiers': 16384}, '#text': 7036}",dc.scaffold.htb,Service Control Manager,System,15032,4,,,,,,430072007900700074005300760063002F0034000000,,,,,,,,,,,,,,,,,,,,,,,,,,,,,,,,,,,,,,,,,,,,,,,,,,,,,,,,,,,,,,,,,,,,,,,,,,,,,,,,,,,,,,,,,,,,,,,,,,,,,,,,,,,,,,,,,,,,,,,,,,,CryptSvc,,,running,,,,,,,,,,,,,
2026-09-02T03:22:05.888339Z,"{'#attributes': {'Qualifiers': 16384}, '#text': 7036}",dc.scaffold.htb,Service Control Manager,System,15033,4,,,,,,43006F00720065004D006500730073006100670069006E0067005200650067006900730074007200610072002F0034000000,,,,,,,,,,,,,,,,,,,,,,,,,,,,,,,,,,,,,,,,,,,,,,,,,,,,,,,,,,,,,,,,,,,,,,,,,,,,,,,,,,,,,,,,,,,,,,,,,,,,,,,,,,,,,,,,,,,,,,,,,,,CoreMessagingRegistrar,,,running,,,,,,,,,,,,,
2026-09-02T03:22:05.903967Z,"{'#attributes': {'Qualifiers': 16384}, '#text': 7036}",dc.scaffold.htb,Service Control Manager,System,15034,4,,,,,,520065006D006F0074006500520065006700690073007400720079002F0034000000,,,,,,,,,,,,,,,,,,,,,,,,,,,,,,,,,,,,,,,,,,,,,,,,,,,,,,,,,,,,,,,,,,,,,,,,,,,,,,,,,,,,,,,,,,,,,,,,,,,,,,,,,,,,,,,,,,,,,,,,,,,RemoteRegistry,,,running,,,,,,,,,,,,,
2026-09-02T03:22:05.935217Z,"{'#attributes': {'Qualifiers': 16384}, '#text': 7036}",dc.scaffold.htb,Service Control Manager,System,15035,4,,,,,,44004600530052002F0034000000,,,,,,,,,,,,,,,,,,,,,,,,,,,,,,,,,,,,,,,,,,,,,,,,,,,,,,,,,,,,,,,,,,,,,,,,,,,,,,,,,,,,,,,,,,,,,,,,,,,,,,,,,,,,,,,,,,,,,,,,,,,DFSR,,,running,,,,,,,,,,,,,
2026-09-02T03:22:05.935217Z,"{'#attributes': {'Qualifiers': 16384}, '#text': 7036}",dc.scaffold.htb,Service Control Manager,System,15036,4,,,,,,490073006D0053006500720076002F0034000000,,,,,,,,,,,,,,,,,,,,,,,,,,,,,,,,,,,,,,,,,,,,,,,,,,,,,,,,,,,,,,,,,,,,,,,,,,,,,,,,,,,,,,,,,,,,,,,,,,,,,,,,,,,,,,,,,,,,,,,,,,,IsmServ,,,running,,,,,,,,,,,,,
2026-09-02T03:22:05.997717Z,"{'#attributes': {'Qualifiers': 16384}, '#text': 7036}",dc.scaffold.htb,Service Control Manager,System,15037,4,,,,,,43006500720074005300760063002F0034000000,,,,,,,,,,,,,,,,,,,,,,,,,,,,,,,,,,,,,,,,,,,,,,,,,,,,,,,,,,,,,,,,,,,,,,,,,,,,,,,,,,,,,,,,,,,,,,,,,,,,,,,,,,,,,,,,,,,,,,,,,,,CertSvc,,,running,,,,,,,,,,,,,
2026-09-02T03:22:06.028965Z,"{'#attributes': {'Qualifiers': 16384}, '#text': 7036}",dc.scaffold.htb,Service Control Manager,System,15038,4,,,,,,41007000700048006F00730074005300760063002F0034000000,,,,,,,,,,,,,,,,,,,,,,,,,,,,,,,,,,,,,,,,,,,,,,,,,,,,,,,,,,,,,,,,,,,,,,,,,,,,,,,,,,,,,,,,,,,,,,,,,,,,,,,,,,,,,,,,,,,,,,,,,,,AppHostSvc,,,running,,,,,,,,,,,,,
2026-09-02T03:22:06.044592Z,"{'#attributes': {'Qualifiers': 16384}, '#text': 7036}",dc.scaffold.htb,Service Control Manager,System,15039,4,,,,,,5300790073004D00610069006E002F0034000000,,,,,,,,,,,,,,,,,,,,,,,,,,,,,,,,,,,,,,,,,,,,,,,,,,,,,,,,,,,,,,,,,,,,,,,,,,,,,,,,,,,,,,,,,,,,,,,,,,,,,,,,,,,,,,,,,,,,,,,,,,,SysMain,,,running,,,,,,,,,,,,,
2026-09-02T03:22:06.044592Z,"{'#attributes': {'Qualifiers': 16384}, '#text': 7036}",dc.scaffold.htb,Service Control Manager,System,15040,4,,,,,,530051004C005700720069007400650072002F0034000000,,,,,,,,,,,,,,,,,,,,,,,,,,,,,,,,,,,,,,,,,,,,,,,,,,,,,,,,,,,,,,,,,,,,,,,,,,,,,,,,,,,,,,,,,,,,,,,,,,,,,,,,,,,,,,,,,,,,,,,,,,,SQLWriter,,,running,,,,,,,,,,,,,
2026-09-02T03:22:06.232088Z,"{'#attributes': {'Qualifiers': 16384}, '#text': 5211}",dc.scaffold.htb,Microsoft-Windows-WAS,System,15041,4,,,,,,,,,,,,,,,ConfigurationSystem,,,,,,,,,,,,,,,,,,,,,,,,,,,,,,,,,,,,,,,,,,,,,,,,,,,,,,,,,,,,,,,,,,,,,,,,,,,,,,,,,,,Classic,,,,,,,,,,,,,,,,,,,,,,,,,,,,,,,,,,,,,,,,,,,,,,,
2026-09-02T03:22:06.310214Z,"{'#attributes': {'Qualifiers': 16384}, '#text': 14533}",dc.scaffold.htb,Microsoft-Windows-DfsSvc,System,15042,4,,,,,,,,,,,,,,,,,,,,,,,,,,,,,,,,,,,,,,,,,,,,,,,,,,,,,,,,,,,,,,,,,,,,,,,,,,DfsFinishBuildingNamespace,,,,,,,,,,,,,,,,,,,,,,,,,,,,,,,,,,,,,,,,,,,,,,,,,,,,,,,,,,,,,,,,,,,,,,,
2026-09-02T03:22:06.310214Z,"{'#attributes': {'Qualifiers': 16384}, '#text': 14531}",dc.scaffold.htb,Microsoft-Windows-DfsSvc,System,15043,4,,,,,,,,,,,,,,,,,,,,,,,,,,,,,,,,,,,,,,,,,,,,,,,,,,,,,,,,,,,,,,,,,,,,,,,,,,DfsFinishInit,,,,,,,,,,,,,,,,,,,,,,,,,,,,,,,,,,,,,,,,,,,,,,,,,,,,,,,,,,,,,,,,,,,,,,,
2026-09-02T03:22:06.185215Z,"{'#attributes': {'Qualifiers': 16384}, '#text': 7036}",dc.scaffold.htb,Service Control Manager,System,15044,4,,,,,,56004D003300440053006500720076006900630065002F0034000000,,,,,,,,,,,,,,,,,,,,,,,,,,,,,,,,,,,,,,,,,,,,,,,,,,,,,,,,,,,,,,,,,,,,,,,,,,,,,,,,,,,,,,,,,,,,,,,,,,,,,,,,,,,,,,,,,,,,,,,,,,,VM3DService,,,running,,,,,,,,,,,,,
2026-09-02T03:22:06.232088Z,"{'#attributes': {'Qualifiers': 16384}, '#text': 7036}",dc.scaffold.htb,Service Control Manager,System,15045,4,,,,,,4400660073002F0034000000,,,,,,,,,,,,,,,,,,,,,,,,,,,,,,,,,,,,,,,,,,,,,,,,,,,,,,,,,,,,,,,,,,,,,,,,,,,,,,,,,,,,,,,,,,,,,,,,,,,,,,,,,,,,,,,,,,,,,,,,,,,Dfs,,,running,,,,,,,,,,,,,
2026-09-02T03:22:06.278964Z,"{'#attributes': {'Qualifiers': 16384}, '#text': 7036}",dc.scaffold.htb,Service Control Manager,System,15046,4,,,,,,56004700410075007400680053006500720076006900630065002F0034000000,,,,,,,,,,,,,,,,,,,,,,,,,,,,,,,,,,,,,,,,,,,,,,,,,,,,,,,,,,,,,,,,,,,,,,,,,,,,,,,,,,,,,,,,,,,,,,,,,,,,,,,,,,,,,,,,,,,,,,,,,,,VGAuthService,,,running,,,,,,,,,,,,,
2026-09-02T03:22:06.278964Z,"{'#attributes': {'Qualifiers': 16384}, '#text': 7036}",dc.scaffold.htb,Service Control Manager,System,15047,4,,,,,,56004D0054006F006F006C0073002F0034000000,,,,,,,,,,,,,,,,,,,,,,,,,,,,,,,,,,,,,,,,,,,,,,,,,,,,,,,,,,,,,,,,,,,,,,,,,,,,,,,,,,,,,,,,,,,,,,,,,,,,,,,,,,,,,,,,,,,,,,,,,,,VMTools,,,running,,,,,,,,,,,,,
2026-09-02T03:22:06.294590Z,"{'#attributes': {'Qualifiers': 16384}, '#text': 7036}",dc.scaffold.htb,Service Control Manager,System,15048,4,,,,,,570069006E006D0067006D0074002F0034000000,,,,,,,,,,,,,,,,,,,,,,,,,,,,,,,,,,,,,,,,,,,,,,,,,,,,,,,,,,,,,,,,,,,,,,,,,,,,,,,,,,,,,,,,,,,,,,,,,,,,,,,,,,,,,,,,,,,,,,,,,,,Winmgmt,,,running,,,,,,,,,,,,,
2026-09-02T03:22:06.310214Z,"{'#attributes': {'Qualifiers': 16384}, '#text': 7036}",dc.scaffold.htb,Service Control Manager,System,15049,4,,,,,,53007300740070005300760063002F0034000000,,,,,,,,,,,,,,,,,,,,,,,,,,,,,,,,,,,,,,,,,,,,,,,,,,,,,,,,,,,,,,,,,,,,,,,,,,,,,,,,,,,,,,,,,,,,,,,,,,,,,,,,,,,,,,,,,,,,,,,,,,,SstpSvc,,,running,,,,,,,,,,,,,
2026-09-02T03:22:06.560214Z,"{'#attributes': {'Qualifiers': 16384}, '#text': 7036}",dc.scaffold.htb,Service Control Manager,System,15050,4,,,,,,570070006E0053006500720076006900630065002F0034000000,,,,,,,,,,,,,,,,,,,,,,,,,,,,,,,,,,,,,,,,,,,,,,,,,,,,,,,,,,,,,,,,,,,,,,,,,,,,,,,,,,,,,,,,,,,,,,,,,,,,,,,,,,,,,,,,,,,,,,,,,,,WpnService,,,running,,,,,,,,,,,,,
2026-09-02T03:22:06.560214Z,"{'#attributes': {'Qualifiers': 16384}, '#text': 7036}",dc.scaffold.htb,Service Control Manager,System,15051,4,,,,,,5700410053002F0034000000,,,,,,,,,,,,,,,,,,,,,,,,,,,,,,,,,,,,,,,,,,,,,,,,,,,,,,,,,,,,,,,,,,,,,,,,,,,,,,,,,,,,,,,,,,,,,,,,,,,,,,,,,,,,,,,,,,,,,,,,,,,WAS,,,running,,,,,,,,,,,,,
2026-09-02T03:22:06.591463Z,"{'#attributes': {'Qualifiers': 16384}, '#text': 7036}",dc.scaffold.htb,Service Control Manager,System,15052,4,,,,,,440069006100670054007200610063006B002F0034000000,,,,,,,,,,,,,,,,,,,,,,,,,,,,,,,,,,,,,,,,,,,,,,,,,,,,,,,,,,,,,,,,,,,,,,,,,,,,,,,,,,,,,,,,,,,,,,,,,,,,,,,,,,,,,,,,,,,,,,,,,,,DiagTrack,,,running,,,,,,,,,,,,,
2026-09-02T03:22:07.232087Z,"{'#attributes': {'Qualifiers': 7}, '#text': 10148}",dc.scaffold.htb,Microsoft-Windows-WinRM,System,15053,4,,,,,,,,,,,,,,,,,,,,,,,,,,,,,,,,,,,,,,,,,,,,,,,,,,,,,,,,,,,,,,,,,,,,,,,,,,Started Listening,,,,,,,,,,,,,,,,,,,,,,,,,,,,,,,,,,,,,,,,,,,,,,,,,,,,,,,,,,,,,,,,,,,,,,,
2026-09-02T03:22:07.810214Z,"{'#attributes': {'Qualifiers': 16384}, '#text': 7036}",dc.scaffold.htb,Service Control Manager,System,15054,4,,,,,,570069006E0052004D002F0034000000,,,,,,,,,,,,,,,,,,,,,,,,,,,,,,,,,,,,,,,,,,,,,,,,,,,,,,,,,,,,,,,,,,,,,,,,,,,,,,,,,,,,,,,,,,,,,,,,,,,,,,,,,,,,,,,,,,,,,,,,,,,WinRM,,,running,,,,,,,,,,,,,
2026-09-02T03:22:07.857088Z,"{'#attributes': {'Qualifiers': 16384}, '#text': 7036}",dc.scaffold.htb,Service Control Manager,System,15055,4,,,,,,76006D007600730073002F0034000000,,,,,,,,,,,,,,,,,,,,,,,,,,,,,,,,,,,,,,,,,,,,,,,,,,,,,,,,,,,,,,,,,,,,,,,,,,,,,,,,,,,,,,,,,,,,,,,,,,,,,,,,,,,,,,,,,,,,,,,,,,,vmvss,,,running,,,,,,,,,,,,,
2026-09-02T03:22:08.497717Z,"{'#attributes': {'Qualifiers': 16896}, '#text': 3}",dc.scaffold.htb,Virtual Disk Service,System,15056,4,,,,,,,,,,,,,,,,,,,,,,@2010005,,,,,,,,,,,,,,,,,,,,,,,,,,,,,,,,,,,,,,,,,,,,,,,,,,,,,,,,,,,,,,,,,,,,,,,,,,,,,,,,,,,,,,,,,,,,,,,,,,,,,,,,,,,,,,,,,,,,,,,,,,,
2026-09-02T03:22:08.544590Z,"{'#attributes': {'Qualifiers': 16384}, '#text': 7036}",dc.scaffold.htb,Service Control Manager,System,15057,4,,,,,,7600640073002F0034000000,,,,,,,,,,,,,,,,,,,,,,,,,,,,,,,,,,,,,,,,,,,,,,,,,,,,,,,,,,,,,,,,,,,,,,,,,,,,,,,,,,,,,,,,,,,,,,,,,,,,,,,,,,,,,,,,,,,,,,,,,,,vds,,,running,,,,,,,,,,,,,
2026-09-02T03:22:08.950840Z,"{'#attributes': {'Qualifiers': 16384}, '#text': 7036}",dc.scaffold.htb,Service Control Manager,System,15058,4,,,,,,530074006100740065005200650070006F007300690074006F00720079002F0034000000,,,,,,,,,,,,,,,,,,,,,,,,,,,,,,,,,,,,,,,,,,,,,,,,,,,,,,,,,,,,,,,,,,,,,,,,,,,,,,,,,,,,,,,,,,,,,,,,,,,,,,,,,,,,,,,,,,,,,,,,,,,StateRepository,,,running,,,,,,,,,,,,,
2026-09-02T03:22:08.997714Z,"{'#attributes': {'Qualifiers': 16384}, '#text': 7036}",dc.scaffold.htb,Service Control Manager,System,15059,4,,,,,,43004F004D005300790073004100700070002F0034000000,,,,,,,,,,,,,,,,,,,,,,,,,,,,,,,,,,,,,,,,,,,,,,,,,,,,,,,,,,,,,,,,,,,,,,,,,,,,,,,,,,,,,,,,,,,,,,,,,,,,,,,,,,,,,,,,,,,,,,,,,,,COMSysApp,,,running,,,,,,,,,,,,,
2026-09-02T03:22:10.388338Z,"{'#attributes': {'Qualifiers': 16384}, '#text': 7036}",dc.scaffold.htb,Service Control Manager,System,15060,4,,,,,,5200610073004D0061006E002F0034000000,,,,,,,,,,,,,,,,,,,,,,,,,,,,,,,,,,,,,,,,,,,,,,,,,,,,,,,,,,,,,,,,,,,,,,,,,,,,,,,,,,,,,,,,,,,,,,,,,,,,,,,,,,,,,,,,,,,,,,,,,,,RasMan,,,running,,,,,,,,,,,,,
2026-09-02T03:22:12.669592Z,"{'#attributes': {'Qualifiers': 16384}, '#text': 7036}",dc.scaffold.htb,Service Control Manager,System,15061,4,,,,,,41004400570053002F0034000000,,,,,,,,,,,,,,,,,,,,,,,,,,,,,,,,,,,,,,,,,,,,,,,,,,,,,,,,,,,,,,,,,,,,,,,,,,,,,,,,,,,,,,,,,,,,,,,,,,,,,,,,,,,,,,,,,,,,,,,,,,,ADWS,,,running,,,,,,,,,,,,,
2026-09-02T03:22:13.091464Z,"{'#attributes': {'Qualifiers': 16384}, '#text': 7036}",dc.scaffold.htb,Service Control Manager,System,15062,4,,,,,,770075006100750073006500720076002F0034000000,,,,,,,,,,,,,,,,,,,,,,,,,,,,,,,,,,,,,,,,,,,,,,,,,,,,,,,,,,,,,,,,,,,,,,,,,,,,,,,,,,,,,,,,,,,,,,,,,,,,,,,,,,,,,,,,,,,,,,,,,,,wuauserv,,,running,,,,,,,,,,,,,
2026-09-02T03:22:16.810219Z,"{'#attributes': {'Qualifiers': 16384}, '#text': 7036}",dc.scaffold.htb,Service Control Manager,System,15063,4,,,,,,4D0053004400540043002F0034000000,,,,,,,,,,,,,,,,,,,,,,,,,,,,,,,,,,,,,,,,,,,,,,,,,,,,,,,,,,,,,,,,,,,,,,,,,,,,,,,,,,,,,,,,,,,,,,,,,,,,,,,,,,,,,,,,,,,,,,,,,,,MSDTC,,,running,,,,,,,,,,,,,
2026-09-02T03:22:17.732091Z,"{'#attributes': {'Qualifiers': 16384}, '#text': 7036}",dc.scaffold.htb,Service Control Manager,System,15064,4,,,,,,4D00440054005F004D006F006E00690074006F0072002F0034000000,,,,,,,,,,,,,,,,,,,,,,,,,,,,,,,,,,,,,,,,,,,,,,,,,,,,,,,,,,,,,,,,,,,,,,,,,,,,,,,,,,,,,,,,,,,,,,,,,,,,,,,,,,,,,,,,,,,,,,,,,,,MDT_Monitor,,,running,,,,,,,,,,,,,
2026-09-02T03:22:17.997714Z,"{'#attributes': {'Qualifiers': 16384}, '#text': 7036}",dc.scaffold.htb,Service Control Manager,System,15065,4,,,,,,4E00650074006C006F0067006F006E002F0034000000,,,,,,,,,,,,,,,,,,,,,,,,,,,,,,,,,,,,,,,,,,,,,,,,,,,,,,,,,,,,,,,,,,,,,,,,,,,,,,,,,,,,,,,,,,,,,,,,,,,,,,,,,,,,,,,,,,,,,,,,,,,Netlogon,,,running,,,,,,,,,,,,,
2026-09-02T03:22:18.716463Z,"{'#attributes': {'Qualifiers': 16384}, '#text': 7036}",dc.scaffold.htb,Service Control Manager,System,15066,4,,,,,,5600530053002F0034000000,,,,,,,,,,,,,,,,,,,,,,,,,,,,,,,,,,,,,,,,,,,,,,,,,,,,,,,,,,,,,,,,,,,,,,,,,,,,,,,,,,,,,,,,,,,,,,,,,,,,,,,,,,,,,,,,,,,,,,,,,,,VSS,,,running,,,,,,,,,,,,,
2026-09-02T03:22:19.653965Z,"{'#attributes': {'Qualifiers': 7}, '#text': 10154}",dc.scaffold.htb,Microsoft-Windows-WinRM,System,15067,3,,,,,,,,,,,,,,,,,,,,,,,,,,,,,,,,,,,,,,,,,,,,,,,,,,,,,,,,,,,,,,,,,,,,,,,,,,,,,,,,,,,,,,,,,,,,,,,,,,,,,,,,,,,,,,,,,,,,,,,,,,,,,,,1355,,,,,,,,,,,,,,WSMAN/dc.scaffold.htb,WSMAN/dc,,,
2026-09-02T03:22:19.716466Z,"{'#attributes': {'Qualifiers': 16384}, '#text': 7036}",dc.scaffold.htb,Service Control Manager,System,15068,4,,,,,,4400690073007000420072006F006B00650072004400650073006B0074006F0070005300760063002F0034000000,,,,,,,,,,,,,,,,,,,,,,,,,,,,,,,,,,,,,,,,,,,,,,,,,,,,,,,,,,,,,,,,,,,,,,,,,,,,,,,,,,,,,,,,,,,,,,,,,,,,,,,,,,,,,,,,,,,,,,,,,,,DispBrokerDesktopSvc,,,running,,,,,,,,,,,,,
2026-09-02T03:22:22.280120Z,1014,dc.scaffold.htb,Microsoft-Windows-DNS-Client,System,15069,3,,0200000001010101000000000000000000000000000000000000000000000000000000000000000000000000000000000000000000000000000000000000000000000000000000000000000000000000000000000000000000000000000000000000000000000000000000000000000000000000000000000000000000000000,128,,,,,,,,,,,,,,,,,,,,,,,,,,,,,,,,,,,,,,,,,,,,,,,,,,,,,,,,,,,,,,,,,,,,,,,,,,,,,,,,,,,,,,,,,,,,_ldap._tcp.dc._msdcs.scaffold.htb.,,,,,,,,,,,,,,,,,,,,,,,,,,,,,,,,,,,,,,,,,,,,,,,,,,
2026-09-02T03:22:24.169898Z,"{'#attributes': {'Qualifiers': 16384}, '#text': 7036}",dc.scaffold.htb,Service Control Manager,System,15070,4,,,,,,570033005300560043002F0034000000,,,,,,,,,,,,,,,,,,,,,,,,,,,,,,,,,,,,,,,,,,,,,,,,,,,,,,,,,,,,,,,,,,,,,,,,,,,,,,,,,,,,,,,,,,,,,,,,,,,,,,,,,,,,,,,,,,,,,,,,,,,W3SVC,,,running,,,,,,,,,,,,,
2026-09-02T03:22:26.781790Z,139,dc.scaffold.htb,Microsoft-Windows-Time-Service,System,15071,4,,,,,,,,,,,,,,,,,,,,,,,,,,,,,,,,,,,,,,,,,,,,,,,,,,,,,,,,,,,,,,,,,,,,,,,,,,TMP_EVENT_START_ADVERTISING,,,,,,,,,,,,,,,,,,,,,,,,,,,,,,,,,,,,,,,,,,,,,,,,,,,,,,,,,,,,,,,,,,,,,,,
2026-09-02T03:22:26.781793Z,143,dc.scaffold.htb,Microsoft-Windows-Time-Service,System,15072,4,,,,,,,,,,,,,,,,,,,,,,,,,,,,,,,,,,,,,,,,,,,,,,,,,,,,,,,,,,,,,,,,,,,,,,,,,,TMP_EVENT_START_ADVERTISING_GT,,,,,,,,,,,,,,,,,,,,,,,,,,,,,,,,,,,,,,,,,,,,,,,,,,,,,,,,,,,,,,,,,,,,,,,
2026-09-02T03:22:26.789300Z,12,dc.scaffold.htb,Microsoft-Windows-Time-Service,System,15073,3,,,,,,,,,,,,,,,,,,,,,,,,,,,,,,,,,,,,,,,,,,,,,,,,,,,,,,,,,,,,,,,,,,,,,,,,,,TMP_EVENT_DOMAIN_HIERARCHY_ROOT,,,,,,,,,,,,,,,,,,,,,,,,,,,,,,,,,,,,,,,,,,,,,,,,,,,,,,,,,,,,,,,,,,,,,,,
2026-09-02T03:22:26.779004Z,"{'#attributes': {'Qualifiers': 16384}, '#text': 7036}",dc.scaffold.htb,Service Control Manager,System,15074,4,,,,,,570033003200540069006D0065002F0034000000,,,,,,,,,,,,,,,,,,,,,,,,,,,,,,,,,,,,,,,,,,,,,,,,,,,,,,,,,,,,,,,,,,,,,,,,,,,,,,,,,,,,,,,,,,,,,,,,,,,,,,,,,,,,,,,,,,,,,,,,,,,W32Time,,,running,,,,,,,,,,,,,
2026-09-02T03:22:29.216466Z,"{'#attributes': {'Qualifiers': 16384}, '#text': 7036}",dc.scaffold.htb,Service Control Manager,System,15075,4,,,,,,42004900540053002F0034000000,,,,,,,,,,,,,,,,,,,,,,,,,,,,,,,,,,,,,,,,,,,,,,,,,,,,,,,,,,,,,,,,,,,,,,,,,,,,,,,,,,,,,,,,,,,,,,,,,,,,,,,,,,,,,,,,,,,,,,,,,,,BITS,,,running,,,,,,,,,,,,,
2026-09-02T03:22:30.122715Z,"{'#attributes': {'Qualifiers': 16384}, '#text': 7036}",dc.scaffold.htb,Service Control Manager,System,15076,4,,,,,,530051004C00540045004C0045004D0045005400520059002400530051004C0045005800500052004500530053002F0034000000,,,,,,,,,,,,,,,,,,,,,,,,,,,,,,,,,,,,,,,,,,,,,,,,,,,,,,,,,,,,,,,,,,,,,,,,,,,,,,,,,,,,,,,,,,,,,,,,,,,,,,,,,,,,,,,,,,,,,,,,,,,SQLTELEMETRY$SQLEXPRESS,,,running,,,,,,,,,,,,,
2026-09-02T03:22:30.232088Z,"{'#attributes': {'Qualifiers': 49152}, '#text': 7026}",dc.scaffold.htb,Service Control Manager,System,15077,4,,,,,,,,,,,,,,,,,,,,,,,,,,,,,,,,,,,,,,,,,,,,,,,,,,,,,,,,,,,,,,,,,,,,,,,,,,,,,,,,,,,,,,,,,,,,,,,,,,,,,,,,,,,,,,,,,,,,,,,,,,,,,,,,,"
dam",,,,,,,,,,,,,,,,
2026-09-02T03:22:30.513340Z,"{'#attributes': {'Qualifiers': 16384}, '#text': 7036}",dc.scaffold.htb,Service Control Manager,System,15078,4,,,,,,77006D006900410070005300720076002F0034000000,,,,,,,,,,,,,,,,,,,,,,,,,,,,,,,,,,,,,,,,,,,,,,,,,,,,,,,,,,,,,,,,,,,,,,,,,,,,,,,,,,,,,,,,,,,,,,,,,,,,,,,,,,,,,,,,,,,,,,,,,,,WMI Performance Adapter,,,running,,,,,,,,,,,,,
2026-09-02T03:22:32.091468Z,"{'#attributes': {'Qualifiers': 16384}, '#text': 7040}",dc.scaffold.htb,Service Control Manager,System,15079,4,,,,,,,,,,,,,,,,,,,,,,,,,,,,,,,,,,,,,,,,,,,,,,,,,,,,,,,,,,,,,,,,,,,,,,,,,,,,,,,,,,,,,,,,,,,,,,,,,,,,,,,,,,,,,,,,,,,,,,,,,,,,,,,,,Windows Modules Installer,,,auto start,demand start,TrustedInstaller,,,,,,,,,,,
2026-09-02T03:22:34.825841Z,"{'#attributes': {'Qualifiers': 16384}, '#text': 7036}",dc.scaffold.htb,Service Control Manager,System,15080,4,,,,,,4D005300530051004C002400530051004C0045005800500052004500530053002F0034000000,,,,,,,,,,,,,,,,,,,,,,,,,,,,,,,,,,,,,,,,,,,,,,,,,,,,,,,,,,,,,,,,,,,,,,,,,,,,,,,,,,,,,,,,,,,,,,,,,,,,,,,,,,,,,,,,,,,,,,,,,,,MSSQL$SQLEXPRESS,,,running,,,,,,,,,,,,,
2026-09-02T03:22:35.107118Z,"{'#attributes': {'Qualifiers': 16384}, '#text': 7036}",dc.scaffold.htb,Service Control Manager,System,15081,4,,,,,,44004E0053002F0034000000,,,,,,,,,,,,,,,,,,,,,,,,,,,,,,,,,,,,,,,,,,,,,,,,,,,,,,,,,,,,,,,,,,,,,,,,,,,,,,,,,,,,,,,,,,,,,,,,,,,,,,,,,,,,,,,,,,,,,,,,,,,DNS,,,running,,,,,,,,,,,,,
2026-09-02T03:22:36.425786Z,19,dc.scaffold.htb,Microsoft-Windows-WindowsUpdateClient,System,15082,4,,,,,,,,,,,,,,,,,,,,,,,,,,,,,,,,,,,,,,,,,,,,,,,,,,,,,,,,,,,,,,,,,,,,,,,,,,,,,,,,,,,,,,,,,,,,,,,,,,,,,,,,,,,,,,,,,,,,,,,,,,,,,,,,,,,,,,,,,,,,9482F4B4-E343-43B6-B170-9A65BC822C77,,,3A98ED5B-E5F0-402E-AC1E-13AD1998FAD3,200,"2026-08 Cumulative Update for .NET Framework 3.5, 4.8 and 4.8.1 for Microsoft server operating system version 21H2 for x64 (KB5121650)"
2026-09-02T03:22:36.425789Z,19,dc.scaffold.htb,Microsoft-Windows-WindowsUpdateClient,System,15083,4,,,,,,,,,,,,,,,,,,,,,,,,,,,,,,,,,,,,,,,,,,,,,,,,,,,,,,,,,,,,,,,,,,,,,,,,,,,,,,,,,,,,,,,,,,,,,,,,,,,,,,,,,,,,,,,,,,,,,,,,,,,,,,,,,,,,,,,,,,,,9482F4B4-E343-43B6-B170-9A65BC822C77,,,F79E3DE9-B030-4984-A5AC-FCAA5DAB7E8D,200,2022-02 Cumulative Update Preview for .NET Framework 3.5 and 4.8 for Microsoft server operating system version 21H2 for x64 (KB5010475)
2026-09-02T03:22:43.015843Z,23,dc.scaffold.htb,Microsoft-Windows-Eventlog,System,15084,2,,,,,,,,,,,,,Microsoft-Windows-PowerShell/Operational,,,,,,,,,,,,,,,,,,,,,,,,,,,,,,,,,,,5,,,,,,,,,,,,,,,,,,,,,,,,,,,,,,,,,,,,,,,,,,,,,,,,,,,,,,,,,,,,,,,,,,,,,,,,,,,,,,http://manifests.microsoft.com/win/2004/08/windows/eventlog,,,,,,,,,,,,,,,,,,,
2026-09-02T03:22:43.016855Z,23,dc.scaffold.htb,Microsoft-Windows-Eventlog,System,15085,2,,,,,,,,,,,,,Microsoft-Windows-PowerShell/Admin,,,,,,,,,,,,,,,,,,,,,,,,,,,,,,,,,,,5,,,,,,,,,,,,,,,,,,,,,,,,,,,,,,,,,,,,,,,,,,,,,,,,,,,,,,,,,,,,,,,,,,,,,,,,,,,,,,http://manifests.microsoft.com/win/2004/08/windows/eventlog,,,,,,,,,,,,,,,,,,,
2026-09-02T03:22:56.869114Z,16,dc.scaffold.htb,Microsoft-Windows-Kernel-General,System,15086,4,,,,,,,,,,,,,,,,,,,,,,,,,,,,,,,,,,,,,0,,,,,,,,,,,,,,,,,,\??\C:\RemoteInstall\Tmp\x86{A9F2F1FB-66AE-4656-8B93-C7CE5248FB41}.bcd,70,,,,,0,,,,,,,,,,,,,,,,,,,,,,,,,,,,,,,,,,,,,,,,,,,,,,,,,,,,,,,,,,,,,,,,,,,,,,,,,,,,,,,,,,,,
2026-09-02T03:22:56.895975Z,16,dc.scaffold.htb,Microsoft-Windows-Kernel-General,System,15087,4,,,,,,,,,,,,,,,,,,,,,,,,,,,,,,,,,,,,,0,,,,,,,,,,,,,,,,,,\??\C:\RemoteInstall\Tmp\x64{969158C2-F4A2-4675-B54A-D7AD91570EC7}.bcd,70,,,,,0,,,,,,,,,,,,,,,,,,,,,,,,,,,,,,,,,,,,,,,,,,,,,,,,,,,,,,,,,,,,,,,,,,,,,,,,,,,,,,,,,,,,
2026-09-02T03:22:56.902232Z,16,dc.scaffold.htb,Microsoft-Windows-Kernel-General,System,15088,4,,,,,,,,,,,,,,,,,,,,,,,,,,,,,,,,,,,,,0,,,,,,,,,,,,,,,,,,\??\C:\RemoteInstall\Tmp\x64{969158C2-F4A2-4675-B54A-D7AD91570EC7}.bcd,70,,,,,0,,,,,,,,,,,,,,,,,,,,,,,,,,,,,,,,,,,,,,,,,,,,,,,,,,,,,,,,,,,,,,,,,,,,,,,,,,,,,,,,,,,,
2026-09-02T03:22:56.903297Z,16,dc.scaffold.htb,Microsoft-Windows-Kernel-General,System,15089,4,,,,,,,,,,,,,,,,,,,,,,,,,,,,,,,,,,,,,0,,,,,,,,,,,,,,,,,,\??\C:\RemoteInstall\Tmp\x64{969158C2-F4A2-4675-B54A-D7AD91570EC7}.bcd,70,,,,,0,,,,,,,,,,,,,,,,,,,,,,,,,,,,,,,,,,,,,,,,,,,,,,,,,,,,,,,,,,,,,,,,,,,,,,,,,,,,,,,,,,,,
2026-09-02T03:22:56.925309Z,16,dc.scaffold.htb,Microsoft-Windows-Kernel-General,System,15090,4,,,,,,,,,,,,,,,,,,,,,,,,,,,,,,,,,,,,,0,,,,,,,,,,,,,,,,,,\??\C:\RemoteInstall\Tmp\arm64{F3161F29-1F3D-4280-8CB5-CE39B98CBC52}.bcd,72,,,,,0,,,,,,,,,,,,,,,,,,,,,,,,,,,,,,,,,,,,,,,,,,,,,,,,,,,,,,,,,,,,,,,,,,,,,,,,,,,,,,,,,,,,
2026-09-02T03:22:56.929616Z,16,dc.scaffold.htb,Microsoft-Windows-Kernel-General,System,15091,4,,,,,,,,,,,,,,,,,,,,,,,,,,,,,,,,,,,,,0,,,,,,,,,,,,,,,,,,\??\C:\RemoteInstall\Tmp\arm64{F3161F29-1F3D-4280-8CB5-CE39B98CBC52}.bcd,72,,,,,0,,,,,,,,,,,,,,,,,,,,,,,,,,,,,,,,,,,,,,,,,,,,,,,,,,,,,,,,,,,,,,,,,,,,,,,,,,,,,,,,,,,,
2026-09-02T03:22:56.930601Z,16,dc.scaffold.htb,Microsoft-Windows-Kernel-General,System,15092,4,,,,,,,,,,,,,,,,,,,,,,,,,,,,,,,,,,,,,0,,,,,,,,,,,,,,,,,,\??\C:\RemoteInstall\Tmp\arm64{F3161F29-1F3D-4280-8CB5-CE39B98CBC52}.bcd,72,,,,,0,,,,,,,,,,,,,,,,,,,,,,,,,,,,,,,,,,,,,,,,,,,,,,,,,,,,,,,,,,,,,,,,,,,,,,,,,,,,,,,,,,,,
2026-09-02T03:22:56.950445Z,16,dc.scaffold.htb,Microsoft-Windows-Kernel-General,System,15093,4,,,,,,,,,,,,,,,,,,,,,,,,,,,,,,,,,,,,,0,,,,,,,,,,,,,,,,,,\??\C:\RemoteInstall\Tmp\x86x64{42B4C46E-4933-4960-99ED-D0D0C07C58DA}.bcd,73,,,,,0,,,,,,,,,,,,,,,,,,,,,,,,,,,,,,,,,,,,,,,,,,,,,,,,,,,,,,,,,,,,,,,,,,,,,,,,,,,,,,,,,,,,
2026-09-02T03:22:56.971680Z,16,dc.scaffold.htb,Microsoft-Windows-Kernel-General,System,15094,4,,,,,,,,,,,,,,,,,,,,,,,,,,,,,,,,,,,,,0,,,,,,,,,,,,,,,,,,\??\C:\RemoteInstall\Tmp\arm{A979B8B7-C042-4E61-BD9E-5F8B8976498B}.bcd,70,,,,,0,,,,,,,,,,,,,,,,,,,,,,,,,,,,,,,,,,,,,,,,,,,,,,,,,,,,,,,,,,,,,,,,,,,,,,,,,,,,,,,,,,,,
2026-09-02T03:22:56.975002Z,16,dc.scaffold.htb,Microsoft-Windows-Kernel-General,System,15095,4,,,,,,,,,,,,,,,,,,,,,,,,,,,,,,,,,,,,,0,,,,,,,,,,,,,,,,,,\??\C:\RemoteInstall\Tmp\arm{A979B8B7-C042-4E61-BD9E-5F8B8976498B}.bcd,70,,,,,0,,,,,,,,,,,,,,,,,,,,,,,,,,,,,,,,,,,,,,,,,,,,,,,,,,,,,,,,,,,,,,,,,,,,,,,,,,,,,,,,,,,,
2026-09-02T03:22:56.975843Z,16,dc.scaffold.htb,Microsoft-Windows-Kernel-General,System,15096,4,,,,,,,,,,,,,,,,,,,,,,,,,,,,,,,,,,,,,0,,,,,,,,,,,,,,,,,,\??\C:\RemoteInstall\Tmp\arm{A979B8B7-C042-4E61-BD9E-5F8B8976498B}.bcd,70,,,,,0,,,,,,,,,,,,,,,,,,,,,,,,,,,,,,,,,,,,,,,,,,,,,,,,,,,,,,,,,,,,,,,,,,,,,,,,,,,,,,,,,,,,
2026-09-02T03:22:56.994677Z,16,dc.scaffold.htb,Microsoft-Windows-Kernel-General,System,15097,4,,,,,,,,,,,,,,,,,,,,,,,,,,,,,,,,,,,,,0,,,,,,,,,,,,,,,,,,\??\C:\RemoteInstall\Tmp\x86uefi{DE97B829-DD07-4404-8114-C8BA8B49DC5B}.bcd,74,,,,,0,,,,,,,,,,,,,,,,,,,,,,,,,,,,,,,,,,,,,,,,,,,,,,,,,,,,,,,,,,,,,,,,,,,,,,,,,,,,,,,,,,,,
2026-09-02T03:22:57.020783Z,16,dc.scaffold.htb,Microsoft-Windows-Kernel-General,System,15098,4,,,,,,,,,,,,,,,,,,,,,,,,,,,,,,,,,,,,,0,,,,,,,,,,,,,,,,,,\??\C:\RemoteInstall\Tmp\x64uefi{F07B2985-E29E-470B-87CF-45C68472561D}.bcd,74,,,,,0,,,,,,,,,,,,,,,,,,,,,,,,,,,,,,,,,,,,,,,,,,,,,,,,,,,,,,,,,,,,,,,,,,,,,,,,,,,,,,,,,,,,
2026-09-02T03:22:57.024560Z,16,dc.scaffold.htb,Microsoft-Windows-Kernel-General,System,15099,4,,,,,,,,,,,,,,,,,,,,,,,,,,,,,,,,,,,,,0,,,,,,,,,,,,,,,,,,\??\C:\RemoteInstall\Tmp\x64uefi{F07B2985-E29E-470B-87CF-45C68472561D}.bcd,74,,,,,0,,,,,,,,,,,,,,,,,,,,,,,,,,,,,,,,,,,,,,,,,,,,,,,,,,,,,,,,,,,,,,,,,,,,,,,,,,,,,,,,,,,,
2026-09-02T03:22:57.026401Z,16,dc.scaffold.htb,Microsoft-Windows-Kernel-General,System,15100,4,,,,,,,,,,,,,,,,,,,,,,,,,,,,,,,,,,,,,0,,,,,,,,,,,,,,,,,,\??\C:\RemoteInstall\Tmp\x64uefi{F07B2985-E29E-470B-87CF-45C68472561D}.bcd,74,,,,,0,,,,,,,,,,,,,,,,,,,,,,,,,,,,,,,,,,,,,,,,,,,,,,,,,,,,,,,,,,,,,,,,,,,,,,,,,,,,,,,,,,,,
2026-09-02T03:22:57.107089Z,"{'#attributes': {'Qualifiers': 16384}, '#text': 7036}",dc.scaffold.htb,Service Control Manager,System,15101,4,,,,,,5700440053005300650072007600650072002F0034000000,,,,,,,,,,,,,,,,,,,,,,,,,,,,,,,,,,,,,,,,,,,,,,,,,,,,,,,,,,,,,,,,,,,,,,,,,,,,,,,,,,,,,,,,,,,,,,,,,,,,,,,,,,,,,,,,,,,,,,,,,,,WDSServer,,,running,,,,,,,,,,,,,
2026-09-02T03:23:05.310255Z,"{'#attributes': {'Qualifiers': 0}, '#text': 5774}",dc.scaffold.htb,NETLOGON,System,15102,2,,,,,,0000,,,,,,,,,,,,,,,,,_ldap._tcp.pdc._msdcs.scaffold.htb. 600 IN SRV 0 100 389 dc.scaffold.htb.,%%10054,::,0,0,,,,,,,,,,,,,,,,,,,,,,,,,,,,,,,,,,,,,,,,,,,,,,,,,,,,,,,,,,,,,,,,,,,,,,,,,,,,,,,,,,,,,,,,,,,,,,,,,,,,,,,,,,,,,,,,,,,,,,
2026-09-02T03:23:12.341500Z,"{'#attributes': {'Qualifiers': 0}, '#text': 5774}",dc.scaffold.htb,NETLOGON,System,15103,2,,,,,,0000,,,,,,,,,,,,,,,,,_ldap._tcp.gc._msdcs.scaffold.htb. 600 IN SRV 0 100 3268 dc.scaffold.htb.,%%10054,::,0,0,,,,,,,,,,,,,,,,,,,,,,,,,,,,,,,,,,,,,,,,,,,,,,,,,,,,,,,,,,,,,,,,,,,,,,,,,,,,,,,,,,,,,,,,,,,,,,,,,,,,,,,,,,,,,,,,,,,,,,
2026-09-02T03:23:11.716464Z,"{'#attributes': {'Qualifiers': 16384}, '#text': 7036}",dc.scaffold.htb,Service Control Manager,System,15104,4,,,,,,4E00630061005300760063002F0031000000,,,,,,,,,,,,,,,,,,,,,,,,,,,,,,,,,,,,,,,,,,,,,,,,,,,,,,,,,,,,,,,,,,,,,,,,,,,,,,,,,,,,,,,,,,,,,,,,,,,,,,,,,,,,,,,,,,,,,,,,,,,Network Connectivity Assistant,,,stopped,,,,,,,,,,,,,
2026-09-02T03:23:11.794595Z,"{'#attributes': {'Qualifiers': 16384}, '#text': 7036}",dc.scaffold.htb,Service Control Manager,System,15105,4,,,,,,57006100610053004D0065006400690063005300760063002F0034000000,,,,,,,,,,,,,,,,,,,,,,,,,,,,,,,,,,,,,,,,,,,,,,,,,,,,,,,,,,,,,,,,,,,,,,,,,,,,,,,,,,,,,,,,,,,,,,,,,,,,,,,,,,,,,,,,,,,,,,,,,,,Windows Update Medic Service,,,running,,,,,,,,,,,,,
2026-09-02T03:23:11.810220Z,"{'#attributes': {'Qualifiers': 16384}, '#text': 7036}",dc.scaffold.htb,Service Control Manager,System,15106,4,,,,,,44006F005300760063002F0034000000,,,,,,,,,,,,,,,,,,,,,,,,,,,,,,,,,,,,,,,,,,,,,,,,,,,,,,,,,,,,,,,,,,,,,,,,,,,,,,,,,,,,,,,,,,,,,,,,,,,,,,,,,,,,,,,,,,,,,,,,,,,Delivery Optimization,,,running,,,,,,,,,,,,,
2026-09-02T03:23:11.935224Z,"{'#attributes': {'Qualifiers': 16384}, '#text': 7036}",dc.scaffold.htb,Service Control Manager,System,15107,4,,,,,,530074006F0072005300760063002F0034000000,,,,,,,,,,,,,,,,,,,,,,,,,,,,,,,,,,,,,,,,,,,,,,,,,,,,,,,,,,,,,,,,,,,,,,,,,,,,,,,,,,,,,,,,,,,,,,,,,,,,,,,,,,,,,,,,,,,,,,,,,,,Storage Service,,,running,,,,,,,,,,,,,
2026-09-02T03:23:12.060215Z,"{'#attributes': {'Qualifiers': 16384}, '#text': 7036}",dc.scaffold.htb,Service Control Manager,System,15108,4,,,,,,44006F005300760063002F0031000000,,,,,,,,,,,,,,,,,,,,,,,,,,,,,,,,,,,,,,,,,,,,,,,,,,,,,,,,,,,,,,,,,,,,,,,,,,,,,,,,,,,,,,,,,,,,,,,,,,,,,,,,,,,,,,,,,,,,,,,,,,,Delivery Optimization,,,stopped,,,,,,,,,,,,,
2026-09-02T03:23:12.091468Z,"{'#attributes': {'Qualifiers': 16384}, '#text': 7036}",dc.scaffold.htb,Service Control Manager,System,15109,4,,,,,,41007000700058005300760063002F0034000000,,,,,,,,,,,,,,,,,,,,,,,,,,,,,,,,,,,,,,,,,,,,,,,,,,,,,,,,,,,,,,,,,,,,,,,,,,,,,,,,,,,,,,,,,,,,,,,,,,,,,,,,,,,,,,,,,,,,,,,,,,,AppX Deployment Service (AppXSVC),,,running,,,,,,,,,,,,,
2026-09-02T03:23:12.138340Z,"{'#attributes': {'Qualifiers': 16384}, '#text': 7036}",dc.scaffold.htb,Service Control Manager,System,15110,4,,,,,,43006C00690070005300560043002F0034000000,,,,,,,,,,,,,,,,,,,,,,,,,,,,,,,,,,,,,,,,,,,,,,,,,,,,,,,,,,,,,,,,,,,,,,,,,,,,,,,,,,,,,,,,,,,,,,,,,,,,,,,,,,,,,,,,,,,,,,,,,,,Client License Service (ClipSVC),,,running,,,,,,,,,,,,,
2026-09-02T03:23:33.435231Z,"{'#attributes': {'Qualifiers': 0}, '#text': 5774}",dc.scaffold.htb,NETLOGON,System,15111,2,,,,,,0000,,,,,,,,,,,,,,,,,8d19e4df-5b30-43ff-9cc0-b6553b38f37b._msdcs.scaffold.htb. 600 IN CNAME dc.scaffold.htb.,%%10054,::,0,0,,,,,,,,,,,,,,,,,,,,,,,,,,,,,,,,,,,,,,,,,,,,,,,,,,,,,,,,,,,,,,,,,,,,,,,,,,,,,,,,,,,,,,,,,,,,,,,,,,,,,,,,,,,,,,,,,,,,,,
2026-09-02T03:23:38.450889Z,"{'#attributes': {'Qualifiers': 0}, '#text': 5774}",dc.scaffold.htb,NETLOGON,System,15112,2,,,,,,0000,,,,,,,,,,,,,,,,,_kerberos._tcp.dc._msdcs.scaffold.htb. 600 IN SRV 0 100 88 dc.scaffold.htb.,%%10054,::,0,0,,,,,,,,,,,,,,,,,,,,,,,,,,,,,,,,,,,,,,,,,,,,,,,,,,,,,,,,,,,,,,,,,,,,,,,,,,,,,,,,,,,,,,,,,,,,,,,,,,,,,,,,,,,,,,,,,,,,,,
2026-09-02T03:23:44.466513Z,"{'#attributes': {'Qualifiers': 0}, '#text': 5774}",dc.scaffold.htb,NETLOGON,System,15113,2,,,,,,0000,,,,,,,,,,,,,,,,,_kerberos._tcp.Default-First-Site-Name._sites.dc._msdcs.scaffold.htb. 600 IN SRV 0 100 88 dc.scaffold.htb.,%%10054,::,0,0,,,,,,,,,,,,,,,,,,,,,,,,,,,,,,,,,,,,,,,,,,,,,,,,,,,,,,,,,,,,,,,,,,,,,,,,,,,,,,,,,,,,,,,,,,,,,,,,,,,,,,,,,,,,,,,,,,,,,,
