2026-05-14T19:06:11.317988Z,201,dc.scaffold.htb,Microsoft-Windows-TaskScheduler,Microsoft-Windows-TaskScheduler/Operational,1123,4,%windir%\system32\devicecensus.exe,5928,,,,,,,0,,3818DEBA-48DC-4E33-8C1E-A35AFD57AF82,\Microsoft\Windows\Device Information\Device User,,,ActionSuccess
2026-05-14T19:06:11.318439Z,102,dc.scaffold.htb,Microsoft-Windows-TaskScheduler,Microsoft-Windows-TaskScheduler/Operational,1124,4,,,3818DEBA-48DC-4E33-8C1E-A35AFD57AF82,,,,,,,,,\Microsoft\Windows\Device Information\Device User,SCAFFOLD\Administrator,,TaskSuccessEvent
2026-05-14T19:10:28.532634Z,140,dc.scaffold.htb,Microsoft-Windows-TaskScheduler,Microsoft-Windows-TaskScheduler/Operational,1125,4,,,,,,,,,,,,\Microsoft\Windows\Application Experience\Microsoft Compatibility Appraiser,,S-1-5-18,TaskUpdated
2026-05-14T19:10:28.561504Z,201,dc.scaffold.htb,Microsoft-Windows-TaskScheduler,Microsoft-Windows-TaskScheduler/Operational,1126,4,%windir%\system32\compattelrunner.exe,3948,,,,,,,0,,E23F755C-DCC3-480E-9F77-D6A0FC6B6C19,\Microsoft\Windows\Application Experience\Microsoft Compatibility Appraiser,,,ActionSuccess
2026-05-14T19:10:28.561751Z,102,dc.scaffold.htb,Microsoft-Windows-TaskScheduler,Microsoft-Windows-TaskScheduler/Operational,1127,4,,,E23F755C-DCC3-480E-9F77-D6A0FC6B6C19,,,,,,,,,\Microsoft\Windows\Application Experience\Microsoft Compatibility Appraiser,NT AUTHORITY\SYSTEM,,TaskSuccessEvent
2026-05-14T19:14:04.507858Z,140,dc.scaffold.htb,Microsoft-Windows-TaskScheduler,Microsoft-Windows-TaskScheduler/Operational,1128,4,,,,,,,,,,,,\Microsoft\Windows\WindowsUpdate\Scheduled Start,,NT AUTHORITY\SYSTEM,TaskUpdated
2026-05-14T19:20:20.011770Z,140,dc.scaffold.htb,Microsoft-Windows-TaskScheduler,Microsoft-Windows-TaskScheduler/Operational,1129,4,,,,,,,,,,,,\Microsoft\Windows\SoftwareProtectionPlatform\SvcRestartTask,,SCAFFOLD\DC$,TaskUpdated
2026-05-14T19:22:25.980828Z,201,dc.scaffold.htb,Microsoft-Windows-TaskScheduler,Microsoft-Windows-TaskScheduler/Operational,1130,4,%windir%\system32\compattelrunner.exe,1900,,,,,,,0,,9475DC76-9570-486D-85D2-00F4F1F74944,\Microsoft\Windows\Application Experience\ProgramDataUpdater,,,ActionSuccess
2026-05-14T19:22:25.981287Z,102,dc.scaffold.htb,Microsoft-Windows-TaskScheduler,Microsoft-Windows-TaskScheduler/Operational,1131,4,,,9475DC76-9570-486D-85D2-00F4F1F74944,,,,,,,,,\Microsoft\Windows\Application Experience\ProgramDataUpdater,NT AUTHORITY\SYSTEM,,TaskSuccessEvent
2026-05-14T19:22:27.010459Z,129,dc.scaffold.htb,Microsoft-Windows-TaskScheduler,Microsoft-Windows-TaskScheduler/Operational,1132,4,,,,,taskhostw.exe,16384,6960,,,,,\Microsoft\Windows\Power Efficiency Diagnostics\AnalyzeSystem,,,CreatedTaskProcess
2026-05-14T19:22:27.011049Z,100,dc.scaffold.htb,Microsoft-Windows-TaskScheduler,Microsoft-Windows-TaskScheduler/Operational,1133,4,,,F4F3F5EB-CFA1-4CBB-999B-F48BC5DA3DC3,,,,,,,,,\Microsoft\Windows\Power Efficiency Diagnostics\AnalyzeSystem,NT AUTHORITY\SYSTEM,,TaskStartEvent
2026-05-14T19:22:27.011052Z,200,dc.scaffold.htb,Microsoft-Windows-TaskScheduler,Microsoft-Windows-TaskScheduler/Operational,1134,4,,6960,,,,,,,,,F4F3F5EB-CFA1-4CBB-999B-F48BC5DA3DC3,\Microsoft\Windows\Power Efficiency Diagnostics\AnalyzeSystem,,,ActionStart
2026-05-14T19:22:48.293705Z,140,dc.scaffold.htb,Microsoft-Windows-TaskScheduler,Microsoft-Windows-TaskScheduler/Operational,1135,4,,,,,,,,,,,,\Microsoft\Windows\SoftwareProtectionPlatform\SvcRestartTask,,SCAFFOLD\DC$,TaskUpdated
2026-05-14T19:23:27.979979Z,201,dc.scaffold.htb,Microsoft-Windows-TaskScheduler,Microsoft-Windows-TaskScheduler/Operational,1136,4,,6960,,,,,,,0,,F4F3F5EB-CFA1-4CBB-999B-F48BC5DA3DC3,\Microsoft\Windows\Power Efficiency Diagnostics\AnalyzeSystem,,,ActionSuccess
2026-05-14T19:23:27.979980Z,102,dc.scaffold.htb,Microsoft-Windows-TaskScheduler,Microsoft-Windows-TaskScheduler/Operational,1137,4,,,F4F3F5EB-CFA1-4CBB-999B-F48BC5DA3DC3,,,,,,,,,\Microsoft\Windows\Power Efficiency Diagnostics\AnalyzeSystem,NT AUTHORITY\SYSTEM,,TaskSuccessEvent
2026-05-14T20:52:59.059186Z,411,dc.scaffold.htb,Microsoft-Windows-TaskScheduler,Microsoft-Windows-TaskScheduler/Operational,1138,4,,,,TimeChangeSignaled,,,,,,,,,,,
2026-05-14T20:52:59.063241Z,118,dc.scaffold.htb,Microsoft-Windows-TaskScheduler,Microsoft-Windows-TaskScheduler/Operational,1139,4,,,9BAFC93C-CA36-4F64-B05D-8CE17F84239B,,,,,,,,,\Microsoft\Windows\Autochk\Proxy,,,BootTrigger
2026-05-14T20:52:59.069542Z,129,dc.scaffold.htb,Microsoft-Windows-TaskScheduler,Microsoft-Windows-TaskScheduler/Operational,1140,4,,,,,%windir%\system32\rundll32.exe,16384,1284,,,,,\Microsoft\Windows\Autochk\Proxy,,,CreatedTaskProcess
2026-05-14T20:52:59.069894Z,100,dc.scaffold.htb,Microsoft-Windows-TaskScheduler,Microsoft-Windows-TaskScheduler/Operational,1141,4,,,9BAFC93C-CA36-4F64-B05D-8CE17F84239B,,,,,,,,,\Microsoft\Windows\Autochk\Proxy,NT AUTHORITY\SYSTEM,,TaskStartEvent
2026-05-14T20:52:59.069896Z,200,dc.scaffold.htb,Microsoft-Windows-TaskScheduler,Microsoft-Windows-TaskScheduler/Operational,1142,4,%windir%\system32\rundll32.exe,1284,,,,,,,,,9BAFC93C-CA36-4F64-B05D-8CE17F84239B,\Microsoft\Windows\Autochk\Proxy,,,ActionStart
2026-05-14T20:52:59.071621Z,107,dc.scaffold.htb,Microsoft-Windows-TaskScheduler,Microsoft-Windows-TaskScheduler/Operational,1143,4,,,2EC925AE-D8A8-48C6-9FC1-E2C7F8C8973D,,,,,,,,,\MicrosoftEdgeUpdateTaskMachineUA,,,TimeTriggerEvent
2026-05-14T20:52:59.071869Z,114,dc.scaffold.htb,Microsoft-Windows-TaskScheduler,Microsoft-Windows-TaskScheduler/Operational,1144,3,,,24F21E02-6607-4758-B110-9627250EFB0F,,,,,,,,,\Microsoft\Windows\UpdateOrchestrator\Schedule Scan,,,MissedTaskLaunched
2026-05-14T20:52:59.073485Z,114,dc.scaffold.htb,Microsoft-Windows-TaskScheduler,Microsoft-Windows-TaskScheduler/Operational,1145,3,,,F0ABA096-B6B6-40EB-8D65-36A641CF8627,,,,,,,,,\Microsoft\Windows\Windows Error Reporting\QueueReporting,,,MissedTaskLaunched
2026-05-14T20:52:59.076399Z,129,dc.scaffold.htb,Microsoft-Windows-TaskScheduler,Microsoft-Windows-TaskScheduler/Operational,1146,4,,,,,%windir%\system32\wermgr.exe,16384,4712,,,,,\Microsoft\Windows\Windows Error Reporting\QueueReporting,,,CreatedTaskProcess
2026-05-14T20:52:59.076583Z,100,dc.scaffold.htb,Microsoft-Windows-TaskScheduler,Microsoft-Windows-TaskScheduler/Operational,1147,4,,,F0ABA096-B6B6-40EB-8D65-36A641CF8627,,,,,,,,,\Microsoft\Windows\Windows Error Reporting\QueueReporting,NT AUTHORITY\SYSTEM,,TaskStartEvent
2026-05-14T20:52:59.076586Z,200,dc.scaffold.htb,Microsoft-Windows-TaskScheduler,Microsoft-Windows-TaskScheduler/Operational,1148,4,%windir%\system32\wermgr.exe,4712,,,,,,,,,F0ABA096-B6B6-40EB-8D65-36A641CF8627,\Microsoft\Windows\Windows Error Reporting\QueueReporting,,,ActionStart
2026-05-14T20:52:59.077339Z,129,dc.scaffold.htb,Microsoft-Windows-TaskScheduler,Microsoft-Windows-TaskScheduler/Operational,1149,4,,,,,%systemroot%\system32\usoclient.exe,16384,1716,,,,,\Microsoft\Windows\UpdateOrchestrator\Schedule Scan,,,CreatedTaskProcess
2026-05-14T20:52:59.077493Z,100,dc.scaffold.htb,Microsoft-Windows-TaskScheduler,Microsoft-Windows-TaskScheduler/Operational,1150,4,,,24F21E02-6607-4758-B110-9627250EFB0F,,,,,,,,,\Microsoft\Windows\UpdateOrchestrator\Schedule Scan,NT AUTHORITY\SYSTEM,,TaskStartEvent
2026-05-14T20:52:59.077494Z,200,dc.scaffold.htb,Microsoft-Windows-TaskScheduler,Microsoft-Windows-TaskScheduler/Operational,1151,4,%systemroot%\system32\usoclient.exe,1716,,,,,,,,,24F21E02-6607-4758-B110-9627250EFB0F,\Microsoft\Windows\UpdateOrchestrator\Schedule Scan,,,ActionStart
2026-05-14T20:52:59.086962Z,129,dc.scaffold.htb,Microsoft-Windows-TaskScheduler,Microsoft-Windows-TaskScheduler/Operational,1152,4,,,,,C:\Program Files (x86)\Microsoft\EdgeUpdate\MicrosoftEdgeUpdate.exe,32,3416,,,,,\MicrosoftEdgeUpdateTaskMachineUA,,,CreatedTaskProcess
2026-05-14T20:52:59.087107Z,100,dc.scaffold.htb,Microsoft-Windows-TaskScheduler,Microsoft-Windows-TaskScheduler/Operational,1153,4,,,2EC925AE-D8A8-48C6-9FC1-E2C7F8C8973D,,,,,,,,,\MicrosoftEdgeUpdateTaskMachineUA,NT AUTHORITY\SYSTEM,,TaskStartEvent
2026-05-14T20:52:59.087109Z,200,dc.scaffold.htb,Microsoft-Windows-TaskScheduler,Microsoft-Windows-TaskScheduler/Operational,1154,4,C:\Program Files (x86)\Microsoft\EdgeUpdate\MicrosoftEdgeUpdate.exe,3416,,,,,,,,,2EC925AE-D8A8-48C6-9FC1-E2C7F8C8973D,\MicrosoftEdgeUpdateTaskMachineUA,,,ActionStart
2026-05-14T20:52:59.093448Z,322,dc.scaffold.htb,Microsoft-Windows-TaskScheduler,Microsoft-Windows-TaskScheduler/Operational,1155,3,,,,,,,,,,,2EC925AE-D8A8-48C6-9FC1-E2C7F8C8973D,\MicrosoftEdgeUpdateTaskMachineUA,,,NewInstanceIgnored
2026-05-14T20:52:59.198874Z,201,dc.scaffold.htb,Microsoft-Windows-TaskScheduler,Microsoft-Windows-TaskScheduler/Operational,1156,4,%windir%\system32\rundll32.exe,1284,,,,,,,0,,9BAFC93C-CA36-4F64-B05D-8CE17F84239B,\Microsoft\Windows\Autochk\Proxy,,,ActionSuccess
2026-05-14T20:52:59.199050Z,102,dc.scaffold.htb,Microsoft-Windows-TaskScheduler,Microsoft-Windows-TaskScheduler/Operational,1157,4,,,9BAFC93C-CA36-4F64-B05D-8CE17F84239B,,,,,,,,,\Microsoft\Windows\Autochk\Proxy,NT AUTHORITY\SYSTEM,,TaskSuccessEvent
2026-05-14T20:52:59.260398Z,201,dc.scaffold.htb,Microsoft-Windows-TaskScheduler,Microsoft-Windows-TaskScheduler/Operational,1158,4,%windir%\system32\wermgr.exe,4712,,,,,,,0,,F0ABA096-B6B6-40EB-8D65-36A641CF8627,\Microsoft\Windows\Windows Error Reporting\QueueReporting,,,ActionSuccess
2026-05-14T20:52:59.260734Z,102,dc.scaffold.htb,Microsoft-Windows-TaskScheduler,Microsoft-Windows-TaskScheduler/Operational,1159,4,,,F0ABA096-B6B6-40EB-8D65-36A641CF8627,,,,,,,,,\Microsoft\Windows\Windows Error Reporting\QueueReporting,NT AUTHORITY\SYSTEM,,TaskSuccessEvent
2026-05-14T20:52:59.335258Z,201,dc.scaffold.htb,Microsoft-Windows-TaskScheduler,Microsoft-Windows-TaskScheduler/Operational,1160,4,%systemroot%\system32\usoclient.exe,1716,,,,,,,0,,24F21E02-6607-4758-B110-9627250EFB0F,\Microsoft\Windows\UpdateOrchestrator\Schedule Scan,,,ActionSuccess
2026-05-14T20:52:59.335524Z,102,dc.scaffold.htb,Microsoft-Windows-TaskScheduler,Microsoft-Windows-TaskScheduler/Operational,1161,4,,,24F21E02-6607-4758-B110-9627250EFB0F,,,,,,,,,\Microsoft\Windows\UpdateOrchestrator\Schedule Scan,NT AUTHORITY\SYSTEM,,TaskSuccessEvent
2026-05-14T20:54:19.954696Z,201,dc.scaffold.htb,Microsoft-Windows-TaskScheduler,Microsoft-Windows-TaskScheduler/Operational,1162,4,C:\Program Files (x86)\Microsoft\EdgeUpdate\MicrosoftEdgeUpdate.exe,3416,,,,,,,0,,2EC925AE-D8A8-48C6-9FC1-E2C7F8C8973D,\MicrosoftEdgeUpdateTaskMachineUA,,,ActionSuccess
2026-05-14T20:54:19.954802Z,102,dc.scaffold.htb,Microsoft-Windows-TaskScheduler,Microsoft-Windows-TaskScheduler/Operational,1163,4,,,2EC925AE-D8A8-48C6-9FC1-E2C7F8C8973D,,,,,,,,,\MicrosoftEdgeUpdateTaskMachineUA,NT AUTHORITY\SYSTEM,,TaskSuccessEvent
2026-05-14T20:55:28.891076Z,114,dc.scaffold.htb,Microsoft-Windows-TaskScheduler,Microsoft-Windows-TaskScheduler/Operational,1164,3,,,E3577550-A3C6-4281-B5D8-C8E1C1EFA550,,,,,,,,,\MicrosoftEdgeUpdateTaskMachineUA,,,MissedTaskLaunched
2026-05-14T20:55:28.893428Z,129,dc.scaffold.htb,Microsoft-Windows-TaskScheduler,Microsoft-Windows-TaskScheduler/Operational,1165,4,,,,,C:\Program Files (x86)\Microsoft\EdgeUpdate\MicrosoftEdgeUpdate.exe,32,1172,,,,,\MicrosoftEdgeUpdateTaskMachineUA,,,CreatedTaskProcess
2026-05-14T20:55:28.893581Z,100,dc.scaffold.htb,Microsoft-Windows-TaskScheduler,Microsoft-Windows-TaskScheduler/Operational,1166,4,,,E3577550-A3C6-4281-B5D8-C8E1C1EFA550,,,,,,,,,\MicrosoftEdgeUpdateTaskMachineUA,NT AUTHORITY\SYSTEM,,TaskStartEvent
2026-05-14T20:55:28.893582Z,200,dc.scaffold.htb,Microsoft-Windows-TaskScheduler,Microsoft-Windows-TaskScheduler/Operational,1167,4,C:\Program Files (x86)\Microsoft\EdgeUpdate\MicrosoftEdgeUpdate.exe,1172,,,,,,,,,E3577550-A3C6-4281-B5D8-C8E1C1EFA550,\MicrosoftEdgeUpdateTaskMachineUA,,,ActionStart
2026-05-14T20:55:28.937906Z,201,dc.scaffold.htb,Microsoft-Windows-TaskScheduler,Microsoft-Windows-TaskScheduler/Operational,1168,4,C:\Program Files (x86)\Microsoft\EdgeUpdate\MicrosoftEdgeUpdate.exe,1172,,,,,,,0,,E3577550-A3C6-4281-B5D8-C8E1C1EFA550,\MicrosoftEdgeUpdateTaskMachineUA,,,ActionSuccess
2026-05-14T20:55:28.938129Z,102,dc.scaffold.htb,Microsoft-Windows-TaskScheduler,Microsoft-Windows-TaskScheduler/Operational,1169,4,,,E3577550-A3C6-4281-B5D8-C8E1C1EFA550,,,,,,,,,\MicrosoftEdgeUpdateTaskMachineUA,NT AUTHORITY\SYSTEM,,TaskSuccessEvent
2026-05-14T20:57:08.529386Z,129,dc.scaffold.htb,Microsoft-Windows-TaskScheduler,Microsoft-Windows-TaskScheduler/Operational,1170,4,,,,,%systemroot%\system32\usoclient.exe,16384,5396,,,,,\Microsoft\Windows\UpdateOrchestrator\Schedule Scan Static Task,,,CreatedTaskProcess
2026-05-14T20:57:08.529553Z,100,dc.scaffold.htb,Microsoft-Windows-TaskScheduler,Microsoft-Windows-TaskScheduler/Operational,1171,4,,,8C941616-3100-421B-9C80-D93AA3B89502,,,,,,,,,\Microsoft\Windows\UpdateOrchestrator\Schedule Scan Static Task,NT AUTHORITY\SYSTEM,,TaskStartEvent
2026-05-14T20:57:08.529555Z,200,dc.scaffold.htb,Microsoft-Windows-TaskScheduler,Microsoft-Windows-TaskScheduler/Operational,1172,4,%systemroot%\system32\usoclient.exe,5396,,,,,,,,,8C941616-3100-421B-9C80-D93AA3B89502,\Microsoft\Windows\UpdateOrchestrator\Schedule Scan Static Task,,,ActionStart
2026-05-14T20:57:08.530095Z,322,dc.scaffold.htb,Microsoft-Windows-TaskScheduler,Microsoft-Windows-TaskScheduler/Operational,1173,3,,,,,,,,,,,8C941616-3100-421B-9C80-D93AA3B89502,\Microsoft\Windows\UpdateOrchestrator\Schedule Scan Static Task,,,NewInstanceIgnored
2026-05-14T20:57:08.575898Z,201,dc.scaffold.htb,Microsoft-Windows-TaskScheduler,Microsoft-Windows-TaskScheduler/Operational,1174,4,%systemroot%\system32\usoclient.exe,5396,,,,,,,0,,8C941616-3100-421B-9C80-D93AA3B89502,\Microsoft\Windows\UpdateOrchestrator\Schedule Scan Static Task,,,ActionSuccess
2026-05-14T20:57:08.576050Z,102,dc.scaffold.htb,Microsoft-Windows-TaskScheduler,Microsoft-Windows-TaskScheduler/Operational,1175,4,,,8C941616-3100-421B-9C80-D93AA3B89502,,,,,,,,,\Microsoft\Windows\UpdateOrchestrator\Schedule Scan Static Task,NT AUTHORITY\SYSTEM,,TaskSuccessEvent
2026-05-14T20:58:14.667840Z,140,dc.scaffold.htb,Microsoft-Windows-TaskScheduler,Microsoft-Windows-TaskScheduler/Operational,1176,4,,,,,,,,,,,,\Microsoft\Windows\WindowsUpdate\Scheduled Start,,NT AUTHORITY\SYSTEM,TaskUpdated
2026-05-14T21:07:24.123920Z,108,dc.scaffold.htb,Microsoft-Windows-TaskScheduler,Microsoft-Windows-TaskScheduler/Operational,1177,4,,,3F040E1B-5810-4A86-8CDA-A4B2115D96EE,,,,,,,,,\Microsoft\Windows\Workplace Join\Automatic-Device-Join,,,EventTriggerEvent
2026-05-14T21:07:24.128221Z,129,dc.scaffold.htb,Microsoft-Windows-TaskScheduler,Microsoft-Windows-TaskScheduler/Operational,1178,4,,,,,%SystemRoot%\System32\dsregcmd.exe,16384,6444,,,,,\Microsoft\Windows\Workplace Join\Automatic-Device-Join,,,CreatedTaskProcess
2026-05-14T21:07:24.128839Z,100,dc.scaffold.htb,Microsoft-Windows-TaskScheduler,Microsoft-Windows-TaskScheduler/Operational,1179,4,,,3F040E1B-5810-4A86-8CDA-A4B2115D96EE,,,,,,,,,\Microsoft\Windows\Workplace Join\Automatic-Device-Join,NT AUTHORITY\SYSTEM,,TaskStartEvent
2026-05-14T21:07:24.128843Z,200,dc.scaffold.htb,Microsoft-Windows-TaskScheduler,Microsoft-Windows-TaskScheduler/Operational,1180,4,%SystemRoot%\System32\dsregcmd.exe,6444,,,,,,,,,3F040E1B-5810-4A86-8CDA-A4B2115D96EE,\Microsoft\Windows\Workplace Join\Automatic-Device-Join,,,ActionStart
2026-05-14T21:07:24.190493Z,201,dc.scaffold.htb,Microsoft-Windows-TaskScheduler,Microsoft-Windows-TaskScheduler/Operational,1181,4,%SystemRoot%\System32\dsregcmd.exe,6444,,,,,,,2147942401,,3F040E1B-5810-4A86-8CDA-A4B2115D96EE,\Microsoft\Windows\Workplace Join\Automatic-Device-Join,,,ActionSuccess
2026-05-14T21:07:24.190600Z,102,dc.scaffold.htb,Microsoft-Windows-TaskScheduler,Microsoft-Windows-TaskScheduler/Operational,1182,4,,,3F040E1B-5810-4A86-8CDA-A4B2115D96EE,,,,,,,,,\Microsoft\Windows\Workplace Join\Automatic-Device-Join,NT AUTHORITY\SYSTEM,,TaskSuccessEvent
2026-05-14T21:17:25.541845Z,140,dc.scaffold.htb,Microsoft-Windows-TaskScheduler,Microsoft-Windows-TaskScheduler/Operational,1183,4,,,,,,,,,,,,\Microsoft\Windows\SoftwareProtectionPlatform\SvcRestartTask,,SCAFFOLD\DC$,TaskUpdated
2026-05-14T21:39:23.511515Z,107,dc.scaffold.htb,Microsoft-Windows-TaskScheduler,Microsoft-Windows-TaskScheduler/Operational,1184,4,,,A79FD224-A185-40A0-93D4-8ED59756AE2E,,,,,,,,,\MicrosoftEdgeUpdateTaskMachineUA,,,TimeTriggerEvent
2026-05-14T21:39:23.513257Z,129,dc.scaffold.htb,Microsoft-Windows-TaskScheduler,Microsoft-Windows-TaskScheduler/Operational,1185,4,,,,,C:\Program Files (x86)\Microsoft\EdgeUpdate\MicrosoftEdgeUpdate.exe,32,2984,,,,,\MicrosoftEdgeUpdateTaskMachineUA,,,CreatedTaskProcess
2026-05-14T21:39:23.513556Z,100,dc.scaffold.htb,Microsoft-Windows-TaskScheduler,Microsoft-Windows-TaskScheduler/Operational,1186,4,,,A79FD224-A185-40A0-93D4-8ED59756AE2E,,,,,,,,,\MicrosoftEdgeUpdateTaskMachineUA,NT AUTHORITY\SYSTEM,,TaskStartEvent
2026-05-14T21:39:23.513558Z,200,dc.scaffold.htb,Microsoft-Windows-TaskScheduler,Microsoft-Windows-TaskScheduler/Operational,1187,4,C:\Program Files (x86)\Microsoft\EdgeUpdate\MicrosoftEdgeUpdate.exe,2984,,,,,,,,,A79FD224-A185-40A0-93D4-8ED59756AE2E,\MicrosoftEdgeUpdateTaskMachineUA,,,ActionStart
2026-05-14T21:39:23.684649Z,201,dc.scaffold.htb,Microsoft-Windows-TaskScheduler,Microsoft-Windows-TaskScheduler/Operational,1188,4,C:\Program Files (x86)\Microsoft\EdgeUpdate\MicrosoftEdgeUpdate.exe,2984,,,,,,,0,,A79FD224-A185-40A0-93D4-8ED59756AE2E,\MicrosoftEdgeUpdateTaskMachineUA,,,ActionSuccess
2026-05-14T21:39:23.684957Z,102,dc.scaffold.htb,Microsoft-Windows-TaskScheduler,Microsoft-Windows-TaskScheduler/Operational,1189,4,,,A79FD224-A185-40A0-93D4-8ED59756AE2E,,,,,,,,,\MicrosoftEdgeUpdateTaskMachineUA,NT AUTHORITY\SYSTEM,,TaskSuccessEvent
2026-05-14T21:47:25.696660Z,140,dc.scaffold.htb,Microsoft-Windows-TaskScheduler,Microsoft-Windows-TaskScheduler/Operational,1190,4,,,,,,,,,,,,\Microsoft\Windows\SoftwareProtectionPlatform\SvcRestartTask,,SCAFFOLD\DC$,TaskUpdated
2026-05-14T21:55:28.883850Z,114,dc.scaffold.htb,Microsoft-Windows-TaskScheduler,Microsoft-Windows-TaskScheduler/Operational,1191,3,,,EF1050DF-91D2-4672-AA20-4DA290644018,,,,,,,,,\MicrosoftEdgeUpdateTaskMachineUA,,,MissedTaskLaunched
2026-05-14T21:55:28.886331Z,129,dc.scaffold.htb,Microsoft-Windows-TaskScheduler,Microsoft-Windows-TaskScheduler/Operational,1192,4,,,,,C:\Program Files (x86)\Microsoft\EdgeUpdate\MicrosoftEdgeUpdate.exe,32,916,,,,,\MicrosoftEdgeUpdateTaskMachineUA,,,CreatedTaskProcess
2026-05-14T21:55:28.886630Z,100,dc.scaffold.htb,Microsoft-Windows-TaskScheduler,Microsoft-Windows-TaskScheduler/Operational,1193,4,,,EF1050DF-91D2-4672-AA20-4DA290644018,,,,,,,,,\MicrosoftEdgeUpdateTaskMachineUA,NT AUTHORITY\SYSTEM,,TaskStartEvent
2026-05-14T21:55:28.886632Z,200,dc.scaffold.htb,Microsoft-Windows-TaskScheduler,Microsoft-Windows-TaskScheduler/Operational,1194,4,C:\Program Files (x86)\Microsoft\EdgeUpdate\MicrosoftEdgeUpdate.exe,916,,,,,,,,,EF1050DF-91D2-4672-AA20-4DA290644018,\MicrosoftEdgeUpdateTaskMachineUA,,,ActionStart
2026-05-14T21:55:28.926308Z,201,dc.scaffold.htb,Microsoft-Windows-TaskScheduler,Microsoft-Windows-TaskScheduler/Operational,1195,4,C:\Program Files (x86)\Microsoft\EdgeUpdate\MicrosoftEdgeUpdate.exe,916,,,,,,,0,,EF1050DF-91D2-4672-AA20-4DA290644018,\MicrosoftEdgeUpdateTaskMachineUA,,,ActionSuccess
2026-05-14T21:55:28.926411Z,102,dc.scaffold.htb,Microsoft-Windows-TaskScheduler,Microsoft-Windows-TaskScheduler/Operational,1196,4,,,EF1050DF-91D2-4672-AA20-4DA290644018,,,,,,,,,\MicrosoftEdgeUpdateTaskMachineUA,NT AUTHORITY\SYSTEM,,TaskSuccessEvent
2026-05-14T22:01:24.706583Z,129,dc.scaffold.htb,Microsoft-Windows-TaskScheduler,Microsoft-Windows-TaskScheduler/Operational,1197,4,,,,,taskhostw.exe,32,5592,,,,,\Microsoft\Windows\CertificateServicesClient\UserTask-Roam,,,CreatedTaskProcess
2026-05-14T22:01:24.707206Z,100,dc.scaffold.htb,Microsoft-Windows-TaskScheduler,Microsoft-Windows-TaskScheduler/Operational,1198,4,,,B362C689-72CD-4ADA-95A2-FADFD7634FEB,,,,,,,,,\Microsoft\Windows\CertificateServicesClient\UserTask-Roam,SCAFFOLD\Administrator,,TaskStartEvent
2026-05-14T22:01:24.707209Z,200,dc.scaffold.htb,Microsoft-Windows-TaskScheduler,Microsoft-Windows-TaskScheduler/Operational,1199,4,Certificate Services Client Task Handler,5592,,,,,,,,,B362C689-72CD-4ADA-95A2-FADFD7634FEB,\Microsoft\Windows\CertificateServicesClient\UserTask-Roam,,,ActionStart
2026-05-14T22:01:24.725101Z,201,dc.scaffold.htb,Microsoft-Windows-TaskScheduler,Microsoft-Windows-TaskScheduler/Operational,1200,4,Certificate Services Client Task Handler,5592,,,,,,,0,,B362C689-72CD-4ADA-95A2-FADFD7634FEB,\Microsoft\Windows\CertificateServicesClient\UserTask-Roam,,,ActionSuccess
2026-05-14T22:01:24.725102Z,102,dc.scaffold.htb,Microsoft-Windows-TaskScheduler,Microsoft-Windows-TaskScheduler/Operational,1201,4,,,B362C689-72CD-4ADA-95A2-FADFD7634FEB,,,,,,,,,\Microsoft\Windows\CertificateServicesClient\UserTask-Roam,SCAFFOLD\Administrator,,TaskSuccessEvent
2026-05-14T22:07:24.622394Z,108,dc.scaffold.htb,Microsoft-Windows-TaskScheduler,Microsoft-Windows-TaskScheduler/Operational,1202,4,,,0DD06DFE-0B5E-44C0-9658-728E25E88D13,,,,,,,,,\Microsoft\Windows\Workplace Join\Automatic-Device-Join,,,EventTriggerEvent
2026-05-14T22:07:24.625777Z,129,dc.scaffold.htb,Microsoft-Windows-TaskScheduler,Microsoft-Windows-TaskScheduler/Operational,1203,4,,,,,%SystemRoot%\System32\dsregcmd.exe,16384,1784,,,,,\Microsoft\Windows\Workplace Join\Automatic-Device-Join,,,CreatedTaskProcess
2026-05-14T22:07:24.626481Z,100,dc.scaffold.htb,Microsoft-Windows-TaskScheduler,Microsoft-Windows-TaskScheduler/Operational,1204,4,,,0DD06DFE-0B5E-44C0-9658-728E25E88D13,,,,,,,,,\Microsoft\Windows\Workplace Join\Automatic-Device-Join,NT AUTHORITY\SYSTEM,,TaskStartEvent
2026-05-14T22:07:24.626484Z,200,dc.scaffold.htb,Microsoft-Windows-TaskScheduler,Microsoft-Windows-TaskScheduler/Operational,1205,4,%SystemRoot%\System32\dsregcmd.exe,1784,,,,,,,,,0DD06DFE-0B5E-44C0-9658-728E25E88D13,\Microsoft\Windows\Workplace Join\Automatic-Device-Join,,,ActionStart
2026-05-14T22:07:24.679513Z,201,dc.scaffold.htb,Microsoft-Windows-TaskScheduler,Microsoft-Windows-TaskScheduler/Operational,1206,4,%SystemRoot%\System32\dsregcmd.exe,1784,,,,,,,2147942401,,0DD06DFE-0B5E-44C0-9658-728E25E88D13,\Microsoft\Windows\Workplace Join\Automatic-Device-Join,,,ActionSuccess
2026-05-14T22:07:24.679644Z,102,dc.scaffold.htb,Microsoft-Windows-TaskScheduler,Microsoft-Windows-TaskScheduler/Operational,1207,4,,,0DD06DFE-0B5E-44C0-9658-728E25E88D13,,,,,,,,,\Microsoft\Windows\Workplace Join\Automatic-Device-Join,NT AUTHORITY\SYSTEM,,TaskSuccessEvent
2026-05-14T23:40:30.317421Z,107,dc.scaffold.htb,Microsoft-Windows-TaskScheduler,Microsoft-Windows-TaskScheduler/Operational,1208,4,,,C53CCB75-9475-49AC-A1BA-2FF0E1D86477,,,,,,,,,\MicrosoftEdgeUpdateTaskMachineUA,,,TimeTriggerEvent
2026-05-14T23:40:30.382669Z,129,dc.scaffold.htb,Microsoft-Windows-TaskScheduler,Microsoft-Windows-TaskScheduler/Operational,1209,4,,,,,C:\Program Files (x86)\Microsoft\EdgeUpdate\MicrosoftEdgeUpdate.exe,32,5852,,,,,\MicrosoftEdgeUpdateTaskMachineUA,,,CreatedTaskProcess
2026-05-14T23:40:30.383583Z,100,dc.scaffold.htb,Microsoft-Windows-TaskScheduler,Microsoft-Windows-TaskScheduler/Operational,1210,4,,,C53CCB75-9475-49AC-A1BA-2FF0E1D86477,,,,,,,,,\MicrosoftEdgeUpdateTaskMachineUA,NT AUTHORITY\SYSTEM,,TaskStartEvent
2026-05-14T23:40:30.383586Z,200,dc.scaffold.htb,Microsoft-Windows-TaskScheduler,Microsoft-Windows-TaskScheduler/Operational,1211,4,C:\Program Files (x86)\Microsoft\EdgeUpdate\MicrosoftEdgeUpdate.exe,5852,,,,,,,,,C53CCB75-9475-49AC-A1BA-2FF0E1D86477,\MicrosoftEdgeUpdateTaskMachineUA,,,ActionStart
2026-05-14T23:40:30.418973Z,322,dc.scaffold.htb,Microsoft-Windows-TaskScheduler,Microsoft-Windows-TaskScheduler/Operational,1212,3,,,,,,,,,,,C53CCB75-9475-49AC-A1BA-2FF0E1D86477,\MicrosoftEdgeUpdateTaskMachineUA,,,NewInstanceIgnored
2026-05-14T23:40:30.419246Z,108,dc.scaffold.htb,Microsoft-Windows-TaskScheduler,Microsoft-Windows-TaskScheduler/Operational,1213,4,,,7A220908-E277-4654-A95F-E0A814CDFAE8,,,,,,,,,\Microsoft\Windows\Workplace Join\Automatic-Device-Join,,,EventTriggerEvent
2026-05-14T23:40:30.419422Z,114,dc.scaffold.htb,Microsoft-Windows-TaskScheduler,Microsoft-Windows-TaskScheduler/Operational,1214,3,,,E1C62206-F1F9-4259-A857-6B3432CEF488,,,,,,,,,\Microsoft\Windows\Application Experience\PcaPatchDbTask,,,MissedTaskLaunched
2026-05-14T23:40:30.422997Z,411,dc.scaffold.htb,Microsoft-Windows-TaskScheduler,Microsoft-Windows-TaskScheduler/Operational,1215,4,,,,TimeChangeSignaled,,,,,,,,,,,
2026-05-14T23:40:30.443511Z,129,dc.scaffold.htb,Microsoft-Windows-TaskScheduler,Microsoft-Windows-TaskScheduler/Operational,1216,4,,,,,%SystemRoot%\System32\dsregcmd.exe,16384,4960,,,,,\Microsoft\Windows\Workplace Join\Automatic-Device-Join,,,CreatedTaskProcess
2026-05-14T23:40:30.443748Z,100,dc.scaffold.htb,Microsoft-Windows-TaskScheduler,Microsoft-Windows-TaskScheduler/Operational,1217,4,,,7A220908-E277-4654-A95F-E0A814CDFAE8,,,,,,,,,\Microsoft\Windows\Workplace Join\Automatic-Device-Join,NT AUTHORITY\SYSTEM,,TaskStartEvent
2026-05-14T23:40:30.443750Z,200,dc.scaffold.htb,Microsoft-Windows-TaskScheduler,Microsoft-Windows-TaskScheduler/Operational,1218,4,%SystemRoot%\System32\dsregcmd.exe,4960,,,,,,,,,7A220908-E277-4654-A95F-E0A814CDFAE8,\Microsoft\Windows\Workplace Join\Automatic-Device-Join,,,ActionStart
2026-05-14T23:40:30.446611Z,129,dc.scaffold.htb,Microsoft-Windows-TaskScheduler,Microsoft-Windows-TaskScheduler/Operational,1219,4,,,,,%windir%\system32\rundll32.exe,16384,5336,,,,,\Microsoft\Windows\Application Experience\PcaPatchDbTask,,,CreatedTaskProcess
2026-05-14T23:40:30.446766Z,100,dc.scaffold.htb,Microsoft-Windows-TaskScheduler,Microsoft-Windows-TaskScheduler/Operational,1220,4,,,E1C62206-F1F9-4259-A857-6B3432CEF488,,,,,,,,,\Microsoft\Windows\Application Experience\PcaPatchDbTask,NT AUTHORITY\SYSTEM,,TaskStartEvent
2026-05-14T23:40:30.446768Z,200,dc.scaffold.htb,Microsoft-Windows-TaskScheduler,Microsoft-Windows-TaskScheduler/Operational,1221,4,%windir%\system32\rundll32.exe,5336,,,,,,,,,E1C62206-F1F9-4259-A857-6B3432CEF488,\Microsoft\Windows\Application Experience\PcaPatchDbTask,,,ActionStart
2026-05-14T23:40:30.805539Z,201,dc.scaffold.htb,Microsoft-Windows-TaskScheduler,Microsoft-Windows-TaskScheduler/Operational,1222,4,%SystemRoot%\System32\dsregcmd.exe,4960,,,,,,,2147942401,,7A220908-E277-4654-A95F-E0A814CDFAE8,\Microsoft\Windows\Workplace Join\Automatic-Device-Join,,,ActionSuccess
2026-05-14T23:40:30.805726Z,102,dc.scaffold.htb,Microsoft-Windows-TaskScheduler,Microsoft-Windows-TaskScheduler/Operational,1223,4,,,7A220908-E277-4654-A95F-E0A814CDFAE8,,,,,,,,,\Microsoft\Windows\Workplace Join\Automatic-Device-Join,NT AUTHORITY\SYSTEM,,TaskSuccessEvent
2026-05-14T23:40:30.830822Z,201,dc.scaffold.htb,Microsoft-Windows-TaskScheduler,Microsoft-Windows-TaskScheduler/Operational,1224,4,C:\Program Files (x86)\Microsoft\EdgeUpdate\MicrosoftEdgeUpdate.exe,5852,,,,,,,0,,C53CCB75-9475-49AC-A1BA-2FF0E1D86477,\MicrosoftEdgeUpdateTaskMachineUA,,,ActionSuccess
2026-05-14T23:40:30.831096Z,102,dc.scaffold.htb,Microsoft-Windows-TaskScheduler,Microsoft-Windows-TaskScheduler/Operational,1225,4,,,C53CCB75-9475-49AC-A1BA-2FF0E1D86477,,,,,,,,,\MicrosoftEdgeUpdateTaskMachineUA,NT AUTHORITY\SYSTEM,,TaskSuccessEvent
2026-05-14T23:40:31.471574Z,129,dc.scaffold.htb,Microsoft-Windows-TaskScheduler,Microsoft-Windows-TaskScheduler/Operational,1226,4,,,,,%windir%\system32\cleanmgr.exe,16384,5688,,,,,\Microsoft\Windows\DiskCleanup\SilentCleanup,,,CreatedTaskProcess
2026-05-14T23:40:31.472506Z,100,dc.scaffold.htb,Microsoft-Windows-TaskScheduler,Microsoft-Windows-TaskScheduler/Operational,1227,4,,,36076F27-9466-407F-9339-E605F67067AA,,,,,,,,,\Microsoft\Windows\DiskCleanup\SilentCleanup,SCAFFOLD\Administrator,,TaskStartEvent
2026-05-14T23:40:31.472508Z,200,dc.scaffold.htb,Microsoft-Windows-TaskScheduler,Microsoft-Windows-TaskScheduler/Operational,1228,4,%windir%\system32\cleanmgr.exe,5688,,,,,,,,,36076F27-9466-407F-9339-E605F67067AA,\Microsoft\Windows\DiskCleanup\SilentCleanup,,,ActionStart
2026-05-14T23:40:31.476470Z,129,dc.scaffold.htb,Microsoft-Windows-TaskScheduler,Microsoft-Windows-TaskScheduler/Operational,1229,4,,,,,taskhostw.exe,16384,2600,,,,,\Microsoft\Windows\DiskFootprint\StorageSense,,,CreatedTaskProcess
2026-05-14T23:40:31.476820Z,100,dc.scaffold.htb,Microsoft-Windows-TaskScheduler,Microsoft-Windows-TaskScheduler/Operational,1230,4,,,A7D67D8E-BC5F-42F5-992C-0E10CD958BBD,,,,,,,,,\Microsoft\Windows\DiskFootprint\StorageSense,NT AUTHORITY\SYSTEM,,TaskStartEvent
2026-05-14T23:40:31.476822Z,200,dc.scaffold.htb,Microsoft-Windows-TaskScheduler,Microsoft-Windows-TaskScheduler/Operational,1231,4,StorageUsage State Reporter Task Handler,2600,,,,,,,,,A7D67D8E-BC5F-42F5-992C-0E10CD958BBD,\Microsoft\Windows\DiskFootprint\StorageSense,,,ActionStart
2026-05-14T23:40:31.482265Z,129,dc.scaffold.htb,Microsoft-Windows-TaskScheduler,Microsoft-Windows-TaskScheduler/Operational,1232,4,,,,,%windir%\system32\rundll32.exe,16384,1484,,,,,\Microsoft\Windows\StateRepository\MaintenanceTasks,,,CreatedTaskProcess
2026-05-14T23:40:31.482791Z,100,dc.scaffold.htb,Microsoft-Windows-TaskScheduler,Microsoft-Windows-TaskScheduler/Operational,1233,4,,,FCCE8E08-F97B-485E-B833-AC8729D55521,,,,,,,,,\Microsoft\Windows\StateRepository\MaintenanceTasks,NT AUTHORITY\SYSTEM,,TaskStartEvent
2026-05-14T23:40:31.482795Z,200,dc.scaffold.htb,Microsoft-Windows-TaskScheduler,Microsoft-Windows-TaskScheduler/Operational,1234,4,%windir%\system32\rundll32.exe,1484,,,,,,,,,FCCE8E08-F97B-485E-B833-AC8729D55521,\Microsoft\Windows\StateRepository\MaintenanceTasks,,,ActionStart
2026-05-14T23:40:31.490021Z,129,dc.scaffold.htb,Microsoft-Windows-TaskScheduler,Microsoft-Windows-TaskScheduler/Operational,1235,4,,,,,%windir%\system32\compattelrunner.exe,32,5920,,,,,\Microsoft\Windows\Application Experience\ProgramDataUpdater,,,CreatedTaskProcess
2026-05-14T23:40:31.490269Z,100,dc.scaffold.htb,Microsoft-Windows-TaskScheduler,Microsoft-Windows-TaskScheduler/Operational,1236,4,,,B09F2DFF-C1C4-432D-A84D-51AB0FE64700,,,,,,,,,\Microsoft\Windows\Application Experience\ProgramDataUpdater,NT AUTHORITY\SYSTEM,,TaskStartEvent
2026-05-14T23:40:31.490272Z,200,dc.scaffold.htb,Microsoft-Windows-TaskScheduler,Microsoft-Windows-TaskScheduler/Operational,1237,4,%windir%\system32\compattelrunner.exe,5920,,,,,,,,,B09F2DFF-C1C4-432D-A84D-51AB0FE64700,\Microsoft\Windows\Application Experience\ProgramDataUpdater,,,ActionStart
2026-05-14T23:40:31.495017Z,129,dc.scaffold.htb,Microsoft-Windows-TaskScheduler,Microsoft-Windows-TaskScheduler/Operational,1238,4,,,,,%windir%\system32\AppHostRegistrationVerifier.exe,16384,1628,,,,,\microsoft\windows\applicationdata\appuriverifierdaily,,,CreatedTaskProcess
2026-05-14T23:40:31.495388Z,100,dc.scaffold.htb,Microsoft-Windows-TaskScheduler,Microsoft-Windows-TaskScheduler/Operational,1239,4,,,8A34395A-1324-4567-96CD-8F36834177F7,,,,,,,,,\microsoft\windows\applicationdata\appuriverifierdaily,SCAFFOLD\Administrator,,TaskStartEvent
2026-05-14T23:40:31.495391Z,200,dc.scaffold.htb,Microsoft-Windows-TaskScheduler,Microsoft-Windows-TaskScheduler/Operational,1240,4,%windir%\system32\AppHostRegistrationVerifier.exe,1628,,,,,,,,,8A34395A-1324-4567-96CD-8F36834177F7,\microsoft\windows\applicationdata\appuriverifierdaily,,,ActionStart
2026-05-14T23:40:31.499912Z,129,dc.scaffold.htb,Microsoft-Windows-TaskScheduler,Microsoft-Windows-TaskScheduler/Operational,1241,4,,,,,%windir%\system32\dstokenclean.exe,16384,5208,,,,,\Microsoft\Windows\ApplicationData\DsSvcCleanup,,,CreatedTaskProcess
2026-05-14T23:40:31.500262Z,100,dc.scaffold.htb,Microsoft-Windows-TaskScheduler,Microsoft-Windows-TaskScheduler/Operational,1242,4,,,712C6C09-A9BA-4189-BD96-8F23BFE53652,,,,,,,,,\Microsoft\Windows\ApplicationData\DsSvcCleanup,NT AUTHORITY\SYSTEM,,TaskStartEvent
2026-05-14T23:40:31.500265Z,200,dc.scaffold.htb,Microsoft-Windows-TaskScheduler,Microsoft-Windows-TaskScheduler/Operational,1243,4,%windir%\system32\dstokenclean.exe,5208,,,,,,,,,712C6C09-A9BA-4189-BD96-8F23BFE53652,\Microsoft\Windows\ApplicationData\DsSvcCleanup,,,ActionStart
2026-05-14T23:40:31.507123Z,129,dc.scaffold.htb,Microsoft-Windows-TaskScheduler,Microsoft-Windows-TaskScheduler/Operational,1244,4,,,,,%windir%\system32\sc.exe,16384,4076,,,,,\Microsoft\Windows\Time Synchronization\SynchronizeTime,,,CreatedTaskProcess
2026-05-14T23:40:31.507346Z,100,dc.scaffold.htb,Microsoft-Windows-TaskScheduler,Microsoft-Windows-TaskScheduler/Operational,1245,4,,,C4C6AED0-835E-46CB-B439-9F9A643B731E,,,,,,,,,\Microsoft\Windows\Time Synchronization\SynchronizeTime,(NONE),,TaskStartEvent
2026-05-14T23:40:31.507348Z,200,dc.scaffold.htb,Microsoft-Windows-TaskScheduler,Microsoft-Windows-TaskScheduler/Operational,1246,4,%windir%\system32\sc.exe,4076,,,,,,,,,C4C6AED0-835E-46CB-B439-9F9A643B731E,\Microsoft\Windows\Time Synchronization\SynchronizeTime,,,ActionStart
2026-05-14T23:40:31.508477Z,100,dc.scaffold.htb,Microsoft-Windows-TaskScheduler,Microsoft-Windows-TaskScheduler/Operational,1247,4,,,4974E61E-DC5C-49E8-94EC-0DD0BC247DC3,,,,,,,,,\Microsoft\Windows\Chkdsk\ProactiveScan,NT AUTHORITY\SYSTEM,,TaskStartEvent
2026-05-14T23:40:31.508480Z,200,dc.scaffold.htb,Microsoft-Windows-TaskScheduler,Microsoft-Windows-TaskScheduler/Operational,1248,4,Proactive Scan,2600,,,,,,,,,4974E61E-DC5C-49E8-94EC-0DD0BC247DC3,\Microsoft\Windows\Chkdsk\ProactiveScan,,,ActionStart
2026-05-14T23:40:31.517471Z,129,dc.scaffold.htb,Microsoft-Windows-TaskScheduler,Microsoft-Windows-TaskScheduler/Operational,1249,4,,,,,taskhostw.exe,16384,2952,,,,,\Microsoft\Windows\Shell\IndexerAutomaticMaintenance,,,CreatedTaskProcess
2026-05-14T23:40:31.517769Z,100,dc.scaffold.htb,Microsoft-Windows-TaskScheduler,Microsoft-Windows-TaskScheduler/Operational,1250,4,,,7551221F-C484-48B5-B6C3-FF4487CECE08,,,,,,,,,\Microsoft\Windows\Shell\IndexerAutomaticMaintenance,(NONE),,TaskStartEvent
2026-05-14T23:40:31.517771Z,200,dc.scaffold.htb,Microsoft-Windows-TaskScheduler,Microsoft-Windows-TaskScheduler/Operational,1251,4,Automatic Maintenance task to enable Windows Search to make progress while in Connected Standby,2952,,,,,,,,,7551221F-C484-48B5-B6C3-FF4487CECE08,\Microsoft\Windows\Shell\IndexerAutomaticMaintenance,,,ActionStart
2026-05-14T23:40:31.520390Z,100,dc.scaffold.htb,Microsoft-Windows-TaskScheduler,Microsoft-Windows-TaskScheduler/Operational,1252,4,,,1D7C7074-6ED2-464E-8846-B14C891D7961,,,,,,,,,\Microsoft\Windows\Flighting\FeatureConfig\UsageDataReporting,NT AUTHORITY\SYSTEM,,TaskStartEvent
2026-05-14T23:40:31.520392Z,200,dc.scaffold.htb,Microsoft-Windows-TaskScheduler,Microsoft-Windows-TaskScheduler/Operational,1253,4,Feature Usage Data Reporting Task Handler,2600,,,,,,,,,1D7C7074-6ED2-464E-8846-B14C891D7961,\Microsoft\Windows\Flighting\FeatureConfig\UsageDataReporting,,,ActionStart
2026-05-14T23:40:31.522765Z,129,dc.scaffold.htb,Microsoft-Windows-TaskScheduler,Microsoft-Windows-TaskScheduler/Operational,1254,4,,,,,%windir%\system32\disksnapshot.exe,16384,4036,,,,,\Microsoft\Windows\DiskFootprint\Diagnostics,,,CreatedTaskProcess
2026-05-14T23:40:31.522978Z,100,dc.scaffold.htb,Microsoft-Windows-TaskScheduler,Microsoft-Windows-TaskScheduler/Operational,1255,4,,,EC857272-A942-4A16-8EE0-71485B92E472,,,,,,,,,\Microsoft\Windows\DiskFootprint\Diagnostics,NT AUTHORITY\SYSTEM,,TaskStartEvent
2026-05-14T23:40:31.522980Z,200,dc.scaffold.htb,Microsoft-Windows-TaskScheduler,Microsoft-Windows-TaskScheduler/Operational,1256,4,%windir%\system32\disksnapshot.exe,4036,,,,,,,,,EC857272-A942-4A16-8EE0-71485B92E472,\Microsoft\Windows\DiskFootprint\Diagnostics,,,ActionStart
2026-05-14T23:40:31.536929Z,129,dc.scaffold.htb,Microsoft-Windows-TaskScheduler,Microsoft-Windows-TaskScheduler/Operational,1257,4,,,,,taskhostw.exe,32,4056,,,,,\Microsoft\Windows\License Manager\TempSignedLicenseExchange,,,CreatedTaskProcess
2026-05-14T23:40:31.537593Z,100,dc.scaffold.htb,Microsoft-Windows-TaskScheduler,Microsoft-Windows-TaskScheduler/Operational,1258,4,,,798A3919-C4DD-434A-9E31-4007D4E194EA,,,,,,,,,\Microsoft\Windows\License Manager\TempSignedLicenseExchange,SCAFFOLD\Administrator,,TaskStartEvent
2026-05-14T23:40:31.537595Z,200,dc.scaffold.htb,Microsoft-Windows-TaskScheduler,Microsoft-Windows-TaskScheduler/Operational,1259,4,TempSignedLicenseExchangeTask,4056,,,,,,,,,798A3919-C4DD-434A-9E31-4007D4E194EA,\Microsoft\Windows\License Manager\TempSignedLicenseExchange,,,ActionStart
2026-05-14T23:40:31.538225Z,100,dc.scaffold.htb,Microsoft-Windows-TaskScheduler,Microsoft-Windows-TaskScheduler/Operational,1260,4,,,7CBA4AF0-6F9B-4405-A30E-E51C8FA63E66,,,,,,,,,\Microsoft\Windows\.NET Framework\.NET Framework NGEN v4.0.30319 64,NT AUTHORITY\SYSTEM,,TaskStartEvent
2026-05-14T23:40:31.538226Z,200,dc.scaffold.htb,Microsoft-Windows-TaskScheduler,Microsoft-Windows-TaskScheduler/Operational,1261,4,,2600,,,,,,,,,7CBA4AF0-6F9B-4405-A30E-E51C8FA63E66,\Microsoft\Windows\.NET Framework\.NET Framework NGEN v4.0.30319 64,,,ActionStart
2026-05-14T23:40:31.538892Z,100,dc.scaffold.htb,Microsoft-Windows-TaskScheduler,Microsoft-Windows-TaskScheduler/Operational,1262,4,,,48178E5D-72B7-4FA6-8AF7-5B452C278610,,,,,,,,,\Microsoft\Windows\.NET Framework\.NET Framework NGEN v4.0.30319,NT AUTHORITY\SYSTEM,,TaskStartEvent
2026-05-14T23:40:31.538895Z,200,dc.scaffold.htb,Microsoft-Windows-TaskScheduler,Microsoft-Windows-TaskScheduler/Operational,1263,4,,2600,,,,,,,,,48178E5D-72B7-4FA6-8AF7-5B452C278610,\Microsoft\Windows\.NET Framework\.NET Framework NGEN v4.0.30319,,,ActionStart
2026-05-14T23:40:31.539112Z,325,dc.scaffold.htb,Microsoft-Windows-TaskScheduler,Microsoft-Windows-TaskScheduler/Operational,1264,3,,,,,,,,FFDFFB18-B952-4B34-B8F9-E6940AE39761,,,,\Microsoft\Windows\Power Efficiency Diagnostics\AnalyzeSystem,,,TaskInstanceQueued
2026-05-14T23:40:31.712330Z,201,dc.scaffold.htb,Microsoft-Windows-TaskScheduler,Microsoft-Windows-TaskScheduler/Operational,1265,4,Automatic Maintenance task to enable Windows Search to make progress while in Connected Standby,2952,,,,,,,2147942401,,7551221F-C484-48B5-B6C3-FF4487CECE08,\Microsoft\Windows\Shell\IndexerAutomaticMaintenance,,,ActionSuccess
2026-05-14T23:40:31.712332Z,102,dc.scaffold.htb,Microsoft-Windows-TaskScheduler,Microsoft-Windows-TaskScheduler/Operational,1266,4,,,7551221F-C484-48B5-B6C3-FF4487CECE08,,,,,,,,,\Microsoft\Windows\Shell\IndexerAutomaticMaintenance,(NONE),,TaskSuccessEvent
2026-05-14T23:40:31.755290Z,201,dc.scaffold.htb,Microsoft-Windows-TaskScheduler,Microsoft-Windows-TaskScheduler/Operational,1267,4,%windir%\system32\AppHostRegistrationVerifier.exe,1628,,,,,,,0,,8A34395A-1324-4567-96CD-8F36834177F7,\microsoft\windows\applicationdata\appuriverifierdaily,,,ActionSuccess
2026-05-14T23:40:31.755679Z,102,dc.scaffold.htb,Microsoft-Windows-TaskScheduler,Microsoft-Windows-TaskScheduler/Operational,1268,4,,,8A34395A-1324-4567-96CD-8F36834177F7,,,,,,,,,\microsoft\windows\applicationdata\appuriverifierdaily,SCAFFOLD\Administrator,,TaskSuccessEvent
2026-05-14T23:40:31.761004Z,201,dc.scaffold.htb,Microsoft-Windows-TaskScheduler,Microsoft-Windows-TaskScheduler/Operational,1269,4,%windir%\system32\rundll32.exe,1484,,,,,,,0,,FCCE8E08-F97B-485E-B833-AC8729D55521,\Microsoft\Windows\StateRepository\MaintenanceTasks,,,ActionSuccess
2026-05-14T23:40:31.761202Z,102,dc.scaffold.htb,Microsoft-Windows-TaskScheduler,Microsoft-Windows-TaskScheduler/Operational,1270,4,,,FCCE8E08-F97B-485E-B833-AC8729D55521,,,,,,,,,\Microsoft\Windows\StateRepository\MaintenanceTasks,NT AUTHORITY\SYSTEM,,TaskSuccessEvent
2026-05-14T23:40:31.859341Z,201,dc.scaffold.htb,Microsoft-Windows-TaskScheduler,Microsoft-Windows-TaskScheduler/Operational,1271,4,%windir%\system32\dstokenclean.exe,5208,,,,,,,0,,712C6C09-A9BA-4189-BD96-8F23BFE53652,\Microsoft\Windows\ApplicationData\DsSvcCleanup,,,ActionSuccess
2026-05-14T23:40:31.859545Z,102,dc.scaffold.htb,Microsoft-Windows-TaskScheduler,Microsoft-Windows-TaskScheduler/Operational,1272,4,,,712C6C09-A9BA-4189-BD96-8F23BFE53652,,,,,,,,,\Microsoft\Windows\ApplicationData\DsSvcCleanup,NT AUTHORITY\SYSTEM,,TaskSuccessEvent
2026-05-14T23:40:31.861780Z,201,dc.scaffold.htb,Microsoft-Windows-TaskScheduler,Microsoft-Windows-TaskScheduler/Operational,1273,4,%windir%\system32\disksnapshot.exe,4036,,,,,,,0,,EC857272-A942-4A16-8EE0-71485B92E472,\Microsoft\Windows\DiskFootprint\Diagnostics,,,ActionSuccess
2026-05-14T23:40:31.861980Z,102,dc.scaffold.htb,Microsoft-Windows-TaskScheduler,Microsoft-Windows-TaskScheduler/Operational,1274,4,,,EC857272-A942-4A16-8EE0-71485B92E472,,,,,,,,,\Microsoft\Windows\DiskFootprint\Diagnostics,NT AUTHORITY\SYSTEM,,TaskSuccessEvent
2026-05-14T23:40:31.872736Z,201,dc.scaffold.htb,Microsoft-Windows-TaskScheduler,Microsoft-Windows-TaskScheduler/Operational,1275,4,%windir%\system32\sc.exe,4076,,,,,,,2147943456,,C4C6AED0-835E-46CB-B439-9F9A643B731E,\Microsoft\Windows\Time Synchronization\SynchronizeTime,,,ActionSuccess
2026-05-14T23:40:31.872943Z,102,dc.scaffold.htb,Microsoft-Windows-TaskScheduler,Microsoft-Windows-TaskScheduler/Operational,1276,4,,,C4C6AED0-835E-46CB-B439-9F9A643B731E,,,,,,,,,\Microsoft\Windows\Time Synchronization\SynchronizeTime,(NONE),,TaskSuccessEvent
2026-05-14T23:40:31.940010Z,202,dc.scaffold.htb,Microsoft-Windows-TaskScheduler,Microsoft-Windows-TaskScheduler/Operational,1277,2,StorageUsage State Reporter Task Handler,2600,,,,,,,2147746132,,A7D67D8E-BC5F-42F5-992C-0E10CD958BBD,\Microsoft\Windows\DiskFootprint\StorageSense,,,ActionFailure
2026-05-14T23:40:31.940012Z,103,dc.scaffold.htb,Microsoft-Windows-TaskScheduler,Microsoft-Windows-TaskScheduler/Operational,1278,2,,,A7D67D8E-BC5F-42F5-992C-0E10CD958BBD,,,,,,2147746132,,,\Microsoft\Windows\DiskFootprint\StorageSense,NT AUTHORITY\SYSTEM,,TaskFailureEvent
2026-05-14T23:40:31.959158Z,201,dc.scaffold.htb,Microsoft-Windows-TaskScheduler,Microsoft-Windows-TaskScheduler/Operational,1279,4,Proactive Scan,2600,,,,,,,0,,4974E61E-DC5C-49E8-94EC-0DD0BC247DC3,\Microsoft\Windows\Chkdsk\ProactiveScan,,,ActionSuccess
2026-05-14T23:40:31.959160Z,102,dc.scaffold.htb,Microsoft-Windows-TaskScheduler,Microsoft-Windows-TaskScheduler/Operational,1280,4,,,4974E61E-DC5C-49E8-94EC-0DD0BC247DC3,,,,,,,,,\Microsoft\Windows\Chkdsk\ProactiveScan,NT AUTHORITY\SYSTEM,,TaskSuccessEvent
2026-05-14T23:40:32.016461Z,201,dc.scaffold.htb,Microsoft-Windows-TaskScheduler,Microsoft-Windows-TaskScheduler/Operational,1281,4,Feature Usage Data Reporting Task Handler,2600,,,,,,,0,,1D7C7074-6ED2-464E-8846-B14C891D7961,\Microsoft\Windows\Flighting\FeatureConfig\UsageDataReporting,,,ActionSuccess
2026-05-14T23:40:32.016464Z,102,dc.scaffold.htb,Microsoft-Windows-TaskScheduler,Microsoft-Windows-TaskScheduler/Operational,1282,4,,,1D7C7074-6ED2-464E-8846-B14C891D7961,,,,,,,,,\Microsoft\Windows\Flighting\FeatureConfig\UsageDataReporting,NT AUTHORITY\SYSTEM,,TaskSuccessEvent
2026-05-14T23:40:32.119327Z,201,dc.scaffold.htb,Microsoft-Windows-TaskScheduler,Microsoft-Windows-TaskScheduler/Operational,1283,4,TempSignedLicenseExchangeTask,4056,,,,,,,0,,798A3919-C4DD-434A-9E31-4007D4E194EA,\Microsoft\Windows\License Manager\TempSignedLicenseExchange,,,ActionSuccess
2026-05-14T23:40:32.119329Z,102,dc.scaffold.htb,Microsoft-Windows-TaskScheduler,Microsoft-Windows-TaskScheduler/Operational,1284,4,,,798A3919-C4DD-434A-9E31-4007D4E194EA,,,,,,,,,\Microsoft\Windows\License Manager\TempSignedLicenseExchange,SCAFFOLD\Administrator,,TaskSuccessEvent
2026-05-14T23:40:32.133582Z,140,dc.scaffold.htb,Microsoft-Windows-TaskScheduler,Microsoft-Windows-TaskScheduler/Operational,1285,4,,,,,,,,,,,,\Microsoft\Windows\.NET Framework\.NET Framework NGEN v4.0.30319,,SYSTEM,TaskUpdated
2026-05-14T23:40:32.152082Z,140,dc.scaffold.htb,Microsoft-Windows-TaskScheduler,Microsoft-Windows-TaskScheduler/Operational,1286,4,,,,,,,,,,,,\Microsoft\Windows\.NET Framework\.NET Framework NGEN v4.0.30319 64,,SYSTEM,TaskUpdated
2026-05-14T23:40:32.345256Z,201,dc.scaffold.htb,Microsoft-Windows-TaskScheduler,Microsoft-Windows-TaskScheduler/Operational,1287,4,,2600,,,,,,,0,,7CBA4AF0-6F9B-4405-A30E-E51C8FA63E66,\Microsoft\Windows\.NET Framework\.NET Framework NGEN v4.0.30319 64,,,ActionSuccess
2026-05-14T23:40:32.345259Z,102,dc.scaffold.htb,Microsoft-Windows-TaskScheduler,Microsoft-Windows-TaskScheduler/Operational,1288,4,,,7CBA4AF0-6F9B-4405-A30E-E51C8FA63E66,,,,,,,,,\Microsoft\Windows\.NET Framework\.NET Framework NGEN v4.0.30319 64,NT AUTHORITY\SYSTEM,,TaskSuccessEvent
2026-05-14T23:40:32.360165Z,201,dc.scaffold.htb,Microsoft-Windows-TaskScheduler,Microsoft-Windows-TaskScheduler/Operational,1289,4,,2600,,,,,,,0,,48178E5D-72B7-4FA6-8AF7-5B452C278610,\Microsoft\Windows\.NET Framework\.NET Framework NGEN v4.0.30319,,,ActionSuccess
2026-05-14T23:40:32.360167Z,102,dc.scaffold.htb,Microsoft-Windows-TaskScheduler,Microsoft-Windows-TaskScheduler/Operational,1290,4,,,48178E5D-72B7-4FA6-8AF7-5B452C278610,,,,,,,,,\Microsoft\Windows\.NET Framework\.NET Framework NGEN v4.0.30319,NT AUTHORITY\SYSTEM,,TaskSuccessEvent
2026-05-14T23:40:33.145425Z,325,dc.scaffold.htb,Microsoft-Windows-TaskScheduler,Microsoft-Windows-TaskScheduler/Operational,1291,3,,,,,,,,FFDFFB18-B952-4B34-B8F9-E6940AE39761,,,,\Microsoft\Windows\Power Efficiency Diagnostics\AnalyzeSystem,,,TaskInstanceQueued
2026-05-14T23:40:33.149502Z,129,dc.scaffold.htb,Microsoft-Windows-TaskScheduler,Microsoft-Windows-TaskScheduler/Operational,1292,4,,,,,taskhostw.exe,16384,2272,,,,,\Microsoft\Windows\.NET Framework\.NET Framework NGEN v4.0.30319,,,CreatedTaskProcess
2026-05-14T23:40:33.149854Z,100,dc.scaffold.htb,Microsoft-Windows-TaskScheduler,Microsoft-Windows-TaskScheduler/Operational,1293,4,,,57936225-BFA6-49B8-9F99-5556DC9DC47F,,,,,,,,,\Microsoft\Windows\.NET Framework\.NET Framework NGEN v4.0.30319,NT AUTHORITY\SYSTEM,,TaskStartEvent
2026-05-14T23:40:33.149857Z,200,dc.scaffold.htb,Microsoft-Windows-TaskScheduler,Microsoft-Windows-TaskScheduler/Operational,1294,4,,2272,,,,,,,,,57936225-BFA6-49B8-9F99-5556DC9DC47F,\Microsoft\Windows\.NET Framework\.NET Framework NGEN v4.0.30319,,,ActionStart
2026-05-14T23:40:33.157594Z,100,dc.scaffold.htb,Microsoft-Windows-TaskScheduler,Microsoft-Windows-TaskScheduler/Operational,1295,4,,,6C64CCC9-9721-4DAE-BE08-146BC5DA63FA,,,,,,,,,\Microsoft\Windows\.NET Framework\.NET Framework NGEN v4.0.30319 64,NT AUTHORITY\SYSTEM,,TaskStartEvent
2026-05-14T23:40:33.157598Z,200,dc.scaffold.htb,Microsoft-Windows-TaskScheduler,Microsoft-Windows-TaskScheduler/Operational,1296,4,,2272,,,,,,,,,6C64CCC9-9721-4DAE-BE08-146BC5DA63FA,\Microsoft\Windows\.NET Framework\.NET Framework NGEN v4.0.30319 64,,,ActionStart
2026-05-14T23:40:33.439560Z,140,dc.scaffold.htb,Microsoft-Windows-TaskScheduler,Microsoft-Windows-TaskScheduler/Operational,1297,4,,,,,,,,,,,,\Microsoft\Windows\.NET Framework\.NET Framework NGEN v4.0.30319,,SYSTEM,TaskUpdated
2026-05-14T23:40:33.449149Z,140,dc.scaffold.htb,Microsoft-Windows-TaskScheduler,Microsoft-Windows-TaskScheduler/Operational,1298,4,,,,,,,,,,,,\Microsoft\Windows\.NET Framework\.NET Framework NGEN v4.0.30319 64,,SYSTEM,TaskUpdated
2026-05-14T23:40:33.590804Z,201,dc.scaffold.htb,Microsoft-Windows-TaskScheduler,Microsoft-Windows-TaskScheduler/Operational,1299,4,,2272,,,,,,,0,,57936225-BFA6-49B8-9F99-5556DC9DC47F,\Microsoft\Windows\.NET Framework\.NET Framework NGEN v4.0.30319,,,ActionSuccess
2026-05-14T23:40:33.590806Z,102,dc.scaffold.htb,Microsoft-Windows-TaskScheduler,Microsoft-Windows-TaskScheduler/Operational,1300,4,,,57936225-BFA6-49B8-9F99-5556DC9DC47F,,,,,,,,,\Microsoft\Windows\.NET Framework\.NET Framework NGEN v4.0.30319,NT AUTHORITY\SYSTEM,,TaskSuccessEvent
2026-05-14T23:40:33.618861Z,201,dc.scaffold.htb,Microsoft-Windows-TaskScheduler,Microsoft-Windows-TaskScheduler/Operational,1301,4,,2272,,,,,,,0,,6C64CCC9-9721-4DAE-BE08-146BC5DA63FA,\Microsoft\Windows\.NET Framework\.NET Framework NGEN v4.0.30319 64,,,ActionSuccess
2026-05-14T23:40:33.618863Z,102,dc.scaffold.htb,Microsoft-Windows-TaskScheduler,Microsoft-Windows-TaskScheduler/Operational,1302,4,,,6C64CCC9-9721-4DAE-BE08-146BC5DA63FA,,,,,,,,,\Microsoft\Windows\.NET Framework\.NET Framework NGEN v4.0.30319 64,NT AUTHORITY\SYSTEM,,TaskSuccessEvent
2026-05-14T23:40:39.318167Z,201,dc.scaffold.htb,Microsoft-Windows-TaskScheduler,Microsoft-Windows-TaskScheduler/Operational,1303,4,%windir%\system32\rundll32.exe,5336,,,,,,,0,,E1C62206-F1F9-4259-A857-6B3432CEF488,\Microsoft\Windows\Application Experience\PcaPatchDbTask,,,ActionSuccess
2026-05-14T23:40:39.318347Z,102,dc.scaffold.htb,Microsoft-Windows-TaskScheduler,Microsoft-Windows-TaskScheduler/Operational,1304,4,,,E1C62206-F1F9-4259-A857-6B3432CEF488,,,,,,,,,\Microsoft\Windows\Application Experience\PcaPatchDbTask,NT AUTHORITY\SYSTEM,,TaskSuccessEvent
2026-05-14T23:40:39.582814Z,201,dc.scaffold.htb,Microsoft-Windows-TaskScheduler,Microsoft-Windows-TaskScheduler/Operational,1305,4,%windir%\system32\cleanmgr.exe,5688,,,,,,,0,,36076F27-9466-407F-9339-E605F67067AA,\Microsoft\Windows\DiskCleanup\SilentCleanup,,,ActionSuccess
2026-05-14T23:40:39.583040Z,102,dc.scaffold.htb,Microsoft-Windows-TaskScheduler,Microsoft-Windows-TaskScheduler/Operational,1306,4,,,36076F27-9466-407F-9339-E605F67067AA,,,,,,,,,\Microsoft\Windows\DiskCleanup\SilentCleanup,SCAFFOLD\Administrator,,TaskSuccessEvent
2026-05-14T23:41:08.952278Z,201,dc.scaffold.htb,Microsoft-Windows-TaskScheduler,Microsoft-Windows-TaskScheduler/Operational,1307,4,C:\Windows\Explorer.EXE,3124,,,,,,,2147942404,,913E2E30-EEDB-47A2-A45A-F759653D33CD,\CreateExplorerShellUnelevatedTask,,,ActionSuccess
2026-05-14T23:41:08.954990Z,102,dc.scaffold.htb,Microsoft-Windows-TaskScheduler,Microsoft-Windows-TaskScheduler/Operational,1308,4,,,913E2E30-EEDB-47A2-A45A-F759653D33CD,,,,,,,,,\CreateExplorerShellUnelevatedTask,SCAFFOLD\Administrator,,TaskSuccessEvent
