2026-05-22T21:27:28.223335Z,201,dc.scaffold.htb,Microsoft-Windows-TaskScheduler,Microsoft-Windows-TaskScheduler/Operational,4674,4,Feature Configuration Reconciliation Task Handler,5264,,,,,,,0,,99138A1D-62A8-49AF-B36A-78429201EA9E,\Microsoft\Windows\Flighting\FeatureConfig\ReconcileFeatures,,,ActionSuccess
2026-05-22T21:27:28.223336Z,102,dc.scaffold.htb,Microsoft-Windows-TaskScheduler,Microsoft-Windows-TaskScheduler/Operational,4675,4,,,99138A1D-62A8-49AF-B36A-78429201EA9E,,,,,,,,,\Microsoft\Windows\Flighting\FeatureConfig\ReconcileFeatures,NT AUTHORITY\SYSTEM,,TaskSuccessEvent
2026-05-22T21:27:37.905932Z,201,dc.scaffold.htb,Microsoft-Windows-TaskScheduler,Microsoft-Windows-TaskScheduler/Operational,4676,4,%windir%\system32\wermgr.exe,3356,,,,,,,0,,2A712ACC-E0F8-43F8-A89A-B52B1B392147,\Microsoft\Windows\Windows Error Reporting\QueueReporting,,,ActionSuccess
2026-05-22T21:27:37.906114Z,102,dc.scaffold.htb,Microsoft-Windows-TaskScheduler,Microsoft-Windows-TaskScheduler/Operational,4677,4,,,2A712ACC-E0F8-43F8-A89A-B52B1B392147,,,,,,,,,\Microsoft\Windows\Windows Error Reporting\QueueReporting,NT AUTHORITY\SYSTEM,,TaskSuccessEvent
2026-05-22T21:29:28.508180Z,129,dc.scaffold.htb,Microsoft-Windows-TaskScheduler,Microsoft-Windows-TaskScheduler/Operational,4678,4,,,,,taskhostw.exe,16384,2756,,,,,\Microsoft\Windows\Flighting\OneSettings\RefreshCache,,,CreatedTaskProcess
2026-05-22T21:29:28.508409Z,100,dc.scaffold.htb,Microsoft-Windows-TaskScheduler,Microsoft-Windows-TaskScheduler/Operational,4679,4,,,A9419F12-4856-426F-8364-BF6F469553B8,,,,,,,,,\Microsoft\Windows\Flighting\OneSettings\RefreshCache,NT AUTHORITY\SYSTEM,,TaskStartEvent
2026-05-22T21:29:28.508411Z,200,dc.scaffold.htb,Microsoft-Windows-TaskScheduler,Microsoft-Windows-TaskScheduler/Operational,4680,4,OneSettings Refresh Cache Task Handler,2756,,,,,,,,,A9419F12-4856-426F-8364-BF6F469553B8,\Microsoft\Windows\Flighting\OneSettings\RefreshCache,,,ActionStart
2026-05-22T21:29:28.516242Z,140,dc.scaffold.htb,Microsoft-Windows-TaskScheduler,Microsoft-Windows-TaskScheduler/Operational,4681,4,,,,,,,,,,,,\Microsoft\Windows\UpdateOrchestrator\Schedule Scan,,S-1-5-18,TaskUpdated
2026-05-22T21:29:28.548046Z,140,dc.scaffold.htb,Microsoft-Windows-TaskScheduler,Microsoft-Windows-TaskScheduler/Operational,4682,4,,,,,,,,,,,,\Microsoft\Windows\UpdateOrchestrator\Schedule Scan,,SCAFFOLD\DC$,TaskUpdated
2026-05-22T21:29:28.645959Z,202,dc.scaffold.htb,Microsoft-Windows-TaskScheduler,Microsoft-Windows-TaskScheduler/Operational,4683,2,OneSettings Refresh Cache Task Handler,2756,,,,,,,2147954407,,A9419F12-4856-426F-8364-BF6F469553B8,\Microsoft\Windows\Flighting\OneSettings\RefreshCache,,,ActionFailure
2026-05-22T21:29:28.645961Z,103,dc.scaffold.htb,Microsoft-Windows-TaskScheduler,Microsoft-Windows-TaskScheduler/Operational,4684,2,,,A9419F12-4856-426F-8364-BF6F469553B8,,,,,,2147954407,,,\Microsoft\Windows\Flighting\OneSettings\RefreshCache,NT AUTHORITY\SYSTEM,,TaskFailureEvent
2026-05-22T21:30:24.316307Z,114,dc.scaffold.htb,Microsoft-Windows-TaskScheduler,Microsoft-Windows-TaskScheduler/Operational,4685,3,,,C0F80CC2-98EE-4223-8DAA-FA607D6EE620,,,,,,,,,\Microsoft\Windows\Windows Error Reporting\QueueReporting,,,MissedTaskLaunched
2026-05-22T21:30:24.317262Z,114,dc.scaffold.htb,Microsoft-Windows-TaskScheduler,Microsoft-Windows-TaskScheduler/Operational,4686,3,,,58AD9F41-CCB9-4034-859B-A0943F8AA631,,,,,,,,,\Microsoft\Windows\Customer Experience Improvement Program\Consolidator,,,MissedTaskLaunched
2026-05-22T21:30:24.320548Z,114,dc.scaffold.htb,Microsoft-Windows-TaskScheduler,Microsoft-Windows-TaskScheduler/Operational,4687,3,,,913AD37A-94A3-4137-92D6-F4221DB87768,,,,,,,,,\Microsoft\Windows\Flighting\OneSettings\RefreshCache,,,MissedTaskLaunched
2026-05-22T21:30:24.322126Z,129,dc.scaffold.htb,Microsoft-Windows-TaskScheduler,Microsoft-Windows-TaskScheduler/Operational,4688,4,,,,,%windir%\system32\wermgr.exe,16384,2616,,,,,\Microsoft\Windows\Windows Error Reporting\QueueReporting,,,CreatedTaskProcess
2026-05-22T21:30:24.322439Z,100,dc.scaffold.htb,Microsoft-Windows-TaskScheduler,Microsoft-Windows-TaskScheduler/Operational,4689,4,,,C0F80CC2-98EE-4223-8DAA-FA607D6EE620,,,,,,,,,\Microsoft\Windows\Windows Error Reporting\QueueReporting,NT AUTHORITY\SYSTEM,,TaskStartEvent
2026-05-22T21:30:24.322443Z,200,dc.scaffold.htb,Microsoft-Windows-TaskScheduler,Microsoft-Windows-TaskScheduler/Operational,4690,4,%windir%\system32\wermgr.exe,2616,,,,,,,,,C0F80CC2-98EE-4223-8DAA-FA607D6EE620,\Microsoft\Windows\Windows Error Reporting\QueueReporting,,,ActionStart
2026-05-22T21:30:24.322917Z,114,dc.scaffold.htb,Microsoft-Windows-TaskScheduler,Microsoft-Windows-TaskScheduler/Operational,4691,3,,,BCDCF92C-50D3-4F8E-9BDA-E3A01B7031E4,,,,,,,,,\Microsoft\Windows\UpdateOrchestrator\Schedule Scan,,,MissedTaskLaunched
2026-05-22T21:30:24.323841Z,129,dc.scaffold.htb,Microsoft-Windows-TaskScheduler,Microsoft-Windows-TaskScheduler/Operational,4692,4,,,,,taskhostw.exe,16384,2176,,,,,\Microsoft\Windows\Flighting\OneSettings\RefreshCache,,,CreatedTaskProcess
2026-05-22T21:30:24.324110Z,100,dc.scaffold.htb,Microsoft-Windows-TaskScheduler,Microsoft-Windows-TaskScheduler/Operational,4693,4,,,913AD37A-94A3-4137-92D6-F4221DB87768,,,,,,,,,\Microsoft\Windows\Flighting\OneSettings\RefreshCache,NT AUTHORITY\SYSTEM,,TaskStartEvent
2026-05-22T21:30:24.324112Z,200,dc.scaffold.htb,Microsoft-Windows-TaskScheduler,Microsoft-Windows-TaskScheduler/Operational,4694,4,OneSettings Refresh Cache Task Handler,2176,,,,,,,,,913AD37A-94A3-4137-92D6-F4221DB87768,\Microsoft\Windows\Flighting\OneSettings\RefreshCache,,,ActionStart
2026-05-22T21:30:24.345071Z,129,dc.scaffold.htb,Microsoft-Windows-TaskScheduler,Microsoft-Windows-TaskScheduler/Operational,4695,4,,,,,%systemroot%\system32\usoclient.exe,16384,3968,,,,,\Microsoft\Windows\UpdateOrchestrator\Schedule Scan,,,CreatedTaskProcess
2026-05-22T21:30:24.345216Z,100,dc.scaffold.htb,Microsoft-Windows-TaskScheduler,Microsoft-Windows-TaskScheduler/Operational,4696,4,,,BCDCF92C-50D3-4F8E-9BDA-E3A01B7031E4,,,,,,,,,\Microsoft\Windows\UpdateOrchestrator\Schedule Scan,NT AUTHORITY\SYSTEM,,TaskStartEvent
2026-05-22T21:30:24.345218Z,200,dc.scaffold.htb,Microsoft-Windows-TaskScheduler,Microsoft-Windows-TaskScheduler/Operational,4697,4,%systemroot%\system32\usoclient.exe,3968,,,,,,,,,BCDCF92C-50D3-4F8E-9BDA-E3A01B7031E4,\Microsoft\Windows\UpdateOrchestrator\Schedule Scan,,,ActionStart
2026-05-22T21:30:24.347119Z,129,dc.scaffold.htb,Microsoft-Windows-TaskScheduler,Microsoft-Windows-TaskScheduler/Operational,4698,4,,,,,%SystemRoot%\System32\wsqmcons.exe,16384,2448,,,,,\Microsoft\Windows\Customer Experience Improvement Program\Consolidator,,,CreatedTaskProcess
2026-05-22T21:30:24.347254Z,100,dc.scaffold.htb,Microsoft-Windows-TaskScheduler,Microsoft-Windows-TaskScheduler/Operational,4699,4,,,58AD9F41-CCB9-4034-859B-A0943F8AA631,,,,,,,,,\Microsoft\Windows\Customer Experience Improvement Program\Consolidator,NT AUTHORITY\SYSTEM,,TaskStartEvent
2026-05-22T21:30:24.347256Z,200,dc.scaffold.htb,Microsoft-Windows-TaskScheduler,Microsoft-Windows-TaskScheduler/Operational,4700,4,%SystemRoot%\System32\wsqmcons.exe,2448,,,,,,,,,58AD9F41-CCB9-4034-859B-A0943F8AA631,\Microsoft\Windows\Customer Experience Improvement Program\Consolidator,,,ActionStart
2026-05-22T21:30:24.352494Z,201,dc.scaffold.htb,Microsoft-Windows-TaskScheduler,Microsoft-Windows-TaskScheduler/Operational,4701,4,%SystemRoot%\System32\wsqmcons.exe,2448,,,,,,,0,,58AD9F41-CCB9-4034-859B-A0943F8AA631,\Microsoft\Windows\Customer Experience Improvement Program\Consolidator,,,ActionSuccess
2026-05-22T21:30:24.352991Z,102,dc.scaffold.htb,Microsoft-Windows-TaskScheduler,Microsoft-Windows-TaskScheduler/Operational,4702,4,,,58AD9F41-CCB9-4034-859B-A0943F8AA631,,,,,,,,,\Microsoft\Windows\Customer Experience Improvement Program\Consolidator,NT AUTHORITY\SYSTEM,,TaskSuccessEvent
2026-05-22T21:30:24.372742Z,201,dc.scaffold.htb,Microsoft-Windows-TaskScheduler,Microsoft-Windows-TaskScheduler/Operational,4703,4,%systemroot%\system32\usoclient.exe,3968,,,,,,,0,,BCDCF92C-50D3-4F8E-9BDA-E3A01B7031E4,\Microsoft\Windows\UpdateOrchestrator\Schedule Scan,,,ActionSuccess
2026-05-22T21:30:24.372843Z,102,dc.scaffold.htb,Microsoft-Windows-TaskScheduler,Microsoft-Windows-TaskScheduler/Operational,4704,4,,,BCDCF92C-50D3-4F8E-9BDA-E3A01B7031E4,,,,,,,,,\Microsoft\Windows\UpdateOrchestrator\Schedule Scan,NT AUTHORITY\SYSTEM,,TaskSuccessEvent
2026-05-22T21:30:34.267393Z,201,dc.scaffold.htb,Microsoft-Windows-TaskScheduler,Microsoft-Windows-TaskScheduler/Operational,4705,4,%windir%\system32\wermgr.exe,2616,,,,,,,0,,C0F80CC2-98EE-4223-8DAA-FA607D6EE620,\Microsoft\Windows\Windows Error Reporting\QueueReporting,,,ActionSuccess
2026-05-22T21:30:34.267524Z,102,dc.scaffold.htb,Microsoft-Windows-TaskScheduler,Microsoft-Windows-TaskScheduler/Operational,4706,4,,,C0F80CC2-98EE-4223-8DAA-FA607D6EE620,,,,,,,,,\Microsoft\Windows\Windows Error Reporting\QueueReporting,NT AUTHORITY\SYSTEM,,TaskSuccessEvent
2026-05-22T21:30:42.431042Z,202,dc.scaffold.htb,Microsoft-Windows-TaskScheduler,Microsoft-Windows-TaskScheduler/Operational,4707,2,OneSettings Refresh Cache Task Handler,2176,,,,,,,2147954407,,913AD37A-94A3-4137-92D6-F4221DB87768,\Microsoft\Windows\Flighting\OneSettings\RefreshCache,,,ActionFailure
2026-05-22T21:30:42.431045Z,103,dc.scaffold.htb,Microsoft-Windows-TaskScheduler,Microsoft-Windows-TaskScheduler/Operational,4708,2,,,913AD37A-94A3-4137-92D6-F4221DB87768,,,,,,2147954407,,,\Microsoft\Windows\Flighting\OneSettings\RefreshCache,NT AUTHORITY\SYSTEM,,TaskFailureEvent
2026-05-22T21:33:41.247780Z,119,dc.scaffold.htb,Microsoft-Windows-TaskScheduler,Microsoft-Windows-TaskScheduler/Operational,4709,4,,,95BD5350-B399-4342-9BE0-E06EF694BB2C,,,,,,,,,\Microsoft\Windows\Server Manager\ServerManager,,SCAFFOLD\Administrator,LogonTrigger
2026-05-22T21:33:41.248011Z,119,dc.scaffold.htb,Microsoft-Windows-TaskScheduler,Microsoft-Windows-TaskScheduler/Operational,4710,4,,,8FA34968-7A97-48CC-AB2F-E245B4986CCD,,,,,,,,,\Microsoft\Windows\TextServicesFramework\MsCtfMonitor,,SCAFFOLD\Administrator,LogonTrigger
2026-05-22T21:33:41.248486Z,119,dc.scaffold.htb,Microsoft-Windows-TaskScheduler,Microsoft-Windows-TaskScheduler/Operational,4711,4,,,3C1EFD98-8C1F-4FC0-801A-9D650BAC25DE,,,,,,,,,\Microsoft\Windows\CertificateServicesClient\UserTask,,SCAFFOLD\Administrator,LogonTrigger
2026-05-22T21:33:41.249964Z,129,dc.scaffold.htb,Microsoft-Windows-TaskScheduler,Microsoft-Windows-TaskScheduler/Operational,4712,4,,,,,taskhostw.exe,32,4696,,,,,\Microsoft\Windows\TextServicesFramework\MsCtfMonitor,,,CreatedTaskProcess
2026-05-22T21:33:41.250319Z,100,dc.scaffold.htb,Microsoft-Windows-TaskScheduler,Microsoft-Windows-TaskScheduler/Operational,4713,4,,,8FA34968-7A97-48CC-AB2F-E245B4986CCD,,,,,,,,,\Microsoft\Windows\TextServicesFramework\MsCtfMonitor,SCAFFOLD\Administrator,,TaskStartEvent
2026-05-22T21:33:41.250322Z,200,dc.scaffold.htb,Microsoft-Windows-TaskScheduler,Microsoft-Windows-TaskScheduler/Operational,4714,4,MsCtfMonitor task handler,4696,,,,,,,,,8FA34968-7A97-48CC-AB2F-E245B4986CCD,\Microsoft\Windows\TextServicesFramework\MsCtfMonitor,,,ActionStart
2026-05-22T21:33:41.252292Z,119,dc.scaffold.htb,Microsoft-Windows-TaskScheduler,Microsoft-Windows-TaskScheduler/Operational,4715,4,,,50F8D45C-3C47-407E-A1D3-D33584A83023,,,,,,,,,\Microsoft\Windows\WindowsColorSystem\Calibration Loader,,SCAFFOLD\Administrator,LogonTrigger
2026-05-22T21:33:41.252434Z,129,dc.scaffold.htb,Microsoft-Windows-TaskScheduler,Microsoft-Windows-TaskScheduler/Operational,4716,4,,,,,%windir%\system32\ServerManagerLauncher.exe,32,5472,,,,,\Microsoft\Windows\Server Manager\ServerManager,,,CreatedTaskProcess
2026-05-22T21:33:41.252610Z,100,dc.scaffold.htb,Microsoft-Windows-TaskScheduler,Microsoft-Windows-TaskScheduler/Operational,4717,4,,,95BD5350-B399-4342-9BE0-E06EF694BB2C,,,,,,,,,\Microsoft\Windows\Server Manager\ServerManager,SCAFFOLD\Administrator,,TaskStartEvent
2026-05-22T21:33:41.252612Z,200,dc.scaffold.htb,Microsoft-Windows-TaskScheduler,Microsoft-Windows-TaskScheduler/Operational,4718,4,%windir%\system32\ServerManagerLauncher.exe,5472,,,,,,,,,95BD5350-B399-4342-9BE0-E06EF694BB2C,\Microsoft\Windows\Server Manager\ServerManager,,,ActionStart
2026-05-22T21:33:41.254321Z,129,dc.scaffold.htb,Microsoft-Windows-TaskScheduler,Microsoft-Windows-TaskScheduler/Operational,4719,4,,,,,taskhostw.exe,32,5468,,,,,\Microsoft\Windows\WindowsColorSystem\Calibration Loader,,,CreatedTaskProcess
2026-05-22T21:33:41.256377Z,100,dc.scaffold.htb,Microsoft-Windows-TaskScheduler,Microsoft-Windows-TaskScheduler/Operational,4720,4,,,50F8D45C-3C47-407E-A1D3-D33584A83023,,,,,,,,,\Microsoft\Windows\WindowsColorSystem\Calibration Loader,SCAFFOLD\Administrator,,TaskStartEvent
2026-05-22T21:33:41.256380Z,200,dc.scaffold.htb,Microsoft-Windows-TaskScheduler,Microsoft-Windows-TaskScheduler/Operational,4721,4,Color Calibration Loader,5468,,,,,,,,,50F8D45C-3C47-407E-A1D3-D33584A83023,\Microsoft\Windows\WindowsColorSystem\Calibration Loader,,,ActionStart
2026-05-22T21:33:41.257499Z,119,dc.scaffold.htb,Microsoft-Windows-TaskScheduler,Microsoft-Windows-TaskScheduler/Operational,4722,4,,,6E19327A-3CEF-4256-8E50-AB09C4B483E5,,,,,,,,,\MicrosoftEdgeUpdateTaskMachineCore,,SCAFFOLD\Administrator,LogonTrigger
2026-05-22T21:33:41.258084Z,119,dc.scaffold.htb,Microsoft-Windows-TaskScheduler,Microsoft-Windows-TaskScheduler/Operational,4723,4,,,A0646654-F97F-4A6D-965A-4EE2CCD59BCD,,,,,,,,,\Microsoft\Windows\Wininet\CacheTask,,SCAFFOLD\Administrator,LogonTrigger
2026-05-22T21:33:41.258229Z,100,dc.scaffold.htb,Microsoft-Windows-TaskScheduler,Microsoft-Windows-TaskScheduler/Operational,4724,4,,,A0646654-F97F-4A6D-965A-4EE2CCD59BCD,,,,,,,,,\Microsoft\Windows\Wininet\CacheTask,SCAFFOLD\Administrator,,TaskStartEvent
2026-05-22T21:33:41.258230Z,200,dc.scaffold.htb,Microsoft-Windows-TaskScheduler,Microsoft-Windows-TaskScheduler/Operational,4725,4,Wininet Cache task object,4696,,,,,,,,,A0646654-F97F-4A6D-965A-4EE2CCD59BCD,\Microsoft\Windows\Wininet\CacheTask,,,ActionStart
2026-05-22T21:33:41.260214Z,119,dc.scaffold.htb,Microsoft-Windows-TaskScheduler,Microsoft-Windows-TaskScheduler/Operational,4726,4,,,F8320D9D-7BC5-4E3E-BA1D-1EB0AC3BA500,,,,,,,,,\Microsoft\Windows\SoftwareProtectionPlatform\SvcRestartTaskLogon,,SCAFFOLD\Administrator,LogonTrigger
2026-05-22T21:33:41.260681Z,100,dc.scaffold.htb,Microsoft-Windows-TaskScheduler,Microsoft-Windows-TaskScheduler/Operational,4727,4,,,F8320D9D-7BC5-4E3E-BA1D-1EB0AC3BA500,,,,,,,,,\Microsoft\Windows\SoftwareProtectionPlatform\SvcRestartTaskLogon,SCAFFOLD\Administrator,,TaskStartEvent
2026-05-22T21:33:41.260684Z,200,dc.scaffold.htb,Microsoft-Windows-TaskScheduler,Microsoft-Windows-TaskScheduler/Operational,4728,4,SppSvcRestartTaskHandler Class,5468,,,,,,,,,F8320D9D-7BC5-4E3E-BA1D-1EB0AC3BA500,\Microsoft\Windows\SoftwareProtectionPlatform\SvcRestartTaskLogon,,,ActionStart
2026-05-22T21:33:41.262854Z,129,dc.scaffold.htb,Microsoft-Windows-TaskScheduler,Microsoft-Windows-TaskScheduler/Operational,4729,4,,,,,C:\Program Files (x86)\Microsoft\EdgeUpdate\MicrosoftEdgeUpdate.exe,32,5408,,,,,\MicrosoftEdgeUpdateTaskMachineCore,,,CreatedTaskProcess
2026-05-22T21:33:41.263043Z,100,dc.scaffold.htb,Microsoft-Windows-TaskScheduler,Microsoft-Windows-TaskScheduler/Operational,4730,4,,,6E19327A-3CEF-4256-8E50-AB09C4B483E5,,,,,,,,,\MicrosoftEdgeUpdateTaskMachineCore,NT AUTHORITY\SYSTEM,,TaskStartEvent
2026-05-22T21:33:41.263045Z,200,dc.scaffold.htb,Microsoft-Windows-TaskScheduler,Microsoft-Windows-TaskScheduler/Operational,4731,4,C:\Program Files (x86)\Microsoft\EdgeUpdate\MicrosoftEdgeUpdate.exe,5408,,,,,,,,,6E19327A-3CEF-4256-8E50-AB09C4B483E5,\MicrosoftEdgeUpdateTaskMachineCore,,,ActionStart
2026-05-22T21:33:41.266003Z,119,dc.scaffold.htb,Microsoft-Windows-TaskScheduler,Microsoft-Windows-TaskScheduler/Operational,4732,4,,,893A74BF-D7D0-4ECF-B800-06FA2481C648,,,,,,,,,\Microsoft\Windows\Plug and Play\Device Install Reboot Required,,SCAFFOLD\Administrator,LogonTrigger
2026-05-22T21:33:41.269855Z,129,dc.scaffold.htb,Microsoft-Windows-TaskScheduler,Microsoft-Windows-TaskScheduler/Operational,4733,4,,,,,taskhostw.exe,32,5456,,,,,\Microsoft\Windows\Plug and Play\Device Install Reboot Required,,,CreatedTaskProcess
2026-05-22T21:33:41.270331Z,100,dc.scaffold.htb,Microsoft-Windows-TaskScheduler,Microsoft-Windows-TaskScheduler/Operational,4734,4,,,893A74BF-D7D0-4ECF-B800-06FA2481C648,,,,,,,,,\Microsoft\Windows\Plug and Play\Device Install Reboot Required,SCAFFOLD\Administrator,,TaskStartEvent
2026-05-22T21:33:41.270333Z,200,dc.scaffold.htb,Microsoft-Windows-TaskScheduler,Microsoft-Windows-TaskScheduler/Operational,4735,4,Device Installation Reboot Dialog Task,5456,,,,,,,,,893A74BF-D7D0-4ECF-B800-06FA2481C648,\Microsoft\Windows\Plug and Play\Device Install Reboot Required,,,ActionStart
2026-05-22T21:33:41.333922Z,201,dc.scaffold.htb,Microsoft-Windows-TaskScheduler,Microsoft-Windows-TaskScheduler/Operational,4736,4,SppSvcRestartTaskHandler Class,5468,,,,,,,0,,F8320D9D-7BC5-4E3E-BA1D-1EB0AC3BA500,\Microsoft\Windows\SoftwareProtectionPlatform\SvcRestartTaskLogon,,,ActionSuccess
2026-05-22T21:33:41.333924Z,102,dc.scaffold.htb,Microsoft-Windows-TaskScheduler,Microsoft-Windows-TaskScheduler/Operational,4737,4,,,F8320D9D-7BC5-4E3E-BA1D-1EB0AC3BA500,,,,,,,,,\Microsoft\Windows\SoftwareProtectionPlatform\SvcRestartTaskLogon,SCAFFOLD\Administrator,,TaskSuccessEvent
2026-05-22T21:33:41.337080Z,201,dc.scaffold.htb,Microsoft-Windows-TaskScheduler,Microsoft-Windows-TaskScheduler/Operational,4738,4,MsCtfMonitor task handler,4696,,,,,,,0,,8FA34968-7A97-48CC-AB2F-E245B4986CCD,\Microsoft\Windows\TextServicesFramework\MsCtfMonitor,,,ActionSuccess
2026-05-22T21:33:41.337082Z,102,dc.scaffold.htb,Microsoft-Windows-TaskScheduler,Microsoft-Windows-TaskScheduler/Operational,4739,4,,,8FA34968-7A97-48CC-AB2F-E245B4986CCD,,,,,,,,,\Microsoft\Windows\TextServicesFramework\MsCtfMonitor,SCAFFOLD\Administrator,,TaskSuccessEvent
2026-05-22T21:33:41.373291Z,100,dc.scaffold.htb,Microsoft-Windows-TaskScheduler,Microsoft-Windows-TaskScheduler/Operational,4740,4,,,3C1EFD98-8C1F-4FC0-801A-9D650BAC25DE,,,,,,,,,\Microsoft\Windows\CertificateServicesClient\UserTask,SCAFFOLD\Administrator,,TaskStartEvent
2026-05-22T21:33:41.373293Z,200,dc.scaffold.htb,Microsoft-Windows-TaskScheduler,Microsoft-Windows-TaskScheduler/Operational,4741,4,Certificate Services Client Task Handler,5468,,,,,,,,,3C1EFD98-8C1F-4FC0-801A-9D650BAC25DE,\Microsoft\Windows\CertificateServicesClient\UserTask,,,ActionStart
2026-05-22T21:33:41.621394Z,201,dc.scaffold.htb,Microsoft-Windows-TaskScheduler,Microsoft-Windows-TaskScheduler/Operational,4742,4,Device Installation Reboot Dialog Task,5456,,,,,,,0,,893A74BF-D7D0-4ECF-B800-06FA2481C648,\Microsoft\Windows\Plug and Play\Device Install Reboot Required,,,ActionSuccess
2026-05-22T21:33:41.621395Z,102,dc.scaffold.htb,Microsoft-Windows-TaskScheduler,Microsoft-Windows-TaskScheduler/Operational,4743,4,,,893A74BF-D7D0-4ECF-B800-06FA2481C648,,,,,,,,,\Microsoft\Windows\Plug and Play\Device Install Reboot Required,SCAFFOLD\Administrator,,TaskSuccessEvent
2026-05-22T21:33:41.647785Z,141,dc.scaffold.htb,Microsoft-Windows-TaskScheduler,Microsoft-Windows-TaskScheduler/Operational,4744,4,,,,,,,,,,,,\CreateExplorerShellUnelevatedTask,,SCAFFOLD\Administrator,TaskDeleted
2026-05-22T21:33:41.657766Z,106,dc.scaffold.htb,Microsoft-Windows-TaskScheduler,Microsoft-Windows-TaskScheduler/Operational,4745,4,,,,,,,,,,,,\CreateExplorerShellUnelevatedTask,SCAFFOLD\Administrator,,TaskRegisteredEvent
2026-05-22T21:33:41.657768Z,140,dc.scaffold.htb,Microsoft-Windows-TaskScheduler,Microsoft-Windows-TaskScheduler/Operational,4746,4,,,,,,,,,,,,\CreateExplorerShellUnelevatedTask,,SCAFFOLD\Administrator,TaskUpdated
2026-05-22T21:33:41.658307Z,109,dc.scaffold.htb,Microsoft-Windows-TaskScheduler,Microsoft-Windows-TaskScheduler/Operational,4747,4,,,502862FF-A6B4-4D4C-8F02-173101CAB473,,,,,,,,,\CreateExplorerShellUnelevatedTask,,,RegistrationTriggerEvent
2026-05-22T21:33:41.662979Z,129,dc.scaffold.htb,Microsoft-Windows-TaskScheduler,Microsoft-Windows-TaskScheduler/Operational,4748,4,,,,,C:\Windows\Explorer.EXE,32,5060,,,,,\CreateExplorerShellUnelevatedTask,,,CreatedTaskProcess
2026-05-22T21:33:41.663251Z,100,dc.scaffold.htb,Microsoft-Windows-TaskScheduler,Microsoft-Windows-TaskScheduler/Operational,4749,4,,,502862FF-A6B4-4D4C-8F02-173101CAB473,,,,,,,,,\CreateExplorerShellUnelevatedTask,SCAFFOLD\Administrator,,TaskStartEvent
2026-05-22T21:33:41.663253Z,200,dc.scaffold.htb,Microsoft-Windows-TaskScheduler,Microsoft-Windows-TaskScheduler/Operational,4750,4,C:\Windows\Explorer.EXE,5060,,,,,,,,,502862FF-A6B4-4D4C-8F02-173101CAB473,\CreateExplorerShellUnelevatedTask,,,ActionStart
2026-05-22T21:33:41.756882Z,201,dc.scaffold.htb,Microsoft-Windows-TaskScheduler,Microsoft-Windows-TaskScheduler/Operational,4751,4,Certificate Services Client Task Handler,5468,,,,,,,0,,3C1EFD98-8C1F-4FC0-801A-9D650BAC25DE,\Microsoft\Windows\CertificateServicesClient\UserTask,,,ActionSuccess
2026-05-22T21:33:41.756886Z,102,dc.scaffold.htb,Microsoft-Windows-TaskScheduler,Microsoft-Windows-TaskScheduler/Operational,4752,4,,,3C1EFD98-8C1F-4FC0-801A-9D650BAC25DE,,,,,,,,,\Microsoft\Windows\CertificateServicesClient\UserTask,SCAFFOLD\Administrator,,TaskSuccessEvent
2026-05-22T21:33:41.827675Z,201,dc.scaffold.htb,Microsoft-Windows-TaskScheduler,Microsoft-Windows-TaskScheduler/Operational,4753,4,Color Calibration Loader,5468,,,,,,,0,,50F8D45C-3C47-407E-A1D3-D33584A83023,\Microsoft\Windows\WindowsColorSystem\Calibration Loader,,,ActionSuccess
2026-05-22T21:33:41.827678Z,102,dc.scaffold.htb,Microsoft-Windows-TaskScheduler,Microsoft-Windows-TaskScheduler/Operational,4754,4,,,50F8D45C-3C47-407E-A1D3-D33584A83023,,,,,,,,,\Microsoft\Windows\WindowsColorSystem\Calibration Loader,SCAFFOLD\Administrator,,TaskSuccessEvent
2026-05-22T21:33:43.716024Z,201,dc.scaffold.htb,Microsoft-Windows-TaskScheduler,Microsoft-Windows-TaskScheduler/Operational,4755,4,%windir%\system32\ServerManagerLauncher.exe,5472,,,,,,,0,,95BD5350-B399-4342-9BE0-E06EF694BB2C,\Microsoft\Windows\Server Manager\ServerManager,,,ActionSuccess
2026-05-22T21:33:43.716474Z,102,dc.scaffold.htb,Microsoft-Windows-TaskScheduler,Microsoft-Windows-TaskScheduler/Operational,4756,4,,,95BD5350-B399-4342-9BE0-E06EF694BB2C,,,,,,,,,\Microsoft\Windows\Server Manager\ServerManager,SCAFFOLD\Administrator,,TaskSuccessEvent
2026-05-22T21:34:11.748926Z,119,dc.scaffold.htb,Microsoft-Windows-TaskScheduler,Microsoft-Windows-TaskScheduler/Operational,4757,4,,,6BCC4475-C554-47D2-8EF8-E824BBF20C52,,,,,,,,,\Microsoft\Windows\International\Synchronize Language Settings,,SCAFFOLD\Administrator,LogonTrigger
2026-05-22T21:34:11.752251Z,129,dc.scaffold.htb,Microsoft-Windows-TaskScheduler,Microsoft-Windows-TaskScheduler/Operational,4758,4,,,,,taskhostw.exe,32,6396,,,,,\Microsoft\Windows\International\Synchronize Language Settings,,,CreatedTaskProcess
2026-05-22T21:34:11.752781Z,100,dc.scaffold.htb,Microsoft-Windows-TaskScheduler,Microsoft-Windows-TaskScheduler/Operational,4759,4,,,6BCC4475-C554-47D2-8EF8-E824BBF20C52,,,,,,,,,\Microsoft\Windows\International\Synchronize Language Settings,SCAFFOLD\Administrator,,TaskStartEvent
2026-05-22T21:34:11.752784Z,200,dc.scaffold.htb,Microsoft-Windows-TaskScheduler,Microsoft-Windows-TaskScheduler/Operational,4760,4,Sync Language Data From Cloud Task,6396,,,,,,,,,6BCC4475-C554-47D2-8EF8-E824BBF20C52,\Microsoft\Windows\International\Synchronize Language Settings,,,ActionStart
2026-05-22T21:34:41.751301Z,119,dc.scaffold.htb,Microsoft-Windows-TaskScheduler,Microsoft-Windows-TaskScheduler/Operational,4761,4,,,ED0CDB65-FB14-40AA-B053-F2140094AB56,,,,,,,,,\Microsoft\Windows\Workplace Join\Automatic-Device-Join,,SCAFFOLD\Administrator,LogonTrigger
2026-05-22T21:34:41.756129Z,129,dc.scaffold.htb,Microsoft-Windows-TaskScheduler,Microsoft-Windows-TaskScheduler/Operational,4762,4,,,,,%SystemRoot%\System32\dsregcmd.exe,16384,6908,,,,,\Microsoft\Windows\Workplace Join\Automatic-Device-Join,,,CreatedTaskProcess
2026-05-22T21:34:41.756373Z,100,dc.scaffold.htb,Microsoft-Windows-TaskScheduler,Microsoft-Windows-TaskScheduler/Operational,4763,4,,,ED0CDB65-FB14-40AA-B053-F2140094AB56,,,,,,,,,\Microsoft\Windows\Workplace Join\Automatic-Device-Join,NT AUTHORITY\SYSTEM,,TaskStartEvent
2026-05-22T21:34:41.756375Z,200,dc.scaffold.htb,Microsoft-Windows-TaskScheduler,Microsoft-Windows-TaskScheduler/Operational,4764,4,%SystemRoot%\System32\dsregcmd.exe,6908,,,,,,,,,ED0CDB65-FB14-40AA-B053-F2140094AB56,\Microsoft\Windows\Workplace Join\Automatic-Device-Join,,,ActionStart
2026-05-22T21:34:41.894129Z,201,dc.scaffold.htb,Microsoft-Windows-TaskScheduler,Microsoft-Windows-TaskScheduler/Operational,4765,4,%SystemRoot%\System32\dsregcmd.exe,6908,,,,,,,2147942401,,ED0CDB65-FB14-40AA-B053-F2140094AB56,\Microsoft\Windows\Workplace Join\Automatic-Device-Join,,,ActionSuccess
2026-05-22T21:34:41.894288Z,102,dc.scaffold.htb,Microsoft-Windows-TaskScheduler,Microsoft-Windows-TaskScheduler/Operational,4766,4,,,ED0CDB65-FB14-40AA-B053-F2140094AB56,,,,,,,,,\Microsoft\Windows\Workplace Join\Automatic-Device-Join,NT AUTHORITY\SYSTEM,,TaskSuccessEvent
2026-05-22T21:34:46.454084Z,202,dc.scaffold.htb,Microsoft-Windows-TaskScheduler,Microsoft-Windows-TaskScheduler/Operational,4767,2,Sync Language Data From Cloud Task,6396,,,,,,,2147746053,,6BCC4475-C554-47D2-8EF8-E824BBF20C52,\Microsoft\Windows\International\Synchronize Language Settings,,,ActionFailure
2026-05-22T21:34:46.454087Z,103,dc.scaffold.htb,Microsoft-Windows-TaskScheduler,Microsoft-Windows-TaskScheduler/Operational,4768,2,,,6BCC4475-C554-47D2-8EF8-E824BBF20C52,,,,,,2147746053,,,\Microsoft\Windows\International\Synchronize Language Settings,SCAFFOLD\Administrator,,TaskFailureEvent
2026-05-22T21:35:00.178497Z,141,dc.scaffold.htb,Microsoft-Windows-TaskScheduler,Microsoft-Windows-TaskScheduler/Operational,4769,4,,,,,,,,,,,,\Microsoft\Windows\Windows Defender\Windows Defender Scheduled Scan,,NT AUTHORITY\System,TaskDeleted
2026-05-22T21:35:00.184378Z,106,dc.scaffold.htb,Microsoft-Windows-TaskScheduler,Microsoft-Windows-TaskScheduler/Operational,4770,4,,,,,,,,,,,,\Microsoft\Windows\Windows Defender\Windows Defender Scheduled Scan,SCAFFOLD\DC$,,TaskRegisteredEvent
2026-05-22T21:35:00.184380Z,140,dc.scaffold.htb,Microsoft-Windows-TaskScheduler,Microsoft-Windows-TaskScheduler/Operational,4771,4,,,,,,,,,,,,\Microsoft\Windows\Windows Defender\Windows Defender Scheduled Scan,,SCAFFOLD\DC$,TaskUpdated
2026-05-22T21:39:23.520590Z,107,dc.scaffold.htb,Microsoft-Windows-TaskScheduler,Microsoft-Windows-TaskScheduler/Operational,4772,4,,,B9C4A3E6-79F4-45E0-8A2E-369293C39B44,,,,,,,,,\MicrosoftEdgeUpdateTaskMachineUA,,,TimeTriggerEvent
2026-05-22T21:39:23.525317Z,129,dc.scaffold.htb,Microsoft-Windows-TaskScheduler,Microsoft-Windows-TaskScheduler/Operational,4773,4,,,,,C:\Program Files (x86)\Microsoft\EdgeUpdate\MicrosoftEdgeUpdate.exe,32,3936,,,,,\MicrosoftEdgeUpdateTaskMachineUA,,,CreatedTaskProcess
2026-05-22T21:39:23.526286Z,100,dc.scaffold.htb,Microsoft-Windows-TaskScheduler,Microsoft-Windows-TaskScheduler/Operational,4774,4,,,B9C4A3E6-79F4-45E0-8A2E-369293C39B44,,,,,,,,,\MicrosoftEdgeUpdateTaskMachineUA,NT AUTHORITY\SYSTEM,,TaskStartEvent
2026-05-22T21:39:23.526289Z,200,dc.scaffold.htb,Microsoft-Windows-TaskScheduler,Microsoft-Windows-TaskScheduler/Operational,4775,4,C:\Program Files (x86)\Microsoft\EdgeUpdate\MicrosoftEdgeUpdate.exe,3936,,,,,,,,,B9C4A3E6-79F4-45E0-8A2E-369293C39B44,\MicrosoftEdgeUpdateTaskMachineUA,,,ActionStart
2026-05-22T21:39:23.593436Z,201,dc.scaffold.htb,Microsoft-Windows-TaskScheduler,Microsoft-Windows-TaskScheduler/Operational,4776,4,C:\Program Files (x86)\Microsoft\EdgeUpdate\MicrosoftEdgeUpdate.exe,3936,,,,,,,0,,B9C4A3E6-79F4-45E0-8A2E-369293C39B44,\MicrosoftEdgeUpdateTaskMachineUA,,,ActionSuccess
2026-05-22T21:39:23.593586Z,102,dc.scaffold.htb,Microsoft-Windows-TaskScheduler,Microsoft-Windows-TaskScheduler/Operational,4777,4,,,B9C4A3E6-79F4-45E0-8A2E-369293C39B44,,,,,,,,,\MicrosoftEdgeUpdateTaskMachineUA,NT AUTHORITY\SYSTEM,,TaskSuccessEvent
2026-05-22T21:43:05.764069Z,129,dc.scaffold.htb,Microsoft-Windows-TaskScheduler,Microsoft-Windows-TaskScheduler/Operational,4778,4,,,,,C:\ProgramData\Microsoft\Windows Defender\Platform\4.18.26030.3011-0\MpCmdRun.exe,16384,2068,,,,,\Microsoft\Windows\Windows Defender\Windows Defender Verification,,,CreatedTaskProcess
2026-05-22T21:43:05.764619Z,100,dc.scaffold.htb,Microsoft-Windows-TaskScheduler,Microsoft-Windows-TaskScheduler/Operational,4779,4,,,E2ECB870-5B4F-41FD-9EB7-B2FB03F7323F,,,,,,,,,\Microsoft\Windows\Windows Defender\Windows Defender Verification,NT AUTHORITY\SYSTEM,,TaskStartEvent
2026-05-22T21:43:05.764622Z,200,dc.scaffold.htb,Microsoft-Windows-TaskScheduler,Microsoft-Windows-TaskScheduler/Operational,4780,4,C:\ProgramData\Microsoft\Windows Defender\Platform\4.18.26030.3011-0\MpCmdRun.exe,2068,,,,,,,,,E2ECB870-5B4F-41FD-9EB7-B2FB03F7323F,\Microsoft\Windows\Windows Defender\Windows Defender Verification,,,ActionStart
2026-05-22T21:43:05.766552Z,129,dc.scaffold.htb,Microsoft-Windows-TaskScheduler,Microsoft-Windows-TaskScheduler/Operational,4781,4,,,,,C:\ProgramData\Microsoft\Windows Defender\Platform\4.18.26030.3011-0\MpCmdRun.exe,16384,4904,,,,,\Microsoft\Windows\Windows Defender\Windows Defender Cleanup,,,CreatedTaskProcess
2026-05-22T21:43:05.766684Z,100,dc.scaffold.htb,Microsoft-Windows-TaskScheduler,Microsoft-Windows-TaskScheduler/Operational,4782,4,,,59FF1967-FBDA-4280-97E0-6031BDE3E759,,,,,,,,,\Microsoft\Windows\Windows Defender\Windows Defender Cleanup,NT AUTHORITY\SYSTEM,,TaskStartEvent
2026-05-22T21:43:05.766686Z,200,dc.scaffold.htb,Microsoft-Windows-TaskScheduler,Microsoft-Windows-TaskScheduler/Operational,4783,4,C:\ProgramData\Microsoft\Windows Defender\Platform\4.18.26030.3011-0\MpCmdRun.exe,4904,,,,,,,,,59FF1967-FBDA-4280-97E0-6031BDE3E759,\Microsoft\Windows\Windows Defender\Windows Defender Cleanup,,,ActionStart
2026-05-22T21:43:05.768015Z,129,dc.scaffold.htb,Microsoft-Windows-TaskScheduler,Microsoft-Windows-TaskScheduler/Operational,4784,4,,,,,C:\ProgramData\Microsoft\Windows Defender\Platform\4.18.26030.3011-0\MpCmdRun.exe,16384,6848,,,,,\Microsoft\Windows\Windows Defender\Windows Defender Cache Maintenance,,,CreatedTaskProcess
2026-05-22T21:43:05.768135Z,100,dc.scaffold.htb,Microsoft-Windows-TaskScheduler,Microsoft-Windows-TaskScheduler/Operational,4785,4,,,CF0A53C0-8B08-41A3-9075-5E0A98EA3C5A,,,,,,,,,\Microsoft\Windows\Windows Defender\Windows Defender Cache Maintenance,NT AUTHORITY\SYSTEM,,TaskStartEvent
2026-05-22T21:43:05.768137Z,200,dc.scaffold.htb,Microsoft-Windows-TaskScheduler,Microsoft-Windows-TaskScheduler/Operational,4786,4,C:\ProgramData\Microsoft\Windows Defender\Platform\4.18.26030.3011-0\MpCmdRun.exe,6848,,,,,,,,,CF0A53C0-8B08-41A3-9075-5E0A98EA3C5A,\Microsoft\Windows\Windows Defender\Windows Defender Cache Maintenance,,,ActionStart
2026-05-22T21:43:05.775504Z,129,dc.scaffold.htb,Microsoft-Windows-TaskScheduler,Microsoft-Windows-TaskScheduler/Operational,4787,4,,,,,%windir%\system32\defrag.exe,16384,6596,,,,,\Microsoft\Windows\Defrag\ScheduledDefrag,,,CreatedTaskProcess
2026-05-22T21:43:05.775830Z,100,dc.scaffold.htb,Microsoft-Windows-TaskScheduler,Microsoft-Windows-TaskScheduler/Operational,4788,4,,,AD2B9644-A72D-49BC-A87A-D20635BC9DDC,,,,,,,,,\Microsoft\Windows\Defrag\ScheduledDefrag,NT AUTHORITY\SYSTEM,,TaskStartEvent
2026-05-22T21:43:05.775832Z,200,dc.scaffold.htb,Microsoft-Windows-TaskScheduler,Microsoft-Windows-TaskScheduler/Operational,4789,4,%windir%\system32\defrag.exe,6596,,,,,,,,,AD2B9644-A72D-49BC-A87A-D20635BC9DDC,\Microsoft\Windows\Defrag\ScheduledDefrag,,,ActionStart
2026-05-22T21:43:05.895041Z,201,dc.scaffold.htb,Microsoft-Windows-TaskScheduler,Microsoft-Windows-TaskScheduler/Operational,4790,4,%windir%\system32\defrag.exe,6596,,,,,,,0,,AD2B9644-A72D-49BC-A87A-D20635BC9DDC,\Microsoft\Windows\Defrag\ScheduledDefrag,,,ActionSuccess
2026-05-22T21:43:05.895215Z,102,dc.scaffold.htb,Microsoft-Windows-TaskScheduler,Microsoft-Windows-TaskScheduler/Operational,4791,4,,,AD2B9644-A72D-49BC-A87A-D20635BC9DDC,,,,,,,,,\Microsoft\Windows\Defrag\ScheduledDefrag,NT AUTHORITY\SYSTEM,,TaskSuccessEvent
2026-05-22T21:43:59.599048Z,129,dc.scaffold.htb,Microsoft-Windows-TaskScheduler,Microsoft-Windows-TaskScheduler/Operational,4792,4,,,,,%windir%\system32\cleanmgr.exe,16384,2772,,,,,\Microsoft\Windows\DiskCleanup\SilentCleanup,,,CreatedTaskProcess
2026-05-22T21:43:59.599378Z,100,dc.scaffold.htb,Microsoft-Windows-TaskScheduler,Microsoft-Windows-TaskScheduler/Operational,4793,4,,,309AFD57-E7CA-4815-AE4B-43983E916372,,,,,,,,,\Microsoft\Windows\DiskCleanup\SilentCleanup,SCAFFOLD\Administrator,,TaskStartEvent
2026-05-22T21:43:59.599380Z,200,dc.scaffold.htb,Microsoft-Windows-TaskScheduler,Microsoft-Windows-TaskScheduler/Operational,4794,4,%windir%\system32\cleanmgr.exe,2772,,,,,,,,,309AFD57-E7CA-4815-AE4B-43983E916372,\Microsoft\Windows\DiskCleanup\SilentCleanup,,,ActionStart
2026-05-22T21:43:59.599541Z,110,dc.scaffold.htb,Microsoft-Windows-TaskScheduler,Microsoft-Windows-TaskScheduler/Operational,4795,4,,,6B176AA2-B44E-48FD-87ED-2A3546E57B1B,,,,,,,,,\Microsoft\Windows\DiskCleanup\SilentCleanup,Users,,TaskRunEvent
2026-05-22T21:44:05.853718Z,201,dc.scaffold.htb,Microsoft-Windows-TaskScheduler,Microsoft-Windows-TaskScheduler/Operational,4796,4,C:\ProgramData\Microsoft\Windows Defender\Platform\4.18.26030.3011-0\MpCmdRun.exe,6848,,,,,,,0,,CF0A53C0-8B08-41A3-9075-5E0A98EA3C5A,\Microsoft\Windows\Windows Defender\Windows Defender Cache Maintenance,,,ActionSuccess
2026-05-22T21:44:05.854716Z,102,dc.scaffold.htb,Microsoft-Windows-TaskScheduler,Microsoft-Windows-TaskScheduler/Operational,4797,4,,,CF0A53C0-8B08-41A3-9075-5E0A98EA3C5A,,,,,,,,,\Microsoft\Windows\Windows Defender\Windows Defender Cache Maintenance,NT AUTHORITY\SYSTEM,,TaskSuccessEvent
2026-05-22T21:44:05.869830Z,201,dc.scaffold.htb,Microsoft-Windows-TaskScheduler,Microsoft-Windows-TaskScheduler/Operational,4798,4,C:\ProgramData\Microsoft\Windows Defender\Platform\4.18.26030.3011-0\MpCmdRun.exe,4904,,,,,,,0,,59FF1967-FBDA-4280-97E0-6031BDE3E759,\Microsoft\Windows\Windows Defender\Windows Defender Cleanup,,,ActionSuccess
2026-05-22T21:44:05.870497Z,102,dc.scaffold.htb,Microsoft-Windows-TaskScheduler,Microsoft-Windows-TaskScheduler/Operational,4799,4,,,59FF1967-FBDA-4280-97E0-6031BDE3E759,,,,,,,,,\Microsoft\Windows\Windows Defender\Windows Defender Cleanup,NT AUTHORITY\SYSTEM,,TaskSuccessEvent
2026-05-22T21:44:06.356525Z,201,dc.scaffold.htb,Microsoft-Windows-TaskScheduler,Microsoft-Windows-TaskScheduler/Operational,4800,4,C:\ProgramData\Microsoft\Windows Defender\Platform\4.18.26030.3011-0\MpCmdRun.exe,2068,,,,,,,0,,E2ECB870-5B4F-41FD-9EB7-B2FB03F7323F,\Microsoft\Windows\Windows Defender\Windows Defender Verification,,,ActionSuccess
2026-05-22T21:44:06.356695Z,102,dc.scaffold.htb,Microsoft-Windows-TaskScheduler,Microsoft-Windows-TaskScheduler/Operational,4801,4,,,E2ECB870-5B4F-41FD-9EB7-B2FB03F7323F,,,,,,,,,\Microsoft\Windows\Windows Defender\Windows Defender Verification,NT AUTHORITY\SYSTEM,,TaskSuccessEvent
2026-05-22T21:44:08.691751Z,201,dc.scaffold.htb,Microsoft-Windows-TaskScheduler,Microsoft-Windows-TaskScheduler/Operational,4802,4,%windir%\system32\cleanmgr.exe,2772,,,,,,,0,,309AFD57-E7CA-4815-AE4B-43983E916372,\Microsoft\Windows\DiskCleanup\SilentCleanup,,,ActionSuccess
2026-05-22T21:44:08.692021Z,102,dc.scaffold.htb,Microsoft-Windows-TaskScheduler,Microsoft-Windows-TaskScheduler/Operational,4803,4,,,309AFD57-E7CA-4815-AE4B-43983E916372,,,,,,,,,\Microsoft\Windows\DiskCleanup\SilentCleanup,SCAFFOLD\Administrator,,TaskSuccessEvent
2026-05-22T21:45:05.233878Z,119,dc.scaffold.htb,Microsoft-Windows-TaskScheduler,Microsoft-Windows-TaskScheduler/Operational,4804,4,,,CB2CC35A-E8B8-43E4-9487-B2372BE43648,,,,,,,,,\Microsoft\Windows\Device Information\Device User,,SCAFFOLD\Administrator,LogonTrigger
2026-05-22T21:45:05.261565Z,129,dc.scaffold.htb,Microsoft-Windows-TaskScheduler,Microsoft-Windows-TaskScheduler/Operational,4805,4,,,,,%windir%\system32\devicecensus.exe,16384,6504,,,,,\Microsoft\Windows\Device Information\Device User,,,CreatedTaskProcess
2026-05-22T21:45:05.261853Z,100,dc.scaffold.htb,Microsoft-Windows-TaskScheduler,Microsoft-Windows-TaskScheduler/Operational,4806,4,,,CB2CC35A-E8B8-43E4-9487-B2372BE43648,,,,,,,,,\Microsoft\Windows\Device Information\Device User,SCAFFOLD\Administrator,,TaskStartEvent
2026-05-22T21:45:05.261855Z,200,dc.scaffold.htb,Microsoft-Windows-TaskScheduler,Microsoft-Windows-TaskScheduler/Operational,4807,4,%windir%\system32\devicecensus.exe,6504,,,,,,,,,CB2CC35A-E8B8-43E4-9487-B2372BE43648,\Microsoft\Windows\Device Information\Device User,,,ActionStart
2026-05-22T21:45:05.276183Z,201,dc.scaffold.htb,Microsoft-Windows-TaskScheduler,Microsoft-Windows-TaskScheduler/Operational,4808,4,%windir%\system32\devicecensus.exe,6504,,,,,,,0,,CB2CC35A-E8B8-43E4-9487-B2372BE43648,\Microsoft\Windows\Device Information\Device User,,,ActionSuccess
2026-05-22T21:45:05.276459Z,102,dc.scaffold.htb,Microsoft-Windows-TaskScheduler,Microsoft-Windows-TaskScheduler/Operational,4809,4,,,CB2CC35A-E8B8-43E4-9487-B2372BE43648,,,,,,,,,\Microsoft\Windows\Device Information\Device User,SCAFFOLD\Administrator,,TaskSuccessEvent
2026-05-22T21:46:13.862516Z,140,dc.scaffold.htb,Microsoft-Windows-TaskScheduler,Microsoft-Windows-TaskScheduler/Operational,4810,4,,,,,,,,,,,,\Microsoft\Windows\WindowsUpdate\Scheduled Start,,NT AUTHORITY\SYSTEM,TaskUpdated
2026-05-23T11:25:51.503232Z,700,dc.scaffold.htb,Microsoft-Windows-TaskScheduler,Microsoft-Windows-TaskScheduler/Operational,4811,4,,,,CompatibilityAdapterLaunch,,,,,,,,,,,
2026-05-23T11:25:51.564323Z,400,dc.scaffold.htb,Microsoft-Windows-TaskScheduler,Microsoft-Windows-TaskScheduler/Operational,4812,4,,,,ServiceStartEvent,,,,,,,,,,,
2026-05-23T11:25:51.590909Z,129,dc.scaffold.htb,Microsoft-Windows-TaskScheduler,Microsoft-Windows-TaskScheduler/Operational,4813,4,,,,,%windir%\system32\dxgiadaptercache.exe,16384,2104,,,,,\Microsoft\Windows\DirectX\DXGIAdapterCache,,,CreatedTaskProcess
2026-05-23T11:25:51.590998Z,100,dc.scaffold.htb,Microsoft-Windows-TaskScheduler,Microsoft-Windows-TaskScheduler/Operational,4814,4,,,5263D42B-766A-4DBF-8115-E1899665DF41,,,,,,,,,\Microsoft\Windows\DirectX\DXGIAdapterCache,NT AUTHORITY\SYSTEM,,TaskStartEvent
2026-05-23T11:25:51.590999Z,200,dc.scaffold.htb,Microsoft-Windows-TaskScheduler,Microsoft-Windows-TaskScheduler/Operational,4815,4,%windir%\system32\dxgiadaptercache.exe,2104,,,,,,,,,5263D42B-766A-4DBF-8115-E1899665DF41,\Microsoft\Windows\DirectX\DXGIAdapterCache,,,ActionStart
2026-05-23T11:25:51.592465Z,118,dc.scaffold.htb,Microsoft-Windows-TaskScheduler,Microsoft-Windows-TaskScheduler/Operational,4816,4,,,78022AC6-3CB6-4F79-B6C2-9CFA9B5B1E77,,,,,,,,,\Microsoft\Windows\ExploitGuard\ExploitGuard MDM policy Refresh,,,BootTrigger
2026-05-23T11:25:51.595610Z,129,dc.scaffold.htb,Microsoft-Windows-TaskScheduler,Microsoft-Windows-TaskScheduler/Operational,4817,4,,,,,taskhostw.exe,16384,2132,,,,,\Microsoft\Windows\ExploitGuard\ExploitGuard MDM policy Refresh,,,CreatedTaskProcess
2026-05-23T11:25:51.595714Z,100,dc.scaffold.htb,Microsoft-Windows-TaskScheduler,Microsoft-Windows-TaskScheduler/Operational,4818,4,,,78022AC6-3CB6-4F79-B6C2-9CFA9B5B1E77,,,,,,,,,\Microsoft\Windows\ExploitGuard\ExploitGuard MDM policy Refresh,NT AUTHORITY\SYSTEM,,TaskStartEvent
2026-05-23T11:25:51.595715Z,200,dc.scaffold.htb,Microsoft-Windows-TaskScheduler,Microsoft-Windows-TaskScheduler/Operational,4819,4,,2132,,,,,,,,,78022AC6-3CB6-4F79-B6C2-9CFA9B5B1E77,\Microsoft\Windows\ExploitGuard\ExploitGuard MDM policy Refresh,,,ActionStart
2026-05-23T11:25:51.700862Z,101,dc.scaffold.htb,Microsoft-Windows-TaskScheduler,Microsoft-Windows-TaskScheduler/Operational,4820,2,,,,,,,,,2147943568,,,\Microsoft\Windows\Workplace Join\Automatic-Device-Join,(default user),,TaskStartFailedEvent
2026-05-23T11:25:51.781399Z,100,dc.scaffold.htb,Microsoft-Windows-TaskScheduler,Microsoft-Windows-TaskScheduler/Operational,4821,4,,,AA0EE256-D231-4BFB-B412-641DC2359A00,,,,,,,,,\Microsoft\Windows\WwanSvc\OobeDiscovery,NT AUTHORITY\SYSTEM,,TaskStartEvent
2026-05-23T11:25:51.781401Z,200,dc.scaffold.htb,Microsoft-Windows-TaskScheduler,Microsoft-Windows-TaskScheduler/Operational,4822,4,OobeEsimTaskManager,2132,,,,,,,,,AA0EE256-D231-4BFB-B412-641DC2359A00,\Microsoft\Windows\WwanSvc\OobeDiscovery,,,ActionStart
2026-05-23T11:25:51.810471Z,129,dc.scaffold.htb,Microsoft-Windows-TaskScheduler,Microsoft-Windows-TaskScheduler/Operational,4823,4,,,,,taskhostw.exe,16384,2588,,,,,\Microsoft\Windows\Time Synchronization\ForceSynchronizeTime,,,CreatedTaskProcess
2026-05-23T11:25:51.810579Z,100,dc.scaffold.htb,Microsoft-Windows-TaskScheduler,Microsoft-Windows-TaskScheduler/Operational,4824,4,,,8371BC3F-D673-46C6-AC6D-EA82C7AF32B0,,,,,,,,,\Microsoft\Windows\Time Synchronization\ForceSynchronizeTime,(NONE),,TaskStartEvent
2026-05-23T11:25:51.810580Z,200,dc.scaffold.htb,Microsoft-Windows-TaskScheduler,Microsoft-Windows-TaskScheduler/Operational,4825,4,Time Synchronization Task Handler,2588,,,,,,,,,8371BC3F-D673-46C6-AC6D-EA82C7AF32B0,\Microsoft\Windows\Time Synchronization\ForceSynchronizeTime,,,ActionStart
2026-05-23T11:25:51.851106Z,201,dc.scaffold.htb,Microsoft-Windows-TaskScheduler,Microsoft-Windows-TaskScheduler/Operational,4826,4,Time Synchronization Task Handler,2588,,,,,,,0,,8371BC3F-D673-46C6-AC6D-EA82C7AF32B0,\Microsoft\Windows\Time Synchronization\ForceSynchronizeTime,,,ActionSuccess
2026-05-23T11:25:51.851107Z,102,dc.scaffold.htb,Microsoft-Windows-TaskScheduler,Microsoft-Windows-TaskScheduler/Operational,4827,4,,,8371BC3F-D673-46C6-AC6D-EA82C7AF32B0,,,,,,,,,\Microsoft\Windows\Time Synchronization\ForceSynchronizeTime,(NONE),,TaskSuccessEvent
2026-05-23T11:25:51.855535Z,201,dc.scaffold.htb,Microsoft-Windows-TaskScheduler,Microsoft-Windows-TaskScheduler/Operational,4828,4,,2132,,,,,,,0,,78022AC6-3CB6-4F79-B6C2-9CFA9B5B1E77,\Microsoft\Windows\ExploitGuard\ExploitGuard MDM policy Refresh,,,ActionSuccess
2026-05-23T11:25:51.855536Z,102,dc.scaffold.htb,Microsoft-Windows-TaskScheduler,Microsoft-Windows-TaskScheduler/Operational,4829,4,,,78022AC6-3CB6-4F79-B6C2-9CFA9B5B1E77,,,,,,,,,\Microsoft\Windows\ExploitGuard\ExploitGuard MDM policy Refresh,NT AUTHORITY\SYSTEM,,TaskSuccessEvent
2026-05-23T11:25:51.914607Z,201,dc.scaffold.htb,Microsoft-Windows-TaskScheduler,Microsoft-Windows-TaskScheduler/Operational,4830,4,%windir%\system32\dxgiadaptercache.exe,2104,,,,,,,0,,5263D42B-766A-4DBF-8115-E1899665DF41,\Microsoft\Windows\DirectX\DXGIAdapterCache,,,ActionSuccess
2026-05-23T11:25:51.914764Z,102,dc.scaffold.htb,Microsoft-Windows-TaskScheduler,Microsoft-Windows-TaskScheduler/Operational,4831,4,,,5263D42B-766A-4DBF-8115-E1899665DF41,,,,,,,,,\Microsoft\Windows\DirectX\DXGIAdapterCache,NT AUTHORITY\SYSTEM,,TaskSuccessEvent
2026-05-23T11:25:51.943151Z,201,dc.scaffold.htb,Microsoft-Windows-TaskScheduler,Microsoft-Windows-TaskScheduler/Operational,4832,4,OobeEsimTaskManager,2132,,,,,,,0,,AA0EE256-D231-4BFB-B412-641DC2359A00,\Microsoft\Windows\WwanSvc\OobeDiscovery,,,ActionSuccess
2026-05-23T11:25:51.943152Z,102,dc.scaffold.htb,Microsoft-Windows-TaskScheduler,Microsoft-Windows-TaskScheduler/Operational,4833,4,,,AA0EE256-D231-4BFB-B412-641DC2359A00,,,,,,,,,\Microsoft\Windows\WwanSvc\OobeDiscovery,NT AUTHORITY\SYSTEM,,TaskSuccessEvent
2026-05-23T11:25:52.318485Z,108,dc.scaffold.htb,Microsoft-Windows-TaskScheduler,Microsoft-Windows-TaskScheduler/Operational,4834,4,,,E14E25CF-4510-46F4-9FB2-328DC03E93E9,,,,,,,,,\Microsoft\Windows\SoftwareProtectionPlatform\SvcRestartTaskNetwork,,,EventTriggerEvent
2026-05-23T11:25:52.320899Z,129,dc.scaffold.htb,Microsoft-Windows-TaskScheduler,Microsoft-Windows-TaskScheduler/Operational,4835,4,,,,,taskhostw.exe,16384,2660,,,,,\Microsoft\Windows\SoftwareProtectionPlatform\SvcRestartTaskNetwork,,,CreatedTaskProcess
2026-05-23T11:25:52.321073Z,100,dc.scaffold.htb,Microsoft-Windows-TaskScheduler,Microsoft-Windows-TaskScheduler/Operational,4836,4,,,E14E25CF-4510-46F4-9FB2-328DC03E93E9,,,,,,,,,\Microsoft\Windows\SoftwareProtectionPlatform\SvcRestartTaskNetwork,(NONE),,TaskStartEvent
2026-05-23T11:25:52.321075Z,200,dc.scaffold.htb,Microsoft-Windows-TaskScheduler,Microsoft-Windows-TaskScheduler/Operational,4837,4,SppSvcRestartTaskHandler Class,2660,,,,,,,,,E14E25CF-4510-46F4-9FB2-328DC03E93E9,\Microsoft\Windows\SoftwareProtectionPlatform\SvcRestartTaskNetwork,,,ActionStart
2026-05-23T11:25:52.570064Z,201,dc.scaffold.htb,Microsoft-Windows-TaskScheduler,Microsoft-Windows-TaskScheduler/Operational,4838,4,SppSvcRestartTaskHandler Class,2660,,,,,,,0,,E14E25CF-4510-46F4-9FB2-328DC03E93E9,\Microsoft\Windows\SoftwareProtectionPlatform\SvcRestartTaskNetwork,,,ActionSuccess
2026-05-23T11:25:52.570065Z,102,dc.scaffold.htb,Microsoft-Windows-TaskScheduler,Microsoft-Windows-TaskScheduler/Operational,4839,4,,,E14E25CF-4510-46F4-9FB2-328DC03E93E9,,,,,,,,,\Microsoft\Windows\SoftwareProtectionPlatform\SvcRestartTaskNetwork,(NONE),,TaskSuccessEvent
2026-05-23T11:25:52.708977Z,325,dc.scaffold.htb,Microsoft-Windows-TaskScheduler,Microsoft-Windows-TaskScheduler/Operational,4840,3,,,,,,,,03ADB3BD-A503-4B1D-8F6D-44C9A6A7A174,,,,\Microsoft\Windows\Workplace Join\Automatic-Device-Join,,,TaskInstanceQueued
2026-05-23T11:25:52.709039Z,110,dc.scaffold.htb,Microsoft-Windows-TaskScheduler,Microsoft-Windows-TaskScheduler/Operational,4841,4,,,03ADB3BD-A503-4B1D-8F6D-44C9A6A7A174,,,,,,,,,\Microsoft\Windows\Workplace Join\Automatic-Device-Join,System,,TaskRunEvent
2026-05-23T11:25:52.711901Z,129,dc.scaffold.htb,Microsoft-Windows-TaskScheduler,Microsoft-Windows-TaskScheduler/Operational,4842,4,,,,,%SystemRoot%\System32\dsregcmd.exe,16384,2768,,,,,\Microsoft\Windows\Workplace Join\Automatic-Device-Join,,,CreatedTaskProcess
2026-05-23T11:25:52.712039Z,100,dc.scaffold.htb,Microsoft-Windows-TaskScheduler,Microsoft-Windows-TaskScheduler/Operational,4843,4,,,03ADB3BD-A503-4B1D-8F6D-44C9A6A7A174,,,,,,,,,\Microsoft\Windows\Workplace Join\Automatic-Device-Join,NT AUTHORITY\SYSTEM,,TaskStartEvent
2026-05-23T11:25:52.712040Z,200,dc.scaffold.htb,Microsoft-Windows-TaskScheduler,Microsoft-Windows-TaskScheduler/Operational,4844,4,%SystemRoot%\System32\dsregcmd.exe,2768,,,,,,,,,03ADB3BD-A503-4B1D-8F6D-44C9A6A7A174,\Microsoft\Windows\Workplace Join\Automatic-Device-Join,,,ActionStart
2026-05-23T11:26:02.090579Z,118,dc.scaffold.htb,Microsoft-Windows-TaskScheduler,Microsoft-Windows-TaskScheduler/Operational,4845,4,,,66B3816C-D2FE-4580-9F8F-4E99D3667676,,,,,,,,,\Microsoft\Windows\CertificateServicesClient\SystemTask,,,BootTrigger
2026-05-23T11:26:02.092614Z,129,dc.scaffold.htb,Microsoft-Windows-TaskScheduler,Microsoft-Windows-TaskScheduler/Operational,4846,4,,,,,taskhostw.exe,16384,4620,,,,,\Microsoft\Windows\CertificateServicesClient\SystemTask,,,CreatedTaskProcess
2026-05-23T11:26:02.092739Z,100,dc.scaffold.htb,Microsoft-Windows-TaskScheduler,Microsoft-Windows-TaskScheduler/Operational,4847,4,,,66B3816C-D2FE-4580-9F8F-4E99D3667676,,,,,,,,,\Microsoft\Windows\CertificateServicesClient\SystemTask,NT AUTHORITY\SYSTEM,,TaskStartEvent
2026-05-23T11:26:02.092740Z,200,dc.scaffold.htb,Microsoft-Windows-TaskScheduler,Microsoft-Windows-TaskScheduler/Operational,4848,4,Certificate Services Client Task Handler,4620,,,,,,,,,66B3816C-D2FE-4580-9F8F-4E99D3667676,\Microsoft\Windows\CertificateServicesClient\SystemTask,,,ActionStart
2026-05-23T11:26:19.483863Z,201,dc.scaffold.htb,Microsoft-Windows-TaskScheduler,Microsoft-Windows-TaskScheduler/Operational,4849,4,Certificate Services Client Task Handler,4620,,,,,,,0,,66B3816C-D2FE-4580-9F8F-4E99D3667676,\Microsoft\Windows\CertificateServicesClient\SystemTask,,,ActionSuccess
2026-05-23T11:26:19.483864Z,102,dc.scaffold.htb,Microsoft-Windows-TaskScheduler,Microsoft-Windows-TaskScheduler/Operational,4850,4,,,66B3816C-D2FE-4580-9F8F-4E99D3667676,,,,,,,,,\Microsoft\Windows\CertificateServicesClient\SystemTask,NT AUTHORITY\SYSTEM,,TaskSuccessEvent
2026-05-23T11:26:31.268518Z,201,dc.scaffold.htb,Microsoft-Windows-TaskScheduler,Microsoft-Windows-TaskScheduler/Operational,4851,4,%SystemRoot%\System32\dsregcmd.exe,2768,,,,,,,0,,03ADB3BD-A503-4B1D-8F6D-44C9A6A7A174,\Microsoft\Windows\Workplace Join\Automatic-Device-Join,,,ActionSuccess
2026-05-23T11:26:31.268771Z,102,dc.scaffold.htb,Microsoft-Windows-TaskScheduler,Microsoft-Windows-TaskScheduler/Operational,4852,4,,,03ADB3BD-A503-4B1D-8F6D-44C9A6A7A174,,,,,,,,,\Microsoft\Windows\Workplace Join\Automatic-Device-Join,NT AUTHORITY\SYSTEM,,TaskSuccessEvent
2026-05-23T11:26:52.111951Z,118,dc.scaffold.htb,Microsoft-Windows-TaskScheduler,Microsoft-Windows-TaskScheduler/Operational,4853,4,,,B31A570E-13F8-4280-92FE-60FB2220C3A6,,,,,,,,,\Microsoft\Windows\Software Inventory Logging\Configuration,,,BootTrigger
2026-05-23T11:26:52.111954Z,118,dc.scaffold.htb,Microsoft-Windows-TaskScheduler,Microsoft-Windows-TaskScheduler/Operational,4854,4,,,6B68F9FF-6E0E-48D8-AAAB-B6D384579180,,,,,,,,,\Microsoft\Windows\DirectX\DXGIAdapterCache,,,BootTrigger
2026-05-23T11:26:52.113917Z,129,dc.scaffold.htb,Microsoft-Windows-TaskScheduler,Microsoft-Windows-TaskScheduler/Operational,4855,4,,,,,%windir%\system32\dxgiadaptercache.exe,16384,2736,,,,,\Microsoft\Windows\DirectX\DXGIAdapterCache,,,CreatedTaskProcess
2026-05-23T11:26:52.114239Z,100,dc.scaffold.htb,Microsoft-Windows-TaskScheduler,Microsoft-Windows-TaskScheduler/Operational,4856,4,,,6B68F9FF-6E0E-48D8-AAAB-B6D384579180,,,,,,,,,\Microsoft\Windows\DirectX\DXGIAdapterCache,NT AUTHORITY\SYSTEM,,TaskStartEvent
2026-05-23T11:26:52.114241Z,200,dc.scaffold.htb,Microsoft-Windows-TaskScheduler,Microsoft-Windows-TaskScheduler/Operational,4857,4,%windir%\system32\dxgiadaptercache.exe,2736,,,,,,,,,6B68F9FF-6E0E-48D8-AAAB-B6D384579180,\Microsoft\Windows\DirectX\DXGIAdapterCache,,,ActionStart
