2026-05-17T16:01:35.600409Z,100,dc.scaffold.htb,Microsoft-Windows-TaskScheduler,Microsoft-Windows-TaskScheduler/Operational,2615,4,,,177D5CE2-0435-4D31-BB4C-390E7C0D6F26,,,,,,,,,\Microsoft\Windows\Software Inventory Logging\Configuration,NT AUTHORITY\SYSTEM,,TaskStartEvent
2026-05-17T16:01:35.600412Z,200,dc.scaffold.htb,Microsoft-Windows-TaskScheduler,Microsoft-Windows-TaskScheduler/Operational,2616,4,%systemroot%\system32\cmd.exe,2788,,,,,,,,,177D5CE2-0435-4D31-BB4C-390E7C0D6F26,\Microsoft\Windows\Software Inventory Logging\Configuration,,,ActionStart
2026-05-17T16:01:35.625972Z,201,dc.scaffold.htb,Microsoft-Windows-TaskScheduler,Microsoft-Windows-TaskScheduler/Operational,2617,4,%windir%\system32\dxgiadaptercache.exe,2780,,,,,,,0,,2628F9A8-DD41-4D64-93BC-508FBAE845FC,\Microsoft\Windows\DirectX\DXGIAdapterCache,,,ActionSuccess
2026-05-17T16:01:35.626156Z,102,dc.scaffold.htb,Microsoft-Windows-TaskScheduler,Microsoft-Windows-TaskScheduler/Operational,2618,4,,,2628F9A8-DD41-4D64-93BC-508FBAE845FC,,,,,,,,,\Microsoft\Windows\DirectX\DXGIAdapterCache,NT AUTHORITY\SYSTEM,,TaskSuccessEvent
2026-05-17T16:01:35.650905Z,201,dc.scaffold.htb,Microsoft-Windows-TaskScheduler,Microsoft-Windows-TaskScheduler/Operational,2619,4,%systemroot%\system32\cmd.exe,2788,,,,,,,0,,177D5CE2-0435-4D31-BB4C-390E7C0D6F26,\Microsoft\Windows\Software Inventory Logging\Configuration,,,ActionSuccess
2026-05-17T16:01:35.651078Z,102,dc.scaffold.htb,Microsoft-Windows-TaskScheduler,Microsoft-Windows-TaskScheduler/Operational,2620,4,,,177D5CE2-0435-4D31-BB4C-390E7C0D6F26,,,,,,,,,\Microsoft\Windows\Software Inventory Logging\Configuration,NT AUTHORITY\SYSTEM,,TaskSuccessEvent
2026-05-17T16:02:08.031689Z,119,dc.scaffold.htb,Microsoft-Windows-TaskScheduler,Microsoft-Windows-TaskScheduler/Operational,2621,4,,,958BCDBC-939E-44F1-AEAC-D6490F3FFB79,,,,,,,,,\Microsoft\Windows\Server Manager\ServerManager,,SCAFFOLD\Administrator,LogonTrigger
2026-05-17T16:02:08.032204Z,119,dc.scaffold.htb,Microsoft-Windows-TaskScheduler,Microsoft-Windows-TaskScheduler/Operational,2622,4,,,E3E37EDE-FACC-4B20-9653-349F2F9722EA,,,,,,,,,\Microsoft\Windows\TextServicesFramework\MsCtfMonitor,,SCAFFOLD\Administrator,LogonTrigger
2026-05-17T16:02:08.032766Z,119,dc.scaffold.htb,Microsoft-Windows-TaskScheduler,Microsoft-Windows-TaskScheduler/Operational,2623,4,,,A5FA9A1C-ED19-4FE8-95C4-6AC64740257E,,,,,,,,,\Microsoft\Windows\WindowsColorSystem\Calibration Loader,,SCAFFOLD\Administrator,LogonTrigger
2026-05-17T16:02:08.033056Z,119,dc.scaffold.htb,Microsoft-Windows-TaskScheduler,Microsoft-Windows-TaskScheduler/Operational,2624,4,,,B86E6F38-8E99-4321-9CBA-B43FC39534AE,,,,,,,,,\Microsoft\Windows\Wininet\CacheTask,,SCAFFOLD\Administrator,LogonTrigger
2026-05-17T16:02:08.034300Z,119,dc.scaffold.htb,Microsoft-Windows-TaskScheduler,Microsoft-Windows-TaskScheduler/Operational,2625,4,,,C2CE80CC-02B7-4ECB-8657-181DD93DE795,,,,,,,,,\Microsoft\Windows\SoftwareProtectionPlatform\SvcRestartTaskLogon,,SCAFFOLD\Administrator,LogonTrigger
2026-05-17T16:02:08.038973Z,129,dc.scaffold.htb,Microsoft-Windows-TaskScheduler,Microsoft-Windows-TaskScheduler/Operational,2626,4,,,,,taskhostw.exe,32,1948,,,,,\Microsoft\Windows\TextServicesFramework\MsCtfMonitor,,,CreatedTaskProcess
2026-05-17T16:02:08.039452Z,100,dc.scaffold.htb,Microsoft-Windows-TaskScheduler,Microsoft-Windows-TaskScheduler/Operational,2627,4,,,E3E37EDE-FACC-4B20-9653-349F2F9722EA,,,,,,,,,\Microsoft\Windows\TextServicesFramework\MsCtfMonitor,SCAFFOLD\Administrator,,TaskStartEvent
2026-05-17T16:02:08.039454Z,200,dc.scaffold.htb,Microsoft-Windows-TaskScheduler,Microsoft-Windows-TaskScheduler/Operational,2628,4,MsCtfMonitor task handler,1948,,,,,,,,,E3E37EDE-FACC-4B20-9653-349F2F9722EA,\Microsoft\Windows\TextServicesFramework\MsCtfMonitor,,,ActionStart
2026-05-17T16:02:08.039693Z,129,dc.scaffold.htb,Microsoft-Windows-TaskScheduler,Microsoft-Windows-TaskScheduler/Operational,2629,4,,,,,%windir%\system32\ServerManagerLauncher.exe,32,1464,,,,,\Microsoft\Windows\Server Manager\ServerManager,,,CreatedTaskProcess
2026-05-17T16:02:08.039960Z,100,dc.scaffold.htb,Microsoft-Windows-TaskScheduler,Microsoft-Windows-TaskScheduler/Operational,2630,4,,,958BCDBC-939E-44F1-AEAC-D6490F3FFB79,,,,,,,,,\Microsoft\Windows\Server Manager\ServerManager,SCAFFOLD\Administrator,,TaskStartEvent
2026-05-17T16:02:08.039962Z,200,dc.scaffold.htb,Microsoft-Windows-TaskScheduler,Microsoft-Windows-TaskScheduler/Operational,2631,4,%windir%\system32\ServerManagerLauncher.exe,1464,,,,,,,,,958BCDBC-939E-44F1-AEAC-D6490F3FFB79,\Microsoft\Windows\Server Manager\ServerManager,,,ActionStart
2026-05-17T16:02:08.040202Z,119,dc.scaffold.htb,Microsoft-Windows-TaskScheduler,Microsoft-Windows-TaskScheduler/Operational,2632,4,,,9A6B78DD-5301-476F-B029-FC27380F14A1,,,,,,,,,\Microsoft\Windows\CertificateServicesClient\UserTask,,SCAFFOLD\Administrator,LogonTrigger
2026-05-17T16:02:08.040354Z,119,dc.scaffold.htb,Microsoft-Windows-TaskScheduler,Microsoft-Windows-TaskScheduler/Operational,2633,4,,,78CE4A3A-4815-4349-8238-164DF63DC923,,,,,,,,,\Microsoft\Windows\Plug and Play\Device Install Reboot Required,,SCAFFOLD\Administrator,LogonTrigger
2026-05-17T16:02:08.040446Z,119,dc.scaffold.htb,Microsoft-Windows-TaskScheduler,Microsoft-Windows-TaskScheduler/Operational,2634,4,,,06F2D2B7-F089-4A0F-9D17-AECEFB8517D3,,,,,,,,,\MicrosoftEdgeUpdateTaskMachineCore,,SCAFFOLD\Administrator,LogonTrigger
2026-05-17T16:02:08.045848Z,129,dc.scaffold.htb,Microsoft-Windows-TaskScheduler,Microsoft-Windows-TaskScheduler/Operational,2635,4,,,,,taskhostw.exe,32,2228,,,,,\Microsoft\Windows\CertificateServicesClient\UserTask,,,CreatedTaskProcess
2026-05-17T16:02:08.046535Z,100,dc.scaffold.htb,Microsoft-Windows-TaskScheduler,Microsoft-Windows-TaskScheduler/Operational,2636,4,,,9A6B78DD-5301-476F-B029-FC27380F14A1,,,,,,,,,\Microsoft\Windows\CertificateServicesClient\UserTask,SCAFFOLD\Administrator,,TaskStartEvent
2026-05-17T16:02:08.046537Z,200,dc.scaffold.htb,Microsoft-Windows-TaskScheduler,Microsoft-Windows-TaskScheduler/Operational,2637,4,Certificate Services Client Task Handler,2228,,,,,,,,,9A6B78DD-5301-476F-B029-FC27380F14A1,\Microsoft\Windows\CertificateServicesClient\UserTask,,,ActionStart
2026-05-17T16:02:08.069015Z,129,dc.scaffold.htb,Microsoft-Windows-TaskScheduler,Microsoft-Windows-TaskScheduler/Operational,2638,4,,,,,C:\Program Files (x86)\Microsoft\EdgeUpdate\MicrosoftEdgeUpdate.exe,32,2196,,,,,\MicrosoftEdgeUpdateTaskMachineCore,,,CreatedTaskProcess
2026-05-17T16:02:08.069097Z,100,dc.scaffold.htb,Microsoft-Windows-TaskScheduler,Microsoft-Windows-TaskScheduler/Operational,2639,4,,,06F2D2B7-F089-4A0F-9D17-AECEFB8517D3,,,,,,,,,\MicrosoftEdgeUpdateTaskMachineCore,NT AUTHORITY\SYSTEM,,TaskStartEvent
2026-05-17T16:02:08.069098Z,200,dc.scaffold.htb,Microsoft-Windows-TaskScheduler,Microsoft-Windows-TaskScheduler/Operational,2640,4,C:\Program Files (x86)\Microsoft\EdgeUpdate\MicrosoftEdgeUpdate.exe,2196,,,,,,,,,06F2D2B7-F089-4A0F-9D17-AECEFB8517D3,\MicrosoftEdgeUpdateTaskMachineCore,,,ActionStart
2026-05-17T16:02:08.095922Z,201,dc.scaffold.htb,Microsoft-Windows-TaskScheduler,Microsoft-Windows-TaskScheduler/Operational,2641,4,MsCtfMonitor task handler,1948,,,,,,,0,,E3E37EDE-FACC-4B20-9653-349F2F9722EA,\Microsoft\Windows\TextServicesFramework\MsCtfMonitor,,,ActionSuccess
2026-05-17T16:02:08.095923Z,102,dc.scaffold.htb,Microsoft-Windows-TaskScheduler,Microsoft-Windows-TaskScheduler/Operational,2642,4,,,E3E37EDE-FACC-4B20-9653-349F2F9722EA,,,,,,,,,\Microsoft\Windows\TextServicesFramework\MsCtfMonitor,SCAFFOLD\Administrator,,TaskSuccessEvent
2026-05-17T16:02:08.144406Z,100,dc.scaffold.htb,Microsoft-Windows-TaskScheduler,Microsoft-Windows-TaskScheduler/Operational,2643,4,,,C2CE80CC-02B7-4ECB-8657-181DD93DE795,,,,,,,,,\Microsoft\Windows\SoftwareProtectionPlatform\SvcRestartTaskLogon,SCAFFOLD\Administrator,,TaskStartEvent
2026-05-17T16:02:08.144408Z,200,dc.scaffold.htb,Microsoft-Windows-TaskScheduler,Microsoft-Windows-TaskScheduler/Operational,2644,4,SppSvcRestartTaskHandler Class,2228,,,,,,,,,C2CE80CC-02B7-4ECB-8657-181DD93DE795,\Microsoft\Windows\SoftwareProtectionPlatform\SvcRestartTaskLogon,,,ActionStart
2026-05-17T16:02:08.144797Z,100,dc.scaffold.htb,Microsoft-Windows-TaskScheduler,Microsoft-Windows-TaskScheduler/Operational,2645,4,,,A5FA9A1C-ED19-4FE8-95C4-6AC64740257E,,,,,,,,,\Microsoft\Windows\WindowsColorSystem\Calibration Loader,SCAFFOLD\Administrator,,TaskStartEvent
2026-05-17T16:02:08.144798Z,200,dc.scaffold.htb,Microsoft-Windows-TaskScheduler,Microsoft-Windows-TaskScheduler/Operational,2646,4,Color Calibration Loader,2228,,,,,,,,,A5FA9A1C-ED19-4FE8-95C4-6AC64740257E,\Microsoft\Windows\WindowsColorSystem\Calibration Loader,,,ActionStart
2026-05-17T16:02:08.147141Z,129,dc.scaffold.htb,Microsoft-Windows-TaskScheduler,Microsoft-Windows-TaskScheduler/Operational,2647,4,,,,,taskhostw.exe,32,2332,,,,,\Microsoft\Windows\Wininet\CacheTask,,,CreatedTaskProcess
2026-05-17T16:02:08.147479Z,100,dc.scaffold.htb,Microsoft-Windows-TaskScheduler,Microsoft-Windows-TaskScheduler/Operational,2648,4,,,B86E6F38-8E99-4321-9CBA-B43FC39534AE,,,,,,,,,\Microsoft\Windows\Wininet\CacheTask,SCAFFOLD\Administrator,,TaskStartEvent
2026-05-17T16:02:08.147481Z,200,dc.scaffold.htb,Microsoft-Windows-TaskScheduler,Microsoft-Windows-TaskScheduler/Operational,2649,4,Wininet Cache task object,2332,,,,,,,,,B86E6F38-8E99-4321-9CBA-B43FC39534AE,\Microsoft\Windows\Wininet\CacheTask,,,ActionStart
2026-05-17T16:02:08.165053Z,129,dc.scaffold.htb,Microsoft-Windows-TaskScheduler,Microsoft-Windows-TaskScheduler/Operational,2650,4,,,,,taskhostw.exe,32,3268,,,,,\Microsoft\Windows\Plug and Play\Device Install Reboot Required,,,CreatedTaskProcess
2026-05-17T16:02:08.165252Z,100,dc.scaffold.htb,Microsoft-Windows-TaskScheduler,Microsoft-Windows-TaskScheduler/Operational,2651,4,,,78CE4A3A-4815-4349-8238-164DF63DC923,,,,,,,,,\Microsoft\Windows\Plug and Play\Device Install Reboot Required,SCAFFOLD\Administrator,,TaskStartEvent
2026-05-17T16:02:08.165254Z,200,dc.scaffold.htb,Microsoft-Windows-TaskScheduler,Microsoft-Windows-TaskScheduler/Operational,2652,4,Device Installation Reboot Dialog Task,3268,,,,,,,,,78CE4A3A-4815-4349-8238-164DF63DC923,\Microsoft\Windows\Plug and Play\Device Install Reboot Required,,,ActionStart
2026-05-17T16:02:08.206364Z,201,dc.scaffold.htb,Microsoft-Windows-TaskScheduler,Microsoft-Windows-TaskScheduler/Operational,2653,4,SppSvcRestartTaskHandler Class,2228,,,,,,,0,,C2CE80CC-02B7-4ECB-8657-181DD93DE795,\Microsoft\Windows\SoftwareProtectionPlatform\SvcRestartTaskLogon,,,ActionSuccess
2026-05-17T16:02:08.206366Z,102,dc.scaffold.htb,Microsoft-Windows-TaskScheduler,Microsoft-Windows-TaskScheduler/Operational,2654,4,,,C2CE80CC-02B7-4ECB-8657-181DD93DE795,,,,,,,,,\Microsoft\Windows\SoftwareProtectionPlatform\SvcRestartTaskLogon,SCAFFOLD\Administrator,,TaskSuccessEvent
2026-05-17T16:02:08.320322Z,141,dc.scaffold.htb,Microsoft-Windows-TaskScheduler,Microsoft-Windows-TaskScheduler/Operational,2655,4,,,,,,,,,,,,\CreateExplorerShellUnelevatedTask,,SCAFFOLD\Administrator,TaskDeleted
2026-05-17T16:02:08.356743Z,106,dc.scaffold.htb,Microsoft-Windows-TaskScheduler,Microsoft-Windows-TaskScheduler/Operational,2656,4,,,,,,,,,,,,\CreateExplorerShellUnelevatedTask,SCAFFOLD\Administrator,,TaskRegisteredEvent
2026-05-17T16:02:08.356745Z,140,dc.scaffold.htb,Microsoft-Windows-TaskScheduler,Microsoft-Windows-TaskScheduler/Operational,2657,4,,,,,,,,,,,,\CreateExplorerShellUnelevatedTask,,SCAFFOLD\Administrator,TaskUpdated
2026-05-17T16:02:08.357122Z,109,dc.scaffold.htb,Microsoft-Windows-TaskScheduler,Microsoft-Windows-TaskScheduler/Operational,2658,4,,,EB5A5FBC-57E5-4008-B072-642B41E300C4,,,,,,,,,\CreateExplorerShellUnelevatedTask,,,RegistrationTriggerEvent
2026-05-17T16:02:08.362256Z,129,dc.scaffold.htb,Microsoft-Windows-TaskScheduler,Microsoft-Windows-TaskScheduler/Operational,2659,4,,,,,C:\Windows\Explorer.EXE,32,5712,,,,,\CreateExplorerShellUnelevatedTask,,,CreatedTaskProcess
2026-05-17T16:02:08.362608Z,100,dc.scaffold.htb,Microsoft-Windows-TaskScheduler,Microsoft-Windows-TaskScheduler/Operational,2660,4,,,EB5A5FBC-57E5-4008-B072-642B41E300C4,,,,,,,,,\CreateExplorerShellUnelevatedTask,SCAFFOLD\Administrator,,TaskStartEvent
2026-05-17T16:02:08.362610Z,200,dc.scaffold.htb,Microsoft-Windows-TaskScheduler,Microsoft-Windows-TaskScheduler/Operational,2661,4,C:\Windows\Explorer.EXE,5712,,,,,,,,,EB5A5FBC-57E5-4008-B072-642B41E300C4,\CreateExplorerShellUnelevatedTask,,,ActionStart
2026-05-17T16:02:08.376303Z,201,dc.scaffold.htb,Microsoft-Windows-TaskScheduler,Microsoft-Windows-TaskScheduler/Operational,2662,4,Device Installation Reboot Dialog Task,3268,,,,,,,0,,78CE4A3A-4815-4349-8238-164DF63DC923,\Microsoft\Windows\Plug and Play\Device Install Reboot Required,,,ActionSuccess
2026-05-17T16:02:08.376305Z,102,dc.scaffold.htb,Microsoft-Windows-TaskScheduler,Microsoft-Windows-TaskScheduler/Operational,2663,4,,,78CE4A3A-4815-4349-8238-164DF63DC923,,,,,,,,,\Microsoft\Windows\Plug and Play\Device Install Reboot Required,SCAFFOLD\Administrator,,TaskSuccessEvent
2026-05-17T16:02:08.537648Z,201,dc.scaffold.htb,Microsoft-Windows-TaskScheduler,Microsoft-Windows-TaskScheduler/Operational,2664,4,Certificate Services Client Task Handler,2228,,,,,,,0,,9A6B78DD-5301-476F-B029-FC27380F14A1,\Microsoft\Windows\CertificateServicesClient\UserTask,,,ActionSuccess
2026-05-17T16:02:08.537649Z,102,dc.scaffold.htb,Microsoft-Windows-TaskScheduler,Microsoft-Windows-TaskScheduler/Operational,2665,4,,,9A6B78DD-5301-476F-B029-FC27380F14A1,,,,,,,,,\Microsoft\Windows\CertificateServicesClient\UserTask,SCAFFOLD\Administrator,,TaskSuccessEvent
2026-05-17T16:02:08.542218Z,201,dc.scaffold.htb,Microsoft-Windows-TaskScheduler,Microsoft-Windows-TaskScheduler/Operational,2666,4,Color Calibration Loader,2228,,,,,,,0,,A5FA9A1C-ED19-4FE8-95C4-6AC64740257E,\Microsoft\Windows\WindowsColorSystem\Calibration Loader,,,ActionSuccess
2026-05-17T16:02:08.542220Z,102,dc.scaffold.htb,Microsoft-Windows-TaskScheduler,Microsoft-Windows-TaskScheduler/Operational,2667,4,,,A5FA9A1C-ED19-4FE8-95C4-6AC64740257E,,,,,,,,,\Microsoft\Windows\WindowsColorSystem\Calibration Loader,SCAFFOLD\Administrator,,TaskSuccessEvent
2026-05-17T16:02:09.361992Z,201,dc.scaffold.htb,Microsoft-Windows-TaskScheduler,Microsoft-Windows-TaskScheduler/Operational,2668,4,%windir%\system32\ServerManagerLauncher.exe,1464,,,,,,,0,,958BCDBC-939E-44F1-AEAC-D6490F3FFB79,\Microsoft\Windows\Server Manager\ServerManager,,,ActionSuccess
2026-05-17T16:02:09.362331Z,102,dc.scaffold.htb,Microsoft-Windows-TaskScheduler,Microsoft-Windows-TaskScheduler/Operational,2669,4,,,958BCDBC-939E-44F1-AEAC-D6490F3FFB79,,,,,,,,,\Microsoft\Windows\Server Manager\ServerManager,SCAFFOLD\Administrator,,TaskSuccessEvent
2026-05-17T16:02:38.550196Z,119,dc.scaffold.htb,Microsoft-Windows-TaskScheduler,Microsoft-Windows-TaskScheduler/Operational,2670,4,,,9DF8D381-00FF-4AAA-AB13-1D46126F48F3,,,,,,,,,\Microsoft\Windows\International\Synchronize Language Settings,,SCAFFOLD\Administrator,LogonTrigger
2026-05-17T16:02:38.552934Z,129,dc.scaffold.htb,Microsoft-Windows-TaskScheduler,Microsoft-Windows-TaskScheduler/Operational,2671,4,,,,,taskhostw.exe,32,6648,,,,,\Microsoft\Windows\International\Synchronize Language Settings,,,CreatedTaskProcess
2026-05-17T16:02:38.553352Z,100,dc.scaffold.htb,Microsoft-Windows-TaskScheduler,Microsoft-Windows-TaskScheduler/Operational,2672,4,,,9DF8D381-00FF-4AAA-AB13-1D46126F48F3,,,,,,,,,\Microsoft\Windows\International\Synchronize Language Settings,SCAFFOLD\Administrator,,TaskStartEvent
2026-05-17T16:02:38.553355Z,200,dc.scaffold.htb,Microsoft-Windows-TaskScheduler,Microsoft-Windows-TaskScheduler/Operational,2673,4,Sync Language Data From Cloud Task,6648,,,,,,,,,9DF8D381-00FF-4AAA-AB13-1D46126F48F3,\Microsoft\Windows\International\Synchronize Language Settings,,,ActionStart
2026-05-17T16:02:45.648560Z,140,dc.scaffold.htb,Microsoft-Windows-TaskScheduler,Microsoft-Windows-TaskScheduler/Operational,2674,4,,,,,,,,,,,,\Microsoft\Windows\Application Experience\PcaPatchDbTask,,SCAFFOLD\DC$,TaskUpdated
2026-05-17T16:02:48.082696Z,140,dc.scaffold.htb,Microsoft-Windows-TaskScheduler,Microsoft-Windows-TaskScheduler/Operational,2675,4,,,,,,,,,,,,\Microsoft\Windows\UpdateOrchestrator\Schedule Scan,,S-1-5-18,TaskUpdated
2026-05-17T16:02:48.103962Z,140,dc.scaffold.htb,Microsoft-Windows-TaskScheduler,Microsoft-Windows-TaskScheduler/Operational,2676,4,,,,,,,,,,,,\Microsoft\Windows\UpdateOrchestrator\Schedule Scan,,SCAFFOLD\DC$,TaskUpdated
2026-05-17T16:03:08.526722Z,119,dc.scaffold.htb,Microsoft-Windows-TaskScheduler,Microsoft-Windows-TaskScheduler/Operational,2677,4,,,1C953E91-45E2-455F-B810-028F90AB826B,,,,,,,,,\Microsoft\Windows\Workplace Join\Automatic-Device-Join,,SCAFFOLD\Administrator,LogonTrigger
2026-05-17T16:03:08.530395Z,129,dc.scaffold.htb,Microsoft-Windows-TaskScheduler,Microsoft-Windows-TaskScheduler/Operational,2678,4,,,,,%SystemRoot%\System32\dsregcmd.exe,16384,1444,,,,,\Microsoft\Windows\Workplace Join\Automatic-Device-Join,,,CreatedTaskProcess
2026-05-17T16:03:08.530596Z,100,dc.scaffold.htb,Microsoft-Windows-TaskScheduler,Microsoft-Windows-TaskScheduler/Operational,2679,4,,,1C953E91-45E2-455F-B810-028F90AB826B,,,,,,,,,\Microsoft\Windows\Workplace Join\Automatic-Device-Join,NT AUTHORITY\SYSTEM,,TaskStartEvent
2026-05-17T16:03:08.530599Z,200,dc.scaffold.htb,Microsoft-Windows-TaskScheduler,Microsoft-Windows-TaskScheduler/Operational,2680,4,%SystemRoot%\System32\dsregcmd.exe,1444,,,,,,,,,1C953E91-45E2-455F-B810-028F90AB826B,\Microsoft\Windows\Workplace Join\Automatic-Device-Join,,,ActionStart
2026-05-17T16:03:08.605589Z,201,dc.scaffold.htb,Microsoft-Windows-TaskScheduler,Microsoft-Windows-TaskScheduler/Operational,2681,4,%SystemRoot%\System32\dsregcmd.exe,1444,,,,,,,2147942401,,1C953E91-45E2-455F-B810-028F90AB826B,\Microsoft\Windows\Workplace Join\Automatic-Device-Join,,,ActionSuccess
2026-05-17T16:03:08.605678Z,102,dc.scaffold.htb,Microsoft-Windows-TaskScheduler,Microsoft-Windows-TaskScheduler/Operational,2682,4,,,1C953E91-45E2-455F-B810-028F90AB826B,,,,,,,,,\Microsoft\Windows\Workplace Join\Automatic-Device-Join,NT AUTHORITY\SYSTEM,,TaskSuccessEvent
2026-05-17T16:03:13.099753Z,202,dc.scaffold.htb,Microsoft-Windows-TaskScheduler,Microsoft-Windows-TaskScheduler/Operational,2683,2,Sync Language Data From Cloud Task,6648,,,,,,,2147746053,,9DF8D381-00FF-4AAA-AB13-1D46126F48F3,\Microsoft\Windows\International\Synchronize Language Settings,,,ActionFailure
2026-05-17T16:03:13.099757Z,103,dc.scaffold.htb,Microsoft-Windows-TaskScheduler,Microsoft-Windows-TaskScheduler/Operational,2684,2,,,9DF8D381-00FF-4AAA-AB13-1D46126F48F3,,,,,,2147746053,,,\Microsoft\Windows\International\Synchronize Language Settings,SCAFFOLD\Administrator,,TaskFailureEvent
2026-05-17T16:03:35.579261Z,118,dc.scaffold.htb,Microsoft-Windows-TaskScheduler,Microsoft-Windows-TaskScheduler/Operational,2685,4,,,2D4EB5FD-ACCA-4752-948C-3C7D4CBC02D5,,,,,,,,,\Microsoft\Windows\Windows Error Reporting\QueueReporting,,,BootTrigger
2026-05-17T16:03:35.583676Z,129,dc.scaffold.htb,Microsoft-Windows-TaskScheduler,Microsoft-Windows-TaskScheduler/Operational,2686,4,,,,,taskhostw.exe,16384,4532,,,,,\Microsoft\Windows\Flighting\FeatureConfig\ReconcileFeatures,,,CreatedTaskProcess
2026-05-17T16:03:35.583894Z,100,dc.scaffold.htb,Microsoft-Windows-TaskScheduler,Microsoft-Windows-TaskScheduler/Operational,2687,4,,,C8681F7A-9AAB-476D-8381-098DFFEDC7ED,,,,,,,,,\Microsoft\Windows\Flighting\FeatureConfig\ReconcileFeatures,NT AUTHORITY\SYSTEM,,TaskStartEvent
2026-05-17T16:03:35.583897Z,200,dc.scaffold.htb,Microsoft-Windows-TaskScheduler,Microsoft-Windows-TaskScheduler/Operational,2688,4,Feature Configuration Reconciliation Task Handler,4532,,,,,,,,,C8681F7A-9AAB-476D-8381-098DFFEDC7ED,\Microsoft\Windows\Flighting\FeatureConfig\ReconcileFeatures,,,ActionStart
2026-05-17T16:03:35.605562Z,129,dc.scaffold.htb,Microsoft-Windows-TaskScheduler,Microsoft-Windows-TaskScheduler/Operational,2689,4,,,,,%windir%\system32\wermgr.exe,16384,1952,,,,,\Microsoft\Windows\Windows Error Reporting\QueueReporting,,,CreatedTaskProcess
2026-05-17T16:03:35.605671Z,100,dc.scaffold.htb,Microsoft-Windows-TaskScheduler,Microsoft-Windows-TaskScheduler/Operational,2690,4,,,2D4EB5FD-ACCA-4752-948C-3C7D4CBC02D5,,,,,,,,,\Microsoft\Windows\Windows Error Reporting\QueueReporting,NT AUTHORITY\SYSTEM,,TaskStartEvent
2026-05-17T16:03:35.605672Z,200,dc.scaffold.htb,Microsoft-Windows-TaskScheduler,Microsoft-Windows-TaskScheduler/Operational,2691,4,%windir%\system32\wermgr.exe,1952,,,,,,,,,2D4EB5FD-ACCA-4752-948C-3C7D4CBC02D5,\Microsoft\Windows\Windows Error Reporting\QueueReporting,,,ActionStart
2026-05-17T16:03:35.649766Z,201,dc.scaffold.htb,Microsoft-Windows-TaskScheduler,Microsoft-Windows-TaskScheduler/Operational,2692,4,Feature Configuration Reconciliation Task Handler,4532,,,,,,,0,,C8681F7A-9AAB-476D-8381-098DFFEDC7ED,\Microsoft\Windows\Flighting\FeatureConfig\ReconcileFeatures,,,ActionSuccess
2026-05-17T16:03:35.649767Z,102,dc.scaffold.htb,Microsoft-Windows-TaskScheduler,Microsoft-Windows-TaskScheduler/Operational,2693,4,,,C8681F7A-9AAB-476D-8381-098DFFEDC7ED,,,,,,,,,\Microsoft\Windows\Flighting\FeatureConfig\ReconcileFeatures,NT AUTHORITY\SYSTEM,,TaskSuccessEvent
2026-05-17T16:03:53.519628Z,201,dc.scaffold.htb,Microsoft-Windows-TaskScheduler,Microsoft-Windows-TaskScheduler/Operational,2694,4,%windir%\system32\wermgr.exe,1952,,,,,,,0,,2D4EB5FD-ACCA-4752-948C-3C7D4CBC02D5,\Microsoft\Windows\Windows Error Reporting\QueueReporting,,,ActionSuccess
2026-05-17T16:03:53.519857Z,102,dc.scaffold.htb,Microsoft-Windows-TaskScheduler,Microsoft-Windows-TaskScheduler/Operational,2695,4,,,2D4EB5FD-ACCA-4752-948C-3C7D4CBC02D5,,,,,,,,,\Microsoft\Windows\Windows Error Reporting\QueueReporting,NT AUTHORITY\SYSTEM,,TaskSuccessEvent
2026-05-17T16:04:14.823095Z,114,dc.scaffold.htb,Microsoft-Windows-TaskScheduler,Microsoft-Windows-TaskScheduler/Operational,2696,3,,,D8576A23-4E92-4D4D-AE69-6D4DDCDAFCEA,,,,,,,,,\Microsoft\Windows\Windows Error Reporting\QueueReporting,,,MissedTaskLaunched
2026-05-17T16:04:14.825785Z,129,dc.scaffold.htb,Microsoft-Windows-TaskScheduler,Microsoft-Windows-TaskScheduler/Operational,2697,4,,,,,%windir%\system32\wermgr.exe,16384,6360,,,,,\Microsoft\Windows\Windows Error Reporting\QueueReporting,,,CreatedTaskProcess
2026-05-17T16:04:14.825958Z,100,dc.scaffold.htb,Microsoft-Windows-TaskScheduler,Microsoft-Windows-TaskScheduler/Operational,2698,4,,,D8576A23-4E92-4D4D-AE69-6D4DDCDAFCEA,,,,,,,,,\Microsoft\Windows\Windows Error Reporting\QueueReporting,NT AUTHORITY\SYSTEM,,TaskStartEvent
2026-05-17T16:04:14.825959Z,200,dc.scaffold.htb,Microsoft-Windows-TaskScheduler,Microsoft-Windows-TaskScheduler/Operational,2699,4,%windir%\system32\wermgr.exe,6360,,,,,,,,,D8576A23-4E92-4D4D-AE69-6D4DDCDAFCEA,\Microsoft\Windows\Windows Error Reporting\QueueReporting,,,ActionStart
2026-05-17T16:04:32.695784Z,201,dc.scaffold.htb,Microsoft-Windows-TaskScheduler,Microsoft-Windows-TaskScheduler/Operational,2700,4,%windir%\system32\wermgr.exe,6360,,,,,,,0,,D8576A23-4E92-4D4D-AE69-6D4DDCDAFCEA,\Microsoft\Windows\Windows Error Reporting\QueueReporting,,,ActionSuccess
2026-05-17T16:04:32.695875Z,102,dc.scaffold.htb,Microsoft-Windows-TaskScheduler,Microsoft-Windows-TaskScheduler/Operational,2701,4,,,D8576A23-4E92-4D4D-AE69-6D4DDCDAFCEA,,,,,,,,,\Microsoft\Windows\Windows Error Reporting\QueueReporting,NT AUTHORITY\SYSTEM,,TaskSuccessEvent
2026-05-17T16:11:06.626651Z,141,dc.scaffold.htb,Microsoft-Windows-TaskScheduler,Microsoft-Windows-TaskScheduler/Operational,2702,4,,,,,,,,,,,,\Microsoft\Windows\Windows Defender\Windows Defender Scheduled Scan,,NT AUTHORITY\System,TaskDeleted
2026-05-17T16:11:06.634885Z,106,dc.scaffold.htb,Microsoft-Windows-TaskScheduler,Microsoft-Windows-TaskScheduler/Operational,2703,4,,,,,,,,,,,,\Microsoft\Windows\Windows Defender\Windows Defender Scheduled Scan,SCAFFOLD\DC$,,TaskRegisteredEvent
2026-05-17T16:11:06.634886Z,140,dc.scaffold.htb,Microsoft-Windows-TaskScheduler,Microsoft-Windows-TaskScheduler/Operational,2704,4,,,,,,,,,,,,\Microsoft\Windows\Windows Defender\Windows Defender Scheduled Scan,,SCAFFOLD\DC$,TaskUpdated
2026-05-17T16:12:35.558503Z,119,dc.scaffold.htb,Microsoft-Windows-TaskScheduler,Microsoft-Windows-TaskScheduler/Operational,2705,4,,,546A4ED2-024B-466A-8D66-0F54B10BC752,,,,,,,,,\Microsoft\Windows\Device Information\Device User,,SCAFFOLD\Administrator,LogonTrigger
2026-05-17T16:12:35.563419Z,129,dc.scaffold.htb,Microsoft-Windows-TaskScheduler,Microsoft-Windows-TaskScheduler/Operational,2706,4,,,,,%windir%\system32\devicecensus.exe,16384,5108,,,,,\Microsoft\Windows\Device Information\Device User,,,CreatedTaskProcess
2026-05-17T16:12:35.563809Z,100,dc.scaffold.htb,Microsoft-Windows-TaskScheduler,Microsoft-Windows-TaskScheduler/Operational,2707,4,,,546A4ED2-024B-466A-8D66-0F54B10BC752,,,,,,,,,\Microsoft\Windows\Device Information\Device User,SCAFFOLD\Administrator,,TaskStartEvent
2026-05-17T16:12:35.563812Z,200,dc.scaffold.htb,Microsoft-Windows-TaskScheduler,Microsoft-Windows-TaskScheduler/Operational,2708,4,%windir%\system32\devicecensus.exe,5108,,,,,,,,,546A4ED2-024B-466A-8D66-0F54B10BC752,\Microsoft\Windows\Device Information\Device User,,,ActionStart
2026-05-17T16:12:35.592333Z,201,dc.scaffold.htb,Microsoft-Windows-TaskScheduler,Microsoft-Windows-TaskScheduler/Operational,2709,4,%windir%\system32\devicecensus.exe,5108,,,,,,,0,,546A4ED2-024B-466A-8D66-0F54B10BC752,\Microsoft\Windows\Device Information\Device User,,,ActionSuccess
2026-05-17T16:12:35.592587Z,102,dc.scaffold.htb,Microsoft-Windows-TaskScheduler,Microsoft-Windows-TaskScheduler/Operational,2710,4,,,546A4ED2-024B-466A-8D66-0F54B10BC752,,,,,,,,,\Microsoft\Windows\Device Information\Device User,SCAFFOLD\Administrator,,TaskSuccessEvent
2026-05-17T16:14:19.967565Z,202,dc.scaffold.htb,Microsoft-Windows-TaskScheduler,Microsoft-Windows-TaskScheduler/Operational,2711,2,Wininet Cache task object,2332,,,,,,,2147942404,,B86E6F38-8E99-4321-9CBA-B43FC39534AE,\Microsoft\Windows\Wininet\CacheTask,,,ActionFailure
2026-05-17T16:14:19.967567Z,103,dc.scaffold.htb,Microsoft-Windows-TaskScheduler,Microsoft-Windows-TaskScheduler/Operational,2712,2,,,B86E6F38-8E99-4321-9CBA-B43FC39534AE,,,,,,2147942404,,,\Microsoft\Windows\Wininet\CacheTask,,,TaskFailureEvent
2026-05-17T16:14:20.429966Z,201,dc.scaffold.htb,Microsoft-Windows-TaskScheduler,Microsoft-Windows-TaskScheduler/Operational,2713,4,C:\Windows\Explorer.EXE,5712,,,,,,,2147942404,,EB5A5FBC-57E5-4008-B072-642B41E300C4,\CreateExplorerShellUnelevatedTask,,,ActionSuccess
2026-05-17T16:14:20.430241Z,102,dc.scaffold.htb,Microsoft-Windows-TaskScheduler,Microsoft-Windows-TaskScheduler/Operational,2714,4,,,EB5A5FBC-57E5-4008-B072-642B41E300C4,,,,,,,,,\CreateExplorerShellUnelevatedTask,SCAFFOLD\Administrator,,TaskSuccessEvent
2026-05-17T16:14:20.632150Z,201,dc.scaffold.htb,Microsoft-Windows-TaskScheduler,Microsoft-Windows-TaskScheduler/Operational,2715,4,C:\Program Files (x86)\Microsoft\EdgeUpdate\MicrosoftEdgeUpdate.exe,2196,,,,,,,2147943691,,06F2D2B7-F089-4A0F-9D17-AECEFB8517D3,\MicrosoftEdgeUpdateTaskMachineCore,,,ActionSuccess
2026-05-17T16:14:20.632229Z,102,dc.scaffold.htb,Microsoft-Windows-TaskScheduler,Microsoft-Windows-TaskScheduler/Operational,2716,4,,,06F2D2B7-F089-4A0F-9D17-AECEFB8517D3,,,,,,,,,\MicrosoftEdgeUpdateTaskMachineCore,NT AUTHORITY\SYSTEM,,TaskSuccessEvent
2026-05-17T16:14:20.632247Z,111,dc.scaffold.htb,Microsoft-Windows-TaskScheduler,Microsoft-Windows-TaskScheduler/Operational,2717,4,,,06F2D2B7-F089-4A0F-9D17-AECEFB8517D3,,,,,,,,,\MicrosoftEdgeUpdateTaskMachineCore,,,TaskTerminationEvent
2026-05-17T16:14:20.679572Z,140,dc.scaffold.htb,Microsoft-Windows-TaskScheduler,Microsoft-Windows-TaskScheduler/Operational,2718,4,,,,,,,,,,,,\Microsoft\Windows\WindowsUpdate\Scheduled Start,,NT AUTHORITY\SYSTEM,TaskUpdated
2026-05-17T16:14:21.838344Z,402,dc.scaffold.htb,Microsoft-Windows-TaskScheduler,Microsoft-Windows-TaskScheduler/Operational,2719,4,,,,ServiceStopEvent,,,,,,,,,,,
2026-05-17T16:15:05.480931Z,700,dc.scaffold.htb,Microsoft-Windows-TaskScheduler,Microsoft-Windows-TaskScheduler/Operational,2720,4,,,,CompatibilityAdapterLaunch,,,,,,,,,,,
2026-05-17T16:15:05.558499Z,400,dc.scaffold.htb,Microsoft-Windows-TaskScheduler,Microsoft-Windows-TaskScheduler/Operational,2721,4,,,,ServiceStartEvent,,,,,,,,,,,
2026-05-17T16:15:05.625123Z,118,dc.scaffold.htb,Microsoft-Windows-TaskScheduler,Microsoft-Windows-TaskScheduler/Operational,2722,4,,,19B583A9-EE75-49C0-A6F9-70700AFC823C,,,,,,,,,\Microsoft\Windows\ExploitGuard\ExploitGuard MDM policy Refresh,,,BootTrigger
2026-05-17T16:15:05.627864Z,129,dc.scaffold.htb,Microsoft-Windows-TaskScheduler,Microsoft-Windows-TaskScheduler/Operational,2723,4,,,,,%windir%\system32\dxgiadaptercache.exe,16384,2396,,,,,\Microsoft\Windows\DirectX\DXGIAdapterCache,,,CreatedTaskProcess
2026-05-17T16:15:05.627959Z,100,dc.scaffold.htb,Microsoft-Windows-TaskScheduler,Microsoft-Windows-TaskScheduler/Operational,2724,4,,,93E0E809-DCBB-4AA9-909C-5571949B1493,,,,,,,,,\Microsoft\Windows\DirectX\DXGIAdapterCache,NT AUTHORITY\SYSTEM,,TaskStartEvent
2026-05-17T16:15:05.627960Z,200,dc.scaffold.htb,Microsoft-Windows-TaskScheduler,Microsoft-Windows-TaskScheduler/Operational,2725,4,%windir%\system32\dxgiadaptercache.exe,2396,,,,,,,,,93E0E809-DCBB-4AA9-909C-5571949B1493,\Microsoft\Windows\DirectX\DXGIAdapterCache,,,ActionStart
2026-05-17T16:15:05.628552Z,129,dc.scaffold.htb,Microsoft-Windows-TaskScheduler,Microsoft-Windows-TaskScheduler/Operational,2726,4,,,,,taskhostw.exe,16384,2404,,,,,\Microsoft\Windows\ExploitGuard\ExploitGuard MDM policy Refresh,,,CreatedTaskProcess
2026-05-17T16:15:05.628645Z,100,dc.scaffold.htb,Microsoft-Windows-TaskScheduler,Microsoft-Windows-TaskScheduler/Operational,2727,4,,,19B583A9-EE75-49C0-A6F9-70700AFC823C,,,,,,,,,\Microsoft\Windows\ExploitGuard\ExploitGuard MDM policy Refresh,NT AUTHORITY\SYSTEM,,TaskStartEvent
2026-05-17T16:15:05.628646Z,200,dc.scaffold.htb,Microsoft-Windows-TaskScheduler,Microsoft-Windows-TaskScheduler/Operational,2728,4,,2404,,,,,,,,,19B583A9-EE75-49C0-A6F9-70700AFC823C,\Microsoft\Windows\ExploitGuard\ExploitGuard MDM policy Refresh,,,ActionStart
2026-05-17T16:15:05.702507Z,101,dc.scaffold.htb,Microsoft-Windows-TaskScheduler,Microsoft-Windows-TaskScheduler/Operational,2729,2,,,,,,,,,2147943568,,,\Microsoft\Windows\Workplace Join\Automatic-Device-Join,(default user),,TaskStartFailedEvent
2026-05-17T16:15:05.763455Z,100,dc.scaffold.htb,Microsoft-Windows-TaskScheduler,Microsoft-Windows-TaskScheduler/Operational,2730,4,,,3C380A78-7352-4861-AB3B-2287F6A07921,,,,,,,,,\Microsoft\Windows\WwanSvc\OobeDiscovery,NT AUTHORITY\SYSTEM,,TaskStartEvent
2026-05-17T16:15:05.763456Z,200,dc.scaffold.htb,Microsoft-Windows-TaskScheduler,Microsoft-Windows-TaskScheduler/Operational,2731,4,OobeEsimTaskManager,2404,,,,,,,,,3C380A78-7352-4861-AB3B-2287F6A07921,\Microsoft\Windows\WwanSvc\OobeDiscovery,,,ActionStart
2026-05-17T16:15:05.765630Z,201,dc.scaffold.htb,Microsoft-Windows-TaskScheduler,Microsoft-Windows-TaskScheduler/Operational,2732,4,%windir%\system32\dxgiadaptercache.exe,2396,,,,,,,0,,93E0E809-DCBB-4AA9-909C-5571949B1493,\Microsoft\Windows\DirectX\DXGIAdapterCache,,,ActionSuccess
2026-05-17T16:15:05.765802Z,102,dc.scaffold.htb,Microsoft-Windows-TaskScheduler,Microsoft-Windows-TaskScheduler/Operational,2733,4,,,93E0E809-DCBB-4AA9-909C-5571949B1493,,,,,,,,,\Microsoft\Windows\DirectX\DXGIAdapterCache,NT AUTHORITY\SYSTEM,,TaskSuccessEvent
2026-05-17T16:15:05.769338Z,201,dc.scaffold.htb,Microsoft-Windows-TaskScheduler,Microsoft-Windows-TaskScheduler/Operational,2734,4,,2404,,,,,,,0,,19B583A9-EE75-49C0-A6F9-70700AFC823C,\Microsoft\Windows\ExploitGuard\ExploitGuard MDM policy Refresh,,,ActionSuccess
2026-05-17T16:15:05.769339Z,102,dc.scaffold.htb,Microsoft-Windows-TaskScheduler,Microsoft-Windows-TaskScheduler/Operational,2735,4,,,19B583A9-EE75-49C0-A6F9-70700AFC823C,,,,,,,,,\Microsoft\Windows\ExploitGuard\ExploitGuard MDM policy Refresh,NT AUTHORITY\SYSTEM,,TaskSuccessEvent
2026-05-17T16:15:05.794567Z,129,dc.scaffold.htb,Microsoft-Windows-TaskScheduler,Microsoft-Windows-TaskScheduler/Operational,2736,4,,,,,taskhostw.exe,16384,2596,,,,,\Microsoft\Windows\Time Synchronization\ForceSynchronizeTime,,,CreatedTaskProcess
2026-05-17T16:15:05.794681Z,100,dc.scaffold.htb,Microsoft-Windows-TaskScheduler,Microsoft-Windows-TaskScheduler/Operational,2737,4,,,9B249A98-1CA5-4050-880D-0E3DBCF0367D,,,,,,,,,\Microsoft\Windows\Time Synchronization\ForceSynchronizeTime,(NONE),,TaskStartEvent
2026-05-17T16:15:05.794682Z,200,dc.scaffold.htb,Microsoft-Windows-TaskScheduler,Microsoft-Windows-TaskScheduler/Operational,2738,4,Time Synchronization Task Handler,2596,,,,,,,,,9B249A98-1CA5-4050-880D-0E3DBCF0367D,\Microsoft\Windows\Time Synchronization\ForceSynchronizeTime,,,ActionStart
2026-05-17T16:15:05.824812Z,201,dc.scaffold.htb,Microsoft-Windows-TaskScheduler,Microsoft-Windows-TaskScheduler/Operational,2739,4,Time Synchronization Task Handler,2596,,,,,,,0,,9B249A98-1CA5-4050-880D-0E3DBCF0367D,\Microsoft\Windows\Time Synchronization\ForceSynchronizeTime,,,ActionSuccess
2026-05-17T16:15:05.824813Z,102,dc.scaffold.htb,Microsoft-Windows-TaskScheduler,Microsoft-Windows-TaskScheduler/Operational,2740,4,,,9B249A98-1CA5-4050-880D-0E3DBCF0367D,,,,,,,,,\Microsoft\Windows\Time Synchronization\ForceSynchronizeTime,(NONE),,TaskSuccessEvent
2026-05-17T16:15:05.886732Z,201,dc.scaffold.htb,Microsoft-Windows-TaskScheduler,Microsoft-Windows-TaskScheduler/Operational,2741,4,OobeEsimTaskManager,2404,,,,,,,0,,3C380A78-7352-4861-AB3B-2287F6A07921,\Microsoft\Windows\WwanSvc\OobeDiscovery,,,ActionSuccess
2026-05-17T16:15:05.886733Z,102,dc.scaffold.htb,Microsoft-Windows-TaskScheduler,Microsoft-Windows-TaskScheduler/Operational,2742,4,,,3C380A78-7352-4861-AB3B-2287F6A07921,,,,,,,,,\Microsoft\Windows\WwanSvc\OobeDiscovery,NT AUTHORITY\SYSTEM,,TaskSuccessEvent
2026-05-17T16:15:06.274370Z,108,dc.scaffold.htb,Microsoft-Windows-TaskScheduler,Microsoft-Windows-TaskScheduler/Operational,2743,4,,,F9F9365B-00B6-49A7-BFC4-78333D07AD1A,,,,,,,,,\Microsoft\Windows\SoftwareProtectionPlatform\SvcRestartTaskNetwork,,,EventTriggerEvent
2026-05-17T16:15:06.276325Z,129,dc.scaffold.htb,Microsoft-Windows-TaskScheduler,Microsoft-Windows-TaskScheduler/Operational,2744,4,,,,,taskhostw.exe,16384,2656,,,,,\Microsoft\Windows\SoftwareProtectionPlatform\SvcRestartTaskNetwork,,,CreatedTaskProcess
2026-05-17T16:15:06.276555Z,100,dc.scaffold.htb,Microsoft-Windows-TaskScheduler,Microsoft-Windows-TaskScheduler/Operational,2745,4,,,F9F9365B-00B6-49A7-BFC4-78333D07AD1A,,,,,,,,,\Microsoft\Windows\SoftwareProtectionPlatform\SvcRestartTaskNetwork,(NONE),,TaskStartEvent
2026-05-17T16:15:06.276556Z,200,dc.scaffold.htb,Microsoft-Windows-TaskScheduler,Microsoft-Windows-TaskScheduler/Operational,2746,4,SppSvcRestartTaskHandler Class,2656,,,,,,,,,F9F9365B-00B6-49A7-BFC4-78333D07AD1A,\Microsoft\Windows\SoftwareProtectionPlatform\SvcRestartTaskNetwork,,,ActionStart
2026-05-17T16:15:06.562810Z,201,dc.scaffold.htb,Microsoft-Windows-TaskScheduler,Microsoft-Windows-TaskScheduler/Operational,2747,4,SppSvcRestartTaskHandler Class,2656,,,,,,,0,,F9F9365B-00B6-49A7-BFC4-78333D07AD1A,\Microsoft\Windows\SoftwareProtectionPlatform\SvcRestartTaskNetwork,,,ActionSuccess
2026-05-17T16:15:06.562812Z,102,dc.scaffold.htb,Microsoft-Windows-TaskScheduler,Microsoft-Windows-TaskScheduler/Operational,2748,4,,,F9F9365B-00B6-49A7-BFC4-78333D07AD1A,,,,,,,,,\Microsoft\Windows\SoftwareProtectionPlatform\SvcRestartTaskNetwork,(NONE),,TaskSuccessEvent
2026-05-17T16:15:06.708683Z,325,dc.scaffold.htb,Microsoft-Windows-TaskScheduler,Microsoft-Windows-TaskScheduler/Operational,2749,3,,,,,,,,D5744AC2-031E-41F5-953D-C7AEE4732172,,,,\Microsoft\Windows\Workplace Join\Automatic-Device-Join,,,TaskInstanceQueued
2026-05-17T16:15:06.717474Z,129,dc.scaffold.htb,Microsoft-Windows-TaskScheduler,Microsoft-Windows-TaskScheduler/Operational,2750,4,,,,,%SystemRoot%\System32\dsregcmd.exe,16384,2724,,,,,\Microsoft\Windows\Workplace Join\Automatic-Device-Join,,,CreatedTaskProcess
2026-05-17T16:15:06.717811Z,100,dc.scaffold.htb,Microsoft-Windows-TaskScheduler,Microsoft-Windows-TaskScheduler/Operational,2751,4,,,D5744AC2-031E-41F5-953D-C7AEE4732172,,,,,,,,,\Microsoft\Windows\Workplace Join\Automatic-Device-Join,NT AUTHORITY\SYSTEM,,TaskStartEvent
2026-05-17T16:15:06.717814Z,200,dc.scaffold.htb,Microsoft-Windows-TaskScheduler,Microsoft-Windows-TaskScheduler/Operational,2752,4,%SystemRoot%\System32\dsregcmd.exe,2724,,,,,,,,,D5744AC2-031E-41F5-953D-C7AEE4732172,\Microsoft\Windows\Workplace Join\Automatic-Device-Join,,,ActionStart
2026-05-17T16:15:06.718041Z,110,dc.scaffold.htb,Microsoft-Windows-TaskScheduler,Microsoft-Windows-TaskScheduler/Operational,2753,4,,,D5744AC2-031E-41F5-953D-C7AEE4732172,,,,,,,,,\Microsoft\Windows\Workplace Join\Automatic-Device-Join,System,,TaskRunEvent
2026-05-17T16:15:16.115434Z,118,dc.scaffold.htb,Microsoft-Windows-TaskScheduler,Microsoft-Windows-TaskScheduler/Operational,2754,4,,,A415651E-256B-4FF8-A69E-21ED53C0CFC7,,,,,,,,,\Microsoft\Windows\CertificateServicesClient\SystemTask,,,BootTrigger
2026-05-17T16:15:16.116612Z,129,dc.scaffold.htb,Microsoft-Windows-TaskScheduler,Microsoft-Windows-TaskScheduler/Operational,2755,4,,,,,taskhostw.exe,16384,4868,,,,,\Microsoft\Windows\CertificateServicesClient\SystemTask,,,CreatedTaskProcess
2026-05-17T16:15:16.116737Z,100,dc.scaffold.htb,Microsoft-Windows-TaskScheduler,Microsoft-Windows-TaskScheduler/Operational,2756,4,,,A415651E-256B-4FF8-A69E-21ED53C0CFC7,,,,,,,,,\Microsoft\Windows\CertificateServicesClient\SystemTask,NT AUTHORITY\SYSTEM,,TaskStartEvent
2026-05-17T16:15:16.116738Z,200,dc.scaffold.htb,Microsoft-Windows-TaskScheduler,Microsoft-Windows-TaskScheduler/Operational,2757,4,Certificate Services Client Task Handler,4868,,,,,,,,,A415651E-256B-4FF8-A69E-21ED53C0CFC7,\Microsoft\Windows\CertificateServicesClient\SystemTask,,,ActionStart
2026-05-17T16:15:45.530966Z,201,dc.scaffold.htb,Microsoft-Windows-TaskScheduler,Microsoft-Windows-TaskScheduler/Operational,2758,4,%SystemRoot%\System32\dsregcmd.exe,2724,,,,,,,0,,D5744AC2-031E-41F5-953D-C7AEE4732172,\Microsoft\Windows\Workplace Join\Automatic-Device-Join,,,ActionSuccess
2026-05-17T16:15:45.531107Z,102,dc.scaffold.htb,Microsoft-Windows-TaskScheduler,Microsoft-Windows-TaskScheduler/Operational,2759,4,,,D5744AC2-031E-41F5-953D-C7AEE4732172,,,,,,,,,\Microsoft\Windows\Workplace Join\Automatic-Device-Join,NT AUTHORITY\SYSTEM,,TaskSuccessEvent
2026-05-17T16:15:55.393332Z,201,dc.scaffold.htb,Microsoft-Windows-TaskScheduler,Microsoft-Windows-TaskScheduler/Operational,2760,4,Certificate Services Client Task Handler,4868,,,,,,,0,,A415651E-256B-4FF8-A69E-21ED53C0CFC7,\Microsoft\Windows\CertificateServicesClient\SystemTask,,,ActionSuccess
2026-05-17T16:15:55.393333Z,102,dc.scaffold.htb,Microsoft-Windows-TaskScheduler,Microsoft-Windows-TaskScheduler/Operational,2761,4,,,A415651E-256B-4FF8-A69E-21ED53C0CFC7,,,,,,,,,\Microsoft\Windows\CertificateServicesClient\SystemTask,NT AUTHORITY\SYSTEM,,TaskSuccessEvent
2026-05-17T16:16:06.108527Z,118,dc.scaffold.htb,Microsoft-Windows-TaskScheduler,Microsoft-Windows-TaskScheduler/Operational,2762,4,,,E234546C-958C-4B98-B793-0E8719A54AEA,,,,,,,,,\Microsoft\Windows\Software Inventory Logging\Configuration,,,BootTrigger
2026-05-17T16:16:06.108631Z,118,dc.scaffold.htb,Microsoft-Windows-TaskScheduler,Microsoft-Windows-TaskScheduler/Operational,2763,4,,,F2A3CC88-1C80-47AC-8C01-9D488CF5F1EB,,,,,,,,,\Microsoft\Windows\DirectX\DXGIAdapterCache,,,BootTrigger
2026-05-17T16:16:06.112183Z,129,dc.scaffold.htb,Microsoft-Windows-TaskScheduler,Microsoft-Windows-TaskScheduler/Operational,2764,4,,,,,%windir%\system32\dxgiadaptercache.exe,16384,2508,,,,,\Microsoft\Windows\DirectX\DXGIAdapterCache,,,CreatedTaskProcess
2026-05-17T16:16:06.112286Z,129,dc.scaffold.htb,Microsoft-Windows-TaskScheduler,Microsoft-Windows-TaskScheduler/Operational,2765,4,,,,,%systemroot%\system32\cmd.exe,16384,4116,,,,,\Microsoft\Windows\Software Inventory Logging\Configuration,,,CreatedTaskProcess
2026-05-17T16:16:06.112396Z,100,dc.scaffold.htb,Microsoft-Windows-TaskScheduler,Microsoft-Windows-TaskScheduler/Operational,2766,4,,,F2A3CC88-1C80-47AC-8C01-9D488CF5F1EB,,,,,,,,,\Microsoft\Windows\DirectX\DXGIAdapterCache,NT AUTHORITY\SYSTEM,,TaskStartEvent
2026-05-17T16:16:06.112399Z,200,dc.scaffold.htb,Microsoft-Windows-TaskScheduler,Microsoft-Windows-TaskScheduler/Operational,2767,4,%windir%\system32\dxgiadaptercache.exe,2508,,,,,,,,,F2A3CC88-1C80-47AC-8C01-9D488CF5F1EB,\Microsoft\Windows\DirectX\DXGIAdapterCache,,,ActionStart
2026-05-17T16:16:06.112489Z,100,dc.scaffold.htb,Microsoft-Windows-TaskScheduler,Microsoft-Windows-TaskScheduler/Operational,2768,4,,,E234546C-958C-4B98-B793-0E8719A54AEA,,,,,,,,,\Microsoft\Windows\Software Inventory Logging\Configuration,NT AUTHORITY\SYSTEM,,TaskStartEvent
2026-05-17T16:16:06.112491Z,200,dc.scaffold.htb,Microsoft-Windows-TaskScheduler,Microsoft-Windows-TaskScheduler/Operational,2769,4,%systemroot%\system32\cmd.exe,4116,,,,,,,,,E234546C-958C-4B98-B793-0E8719A54AEA,\Microsoft\Windows\Software Inventory Logging\Configuration,,,ActionStart
2026-05-17T16:16:06.131529Z,201,dc.scaffold.htb,Microsoft-Windows-TaskScheduler,Microsoft-Windows-TaskScheduler/Operational,2770,4,%windir%\system32\dxgiadaptercache.exe,2508,,,,,,,0,,F2A3CC88-1C80-47AC-8C01-9D488CF5F1EB,\Microsoft\Windows\DirectX\DXGIAdapterCache,,,ActionSuccess
2026-05-17T16:16:06.131620Z,102,dc.scaffold.htb,Microsoft-Windows-TaskScheduler,Microsoft-Windows-TaskScheduler/Operational,2771,4,,,F2A3CC88-1C80-47AC-8C01-9D488CF5F1EB,,,,,,,,,\Microsoft\Windows\DirectX\DXGIAdapterCache,NT AUTHORITY\SYSTEM,,TaskSuccessEvent
2026-05-17T16:16:06.155423Z,201,dc.scaffold.htb,Microsoft-Windows-TaskScheduler,Microsoft-Windows-TaskScheduler/Operational,2772,4,%systemroot%\system32\cmd.exe,4116,,,,,,,0,,E234546C-958C-4B98-B793-0E8719A54AEA,\Microsoft\Windows\Software Inventory Logging\Configuration,,,ActionSuccess
2026-05-17T16:16:06.155586Z,102,dc.scaffold.htb,Microsoft-Windows-TaskScheduler,Microsoft-Windows-TaskScheduler/Operational,2773,4,,,E234546C-958C-4B98-B793-0E8719A54AEA,,,,,,,,,\Microsoft\Windows\Software Inventory Logging\Configuration,NT AUTHORITY\SYSTEM,,TaskSuccessEvent
2026-05-17T16:17:04.734227Z,119,dc.scaffold.htb,Microsoft-Windows-TaskScheduler,Microsoft-Windows-TaskScheduler/Operational,2774,4,,,69E6C13F-6261-4281-B85A-2DC65EEF182A,,,,,,,,,\Microsoft\Windows\Server Manager\ServerManager,,SCAFFOLD\Administrator,LogonTrigger
2026-05-17T16:17:04.735348Z,119,dc.scaffold.htb,Microsoft-Windows-TaskScheduler,Microsoft-Windows-TaskScheduler/Operational,2775,4,,,0AA5C5F5-D439-45A1-9C53-C147D0D68690,,,,,,,,,\Microsoft\Windows\TextServicesFramework\MsCtfMonitor,,SCAFFOLD\Administrator,LogonTrigger
2026-05-17T16:17:04.735784Z,119,dc.scaffold.htb,Microsoft-Windows-TaskScheduler,Microsoft-Windows-TaskScheduler/Operational,2776,4,,,53A337B9-ED2A-4AF6-9C24-31DF7DD9607C,,,,,,,,,\Microsoft\Windows\WindowsColorSystem\Calibration Loader,,SCAFFOLD\Administrator,LogonTrigger
2026-05-17T16:17:04.736597Z,119,dc.scaffold.htb,Microsoft-Windows-TaskScheduler,Microsoft-Windows-TaskScheduler/Operational,2777,4,,,54665B98-9A06-4300-944F-73B23FE8F52D,,,,,,,,,\Microsoft\Windows\Wininet\CacheTask,,SCAFFOLD\Administrator,LogonTrigger
2026-05-17T16:17:04.737917Z,119,dc.scaffold.htb,Microsoft-Windows-TaskScheduler,Microsoft-Windows-TaskScheduler/Operational,2778,4,,,0E91396E-1A1F-4E0D-AEDD-347499455D8B,,,,,,,,,\Microsoft\Windows\CertificateServicesClient\UserTask,,SCAFFOLD\Administrator,LogonTrigger
2026-05-17T16:17:04.737931Z,129,dc.scaffold.htb,Microsoft-Windows-TaskScheduler,Microsoft-Windows-TaskScheduler/Operational,2779,4,,,,,%windir%\system32\ServerManagerLauncher.exe,32,468,,,,,\Microsoft\Windows\Server Manager\ServerManager,,,CreatedTaskProcess
2026-05-17T16:17:04.738116Z,100,dc.scaffold.htb,Microsoft-Windows-TaskScheduler,Microsoft-Windows-TaskScheduler/Operational,2780,4,,,69E6C13F-6261-4281-B85A-2DC65EEF182A,,,,,,,,,\Microsoft\Windows\Server Manager\ServerManager,SCAFFOLD\Administrator,,TaskStartEvent
2026-05-17T16:17:04.738117Z,200,dc.scaffold.htb,Microsoft-Windows-TaskScheduler,Microsoft-Windows-TaskScheduler/Operational,2781,4,%windir%\system32\ServerManagerLauncher.exe,468,,,,,,,,,69E6C13F-6261-4281-B85A-2DC65EEF182A,\Microsoft\Windows\Server Manager\ServerManager,,,ActionStart
2026-05-17T16:17:04.739322Z,129,dc.scaffold.htb,Microsoft-Windows-TaskScheduler,Microsoft-Windows-TaskScheduler/Operational,2782,4,,,,,taskhostw.exe,32,2780,,,,,\Microsoft\Windows\TextServicesFramework\MsCtfMonitor,,,CreatedTaskProcess
2026-05-17T16:17:04.740347Z,100,dc.scaffold.htb,Microsoft-Windows-TaskScheduler,Microsoft-Windows-TaskScheduler/Operational,2783,4,,,0AA5C5F5-D439-45A1-9C53-C147D0D68690,,,,,,,,,\Microsoft\Windows\TextServicesFramework\MsCtfMonitor,SCAFFOLD\Administrator,,TaskStartEvent
2026-05-17T16:17:04.740349Z,200,dc.scaffold.htb,Microsoft-Windows-TaskScheduler,Microsoft-Windows-TaskScheduler/Operational,2784,4,MsCtfMonitor task handler,2780,,,,,,,,,0AA5C5F5-D439-45A1-9C53-C147D0D68690,\Microsoft\Windows\TextServicesFramework\MsCtfMonitor,,,ActionStart
2026-05-17T16:17:04.740580Z,119,dc.scaffold.htb,Microsoft-Windows-TaskScheduler,Microsoft-Windows-TaskScheduler/Operational,2785,4,,,F93977EB-A8A6-4AE4-8DF2-E83B47D47964,,,,,,,,,\Microsoft\Windows\Plug and Play\Device Install Reboot Required,,SCAFFOLD\Administrator,LogonTrigger
2026-05-17T16:17:04.740963Z,119,dc.scaffold.htb,Microsoft-Windows-TaskScheduler,Microsoft-Windows-TaskScheduler/Operational,2786,4,,,54FBB346-E502-4275-8493-A8C6A09C6B0C,,,,,,,,,\MicrosoftEdgeUpdateTaskMachineCore,,SCAFFOLD\Administrator,LogonTrigger
2026-05-17T16:17:04.744299Z,129,dc.scaffold.htb,Microsoft-Windows-TaskScheduler,Microsoft-Windows-TaskScheduler/Operational,2787,4,,,,,taskhostw.exe,32,5656,,,,,\Microsoft\Windows\Plug and Play\Device Install Reboot Required,,,CreatedTaskProcess
2026-05-17T16:17:04.745073Z,100,dc.scaffold.htb,Microsoft-Windows-TaskScheduler,Microsoft-Windows-TaskScheduler/Operational,2788,4,,,F93977EB-A8A6-4AE4-8DF2-E83B47D47964,,,,,,,,,\Microsoft\Windows\Plug and Play\Device Install Reboot Required,SCAFFOLD\Administrator,,TaskStartEvent
2026-05-17T16:17:04.745075Z,200,dc.scaffold.htb,Microsoft-Windows-TaskScheduler,Microsoft-Windows-TaskScheduler/Operational,2789,4,Device Installation Reboot Dialog Task,5656,,,,,,,,,F93977EB-A8A6-4AE4-8DF2-E83B47D47964,\Microsoft\Windows\Plug and Play\Device Install Reboot Required,,,ActionStart
2026-05-17T16:17:04.745211Z,119,dc.scaffold.htb,Microsoft-Windows-TaskScheduler,Microsoft-Windows-TaskScheduler/Operational,2790,4,,,B3C32AA7-926F-4D06-80E8-E924B9E13B5E,,,,,,,,,\Microsoft\Windows\SoftwareProtectionPlatform\SvcRestartTaskLogon,,SCAFFOLD\Administrator,LogonTrigger
2026-05-17T16:17:04.756427Z,129,dc.scaffold.htb,Microsoft-Windows-TaskScheduler,Microsoft-Windows-TaskScheduler/Operational,2791,4,,,,,taskhostw.exe,32,4116,,,,,\Microsoft\Windows\SoftwareProtectionPlatform\SvcRestartTaskLogon,,,CreatedTaskProcess
2026-05-17T16:17:04.756850Z,100,dc.scaffold.htb,Microsoft-Windows-TaskScheduler,Microsoft-Windows-TaskScheduler/Operational,2792,4,,,B3C32AA7-926F-4D06-80E8-E924B9E13B5E,,,,,,,,,\Microsoft\Windows\SoftwareProtectionPlatform\SvcRestartTaskLogon,SCAFFOLD\Administrator,,TaskStartEvent
2026-05-17T16:17:04.756852Z,200,dc.scaffold.htb,Microsoft-Windows-TaskScheduler,Microsoft-Windows-TaskScheduler/Operational,2793,4,SppSvcRestartTaskHandler Class,4116,,,,,,,,,B3C32AA7-926F-4D06-80E8-E924B9E13B5E,\Microsoft\Windows\SoftwareProtectionPlatform\SvcRestartTaskLogon,,,ActionStart
2026-05-17T16:17:04.764195Z,129,dc.scaffold.htb,Microsoft-Windows-TaskScheduler,Microsoft-Windows-TaskScheduler/Operational,2794,4,,,,,C:\Program Files (x86)\Microsoft\EdgeUpdate\MicrosoftEdgeUpdate.exe,32,5728,,,,,\MicrosoftEdgeUpdateTaskMachineCore,,,CreatedTaskProcess
2026-05-17T16:17:04.764322Z,100,dc.scaffold.htb,Microsoft-Windows-TaskScheduler,Microsoft-Windows-TaskScheduler/Operational,2795,4,,,54FBB346-E502-4275-8493-A8C6A09C6B0C,,,,,,,,,\MicrosoftEdgeUpdateTaskMachineCore,NT AUTHORITY\SYSTEM,,TaskStartEvent
2026-05-17T16:17:04.764323Z,200,dc.scaffold.htb,Microsoft-Windows-TaskScheduler,Microsoft-Windows-TaskScheduler/Operational,2796,4,C:\Program Files (x86)\Microsoft\EdgeUpdate\MicrosoftEdgeUpdate.exe,5728,,,,,,,,,54FBB346-E502-4275-8493-A8C6A09C6B0C,\MicrosoftEdgeUpdateTaskMachineCore,,,ActionStart
2026-05-17T16:17:04.807228Z,201,dc.scaffold.htb,Microsoft-Windows-TaskScheduler,Microsoft-Windows-TaskScheduler/Operational,2797,4,SppSvcRestartTaskHandler Class,4116,,,,,,,0,,B3C32AA7-926F-4D06-80E8-E924B9E13B5E,\Microsoft\Windows\SoftwareProtectionPlatform\SvcRestartTaskLogon,,,ActionSuccess
2026-05-17T16:17:04.807229Z,102,dc.scaffold.htb,Microsoft-Windows-TaskScheduler,Microsoft-Windows-TaskScheduler/Operational,2798,4,,,B3C32AA7-926F-4D06-80E8-E924B9E13B5E,,,,,,,,,\Microsoft\Windows\SoftwareProtectionPlatform\SvcRestartTaskLogon,SCAFFOLD\Administrator,,TaskSuccessEvent
2026-05-17T16:17:04.814226Z,201,dc.scaffold.htb,Microsoft-Windows-TaskScheduler,Microsoft-Windows-TaskScheduler/Operational,2799,4,MsCtfMonitor task handler,2780,,,,,,,0,,0AA5C5F5-D439-45A1-9C53-C147D0D68690,\Microsoft\Windows\TextServicesFramework\MsCtfMonitor,,,ActionSuccess
2026-05-17T16:17:04.814227Z,102,dc.scaffold.htb,Microsoft-Windows-TaskScheduler,Microsoft-Windows-TaskScheduler/Operational,2800,4,,,0AA5C5F5-D439-45A1-9C53-C147D0D68690,,,,,,,,,\Microsoft\Windows\TextServicesFramework\MsCtfMonitor,SCAFFOLD\Administrator,,TaskSuccessEvent
2026-05-17T16:17:04.845399Z,129,dc.scaffold.htb,Microsoft-Windows-TaskScheduler,Microsoft-Windows-TaskScheduler/Operational,2801,4,,,,,taskhostw.exe,32,3312,,,,,\Microsoft\Windows\WindowsColorSystem\Calibration Loader,,,CreatedTaskProcess
