2026-05-17T13:53:13.220108Z,200,dc.scaffold.htb,Microsoft-Windows-TaskScheduler,Microsoft-Windows-TaskScheduler/Operational,1871,4,%windir%\system32\dxgiadaptercache.exe,1124,,,,,,,,,913D5E32-3834-4948-892F-D2D8B782DB15,\Microsoft\Windows\DirectX\DXGIAdapterCache,,,ActionStart
2026-05-17T13:53:13.236548Z,201,dc.scaffold.htb,Microsoft-Windows-TaskScheduler,Microsoft-Windows-TaskScheduler/Operational,1872,4,%windir%\system32\dxgiadaptercache.exe,1124,,,,,,,0,,913D5E32-3834-4948-892F-D2D8B782DB15,\Microsoft\Windows\DirectX\DXGIAdapterCache,,,ActionSuccess
2026-05-17T13:53:13.236681Z,102,dc.scaffold.htb,Microsoft-Windows-TaskScheduler,Microsoft-Windows-TaskScheduler/Operational,1873,4,,,913D5E32-3834-4948-892F-D2D8B782DB15,,,,,,,,,\Microsoft\Windows\DirectX\DXGIAdapterCache,NT AUTHORITY\SYSTEM,,TaskSuccessEvent
2026-05-17T13:53:13.264483Z,201,dc.scaffold.htb,Microsoft-Windows-TaskScheduler,Microsoft-Windows-TaskScheduler/Operational,1874,4,%systemroot%\system32\cmd.exe,1048,,,,,,,0,,4B93CBD1-4D9E-42E2-B797-33C6566C4D59,\Microsoft\Windows\Software Inventory Logging\Configuration,,,ActionSuccess
2026-05-17T13:53:13.264670Z,102,dc.scaffold.htb,Microsoft-Windows-TaskScheduler,Microsoft-Windows-TaskScheduler/Operational,1875,4,,,4B93CBD1-4D9E-42E2-B797-33C6566C4D59,,,,,,,,,\Microsoft\Windows\Software Inventory Logging\Configuration,NT AUTHORITY\SYSTEM,,TaskSuccessEvent
2026-05-17T13:53:20.400526Z,142,dc.scaffold.htb,Microsoft-Windows-TaskScheduler,Microsoft-Windows-TaskScheduler/Operational,1876,4,,,,,,,,,,,,\Microsoft\Windows\SoftwareProtectionPlatform\SvcRestartTask,,NETWORK SERVICE,TaskDisabled
2026-05-17T13:53:21.793470Z,119,dc.scaffold.htb,Microsoft-Windows-TaskScheduler,Microsoft-Windows-TaskScheduler/Operational,1877,4,,,710A28CB-852E-450C-8F6B-D682C74585E1,,,,,,,,,\Microsoft\Windows\Server Manager\ServerManager,,SCAFFOLD\Administrator,LogonTrigger
2026-05-17T13:53:21.793765Z,119,dc.scaffold.htb,Microsoft-Windows-TaskScheduler,Microsoft-Windows-TaskScheduler/Operational,1878,4,,,5F0693B5-9195-4A86-B73F-1B6D22F3F6E8,,,,,,,,,\Microsoft\Windows\TextServicesFramework\MsCtfMonitor,,SCAFFOLD\Administrator,LogonTrigger
2026-05-17T13:53:21.794102Z,119,dc.scaffold.htb,Microsoft-Windows-TaskScheduler,Microsoft-Windows-TaskScheduler/Operational,1879,4,,,1AE3182F-EA9B-4134-A648-42150DDC8A2A,,,,,,,,,\Microsoft\Windows\CertificateServicesClient\UserTask,,SCAFFOLD\Administrator,LogonTrigger
2026-05-17T13:53:21.794706Z,119,dc.scaffold.htb,Microsoft-Windows-TaskScheduler,Microsoft-Windows-TaskScheduler/Operational,1880,4,,,0CAA3C55-4D73-40D9-B2D9-DD250922053B,,,,,,,,,\Microsoft\Windows\Wininet\CacheTask,,SCAFFOLD\Administrator,LogonTrigger
2026-05-17T13:53:21.795828Z,129,dc.scaffold.htb,Microsoft-Windows-TaskScheduler,Microsoft-Windows-TaskScheduler/Operational,1881,4,,,,,taskhostw.exe,32,1812,,,,,\Microsoft\Windows\TextServicesFramework\MsCtfMonitor,,,CreatedTaskProcess
2026-05-17T13:53:21.796206Z,100,dc.scaffold.htb,Microsoft-Windows-TaskScheduler,Microsoft-Windows-TaskScheduler/Operational,1882,4,,,5F0693B5-9195-4A86-B73F-1B6D22F3F6E8,,,,,,,,,\Microsoft\Windows\TextServicesFramework\MsCtfMonitor,SCAFFOLD\Administrator,,TaskStartEvent
2026-05-17T13:53:21.796208Z,200,dc.scaffold.htb,Microsoft-Windows-TaskScheduler,Microsoft-Windows-TaskScheduler/Operational,1883,4,MsCtfMonitor task handler,1812,,,,,,,,,5F0693B5-9195-4A86-B73F-1B6D22F3F6E8,\Microsoft\Windows\TextServicesFramework\MsCtfMonitor,,,ActionStart
2026-05-17T13:53:21.796230Z,119,dc.scaffold.htb,Microsoft-Windows-TaskScheduler,Microsoft-Windows-TaskScheduler/Operational,1884,4,,,E1BA4C36-824C-4E75-B3C4-B34F58C930C6,,,,,,,,,\Microsoft\Windows\WindowsColorSystem\Calibration Loader,,SCAFFOLD\Administrator,LogonTrigger
2026-05-17T13:53:21.796897Z,129,dc.scaffold.htb,Microsoft-Windows-TaskScheduler,Microsoft-Windows-TaskScheduler/Operational,1885,4,,,,,%windir%\system32\ServerManagerLauncher.exe,32,1304,,,,,\Microsoft\Windows\Server Manager\ServerManager,,,CreatedTaskProcess
2026-05-17T13:53:21.797151Z,100,dc.scaffold.htb,Microsoft-Windows-TaskScheduler,Microsoft-Windows-TaskScheduler/Operational,1886,4,,,710A28CB-852E-450C-8F6B-D682C74585E1,,,,,,,,,\Microsoft\Windows\Server Manager\ServerManager,SCAFFOLD\Administrator,,TaskStartEvent
2026-05-17T13:53:21.797153Z,200,dc.scaffold.htb,Microsoft-Windows-TaskScheduler,Microsoft-Windows-TaskScheduler/Operational,1887,4,%windir%\system32\ServerManagerLauncher.exe,1304,,,,,,,,,710A28CB-852E-450C-8F6B-D682C74585E1,\Microsoft\Windows\Server Manager\ServerManager,,,ActionStart
2026-05-17T13:53:21.797718Z,119,dc.scaffold.htb,Microsoft-Windows-TaskScheduler,Microsoft-Windows-TaskScheduler/Operational,1888,4,,,41A07DC8-54EA-4A76-9A42-80FD69127CBF,,,,,,,,,\MicrosoftEdgeUpdateTaskMachineCore,,SCAFFOLD\Administrator,LogonTrigger
2026-05-17T13:53:21.797784Z,129,dc.scaffold.htb,Microsoft-Windows-TaskScheduler,Microsoft-Windows-TaskScheduler/Operational,1889,4,,,,,taskhostw.exe,32,2224,,,,,\Microsoft\Windows\WindowsColorSystem\Calibration Loader,,,CreatedTaskProcess
2026-05-17T13:53:21.798053Z,100,dc.scaffold.htb,Microsoft-Windows-TaskScheduler,Microsoft-Windows-TaskScheduler/Operational,1890,4,,,E1BA4C36-824C-4E75-B3C4-B34F58C930C6,,,,,,,,,\Microsoft\Windows\WindowsColorSystem\Calibration Loader,SCAFFOLD\Administrator,,TaskStartEvent
2026-05-17T13:53:21.798054Z,200,dc.scaffold.htb,Microsoft-Windows-TaskScheduler,Microsoft-Windows-TaskScheduler/Operational,1891,4,Color Calibration Loader,2224,,,,,,,,,E1BA4C36-824C-4E75-B3C4-B34F58C930C6,\Microsoft\Windows\WindowsColorSystem\Calibration Loader,,,ActionStart
2026-05-17T13:53:21.798744Z,119,dc.scaffold.htb,Microsoft-Windows-TaskScheduler,Microsoft-Windows-TaskScheduler/Operational,1892,4,,,03B2C9B5-0D64-46CF-80D7-07DF872A172A,,,,,,,,,\Microsoft\Windows\SoftwareProtectionPlatform\SvcRestartTaskLogon,,SCAFFOLD\Administrator,LogonTrigger
2026-05-17T13:53:21.798819Z,100,dc.scaffold.htb,Microsoft-Windows-TaskScheduler,Microsoft-Windows-TaskScheduler/Operational,1893,4,,,03B2C9B5-0D64-46CF-80D7-07DF872A172A,,,,,,,,,\Microsoft\Windows\SoftwareProtectionPlatform\SvcRestartTaskLogon,SCAFFOLD\Administrator,,TaskStartEvent
2026-05-17T13:53:21.798820Z,200,dc.scaffold.htb,Microsoft-Windows-TaskScheduler,Microsoft-Windows-TaskScheduler/Operational,1894,4,SppSvcRestartTaskHandler Class,2224,,,,,,,,,03B2C9B5-0D64-46CF-80D7-07DF872A172A,\Microsoft\Windows\SoftwareProtectionPlatform\SvcRestartTaskLogon,,,ActionStart
2026-05-17T13:53:21.799761Z,119,dc.scaffold.htb,Microsoft-Windows-TaskScheduler,Microsoft-Windows-TaskScheduler/Operational,1895,4,,,E3585722-23C1-4987-958A-8C6137E8E9F6,,,,,,,,,\Microsoft\Windows\Plug and Play\Device Install Reboot Required,,SCAFFOLD\Administrator,LogonTrigger
2026-05-17T13:53:21.801807Z,129,dc.scaffold.htb,Microsoft-Windows-TaskScheduler,Microsoft-Windows-TaskScheduler/Operational,1896,4,,,,,taskhostw.exe,32,2304,,,,,\Microsoft\Windows\Plug and Play\Device Install Reboot Required,,,CreatedTaskProcess
2026-05-17T13:53:21.802503Z,100,dc.scaffold.htb,Microsoft-Windows-TaskScheduler,Microsoft-Windows-TaskScheduler/Operational,1897,4,,,E3585722-23C1-4987-958A-8C6137E8E9F6,,,,,,,,,\Microsoft\Windows\Plug and Play\Device Install Reboot Required,SCAFFOLD\Administrator,,TaskStartEvent
2026-05-17T13:53:21.802570Z,200,dc.scaffold.htb,Microsoft-Windows-TaskScheduler,Microsoft-Windows-TaskScheduler/Operational,1898,4,Device Installation Reboot Dialog Task,2304,,,,,,,,,E3585722-23C1-4987-958A-8C6137E8E9F6,\Microsoft\Windows\Plug and Play\Device Install Reboot Required,,,ActionStart
2026-05-17T13:53:21.823463Z,129,dc.scaffold.htb,Microsoft-Windows-TaskScheduler,Microsoft-Windows-TaskScheduler/Operational,1899,4,,,,,C:\Program Files (x86)\Microsoft\EdgeUpdate\MicrosoftEdgeUpdate.exe,32,1540,,,,,\MicrosoftEdgeUpdateTaskMachineCore,,,CreatedTaskProcess
2026-05-17T13:53:21.823788Z,100,dc.scaffold.htb,Microsoft-Windows-TaskScheduler,Microsoft-Windows-TaskScheduler/Operational,1900,4,,,41A07DC8-54EA-4A76-9A42-80FD69127CBF,,,,,,,,,\MicrosoftEdgeUpdateTaskMachineCore,NT AUTHORITY\SYSTEM,,TaskStartEvent
2026-05-17T13:53:21.823790Z,200,dc.scaffold.htb,Microsoft-Windows-TaskScheduler,Microsoft-Windows-TaskScheduler/Operational,1901,4,C:\Program Files (x86)\Microsoft\EdgeUpdate\MicrosoftEdgeUpdate.exe,1540,,,,,,,,,41A07DC8-54EA-4A76-9A42-80FD69127CBF,\MicrosoftEdgeUpdateTaskMachineCore,,,ActionStart
2026-05-17T13:53:21.838506Z,201,dc.scaffold.htb,Microsoft-Windows-TaskScheduler,Microsoft-Windows-TaskScheduler/Operational,1902,4,SppSvcRestartTaskHandler Class,2224,,,,,,,0,,03B2C9B5-0D64-46CF-80D7-07DF872A172A,\Microsoft\Windows\SoftwareProtectionPlatform\SvcRestartTaskLogon,,,ActionSuccess
2026-05-17T13:53:21.838507Z,102,dc.scaffold.htb,Microsoft-Windows-TaskScheduler,Microsoft-Windows-TaskScheduler/Operational,1903,4,,,03B2C9B5-0D64-46CF-80D7-07DF872A172A,,,,,,,,,\Microsoft\Windows\SoftwareProtectionPlatform\SvcRestartTaskLogon,SCAFFOLD\Administrator,,TaskSuccessEvent
2026-05-17T13:53:21.864381Z,201,dc.scaffold.htb,Microsoft-Windows-TaskScheduler,Microsoft-Windows-TaskScheduler/Operational,1904,4,MsCtfMonitor task handler,1812,,,,,,,0,,5F0693B5-9195-4A86-B73F-1B6D22F3F6E8,\Microsoft\Windows\TextServicesFramework\MsCtfMonitor,,,ActionSuccess
2026-05-17T13:53:21.864383Z,102,dc.scaffold.htb,Microsoft-Windows-TaskScheduler,Microsoft-Windows-TaskScheduler/Operational,1905,4,,,5F0693B5-9195-4A86-B73F-1B6D22F3F6E8,,,,,,,,,\Microsoft\Windows\TextServicesFramework\MsCtfMonitor,SCAFFOLD\Administrator,,TaskSuccessEvent
2026-05-17T13:53:21.901048Z,100,dc.scaffold.htb,Microsoft-Windows-TaskScheduler,Microsoft-Windows-TaskScheduler/Operational,1906,4,,,1AE3182F-EA9B-4134-A648-42150DDC8A2A,,,,,,,,,\Microsoft\Windows\CertificateServicesClient\UserTask,SCAFFOLD\Administrator,,TaskStartEvent
2026-05-17T13:53:21.901050Z,200,dc.scaffold.htb,Microsoft-Windows-TaskScheduler,Microsoft-Windows-TaskScheduler/Operational,1907,4,Certificate Services Client Task Handler,2224,,,,,,,,,1AE3182F-EA9B-4134-A648-42150DDC8A2A,\Microsoft\Windows\CertificateServicesClient\UserTask,,,ActionStart
2026-05-17T13:53:21.906354Z,129,dc.scaffold.htb,Microsoft-Windows-TaskScheduler,Microsoft-Windows-TaskScheduler/Operational,1908,4,,,,,taskhostw.exe,32,4856,,,,,\Microsoft\Windows\Wininet\CacheTask,,,CreatedTaskProcess
2026-05-17T13:53:21.906565Z,100,dc.scaffold.htb,Microsoft-Windows-TaskScheduler,Microsoft-Windows-TaskScheduler/Operational,1909,4,,,0CAA3C55-4D73-40D9-B2D9-DD250922053B,,,,,,,,,\Microsoft\Windows\Wininet\CacheTask,SCAFFOLD\Administrator,,TaskStartEvent
2026-05-17T13:53:21.906567Z,200,dc.scaffold.htb,Microsoft-Windows-TaskScheduler,Microsoft-Windows-TaskScheduler/Operational,1910,4,Wininet Cache task object,4856,,,,,,,,,0CAA3C55-4D73-40D9-B2D9-DD250922053B,\Microsoft\Windows\Wininet\CacheTask,,,ActionStart
2026-05-17T13:53:22.075670Z,141,dc.scaffold.htb,Microsoft-Windows-TaskScheduler,Microsoft-Windows-TaskScheduler/Operational,1911,4,,,,,,,,,,,,\CreateExplorerShellUnelevatedTask,,SCAFFOLD\Administrator,TaskDeleted
2026-05-17T13:53:22.082985Z,106,dc.scaffold.htb,Microsoft-Windows-TaskScheduler,Microsoft-Windows-TaskScheduler/Operational,1912,4,,,,,,,,,,,,\CreateExplorerShellUnelevatedTask,SCAFFOLD\Administrator,,TaskRegisteredEvent
2026-05-17T13:53:22.082985Z,140,dc.scaffold.htb,Microsoft-Windows-TaskScheduler,Microsoft-Windows-TaskScheduler/Operational,1913,4,,,,,,,,,,,,\CreateExplorerShellUnelevatedTask,,SCAFFOLD\Administrator,TaskUpdated
2026-05-17T13:53:22.083672Z,109,dc.scaffold.htb,Microsoft-Windows-TaskScheduler,Microsoft-Windows-TaskScheduler/Operational,1914,4,,,C7D9C6C1-E629-441A-B286-9EE3E5CC4BAF,,,,,,,,,\CreateExplorerShellUnelevatedTask,,,RegistrationTriggerEvent
2026-05-17T13:53:22.087222Z,129,dc.scaffold.htb,Microsoft-Windows-TaskScheduler,Microsoft-Windows-TaskScheduler/Operational,1915,4,,,,,C:\Windows\Explorer.EXE,32,6296,,,,,\CreateExplorerShellUnelevatedTask,,,CreatedTaskProcess
2026-05-17T13:53:22.088288Z,100,dc.scaffold.htb,Microsoft-Windows-TaskScheduler,Microsoft-Windows-TaskScheduler/Operational,1916,4,,,C7D9C6C1-E629-441A-B286-9EE3E5CC4BAF,,,,,,,,,\CreateExplorerShellUnelevatedTask,SCAFFOLD\Administrator,,TaskStartEvent
2026-05-17T13:53:22.088290Z,200,dc.scaffold.htb,Microsoft-Windows-TaskScheduler,Microsoft-Windows-TaskScheduler/Operational,1917,4,C:\Windows\Explorer.EXE,6296,,,,,,,,,C7D9C6C1-E629-441A-B286-9EE3E5CC4BAF,\CreateExplorerShellUnelevatedTask,,,ActionStart
2026-05-17T13:53:22.263311Z,201,dc.scaffold.htb,Microsoft-Windows-TaskScheduler,Microsoft-Windows-TaskScheduler/Operational,1918,4,Certificate Services Client Task Handler,2224,,,,,,,0,,1AE3182F-EA9B-4134-A648-42150DDC8A2A,\Microsoft\Windows\CertificateServicesClient\UserTask,,,ActionSuccess
2026-05-17T13:53:22.263312Z,102,dc.scaffold.htb,Microsoft-Windows-TaskScheduler,Microsoft-Windows-TaskScheduler/Operational,1919,4,,,1AE3182F-EA9B-4134-A648-42150DDC8A2A,,,,,,,,,\Microsoft\Windows\CertificateServicesClient\UserTask,SCAFFOLD\Administrator,,TaskSuccessEvent
2026-05-17T13:53:22.302306Z,201,dc.scaffold.htb,Microsoft-Windows-TaskScheduler,Microsoft-Windows-TaskScheduler/Operational,1920,4,Device Installation Reboot Dialog Task,2304,,,,,,,0,,E3585722-23C1-4987-958A-8C6137E8E9F6,\Microsoft\Windows\Plug and Play\Device Install Reboot Required,,,ActionSuccess
2026-05-17T13:53:22.302307Z,102,dc.scaffold.htb,Microsoft-Windows-TaskScheduler,Microsoft-Windows-TaskScheduler/Operational,1921,4,,,E3585722-23C1-4987-958A-8C6137E8E9F6,,,,,,,,,\Microsoft\Windows\Plug and Play\Device Install Reboot Required,SCAFFOLD\Administrator,,TaskSuccessEvent
2026-05-17T13:53:22.425100Z,201,dc.scaffold.htb,Microsoft-Windows-TaskScheduler,Microsoft-Windows-TaskScheduler/Operational,1922,4,Color Calibration Loader,2224,,,,,,,0,,E1BA4C36-824C-4E75-B3C4-B34F58C930C6,\Microsoft\Windows\WindowsColorSystem\Calibration Loader,,,ActionSuccess
2026-05-17T13:53:22.425102Z,102,dc.scaffold.htb,Microsoft-Windows-TaskScheduler,Microsoft-Windows-TaskScheduler/Operational,1923,4,,,E1BA4C36-824C-4E75-B3C4-B34F58C930C6,,,,,,,,,\Microsoft\Windows\WindowsColorSystem\Calibration Loader,SCAFFOLD\Administrator,,TaskSuccessEvent
2026-05-17T13:53:23.791681Z,201,dc.scaffold.htb,Microsoft-Windows-TaskScheduler,Microsoft-Windows-TaskScheduler/Operational,1924,4,%windir%\system32\ServerManagerLauncher.exe,1304,,,,,,,0,,710A28CB-852E-450C-8F6B-D682C74585E1,\Microsoft\Windows\Server Manager\ServerManager,,,ActionSuccess
2026-05-17T13:53:23.791981Z,102,dc.scaffold.htb,Microsoft-Windows-TaskScheduler,Microsoft-Windows-TaskScheduler/Operational,1925,4,,,710A28CB-852E-450C-8F6B-D682C74585E1,,,,,,,,,\Microsoft\Windows\Server Manager\ServerManager,SCAFFOLD\Administrator,,TaskSuccessEvent
2026-05-17T13:53:44.950848Z,201,dc.scaffold.htb,Microsoft-Windows-TaskScheduler,Microsoft-Windows-TaskScheduler/Operational,1926,4,C:\Program Files\Windows Defender\MpCmdRun.exe,2788,,,,,,,0,,83534D18-C51B-42C9-AB3F-3E07E2312540,\Microsoft\Windows\Windows Defender\Windows Defender Verification,,,ActionSuccess
2026-05-17T13:53:44.951011Z,102,dc.scaffold.htb,Microsoft-Windows-TaskScheduler,Microsoft-Windows-TaskScheduler/Operational,1927,4,,,83534D18-C51B-42C9-AB3F-3E07E2312540,,,,,,,,,\Microsoft\Windows\Windows Defender\Windows Defender Verification,NT AUTHORITY\SYSTEM,,TaskSuccessEvent
2026-05-17T13:53:51.214529Z,140,dc.scaffold.htb,Microsoft-Windows-TaskScheduler,Microsoft-Windows-TaskScheduler/Operational,1928,4,,,,,,,,,,,,\Microsoft\Windows\Application Experience\PcaPatchDbTask,,SCAFFOLD\DC$,TaskUpdated
2026-05-17T13:53:52.286648Z,119,dc.scaffold.htb,Microsoft-Windows-TaskScheduler,Microsoft-Windows-TaskScheduler/Operational,1929,4,,,E91A61BE-1A53-4944-832B-5A9992E11FBE,,,,,,,,,\Microsoft\Windows\International\Synchronize Language Settings,,SCAFFOLD\Administrator,LogonTrigger
2026-05-17T13:53:52.290458Z,129,dc.scaffold.htb,Microsoft-Windows-TaskScheduler,Microsoft-Windows-TaskScheduler/Operational,1930,4,,,,,taskhostw.exe,32,7480,,,,,\Microsoft\Windows\International\Synchronize Language Settings,,,CreatedTaskProcess
2026-05-17T13:53:52.290948Z,100,dc.scaffold.htb,Microsoft-Windows-TaskScheduler,Microsoft-Windows-TaskScheduler/Operational,1931,4,,,E91A61BE-1A53-4944-832B-5A9992E11FBE,,,,,,,,,\Microsoft\Windows\International\Synchronize Language Settings,SCAFFOLD\Administrator,,TaskStartEvent
2026-05-17T13:53:52.290951Z,200,dc.scaffold.htb,Microsoft-Windows-TaskScheduler,Microsoft-Windows-TaskScheduler/Operational,1932,4,Sync Language Data From Cloud Task,7480,,,,,,,,,E91A61BE-1A53-4944-832B-5A9992E11FBE,\Microsoft\Windows\International\Synchronize Language Settings,,,ActionStart
2026-05-17T13:53:58.888755Z,129,dc.scaffold.htb,Microsoft-Windows-TaskScheduler,Microsoft-Windows-TaskScheduler/Operational,1933,4,,,,,%windir%\system32\wermgr.exe,16384,7292,,,,,\Microsoft\Windows\Windows Error Reporting\QueueReporting,,,CreatedTaskProcess
2026-05-17T13:53:58.888862Z,100,dc.scaffold.htb,Microsoft-Windows-TaskScheduler,Microsoft-Windows-TaskScheduler/Operational,1934,4,,,8280CB7B-835D-4AD9-86F2-3935CA91AC2A,,,,,,,,,\Microsoft\Windows\Windows Error Reporting\QueueReporting,NT AUTHORITY\SYSTEM,,TaskStartEvent
2026-05-17T13:53:58.888863Z,200,dc.scaffold.htb,Microsoft-Windows-TaskScheduler,Microsoft-Windows-TaskScheduler/Operational,1935,4,%windir%\system32\wermgr.exe,7292,,,,,,,,,8280CB7B-835D-4AD9-86F2-3935CA91AC2A,\Microsoft\Windows\Windows Error Reporting\QueueReporting,,,ActionStart
2026-05-17T13:53:58.983866Z,201,dc.scaffold.htb,Microsoft-Windows-TaskScheduler,Microsoft-Windows-TaskScheduler/Operational,1936,4,%windir%\system32\wermgr.exe,7292,,,,,,,0,,8280CB7B-835D-4AD9-86F2-3935CA91AC2A,\Microsoft\Windows\Windows Error Reporting\QueueReporting,,,ActionSuccess
2026-05-17T13:53:58.983997Z,102,dc.scaffold.htb,Microsoft-Windows-TaskScheduler,Microsoft-Windows-TaskScheduler/Operational,1937,4,,,8280CB7B-835D-4AD9-86F2-3935CA91AC2A,,,,,,,,,\Microsoft\Windows\Windows Error Reporting\QueueReporting,NT AUTHORITY\SYSTEM,,TaskSuccessEvent
2026-05-17T13:54:22.304929Z,119,dc.scaffold.htb,Microsoft-Windows-TaskScheduler,Microsoft-Windows-TaskScheduler/Operational,1938,4,,,31A1B24C-2DC7-4FE4-A4B9-ED557F7DBB2F,,,,,,,,,\Microsoft\Windows\Workplace Join\Automatic-Device-Join,,SCAFFOLD\Administrator,LogonTrigger
2026-05-17T13:54:22.309056Z,129,dc.scaffold.htb,Microsoft-Windows-TaskScheduler,Microsoft-Windows-TaskScheduler/Operational,1939,4,,,,,%SystemRoot%\System32\dsregcmd.exe,16384,8016,,,,,\Microsoft\Windows\Workplace Join\Automatic-Device-Join,,,CreatedTaskProcess
2026-05-17T13:54:22.309332Z,100,dc.scaffold.htb,Microsoft-Windows-TaskScheduler,Microsoft-Windows-TaskScheduler/Operational,1940,4,,,31A1B24C-2DC7-4FE4-A4B9-ED557F7DBB2F,,,,,,,,,\Microsoft\Windows\Workplace Join\Automatic-Device-Join,NT AUTHORITY\SYSTEM,,TaskStartEvent
2026-05-17T13:54:22.309335Z,200,dc.scaffold.htb,Microsoft-Windows-TaskScheduler,Microsoft-Windows-TaskScheduler/Operational,1941,4,%SystemRoot%\System32\dsregcmd.exe,8016,,,,,,,,,31A1B24C-2DC7-4FE4-A4B9-ED557F7DBB2F,\Microsoft\Windows\Workplace Join\Automatic-Device-Join,,,ActionStart
2026-05-17T13:54:22.365756Z,201,dc.scaffold.htb,Microsoft-Windows-TaskScheduler,Microsoft-Windows-TaskScheduler/Operational,1942,4,%SystemRoot%\System32\dsregcmd.exe,8016,,,,,,,2147942401,,31A1B24C-2DC7-4FE4-A4B9-ED557F7DBB2F,\Microsoft\Windows\Workplace Join\Automatic-Device-Join,,,ActionSuccess
2026-05-17T13:54:22.365864Z,102,dc.scaffold.htb,Microsoft-Windows-TaskScheduler,Microsoft-Windows-TaskScheduler/Operational,1943,4,,,31A1B24C-2DC7-4FE4-A4B9-ED557F7DBB2F,,,,,,,,,\Microsoft\Windows\Workplace Join\Automatic-Device-Join,NT AUTHORITY\SYSTEM,,TaskSuccessEvent
2026-05-17T13:54:25.712446Z,140,dc.scaffold.htb,Microsoft-Windows-TaskScheduler,Microsoft-Windows-TaskScheduler/Operational,1944,4,,,,,,,,,,,,\Microsoft\Windows\UpdateOrchestrator\Schedule Scan,,S-1-5-18,TaskUpdated
2026-05-17T13:54:25.737159Z,140,dc.scaffold.htb,Microsoft-Windows-TaskScheduler,Microsoft-Windows-TaskScheduler/Operational,1945,4,,,,,,,,,,,,\Microsoft\Windows\UpdateOrchestrator\Schedule Scan,,SCAFFOLD\DC$,TaskUpdated
2026-05-17T13:54:26.920652Z,202,dc.scaffold.htb,Microsoft-Windows-TaskScheduler,Microsoft-Windows-TaskScheduler/Operational,1946,2,Sync Language Data From Cloud Task,7480,,,,,,,2147746053,,E91A61BE-1A53-4944-832B-5A9992E11FBE,\Microsoft\Windows\International\Synchronize Language Settings,,,ActionFailure
2026-05-17T13:54:26.920655Z,103,dc.scaffold.htb,Microsoft-Windows-TaskScheduler,Microsoft-Windows-TaskScheduler/Operational,1947,2,,,E91A61BE-1A53-4944-832B-5A9992E11FBE,,,,,,2147746053,,,\Microsoft\Windows\International\Synchronize Language Settings,SCAFFOLD\Administrator,,TaskFailureEvent
2026-05-17T13:55:13.211537Z,118,dc.scaffold.htb,Microsoft-Windows-TaskScheduler,Microsoft-Windows-TaskScheduler/Operational,1948,4,,,3FE5F50B-F32B-478D-B291-117B3243BCA9,,,,,,,,,\Microsoft\Windows\Windows Error Reporting\QueueReporting,,,BootTrigger
2026-05-17T13:55:13.213155Z,129,dc.scaffold.htb,Microsoft-Windows-TaskScheduler,Microsoft-Windows-TaskScheduler/Operational,1949,4,,,,,%windir%\system32\wermgr.exe,16384,3844,,,,,\Microsoft\Windows\Windows Error Reporting\QueueReporting,,,CreatedTaskProcess
2026-05-17T13:55:13.213269Z,100,dc.scaffold.htb,Microsoft-Windows-TaskScheduler,Microsoft-Windows-TaskScheduler/Operational,1950,4,,,3FE5F50B-F32B-478D-B291-117B3243BCA9,,,,,,,,,\Microsoft\Windows\Windows Error Reporting\QueueReporting,NT AUTHORITY\SYSTEM,,TaskStartEvent
2026-05-17T13:55:13.213270Z,200,dc.scaffold.htb,Microsoft-Windows-TaskScheduler,Microsoft-Windows-TaskScheduler/Operational,1951,4,%windir%\system32\wermgr.exe,3844,,,,,,,,,3FE5F50B-F32B-478D-B291-117B3243BCA9,\Microsoft\Windows\Windows Error Reporting\QueueReporting,,,ActionStart
2026-05-17T13:55:13.213663Z,129,dc.scaffold.htb,Microsoft-Windows-TaskScheduler,Microsoft-Windows-TaskScheduler/Operational,1952,4,,,,,taskhostw.exe,16384,1620,,,,,\Microsoft\Windows\Flighting\FeatureConfig\ReconcileFeatures,,,CreatedTaskProcess
2026-05-17T13:55:13.213831Z,100,dc.scaffold.htb,Microsoft-Windows-TaskScheduler,Microsoft-Windows-TaskScheduler/Operational,1953,4,,,D35B006A-E73B-4B1B-8C6C-584244033A49,,,,,,,,,\Microsoft\Windows\Flighting\FeatureConfig\ReconcileFeatures,NT AUTHORITY\SYSTEM,,TaskStartEvent
2026-05-17T13:55:13.213832Z,200,dc.scaffold.htb,Microsoft-Windows-TaskScheduler,Microsoft-Windows-TaskScheduler/Operational,1954,4,Feature Configuration Reconciliation Task Handler,1620,,,,,,,,,D35B006A-E73B-4B1B-8C6C-584244033A49,\Microsoft\Windows\Flighting\FeatureConfig\ReconcileFeatures,,,ActionStart
2026-05-17T13:55:13.240908Z,201,dc.scaffold.htb,Microsoft-Windows-TaskScheduler,Microsoft-Windows-TaskScheduler/Operational,1955,4,Feature Configuration Reconciliation Task Handler,1620,,,,,,,0,,D35B006A-E73B-4B1B-8C6C-584244033A49,\Microsoft\Windows\Flighting\FeatureConfig\ReconcileFeatures,,,ActionSuccess
2026-05-17T13:55:13.240909Z,102,dc.scaffold.htb,Microsoft-Windows-TaskScheduler,Microsoft-Windows-TaskScheduler/Operational,1956,4,,,D35B006A-E73B-4B1B-8C6C-584244033A49,,,,,,,,,\Microsoft\Windows\Flighting\FeatureConfig\ReconcileFeatures,NT AUTHORITY\SYSTEM,,TaskSuccessEvent
2026-05-17T13:55:22.732014Z,201,dc.scaffold.htb,Microsoft-Windows-TaskScheduler,Microsoft-Windows-TaskScheduler/Operational,1957,4,%windir%\system32\wermgr.exe,3844,,,,,,,0,,3FE5F50B-F32B-478D-B291-117B3243BCA9,\Microsoft\Windows\Windows Error Reporting\QueueReporting,,,ActionSuccess
2026-05-17T13:55:22.732132Z,102,dc.scaffold.htb,Microsoft-Windows-TaskScheduler,Microsoft-Windows-TaskScheduler/Operational,1958,4,,,3FE5F50B-F32B-478D-B291-117B3243BCA9,,,,,,,,,\Microsoft\Windows\Windows Error Reporting\QueueReporting,NT AUTHORITY\SYSTEM,,TaskSuccessEvent
2026-05-17T13:57:17.903524Z,108,dc.scaffold.htb,Microsoft-Windows-TaskScheduler,Microsoft-Windows-TaskScheduler/Operational,1959,4,,,056C3701-5568-44CC-90E1-C86EFBA125C6,,,,,,,,,\Microsoft\Windows\SoftwareProtectionPlatform\SvcRestartTaskNetwork,,,EventTriggerEvent
2026-05-17T13:57:17.905746Z,129,dc.scaffold.htb,Microsoft-Windows-TaskScheduler,Microsoft-Windows-TaskScheduler/Operational,1960,4,,,,,taskhostw.exe,16384,1208,,,,,\Microsoft\Windows\SoftwareProtectionPlatform\SvcRestartTaskNetwork,,,CreatedTaskProcess
2026-05-17T13:57:17.905945Z,100,dc.scaffold.htb,Microsoft-Windows-TaskScheduler,Microsoft-Windows-TaskScheduler/Operational,1961,4,,,056C3701-5568-44CC-90E1-C86EFBA125C6,,,,,,,,,\Microsoft\Windows\SoftwareProtectionPlatform\SvcRestartTaskNetwork,(NONE),,TaskStartEvent
2026-05-17T13:57:17.905947Z,200,dc.scaffold.htb,Microsoft-Windows-TaskScheduler,Microsoft-Windows-TaskScheduler/Operational,1962,4,SppSvcRestartTaskHandler Class,1208,,,,,,,,,056C3701-5568-44CC-90E1-C86EFBA125C6,\Microsoft\Windows\SoftwareProtectionPlatform\SvcRestartTaskNetwork,,,ActionStart
2026-05-17T13:57:17.906714Z,322,dc.scaffold.htb,Microsoft-Windows-TaskScheduler,Microsoft-Windows-TaskScheduler/Operational,1963,3,,,,,,,,,,,056C3701-5568-44CC-90E1-C86EFBA125C6,\Microsoft\Windows\SoftwareProtectionPlatform\SvcRestartTaskNetwork,,,NewInstanceIgnored
2026-05-17T13:57:17.936042Z,201,dc.scaffold.htb,Microsoft-Windows-TaskScheduler,Microsoft-Windows-TaskScheduler/Operational,1964,4,SppSvcRestartTaskHandler Class,1208,,,,,,,0,,056C3701-5568-44CC-90E1-C86EFBA125C6,\Microsoft\Windows\SoftwareProtectionPlatform\SvcRestartTaskNetwork,,,ActionSuccess
2026-05-17T13:57:17.936044Z,102,dc.scaffold.htb,Microsoft-Windows-TaskScheduler,Microsoft-Windows-TaskScheduler/Operational,1965,4,,,056C3701-5568-44CC-90E1-C86EFBA125C6,,,,,,,,,\Microsoft\Windows\SoftwareProtectionPlatform\SvcRestartTaskNetwork,(NONE),,TaskSuccessEvent
2026-05-17T13:57:56.363998Z,114,dc.scaffold.htb,Microsoft-Windows-TaskScheduler,Microsoft-Windows-TaskScheduler/Operational,1966,3,,,CCA076FD-D0FF-4910-AAFA-9ECDE4CAE756,,,,,,,,,\Microsoft\Windows\Windows Error Reporting\QueueReporting,,,MissedTaskLaunched
2026-05-17T13:57:56.364212Z,114,dc.scaffold.htb,Microsoft-Windows-TaskScheduler,Microsoft-Windows-TaskScheduler/Operational,1967,3,,,D53FD2C8-6EF1-4902-A892-80DD139FBF31,,,,,,,,,\Microsoft\Windows\Data Integrity Scan\Data Integrity Check And Scan,,,MissedTaskLaunched
2026-05-17T13:57:56.366829Z,129,dc.scaffold.htb,Microsoft-Windows-TaskScheduler,Microsoft-Windows-TaskScheduler/Operational,1968,4,,,,,%windir%\system32\wermgr.exe,16384,6232,,,,,\Microsoft\Windows\Windows Error Reporting\QueueReporting,,,CreatedTaskProcess
2026-05-17T13:57:56.367032Z,100,dc.scaffold.htb,Microsoft-Windows-TaskScheduler,Microsoft-Windows-TaskScheduler/Operational,1969,4,,,CCA076FD-D0FF-4910-AAFA-9ECDE4CAE756,,,,,,,,,\Microsoft\Windows\Windows Error Reporting\QueueReporting,NT AUTHORITY\SYSTEM,,TaskStartEvent
2026-05-17T13:57:56.367034Z,200,dc.scaffold.htb,Microsoft-Windows-TaskScheduler,Microsoft-Windows-TaskScheduler/Operational,1970,4,%windir%\system32\wermgr.exe,6232,,,,,,,,,CCA076FD-D0FF-4910-AAFA-9ECDE4CAE756,\Microsoft\Windows\Windows Error Reporting\QueueReporting,,,ActionStart
2026-05-17T13:57:56.367382Z,114,dc.scaffold.htb,Microsoft-Windows-TaskScheduler,Microsoft-Windows-TaskScheduler/Operational,1971,3,,,533B03BA-440B-4399-AAC6-9FDAE40EF9FD,,,,,,,,,\MicrosoftEdgeUpdateTaskMachineCore,,,MissedTaskLaunched
2026-05-17T13:57:56.368782Z,129,dc.scaffold.htb,Microsoft-Windows-TaskScheduler,Microsoft-Windows-TaskScheduler/Operational,1972,4,,,,,taskhostw.exe,16384,4820,,,,,\Microsoft\Windows\Data Integrity Scan\Data Integrity Check And Scan,,,CreatedTaskProcess
2026-05-17T13:57:56.369061Z,100,dc.scaffold.htb,Microsoft-Windows-TaskScheduler,Microsoft-Windows-TaskScheduler/Operational,1973,4,,,D53FD2C8-6EF1-4902-A892-80DD139FBF31,,,,,,,,,\Microsoft\Windows\Data Integrity Scan\Data Integrity Check And Scan,NT AUTHORITY\SYSTEM,,TaskStartEvent
2026-05-17T13:57:56.369064Z,200,dc.scaffold.htb,Microsoft-Windows-TaskScheduler,Microsoft-Windows-TaskScheduler/Operational,1974,4,Data Integrity Scan,4820,,,,,,,,,D53FD2C8-6EF1-4902-A892-80DD139FBF31,\Microsoft\Windows\Data Integrity Scan\Data Integrity Check And Scan,,,ActionStart
2026-05-17T13:57:56.369566Z,114,dc.scaffold.htb,Microsoft-Windows-TaskScheduler,Microsoft-Windows-TaskScheduler/Operational,1975,3,,,CAF3EFB4-4CE4-4BCB-A60E-6D9E0CF4096F,,,,,,,,,\Microsoft\Windows\Customer Experience Improvement Program\Consolidator,,,MissedTaskLaunched
2026-05-17T13:57:56.371132Z,129,dc.scaffold.htb,Microsoft-Windows-TaskScheduler,Microsoft-Windows-TaskScheduler/Operational,1976,4,,,,,C:\Program Files (x86)\Microsoft\EdgeUpdate\MicrosoftEdgeUpdate.exe,32,3756,,,,,\MicrosoftEdgeUpdateTaskMachineCore,,,CreatedTaskProcess
2026-05-17T13:57:56.371521Z,100,dc.scaffold.htb,Microsoft-Windows-TaskScheduler,Microsoft-Windows-TaskScheduler/Operational,1977,4,,,533B03BA-440B-4399-AAC6-9FDAE40EF9FD,,,,,,,,,\MicrosoftEdgeUpdateTaskMachineCore,NT AUTHORITY\SYSTEM,,TaskStartEvent
2026-05-17T13:57:56.371523Z,200,dc.scaffold.htb,Microsoft-Windows-TaskScheduler,Microsoft-Windows-TaskScheduler/Operational,1978,4,C:\Program Files (x86)\Microsoft\EdgeUpdate\MicrosoftEdgeUpdate.exe,3756,,,,,,,,,533B03BA-440B-4399-AAC6-9FDAE40EF9FD,\MicrosoftEdgeUpdateTaskMachineCore,,,ActionStart
2026-05-17T13:57:56.371881Z,114,dc.scaffold.htb,Microsoft-Windows-TaskScheduler,Microsoft-Windows-TaskScheduler/Operational,1979,3,,,A1B6B056-7810-471E-AD03-838A28FF06B5,,,,,,,,,\Microsoft\Windows\UpdateOrchestrator\USO_UxBroker,,,MissedTaskLaunched
2026-05-17T13:57:56.382035Z,129,dc.scaffold.htb,Microsoft-Windows-TaskScheduler,Microsoft-Windows-TaskScheduler/Operational,1980,4,,,,,%systemroot%\system32\MusNotification.exe,16384,3892,,,,,\Microsoft\Windows\UpdateOrchestrator\USO_UxBroker,,,CreatedTaskProcess
2026-05-17T13:57:56.382297Z,100,dc.scaffold.htb,Microsoft-Windows-TaskScheduler,Microsoft-Windows-TaskScheduler/Operational,1981,4,,,A1B6B056-7810-471E-AD03-838A28FF06B5,,,,,,,,,\Microsoft\Windows\UpdateOrchestrator\USO_UxBroker,NT AUTHORITY\SYSTEM,,TaskStartEvent
2026-05-17T13:57:56.382299Z,200,dc.scaffold.htb,Microsoft-Windows-TaskScheduler,Microsoft-Windows-TaskScheduler/Operational,1982,4,%systemroot%\system32\MusNotification.exe,3892,,,,,,,,,A1B6B056-7810-471E-AD03-838A28FF06B5,\Microsoft\Windows\UpdateOrchestrator\USO_UxBroker,,,ActionStart
2026-05-17T13:57:56.382552Z,129,dc.scaffold.htb,Microsoft-Windows-TaskScheduler,Microsoft-Windows-TaskScheduler/Operational,1983,4,,,,,%SystemRoot%\System32\wsqmcons.exe,16384,4884,,,,,\Microsoft\Windows\Customer Experience Improvement Program\Consolidator,,,CreatedTaskProcess
2026-05-17T13:57:56.382786Z,100,dc.scaffold.htb,Microsoft-Windows-TaskScheduler,Microsoft-Windows-TaskScheduler/Operational,1984,4,,,CAF3EFB4-4CE4-4BCB-A60E-6D9E0CF4096F,,,,,,,,,\Microsoft\Windows\Customer Experience Improvement Program\Consolidator,NT AUTHORITY\SYSTEM,,TaskStartEvent
2026-05-17T13:57:56.382788Z,200,dc.scaffold.htb,Microsoft-Windows-TaskScheduler,Microsoft-Windows-TaskScheduler/Operational,1985,4,%SystemRoot%\System32\wsqmcons.exe,4884,,,,,,,,,CAF3EFB4-4CE4-4BCB-A60E-6D9E0CF4096F,\Microsoft\Windows\Customer Experience Improvement Program\Consolidator,,,ActionStart
2026-05-17T13:57:56.382895Z,114,dc.scaffold.htb,Microsoft-Windows-TaskScheduler,Microsoft-Windows-TaskScheduler/Operational,1986,3,,,1FAC23AC-E5AF-433C-AD2A-AF3A742F0702,,,,,,,,,\Microsoft\Windows\Device Information\Device,,,MissedTaskLaunched
2026-05-17T13:57:56.383396Z,114,dc.scaffold.htb,Microsoft-Windows-TaskScheduler,Microsoft-Windows-TaskScheduler/Operational,1987,3,,,AE393F59-1F73-4302-93EF-1B1E3DE841E3,,,,,,,,,\Microsoft\Windows\Application Experience\Microsoft Compatibility Appraiser,,,MissedTaskLaunched
2026-05-17T13:57:56.385854Z,129,dc.scaffold.htb,Microsoft-Windows-TaskScheduler,Microsoft-Windows-TaskScheduler/Operational,1988,4,,,,,%windir%\system32\compattelrunner.exe,16384,7556,,,,,\Microsoft\Windows\Application Experience\Microsoft Compatibility Appraiser,,,CreatedTaskProcess
2026-05-17T13:57:56.386040Z,100,dc.scaffold.htb,Microsoft-Windows-TaskScheduler,Microsoft-Windows-TaskScheduler/Operational,1989,4,,,AE393F59-1F73-4302-93EF-1B1E3DE841E3,,,,,,,,,\Microsoft\Windows\Application Experience\Microsoft Compatibility Appraiser,NT AUTHORITY\SYSTEM,,TaskStartEvent
2026-05-17T13:57:56.386042Z,200,dc.scaffold.htb,Microsoft-Windows-TaskScheduler,Microsoft-Windows-TaskScheduler/Operational,1990,4,%windir%\system32\compattelrunner.exe,7556,,,,,,,,,AE393F59-1F73-4302-93EF-1B1E3DE841E3,\Microsoft\Windows\Application Experience\Microsoft Compatibility Appraiser,,,ActionStart
2026-05-17T13:57:56.386340Z,114,dc.scaffold.htb,Microsoft-Windows-TaskScheduler,Microsoft-Windows-TaskScheduler/Operational,1991,3,,,8696548E-B439-46C6-861F-2E5BECA8DA56,,,,,,,,,\MicrosoftEdgeUpdateTaskMachineUA,,,MissedTaskLaunched
2026-05-17T13:57:56.386734Z,129,dc.scaffold.htb,Microsoft-Windows-TaskScheduler,Microsoft-Windows-TaskScheduler/Operational,1992,4,,,,,%windir%\system32\devicecensus.exe,16384,4364,,,,,\Microsoft\Windows\Device Information\Device,,,CreatedTaskProcess
2026-05-17T13:57:56.386854Z,100,dc.scaffold.htb,Microsoft-Windows-TaskScheduler,Microsoft-Windows-TaskScheduler/Operational,1993,4,,,1FAC23AC-E5AF-433C-AD2A-AF3A742F0702,,,,,,,,,\Microsoft\Windows\Device Information\Device,NT AUTHORITY\SYSTEM,,TaskStartEvent
2026-05-17T13:57:56.386855Z,200,dc.scaffold.htb,Microsoft-Windows-TaskScheduler,Microsoft-Windows-TaskScheduler/Operational,1994,4,%windir%\system32\devicecensus.exe,4364,,,,,,,,,1FAC23AC-E5AF-433C-AD2A-AF3A742F0702,\Microsoft\Windows\Device Information\Device,,,ActionStart
2026-05-17T13:57:56.387153Z,114,dc.scaffold.htb,Microsoft-Windows-TaskScheduler,Microsoft-Windows-TaskScheduler/Operational,1995,3,,,74F920B4-4C1E-4D4B-9184-A56C331EBA8E,,,,,,,,,\Microsoft\Windows\WindowsUpdate\Scheduled Start,,,MissedTaskLaunched
2026-05-17T13:57:56.388458Z,129,dc.scaffold.htb,Microsoft-Windows-TaskScheduler,Microsoft-Windows-TaskScheduler/Operational,1996,4,,,,,C:\Program Files (x86)\Microsoft\EdgeUpdate\MicrosoftEdgeUpdate.exe,32,7400,,,,,\MicrosoftEdgeUpdateTaskMachineUA,,,CreatedTaskProcess
2026-05-17T13:57:56.388598Z,100,dc.scaffold.htb,Microsoft-Windows-TaskScheduler,Microsoft-Windows-TaskScheduler/Operational,1997,4,,,8696548E-B439-46C6-861F-2E5BECA8DA56,,,,,,,,,\MicrosoftEdgeUpdateTaskMachineUA,NT AUTHORITY\SYSTEM,,TaskStartEvent
2026-05-17T13:57:56.388600Z,200,dc.scaffold.htb,Microsoft-Windows-TaskScheduler,Microsoft-Windows-TaskScheduler/Operational,1998,4,C:\Program Files (x86)\Microsoft\EdgeUpdate\MicrosoftEdgeUpdate.exe,7400,,,,,,,,,8696548E-B439-46C6-861F-2E5BECA8DA56,\MicrosoftEdgeUpdateTaskMachineUA,,,ActionStart
2026-05-17T13:57:56.389554Z,114,dc.scaffold.htb,Microsoft-Windows-TaskScheduler,Microsoft-Windows-TaskScheduler/Operational,1999,3,,,9AF9E46A-A39F-4CBB-9EF9-5A81A310B59A,,,,,,,,,\Microsoft\Windows\Flighting\OneSettings\RefreshCache,,,MissedTaskLaunched
2026-05-17T13:57:56.389668Z,100,dc.scaffold.htb,Microsoft-Windows-TaskScheduler,Microsoft-Windows-TaskScheduler/Operational,2000,4,,,9AF9E46A-A39F-4CBB-9EF9-5A81A310B59A,,,,,,,,,\Microsoft\Windows\Flighting\OneSettings\RefreshCache,NT AUTHORITY\SYSTEM,,TaskStartEvent
2026-05-17T13:57:56.389669Z,200,dc.scaffold.htb,Microsoft-Windows-TaskScheduler,Microsoft-Windows-TaskScheduler/Operational,2001,4,OneSettings Refresh Cache Task Handler,4820,,,,,,,,,9AF9E46A-A39F-4CBB-9EF9-5A81A310B59A,\Microsoft\Windows\Flighting\OneSettings\RefreshCache,,,ActionStart
2026-05-17T13:57:56.389912Z,114,dc.scaffold.htb,Microsoft-Windows-TaskScheduler,Microsoft-Windows-TaskScheduler/Operational,2002,3,,,A64C89F6-EEC0-4FB6-8ACC-7AF263FAD2D8,,,,,,,,,\Microsoft\Windows\Application Experience\PcaPatchDbTask,,,MissedTaskLaunched
2026-05-17T13:57:56.390081Z,129,dc.scaffold.htb,Microsoft-Windows-TaskScheduler,Microsoft-Windows-TaskScheduler/Operational,2003,4,,,,,C:\Windows\system32\sc.exe,16384,6344,,,,,\Microsoft\Windows\WindowsUpdate\Scheduled Start,,,CreatedTaskProcess
2026-05-17T13:57:56.390210Z,100,dc.scaffold.htb,Microsoft-Windows-TaskScheduler,Microsoft-Windows-TaskScheduler/Operational,2004,4,,,74F920B4-4C1E-4D4B-9184-A56C331EBA8E,,,,,,,,,\Microsoft\Windows\WindowsUpdate\Scheduled Start,NT AUTHORITY\SYSTEM,,TaskStartEvent
2026-05-17T13:57:56.390211Z,200,dc.scaffold.htb,Microsoft-Windows-TaskScheduler,Microsoft-Windows-TaskScheduler/Operational,2005,4,C:\Windows\system32\sc.exe,6344,,,,,,,,,74F920B4-4C1E-4D4B-9184-A56C331EBA8E,\Microsoft\Windows\WindowsUpdate\Scheduled Start,,,ActionStart
2026-05-17T13:57:56.390462Z,114,dc.scaffold.htb,Microsoft-Windows-TaskScheduler,Microsoft-Windows-TaskScheduler/Operational,2006,3,,,F362BE02-32E5-43A4-B85B-D9345A8DD244,,,,,,,,,\Microsoft\Windows\UpdateOrchestrator\Schedule Scan,,,MissedTaskLaunched
2026-05-17T13:57:56.391646Z,129,dc.scaffold.htb,Microsoft-Windows-TaskScheduler,Microsoft-Windows-TaskScheduler/Operational,2007,4,,,,,%windir%\system32\rundll32.exe,16384,6040,,,,,\Microsoft\Windows\Application Experience\PcaPatchDbTask,,,CreatedTaskProcess
2026-05-17T13:57:56.391763Z,100,dc.scaffold.htb,Microsoft-Windows-TaskScheduler,Microsoft-Windows-TaskScheduler/Operational,2008,4,,,A64C89F6-EEC0-4FB6-8ACC-7AF263FAD2D8,,,,,,,,,\Microsoft\Windows\Application Experience\PcaPatchDbTask,NT AUTHORITY\SYSTEM,,TaskStartEvent
2026-05-17T13:57:56.391764Z,200,dc.scaffold.htb,Microsoft-Windows-TaskScheduler,Microsoft-Windows-TaskScheduler/Operational,2009,4,%windir%\system32\rundll32.exe,6040,,,,,,,,,A64C89F6-EEC0-4FB6-8ACC-7AF263FAD2D8,\Microsoft\Windows\Application Experience\PcaPatchDbTask,,,ActionStart
2026-05-17T13:57:56.392991Z,129,dc.scaffold.htb,Microsoft-Windows-TaskScheduler,Microsoft-Windows-TaskScheduler/Operational,2010,4,,,,,%systemroot%\system32\usoclient.exe,16384,3104,,,,,\Microsoft\Windows\UpdateOrchestrator\Schedule Scan,,,CreatedTaskProcess
2026-05-17T13:57:56.393115Z,100,dc.scaffold.htb,Microsoft-Windows-TaskScheduler,Microsoft-Windows-TaskScheduler/Operational,2011,4,,,F362BE02-32E5-43A4-B85B-D9345A8DD244,,,,,,,,,\Microsoft\Windows\UpdateOrchestrator\Schedule Scan,NT AUTHORITY\SYSTEM,,TaskStartEvent
2026-05-17T13:57:56.393116Z,200,dc.scaffold.htb,Microsoft-Windows-TaskScheduler,Microsoft-Windows-TaskScheduler/Operational,2012,4,%systemroot%\system32\usoclient.exe,3104,,,,,,,,,F362BE02-32E5-43A4-B85B-D9345A8DD244,\Microsoft\Windows\UpdateOrchestrator\Schedule Scan,,,ActionStart
2026-05-17T13:57:56.402452Z,201,dc.scaffold.htb,Microsoft-Windows-TaskScheduler,Microsoft-Windows-TaskScheduler/Operational,2013,4,C:\Program Files (x86)\Microsoft\EdgeUpdate\MicrosoftEdgeUpdate.exe,3756,,,,,,,0,,533B03BA-440B-4399-AAC6-9FDAE40EF9FD,\MicrosoftEdgeUpdateTaskMachineCore,,,ActionSuccess
2026-05-17T13:57:56.402537Z,102,dc.scaffold.htb,Microsoft-Windows-TaskScheduler,Microsoft-Windows-TaskScheduler/Operational,2014,4,,,533B03BA-440B-4399-AAC6-9FDAE40EF9FD,,,,,,,,,\MicrosoftEdgeUpdateTaskMachineCore,NT AUTHORITY\SYSTEM,,TaskSuccessEvent
2026-05-17T13:57:56.446177Z,201,dc.scaffold.htb,Microsoft-Windows-TaskScheduler,Microsoft-Windows-TaskScheduler/Operational,2015,4,%SystemRoot%\System32\wsqmcons.exe,4884,,,,,,,0,,CAF3EFB4-4CE4-4BCB-A60E-6D9E0CF4096F,\Microsoft\Windows\Customer Experience Improvement Program\Consolidator,,,ActionSuccess
2026-05-17T13:57:56.446301Z,102,dc.scaffold.htb,Microsoft-Windows-TaskScheduler,Microsoft-Windows-TaskScheduler/Operational,2016,4,,,CAF3EFB4-4CE4-4BCB-A60E-6D9E0CF4096F,,,,,,,,,\Microsoft\Windows\Customer Experience Improvement Program\Consolidator,NT AUTHORITY\SYSTEM,,TaskSuccessEvent
2026-05-17T13:57:56.451934Z,140,dc.scaffold.htb,Microsoft-Windows-TaskScheduler,Microsoft-Windows-TaskScheduler/Operational,2017,4,,,,,,,,,,,,\Microsoft\Windows\Data Integrity Scan\Data Integrity Check And Scan,,SCAFFOLD\DC$,TaskUpdated
2026-05-17T13:57:56.462248Z,140,dc.scaffold.htb,Microsoft-Windows-TaskScheduler,Microsoft-Windows-TaskScheduler/Operational,2018,4,,,,,,,,,,,,\Microsoft\Windows\Data Integrity Scan\Data Integrity Check And Scan,,SCAFFOLD\DC$,TaskUpdated
2026-05-17T13:57:56.462593Z,201,dc.scaffold.htb,Microsoft-Windows-TaskScheduler,Microsoft-Windows-TaskScheduler/Operational,2019,4,Data Integrity Scan,4820,,,,,,,0,,D53FD2C8-6EF1-4902-A892-80DD139FBF31,\Microsoft\Windows\Data Integrity Scan\Data Integrity Check And Scan,,,ActionSuccess
2026-05-17T13:57:56.462593Z,102,dc.scaffold.htb,Microsoft-Windows-TaskScheduler,Microsoft-Windows-TaskScheduler/Operational,2020,4,,,D53FD2C8-6EF1-4902-A892-80DD139FBF31,,,,,,,,,\Microsoft\Windows\Data Integrity Scan\Data Integrity Check And Scan,NT AUTHORITY\SYSTEM,,TaskSuccessEvent
2026-05-17T13:57:56.472491Z,201,dc.scaffold.htb,Microsoft-Windows-TaskScheduler,Microsoft-Windows-TaskScheduler/Operational,2021,4,C:\Windows\system32\sc.exe,6344,,,,,,,2147943456,,74F920B4-4C1E-4D4B-9184-A56C331EBA8E,\Microsoft\Windows\WindowsUpdate\Scheduled Start,,,ActionSuccess
2026-05-17T13:57:56.472596Z,102,dc.scaffold.htb,Microsoft-Windows-TaskScheduler,Microsoft-Windows-TaskScheduler/Operational,2022,4,,,74F920B4-4C1E-4D4B-9184-A56C331EBA8E,,,,,,,,,\Microsoft\Windows\WindowsUpdate\Scheduled Start,NT AUTHORITY\SYSTEM,,TaskSuccessEvent
2026-05-17T13:57:56.509451Z,201,dc.scaffold.htb,Microsoft-Windows-TaskScheduler,Microsoft-Windows-TaskScheduler/Operational,2023,4,%systemroot%\system32\usoclient.exe,3104,,,,,,,0,,F362BE02-32E5-43A4-B85B-D9345A8DD244,\Microsoft\Windows\UpdateOrchestrator\Schedule Scan,,,ActionSuccess
2026-05-17T13:57:56.509602Z,102,dc.scaffold.htb,Microsoft-Windows-TaskScheduler,Microsoft-Windows-TaskScheduler/Operational,2024,4,,,F362BE02-32E5-43A4-B85B-D9345A8DD244,,,,,,,,,\Microsoft\Windows\UpdateOrchestrator\Schedule Scan,NT AUTHORITY\SYSTEM,,TaskSuccessEvent
2026-05-17T13:57:57.294630Z,201,dc.scaffold.htb,Microsoft-Windows-TaskScheduler,Microsoft-Windows-TaskScheduler/Operational,2025,4,%systemroot%\system32\MusNotification.exe,3892,,,,,,,0,,A1B6B056-7810-471E-AD03-838A28FF06B5,\Microsoft\Windows\UpdateOrchestrator\USO_UxBroker,,,ActionSuccess
2026-05-17T13:57:57.294860Z,102,dc.scaffold.htb,Microsoft-Windows-TaskScheduler,Microsoft-Windows-TaskScheduler/Operational,2026,4,,,A1B6B056-7810-471E-AD03-838A28FF06B5,,,,,,,,,\Microsoft\Windows\UpdateOrchestrator\USO_UxBroker,NT AUTHORITY\SYSTEM,,TaskSuccessEvent
2026-05-17T13:58:05.900789Z,201,dc.scaffold.htb,Microsoft-Windows-TaskScheduler,Microsoft-Windows-TaskScheduler/Operational,2027,4,%windir%\system32\rundll32.exe,6040,,,,,,,0,,A64C89F6-EEC0-4FB6-8ACC-7AF263FAD2D8,\Microsoft\Windows\Application Experience\PcaPatchDbTask,,,ActionSuccess
2026-05-17T13:58:05.900876Z,102,dc.scaffold.htb,Microsoft-Windows-TaskScheduler,Microsoft-Windows-TaskScheduler/Operational,2028,4,,,A64C89F6-EEC0-4FB6-8ACC-7AF263FAD2D8,,,,,,,,,\Microsoft\Windows\Application Experience\PcaPatchDbTask,NT AUTHORITY\SYSTEM,,TaskSuccessEvent
2026-05-17T13:58:05.903505Z,201,dc.scaffold.htb,Microsoft-Windows-TaskScheduler,Microsoft-Windows-TaskScheduler/Operational,2029,4,%windir%\system32\wermgr.exe,6232,,,,,,,0,,CCA076FD-D0FF-4910-AAFA-9ECDE4CAE756,\Microsoft\Windows\Windows Error Reporting\QueueReporting,,,ActionSuccess
2026-05-17T13:58:05.903575Z,102,dc.scaffold.htb,Microsoft-Windows-TaskScheduler,Microsoft-Windows-TaskScheduler/Operational,2030,4,,,CCA076FD-D0FF-4910-AAFA-9ECDE4CAE756,,,,,,,,,\Microsoft\Windows\Windows Error Reporting\QueueReporting,NT AUTHORITY\SYSTEM,,TaskSuccessEvent
2026-05-17T13:58:05.919684Z,202,dc.scaffold.htb,Microsoft-Windows-TaskScheduler,Microsoft-Windows-TaskScheduler/Operational,2031,2,OneSettings Refresh Cache Task Handler,4820,,,,,,,2147954407,,9AF9E46A-A39F-4CBB-9EF9-5A81A310B59A,\Microsoft\Windows\Flighting\OneSettings\RefreshCache,,,ActionFailure
2026-05-17T13:58:05.919686Z,103,dc.scaffold.htb,Microsoft-Windows-TaskScheduler,Microsoft-Windows-TaskScheduler/Operational,2032,2,,,9AF9E46A-A39F-4CBB-9EF9-5A81A310B59A,,,,,,2147954407,,,\Microsoft\Windows\Flighting\OneSettings\RefreshCache,NT AUTHORITY\SYSTEM,,TaskFailureEvent
2026-05-17T13:58:05.966210Z,129,dc.scaffold.htb,Microsoft-Windows-TaskScheduler,Microsoft-Windows-TaskScheduler/Operational,2033,4,,,,,taskhostw.exe,16384,4204,,,,,\Microsoft\Windows\Flighting\OneSettings\RefreshCache,,,CreatedTaskProcess
2026-05-17T13:58:05.966358Z,100,dc.scaffold.htb,Microsoft-Windows-TaskScheduler,Microsoft-Windows-TaskScheduler/Operational,2034,4,,,8B104E1C-D403-4172-AE63-25C60C8BB78B,,,,,,,,,\Microsoft\Windows\Flighting\OneSettings\RefreshCache,NT AUTHORITY\SYSTEM,,TaskStartEvent
2026-05-17T13:58:05.966360Z,200,dc.scaffold.htb,Microsoft-Windows-TaskScheduler,Microsoft-Windows-TaskScheduler/Operational,2035,4,OneSettings Refresh Cache Task Handler,4204,,,,,,,,,8B104E1C-D403-4172-AE63-25C60C8BB78B,\Microsoft\Windows\Flighting\OneSettings\RefreshCache,,,ActionStart
2026-05-17T13:58:05.970778Z,140,dc.scaffold.htb,Microsoft-Windows-TaskScheduler,Microsoft-Windows-TaskScheduler/Operational,2036,4,,,,,,,,,,,,\Microsoft\Windows\UpdateOrchestrator\Schedule Scan,,S-1-5-18,TaskUpdated
2026-05-17T13:58:05.993286Z,140,dc.scaffold.htb,Microsoft-Windows-TaskScheduler,Microsoft-Windows-TaskScheduler/Operational,2037,4,,,,,,,,,,,,\Microsoft\Windows\UpdateOrchestrator\Schedule Scan,,SCAFFOLD\DC$,TaskUpdated
2026-05-17T13:58:06.055167Z,202,dc.scaffold.htb,Microsoft-Windows-TaskScheduler,Microsoft-Windows-TaskScheduler/Operational,2038,2,OneSettings Refresh Cache Task Handler,4204,,,,,,,2147954407,,8B104E1C-D403-4172-AE63-25C60C8BB78B,\Microsoft\Windows\Flighting\OneSettings\RefreshCache,,,ActionFailure
2026-05-17T13:58:06.055168Z,103,dc.scaffold.htb,Microsoft-Windows-TaskScheduler,Microsoft-Windows-TaskScheduler/Operational,2039,2,,,8B104E1C-D403-4172-AE63-25C60C8BB78B,,,,,,2147954407,,,\Microsoft\Windows\Flighting\OneSettings\RefreshCache,NT AUTHORITY\SYSTEM,,TaskFailureEvent
2026-05-17T13:58:06.567270Z,140,dc.scaffold.htb,Microsoft-Windows-TaskScheduler,Microsoft-Windows-TaskScheduler/Operational,2040,4,,,,,,,,,,,,\Microsoft\Windows\Device Information\Device,,SCAFFOLD\DC$,TaskUpdated
2026-05-17T13:58:06.570506Z,140,dc.scaffold.htb,Microsoft-Windows-TaskScheduler,Microsoft-Windows-TaskScheduler/Operational,2041,4,,,,,,,,,,,,\Microsoft\Windows\Device Information\Device,,SCAFFOLD\DC$,TaskUpdated
2026-05-17T13:58:06.573281Z,201,dc.scaffold.htb,Microsoft-Windows-TaskScheduler,Microsoft-Windows-TaskScheduler/Operational,2042,4,%windir%\system32\devicecensus.exe,4364,,,,,,,0,,1FAC23AC-E5AF-433C-AD2A-AF3A742F0702,\Microsoft\Windows\Device Information\Device,,,ActionSuccess
2026-05-17T13:58:06.573352Z,102,dc.scaffold.htb,Microsoft-Windows-TaskScheduler,Microsoft-Windows-TaskScheduler/Operational,2043,4,,,1FAC23AC-E5AF-433C-AD2A-AF3A742F0702,,,,,,,,,\Microsoft\Windows\Device Information\Device,NT AUTHORITY\SYSTEM,,TaskSuccessEvent
2026-05-17T13:59:37.990517Z,201,dc.scaffold.htb,Microsoft-Windows-TaskScheduler,Microsoft-Windows-TaskScheduler/Operational,2044,4,C:\Program Files (x86)\Microsoft\EdgeUpdate\MicrosoftEdgeUpdate.exe,7400,,,,,,,0,,8696548E-B439-46C6-861F-2E5BECA8DA56,\MicrosoftEdgeUpdateTaskMachineUA,,,ActionSuccess
2026-05-17T13:59:37.990627Z,102,dc.scaffold.htb,Microsoft-Windows-TaskScheduler,Microsoft-Windows-TaskScheduler/Operational,2045,4,,,8696548E-B439-46C6-861F-2E5BECA8DA56,,,,,,,,,\MicrosoftEdgeUpdateTaskMachineUA,NT AUTHORITY\SYSTEM,,TaskSuccessEvent
2026-05-17T14:02:12.713584Z,114,dc.scaffold.htb,Microsoft-Windows-TaskScheduler,Microsoft-Windows-TaskScheduler/Operational,2046,3,,,F1007533-59E3-4179-A8D9-71A9121539F0,,,,,,,,,\Microsoft\Windows\Speech\SpeechModelDownloadTask,,,MissedTaskLaunched
2026-05-17T14:02:12.726972Z,129,dc.scaffold.htb,Microsoft-Windows-TaskScheduler,Microsoft-Windows-TaskScheduler/Operational,2047,4,,,,,%windir%\system32\speech_onecore\common\SpeechModelDownload.exe,16384,3612,,,,,\Microsoft\Windows\Speech\SpeechModelDownloadTask,,,CreatedTaskProcess
2026-05-17T14:02:12.727631Z,100,dc.scaffold.htb,Microsoft-Windows-TaskScheduler,Microsoft-Windows-TaskScheduler/Operational,2048,4,,,F1007533-59E3-4179-A8D9-71A9121539F0,,,,,,,,,\Microsoft\Windows\Speech\SpeechModelDownloadTask,(NONE),,TaskStartEvent
2026-05-17T14:02:12.727635Z,200,dc.scaffold.htb,Microsoft-Windows-TaskScheduler,Microsoft-Windows-TaskScheduler/Operational,2049,4,%windir%\system32\speech_onecore\common\SpeechModelDownload.exe,3612,,,,,,,,,F1007533-59E3-4179-A8D9-71A9121539F0,\Microsoft\Windows\Speech\SpeechModelDownloadTask,,,ActionStart
2026-05-17T14:02:12.748147Z,201,dc.scaffold.htb,Microsoft-Windows-TaskScheduler,Microsoft-Windows-TaskScheduler/Operational,2050,4,%windir%\system32\speech_onecore\common\SpeechModelDownload.exe,3612,,,,,,,0,,F1007533-59E3-4179-A8D9-71A9121539F0,\Microsoft\Windows\Speech\SpeechModelDownloadTask,,,ActionSuccess
2026-05-17T14:02:12.748285Z,102,dc.scaffold.htb,Microsoft-Windows-TaskScheduler,Microsoft-Windows-TaskScheduler/Operational,2051,4,,,F1007533-59E3-4179-A8D9-71A9121539F0,,,,,,,,,\Microsoft\Windows\Speech\SpeechModelDownloadTask,(NONE),,TaskSuccessEvent
2026-05-17T14:02:13.762392Z,129,dc.scaffold.htb,Microsoft-Windows-TaskScheduler,Microsoft-Windows-TaskScheduler/Operational,2052,4,,,,,taskhostw.exe,16384,7828,,,,,\Microsoft\Windows\DiskFootprint\StorageSense,,,CreatedTaskProcess
2026-05-17T14:02:13.763557Z,100,dc.scaffold.htb,Microsoft-Windows-TaskScheduler,Microsoft-Windows-TaskScheduler/Operational,2053,4,,,71838B21-35E7-4FF9-8780-764A0214CEC9,,,,,,,,,\Microsoft\Windows\DiskFootprint\StorageSense,NT AUTHORITY\SYSTEM,,TaskStartEvent
2026-05-17T14:02:13.763562Z,200,dc.scaffold.htb,Microsoft-Windows-TaskScheduler,Microsoft-Windows-TaskScheduler/Operational,2054,4,StorageUsage State Reporter Task Handler,7828,,,,,,,,,71838B21-35E7-4FF9-8780-764A0214CEC9,\Microsoft\Windows\DiskFootprint\StorageSense,,,ActionStart
2026-05-17T14:02:13.770236Z,129,dc.scaffold.htb,Microsoft-Windows-TaskScheduler,Microsoft-Windows-TaskScheduler/Operational,2055,4,,,,,%windir%\system32\rundll32.exe,16384,4484,,,,,\Microsoft\Windows\StateRepository\MaintenanceTasks,,,CreatedTaskProcess
