2026-05-18T22:19:10.328774Z,202,dc.scaffold.htb,Microsoft-Windows-TaskScheduler,Microsoft-Windows-TaskScheduler/Operational,3546,2,StorageUsage State Reporter Task Handler,1268,,,,,,,2147746132,,C7F9A721-836E-4DCC-BA71-BFDF6065839F,\Microsoft\Windows\DiskFootprint\StorageSense,,,ActionFailure
2026-05-18T22:19:10.328776Z,103,dc.scaffold.htb,Microsoft-Windows-TaskScheduler,Microsoft-Windows-TaskScheduler/Operational,3547,2,,,C7F9A721-836E-4DCC-BA71-BFDF6065839F,,,,,,2147746132,,,\Microsoft\Windows\DiskFootprint\StorageSense,NT AUTHORITY\SYSTEM,,TaskFailureEvent
2026-05-18T22:19:10.336186Z,201,dc.scaffold.htb,Microsoft-Windows-TaskScheduler,Microsoft-Windows-TaskScheduler/Operational,3548,4,%windir%\system32\disksnapshot.exe,5856,,,,,,,0,,D52B24A0-46A4-4F5F-867A-080A830FC7B5,\Microsoft\Windows\DiskFootprint\Diagnostics,,,ActionSuccess
2026-05-18T22:19:10.336353Z,102,dc.scaffold.htb,Microsoft-Windows-TaskScheduler,Microsoft-Windows-TaskScheduler/Operational,3549,4,,,D52B24A0-46A4-4F5F-867A-080A830FC7B5,,,,,,,,,\Microsoft\Windows\DiskFootprint\Diagnostics,NT AUTHORITY\SYSTEM,,TaskSuccessEvent
2026-05-18T22:19:10.368662Z,201,dc.scaffold.htb,Microsoft-Windows-TaskScheduler,Microsoft-Windows-TaskScheduler/Operational,3550,4,Feature Usage Data Reporting Task Handler,1268,,,,,,,0,,B5FD7F06-E36B-409D-BCC7-3407B965B4EF,\Microsoft\Windows\Flighting\FeatureConfig\UsageDataReporting,,,ActionSuccess
2026-05-18T22:19:10.368663Z,102,dc.scaffold.htb,Microsoft-Windows-TaskScheduler,Microsoft-Windows-TaskScheduler/Operational,3551,4,,,B5FD7F06-E36B-409D-BCC7-3407B965B4EF,,,,,,,,,\Microsoft\Windows\Flighting\FeatureConfig\UsageDataReporting,NT AUTHORITY\SYSTEM,,TaskSuccessEvent
2026-05-18T22:19:10.394928Z,201,dc.scaffold.htb,Microsoft-Windows-TaskScheduler,Microsoft-Windows-TaskScheduler/Operational,3552,4,%windir%\system32\dstokenclean.exe,6488,,,,,,,0,,70565E55-45B2-47A6-807D-32784282CEBC,\Microsoft\Windows\ApplicationData\DsSvcCleanup,,,ActionSuccess
2026-05-18T22:19:10.395172Z,102,dc.scaffold.htb,Microsoft-Windows-TaskScheduler,Microsoft-Windows-TaskScheduler/Operational,3553,4,,,70565E55-45B2-47A6-807D-32784282CEBC,,,,,,,,,\Microsoft\Windows\ApplicationData\DsSvcCleanup,NT AUTHORITY\SYSTEM,,TaskSuccessEvent
2026-05-18T22:19:10.415365Z,201,dc.scaffold.htb,Microsoft-Windows-TaskScheduler,Microsoft-Windows-TaskScheduler/Operational,3554,4,%windir%\system32\sc.exe,2756,,,,,,,2147943456,,D71F20C0-6BF6-4EDC-A5E5-436593A36FA8,\Microsoft\Windows\Time Synchronization\SynchronizeTime,,,ActionSuccess
2026-05-18T22:19:10.415488Z,102,dc.scaffold.htb,Microsoft-Windows-TaskScheduler,Microsoft-Windows-TaskScheduler/Operational,3555,4,,,D71F20C0-6BF6-4EDC-A5E5-436593A36FA8,,,,,,,,,\Microsoft\Windows\Time Synchronization\SynchronizeTime,(NONE),,TaskSuccessEvent
2026-05-18T22:19:10.460130Z,140,dc.scaffold.htb,Microsoft-Windows-TaskScheduler,Microsoft-Windows-TaskScheduler/Operational,3556,4,,,,,,,,,,,,\Microsoft\Windows\.NET Framework\.NET Framework NGEN v4.0.30319 64,,SYSTEM,TaskUpdated
2026-05-18T22:19:10.528611Z,201,dc.scaffold.htb,Microsoft-Windows-TaskScheduler,Microsoft-Windows-TaskScheduler/Operational,3557,4,,1268,,,,,,,0,,FAD5D2D6-3016-4C0B-B189-B5ADDF9EC2B0,\Microsoft\Windows\.NET Framework\.NET Framework NGEN v4.0.30319 64,,,ActionSuccess
2026-05-18T22:19:10.528613Z,102,dc.scaffold.htb,Microsoft-Windows-TaskScheduler,Microsoft-Windows-TaskScheduler/Operational,3558,4,,,FAD5D2D6-3016-4C0B-B189-B5ADDF9EC2B0,,,,,,,,,\Microsoft\Windows\.NET Framework\.NET Framework NGEN v4.0.30319 64,NT AUTHORITY\SYSTEM,,TaskSuccessEvent
2026-05-18T22:19:10.734933Z,201,dc.scaffold.htb,Microsoft-Windows-TaskScheduler,Microsoft-Windows-TaskScheduler/Operational,3559,4,%windir%\system32\rundll32.exe,6424,,,,,,,0,,14952E2E-6C64-45EF-91E1-304E2A3C8EDE,\Microsoft\Windows\Application Experience\StartupAppTask,,,ActionSuccess
2026-05-18T22:19:10.735242Z,102,dc.scaffold.htb,Microsoft-Windows-TaskScheduler,Microsoft-Windows-TaskScheduler/Operational,3560,4,,,14952E2E-6C64-45EF-91E1-304E2A3C8EDE,,,,,,,,,\Microsoft\Windows\Application Experience\StartupAppTask,SCAFFOLD\Administrator,,TaskSuccessEvent
2026-05-18T22:19:10.752854Z,140,dc.scaffold.htb,Microsoft-Windows-TaskScheduler,Microsoft-Windows-TaskScheduler/Operational,3561,4,,,,,,,,,,,,\Microsoft\Windows\.NET Framework\.NET Framework NGEN v4.0.30319,,SYSTEM,TaskUpdated
2026-05-18T22:19:10.852150Z,201,dc.scaffold.htb,Microsoft-Windows-TaskScheduler,Microsoft-Windows-TaskScheduler/Operational,3562,4,,1268,,,,,,,0,,7A1BFED7-6051-4379-BE04-FA6D3DDCEF62,\Microsoft\Windows\.NET Framework\.NET Framework NGEN v4.0.30319,,,ActionSuccess
2026-05-18T22:19:10.852152Z,102,dc.scaffold.htb,Microsoft-Windows-TaskScheduler,Microsoft-Windows-TaskScheduler/Operational,3563,4,,,7A1BFED7-6051-4379-BE04-FA6D3DDCEF62,,,,,,,,,\Microsoft\Windows\.NET Framework\.NET Framework NGEN v4.0.30319,NT AUTHORITY\SYSTEM,,TaskSuccessEvent
2026-05-18T22:19:11.465343Z,325,dc.scaffold.htb,Microsoft-Windows-TaskScheduler,Microsoft-Windows-TaskScheduler/Operational,3564,3,,,,,,,,686B4602-023B-4E8D-A8FD-524F2940E5B0,,,,\Microsoft\Windows\Power Efficiency Diagnostics\AnalyzeSystem,,,TaskInstanceQueued
2026-05-18T22:19:11.467049Z,129,dc.scaffold.htb,Microsoft-Windows-TaskScheduler,Microsoft-Windows-TaskScheduler/Operational,3565,4,,,,,taskhostw.exe,16384,5012,,,,,\Microsoft\Windows\.NET Framework\.NET Framework NGEN v4.0.30319 64,,,CreatedTaskProcess
2026-05-18T22:19:11.467346Z,100,dc.scaffold.htb,Microsoft-Windows-TaskScheduler,Microsoft-Windows-TaskScheduler/Operational,3566,4,,,AAD4BE73-E01A-4D67-8EA5-CE48840FE7C2,,,,,,,,,\Microsoft\Windows\.NET Framework\.NET Framework NGEN v4.0.30319 64,NT AUTHORITY\SYSTEM,,TaskStartEvent
2026-05-18T22:19:11.467348Z,200,dc.scaffold.htb,Microsoft-Windows-TaskScheduler,Microsoft-Windows-TaskScheduler/Operational,3567,4,,5012,,,,,,,,,AAD4BE73-E01A-4D67-8EA5-CE48840FE7C2,\Microsoft\Windows\.NET Framework\.NET Framework NGEN v4.0.30319 64,,,ActionStart
2026-05-18T22:19:11.467762Z,100,dc.scaffold.htb,Microsoft-Windows-TaskScheduler,Microsoft-Windows-TaskScheduler/Operational,3568,4,,,E4915FDA-C929-42E5-8A24-106FF6998C9E,,,,,,,,,\Microsoft\Windows\.NET Framework\.NET Framework NGEN v4.0.30319,NT AUTHORITY\SYSTEM,,TaskStartEvent
2026-05-18T22:19:11.467763Z,200,dc.scaffold.htb,Microsoft-Windows-TaskScheduler,Microsoft-Windows-TaskScheduler/Operational,3569,4,,5012,,,,,,,,,E4915FDA-C929-42E5-8A24-106FF6998C9E,\Microsoft\Windows\.NET Framework\.NET Framework NGEN v4.0.30319,,,ActionStart
2026-05-18T22:19:11.585658Z,140,dc.scaffold.htb,Microsoft-Windows-TaskScheduler,Microsoft-Windows-TaskScheduler/Operational,3570,4,,,,,,,,,,,,\Microsoft\Windows\.NET Framework\.NET Framework NGEN v4.0.30319 64,,SYSTEM,TaskUpdated
2026-05-18T22:19:11.600415Z,140,dc.scaffold.htb,Microsoft-Windows-TaskScheduler,Microsoft-Windows-TaskScheduler/Operational,3571,4,,,,,,,,,,,,\Microsoft\Windows\.NET Framework\.NET Framework NGEN v4.0.30319,,SYSTEM,TaskUpdated
2026-05-18T22:19:11.647935Z,201,dc.scaffold.htb,Microsoft-Windows-TaskScheduler,Microsoft-Windows-TaskScheduler/Operational,3572,4,,5012,,,,,,,0,,AAD4BE73-E01A-4D67-8EA5-CE48840FE7C2,\Microsoft\Windows\.NET Framework\.NET Framework NGEN v4.0.30319 64,,,ActionSuccess
2026-05-18T22:19:11.647936Z,102,dc.scaffold.htb,Microsoft-Windows-TaskScheduler,Microsoft-Windows-TaskScheduler/Operational,3573,4,,,AAD4BE73-E01A-4D67-8EA5-CE48840FE7C2,,,,,,,,,\Microsoft\Windows\.NET Framework\.NET Framework NGEN v4.0.30319 64,NT AUTHORITY\SYSTEM,,TaskSuccessEvent
2026-05-18T22:19:11.667103Z,201,dc.scaffold.htb,Microsoft-Windows-TaskScheduler,Microsoft-Windows-TaskScheduler/Operational,3574,4,,5012,,,,,,,0,,E4915FDA-C929-42E5-8A24-106FF6998C9E,\Microsoft\Windows\.NET Framework\.NET Framework NGEN v4.0.30319,,,ActionSuccess
2026-05-18T22:19:11.667104Z,102,dc.scaffold.htb,Microsoft-Windows-TaskScheduler,Microsoft-Windows-TaskScheduler/Operational,3575,4,,,E4915FDA-C929-42E5-8A24-106FF6998C9E,,,,,,,,,\Microsoft\Windows\.NET Framework\.NET Framework NGEN v4.0.30319,NT AUTHORITY\SYSTEM,,TaskSuccessEvent
2026-05-18T22:19:16.973378Z,201,dc.scaffold.htb,Microsoft-Windows-TaskScheduler,Microsoft-Windows-TaskScheduler/Operational,3576,4,%windir%\system32\cleanmgr.exe,6916,,,,,,,0,,ACBFAA77-A429-4A97-AC94-14E470A960B3,\Microsoft\Windows\DiskCleanup\SilentCleanup,,,ActionSuccess
2026-05-18T22:19:16.973765Z,102,dc.scaffold.htb,Microsoft-Windows-TaskScheduler,Microsoft-Windows-TaskScheduler/Operational,3577,4,,,ACBFAA77-A429-4A97-AC94-14E470A960B3,,,,,,,,,\Microsoft\Windows\DiskCleanup\SilentCleanup,SCAFFOLD\Administrator,,TaskSuccessEvent
2026-05-18T22:19:23.094201Z,201,dc.scaffold.htb,Microsoft-Windows-TaskScheduler,Microsoft-Windows-TaskScheduler/Operational,3578,4,C:\ProgramData\Microsoft\Windows Defender\Platform\4.18.26030.3011-0\MpCmdRun.exe,6072,,,,,,,0,,7A2C8A17-B676-4AF4-A985-CA29C0D3DD6A,\Microsoft\Windows\Windows Defender\Windows Defender Scheduled Scan,,,ActionSuccess
2026-05-18T22:19:23.094418Z,102,dc.scaffold.htb,Microsoft-Windows-TaskScheduler,Microsoft-Windows-TaskScheduler/Operational,3579,4,,,7A2C8A17-B676-4AF4-A985-CA29C0D3DD6A,,,,,,,,,\Microsoft\Windows\Windows Defender\Windows Defender Scheduled Scan,NT AUTHORITY\SYSTEM,,TaskSuccessEvent
2026-05-18T22:19:40.017921Z,141,dc.scaffold.htb,Microsoft-Windows-TaskScheduler,Microsoft-Windows-TaskScheduler/Operational,3580,4,,,,,,,,,,,,\Microsoft\Windows\Windows Defender\Windows Defender Scheduled Scan,,NT AUTHORITY\System,TaskDeleted
2026-05-18T22:19:40.026999Z,106,dc.scaffold.htb,Microsoft-Windows-TaskScheduler,Microsoft-Windows-TaskScheduler/Operational,3581,4,,,,,,,,,,,,\Microsoft\Windows\Windows Defender\Windows Defender Scheduled Scan,SCAFFOLD\DC$,,TaskRegisteredEvent
2026-05-18T22:19:40.027001Z,140,dc.scaffold.htb,Microsoft-Windows-TaskScheduler,Microsoft-Windows-TaskScheduler/Operational,3582,4,,,,,,,,,,,,\Microsoft\Windows\Windows Defender\Windows Defender Scheduled Scan,,SCAFFOLD\DC$,TaskUpdated
2026-05-18T22:20:10.344383Z,201,dc.scaffold.htb,Microsoft-Windows-TaskScheduler,Microsoft-Windows-TaskScheduler/Operational,3583,4,C:\ProgramData\Microsoft\Windows Defender\Platform\4.18.26030.3011-0\MpCmdRun.exe,6200,,,,,,,0,,99561CBB-68D9-4FE2-93A1-962347F5505B,\Microsoft\Windows\Windows Defender\Windows Defender Cache Maintenance,,,ActionSuccess
2026-05-18T22:20:10.344689Z,102,dc.scaffold.htb,Microsoft-Windows-TaskScheduler,Microsoft-Windows-TaskScheduler/Operational,3584,4,,,99561CBB-68D9-4FE2-93A1-962347F5505B,,,,,,,,,\Microsoft\Windows\Windows Defender\Windows Defender Cache Maintenance,NT AUTHORITY\SYSTEM,,TaskSuccessEvent
2026-05-18T22:20:10.348856Z,201,dc.scaffold.htb,Microsoft-Windows-TaskScheduler,Microsoft-Windows-TaskScheduler/Operational,3585,4,C:\ProgramData\Microsoft\Windows Defender\Platform\4.18.26030.3011-0\MpCmdRun.exe,608,,,,,,,0,,470D7EFD-C04A-4470-88CC-C212AE3CACD4,\Microsoft\Windows\Windows Defender\Windows Defender Cleanup,,,ActionSuccess
2026-05-18T22:20:10.349026Z,102,dc.scaffold.htb,Microsoft-Windows-TaskScheduler,Microsoft-Windows-TaskScheduler/Operational,3586,4,,,470D7EFD-C04A-4470-88CC-C212AE3CACD4,,,,,,,,,\Microsoft\Windows\Windows Defender\Windows Defender Cleanup,NT AUTHORITY\SYSTEM,,TaskSuccessEvent
2026-05-18T22:20:43.228383Z,129,dc.scaffold.htb,Microsoft-Windows-TaskScheduler,Microsoft-Windows-TaskScheduler/Operational,3587,4,,,,,%windir%\system32\cleanmgr.exe,16384,5448,,,,,\Microsoft\Windows\DiskCleanup\SilentCleanup,,,CreatedTaskProcess
2026-05-18T22:20:43.228605Z,100,dc.scaffold.htb,Microsoft-Windows-TaskScheduler,Microsoft-Windows-TaskScheduler/Operational,3588,4,,,66A817D9-EFC5-4533-A7FB-564798A2B384,,,,,,,,,\Microsoft\Windows\DiskCleanup\SilentCleanup,SCAFFOLD\Administrator,,TaskStartEvent
2026-05-18T22:20:43.228607Z,200,dc.scaffold.htb,Microsoft-Windows-TaskScheduler,Microsoft-Windows-TaskScheduler/Operational,3589,4,%windir%\system32\cleanmgr.exe,5448,,,,,,,,,66A817D9-EFC5-4533-A7FB-564798A2B384,\Microsoft\Windows\DiskCleanup\SilentCleanup,,,ActionStart
2026-05-18T22:20:43.228727Z,110,dc.scaffold.htb,Microsoft-Windows-TaskScheduler,Microsoft-Windows-TaskScheduler/Operational,3590,4,,,49AEA6D1-97CE-41FF-A9B3-3F4F91B2D3DE,,,,,,,,,\Microsoft\Windows\DiskCleanup\SilentCleanup,Users,,TaskRunEvent
2026-05-18T22:20:46.772305Z,201,dc.scaffold.htb,Microsoft-Windows-TaskScheduler,Microsoft-Windows-TaskScheduler/Operational,3591,4,%windir%\system32\cleanmgr.exe,5448,,,,,,,0,,66A817D9-EFC5-4533-A7FB-564798A2B384,\Microsoft\Windows\DiskCleanup\SilentCleanup,,,ActionSuccess
2026-05-18T22:20:46.772495Z,102,dc.scaffold.htb,Microsoft-Windows-TaskScheduler,Microsoft-Windows-TaskScheduler/Operational,3592,4,,,66A817D9-EFC5-4533-A7FB-564798A2B384,,,,,,,,,\Microsoft\Windows\DiskCleanup\SilentCleanup,SCAFFOLD\Administrator,,TaskSuccessEvent
2026-05-18T22:21:09.680330Z,119,dc.scaffold.htb,Microsoft-Windows-TaskScheduler,Microsoft-Windows-TaskScheduler/Operational,3593,4,,,5811CD6A-AE6E-4D64-ABE0-43490FE5F0B1,,,,,,,,,\Microsoft\Windows\Device Information\Device User,,SCAFFOLD\Administrator,LogonTrigger
2026-05-18T22:21:09.684356Z,129,dc.scaffold.htb,Microsoft-Windows-TaskScheduler,Microsoft-Windows-TaskScheduler/Operational,3594,4,,,,,%windir%\system32\devicecensus.exe,16384,2388,,,,,\Microsoft\Windows\Device Information\Device User,,,CreatedTaskProcess
2026-05-18T22:21:09.684781Z,100,dc.scaffold.htb,Microsoft-Windows-TaskScheduler,Microsoft-Windows-TaskScheduler/Operational,3595,4,,,5811CD6A-AE6E-4D64-ABE0-43490FE5F0B1,,,,,,,,,\Microsoft\Windows\Device Information\Device User,SCAFFOLD\Administrator,,TaskStartEvent
2026-05-18T22:21:09.684784Z,200,dc.scaffold.htb,Microsoft-Windows-TaskScheduler,Microsoft-Windows-TaskScheduler/Operational,3596,4,%windir%\system32\devicecensus.exe,2388,,,,,,,,,5811CD6A-AE6E-4D64-ABE0-43490FE5F0B1,\Microsoft\Windows\Device Information\Device User,,,ActionStart
2026-05-18T22:21:19.052524Z,201,dc.scaffold.htb,Microsoft-Windows-TaskScheduler,Microsoft-Windows-TaskScheduler/Operational,3597,4,%windir%\system32\devicecensus.exe,2388,,,,,,,0,,5811CD6A-AE6E-4D64-ABE0-43490FE5F0B1,\Microsoft\Windows\Device Information\Device User,,,ActionSuccess
2026-05-18T22:21:19.052759Z,102,dc.scaffold.htb,Microsoft-Windows-TaskScheduler,Microsoft-Windows-TaskScheduler/Operational,3598,4,,,5811CD6A-AE6E-4D64-ABE0-43490FE5F0B1,,,,,,,,,\Microsoft\Windows\Device Information\Device User,SCAFFOLD\Administrator,,TaskSuccessEvent
2026-05-18T22:30:55.345473Z,140,dc.scaffold.htb,Microsoft-Windows-TaskScheduler,Microsoft-Windows-TaskScheduler/Operational,3599,4,,,,,,,,,,,,\Microsoft\Windows\WindowsUpdate\Scheduled Start,,NT AUTHORITY\SYSTEM,TaskUpdated
2026-05-18T22:30:59.081122Z,140,dc.scaffold.htb,Microsoft-Windows-TaskScheduler,Microsoft-Windows-TaskScheduler/Operational,3600,4,,,,,,,,,,,,\Microsoft\Windows\Application Experience\Microsoft Compatibility Appraiser,,S-1-5-18,TaskUpdated
2026-05-18T22:30:59.324059Z,201,dc.scaffold.htb,Microsoft-Windows-TaskScheduler,Microsoft-Windows-TaskScheduler/Operational,3601,4,%windir%\system32\compattelrunner.exe,4844,,,,,,,0,,5B01EDEB-A927-454D-9CED-52038696BB39,\Microsoft\Windows\Application Experience\Microsoft Compatibility Appraiser,,,ActionSuccess
2026-05-18T22:30:59.324166Z,102,dc.scaffold.htb,Microsoft-Windows-TaskScheduler,Microsoft-Windows-TaskScheduler/Operational,3602,4,,,5B01EDEB-A927-454D-9CED-52038696BB39,,,,,,,,,\Microsoft\Windows\Application Experience\Microsoft Compatibility Appraiser,NT AUTHORITY\SYSTEM,,TaskSuccessEvent
2026-05-18T22:34:42.799991Z,201,dc.scaffold.htb,Microsoft-Windows-TaskScheduler,Microsoft-Windows-TaskScheduler/Operational,3603,4,%windir%\system32\compattelrunner.exe,6480,,,,,,,0,,2DB00B49-2169-4819-AF3A-B3F518E0776B,\Microsoft\Windows\Application Experience\ProgramDataUpdater,,,ActionSuccess
2026-05-18T22:34:42.800232Z,102,dc.scaffold.htb,Microsoft-Windows-TaskScheduler,Microsoft-Windows-TaskScheduler/Operational,3604,4,,,2DB00B49-2169-4819-AF3A-B3F518E0776B,,,,,,,,,\Microsoft\Windows\Application Experience\ProgramDataUpdater,NT AUTHORITY\SYSTEM,,TaskSuccessEvent
2026-05-18T22:34:43.821773Z,129,dc.scaffold.htb,Microsoft-Windows-TaskScheduler,Microsoft-Windows-TaskScheduler/Operational,3605,4,,,,,taskhostw.exe,16384,1980,,,,,\Microsoft\Windows\Power Efficiency Diagnostics\AnalyzeSystem,,,CreatedTaskProcess
2026-05-18T22:34:43.822255Z,100,dc.scaffold.htb,Microsoft-Windows-TaskScheduler,Microsoft-Windows-TaskScheduler/Operational,3606,4,,,686B4602-023B-4E8D-A8FD-524F2940E5B0,,,,,,,,,\Microsoft\Windows\Power Efficiency Diagnostics\AnalyzeSystem,NT AUTHORITY\SYSTEM,,TaskStartEvent
2026-05-18T22:34:43.822258Z,200,dc.scaffold.htb,Microsoft-Windows-TaskScheduler,Microsoft-Windows-TaskScheduler/Operational,3607,4,,1980,,,,,,,,,686B4602-023B-4E8D-A8FD-524F2940E5B0,\Microsoft\Windows\Power Efficiency Diagnostics\AnalyzeSystem,,,ActionStart
2026-05-18T22:35:44.894250Z,201,dc.scaffold.htb,Microsoft-Windows-TaskScheduler,Microsoft-Windows-TaskScheduler/Operational,3608,4,,1980,,,,,,,0,,686B4602-023B-4E8D-A8FD-524F2940E5B0,\Microsoft\Windows\Power Efficiency Diagnostics\AnalyzeSystem,,,ActionSuccess
2026-05-18T22:35:44.894251Z,102,dc.scaffold.htb,Microsoft-Windows-TaskScheduler,Microsoft-Windows-TaskScheduler/Operational,3609,4,,,686B4602-023B-4E8D-A8FD-524F2940E5B0,,,,,,,,,\Microsoft\Windows\Power Efficiency Diagnostics\AnalyzeSystem,NT AUTHORITY\SYSTEM,,TaskSuccessEvent
2026-05-18T22:39:23.504297Z,107,dc.scaffold.htb,Microsoft-Windows-TaskScheduler,Microsoft-Windows-TaskScheduler/Operational,3610,4,,,944271EF-EE70-411F-AAB7-BCCAC3FBF73D,,,,,,,,,\MicrosoftEdgeUpdateTaskMachineUA,,,TimeTriggerEvent
2026-05-18T22:39:23.509090Z,129,dc.scaffold.htb,Microsoft-Windows-TaskScheduler,Microsoft-Windows-TaskScheduler/Operational,3611,4,,,,,C:\Program Files (x86)\Microsoft\EdgeUpdate\MicrosoftEdgeUpdate.exe,32,4572,,,,,\MicrosoftEdgeUpdateTaskMachineUA,,,CreatedTaskProcess
2026-05-18T22:39:23.509587Z,100,dc.scaffold.htb,Microsoft-Windows-TaskScheduler,Microsoft-Windows-TaskScheduler/Operational,3612,4,,,944271EF-EE70-411F-AAB7-BCCAC3FBF73D,,,,,,,,,\MicrosoftEdgeUpdateTaskMachineUA,NT AUTHORITY\SYSTEM,,TaskStartEvent
2026-05-18T22:39:23.509590Z,200,dc.scaffold.htb,Microsoft-Windows-TaskScheduler,Microsoft-Windows-TaskScheduler/Operational,3613,4,C:\Program Files (x86)\Microsoft\EdgeUpdate\MicrosoftEdgeUpdate.exe,4572,,,,,,,,,944271EF-EE70-411F-AAB7-BCCAC3FBF73D,\MicrosoftEdgeUpdateTaskMachineUA,,,ActionStart
2026-05-18T22:39:23.547482Z,201,dc.scaffold.htb,Microsoft-Windows-TaskScheduler,Microsoft-Windows-TaskScheduler/Operational,3614,4,C:\Program Files (x86)\Microsoft\EdgeUpdate\MicrosoftEdgeUpdate.exe,4572,,,,,,,0,,944271EF-EE70-411F-AAB7-BCCAC3FBF73D,\MicrosoftEdgeUpdateTaskMachineUA,,,ActionSuccess
2026-05-18T22:39:23.547594Z,102,dc.scaffold.htb,Microsoft-Windows-TaskScheduler,Microsoft-Windows-TaskScheduler/Operational,3615,4,,,944271EF-EE70-411F-AAB7-BCCAC3FBF73D,,,,,,,,,\MicrosoftEdgeUpdateTaskMachineUA,NT AUTHORITY\SYSTEM,,TaskSuccessEvent
2026-05-18T22:44:29.915135Z,140,dc.scaffold.htb,Microsoft-Windows-TaskScheduler,Microsoft-Windows-TaskScheduler/Operational,3616,4,,,,,,,,,,,,\Microsoft\Windows\WindowsUpdate\Scheduled Start,,NT AUTHORITY\SYSTEM,TaskUpdated
2026-05-18T22:49:09.682196Z,118,dc.scaffold.htb,Microsoft-Windows-TaskScheduler,Microsoft-Windows-TaskScheduler/Operational,3617,4,,,70343BFF-CB3C-46B4-BC9D-043D644808BF,,,,,,,,,\Microsoft\Windows\Autochk\Proxy,,,BootTrigger
2026-05-18T22:49:09.687249Z,129,dc.scaffold.htb,Microsoft-Windows-TaskScheduler,Microsoft-Windows-TaskScheduler/Operational,3618,4,,,,,%windir%\system32\rundll32.exe,16384,2432,,,,,\Microsoft\Windows\Autochk\Proxy,,,CreatedTaskProcess
2026-05-18T22:49:09.687943Z,100,dc.scaffold.htb,Microsoft-Windows-TaskScheduler,Microsoft-Windows-TaskScheduler/Operational,3619,4,,,70343BFF-CB3C-46B4-BC9D-043D644808BF,,,,,,,,,\Microsoft\Windows\Autochk\Proxy,NT AUTHORITY\SYSTEM,,TaskStartEvent
2026-05-18T22:49:09.687947Z,200,dc.scaffold.htb,Microsoft-Windows-TaskScheduler,Microsoft-Windows-TaskScheduler/Operational,3620,4,%windir%\system32\rundll32.exe,2432,,,,,,,,,70343BFF-CB3C-46B4-BC9D-043D644808BF,\Microsoft\Windows\Autochk\Proxy,,,ActionStart
2026-05-18T22:49:09.710256Z,201,dc.scaffold.htb,Microsoft-Windows-TaskScheduler,Microsoft-Windows-TaskScheduler/Operational,3621,4,%windir%\system32\rundll32.exe,2432,,,,,,,0,,70343BFF-CB3C-46B4-BC9D-043D644808BF,\Microsoft\Windows\Autochk\Proxy,,,ActionSuccess
2026-05-18T22:49:09.710368Z,102,dc.scaffold.htb,Microsoft-Windows-TaskScheduler,Microsoft-Windows-TaskScheduler/Operational,3622,4,,,70343BFF-CB3C-46B4-BC9D-043D644808BF,,,,,,,,,\Microsoft\Windows\Autochk\Proxy,NT AUTHORITY\SYSTEM,,TaskSuccessEvent
2026-05-18T22:58:18.041207Z,201,dc.scaffold.htb,Microsoft-Windows-TaskScheduler,Microsoft-Windows-TaskScheduler/Operational,3623,4,C:\Windows\Explorer.EXE,5228,,,,,,,2147942404,,17ACA7A0-600D-4747-B135-F5A532FA2F0A,\CreateExplorerShellUnelevatedTask,,,ActionSuccess
2026-05-18T22:58:18.041673Z,102,dc.scaffold.htb,Microsoft-Windows-TaskScheduler,Microsoft-Windows-TaskScheduler/Operational,3624,4,,,17ACA7A0-600D-4747-B135-F5A532FA2F0A,,,,,,,,,\CreateExplorerShellUnelevatedTask,SCAFFOLD\Administrator,,TaskSuccessEvent
2026-05-18T22:58:18.066299Z,202,dc.scaffold.htb,Microsoft-Windows-TaskScheduler,Microsoft-Windows-TaskScheduler/Operational,3625,2,Wininet Cache task object,1528,,,,,,,2147942404,,1E2AF7D6-9017-4BA9-9420-4B242010DC14,\Microsoft\Windows\Wininet\CacheTask,,,ActionFailure
2026-05-18T22:58:18.066305Z,103,dc.scaffold.htb,Microsoft-Windows-TaskScheduler,Microsoft-Windows-TaskScheduler/Operational,3626,2,,,1E2AF7D6-9017-4BA9-9420-4B242010DC14,,,,,,2147942404,,,\Microsoft\Windows\Wininet\CacheTask,,,TaskFailureEvent
2026-05-18T22:58:18.261304Z,201,dc.scaffold.htb,Microsoft-Windows-TaskScheduler,Microsoft-Windows-TaskScheduler/Operational,3627,4,C:\Program Files (x86)\Microsoft\EdgeUpdate\MicrosoftEdgeUpdate.exe,3488,,,,,,,2147943691,,AB4C225C-0A78-44EB-B2A2-BDC9479D11AF,\MicrosoftEdgeUpdateTaskMachineCore,,,ActionSuccess
2026-05-18T22:58:18.261369Z,102,dc.scaffold.htb,Microsoft-Windows-TaskScheduler,Microsoft-Windows-TaskScheduler/Operational,3628,4,,,AB4C225C-0A78-44EB-B2A2-BDC9479D11AF,,,,,,,,,\MicrosoftEdgeUpdateTaskMachineCore,NT AUTHORITY\SYSTEM,,TaskSuccessEvent
2026-05-18T22:58:18.261387Z,111,dc.scaffold.htb,Microsoft-Windows-TaskScheduler,Microsoft-Windows-TaskScheduler/Operational,3629,4,,,AB4C225C-0A78-44EB-B2A2-BDC9479D11AF,,,,,,,,,\MicrosoftEdgeUpdateTaskMachineCore,,,TaskTerminationEvent
2026-05-18T22:58:18.426141Z,402,dc.scaffold.htb,Microsoft-Windows-TaskScheduler,Microsoft-Windows-TaskScheduler/Operational,3630,4,,,,ServiceStopEvent,,,,,,,,,,,
2026-05-18T23:40:00.531312Z,700,dc.scaffold.htb,Microsoft-Windows-TaskScheduler,Microsoft-Windows-TaskScheduler/Operational,3631,4,,,,CompatibilityAdapterLaunch,,,,,,,,,,,
2026-05-18T23:40:00.610585Z,400,dc.scaffold.htb,Microsoft-Windows-TaskScheduler,Microsoft-Windows-TaskScheduler/Operational,3632,4,,,,ServiceStartEvent,,,,,,,,,,,
2026-05-18T23:40:00.631395Z,118,dc.scaffold.htb,Microsoft-Windows-TaskScheduler,Microsoft-Windows-TaskScheduler/Operational,3633,4,,,E4D4EF0A-45AA-442D-91D0-B093232123BB,,,,,,,,,\Microsoft\Windows\ExploitGuard\ExploitGuard MDM policy Refresh,,,BootTrigger
2026-05-18T23:40:00.632221Z,129,dc.scaffold.htb,Microsoft-Windows-TaskScheduler,Microsoft-Windows-TaskScheduler/Operational,3634,4,,,,,%windir%\system32\dxgiadaptercache.exe,16384,2112,,,,,\Microsoft\Windows\DirectX\DXGIAdapterCache,,,CreatedTaskProcess
2026-05-18T23:40:00.632604Z,100,dc.scaffold.htb,Microsoft-Windows-TaskScheduler,Microsoft-Windows-TaskScheduler/Operational,3635,4,,,271B4BAB-3378-4C20-A531-D32BEE40F0CA,,,,,,,,,\Microsoft\Windows\DirectX\DXGIAdapterCache,NT AUTHORITY\SYSTEM,,TaskStartEvent
2026-05-18T23:40:00.632606Z,200,dc.scaffold.htb,Microsoft-Windows-TaskScheduler,Microsoft-Windows-TaskScheduler/Operational,3636,4,%windir%\system32\dxgiadaptercache.exe,2112,,,,,,,,,271B4BAB-3378-4C20-A531-D32BEE40F0CA,\Microsoft\Windows\DirectX\DXGIAdapterCache,,,ActionStart
2026-05-18T23:40:00.634083Z,129,dc.scaffold.htb,Microsoft-Windows-TaskScheduler,Microsoft-Windows-TaskScheduler/Operational,3637,4,,,,,taskhostw.exe,16384,2120,,,,,\Microsoft\Windows\ExploitGuard\ExploitGuard MDM policy Refresh,,,CreatedTaskProcess
2026-05-18T23:40:00.634202Z,100,dc.scaffold.htb,Microsoft-Windows-TaskScheduler,Microsoft-Windows-TaskScheduler/Operational,3638,4,,,E4D4EF0A-45AA-442D-91D0-B093232123BB,,,,,,,,,\Microsoft\Windows\ExploitGuard\ExploitGuard MDM policy Refresh,NT AUTHORITY\SYSTEM,,TaskStartEvent
2026-05-18T23:40:00.634203Z,200,dc.scaffold.htb,Microsoft-Windows-TaskScheduler,Microsoft-Windows-TaskScheduler/Operational,3639,4,,2120,,,,,,,,,E4D4EF0A-45AA-442D-91D0-B093232123BB,\Microsoft\Windows\ExploitGuard\ExploitGuard MDM policy Refresh,,,ActionStart
2026-05-18T23:40:00.877196Z,101,dc.scaffold.htb,Microsoft-Windows-TaskScheduler,Microsoft-Windows-TaskScheduler/Operational,3640,2,,,,,,,,,2147943568,,,\Microsoft\Windows\Workplace Join\Automatic-Device-Join,(default user),,TaskStartFailedEvent
2026-05-18T23:40:01.080588Z,100,dc.scaffold.htb,Microsoft-Windows-TaskScheduler,Microsoft-Windows-TaskScheduler/Operational,3641,4,,,BCD6D808-1A67-442D-B3C3-2E8CADD31580,,,,,,,,,\Microsoft\Windows\WwanSvc\OobeDiscovery,NT AUTHORITY\SYSTEM,,TaskStartEvent
2026-05-18T23:40:01.080590Z,200,dc.scaffold.htb,Microsoft-Windows-TaskScheduler,Microsoft-Windows-TaskScheduler/Operational,3642,4,OobeEsimTaskManager,2120,,,,,,,,,BCD6D808-1A67-442D-B3C3-2E8CADD31580,\Microsoft\Windows\WwanSvc\OobeDiscovery,,,ActionStart
2026-05-18T23:40:01.134721Z,129,dc.scaffold.htb,Microsoft-Windows-TaskScheduler,Microsoft-Windows-TaskScheduler/Operational,3643,4,,,,,taskhostw.exe,16384,2636,,,,,\Microsoft\Windows\Time Synchronization\ForceSynchronizeTime,,,CreatedTaskProcess
2026-05-18T23:40:01.134926Z,100,dc.scaffold.htb,Microsoft-Windows-TaskScheduler,Microsoft-Windows-TaskScheduler/Operational,3644,4,,,5A79DE06-B4FD-4BE7-AC4D-960D86BF1E81,,,,,,,,,\Microsoft\Windows\Time Synchronization\ForceSynchronizeTime,(NONE),,TaskStartEvent
2026-05-18T23:40:01.134936Z,200,dc.scaffold.htb,Microsoft-Windows-TaskScheduler,Microsoft-Windows-TaskScheduler/Operational,3645,4,Time Synchronization Task Handler,2636,,,,,,,,,5A79DE06-B4FD-4BE7-AC4D-960D86BF1E81,\Microsoft\Windows\Time Synchronization\ForceSynchronizeTime,,,ActionStart
2026-05-18T23:40:01.193224Z,201,dc.scaffold.htb,Microsoft-Windows-TaskScheduler,Microsoft-Windows-TaskScheduler/Operational,3646,4,Time Synchronization Task Handler,2636,,,,,,,0,,5A79DE06-B4FD-4BE7-AC4D-960D86BF1E81,\Microsoft\Windows\Time Synchronization\ForceSynchronizeTime,,,ActionSuccess
2026-05-18T23:40:01.193225Z,102,dc.scaffold.htb,Microsoft-Windows-TaskScheduler,Microsoft-Windows-TaskScheduler/Operational,3647,4,,,5A79DE06-B4FD-4BE7-AC4D-960D86BF1E81,,,,,,,,,\Microsoft\Windows\Time Synchronization\ForceSynchronizeTime,(NONE),,TaskSuccessEvent
2026-05-18T23:40:01.208780Z,108,dc.scaffold.htb,Microsoft-Windows-TaskScheduler,Microsoft-Windows-TaskScheduler/Operational,3648,4,,,D4A16905-7C84-4E7A-9DF6-39D5C2B19425,,,,,,,,,\Microsoft\Windows\SoftwareProtectionPlatform\SvcRestartTaskNetwork,,,EventTriggerEvent
2026-05-18T23:40:01.210650Z,129,dc.scaffold.htb,Microsoft-Windows-TaskScheduler,Microsoft-Windows-TaskScheduler/Operational,3649,4,,,,,taskhostw.exe,16384,2696,,,,,\Microsoft\Windows\SoftwareProtectionPlatform\SvcRestartTaskNetwork,,,CreatedTaskProcess
2026-05-18T23:40:01.210774Z,100,dc.scaffold.htb,Microsoft-Windows-TaskScheduler,Microsoft-Windows-TaskScheduler/Operational,3650,4,,,D4A16905-7C84-4E7A-9DF6-39D5C2B19425,,,,,,,,,\Microsoft\Windows\SoftwareProtectionPlatform\SvcRestartTaskNetwork,(NONE),,TaskStartEvent
2026-05-18T23:40:01.210775Z,200,dc.scaffold.htb,Microsoft-Windows-TaskScheduler,Microsoft-Windows-TaskScheduler/Operational,3651,4,SppSvcRestartTaskHandler Class,2696,,,,,,,,,D4A16905-7C84-4E7A-9DF6-39D5C2B19425,\Microsoft\Windows\SoftwareProtectionPlatform\SvcRestartTaskNetwork,,,ActionStart
2026-05-18T23:40:01.273723Z,201,dc.scaffold.htb,Microsoft-Windows-TaskScheduler,Microsoft-Windows-TaskScheduler/Operational,3652,4,%windir%\system32\dxgiadaptercache.exe,2112,,,,,,,0,,271B4BAB-3378-4C20-A531-D32BEE40F0CA,\Microsoft\Windows\DirectX\DXGIAdapterCache,,,ActionSuccess
2026-05-18T23:40:01.273906Z,102,dc.scaffold.htb,Microsoft-Windows-TaskScheduler,Microsoft-Windows-TaskScheduler/Operational,3653,4,,,271B4BAB-3378-4C20-A531-D32BEE40F0CA,,,,,,,,,\Microsoft\Windows\DirectX\DXGIAdapterCache,NT AUTHORITY\SYSTEM,,TaskSuccessEvent
2026-05-18T23:40:01.289804Z,201,dc.scaffold.htb,Microsoft-Windows-TaskScheduler,Microsoft-Windows-TaskScheduler/Operational,3654,4,,2120,,,,,,,0,,E4D4EF0A-45AA-442D-91D0-B093232123BB,\Microsoft\Windows\ExploitGuard\ExploitGuard MDM policy Refresh,,,ActionSuccess
2026-05-18T23:40:01.289805Z,102,dc.scaffold.htb,Microsoft-Windows-TaskScheduler,Microsoft-Windows-TaskScheduler/Operational,3655,4,,,E4D4EF0A-45AA-442D-91D0-B093232123BB,,,,,,,,,\Microsoft\Windows\ExploitGuard\ExploitGuard MDM policy Refresh,NT AUTHORITY\SYSTEM,,TaskSuccessEvent
2026-05-18T23:40:01.429154Z,201,dc.scaffold.htb,Microsoft-Windows-TaskScheduler,Microsoft-Windows-TaskScheduler/Operational,3656,4,OobeEsimTaskManager,2120,,,,,,,0,,BCD6D808-1A67-442D-B3C3-2E8CADD31580,\Microsoft\Windows\WwanSvc\OobeDiscovery,,,ActionSuccess
2026-05-18T23:40:01.429155Z,102,dc.scaffold.htb,Microsoft-Windows-TaskScheduler,Microsoft-Windows-TaskScheduler/Operational,3657,4,,,BCD6D808-1A67-442D-B3C3-2E8CADD31580,,,,,,,,,\Microsoft\Windows\WwanSvc\OobeDiscovery,NT AUTHORITY\SYSTEM,,TaskSuccessEvent
2026-05-18T23:40:01.591373Z,201,dc.scaffold.htb,Microsoft-Windows-TaskScheduler,Microsoft-Windows-TaskScheduler/Operational,3658,4,SppSvcRestartTaskHandler Class,2696,,,,,,,0,,D4A16905-7C84-4E7A-9DF6-39D5C2B19425,\Microsoft\Windows\SoftwareProtectionPlatform\SvcRestartTaskNetwork,,,ActionSuccess
2026-05-18T23:40:01.591374Z,102,dc.scaffold.htb,Microsoft-Windows-TaskScheduler,Microsoft-Windows-TaskScheduler/Operational,3659,4,,,D4A16905-7C84-4E7A-9DF6-39D5C2B19425,,,,,,,,,\Microsoft\Windows\SoftwareProtectionPlatform\SvcRestartTaskNetwork,(NONE),,TaskSuccessEvent
2026-05-18T23:40:01.896015Z,325,dc.scaffold.htb,Microsoft-Windows-TaskScheduler,Microsoft-Windows-TaskScheduler/Operational,3660,3,,,,,,,,0CB11F73-D90D-488F-A8E5-07605DEA8F5B,,,,\Microsoft\Windows\Workplace Join\Automatic-Device-Join,,,TaskInstanceQueued
2026-05-18T23:40:01.896085Z,110,dc.scaffold.htb,Microsoft-Windows-TaskScheduler,Microsoft-Windows-TaskScheduler/Operational,3661,4,,,0CB11F73-D90D-488F-A8E5-07605DEA8F5B,,,,,,,,,\Microsoft\Windows\Workplace Join\Automatic-Device-Join,System,,TaskRunEvent
2026-05-18T23:40:01.898917Z,129,dc.scaffold.htb,Microsoft-Windows-TaskScheduler,Microsoft-Windows-TaskScheduler/Operational,3662,4,,,,,%SystemRoot%\System32\dsregcmd.exe,16384,2888,,,,,\Microsoft\Windows\Workplace Join\Automatic-Device-Join,,,CreatedTaskProcess
2026-05-18T23:40:01.899017Z,100,dc.scaffold.htb,Microsoft-Windows-TaskScheduler,Microsoft-Windows-TaskScheduler/Operational,3663,4,,,0CB11F73-D90D-488F-A8E5-07605DEA8F5B,,,,,,,,,\Microsoft\Windows\Workplace Join\Automatic-Device-Join,NT AUTHORITY\SYSTEM,,TaskStartEvent
2026-05-18T23:40:01.899018Z,200,dc.scaffold.htb,Microsoft-Windows-TaskScheduler,Microsoft-Windows-TaskScheduler/Operational,3664,4,%SystemRoot%\System32\dsregcmd.exe,2888,,,,,,,,,0CB11F73-D90D-488F-A8E5-07605DEA8F5B,\Microsoft\Windows\Workplace Join\Automatic-Device-Join,,,ActionStart
2026-05-18T23:40:11.121817Z,118,dc.scaffold.htb,Microsoft-Windows-TaskScheduler,Microsoft-Windows-TaskScheduler/Operational,3665,4,,,90119C7D-CAB2-4F92-B8B7-6E2136C543A6,,,,,,,,,\Microsoft\Windows\CertificateServicesClient\SystemTask,,,BootTrigger
2026-05-18T23:40:11.124033Z,129,dc.scaffold.htb,Microsoft-Windows-TaskScheduler,Microsoft-Windows-TaskScheduler/Operational,3666,4,,,,,taskhostw.exe,16384,4648,,,,,\Microsoft\Windows\CertificateServicesClient\SystemTask,,,CreatedTaskProcess
2026-05-18T23:40:11.124144Z,100,dc.scaffold.htb,Microsoft-Windows-TaskScheduler,Microsoft-Windows-TaskScheduler/Operational,3667,4,,,90119C7D-CAB2-4F92-B8B7-6E2136C543A6,,,,,,,,,\Microsoft\Windows\CertificateServicesClient\SystemTask,NT AUTHORITY\SYSTEM,,TaskStartEvent
2026-05-18T23:40:11.124145Z,200,dc.scaffold.htb,Microsoft-Windows-TaskScheduler,Microsoft-Windows-TaskScheduler/Operational,3668,4,Certificate Services Client Task Handler,4648,,,,,,,,,90119C7D-CAB2-4F92-B8B7-6E2136C543A6,\Microsoft\Windows\CertificateServicesClient\SystemTask,,,ActionStart
2026-05-18T23:40:28.552530Z,201,dc.scaffold.htb,Microsoft-Windows-TaskScheduler,Microsoft-Windows-TaskScheduler/Operational,3669,4,Certificate Services Client Task Handler,4648,,,,,,,0,,90119C7D-CAB2-4F92-B8B7-6E2136C543A6,\Microsoft\Windows\CertificateServicesClient\SystemTask,,,ActionSuccess
2026-05-18T23:40:28.552531Z,102,dc.scaffold.htb,Microsoft-Windows-TaskScheduler,Microsoft-Windows-TaskScheduler/Operational,3670,4,,,90119C7D-CAB2-4F92-B8B7-6E2136C543A6,,,,,,,,,\Microsoft\Windows\CertificateServicesClient\SystemTask,NT AUTHORITY\SYSTEM,,TaskSuccessEvent
2026-05-18T23:40:40.439035Z,201,dc.scaffold.htb,Microsoft-Windows-TaskScheduler,Microsoft-Windows-TaskScheduler/Operational,3671,4,%SystemRoot%\System32\dsregcmd.exe,2888,,,,,,,0,,0CB11F73-D90D-488F-A8E5-07605DEA8F5B,\Microsoft\Windows\Workplace Join\Automatic-Device-Join,,,ActionSuccess
2026-05-18T23:40:40.439198Z,102,dc.scaffold.htb,Microsoft-Windows-TaskScheduler,Microsoft-Windows-TaskScheduler/Operational,3672,4,,,0CB11F73-D90D-488F-A8E5-07605DEA8F5B,,,,,,,,,\Microsoft\Windows\Workplace Join\Automatic-Device-Join,NT AUTHORITY\SYSTEM,,TaskSuccessEvent
2026-05-18T23:41:01.115384Z,118,dc.scaffold.htb,Microsoft-Windows-TaskScheduler,Microsoft-Windows-TaskScheduler/Operational,3673,4,,,6A7B69C7-6F69-4D66-843E-66897083563C,,,,,,,,,\Microsoft\Windows\DirectX\DXGIAdapterCache,,,BootTrigger
2026-05-18T23:41:01.115423Z,118,dc.scaffold.htb,Microsoft-Windows-TaskScheduler,Microsoft-Windows-TaskScheduler/Operational,3674,4,,,6F745AE0-CE7F-4B56-B17F-75F2A7665305,,,,,,,,,\Microsoft\Windows\Software Inventory Logging\Configuration,,,BootTrigger
2026-05-18T23:41:01.118636Z,129,dc.scaffold.htb,Microsoft-Windows-TaskScheduler,Microsoft-Windows-TaskScheduler/Operational,3675,4,,,,,%windir%\system32\dxgiadaptercache.exe,16384,4664,,,,,\Microsoft\Windows\DirectX\DXGIAdapterCache,,,CreatedTaskProcess
2026-05-18T23:41:01.118884Z,100,dc.scaffold.htb,Microsoft-Windows-TaskScheduler,Microsoft-Windows-TaskScheduler/Operational,3676,4,,,6A7B69C7-6F69-4D66-843E-66897083563C,,,,,,,,,\Microsoft\Windows\DirectX\DXGIAdapterCache,NT AUTHORITY\SYSTEM,,TaskStartEvent
2026-05-18T23:41:01.118887Z,200,dc.scaffold.htb,Microsoft-Windows-TaskScheduler,Microsoft-Windows-TaskScheduler/Operational,3677,4,%windir%\system32\dxgiadaptercache.exe,4664,,,,,,,,,6A7B69C7-6F69-4D66-843E-66897083563C,\Microsoft\Windows\DirectX\DXGIAdapterCache,,,ActionStart
2026-05-18T23:41:01.119055Z,129,dc.scaffold.htb,Microsoft-Windows-TaskScheduler,Microsoft-Windows-TaskScheduler/Operational,3678,4,,,,,%systemroot%\system32\cmd.exe,16384,5500,,,,,\Microsoft\Windows\Software Inventory Logging\Configuration,,,CreatedTaskProcess
2026-05-18T23:41:01.119279Z,100,dc.scaffold.htb,Microsoft-Windows-TaskScheduler,Microsoft-Windows-TaskScheduler/Operational,3679,4,,,6F745AE0-CE7F-4B56-B17F-75F2A7665305,,,,,,,,,\Microsoft\Windows\Software Inventory Logging\Configuration,NT AUTHORITY\SYSTEM,,TaskStartEvent
2026-05-18T23:41:01.119282Z,200,dc.scaffold.htb,Microsoft-Windows-TaskScheduler,Microsoft-Windows-TaskScheduler/Operational,3680,4,%systemroot%\system32\cmd.exe,5500,,,,,,,,,6F745AE0-CE7F-4B56-B17F-75F2A7665305,\Microsoft\Windows\Software Inventory Logging\Configuration,,,ActionStart
2026-05-18T23:41:01.141375Z,201,dc.scaffold.htb,Microsoft-Windows-TaskScheduler,Microsoft-Windows-TaskScheduler/Operational,3681,4,%windir%\system32\dxgiadaptercache.exe,4664,,,,,,,0,,6A7B69C7-6F69-4D66-843E-66897083563C,\Microsoft\Windows\DirectX\DXGIAdapterCache,,,ActionSuccess
2026-05-18T23:41:01.141497Z,102,dc.scaffold.htb,Microsoft-Windows-TaskScheduler,Microsoft-Windows-TaskScheduler/Operational,3682,4,,,6A7B69C7-6F69-4D66-843E-66897083563C,,,,,,,,,\Microsoft\Windows\DirectX\DXGIAdapterCache,NT AUTHORITY\SYSTEM,,TaskSuccessEvent
2026-05-18T23:41:01.168728Z,201,dc.scaffold.htb,Microsoft-Windows-TaskScheduler,Microsoft-Windows-TaskScheduler/Operational,3683,4,%systemroot%\system32\cmd.exe,5500,,,,,,,0,,6F745AE0-CE7F-4B56-B17F-75F2A7665305,\Microsoft\Windows\Software Inventory Logging\Configuration,,,ActionSuccess
2026-05-18T23:41:01.168843Z,102,dc.scaffold.htb,Microsoft-Windows-TaskScheduler,Microsoft-Windows-TaskScheduler/Operational,3684,4,,,6F745AE0-CE7F-4B56-B17F-75F2A7665305,,,,,,,,,\Microsoft\Windows\Software Inventory Logging\Configuration,NT AUTHORITY\SYSTEM,,TaskSuccessEvent
2026-05-18T23:42:11.678898Z,140,dc.scaffold.htb,Microsoft-Windows-TaskScheduler,Microsoft-Windows-TaskScheduler/Operational,3685,4,,,,,,,,,,,,\Microsoft\Windows\Application Experience\PcaPatchDbTask,,SCAFFOLD\DC$,TaskUpdated
2026-05-18T23:42:14.133063Z,140,dc.scaffold.htb,Microsoft-Windows-TaskScheduler,Microsoft-Windows-TaskScheduler/Operational,3686,4,,,,,,,,,,,,\Microsoft\Windows\UpdateOrchestrator\Schedule Scan,,S-1-5-18,TaskUpdated
2026-05-18T23:42:14.154643Z,140,dc.scaffold.htb,Microsoft-Windows-TaskScheduler,Microsoft-Windows-TaskScheduler/Operational,3687,4,,,,,,,,,,,,\Microsoft\Windows\UpdateOrchestrator\Schedule Scan,,SCAFFOLD\DC$,TaskUpdated
2026-05-18T23:42:30.316171Z,119,dc.scaffold.htb,Microsoft-Windows-TaskScheduler,Microsoft-Windows-TaskScheduler/Operational,3688,4,,,AC7FFD48-104E-4807-BD83-CF3AA6E9E6CC,,,,,,,,,\Microsoft\Windows\CertificateServicesClient\UserTask,,SCAFFOLD\Administrator,LogonTrigger
2026-05-18T23:42:30.316205Z,119,dc.scaffold.htb,Microsoft-Windows-TaskScheduler,Microsoft-Windows-TaskScheduler/Operational,3689,4,,,5B200313-D730-4F43-9B51-CC7854A4EBFC,,,,,,,,,\Microsoft\Windows\Server Manager\ServerManager,,SCAFFOLD\Administrator,LogonTrigger
2026-05-18T23:42:30.316832Z,119,dc.scaffold.htb,Microsoft-Windows-TaskScheduler,Microsoft-Windows-TaskScheduler/Operational,3690,4,,,2136C9DA-D8FD-48D2-91DF-930DD14F1D53,,,,,,,,,\Microsoft\Windows\TextServicesFramework\MsCtfMonitor,,SCAFFOLD\Administrator,LogonTrigger
2026-05-18T23:42:30.318271Z,119,dc.scaffold.htb,Microsoft-Windows-TaskScheduler,Microsoft-Windows-TaskScheduler/Operational,3691,4,,,32B94C25-D7AB-4BCE-BC02-B839B9B83A60,,,,,,,,,\Microsoft\Windows\WindowsColorSystem\Calibration Loader,,SCAFFOLD\Administrator,LogonTrigger
2026-05-18T23:42:30.318311Z,119,dc.scaffold.htb,Microsoft-Windows-TaskScheduler,Microsoft-Windows-TaskScheduler/Operational,3692,4,,,7B049731-6777-41E4-9330-F5C7B9BFCABD,,,,,,,,,\Microsoft\Windows\Wininet\CacheTask,,SCAFFOLD\Administrator,LogonTrigger
2026-05-18T23:42:30.318790Z,119,dc.scaffold.htb,Microsoft-Windows-TaskScheduler,Microsoft-Windows-TaskScheduler/Operational,3693,4,,,06AF1283-AD2D-481F-A374-EFF03AF1E306,,,,,,,,,\Microsoft\Windows\SoftwareProtectionPlatform\SvcRestartTaskLogon,,SCAFFOLD\Administrator,LogonTrigger
2026-05-18T23:42:30.318836Z,129,dc.scaffold.htb,Microsoft-Windows-TaskScheduler,Microsoft-Windows-TaskScheduler/Operational,3694,4,,,,,taskhostw.exe,32,1464,,,,,\Microsoft\Windows\CertificateServicesClient\UserTask,,,CreatedTaskProcess
2026-05-18T23:42:30.319031Z,100,dc.scaffold.htb,Microsoft-Windows-TaskScheduler,Microsoft-Windows-TaskScheduler/Operational,3695,4,,,AC7FFD48-104E-4807-BD83-CF3AA6E9E6CC,,,,,,,,,\Microsoft\Windows\CertificateServicesClient\UserTask,SCAFFOLD\Administrator,,TaskStartEvent
2026-05-18T23:42:30.319032Z,200,dc.scaffold.htb,Microsoft-Windows-TaskScheduler,Microsoft-Windows-TaskScheduler/Operational,3696,4,Certificate Services Client Task Handler,1464,,,,,,,,,AC7FFD48-104E-4807-BD83-CF3AA6E9E6CC,\Microsoft\Windows\CertificateServicesClient\UserTask,,,ActionStart
2026-05-18T23:42:30.321141Z,129,dc.scaffold.htb,Microsoft-Windows-TaskScheduler,Microsoft-Windows-TaskScheduler/Operational,3697,4,,,,,%windir%\system32\ServerManagerLauncher.exe,32,5884,,,,,\Microsoft\Windows\Server Manager\ServerManager,,,CreatedTaskProcess
2026-05-18T23:42:30.321658Z,100,dc.scaffold.htb,Microsoft-Windows-TaskScheduler,Microsoft-Windows-TaskScheduler/Operational,3698,4,,,5B200313-D730-4F43-9B51-CC7854A4EBFC,,,,,,,,,\Microsoft\Windows\Server Manager\ServerManager,SCAFFOLD\Administrator,,TaskStartEvent
2026-05-18T23:42:30.321659Z,200,dc.scaffold.htb,Microsoft-Windows-TaskScheduler,Microsoft-Windows-TaskScheduler/Operational,3699,4,%windir%\system32\ServerManagerLauncher.exe,5884,,,,,,,,,5B200313-D730-4F43-9B51-CC7854A4EBFC,\Microsoft\Windows\Server Manager\ServerManager,,,ActionStart
2026-05-18T23:42:30.322355Z,119,dc.scaffold.htb,Microsoft-Windows-TaskScheduler,Microsoft-Windows-TaskScheduler/Operational,3700,4,,,E0066373-FD75-45F9-BCF5-C78957BA387B,,,,,,,,,\MicrosoftEdgeUpdateTaskMachineCore,,SCAFFOLD\Administrator,LogonTrigger
2026-05-18T23:42:30.324200Z,119,dc.scaffold.htb,Microsoft-Windows-TaskScheduler,Microsoft-Windows-TaskScheduler/Operational,3701,4,,,89544F54-C57F-46CA-ACC5-2EE015908770,,,,,,,,,\Microsoft\Windows\Plug and Play\Device Install Reboot Required,,SCAFFOLD\Administrator,LogonTrigger
2026-05-18T23:42:30.327688Z,129,dc.scaffold.htb,Microsoft-Windows-TaskScheduler,Microsoft-Windows-TaskScheduler/Operational,3702,4,,,,,C:\Program Files (x86)\Microsoft\EdgeUpdate\MicrosoftEdgeUpdate.exe,32,5348,,,,,\MicrosoftEdgeUpdateTaskMachineCore,,,CreatedTaskProcess
2026-05-18T23:42:30.327766Z,129,dc.scaffold.htb,Microsoft-Windows-TaskScheduler,Microsoft-Windows-TaskScheduler/Operational,3703,4,,,,,taskhostw.exe,32,3448,,,,,\Microsoft\Windows\Plug and Play\Device Install Reboot Required,,,CreatedTaskProcess
2026-05-18T23:42:30.327810Z,100,dc.scaffold.htb,Microsoft-Windows-TaskScheduler,Microsoft-Windows-TaskScheduler/Operational,3704,4,,,E0066373-FD75-45F9-BCF5-C78957BA387B,,,,,,,,,\MicrosoftEdgeUpdateTaskMachineCore,NT AUTHORITY\SYSTEM,,TaskStartEvent
2026-05-18T23:42:30.327811Z,200,dc.scaffold.htb,Microsoft-Windows-TaskScheduler,Microsoft-Windows-TaskScheduler/Operational,3705,4,C:\Program Files (x86)\Microsoft\EdgeUpdate\MicrosoftEdgeUpdate.exe,5348,,,,,,,,,E0066373-FD75-45F9-BCF5-C78957BA387B,\MicrosoftEdgeUpdateTaskMachineCore,,,ActionStart
2026-05-18T23:42:30.328087Z,100,dc.scaffold.htb,Microsoft-Windows-TaskScheduler,Microsoft-Windows-TaskScheduler/Operational,3706,4,,,89544F54-C57F-46CA-ACC5-2EE015908770,,,,,,,,,\Microsoft\Windows\Plug and Play\Device Install Reboot Required,SCAFFOLD\Administrator,,TaskStartEvent
2026-05-18T23:42:30.328089Z,200,dc.scaffold.htb,Microsoft-Windows-TaskScheduler,Microsoft-Windows-TaskScheduler/Operational,3707,4,Device Installation Reboot Dialog Task,3448,,,,,,,,,89544F54-C57F-46CA-ACC5-2EE015908770,\Microsoft\Windows\Plug and Play\Device Install Reboot Required,,,ActionStart
2026-05-18T23:42:30.435194Z,100,dc.scaffold.htb,Microsoft-Windows-TaskScheduler,Microsoft-Windows-TaskScheduler/Operational,3708,4,,,06AF1283-AD2D-481F-A374-EFF03AF1E306,,,,,,,,,\Microsoft\Windows\SoftwareProtectionPlatform\SvcRestartTaskLogon,SCAFFOLD\Administrator,,TaskStartEvent
2026-05-18T23:42:30.435195Z,200,dc.scaffold.htb,Microsoft-Windows-TaskScheduler,Microsoft-Windows-TaskScheduler/Operational,3709,4,SppSvcRestartTaskHandler Class,1464,,,,,,,,,06AF1283-AD2D-481F-A374-EFF03AF1E306,\Microsoft\Windows\SoftwareProtectionPlatform\SvcRestartTaskLogon,,,ActionStart
2026-05-18T23:42:30.435408Z,100,dc.scaffold.htb,Microsoft-Windows-TaskScheduler,Microsoft-Windows-TaskScheduler/Operational,3710,4,,,32B94C25-D7AB-4BCE-BC02-B839B9B83A60,,,,,,,,,\Microsoft\Windows\WindowsColorSystem\Calibration Loader,SCAFFOLD\Administrator,,TaskStartEvent
2026-05-18T23:42:30.435409Z,200,dc.scaffold.htb,Microsoft-Windows-TaskScheduler,Microsoft-Windows-TaskScheduler/Operational,3711,4,Color Calibration Loader,1464,,,,,,,,,32B94C25-D7AB-4BCE-BC02-B839B9B83A60,\Microsoft\Windows\WindowsColorSystem\Calibration Loader,,,ActionStart
2026-05-18T23:42:30.438668Z,129,dc.scaffold.htb,Microsoft-Windows-TaskScheduler,Microsoft-Windows-TaskScheduler/Operational,3712,4,,,,,taskhostw.exe,32,1492,,,,,\Microsoft\Windows\TextServicesFramework\MsCtfMonitor,,,CreatedTaskProcess
2026-05-18T23:42:30.439264Z,100,dc.scaffold.htb,Microsoft-Windows-TaskScheduler,Microsoft-Windows-TaskScheduler/Operational,3713,4,,,2136C9DA-D8FD-48D2-91DF-930DD14F1D53,,,,,,,,,\Microsoft\Windows\TextServicesFramework\MsCtfMonitor,SCAFFOLD\Administrator,,TaskStartEvent
2026-05-18T23:42:30.439267Z,200,dc.scaffold.htb,Microsoft-Windows-TaskScheduler,Microsoft-Windows-TaskScheduler/Operational,3714,4,MsCtfMonitor task handler,1492,,,,,,,,,2136C9DA-D8FD-48D2-91DF-930DD14F1D53,\Microsoft\Windows\TextServicesFramework\MsCtfMonitor,,,ActionStart
2026-05-18T23:42:30.453803Z,201,dc.scaffold.htb,Microsoft-Windows-TaskScheduler,Microsoft-Windows-TaskScheduler/Operational,3715,4,SppSvcRestartTaskHandler Class,1464,,,,,,,0,,06AF1283-AD2D-481F-A374-EFF03AF1E306,\Microsoft\Windows\SoftwareProtectionPlatform\SvcRestartTaskLogon,,,ActionSuccess
2026-05-18T23:42:30.453805Z,102,dc.scaffold.htb,Microsoft-Windows-TaskScheduler,Microsoft-Windows-TaskScheduler/Operational,3716,4,,,06AF1283-AD2D-481F-A374-EFF03AF1E306,,,,,,,,,\Microsoft\Windows\SoftwareProtectionPlatform\SvcRestartTaskLogon,SCAFFOLD\Administrator,,TaskSuccessEvent
2026-05-18T23:42:30.477927Z,201,dc.scaffold.htb,Microsoft-Windows-TaskScheduler,Microsoft-Windows-TaskScheduler/Operational,3717,4,MsCtfMonitor task handler,1492,,,,,,,0,,2136C9DA-D8FD-48D2-91DF-930DD14F1D53,\Microsoft\Windows\TextServicesFramework\MsCtfMonitor,,,ActionSuccess
2026-05-18T23:42:30.477927Z,102,dc.scaffold.htb,Microsoft-Windows-TaskScheduler,Microsoft-Windows-TaskScheduler/Operational,3718,4,,,2136C9DA-D8FD-48D2-91DF-930DD14F1D53,,,,,,,,,\Microsoft\Windows\TextServicesFramework\MsCtfMonitor,SCAFFOLD\Administrator,,TaskSuccessEvent
2026-05-18T23:42:30.521633Z,201,dc.scaffold.htb,Microsoft-Windows-TaskScheduler,Microsoft-Windows-TaskScheduler/Operational,3719,4,Device Installation Reboot Dialog Task,3448,,,,,,,0,,89544F54-C57F-46CA-ACC5-2EE015908770,\Microsoft\Windows\Plug and Play\Device Install Reboot Required,,,ActionSuccess
2026-05-18T23:42:30.521635Z,102,dc.scaffold.htb,Microsoft-Windows-TaskScheduler,Microsoft-Windows-TaskScheduler/Operational,3720,4,,,89544F54-C57F-46CA-ACC5-2EE015908770,,,,,,,,,\Microsoft\Windows\Plug and Play\Device Install Reboot Required,SCAFFOLD\Administrator,,TaskSuccessEvent
2026-05-18T23:42:30.564818Z,129,dc.scaffold.htb,Microsoft-Windows-TaskScheduler,Microsoft-Windows-TaskScheduler/Operational,3721,4,,,,,taskhostw.exe,32,1672,,,,,\Microsoft\Windows\Wininet\CacheTask,,,CreatedTaskProcess
2026-05-18T23:42:30.565464Z,100,dc.scaffold.htb,Microsoft-Windows-TaskScheduler,Microsoft-Windows-TaskScheduler/Operational,3722,4,,,7B049731-6777-41E4-9330-F5C7B9BFCABD,,,,,,,,,\Microsoft\Windows\Wininet\CacheTask,SCAFFOLD\Administrator,,TaskStartEvent
2026-05-18T23:42:30.565466Z,200,dc.scaffold.htb,Microsoft-Windows-TaskScheduler,Microsoft-Windows-TaskScheduler/Operational,3723,4,Wininet Cache task object,1672,,,,,,,,,7B049731-6777-41E4-9330-F5C7B9BFCABD,\Microsoft\Windows\Wininet\CacheTask,,,ActionStart
2026-05-18T23:42:30.649986Z,141,dc.scaffold.htb,Microsoft-Windows-TaskScheduler,Microsoft-Windows-TaskScheduler/Operational,3724,4,,,,,,,,,,,,\CreateExplorerShellUnelevatedTask,,SCAFFOLD\Administrator,TaskDeleted
2026-05-18T23:42:30.656945Z,106,dc.scaffold.htb,Microsoft-Windows-TaskScheduler,Microsoft-Windows-TaskScheduler/Operational,3725,4,,,,,,,,,,,,\CreateExplorerShellUnelevatedTask,SCAFFOLD\Administrator,,TaskRegisteredEvent
2026-05-18T23:42:30.656946Z,140,dc.scaffold.htb,Microsoft-Windows-TaskScheduler,Microsoft-Windows-TaskScheduler/Operational,3726,4,,,,,,,,,,,,\CreateExplorerShellUnelevatedTask,,SCAFFOLD\Administrator,TaskUpdated
2026-05-18T23:42:30.657218Z,109,dc.scaffold.htb,Microsoft-Windows-TaskScheduler,Microsoft-Windows-TaskScheduler/Operational,3727,4,,,30009FB1-C069-4D20-80A9-B101153F3642,,,,,,,,,\CreateExplorerShellUnelevatedTask,,,RegistrationTriggerEvent
2026-05-18T23:42:30.659916Z,129,dc.scaffold.htb,Microsoft-Windows-TaskScheduler,Microsoft-Windows-TaskScheduler/Operational,3728,4,,,,,C:\Windows\Explorer.EXE,32,1268,,,,,\CreateExplorerShellUnelevatedTask,,,CreatedTaskProcess
2026-05-18T23:42:30.660128Z,100,dc.scaffold.htb,Microsoft-Windows-TaskScheduler,Microsoft-Windows-TaskScheduler/Operational,3729,4,,,30009FB1-C069-4D20-80A9-B101153F3642,,,,,,,,,\CreateExplorerShellUnelevatedTask,SCAFFOLD\Administrator,,TaskStartEvent
2026-05-18T23:42:30.660130Z,200,dc.scaffold.htb,Microsoft-Windows-TaskScheduler,Microsoft-Windows-TaskScheduler/Operational,3730,4,C:\Windows\Explorer.EXE,1268,,,,,,,,,30009FB1-C069-4D20-80A9-B101153F3642,\CreateExplorerShellUnelevatedTask,,,ActionStart
2026-05-18T23:42:30.672212Z,201,dc.scaffold.htb,Microsoft-Windows-TaskScheduler,Microsoft-Windows-TaskScheduler/Operational,3731,4,Certificate Services Client Task Handler,1464,,,,,,,0,,AC7FFD48-104E-4807-BD83-CF3AA6E9E6CC,\Microsoft\Windows\CertificateServicesClient\UserTask,,,ActionSuccess
2026-05-18T23:42:30.672212Z,102,dc.scaffold.htb,Microsoft-Windows-TaskScheduler,Microsoft-Windows-TaskScheduler/Operational,3732,4,,,AC7FFD48-104E-4807-BD83-CF3AA6E9E6CC,,,,,,,,,\Microsoft\Windows\CertificateServicesClient\UserTask,SCAFFOLD\Administrator,,TaskSuccessEvent
2026-05-18T23:42:30.740261Z,201,dc.scaffold.htb,Microsoft-Windows-TaskScheduler,Microsoft-Windows-TaskScheduler/Operational,3733,4,Color Calibration Loader,1464,,,,,,,0,,32B94C25-D7AB-4BCE-BC02-B839B9B83A60,\Microsoft\Windows\WindowsColorSystem\Calibration Loader,,,ActionSuccess
