2026-05-23T11:57:45.610046Z,322,dc.scaffold.htb,Microsoft-Windows-TaskScheduler,Microsoft-Windows-TaskScheduler/Operational,6228,3,,,,,,,,,,,E470559A-E4CC-45BA-A551-E1EE7B26AD34,\Deploy-Engine-OnAudit,,,NewInstanceIgnored
2026-05-23T11:57:45.629822Z,322,dc.scaffold.htb,Microsoft-Windows-TaskScheduler,Microsoft-Windows-TaskScheduler/Operational,6229,3,,,,,,,,,,,E470559A-E4CC-45BA-A551-E1EE7B26AD34,\Deploy-Engine-OnAudit,,,NewInstanceIgnored
2026-05-23T11:57:45.649932Z,322,dc.scaffold.htb,Microsoft-Windows-TaskScheduler,Microsoft-Windows-TaskScheduler/Operational,6230,3,,,,,,,,,,,E470559A-E4CC-45BA-A551-E1EE7B26AD34,\Deploy-Engine-OnAudit,,,NewInstanceIgnored
2026-05-23T11:57:45.669841Z,322,dc.scaffold.htb,Microsoft-Windows-TaskScheduler,Microsoft-Windows-TaskScheduler/Operational,6231,3,,,,,,,,,,,E470559A-E4CC-45BA-A551-E1EE7B26AD34,\Deploy-Engine-OnAudit,,,NewInstanceIgnored
2026-05-23T11:57:45.687465Z,322,dc.scaffold.htb,Microsoft-Windows-TaskScheduler,Microsoft-Windows-TaskScheduler/Operational,6232,3,,,,,,,,,,,E470559A-E4CC-45BA-A551-E1EE7B26AD34,\Deploy-Engine-OnAudit,,,NewInstanceIgnored
2026-05-23T11:57:45.783443Z,201,dc.scaffold.htb,Microsoft-Windows-TaskScheduler,Microsoft-Windows-TaskScheduler/Operational,6233,4,powershell.exe,7324,,,,,,,4294770688,,E470559A-E4CC-45BA-A551-E1EE7B26AD34,\Deploy-Engine-OnAudit,,,ActionSuccess
2026-05-23T11:57:45.783802Z,102,dc.scaffold.htb,Microsoft-Windows-TaskScheduler,Microsoft-Windows-TaskScheduler/Operational,6234,4,,,E470559A-E4CC-45BA-A551-E1EE7B26AD34,,,,,,,,,\Deploy-Engine-OnAudit,SCAFFOLD\Administrator,,TaskSuccessEvent
2026-05-23T11:57:49.442150Z,108,dc.scaffold.htb,Microsoft-Windows-TaskScheduler,Microsoft-Windows-TaskScheduler/Operational,6235,4,,,62E72219-6390-4F95-BBF2-961DB2CCDFDE,,,,,,,,,\Deploy-Engine-OnAudit,,,EventTriggerEvent
2026-05-23T11:57:49.451461Z,129,dc.scaffold.htb,Microsoft-Windows-TaskScheduler,Microsoft-Windows-TaskScheduler/Operational,6236,4,,,,,powershell.exe,16384,6848,,,,,\Deploy-Engine-OnAudit,,,CreatedTaskProcess
2026-05-23T11:57:49.451715Z,100,dc.scaffold.htb,Microsoft-Windows-TaskScheduler,Microsoft-Windows-TaskScheduler/Operational,6237,4,,,62E72219-6390-4F95-BBF2-961DB2CCDFDE,,,,,,,,,\Deploy-Engine-OnAudit,SCAFFOLD\Administrator,,TaskStartEvent
2026-05-23T11:57:49.451717Z,200,dc.scaffold.htb,Microsoft-Windows-TaskScheduler,Microsoft-Windows-TaskScheduler/Operational,6238,4,powershell.exe,6848,,,,,,,,,62E72219-6390-4F95-BBF2-961DB2CCDFDE,\Deploy-Engine-OnAudit,,,ActionStart
2026-05-23T11:57:49.463715Z,322,dc.scaffold.htb,Microsoft-Windows-TaskScheduler,Microsoft-Windows-TaskScheduler/Operational,6239,3,,,,,,,,,,,62E72219-6390-4F95-BBF2-961DB2CCDFDE,\Deploy-Engine-OnAudit,,,NewInstanceIgnored
2026-05-23T11:57:49.475294Z,322,dc.scaffold.htb,Microsoft-Windows-TaskScheduler,Microsoft-Windows-TaskScheduler/Operational,6240,3,,,,,,,,,,,62E72219-6390-4F95-BBF2-961DB2CCDFDE,\Deploy-Engine-OnAudit,,,NewInstanceIgnored
2026-05-23T11:57:49.489107Z,322,dc.scaffold.htb,Microsoft-Windows-TaskScheduler,Microsoft-Windows-TaskScheduler/Operational,6241,3,,,,,,,,,,,62E72219-6390-4F95-BBF2-961DB2CCDFDE,\Deploy-Engine-OnAudit,,,NewInstanceIgnored
2026-05-23T11:57:49.500074Z,322,dc.scaffold.htb,Microsoft-Windows-TaskScheduler,Microsoft-Windows-TaskScheduler/Operational,6242,3,,,,,,,,,,,62E72219-6390-4F95-BBF2-961DB2CCDFDE,\Deploy-Engine-OnAudit,,,NewInstanceIgnored
2026-05-23T11:57:49.571231Z,201,dc.scaffold.htb,Microsoft-Windows-TaskScheduler,Microsoft-Windows-TaskScheduler/Operational,6243,4,powershell.exe,6848,,,,,,,4294770688,,62E72219-6390-4F95-BBF2-961DB2CCDFDE,\Deploy-Engine-OnAudit,,,ActionSuccess
2026-05-23T11:57:49.571538Z,102,dc.scaffold.htb,Microsoft-Windows-TaskScheduler,Microsoft-Windows-TaskScheduler/Operational,6244,4,,,62E72219-6390-4F95-BBF2-961DB2CCDFDE,,,,,,,,,\Deploy-Engine-OnAudit,SCAFFOLD\Administrator,,TaskSuccessEvent
2026-05-23T11:59:05.233346Z,107,dc.scaffold.htb,Microsoft-Windows-TaskScheduler,Microsoft-Windows-TaskScheduler/Operational,6245,4,,,BAD7FE74-02F5-4C9D-AFF5-5577526135B4,,,,,,,,,\Microsoft\Windows\Windows Defender\Windows Defender Scheduled Scan,,,TimeTriggerEvent
2026-05-23T11:59:05.238228Z,129,dc.scaffold.htb,Microsoft-Windows-TaskScheduler,Microsoft-Windows-TaskScheduler/Operational,6246,4,,,,,C:\ProgramData\Microsoft\Windows Defender\Platform\4.18.26030.3011-0\MpCmdRun.exe,16384,3036,,,,,\Microsoft\Windows\Windows Defender\Windows Defender Scheduled Scan,,,CreatedTaskProcess
2026-05-23T11:59:05.238468Z,100,dc.scaffold.htb,Microsoft-Windows-TaskScheduler,Microsoft-Windows-TaskScheduler/Operational,6247,4,,,BAD7FE74-02F5-4C9D-AFF5-5577526135B4,,,,,,,,,\Microsoft\Windows\Windows Defender\Windows Defender Scheduled Scan,NT AUTHORITY\SYSTEM,,TaskStartEvent
2026-05-23T11:59:05.238470Z,200,dc.scaffold.htb,Microsoft-Windows-TaskScheduler,Microsoft-Windows-TaskScheduler/Operational,6248,4,C:\ProgramData\Microsoft\Windows Defender\Platform\4.18.26030.3011-0\MpCmdRun.exe,3036,,,,,,,,,BAD7FE74-02F5-4C9D-AFF5-5577526135B4,\Microsoft\Windows\Windows Defender\Windows Defender Scheduled Scan,,,ActionStart
2026-05-23T11:59:23.070990Z,201,dc.scaffold.htb,Microsoft-Windows-TaskScheduler,Microsoft-Windows-TaskScheduler/Operational,6249,4,C:\ProgramData\Microsoft\Windows Defender\Platform\4.18.26030.3011-0\MpCmdRun.exe,3036,,,,,,,0,,BAD7FE74-02F5-4C9D-AFF5-5577526135B4,\Microsoft\Windows\Windows Defender\Windows Defender Scheduled Scan,,,ActionSuccess
2026-05-23T11:59:23.071285Z,102,dc.scaffold.htb,Microsoft-Windows-TaskScheduler,Microsoft-Windows-TaskScheduler/Operational,6250,4,,,BAD7FE74-02F5-4C9D-AFF5-5577526135B4,,,,,,,,,\Microsoft\Windows\Windows Defender\Windows Defender Scheduled Scan,NT AUTHORITY\SYSTEM,,TaskSuccessEvent
2026-05-23T12:01:54.170857Z,129,dc.scaffold.htb,Microsoft-Windows-TaskScheduler,Microsoft-Windows-TaskScheduler/Operational,6251,4,,,,,taskhostw.exe,16384,5144,,,,,\Microsoft\Windows\CertificateServicesClient\SystemTask,,,CreatedTaskProcess
2026-05-23T12:01:54.171363Z,100,dc.scaffold.htb,Microsoft-Windows-TaskScheduler,Microsoft-Windows-TaskScheduler/Operational,6252,4,,,B9ACCB00-1FF7-4A5E-AF60-9D36E61DDF1F,,,,,,,,,\Microsoft\Windows\CertificateServicesClient\SystemTask,NT AUTHORITY\SYSTEM,,TaskStartEvent
2026-05-23T12:01:54.171364Z,200,dc.scaffold.htb,Microsoft-Windows-TaskScheduler,Microsoft-Windows-TaskScheduler/Operational,6253,4,Certificate Services Client Task Handler,5144,,,,,,,,,B9ACCB00-1FF7-4A5E-AF60-9D36E61DDF1F,\Microsoft\Windows\CertificateServicesClient\SystemTask,,,ActionStart
2026-05-23T12:01:54.280016Z,100,dc.scaffold.htb,Microsoft-Windows-TaskScheduler,Microsoft-Windows-TaskScheduler/Operational,6254,4,,,6D19DDA8-3AD7-410A-BE0B-2D6EE3F0DCC4,,,,,,,,,\Microsoft\Windows\Flighting\FeatureConfig\ReconcileFeatures,NT AUTHORITY\SYSTEM,,TaskStartEvent
2026-05-23T12:01:54.280017Z,200,dc.scaffold.htb,Microsoft-Windows-TaskScheduler,Microsoft-Windows-TaskScheduler/Operational,6255,4,Feature Configuration Reconciliation Task Handler,5144,,,,,,,,,6D19DDA8-3AD7-410A-BE0B-2D6EE3F0DCC4,\Microsoft\Windows\Flighting\FeatureConfig\ReconcileFeatures,,,ActionStart
2026-05-23T12:01:54.280089Z,100,dc.scaffold.htb,Microsoft-Windows-TaskScheduler,Microsoft-Windows-TaskScheduler/Operational,6256,4,,,9E99D99E-C203-4330-B463-F1E7B726266F,,,,,,,,,\Microsoft\Windows\ExploitGuard\ExploitGuard MDM policy Refresh,NT AUTHORITY\SYSTEM,,TaskStartEvent
2026-05-23T12:01:54.280091Z,200,dc.scaffold.htb,Microsoft-Windows-TaskScheduler,Microsoft-Windows-TaskScheduler/Operational,6257,4,,5144,,,,,,,,,9E99D99E-C203-4330-B463-F1E7B726266F,\Microsoft\Windows\ExploitGuard\ExploitGuard MDM policy Refresh,,,ActionStart
2026-05-23T12:01:54.280146Z,100,dc.scaffold.htb,Microsoft-Windows-TaskScheduler,Microsoft-Windows-TaskScheduler/Operational,6258,4,,,5058DA6D-FE7C-417E-9D4A-3325D3A76E05,,,,,,,,,\Microsoft\Windows\Plug and Play\Device Install Group Policy,NT AUTHORITY\SYSTEM,,TaskStartEvent
2026-05-23T12:01:54.280148Z,200,dc.scaffold.htb,Microsoft-Windows-TaskScheduler,Microsoft-Windows-TaskScheduler/Operational,6259,4,Device Installation Group Policy Task Handler,5144,,,,,,,,,5058DA6D-FE7C-417E-9D4A-3325D3A76E05,\Microsoft\Windows\Plug and Play\Device Install Group Policy,,,ActionStart
2026-05-23T12:01:54.296218Z,201,dc.scaffold.htb,Microsoft-Windows-TaskScheduler,Microsoft-Windows-TaskScheduler/Operational,6260,4,,5144,,,,,,,0,,9E99D99E-C203-4330-B463-F1E7B726266F,\Microsoft\Windows\ExploitGuard\ExploitGuard MDM policy Refresh,,,ActionSuccess
2026-05-23T12:01:54.296219Z,102,dc.scaffold.htb,Microsoft-Windows-TaskScheduler,Microsoft-Windows-TaskScheduler/Operational,6261,4,,,9E99D99E-C203-4330-B463-F1E7B726266F,,,,,,,,,\Microsoft\Windows\ExploitGuard\ExploitGuard MDM policy Refresh,NT AUTHORITY\SYSTEM,,TaskSuccessEvent
2026-05-23T12:01:54.311814Z,201,dc.scaffold.htb,Microsoft-Windows-TaskScheduler,Microsoft-Windows-TaskScheduler/Operational,6262,4,Device Installation Group Policy Task Handler,5144,,,,,,,0,,5058DA6D-FE7C-417E-9D4A-3325D3A76E05,\Microsoft\Windows\Plug and Play\Device Install Group Policy,,,ActionSuccess
2026-05-23T12:01:54.311816Z,102,dc.scaffold.htb,Microsoft-Windows-TaskScheduler,Microsoft-Windows-TaskScheduler/Operational,6263,4,,,5058DA6D-FE7C-417E-9D4A-3325D3A76E05,,,,,,,,,\Microsoft\Windows\Plug and Play\Device Install Group Policy,NT AUTHORITY\SYSTEM,,TaskSuccessEvent
2026-05-23T12:01:54.316208Z,201,dc.scaffold.htb,Microsoft-Windows-TaskScheduler,Microsoft-Windows-TaskScheduler/Operational,6264,4,Feature Configuration Reconciliation Task Handler,5144,,,,,,,0,,6D19DDA8-3AD7-410A-BE0B-2D6EE3F0DCC4,\Microsoft\Windows\Flighting\FeatureConfig\ReconcileFeatures,,,ActionSuccess
2026-05-23T12:01:54.316209Z,102,dc.scaffold.htb,Microsoft-Windows-TaskScheduler,Microsoft-Windows-TaskScheduler/Operational,6265,4,,,6D19DDA8-3AD7-410A-BE0B-2D6EE3F0DCC4,,,,,,,,,\Microsoft\Windows\Flighting\FeatureConfig\ReconcileFeatures,NT AUTHORITY\SYSTEM,,TaskSuccessEvent
2026-05-23T12:02:03.434217Z,201,dc.scaffold.htb,Microsoft-Windows-TaskScheduler,Microsoft-Windows-TaskScheduler/Operational,6266,4,Certificate Services Client Task Handler,5144,,,,,,,0,,B9ACCB00-1FF7-4A5E-AF60-9D36E61DDF1F,\Microsoft\Windows\CertificateServicesClient\SystemTask,,,ActionSuccess
2026-05-23T12:02:03.434218Z,102,dc.scaffold.htb,Microsoft-Windows-TaskScheduler,Microsoft-Windows-TaskScheduler/Operational,6267,4,,,B9ACCB00-1FF7-4A5E-AF60-9D36E61DDF1F,,,,,,,,,\Microsoft\Windows\CertificateServicesClient\SystemTask,NT AUTHORITY\SYSTEM,,TaskSuccessEvent
2026-05-23T12:05:52.055727Z,118,dc.scaffold.htb,Microsoft-Windows-TaskScheduler,Microsoft-Windows-TaskScheduler/Operational,6268,4,,,F97FA6AA-7BC9-4C87-8B42-D72AF0757CA8,,,,,,,,,\Microsoft\Windows\Autochk\Proxy,,,BootTrigger
2026-05-23T12:05:52.065217Z,129,dc.scaffold.htb,Microsoft-Windows-TaskScheduler,Microsoft-Windows-TaskScheduler/Operational,6269,4,,,,,%windir%\system32\rundll32.exe,16384,1936,,,,,\Microsoft\Windows\Autochk\Proxy,,,CreatedTaskProcess
2026-05-23T12:05:52.066203Z,100,dc.scaffold.htb,Microsoft-Windows-TaskScheduler,Microsoft-Windows-TaskScheduler/Operational,6270,4,,,F97FA6AA-7BC9-4C87-8B42-D72AF0757CA8,,,,,,,,,\Microsoft\Windows\Autochk\Proxy,NT AUTHORITY\SYSTEM,,TaskStartEvent
2026-05-23T12:05:52.066207Z,200,dc.scaffold.htb,Microsoft-Windows-TaskScheduler,Microsoft-Windows-TaskScheduler/Operational,6271,4,%windir%\system32\rundll32.exe,1936,,,,,,,,,F97FA6AA-7BC9-4C87-8B42-D72AF0757CA8,\Microsoft\Windows\Autochk\Proxy,,,ActionStart
2026-05-23T12:05:52.088290Z,201,dc.scaffold.htb,Microsoft-Windows-TaskScheduler,Microsoft-Windows-TaskScheduler/Operational,6272,4,%windir%\system32\rundll32.exe,1936,,,,,,,0,,F97FA6AA-7BC9-4C87-8B42-D72AF0757CA8,\Microsoft\Windows\Autochk\Proxy,,,ActionSuccess
2026-05-23T12:05:52.088421Z,102,dc.scaffold.htb,Microsoft-Windows-TaskScheduler,Microsoft-Windows-TaskScheduler/Operational,6273,4,,,F97FA6AA-7BC9-4C87-8B42-D72AF0757CA8,,,,,,,,,\Microsoft\Windows\Autochk\Proxy,NT AUTHORITY\SYSTEM,,TaskSuccessEvent
2026-05-23T12:06:46.083526Z,140,dc.scaffold.htb,Microsoft-Windows-TaskScheduler,Microsoft-Windows-TaskScheduler/Operational,6274,4,,,,,,,,,,,,\Microsoft\Windows\WindowsUpdate\Scheduled Start,,NT AUTHORITY\SYSTEM,TaskUpdated
2026-05-23T12:06:54.681040Z,129,dc.scaffold.htb,Microsoft-Windows-TaskScheduler,Microsoft-Windows-TaskScheduler/Operational,6275,4,,,,,%systemroot%\system32\usoclient.exe,16384,6444,,,,,\Microsoft\Windows\UpdateOrchestrator\Report policies,,,CreatedTaskProcess
2026-05-23T12:06:54.681555Z,100,dc.scaffold.htb,Microsoft-Windows-TaskScheduler,Microsoft-Windows-TaskScheduler/Operational,6276,4,,,39DC3C14-1D23-4B1A-B62D-3AAD1DB89C8A,,,,,,,,,\Microsoft\Windows\UpdateOrchestrator\Report policies,NT AUTHORITY\SYSTEM,,TaskStartEvent
2026-05-23T12:06:54.681557Z,200,dc.scaffold.htb,Microsoft-Windows-TaskScheduler,Microsoft-Windows-TaskScheduler/Operational,6277,4,%systemroot%\system32\usoclient.exe,6444,,,,,,,,,39DC3C14-1D23-4B1A-B62D-3AAD1DB89C8A,\Microsoft\Windows\UpdateOrchestrator\Report policies,,,ActionStart
2026-05-23T12:06:54.716584Z,201,dc.scaffold.htb,Microsoft-Windows-TaskScheduler,Microsoft-Windows-TaskScheduler/Operational,6278,4,%systemroot%\system32\usoclient.exe,6444,,,,,,,0,,39DC3C14-1D23-4B1A-B62D-3AAD1DB89C8A,\Microsoft\Windows\UpdateOrchestrator\Report policies,,,ActionSuccess
2026-05-23T12:06:54.716692Z,102,dc.scaffold.htb,Microsoft-Windows-TaskScheduler,Microsoft-Windows-TaskScheduler/Operational,6279,4,,,39DC3C14-1D23-4B1A-B62D-3AAD1DB89C8A,,,,,,,,,\Microsoft\Windows\UpdateOrchestrator\Report policies,NT AUTHORITY\SYSTEM,,TaskSuccessEvent
2026-05-23T12:11:54.553885Z,129,dc.scaffold.htb,Microsoft-Windows-TaskScheduler,Microsoft-Windows-TaskScheduler/Operational,6280,4,,,,,taskhostw.exe,16384,7368,,,,,\Microsoft\Windows\ExploitGuard\ExploitGuard MDM policy Refresh,,,CreatedTaskProcess
2026-05-23T12:11:54.554272Z,100,dc.scaffold.htb,Microsoft-Windows-TaskScheduler,Microsoft-Windows-TaskScheduler/Operational,6281,4,,,90C55D32-BB84-46BF-9638-E5AC7F3B3B0A,,,,,,,,,\Microsoft\Windows\ExploitGuard\ExploitGuard MDM policy Refresh,NT AUTHORITY\SYSTEM,,TaskStartEvent
2026-05-23T12:11:54.554273Z,200,dc.scaffold.htb,Microsoft-Windows-TaskScheduler,Microsoft-Windows-TaskScheduler/Operational,6282,4,,7368,,,,,,,,,90C55D32-BB84-46BF-9638-E5AC7F3B3B0A,\Microsoft\Windows\ExploitGuard\ExploitGuard MDM policy Refresh,,,ActionStart
2026-05-23T12:11:54.580177Z,201,dc.scaffold.htb,Microsoft-Windows-TaskScheduler,Microsoft-Windows-TaskScheduler/Operational,6283,4,,7368,,,,,,,0,,90C55D32-BB84-46BF-9638-E5AC7F3B3B0A,\Microsoft\Windows\ExploitGuard\ExploitGuard MDM policy Refresh,,,ActionSuccess
2026-05-23T12:11:54.580178Z,102,dc.scaffold.htb,Microsoft-Windows-TaskScheduler,Microsoft-Windows-TaskScheduler/Operational,6284,4,,,90C55D32-BB84-46BF-9638-E5AC7F3B3B0A,,,,,,,,,\Microsoft\Windows\ExploitGuard\ExploitGuard MDM policy Refresh,NT AUTHORITY\SYSTEM,,TaskSuccessEvent
2026-05-23T12:11:54.655740Z,129,dc.scaffold.htb,Microsoft-Windows-TaskScheduler,Microsoft-Windows-TaskScheduler/Operational,6285,4,,,,,taskhostw.exe,16384,7416,,,,,\Microsoft\Windows\Plug and Play\Device Install Group Policy,,,CreatedTaskProcess
2026-05-23T12:11:54.655894Z,100,dc.scaffold.htb,Microsoft-Windows-TaskScheduler,Microsoft-Windows-TaskScheduler/Operational,6286,4,,,1E41CE9F-FF14-4381-9E7C-18AEC0DBC54A,,,,,,,,,\Microsoft\Windows\Plug and Play\Device Install Group Policy,NT AUTHORITY\SYSTEM,,TaskStartEvent
2026-05-23T12:11:54.655896Z,200,dc.scaffold.htb,Microsoft-Windows-TaskScheduler,Microsoft-Windows-TaskScheduler/Operational,6287,4,Device Installation Group Policy Task Handler,7416,,,,,,,,,1E41CE9F-FF14-4381-9E7C-18AEC0DBC54A,\Microsoft\Windows\Plug and Play\Device Install Group Policy,,,ActionStart
2026-05-23T12:11:54.675609Z,201,dc.scaffold.htb,Microsoft-Windows-TaskScheduler,Microsoft-Windows-TaskScheduler/Operational,6288,4,Device Installation Group Policy Task Handler,7416,,,,,,,0,,1E41CE9F-FF14-4381-9E7C-18AEC0DBC54A,\Microsoft\Windows\Plug and Play\Device Install Group Policy,,,ActionSuccess
2026-05-23T12:11:54.675619Z,102,dc.scaffold.htb,Microsoft-Windows-TaskScheduler,Microsoft-Windows-TaskScheduler/Operational,6289,4,,,1E41CE9F-FF14-4381-9E7C-18AEC0DBC54A,,,,,,,,,\Microsoft\Windows\Plug and Play\Device Install Group Policy,NT AUTHORITY\SYSTEM,,TaskSuccessEvent
2026-05-23T12:11:54.763687Z,129,dc.scaffold.htb,Microsoft-Windows-TaskScheduler,Microsoft-Windows-TaskScheduler/Operational,6290,4,,,,,taskhostw.exe,16384,3004,,,,,\Microsoft\Windows\CertificateServicesClient\SystemTask,,,CreatedTaskProcess
2026-05-23T12:11:54.763820Z,100,dc.scaffold.htb,Microsoft-Windows-TaskScheduler,Microsoft-Windows-TaskScheduler/Operational,6291,4,,,9BE40216-8604-43BC-AEB2-C52DFB19D043,,,,,,,,,\Microsoft\Windows\CertificateServicesClient\SystemTask,NT AUTHORITY\SYSTEM,,TaskStartEvent
2026-05-23T12:11:54.763821Z,200,dc.scaffold.htb,Microsoft-Windows-TaskScheduler,Microsoft-Windows-TaskScheduler/Operational,6292,4,Certificate Services Client Task Handler,3004,,,,,,,,,9BE40216-8604-43BC-AEB2-C52DFB19D043,\Microsoft\Windows\CertificateServicesClient\SystemTask,,,ActionStart
2026-05-23T12:11:54.870393Z,100,dc.scaffold.htb,Microsoft-Windows-TaskScheduler,Microsoft-Windows-TaskScheduler/Operational,6293,4,,,6D1543A5-3FA3-46AE-B10D-95329FC5AE80,,,,,,,,,\Microsoft\Windows\Flighting\FeatureConfig\ReconcileFeatures,NT AUTHORITY\SYSTEM,,TaskStartEvent
2026-05-23T12:11:54.870396Z,200,dc.scaffold.htb,Microsoft-Windows-TaskScheduler,Microsoft-Windows-TaskScheduler/Operational,6294,4,Feature Configuration Reconciliation Task Handler,3004,,,,,,,,,6D1543A5-3FA3-46AE-B10D-95329FC5AE80,\Microsoft\Windows\Flighting\FeatureConfig\ReconcileFeatures,,,ActionStart
2026-05-23T12:11:54.889431Z,201,dc.scaffold.htb,Microsoft-Windows-TaskScheduler,Microsoft-Windows-TaskScheduler/Operational,6295,4,Feature Configuration Reconciliation Task Handler,3004,,,,,,,0,,6D1543A5-3FA3-46AE-B10D-95329FC5AE80,\Microsoft\Windows\Flighting\FeatureConfig\ReconcileFeatures,,,ActionSuccess
2026-05-23T12:11:54.889432Z,102,dc.scaffold.htb,Microsoft-Windows-TaskScheduler,Microsoft-Windows-TaskScheduler/Operational,6296,4,,,6D1543A5-3FA3-46AE-B10D-95329FC5AE80,,,,,,,,,\Microsoft\Windows\Flighting\FeatureConfig\ReconcileFeatures,NT AUTHORITY\SYSTEM,,TaskSuccessEvent
2026-05-23T12:12:04.077269Z,201,dc.scaffold.htb,Microsoft-Windows-TaskScheduler,Microsoft-Windows-TaskScheduler/Operational,6297,4,Certificate Services Client Task Handler,3004,,,,,,,0,,9BE40216-8604-43BC-AEB2-C52DFB19D043,\Microsoft\Windows\CertificateServicesClient\SystemTask,,,ActionSuccess
2026-05-23T12:12:04.077270Z,102,dc.scaffold.htb,Microsoft-Windows-TaskScheduler,Microsoft-Windows-TaskScheduler/Operational,6298,4,,,9BE40216-8604-43BC-AEB2-C52DFB19D043,,,,,,,,,\Microsoft\Windows\CertificateServicesClient\SystemTask,NT AUTHORITY\SYSTEM,,TaskSuccessEvent
2026-05-23T12:13:13.722074Z,140,dc.scaffold.htb,Microsoft-Windows-TaskScheduler,Microsoft-Windows-TaskScheduler/Operational,6299,4,,,,,,,,,,,,\Microsoft\Windows\WindowsUpdate\Scheduled Start,,NT AUTHORITY\SYSTEM,TaskUpdated
2026-05-23T12:14:59.787198Z,108,dc.scaffold.htb,Microsoft-Windows-TaskScheduler,Microsoft-Windows-TaskScheduler/Operational,6300,4,,,CF9EF856-019F-44B4-8866-2EC2D1B3680D,,,,,,,,,\Microsoft\Windows\SoftwareProtectionPlatform\SvcRestartTaskNetwork,,,EventTriggerEvent
2026-05-23T12:14:59.793803Z,129,dc.scaffold.htb,Microsoft-Windows-TaskScheduler,Microsoft-Windows-TaskScheduler/Operational,6301,4,,,,,taskhostw.exe,16384,472,,,,,\Microsoft\Windows\SoftwareProtectionPlatform\SvcRestartTaskNetwork,,,CreatedTaskProcess
2026-05-23T12:14:59.795062Z,100,dc.scaffold.htb,Microsoft-Windows-TaskScheduler,Microsoft-Windows-TaskScheduler/Operational,6302,4,,,CF9EF856-019F-44B4-8866-2EC2D1B3680D,,,,,,,,,\Microsoft\Windows\SoftwareProtectionPlatform\SvcRestartTaskNetwork,(NONE),,TaskStartEvent
2026-05-23T12:14:59.795066Z,200,dc.scaffold.htb,Microsoft-Windows-TaskScheduler,Microsoft-Windows-TaskScheduler/Operational,6303,4,SppSvcRestartTaskHandler Class,472,,,,,,,,,CF9EF856-019F-44B4-8866-2EC2D1B3680D,\Microsoft\Windows\SoftwareProtectionPlatform\SvcRestartTaskNetwork,,,ActionStart
2026-05-23T12:14:59.797467Z,322,dc.scaffold.htb,Microsoft-Windows-TaskScheduler,Microsoft-Windows-TaskScheduler/Operational,6304,3,,,,,,,,,,,CF9EF856-019F-44B4-8866-2EC2D1B3680D,\Microsoft\Windows\SoftwareProtectionPlatform\SvcRestartTaskNetwork,,,NewInstanceIgnored
2026-05-23T12:14:59.829147Z,201,dc.scaffold.htb,Microsoft-Windows-TaskScheduler,Microsoft-Windows-TaskScheduler/Operational,6305,4,SppSvcRestartTaskHandler Class,472,,,,,,,0,,CF9EF856-019F-44B4-8866-2EC2D1B3680D,\Microsoft\Windows\SoftwareProtectionPlatform\SvcRestartTaskNetwork,,,ActionSuccess
2026-05-23T12:14:59.829148Z,102,dc.scaffold.htb,Microsoft-Windows-TaskScheduler,Microsoft-Windows-TaskScheduler/Operational,6306,4,,,CF9EF856-019F-44B4-8866-2EC2D1B3680D,,,,,,,,,\Microsoft\Windows\SoftwareProtectionPlatform\SvcRestartTaskNetwork,(NONE),,TaskSuccessEvent
2026-05-23T12:15:00.561380Z,129,dc.scaffold.htb,Microsoft-Windows-TaskScheduler,Microsoft-Windows-TaskScheduler/Operational,6307,4,,,,,%windir%\system32\wermgr.exe,16384,8288,,,,,\Microsoft\Windows\Windows Error Reporting\QueueReporting,,,CreatedTaskProcess
2026-05-23T12:15:00.561653Z,100,dc.scaffold.htb,Microsoft-Windows-TaskScheduler,Microsoft-Windows-TaskScheduler/Operational,6308,4,,,58A6BAE1-324C-4CEA-B9D7-4F22867D5D3F,,,,,,,,,\Microsoft\Windows\Windows Error Reporting\QueueReporting,NT AUTHORITY\SYSTEM,,TaskStartEvent
2026-05-23T12:15:00.561656Z,200,dc.scaffold.htb,Microsoft-Windows-TaskScheduler,Microsoft-Windows-TaskScheduler/Operational,6309,4,%windir%\system32\wermgr.exe,8288,,,,,,,,,58A6BAE1-324C-4CEA-B9D7-4F22867D5D3F,\Microsoft\Windows\Windows Error Reporting\QueueReporting,,,ActionStart
2026-05-23T12:15:12.674197Z,140,dc.scaffold.htb,Microsoft-Windows-TaskScheduler,Microsoft-Windows-TaskScheduler/Operational,6310,4,,,,,,,,,,,,\Microsoft\Windows\WindowsUpdate\Scheduled Start,,NT AUTHORITY\SYSTEM,TaskUpdated
2026-05-23T12:15:24.571819Z,324,dc.scaffold.htb,Microsoft-Windows-TaskScheduler,Microsoft-Windows-TaskScheduler/Operational,6311,3,,,,,,,,51073D70-6E61-4E5E-9E1E-2F4A16753DF1,,58A6BAE1-324C-4CEA-B9D7-4F22867D5D3F,,\Microsoft\Windows\Windows Error Reporting\QueueReporting,,,NewInstanceQueued
2026-05-23T12:15:32.262014Z,201,dc.scaffold.htb,Microsoft-Windows-TaskScheduler,Microsoft-Windows-TaskScheduler/Operational,6312,4,%windir%\system32\wermgr.exe,8288,,,,,,,0,,58A6BAE1-324C-4CEA-B9D7-4F22867D5D3F,\Microsoft\Windows\Windows Error Reporting\QueueReporting,,,ActionSuccess
2026-05-23T12:15:32.262115Z,102,dc.scaffold.htb,Microsoft-Windows-TaskScheduler,Microsoft-Windows-TaskScheduler/Operational,6313,4,,,58A6BAE1-324C-4CEA-B9D7-4F22867D5D3F,,,,,,,,,\Microsoft\Windows\Windows Error Reporting\QueueReporting,NT AUTHORITY\SYSTEM,,TaskSuccessEvent
2026-05-23T12:15:32.262493Z,107,dc.scaffold.htb,Microsoft-Windows-TaskScheduler,Microsoft-Windows-TaskScheduler/Operational,6314,4,,,51073D70-6E61-4E5E-9E1E-2F4A16753DF1,,,,,,,,,\Microsoft\Windows\Windows Error Reporting\QueueReporting,,,TimeTriggerEvent
2026-05-23T12:15:32.263749Z,129,dc.scaffold.htb,Microsoft-Windows-TaskScheduler,Microsoft-Windows-TaskScheduler/Operational,6315,4,,,,,%windir%\system32\wermgr.exe,16384,9380,,,,,\Microsoft\Windows\Windows Error Reporting\QueueReporting,,,CreatedTaskProcess
2026-05-23T12:15:32.263840Z,100,dc.scaffold.htb,Microsoft-Windows-TaskScheduler,Microsoft-Windows-TaskScheduler/Operational,6316,4,,,51073D70-6E61-4E5E-9E1E-2F4A16753DF1,,,,,,,,,\Microsoft\Windows\Windows Error Reporting\QueueReporting,NT AUTHORITY\SYSTEM,,TaskStartEvent
2026-05-23T12:15:32.263840Z,200,dc.scaffold.htb,Microsoft-Windows-TaskScheduler,Microsoft-Windows-TaskScheduler/Operational,6317,4,%windir%\system32\wermgr.exe,9380,,,,,,,,,51073D70-6E61-4E5E-9E1E-2F4A16753DF1,\Microsoft\Windows\Windows Error Reporting\QueueReporting,,,ActionStart
2026-05-23T12:15:32.285466Z,201,dc.scaffold.htb,Microsoft-Windows-TaskScheduler,Microsoft-Windows-TaskScheduler/Operational,6318,4,%windir%\system32\wermgr.exe,9380,,,,,,,0,,51073D70-6E61-4E5E-9E1E-2F4A16753DF1,\Microsoft\Windows\Windows Error Reporting\QueueReporting,,,ActionSuccess
2026-05-23T12:15:32.285574Z,102,dc.scaffold.htb,Microsoft-Windows-TaskScheduler,Microsoft-Windows-TaskScheduler/Operational,6319,4,,,51073D70-6E61-4E5E-9E1E-2F4A16753DF1,,,,,,,,,\Microsoft\Windows\Windows Error Reporting\QueueReporting,NT AUTHORITY\SYSTEM,,TaskSuccessEvent
2026-05-23T12:15:36.133713Z,142,dc.scaffold.htb,Microsoft-Windows-TaskScheduler,Microsoft-Windows-TaskScheduler/Operational,6320,4,,,,,,,,,,,,\Microsoft\Windows\SoftwareProtectionPlatform\SvcRestartTaskLogon,,INTERACTIVE,TaskDisabled
2026-05-23T12:15:36.136450Z,142,dc.scaffold.htb,Microsoft-Windows-TaskScheduler,Microsoft-Windows-TaskScheduler/Operational,6321,4,,,,,,,,,,,,\Microsoft\Windows\SoftwareProtectionPlatform\SvcRestartTaskNetwork,,NETWORK SERVICE,TaskDisabled
2026-05-23T12:15:46.452580Z,108,dc.scaffold.htb,Microsoft-Windows-TaskScheduler,Microsoft-Windows-TaskScheduler/Operational,6322,4,,,D0EC49FB-8FD4-405B-B146-F6ECF3DA9F89,,,,,,,,,\Microsoft\Windows\Workplace Join\Automatic-Device-Join,,,EventTriggerEvent
2026-05-23T12:15:46.456060Z,129,dc.scaffold.htb,Microsoft-Windows-TaskScheduler,Microsoft-Windows-TaskScheduler/Operational,6323,4,,,,,%SystemRoot%\System32\dsregcmd.exe,16384,9156,,,,,\Microsoft\Windows\Workplace Join\Automatic-Device-Join,,,CreatedTaskProcess
2026-05-23T12:15:46.456205Z,100,dc.scaffold.htb,Microsoft-Windows-TaskScheduler,Microsoft-Windows-TaskScheduler/Operational,6324,4,,,D0EC49FB-8FD4-405B-B146-F6ECF3DA9F89,,,,,,,,,\Microsoft\Windows\Workplace Join\Automatic-Device-Join,NT AUTHORITY\SYSTEM,,TaskStartEvent
2026-05-23T12:15:46.456207Z,200,dc.scaffold.htb,Microsoft-Windows-TaskScheduler,Microsoft-Windows-TaskScheduler/Operational,6325,4,%SystemRoot%\System32\dsregcmd.exe,9156,,,,,,,,,D0EC49FB-8FD4-405B-B146-F6ECF3DA9F89,\Microsoft\Windows\Workplace Join\Automatic-Device-Join,,,ActionStart
2026-05-23T12:15:46.522465Z,201,dc.scaffold.htb,Microsoft-Windows-TaskScheduler,Microsoft-Windows-TaskScheduler/Operational,6326,4,%SystemRoot%\System32\dsregcmd.exe,9156,,,,,,,2147942401,,D0EC49FB-8FD4-405B-B146-F6ECF3DA9F89,\Microsoft\Windows\Workplace Join\Automatic-Device-Join,,,ActionSuccess
2026-05-23T12:15:46.522565Z,102,dc.scaffold.htb,Microsoft-Windows-TaskScheduler,Microsoft-Windows-TaskScheduler/Operational,6327,4,,,D0EC49FB-8FD4-405B-B146-F6ECF3DA9F89,,,,,,,,,\Microsoft\Windows\Workplace Join\Automatic-Device-Join,NT AUTHORITY\SYSTEM,,TaskSuccessEvent
2026-05-23T12:16:06.221091Z,140,dc.scaffold.htb,Microsoft-Windows-TaskScheduler,Microsoft-Windows-TaskScheduler/Operational,6328,4,,,,,,,,,,,,\Microsoft\Windows\SoftwareProtectionPlatform\SvcRestartTask,,SCAFFOLD\DC$,TaskUpdated
2026-05-23T12:16:55.066924Z,129,dc.scaffold.htb,Microsoft-Windows-TaskScheduler,Microsoft-Windows-TaskScheduler/Operational,6329,4,,,,,%systemroot%\system32\usoclient.exe,16384,10124,,,,,\Microsoft\Windows\UpdateOrchestrator\Report policies,,,CreatedTaskProcess
2026-05-23T12:16:55.067359Z,100,dc.scaffold.htb,Microsoft-Windows-TaskScheduler,Microsoft-Windows-TaskScheduler/Operational,6330,4,,,F2356D86-296E-4B0A-8419-0B4A31439F42,,,,,,,,,\Microsoft\Windows\UpdateOrchestrator\Report policies,NT AUTHORITY\SYSTEM,,TaskStartEvent
2026-05-23T12:16:55.067361Z,200,dc.scaffold.htb,Microsoft-Windows-TaskScheduler,Microsoft-Windows-TaskScheduler/Operational,6331,4,%systemroot%\system32\usoclient.exe,10124,,,,,,,,,F2356D86-296E-4B0A-8419-0B4A31439F42,\Microsoft\Windows\UpdateOrchestrator\Report policies,,,ActionStart
2026-05-23T12:16:55.100908Z,201,dc.scaffold.htb,Microsoft-Windows-TaskScheduler,Microsoft-Windows-TaskScheduler/Operational,6332,4,%systemroot%\system32\usoclient.exe,10124,,,,,,,0,,F2356D86-296E-4B0A-8419-0B4A31439F42,\Microsoft\Windows\UpdateOrchestrator\Report policies,,,ActionSuccess
2026-05-23T12:16:55.101035Z,102,dc.scaffold.htb,Microsoft-Windows-TaskScheduler,Microsoft-Windows-TaskScheduler/Operational,6333,4,,,F2356D86-296E-4B0A-8419-0B4A31439F42,,,,,,,,,\Microsoft\Windows\UpdateOrchestrator\Report policies,NT AUTHORITY\SYSTEM,,TaskSuccessEvent
2026-05-23T12:24:58.852267Z,140,dc.scaffold.htb,Microsoft-Windows-TaskScheduler,Microsoft-Windows-TaskScheduler/Operational,6334,4,,,,,,,,,,,,\Microsoft\Windows\WindowsUpdate\Scheduled Start,,NT AUTHORITY\SYSTEM,TaskUpdated
2026-05-23T12:26:36.281799Z,140,dc.scaffold.htb,Microsoft-Windows-TaskScheduler,Microsoft-Windows-TaskScheduler/Operational,6335,4,,,,,,,,,,,,\Microsoft\Windows\SoftwareProtectionPlatform\SvcRestartTask,,SCAFFOLD\DC$,TaskUpdated
2026-05-23T12:39:23.510059Z,107,dc.scaffold.htb,Microsoft-Windows-TaskScheduler,Microsoft-Windows-TaskScheduler/Operational,6336,4,,,25B5C900-B2CF-4621-9D1C-59A14023FAF8,,,,,,,,,\MicrosoftEdgeUpdateTaskMachineUA,,,TimeTriggerEvent
2026-05-23T12:39:23.522269Z,129,dc.scaffold.htb,Microsoft-Windows-TaskScheduler,Microsoft-Windows-TaskScheduler/Operational,6337,4,,,,,C:\Program Files (x86)\Microsoft\EdgeUpdate\MicrosoftEdgeUpdate.exe,32,7504,,,,,\MicrosoftEdgeUpdateTaskMachineUA,,,CreatedTaskProcess
2026-05-23T12:39:23.522622Z,100,dc.scaffold.htb,Microsoft-Windows-TaskScheduler,Microsoft-Windows-TaskScheduler/Operational,6338,4,,,25B5C900-B2CF-4621-9D1C-59A14023FAF8,,,,,,,,,\MicrosoftEdgeUpdateTaskMachineUA,NT AUTHORITY\SYSTEM,,TaskStartEvent
2026-05-23T12:39:23.522625Z,200,dc.scaffold.htb,Microsoft-Windows-TaskScheduler,Microsoft-Windows-TaskScheduler/Operational,6339,4,C:\Program Files (x86)\Microsoft\EdgeUpdate\MicrosoftEdgeUpdate.exe,7504,,,,,,,,,25B5C900-B2CF-4621-9D1C-59A14023FAF8,\MicrosoftEdgeUpdateTaskMachineUA,,,ActionStart
2026-05-23T12:46:40.346861Z,129,dc.scaffold.htb,Microsoft-Windows-TaskScheduler,Microsoft-Windows-TaskScheduler/Operational,6340,4,,,,,%windir%\system32\wermgr.exe,16384,8352,,,,,\Microsoft\Windows\Windows Error Reporting\QueueReporting,,,CreatedTaskProcess
2026-05-23T12:46:40.347084Z,100,dc.scaffold.htb,Microsoft-Windows-TaskScheduler,Microsoft-Windows-TaskScheduler/Operational,6341,4,,,B2A9E89A-3CD0-4069-9C86-99F1D6A988B4,,,,,,,,,\Microsoft\Windows\Windows Error Reporting\QueueReporting,NT AUTHORITY\SYSTEM,,TaskStartEvent
2026-05-23T12:46:40.347085Z,200,dc.scaffold.htb,Microsoft-Windows-TaskScheduler,Microsoft-Windows-TaskScheduler/Operational,6342,4,%windir%\system32\wermgr.exe,8352,,,,,,,,,B2A9E89A-3CD0-4069-9C86-99F1D6A988B4,\Microsoft\Windows\Windows Error Reporting\QueueReporting,,,ActionStart
2026-05-23T12:46:40.386044Z,201,dc.scaffold.htb,Microsoft-Windows-TaskScheduler,Microsoft-Windows-TaskScheduler/Operational,6343,4,%windir%\system32\wermgr.exe,8352,,,,,,,0,,B2A9E89A-3CD0-4069-9C86-99F1D6A988B4,\Microsoft\Windows\Windows Error Reporting\QueueReporting,,,ActionSuccess
2026-05-23T12:46:40.386152Z,102,dc.scaffold.htb,Microsoft-Windows-TaskScheduler,Microsoft-Windows-TaskScheduler/Operational,6344,4,,,B2A9E89A-3CD0-4069-9C86-99F1D6A988B4,,,,,,,,,\Microsoft\Windows\Windows Error Reporting\QueueReporting,NT AUTHORITY\SYSTEM,,TaskSuccessEvent
2026-05-23T12:46:59.504166Z,129,dc.scaffold.htb,Microsoft-Windows-TaskScheduler,Microsoft-Windows-TaskScheduler/Operational,6345,4,,,,,taskhostw.exe,16384,9552,,,,,\Microsoft\Windows\ExploitGuard\ExploitGuard MDM policy Refresh,,,CreatedTaskProcess
2026-05-23T12:46:59.504333Z,100,dc.scaffold.htb,Microsoft-Windows-TaskScheduler,Microsoft-Windows-TaskScheduler/Operational,6346,4,,,E4C20077-ED26-4C56-8148-9CEC75E8E35A,,,,,,,,,\Microsoft\Windows\ExploitGuard\ExploitGuard MDM policy Refresh,NT AUTHORITY\SYSTEM,,TaskStartEvent
2026-05-23T12:46:59.504334Z,200,dc.scaffold.htb,Microsoft-Windows-TaskScheduler,Microsoft-Windows-TaskScheduler/Operational,6347,4,,9552,,,,,,,,,E4C20077-ED26-4C56-8148-9CEC75E8E35A,\Microsoft\Windows\ExploitGuard\ExploitGuard MDM policy Refresh,,,ActionStart
2026-05-23T12:46:59.504408Z,100,dc.scaffold.htb,Microsoft-Windows-TaskScheduler,Microsoft-Windows-TaskScheduler/Operational,6348,4,,,396BBB70-F8EC-418F-97B1-143EAB00399E,,,,,,,,,\Microsoft\Windows\Flighting\FeatureConfig\ReconcileFeatures,NT AUTHORITY\SYSTEM,,TaskStartEvent
2026-05-23T12:46:59.504409Z,200,dc.scaffold.htb,Microsoft-Windows-TaskScheduler,Microsoft-Windows-TaskScheduler/Operational,6349,4,Feature Configuration Reconciliation Task Handler,9552,,,,,,,,,396BBB70-F8EC-418F-97B1-143EAB00399E,\Microsoft\Windows\Flighting\FeatureConfig\ReconcileFeatures,,,ActionStart
2026-05-23T12:46:59.530044Z,201,dc.scaffold.htb,Microsoft-Windows-TaskScheduler,Microsoft-Windows-TaskScheduler/Operational,6350,4,,9552,,,,,,,0,,E4C20077-ED26-4C56-8148-9CEC75E8E35A,\Microsoft\Windows\ExploitGuard\ExploitGuard MDM policy Refresh,,,ActionSuccess
2026-05-23T12:46:59.530046Z,102,dc.scaffold.htb,Microsoft-Windows-TaskScheduler,Microsoft-Windows-TaskScheduler/Operational,6351,4,,,E4C20077-ED26-4C56-8148-9CEC75E8E35A,,,,,,,,,\Microsoft\Windows\ExploitGuard\ExploitGuard MDM policy Refresh,NT AUTHORITY\SYSTEM,,TaskSuccessEvent
2026-05-23T12:46:59.553088Z,201,dc.scaffold.htb,Microsoft-Windows-TaskScheduler,Microsoft-Windows-TaskScheduler/Operational,6352,4,Feature Configuration Reconciliation Task Handler,9552,,,,,,,0,,396BBB70-F8EC-418F-97B1-143EAB00399E,\Microsoft\Windows\Flighting\FeatureConfig\ReconcileFeatures,,,ActionSuccess
2026-05-23T12:46:59.553091Z,102,dc.scaffold.htb,Microsoft-Windows-TaskScheduler,Microsoft-Windows-TaskScheduler/Operational,6353,4,,,396BBB70-F8EC-418F-97B1-143EAB00399E,,,,,,,,,\Microsoft\Windows\Flighting\FeatureConfig\ReconcileFeatures,NT AUTHORITY\SYSTEM,,TaskSuccessEvent
2026-05-23T12:46:59.607670Z,129,dc.scaffold.htb,Microsoft-Windows-TaskScheduler,Microsoft-Windows-TaskScheduler/Operational,6354,4,,,,,taskhostw.exe,16384,7480,,,,,\Microsoft\Windows\CertificateServicesClient\SystemTask,,,CreatedTaskProcess
2026-05-23T12:46:59.607901Z,100,dc.scaffold.htb,Microsoft-Windows-TaskScheduler,Microsoft-Windows-TaskScheduler/Operational,6355,4,,,65867103-96D3-41E9-BB47-8FBFE7848007,,,,,,,,,\Microsoft\Windows\CertificateServicesClient\SystemTask,NT AUTHORITY\SYSTEM,,TaskStartEvent
2026-05-23T12:46:59.607902Z,200,dc.scaffold.htb,Microsoft-Windows-TaskScheduler,Microsoft-Windows-TaskScheduler/Operational,6356,4,Certificate Services Client Task Handler,7480,,,,,,,,,65867103-96D3-41E9-BB47-8FBFE7848007,\Microsoft\Windows\CertificateServicesClient\SystemTask,,,ActionStart
2026-05-23T12:46:59.700336Z,201,dc.scaffold.htb,Microsoft-Windows-TaskScheduler,Microsoft-Windows-TaskScheduler/Operational,6357,4,Certificate Services Client Task Handler,7480,,,,,,,0,,65867103-96D3-41E9-BB47-8FBFE7848007,\Microsoft\Windows\CertificateServicesClient\SystemTask,,,ActionSuccess
2026-05-23T12:46:59.700337Z,102,dc.scaffold.htb,Microsoft-Windows-TaskScheduler,Microsoft-Windows-TaskScheduler/Operational,6358,4,,,65867103-96D3-41E9-BB47-8FBFE7848007,,,,,,,,,\Microsoft\Windows\CertificateServicesClient\SystemTask,NT AUTHORITY\SYSTEM,,TaskSuccessEvent
2026-05-23T12:46:59.720173Z,129,dc.scaffold.htb,Microsoft-Windows-TaskScheduler,Microsoft-Windows-TaskScheduler/Operational,6359,4,,,,,taskhostw.exe,16384,8032,,,,,\Microsoft\Windows\Plug and Play\Device Install Group Policy,,,CreatedTaskProcess
2026-05-23T12:46:59.720459Z,100,dc.scaffold.htb,Microsoft-Windows-TaskScheduler,Microsoft-Windows-TaskScheduler/Operational,6360,4,,,7B619F88-C5CB-4E60-BF03-60217C4C6B94,,,,,,,,,\Microsoft\Windows\Plug and Play\Device Install Group Policy,NT AUTHORITY\SYSTEM,,TaskStartEvent
2026-05-23T12:46:59.720462Z,200,dc.scaffold.htb,Microsoft-Windows-TaskScheduler,Microsoft-Windows-TaskScheduler/Operational,6361,4,Device Installation Group Policy Task Handler,8032,,,,,,,,,7B619F88-C5CB-4E60-BF03-60217C4C6B94,\Microsoft\Windows\Plug and Play\Device Install Group Policy,,,ActionStart
2026-05-23T12:46:59.748572Z,201,dc.scaffold.htb,Microsoft-Windows-TaskScheduler,Microsoft-Windows-TaskScheduler/Operational,6362,4,Device Installation Group Policy Task Handler,8032,,,,,,,0,,7B619F88-C5CB-4E60-BF03-60217C4C6B94,\Microsoft\Windows\Plug and Play\Device Install Group Policy,,,ActionSuccess
2026-05-23T12:46:59.748574Z,102,dc.scaffold.htb,Microsoft-Windows-TaskScheduler,Microsoft-Windows-TaskScheduler/Operational,6363,4,,,7B619F88-C5CB-4E60-BF03-60217C4C6B94,,,,,,,,,\Microsoft\Windows\Plug and Play\Device Install Group Policy,NT AUTHORITY\SYSTEM,,TaskSuccessEvent
2026-05-23T12:50:22.204886Z,201,dc.scaffold.htb,Microsoft-Windows-TaskScheduler,Microsoft-Windows-TaskScheduler/Operational,6364,4,C:\Program Files (x86)\Microsoft\EdgeUpdate\MicrosoftEdgeUpdate.exe,7504,,,,,,,0,,25B5C900-B2CF-4621-9D1C-59A14023FAF8,\MicrosoftEdgeUpdateTaskMachineUA,,,ActionSuccess
2026-05-23T12:50:22.205135Z,102,dc.scaffold.htb,Microsoft-Windows-TaskScheduler,Microsoft-Windows-TaskScheduler/Operational,6365,4,,,25B5C900-B2CF-4621-9D1C-59A14023FAF8,,,,,,,,,\MicrosoftEdgeUpdateTaskMachineUA,NT AUTHORITY\SYSTEM,,TaskSuccessEvent
2026-05-23T12:52:00.019739Z,129,dc.scaffold.htb,Microsoft-Windows-TaskScheduler,Microsoft-Windows-TaskScheduler/Operational,6366,4,,,,,%systemroot%\system32\usoclient.exe,16384,9316,,,,,\Microsoft\Windows\UpdateOrchestrator\Report policies,,,CreatedTaskProcess
2026-05-23T12:52:00.021350Z,100,dc.scaffold.htb,Microsoft-Windows-TaskScheduler,Microsoft-Windows-TaskScheduler/Operational,6367,4,,,51020026-90EC-44A6-9FCE-FF85F7645FF2,,,,,,,,,\Microsoft\Windows\UpdateOrchestrator\Report policies,NT AUTHORITY\SYSTEM,,TaskStartEvent
2026-05-23T12:52:00.021355Z,200,dc.scaffold.htb,Microsoft-Windows-TaskScheduler,Microsoft-Windows-TaskScheduler/Operational,6368,4,%systemroot%\system32\usoclient.exe,9316,,,,,,,,,51020026-90EC-44A6-9FCE-FF85F7645FF2,\Microsoft\Windows\UpdateOrchestrator\Report policies,,,ActionStart
2026-05-23T12:52:00.080310Z,201,dc.scaffold.htb,Microsoft-Windows-TaskScheduler,Microsoft-Windows-TaskScheduler/Operational,6369,4,%systemroot%\system32\usoclient.exe,9316,,,,,,,0,,51020026-90EC-44A6-9FCE-FF85F7645FF2,\Microsoft\Windows\UpdateOrchestrator\Report policies,,,ActionSuccess
2026-05-23T12:52:00.080412Z,102,dc.scaffold.htb,Microsoft-Windows-TaskScheduler,Microsoft-Windows-TaskScheduler/Operational,6370,4,,,51020026-90EC-44A6-9FCE-FF85F7645FF2,,,,,,,,,\Microsoft\Windows\UpdateOrchestrator\Report policies,NT AUTHORITY\SYSTEM,,TaskSuccessEvent
2026-05-23T12:56:36.647796Z,140,dc.scaffold.htb,Microsoft-Windows-TaskScheduler,Microsoft-Windows-TaskScheduler/Operational,6371,4,,,,,,,,,,,,\Microsoft\Windows\SoftwareProtectionPlatform\SvcRestartTask,,SCAFFOLD\DC$,TaskUpdated
2026-05-23T12:57:00.387406Z,140,dc.scaffold.htb,Microsoft-Windows-TaskScheduler,Microsoft-Windows-TaskScheduler/Operational,6372,4,,,,,,,,,,,,\Microsoft\Windows\WindowsUpdate\Scheduled Start,,NT AUTHORITY\SYSTEM,TaskUpdated
2026-05-23T13:00:01.728654Z,107,dc.scaffold.htb,Microsoft-Windows-TaskScheduler,Microsoft-Windows-TaskScheduler/Operational,6373,4,,,F4CC7D7C-4104-44A8-809A-41A1C4DE2CE0,,,,,,,,,\Microsoft\Windows\Customer Experience Improvement Program\Consolidator,,,TimeTriggerEvent
2026-05-23T13:00:01.737624Z,129,dc.scaffold.htb,Microsoft-Windows-TaskScheduler,Microsoft-Windows-TaskScheduler/Operational,6374,4,,,,,%SystemRoot%\System32\wsqmcons.exe,16384,8076,,,,,\Microsoft\Windows\Customer Experience Improvement Program\Consolidator,,,CreatedTaskProcess
2026-05-23T13:00:01.738155Z,100,dc.scaffold.htb,Microsoft-Windows-TaskScheduler,Microsoft-Windows-TaskScheduler/Operational,6375,4,,,F4CC7D7C-4104-44A8-809A-41A1C4DE2CE0,,,,,,,,,\Microsoft\Windows\Customer Experience Improvement Program\Consolidator,NT AUTHORITY\SYSTEM,,TaskStartEvent
2026-05-23T13:00:01.738159Z,200,dc.scaffold.htb,Microsoft-Windows-TaskScheduler,Microsoft-Windows-TaskScheduler/Operational,6376,4,%SystemRoot%\System32\wsqmcons.exe,8076,,,,,,,,,F4CC7D7C-4104-44A8-809A-41A1C4DE2CE0,\Microsoft\Windows\Customer Experience Improvement Program\Consolidator,,,ActionStart
2026-05-23T13:00:01.743257Z,201,dc.scaffold.htb,Microsoft-Windows-TaskScheduler,Microsoft-Windows-TaskScheduler/Operational,6377,4,%SystemRoot%\System32\wsqmcons.exe,8076,,,,,,,0,,F4CC7D7C-4104-44A8-809A-41A1C4DE2CE0,\Microsoft\Windows\Customer Experience Improvement Program\Consolidator,,,ActionSuccess
2026-05-23T13:00:01.743411Z,102,dc.scaffold.htb,Microsoft-Windows-TaskScheduler,Microsoft-Windows-TaskScheduler/Operational,6378,4,,,F4CC7D7C-4104-44A8-809A-41A1C4DE2CE0,,,,,,,,,\Microsoft\Windows\Customer Experience Improvement Program\Consolidator,NT AUTHORITY\SYSTEM,,TaskSuccessEvent
2026-05-23T13:15:46.957806Z,108,dc.scaffold.htb,Microsoft-Windows-TaskScheduler,Microsoft-Windows-TaskScheduler/Operational,6379,4,,,34860693-9DB0-47E7-9777-F90A815AB093,,,,,,,,,\Microsoft\Windows\Workplace Join\Automatic-Device-Join,,,EventTriggerEvent
2026-05-23T13:15:46.959469Z,129,dc.scaffold.htb,Microsoft-Windows-TaskScheduler,Microsoft-Windows-TaskScheduler/Operational,6380,4,,,,,%SystemRoot%\System32\dsregcmd.exe,16384,8780,,,,,\Microsoft\Windows\Workplace Join\Automatic-Device-Join,,,CreatedTaskProcess
2026-05-23T13:15:46.959745Z,100,dc.scaffold.htb,Microsoft-Windows-TaskScheduler,Microsoft-Windows-TaskScheduler/Operational,6381,4,,,34860693-9DB0-47E7-9777-F90A815AB093,,,,,,,,,\Microsoft\Windows\Workplace Join\Automatic-Device-Join,NT AUTHORITY\SYSTEM,,TaskStartEvent
2026-05-23T13:15:46.959747Z,200,dc.scaffold.htb,Microsoft-Windows-TaskScheduler,Microsoft-Windows-TaskScheduler/Operational,6382,4,%SystemRoot%\System32\dsregcmd.exe,8780,,,,,,,,,34860693-9DB0-47E7-9777-F90A815AB093,\Microsoft\Windows\Workplace Join\Automatic-Device-Join,,,ActionStart
2026-05-23T13:15:47.045295Z,201,dc.scaffold.htb,Microsoft-Windows-TaskScheduler,Microsoft-Windows-TaskScheduler/Operational,6383,4,%SystemRoot%\System32\dsregcmd.exe,8780,,,,,,,2147942401,,34860693-9DB0-47E7-9777-F90A815AB093,\Microsoft\Windows\Workplace Join\Automatic-Device-Join,,,ActionSuccess
2026-05-23T13:15:47.045491Z,102,dc.scaffold.htb,Microsoft-Windows-TaskScheduler,Microsoft-Windows-TaskScheduler/Operational,6384,4,,,34860693-9DB0-47E7-9777-F90A815AB093,,,,,,,,,\Microsoft\Windows\Workplace Join\Automatic-Device-Join,NT AUTHORITY\SYSTEM,,TaskSuccessEvent
2026-05-23T13:22:05.688416Z,129,dc.scaffold.htb,Microsoft-Windows-TaskScheduler,Microsoft-Windows-TaskScheduler/Operational,6385,4,,,,,%windir%\system32\wermgr.exe,16384,8504,,,,,\Microsoft\Windows\Windows Error Reporting\QueueReporting,,,CreatedTaskProcess
2026-05-23T13:22:05.688738Z,100,dc.scaffold.htb,Microsoft-Windows-TaskScheduler,Microsoft-Windows-TaskScheduler/Operational,6386,4,,,BCCADED3-7333-4215-B660-D4D798274F5F,,,,,,,,,\Microsoft\Windows\Windows Error Reporting\QueueReporting,NT AUTHORITY\SYSTEM,,TaskStartEvent
2026-05-23T13:22:05.688741Z,200,dc.scaffold.htb,Microsoft-Windows-TaskScheduler,Microsoft-Windows-TaskScheduler/Operational,6387,4,%windir%\system32\wermgr.exe,8504,,,,,,,,,BCCADED3-7333-4215-B660-D4D798274F5F,\Microsoft\Windows\Windows Error Reporting\QueueReporting,,,ActionStart
2026-05-23T13:22:05.726947Z,201,dc.scaffold.htb,Microsoft-Windows-TaskScheduler,Microsoft-Windows-TaskScheduler/Operational,6388,4,%windir%\system32\wermgr.exe,8504,,,,,,,0,,BCCADED3-7333-4215-B660-D4D798274F5F,\Microsoft\Windows\Windows Error Reporting\QueueReporting,,,ActionSuccess
2026-05-23T13:22:05.727058Z,102,dc.scaffold.htb,Microsoft-Windows-TaskScheduler,Microsoft-Windows-TaskScheduler/Operational,6389,4,,,BCCADED3-7333-4215-B660-D4D798274F5F,,,,,,,,,\Microsoft\Windows\Windows Error Reporting\QueueReporting,NT AUTHORITY\SYSTEM,,TaskSuccessEvent
2026-05-23T13:25:47.878213Z,108,dc.scaffold.htb,Microsoft-Windows-TaskScheduler,Microsoft-Windows-TaskScheduler/Operational,6390,4,,,A84902C7-6ABF-44D5-A74F-699AB8DC7757,,,,,,,,,\Deploy-Engine-OnAudit,,,EventTriggerEvent
2026-05-23T13:25:47.890048Z,129,dc.scaffold.htb,Microsoft-Windows-TaskScheduler,Microsoft-Windows-TaskScheduler/Operational,6391,4,,,,,powershell.exe,16384,7416,,,,,\Deploy-Engine-OnAudit,,,CreatedTaskProcess
2026-05-23T13:25:47.890426Z,100,dc.scaffold.htb,Microsoft-Windows-TaskScheduler,Microsoft-Windows-TaskScheduler/Operational,6392,4,,,A84902C7-6ABF-44D5-A74F-699AB8DC7757,,,,,,,,,\Deploy-Engine-OnAudit,SCAFFOLD\Administrator,,TaskStartEvent
2026-05-23T13:25:47.890427Z,200,dc.scaffold.htb,Microsoft-Windows-TaskScheduler,Microsoft-Windows-TaskScheduler/Operational,6393,4,powershell.exe,7416,,,,,,,,,A84902C7-6ABF-44D5-A74F-699AB8DC7757,\Deploy-Engine-OnAudit,,,ActionStart
2026-05-23T13:25:47.899330Z,322,dc.scaffold.htb,Microsoft-Windows-TaskScheduler,Microsoft-Windows-TaskScheduler/Operational,6394,3,,,,,,,,,,,A84902C7-6ABF-44D5-A74F-699AB8DC7757,\Deploy-Engine-OnAudit,,,NewInstanceIgnored
2026-05-23T13:25:48.197842Z,201,dc.scaffold.htb,Microsoft-Windows-TaskScheduler,Microsoft-Windows-TaskScheduler/Operational,6395,4,powershell.exe,7416,,,,,,,4294770688,,A84902C7-6ABF-44D5-A74F-699AB8DC7757,\Deploy-Engine-OnAudit,,,ActionSuccess
2026-05-23T13:25:48.198099Z,102,dc.scaffold.htb,Microsoft-Windows-TaskScheduler,Microsoft-Windows-TaskScheduler/Operational,6396,4,,,A84902C7-6ABF-44D5-A74F-699AB8DC7757,,,,,,,,,\Deploy-Engine-OnAudit,SCAFFOLD\Administrator,,TaskSuccessEvent
2026-05-23T13:26:37.072999Z,140,dc.scaffold.htb,Microsoft-Windows-TaskScheduler,Microsoft-Windows-TaskScheduler/Operational,6397,4,,,,,,,,,,,,\Microsoft\Windows\SoftwareProtectionPlatform\SvcRestartTask,,SCAFFOLD\DC$,TaskUpdated
2026-05-23T13:30:52.227013Z,129,dc.scaffold.htb,Microsoft-Windows-TaskScheduler,Microsoft-Windows-TaskScheduler/Operational,6398,4,,,,,%systemroot%\system32\usoclient.exe,16384,7272,,,,,\Microsoft\Windows\UpdateOrchestrator\Schedule Scan Static Task,,,CreatedTaskProcess
2026-05-23T13:30:52.227395Z,100,dc.scaffold.htb,Microsoft-Windows-TaskScheduler,Microsoft-Windows-TaskScheduler/Operational,6399,4,,,88483BA7-0297-4FA0-A678-D3186FF08F5F,,,,,,,,,\Microsoft\Windows\UpdateOrchestrator\Schedule Scan Static Task,NT AUTHORITY\SYSTEM,,TaskStartEvent
2026-05-23T13:30:52.227397Z,200,dc.scaffold.htb,Microsoft-Windows-TaskScheduler,Microsoft-Windows-TaskScheduler/Operational,6400,4,%systemroot%\system32\usoclient.exe,7272,,,,,,,,,88483BA7-0297-4FA0-A678-D3186FF08F5F,\Microsoft\Windows\UpdateOrchestrator\Schedule Scan Static Task,,,ActionStart
2026-05-23T13:30:52.227821Z,322,dc.scaffold.htb,Microsoft-Windows-TaskScheduler,Microsoft-Windows-TaskScheduler/Operational,6401,3,,,,,,,,,,,88483BA7-0297-4FA0-A678-D3186FF08F5F,\Microsoft\Windows\UpdateOrchestrator\Schedule Scan Static Task,,,NewInstanceIgnored
2026-05-23T13:30:52.256838Z,201,dc.scaffold.htb,Microsoft-Windows-TaskScheduler,Microsoft-Windows-TaskScheduler/Operational,6402,4,%systemroot%\system32\usoclient.exe,7272,,,,,,,0,,88483BA7-0297-4FA0-A678-D3186FF08F5F,\Microsoft\Windows\UpdateOrchestrator\Schedule Scan Static Task,,,ActionSuccess
2026-05-23T13:30:52.256920Z,102,dc.scaffold.htb,Microsoft-Windows-TaskScheduler,Microsoft-Windows-TaskScheduler/Operational,6403,4,,,88483BA7-0297-4FA0-A678-D3186FF08F5F,,,,,,,,,\Microsoft\Windows\UpdateOrchestrator\Schedule Scan Static Task,NT AUTHORITY\SYSTEM,,TaskSuccessEvent
2026-05-23T13:32:07.152542Z,202,dc.scaffold.htb,Microsoft-Windows-TaskScheduler,Microsoft-Windows-TaskScheduler/Operational,6404,2,DiagnosticInfrastructureCustomHandler,2768,,,,,,,2147942404,,2FC18066-327D-4A69-B643-57050959D046,\Microsoft\Windows\WDI\ResolutionHost,,,ActionFailure
2026-05-23T13:32:07.152543Z,103,dc.scaffold.htb,Microsoft-Windows-TaskScheduler,Microsoft-Windows-TaskScheduler/Operational,6405,2,,,2FC18066-327D-4A69-B643-57050959D046,,,,,,2147942404,,,\Microsoft\Windows\WDI\ResolutionHost,,,TaskFailureEvent
2026-05-23T13:32:07.191246Z,201,dc.scaffold.htb,Microsoft-Windows-TaskScheduler,Microsoft-Windows-TaskScheduler/Operational,6406,4,C:\Windows\Explorer.EXE,2968,,,,,,,2147942404,,4E1FB710-C3ED-4A30-B341-CAFD0C2A5D4A,\CreateExplorerShellUnelevatedTask,,,ActionSuccess
2026-05-23T13:32:07.192123Z,102,dc.scaffold.htb,Microsoft-Windows-TaskScheduler,Microsoft-Windows-TaskScheduler/Operational,6407,4,,,4E1FB710-C3ED-4A30-B341-CAFD0C2A5D4A,,,,,,,,,\CreateExplorerShellUnelevatedTask,SCAFFOLD\Administrator,,TaskSuccessEvent
2026-05-23T13:32:07.238209Z,202,dc.scaffold.htb,Microsoft-Windows-TaskScheduler,Microsoft-Windows-TaskScheduler/Operational,6408,2,Wininet Cache task object,3528,,,,,,,2147942404,,D3B3DD84-0494-4116-8FCF-2004ADBBB495,\Microsoft\Windows\Wininet\CacheTask,,,ActionFailure
2026-05-23T13:32:07.238211Z,103,dc.scaffold.htb,Microsoft-Windows-TaskScheduler,Microsoft-Windows-TaskScheduler/Operational,6409,2,,,D3B3DD84-0494-4116-8FCF-2004ADBBB495,,,,,,2147942404,,,\Microsoft\Windows\Wininet\CacheTask,,,TaskFailureEvent
2026-05-23T13:32:07.501400Z,201,dc.scaffold.htb,Microsoft-Windows-TaskScheduler,Microsoft-Windows-TaskScheduler/Operational,6410,4,C:\Program Files (x86)\Microsoft\EdgeUpdate\MicrosoftEdgeUpdate.exe,5800,,,,,,,2147943691,,AEE23BC3-56EC-4C89-A73F-F184A6FEFE15,\MicrosoftEdgeUpdateTaskMachineCore,,,ActionSuccess
2026-05-23T13:32:07.501529Z,102,dc.scaffold.htb,Microsoft-Windows-TaskScheduler,Microsoft-Windows-TaskScheduler/Operational,6411,4,,,AEE23BC3-56EC-4C89-A73F-F184A6FEFE15,,,,,,,,,\MicrosoftEdgeUpdateTaskMachineCore,NT AUTHORITY\SYSTEM,,TaskSuccessEvent
2026-05-23T13:32:07.501556Z,111,dc.scaffold.htb,Microsoft-Windows-TaskScheduler,Microsoft-Windows-TaskScheduler/Operational,6412,4,,,AEE23BC3-56EC-4C89-A73F-F184A6FEFE15,,,,,,,,,\MicrosoftEdgeUpdateTaskMachineCore,,,TaskTerminationEvent
2026-05-23T13:32:07.768390Z,402,dc.scaffold.htb,Microsoft-Windows-TaskScheduler,Microsoft-Windows-TaskScheduler/Operational,6413,4,,,,ServiceStopEvent,,,,,,,,,,,
2026-05-23T13:32:23.890078Z,700,dc.scaffold.htb,Microsoft-Windows-TaskScheduler,Microsoft-Windows-TaskScheduler/Operational,6414,4,,,,CompatibilityAdapterLaunch,,,,,,,,,,,
