2026-05-17T14:02:13.770928Z,100,dc.scaffold.htb,Microsoft-Windows-TaskScheduler,Microsoft-Windows-TaskScheduler/Operational,2056,4,,,64545E2F-A5CC-4989-8074-E7464EC6AD33,,,,,,,,,\Microsoft\Windows\StateRepository\MaintenanceTasks,NT AUTHORITY\SYSTEM,,TaskStartEvent
2026-05-17T14:02:13.770933Z,200,dc.scaffold.htb,Microsoft-Windows-TaskScheduler,Microsoft-Windows-TaskScheduler/Operational,2057,4,%windir%\system32\rundll32.exe,4484,,,,,,,,,64545E2F-A5CC-4989-8074-E7464EC6AD33,\Microsoft\Windows\StateRepository\MaintenanceTasks,,,ActionStart
2026-05-17T14:02:13.783872Z,129,dc.scaffold.htb,Microsoft-Windows-TaskScheduler,Microsoft-Windows-TaskScheduler/Operational,2058,4,,,,,%windir%\system32\AppHostRegistrationVerifier.exe,16384,7092,,,,,\microsoft\windows\applicationdata\appuriverifierdaily,,,CreatedTaskProcess
2026-05-17T14:02:13.784632Z,100,dc.scaffold.htb,Microsoft-Windows-TaskScheduler,Microsoft-Windows-TaskScheduler/Operational,2059,4,,,CFBB8339-B4C7-4511-9344-009988211F73,,,,,,,,,\microsoft\windows\applicationdata\appuriverifierdaily,SCAFFOLD\Administrator,,TaskStartEvent
2026-05-17T14:02:13.784635Z,200,dc.scaffold.htb,Microsoft-Windows-TaskScheduler,Microsoft-Windows-TaskScheduler/Operational,2060,4,%windir%\system32\AppHostRegistrationVerifier.exe,7092,,,,,,,,,CFBB8339-B4C7-4511-9344-009988211F73,\microsoft\windows\applicationdata\appuriverifierdaily,,,ActionStart
2026-05-17T14:02:13.793196Z,129,dc.scaffold.htb,Microsoft-Windows-TaskScheduler,Microsoft-Windows-TaskScheduler/Operational,2061,4,,,,,%windir%\system32\dstokenclean.exe,16384,7644,,,,,\Microsoft\Windows\ApplicationData\DsSvcCleanup,,,CreatedTaskProcess
2026-05-17T14:02:13.793460Z,100,dc.scaffold.htb,Microsoft-Windows-TaskScheduler,Microsoft-Windows-TaskScheduler/Operational,2062,4,,,DD764ADA-FAE3-4820-B92C-60AC3EEC1EDE,,,,,,,,,\Microsoft\Windows\ApplicationData\DsSvcCleanup,NT AUTHORITY\SYSTEM,,TaskStartEvent
2026-05-17T14:02:13.793462Z,200,dc.scaffold.htb,Microsoft-Windows-TaskScheduler,Microsoft-Windows-TaskScheduler/Operational,2063,4,%windir%\system32\dstokenclean.exe,7644,,,,,,,,,DD764ADA-FAE3-4820-B92C-60AC3EEC1EDE,\Microsoft\Windows\ApplicationData\DsSvcCleanup,,,ActionStart
2026-05-17T14:02:13.796695Z,129,dc.scaffold.htb,Microsoft-Windows-TaskScheduler,Microsoft-Windows-TaskScheduler/Operational,2064,4,,,,,%windir%\system32\sc.exe,16384,3632,,,,,\Microsoft\Windows\Time Synchronization\SynchronizeTime,,,CreatedTaskProcess
2026-05-17T14:02:13.796843Z,100,dc.scaffold.htb,Microsoft-Windows-TaskScheduler,Microsoft-Windows-TaskScheduler/Operational,2065,4,,,A7F16161-B85A-40D3-A032-2F7355B9239B,,,,,,,,,\Microsoft\Windows\Time Synchronization\SynchronizeTime,(NONE),,TaskStartEvent
2026-05-17T14:02:13.796844Z,200,dc.scaffold.htb,Microsoft-Windows-TaskScheduler,Microsoft-Windows-TaskScheduler/Operational,2066,4,%windir%\system32\sc.exe,3632,,,,,,,,,A7F16161-B85A-40D3-A032-2F7355B9239B,\Microsoft\Windows\Time Synchronization\SynchronizeTime,,,ActionStart
2026-05-17T14:02:13.797268Z,100,dc.scaffold.htb,Microsoft-Windows-TaskScheduler,Microsoft-Windows-TaskScheduler/Operational,2067,4,,,F1271C56-C820-481A-952A-BDC487A25897,,,,,,,,,\Microsoft\Windows\Chkdsk\ProactiveScan,NT AUTHORITY\SYSTEM,,TaskStartEvent
2026-05-17T14:02:13.797270Z,200,dc.scaffold.htb,Microsoft-Windows-TaskScheduler,Microsoft-Windows-TaskScheduler/Operational,2068,4,Proactive Scan,7828,,,,,,,,,F1271C56-C820-481A-952A-BDC487A25897,\Microsoft\Windows\Chkdsk\ProactiveScan,,,ActionStart
2026-05-17T14:02:13.800824Z,129,dc.scaffold.htb,Microsoft-Windows-TaskScheduler,Microsoft-Windows-TaskScheduler/Operational,2069,4,,,,,taskhostw.exe,16384,4064,,,,,\Microsoft\Windows\Shell\IndexerAutomaticMaintenance,,,CreatedTaskProcess
2026-05-17T14:02:13.801167Z,100,dc.scaffold.htb,Microsoft-Windows-TaskScheduler,Microsoft-Windows-TaskScheduler/Operational,2070,4,,,FF2EFF5E-0DC5-4CF8-83B4-8420073C2DB1,,,,,,,,,\Microsoft\Windows\Shell\IndexerAutomaticMaintenance,(NONE),,TaskStartEvent
2026-05-17T14:02:13.801169Z,200,dc.scaffold.htb,Microsoft-Windows-TaskScheduler,Microsoft-Windows-TaskScheduler/Operational,2071,4,Automatic Maintenance task to enable Windows Search to make progress while in Connected Standby,4064,,,,,,,,,FF2EFF5E-0DC5-4CF8-83B4-8420073C2DB1,\Microsoft\Windows\Shell\IndexerAutomaticMaintenance,,,ActionStart
2026-05-17T14:02:13.804206Z,129,dc.scaffold.htb,Microsoft-Windows-TaskScheduler,Microsoft-Windows-TaskScheduler/Operational,2072,4,,,,,%windir%\system32\disksnapshot.exe,16384,4884,,,,,\Microsoft\Windows\DiskFootprint\Diagnostics,,,CreatedTaskProcess
2026-05-17T14:02:13.804325Z,100,dc.scaffold.htb,Microsoft-Windows-TaskScheduler,Microsoft-Windows-TaskScheduler/Operational,2073,4,,,FC7870F0-BC4E-40A8-AB79-666B30DBEE5D,,,,,,,,,\Microsoft\Windows\DiskFootprint\Diagnostics,NT AUTHORITY\SYSTEM,,TaskStartEvent
2026-05-17T14:02:13.804327Z,200,dc.scaffold.htb,Microsoft-Windows-TaskScheduler,Microsoft-Windows-TaskScheduler/Operational,2074,4,%windir%\system32\disksnapshot.exe,4884,,,,,,,,,FC7870F0-BC4E-40A8-AB79-666B30DBEE5D,\Microsoft\Windows\DiskFootprint\Diagnostics,,,ActionStart
2026-05-17T14:02:13.804499Z,201,dc.scaffold.htb,Microsoft-Windows-TaskScheduler,Microsoft-Windows-TaskScheduler/Operational,2075,4,Proactive Scan,7828,,,,,,,0,,F1271C56-C820-481A-952A-BDC487A25897,\Microsoft\Windows\Chkdsk\ProactiveScan,,,ActionSuccess
2026-05-17T14:02:13.804500Z,102,dc.scaffold.htb,Microsoft-Windows-TaskScheduler,Microsoft-Windows-TaskScheduler/Operational,2076,4,,,F1271C56-C820-481A-952A-BDC487A25897,,,,,,,,,\Microsoft\Windows\Chkdsk\ProactiveScan,NT AUTHORITY\SYSTEM,,TaskSuccessEvent
2026-05-17T14:02:13.807175Z,129,dc.scaffold.htb,Microsoft-Windows-TaskScheduler,Microsoft-Windows-TaskScheduler/Operational,2077,4,,,,,taskhostw.exe,32,3180,,,,,\Microsoft\Windows\License Manager\TempSignedLicenseExchange,,,CreatedTaskProcess
2026-05-17T14:02:13.807615Z,100,dc.scaffold.htb,Microsoft-Windows-TaskScheduler,Microsoft-Windows-TaskScheduler/Operational,2078,4,,,E41EE772-0170-4F4E-85F8-CC83B5BAF602,,,,,,,,,\Microsoft\Windows\License Manager\TempSignedLicenseExchange,SCAFFOLD\Administrator,,TaskStartEvent
2026-05-17T14:02:13.807617Z,200,dc.scaffold.htb,Microsoft-Windows-TaskScheduler,Microsoft-Windows-TaskScheduler/Operational,2079,4,TempSignedLicenseExchangeTask,3180,,,,,,,,,E41EE772-0170-4F4E-85F8-CC83B5BAF602,\Microsoft\Windows\License Manager\TempSignedLicenseExchange,,,ActionStart
2026-05-17T14:02:13.810372Z,129,dc.scaffold.htb,Microsoft-Windows-TaskScheduler,Microsoft-Windows-TaskScheduler/Operational,2080,4,,,,,%windir%\system32\compattelrunner.exe,32,2708,,,,,\Microsoft\Windows\Application Experience\ProgramDataUpdater,,,CreatedTaskProcess
2026-05-17T14:02:13.810599Z,100,dc.scaffold.htb,Microsoft-Windows-TaskScheduler,Microsoft-Windows-TaskScheduler/Operational,2081,4,,,352301F4-543A-44D2-B637-1D40F5B7CEEA,,,,,,,,,\Microsoft\Windows\Application Experience\ProgramDataUpdater,NT AUTHORITY\SYSTEM,,TaskStartEvent
2026-05-17T14:02:13.810601Z,200,dc.scaffold.htb,Microsoft-Windows-TaskScheduler,Microsoft-Windows-TaskScheduler/Operational,2082,4,%windir%\system32\compattelrunner.exe,2708,,,,,,,,,352301F4-543A-44D2-B637-1D40F5B7CEEA,\Microsoft\Windows\Application Experience\ProgramDataUpdater,,,ActionStart
2026-05-17T14:02:13.812403Z,129,dc.scaffold.htb,Microsoft-Windows-TaskScheduler,Microsoft-Windows-TaskScheduler/Operational,2083,4,,,,,C:\Program Files\Windows Defender\MpCmdRun.exe,16384,4772,,,,,\Microsoft\Windows\Windows Defender\Windows Defender Cleanup,,,CreatedTaskProcess
2026-05-17T14:02:13.812514Z,100,dc.scaffold.htb,Microsoft-Windows-TaskScheduler,Microsoft-Windows-TaskScheduler/Operational,2084,4,,,2E6AEC99-B123-410B-ACE2-71B077EF1B4C,,,,,,,,,\Microsoft\Windows\Windows Defender\Windows Defender Cleanup,NT AUTHORITY\SYSTEM,,TaskStartEvent
2026-05-17T14:02:13.812516Z,200,dc.scaffold.htb,Microsoft-Windows-TaskScheduler,Microsoft-Windows-TaskScheduler/Operational,2085,4,C:\Program Files\Windows Defender\MpCmdRun.exe,4772,,,,,,,,,2E6AEC99-B123-410B-ACE2-71B077EF1B4C,\Microsoft\Windows\Windows Defender\Windows Defender Cleanup,,,ActionStart
2026-05-17T14:02:13.814432Z,129,dc.scaffold.htb,Microsoft-Windows-TaskScheduler,Microsoft-Windows-TaskScheduler/Operational,2086,4,,,,,%windir%\system32\rundll32.exe,32,7604,,,,,\Microsoft\Windows\Application Experience\StartupAppTask,,,CreatedTaskProcess
2026-05-17T14:02:13.814771Z,100,dc.scaffold.htb,Microsoft-Windows-TaskScheduler,Microsoft-Windows-TaskScheduler/Operational,2087,4,,,80DFFF41-EBE2-47B6-9C56-8CC07D4BD421,,,,,,,,,\Microsoft\Windows\Application Experience\StartupAppTask,SCAFFOLD\Administrator,,TaskStartEvent
2026-05-17T14:02:13.814773Z,200,dc.scaffold.htb,Microsoft-Windows-TaskScheduler,Microsoft-Windows-TaskScheduler/Operational,2088,4,%windir%\system32\rundll32.exe,7604,,,,,,,,,80DFFF41-EBE2-47B6-9C56-8CC07D4BD421,\Microsoft\Windows\Application Experience\StartupAppTask,,,ActionStart
2026-05-17T14:02:13.816712Z,129,dc.scaffold.htb,Microsoft-Windows-TaskScheduler,Microsoft-Windows-TaskScheduler/Operational,2089,4,,,,,C:\Program Files\Windows Defender\MpCmdRun.exe,16384,5200,,,,,\Microsoft\Windows\Windows Defender\Windows Defender Cache Maintenance,,,CreatedTaskProcess
2026-05-17T14:02:13.817117Z,100,dc.scaffold.htb,Microsoft-Windows-TaskScheduler,Microsoft-Windows-TaskScheduler/Operational,2090,4,,,9ED2A19E-256E-40D9-AA69-188754214DE9,,,,,,,,,\Microsoft\Windows\Windows Defender\Windows Defender Cache Maintenance,NT AUTHORITY\SYSTEM,,TaskStartEvent
2026-05-17T14:02:13.817118Z,200,dc.scaffold.htb,Microsoft-Windows-TaskScheduler,Microsoft-Windows-TaskScheduler/Operational,2091,4,C:\Program Files\Windows Defender\MpCmdRun.exe,5200,,,,,,,,,9ED2A19E-256E-40D9-AA69-188754214DE9,\Microsoft\Windows\Windows Defender\Windows Defender Cache Maintenance,,,ActionStart
2026-05-17T14:02:13.817624Z,100,dc.scaffold.htb,Microsoft-Windows-TaskScheduler,Microsoft-Windows-TaskScheduler/Operational,2092,4,,,92AC898B-EEB0-47D3-A5E9-E6D422176CB2,,,,,,,,,\Microsoft\Windows\.NET Framework\.NET Framework NGEN v4.0.30319,NT AUTHORITY\SYSTEM,,TaskStartEvent
2026-05-17T14:02:13.817625Z,200,dc.scaffold.htb,Microsoft-Windows-TaskScheduler,Microsoft-Windows-TaskScheduler/Operational,2093,4,,7828,,,,,,,,,92AC898B-EEB0-47D3-A5E9-E6D422176CB2,\Microsoft\Windows\.NET Framework\.NET Framework NGEN v4.0.30319,,,ActionStart
2026-05-17T14:02:13.817911Z,100,dc.scaffold.htb,Microsoft-Windows-TaskScheduler,Microsoft-Windows-TaskScheduler/Operational,2094,4,,,552DD1EC-52FA-4194-8796-BBF0541596A6,,,,,,,,,\Microsoft\Windows\.NET Framework\.NET Framework NGEN v4.0.30319 64,NT AUTHORITY\SYSTEM,,TaskStartEvent
2026-05-17T14:02:13.817912Z,200,dc.scaffold.htb,Microsoft-Windows-TaskScheduler,Microsoft-Windows-TaskScheduler/Operational,2095,4,,7828,,,,,,,,,552DD1EC-52FA-4194-8796-BBF0541596A6,\Microsoft\Windows\.NET Framework\.NET Framework NGEN v4.0.30319 64,,,ActionStart
2026-05-17T14:02:13.817982Z,325,dc.scaffold.htb,Microsoft-Windows-TaskScheduler,Microsoft-Windows-TaskScheduler/Operational,2096,3,,,,,,,,FC884047-7B17-42A6-88D8-FEC8159F26EC,,,,\Microsoft\Windows\Power Efficiency Diagnostics\AnalyzeSystem,,,TaskInstanceQueued
2026-05-17T14:02:13.824281Z,129,dc.scaffold.htb,Microsoft-Windows-TaskScheduler,Microsoft-Windows-TaskScheduler/Operational,2097,4,,,,,%windir%\system32\cleanmgr.exe,16384,3872,,,,,\Microsoft\Windows\DiskCleanup\SilentCleanup,,,CreatedTaskProcess
2026-05-17T14:02:13.824622Z,100,dc.scaffold.htb,Microsoft-Windows-TaskScheduler,Microsoft-Windows-TaskScheduler/Operational,2098,4,,,D7E3CBCD-4A62-4B26-98FB-D677638087B0,,,,,,,,,\Microsoft\Windows\DiskCleanup\SilentCleanup,SCAFFOLD\Administrator,,TaskStartEvent
2026-05-17T14:02:13.824623Z,200,dc.scaffold.htb,Microsoft-Windows-TaskScheduler,Microsoft-Windows-TaskScheduler/Operational,2099,4,%windir%\system32\cleanmgr.exe,3872,,,,,,,,,D7E3CBCD-4A62-4B26-98FB-D677638087B0,\Microsoft\Windows\DiskCleanup\SilentCleanup,,,ActionStart
2026-05-17T14:02:13.829520Z,129,dc.scaffold.htb,Microsoft-Windows-TaskScheduler,Microsoft-Windows-TaskScheduler/Operational,2100,4,,,,,%windir%\system32\lpremove.exe,16384,5164,,,,,\Microsoft\Windows\MUI\LPRemove,,,CreatedTaskProcess
2026-05-17T14:02:13.829643Z,100,dc.scaffold.htb,Microsoft-Windows-TaskScheduler,Microsoft-Windows-TaskScheduler/Operational,2101,4,,,51B4CEB3-68A6-4DE1-9202-66CB1817572E,,,,,,,,,\Microsoft\Windows\MUI\LPRemove,NT AUTHORITY\SYSTEM,,TaskStartEvent
2026-05-17T14:02:13.829644Z,200,dc.scaffold.htb,Microsoft-Windows-TaskScheduler,Microsoft-Windows-TaskScheduler/Operational,2102,4,%windir%\system32\lpremove.exe,5164,,,,,,,,,51B4CEB3-68A6-4DE1-9202-66CB1817572E,\Microsoft\Windows\MUI\LPRemove,,,ActionStart
2026-05-17T14:02:13.829946Z,100,dc.scaffold.htb,Microsoft-Windows-TaskScheduler,Microsoft-Windows-TaskScheduler/Operational,2103,4,,,00B6D135-BA8A-441B-85BA-6FC8E846B3AF,,,,,,,,,\Microsoft\Windows\LanguageComponentsInstaller\Uninstallation,NT AUTHORITY\SYSTEM,,TaskStartEvent
2026-05-17T14:02:13.829947Z,200,dc.scaffold.htb,Microsoft-Windows-TaskScheduler,Microsoft-Windows-TaskScheduler/Operational,2104,4,Language Components Installer,7828,,,,,,,,,00B6D135-BA8A-441B-85BA-6FC8E846B3AF,\Microsoft\Windows\LanguageComponentsInstaller\Uninstallation,,,ActionStart
2026-05-17T14:02:13.851503Z,201,dc.scaffold.htb,Microsoft-Windows-TaskScheduler,Microsoft-Windows-TaskScheduler/Operational,2105,4,TempSignedLicenseExchangeTask,3180,,,,,,,0,,E41EE772-0170-4F4E-85F8-CC83B5BAF602,\Microsoft\Windows\License Manager\TempSignedLicenseExchange,,,ActionSuccess
2026-05-17T14:02:13.851504Z,102,dc.scaffold.htb,Microsoft-Windows-TaskScheduler,Microsoft-Windows-TaskScheduler/Operational,2106,4,,,E41EE772-0170-4F4E-85F8-CC83B5BAF602,,,,,,,,,\Microsoft\Windows\License Manager\TempSignedLicenseExchange,SCAFFOLD\Administrator,,TaskSuccessEvent
2026-05-17T14:02:13.864684Z,201,dc.scaffold.htb,Microsoft-Windows-TaskScheduler,Microsoft-Windows-TaskScheduler/Operational,2107,4,Automatic Maintenance task to enable Windows Search to make progress while in Connected Standby,4064,,,,,,,2147942401,,FF2EFF5E-0DC5-4CF8-83B4-8420073C2DB1,\Microsoft\Windows\Shell\IndexerAutomaticMaintenance,,,ActionSuccess
2026-05-17T14:02:13.864686Z,102,dc.scaffold.htb,Microsoft-Windows-TaskScheduler,Microsoft-Windows-TaskScheduler/Operational,2108,4,,,FF2EFF5E-0DC5-4CF8-83B4-8420073C2DB1,,,,,,,,,\Microsoft\Windows\Shell\IndexerAutomaticMaintenance,(NONE),,TaskSuccessEvent
2026-05-17T14:02:13.895075Z,201,dc.scaffold.htb,Microsoft-Windows-TaskScheduler,Microsoft-Windows-TaskScheduler/Operational,2109,4,%windir%\system32\AppHostRegistrationVerifier.exe,7092,,,,,,,0,,CFBB8339-B4C7-4511-9344-009988211F73,\microsoft\windows\applicationdata\appuriverifierdaily,,,ActionSuccess
2026-05-17T14:02:13.895308Z,102,dc.scaffold.htb,Microsoft-Windows-TaskScheduler,Microsoft-Windows-TaskScheduler/Operational,2110,4,,,CFBB8339-B4C7-4511-9344-009988211F73,,,,,,,,,\microsoft\windows\applicationdata\appuriverifierdaily,SCAFFOLD\Administrator,,TaskSuccessEvent
2026-05-17T14:02:13.906171Z,201,dc.scaffold.htb,Microsoft-Windows-TaskScheduler,Microsoft-Windows-TaskScheduler/Operational,2111,4,%windir%\system32\rundll32.exe,4484,,,,,,,0,,64545E2F-A5CC-4989-8074-E7464EC6AD33,\Microsoft\Windows\StateRepository\MaintenanceTasks,,,ActionSuccess
2026-05-17T14:02:13.906302Z,102,dc.scaffold.htb,Microsoft-Windows-TaskScheduler,Microsoft-Windows-TaskScheduler/Operational,2112,4,,,64545E2F-A5CC-4989-8074-E7464EC6AD33,,,,,,,,,\Microsoft\Windows\StateRepository\MaintenanceTasks,NT AUTHORITY\SYSTEM,,TaskSuccessEvent
2026-05-17T14:02:13.909923Z,202,dc.scaffold.htb,Microsoft-Windows-TaskScheduler,Microsoft-Windows-TaskScheduler/Operational,2113,2,StorageUsage State Reporter Task Handler,7828,,,,,,,2147746132,,71838B21-35E7-4FF9-8780-764A0214CEC9,\Microsoft\Windows\DiskFootprint\StorageSense,,,ActionFailure
2026-05-17T14:02:13.909924Z,103,dc.scaffold.htb,Microsoft-Windows-TaskScheduler,Microsoft-Windows-TaskScheduler/Operational,2114,2,,,71838B21-35E7-4FF9-8780-764A0214CEC9,,,,,,2147746132,,,\Microsoft\Windows\DiskFootprint\StorageSense,NT AUTHORITY\SYSTEM,,TaskFailureEvent
2026-05-17T14:02:13.914958Z,201,dc.scaffold.htb,Microsoft-Windows-TaskScheduler,Microsoft-Windows-TaskScheduler/Operational,2115,4,%windir%\system32\sc.exe,3632,,,,,,,2147943456,,A7F16161-B85A-40D3-A032-2F7355B9239B,\Microsoft\Windows\Time Synchronization\SynchronizeTime,,,ActionSuccess
2026-05-17T14:02:13.915098Z,102,dc.scaffold.htb,Microsoft-Windows-TaskScheduler,Microsoft-Windows-TaskScheduler/Operational,2116,4,,,A7F16161-B85A-40D3-A032-2F7355B9239B,,,,,,,,,\Microsoft\Windows\Time Synchronization\SynchronizeTime,(NONE),,TaskSuccessEvent
2026-05-17T14:02:13.933405Z,201,dc.scaffold.htb,Microsoft-Windows-TaskScheduler,Microsoft-Windows-TaskScheduler/Operational,2117,4,%windir%\system32\disksnapshot.exe,4884,,,,,,,0,,FC7870F0-BC4E-40A8-AB79-666B30DBEE5D,\Microsoft\Windows\DiskFootprint\Diagnostics,,,ActionSuccess
2026-05-17T14:02:13.933513Z,102,dc.scaffold.htb,Microsoft-Windows-TaskScheduler,Microsoft-Windows-TaskScheduler/Operational,2118,4,,,FC7870F0-BC4E-40A8-AB79-666B30DBEE5D,,,,,,,,,\Microsoft\Windows\DiskFootprint\Diagnostics,NT AUTHORITY\SYSTEM,,TaskSuccessEvent
2026-05-17T14:02:13.937331Z,201,dc.scaffold.htb,Microsoft-Windows-TaskScheduler,Microsoft-Windows-TaskScheduler/Operational,2119,4,%windir%\system32\lpremove.exe,5164,,,,,,,0,,51B4CEB3-68A6-4DE1-9202-66CB1817572E,\Microsoft\Windows\MUI\LPRemove,,,ActionSuccess
2026-05-17T14:02:13.937530Z,102,dc.scaffold.htb,Microsoft-Windows-TaskScheduler,Microsoft-Windows-TaskScheduler/Operational,2120,4,,,51B4CEB3-68A6-4DE1-9202-66CB1817572E,,,,,,,,,\Microsoft\Windows\MUI\LPRemove,NT AUTHORITY\SYSTEM,,TaskSuccessEvent
2026-05-17T14:02:13.990916Z,201,dc.scaffold.htb,Microsoft-Windows-TaskScheduler,Microsoft-Windows-TaskScheduler/Operational,2121,4,%windir%\system32\dstokenclean.exe,7644,,,,,,,0,,DD764ADA-FAE3-4820-B92C-60AC3EEC1EDE,\Microsoft\Windows\ApplicationData\DsSvcCleanup,,,ActionSuccess
2026-05-17T14:02:13.991025Z,102,dc.scaffold.htb,Microsoft-Windows-TaskScheduler,Microsoft-Windows-TaskScheduler/Operational,2122,4,,,DD764ADA-FAE3-4820-B92C-60AC3EEC1EDE,,,,,,,,,\Microsoft\Windows\ApplicationData\DsSvcCleanup,NT AUTHORITY\SYSTEM,,TaskSuccessEvent
2026-05-17T14:02:14.034083Z,140,dc.scaffold.htb,Microsoft-Windows-TaskScheduler,Microsoft-Windows-TaskScheduler/Operational,2123,4,,,,,,,,,,,,\Microsoft\Windows\.NET Framework\.NET Framework NGEN v4.0.30319 64,,SYSTEM,TaskUpdated
2026-05-17T14:02:14.049825Z,140,dc.scaffold.htb,Microsoft-Windows-TaskScheduler,Microsoft-Windows-TaskScheduler/Operational,2124,4,,,,,,,,,,,,\Microsoft\Windows\.NET Framework\.NET Framework NGEN v4.0.30319,,SYSTEM,TaskUpdated
2026-05-17T14:02:14.083690Z,201,dc.scaffold.htb,Microsoft-Windows-TaskScheduler,Microsoft-Windows-TaskScheduler/Operational,2125,4,,7828,,,,,,,0,,552DD1EC-52FA-4194-8796-BBF0541596A6,\Microsoft\Windows\.NET Framework\.NET Framework NGEN v4.0.30319 64,,,ActionSuccess
2026-05-17T14:02:14.083692Z,102,dc.scaffold.htb,Microsoft-Windows-TaskScheduler,Microsoft-Windows-TaskScheduler/Operational,2126,4,,,552DD1EC-52FA-4194-8796-BBF0541596A6,,,,,,,,,\Microsoft\Windows\.NET Framework\.NET Framework NGEN v4.0.30319 64,NT AUTHORITY\SYSTEM,,TaskSuccessEvent
2026-05-17T14:02:14.104219Z,201,dc.scaffold.htb,Microsoft-Windows-TaskScheduler,Microsoft-Windows-TaskScheduler/Operational,2127,4,,7828,,,,,,,0,,92AC898B-EEB0-47D3-A5E9-E6D422176CB2,\Microsoft\Windows\.NET Framework\.NET Framework NGEN v4.0.30319,,,ActionSuccess
2026-05-17T14:02:14.104220Z,102,dc.scaffold.htb,Microsoft-Windows-TaskScheduler,Microsoft-Windows-TaskScheduler/Operational,2128,4,,,92AC898B-EEB0-47D3-A5E9-E6D422176CB2,,,,,,,,,\Microsoft\Windows\.NET Framework\.NET Framework NGEN v4.0.30319,NT AUTHORITY\SYSTEM,,TaskSuccessEvent
2026-05-17T14:02:14.336339Z,201,dc.scaffold.htb,Microsoft-Windows-TaskScheduler,Microsoft-Windows-TaskScheduler/Operational,2129,4,%windir%\system32\rundll32.exe,7604,,,,,,,0,,80DFFF41-EBE2-47B6-9C56-8CC07D4BD421,\Microsoft\Windows\Application Experience\StartupAppTask,,,ActionSuccess
2026-05-17T14:02:14.336628Z,102,dc.scaffold.htb,Microsoft-Windows-TaskScheduler,Microsoft-Windows-TaskScheduler/Operational,2130,4,,,80DFFF41-EBE2-47B6-9C56-8CC07D4BD421,,,,,,,,,\Microsoft\Windows\Application Experience\StartupAppTask,SCAFFOLD\Administrator,,TaskSuccessEvent
2026-05-17T14:02:14.504732Z,142,dc.scaffold.htb,Microsoft-Windows-TaskScheduler,Microsoft-Windows-TaskScheduler/Operational,2131,4,,,,,,,,,,,,\Microsoft\Windows\LanguageComponentsInstaller\Uninstallation,,System,TaskDisabled
2026-05-17T14:02:14.505175Z,201,dc.scaffold.htb,Microsoft-Windows-TaskScheduler,Microsoft-Windows-TaskScheduler/Operational,2132,4,Language Components Installer,7828,,,,,,,0,,00B6D135-BA8A-441B-85BA-6FC8E846B3AF,\Microsoft\Windows\LanguageComponentsInstaller\Uninstallation,,,ActionSuccess
2026-05-17T14:02:14.505176Z,102,dc.scaffold.htb,Microsoft-Windows-TaskScheduler,Microsoft-Windows-TaskScheduler/Operational,2133,4,,,00B6D135-BA8A-441B-85BA-6FC8E846B3AF,,,,,,,,,\Microsoft\Windows\LanguageComponentsInstaller\Uninstallation,NT AUTHORITY\SYSTEM,,TaskSuccessEvent
2026-05-17T14:02:15.035323Z,325,dc.scaffold.htb,Microsoft-Windows-TaskScheduler,Microsoft-Windows-TaskScheduler/Operational,2134,3,,,,,,,,FC884047-7B17-42A6-88D8-FEC8159F26EC,,,,\Microsoft\Windows\Power Efficiency Diagnostics\AnalyzeSystem,,,TaskInstanceQueued
2026-05-17T14:02:15.036721Z,129,dc.scaffold.htb,Microsoft-Windows-TaskScheduler,Microsoft-Windows-TaskScheduler/Operational,2135,4,,,,,taskhostw.exe,16384,5384,,,,,\Microsoft\Windows\.NET Framework\.NET Framework NGEN v4.0.30319 64,,,CreatedTaskProcess
2026-05-17T14:02:15.036844Z,100,dc.scaffold.htb,Microsoft-Windows-TaskScheduler,Microsoft-Windows-TaskScheduler/Operational,2136,4,,,75C2BFB3-5DF3-464C-9705-B81DCBC2B044,,,,,,,,,\Microsoft\Windows\.NET Framework\.NET Framework NGEN v4.0.30319 64,NT AUTHORITY\SYSTEM,,TaskStartEvent
2026-05-17T14:02:15.036845Z,200,dc.scaffold.htb,Microsoft-Windows-TaskScheduler,Microsoft-Windows-TaskScheduler/Operational,2137,4,,5384,,,,,,,,,75C2BFB3-5DF3-464C-9705-B81DCBC2B044,\Microsoft\Windows\.NET Framework\.NET Framework NGEN v4.0.30319 64,,,ActionStart
2026-05-17T14:02:15.037059Z,100,dc.scaffold.htb,Microsoft-Windows-TaskScheduler,Microsoft-Windows-TaskScheduler/Operational,2138,4,,,D27880C9-2480-4BF9-A324-5CAD38B968AF,,,,,,,,,\Microsoft\Windows\.NET Framework\.NET Framework NGEN v4.0.30319,NT AUTHORITY\SYSTEM,,TaskStartEvent
2026-05-17T14:02:15.037060Z,200,dc.scaffold.htb,Microsoft-Windows-TaskScheduler,Microsoft-Windows-TaskScheduler/Operational,2139,4,,5384,,,,,,,,,D27880C9-2480-4BF9-A324-5CAD38B968AF,\Microsoft\Windows\.NET Framework\.NET Framework NGEN v4.0.30319,,,ActionStart
2026-05-17T14:02:15.250242Z,140,dc.scaffold.htb,Microsoft-Windows-TaskScheduler,Microsoft-Windows-TaskScheduler/Operational,2140,4,,,,,,,,,,,,\Microsoft\Windows\.NET Framework\.NET Framework NGEN v4.0.30319 64,,SYSTEM,TaskUpdated
2026-05-17T14:02:15.251100Z,140,dc.scaffold.htb,Microsoft-Windows-TaskScheduler,Microsoft-Windows-TaskScheduler/Operational,2141,4,,,,,,,,,,,,\Microsoft\Windows\.NET Framework\.NET Framework NGEN v4.0.30319,,SYSTEM,TaskUpdated
2026-05-17T14:02:15.299716Z,201,dc.scaffold.htb,Microsoft-Windows-TaskScheduler,Microsoft-Windows-TaskScheduler/Operational,2142,4,,5384,,,,,,,0,,75C2BFB3-5DF3-464C-9705-B81DCBC2B044,\Microsoft\Windows\.NET Framework\.NET Framework NGEN v4.0.30319 64,,,ActionSuccess
2026-05-17T14:02:15.299717Z,102,dc.scaffold.htb,Microsoft-Windows-TaskScheduler,Microsoft-Windows-TaskScheduler/Operational,2143,4,,,75C2BFB3-5DF3-464C-9705-B81DCBC2B044,,,,,,,,,\Microsoft\Windows\.NET Framework\.NET Framework NGEN v4.0.30319 64,NT AUTHORITY\SYSTEM,,TaskSuccessEvent
2026-05-17T14:02:15.305116Z,201,dc.scaffold.htb,Microsoft-Windows-TaskScheduler,Microsoft-Windows-TaskScheduler/Operational,2144,4,,5384,,,,,,,0,,D27880C9-2480-4BF9-A324-5CAD38B968AF,\Microsoft\Windows\.NET Framework\.NET Framework NGEN v4.0.30319,,,ActionSuccess
2026-05-17T14:02:15.305117Z,102,dc.scaffold.htb,Microsoft-Windows-TaskScheduler,Microsoft-Windows-TaskScheduler/Operational,2145,4,,,D27880C9-2480-4BF9-A324-5CAD38B968AF,,,,,,,,,\Microsoft\Windows\.NET Framework\.NET Framework NGEN v4.0.30319,NT AUTHORITY\SYSTEM,,TaskSuccessEvent
2026-05-17T14:02:19.666718Z,201,dc.scaffold.htb,Microsoft-Windows-TaskScheduler,Microsoft-Windows-TaskScheduler/Operational,2146,4,%windir%\system32\cleanmgr.exe,3872,,,,,,,0,,D7E3CBCD-4A62-4B26-98FB-D677638087B0,\Microsoft\Windows\DiskCleanup\SilentCleanup,,,ActionSuccess
2026-05-17T14:02:19.666932Z,102,dc.scaffold.htb,Microsoft-Windows-TaskScheduler,Microsoft-Windows-TaskScheduler/Operational,2147,4,,,D7E3CBCD-4A62-4B26-98FB-D677638087B0,,,,,,,,,\Microsoft\Windows\DiskCleanup\SilentCleanup,SCAFFOLD\Administrator,,TaskSuccessEvent
2026-05-17T14:02:44.507589Z,141,dc.scaffold.htb,Microsoft-Windows-TaskScheduler,Microsoft-Windows-TaskScheduler/Operational,2148,4,,,,,,,,,,,,\Microsoft\Windows\Windows Defender\Windows Defender Verification,,NT AUTHORITY\System,TaskDeleted
2026-05-17T14:02:44.513764Z,106,dc.scaffold.htb,Microsoft-Windows-TaskScheduler,Microsoft-Windows-TaskScheduler/Operational,2149,4,,,,,,,,,,,,\Microsoft\Windows\Windows Defender\Windows Defender Verification,SCAFFOLD\DC$,,TaskRegisteredEvent
2026-05-17T14:02:44.513766Z,140,dc.scaffold.htb,Microsoft-Windows-TaskScheduler,Microsoft-Windows-TaskScheduler/Operational,2150,4,,,,,,,,,,,,\Microsoft\Windows\Windows Defender\Windows Defender Verification,,SCAFFOLD\DC$,TaskUpdated
2026-05-17T14:02:44.521097Z,330,dc.scaffold.htb,Microsoft-Windows-TaskScheduler,Microsoft-Windows-TaskScheduler/Operational,2151,4,,,,,,,,,,,9ED2A19E-256E-40D9-AA69-188754214DE9,\Microsoft\Windows\Windows Defender\Windows Defender Cache Maintenance,NT AUTHORITY\SYSTEM,,StoppedOnRequest
2026-05-17T14:02:44.522288Z,129,dc.scaffold.htb,Microsoft-Windows-TaskScheduler,Microsoft-Windows-TaskScheduler/Operational,2152,4,,,,,taskhostw.exe,16384,2800,,,,,NT TASK\Microsoft\Windows\Windows Defender\Windows Defender Cache Maintenance,,,CreatedTaskProcess
2026-05-17T14:02:44.522357Z,201,dc.scaffold.htb,Microsoft-Windows-TaskScheduler,Microsoft-Windows-TaskScheduler/Operational,2153,4,C:\Program Files\Windows Defender\MpCmdRun.exe,5200,,,,,,,2147943691,,9ED2A19E-256E-40D9-AA69-188754214DE9,\Microsoft\Windows\Windows Defender\Windows Defender Cache Maintenance,,,ActionSuccess
2026-05-17T14:02:44.522588Z,102,dc.scaffold.htb,Microsoft-Windows-TaskScheduler,Microsoft-Windows-TaskScheduler/Operational,2154,4,,,9ED2A19E-256E-40D9-AA69-188754214DE9,,,,,,,,,\Microsoft\Windows\Windows Defender\Windows Defender Cache Maintenance,NT AUTHORITY\SYSTEM,,TaskSuccessEvent
2026-05-17T14:02:44.522597Z,111,dc.scaffold.htb,Microsoft-Windows-TaskScheduler,Microsoft-Windows-TaskScheduler/Operational,2155,4,,,9ED2A19E-256E-40D9-AA69-188754214DE9,,,,,,,,,\Microsoft\Windows\Windows Defender\Windows Defender Cache Maintenance,,,TaskTerminationEvent
2026-05-17T14:02:44.523929Z,141,dc.scaffold.htb,Microsoft-Windows-TaskScheduler,Microsoft-Windows-TaskScheduler/Operational,2156,4,,,,,,,,,,,,\Microsoft\Windows\Windows Defender\Windows Defender Cache Maintenance,,NT AUTHORITY\System,TaskDeleted
2026-05-17T14:02:44.529080Z,106,dc.scaffold.htb,Microsoft-Windows-TaskScheduler,Microsoft-Windows-TaskScheduler/Operational,2157,4,,,,,,,,,,,,\Microsoft\Windows\Windows Defender\Windows Defender Cache Maintenance,SCAFFOLD\DC$,,TaskRegisteredEvent
2026-05-17T14:02:44.529081Z,140,dc.scaffold.htb,Microsoft-Windows-TaskScheduler,Microsoft-Windows-TaskScheduler/Operational,2158,4,,,,,,,,,,,,\Microsoft\Windows\Windows Defender\Windows Defender Cache Maintenance,,SCAFFOLD\DC$,TaskUpdated
2026-05-17T14:02:44.536410Z,330,dc.scaffold.htb,Microsoft-Windows-TaskScheduler,Microsoft-Windows-TaskScheduler/Operational,2159,4,,,,,,,,,,,2E6AEC99-B123-410B-ACE2-71B077EF1B4C,\Microsoft\Windows\Windows Defender\Windows Defender Cleanup,NT AUTHORITY\SYSTEM,,StoppedOnRequest
2026-05-17T14:02:44.537436Z,129,dc.scaffold.htb,Microsoft-Windows-TaskScheduler,Microsoft-Windows-TaskScheduler/Operational,2160,4,,,,,taskhostw.exe,16384,8052,,,,,NT TASK\Microsoft\Windows\Windows Defender\Windows Defender Cleanup,,,CreatedTaskProcess
2026-05-17T14:02:44.537459Z,201,dc.scaffold.htb,Microsoft-Windows-TaskScheduler,Microsoft-Windows-TaskScheduler/Operational,2161,4,C:\Program Files\Windows Defender\MpCmdRun.exe,4772,,,,,,,2147943691,,2E6AEC99-B123-410B-ACE2-71B077EF1B4C,\Microsoft\Windows\Windows Defender\Windows Defender Cleanup,,,ActionSuccess
2026-05-17T14:02:44.537542Z,102,dc.scaffold.htb,Microsoft-Windows-TaskScheduler,Microsoft-Windows-TaskScheduler/Operational,2162,4,,,2E6AEC99-B123-410B-ACE2-71B077EF1B4C,,,,,,,,,\Microsoft\Windows\Windows Defender\Windows Defender Cleanup,NT AUTHORITY\SYSTEM,,TaskSuccessEvent
2026-05-17T14:02:44.537556Z,111,dc.scaffold.htb,Microsoft-Windows-TaskScheduler,Microsoft-Windows-TaskScheduler/Operational,2163,4,,,2E6AEC99-B123-410B-ACE2-71B077EF1B4C,,,,,,,,,\Microsoft\Windows\Windows Defender\Windows Defender Cleanup,,,TaskTerminationEvent
2026-05-17T14:02:44.538213Z,141,dc.scaffold.htb,Microsoft-Windows-TaskScheduler,Microsoft-Windows-TaskScheduler/Operational,2164,4,,,,,,,,,,,,\Microsoft\Windows\Windows Defender\Windows Defender Cleanup,,NT AUTHORITY\System,TaskDeleted
2026-05-17T14:02:44.542518Z,106,dc.scaffold.htb,Microsoft-Windows-TaskScheduler,Microsoft-Windows-TaskScheduler/Operational,2165,4,,,,,,,,,,,,\Microsoft\Windows\Windows Defender\Windows Defender Cleanup,SCAFFOLD\DC$,,TaskRegisteredEvent
2026-05-17T14:02:44.542520Z,140,dc.scaffold.htb,Microsoft-Windows-TaskScheduler,Microsoft-Windows-TaskScheduler/Operational,2166,4,,,,,,,,,,,,\Microsoft\Windows\Windows Defender\Windows Defender Cleanup,,SCAFFOLD\DC$,TaskUpdated
2026-05-17T14:02:44.554375Z,106,dc.scaffold.htb,Microsoft-Windows-TaskScheduler,Microsoft-Windows-TaskScheduler/Operational,2167,4,,,,,,,,,,,,\Microsoft\Windows\Windows Defender\Windows Defender Scheduled Scan,SCAFFOLD\DC$,,TaskRegisteredEvent
2026-05-17T14:02:44.554376Z,140,dc.scaffold.htb,Microsoft-Windows-TaskScheduler,Microsoft-Windows-TaskScheduler/Operational,2168,4,,,,,,,,,,,,\Microsoft\Windows\Windows Defender\Windows Defender Scheduled Scan,,SCAFFOLD\DC$,TaskUpdated
2026-05-17T14:02:45.535735Z,325,dc.scaffold.htb,Microsoft-Windows-TaskScheduler,Microsoft-Windows-TaskScheduler/Operational,2169,3,,,,,,,,FC884047-7B17-42A6-88D8-FEC8159F26EC,,,,\Microsoft\Windows\Power Efficiency Diagnostics\AnalyzeSystem,,,TaskInstanceQueued
2026-05-17T14:02:45.539509Z,129,dc.scaffold.htb,Microsoft-Windows-TaskScheduler,Microsoft-Windows-TaskScheduler/Operational,2170,4,,,,,C:\ProgramData\Microsoft\Windows Defender\Platform\4.18.26030.3011-0\MpCmdRun.exe,16384,6712,,,,,\Microsoft\Windows\Windows Defender\Windows Defender Verification,,,CreatedTaskProcess
2026-05-17T14:02:45.539805Z,100,dc.scaffold.htb,Microsoft-Windows-TaskScheduler,Microsoft-Windows-TaskScheduler/Operational,2171,4,,,592F1BDF-823A-4DF6-AA56-010BE3804613,,,,,,,,,\Microsoft\Windows\Windows Defender\Windows Defender Verification,NT AUTHORITY\SYSTEM,,TaskStartEvent
2026-05-17T14:02:45.539808Z,200,dc.scaffold.htb,Microsoft-Windows-TaskScheduler,Microsoft-Windows-TaskScheduler/Operational,2172,4,C:\ProgramData\Microsoft\Windows Defender\Platform\4.18.26030.3011-0\MpCmdRun.exe,6712,,,,,,,,,592F1BDF-823A-4DF6-AA56-010BE3804613,\Microsoft\Windows\Windows Defender\Windows Defender Verification,,,ActionStart
2026-05-17T14:02:45.542463Z,129,dc.scaffold.htb,Microsoft-Windows-TaskScheduler,Microsoft-Windows-TaskScheduler/Operational,2173,4,,,,,C:\ProgramData\Microsoft\Windows Defender\Platform\4.18.26030.3011-0\MpCmdRun.exe,16384,6892,,,,,\Microsoft\Windows\Windows Defender\Windows Defender Cache Maintenance,,,CreatedTaskProcess
2026-05-17T14:02:45.542687Z,100,dc.scaffold.htb,Microsoft-Windows-TaskScheduler,Microsoft-Windows-TaskScheduler/Operational,2174,4,,,F87CE979-DB76-40E6-8DB9-7B0B36127DAD,,,,,,,,,\Microsoft\Windows\Windows Defender\Windows Defender Cache Maintenance,NT AUTHORITY\SYSTEM,,TaskStartEvent
2026-05-17T14:02:45.542689Z,200,dc.scaffold.htb,Microsoft-Windows-TaskScheduler,Microsoft-Windows-TaskScheduler/Operational,2175,4,C:\ProgramData\Microsoft\Windows Defender\Platform\4.18.26030.3011-0\MpCmdRun.exe,6892,,,,,,,,,F87CE979-DB76-40E6-8DB9-7B0B36127DAD,\Microsoft\Windows\Windows Defender\Windows Defender Cache Maintenance,,,ActionStart
2026-05-17T14:02:45.545082Z,129,dc.scaffold.htb,Microsoft-Windows-TaskScheduler,Microsoft-Windows-TaskScheduler/Operational,2176,4,,,,,C:\ProgramData\Microsoft\Windows Defender\Platform\4.18.26030.3011-0\MpCmdRun.exe,16384,1060,,,,,\Microsoft\Windows\Windows Defender\Windows Defender Cleanup,,,CreatedTaskProcess
2026-05-17T14:02:45.545276Z,100,dc.scaffold.htb,Microsoft-Windows-TaskScheduler,Microsoft-Windows-TaskScheduler/Operational,2177,4,,,B50D8E13-4D7E-4DD7-8243-5F960A03B2F6,,,,,,,,,\Microsoft\Windows\Windows Defender\Windows Defender Cleanup,NT AUTHORITY\SYSTEM,,TaskStartEvent
2026-05-17T14:02:45.545278Z,200,dc.scaffold.htb,Microsoft-Windows-TaskScheduler,Microsoft-Windows-TaskScheduler/Operational,2178,4,C:\ProgramData\Microsoft\Windows Defender\Platform\4.18.26030.3011-0\MpCmdRun.exe,1060,,,,,,,,,B50D8E13-4D7E-4DD7-8243-5F960A03B2F6,\Microsoft\Windows\Windows Defender\Windows Defender Cleanup,,,ActionStart
2026-05-17T14:03:40.207998Z,129,dc.scaffold.htb,Microsoft-Windows-TaskScheduler,Microsoft-Windows-TaskScheduler/Operational,2179,4,,,,,%windir%\system32\cleanmgr.exe,16384,860,,,,,\Microsoft\Windows\DiskCleanup\SilentCleanup,,,CreatedTaskProcess
2026-05-17T14:03:40.208218Z,100,dc.scaffold.htb,Microsoft-Windows-TaskScheduler,Microsoft-Windows-TaskScheduler/Operational,2180,4,,,05FC604F-BEDB-4485-9D83-BFEC3CFE3651,,,,,,,,,\Microsoft\Windows\DiskCleanup\SilentCleanup,SCAFFOLD\Administrator,,TaskStartEvent
2026-05-17T14:03:40.208219Z,200,dc.scaffold.htb,Microsoft-Windows-TaskScheduler,Microsoft-Windows-TaskScheduler/Operational,2181,4,%windir%\system32\cleanmgr.exe,860,,,,,,,,,05FC604F-BEDB-4485-9D83-BFEC3CFE3651,\Microsoft\Windows\DiskCleanup\SilentCleanup,,,ActionStart
2026-05-17T14:03:40.208320Z,110,dc.scaffold.htb,Microsoft-Windows-TaskScheduler,Microsoft-Windows-TaskScheduler/Operational,2182,4,,,F676917D-A4D9-42CC-B368-CB99D27DF954,,,,,,,,,\Microsoft\Windows\DiskCleanup\SilentCleanup,Users,,TaskRunEvent
2026-05-17T14:03:44.494829Z,201,dc.scaffold.htb,Microsoft-Windows-TaskScheduler,Microsoft-Windows-TaskScheduler/Operational,2183,4,%windir%\system32\cleanmgr.exe,860,,,,,,,0,,05FC604F-BEDB-4485-9D83-BFEC3CFE3651,\Microsoft\Windows\DiskCleanup\SilentCleanup,,,ActionSuccess
2026-05-17T14:03:44.495007Z,102,dc.scaffold.htb,Microsoft-Windows-TaskScheduler,Microsoft-Windows-TaskScheduler/Operational,2184,4,,,05FC604F-BEDB-4485-9D83-BFEC3CFE3651,,,,,,,,,\Microsoft\Windows\DiskCleanup\SilentCleanup,SCAFFOLD\Administrator,,TaskSuccessEvent
2026-05-17T14:03:45.592356Z,201,dc.scaffold.htb,Microsoft-Windows-TaskScheduler,Microsoft-Windows-TaskScheduler/Operational,2185,4,C:\ProgramData\Microsoft\Windows Defender\Platform\4.18.26030.3011-0\MpCmdRun.exe,6892,,,,,,,0,,F87CE979-DB76-40E6-8DB9-7B0B36127DAD,\Microsoft\Windows\Windows Defender\Windows Defender Cache Maintenance,,,ActionSuccess
2026-05-17T14:03:45.592623Z,102,dc.scaffold.htb,Microsoft-Windows-TaskScheduler,Microsoft-Windows-TaskScheduler/Operational,2186,4,,,F87CE979-DB76-40E6-8DB9-7B0B36127DAD,,,,,,,,,\Microsoft\Windows\Windows Defender\Windows Defender Cache Maintenance,NT AUTHORITY\SYSTEM,,TaskSuccessEvent
2026-05-17T14:03:45.594747Z,201,dc.scaffold.htb,Microsoft-Windows-TaskScheduler,Microsoft-Windows-TaskScheduler/Operational,2187,4,C:\ProgramData\Microsoft\Windows Defender\Platform\4.18.26030.3011-0\MpCmdRun.exe,1060,,,,,,,0,,B50D8E13-4D7E-4DD7-8243-5F960A03B2F6,\Microsoft\Windows\Windows Defender\Windows Defender Cleanup,,,ActionSuccess
2026-05-17T14:03:45.595074Z,102,dc.scaffold.htb,Microsoft-Windows-TaskScheduler,Microsoft-Windows-TaskScheduler/Operational,2188,4,,,B50D8E13-4D7E-4DD7-8243-5F960A03B2F6,,,,,,,,,\Microsoft\Windows\Windows Defender\Windows Defender Cleanup,NT AUTHORITY\SYSTEM,,TaskSuccessEvent
2026-05-17T14:03:46.099055Z,201,dc.scaffold.htb,Microsoft-Windows-TaskScheduler,Microsoft-Windows-TaskScheduler/Operational,2189,4,C:\ProgramData\Microsoft\Windows Defender\Platform\4.18.26030.3011-0\MpCmdRun.exe,6712,,,,,,,0,,592F1BDF-823A-4DF6-AA56-010BE3804613,\Microsoft\Windows\Windows Defender\Windows Defender Verification,,,ActionSuccess
2026-05-17T14:03:46.099421Z,102,dc.scaffold.htb,Microsoft-Windows-TaskScheduler,Microsoft-Windows-TaskScheduler/Operational,2190,4,,,592F1BDF-823A-4DF6-AA56-010BE3804613,,,,,,,,,\Microsoft\Windows\Windows Defender\Windows Defender Verification,NT AUTHORITY\SYSTEM,,TaskSuccessEvent
2026-05-17T14:04:13.216042Z,119,dc.scaffold.htb,Microsoft-Windows-TaskScheduler,Microsoft-Windows-TaskScheduler/Operational,2191,4,,,0DE0952A-A36C-4D1C-A811-FBE9B0F8585B,,,,,,,,,\Microsoft\Windows\Device Information\Device User,,SCAFFOLD\Administrator,LogonTrigger
2026-05-17T14:04:13.220092Z,129,dc.scaffold.htb,Microsoft-Windows-TaskScheduler,Microsoft-Windows-TaskScheduler/Operational,2192,4,,,,,%windir%\system32\devicecensus.exe,16384,7664,,,,,\Microsoft\Windows\Device Information\Device User,,,CreatedTaskProcess
2026-05-17T14:04:13.220744Z,100,dc.scaffold.htb,Microsoft-Windows-TaskScheduler,Microsoft-Windows-TaskScheduler/Operational,2193,4,,,0DE0952A-A36C-4D1C-A811-FBE9B0F8585B,,,,,,,,,\Microsoft\Windows\Device Information\Device User,SCAFFOLD\Administrator,,TaskStartEvent
2026-05-17T14:04:13.220748Z,200,dc.scaffold.htb,Microsoft-Windows-TaskScheduler,Microsoft-Windows-TaskScheduler/Operational,2194,4,%windir%\system32\devicecensus.exe,7664,,,,,,,,,0DE0952A-A36C-4D1C-A811-FBE9B0F8585B,\Microsoft\Windows\Device Information\Device User,,,ActionStart
2026-05-17T14:04:23.196262Z,201,dc.scaffold.htb,Microsoft-Windows-TaskScheduler,Microsoft-Windows-TaskScheduler/Operational,2195,4,%windir%\system32\devicecensus.exe,7664,,,,,,,0,,0DE0952A-A36C-4D1C-A811-FBE9B0F8585B,\Microsoft\Windows\Device Information\Device User,,,ActionSuccess
2026-05-17T14:04:23.196553Z,102,dc.scaffold.htb,Microsoft-Windows-TaskScheduler,Microsoft-Windows-TaskScheduler/Operational,2196,4,,,0DE0952A-A36C-4D1C-A811-FBE9B0F8585B,,,,,,,,,\Microsoft\Windows\Device Information\Device User,SCAFFOLD\Administrator,,TaskSuccessEvent
2026-05-17T14:09:25.052063Z,325,dc.scaffold.htb,Microsoft-Windows-TaskScheduler,Microsoft-Windows-TaskScheduler/Operational,2197,3,,,,,,,,64C10B4B-9762-473F-AD3A-5AFCD57B18B0,,,,\Microsoft\Windows\WDI\ResolutionHost,,,TaskInstanceQueued
2026-05-17T14:09:25.052196Z,110,dc.scaffold.htb,Microsoft-Windows-TaskScheduler,Microsoft-Windows-TaskScheduler/Operational,2198,4,,,64C10B4B-9762-473F-AD3A-5AFCD57B18B0,,,,,,,,,\Microsoft\Windows\WDI\ResolutionHost,Administrator,,TaskRunEvent
2026-05-17T14:09:25.054059Z,129,dc.scaffold.htb,Microsoft-Windows-TaskScheduler,Microsoft-Windows-TaskScheduler/Operational,2199,4,,,,,taskhostw.exe,32,2548,,,,,\Microsoft\Windows\WDI\ResolutionHost,,,CreatedTaskProcess
2026-05-17T14:09:25.054421Z,100,dc.scaffold.htb,Microsoft-Windows-TaskScheduler,Microsoft-Windows-TaskScheduler/Operational,2200,4,,,64C10B4B-9762-473F-AD3A-5AFCD57B18B0,,,,,,,,,\Microsoft\Windows\WDI\ResolutionHost,SCAFFOLD\Administrator,,TaskStartEvent
2026-05-17T14:09:25.054423Z,200,dc.scaffold.htb,Microsoft-Windows-TaskScheduler,Microsoft-Windows-TaskScheduler/Operational,2201,4,DiagnosticInfrastructureCustomHandler,2548,,,,,,,,,64C10B4B-9762-473F-AD3A-5AFCD57B18B0,\Microsoft\Windows\WDI\ResolutionHost,,,ActionStart
2026-05-17T14:12:56.472393Z,140,dc.scaffold.htb,Microsoft-Windows-TaskScheduler,Microsoft-Windows-TaskScheduler/Operational,2202,4,,,,,,,,,,,,\Microsoft\Windows\Application Experience\Microsoft Compatibility Appraiser,,S-1-5-18,TaskUpdated
2026-05-17T14:12:56.601777Z,201,dc.scaffold.htb,Microsoft-Windows-TaskScheduler,Microsoft-Windows-TaskScheduler/Operational,2203,4,%windir%\system32\compattelrunner.exe,7556,,,,,,,0,,AE393F59-1F73-4302-93EF-1B1E3DE841E3,\Microsoft\Windows\Application Experience\Microsoft Compatibility Appraiser,,,ActionSuccess
2026-05-17T14:12:56.602063Z,102,dc.scaffold.htb,Microsoft-Windows-TaskScheduler,Microsoft-Windows-TaskScheduler/Operational,2204,4,,,AE393F59-1F73-4302-93EF-1B1E3DE841E3,,,,,,,,,\Microsoft\Windows\Application Experience\Microsoft Compatibility Appraiser,NT AUTHORITY\SYSTEM,,TaskSuccessEvent
2026-05-17T14:14:05.979071Z,140,dc.scaffold.htb,Microsoft-Windows-TaskScheduler,Microsoft-Windows-TaskScheduler/Operational,2205,4,,,,,,,,,,,,\Microsoft\Windows\WindowsUpdate\Scheduled Start,,NT AUTHORITY\SYSTEM,TaskUpdated
2026-05-17T14:17:55.583213Z,201,dc.scaffold.htb,Microsoft-Windows-TaskScheduler,Microsoft-Windows-TaskScheduler/Operational,2206,4,%windir%\system32\compattelrunner.exe,2708,,,,,,,0,,352301F4-543A-44D2-B637-1D40F5B7CEEA,\Microsoft\Windows\Application Experience\ProgramDataUpdater,,,ActionSuccess
2026-05-17T14:17:55.583418Z,102,dc.scaffold.htb,Microsoft-Windows-TaskScheduler,Microsoft-Windows-TaskScheduler/Operational,2207,4,,,352301F4-543A-44D2-B637-1D40F5B7CEEA,,,,,,,,,\Microsoft\Windows\Application Experience\ProgramDataUpdater,NT AUTHORITY\SYSTEM,,TaskSuccessEvent
2026-05-17T14:17:56.614720Z,129,dc.scaffold.htb,Microsoft-Windows-TaskScheduler,Microsoft-Windows-TaskScheduler/Operational,2208,4,,,,,taskhostw.exe,16384,6012,,,,,\Microsoft\Windows\Power Efficiency Diagnostics\AnalyzeSystem,,,CreatedTaskProcess
2026-05-17T14:17:56.614952Z,100,dc.scaffold.htb,Microsoft-Windows-TaskScheduler,Microsoft-Windows-TaskScheduler/Operational,2209,4,,,FC884047-7B17-42A6-88D8-FEC8159F26EC,,,,,,,,,\Microsoft\Windows\Power Efficiency Diagnostics\AnalyzeSystem,NT AUTHORITY\SYSTEM,,TaskStartEvent
2026-05-17T14:17:56.614953Z,200,dc.scaffold.htb,Microsoft-Windows-TaskScheduler,Microsoft-Windows-TaskScheduler/Operational,2210,4,,6012,,,,,,,,,FC884047-7B17-42A6-88D8-FEC8159F26EC,\Microsoft\Windows\Power Efficiency Diagnostics\AnalyzeSystem,,,ActionStart
2026-05-17T14:18:57.552884Z,201,dc.scaffold.htb,Microsoft-Windows-TaskScheduler,Microsoft-Windows-TaskScheduler/Operational,2211,4,,6012,,,,,,,0,,FC884047-7B17-42A6-88D8-FEC8159F26EC,\Microsoft\Windows\Power Efficiency Diagnostics\AnalyzeSystem,,,ActionSuccess
2026-05-17T14:18:57.552885Z,102,dc.scaffold.htb,Microsoft-Windows-TaskScheduler,Microsoft-Windows-TaskScheduler/Operational,2212,4,,,FC884047-7B17-42A6-88D8-FEC8159F26EC,,,,,,,,,\Microsoft\Windows\Power Efficiency Diagnostics\AnalyzeSystem,NT AUTHORITY\SYSTEM,,TaskSuccessEvent
2026-05-17T14:27:41.544659Z,140,dc.scaffold.htb,Microsoft-Windows-TaskScheduler,Microsoft-Windows-TaskScheduler/Operational,2213,4,,,,,,,,,,,,\Microsoft\Windows\WindowsUpdate\Scheduled Start,,NT AUTHORITY\SYSTEM,TaskUpdated
2026-05-17T14:29:27.740076Z,202,dc.scaffold.htb,Microsoft-Windows-TaskScheduler,Microsoft-Windows-TaskScheduler/Operational,2214,2,DiagnosticInfrastructureCustomHandler,2548,,,,,,,2147942404,,64C10B4B-9762-473F-AD3A-5AFCD57B18B0,\Microsoft\Windows\WDI\ResolutionHost,,,ActionFailure
2026-05-17T14:29:27.740078Z,103,dc.scaffold.htb,Microsoft-Windows-TaskScheduler,Microsoft-Windows-TaskScheduler/Operational,2215,2,,,64C10B4B-9762-473F-AD3A-5AFCD57B18B0,,,,,,2147942404,,,\Microsoft\Windows\WDI\ResolutionHost,,,TaskFailureEvent
2026-05-17T14:29:27.743482Z,202,dc.scaffold.htb,Microsoft-Windows-TaskScheduler,Microsoft-Windows-TaskScheduler/Operational,2216,2,Wininet Cache task object,4856,,,,,,,2147942404,,0CAA3C55-4D73-40D9-B2D9-DD250922053B,\Microsoft\Windows\Wininet\CacheTask,,,ActionFailure
2026-05-17T14:29:27.743484Z,103,dc.scaffold.htb,Microsoft-Windows-TaskScheduler,Microsoft-Windows-TaskScheduler/Operational,2217,2,,,0CAA3C55-4D73-40D9-B2D9-DD250922053B,,,,,,2147942404,,,\Microsoft\Windows\Wininet\CacheTask,,,TaskFailureEvent
2026-05-17T14:29:28.289799Z,201,dc.scaffold.htb,Microsoft-Windows-TaskScheduler,Microsoft-Windows-TaskScheduler/Operational,2218,4,C:\Windows\Explorer.EXE,6296,,,,,,,2147942404,,C7D9C6C1-E629-441A-B286-9EE3E5CC4BAF,\CreateExplorerShellUnelevatedTask,,,ActionSuccess
2026-05-17T14:29:28.290652Z,102,dc.scaffold.htb,Microsoft-Windows-TaskScheduler,Microsoft-Windows-TaskScheduler/Operational,2219,4,,,C7D9C6C1-E629-441A-B286-9EE3E5CC4BAF,,,,,,,,,\CreateExplorerShellUnelevatedTask,SCAFFOLD\Administrator,,TaskSuccessEvent
2026-05-17T14:29:28.534856Z,201,dc.scaffold.htb,Microsoft-Windows-TaskScheduler,Microsoft-Windows-TaskScheduler/Operational,2220,4,C:\Program Files (x86)\Microsoft\EdgeUpdate\MicrosoftEdgeUpdate.exe,1540,,,,,,,2147943691,,41A07DC8-54EA-4A76-9A42-80FD69127CBF,\MicrosoftEdgeUpdateTaskMachineCore,,,ActionSuccess
2026-05-17T14:29:28.534924Z,102,dc.scaffold.htb,Microsoft-Windows-TaskScheduler,Microsoft-Windows-TaskScheduler/Operational,2221,4,,,41A07DC8-54EA-4A76-9A42-80FD69127CBF,,,,,,,,,\MicrosoftEdgeUpdateTaskMachineCore,NT AUTHORITY\SYSTEM,,TaskSuccessEvent
2026-05-17T14:29:28.534942Z,111,dc.scaffold.htb,Microsoft-Windows-TaskScheduler,Microsoft-Windows-TaskScheduler/Operational,2222,4,,,41A07DC8-54EA-4A76-9A42-80FD69127CBF,,,,,,,,,\MicrosoftEdgeUpdateTaskMachineCore,,,TaskTerminationEvent
2026-05-17T14:29:28.988912Z,402,dc.scaffold.htb,Microsoft-Windows-TaskScheduler,Microsoft-Windows-TaskScheduler/Operational,2223,4,,,,ServiceStopEvent,,,,,,,,,,,
2026-05-17T14:30:54.941588Z,700,dc.scaffold.htb,Microsoft-Windows-TaskScheduler,Microsoft-Windows-TaskScheduler/Operational,2224,4,,,,CompatibilityAdapterLaunch,,,,,,,,,,,
2026-05-17T14:30:54.963392Z,400,dc.scaffold.htb,Microsoft-Windows-TaskScheduler,Microsoft-Windows-TaskScheduler/Operational,2225,4,,,,ServiceStartEvent,,,,,,,,,,,
2026-05-17T14:30:54.993353Z,101,dc.scaffold.htb,Microsoft-Windows-TaskScheduler,Microsoft-Windows-TaskScheduler/Operational,2226,2,,,,,,,,,2147943568,,,\Microsoft\Windows\Workplace Join\Automatic-Device-Join,(default user),,TaskStartFailedEvent
2026-05-17T14:30:55.003062Z,118,dc.scaffold.htb,Microsoft-Windows-TaskScheduler,Microsoft-Windows-TaskScheduler/Operational,2227,4,,,51AC92E1-170F-4E8A-832B-D6F87A1B3311,,,,,,,,,\Microsoft\Windows\ExploitGuard\ExploitGuard MDM policy Refresh,,,BootTrigger
2026-05-17T14:30:55.004893Z,129,dc.scaffold.htb,Microsoft-Windows-TaskScheduler,Microsoft-Windows-TaskScheduler/Operational,2228,4,,,,,%windir%\system32\dxgiadaptercache.exe,16384,2248,,,,,\Microsoft\Windows\DirectX\DXGIAdapterCache,,,CreatedTaskProcess
2026-05-17T14:30:55.004986Z,100,dc.scaffold.htb,Microsoft-Windows-TaskScheduler,Microsoft-Windows-TaskScheduler/Operational,2229,4,,,970C3AEE-C27A-493E-8552-191C923FA8FE,,,,,,,,,\Microsoft\Windows\DirectX\DXGIAdapterCache,NT AUTHORITY\SYSTEM,,TaskStartEvent
2026-05-17T14:30:55.004987Z,200,dc.scaffold.htb,Microsoft-Windows-TaskScheduler,Microsoft-Windows-TaskScheduler/Operational,2230,4,%windir%\system32\dxgiadaptercache.exe,2248,,,,,,,,,970C3AEE-C27A-493E-8552-191C923FA8FE,\Microsoft\Windows\DirectX\DXGIAdapterCache,,,ActionStart
2026-05-17T14:30:55.005357Z,129,dc.scaffold.htb,Microsoft-Windows-TaskScheduler,Microsoft-Windows-TaskScheduler/Operational,2231,4,,,,,taskhostw.exe,16384,2256,,,,,\Microsoft\Windows\ExploitGuard\ExploitGuard MDM policy Refresh,,,CreatedTaskProcess
2026-05-17T14:30:55.005440Z,100,dc.scaffold.htb,Microsoft-Windows-TaskScheduler,Microsoft-Windows-TaskScheduler/Operational,2232,4,,,51AC92E1-170F-4E8A-832B-D6F87A1B3311,,,,,,,,,\Microsoft\Windows\ExploitGuard\ExploitGuard MDM policy Refresh,NT AUTHORITY\SYSTEM,,TaskStartEvent
2026-05-17T14:30:55.005442Z,200,dc.scaffold.htb,Microsoft-Windows-TaskScheduler,Microsoft-Windows-TaskScheduler/Operational,2233,4,,2256,,,,,,,,,51AC92E1-170F-4E8A-832B-D6F87A1B3311,\Microsoft\Windows\ExploitGuard\ExploitGuard MDM policy Refresh,,,ActionStart
2026-05-17T14:30:55.183694Z,100,dc.scaffold.htb,Microsoft-Windows-TaskScheduler,Microsoft-Windows-TaskScheduler/Operational,2234,4,,,916017A4-CD24-4AEC-9BFE-7FDF1B01B792,,,,,,,,,\Microsoft\Windows\WwanSvc\OobeDiscovery,NT AUTHORITY\SYSTEM,,TaskStartEvent
2026-05-17T14:30:55.183696Z,200,dc.scaffold.htb,Microsoft-Windows-TaskScheduler,Microsoft-Windows-TaskScheduler/Operational,2235,4,OobeEsimTaskManager,2256,,,,,,,,,916017A4-CD24-4AEC-9BFE-7FDF1B01B792,\Microsoft\Windows\WwanSvc\OobeDiscovery,,,ActionStart
2026-05-17T14:30:55.214518Z,129,dc.scaffold.htb,Microsoft-Windows-TaskScheduler,Microsoft-Windows-TaskScheduler/Operational,2236,4,,,,,taskhostw.exe,16384,2596,,,,,\Microsoft\Windows\Time Synchronization\ForceSynchronizeTime,,,CreatedTaskProcess
2026-05-17T14:30:55.214620Z,100,dc.scaffold.htb,Microsoft-Windows-TaskScheduler,Microsoft-Windows-TaskScheduler/Operational,2237,4,,,095ECC62-E483-4200-8ED7-7CDEAAA4D62B,,,,,,,,,\Microsoft\Windows\Time Synchronization\ForceSynchronizeTime,(NONE),,TaskStartEvent
2026-05-17T14:30:55.214622Z,200,dc.scaffold.htb,Microsoft-Windows-TaskScheduler,Microsoft-Windows-TaskScheduler/Operational,2238,4,Time Synchronization Task Handler,2596,,,,,,,,,095ECC62-E483-4200-8ED7-7CDEAAA4D62B,\Microsoft\Windows\Time Synchronization\ForceSynchronizeTime,,,ActionStart
2026-05-17T14:30:55.302844Z,201,dc.scaffold.htb,Microsoft-Windows-TaskScheduler,Microsoft-Windows-TaskScheduler/Operational,2239,4,Time Synchronization Task Handler,2596,,,,,,,0,,095ECC62-E483-4200-8ED7-7CDEAAA4D62B,\Microsoft\Windows\Time Synchronization\ForceSynchronizeTime,,,ActionSuccess
2026-05-17T14:30:55.302845Z,102,dc.scaffold.htb,Microsoft-Windows-TaskScheduler,Microsoft-Windows-TaskScheduler/Operational,2240,4,,,095ECC62-E483-4200-8ED7-7CDEAAA4D62B,,,,,,,,,\Microsoft\Windows\Time Synchronization\ForceSynchronizeTime,(NONE),,TaskSuccessEvent
