TimeGenerated,EventID,Computer,Provider,Channel,RecordID,Level,ActionName,EnginePID,InstanceId,Name,Path,Priority,ProcessID,QueuedTaskInstanceId,ResultCode,RunningTaskInstanceId,TaskInstanceId,TaskName,UserContext,UserName,attributes_Name
2026-05-13T14:43:43.276457Z,129,dc.scaffold.htb,Microsoft-Windows-TaskScheduler,Microsoft-Windows-TaskScheduler/Operational,1,4,,,,,%windir%\system32\wermgr.exe,16384,2532,,,,,\Microsoft\Windows\Windows Error Reporting\QueueReporting,,,CreatedTaskProcess
2026-05-13T14:43:43.276651Z,100,dc.scaffold.htb,Microsoft-Windows-TaskScheduler,Microsoft-Windows-TaskScheduler/Operational,2,4,,,5120647D-CD71-4BD9-AA1E-D9C89A722B66,,,,,,,,,\Microsoft\Windows\Windows Error Reporting\QueueReporting,NT AUTHORITY\SYSTEM,,TaskStartEvent
2026-05-13T14:43:43.276653Z,200,dc.scaffold.htb,Microsoft-Windows-TaskScheduler,Microsoft-Windows-TaskScheduler/Operational,3,4,%windir%\system32\wermgr.exe,2532,,,,,,,,,5120647D-CD71-4BD9-AA1E-D9C89A722B66,\Microsoft\Windows\Windows Error Reporting\QueueReporting,,,ActionStart
2026-05-13T14:43:43.349733Z,100,dc.scaffold.htb,Microsoft-Windows-TaskScheduler,Microsoft-Windows-TaskScheduler/Operational,4,4,,,7F758396-ED3F-4188-B973-BE2C3E96F5B3,,,,,,,,,\Microsoft\Windows\WwanSvc\OobeDiscovery,NT AUTHORITY\SYSTEM,,TaskStartEvent
2026-05-13T14:43:43.349734Z,200,dc.scaffold.htb,Microsoft-Windows-TaskScheduler,Microsoft-Windows-TaskScheduler/Operational,5,4,OobeEsimTaskManager,2068,,,,,,,,,7F758396-ED3F-4188-B973-BE2C3E96F5B3,\Microsoft\Windows\WwanSvc\OobeDiscovery,,,ActionStart
2026-05-13T14:43:43.391495Z,201,dc.scaffold.htb,Microsoft-Windows-TaskScheduler,Microsoft-Windows-TaskScheduler/Operational,6,4,%windir%\system32\dxgiadaptercache.exe,2052,,,,,,,0,,1979F7DD-7658-455C-9CC5-F3E9FE874E85,\Microsoft\Windows\DirectX\DXGIAdapterCache,,,ActionSuccess
2026-05-13T14:43:43.391642Z,102,dc.scaffold.htb,Microsoft-Windows-TaskScheduler,Microsoft-Windows-TaskScheduler/Operational,7,4,,,1979F7DD-7658-455C-9CC5-F3E9FE874E85,,,,,,,,,\Microsoft\Windows\DirectX\DXGIAdapterCache,NT AUTHORITY\SYSTEM,,TaskSuccessEvent
2026-05-13T14:43:43.400889Z,129,dc.scaffold.htb,Microsoft-Windows-TaskScheduler,Microsoft-Windows-TaskScheduler/Operational,8,4,,,,,taskhostw.exe,16384,2576,,,,,\Microsoft\Windows\Time Synchronization\ForceSynchronizeTime,,,CreatedTaskProcess
2026-05-13T14:43:43.401030Z,100,dc.scaffold.htb,Microsoft-Windows-TaskScheduler,Microsoft-Windows-TaskScheduler/Operational,9,4,,,E227230F-9F4D-4B6F-8741-563055CEB274,,,,,,,,,\Microsoft\Windows\Time Synchronization\ForceSynchronizeTime,(NONE),,TaskStartEvent
2026-05-13T14:43:43.401031Z,200,dc.scaffold.htb,Microsoft-Windows-TaskScheduler,Microsoft-Windows-TaskScheduler/Operational,10,4,Time Synchronization Task Handler,2576,,,,,,,,,E227230F-9F4D-4B6F-8741-563055CEB274,\Microsoft\Windows\Time Synchronization\ForceSynchronizeTime,,,ActionStart
2026-05-13T14:43:43.414791Z,140,dc.scaffold.htb,Microsoft-Windows-TaskScheduler,Microsoft-Windows-TaskScheduler/Operational,11,4,,,,,,,,,,,,\Microsoft\Windows\Workplace Join\Automatic-Device-Join,,System,TaskUpdated
2026-05-13T14:43:43.415814Z,325,dc.scaffold.htb,Microsoft-Windows-TaskScheduler,Microsoft-Windows-TaskScheduler/Operational,12,3,,,,,,,,D6CC4389-A1DC-4C98-817D-A7DE88B5C8B3,,,,\Microsoft\Windows\Workplace Join\Automatic-Device-Join,,,TaskInstanceQueued
2026-05-13T14:43:43.415876Z,110,dc.scaffold.htb,Microsoft-Windows-TaskScheduler,Microsoft-Windows-TaskScheduler/Operational,13,4,,,D6CC4389-A1DC-4C98-817D-A7DE88B5C8B3,,,,,,,,,\Microsoft\Windows\Workplace Join\Automatic-Device-Join,System,,TaskRunEvent
2026-05-13T14:43:43.419519Z,129,dc.scaffold.htb,Microsoft-Windows-TaskScheduler,Microsoft-Windows-TaskScheduler/Operational,14,4,,,,,%SystemRoot%\System32\dsregcmd.exe,16384,2604,,,,,\Microsoft\Windows\Workplace Join\Automatic-Device-Join,,,CreatedTaskProcess
2026-05-13T14:43:43.419627Z,100,dc.scaffold.htb,Microsoft-Windows-TaskScheduler,Microsoft-Windows-TaskScheduler/Operational,15,4,,,D6CC4389-A1DC-4C98-817D-A7DE88B5C8B3,,,,,,,,,\Microsoft\Windows\Workplace Join\Automatic-Device-Join,NT AUTHORITY\SYSTEM,,TaskStartEvent
2026-05-13T14:43:43.419628Z,200,dc.scaffold.htb,Microsoft-Windows-TaskScheduler,Microsoft-Windows-TaskScheduler/Operational,16,4,%SystemRoot%\System32\dsregcmd.exe,2604,,,,,,,,,D6CC4389-A1DC-4C98-817D-A7DE88B5C8B3,\Microsoft\Windows\Workplace Join\Automatic-Device-Join,,,ActionStart
2026-05-13T14:43:43.435861Z,201,dc.scaffold.htb,Microsoft-Windows-TaskScheduler,Microsoft-Windows-TaskScheduler/Operational,17,4,Time Synchronization Task Handler,2576,,,,,,,0,,E227230F-9F4D-4B6F-8741-563055CEB274,\Microsoft\Windows\Time Synchronization\ForceSynchronizeTime,,,ActionSuccess
2026-05-13T14:43:43.435862Z,102,dc.scaffold.htb,Microsoft-Windows-TaskScheduler,Microsoft-Windows-TaskScheduler/Operational,18,4,,,E227230F-9F4D-4B6F-8741-563055CEB274,,,,,,,,,\Microsoft\Windows\Time Synchronization\ForceSynchronizeTime,(NONE),,TaskSuccessEvent
2026-05-13T14:43:43.551555Z,201,dc.scaffold.htb,Microsoft-Windows-TaskScheduler,Microsoft-Windows-TaskScheduler/Operational,19,4,,2068,,,,,,,0,,E4491E8C-4484-48EC-A5C9-045410E57758,\Microsoft\Windows\ExploitGuard\ExploitGuard MDM policy Refresh,,,ActionSuccess
2026-05-13T14:43:43.551558Z,102,dc.scaffold.htb,Microsoft-Windows-TaskScheduler,Microsoft-Windows-TaskScheduler/Operational,20,4,,,E4491E8C-4484-48EC-A5C9-045410E57758,,,,,,,,,\Microsoft\Windows\ExploitGuard\ExploitGuard MDM policy Refresh,NT AUTHORITY\SYSTEM,,TaskSuccessEvent
2026-05-13T14:43:43.634955Z,201,dc.scaffold.htb,Microsoft-Windows-TaskScheduler,Microsoft-Windows-TaskScheduler/Operational,21,4,OobeEsimTaskManager,2068,,,,,,,0,,7F758396-ED3F-4188-B973-BE2C3E96F5B3,\Microsoft\Windows\WwanSvc\OobeDiscovery,,,ActionSuccess
2026-05-13T14:43:43.634957Z,102,dc.scaffold.htb,Microsoft-Windows-TaskScheduler,Microsoft-Windows-TaskScheduler/Operational,22,4,,,7F758396-ED3F-4188-B973-BE2C3E96F5B3,,,,,,,,,\Microsoft\Windows\WwanSvc\OobeDiscovery,NT AUTHORITY\SYSTEM,,TaskSuccessEvent
2026-05-13T14:43:43.638250Z,201,dc.scaffold.htb,Microsoft-Windows-TaskScheduler,Microsoft-Windows-TaskScheduler/Operational,23,4,%windir%\system32\wermgr.exe,2532,,,,,,,0,,5120647D-CD71-4BD9-AA1E-D9C89A722B66,\Microsoft\Windows\Windows Error Reporting\QueueReporting,,,ActionSuccess
2026-05-13T14:43:43.638476Z,102,dc.scaffold.htb,Microsoft-Windows-TaskScheduler,Microsoft-Windows-TaskScheduler/Operational,24,4,,,5120647D-CD71-4BD9-AA1E-D9C89A722B66,,,,,,,,,\Microsoft\Windows\Windows Error Reporting\QueueReporting,NT AUTHORITY\SYSTEM,,TaskSuccessEvent
2026-05-13T14:43:44.325877Z,129,dc.scaffold.htb,Microsoft-Windows-TaskScheduler,Microsoft-Windows-TaskScheduler/Operational,25,4,,,,,%windir%\system32\wermgr.exe,16384,2760,,,,,\Microsoft\Windows\Windows Error Reporting\QueueReporting,,,CreatedTaskProcess
2026-05-13T14:43:44.326240Z,100,dc.scaffold.htb,Microsoft-Windows-TaskScheduler,Microsoft-Windows-TaskScheduler/Operational,26,4,,,C73B046C-9156-4F41-AC19-8B142D919F33,,,,,,,,,\Microsoft\Windows\Windows Error Reporting\QueueReporting,NT AUTHORITY\SYSTEM,,TaskStartEvent
2026-05-13T14:43:44.326244Z,200,dc.scaffold.htb,Microsoft-Windows-TaskScheduler,Microsoft-Windows-TaskScheduler/Operational,27,4,%windir%\system32\wermgr.exe,2760,,,,,,,,,C73B046C-9156-4F41-AC19-8B142D919F33,\Microsoft\Windows\Windows Error Reporting\QueueReporting,,,ActionStart
2026-05-13T14:43:44.362215Z,201,dc.scaffold.htb,Microsoft-Windows-TaskScheduler,Microsoft-Windows-TaskScheduler/Operational,28,4,%windir%\system32\wermgr.exe,2760,,,,,,,0,,C73B046C-9156-4F41-AC19-8B142D919F33,\Microsoft\Windows\Windows Error Reporting\QueueReporting,,,ActionSuccess
2026-05-13T14:43:44.362364Z,102,dc.scaffold.htb,Microsoft-Windows-TaskScheduler,Microsoft-Windows-TaskScheduler/Operational,29,4,,,C73B046C-9156-4F41-AC19-8B142D919F33,,,,,,,,,\Microsoft\Windows\Windows Error Reporting\QueueReporting,NT AUTHORITY\SYSTEM,,TaskSuccessEvent
2026-05-13T14:43:53.547420Z,118,dc.scaffold.htb,Microsoft-Windows-TaskScheduler,Microsoft-Windows-TaskScheduler/Operational,30,4,,,C865950A-085D-4F0E-AE0E-3DFFC5F75ADE,,,,,,,,,\Microsoft\Windows\CertificateServicesClient\SystemTask,,,BootTrigger
2026-05-13T14:43:53.549413Z,129,dc.scaffold.htb,Microsoft-Windows-TaskScheduler,Microsoft-Windows-TaskScheduler/Operational,31,4,,,,,taskhostw.exe,16384,4320,,,,,\Microsoft\Windows\CertificateServicesClient\SystemTask,,,CreatedTaskProcess
2026-05-13T14:43:53.549591Z,100,dc.scaffold.htb,Microsoft-Windows-TaskScheduler,Microsoft-Windows-TaskScheduler/Operational,32,4,,,C865950A-085D-4F0E-AE0E-3DFFC5F75ADE,,,,,,,,,\Microsoft\Windows\CertificateServicesClient\SystemTask,NT AUTHORITY\SYSTEM,,TaskStartEvent
2026-05-13T14:43:53.549593Z,200,dc.scaffold.htb,Microsoft-Windows-TaskScheduler,Microsoft-Windows-TaskScheduler/Operational,33,4,Certificate Services Client Task Handler,4320,,,,,,,,,C865950A-085D-4F0E-AE0E-3DFFC5F75ADE,\Microsoft\Windows\CertificateServicesClient\SystemTask,,,ActionStart
2026-05-13T14:44:21.760443Z,201,dc.scaffold.htb,Microsoft-Windows-TaskScheduler,Microsoft-Windows-TaskScheduler/Operational,34,4,%SystemRoot%\System32\dsregcmd.exe,2604,,,,,,,0,,D6CC4389-A1DC-4C98-817D-A7DE88B5C8B3,\Microsoft\Windows\Workplace Join\Automatic-Device-Join,,,ActionSuccess
2026-05-13T14:44:21.760721Z,102,dc.scaffold.htb,Microsoft-Windows-TaskScheduler,Microsoft-Windows-TaskScheduler/Operational,35,4,,,D6CC4389-A1DC-4C98-817D-A7DE88B5C8B3,,,,,,,,,\Microsoft\Windows\Workplace Join\Automatic-Device-Join,NT AUTHORITY\SYSTEM,,TaskSuccessEvent
2026-05-13T14:44:22.104339Z,201,dc.scaffold.htb,Microsoft-Windows-TaskScheduler,Microsoft-Windows-TaskScheduler/Operational,36,4,Certificate Services Client Task Handler,4320,,,,,,,0,,C865950A-085D-4F0E-AE0E-3DFFC5F75ADE,\Microsoft\Windows\CertificateServicesClient\SystemTask,,,ActionSuccess
2026-05-13T14:44:22.104340Z,102,dc.scaffold.htb,Microsoft-Windows-TaskScheduler,Microsoft-Windows-TaskScheduler/Operational,37,4,,,C865950A-085D-4F0E-AE0E-3DFFC5F75ADE,,,,,,,,,\Microsoft\Windows\CertificateServicesClient\SystemTask,NT AUTHORITY\SYSTEM,,TaskSuccessEvent
2026-05-13T14:44:23.001230Z,140,dc.scaffold.htb,Microsoft-Windows-TaskScheduler,Microsoft-Windows-TaskScheduler/Operational,38,4,,,,,,,,,,,,\Microsoft\Windows\SoftwareProtectionPlatform\SvcRestartTask,,SCAFFOLD\DC$,TaskUpdated
2026-05-13T14:44:43.565146Z,118,dc.scaffold.htb,Microsoft-Windows-TaskScheduler,Microsoft-Windows-TaskScheduler/Operational,39,4,,,F31306D3-EEE4-42A9-BB90-90AB3163CE7F,,,,,,,,,\Microsoft\Windows\Software Inventory Logging\Configuration,,,BootTrigger
2026-05-13T14:44:43.565396Z,118,dc.scaffold.htb,Microsoft-Windows-TaskScheduler,Microsoft-Windows-TaskScheduler/Operational,40,4,,,82FF0038-C380-48E9-9554-A39A35FAFE41,,,,,,,,,\Microsoft\Windows\DirectX\DXGIAdapterCache,,,BootTrigger
2026-05-13T14:44:43.573506Z,129,dc.scaffold.htb,Microsoft-Windows-TaskScheduler,Microsoft-Windows-TaskScheduler/Operational,41,4,,,,,%windir%\system32\dxgiadaptercache.exe,16384,5576,,,,,\Microsoft\Windows\DirectX\DXGIAdapterCache,,,CreatedTaskProcess
2026-05-13T14:44:43.573870Z,100,dc.scaffold.htb,Microsoft-Windows-TaskScheduler,Microsoft-Windows-TaskScheduler/Operational,42,4,,,82FF0038-C380-48E9-9554-A39A35FAFE41,,,,,,,,,\Microsoft\Windows\DirectX\DXGIAdapterCache,NT AUTHORITY\SYSTEM,,TaskStartEvent
2026-05-13T14:44:43.573874Z,200,dc.scaffold.htb,Microsoft-Windows-TaskScheduler,Microsoft-Windows-TaskScheduler/Operational,43,4,%windir%\system32\dxgiadaptercache.exe,5576,,,,,,,,,82FF0038-C380-48E9-9554-A39A35FAFE41,\Microsoft\Windows\DirectX\DXGIAdapterCache,,,ActionStart
2026-05-13T14:44:43.578594Z,129,dc.scaffold.htb,Microsoft-Windows-TaskScheduler,Microsoft-Windows-TaskScheduler/Operational,44,4,,,,,%systemroot%\system32\cmd.exe,16384,5584,,,,,\Microsoft\Windows\Software Inventory Logging\Configuration,,,CreatedTaskProcess
2026-05-13T14:44:43.578804Z,100,dc.scaffold.htb,Microsoft-Windows-TaskScheduler,Microsoft-Windows-TaskScheduler/Operational,45,4,,,F31306D3-EEE4-42A9-BB90-90AB3163CE7F,,,,,,,,,\Microsoft\Windows\Software Inventory Logging\Configuration,NT AUTHORITY\SYSTEM,,TaskStartEvent
2026-05-13T14:44:43.578806Z,200,dc.scaffold.htb,Microsoft-Windows-TaskScheduler,Microsoft-Windows-TaskScheduler/Operational,46,4,%systemroot%\system32\cmd.exe,5584,,,,,,,,,F31306D3-EEE4-42A9-BB90-90AB3163CE7F,\Microsoft\Windows\Software Inventory Logging\Configuration,,,ActionStart
2026-05-13T14:44:43.594074Z,201,dc.scaffold.htb,Microsoft-Windows-TaskScheduler,Microsoft-Windows-TaskScheduler/Operational,47,4,%windir%\system32\dxgiadaptercache.exe,5576,,,,,,,0,,82FF0038-C380-48E9-9554-A39A35FAFE41,\Microsoft\Windows\DirectX\DXGIAdapterCache,,,ActionSuccess
2026-05-13T14:44:43.594234Z,102,dc.scaffold.htb,Microsoft-Windows-TaskScheduler,Microsoft-Windows-TaskScheduler/Operational,48,4,,,82FF0038-C380-48E9-9554-A39A35FAFE41,,,,,,,,,\Microsoft\Windows\DirectX\DXGIAdapterCache,NT AUTHORITY\SYSTEM,,TaskSuccessEvent
2026-05-13T14:44:43.638243Z,201,dc.scaffold.htb,Microsoft-Windows-TaskScheduler,Microsoft-Windows-TaskScheduler/Operational,49,4,%systemroot%\system32\cmd.exe,5584,,,,,,,0,,F31306D3-EEE4-42A9-BB90-90AB3163CE7F,\Microsoft\Windows\Software Inventory Logging\Configuration,,,ActionSuccess
2026-05-13T14:44:43.638408Z,102,dc.scaffold.htb,Microsoft-Windows-TaskScheduler,Microsoft-Windows-TaskScheduler/Operational,50,4,,,F31306D3-EEE4-42A9-BB90-90AB3163CE7F,,,,,,,,,\Microsoft\Windows\Software Inventory Logging\Configuration,NT AUTHORITY\SYSTEM,,TaskSuccessEvent
2026-05-13T14:45:54.333107Z,140,dc.scaffold.htb,Microsoft-Windows-TaskScheduler,Microsoft-Windows-TaskScheduler/Operational,51,4,,,,,,,,,,,,\Microsoft\Windows\Application Experience\PcaPatchDbTask,,SCAFFOLD\DC$,TaskUpdated
2026-05-13T14:45:57.253197Z,140,dc.scaffold.htb,Microsoft-Windows-TaskScheduler,Microsoft-Windows-TaskScheduler/Operational,52,4,,,,,,,,,,,,\Microsoft\Windows\UpdateOrchestrator\Schedule Scan,,S-1-5-18,TaskUpdated
2026-05-13T14:45:57.287243Z,140,dc.scaffold.htb,Microsoft-Windows-TaskScheduler,Microsoft-Windows-TaskScheduler/Operational,53,4,,,,,,,,,,,,\Microsoft\Windows\UpdateOrchestrator\Schedule Scan,,SCAFFOLD\DC$,TaskUpdated
2026-05-13T14:46:21.240750Z,129,dc.scaffold.htb,Microsoft-Windows-TaskScheduler,Microsoft-Windows-TaskScheduler/Operational,54,4,,,,,taskhostw.exe,16384,4984,,,,,\Microsoft\Windows\CertificateServicesClient\SystemTask,,,CreatedTaskProcess
2026-05-13T14:46:21.240862Z,100,dc.scaffold.htb,Microsoft-Windows-TaskScheduler,Microsoft-Windows-TaskScheduler/Operational,55,4,,,1747873A-C303-4445-A87D-E9A3D76D2D10,,,,,,,,,\Microsoft\Windows\CertificateServicesClient\SystemTask,NT AUTHORITY\SYSTEM,,TaskStartEvent
2026-05-13T14:46:21.240863Z,200,dc.scaffold.htb,Microsoft-Windows-TaskScheduler,Microsoft-Windows-TaskScheduler/Operational,56,4,Certificate Services Client Task Handler,4984,,,,,,,,,1747873A-C303-4445-A87D-E9A3D76D2D10,\Microsoft\Windows\CertificateServicesClient\SystemTask,,,ActionStart
2026-05-13T14:46:21.348950Z,100,dc.scaffold.htb,Microsoft-Windows-TaskScheduler,Microsoft-Windows-TaskScheduler/Operational,57,4,,,8082FD01-BB7A-4FB6-9A71-D241E3B17205,,,,,,,,,\Microsoft\Windows\ExploitGuard\ExploitGuard MDM policy Refresh,NT AUTHORITY\SYSTEM,,TaskStartEvent
2026-05-13T14:46:21.348952Z,200,dc.scaffold.htb,Microsoft-Windows-TaskScheduler,Microsoft-Windows-TaskScheduler/Operational,58,4,,4984,,,,,,,,,8082FD01-BB7A-4FB6-9A71-D241E3B17205,\Microsoft\Windows\ExploitGuard\ExploitGuard MDM policy Refresh,,,ActionStart
2026-05-13T14:46:21.349070Z,100,dc.scaffold.htb,Microsoft-Windows-TaskScheduler,Microsoft-Windows-TaskScheduler/Operational,59,4,,,3FE196A2-849B-449D-94C7-3F093A3AFECD,,,,,,,,,\Microsoft\Windows\Plug and Play\Device Install Group Policy,NT AUTHORITY\SYSTEM,,TaskStartEvent
2026-05-13T14:46:21.349072Z,200,dc.scaffold.htb,Microsoft-Windows-TaskScheduler,Microsoft-Windows-TaskScheduler/Operational,60,4,Device Installation Group Policy Task Handler,4984,,,,,,,,,3FE196A2-849B-449D-94C7-3F093A3AFECD,\Microsoft\Windows\Plug and Play\Device Install Group Policy,,,ActionStart
2026-05-13T14:46:21.349343Z,100,dc.scaffold.htb,Microsoft-Windows-TaskScheduler,Microsoft-Windows-TaskScheduler/Operational,61,4,,,05BB8A99-8ABF-44D7-87AC-AB40AE754174,,,,,,,,,\Microsoft\Windows\Flighting\FeatureConfig\ReconcileFeatures,NT AUTHORITY\SYSTEM,,TaskStartEvent
2026-05-13T14:46:21.349344Z,200,dc.scaffold.htb,Microsoft-Windows-TaskScheduler,Microsoft-Windows-TaskScheduler/Operational,62,4,Feature Configuration Reconciliation Task Handler,4984,,,,,,,,,05BB8A99-8ABF-44D7-87AC-AB40AE754174,\Microsoft\Windows\Flighting\FeatureConfig\ReconcileFeatures,,,ActionStart
2026-05-13T14:46:21.371939Z,201,dc.scaffold.htb,Microsoft-Windows-TaskScheduler,Microsoft-Windows-TaskScheduler/Operational,63,4,,4984,,,,,,,0,,8082FD01-BB7A-4FB6-9A71-D241E3B17205,\Microsoft\Windows\ExploitGuard\ExploitGuard MDM policy Refresh,,,ActionSuccess
2026-05-13T14:46:21.371940Z,102,dc.scaffold.htb,Microsoft-Windows-TaskScheduler,Microsoft-Windows-TaskScheduler/Operational,64,4,,,8082FD01-BB7A-4FB6-9A71-D241E3B17205,,,,,,,,,\Microsoft\Windows\ExploitGuard\ExploitGuard MDM policy Refresh,NT AUTHORITY\SYSTEM,,TaskSuccessEvent
2026-05-13T14:46:21.389208Z,201,dc.scaffold.htb,Microsoft-Windows-TaskScheduler,Microsoft-Windows-TaskScheduler/Operational,65,4,Feature Configuration Reconciliation Task Handler,4984,,,,,,,0,,05BB8A99-8ABF-44D7-87AC-AB40AE754174,\Microsoft\Windows\Flighting\FeatureConfig\ReconcileFeatures,,,ActionSuccess
2026-05-13T14:46:21.389209Z,102,dc.scaffold.htb,Microsoft-Windows-TaskScheduler,Microsoft-Windows-TaskScheduler/Operational,66,4,,,05BB8A99-8ABF-44D7-87AC-AB40AE754174,,,,,,,,,\Microsoft\Windows\Flighting\FeatureConfig\ReconcileFeatures,NT AUTHORITY\SYSTEM,,TaskSuccessEvent
2026-05-13T14:46:21.396221Z,201,dc.scaffold.htb,Microsoft-Windows-TaskScheduler,Microsoft-Windows-TaskScheduler/Operational,67,4,Device Installation Group Policy Task Handler,4984,,,,,,,0,,3FE196A2-849B-449D-94C7-3F093A3AFECD,\Microsoft\Windows\Plug and Play\Device Install Group Policy,,,ActionSuccess
2026-05-13T14:46:21.396222Z,102,dc.scaffold.htb,Microsoft-Windows-TaskScheduler,Microsoft-Windows-TaskScheduler/Operational,68,4,,,3FE196A2-849B-449D-94C7-3F093A3AFECD,,,,,,,,,\Microsoft\Windows\Plug and Play\Device Install Group Policy,NT AUTHORITY\SYSTEM,,TaskSuccessEvent
2026-05-13T14:46:21.411821Z,201,dc.scaffold.htb,Microsoft-Windows-TaskScheduler,Microsoft-Windows-TaskScheduler/Operational,69,4,Certificate Services Client Task Handler,4984,,,,,,,0,,1747873A-C303-4445-A87D-E9A3D76D2D10,\Microsoft\Windows\CertificateServicesClient\SystemTask,,,ActionSuccess
2026-05-13T14:46:21.411822Z,102,dc.scaffold.htb,Microsoft-Windows-TaskScheduler,Microsoft-Windows-TaskScheduler/Operational,70,4,,,1747873A-C303-4445-A87D-E9A3D76D2D10,,,,,,,,,\Microsoft\Windows\CertificateServicesClient\SystemTask,NT AUTHORITY\SYSTEM,,TaskSuccessEvent
2026-05-13T14:46:24.561433Z,140,dc.scaffold.htb,Microsoft-Windows-TaskScheduler,Microsoft-Windows-TaskScheduler/Operational,71,4,,,,,,,,,,,,\Microsoft\Windows\SoftwareProtectionPlatform\SvcRestartTask,,SCAFFOLD\DC$,TaskUpdated
2026-05-13T14:46:43.496235Z,118,dc.scaffold.htb,Microsoft-Windows-TaskScheduler,Microsoft-Windows-TaskScheduler/Operational,72,4,,,FF2CDC21-9B61-4AD3-83B5-C430988DEE54,,,,,,,,,\Microsoft\Windows\Windows Error Reporting\QueueReporting,,,BootTrigger
2026-05-13T14:46:43.501262Z,129,dc.scaffold.htb,Microsoft-Windows-TaskScheduler,Microsoft-Windows-TaskScheduler/Operational,73,4,,,,,taskhostw.exe,16384,5732,,,,,\Microsoft\Windows\Flighting\FeatureConfig\ReconcileFeatures,,,CreatedTaskProcess
2026-05-13T14:46:43.501658Z,100,dc.scaffold.htb,Microsoft-Windows-TaskScheduler,Microsoft-Windows-TaskScheduler/Operational,74,4,,,D7E0158E-C5A7-46D5-945F-48C225D671F2,,,,,,,,,\Microsoft\Windows\Flighting\FeatureConfig\ReconcileFeatures,NT AUTHORITY\SYSTEM,,TaskStartEvent
2026-05-13T14:46:43.501662Z,200,dc.scaffold.htb,Microsoft-Windows-TaskScheduler,Microsoft-Windows-TaskScheduler/Operational,75,4,Feature Configuration Reconciliation Task Handler,5732,,,,,,,,,D7E0158E-C5A7-46D5-945F-48C225D671F2,\Microsoft\Windows\Flighting\FeatureConfig\ReconcileFeatures,,,ActionStart
2026-05-13T14:46:43.506570Z,129,dc.scaffold.htb,Microsoft-Windows-TaskScheduler,Microsoft-Windows-TaskScheduler/Operational,76,4,,,,,%windir%\system32\wermgr.exe,16384,2928,,,,,\Microsoft\Windows\Windows Error Reporting\QueueReporting,,,CreatedTaskProcess
2026-05-13T14:46:43.506798Z,100,dc.scaffold.htb,Microsoft-Windows-TaskScheduler,Microsoft-Windows-TaskScheduler/Operational,77,4,,,FF2CDC21-9B61-4AD3-83B5-C430988DEE54,,,,,,,,,\Microsoft\Windows\Windows Error Reporting\QueueReporting,NT AUTHORITY\SYSTEM,,TaskStartEvent
2026-05-13T14:46:43.506800Z,200,dc.scaffold.htb,Microsoft-Windows-TaskScheduler,Microsoft-Windows-TaskScheduler/Operational,78,4,%windir%\system32\wermgr.exe,2928,,,,,,,,,FF2CDC21-9B61-4AD3-83B5-C430988DEE54,\Microsoft\Windows\Windows Error Reporting\QueueReporting,,,ActionStart
2026-05-13T14:46:43.566075Z,201,dc.scaffold.htb,Microsoft-Windows-TaskScheduler,Microsoft-Windows-TaskScheduler/Operational,79,4,Feature Configuration Reconciliation Task Handler,5732,,,,,,,0,,D7E0158E-C5A7-46D5-945F-48C225D671F2,\Microsoft\Windows\Flighting\FeatureConfig\ReconcileFeatures,,,ActionSuccess
2026-05-13T14:46:43.566079Z,102,dc.scaffold.htb,Microsoft-Windows-TaskScheduler,Microsoft-Windows-TaskScheduler/Operational,80,4,,,D7E0158E-C5A7-46D5-945F-48C225D671F2,,,,,,,,,\Microsoft\Windows\Flighting\FeatureConfig\ReconcileFeatures,NT AUTHORITY\SYSTEM,,TaskSuccessEvent
2026-05-13T14:46:43.581128Z,201,dc.scaffold.htb,Microsoft-Windows-TaskScheduler,Microsoft-Windows-TaskScheduler/Operational,81,4,%windir%\system32\wermgr.exe,2928,,,,,,,0,,FF2CDC21-9B61-4AD3-83B5-C430988DEE54,\Microsoft\Windows\Windows Error Reporting\QueueReporting,,,ActionSuccess
2026-05-13T14:46:43.581272Z,102,dc.scaffold.htb,Microsoft-Windows-TaskScheduler,Microsoft-Windows-TaskScheduler/Operational,82,4,,,FF2CDC21-9B61-4AD3-83B5-C430988DEE54,,,,,,,,,\Microsoft\Windows\Windows Error Reporting\QueueReporting,NT AUTHORITY\SYSTEM,,TaskSuccessEvent
2026-05-13T14:46:48.890866Z,119,dc.scaffold.htb,Microsoft-Windows-TaskScheduler,Microsoft-Windows-TaskScheduler/Operational,83,4,,,039DC1D3-3912-45CF-A6FD-E07644EE8424,,,,,,,,,\Microsoft\Windows\Server Manager\ServerManager,,SCAFFOLD\Administrator,LogonTrigger
2026-05-13T14:46:48.890871Z,119,dc.scaffold.htb,Microsoft-Windows-TaskScheduler,Microsoft-Windows-TaskScheduler/Operational,84,4,,,87B9E9B0-AFAB-4E47-A8EB-321FACD85EB9,,,,,,,,,\Microsoft\Windows\TextServicesFramework\MsCtfMonitor,,SCAFFOLD\Administrator,LogonTrigger
2026-05-13T14:46:48.894065Z,129,dc.scaffold.htb,Microsoft-Windows-TaskScheduler,Microsoft-Windows-TaskScheduler/Operational,85,4,,,,,taskhostw.exe,32,4876,,,,,\Microsoft\Windows\TextServicesFramework\MsCtfMonitor,,,CreatedTaskProcess
2026-05-13T14:46:48.894113Z,129,dc.scaffold.htb,Microsoft-Windows-TaskScheduler,Microsoft-Windows-TaskScheduler/Operational,86,4,,,,,%windir%\system32\ServerManagerLauncher.exe,32,4072,,,,,\Microsoft\Windows\Server Manager\ServerManager,,,CreatedTaskProcess
2026-05-13T14:46:48.894565Z,100,dc.scaffold.htb,Microsoft-Windows-TaskScheduler,Microsoft-Windows-TaskScheduler/Operational,87,4,,,87B9E9B0-AFAB-4E47-A8EB-321FACD85EB9,,,,,,,,,\Microsoft\Windows\TextServicesFramework\MsCtfMonitor,SCAFFOLD\Administrator,,TaskStartEvent
2026-05-13T14:46:48.894567Z,200,dc.scaffold.htb,Microsoft-Windows-TaskScheduler,Microsoft-Windows-TaskScheduler/Operational,88,4,MsCtfMonitor task handler,4876,,,,,,,,,87B9E9B0-AFAB-4E47-A8EB-321FACD85EB9,\Microsoft\Windows\TextServicesFramework\MsCtfMonitor,,,ActionStart
2026-05-13T14:46:48.894592Z,100,dc.scaffold.htb,Microsoft-Windows-TaskScheduler,Microsoft-Windows-TaskScheduler/Operational,89,4,,,039DC1D3-3912-45CF-A6FD-E07644EE8424,,,,,,,,,\Microsoft\Windows\Server Manager\ServerManager,SCAFFOLD\Administrator,,TaskStartEvent
2026-05-13T14:46:48.894594Z,200,dc.scaffold.htb,Microsoft-Windows-TaskScheduler,Microsoft-Windows-TaskScheduler/Operational,90,4,%windir%\system32\ServerManagerLauncher.exe,4072,,,,,,,,,039DC1D3-3912-45CF-A6FD-E07644EE8424,\Microsoft\Windows\Server Manager\ServerManager,,,ActionStart
2026-05-13T14:46:48.904438Z,119,dc.scaffold.htb,Microsoft-Windows-TaskScheduler,Microsoft-Windows-TaskScheduler/Operational,91,4,,,FC215086-B794-49A3-8E4E-8309633EE4CD,,,,,,,,,\Microsoft\Windows\CertificateServicesClient\UserTask,,SCAFFOLD\Administrator,LogonTrigger
2026-05-13T14:46:48.904674Z,119,dc.scaffold.htb,Microsoft-Windows-TaskScheduler,Microsoft-Windows-TaskScheduler/Operational,92,4,,,D005B1FD-75BC-4BCC-9EAA-C07318D2C8BF,,,,,,,,,\Microsoft\Windows\WindowsColorSystem\Calibration Loader,,SCAFFOLD\Administrator,LogonTrigger
2026-05-13T14:46:48.905117Z,119,dc.scaffold.htb,Microsoft-Windows-TaskScheduler,Microsoft-Windows-TaskScheduler/Operational,93,4,,,9313C77B-9F5F-4D3D-A8C8-065F4B11D2EC,,,,,,,,,\Microsoft\Windows\Wininet\CacheTask,,SCAFFOLD\Administrator,LogonTrigger
2026-05-13T14:46:48.905412Z,100,dc.scaffold.htb,Microsoft-Windows-TaskScheduler,Microsoft-Windows-TaskScheduler/Operational,94,4,,,9313C77B-9F5F-4D3D-A8C8-065F4B11D2EC,,,,,,,,,\Microsoft\Windows\Wininet\CacheTask,SCAFFOLD\Administrator,,TaskStartEvent
2026-05-13T14:46:48.905414Z,200,dc.scaffold.htb,Microsoft-Windows-TaskScheduler,Microsoft-Windows-TaskScheduler/Operational,95,4,Wininet Cache task object,4876,,,,,,,,,9313C77B-9F5F-4D3D-A8C8-065F4B11D2EC,\Microsoft\Windows\Wininet\CacheTask,,,ActionStart
2026-05-13T14:46:48.905672Z,119,dc.scaffold.htb,Microsoft-Windows-TaskScheduler,Microsoft-Windows-TaskScheduler/Operational,96,4,,,05CC4474-3C95-41BE-8EE7-CF26F42B969A,,,,,,,,,\Microsoft\Windows\Plug and Play\Device Install Reboot Required,,SCAFFOLD\Administrator,LogonTrigger
2026-05-13T14:46:48.906159Z,119,dc.scaffold.htb,Microsoft-Windows-TaskScheduler,Microsoft-Windows-TaskScheduler/Operational,97,4,,,3B528E8C-2E0F-4BE3-AC3A-6CF83BE80A7E,,,,,,,,,\MicrosoftEdgeUpdateTaskMachineCore,,SCAFFOLD\Administrator,LogonTrigger
2026-05-13T14:46:48.908990Z,129,dc.scaffold.htb,Microsoft-Windows-TaskScheduler,Microsoft-Windows-TaskScheduler/Operational,98,4,,,,,C:\Program Files (x86)\Microsoft\EdgeUpdate\MicrosoftEdgeUpdate.exe,32,4700,,,,,\MicrosoftEdgeUpdateTaskMachineCore,,,CreatedTaskProcess
2026-05-13T14:46:48.909089Z,100,dc.scaffold.htb,Microsoft-Windows-TaskScheduler,Microsoft-Windows-TaskScheduler/Operational,99,4,,,3B528E8C-2E0F-4BE3-AC3A-6CF83BE80A7E,,,,,,,,,\MicrosoftEdgeUpdateTaskMachineCore,NT AUTHORITY\SYSTEM,,TaskStartEvent
2026-05-13T14:46:48.909090Z,200,dc.scaffold.htb,Microsoft-Windows-TaskScheduler,Microsoft-Windows-TaskScheduler/Operational,100,4,C:\Program Files (x86)\Microsoft\EdgeUpdate\MicrosoftEdgeUpdate.exe,4700,,,,,,,,,3B528E8C-2E0F-4BE3-AC3A-6CF83BE80A7E,\MicrosoftEdgeUpdateTaskMachineCore,,,ActionStart
2026-05-13T14:46:48.915388Z,129,dc.scaffold.htb,Microsoft-Windows-TaskScheduler,Microsoft-Windows-TaskScheduler/Operational,101,4,,,,,taskhostw.exe,32,6124,,,,,\Microsoft\Windows\CertificateServicesClient\UserTask,,,CreatedTaskProcess
2026-05-13T14:46:48.915760Z,100,dc.scaffold.htb,Microsoft-Windows-TaskScheduler,Microsoft-Windows-TaskScheduler/Operational,102,4,,,FC215086-B794-49A3-8E4E-8309633EE4CD,,,,,,,,,\Microsoft\Windows\CertificateServicesClient\UserTask,SCAFFOLD\Administrator,,TaskStartEvent
2026-05-13T14:46:48.915761Z,200,dc.scaffold.htb,Microsoft-Windows-TaskScheduler,Microsoft-Windows-TaskScheduler/Operational,103,4,Certificate Services Client Task Handler,6124,,,,,,,,,FC215086-B794-49A3-8E4E-8309633EE4CD,\Microsoft\Windows\CertificateServicesClient\UserTask,,,ActionStart
2026-05-13T14:46:49.001879Z,201,dc.scaffold.htb,Microsoft-Windows-TaskScheduler,Microsoft-Windows-TaskScheduler/Operational,104,4,MsCtfMonitor task handler,4876,,,,,,,0,,87B9E9B0-AFAB-4E47-A8EB-321FACD85EB9,\Microsoft\Windows\TextServicesFramework\MsCtfMonitor,,,ActionSuccess
2026-05-13T14:46:49.001881Z,102,dc.scaffold.htb,Microsoft-Windows-TaskScheduler,Microsoft-Windows-TaskScheduler/Operational,105,4,,,87B9E9B0-AFAB-4E47-A8EB-321FACD85EB9,,,,,,,,,\Microsoft\Windows\TextServicesFramework\MsCtfMonitor,SCAFFOLD\Administrator,,TaskSuccessEvent
2026-05-13T14:46:49.022051Z,100,dc.scaffold.htb,Microsoft-Windows-TaskScheduler,Microsoft-Windows-TaskScheduler/Operational,106,4,,,D005B1FD-75BC-4BCC-9EAA-C07318D2C8BF,,,,,,,,,\Microsoft\Windows\WindowsColorSystem\Calibration Loader,SCAFFOLD\Administrator,,TaskStartEvent
2026-05-13T14:46:49.022054Z,200,dc.scaffold.htb,Microsoft-Windows-TaskScheduler,Microsoft-Windows-TaskScheduler/Operational,107,4,Color Calibration Loader,6124,,,,,,,,,D005B1FD-75BC-4BCC-9EAA-C07318D2C8BF,\Microsoft\Windows\WindowsColorSystem\Calibration Loader,,,ActionStart
2026-05-13T14:46:49.027820Z,129,dc.scaffold.htb,Microsoft-Windows-TaskScheduler,Microsoft-Windows-TaskScheduler/Operational,108,4,,,,,taskhostw.exe,32,1328,,,,,\Microsoft\Windows\Plug and Play\Device Install Reboot Required,,,CreatedTaskProcess
2026-05-13T14:46:49.028200Z,100,dc.scaffold.htb,Microsoft-Windows-TaskScheduler,Microsoft-Windows-TaskScheduler/Operational,109,4,,,05CC4474-3C95-41BE-8EE7-CF26F42B969A,,,,,,,,,\Microsoft\Windows\Plug and Play\Device Install Reboot Required,SCAFFOLD\Administrator,,TaskStartEvent
2026-05-13T14:46:49.028202Z,200,dc.scaffold.htb,Microsoft-Windows-TaskScheduler,Microsoft-Windows-TaskScheduler/Operational,110,4,Device Installation Reboot Dialog Task,1328,,,,,,,,,05CC4474-3C95-41BE-8EE7-CF26F42B969A,\Microsoft\Windows\Plug and Play\Device Install Reboot Required,,,ActionStart
2026-05-13T14:46:49.035231Z,201,dc.scaffold.htb,Microsoft-Windows-TaskScheduler,Microsoft-Windows-TaskScheduler/Operational,111,4,Certificate Services Client Task Handler,6124,,,,,,,0,,FC215086-B794-49A3-8E4E-8309633EE4CD,\Microsoft\Windows\CertificateServicesClient\UserTask,,,ActionSuccess
2026-05-13T14:46:49.035232Z,102,dc.scaffold.htb,Microsoft-Windows-TaskScheduler,Microsoft-Windows-TaskScheduler/Operational,112,4,,,FC215086-B794-49A3-8E4E-8309633EE4CD,,,,,,,,,\Microsoft\Windows\CertificateServicesClient\UserTask,SCAFFOLD\Administrator,,TaskSuccessEvent
2026-05-13T14:46:49.212472Z,201,dc.scaffold.htb,Microsoft-Windows-TaskScheduler,Microsoft-Windows-TaskScheduler/Operational,113,4,Device Installation Reboot Dialog Task,1328,,,,,,,0,,05CC4474-3C95-41BE-8EE7-CF26F42B969A,\Microsoft\Windows\Plug and Play\Device Install Reboot Required,,,ActionSuccess
2026-05-13T14:46:49.212473Z,102,dc.scaffold.htb,Microsoft-Windows-TaskScheduler,Microsoft-Windows-TaskScheduler/Operational,114,4,,,05CC4474-3C95-41BE-8EE7-CF26F42B969A,,,,,,,,,\Microsoft\Windows\Plug and Play\Device Install Reboot Required,SCAFFOLD\Administrator,,TaskSuccessEvent
2026-05-13T14:46:49.253811Z,109,dc.scaffold.htb,Microsoft-Windows-TaskScheduler,Microsoft-Windows-TaskScheduler/Operational,115,4,,,ECEDA28D-6230-4062-9CAE-DA4E47033BC1,,,,,,,,,\CreateExplorerShellUnelevatedTask,,,RegistrationTriggerEvent
2026-05-13T14:46:49.257521Z,129,dc.scaffold.htb,Microsoft-Windows-TaskScheduler,Microsoft-Windows-TaskScheduler/Operational,116,4,,,,,C:\Windows\Explorer.EXE,32,4196,,,,,\CreateExplorerShellUnelevatedTask,,,CreatedTaskProcess
2026-05-13T14:46:49.257706Z,100,dc.scaffold.htb,Microsoft-Windows-TaskScheduler,Microsoft-Windows-TaskScheduler/Operational,117,4,,,ECEDA28D-6230-4062-9CAE-DA4E47033BC1,,,,,,,,,\CreateExplorerShellUnelevatedTask,SCAFFOLD\Administrator,,TaskStartEvent
2026-05-13T14:46:49.257707Z,200,dc.scaffold.htb,Microsoft-Windows-TaskScheduler,Microsoft-Windows-TaskScheduler/Operational,118,4,C:\Windows\Explorer.EXE,4196,,,,,,,,,ECEDA28D-6230-4062-9CAE-DA4E47033BC1,\CreateExplorerShellUnelevatedTask,,,ActionStart
2026-05-13T14:46:49.257823Z,106,dc.scaffold.htb,Microsoft-Windows-TaskScheduler,Microsoft-Windows-TaskScheduler/Operational,119,4,,,,,,,,,,,,\CreateExplorerShellUnelevatedTask,SCAFFOLD\Administrator,,TaskRegisteredEvent
2026-05-13T14:46:49.257824Z,140,dc.scaffold.htb,Microsoft-Windows-TaskScheduler,Microsoft-Windows-TaskScheduler/Operational,120,4,,,,,,,,,,,,\CreateExplorerShellUnelevatedTask,,SCAFFOLD\Administrator,TaskUpdated
2026-05-13T14:46:49.307446Z,201,dc.scaffold.htb,Microsoft-Windows-TaskScheduler,Microsoft-Windows-TaskScheduler/Operational,121,4,Color Calibration Loader,6124,,,,,,,0,,D005B1FD-75BC-4BCC-9EAA-C07318D2C8BF,\Microsoft\Windows\WindowsColorSystem\Calibration Loader,,,ActionSuccess
2026-05-13T14:46:49.307448Z,102,dc.scaffold.htb,Microsoft-Windows-TaskScheduler,Microsoft-Windows-TaskScheduler/Operational,122,4,,,D005B1FD-75BC-4BCC-9EAA-C07318D2C8BF,,,,,,,,,\Microsoft\Windows\WindowsColorSystem\Calibration Loader,SCAFFOLD\Administrator,,TaskSuccessEvent
2026-05-13T14:46:50.186033Z,129,dc.scaffold.htb,Microsoft-Windows-TaskScheduler,Microsoft-Windows-TaskScheduler/Operational,123,4,,,,,taskhostw.exe,16384,2456,,,,,\Microsoft\Windows\CertificateServicesClient\SystemTask,,,CreatedTaskProcess
2026-05-13T14:46:50.186146Z,100,dc.scaffold.htb,Microsoft-Windows-TaskScheduler,Microsoft-Windows-TaskScheduler/Operational,124,4,,,852C4B3D-56F8-4D76-814A-6F7AC1965436,,,,,,,,,\Microsoft\Windows\CertificateServicesClient\SystemTask,NT AUTHORITY\SYSTEM,,TaskStartEvent
2026-05-13T14:46:50.186147Z,200,dc.scaffold.htb,Microsoft-Windows-TaskScheduler,Microsoft-Windows-TaskScheduler/Operational,125,4,Certificate Services Client Task Handler,2456,,,,,,,,,852C4B3D-56F8-4D76-814A-6F7AC1965436,\Microsoft\Windows\CertificateServicesClient\SystemTask,,,ActionStart
2026-05-13T14:46:50.238342Z,201,dc.scaffold.htb,Microsoft-Windows-TaskScheduler,Microsoft-Windows-TaskScheduler/Operational,126,4,Certificate Services Client Task Handler,2456,,,,,,,0,,852C4B3D-56F8-4D76-814A-6F7AC1965436,\Microsoft\Windows\CertificateServicesClient\SystemTask,,,ActionSuccess
2026-05-13T14:46:50.238343Z,102,dc.scaffold.htb,Microsoft-Windows-TaskScheduler,Microsoft-Windows-TaskScheduler/Operational,127,4,,,852C4B3D-56F8-4D76-814A-6F7AC1965436,,,,,,,,,\Microsoft\Windows\CertificateServicesClient\SystemTask,NT AUTHORITY\SYSTEM,,TaskSuccessEvent
2026-05-13T14:46:50.302941Z,129,dc.scaffold.htb,Microsoft-Windows-TaskScheduler,Microsoft-Windows-TaskScheduler/Operational,128,4,,,,,taskhostw.exe,16384,5392,,,,,\Microsoft\Windows\ExploitGuard\ExploitGuard MDM policy Refresh,,,CreatedTaskProcess
2026-05-13T14:46:50.303078Z,100,dc.scaffold.htb,Microsoft-Windows-TaskScheduler,Microsoft-Windows-TaskScheduler/Operational,129,4,,,923CE948-DEEB-43D3-A1AE-0371B909DAB7,,,,,,,,,\Microsoft\Windows\ExploitGuard\ExploitGuard MDM policy Refresh,NT AUTHORITY\SYSTEM,,TaskStartEvent
2026-05-13T14:46:50.303079Z,200,dc.scaffold.htb,Microsoft-Windows-TaskScheduler,Microsoft-Windows-TaskScheduler/Operational,130,4,,5392,,,,,,,,,923CE948-DEEB-43D3-A1AE-0371B909DAB7,\Microsoft\Windows\ExploitGuard\ExploitGuard MDM policy Refresh,,,ActionStart
2026-05-13T14:46:50.314859Z,201,dc.scaffold.htb,Microsoft-Windows-TaskScheduler,Microsoft-Windows-TaskScheduler/Operational,131,4,,5392,,,,,,,0,,923CE948-DEEB-43D3-A1AE-0371B909DAB7,\Microsoft\Windows\ExploitGuard\ExploitGuard MDM policy Refresh,,,ActionSuccess
2026-05-13T14:46:50.314860Z,102,dc.scaffold.htb,Microsoft-Windows-TaskScheduler,Microsoft-Windows-TaskScheduler/Operational,132,4,,,923CE948-DEEB-43D3-A1AE-0371B909DAB7,,,,,,,,,\Microsoft\Windows\ExploitGuard\ExploitGuard MDM policy Refresh,NT AUTHORITY\SYSTEM,,TaskSuccessEvent
2026-05-13T14:46:50.415314Z,129,dc.scaffold.htb,Microsoft-Windows-TaskScheduler,Microsoft-Windows-TaskScheduler/Operational,133,4,,,,,taskhostw.exe,16384,5028,,,,,\Microsoft\Windows\Flighting\FeatureConfig\ReconcileFeatures,,,CreatedTaskProcess
2026-05-13T14:46:50.415663Z,100,dc.scaffold.htb,Microsoft-Windows-TaskScheduler,Microsoft-Windows-TaskScheduler/Operational,134,4,,,6E807DA5-07D6-4AC4-A91F-A2C4C90B3ACD,,,,,,,,,\Microsoft\Windows\Flighting\FeatureConfig\ReconcileFeatures,NT AUTHORITY\SYSTEM,,TaskStartEvent
2026-05-13T14:46:50.415666Z,200,dc.scaffold.htb,Microsoft-Windows-TaskScheduler,Microsoft-Windows-TaskScheduler/Operational,135,4,Feature Configuration Reconciliation Task Handler,5028,,,,,,,,,6E807DA5-07D6-4AC4-A91F-A2C4C90B3ACD,\Microsoft\Windows\Flighting\FeatureConfig\ReconcileFeatures,,,ActionStart
2026-05-13T14:46:50.441053Z,201,dc.scaffold.htb,Microsoft-Windows-TaskScheduler,Microsoft-Windows-TaskScheduler/Operational,136,4,Feature Configuration Reconciliation Task Handler,5028,,,,,,,0,,6E807DA5-07D6-4AC4-A91F-A2C4C90B3ACD,\Microsoft\Windows\Flighting\FeatureConfig\ReconcileFeatures,,,ActionSuccess
2026-05-13T14:46:50.441054Z,102,dc.scaffold.htb,Microsoft-Windows-TaskScheduler,Microsoft-Windows-TaskScheduler/Operational,137,4,,,6E807DA5-07D6-4AC4-A91F-A2C4C90B3ACD,,,,,,,,,\Microsoft\Windows\Flighting\FeatureConfig\ReconcileFeatures,NT AUTHORITY\SYSTEM,,TaskSuccessEvent
2026-05-13T14:46:50.523785Z,129,dc.scaffold.htb,Microsoft-Windows-TaskScheduler,Microsoft-Windows-TaskScheduler/Operational,138,4,,,,,taskhostw.exe,16384,3284,,,,,\Microsoft\Windows\Plug and Play\Device Install Group Policy,,,CreatedTaskProcess
2026-05-13T14:46:50.524381Z,100,dc.scaffold.htb,Microsoft-Windows-TaskScheduler,Microsoft-Windows-TaskScheduler/Operational,139,4,,,ABF3A23F-9C74-4046-BC67-46E8566A69DB,,,,,,,,,\Microsoft\Windows\Plug and Play\Device Install Group Policy,NT AUTHORITY\SYSTEM,,TaskStartEvent
2026-05-13T14:46:50.524383Z,200,dc.scaffold.htb,Microsoft-Windows-TaskScheduler,Microsoft-Windows-TaskScheduler/Operational,140,4,Device Installation Group Policy Task Handler,3284,,,,,,,,,ABF3A23F-9C74-4046-BC67-46E8566A69DB,\Microsoft\Windows\Plug and Play\Device Install Group Policy,,,ActionStart
2026-05-13T14:46:50.552119Z,201,dc.scaffold.htb,Microsoft-Windows-TaskScheduler,Microsoft-Windows-TaskScheduler/Operational,141,4,Device Installation Group Policy Task Handler,3284,,,,,,,0,,ABF3A23F-9C74-4046-BC67-46E8566A69DB,\Microsoft\Windows\Plug and Play\Device Install Group Policy,,,ActionSuccess
2026-05-13T14:46:50.552120Z,102,dc.scaffold.htb,Microsoft-Windows-TaskScheduler,Microsoft-Windows-TaskScheduler/Operational,142,4,,,ABF3A23F-9C74-4046-BC67-46E8566A69DB,,,,,,,,,\Microsoft\Windows\Plug and Play\Device Install Group Policy,NT AUTHORITY\SYSTEM,,TaskSuccessEvent
2026-05-13T14:46:51.468711Z,201,dc.scaffold.htb,Microsoft-Windows-TaskScheduler,Microsoft-Windows-TaskScheduler/Operational,143,4,%windir%\system32\ServerManagerLauncher.exe,4072,,,,,,,0,,039DC1D3-3912-45CF-A6FD-E07644EE8424,\Microsoft\Windows\Server Manager\ServerManager,,,ActionSuccess
2026-05-13T14:46:51.469107Z,102,dc.scaffold.htb,Microsoft-Windows-TaskScheduler,Microsoft-Windows-TaskScheduler/Operational,144,4,,,039DC1D3-3912-45CF-A6FD-E07644EE8424,,,,,,,,,\Microsoft\Windows\Server Manager\ServerManager,SCAFFOLD\Administrator,,TaskSuccessEvent
2026-05-13T14:47:19.381134Z,119,dc.scaffold.htb,Microsoft-Windows-TaskScheduler,Microsoft-Windows-TaskScheduler/Operational,145,4,,,2D921D13-3996-4815-A969-BDDB044046FA,,,,,,,,,\Microsoft\Windows\International\Synchronize Language Settings,,SCAFFOLD\Administrator,LogonTrigger
2026-05-13T14:47:19.383758Z,129,dc.scaffold.htb,Microsoft-Windows-TaskScheduler,Microsoft-Windows-TaskScheduler/Operational,146,4,,,,,taskhostw.exe,32,6532,,,,,\Microsoft\Windows\International\Synchronize Language Settings,,,CreatedTaskProcess
2026-05-13T14:47:19.383963Z,100,dc.scaffold.htb,Microsoft-Windows-TaskScheduler,Microsoft-Windows-TaskScheduler/Operational,147,4,,,2D921D13-3996-4815-A969-BDDB044046FA,,,,,,,,,\Microsoft\Windows\International\Synchronize Language Settings,SCAFFOLD\Administrator,,TaskStartEvent
2026-05-13T14:47:19.383964Z,200,dc.scaffold.htb,Microsoft-Windows-TaskScheduler,Microsoft-Windows-TaskScheduler/Operational,148,4,Sync Language Data From Cloud Task,6532,,,,,,,,,2D921D13-3996-4815-A969-BDDB044046FA,\Microsoft\Windows\International\Synchronize Language Settings,,,ActionStart
2026-05-13T14:47:24.414155Z,201,dc.scaffold.htb,Microsoft-Windows-TaskScheduler,Microsoft-Windows-TaskScheduler/Operational,149,4,Sync Language Data From Cloud Task,6532,,,,,,,0,,2D921D13-3996-4815-A969-BDDB044046FA,\Microsoft\Windows\International\Synchronize Language Settings,,,ActionSuccess
2026-05-13T14:47:24.414156Z,102,dc.scaffold.htb,Microsoft-Windows-TaskScheduler,Microsoft-Windows-TaskScheduler/Operational,150,4,,,2D921D13-3996-4815-A969-BDDB044046FA,,,,,,,,,\Microsoft\Windows\International\Synchronize Language Settings,SCAFFOLD\Administrator,,TaskSuccessEvent
2026-05-13T14:47:49.404956Z,119,dc.scaffold.htb,Microsoft-Windows-TaskScheduler,Microsoft-Windows-TaskScheduler/Operational,151,4,,,16BA56D5-1A89-472A-B669-887709153167,,,,,,,,,\Microsoft\Windows\Workplace Join\Automatic-Device-Join,,SCAFFOLD\Administrator,LogonTrigger
2026-05-13T14:47:49.406829Z,129,dc.scaffold.htb,Microsoft-Windows-TaskScheduler,Microsoft-Windows-TaskScheduler/Operational,152,4,,,,,%SystemRoot%\System32\dsregcmd.exe,16384,6828,,,,,\Microsoft\Windows\Workplace Join\Automatic-Device-Join,,,CreatedTaskProcess
2026-05-13T14:47:49.406929Z,100,dc.scaffold.htb,Microsoft-Windows-TaskScheduler,Microsoft-Windows-TaskScheduler/Operational,153,4,,,16BA56D5-1A89-472A-B669-887709153167,,,,,,,,,\Microsoft\Windows\Workplace Join\Automatic-Device-Join,NT AUTHORITY\SYSTEM,,TaskStartEvent
2026-05-13T14:47:49.406930Z,200,dc.scaffold.htb,Microsoft-Windows-TaskScheduler,Microsoft-Windows-TaskScheduler/Operational,154,4,%SystemRoot%\System32\dsregcmd.exe,6828,,,,,,,,,16BA56D5-1A89-472A-B669-887709153167,\Microsoft\Windows\Workplace Join\Automatic-Device-Join,,,ActionStart
2026-05-13T14:47:49.454406Z,201,dc.scaffold.htb,Microsoft-Windows-TaskScheduler,Microsoft-Windows-TaskScheduler/Operational,155,4,%SystemRoot%\System32\dsregcmd.exe,6828,,,,,,,2147942401,,16BA56D5-1A89-472A-B669-887709153167,\Microsoft\Windows\Workplace Join\Automatic-Device-Join,,,ActionSuccess
2026-05-13T14:47:49.454502Z,102,dc.scaffold.htb,Microsoft-Windows-TaskScheduler,Microsoft-Windows-TaskScheduler/Operational,156,4,,,16BA56D5-1A89-472A-B669-887709153167,,,,,,,,,\Microsoft\Windows\Workplace Join\Automatic-Device-Join,NT AUTHORITY\SYSTEM,,TaskSuccessEvent
2026-05-13T14:48:05.087876Z,325,dc.scaffold.htb,Microsoft-Windows-TaskScheduler,Microsoft-Windows-TaskScheduler/Operational,157,3,,,,,,,,6EDEDC8D-CF65-4D48-8064-B51C4A4BECD9,,,,\Microsoft\Windows\.NET Framework\.NET Framework NGEN v4.0.30319,,,TaskInstanceQueued
2026-05-13T14:48:05.088009Z,110,dc.scaffold.htb,Microsoft-Windows-TaskScheduler,Microsoft-Windows-TaskScheduler/Operational,158,4,,,6EDEDC8D-CF65-4D48-8064-B51C4A4BECD9,,,,,,,,,\Microsoft\Windows\.NET Framework\.NET Framework NGEN v4.0.30319,System,,TaskRunEvent
2026-05-13T14:48:05.184475Z,325,dc.scaffold.htb,Microsoft-Windows-TaskScheduler,Microsoft-Windows-TaskScheduler/Operational,159,3,,,,,,,,04160916-E11F-4421-8D3A-FA6C905DF90C,,,,\Microsoft\Windows\.NET Framework\.NET Framework NGEN v4.0.30319 64,,,TaskInstanceQueued
2026-05-13T14:48:05.184674Z,110,dc.scaffold.htb,Microsoft-Windows-TaskScheduler,Microsoft-Windows-TaskScheduler/Operational,160,4,,,04160916-E11F-4421-8D3A-FA6C905DF90C,,,,,,,,,\Microsoft\Windows\.NET Framework\.NET Framework NGEN v4.0.30319 64,System,,TaskRunEvent
2026-05-13T14:51:50.080930Z,129,dc.scaffold.htb,Microsoft-Windows-TaskScheduler,Microsoft-Windows-TaskScheduler/Operational,161,4,,,,,taskhostw.exe,16384,5784,,,,,\Microsoft\Windows\CertificateServicesClient\SystemTask,,,CreatedTaskProcess
2026-05-13T14:51:50.081425Z,100,dc.scaffold.htb,Microsoft-Windows-TaskScheduler,Microsoft-Windows-TaskScheduler/Operational,162,4,,,019EB1F2-17B3-4C98-BF09-8DC139CFBC97,,,,,,,,,\Microsoft\Windows\CertificateServicesClient\SystemTask,NT AUTHORITY\SYSTEM,,TaskStartEvent
2026-05-13T14:51:50.081426Z,200,dc.scaffold.htb,Microsoft-Windows-TaskScheduler,Microsoft-Windows-TaskScheduler/Operational,163,4,Certificate Services Client Task Handler,5784,,,,,,,,,019EB1F2-17B3-4C98-BF09-8DC139CFBC97,\Microsoft\Windows\CertificateServicesClient\SystemTask,,,ActionStart
2026-05-13T14:51:50.081794Z,100,dc.scaffold.htb,Microsoft-Windows-TaskScheduler,Microsoft-Windows-TaskScheduler/Operational,164,4,,,7578D661-B2F4-4410-B7FB-303FAE304398,,,,,,,,,\Microsoft\Windows\Flighting\FeatureConfig\ReconcileFeatures,NT AUTHORITY\SYSTEM,,TaskStartEvent
2026-05-13T14:51:50.081795Z,200,dc.scaffold.htb,Microsoft-Windows-TaskScheduler,Microsoft-Windows-TaskScheduler/Operational,165,4,Feature Configuration Reconciliation Task Handler,5784,,,,,,,,,7578D661-B2F4-4410-B7FB-303FAE304398,\Microsoft\Windows\Flighting\FeatureConfig\ReconcileFeatures,,,ActionStart
2026-05-13T14:51:50.129914Z,201,dc.scaffold.htb,Microsoft-Windows-TaskScheduler,Microsoft-Windows-TaskScheduler/Operational,166,4,Feature Configuration Reconciliation Task Handler,5784,,,,,,,0,,7578D661-B2F4-4410-B7FB-303FAE304398,\Microsoft\Windows\Flighting\FeatureConfig\ReconcileFeatures,,,ActionSuccess
2026-05-13T14:51:50.129915Z,102,dc.scaffold.htb,Microsoft-Windows-TaskScheduler,Microsoft-Windows-TaskScheduler/Operational,167,4,,,7578D661-B2F4-4410-B7FB-303FAE304398,,,,,,,,,\Microsoft\Windows\Flighting\FeatureConfig\ReconcileFeatures,NT AUTHORITY\SYSTEM,,TaskSuccessEvent
2026-05-13T14:51:50.183457Z,100,dc.scaffold.htb,Microsoft-Windows-TaskScheduler,Microsoft-Windows-TaskScheduler/Operational,168,4,,,D8405558-CE9A-416A-B01C-7DFF94326795,,,,,,,,,\Microsoft\Windows\Plug and Play\Device Install Group Policy,NT AUTHORITY\SYSTEM,,TaskStartEvent
2026-05-13T14:51:50.183459Z,200,dc.scaffold.htb,Microsoft-Windows-TaskScheduler,Microsoft-Windows-TaskScheduler/Operational,169,4,Device Installation Group Policy Task Handler,5784,,,,,,,,,D8405558-CE9A-416A-B01C-7DFF94326795,\Microsoft\Windows\Plug and Play\Device Install Group Policy,,,ActionStart
2026-05-13T14:51:50.183741Z,100,dc.scaffold.htb,Microsoft-Windows-TaskScheduler,Microsoft-Windows-TaskScheduler/Operational,170,4,,,793D77BC-2D38-4857-AE0A-D031FD87728B,,,,,,,,,\Microsoft\Windows\ExploitGuard\ExploitGuard MDM policy Refresh,NT AUTHORITY\SYSTEM,,TaskStartEvent
2026-05-13T14:51:50.183743Z,200,dc.scaffold.htb,Microsoft-Windows-TaskScheduler,Microsoft-Windows-TaskScheduler/Operational,171,4,,5784,,,,,,,,,793D77BC-2D38-4857-AE0A-D031FD87728B,\Microsoft\Windows\ExploitGuard\ExploitGuard MDM policy Refresh,,,ActionStart
2026-05-13T14:51:50.190974Z,201,dc.scaffold.htb,Microsoft-Windows-TaskScheduler,Microsoft-Windows-TaskScheduler/Operational,172,4,,5784,,,,,,,0,,793D77BC-2D38-4857-AE0A-D031FD87728B,\Microsoft\Windows\ExploitGuard\ExploitGuard MDM policy Refresh,,,ActionSuccess
2026-05-13T14:51:50.190975Z,102,dc.scaffold.htb,Microsoft-Windows-TaskScheduler,Microsoft-Windows-TaskScheduler/Operational,173,4,,,793D77BC-2D38-4857-AE0A-D031FD87728B,,,,,,,,,\Microsoft\Windows\ExploitGuard\ExploitGuard MDM policy Refresh,NT AUTHORITY\SYSTEM,,TaskSuccessEvent
2026-05-13T14:51:50.200766Z,201,dc.scaffold.htb,Microsoft-Windows-TaskScheduler,Microsoft-Windows-TaskScheduler/Operational,174,4,Device Installation Group Policy Task Handler,5784,,,,,,,0,,D8405558-CE9A-416A-B01C-7DFF94326795,\Microsoft\Windows\Plug and Play\Device Install Group Policy,,,ActionSuccess
2026-05-13T14:51:50.200767Z,102,dc.scaffold.htb,Microsoft-Windows-TaskScheduler,Microsoft-Windows-TaskScheduler/Operational,175,4,,,D8405558-CE9A-416A-B01C-7DFF94326795,,,,,,,,,\Microsoft\Windows\Plug and Play\Device Install Group Policy,NT AUTHORITY\SYSTEM,,TaskSuccessEvent
2026-05-13T14:51:50.381554Z,201,dc.scaffold.htb,Microsoft-Windows-TaskScheduler,Microsoft-Windows-TaskScheduler/Operational,176,4,Certificate Services Client Task Handler,5784,,,,,,,0,,019EB1F2-17B3-4C98-BF09-8DC139CFBC97,\Microsoft\Windows\CertificateServicesClient\SystemTask,,,ActionSuccess
2026-05-13T14:51:50.381555Z,102,dc.scaffold.htb,Microsoft-Windows-TaskScheduler,Microsoft-Windows-TaskScheduler/Operational,177,4,,,019EB1F2-17B3-4C98-BF09-8DC139CFBC97,,,,,,,,,\Microsoft\Windows\CertificateServicesClient\SystemTask,NT AUTHORITY\SYSTEM,,TaskSuccessEvent
2026-05-13T14:53:42.982730Z,118,dc.scaffold.htb,Microsoft-Windows-TaskScheduler,Microsoft-Windows-TaskScheduler/Operational,178,4,,,AF28E03F-82D1-4EAD-9AAC-B688D68CD718,,,,,,,,,\Microsoft\Windows\.NET Framework\.NET Framework NGEN v4.0.30319 64,,,BootTrigger
2026-05-13T14:53:42.984589Z,129,dc.scaffold.htb,Microsoft-Windows-TaskScheduler,Microsoft-Windows-TaskScheduler/Operational,179,4,,,,,taskhostw.exe,16384,6060,,,,,\Microsoft\Windows\.NET Framework\.NET Framework NGEN v4.0.30319 64,,,CreatedTaskProcess
2026-05-13T14:53:42.984926Z,100,dc.scaffold.htb,Microsoft-Windows-TaskScheduler,Microsoft-Windows-TaskScheduler/Operational,180,4,,,AF28E03F-82D1-4EAD-9AAC-B688D68CD718,,,,,,,,,\Microsoft\Windows\.NET Framework\.NET Framework NGEN v4.0.30319 64,NT AUTHORITY\SYSTEM,,TaskStartEvent
2026-05-13T14:53:42.984928Z,200,dc.scaffold.htb,Microsoft-Windows-TaskScheduler,Microsoft-Windows-TaskScheduler/Operational,181,4,,6060,,,,,,,,,AF28E03F-82D1-4EAD-9AAC-B688D68CD718,\Microsoft\Windows\.NET Framework\.NET Framework NGEN v4.0.30319 64,,,ActionStart
2026-05-13T14:53:42.985319Z,322,dc.scaffold.htb,Microsoft-Windows-TaskScheduler,Microsoft-Windows-TaskScheduler/Operational,182,3,,,,,,,,,,,AF28E03F-82D1-4EAD-9AAC-B688D68CD718,\Microsoft\Windows\.NET Framework\.NET Framework NGEN v4.0.30319 64,,,NewInstanceIgnored
2026-05-13T14:53:42.985552Z,118,dc.scaffold.htb,Microsoft-Windows-TaskScheduler,Microsoft-Windows-TaskScheduler/Operational,183,4,,,5257AE5A-1EED-4EB9-B46F-CA5313228B87,,,,,,,,,\Microsoft\Windows\.NET Framework\.NET Framework NGEN v4.0.30319,,,BootTrigger
2026-05-13T14:53:42.985770Z,100,dc.scaffold.htb,Microsoft-Windows-TaskScheduler,Microsoft-Windows-TaskScheduler/Operational,184,4,,,5257AE5A-1EED-4EB9-B46F-CA5313228B87,,,,,,,,,\Microsoft\Windows\.NET Framework\.NET Framework NGEN v4.0.30319,NT AUTHORITY\SYSTEM,,TaskStartEvent
