2026-05-23T11:32:50.692001Z,325,dc.scaffold.htb,Microsoft-Windows-TaskScheduler,Microsoft-Windows-TaskScheduler/Operational,5235,3,,,,,,,,CCA458CB-1620-4787-8C27-F4FEE65B0BFE,,,,\Microsoft\Windows\.NET Framework\.NET Framework NGEN v4.0.30319 64,,,TaskInstanceQueued
2026-05-23T11:32:50.692102Z,110,dc.scaffold.htb,Microsoft-Windows-TaskScheduler,Microsoft-Windows-TaskScheduler/Operational,5236,4,,,CCA458CB-1620-4787-8C27-F4FEE65B0BFE,,,,,,,,,\Microsoft\Windows\.NET Framework\.NET Framework NGEN v4.0.30319 64,System,,TaskRunEvent
2026-05-23T11:32:50.739703Z,325,dc.scaffold.htb,Microsoft-Windows-TaskScheduler,Microsoft-Windows-TaskScheduler/Operational,5237,3,,,,,,,,CC74CC3F-0C05-4E89-AA2C-D22A075D21E0,,,,\Microsoft\Windows\.NET Framework\.NET Framework NGEN v4.0.30319 64,,,TaskInstanceQueued
2026-05-23T11:32:50.739802Z,110,dc.scaffold.htb,Microsoft-Windows-TaskScheduler,Microsoft-Windows-TaskScheduler/Operational,5238,4,,,CC74CC3F-0C05-4E89-AA2C-D22A075D21E0,,,,,,,,,\Microsoft\Windows\.NET Framework\.NET Framework NGEN v4.0.30319 64,System,,TaskRunEvent
2026-05-23T11:32:50.786815Z,325,dc.scaffold.htb,Microsoft-Windows-TaskScheduler,Microsoft-Windows-TaskScheduler/Operational,5239,3,,,,,,,,F70141CA-11C8-44E9-B750-CAB333235C24,,,,\Microsoft\Windows\.NET Framework\.NET Framework NGEN v4.0.30319 64,,,TaskInstanceQueued
2026-05-23T11:32:50.786914Z,110,dc.scaffold.htb,Microsoft-Windows-TaskScheduler,Microsoft-Windows-TaskScheduler/Operational,5240,4,,,F70141CA-11C8-44E9-B750-CAB333235C24,,,,,,,,,\Microsoft\Windows\.NET Framework\.NET Framework NGEN v4.0.30319 64,System,,TaskRunEvent
2026-05-23T11:32:50.836641Z,325,dc.scaffold.htb,Microsoft-Windows-TaskScheduler,Microsoft-Windows-TaskScheduler/Operational,5241,3,,,,,,,,6A2BCDD2-2BC1-4F54-91B3-A75F7CC01921,,,,\Microsoft\Windows\.NET Framework\.NET Framework NGEN v4.0.30319 64,,,TaskInstanceQueued
2026-05-23T11:32:50.836741Z,110,dc.scaffold.htb,Microsoft-Windows-TaskScheduler,Microsoft-Windows-TaskScheduler/Operational,5242,4,,,6A2BCDD2-2BC1-4F54-91B3-A75F7CC01921,,,,,,,,,\Microsoft\Windows\.NET Framework\.NET Framework NGEN v4.0.30319 64,System,,TaskRunEvent
2026-05-23T11:32:50.886697Z,325,dc.scaffold.htb,Microsoft-Windows-TaskScheduler,Microsoft-Windows-TaskScheduler/Operational,5243,3,,,,,,,,EE962263-6E28-47C9-A1C6-6FA3C2F1CF17,,,,\Microsoft\Windows\.NET Framework\.NET Framework NGEN v4.0.30319 64,,,TaskInstanceQueued
2026-05-23T11:32:50.886810Z,110,dc.scaffold.htb,Microsoft-Windows-TaskScheduler,Microsoft-Windows-TaskScheduler/Operational,5244,4,,,EE962263-6E28-47C9-A1C6-6FA3C2F1CF17,,,,,,,,,\Microsoft\Windows\.NET Framework\.NET Framework NGEN v4.0.30319 64,System,,TaskRunEvent
2026-05-23T11:32:50.938378Z,325,dc.scaffold.htb,Microsoft-Windows-TaskScheduler,Microsoft-Windows-TaskScheduler/Operational,5245,3,,,,,,,,9C222B64-8ADC-4D35-931E-3365F63851CE,,,,\Microsoft\Windows\.NET Framework\.NET Framework NGEN v4.0.30319 64,,,TaskInstanceQueued
2026-05-23T11:32:50.938535Z,110,dc.scaffold.htb,Microsoft-Windows-TaskScheduler,Microsoft-Windows-TaskScheduler/Operational,5246,4,,,9C222B64-8ADC-4D35-931E-3365F63851CE,,,,,,,,,\Microsoft\Windows\.NET Framework\.NET Framework NGEN v4.0.30319 64,System,,TaskRunEvent
2026-05-23T11:32:50.987709Z,325,dc.scaffold.htb,Microsoft-Windows-TaskScheduler,Microsoft-Windows-TaskScheduler/Operational,5247,3,,,,,,,,C94977C2-17D3-4A72-895B-116C1476E76C,,,,\Microsoft\Windows\.NET Framework\.NET Framework NGEN v4.0.30319 64,,,TaskInstanceQueued
2026-05-23T11:32:50.987811Z,110,dc.scaffold.htb,Microsoft-Windows-TaskScheduler,Microsoft-Windows-TaskScheduler/Operational,5248,4,,,C94977C2-17D3-4A72-895B-116C1476E76C,,,,,,,,,\Microsoft\Windows\.NET Framework\.NET Framework NGEN v4.0.30319 64,System,,TaskRunEvent
2026-05-23T11:32:51.038187Z,325,dc.scaffold.htb,Microsoft-Windows-TaskScheduler,Microsoft-Windows-TaskScheduler/Operational,5249,3,,,,,,,,927A1BEF-0D59-4B4A-BD62-558340A6425A,,,,\Microsoft\Windows\.NET Framework\.NET Framework NGEN v4.0.30319 64,,,TaskInstanceQueued
2026-05-23T11:32:51.038301Z,110,dc.scaffold.htb,Microsoft-Windows-TaskScheduler,Microsoft-Windows-TaskScheduler/Operational,5250,4,,,927A1BEF-0D59-4B4A-BD62-558340A6425A,,,,,,,,,\Microsoft\Windows\.NET Framework\.NET Framework NGEN v4.0.30319 64,System,,TaskRunEvent
2026-05-23T11:32:51.087934Z,325,dc.scaffold.htb,Microsoft-Windows-TaskScheduler,Microsoft-Windows-TaskScheduler/Operational,5251,3,,,,,,,,CCCBE59F-5EA4-4D71-B974-BCEB87F6DD83,,,,\Microsoft\Windows\.NET Framework\.NET Framework NGEN v4.0.30319 64,,,TaskInstanceQueued
2026-05-23T11:32:51.088040Z,110,dc.scaffold.htb,Microsoft-Windows-TaskScheduler,Microsoft-Windows-TaskScheduler/Operational,5252,4,,,CCCBE59F-5EA4-4D71-B974-BCEB87F6DD83,,,,,,,,,\Microsoft\Windows\.NET Framework\.NET Framework NGEN v4.0.30319 64,System,,TaskRunEvent
2026-05-23T11:32:51.137692Z,325,dc.scaffold.htb,Microsoft-Windows-TaskScheduler,Microsoft-Windows-TaskScheduler/Operational,5253,3,,,,,,,,EF303F1A-BE14-46D5-A255-F0C6D8B52E61,,,,\Microsoft\Windows\.NET Framework\.NET Framework NGEN v4.0.30319 64,,,TaskInstanceQueued
2026-05-23T11:32:51.137801Z,110,dc.scaffold.htb,Microsoft-Windows-TaskScheduler,Microsoft-Windows-TaskScheduler/Operational,5254,4,,,EF303F1A-BE14-46D5-A255-F0C6D8B52E61,,,,,,,,,\Microsoft\Windows\.NET Framework\.NET Framework NGEN v4.0.30319 64,System,,TaskRunEvent
2026-05-23T11:32:51.210983Z,325,dc.scaffold.htb,Microsoft-Windows-TaskScheduler,Microsoft-Windows-TaskScheduler/Operational,5255,3,,,,,,,,3B56691B-CD0A-4772-8B33-C7754048E452,,,,\Microsoft\Windows\.NET Framework\.NET Framework NGEN v4.0.30319 64,,,TaskInstanceQueued
2026-05-23T11:32:51.211082Z,110,dc.scaffold.htb,Microsoft-Windows-TaskScheduler,Microsoft-Windows-TaskScheduler/Operational,5256,4,,,3B56691B-CD0A-4772-8B33-C7754048E452,,,,,,,,,\Microsoft\Windows\.NET Framework\.NET Framework NGEN v4.0.30319 64,System,,TaskRunEvent
2026-05-23T11:32:51.262505Z,325,dc.scaffold.htb,Microsoft-Windows-TaskScheduler,Microsoft-Windows-TaskScheduler/Operational,5257,3,,,,,,,,E1EEC072-F199-4971-B8BA-86CCB487B6CE,,,,\Microsoft\Windows\.NET Framework\.NET Framework NGEN v4.0.30319 64,,,TaskInstanceQueued
2026-05-23T11:32:51.262608Z,110,dc.scaffold.htb,Microsoft-Windows-TaskScheduler,Microsoft-Windows-TaskScheduler/Operational,5258,4,,,E1EEC072-F199-4971-B8BA-86CCB487B6CE,,,,,,,,,\Microsoft\Windows\.NET Framework\.NET Framework NGEN v4.0.30319 64,System,,TaskRunEvent
2026-05-23T11:32:51.314295Z,325,dc.scaffold.htb,Microsoft-Windows-TaskScheduler,Microsoft-Windows-TaskScheduler/Operational,5259,3,,,,,,,,033FA999-A4A8-4802-B384-1BC6B829B8EC,,,,\Microsoft\Windows\.NET Framework\.NET Framework NGEN v4.0.30319 64,,,TaskInstanceQueued
2026-05-23T11:32:51.314403Z,110,dc.scaffold.htb,Microsoft-Windows-TaskScheduler,Microsoft-Windows-TaskScheduler/Operational,5260,4,,,033FA999-A4A8-4802-B384-1BC6B829B8EC,,,,,,,,,\Microsoft\Windows\.NET Framework\.NET Framework NGEN v4.0.30319 64,System,,TaskRunEvent
2026-05-23T11:32:51.365240Z,325,dc.scaffold.htb,Microsoft-Windows-TaskScheduler,Microsoft-Windows-TaskScheduler/Operational,5261,3,,,,,,,,732551F0-0FEF-4EC5-9C64-54DDF32C8A13,,,,\Microsoft\Windows\.NET Framework\.NET Framework NGEN v4.0.30319 64,,,TaskInstanceQueued
2026-05-23T11:32:51.365346Z,110,dc.scaffold.htb,Microsoft-Windows-TaskScheduler,Microsoft-Windows-TaskScheduler/Operational,5262,4,,,732551F0-0FEF-4EC5-9C64-54DDF32C8A13,,,,,,,,,\Microsoft\Windows\.NET Framework\.NET Framework NGEN v4.0.30319 64,System,,TaskRunEvent
2026-05-23T11:32:51.419769Z,325,dc.scaffold.htb,Microsoft-Windows-TaskScheduler,Microsoft-Windows-TaskScheduler/Operational,5263,3,,,,,,,,8F02B730-4148-4514-8396-EDF974B1221C,,,,\Microsoft\Windows\.NET Framework\.NET Framework NGEN v4.0.30319 64,,,TaskInstanceQueued
2026-05-23T11:32:51.419944Z,110,dc.scaffold.htb,Microsoft-Windows-TaskScheduler,Microsoft-Windows-TaskScheduler/Operational,5264,4,,,8F02B730-4148-4514-8396-EDF974B1221C,,,,,,,,,\Microsoft\Windows\.NET Framework\.NET Framework NGEN v4.0.30319 64,System,,TaskRunEvent
2026-05-23T11:32:51.515944Z,325,dc.scaffold.htb,Microsoft-Windows-TaskScheduler,Microsoft-Windows-TaskScheduler/Operational,5265,3,,,,,,,,B016E6FC-D5E9-45C9-A5A8-BD02B380B1FB,,,,\Microsoft\Windows\.NET Framework\.NET Framework NGEN v4.0.30319 64,,,TaskInstanceQueued
2026-05-23T11:32:51.516071Z,110,dc.scaffold.htb,Microsoft-Windows-TaskScheduler,Microsoft-Windows-TaskScheduler/Operational,5266,4,,,B016E6FC-D5E9-45C9-A5A8-BD02B380B1FB,,,,,,,,,\Microsoft\Windows\.NET Framework\.NET Framework NGEN v4.0.30319 64,System,,TaskRunEvent
2026-05-23T11:32:51.581278Z,325,dc.scaffold.htb,Microsoft-Windows-TaskScheduler,Microsoft-Windows-TaskScheduler/Operational,5267,3,,,,,,,,51D2A1CC-3EE5-4E46-B844-1A1C0C0967A2,,,,\Microsoft\Windows\.NET Framework\.NET Framework NGEN v4.0.30319 64,,,TaskInstanceQueued
2026-05-23T11:32:51.581495Z,110,dc.scaffold.htb,Microsoft-Windows-TaskScheduler,Microsoft-Windows-TaskScheduler/Operational,5268,4,,,51D2A1CC-3EE5-4E46-B844-1A1C0C0967A2,,,,,,,,,\Microsoft\Windows\.NET Framework\.NET Framework NGEN v4.0.30319 64,System,,TaskRunEvent
2026-05-23T11:32:51.650971Z,325,dc.scaffold.htb,Microsoft-Windows-TaskScheduler,Microsoft-Windows-TaskScheduler/Operational,5269,3,,,,,,,,86027006-3255-42C7-8D0D-EDC812D27489,,,,\Microsoft\Windows\.NET Framework\.NET Framework NGEN v4.0.30319 64,,,TaskInstanceQueued
2026-05-23T11:32:51.651099Z,110,dc.scaffold.htb,Microsoft-Windows-TaskScheduler,Microsoft-Windows-TaskScheduler/Operational,5270,4,,,86027006-3255-42C7-8D0D-EDC812D27489,,,,,,,,,\Microsoft\Windows\.NET Framework\.NET Framework NGEN v4.0.30319 64,System,,TaskRunEvent
2026-05-23T11:32:51.704674Z,325,dc.scaffold.htb,Microsoft-Windows-TaskScheduler,Microsoft-Windows-TaskScheduler/Operational,5271,3,,,,,,,,08DD1E8C-FC9C-4D66-B7F2-91416F0E275B,,,,\Microsoft\Windows\.NET Framework\.NET Framework NGEN v4.0.30319 64,,,TaskInstanceQueued
2026-05-23T11:32:51.704792Z,110,dc.scaffold.htb,Microsoft-Windows-TaskScheduler,Microsoft-Windows-TaskScheduler/Operational,5272,4,,,08DD1E8C-FC9C-4D66-B7F2-91416F0E275B,,,,,,,,,\Microsoft\Windows\.NET Framework\.NET Framework NGEN v4.0.30319 64,System,,TaskRunEvent
2026-05-23T11:32:51.757850Z,325,dc.scaffold.htb,Microsoft-Windows-TaskScheduler,Microsoft-Windows-TaskScheduler/Operational,5273,3,,,,,,,,3252CAE2-ACBA-4A97-88C0-0D4DF5758FBB,,,,\Microsoft\Windows\.NET Framework\.NET Framework NGEN v4.0.30319 64,,,TaskInstanceQueued
2026-05-23T11:32:51.757956Z,110,dc.scaffold.htb,Microsoft-Windows-TaskScheduler,Microsoft-Windows-TaskScheduler/Operational,5274,4,,,3252CAE2-ACBA-4A97-88C0-0D4DF5758FBB,,,,,,,,,\Microsoft\Windows\.NET Framework\.NET Framework NGEN v4.0.30319 64,System,,TaskRunEvent
2026-05-23T11:32:51.819130Z,325,dc.scaffold.htb,Microsoft-Windows-TaskScheduler,Microsoft-Windows-TaskScheduler/Operational,5275,3,,,,,,,,CCB0AE13-6203-452C-B97A-CAE3CA81B938,,,,\Microsoft\Windows\.NET Framework\.NET Framework NGEN v4.0.30319 64,,,TaskInstanceQueued
2026-05-23T11:32:51.819236Z,110,dc.scaffold.htb,Microsoft-Windows-TaskScheduler,Microsoft-Windows-TaskScheduler/Operational,5276,4,,,CCB0AE13-6203-452C-B97A-CAE3CA81B938,,,,,,,,,\Microsoft\Windows\.NET Framework\.NET Framework NGEN v4.0.30319 64,System,,TaskRunEvent
2026-05-23T11:32:51.871500Z,325,dc.scaffold.htb,Microsoft-Windows-TaskScheduler,Microsoft-Windows-TaskScheduler/Operational,5277,3,,,,,,,,02FE9371-D455-48D3-A80D-14C2D093AA96,,,,\Microsoft\Windows\.NET Framework\.NET Framework NGEN v4.0.30319 64,,,TaskInstanceQueued
2026-05-23T11:32:51.871656Z,110,dc.scaffold.htb,Microsoft-Windows-TaskScheduler,Microsoft-Windows-TaskScheduler/Operational,5278,4,,,02FE9371-D455-48D3-A80D-14C2D093AA96,,,,,,,,,\Microsoft\Windows\.NET Framework\.NET Framework NGEN v4.0.30319 64,System,,TaskRunEvent
2026-05-23T11:32:51.920591Z,325,dc.scaffold.htb,Microsoft-Windows-TaskScheduler,Microsoft-Windows-TaskScheduler/Operational,5279,3,,,,,,,,9BD361D1-8E54-4D20-9372-7E35EE6C1BC7,,,,\Microsoft\Windows\.NET Framework\.NET Framework NGEN v4.0.30319 64,,,TaskInstanceQueued
2026-05-23T11:32:51.920693Z,110,dc.scaffold.htb,Microsoft-Windows-TaskScheduler,Microsoft-Windows-TaskScheduler/Operational,5280,4,,,9BD361D1-8E54-4D20-9372-7E35EE6C1BC7,,,,,,,,,\Microsoft\Windows\.NET Framework\.NET Framework NGEN v4.0.30319 64,System,,TaskRunEvent
2026-05-23T11:32:51.969542Z,325,dc.scaffold.htb,Microsoft-Windows-TaskScheduler,Microsoft-Windows-TaskScheduler/Operational,5281,3,,,,,,,,FBAB5F47-3696-4AFD-B635-4D0B4D43EBAE,,,,\Microsoft\Windows\.NET Framework\.NET Framework NGEN v4.0.30319 64,,,TaskInstanceQueued
2026-05-23T11:32:51.969650Z,110,dc.scaffold.htb,Microsoft-Windows-TaskScheduler,Microsoft-Windows-TaskScheduler/Operational,5282,4,,,FBAB5F47-3696-4AFD-B635-4D0B4D43EBAE,,,,,,,,,\Microsoft\Windows\.NET Framework\.NET Framework NGEN v4.0.30319 64,System,,TaskRunEvent
2026-05-23T11:32:52.015613Z,325,dc.scaffold.htb,Microsoft-Windows-TaskScheduler,Microsoft-Windows-TaskScheduler/Operational,5283,3,,,,,,,,9926AFD7-61E9-483D-B9C8-D82CC2389250,,,,\Microsoft\Windows\.NET Framework\.NET Framework NGEN v4.0.30319 64,,,TaskInstanceQueued
2026-05-23T11:32:52.015728Z,110,dc.scaffold.htb,Microsoft-Windows-TaskScheduler,Microsoft-Windows-TaskScheduler/Operational,5284,4,,,9926AFD7-61E9-483D-B9C8-D82CC2389250,,,,,,,,,\Microsoft\Windows\.NET Framework\.NET Framework NGEN v4.0.30319 64,System,,TaskRunEvent
2026-05-23T11:32:52.067105Z,325,dc.scaffold.htb,Microsoft-Windows-TaskScheduler,Microsoft-Windows-TaskScheduler/Operational,5285,3,,,,,,,,FC415ADA-802A-4193-AAFA-83EB85F0769D,,,,\Microsoft\Windows\.NET Framework\.NET Framework NGEN v4.0.30319 64,,,TaskInstanceQueued
2026-05-23T11:32:52.067220Z,110,dc.scaffold.htb,Microsoft-Windows-TaskScheduler,Microsoft-Windows-TaskScheduler/Operational,5286,4,,,FC415ADA-802A-4193-AAFA-83EB85F0769D,,,,,,,,,\Microsoft\Windows\.NET Framework\.NET Framework NGEN v4.0.30319 64,System,,TaskRunEvent
2026-05-23T11:32:52.117725Z,325,dc.scaffold.htb,Microsoft-Windows-TaskScheduler,Microsoft-Windows-TaskScheduler/Operational,5287,3,,,,,,,,27C2A60D-9059-4F79-B052-0F928D2F10EB,,,,\Microsoft\Windows\.NET Framework\.NET Framework NGEN v4.0.30319 64,,,TaskInstanceQueued
2026-05-23T11:32:52.117823Z,110,dc.scaffold.htb,Microsoft-Windows-TaskScheduler,Microsoft-Windows-TaskScheduler/Operational,5288,4,,,27C2A60D-9059-4F79-B052-0F928D2F10EB,,,,,,,,,\Microsoft\Windows\.NET Framework\.NET Framework NGEN v4.0.30319 64,System,,TaskRunEvent
2026-05-23T11:32:52.169779Z,325,dc.scaffold.htb,Microsoft-Windows-TaskScheduler,Microsoft-Windows-TaskScheduler/Operational,5289,3,,,,,,,,1AB6F949-F9E5-449A-A238-F6D826027022,,,,\Microsoft\Windows\.NET Framework\.NET Framework NGEN v4.0.30319 64,,,TaskInstanceQueued
2026-05-23T11:32:52.169880Z,110,dc.scaffold.htb,Microsoft-Windows-TaskScheduler,Microsoft-Windows-TaskScheduler/Operational,5290,4,,,1AB6F949-F9E5-449A-A238-F6D826027022,,,,,,,,,\Microsoft\Windows\.NET Framework\.NET Framework NGEN v4.0.30319 64,System,,TaskRunEvent
2026-05-23T11:32:52.217019Z,325,dc.scaffold.htb,Microsoft-Windows-TaskScheduler,Microsoft-Windows-TaskScheduler/Operational,5291,3,,,,,,,,E0A1FB18-7C13-45CA-BD0F-4352474B1FC8,,,,\Microsoft\Windows\.NET Framework\.NET Framework NGEN v4.0.30319 64,,,TaskInstanceQueued
2026-05-23T11:32:52.217118Z,110,dc.scaffold.htb,Microsoft-Windows-TaskScheduler,Microsoft-Windows-TaskScheduler/Operational,5292,4,,,E0A1FB18-7C13-45CA-BD0F-4352474B1FC8,,,,,,,,,\Microsoft\Windows\.NET Framework\.NET Framework NGEN v4.0.30319 64,System,,TaskRunEvent
2026-05-23T11:32:52.265534Z,325,dc.scaffold.htb,Microsoft-Windows-TaskScheduler,Microsoft-Windows-TaskScheduler/Operational,5293,3,,,,,,,,AB44E0FB-CF0B-4076-A330-5B9B3D832AE4,,,,\Microsoft\Windows\.NET Framework\.NET Framework NGEN v4.0.30319 64,,,TaskInstanceQueued
2026-05-23T11:32:52.265631Z,110,dc.scaffold.htb,Microsoft-Windows-TaskScheduler,Microsoft-Windows-TaskScheduler/Operational,5294,4,,,AB44E0FB-CF0B-4076-A330-5B9B3D832AE4,,,,,,,,,\Microsoft\Windows\.NET Framework\.NET Framework NGEN v4.0.30319 64,System,,TaskRunEvent
2026-05-23T11:32:52.313133Z,325,dc.scaffold.htb,Microsoft-Windows-TaskScheduler,Microsoft-Windows-TaskScheduler/Operational,5295,3,,,,,,,,1D8A5DB2-E6EA-409E-B0D7-6D363B374365,,,,\Microsoft\Windows\.NET Framework\.NET Framework NGEN v4.0.30319 64,,,TaskInstanceQueued
2026-05-23T11:32:52.313246Z,110,dc.scaffold.htb,Microsoft-Windows-TaskScheduler,Microsoft-Windows-TaskScheduler/Operational,5296,4,,,1D8A5DB2-E6EA-409E-B0D7-6D363B374365,,,,,,,,,\Microsoft\Windows\.NET Framework\.NET Framework NGEN v4.0.30319 64,System,,TaskRunEvent
2026-05-23T11:32:52.358481Z,325,dc.scaffold.htb,Microsoft-Windows-TaskScheduler,Microsoft-Windows-TaskScheduler/Operational,5297,3,,,,,,,,8EBEF53C-D284-4E07-BF94-93C37B9AF39E,,,,\Microsoft\Windows\.NET Framework\.NET Framework NGEN v4.0.30319 64,,,TaskInstanceQueued
2026-05-23T11:32:52.358581Z,110,dc.scaffold.htb,Microsoft-Windows-TaskScheduler,Microsoft-Windows-TaskScheduler/Operational,5298,4,,,8EBEF53C-D284-4E07-BF94-93C37B9AF39E,,,,,,,,,\Microsoft\Windows\.NET Framework\.NET Framework NGEN v4.0.30319 64,System,,TaskRunEvent
2026-05-23T11:32:52.409844Z,325,dc.scaffold.htb,Microsoft-Windows-TaskScheduler,Microsoft-Windows-TaskScheduler/Operational,5299,3,,,,,,,,507A0519-7604-4EB5-B9C5-0D4872E584F5,,,,\Microsoft\Windows\.NET Framework\.NET Framework NGEN v4.0.30319 64,,,TaskInstanceQueued
2026-05-23T11:32:52.409944Z,110,dc.scaffold.htb,Microsoft-Windows-TaskScheduler,Microsoft-Windows-TaskScheduler/Operational,5300,4,,,507A0519-7604-4EB5-B9C5-0D4872E584F5,,,,,,,,,\Microsoft\Windows\.NET Framework\.NET Framework NGEN v4.0.30319 64,System,,TaskRunEvent
2026-05-23T11:32:52.454288Z,325,dc.scaffold.htb,Microsoft-Windows-TaskScheduler,Microsoft-Windows-TaskScheduler/Operational,5301,3,,,,,,,,0E45DD54-6466-438F-AB35-BC60F880EA2B,,,,\Microsoft\Windows\.NET Framework\.NET Framework NGEN v4.0.30319 64,,,TaskInstanceQueued
2026-05-23T11:32:52.454394Z,110,dc.scaffold.htb,Microsoft-Windows-TaskScheduler,Microsoft-Windows-TaskScheduler/Operational,5302,4,,,0E45DD54-6466-438F-AB35-BC60F880EA2B,,,,,,,,,\Microsoft\Windows\.NET Framework\.NET Framework NGEN v4.0.30319 64,System,,TaskRunEvent
2026-05-23T11:32:52.502602Z,325,dc.scaffold.htb,Microsoft-Windows-TaskScheduler,Microsoft-Windows-TaskScheduler/Operational,5303,3,,,,,,,,4D094915-586F-41FC-BCB5-435449C3F0C9,,,,\Microsoft\Windows\.NET Framework\.NET Framework NGEN v4.0.30319 64,,,TaskInstanceQueued
2026-05-23T11:32:52.502701Z,110,dc.scaffold.htb,Microsoft-Windows-TaskScheduler,Microsoft-Windows-TaskScheduler/Operational,5304,4,,,4D094915-586F-41FC-BCB5-435449C3F0C9,,,,,,,,,\Microsoft\Windows\.NET Framework\.NET Framework NGEN v4.0.30319 64,System,,TaskRunEvent
2026-05-23T11:32:52.557431Z,325,dc.scaffold.htb,Microsoft-Windows-TaskScheduler,Microsoft-Windows-TaskScheduler/Operational,5305,3,,,,,,,,1093CF44-9FD1-434A-8397-5E272B2A7B01,,,,\Microsoft\Windows\.NET Framework\.NET Framework NGEN v4.0.30319 64,,,TaskInstanceQueued
2026-05-23T11:32:52.557529Z,110,dc.scaffold.htb,Microsoft-Windows-TaskScheduler,Microsoft-Windows-TaskScheduler/Operational,5306,4,,,1093CF44-9FD1-434A-8397-5E272B2A7B01,,,,,,,,,\Microsoft\Windows\.NET Framework\.NET Framework NGEN v4.0.30319 64,System,,TaskRunEvent
2026-05-23T11:32:52.604172Z,325,dc.scaffold.htb,Microsoft-Windows-TaskScheduler,Microsoft-Windows-TaskScheduler/Operational,5307,3,,,,,,,,B1819943-339A-4BE7-8595-E42FB71A7CDD,,,,\Microsoft\Windows\.NET Framework\.NET Framework NGEN v4.0.30319 64,,,TaskInstanceQueued
2026-05-23T11:32:52.604272Z,110,dc.scaffold.htb,Microsoft-Windows-TaskScheduler,Microsoft-Windows-TaskScheduler/Operational,5308,4,,,B1819943-339A-4BE7-8595-E42FB71A7CDD,,,,,,,,,\Microsoft\Windows\.NET Framework\.NET Framework NGEN v4.0.30319 64,System,,TaskRunEvent
2026-05-23T11:32:52.659230Z,325,dc.scaffold.htb,Microsoft-Windows-TaskScheduler,Microsoft-Windows-TaskScheduler/Operational,5309,3,,,,,,,,A55B4E68-9CA0-4DB1-AD40-D77E2F744052,,,,\Microsoft\Windows\.NET Framework\.NET Framework NGEN v4.0.30319 64,,,TaskInstanceQueued
2026-05-23T11:32:52.659336Z,110,dc.scaffold.htb,Microsoft-Windows-TaskScheduler,Microsoft-Windows-TaskScheduler/Operational,5310,4,,,A55B4E68-9CA0-4DB1-AD40-D77E2F744052,,,,,,,,,\Microsoft\Windows\.NET Framework\.NET Framework NGEN v4.0.30319 64,System,,TaskRunEvent
2026-05-23T11:32:52.706439Z,325,dc.scaffold.htb,Microsoft-Windows-TaskScheduler,Microsoft-Windows-TaskScheduler/Operational,5311,3,,,,,,,,D9F840E5-1908-4F55-B7B6-E19AFD580DB2,,,,\Microsoft\Windows\.NET Framework\.NET Framework NGEN v4.0.30319 64,,,TaskInstanceQueued
2026-05-23T11:32:52.706544Z,110,dc.scaffold.htb,Microsoft-Windows-TaskScheduler,Microsoft-Windows-TaskScheduler/Operational,5312,4,,,D9F840E5-1908-4F55-B7B6-E19AFD580DB2,,,,,,,,,\Microsoft\Windows\.NET Framework\.NET Framework NGEN v4.0.30319 64,System,,TaskRunEvent
2026-05-23T11:32:52.756688Z,325,dc.scaffold.htb,Microsoft-Windows-TaskScheduler,Microsoft-Windows-TaskScheduler/Operational,5313,3,,,,,,,,99186CB6-76B1-421F-8CBC-CB46D8058626,,,,\Microsoft\Windows\.NET Framework\.NET Framework NGEN v4.0.30319 64,,,TaskInstanceQueued
2026-05-23T11:32:52.756785Z,110,dc.scaffold.htb,Microsoft-Windows-TaskScheduler,Microsoft-Windows-TaskScheduler/Operational,5314,4,,,99186CB6-76B1-421F-8CBC-CB46D8058626,,,,,,,,,\Microsoft\Windows\.NET Framework\.NET Framework NGEN v4.0.30319 64,System,,TaskRunEvent
2026-05-23T11:32:53.115960Z,325,dc.scaffold.htb,Microsoft-Windows-TaskScheduler,Microsoft-Windows-TaskScheduler/Operational,5315,3,,,,,,,,11284ADE-4311-4EE5-9BFB-A28FDAFDC209,,,,\Microsoft\Windows\.NET Framework\.NET Framework NGEN v4.0.30319 64,,,TaskInstanceQueued
2026-05-23T11:32:53.116062Z,110,dc.scaffold.htb,Microsoft-Windows-TaskScheduler,Microsoft-Windows-TaskScheduler/Operational,5316,4,,,11284ADE-4311-4EE5-9BFB-A28FDAFDC209,,,,,,,,,\Microsoft\Windows\.NET Framework\.NET Framework NGEN v4.0.30319 64,System,,TaskRunEvent
2026-05-23T11:32:53.225696Z,140,dc.scaffold.htb,Microsoft-Windows-TaskScheduler,Microsoft-Windows-TaskScheduler/Operational,5317,4,,,,,,,,,,,,\Microsoft\Windows\.NET Framework\.NET Framework NGEN v4.0.30319,,SYSTEM,TaskUpdated
2026-05-23T11:32:53.251385Z,140,dc.scaffold.htb,Microsoft-Windows-TaskScheduler,Microsoft-Windows-TaskScheduler/Operational,5318,4,,,,,,,,,,,,\Microsoft\Windows\.NET Framework\.NET Framework NGEN v4.0.30319,,SYSTEM,TaskUpdated
2026-05-23T11:32:54.866598Z,140,dc.scaffold.htb,Microsoft-Windows-TaskScheduler,Microsoft-Windows-TaskScheduler/Operational,5319,4,,,,,,,,,,,,\Microsoft\Windows\.NET Framework\.NET Framework NGEN v4.0.30319,,SYSTEM,TaskUpdated
2026-05-23T11:32:54.903341Z,140,dc.scaffold.htb,Microsoft-Windows-TaskScheduler,Microsoft-Windows-TaskScheduler/Operational,5320,4,,,,,,,,,,,,\Microsoft\Windows\.NET Framework\.NET Framework NGEN v4.0.30319,,SYSTEM,TaskUpdated
2026-05-23T11:32:55.900811Z,140,dc.scaffold.htb,Microsoft-Windows-TaskScheduler,Microsoft-Windows-TaskScheduler/Operational,5321,4,,,,,,,,,,,,\Microsoft\Windows\.NET Framework\.NET Framework NGEN v4.0.30319,,SYSTEM,TaskUpdated
2026-05-23T11:32:55.927775Z,140,dc.scaffold.htb,Microsoft-Windows-TaskScheduler,Microsoft-Windows-TaskScheduler/Operational,5322,4,,,,,,,,,,,,\Microsoft\Windows\.NET Framework\.NET Framework NGEN v4.0.30319,,SYSTEM,TaskUpdated
2026-05-23T11:32:57.481003Z,140,dc.scaffold.htb,Microsoft-Windows-TaskScheduler,Microsoft-Windows-TaskScheduler/Operational,5323,4,,,,,,,,,,,,\Microsoft\Windows\.NET Framework\.NET Framework NGEN v4.0.30319,,SYSTEM,TaskUpdated
2026-05-23T11:32:57.509028Z,140,dc.scaffold.htb,Microsoft-Windows-TaskScheduler,Microsoft-Windows-TaskScheduler/Operational,5324,4,,,,,,,,,,,,\Microsoft\Windows\.NET Framework\.NET Framework NGEN v4.0.30319,,SYSTEM,TaskUpdated
2026-05-23T11:32:59.699320Z,140,dc.scaffold.htb,Microsoft-Windows-TaskScheduler,Microsoft-Windows-TaskScheduler/Operational,5325,4,,,,,,,,,,,,\Microsoft\Windows\.NET Framework\.NET Framework NGEN v4.0.30319,,SYSTEM,TaskUpdated
2026-05-23T11:32:59.754696Z,140,dc.scaffold.htb,Microsoft-Windows-TaskScheduler,Microsoft-Windows-TaskScheduler/Operational,5326,4,,,,,,,,,,,,\Microsoft\Windows\.NET Framework\.NET Framework NGEN v4.0.30319,,SYSTEM,TaskUpdated
2026-05-23T11:33:00.694661Z,140,dc.scaffold.htb,Microsoft-Windows-TaskScheduler,Microsoft-Windows-TaskScheduler/Operational,5327,4,,,,,,,,,,,,\Microsoft\Windows\.NET Framework\.NET Framework NGEN v4.0.30319,,SYSTEM,TaskUpdated
2026-05-23T11:33:00.732334Z,140,dc.scaffold.htb,Microsoft-Windows-TaskScheduler,Microsoft-Windows-TaskScheduler/Operational,5328,4,,,,,,,,,,,,\Microsoft\Windows\.NET Framework\.NET Framework NGEN v4.0.30319,,SYSTEM,TaskUpdated
2026-05-23T11:33:01.625601Z,140,dc.scaffold.htb,Microsoft-Windows-TaskScheduler,Microsoft-Windows-TaskScheduler/Operational,5329,4,,,,,,,,,,,,\Microsoft\Windows\.NET Framework\.NET Framework NGEN v4.0.30319,,SYSTEM,TaskUpdated
2026-05-23T11:33:01.653411Z,140,dc.scaffold.htb,Microsoft-Windows-TaskScheduler,Microsoft-Windows-TaskScheduler/Operational,5330,4,,,,,,,,,,,,\Microsoft\Windows\.NET Framework\.NET Framework NGEN v4.0.30319,,SYSTEM,TaskUpdated
2026-05-23T11:33:06.680564Z,325,dc.scaffold.htb,Microsoft-Windows-TaskScheduler,Microsoft-Windows-TaskScheduler/Operational,5331,3,,,,,,,,2FF1F733-22D5-4E3F-9F32-BF2764D8598E,,,,\Microsoft\Windows\.NET Framework\.NET Framework NGEN v4.0.30319 64,,,TaskInstanceQueued
2026-05-23T11:33:06.680674Z,110,dc.scaffold.htb,Microsoft-Windows-TaskScheduler,Microsoft-Windows-TaskScheduler/Operational,5332,4,,,2FF1F733-22D5-4E3F-9F32-BF2764D8598E,,,,,,,,,\Microsoft\Windows\.NET Framework\.NET Framework NGEN v4.0.30319 64,System,,TaskRunEvent
2026-05-23T11:33:06.732250Z,325,dc.scaffold.htb,Microsoft-Windows-TaskScheduler,Microsoft-Windows-TaskScheduler/Operational,5333,3,,,,,,,,FE2F500C-9B87-43E1-80EF-BE014668FFBE,,,,\Microsoft\Windows\.NET Framework\.NET Framework NGEN v4.0.30319 64,,,TaskInstanceQueued
2026-05-23T11:33:06.732364Z,110,dc.scaffold.htb,Microsoft-Windows-TaskScheduler,Microsoft-Windows-TaskScheduler/Operational,5334,4,,,FE2F500C-9B87-43E1-80EF-BE014668FFBE,,,,,,,,,\Microsoft\Windows\.NET Framework\.NET Framework NGEN v4.0.30319 64,System,,TaskRunEvent
2026-05-23T11:33:06.785156Z,325,dc.scaffold.htb,Microsoft-Windows-TaskScheduler,Microsoft-Windows-TaskScheduler/Operational,5335,3,,,,,,,,C239C5BE-FF16-48A5-A0B2-05C841F66E09,,,,\Microsoft\Windows\.NET Framework\.NET Framework NGEN v4.0.30319 64,,,TaskInstanceQueued
2026-05-23T11:33:06.785266Z,110,dc.scaffold.htb,Microsoft-Windows-TaskScheduler,Microsoft-Windows-TaskScheduler/Operational,5336,4,,,C239C5BE-FF16-48A5-A0B2-05C841F66E09,,,,,,,,,\Microsoft\Windows\.NET Framework\.NET Framework NGEN v4.0.30319 64,System,,TaskRunEvent
2026-05-23T11:33:06.838465Z,325,dc.scaffold.htb,Microsoft-Windows-TaskScheduler,Microsoft-Windows-TaskScheduler/Operational,5337,3,,,,,,,,27DB0C93-7AE2-4749-9B52-4E6A183D54AA,,,,\Microsoft\Windows\.NET Framework\.NET Framework NGEN v4.0.30319 64,,,TaskInstanceQueued
2026-05-23T11:33:06.838583Z,110,dc.scaffold.htb,Microsoft-Windows-TaskScheduler,Microsoft-Windows-TaskScheduler/Operational,5338,4,,,27DB0C93-7AE2-4749-9B52-4E6A183D54AA,,,,,,,,,\Microsoft\Windows\.NET Framework\.NET Framework NGEN v4.0.30319 64,System,,TaskRunEvent
2026-05-23T11:33:06.891238Z,325,dc.scaffold.htb,Microsoft-Windows-TaskScheduler,Microsoft-Windows-TaskScheduler/Operational,5339,3,,,,,,,,A42A6F6C-060B-43DE-A015-2476578BC9FD,,,,\Microsoft\Windows\.NET Framework\.NET Framework NGEN v4.0.30319 64,,,TaskInstanceQueued
2026-05-23T11:33:06.891353Z,110,dc.scaffold.htb,Microsoft-Windows-TaskScheduler,Microsoft-Windows-TaskScheduler/Operational,5340,4,,,A42A6F6C-060B-43DE-A015-2476578BC9FD,,,,,,,,,\Microsoft\Windows\.NET Framework\.NET Framework NGEN v4.0.30319 64,System,,TaskRunEvent
2026-05-23T11:33:06.943285Z,325,dc.scaffold.htb,Microsoft-Windows-TaskScheduler,Microsoft-Windows-TaskScheduler/Operational,5341,3,,,,,,,,11DE3165-88FF-453B-B5AB-5BAC7CB20975,,,,\Microsoft\Windows\.NET Framework\.NET Framework NGEN v4.0.30319 64,,,TaskInstanceQueued
2026-05-23T11:33:06.943400Z,110,dc.scaffold.htb,Microsoft-Windows-TaskScheduler,Microsoft-Windows-TaskScheduler/Operational,5342,4,,,11DE3165-88FF-453B-B5AB-5BAC7CB20975,,,,,,,,,\Microsoft\Windows\.NET Framework\.NET Framework NGEN v4.0.30319 64,System,,TaskRunEvent
2026-05-23T11:33:06.993346Z,325,dc.scaffold.htb,Microsoft-Windows-TaskScheduler,Microsoft-Windows-TaskScheduler/Operational,5343,3,,,,,,,,747615C6-424F-4FB0-A230-3655A10D85C4,,,,\Microsoft\Windows\.NET Framework\.NET Framework NGEN v4.0.30319 64,,,TaskInstanceQueued
2026-05-23T11:33:06.993449Z,110,dc.scaffold.htb,Microsoft-Windows-TaskScheduler,Microsoft-Windows-TaskScheduler/Operational,5344,4,,,747615C6-424F-4FB0-A230-3655A10D85C4,,,,,,,,,\Microsoft\Windows\.NET Framework\.NET Framework NGEN v4.0.30319 64,System,,TaskRunEvent
2026-05-23T11:33:07.047955Z,325,dc.scaffold.htb,Microsoft-Windows-TaskScheduler,Microsoft-Windows-TaskScheduler/Operational,5345,3,,,,,,,,DDF84335-DF98-439F-A4D8-F119C671C498,,,,\Microsoft\Windows\.NET Framework\.NET Framework NGEN v4.0.30319 64,,,TaskInstanceQueued
2026-05-23T11:33:07.048101Z,110,dc.scaffold.htb,Microsoft-Windows-TaskScheduler,Microsoft-Windows-TaskScheduler/Operational,5346,4,,,DDF84335-DF98-439F-A4D8-F119C671C498,,,,,,,,,\Microsoft\Windows\.NET Framework\.NET Framework NGEN v4.0.30319 64,System,,TaskRunEvent
2026-05-23T11:33:07.100461Z,325,dc.scaffold.htb,Microsoft-Windows-TaskScheduler,Microsoft-Windows-TaskScheduler/Operational,5347,3,,,,,,,,48E8DB24-96D6-4BCF-8A1F-765ED6F6AF69,,,,\Microsoft\Windows\.NET Framework\.NET Framework NGEN v4.0.30319 64,,,TaskInstanceQueued
2026-05-23T11:33:07.100587Z,110,dc.scaffold.htb,Microsoft-Windows-TaskScheduler,Microsoft-Windows-TaskScheduler/Operational,5348,4,,,48E8DB24-96D6-4BCF-8A1F-765ED6F6AF69,,,,,,,,,\Microsoft\Windows\.NET Framework\.NET Framework NGEN v4.0.30319 64,System,,TaskRunEvent
2026-05-23T11:33:07.204368Z,140,dc.scaffold.htb,Microsoft-Windows-TaskScheduler,Microsoft-Windows-TaskScheduler/Operational,5349,4,,,,,,,,,,,,\Microsoft\Windows\.NET Framework\.NET Framework NGEN v4.0.30319,,SYSTEM,TaskUpdated
2026-05-23T11:33:07.229632Z,140,dc.scaffold.htb,Microsoft-Windows-TaskScheduler,Microsoft-Windows-TaskScheduler/Operational,5350,4,,,,,,,,,,,,\Microsoft\Windows\.NET Framework\.NET Framework NGEN v4.0.30319,,SYSTEM,TaskUpdated
2026-05-23T11:33:08.369109Z,140,dc.scaffold.htb,Microsoft-Windows-TaskScheduler,Microsoft-Windows-TaskScheduler/Operational,5351,4,,,,,,,,,,,,\Microsoft\Windows\.NET Framework\.NET Framework NGEN v4.0.30319,,SYSTEM,TaskUpdated
2026-05-23T11:33:08.400654Z,140,dc.scaffold.htb,Microsoft-Windows-TaskScheduler,Microsoft-Windows-TaskScheduler/Operational,5352,4,,,,,,,,,,,,\Microsoft\Windows\.NET Framework\.NET Framework NGEN v4.0.30319,,SYSTEM,TaskUpdated
2026-05-23T11:33:08.431625Z,325,dc.scaffold.htb,Microsoft-Windows-TaskScheduler,Microsoft-Windows-TaskScheduler/Operational,5353,3,,,,,,,,DEE94739-B048-49E5-85F1-A2E2923E4C0B,,,,\Microsoft\Windows\.NET Framework\.NET Framework NGEN v4.0.30319,,,TaskInstanceQueued
2026-05-23T11:33:08.431755Z,110,dc.scaffold.htb,Microsoft-Windows-TaskScheduler,Microsoft-Windows-TaskScheduler/Operational,5354,4,,,DEE94739-B048-49E5-85F1-A2E2923E4C0B,,,,,,,,,\Microsoft\Windows\.NET Framework\.NET Framework NGEN v4.0.30319,System,,TaskRunEvent
2026-05-23T11:33:08.458305Z,325,dc.scaffold.htb,Microsoft-Windows-TaskScheduler,Microsoft-Windows-TaskScheduler/Operational,5355,3,,,,,,,,414EFB4F-DDF1-436A-9BA3-B8E6A2FE4C67,,,,\Microsoft\Windows\.NET Framework\.NET Framework NGEN v4.0.30319,,,TaskInstanceQueued
2026-05-23T11:33:08.458423Z,110,dc.scaffold.htb,Microsoft-Windows-TaskScheduler,Microsoft-Windows-TaskScheduler/Operational,5356,4,,,414EFB4F-DDF1-436A-9BA3-B8E6A2FE4C67,,,,,,,,,\Microsoft\Windows\.NET Framework\.NET Framework NGEN v4.0.30319,System,,TaskRunEvent
2026-05-23T11:33:57.294397Z,114,dc.scaffold.htb,Microsoft-Windows-TaskScheduler,Microsoft-Windows-TaskScheduler/Operational,5357,3,,,B3F5C02E-5600-43C1-8488-F0A9C0C96E29,,,,,,,,,\Microsoft\Windows\Windows Error Reporting\QueueReporting,,,MissedTaskLaunched
2026-05-23T11:33:57.294749Z,114,dc.scaffold.htb,Microsoft-Windows-TaskScheduler,Microsoft-Windows-TaskScheduler/Operational,5358,3,,,534CD015-FAD5-4106-9F46-3B8551D3E255,,,,,,,,,\Microsoft\Windows\Customer Experience Improvement Program\Consolidator,,,MissedTaskLaunched
2026-05-23T11:33:57.295007Z,114,dc.scaffold.htb,Microsoft-Windows-TaskScheduler,Microsoft-Windows-TaskScheduler/Operational,5359,3,,,D6C1DD42-659E-4613-8113-538F28F4E151,,,,,,,,,\Microsoft\Windows\Data Integrity Scan\Data Integrity Check And Scan,,,MissedTaskLaunched
2026-05-23T11:33:57.296002Z,114,dc.scaffold.htb,Microsoft-Windows-TaskScheduler,Microsoft-Windows-TaskScheduler/Operational,5360,3,,,9B62CECB-D60C-497F-BE88-9118AC5A18F7,,,,,,,,,\Microsoft\Windows\UpdateOrchestrator\USO_UxBroker,,,MissedTaskLaunched
2026-05-23T11:33:57.297567Z,129,dc.scaffold.htb,Microsoft-Windows-TaskScheduler,Microsoft-Windows-TaskScheduler/Operational,5361,4,,,,,%windir%\system32\wermgr.exe,16384,6968,,,,,\Microsoft\Windows\Windows Error Reporting\QueueReporting,,,CreatedTaskProcess
2026-05-23T11:33:57.297799Z,100,dc.scaffold.htb,Microsoft-Windows-TaskScheduler,Microsoft-Windows-TaskScheduler/Operational,5362,4,,,B3F5C02E-5600-43C1-8488-F0A9C0C96E29,,,,,,,,,\Microsoft\Windows\Windows Error Reporting\QueueReporting,NT AUTHORITY\SYSTEM,,TaskStartEvent
2026-05-23T11:33:57.297802Z,200,dc.scaffold.htb,Microsoft-Windows-TaskScheduler,Microsoft-Windows-TaskScheduler/Operational,5363,4,%windir%\system32\wermgr.exe,6968,,,,,,,,,B3F5C02E-5600-43C1-8488-F0A9C0C96E29,\Microsoft\Windows\Windows Error Reporting\QueueReporting,,,ActionStart
2026-05-23T11:33:57.298229Z,114,dc.scaffold.htb,Microsoft-Windows-TaskScheduler,Microsoft-Windows-TaskScheduler/Operational,5364,3,,,4C1FEE11-4A71-47EA-9B59-AA367F7BF2D8,,,,,,,,,\Microsoft\Windows\Device Information\Device,,,MissedTaskLaunched
2026-05-23T11:33:57.299238Z,129,dc.scaffold.htb,Microsoft-Windows-TaskScheduler,Microsoft-Windows-TaskScheduler/Operational,5365,4,,,,,taskhostw.exe,16384,2068,,,,,\Microsoft\Windows\Data Integrity Scan\Data Integrity Check And Scan,,,CreatedTaskProcess
2026-05-23T11:33:57.299933Z,100,dc.scaffold.htb,Microsoft-Windows-TaskScheduler,Microsoft-Windows-TaskScheduler/Operational,5366,4,,,D6C1DD42-659E-4613-8113-538F28F4E151,,,,,,,,,\Microsoft\Windows\Data Integrity Scan\Data Integrity Check And Scan,NT AUTHORITY\SYSTEM,,TaskStartEvent
2026-05-23T11:33:57.299935Z,200,dc.scaffold.htb,Microsoft-Windows-TaskScheduler,Microsoft-Windows-TaskScheduler/Operational,5367,4,Data Integrity Scan,2068,,,,,,,,,D6C1DD42-659E-4613-8113-538F28F4E151,\Microsoft\Windows\Data Integrity Scan\Data Integrity Check And Scan,,,ActionStart
2026-05-23T11:33:57.300193Z,114,dc.scaffold.htb,Microsoft-Windows-TaskScheduler,Microsoft-Windows-TaskScheduler/Operational,5368,3,,,498C696D-3813-4EED-8CFE-E65D9FE4B2F5,,,,,,,,,\Microsoft\Windows\Application Experience\Microsoft Compatibility Appraiser,,,MissedTaskLaunched
2026-05-23T11:33:57.305898Z,129,dc.scaffold.htb,Microsoft-Windows-TaskScheduler,Microsoft-Windows-TaskScheduler/Operational,5369,4,,,,,%windir%\system32\devicecensus.exe,16384,5776,,,,,\Microsoft\Windows\Device Information\Device,,,CreatedTaskProcess
2026-05-23T11:33:57.306100Z,100,dc.scaffold.htb,Microsoft-Windows-TaskScheduler,Microsoft-Windows-TaskScheduler/Operational,5370,4,,,4C1FEE11-4A71-47EA-9B59-AA367F7BF2D8,,,,,,,,,\Microsoft\Windows\Device Information\Device,NT AUTHORITY\SYSTEM,,TaskStartEvent
2026-05-23T11:33:57.306102Z,200,dc.scaffold.htb,Microsoft-Windows-TaskScheduler,Microsoft-Windows-TaskScheduler/Operational,5371,4,%windir%\system32\devicecensus.exe,5776,,,,,,,,,4C1FEE11-4A71-47EA-9B59-AA367F7BF2D8,\Microsoft\Windows\Device Information\Device,,,ActionStart
2026-05-23T11:33:57.306300Z,129,dc.scaffold.htb,Microsoft-Windows-TaskScheduler,Microsoft-Windows-TaskScheduler/Operational,5372,4,,,,,%systemroot%\system32\MusNotification.exe,16384,3440,,,,,\Microsoft\Windows\UpdateOrchestrator\USO_UxBroker,,,CreatedTaskProcess
2026-05-23T11:33:57.306384Z,100,dc.scaffold.htb,Microsoft-Windows-TaskScheduler,Microsoft-Windows-TaskScheduler/Operational,5373,4,,,9B62CECB-D60C-497F-BE88-9118AC5A18F7,,,,,,,,,\Microsoft\Windows\UpdateOrchestrator\USO_UxBroker,NT AUTHORITY\SYSTEM,,TaskStartEvent
2026-05-23T11:33:57.306385Z,200,dc.scaffold.htb,Microsoft-Windows-TaskScheduler,Microsoft-Windows-TaskScheduler/Operational,5374,4,%systemroot%\system32\MusNotification.exe,3440,,,,,,,,,9B62CECB-D60C-497F-BE88-9118AC5A18F7,\Microsoft\Windows\UpdateOrchestrator\USO_UxBroker,,,ActionStart
2026-05-23T11:33:57.306562Z,114,dc.scaffold.htb,Microsoft-Windows-TaskScheduler,Microsoft-Windows-TaskScheduler/Operational,5375,3,,,AC71C398-2952-4770-AE5E-9CED1637BF4E,,,,,,,,,\Microsoft\Windows\Flighting\OneSettings\RefreshCache,,,MissedTaskLaunched
2026-05-23T11:33:57.306589Z,114,dc.scaffold.htb,Microsoft-Windows-TaskScheduler,Microsoft-Windows-TaskScheduler/Operational,5376,3,,,305D8769-0DD6-4365-99CF-7AC305476D92,,,,,,,,,\Microsoft\Windows\WindowsUpdate\Scheduled Start,,,MissedTaskLaunched
2026-05-23T11:33:57.306614Z,100,dc.scaffold.htb,Microsoft-Windows-TaskScheduler,Microsoft-Windows-TaskScheduler/Operational,5377,4,,,AC71C398-2952-4770-AE5E-9CED1637BF4E,,,,,,,,,\Microsoft\Windows\Flighting\OneSettings\RefreshCache,NT AUTHORITY\SYSTEM,,TaskStartEvent
2026-05-23T11:33:57.306615Z,200,dc.scaffold.htb,Microsoft-Windows-TaskScheduler,Microsoft-Windows-TaskScheduler/Operational,5378,4,OneSettings Refresh Cache Task Handler,2068,,,,,,,,,AC71C398-2952-4770-AE5E-9CED1637BF4E,\Microsoft\Windows\Flighting\OneSettings\RefreshCache,,,ActionStart
2026-05-23T11:33:57.306760Z,114,dc.scaffold.htb,Microsoft-Windows-TaskScheduler,Microsoft-Windows-TaskScheduler/Operational,5379,3,,,F6873845-D3F8-4F8D-8E91-D0FC46A68BDC,,,,,,,,,\Microsoft\Windows\Application Experience\PcaPatchDbTask,,,MissedTaskLaunched
2026-05-23T11:33:57.307130Z,129,dc.scaffold.htb,Microsoft-Windows-TaskScheduler,Microsoft-Windows-TaskScheduler/Operational,5380,4,,,,,%windir%\system32\compattelrunner.exe,16384,2896,,,,,\Microsoft\Windows\Application Experience\Microsoft Compatibility Appraiser,,,CreatedTaskProcess
2026-05-23T11:33:57.307165Z,129,dc.scaffold.htb,Microsoft-Windows-TaskScheduler,Microsoft-Windows-TaskScheduler/Operational,5381,4,,,,,%SystemRoot%\System32\wsqmcons.exe,16384,6868,,,,,\Microsoft\Windows\Customer Experience Improvement Program\Consolidator,,,CreatedTaskProcess
2026-05-23T11:33:57.307234Z,100,dc.scaffold.htb,Microsoft-Windows-TaskScheduler,Microsoft-Windows-TaskScheduler/Operational,5382,4,,,534CD015-FAD5-4106-9F46-3B8551D3E255,,,,,,,,,\Microsoft\Windows\Customer Experience Improvement Program\Consolidator,NT AUTHORITY\SYSTEM,,TaskStartEvent
2026-05-23T11:33:57.307235Z,200,dc.scaffold.htb,Microsoft-Windows-TaskScheduler,Microsoft-Windows-TaskScheduler/Operational,5383,4,%SystemRoot%\System32\wsqmcons.exe,6868,,,,,,,,,534CD015-FAD5-4106-9F46-3B8551D3E255,\Microsoft\Windows\Customer Experience Improvement Program\Consolidator,,,ActionStart
2026-05-23T11:33:57.307255Z,100,dc.scaffold.htb,Microsoft-Windows-TaskScheduler,Microsoft-Windows-TaskScheduler/Operational,5384,4,,,498C696D-3813-4EED-8CFE-E65D9FE4B2F5,,,,,,,,,\Microsoft\Windows\Application Experience\Microsoft Compatibility Appraiser,NT AUTHORITY\SYSTEM,,TaskStartEvent
2026-05-23T11:33:57.307257Z,200,dc.scaffold.htb,Microsoft-Windows-TaskScheduler,Microsoft-Windows-TaskScheduler/Operational,5385,4,%windir%\system32\compattelrunner.exe,2896,,,,,,,,,498C696D-3813-4EED-8CFE-E65D9FE4B2F5,\Microsoft\Windows\Application Experience\Microsoft Compatibility Appraiser,,,ActionStart
2026-05-23T11:33:57.307379Z,114,dc.scaffold.htb,Microsoft-Windows-TaskScheduler,Microsoft-Windows-TaskScheduler/Operational,5386,3,,,F1CE16B7-E01C-44D0-8299-1821CEB10B0C,,,,,,,,,\Microsoft\Windows\UpdateOrchestrator\Schedule Scan,,,MissedTaskLaunched
2026-05-23T11:33:57.310173Z,129,dc.scaffold.htb,Microsoft-Windows-TaskScheduler,Microsoft-Windows-TaskScheduler/Operational,5387,4,,,,,%systemroot%\system32\usoclient.exe,16384,5692,,,,,\Microsoft\Windows\UpdateOrchestrator\Schedule Scan,,,CreatedTaskProcess
2026-05-23T11:33:57.310232Z,129,dc.scaffold.htb,Microsoft-Windows-TaskScheduler,Microsoft-Windows-TaskScheduler/Operational,5388,4,,,,,C:\Windows\system32\sc.exe,16384,1352,,,,,\Microsoft\Windows\WindowsUpdate\Scheduled Start,,,CreatedTaskProcess
2026-05-23T11:33:57.310243Z,129,dc.scaffold.htb,Microsoft-Windows-TaskScheduler,Microsoft-Windows-TaskScheduler/Operational,5389,4,,,,,%windir%\system32\rundll32.exe,16384,3736,,,,,\Microsoft\Windows\Application Experience\PcaPatchDbTask,,,CreatedTaskProcess
2026-05-23T11:33:57.310330Z,100,dc.scaffold.htb,Microsoft-Windows-TaskScheduler,Microsoft-Windows-TaskScheduler/Operational,5390,4,,,F6873845-D3F8-4F8D-8E91-D0FC46A68BDC,,,,,,,,,\Microsoft\Windows\Application Experience\PcaPatchDbTask,NT AUTHORITY\SYSTEM,,TaskStartEvent
2026-05-23T11:33:57.310332Z,200,dc.scaffold.htb,Microsoft-Windows-TaskScheduler,Microsoft-Windows-TaskScheduler/Operational,5391,4,%windir%\system32\rundll32.exe,3736,,,,,,,,,F6873845-D3F8-4F8D-8E91-D0FC46A68BDC,\Microsoft\Windows\Application Experience\PcaPatchDbTask,,,ActionStart
2026-05-23T11:33:57.310334Z,100,dc.scaffold.htb,Microsoft-Windows-TaskScheduler,Microsoft-Windows-TaskScheduler/Operational,5392,4,,,305D8769-0DD6-4365-99CF-7AC305476D92,,,,,,,,,\Microsoft\Windows\WindowsUpdate\Scheduled Start,NT AUTHORITY\SYSTEM,,TaskStartEvent
2026-05-23T11:33:57.310334Z,200,dc.scaffold.htb,Microsoft-Windows-TaskScheduler,Microsoft-Windows-TaskScheduler/Operational,5393,4,C:\Windows\system32\sc.exe,1352,,,,,,,,,305D8769-0DD6-4365-99CF-7AC305476D92,\Microsoft\Windows\WindowsUpdate\Scheduled Start,,,ActionStart
2026-05-23T11:33:57.310361Z,100,dc.scaffold.htb,Microsoft-Windows-TaskScheduler,Microsoft-Windows-TaskScheduler/Operational,5394,4,,,F1CE16B7-E01C-44D0-8299-1821CEB10B0C,,,,,,,,,\Microsoft\Windows\UpdateOrchestrator\Schedule Scan,NT AUTHORITY\SYSTEM,,TaskStartEvent
2026-05-23T11:33:57.310363Z,200,dc.scaffold.htb,Microsoft-Windows-TaskScheduler,Microsoft-Windows-TaskScheduler/Operational,5395,4,%systemroot%\system32\usoclient.exe,5692,,,,,,,,,F1CE16B7-E01C-44D0-8299-1821CEB10B0C,\Microsoft\Windows\UpdateOrchestrator\Schedule Scan,,,ActionStart
2026-05-23T11:33:57.315402Z,201,dc.scaffold.htb,Microsoft-Windows-TaskScheduler,Microsoft-Windows-TaskScheduler/Operational,5396,4,%SystemRoot%\System32\wsqmcons.exe,6868,,,,,,,0,,534CD015-FAD5-4106-9F46-3B8551D3E255,\Microsoft\Windows\Customer Experience Improvement Program\Consolidator,,,ActionSuccess
2026-05-23T11:33:57.315494Z,102,dc.scaffold.htb,Microsoft-Windows-TaskScheduler,Microsoft-Windows-TaskScheduler/Operational,5397,4,,,534CD015-FAD5-4106-9F46-3B8551D3E255,,,,,,,,,\Microsoft\Windows\Customer Experience Improvement Program\Consolidator,NT AUTHORITY\SYSTEM,,TaskSuccessEvent
2026-05-23T11:33:57.343070Z,140,dc.scaffold.htb,Microsoft-Windows-TaskScheduler,Microsoft-Windows-TaskScheduler/Operational,5398,4,,,,,,,,,,,,\Microsoft\Windows\Data Integrity Scan\Data Integrity Check And Scan,,SCAFFOLD\DC$,TaskUpdated
2026-05-23T11:33:57.352032Z,140,dc.scaffold.htb,Microsoft-Windows-TaskScheduler,Microsoft-Windows-TaskScheduler/Operational,5399,4,,,,,,,,,,,,\Microsoft\Windows\Data Integrity Scan\Data Integrity Check And Scan,,SCAFFOLD\DC$,TaskUpdated
2026-05-23T11:33:57.352722Z,201,dc.scaffold.htb,Microsoft-Windows-TaskScheduler,Microsoft-Windows-TaskScheduler/Operational,5400,4,Data Integrity Scan,2068,,,,,,,0,,D6C1DD42-659E-4613-8113-538F28F4E151,\Microsoft\Windows\Data Integrity Scan\Data Integrity Check And Scan,,,ActionSuccess
2026-05-23T11:33:57.352723Z,102,dc.scaffold.htb,Microsoft-Windows-TaskScheduler,Microsoft-Windows-TaskScheduler/Operational,5401,4,,,D6C1DD42-659E-4613-8113-538F28F4E151,,,,,,,,,\Microsoft\Windows\Data Integrity Scan\Data Integrity Check And Scan,NT AUTHORITY\SYSTEM,,TaskSuccessEvent
2026-05-23T11:33:57.403265Z,201,dc.scaffold.htb,Microsoft-Windows-TaskScheduler,Microsoft-Windows-TaskScheduler/Operational,5402,4,C:\Windows\system32\sc.exe,1352,,,,,,,2147943456,,305D8769-0DD6-4365-99CF-7AC305476D92,\Microsoft\Windows\WindowsUpdate\Scheduled Start,,,ActionSuccess
2026-05-23T11:33:57.403451Z,102,dc.scaffold.htb,Microsoft-Windows-TaskScheduler,Microsoft-Windows-TaskScheduler/Operational,5403,4,,,305D8769-0DD6-4365-99CF-7AC305476D92,,,,,,,,,\Microsoft\Windows\WindowsUpdate\Scheduled Start,NT AUTHORITY\SYSTEM,,TaskSuccessEvent
2026-05-23T11:33:57.409072Z,201,dc.scaffold.htb,Microsoft-Windows-TaskScheduler,Microsoft-Windows-TaskScheduler/Operational,5404,4,%systemroot%\system32\usoclient.exe,5692,,,,,,,0,,F1CE16B7-E01C-44D0-8299-1821CEB10B0C,\Microsoft\Windows\UpdateOrchestrator\Schedule Scan,,,ActionSuccess
2026-05-23T11:33:57.409168Z,102,dc.scaffold.htb,Microsoft-Windows-TaskScheduler,Microsoft-Windows-TaskScheduler/Operational,5405,4,,,F1CE16B7-E01C-44D0-8299-1821CEB10B0C,,,,,,,,,\Microsoft\Windows\UpdateOrchestrator\Schedule Scan,NT AUTHORITY\SYSTEM,,TaskSuccessEvent
2026-05-23T11:33:58.342708Z,201,dc.scaffold.htb,Microsoft-Windows-TaskScheduler,Microsoft-Windows-TaskScheduler/Operational,5406,4,%systemroot%\system32\MusNotification.exe,3440,,,,,,,0,,9B62CECB-D60C-497F-BE88-9118AC5A18F7,\Microsoft\Windows\UpdateOrchestrator\USO_UxBroker,,,ActionSuccess
2026-05-23T11:33:58.342947Z,102,dc.scaffold.htb,Microsoft-Windows-TaskScheduler,Microsoft-Windows-TaskScheduler/Operational,5407,4,,,9B62CECB-D60C-497F-BE88-9118AC5A18F7,,,,,,,,,\Microsoft\Windows\UpdateOrchestrator\USO_UxBroker,NT AUTHORITY\SYSTEM,,TaskSuccessEvent
2026-05-23T11:34:06.558121Z,201,dc.scaffold.htb,Microsoft-Windows-TaskScheduler,Microsoft-Windows-TaskScheduler/Operational,5408,4,%windir%\system32\rundll32.exe,3736,,,,,,,0,,F6873845-D3F8-4F8D-8E91-D0FC46A68BDC,\Microsoft\Windows\Application Experience\PcaPatchDbTask,,,ActionSuccess
2026-05-23T11:34:06.558219Z,102,dc.scaffold.htb,Microsoft-Windows-TaskScheduler,Microsoft-Windows-TaskScheduler/Operational,5409,4,,,F6873845-D3F8-4F8D-8E91-D0FC46A68BDC,,,,,,,,,\Microsoft\Windows\Application Experience\PcaPatchDbTask,NT AUTHORITY\SYSTEM,,TaskSuccessEvent
2026-05-23T11:34:06.560319Z,202,dc.scaffold.htb,Microsoft-Windows-TaskScheduler,Microsoft-Windows-TaskScheduler/Operational,5410,2,OneSettings Refresh Cache Task Handler,2068,,,,,,,2147954407,,AC71C398-2952-4770-AE5E-9CED1637BF4E,\Microsoft\Windows\Flighting\OneSettings\RefreshCache,,,ActionFailure
2026-05-23T11:34:06.560320Z,103,dc.scaffold.htb,Microsoft-Windows-TaskScheduler,Microsoft-Windows-TaskScheduler/Operational,5411,2,,,AC71C398-2952-4770-AE5E-9CED1637BF4E,,,,,,2147954407,,,\Microsoft\Windows\Flighting\OneSettings\RefreshCache,NT AUTHORITY\SYSTEM,,TaskFailureEvent
2026-05-23T11:34:06.621027Z,129,dc.scaffold.htb,Microsoft-Windows-TaskScheduler,Microsoft-Windows-TaskScheduler/Operational,5412,4,,,,,taskhostw.exe,16384,6112,,,,,\Microsoft\Windows\Flighting\OneSettings\RefreshCache,,,CreatedTaskProcess
2026-05-23T11:34:06.621127Z,100,dc.scaffold.htb,Microsoft-Windows-TaskScheduler,Microsoft-Windows-TaskScheduler/Operational,5413,4,,,A0A36D46-2927-4CA5-B505-11EC345E6C0F,,,,,,,,,\Microsoft\Windows\Flighting\OneSettings\RefreshCache,NT AUTHORITY\SYSTEM,,TaskStartEvent
2026-05-23T11:34:06.621128Z,200,dc.scaffold.htb,Microsoft-Windows-TaskScheduler,Microsoft-Windows-TaskScheduler/Operational,5414,4,OneSettings Refresh Cache Task Handler,6112,,,,,,,,,A0A36D46-2927-4CA5-B505-11EC345E6C0F,\Microsoft\Windows\Flighting\OneSettings\RefreshCache,,,ActionStart
2026-05-23T11:34:06.627349Z,140,dc.scaffold.htb,Microsoft-Windows-TaskScheduler,Microsoft-Windows-TaskScheduler/Operational,5415,4,,,,,,,,,,,,\Microsoft\Windows\UpdateOrchestrator\Schedule Scan,,S-1-5-18,TaskUpdated
2026-05-23T11:34:06.650335Z,140,dc.scaffold.htb,Microsoft-Windows-TaskScheduler,Microsoft-Windows-TaskScheduler/Operational,5416,4,,,,,,,,,,,,\Microsoft\Windows\UpdateOrchestrator\Schedule Scan,,SCAFFOLD\DC$,TaskUpdated
2026-05-23T11:34:06.709243Z,202,dc.scaffold.htb,Microsoft-Windows-TaskScheduler,Microsoft-Windows-TaskScheduler/Operational,5417,2,OneSettings Refresh Cache Task Handler,6112,,,,,,,2147954407,,A0A36D46-2927-4CA5-B505-11EC345E6C0F,\Microsoft\Windows\Flighting\OneSettings\RefreshCache,,,ActionFailure
2026-05-23T11:34:06.709244Z,103,dc.scaffold.htb,Microsoft-Windows-TaskScheduler,Microsoft-Windows-TaskScheduler/Operational,5418,2,,,A0A36D46-2927-4CA5-B505-11EC345E6C0F,,,,,,2147954407,,,\Microsoft\Windows\Flighting\OneSettings\RefreshCache,NT AUTHORITY\SYSTEM,,TaskFailureEvent
2026-05-23T11:34:07.190563Z,140,dc.scaffold.htb,Microsoft-Windows-TaskScheduler,Microsoft-Windows-TaskScheduler/Operational,5419,4,,,,,,,,,,,,\Microsoft\Windows\Device Information\Device,,SCAFFOLD\DC$,TaskUpdated
2026-05-23T11:34:07.192889Z,140,dc.scaffold.htb,Microsoft-Windows-TaskScheduler,Microsoft-Windows-TaskScheduler/Operational,5420,4,,,,,,,,,,,,\Microsoft\Windows\Device Information\Device,,SCAFFOLD\DC$,TaskUpdated
2026-05-23T11:34:07.195635Z,201,dc.scaffold.htb,Microsoft-Windows-TaskScheduler,Microsoft-Windows-TaskScheduler/Operational,5421,4,%windir%\system32\devicecensus.exe,5776,,,,,,,0,,4C1FEE11-4A71-47EA-9B59-AA367F7BF2D8,\Microsoft\Windows\Device Information\Device,,,ActionSuccess
2026-05-23T11:34:07.195720Z,102,dc.scaffold.htb,Microsoft-Windows-TaskScheduler,Microsoft-Windows-TaskScheduler/Operational,5422,4,,,4C1FEE11-4A71-47EA-9B59-AA367F7BF2D8,,,,,,,,,\Microsoft\Windows\Device Information\Device,NT AUTHORITY\SYSTEM,,TaskSuccessEvent
