2026-05-18T23:42:30.740262Z,102,dc.scaffold.htb,Microsoft-Windows-TaskScheduler,Microsoft-Windows-TaskScheduler/Operational,3734,4,,,32B94C25-D7AB-4BCE-BC02-B839B9B83A60,,,,,,,,,\Microsoft\Windows\WindowsColorSystem\Calibration Loader,SCAFFOLD\Administrator,,TaskSuccessEvent
2026-05-18T23:42:32.335250Z,201,dc.scaffold.htb,Microsoft-Windows-TaskScheduler,Microsoft-Windows-TaskScheduler/Operational,3735,4,%windir%\system32\ServerManagerLauncher.exe,5884,,,,,,,0,,5B200313-D730-4F43-9B51-CC7854A4EBFC,\Microsoft\Windows\Server Manager\ServerManager,,,ActionSuccess
2026-05-18T23:42:32.335683Z,102,dc.scaffold.htb,Microsoft-Windows-TaskScheduler,Microsoft-Windows-TaskScheduler/Operational,3736,4,,,5B200313-D730-4F43-9B51-CC7854A4EBFC,,,,,,,,,\Microsoft\Windows\Server Manager\ServerManager,SCAFFOLD\Administrator,,TaskSuccessEvent
2026-05-18T23:43:00.824276Z,118,dc.scaffold.htb,Microsoft-Windows-TaskScheduler,Microsoft-Windows-TaskScheduler/Operational,3737,4,,,F0C0BF39-5629-4C39-8002-EE8C4E55BB67,,,,,,,,,\Microsoft\Windows\Windows Error Reporting\QueueReporting,,,BootTrigger
2026-05-18T23:43:00.826609Z,119,dc.scaffold.htb,Microsoft-Windows-TaskScheduler,Microsoft-Windows-TaskScheduler/Operational,3738,4,,,1ED7DB80-DC25-40CF-B5C7-EA032BA4DF3F,,,,,,,,,\Microsoft\Windows\International\Synchronize Language Settings,,SCAFFOLD\Administrator,LogonTrigger
2026-05-18T23:43:00.830230Z,129,dc.scaffold.htb,Microsoft-Windows-TaskScheduler,Microsoft-Windows-TaskScheduler/Operational,3739,4,,,,,taskhostw.exe,32,6728,,,,,\Microsoft\Windows\International\Synchronize Language Settings,,,CreatedTaskProcess
2026-05-18T23:43:00.830628Z,100,dc.scaffold.htb,Microsoft-Windows-TaskScheduler,Microsoft-Windows-TaskScheduler/Operational,3740,4,,,1ED7DB80-DC25-40CF-B5C7-EA032BA4DF3F,,,,,,,,,\Microsoft\Windows\International\Synchronize Language Settings,SCAFFOLD\Administrator,,TaskStartEvent
2026-05-18T23:43:00.830631Z,200,dc.scaffold.htb,Microsoft-Windows-TaskScheduler,Microsoft-Windows-TaskScheduler/Operational,3741,4,Sync Language Data From Cloud Task,6728,,,,,,,,,1ED7DB80-DC25-40CF-B5C7-EA032BA4DF3F,\Microsoft\Windows\International\Synchronize Language Settings,,,ActionStart
2026-05-18T23:43:00.832804Z,129,dc.scaffold.htb,Microsoft-Windows-TaskScheduler,Microsoft-Windows-TaskScheduler/Operational,3742,4,,,,,taskhostw.exe,16384,6736,,,,,\Microsoft\Windows\Flighting\FeatureConfig\ReconcileFeatures,,,CreatedTaskProcess
2026-05-18T23:43:00.832992Z,100,dc.scaffold.htb,Microsoft-Windows-TaskScheduler,Microsoft-Windows-TaskScheduler/Operational,3743,4,,,389B46CF-826C-49E5-8BA0-232E55D4EFF2,,,,,,,,,\Microsoft\Windows\Flighting\FeatureConfig\ReconcileFeatures,NT AUTHORITY\SYSTEM,,TaskStartEvent
2026-05-18T23:43:00.832994Z,200,dc.scaffold.htb,Microsoft-Windows-TaskScheduler,Microsoft-Windows-TaskScheduler/Operational,3744,4,Feature Configuration Reconciliation Task Handler,6736,,,,,,,,,389B46CF-826C-49E5-8BA0-232E55D4EFF2,\Microsoft\Windows\Flighting\FeatureConfig\ReconcileFeatures,,,ActionStart
2026-05-18T23:43:00.838459Z,129,dc.scaffold.htb,Microsoft-Windows-TaskScheduler,Microsoft-Windows-TaskScheduler/Operational,3745,4,,,,,%windir%\system32\wermgr.exe,16384,6756,,,,,\Microsoft\Windows\Windows Error Reporting\QueueReporting,,,CreatedTaskProcess
2026-05-18T23:43:00.838649Z,100,dc.scaffold.htb,Microsoft-Windows-TaskScheduler,Microsoft-Windows-TaskScheduler/Operational,3746,4,,,F0C0BF39-5629-4C39-8002-EE8C4E55BB67,,,,,,,,,\Microsoft\Windows\Windows Error Reporting\QueueReporting,NT AUTHORITY\SYSTEM,,TaskStartEvent
2026-05-18T23:43:00.838651Z,200,dc.scaffold.htb,Microsoft-Windows-TaskScheduler,Microsoft-Windows-TaskScheduler/Operational,3747,4,%windir%\system32\wermgr.exe,6756,,,,,,,,,F0C0BF39-5629-4C39-8002-EE8C4E55BB67,\Microsoft\Windows\Windows Error Reporting\QueueReporting,,,ActionStart
2026-05-18T23:43:00.880744Z,201,dc.scaffold.htb,Microsoft-Windows-TaskScheduler,Microsoft-Windows-TaskScheduler/Operational,3748,4,Feature Configuration Reconciliation Task Handler,6736,,,,,,,0,,389B46CF-826C-49E5-8BA0-232E55D4EFF2,\Microsoft\Windows\Flighting\FeatureConfig\ReconcileFeatures,,,ActionSuccess
2026-05-18T23:43:00.880745Z,102,dc.scaffold.htb,Microsoft-Windows-TaskScheduler,Microsoft-Windows-TaskScheduler/Operational,3749,4,,,389B46CF-826C-49E5-8BA0-232E55D4EFF2,,,,,,,,,\Microsoft\Windows\Flighting\FeatureConfig\ReconcileFeatures,NT AUTHORITY\SYSTEM,,TaskSuccessEvent
2026-05-18T23:43:19.032085Z,201,dc.scaffold.htb,Microsoft-Windows-TaskScheduler,Microsoft-Windows-TaskScheduler/Operational,3750,4,%windir%\system32\wermgr.exe,6756,,,,,,,0,,F0C0BF39-5629-4C39-8002-EE8C4E55BB67,\Microsoft\Windows\Windows Error Reporting\QueueReporting,,,ActionSuccess
2026-05-18T23:43:19.032260Z,102,dc.scaffold.htb,Microsoft-Windows-TaskScheduler,Microsoft-Windows-TaskScheduler/Operational,3751,4,,,F0C0BF39-5629-4C39-8002-EE8C4E55BB67,,,,,,,,,\Microsoft\Windows\Windows Error Reporting\QueueReporting,NT AUTHORITY\SYSTEM,,TaskSuccessEvent
2026-05-18T23:43:30.823535Z,119,dc.scaffold.htb,Microsoft-Windows-TaskScheduler,Microsoft-Windows-TaskScheduler/Operational,3752,4,,,866BCC81-BDC2-4544-B85F-EB72CFC256EA,,,,,,,,,\Microsoft\Windows\Workplace Join\Automatic-Device-Join,,SCAFFOLD\Administrator,LogonTrigger
2026-05-18T23:43:30.826854Z,129,dc.scaffold.htb,Microsoft-Windows-TaskScheduler,Microsoft-Windows-TaskScheduler/Operational,3753,4,,,,,%SystemRoot%\System32\dsregcmd.exe,16384,7044,,,,,\Microsoft\Windows\Workplace Join\Automatic-Device-Join,,,CreatedTaskProcess
2026-05-18T23:43:30.827096Z,100,dc.scaffold.htb,Microsoft-Windows-TaskScheduler,Microsoft-Windows-TaskScheduler/Operational,3754,4,,,866BCC81-BDC2-4544-B85F-EB72CFC256EA,,,,,,,,,\Microsoft\Windows\Workplace Join\Automatic-Device-Join,NT AUTHORITY\SYSTEM,,TaskStartEvent
2026-05-18T23:43:30.827099Z,200,dc.scaffold.htb,Microsoft-Windows-TaskScheduler,Microsoft-Windows-TaskScheduler/Operational,3755,4,%SystemRoot%\System32\dsregcmd.exe,7044,,,,,,,,,866BCC81-BDC2-4544-B85F-EB72CFC256EA,\Microsoft\Windows\Workplace Join\Automatic-Device-Join,,,ActionStart
2026-05-18T23:43:30.887688Z,201,dc.scaffold.htb,Microsoft-Windows-TaskScheduler,Microsoft-Windows-TaskScheduler/Operational,3756,4,%SystemRoot%\System32\dsregcmd.exe,7044,,,,,,,2147942401,,866BCC81-BDC2-4544-B85F-EB72CFC256EA,\Microsoft\Windows\Workplace Join\Automatic-Device-Join,,,ActionSuccess
2026-05-18T23:43:30.887839Z,102,dc.scaffold.htb,Microsoft-Windows-TaskScheduler,Microsoft-Windows-TaskScheduler/Operational,3757,4,,,866BCC81-BDC2-4544-B85F-EB72CFC256EA,,,,,,,,,\Microsoft\Windows\Workplace Join\Automatic-Device-Join,NT AUTHORITY\SYSTEM,,TaskSuccessEvent
2026-05-18T23:43:35.488316Z,202,dc.scaffold.htb,Microsoft-Windows-TaskScheduler,Microsoft-Windows-TaskScheduler/Operational,3758,2,Sync Language Data From Cloud Task,6728,,,,,,,2147746053,,1ED7DB80-DC25-40CF-B5C7-EA032BA4DF3F,\Microsoft\Windows\International\Synchronize Language Settings,,,ActionFailure
2026-05-18T23:43:35.488319Z,103,dc.scaffold.htb,Microsoft-Windows-TaskScheduler,Microsoft-Windows-TaskScheduler/Operational,3759,2,,,1ED7DB80-DC25-40CF-B5C7-EA032BA4DF3F,,,,,,2147746053,,,\Microsoft\Windows\International\Synchronize Language Settings,SCAFFOLD\Administrator,,TaskFailureEvent
2026-05-18T23:44:09.304930Z,114,dc.scaffold.htb,Microsoft-Windows-TaskScheduler,Microsoft-Windows-TaskScheduler/Operational,3760,3,,,E7978862-B006-49D5-A7C9-FBBA718BAA11,,,,,,,,,\Microsoft\Windows\Flighting\OneSettings\RefreshCache,,,MissedTaskLaunched
2026-05-18T23:44:09.309940Z,129,dc.scaffold.htb,Microsoft-Windows-TaskScheduler,Microsoft-Windows-TaskScheduler/Operational,3761,4,,,,,taskhostw.exe,16384,2440,,,,,\Microsoft\Windows\Flighting\OneSettings\RefreshCache,,,CreatedTaskProcess
2026-05-18T23:44:09.310214Z,100,dc.scaffold.htb,Microsoft-Windows-TaskScheduler,Microsoft-Windows-TaskScheduler/Operational,3762,4,,,E7978862-B006-49D5-A7C9-FBBA718BAA11,,,,,,,,,\Microsoft\Windows\Flighting\OneSettings\RefreshCache,NT AUTHORITY\SYSTEM,,TaskStartEvent
2026-05-18T23:44:09.310217Z,200,dc.scaffold.htb,Microsoft-Windows-TaskScheduler,Microsoft-Windows-TaskScheduler/Operational,3763,4,OneSettings Refresh Cache Task Handler,2440,,,,,,,,,E7978862-B006-49D5-A7C9-FBBA718BAA11,\Microsoft\Windows\Flighting\OneSettings\RefreshCache,,,ActionStart
2026-05-18T23:44:26.544344Z,202,dc.scaffold.htb,Microsoft-Windows-TaskScheduler,Microsoft-Windows-TaskScheduler/Operational,3764,2,OneSettings Refresh Cache Task Handler,2440,,,,,,,2147954407,,E7978862-B006-49D5-A7C9-FBBA718BAA11,\Microsoft\Windows\Flighting\OneSettings\RefreshCache,,,ActionFailure
2026-05-18T23:44:26.544346Z,103,dc.scaffold.htb,Microsoft-Windows-TaskScheduler,Microsoft-Windows-TaskScheduler/Operational,3765,2,,,E7978862-B006-49D5-A7C9-FBBA718BAA11,,,,,,2147954407,,,\Microsoft\Windows\Flighting\OneSettings\RefreshCache,NT AUTHORITY\SYSTEM,,TaskFailureEvent
2026-05-18T23:50:01.596297Z,129,dc.scaffold.htb,Microsoft-Windows-TaskScheduler,Microsoft-Windows-TaskScheduler/Operational,3766,4,,,,,taskhostw.exe,16384,3268,,,,,\Microsoft\Windows\DiskFootprint\StorageSense,,,CreatedTaskProcess
2026-05-18T23:50:01.597715Z,100,dc.scaffold.htb,Microsoft-Windows-TaskScheduler,Microsoft-Windows-TaskScheduler/Operational,3767,4,,,326BFF45-990F-4ED0-883D-05E72A7388A7,,,,,,,,,\Microsoft\Windows\DiskFootprint\StorageSense,NT AUTHORITY\SYSTEM,,TaskStartEvent
2026-05-18T23:50:01.597719Z,200,dc.scaffold.htb,Microsoft-Windows-TaskScheduler,Microsoft-Windows-TaskScheduler/Operational,3768,4,StorageUsage State Reporter Task Handler,3268,,,,,,,,,326BFF45-990F-4ED0-883D-05E72A7388A7,\Microsoft\Windows\DiskFootprint\StorageSense,,,ActionStart
2026-05-18T23:50:01.602164Z,129,dc.scaffold.htb,Microsoft-Windows-TaskScheduler,Microsoft-Windows-TaskScheduler/Operational,3769,4,,,,,%windir%\system32\rundll32.exe,16384,2136,,,,,\Microsoft\Windows\StateRepository\MaintenanceTasks,,,CreatedTaskProcess
2026-05-18T23:50:01.602356Z,100,dc.scaffold.htb,Microsoft-Windows-TaskScheduler,Microsoft-Windows-TaskScheduler/Operational,3770,4,,,1C66ED3C-AA9C-4A1E-84D7-6799C53D4780,,,,,,,,,\Microsoft\Windows\StateRepository\MaintenanceTasks,NT AUTHORITY\SYSTEM,,TaskStartEvent
2026-05-18T23:50:01.602358Z,200,dc.scaffold.htb,Microsoft-Windows-TaskScheduler,Microsoft-Windows-TaskScheduler/Operational,3771,4,%windir%\system32\rundll32.exe,2136,,,,,,,,,1C66ED3C-AA9C-4A1E-84D7-6799C53D4780,\Microsoft\Windows\StateRepository\MaintenanceTasks,,,ActionStart
2026-05-18T23:50:01.611109Z,129,dc.scaffold.htb,Microsoft-Windows-TaskScheduler,Microsoft-Windows-TaskScheduler/Operational,3772,4,,,,,%windir%\system32\AppHostRegistrationVerifier.exe,16384,2104,,,,,\microsoft\windows\applicationdata\appuriverifierdaily,,,CreatedTaskProcess
2026-05-18T23:50:01.611564Z,100,dc.scaffold.htb,Microsoft-Windows-TaskScheduler,Microsoft-Windows-TaskScheduler/Operational,3773,4,,,EB17BC6D-FCC0-42BD-9EFA-18BF546D24E8,,,,,,,,,\microsoft\windows\applicationdata\appuriverifierdaily,SCAFFOLD\Administrator,,TaskStartEvent
2026-05-18T23:50:01.611573Z,200,dc.scaffold.htb,Microsoft-Windows-TaskScheduler,Microsoft-Windows-TaskScheduler/Operational,3774,4,%windir%\system32\AppHostRegistrationVerifier.exe,2104,,,,,,,,,EB17BC6D-FCC0-42BD-9EFA-18BF546D24E8,\microsoft\windows\applicationdata\appuriverifierdaily,,,ActionStart
2026-05-18T23:50:01.612139Z,100,dc.scaffold.htb,Microsoft-Windows-TaskScheduler,Microsoft-Windows-TaskScheduler/Operational,3775,4,,,30752F1B-F821-4DE5-9DCE-CD9901A444B0,,,,,,,,,\Microsoft\Windows\Flighting\FeatureConfig\UsageDataReporting,NT AUTHORITY\SYSTEM,,TaskStartEvent
2026-05-18T23:50:01.612140Z,200,dc.scaffold.htb,Microsoft-Windows-TaskScheduler,Microsoft-Windows-TaskScheduler/Operational,3776,4,Feature Usage Data Reporting Task Handler,3268,,,,,,,,,30752F1B-F821-4DE5-9DCE-CD9901A444B0,\Microsoft\Windows\Flighting\FeatureConfig\UsageDataReporting,,,ActionStart
2026-05-18T23:50:01.614700Z,129,dc.scaffold.htb,Microsoft-Windows-TaskScheduler,Microsoft-Windows-TaskScheduler/Operational,3777,4,,,,,%windir%\system32\dstokenclean.exe,16384,624,,,,,\Microsoft\Windows\ApplicationData\DsSvcCleanup,,,CreatedTaskProcess
2026-05-18T23:50:01.614789Z,100,dc.scaffold.htb,Microsoft-Windows-TaskScheduler,Microsoft-Windows-TaskScheduler/Operational,3778,4,,,490DDB6B-2E07-49AC-867B-19FC2A3C4700,,,,,,,,,\Microsoft\Windows\ApplicationData\DsSvcCleanup,NT AUTHORITY\SYSTEM,,TaskStartEvent
2026-05-18T23:50:01.614790Z,200,dc.scaffold.htb,Microsoft-Windows-TaskScheduler,Microsoft-Windows-TaskScheduler/Operational,3779,4,%windir%\system32\dstokenclean.exe,624,,,,,,,,,490DDB6B-2E07-49AC-867B-19FC2A3C4700,\Microsoft\Windows\ApplicationData\DsSvcCleanup,,,ActionStart
2026-05-18T23:50:01.619443Z,129,dc.scaffold.htb,Microsoft-Windows-TaskScheduler,Microsoft-Windows-TaskScheduler/Operational,3780,4,,,,,%windir%\system32\sc.exe,16384,6464,,,,,\Microsoft\Windows\Time Synchronization\SynchronizeTime,,,CreatedTaskProcess
2026-05-18T23:50:01.619741Z,100,dc.scaffold.htb,Microsoft-Windows-TaskScheduler,Microsoft-Windows-TaskScheduler/Operational,3781,4,,,6CA5E6E1-7358-444E-9874-EECFAC53B72E,,,,,,,,,\Microsoft\Windows\Time Synchronization\SynchronizeTime,(NONE),,TaskStartEvent
2026-05-18T23:50:01.619744Z,200,dc.scaffold.htb,Microsoft-Windows-TaskScheduler,Microsoft-Windows-TaskScheduler/Operational,3782,4,%windir%\system32\sc.exe,6464,,,,,,,,,6CA5E6E1-7358-444E-9874-EECFAC53B72E,\Microsoft\Windows\Time Synchronization\SynchronizeTime,,,ActionStart
2026-05-18T23:50:01.620512Z,100,dc.scaffold.htb,Microsoft-Windows-TaskScheduler,Microsoft-Windows-TaskScheduler/Operational,3783,4,,,1C5AE07A-3817-4C5D-A2A7-C3E8A2792C8D,,,,,,,,,\Microsoft\Windows\Chkdsk\ProactiveScan,NT AUTHORITY\SYSTEM,,TaskStartEvent
2026-05-18T23:50:01.620515Z,200,dc.scaffold.htb,Microsoft-Windows-TaskScheduler,Microsoft-Windows-TaskScheduler/Operational,3784,4,Proactive Scan,3268,,,,,,,,,1C5AE07A-3817-4C5D-A2A7-C3E8A2792C8D,\Microsoft\Windows\Chkdsk\ProactiveScan,,,ActionStart
2026-05-18T23:50:01.623981Z,129,dc.scaffold.htb,Microsoft-Windows-TaskScheduler,Microsoft-Windows-TaskScheduler/Operational,3785,4,,,,,taskhostw.exe,16384,6856,,,,,\Microsoft\Windows\Shell\IndexerAutomaticMaintenance,,,CreatedTaskProcess
2026-05-18T23:50:01.624118Z,100,dc.scaffold.htb,Microsoft-Windows-TaskScheduler,Microsoft-Windows-TaskScheduler/Operational,3786,4,,,CD1A9A97-91EB-49F8-B688-99F7EA0AAE85,,,,,,,,,\Microsoft\Windows\Shell\IndexerAutomaticMaintenance,(NONE),,TaskStartEvent
2026-05-18T23:50:01.624119Z,200,dc.scaffold.htb,Microsoft-Windows-TaskScheduler,Microsoft-Windows-TaskScheduler/Operational,3787,4,Automatic Maintenance task to enable Windows Search to make progress while in Connected Standby,6856,,,,,,,,,CD1A9A97-91EB-49F8-B688-99F7EA0AAE85,\Microsoft\Windows\Shell\IndexerAutomaticMaintenance,,,ActionStart
2026-05-18T23:50:01.627715Z,129,dc.scaffold.htb,Microsoft-Windows-TaskScheduler,Microsoft-Windows-TaskScheduler/Operational,3788,4,,,,,%windir%\system32\disksnapshot.exe,16384,6052,,,,,\Microsoft\Windows\DiskFootprint\Diagnostics,,,CreatedTaskProcess
2026-05-18T23:50:01.627929Z,100,dc.scaffold.htb,Microsoft-Windows-TaskScheduler,Microsoft-Windows-TaskScheduler/Operational,3789,4,,,4C8904A7-FC64-4A0C-888C-5FF8198EFDAF,,,,,,,,,\Microsoft\Windows\DiskFootprint\Diagnostics,NT AUTHORITY\SYSTEM,,TaskStartEvent
2026-05-18T23:50:01.627931Z,200,dc.scaffold.htb,Microsoft-Windows-TaskScheduler,Microsoft-Windows-TaskScheduler/Operational,3790,4,%windir%\system32\disksnapshot.exe,6052,,,,,,,,,4C8904A7-FC64-4A0C-888C-5FF8198EFDAF,\Microsoft\Windows\DiskFootprint\Diagnostics,,,ActionStart
2026-05-18T23:50:01.628160Z,201,dc.scaffold.htb,Microsoft-Windows-TaskScheduler,Microsoft-Windows-TaskScheduler/Operational,3791,4,Proactive Scan,3268,,,,,,,0,,1C5AE07A-3817-4C5D-A2A7-C3E8A2792C8D,\Microsoft\Windows\Chkdsk\ProactiveScan,,,ActionSuccess
2026-05-18T23:50:01.628161Z,102,dc.scaffold.htb,Microsoft-Windows-TaskScheduler,Microsoft-Windows-TaskScheduler/Operational,3792,4,,,1C5AE07A-3817-4C5D-A2A7-C3E8A2792C8D,,,,,,,,,\Microsoft\Windows\Chkdsk\ProactiveScan,NT AUTHORITY\SYSTEM,,TaskSuccessEvent
2026-05-18T23:50:01.629821Z,129,dc.scaffold.htb,Microsoft-Windows-TaskScheduler,Microsoft-Windows-TaskScheduler/Operational,3793,4,,,,,taskhostw.exe,32,4068,,,,,\Microsoft\Windows\License Manager\TempSignedLicenseExchange,,,CreatedTaskProcess
2026-05-18T23:50:01.630069Z,100,dc.scaffold.htb,Microsoft-Windows-TaskScheduler,Microsoft-Windows-TaskScheduler/Operational,3794,4,,,6F6D2486-FBB8-4A36-8E76-26DB0264648C,,,,,,,,,\Microsoft\Windows\License Manager\TempSignedLicenseExchange,SCAFFOLD\Administrator,,TaskStartEvent
2026-05-18T23:50:01.630070Z,200,dc.scaffold.htb,Microsoft-Windows-TaskScheduler,Microsoft-Windows-TaskScheduler/Operational,3795,4,TempSignedLicenseExchangeTask,4068,,,,,,,,,6F6D2486-FBB8-4A36-8E76-26DB0264648C,\Microsoft\Windows\License Manager\TempSignedLicenseExchange,,,ActionStart
2026-05-18T23:50:01.630527Z,100,dc.scaffold.htb,Microsoft-Windows-TaskScheduler,Microsoft-Windows-TaskScheduler/Operational,3796,4,,,75F9325A-8BE5-45B6-B6EA-529EFC41A1E3,,,,,,,,,\Microsoft\Windows\.NET Framework\.NET Framework NGEN v4.0.30319 64,NT AUTHORITY\SYSTEM,,TaskStartEvent
2026-05-18T23:50:01.630528Z,200,dc.scaffold.htb,Microsoft-Windows-TaskScheduler,Microsoft-Windows-TaskScheduler/Operational,3797,4,,3268,,,,,,,,,75F9325A-8BE5-45B6-B6EA-529EFC41A1E3,\Microsoft\Windows\.NET Framework\.NET Framework NGEN v4.0.30319 64,,,ActionStart
2026-05-18T23:50:01.630964Z,100,dc.scaffold.htb,Microsoft-Windows-TaskScheduler,Microsoft-Windows-TaskScheduler/Operational,3798,4,,,920F55D0-1F11-4FC6-A871-745F1F04987B,,,,,,,,,\Microsoft\Windows\.NET Framework\.NET Framework NGEN v4.0.30319,NT AUTHORITY\SYSTEM,,TaskStartEvent
2026-05-18T23:50:01.630966Z,200,dc.scaffold.htb,Microsoft-Windows-TaskScheduler,Microsoft-Windows-TaskScheduler/Operational,3799,4,,3268,,,,,,,,,920F55D0-1F11-4FC6-A871-745F1F04987B,\Microsoft\Windows\.NET Framework\.NET Framework NGEN v4.0.30319,,,ActionStart
2026-05-18T23:50:01.637332Z,129,dc.scaffold.htb,Microsoft-Windows-TaskScheduler,Microsoft-Windows-TaskScheduler/Operational,3800,4,,,,,%windir%\system32\cleanmgr.exe,16384,6028,,,,,\Microsoft\Windows\DiskCleanup\SilentCleanup,,,CreatedTaskProcess
2026-05-18T23:50:01.637806Z,100,dc.scaffold.htb,Microsoft-Windows-TaskScheduler,Microsoft-Windows-TaskScheduler/Operational,3801,4,,,CD692001-6205-4FDF-A0B6-33E4B0AC5A34,,,,,,,,,\Microsoft\Windows\DiskCleanup\SilentCleanup,SCAFFOLD\Administrator,,TaskStartEvent
2026-05-18T23:50:01.637810Z,200,dc.scaffold.htb,Microsoft-Windows-TaskScheduler,Microsoft-Windows-TaskScheduler/Operational,3802,4,%windir%\system32\cleanmgr.exe,6028,,,,,,,,,CD692001-6205-4FDF-A0B6-33E4B0AC5A34,\Microsoft\Windows\DiskCleanup\SilentCleanup,,,ActionStart
2026-05-18T23:50:01.671626Z,201,dc.scaffold.htb,Microsoft-Windows-TaskScheduler,Microsoft-Windows-TaskScheduler/Operational,3803,4,Automatic Maintenance task to enable Windows Search to make progress while in Connected Standby,6856,,,,,,,2147942401,,CD1A9A97-91EB-49F8-B688-99F7EA0AAE85,\Microsoft\Windows\Shell\IndexerAutomaticMaintenance,,,ActionSuccess
2026-05-18T23:50:01.671628Z,102,dc.scaffold.htb,Microsoft-Windows-TaskScheduler,Microsoft-Windows-TaskScheduler/Operational,3804,4,,,CD1A9A97-91EB-49F8-B688-99F7EA0AAE85,,,,,,,,,\Microsoft\Windows\Shell\IndexerAutomaticMaintenance,(NONE),,TaskSuccessEvent
2026-05-18T23:50:01.675329Z,201,dc.scaffold.htb,Microsoft-Windows-TaskScheduler,Microsoft-Windows-TaskScheduler/Operational,3805,4,Feature Usage Data Reporting Task Handler,3268,,,,,,,0,,30752F1B-F821-4DE5-9DCE-CD9901A444B0,\Microsoft\Windows\Flighting\FeatureConfig\UsageDataReporting,,,ActionSuccess
2026-05-18T23:50:01.675330Z,102,dc.scaffold.htb,Microsoft-Windows-TaskScheduler,Microsoft-Windows-TaskScheduler/Operational,3806,4,,,30752F1B-F821-4DE5-9DCE-CD9901A444B0,,,,,,,,,\Microsoft\Windows\Flighting\FeatureConfig\UsageDataReporting,NT AUTHORITY\SYSTEM,,TaskSuccessEvent
2026-05-18T23:50:01.681025Z,201,dc.scaffold.htb,Microsoft-Windows-TaskScheduler,Microsoft-Windows-TaskScheduler/Operational,3807,4,TempSignedLicenseExchangeTask,4068,,,,,,,0,,6F6D2486-FBB8-4A36-8E76-26DB0264648C,\Microsoft\Windows\License Manager\TempSignedLicenseExchange,,,ActionSuccess
2026-05-18T23:50:01.681027Z,102,dc.scaffold.htb,Microsoft-Windows-TaskScheduler,Microsoft-Windows-TaskScheduler/Operational,3808,4,,,6F6D2486-FBB8-4A36-8E76-26DB0264648C,,,,,,,,,\Microsoft\Windows\License Manager\TempSignedLicenseExchange,SCAFFOLD\Administrator,,TaskSuccessEvent
2026-05-18T23:50:01.683165Z,201,dc.scaffold.htb,Microsoft-Windows-TaskScheduler,Microsoft-Windows-TaskScheduler/Operational,3809,4,%windir%\system32\AppHostRegistrationVerifier.exe,2104,,,,,,,0,,EB17BC6D-FCC0-42BD-9EFA-18BF546D24E8,\microsoft\windows\applicationdata\appuriverifierdaily,,,ActionSuccess
2026-05-18T23:50:01.683622Z,102,dc.scaffold.htb,Microsoft-Windows-TaskScheduler,Microsoft-Windows-TaskScheduler/Operational,3810,4,,,EB17BC6D-FCC0-42BD-9EFA-18BF546D24E8,,,,,,,,,\microsoft\windows\applicationdata\appuriverifierdaily,SCAFFOLD\Administrator,,TaskSuccessEvent
2026-05-18T23:50:01.684409Z,201,dc.scaffold.htb,Microsoft-Windows-TaskScheduler,Microsoft-Windows-TaskScheduler/Operational,3811,4,%windir%\system32\rundll32.exe,2136,,,,,,,0,,1C66ED3C-AA9C-4A1E-84D7-6799C53D4780,\Microsoft\Windows\StateRepository\MaintenanceTasks,,,ActionSuccess
2026-05-18T23:50:01.684737Z,102,dc.scaffold.htb,Microsoft-Windows-TaskScheduler,Microsoft-Windows-TaskScheduler/Operational,3812,4,,,1C66ED3C-AA9C-4A1E-84D7-6799C53D4780,,,,,,,,,\Microsoft\Windows\StateRepository\MaintenanceTasks,NT AUTHORITY\SYSTEM,,TaskSuccessEvent
2026-05-18T23:50:01.697011Z,201,dc.scaffold.htb,Microsoft-Windows-TaskScheduler,Microsoft-Windows-TaskScheduler/Operational,3813,4,%windir%\system32\disksnapshot.exe,6052,,,,,,,0,,4C8904A7-FC64-4A0C-888C-5FF8198EFDAF,\Microsoft\Windows\DiskFootprint\Diagnostics,,,ActionSuccess
2026-05-18T23:50:01.697135Z,102,dc.scaffold.htb,Microsoft-Windows-TaskScheduler,Microsoft-Windows-TaskScheduler/Operational,3814,4,,,4C8904A7-FC64-4A0C-888C-5FF8198EFDAF,,,,,,,,,\Microsoft\Windows\DiskFootprint\Diagnostics,NT AUTHORITY\SYSTEM,,TaskSuccessEvent
2026-05-18T23:50:01.713153Z,201,dc.scaffold.htb,Microsoft-Windows-TaskScheduler,Microsoft-Windows-TaskScheduler/Operational,3815,4,%windir%\system32\sc.exe,6464,,,,,,,2147943456,,6CA5E6E1-7358-444E-9874-EECFAC53B72E,\Microsoft\Windows\Time Synchronization\SynchronizeTime,,,ActionSuccess
2026-05-18T23:50:01.713276Z,102,dc.scaffold.htb,Microsoft-Windows-TaskScheduler,Microsoft-Windows-TaskScheduler/Operational,3816,4,,,6CA5E6E1-7358-444E-9874-EECFAC53B72E,,,,,,,,,\Microsoft\Windows\Time Synchronization\SynchronizeTime,(NONE),,TaskSuccessEvent
2026-05-18T23:50:01.752097Z,202,dc.scaffold.htb,Microsoft-Windows-TaskScheduler,Microsoft-Windows-TaskScheduler/Operational,3817,2,StorageUsage State Reporter Task Handler,3268,,,,,,,2147746132,,326BFF45-990F-4ED0-883D-05E72A7388A7,\Microsoft\Windows\DiskFootprint\StorageSense,,,ActionFailure
2026-05-18T23:50:01.752098Z,103,dc.scaffold.htb,Microsoft-Windows-TaskScheduler,Microsoft-Windows-TaskScheduler/Operational,3818,2,,,326BFF45-990F-4ED0-883D-05E72A7388A7,,,,,,2147746132,,,\Microsoft\Windows\DiskFootprint\StorageSense,NT AUTHORITY\SYSTEM,,TaskFailureEvent
2026-05-18T23:50:01.792956Z,140,dc.scaffold.htb,Microsoft-Windows-TaskScheduler,Microsoft-Windows-TaskScheduler/Operational,3819,4,,,,,,,,,,,,\Microsoft\Windows\.NET Framework\.NET Framework NGEN v4.0.30319 64,,SYSTEM,TaskUpdated
2026-05-18T23:50:01.798481Z,201,dc.scaffold.htb,Microsoft-Windows-TaskScheduler,Microsoft-Windows-TaskScheduler/Operational,3820,4,%windir%\system32\dstokenclean.exe,624,,,,,,,0,,490DDB6B-2E07-49AC-867B-19FC2A3C4700,\Microsoft\Windows\ApplicationData\DsSvcCleanup,,,ActionSuccess
2026-05-18T23:50:01.798589Z,102,dc.scaffold.htb,Microsoft-Windows-TaskScheduler,Microsoft-Windows-TaskScheduler/Operational,3821,4,,,490DDB6B-2E07-49AC-867B-19FC2A3C4700,,,,,,,,,\Microsoft\Windows\ApplicationData\DsSvcCleanup,NT AUTHORITY\SYSTEM,,TaskSuccessEvent
2026-05-18T23:50:01.842129Z,201,dc.scaffold.htb,Microsoft-Windows-TaskScheduler,Microsoft-Windows-TaskScheduler/Operational,3822,4,,3268,,,,,,,0,,75F9325A-8BE5-45B6-B6EA-529EFC41A1E3,\Microsoft\Windows\.NET Framework\.NET Framework NGEN v4.0.30319 64,,,ActionSuccess
2026-05-18T23:50:01.842130Z,102,dc.scaffold.htb,Microsoft-Windows-TaskScheduler,Microsoft-Windows-TaskScheduler/Operational,3823,4,,,75F9325A-8BE5-45B6-B6EA-529EFC41A1E3,,,,,,,,,\Microsoft\Windows\.NET Framework\.NET Framework NGEN v4.0.30319 64,NT AUTHORITY\SYSTEM,,TaskSuccessEvent
2026-05-18T23:50:01.970589Z,140,dc.scaffold.htb,Microsoft-Windows-TaskScheduler,Microsoft-Windows-TaskScheduler/Operational,3824,4,,,,,,,,,,,,\Microsoft\Windows\.NET Framework\.NET Framework NGEN v4.0.30319,,SYSTEM,TaskUpdated
2026-05-18T23:50:02.033787Z,201,dc.scaffold.htb,Microsoft-Windows-TaskScheduler,Microsoft-Windows-TaskScheduler/Operational,3825,4,,3268,,,,,,,0,,920F55D0-1F11-4FC6-A871-745F1F04987B,\Microsoft\Windows\.NET Framework\.NET Framework NGEN v4.0.30319,,,ActionSuccess
2026-05-18T23:50:02.033788Z,102,dc.scaffold.htb,Microsoft-Windows-TaskScheduler,Microsoft-Windows-TaskScheduler/Operational,3826,4,,,920F55D0-1F11-4FC6-A871-745F1F04987B,,,,,,,,,\Microsoft\Windows\.NET Framework\.NET Framework NGEN v4.0.30319,NT AUTHORITY\SYSTEM,,TaskSuccessEvent
2026-05-18T23:50:02.803870Z,129,dc.scaffold.htb,Microsoft-Windows-TaskScheduler,Microsoft-Windows-TaskScheduler/Operational,3827,4,,,,,taskhostw.exe,16384,3888,,,,,\Microsoft\Windows\.NET Framework\.NET Framework NGEN v4.0.30319 64,,,CreatedTaskProcess
2026-05-18T23:50:02.803999Z,100,dc.scaffold.htb,Microsoft-Windows-TaskScheduler,Microsoft-Windows-TaskScheduler/Operational,3828,4,,,B8ABDE23-9EC6-4A4B-85E4-72B6CF7DE3C0,,,,,,,,,\Microsoft\Windows\.NET Framework\.NET Framework NGEN v4.0.30319 64,NT AUTHORITY\SYSTEM,,TaskStartEvent
2026-05-18T23:50:02.804000Z,200,dc.scaffold.htb,Microsoft-Windows-TaskScheduler,Microsoft-Windows-TaskScheduler/Operational,3829,4,,3888,,,,,,,,,B8ABDE23-9EC6-4A4B-85E4-72B6CF7DE3C0,\Microsoft\Windows\.NET Framework\.NET Framework NGEN v4.0.30319 64,,,ActionStart
2026-05-18T23:50:02.804244Z,100,dc.scaffold.htb,Microsoft-Windows-TaskScheduler,Microsoft-Windows-TaskScheduler/Operational,3830,4,,,ED8552AF-EE33-42CD-945B-229553EB30DB,,,,,,,,,\Microsoft\Windows\.NET Framework\.NET Framework NGEN v4.0.30319,NT AUTHORITY\SYSTEM,,TaskStartEvent
2026-05-18T23:50:02.804245Z,200,dc.scaffold.htb,Microsoft-Windows-TaskScheduler,Microsoft-Windows-TaskScheduler/Operational,3831,4,,3888,,,,,,,,,ED8552AF-EE33-42CD-945B-229553EB30DB,\Microsoft\Windows\.NET Framework\.NET Framework NGEN v4.0.30319,,,ActionStart
2026-05-18T23:50:02.913067Z,140,dc.scaffold.htb,Microsoft-Windows-TaskScheduler,Microsoft-Windows-TaskScheduler/Operational,3832,4,,,,,,,,,,,,\Microsoft\Windows\.NET Framework\.NET Framework NGEN v4.0.30319,,SYSTEM,TaskUpdated
2026-05-18T23:50:02.915775Z,140,dc.scaffold.htb,Microsoft-Windows-TaskScheduler,Microsoft-Windows-TaskScheduler/Operational,3833,4,,,,,,,,,,,,\Microsoft\Windows\.NET Framework\.NET Framework NGEN v4.0.30319 64,,SYSTEM,TaskUpdated
2026-05-18T23:50:02.974085Z,201,dc.scaffold.htb,Microsoft-Windows-TaskScheduler,Microsoft-Windows-TaskScheduler/Operational,3834,4,,3888,,,,,,,0,,B8ABDE23-9EC6-4A4B-85E4-72B6CF7DE3C0,\Microsoft\Windows\.NET Framework\.NET Framework NGEN v4.0.30319 64,,,ActionSuccess
2026-05-18T23:50:02.974086Z,102,dc.scaffold.htb,Microsoft-Windows-TaskScheduler,Microsoft-Windows-TaskScheduler/Operational,3835,4,,,B8ABDE23-9EC6-4A4B-85E4-72B6CF7DE3C0,,,,,,,,,\Microsoft\Windows\.NET Framework\.NET Framework NGEN v4.0.30319 64,NT AUTHORITY\SYSTEM,,TaskSuccessEvent
2026-05-18T23:50:02.978885Z,201,dc.scaffold.htb,Microsoft-Windows-TaskScheduler,Microsoft-Windows-TaskScheduler/Operational,3836,4,,3888,,,,,,,0,,ED8552AF-EE33-42CD-945B-229553EB30DB,\Microsoft\Windows\.NET Framework\.NET Framework NGEN v4.0.30319,,,ActionSuccess
2026-05-18T23:50:02.978886Z,102,dc.scaffold.htb,Microsoft-Windows-TaskScheduler,Microsoft-Windows-TaskScheduler/Operational,3837,4,,,ED8552AF-EE33-42CD-945B-229553EB30DB,,,,,,,,,\Microsoft\Windows\.NET Framework\.NET Framework NGEN v4.0.30319,NT AUTHORITY\SYSTEM,,TaskSuccessEvent
2026-05-18T23:50:07.761124Z,201,dc.scaffold.htb,Microsoft-Windows-TaskScheduler,Microsoft-Windows-TaskScheduler/Operational,3838,4,%windir%\system32\cleanmgr.exe,6028,,,,,,,0,,CD692001-6205-4FDF-A0B6-33E4B0AC5A34,\Microsoft\Windows\DiskCleanup\SilentCleanup,,,ActionSuccess
2026-05-18T23:50:07.761337Z,102,dc.scaffold.htb,Microsoft-Windows-TaskScheduler,Microsoft-Windows-TaskScheduler/Operational,3839,4,,,CD692001-6205-4FDF-A0B6-33E4B0AC5A34,,,,,,,,,\Microsoft\Windows\DiskCleanup\SilentCleanup,SCAFFOLD\Administrator,,TaskSuccessEvent
2026-05-18T23:50:32.247061Z,141,dc.scaffold.htb,Microsoft-Windows-TaskScheduler,Microsoft-Windows-TaskScheduler/Operational,3840,4,,,,,,,,,,,,\Microsoft\Windows\Windows Defender\Windows Defender Scheduled Scan,,NT AUTHORITY\System,TaskDeleted
2026-05-18T23:50:32.251995Z,106,dc.scaffold.htb,Microsoft-Windows-TaskScheduler,Microsoft-Windows-TaskScheduler/Operational,3841,4,,,,,,,,,,,,\Microsoft\Windows\Windows Defender\Windows Defender Scheduled Scan,SCAFFOLD\DC$,,TaskRegisteredEvent
2026-05-18T23:50:32.251996Z,140,dc.scaffold.htb,Microsoft-Windows-TaskScheduler,Microsoft-Windows-TaskScheduler/Operational,3842,4,,,,,,,,,,,,\Microsoft\Windows\Windows Defender\Windows Defender Scheduled Scan,,SCAFFOLD\DC$,TaskUpdated
2026-05-18T23:51:22.065251Z,202,dc.scaffold.htb,Microsoft-Windows-TaskScheduler,Microsoft-Windows-TaskScheduler/Operational,3843,2,Wininet Cache task object,1672,,,,,,,2147942404,,7B049731-6777-41E4-9330-F5C7B9BFCABD,\Microsoft\Windows\Wininet\CacheTask,,,ActionFailure
2026-05-18T23:51:22.065252Z,103,dc.scaffold.htb,Microsoft-Windows-TaskScheduler,Microsoft-Windows-TaskScheduler/Operational,3844,2,,,7B049731-6777-41E4-9330-F5C7B9BFCABD,,,,,,2147942404,,,\Microsoft\Windows\Wininet\CacheTask,,,TaskFailureEvent
2026-05-18T23:51:22.597495Z,201,dc.scaffold.htb,Microsoft-Windows-TaskScheduler,Microsoft-Windows-TaskScheduler/Operational,3845,4,C:\Windows\Explorer.EXE,1268,,,,,,,2147942404,,30009FB1-C069-4D20-80A9-B101153F3642,\CreateExplorerShellUnelevatedTask,,,ActionSuccess
2026-05-18T23:51:22.598006Z,102,dc.scaffold.htb,Microsoft-Windows-TaskScheduler,Microsoft-Windows-TaskScheduler/Operational,3846,4,,,30009FB1-C069-4D20-80A9-B101153F3642,,,,,,,,,\CreateExplorerShellUnelevatedTask,SCAFFOLD\Administrator,,TaskSuccessEvent
2026-05-18T23:51:22.833742Z,201,dc.scaffold.htb,Microsoft-Windows-TaskScheduler,Microsoft-Windows-TaskScheduler/Operational,3847,4,C:\Program Files (x86)\Microsoft\EdgeUpdate\MicrosoftEdgeUpdate.exe,5348,,,,,,,2147943691,,E0066373-FD75-45F9-BCF5-C78957BA387B,\MicrosoftEdgeUpdateTaskMachineCore,,,ActionSuccess
2026-05-18T23:51:22.833830Z,102,dc.scaffold.htb,Microsoft-Windows-TaskScheduler,Microsoft-Windows-TaskScheduler/Operational,3848,4,,,E0066373-FD75-45F9-BCF5-C78957BA387B,,,,,,,,,\MicrosoftEdgeUpdateTaskMachineCore,NT AUTHORITY\SYSTEM,,TaskSuccessEvent
2026-05-18T23:51:22.833849Z,111,dc.scaffold.htb,Microsoft-Windows-TaskScheduler,Microsoft-Windows-TaskScheduler/Operational,3849,4,,,E0066373-FD75-45F9-BCF5-C78957BA387B,,,,,,,,,\MicrosoftEdgeUpdateTaskMachineCore,,,TaskTerminationEvent
2026-05-18T23:51:22.933673Z,140,dc.scaffold.htb,Microsoft-Windows-TaskScheduler,Microsoft-Windows-TaskScheduler/Operational,3850,4,,,,,,,,,,,,\Microsoft\Windows\WindowsUpdate\Scheduled Start,,NT AUTHORITY\SYSTEM,TaskUpdated
2026-05-18T23:51:27.030732Z,402,dc.scaffold.htb,Microsoft-Windows-TaskScheduler,Microsoft-Windows-TaskScheduler/Operational,3851,4,,,,ServiceStopEvent,,,,,,,,,,,
2026-05-21T23:18:58.681821Z,700,dc.scaffold.htb,Microsoft-Windows-TaskScheduler,Microsoft-Windows-TaskScheduler/Operational,3852,4,,,,CompatibilityAdapterLaunch,,,,,,,,,,,
2026-05-21T23:18:58.737202Z,400,dc.scaffold.htb,Microsoft-Windows-TaskScheduler,Microsoft-Windows-TaskScheduler/Operational,3853,4,,,,ServiceStartEvent,,,,,,,,,,,
2026-05-21T23:18:58.772171Z,118,dc.scaffold.htb,Microsoft-Windows-TaskScheduler,Microsoft-Windows-TaskScheduler/Operational,3854,4,,,B7EBA189-E239-42B7-8201-10CC5B0931EE,,,,,,,,,\Microsoft\Windows\ExploitGuard\ExploitGuard MDM policy Refresh,,,BootTrigger
2026-05-21T23:18:58.776119Z,129,dc.scaffold.htb,Microsoft-Windows-TaskScheduler,Microsoft-Windows-TaskScheduler/Operational,3855,4,,,,,taskhostw.exe,16384,2136,,,,,\Microsoft\Windows\ExploitGuard\ExploitGuard MDM policy Refresh,,,CreatedTaskProcess
2026-05-21T23:18:58.776388Z,100,dc.scaffold.htb,Microsoft-Windows-TaskScheduler,Microsoft-Windows-TaskScheduler/Operational,3856,4,,,B7EBA189-E239-42B7-8201-10CC5B0931EE,,,,,,,,,\Microsoft\Windows\ExploitGuard\ExploitGuard MDM policy Refresh,NT AUTHORITY\SYSTEM,,TaskStartEvent
2026-05-21T23:18:58.776392Z,200,dc.scaffold.htb,Microsoft-Windows-TaskScheduler,Microsoft-Windows-TaskScheduler/Operational,3857,4,,2136,,,,,,,,,B7EBA189-E239-42B7-8201-10CC5B0931EE,\Microsoft\Windows\ExploitGuard\ExploitGuard MDM policy Refresh,,,ActionStart
2026-05-21T23:18:58.779139Z,129,dc.scaffold.htb,Microsoft-Windows-TaskScheduler,Microsoft-Windows-TaskScheduler/Operational,3858,4,,,,,%windir%\system32\dxgiadaptercache.exe,16384,2164,,,,,\Microsoft\Windows\DirectX\DXGIAdapterCache,,,CreatedTaskProcess
2026-05-21T23:18:58.779504Z,100,dc.scaffold.htb,Microsoft-Windows-TaskScheduler,Microsoft-Windows-TaskScheduler/Operational,3859,4,,,C69C7DF4-E4D5-49E5-B4EF-D373DF07ACAF,,,,,,,,,\Microsoft\Windows\DirectX\DXGIAdapterCache,NT AUTHORITY\SYSTEM,,TaskStartEvent
2026-05-21T23:18:58.779507Z,200,dc.scaffold.htb,Microsoft-Windows-TaskScheduler,Microsoft-Windows-TaskScheduler/Operational,3860,4,%windir%\system32\dxgiadaptercache.exe,2164,,,,,,,,,C69C7DF4-E4D5-49E5-B4EF-D373DF07ACAF,\Microsoft\Windows\DirectX\DXGIAdapterCache,,,ActionStart
2026-05-21T23:18:58.935779Z,101,dc.scaffold.htb,Microsoft-Windows-TaskScheduler,Microsoft-Windows-TaskScheduler/Operational,3861,2,,,,,,,,,2147943568,,,\Microsoft\Windows\Workplace Join\Automatic-Device-Join,(default user),,TaskStartFailedEvent
2026-05-21T23:18:59.076849Z,100,dc.scaffold.htb,Microsoft-Windows-TaskScheduler,Microsoft-Windows-TaskScheduler/Operational,3862,4,,,75B12EA7-C03E-4053-8E48-7EDBF67ED526,,,,,,,,,\Microsoft\Windows\WwanSvc\OobeDiscovery,NT AUTHORITY\SYSTEM,,TaskStartEvent
2026-05-21T23:18:59.076851Z,200,dc.scaffold.htb,Microsoft-Windows-TaskScheduler,Microsoft-Windows-TaskScheduler/Operational,3863,4,OobeEsimTaskManager,2136,,,,,,,,,75B12EA7-C03E-4053-8E48-7EDBF67ED526,\Microsoft\Windows\WwanSvc\OobeDiscovery,,,ActionStart
2026-05-21T23:18:59.121920Z,129,dc.scaffold.htb,Microsoft-Windows-TaskScheduler,Microsoft-Windows-TaskScheduler/Operational,3864,4,,,,,taskhostw.exe,16384,2632,,,,,\Microsoft\Windows\Time Synchronization\ForceSynchronizeTime,,,CreatedTaskProcess
2026-05-21T23:18:59.122082Z,100,dc.scaffold.htb,Microsoft-Windows-TaskScheduler,Microsoft-Windows-TaskScheduler/Operational,3865,4,,,F583B315-9A97-42D8-8225-F28C32F8CB9E,,,,,,,,,\Microsoft\Windows\Time Synchronization\ForceSynchronizeTime,(NONE),,TaskStartEvent
2026-05-21T23:18:59.122083Z,200,dc.scaffold.htb,Microsoft-Windows-TaskScheduler,Microsoft-Windows-TaskScheduler/Operational,3866,4,Time Synchronization Task Handler,2632,,,,,,,,,F583B315-9A97-42D8-8225-F28C32F8CB9E,\Microsoft\Windows\Time Synchronization\ForceSynchronizeTime,,,ActionStart
2026-05-21T23:18:59.149682Z,201,dc.scaffold.htb,Microsoft-Windows-TaskScheduler,Microsoft-Windows-TaskScheduler/Operational,3867,4,Time Synchronization Task Handler,2632,,,,,,,0,,F583B315-9A97-42D8-8225-F28C32F8CB9E,\Microsoft\Windows\Time Synchronization\ForceSynchronizeTime,,,ActionSuccess
2026-05-21T23:18:59.149684Z,102,dc.scaffold.htb,Microsoft-Windows-TaskScheduler,Microsoft-Windows-TaskScheduler/Operational,3868,4,,,F583B315-9A97-42D8-8225-F28C32F8CB9E,,,,,,,,,\Microsoft\Windows\Time Synchronization\ForceSynchronizeTime,(NONE),,TaskSuccessEvent
2026-05-21T23:18:59.278166Z,201,dc.scaffold.htb,Microsoft-Windows-TaskScheduler,Microsoft-Windows-TaskScheduler/Operational,3869,4,%windir%\system32\dxgiadaptercache.exe,2164,,,,,,,0,,C69C7DF4-E4D5-49E5-B4EF-D373DF07ACAF,\Microsoft\Windows\DirectX\DXGIAdapterCache,,,ActionSuccess
2026-05-21T23:18:59.278436Z,102,dc.scaffold.htb,Microsoft-Windows-TaskScheduler,Microsoft-Windows-TaskScheduler/Operational,3870,4,,,C69C7DF4-E4D5-49E5-B4EF-D373DF07ACAF,,,,,,,,,\Microsoft\Windows\DirectX\DXGIAdapterCache,NT AUTHORITY\SYSTEM,,TaskSuccessEvent
2026-05-21T23:18:59.278916Z,201,dc.scaffold.htb,Microsoft-Windows-TaskScheduler,Microsoft-Windows-TaskScheduler/Operational,3871,4,,2136,,,,,,,0,,B7EBA189-E239-42B7-8201-10CC5B0931EE,\Microsoft\Windows\ExploitGuard\ExploitGuard MDM policy Refresh,,,ActionSuccess
2026-05-21T23:18:59.278917Z,102,dc.scaffold.htb,Microsoft-Windows-TaskScheduler,Microsoft-Windows-TaskScheduler/Operational,3872,4,,,B7EBA189-E239-42B7-8201-10CC5B0931EE,,,,,,,,,\Microsoft\Windows\ExploitGuard\ExploitGuard MDM policy Refresh,NT AUTHORITY\SYSTEM,,TaskSuccessEvent
2026-05-21T23:18:59.319949Z,201,dc.scaffold.htb,Microsoft-Windows-TaskScheduler,Microsoft-Windows-TaskScheduler/Operational,3873,4,OobeEsimTaskManager,2136,,,,,,,0,,75B12EA7-C03E-4053-8E48-7EDBF67ED526,\Microsoft\Windows\WwanSvc\OobeDiscovery,,,ActionSuccess
2026-05-21T23:18:59.319950Z,102,dc.scaffold.htb,Microsoft-Windows-TaskScheduler,Microsoft-Windows-TaskScheduler/Operational,3874,4,,,75B12EA7-C03E-4053-8E48-7EDBF67ED526,,,,,,,,,\Microsoft\Windows\WwanSvc\OobeDiscovery,NT AUTHORITY\SYSTEM,,TaskSuccessEvent
2026-05-21T23:18:59.520532Z,108,dc.scaffold.htb,Microsoft-Windows-TaskScheduler,Microsoft-Windows-TaskScheduler/Operational,3875,4,,,BF6A7DE0-049C-4270-903D-7A006F3F88E3,,,,,,,,,\Microsoft\Windows\SoftwareProtectionPlatform\SvcRestartTaskNetwork,,,EventTriggerEvent
2026-05-21T23:18:59.523862Z,129,dc.scaffold.htb,Microsoft-Windows-TaskScheduler,Microsoft-Windows-TaskScheduler/Operational,3876,4,,,,,taskhostw.exe,16384,2708,,,,,\Microsoft\Windows\SoftwareProtectionPlatform\SvcRestartTaskNetwork,,,CreatedTaskProcess
2026-05-21T23:18:59.524232Z,100,dc.scaffold.htb,Microsoft-Windows-TaskScheduler,Microsoft-Windows-TaskScheduler/Operational,3877,4,,,BF6A7DE0-049C-4270-903D-7A006F3F88E3,,,,,,,,,\Microsoft\Windows\SoftwareProtectionPlatform\SvcRestartTaskNetwork,(NONE),,TaskStartEvent
2026-05-21T23:18:59.524234Z,200,dc.scaffold.htb,Microsoft-Windows-TaskScheduler,Microsoft-Windows-TaskScheduler/Operational,3878,4,SppSvcRestartTaskHandler Class,2708,,,,,,,,,BF6A7DE0-049C-4270-903D-7A006F3F88E3,\Microsoft\Windows\SoftwareProtectionPlatform\SvcRestartTaskNetwork,,,ActionStart
2026-05-21T23:18:59.941383Z,325,dc.scaffold.htb,Microsoft-Windows-TaskScheduler,Microsoft-Windows-TaskScheduler/Operational,3879,3,,,,,,,,098F716E-A464-4A61-89F6-499EE68E87BB,,,,\Microsoft\Windows\Workplace Join\Automatic-Device-Join,,,TaskInstanceQueued
2026-05-21T23:18:59.941492Z,110,dc.scaffold.htb,Microsoft-Windows-TaskScheduler,Microsoft-Windows-TaskScheduler/Operational,3880,4,,,098F716E-A464-4A61-89F6-499EE68E87BB,,,,,,,,,\Microsoft\Windows\Workplace Join\Automatic-Device-Join,System,,TaskRunEvent
2026-05-21T23:18:59.949626Z,129,dc.scaffold.htb,Microsoft-Windows-TaskScheduler,Microsoft-Windows-TaskScheduler/Operational,3881,4,,,,,%SystemRoot%\System32\dsregcmd.exe,16384,2784,,,,,\Microsoft\Windows\Workplace Join\Automatic-Device-Join,,,CreatedTaskProcess
2026-05-21T23:18:59.949972Z,100,dc.scaffold.htb,Microsoft-Windows-TaskScheduler,Microsoft-Windows-TaskScheduler/Operational,3882,4,,,098F716E-A464-4A61-89F6-499EE68E87BB,,,,,,,,,\Microsoft\Windows\Workplace Join\Automatic-Device-Join,NT AUTHORITY\SYSTEM,,TaskStartEvent
2026-05-21T23:18:59.949974Z,200,dc.scaffold.htb,Microsoft-Windows-TaskScheduler,Microsoft-Windows-TaskScheduler/Operational,3883,4,%SystemRoot%\System32\dsregcmd.exe,2784,,,,,,,,,098F716E-A464-4A61-89F6-499EE68E87BB,\Microsoft\Windows\Workplace Join\Automatic-Device-Join,,,ActionStart
2026-05-21T23:18:59.998417Z,129,dc.scaffold.htb,Microsoft-Windows-TaskScheduler,Microsoft-Windows-TaskScheduler/Operational,3884,4,,,,,C:\ProgramData\Microsoft\Windows Defender\Platform\4.18.26030.3011-0\MpCmdRun.exe,16384,2808,,,,,\Microsoft\Windows\Windows Defender\Windows Defender Verification,,,CreatedTaskProcess
2026-05-21T23:18:59.998709Z,100,dc.scaffold.htb,Microsoft-Windows-TaskScheduler,Microsoft-Windows-TaskScheduler/Operational,3885,4,,,4CA05D38-8DB4-44A8-9DD5-E234586BA006,,,,,,,,,\Microsoft\Windows\Windows Defender\Windows Defender Verification,NT AUTHORITY\SYSTEM,,TaskStartEvent
2026-05-21T23:18:59.998710Z,200,dc.scaffold.htb,Microsoft-Windows-TaskScheduler,Microsoft-Windows-TaskScheduler/Operational,3886,4,C:\ProgramData\Microsoft\Windows Defender\Platform\4.18.26030.3011-0\MpCmdRun.exe,2808,,,,,,,,,4CA05D38-8DB4-44A8-9DD5-E234586BA006,\Microsoft\Windows\Windows Defender\Windows Defender Verification,,,ActionStart
2026-05-21T23:19:00.000134Z,129,dc.scaffold.htb,Microsoft-Windows-TaskScheduler,Microsoft-Windows-TaskScheduler/Operational,3887,4,,,,,taskhostw.exe,16384,2816,,,,,\Microsoft\Windows\Flighting\FeatureConfig\UsageDataReporting,,,CreatedTaskProcess
2026-05-21T23:19:00.000306Z,100,dc.scaffold.htb,Microsoft-Windows-TaskScheduler,Microsoft-Windows-TaskScheduler/Operational,3888,4,,,AE5F3477-6E91-4FBB-A5BB-5BAA261B03DB,,,,,,,,,\Microsoft\Windows\Flighting\FeatureConfig\UsageDataReporting,NT AUTHORITY\SYSTEM,,TaskStartEvent
2026-05-21T23:19:00.000308Z,200,dc.scaffold.htb,Microsoft-Windows-TaskScheduler,Microsoft-Windows-TaskScheduler/Operational,3889,4,Feature Usage Data Reporting Task Handler,2816,,,,,,,,,AE5F3477-6E91-4FBB-A5BB-5BAA261B03DB,\Microsoft\Windows\Flighting\FeatureConfig\UsageDataReporting,,,ActionStart
2026-05-21T23:19:00.065070Z,201,dc.scaffold.htb,Microsoft-Windows-TaskScheduler,Microsoft-Windows-TaskScheduler/Operational,3890,4,SppSvcRestartTaskHandler Class,2708,,,,,,,0,,BF6A7DE0-049C-4270-903D-7A006F3F88E3,\Microsoft\Windows\SoftwareProtectionPlatform\SvcRestartTaskNetwork,,,ActionSuccess
2026-05-21T23:19:00.065074Z,102,dc.scaffold.htb,Microsoft-Windows-TaskScheduler,Microsoft-Windows-TaskScheduler/Operational,3891,4,,,BF6A7DE0-049C-4270-903D-7A006F3F88E3,,,,,,,,,\Microsoft\Windows\SoftwareProtectionPlatform\SvcRestartTaskNetwork,(NONE),,TaskSuccessEvent
2026-05-21T23:19:00.256188Z,201,dc.scaffold.htb,Microsoft-Windows-TaskScheduler,Microsoft-Windows-TaskScheduler/Operational,3892,4,Feature Usage Data Reporting Task Handler,2816,,,,,,,0,,AE5F3477-6E91-4FBB-A5BB-5BAA261B03DB,\Microsoft\Windows\Flighting\FeatureConfig\UsageDataReporting,,,ActionSuccess
2026-05-21T23:19:00.256189Z,102,dc.scaffold.htb,Microsoft-Windows-TaskScheduler,Microsoft-Windows-TaskScheduler/Operational,3893,4,,,AE5F3477-6E91-4FBB-A5BB-5BAA261B03DB,,,,,,,,,\Microsoft\Windows\Flighting\FeatureConfig\UsageDataReporting,NT AUTHORITY\SYSTEM,,TaskSuccessEvent
2026-05-21T23:19:09.265368Z,118,dc.scaffold.htb,Microsoft-Windows-TaskScheduler,Microsoft-Windows-TaskScheduler/Operational,3894,4,,,4FA8915D-1D15-4512-8E87-F28FA5F0217B,,,,,,,,,\Microsoft\Windows\CertificateServicesClient\SystemTask,,,BootTrigger
2026-05-21T23:19:09.267312Z,129,dc.scaffold.htb,Microsoft-Windows-TaskScheduler,Microsoft-Windows-TaskScheduler/Operational,3895,4,,,,,taskhostw.exe,16384,5088,,,,,\Microsoft\Windows\CertificateServicesClient\SystemTask,,,CreatedTaskProcess
2026-05-21T23:19:09.267430Z,100,dc.scaffold.htb,Microsoft-Windows-TaskScheduler,Microsoft-Windows-TaskScheduler/Operational,3896,4,,,4FA8915D-1D15-4512-8E87-F28FA5F0217B,,,,,,,,,\Microsoft\Windows\CertificateServicesClient\SystemTask,NT AUTHORITY\SYSTEM,,TaskStartEvent
2026-05-21T23:19:09.267431Z,200,dc.scaffold.htb,Microsoft-Windows-TaskScheduler,Microsoft-Windows-TaskScheduler/Operational,3897,4,Certificate Services Client Task Handler,5088,,,,,,,,,4FA8915D-1D15-4512-8E87-F28FA5F0217B,\Microsoft\Windows\CertificateServicesClient\SystemTask,,,ActionStart
2026-05-21T23:19:37.852180Z,201,dc.scaffold.htb,Microsoft-Windows-TaskScheduler,Microsoft-Windows-TaskScheduler/Operational,3898,4,%SystemRoot%\System32\dsregcmd.exe,2784,,,,,,,0,,098F716E-A464-4A61-89F6-499EE68E87BB,\Microsoft\Windows\Workplace Join\Automatic-Device-Join,,,ActionSuccess
2026-05-21T23:19:37.852518Z,102,dc.scaffold.htb,Microsoft-Windows-TaskScheduler,Microsoft-Windows-TaskScheduler/Operational,3899,4,,,098F716E-A464-4A61-89F6-499EE68E87BB,,,,,,,,,\Microsoft\Windows\Workplace Join\Automatic-Device-Join,NT AUTHORITY\SYSTEM,,TaskSuccessEvent
2026-05-21T23:19:47.581752Z,201,dc.scaffold.htb,Microsoft-Windows-TaskScheduler,Microsoft-Windows-TaskScheduler/Operational,3900,4,Certificate Services Client Task Handler,5088,,,,,,,0,,4FA8915D-1D15-4512-8E87-F28FA5F0217B,\Microsoft\Windows\CertificateServicesClient\SystemTask,,,ActionSuccess
2026-05-21T23:19:47.581752Z,102,dc.scaffold.htb,Microsoft-Windows-TaskScheduler,Microsoft-Windows-TaskScheduler/Operational,3901,4,,,4FA8915D-1D15-4512-8E87-F28FA5F0217B,,,,,,,,,\Microsoft\Windows\CertificateServicesClient\SystemTask,NT AUTHORITY\SYSTEM,,TaskSuccessEvent
2026-05-21T23:19:59.282043Z,118,dc.scaffold.htb,Microsoft-Windows-TaskScheduler,Microsoft-Windows-TaskScheduler/Operational,3902,4,,,13913E56-520C-4A71-8F0B-4E2DF565477D,,,,,,,,,\Microsoft\Windows\DirectX\DXGIAdapterCache,,,BootTrigger
2026-05-21T23:19:59.282052Z,118,dc.scaffold.htb,Microsoft-Windows-TaskScheduler,Microsoft-Windows-TaskScheduler/Operational,3903,4,,,99E1C3F7-69A4-4833-943B-176E84041914,,,,,,,,,\Microsoft\Windows\Software Inventory Logging\Configuration,,,BootTrigger
2026-05-21T23:19:59.286118Z,129,dc.scaffold.htb,Microsoft-Windows-TaskScheduler,Microsoft-Windows-TaskScheduler/Operational,3904,4,,,,,%systemroot%\system32\cmd.exe,16384,6428,,,,,\Microsoft\Windows\Software Inventory Logging\Configuration,,,CreatedTaskProcess
2026-05-21T23:19:59.286360Z,100,dc.scaffold.htb,Microsoft-Windows-TaskScheduler,Microsoft-Windows-TaskScheduler/Operational,3905,4,,,99E1C3F7-69A4-4833-943B-176E84041914,,,,,,,,,\Microsoft\Windows\Software Inventory Logging\Configuration,NT AUTHORITY\SYSTEM,,TaskStartEvent
2026-05-21T23:19:59.286363Z,200,dc.scaffold.htb,Microsoft-Windows-TaskScheduler,Microsoft-Windows-TaskScheduler/Operational,3906,4,%systemroot%\system32\cmd.exe,6428,,,,,,,,,99E1C3F7-69A4-4833-943B-176E84041914,\Microsoft\Windows\Software Inventory Logging\Configuration,,,ActionStart
2026-05-21T23:19:59.286997Z,129,dc.scaffold.htb,Microsoft-Windows-TaskScheduler,Microsoft-Windows-TaskScheduler/Operational,3907,4,,,,,%windir%\system32\dxgiadaptercache.exe,16384,6436,,,,,\Microsoft\Windows\DirectX\DXGIAdapterCache,,,CreatedTaskProcess
2026-05-21T23:19:59.287251Z,100,dc.scaffold.htb,Microsoft-Windows-TaskScheduler,Microsoft-Windows-TaskScheduler/Operational,3908,4,,,13913E56-520C-4A71-8F0B-4E2DF565477D,,,,,,,,,\Microsoft\Windows\DirectX\DXGIAdapterCache,NT AUTHORITY\SYSTEM,,TaskStartEvent
2026-05-21T23:19:59.287254Z,200,dc.scaffold.htb,Microsoft-Windows-TaskScheduler,Microsoft-Windows-TaskScheduler/Operational,3909,4,%windir%\system32\dxgiadaptercache.exe,6436,,,,,,,,,13913E56-520C-4A71-8F0B-4E2DF565477D,\Microsoft\Windows\DirectX\DXGIAdapterCache,,,ActionStart
2026-05-21T23:19:59.310648Z,201,dc.scaffold.htb,Microsoft-Windows-TaskScheduler,Microsoft-Windows-TaskScheduler/Operational,3910,4,%windir%\system32\dxgiadaptercache.exe,6436,,,,,,,0,,13913E56-520C-4A71-8F0B-4E2DF565477D,\Microsoft\Windows\DirectX\DXGIAdapterCache,,,ActionSuccess
2026-05-21T23:19:59.310801Z,102,dc.scaffold.htb,Microsoft-Windows-TaskScheduler,Microsoft-Windows-TaskScheduler/Operational,3911,4,,,13913E56-520C-4A71-8F0B-4E2DF565477D,,,,,,,,,\Microsoft\Windows\DirectX\DXGIAdapterCache,NT AUTHORITY\SYSTEM,,TaskSuccessEvent
2026-05-21T23:19:59.349299Z,201,dc.scaffold.htb,Microsoft-Windows-TaskScheduler,Microsoft-Windows-TaskScheduler/Operational,3912,4,%systemroot%\system32\cmd.exe,6428,,,,,,,0,,99E1C3F7-69A4-4833-943B-176E84041914,\Microsoft\Windows\Software Inventory Logging\Configuration,,,ActionSuccess
2026-05-21T23:19:59.349427Z,102,dc.scaffold.htb,Microsoft-Windows-TaskScheduler,Microsoft-Windows-TaskScheduler/Operational,3913,4,,,99E1C3F7-69A4-4833-943B-176E84041914,,,,,,,,,\Microsoft\Windows\Software Inventory Logging\Configuration,NT AUTHORITY\SYSTEM,,TaskSuccessEvent
2026-05-21T23:20:30.341272Z,201,dc.scaffold.htb,Microsoft-Windows-TaskScheduler,Microsoft-Windows-TaskScheduler/Operational,3914,4,C:\ProgramData\Microsoft\Windows Defender\Platform\4.18.26030.3011-0\MpCmdRun.exe,2808,,,,,,,0,,4CA05D38-8DB4-44A8-9DD5-E234586BA006,\Microsoft\Windows\Windows Defender\Windows Defender Verification,,,ActionSuccess
2026-05-21T23:20:30.341485Z,102,dc.scaffold.htb,Microsoft-Windows-TaskScheduler,Microsoft-Windows-TaskScheduler/Operational,3915,4,,,4CA05D38-8DB4-44A8-9DD5-E234586BA006,,,,,,,,,\Microsoft\Windows\Windows Defender\Windows Defender Verification,NT AUTHORITY\SYSTEM,,TaskSuccessEvent
2026-05-21T23:20:38.233234Z,119,dc.scaffold.htb,Microsoft-Windows-TaskScheduler,Microsoft-Windows-TaskScheduler/Operational,3916,4,,,D04F65A9-BC74-4AD8-8923-427DCBB28701,,,,,,,,,\Microsoft\Windows\TextServicesFramework\MsCtfMonitor,,SCAFFOLD\Administrator,LogonTrigger
2026-05-21T23:20:38.233355Z,119,dc.scaffold.htb,Microsoft-Windows-TaskScheduler,Microsoft-Windows-TaskScheduler/Operational,3917,4,,,AD285717-B8B1-467A-B90E-2FE20BA48F5A,,,,,,,,,\Microsoft\Windows\Server Manager\ServerManager,,SCAFFOLD\Administrator,LogonTrigger
2026-05-21T23:20:38.233627Z,119,dc.scaffold.htb,Microsoft-Windows-TaskScheduler,Microsoft-Windows-TaskScheduler/Operational,3918,4,,,F3617169-85A1-4E97-87A6-FBE94577D5F9,,,,,,,,,\Microsoft\Windows\CertificateServicesClient\UserTask,,SCAFFOLD\Administrator,LogonTrigger
