2026-05-17T15:10:28.803530Z,102,dc.scaffold.htb,Microsoft-Windows-TaskScheduler,Microsoft-Windows-TaskScheduler/Operational,2428,4,,,5B8881D7-BC0C-4FE1-893A-3BCAD7C9AD08,,,,,,,,,\Microsoft\Windows\WwanSvc\OobeDiscovery,NT AUTHORITY\SYSTEM,,TaskSuccessEvent
2026-05-17T15:10:29.159393Z,108,dc.scaffold.htb,Microsoft-Windows-TaskScheduler,Microsoft-Windows-TaskScheduler/Operational,2429,4,,,01F5F316-045B-41D0-9051-A611BF8A6732,,,,,,,,,\Microsoft\Windows\SoftwareProtectionPlatform\SvcRestartTaskNetwork,,,EventTriggerEvent
2026-05-17T15:10:29.164709Z,129,dc.scaffold.htb,Microsoft-Windows-TaskScheduler,Microsoft-Windows-TaskScheduler/Operational,2430,4,,,,,taskhostw.exe,16384,2692,,,,,\Microsoft\Windows\SoftwareProtectionPlatform\SvcRestartTaskNetwork,,,CreatedTaskProcess
2026-05-17T15:10:29.165174Z,100,dc.scaffold.htb,Microsoft-Windows-TaskScheduler,Microsoft-Windows-TaskScheduler/Operational,2431,4,,,01F5F316-045B-41D0-9051-A611BF8A6732,,,,,,,,,\Microsoft\Windows\SoftwareProtectionPlatform\SvcRestartTaskNetwork,(NONE),,TaskStartEvent
2026-05-17T15:10:29.165177Z,200,dc.scaffold.htb,Microsoft-Windows-TaskScheduler,Microsoft-Windows-TaskScheduler/Operational,2432,4,SppSvcRestartTaskHandler Class,2692,,,,,,,,,01F5F316-045B-41D0-9051-A611BF8A6732,\Microsoft\Windows\SoftwareProtectionPlatform\SvcRestartTaskNetwork,,,ActionStart
2026-05-17T15:10:29.472137Z,325,dc.scaffold.htb,Microsoft-Windows-TaskScheduler,Microsoft-Windows-TaskScheduler/Operational,2433,3,,,,,,,,B7DDB7C4-E7CC-4816-B9C3-5B681BCBA56F,,,,\Microsoft\Windows\Workplace Join\Automatic-Device-Join,,,TaskInstanceQueued
2026-05-17T15:10:29.472200Z,110,dc.scaffold.htb,Microsoft-Windows-TaskScheduler,Microsoft-Windows-TaskScheduler/Operational,2434,4,,,B7DDB7C4-E7CC-4816-B9C3-5B681BCBA56F,,,,,,,,,\Microsoft\Windows\Workplace Join\Automatic-Device-Join,System,,TaskRunEvent
2026-05-17T15:10:29.474751Z,129,dc.scaffold.htb,Microsoft-Windows-TaskScheduler,Microsoft-Windows-TaskScheduler/Operational,2435,4,,,,,%SystemRoot%\System32\dsregcmd.exe,16384,2760,,,,,\Microsoft\Windows\Workplace Join\Automatic-Device-Join,,,CreatedTaskProcess
2026-05-17T15:10:29.474933Z,100,dc.scaffold.htb,Microsoft-Windows-TaskScheduler,Microsoft-Windows-TaskScheduler/Operational,2436,4,,,B7DDB7C4-E7CC-4816-B9C3-5B681BCBA56F,,,,,,,,,\Microsoft\Windows\Workplace Join\Automatic-Device-Join,NT AUTHORITY\SYSTEM,,TaskStartEvent
2026-05-17T15:10:29.474935Z,200,dc.scaffold.htb,Microsoft-Windows-TaskScheduler,Microsoft-Windows-TaskScheduler/Operational,2437,4,%SystemRoot%\System32\dsregcmd.exe,2760,,,,,,,,,B7DDB7C4-E7CC-4816-B9C3-5B681BCBA56F,\Microsoft\Windows\Workplace Join\Automatic-Device-Join,,,ActionStart
2026-05-17T15:10:29.512489Z,201,dc.scaffold.htb,Microsoft-Windows-TaskScheduler,Microsoft-Windows-TaskScheduler/Operational,2438,4,SppSvcRestartTaskHandler Class,2692,,,,,,,0,,01F5F316-045B-41D0-9051-A611BF8A6732,\Microsoft\Windows\SoftwareProtectionPlatform\SvcRestartTaskNetwork,,,ActionSuccess
2026-05-17T15:10:29.512490Z,102,dc.scaffold.htb,Microsoft-Windows-TaskScheduler,Microsoft-Windows-TaskScheduler/Operational,2439,4,,,01F5F316-045B-41D0-9051-A611BF8A6732,,,,,,,,,\Microsoft\Windows\SoftwareProtectionPlatform\SvcRestartTaskNetwork,(NONE),,TaskSuccessEvent
2026-05-17T15:10:38.848183Z,118,dc.scaffold.htb,Microsoft-Windows-TaskScheduler,Microsoft-Windows-TaskScheduler/Operational,2440,4,,,8D44775C-F10C-4E06-94F7-A9879AE17FEF,,,,,,,,,\Microsoft\Windows\CertificateServicesClient\SystemTask,,,BootTrigger
2026-05-17T15:10:38.849375Z,129,dc.scaffold.htb,Microsoft-Windows-TaskScheduler,Microsoft-Windows-TaskScheduler/Operational,2441,4,,,,,taskhostw.exe,16384,5012,,,,,\Microsoft\Windows\CertificateServicesClient\SystemTask,,,CreatedTaskProcess
2026-05-17T15:10:38.849485Z,100,dc.scaffold.htb,Microsoft-Windows-TaskScheduler,Microsoft-Windows-TaskScheduler/Operational,2442,4,,,8D44775C-F10C-4E06-94F7-A9879AE17FEF,,,,,,,,,\Microsoft\Windows\CertificateServicesClient\SystemTask,NT AUTHORITY\SYSTEM,,TaskStartEvent
2026-05-17T15:10:38.849487Z,200,dc.scaffold.htb,Microsoft-Windows-TaskScheduler,Microsoft-Windows-TaskScheduler/Operational,2443,4,Certificate Services Client Task Handler,5012,,,,,,,,,8D44775C-F10C-4E06-94F7-A9879AE17FEF,\Microsoft\Windows\CertificateServicesClient\SystemTask,,,ActionStart
2026-05-17T15:10:55.183603Z,201,dc.scaffold.htb,Microsoft-Windows-TaskScheduler,Microsoft-Windows-TaskScheduler/Operational,2444,4,Certificate Services Client Task Handler,5012,,,,,,,0,,8D44775C-F10C-4E06-94F7-A9879AE17FEF,\Microsoft\Windows\CertificateServicesClient\SystemTask,,,ActionSuccess
2026-05-17T15:10:55.183605Z,102,dc.scaffold.htb,Microsoft-Windows-TaskScheduler,Microsoft-Windows-TaskScheduler/Operational,2445,4,,,8D44775C-F10C-4E06-94F7-A9879AE17FEF,,,,,,,,,\Microsoft\Windows\CertificateServicesClient\SystemTask,NT AUTHORITY\SYSTEM,,TaskSuccessEvent
2026-05-17T15:11:07.068641Z,201,dc.scaffold.htb,Microsoft-Windows-TaskScheduler,Microsoft-Windows-TaskScheduler/Operational,2446,4,%SystemRoot%\System32\dsregcmd.exe,2760,,,,,,,0,,B7DDB7C4-E7CC-4816-B9C3-5B681BCBA56F,\Microsoft\Windows\Workplace Join\Automatic-Device-Join,,,ActionSuccess
2026-05-17T15:11:07.069071Z,102,dc.scaffold.htb,Microsoft-Windows-TaskScheduler,Microsoft-Windows-TaskScheduler/Operational,2447,4,,,B7DDB7C4-E7CC-4816-B9C3-5B681BCBA56F,,,,,,,,,\Microsoft\Windows\Workplace Join\Automatic-Device-Join,NT AUTHORITY\SYSTEM,,TaskSuccessEvent
2026-05-17T15:11:28.859384Z,118,dc.scaffold.htb,Microsoft-Windows-TaskScheduler,Microsoft-Windows-TaskScheduler/Operational,2448,4,,,6A857DC1-E99A-47A2-B3FA-3EA66995A51F,,,,,,,,,\Microsoft\Windows\Software Inventory Logging\Configuration,,,BootTrigger
2026-05-17T15:11:28.859613Z,118,dc.scaffold.htb,Microsoft-Windows-TaskScheduler,Microsoft-Windows-TaskScheduler/Operational,2449,4,,,069677F3-B694-4062-BCBF-8C5AAD6472EF,,,,,,,,,\Microsoft\Windows\DirectX\DXGIAdapterCache,,,BootTrigger
2026-05-17T15:11:28.864966Z,129,dc.scaffold.htb,Microsoft-Windows-TaskScheduler,Microsoft-Windows-TaskScheduler/Operational,2450,4,,,,,%systemroot%\system32\cmd.exe,16384,5896,,,,,\Microsoft\Windows\Software Inventory Logging\Configuration,,,CreatedTaskProcess
2026-05-17T15:11:28.865254Z,100,dc.scaffold.htb,Microsoft-Windows-TaskScheduler,Microsoft-Windows-TaskScheduler/Operational,2451,4,,,6A857DC1-E99A-47A2-B3FA-3EA66995A51F,,,,,,,,,\Microsoft\Windows\Software Inventory Logging\Configuration,NT AUTHORITY\SYSTEM,,TaskStartEvent
2026-05-17T15:11:28.865257Z,200,dc.scaffold.htb,Microsoft-Windows-TaskScheduler,Microsoft-Windows-TaskScheduler/Operational,2452,4,%systemroot%\system32\cmd.exe,5896,,,,,,,,,6A857DC1-E99A-47A2-B3FA-3EA66995A51F,\Microsoft\Windows\Software Inventory Logging\Configuration,,,ActionStart
2026-05-17T15:11:28.865286Z,129,dc.scaffold.htb,Microsoft-Windows-TaskScheduler,Microsoft-Windows-TaskScheduler/Operational,2453,4,,,,,%windir%\system32\dxgiadaptercache.exe,16384,6004,,,,,\Microsoft\Windows\DirectX\DXGIAdapterCache,,,CreatedTaskProcess
2026-05-17T15:11:28.865714Z,100,dc.scaffold.htb,Microsoft-Windows-TaskScheduler,Microsoft-Windows-TaskScheduler/Operational,2454,4,,,069677F3-B694-4062-BCBF-8C5AAD6472EF,,,,,,,,,\Microsoft\Windows\DirectX\DXGIAdapterCache,NT AUTHORITY\SYSTEM,,TaskStartEvent
2026-05-17T15:11:28.865717Z,200,dc.scaffold.htb,Microsoft-Windows-TaskScheduler,Microsoft-Windows-TaskScheduler/Operational,2455,4,%windir%\system32\dxgiadaptercache.exe,6004,,,,,,,,,069677F3-B694-4062-BCBF-8C5AAD6472EF,\Microsoft\Windows\DirectX\DXGIAdapterCache,,,ActionStart
2026-05-17T15:11:28.885089Z,201,dc.scaffold.htb,Microsoft-Windows-TaskScheduler,Microsoft-Windows-TaskScheduler/Operational,2456,4,%windir%\system32\dxgiadaptercache.exe,6004,,,,,,,0,,069677F3-B694-4062-BCBF-8C5AAD6472EF,\Microsoft\Windows\DirectX\DXGIAdapterCache,,,ActionSuccess
2026-05-17T15:11:28.885248Z,102,dc.scaffold.htb,Microsoft-Windows-TaskScheduler,Microsoft-Windows-TaskScheduler/Operational,2457,4,,,069677F3-B694-4062-BCBF-8C5AAD6472EF,,,,,,,,,\Microsoft\Windows\DirectX\DXGIAdapterCache,NT AUTHORITY\SYSTEM,,TaskSuccessEvent
2026-05-17T15:11:28.910695Z,201,dc.scaffold.htb,Microsoft-Windows-TaskScheduler,Microsoft-Windows-TaskScheduler/Operational,2458,4,%systemroot%\system32\cmd.exe,5896,,,,,,,0,,6A857DC1-E99A-47A2-B3FA-3EA66995A51F,\Microsoft\Windows\Software Inventory Logging\Configuration,,,ActionSuccess
2026-05-17T15:11:28.910806Z,102,dc.scaffold.htb,Microsoft-Windows-TaskScheduler,Microsoft-Windows-TaskScheduler/Operational,2459,4,,,6A857DC1-E99A-47A2-B3FA-3EA66995A51F,,,,,,,,,\Microsoft\Windows\Software Inventory Logging\Configuration,NT AUTHORITY\SYSTEM,,TaskSuccessEvent
2026-05-17T15:11:45.189920Z,119,dc.scaffold.htb,Microsoft-Windows-TaskScheduler,Microsoft-Windows-TaskScheduler/Operational,2460,4,,,7D8FA01A-591B-46DE-9BC0-A0C3A1B60B94,,,,,,,,,\Microsoft\Windows\Server Manager\ServerManager,,SCAFFOLD\Administrator,LogonTrigger
2026-05-17T15:11:45.191690Z,119,dc.scaffold.htb,Microsoft-Windows-TaskScheduler,Microsoft-Windows-TaskScheduler/Operational,2461,4,,,E30CC47A-C231-42C3-81B8-8FF32C2B6745,,,,,,,,,\Microsoft\Windows\TextServicesFramework\MsCtfMonitor,,SCAFFOLD\Administrator,LogonTrigger
2026-05-17T15:11:45.192592Z,119,dc.scaffold.htb,Microsoft-Windows-TaskScheduler,Microsoft-Windows-TaskScheduler/Operational,2462,4,,,4184474F-A963-459E-83C0-4CD4D74D2248,,,,,,,,,\Microsoft\Windows\Wininet\CacheTask,,SCAFFOLD\Administrator,LogonTrigger
2026-05-17T15:11:45.192624Z,119,dc.scaffold.htb,Microsoft-Windows-TaskScheduler,Microsoft-Windows-TaskScheduler/Operational,2463,4,,,E6344F96-70A4-46DF-BC34-D0577A854340,,,,,,,,,\Microsoft\Windows\WindowsColorSystem\Calibration Loader,,SCAFFOLD\Administrator,LogonTrigger
2026-05-17T15:11:45.193725Z,129,dc.scaffold.htb,Microsoft-Windows-TaskScheduler,Microsoft-Windows-TaskScheduler/Operational,2464,4,,,,,%windir%\system32\ServerManagerLauncher.exe,32,604,,,,,\Microsoft\Windows\Server Manager\ServerManager,,,CreatedTaskProcess
2026-05-17T15:11:45.194107Z,100,dc.scaffold.htb,Microsoft-Windows-TaskScheduler,Microsoft-Windows-TaskScheduler/Operational,2465,4,,,7D8FA01A-591B-46DE-9BC0-A0C3A1B60B94,,,,,,,,,\Microsoft\Windows\Server Manager\ServerManager,SCAFFOLD\Administrator,,TaskStartEvent
2026-05-17T15:11:45.194109Z,200,dc.scaffold.htb,Microsoft-Windows-TaskScheduler,Microsoft-Windows-TaskScheduler/Operational,2466,4,%windir%\system32\ServerManagerLauncher.exe,604,,,,,,,,,7D8FA01A-591B-46DE-9BC0-A0C3A1B60B94,\Microsoft\Windows\Server Manager\ServerManager,,,ActionStart
2026-05-17T15:11:45.195127Z,129,dc.scaffold.htb,Microsoft-Windows-TaskScheduler,Microsoft-Windows-TaskScheduler/Operational,2467,4,,,,,taskhostw.exe,32,692,,,,,\Microsoft\Windows\TextServicesFramework\MsCtfMonitor,,,CreatedTaskProcess
2026-05-17T15:11:45.195231Z,119,dc.scaffold.htb,Microsoft-Windows-TaskScheduler,Microsoft-Windows-TaskScheduler/Operational,2468,4,,,E578B30E-AAB2-4620-B6A2-ADAC3612978E,,,,,,,,,\Microsoft\Windows\SoftwareProtectionPlatform\SvcRestartTaskLogon,,SCAFFOLD\Administrator,LogonTrigger
2026-05-17T15:11:45.195704Z,100,dc.scaffold.htb,Microsoft-Windows-TaskScheduler,Microsoft-Windows-TaskScheduler/Operational,2469,4,,,E30CC47A-C231-42C3-81B8-8FF32C2B6745,,,,,,,,,\Microsoft\Windows\TextServicesFramework\MsCtfMonitor,SCAFFOLD\Administrator,,TaskStartEvent
2026-05-17T15:11:45.195707Z,200,dc.scaffold.htb,Microsoft-Windows-TaskScheduler,Microsoft-Windows-TaskScheduler/Operational,2470,4,MsCtfMonitor task handler,692,,,,,,,,,E30CC47A-C231-42C3-81B8-8FF32C2B6745,\Microsoft\Windows\TextServicesFramework\MsCtfMonitor,,,ActionStart
2026-05-17T15:11:45.196472Z,119,dc.scaffold.htb,Microsoft-Windows-TaskScheduler,Microsoft-Windows-TaskScheduler/Operational,2471,4,,,F971B919-6179-486A-9CE6-4ABB715C1BF2,,,,,,,,,\Microsoft\Windows\CertificateServicesClient\UserTask,,SCAFFOLD\Administrator,LogonTrigger
2026-05-17T15:11:45.196511Z,119,dc.scaffold.htb,Microsoft-Windows-TaskScheduler,Microsoft-Windows-TaskScheduler/Operational,2472,4,,,92AE7A1F-6EE4-4E5A-8873-BB685500A81F,,,,,,,,,\MicrosoftEdgeUpdateTaskMachineCore,,SCAFFOLD\Administrator,LogonTrigger
2026-05-17T15:11:45.197529Z,119,dc.scaffold.htb,Microsoft-Windows-TaskScheduler,Microsoft-Windows-TaskScheduler/Operational,2473,4,,,719869C7-2DC6-44B9-A1E3-F353B4FF1C71,,,,,,,,,\Microsoft\Windows\Plug and Play\Device Install Reboot Required,,SCAFFOLD\Administrator,LogonTrigger
2026-05-17T15:11:45.209419Z,129,dc.scaffold.htb,Microsoft-Windows-TaskScheduler,Microsoft-Windows-TaskScheduler/Operational,2474,4,,,,,taskhostw.exe,32,5772,,,,,\Microsoft\Windows\SoftwareProtectionPlatform\SvcRestartTaskLogon,,,CreatedTaskProcess
2026-05-17T15:11:45.209842Z,100,dc.scaffold.htb,Microsoft-Windows-TaskScheduler,Microsoft-Windows-TaskScheduler/Operational,2475,4,,,E578B30E-AAB2-4620-B6A2-ADAC3612978E,,,,,,,,,\Microsoft\Windows\SoftwareProtectionPlatform\SvcRestartTaskLogon,SCAFFOLD\Administrator,,TaskStartEvent
2026-05-17T15:11:45.209844Z,200,dc.scaffold.htb,Microsoft-Windows-TaskScheduler,Microsoft-Windows-TaskScheduler/Operational,2476,4,SppSvcRestartTaskHandler Class,5772,,,,,,,,,E578B30E-AAB2-4620-B6A2-ADAC3612978E,\Microsoft\Windows\SoftwareProtectionPlatform\SvcRestartTaskLogon,,,ActionStart
2026-05-17T15:11:45.214105Z,129,dc.scaffold.htb,Microsoft-Windows-TaskScheduler,Microsoft-Windows-TaskScheduler/Operational,2477,4,,,,,C:\Program Files (x86)\Microsoft\EdgeUpdate\MicrosoftEdgeUpdate.exe,32,5844,,,,,\MicrosoftEdgeUpdateTaskMachineCore,,,CreatedTaskProcess
2026-05-17T15:11:45.214184Z,100,dc.scaffold.htb,Microsoft-Windows-TaskScheduler,Microsoft-Windows-TaskScheduler/Operational,2478,4,,,92AE7A1F-6EE4-4E5A-8873-BB685500A81F,,,,,,,,,\MicrosoftEdgeUpdateTaskMachineCore,NT AUTHORITY\SYSTEM,,TaskStartEvent
2026-05-17T15:11:45.214185Z,200,dc.scaffold.htb,Microsoft-Windows-TaskScheduler,Microsoft-Windows-TaskScheduler/Operational,2479,4,C:\Program Files (x86)\Microsoft\EdgeUpdate\MicrosoftEdgeUpdate.exe,5844,,,,,,,,,92AE7A1F-6EE4-4E5A-8873-BB685500A81F,\MicrosoftEdgeUpdateTaskMachineCore,,,ActionStart
2026-05-17T15:11:45.237339Z,201,dc.scaffold.htb,Microsoft-Windows-TaskScheduler,Microsoft-Windows-TaskScheduler/Operational,2480,4,SppSvcRestartTaskHandler Class,5772,,,,,,,0,,E578B30E-AAB2-4620-B6A2-ADAC3612978E,\Microsoft\Windows\SoftwareProtectionPlatform\SvcRestartTaskLogon,,,ActionSuccess
2026-05-17T15:11:45.237341Z,102,dc.scaffold.htb,Microsoft-Windows-TaskScheduler,Microsoft-Windows-TaskScheduler/Operational,2481,4,,,E578B30E-AAB2-4620-B6A2-ADAC3612978E,,,,,,,,,\Microsoft\Windows\SoftwareProtectionPlatform\SvcRestartTaskLogon,SCAFFOLD\Administrator,,TaskSuccessEvent
2026-05-17T15:11:45.257488Z,201,dc.scaffold.htb,Microsoft-Windows-TaskScheduler,Microsoft-Windows-TaskScheduler/Operational,2482,4,MsCtfMonitor task handler,692,,,,,,,0,,E30CC47A-C231-42C3-81B8-8FF32C2B6745,\Microsoft\Windows\TextServicesFramework\MsCtfMonitor,,,ActionSuccess
2026-05-17T15:11:45.257489Z,102,dc.scaffold.htb,Microsoft-Windows-TaskScheduler,Microsoft-Windows-TaskScheduler/Operational,2483,4,,,E30CC47A-C231-42C3-81B8-8FF32C2B6745,,,,,,,,,\Microsoft\Windows\TextServicesFramework\MsCtfMonitor,SCAFFOLD\Administrator,,TaskSuccessEvent
2026-05-17T15:11:45.302011Z,129,dc.scaffold.htb,Microsoft-Windows-TaskScheduler,Microsoft-Windows-TaskScheduler/Operational,2484,4,,,,,taskhostw.exe,32,4196,,,,,\Microsoft\Windows\Wininet\CacheTask,,,CreatedTaskProcess
2026-05-17T15:11:45.302232Z,100,dc.scaffold.htb,Microsoft-Windows-TaskScheduler,Microsoft-Windows-TaskScheduler/Operational,2485,4,,,4184474F-A963-459E-83C0-4CD4D74D2248,,,,,,,,,\Microsoft\Windows\Wininet\CacheTask,SCAFFOLD\Administrator,,TaskStartEvent
2026-05-17T15:11:45.302233Z,200,dc.scaffold.htb,Microsoft-Windows-TaskScheduler,Microsoft-Windows-TaskScheduler/Operational,2486,4,Wininet Cache task object,4196,,,,,,,,,4184474F-A963-459E-83C0-4CD4D74D2248,\Microsoft\Windows\Wininet\CacheTask,,,ActionStart
2026-05-17T15:11:45.320649Z,129,dc.scaffold.htb,Microsoft-Windows-TaskScheduler,Microsoft-Windows-TaskScheduler/Operational,2487,4,,,,,taskhostw.exe,32,5960,,,,,\Microsoft\Windows\CertificateServicesClient\UserTask,,,CreatedTaskProcess
2026-05-17T15:11:45.321080Z,100,dc.scaffold.htb,Microsoft-Windows-TaskScheduler,Microsoft-Windows-TaskScheduler/Operational,2488,4,,,F971B919-6179-486A-9CE6-4ABB715C1BF2,,,,,,,,,\Microsoft\Windows\CertificateServicesClient\UserTask,SCAFFOLD\Administrator,,TaskStartEvent
2026-05-17T15:11:45.321082Z,200,dc.scaffold.htb,Microsoft-Windows-TaskScheduler,Microsoft-Windows-TaskScheduler/Operational,2489,4,Certificate Services Client Task Handler,5960,,,,,,,,,F971B919-6179-486A-9CE6-4ABB715C1BF2,\Microsoft\Windows\CertificateServicesClient\UserTask,,,ActionStart
2026-05-17T15:11:45.409889Z,100,dc.scaffold.htb,Microsoft-Windows-TaskScheduler,Microsoft-Windows-TaskScheduler/Operational,2490,4,,,E6344F96-70A4-46DF-BC34-D0577A854340,,,,,,,,,\Microsoft\Windows\WindowsColorSystem\Calibration Loader,SCAFFOLD\Administrator,,TaskStartEvent
2026-05-17T15:11:45.409891Z,200,dc.scaffold.htb,Microsoft-Windows-TaskScheduler,Microsoft-Windows-TaskScheduler/Operational,2491,4,Color Calibration Loader,5960,,,,,,,,,E6344F96-70A4-46DF-BC34-D0577A854340,\Microsoft\Windows\WindowsColorSystem\Calibration Loader,,,ActionStart
2026-05-17T15:11:45.415000Z,141,dc.scaffold.htb,Microsoft-Windows-TaskScheduler,Microsoft-Windows-TaskScheduler/Operational,2492,4,,,,,,,,,,,,\CreateExplorerShellUnelevatedTask,,SCAFFOLD\Administrator,TaskDeleted
2026-05-17T15:11:45.421164Z,106,dc.scaffold.htb,Microsoft-Windows-TaskScheduler,Microsoft-Windows-TaskScheduler/Operational,2493,4,,,,,,,,,,,,\CreateExplorerShellUnelevatedTask,SCAFFOLD\Administrator,,TaskRegisteredEvent
2026-05-17T15:11:45.421165Z,140,dc.scaffold.htb,Microsoft-Windows-TaskScheduler,Microsoft-Windows-TaskScheduler/Operational,2494,4,,,,,,,,,,,,\CreateExplorerShellUnelevatedTask,,SCAFFOLD\Administrator,TaskUpdated
2026-05-17T15:11:45.421442Z,109,dc.scaffold.htb,Microsoft-Windows-TaskScheduler,Microsoft-Windows-TaskScheduler/Operational,2495,4,,,5B047A4E-547D-4734-997F-BCB5CE747F81,,,,,,,,,\CreateExplorerShellUnelevatedTask,,,RegistrationTriggerEvent
2026-05-17T15:11:45.423979Z,129,dc.scaffold.htb,Microsoft-Windows-TaskScheduler,Microsoft-Windows-TaskScheduler/Operational,2496,4,,,,,C:\Windows\Explorer.EXE,32,3400,,,,,\CreateExplorerShellUnelevatedTask,,,CreatedTaskProcess
2026-05-17T15:11:45.424454Z,100,dc.scaffold.htb,Microsoft-Windows-TaskScheduler,Microsoft-Windows-TaskScheduler/Operational,2497,4,,,5B047A4E-547D-4734-997F-BCB5CE747F81,,,,,,,,,\CreateExplorerShellUnelevatedTask,SCAFFOLD\Administrator,,TaskStartEvent
2026-05-17T15:11:45.424456Z,200,dc.scaffold.htb,Microsoft-Windows-TaskScheduler,Microsoft-Windows-TaskScheduler/Operational,2498,4,C:\Windows\Explorer.EXE,3400,,,,,,,,,5B047A4E-547D-4734-997F-BCB5CE747F81,\CreateExplorerShellUnelevatedTask,,,ActionStart
2026-05-17T15:11:45.427465Z,129,dc.scaffold.htb,Microsoft-Windows-TaskScheduler,Microsoft-Windows-TaskScheduler/Operational,2499,4,,,,,taskhostw.exe,32,3516,,,,,\Microsoft\Windows\Plug and Play\Device Install Reboot Required,,,CreatedTaskProcess
2026-05-17T15:11:45.427645Z,100,dc.scaffold.htb,Microsoft-Windows-TaskScheduler,Microsoft-Windows-TaskScheduler/Operational,2500,4,,,719869C7-2DC6-44B9-A1E3-F353B4FF1C71,,,,,,,,,\Microsoft\Windows\Plug and Play\Device Install Reboot Required,SCAFFOLD\Administrator,,TaskStartEvent
2026-05-17T15:11:45.427647Z,200,dc.scaffold.htb,Microsoft-Windows-TaskScheduler,Microsoft-Windows-TaskScheduler/Operational,2501,4,Device Installation Reboot Dialog Task,3516,,,,,,,,,719869C7-2DC6-44B9-A1E3-F353B4FF1C71,\Microsoft\Windows\Plug and Play\Device Install Reboot Required,,,ActionStart
2026-05-17T15:11:45.553904Z,201,dc.scaffold.htb,Microsoft-Windows-TaskScheduler,Microsoft-Windows-TaskScheduler/Operational,2502,4,Certificate Services Client Task Handler,5960,,,,,,,0,,F971B919-6179-486A-9CE6-4ABB715C1BF2,\Microsoft\Windows\CertificateServicesClient\UserTask,,,ActionSuccess
2026-05-17T15:11:45.553908Z,102,dc.scaffold.htb,Microsoft-Windows-TaskScheduler,Microsoft-Windows-TaskScheduler/Operational,2503,4,,,F971B919-6179-486A-9CE6-4ABB715C1BF2,,,,,,,,,\Microsoft\Windows\CertificateServicesClient\UserTask,SCAFFOLD\Administrator,,TaskSuccessEvent
2026-05-17T15:11:45.571497Z,201,dc.scaffold.htb,Microsoft-Windows-TaskScheduler,Microsoft-Windows-TaskScheduler/Operational,2504,4,Color Calibration Loader,5960,,,,,,,0,,E6344F96-70A4-46DF-BC34-D0577A854340,\Microsoft\Windows\WindowsColorSystem\Calibration Loader,,,ActionSuccess
2026-05-17T15:11:45.571499Z,102,dc.scaffold.htb,Microsoft-Windows-TaskScheduler,Microsoft-Windows-TaskScheduler/Operational,2505,4,,,E6344F96-70A4-46DF-BC34-D0577A854340,,,,,,,,,\Microsoft\Windows\WindowsColorSystem\Calibration Loader,SCAFFOLD\Administrator,,TaskSuccessEvent
2026-05-17T15:11:45.591866Z,201,dc.scaffold.htb,Microsoft-Windows-TaskScheduler,Microsoft-Windows-TaskScheduler/Operational,2506,4,Device Installation Reboot Dialog Task,3516,,,,,,,0,,719869C7-2DC6-44B9-A1E3-F353B4FF1C71,\Microsoft\Windows\Plug and Play\Device Install Reboot Required,,,ActionSuccess
2026-05-17T15:11:45.591867Z,102,dc.scaffold.htb,Microsoft-Windows-TaskScheduler,Microsoft-Windows-TaskScheduler/Operational,2507,4,,,719869C7-2DC6-44B9-A1E3-F353B4FF1C71,,,,,,,,,\Microsoft\Windows\Plug and Play\Device Install Reboot Required,SCAFFOLD\Administrator,,TaskSuccessEvent
2026-05-17T15:11:46.472405Z,201,dc.scaffold.htb,Microsoft-Windows-TaskScheduler,Microsoft-Windows-TaskScheduler/Operational,2508,4,%windir%\system32\ServerManagerLauncher.exe,604,,,,,,,0,,7D8FA01A-591B-46DE-9BC0-A0C3A1B60B94,\Microsoft\Windows\Server Manager\ServerManager,,,ActionSuccess
2026-05-17T15:11:46.472949Z,102,dc.scaffold.htb,Microsoft-Windows-TaskScheduler,Microsoft-Windows-TaskScheduler/Operational,2509,4,,,7D8FA01A-591B-46DE-9BC0-A0C3A1B60B94,,,,,,,,,\Microsoft\Windows\Server Manager\ServerManager,SCAFFOLD\Administrator,,TaskSuccessEvent
2026-05-17T15:12:15.678525Z,119,dc.scaffold.htb,Microsoft-Windows-TaskScheduler,Microsoft-Windows-TaskScheduler/Operational,2510,4,,,B4F4AA4C-B84C-4EF7-995D-82D3E06C4D73,,,,,,,,,\Microsoft\Windows\International\Synchronize Language Settings,,SCAFFOLD\Administrator,LogonTrigger
2026-05-17T15:12:15.682275Z,129,dc.scaffold.htb,Microsoft-Windows-TaskScheduler,Microsoft-Windows-TaskScheduler/Operational,2511,4,,,,,taskhostw.exe,32,7068,,,,,\Microsoft\Windows\International\Synchronize Language Settings,,,CreatedTaskProcess
2026-05-17T15:12:15.682743Z,100,dc.scaffold.htb,Microsoft-Windows-TaskScheduler,Microsoft-Windows-TaskScheduler/Operational,2512,4,,,B4F4AA4C-B84C-4EF7-995D-82D3E06C4D73,,,,,,,,,\Microsoft\Windows\International\Synchronize Language Settings,SCAFFOLD\Administrator,,TaskStartEvent
2026-05-17T15:12:15.682747Z,200,dc.scaffold.htb,Microsoft-Windows-TaskScheduler,Microsoft-Windows-TaskScheduler/Operational,2513,4,Sync Language Data From Cloud Task,7068,,,,,,,,,B4F4AA4C-B84C-4EF7-995D-82D3E06C4D73,\Microsoft\Windows\International\Synchronize Language Settings,,,ActionStart
2026-05-17T15:12:37.967245Z,140,dc.scaffold.htb,Microsoft-Windows-TaskScheduler,Microsoft-Windows-TaskScheduler/Operational,2514,4,,,,,,,,,,,,\Microsoft\Windows\Application Experience\PcaPatchDbTask,,SCAFFOLD\DC$,TaskUpdated
2026-05-17T15:12:40.487422Z,140,dc.scaffold.htb,Microsoft-Windows-TaskScheduler,Microsoft-Windows-TaskScheduler/Operational,2515,4,,,,,,,,,,,,\Microsoft\Windows\UpdateOrchestrator\Schedule Scan,,S-1-5-18,TaskUpdated
2026-05-17T15:12:40.530208Z,140,dc.scaffold.htb,Microsoft-Windows-TaskScheduler,Microsoft-Windows-TaskScheduler/Operational,2516,4,,,,,,,,,,,,\Microsoft\Windows\UpdateOrchestrator\Schedule Scan,,SCAFFOLD\DC$,TaskUpdated
2026-05-17T15:12:45.685116Z,119,dc.scaffold.htb,Microsoft-Windows-TaskScheduler,Microsoft-Windows-TaskScheduler/Operational,2517,4,,,FAEDA5E5-804B-4BBE-BCA2-4C3D0D34A509,,,,,,,,,\Microsoft\Windows\Workplace Join\Automatic-Device-Join,,SCAFFOLD\Administrator,LogonTrigger
2026-05-17T15:12:45.688126Z,129,dc.scaffold.htb,Microsoft-Windows-TaskScheduler,Microsoft-Windows-TaskScheduler/Operational,2518,4,,,,,%SystemRoot%\System32\dsregcmd.exe,16384,1944,,,,,\Microsoft\Windows\Workplace Join\Automatic-Device-Join,,,CreatedTaskProcess
2026-05-17T15:12:45.688360Z,100,dc.scaffold.htb,Microsoft-Windows-TaskScheduler,Microsoft-Windows-TaskScheduler/Operational,2519,4,,,FAEDA5E5-804B-4BBE-BCA2-4C3D0D34A509,,,,,,,,,\Microsoft\Windows\Workplace Join\Automatic-Device-Join,NT AUTHORITY\SYSTEM,,TaskStartEvent
2026-05-17T15:12:45.688363Z,200,dc.scaffold.htb,Microsoft-Windows-TaskScheduler,Microsoft-Windows-TaskScheduler/Operational,2520,4,%SystemRoot%\System32\dsregcmd.exe,1944,,,,,,,,,FAEDA5E5-804B-4BBE-BCA2-4C3D0D34A509,\Microsoft\Windows\Workplace Join\Automatic-Device-Join,,,ActionStart
2026-05-17T15:12:45.742313Z,201,dc.scaffold.htb,Microsoft-Windows-TaskScheduler,Microsoft-Windows-TaskScheduler/Operational,2521,4,%SystemRoot%\System32\dsregcmd.exe,1944,,,,,,,2147942401,,FAEDA5E5-804B-4BBE-BCA2-4C3D0D34A509,\Microsoft\Windows\Workplace Join\Automatic-Device-Join,,,ActionSuccess
2026-05-17T15:12:45.742392Z,102,dc.scaffold.htb,Microsoft-Windows-TaskScheduler,Microsoft-Windows-TaskScheduler/Operational,2522,4,,,FAEDA5E5-804B-4BBE-BCA2-4C3D0D34A509,,,,,,,,,\Microsoft\Windows\Workplace Join\Automatic-Device-Join,NT AUTHORITY\SYSTEM,,TaskSuccessEvent
2026-05-17T15:12:50.340948Z,202,dc.scaffold.htb,Microsoft-Windows-TaskScheduler,Microsoft-Windows-TaskScheduler/Operational,2523,2,Sync Language Data From Cloud Task,7068,,,,,,,2147746053,,B4F4AA4C-B84C-4EF7-995D-82D3E06C4D73,\Microsoft\Windows\International\Synchronize Language Settings,,,ActionFailure
2026-05-17T15:12:50.340953Z,103,dc.scaffold.htb,Microsoft-Windows-TaskScheduler,Microsoft-Windows-TaskScheduler/Operational,2524,2,,,B4F4AA4C-B84C-4EF7-995D-82D3E06C4D73,,,,,,2147746053,,,\Microsoft\Windows\International\Synchronize Language Settings,SCAFFOLD\Administrator,,TaskFailureEvent
2026-05-17T15:13:28.827545Z,118,dc.scaffold.htb,Microsoft-Windows-TaskScheduler,Microsoft-Windows-TaskScheduler/Operational,2525,4,,,39B32D10-5F63-420A-AA0F-52960D726A8E,,,,,,,,,\Microsoft\Windows\Windows Error Reporting\QueueReporting,,,BootTrigger
2026-05-17T15:13:28.831850Z,129,dc.scaffold.htb,Microsoft-Windows-TaskScheduler,Microsoft-Windows-TaskScheduler/Operational,2526,4,,,,,taskhostw.exe,16384,2128,,,,,\Microsoft\Windows\Flighting\FeatureConfig\ReconcileFeatures,,,CreatedTaskProcess
2026-05-17T15:13:28.832184Z,100,dc.scaffold.htb,Microsoft-Windows-TaskScheduler,Microsoft-Windows-TaskScheduler/Operational,2527,4,,,56ADF4ED-C6DE-4552-A5AD-2CA7A6BFD16B,,,,,,,,,\Microsoft\Windows\Flighting\FeatureConfig\ReconcileFeatures,NT AUTHORITY\SYSTEM,,TaskStartEvent
2026-05-17T15:13:28.832187Z,200,dc.scaffold.htb,Microsoft-Windows-TaskScheduler,Microsoft-Windows-TaskScheduler/Operational,2528,4,Feature Configuration Reconciliation Task Handler,2128,,,,,,,,,56ADF4ED-C6DE-4552-A5AD-2CA7A6BFD16B,\Microsoft\Windows\Flighting\FeatureConfig\ReconcileFeatures,,,ActionStart
2026-05-17T15:13:28.840705Z,129,dc.scaffold.htb,Microsoft-Windows-TaskScheduler,Microsoft-Windows-TaskScheduler/Operational,2529,4,,,,,%windir%\system32\wermgr.exe,16384,1920,,,,,\Microsoft\Windows\Windows Error Reporting\QueueReporting,,,CreatedTaskProcess
2026-05-17T15:13:28.841007Z,100,dc.scaffold.htb,Microsoft-Windows-TaskScheduler,Microsoft-Windows-TaskScheduler/Operational,2530,4,,,39B32D10-5F63-420A-AA0F-52960D726A8E,,,,,,,,,\Microsoft\Windows\Windows Error Reporting\QueueReporting,NT AUTHORITY\SYSTEM,,TaskStartEvent
2026-05-17T15:13:28.841009Z,200,dc.scaffold.htb,Microsoft-Windows-TaskScheduler,Microsoft-Windows-TaskScheduler/Operational,2531,4,%windir%\system32\wermgr.exe,1920,,,,,,,,,39B32D10-5F63-420A-AA0F-52960D726A8E,\Microsoft\Windows\Windows Error Reporting\QueueReporting,,,ActionStart
2026-05-17T15:13:28.880999Z,201,dc.scaffold.htb,Microsoft-Windows-TaskScheduler,Microsoft-Windows-TaskScheduler/Operational,2532,4,Feature Configuration Reconciliation Task Handler,2128,,,,,,,0,,56ADF4ED-C6DE-4552-A5AD-2CA7A6BFD16B,\Microsoft\Windows\Flighting\FeatureConfig\ReconcileFeatures,,,ActionSuccess
2026-05-17T15:13:28.881000Z,102,dc.scaffold.htb,Microsoft-Windows-TaskScheduler,Microsoft-Windows-TaskScheduler/Operational,2533,4,,,56ADF4ED-C6DE-4552-A5AD-2CA7A6BFD16B,,,,,,,,,\Microsoft\Windows\Flighting\FeatureConfig\ReconcileFeatures,NT AUTHORITY\SYSTEM,,TaskSuccessEvent
2026-05-17T15:13:46.872889Z,201,dc.scaffold.htb,Microsoft-Windows-TaskScheduler,Microsoft-Windows-TaskScheduler/Operational,2534,4,%windir%\system32\wermgr.exe,1920,,,,,,,0,,39B32D10-5F63-420A-AA0F-52960D726A8E,\Microsoft\Windows\Windows Error Reporting\QueueReporting,,,ActionSuccess
2026-05-17T15:13:46.873087Z,102,dc.scaffold.htb,Microsoft-Windows-TaskScheduler,Microsoft-Windows-TaskScheduler/Operational,2535,4,,,39B32D10-5F63-420A-AA0F-52960D726A8E,,,,,,,,,\Microsoft\Windows\Windows Error Reporting\QueueReporting,NT AUTHORITY\SYSTEM,,TaskSuccessEvent
2026-05-17T15:16:11.031511Z,114,dc.scaffold.htb,Microsoft-Windows-TaskScheduler,Microsoft-Windows-TaskScheduler/Operational,2536,3,,,ACC233D3-D3A4-4A50-AE11-FB62A8CA0940,,,,,,,,,\MicrosoftEdgeUpdateTaskMachineCore,,,MissedTaskLaunched
2026-05-17T15:16:11.034721Z,129,dc.scaffold.htb,Microsoft-Windows-TaskScheduler,Microsoft-Windows-TaskScheduler/Operational,2537,4,,,,,C:\Program Files (x86)\Microsoft\EdgeUpdate\MicrosoftEdgeUpdate.exe,32,1780,,,,,\MicrosoftEdgeUpdateTaskMachineCore,,,CreatedTaskProcess
2026-05-17T15:16:11.034958Z,100,dc.scaffold.htb,Microsoft-Windows-TaskScheduler,Microsoft-Windows-TaskScheduler/Operational,2538,4,,,ACC233D3-D3A4-4A50-AE11-FB62A8CA0940,,,,,,,,,\MicrosoftEdgeUpdateTaskMachineCore,NT AUTHORITY\SYSTEM,,TaskStartEvent
2026-05-17T15:16:11.034961Z,200,dc.scaffold.htb,Microsoft-Windows-TaskScheduler,Microsoft-Windows-TaskScheduler/Operational,2539,4,C:\Program Files (x86)\Microsoft\EdgeUpdate\MicrosoftEdgeUpdate.exe,1780,,,,,,,,,ACC233D3-D3A4-4A50-AE11-FB62A8CA0940,\MicrosoftEdgeUpdateTaskMachineCore,,,ActionStart
2026-05-17T15:16:11.066814Z,201,dc.scaffold.htb,Microsoft-Windows-TaskScheduler,Microsoft-Windows-TaskScheduler/Operational,2540,4,C:\Program Files (x86)\Microsoft\EdgeUpdate\MicrosoftEdgeUpdate.exe,1780,,,,,,,0,,ACC233D3-D3A4-4A50-AE11-FB62A8CA0940,\MicrosoftEdgeUpdateTaskMachineCore,,,ActionSuccess
2026-05-17T15:16:11.066911Z,102,dc.scaffold.htb,Microsoft-Windows-TaskScheduler,Microsoft-Windows-TaskScheduler/Operational,2541,4,,,ACC233D3-D3A4-4A50-AE11-FB62A8CA0940,,,,,,,,,\MicrosoftEdgeUpdateTaskMachineCore,NT AUTHORITY\SYSTEM,,TaskSuccessEvent
2026-05-17T15:20:53.402747Z,140,dc.scaffold.htb,Microsoft-Windows-TaskScheduler,Microsoft-Windows-TaskScheduler/Operational,2542,4,,,,,,,,,,,,\Microsoft\Windows\WindowsUpdate\Scheduled Start,,NT AUTHORITY\SYSTEM,TaskUpdated
2026-05-17T15:20:58.798033Z,141,dc.scaffold.htb,Microsoft-Windows-TaskScheduler,Microsoft-Windows-TaskScheduler/Operational,2543,4,,,,,,,,,,,,\Microsoft\Windows\Windows Defender\Windows Defender Scheduled Scan,,NT AUTHORITY\System,TaskDeleted
2026-05-17T15:20:58.802503Z,106,dc.scaffold.htb,Microsoft-Windows-TaskScheduler,Microsoft-Windows-TaskScheduler/Operational,2544,4,,,,,,,,,,,,\Microsoft\Windows\Windows Defender\Windows Defender Scheduled Scan,SCAFFOLD\DC$,,TaskRegisteredEvent
2026-05-17T15:20:58.802504Z,140,dc.scaffold.htb,Microsoft-Windows-TaskScheduler,Microsoft-Windows-TaskScheduler/Operational,2545,4,,,,,,,,,,,,\Microsoft\Windows\Windows Defender\Windows Defender Scheduled Scan,,SCAFFOLD\DC$,TaskUpdated
2026-05-17T15:23:06.515864Z,108,dc.scaffold.htb,Microsoft-Windows-TaskScheduler,Microsoft-Windows-TaskScheduler/Operational,2546,4,,,7A4363C0-6CA4-46FD-B4E9-61B7A9DB55EB,,,,,,,,,\Microsoft\Windows\Workplace Join\Automatic-Device-Join,,,EventTriggerEvent
2026-05-17T15:23:06.519691Z,129,dc.scaffold.htb,Microsoft-Windows-TaskScheduler,Microsoft-Windows-TaskScheduler/Operational,2547,4,,,,,%SystemRoot%\System32\dsregcmd.exe,16384,996,,,,,\Microsoft\Windows\Workplace Join\Automatic-Device-Join,,,CreatedTaskProcess
2026-05-17T15:23:06.520376Z,100,dc.scaffold.htb,Microsoft-Windows-TaskScheduler,Microsoft-Windows-TaskScheduler/Operational,2548,4,,,7A4363C0-6CA4-46FD-B4E9-61B7A9DB55EB,,,,,,,,,\Microsoft\Windows\Workplace Join\Automatic-Device-Join,NT AUTHORITY\SYSTEM,,TaskStartEvent
2026-05-17T15:23:06.520379Z,200,dc.scaffold.htb,Microsoft-Windows-TaskScheduler,Microsoft-Windows-TaskScheduler/Operational,2549,4,%SystemRoot%\System32\dsregcmd.exe,996,,,,,,,,,7A4363C0-6CA4-46FD-B4E9-61B7A9DB55EB,\Microsoft\Windows\Workplace Join\Automatic-Device-Join,,,ActionStart
2026-05-17T15:23:06.590086Z,201,dc.scaffold.htb,Microsoft-Windows-TaskScheduler,Microsoft-Windows-TaskScheduler/Operational,2550,4,%SystemRoot%\System32\dsregcmd.exe,996,,,,,,,2147942401,,7A4363C0-6CA4-46FD-B4E9-61B7A9DB55EB,\Microsoft\Windows\Workplace Join\Automatic-Device-Join,,,ActionSuccess
2026-05-17T15:23:06.590228Z,102,dc.scaffold.htb,Microsoft-Windows-TaskScheduler,Microsoft-Windows-TaskScheduler/Operational,2551,4,,,7A4363C0-6CA4-46FD-B4E9-61B7A9DB55EB,,,,,,,,,\Microsoft\Windows\Workplace Join\Automatic-Device-Join,NT AUTHORITY\SYSTEM,,TaskSuccessEvent
2026-05-17T15:28:41.459681Z,119,dc.scaffold.htb,Microsoft-Windows-TaskScheduler,Microsoft-Windows-TaskScheduler/Operational,2552,4,,,D30381B1-1E17-4EC3-A951-59F6700C252C,,,,,,,,,\Microsoft\Windows\Device Information\Device User,,SCAFFOLD\Administrator,LogonTrigger
2026-05-17T15:28:41.463477Z,129,dc.scaffold.htb,Microsoft-Windows-TaskScheduler,Microsoft-Windows-TaskScheduler/Operational,2553,4,,,,,%windir%\system32\devicecensus.exe,16384,772,,,,,\Microsoft\Windows\Device Information\Device User,,,CreatedTaskProcess
2026-05-17T15:28:41.463831Z,100,dc.scaffold.htb,Microsoft-Windows-TaskScheduler,Microsoft-Windows-TaskScheduler/Operational,2554,4,,,D30381B1-1E17-4EC3-A951-59F6700C252C,,,,,,,,,\Microsoft\Windows\Device Information\Device User,SCAFFOLD\Administrator,,TaskStartEvent
2026-05-17T15:28:41.463833Z,200,dc.scaffold.htb,Microsoft-Windows-TaskScheduler,Microsoft-Windows-TaskScheduler/Operational,2555,4,%windir%\system32\devicecensus.exe,772,,,,,,,,,D30381B1-1E17-4EC3-A951-59F6700C252C,\Microsoft\Windows\Device Information\Device User,,,ActionStart
2026-05-17T15:28:41.485092Z,201,dc.scaffold.htb,Microsoft-Windows-TaskScheduler,Microsoft-Windows-TaskScheduler/Operational,2556,4,%windir%\system32\devicecensus.exe,772,,,,,,,0,,D30381B1-1E17-4EC3-A951-59F6700C252C,\Microsoft\Windows\Device Information\Device User,,,ActionSuccess
2026-05-17T15:28:41.485378Z,102,dc.scaffold.htb,Microsoft-Windows-TaskScheduler,Microsoft-Windows-TaskScheduler/Operational,2557,4,,,D30381B1-1E17-4EC3-A951-59F6700C252C,,,,,,,,,\Microsoft\Windows\Device Information\Device User,SCAFFOLD\Administrator,,TaskSuccessEvent
2026-05-17T15:31:16.489137Z,202,dc.scaffold.htb,Microsoft-Windows-TaskScheduler,Microsoft-Windows-TaskScheduler/Operational,2558,2,Wininet Cache task object,4196,,,,,,,2147942404,,4184474F-A963-459E-83C0-4CD4D74D2248,\Microsoft\Windows\Wininet\CacheTask,,,ActionFailure
2026-05-17T15:31:16.489139Z,103,dc.scaffold.htb,Microsoft-Windows-TaskScheduler,Microsoft-Windows-TaskScheduler/Operational,2559,2,,,4184474F-A963-459E-83C0-4CD4D74D2248,,,,,,2147942404,,,\Microsoft\Windows\Wininet\CacheTask,,,TaskFailureEvent
2026-05-17T15:31:16.974890Z,201,dc.scaffold.htb,Microsoft-Windows-TaskScheduler,Microsoft-Windows-TaskScheduler/Operational,2560,4,C:\Windows\Explorer.EXE,3400,,,,,,,2147942404,,5B047A4E-547D-4734-997F-BCB5CE747F81,\CreateExplorerShellUnelevatedTask,,,ActionSuccess
2026-05-17T15:31:16.975348Z,102,dc.scaffold.htb,Microsoft-Windows-TaskScheduler,Microsoft-Windows-TaskScheduler/Operational,2561,4,,,5B047A4E-547D-4734-997F-BCB5CE747F81,,,,,,,,,\CreateExplorerShellUnelevatedTask,SCAFFOLD\Administrator,,TaskSuccessEvent
2026-05-17T15:31:17.193382Z,201,dc.scaffold.htb,Microsoft-Windows-TaskScheduler,Microsoft-Windows-TaskScheduler/Operational,2562,4,C:\Program Files (x86)\Microsoft\EdgeUpdate\MicrosoftEdgeUpdate.exe,5844,,,,,,,2147943691,,92AE7A1F-6EE4-4E5A-8873-BB685500A81F,\MicrosoftEdgeUpdateTaskMachineCore,,,ActionSuccess
2026-05-17T15:31:17.193452Z,102,dc.scaffold.htb,Microsoft-Windows-TaskScheduler,Microsoft-Windows-TaskScheduler/Operational,2563,4,,,92AE7A1F-6EE4-4E5A-8873-BB685500A81F,,,,,,,,,\MicrosoftEdgeUpdateTaskMachineCore,NT AUTHORITY\SYSTEM,,TaskSuccessEvent
2026-05-17T15:31:17.193460Z,111,dc.scaffold.htb,Microsoft-Windows-TaskScheduler,Microsoft-Windows-TaskScheduler/Operational,2564,4,,,92AE7A1F-6EE4-4E5A-8873-BB685500A81F,,,,,,,,,\MicrosoftEdgeUpdateTaskMachineCore,,,TaskTerminationEvent
2026-05-17T15:31:17.233926Z,140,dc.scaffold.htb,Microsoft-Windows-TaskScheduler,Microsoft-Windows-TaskScheduler/Operational,2565,4,,,,,,,,,,,,\Microsoft\Windows\WindowsUpdate\Scheduled Start,,NT AUTHORITY\SYSTEM,TaskUpdated
2026-05-17T15:31:18.393488Z,402,dc.scaffold.htb,Microsoft-Windows-TaskScheduler,Microsoft-Windows-TaskScheduler/Operational,2566,4,,,,ServiceStopEvent,,,,,,,,,,,
2026-05-17T16:00:35.006269Z,700,dc.scaffold.htb,Microsoft-Windows-TaskScheduler,Microsoft-Windows-TaskScheduler/Operational,2567,4,,,,CompatibilityAdapterLaunch,,,,,,,,,,,
2026-05-17T16:00:35.043819Z,400,dc.scaffold.htb,Microsoft-Windows-TaskScheduler,Microsoft-Windows-TaskScheduler/Operational,2568,4,,,,ServiceStartEvent,,,,,,,,,,,
2026-05-17T16:00:35.109885Z,118,dc.scaffold.htb,Microsoft-Windows-TaskScheduler,Microsoft-Windows-TaskScheduler/Operational,2569,4,,,CEFA861C-82DB-48BA-B3F7-279963FAE83A,,,,,,,,,\Microsoft\Windows\ExploitGuard\ExploitGuard MDM policy Refresh,,,BootTrigger
2026-05-17T16:00:35.111835Z,129,dc.scaffold.htb,Microsoft-Windows-TaskScheduler,Microsoft-Windows-TaskScheduler/Operational,2570,4,,,,,taskhostw.exe,16384,2188,,,,,\Microsoft\Windows\ExploitGuard\ExploitGuard MDM policy Refresh,,,CreatedTaskProcess
2026-05-17T16:00:35.111922Z,100,dc.scaffold.htb,Microsoft-Windows-TaskScheduler,Microsoft-Windows-TaskScheduler/Operational,2571,4,,,CEFA861C-82DB-48BA-B3F7-279963FAE83A,,,,,,,,,\Microsoft\Windows\ExploitGuard\ExploitGuard MDM policy Refresh,NT AUTHORITY\SYSTEM,,TaskStartEvent
2026-05-17T16:00:35.111923Z,200,dc.scaffold.htb,Microsoft-Windows-TaskScheduler,Microsoft-Windows-TaskScheduler/Operational,2572,4,,2188,,,,,,,,,CEFA861C-82DB-48BA-B3F7-279963FAE83A,\Microsoft\Windows\ExploitGuard\ExploitGuard MDM policy Refresh,,,ActionStart
2026-05-17T16:00:35.192991Z,101,dc.scaffold.htb,Microsoft-Windows-TaskScheduler,Microsoft-Windows-TaskScheduler/Operational,2573,2,,,,,,,,,2147943568,,,\Microsoft\Windows\Workplace Join\Automatic-Device-Join,(default user),,TaskStartFailedEvent
2026-05-17T16:00:35.260299Z,100,dc.scaffold.htb,Microsoft-Windows-TaskScheduler,Microsoft-Windows-TaskScheduler/Operational,2574,4,,,E9797EDB-8C4E-44BC-B817-776DDE1CFF3F,,,,,,,,,\Microsoft\Windows\WwanSvc\OobeDiscovery,NT AUTHORITY\SYSTEM,,TaskStartEvent
2026-05-17T16:00:35.260301Z,200,dc.scaffold.htb,Microsoft-Windows-TaskScheduler,Microsoft-Windows-TaskScheduler/Operational,2575,4,OobeEsimTaskManager,2188,,,,,,,,,E9797EDB-8C4E-44BC-B817-776DDE1CFF3F,\Microsoft\Windows\WwanSvc\OobeDiscovery,,,ActionStart
2026-05-17T16:00:35.271191Z,201,dc.scaffold.htb,Microsoft-Windows-TaskScheduler,Microsoft-Windows-TaskScheduler/Operational,2576,4,,2188,,,,,,,0,,CEFA861C-82DB-48BA-B3F7-279963FAE83A,\Microsoft\Windows\ExploitGuard\ExploitGuard MDM policy Refresh,,,ActionSuccess
2026-05-17T16:00:35.271195Z,102,dc.scaffold.htb,Microsoft-Windows-TaskScheduler,Microsoft-Windows-TaskScheduler/Operational,2577,4,,,CEFA861C-82DB-48BA-B3F7-279963FAE83A,,,,,,,,,\Microsoft\Windows\ExploitGuard\ExploitGuard MDM policy Refresh,NT AUTHORITY\SYSTEM,,TaskSuccessEvent
2026-05-17T16:00:35.290390Z,129,dc.scaffold.htb,Microsoft-Windows-TaskScheduler,Microsoft-Windows-TaskScheduler/Operational,2578,4,,,,,taskhostw.exe,16384,2568,,,,,\Microsoft\Windows\Time Synchronization\ForceSynchronizeTime,,,CreatedTaskProcess
2026-05-17T16:00:35.290491Z,100,dc.scaffold.htb,Microsoft-Windows-TaskScheduler,Microsoft-Windows-TaskScheduler/Operational,2579,4,,,228E614F-C866-424D-A954-D722D597D355,,,,,,,,,\Microsoft\Windows\Time Synchronization\ForceSynchronizeTime,(NONE),,TaskStartEvent
2026-05-17T16:00:35.290492Z,200,dc.scaffold.htb,Microsoft-Windows-TaskScheduler,Microsoft-Windows-TaskScheduler/Operational,2580,4,Time Synchronization Task Handler,2568,,,,,,,,,228E614F-C866-424D-A954-D722D597D355,\Microsoft\Windows\Time Synchronization\ForceSynchronizeTime,,,ActionStart
2026-05-17T16:00:35.298613Z,201,dc.scaffold.htb,Microsoft-Windows-TaskScheduler,Microsoft-Windows-TaskScheduler/Operational,2581,4,Time Synchronization Task Handler,2568,,,,,,,0,,228E614F-C866-424D-A954-D722D597D355,\Microsoft\Windows\Time Synchronization\ForceSynchronizeTime,,,ActionSuccess
2026-05-17T16:00:35.298615Z,102,dc.scaffold.htb,Microsoft-Windows-TaskScheduler,Microsoft-Windows-TaskScheduler/Operational,2582,4,,,228E614F-C866-424D-A954-D722D597D355,,,,,,,,,\Microsoft\Windows\Time Synchronization\ForceSynchronizeTime,(NONE),,TaskSuccessEvent
2026-05-17T16:00:35.299208Z,201,dc.scaffold.htb,Microsoft-Windows-TaskScheduler,Microsoft-Windows-TaskScheduler/Operational,2583,4,OobeEsimTaskManager,2188,,,,,,,0,,E9797EDB-8C4E-44BC-B817-776DDE1CFF3F,\Microsoft\Windows\WwanSvc\OobeDiscovery,,,ActionSuccess
2026-05-17T16:00:35.299209Z,102,dc.scaffold.htb,Microsoft-Windows-TaskScheduler,Microsoft-Windows-TaskScheduler/Operational,2584,4,,,E9797EDB-8C4E-44BC-B817-776DDE1CFF3F,,,,,,,,,\Microsoft\Windows\WwanSvc\OobeDiscovery,NT AUTHORITY\SYSTEM,,TaskSuccessEvent
2026-05-17T16:00:35.606789Z,129,dc.scaffold.htb,Microsoft-Windows-TaskScheduler,Microsoft-Windows-TaskScheduler/Operational,2585,4,,,,,%windir%\system32\dxgiadaptercache.exe,16384,2632,,,,,\Microsoft\Windows\DirectX\DXGIAdapterCache,,,CreatedTaskProcess
2026-05-17T16:00:35.606993Z,100,dc.scaffold.htb,Microsoft-Windows-TaskScheduler,Microsoft-Windows-TaskScheduler/Operational,2586,4,,,4566699A-18BF-4F87-9304-ECE1268D39C9,,,,,,,,,\Microsoft\Windows\DirectX\DXGIAdapterCache,NT AUTHORITY\SYSTEM,,TaskStartEvent
2026-05-17T16:00:35.606995Z,200,dc.scaffold.htb,Microsoft-Windows-TaskScheduler,Microsoft-Windows-TaskScheduler/Operational,2587,4,%windir%\system32\dxgiadaptercache.exe,2632,,,,,,,,,4566699A-18BF-4F87-9304-ECE1268D39C9,\Microsoft\Windows\DirectX\DXGIAdapterCache,,,ActionStart
2026-05-17T16:00:35.627013Z,201,dc.scaffold.htb,Microsoft-Windows-TaskScheduler,Microsoft-Windows-TaskScheduler/Operational,2588,4,%windir%\system32\dxgiadaptercache.exe,2632,,,,,,,0,,4566699A-18BF-4F87-9304-ECE1268D39C9,\Microsoft\Windows\DirectX\DXGIAdapterCache,,,ActionSuccess
2026-05-17T16:00:35.627133Z,102,dc.scaffold.htb,Microsoft-Windows-TaskScheduler,Microsoft-Windows-TaskScheduler/Operational,2589,4,,,4566699A-18BF-4F87-9304-ECE1268D39C9,,,,,,,,,\Microsoft\Windows\DirectX\DXGIAdapterCache,NT AUTHORITY\SYSTEM,,TaskSuccessEvent
2026-05-17T16:00:35.760098Z,108,dc.scaffold.htb,Microsoft-Windows-TaskScheduler,Microsoft-Windows-TaskScheduler/Operational,2590,4,,,F63166F4-FD01-45E0-8108-DD97B677D5D8,,,,,,,,,\Microsoft\Windows\SoftwareProtectionPlatform\SvcRestartTaskNetwork,,,EventTriggerEvent
2026-05-17T16:00:35.764822Z,129,dc.scaffold.htb,Microsoft-Windows-TaskScheduler,Microsoft-Windows-TaskScheduler/Operational,2591,4,,,,,taskhostw.exe,16384,2648,,,,,\Microsoft\Windows\SoftwareProtectionPlatform\SvcRestartTaskNetwork,,,CreatedTaskProcess
2026-05-17T16:00:35.765187Z,100,dc.scaffold.htb,Microsoft-Windows-TaskScheduler,Microsoft-Windows-TaskScheduler/Operational,2592,4,,,F63166F4-FD01-45E0-8108-DD97B677D5D8,,,,,,,,,\Microsoft\Windows\SoftwareProtectionPlatform\SvcRestartTaskNetwork,(NONE),,TaskStartEvent
2026-05-17T16:00:35.765190Z,200,dc.scaffold.htb,Microsoft-Windows-TaskScheduler,Microsoft-Windows-TaskScheduler/Operational,2593,4,SppSvcRestartTaskHandler Class,2648,,,,,,,,,F63166F4-FD01-45E0-8108-DD97B677D5D8,\Microsoft\Windows\SoftwareProtectionPlatform\SvcRestartTaskNetwork,,,ActionStart
2026-05-17T16:00:36.054687Z,201,dc.scaffold.htb,Microsoft-Windows-TaskScheduler,Microsoft-Windows-TaskScheduler/Operational,2594,4,SppSvcRestartTaskHandler Class,2648,,,,,,,0,,F63166F4-FD01-45E0-8108-DD97B677D5D8,\Microsoft\Windows\SoftwareProtectionPlatform\SvcRestartTaskNetwork,,,ActionSuccess
2026-05-17T16:00:36.054689Z,102,dc.scaffold.htb,Microsoft-Windows-TaskScheduler,Microsoft-Windows-TaskScheduler/Operational,2595,4,,,F63166F4-FD01-45E0-8108-DD97B677D5D8,,,,,,,,,\Microsoft\Windows\SoftwareProtectionPlatform\SvcRestartTaskNetwork,(NONE),,TaskSuccessEvent
2026-05-17T16:00:36.215561Z,325,dc.scaffold.htb,Microsoft-Windows-TaskScheduler,Microsoft-Windows-TaskScheduler/Operational,2596,3,,,,,,,,9BBBC551-D878-455A-BB71-FEDD9DEA3F55,,,,\Microsoft\Windows\Workplace Join\Automatic-Device-Join,,,TaskInstanceQueued
2026-05-17T16:00:36.215660Z,110,dc.scaffold.htb,Microsoft-Windows-TaskScheduler,Microsoft-Windows-TaskScheduler/Operational,2597,4,,,9BBBC551-D878-455A-BB71-FEDD9DEA3F55,,,,,,,,,\Microsoft\Windows\Workplace Join\Automatic-Device-Join,System,,TaskRunEvent
2026-05-17T16:00:36.221972Z,129,dc.scaffold.htb,Microsoft-Windows-TaskScheduler,Microsoft-Windows-TaskScheduler/Operational,2598,4,,,,,%SystemRoot%\System32\dsregcmd.exe,16384,2740,,,,,\Microsoft\Windows\Workplace Join\Automatic-Device-Join,,,CreatedTaskProcess
2026-05-17T16:00:36.222173Z,100,dc.scaffold.htb,Microsoft-Windows-TaskScheduler,Microsoft-Windows-TaskScheduler/Operational,2599,4,,,9BBBC551-D878-455A-BB71-FEDD9DEA3F55,,,,,,,,,\Microsoft\Windows\Workplace Join\Automatic-Device-Join,NT AUTHORITY\SYSTEM,,TaskStartEvent
2026-05-17T16:00:36.222174Z,200,dc.scaffold.htb,Microsoft-Windows-TaskScheduler,Microsoft-Windows-TaskScheduler/Operational,2600,4,%SystemRoot%\System32\dsregcmd.exe,2740,,,,,,,,,9BBBC551-D878-455A-BB71-FEDD9DEA3F55,\Microsoft\Windows\Workplace Join\Automatic-Device-Join,,,ActionStart
2026-05-17T16:00:45.601174Z,118,dc.scaffold.htb,Microsoft-Windows-TaskScheduler,Microsoft-Windows-TaskScheduler/Operational,2601,4,,,36055FB9-4C62-447D-A7C7-ECC5085D554A,,,,,,,,,\Microsoft\Windows\CertificateServicesClient\SystemTask,,,BootTrigger
2026-05-17T16:00:45.603638Z,129,dc.scaffold.htb,Microsoft-Windows-TaskScheduler,Microsoft-Windows-TaskScheduler/Operational,2602,4,,,,,taskhostw.exe,16384,4940,,,,,\Microsoft\Windows\CertificateServicesClient\SystemTask,,,CreatedTaskProcess
2026-05-17T16:00:45.603709Z,100,dc.scaffold.htb,Microsoft-Windows-TaskScheduler,Microsoft-Windows-TaskScheduler/Operational,2603,4,,,36055FB9-4C62-447D-A7C7-ECC5085D554A,,,,,,,,,\Microsoft\Windows\CertificateServicesClient\SystemTask,NT AUTHORITY\SYSTEM,,TaskStartEvent
2026-05-17T16:00:45.603710Z,200,dc.scaffold.htb,Microsoft-Windows-TaskScheduler,Microsoft-Windows-TaskScheduler/Operational,2604,4,Certificate Services Client Task Handler,4940,,,,,,,,,36055FB9-4C62-447D-A7C7-ECC5085D554A,\Microsoft\Windows\CertificateServicesClient\SystemTask,,,ActionStart
2026-05-17T16:01:15.102992Z,201,dc.scaffold.htb,Microsoft-Windows-TaskScheduler,Microsoft-Windows-TaskScheduler/Operational,2605,4,%SystemRoot%\System32\dsregcmd.exe,2740,,,,,,,0,,9BBBC551-D878-455A-BB71-FEDD9DEA3F55,\Microsoft\Windows\Workplace Join\Automatic-Device-Join,,,ActionSuccess
2026-05-17T16:01:15.103158Z,102,dc.scaffold.htb,Microsoft-Windows-TaskScheduler,Microsoft-Windows-TaskScheduler/Operational,2606,4,,,9BBBC551-D878-455A-BB71-FEDD9DEA3F55,,,,,,,,,\Microsoft\Windows\Workplace Join\Automatic-Device-Join,NT AUTHORITY\SYSTEM,,TaskSuccessEvent
2026-05-17T16:01:24.898346Z,201,dc.scaffold.htb,Microsoft-Windows-TaskScheduler,Microsoft-Windows-TaskScheduler/Operational,2607,4,Certificate Services Client Task Handler,4940,,,,,,,0,,36055FB9-4C62-447D-A7C7-ECC5085D554A,\Microsoft\Windows\CertificateServicesClient\SystemTask,,,ActionSuccess
2026-05-17T16:01:24.898347Z,102,dc.scaffold.htb,Microsoft-Windows-TaskScheduler,Microsoft-Windows-TaskScheduler/Operational,2608,4,,,36055FB9-4C62-447D-A7C7-ECC5085D554A,,,,,,,,,\Microsoft\Windows\CertificateServicesClient\SystemTask,NT AUTHORITY\SYSTEM,,TaskSuccessEvent
2026-05-17T16:01:35.592158Z,118,dc.scaffold.htb,Microsoft-Windows-TaskScheduler,Microsoft-Windows-TaskScheduler/Operational,2609,4,,,177D5CE2-0435-4D31-BB4C-390E7C0D6F26,,,,,,,,,\Microsoft\Windows\Software Inventory Logging\Configuration,,,BootTrigger
2026-05-17T16:01:35.592338Z,118,dc.scaffold.htb,Microsoft-Windows-TaskScheduler,Microsoft-Windows-TaskScheduler/Operational,2610,4,,,2628F9A8-DD41-4D64-93BC-508FBAE845FC,,,,,,,,,\Microsoft\Windows\DirectX\DXGIAdapterCache,,,BootTrigger
2026-05-17T16:01:35.599099Z,129,dc.scaffold.htb,Microsoft-Windows-TaskScheduler,Microsoft-Windows-TaskScheduler/Operational,2611,4,,,,,%windir%\system32\dxgiadaptercache.exe,16384,2780,,,,,\Microsoft\Windows\DirectX\DXGIAdapterCache,,,CreatedTaskProcess
2026-05-17T16:01:35.599723Z,100,dc.scaffold.htb,Microsoft-Windows-TaskScheduler,Microsoft-Windows-TaskScheduler/Operational,2612,4,,,2628F9A8-DD41-4D64-93BC-508FBAE845FC,,,,,,,,,\Microsoft\Windows\DirectX\DXGIAdapterCache,NT AUTHORITY\SYSTEM,,TaskStartEvent
2026-05-17T16:01:35.599726Z,200,dc.scaffold.htb,Microsoft-Windows-TaskScheduler,Microsoft-Windows-TaskScheduler/Operational,2613,4,%windir%\system32\dxgiadaptercache.exe,2780,,,,,,,,,2628F9A8-DD41-4D64-93BC-508FBAE845FC,\Microsoft\Windows\DirectX\DXGIAdapterCache,,,ActionStart
2026-05-17T16:01:35.599963Z,129,dc.scaffold.htb,Microsoft-Windows-TaskScheduler,Microsoft-Windows-TaskScheduler/Operational,2614,4,,,,,%systemroot%\system32\cmd.exe,16384,2788,,,,,\Microsoft\Windows\Software Inventory Logging\Configuration,,,CreatedTaskProcess
