2026-05-23T15:00:09.136214Z,201,dc.scaffold.htb,Microsoft-Windows-TaskScheduler,Microsoft-Windows-TaskScheduler/Operational,6605,4,powershell.exe,8280,,,,,,,4294770688,,C1531955-E709-41ED-B763-47F2E29E81E8,\Deploy-Engine-OnAudit,,,ActionSuccess
2026-05-23T15:00:09.136440Z,102,dc.scaffold.htb,Microsoft-Windows-TaskScheduler,Microsoft-Windows-TaskScheduler/Operational,6606,4,,,C1531955-E709-41ED-B763-47F2E29E81E8,,,,,,,,,\Deploy-Engine-OnAudit,SCAFFOLD\Administrator,,TaskSuccessEvent
2026-05-23T15:09:23.183890Z,107,dc.scaffold.htb,Microsoft-Windows-TaskScheduler,Microsoft-Windows-TaskScheduler/Operational,6607,4,,,A44195E5-AB30-47FE-9798-378EA0AF9253,,,,,,,,,\MicrosoftEdgeUpdateTaskMachineCore,,,TimeTriggerEvent
2026-05-23T15:09:23.188504Z,129,dc.scaffold.htb,Microsoft-Windows-TaskScheduler,Microsoft-Windows-TaskScheduler/Operational,6608,4,,,,,C:\Program Files (x86)\Microsoft\EdgeUpdate\MicrosoftEdgeUpdate.exe,32,5312,,,,,\MicrosoftEdgeUpdateTaskMachineCore,,,CreatedTaskProcess
2026-05-23T15:09:23.189126Z,100,dc.scaffold.htb,Microsoft-Windows-TaskScheduler,Microsoft-Windows-TaskScheduler/Operational,6609,4,,,A44195E5-AB30-47FE-9798-378EA0AF9253,,,,,,,,,\MicrosoftEdgeUpdateTaskMachineCore,NT AUTHORITY\SYSTEM,,TaskStartEvent
2026-05-23T15:09:23.189130Z,200,dc.scaffold.htb,Microsoft-Windows-TaskScheduler,Microsoft-Windows-TaskScheduler/Operational,6610,4,C:\Program Files (x86)\Microsoft\EdgeUpdate\MicrosoftEdgeUpdate.exe,5312,,,,,,,,,A44195E5-AB30-47FE-9798-378EA0AF9253,\MicrosoftEdgeUpdateTaskMachineCore,,,ActionStart
2026-05-23T15:09:23.219555Z,201,dc.scaffold.htb,Microsoft-Windows-TaskScheduler,Microsoft-Windows-TaskScheduler/Operational,6611,4,C:\Program Files (x86)\Microsoft\EdgeUpdate\MicrosoftEdgeUpdate.exe,5312,,,,,,,0,,A44195E5-AB30-47FE-9798-378EA0AF9253,\MicrosoftEdgeUpdateTaskMachineCore,,,ActionSuccess
2026-05-23T15:09:23.219673Z,102,dc.scaffold.htb,Microsoft-Windows-TaskScheduler,Microsoft-Windows-TaskScheduler/Operational,6612,4,,,A44195E5-AB30-47FE-9798-378EA0AF9253,,,,,,,,,\MicrosoftEdgeUpdateTaskMachineCore,NT AUTHORITY\SYSTEM,,TaskSuccessEvent
2026-05-23T15:11:21.265957Z,140,dc.scaffold.htb,Microsoft-Windows-TaskScheduler,Microsoft-Windows-TaskScheduler/Operational,6613,4,,,,,,,,,,,,\Microsoft\Windows\SoftwareProtectionPlatform\SvcRestartTask,,SCAFFOLD\DC$,TaskUpdated
2026-05-23T15:34:23.604955Z,201,dc.scaffold.htb,Microsoft-Windows-TaskScheduler,Microsoft-Windows-TaskScheduler/Operational,6614,4,C:\Windows\Explorer.EXE,6760,,,,,,,2147942404,,F672F0F7-4C64-4C58-9E21-2B61114CD24D,\CreateExplorerShellUnelevatedTask,,,ActionSuccess
2026-05-23T15:34:23.605608Z,102,dc.scaffold.htb,Microsoft-Windows-TaskScheduler,Microsoft-Windows-TaskScheduler/Operational,6615,4,,,F672F0F7-4C64-4C58-9E21-2B61114CD24D,,,,,,,,,\CreateExplorerShellUnelevatedTask,SCAFFOLD\Administrator,,TaskSuccessEvent
2026-05-23T15:34:23.644835Z,202,dc.scaffold.htb,Microsoft-Windows-TaskScheduler,Microsoft-Windows-TaskScheduler/Operational,6616,2,Wininet Cache task object,7044,,,,,,,2147942404,,07431976-8268-4131-9212-6D4660AEE029,\Microsoft\Windows\Wininet\CacheTask,,,ActionFailure
2026-05-23T15:34:23.644836Z,103,dc.scaffold.htb,Microsoft-Windows-TaskScheduler,Microsoft-Windows-TaskScheduler/Operational,6617,2,,,07431976-8268-4131-9212-6D4660AEE029,,,,,,2147942404,,,\Microsoft\Windows\Wininet\CacheTask,,,TaskFailureEvent
2026-05-23T15:34:23.813848Z,201,dc.scaffold.htb,Microsoft-Windows-TaskScheduler,Microsoft-Windows-TaskScheduler/Operational,6618,4,C:\Program Files (x86)\Microsoft\EdgeUpdate\MicrosoftEdgeUpdate.exe,7100,,,,,,,2147943691,,108AC80E-CE4A-40C3-832D-B4C795542004,\MicrosoftEdgeUpdateTaskMachineCore,,,ActionSuccess
2026-05-23T15:34:23.813932Z,102,dc.scaffold.htb,Microsoft-Windows-TaskScheduler,Microsoft-Windows-TaskScheduler/Operational,6619,4,,,108AC80E-CE4A-40C3-832D-B4C795542004,,,,,,,,,\MicrosoftEdgeUpdateTaskMachineCore,NT AUTHORITY\SYSTEM,,TaskSuccessEvent
2026-05-23T15:34:23.813958Z,111,dc.scaffold.htb,Microsoft-Windows-TaskScheduler,Microsoft-Windows-TaskScheduler/Operational,6620,4,,,108AC80E-CE4A-40C3-832D-B4C795542004,,,,,,,,,\MicrosoftEdgeUpdateTaskMachineCore,,,TaskTerminationEvent
2026-05-23T15:34:23.979821Z,402,dc.scaffold.htb,Microsoft-Windows-TaskScheduler,Microsoft-Windows-TaskScheduler/Operational,6621,4,,,,ServiceStopEvent,,,,,,,,,,,
2026-05-23T23:00:40.892249Z,700,dc.scaffold.htb,Microsoft-Windows-TaskScheduler,Microsoft-Windows-TaskScheduler/Operational,6622,4,,,,CompatibilityAdapterLaunch,,,,,,,,,,,
2026-05-23T23:00:40.985823Z,400,dc.scaffold.htb,Microsoft-Windows-TaskScheduler,Microsoft-Windows-TaskScheduler/Operational,6623,4,,,,ServiceStartEvent,,,,,,,,,,,
2026-05-23T23:00:41.099093Z,118,dc.scaffold.htb,Microsoft-Windows-TaskScheduler,Microsoft-Windows-TaskScheduler/Operational,6624,4,,,296CA3F8-C4F4-4E98-8C2A-A3E7788C4391,,,,,,,,,\Microsoft\Windows\ExploitGuard\ExploitGuard MDM policy Refresh,,,BootTrigger
2026-05-23T23:00:41.108541Z,129,dc.scaffold.htb,Microsoft-Windows-TaskScheduler,Microsoft-Windows-TaskScheduler/Operational,6625,4,,,,,taskhostw.exe,16384,2316,,,,,\Microsoft\Windows\ExploitGuard\ExploitGuard MDM policy Refresh,,,CreatedTaskProcess
2026-05-23T23:00:41.108906Z,100,dc.scaffold.htb,Microsoft-Windows-TaskScheduler,Microsoft-Windows-TaskScheduler/Operational,6626,4,,,296CA3F8-C4F4-4E98-8C2A-A3E7788C4391,,,,,,,,,\Microsoft\Windows\ExploitGuard\ExploitGuard MDM policy Refresh,NT AUTHORITY\SYSTEM,,TaskStartEvent
2026-05-23T23:00:41.108909Z,200,dc.scaffold.htb,Microsoft-Windows-TaskScheduler,Microsoft-Windows-TaskScheduler/Operational,6627,4,,2316,,,,,,,,,296CA3F8-C4F4-4E98-8C2A-A3E7788C4391,\Microsoft\Windows\ExploitGuard\ExploitGuard MDM policy Refresh,,,ActionStart
2026-05-23T23:00:41.242330Z,101,dc.scaffold.htb,Microsoft-Windows-TaskScheduler,Microsoft-Windows-TaskScheduler/Operational,6628,2,,,,,,,,,2147943568,,,\Microsoft\Windows\Workplace Join\Automatic-Device-Join,(default user),,TaskStartFailedEvent
2026-05-23T23:00:41.440394Z,100,dc.scaffold.htb,Microsoft-Windows-TaskScheduler,Microsoft-Windows-TaskScheduler/Operational,6629,4,,,E91915F8-D828-4D2E-996F-152980B4A2D1,,,,,,,,,\Microsoft\Windows\WwanSvc\OobeDiscovery,NT AUTHORITY\SYSTEM,,TaskStartEvent
2026-05-23T23:00:41.440397Z,200,dc.scaffold.htb,Microsoft-Windows-TaskScheduler,Microsoft-Windows-TaskScheduler/Operational,6630,4,OobeEsimTaskManager,2316,,,,,,,,,E91915F8-D828-4D2E-996F-152980B4A2D1,\Microsoft\Windows\WwanSvc\OobeDiscovery,,,ActionStart
2026-05-23T23:00:41.452783Z,201,dc.scaffold.htb,Microsoft-Windows-TaskScheduler,Microsoft-Windows-TaskScheduler/Operational,6631,4,,2316,,,,,,,0,,296CA3F8-C4F4-4E98-8C2A-A3E7788C4391,\Microsoft\Windows\ExploitGuard\ExploitGuard MDM policy Refresh,,,ActionSuccess
2026-05-23T23:00:41.452786Z,102,dc.scaffold.htb,Microsoft-Windows-TaskScheduler,Microsoft-Windows-TaskScheduler/Operational,6632,4,,,296CA3F8-C4F4-4E98-8C2A-A3E7788C4391,,,,,,,,,\Microsoft\Windows\ExploitGuard\ExploitGuard MDM policy Refresh,NT AUTHORITY\SYSTEM,,TaskSuccessEvent
2026-05-23T23:00:41.518330Z,129,dc.scaffold.htb,Microsoft-Windows-TaskScheduler,Microsoft-Windows-TaskScheduler/Operational,6633,4,,,,,taskhostw.exe,16384,2604,,,,,\Microsoft\Windows\Time Synchronization\ForceSynchronizeTime,,,CreatedTaskProcess
2026-05-23T23:00:41.518479Z,100,dc.scaffold.htb,Microsoft-Windows-TaskScheduler,Microsoft-Windows-TaskScheduler/Operational,6634,4,,,5C7B9193-A69A-4629-8EDB-6069537C053B,,,,,,,,,\Microsoft\Windows\Time Synchronization\ForceSynchronizeTime,(NONE),,TaskStartEvent
2026-05-23T23:00:41.518480Z,200,dc.scaffold.htb,Microsoft-Windows-TaskScheduler,Microsoft-Windows-TaskScheduler/Operational,6635,4,Time Synchronization Task Handler,2604,,,,,,,,,5C7B9193-A69A-4629-8EDB-6069537C053B,\Microsoft\Windows\Time Synchronization\ForceSynchronizeTime,,,ActionStart
2026-05-23T23:00:41.552929Z,201,dc.scaffold.htb,Microsoft-Windows-TaskScheduler,Microsoft-Windows-TaskScheduler/Operational,6636,4,Time Synchronization Task Handler,2604,,,,,,,0,,5C7B9193-A69A-4629-8EDB-6069537C053B,\Microsoft\Windows\Time Synchronization\ForceSynchronizeTime,,,ActionSuccess
2026-05-23T23:00:41.552930Z,102,dc.scaffold.htb,Microsoft-Windows-TaskScheduler,Microsoft-Windows-TaskScheduler/Operational,6637,4,,,5C7B9193-A69A-4629-8EDB-6069537C053B,,,,,,,,,\Microsoft\Windows\Time Synchronization\ForceSynchronizeTime,(NONE),,TaskSuccessEvent
2026-05-23T23:00:41.554815Z,129,dc.scaffold.htb,Microsoft-Windows-TaskScheduler,Microsoft-Windows-TaskScheduler/Operational,6638,4,,,,,%windir%\system32\dxgiadaptercache.exe,16384,2640,,,,,\Microsoft\Windows\DirectX\DXGIAdapterCache,,,CreatedTaskProcess
2026-05-23T23:00:41.554948Z,100,dc.scaffold.htb,Microsoft-Windows-TaskScheduler,Microsoft-Windows-TaskScheduler/Operational,6639,4,,,49841903-18AB-4B47-B7B0-476157B2EDE0,,,,,,,,,\Microsoft\Windows\DirectX\DXGIAdapterCache,NT AUTHORITY\SYSTEM,,TaskStartEvent
2026-05-23T23:00:41.554950Z,200,dc.scaffold.htb,Microsoft-Windows-TaskScheduler,Microsoft-Windows-TaskScheduler/Operational,6640,4,%windir%\system32\dxgiadaptercache.exe,2640,,,,,,,,,49841903-18AB-4B47-B7B0-476157B2EDE0,\Microsoft\Windows\DirectX\DXGIAdapterCache,,,ActionStart
2026-05-23T23:00:41.642756Z,201,dc.scaffold.htb,Microsoft-Windows-TaskScheduler,Microsoft-Windows-TaskScheduler/Operational,6641,4,%windir%\system32\dxgiadaptercache.exe,2640,,,,,,,0,,49841903-18AB-4B47-B7B0-476157B2EDE0,\Microsoft\Windows\DirectX\DXGIAdapterCache,,,ActionSuccess
2026-05-23T23:00:41.642905Z,102,dc.scaffold.htb,Microsoft-Windows-TaskScheduler,Microsoft-Windows-TaskScheduler/Operational,6642,4,,,49841903-18AB-4B47-B7B0-476157B2EDE0,,,,,,,,,\Microsoft\Windows\DirectX\DXGIAdapterCache,NT AUTHORITY\SYSTEM,,TaskSuccessEvent
2026-05-23T23:00:41.661464Z,201,dc.scaffold.htb,Microsoft-Windows-TaskScheduler,Microsoft-Windows-TaskScheduler/Operational,6643,4,OobeEsimTaskManager,2316,,,,,,,0,,E91915F8-D828-4D2E-996F-152980B4A2D1,\Microsoft\Windows\WwanSvc\OobeDiscovery,,,ActionSuccess
2026-05-23T23:00:41.661467Z,102,dc.scaffold.htb,Microsoft-Windows-TaskScheduler,Microsoft-Windows-TaskScheduler/Operational,6644,4,,,E91915F8-D828-4D2E-996F-152980B4A2D1,,,,,,,,,\Microsoft\Windows\WwanSvc\OobeDiscovery,NT AUTHORITY\SYSTEM,,TaskSuccessEvent
2026-05-23T23:00:42.254507Z,325,dc.scaffold.htb,Microsoft-Windows-TaskScheduler,Microsoft-Windows-TaskScheduler/Operational,6645,3,,,,,,,,CCC4F907-1818-42CE-921C-76848569ACA9,,,,\Microsoft\Windows\Workplace Join\Automatic-Device-Join,,,TaskInstanceQueued
2026-05-23T23:00:42.261101Z,129,dc.scaffold.htb,Microsoft-Windows-TaskScheduler,Microsoft-Windows-TaskScheduler/Operational,6646,4,,,,,%SystemRoot%\System32\dsregcmd.exe,16384,2684,,,,,\Microsoft\Windows\Workplace Join\Automatic-Device-Join,,,CreatedTaskProcess
2026-05-23T23:00:42.261383Z,100,dc.scaffold.htb,Microsoft-Windows-TaskScheduler,Microsoft-Windows-TaskScheduler/Operational,6647,4,,,CCC4F907-1818-42CE-921C-76848569ACA9,,,,,,,,,\Microsoft\Windows\Workplace Join\Automatic-Device-Join,NT AUTHORITY\SYSTEM,,TaskStartEvent
2026-05-23T23:00:42.261386Z,200,dc.scaffold.htb,Microsoft-Windows-TaskScheduler,Microsoft-Windows-TaskScheduler/Operational,6648,4,%SystemRoot%\System32\dsregcmd.exe,2684,,,,,,,,,CCC4F907-1818-42CE-921C-76848569ACA9,\Microsoft\Windows\Workplace Join\Automatic-Device-Join,,,ActionStart
2026-05-23T23:00:42.261594Z,110,dc.scaffold.htb,Microsoft-Windows-TaskScheduler,Microsoft-Windows-TaskScheduler/Operational,6649,4,,,CCC4F907-1818-42CE-921C-76848569ACA9,,,,,,,,,\Microsoft\Windows\Workplace Join\Automatic-Device-Join,System,,TaskRunEvent
2026-05-23T23:00:42.314241Z,129,dc.scaffold.htb,Microsoft-Windows-TaskScheduler,Microsoft-Windows-TaskScheduler/Operational,6650,4,,,,,C:\ProgramData\Microsoft\Windows Defender\Platform\4.18.26030.3011-0\MpCmdRun.exe,16384,2732,,,,,\Microsoft\Windows\Windows Defender\Windows Defender Verification,,,CreatedTaskProcess
2026-05-23T23:00:42.314687Z,100,dc.scaffold.htb,Microsoft-Windows-TaskScheduler,Microsoft-Windows-TaskScheduler/Operational,6651,4,,,95724525-F7AF-4254-B783-EA12E3F91043,,,,,,,,,\Microsoft\Windows\Windows Defender\Windows Defender Verification,NT AUTHORITY\SYSTEM,,TaskStartEvent
2026-05-23T23:00:42.314689Z,200,dc.scaffold.htb,Microsoft-Windows-TaskScheduler,Microsoft-Windows-TaskScheduler/Operational,6652,4,C:\ProgramData\Microsoft\Windows Defender\Platform\4.18.26030.3011-0\MpCmdRun.exe,2732,,,,,,,,,95724525-F7AF-4254-B783-EA12E3F91043,\Microsoft\Windows\Windows Defender\Windows Defender Verification,,,ActionStart
2026-05-23T23:00:51.544383Z,118,dc.scaffold.htb,Microsoft-Windows-TaskScheduler,Microsoft-Windows-TaskScheduler/Operational,6653,4,,,3F1B21F6-6F3F-4422-A9DB-F8419F1B0593,,,,,,,,,\Microsoft\Windows\CertificateServicesClient\SystemTask,,,BootTrigger
2026-05-23T23:00:51.549278Z,129,dc.scaffold.htb,Microsoft-Windows-TaskScheduler,Microsoft-Windows-TaskScheduler/Operational,6654,4,,,,,taskhostw.exe,16384,4620,,,,,\Microsoft\Windows\CertificateServicesClient\SystemTask,,,CreatedTaskProcess
2026-05-23T23:00:51.550350Z,100,dc.scaffold.htb,Microsoft-Windows-TaskScheduler,Microsoft-Windows-TaskScheduler/Operational,6655,4,,,3F1B21F6-6F3F-4422-A9DB-F8419F1B0593,,,,,,,,,\Microsoft\Windows\CertificateServicesClient\SystemTask,NT AUTHORITY\SYSTEM,,TaskStartEvent
2026-05-23T23:00:51.550353Z,200,dc.scaffold.htb,Microsoft-Windows-TaskScheduler,Microsoft-Windows-TaskScheduler/Operational,6656,4,Certificate Services Client Task Handler,4620,,,,,,,,,3F1B21F6-6F3F-4422-A9DB-F8419F1B0593,\Microsoft\Windows\CertificateServicesClient\SystemTask,,,ActionStart
2026-05-23T23:01:14.714825Z,201,dc.scaffold.htb,Microsoft-Windows-TaskScheduler,Microsoft-Windows-TaskScheduler/Operational,6657,4,Certificate Services Client Task Handler,4620,,,,,,,0,,3F1B21F6-6F3F-4422-A9DB-F8419F1B0593,\Microsoft\Windows\CertificateServicesClient\SystemTask,,,ActionSuccess
2026-05-23T23:01:14.714826Z,102,dc.scaffold.htb,Microsoft-Windows-TaskScheduler,Microsoft-Windows-TaskScheduler/Operational,6658,4,,,3F1B21F6-6F3F-4422-A9DB-F8419F1B0593,,,,,,,,,\Microsoft\Windows\CertificateServicesClient\SystemTask,NT AUTHORITY\SYSTEM,,TaskSuccessEvent
2026-05-23T23:01:20.719597Z,201,dc.scaffold.htb,Microsoft-Windows-TaskScheduler,Microsoft-Windows-TaskScheduler/Operational,6659,4,%SystemRoot%\System32\dsregcmd.exe,2684,,,,,,,0,,CCC4F907-1818-42CE-921C-76848569ACA9,\Microsoft\Windows\Workplace Join\Automatic-Device-Join,,,ActionSuccess
2026-05-23T23:01:20.719882Z,102,dc.scaffold.htb,Microsoft-Windows-TaskScheduler,Microsoft-Windows-TaskScheduler/Operational,6660,4,,,CCC4F907-1818-42CE-921C-76848569ACA9,,,,,,,,,\Microsoft\Windows\Workplace Join\Automatic-Device-Join,NT AUTHORITY\SYSTEM,,TaskSuccessEvent
2026-05-23T23:01:21.779731Z,140,dc.scaffold.htb,Microsoft-Windows-TaskScheduler,Microsoft-Windows-TaskScheduler/Operational,6661,4,,,,,,,,,,,,\Microsoft\Windows\SoftwareProtectionPlatform\SvcRestartTask,,SCAFFOLD\DC$,TaskUpdated
2026-05-23T23:01:41.528133Z,118,dc.scaffold.htb,Microsoft-Windows-TaskScheduler,Microsoft-Windows-TaskScheduler/Operational,6662,4,,,7A5D57D4-A7D3-49D9-9DEB-CBAFB815E0B2,,,,,,,,,\Microsoft\Windows\Software Inventory Logging\Configuration,,,BootTrigger
2026-05-23T23:01:41.528145Z,118,dc.scaffold.htb,Microsoft-Windows-TaskScheduler,Microsoft-Windows-TaskScheduler/Operational,6663,4,,,CB99DEDD-94D3-4D60-9A86-9BA0CC0217FF,,,,,,,,,\Microsoft\Windows\DirectX\DXGIAdapterCache,,,BootTrigger
2026-05-23T23:01:41.530187Z,129,dc.scaffold.htb,Microsoft-Windows-TaskScheduler,Microsoft-Windows-TaskScheduler/Operational,6664,4,,,,,%systemroot%\system32\cmd.exe,16384,6628,,,,,\Microsoft\Windows\Software Inventory Logging\Configuration,,,CreatedTaskProcess
2026-05-23T23:01:41.530436Z,100,dc.scaffold.htb,Microsoft-Windows-TaskScheduler,Microsoft-Windows-TaskScheduler/Operational,6665,4,,,7A5D57D4-A7D3-49D9-9DEB-CBAFB815E0B2,,,,,,,,,\Microsoft\Windows\Software Inventory Logging\Configuration,NT AUTHORITY\SYSTEM,,TaskStartEvent
2026-05-23T23:01:41.530441Z,200,dc.scaffold.htb,Microsoft-Windows-TaskScheduler,Microsoft-Windows-TaskScheduler/Operational,6666,4,%systemroot%\system32\cmd.exe,6628,,,,,,,,,7A5D57D4-A7D3-49D9-9DEB-CBAFB815E0B2,\Microsoft\Windows\Software Inventory Logging\Configuration,,,ActionStart
2026-05-23T23:01:41.530555Z,129,dc.scaffold.htb,Microsoft-Windows-TaskScheduler,Microsoft-Windows-TaskScheduler/Operational,6667,4,,,,,%windir%\system32\dxgiadaptercache.exe,16384,6636,,,,,\Microsoft\Windows\DirectX\DXGIAdapterCache,,,CreatedTaskProcess
2026-05-23T23:01:41.531026Z,100,dc.scaffold.htb,Microsoft-Windows-TaskScheduler,Microsoft-Windows-TaskScheduler/Operational,6668,4,,,CB99DEDD-94D3-4D60-9A86-9BA0CC0217FF,,,,,,,,,\Microsoft\Windows\DirectX\DXGIAdapterCache,NT AUTHORITY\SYSTEM,,TaskStartEvent
2026-05-23T23:01:41.531028Z,200,dc.scaffold.htb,Microsoft-Windows-TaskScheduler,Microsoft-Windows-TaskScheduler/Operational,6669,4,%windir%\system32\dxgiadaptercache.exe,6636,,,,,,,,,CB99DEDD-94D3-4D60-9A86-9BA0CC0217FF,\Microsoft\Windows\DirectX\DXGIAdapterCache,,,ActionStart
2026-05-23T23:01:41.559897Z,201,dc.scaffold.htb,Microsoft-Windows-TaskScheduler,Microsoft-Windows-TaskScheduler/Operational,6670,4,%windir%\system32\dxgiadaptercache.exe,6636,,,,,,,0,,CB99DEDD-94D3-4D60-9A86-9BA0CC0217FF,\Microsoft\Windows\DirectX\DXGIAdapterCache,,,ActionSuccess
2026-05-23T23:01:41.560180Z,102,dc.scaffold.htb,Microsoft-Windows-TaskScheduler,Microsoft-Windows-TaskScheduler/Operational,6671,4,,,CB99DEDD-94D3-4D60-9A86-9BA0CC0217FF,,,,,,,,,\Microsoft\Windows\DirectX\DXGIAdapterCache,NT AUTHORITY\SYSTEM,,TaskSuccessEvent
2026-05-23T23:01:41.613373Z,201,dc.scaffold.htb,Microsoft-Windows-TaskScheduler,Microsoft-Windows-TaskScheduler/Operational,6672,4,%systemroot%\system32\cmd.exe,6628,,,,,,,0,,7A5D57D4-A7D3-49D9-9DEB-CBAFB815E0B2,\Microsoft\Windows\Software Inventory Logging\Configuration,,,ActionSuccess
2026-05-23T23:01:41.613673Z,102,dc.scaffold.htb,Microsoft-Windows-TaskScheduler,Microsoft-Windows-TaskScheduler/Operational,6673,4,,,7A5D57D4-A7D3-49D9-9DEB-CBAFB815E0B2,,,,,,,,,\Microsoft\Windows\Software Inventory Logging\Configuration,NT AUTHORITY\SYSTEM,,TaskSuccessEvent
2026-05-23T23:01:58.273373Z,201,dc.scaffold.htb,Microsoft-Windows-TaskScheduler,Microsoft-Windows-TaskScheduler/Operational,6674,4,C:\ProgramData\Microsoft\Windows Defender\Platform\4.18.26030.3011-0\MpCmdRun.exe,2732,,,,,,,0,,95724525-F7AF-4254-B783-EA12E3F91043,\Microsoft\Windows\Windows Defender\Windows Defender Verification,,,ActionSuccess
2026-05-23T23:01:58.273523Z,102,dc.scaffold.htb,Microsoft-Windows-TaskScheduler,Microsoft-Windows-TaskScheduler/Operational,6675,4,,,95724525-F7AF-4254-B783-EA12E3F91043,,,,,,,,,\Microsoft\Windows\Windows Defender\Windows Defender Verification,NT AUTHORITY\SYSTEM,,TaskSuccessEvent
2026-05-23T23:01:59.381995Z,119,dc.scaffold.htb,Microsoft-Windows-TaskScheduler,Microsoft-Windows-TaskScheduler/Operational,6676,4,,,0E18CD77-5F0B-45AE-8419-301767AF095F,,,,,,,,,\Microsoft\Windows\TextServicesFramework\MsCtfMonitor,,SCAFFOLD\Administrator,LogonTrigger
2026-05-23T23:01:59.382382Z,119,dc.scaffold.htb,Microsoft-Windows-TaskScheduler,Microsoft-Windows-TaskScheduler/Operational,6677,4,,,29094276-ACA3-4B24-AE12-540FF2E1A379,,,,,,,,,\Microsoft\Windows\CertificateServicesClient\UserTask,,SCAFFOLD\Administrator,LogonTrigger
2026-05-23T23:01:59.382397Z,119,dc.scaffold.htb,Microsoft-Windows-TaskScheduler,Microsoft-Windows-TaskScheduler/Operational,6678,4,,,F5693EAC-E2C7-4E7E-98F4-2064604CCE19,,,,,,,,,\Microsoft\Windows\Server Manager\ServerManager,,SCAFFOLD\Administrator,LogonTrigger
2026-05-23T23:01:59.383871Z,129,dc.scaffold.htb,Microsoft-Windows-TaskScheduler,Microsoft-Windows-TaskScheduler/Operational,6679,4,,,,,taskhostw.exe,32,2596,,,,,\Microsoft\Windows\TextServicesFramework\MsCtfMonitor,,,CreatedTaskProcess
2026-05-23T23:01:59.384179Z,100,dc.scaffold.htb,Microsoft-Windows-TaskScheduler,Microsoft-Windows-TaskScheduler/Operational,6680,4,,,0E18CD77-5F0B-45AE-8419-301767AF095F,,,,,,,,,\Microsoft\Windows\TextServicesFramework\MsCtfMonitor,SCAFFOLD\Administrator,,TaskStartEvent
2026-05-23T23:01:59.384181Z,200,dc.scaffold.htb,Microsoft-Windows-TaskScheduler,Microsoft-Windows-TaskScheduler/Operational,6681,4,MsCtfMonitor task handler,2596,,,,,,,,,0E18CD77-5F0B-45AE-8419-301767AF095F,\Microsoft\Windows\TextServicesFramework\MsCtfMonitor,,,ActionStart
2026-05-23T23:01:59.385614Z,119,dc.scaffold.htb,Microsoft-Windows-TaskScheduler,Microsoft-Windows-TaskScheduler/Operational,6682,4,,,7A71A62A-393C-4BEA-8C11-A565A5A5B19C,,,,,,,,,\Microsoft\Windows\WindowsColorSystem\Calibration Loader,,SCAFFOLD\Administrator,LogonTrigger
2026-05-23T23:01:59.386513Z,129,dc.scaffold.htb,Microsoft-Windows-TaskScheduler,Microsoft-Windows-TaskScheduler/Operational,6683,4,,,,,%windir%\system32\ServerManagerLauncher.exe,32,1516,,,,,\Microsoft\Windows\Server Manager\ServerManager,,,CreatedTaskProcess
2026-05-23T23:01:59.386688Z,119,dc.scaffold.htb,Microsoft-Windows-TaskScheduler,Microsoft-Windows-TaskScheduler/Operational,6684,4,,,E6C36936-971C-4156-806C-7169352E4C2D,,,,,,,,,\Microsoft\Windows\Wininet\CacheTask,,SCAFFOLD\Administrator,LogonTrigger
2026-05-23T23:01:59.386883Z,100,dc.scaffold.htb,Microsoft-Windows-TaskScheduler,Microsoft-Windows-TaskScheduler/Operational,6685,4,,,F5693EAC-E2C7-4E7E-98F4-2064604CCE19,,,,,,,,,\Microsoft\Windows\Server Manager\ServerManager,SCAFFOLD\Administrator,,TaskStartEvent
2026-05-23T23:01:59.386885Z,200,dc.scaffold.htb,Microsoft-Windows-TaskScheduler,Microsoft-Windows-TaskScheduler/Operational,6686,4,%windir%\system32\ServerManagerLauncher.exe,1516,,,,,,,,,F5693EAC-E2C7-4E7E-98F4-2064604CCE19,\Microsoft\Windows\Server Manager\ServerManager,,,ActionStart
2026-05-23T23:01:59.387039Z,100,dc.scaffold.htb,Microsoft-Windows-TaskScheduler,Microsoft-Windows-TaskScheduler/Operational,6687,4,,,E6C36936-971C-4156-806C-7169352E4C2D,,,,,,,,,\Microsoft\Windows\Wininet\CacheTask,SCAFFOLD\Administrator,,TaskStartEvent
2026-05-23T23:01:59.387044Z,200,dc.scaffold.htb,Microsoft-Windows-TaskScheduler,Microsoft-Windows-TaskScheduler/Operational,6688,4,Wininet Cache task object,2596,,,,,,,,,E6C36936-971C-4156-806C-7169352E4C2D,\Microsoft\Windows\Wininet\CacheTask,,,ActionStart
2026-05-23T23:01:59.387709Z,119,dc.scaffold.htb,Microsoft-Windows-TaskScheduler,Microsoft-Windows-TaskScheduler/Operational,6689,4,,,FE1026D5-50D3-4AAD-A766-C4CF7FC8011C,,,,,,,,,\MicrosoftEdgeUpdateTaskMachineCore,,SCAFFOLD\Administrator,LogonTrigger
2026-05-23T23:01:59.388021Z,119,dc.scaffold.htb,Microsoft-Windows-TaskScheduler,Microsoft-Windows-TaskScheduler/Operational,6690,4,,,51388E01-744A-4288-B9FE-AF531B04F92F,,,,,,,,,\Microsoft\Windows\Plug and Play\Device Install Reboot Required,,SCAFFOLD\Administrator,LogonTrigger
2026-05-23T23:01:59.388688Z,129,dc.scaffold.htb,Microsoft-Windows-TaskScheduler,Microsoft-Windows-TaskScheduler/Operational,6691,4,,,,,taskhostw.exe,32,3540,,,,,\Microsoft\Windows\WindowsColorSystem\Calibration Loader,,,CreatedTaskProcess
2026-05-23T23:01:59.388948Z,100,dc.scaffold.htb,Microsoft-Windows-TaskScheduler,Microsoft-Windows-TaskScheduler/Operational,6692,4,,,7A71A62A-393C-4BEA-8C11-A565A5A5B19C,,,,,,,,,\Microsoft\Windows\WindowsColorSystem\Calibration Loader,SCAFFOLD\Administrator,,TaskStartEvent
2026-05-23T23:01:59.388950Z,200,dc.scaffold.htb,Microsoft-Windows-TaskScheduler,Microsoft-Windows-TaskScheduler/Operational,6693,4,Color Calibration Loader,3540,,,,,,,,,7A71A62A-393C-4BEA-8C11-A565A5A5B19C,\Microsoft\Windows\WindowsColorSystem\Calibration Loader,,,ActionStart
2026-05-23T23:01:59.421464Z,129,dc.scaffold.htb,Microsoft-Windows-TaskScheduler,Microsoft-Windows-TaskScheduler/Operational,6694,4,,,,,C:\Program Files (x86)\Microsoft\EdgeUpdate\MicrosoftEdgeUpdate.exe,32,2708,,,,,\MicrosoftEdgeUpdateTaskMachineCore,,,CreatedTaskProcess
2026-05-23T23:01:59.421787Z,100,dc.scaffold.htb,Microsoft-Windows-TaskScheduler,Microsoft-Windows-TaskScheduler/Operational,6695,4,,,FE1026D5-50D3-4AAD-A766-C4CF7FC8011C,,,,,,,,,\MicrosoftEdgeUpdateTaskMachineCore,NT AUTHORITY\SYSTEM,,TaskStartEvent
2026-05-23T23:01:59.421788Z,200,dc.scaffold.htb,Microsoft-Windows-TaskScheduler,Microsoft-Windows-TaskScheduler/Operational,6696,4,C:\Program Files (x86)\Microsoft\EdgeUpdate\MicrosoftEdgeUpdate.exe,2708,,,,,,,,,FE1026D5-50D3-4AAD-A766-C4CF7FC8011C,\MicrosoftEdgeUpdateTaskMachineCore,,,ActionStart
2026-05-23T23:01:59.461089Z,201,dc.scaffold.htb,Microsoft-Windows-TaskScheduler,Microsoft-Windows-TaskScheduler/Operational,6697,4,MsCtfMonitor task handler,2596,,,,,,,0,,0E18CD77-5F0B-45AE-8419-301767AF095F,\Microsoft\Windows\TextServicesFramework\MsCtfMonitor,,,ActionSuccess
2026-05-23T23:01:59.461090Z,102,dc.scaffold.htb,Microsoft-Windows-TaskScheduler,Microsoft-Windows-TaskScheduler/Operational,6698,4,,,0E18CD77-5F0B-45AE-8419-301767AF095F,,,,,,,,,\Microsoft\Windows\TextServicesFramework\MsCtfMonitor,SCAFFOLD\Administrator,,TaskSuccessEvent
2026-05-23T23:01:59.487242Z,100,dc.scaffold.htb,Microsoft-Windows-TaskScheduler,Microsoft-Windows-TaskScheduler/Operational,6699,4,,,29094276-ACA3-4B24-AE12-540FF2E1A379,,,,,,,,,\Microsoft\Windows\CertificateServicesClient\UserTask,SCAFFOLD\Administrator,,TaskStartEvent
2026-05-23T23:01:59.487243Z,200,dc.scaffold.htb,Microsoft-Windows-TaskScheduler,Microsoft-Windows-TaskScheduler/Operational,6700,4,Certificate Services Client Task Handler,3540,,,,,,,,,29094276-ACA3-4B24-AE12-540FF2E1A379,\Microsoft\Windows\CertificateServicesClient\UserTask,,,ActionStart
2026-05-23T23:01:59.506289Z,129,dc.scaffold.htb,Microsoft-Windows-TaskScheduler,Microsoft-Windows-TaskScheduler/Operational,6701,4,,,,,taskhostw.exe,32,544,,,,,\Microsoft\Windows\Plug and Play\Device Install Reboot Required,,,CreatedTaskProcess
2026-05-23T23:01:59.507273Z,100,dc.scaffold.htb,Microsoft-Windows-TaskScheduler,Microsoft-Windows-TaskScheduler/Operational,6702,4,,,51388E01-744A-4288-B9FE-AF531B04F92F,,,,,,,,,\Microsoft\Windows\Plug and Play\Device Install Reboot Required,SCAFFOLD\Administrator,,TaskStartEvent
2026-05-23T23:01:59.507275Z,200,dc.scaffold.htb,Microsoft-Windows-TaskScheduler,Microsoft-Windows-TaskScheduler/Operational,6703,4,Device Installation Reboot Dialog Task,544,,,,,,,,,51388E01-744A-4288-B9FE-AF531B04F92F,\Microsoft\Windows\Plug and Play\Device Install Reboot Required,,,ActionStart
2026-05-23T23:01:59.795576Z,141,dc.scaffold.htb,Microsoft-Windows-TaskScheduler,Microsoft-Windows-TaskScheduler/Operational,6704,4,,,,,,,,,,,,\CreateExplorerShellUnelevatedTask,,SCAFFOLD\Administrator,TaskDeleted
2026-05-23T23:01:59.805888Z,106,dc.scaffold.htb,Microsoft-Windows-TaskScheduler,Microsoft-Windows-TaskScheduler/Operational,6705,4,,,,,,,,,,,,\CreateExplorerShellUnelevatedTask,SCAFFOLD\Administrator,,TaskRegisteredEvent
2026-05-23T23:01:59.805889Z,140,dc.scaffold.htb,Microsoft-Windows-TaskScheduler,Microsoft-Windows-TaskScheduler/Operational,6706,4,,,,,,,,,,,,\CreateExplorerShellUnelevatedTask,,SCAFFOLD\Administrator,TaskUpdated
2026-05-23T23:01:59.806309Z,109,dc.scaffold.htb,Microsoft-Windows-TaskScheduler,Microsoft-Windows-TaskScheduler/Operational,6707,4,,,EDDE59E2-EC17-42BB-829F-EC54762E6B98,,,,,,,,,\CreateExplorerShellUnelevatedTask,,,RegistrationTriggerEvent
2026-05-23T23:01:59.812870Z,129,dc.scaffold.htb,Microsoft-Windows-TaskScheduler,Microsoft-Windows-TaskScheduler/Operational,6708,4,,,,,C:\Windows\Explorer.EXE,32,1132,,,,,\CreateExplorerShellUnelevatedTask,,,CreatedTaskProcess
2026-05-23T23:01:59.813300Z,100,dc.scaffold.htb,Microsoft-Windows-TaskScheduler,Microsoft-Windows-TaskScheduler/Operational,6709,4,,,EDDE59E2-EC17-42BB-829F-EC54762E6B98,,,,,,,,,\CreateExplorerShellUnelevatedTask,SCAFFOLD\Administrator,,TaskStartEvent
2026-05-23T23:01:59.813303Z,200,dc.scaffold.htb,Microsoft-Windows-TaskScheduler,Microsoft-Windows-TaskScheduler/Operational,6710,4,C:\Windows\Explorer.EXE,1132,,,,,,,,,EDDE59E2-EC17-42BB-829F-EC54762E6B98,\CreateExplorerShellUnelevatedTask,,,ActionStart
2026-05-23T23:01:59.923428Z,201,dc.scaffold.htb,Microsoft-Windows-TaskScheduler,Microsoft-Windows-TaskScheduler/Operational,6711,4,Certificate Services Client Task Handler,3540,,,,,,,0,,29094276-ACA3-4B24-AE12-540FF2E1A379,\Microsoft\Windows\CertificateServicesClient\UserTask,,,ActionSuccess
2026-05-23T23:01:59.923429Z,102,dc.scaffold.htb,Microsoft-Windows-TaskScheduler,Microsoft-Windows-TaskScheduler/Operational,6712,4,,,29094276-ACA3-4B24-AE12-540FF2E1A379,,,,,,,,,\Microsoft\Windows\CertificateServicesClient\UserTask,SCAFFOLD\Administrator,,TaskSuccessEvent
2026-05-23T23:01:59.994694Z,201,dc.scaffold.htb,Microsoft-Windows-TaskScheduler,Microsoft-Windows-TaskScheduler/Operational,6713,4,Device Installation Reboot Dialog Task,544,,,,,,,0,,51388E01-744A-4288-B9FE-AF531B04F92F,\Microsoft\Windows\Plug and Play\Device Install Reboot Required,,,ActionSuccess
2026-05-23T23:01:59.994698Z,102,dc.scaffold.htb,Microsoft-Windows-TaskScheduler,Microsoft-Windows-TaskScheduler/Operational,6714,4,,,51388E01-744A-4288-B9FE-AF531B04F92F,,,,,,,,,\Microsoft\Windows\Plug and Play\Device Install Reboot Required,SCAFFOLD\Administrator,,TaskSuccessEvent
2026-05-23T23:02:00.029027Z,201,dc.scaffold.htb,Microsoft-Windows-TaskScheduler,Microsoft-Windows-TaskScheduler/Operational,6715,4,Color Calibration Loader,3540,,,,,,,0,,7A71A62A-393C-4BEA-8C11-A565A5A5B19C,\Microsoft\Windows\WindowsColorSystem\Calibration Loader,,,ActionSuccess
2026-05-23T23:02:00.029030Z,102,dc.scaffold.htb,Microsoft-Windows-TaskScheduler,Microsoft-Windows-TaskScheduler/Operational,6716,4,,,7A71A62A-393C-4BEA-8C11-A565A5A5B19C,,,,,,,,,\Microsoft\Windows\WindowsColorSystem\Calibration Loader,SCAFFOLD\Administrator,,TaskSuccessEvent
2026-05-23T23:02:01.693517Z,201,dc.scaffold.htb,Microsoft-Windows-TaskScheduler,Microsoft-Windows-TaskScheduler/Operational,6717,4,%windir%\system32\ServerManagerLauncher.exe,1516,,,,,,,0,,F5693EAC-E2C7-4E7E-98F4-2064604CCE19,\Microsoft\Windows\Server Manager\ServerManager,,,ActionSuccess
2026-05-23T23:02:01.693838Z,102,dc.scaffold.htb,Microsoft-Windows-TaskScheduler,Microsoft-Windows-TaskScheduler/Operational,6718,4,,,F5693EAC-E2C7-4E7E-98F4-2064604CCE19,,,,,,,,,\Microsoft\Windows\Server Manager\ServerManager,SCAFFOLD\Administrator,,TaskSuccessEvent
2026-05-23T23:02:29.885989Z,119,dc.scaffold.htb,Microsoft-Windows-TaskScheduler,Microsoft-Windows-TaskScheduler/Operational,6719,4,,,023EC972-1866-45C4-B386-8C2275CBC60D,,,,,,,,,\Microsoft\Windows\International\Synchronize Language Settings,,SCAFFOLD\Administrator,LogonTrigger
2026-05-23T23:02:29.893199Z,129,dc.scaffold.htb,Microsoft-Windows-TaskScheduler,Microsoft-Windows-TaskScheduler/Operational,6720,4,,,,,taskhostw.exe,32,7604,,,,,\Microsoft\Windows\International\Synchronize Language Settings,,,CreatedTaskProcess
2026-05-23T23:02:29.893850Z,100,dc.scaffold.htb,Microsoft-Windows-TaskScheduler,Microsoft-Windows-TaskScheduler/Operational,6721,4,,,023EC972-1866-45C4-B386-8C2275CBC60D,,,,,,,,,\Microsoft\Windows\International\Synchronize Language Settings,SCAFFOLD\Administrator,,TaskStartEvent
2026-05-23T23:02:29.893854Z,200,dc.scaffold.htb,Microsoft-Windows-TaskScheduler,Microsoft-Windows-TaskScheduler/Operational,6722,4,Sync Language Data From Cloud Task,7604,,,,,,,,,023EC972-1866-45C4-B386-8C2275CBC60D,\Microsoft\Windows\International\Synchronize Language Settings,,,ActionStart
2026-05-23T23:02:59.892174Z,119,dc.scaffold.htb,Microsoft-Windows-TaskScheduler,Microsoft-Windows-TaskScheduler/Operational,6723,4,,,F5A6F162-36A0-4000-8233-AA3873DD754A,,,,,,,,,\Microsoft\Windows\Workplace Join\Automatic-Device-Join,,SCAFFOLD\Administrator,LogonTrigger
2026-05-23T23:02:59.897276Z,129,dc.scaffold.htb,Microsoft-Windows-TaskScheduler,Microsoft-Windows-TaskScheduler/Operational,6724,4,,,,,%SystemRoot%\System32\dsregcmd.exe,16384,7848,,,,,\Microsoft\Windows\Workplace Join\Automatic-Device-Join,,,CreatedTaskProcess
2026-05-23T23:02:59.897693Z,100,dc.scaffold.htb,Microsoft-Windows-TaskScheduler,Microsoft-Windows-TaskScheduler/Operational,6725,4,,,F5A6F162-36A0-4000-8233-AA3873DD754A,,,,,,,,,\Microsoft\Windows\Workplace Join\Automatic-Device-Join,NT AUTHORITY\SYSTEM,,TaskStartEvent
2026-05-23T23:02:59.897697Z,200,dc.scaffold.htb,Microsoft-Windows-TaskScheduler,Microsoft-Windows-TaskScheduler/Operational,6726,4,%SystemRoot%\System32\dsregcmd.exe,7848,,,,,,,,,F5A6F162-36A0-4000-8233-AA3873DD754A,\Microsoft\Windows\Workplace Join\Automatic-Device-Join,,,ActionStart
2026-05-23T23:02:59.987492Z,201,dc.scaffold.htb,Microsoft-Windows-TaskScheduler,Microsoft-Windows-TaskScheduler/Operational,6727,4,%SystemRoot%\System32\dsregcmd.exe,7848,,,,,,,2147942401,,F5A6F162-36A0-4000-8233-AA3873DD754A,\Microsoft\Windows\Workplace Join\Automatic-Device-Join,,,ActionSuccess
2026-05-23T23:02:59.987684Z,102,dc.scaffold.htb,Microsoft-Windows-TaskScheduler,Microsoft-Windows-TaskScheduler/Operational,6728,4,,,F5A6F162-36A0-4000-8233-AA3873DD754A,,,,,,,,,\Microsoft\Windows\Workplace Join\Automatic-Device-Join,NT AUTHORITY\SYSTEM,,TaskSuccessEvent
2026-05-23T23:03:04.457190Z,202,dc.scaffold.htb,Microsoft-Windows-TaskScheduler,Microsoft-Windows-TaskScheduler/Operational,6729,2,Sync Language Data From Cloud Task,7604,,,,,,,2147746053,,023EC972-1866-45C4-B386-8C2275CBC60D,\Microsoft\Windows\International\Synchronize Language Settings,,,ActionFailure
2026-05-23T23:03:04.457197Z,103,dc.scaffold.htb,Microsoft-Windows-TaskScheduler,Microsoft-Windows-TaskScheduler/Operational,6730,2,,,023EC972-1866-45C4-B386-8C2275CBC60D,,,,,,2147746053,,,\Microsoft\Windows\International\Synchronize Language Settings,SCAFFOLD\Administrator,,TaskFailureEvent
2026-05-23T23:03:15.405684Z,140,dc.scaffold.htb,Microsoft-Windows-TaskScheduler,Microsoft-Windows-TaskScheduler/Operational,6731,4,,,,,,,,,,,,\Microsoft\Windows\Application Experience\PcaPatchDbTask,,SCAFFOLD\DC$,TaskUpdated
2026-05-23T23:03:18.104623Z,140,dc.scaffold.htb,Microsoft-Windows-TaskScheduler,Microsoft-Windows-TaskScheduler/Operational,6732,4,,,,,,,,,,,,\Microsoft\Windows\UpdateOrchestrator\Schedule Scan,,S-1-5-18,TaskUpdated
2026-05-23T23:03:18.132085Z,140,dc.scaffold.htb,Microsoft-Windows-TaskScheduler,Microsoft-Windows-TaskScheduler/Operational,6733,4,,,,,,,,,,,,\Microsoft\Windows\UpdateOrchestrator\Schedule Scan,,SCAFFOLD\DC$,TaskUpdated
2026-05-23T23:03:41.514047Z,118,dc.scaffold.htb,Microsoft-Windows-TaskScheduler,Microsoft-Windows-TaskScheduler/Operational,6734,4,,,D0E3ACD6-748C-43C2-8F70-415118A2A28C,,,,,,,,,\Microsoft\Windows\Windows Error Reporting\QueueReporting,,,BootTrigger
2026-05-23T23:03:41.517783Z,129,dc.scaffold.htb,Microsoft-Windows-TaskScheduler,Microsoft-Windows-TaskScheduler/Operational,6735,4,,,,,taskhostw.exe,16384,7056,,,,,\Microsoft\Windows\Flighting\FeatureConfig\ReconcileFeatures,,,CreatedTaskProcess
2026-05-23T23:03:41.518122Z,100,dc.scaffold.htb,Microsoft-Windows-TaskScheduler,Microsoft-Windows-TaskScheduler/Operational,6736,4,,,7EB59383-47C1-42B7-B5BE-9EE856A22562,,,,,,,,,\Microsoft\Windows\Flighting\FeatureConfig\ReconcileFeatures,NT AUTHORITY\SYSTEM,,TaskStartEvent
2026-05-23T23:03:41.518125Z,200,dc.scaffold.htb,Microsoft-Windows-TaskScheduler,Microsoft-Windows-TaskScheduler/Operational,6737,4,Feature Configuration Reconciliation Task Handler,7056,,,,,,,,,7EB59383-47C1-42B7-B5BE-9EE856A22562,\Microsoft\Windows\Flighting\FeatureConfig\ReconcileFeatures,,,ActionStart
2026-05-23T23:03:41.526990Z,129,dc.scaffold.htb,Microsoft-Windows-TaskScheduler,Microsoft-Windows-TaskScheduler/Operational,6738,4,,,,,%windir%\system32\wermgr.exe,16384,1768,,,,,\Microsoft\Windows\Windows Error Reporting\QueueReporting,,,CreatedTaskProcess
2026-05-23T23:03:41.527185Z,100,dc.scaffold.htb,Microsoft-Windows-TaskScheduler,Microsoft-Windows-TaskScheduler/Operational,6739,4,,,D0E3ACD6-748C-43C2-8F70-415118A2A28C,,,,,,,,,\Microsoft\Windows\Windows Error Reporting\QueueReporting,NT AUTHORITY\SYSTEM,,TaskStartEvent
2026-05-23T23:03:41.527187Z,200,dc.scaffold.htb,Microsoft-Windows-TaskScheduler,Microsoft-Windows-TaskScheduler/Operational,6740,4,%windir%\system32\wermgr.exe,1768,,,,,,,,,D0E3ACD6-748C-43C2-8F70-415118A2A28C,\Microsoft\Windows\Windows Error Reporting\QueueReporting,,,ActionStart
2026-05-23T23:03:41.565146Z,201,dc.scaffold.htb,Microsoft-Windows-TaskScheduler,Microsoft-Windows-TaskScheduler/Operational,6741,4,Feature Configuration Reconciliation Task Handler,7056,,,,,,,0,,7EB59383-47C1-42B7-B5BE-9EE856A22562,\Microsoft\Windows\Flighting\FeatureConfig\ReconcileFeatures,,,ActionSuccess
2026-05-23T23:03:41.565147Z,102,dc.scaffold.htb,Microsoft-Windows-TaskScheduler,Microsoft-Windows-TaskScheduler/Operational,6742,4,,,7EB59383-47C1-42B7-B5BE-9EE856A22562,,,,,,,,,\Microsoft\Windows\Flighting\FeatureConfig\ReconcileFeatures,NT AUTHORITY\SYSTEM,,TaskSuccessEvent
2026-05-23T23:03:41.635881Z,201,dc.scaffold.htb,Microsoft-Windows-TaskScheduler,Microsoft-Windows-TaskScheduler/Operational,6743,4,%windir%\system32\wermgr.exe,1768,,,,,,,0,,D0E3ACD6-748C-43C2-8F70-415118A2A28C,\Microsoft\Windows\Windows Error Reporting\QueueReporting,,,ActionSuccess
2026-05-23T23:03:41.636163Z,102,dc.scaffold.htb,Microsoft-Windows-TaskScheduler,Microsoft-Windows-TaskScheduler/Operational,6744,4,,,D0E3ACD6-748C-43C2-8F70-415118A2A28C,,,,,,,,,\Microsoft\Windows\Windows Error Reporting\QueueReporting,NT AUTHORITY\SYSTEM,,TaskSuccessEvent
2026-05-23T23:03:45.582823Z,140,dc.scaffold.htb,Microsoft-Windows-TaskScheduler,Microsoft-Windows-TaskScheduler/Operational,6745,4,,,,,,,,,,,,\Microsoft\Windows\SoftwareProtectionPlatform\SvcRestartTask,,SCAFFOLD\DC$,TaskUpdated
2026-05-23T23:05:34.490885Z,114,dc.scaffold.htb,Microsoft-Windows-TaskScheduler,Microsoft-Windows-TaskScheduler/Operational,6746,3,,,24953090-1868-4C40-9E43-364A67AEC74E,,,,,,,,,\Microsoft\Windows\Windows Error Reporting\QueueReporting,,,MissedTaskLaunched
2026-05-23T23:05:34.491548Z,114,dc.scaffold.htb,Microsoft-Windows-TaskScheduler,Microsoft-Windows-TaskScheduler/Operational,6747,3,,,92ACB091-C257-4AEA-9053-4B9B8F8B5F32,,,,,,,,,\Microsoft\Windows\Customer Experience Improvement Program\Consolidator,,,MissedTaskLaunched
2026-05-23T23:05:34.492524Z,114,dc.scaffold.htb,Microsoft-Windows-TaskScheduler,Microsoft-Windows-TaskScheduler/Operational,6748,3,,,2512C17D-10A3-4013-B8CC-3CBD2422C98B,,,,,,,,,\Microsoft\Windows\Flighting\OneSettings\RefreshCache,,,MissedTaskLaunched
2026-05-23T23:05:34.492986Z,114,dc.scaffold.htb,Microsoft-Windows-TaskScheduler,Microsoft-Windows-TaskScheduler/Operational,6749,3,,,C6A2D786-1E89-4FA9-B0F7-06B4B471A933,,,,,,,,,\Microsoft\Windows\Application Experience\PcaPatchDbTask,,,MissedTaskLaunched
2026-05-23T23:05:34.494872Z,129,dc.scaffold.htb,Microsoft-Windows-TaskScheduler,Microsoft-Windows-TaskScheduler/Operational,6750,4,,,,,%windir%\system32\wermgr.exe,16384,7888,,,,,\Microsoft\Windows\Windows Error Reporting\QueueReporting,,,CreatedTaskProcess
2026-05-23T23:05:34.495209Z,100,dc.scaffold.htb,Microsoft-Windows-TaskScheduler,Microsoft-Windows-TaskScheduler/Operational,6751,4,,,24953090-1868-4C40-9E43-364A67AEC74E,,,,,,,,,\Microsoft\Windows\Windows Error Reporting\QueueReporting,NT AUTHORITY\SYSTEM,,TaskStartEvent
2026-05-23T23:05:34.495212Z,200,dc.scaffold.htb,Microsoft-Windows-TaskScheduler,Microsoft-Windows-TaskScheduler/Operational,6752,4,%windir%\system32\wermgr.exe,7888,,,,,,,,,24953090-1868-4C40-9E43-364A67AEC74E,\Microsoft\Windows\Windows Error Reporting\QueueReporting,,,ActionStart
2026-05-23T23:05:34.496366Z,129,dc.scaffold.htb,Microsoft-Windows-TaskScheduler,Microsoft-Windows-TaskScheduler/Operational,6753,4,,,,,taskhostw.exe,16384,5856,,,,,\Microsoft\Windows\Flighting\OneSettings\RefreshCache,,,CreatedTaskProcess
2026-05-23T23:05:34.496728Z,100,dc.scaffold.htb,Microsoft-Windows-TaskScheduler,Microsoft-Windows-TaskScheduler/Operational,6754,4,,,2512C17D-10A3-4013-B8CC-3CBD2422C98B,,,,,,,,,\Microsoft\Windows\Flighting\OneSettings\RefreshCache,NT AUTHORITY\SYSTEM,,TaskStartEvent
2026-05-23T23:05:34.496731Z,200,dc.scaffold.htb,Microsoft-Windows-TaskScheduler,Microsoft-Windows-TaskScheduler/Operational,6755,4,OneSettings Refresh Cache Task Handler,5856,,,,,,,,,2512C17D-10A3-4013-B8CC-3CBD2422C98B,\Microsoft\Windows\Flighting\OneSettings\RefreshCache,,,ActionStart
2026-05-23T23:05:34.502317Z,129,dc.scaffold.htb,Microsoft-Windows-TaskScheduler,Microsoft-Windows-TaskScheduler/Operational,6756,4,,,,,%windir%\system32\rundll32.exe,16384,2176,,,,,\Microsoft\Windows\Application Experience\PcaPatchDbTask,,,CreatedTaskProcess
2026-05-23T23:05:34.502711Z,100,dc.scaffold.htb,Microsoft-Windows-TaskScheduler,Microsoft-Windows-TaskScheduler/Operational,6757,4,,,C6A2D786-1E89-4FA9-B0F7-06B4B471A933,,,,,,,,,\Microsoft\Windows\Application Experience\PcaPatchDbTask,NT AUTHORITY\SYSTEM,,TaskStartEvent
2026-05-23T23:05:34.502716Z,200,dc.scaffold.htb,Microsoft-Windows-TaskScheduler,Microsoft-Windows-TaskScheduler/Operational,6758,4,%windir%\system32\rundll32.exe,2176,,,,,,,,,C6A2D786-1E89-4FA9-B0F7-06B4B471A933,\Microsoft\Windows\Application Experience\PcaPatchDbTask,,,ActionStart
2026-05-23T23:05:34.504824Z,129,dc.scaffold.htb,Microsoft-Windows-TaskScheduler,Microsoft-Windows-TaskScheduler/Operational,6759,4,,,,,%SystemRoot%\System32\wsqmcons.exe,16384,3180,,,,,\Microsoft\Windows\Customer Experience Improvement Program\Consolidator,,,CreatedTaskProcess
2026-05-23T23:05:34.505264Z,100,dc.scaffold.htb,Microsoft-Windows-TaskScheduler,Microsoft-Windows-TaskScheduler/Operational,6760,4,,,92ACB091-C257-4AEA-9053-4B9B8F8B5F32,,,,,,,,,\Microsoft\Windows\Customer Experience Improvement Program\Consolidator,NT AUTHORITY\SYSTEM,,TaskStartEvent
2026-05-23T23:05:34.505268Z,200,dc.scaffold.htb,Microsoft-Windows-TaskScheduler,Microsoft-Windows-TaskScheduler/Operational,6761,4,%SystemRoot%\System32\wsqmcons.exe,3180,,,,,,,,,92ACB091-C257-4AEA-9053-4B9B8F8B5F32,\Microsoft\Windows\Customer Experience Improvement Program\Consolidator,,,ActionStart
2026-05-23T23:05:34.517134Z,201,dc.scaffold.htb,Microsoft-Windows-TaskScheduler,Microsoft-Windows-TaskScheduler/Operational,6762,4,%SystemRoot%\System32\wsqmcons.exe,3180,,,,,,,0,,92ACB091-C257-4AEA-9053-4B9B8F8B5F32,\Microsoft\Windows\Customer Experience Improvement Program\Consolidator,,,ActionSuccess
2026-05-23T23:05:34.517546Z,102,dc.scaffold.htb,Microsoft-Windows-TaskScheduler,Microsoft-Windows-TaskScheduler/Operational,6763,4,,,92ACB091-C257-4AEA-9053-4B9B8F8B5F32,,,,,,,,,\Microsoft\Windows\Customer Experience Improvement Program\Consolidator,NT AUTHORITY\SYSTEM,,TaskSuccessEvent
2026-05-23T23:05:34.542083Z,201,dc.scaffold.htb,Microsoft-Windows-TaskScheduler,Microsoft-Windows-TaskScheduler/Operational,6764,4,%windir%\system32\wermgr.exe,7888,,,,,,,0,,24953090-1868-4C40-9E43-364A67AEC74E,\Microsoft\Windows\Windows Error Reporting\QueueReporting,,,ActionSuccess
2026-05-23T23:05:34.542178Z,102,dc.scaffold.htb,Microsoft-Windows-TaskScheduler,Microsoft-Windows-TaskScheduler/Operational,6765,4,,,24953090-1868-4C40-9E43-364A67AEC74E,,,,,,,,,\Microsoft\Windows\Windows Error Reporting\QueueReporting,NT AUTHORITY\SYSTEM,,TaskSuccessEvent
2026-05-23T23:05:43.283577Z,201,dc.scaffold.htb,Microsoft-Windows-TaskScheduler,Microsoft-Windows-TaskScheduler/Operational,6766,4,%windir%\system32\rundll32.exe,2176,,,,,,,0,,C6A2D786-1E89-4FA9-B0F7-06B4B471A933,\Microsoft\Windows\Application Experience\PcaPatchDbTask,,,ActionSuccess
2026-05-23T23:05:43.283727Z,102,dc.scaffold.htb,Microsoft-Windows-TaskScheduler,Microsoft-Windows-TaskScheduler/Operational,6767,4,,,C6A2D786-1E89-4FA9-B0F7-06B4B471A933,,,,,,,,,\Microsoft\Windows\Application Experience\PcaPatchDbTask,NT AUTHORITY\SYSTEM,,TaskSuccessEvent
2026-05-23T23:05:43.297770Z,202,dc.scaffold.htb,Microsoft-Windows-TaskScheduler,Microsoft-Windows-TaskScheduler/Operational,6768,2,OneSettings Refresh Cache Task Handler,5856,,,,,,,2147954407,,2512C17D-10A3-4013-B8CC-3CBD2422C98B,\Microsoft\Windows\Flighting\OneSettings\RefreshCache,,,ActionFailure
2026-05-23T23:05:43.297771Z,103,dc.scaffold.htb,Microsoft-Windows-TaskScheduler,Microsoft-Windows-TaskScheduler/Operational,6769,2,,,2512C17D-10A3-4013-B8CC-3CBD2422C98B,,,,,,2147954407,,,\Microsoft\Windows\Flighting\OneSettings\RefreshCache,NT AUTHORITY\SYSTEM,,TaskFailureEvent
2026-05-23T23:07:03.769989Z,129,dc.scaffold.htb,Microsoft-Windows-TaskScheduler,Microsoft-Windows-TaskScheduler/Operational,6770,4,,,,,taskhostw.exe,16384,1288,,,,,\Microsoft\Windows\Flighting\OneSettings\RefreshCache,,,CreatedTaskProcess
2026-05-23T23:07:03.770111Z,100,dc.scaffold.htb,Microsoft-Windows-TaskScheduler,Microsoft-Windows-TaskScheduler/Operational,6771,4,,,F2BEEF0D-7498-4EB0-80AD-51C4BA875EEA,,,,,,,,,\Microsoft\Windows\Flighting\OneSettings\RefreshCache,NT AUTHORITY\SYSTEM,,TaskStartEvent
2026-05-23T23:07:03.770112Z,200,dc.scaffold.htb,Microsoft-Windows-TaskScheduler,Microsoft-Windows-TaskScheduler/Operational,6772,4,OneSettings Refresh Cache Task Handler,1288,,,,,,,,,F2BEEF0D-7498-4EB0-80AD-51C4BA875EEA,\Microsoft\Windows\Flighting\OneSettings\RefreshCache,,,ActionStart
2026-05-23T23:07:03.776545Z,140,dc.scaffold.htb,Microsoft-Windows-TaskScheduler,Microsoft-Windows-TaskScheduler/Operational,6773,4,,,,,,,,,,,,\Microsoft\Windows\UpdateOrchestrator\Schedule Scan,,S-1-5-18,TaskUpdated
2026-05-23T23:07:03.801275Z,140,dc.scaffold.htb,Microsoft-Windows-TaskScheduler,Microsoft-Windows-TaskScheduler/Operational,6774,4,,,,,,,,,,,,\Microsoft\Windows\UpdateOrchestrator\Schedule Scan,,SCAFFOLD\DC$,TaskUpdated
2026-05-23T23:07:03.845751Z,202,dc.scaffold.htb,Microsoft-Windows-TaskScheduler,Microsoft-Windows-TaskScheduler/Operational,6775,2,OneSettings Refresh Cache Task Handler,1288,,,,,,,2147954407,,F2BEEF0D-7498-4EB0-80AD-51C4BA875EEA,\Microsoft\Windows\Flighting\OneSettings\RefreshCache,,,ActionFailure
2026-05-23T23:07:03.845752Z,103,dc.scaffold.htb,Microsoft-Windows-TaskScheduler,Microsoft-Windows-TaskScheduler/Operational,6776,2,,,F2BEEF0D-7498-4EB0-80AD-51C4BA875EEA,,,,,,2147954407,,,\Microsoft\Windows\Flighting\OneSettings\RefreshCache,NT AUTHORITY\SYSTEM,,TaskFailureEvent
2026-05-23T23:10:57.544758Z,141,dc.scaffold.htb,Microsoft-Windows-TaskScheduler,Microsoft-Windows-TaskScheduler/Operational,6777,4,,,,,,,,,,,,\Microsoft\Windows\Windows Defender\Windows Defender Scheduled Scan,,NT AUTHORITY\System,TaskDeleted
2026-05-23T23:10:57.549145Z,106,dc.scaffold.htb,Microsoft-Windows-TaskScheduler,Microsoft-Windows-TaskScheduler/Operational,6778,4,,,,,,,,,,,,\Microsoft\Windows\Windows Defender\Windows Defender Scheduled Scan,SCAFFOLD\DC$,,TaskRegisteredEvent
2026-05-23T23:10:57.549146Z,140,dc.scaffold.htb,Microsoft-Windows-TaskScheduler,Microsoft-Windows-TaskScheduler/Operational,6779,4,,,,,,,,,,,,\Microsoft\Windows\Windows Defender\Windows Defender Scheduled Scan,,SCAFFOLD\DC$,TaskUpdated
2026-05-23T23:12:15.949258Z,129,dc.scaffold.htb,Microsoft-Windows-TaskScheduler,Microsoft-Windows-TaskScheduler/Operational,6780,4,,,,,%windir%\system32\wermgr.exe,16384,2464,,,,,\Microsoft\Windows\Windows Error Reporting\QueueReporting,,,CreatedTaskProcess
2026-05-23T23:12:15.949583Z,100,dc.scaffold.htb,Microsoft-Windows-TaskScheduler,Microsoft-Windows-TaskScheduler/Operational,6781,4,,,F265DC06-A911-4406-8BBE-C16C31F912BF,,,,,,,,,\Microsoft\Windows\Windows Error Reporting\QueueReporting,NT AUTHORITY\SYSTEM,,TaskStartEvent
2026-05-23T23:12:15.949585Z,200,dc.scaffold.htb,Microsoft-Windows-TaskScheduler,Microsoft-Windows-TaskScheduler/Operational,6782,4,%windir%\system32\wermgr.exe,2464,,,,,,,,,F265DC06-A911-4406-8BBE-C16C31F912BF,\Microsoft\Windows\Windows Error Reporting\QueueReporting,,,ActionStart
2026-05-23T23:12:16.030634Z,201,dc.scaffold.htb,Microsoft-Windows-TaskScheduler,Microsoft-Windows-TaskScheduler/Operational,6783,4,%windir%\system32\wermgr.exe,2464,,,,,,,0,,F265DC06-A911-4406-8BBE-C16C31F912BF,\Microsoft\Windows\Windows Error Reporting\QueueReporting,,,ActionSuccess
2026-05-23T23:12:16.030749Z,102,dc.scaffold.htb,Microsoft-Windows-TaskScheduler,Microsoft-Windows-TaskScheduler/Operational,6784,4,,,F265DC06-A911-4406-8BBE-C16C31F912BF,,,,,,,,,\Microsoft\Windows\Windows Error Reporting\QueueReporting,NT AUTHORITY\SYSTEM,,TaskSuccessEvent
2026-05-23T23:12:17.919868Z,129,dc.scaffold.htb,Microsoft-Windows-TaskScheduler,Microsoft-Windows-TaskScheduler/Operational,6785,4,,,,,%windir%\system32\cleanmgr.exe,16384,1220,,,,,\Microsoft\Windows\DiskCleanup\SilentCleanup,,,CreatedTaskProcess
2026-05-23T23:12:17.920149Z,100,dc.scaffold.htb,Microsoft-Windows-TaskScheduler,Microsoft-Windows-TaskScheduler/Operational,6786,4,,,0CBA8D6B-8FF6-4D99-B29A-CB8CE9415FCC,,,,,,,,,\Microsoft\Windows\DiskCleanup\SilentCleanup,SCAFFOLD\Administrator,,TaskStartEvent
2026-05-23T23:12:17.920150Z,200,dc.scaffold.htb,Microsoft-Windows-TaskScheduler,Microsoft-Windows-TaskScheduler/Operational,6787,4,%windir%\system32\cleanmgr.exe,1220,,,,,,,,,0CBA8D6B-8FF6-4D99-B29A-CB8CE9415FCC,\Microsoft\Windows\DiskCleanup\SilentCleanup,,,ActionStart
2026-05-23T23:12:17.920252Z,110,dc.scaffold.htb,Microsoft-Windows-TaskScheduler,Microsoft-Windows-TaskScheduler/Operational,6788,4,,,5F7E232A-B27E-452F-B60D-BC10C5B919BF,,,,,,,,,\Microsoft\Windows\DiskCleanup\SilentCleanup,Users,,TaskRunEvent
2026-05-23T23:12:28.609646Z,201,dc.scaffold.htb,Microsoft-Windows-TaskScheduler,Microsoft-Windows-TaskScheduler/Operational,6789,4,%windir%\system32\cleanmgr.exe,1220,,,,,,,0,,0CBA8D6B-8FF6-4D99-B29A-CB8CE9415FCC,\Microsoft\Windows\DiskCleanup\SilentCleanup,,,ActionSuccess
2026-05-23T23:12:28.609946Z,102,dc.scaffold.htb,Microsoft-Windows-TaskScheduler,Microsoft-Windows-TaskScheduler/Operational,6790,4,,,0CBA8D6B-8FF6-4D99-B29A-CB8CE9415FCC,,,,,,,,,\Microsoft\Windows\DiskCleanup\SilentCleanup,SCAFFOLD\Administrator,,TaskSuccessEvent
2026-05-23T23:12:52.849150Z,140,dc.scaffold.htb,Microsoft-Windows-TaskScheduler,Microsoft-Windows-TaskScheduler/Operational,6791,4,,,,,,,,,,,,\Microsoft\Windows\WindowsUpdate\Scheduled Start,,NT AUTHORITY\SYSTEM,TaskUpdated
