2026-05-23T13:32:23.952135Z,400,dc.scaffold.htb,Microsoft-Windows-TaskScheduler,Microsoft-Windows-TaskScheduler/Operational,6415,4,,,,ServiceStartEvent,,,,,,,,,,,
2026-05-23T13:32:24.022795Z,118,dc.scaffold.htb,Microsoft-Windows-TaskScheduler,Microsoft-Windows-TaskScheduler/Operational,6416,4,,,FF3861FF-1974-4B4D-9A3F-3A1855A40190,,,,,,,,,\Microsoft\Windows\ExploitGuard\ExploitGuard MDM policy Refresh,,,BootTrigger
2026-05-23T13:32:24.028268Z,129,dc.scaffold.htb,Microsoft-Windows-TaskScheduler,Microsoft-Windows-TaskScheduler/Operational,6417,4,,,,,taskhostw.exe,16384,2280,,,,,\Microsoft\Windows\ExploitGuard\ExploitGuard MDM policy Refresh,,,CreatedTaskProcess
2026-05-23T13:32:24.028362Z,100,dc.scaffold.htb,Microsoft-Windows-TaskScheduler,Microsoft-Windows-TaskScheduler/Operational,6418,4,,,FF3861FF-1974-4B4D-9A3F-3A1855A40190,,,,,,,,,\Microsoft\Windows\ExploitGuard\ExploitGuard MDM policy Refresh,NT AUTHORITY\SYSTEM,,TaskStartEvent
2026-05-23T13:32:24.028363Z,200,dc.scaffold.htb,Microsoft-Windows-TaskScheduler,Microsoft-Windows-TaskScheduler/Operational,6419,4,,2280,,,,,,,,,FF3861FF-1974-4B4D-9A3F-3A1855A40190,\Microsoft\Windows\ExploitGuard\ExploitGuard MDM policy Refresh,,,ActionStart
2026-05-23T13:32:24.028813Z,129,dc.scaffold.htb,Microsoft-Windows-TaskScheduler,Microsoft-Windows-TaskScheduler/Operational,6420,4,,,,,%windir%\system32\dxgiadaptercache.exe,16384,2268,,,,,\Microsoft\Windows\DirectX\DXGIAdapterCache,,,CreatedTaskProcess
2026-05-23T13:32:24.028950Z,100,dc.scaffold.htb,Microsoft-Windows-TaskScheduler,Microsoft-Windows-TaskScheduler/Operational,6421,4,,,F968198C-46EA-4584-9F84-6C4FB3B4566A,,,,,,,,,\Microsoft\Windows\DirectX\DXGIAdapterCache,NT AUTHORITY\SYSTEM,,TaskStartEvent
2026-05-23T13:32:24.028952Z,200,dc.scaffold.htb,Microsoft-Windows-TaskScheduler,Microsoft-Windows-TaskScheduler/Operational,6422,4,%windir%\system32\dxgiadaptercache.exe,2268,,,,,,,,,F968198C-46EA-4584-9F84-6C4FB3B4566A,\Microsoft\Windows\DirectX\DXGIAdapterCache,,,ActionStart
2026-05-23T13:32:24.175844Z,101,dc.scaffold.htb,Microsoft-Windows-TaskScheduler,Microsoft-Windows-TaskScheduler/Operational,6423,2,,,,,,,,,2147943568,,,\Microsoft\Windows\Workplace Join\Automatic-Device-Join,(default user),,TaskStartFailedEvent
2026-05-23T13:32:24.288953Z,100,dc.scaffold.htb,Microsoft-Windows-TaskScheduler,Microsoft-Windows-TaskScheduler/Operational,6424,4,,,76710887-6F19-4804-A40A-4E74C2E8A491,,,,,,,,,\Microsoft\Windows\WwanSvc\OobeDiscovery,NT AUTHORITY\SYSTEM,,TaskStartEvent
2026-05-23T13:32:24.288954Z,200,dc.scaffold.htb,Microsoft-Windows-TaskScheduler,Microsoft-Windows-TaskScheduler/Operational,6425,4,OobeEsimTaskManager,2280,,,,,,,,,76710887-6F19-4804-A40A-4E74C2E8A491,\Microsoft\Windows\WwanSvc\OobeDiscovery,,,ActionStart
2026-05-23T13:32:24.321429Z,129,dc.scaffold.htb,Microsoft-Windows-TaskScheduler,Microsoft-Windows-TaskScheduler/Operational,6426,4,,,,,taskhostw.exe,16384,2600,,,,,\Microsoft\Windows\Time Synchronization\ForceSynchronizeTime,,,CreatedTaskProcess
2026-05-23T13:32:24.321540Z,100,dc.scaffold.htb,Microsoft-Windows-TaskScheduler,Microsoft-Windows-TaskScheduler/Operational,6427,4,,,8949F695-C2C1-4B33-9ADB-01E56F37B30D,,,,,,,,,\Microsoft\Windows\Time Synchronization\ForceSynchronizeTime,(NONE),,TaskStartEvent
2026-05-23T13:32:24.321541Z,200,dc.scaffold.htb,Microsoft-Windows-TaskScheduler,Microsoft-Windows-TaskScheduler/Operational,6428,4,Time Synchronization Task Handler,2600,,,,,,,,,8949F695-C2C1-4B33-9ADB-01E56F37B30D,\Microsoft\Windows\Time Synchronization\ForceSynchronizeTime,,,ActionStart
2026-05-23T13:32:24.353106Z,201,dc.scaffold.htb,Microsoft-Windows-TaskScheduler,Microsoft-Windows-TaskScheduler/Operational,6429,4,Time Synchronization Task Handler,2600,,,,,,,0,,8949F695-C2C1-4B33-9ADB-01E56F37B30D,\Microsoft\Windows\Time Synchronization\ForceSynchronizeTime,,,ActionSuccess
2026-05-23T13:32:24.353107Z,102,dc.scaffold.htb,Microsoft-Windows-TaskScheduler,Microsoft-Windows-TaskScheduler/Operational,6430,4,,,8949F695-C2C1-4B33-9ADB-01E56F37B30D,,,,,,,,,\Microsoft\Windows\Time Synchronization\ForceSynchronizeTime,(NONE),,TaskSuccessEvent
2026-05-23T13:32:24.393649Z,201,dc.scaffold.htb,Microsoft-Windows-TaskScheduler,Microsoft-Windows-TaskScheduler/Operational,6431,4,%windir%\system32\dxgiadaptercache.exe,2268,,,,,,,0,,F968198C-46EA-4584-9F84-6C4FB3B4566A,\Microsoft\Windows\DirectX\DXGIAdapterCache,,,ActionSuccess
2026-05-23T13:32:24.393842Z,102,dc.scaffold.htb,Microsoft-Windows-TaskScheduler,Microsoft-Windows-TaskScheduler/Operational,6432,4,,,F968198C-46EA-4584-9F84-6C4FB3B4566A,,,,,,,,,\Microsoft\Windows\DirectX\DXGIAdapterCache,NT AUTHORITY\SYSTEM,,TaskSuccessEvent
2026-05-23T13:32:24.400888Z,201,dc.scaffold.htb,Microsoft-Windows-TaskScheduler,Microsoft-Windows-TaskScheduler/Operational,6433,4,,2280,,,,,,,0,,FF3861FF-1974-4B4D-9A3F-3A1855A40190,\Microsoft\Windows\ExploitGuard\ExploitGuard MDM policy Refresh,,,ActionSuccess
2026-05-23T13:32:24.400889Z,102,dc.scaffold.htb,Microsoft-Windows-TaskScheduler,Microsoft-Windows-TaskScheduler/Operational,6434,4,,,FF3861FF-1974-4B4D-9A3F-3A1855A40190,,,,,,,,,\Microsoft\Windows\ExploitGuard\ExploitGuard MDM policy Refresh,NT AUTHORITY\SYSTEM,,TaskSuccessEvent
2026-05-23T13:32:24.427702Z,201,dc.scaffold.htb,Microsoft-Windows-TaskScheduler,Microsoft-Windows-TaskScheduler/Operational,6435,4,OobeEsimTaskManager,2280,,,,,,,0,,76710887-6F19-4804-A40A-4E74C2E8A491,\Microsoft\Windows\WwanSvc\OobeDiscovery,,,ActionSuccess
2026-05-23T13:32:24.427704Z,102,dc.scaffold.htb,Microsoft-Windows-TaskScheduler,Microsoft-Windows-TaskScheduler/Operational,6436,4,,,76710887-6F19-4804-A40A-4E74C2E8A491,,,,,,,,,\Microsoft\Windows\WwanSvc\OobeDiscovery,NT AUTHORITY\SYSTEM,,TaskSuccessEvent
2026-05-23T13:32:25.181442Z,325,dc.scaffold.htb,Microsoft-Windows-TaskScheduler,Microsoft-Windows-TaskScheduler/Operational,6437,3,,,,,,,,C36C66E0-697D-4B6A-B89B-5DD76182D48C,,,,\Microsoft\Windows\Workplace Join\Automatic-Device-Join,,,TaskInstanceQueued
2026-05-23T13:32:25.181665Z,110,dc.scaffold.htb,Microsoft-Windows-TaskScheduler,Microsoft-Windows-TaskScheduler/Operational,6438,4,,,C36C66E0-697D-4B6A-B89B-5DD76182D48C,,,,,,,,,\Microsoft\Windows\Workplace Join\Automatic-Device-Join,System,,TaskRunEvent
2026-05-23T13:32:25.191590Z,129,dc.scaffold.htb,Microsoft-Windows-TaskScheduler,Microsoft-Windows-TaskScheduler/Operational,6439,4,,,,,%SystemRoot%\System32\dsregcmd.exe,16384,2672,,,,,\Microsoft\Windows\Workplace Join\Automatic-Device-Join,,,CreatedTaskProcess
2026-05-23T13:32:25.191859Z,100,dc.scaffold.htb,Microsoft-Windows-TaskScheduler,Microsoft-Windows-TaskScheduler/Operational,6440,4,,,C36C66E0-697D-4B6A-B89B-5DD76182D48C,,,,,,,,,\Microsoft\Windows\Workplace Join\Automatic-Device-Join,NT AUTHORITY\SYSTEM,,TaskStartEvent
2026-05-23T13:32:25.191862Z,200,dc.scaffold.htb,Microsoft-Windows-TaskScheduler,Microsoft-Windows-TaskScheduler/Operational,6441,4,%SystemRoot%\System32\dsregcmd.exe,2672,,,,,,,,,C36C66E0-697D-4B6A-B89B-5DD76182D48C,\Microsoft\Windows\Workplace Join\Automatic-Device-Join,,,ActionStart
2026-05-23T13:32:34.508982Z,118,dc.scaffold.htb,Microsoft-Windows-TaskScheduler,Microsoft-Windows-TaskScheduler/Operational,6442,4,,,EB524534-0B1D-4F66-BE84-42FA34867E73,,,,,,,,,\Microsoft\Windows\CertificateServicesClient\SystemTask,,,BootTrigger
2026-05-23T13:32:34.510259Z,129,dc.scaffold.htb,Microsoft-Windows-TaskScheduler,Microsoft-Windows-TaskScheduler/Operational,6443,4,,,,,taskhostw.exe,16384,5024,,,,,\Microsoft\Windows\CertificateServicesClient\SystemTask,,,CreatedTaskProcess
2026-05-23T13:32:34.510379Z,100,dc.scaffold.htb,Microsoft-Windows-TaskScheduler,Microsoft-Windows-TaskScheduler/Operational,6444,4,,,EB524534-0B1D-4F66-BE84-42FA34867E73,,,,,,,,,\Microsoft\Windows\CertificateServicesClient\SystemTask,NT AUTHORITY\SYSTEM,,TaskStartEvent
2026-05-23T13:32:34.510380Z,200,dc.scaffold.htb,Microsoft-Windows-TaskScheduler,Microsoft-Windows-TaskScheduler/Operational,6445,4,Certificate Services Client Task Handler,5024,,,,,,,,,EB524534-0B1D-4F66-BE84-42FA34867E73,\Microsoft\Windows\CertificateServicesClient\SystemTask,,,ActionStart
2026-05-23T13:33:03.161345Z,201,dc.scaffold.htb,Microsoft-Windows-TaskScheduler,Microsoft-Windows-TaskScheduler/Operational,6446,4,%SystemRoot%\System32\dsregcmd.exe,2672,,,,,,,0,,C36C66E0-697D-4B6A-B89B-5DD76182D48C,\Microsoft\Windows\Workplace Join\Automatic-Device-Join,,,ActionSuccess
2026-05-23T13:33:03.161622Z,102,dc.scaffold.htb,Microsoft-Windows-TaskScheduler,Microsoft-Windows-TaskScheduler/Operational,6447,4,,,C36C66E0-697D-4B6A-B89B-5DD76182D48C,,,,,,,,,\Microsoft\Windows\Workplace Join\Automatic-Device-Join,NT AUTHORITY\SYSTEM,,TaskSuccessEvent
2026-05-23T13:33:03.738907Z,140,dc.scaffold.htb,Microsoft-Windows-TaskScheduler,Microsoft-Windows-TaskScheduler/Operational,6448,4,,,,,,,,,,,,\Microsoft\Windows\SoftwareProtectionPlatform\SvcRestartTask,,SCAFFOLD\DC$,TaskUpdated
2026-05-23T13:33:04.071271Z,201,dc.scaffold.htb,Microsoft-Windows-TaskScheduler,Microsoft-Windows-TaskScheduler/Operational,6449,4,Certificate Services Client Task Handler,5024,,,,,,,0,,EB524534-0B1D-4F66-BE84-42FA34867E73,\Microsoft\Windows\CertificateServicesClient\SystemTask,,,ActionSuccess
2026-05-23T13:33:04.071273Z,102,dc.scaffold.htb,Microsoft-Windows-TaskScheduler,Microsoft-Windows-TaskScheduler/Operational,6450,4,,,EB524534-0B1D-4F66-BE84-42FA34867E73,,,,,,,,,\Microsoft\Windows\CertificateServicesClient\SystemTask,NT AUTHORITY\SYSTEM,,TaskSuccessEvent
2026-05-23T13:33:24.518098Z,118,dc.scaffold.htb,Microsoft-Windows-TaskScheduler,Microsoft-Windows-TaskScheduler/Operational,6451,4,,,129D729C-EAB2-41E4-BA86-50A6992D3E4D,,,,,,,,,\Microsoft\Windows\DirectX\DXGIAdapterCache,,,BootTrigger
2026-05-23T13:33:24.518239Z,118,dc.scaffold.htb,Microsoft-Windows-TaskScheduler,Microsoft-Windows-TaskScheduler/Operational,6452,4,,,1196C649-DA02-4A97-B2F3-1E0873F85324,,,,,,,,,\Microsoft\Windows\Software Inventory Logging\Configuration,,,BootTrigger
2026-05-23T13:33:24.525518Z,129,dc.scaffold.htb,Microsoft-Windows-TaskScheduler,Microsoft-Windows-TaskScheduler/Operational,6453,4,,,,,%windir%\system32\dxgiadaptercache.exe,16384,6724,,,,,\Microsoft\Windows\DirectX\DXGIAdapterCache,,,CreatedTaskProcess
2026-05-23T13:33:24.525558Z,129,dc.scaffold.htb,Microsoft-Windows-TaskScheduler,Microsoft-Windows-TaskScheduler/Operational,6454,4,,,,,%systemroot%\system32\cmd.exe,16384,6732,,,,,\Microsoft\Windows\Software Inventory Logging\Configuration,,,CreatedTaskProcess
2026-05-23T13:33:24.525762Z,100,dc.scaffold.htb,Microsoft-Windows-TaskScheduler,Microsoft-Windows-TaskScheduler/Operational,6455,4,,,129D729C-EAB2-41E4-BA86-50A6992D3E4D,,,,,,,,,\Microsoft\Windows\DirectX\DXGIAdapterCache,NT AUTHORITY\SYSTEM,,TaskStartEvent
2026-05-23T13:33:24.525765Z,200,dc.scaffold.htb,Microsoft-Windows-TaskScheduler,Microsoft-Windows-TaskScheduler/Operational,6456,4,%windir%\system32\dxgiadaptercache.exe,6724,,,,,,,,,129D729C-EAB2-41E4-BA86-50A6992D3E4D,\Microsoft\Windows\DirectX\DXGIAdapterCache,,,ActionStart
2026-05-23T13:33:24.525781Z,100,dc.scaffold.htb,Microsoft-Windows-TaskScheduler,Microsoft-Windows-TaskScheduler/Operational,6457,4,,,1196C649-DA02-4A97-B2F3-1E0873F85324,,,,,,,,,\Microsoft\Windows\Software Inventory Logging\Configuration,NT AUTHORITY\SYSTEM,,TaskStartEvent
2026-05-23T13:33:24.525784Z,200,dc.scaffold.htb,Microsoft-Windows-TaskScheduler,Microsoft-Windows-TaskScheduler/Operational,6458,4,%systemroot%\system32\cmd.exe,6732,,,,,,,,,1196C649-DA02-4A97-B2F3-1E0873F85324,\Microsoft\Windows\Software Inventory Logging\Configuration,,,ActionStart
2026-05-23T13:33:24.547568Z,201,dc.scaffold.htb,Microsoft-Windows-TaskScheduler,Microsoft-Windows-TaskScheduler/Operational,6459,4,%windir%\system32\dxgiadaptercache.exe,6724,,,,,,,0,,129D729C-EAB2-41E4-BA86-50A6992D3E4D,\Microsoft\Windows\DirectX\DXGIAdapterCache,,,ActionSuccess
2026-05-23T13:33:24.547703Z,102,dc.scaffold.htb,Microsoft-Windows-TaskScheduler,Microsoft-Windows-TaskScheduler/Operational,6460,4,,,129D729C-EAB2-41E4-BA86-50A6992D3E4D,,,,,,,,,\Microsoft\Windows\DirectX\DXGIAdapterCache,NT AUTHORITY\SYSTEM,,TaskSuccessEvent
2026-05-23T13:33:24.579851Z,201,dc.scaffold.htb,Microsoft-Windows-TaskScheduler,Microsoft-Windows-TaskScheduler/Operational,6461,4,%systemroot%\system32\cmd.exe,6732,,,,,,,0,,1196C649-DA02-4A97-B2F3-1E0873F85324,\Microsoft\Windows\Software Inventory Logging\Configuration,,,ActionSuccess
2026-05-23T13:33:24.580018Z,102,dc.scaffold.htb,Microsoft-Windows-TaskScheduler,Microsoft-Windows-TaskScheduler/Operational,6462,4,,,1196C649-DA02-4A97-B2F3-1E0873F85324,,,,,,,,,\Microsoft\Windows\Software Inventory Logging\Configuration,NT AUTHORITY\SYSTEM,,TaskSuccessEvent
2026-05-23T13:33:30.599180Z,119,dc.scaffold.htb,Microsoft-Windows-TaskScheduler,Microsoft-Windows-TaskScheduler/Operational,6463,4,,,5A813B9C-97EF-416E-8CB0-3B8CD9B04E56,,,,,,,,,\Microsoft\Windows\TextServicesFramework\MsCtfMonitor,,SCAFFOLD\Administrator,LogonTrigger
2026-05-23T13:33:30.599723Z,119,dc.scaffold.htb,Microsoft-Windows-TaskScheduler,Microsoft-Windows-TaskScheduler/Operational,6464,4,,,EE198391-225A-4E4F-9897-A664984D7F64,,,,,,,,,\Microsoft\Windows\Server Manager\ServerManager,,SCAFFOLD\Administrator,LogonTrigger
2026-05-23T13:33:30.602562Z,129,dc.scaffold.htb,Microsoft-Windows-TaskScheduler,Microsoft-Windows-TaskScheduler/Operational,6465,4,,,,,taskhostw.exe,32,7044,,,,,\Microsoft\Windows\TextServicesFramework\MsCtfMonitor,,,CreatedTaskProcess
2026-05-23T13:33:30.602755Z,100,dc.scaffold.htb,Microsoft-Windows-TaskScheduler,Microsoft-Windows-TaskScheduler/Operational,6466,4,,,5A813B9C-97EF-416E-8CB0-3B8CD9B04E56,,,,,,,,,\Microsoft\Windows\TextServicesFramework\MsCtfMonitor,SCAFFOLD\Administrator,,TaskStartEvent
2026-05-23T13:33:30.602756Z,200,dc.scaffold.htb,Microsoft-Windows-TaskScheduler,Microsoft-Windows-TaskScheduler/Operational,6467,4,MsCtfMonitor task handler,7044,,,,,,,,,5A813B9C-97EF-416E-8CB0-3B8CD9B04E56,\Microsoft\Windows\TextServicesFramework\MsCtfMonitor,,,ActionStart
2026-05-23T13:33:30.602769Z,129,dc.scaffold.htb,Microsoft-Windows-TaskScheduler,Microsoft-Windows-TaskScheduler/Operational,6468,4,,,,,%windir%\system32\ServerManagerLauncher.exe,32,7052,,,,,\Microsoft\Windows\Server Manager\ServerManager,,,CreatedTaskProcess
2026-05-23T13:33:30.603011Z,100,dc.scaffold.htb,Microsoft-Windows-TaskScheduler,Microsoft-Windows-TaskScheduler/Operational,6469,4,,,EE198391-225A-4E4F-9897-A664984D7F64,,,,,,,,,\Microsoft\Windows\Server Manager\ServerManager,SCAFFOLD\Administrator,,TaskStartEvent
2026-05-23T13:33:30.603012Z,200,dc.scaffold.htb,Microsoft-Windows-TaskScheduler,Microsoft-Windows-TaskScheduler/Operational,6470,4,%windir%\system32\ServerManagerLauncher.exe,7052,,,,,,,,,EE198391-225A-4E4F-9897-A664984D7F64,\Microsoft\Windows\Server Manager\ServerManager,,,ActionStart
2026-05-23T13:33:30.603340Z,119,dc.scaffold.htb,Microsoft-Windows-TaskScheduler,Microsoft-Windows-TaskScheduler/Operational,6471,4,,,451DEFA5-185D-4038-BCF4-811382CDF018,,,,,,,,,\Microsoft\Windows\CertificateServicesClient\UserTask,,SCAFFOLD\Administrator,LogonTrigger
2026-05-23T13:33:30.607134Z,119,dc.scaffold.htb,Microsoft-Windows-TaskScheduler,Microsoft-Windows-TaskScheduler/Operational,6472,4,,,04AB9A7A-8CAD-4730-8C2E-0ABAE356BD27,,,,,,,,,\Microsoft\Windows\WindowsColorSystem\Calibration Loader,,SCAFFOLD\Administrator,LogonTrigger
2026-05-23T13:33:30.608978Z,119,dc.scaffold.htb,Microsoft-Windows-TaskScheduler,Microsoft-Windows-TaskScheduler/Operational,6473,4,,,07431976-8268-4131-9212-6D4660AEE029,,,,,,,,,\Microsoft\Windows\Wininet\CacheTask,,SCAFFOLD\Administrator,LogonTrigger
2026-05-23T13:33:30.609250Z,100,dc.scaffold.htb,Microsoft-Windows-TaskScheduler,Microsoft-Windows-TaskScheduler/Operational,6474,4,,,07431976-8268-4131-9212-6D4660AEE029,,,,,,,,,\Microsoft\Windows\Wininet\CacheTask,SCAFFOLD\Administrator,,TaskStartEvent
2026-05-23T13:33:30.609251Z,200,dc.scaffold.htb,Microsoft-Windows-TaskScheduler,Microsoft-Windows-TaskScheduler/Operational,6475,4,Wininet Cache task object,7044,,,,,,,,,07431976-8268-4131-9212-6D4660AEE029,\Microsoft\Windows\Wininet\CacheTask,,,ActionStart
2026-05-23T13:33:30.611397Z,119,dc.scaffold.htb,Microsoft-Windows-TaskScheduler,Microsoft-Windows-TaskScheduler/Operational,6476,4,,,108AC80E-CE4A-40C3-832D-B4C795542004,,,,,,,,,\MicrosoftEdgeUpdateTaskMachineCore,,SCAFFOLD\Administrator,LogonTrigger
2026-05-23T13:33:30.612790Z,129,dc.scaffold.htb,Microsoft-Windows-TaskScheduler,Microsoft-Windows-TaskScheduler/Operational,6477,4,,,,,taskhostw.exe,32,7068,,,,,\Microsoft\Windows\CertificateServicesClient\UserTask,,,CreatedTaskProcess
2026-05-23T13:33:30.614195Z,100,dc.scaffold.htb,Microsoft-Windows-TaskScheduler,Microsoft-Windows-TaskScheduler/Operational,6478,4,,,451DEFA5-185D-4038-BCF4-811382CDF018,,,,,,,,,\Microsoft\Windows\CertificateServicesClient\UserTask,SCAFFOLD\Administrator,,TaskStartEvent
2026-05-23T13:33:30.614196Z,200,dc.scaffold.htb,Microsoft-Windows-TaskScheduler,Microsoft-Windows-TaskScheduler/Operational,6479,4,Certificate Services Client Task Handler,7068,,,,,,,,,451DEFA5-185D-4038-BCF4-811382CDF018,\Microsoft\Windows\CertificateServicesClient\UserTask,,,ActionStart
2026-05-23T13:33:30.617898Z,119,dc.scaffold.htb,Microsoft-Windows-TaskScheduler,Microsoft-Windows-TaskScheduler/Operational,6480,4,,,BDC8560B-CDA3-44BD-8A83-D3F181BC01F9,,,,,,,,,\Microsoft\Windows\Plug and Play\Device Install Reboot Required,,SCAFFOLD\Administrator,LogonTrigger
2026-05-23T13:33:30.627468Z,129,dc.scaffold.htb,Microsoft-Windows-TaskScheduler,Microsoft-Windows-TaskScheduler/Operational,6481,4,,,,,taskhostw.exe,32,7108,,,,,\Microsoft\Windows\Plug and Play\Device Install Reboot Required,,,CreatedTaskProcess
2026-05-23T13:33:30.627792Z,100,dc.scaffold.htb,Microsoft-Windows-TaskScheduler,Microsoft-Windows-TaskScheduler/Operational,6482,4,,,BDC8560B-CDA3-44BD-8A83-D3F181BC01F9,,,,,,,,,\Microsoft\Windows\Plug and Play\Device Install Reboot Required,SCAFFOLD\Administrator,,TaskStartEvent
2026-05-23T13:33:30.627793Z,200,dc.scaffold.htb,Microsoft-Windows-TaskScheduler,Microsoft-Windows-TaskScheduler/Operational,6483,4,Device Installation Reboot Dialog Task,7108,,,,,,,,,BDC8560B-CDA3-44BD-8A83-D3F181BC01F9,\Microsoft\Windows\Plug and Play\Device Install Reboot Required,,,ActionStart
2026-05-23T13:33:30.644245Z,129,dc.scaffold.htb,Microsoft-Windows-TaskScheduler,Microsoft-Windows-TaskScheduler/Operational,6484,4,,,,,C:\Program Files (x86)\Microsoft\EdgeUpdate\MicrosoftEdgeUpdate.exe,32,7100,,,,,\MicrosoftEdgeUpdateTaskMachineCore,,,CreatedTaskProcess
2026-05-23T13:33:30.644386Z,100,dc.scaffold.htb,Microsoft-Windows-TaskScheduler,Microsoft-Windows-TaskScheduler/Operational,6485,4,,,108AC80E-CE4A-40C3-832D-B4C795542004,,,,,,,,,\MicrosoftEdgeUpdateTaskMachineCore,NT AUTHORITY\SYSTEM,,TaskStartEvent
2026-05-23T13:33:30.644387Z,200,dc.scaffold.htb,Microsoft-Windows-TaskScheduler,Microsoft-Windows-TaskScheduler/Operational,6486,4,C:\Program Files (x86)\Microsoft\EdgeUpdate\MicrosoftEdgeUpdate.exe,7100,,,,,,,,,108AC80E-CE4A-40C3-832D-B4C795542004,\MicrosoftEdgeUpdateTaskMachineCore,,,ActionStart
2026-05-23T13:33:30.669581Z,201,dc.scaffold.htb,Microsoft-Windows-TaskScheduler,Microsoft-Windows-TaskScheduler/Operational,6487,4,MsCtfMonitor task handler,7044,,,,,,,0,,5A813B9C-97EF-416E-8CB0-3B8CD9B04E56,\Microsoft\Windows\TextServicesFramework\MsCtfMonitor,,,ActionSuccess
2026-05-23T13:33:30.669582Z,102,dc.scaffold.htb,Microsoft-Windows-TaskScheduler,Microsoft-Windows-TaskScheduler/Operational,6488,4,,,5A813B9C-97EF-416E-8CB0-3B8CD9B04E56,,,,,,,,,\Microsoft\Windows\TextServicesFramework\MsCtfMonitor,SCAFFOLD\Administrator,,TaskSuccessEvent
2026-05-23T13:33:30.730919Z,100,dc.scaffold.htb,Microsoft-Windows-TaskScheduler,Microsoft-Windows-TaskScheduler/Operational,6489,4,,,04AB9A7A-8CAD-4730-8C2E-0ABAE356BD27,,,,,,,,,\Microsoft\Windows\WindowsColorSystem\Calibration Loader,SCAFFOLD\Administrator,,TaskStartEvent
2026-05-23T13:33:30.730933Z,200,dc.scaffold.htb,Microsoft-Windows-TaskScheduler,Microsoft-Windows-TaskScheduler/Operational,6490,4,Color Calibration Loader,7068,,,,,,,,,04AB9A7A-8CAD-4730-8C2E-0ABAE356BD27,\Microsoft\Windows\WindowsColorSystem\Calibration Loader,,,ActionStart
2026-05-23T13:33:30.885876Z,141,dc.scaffold.htb,Microsoft-Windows-TaskScheduler,Microsoft-Windows-TaskScheduler/Operational,6491,4,,,,,,,,,,,,\CreateExplorerShellUnelevatedTask,,SCAFFOLD\Administrator,TaskDeleted
2026-05-23T13:33:30.893877Z,106,dc.scaffold.htb,Microsoft-Windows-TaskScheduler,Microsoft-Windows-TaskScheduler/Operational,6492,4,,,,,,,,,,,,\CreateExplorerShellUnelevatedTask,SCAFFOLD\Administrator,,TaskRegisteredEvent
2026-05-23T13:33:30.893878Z,140,dc.scaffold.htb,Microsoft-Windows-TaskScheduler,Microsoft-Windows-TaskScheduler/Operational,6493,4,,,,,,,,,,,,\CreateExplorerShellUnelevatedTask,,SCAFFOLD\Administrator,TaskUpdated
2026-05-23T13:33:30.894680Z,109,dc.scaffold.htb,Microsoft-Windows-TaskScheduler,Microsoft-Windows-TaskScheduler/Operational,6494,4,,,F672F0F7-4C64-4C58-9E21-2B61114CD24D,,,,,,,,,\CreateExplorerShellUnelevatedTask,,,RegistrationTriggerEvent
2026-05-23T13:33:30.900063Z,129,dc.scaffold.htb,Microsoft-Windows-TaskScheduler,Microsoft-Windows-TaskScheduler/Operational,6495,4,,,,,C:\Windows\Explorer.EXE,32,6760,,,,,\CreateExplorerShellUnelevatedTask,,,CreatedTaskProcess
2026-05-23T13:33:30.900378Z,100,dc.scaffold.htb,Microsoft-Windows-TaskScheduler,Microsoft-Windows-TaskScheduler/Operational,6496,4,,,F672F0F7-4C64-4C58-9E21-2B61114CD24D,,,,,,,,,\CreateExplorerShellUnelevatedTask,SCAFFOLD\Administrator,,TaskStartEvent
2026-05-23T13:33:30.900380Z,200,dc.scaffold.htb,Microsoft-Windows-TaskScheduler,Microsoft-Windows-TaskScheduler/Operational,6497,4,C:\Windows\Explorer.EXE,6760,,,,,,,,,F672F0F7-4C64-4C58-9E21-2B61114CD24D,\CreateExplorerShellUnelevatedTask,,,ActionStart
2026-05-23T13:33:30.972100Z,201,dc.scaffold.htb,Microsoft-Windows-TaskScheduler,Microsoft-Windows-TaskScheduler/Operational,6498,4,Certificate Services Client Task Handler,7068,,,,,,,0,,451DEFA5-185D-4038-BCF4-811382CDF018,\Microsoft\Windows\CertificateServicesClient\UserTask,,,ActionSuccess
2026-05-23T13:33:30.972101Z,102,dc.scaffold.htb,Microsoft-Windows-TaskScheduler,Microsoft-Windows-TaskScheduler/Operational,6499,4,,,451DEFA5-185D-4038-BCF4-811382CDF018,,,,,,,,,\Microsoft\Windows\CertificateServicesClient\UserTask,SCAFFOLD\Administrator,,TaskSuccessEvent
2026-05-23T13:33:31.007172Z,201,dc.scaffold.htb,Microsoft-Windows-TaskScheduler,Microsoft-Windows-TaskScheduler/Operational,6500,4,Device Installation Reboot Dialog Task,7108,,,,,,,0,,BDC8560B-CDA3-44BD-8A83-D3F181BC01F9,\Microsoft\Windows\Plug and Play\Device Install Reboot Required,,,ActionSuccess
2026-05-23T13:33:31.007177Z,102,dc.scaffold.htb,Microsoft-Windows-TaskScheduler,Microsoft-Windows-TaskScheduler/Operational,6501,4,,,BDC8560B-CDA3-44BD-8A83-D3F181BC01F9,,,,,,,,,\Microsoft\Windows\Plug and Play\Device Install Reboot Required,SCAFFOLD\Administrator,,TaskSuccessEvent
2026-05-23T13:33:31.052686Z,201,dc.scaffold.htb,Microsoft-Windows-TaskScheduler,Microsoft-Windows-TaskScheduler/Operational,6502,4,Color Calibration Loader,7068,,,,,,,0,,04AB9A7A-8CAD-4730-8C2E-0ABAE356BD27,\Microsoft\Windows\WindowsColorSystem\Calibration Loader,,,ActionSuccess
2026-05-23T13:33:31.052687Z,102,dc.scaffold.htb,Microsoft-Windows-TaskScheduler,Microsoft-Windows-TaskScheduler/Operational,6503,4,,,04AB9A7A-8CAD-4730-8C2E-0ABAE356BD27,,,,,,,,,\Microsoft\Windows\WindowsColorSystem\Calibration Loader,SCAFFOLD\Administrator,,TaskSuccessEvent
2026-05-23T13:33:32.779063Z,201,dc.scaffold.htb,Microsoft-Windows-TaskScheduler,Microsoft-Windows-TaskScheduler/Operational,6504,4,%windir%\system32\ServerManagerLauncher.exe,7052,,,,,,,0,,EE198391-225A-4E4F-9897-A664984D7F64,\Microsoft\Windows\Server Manager\ServerManager,,,ActionSuccess
2026-05-23T13:33:32.779399Z,102,dc.scaffold.htb,Microsoft-Windows-TaskScheduler,Microsoft-Windows-TaskScheduler/Operational,6505,4,,,EE198391-225A-4E4F-9897-A664984D7F64,,,,,,,,,\Microsoft\Windows\Server Manager\ServerManager,SCAFFOLD\Administrator,,TaskSuccessEvent
2026-05-23T13:33:50.141297Z,140,dc.scaffold.htb,Microsoft-Windows-TaskScheduler,Microsoft-Windows-TaskScheduler/Operational,6506,4,,,,,,,,,,,,\Microsoft\Windows\Application Experience\PcaPatchDbTask,,SCAFFOLD\DC$,TaskUpdated
2026-05-23T13:34:01.096183Z,119,dc.scaffold.htb,Microsoft-Windows-TaskScheduler,Microsoft-Windows-TaskScheduler/Operational,6507,4,,,2C118495-7E76-45B4-A907-59B028EADD80,,,,,,,,,\Microsoft\Windows\International\Synchronize Language Settings,,SCAFFOLD\Administrator,LogonTrigger
2026-05-23T13:34:01.099635Z,129,dc.scaffold.htb,Microsoft-Windows-TaskScheduler,Microsoft-Windows-TaskScheduler/Operational,6508,4,,,,,taskhostw.exe,32,8720,,,,,\Microsoft\Windows\International\Synchronize Language Settings,,,CreatedTaskProcess
2026-05-23T13:34:01.100050Z,100,dc.scaffold.htb,Microsoft-Windows-TaskScheduler,Microsoft-Windows-TaskScheduler/Operational,6509,4,,,2C118495-7E76-45B4-A907-59B028EADD80,,,,,,,,,\Microsoft\Windows\International\Synchronize Language Settings,SCAFFOLD\Administrator,,TaskStartEvent
2026-05-23T13:34:01.100053Z,200,dc.scaffold.htb,Microsoft-Windows-TaskScheduler,Microsoft-Windows-TaskScheduler/Operational,6510,4,Sync Language Data From Cloud Task,8720,,,,,,,,,2C118495-7E76-45B4-A907-59B028EADD80,\Microsoft\Windows\International\Synchronize Language Settings,,,ActionStart
2026-05-23T13:34:31.095459Z,119,dc.scaffold.htb,Microsoft-Windows-TaskScheduler,Microsoft-Windows-TaskScheduler/Operational,6511,4,,,E7CA527E-DB28-4E79-89B6-9FAF49B5A26E,,,,,,,,,\Microsoft\Windows\Workplace Join\Automatic-Device-Join,,SCAFFOLD\Administrator,LogonTrigger
2026-05-23T13:34:31.098039Z,129,dc.scaffold.htb,Microsoft-Windows-TaskScheduler,Microsoft-Windows-TaskScheduler/Operational,6512,4,,,,,%SystemRoot%\System32\dsregcmd.exe,16384,8716,,,,,\Microsoft\Windows\Workplace Join\Automatic-Device-Join,,,CreatedTaskProcess
2026-05-23T13:34:31.098274Z,100,dc.scaffold.htb,Microsoft-Windows-TaskScheduler,Microsoft-Windows-TaskScheduler/Operational,6513,4,,,E7CA527E-DB28-4E79-89B6-9FAF49B5A26E,,,,,,,,,\Microsoft\Windows\Workplace Join\Automatic-Device-Join,NT AUTHORITY\SYSTEM,,TaskStartEvent
2026-05-23T13:34:31.098277Z,200,dc.scaffold.htb,Microsoft-Windows-TaskScheduler,Microsoft-Windows-TaskScheduler/Operational,6514,4,%SystemRoot%\System32\dsregcmd.exe,8716,,,,,,,,,E7CA527E-DB28-4E79-89B6-9FAF49B5A26E,\Microsoft\Windows\Workplace Join\Automatic-Device-Join,,,ActionStart
2026-05-23T13:34:31.179449Z,201,dc.scaffold.htb,Microsoft-Windows-TaskScheduler,Microsoft-Windows-TaskScheduler/Operational,6515,4,%SystemRoot%\System32\dsregcmd.exe,8716,,,,,,,2147942401,,E7CA527E-DB28-4E79-89B6-9FAF49B5A26E,\Microsoft\Windows\Workplace Join\Automatic-Device-Join,,,ActionSuccess
2026-05-23T13:34:31.179536Z,102,dc.scaffold.htb,Microsoft-Windows-TaskScheduler,Microsoft-Windows-TaskScheduler/Operational,6516,4,,,E7CA527E-DB28-4E79-89B6-9FAF49B5A26E,,,,,,,,,\Microsoft\Windows\Workplace Join\Automatic-Device-Join,NT AUTHORITY\SYSTEM,,TaskSuccessEvent
2026-05-23T13:34:35.725376Z,202,dc.scaffold.htb,Microsoft-Windows-TaskScheduler,Microsoft-Windows-TaskScheduler/Operational,6517,2,Sync Language Data From Cloud Task,8720,,,,,,,2147746053,,2C118495-7E76-45B4-A907-59B028EADD80,\Microsoft\Windows\International\Synchronize Language Settings,,,ActionFailure
2026-05-23T13:34:35.725380Z,103,dc.scaffold.htb,Microsoft-Windows-TaskScheduler,Microsoft-Windows-TaskScheduler/Operational,6518,2,,,2C118495-7E76-45B4-A907-59B028EADD80,,,,,,2147746053,,,\Microsoft\Windows\International\Synchronize Language Settings,SCAFFOLD\Administrator,,TaskFailureEvent
2026-05-23T13:35:06.062507Z,140,dc.scaffold.htb,Microsoft-Windows-TaskScheduler,Microsoft-Windows-TaskScheduler/Operational,6519,4,,,,,,,,,,,,\Microsoft\Windows\UpdateOrchestrator\Schedule Scan,,S-1-5-18,TaskUpdated
2026-05-23T13:35:06.091687Z,140,dc.scaffold.htb,Microsoft-Windows-TaskScheduler,Microsoft-Windows-TaskScheduler/Operational,6520,4,,,,,,,,,,,,\Microsoft\Windows\UpdateOrchestrator\Schedule Scan,,SCAFFOLD\DC$,TaskUpdated
2026-05-23T13:35:24.458978Z,118,dc.scaffold.htb,Microsoft-Windows-TaskScheduler,Microsoft-Windows-TaskScheduler/Operational,6521,4,,,C45BDE9E-B010-42F4-8F38-A2D005A1A3B5,,,,,,,,,\Microsoft\Windows\Windows Error Reporting\QueueReporting,,,BootTrigger
2026-05-23T13:35:24.463799Z,129,dc.scaffold.htb,Microsoft-Windows-TaskScheduler,Microsoft-Windows-TaskScheduler/Operational,6522,4,,,,,taskhostw.exe,16384,8940,,,,,\Microsoft\Windows\Flighting\FeatureConfig\ReconcileFeatures,,,CreatedTaskProcess
2026-05-23T13:35:24.464062Z,100,dc.scaffold.htb,Microsoft-Windows-TaskScheduler,Microsoft-Windows-TaskScheduler/Operational,6523,4,,,01B21663-3CBD-4E37-A30A-D2FA219AB26D,,,,,,,,,\Microsoft\Windows\Flighting\FeatureConfig\ReconcileFeatures,NT AUTHORITY\SYSTEM,,TaskStartEvent
2026-05-23T13:35:24.464064Z,200,dc.scaffold.htb,Microsoft-Windows-TaskScheduler,Microsoft-Windows-TaskScheduler/Operational,6524,4,Feature Configuration Reconciliation Task Handler,8940,,,,,,,,,01B21663-3CBD-4E37-A30A-D2FA219AB26D,\Microsoft\Windows\Flighting\FeatureConfig\ReconcileFeatures,,,ActionStart
2026-05-23T13:35:24.473926Z,129,dc.scaffold.htb,Microsoft-Windows-TaskScheduler,Microsoft-Windows-TaskScheduler/Operational,6525,4,,,,,%windir%\system32\wermgr.exe,16384,8744,,,,,\Microsoft\Windows\Windows Error Reporting\QueueReporting,,,CreatedTaskProcess
2026-05-23T13:35:24.474142Z,100,dc.scaffold.htb,Microsoft-Windows-TaskScheduler,Microsoft-Windows-TaskScheduler/Operational,6526,4,,,C45BDE9E-B010-42F4-8F38-A2D005A1A3B5,,,,,,,,,\Microsoft\Windows\Windows Error Reporting\QueueReporting,NT AUTHORITY\SYSTEM,,TaskStartEvent
2026-05-23T13:35:24.474145Z,200,dc.scaffold.htb,Microsoft-Windows-TaskScheduler,Microsoft-Windows-TaskScheduler/Operational,6527,4,%windir%\system32\wermgr.exe,8744,,,,,,,,,C45BDE9E-B010-42F4-8F38-A2D005A1A3B5,\Microsoft\Windows\Windows Error Reporting\QueueReporting,,,ActionStart
2026-05-23T13:35:24.530005Z,201,dc.scaffold.htb,Microsoft-Windows-TaskScheduler,Microsoft-Windows-TaskScheduler/Operational,6528,4,Feature Configuration Reconciliation Task Handler,8940,,,,,,,0,,01B21663-3CBD-4E37-A30A-D2FA219AB26D,\Microsoft\Windows\Flighting\FeatureConfig\ReconcileFeatures,,,ActionSuccess
2026-05-23T13:35:24.530006Z,102,dc.scaffold.htb,Microsoft-Windows-TaskScheduler,Microsoft-Windows-TaskScheduler/Operational,6529,4,,,01B21663-3CBD-4E37-A30A-D2FA219AB26D,,,,,,,,,\Microsoft\Windows\Flighting\FeatureConfig\ReconcileFeatures,NT AUTHORITY\SYSTEM,,TaskSuccessEvent
2026-05-23T13:35:24.550653Z,201,dc.scaffold.htb,Microsoft-Windows-TaskScheduler,Microsoft-Windows-TaskScheduler/Operational,6530,4,%windir%\system32\wermgr.exe,8744,,,,,,,0,,C45BDE9E-B010-42F4-8F38-A2D005A1A3B5,\Microsoft\Windows\Windows Error Reporting\QueueReporting,,,ActionSuccess
2026-05-23T13:35:24.550753Z,102,dc.scaffold.htb,Microsoft-Windows-TaskScheduler,Microsoft-Windows-TaskScheduler/Operational,6531,4,,,C45BDE9E-B010-42F4-8F38-A2D005A1A3B5,,,,,,,,,\Microsoft\Windows\Windows Error Reporting\QueueReporting,NT AUTHORITY\SYSTEM,,TaskSuccessEvent
2026-05-23T13:35:33.417921Z,140,dc.scaffold.htb,Microsoft-Windows-TaskScheduler,Microsoft-Windows-TaskScheduler/Operational,6532,4,,,,,,,,,,,,\Microsoft\Windows\SoftwareProtectionPlatform\SvcRestartTask,,SCAFFOLD\DC$,TaskUpdated
2026-05-23T13:39:23.526642Z,107,dc.scaffold.htb,Microsoft-Windows-TaskScheduler,Microsoft-Windows-TaskScheduler/Operational,6533,4,,,C13DD58F-F6CB-46A7-829B-6694C9C8193C,,,,,,,,,\MicrosoftEdgeUpdateTaskMachineUA,,,TimeTriggerEvent
2026-05-23T13:39:23.531841Z,129,dc.scaffold.htb,Microsoft-Windows-TaskScheduler,Microsoft-Windows-TaskScheduler/Operational,6534,4,,,,,C:\Program Files (x86)\Microsoft\EdgeUpdate\MicrosoftEdgeUpdate.exe,32,1352,,,,,\MicrosoftEdgeUpdateTaskMachineUA,,,CreatedTaskProcess
2026-05-23T13:39:23.532295Z,100,dc.scaffold.htb,Microsoft-Windows-TaskScheduler,Microsoft-Windows-TaskScheduler/Operational,6535,4,,,C13DD58F-F6CB-46A7-829B-6694C9C8193C,,,,,,,,,\MicrosoftEdgeUpdateTaskMachineUA,NT AUTHORITY\SYSTEM,,TaskStartEvent
2026-05-23T13:39:23.532299Z,200,dc.scaffold.htb,Microsoft-Windows-TaskScheduler,Microsoft-Windows-TaskScheduler/Operational,6536,4,C:\Program Files (x86)\Microsoft\EdgeUpdate\MicrosoftEdgeUpdate.exe,1352,,,,,,,,,C13DD58F-F6CB-46A7-829B-6694C9C8193C,\MicrosoftEdgeUpdateTaskMachineUA,,,ActionStart
2026-05-23T13:39:23.571992Z,201,dc.scaffold.htb,Microsoft-Windows-TaskScheduler,Microsoft-Windows-TaskScheduler/Operational,6537,4,C:\Program Files (x86)\Microsoft\EdgeUpdate\MicrosoftEdgeUpdate.exe,1352,,,,,,,0,,C13DD58F-F6CB-46A7-829B-6694C9C8193C,\MicrosoftEdgeUpdateTaskMachineUA,,,ActionSuccess
2026-05-23T13:39:23.572086Z,102,dc.scaffold.htb,Microsoft-Windows-TaskScheduler,Microsoft-Windows-TaskScheduler/Operational,6538,4,,,C13DD58F-F6CB-46A7-829B-6694C9C8193C,,,,,,,,,\MicrosoftEdgeUpdateTaskMachineUA,NT AUTHORITY\SYSTEM,,TaskSuccessEvent
2026-05-23T13:43:02.410069Z,141,dc.scaffold.htb,Microsoft-Windows-TaskScheduler,Microsoft-Windows-TaskScheduler/Operational,6539,4,,,,,,,,,,,,\Microsoft\Windows\Windows Defender\Windows Defender Scheduled Scan,,NT AUTHORITY\System,TaskDeleted
2026-05-23T13:43:02.416490Z,106,dc.scaffold.htb,Microsoft-Windows-TaskScheduler,Microsoft-Windows-TaskScheduler/Operational,6540,4,,,,,,,,,,,,\Microsoft\Windows\Windows Defender\Windows Defender Scheduled Scan,SCAFFOLD\DC$,,TaskRegisteredEvent
2026-05-23T13:43:02.416491Z,140,dc.scaffold.htb,Microsoft-Windows-TaskScheduler,Microsoft-Windows-TaskScheduler/Operational,6541,4,,,,,,,,,,,,\Microsoft\Windows\Windows Defender\Windows Defender Scheduled Scan,,SCAFFOLD\DC$,TaskUpdated
2026-05-23T13:44:24.460133Z,119,dc.scaffold.htb,Microsoft-Windows-TaskScheduler,Microsoft-Windows-TaskScheduler/Operational,6542,4,,,E559A25D-FDE8-4E9A-9840-336797C25CCB,,,,,,,,,\Microsoft\Windows\Device Information\Device User,,SCAFFOLD\Administrator,LogonTrigger
2026-05-23T13:44:24.468591Z,129,dc.scaffold.htb,Microsoft-Windows-TaskScheduler,Microsoft-Windows-TaskScheduler/Operational,6543,4,,,,,%windir%\system32\devicecensus.exe,16384,4768,,,,,\Microsoft\Windows\Device Information\Device User,,,CreatedTaskProcess
2026-05-23T13:44:24.469012Z,100,dc.scaffold.htb,Microsoft-Windows-TaskScheduler,Microsoft-Windows-TaskScheduler/Operational,6544,4,,,E559A25D-FDE8-4E9A-9840-336797C25CCB,,,,,,,,,\Microsoft\Windows\Device Information\Device User,SCAFFOLD\Administrator,,TaskStartEvent
2026-05-23T13:44:24.469015Z,200,dc.scaffold.htb,Microsoft-Windows-TaskScheduler,Microsoft-Windows-TaskScheduler/Operational,6545,4,%windir%\system32\devicecensus.exe,4768,,,,,,,,,E559A25D-FDE8-4E9A-9840-336797C25CCB,\Microsoft\Windows\Device Information\Device User,,,ActionStart
2026-05-23T13:44:24.492458Z,201,dc.scaffold.htb,Microsoft-Windows-TaskScheduler,Microsoft-Windows-TaskScheduler/Operational,6546,4,%windir%\system32\devicecensus.exe,4768,,,,,,,0,,E559A25D-FDE8-4E9A-9840-336797C25CCB,\Microsoft\Windows\Device Information\Device User,,,ActionSuccess
2026-05-23T13:44:24.492820Z,102,dc.scaffold.htb,Microsoft-Windows-TaskScheduler,Microsoft-Windows-TaskScheduler/Operational,6547,4,,,E559A25D-FDE8-4E9A-9840-336797C25CCB,,,,,,,,,\Microsoft\Windows\Device Information\Device User,SCAFFOLD\Administrator,,TaskSuccessEvent
2026-05-23T13:46:13.253160Z,108,dc.scaffold.htb,Microsoft-Windows-TaskScheduler,Microsoft-Windows-TaskScheduler/Operational,6548,4,,,0DE0DABD-FA0E-4629-BB29-0211EF985DBA,,,,,,,,,\Microsoft\Windows\Workplace Join\Automatic-Device-Join,,,EventTriggerEvent
2026-05-23T13:46:13.256407Z,129,dc.scaffold.htb,Microsoft-Windows-TaskScheduler,Microsoft-Windows-TaskScheduler/Operational,6549,4,,,,,%SystemRoot%\System32\dsregcmd.exe,16384,4684,,,,,\Microsoft\Windows\Workplace Join\Automatic-Device-Join,,,CreatedTaskProcess
2026-05-23T13:46:13.256696Z,100,dc.scaffold.htb,Microsoft-Windows-TaskScheduler,Microsoft-Windows-TaskScheduler/Operational,6550,4,,,0DE0DABD-FA0E-4629-BB29-0211EF985DBA,,,,,,,,,\Microsoft\Windows\Workplace Join\Automatic-Device-Join,NT AUTHORITY\SYSTEM,,TaskStartEvent
2026-05-23T13:46:13.256700Z,200,dc.scaffold.htb,Microsoft-Windows-TaskScheduler,Microsoft-Windows-TaskScheduler/Operational,6551,4,%SystemRoot%\System32\dsregcmd.exe,4684,,,,,,,,,0DE0DABD-FA0E-4629-BB29-0211EF985DBA,\Microsoft\Windows\Workplace Join\Automatic-Device-Join,,,ActionStart
2026-05-23T13:46:13.323886Z,201,dc.scaffold.htb,Microsoft-Windows-TaskScheduler,Microsoft-Windows-TaskScheduler/Operational,6552,4,%SystemRoot%\System32\dsregcmd.exe,4684,,,,,,,2147942401,,0DE0DABD-FA0E-4629-BB29-0211EF985DBA,\Microsoft\Windows\Workplace Join\Automatic-Device-Join,,,ActionSuccess
2026-05-23T13:46:13.323969Z,102,dc.scaffold.htb,Microsoft-Windows-TaskScheduler,Microsoft-Windows-TaskScheduler/Operational,6553,4,,,0DE0DABD-FA0E-4629-BB29-0211EF985DBA,,,,,,,,,\Microsoft\Windows\Workplace Join\Automatic-Device-Join,NT AUTHORITY\SYSTEM,,TaskSuccessEvent
2026-05-23T13:54:20.155424Z,140,dc.scaffold.htb,Microsoft-Windows-TaskScheduler,Microsoft-Windows-TaskScheduler/Operational,6554,4,,,,,,,,,,,,\Microsoft\Windows\WindowsUpdate\Scheduled Start,,NT AUTHORITY\SYSTEM,TaskUpdated
2026-05-23T14:03:03.911404Z,140,dc.scaffold.htb,Microsoft-Windows-TaskScheduler,Microsoft-Windows-TaskScheduler/Operational,6555,4,,,,,,,,,,,,\Microsoft\Windows\SoftwareProtectionPlatform\SvcRestartTask,,SCAFFOLD\DC$,TaskUpdated
2026-05-23T14:12:15.331578Z,411,dc.scaffold.htb,Microsoft-Windows-TaskScheduler,Microsoft-Windows-TaskScheduler/Operational,6556,4,,,,TimeChangeSignaled,,,,,,,,,,,
2026-05-23T14:12:24.448460Z,118,dc.scaffold.htb,Microsoft-Windows-TaskScheduler,Microsoft-Windows-TaskScheduler/Operational,6557,4,,,5D39981D-2501-46E1-8E90-16A0DA8AD308,,,,,,,,,\Microsoft\Windows\Autochk\Proxy,,,BootTrigger
2026-05-23T14:12:24.452396Z,129,dc.scaffold.htb,Microsoft-Windows-TaskScheduler,Microsoft-Windows-TaskScheduler/Operational,6558,4,,,,,%windir%\system32\rundll32.exe,16384,2644,,,,,\Microsoft\Windows\Autochk\Proxy,,,CreatedTaskProcess
2026-05-23T14:12:24.452670Z,100,dc.scaffold.htb,Microsoft-Windows-TaskScheduler,Microsoft-Windows-TaskScheduler/Operational,6559,4,,,5D39981D-2501-46E1-8E90-16A0DA8AD308,,,,,,,,,\Microsoft\Windows\Autochk\Proxy,NT AUTHORITY\SYSTEM,,TaskStartEvent
2026-05-23T14:12:24.452673Z,200,dc.scaffold.htb,Microsoft-Windows-TaskScheduler,Microsoft-Windows-TaskScheduler/Operational,6560,4,%windir%\system32\rundll32.exe,2644,,,,,,,,,5D39981D-2501-46E1-8E90-16A0DA8AD308,\Microsoft\Windows\Autochk\Proxy,,,ActionStart
2026-05-23T14:12:24.488003Z,201,dc.scaffold.htb,Microsoft-Windows-TaskScheduler,Microsoft-Windows-TaskScheduler/Operational,6561,4,%windir%\system32\rundll32.exe,2644,,,,,,,0,,5D39981D-2501-46E1-8E90-16A0DA8AD308,\Microsoft\Windows\Autochk\Proxy,,,ActionSuccess
2026-05-23T14:12:24.488260Z,102,dc.scaffold.htb,Microsoft-Windows-TaskScheduler,Microsoft-Windows-TaskScheduler/Operational,6562,4,,,5D39981D-2501-46E1-8E90-16A0DA8AD308,,,,,,,,,\Microsoft\Windows\Autochk\Proxy,NT AUTHORITY\SYSTEM,,TaskSuccessEvent
2026-05-23T14:22:03.946195Z,140,dc.scaffold.htb,Microsoft-Windows-TaskScheduler,Microsoft-Windows-TaskScheduler/Operational,6563,4,,,,,,,,,,,,\Microsoft\Windows\WindowsUpdate\Scheduled Start,,NT AUTHORITY\SYSTEM,TaskUpdated
2026-05-23T14:32:40.386781Z,108,dc.scaffold.htb,Microsoft-Windows-TaskScheduler,Microsoft-Windows-TaskScheduler/Operational,6564,4,,,C53A1820-5208-4618-8740-94C003E95739,,,,,,,,,\Deploy-Engine-OnAudit,,,EventTriggerEvent
2026-05-23T14:32:40.398796Z,129,dc.scaffold.htb,Microsoft-Windows-TaskScheduler,Microsoft-Windows-TaskScheduler/Operational,6565,4,,,,,powershell.exe,16384,7792,,,,,\Deploy-Engine-OnAudit,,,CreatedTaskProcess
2026-05-23T14:32:40.399073Z,100,dc.scaffold.htb,Microsoft-Windows-TaskScheduler,Microsoft-Windows-TaskScheduler/Operational,6566,4,,,C53A1820-5208-4618-8740-94C003E95739,,,,,,,,,\Deploy-Engine-OnAudit,SCAFFOLD\Administrator,,TaskStartEvent
2026-05-23T14:32:40.399074Z,200,dc.scaffold.htb,Microsoft-Windows-TaskScheduler,Microsoft-Windows-TaskScheduler/Operational,6567,4,powershell.exe,7792,,,,,,,,,C53A1820-5208-4618-8740-94C003E95739,\Deploy-Engine-OnAudit,,,ActionStart
2026-05-23T14:32:40.467056Z,201,dc.scaffold.htb,Microsoft-Windows-TaskScheduler,Microsoft-Windows-TaskScheduler/Operational,6568,4,powershell.exe,7792,,,,,,,4294770688,,C53A1820-5208-4618-8740-94C003E95739,\Deploy-Engine-OnAudit,,,ActionSuccess
2026-05-23T14:32:40.467259Z,102,dc.scaffold.htb,Microsoft-Windows-TaskScheduler,Microsoft-Windows-TaskScheduler/Operational,6569,4,,,C53A1820-5208-4618-8740-94C003E95739,,,,,,,,,\Deploy-Engine-OnAudit,SCAFFOLD\Administrator,,TaskSuccessEvent
2026-05-23T14:33:24.735710Z,108,dc.scaffold.htb,Microsoft-Windows-TaskScheduler,Microsoft-Windows-TaskScheduler/Operational,6570,4,,,4A40043F-7A1D-4F1F-B6E8-8096A8F21BD2,,,,,,,,,\Deploy-Engine-OnAudit,,,EventTriggerEvent
2026-05-23T14:33:24.747902Z,129,dc.scaffold.htb,Microsoft-Windows-TaskScheduler,Microsoft-Windows-TaskScheduler/Operational,6571,4,,,,,powershell.exe,16384,1952,,,,,\Deploy-Engine-OnAudit,,,CreatedTaskProcess
2026-05-23T14:33:24.748177Z,100,dc.scaffold.htb,Microsoft-Windows-TaskScheduler,Microsoft-Windows-TaskScheduler/Operational,6572,4,,,4A40043F-7A1D-4F1F-B6E8-8096A8F21BD2,,,,,,,,,\Deploy-Engine-OnAudit,SCAFFOLD\Administrator,,TaskStartEvent
2026-05-23T14:33:24.748179Z,200,dc.scaffold.htb,Microsoft-Windows-TaskScheduler,Microsoft-Windows-TaskScheduler/Operational,6573,4,powershell.exe,1952,,,,,,,,,4A40043F-7A1D-4F1F-B6E8-8096A8F21BD2,\Deploy-Engine-OnAudit,,,ActionStart
2026-05-23T14:33:24.821715Z,201,dc.scaffold.htb,Microsoft-Windows-TaskScheduler,Microsoft-Windows-TaskScheduler/Operational,6574,4,powershell.exe,1952,,,,,,,4294770688,,4A40043F-7A1D-4F1F-B6E8-8096A8F21BD2,\Deploy-Engine-OnAudit,,,ActionSuccess
2026-05-23T14:33:24.821975Z,102,dc.scaffold.htb,Microsoft-Windows-TaskScheduler,Microsoft-Windows-TaskScheduler/Operational,6575,4,,,4A40043F-7A1D-4F1F-B6E8-8096A8F21BD2,,,,,,,,,\Deploy-Engine-OnAudit,SCAFFOLD\Administrator,,TaskSuccessEvent
2026-05-23T14:39:23.302380Z,107,dc.scaffold.htb,Microsoft-Windows-TaskScheduler,Microsoft-Windows-TaskScheduler/Operational,6576,4,,,0A112E76-AEDB-4673-A269-FD9921E5A52A,,,,,,,,,\MicrosoftEdgeUpdateTaskMachineUA,,,TimeTriggerEvent
2026-05-23T14:39:23.307103Z,129,dc.scaffold.htb,Microsoft-Windows-TaskScheduler,Microsoft-Windows-TaskScheduler/Operational,6577,4,,,,,C:\Program Files (x86)\Microsoft\EdgeUpdate\MicrosoftEdgeUpdate.exe,32,8920,,,,,\MicrosoftEdgeUpdateTaskMachineUA,,,CreatedTaskProcess
2026-05-23T14:39:23.307599Z,100,dc.scaffold.htb,Microsoft-Windows-TaskScheduler,Microsoft-Windows-TaskScheduler/Operational,6578,4,,,0A112E76-AEDB-4673-A269-FD9921E5A52A,,,,,,,,,\MicrosoftEdgeUpdateTaskMachineUA,NT AUTHORITY\SYSTEM,,TaskStartEvent
2026-05-23T14:39:23.307602Z,200,dc.scaffold.htb,Microsoft-Windows-TaskScheduler,Microsoft-Windows-TaskScheduler/Operational,6579,4,C:\Program Files (x86)\Microsoft\EdgeUpdate\MicrosoftEdgeUpdate.exe,8920,,,,,,,,,0A112E76-AEDB-4673-A269-FD9921E5A52A,\MicrosoftEdgeUpdateTaskMachineUA,,,ActionStart
2026-05-23T14:39:23.366879Z,201,dc.scaffold.htb,Microsoft-Windows-TaskScheduler,Microsoft-Windows-TaskScheduler/Operational,6580,4,C:\Program Files (x86)\Microsoft\EdgeUpdate\MicrosoftEdgeUpdate.exe,8920,,,,,,,0,,0A112E76-AEDB-4673-A269-FD9921E5A52A,\MicrosoftEdgeUpdateTaskMachineUA,,,ActionSuccess
2026-05-23T14:39:23.366986Z,102,dc.scaffold.htb,Microsoft-Windows-TaskScheduler,Microsoft-Windows-TaskScheduler/Operational,6581,4,,,0A112E76-AEDB-4673-A269-FD9921E5A52A,,,,,,,,,\MicrosoftEdgeUpdateTaskMachineUA,NT AUTHORITY\SYSTEM,,TaskSuccessEvent
2026-05-23T14:39:23.505244Z,107,dc.scaffold.htb,Microsoft-Windows-TaskScheduler,Microsoft-Windows-TaskScheduler/Operational,6582,4,,,AAA99C6F-A7F9-44F3-84CD-8A3A8C212544,,,,,,,,,\MicrosoftEdgeUpdateTaskMachineUA,,,TimeTriggerEvent
2026-05-23T14:39:23.509473Z,129,dc.scaffold.htb,Microsoft-Windows-TaskScheduler,Microsoft-Windows-TaskScheduler/Operational,6583,4,,,,,C:\Program Files (x86)\Microsoft\EdgeUpdate\MicrosoftEdgeUpdate.exe,32,5472,,,,,\MicrosoftEdgeUpdateTaskMachineUA,,,CreatedTaskProcess
2026-05-23T14:39:23.509728Z,100,dc.scaffold.htb,Microsoft-Windows-TaskScheduler,Microsoft-Windows-TaskScheduler/Operational,6584,4,,,AAA99C6F-A7F9-44F3-84CD-8A3A8C212544,,,,,,,,,\MicrosoftEdgeUpdateTaskMachineUA,NT AUTHORITY\SYSTEM,,TaskStartEvent
2026-05-23T14:39:23.509731Z,200,dc.scaffold.htb,Microsoft-Windows-TaskScheduler,Microsoft-Windows-TaskScheduler/Operational,6585,4,C:\Program Files (x86)\Microsoft\EdgeUpdate\MicrosoftEdgeUpdate.exe,5472,,,,,,,,,AAA99C6F-A7F9-44F3-84CD-8A3A8C212544,\MicrosoftEdgeUpdateTaskMachineUA,,,ActionStart
2026-05-23T14:39:23.587251Z,201,dc.scaffold.htb,Microsoft-Windows-TaskScheduler,Microsoft-Windows-TaskScheduler/Operational,6586,4,C:\Program Files (x86)\Microsoft\EdgeUpdate\MicrosoftEdgeUpdate.exe,5472,,,,,,,0,,AAA99C6F-A7F9-44F3-84CD-8A3A8C212544,\MicrosoftEdgeUpdateTaskMachineUA,,,ActionSuccess
2026-05-23T14:39:23.587379Z,102,dc.scaffold.htb,Microsoft-Windows-TaskScheduler,Microsoft-Windows-TaskScheduler/Operational,6587,4,,,AAA99C6F-A7F9-44F3-84CD-8A3A8C212544,,,,,,,,,\MicrosoftEdgeUpdateTaskMachineUA,NT AUTHORITY\SYSTEM,,TaskSuccessEvent
2026-05-23T14:41:21.096524Z,140,dc.scaffold.htb,Microsoft-Windows-TaskScheduler,Microsoft-Windows-TaskScheduler/Operational,6588,4,,,,,,,,,,,,\Microsoft\Windows\SoftwareProtectionPlatform\SvcRestartTask,,SCAFFOLD\DC$,TaskUpdated
2026-05-23T14:46:13.764782Z,108,dc.scaffold.htb,Microsoft-Windows-TaskScheduler,Microsoft-Windows-TaskScheduler/Operational,6589,4,,,C83FB0E2-8332-4B7F-8633-0C6C453D58CD,,,,,,,,,\Microsoft\Windows\Workplace Join\Automatic-Device-Join,,,EventTriggerEvent
2026-05-23T14:46:13.770071Z,129,dc.scaffold.htb,Microsoft-Windows-TaskScheduler,Microsoft-Windows-TaskScheduler/Operational,6590,4,,,,,%SystemRoot%\System32\dsregcmd.exe,16384,8444,,,,,\Microsoft\Windows\Workplace Join\Automatic-Device-Join,,,CreatedTaskProcess
2026-05-23T14:46:13.771823Z,100,dc.scaffold.htb,Microsoft-Windows-TaskScheduler,Microsoft-Windows-TaskScheduler/Operational,6591,4,,,C83FB0E2-8332-4B7F-8633-0C6C453D58CD,,,,,,,,,\Microsoft\Windows\Workplace Join\Automatic-Device-Join,NT AUTHORITY\SYSTEM,,TaskStartEvent
2026-05-23T14:46:13.771826Z,200,dc.scaffold.htb,Microsoft-Windows-TaskScheduler,Microsoft-Windows-TaskScheduler/Operational,6592,4,%SystemRoot%\System32\dsregcmd.exe,8444,,,,,,,,,C83FB0E2-8332-4B7F-8633-0C6C453D58CD,\Microsoft\Windows\Workplace Join\Automatic-Device-Join,,,ActionStart
2026-05-23T14:46:13.833334Z,201,dc.scaffold.htb,Microsoft-Windows-TaskScheduler,Microsoft-Windows-TaskScheduler/Operational,6593,4,%SystemRoot%\System32\dsregcmd.exe,8444,,,,,,,2147942401,,C83FB0E2-8332-4B7F-8633-0C6C453D58CD,\Microsoft\Windows\Workplace Join\Automatic-Device-Join,,,ActionSuccess
2026-05-23T14:46:13.833582Z,102,dc.scaffold.htb,Microsoft-Windows-TaskScheduler,Microsoft-Windows-TaskScheduler/Operational,6594,4,,,C83FB0E2-8332-4B7F-8633-0C6C453D58CD,,,,,,,,,\Microsoft\Windows\Workplace Join\Automatic-Device-Join,NT AUTHORITY\SYSTEM,,TaskSuccessEvent
2026-05-23T14:53:05.309615Z,107,dc.scaffold.htb,Microsoft-Windows-TaskScheduler,Microsoft-Windows-TaskScheduler/Operational,6595,4,,,6905C480-473A-444B-B1C0-ED520DA0C867,,,,,,,,,\Microsoft\Windows\Flighting\OneSettings\RefreshCache,,,TimeTriggerEvent
2026-05-23T14:53:05.313072Z,129,dc.scaffold.htb,Microsoft-Windows-TaskScheduler,Microsoft-Windows-TaskScheduler/Operational,6596,4,,,,,taskhostw.exe,16384,3512,,,,,\Microsoft\Windows\Flighting\OneSettings\RefreshCache,,,CreatedTaskProcess
2026-05-23T14:53:05.313722Z,100,dc.scaffold.htb,Microsoft-Windows-TaskScheduler,Microsoft-Windows-TaskScheduler/Operational,6597,4,,,6905C480-473A-444B-B1C0-ED520DA0C867,,,,,,,,,\Microsoft\Windows\Flighting\OneSettings\RefreshCache,NT AUTHORITY\SYSTEM,,TaskStartEvent
2026-05-23T14:53:05.313726Z,200,dc.scaffold.htb,Microsoft-Windows-TaskScheduler,Microsoft-Windows-TaskScheduler/Operational,6598,4,OneSettings Refresh Cache Task Handler,3512,,,,,,,,,6905C480-473A-444B-B1C0-ED520DA0C867,\Microsoft\Windows\Flighting\OneSettings\RefreshCache,,,ActionStart
2026-05-23T14:53:14.952366Z,202,dc.scaffold.htb,Microsoft-Windows-TaskScheduler,Microsoft-Windows-TaskScheduler/Operational,6599,2,OneSettings Refresh Cache Task Handler,3512,,,,,,,2147954407,,6905C480-473A-444B-B1C0-ED520DA0C867,\Microsoft\Windows\Flighting\OneSettings\RefreshCache,,,ActionFailure
2026-05-23T14:53:14.952367Z,103,dc.scaffold.htb,Microsoft-Windows-TaskScheduler,Microsoft-Windows-TaskScheduler/Operational,6600,2,,,6905C480-473A-444B-B1C0-ED520DA0C867,,,,,,2147954407,,,\Microsoft\Windows\Flighting\OneSettings\RefreshCache,NT AUTHORITY\SYSTEM,,TaskFailureEvent
2026-05-23T15:00:09.053504Z,108,dc.scaffold.htb,Microsoft-Windows-TaskScheduler,Microsoft-Windows-TaskScheduler/Operational,6601,4,,,C1531955-E709-41ED-B763-47F2E29E81E8,,,,,,,,,\Deploy-Engine-OnAudit,,,EventTriggerEvent
2026-05-23T15:00:09.067496Z,129,dc.scaffold.htb,Microsoft-Windows-TaskScheduler,Microsoft-Windows-TaskScheduler/Operational,6602,4,,,,,powershell.exe,16384,8280,,,,,\Deploy-Engine-OnAudit,,,CreatedTaskProcess
2026-05-23T15:00:09.067836Z,100,dc.scaffold.htb,Microsoft-Windows-TaskScheduler,Microsoft-Windows-TaskScheduler/Operational,6603,4,,,C1531955-E709-41ED-B763-47F2E29E81E8,,,,,,,,,\Deploy-Engine-OnAudit,SCAFFOLD\Administrator,,TaskStartEvent
2026-05-23T15:00:09.067838Z,200,dc.scaffold.htb,Microsoft-Windows-TaskScheduler,Microsoft-Windows-TaskScheduler/Operational,6604,4,powershell.exe,8280,,,,,,,,,C1531955-E709-41ED-B763-47F2E29E81E8,\Deploy-Engine-OnAudit,,,ActionStart
