2026-05-14T18:55:28.379605Z,200,dc.scaffold.htb,Microsoft-Windows-TaskScheduler,Microsoft-Windows-TaskScheduler/Operational,939,4,Data Integrity Scan,1404,,,,,,,,,EF98F674-8232-44FB-9726-C9FC841E7178,\Microsoft\Windows\Data Integrity Scan\Data Integrity Check And Scan,,,ActionStart
2026-05-14T18:55:28.381179Z,114,dc.scaffold.htb,Microsoft-Windows-TaskScheduler,Microsoft-Windows-TaskScheduler/Operational,940,3,,,FB676443-9634-470D-9BED-19D84B6B3CF2,,,,,,,,,\MicrosoftEdgeUpdateTaskMachineUA,,,MissedTaskLaunched
2026-05-14T18:55:28.384052Z,129,dc.scaffold.htb,Microsoft-Windows-TaskScheduler,Microsoft-Windows-TaskScheduler/Operational,941,4,,,,,C:\Program Files (x86)\Microsoft\EdgeUpdate\MicrosoftEdgeUpdate.exe,32,5864,,,,,\MicrosoftEdgeUpdateTaskMachineUA,,,CreatedTaskProcess
2026-05-14T18:55:28.385049Z,129,dc.scaffold.htb,Microsoft-Windows-TaskScheduler,Microsoft-Windows-TaskScheduler/Operational,942,4,,,,,%windir%\system32\compattelrunner.exe,16384,3948,,,,,\Microsoft\Windows\Application Experience\Microsoft Compatibility Appraiser,,,CreatedTaskProcess
2026-05-14T18:55:28.385081Z,129,dc.scaffold.htb,Microsoft-Windows-TaskScheduler,Microsoft-Windows-TaskScheduler/Operational,943,4,,,,,%windir%\system32\devicecensus.exe,16384,1716,,,,,\Microsoft\Windows\Device Information\Device,,,CreatedTaskProcess
2026-05-14T18:55:28.385258Z,100,dc.scaffold.htb,Microsoft-Windows-TaskScheduler,Microsoft-Windows-TaskScheduler/Operational,944,4,,,FB676443-9634-470D-9BED-19D84B6B3CF2,,,,,,,,,\MicrosoftEdgeUpdateTaskMachineUA,NT AUTHORITY\SYSTEM,,TaskStartEvent
2026-05-14T18:55:28.385260Z,200,dc.scaffold.htb,Microsoft-Windows-TaskScheduler,Microsoft-Windows-TaskScheduler/Operational,945,4,C:\Program Files (x86)\Microsoft\EdgeUpdate\MicrosoftEdgeUpdate.exe,5864,,,,,,,,,FB676443-9634-470D-9BED-19D84B6B3CF2,\MicrosoftEdgeUpdateTaskMachineUA,,,ActionStart
2026-05-14T18:55:28.385549Z,100,dc.scaffold.htb,Microsoft-Windows-TaskScheduler,Microsoft-Windows-TaskScheduler/Operational,946,4,,,F5594019-38AF-4D77-826C-B708963650C9,,,,,,,,,\Microsoft\Windows\Device Information\Device,NT AUTHORITY\SYSTEM,,TaskStartEvent
2026-05-14T18:55:28.385550Z,200,dc.scaffold.htb,Microsoft-Windows-TaskScheduler,Microsoft-Windows-TaskScheduler/Operational,947,4,%windir%\system32\devicecensus.exe,1716,,,,,,,,,F5594019-38AF-4D77-826C-B708963650C9,\Microsoft\Windows\Device Information\Device,,,ActionStart
2026-05-14T18:55:28.385562Z,100,dc.scaffold.htb,Microsoft-Windows-TaskScheduler,Microsoft-Windows-TaskScheduler/Operational,948,4,,,E23F755C-DCC3-480E-9F77-D6A0FC6B6C19,,,,,,,,,\Microsoft\Windows\Application Experience\Microsoft Compatibility Appraiser,NT AUTHORITY\SYSTEM,,TaskStartEvent
2026-05-14T18:55:28.385564Z,200,dc.scaffold.htb,Microsoft-Windows-TaskScheduler,Microsoft-Windows-TaskScheduler/Operational,949,4,%windir%\system32\compattelrunner.exe,3948,,,,,,,,,E23F755C-DCC3-480E-9F77-D6A0FC6B6C19,\Microsoft\Windows\Application Experience\Microsoft Compatibility Appraiser,,,ActionStart
2026-05-14T18:55:28.386247Z,114,dc.scaffold.htb,Microsoft-Windows-TaskScheduler,Microsoft-Windows-TaskScheduler/Operational,950,3,,,0C25C569-D981-4496-BCEF-AA83475CE7CB,,,,,,,,,\Microsoft\Windows\WindowsUpdate\Scheduled Start,,,MissedTaskLaunched
2026-05-14T18:55:28.387775Z,129,dc.scaffold.htb,Microsoft-Windows-TaskScheduler,Microsoft-Windows-TaskScheduler/Operational,951,4,,,,,%systemroot%\system32\MusNotification.exe,16384,1712,,,,,\Microsoft\Windows\UpdateOrchestrator\USO_UxBroker,,,CreatedTaskProcess
2026-05-14T18:55:28.388026Z,100,dc.scaffold.htb,Microsoft-Windows-TaskScheduler,Microsoft-Windows-TaskScheduler/Operational,952,4,,,5CF07251-174D-44DF-ADC6-BDBA18836B99,,,,,,,,,\Microsoft\Windows\UpdateOrchestrator\USO_UxBroker,NT AUTHORITY\SYSTEM,,TaskStartEvent
2026-05-14T18:55:28.388044Z,200,dc.scaffold.htb,Microsoft-Windows-TaskScheduler,Microsoft-Windows-TaskScheduler/Operational,953,4,%systemroot%\system32\MusNotification.exe,1712,,,,,,,,,5CF07251-174D-44DF-ADC6-BDBA18836B99,\Microsoft\Windows\UpdateOrchestrator\USO_UxBroker,,,ActionStart
2026-05-14T18:55:28.388586Z,114,dc.scaffold.htb,Microsoft-Windows-TaskScheduler,Microsoft-Windows-TaskScheduler/Operational,954,3,,,B7C60B45-1E5D-4C10-A5D3-6F877337833A,,,,,,,,,\Microsoft\Windows\Flighting\OneSettings\RefreshCache,,,MissedTaskLaunched
2026-05-14T18:55:28.388860Z,100,dc.scaffold.htb,Microsoft-Windows-TaskScheduler,Microsoft-Windows-TaskScheduler/Operational,955,4,,,B7C60B45-1E5D-4C10-A5D3-6F877337833A,,,,,,,,,\Microsoft\Windows\Flighting\OneSettings\RefreshCache,NT AUTHORITY\SYSTEM,,TaskStartEvent
2026-05-14T18:55:28.388863Z,200,dc.scaffold.htb,Microsoft-Windows-TaskScheduler,Microsoft-Windows-TaskScheduler/Operational,956,4,OneSettings Refresh Cache Task Handler,1404,,,,,,,,,B7C60B45-1E5D-4C10-A5D3-6F877337833A,\Microsoft\Windows\Flighting\OneSettings\RefreshCache,,,ActionStart
2026-05-14T18:55:28.389221Z,129,dc.scaffold.htb,Microsoft-Windows-TaskScheduler,Microsoft-Windows-TaskScheduler/Operational,957,4,,,,,%SystemRoot%\System32\wsqmcons.exe,16384,2036,,,,,\Microsoft\Windows\Customer Experience Improvement Program\Consolidator,,,CreatedTaskProcess
2026-05-14T18:55:28.389591Z,114,dc.scaffold.htb,Microsoft-Windows-TaskScheduler,Microsoft-Windows-TaskScheduler/Operational,958,3,,,66960547-634A-45CC-A243-259DA52E80EA,,,,,,,,,\Microsoft\Windows\Application Experience\PcaPatchDbTask,,,MissedTaskLaunched
2026-05-14T18:55:28.389662Z,100,dc.scaffold.htb,Microsoft-Windows-TaskScheduler,Microsoft-Windows-TaskScheduler/Operational,959,4,,,19D49213-D5FB-4AEE-B16A-521BFE790553,,,,,,,,,\Microsoft\Windows\Customer Experience Improvement Program\Consolidator,NT AUTHORITY\SYSTEM,,TaskStartEvent
2026-05-14T18:55:28.389666Z,200,dc.scaffold.htb,Microsoft-Windows-TaskScheduler,Microsoft-Windows-TaskScheduler/Operational,960,4,%SystemRoot%\System32\wsqmcons.exe,2036,,,,,,,,,19D49213-D5FB-4AEE-B16A-521BFE790553,\Microsoft\Windows\Customer Experience Improvement Program\Consolidator,,,ActionStart
2026-05-14T18:55:28.390058Z,129,dc.scaffold.htb,Microsoft-Windows-TaskScheduler,Microsoft-Windows-TaskScheduler/Operational,961,4,,,,,C:\Windows\system32\sc.exe,16384,1704,,,,,\Microsoft\Windows\WindowsUpdate\Scheduled Start,,,CreatedTaskProcess
2026-05-14T18:55:28.390215Z,100,dc.scaffold.htb,Microsoft-Windows-TaskScheduler,Microsoft-Windows-TaskScheduler/Operational,962,4,,,0C25C569-D981-4496-BCEF-AA83475CE7CB,,,,,,,,,\Microsoft\Windows\WindowsUpdate\Scheduled Start,NT AUTHORITY\SYSTEM,,TaskStartEvent
2026-05-14T18:55:28.390217Z,200,dc.scaffold.htb,Microsoft-Windows-TaskScheduler,Microsoft-Windows-TaskScheduler/Operational,963,4,C:\Windows\system32\sc.exe,1704,,,,,,,,,0C25C569-D981-4496-BCEF-AA83475CE7CB,\Microsoft\Windows\WindowsUpdate\Scheduled Start,,,ActionStart
2026-05-14T18:55:28.390649Z,114,dc.scaffold.htb,Microsoft-Windows-TaskScheduler,Microsoft-Windows-TaskScheduler/Operational,964,3,,,EF3A295C-0A67-4FCD-A7E6-437039102121,,,,,,,,,\Microsoft\Windows\UpdateOrchestrator\Schedule Scan,,,MissedTaskLaunched
2026-05-14T18:55:28.393267Z,129,dc.scaffold.htb,Microsoft-Windows-TaskScheduler,Microsoft-Windows-TaskScheduler/Operational,965,4,,,,,%systemroot%\system32\usoclient.exe,16384,1688,,,,,\Microsoft\Windows\UpdateOrchestrator\Schedule Scan,,,CreatedTaskProcess
2026-05-14T18:55:28.393450Z,100,dc.scaffold.htb,Microsoft-Windows-TaskScheduler,Microsoft-Windows-TaskScheduler/Operational,966,4,,,EF3A295C-0A67-4FCD-A7E6-437039102121,,,,,,,,,\Microsoft\Windows\UpdateOrchestrator\Schedule Scan,NT AUTHORITY\SYSTEM,,TaskStartEvent
2026-05-14T18:55:28.393451Z,200,dc.scaffold.htb,Microsoft-Windows-TaskScheduler,Microsoft-Windows-TaskScheduler/Operational,967,4,%systemroot%\system32\usoclient.exe,1688,,,,,,,,,EF3A295C-0A67-4FCD-A7E6-437039102121,\Microsoft\Windows\UpdateOrchestrator\Schedule Scan,,,ActionStart
2026-05-14T18:55:28.393650Z,129,dc.scaffold.htb,Microsoft-Windows-TaskScheduler,Microsoft-Windows-TaskScheduler/Operational,968,4,,,,,%windir%\system32\rundll32.exe,16384,2212,,,,,\Microsoft\Windows\Application Experience\PcaPatchDbTask,,,CreatedTaskProcess
2026-05-14T18:55:28.393764Z,100,dc.scaffold.htb,Microsoft-Windows-TaskScheduler,Microsoft-Windows-TaskScheduler/Operational,969,4,,,66960547-634A-45CC-A243-259DA52E80EA,,,,,,,,,\Microsoft\Windows\Application Experience\PcaPatchDbTask,NT AUTHORITY\SYSTEM,,TaskStartEvent
2026-05-14T18:55:28.393766Z,200,dc.scaffold.htb,Microsoft-Windows-TaskScheduler,Microsoft-Windows-TaskScheduler/Operational,970,4,%windir%\system32\rundll32.exe,2212,,,,,,,,,66960547-634A-45CC-A243-259DA52E80EA,\Microsoft\Windows\Application Experience\PcaPatchDbTask,,,ActionStart
2026-05-14T18:55:28.413628Z,201,dc.scaffold.htb,Microsoft-Windows-TaskScheduler,Microsoft-Windows-TaskScheduler/Operational,971,4,C:\Program Files (x86)\Microsoft\EdgeUpdate\MicrosoftEdgeUpdate.exe,2272,,,,,,,0,,C3894487-1DB9-4F9E-809C-5FB79FBF6E9D,\MicrosoftEdgeUpdateTaskMachineCore,,,ActionSuccess
2026-05-14T18:55:28.413785Z,102,dc.scaffold.htb,Microsoft-Windows-TaskScheduler,Microsoft-Windows-TaskScheduler/Operational,972,4,,,C3894487-1DB9-4F9E-809C-5FB79FBF6E9D,,,,,,,,,\MicrosoftEdgeUpdateTaskMachineCore,NT AUTHORITY\SYSTEM,,TaskSuccessEvent
2026-05-14T18:55:28.423997Z,201,dc.scaffold.htb,Microsoft-Windows-TaskScheduler,Microsoft-Windows-TaskScheduler/Operational,973,4,%SystemRoot%\System32\wsqmcons.exe,2036,,,,,,,0,,19D49213-D5FB-4AEE-B16A-521BFE790553,\Microsoft\Windows\Customer Experience Improvement Program\Consolidator,,,ActionSuccess
2026-05-14T18:55:28.424092Z,102,dc.scaffold.htb,Microsoft-Windows-TaskScheduler,Microsoft-Windows-TaskScheduler/Operational,974,4,,,19D49213-D5FB-4AEE-B16A-521BFE790553,,,,,,,,,\Microsoft\Windows\Customer Experience Improvement Program\Consolidator,NT AUTHORITY\SYSTEM,,TaskSuccessEvent
2026-05-14T18:55:28.446944Z,140,dc.scaffold.htb,Microsoft-Windows-TaskScheduler,Microsoft-Windows-TaskScheduler/Operational,975,4,,,,,,,,,,,,\Microsoft\Windows\Data Integrity Scan\Data Integrity Check And Scan,,SCAFFOLD\DC$,TaskUpdated
2026-05-14T18:55:28.449984Z,201,dc.scaffold.htb,Microsoft-Windows-TaskScheduler,Microsoft-Windows-TaskScheduler/Operational,976,4,%windir%\system32\wermgr.exe,1256,,,,,,,0,,EBD323DB-B1A5-457A-A5BA-A944CC738F06,\Microsoft\Windows\Windows Error Reporting\QueueReporting,,,ActionSuccess
2026-05-14T18:55:28.450094Z,102,dc.scaffold.htb,Microsoft-Windows-TaskScheduler,Microsoft-Windows-TaskScheduler/Operational,977,4,,,EBD323DB-B1A5-457A-A5BA-A944CC738F06,,,,,,,,,\Microsoft\Windows\Windows Error Reporting\QueueReporting,NT AUTHORITY\SYSTEM,,TaskSuccessEvent
2026-05-14T18:55:28.457358Z,140,dc.scaffold.htb,Microsoft-Windows-TaskScheduler,Microsoft-Windows-TaskScheduler/Operational,978,4,,,,,,,,,,,,\Microsoft\Windows\Data Integrity Scan\Data Integrity Check And Scan,,SCAFFOLD\DC$,TaskUpdated
2026-05-14T18:55:28.457783Z,201,dc.scaffold.htb,Microsoft-Windows-TaskScheduler,Microsoft-Windows-TaskScheduler/Operational,979,4,Data Integrity Scan,1404,,,,,,,0,,EF98F674-8232-44FB-9726-C9FC841E7178,\Microsoft\Windows\Data Integrity Scan\Data Integrity Check And Scan,,,ActionSuccess
2026-05-14T18:55:28.457784Z,102,dc.scaffold.htb,Microsoft-Windows-TaskScheduler,Microsoft-Windows-TaskScheduler/Operational,980,4,,,EF98F674-8232-44FB-9726-C9FC841E7178,,,,,,,,,\Microsoft\Windows\Data Integrity Scan\Data Integrity Check And Scan,NT AUTHORITY\SYSTEM,,TaskSuccessEvent
2026-05-14T18:55:28.489561Z,201,dc.scaffold.htb,Microsoft-Windows-TaskScheduler,Microsoft-Windows-TaskScheduler/Operational,981,4,C:\Windows\system32\sc.exe,1704,,,,,,,2147943456,,0C25C569-D981-4496-BCEF-AA83475CE7CB,\Microsoft\Windows\WindowsUpdate\Scheduled Start,,,ActionSuccess
2026-05-14T18:55:28.489655Z,102,dc.scaffold.htb,Microsoft-Windows-TaskScheduler,Microsoft-Windows-TaskScheduler/Operational,982,4,,,0C25C569-D981-4496-BCEF-AA83475CE7CB,,,,,,,,,\Microsoft\Windows\WindowsUpdate\Scheduled Start,NT AUTHORITY\SYSTEM,,TaskSuccessEvent
2026-05-14T18:55:28.504987Z,201,dc.scaffold.htb,Microsoft-Windows-TaskScheduler,Microsoft-Windows-TaskScheduler/Operational,983,4,%systemroot%\system32\usoclient.exe,1688,,,,,,,0,,EF3A295C-0A67-4FCD-A7E6-437039102121,\Microsoft\Windows\UpdateOrchestrator\Schedule Scan,,,ActionSuccess
2026-05-14T18:55:28.505080Z,102,dc.scaffold.htb,Microsoft-Windows-TaskScheduler,Microsoft-Windows-TaskScheduler/Operational,984,4,,,EF3A295C-0A67-4FCD-A7E6-437039102121,,,,,,,,,\Microsoft\Windows\UpdateOrchestrator\Schedule Scan,NT AUTHORITY\SYSTEM,,TaskSuccessEvent
2026-05-14T18:55:29.269905Z,201,dc.scaffold.htb,Microsoft-Windows-TaskScheduler,Microsoft-Windows-TaskScheduler/Operational,985,4,%systemroot%\system32\MusNotification.exe,1712,,,,,,,0,,5CF07251-174D-44DF-ADC6-BDBA18836B99,\Microsoft\Windows\UpdateOrchestrator\USO_UxBroker,,,ActionSuccess
2026-05-14T18:55:29.270239Z,102,dc.scaffold.htb,Microsoft-Windows-TaskScheduler,Microsoft-Windows-TaskScheduler/Operational,986,4,,,5CF07251-174D-44DF-ADC6-BDBA18836B99,,,,,,,,,\Microsoft\Windows\UpdateOrchestrator\USO_UxBroker,NT AUTHORITY\SYSTEM,,TaskSuccessEvent
2026-05-14T18:55:38.413669Z,202,dc.scaffold.htb,Microsoft-Windows-TaskScheduler,Microsoft-Windows-TaskScheduler/Operational,987,2,OneSettings Refresh Cache Task Handler,1404,,,,,,,2147954407,,B7C60B45-1E5D-4C10-A5D3-6F877337833A,\Microsoft\Windows\Flighting\OneSettings\RefreshCache,,,ActionFailure
2026-05-14T18:55:38.413671Z,103,dc.scaffold.htb,Microsoft-Windows-TaskScheduler,Microsoft-Windows-TaskScheduler/Operational,988,2,,,B7C60B45-1E5D-4C10-A5D3-6F877337833A,,,,,,2147954407,,,\Microsoft\Windows\Flighting\OneSettings\RefreshCache,NT AUTHORITY\SYSTEM,,TaskFailureEvent
2026-05-14T18:55:38.422766Z,201,dc.scaffold.htb,Microsoft-Windows-TaskScheduler,Microsoft-Windows-TaskScheduler/Operational,989,4,%windir%\system32\rundll32.exe,2212,,,,,,,0,,66960547-634A-45CC-A243-259DA52E80EA,\Microsoft\Windows\Application Experience\PcaPatchDbTask,,,ActionSuccess
2026-05-14T18:55:38.422910Z,102,dc.scaffold.htb,Microsoft-Windows-TaskScheduler,Microsoft-Windows-TaskScheduler/Operational,990,4,,,66960547-634A-45CC-A243-259DA52E80EA,,,,,,,,,\Microsoft\Windows\Application Experience\PcaPatchDbTask,NT AUTHORITY\SYSTEM,,TaskSuccessEvent
2026-05-14T18:55:38.448623Z,129,dc.scaffold.htb,Microsoft-Windows-TaskScheduler,Microsoft-Windows-TaskScheduler/Operational,991,4,,,,,taskhostw.exe,16384,3064,,,,,\Microsoft\Windows\Flighting\OneSettings\RefreshCache,,,CreatedTaskProcess
2026-05-14T18:55:38.448717Z,100,dc.scaffold.htb,Microsoft-Windows-TaskScheduler,Microsoft-Windows-TaskScheduler/Operational,992,4,,,A440C4A7-5C09-4BE6-B852-262093724E4A,,,,,,,,,\Microsoft\Windows\Flighting\OneSettings\RefreshCache,NT AUTHORITY\SYSTEM,,TaskStartEvent
2026-05-14T18:55:38.448718Z,200,dc.scaffold.htb,Microsoft-Windows-TaskScheduler,Microsoft-Windows-TaskScheduler/Operational,993,4,OneSettings Refresh Cache Task Handler,3064,,,,,,,,,A440C4A7-5C09-4BE6-B852-262093724E4A,\Microsoft\Windows\Flighting\OneSettings\RefreshCache,,,ActionStart
2026-05-14T18:55:38.456445Z,140,dc.scaffold.htb,Microsoft-Windows-TaskScheduler,Microsoft-Windows-TaskScheduler/Operational,994,4,,,,,,,,,,,,\Microsoft\Windows\UpdateOrchestrator\Schedule Scan,,S-1-5-18,TaskUpdated
2026-05-14T18:55:38.479435Z,140,dc.scaffold.htb,Microsoft-Windows-TaskScheduler,Microsoft-Windows-TaskScheduler/Operational,995,4,,,,,,,,,,,,\Microsoft\Windows\UpdateOrchestrator\Schedule Scan,,SCAFFOLD\DC$,TaskUpdated
2026-05-14T18:55:38.493211Z,202,dc.scaffold.htb,Microsoft-Windows-TaskScheduler,Microsoft-Windows-TaskScheduler/Operational,996,2,OneSettings Refresh Cache Task Handler,3064,,,,,,,2147954407,,A440C4A7-5C09-4BE6-B852-262093724E4A,\Microsoft\Windows\Flighting\OneSettings\RefreshCache,,,ActionFailure
2026-05-14T18:55:38.493212Z,103,dc.scaffold.htb,Microsoft-Windows-TaskScheduler,Microsoft-Windows-TaskScheduler/Operational,997,2,,,A440C4A7-5C09-4BE6-B852-262093724E4A,,,,,,2147954407,,,\Microsoft\Windows\Flighting\OneSettings\RefreshCache,NT AUTHORITY\SYSTEM,,TaskFailureEvent
2026-05-14T18:55:39.139462Z,140,dc.scaffold.htb,Microsoft-Windows-TaskScheduler,Microsoft-Windows-TaskScheduler/Operational,998,4,,,,,,,,,,,,\Microsoft\Windows\Device Information\Device,,SCAFFOLD\DC$,TaskUpdated
2026-05-14T18:55:39.141748Z,140,dc.scaffold.htb,Microsoft-Windows-TaskScheduler,Microsoft-Windows-TaskScheduler/Operational,999,4,,,,,,,,,,,,\Microsoft\Windows\Device Information\Device,,SCAFFOLD\DC$,TaskUpdated
2026-05-14T18:55:39.145388Z,201,dc.scaffold.htb,Microsoft-Windows-TaskScheduler,Microsoft-Windows-TaskScheduler/Operational,1000,4,%windir%\system32\devicecensus.exe,1716,,,,,,,0,,F5594019-38AF-4D77-826C-B708963650C9,\Microsoft\Windows\Device Information\Device,,,ActionSuccess
2026-05-14T18:55:39.145530Z,102,dc.scaffold.htb,Microsoft-Windows-TaskScheduler,Microsoft-Windows-TaskScheduler/Operational,1001,4,,,F5594019-38AF-4D77-826C-B708963650C9,,,,,,,,,\Microsoft\Windows\Device Information\Device,NT AUTHORITY\SYSTEM,,TaskSuccessEvent
2026-05-14T18:56:09.030205Z,140,dc.scaffold.htb,Microsoft-Windows-TaskScheduler,Microsoft-Windows-TaskScheduler/Operational,1002,4,,,,,,,,,,,,\Microsoft\Windows\SoftwareProtectionPlatform\SvcRestartTask,,SCAFFOLD\DC$,TaskUpdated
2026-05-14T18:56:11.240082Z,201,dc.scaffold.htb,Microsoft-Windows-TaskScheduler,Microsoft-Windows-TaskScheduler/Operational,1003,4,C:\Program Files (x86)\Microsoft\EdgeUpdate\MicrosoftEdgeUpdate.exe,5864,,,,,,,0,,FB676443-9634-470D-9BED-19D84B6B3CF2,\MicrosoftEdgeUpdateTaskMachineUA,,,ActionSuccess
2026-05-14T18:56:11.240235Z,102,dc.scaffold.htb,Microsoft-Windows-TaskScheduler,Microsoft-Windows-TaskScheduler/Operational,1004,4,,,FB676443-9634-470D-9BED-19D84B6B3CF2,,,,,,,,,\MicrosoftEdgeUpdateTaskMachineUA,NT AUTHORITY\SYSTEM,,TaskSuccessEvent
2026-05-14T19:00:01.033432Z,107,dc.scaffold.htb,Microsoft-Windows-TaskScheduler,Microsoft-Windows-TaskScheduler/Operational,1005,4,,,1DB454EB-C80C-4304-9FE1-8894B20E352D,,,,,,,,,\Microsoft\Windows\Customer Experience Improvement Program\Consolidator,,,TimeTriggerEvent
2026-05-14T19:00:01.038686Z,129,dc.scaffold.htb,Microsoft-Windows-TaskScheduler,Microsoft-Windows-TaskScheduler/Operational,1006,4,,,,,%SystemRoot%\System32\wsqmcons.exe,16384,6176,,,,,\Microsoft\Windows\Customer Experience Improvement Program\Consolidator,,,CreatedTaskProcess
2026-05-14T19:00:01.039418Z,100,dc.scaffold.htb,Microsoft-Windows-TaskScheduler,Microsoft-Windows-TaskScheduler/Operational,1007,4,,,1DB454EB-C80C-4304-9FE1-8894B20E352D,,,,,,,,,\Microsoft\Windows\Customer Experience Improvement Program\Consolidator,NT AUTHORITY\SYSTEM,,TaskStartEvent
2026-05-14T19:00:01.039421Z,200,dc.scaffold.htb,Microsoft-Windows-TaskScheduler,Microsoft-Windows-TaskScheduler/Operational,1008,4,%SystemRoot%\System32\wsqmcons.exe,6176,,,,,,,,,1DB454EB-C80C-4304-9FE1-8894B20E352D,\Microsoft\Windows\Customer Experience Improvement Program\Consolidator,,,ActionStart
2026-05-14T19:00:01.053940Z,201,dc.scaffold.htb,Microsoft-Windows-TaskScheduler,Microsoft-Windows-TaskScheduler/Operational,1009,4,%SystemRoot%\System32\wsqmcons.exe,6176,,,,,,,0,,1DB454EB-C80C-4304-9FE1-8894B20E352D,\Microsoft\Windows\Customer Experience Improvement Program\Consolidator,,,ActionSuccess
2026-05-14T19:00:01.054670Z,102,dc.scaffold.htb,Microsoft-Windows-TaskScheduler,Microsoft-Windows-TaskScheduler/Operational,1010,4,,,1DB454EB-C80C-4304-9FE1-8894B20E352D,,,,,,,,,\Microsoft\Windows\Customer Experience Improvement Program\Consolidator,NT AUTHORITY\SYSTEM,,TaskSuccessEvent
2026-05-14T19:02:19.003491Z,141,dc.scaffold.htb,Microsoft-Windows-TaskScheduler,Microsoft-Windows-TaskScheduler/Operational,1011,4,,,,,,,,,,,,\Microsoft\Windows\Windows Defender\Windows Defender Scheduled Scan,,NT AUTHORITY\System,TaskDeleted
2026-05-14T19:02:19.007588Z,106,dc.scaffold.htb,Microsoft-Windows-TaskScheduler,Microsoft-Windows-TaskScheduler/Operational,1012,4,,,,,,,,,,,,\Microsoft\Windows\Windows Defender\Windows Defender Scheduled Scan,SCAFFOLD\DC$,,TaskRegisteredEvent
2026-05-14T19:02:19.007589Z,140,dc.scaffold.htb,Microsoft-Windows-TaskScheduler,Microsoft-Windows-TaskScheduler/Operational,1013,4,,,,,,,,,,,,\Microsoft\Windows\Windows Defender\Windows Defender Scheduled Scan,,SCAFFOLD\DC$,TaskUpdated
2026-05-14T19:03:44.586789Z,129,dc.scaffold.htb,Microsoft-Windows-TaskScheduler,Microsoft-Windows-TaskScheduler/Operational,1014,4,,,,,%windir%\system32\cleanmgr.exe,16384,2068,,,,,\Microsoft\Windows\DiskCleanup\SilentCleanup,,,CreatedTaskProcess
2026-05-14T19:03:44.587063Z,100,dc.scaffold.htb,Microsoft-Windows-TaskScheduler,Microsoft-Windows-TaskScheduler/Operational,1015,4,,,3D515112-69C2-4AC8-804F-D4B478383578,,,,,,,,,\Microsoft\Windows\DiskCleanup\SilentCleanup,SCAFFOLD\Administrator,,TaskStartEvent
2026-05-14T19:03:44.587065Z,200,dc.scaffold.htb,Microsoft-Windows-TaskScheduler,Microsoft-Windows-TaskScheduler/Operational,1016,4,%windir%\system32\cleanmgr.exe,2068,,,,,,,,,3D515112-69C2-4AC8-804F-D4B478383578,\Microsoft\Windows\DiskCleanup\SilentCleanup,,,ActionStart
2026-05-14T19:03:44.587172Z,110,dc.scaffold.htb,Microsoft-Windows-TaskScheduler,Microsoft-Windows-TaskScheduler/Operational,1017,4,,,97A289AA-8A3F-4C44-A062-7BFB92D6E4CC,,,,,,,,,\Microsoft\Windows\DiskCleanup\SilentCleanup,Users,,TaskRunEvent
2026-05-14T19:04:00.025846Z,201,dc.scaffold.htb,Microsoft-Windows-TaskScheduler,Microsoft-Windows-TaskScheduler/Operational,1018,4,%windir%\system32\cleanmgr.exe,2068,,,,,,,0,,3D515112-69C2-4AC8-804F-D4B478383578,\Microsoft\Windows\DiskCleanup\SilentCleanup,,,ActionSuccess
2026-05-14T19:04:00.026061Z,102,dc.scaffold.htb,Microsoft-Windows-TaskScheduler,Microsoft-Windows-TaskScheduler/Operational,1019,4,,,3D515112-69C2-4AC8-804F-D4B478383578,,,,,,,,,\Microsoft\Windows\DiskCleanup\SilentCleanup,SCAFFOLD\Administrator,,TaskSuccessEvent
2026-05-14T19:04:02.225499Z,114,dc.scaffold.htb,Microsoft-Windows-TaskScheduler,Microsoft-Windows-TaskScheduler/Operational,1020,3,,,D85360C0-1945-49AD-B2D8-EEABD05C4B34,,,,,,,,,\Microsoft\Windows\Speech\SpeechModelDownloadTask,,,MissedTaskLaunched
2026-05-14T19:04:02.231485Z,129,dc.scaffold.htb,Microsoft-Windows-TaskScheduler,Microsoft-Windows-TaskScheduler/Operational,1021,4,,,,,%windir%\system32\speech_onecore\common\SpeechModelDownload.exe,16384,5516,,,,,\Microsoft\Windows\Speech\SpeechModelDownloadTask,,,CreatedTaskProcess
2026-05-14T19:04:02.231627Z,100,dc.scaffold.htb,Microsoft-Windows-TaskScheduler,Microsoft-Windows-TaskScheduler/Operational,1022,4,,,D85360C0-1945-49AD-B2D8-EEABD05C4B34,,,,,,,,,\Microsoft\Windows\Speech\SpeechModelDownloadTask,(NONE),,TaskStartEvent
2026-05-14T19:04:02.231628Z,200,dc.scaffold.htb,Microsoft-Windows-TaskScheduler,Microsoft-Windows-TaskScheduler/Operational,1023,4,%windir%\system32\speech_onecore\common\SpeechModelDownload.exe,5516,,,,,,,,,D85360C0-1945-49AD-B2D8-EEABD05C4B34,\Microsoft\Windows\Speech\SpeechModelDownloadTask,,,ActionStart
2026-05-14T19:04:02.240216Z,201,dc.scaffold.htb,Microsoft-Windows-TaskScheduler,Microsoft-Windows-TaskScheduler/Operational,1024,4,%windir%\system32\speech_onecore\common\SpeechModelDownload.exe,5516,,,,,,,0,,D85360C0-1945-49AD-B2D8-EEABD05C4B34,\Microsoft\Windows\Speech\SpeechModelDownloadTask,,,ActionSuccess
2026-05-14T19:04:02.240330Z,102,dc.scaffold.htb,Microsoft-Windows-TaskScheduler,Microsoft-Windows-TaskScheduler/Operational,1025,4,,,D85360C0-1945-49AD-B2D8-EEABD05C4B34,,,,,,,,,\Microsoft\Windows\Speech\SpeechModelDownloadTask,(NONE),,TaskSuccessEvent
2026-05-14T19:04:03.243769Z,129,dc.scaffold.htb,Microsoft-Windows-TaskScheduler,Microsoft-Windows-TaskScheduler/Operational,1026,4,,,,,taskhostw.exe,16384,1428,,,,,\Microsoft\Windows\.NET Framework\.NET Framework NGEN v4.0.30319,,,CreatedTaskProcess
2026-05-14T19:04:03.244718Z,100,dc.scaffold.htb,Microsoft-Windows-TaskScheduler,Microsoft-Windows-TaskScheduler/Operational,1027,4,,,9B804ADC-8E63-40B5-9BBC-234F6BC5DE89,,,,,,,,,\Microsoft\Windows\.NET Framework\.NET Framework NGEN v4.0.30319,NT AUTHORITY\SYSTEM,,TaskStartEvent
2026-05-14T19:04:03.244724Z,200,dc.scaffold.htb,Microsoft-Windows-TaskScheduler,Microsoft-Windows-TaskScheduler/Operational,1028,4,,1428,,,,,,,,,9B804ADC-8E63-40B5-9BBC-234F6BC5DE89,\Microsoft\Windows\.NET Framework\.NET Framework NGEN v4.0.30319,,,ActionStart
2026-05-14T19:04:03.247910Z,100,dc.scaffold.htb,Microsoft-Windows-TaskScheduler,Microsoft-Windows-TaskScheduler/Operational,1029,4,,,7BC8092B-7BD0-4063-A127-05B888E25C11,,,,,,,,,\Microsoft\Windows\.NET Framework\.NET Framework NGEN v4.0.30319 64,NT AUTHORITY\SYSTEM,,TaskStartEvent
2026-05-14T19:04:03.247918Z,200,dc.scaffold.htb,Microsoft-Windows-TaskScheduler,Microsoft-Windows-TaskScheduler/Operational,1030,4,,1428,,,,,,,,,7BC8092B-7BD0-4063-A127-05B888E25C11,\Microsoft\Windows\.NET Framework\.NET Framework NGEN v4.0.30319 64,,,ActionStart
2026-05-14T19:04:03.250563Z,100,dc.scaffold.htb,Microsoft-Windows-TaskScheduler,Microsoft-Windows-TaskScheduler/Operational,1031,4,,,8AB084CE-C420-4AA9-AF7A-DFDAA9EB2D00,,,,,,,,,\Microsoft\Windows\DiskFootprint\StorageSense,NT AUTHORITY\SYSTEM,,TaskStartEvent
2026-05-14T19:04:03.250570Z,200,dc.scaffold.htb,Microsoft-Windows-TaskScheduler,Microsoft-Windows-TaskScheduler/Operational,1032,4,StorageUsage State Reporter Task Handler,1428,,,,,,,,,8AB084CE-C420-4AA9-AF7A-DFDAA9EB2D00,\Microsoft\Windows\DiskFootprint\StorageSense,,,ActionStart
2026-05-14T19:04:03.254734Z,129,dc.scaffold.htb,Microsoft-Windows-TaskScheduler,Microsoft-Windows-TaskScheduler/Operational,1033,4,,,,,%windir%\system32\rundll32.exe,16384,1356,,,,,\Microsoft\Windows\StateRepository\MaintenanceTasks,,,CreatedTaskProcess
2026-05-14T19:04:03.254988Z,100,dc.scaffold.htb,Microsoft-Windows-TaskScheduler,Microsoft-Windows-TaskScheduler/Operational,1034,4,,,8987DC29-AAF2-443B-93B8-152E49E685B2,,,,,,,,,\Microsoft\Windows\StateRepository\MaintenanceTasks,NT AUTHORITY\SYSTEM,,TaskStartEvent
2026-05-14T19:04:03.254991Z,200,dc.scaffold.htb,Microsoft-Windows-TaskScheduler,Microsoft-Windows-TaskScheduler/Operational,1035,4,%windir%\system32\rundll32.exe,1356,,,,,,,,,8987DC29-AAF2-443B-93B8-152E49E685B2,\Microsoft\Windows\StateRepository\MaintenanceTasks,,,ActionStart
2026-05-14T19:04:03.260565Z,129,dc.scaffold.htb,Microsoft-Windows-TaskScheduler,Microsoft-Windows-TaskScheduler/Operational,1036,4,,,,,%windir%\system32\compattelrunner.exe,32,1900,,,,,\Microsoft\Windows\Application Experience\ProgramDataUpdater,,,CreatedTaskProcess
2026-05-14T19:04:03.260908Z,100,dc.scaffold.htb,Microsoft-Windows-TaskScheduler,Microsoft-Windows-TaskScheduler/Operational,1037,4,,,9475DC76-9570-486D-85D2-00F4F1F74944,,,,,,,,,\Microsoft\Windows\Application Experience\ProgramDataUpdater,NT AUTHORITY\SYSTEM,,TaskStartEvent
2026-05-14T19:04:03.260912Z,200,dc.scaffold.htb,Microsoft-Windows-TaskScheduler,Microsoft-Windows-TaskScheduler/Operational,1038,4,%windir%\system32\compattelrunner.exe,1900,,,,,,,,,9475DC76-9570-486D-85D2-00F4F1F74944,\Microsoft\Windows\Application Experience\ProgramDataUpdater,,,ActionStart
2026-05-14T19:04:03.270081Z,129,dc.scaffold.htb,Microsoft-Windows-TaskScheduler,Microsoft-Windows-TaskScheduler/Operational,1039,4,,,,,%windir%\system32\AppHostRegistrationVerifier.exe,16384,4560,,,,,\microsoft\windows\applicationdata\appuriverifierdaily,,,CreatedTaskProcess
2026-05-14T19:04:03.270450Z,100,dc.scaffold.htb,Microsoft-Windows-TaskScheduler,Microsoft-Windows-TaskScheduler/Operational,1040,4,,,FB116A85-47DC-490E-A374-226C86770D98,,,,,,,,,\microsoft\windows\applicationdata\appuriverifierdaily,SCAFFOLD\Administrator,,TaskStartEvent
2026-05-14T19:04:03.270452Z,200,dc.scaffold.htb,Microsoft-Windows-TaskScheduler,Microsoft-Windows-TaskScheduler/Operational,1041,4,%windir%\system32\AppHostRegistrationVerifier.exe,4560,,,,,,,,,FB116A85-47DC-490E-A374-226C86770D98,\microsoft\windows\applicationdata\appuriverifierdaily,,,ActionStart
2026-05-14T19:04:03.275602Z,129,dc.scaffold.htb,Microsoft-Windows-TaskScheduler,Microsoft-Windows-TaskScheduler/Operational,1042,4,,,,,%windir%\system32\defrag.exe,16384,1720,,,,,\Microsoft\Windows\Defrag\ScheduledDefrag,,,CreatedTaskProcess
2026-05-14T19:04:03.275739Z,100,dc.scaffold.htb,Microsoft-Windows-TaskScheduler,Microsoft-Windows-TaskScheduler/Operational,1043,4,,,C7BDCD6B-F07F-4DD6-870C-7C860C4CDA07,,,,,,,,,\Microsoft\Windows\Defrag\ScheduledDefrag,NT AUTHORITY\SYSTEM,,TaskStartEvent
2026-05-14T19:04:03.275740Z,200,dc.scaffold.htb,Microsoft-Windows-TaskScheduler,Microsoft-Windows-TaskScheduler/Operational,1044,4,%windir%\system32\defrag.exe,1720,,,,,,,,,C7BDCD6B-F07F-4DD6-870C-7C860C4CDA07,\Microsoft\Windows\Defrag\ScheduledDefrag,,,ActionStart
2026-05-14T19:04:03.277000Z,129,dc.scaffold.htb,Microsoft-Windows-TaskScheduler,Microsoft-Windows-TaskScheduler/Operational,1045,4,,,,,C:\Program Files\Windows Defender\MpCmdRun.exe,16384,5988,,,,,\Microsoft\Windows\Windows Defender\Windows Defender Cleanup,,,CreatedTaskProcess
2026-05-14T19:04:03.277142Z,100,dc.scaffold.htb,Microsoft-Windows-TaskScheduler,Microsoft-Windows-TaskScheduler/Operational,1046,4,,,53718EA3-62B9-41DE-A282-236D5CE214EB,,,,,,,,,\Microsoft\Windows\Windows Defender\Windows Defender Cleanup,NT AUTHORITY\SYSTEM,,TaskStartEvent
2026-05-14T19:04:03.277143Z,200,dc.scaffold.htb,Microsoft-Windows-TaskScheduler,Microsoft-Windows-TaskScheduler/Operational,1047,4,C:\Program Files\Windows Defender\MpCmdRun.exe,5988,,,,,,,,,53718EA3-62B9-41DE-A282-236D5CE214EB,\Microsoft\Windows\Windows Defender\Windows Defender Cleanup,,,ActionStart
2026-05-14T19:04:03.279460Z,129,dc.scaffold.htb,Microsoft-Windows-TaskScheduler,Microsoft-Windows-TaskScheduler/Operational,1048,4,,,,,%windir%\system32\dstokenclean.exe,16384,2720,,,,,\Microsoft\Windows\ApplicationData\DsSvcCleanup,,,CreatedTaskProcess
2026-05-14T19:04:03.279729Z,100,dc.scaffold.htb,Microsoft-Windows-TaskScheduler,Microsoft-Windows-TaskScheduler/Operational,1049,4,,,D649F4F7-5668-4D14-8EB4-495CA694B058,,,,,,,,,\Microsoft\Windows\ApplicationData\DsSvcCleanup,NT AUTHORITY\SYSTEM,,TaskStartEvent
2026-05-14T19:04:03.279733Z,200,dc.scaffold.htb,Microsoft-Windows-TaskScheduler,Microsoft-Windows-TaskScheduler/Operational,1050,4,%windir%\system32\dstokenclean.exe,2720,,,,,,,,,D649F4F7-5668-4D14-8EB4-495CA694B058,\Microsoft\Windows\ApplicationData\DsSvcCleanup,,,ActionStart
2026-05-14T19:04:03.284385Z,129,dc.scaffold.htb,Microsoft-Windows-TaskScheduler,Microsoft-Windows-TaskScheduler/Operational,1051,4,,,,,%windir%\system32\sc.exe,16384,5928,,,,,\Microsoft\Windows\Time Synchronization\SynchronizeTime,,,CreatedTaskProcess
2026-05-14T19:04:03.284690Z,100,dc.scaffold.htb,Microsoft-Windows-TaskScheduler,Microsoft-Windows-TaskScheduler/Operational,1052,4,,,08B64C29-8466-44B7-9308-53EBEA014B0C,,,,,,,,,\Microsoft\Windows\Time Synchronization\SynchronizeTime,(NONE),,TaskStartEvent
2026-05-14T19:04:03.284713Z,200,dc.scaffold.htb,Microsoft-Windows-TaskScheduler,Microsoft-Windows-TaskScheduler/Operational,1053,4,%windir%\system32\sc.exe,5928,,,,,,,,,08B64C29-8466-44B7-9308-53EBEA014B0C,\Microsoft\Windows\Time Synchronization\SynchronizeTime,,,ActionStart
2026-05-14T19:04:03.285253Z,100,dc.scaffold.htb,Microsoft-Windows-TaskScheduler,Microsoft-Windows-TaskScheduler/Operational,1054,4,,,2AA63CF6-4791-499C-9939-24A9ACB13ACF,,,,,,,,,\Microsoft\Windows\Chkdsk\ProactiveScan,NT AUTHORITY\SYSTEM,,TaskStartEvent
2026-05-14T19:04:03.285255Z,200,dc.scaffold.htb,Microsoft-Windows-TaskScheduler,Microsoft-Windows-TaskScheduler/Operational,1055,4,Proactive Scan,1428,,,,,,,,,2AA63CF6-4791-499C-9939-24A9ACB13ACF,\Microsoft\Windows\Chkdsk\ProactiveScan,,,ActionStart
2026-05-14T19:04:03.285501Z,325,dc.scaffold.htb,Microsoft-Windows-TaskScheduler,Microsoft-Windows-TaskScheduler/Operational,1056,3,,,,,,,,F4F3F5EB-CFA1-4CBB-999B-F48BC5DA3DC3,,,,\Microsoft\Windows\Power Efficiency Diagnostics\AnalyzeSystem,,,TaskInstanceQueued
2026-05-14T19:04:03.288092Z,129,dc.scaffold.htb,Microsoft-Windows-TaskScheduler,Microsoft-Windows-TaskScheduler/Operational,1057,4,,,,,taskhostw.exe,16384,6540,,,,,\Microsoft\Windows\Shell\IndexerAutomaticMaintenance,,,CreatedTaskProcess
2026-05-14T19:04:03.288328Z,100,dc.scaffold.htb,Microsoft-Windows-TaskScheduler,Microsoft-Windows-TaskScheduler/Operational,1058,4,,,EFF6A72D-A42A-4F78-AA34-ED57A8A2E1FB,,,,,,,,,\Microsoft\Windows\Shell\IndexerAutomaticMaintenance,(NONE),,TaskStartEvent
2026-05-14T19:04:03.288328Z,200,dc.scaffold.htb,Microsoft-Windows-TaskScheduler,Microsoft-Windows-TaskScheduler/Operational,1059,4,Automatic Maintenance task to enable Windows Search to make progress while in Connected Standby,6540,,,,,,,,,EFF6A72D-A42A-4F78-AA34-ED57A8A2E1FB,\Microsoft\Windows\Shell\IndexerAutomaticMaintenance,,,ActionStart
2026-05-14T19:04:03.288619Z,100,dc.scaffold.htb,Microsoft-Windows-TaskScheduler,Microsoft-Windows-TaskScheduler/Operational,1060,4,,,C3078651-28C2-437A-8DC5-A10230D6B665,,,,,,,,,\Microsoft\Windows\Flighting\FeatureConfig\UsageDataReporting,NT AUTHORITY\SYSTEM,,TaskStartEvent
2026-05-14T19:04:03.288620Z,200,dc.scaffold.htb,Microsoft-Windows-TaskScheduler,Microsoft-Windows-TaskScheduler/Operational,1061,4,Feature Usage Data Reporting Task Handler,1428,,,,,,,,,C3078651-28C2-437A-8DC5-A10230D6B665,\Microsoft\Windows\Flighting\FeatureConfig\UsageDataReporting,,,ActionStart
2026-05-14T19:04:03.291796Z,129,dc.scaffold.htb,Microsoft-Windows-TaskScheduler,Microsoft-Windows-TaskScheduler/Operational,1062,4,,,,,%windir%\system32\disksnapshot.exe,16384,2764,,,,,\Microsoft\Windows\DiskFootprint\Diagnostics,,,CreatedTaskProcess
2026-05-14T19:04:03.292019Z,100,dc.scaffold.htb,Microsoft-Windows-TaskScheduler,Microsoft-Windows-TaskScheduler/Operational,1063,4,,,45985D2B-D40B-418F-8C6A-865298504796,,,,,,,,,\Microsoft\Windows\DiskFootprint\Diagnostics,NT AUTHORITY\SYSTEM,,TaskStartEvent
2026-05-14T19:04:03.292020Z,200,dc.scaffold.htb,Microsoft-Windows-TaskScheduler,Microsoft-Windows-TaskScheduler/Operational,1064,4,%windir%\system32\disksnapshot.exe,2764,,,,,,,,,45985D2B-D40B-418F-8C6A-865298504796,\Microsoft\Windows\DiskFootprint\Diagnostics,,,ActionStart
2026-05-14T19:04:03.294225Z,129,dc.scaffold.htb,Microsoft-Windows-TaskScheduler,Microsoft-Windows-TaskScheduler/Operational,1065,4,,,,,C:\Program Files\Windows Defender\MpCmdRun.exe,16384,6444,,,,,\Microsoft\Windows\Windows Defender\Windows Defender Cache Maintenance,,,CreatedTaskProcess
2026-05-14T19:04:03.294407Z,100,dc.scaffold.htb,Microsoft-Windows-TaskScheduler,Microsoft-Windows-TaskScheduler/Operational,1066,4,,,C4FBE93A-0179-4C64-8C98-27740DA8E58C,,,,,,,,,\Microsoft\Windows\Windows Defender\Windows Defender Cache Maintenance,NT AUTHORITY\SYSTEM,,TaskStartEvent
2026-05-14T19:04:03.294408Z,200,dc.scaffold.htb,Microsoft-Windows-TaskScheduler,Microsoft-Windows-TaskScheduler/Operational,1067,4,C:\Program Files\Windows Defender\MpCmdRun.exe,6444,,,,,,,,,C4FBE93A-0179-4C64-8C98-27740DA8E58C,\Microsoft\Windows\Windows Defender\Windows Defender Cache Maintenance,,,ActionStart
2026-05-14T19:04:03.298492Z,129,dc.scaffold.htb,Microsoft-Windows-TaskScheduler,Microsoft-Windows-TaskScheduler/Operational,1068,4,,,,,taskhostw.exe,32,4380,,,,,\Microsoft\Windows\License Manager\TempSignedLicenseExchange,,,CreatedTaskProcess
2026-05-14T19:04:03.298888Z,100,dc.scaffold.htb,Microsoft-Windows-TaskScheduler,Microsoft-Windows-TaskScheduler/Operational,1069,4,,,F244420F-E24F-4EFC-9B01-C95D18D161C7,,,,,,,,,\Microsoft\Windows\License Manager\TempSignedLicenseExchange,SCAFFOLD\Administrator,,TaskStartEvent
2026-05-14T19:04:03.298889Z,200,dc.scaffold.htb,Microsoft-Windows-TaskScheduler,Microsoft-Windows-TaskScheduler/Operational,1070,4,TempSignedLicenseExchangeTask,4380,,,,,,,,,F244420F-E24F-4EFC-9B01-C95D18D161C7,\Microsoft\Windows\License Manager\TempSignedLicenseExchange,,,ActionStart
2026-05-14T19:04:03.317227Z,201,dc.scaffold.htb,Microsoft-Windows-TaskScheduler,Microsoft-Windows-TaskScheduler/Operational,1071,4,Feature Usage Data Reporting Task Handler,1428,,,,,,,0,,C3078651-28C2-437A-8DC5-A10230D6B665,\Microsoft\Windows\Flighting\FeatureConfig\UsageDataReporting,,,ActionSuccess
2026-05-14T19:04:03.317229Z,102,dc.scaffold.htb,Microsoft-Windows-TaskScheduler,Microsoft-Windows-TaskScheduler/Operational,1072,4,,,C3078651-28C2-437A-8DC5-A10230D6B665,,,,,,,,,\Microsoft\Windows\Flighting\FeatureConfig\UsageDataReporting,NT AUTHORITY\SYSTEM,,TaskSuccessEvent
2026-05-14T19:04:03.318118Z,201,dc.scaffold.htb,Microsoft-Windows-TaskScheduler,Microsoft-Windows-TaskScheduler/Operational,1073,4,Proactive Scan,1428,,,,,,,0,,2AA63CF6-4791-499C-9939-24A9ACB13ACF,\Microsoft\Windows\Chkdsk\ProactiveScan,,,ActionSuccess
2026-05-14T19:04:03.318119Z,102,dc.scaffold.htb,Microsoft-Windows-TaskScheduler,Microsoft-Windows-TaskScheduler/Operational,1074,4,,,2AA63CF6-4791-499C-9939-24A9ACB13ACF,,,,,,,,,\Microsoft\Windows\Chkdsk\ProactiveScan,NT AUTHORITY\SYSTEM,,TaskSuccessEvent
2026-05-14T19:04:03.334072Z,201,dc.scaffold.htb,Microsoft-Windows-TaskScheduler,Microsoft-Windows-TaskScheduler/Operational,1075,4,Automatic Maintenance task to enable Windows Search to make progress while in Connected Standby,6540,,,,,,,2147942401,,EFF6A72D-A42A-4F78-AA34-ED57A8A2E1FB,\Microsoft\Windows\Shell\IndexerAutomaticMaintenance,,,ActionSuccess
2026-05-14T19:04:03.334073Z,102,dc.scaffold.htb,Microsoft-Windows-TaskScheduler,Microsoft-Windows-TaskScheduler/Operational,1076,4,,,EFF6A72D-A42A-4F78-AA34-ED57A8A2E1FB,,,,,,,,,\Microsoft\Windows\Shell\IndexerAutomaticMaintenance,(NONE),,TaskSuccessEvent
2026-05-14T19:04:03.346713Z,202,dc.scaffold.htb,Microsoft-Windows-TaskScheduler,Microsoft-Windows-TaskScheduler/Operational,1077,2,StorageUsage State Reporter Task Handler,1428,,,,,,,2147746132,,8AB084CE-C420-4AA9-AF7A-DFDAA9EB2D00,\Microsoft\Windows\DiskFootprint\StorageSense,,,ActionFailure
2026-05-14T19:04:03.346715Z,103,dc.scaffold.htb,Microsoft-Windows-TaskScheduler,Microsoft-Windows-TaskScheduler/Operational,1078,2,,,8AB084CE-C420-4AA9-AF7A-DFDAA9EB2D00,,,,,,2147746132,,,\Microsoft\Windows\DiskFootprint\StorageSense,NT AUTHORITY\SYSTEM,,TaskFailureEvent
2026-05-14T19:04:03.352560Z,201,dc.scaffold.htb,Microsoft-Windows-TaskScheduler,Microsoft-Windows-TaskScheduler/Operational,1079,4,%windir%\system32\rundll32.exe,1356,,,,,,,0,,8987DC29-AAF2-443B-93B8-152E49E685B2,\Microsoft\Windows\StateRepository\MaintenanceTasks,,,ActionSuccess
2026-05-14T19:04:03.352653Z,102,dc.scaffold.htb,Microsoft-Windows-TaskScheduler,Microsoft-Windows-TaskScheduler/Operational,1080,4,,,8987DC29-AAF2-443B-93B8-152E49E685B2,,,,,,,,,\Microsoft\Windows\StateRepository\MaintenanceTasks,NT AUTHORITY\SYSTEM,,TaskSuccessEvent
2026-05-14T19:04:03.360388Z,201,dc.scaffold.htb,Microsoft-Windows-TaskScheduler,Microsoft-Windows-TaskScheduler/Operational,1081,4,%windir%\system32\disksnapshot.exe,2764,,,,,,,0,,45985D2B-D40B-418F-8C6A-865298504796,\Microsoft\Windows\DiskFootprint\Diagnostics,,,ActionSuccess
2026-05-14T19:04:03.360551Z,102,dc.scaffold.htb,Microsoft-Windows-TaskScheduler,Microsoft-Windows-TaskScheduler/Operational,1082,4,,,45985D2B-D40B-418F-8C6A-865298504796,,,,,,,,,\Microsoft\Windows\DiskFootprint\Diagnostics,NT AUTHORITY\SYSTEM,,TaskSuccessEvent
2026-05-14T19:04:03.361521Z,201,dc.scaffold.htb,Microsoft-Windows-TaskScheduler,Microsoft-Windows-TaskScheduler/Operational,1083,4,%windir%\system32\sc.exe,5928,,,,,,,2147943456,,08B64C29-8466-44B7-9308-53EBEA014B0C,\Microsoft\Windows\Time Synchronization\SynchronizeTime,,,ActionSuccess
2026-05-14T19:04:03.361671Z,102,dc.scaffold.htb,Microsoft-Windows-TaskScheduler,Microsoft-Windows-TaskScheduler/Operational,1084,4,,,08B64C29-8466-44B7-9308-53EBEA014B0C,,,,,,,,,\Microsoft\Windows\Time Synchronization\SynchronizeTime,(NONE),,TaskSuccessEvent
2026-05-14T19:04:03.472722Z,140,dc.scaffold.htb,Microsoft-Windows-TaskScheduler,Microsoft-Windows-TaskScheduler/Operational,1085,4,,,,,,,,,,,,\Microsoft\Windows\.NET Framework\.NET Framework NGEN v4.0.30319 64,,SYSTEM,TaskUpdated
2026-05-14T19:04:03.478437Z,201,dc.scaffold.htb,Microsoft-Windows-TaskScheduler,Microsoft-Windows-TaskScheduler/Operational,1086,4,TempSignedLicenseExchangeTask,4380,,,,,,,0,,F244420F-E24F-4EFC-9B01-C95D18D161C7,\Microsoft\Windows\License Manager\TempSignedLicenseExchange,,,ActionSuccess
2026-05-14T19:04:03.478438Z,102,dc.scaffold.htb,Microsoft-Windows-TaskScheduler,Microsoft-Windows-TaskScheduler/Operational,1087,4,,,F244420F-E24F-4EFC-9B01-C95D18D161C7,,,,,,,,,\Microsoft\Windows\License Manager\TempSignedLicenseExchange,SCAFFOLD\Administrator,,TaskSuccessEvent
2026-05-14T19:04:03.528599Z,201,dc.scaffold.htb,Microsoft-Windows-TaskScheduler,Microsoft-Windows-TaskScheduler/Operational,1088,4,,1428,,,,,,,0,,7BC8092B-7BD0-4063-A127-05B888E25C11,\Microsoft\Windows\.NET Framework\.NET Framework NGEN v4.0.30319 64,,,ActionSuccess
2026-05-14T19:04:03.528601Z,102,dc.scaffold.htb,Microsoft-Windows-TaskScheduler,Microsoft-Windows-TaskScheduler/Operational,1089,4,,,7BC8092B-7BD0-4063-A127-05B888E25C11,,,,,,,,,\Microsoft\Windows\.NET Framework\.NET Framework NGEN v4.0.30319 64,NT AUTHORITY\SYSTEM,,TaskSuccessEvent
2026-05-14T19:04:03.564317Z,201,dc.scaffold.htb,Microsoft-Windows-TaskScheduler,Microsoft-Windows-TaskScheduler/Operational,1090,4,%windir%\system32\AppHostRegistrationVerifier.exe,4560,,,,,,,0,,FB116A85-47DC-490E-A374-226C86770D98,\microsoft\windows\applicationdata\appuriverifierdaily,,,ActionSuccess
2026-05-14T19:04:03.564514Z,102,dc.scaffold.htb,Microsoft-Windows-TaskScheduler,Microsoft-Windows-TaskScheduler/Operational,1091,4,,,FB116A85-47DC-490E-A374-226C86770D98,,,,,,,,,\microsoft\windows\applicationdata\appuriverifierdaily,SCAFFOLD\Administrator,,TaskSuccessEvent
2026-05-14T19:04:03.598995Z,201,dc.scaffold.htb,Microsoft-Windows-TaskScheduler,Microsoft-Windows-TaskScheduler/Operational,1092,4,%windir%\system32\dstokenclean.exe,2720,,,,,,,0,,D649F4F7-5668-4D14-8EB4-495CA694B058,\Microsoft\Windows\ApplicationData\DsSvcCleanup,,,ActionSuccess
2026-05-14T19:04:03.599148Z,102,dc.scaffold.htb,Microsoft-Windows-TaskScheduler,Microsoft-Windows-TaskScheduler/Operational,1093,4,,,D649F4F7-5668-4D14-8EB4-495CA694B058,,,,,,,,,\Microsoft\Windows\ApplicationData\DsSvcCleanup,NT AUTHORITY\SYSTEM,,TaskSuccessEvent
2026-05-14T19:04:03.690979Z,140,dc.scaffold.htb,Microsoft-Windows-TaskScheduler,Microsoft-Windows-TaskScheduler/Operational,1094,4,,,,,,,,,,,,\Microsoft\Windows\.NET Framework\.NET Framework NGEN v4.0.30319,,SYSTEM,TaskUpdated
2026-05-14T19:04:03.734420Z,141,dc.scaffold.htb,Microsoft-Windows-TaskScheduler,Microsoft-Windows-TaskScheduler/Operational,1095,4,,,,,,,,,,,,\Microsoft\Windows\Defrag\ScheduledDefrag,,NT AUTHORITY\System,TaskDeleted
2026-05-14T19:04:03.734975Z,111,dc.scaffold.htb,Microsoft-Windows-TaskScheduler,Microsoft-Windows-TaskScheduler/Operational,1096,4,,,C7BDCD6B-F07F-4DD6-870C-7C860C4CDA07,,,,,,,,,\Microsoft\Windows\Defrag\ScheduledDefrag,,,TaskTerminationEvent
2026-05-14T19:04:03.739611Z,106,dc.scaffold.htb,Microsoft-Windows-TaskScheduler,Microsoft-Windows-TaskScheduler/Operational,1097,4,,,,,,,,,,,,\Microsoft\Windows\Defrag\ScheduledDefrag,SCAFFOLD\DC$,,TaskRegisteredEvent
2026-05-14T19:04:03.739612Z,140,dc.scaffold.htb,Microsoft-Windows-TaskScheduler,Microsoft-Windows-TaskScheduler/Operational,1098,4,,,,,,,,,,,,\Microsoft\Windows\Defrag\ScheduledDefrag,,SCAFFOLD\DC$,TaskUpdated
2026-05-14T19:04:03.751797Z,201,dc.scaffold.htb,Microsoft-Windows-TaskScheduler,Microsoft-Windows-TaskScheduler/Operational,1099,4,,1428,,,,,,,0,,9B804ADC-8E63-40B5-9BBC-234F6BC5DE89,\Microsoft\Windows\.NET Framework\.NET Framework NGEN v4.0.30319,,,ActionSuccess
2026-05-14T19:04:03.751798Z,102,dc.scaffold.htb,Microsoft-Windows-TaskScheduler,Microsoft-Windows-TaskScheduler/Operational,1100,4,,,9B804ADC-8E63-40B5-9BBC-234F6BC5DE89,,,,,,,,,\Microsoft\Windows\.NET Framework\.NET Framework NGEN v4.0.30319,NT AUTHORITY\SYSTEM,,TaskSuccessEvent
2026-05-14T19:04:03.791461Z,201,dc.scaffold.htb,Microsoft-Windows-TaskScheduler,Microsoft-Windows-TaskScheduler/Operational,1101,4,%windir%\system32\defrag.exe,1720,,,,,,,0,,C7BDCD6B-F07F-4DD6-870C-7C860C4CDA07,\Microsoft\Windows\Defrag\ScheduledDefrag,,,ActionSuccess
2026-05-14T19:04:03.791602Z,102,dc.scaffold.htb,Microsoft-Windows-TaskScheduler,Microsoft-Windows-TaskScheduler/Operational,1102,4,,,C7BDCD6B-F07F-4DD6-870C-7C860C4CDA07,,,,,,,,,\Microsoft\Windows\Defrag\ScheduledDefrag,NT AUTHORITY\SYSTEM,,TaskSuccessEvent
2026-05-14T19:04:04.484527Z,129,dc.scaffold.htb,Microsoft-Windows-TaskScheduler,Microsoft-Windows-TaskScheduler/Operational,1103,4,,,,,taskhostw.exe,16384,4524,,,,,\Microsoft\Windows\.NET Framework\.NET Framework NGEN v4.0.30319 64,,,CreatedTaskProcess
2026-05-14T19:04:04.484704Z,100,dc.scaffold.htb,Microsoft-Windows-TaskScheduler,Microsoft-Windows-TaskScheduler/Operational,1104,4,,,0A5A2B5E-FBF5-45F3-9EC6-2446469B6285,,,,,,,,,\Microsoft\Windows\.NET Framework\.NET Framework NGEN v4.0.30319 64,NT AUTHORITY\SYSTEM,,TaskStartEvent
2026-05-14T19:04:04.484704Z,200,dc.scaffold.htb,Microsoft-Windows-TaskScheduler,Microsoft-Windows-TaskScheduler/Operational,1105,4,,4524,,,,,,,,,0A5A2B5E-FBF5-45F3-9EC6-2446469B6285,\Microsoft\Windows\.NET Framework\.NET Framework NGEN v4.0.30319 64,,,ActionStart
2026-05-14T19:04:04.484946Z,100,dc.scaffold.htb,Microsoft-Windows-TaskScheduler,Microsoft-Windows-TaskScheduler/Operational,1106,4,,,2EEAB6D1-E75F-4C0B-BE50-F16645F1DF51,,,,,,,,,\Microsoft\Windows\.NET Framework\.NET Framework NGEN v4.0.30319,NT AUTHORITY\SYSTEM,,TaskStartEvent
2026-05-14T19:04:04.484946Z,200,dc.scaffold.htb,Microsoft-Windows-TaskScheduler,Microsoft-Windows-TaskScheduler/Operational,1107,4,,4524,,,,,,,,,2EEAB6D1-E75F-4C0B-BE50-F16645F1DF51,\Microsoft\Windows\.NET Framework\.NET Framework NGEN v4.0.30319,,,ActionStart
2026-05-14T19:04:04.485031Z,325,dc.scaffold.htb,Microsoft-Windows-TaskScheduler,Microsoft-Windows-TaskScheduler/Operational,1108,3,,,,,,,,F4F3F5EB-CFA1-4CBB-999B-F48BC5DA3DC3,,,,\Microsoft\Windows\Power Efficiency Diagnostics\AnalyzeSystem,,,TaskInstanceQueued
2026-05-14T19:04:04.596185Z,140,dc.scaffold.htb,Microsoft-Windows-TaskScheduler,Microsoft-Windows-TaskScheduler/Operational,1109,4,,,,,,,,,,,,\Microsoft\Windows\.NET Framework\.NET Framework NGEN v4.0.30319 64,,SYSTEM,TaskUpdated
2026-05-14T19:04:04.598411Z,140,dc.scaffold.htb,Microsoft-Windows-TaskScheduler,Microsoft-Windows-TaskScheduler/Operational,1110,4,,,,,,,,,,,,\Microsoft\Windows\.NET Framework\.NET Framework NGEN v4.0.30319,,SYSTEM,TaskUpdated
2026-05-14T19:04:04.644979Z,201,dc.scaffold.htb,Microsoft-Windows-TaskScheduler,Microsoft-Windows-TaskScheduler/Operational,1111,4,,4524,,,,,,,0,,0A5A2B5E-FBF5-45F3-9EC6-2446469B6285,\Microsoft\Windows\.NET Framework\.NET Framework NGEN v4.0.30319 64,,,ActionSuccess
2026-05-14T19:04:04.644980Z,102,dc.scaffold.htb,Microsoft-Windows-TaskScheduler,Microsoft-Windows-TaskScheduler/Operational,1112,4,,,0A5A2B5E-FBF5-45F3-9EC6-2446469B6285,,,,,,,,,\Microsoft\Windows\.NET Framework\.NET Framework NGEN v4.0.30319 64,NT AUTHORITY\SYSTEM,,TaskSuccessEvent
2026-05-14T19:04:04.646795Z,201,dc.scaffold.htb,Microsoft-Windows-TaskScheduler,Microsoft-Windows-TaskScheduler/Operational,1113,4,,4524,,,,,,,0,,2EEAB6D1-E75F-4C0B-BE50-F16645F1DF51,\Microsoft\Windows\.NET Framework\.NET Framework NGEN v4.0.30319,,,ActionSuccess
2026-05-14T19:04:04.646797Z,102,dc.scaffold.htb,Microsoft-Windows-TaskScheduler,Microsoft-Windows-TaskScheduler/Operational,1114,4,,,2EEAB6D1-E75F-4C0B-BE50-F16645F1DF51,,,,,,,,,\Microsoft\Windows\.NET Framework\.NET Framework NGEN v4.0.30319,NT AUTHORITY\SYSTEM,,TaskSuccessEvent
2026-05-14T19:05:03.369816Z,201,dc.scaffold.htb,Microsoft-Windows-TaskScheduler,Microsoft-Windows-TaskScheduler/Operational,1115,4,C:\Program Files\Windows Defender\MpCmdRun.exe,5988,,,,,,,0,,53718EA3-62B9-41DE-A282-236D5CE214EB,\Microsoft\Windows\Windows Defender\Windows Defender Cleanup,,,ActionSuccess
2026-05-14T19:05:03.370074Z,102,dc.scaffold.htb,Microsoft-Windows-TaskScheduler,Microsoft-Windows-TaskScheduler/Operational,1116,4,,,53718EA3-62B9-41DE-A282-236D5CE214EB,,,,,,,,,\Microsoft\Windows\Windows Defender\Windows Defender Cleanup,NT AUTHORITY\SYSTEM,,TaskSuccessEvent
2026-05-14T19:05:03.394803Z,201,dc.scaffold.htb,Microsoft-Windows-TaskScheduler,Microsoft-Windows-TaskScheduler/Operational,1117,4,C:\Program Files\Windows Defender\MpCmdRun.exe,6444,,,,,,,0,,C4FBE93A-0179-4C64-8C98-27740DA8E58C,\Microsoft\Windows\Windows Defender\Windows Defender Cache Maintenance,,,ActionSuccess
2026-05-14T19:05:03.395309Z,102,dc.scaffold.htb,Microsoft-Windows-TaskScheduler,Microsoft-Windows-TaskScheduler/Operational,1118,4,,,C4FBE93A-0179-4C64-8C98-27740DA8E58C,,,,,,,,,\Microsoft\Windows\Windows Defender\Windows Defender Cache Maintenance,NT AUTHORITY\SYSTEM,,TaskSuccessEvent
2026-05-14T19:06:02.738106Z,119,dc.scaffold.htb,Microsoft-Windows-TaskScheduler,Microsoft-Windows-TaskScheduler/Operational,1119,4,,,3818DEBA-48DC-4E33-8C1E-A35AFD57AF82,,,,,,,,,\Microsoft\Windows\Device Information\Device User,,SCAFFOLD\Administrator,LogonTrigger
2026-05-14T19:06:02.742670Z,129,dc.scaffold.htb,Microsoft-Windows-TaskScheduler,Microsoft-Windows-TaskScheduler/Operational,1120,4,,,,,%windir%\system32\devicecensus.exe,16384,5928,,,,,\Microsoft\Windows\Device Information\Device User,,,CreatedTaskProcess
2026-05-14T19:06:02.743191Z,100,dc.scaffold.htb,Microsoft-Windows-TaskScheduler,Microsoft-Windows-TaskScheduler/Operational,1121,4,,,3818DEBA-48DC-4E33-8C1E-A35AFD57AF82,,,,,,,,,\Microsoft\Windows\Device Information\Device User,SCAFFOLD\Administrator,,TaskStartEvent
2026-05-14T19:06:02.743194Z,200,dc.scaffold.htb,Microsoft-Windows-TaskScheduler,Microsoft-Windows-TaskScheduler/Operational,1122,4,%windir%\system32\devicecensus.exe,5928,,,,,,,,,3818DEBA-48DC-4E33-8C1E-A35AFD57AF82,\Microsoft\Windows\Device Information\Device User,,,ActionStart
