2026-05-15T14:59:26.976578Z,102,dc.scaffold.htb,Microsoft-Windows-TaskScheduler,Microsoft-Windows-TaskScheduler/Operational,1496,4,,,45F342B9-BD4B-4258-8BAB-930F4179324B,,,,,,,,,\Microsoft\Windows\Data Integrity Scan\Data Integrity Check And Scan,NT AUTHORITY\SYSTEM,,TaskSuccessEvent
2026-05-15T14:59:27.006220Z,140,dc.scaffold.htb,Microsoft-Windows-TaskScheduler,Microsoft-Windows-TaskScheduler/Operational,1497,4,,,,,,,,,,,,\Microsoft\Windows\Application Experience\Microsoft Compatibility Appraiser,,S-1-5-18,TaskUpdated
2026-05-15T14:59:27.043252Z,201,dc.scaffold.htb,Microsoft-Windows-TaskScheduler,Microsoft-Windows-TaskScheduler/Operational,1498,4,%systemroot%\system32\usoclient.exe,2888,,,,,,,0,,79D85FAA-353B-49B6-B4C6-1E9C23DB635A,\Microsoft\Windows\UpdateOrchestrator\Schedule Scan,,,ActionSuccess
2026-05-15T14:59:27.043365Z,102,dc.scaffold.htb,Microsoft-Windows-TaskScheduler,Microsoft-Windows-TaskScheduler/Operational,1499,4,,,79D85FAA-353B-49B6-B4C6-1E9C23DB635A,,,,,,,,,\Microsoft\Windows\UpdateOrchestrator\Schedule Scan,NT AUTHORITY\SYSTEM,,TaskSuccessEvent
2026-05-15T14:59:27.059806Z,201,dc.scaffold.htb,Microsoft-Windows-TaskScheduler,Microsoft-Windows-TaskScheduler/Operational,1500,4,C:\Program Files (x86)\Microsoft\EdgeUpdate\MicrosoftEdgeUpdate.exe,6800,,,,,,,0,,86ED3069-CB07-4D6F-8D63-2940B705B63E,\MicrosoftEdgeUpdateTaskMachineUA,,,ActionSuccess
2026-05-15T14:59:27.059954Z,102,dc.scaffold.htb,Microsoft-Windows-TaskScheduler,Microsoft-Windows-TaskScheduler/Operational,1501,4,,,86ED3069-CB07-4D6F-8D63-2940B705B63E,,,,,,,,,\MicrosoftEdgeUpdateTaskMachineUA,NT AUTHORITY\SYSTEM,,TaskSuccessEvent
2026-05-15T14:59:27.939299Z,201,dc.scaffold.htb,Microsoft-Windows-TaskScheduler,Microsoft-Windows-TaskScheduler/Operational,1502,4,%systemroot%\system32\MusNotification.exe,8164,,,,,,,0,,B05CDB08-1A94-4500-9E89-59467AB745CF,\Microsoft\Windows\UpdateOrchestrator\USO_UxBroker,,,ActionSuccess
2026-05-15T14:59:27.939593Z,102,dc.scaffold.htb,Microsoft-Windows-TaskScheduler,Microsoft-Windows-TaskScheduler/Operational,1503,4,,,B05CDB08-1A94-4500-9E89-59467AB745CF,,,,,,,,,\Microsoft\Windows\UpdateOrchestrator\USO_UxBroker,NT AUTHORITY\SYSTEM,,TaskSuccessEvent
2026-05-15T14:59:28.902282Z,201,dc.scaffold.htb,Microsoft-Windows-TaskScheduler,Microsoft-Windows-TaskScheduler/Operational,1504,4,%windir%\system32\compattelrunner.exe,5960,,,,,,,0,,B7E0B9D5-F790-41E3-B9DE-057A2CC5CC0D,\Microsoft\Windows\Application Experience\Microsoft Compatibility Appraiser,,,ActionSuccess
2026-05-15T14:59:28.902379Z,102,dc.scaffold.htb,Microsoft-Windows-TaskScheduler,Microsoft-Windows-TaskScheduler/Operational,1505,4,,,B7E0B9D5-F790-41E3-B9DE-057A2CC5CC0D,,,,,,,,,\Microsoft\Windows\Application Experience\Microsoft Compatibility Appraiser,NT AUTHORITY\SYSTEM,,TaskSuccessEvent
2026-05-15T14:59:29.579430Z,201,dc.scaffold.htb,Microsoft-Windows-TaskScheduler,Microsoft-Windows-TaskScheduler/Operational,1506,4,%windir%\system32\rundll32.exe,6808,,,,,,,0,,FB325858-23D5-4F3D-BC7C-C7B11C79B3C0,\Microsoft\Windows\Application Experience\PcaPatchDbTask,,,ActionSuccess
2026-05-15T14:59:29.579651Z,102,dc.scaffold.htb,Microsoft-Windows-TaskScheduler,Microsoft-Windows-TaskScheduler/Operational,1507,4,,,FB325858-23D5-4F3D-BC7C-C7B11C79B3C0,,,,,,,,,\Microsoft\Windows\Application Experience\PcaPatchDbTask,NT AUTHORITY\SYSTEM,,TaskSuccessEvent
2026-05-15T14:59:29.840084Z,140,dc.scaffold.htb,Microsoft-Windows-TaskScheduler,Microsoft-Windows-TaskScheduler/Operational,1508,4,,,,,,,,,,,,\Microsoft\Windows\Device Information\Device,,SCAFFOLD\DC$,TaskUpdated
2026-05-15T14:59:29.842828Z,140,dc.scaffold.htb,Microsoft-Windows-TaskScheduler,Microsoft-Windows-TaskScheduler/Operational,1509,4,,,,,,,,,,,,\Microsoft\Windows\Device Information\Device,,SCAFFOLD\DC$,TaskUpdated
2026-05-15T14:59:29.846322Z,201,dc.scaffold.htb,Microsoft-Windows-TaskScheduler,Microsoft-Windows-TaskScheduler/Operational,1510,4,%windir%\system32\devicecensus.exe,6720,,,,,,,0,,9B6CFE7A-15ED-4BA7-A761-5AB058011CFB,\Microsoft\Windows\Device Information\Device,,,ActionSuccess
2026-05-15T14:59:29.846421Z,102,dc.scaffold.htb,Microsoft-Windows-TaskScheduler,Microsoft-Windows-TaskScheduler/Operational,1511,4,,,9B6CFE7A-15ED-4BA7-A761-5AB058011CFB,,,,,,,,,\Microsoft\Windows\Device Information\Device,NT AUTHORITY\SYSTEM,,TaskSuccessEvent
2026-05-15T14:59:35.206379Z,322,dc.scaffold.htb,Microsoft-Windows-TaskScheduler,Microsoft-Windows-TaskScheduler/Operational,1512,3,,,,,,,,,,,C8D7AAA7-2677-495A-95AC-0E99EEC18710,\Microsoft\Windows\Flighting\OneSettings\RefreshCache,,,NewInstanceIgnored
2026-05-15T14:59:35.215045Z,140,dc.scaffold.htb,Microsoft-Windows-TaskScheduler,Microsoft-Windows-TaskScheduler/Operational,1513,4,,,,,,,,,,,,\Microsoft\Windows\UpdateOrchestrator\Schedule Scan,,S-1-5-18,TaskUpdated
2026-05-15T14:59:35.233972Z,140,dc.scaffold.htb,Microsoft-Windows-TaskScheduler,Microsoft-Windows-TaskScheduler/Operational,1514,4,,,,,,,,,,,,\Microsoft\Windows\UpdateOrchestrator\Schedule Scan,,SCAFFOLD\DC$,TaskUpdated
2026-05-15T14:59:42.475281Z,129,dc.scaffold.htb,Microsoft-Windows-TaskScheduler,Microsoft-Windows-TaskScheduler/Operational,1515,4,,,,,%windir%\system32\directxdatabaseupdater.exe,16384,4804,,,,,\Microsoft\Windows\DirectX\DirectXDatabaseUpdater,,,CreatedTaskProcess
2026-05-15T14:59:42.475491Z,100,dc.scaffold.htb,Microsoft-Windows-TaskScheduler,Microsoft-Windows-TaskScheduler/Operational,1516,4,,,74B7009F-2950-4605-9382-0A0B217AE012,,,,,,,,,\Microsoft\Windows\DirectX\DirectXDatabaseUpdater,NT AUTHORITY\SYSTEM,,TaskStartEvent
2026-05-15T14:59:42.475493Z,200,dc.scaffold.htb,Microsoft-Windows-TaskScheduler,Microsoft-Windows-TaskScheduler/Operational,1517,4,%windir%\system32\directxdatabaseupdater.exe,4804,,,,,,,,,74B7009F-2950-4605-9382-0A0B217AE012,\Microsoft\Windows\DirectX\DirectXDatabaseUpdater,,,ActionStart
2026-05-15T14:59:42.532857Z,201,dc.scaffold.htb,Microsoft-Windows-TaskScheduler,Microsoft-Windows-TaskScheduler/Operational,1518,4,%windir%\system32\directxdatabaseupdater.exe,4804,,,,,,,0,,74B7009F-2950-4605-9382-0A0B217AE012,\Microsoft\Windows\DirectX\DirectXDatabaseUpdater,,,ActionSuccess
2026-05-15T14:59:42.532949Z,102,dc.scaffold.htb,Microsoft-Windows-TaskScheduler,Microsoft-Windows-TaskScheduler/Operational,1519,4,,,74B7009F-2950-4605-9382-0A0B217AE012,,,,,,,,,\Microsoft\Windows\DirectX\DirectXDatabaseUpdater,NT AUTHORITY\SYSTEM,,TaskSuccessEvent
2026-05-15T14:59:44.951454Z,100,dc.scaffold.htb,Microsoft-Windows-TaskScheduler,Microsoft-Windows-TaskScheduler/Operational,1520,4,,,E61B1AEA-98D9-40ED-B0CA-BBC275434EB9,,,,,,,,,\Microsoft\Windows\Flighting\FeatureConfig\ReconcileFeatures,NT AUTHORITY\SYSTEM,,TaskStartEvent
2026-05-15T14:59:44.951456Z,200,dc.scaffold.htb,Microsoft-Windows-TaskScheduler,Microsoft-Windows-TaskScheduler/Operational,1521,4,Feature Configuration Reconciliation Task Handler,6776,,,,,,,,,E61B1AEA-98D9-40ED-B0CA-BBC275434EB9,\Microsoft\Windows\Flighting\FeatureConfig\ReconcileFeatures,,,ActionStart
2026-05-15T14:59:44.979241Z,201,dc.scaffold.htb,Microsoft-Windows-TaskScheduler,Microsoft-Windows-TaskScheduler/Operational,1522,4,Feature Configuration Reconciliation Task Handler,6776,,,,,,,0,,E61B1AEA-98D9-40ED-B0CA-BBC275434EB9,\Microsoft\Windows\Flighting\FeatureConfig\ReconcileFeatures,,,ActionSuccess
2026-05-15T14:59:44.979242Z,102,dc.scaffold.htb,Microsoft-Windows-TaskScheduler,Microsoft-Windows-TaskScheduler/Operational,1523,4,,,E61B1AEA-98D9-40ED-B0CA-BBC275434EB9,,,,,,,,,\Microsoft\Windows\Flighting\FeatureConfig\ReconcileFeatures,NT AUTHORITY\SYSTEM,,TaskSuccessEvent
2026-05-15T15:00:08.790524Z,129,dc.scaffold.htb,Microsoft-Windows-TaskScheduler,Microsoft-Windows-TaskScheduler/Operational,1524,4,,,,,%windir%\system32\wermgr.exe,16384,5648,,,,,\Microsoft\Windows\Windows Error Reporting\QueueReporting,,,CreatedTaskProcess
2026-05-15T15:00:08.790651Z,100,dc.scaffold.htb,Microsoft-Windows-TaskScheduler,Microsoft-Windows-TaskScheduler/Operational,1525,4,,,E9DF9613-8258-4FF6-BC99-3FF7B5285283,,,,,,,,,\Microsoft\Windows\Windows Error Reporting\QueueReporting,NT AUTHORITY\SYSTEM,,TaskStartEvent
2026-05-15T15:00:08.790655Z,200,dc.scaffold.htb,Microsoft-Windows-TaskScheduler,Microsoft-Windows-TaskScheduler/Operational,1526,4,%windir%\system32\wermgr.exe,5648,,,,,,,,,E9DF9613-8258-4FF6-BC99-3FF7B5285283,\Microsoft\Windows\Windows Error Reporting\QueueReporting,,,ActionStart
2026-05-15T15:00:08.826608Z,201,dc.scaffold.htb,Microsoft-Windows-TaskScheduler,Microsoft-Windows-TaskScheduler/Operational,1527,4,%windir%\system32\wermgr.exe,5648,,,,,,,0,,E9DF9613-8258-4FF6-BC99-3FF7B5285283,\Microsoft\Windows\Windows Error Reporting\QueueReporting,,,ActionSuccess
2026-05-15T15:00:08.826806Z,102,dc.scaffold.htb,Microsoft-Windows-TaskScheduler,Microsoft-Windows-TaskScheduler/Operational,1528,4,,,E9DF9613-8258-4FF6-BC99-3FF7B5285283,,,,,,,,,\Microsoft\Windows\Windows Error Reporting\QueueReporting,NT AUTHORITY\SYSTEM,,TaskSuccessEvent
2026-05-15T15:00:20.417018Z,140,dc.scaffold.htb,Microsoft-Windows-TaskScheduler,Microsoft-Windows-TaskScheduler/Operational,1529,4,,,,,,,,,,,,\Microsoft\Windows\Flighting\OneSettings\RefreshCache,,SCAFFOLD\DC$,TaskUpdated
2026-05-15T15:00:20.419620Z,201,dc.scaffold.htb,Microsoft-Windows-TaskScheduler,Microsoft-Windows-TaskScheduler/Operational,1530,4,OneSettings Refresh Cache Task Handler,6776,,,,,,,0,,C8D7AAA7-2677-495A-95AC-0E99EEC18710,\Microsoft\Windows\Flighting\OneSettings\RefreshCache,,,ActionSuccess
2026-05-15T15:00:20.419622Z,102,dc.scaffold.htb,Microsoft-Windows-TaskScheduler,Microsoft-Windows-TaskScheduler/Operational,1531,4,,,C8D7AAA7-2677-495A-95AC-0E99EEC18710,,,,,,,,,\Microsoft\Windows\Flighting\OneSettings\RefreshCache,NT AUTHORITY\SYSTEM,,TaskSuccessEvent
2026-05-15T15:00:39.902300Z,140,dc.scaffold.htb,Microsoft-Windows-TaskScheduler,Microsoft-Windows-TaskScheduler/Operational,1532,4,,,,,,,,,,,,\Microsoft\Windows\SoftwareProtectionPlatform\SvcRestartTask,,SCAFFOLD\DC$,TaskUpdated
2026-05-15T15:01:07.569726Z,129,dc.scaffold.htb,Microsoft-Windows-TaskScheduler,Microsoft-Windows-TaskScheduler/Operational,1533,4,,,,,%systemroot%\system32\MusNotification.exe,16384,596,,,,,\Microsoft\Windows\UpdateOrchestrator\USO_UxBroker,,,CreatedTaskProcess
2026-05-15T15:01:07.569838Z,100,dc.scaffold.htb,Microsoft-Windows-TaskScheduler,Microsoft-Windows-TaskScheduler/Operational,1534,4,,,638742C2-974A-4561-8FDA-97D35585B53E,,,,,,,,,\Microsoft\Windows\UpdateOrchestrator\USO_UxBroker,NT AUTHORITY\SYSTEM,,TaskStartEvent
2026-05-15T15:01:07.569839Z,200,dc.scaffold.htb,Microsoft-Windows-TaskScheduler,Microsoft-Windows-TaskScheduler/Operational,1535,4,%systemroot%\system32\MusNotification.exe,596,,,,,,,,,638742C2-974A-4561-8FDA-97D35585B53E,\Microsoft\Windows\UpdateOrchestrator\USO_UxBroker,,,ActionStart
2026-05-15T15:01:07.617734Z,106,dc.scaffold.htb,Microsoft-Windows-TaskScheduler,Microsoft-Windows-TaskScheduler/Operational,1536,4,,,,,,,,,,,,\Microsoft\Windows\UpdateOrchestrator\Reboot_AC,S-1-5-18,,TaskRegisteredEvent
2026-05-15T15:01:07.617735Z,140,dc.scaffold.htb,Microsoft-Windows-TaskScheduler,Microsoft-Windows-TaskScheduler/Operational,1537,4,,,,,,,,,,,,\Microsoft\Windows\UpdateOrchestrator\Reboot_AC,,S-1-5-18,TaskUpdated
2026-05-15T15:01:07.936666Z,201,dc.scaffold.htb,Microsoft-Windows-TaskScheduler,Microsoft-Windows-TaskScheduler/Operational,1538,4,%systemroot%\system32\MusNotification.exe,596,,,,,,,0,,638742C2-974A-4561-8FDA-97D35585B53E,\Microsoft\Windows\UpdateOrchestrator\USO_UxBroker,,,ActionSuccess
2026-05-15T15:01:07.936836Z,102,dc.scaffold.htb,Microsoft-Windows-TaskScheduler,Microsoft-Windows-TaskScheduler/Operational,1539,4,,,638742C2-974A-4561-8FDA-97D35585B53E,,,,,,,,,\Microsoft\Windows\UpdateOrchestrator\USO_UxBroker,NT AUTHORITY\SYSTEM,,TaskSuccessEvent
2026-05-15T15:01:22.835896Z,129,dc.scaffold.htb,Microsoft-Windows-TaskScheduler,Microsoft-Windows-TaskScheduler/Operational,1540,4,,,,,%systemroot%\system32\MusNotification.exe,16384,5860,,,,,\Microsoft\Windows\UpdateOrchestrator\USO_UxBroker,,,CreatedTaskProcess
2026-05-15T15:01:22.836003Z,100,dc.scaffold.htb,Microsoft-Windows-TaskScheduler,Microsoft-Windows-TaskScheduler/Operational,1541,4,,,F49A9510-A87B-41AC-8047-CF2825A7F2F5,,,,,,,,,\Microsoft\Windows\UpdateOrchestrator\USO_UxBroker,NT AUTHORITY\SYSTEM,,TaskStartEvent
2026-05-15T15:01:22.836004Z,200,dc.scaffold.htb,Microsoft-Windows-TaskScheduler,Microsoft-Windows-TaskScheduler/Operational,1542,4,%systemroot%\system32\MusNotification.exe,5860,,,,,,,,,F49A9510-A87B-41AC-8047-CF2825A7F2F5,\Microsoft\Windows\UpdateOrchestrator\USO_UxBroker,,,ActionStart
2026-05-15T15:01:23.365590Z,140,dc.scaffold.htb,Microsoft-Windows-TaskScheduler,Microsoft-Windows-TaskScheduler/Operational,1543,4,,,,,,,,,,,,\Microsoft\Windows\UpdateOrchestrator\Reboot_AC,,S-1-5-18,TaskUpdated
2026-05-15T15:01:23.723794Z,201,dc.scaffold.htb,Microsoft-Windows-TaskScheduler,Microsoft-Windows-TaskScheduler/Operational,1544,4,%systemroot%\system32\MusNotification.exe,5860,,,,,,,0,,F49A9510-A87B-41AC-8047-CF2825A7F2F5,\Microsoft\Windows\UpdateOrchestrator\USO_UxBroker,,,ActionSuccess
2026-05-15T15:01:23.724056Z,102,dc.scaffold.htb,Microsoft-Windows-TaskScheduler,Microsoft-Windows-TaskScheduler/Operational,1545,4,,,F49A9510-A87B-41AC-8047-CF2825A7F2F5,,,,,,,,,\Microsoft\Windows\UpdateOrchestrator\USO_UxBroker,NT AUTHORITY\SYSTEM,,TaskSuccessEvent
2026-05-15T15:01:46.503722Z,140,dc.scaffold.htb,Microsoft-Windows-TaskScheduler,Microsoft-Windows-TaskScheduler/Operational,1546,4,,,,,,,,,,,,\Microsoft\Windows\SoftwareProtectionPlatform\SvcRestartTask,,SCAFFOLD\DC$,TaskUpdated
2026-05-15T15:05:22.681850Z,114,dc.scaffold.htb,Microsoft-Windows-TaskScheduler,Microsoft-Windows-TaskScheduler/Operational,1547,3,,,F5FCC755-90E6-498A-8043-3E0E1F829412,,,,,,,,,\Microsoft\Windows\Speech\SpeechModelDownloadTask,,,MissedTaskLaunched
2026-05-15T15:05:22.692895Z,129,dc.scaffold.htb,Microsoft-Windows-TaskScheduler,Microsoft-Windows-TaskScheduler/Operational,1548,4,,,,,%windir%\system32\speech_onecore\common\SpeechModelDownload.exe,16384,7084,,,,,\Microsoft\Windows\Speech\SpeechModelDownloadTask,,,CreatedTaskProcess
2026-05-15T15:05:22.693356Z,100,dc.scaffold.htb,Microsoft-Windows-TaskScheduler,Microsoft-Windows-TaskScheduler/Operational,1549,4,,,F5FCC755-90E6-498A-8043-3E0E1F829412,,,,,,,,,\Microsoft\Windows\Speech\SpeechModelDownloadTask,(NONE),,TaskStartEvent
2026-05-15T15:05:22.693358Z,200,dc.scaffold.htb,Microsoft-Windows-TaskScheduler,Microsoft-Windows-TaskScheduler/Operational,1550,4,%windir%\system32\speech_onecore\common\SpeechModelDownload.exe,7084,,,,,,,,,F5FCC755-90E6-498A-8043-3E0E1F829412,\Microsoft\Windows\Speech\SpeechModelDownloadTask,,,ActionStart
2026-05-15T15:05:22.695003Z,114,dc.scaffold.htb,Microsoft-Windows-TaskScheduler,Microsoft-Windows-TaskScheduler/Operational,1551,3,,,A19BDFFA-9470-4AA8-A2C9-5B1184B45A41,,,,,,,,,\Microsoft\Windows\Windows Defender\Windows Defender Scheduled Scan,,,MissedTaskLaunched
2026-05-15T15:05:22.696913Z,129,dc.scaffold.htb,Microsoft-Windows-TaskScheduler,Microsoft-Windows-TaskScheduler/Operational,1552,4,,,,,C:\Program Files\Windows Defender\MpCmdRun.exe,16384,1732,,,,,\Microsoft\Windows\Windows Defender\Windows Defender Scheduled Scan,,,CreatedTaskProcess
2026-05-15T15:05:22.697048Z,100,dc.scaffold.htb,Microsoft-Windows-TaskScheduler,Microsoft-Windows-TaskScheduler/Operational,1553,4,,,A19BDFFA-9470-4AA8-A2C9-5B1184B45A41,,,,,,,,,\Microsoft\Windows\Windows Defender\Windows Defender Scheduled Scan,NT AUTHORITY\SYSTEM,,TaskStartEvent
2026-05-15T15:05:22.697049Z,200,dc.scaffold.htb,Microsoft-Windows-TaskScheduler,Microsoft-Windows-TaskScheduler/Operational,1554,4,C:\Program Files\Windows Defender\MpCmdRun.exe,1732,,,,,,,,,A19BDFFA-9470-4AA8-A2C9-5B1184B45A41,\Microsoft\Windows\Windows Defender\Windows Defender Scheduled Scan,,,ActionStart
2026-05-15T15:05:22.700116Z,129,dc.scaffold.htb,Microsoft-Windows-TaskScheduler,Microsoft-Windows-TaskScheduler/Operational,1555,4,,,,,taskhostw.exe,16384,7880,,,,,\Microsoft\Windows\.NET Framework\.NET Framework NGEN v4.0.30319,,,CreatedTaskProcess
2026-05-15T15:05:22.700417Z,100,dc.scaffold.htb,Microsoft-Windows-TaskScheduler,Microsoft-Windows-TaskScheduler/Operational,1556,4,,,B4D8C62D-AFB7-477C-BD86-172559F9E4C0,,,,,,,,,\Microsoft\Windows\.NET Framework\.NET Framework NGEN v4.0.30319,NT AUTHORITY\SYSTEM,,TaskStartEvent
2026-05-15T15:05:22.700418Z,200,dc.scaffold.htb,Microsoft-Windows-TaskScheduler,Microsoft-Windows-TaskScheduler/Operational,1557,4,,7880,,,,,,,,,B4D8C62D-AFB7-477C-BD86-172559F9E4C0,\Microsoft\Windows\.NET Framework\.NET Framework NGEN v4.0.30319,,,ActionStart
2026-05-15T15:05:22.700815Z,100,dc.scaffold.htb,Microsoft-Windows-TaskScheduler,Microsoft-Windows-TaskScheduler/Operational,1558,4,,,2FCA1525-F9BF-40A8-B51D-8E1486DFCA70,,,,,,,,,\Microsoft\Windows\.NET Framework\.NET Framework NGEN v4.0.30319 64,NT AUTHORITY\SYSTEM,,TaskStartEvent
2026-05-15T15:05:22.700816Z,200,dc.scaffold.htb,Microsoft-Windows-TaskScheduler,Microsoft-Windows-TaskScheduler/Operational,1559,4,,7880,,,,,,,,,2FCA1525-F9BF-40A8-B51D-8E1486DFCA70,\Microsoft\Windows\.NET Framework\.NET Framework NGEN v4.0.30319 64,,,ActionStart
2026-05-15T15:05:22.705191Z,201,dc.scaffold.htb,Microsoft-Windows-TaskScheduler,Microsoft-Windows-TaskScheduler/Operational,1560,4,%windir%\system32\speech_onecore\common\SpeechModelDownload.exe,7084,,,,,,,0,,F5FCC755-90E6-498A-8043-3E0E1F829412,\Microsoft\Windows\Speech\SpeechModelDownloadTask,,,ActionSuccess
2026-05-15T15:05:22.705363Z,102,dc.scaffold.htb,Microsoft-Windows-TaskScheduler,Microsoft-Windows-TaskScheduler/Operational,1561,4,,,F5FCC755-90E6-498A-8043-3E0E1F829412,,,,,,,,,\Microsoft\Windows\Speech\SpeechModelDownloadTask,(NONE),,TaskSuccessEvent
2026-05-15T15:05:22.827385Z,140,dc.scaffold.htb,Microsoft-Windows-TaskScheduler,Microsoft-Windows-TaskScheduler/Operational,1562,4,,,,,,,,,,,,\Microsoft\Windows\.NET Framework\.NET Framework NGEN v4.0.30319 64,,SYSTEM,TaskUpdated
2026-05-15T15:05:22.851453Z,140,dc.scaffold.htb,Microsoft-Windows-TaskScheduler,Microsoft-Windows-TaskScheduler/Operational,1563,4,,,,,,,,,,,,\Microsoft\Windows\.NET Framework\.NET Framework NGEN v4.0.30319,,SYSTEM,TaskUpdated
2026-05-15T15:05:23.706522Z,129,dc.scaffold.htb,Microsoft-Windows-TaskScheduler,Microsoft-Windows-TaskScheduler/Operational,1564,4,,,,,C:\Program Files\Windows Defender\MpCmdRun.exe,16384,7016,,,,,\Microsoft\Windows\Windows Defender\Windows Defender Verification,,,CreatedTaskProcess
2026-05-15T15:05:23.706660Z,100,dc.scaffold.htb,Microsoft-Windows-TaskScheduler,Microsoft-Windows-TaskScheduler/Operational,1565,4,,,794F83BE-AB30-4AA3-BD4E-132B6C235D88,,,,,,,,,\Microsoft\Windows\Windows Defender\Windows Defender Verification,NT AUTHORITY\SYSTEM,,TaskStartEvent
2026-05-15T15:05:23.706661Z,200,dc.scaffold.htb,Microsoft-Windows-TaskScheduler,Microsoft-Windows-TaskScheduler/Operational,1566,4,C:\Program Files\Windows Defender\MpCmdRun.exe,7016,,,,,,,,,794F83BE-AB30-4AA3-BD4E-132B6C235D88,\Microsoft\Windows\Windows Defender\Windows Defender Verification,,,ActionStart
2026-05-15T15:05:23.708873Z,129,dc.scaffold.htb,Microsoft-Windows-TaskScheduler,Microsoft-Windows-TaskScheduler/Operational,1567,4,,,,,C:\Program Files\Windows Defender\MpCmdRun.exe,16384,760,,,,,\Microsoft\Windows\Windows Defender\Windows Defender Cleanup,,,CreatedTaskProcess
2026-05-15T15:05:23.709092Z,100,dc.scaffold.htb,Microsoft-Windows-TaskScheduler,Microsoft-Windows-TaskScheduler/Operational,1568,4,,,5E98A19A-ED27-4605-87D0-21E5F897FD52,,,,,,,,,\Microsoft\Windows\Windows Defender\Windows Defender Cleanup,NT AUTHORITY\SYSTEM,,TaskStartEvent
2026-05-15T15:05:23.709094Z,200,dc.scaffold.htb,Microsoft-Windows-TaskScheduler,Microsoft-Windows-TaskScheduler/Operational,1569,4,C:\Program Files\Windows Defender\MpCmdRun.exe,760,,,,,,,,,5E98A19A-ED27-4605-87D0-21E5F897FD52,\Microsoft\Windows\Windows Defender\Windows Defender Cleanup,,,ActionStart
2026-05-15T15:05:23.711054Z,129,dc.scaffold.htb,Microsoft-Windows-TaskScheduler,Microsoft-Windows-TaskScheduler/Operational,1570,4,,,,,C:\Program Files\Windows Defender\MpCmdRun.exe,16384,1580,,,,,\Microsoft\Windows\Windows Defender\Windows Defender Cache Maintenance,,,CreatedTaskProcess
2026-05-15T15:05:23.711155Z,100,dc.scaffold.htb,Microsoft-Windows-TaskScheduler,Microsoft-Windows-TaskScheduler/Operational,1571,4,,,157FCEE6-91C3-49D1-86DC-57325B2B3B75,,,,,,,,,\Microsoft\Windows\Windows Defender\Windows Defender Cache Maintenance,NT AUTHORITY\SYSTEM,,TaskStartEvent
2026-05-15T15:05:23.711156Z,200,dc.scaffold.htb,Microsoft-Windows-TaskScheduler,Microsoft-Windows-TaskScheduler/Operational,1572,4,C:\Program Files\Windows Defender\MpCmdRun.exe,1580,,,,,,,,,157FCEE6-91C3-49D1-86DC-57325B2B3B75,\Microsoft\Windows\Windows Defender\Windows Defender Cache Maintenance,,,ActionStart
2026-05-15T15:05:23.713226Z,129,dc.scaffold.htb,Microsoft-Windows-TaskScheduler,Microsoft-Windows-TaskScheduler/Operational,1573,4,,,,,%windir%\system32\compattelrunner.exe,32,1360,,,,,\Microsoft\Windows\Application Experience\ProgramDataUpdater,,,CreatedTaskProcess
2026-05-15T15:05:23.713345Z,100,dc.scaffold.htb,Microsoft-Windows-TaskScheduler,Microsoft-Windows-TaskScheduler/Operational,1574,4,,,A6251FCA-1B11-485E-8149-E712DFEE566A,,,,,,,,,\Microsoft\Windows\Application Experience\ProgramDataUpdater,NT AUTHORITY\SYSTEM,,TaskStartEvent
2026-05-15T15:05:23.713347Z,200,dc.scaffold.htb,Microsoft-Windows-TaskScheduler,Microsoft-Windows-TaskScheduler/Operational,1575,4,%windir%\system32\compattelrunner.exe,1360,,,,,,,,,A6251FCA-1B11-485E-8149-E712DFEE566A,\Microsoft\Windows\Application Experience\ProgramDataUpdater,,,ActionStart
2026-05-15T15:05:23.716119Z,129,dc.scaffold.htb,Microsoft-Windows-TaskScheduler,Microsoft-Windows-TaskScheduler/Operational,1576,4,,,,,%windir%\system32\rundll32.exe,32,7136,,,,,\Microsoft\Windows\Application Experience\StartupAppTask,,,CreatedTaskProcess
2026-05-15T15:05:23.716396Z,100,dc.scaffold.htb,Microsoft-Windows-TaskScheduler,Microsoft-Windows-TaskScheduler/Operational,1577,4,,,C23F2674-C8FB-4F5B-BF42-E4C43699F101,,,,,,,,,\Microsoft\Windows\Application Experience\StartupAppTask,SCAFFOLD\Administrator,,TaskStartEvent
2026-05-15T15:05:23.716397Z,200,dc.scaffold.htb,Microsoft-Windows-TaskScheduler,Microsoft-Windows-TaskScheduler/Operational,1578,4,%windir%\system32\rundll32.exe,7136,,,,,,,,,C23F2674-C8FB-4F5B-BF42-E4C43699F101,\Microsoft\Windows\Application Experience\StartupAppTask,,,ActionStart
2026-05-15T15:05:23.716549Z,325,dc.scaffold.htb,Microsoft-Windows-TaskScheduler,Microsoft-Windows-TaskScheduler/Operational,1579,3,,,,,,,,58ACF5BD-3264-472B-8AF5-01A70D277709,,,,\Microsoft\Windows\Power Efficiency Diagnostics\AnalyzeSystem,,,TaskInstanceQueued
2026-05-15T15:05:23.717012Z,100,dc.scaffold.htb,Microsoft-Windows-TaskScheduler,Microsoft-Windows-TaskScheduler/Operational,1580,4,,,FBBAE593-7FE1-4F2F-94CD-64C61D654A32,,,,,,,,,\Microsoft\Windows\Setup\SetupCleanupTask,NT AUTHORITY\SYSTEM,,TaskStartEvent
2026-05-15T15:05:23.717013Z,200,dc.scaffold.htb,Microsoft-Windows-TaskScheduler,Microsoft-Windows-TaskScheduler/Operational,1581,4,Setup Cleanup Task,7880,,,,,,,,,FBBAE593-7FE1-4F2F-94CD-64C61D654A32,\Microsoft\Windows\Setup\SetupCleanupTask,,,ActionStart
2026-05-15T15:05:24.259271Z,201,dc.scaffold.htb,Microsoft-Windows-TaskScheduler,Microsoft-Windows-TaskScheduler/Operational,1582,4,%windir%\system32\rundll32.exe,7136,,,,,,,0,,C23F2674-C8FB-4F5B-BF42-E4C43699F101,\Microsoft\Windows\Application Experience\StartupAppTask,,,ActionSuccess
2026-05-15T15:05:24.259608Z,102,dc.scaffold.htb,Microsoft-Windows-TaskScheduler,Microsoft-Windows-TaskScheduler/Operational,1583,4,,,C23F2674-C8FB-4F5B-BF42-E4C43699F101,,,,,,,,,\Microsoft\Windows\Application Experience\StartupAppTask,SCAFFOLD\Administrator,,TaskSuccessEvent
2026-05-15T15:05:26.825023Z,141,dc.scaffold.htb,Microsoft-Windows-TaskScheduler,Microsoft-Windows-TaskScheduler/Operational,1584,4,,,,,,,,,,,,\Microsoft\Windows\Setup\SetupCleanupTask,,NT AUTHORITY\System,TaskDeleted
2026-05-15T15:05:26.825741Z,111,dc.scaffold.htb,Microsoft-Windows-TaskScheduler,Microsoft-Windows-TaskScheduler/Operational,1585,4,,,FBBAE593-7FE1-4F2F-94CD-64C61D654A32,,,,,,,,,\Microsoft\Windows\Setup\SetupCleanupTask,,,TaskTerminationEvent
2026-05-15T15:05:34.706279Z,330,dc.scaffold.htb,Microsoft-Windows-TaskScheduler,Microsoft-Windows-TaskScheduler/Operational,1586,4,,,,,,,,,,,A19BDFFA-9470-4AA8-A2C9-5B1184B45A41,\Microsoft\Windows\Windows Defender\Windows Defender Scheduled Scan,NT AUTHORITY\SYSTEM,,StoppedOnRequest
2026-05-15T15:05:34.706445Z,201,dc.scaffold.htb,Microsoft-Windows-TaskScheduler,Microsoft-Windows-TaskScheduler/Operational,1587,4,C:\Program Files\Windows Defender\MpCmdRun.exe,1732,,,,,,,2147943691,,A19BDFFA-9470-4AA8-A2C9-5B1184B45A41,\Microsoft\Windows\Windows Defender\Windows Defender Scheduled Scan,,,ActionSuccess
2026-05-15T15:05:34.706615Z,102,dc.scaffold.htb,Microsoft-Windows-TaskScheduler,Microsoft-Windows-TaskScheduler/Operational,1588,4,,,A19BDFFA-9470-4AA8-A2C9-5B1184B45A41,,,,,,,,,\Microsoft\Windows\Windows Defender\Windows Defender Scheduled Scan,NT AUTHORITY\SYSTEM,,TaskSuccessEvent
2026-05-15T15:05:34.706631Z,111,dc.scaffold.htb,Microsoft-Windows-TaskScheduler,Microsoft-Windows-TaskScheduler/Operational,1589,4,,,A19BDFFA-9470-4AA8-A2C9-5B1184B45A41,,,,,,,,,\Microsoft\Windows\Windows Defender\Windows Defender Scheduled Scan,,,TaskTerminationEvent
2026-05-15T15:05:34.708867Z,141,dc.scaffold.htb,Microsoft-Windows-TaskScheduler,Microsoft-Windows-TaskScheduler/Operational,1590,4,,,,,,,,,,,,\Microsoft\Windows\Windows Defender\Windows Defender Scheduled Scan,,NT AUTHORITY\System,TaskDeleted
2026-05-15T15:05:34.718808Z,106,dc.scaffold.htb,Microsoft-Windows-TaskScheduler,Microsoft-Windows-TaskScheduler/Operational,1591,4,,,,,,,,,,,,\Microsoft\Windows\Windows Defender\Windows Defender Scheduled Scan,SCAFFOLD\DC$,,TaskRegisteredEvent
2026-05-15T15:05:34.718810Z,140,dc.scaffold.htb,Microsoft-Windows-TaskScheduler,Microsoft-Windows-TaskScheduler/Operational,1592,4,,,,,,,,,,,,\Microsoft\Windows\Windows Defender\Windows Defender Scheduled Scan,,SCAFFOLD\DC$,TaskUpdated
2026-05-15T15:05:43.090581Z,140,dc.scaffold.htb,Microsoft-Windows-TaskScheduler,Microsoft-Windows-TaskScheduler/Operational,1593,4,,,,,,,,,,,,\Microsoft\Windows\.NET Framework\.NET Framework NGEN v4.0.30319 64,,SYSTEM,TaskUpdated
2026-05-15T15:05:43.108490Z,202,dc.scaffold.htb,Microsoft-Windows-TaskScheduler,Microsoft-Windows-TaskScheduler/Operational,1594,2,,7880,,,,,,,2147946720,,2FCA1525-F9BF-40A8-B51D-8E1486DFCA70,\Microsoft\Windows\.NET Framework\.NET Framework NGEN v4.0.30319 64,,,ActionFailure
2026-05-15T15:05:43.108492Z,103,dc.scaffold.htb,Microsoft-Windows-TaskScheduler,Microsoft-Windows-TaskScheduler/Operational,1595,2,,,2FCA1525-F9BF-40A8-B51D-8E1486DFCA70,,,,,,2147946720,,,\Microsoft\Windows\.NET Framework\.NET Framework NGEN v4.0.30319 64,NT AUTHORITY\SYSTEM,,TaskFailureEvent
2026-05-15T15:05:43.436503Z,107,dc.scaffold.htb,Microsoft-Windows-TaskScheduler,Microsoft-Windows-TaskScheduler/Operational,1596,4,,,320E5111-8395-41ED-8162-C2F1780EDE30,,,,,,,,,\Microsoft\Windows\Flighting\OneSettings\RefreshCache,,,TimeTriggerEvent
2026-05-15T15:05:43.436665Z,100,dc.scaffold.htb,Microsoft-Windows-TaskScheduler,Microsoft-Windows-TaskScheduler/Operational,1597,4,,,320E5111-8395-41ED-8162-C2F1780EDE30,,,,,,,,,\Microsoft\Windows\Flighting\OneSettings\RefreshCache,NT AUTHORITY\SYSTEM,,TaskStartEvent
2026-05-15T15:05:43.436666Z,200,dc.scaffold.htb,Microsoft-Windows-TaskScheduler,Microsoft-Windows-TaskScheduler/Operational,1598,4,OneSettings Refresh Cache Task Handler,7880,,,,,,,,,320E5111-8395-41ED-8162-C2F1780EDE30,\Microsoft\Windows\Flighting\OneSettings\RefreshCache,,,ActionStart
2026-05-15T15:06:01.932885Z,140,dc.scaffold.htb,Microsoft-Windows-TaskScheduler,Microsoft-Windows-TaskScheduler/Operational,1599,4,,,,,,,,,,,,\Microsoft\Windows\.NET Framework\.NET Framework NGEN v4.0.30319,,SYSTEM,TaskUpdated
2026-05-15T15:06:01.942827Z,202,dc.scaffold.htb,Microsoft-Windows-TaskScheduler,Microsoft-Windows-TaskScheduler/Operational,1600,2,,7880,,,,,,,2147946720,,B4D8C62D-AFB7-477C-BD86-172559F9E4C0,\Microsoft\Windows\.NET Framework\.NET Framework NGEN v4.0.30319,,,ActionFailure
2026-05-15T15:06:01.942829Z,103,dc.scaffold.htb,Microsoft-Windows-TaskScheduler,Microsoft-Windows-TaskScheduler/Operational,1601,2,,,B4D8C62D-AFB7-477C-BD86-172559F9E4C0,,,,,,2147946720,,,\Microsoft\Windows\.NET Framework\.NET Framework NGEN v4.0.30319,NT AUTHORITY\SYSTEM,,TaskFailureEvent
2026-05-15T15:06:06.945724Z,140,dc.scaffold.htb,Microsoft-Windows-TaskScheduler,Microsoft-Windows-TaskScheduler/Operational,1602,4,,,,,,,,,,,,\Microsoft\Windows\Flighting\OneSettings\RefreshCache,,SCAFFOLD\DC$,TaskUpdated
2026-05-15T15:06:06.946831Z,201,dc.scaffold.htb,Microsoft-Windows-TaskScheduler,Microsoft-Windows-TaskScheduler/Operational,1603,4,OneSettings Refresh Cache Task Handler,7880,,,,,,,0,,320E5111-8395-41ED-8162-C2F1780EDE30,\Microsoft\Windows\Flighting\OneSettings\RefreshCache,,,ActionSuccess
2026-05-15T15:06:06.946833Z,102,dc.scaffold.htb,Microsoft-Windows-TaskScheduler,Microsoft-Windows-TaskScheduler/Operational,1604,4,,,320E5111-8395-41ED-8162-C2F1780EDE30,,,,,,,,,\Microsoft\Windows\Flighting\OneSettings\RefreshCache,NT AUTHORITY\SYSTEM,,TaskSuccessEvent
2026-05-15T15:06:17.898146Z,140,dc.scaffold.htb,Microsoft-Windows-TaskScheduler,Microsoft-Windows-TaskScheduler/Operational,1605,4,,,,,,,,,,,,\Microsoft\Windows\.NET Framework\.NET Framework NGEN v4.0.30319,,SYSTEM,TaskUpdated
2026-05-15T15:06:17.899851Z,325,dc.scaffold.htb,Microsoft-Windows-TaskScheduler,Microsoft-Windows-TaskScheduler/Operational,1606,3,,,,,,,,0B980DE2-757E-4994-85C8-17927FE73541,,,,\Microsoft\Windows\.NET Framework\.NET Framework NGEN v4.0.30319,,,TaskInstanceQueued
2026-05-15T15:06:17.901890Z,129,dc.scaffold.htb,Microsoft-Windows-TaskScheduler,Microsoft-Windows-TaskScheduler/Operational,1607,4,,,,,taskhostw.exe,16384,4652,,,,,\Microsoft\Windows\.NET Framework\.NET Framework NGEN v4.0.30319,,,CreatedTaskProcess
2026-05-15T15:06:17.902084Z,100,dc.scaffold.htb,Microsoft-Windows-TaskScheduler,Microsoft-Windows-TaskScheduler/Operational,1608,4,,,0B980DE2-757E-4994-85C8-17927FE73541,,,,,,,,,\Microsoft\Windows\.NET Framework\.NET Framework NGEN v4.0.30319,NT AUTHORITY\SYSTEM,,TaskStartEvent
2026-05-15T15:06:17.902086Z,200,dc.scaffold.htb,Microsoft-Windows-TaskScheduler,Microsoft-Windows-TaskScheduler/Operational,1609,4,,4652,,,,,,,,,0B980DE2-757E-4994-85C8-17927FE73541,\Microsoft\Windows\.NET Framework\.NET Framework NGEN v4.0.30319,,,ActionStart
2026-05-15T15:06:17.902257Z,110,dc.scaffold.htb,Microsoft-Windows-TaskScheduler,Microsoft-Windows-TaskScheduler/Operational,1610,4,,,0B980DE2-757E-4994-85C8-17927FE73541,,,,,,,,,\Microsoft\Windows\.NET Framework\.NET Framework NGEN v4.0.30319,System,,TaskRunEvent
2026-05-15T15:06:18.046073Z,140,dc.scaffold.htb,Microsoft-Windows-TaskScheduler,Microsoft-Windows-TaskScheduler/Operational,1611,4,,,,,,,,,,,,\Microsoft\Windows\.NET Framework\.NET Framework NGEN v4.0.30319 64,,SYSTEM,TaskUpdated
2026-05-15T15:06:18.048018Z,325,dc.scaffold.htb,Microsoft-Windows-TaskScheduler,Microsoft-Windows-TaskScheduler/Operational,1612,3,,,,,,,,AE58FE50-6D28-480D-AFB2-7ED16539EE31,,,,\Microsoft\Windows\.NET Framework\.NET Framework NGEN v4.0.30319 64,,,TaskInstanceQueued
2026-05-15T15:06:18.048572Z,100,dc.scaffold.htb,Microsoft-Windows-TaskScheduler,Microsoft-Windows-TaskScheduler/Operational,1613,4,,,AE58FE50-6D28-480D-AFB2-7ED16539EE31,,,,,,,,,\Microsoft\Windows\.NET Framework\.NET Framework NGEN v4.0.30319 64,NT AUTHORITY\SYSTEM,,TaskStartEvent
2026-05-15T15:06:18.048573Z,200,dc.scaffold.htb,Microsoft-Windows-TaskScheduler,Microsoft-Windows-TaskScheduler/Operational,1614,4,,4652,,,,,,,,,AE58FE50-6D28-480D-AFB2-7ED16539EE31,\Microsoft\Windows\.NET Framework\.NET Framework NGEN v4.0.30319 64,,,ActionStart
2026-05-15T15:06:18.048716Z,110,dc.scaffold.htb,Microsoft-Windows-TaskScheduler,Microsoft-Windows-TaskScheduler/Operational,1615,4,,,AE58FE50-6D28-480D-AFB2-7ED16539EE31,,,,,,,,,\Microsoft\Windows\.NET Framework\.NET Framework NGEN v4.0.30319 64,System,,TaskRunEvent
2026-05-15T15:06:18.066819Z,140,dc.scaffold.htb,Microsoft-Windows-TaskScheduler,Microsoft-Windows-TaskScheduler/Operational,1616,4,,,,,,,,,,,,\Microsoft\Windows\.NET Framework\.NET Framework NGEN v4.0.30319,,SYSTEM,TaskUpdated
2026-05-15T15:06:18.166521Z,140,dc.scaffold.htb,Microsoft-Windows-TaskScheduler,Microsoft-Windows-TaskScheduler/Operational,1617,4,,,,,,,,,,,,\Microsoft\Windows\.NET Framework\.NET Framework NGEN v4.0.30319 64,,SYSTEM,TaskUpdated
2026-05-15T15:06:23.776850Z,201,dc.scaffold.htb,Microsoft-Windows-TaskScheduler,Microsoft-Windows-TaskScheduler/Operational,1618,4,C:\Program Files\Windows Defender\MpCmdRun.exe,7016,,,,,,,0,,794F83BE-AB30-4AA3-BD4E-132B6C235D88,\Microsoft\Windows\Windows Defender\Windows Defender Verification,,,ActionSuccess
2026-05-15T15:06:23.777093Z,102,dc.scaffold.htb,Microsoft-Windows-TaskScheduler,Microsoft-Windows-TaskScheduler/Operational,1619,4,,,794F83BE-AB30-4AA3-BD4E-132B6C235D88,,,,,,,,,\Microsoft\Windows\Windows Defender\Windows Defender Verification,NT AUTHORITY\SYSTEM,,TaskSuccessEvent
2026-05-15T15:06:23.793275Z,201,dc.scaffold.htb,Microsoft-Windows-TaskScheduler,Microsoft-Windows-TaskScheduler/Operational,1620,4,C:\Program Files\Windows Defender\MpCmdRun.exe,1580,,,,,,,0,,157FCEE6-91C3-49D1-86DC-57325B2B3B75,\Microsoft\Windows\Windows Defender\Windows Defender Cache Maintenance,,,ActionSuccess
2026-05-15T15:06:23.793414Z,102,dc.scaffold.htb,Microsoft-Windows-TaskScheduler,Microsoft-Windows-TaskScheduler/Operational,1621,4,,,157FCEE6-91C3-49D1-86DC-57325B2B3B75,,,,,,,,,\Microsoft\Windows\Windows Defender\Windows Defender Cache Maintenance,NT AUTHORITY\SYSTEM,,TaskSuccessEvent
2026-05-15T15:06:23.794298Z,201,dc.scaffold.htb,Microsoft-Windows-TaskScheduler,Microsoft-Windows-TaskScheduler/Operational,1622,4,C:\Program Files\Windows Defender\MpCmdRun.exe,760,,,,,,,0,,5E98A19A-ED27-4605-87D0-21E5F897FD52,\Microsoft\Windows\Windows Defender\Windows Defender Cleanup,,,ActionSuccess
2026-05-15T15:06:23.794511Z,102,dc.scaffold.htb,Microsoft-Windows-TaskScheduler,Microsoft-Windows-TaskScheduler/Operational,1623,4,,,5E98A19A-ED27-4605-87D0-21E5F897FD52,,,,,,,,,\Microsoft\Windows\Windows Defender\Windows Defender Cleanup,NT AUTHORITY\SYSTEM,,TaskSuccessEvent
2026-05-15T15:06:25.867276Z,201,dc.scaffold.htb,Microsoft-Windows-TaskScheduler,Microsoft-Windows-TaskScheduler/Operational,1624,4,%windir%\system32\compattelrunner.exe,1360,,,,,,,0,,A6251FCA-1B11-485E-8149-E712DFEE566A,\Microsoft\Windows\Application Experience\ProgramDataUpdater,,,ActionSuccess
2026-05-15T15:06:25.867417Z,102,dc.scaffold.htb,Microsoft-Windows-TaskScheduler,Microsoft-Windows-TaskScheduler/Operational,1625,4,,,A6251FCA-1B11-485E-8149-E712DFEE566A,,,,,,,,,\Microsoft\Windows\Application Experience\ProgramDataUpdater,NT AUTHORITY\SYSTEM,,TaskSuccessEvent
2026-05-15T15:06:35.371919Z,140,dc.scaffold.htb,Microsoft-Windows-TaskScheduler,Microsoft-Windows-TaskScheduler/Operational,1626,4,,,,,,,,,,,,\Microsoft\Windows\SoftwareProtectionPlatform\SvcRestartTask,,SCAFFOLD\DC$,TaskUpdated
2026-05-15T15:06:42.809358Z,140,dc.scaffold.htb,Microsoft-Windows-TaskScheduler,Microsoft-Windows-TaskScheduler/Operational,1627,4,,,,,,,,,,,,\Microsoft\Windows\.NET Framework\.NET Framework NGEN v4.0.30319,,SYSTEM,TaskUpdated
2026-05-15T15:06:42.832974Z,202,dc.scaffold.htb,Microsoft-Windows-TaskScheduler,Microsoft-Windows-TaskScheduler/Operational,1628,2,,4652,,,,,,,2147946720,,0B980DE2-757E-4994-85C8-17927FE73541,\Microsoft\Windows\.NET Framework\.NET Framework NGEN v4.0.30319,,,ActionFailure
2026-05-15T15:06:42.832977Z,103,dc.scaffold.htb,Microsoft-Windows-TaskScheduler,Microsoft-Windows-TaskScheduler/Operational,1629,2,,,0B980DE2-757E-4994-85C8-17927FE73541,,,,,,2147946720,,,\Microsoft\Windows\.NET Framework\.NET Framework NGEN v4.0.30319,NT AUTHORITY\SYSTEM,,TaskFailureEvent
2026-05-15T15:07:06.180531Z,129,dc.scaffold.htb,Microsoft-Windows-TaskScheduler,Microsoft-Windows-TaskScheduler/Operational,1630,4,,,,,%windir%\system32\cleanmgr.exe,16384,4856,,,,,\Microsoft\Windows\DiskCleanup\SilentCleanup,,,CreatedTaskProcess
2026-05-15T15:07:06.180803Z,100,dc.scaffold.htb,Microsoft-Windows-TaskScheduler,Microsoft-Windows-TaskScheduler/Operational,1631,4,,,47113124-D6F1-4DB2-AEE2-BB12F1AFAACB,,,,,,,,,\Microsoft\Windows\DiskCleanup\SilentCleanup,SCAFFOLD\Administrator,,TaskStartEvent
2026-05-15T15:07:06.180804Z,200,dc.scaffold.htb,Microsoft-Windows-TaskScheduler,Microsoft-Windows-TaskScheduler/Operational,1632,4,%windir%\system32\cleanmgr.exe,4856,,,,,,,,,47113124-D6F1-4DB2-AEE2-BB12F1AFAACB,\Microsoft\Windows\DiskCleanup\SilentCleanup,,,ActionStart
2026-05-15T15:07:06.180945Z,110,dc.scaffold.htb,Microsoft-Windows-TaskScheduler,Microsoft-Windows-TaskScheduler/Operational,1633,4,,,166853FA-72DE-4794-8EAD-881EBA2446F6,,,,,,,,,\Microsoft\Windows\DiskCleanup\SilentCleanup,Users,,TaskRunEvent
2026-05-15T15:07:12.433955Z,140,dc.scaffold.htb,Microsoft-Windows-TaskScheduler,Microsoft-Windows-TaskScheduler/Operational,1634,4,,,,,,,,,,,,\Microsoft\Windows\.NET Framework\.NET Framework NGEN v4.0.30319 64,,SYSTEM,TaskUpdated
2026-05-15T15:07:12.455671Z,202,dc.scaffold.htb,Microsoft-Windows-TaskScheduler,Microsoft-Windows-TaskScheduler/Operational,1635,2,,4652,,,,,,,2147946720,,AE58FE50-6D28-480D-AFB2-7ED16539EE31,\Microsoft\Windows\.NET Framework\.NET Framework NGEN v4.0.30319 64,,,ActionFailure
2026-05-15T15:07:12.455674Z,103,dc.scaffold.htb,Microsoft-Windows-TaskScheduler,Microsoft-Windows-TaskScheduler/Operational,1636,2,,,AE58FE50-6D28-480D-AFB2-7ED16539EE31,,,,,,2147946720,,,\Microsoft\Windows\.NET Framework\.NET Framework NGEN v4.0.30319 64,NT AUTHORITY\SYSTEM,,TaskFailureEvent
2026-05-15T15:07:20.265539Z,201,dc.scaffold.htb,Microsoft-Windows-TaskScheduler,Microsoft-Windows-TaskScheduler/Operational,1637,4,%windir%\system32\cleanmgr.exe,4856,,,,,,,0,,47113124-D6F1-4DB2-AEE2-BB12F1AFAACB,\Microsoft\Windows\DiskCleanup\SilentCleanup,,,ActionSuccess
2026-05-15T15:07:20.265859Z,102,dc.scaffold.htb,Microsoft-Windows-TaskScheduler,Microsoft-Windows-TaskScheduler/Operational,1638,4,,,47113124-D6F1-4DB2-AEE2-BB12F1AFAACB,,,,,,,,,\Microsoft\Windows\DiskCleanup\SilentCleanup,SCAFFOLD\Administrator,,TaskSuccessEvent
2026-05-15T15:07:21.284228Z,129,dc.scaffold.htb,Microsoft-Windows-TaskScheduler,Microsoft-Windows-TaskScheduler/Operational,1639,4,,,,,taskhostw.exe,16384,6188,,,,,\Microsoft\Windows\Power Efficiency Diagnostics\AnalyzeSystem,,,CreatedTaskProcess
2026-05-15T15:07:21.284907Z,100,dc.scaffold.htb,Microsoft-Windows-TaskScheduler,Microsoft-Windows-TaskScheduler/Operational,1640,4,,,58ACF5BD-3264-472B-8AF5-01A70D277709,,,,,,,,,\Microsoft\Windows\Power Efficiency Diagnostics\AnalyzeSystem,NT AUTHORITY\SYSTEM,,TaskStartEvent
2026-05-15T15:07:21.284909Z,200,dc.scaffold.htb,Microsoft-Windows-TaskScheduler,Microsoft-Windows-TaskScheduler/Operational,1641,4,,6188,,,,,,,,,58ACF5BD-3264-472B-8AF5-01A70D277709,\Microsoft\Windows\Power Efficiency Diagnostics\AnalyzeSystem,,,ActionStart
2026-05-15T15:07:23.179497Z,119,dc.scaffold.htb,Microsoft-Windows-TaskScheduler,Microsoft-Windows-TaskScheduler/Operational,1642,4,,,8E44E1C9-579E-4F0C-929A-49953C5D230F,,,,,,,,,\Microsoft\Windows\Device Information\Device User,,SCAFFOLD\Administrator,LogonTrigger
2026-05-15T15:07:23.186733Z,129,dc.scaffold.htb,Microsoft-Windows-TaskScheduler,Microsoft-Windows-TaskScheduler/Operational,1643,4,,,,,%windir%\system32\devicecensus.exe,16384,8148,,,,,\Microsoft\Windows\Device Information\Device User,,,CreatedTaskProcess
2026-05-15T15:07:23.187056Z,100,dc.scaffold.htb,Microsoft-Windows-TaskScheduler,Microsoft-Windows-TaskScheduler/Operational,1644,4,,,8E44E1C9-579E-4F0C-929A-49953C5D230F,,,,,,,,,\Microsoft\Windows\Device Information\Device User,SCAFFOLD\Administrator,,TaskStartEvent
2026-05-15T15:07:23.187058Z,200,dc.scaffold.htb,Microsoft-Windows-TaskScheduler,Microsoft-Windows-TaskScheduler/Operational,1645,4,%windir%\system32\devicecensus.exe,8148,,,,,,,,,8E44E1C9-579E-4F0C-929A-49953C5D230F,\Microsoft\Windows\Device Information\Device User,,,ActionStart
2026-05-15T15:07:23.217417Z,201,dc.scaffold.htb,Microsoft-Windows-TaskScheduler,Microsoft-Windows-TaskScheduler/Operational,1646,4,%windir%\system32\devicecensus.exe,8148,,,,,,,0,,8E44E1C9-579E-4F0C-929A-49953C5D230F,\Microsoft\Windows\Device Information\Device User,,,ActionSuccess
2026-05-15T15:07:23.217755Z,102,dc.scaffold.htb,Microsoft-Windows-TaskScheduler,Microsoft-Windows-TaskScheduler/Operational,1647,4,,,8E44E1C9-579E-4F0C-929A-49953C5D230F,,,,,,,,,\Microsoft\Windows\Device Information\Device User,SCAFFOLD\Administrator,,TaskSuccessEvent
2026-05-15T15:08:22.740205Z,201,dc.scaffold.htb,Microsoft-Windows-TaskScheduler,Microsoft-Windows-TaskScheduler/Operational,1648,4,,6188,,,,,,,0,,58ACF5BD-3264-472B-8AF5-01A70D277709,\Microsoft\Windows\Power Efficiency Diagnostics\AnalyzeSystem,,,ActionSuccess
2026-05-15T15:08:22.740206Z,102,dc.scaffold.htb,Microsoft-Windows-TaskScheduler,Microsoft-Windows-TaskScheduler/Operational,1649,4,,,58ACF5BD-3264-472B-8AF5-01A70D277709,,,,,,,,,\Microsoft\Windows\Power Efficiency Diagnostics\AnalyzeSystem,NT AUTHORITY\SYSTEM,,TaskSuccessEvent
2026-05-15T15:08:26.600250Z,140,dc.scaffold.htb,Microsoft-Windows-TaskScheduler,Microsoft-Windows-TaskScheduler/Operational,1650,4,,,,,,,,,,,,\Microsoft\Windows\SoftwareProtectionPlatform\SvcRestartTask,,SCAFFOLD\DC$,TaskUpdated
2026-05-15T15:09:23.921935Z,107,dc.scaffold.htb,Microsoft-Windows-TaskScheduler,Microsoft-Windows-TaskScheduler/Operational,1651,4,,,E731C77B-16E8-47FC-9A9B-73B13FB12D76,,,,,,,,,\MicrosoftEdgeUpdateTaskMachineCore,,,TimeTriggerEvent
2026-05-15T15:09:23.924758Z,129,dc.scaffold.htb,Microsoft-Windows-TaskScheduler,Microsoft-Windows-TaskScheduler/Operational,1652,4,,,,,C:\Program Files (x86)\Microsoft\EdgeUpdate\MicrosoftEdgeUpdate.exe,32,6820,,,,,\MicrosoftEdgeUpdateTaskMachineCore,,,CreatedTaskProcess
2026-05-15T15:09:23.924984Z,100,dc.scaffold.htb,Microsoft-Windows-TaskScheduler,Microsoft-Windows-TaskScheduler/Operational,1653,4,,,E731C77B-16E8-47FC-9A9B-73B13FB12D76,,,,,,,,,\MicrosoftEdgeUpdateTaskMachineCore,NT AUTHORITY\SYSTEM,,TaskStartEvent
2026-05-15T15:09:23.924986Z,200,dc.scaffold.htb,Microsoft-Windows-TaskScheduler,Microsoft-Windows-TaskScheduler/Operational,1654,4,C:\Program Files (x86)\Microsoft\EdgeUpdate\MicrosoftEdgeUpdate.exe,6820,,,,,,,,,E731C77B-16E8-47FC-9A9B-73B13FB12D76,\MicrosoftEdgeUpdateTaskMachineCore,,,ActionStart
2026-05-15T15:09:23.957721Z,201,dc.scaffold.htb,Microsoft-Windows-TaskScheduler,Microsoft-Windows-TaskScheduler/Operational,1655,4,C:\Program Files (x86)\Microsoft\EdgeUpdate\MicrosoftEdgeUpdate.exe,6820,,,,,,,0,,E731C77B-16E8-47FC-9A9B-73B13FB12D76,\MicrosoftEdgeUpdateTaskMachineCore,,,ActionSuccess
2026-05-15T15:09:23.957878Z,102,dc.scaffold.htb,Microsoft-Windows-TaskScheduler,Microsoft-Windows-TaskScheduler/Operational,1656,4,,,E731C77B-16E8-47FC-9A9B-73B13FB12D76,,,,,,,,,\MicrosoftEdgeUpdateTaskMachineCore,NT AUTHORITY\SYSTEM,,TaskSuccessEvent
2026-05-15T15:12:57.668843Z,108,dc.scaffold.htb,Microsoft-Windows-TaskScheduler,Microsoft-Windows-TaskScheduler/Operational,1657,4,,,0B3F0570-5348-4881-A226-27E0BE019B10,,,,,,,,,\Microsoft\Windows\Workplace Join\Automatic-Device-Join,,,EventTriggerEvent
2026-05-15T15:12:57.672617Z,129,dc.scaffold.htb,Microsoft-Windows-TaskScheduler,Microsoft-Windows-TaskScheduler/Operational,1658,4,,,,,%SystemRoot%\System32\dsregcmd.exe,16384,7120,,,,,\Microsoft\Windows\Workplace Join\Automatic-Device-Join,,,CreatedTaskProcess
2026-05-15T15:12:57.673430Z,100,dc.scaffold.htb,Microsoft-Windows-TaskScheduler,Microsoft-Windows-TaskScheduler/Operational,1659,4,,,0B3F0570-5348-4881-A226-27E0BE019B10,,,,,,,,,\Microsoft\Windows\Workplace Join\Automatic-Device-Join,NT AUTHORITY\SYSTEM,,TaskStartEvent
2026-05-15T15:12:57.673436Z,200,dc.scaffold.htb,Microsoft-Windows-TaskScheduler,Microsoft-Windows-TaskScheduler/Operational,1660,4,%SystemRoot%\System32\dsregcmd.exe,7120,,,,,,,,,0B3F0570-5348-4881-A226-27E0BE019B10,\Microsoft\Windows\Workplace Join\Automatic-Device-Join,,,ActionStart
2026-05-15T15:12:57.735414Z,201,dc.scaffold.htb,Microsoft-Windows-TaskScheduler,Microsoft-Windows-TaskScheduler/Operational,1661,4,%SystemRoot%\System32\dsregcmd.exe,7120,,,,,,,2147942401,,0B3F0570-5348-4881-A226-27E0BE019B10,\Microsoft\Windows\Workplace Join\Automatic-Device-Join,,,ActionSuccess
2026-05-15T15:12:57.735511Z,102,dc.scaffold.htb,Microsoft-Windows-TaskScheduler,Microsoft-Windows-TaskScheduler/Operational,1662,4,,,0B3F0570-5348-4881-A226-27E0BE019B10,,,,,,,,,\Microsoft\Windows\Workplace Join\Automatic-Device-Join,NT AUTHORITY\SYSTEM,,TaskSuccessEvent
2026-05-15T15:13:39.964580Z,202,dc.scaffold.htb,Microsoft-Windows-TaskScheduler,Microsoft-Windows-TaskScheduler/Operational,1663,2,Wininet Cache task object,6064,,,,,,,2147942404,,CBA0410F-B02B-4333-B27F-233DA4B44208,\Microsoft\Windows\Wininet\CacheTask,,,ActionFailure
2026-05-15T15:13:39.964581Z,103,dc.scaffold.htb,Microsoft-Windows-TaskScheduler,Microsoft-Windows-TaskScheduler/Operational,1664,2,,,CBA0410F-B02B-4333-B27F-233DA4B44208,,,,,,2147942404,,,\Microsoft\Windows\Wininet\CacheTask,,,TaskFailureEvent
2026-05-15T15:13:40.555169Z,201,dc.scaffold.htb,Microsoft-Windows-TaskScheduler,Microsoft-Windows-TaskScheduler/Operational,1665,4,C:\Windows\Explorer.EXE,2992,,,,,,,2147942404,,B158C42A-C1D9-481E-A3E8-BBCEB5D25E38,\CreateExplorerShellUnelevatedTask,,,ActionSuccess
2026-05-15T15:13:40.555442Z,102,dc.scaffold.htb,Microsoft-Windows-TaskScheduler,Microsoft-Windows-TaskScheduler/Operational,1666,4,,,B158C42A-C1D9-481E-A3E8-BBCEB5D25E38,,,,,,,,,\CreateExplorerShellUnelevatedTask,SCAFFOLD\Administrator,,TaskSuccessEvent
2026-05-15T15:13:40.784246Z,201,dc.scaffold.htb,Microsoft-Windows-TaskScheduler,Microsoft-Windows-TaskScheduler/Operational,1667,4,C:\Program Files (x86)\Microsoft\EdgeUpdate\MicrosoftEdgeUpdate.exe,5012,,,,,,,2147943691,,6025B7DB-B4DC-4A32-B927-E3E317ADF30D,\MicrosoftEdgeUpdateTaskMachineCore,,,ActionSuccess
2026-05-15T15:13:40.784320Z,102,dc.scaffold.htb,Microsoft-Windows-TaskScheduler,Microsoft-Windows-TaskScheduler/Operational,1668,4,,,6025B7DB-B4DC-4A32-B927-E3E317ADF30D,,,,,,,,,\MicrosoftEdgeUpdateTaskMachineCore,NT AUTHORITY\SYSTEM,,TaskSuccessEvent
2026-05-15T15:13:40.784328Z,111,dc.scaffold.htb,Microsoft-Windows-TaskScheduler,Microsoft-Windows-TaskScheduler/Operational,1669,4,,,6025B7DB-B4DC-4A32-B927-E3E317ADF30D,,,,,,,,,\MicrosoftEdgeUpdateTaskMachineCore,,,TaskTerminationEvent
2026-05-15T15:13:40.883618Z,140,dc.scaffold.htb,Microsoft-Windows-TaskScheduler,Microsoft-Windows-TaskScheduler/Operational,1670,4,,,,,,,,,,,,\Microsoft\Windows\WindowsUpdate\Scheduled Start,,NT AUTHORITY\SYSTEM,TaskUpdated
2026-05-15T15:13:42.017057Z,402,dc.scaffold.htb,Microsoft-Windows-TaskScheduler,Microsoft-Windows-TaskScheduler/Operational,1671,4,,,,ServiceStopEvent,,,,,,,,,,,
2026-05-15T15:16:50.319945Z,700,dc.scaffold.htb,Microsoft-Windows-TaskScheduler,Microsoft-Windows-TaskScheduler/Operational,1672,4,,,,CompatibilityAdapterLaunch,,,,,,,,,,,
2026-05-15T15:16:50.363569Z,400,dc.scaffold.htb,Microsoft-Windows-TaskScheduler,Microsoft-Windows-TaskScheduler/Operational,1673,4,,,,ServiceStartEvent,,,,,,,,,,,
2026-05-15T15:16:50.418927Z,129,dc.scaffold.htb,Microsoft-Windows-TaskScheduler,Microsoft-Windows-TaskScheduler/Operational,1674,4,,,,,%windir%\system32\dxgiadaptercache.exe,16384,2072,,,,,\Microsoft\Windows\DirectX\DXGIAdapterCache,,,CreatedTaskProcess
2026-05-15T15:16:50.419257Z,100,dc.scaffold.htb,Microsoft-Windows-TaskScheduler,Microsoft-Windows-TaskScheduler/Operational,1675,4,,,38D1C17D-D78C-4DED-AD3A-0E8BE75EE46F,,,,,,,,,\Microsoft\Windows\DirectX\DXGIAdapterCache,NT AUTHORITY\SYSTEM,,TaskStartEvent
2026-05-15T15:16:50.419259Z,200,dc.scaffold.htb,Microsoft-Windows-TaskScheduler,Microsoft-Windows-TaskScheduler/Operational,1676,4,%windir%\system32\dxgiadaptercache.exe,2072,,,,,,,,,38D1C17D-D78C-4DED-AD3A-0E8BE75EE46F,\Microsoft\Windows\DirectX\DXGIAdapterCache,,,ActionStart
2026-05-15T15:16:50.439224Z,118,dc.scaffold.htb,Microsoft-Windows-TaskScheduler,Microsoft-Windows-TaskScheduler/Operational,1677,4,,,8290487D-D245-435B-81DB-DDDD827D1A6D,,,,,,,,,\Microsoft\Windows\ExploitGuard\ExploitGuard MDM policy Refresh,,,BootTrigger
2026-05-15T15:16:50.445155Z,129,dc.scaffold.htb,Microsoft-Windows-TaskScheduler,Microsoft-Windows-TaskScheduler/Operational,1678,4,,,,,taskhostw.exe,16384,2104,,,,,\Microsoft\Windows\ExploitGuard\ExploitGuard MDM policy Refresh,,,CreatedTaskProcess
2026-05-15T15:16:50.445303Z,100,dc.scaffold.htb,Microsoft-Windows-TaskScheduler,Microsoft-Windows-TaskScheduler/Operational,1679,4,,,8290487D-D245-435B-81DB-DDDD827D1A6D,,,,,,,,,\Microsoft\Windows\ExploitGuard\ExploitGuard MDM policy Refresh,NT AUTHORITY\SYSTEM,,TaskStartEvent
2026-05-15T15:16:50.445305Z,200,dc.scaffold.htb,Microsoft-Windows-TaskScheduler,Microsoft-Windows-TaskScheduler/Operational,1680,4,,2104,,,,,,,,,8290487D-D245-435B-81DB-DDDD827D1A6D,\Microsoft\Windows\ExploitGuard\ExploitGuard MDM policy Refresh,,,ActionStart
2026-05-15T15:16:50.635903Z,101,dc.scaffold.htb,Microsoft-Windows-TaskScheduler,Microsoft-Windows-TaskScheduler/Operational,1681,2,,,,,,,,,2147943568,,,\Microsoft\Windows\Workplace Join\Automatic-Device-Join,(default user),,TaskStartFailedEvent
2026-05-15T15:16:50.695292Z,129,dc.scaffold.htb,Microsoft-Windows-TaskScheduler,Microsoft-Windows-TaskScheduler/Operational,1682,4,,,,,%windir%\system32\wermgr.exe,16384,2656,,,,,\Microsoft\Windows\Windows Error Reporting\QueueReporting,,,CreatedTaskProcess
