2026-05-22T13:58:56.871830Z,201,dc.scaffold.htb,Microsoft-Windows-TaskScheduler,Microsoft-Windows-TaskScheduler/Operational,4475,4,%windir%\system32\wermgr.exe,5676,,,,,,,0,,6FAF565A-5ECC-4748-8834-11B869ED967B,\Microsoft\Windows\Windows Error Reporting\QueueReporting,,,ActionSuccess
2026-05-22T13:58:56.871926Z,102,dc.scaffold.htb,Microsoft-Windows-TaskScheduler,Microsoft-Windows-TaskScheduler/Operational,4476,4,,,6FAF565A-5ECC-4748-8834-11B869ED967B,,,,,,,,,\Microsoft\Windows\Windows Error Reporting\QueueReporting,NT AUTHORITY\SYSTEM,,TaskSuccessEvent
2026-05-22T14:01:08.413403Z,114,dc.scaffold.htb,Microsoft-Windows-TaskScheduler,Microsoft-Windows-TaskScheduler/Operational,4477,3,,,ED1F3768-B6D1-4877-8729-D10D5D78D16E,,,,,,,,,\Microsoft\Windows\Speech\SpeechModelDownloadTask,,,MissedTaskLaunched
2026-05-22T14:01:08.420122Z,129,dc.scaffold.htb,Microsoft-Windows-TaskScheduler,Microsoft-Windows-TaskScheduler/Operational,4478,4,,,,,%windir%\system32\speech_onecore\common\SpeechModelDownload.exe,16384,1216,,,,,\Microsoft\Windows\Speech\SpeechModelDownloadTask,,,CreatedTaskProcess
2026-05-22T14:01:08.420298Z,100,dc.scaffold.htb,Microsoft-Windows-TaskScheduler,Microsoft-Windows-TaskScheduler/Operational,4479,4,,,ED1F3768-B6D1-4877-8729-D10D5D78D16E,,,,,,,,,\Microsoft\Windows\Speech\SpeechModelDownloadTask,(NONE),,TaskStartEvent
2026-05-22T14:01:08.420299Z,200,dc.scaffold.htb,Microsoft-Windows-TaskScheduler,Microsoft-Windows-TaskScheduler/Operational,4480,4,%windir%\system32\speech_onecore\common\SpeechModelDownload.exe,1216,,,,,,,,,ED1F3768-B6D1-4877-8729-D10D5D78D16E,\Microsoft\Windows\Speech\SpeechModelDownloadTask,,,ActionStart
2026-05-22T14:01:08.421118Z,114,dc.scaffold.htb,Microsoft-Windows-TaskScheduler,Microsoft-Windows-TaskScheduler/Operational,4481,3,,,EF0EEAB6-7270-4ADB-A3DF-5E592318A828,,,,,,,,,\Microsoft\Windows\Windows Defender\Windows Defender Scheduled Scan,,,MissedTaskLaunched
2026-05-22T14:01:08.423040Z,129,dc.scaffold.htb,Microsoft-Windows-TaskScheduler,Microsoft-Windows-TaskScheduler/Operational,4482,4,,,,,C:\ProgramData\Microsoft\Windows Defender\Platform\4.18.26030.3011-0\MpCmdRun.exe,16384,1344,,,,,\Microsoft\Windows\Windows Defender\Windows Defender Scheduled Scan,,,CreatedTaskProcess
2026-05-22T14:01:08.423360Z,100,dc.scaffold.htb,Microsoft-Windows-TaskScheduler,Microsoft-Windows-TaskScheduler/Operational,4483,4,,,EF0EEAB6-7270-4ADB-A3DF-5E592318A828,,,,,,,,,\Microsoft\Windows\Windows Defender\Windows Defender Scheduled Scan,NT AUTHORITY\SYSTEM,,TaskStartEvent
2026-05-22T14:01:08.423363Z,200,dc.scaffold.htb,Microsoft-Windows-TaskScheduler,Microsoft-Windows-TaskScheduler/Operational,4484,4,C:\ProgramData\Microsoft\Windows Defender\Platform\4.18.26030.3011-0\MpCmdRun.exe,1344,,,,,,,,,EF0EEAB6-7270-4ADB-A3DF-5E592318A828,\Microsoft\Windows\Windows Defender\Windows Defender Scheduled Scan,,,ActionStart
2026-05-22T14:01:08.442576Z,201,dc.scaffold.htb,Microsoft-Windows-TaskScheduler,Microsoft-Windows-TaskScheduler/Operational,4485,4,%windir%\system32\speech_onecore\common\SpeechModelDownload.exe,1216,,,,,,,0,,ED1F3768-B6D1-4877-8729-D10D5D78D16E,\Microsoft\Windows\Speech\SpeechModelDownloadTask,,,ActionSuccess
2026-05-22T14:01:08.442842Z,102,dc.scaffold.htb,Microsoft-Windows-TaskScheduler,Microsoft-Windows-TaskScheduler/Operational,4486,4,,,ED1F3768-B6D1-4877-8729-D10D5D78D16E,,,,,,,,,\Microsoft\Windows\Speech\SpeechModelDownloadTask,(NONE),,TaskSuccessEvent
2026-05-22T14:01:31.589349Z,201,dc.scaffold.htb,Microsoft-Windows-TaskScheduler,Microsoft-Windows-TaskScheduler/Operational,4487,4,C:\ProgramData\Microsoft\Windows Defender\Platform\4.18.26030.3011-0\MpCmdRun.exe,1344,,,,,,,0,,EF0EEAB6-7270-4ADB-A3DF-5E592318A828,\Microsoft\Windows\Windows Defender\Windows Defender Scheduled Scan,,,ActionSuccess
2026-05-22T14:01:31.589639Z,102,dc.scaffold.htb,Microsoft-Windows-TaskScheduler,Microsoft-Windows-TaskScheduler/Operational,4488,4,,,EF0EEAB6-7270-4ADB-A3DF-5E592318A828,,,,,,,,,\Microsoft\Windows\Windows Defender\Windows Defender Scheduled Scan,NT AUTHORITY\SYSTEM,,TaskSuccessEvent
2026-05-22T14:01:40.059800Z,141,dc.scaffold.htb,Microsoft-Windows-TaskScheduler,Microsoft-Windows-TaskScheduler/Operational,4489,4,,,,,,,,,,,,\Microsoft\Windows\Windows Defender\Windows Defender Scheduled Scan,,NT AUTHORITY\System,TaskDeleted
2026-05-22T14:01:40.064849Z,106,dc.scaffold.htb,Microsoft-Windows-TaskScheduler,Microsoft-Windows-TaskScheduler/Operational,4490,4,,,,,,,,,,,,\Microsoft\Windows\Windows Defender\Windows Defender Scheduled Scan,SCAFFOLD\DC$,,TaskRegisteredEvent
2026-05-22T14:01:40.064850Z,140,dc.scaffold.htb,Microsoft-Windows-TaskScheduler,Microsoft-Windows-TaskScheduler/Operational,4491,4,,,,,,,,,,,,\Microsoft\Windows\Windows Defender\Windows Defender Scheduled Scan,,SCAFFOLD\DC$,TaskUpdated
2026-05-22T14:02:38.321200Z,129,dc.scaffold.htb,Microsoft-Windows-TaskScheduler,Microsoft-Windows-TaskScheduler/Operational,4492,4,,,,,%windir%\system32\cleanmgr.exe,16384,4572,,,,,\Microsoft\Windows\DiskCleanup\SilentCleanup,,,CreatedTaskProcess
2026-05-22T14:02:38.321509Z,100,dc.scaffold.htb,Microsoft-Windows-TaskScheduler,Microsoft-Windows-TaskScheduler/Operational,4493,4,,,1548AF96-67F8-4053-988F-2893571E81AA,,,,,,,,,\Microsoft\Windows\DiskCleanup\SilentCleanup,SCAFFOLD\Administrator,,TaskStartEvent
2026-05-22T14:02:38.321511Z,200,dc.scaffold.htb,Microsoft-Windows-TaskScheduler,Microsoft-Windows-TaskScheduler/Operational,4494,4,%windir%\system32\cleanmgr.exe,4572,,,,,,,,,1548AF96-67F8-4053-988F-2893571E81AA,\Microsoft\Windows\DiskCleanup\SilentCleanup,,,ActionStart
2026-05-22T14:02:38.321613Z,110,dc.scaffold.htb,Microsoft-Windows-TaskScheduler,Microsoft-Windows-TaskScheduler/Operational,4495,4,,,6F9510F5-32F1-4813-9D9F-63FAD6921FB8,,,,,,,,,\Microsoft\Windows\DiskCleanup\SilentCleanup,Users,,TaskRunEvent
2026-05-22T14:02:44.905061Z,201,dc.scaffold.htb,Microsoft-Windows-TaskScheduler,Microsoft-Windows-TaskScheduler/Operational,4496,4,%windir%\system32\cleanmgr.exe,4572,,,,,,,0,,1548AF96-67F8-4053-988F-2893571E81AA,\Microsoft\Windows\DiskCleanup\SilentCleanup,,,ActionSuccess
2026-05-22T14:02:44.905389Z,102,dc.scaffold.htb,Microsoft-Windows-TaskScheduler,Microsoft-Windows-TaskScheduler/Operational,4497,4,,,1548AF96-67F8-4053-988F-2893571E81AA,,,,,,,,,\Microsoft\Windows\DiskCleanup\SilentCleanup,SCAFFOLD\Administrator,,TaskSuccessEvent
2026-05-22T14:03:08.911074Z,119,dc.scaffold.htb,Microsoft-Windows-TaskScheduler,Microsoft-Windows-TaskScheduler/Operational,4498,4,,,542B5298-1426-456D-AC4E-E9569C081F2A,,,,,,,,,\Microsoft\Windows\Device Information\Device User,,SCAFFOLD\Administrator,LogonTrigger
2026-05-22T14:03:08.913831Z,129,dc.scaffold.htb,Microsoft-Windows-TaskScheduler,Microsoft-Windows-TaskScheduler/Operational,4499,4,,,,,%windir%\system32\devicecensus.exe,16384,6212,,,,,\Microsoft\Windows\Device Information\Device User,,,CreatedTaskProcess
2026-05-22T14:03:08.914198Z,100,dc.scaffold.htb,Microsoft-Windows-TaskScheduler,Microsoft-Windows-TaskScheduler/Operational,4500,4,,,542B5298-1426-456D-AC4E-E9569C081F2A,,,,,,,,,\Microsoft\Windows\Device Information\Device User,SCAFFOLD\Administrator,,TaskStartEvent
2026-05-22T14:03:08.914200Z,200,dc.scaffold.htb,Microsoft-Windows-TaskScheduler,Microsoft-Windows-TaskScheduler/Operational,4501,4,%windir%\system32\devicecensus.exe,6212,,,,,,,,,542B5298-1426-456D-AC4E-E9569C081F2A,\Microsoft\Windows\Device Information\Device User,,,ActionStart
2026-05-22T14:03:08.928606Z,201,dc.scaffold.htb,Microsoft-Windows-TaskScheduler,Microsoft-Windows-TaskScheduler/Operational,4502,4,%windir%\system32\devicecensus.exe,6212,,,,,,,0,,542B5298-1426-456D-AC4E-E9569C081F2A,\Microsoft\Windows\Device Information\Device User,,,ActionSuccess
2026-05-22T14:03:08.928842Z,102,dc.scaffold.htb,Microsoft-Windows-TaskScheduler,Microsoft-Windows-TaskScheduler/Operational,4503,4,,,542B5298-1426-456D-AC4E-E9569C081F2A,,,,,,,,,\Microsoft\Windows\Device Information\Device User,SCAFFOLD\Administrator,,TaskSuccessEvent
2026-05-22T14:12:55.911423Z,140,dc.scaffold.htb,Microsoft-Windows-TaskScheduler,Microsoft-Windows-TaskScheduler/Operational,4504,4,,,,,,,,,,,,\Microsoft\Windows\WindowsUpdate\Scheduled Start,,NT AUTHORITY\SYSTEM,TaskUpdated
2026-05-22T14:13:38.944020Z,140,dc.scaffold.htb,Microsoft-Windows-TaskScheduler,Microsoft-Windows-TaskScheduler/Operational,4505,4,,,,,,,,,,,,\Microsoft\Windows\Application Experience\Microsoft Compatibility Appraiser,,S-1-5-18,TaskUpdated
2026-05-22T14:13:39.119462Z,201,dc.scaffold.htb,Microsoft-Windows-TaskScheduler,Microsoft-Windows-TaskScheduler/Operational,4506,4,%windir%\system32\compattelrunner.exe,5260,,,,,,,0,,6FE282EB-6A2A-455B-9E56-4AE775187D40,\Microsoft\Windows\Application Experience\Microsoft Compatibility Appraiser,,,ActionSuccess
2026-05-22T14:13:39.119621Z,102,dc.scaffold.htb,Microsoft-Windows-TaskScheduler,Microsoft-Windows-TaskScheduler/Operational,4507,4,,,6FE282EB-6A2A-455B-9E56-4AE775187D40,,,,,,,,,\Microsoft\Windows\Application Experience\Microsoft Compatibility Appraiser,NT AUTHORITY\SYSTEM,,TaskSuccessEvent
2026-05-22T14:16:21.575004Z,201,dc.scaffold.htb,Microsoft-Windows-TaskScheduler,Microsoft-Windows-TaskScheduler/Operational,4508,4,C:\Program Files (x86)\Microsoft\EdgeUpdate\MicrosoftEdgeUpdate.exe,3172,,,,,,,2147942401,,CB0FB833-D4C4-40E5-ADFF-2BBFE20B2603,\MicrosoftEdgeUpdateTaskMachineCore,,,ActionSuccess
2026-05-22T14:16:21.575216Z,102,dc.scaffold.htb,Microsoft-Windows-TaskScheduler,Microsoft-Windows-TaskScheduler/Operational,4509,4,,,CB0FB833-D4C4-40E5-ADFF-2BBFE20B2603,,,,,,,,,\MicrosoftEdgeUpdateTaskMachineCore,NT AUTHORITY\SYSTEM,,TaskSuccessEvent
2026-05-22T14:31:08.913329Z,118,dc.scaffold.htb,Microsoft-Windows-TaskScheduler,Microsoft-Windows-TaskScheduler/Operational,4510,4,,,F240932E-88A5-48A0-89C2-0444048EF1EC,,,,,,,,,\Microsoft\Windows\Autochk\Proxy,,,BootTrigger
2026-05-22T14:31:08.914696Z,129,dc.scaffold.htb,Microsoft-Windows-TaskScheduler,Microsoft-Windows-TaskScheduler/Operational,4511,4,,,,,%windir%\system32\rundll32.exe,16384,6648,,,,,\Microsoft\Windows\Autochk\Proxy,,,CreatedTaskProcess
2026-05-22T14:31:08.915254Z,100,dc.scaffold.htb,Microsoft-Windows-TaskScheduler,Microsoft-Windows-TaskScheduler/Operational,4512,4,,,F240932E-88A5-48A0-89C2-0444048EF1EC,,,,,,,,,\Microsoft\Windows\Autochk\Proxy,NT AUTHORITY\SYSTEM,,TaskStartEvent
2026-05-22T14:31:08.915255Z,200,dc.scaffold.htb,Microsoft-Windows-TaskScheduler,Microsoft-Windows-TaskScheduler/Operational,4513,4,%windir%\system32\rundll32.exe,6648,,,,,,,,,F240932E-88A5-48A0-89C2-0444048EF1EC,\Microsoft\Windows\Autochk\Proxy,,,ActionStart
2026-05-22T14:31:08.935468Z,201,dc.scaffold.htb,Microsoft-Windows-TaskScheduler,Microsoft-Windows-TaskScheduler/Operational,4514,4,%windir%\system32\rundll32.exe,6648,,,,,,,0,,F240932E-88A5-48A0-89C2-0444048EF1EC,\Microsoft\Windows\Autochk\Proxy,,,ActionSuccess
2026-05-22T14:31:08.935714Z,102,dc.scaffold.htb,Microsoft-Windows-TaskScheduler,Microsoft-Windows-TaskScheduler/Operational,4515,4,,,F240932E-88A5-48A0-89C2-0444048EF1EC,,,,,,,,,\Microsoft\Windows\Autochk\Proxy,NT AUTHORITY\SYSTEM,,TaskSuccessEvent
2026-05-22T14:32:00.720497Z,140,dc.scaffold.htb,Microsoft-Windows-TaskScheduler,Microsoft-Windows-TaskScheduler/Operational,4516,4,,,,,,,,,,,,\Microsoft\Windows\WindowsUpdate\Scheduled Start,,NT AUTHORITY\SYSTEM,TaskUpdated
2026-05-22T14:35:53.082411Z,108,dc.scaffold.htb,Microsoft-Windows-TaskScheduler,Microsoft-Windows-TaskScheduler/Operational,4517,4,,,39D243BA-663C-46F7-8939-C20D5D69C98F,,,,,,,,,\Microsoft\Windows\Workplace Join\Automatic-Device-Join,,,EventTriggerEvent
2026-05-22T14:35:53.087210Z,129,dc.scaffold.htb,Microsoft-Windows-TaskScheduler,Microsoft-Windows-TaskScheduler/Operational,4518,4,,,,,%SystemRoot%\System32\dsregcmd.exe,16384,5192,,,,,\Microsoft\Windows\Workplace Join\Automatic-Device-Join,,,CreatedTaskProcess
2026-05-22T14:35:53.088160Z,100,dc.scaffold.htb,Microsoft-Windows-TaskScheduler,Microsoft-Windows-TaskScheduler/Operational,4519,4,,,39D243BA-663C-46F7-8939-C20D5D69C98F,,,,,,,,,\Microsoft\Windows\Workplace Join\Automatic-Device-Join,NT AUTHORITY\SYSTEM,,TaskStartEvent
2026-05-22T14:35:53.088163Z,200,dc.scaffold.htb,Microsoft-Windows-TaskScheduler,Microsoft-Windows-TaskScheduler/Operational,4520,4,%SystemRoot%\System32\dsregcmd.exe,5192,,,,,,,,,39D243BA-663C-46F7-8939-C20D5D69C98F,\Microsoft\Windows\Workplace Join\Automatic-Device-Join,,,ActionStart
2026-05-22T14:35:53.144059Z,201,dc.scaffold.htb,Microsoft-Windows-TaskScheduler,Microsoft-Windows-TaskScheduler/Operational,4521,4,%SystemRoot%\System32\dsregcmd.exe,5192,,,,,,,2147942401,,39D243BA-663C-46F7-8939-C20D5D69C98F,\Microsoft\Windows\Workplace Join\Automatic-Device-Join,,,ActionSuccess
2026-05-22T14:35:53.144152Z,102,dc.scaffold.htb,Microsoft-Windows-TaskScheduler,Microsoft-Windows-TaskScheduler/Operational,4522,4,,,39D243BA-663C-46F7-8939-C20D5D69C98F,,,,,,,,,\Microsoft\Windows\Workplace Join\Automatic-Device-Join,NT AUTHORITY\SYSTEM,,TaskSuccessEvent
2026-05-22T14:39:23.186781Z,107,dc.scaffold.htb,Microsoft-Windows-TaskScheduler,Microsoft-Windows-TaskScheduler/Operational,4523,4,,,3593BD00-455C-46C5-90B5-AD15AA7DED71,,,,,,,,,\MicrosoftEdgeUpdateTaskMachineUA,,,TimeTriggerEvent
2026-05-22T14:39:23.191679Z,129,dc.scaffold.htb,Microsoft-Windows-TaskScheduler,Microsoft-Windows-TaskScheduler/Operational,4524,4,,,,,C:\Program Files (x86)\Microsoft\EdgeUpdate\MicrosoftEdgeUpdate.exe,32,2904,,,,,\MicrosoftEdgeUpdateTaskMachineUA,,,CreatedTaskProcess
2026-05-22T14:39:23.192706Z,100,dc.scaffold.htb,Microsoft-Windows-TaskScheduler,Microsoft-Windows-TaskScheduler/Operational,4525,4,,,3593BD00-455C-46C5-90B5-AD15AA7DED71,,,,,,,,,\MicrosoftEdgeUpdateTaskMachineUA,NT AUTHORITY\SYSTEM,,TaskStartEvent
2026-05-22T14:39:23.192710Z,200,dc.scaffold.htb,Microsoft-Windows-TaskScheduler,Microsoft-Windows-TaskScheduler/Operational,4526,4,C:\Program Files (x86)\Microsoft\EdgeUpdate\MicrosoftEdgeUpdate.exe,2904,,,,,,,,,3593BD00-455C-46C5-90B5-AD15AA7DED71,\MicrosoftEdgeUpdateTaskMachineUA,,,ActionStart
2026-05-22T14:39:23.509851Z,322,dc.scaffold.htb,Microsoft-Windows-TaskScheduler,Microsoft-Windows-TaskScheduler/Operational,4527,3,,,,,,,,,,,3593BD00-455C-46C5-90B5-AD15AA7DED71,\MicrosoftEdgeUpdateTaskMachineUA,,,NewInstanceIgnored
2026-05-22T14:40:42.206685Z,201,dc.scaffold.htb,Microsoft-Windows-TaskScheduler,Microsoft-Windows-TaskScheduler/Operational,4528,4,C:\Program Files (x86)\Microsoft\EdgeUpdate\MicrosoftEdgeUpdate.exe,2904,,,,,,,0,,3593BD00-455C-46C5-90B5-AD15AA7DED71,\MicrosoftEdgeUpdateTaskMachineUA,,,ActionSuccess
2026-05-22T14:40:42.206831Z,102,dc.scaffold.htb,Microsoft-Windows-TaskScheduler,Microsoft-Windows-TaskScheduler/Operational,4529,4,,,3593BD00-455C-46C5-90B5-AD15AA7DED71,,,,,,,,,\MicrosoftEdgeUpdateTaskMachineUA,NT AUTHORITY\SYSTEM,,TaskSuccessEvent
2026-05-22T14:58:34.428529Z,150,dc.scaffold.htb,Microsoft-Windows-TaskScheduler,Microsoft-Windows-TaskScheduler/Operational,4530,2,,,,,,,,,2147957401,,,\Deploy-Engine-OnAudit,,,TaskEventSubscriptionFailed
2026-05-22T14:59:37.144043Z,106,dc.scaffold.htb,Microsoft-Windows-TaskScheduler,Microsoft-Windows-TaskScheduler/Operational,4531,4,,,,,,,,,,,,\Deploy-Engine-OnAudit,S-1-5-18,,TaskRegisteredEvent
2026-05-22T14:59:37.144044Z,140,dc.scaffold.htb,Microsoft-Windows-TaskScheduler,Microsoft-Windows-TaskScheduler/Operational,4532,4,,,,,,,,,,,,\Deploy-Engine-OnAudit,,S-1-5-18,TaskUpdated
2026-05-22T14:59:51.072768Z,108,dc.scaffold.htb,Microsoft-Windows-TaskScheduler,Microsoft-Windows-TaskScheduler/Operational,4533,4,,,18C01A94-D3AA-4D59-B12F-74C84FD13BBC,,,,,,,,,\Deploy-Engine-OnAudit,,,EventTriggerEvent
2026-05-22T14:59:51.077021Z,129,dc.scaffold.htb,Microsoft-Windows-TaskScheduler,Microsoft-Windows-TaskScheduler/Operational,4534,4,,,,,powershell.exe,16384,2172,,,,,\Deploy-Engine-OnAudit,,,CreatedTaskProcess
2026-05-22T14:59:51.077315Z,100,dc.scaffold.htb,Microsoft-Windows-TaskScheduler,Microsoft-Windows-TaskScheduler/Operational,4535,4,,,18C01A94-D3AA-4D59-B12F-74C84FD13BBC,,,,,,,,,\Deploy-Engine-OnAudit,NT AUTHORITY\SYSTEM,,TaskStartEvent
2026-05-22T14:59:51.077318Z,200,dc.scaffold.htb,Microsoft-Windows-TaskScheduler,Microsoft-Windows-TaskScheduler/Operational,4536,4,powershell.exe,2172,,,,,,,,,18C01A94-D3AA-4D59-B12F-74C84FD13BBC,\Deploy-Engine-OnAudit,,,ActionStart
2026-05-22T14:59:51.174484Z,201,dc.scaffold.htb,Microsoft-Windows-TaskScheduler,Microsoft-Windows-TaskScheduler/Operational,4537,4,powershell.exe,2172,,,,,,,4294770688,,18C01A94-D3AA-4D59-B12F-74C84FD13BBC,\Deploy-Engine-OnAudit,,,ActionSuccess
2026-05-22T14:59:51.174663Z,102,dc.scaffold.htb,Microsoft-Windows-TaskScheduler,Microsoft-Windows-TaskScheduler/Operational,4538,4,,,18C01A94-D3AA-4D59-B12F-74C84FD13BBC,,,,,,,,,\Deploy-Engine-OnAudit,NT AUTHORITY\SYSTEM,,TaskSuccessEvent
2026-05-22T15:00:36.975855Z,108,dc.scaffold.htb,Microsoft-Windows-TaskScheduler,Microsoft-Windows-TaskScheduler/Operational,4539,4,,,B75FD66A-2BC7-4526-BDD7-8C2F99798BAB,,,,,,,,,\Deploy-Engine-OnAudit,,,EventTriggerEvent
2026-05-22T15:00:36.979804Z,129,dc.scaffold.htb,Microsoft-Windows-TaskScheduler,Microsoft-Windows-TaskScheduler/Operational,4540,4,,,,,powershell.exe,16384,3864,,,,,\Deploy-Engine-OnAudit,,,CreatedTaskProcess
2026-05-22T15:00:36.980086Z,100,dc.scaffold.htb,Microsoft-Windows-TaskScheduler,Microsoft-Windows-TaskScheduler/Operational,4541,4,,,B75FD66A-2BC7-4526-BDD7-8C2F99798BAB,,,,,,,,,\Deploy-Engine-OnAudit,NT AUTHORITY\SYSTEM,,TaskStartEvent
2026-05-22T15:00:36.980088Z,200,dc.scaffold.htb,Microsoft-Windows-TaskScheduler,Microsoft-Windows-TaskScheduler/Operational,4542,4,powershell.exe,3864,,,,,,,,,B75FD66A-2BC7-4526-BDD7-8C2F99798BAB,\Deploy-Engine-OnAudit,,,ActionStart
2026-05-22T15:00:37.062518Z,201,dc.scaffold.htb,Microsoft-Windows-TaskScheduler,Microsoft-Windows-TaskScheduler/Operational,4543,4,powershell.exe,3864,,,,,,,4294770688,,B75FD66A-2BC7-4526-BDD7-8C2F99798BAB,\Deploy-Engine-OnAudit,,,ActionSuccess
2026-05-22T15:00:37.062681Z,102,dc.scaffold.htb,Microsoft-Windows-TaskScheduler,Microsoft-Windows-TaskScheduler/Operational,4544,4,,,B75FD66A-2BC7-4526-BDD7-8C2F99798BAB,,,,,,,,,\Deploy-Engine-OnAudit,NT AUTHORITY\SYSTEM,,TaskSuccessEvent
2026-05-22T15:01:07.760382Z,108,dc.scaffold.htb,Microsoft-Windows-TaskScheduler,Microsoft-Windows-TaskScheduler/Operational,4545,4,,,775731E5-0564-48D3-87F0-F9616EC6B119,,,,,,,,,\Deploy-Engine-OnAudit,,,EventTriggerEvent
2026-05-22T15:01:07.763865Z,129,dc.scaffold.htb,Microsoft-Windows-TaskScheduler,Microsoft-Windows-TaskScheduler/Operational,4546,4,,,,,powershell.exe,16384,5104,,,,,\Deploy-Engine-OnAudit,,,CreatedTaskProcess
2026-05-22T15:01:07.764009Z,100,dc.scaffold.htb,Microsoft-Windows-TaskScheduler,Microsoft-Windows-TaskScheduler/Operational,4547,4,,,775731E5-0564-48D3-87F0-F9616EC6B119,,,,,,,,,\Deploy-Engine-OnAudit,NT AUTHORITY\SYSTEM,,TaskStartEvent
2026-05-22T15:01:07.764011Z,200,dc.scaffold.htb,Microsoft-Windows-TaskScheduler,Microsoft-Windows-TaskScheduler/Operational,4548,4,powershell.exe,5104,,,,,,,,,775731E5-0564-48D3-87F0-F9616EC6B119,\Deploy-Engine-OnAudit,,,ActionStart
2026-05-22T15:01:07.850180Z,201,dc.scaffold.htb,Microsoft-Windows-TaskScheduler,Microsoft-Windows-TaskScheduler/Operational,4549,4,powershell.exe,5104,,,,,,,4294770688,,775731E5-0564-48D3-87F0-F9616EC6B119,\Deploy-Engine-OnAudit,,,ActionSuccess
2026-05-22T15:01:07.850302Z,102,dc.scaffold.htb,Microsoft-Windows-TaskScheduler,Microsoft-Windows-TaskScheduler/Operational,4550,4,,,775731E5-0564-48D3-87F0-F9616EC6B119,,,,,,,,,\Deploy-Engine-OnAudit,NT AUTHORITY\SYSTEM,,TaskSuccessEvent
2026-05-22T15:06:42.840328Z,141,dc.scaffold.htb,Microsoft-Windows-TaskScheduler,Microsoft-Windows-TaskScheduler/Operational,4551,4,,,,,,,,,,,,\Deploy-Engine-OnAudit,,SCAFFOLD\Administrator,TaskDeleted
2026-05-22T15:06:56.737186Z,150,dc.scaffold.htb,Microsoft-Windows-TaskScheduler,Microsoft-Windows-TaskScheduler/Operational,4552,2,,,,,,,,,2147957401,,,\Deploy-Engine-OnAudit,,,TaskEventSubscriptionFailed
2026-05-22T15:07:55.116261Z,106,dc.scaffold.htb,Microsoft-Windows-TaskScheduler,Microsoft-Windows-TaskScheduler/Operational,4553,4,,,,,,,,,,,,\Deploy-PuTTY-OnAudit,S-1-5-18,,TaskRegisteredEvent
2026-05-22T15:07:55.116262Z,140,dc.scaffold.htb,Microsoft-Windows-TaskScheduler,Microsoft-Windows-TaskScheduler/Operational,4554,4,,,,,,,,,,,,\Deploy-PuTTY-OnAudit,,S-1-5-18,TaskUpdated
2026-05-22T15:08:05.529747Z,141,dc.scaffold.htb,Microsoft-Windows-TaskScheduler,Microsoft-Windows-TaskScheduler/Operational,4555,4,,,,,,,,,,,,\Deploy-PuTTY-OnAudit,,SCAFFOLD\Administrator,TaskDeleted
2026-05-22T15:09:23.932147Z,107,dc.scaffold.htb,Microsoft-Windows-TaskScheduler,Microsoft-Windows-TaskScheduler/Operational,4556,4,,,8682E04D-41B9-4A16-9334-7E28CC9CC27C,,,,,,,,,\MicrosoftEdgeUpdateTaskMachineCore,,,TimeTriggerEvent
2026-05-22T15:09:23.936747Z,129,dc.scaffold.htb,Microsoft-Windows-TaskScheduler,Microsoft-Windows-TaskScheduler/Operational,4557,4,,,,,C:\Program Files (x86)\Microsoft\EdgeUpdate\MicrosoftEdgeUpdate.exe,32,4968,,,,,\MicrosoftEdgeUpdateTaskMachineCore,,,CreatedTaskProcess
2026-05-22T15:09:23.937321Z,100,dc.scaffold.htb,Microsoft-Windows-TaskScheduler,Microsoft-Windows-TaskScheduler/Operational,4558,4,,,8682E04D-41B9-4A16-9334-7E28CC9CC27C,,,,,,,,,\MicrosoftEdgeUpdateTaskMachineCore,NT AUTHORITY\SYSTEM,,TaskStartEvent
2026-05-22T15:09:23.937324Z,200,dc.scaffold.htb,Microsoft-Windows-TaskScheduler,Microsoft-Windows-TaskScheduler/Operational,4559,4,C:\Program Files (x86)\Microsoft\EdgeUpdate\MicrosoftEdgeUpdate.exe,4968,,,,,,,,,8682E04D-41B9-4A16-9334-7E28CC9CC27C,\MicrosoftEdgeUpdateTaskMachineCore,,,ActionStart
2026-05-22T15:09:42.812078Z,150,dc.scaffold.htb,Microsoft-Windows-TaskScheduler,Microsoft-Windows-TaskScheduler/Operational,4560,2,,,,,,,,,2147957401,,,\Deploy-Engine-OnAudit,,,TaskEventSubscriptionFailed
2026-05-22T15:15:51.440754Z,106,dc.scaffold.htb,Microsoft-Windows-TaskScheduler,Microsoft-Windows-TaskScheduler/Operational,4561,4,,,,,,,,,,,,\Deploy-Engine-OnAudit,S-1-5-18,,TaskRegisteredEvent
2026-05-22T15:15:51.440755Z,140,dc.scaffold.htb,Microsoft-Windows-TaskScheduler,Microsoft-Windows-TaskScheduler/Operational,4562,4,,,,,,,,,,,,\Deploy-Engine-OnAudit,,S-1-5-18,TaskUpdated
2026-05-22T15:16:25.659300Z,140,dc.scaffold.htb,Microsoft-Windows-TaskScheduler,Microsoft-Windows-TaskScheduler/Operational,4563,4,,,,,,,,,,,,\Deploy-Engine-OnAudit,,SCAFFOLD\Administrator,TaskUpdated
2026-05-22T15:17:12.117762Z,108,dc.scaffold.htb,Microsoft-Windows-TaskScheduler,Microsoft-Windows-TaskScheduler/Operational,4564,4,,,B2A2D11F-2E75-45B9-A2CC-02F1E439870D,,,,,,,,,\Deploy-Engine-OnAudit,,,EventTriggerEvent
2026-05-22T15:17:12.130283Z,129,dc.scaffold.htb,Microsoft-Windows-TaskScheduler,Microsoft-Windows-TaskScheduler/Operational,4565,4,,,,,powershell.exe,16384,544,,,,,\Deploy-Engine-OnAudit,,,CreatedTaskProcess
2026-05-22T15:17:12.130521Z,100,dc.scaffold.htb,Microsoft-Windows-TaskScheduler,Microsoft-Windows-TaskScheduler/Operational,4566,4,,,B2A2D11F-2E75-45B9-A2CC-02F1E439870D,,,,,,,,,\Deploy-Engine-OnAudit,SCAFFOLD\Administrator,,TaskStartEvent
2026-05-22T15:17:12.130522Z,200,dc.scaffold.htb,Microsoft-Windows-TaskScheduler,Microsoft-Windows-TaskScheduler/Operational,4567,4,powershell.exe,544,,,,,,,,,B2A2D11F-2E75-45B9-A2CC-02F1E439870D,\Deploy-Engine-OnAudit,,,ActionStart
2026-05-22T15:17:12.205113Z,201,dc.scaffold.htb,Microsoft-Windows-TaskScheduler,Microsoft-Windows-TaskScheduler/Operational,4568,4,powershell.exe,544,,,,,,,4294770688,,B2A2D11F-2E75-45B9-A2CC-02F1E439870D,\Deploy-Engine-OnAudit,,,ActionSuccess
2026-05-22T15:17:12.205327Z,102,dc.scaffold.htb,Microsoft-Windows-TaskScheduler,Microsoft-Windows-TaskScheduler/Operational,4569,4,,,B2A2D11F-2E75-45B9-A2CC-02F1E439870D,,,,,,,,,\Deploy-Engine-OnAudit,SCAFFOLD\Administrator,,TaskSuccessEvent
2026-05-22T15:17:58.095272Z,108,dc.scaffold.htb,Microsoft-Windows-TaskScheduler,Microsoft-Windows-TaskScheduler/Operational,4570,4,,,F130388D-10E4-4A53-8E18-B0D6D3F29C3F,,,,,,,,,\Deploy-Engine-OnAudit,,,EventTriggerEvent
2026-05-22T15:17:58.102856Z,129,dc.scaffold.htb,Microsoft-Windows-TaskScheduler,Microsoft-Windows-TaskScheduler/Operational,4571,4,,,,,powershell.exe,16384,1696,,,,,\Deploy-Engine-OnAudit,,,CreatedTaskProcess
2026-05-22T15:17:58.103060Z,100,dc.scaffold.htb,Microsoft-Windows-TaskScheduler,Microsoft-Windows-TaskScheduler/Operational,4572,4,,,F130388D-10E4-4A53-8E18-B0D6D3F29C3F,,,,,,,,,\Deploy-Engine-OnAudit,SCAFFOLD\Administrator,,TaskStartEvent
2026-05-22T15:17:58.103062Z,200,dc.scaffold.htb,Microsoft-Windows-TaskScheduler,Microsoft-Windows-TaskScheduler/Operational,4573,4,powershell.exe,1696,,,,,,,,,F130388D-10E4-4A53-8E18-B0D6D3F29C3F,\Deploy-Engine-OnAudit,,,ActionStart
2026-05-22T15:17:58.182053Z,201,dc.scaffold.htb,Microsoft-Windows-TaskScheduler,Microsoft-Windows-TaskScheduler/Operational,4574,4,powershell.exe,1696,,,,,,,4294770688,,F130388D-10E4-4A53-8E18-B0D6D3F29C3F,\Deploy-Engine-OnAudit,,,ActionSuccess
2026-05-22T15:17:58.182338Z,102,dc.scaffold.htb,Microsoft-Windows-TaskScheduler,Microsoft-Windows-TaskScheduler/Operational,4575,4,,,F130388D-10E4-4A53-8E18-B0D6D3F29C3F,,,,,,,,,\Deploy-Engine-OnAudit,SCAFFOLD\Administrator,,TaskSuccessEvent
2026-05-22T15:18:49.882386Z,129,dc.scaffold.htb,Microsoft-Windows-TaskScheduler,Microsoft-Windows-TaskScheduler/Operational,4576,4,,,,,powershell.exe,16384,6708,,,,,\Deploy-Engine-OnAudit,,,CreatedTaskProcess
2026-05-22T15:18:49.882617Z,100,dc.scaffold.htb,Microsoft-Windows-TaskScheduler,Microsoft-Windows-TaskScheduler/Operational,4577,4,,,00A098EE-67A2-4BD9-9326-BE196D069150,,,,,,,,,\Deploy-Engine-OnAudit,SCAFFOLD\Administrator,,TaskStartEvent
2026-05-22T15:18:49.882618Z,200,dc.scaffold.htb,Microsoft-Windows-TaskScheduler,Microsoft-Windows-TaskScheduler/Operational,4578,4,powershell.exe,6708,,,,,,,,,00A098EE-67A2-4BD9-9326-BE196D069150,\Deploy-Engine-OnAudit,,,ActionStart
2026-05-22T15:18:49.882733Z,110,dc.scaffold.htb,Microsoft-Windows-TaskScheduler,Microsoft-Windows-TaskScheduler/Operational,4579,4,,,00A098EE-67A2-4BD9-9326-BE196D069150,,,,,,,,,\Deploy-Engine-OnAudit,Administrator,,TaskRunEvent
2026-05-22T15:18:49.951886Z,201,dc.scaffold.htb,Microsoft-Windows-TaskScheduler,Microsoft-Windows-TaskScheduler/Operational,4580,4,powershell.exe,6708,,,,,,,4294770688,,00A098EE-67A2-4BD9-9326-BE196D069150,\Deploy-Engine-OnAudit,,,ActionSuccess
2026-05-22T15:18:49.952127Z,102,dc.scaffold.htb,Microsoft-Windows-TaskScheduler,Microsoft-Windows-TaskScheduler/Operational,4581,4,,,00A098EE-67A2-4BD9-9326-BE196D069150,,,,,,,,,\Deploy-Engine-OnAudit,SCAFFOLD\Administrator,,TaskSuccessEvent
2026-05-22T15:23:18.347277Z,141,dc.scaffold.htb,Microsoft-Windows-TaskScheduler,Microsoft-Windows-TaskScheduler/Operational,4582,4,,,,,,,,,,,,\Deploy-Engine-OnAudit,,SCAFFOLD\Administrator,TaskDeleted
2026-05-22T15:23:25.676679Z,106,dc.scaffold.htb,Microsoft-Windows-TaskScheduler,Microsoft-Windows-TaskScheduler/Operational,4583,4,,,,,,,,,,,,\Deploy-Engine-OnAudit,S-1-5-18,,TaskRegisteredEvent
2026-05-22T15:23:25.676679Z,140,dc.scaffold.htb,Microsoft-Windows-TaskScheduler,Microsoft-Windows-TaskScheduler/Operational,4584,4,,,,,,,,,,,,\Deploy-Engine-OnAudit,,S-1-5-18,TaskUpdated
2026-05-22T15:23:47.372614Z,140,dc.scaffold.htb,Microsoft-Windows-TaskScheduler,Microsoft-Windows-TaskScheduler/Operational,4585,4,,,,,,,,,,,,\Deploy-Engine-OnAudit,,SCAFFOLD\Administrator,TaskUpdated
2026-05-22T15:23:54.691205Z,108,dc.scaffold.htb,Microsoft-Windows-TaskScheduler,Microsoft-Windows-TaskScheduler/Operational,4586,4,,,013CC2EF-9DB4-4154-8180-054874115F7C,,,,,,,,,\Deploy-Engine-OnAudit,,,EventTriggerEvent
2026-05-22T15:23:54.700099Z,129,dc.scaffold.htb,Microsoft-Windows-TaskScheduler,Microsoft-Windows-TaskScheduler/Operational,4587,4,,,,,powershell.exe,16384,2460,,,,,\Deploy-Engine-OnAudit,,,CreatedTaskProcess
2026-05-22T15:23:54.700324Z,100,dc.scaffold.htb,Microsoft-Windows-TaskScheduler,Microsoft-Windows-TaskScheduler/Operational,4588,4,,,013CC2EF-9DB4-4154-8180-054874115F7C,,,,,,,,,\Deploy-Engine-OnAudit,SCAFFOLD\Administrator,,TaskStartEvent
2026-05-22T15:23:54.700325Z,200,dc.scaffold.htb,Microsoft-Windows-TaskScheduler,Microsoft-Windows-TaskScheduler/Operational,4589,4,powershell.exe,2460,,,,,,,,,013CC2EF-9DB4-4154-8180-054874115F7C,\Deploy-Engine-OnAudit,,,ActionStart
2026-05-22T15:23:54.788727Z,201,dc.scaffold.htb,Microsoft-Windows-TaskScheduler,Microsoft-Windows-TaskScheduler/Operational,4590,4,powershell.exe,2460,,,,,,,4294770688,,013CC2EF-9DB4-4154-8180-054874115F7C,\Deploy-Engine-OnAudit,,,ActionSuccess
2026-05-22T15:23:54.789285Z,102,dc.scaffold.htb,Microsoft-Windows-TaskScheduler,Microsoft-Windows-TaskScheduler/Operational,4591,4,,,013CC2EF-9DB4-4154-8180-054874115F7C,,,,,,,,,\Deploy-Engine-OnAudit,SCAFFOLD\Administrator,,TaskSuccessEvent
2026-05-22T15:24:06.928660Z,129,dc.scaffold.htb,Microsoft-Windows-TaskScheduler,Microsoft-Windows-TaskScheduler/Operational,4592,4,,,,,powershell.exe,16384,3792,,,,,\Deploy-Engine-OnAudit,,,CreatedTaskProcess
2026-05-22T15:24:06.928849Z,100,dc.scaffold.htb,Microsoft-Windows-TaskScheduler,Microsoft-Windows-TaskScheduler/Operational,4593,4,,,809C95F9-4CA9-400D-A311-FC085EB5662D,,,,,,,,,\Deploy-Engine-OnAudit,SCAFFOLD\Administrator,,TaskStartEvent
2026-05-22T15:24:06.928850Z,200,dc.scaffold.htb,Microsoft-Windows-TaskScheduler,Microsoft-Windows-TaskScheduler/Operational,4594,4,powershell.exe,3792,,,,,,,,,809C95F9-4CA9-400D-A311-FC085EB5662D,\Deploy-Engine-OnAudit,,,ActionStart
2026-05-22T15:24:06.928931Z,110,dc.scaffold.htb,Microsoft-Windows-TaskScheduler,Microsoft-Windows-TaskScheduler/Operational,4595,4,,,809C95F9-4CA9-400D-A311-FC085EB5662D,,,,,,,,,\Deploy-Engine-OnAudit,Administrator,,TaskRunEvent
2026-05-22T15:24:06.998051Z,201,dc.scaffold.htb,Microsoft-Windows-TaskScheduler,Microsoft-Windows-TaskScheduler/Operational,4596,4,powershell.exe,3792,,,,,,,4294770688,,809C95F9-4CA9-400D-A311-FC085EB5662D,\Deploy-Engine-OnAudit,,,ActionSuccess
2026-05-22T15:24:06.998281Z,102,dc.scaffold.htb,Microsoft-Windows-TaskScheduler,Microsoft-Windows-TaskScheduler/Operational,4597,4,,,809C95F9-4CA9-400D-A311-FC085EB5662D,,,,,,,,,\Deploy-Engine-OnAudit,SCAFFOLD\Administrator,,TaskSuccessEvent
2026-05-22T15:28:11.740002Z,129,dc.scaffold.htb,Microsoft-Windows-TaskScheduler,Microsoft-Windows-TaskScheduler/Operational,4598,4,,,,,powershell.exe,16384,1104,,,,,\Deploy-Engine-OnAudit,,,CreatedTaskProcess
2026-05-22T15:28:11.740254Z,100,dc.scaffold.htb,Microsoft-Windows-TaskScheduler,Microsoft-Windows-TaskScheduler/Operational,4599,4,,,FFCB59E8-91F8-4649-85F1-43B55BCC9132,,,,,,,,,\Deploy-Engine-OnAudit,SCAFFOLD\Administrator,,TaskStartEvent
2026-05-22T15:28:11.740255Z,200,dc.scaffold.htb,Microsoft-Windows-TaskScheduler,Microsoft-Windows-TaskScheduler/Operational,4600,4,powershell.exe,1104,,,,,,,,,FFCB59E8-91F8-4649-85F1-43B55BCC9132,\Deploy-Engine-OnAudit,,,ActionStart
2026-05-22T15:28:11.740344Z,110,dc.scaffold.htb,Microsoft-Windows-TaskScheduler,Microsoft-Windows-TaskScheduler/Operational,4601,4,,,FFCB59E8-91F8-4649-85F1-43B55BCC9132,,,,,,,,,\Deploy-Engine-OnAudit,Administrator,,TaskRunEvent
2026-05-22T15:28:11.805026Z,201,dc.scaffold.htb,Microsoft-Windows-TaskScheduler,Microsoft-Windows-TaskScheduler/Operational,4602,4,powershell.exe,1104,,,,,,,4294770688,,FFCB59E8-91F8-4649-85F1-43B55BCC9132,\Deploy-Engine-OnAudit,,,ActionSuccess
2026-05-22T15:28:11.805229Z,102,dc.scaffold.htb,Microsoft-Windows-TaskScheduler,Microsoft-Windows-TaskScheduler/Operational,4603,4,,,FFCB59E8-91F8-4649-85F1-43B55BCC9132,,,,,,,,,\Deploy-Engine-OnAudit,SCAFFOLD\Administrator,,TaskSuccessEvent
2026-05-22T15:28:37.478323Z,129,dc.scaffold.htb,Microsoft-Windows-TaskScheduler,Microsoft-Windows-TaskScheduler/Operational,4604,4,,,,,powershell.exe,16384,6632,,,,,\Deploy-Engine-OnAudit,,,CreatedTaskProcess
2026-05-22T15:28:37.478528Z,100,dc.scaffold.htb,Microsoft-Windows-TaskScheduler,Microsoft-Windows-TaskScheduler/Operational,4605,4,,,529DA76E-654C-4997-AF77-44AD538EB3C9,,,,,,,,,\Deploy-Engine-OnAudit,SCAFFOLD\Administrator,,TaskStartEvent
2026-05-22T15:28:37.478529Z,200,dc.scaffold.htb,Microsoft-Windows-TaskScheduler,Microsoft-Windows-TaskScheduler/Operational,4606,4,powershell.exe,6632,,,,,,,,,529DA76E-654C-4997-AF77-44AD538EB3C9,\Deploy-Engine-OnAudit,,,ActionStart
2026-05-22T15:28:37.478628Z,110,dc.scaffold.htb,Microsoft-Windows-TaskScheduler,Microsoft-Windows-TaskScheduler/Operational,4607,4,,,529DA76E-654C-4997-AF77-44AD538EB3C9,,,,,,,,,\Deploy-Engine-OnAudit,Administrator,,TaskRunEvent
2026-05-22T15:28:37.553766Z,201,dc.scaffold.htb,Microsoft-Windows-TaskScheduler,Microsoft-Windows-TaskScheduler/Operational,4608,4,powershell.exe,6632,,,,,,,4294770688,,529DA76E-654C-4997-AF77-44AD538EB3C9,\Deploy-Engine-OnAudit,,,ActionSuccess
2026-05-22T15:28:37.553986Z,102,dc.scaffold.htb,Microsoft-Windows-TaskScheduler,Microsoft-Windows-TaskScheduler/Operational,4609,4,,,529DA76E-654C-4997-AF77-44AD538EB3C9,,,,,,,,,\Deploy-Engine-OnAudit,SCAFFOLD\Administrator,,TaskSuccessEvent
2026-05-22T21:24:27.613181Z,700,dc.scaffold.htb,Microsoft-Windows-TaskScheduler,Microsoft-Windows-TaskScheduler/Operational,4610,4,,,,CompatibilityAdapterLaunch,,,,,,,,,,,
2026-05-22T21:24:27.650070Z,400,dc.scaffold.htb,Microsoft-Windows-TaskScheduler,Microsoft-Windows-TaskScheduler/Operational,4611,4,,,,ServiceStartEvent,,,,,,,,,,,
2026-05-22T21:24:27.668558Z,118,dc.scaffold.htb,Microsoft-Windows-TaskScheduler,Microsoft-Windows-TaskScheduler/Operational,4612,4,,,E555E8C0-A416-4394-9F26-3CDABA4FB3E1,,,,,,,,,\Microsoft\Windows\ExploitGuard\ExploitGuard MDM policy Refresh,,,BootTrigger
2026-05-22T21:24:27.672320Z,129,dc.scaffold.htb,Microsoft-Windows-TaskScheduler,Microsoft-Windows-TaskScheduler/Operational,4613,4,,,,,%windir%\system32\dxgiadaptercache.exe,16384,2004,,,,,\Microsoft\Windows\DirectX\DXGIAdapterCache,,,CreatedTaskProcess
2026-05-22T21:24:27.672865Z,100,dc.scaffold.htb,Microsoft-Windows-TaskScheduler,Microsoft-Windows-TaskScheduler/Operational,4614,4,,,9140715C-035C-4B40-AE4F-AC963EBCCD88,,,,,,,,,\Microsoft\Windows\DirectX\DXGIAdapterCache,NT AUTHORITY\SYSTEM,,TaskStartEvent
2026-05-22T21:24:27.672868Z,200,dc.scaffold.htb,Microsoft-Windows-TaskScheduler,Microsoft-Windows-TaskScheduler/Operational,4615,4,%windir%\system32\dxgiadaptercache.exe,2004,,,,,,,,,9140715C-035C-4B40-AE4F-AC963EBCCD88,\Microsoft\Windows\DirectX\DXGIAdapterCache,,,ActionStart
2026-05-22T21:24:27.674418Z,129,dc.scaffold.htb,Microsoft-Windows-TaskScheduler,Microsoft-Windows-TaskScheduler/Operational,4616,4,,,,,taskhostw.exe,16384,1996,,,,,\Microsoft\Windows\ExploitGuard\ExploitGuard MDM policy Refresh,,,CreatedTaskProcess
2026-05-22T21:24:27.674875Z,100,dc.scaffold.htb,Microsoft-Windows-TaskScheduler,Microsoft-Windows-TaskScheduler/Operational,4617,4,,,E555E8C0-A416-4394-9F26-3CDABA4FB3E1,,,,,,,,,\Microsoft\Windows\ExploitGuard\ExploitGuard MDM policy Refresh,NT AUTHORITY\SYSTEM,,TaskStartEvent
2026-05-22T21:24:27.674879Z,200,dc.scaffold.htb,Microsoft-Windows-TaskScheduler,Microsoft-Windows-TaskScheduler/Operational,4618,4,,1996,,,,,,,,,E555E8C0-A416-4394-9F26-3CDABA4FB3E1,\Microsoft\Windows\ExploitGuard\ExploitGuard MDM policy Refresh,,,ActionStart
2026-05-22T21:24:27.950394Z,101,dc.scaffold.htb,Microsoft-Windows-TaskScheduler,Microsoft-Windows-TaskScheduler/Operational,4619,2,,,,,,,,,2147943568,,,\Microsoft\Windows\Workplace Join\Automatic-Device-Join,(default user),,TaskStartFailedEvent
2026-05-22T21:24:28.181716Z,100,dc.scaffold.htb,Microsoft-Windows-TaskScheduler,Microsoft-Windows-TaskScheduler/Operational,4620,4,,,75FF1928-C67C-441F-94AD-508C84812FBC,,,,,,,,,\Microsoft\Windows\WwanSvc\OobeDiscovery,NT AUTHORITY\SYSTEM,,TaskStartEvent
2026-05-22T21:24:28.181719Z,200,dc.scaffold.htb,Microsoft-Windows-TaskScheduler,Microsoft-Windows-TaskScheduler/Operational,4621,4,OobeEsimTaskManager,1996,,,,,,,,,75FF1928-C67C-441F-94AD-508C84812FBC,\Microsoft\Windows\WwanSvc\OobeDiscovery,,,ActionStart
2026-05-22T21:24:28.249588Z,129,dc.scaffold.htb,Microsoft-Windows-TaskScheduler,Microsoft-Windows-TaskScheduler/Operational,4622,4,,,,,taskhostw.exe,16384,2636,,,,,\Microsoft\Windows\Time Synchronization\ForceSynchronizeTime,,,CreatedTaskProcess
2026-05-22T21:24:28.249754Z,100,dc.scaffold.htb,Microsoft-Windows-TaskScheduler,Microsoft-Windows-TaskScheduler/Operational,4623,4,,,A8945D99-04DF-43CA-937F-8B1BD7996061,,,,,,,,,\Microsoft\Windows\Time Synchronization\ForceSynchronizeTime,(NONE),,TaskStartEvent
2026-05-22T21:24:28.249756Z,200,dc.scaffold.htb,Microsoft-Windows-TaskScheduler,Microsoft-Windows-TaskScheduler/Operational,4624,4,Time Synchronization Task Handler,2636,,,,,,,,,A8945D99-04DF-43CA-937F-8B1BD7996061,\Microsoft\Windows\Time Synchronization\ForceSynchronizeTime,,,ActionStart
2026-05-22T21:24:28.268770Z,201,dc.scaffold.htb,Microsoft-Windows-TaskScheduler,Microsoft-Windows-TaskScheduler/Operational,4625,4,Time Synchronization Task Handler,2636,,,,,,,0,,A8945D99-04DF-43CA-937F-8B1BD7996061,\Microsoft\Windows\Time Synchronization\ForceSynchronizeTime,,,ActionSuccess
2026-05-22T21:24:28.268772Z,102,dc.scaffold.htb,Microsoft-Windows-TaskScheduler,Microsoft-Windows-TaskScheduler/Operational,4626,4,,,A8945D99-04DF-43CA-937F-8B1BD7996061,,,,,,,,,\Microsoft\Windows\Time Synchronization\ForceSynchronizeTime,(NONE),,TaskSuccessEvent
2026-05-22T21:24:28.398299Z,201,dc.scaffold.htb,Microsoft-Windows-TaskScheduler,Microsoft-Windows-TaskScheduler/Operational,4627,4,%windir%\system32\dxgiadaptercache.exe,2004,,,,,,,0,,9140715C-035C-4B40-AE4F-AC963EBCCD88,\Microsoft\Windows\DirectX\DXGIAdapterCache,,,ActionSuccess
2026-05-22T21:24:28.398500Z,102,dc.scaffold.htb,Microsoft-Windows-TaskScheduler,Microsoft-Windows-TaskScheduler/Operational,4628,4,,,9140715C-035C-4B40-AE4F-AC963EBCCD88,,,,,,,,,\Microsoft\Windows\DirectX\DXGIAdapterCache,NT AUTHORITY\SYSTEM,,TaskSuccessEvent
2026-05-22T21:24:28.406991Z,201,dc.scaffold.htb,Microsoft-Windows-TaskScheduler,Microsoft-Windows-TaskScheduler/Operational,4629,4,,1996,,,,,,,0,,E555E8C0-A416-4394-9F26-3CDABA4FB3E1,\Microsoft\Windows\ExploitGuard\ExploitGuard MDM policy Refresh,,,ActionSuccess
2026-05-22T21:24:28.406992Z,102,dc.scaffold.htb,Microsoft-Windows-TaskScheduler,Microsoft-Windows-TaskScheduler/Operational,4630,4,,,E555E8C0-A416-4394-9F26-3CDABA4FB3E1,,,,,,,,,\Microsoft\Windows\ExploitGuard\ExploitGuard MDM policy Refresh,NT AUTHORITY\SYSTEM,,TaskSuccessEvent
2026-05-22T21:24:28.463361Z,201,dc.scaffold.htb,Microsoft-Windows-TaskScheduler,Microsoft-Windows-TaskScheduler/Operational,4631,4,OobeEsimTaskManager,1996,,,,,,,0,,75FF1928-C67C-441F-94AD-508C84812FBC,\Microsoft\Windows\WwanSvc\OobeDiscovery,,,ActionSuccess
2026-05-22T21:24:28.463362Z,102,dc.scaffold.htb,Microsoft-Windows-TaskScheduler,Microsoft-Windows-TaskScheduler/Operational,4632,4,,,75FF1928-C67C-441F-94AD-508C84812FBC,,,,,,,,,\Microsoft\Windows\WwanSvc\OobeDiscovery,NT AUTHORITY\SYSTEM,,TaskSuccessEvent
2026-05-22T21:24:28.640324Z,108,dc.scaffold.htb,Microsoft-Windows-TaskScheduler,Microsoft-Windows-TaskScheduler/Operational,4633,4,,,74B9ADB3-B612-41D5-B63A-5BEFDE854B0A,,,,,,,,,\Microsoft\Windows\SoftwareProtectionPlatform\SvcRestartTaskNetwork,,,EventTriggerEvent
2026-05-22T21:24:28.643623Z,129,dc.scaffold.htb,Microsoft-Windows-TaskScheduler,Microsoft-Windows-TaskScheduler/Operational,4634,4,,,,,taskhostw.exe,16384,2712,,,,,\Microsoft\Windows\SoftwareProtectionPlatform\SvcRestartTaskNetwork,,,CreatedTaskProcess
2026-05-22T21:24:28.643872Z,100,dc.scaffold.htb,Microsoft-Windows-TaskScheduler,Microsoft-Windows-TaskScheduler/Operational,4635,4,,,74B9ADB3-B612-41D5-B63A-5BEFDE854B0A,,,,,,,,,\Microsoft\Windows\SoftwareProtectionPlatform\SvcRestartTaskNetwork,(NONE),,TaskStartEvent
2026-05-22T21:24:28.643874Z,200,dc.scaffold.htb,Microsoft-Windows-TaskScheduler,Microsoft-Windows-TaskScheduler/Operational,4636,4,SppSvcRestartTaskHandler Class,2712,,,,,,,,,74B9ADB3-B612-41D5-B63A-5BEFDE854B0A,\Microsoft\Windows\SoftwareProtectionPlatform\SvcRestartTaskNetwork,,,ActionStart
2026-05-22T21:24:28.967523Z,325,dc.scaffold.htb,Microsoft-Windows-TaskScheduler,Microsoft-Windows-TaskScheduler/Operational,4637,3,,,,,,,,2C4B6471-F8A4-4964-97A9-E14B18DAE80A,,,,\Microsoft\Windows\Workplace Join\Automatic-Device-Join,,,TaskInstanceQueued
2026-05-22T21:24:28.973657Z,129,dc.scaffold.htb,Microsoft-Windows-TaskScheduler,Microsoft-Windows-TaskScheduler/Operational,4638,4,,,,,%SystemRoot%\System32\dsregcmd.exe,16384,2776,,,,,\Microsoft\Windows\Workplace Join\Automatic-Device-Join,,,CreatedTaskProcess
2026-05-22T21:24:28.973834Z,100,dc.scaffold.htb,Microsoft-Windows-TaskScheduler,Microsoft-Windows-TaskScheduler/Operational,4639,4,,,2C4B6471-F8A4-4964-97A9-E14B18DAE80A,,,,,,,,,\Microsoft\Windows\Workplace Join\Automatic-Device-Join,NT AUTHORITY\SYSTEM,,TaskStartEvent
2026-05-22T21:24:28.973836Z,200,dc.scaffold.htb,Microsoft-Windows-TaskScheduler,Microsoft-Windows-TaskScheduler/Operational,4640,4,%SystemRoot%\System32\dsregcmd.exe,2776,,,,,,,,,2C4B6471-F8A4-4964-97A9-E14B18DAE80A,\Microsoft\Windows\Workplace Join\Automatic-Device-Join,,,ActionStart
2026-05-22T21:24:28.973966Z,110,dc.scaffold.htb,Microsoft-Windows-TaskScheduler,Microsoft-Windows-TaskScheduler/Operational,4641,4,,,2C4B6471-F8A4-4964-97A9-E14B18DAE80A,,,,,,,,,\Microsoft\Windows\Workplace Join\Automatic-Device-Join,System,,TaskRunEvent
2026-05-22T21:24:29.143615Z,201,dc.scaffold.htb,Microsoft-Windows-TaskScheduler,Microsoft-Windows-TaskScheduler/Operational,4642,4,SppSvcRestartTaskHandler Class,2712,,,,,,,0,,74B9ADB3-B612-41D5-B63A-5BEFDE854B0A,\Microsoft\Windows\SoftwareProtectionPlatform\SvcRestartTaskNetwork,,,ActionSuccess
2026-05-22T21:24:29.143617Z,102,dc.scaffold.htb,Microsoft-Windows-TaskScheduler,Microsoft-Windows-TaskScheduler/Operational,4643,4,,,74B9ADB3-B612-41D5-B63A-5BEFDE854B0A,,,,,,,,,\Microsoft\Windows\SoftwareProtectionPlatform\SvcRestartTaskNetwork,(NONE),,TaskSuccessEvent
2026-05-22T21:24:38.164226Z,118,dc.scaffold.htb,Microsoft-Windows-TaskScheduler,Microsoft-Windows-TaskScheduler/Operational,4644,4,,,6E00BC27-1573-4836-8DE9-083896677813,,,,,,,,,\Microsoft\Windows\CertificateServicesClient\SystemTask,,,BootTrigger
2026-05-22T21:24:38.165946Z,129,dc.scaffold.htb,Microsoft-Windows-TaskScheduler,Microsoft-Windows-TaskScheduler/Operational,4645,4,,,,,taskhostw.exe,16384,5068,,,,,\Microsoft\Windows\CertificateServicesClient\SystemTask,,,CreatedTaskProcess
2026-05-22T21:24:38.166096Z,100,dc.scaffold.htb,Microsoft-Windows-TaskScheduler,Microsoft-Windows-TaskScheduler/Operational,4646,4,,,6E00BC27-1573-4836-8DE9-083896677813,,,,,,,,,\Microsoft\Windows\CertificateServicesClient\SystemTask,NT AUTHORITY\SYSTEM,,TaskStartEvent
2026-05-22T21:24:38.166097Z,200,dc.scaffold.htb,Microsoft-Windows-TaskScheduler,Microsoft-Windows-TaskScheduler/Operational,4647,4,Certificate Services Client Task Handler,5068,,,,,,,,,6E00BC27-1573-4836-8DE9-083896677813,\Microsoft\Windows\CertificateServicesClient\SystemTask,,,ActionStart
2026-05-22T21:25:06.747987Z,201,dc.scaffold.htb,Microsoft-Windows-TaskScheduler,Microsoft-Windows-TaskScheduler/Operational,4648,4,%SystemRoot%\System32\dsregcmd.exe,2776,,,,,,,0,,2C4B6471-F8A4-4964-97A9-E14B18DAE80A,\Microsoft\Windows\Workplace Join\Automatic-Device-Join,,,ActionSuccess
2026-05-22T21:25:06.748194Z,102,dc.scaffold.htb,Microsoft-Windows-TaskScheduler,Microsoft-Windows-TaskScheduler/Operational,4649,4,,,2C4B6471-F8A4-4964-97A9-E14B18DAE80A,,,,,,,,,\Microsoft\Windows\Workplace Join\Automatic-Device-Join,NT AUTHORITY\SYSTEM,,TaskSuccessEvent
2026-05-22T21:25:16.445883Z,201,dc.scaffold.htb,Microsoft-Windows-TaskScheduler,Microsoft-Windows-TaskScheduler/Operational,4650,4,Certificate Services Client Task Handler,5068,,,,,,,0,,6E00BC27-1573-4836-8DE9-083896677813,\Microsoft\Windows\CertificateServicesClient\SystemTask,,,ActionSuccess
2026-05-22T21:25:16.445885Z,102,dc.scaffold.htb,Microsoft-Windows-TaskScheduler,Microsoft-Windows-TaskScheduler/Operational,4651,4,,,6E00BC27-1573-4836-8DE9-083896677813,,,,,,,,,\Microsoft\Windows\CertificateServicesClient\SystemTask,NT AUTHORITY\SYSTEM,,TaskSuccessEvent
2026-05-22T21:25:28.168629Z,118,dc.scaffold.htb,Microsoft-Windows-TaskScheduler,Microsoft-Windows-TaskScheduler/Operational,4652,4,,,51382C04-4223-4723-A66F-E1153CBB7199,,,,,,,,,\Microsoft\Windows\Software Inventory Logging\Configuration,,,BootTrigger
2026-05-22T21:25:28.168634Z,118,dc.scaffold.htb,Microsoft-Windows-TaskScheduler,Microsoft-Windows-TaskScheduler/Operational,4653,4,,,A05E5B96-8DA1-48C2-95C7-A98F54605629,,,,,,,,,\Microsoft\Windows\DirectX\DXGIAdapterCache,,,BootTrigger
2026-05-22T21:25:28.171120Z,129,dc.scaffold.htb,Microsoft-Windows-TaskScheduler,Microsoft-Windows-TaskScheduler/Operational,4654,4,,,,,%systemroot%\system32\cmd.exe,16384,3092,,,,,\Microsoft\Windows\Software Inventory Logging\Configuration,,,CreatedTaskProcess
2026-05-22T21:25:28.171170Z,129,dc.scaffold.htb,Microsoft-Windows-TaskScheduler,Microsoft-Windows-TaskScheduler/Operational,4655,4,,,,,%windir%\system32\dxgiadaptercache.exe,16384,3280,,,,,\Microsoft\Windows\DirectX\DXGIAdapterCache,,,CreatedTaskProcess
2026-05-22T21:25:28.171283Z,100,dc.scaffold.htb,Microsoft-Windows-TaskScheduler,Microsoft-Windows-TaskScheduler/Operational,4656,4,,,51382C04-4223-4723-A66F-E1153CBB7199,,,,,,,,,\Microsoft\Windows\Software Inventory Logging\Configuration,NT AUTHORITY\SYSTEM,,TaskStartEvent
2026-05-22T21:25:28.171285Z,200,dc.scaffold.htb,Microsoft-Windows-TaskScheduler,Microsoft-Windows-TaskScheduler/Operational,4657,4,%systemroot%\system32\cmd.exe,3092,,,,,,,,,51382C04-4223-4723-A66F-E1153CBB7199,\Microsoft\Windows\Software Inventory Logging\Configuration,,,ActionStart
2026-05-22T21:25:28.171330Z,100,dc.scaffold.htb,Microsoft-Windows-TaskScheduler,Microsoft-Windows-TaskScheduler/Operational,4658,4,,,A05E5B96-8DA1-48C2-95C7-A98F54605629,,,,,,,,,\Microsoft\Windows\DirectX\DXGIAdapterCache,NT AUTHORITY\SYSTEM,,TaskStartEvent
2026-05-22T21:25:28.171332Z,200,dc.scaffold.htb,Microsoft-Windows-TaskScheduler,Microsoft-Windows-TaskScheduler/Operational,4659,4,%windir%\system32\dxgiadaptercache.exe,3280,,,,,,,,,A05E5B96-8DA1-48C2-95C7-A98F54605629,\Microsoft\Windows\DirectX\DXGIAdapterCache,,,ActionStart
2026-05-22T21:25:28.214273Z,201,dc.scaffold.htb,Microsoft-Windows-TaskScheduler,Microsoft-Windows-TaskScheduler/Operational,4660,4,%windir%\system32\dxgiadaptercache.exe,3280,,,,,,,0,,A05E5B96-8DA1-48C2-95C7-A98F54605629,\Microsoft\Windows\DirectX\DXGIAdapterCache,,,ActionSuccess
2026-05-22T21:25:28.214490Z,102,dc.scaffold.htb,Microsoft-Windows-TaskScheduler,Microsoft-Windows-TaskScheduler/Operational,4661,4,,,A05E5B96-8DA1-48C2-95C7-A98F54605629,,,,,,,,,\Microsoft\Windows\DirectX\DXGIAdapterCache,NT AUTHORITY\SYSTEM,,TaskSuccessEvent
2026-05-22T21:25:28.247773Z,201,dc.scaffold.htb,Microsoft-Windows-TaskScheduler,Microsoft-Windows-TaskScheduler/Operational,4662,4,%systemroot%\system32\cmd.exe,3092,,,,,,,0,,51382C04-4223-4723-A66F-E1153CBB7199,\Microsoft\Windows\Software Inventory Logging\Configuration,,,ActionSuccess
2026-05-22T21:25:28.248024Z,102,dc.scaffold.htb,Microsoft-Windows-TaskScheduler,Microsoft-Windows-TaskScheduler/Operational,4663,4,,,51382C04-4223-4723-A66F-E1153CBB7199,,,,,,,,,\Microsoft\Windows\Software Inventory Logging\Configuration,NT AUTHORITY\SYSTEM,,TaskSuccessEvent
2026-05-22T21:26:37.979371Z,140,dc.scaffold.htb,Microsoft-Windows-TaskScheduler,Microsoft-Windows-TaskScheduler/Operational,4664,4,,,,,,,,,,,,\Microsoft\Windows\Application Experience\PcaPatchDbTask,,SCAFFOLD\DC$,TaskUpdated
2026-05-22T21:26:40.715544Z,140,dc.scaffold.htb,Microsoft-Windows-TaskScheduler,Microsoft-Windows-TaskScheduler/Operational,4665,4,,,,,,,,,,,,\Microsoft\Windows\UpdateOrchestrator\Schedule Scan,,S-1-5-18,TaskUpdated
2026-05-22T21:26:40.745920Z,140,dc.scaffold.htb,Microsoft-Windows-TaskScheduler,Microsoft-Windows-TaskScheduler/Operational,4666,4,,,,,,,,,,,,\Microsoft\Windows\UpdateOrchestrator\Schedule Scan,,SCAFFOLD\DC$,TaskUpdated
2026-05-22T21:27:28.155063Z,118,dc.scaffold.htb,Microsoft-Windows-TaskScheduler,Microsoft-Windows-TaskScheduler/Operational,4667,4,,,2A712ACC-E0F8-43F8-A89A-B52B1B392147,,,,,,,,,\Microsoft\Windows\Windows Error Reporting\QueueReporting,,,BootTrigger
2026-05-22T21:27:28.159151Z,129,dc.scaffold.htb,Microsoft-Windows-TaskScheduler,Microsoft-Windows-TaskScheduler/Operational,4668,4,,,,,taskhostw.exe,16384,5264,,,,,\Microsoft\Windows\Flighting\FeatureConfig\ReconcileFeatures,,,CreatedTaskProcess
2026-05-22T21:27:28.159747Z,100,dc.scaffold.htb,Microsoft-Windows-TaskScheduler,Microsoft-Windows-TaskScheduler/Operational,4669,4,,,99138A1D-62A8-49AF-B36A-78429201EA9E,,,,,,,,,\Microsoft\Windows\Flighting\FeatureConfig\ReconcileFeatures,NT AUTHORITY\SYSTEM,,TaskStartEvent
2026-05-22T21:27:28.159752Z,200,dc.scaffold.htb,Microsoft-Windows-TaskScheduler,Microsoft-Windows-TaskScheduler/Operational,4670,4,Feature Configuration Reconciliation Task Handler,5264,,,,,,,,,99138A1D-62A8-49AF-B36A-78429201EA9E,\Microsoft\Windows\Flighting\FeatureConfig\ReconcileFeatures,,,ActionStart
2026-05-22T21:27:28.187343Z,129,dc.scaffold.htb,Microsoft-Windows-TaskScheduler,Microsoft-Windows-TaskScheduler/Operational,4671,4,,,,,%windir%\system32\wermgr.exe,16384,3356,,,,,\Microsoft\Windows\Windows Error Reporting\QueueReporting,,,CreatedTaskProcess
2026-05-22T21:27:28.187494Z,100,dc.scaffold.htb,Microsoft-Windows-TaskScheduler,Microsoft-Windows-TaskScheduler/Operational,4672,4,,,2A712ACC-E0F8-43F8-A89A-B52B1B392147,,,,,,,,,\Microsoft\Windows\Windows Error Reporting\QueueReporting,NT AUTHORITY\SYSTEM,,TaskStartEvent
2026-05-22T21:27:28.187495Z,200,dc.scaffold.htb,Microsoft-Windows-TaskScheduler,Microsoft-Windows-TaskScheduler/Operational,4673,4,%windir%\system32\wermgr.exe,3356,,,,,,,,,2A712ACC-E0F8-43F8-A89A-B52B1B392147,\Microsoft\Windows\Windows Error Reporting\QueueReporting,,,ActionStart
