2026-05-23T23:17:12.293611Z,129,dc.scaffold.htb,Microsoft-Windows-TaskScheduler,Microsoft-Windows-TaskScheduler/Operational,6792,4,,,,,%windir%\system32\rundll32.exe,32,648,,,,,\Microsoft\Windows\Application Experience\StartupAppTask,,,CreatedTaskProcess
2026-05-23T23:17:12.294645Z,100,dc.scaffold.htb,Microsoft-Windows-TaskScheduler,Microsoft-Windows-TaskScheduler/Operational,6793,4,,,788EBD66-71C1-453B-BD99-3D26640F0BA1,,,,,,,,,\Microsoft\Windows\Application Experience\StartupAppTask,SCAFFOLD\Administrator,,TaskStartEvent
2026-05-23T23:17:12.294649Z,200,dc.scaffold.htb,Microsoft-Windows-TaskScheduler,Microsoft-Windows-TaskScheduler/Operational,6794,4,%windir%\system32\rundll32.exe,648,,,,,,,,,788EBD66-71C1-453B-BD99-3D26640F0BA1,\Microsoft\Windows\Application Experience\StartupAppTask,,,ActionStart
2026-05-23T23:17:12.297781Z,129,dc.scaffold.htb,Microsoft-Windows-TaskScheduler,Microsoft-Windows-TaskScheduler/Operational,6795,4,,,,,C:\ProgramData\Microsoft\Windows Defender\Platform\4.18.26030.3011-0\MpCmdRun.exe,16384,1304,,,,,\Microsoft\Windows\Windows Defender\Windows Defender Cleanup,,,CreatedTaskProcess
2026-05-23T23:17:12.298051Z,100,dc.scaffold.htb,Microsoft-Windows-TaskScheduler,Microsoft-Windows-TaskScheduler/Operational,6796,4,,,514066F0-4CEA-4980-A416-A85B1CF7F889,,,,,,,,,\Microsoft\Windows\Windows Defender\Windows Defender Cleanup,NT AUTHORITY\SYSTEM,,TaskStartEvent
2026-05-23T23:17:12.298053Z,200,dc.scaffold.htb,Microsoft-Windows-TaskScheduler,Microsoft-Windows-TaskScheduler/Operational,6797,4,C:\ProgramData\Microsoft\Windows Defender\Platform\4.18.26030.3011-0\MpCmdRun.exe,1304,,,,,,,,,514066F0-4CEA-4980-A416-A85B1CF7F889,\Microsoft\Windows\Windows Defender\Windows Defender Cleanup,,,ActionStart
2026-05-23T23:17:12.300902Z,129,dc.scaffold.htb,Microsoft-Windows-TaskScheduler,Microsoft-Windows-TaskScheduler/Operational,6798,4,,,,,C:\ProgramData\Microsoft\Windows Defender\Platform\4.18.26030.3011-0\MpCmdRun.exe,16384,7860,,,,,\Microsoft\Windows\Windows Defender\Windows Defender Cache Maintenance,,,CreatedTaskProcess
2026-05-23T23:17:12.301222Z,100,dc.scaffold.htb,Microsoft-Windows-TaskScheduler,Microsoft-Windows-TaskScheduler/Operational,6799,4,,,DEC22088-5990-44A0-BCD6-74B24C9368B9,,,,,,,,,\Microsoft\Windows\Windows Defender\Windows Defender Cache Maintenance,NT AUTHORITY\SYSTEM,,TaskStartEvent
2026-05-23T23:17:12.301224Z,200,dc.scaffold.htb,Microsoft-Windows-TaskScheduler,Microsoft-Windows-TaskScheduler/Operational,6800,4,C:\ProgramData\Microsoft\Windows Defender\Platform\4.18.26030.3011-0\MpCmdRun.exe,7860,,,,,,,,,DEC22088-5990-44A0-BCD6-74B24C9368B9,\Microsoft\Windows\Windows Defender\Windows Defender Cache Maintenance,,,ActionStart
2026-05-23T23:17:12.304844Z,129,dc.scaffold.htb,Microsoft-Windows-TaskScheduler,Microsoft-Windows-TaskScheduler/Operational,6801,4,,,,,taskhostw.exe,16384,5804,,,,,\Microsoft\Windows\DiskFootprint\StorageSense,,,CreatedTaskProcess
2026-05-23T23:17:12.305316Z,100,dc.scaffold.htb,Microsoft-Windows-TaskScheduler,Microsoft-Windows-TaskScheduler/Operational,6802,4,,,A672DB72-232E-418F-AD94-0D86C687585B,,,,,,,,,\Microsoft\Windows\DiskFootprint\StorageSense,NT AUTHORITY\SYSTEM,,TaskStartEvent
2026-05-23T23:17:12.305319Z,200,dc.scaffold.htb,Microsoft-Windows-TaskScheduler,Microsoft-Windows-TaskScheduler/Operational,6803,4,StorageUsage State Reporter Task Handler,5804,,,,,,,,,A672DB72-232E-418F-AD94-0D86C687585B,\Microsoft\Windows\DiskFootprint\StorageSense,,,ActionStart
2026-05-23T23:17:12.310418Z,129,dc.scaffold.htb,Microsoft-Windows-TaskScheduler,Microsoft-Windows-TaskScheduler/Operational,6804,4,,,,,%windir%\system32\rundll32.exe,16384,864,,,,,\Microsoft\Windows\StateRepository\MaintenanceTasks,,,CreatedTaskProcess
2026-05-23T23:17:12.310683Z,100,dc.scaffold.htb,Microsoft-Windows-TaskScheduler,Microsoft-Windows-TaskScheduler/Operational,6805,4,,,24A8EE92-AC60-47B9-8F88-B39B2CF361CA,,,,,,,,,\Microsoft\Windows\StateRepository\MaintenanceTasks,NT AUTHORITY\SYSTEM,,TaskStartEvent
2026-05-23T23:17:12.310685Z,200,dc.scaffold.htb,Microsoft-Windows-TaskScheduler,Microsoft-Windows-TaskScheduler/Operational,6806,4,%windir%\system32\rundll32.exe,864,,,,,,,,,24A8EE92-AC60-47B9-8F88-B39B2CF361CA,\Microsoft\Windows\StateRepository\MaintenanceTasks,,,ActionStart
2026-05-23T23:17:12.314895Z,129,dc.scaffold.htb,Microsoft-Windows-TaskScheduler,Microsoft-Windows-TaskScheduler/Operational,6807,4,,,,,%windir%\system32\compattelrunner.exe,32,5732,,,,,\Microsoft\Windows\Application Experience\ProgramDataUpdater,,,CreatedTaskProcess
2026-05-23T23:17:12.315089Z,100,dc.scaffold.htb,Microsoft-Windows-TaskScheduler,Microsoft-Windows-TaskScheduler/Operational,6808,4,,,FF98A164-3EFB-47BD-9F01-037CAE2F8FF8,,,,,,,,,\Microsoft\Windows\Application Experience\ProgramDataUpdater,NT AUTHORITY\SYSTEM,,TaskStartEvent
2026-05-23T23:17:12.315090Z,200,dc.scaffold.htb,Microsoft-Windows-TaskScheduler,Microsoft-Windows-TaskScheduler/Operational,6809,4,%windir%\system32\compattelrunner.exe,5732,,,,,,,,,FF98A164-3EFB-47BD-9F01-037CAE2F8FF8,\Microsoft\Windows\Application Experience\ProgramDataUpdater,,,ActionStart
2026-05-23T23:17:12.315540Z,100,dc.scaffold.htb,Microsoft-Windows-TaskScheduler,Microsoft-Windows-TaskScheduler/Operational,6810,4,,,0D3F17B0-4B55-4328-8D33-F21BCCD3EA17,,,,,,,,,\Microsoft\Windows\Flighting\FeatureConfig\UsageDataReporting,NT AUTHORITY\SYSTEM,,TaskStartEvent
2026-05-23T23:17:12.315541Z,200,dc.scaffold.htb,Microsoft-Windows-TaskScheduler,Microsoft-Windows-TaskScheduler/Operational,6811,4,Feature Usage Data Reporting Task Handler,5804,,,,,,,,,0D3F17B0-4B55-4328-8D33-F21BCCD3EA17,\Microsoft\Windows\Flighting\FeatureConfig\UsageDataReporting,,,ActionStart
2026-05-23T23:17:12.320471Z,129,dc.scaffold.htb,Microsoft-Windows-TaskScheduler,Microsoft-Windows-TaskScheduler/Operational,6812,4,,,,,%windir%\system32\AppHostRegistrationVerifier.exe,16384,3068,,,,,\microsoft\windows\applicationdata\appuriverifierdaily,,,CreatedTaskProcess
2026-05-23T23:17:12.320827Z,100,dc.scaffold.htb,Microsoft-Windows-TaskScheduler,Microsoft-Windows-TaskScheduler/Operational,6813,4,,,B4B8BB38-FA38-46A2-A8E2-BC32F7BDB686,,,,,,,,,\microsoft\windows\applicationdata\appuriverifierdaily,SCAFFOLD\Administrator,,TaskStartEvent
2026-05-23T23:17:12.320829Z,200,dc.scaffold.htb,Microsoft-Windows-TaskScheduler,Microsoft-Windows-TaskScheduler/Operational,6814,4,%windir%\system32\AppHostRegistrationVerifier.exe,3068,,,,,,,,,B4B8BB38-FA38-46A2-A8E2-BC32F7BDB686,\microsoft\windows\applicationdata\appuriverifierdaily,,,ActionStart
2026-05-23T23:17:12.323984Z,129,dc.scaffold.htb,Microsoft-Windows-TaskScheduler,Microsoft-Windows-TaskScheduler/Operational,6815,4,,,,,%windir%\system32\dstokenclean.exe,16384,2628,,,,,\Microsoft\Windows\ApplicationData\DsSvcCleanup,,,CreatedTaskProcess
2026-05-23T23:17:12.324193Z,100,dc.scaffold.htb,Microsoft-Windows-TaskScheduler,Microsoft-Windows-TaskScheduler/Operational,6816,4,,,B1BC646E-93B9-4E67-BD70-DA26240BDE6C,,,,,,,,,\Microsoft\Windows\ApplicationData\DsSvcCleanup,NT AUTHORITY\SYSTEM,,TaskStartEvent
2026-05-23T23:17:12.324194Z,200,dc.scaffold.htb,Microsoft-Windows-TaskScheduler,Microsoft-Windows-TaskScheduler/Operational,6817,4,%windir%\system32\dstokenclean.exe,2628,,,,,,,,,B1BC646E-93B9-4E67-BD70-DA26240BDE6C,\Microsoft\Windows\ApplicationData\DsSvcCleanup,,,ActionStart
2026-05-23T23:17:12.329032Z,129,dc.scaffold.htb,Microsoft-Windows-TaskScheduler,Microsoft-Windows-TaskScheduler/Operational,6818,4,,,,,%windir%\system32\sc.exe,16384,2276,,,,,\Microsoft\Windows\Time Synchronization\SynchronizeTime,,,CreatedTaskProcess
2026-05-23T23:17:12.329378Z,100,dc.scaffold.htb,Microsoft-Windows-TaskScheduler,Microsoft-Windows-TaskScheduler/Operational,6819,4,,,29D35CEC-8D52-4977-BB1B-F208EAF60776,,,,,,,,,\Microsoft\Windows\Time Synchronization\SynchronizeTime,(NONE),,TaskStartEvent
2026-05-23T23:17:12.329380Z,200,dc.scaffold.htb,Microsoft-Windows-TaskScheduler,Microsoft-Windows-TaskScheduler/Operational,6820,4,%windir%\system32\sc.exe,2276,,,,,,,,,29D35CEC-8D52-4977-BB1B-F208EAF60776,\Microsoft\Windows\Time Synchronization\SynchronizeTime,,,ActionStart
2026-05-23T23:17:12.329881Z,100,dc.scaffold.htb,Microsoft-Windows-TaskScheduler,Microsoft-Windows-TaskScheduler/Operational,6821,4,,,E5A51B9B-9C7C-425F-A98D-3A0717FBBCA8,,,,,,,,,\Microsoft\Windows\Chkdsk\ProactiveScan,NT AUTHORITY\SYSTEM,,TaskStartEvent
2026-05-23T23:17:12.329882Z,200,dc.scaffold.htb,Microsoft-Windows-TaskScheduler,Microsoft-Windows-TaskScheduler/Operational,6822,4,Proactive Scan,5804,,,,,,,,,E5A51B9B-9C7C-425F-A98D-3A0717FBBCA8,\Microsoft\Windows\Chkdsk\ProactiveScan,,,ActionStart
2026-05-23T23:17:12.333138Z,129,dc.scaffold.htb,Microsoft-Windows-TaskScheduler,Microsoft-Windows-TaskScheduler/Operational,6823,4,,,,,taskhostw.exe,16384,6972,,,,,\Microsoft\Windows\Shell\IndexerAutomaticMaintenance,,,CreatedTaskProcess
2026-05-23T23:17:12.333400Z,100,dc.scaffold.htb,Microsoft-Windows-TaskScheduler,Microsoft-Windows-TaskScheduler/Operational,6824,4,,,320FA14F-F7EB-4045-BAD7-229216A86B45,,,,,,,,,\Microsoft\Windows\Shell\IndexerAutomaticMaintenance,(NONE),,TaskStartEvent
2026-05-23T23:17:12.333403Z,200,dc.scaffold.htb,Microsoft-Windows-TaskScheduler,Microsoft-Windows-TaskScheduler/Operational,6825,4,Automatic Maintenance task to enable Windows Search to make progress while in Connected Standby,6972,,,,,,,,,320FA14F-F7EB-4045-BAD7-229216A86B45,\Microsoft\Windows\Shell\IndexerAutomaticMaintenance,,,ActionStart
2026-05-23T23:17:12.336371Z,129,dc.scaffold.htb,Microsoft-Windows-TaskScheduler,Microsoft-Windows-TaskScheduler/Operational,6826,4,,,,,%windir%\system32\disksnapshot.exe,16384,6764,,,,,\Microsoft\Windows\DiskFootprint\Diagnostics,,,CreatedTaskProcess
2026-05-23T23:17:12.336668Z,100,dc.scaffold.htb,Microsoft-Windows-TaskScheduler,Microsoft-Windows-TaskScheduler/Operational,6827,4,,,88429228-902B-47CE-9EF3-88558F5B4BE6,,,,,,,,,\Microsoft\Windows\DiskFootprint\Diagnostics,NT AUTHORITY\SYSTEM,,TaskStartEvent
2026-05-23T23:17:12.336669Z,200,dc.scaffold.htb,Microsoft-Windows-TaskScheduler,Microsoft-Windows-TaskScheduler/Operational,6828,4,%windir%\system32\disksnapshot.exe,6764,,,,,,,,,88429228-902B-47CE-9EF3-88558F5B4BE6,\Microsoft\Windows\DiskFootprint\Diagnostics,,,ActionStart
2026-05-23T23:17:12.338737Z,129,dc.scaffold.htb,Microsoft-Windows-TaskScheduler,Microsoft-Windows-TaskScheduler/Operational,6829,4,,,,,taskhostw.exe,32,2640,,,,,\Microsoft\Windows\License Manager\TempSignedLicenseExchange,,,CreatedTaskProcess
2026-05-23T23:17:12.338997Z,100,dc.scaffold.htb,Microsoft-Windows-TaskScheduler,Microsoft-Windows-TaskScheduler/Operational,6830,4,,,7F9C179F-5BF4-4316-A986-8926D3F50FD9,,,,,,,,,\Microsoft\Windows\License Manager\TempSignedLicenseExchange,SCAFFOLD\Administrator,,TaskStartEvent
2026-05-23T23:17:12.338999Z,200,dc.scaffold.htb,Microsoft-Windows-TaskScheduler,Microsoft-Windows-TaskScheduler/Operational,6831,4,TempSignedLicenseExchangeTask,2640,,,,,,,,,7F9C179F-5BF4-4316-A986-8926D3F50FD9,\Microsoft\Windows\License Manager\TempSignedLicenseExchange,,,ActionStart
2026-05-23T23:17:12.339365Z,100,dc.scaffold.htb,Microsoft-Windows-TaskScheduler,Microsoft-Windows-TaskScheduler/Operational,6832,4,,,12813E84-BA74-48EA-AB55-65BA4599052D,,,,,,,,,\Microsoft\Windows\.NET Framework\.NET Framework NGEN v4.0.30319 64,NT AUTHORITY\SYSTEM,,TaskStartEvent
2026-05-23T23:17:12.339367Z,200,dc.scaffold.htb,Microsoft-Windows-TaskScheduler,Microsoft-Windows-TaskScheduler/Operational,6833,4,,5804,,,,,,,,,12813E84-BA74-48EA-AB55-65BA4599052D,\Microsoft\Windows\.NET Framework\.NET Framework NGEN v4.0.30319 64,,,ActionStart
2026-05-23T23:17:12.339594Z,100,dc.scaffold.htb,Microsoft-Windows-TaskScheduler,Microsoft-Windows-TaskScheduler/Operational,6834,4,,,F2B80DF1-713B-4FD6-8966-D0D8CFA1886C,,,,,,,,,\Microsoft\Windows\.NET Framework\.NET Framework NGEN v4.0.30319,NT AUTHORITY\SYSTEM,,TaskStartEvent
2026-05-23T23:17:12.339595Z,200,dc.scaffold.htb,Microsoft-Windows-TaskScheduler,Microsoft-Windows-TaskScheduler/Operational,6835,4,,5804,,,,,,,,,F2B80DF1-713B-4FD6-8966-D0D8CFA1886C,\Microsoft\Windows\.NET Framework\.NET Framework NGEN v4.0.30319,,,ActionStart
2026-05-23T23:17:12.339682Z,325,dc.scaffold.htb,Microsoft-Windows-TaskScheduler,Microsoft-Windows-TaskScheduler/Operational,6836,3,,,,,,,,F461CE1E-253A-4E99-A391-FA9624DCD433,,,,\Microsoft\Windows\Power Efficiency Diagnostics\AnalyzeSystem,,,TaskInstanceQueued
2026-05-23T23:17:12.341804Z,129,dc.scaffold.htb,Microsoft-Windows-TaskScheduler,Microsoft-Windows-TaskScheduler/Operational,6837,4,,,,,%systemroot%\system32\usoclient.exe,16384,1724,,,,,\Microsoft\Windows\UpdateOrchestrator\Report policies,,,CreatedTaskProcess
2026-05-23T23:17:12.341924Z,100,dc.scaffold.htb,Microsoft-Windows-TaskScheduler,Microsoft-Windows-TaskScheduler/Operational,6838,4,,,372DAF1D-5184-4783-88B4-07ADC2F63C8F,,,,,,,,,\Microsoft\Windows\UpdateOrchestrator\Report policies,NT AUTHORITY\SYSTEM,,TaskStartEvent
2026-05-23T23:17:12.341925Z,200,dc.scaffold.htb,Microsoft-Windows-TaskScheduler,Microsoft-Windows-TaskScheduler/Operational,6839,4,%systemroot%\system32\usoclient.exe,1724,,,,,,,,,372DAF1D-5184-4783-88B4-07ADC2F63C8F,\Microsoft\Windows\UpdateOrchestrator\Report policies,,,ActionStart
2026-05-23T23:17:12.342452Z,100,dc.scaffold.htb,Microsoft-Windows-TaskScheduler,Microsoft-Windows-TaskScheduler/Operational,6840,4,,,C0F4AA29-F0FE-418F-B8E7-18E3B4102DB8,,,,,,,,,\Microsoft\Windows\Registry\RegIdleBackup,NT AUTHORITY\SYSTEM,,TaskStartEvent
2026-05-23T23:17:12.342453Z,200,dc.scaffold.htb,Microsoft-Windows-TaskScheduler,Microsoft-Windows-TaskScheduler/Operational,6841,4,RegistryIdleBackupHandler,5804,,,,,,,,,C0F4AA29-F0FE-418F-B8E7-18E3B4102DB8,\Microsoft\Windows\Registry\RegIdleBackup,,,ActionStart
2026-05-23T23:17:12.354763Z,201,dc.scaffold.htb,Microsoft-Windows-TaskScheduler,Microsoft-Windows-TaskScheduler/Operational,6842,4,Proactive Scan,5804,,,,,,,0,,E5A51B9B-9C7C-425F-A98D-3A0717FBBCA8,\Microsoft\Windows\Chkdsk\ProactiveScan,,,ActionSuccess
2026-05-23T23:17:12.354764Z,102,dc.scaffold.htb,Microsoft-Windows-TaskScheduler,Microsoft-Windows-TaskScheduler/Operational,6843,4,,,E5A51B9B-9C7C-425F-A98D-3A0717FBBCA8,,,,,,,,,\Microsoft\Windows\Chkdsk\ProactiveScan,NT AUTHORITY\SYSTEM,,TaskSuccessEvent
2026-05-23T23:17:12.358550Z,202,dc.scaffold.htb,Microsoft-Windows-TaskScheduler,Microsoft-Windows-TaskScheduler/Operational,6844,2,RegistryIdleBackupHandler,5804,,,,,,,2147942450,,C0F4AA29-F0FE-418F-B8E7-18E3B4102DB8,\Microsoft\Windows\Registry\RegIdleBackup,,,ActionFailure
2026-05-23T23:17:12.358552Z,103,dc.scaffold.htb,Microsoft-Windows-TaskScheduler,Microsoft-Windows-TaskScheduler/Operational,6845,2,,,C0F4AA29-F0FE-418F-B8E7-18E3B4102DB8,,,,,,2147942450,,,\Microsoft\Windows\Registry\RegIdleBackup,NT AUTHORITY\SYSTEM,,TaskFailureEvent
2026-05-23T23:17:12.393301Z,201,dc.scaffold.htb,Microsoft-Windows-TaskScheduler,Microsoft-Windows-TaskScheduler/Operational,6846,4,Feature Usage Data Reporting Task Handler,5804,,,,,,,0,,0D3F17B0-4B55-4328-8D33-F21BCCD3EA17,\Microsoft\Windows\Flighting\FeatureConfig\UsageDataReporting,,,ActionSuccess
2026-05-23T23:17:12.393301Z,102,dc.scaffold.htb,Microsoft-Windows-TaskScheduler,Microsoft-Windows-TaskScheduler/Operational,6847,4,,,0D3F17B0-4B55-4328-8D33-F21BCCD3EA17,,,,,,,,,\Microsoft\Windows\Flighting\FeatureConfig\UsageDataReporting,NT AUTHORITY\SYSTEM,,TaskSuccessEvent
2026-05-23T23:17:12.421872Z,201,dc.scaffold.htb,Microsoft-Windows-TaskScheduler,Microsoft-Windows-TaskScheduler/Operational,6848,4,%windir%\system32\rundll32.exe,864,,,,,,,0,,24A8EE92-AC60-47B9-8F88-B39B2CF361CA,\Microsoft\Windows\StateRepository\MaintenanceTasks,,,ActionSuccess
2026-05-23T23:17:12.421993Z,102,dc.scaffold.htb,Microsoft-Windows-TaskScheduler,Microsoft-Windows-TaskScheduler/Operational,6849,4,,,24A8EE92-AC60-47B9-8F88-B39B2CF361CA,,,,,,,,,\Microsoft\Windows\StateRepository\MaintenanceTasks,NT AUTHORITY\SYSTEM,,TaskSuccessEvent
2026-05-23T23:17:12.423085Z,201,dc.scaffold.htb,Microsoft-Windows-TaskScheduler,Microsoft-Windows-TaskScheduler/Operational,6850,4,Automatic Maintenance task to enable Windows Search to make progress while in Connected Standby,6972,,,,,,,2147942401,,320FA14F-F7EB-4045-BAD7-229216A86B45,\Microsoft\Windows\Shell\IndexerAutomaticMaintenance,,,ActionSuccess
2026-05-23T23:17:12.423086Z,102,dc.scaffold.htb,Microsoft-Windows-TaskScheduler,Microsoft-Windows-TaskScheduler/Operational,6851,4,,,320FA14F-F7EB-4045-BAD7-229216A86B45,,,,,,,,,\Microsoft\Windows\Shell\IndexerAutomaticMaintenance,(NONE),,TaskSuccessEvent
2026-05-23T23:17:12.446966Z,201,dc.scaffold.htb,Microsoft-Windows-TaskScheduler,Microsoft-Windows-TaskScheduler/Operational,6852,4,%windir%\system32\AppHostRegistrationVerifier.exe,3068,,,,,,,0,,B4B8BB38-FA38-46A2-A8E2-BC32F7BDB686,\microsoft\windows\applicationdata\appuriverifierdaily,,,ActionSuccess
2026-05-23T23:17:12.447314Z,102,dc.scaffold.htb,Microsoft-Windows-TaskScheduler,Microsoft-Windows-TaskScheduler/Operational,6853,4,,,B4B8BB38-FA38-46A2-A8E2-BC32F7BDB686,,,,,,,,,\microsoft\windows\applicationdata\appuriverifierdaily,SCAFFOLD\Administrator,,TaskSuccessEvent
2026-05-23T23:17:12.453234Z,201,dc.scaffold.htb,Microsoft-Windows-TaskScheduler,Microsoft-Windows-TaskScheduler/Operational,6854,4,%systemroot%\system32\usoclient.exe,1724,,,,,,,0,,372DAF1D-5184-4783-88B4-07ADC2F63C8F,\Microsoft\Windows\UpdateOrchestrator\Report policies,,,ActionSuccess
2026-05-23T23:17:12.453592Z,102,dc.scaffold.htb,Microsoft-Windows-TaskScheduler,Microsoft-Windows-TaskScheduler/Operational,6855,4,,,372DAF1D-5184-4783-88B4-07ADC2F63C8F,,,,,,,,,\Microsoft\Windows\UpdateOrchestrator\Report policies,NT AUTHORITY\SYSTEM,,TaskSuccessEvent
2026-05-23T23:17:12.468359Z,201,dc.scaffold.htb,Microsoft-Windows-TaskScheduler,Microsoft-Windows-TaskScheduler/Operational,6856,4,%windir%\system32\disksnapshot.exe,6764,,,,,,,0,,88429228-902B-47CE-9EF3-88558F5B4BE6,\Microsoft\Windows\DiskFootprint\Diagnostics,,,ActionSuccess
2026-05-23T23:17:12.468478Z,102,dc.scaffold.htb,Microsoft-Windows-TaskScheduler,Microsoft-Windows-TaskScheduler/Operational,6857,4,,,88429228-902B-47CE-9EF3-88558F5B4BE6,,,,,,,,,\Microsoft\Windows\DiskFootprint\Diagnostics,NT AUTHORITY\SYSTEM,,TaskSuccessEvent
2026-05-23T23:17:12.478102Z,202,dc.scaffold.htb,Microsoft-Windows-TaskScheduler,Microsoft-Windows-TaskScheduler/Operational,6858,2,StorageUsage State Reporter Task Handler,5804,,,,,,,2147746132,,A672DB72-232E-418F-AD94-0D86C687585B,\Microsoft\Windows\DiskFootprint\StorageSense,,,ActionFailure
2026-05-23T23:17:12.478104Z,103,dc.scaffold.htb,Microsoft-Windows-TaskScheduler,Microsoft-Windows-TaskScheduler/Operational,6859,2,,,A672DB72-232E-418F-AD94-0D86C687585B,,,,,,2147746132,,,\Microsoft\Windows\DiskFootprint\StorageSense,NT AUTHORITY\SYSTEM,,TaskFailureEvent
2026-05-23T23:17:12.488828Z,201,dc.scaffold.htb,Microsoft-Windows-TaskScheduler,Microsoft-Windows-TaskScheduler/Operational,6860,4,%windir%\system32\sc.exe,2276,,,,,,,2147943456,,29D35CEC-8D52-4977-BB1B-F208EAF60776,\Microsoft\Windows\Time Synchronization\SynchronizeTime,,,ActionSuccess
2026-05-23T23:17:12.488933Z,102,dc.scaffold.htb,Microsoft-Windows-TaskScheduler,Microsoft-Windows-TaskScheduler/Operational,6861,4,,,29D35CEC-8D52-4977-BB1B-F208EAF60776,,,,,,,,,\Microsoft\Windows\Time Synchronization\SynchronizeTime,(NONE),,TaskSuccessEvent
2026-05-23T23:17:12.595441Z,201,dc.scaffold.htb,Microsoft-Windows-TaskScheduler,Microsoft-Windows-TaskScheduler/Operational,6862,4,%windir%\system32\dstokenclean.exe,2628,,,,,,,0,,B1BC646E-93B9-4E67-BD70-DA26240BDE6C,\Microsoft\Windows\ApplicationData\DsSvcCleanup,,,ActionSuccess
2026-05-23T23:17:12.595662Z,102,dc.scaffold.htb,Microsoft-Windows-TaskScheduler,Microsoft-Windows-TaskScheduler/Operational,6863,4,,,B1BC646E-93B9-4E67-BD70-DA26240BDE6C,,,,,,,,,\Microsoft\Windows\ApplicationData\DsSvcCleanup,NT AUTHORITY\SYSTEM,,TaskSuccessEvent
2026-05-23T23:17:12.621985Z,140,dc.scaffold.htb,Microsoft-Windows-TaskScheduler,Microsoft-Windows-TaskScheduler/Operational,6864,4,,,,,,,,,,,,\Microsoft\Windows\.NET Framework\.NET Framework NGEN v4.0.30319 64,,SYSTEM,TaskUpdated
2026-05-23T23:17:12.714562Z,201,dc.scaffold.htb,Microsoft-Windows-TaskScheduler,Microsoft-Windows-TaskScheduler/Operational,6865,4,,5804,,,,,,,0,,12813E84-BA74-48EA-AB55-65BA4599052D,\Microsoft\Windows\.NET Framework\.NET Framework NGEN v4.0.30319 64,,,ActionSuccess
2026-05-23T23:17:12.714564Z,102,dc.scaffold.htb,Microsoft-Windows-TaskScheduler,Microsoft-Windows-TaskScheduler/Operational,6866,4,,,12813E84-BA74-48EA-AB55-65BA4599052D,,,,,,,,,\Microsoft\Windows\.NET Framework\.NET Framework NGEN v4.0.30319 64,NT AUTHORITY\SYSTEM,,TaskSuccessEvent
2026-05-23T23:17:12.828941Z,201,dc.scaffold.htb,Microsoft-Windows-TaskScheduler,Microsoft-Windows-TaskScheduler/Operational,6867,4,%windir%\system32\rundll32.exe,648,,,,,,,0,,788EBD66-71C1-453B-BD99-3D26640F0BA1,\Microsoft\Windows\Application Experience\StartupAppTask,,,ActionSuccess
2026-05-23T23:17:12.829274Z,102,dc.scaffold.htb,Microsoft-Windows-TaskScheduler,Microsoft-Windows-TaskScheduler/Operational,6868,4,,,788EBD66-71C1-453B-BD99-3D26640F0BA1,,,,,,,,,\Microsoft\Windows\Application Experience\StartupAppTask,SCAFFOLD\Administrator,,TaskSuccessEvent
2026-05-23T23:17:12.879662Z,140,dc.scaffold.htb,Microsoft-Windows-TaskScheduler,Microsoft-Windows-TaskScheduler/Operational,6869,4,,,,,,,,,,,,\Microsoft\Windows\.NET Framework\.NET Framework NGEN v4.0.30319,,SYSTEM,TaskUpdated
2026-05-23T23:17:13.008681Z,201,dc.scaffold.htb,Microsoft-Windows-TaskScheduler,Microsoft-Windows-TaskScheduler/Operational,6870,4,,5804,,,,,,,0,,F2B80DF1-713B-4FD6-8966-D0D8CFA1886C,\Microsoft\Windows\.NET Framework\.NET Framework NGEN v4.0.30319,,,ActionSuccess
2026-05-23T23:17:13.008682Z,102,dc.scaffold.htb,Microsoft-Windows-TaskScheduler,Microsoft-Windows-TaskScheduler/Operational,6871,4,,,F2B80DF1-713B-4FD6-8966-D0D8CFA1886C,,,,,,,,,\Microsoft\Windows\.NET Framework\.NET Framework NGEN v4.0.30319,NT AUTHORITY\SYSTEM,,TaskSuccessEvent
2026-05-23T23:17:13.629835Z,325,dc.scaffold.htb,Microsoft-Windows-TaskScheduler,Microsoft-Windows-TaskScheduler/Operational,6872,3,,,,,,,,F461CE1E-253A-4E99-A391-FA9624DCD433,,,,\Microsoft\Windows\Power Efficiency Diagnostics\AnalyzeSystem,,,TaskInstanceQueued
2026-05-23T23:17:13.631527Z,129,dc.scaffold.htb,Microsoft-Windows-TaskScheduler,Microsoft-Windows-TaskScheduler/Operational,6873,4,,,,,taskhostw.exe,16384,5940,,,,,\Microsoft\Windows\.NET Framework\.NET Framework NGEN v4.0.30319 64,,,CreatedTaskProcess
2026-05-23T23:17:13.631691Z,100,dc.scaffold.htb,Microsoft-Windows-TaskScheduler,Microsoft-Windows-TaskScheduler/Operational,6874,4,,,43B4FA91-4B8E-4884-BE7A-A5D9AA194429,,,,,,,,,\Microsoft\Windows\.NET Framework\.NET Framework NGEN v4.0.30319 64,NT AUTHORITY\SYSTEM,,TaskStartEvent
2026-05-23T23:17:13.631692Z,200,dc.scaffold.htb,Microsoft-Windows-TaskScheduler,Microsoft-Windows-TaskScheduler/Operational,6875,4,,5940,,,,,,,,,43B4FA91-4B8E-4884-BE7A-A5D9AA194429,\Microsoft\Windows\.NET Framework\.NET Framework NGEN v4.0.30319 64,,,ActionStart
2026-05-23T23:17:13.631951Z,100,dc.scaffold.htb,Microsoft-Windows-TaskScheduler,Microsoft-Windows-TaskScheduler/Operational,6876,4,,,A2E217CF-4079-4C4E-A0CB-CAEE7714B63B,,,,,,,,,\Microsoft\Windows\.NET Framework\.NET Framework NGEN v4.0.30319,NT AUTHORITY\SYSTEM,,TaskStartEvent
2026-05-23T23:17:13.631952Z,200,dc.scaffold.htb,Microsoft-Windows-TaskScheduler,Microsoft-Windows-TaskScheduler/Operational,6877,4,,5940,,,,,,,,,A2E217CF-4079-4C4E-A0CB-CAEE7714B63B,\Microsoft\Windows\.NET Framework\.NET Framework NGEN v4.0.30319,,,ActionStart
2026-05-23T23:17:13.786072Z,140,dc.scaffold.htb,Microsoft-Windows-TaskScheduler,Microsoft-Windows-TaskScheduler/Operational,6878,4,,,,,,,,,,,,\Microsoft\Windows\.NET Framework\.NET Framework NGEN v4.0.30319 64,,SYSTEM,TaskUpdated
2026-05-23T23:17:13.798471Z,140,dc.scaffold.htb,Microsoft-Windows-TaskScheduler,Microsoft-Windows-TaskScheduler/Operational,6879,4,,,,,,,,,,,,\Microsoft\Windows\.NET Framework\.NET Framework NGEN v4.0.30319,,SYSTEM,TaskUpdated
2026-05-23T23:17:13.890064Z,201,dc.scaffold.htb,Microsoft-Windows-TaskScheduler,Microsoft-Windows-TaskScheduler/Operational,6880,4,,5940,,,,,,,0,,43B4FA91-4B8E-4884-BE7A-A5D9AA194429,\Microsoft\Windows\.NET Framework\.NET Framework NGEN v4.0.30319 64,,,ActionSuccess
2026-05-23T23:17:13.890065Z,102,dc.scaffold.htb,Microsoft-Windows-TaskScheduler,Microsoft-Windows-TaskScheduler/Operational,6881,4,,,43B4FA91-4B8E-4884-BE7A-A5D9AA194429,,,,,,,,,\Microsoft\Windows\.NET Framework\.NET Framework NGEN v4.0.30319 64,NT AUTHORITY\SYSTEM,,TaskSuccessEvent
2026-05-23T23:17:13.893362Z,201,dc.scaffold.htb,Microsoft-Windows-TaskScheduler,Microsoft-Windows-TaskScheduler/Operational,6882,4,,5940,,,,,,,0,,A2E217CF-4079-4C4E-A0CB-CAEE7714B63B,\Microsoft\Windows\.NET Framework\.NET Framework NGEN v4.0.30319,,,ActionSuccess
2026-05-23T23:17:13.893363Z,102,dc.scaffold.htb,Microsoft-Windows-TaskScheduler,Microsoft-Windows-TaskScheduler/Operational,6883,4,,,A2E217CF-4079-4C4E-A0CB-CAEE7714B63B,,,,,,,,,\Microsoft\Windows\.NET Framework\.NET Framework NGEN v4.0.30319,NT AUTHORITY\SYSTEM,,TaskSuccessEvent
2026-05-23T23:17:22.382436Z,201,dc.scaffold.htb,Microsoft-Windows-TaskScheduler,Microsoft-Windows-TaskScheduler/Operational,6884,4,TempSignedLicenseExchangeTask,2640,,,,,,,0,,7F9C179F-5BF4-4316-A986-8926D3F50FD9,\Microsoft\Windows\License Manager\TempSignedLicenseExchange,,,ActionSuccess
2026-05-23T23:17:22.382439Z,102,dc.scaffold.htb,Microsoft-Windows-TaskScheduler,Microsoft-Windows-TaskScheduler/Operational,6885,4,,,7F9C179F-5BF4-4316-A986-8926D3F50FD9,,,,,,,,,\Microsoft\Windows\License Manager\TempSignedLicenseExchange,SCAFFOLD\Administrator,,TaskSuccessEvent
2026-05-23T23:18:12.424994Z,201,dc.scaffold.htb,Microsoft-Windows-TaskScheduler,Microsoft-Windows-TaskScheduler/Operational,6886,4,C:\ProgramData\Microsoft\Windows Defender\Platform\4.18.26030.3011-0\MpCmdRun.exe,7860,,,,,,,0,,DEC22088-5990-44A0-BCD6-74B24C9368B9,\Microsoft\Windows\Windows Defender\Windows Defender Cache Maintenance,,,ActionSuccess
2026-05-23T23:18:12.425653Z,102,dc.scaffold.htb,Microsoft-Windows-TaskScheduler,Microsoft-Windows-TaskScheduler/Operational,6887,4,,,DEC22088-5990-44A0-BCD6-74B24C9368B9,,,,,,,,,\Microsoft\Windows\Windows Defender\Windows Defender Cache Maintenance,NT AUTHORITY\SYSTEM,,TaskSuccessEvent
2026-05-23T23:18:12.448461Z,201,dc.scaffold.htb,Microsoft-Windows-TaskScheduler,Microsoft-Windows-TaskScheduler/Operational,6888,4,C:\ProgramData\Microsoft\Windows Defender\Platform\4.18.26030.3011-0\MpCmdRun.exe,1304,,,,,,,0,,514066F0-4CEA-4980-A416-A85B1CF7F889,\Microsoft\Windows\Windows Defender\Windows Defender Cleanup,,,ActionSuccess
2026-05-23T23:18:12.448701Z,102,dc.scaffold.htb,Microsoft-Windows-TaskScheduler,Microsoft-Windows-TaskScheduler/Operational,6889,4,,,514066F0-4CEA-4980-A416-A85B1CF7F889,,,,,,,,,\Microsoft\Windows\Windows Defender\Windows Defender Cleanup,NT AUTHORITY\SYSTEM,,TaskSuccessEvent
2026-05-23T23:18:37.761179Z,325,dc.scaffold.htb,Microsoft-Windows-TaskScheduler,Microsoft-Windows-TaskScheduler/Operational,6890,3,,,,,,,,7B539B95-5B6D-45EE-B663-55E565C15463,,,,\Microsoft\Windows\WDI\ResolutionHost,,,TaskInstanceQueued
2026-05-23T23:18:37.762887Z,129,dc.scaffold.htb,Microsoft-Windows-TaskScheduler,Microsoft-Windows-TaskScheduler/Operational,6891,4,,,,,taskhostw.exe,32,1960,,,,,\Microsoft\Windows\WDI\ResolutionHost,,,CreatedTaskProcess
2026-05-23T23:18:37.763117Z,100,dc.scaffold.htb,Microsoft-Windows-TaskScheduler,Microsoft-Windows-TaskScheduler/Operational,6892,4,,,7B539B95-5B6D-45EE-B663-55E565C15463,,,,,,,,,\Microsoft\Windows\WDI\ResolutionHost,SCAFFOLD\Administrator,,TaskStartEvent
2026-05-23T23:18:37.763118Z,200,dc.scaffold.htb,Microsoft-Windows-TaskScheduler,Microsoft-Windows-TaskScheduler/Operational,6893,4,DiagnosticInfrastructureCustomHandler,1960,,,,,,,,,7B539B95-5B6D-45EE-B663-55E565C15463,\Microsoft\Windows\WDI\ResolutionHost,,,ActionStart
2026-05-23T23:18:37.763220Z,110,dc.scaffold.htb,Microsoft-Windows-TaskScheduler,Microsoft-Windows-TaskScheduler/Operational,6894,4,,,7B539B95-5B6D-45EE-B663-55E565C15463,,,,,,,,,\Microsoft\Windows\WDI\ResolutionHost,Administrator,,TaskRunEvent
2026-05-23T23:19:08.670886Z,108,dc.scaffold.htb,Microsoft-Windows-TaskScheduler,Microsoft-Windows-TaskScheduler/Operational,6895,4,,,42B8B110-55A5-48D9-82A6-768B58A64AE1,,,,,,,,,\Deploy-Engine-OnAudit,,,EventTriggerEvent
2026-05-23T23:19:08.680527Z,129,dc.scaffold.htb,Microsoft-Windows-TaskScheduler,Microsoft-Windows-TaskScheduler/Operational,6896,4,,,,,powershell.exe,16384,4120,,,,,\Deploy-Engine-OnAudit,,,CreatedTaskProcess
2026-05-23T23:19:08.680722Z,100,dc.scaffold.htb,Microsoft-Windows-TaskScheduler,Microsoft-Windows-TaskScheduler/Operational,6897,4,,,42B8B110-55A5-48D9-82A6-768B58A64AE1,,,,,,,,,\Deploy-Engine-OnAudit,SCAFFOLD\Administrator,,TaskStartEvent
2026-05-23T23:19:08.680723Z,200,dc.scaffold.htb,Microsoft-Windows-TaskScheduler,Microsoft-Windows-TaskScheduler/Operational,6898,4,powershell.exe,4120,,,,,,,,,42B8B110-55A5-48D9-82A6-768B58A64AE1,\Deploy-Engine-OnAudit,,,ActionStart
2026-05-23T23:19:08.687686Z,322,dc.scaffold.htb,Microsoft-Windows-TaskScheduler,Microsoft-Windows-TaskScheduler/Operational,6899,3,,,,,,,,,,,42B8B110-55A5-48D9-82A6-768B58A64AE1,\Deploy-Engine-OnAudit,,,NewInstanceIgnored
2026-05-23T23:19:08.753923Z,201,dc.scaffold.htb,Microsoft-Windows-TaskScheduler,Microsoft-Windows-TaskScheduler/Operational,6900,4,powershell.exe,4120,,,,,,,4294770688,,42B8B110-55A5-48D9-82A6-768B58A64AE1,\Deploy-Engine-OnAudit,,,ActionSuccess
2026-05-23T23:19:08.754126Z,102,dc.scaffold.htb,Microsoft-Windows-TaskScheduler,Microsoft-Windows-TaskScheduler/Operational,6901,4,,,42B8B110-55A5-48D9-82A6-768B58A64AE1,,,,,,,,,\Deploy-Engine-OnAudit,SCAFFOLD\Administrator,,TaskSuccessEvent
2026-05-23T23:19:11.797505Z,119,dc.scaffold.htb,Microsoft-Windows-TaskScheduler,Microsoft-Windows-TaskScheduler/Operational,6902,4,,,84C73638-BB84-4001-9EF0-204DC61083D6,,,,,,,,,\Microsoft\Windows\Device Information\Device User,,SCAFFOLD\Administrator,LogonTrigger
2026-05-23T23:19:11.806043Z,129,dc.scaffold.htb,Microsoft-Windows-TaskScheduler,Microsoft-Windows-TaskScheduler/Operational,6903,4,,,,,%windir%\system32\devicecensus.exe,16384,5948,,,,,\Microsoft\Windows\Device Information\Device User,,,CreatedTaskProcess
2026-05-23T23:19:11.806465Z,100,dc.scaffold.htb,Microsoft-Windows-TaskScheduler,Microsoft-Windows-TaskScheduler/Operational,6904,4,,,84C73638-BB84-4001-9EF0-204DC61083D6,,,,,,,,,\Microsoft\Windows\Device Information\Device User,SCAFFOLD\Administrator,,TaskStartEvent
2026-05-23T23:19:11.806468Z,200,dc.scaffold.htb,Microsoft-Windows-TaskScheduler,Microsoft-Windows-TaskScheduler/Operational,6905,4,%windir%\system32\devicecensus.exe,5948,,,,,,,,,84C73638-BB84-4001-9EF0-204DC61083D6,\Microsoft\Windows\Device Information\Device User,,,ActionStart
2026-05-23T23:19:11.824297Z,201,dc.scaffold.htb,Microsoft-Windows-TaskScheduler,Microsoft-Windows-TaskScheduler/Operational,6906,4,%windir%\system32\devicecensus.exe,5948,,,,,,,0,,84C73638-BB84-4001-9EF0-204DC61083D6,\Microsoft\Windows\Device Information\Device User,,,ActionSuccess
2026-05-23T23:19:11.824508Z,102,dc.scaffold.htb,Microsoft-Windows-TaskScheduler,Microsoft-Windows-TaskScheduler/Operational,6907,4,,,84C73638-BB84-4001-9EF0-204DC61083D6,,,,,,,,,\Microsoft\Windows\Device Information\Device User,SCAFFOLD\Administrator,,TaskSuccessEvent
2026-05-23T23:27:13.571241Z,140,dc.scaffold.htb,Microsoft-Windows-TaskScheduler,Microsoft-Windows-TaskScheduler/Operational,6908,4,,,,,,,,,,,,\Microsoft\Windows\WindowsUpdate\Scheduled Start,,NT AUTHORITY\SYSTEM,TaskUpdated
2026-05-23T23:31:22.129258Z,140,dc.scaffold.htb,Microsoft-Windows-TaskScheduler,Microsoft-Windows-TaskScheduler/Operational,6909,4,,,,,,,,,,,,\Microsoft\Windows\SoftwareProtectionPlatform\SvcRestartTask,,SCAFFOLD\DC$,TaskUpdated
2026-05-23T23:32:43.696846Z,201,dc.scaffold.htb,Microsoft-Windows-TaskScheduler,Microsoft-Windows-TaskScheduler/Operational,6910,4,%windir%\system32\compattelrunner.exe,5732,,,,,,,0,,FF98A164-3EFB-47BD-9F01-037CAE2F8FF8,\Microsoft\Windows\Application Experience\ProgramDataUpdater,,,ActionSuccess
2026-05-23T23:32:43.696971Z,102,dc.scaffold.htb,Microsoft-Windows-TaskScheduler,Microsoft-Windows-TaskScheduler/Operational,6911,4,,,FF98A164-3EFB-47BD-9F01-037CAE2F8FF8,,,,,,,,,\Microsoft\Windows\Application Experience\ProgramDataUpdater,NT AUTHORITY\SYSTEM,,TaskSuccessEvent
2026-05-23T23:32:44.712750Z,129,dc.scaffold.htb,Microsoft-Windows-TaskScheduler,Microsoft-Windows-TaskScheduler/Operational,6912,4,,,,,taskhostw.exe,16384,7112,,,,,\Microsoft\Windows\Power Efficiency Diagnostics\AnalyzeSystem,,,CreatedTaskProcess
2026-05-23T23:32:44.713181Z,100,dc.scaffold.htb,Microsoft-Windows-TaskScheduler,Microsoft-Windows-TaskScheduler/Operational,6913,4,,,F461CE1E-253A-4E99-A391-FA9624DCD433,,,,,,,,,\Microsoft\Windows\Power Efficiency Diagnostics\AnalyzeSystem,NT AUTHORITY\SYSTEM,,TaskStartEvent
2026-05-23T23:32:44.713184Z,200,dc.scaffold.htb,Microsoft-Windows-TaskScheduler,Microsoft-Windows-TaskScheduler/Operational,6914,4,,7112,,,,,,,,,F461CE1E-253A-4E99-A391-FA9624DCD433,\Microsoft\Windows\Power Efficiency Diagnostics\AnalyzeSystem,,,ActionStart
2026-05-23T23:32:59.377685Z,140,dc.scaffold.htb,Microsoft-Windows-TaskScheduler,Microsoft-Windows-TaskScheduler/Operational,6915,4,,,,,,,,,,,,\Microsoft\Windows\SoftwareProtectionPlatform\SvcRestartTask,,SCAFFOLD\DC$,TaskUpdated
2026-05-23T23:33:45.766508Z,201,dc.scaffold.htb,Microsoft-Windows-TaskScheduler,Microsoft-Windows-TaskScheduler/Operational,6916,4,,7112,,,,,,,0,,F461CE1E-253A-4E99-A391-FA9624DCD433,\Microsoft\Windows\Power Efficiency Diagnostics\AnalyzeSystem,,,ActionSuccess
2026-05-23T23:33:45.766509Z,102,dc.scaffold.htb,Microsoft-Windows-TaskScheduler,Microsoft-Windows-TaskScheduler/Operational,6917,4,,,F461CE1E-253A-4E99-A391-FA9624DCD433,,,,,,,,,\Microsoft\Windows\Power Efficiency Diagnostics\AnalyzeSystem,NT AUTHORITY\SYSTEM,,TaskSuccessEvent
2026-05-23T23:38:33.004186Z,108,dc.scaffold.htb,Microsoft-Windows-TaskScheduler,Microsoft-Windows-TaskScheduler/Operational,6918,4,,,5533DB73-F77B-412D-BA28-0E5D461E6106,,,,,,,,,\Deploy-Engine-OnAudit,,,EventTriggerEvent
2026-05-23T23:38:33.013621Z,129,dc.scaffold.htb,Microsoft-Windows-TaskScheduler,Microsoft-Windows-TaskScheduler/Operational,6919,4,,,,,powershell.exe,16384,5820,,,,,\Deploy-Engine-OnAudit,,,CreatedTaskProcess
2026-05-23T23:38:33.013984Z,100,dc.scaffold.htb,Microsoft-Windows-TaskScheduler,Microsoft-Windows-TaskScheduler/Operational,6920,4,,,5533DB73-F77B-412D-BA28-0E5D461E6106,,,,,,,,,\Deploy-Engine-OnAudit,SCAFFOLD\Administrator,,TaskStartEvent
2026-05-23T23:38:33.013985Z,200,dc.scaffold.htb,Microsoft-Windows-TaskScheduler,Microsoft-Windows-TaskScheduler/Operational,6921,4,powershell.exe,5820,,,,,,,,,5533DB73-F77B-412D-BA28-0E5D461E6106,\Deploy-Engine-OnAudit,,,ActionStart
2026-05-23T23:38:33.083151Z,201,dc.scaffold.htb,Microsoft-Windows-TaskScheduler,Microsoft-Windows-TaskScheduler/Operational,6922,4,powershell.exe,5820,,,,,,,4294770688,,5533DB73-F77B-412D-BA28-0E5D461E6106,\Deploy-Engine-OnAudit,,,ActionSuccess
2026-05-23T23:38:33.083369Z,102,dc.scaffold.htb,Microsoft-Windows-TaskScheduler,Microsoft-Windows-TaskScheduler/Operational,6923,4,,,5533DB73-F77B-412D-BA28-0E5D461E6106,,,,,,,,,\Deploy-Engine-OnAudit,SCAFFOLD\Administrator,,TaskSuccessEvent
2026-05-23T23:39:00.769582Z,108,dc.scaffold.htb,Microsoft-Windows-TaskScheduler,Microsoft-Windows-TaskScheduler/Operational,6924,4,,,F91FAB21-C3B8-4728-97D3-BDDE2C1780E5,,,,,,,,,\Microsoft\Windows\Workplace Join\Automatic-Device-Join,,,EventTriggerEvent
2026-05-23T23:39:00.773118Z,129,dc.scaffold.htb,Microsoft-Windows-TaskScheduler,Microsoft-Windows-TaskScheduler/Operational,6925,4,,,,,%SystemRoot%\System32\dsregcmd.exe,16384,5836,,,,,\Microsoft\Windows\Workplace Join\Automatic-Device-Join,,,CreatedTaskProcess
2026-05-23T23:39:00.773422Z,100,dc.scaffold.htb,Microsoft-Windows-TaskScheduler,Microsoft-Windows-TaskScheduler/Operational,6926,4,,,F91FAB21-C3B8-4728-97D3-BDDE2C1780E5,,,,,,,,,\Microsoft\Windows\Workplace Join\Automatic-Device-Join,NT AUTHORITY\SYSTEM,,TaskStartEvent
2026-05-23T23:39:00.773425Z,200,dc.scaffold.htb,Microsoft-Windows-TaskScheduler,Microsoft-Windows-TaskScheduler/Operational,6927,4,%SystemRoot%\System32\dsregcmd.exe,5836,,,,,,,,,F91FAB21-C3B8-4728-97D3-BDDE2C1780E5,\Microsoft\Windows\Workplace Join\Automatic-Device-Join,,,ActionStart
2026-05-23T23:39:00.837399Z,201,dc.scaffold.htb,Microsoft-Windows-TaskScheduler,Microsoft-Windows-TaskScheduler/Operational,6928,4,%SystemRoot%\System32\dsregcmd.exe,5836,,,,,,,2147942401,,F91FAB21-C3B8-4728-97D3-BDDE2C1780E5,\Microsoft\Windows\Workplace Join\Automatic-Device-Join,,,ActionSuccess
2026-05-23T23:39:00.837702Z,102,dc.scaffold.htb,Microsoft-Windows-TaskScheduler,Microsoft-Windows-TaskScheduler/Operational,6929,4,,,F91FAB21-C3B8-4728-97D3-BDDE2C1780E5,,,,,,,,,\Microsoft\Windows\Workplace Join\Automatic-Device-Join,NT AUTHORITY\SYSTEM,,TaskSuccessEvent
2026-05-23T23:39:23.502456Z,107,dc.scaffold.htb,Microsoft-Windows-TaskScheduler,Microsoft-Windows-TaskScheduler/Operational,6930,4,,,D65C0C7A-968C-4328-86F3-80AA31097CE8,,,,,,,,,\MicrosoftEdgeUpdateTaskMachineUA,,,TimeTriggerEvent
2026-05-23T23:39:23.508173Z,129,dc.scaffold.htb,Microsoft-Windows-TaskScheduler,Microsoft-Windows-TaskScheduler/Operational,6931,4,,,,,C:\Program Files (x86)\Microsoft\EdgeUpdate\MicrosoftEdgeUpdate.exe,32,7888,,,,,\MicrosoftEdgeUpdateTaskMachineUA,,,CreatedTaskProcess
2026-05-23T23:39:23.508514Z,100,dc.scaffold.htb,Microsoft-Windows-TaskScheduler,Microsoft-Windows-TaskScheduler/Operational,6932,4,,,D65C0C7A-968C-4328-86F3-80AA31097CE8,,,,,,,,,\MicrosoftEdgeUpdateTaskMachineUA,NT AUTHORITY\SYSTEM,,TaskStartEvent
2026-05-23T23:39:23.508517Z,200,dc.scaffold.htb,Microsoft-Windows-TaskScheduler,Microsoft-Windows-TaskScheduler/Operational,6933,4,C:\Program Files (x86)\Microsoft\EdgeUpdate\MicrosoftEdgeUpdate.exe,7888,,,,,,,,,D65C0C7A-968C-4328-86F3-80AA31097CE8,\MicrosoftEdgeUpdateTaskMachineUA,,,ActionStart
2026-05-23T23:40:59.372879Z,201,dc.scaffold.htb,Microsoft-Windows-TaskScheduler,Microsoft-Windows-TaskScheduler/Operational,6934,4,C:\Program Files (x86)\Microsoft\EdgeUpdate\MicrosoftEdgeUpdate.exe,7888,,,,,,,0,,D65C0C7A-968C-4328-86F3-80AA31097CE8,\MicrosoftEdgeUpdateTaskMachineUA,,,ActionSuccess
2026-05-23T23:40:59.373038Z,102,dc.scaffold.htb,Microsoft-Windows-TaskScheduler,Microsoft-Windows-TaskScheduler/Operational,6935,4,,,D65C0C7A-968C-4328-86F3-80AA31097CE8,,,,,,,,,\MicrosoftEdgeUpdateTaskMachineUA,NT AUTHORITY\SYSTEM,,TaskSuccessEvent
2026-05-23T23:42:31.186608Z,140,dc.scaffold.htb,Microsoft-Windows-TaskScheduler,Microsoft-Windows-TaskScheduler/Operational,6936,4,,,,,,,,,,,,\Microsoft\Windows\WindowsUpdate\Scheduled Start,,NT AUTHORITY\SYSTEM,TaskUpdated
2026-05-23T23:43:15.278250Z,201,dc.scaffold.htb,Microsoft-Windows-TaskScheduler,Microsoft-Windows-TaskScheduler/Operational,6937,4,DiagnosticInfrastructureCustomHandler,1960,,,,,,,0,,7B539B95-5B6D-45EE-B663-55E565C15463,\Microsoft\Windows\WDI\ResolutionHost,,,ActionSuccess
2026-05-23T23:43:15.278252Z,102,dc.scaffold.htb,Microsoft-Windows-TaskScheduler,Microsoft-Windows-TaskScheduler/Operational,6938,4,,,7B539B95-5B6D-45EE-B663-55E565C15463,,,,,,,,,\Microsoft\Windows\WDI\ResolutionHost,SCAFFOLD\Administrator,,TaskSuccessEvent
2026-05-23T23:47:11.791382Z,118,dc.scaffold.htb,Microsoft-Windows-TaskScheduler,Microsoft-Windows-TaskScheduler/Operational,6939,4,,,A4057937-F222-498D-97F3-112D52F96D15,,,,,,,,,\Microsoft\Windows\Autochk\Proxy,,,BootTrigger
2026-05-23T23:47:11.792933Z,129,dc.scaffold.htb,Microsoft-Windows-TaskScheduler,Microsoft-Windows-TaskScheduler/Operational,6940,4,,,,,%windir%\system32\rundll32.exe,16384,5712,,,,,\Microsoft\Windows\Autochk\Proxy,,,CreatedTaskProcess
2026-05-23T23:47:11.793234Z,100,dc.scaffold.htb,Microsoft-Windows-TaskScheduler,Microsoft-Windows-TaskScheduler/Operational,6941,4,,,A4057937-F222-498D-97F3-112D52F96D15,,,,,,,,,\Microsoft\Windows\Autochk\Proxy,NT AUTHORITY\SYSTEM,,TaskStartEvent
2026-05-23T23:47:11.793236Z,200,dc.scaffold.htb,Microsoft-Windows-TaskScheduler,Microsoft-Windows-TaskScheduler/Operational,6942,4,%windir%\system32\rundll32.exe,5712,,,,,,,,,A4057937-F222-498D-97F3-112D52F96D15,\Microsoft\Windows\Autochk\Proxy,,,ActionStart
2026-05-23T23:47:11.812438Z,201,dc.scaffold.htb,Microsoft-Windows-TaskScheduler,Microsoft-Windows-TaskScheduler/Operational,6943,4,%windir%\system32\rundll32.exe,5712,,,,,,,0,,A4057937-F222-498D-97F3-112D52F96D15,\Microsoft\Windows\Autochk\Proxy,,,ActionSuccess
2026-05-23T23:47:11.812794Z,102,dc.scaffold.htb,Microsoft-Windows-TaskScheduler,Microsoft-Windows-TaskScheduler/Operational,6944,4,,,A4057937-F222-498D-97F3-112D52F96D15,,,,,,,,,\Microsoft\Windows\Autochk\Proxy,NT AUTHORITY\SYSTEM,,TaskSuccessEvent
2026-05-23T23:53:36.573963Z,141,dc.scaffold.htb,Microsoft-Windows-TaskScheduler,Microsoft-Windows-TaskScheduler/Operational,6945,4,,,,,,,,,,,,\Deploy-Engine-OnAudit,,SCAFFOLD\Administrator,TaskDeleted
2026-05-23T23:54:04.284964Z,106,dc.scaffold.htb,Microsoft-Windows-TaskScheduler,Microsoft-Windows-TaskScheduler/Operational,6946,4,,,,,,,,,,,,\Scaffold\ScaffoldDeployEngine,SCAFFOLD\Administrator,,TaskRegisteredEvent
2026-05-23T23:55:59.571268Z,325,dc.scaffold.htb,Microsoft-Windows-TaskScheduler,Microsoft-Windows-TaskScheduler/Operational,6947,3,,,,,,,,6E9D127A-82B6-4F6E-829E-62803CC33064,,,,\Scaffold\ScaffoldDeployEngine,,,TaskInstanceQueued
2026-05-23T23:55:59.571424Z,110,dc.scaffold.htb,Microsoft-Windows-TaskScheduler,Microsoft-Windows-TaskScheduler/Operational,6948,4,,,6E9D127A-82B6-4F6E-829E-62803CC33064,,,,,,,,,\Scaffold\ScaffoldDeployEngine,System,,TaskRunEvent
2026-05-23T23:55:59.574223Z,129,dc.scaffold.htb,Microsoft-Windows-TaskScheduler,Microsoft-Windows-TaskScheduler/Operational,6949,4,,,,,powershell.exe,16384,5616,,,,,\Scaffold\ScaffoldDeployEngine,,,CreatedTaskProcess
2026-05-23T23:55:59.574355Z,100,dc.scaffold.htb,Microsoft-Windows-TaskScheduler,Microsoft-Windows-TaskScheduler/Operational,6950,4,,,6E9D127A-82B6-4F6E-829E-62803CC33064,,,,,,,,,\Scaffold\ScaffoldDeployEngine,NT AUTHORITY\SYSTEM,,TaskStartEvent
2026-05-23T23:55:59.574356Z,200,dc.scaffold.htb,Microsoft-Windows-TaskScheduler,Microsoft-Windows-TaskScheduler/Operational,6951,4,powershell.exe,5616,,,,,,,,,6E9D127A-82B6-4F6E-829E-62803CC33064,\Scaffold\ScaffoldDeployEngine,,,ActionStart
2026-05-23T23:56:00.599755Z,201,dc.scaffold.htb,Microsoft-Windows-TaskScheduler,Microsoft-Windows-TaskScheduler/Operational,6952,4,powershell.exe,5616,,,,,,,0,,6E9D127A-82B6-4F6E-829E-62803CC33064,\Scaffold\ScaffoldDeployEngine,,,ActionSuccess
2026-05-23T23:56:00.599978Z,102,dc.scaffold.htb,Microsoft-Windows-TaskScheduler,Microsoft-Windows-TaskScheduler/Operational,6953,4,,,6E9D127A-82B6-4F6E-829E-62803CC33064,,,,,,,,,\Scaffold\ScaffoldDeployEngine,NT AUTHORITY\SYSTEM,,TaskSuccessEvent
2026-05-23T23:56:05.284397Z,107,dc.scaffold.htb,Microsoft-Windows-TaskScheduler,Microsoft-Windows-TaskScheduler/Operational,6954,4,,,2F09F29D-FE3B-41EB-AF5D-C4A80B60F7AE,,,,,,,,,\Scaffold\ScaffoldDeployEngine,,,TimeTriggerEvent
2026-05-23T23:56:05.288384Z,129,dc.scaffold.htb,Microsoft-Windows-TaskScheduler,Microsoft-Windows-TaskScheduler/Operational,6955,4,,,,,powershell.exe,16384,2076,,,,,\Scaffold\ScaffoldDeployEngine,,,CreatedTaskProcess
2026-05-23T23:56:05.288697Z,100,dc.scaffold.htb,Microsoft-Windows-TaskScheduler,Microsoft-Windows-TaskScheduler/Operational,6956,4,,,2F09F29D-FE3B-41EB-AF5D-C4A80B60F7AE,,,,,,,,,\Scaffold\ScaffoldDeployEngine,NT AUTHORITY\SYSTEM,,TaskStartEvent
2026-05-23T23:56:05.288701Z,200,dc.scaffold.htb,Microsoft-Windows-TaskScheduler,Microsoft-Windows-TaskScheduler/Operational,6957,4,powershell.exe,2076,,,,,,,,,2F09F29D-FE3B-41EB-AF5D-C4A80B60F7AE,\Scaffold\ScaffoldDeployEngine,,,ActionStart
2026-05-23T23:56:06.224562Z,201,dc.scaffold.htb,Microsoft-Windows-TaskScheduler,Microsoft-Windows-TaskScheduler/Operational,6958,4,powershell.exe,2076,,,,,,,0,,2F09F29D-FE3B-41EB-AF5D-C4A80B60F7AE,\Scaffold\ScaffoldDeployEngine,,,ActionSuccess
2026-05-23T23:56:06.224910Z,102,dc.scaffold.htb,Microsoft-Windows-TaskScheduler,Microsoft-Windows-TaskScheduler/Operational,6959,4,,,2F09F29D-FE3B-41EB-AF5D-C4A80B60F7AE,,,,,,,,,\Scaffold\ScaffoldDeployEngine,NT AUTHORITY\SYSTEM,,TaskSuccessEvent
2026-05-23T23:58:05.293238Z,107,dc.scaffold.htb,Microsoft-Windows-TaskScheduler,Microsoft-Windows-TaskScheduler/Operational,6960,4,,,3077C49B-6568-4508-8BEB-423792A43F93,,,,,,,,,\Scaffold\ScaffoldDeployEngine,,,TimeTriggerEvent
2026-05-23T23:58:05.295967Z,129,dc.scaffold.htb,Microsoft-Windows-TaskScheduler,Microsoft-Windows-TaskScheduler/Operational,6961,4,,,,,powershell.exe,16384,1576,,,,,\Scaffold\ScaffoldDeployEngine,,,CreatedTaskProcess
2026-05-23T23:58:05.296170Z,100,dc.scaffold.htb,Microsoft-Windows-TaskScheduler,Microsoft-Windows-TaskScheduler/Operational,6962,4,,,3077C49B-6568-4508-8BEB-423792A43F93,,,,,,,,,\Scaffold\ScaffoldDeployEngine,NT AUTHORITY\SYSTEM,,TaskStartEvent
2026-05-23T23:58:05.296172Z,200,dc.scaffold.htb,Microsoft-Windows-TaskScheduler,Microsoft-Windows-TaskScheduler/Operational,6963,4,powershell.exe,1576,,,,,,,,,3077C49B-6568-4508-8BEB-423792A43F93,\Scaffold\ScaffoldDeployEngine,,,ActionStart
2026-05-23T23:58:06.241521Z,201,dc.scaffold.htb,Microsoft-Windows-TaskScheduler,Microsoft-Windows-TaskScheduler/Operational,6964,4,powershell.exe,1576,,,,,,,0,,3077C49B-6568-4508-8BEB-423792A43F93,\Scaffold\ScaffoldDeployEngine,,,ActionSuccess
2026-05-23T23:58:06.241677Z,102,dc.scaffold.htb,Microsoft-Windows-TaskScheduler,Microsoft-Windows-TaskScheduler/Operational,6965,4,,,3077C49B-6568-4508-8BEB-423792A43F93,,,,,,,,,\Scaffold\ScaffoldDeployEngine,NT AUTHORITY\SYSTEM,,TaskSuccessEvent
2026-05-23T23:58:31.215452Z,141,dc.scaffold.htb,Microsoft-Windows-TaskScheduler,Microsoft-Windows-TaskScheduler/Operational,6966,4,,,,,,,,,,,,\Scaffold\ScaffoldDeployEngine,,SCAFFOLD\Administrator,TaskDeleted
2026-05-23T23:58:40.731851Z,106,dc.scaffold.htb,Microsoft-Windows-TaskScheduler,Microsoft-Windows-TaskScheduler/Operational,6967,4,,,,,,,,,,,,\Scaffold\ScaffoldDeployEngine,SCAFFOLD\Administrator,,TaskRegisteredEvent
2026-05-23T23:59:03.959894Z,325,dc.scaffold.htb,Microsoft-Windows-TaskScheduler,Microsoft-Windows-TaskScheduler/Operational,6968,3,,,,,,,,833AB39B-6F6D-4FE5-B365-DDAA158482C2,,,,\Scaffold\ScaffoldDeployEngine,,,TaskInstanceQueued
2026-05-23T23:59:03.960014Z,110,dc.scaffold.htb,Microsoft-Windows-TaskScheduler,Microsoft-Windows-TaskScheduler/Operational,6969,4,,,833AB39B-6F6D-4FE5-B365-DDAA158482C2,,,,,,,,,\Scaffold\ScaffoldDeployEngine,System,,TaskRunEvent
2026-05-23T23:59:03.963470Z,129,dc.scaffold.htb,Microsoft-Windows-TaskScheduler,Microsoft-Windows-TaskScheduler/Operational,6970,4,,,,,powershell.exe,16384,5996,,,,,\Scaffold\ScaffoldDeployEngine,,,CreatedTaskProcess
2026-05-23T23:59:03.963622Z,100,dc.scaffold.htb,Microsoft-Windows-TaskScheduler,Microsoft-Windows-TaskScheduler/Operational,6971,4,,,833AB39B-6F6D-4FE5-B365-DDAA158482C2,,,,,,,,,\Scaffold\ScaffoldDeployEngine,NT AUTHORITY\SYSTEM,,TaskStartEvent
2026-05-23T23:59:03.963623Z,200,dc.scaffold.htb,Microsoft-Windows-TaskScheduler,Microsoft-Windows-TaskScheduler/Operational,6972,4,powershell.exe,5996,,,,,,,,,833AB39B-6F6D-4FE5-B365-DDAA158482C2,\Scaffold\ScaffoldDeployEngine,,,ActionStart
2026-05-23T23:59:04.269028Z,201,dc.scaffold.htb,Microsoft-Windows-TaskScheduler,Microsoft-Windows-TaskScheduler/Operational,6973,4,powershell.exe,5996,,,,,,,0,,833AB39B-6F6D-4FE5-B365-DDAA158482C2,\Scaffold\ScaffoldDeployEngine,,,ActionSuccess
2026-05-23T23:59:04.269160Z,102,dc.scaffold.htb,Microsoft-Windows-TaskScheduler,Microsoft-Windows-TaskScheduler/Operational,6974,4,,,833AB39B-6F6D-4FE5-B365-DDAA158482C2,,,,,,,,,\Scaffold\ScaffoldDeployEngine,NT AUTHORITY\SYSTEM,,TaskSuccessEvent
2026-05-23T23:59:18.927700Z,325,dc.scaffold.htb,Microsoft-Windows-TaskScheduler,Microsoft-Windows-TaskScheduler/Operational,6975,3,,,,,,,,E4073522-3576-4892-9BD9-8C9E445EB396,,,,\Scaffold\ScaffoldDeployEngine,,,TaskInstanceQueued
2026-05-23T23:59:18.927893Z,110,dc.scaffold.htb,Microsoft-Windows-TaskScheduler,Microsoft-Windows-TaskScheduler/Operational,6976,4,,,E4073522-3576-4892-9BD9-8C9E445EB396,,,,,,,,,\Scaffold\ScaffoldDeployEngine,System,,TaskRunEvent
2026-05-23T23:59:18.931944Z,129,dc.scaffold.htb,Microsoft-Windows-TaskScheduler,Microsoft-Windows-TaskScheduler/Operational,6977,4,,,,,powershell.exe,16384,2740,,,,,\Scaffold\ScaffoldDeployEngine,,,CreatedTaskProcess
2026-05-23T23:59:18.932172Z,100,dc.scaffold.htb,Microsoft-Windows-TaskScheduler,Microsoft-Windows-TaskScheduler/Operational,6978,4,,,E4073522-3576-4892-9BD9-8C9E445EB396,,,,,,,,,\Scaffold\ScaffoldDeployEngine,NT AUTHORITY\SYSTEM,,TaskStartEvent
2026-05-23T23:59:18.932174Z,200,dc.scaffold.htb,Microsoft-Windows-TaskScheduler,Microsoft-Windows-TaskScheduler/Operational,6979,4,powershell.exe,2740,,,,,,,,,E4073522-3576-4892-9BD9-8C9E445EB396,\Scaffold\ScaffoldDeployEngine,,,ActionStart
2026-05-23T23:59:19.258009Z,201,dc.scaffold.htb,Microsoft-Windows-TaskScheduler,Microsoft-Windows-TaskScheduler/Operational,6980,4,powershell.exe,2740,,,,,,,0,,E4073522-3576-4892-9BD9-8C9E445EB396,\Scaffold\ScaffoldDeployEngine,,,ActionSuccess
2026-05-23T23:59:19.258131Z,102,dc.scaffold.htb,Microsoft-Windows-TaskScheduler,Microsoft-Windows-TaskScheduler/Operational,6981,4,,,E4073522-3576-4892-9BD9-8C9E445EB396,,,,,,,,,\Scaffold\ScaffoldDeployEngine,NT AUTHORITY\SYSTEM,,TaskSuccessEvent
2026-05-23T23:59:30.962382Z,325,dc.scaffold.htb,Microsoft-Windows-TaskScheduler,Microsoft-Windows-TaskScheduler/Operational,6982,3,,,,,,,,284FBE2E-3C27-4D2D-999F-3143222DDE4C,,,,\Scaffold\ScaffoldDeployEngine,,,TaskInstanceQueued
