2026-05-23T11:46:37.581532Z,322,dc.scaffold.htb,Microsoft-Windows-TaskScheduler,Microsoft-Windows-TaskScheduler/Operational,5798,3,,,,,,,,,,,C2416505-D183-4936-B88A-A8BEA04A4F82,\Deploy-Engine-OnAudit,,,NewInstanceIgnored
2026-05-23T11:46:37.588975Z,322,dc.scaffold.htb,Microsoft-Windows-TaskScheduler,Microsoft-Windows-TaskScheduler/Operational,5799,3,,,,,,,,,,,C2416505-D183-4936-B88A-A8BEA04A4F82,\Deploy-Engine-OnAudit,,,NewInstanceIgnored
2026-05-23T11:46:37.597260Z,322,dc.scaffold.htb,Microsoft-Windows-TaskScheduler,Microsoft-Windows-TaskScheduler/Operational,5800,3,,,,,,,,,,,C2416505-D183-4936-B88A-A8BEA04A4F82,\Deploy-Engine-OnAudit,,,NewInstanceIgnored
2026-05-23T11:46:37.606079Z,322,dc.scaffold.htb,Microsoft-Windows-TaskScheduler,Microsoft-Windows-TaskScheduler/Operational,5801,3,,,,,,,,,,,C2416505-D183-4936-B88A-A8BEA04A4F82,\Deploy-Engine-OnAudit,,,NewInstanceIgnored
2026-05-23T11:46:37.615454Z,322,dc.scaffold.htb,Microsoft-Windows-TaskScheduler,Microsoft-Windows-TaskScheduler/Operational,5802,3,,,,,,,,,,,C2416505-D183-4936-B88A-A8BEA04A4F82,\Deploy-Engine-OnAudit,,,NewInstanceIgnored
2026-05-23T11:46:37.618432Z,201,dc.scaffold.htb,Microsoft-Windows-TaskScheduler,Microsoft-Windows-TaskScheduler/Operational,5803,4,powershell.exe,8012,,,,,,,4294770688,,C2416505-D183-4936-B88A-A8BEA04A4F82,\Deploy-Engine-OnAudit,,,ActionSuccess
2026-05-23T11:46:37.618616Z,102,dc.scaffold.htb,Microsoft-Windows-TaskScheduler,Microsoft-Windows-TaskScheduler/Operational,5804,4,,,C2416505-D183-4936-B88A-A8BEA04A4F82,,,,,,,,,\Deploy-Engine-OnAudit,SCAFFOLD\Administrator,,TaskSuccessEvent
2026-05-23T11:46:37.625148Z,108,dc.scaffold.htb,Microsoft-Windows-TaskScheduler,Microsoft-Windows-TaskScheduler/Operational,5805,4,,,74BEA2FF-95E0-4411-8ADA-4B2D0480EB55,,,,,,,,,\Deploy-Engine-OnAudit,,,EventTriggerEvent
2026-05-23T11:46:37.632400Z,129,dc.scaffold.htb,Microsoft-Windows-TaskScheduler,Microsoft-Windows-TaskScheduler/Operational,5806,4,,,,,powershell.exe,16384,1732,,,,,\Deploy-Engine-OnAudit,,,CreatedTaskProcess
2026-05-23T11:46:37.632621Z,100,dc.scaffold.htb,Microsoft-Windows-TaskScheduler,Microsoft-Windows-TaskScheduler/Operational,5807,4,,,74BEA2FF-95E0-4411-8ADA-4B2D0480EB55,,,,,,,,,\Deploy-Engine-OnAudit,SCAFFOLD\Administrator,,TaskStartEvent
2026-05-23T11:46:37.632622Z,200,dc.scaffold.htb,Microsoft-Windows-TaskScheduler,Microsoft-Windows-TaskScheduler/Operational,5808,4,powershell.exe,1732,,,,,,,,,74BEA2FF-95E0-4411-8ADA-4B2D0480EB55,\Deploy-Engine-OnAudit,,,ActionStart
2026-05-23T11:46:37.640639Z,322,dc.scaffold.htb,Microsoft-Windows-TaskScheduler,Microsoft-Windows-TaskScheduler/Operational,5809,3,,,,,,,,,,,74BEA2FF-95E0-4411-8ADA-4B2D0480EB55,\Deploy-Engine-OnAudit,,,NewInstanceIgnored
2026-05-23T11:46:37.648299Z,322,dc.scaffold.htb,Microsoft-Windows-TaskScheduler,Microsoft-Windows-TaskScheduler/Operational,5810,3,,,,,,,,,,,74BEA2FF-95E0-4411-8ADA-4B2D0480EB55,\Deploy-Engine-OnAudit,,,NewInstanceIgnored
2026-05-23T11:46:37.656209Z,322,dc.scaffold.htb,Microsoft-Windows-TaskScheduler,Microsoft-Windows-TaskScheduler/Operational,5811,3,,,,,,,,,,,74BEA2FF-95E0-4411-8ADA-4B2D0480EB55,\Deploy-Engine-OnAudit,,,NewInstanceIgnored
2026-05-23T11:46:37.665358Z,322,dc.scaffold.htb,Microsoft-Windows-TaskScheduler,Microsoft-Windows-TaskScheduler/Operational,5812,3,,,,,,,,,,,74BEA2FF-95E0-4411-8ADA-4B2D0480EB55,\Deploy-Engine-OnAudit,,,NewInstanceIgnored
2026-05-23T11:46:37.672817Z,322,dc.scaffold.htb,Microsoft-Windows-TaskScheduler,Microsoft-Windows-TaskScheduler/Operational,5813,3,,,,,,,,,,,74BEA2FF-95E0-4411-8ADA-4B2D0480EB55,\Deploy-Engine-OnAudit,,,NewInstanceIgnored
2026-05-23T11:46:37.680987Z,322,dc.scaffold.htb,Microsoft-Windows-TaskScheduler,Microsoft-Windows-TaskScheduler/Operational,5814,3,,,,,,,,,,,74BEA2FF-95E0-4411-8ADA-4B2D0480EB55,\Deploy-Engine-OnAudit,,,NewInstanceIgnored
2026-05-23T11:46:37.688759Z,322,dc.scaffold.htb,Microsoft-Windows-TaskScheduler,Microsoft-Windows-TaskScheduler/Operational,5815,3,,,,,,,,,,,74BEA2FF-95E0-4411-8ADA-4B2D0480EB55,\Deploy-Engine-OnAudit,,,NewInstanceIgnored
2026-05-23T11:46:37.696335Z,322,dc.scaffold.htb,Microsoft-Windows-TaskScheduler,Microsoft-Windows-TaskScheduler/Operational,5816,3,,,,,,,,,,,74BEA2FF-95E0-4411-8ADA-4B2D0480EB55,\Deploy-Engine-OnAudit,,,NewInstanceIgnored
2026-05-23T11:46:37.705907Z,322,dc.scaffold.htb,Microsoft-Windows-TaskScheduler,Microsoft-Windows-TaskScheduler/Operational,5817,3,,,,,,,,,,,74BEA2FF-95E0-4411-8ADA-4B2D0480EB55,\Deploy-Engine-OnAudit,,,NewInstanceIgnored
2026-05-23T11:46:37.713929Z,322,dc.scaffold.htb,Microsoft-Windows-TaskScheduler,Microsoft-Windows-TaskScheduler/Operational,5818,3,,,,,,,,,,,74BEA2FF-95E0-4411-8ADA-4B2D0480EB55,\Deploy-Engine-OnAudit,,,NewInstanceIgnored
2026-05-23T11:46:37.721785Z,322,dc.scaffold.htb,Microsoft-Windows-TaskScheduler,Microsoft-Windows-TaskScheduler/Operational,5819,3,,,,,,,,,,,74BEA2FF-95E0-4411-8ADA-4B2D0480EB55,\Deploy-Engine-OnAudit,,,NewInstanceIgnored
2026-05-23T11:46:37.729966Z,322,dc.scaffold.htb,Microsoft-Windows-TaskScheduler,Microsoft-Windows-TaskScheduler/Operational,5820,3,,,,,,,,,,,74BEA2FF-95E0-4411-8ADA-4B2D0480EB55,\Deploy-Engine-OnAudit,,,NewInstanceIgnored
2026-05-23T11:46:37.738402Z,322,dc.scaffold.htb,Microsoft-Windows-TaskScheduler,Microsoft-Windows-TaskScheduler/Operational,5821,3,,,,,,,,,,,74BEA2FF-95E0-4411-8ADA-4B2D0480EB55,\Deploy-Engine-OnAudit,,,NewInstanceIgnored
2026-05-23T11:46:37.741204Z,201,dc.scaffold.htb,Microsoft-Windows-TaskScheduler,Microsoft-Windows-TaskScheduler/Operational,5822,4,powershell.exe,1732,,,,,,,4294770688,,74BEA2FF-95E0-4411-8ADA-4B2D0480EB55,\Deploy-Engine-OnAudit,,,ActionSuccess
2026-05-23T11:46:37.741390Z,102,dc.scaffold.htb,Microsoft-Windows-TaskScheduler,Microsoft-Windows-TaskScheduler/Operational,5823,4,,,74BEA2FF-95E0-4411-8ADA-4B2D0480EB55,,,,,,,,,\Deploy-Engine-OnAudit,SCAFFOLD\Administrator,,TaskSuccessEvent
2026-05-23T11:46:37.745806Z,108,dc.scaffold.htb,Microsoft-Windows-TaskScheduler,Microsoft-Windows-TaskScheduler/Operational,5824,4,,,44DD3C9C-27AA-43A9-A552-8DCCE642CC68,,,,,,,,,\Deploy-Engine-OnAudit,,,EventTriggerEvent
2026-05-23T11:46:37.752597Z,129,dc.scaffold.htb,Microsoft-Windows-TaskScheduler,Microsoft-Windows-TaskScheduler/Operational,5825,4,,,,,powershell.exe,16384,2508,,,,,\Deploy-Engine-OnAudit,,,CreatedTaskProcess
2026-05-23T11:46:37.752791Z,100,dc.scaffold.htb,Microsoft-Windows-TaskScheduler,Microsoft-Windows-TaskScheduler/Operational,5826,4,,,44DD3C9C-27AA-43A9-A552-8DCCE642CC68,,,,,,,,,\Deploy-Engine-OnAudit,SCAFFOLD\Administrator,,TaskStartEvent
2026-05-23T11:46:37.752792Z,200,dc.scaffold.htb,Microsoft-Windows-TaskScheduler,Microsoft-Windows-TaskScheduler/Operational,5827,4,powershell.exe,2508,,,,,,,,,44DD3C9C-27AA-43A9-A552-8DCCE642CC68,\Deploy-Engine-OnAudit,,,ActionStart
2026-05-23T11:46:37.760399Z,322,dc.scaffold.htb,Microsoft-Windows-TaskScheduler,Microsoft-Windows-TaskScheduler/Operational,5828,3,,,,,,,,,,,44DD3C9C-27AA-43A9-A552-8DCCE642CC68,\Deploy-Engine-OnAudit,,,NewInstanceIgnored
2026-05-23T11:46:37.768091Z,322,dc.scaffold.htb,Microsoft-Windows-TaskScheduler,Microsoft-Windows-TaskScheduler/Operational,5829,3,,,,,,,,,,,44DD3C9C-27AA-43A9-A552-8DCCE642CC68,\Deploy-Engine-OnAudit,,,NewInstanceIgnored
2026-05-23T11:46:37.776582Z,322,dc.scaffold.htb,Microsoft-Windows-TaskScheduler,Microsoft-Windows-TaskScheduler/Operational,5830,3,,,,,,,,,,,44DD3C9C-27AA-43A9-A552-8DCCE642CC68,\Deploy-Engine-OnAudit,,,NewInstanceIgnored
2026-05-23T11:46:37.784096Z,322,dc.scaffold.htb,Microsoft-Windows-TaskScheduler,Microsoft-Windows-TaskScheduler/Operational,5831,3,,,,,,,,,,,44DD3C9C-27AA-43A9-A552-8DCCE642CC68,\Deploy-Engine-OnAudit,,,NewInstanceIgnored
2026-05-23T11:46:37.791253Z,322,dc.scaffold.htb,Microsoft-Windows-TaskScheduler,Microsoft-Windows-TaskScheduler/Operational,5832,3,,,,,,,,,,,44DD3C9C-27AA-43A9-A552-8DCCE642CC68,\Deploy-Engine-OnAudit,,,NewInstanceIgnored
2026-05-23T11:46:37.798707Z,322,dc.scaffold.htb,Microsoft-Windows-TaskScheduler,Microsoft-Windows-TaskScheduler/Operational,5833,3,,,,,,,,,,,44DD3C9C-27AA-43A9-A552-8DCCE642CC68,\Deploy-Engine-OnAudit,,,NewInstanceIgnored
2026-05-23T11:46:37.805476Z,322,dc.scaffold.htb,Microsoft-Windows-TaskScheduler,Microsoft-Windows-TaskScheduler/Operational,5834,3,,,,,,,,,,,44DD3C9C-27AA-43A9-A552-8DCCE642CC68,\Deploy-Engine-OnAudit,,,NewInstanceIgnored
2026-05-23T11:46:37.812507Z,322,dc.scaffold.htb,Microsoft-Windows-TaskScheduler,Microsoft-Windows-TaskScheduler/Operational,5835,3,,,,,,,,,,,44DD3C9C-27AA-43A9-A552-8DCCE642CC68,\Deploy-Engine-OnAudit,,,NewInstanceIgnored
2026-05-23T11:46:37.821287Z,322,dc.scaffold.htb,Microsoft-Windows-TaskScheduler,Microsoft-Windows-TaskScheduler/Operational,5836,3,,,,,,,,,,,44DD3C9C-27AA-43A9-A552-8DCCE642CC68,\Deploy-Engine-OnAudit,,,NewInstanceIgnored
2026-05-23T11:46:37.828806Z,322,dc.scaffold.htb,Microsoft-Windows-TaskScheduler,Microsoft-Windows-TaskScheduler/Operational,5837,3,,,,,,,,,,,44DD3C9C-27AA-43A9-A552-8DCCE642CC68,\Deploy-Engine-OnAudit,,,NewInstanceIgnored
2026-05-23T11:46:37.837247Z,322,dc.scaffold.htb,Microsoft-Windows-TaskScheduler,Microsoft-Windows-TaskScheduler/Operational,5838,3,,,,,,,,,,,44DD3C9C-27AA-43A9-A552-8DCCE642CC68,\Deploy-Engine-OnAudit,,,NewInstanceIgnored
2026-05-23T11:46:37.846592Z,322,dc.scaffold.htb,Microsoft-Windows-TaskScheduler,Microsoft-Windows-TaskScheduler/Operational,5839,3,,,,,,,,,,,44DD3C9C-27AA-43A9-A552-8DCCE642CC68,\Deploy-Engine-OnAudit,,,NewInstanceIgnored
2026-05-23T11:46:37.856464Z,322,dc.scaffold.htb,Microsoft-Windows-TaskScheduler,Microsoft-Windows-TaskScheduler/Operational,5840,3,,,,,,,,,,,44DD3C9C-27AA-43A9-A552-8DCCE642CC68,\Deploy-Engine-OnAudit,,,NewInstanceIgnored
2026-05-23T11:46:37.861889Z,201,dc.scaffold.htb,Microsoft-Windows-TaskScheduler,Microsoft-Windows-TaskScheduler/Operational,5841,4,powershell.exe,2508,,,,,,,4294770688,,44DD3C9C-27AA-43A9-A552-8DCCE642CC68,\Deploy-Engine-OnAudit,,,ActionSuccess
2026-05-23T11:46:37.862159Z,102,dc.scaffold.htb,Microsoft-Windows-TaskScheduler,Microsoft-Windows-TaskScheduler/Operational,5842,4,,,44DD3C9C-27AA-43A9-A552-8DCCE642CC68,,,,,,,,,\Deploy-Engine-OnAudit,SCAFFOLD\Administrator,,TaskSuccessEvent
2026-05-23T11:46:37.864385Z,108,dc.scaffold.htb,Microsoft-Windows-TaskScheduler,Microsoft-Windows-TaskScheduler/Operational,5843,4,,,D99D9E3B-933A-47B6-A272-A3E33F29DA89,,,,,,,,,\Deploy-Engine-OnAudit,,,EventTriggerEvent
2026-05-23T11:46:37.871489Z,129,dc.scaffold.htb,Microsoft-Windows-TaskScheduler,Microsoft-Windows-TaskScheduler/Operational,5844,4,,,,,powershell.exe,16384,2596,,,,,\Deploy-Engine-OnAudit,,,CreatedTaskProcess
2026-05-23T11:46:37.871685Z,100,dc.scaffold.htb,Microsoft-Windows-TaskScheduler,Microsoft-Windows-TaskScheduler/Operational,5845,4,,,D99D9E3B-933A-47B6-A272-A3E33F29DA89,,,,,,,,,\Deploy-Engine-OnAudit,SCAFFOLD\Administrator,,TaskStartEvent
2026-05-23T11:46:37.871686Z,200,dc.scaffold.htb,Microsoft-Windows-TaskScheduler,Microsoft-Windows-TaskScheduler/Operational,5846,4,powershell.exe,2596,,,,,,,,,D99D9E3B-933A-47B6-A272-A3E33F29DA89,\Deploy-Engine-OnAudit,,,ActionStart
2026-05-23T11:46:37.879404Z,322,dc.scaffold.htb,Microsoft-Windows-TaskScheduler,Microsoft-Windows-TaskScheduler/Operational,5847,3,,,,,,,,,,,D99D9E3B-933A-47B6-A272-A3E33F29DA89,\Deploy-Engine-OnAudit,,,NewInstanceIgnored
2026-05-23T11:46:37.886937Z,322,dc.scaffold.htb,Microsoft-Windows-TaskScheduler,Microsoft-Windows-TaskScheduler/Operational,5848,3,,,,,,,,,,,D99D9E3B-933A-47B6-A272-A3E33F29DA89,\Deploy-Engine-OnAudit,,,NewInstanceIgnored
2026-05-23T11:46:37.895513Z,322,dc.scaffold.htb,Microsoft-Windows-TaskScheduler,Microsoft-Windows-TaskScheduler/Operational,5849,3,,,,,,,,,,,D99D9E3B-933A-47B6-A272-A3E33F29DA89,\Deploy-Engine-OnAudit,,,NewInstanceIgnored
2026-05-23T11:46:37.903381Z,322,dc.scaffold.htb,Microsoft-Windows-TaskScheduler,Microsoft-Windows-TaskScheduler/Operational,5850,3,,,,,,,,,,,D99D9E3B-933A-47B6-A272-A3E33F29DA89,\Deploy-Engine-OnAudit,,,NewInstanceIgnored
2026-05-23T11:46:37.912614Z,322,dc.scaffold.htb,Microsoft-Windows-TaskScheduler,Microsoft-Windows-TaskScheduler/Operational,5851,3,,,,,,,,,,,D99D9E3B-933A-47B6-A272-A3E33F29DA89,\Deploy-Engine-OnAudit,,,NewInstanceIgnored
2026-05-23T11:46:37.920993Z,322,dc.scaffold.htb,Microsoft-Windows-TaskScheduler,Microsoft-Windows-TaskScheduler/Operational,5852,3,,,,,,,,,,,D99D9E3B-933A-47B6-A272-A3E33F29DA89,\Deploy-Engine-OnAudit,,,NewInstanceIgnored
2026-05-23T11:46:37.928631Z,322,dc.scaffold.htb,Microsoft-Windows-TaskScheduler,Microsoft-Windows-TaskScheduler/Operational,5853,3,,,,,,,,,,,D99D9E3B-933A-47B6-A272-A3E33F29DA89,\Deploy-Engine-OnAudit,,,NewInstanceIgnored
2026-05-23T11:46:37.936812Z,322,dc.scaffold.htb,Microsoft-Windows-TaskScheduler,Microsoft-Windows-TaskScheduler/Operational,5854,3,,,,,,,,,,,D99D9E3B-933A-47B6-A272-A3E33F29DA89,\Deploy-Engine-OnAudit,,,NewInstanceIgnored
2026-05-23T11:46:37.946460Z,322,dc.scaffold.htb,Microsoft-Windows-TaskScheduler,Microsoft-Windows-TaskScheduler/Operational,5855,3,,,,,,,,,,,D99D9E3B-933A-47B6-A272-A3E33F29DA89,\Deploy-Engine-OnAudit,,,NewInstanceIgnored
2026-05-23T11:46:37.954126Z,322,dc.scaffold.htb,Microsoft-Windows-TaskScheduler,Microsoft-Windows-TaskScheduler/Operational,5856,3,,,,,,,,,,,D99D9E3B-933A-47B6-A272-A3E33F29DA89,\Deploy-Engine-OnAudit,,,NewInstanceIgnored
2026-05-23T11:46:37.961186Z,322,dc.scaffold.htb,Microsoft-Windows-TaskScheduler,Microsoft-Windows-TaskScheduler/Operational,5857,3,,,,,,,,,,,D99D9E3B-933A-47B6-A272-A3E33F29DA89,\Deploy-Engine-OnAudit,,,NewInstanceIgnored
2026-05-23T11:46:37.968551Z,322,dc.scaffold.htb,Microsoft-Windows-TaskScheduler,Microsoft-Windows-TaskScheduler/Operational,5858,3,,,,,,,,,,,D99D9E3B-933A-47B6-A272-A3E33F29DA89,\Deploy-Engine-OnAudit,,,NewInstanceIgnored
2026-05-23T11:46:37.975529Z,322,dc.scaffold.htb,Microsoft-Windows-TaskScheduler,Microsoft-Windows-TaskScheduler/Operational,5859,3,,,,,,,,,,,D99D9E3B-933A-47B6-A272-A3E33F29DA89,\Deploy-Engine-OnAudit,,,NewInstanceIgnored
2026-05-23T11:46:37.982890Z,322,dc.scaffold.htb,Microsoft-Windows-TaskScheduler,Microsoft-Windows-TaskScheduler/Operational,5860,3,,,,,,,,,,,D99D9E3B-933A-47B6-A272-A3E33F29DA89,\Deploy-Engine-OnAudit,,,NewInstanceIgnored
2026-05-23T11:46:37.991157Z,322,dc.scaffold.htb,Microsoft-Windows-TaskScheduler,Microsoft-Windows-TaskScheduler/Operational,5861,3,,,,,,,,,,,D99D9E3B-933A-47B6-A272-A3E33F29DA89,\Deploy-Engine-OnAudit,,,NewInstanceIgnored
2026-05-23T11:46:37.999847Z,322,dc.scaffold.htb,Microsoft-Windows-TaskScheduler,Microsoft-Windows-TaskScheduler/Operational,5862,3,,,,,,,,,,,D99D9E3B-933A-47B6-A272-A3E33F29DA89,\Deploy-Engine-OnAudit,,,NewInstanceIgnored
2026-05-23T11:46:38.007881Z,322,dc.scaffold.htb,Microsoft-Windows-TaskScheduler,Microsoft-Windows-TaskScheduler/Operational,5863,3,,,,,,,,,,,D99D9E3B-933A-47B6-A272-A3E33F29DA89,\Deploy-Engine-OnAudit,,,NewInstanceIgnored
2026-05-23T11:46:38.017079Z,322,dc.scaffold.htb,Microsoft-Windows-TaskScheduler,Microsoft-Windows-TaskScheduler/Operational,5864,3,,,,,,,,,,,D99D9E3B-933A-47B6-A272-A3E33F29DA89,\Deploy-Engine-OnAudit,,,NewInstanceIgnored
2026-05-23T11:46:38.025473Z,322,dc.scaffold.htb,Microsoft-Windows-TaskScheduler,Microsoft-Windows-TaskScheduler/Operational,5865,3,,,,,,,,,,,D99D9E3B-933A-47B6-A272-A3E33F29DA89,\Deploy-Engine-OnAudit,,,NewInstanceIgnored
2026-05-23T11:46:38.026610Z,201,dc.scaffold.htb,Microsoft-Windows-TaskScheduler,Microsoft-Windows-TaskScheduler/Operational,5866,4,powershell.exe,2596,,,,,,,4294770688,,D99D9E3B-933A-47B6-A272-A3E33F29DA89,\Deploy-Engine-OnAudit,,,ActionSuccess
2026-05-23T11:46:38.026767Z,102,dc.scaffold.htb,Microsoft-Windows-TaskScheduler,Microsoft-Windows-TaskScheduler/Operational,5867,4,,,D99D9E3B-933A-47B6-A272-A3E33F29DA89,,,,,,,,,\Deploy-Engine-OnAudit,SCAFFOLD\Administrator,,TaskSuccessEvent
2026-05-23T11:46:38.033698Z,108,dc.scaffold.htb,Microsoft-Windows-TaskScheduler,Microsoft-Windows-TaskScheduler/Operational,5868,4,,,37FFA2EF-18D3-494B-BB67-20C4DCCA359B,,,,,,,,,\Deploy-Engine-OnAudit,,,EventTriggerEvent
2026-05-23T11:46:38.104235Z,129,dc.scaffold.htb,Microsoft-Windows-TaskScheduler,Microsoft-Windows-TaskScheduler/Operational,5869,4,,,,,powershell.exe,16384,5640,,,,,\Deploy-Engine-OnAudit,,,CreatedTaskProcess
2026-05-23T11:46:38.104560Z,100,dc.scaffold.htb,Microsoft-Windows-TaskScheduler,Microsoft-Windows-TaskScheduler/Operational,5870,4,,,37FFA2EF-18D3-494B-BB67-20C4DCCA359B,,,,,,,,,\Deploy-Engine-OnAudit,SCAFFOLD\Administrator,,TaskStartEvent
2026-05-23T11:46:38.104562Z,200,dc.scaffold.htb,Microsoft-Windows-TaskScheduler,Microsoft-Windows-TaskScheduler/Operational,5871,4,powershell.exe,5640,,,,,,,,,37FFA2EF-18D3-494B-BB67-20C4DCCA359B,\Deploy-Engine-OnAudit,,,ActionStart
2026-05-23T11:46:38.117091Z,322,dc.scaffold.htb,Microsoft-Windows-TaskScheduler,Microsoft-Windows-TaskScheduler/Operational,5872,3,,,,,,,,,,,37FFA2EF-18D3-494B-BB67-20C4DCCA359B,\Deploy-Engine-OnAudit,,,NewInstanceIgnored
2026-05-23T11:46:38.124624Z,322,dc.scaffold.htb,Microsoft-Windows-TaskScheduler,Microsoft-Windows-TaskScheduler/Operational,5873,3,,,,,,,,,,,37FFA2EF-18D3-494B-BB67-20C4DCCA359B,\Deploy-Engine-OnAudit,,,NewInstanceIgnored
2026-05-23T11:46:38.132960Z,322,dc.scaffold.htb,Microsoft-Windows-TaskScheduler,Microsoft-Windows-TaskScheduler/Operational,5874,3,,,,,,,,,,,37FFA2EF-18D3-494B-BB67-20C4DCCA359B,\Deploy-Engine-OnAudit,,,NewInstanceIgnored
2026-05-23T11:46:38.140740Z,322,dc.scaffold.htb,Microsoft-Windows-TaskScheduler,Microsoft-Windows-TaskScheduler/Operational,5875,3,,,,,,,,,,,37FFA2EF-18D3-494B-BB67-20C4DCCA359B,\Deploy-Engine-OnAudit,,,NewInstanceIgnored
2026-05-23T11:46:38.148837Z,322,dc.scaffold.htb,Microsoft-Windows-TaskScheduler,Microsoft-Windows-TaskScheduler/Operational,5876,3,,,,,,,,,,,37FFA2EF-18D3-494B-BB67-20C4DCCA359B,\Deploy-Engine-OnAudit,,,NewInstanceIgnored
2026-05-23T11:46:38.157196Z,322,dc.scaffold.htb,Microsoft-Windows-TaskScheduler,Microsoft-Windows-TaskScheduler/Operational,5877,3,,,,,,,,,,,37FFA2EF-18D3-494B-BB67-20C4DCCA359B,\Deploy-Engine-OnAudit,,,NewInstanceIgnored
2026-05-23T11:46:38.169185Z,322,dc.scaffold.htb,Microsoft-Windows-TaskScheduler,Microsoft-Windows-TaskScheduler/Operational,5878,3,,,,,,,,,,,37FFA2EF-18D3-494B-BB67-20C4DCCA359B,\Deploy-Engine-OnAudit,,,NewInstanceIgnored
2026-05-23T11:46:38.177526Z,322,dc.scaffold.htb,Microsoft-Windows-TaskScheduler,Microsoft-Windows-TaskScheduler/Operational,5879,3,,,,,,,,,,,37FFA2EF-18D3-494B-BB67-20C4DCCA359B,\Deploy-Engine-OnAudit,,,NewInstanceIgnored
2026-05-23T11:46:38.186532Z,322,dc.scaffold.htb,Microsoft-Windows-TaskScheduler,Microsoft-Windows-TaskScheduler/Operational,5880,3,,,,,,,,,,,37FFA2EF-18D3-494B-BB67-20C4DCCA359B,\Deploy-Engine-OnAudit,,,NewInstanceIgnored
2026-05-23T11:46:38.193446Z,322,dc.scaffold.htb,Microsoft-Windows-TaskScheduler,Microsoft-Windows-TaskScheduler/Operational,5881,3,,,,,,,,,,,37FFA2EF-18D3-494B-BB67-20C4DCCA359B,\Deploy-Engine-OnAudit,,,NewInstanceIgnored
2026-05-23T11:46:38.201889Z,322,dc.scaffold.htb,Microsoft-Windows-TaskScheduler,Microsoft-Windows-TaskScheduler/Operational,5882,3,,,,,,,,,,,37FFA2EF-18D3-494B-BB67-20C4DCCA359B,\Deploy-Engine-OnAudit,,,NewInstanceIgnored
2026-05-23T11:46:38.209216Z,322,dc.scaffold.htb,Microsoft-Windows-TaskScheduler,Microsoft-Windows-TaskScheduler/Operational,5883,3,,,,,,,,,,,37FFA2EF-18D3-494B-BB67-20C4DCCA359B,\Deploy-Engine-OnAudit,,,NewInstanceIgnored
2026-05-23T11:46:38.218067Z,322,dc.scaffold.htb,Microsoft-Windows-TaskScheduler,Microsoft-Windows-TaskScheduler/Operational,5884,3,,,,,,,,,,,37FFA2EF-18D3-494B-BB67-20C4DCCA359B,\Deploy-Engine-OnAudit,,,NewInstanceIgnored
2026-05-23T11:46:38.229327Z,322,dc.scaffold.htb,Microsoft-Windows-TaskScheduler,Microsoft-Windows-TaskScheduler/Operational,5885,3,,,,,,,,,,,37FFA2EF-18D3-494B-BB67-20C4DCCA359B,\Deploy-Engine-OnAudit,,,NewInstanceIgnored
2026-05-23T11:46:38.237783Z,322,dc.scaffold.htb,Microsoft-Windows-TaskScheduler,Microsoft-Windows-TaskScheduler/Operational,5886,3,,,,,,,,,,,37FFA2EF-18D3-494B-BB67-20C4DCCA359B,\Deploy-Engine-OnAudit,,,NewInstanceIgnored
2026-05-23T11:46:38.248527Z,322,dc.scaffold.htb,Microsoft-Windows-TaskScheduler,Microsoft-Windows-TaskScheduler/Operational,5887,3,,,,,,,,,,,37FFA2EF-18D3-494B-BB67-20C4DCCA359B,\Deploy-Engine-OnAudit,,,NewInstanceIgnored
2026-05-23T11:46:38.258836Z,322,dc.scaffold.htb,Microsoft-Windows-TaskScheduler,Microsoft-Windows-TaskScheduler/Operational,5888,3,,,,,,,,,,,37FFA2EF-18D3-494B-BB67-20C4DCCA359B,\Deploy-Engine-OnAudit,,,NewInstanceIgnored
2026-05-23T11:46:38.268002Z,322,dc.scaffold.htb,Microsoft-Windows-TaskScheduler,Microsoft-Windows-TaskScheduler/Operational,5889,3,,,,,,,,,,,37FFA2EF-18D3-494B-BB67-20C4DCCA359B,\Deploy-Engine-OnAudit,,,NewInstanceIgnored
2026-05-23T11:46:38.275418Z,322,dc.scaffold.htb,Microsoft-Windows-TaskScheduler,Microsoft-Windows-TaskScheduler/Operational,5890,3,,,,,,,,,,,37FFA2EF-18D3-494B-BB67-20C4DCCA359B,\Deploy-Engine-OnAudit,,,NewInstanceIgnored
2026-05-23T11:46:38.280976Z,201,dc.scaffold.htb,Microsoft-Windows-TaskScheduler,Microsoft-Windows-TaskScheduler/Operational,5891,4,powershell.exe,5640,,,,,,,4294770688,,37FFA2EF-18D3-494B-BB67-20C4DCCA359B,\Deploy-Engine-OnAudit,,,ActionSuccess
2026-05-23T11:46:38.281244Z,102,dc.scaffold.htb,Microsoft-Windows-TaskScheduler,Microsoft-Windows-TaskScheduler/Operational,5892,4,,,37FFA2EF-18D3-494B-BB67-20C4DCCA359B,,,,,,,,,\Deploy-Engine-OnAudit,SCAFFOLD\Administrator,,TaskSuccessEvent
2026-05-23T11:46:38.285517Z,108,dc.scaffold.htb,Microsoft-Windows-TaskScheduler,Microsoft-Windows-TaskScheduler/Operational,5893,4,,,CFB9FA41-AF80-444E-A727-C4D9089E5F5A,,,,,,,,,\Deploy-Engine-OnAudit,,,EventTriggerEvent
2026-05-23T11:46:38.295014Z,129,dc.scaffold.htb,Microsoft-Windows-TaskScheduler,Microsoft-Windows-TaskScheduler/Operational,5894,4,,,,,powershell.exe,16384,1932,,,,,\Deploy-Engine-OnAudit,,,CreatedTaskProcess
2026-05-23T11:46:38.295284Z,100,dc.scaffold.htb,Microsoft-Windows-TaskScheduler,Microsoft-Windows-TaskScheduler/Operational,5895,4,,,CFB9FA41-AF80-444E-A727-C4D9089E5F5A,,,,,,,,,\Deploy-Engine-OnAudit,SCAFFOLD\Administrator,,TaskStartEvent
2026-05-23T11:46:38.295285Z,200,dc.scaffold.htb,Microsoft-Windows-TaskScheduler,Microsoft-Windows-TaskScheduler/Operational,5896,4,powershell.exe,1932,,,,,,,,,CFB9FA41-AF80-444E-A727-C4D9089E5F5A,\Deploy-Engine-OnAudit,,,ActionStart
2026-05-23T11:46:38.304319Z,322,dc.scaffold.htb,Microsoft-Windows-TaskScheduler,Microsoft-Windows-TaskScheduler/Operational,5897,3,,,,,,,,,,,CFB9FA41-AF80-444E-A727-C4D9089E5F5A,\Deploy-Engine-OnAudit,,,NewInstanceIgnored
2026-05-23T11:46:38.311258Z,322,dc.scaffold.htb,Microsoft-Windows-TaskScheduler,Microsoft-Windows-TaskScheduler/Operational,5898,3,,,,,,,,,,,CFB9FA41-AF80-444E-A727-C4D9089E5F5A,\Deploy-Engine-OnAudit,,,NewInstanceIgnored
2026-05-23T11:46:38.320003Z,322,dc.scaffold.htb,Microsoft-Windows-TaskScheduler,Microsoft-Windows-TaskScheduler/Operational,5899,3,,,,,,,,,,,CFB9FA41-AF80-444E-A727-C4D9089E5F5A,\Deploy-Engine-OnAudit,,,NewInstanceIgnored
2026-05-23T11:46:38.327531Z,322,dc.scaffold.htb,Microsoft-Windows-TaskScheduler,Microsoft-Windows-TaskScheduler/Operational,5900,3,,,,,,,,,,,CFB9FA41-AF80-444E-A727-C4D9089E5F5A,\Deploy-Engine-OnAudit,,,NewInstanceIgnored
2026-05-23T11:46:38.335965Z,322,dc.scaffold.htb,Microsoft-Windows-TaskScheduler,Microsoft-Windows-TaskScheduler/Operational,5901,3,,,,,,,,,,,CFB9FA41-AF80-444E-A727-C4D9089E5F5A,\Deploy-Engine-OnAudit,,,NewInstanceIgnored
2026-05-23T11:46:38.345495Z,322,dc.scaffold.htb,Microsoft-Windows-TaskScheduler,Microsoft-Windows-TaskScheduler/Operational,5902,3,,,,,,,,,,,CFB9FA41-AF80-444E-A727-C4D9089E5F5A,\Deploy-Engine-OnAudit,,,NewInstanceIgnored
2026-05-23T11:46:38.355136Z,322,dc.scaffold.htb,Microsoft-Windows-TaskScheduler,Microsoft-Windows-TaskScheduler/Operational,5903,3,,,,,,,,,,,CFB9FA41-AF80-444E-A727-C4D9089E5F5A,\Deploy-Engine-OnAudit,,,NewInstanceIgnored
2026-05-23T11:46:38.364393Z,322,dc.scaffold.htb,Microsoft-Windows-TaskScheduler,Microsoft-Windows-TaskScheduler/Operational,5904,3,,,,,,,,,,,CFB9FA41-AF80-444E-A727-C4D9089E5F5A,\Deploy-Engine-OnAudit,,,NewInstanceIgnored
2026-05-23T11:46:38.374085Z,322,dc.scaffold.htb,Microsoft-Windows-TaskScheduler,Microsoft-Windows-TaskScheduler/Operational,5905,3,,,,,,,,,,,CFB9FA41-AF80-444E-A727-C4D9089E5F5A,\Deploy-Engine-OnAudit,,,NewInstanceIgnored
2026-05-23T11:46:38.385056Z,322,dc.scaffold.htb,Microsoft-Windows-TaskScheduler,Microsoft-Windows-TaskScheduler/Operational,5906,3,,,,,,,,,,,CFB9FA41-AF80-444E-A727-C4D9089E5F5A,\Deploy-Engine-OnAudit,,,NewInstanceIgnored
2026-05-23T11:46:38.394277Z,322,dc.scaffold.htb,Microsoft-Windows-TaskScheduler,Microsoft-Windows-TaskScheduler/Operational,5907,3,,,,,,,,,,,CFB9FA41-AF80-444E-A727-C4D9089E5F5A,\Deploy-Engine-OnAudit,,,NewInstanceIgnored
2026-05-23T11:46:38.403690Z,322,dc.scaffold.htb,Microsoft-Windows-TaskScheduler,Microsoft-Windows-TaskScheduler/Operational,5908,3,,,,,,,,,,,CFB9FA41-AF80-444E-A727-C4D9089E5F5A,\Deploy-Engine-OnAudit,,,NewInstanceIgnored
2026-05-23T11:46:38.412215Z,322,dc.scaffold.htb,Microsoft-Windows-TaskScheduler,Microsoft-Windows-TaskScheduler/Operational,5909,3,,,,,,,,,,,CFB9FA41-AF80-444E-A727-C4D9089E5F5A,\Deploy-Engine-OnAudit,,,NewInstanceIgnored
2026-05-23T11:46:38.424044Z,322,dc.scaffold.htb,Microsoft-Windows-TaskScheduler,Microsoft-Windows-TaskScheduler/Operational,5910,3,,,,,,,,,,,CFB9FA41-AF80-444E-A727-C4D9089E5F5A,\Deploy-Engine-OnAudit,,,NewInstanceIgnored
2026-05-23T11:46:38.433965Z,322,dc.scaffold.htb,Microsoft-Windows-TaskScheduler,Microsoft-Windows-TaskScheduler/Operational,5911,3,,,,,,,,,,,CFB9FA41-AF80-444E-A727-C4D9089E5F5A,\Deploy-Engine-OnAudit,,,NewInstanceIgnored
2026-05-23T11:46:38.441315Z,322,dc.scaffold.htb,Microsoft-Windows-TaskScheduler,Microsoft-Windows-TaskScheduler/Operational,5912,3,,,,,,,,,,,CFB9FA41-AF80-444E-A727-C4D9089E5F5A,\Deploy-Engine-OnAudit,,,NewInstanceIgnored
2026-05-23T11:46:38.449274Z,322,dc.scaffold.htb,Microsoft-Windows-TaskScheduler,Microsoft-Windows-TaskScheduler/Operational,5913,3,,,,,,,,,,,CFB9FA41-AF80-444E-A727-C4D9089E5F5A,\Deploy-Engine-OnAudit,,,NewInstanceIgnored
2026-05-23T11:46:38.456359Z,322,dc.scaffold.htb,Microsoft-Windows-TaskScheduler,Microsoft-Windows-TaskScheduler/Operational,5914,3,,,,,,,,,,,CFB9FA41-AF80-444E-A727-C4D9089E5F5A,\Deploy-Engine-OnAudit,,,NewInstanceIgnored
2026-05-23T11:46:38.463253Z,322,dc.scaffold.htb,Microsoft-Windows-TaskScheduler,Microsoft-Windows-TaskScheduler/Operational,5915,3,,,,,,,,,,,CFB9FA41-AF80-444E-A727-C4D9089E5F5A,\Deploy-Engine-OnAudit,,,NewInstanceIgnored
2026-05-23T11:46:38.481741Z,322,dc.scaffold.htb,Microsoft-Windows-TaskScheduler,Microsoft-Windows-TaskScheduler/Operational,5916,3,,,,,,,,,,,CFB9FA41-AF80-444E-A727-C4D9089E5F5A,\Deploy-Engine-OnAudit,,,NewInstanceIgnored
2026-05-23T11:46:38.487775Z,201,dc.scaffold.htb,Microsoft-Windows-TaskScheduler,Microsoft-Windows-TaskScheduler/Operational,5917,4,powershell.exe,1932,,,,,,,4294770688,,CFB9FA41-AF80-444E-A727-C4D9089E5F5A,\Deploy-Engine-OnAudit,,,ActionSuccess
2026-05-23T11:46:38.488163Z,102,dc.scaffold.htb,Microsoft-Windows-TaskScheduler,Microsoft-Windows-TaskScheduler/Operational,5918,4,,,CFB9FA41-AF80-444E-A727-C4D9089E5F5A,,,,,,,,,\Deploy-Engine-OnAudit,SCAFFOLD\Administrator,,TaskSuccessEvent
2026-05-23T11:46:38.495104Z,108,dc.scaffold.htb,Microsoft-Windows-TaskScheduler,Microsoft-Windows-TaskScheduler/Operational,5919,4,,,F5F5775E-46F0-4BAB-835A-72C69257396B,,,,,,,,,\Deploy-Engine-OnAudit,,,EventTriggerEvent
2026-05-23T11:46:38.507564Z,129,dc.scaffold.htb,Microsoft-Windows-TaskScheduler,Microsoft-Windows-TaskScheduler/Operational,5920,4,,,,,powershell.exe,16384,4740,,,,,\Deploy-Engine-OnAudit,,,CreatedTaskProcess
2026-05-23T11:46:38.507925Z,100,dc.scaffold.htb,Microsoft-Windows-TaskScheduler,Microsoft-Windows-TaskScheduler/Operational,5921,4,,,F5F5775E-46F0-4BAB-835A-72C69257396B,,,,,,,,,\Deploy-Engine-OnAudit,SCAFFOLD\Administrator,,TaskStartEvent
2026-05-23T11:46:38.507927Z,200,dc.scaffold.htb,Microsoft-Windows-TaskScheduler,Microsoft-Windows-TaskScheduler/Operational,5922,4,powershell.exe,4740,,,,,,,,,F5F5775E-46F0-4BAB-835A-72C69257396B,\Deploy-Engine-OnAudit,,,ActionStart
2026-05-23T11:46:38.520406Z,322,dc.scaffold.htb,Microsoft-Windows-TaskScheduler,Microsoft-Windows-TaskScheduler/Operational,5923,3,,,,,,,,,,,F5F5775E-46F0-4BAB-835A-72C69257396B,\Deploy-Engine-OnAudit,,,NewInstanceIgnored
2026-05-23T11:46:38.527540Z,322,dc.scaffold.htb,Microsoft-Windows-TaskScheduler,Microsoft-Windows-TaskScheduler/Operational,5924,3,,,,,,,,,,,F5F5775E-46F0-4BAB-835A-72C69257396B,\Deploy-Engine-OnAudit,,,NewInstanceIgnored
2026-05-23T11:46:38.535272Z,322,dc.scaffold.htb,Microsoft-Windows-TaskScheduler,Microsoft-Windows-TaskScheduler/Operational,5925,3,,,,,,,,,,,F5F5775E-46F0-4BAB-835A-72C69257396B,\Deploy-Engine-OnAudit,,,NewInstanceIgnored
2026-05-23T11:46:38.546002Z,322,dc.scaffold.htb,Microsoft-Windows-TaskScheduler,Microsoft-Windows-TaskScheduler/Operational,5926,3,,,,,,,,,,,F5F5775E-46F0-4BAB-835A-72C69257396B,\Deploy-Engine-OnAudit,,,NewInstanceIgnored
2026-05-23T11:46:38.553458Z,322,dc.scaffold.htb,Microsoft-Windows-TaskScheduler,Microsoft-Windows-TaskScheduler/Operational,5927,3,,,,,,,,,,,F5F5775E-46F0-4BAB-835A-72C69257396B,\Deploy-Engine-OnAudit,,,NewInstanceIgnored
2026-05-23T11:46:38.560593Z,322,dc.scaffold.htb,Microsoft-Windows-TaskScheduler,Microsoft-Windows-TaskScheduler/Operational,5928,3,,,,,,,,,,,F5F5775E-46F0-4BAB-835A-72C69257396B,\Deploy-Engine-OnAudit,,,NewInstanceIgnored
2026-05-23T11:46:38.567526Z,322,dc.scaffold.htb,Microsoft-Windows-TaskScheduler,Microsoft-Windows-TaskScheduler/Operational,5929,3,,,,,,,,,,,F5F5775E-46F0-4BAB-835A-72C69257396B,\Deploy-Engine-OnAudit,,,NewInstanceIgnored
2026-05-23T11:46:38.577237Z,322,dc.scaffold.htb,Microsoft-Windows-TaskScheduler,Microsoft-Windows-TaskScheduler/Operational,5930,3,,,,,,,,,,,F5F5775E-46F0-4BAB-835A-72C69257396B,\Deploy-Engine-OnAudit,,,NewInstanceIgnored
2026-05-23T11:46:38.584710Z,322,dc.scaffold.htb,Microsoft-Windows-TaskScheduler,Microsoft-Windows-TaskScheduler/Operational,5931,3,,,,,,,,,,,F5F5775E-46F0-4BAB-835A-72C69257396B,\Deploy-Engine-OnAudit,,,NewInstanceIgnored
2026-05-23T11:46:38.591879Z,322,dc.scaffold.htb,Microsoft-Windows-TaskScheduler,Microsoft-Windows-TaskScheduler/Operational,5932,3,,,,,,,,,,,F5F5775E-46F0-4BAB-835A-72C69257396B,\Deploy-Engine-OnAudit,,,NewInstanceIgnored
2026-05-23T11:46:38.598886Z,322,dc.scaffold.htb,Microsoft-Windows-TaskScheduler,Microsoft-Windows-TaskScheduler/Operational,5933,3,,,,,,,,,,,F5F5775E-46F0-4BAB-835A-72C69257396B,\Deploy-Engine-OnAudit,,,NewInstanceIgnored
2026-05-23T11:46:38.605773Z,322,dc.scaffold.htb,Microsoft-Windows-TaskScheduler,Microsoft-Windows-TaskScheduler/Operational,5934,3,,,,,,,,,,,F5F5775E-46F0-4BAB-835A-72C69257396B,\Deploy-Engine-OnAudit,,,NewInstanceIgnored
2026-05-23T11:46:38.615185Z,322,dc.scaffold.htb,Microsoft-Windows-TaskScheduler,Microsoft-Windows-TaskScheduler/Operational,5935,3,,,,,,,,,,,F5F5775E-46F0-4BAB-835A-72C69257396B,\Deploy-Engine-OnAudit,,,NewInstanceIgnored
2026-05-23T11:46:38.622939Z,322,dc.scaffold.htb,Microsoft-Windows-TaskScheduler,Microsoft-Windows-TaskScheduler/Operational,5936,3,,,,,,,,,,,F5F5775E-46F0-4BAB-835A-72C69257396B,\Deploy-Engine-OnAudit,,,NewInstanceIgnored
2026-05-23T11:46:38.629907Z,201,dc.scaffold.htb,Microsoft-Windows-TaskScheduler,Microsoft-Windows-TaskScheduler/Operational,5937,4,powershell.exe,4740,,,,,,,4294770688,,F5F5775E-46F0-4BAB-835A-72C69257396B,\Deploy-Engine-OnAudit,,,ActionSuccess
2026-05-23T11:46:38.630074Z,102,dc.scaffold.htb,Microsoft-Windows-TaskScheduler,Microsoft-Windows-TaskScheduler/Operational,5938,4,,,F5F5775E-46F0-4BAB-835A-72C69257396B,,,,,,,,,\Deploy-Engine-OnAudit,SCAFFOLD\Administrator,,TaskSuccessEvent
2026-05-23T11:46:38.630556Z,108,dc.scaffold.htb,Microsoft-Windows-TaskScheduler,Microsoft-Windows-TaskScheduler/Operational,5939,4,,,5D63C2DD-C49C-4A27-8C3D-688F244886C1,,,,,,,,,\Deploy-Engine-OnAudit,,,EventTriggerEvent
2026-05-23T11:46:38.638880Z,129,dc.scaffold.htb,Microsoft-Windows-TaskScheduler,Microsoft-Windows-TaskScheduler/Operational,5940,4,,,,,powershell.exe,16384,4132,,,,,\Deploy-Engine-OnAudit,,,CreatedTaskProcess
2026-05-23T11:46:38.639088Z,100,dc.scaffold.htb,Microsoft-Windows-TaskScheduler,Microsoft-Windows-TaskScheduler/Operational,5941,4,,,5D63C2DD-C49C-4A27-8C3D-688F244886C1,,,,,,,,,\Deploy-Engine-OnAudit,SCAFFOLD\Administrator,,TaskStartEvent
2026-05-23T11:46:38.639089Z,200,dc.scaffold.htb,Microsoft-Windows-TaskScheduler,Microsoft-Windows-TaskScheduler/Operational,5942,4,powershell.exe,4132,,,,,,,,,5D63C2DD-C49C-4A27-8C3D-688F244886C1,\Deploy-Engine-OnAudit,,,ActionStart
2026-05-23T11:46:38.646454Z,322,dc.scaffold.htb,Microsoft-Windows-TaskScheduler,Microsoft-Windows-TaskScheduler/Operational,5943,3,,,,,,,,,,,5D63C2DD-C49C-4A27-8C3D-688F244886C1,\Deploy-Engine-OnAudit,,,NewInstanceIgnored
2026-05-23T11:46:38.654789Z,322,dc.scaffold.htb,Microsoft-Windows-TaskScheduler,Microsoft-Windows-TaskScheduler/Operational,5944,3,,,,,,,,,,,5D63C2DD-C49C-4A27-8C3D-688F244886C1,\Deploy-Engine-OnAudit,,,NewInstanceIgnored
2026-05-23T11:46:38.662509Z,322,dc.scaffold.htb,Microsoft-Windows-TaskScheduler,Microsoft-Windows-TaskScheduler/Operational,5945,3,,,,,,,,,,,5D63C2DD-C49C-4A27-8C3D-688F244886C1,\Deploy-Engine-OnAudit,,,NewInstanceIgnored
2026-05-23T11:46:38.669947Z,322,dc.scaffold.htb,Microsoft-Windows-TaskScheduler,Microsoft-Windows-TaskScheduler/Operational,5946,3,,,,,,,,,,,5D63C2DD-C49C-4A27-8C3D-688F244886C1,\Deploy-Engine-OnAudit,,,NewInstanceIgnored
2026-05-23T11:46:38.677493Z,322,dc.scaffold.htb,Microsoft-Windows-TaskScheduler,Microsoft-Windows-TaskScheduler/Operational,5947,3,,,,,,,,,,,5D63C2DD-C49C-4A27-8C3D-688F244886C1,\Deploy-Engine-OnAudit,,,NewInstanceIgnored
2026-05-23T11:46:38.687452Z,322,dc.scaffold.htb,Microsoft-Windows-TaskScheduler,Microsoft-Windows-TaskScheduler/Operational,5948,3,,,,,,,,,,,5D63C2DD-C49C-4A27-8C3D-688F244886C1,\Deploy-Engine-OnAudit,,,NewInstanceIgnored
2026-05-23T11:46:38.694530Z,322,dc.scaffold.htb,Microsoft-Windows-TaskScheduler,Microsoft-Windows-TaskScheduler/Operational,5949,3,,,,,,,,,,,5D63C2DD-C49C-4A27-8C3D-688F244886C1,\Deploy-Engine-OnAudit,,,NewInstanceIgnored
2026-05-23T11:46:38.701662Z,322,dc.scaffold.htb,Microsoft-Windows-TaskScheduler,Microsoft-Windows-TaskScheduler/Operational,5950,3,,,,,,,,,,,5D63C2DD-C49C-4A27-8C3D-688F244886C1,\Deploy-Engine-OnAudit,,,NewInstanceIgnored
2026-05-23T11:46:38.709189Z,322,dc.scaffold.htb,Microsoft-Windows-TaskScheduler,Microsoft-Windows-TaskScheduler/Operational,5951,3,,,,,,,,,,,5D63C2DD-C49C-4A27-8C3D-688F244886C1,\Deploy-Engine-OnAudit,,,NewInstanceIgnored
2026-05-23T11:46:38.716484Z,322,dc.scaffold.htb,Microsoft-Windows-TaskScheduler,Microsoft-Windows-TaskScheduler/Operational,5952,3,,,,,,,,,,,5D63C2DD-C49C-4A27-8C3D-688F244886C1,\Deploy-Engine-OnAudit,,,NewInstanceIgnored
2026-05-23T11:46:38.722207Z,201,dc.scaffold.htb,Microsoft-Windows-TaskScheduler,Microsoft-Windows-TaskScheduler/Operational,5953,4,powershell.exe,4132,,,,,,,4294770688,,5D63C2DD-C49C-4A27-8C3D-688F244886C1,\Deploy-Engine-OnAudit,,,ActionSuccess
2026-05-23T11:46:38.722413Z,102,dc.scaffold.htb,Microsoft-Windows-TaskScheduler,Microsoft-Windows-TaskScheduler/Operational,5954,4,,,5D63C2DD-C49C-4A27-8C3D-688F244886C1,,,,,,,,,\Deploy-Engine-OnAudit,SCAFFOLD\Administrator,,TaskSuccessEvent
2026-05-23T11:46:38.726339Z,108,dc.scaffold.htb,Microsoft-Windows-TaskScheduler,Microsoft-Windows-TaskScheduler/Operational,5955,4,,,17D0DC6C-8FBC-49A5-BD88-083555A3C5C5,,,,,,,,,\Deploy-Engine-OnAudit,,,EventTriggerEvent
2026-05-23T11:46:38.733959Z,129,dc.scaffold.htb,Microsoft-Windows-TaskScheduler,Microsoft-Windows-TaskScheduler/Operational,5956,4,,,,,powershell.exe,16384,2152,,,,,\Deploy-Engine-OnAudit,,,CreatedTaskProcess
2026-05-23T11:46:38.734169Z,100,dc.scaffold.htb,Microsoft-Windows-TaskScheduler,Microsoft-Windows-TaskScheduler/Operational,5957,4,,,17D0DC6C-8FBC-49A5-BD88-083555A3C5C5,,,,,,,,,\Deploy-Engine-OnAudit,SCAFFOLD\Administrator,,TaskStartEvent
2026-05-23T11:46:38.734170Z,200,dc.scaffold.htb,Microsoft-Windows-TaskScheduler,Microsoft-Windows-TaskScheduler/Operational,5958,4,powershell.exe,2152,,,,,,,,,17D0DC6C-8FBC-49A5-BD88-083555A3C5C5,\Deploy-Engine-OnAudit,,,ActionStart
2026-05-23T11:46:38.741004Z,322,dc.scaffold.htb,Microsoft-Windows-TaskScheduler,Microsoft-Windows-TaskScheduler/Operational,5959,3,,,,,,,,,,,17D0DC6C-8FBC-49A5-BD88-083555A3C5C5,\Deploy-Engine-OnAudit,,,NewInstanceIgnored
2026-05-23T11:46:38.748716Z,322,dc.scaffold.htb,Microsoft-Windows-TaskScheduler,Microsoft-Windows-TaskScheduler/Operational,5960,3,,,,,,,,,,,17D0DC6C-8FBC-49A5-BD88-083555A3C5C5,\Deploy-Engine-OnAudit,,,NewInstanceIgnored
2026-05-23T11:46:38.759957Z,322,dc.scaffold.htb,Microsoft-Windows-TaskScheduler,Microsoft-Windows-TaskScheduler/Operational,5961,3,,,,,,,,,,,17D0DC6C-8FBC-49A5-BD88-083555A3C5C5,\Deploy-Engine-OnAudit,,,NewInstanceIgnored
2026-05-23T11:46:38.767487Z,322,dc.scaffold.htb,Microsoft-Windows-TaskScheduler,Microsoft-Windows-TaskScheduler/Operational,5962,3,,,,,,,,,,,17D0DC6C-8FBC-49A5-BD88-083555A3C5C5,\Deploy-Engine-OnAudit,,,NewInstanceIgnored
2026-05-23T11:46:38.774960Z,322,dc.scaffold.htb,Microsoft-Windows-TaskScheduler,Microsoft-Windows-TaskScheduler/Operational,5963,3,,,,,,,,,,,17D0DC6C-8FBC-49A5-BD88-083555A3C5C5,\Deploy-Engine-OnAudit,,,NewInstanceIgnored
2026-05-23T11:46:38.782739Z,322,dc.scaffold.htb,Microsoft-Windows-TaskScheduler,Microsoft-Windows-TaskScheduler/Operational,5964,3,,,,,,,,,,,17D0DC6C-8FBC-49A5-BD88-083555A3C5C5,\Deploy-Engine-OnAudit,,,NewInstanceIgnored
2026-05-23T11:46:38.792761Z,322,dc.scaffold.htb,Microsoft-Windows-TaskScheduler,Microsoft-Windows-TaskScheduler/Operational,5965,3,,,,,,,,,,,17D0DC6C-8FBC-49A5-BD88-083555A3C5C5,\Deploy-Engine-OnAudit,,,NewInstanceIgnored
2026-05-23T11:46:38.802751Z,322,dc.scaffold.htb,Microsoft-Windows-TaskScheduler,Microsoft-Windows-TaskScheduler/Operational,5966,3,,,,,,,,,,,17D0DC6C-8FBC-49A5-BD88-083555A3C5C5,\Deploy-Engine-OnAudit,,,NewInstanceIgnored
2026-05-23T11:46:38.813108Z,322,dc.scaffold.htb,Microsoft-Windows-TaskScheduler,Microsoft-Windows-TaskScheduler/Operational,5967,3,,,,,,,,,,,17D0DC6C-8FBC-49A5-BD88-083555A3C5C5,\Deploy-Engine-OnAudit,,,NewInstanceIgnored
2026-05-23T11:46:38.823390Z,322,dc.scaffold.htb,Microsoft-Windows-TaskScheduler,Microsoft-Windows-TaskScheduler/Operational,5968,3,,,,,,,,,,,17D0DC6C-8FBC-49A5-BD88-083555A3C5C5,\Deploy-Engine-OnAudit,,,NewInstanceIgnored
2026-05-23T11:46:38.829372Z,201,dc.scaffold.htb,Microsoft-Windows-TaskScheduler,Microsoft-Windows-TaskScheduler/Operational,5969,4,powershell.exe,2152,,,,,,,4294770688,,17D0DC6C-8FBC-49A5-BD88-083555A3C5C5,\Deploy-Engine-OnAudit,,,ActionSuccess
2026-05-23T11:46:38.829627Z,102,dc.scaffold.htb,Microsoft-Windows-TaskScheduler,Microsoft-Windows-TaskScheduler/Operational,5970,4,,,17D0DC6C-8FBC-49A5-BD88-083555A3C5C5,,,,,,,,,\Deploy-Engine-OnAudit,SCAFFOLD\Administrator,,TaskSuccessEvent
2026-05-23T11:46:38.830490Z,108,dc.scaffold.htb,Microsoft-Windows-TaskScheduler,Microsoft-Windows-TaskScheduler/Operational,5971,4,,,750988E1-D287-487E-880E-BB23DA0650BB,,,,,,,,,\Deploy-Engine-OnAudit,,,EventTriggerEvent
2026-05-23T11:46:38.838656Z,129,dc.scaffold.htb,Microsoft-Windows-TaskScheduler,Microsoft-Windows-TaskScheduler/Operational,5972,4,,,,,powershell.exe,16384,1456,,,,,\Deploy-Engine-OnAudit,,,CreatedTaskProcess
2026-05-23T11:46:38.838958Z,100,dc.scaffold.htb,Microsoft-Windows-TaskScheduler,Microsoft-Windows-TaskScheduler/Operational,5973,4,,,750988E1-D287-487E-880E-BB23DA0650BB,,,,,,,,,\Deploy-Engine-OnAudit,SCAFFOLD\Administrator,,TaskStartEvent
2026-05-23T11:46:38.838959Z,200,dc.scaffold.htb,Microsoft-Windows-TaskScheduler,Microsoft-Windows-TaskScheduler/Operational,5974,4,powershell.exe,1456,,,,,,,,,750988E1-D287-487E-880E-BB23DA0650BB,\Deploy-Engine-OnAudit,,,ActionStart
2026-05-23T11:46:38.846291Z,322,dc.scaffold.htb,Microsoft-Windows-TaskScheduler,Microsoft-Windows-TaskScheduler/Operational,5975,3,,,,,,,,,,,750988E1-D287-487E-880E-BB23DA0650BB,\Deploy-Engine-OnAudit,,,NewInstanceIgnored
2026-05-23T11:46:38.855462Z,322,dc.scaffold.htb,Microsoft-Windows-TaskScheduler,Microsoft-Windows-TaskScheduler/Operational,5976,3,,,,,,,,,,,750988E1-D287-487E-880E-BB23DA0650BB,\Deploy-Engine-OnAudit,,,NewInstanceIgnored
2026-05-23T11:46:38.866364Z,322,dc.scaffold.htb,Microsoft-Windows-TaskScheduler,Microsoft-Windows-TaskScheduler/Operational,5977,3,,,,,,,,,,,750988E1-D287-487E-880E-BB23DA0650BB,\Deploy-Engine-OnAudit,,,NewInstanceIgnored
2026-05-23T11:46:38.873968Z,322,dc.scaffold.htb,Microsoft-Windows-TaskScheduler,Microsoft-Windows-TaskScheduler/Operational,5978,3,,,,,,,,,,,750988E1-D287-487E-880E-BB23DA0650BB,\Deploy-Engine-OnAudit,,,NewInstanceIgnored
2026-05-23T11:46:38.882572Z,322,dc.scaffold.htb,Microsoft-Windows-TaskScheduler,Microsoft-Windows-TaskScheduler/Operational,5979,3,,,,,,,,,,,750988E1-D287-487E-880E-BB23DA0650BB,\Deploy-Engine-OnAudit,,,NewInstanceIgnored
2026-05-23T11:46:38.892868Z,322,dc.scaffold.htb,Microsoft-Windows-TaskScheduler,Microsoft-Windows-TaskScheduler/Operational,5980,3,,,,,,,,,,,750988E1-D287-487E-880E-BB23DA0650BB,\Deploy-Engine-OnAudit,,,NewInstanceIgnored
2026-05-23T11:46:38.901870Z,322,dc.scaffold.htb,Microsoft-Windows-TaskScheduler,Microsoft-Windows-TaskScheduler/Operational,5981,3,,,,,,,,,,,750988E1-D287-487E-880E-BB23DA0650BB,\Deploy-Engine-OnAudit,,,NewInstanceIgnored
2026-05-23T11:46:38.910266Z,322,dc.scaffold.htb,Microsoft-Windows-TaskScheduler,Microsoft-Windows-TaskScheduler/Operational,5982,3,,,,,,,,,,,750988E1-D287-487E-880E-BB23DA0650BB,\Deploy-Engine-OnAudit,,,NewInstanceIgnored
2026-05-23T11:46:38.919382Z,322,dc.scaffold.htb,Microsoft-Windows-TaskScheduler,Microsoft-Windows-TaskScheduler/Operational,5983,3,,,,,,,,,,,750988E1-D287-487E-880E-BB23DA0650BB,\Deploy-Engine-OnAudit,,,NewInstanceIgnored
2026-05-23T11:46:38.927697Z,322,dc.scaffold.htb,Microsoft-Windows-TaskScheduler,Microsoft-Windows-TaskScheduler/Operational,5984,3,,,,,,,,,,,750988E1-D287-487E-880E-BB23DA0650BB,\Deploy-Engine-OnAudit,,,NewInstanceIgnored
2026-05-23T11:46:38.932796Z,201,dc.scaffold.htb,Microsoft-Windows-TaskScheduler,Microsoft-Windows-TaskScheduler/Operational,5985,4,powershell.exe,1456,,,,,,,4294770688,,750988E1-D287-487E-880E-BB23DA0650BB,\Deploy-Engine-OnAudit,,,ActionSuccess
2026-05-23T11:46:38.933032Z,102,dc.scaffold.htb,Microsoft-Windows-TaskScheduler,Microsoft-Windows-TaskScheduler/Operational,5986,4,,,750988E1-D287-487E-880E-BB23DA0650BB,,,,,,,,,\Deploy-Engine-OnAudit,SCAFFOLD\Administrator,,TaskSuccessEvent
2026-05-23T11:46:38.934924Z,108,dc.scaffold.htb,Microsoft-Windows-TaskScheduler,Microsoft-Windows-TaskScheduler/Operational,5987,4,,,A01D2006-60E3-4B23-9CE1-0049A5EDAFA9,,,,,,,,,\Deploy-Engine-OnAudit,,,EventTriggerEvent
2026-05-23T11:46:38.941329Z,129,dc.scaffold.htb,Microsoft-Windows-TaskScheduler,Microsoft-Windows-TaskScheduler/Operational,5988,4,,,,,powershell.exe,16384,2456,,,,,\Deploy-Engine-OnAudit,,,CreatedTaskProcess
2026-05-23T11:46:38.941510Z,100,dc.scaffold.htb,Microsoft-Windows-TaskScheduler,Microsoft-Windows-TaskScheduler/Operational,5989,4,,,A01D2006-60E3-4B23-9CE1-0049A5EDAFA9,,,,,,,,,\Deploy-Engine-OnAudit,SCAFFOLD\Administrator,,TaskStartEvent
2026-05-23T11:46:38.941512Z,200,dc.scaffold.htb,Microsoft-Windows-TaskScheduler,Microsoft-Windows-TaskScheduler/Operational,5990,4,powershell.exe,2456,,,,,,,,,A01D2006-60E3-4B23-9CE1-0049A5EDAFA9,\Deploy-Engine-OnAudit,,,ActionStart
2026-05-23T11:46:38.950349Z,322,dc.scaffold.htb,Microsoft-Windows-TaskScheduler,Microsoft-Windows-TaskScheduler/Operational,5991,3,,,,,,,,,,,A01D2006-60E3-4B23-9CE1-0049A5EDAFA9,\Deploy-Engine-OnAudit,,,NewInstanceIgnored
2026-05-23T11:46:38.957278Z,322,dc.scaffold.htb,Microsoft-Windows-TaskScheduler,Microsoft-Windows-TaskScheduler/Operational,5992,3,,,,,,,,,,,A01D2006-60E3-4B23-9CE1-0049A5EDAFA9,\Deploy-Engine-OnAudit,,,NewInstanceIgnored
2026-05-23T11:46:38.966369Z,322,dc.scaffold.htb,Microsoft-Windows-TaskScheduler,Microsoft-Windows-TaskScheduler/Operational,5993,3,,,,,,,,,,,A01D2006-60E3-4B23-9CE1-0049A5EDAFA9,\Deploy-Engine-OnAudit,,,NewInstanceIgnored
2026-05-23T11:46:39.040780Z,201,dc.scaffold.htb,Microsoft-Windows-TaskScheduler,Microsoft-Windows-TaskScheduler/Operational,5994,4,powershell.exe,2456,,,,,,,4294770688,,A01D2006-60E3-4B23-9CE1-0049A5EDAFA9,\Deploy-Engine-OnAudit,,,ActionSuccess
2026-05-23T11:46:39.041006Z,102,dc.scaffold.htb,Microsoft-Windows-TaskScheduler,Microsoft-Windows-TaskScheduler/Operational,5995,4,,,A01D2006-60E3-4B23-9CE1-0049A5EDAFA9,,,,,,,,,\Deploy-Engine-OnAudit,SCAFFOLD\Administrator,,TaskSuccessEvent
2026-05-23T11:46:42.002949Z,140,dc.scaffold.htb,Microsoft-Windows-TaskScheduler,Microsoft-Windows-TaskScheduler/Operational,5996,4,,,,,,,,,,,,\Microsoft\Windows\WindowsUpdate\Scheduled Start,,NT AUTHORITY\SYSTEM,TaskUpdated
2026-05-23T11:46:44.327698Z,140,dc.scaffold.htb,Microsoft-Windows-TaskScheduler,Microsoft-Windows-TaskScheduler/Operational,5997,4,,,,,,,,,,,,\Microsoft\Windows\.NET Framework\.NET Framework NGEN v4.0.30319 64,,SYSTEM,TaskUpdated
2026-05-23T11:46:44.330671Z,325,dc.scaffold.htb,Microsoft-Windows-TaskScheduler,Microsoft-Windows-TaskScheduler/Operational,5998,3,,,,,,,,6FF5615C-9D79-4AF3-8FE6-095548660C5E,,,,\Microsoft\Windows\.NET Framework\.NET Framework NGEN v4.0.30319 64,,,TaskInstanceQueued
2026-05-23T11:46:44.332272Z,129,dc.scaffold.htb,Microsoft-Windows-TaskScheduler,Microsoft-Windows-TaskScheduler/Operational,5999,4,,,,,taskhostw.exe,16384,1732,,,,,\Microsoft\Windows\.NET Framework\.NET Framework NGEN v4.0.30319 64,,,CreatedTaskProcess
2026-05-23T11:46:44.332432Z,100,dc.scaffold.htb,Microsoft-Windows-TaskScheduler,Microsoft-Windows-TaskScheduler/Operational,6000,4,,,6FF5615C-9D79-4AF3-8FE6-095548660C5E,,,,,,,,,\Microsoft\Windows\.NET Framework\.NET Framework NGEN v4.0.30319 64,NT AUTHORITY\SYSTEM,,TaskStartEvent
2026-05-23T11:46:44.332433Z,200,dc.scaffold.htb,Microsoft-Windows-TaskScheduler,Microsoft-Windows-TaskScheduler/Operational,6001,4,,1732,,,,,,,,,6FF5615C-9D79-4AF3-8FE6-095548660C5E,\Microsoft\Windows\.NET Framework\.NET Framework NGEN v4.0.30319 64,,,ActionStart
2026-05-23T11:46:44.332534Z,110,dc.scaffold.htb,Microsoft-Windows-TaskScheduler,Microsoft-Windows-TaskScheduler/Operational,6002,4,,,6FF5615C-9D79-4AF3-8FE6-095548660C5E,,,,,,,,,\Microsoft\Windows\.NET Framework\.NET Framework NGEN v4.0.30319 64,System,,TaskRunEvent
2026-05-23T11:46:44.459353Z,140,dc.scaffold.htb,Microsoft-Windows-TaskScheduler,Microsoft-Windows-TaskScheduler/Operational,6003,4,,,,,,,,,,,,\Microsoft\Windows\.NET Framework\.NET Framework NGEN v4.0.30319 64,,SYSTEM,TaskUpdated
2026-05-23T11:46:44.515817Z,140,dc.scaffold.htb,Microsoft-Windows-TaskScheduler,Microsoft-Windows-TaskScheduler/Operational,6004,4,,,,,,,,,,,,\Microsoft\Windows\.NET Framework\.NET Framework NGEN v4.0.30319,,SYSTEM,TaskUpdated
2026-05-23T11:46:44.518939Z,325,dc.scaffold.htb,Microsoft-Windows-TaskScheduler,Microsoft-Windows-TaskScheduler/Operational,6005,3,,,,,,,,F357F780-DF93-4416-AD48-6FE7E6BB2F57,,,,\Microsoft\Windows\.NET Framework\.NET Framework NGEN v4.0.30319,,,TaskInstanceQueued
2026-05-23T11:46:44.519016Z,110,dc.scaffold.htb,Microsoft-Windows-TaskScheduler,Microsoft-Windows-TaskScheduler/Operational,6006,4,,,F357F780-DF93-4416-AD48-6FE7E6BB2F57,,,,,,,,,\Microsoft\Windows\.NET Framework\.NET Framework NGEN v4.0.30319,System,,TaskRunEvent
2026-05-23T11:46:44.519323Z,100,dc.scaffold.htb,Microsoft-Windows-TaskScheduler,Microsoft-Windows-TaskScheduler/Operational,6007,4,,,F357F780-DF93-4416-AD48-6FE7E6BB2F57,,,,,,,,,\Microsoft\Windows\.NET Framework\.NET Framework NGEN v4.0.30319,NT AUTHORITY\SYSTEM,,TaskStartEvent
2026-05-23T11:46:44.519325Z,200,dc.scaffold.htb,Microsoft-Windows-TaskScheduler,Microsoft-Windows-TaskScheduler/Operational,6008,4,,1732,,,,,,,,,F357F780-DF93-4416-AD48-6FE7E6BB2F57,\Microsoft\Windows\.NET Framework\.NET Framework NGEN v4.0.30319,,,ActionStart
2026-05-23T11:46:44.614734Z,140,dc.scaffold.htb,Microsoft-Windows-TaskScheduler,Microsoft-Windows-TaskScheduler/Operational,6009,4,,,,,,,,,,,,\Microsoft\Windows\.NET Framework\.NET Framework NGEN v4.0.30319,,SYSTEM,TaskUpdated
2026-05-23T11:46:44.617442Z,108,dc.scaffold.htb,Microsoft-Windows-TaskScheduler,Microsoft-Windows-TaskScheduler/Operational,6010,4,,,AFCDB9D0-2745-46BE-A1DA-ED9F6CCDF5B3,,,,,,,,,\Deploy-Engine-OnAudit,,,EventTriggerEvent
2026-05-23T11:46:44.626003Z,129,dc.scaffold.htb,Microsoft-Windows-TaskScheduler,Microsoft-Windows-TaskScheduler/Operational,6011,4,,,,,powershell.exe,16384,7580,,,,,\Deploy-Engine-OnAudit,,,CreatedTaskProcess
2026-05-23T11:46:44.626212Z,100,dc.scaffold.htb,Microsoft-Windows-TaskScheduler,Microsoft-Windows-TaskScheduler/Operational,6012,4,,,AFCDB9D0-2745-46BE-A1DA-ED9F6CCDF5B3,,,,,,,,,\Deploy-Engine-OnAudit,SCAFFOLD\Administrator,,TaskStartEvent
2026-05-23T11:46:44.626213Z,200,dc.scaffold.htb,Microsoft-Windows-TaskScheduler,Microsoft-Windows-TaskScheduler/Operational,6013,4,powershell.exe,7580,,,,,,,,,AFCDB9D0-2745-46BE-A1DA-ED9F6CCDF5B3,\Deploy-Engine-OnAudit,,,ActionStart
2026-05-23T11:46:44.634111Z,322,dc.scaffold.htb,Microsoft-Windows-TaskScheduler,Microsoft-Windows-TaskScheduler/Operational,6014,3,,,,,,,,,,,AFCDB9D0-2745-46BE-A1DA-ED9F6CCDF5B3,\Deploy-Engine-OnAudit,,,NewInstanceIgnored
2026-05-23T11:46:44.642472Z,322,dc.scaffold.htb,Microsoft-Windows-TaskScheduler,Microsoft-Windows-TaskScheduler/Operational,6015,3,,,,,,,,,,,AFCDB9D0-2745-46BE-A1DA-ED9F6CCDF5B3,\Deploy-Engine-OnAudit,,,NewInstanceIgnored
2026-05-23T11:46:44.649869Z,322,dc.scaffold.htb,Microsoft-Windows-TaskScheduler,Microsoft-Windows-TaskScheduler/Operational,6016,3,,,,,,,,,,,AFCDB9D0-2745-46BE-A1DA-ED9F6CCDF5B3,\Deploy-Engine-OnAudit,,,NewInstanceIgnored
