2026-05-21T23:20:38.238076Z,129,dc.scaffold.htb,Microsoft-Windows-TaskScheduler,Microsoft-Windows-TaskScheduler/Operational,3919,4,,,,,%windir%\system32\ServerManagerLauncher.exe,32,7160,,,,,\Microsoft\Windows\Server Manager\ServerManager,,,CreatedTaskProcess
2026-05-21T23:20:38.238437Z,119,dc.scaffold.htb,Microsoft-Windows-TaskScheduler,Microsoft-Windows-TaskScheduler/Operational,3920,4,,,F2F030CB-F406-4B82-9399-052113678A84,,,,,,,,,\Microsoft\Windows\Wininet\CacheTask,,SCAFFOLD\Administrator,LogonTrigger
2026-05-21T23:20:38.238448Z,100,dc.scaffold.htb,Microsoft-Windows-TaskScheduler,Microsoft-Windows-TaskScheduler/Operational,3921,4,,,AD285717-B8B1-467A-B90E-2FE20BA48F5A,,,,,,,,,\Microsoft\Windows\Server Manager\ServerManager,SCAFFOLD\Administrator,,TaskStartEvent
2026-05-21T23:20:38.238450Z,200,dc.scaffold.htb,Microsoft-Windows-TaskScheduler,Microsoft-Windows-TaskScheduler/Operational,3922,4,%windir%\system32\ServerManagerLauncher.exe,7160,,,,,,,,,AD285717-B8B1-467A-B90E-2FE20BA48F5A,\Microsoft\Windows\Server Manager\ServerManager,,,ActionStart
2026-05-21T23:20:38.239590Z,119,dc.scaffold.htb,Microsoft-Windows-TaskScheduler,Microsoft-Windows-TaskScheduler/Operational,3923,4,,,5812ECD8-D708-43F9-A664-53A0C6962408,,,,,,,,,\Microsoft\Windows\WindowsColorSystem\Calibration Loader,,SCAFFOLD\Administrator,LogonTrigger
2026-05-21T23:20:38.240516Z,119,dc.scaffold.htb,Microsoft-Windows-TaskScheduler,Microsoft-Windows-TaskScheduler/Operational,3924,4,,,0A179717-02DA-45CA-808A-A9ED00D48B05,,,,,,,,,\Microsoft\Windows\SoftwareProtectionPlatform\SvcRestartTaskLogon,,SCAFFOLD\Administrator,LogonTrigger
2026-05-21T23:20:38.241224Z,129,dc.scaffold.htb,Microsoft-Windows-TaskScheduler,Microsoft-Windows-TaskScheduler/Operational,3925,4,,,,,taskhostw.exe,32,6148,,,,,\Microsoft\Windows\TextServicesFramework\MsCtfMonitor,,,CreatedTaskProcess
2026-05-21T23:20:38.241618Z,100,dc.scaffold.htb,Microsoft-Windows-TaskScheduler,Microsoft-Windows-TaskScheduler/Operational,3926,4,,,D04F65A9-BC74-4AD8-8923-427DCBB28701,,,,,,,,,\Microsoft\Windows\TextServicesFramework\MsCtfMonitor,SCAFFOLD\Administrator,,TaskStartEvent
2026-05-21T23:20:38.241619Z,200,dc.scaffold.htb,Microsoft-Windows-TaskScheduler,Microsoft-Windows-TaskScheduler/Operational,3927,4,MsCtfMonitor task handler,6148,,,,,,,,,D04F65A9-BC74-4AD8-8923-427DCBB28701,\Microsoft\Windows\TextServicesFramework\MsCtfMonitor,,,ActionStart
2026-05-21T23:20:38.242645Z,119,dc.scaffold.htb,Microsoft-Windows-TaskScheduler,Microsoft-Windows-TaskScheduler/Operational,3928,4,,,F916798A-4564-43D0-96F1-688657580A02,,,,,,,,,\MicrosoftEdgeUpdateTaskMachineCore,,SCAFFOLD\Administrator,LogonTrigger
2026-05-21T23:20:38.252253Z,119,dc.scaffold.htb,Microsoft-Windows-TaskScheduler,Microsoft-Windows-TaskScheduler/Operational,3929,4,,,97D49EC2-8F6D-43E1-AF92-DCCE006F891C,,,,,,,,,\Microsoft\Windows\Plug and Play\Device Install Reboot Required,,SCAFFOLD\Administrator,LogonTrigger
2026-05-21T23:20:38.254634Z,129,dc.scaffold.htb,Microsoft-Windows-TaskScheduler,Microsoft-Windows-TaskScheduler/Operational,3930,4,,,,,taskhostw.exe,32,2788,,,,,\Microsoft\Windows\Plug and Play\Device Install Reboot Required,,,CreatedTaskProcess
2026-05-21T23:20:38.254941Z,100,dc.scaffold.htb,Microsoft-Windows-TaskScheduler,Microsoft-Windows-TaskScheduler/Operational,3931,4,,,97D49EC2-8F6D-43E1-AF92-DCCE006F891C,,,,,,,,,\Microsoft\Windows\Plug and Play\Device Install Reboot Required,SCAFFOLD\Administrator,,TaskStartEvent
2026-05-21T23:20:38.254943Z,200,dc.scaffold.htb,Microsoft-Windows-TaskScheduler,Microsoft-Windows-TaskScheduler/Operational,3932,4,Device Installation Reboot Dialog Task,2788,,,,,,,,,97D49EC2-8F6D-43E1-AF92-DCCE006F891C,\Microsoft\Windows\Plug and Play\Device Install Reboot Required,,,ActionStart
2026-05-21T23:20:38.285019Z,129,dc.scaffold.htb,Microsoft-Windows-TaskScheduler,Microsoft-Windows-TaskScheduler/Operational,3933,4,,,,,C:\Program Files (x86)\Microsoft\EdgeUpdate\MicrosoftEdgeUpdate.exe,32,5732,,,,,\MicrosoftEdgeUpdateTaskMachineCore,,,CreatedTaskProcess
2026-05-21T23:20:38.285148Z,100,dc.scaffold.htb,Microsoft-Windows-TaskScheduler,Microsoft-Windows-TaskScheduler/Operational,3934,4,,,F916798A-4564-43D0-96F1-688657580A02,,,,,,,,,\MicrosoftEdgeUpdateTaskMachineCore,NT AUTHORITY\SYSTEM,,TaskStartEvent
2026-05-21T23:20:38.285150Z,200,dc.scaffold.htb,Microsoft-Windows-TaskScheduler,Microsoft-Windows-TaskScheduler/Operational,3935,4,C:\Program Files (x86)\Microsoft\EdgeUpdate\MicrosoftEdgeUpdate.exe,5732,,,,,,,,,F916798A-4564-43D0-96F1-688657580A02,\MicrosoftEdgeUpdateTaskMachineCore,,,ActionStart
2026-05-21T23:20:38.321672Z,201,dc.scaffold.htb,Microsoft-Windows-TaskScheduler,Microsoft-Windows-TaskScheduler/Operational,3936,4,MsCtfMonitor task handler,6148,,,,,,,0,,D04F65A9-BC74-4AD8-8923-427DCBB28701,\Microsoft\Windows\TextServicesFramework\MsCtfMonitor,,,ActionSuccess
2026-05-21T23:20:38.321673Z,102,dc.scaffold.htb,Microsoft-Windows-TaskScheduler,Microsoft-Windows-TaskScheduler/Operational,3937,4,,,D04F65A9-BC74-4AD8-8923-427DCBB28701,,,,,,,,,\Microsoft\Windows\TextServicesFramework\MsCtfMonitor,SCAFFOLD\Administrator,,TaskSuccessEvent
2026-05-21T23:20:38.356608Z,129,dc.scaffold.htb,Microsoft-Windows-TaskScheduler,Microsoft-Windows-TaskScheduler/Operational,3938,4,,,,,taskhostw.exe,32,5348,,,,,\Microsoft\Windows\CertificateServicesClient\UserTask,,,CreatedTaskProcess
2026-05-21T23:20:38.356935Z,100,dc.scaffold.htb,Microsoft-Windows-TaskScheduler,Microsoft-Windows-TaskScheduler/Operational,3939,4,,,F3617169-85A1-4E97-87A6-FBE94577D5F9,,,,,,,,,\Microsoft\Windows\CertificateServicesClient\UserTask,SCAFFOLD\Administrator,,TaskStartEvent
2026-05-21T23:20:38.356937Z,200,dc.scaffold.htb,Microsoft-Windows-TaskScheduler,Microsoft-Windows-TaskScheduler/Operational,3940,4,Certificate Services Client Task Handler,5348,,,,,,,,,F3617169-85A1-4E97-87A6-FBE94577D5F9,\Microsoft\Windows\CertificateServicesClient\UserTask,,,ActionStart
2026-05-21T23:20:38.471415Z,100,dc.scaffold.htb,Microsoft-Windows-TaskScheduler,Microsoft-Windows-TaskScheduler/Operational,3941,4,,,0A179717-02DA-45CA-808A-A9ED00D48B05,,,,,,,,,\Microsoft\Windows\SoftwareProtectionPlatform\SvcRestartTaskLogon,SCAFFOLD\Administrator,,TaskStartEvent
2026-05-21T23:20:38.471417Z,200,dc.scaffold.htb,Microsoft-Windows-TaskScheduler,Microsoft-Windows-TaskScheduler/Operational,3942,4,SppSvcRestartTaskHandler Class,5348,,,,,,,,,0A179717-02DA-45CA-808A-A9ED00D48B05,\Microsoft\Windows\SoftwareProtectionPlatform\SvcRestartTaskLogon,,,ActionStart
2026-05-21T23:20:38.471724Z,100,dc.scaffold.htb,Microsoft-Windows-TaskScheduler,Microsoft-Windows-TaskScheduler/Operational,3943,4,,,5812ECD8-D708-43F9-A664-53A0C6962408,,,,,,,,,\Microsoft\Windows\WindowsColorSystem\Calibration Loader,SCAFFOLD\Administrator,,TaskStartEvent
2026-05-21T23:20:38.471726Z,200,dc.scaffold.htb,Microsoft-Windows-TaskScheduler,Microsoft-Windows-TaskScheduler/Operational,3944,4,Color Calibration Loader,5348,,,,,,,,,5812ECD8-D708-43F9-A664-53A0C6962408,\Microsoft\Windows\WindowsColorSystem\Calibration Loader,,,ActionStart
2026-05-21T23:20:38.472444Z,129,dc.scaffold.htb,Microsoft-Windows-TaskScheduler,Microsoft-Windows-TaskScheduler/Operational,3945,4,,,,,taskhostw.exe,32,1056,,,,,\Microsoft\Windows\Wininet\CacheTask,,,CreatedTaskProcess
2026-05-21T23:20:38.472811Z,100,dc.scaffold.htb,Microsoft-Windows-TaskScheduler,Microsoft-Windows-TaskScheduler/Operational,3946,4,,,F2F030CB-F406-4B82-9399-052113678A84,,,,,,,,,\Microsoft\Windows\Wininet\CacheTask,SCAFFOLD\Administrator,,TaskStartEvent
2026-05-21T23:20:38.472812Z,200,dc.scaffold.htb,Microsoft-Windows-TaskScheduler,Microsoft-Windows-TaskScheduler/Operational,3947,4,Wininet Cache task object,1056,,,,,,,,,F2F030CB-F406-4B82-9399-052113678A84,\Microsoft\Windows\Wininet\CacheTask,,,ActionStart
2026-05-21T23:20:38.504230Z,201,dc.scaffold.htb,Microsoft-Windows-TaskScheduler,Microsoft-Windows-TaskScheduler/Operational,3948,4,SppSvcRestartTaskHandler Class,5348,,,,,,,0,,0A179717-02DA-45CA-808A-A9ED00D48B05,\Microsoft\Windows\SoftwareProtectionPlatform\SvcRestartTaskLogon,,,ActionSuccess
2026-05-21T23:20:38.504231Z,102,dc.scaffold.htb,Microsoft-Windows-TaskScheduler,Microsoft-Windows-TaskScheduler/Operational,3949,4,,,0A179717-02DA-45CA-808A-A9ED00D48B05,,,,,,,,,\Microsoft\Windows\SoftwareProtectionPlatform\SvcRestartTaskLogon,SCAFFOLD\Administrator,,TaskSuccessEvent
2026-05-21T23:20:38.696971Z,141,dc.scaffold.htb,Microsoft-Windows-TaskScheduler,Microsoft-Windows-TaskScheduler/Operational,3950,4,,,,,,,,,,,,\CreateExplorerShellUnelevatedTask,,SCAFFOLD\Administrator,TaskDeleted
2026-05-21T23:20:38.713768Z,106,dc.scaffold.htb,Microsoft-Windows-TaskScheduler,Microsoft-Windows-TaskScheduler/Operational,3951,4,,,,,,,,,,,,\CreateExplorerShellUnelevatedTask,SCAFFOLD\Administrator,,TaskRegisteredEvent
2026-05-21T23:20:38.713770Z,140,dc.scaffold.htb,Microsoft-Windows-TaskScheduler,Microsoft-Windows-TaskScheduler/Operational,3952,4,,,,,,,,,,,,\CreateExplorerShellUnelevatedTask,,SCAFFOLD\Administrator,TaskUpdated
2026-05-21T23:20:38.716520Z,109,dc.scaffold.htb,Microsoft-Windows-TaskScheduler,Microsoft-Windows-TaskScheduler/Operational,3953,4,,,A27873D1-096B-4348-B2E2-00DA59800033,,,,,,,,,\CreateExplorerShellUnelevatedTask,,,RegistrationTriggerEvent
2026-05-21T23:20:38.723386Z,129,dc.scaffold.htb,Microsoft-Windows-TaskScheduler,Microsoft-Windows-TaskScheduler/Operational,3954,4,,,,,C:\Windows\Explorer.EXE,32,6508,,,,,\CreateExplorerShellUnelevatedTask,,,CreatedTaskProcess
2026-05-21T23:20:38.723627Z,100,dc.scaffold.htb,Microsoft-Windows-TaskScheduler,Microsoft-Windows-TaskScheduler/Operational,3955,4,,,A27873D1-096B-4348-B2E2-00DA59800033,,,,,,,,,\CreateExplorerShellUnelevatedTask,SCAFFOLD\Administrator,,TaskStartEvent
2026-05-21T23:20:38.723628Z,200,dc.scaffold.htb,Microsoft-Windows-TaskScheduler,Microsoft-Windows-TaskScheduler/Operational,3956,4,C:\Windows\Explorer.EXE,6508,,,,,,,,,A27873D1-096B-4348-B2E2-00DA59800033,\CreateExplorerShellUnelevatedTask,,,ActionStart
2026-05-21T23:20:38.806284Z,201,dc.scaffold.htb,Microsoft-Windows-TaskScheduler,Microsoft-Windows-TaskScheduler/Operational,3957,4,Certificate Services Client Task Handler,5348,,,,,,,0,,F3617169-85A1-4E97-87A6-FBE94577D5F9,\Microsoft\Windows\CertificateServicesClient\UserTask,,,ActionSuccess
2026-05-21T23:20:38.806286Z,102,dc.scaffold.htb,Microsoft-Windows-TaskScheduler,Microsoft-Windows-TaskScheduler/Operational,3958,4,,,F3617169-85A1-4E97-87A6-FBE94577D5F9,,,,,,,,,\Microsoft\Windows\CertificateServicesClient\UserTask,SCAFFOLD\Administrator,,TaskSuccessEvent
2026-05-21T23:20:38.835423Z,201,dc.scaffold.htb,Microsoft-Windows-TaskScheduler,Microsoft-Windows-TaskScheduler/Operational,3959,4,Device Installation Reboot Dialog Task,2788,,,,,,,0,,97D49EC2-8F6D-43E1-AF92-DCCE006F891C,\Microsoft\Windows\Plug and Play\Device Install Reboot Required,,,ActionSuccess
2026-05-21T23:20:38.835424Z,102,dc.scaffold.htb,Microsoft-Windows-TaskScheduler,Microsoft-Windows-TaskScheduler/Operational,3960,4,,,97D49EC2-8F6D-43E1-AF92-DCCE006F891C,,,,,,,,,\Microsoft\Windows\Plug and Play\Device Install Reboot Required,SCAFFOLD\Administrator,,TaskSuccessEvent
2026-05-21T23:20:38.936784Z,201,dc.scaffold.htb,Microsoft-Windows-TaskScheduler,Microsoft-Windows-TaskScheduler/Operational,3961,4,Color Calibration Loader,5348,,,,,,,0,,5812ECD8-D708-43F9-A664-53A0C6962408,\Microsoft\Windows\WindowsColorSystem\Calibration Loader,,,ActionSuccess
2026-05-21T23:20:38.936785Z,102,dc.scaffold.htb,Microsoft-Windows-TaskScheduler,Microsoft-Windows-TaskScheduler/Operational,3962,4,,,5812ECD8-D708-43F9-A664-53A0C6962408,,,,,,,,,\Microsoft\Windows\WindowsColorSystem\Calibration Loader,SCAFFOLD\Administrator,,TaskSuccessEvent
2026-05-21T23:20:40.804421Z,201,dc.scaffold.htb,Microsoft-Windows-TaskScheduler,Microsoft-Windows-TaskScheduler/Operational,3963,4,%windir%\system32\ServerManagerLauncher.exe,7160,,,,,,,0,,AD285717-B8B1-467A-B90E-2FE20BA48F5A,\Microsoft\Windows\Server Manager\ServerManager,,,ActionSuccess
2026-05-21T23:20:40.804646Z,102,dc.scaffold.htb,Microsoft-Windows-TaskScheduler,Microsoft-Windows-TaskScheduler/Operational,3964,4,,,AD285717-B8B1-467A-B90E-2FE20BA48F5A,,,,,,,,,\Microsoft\Windows\Server Manager\ServerManager,SCAFFOLD\Administrator,,TaskSuccessEvent
2026-05-21T23:21:03.396591Z,325,dc.scaffold.htb,Microsoft-Windows-TaskScheduler,Microsoft-Windows-TaskScheduler/Operational,3965,3,,,,,,,,43B79479-D869-41EC-8338-F3A7D37ADDE0,,,,\Microsoft\Windows\Shell\CreateObjectTask,,,TaskInstanceQueued
2026-05-21T23:21:03.398882Z,129,dc.scaffold.htb,Microsoft-Windows-TaskScheduler,Microsoft-Windows-TaskScheduler/Operational,3966,4,,,,,taskhostw.exe,16384,3040,,,,,\Microsoft\Windows\Shell\CreateObjectTask,,,CreatedTaskProcess
2026-05-21T23:21:03.399047Z,100,dc.scaffold.htb,Microsoft-Windows-TaskScheduler,Microsoft-Windows-TaskScheduler/Operational,3967,4,,,43B79479-D869-41EC-8338-F3A7D37ADDE0,,,,,,,,,\Microsoft\Windows\Shell\CreateObjectTask,NT AUTHORITY\SYSTEM,,TaskStartEvent
2026-05-21T23:21:03.399048Z,200,dc.scaffold.htb,Microsoft-Windows-TaskScheduler,Microsoft-Windows-TaskScheduler/Operational,3968,4,Shell Create Object Task Delegate,3040,,,,,,,,,43B79479-D869-41EC-8338-F3A7D37ADDE0,\Microsoft\Windows\Shell\CreateObjectTask,,,ActionStart
2026-05-21T23:21:03.399230Z,110,dc.scaffold.htb,Microsoft-Windows-TaskScheduler,Microsoft-Windows-TaskScheduler/Operational,3969,4,,,43B79479-D869-41EC-8338-F3A7D37ADDE0,,,,,,,,,\Microsoft\Windows\Shell\CreateObjectTask,System,,TaskRunEvent
2026-05-21T23:21:08.611342Z,140,dc.scaffold.htb,Microsoft-Windows-TaskScheduler,Microsoft-Windows-TaskScheduler/Operational,3970,4,,,,,,,,,,,,\Microsoft\Windows\Application Experience\PcaPatchDbTask,,SCAFFOLD\DC$,TaskUpdated
2026-05-21T23:21:08.729303Z,119,dc.scaffold.htb,Microsoft-Windows-TaskScheduler,Microsoft-Windows-TaskScheduler/Operational,3971,4,,,E7FABBE6-8422-4BB5-BE8C-B44C96F82D6E,,,,,,,,,\Microsoft\Windows\International\Synchronize Language Settings,,SCAFFOLD\Administrator,LogonTrigger
2026-05-21T23:21:08.730831Z,129,dc.scaffold.htb,Microsoft-Windows-TaskScheduler,Microsoft-Windows-TaskScheduler/Operational,3972,4,,,,,taskhostw.exe,32,7236,,,,,\Microsoft\Windows\International\Synchronize Language Settings,,,CreatedTaskProcess
2026-05-21T23:21:08.731042Z,100,dc.scaffold.htb,Microsoft-Windows-TaskScheduler,Microsoft-Windows-TaskScheduler/Operational,3973,4,,,E7FABBE6-8422-4BB5-BE8C-B44C96F82D6E,,,,,,,,,\Microsoft\Windows\International\Synchronize Language Settings,SCAFFOLD\Administrator,,TaskStartEvent
2026-05-21T23:21:08.731043Z,200,dc.scaffold.htb,Microsoft-Windows-TaskScheduler,Microsoft-Windows-TaskScheduler/Operational,3974,4,Sync Language Data From Cloud Task,7236,,,,,,,,,E7FABBE6-8422-4BB5-BE8C-B44C96F82D6E,\Microsoft\Windows\International\Synchronize Language Settings,,,ActionStart
2026-05-21T23:21:11.446547Z,140,dc.scaffold.htb,Microsoft-Windows-TaskScheduler,Microsoft-Windows-TaskScheduler/Operational,3975,4,,,,,,,,,,,,\Microsoft\Windows\UpdateOrchestrator\Schedule Scan,,S-1-5-18,TaskUpdated
2026-05-21T23:21:11.474056Z,140,dc.scaffold.htb,Microsoft-Windows-TaskScheduler,Microsoft-Windows-TaskScheduler/Operational,3976,4,,,,,,,,,,,,\Microsoft\Windows\UpdateOrchestrator\Schedule Scan,,SCAFFOLD\DC$,TaskUpdated
2026-05-21T23:21:33.392512Z,329,dc.scaffold.htb,Microsoft-Windows-TaskScheduler,Microsoft-Windows-TaskScheduler/Operational,3977,4,,,,,,,,,,,43B79479-D869-41EC-8338-F3A7D37ADDE0,\Microsoft\Windows\Shell\CreateObjectTask,,,StoppedOnTimeout
2026-05-21T23:21:38.731855Z,119,dc.scaffold.htb,Microsoft-Windows-TaskScheduler,Microsoft-Windows-TaskScheduler/Operational,3978,4,,,324FD373-2376-42FF-99C9-0056556A3F91,,,,,,,,,\Microsoft\Windows\Workplace Join\Automatic-Device-Join,,SCAFFOLD\Administrator,LogonTrigger
2026-05-21T23:21:38.733199Z,129,dc.scaffold.htb,Microsoft-Windows-TaskScheduler,Microsoft-Windows-TaskScheduler/Operational,3979,4,,,,,%SystemRoot%\System32\dsregcmd.exe,16384,7660,,,,,\Microsoft\Windows\Workplace Join\Automatic-Device-Join,,,CreatedTaskProcess
2026-05-21T23:21:38.733315Z,100,dc.scaffold.htb,Microsoft-Windows-TaskScheduler,Microsoft-Windows-TaskScheduler/Operational,3980,4,,,324FD373-2376-42FF-99C9-0056556A3F91,,,,,,,,,\Microsoft\Windows\Workplace Join\Automatic-Device-Join,NT AUTHORITY\SYSTEM,,TaskStartEvent
2026-05-21T23:21:38.733317Z,200,dc.scaffold.htb,Microsoft-Windows-TaskScheduler,Microsoft-Windows-TaskScheduler/Operational,3981,4,%SystemRoot%\System32\dsregcmd.exe,7660,,,,,,,,,324FD373-2376-42FF-99C9-0056556A3F91,\Microsoft\Windows\Workplace Join\Automatic-Device-Join,,,ActionStart
2026-05-21T23:21:38.793303Z,201,dc.scaffold.htb,Microsoft-Windows-TaskScheduler,Microsoft-Windows-TaskScheduler/Operational,3982,4,%SystemRoot%\System32\dsregcmd.exe,7660,,,,,,,2147942401,,324FD373-2376-42FF-99C9-0056556A3F91,\Microsoft\Windows\Workplace Join\Automatic-Device-Join,,,ActionSuccess
2026-05-21T23:21:38.793422Z,102,dc.scaffold.htb,Microsoft-Windows-TaskScheduler,Microsoft-Windows-TaskScheduler/Operational,3983,4,,,324FD373-2376-42FF-99C9-0056556A3F91,,,,,,,,,\Microsoft\Windows\Workplace Join\Automatic-Device-Join,NT AUTHORITY\SYSTEM,,TaskSuccessEvent
2026-05-21T23:21:43.283940Z,202,dc.scaffold.htb,Microsoft-Windows-TaskScheduler,Microsoft-Windows-TaskScheduler/Operational,3984,2,Sync Language Data From Cloud Task,7236,,,,,,,2147746053,,E7FABBE6-8422-4BB5-BE8C-B44C96F82D6E,\Microsoft\Windows\International\Synchronize Language Settings,,,ActionFailure
2026-05-21T23:21:43.283945Z,103,dc.scaffold.htb,Microsoft-Windows-TaskScheduler,Microsoft-Windows-TaskScheduler/Operational,3985,2,,,E7FABBE6-8422-4BB5-BE8C-B44C96F82D6E,,,,,,2147746053,,,\Microsoft\Windows\International\Synchronize Language Settings,SCAFFOLD\Administrator,,TaskFailureEvent
2026-05-21T23:21:59.246817Z,118,dc.scaffold.htb,Microsoft-Windows-TaskScheduler,Microsoft-Windows-TaskScheduler/Operational,3986,4,,,6220CAFD-4BC6-43CC-A781-19718C0B32E4,,,,,,,,,\Microsoft\Windows\Windows Error Reporting\QueueReporting,,,BootTrigger
2026-05-21T23:21:59.256240Z,129,dc.scaffold.htb,Microsoft-Windows-TaskScheduler,Microsoft-Windows-TaskScheduler/Operational,3987,4,,,,,taskhostw.exe,16384,7876,,,,,\Microsoft\Windows\Flighting\FeatureConfig\ReconcileFeatures,,,CreatedTaskProcess
2026-05-21T23:21:59.256931Z,100,dc.scaffold.htb,Microsoft-Windows-TaskScheduler,Microsoft-Windows-TaskScheduler/Operational,3988,4,,,1715F5D7-F7B0-48B4-BF57-7F60E29BEBE4,,,,,,,,,\Microsoft\Windows\Flighting\FeatureConfig\ReconcileFeatures,NT AUTHORITY\SYSTEM,,TaskStartEvent
2026-05-21T23:21:59.256935Z,200,dc.scaffold.htb,Microsoft-Windows-TaskScheduler,Microsoft-Windows-TaskScheduler/Operational,3989,4,Feature Configuration Reconciliation Task Handler,7876,,,,,,,,,1715F5D7-F7B0-48B4-BF57-7F60E29BEBE4,\Microsoft\Windows\Flighting\FeatureConfig\ReconcileFeatures,,,ActionStart
2026-05-21T23:21:59.269935Z,129,dc.scaffold.htb,Microsoft-Windows-TaskScheduler,Microsoft-Windows-TaskScheduler/Operational,3990,4,,,,,%windir%\system32\wermgr.exe,16384,7888,,,,,\Microsoft\Windows\Windows Error Reporting\QueueReporting,,,CreatedTaskProcess
2026-05-21T23:21:59.270132Z,100,dc.scaffold.htb,Microsoft-Windows-TaskScheduler,Microsoft-Windows-TaskScheduler/Operational,3991,4,,,6220CAFD-4BC6-43CC-A781-19718C0B32E4,,,,,,,,,\Microsoft\Windows\Windows Error Reporting\QueueReporting,NT AUTHORITY\SYSTEM,,TaskStartEvent
2026-05-21T23:21:59.270134Z,200,dc.scaffold.htb,Microsoft-Windows-TaskScheduler,Microsoft-Windows-TaskScheduler/Operational,3992,4,%windir%\system32\wermgr.exe,7888,,,,,,,,,6220CAFD-4BC6-43CC-A781-19718C0B32E4,\Microsoft\Windows\Windows Error Reporting\QueueReporting,,,ActionStart
2026-05-21T23:21:59.297812Z,201,dc.scaffold.htb,Microsoft-Windows-TaskScheduler,Microsoft-Windows-TaskScheduler/Operational,3993,4,Feature Configuration Reconciliation Task Handler,7876,,,,,,,0,,1715F5D7-F7B0-48B4-BF57-7F60E29BEBE4,\Microsoft\Windows\Flighting\FeatureConfig\ReconcileFeatures,,,ActionSuccess
2026-05-21T23:21:59.297814Z,102,dc.scaffold.htb,Microsoft-Windows-TaskScheduler,Microsoft-Windows-TaskScheduler/Operational,3994,4,,,1715F5D7-F7B0-48B4-BF57-7F60E29BEBE4,,,,,,,,,\Microsoft\Windows\Flighting\FeatureConfig\ReconcileFeatures,NT AUTHORITY\SYSTEM,,TaskSuccessEvent
2026-05-21T23:22:08.608750Z,201,dc.scaffold.htb,Microsoft-Windows-TaskScheduler,Microsoft-Windows-TaskScheduler/Operational,3995,4,%windir%\system32\wermgr.exe,7888,,,,,,,0,,6220CAFD-4BC6-43CC-A781-19718C0B32E4,\Microsoft\Windows\Windows Error Reporting\QueueReporting,,,ActionSuccess
2026-05-21T23:22:08.608861Z,102,dc.scaffold.htb,Microsoft-Windows-TaskScheduler,Microsoft-Windows-TaskScheduler/Operational,3996,4,,,6220CAFD-4BC6-43CC-A781-19718C0B32E4,,,,,,,,,\Microsoft\Windows\Windows Error Reporting\QueueReporting,NT AUTHORITY\SYSTEM,,TaskSuccessEvent
2026-05-21T23:25:51.395536Z,114,dc.scaffold.htb,Microsoft-Windows-TaskScheduler,Microsoft-Windows-TaskScheduler/Operational,3997,3,,,9CADD8FA-1C49-4AFA-BB15-4063A57F9EC0,,,,,,,,,\Microsoft\Windows\Windows Error Reporting\QueueReporting,,,MissedTaskLaunched
2026-05-21T23:25:51.395774Z,114,dc.scaffold.htb,Microsoft-Windows-TaskScheduler,Microsoft-Windows-TaskScheduler/Operational,3998,3,,,041C9809-D3CF-4A3D-8D88-A73CE358489E,,,,,,,,,\Microsoft\Windows\Data Integrity Scan\Data Integrity Check And Scan,,,MissedTaskLaunched
2026-05-21T23:25:51.396138Z,114,dc.scaffold.htb,Microsoft-Windows-TaskScheduler,Microsoft-Windows-TaskScheduler/Operational,3999,3,,,03FB15AD-B210-46CE-9DC1-2F05F9706989,,,,,,,,,\MicrosoftEdgeUpdateTaskMachineCore,,,MissedTaskLaunched
2026-05-21T23:25:51.396457Z,114,dc.scaffold.htb,Microsoft-Windows-TaskScheduler,Microsoft-Windows-TaskScheduler/Operational,4000,3,,,D4240136-7B4F-4695-8EC9-A703EC832425,,,,,,,,,\Microsoft\Windows\Customer Experience Improvement Program\Consolidator,,,MissedTaskLaunched
2026-05-21T23:25:51.401895Z,129,dc.scaffold.htb,Microsoft-Windows-TaskScheduler,Microsoft-Windows-TaskScheduler/Operational,4001,4,,,,,taskhostw.exe,16384,6012,,,,,\Microsoft\Windows\Data Integrity Scan\Data Integrity Check And Scan,,,CreatedTaskProcess
2026-05-21T23:25:51.403372Z,100,dc.scaffold.htb,Microsoft-Windows-TaskScheduler,Microsoft-Windows-TaskScheduler/Operational,4002,4,,,041C9809-D3CF-4A3D-8D88-A73CE358489E,,,,,,,,,\Microsoft\Windows\Data Integrity Scan\Data Integrity Check And Scan,NT AUTHORITY\SYSTEM,,TaskStartEvent
2026-05-21T23:25:51.403377Z,200,dc.scaffold.htb,Microsoft-Windows-TaskScheduler,Microsoft-Windows-TaskScheduler/Operational,4003,4,Data Integrity Scan,6012,,,,,,,,,041C9809-D3CF-4A3D-8D88-A73CE358489E,\Microsoft\Windows\Data Integrity Scan\Data Integrity Check And Scan,,,ActionStart
2026-05-21T23:25:51.403568Z,129,dc.scaffold.htb,Microsoft-Windows-TaskScheduler,Microsoft-Windows-TaskScheduler/Operational,4004,4,,,,,%windir%\system32\wermgr.exe,16384,488,,,,,\Microsoft\Windows\Windows Error Reporting\QueueReporting,,,CreatedTaskProcess
2026-05-21T23:25:51.403603Z,129,dc.scaffold.htb,Microsoft-Windows-TaskScheduler,Microsoft-Windows-TaskScheduler/Operational,4005,4,,,,,C:\Program Files (x86)\Microsoft\EdgeUpdate\MicrosoftEdgeUpdate.exe,32,7636,,,,,\MicrosoftEdgeUpdateTaskMachineCore,,,CreatedTaskProcess
2026-05-21T23:25:51.404204Z,100,dc.scaffold.htb,Microsoft-Windows-TaskScheduler,Microsoft-Windows-TaskScheduler/Operational,4006,4,,,9CADD8FA-1C49-4AFA-BB15-4063A57F9EC0,,,,,,,,,\Microsoft\Windows\Windows Error Reporting\QueueReporting,NT AUTHORITY\SYSTEM,,TaskStartEvent
2026-05-21T23:25:51.404209Z,200,dc.scaffold.htb,Microsoft-Windows-TaskScheduler,Microsoft-Windows-TaskScheduler/Operational,4007,4,%windir%\system32\wermgr.exe,488,,,,,,,,,9CADD8FA-1C49-4AFA-BB15-4063A57F9EC0,\Microsoft\Windows\Windows Error Reporting\QueueReporting,,,ActionStart
2026-05-21T23:25:51.404921Z,100,dc.scaffold.htb,Microsoft-Windows-TaskScheduler,Microsoft-Windows-TaskScheduler/Operational,4008,4,,,03FB15AD-B210-46CE-9DC1-2F05F9706989,,,,,,,,,\MicrosoftEdgeUpdateTaskMachineCore,NT AUTHORITY\SYSTEM,,TaskStartEvent
2026-05-21T23:25:51.404927Z,200,dc.scaffold.htb,Microsoft-Windows-TaskScheduler,Microsoft-Windows-TaskScheduler/Operational,4009,4,C:\Program Files (x86)\Microsoft\EdgeUpdate\MicrosoftEdgeUpdate.exe,7636,,,,,,,,,03FB15AD-B210-46CE-9DC1-2F05F9706989,\MicrosoftEdgeUpdateTaskMachineCore,,,ActionStart
2026-05-21T23:25:51.406133Z,114,dc.scaffold.htb,Microsoft-Windows-TaskScheduler,Microsoft-Windows-TaskScheduler/Operational,4010,3,,,47365284-53AE-452E-8907-6F219156E6C5,,,,,,,,,\Microsoft\Windows\Device Information\Device,,,MissedTaskLaunched
2026-05-21T23:25:51.406397Z,114,dc.scaffold.htb,Microsoft-Windows-TaskScheduler,Microsoft-Windows-TaskScheduler/Operational,4011,3,,,7DC0068E-4DC3-4486-BDC9-6FF5D39B26ED,,,,,,,,,\Microsoft\Windows\UpdateOrchestrator\USO_UxBroker,,,MissedTaskLaunched
2026-05-21T23:25:51.407771Z,114,dc.scaffold.htb,Microsoft-Windows-TaskScheduler,Microsoft-Windows-TaskScheduler/Operational,4012,3,,,CD884FE5-3F6D-4240-8A05-545C9DA67736,,,,,,,,,\Microsoft\Windows\Application Experience\Microsoft Compatibility Appraiser,,,MissedTaskLaunched
2026-05-21T23:25:51.410686Z,129,dc.scaffold.htb,Microsoft-Windows-TaskScheduler,Microsoft-Windows-TaskScheduler/Operational,4013,4,,,,,%SystemRoot%\System32\wsqmcons.exe,16384,2208,,,,,\Microsoft\Windows\Customer Experience Improvement Program\Consolidator,,,CreatedTaskProcess
2026-05-21T23:25:51.410832Z,100,dc.scaffold.htb,Microsoft-Windows-TaskScheduler,Microsoft-Windows-TaskScheduler/Operational,4014,4,,,D4240136-7B4F-4695-8EC9-A703EC832425,,,,,,,,,\Microsoft\Windows\Customer Experience Improvement Program\Consolidator,NT AUTHORITY\SYSTEM,,TaskStartEvent
2026-05-21T23:25:51.410834Z,200,dc.scaffold.htb,Microsoft-Windows-TaskScheduler,Microsoft-Windows-TaskScheduler/Operational,4015,4,%SystemRoot%\System32\wsqmcons.exe,2208,,,,,,,,,D4240136-7B4F-4695-8EC9-A703EC832425,\Microsoft\Windows\Customer Experience Improvement Program\Consolidator,,,ActionStart
2026-05-21T23:25:51.411258Z,129,dc.scaffold.htb,Microsoft-Windows-TaskScheduler,Microsoft-Windows-TaskScheduler/Operational,4016,4,,,,,%windir%\system32\devicecensus.exe,16384,4416,,,,,\Microsoft\Windows\Device Information\Device,,,CreatedTaskProcess
2026-05-21T23:25:51.411373Z,100,dc.scaffold.htb,Microsoft-Windows-TaskScheduler,Microsoft-Windows-TaskScheduler/Operational,4017,4,,,47365284-53AE-452E-8907-6F219156E6C5,,,,,,,,,\Microsoft\Windows\Device Information\Device,NT AUTHORITY\SYSTEM,,TaskStartEvent
2026-05-21T23:25:51.411374Z,200,dc.scaffold.htb,Microsoft-Windows-TaskScheduler,Microsoft-Windows-TaskScheduler/Operational,4018,4,%windir%\system32\devicecensus.exe,4416,,,,,,,,,47365284-53AE-452E-8907-6F219156E6C5,\Microsoft\Windows\Device Information\Device,,,ActionStart
2026-05-21T23:25:51.411490Z,114,dc.scaffold.htb,Microsoft-Windows-TaskScheduler,Microsoft-Windows-TaskScheduler/Operational,4019,3,,,2DA7BF17-AEA4-4F09-AF1D-579DF6C637F9,,,,,,,,,\MicrosoftEdgeUpdateTaskMachineUA,,,MissedTaskLaunched
2026-05-21T23:25:51.411627Z,114,dc.scaffold.htb,Microsoft-Windows-TaskScheduler,Microsoft-Windows-TaskScheduler/Operational,4020,3,,,F3468734-5AD3-43C3-A377-E627897731F9,,,,,,,,,\Microsoft\Windows\WindowsUpdate\Scheduled Start,,,MissedTaskLaunched
2026-05-21T23:25:51.412616Z,129,dc.scaffold.htb,Microsoft-Windows-TaskScheduler,Microsoft-Windows-TaskScheduler/Operational,4021,4,,,,,%systemroot%\system32\MusNotification.exe,16384,7936,,,,,\Microsoft\Windows\UpdateOrchestrator\USO_UxBroker,,,CreatedTaskProcess
2026-05-21T23:25:51.412747Z,129,dc.scaffold.htb,Microsoft-Windows-TaskScheduler,Microsoft-Windows-TaskScheduler/Operational,4022,4,,,,,%windir%\system32\compattelrunner.exe,16384,7900,,,,,\Microsoft\Windows\Application Experience\Microsoft Compatibility Appraiser,,,CreatedTaskProcess
2026-05-21T23:25:51.412880Z,100,dc.scaffold.htb,Microsoft-Windows-TaskScheduler,Microsoft-Windows-TaskScheduler/Operational,4023,4,,,7DC0068E-4DC3-4486-BDC9-6FF5D39B26ED,,,,,,,,,\Microsoft\Windows\UpdateOrchestrator\USO_UxBroker,NT AUTHORITY\SYSTEM,,TaskStartEvent
2026-05-21T23:25:51.412894Z,200,dc.scaffold.htb,Microsoft-Windows-TaskScheduler,Microsoft-Windows-TaskScheduler/Operational,4024,4,%systemroot%\system32\MusNotification.exe,7936,,,,,,,,,7DC0068E-4DC3-4486-BDC9-6FF5D39B26ED,\Microsoft\Windows\UpdateOrchestrator\USO_UxBroker,,,ActionStart
2026-05-21T23:25:51.413152Z,100,dc.scaffold.htb,Microsoft-Windows-TaskScheduler,Microsoft-Windows-TaskScheduler/Operational,4025,4,,,CD884FE5-3F6D-4240-8A05-545C9DA67736,,,,,,,,,\Microsoft\Windows\Application Experience\Microsoft Compatibility Appraiser,NT AUTHORITY\SYSTEM,,TaskStartEvent
2026-05-21T23:25:51.413153Z,200,dc.scaffold.htb,Microsoft-Windows-TaskScheduler,Microsoft-Windows-TaskScheduler/Operational,4026,4,%windir%\system32\compattelrunner.exe,7900,,,,,,,,,CD884FE5-3F6D-4240-8A05-545C9DA67736,\Microsoft\Windows\Application Experience\Microsoft Compatibility Appraiser,,,ActionStart
2026-05-21T23:25:51.413313Z,114,dc.scaffold.htb,Microsoft-Windows-TaskScheduler,Microsoft-Windows-TaskScheduler/Operational,4027,3,,,A307116B-910C-448B-BBD5-50BDC6955713,,,,,,,,,\Microsoft\Windows\Flighting\OneSettings\RefreshCache,,,MissedTaskLaunched
2026-05-21T23:25:51.413356Z,129,dc.scaffold.htb,Microsoft-Windows-TaskScheduler,Microsoft-Windows-TaskScheduler/Operational,4028,4,,,,,C:\Program Files (x86)\Microsoft\EdgeUpdate\MicrosoftEdgeUpdate.exe,32,7884,,,,,\MicrosoftEdgeUpdateTaskMachineUA,,,CreatedTaskProcess
2026-05-21T23:25:51.413428Z,114,dc.scaffold.htb,Microsoft-Windows-TaskScheduler,Microsoft-Windows-TaskScheduler/Operational,4029,3,,,0FABBFA4-9EBC-46EA-9545-C16E32493DC5,,,,,,,,,\Microsoft\Windows\Application Experience\PcaPatchDbTask,,,MissedTaskLaunched
2026-05-21T23:25:51.413469Z,100,dc.scaffold.htb,Microsoft-Windows-TaskScheduler,Microsoft-Windows-TaskScheduler/Operational,4030,4,,,A307116B-910C-448B-BBD5-50BDC6955713,,,,,,,,,\Microsoft\Windows\Flighting\OneSettings\RefreshCache,NT AUTHORITY\SYSTEM,,TaskStartEvent
2026-05-21T23:25:51.413470Z,200,dc.scaffold.htb,Microsoft-Windows-TaskScheduler,Microsoft-Windows-TaskScheduler/Operational,4031,4,OneSettings Refresh Cache Task Handler,6012,,,,,,,,,A307116B-910C-448B-BBD5-50BDC6955713,\Microsoft\Windows\Flighting\OneSettings\RefreshCache,,,ActionStart
2026-05-21T23:25:51.413669Z,129,dc.scaffold.htb,Microsoft-Windows-TaskScheduler,Microsoft-Windows-TaskScheduler/Operational,4032,4,,,,,C:\Windows\system32\sc.exe,16384,7928,,,,,\Microsoft\Windows\WindowsUpdate\Scheduled Start,,,CreatedTaskProcess
2026-05-21T23:25:51.413718Z,100,dc.scaffold.htb,Microsoft-Windows-TaskScheduler,Microsoft-Windows-TaskScheduler/Operational,4033,4,,,2DA7BF17-AEA4-4F09-AF1D-579DF6C637F9,,,,,,,,,\MicrosoftEdgeUpdateTaskMachineUA,NT AUTHORITY\SYSTEM,,TaskStartEvent
2026-05-21T23:25:51.413719Z,200,dc.scaffold.htb,Microsoft-Windows-TaskScheduler,Microsoft-Windows-TaskScheduler/Operational,4034,4,C:\Program Files (x86)\Microsoft\EdgeUpdate\MicrosoftEdgeUpdate.exe,7884,,,,,,,,,2DA7BF17-AEA4-4F09-AF1D-579DF6C637F9,\MicrosoftEdgeUpdateTaskMachineUA,,,ActionStart
2026-05-21T23:25:51.413793Z,100,dc.scaffold.htb,Microsoft-Windows-TaskScheduler,Microsoft-Windows-TaskScheduler/Operational,4035,4,,,F3468734-5AD3-43C3-A377-E627897731F9,,,,,,,,,\Microsoft\Windows\WindowsUpdate\Scheduled Start,NT AUTHORITY\SYSTEM,,TaskStartEvent
2026-05-21T23:25:51.413794Z,200,dc.scaffold.htb,Microsoft-Windows-TaskScheduler,Microsoft-Windows-TaskScheduler/Operational,4036,4,C:\Windows\system32\sc.exe,7928,,,,,,,,,F3468734-5AD3-43C3-A377-E627897731F9,\Microsoft\Windows\WindowsUpdate\Scheduled Start,,,ActionStart
2026-05-21T23:25:51.413815Z,114,dc.scaffold.htb,Microsoft-Windows-TaskScheduler,Microsoft-Windows-TaskScheduler/Operational,4037,3,,,7DA61D3E-D039-477B-B301-61DAA3B131D6,,,,,,,,,\Microsoft\Windows\UpdateOrchestrator\Schedule Scan,,,MissedTaskLaunched
2026-05-21T23:25:51.414938Z,129,dc.scaffold.htb,Microsoft-Windows-TaskScheduler,Microsoft-Windows-TaskScheduler/Operational,4038,4,,,,,%windir%\system32\rundll32.exe,16384,8000,,,,,\Microsoft\Windows\Application Experience\PcaPatchDbTask,,,CreatedTaskProcess
2026-05-21T23:25:51.415026Z,100,dc.scaffold.htb,Microsoft-Windows-TaskScheduler,Microsoft-Windows-TaskScheduler/Operational,4039,4,,,0FABBFA4-9EBC-46EA-9545-C16E32493DC5,,,,,,,,,\Microsoft\Windows\Application Experience\PcaPatchDbTask,NT AUTHORITY\SYSTEM,,TaskStartEvent
2026-05-21T23:25:51.415027Z,200,dc.scaffold.htb,Microsoft-Windows-TaskScheduler,Microsoft-Windows-TaskScheduler/Operational,4040,4,%windir%\system32\rundll32.exe,8000,,,,,,,,,0FABBFA4-9EBC-46EA-9545-C16E32493DC5,\Microsoft\Windows\Application Experience\PcaPatchDbTask,,,ActionStart
2026-05-21T23:25:51.416908Z,129,dc.scaffold.htb,Microsoft-Windows-TaskScheduler,Microsoft-Windows-TaskScheduler/Operational,4041,4,,,,,%systemroot%\system32\usoclient.exe,16384,7800,,,,,\Microsoft\Windows\UpdateOrchestrator\Schedule Scan,,,CreatedTaskProcess
2026-05-21T23:25:51.417012Z,100,dc.scaffold.htb,Microsoft-Windows-TaskScheduler,Microsoft-Windows-TaskScheduler/Operational,4042,4,,,7DA61D3E-D039-477B-B301-61DAA3B131D6,,,,,,,,,\Microsoft\Windows\UpdateOrchestrator\Schedule Scan,NT AUTHORITY\SYSTEM,,TaskStartEvent
2026-05-21T23:25:51.417013Z,200,dc.scaffold.htb,Microsoft-Windows-TaskScheduler,Microsoft-Windows-TaskScheduler/Operational,4043,4,%systemroot%\system32\usoclient.exe,7800,,,,,,,,,7DA61D3E-D039-477B-B301-61DAA3B131D6,\Microsoft\Windows\UpdateOrchestrator\Schedule Scan,,,ActionStart
2026-05-21T23:25:51.437241Z,201,dc.scaffold.htb,Microsoft-Windows-TaskScheduler,Microsoft-Windows-TaskScheduler/Operational,4044,4,C:\Program Files (x86)\Microsoft\EdgeUpdate\MicrosoftEdgeUpdate.exe,7636,,,,,,,0,,03FB15AD-B210-46CE-9DC1-2F05F9706989,\MicrosoftEdgeUpdateTaskMachineCore,,,ActionSuccess
2026-05-21T23:25:51.437489Z,102,dc.scaffold.htb,Microsoft-Windows-TaskScheduler,Microsoft-Windows-TaskScheduler/Operational,4045,4,,,03FB15AD-B210-46CE-9DC1-2F05F9706989,,,,,,,,,\MicrosoftEdgeUpdateTaskMachineCore,NT AUTHORITY\SYSTEM,,TaskSuccessEvent
2026-05-21T23:25:51.439379Z,201,dc.scaffold.htb,Microsoft-Windows-TaskScheduler,Microsoft-Windows-TaskScheduler/Operational,4046,4,%SystemRoot%\System32\wsqmcons.exe,2208,,,,,,,0,,D4240136-7B4F-4695-8EC9-A703EC832425,\Microsoft\Windows\Customer Experience Improvement Program\Consolidator,,,ActionSuccess
2026-05-21T23:25:51.439620Z,102,dc.scaffold.htb,Microsoft-Windows-TaskScheduler,Microsoft-Windows-TaskScheduler/Operational,4047,4,,,D4240136-7B4F-4695-8EC9-A703EC832425,,,,,,,,,\Microsoft\Windows\Customer Experience Improvement Program\Consolidator,NT AUTHORITY\SYSTEM,,TaskSuccessEvent
2026-05-21T23:25:51.471140Z,140,dc.scaffold.htb,Microsoft-Windows-TaskScheduler,Microsoft-Windows-TaskScheduler/Operational,4048,4,,,,,,,,,,,,\Microsoft\Windows\Data Integrity Scan\Data Integrity Check And Scan,,SCAFFOLD\DC$,TaskUpdated
2026-05-21T23:25:51.487025Z,140,dc.scaffold.htb,Microsoft-Windows-TaskScheduler,Microsoft-Windows-TaskScheduler/Operational,4049,4,,,,,,,,,,,,\Microsoft\Windows\Data Integrity Scan\Data Integrity Check And Scan,,SCAFFOLD\DC$,TaskUpdated
2026-05-21T23:25:51.487877Z,201,dc.scaffold.htb,Microsoft-Windows-TaskScheduler,Microsoft-Windows-TaskScheduler/Operational,4050,4,Data Integrity Scan,6012,,,,,,,0,,041C9809-D3CF-4A3D-8D88-A73CE358489E,\Microsoft\Windows\Data Integrity Scan\Data Integrity Check And Scan,,,ActionSuccess
2026-05-21T23:25:51.487879Z,102,dc.scaffold.htb,Microsoft-Windows-TaskScheduler,Microsoft-Windows-TaskScheduler/Operational,4051,4,,,041C9809-D3CF-4A3D-8D88-A73CE358489E,,,,,,,,,\Microsoft\Windows\Data Integrity Scan\Data Integrity Check And Scan,NT AUTHORITY\SYSTEM,,TaskSuccessEvent
2026-05-21T23:25:51.529892Z,201,dc.scaffold.htb,Microsoft-Windows-TaskScheduler,Microsoft-Windows-TaskScheduler/Operational,4052,4,C:\Windows\system32\sc.exe,7928,,,,,,,2147943456,,F3468734-5AD3-43C3-A377-E627897731F9,\Microsoft\Windows\WindowsUpdate\Scheduled Start,,,ActionSuccess
2026-05-21T23:25:51.530011Z,102,dc.scaffold.htb,Microsoft-Windows-TaskScheduler,Microsoft-Windows-TaskScheduler/Operational,4053,4,,,F3468734-5AD3-43C3-A377-E627897731F9,,,,,,,,,\Microsoft\Windows\WindowsUpdate\Scheduled Start,NT AUTHORITY\SYSTEM,,TaskSuccessEvent
2026-05-21T23:25:51.573405Z,201,dc.scaffold.htb,Microsoft-Windows-TaskScheduler,Microsoft-Windows-TaskScheduler/Operational,4054,4,%systemroot%\system32\usoclient.exe,7800,,,,,,,0,,7DA61D3E-D039-477B-B301-61DAA3B131D6,\Microsoft\Windows\UpdateOrchestrator\Schedule Scan,,,ActionSuccess
2026-05-21T23:25:51.573624Z,102,dc.scaffold.htb,Microsoft-Windows-TaskScheduler,Microsoft-Windows-TaskScheduler/Operational,4055,4,,,7DA61D3E-D039-477B-B301-61DAA3B131D6,,,,,,,,,\Microsoft\Windows\UpdateOrchestrator\Schedule Scan,NT AUTHORITY\SYSTEM,,TaskSuccessEvent
2026-05-21T23:25:52.397720Z,201,dc.scaffold.htb,Microsoft-Windows-TaskScheduler,Microsoft-Windows-TaskScheduler/Operational,4056,4,%systemroot%\system32\MusNotification.exe,7936,,,,,,,0,,7DC0068E-4DC3-4486-BDC9-6FF5D39B26ED,\Microsoft\Windows\UpdateOrchestrator\USO_UxBroker,,,ActionSuccess
2026-05-21T23:25:52.397980Z,102,dc.scaffold.htb,Microsoft-Windows-TaskScheduler,Microsoft-Windows-TaskScheduler/Operational,4057,4,,,7DC0068E-4DC3-4486-BDC9-6FF5D39B26ED,,,,,,,,,\Microsoft\Windows\UpdateOrchestrator\USO_UxBroker,NT AUTHORITY\SYSTEM,,TaskSuccessEvent
2026-05-21T23:26:00.737778Z,201,dc.scaffold.htb,Microsoft-Windows-TaskScheduler,Microsoft-Windows-TaskScheduler/Operational,4058,4,%windir%\system32\rundll32.exe,8000,,,,,,,0,,0FABBFA4-9EBC-46EA-9545-C16E32493DC5,\Microsoft\Windows\Application Experience\PcaPatchDbTask,,,ActionSuccess
2026-05-21T23:26:00.738029Z,102,dc.scaffold.htb,Microsoft-Windows-TaskScheduler,Microsoft-Windows-TaskScheduler/Operational,4059,4,,,0FABBFA4-9EBC-46EA-9545-C16E32493DC5,,,,,,,,,\Microsoft\Windows\Application Experience\PcaPatchDbTask,NT AUTHORITY\SYSTEM,,TaskSuccessEvent
2026-05-21T23:26:00.758281Z,202,dc.scaffold.htb,Microsoft-Windows-TaskScheduler,Microsoft-Windows-TaskScheduler/Operational,4060,2,OneSettings Refresh Cache Task Handler,6012,,,,,,,2147954407,,A307116B-910C-448B-BBD5-50BDC6955713,\Microsoft\Windows\Flighting\OneSettings\RefreshCache,,,ActionFailure
2026-05-21T23:26:00.758282Z,103,dc.scaffold.htb,Microsoft-Windows-TaskScheduler,Microsoft-Windows-TaskScheduler/Operational,4061,2,,,A307116B-910C-448B-BBD5-50BDC6955713,,,,,,2147954407,,,\Microsoft\Windows\Flighting\OneSettings\RefreshCache,NT AUTHORITY\SYSTEM,,TaskFailureEvent
2026-05-21T23:26:00.813967Z,201,dc.scaffold.htb,Microsoft-Windows-TaskScheduler,Microsoft-Windows-TaskScheduler/Operational,4062,4,%windir%\system32\wermgr.exe,488,,,,,,,0,,9CADD8FA-1C49-4AFA-BB15-4063A57F9EC0,\Microsoft\Windows\Windows Error Reporting\QueueReporting,,,ActionSuccess
2026-05-21T23:26:00.814192Z,102,dc.scaffold.htb,Microsoft-Windows-TaskScheduler,Microsoft-Windows-TaskScheduler/Operational,4063,4,,,9CADD8FA-1C49-4AFA-BB15-4063A57F9EC0,,,,,,,,,\Microsoft\Windows\Windows Error Reporting\QueueReporting,NT AUTHORITY\SYSTEM,,TaskSuccessEvent
2026-05-21T23:26:00.829131Z,129,dc.scaffold.htb,Microsoft-Windows-TaskScheduler,Microsoft-Windows-TaskScheduler/Operational,4064,4,,,,,taskhostw.exe,16384,2060,,,,,\Microsoft\Windows\Flighting\OneSettings\RefreshCache,,,CreatedTaskProcess
2026-05-21T23:26:00.829229Z,100,dc.scaffold.htb,Microsoft-Windows-TaskScheduler,Microsoft-Windows-TaskScheduler/Operational,4065,4,,,6EE94A4F-2D8E-4E0B-A482-A73F3A15FAF4,,,,,,,,,\Microsoft\Windows\Flighting\OneSettings\RefreshCache,NT AUTHORITY\SYSTEM,,TaskStartEvent
2026-05-21T23:26:00.829230Z,200,dc.scaffold.htb,Microsoft-Windows-TaskScheduler,Microsoft-Windows-TaskScheduler/Operational,4066,4,OneSettings Refresh Cache Task Handler,2060,,,,,,,,,6EE94A4F-2D8E-4E0B-A482-A73F3A15FAF4,\Microsoft\Windows\Flighting\OneSettings\RefreshCache,,,ActionStart
2026-05-21T23:26:00.840221Z,140,dc.scaffold.htb,Microsoft-Windows-TaskScheduler,Microsoft-Windows-TaskScheduler/Operational,4067,4,,,,,,,,,,,,\Microsoft\Windows\UpdateOrchestrator\Schedule Scan,,S-1-5-18,TaskUpdated
2026-05-21T23:26:00.871280Z,140,dc.scaffold.htb,Microsoft-Windows-TaskScheduler,Microsoft-Windows-TaskScheduler/Operational,4068,4,,,,,,,,,,,,\Microsoft\Windows\UpdateOrchestrator\Schedule Scan,,SCAFFOLD\DC$,TaskUpdated
2026-05-21T23:26:00.958696Z,202,dc.scaffold.htb,Microsoft-Windows-TaskScheduler,Microsoft-Windows-TaskScheduler/Operational,4069,2,OneSettings Refresh Cache Task Handler,2060,,,,,,,2147954407,,6EE94A4F-2D8E-4E0B-A482-A73F3A15FAF4,\Microsoft\Windows\Flighting\OneSettings\RefreshCache,,,ActionFailure
2026-05-21T23:26:00.958698Z,103,dc.scaffold.htb,Microsoft-Windows-TaskScheduler,Microsoft-Windows-TaskScheduler/Operational,4070,2,,,6EE94A4F-2D8E-4E0B-A482-A73F3A15FAF4,,,,,,2147954407,,,\Microsoft\Windows\Flighting\OneSettings\RefreshCache,NT AUTHORITY\SYSTEM,,TaskFailureEvent
2026-05-21T23:26:01.463875Z,140,dc.scaffold.htb,Microsoft-Windows-TaskScheduler,Microsoft-Windows-TaskScheduler/Operational,4071,4,,,,,,,,,,,,\Microsoft\Windows\Device Information\Device,,SCAFFOLD\DC$,TaskUpdated
2026-05-21T23:26:01.466619Z,140,dc.scaffold.htb,Microsoft-Windows-TaskScheduler,Microsoft-Windows-TaskScheduler/Operational,4072,4,,,,,,,,,,,,\Microsoft\Windows\Device Information\Device,,SCAFFOLD\DC$,TaskUpdated
2026-05-21T23:26:01.470474Z,201,dc.scaffold.htb,Microsoft-Windows-TaskScheduler,Microsoft-Windows-TaskScheduler/Operational,4073,4,%windir%\system32\devicecensus.exe,4416,,,,,,,0,,47365284-53AE-452E-8907-6F219156E6C5,\Microsoft\Windows\Device Information\Device,,,ActionSuccess
2026-05-21T23:26:01.470623Z,102,dc.scaffold.htb,Microsoft-Windows-TaskScheduler,Microsoft-Windows-TaskScheduler/Operational,4074,4,,,47365284-53AE-452E-8907-6F219156E6C5,,,,,,,,,\Microsoft\Windows\Device Information\Device,NT AUTHORITY\SYSTEM,,TaskSuccessEvent
2026-05-21T23:27:07.136971Z,201,dc.scaffold.htb,Microsoft-Windows-TaskScheduler,Microsoft-Windows-TaskScheduler/Operational,4075,4,C:\Program Files (x86)\Microsoft\EdgeUpdate\MicrosoftEdgeUpdate.exe,7884,,,,,,,0,,2DA7BF17-AEA4-4F09-AF1D-579DF6C637F9,\MicrosoftEdgeUpdateTaskMachineUA,,,ActionSuccess
2026-05-21T23:27:07.137097Z,102,dc.scaffold.htb,Microsoft-Windows-TaskScheduler,Microsoft-Windows-TaskScheduler/Operational,4076,4,,,2DA7BF17-AEA4-4F09-AF1D-579DF6C637F9,,,,,,,,,\MicrosoftEdgeUpdateTaskMachineUA,NT AUTHORITY\SYSTEM,,TaskSuccessEvent
2026-05-21T23:28:58.729169Z,114,dc.scaffold.htb,Microsoft-Windows-TaskScheduler,Microsoft-Windows-TaskScheduler/Operational,4077,3,,,FCB223BC-141A-44D7-A0C3-6269CECE8430,,,,,,,,,\Microsoft\Windows\Speech\SpeechModelDownloadTask,,,MissedTaskLaunched
2026-05-21T23:28:58.742902Z,129,dc.scaffold.htb,Microsoft-Windows-TaskScheduler,Microsoft-Windows-TaskScheduler/Operational,4078,4,,,,,%windir%\system32\speech_onecore\common\SpeechModelDownload.exe,16384,5996,,,,,\Microsoft\Windows\Speech\SpeechModelDownloadTask,,,CreatedTaskProcess
2026-05-21T23:28:58.743589Z,100,dc.scaffold.htb,Microsoft-Windows-TaskScheduler,Microsoft-Windows-TaskScheduler/Operational,4079,4,,,FCB223BC-141A-44D7-A0C3-6269CECE8430,,,,,,,,,\Microsoft\Windows\Speech\SpeechModelDownloadTask,(NONE),,TaskStartEvent
2026-05-21T23:28:58.743592Z,200,dc.scaffold.htb,Microsoft-Windows-TaskScheduler,Microsoft-Windows-TaskScheduler/Operational,4080,4,%windir%\system32\speech_onecore\common\SpeechModelDownload.exe,5996,,,,,,,,,FCB223BC-141A-44D7-A0C3-6269CECE8430,\Microsoft\Windows\Speech\SpeechModelDownloadTask,,,ActionStart
2026-05-21T23:28:58.744580Z,114,dc.scaffold.htb,Microsoft-Windows-TaskScheduler,Microsoft-Windows-TaskScheduler/Operational,4081,3,,,97B50C3B-1CD0-436F-A899-F6F454BE85E8,,,,,,,,,\Microsoft\Windows\Windows Defender\Windows Defender Scheduled Scan,,,MissedTaskLaunched
2026-05-21T23:28:58.749144Z,129,dc.scaffold.htb,Microsoft-Windows-TaskScheduler,Microsoft-Windows-TaskScheduler/Operational,4082,4,,,,,C:\ProgramData\Microsoft\Windows Defender\Platform\4.18.26030.3011-0\MpCmdRun.exe,16384,1344,,,,,\Microsoft\Windows\Windows Defender\Windows Defender Scheduled Scan,,,CreatedTaskProcess
2026-05-21T23:28:58.749388Z,100,dc.scaffold.htb,Microsoft-Windows-TaskScheduler,Microsoft-Windows-TaskScheduler/Operational,4083,4,,,97B50C3B-1CD0-436F-A899-F6F454BE85E8,,,,,,,,,\Microsoft\Windows\Windows Defender\Windows Defender Scheduled Scan,NT AUTHORITY\SYSTEM,,TaskStartEvent
2026-05-21T23:28:58.749391Z,200,dc.scaffold.htb,Microsoft-Windows-TaskScheduler,Microsoft-Windows-TaskScheduler/Operational,4084,4,C:\ProgramData\Microsoft\Windows Defender\Platform\4.18.26030.3011-0\MpCmdRun.exe,1344,,,,,,,,,97B50C3B-1CD0-436F-A899-F6F454BE85E8,\Microsoft\Windows\Windows Defender\Windows Defender Scheduled Scan,,,ActionStart
2026-05-21T23:28:58.762615Z,201,dc.scaffold.htb,Microsoft-Windows-TaskScheduler,Microsoft-Windows-TaskScheduler/Operational,4085,4,%windir%\system32\speech_onecore\common\SpeechModelDownload.exe,5996,,,,,,,0,,FCB223BC-141A-44D7-A0C3-6269CECE8430,\Microsoft\Windows\Speech\SpeechModelDownloadTask,,,ActionSuccess
2026-05-21T23:28:58.762778Z,102,dc.scaffold.htb,Microsoft-Windows-TaskScheduler,Microsoft-Windows-TaskScheduler/Operational,4086,4,,,FCB223BC-141A-44D7-A0C3-6269CECE8430,,,,,,,,,\Microsoft\Windows\Speech\SpeechModelDownloadTask,(NONE),,TaskSuccessEvent
2026-05-21T23:28:59.746593Z,129,dc.scaffold.htb,Microsoft-Windows-TaskScheduler,Microsoft-Windows-TaskScheduler/Operational,4087,4,,,,,%systemroot%\system32\usoclient.exe,16384,2480,,,,,\Microsoft\Windows\UpdateOrchestrator\Report policies,,,CreatedTaskProcess
2026-05-21T23:28:59.746923Z,100,dc.scaffold.htb,Microsoft-Windows-TaskScheduler,Microsoft-Windows-TaskScheduler/Operational,4088,4,,,B0EF7DE6-3D5E-4853-8A87-A39B27E2759C,,,,,,,,,\Microsoft\Windows\UpdateOrchestrator\Report policies,NT AUTHORITY\SYSTEM,,TaskStartEvent
2026-05-21T23:28:59.746924Z,200,dc.scaffold.htb,Microsoft-Windows-TaskScheduler,Microsoft-Windows-TaskScheduler/Operational,4089,4,%systemroot%\system32\usoclient.exe,2480,,,,,,,,,B0EF7DE6-3D5E-4853-8A87-A39B27E2759C,\Microsoft\Windows\UpdateOrchestrator\Report policies,,,ActionStart
2026-05-21T23:28:59.750064Z,129,dc.scaffold.htb,Microsoft-Windows-TaskScheduler,Microsoft-Windows-TaskScheduler/Operational,4090,4,,,,,%windir%\system32\lpremove.exe,16384,7060,,,,,\Microsoft\Windows\MUI\LPRemove,,,CreatedTaskProcess
2026-05-21T23:28:59.750306Z,100,dc.scaffold.htb,Microsoft-Windows-TaskScheduler,Microsoft-Windows-TaskScheduler/Operational,4091,4,,,E58AFB58-B995-4966-B3B9-730B57CF6DF0,,,,,,,,,\Microsoft\Windows\MUI\LPRemove,NT AUTHORITY\SYSTEM,,TaskStartEvent
2026-05-21T23:28:59.750308Z,200,dc.scaffold.htb,Microsoft-Windows-TaskScheduler,Microsoft-Windows-TaskScheduler/Operational,4092,4,%windir%\system32\lpremove.exe,7060,,,,,,,,,E58AFB58-B995-4966-B3B9-730B57CF6DF0,\Microsoft\Windows\MUI\LPRemove,,,ActionStart
2026-05-21T23:28:59.752665Z,129,dc.scaffold.htb,Microsoft-Windows-TaskScheduler,Microsoft-Windows-TaskScheduler/Operational,4093,4,,,,,%windir%\system32\compattelrunner.exe,32,5860,,,,,\Microsoft\Windows\Application Experience\ProgramDataUpdater,,,CreatedTaskProcess
2026-05-21T23:28:59.752871Z,100,dc.scaffold.htb,Microsoft-Windows-TaskScheduler,Microsoft-Windows-TaskScheduler/Operational,4094,4,,,81E7A05D-E4B7-4DF6-9EF5-CA0FCE2D94D3,,,,,,,,,\Microsoft\Windows\Application Experience\ProgramDataUpdater,NT AUTHORITY\SYSTEM,,TaskStartEvent
2026-05-21T23:28:59.752873Z,200,dc.scaffold.htb,Microsoft-Windows-TaskScheduler,Microsoft-Windows-TaskScheduler/Operational,4095,4,%windir%\system32\compattelrunner.exe,5860,,,,,,,,,81E7A05D-E4B7-4DF6-9EF5-CA0FCE2D94D3,\Microsoft\Windows\Application Experience\ProgramDataUpdater,,,ActionStart
2026-05-21T23:28:59.754653Z,129,dc.scaffold.htb,Microsoft-Windows-TaskScheduler,Microsoft-Windows-TaskScheduler/Operational,4096,4,,,,,%windir%\system32\rundll32.exe,32,5348,,,,,\Microsoft\Windows\Application Experience\StartupAppTask,,,CreatedTaskProcess
2026-05-21T23:28:59.754914Z,100,dc.scaffold.htb,Microsoft-Windows-TaskScheduler,Microsoft-Windows-TaskScheduler/Operational,4097,4,,,7E814D69-D19B-459A-8FF6-030DF6D45A17,,,,,,,,,\Microsoft\Windows\Application Experience\StartupAppTask,SCAFFOLD\Administrator,,TaskStartEvent
2026-05-21T23:28:59.754915Z,200,dc.scaffold.htb,Microsoft-Windows-TaskScheduler,Microsoft-Windows-TaskScheduler/Operational,4098,4,%windir%\system32\rundll32.exe,5348,,,,,,,,,7E814D69-D19B-459A-8FF6-030DF6D45A17,\Microsoft\Windows\Application Experience\StartupAppTask,,,ActionStart
2026-05-21T23:28:59.756107Z,129,dc.scaffold.htb,Microsoft-Windows-TaskScheduler,Microsoft-Windows-TaskScheduler/Operational,4099,4,,,,,C:\ProgramData\Microsoft\Windows Defender\Platform\4.18.26030.3011-0\MpCmdRun.exe,16384,6724,,,,,\Microsoft\Windows\Windows Defender\Windows Defender Cleanup,,,CreatedTaskProcess
2026-05-21T23:28:59.756206Z,100,dc.scaffold.htb,Microsoft-Windows-TaskScheduler,Microsoft-Windows-TaskScheduler/Operational,4100,4,,,5116F78C-2A51-45AD-9AF6-53ED95CA4A69,,,,,,,,,\Microsoft\Windows\Windows Defender\Windows Defender Cleanup,NT AUTHORITY\SYSTEM,,TaskStartEvent
2026-05-21T23:28:59.756208Z,200,dc.scaffold.htb,Microsoft-Windows-TaskScheduler,Microsoft-Windows-TaskScheduler/Operational,4101,4,C:\ProgramData\Microsoft\Windows Defender\Platform\4.18.26030.3011-0\MpCmdRun.exe,6724,,,,,,,,,5116F78C-2A51-45AD-9AF6-53ED95CA4A69,\Microsoft\Windows\Windows Defender\Windows Defender Cleanup,,,ActionStart
2026-05-21T23:28:59.757394Z,129,dc.scaffold.htb,Microsoft-Windows-TaskScheduler,Microsoft-Windows-TaskScheduler/Operational,4102,4,,,,,C:\ProgramData\Microsoft\Windows Defender\Platform\4.18.26030.3011-0\MpCmdRun.exe,16384,4848,,,,,\Microsoft\Windows\Windows Defender\Windows Defender Cache Maintenance,,,CreatedTaskProcess
