2026-05-17T16:36:16.326517Z,129,dc.scaffold.htb,Microsoft-Windows-TaskScheduler,Microsoft-Windows-TaskScheduler/Operational,2991,4,,,,,%windir%\system32\dxgiadaptercache.exe,16384,2008,,,,,\Microsoft\Windows\DirectX\DXGIAdapterCache,,,CreatedTaskProcess
2026-05-17T16:36:16.326923Z,100,dc.scaffold.htb,Microsoft-Windows-TaskScheduler,Microsoft-Windows-TaskScheduler/Operational,2992,4,,,E6CDFFA6-D846-42F5-9F85-7ADAEFEAC33E,,,,,,,,,\Microsoft\Windows\DirectX\DXGIAdapterCache,NT AUTHORITY\SYSTEM,,TaskStartEvent
2026-05-17T16:36:16.326924Z,200,dc.scaffold.htb,Microsoft-Windows-TaskScheduler,Microsoft-Windows-TaskScheduler/Operational,2993,4,%windir%\system32\dxgiadaptercache.exe,2008,,,,,,,,,E6CDFFA6-D846-42F5-9F85-7ADAEFEAC33E,\Microsoft\Windows\DirectX\DXGIAdapterCache,,,ActionStart
2026-05-17T16:36:16.329127Z,118,dc.scaffold.htb,Microsoft-Windows-TaskScheduler,Microsoft-Windows-TaskScheduler/Operational,2994,4,,,FDD79F9F-C60C-4F8B-8B9D-1D58C4F31549,,,,,,,,,\Microsoft\Windows\ExploitGuard\ExploitGuard MDM policy Refresh,,,BootTrigger
2026-05-17T16:36:16.331649Z,129,dc.scaffold.htb,Microsoft-Windows-TaskScheduler,Microsoft-Windows-TaskScheduler/Operational,2995,4,,,,,taskhostw.exe,16384,2024,,,,,\Microsoft\Windows\ExploitGuard\ExploitGuard MDM policy Refresh,,,CreatedTaskProcess
2026-05-17T16:36:16.331996Z,100,dc.scaffold.htb,Microsoft-Windows-TaskScheduler,Microsoft-Windows-TaskScheduler/Operational,2996,4,,,FDD79F9F-C60C-4F8B-8B9D-1D58C4F31549,,,,,,,,,\Microsoft\Windows\ExploitGuard\ExploitGuard MDM policy Refresh,NT AUTHORITY\SYSTEM,,TaskStartEvent
2026-05-17T16:36:16.331998Z,200,dc.scaffold.htb,Microsoft-Windows-TaskScheduler,Microsoft-Windows-TaskScheduler/Operational,2997,4,,2024,,,,,,,,,FDD79F9F-C60C-4F8B-8B9D-1D58C4F31549,\Microsoft\Windows\ExploitGuard\ExploitGuard MDM policy Refresh,,,ActionStart
2026-05-17T16:36:16.498894Z,129,dc.scaffold.htb,Microsoft-Windows-TaskScheduler,Microsoft-Windows-TaskScheduler/Operational,2998,4,,,,,taskhostw.exe,16384,2256,,,,,\Microsoft\Windows\Time Synchronization\ForceSynchronizeTime,,,CreatedTaskProcess
2026-05-17T16:36:16.499004Z,100,dc.scaffold.htb,Microsoft-Windows-TaskScheduler,Microsoft-Windows-TaskScheduler/Operational,2999,4,,,A22AE698-0E9E-4522-857D-84B7B17292FE,,,,,,,,,\Microsoft\Windows\Time Synchronization\ForceSynchronizeTime,(NONE),,TaskStartEvent
2026-05-17T16:36:16.499005Z,200,dc.scaffold.htb,Microsoft-Windows-TaskScheduler,Microsoft-Windows-TaskScheduler/Operational,3000,4,Time Synchronization Task Handler,2256,,,,,,,,,A22AE698-0E9E-4522-857D-84B7B17292FE,\Microsoft\Windows\Time Synchronization\ForceSynchronizeTime,,,ActionStart
2026-05-17T16:36:16.568846Z,201,dc.scaffold.htb,Microsoft-Windows-TaskScheduler,Microsoft-Windows-TaskScheduler/Operational,3001,4,Time Synchronization Task Handler,2256,,,,,,,0,,A22AE698-0E9E-4522-857D-84B7B17292FE,\Microsoft\Windows\Time Synchronization\ForceSynchronizeTime,,,ActionSuccess
2026-05-17T16:36:16.568847Z,102,dc.scaffold.htb,Microsoft-Windows-TaskScheduler,Microsoft-Windows-TaskScheduler/Operational,3002,4,,,A22AE698-0E9E-4522-857D-84B7B17292FE,,,,,,,,,\Microsoft\Windows\Time Synchronization\ForceSynchronizeTime,(NONE),,TaskSuccessEvent
2026-05-17T16:36:16.882887Z,201,dc.scaffold.htb,Microsoft-Windows-TaskScheduler,Microsoft-Windows-TaskScheduler/Operational,3003,4,%windir%\system32\dxgiadaptercache.exe,2008,,,,,,,0,,E6CDFFA6-D846-42F5-9F85-7ADAEFEAC33E,\Microsoft\Windows\DirectX\DXGIAdapterCache,,,ActionSuccess
2026-05-17T16:36:16.883051Z,102,dc.scaffold.htb,Microsoft-Windows-TaskScheduler,Microsoft-Windows-TaskScheduler/Operational,3004,4,,,E6CDFFA6-D846-42F5-9F85-7ADAEFEAC33E,,,,,,,,,\Microsoft\Windows\DirectX\DXGIAdapterCache,NT AUTHORITY\SYSTEM,,TaskSuccessEvent
2026-05-17T16:36:16.944549Z,201,dc.scaffold.htb,Microsoft-Windows-TaskScheduler,Microsoft-Windows-TaskScheduler/Operational,3005,4,,2024,,,,,,,0,,FDD79F9F-C60C-4F8B-8B9D-1D58C4F31549,\Microsoft\Windows\ExploitGuard\ExploitGuard MDM policy Refresh,,,ActionSuccess
2026-05-17T16:36:16.944550Z,102,dc.scaffold.htb,Microsoft-Windows-TaskScheduler,Microsoft-Windows-TaskScheduler/Operational,3006,4,,,FDD79F9F-C60C-4F8B-8B9D-1D58C4F31549,,,,,,,,,\Microsoft\Windows\ExploitGuard\ExploitGuard MDM policy Refresh,NT AUTHORITY\SYSTEM,,TaskSuccessEvent
2026-05-17T16:36:17.006372Z,108,dc.scaffold.htb,Microsoft-Windows-TaskScheduler,Microsoft-Windows-TaskScheduler/Operational,3007,4,,,9A56C158-AAF6-4A7A-A214-1D5D18B426FE,,,,,,,,,\Microsoft\Windows\SoftwareProtectionPlatform\SvcRestartTaskNetwork,,,EventTriggerEvent
2026-05-17T16:36:17.007711Z,129,dc.scaffold.htb,Microsoft-Windows-TaskScheduler,Microsoft-Windows-TaskScheduler/Operational,3008,4,,,,,taskhostw.exe,16384,2320,,,,,\Microsoft\Windows\SoftwareProtectionPlatform\SvcRestartTaskNetwork,,,CreatedTaskProcess
2026-05-17T16:36:17.007920Z,100,dc.scaffold.htb,Microsoft-Windows-TaskScheduler,Microsoft-Windows-TaskScheduler/Operational,3009,4,,,9A56C158-AAF6-4A7A-A214-1D5D18B426FE,,,,,,,,,\Microsoft\Windows\SoftwareProtectionPlatform\SvcRestartTaskNetwork,(NONE),,TaskStartEvent
2026-05-17T16:36:17.007921Z,200,dc.scaffold.htb,Microsoft-Windows-TaskScheduler,Microsoft-Windows-TaskScheduler/Operational,3010,4,SppSvcRestartTaskHandler Class,2320,,,,,,,,,9A56C158-AAF6-4A7A-A214-1D5D18B426FE,\Microsoft\Windows\SoftwareProtectionPlatform\SvcRestartTaskNetwork,,,ActionStart
2026-05-17T16:36:17.309594Z,325,dc.scaffold.htb,Microsoft-Windows-TaskScheduler,Microsoft-Windows-TaskScheduler/Operational,3011,3,,,,,,,,54AFEF7D-CA85-4FE6-9046-763CFE5F738E,,,,\Microsoft\Windows\Workplace Join\Automatic-Device-Join,,,TaskInstanceQueued
2026-05-17T16:36:17.309653Z,110,dc.scaffold.htb,Microsoft-Windows-TaskScheduler,Microsoft-Windows-TaskScheduler/Operational,3012,4,,,54AFEF7D-CA85-4FE6-9046-763CFE5F738E,,,,,,,,,\Microsoft\Windows\Workplace Join\Automatic-Device-Join,System,,TaskRunEvent
2026-05-17T16:36:17.311992Z,129,dc.scaffold.htb,Microsoft-Windows-TaskScheduler,Microsoft-Windows-TaskScheduler/Operational,3013,4,,,,,%SystemRoot%\System32\dsregcmd.exe,16384,2624,,,,,\Microsoft\Windows\Workplace Join\Automatic-Device-Join,,,CreatedTaskProcess
2026-05-17T16:36:17.312071Z,100,dc.scaffold.htb,Microsoft-Windows-TaskScheduler,Microsoft-Windows-TaskScheduler/Operational,3014,4,,,54AFEF7D-CA85-4FE6-9046-763CFE5F738E,,,,,,,,,\Microsoft\Windows\Workplace Join\Automatic-Device-Join,NT AUTHORITY\SYSTEM,,TaskStartEvent
2026-05-17T16:36:17.312071Z,200,dc.scaffold.htb,Microsoft-Windows-TaskScheduler,Microsoft-Windows-TaskScheduler/Operational,3015,4,%SystemRoot%\System32\dsregcmd.exe,2624,,,,,,,,,54AFEF7D-CA85-4FE6-9046-763CFE5F738E,\Microsoft\Windows\Workplace Join\Automatic-Device-Join,,,ActionStart
2026-05-17T16:36:17.529958Z,201,dc.scaffold.htb,Microsoft-Windows-TaskScheduler,Microsoft-Windows-TaskScheduler/Operational,3016,4,SppSvcRestartTaskHandler Class,2320,,,,,,,0,,9A56C158-AAF6-4A7A-A214-1D5D18B426FE,\Microsoft\Windows\SoftwareProtectionPlatform\SvcRestartTaskNetwork,,,ActionSuccess
2026-05-17T16:36:17.529959Z,102,dc.scaffold.htb,Microsoft-Windows-TaskScheduler,Microsoft-Windows-TaskScheduler/Operational,3017,4,,,9A56C158-AAF6-4A7A-A214-1D5D18B426FE,,,,,,,,,\Microsoft\Windows\SoftwareProtectionPlatform\SvcRestartTaskNetwork,(NONE),,TaskSuccessEvent
2026-05-17T16:36:26.819089Z,118,dc.scaffold.htb,Microsoft-Windows-TaskScheduler,Microsoft-Windows-TaskScheduler/Operational,3018,4,,,C1441831-922C-4040-9F05-2894119F9CAC,,,,,,,,,\Microsoft\Windows\CertificateServicesClient\SystemTask,,,BootTrigger
2026-05-17T16:36:26.820918Z,129,dc.scaffold.htb,Microsoft-Windows-TaskScheduler,Microsoft-Windows-TaskScheduler/Operational,3019,4,,,,,taskhostw.exe,16384,4912,,,,,\Microsoft\Windows\CertificateServicesClient\SystemTask,,,CreatedTaskProcess
2026-05-17T16:36:26.821130Z,100,dc.scaffold.htb,Microsoft-Windows-TaskScheduler,Microsoft-Windows-TaskScheduler/Operational,3020,4,,,C1441831-922C-4040-9F05-2894119F9CAC,,,,,,,,,\Microsoft\Windows\CertificateServicesClient\SystemTask,NT AUTHORITY\SYSTEM,,TaskStartEvent
2026-05-17T16:36:26.821131Z,200,dc.scaffold.htb,Microsoft-Windows-TaskScheduler,Microsoft-Windows-TaskScheduler/Operational,3021,4,Certificate Services Client Task Handler,4912,,,,,,,,,C1441831-922C-4040-9F05-2894119F9CAC,\Microsoft\Windows\CertificateServicesClient\SystemTask,,,ActionStart
2026-05-17T16:36:56.477078Z,201,dc.scaffold.htb,Microsoft-Windows-TaskScheduler,Microsoft-Windows-TaskScheduler/Operational,3022,4,%SystemRoot%\System32\dsregcmd.exe,2624,,,,,,,0,,54AFEF7D-CA85-4FE6-9046-763CFE5F738E,\Microsoft\Windows\Workplace Join\Automatic-Device-Join,,,ActionSuccess
2026-05-17T16:36:56.477226Z,102,dc.scaffold.htb,Microsoft-Windows-TaskScheduler,Microsoft-Windows-TaskScheduler/Operational,3023,4,,,54AFEF7D-CA85-4FE6-9046-763CFE5F738E,,,,,,,,,\Microsoft\Windows\Workplace Join\Automatic-Device-Join,NT AUTHORITY\SYSTEM,,TaskSuccessEvent
2026-05-17T16:37:06.196834Z,201,dc.scaffold.htb,Microsoft-Windows-TaskScheduler,Microsoft-Windows-TaskScheduler/Operational,3024,4,Certificate Services Client Task Handler,4912,,,,,,,0,,C1441831-922C-4040-9F05-2894119F9CAC,\Microsoft\Windows\CertificateServicesClient\SystemTask,,,ActionSuccess
2026-05-17T16:37:06.196835Z,102,dc.scaffold.htb,Microsoft-Windows-TaskScheduler,Microsoft-Windows-TaskScheduler/Operational,3025,4,,,C1441831-922C-4040-9F05-2894119F9CAC,,,,,,,,,\Microsoft\Windows\CertificateServicesClient\SystemTask,NT AUTHORITY\SYSTEM,,TaskSuccessEvent
2026-05-17T16:37:16.812323Z,118,dc.scaffold.htb,Microsoft-Windows-TaskScheduler,Microsoft-Windows-TaskScheduler/Operational,3026,4,,,B81F3526-C253-429D-A814-56235ED948B3,,,,,,,,,\Microsoft\Windows\Software Inventory Logging\Configuration,,,BootTrigger
2026-05-17T16:37:16.812666Z,118,dc.scaffold.htb,Microsoft-Windows-TaskScheduler,Microsoft-Windows-TaskScheduler/Operational,3027,4,,,3B7426E6-C9A5-4F22-9176-0E908442A083,,,,,,,,,\Microsoft\Windows\DirectX\DXGIAdapterCache,,,BootTrigger
2026-05-17T16:37:16.816463Z,129,dc.scaffold.htb,Microsoft-Windows-TaskScheduler,Microsoft-Windows-TaskScheduler/Operational,3028,4,,,,,%windir%\system32\dxgiadaptercache.exe,16384,2544,,,,,\Microsoft\Windows\DirectX\DXGIAdapterCache,,,CreatedTaskProcess
2026-05-17T16:37:16.816525Z,129,dc.scaffold.htb,Microsoft-Windows-TaskScheduler,Microsoft-Windows-TaskScheduler/Operational,3029,4,,,,,%systemroot%\system32\cmd.exe,16384,2540,,,,,\Microsoft\Windows\Software Inventory Logging\Configuration,,,CreatedTaskProcess
2026-05-17T16:37:16.816714Z,100,dc.scaffold.htb,Microsoft-Windows-TaskScheduler,Microsoft-Windows-TaskScheduler/Operational,3030,4,,,3B7426E6-C9A5-4F22-9176-0E908442A083,,,,,,,,,\Microsoft\Windows\DirectX\DXGIAdapterCache,NT AUTHORITY\SYSTEM,,TaskStartEvent
2026-05-17T16:37:16.816716Z,200,dc.scaffold.htb,Microsoft-Windows-TaskScheduler,Microsoft-Windows-TaskScheduler/Operational,3031,4,%windir%\system32\dxgiadaptercache.exe,2544,,,,,,,,,3B7426E6-C9A5-4F22-9176-0E908442A083,\Microsoft\Windows\DirectX\DXGIAdapterCache,,,ActionStart
2026-05-17T16:37:16.816761Z,100,dc.scaffold.htb,Microsoft-Windows-TaskScheduler,Microsoft-Windows-TaskScheduler/Operational,3032,4,,,B81F3526-C253-429D-A814-56235ED948B3,,,,,,,,,\Microsoft\Windows\Software Inventory Logging\Configuration,NT AUTHORITY\SYSTEM,,TaskStartEvent
2026-05-17T16:37:16.816763Z,200,dc.scaffold.htb,Microsoft-Windows-TaskScheduler,Microsoft-Windows-TaskScheduler/Operational,3033,4,%systemroot%\system32\cmd.exe,2540,,,,,,,,,B81F3526-C253-429D-A814-56235ED948B3,\Microsoft\Windows\Software Inventory Logging\Configuration,,,ActionStart
2026-05-17T16:37:16.835794Z,201,dc.scaffold.htb,Microsoft-Windows-TaskScheduler,Microsoft-Windows-TaskScheduler/Operational,3034,4,%windir%\system32\dxgiadaptercache.exe,2544,,,,,,,0,,3B7426E6-C9A5-4F22-9176-0E908442A083,\Microsoft\Windows\DirectX\DXGIAdapterCache,,,ActionSuccess
2026-05-17T16:37:16.835902Z,102,dc.scaffold.htb,Microsoft-Windows-TaskScheduler,Microsoft-Windows-TaskScheduler/Operational,3035,4,,,3B7426E6-C9A5-4F22-9176-0E908442A083,,,,,,,,,\Microsoft\Windows\DirectX\DXGIAdapterCache,NT AUTHORITY\SYSTEM,,TaskSuccessEvent
2026-05-17T16:37:16.861427Z,201,dc.scaffold.htb,Microsoft-Windows-TaskScheduler,Microsoft-Windows-TaskScheduler/Operational,3036,4,%systemroot%\system32\cmd.exe,2540,,,,,,,0,,B81F3526-C253-429D-A814-56235ED948B3,\Microsoft\Windows\Software Inventory Logging\Configuration,,,ActionSuccess
2026-05-17T16:37:16.861541Z,102,dc.scaffold.htb,Microsoft-Windows-TaskScheduler,Microsoft-Windows-TaskScheduler/Operational,3037,4,,,B81F3526-C253-429D-A814-56235ED948B3,,,,,,,,,\Microsoft\Windows\Software Inventory Logging\Configuration,NT AUTHORITY\SYSTEM,,TaskSuccessEvent
2026-05-17T16:37:39.523540Z,119,dc.scaffold.htb,Microsoft-Windows-TaskScheduler,Microsoft-Windows-TaskScheduler/Operational,3038,4,,,322BFF07-4BA6-4931-A985-FCB3909EA296,,,,,,,,,\Microsoft\Windows\TextServicesFramework\MsCtfMonitor,,SCAFFOLD\Administrator,LogonTrigger
2026-05-17T16:37:39.523696Z,119,dc.scaffold.htb,Microsoft-Windows-TaskScheduler,Microsoft-Windows-TaskScheduler/Operational,3039,4,,,7B87CEE0-75B0-4E7C-8DD1-AC9BC6B866EB,,,,,,,,,\Microsoft\Windows\Server Manager\ServerManager,,SCAFFOLD\Administrator,LogonTrigger
2026-05-17T16:37:39.524838Z,119,dc.scaffold.htb,Microsoft-Windows-TaskScheduler,Microsoft-Windows-TaskScheduler/Operational,3040,4,,,AA35F68E-2FC5-416E-A652-6D2464D030DF,,,,,,,,,\Microsoft\Windows\CertificateServicesClient\UserTask,,SCAFFOLD\Administrator,LogonTrigger
2026-05-17T16:37:39.525850Z,129,dc.scaffold.htb,Microsoft-Windows-TaskScheduler,Microsoft-Windows-TaskScheduler/Operational,3041,4,,,,,taskhostw.exe,32,1412,,,,,\Microsoft\Windows\TextServicesFramework\MsCtfMonitor,,,CreatedTaskProcess
2026-05-17T16:37:39.525979Z,129,dc.scaffold.htb,Microsoft-Windows-TaskScheduler,Microsoft-Windows-TaskScheduler/Operational,3042,4,,,,,%windir%\system32\ServerManagerLauncher.exe,32,1108,,,,,\Microsoft\Windows\Server Manager\ServerManager,,,CreatedTaskProcess
2026-05-17T16:37:39.526203Z,100,dc.scaffold.htb,Microsoft-Windows-TaskScheduler,Microsoft-Windows-TaskScheduler/Operational,3043,4,,,322BFF07-4BA6-4931-A985-FCB3909EA296,,,,,,,,,\Microsoft\Windows\TextServicesFramework\MsCtfMonitor,SCAFFOLD\Administrator,,TaskStartEvent
2026-05-17T16:37:39.526204Z,200,dc.scaffold.htb,Microsoft-Windows-TaskScheduler,Microsoft-Windows-TaskScheduler/Operational,3044,4,MsCtfMonitor task handler,1412,,,,,,,,,322BFF07-4BA6-4931-A985-FCB3909EA296,\Microsoft\Windows\TextServicesFramework\MsCtfMonitor,,,ActionStart
2026-05-17T16:37:39.526513Z,100,dc.scaffold.htb,Microsoft-Windows-TaskScheduler,Microsoft-Windows-TaskScheduler/Operational,3045,4,,,7B87CEE0-75B0-4E7C-8DD1-AC9BC6B866EB,,,,,,,,,\Microsoft\Windows\Server Manager\ServerManager,SCAFFOLD\Administrator,,TaskStartEvent
2026-05-17T16:37:39.526514Z,200,dc.scaffold.htb,Microsoft-Windows-TaskScheduler,Microsoft-Windows-TaskScheduler/Operational,3046,4,%windir%\system32\ServerManagerLauncher.exe,1108,,,,,,,,,7B87CEE0-75B0-4E7C-8DD1-AC9BC6B866EB,\Microsoft\Windows\Server Manager\ServerManager,,,ActionStart
2026-05-17T16:37:39.540462Z,119,dc.scaffold.htb,Microsoft-Windows-TaskScheduler,Microsoft-Windows-TaskScheduler/Operational,3047,4,,,5FEB1F0C-D1AF-4F17-B819-716FFB6B2440,,,,,,,,,\Microsoft\Windows\Wininet\CacheTask,,SCAFFOLD\Administrator,LogonTrigger
2026-05-17T16:37:39.540490Z,119,dc.scaffold.htb,Microsoft-Windows-TaskScheduler,Microsoft-Windows-TaskScheduler/Operational,3048,4,,,DE0EF22E-0F70-4B7B-8E55-3D3EAC8A180F,,,,,,,,,\Microsoft\Windows\WindowsColorSystem\Calibration Loader,,SCAFFOLD\Administrator,LogonTrigger
2026-05-17T16:37:39.540705Z,100,dc.scaffold.htb,Microsoft-Windows-TaskScheduler,Microsoft-Windows-TaskScheduler/Operational,3049,4,,,5FEB1F0C-D1AF-4F17-B819-716FFB6B2440,,,,,,,,,\Microsoft\Windows\Wininet\CacheTask,SCAFFOLD\Administrator,,TaskStartEvent
2026-05-17T16:37:39.540706Z,200,dc.scaffold.htb,Microsoft-Windows-TaskScheduler,Microsoft-Windows-TaskScheduler/Operational,3050,4,Wininet Cache task object,1412,,,,,,,,,5FEB1F0C-D1AF-4F17-B819-716FFB6B2440,\Microsoft\Windows\Wininet\CacheTask,,,ActionStart
2026-05-17T16:37:39.540964Z,119,dc.scaffold.htb,Microsoft-Windows-TaskScheduler,Microsoft-Windows-TaskScheduler/Operational,3051,4,,,B183DFD6-D7C5-4D62-B80E-1D45C7BDCBE6,,,,,,,,,\MicrosoftEdgeUpdateTaskMachineCore,,SCAFFOLD\Administrator,LogonTrigger
2026-05-17T16:37:39.541366Z,119,dc.scaffold.htb,Microsoft-Windows-TaskScheduler,Microsoft-Windows-TaskScheduler/Operational,3052,4,,,BB9FC8B8-01FA-451B-9076-1C80849C70FB,,,,,,,,,\Microsoft\Windows\SoftwareProtectionPlatform\SvcRestartTaskLogon,,SCAFFOLD\Administrator,LogonTrigger
2026-05-17T16:37:39.541594Z,129,dc.scaffold.htb,Microsoft-Windows-TaskScheduler,Microsoft-Windows-TaskScheduler/Operational,3053,4,,,,,taskhostw.exe,32,2072,,,,,\Microsoft\Windows\WindowsColorSystem\Calibration Loader,,,CreatedTaskProcess
2026-05-17T16:37:39.541742Z,100,dc.scaffold.htb,Microsoft-Windows-TaskScheduler,Microsoft-Windows-TaskScheduler/Operational,3054,4,,,DE0EF22E-0F70-4B7B-8E55-3D3EAC8A180F,,,,,,,,,\Microsoft\Windows\WindowsColorSystem\Calibration Loader,SCAFFOLD\Administrator,,TaskStartEvent
2026-05-17T16:37:39.541743Z,200,dc.scaffold.htb,Microsoft-Windows-TaskScheduler,Microsoft-Windows-TaskScheduler/Operational,3055,4,Color Calibration Loader,2072,,,,,,,,,DE0EF22E-0F70-4B7B-8E55-3D3EAC8A180F,\Microsoft\Windows\WindowsColorSystem\Calibration Loader,,,ActionStart
2026-05-17T16:37:39.542020Z,119,dc.scaffold.htb,Microsoft-Windows-TaskScheduler,Microsoft-Windows-TaskScheduler/Operational,3056,4,,,2AC8366C-F08A-43D4-97A3-A813CA260566,,,,,,,,,\Microsoft\Windows\Plug and Play\Device Install Reboot Required,,SCAFFOLD\Administrator,LogonTrigger
2026-05-17T16:37:39.550545Z,129,dc.scaffold.htb,Microsoft-Windows-TaskScheduler,Microsoft-Windows-TaskScheduler/Operational,3057,4,,,,,taskhostw.exe,32,2708,,,,,\Microsoft\Windows\Plug and Play\Device Install Reboot Required,,,CreatedTaskProcess
2026-05-17T16:37:39.550747Z,100,dc.scaffold.htb,Microsoft-Windows-TaskScheduler,Microsoft-Windows-TaskScheduler/Operational,3058,4,,,2AC8366C-F08A-43D4-97A3-A813CA260566,,,,,,,,,\Microsoft\Windows\Plug and Play\Device Install Reboot Required,SCAFFOLD\Administrator,,TaskStartEvent
2026-05-17T16:37:39.550748Z,200,dc.scaffold.htb,Microsoft-Windows-TaskScheduler,Microsoft-Windows-TaskScheduler/Operational,3059,4,Device Installation Reboot Dialog Task,2708,,,,,,,,,2AC8366C-F08A-43D4-97A3-A813CA260566,\Microsoft\Windows\Plug and Play\Device Install Reboot Required,,,ActionStart
2026-05-17T16:37:39.561839Z,129,dc.scaffold.htb,Microsoft-Windows-TaskScheduler,Microsoft-Windows-TaskScheduler/Operational,3060,4,,,,,C:\Program Files (x86)\Microsoft\EdgeUpdate\MicrosoftEdgeUpdate.exe,32,2844,,,,,\MicrosoftEdgeUpdateTaskMachineCore,,,CreatedTaskProcess
2026-05-17T16:37:39.562017Z,100,dc.scaffold.htb,Microsoft-Windows-TaskScheduler,Microsoft-Windows-TaskScheduler/Operational,3061,4,,,B183DFD6-D7C5-4D62-B80E-1D45C7BDCBE6,,,,,,,,,\MicrosoftEdgeUpdateTaskMachineCore,NT AUTHORITY\SYSTEM,,TaskStartEvent
2026-05-17T16:37:39.562019Z,200,dc.scaffold.htb,Microsoft-Windows-TaskScheduler,Microsoft-Windows-TaskScheduler/Operational,3062,4,C:\Program Files (x86)\Microsoft\EdgeUpdate\MicrosoftEdgeUpdate.exe,2844,,,,,,,,,B183DFD6-D7C5-4D62-B80E-1D45C7BDCBE6,\MicrosoftEdgeUpdateTaskMachineCore,,,ActionStart
2026-05-17T16:37:39.586272Z,201,dc.scaffold.htb,Microsoft-Windows-TaskScheduler,Microsoft-Windows-TaskScheduler/Operational,3063,4,MsCtfMonitor task handler,1412,,,,,,,0,,322BFF07-4BA6-4931-A985-FCB3909EA296,\Microsoft\Windows\TextServicesFramework\MsCtfMonitor,,,ActionSuccess
2026-05-17T16:37:39.586273Z,102,dc.scaffold.htb,Microsoft-Windows-TaskScheduler,Microsoft-Windows-TaskScheduler/Operational,3064,4,,,322BFF07-4BA6-4931-A985-FCB3909EA296,,,,,,,,,\Microsoft\Windows\TextServicesFramework\MsCtfMonitor,SCAFFOLD\Administrator,,TaskSuccessEvent
2026-05-17T16:37:39.637891Z,100,dc.scaffold.htb,Microsoft-Windows-TaskScheduler,Microsoft-Windows-TaskScheduler/Operational,3065,4,,,AA35F68E-2FC5-416E-A652-6D2464D030DF,,,,,,,,,\Microsoft\Windows\CertificateServicesClient\UserTask,SCAFFOLD\Administrator,,TaskStartEvent
2026-05-17T16:37:39.637895Z,200,dc.scaffold.htb,Microsoft-Windows-TaskScheduler,Microsoft-Windows-TaskScheduler/Operational,3066,4,Certificate Services Client Task Handler,2072,,,,,,,,,AA35F68E-2FC5-416E-A652-6D2464D030DF,\Microsoft\Windows\CertificateServicesClient\UserTask,,,ActionStart
2026-05-17T16:37:39.655702Z,100,dc.scaffold.htb,Microsoft-Windows-TaskScheduler,Microsoft-Windows-TaskScheduler/Operational,3067,4,,,BB9FC8B8-01FA-451B-9076-1C80849C70FB,,,,,,,,,\Microsoft\Windows\SoftwareProtectionPlatform\SvcRestartTaskLogon,SCAFFOLD\Administrator,,TaskStartEvent
2026-05-17T16:37:39.655703Z,200,dc.scaffold.htb,Microsoft-Windows-TaskScheduler,Microsoft-Windows-TaskScheduler/Operational,3068,4,SppSvcRestartTaskHandler Class,2072,,,,,,,,,BB9FC8B8-01FA-451B-9076-1C80849C70FB,\Microsoft\Windows\SoftwareProtectionPlatform\SvcRestartTaskLogon,,,ActionStart
2026-05-17T16:37:39.704725Z,201,dc.scaffold.htb,Microsoft-Windows-TaskScheduler,Microsoft-Windows-TaskScheduler/Operational,3069,4,SppSvcRestartTaskHandler Class,2072,,,,,,,0,,BB9FC8B8-01FA-451B-9076-1C80849C70FB,\Microsoft\Windows\SoftwareProtectionPlatform\SvcRestartTaskLogon,,,ActionSuccess
2026-05-17T16:37:39.704726Z,102,dc.scaffold.htb,Microsoft-Windows-TaskScheduler,Microsoft-Windows-TaskScheduler/Operational,3070,4,,,BB9FC8B8-01FA-451B-9076-1C80849C70FB,,,,,,,,,\Microsoft\Windows\SoftwareProtectionPlatform\SvcRestartTaskLogon,SCAFFOLD\Administrator,,TaskSuccessEvent
2026-05-17T16:37:39.741170Z,141,dc.scaffold.htb,Microsoft-Windows-TaskScheduler,Microsoft-Windows-TaskScheduler/Operational,3071,4,,,,,,,,,,,,\CreateExplorerShellUnelevatedTask,,SCAFFOLD\Administrator,TaskDeleted
2026-05-17T16:37:39.746599Z,106,dc.scaffold.htb,Microsoft-Windows-TaskScheduler,Microsoft-Windows-TaskScheduler/Operational,3072,4,,,,,,,,,,,,\CreateExplorerShellUnelevatedTask,SCAFFOLD\Administrator,,TaskRegisteredEvent
2026-05-17T16:37:39.746600Z,140,dc.scaffold.htb,Microsoft-Windows-TaskScheduler,Microsoft-Windows-TaskScheduler/Operational,3073,4,,,,,,,,,,,,\CreateExplorerShellUnelevatedTask,,SCAFFOLD\Administrator,TaskUpdated
2026-05-17T16:37:39.748747Z,109,dc.scaffold.htb,Microsoft-Windows-TaskScheduler,Microsoft-Windows-TaskScheduler/Operational,3074,4,,,7D13B77D-9391-4F10-B537-FCB964423378,,,,,,,,,\CreateExplorerShellUnelevatedTask,,,RegistrationTriggerEvent
2026-05-17T16:37:39.753725Z,129,dc.scaffold.htb,Microsoft-Windows-TaskScheduler,Microsoft-Windows-TaskScheduler/Operational,3075,4,,,,,C:\Windows\Explorer.EXE,32,5140,,,,,\CreateExplorerShellUnelevatedTask,,,CreatedTaskProcess
2026-05-17T16:37:39.754060Z,100,dc.scaffold.htb,Microsoft-Windows-TaskScheduler,Microsoft-Windows-TaskScheduler/Operational,3076,4,,,7D13B77D-9391-4F10-B537-FCB964423378,,,,,,,,,\CreateExplorerShellUnelevatedTask,SCAFFOLD\Administrator,,TaskStartEvent
2026-05-17T16:37:39.754061Z,200,dc.scaffold.htb,Microsoft-Windows-TaskScheduler,Microsoft-Windows-TaskScheduler/Operational,3077,4,C:\Windows\Explorer.EXE,5140,,,,,,,,,7D13B77D-9391-4F10-B537-FCB964423378,\CreateExplorerShellUnelevatedTask,,,ActionStart
2026-05-17T16:37:39.813996Z,201,dc.scaffold.htb,Microsoft-Windows-TaskScheduler,Microsoft-Windows-TaskScheduler/Operational,3078,4,Certificate Services Client Task Handler,2072,,,,,,,0,,AA35F68E-2FC5-416E-A652-6D2464D030DF,\Microsoft\Windows\CertificateServicesClient\UserTask,,,ActionSuccess
2026-05-17T16:37:39.813998Z,102,dc.scaffold.htb,Microsoft-Windows-TaskScheduler,Microsoft-Windows-TaskScheduler/Operational,3079,4,,,AA35F68E-2FC5-416E-A652-6D2464D030DF,,,,,,,,,\Microsoft\Windows\CertificateServicesClient\UserTask,SCAFFOLD\Administrator,,TaskSuccessEvent
2026-05-17T16:37:39.815243Z,201,dc.scaffold.htb,Microsoft-Windows-TaskScheduler,Microsoft-Windows-TaskScheduler/Operational,3080,4,Device Installation Reboot Dialog Task,2708,,,,,,,0,,2AC8366C-F08A-43D4-97A3-A813CA260566,\Microsoft\Windows\Plug and Play\Device Install Reboot Required,,,ActionSuccess
2026-05-17T16:37:39.815243Z,102,dc.scaffold.htb,Microsoft-Windows-TaskScheduler,Microsoft-Windows-TaskScheduler/Operational,3081,4,,,2AC8366C-F08A-43D4-97A3-A813CA260566,,,,,,,,,\Microsoft\Windows\Plug and Play\Device Install Reboot Required,SCAFFOLD\Administrator,,TaskSuccessEvent
2026-05-17T16:37:39.859293Z,201,dc.scaffold.htb,Microsoft-Windows-TaskScheduler,Microsoft-Windows-TaskScheduler/Operational,3082,4,Color Calibration Loader,2072,,,,,,,0,,DE0EF22E-0F70-4B7B-8E55-3D3EAC8A180F,\Microsoft\Windows\WindowsColorSystem\Calibration Loader,,,ActionSuccess
2026-05-17T16:37:39.859294Z,102,dc.scaffold.htb,Microsoft-Windows-TaskScheduler,Microsoft-Windows-TaskScheduler/Operational,3083,4,,,DE0EF22E-0F70-4B7B-8E55-3D3EAC8A180F,,,,,,,,,\Microsoft\Windows\WindowsColorSystem\Calibration Loader,SCAFFOLD\Administrator,,TaskSuccessEvent
2026-05-17T16:37:40.740049Z,201,dc.scaffold.htb,Microsoft-Windows-TaskScheduler,Microsoft-Windows-TaskScheduler/Operational,3084,4,%windir%\system32\ServerManagerLauncher.exe,1108,,,,,,,0,,7B87CEE0-75B0-4E7C-8DD1-AC9BC6B866EB,\Microsoft\Windows\Server Manager\ServerManager,,,ActionSuccess
2026-05-17T16:37:40.740260Z,102,dc.scaffold.htb,Microsoft-Windows-TaskScheduler,Microsoft-Windows-TaskScheduler/Operational,3085,4,,,7B87CEE0-75B0-4E7C-8DD1-AC9BC6B866EB,,,,,,,,,\Microsoft\Windows\Server Manager\ServerManager,SCAFFOLD\Administrator,,TaskSuccessEvent
2026-05-17T16:38:10.042955Z,119,dc.scaffold.htb,Microsoft-Windows-TaskScheduler,Microsoft-Windows-TaskScheduler/Operational,3086,4,,,E56EB0F5-C72A-47F1-97FD-2D13457818C8,,,,,,,,,\Microsoft\Windows\International\Synchronize Language Settings,,SCAFFOLD\Administrator,LogonTrigger
2026-05-17T16:38:10.046414Z,129,dc.scaffold.htb,Microsoft-Windows-TaskScheduler,Microsoft-Windows-TaskScheduler/Operational,3087,4,,,,,taskhostw.exe,32,5928,,,,,\Microsoft\Windows\International\Synchronize Language Settings,,,CreatedTaskProcess
2026-05-17T16:38:10.046869Z,100,dc.scaffold.htb,Microsoft-Windows-TaskScheduler,Microsoft-Windows-TaskScheduler/Operational,3088,4,,,E56EB0F5-C72A-47F1-97FD-2D13457818C8,,,,,,,,,\Microsoft\Windows\International\Synchronize Language Settings,SCAFFOLD\Administrator,,TaskStartEvent
2026-05-17T16:38:10.046872Z,200,dc.scaffold.htb,Microsoft-Windows-TaskScheduler,Microsoft-Windows-TaskScheduler/Operational,3089,4,Sync Language Data From Cloud Task,5928,,,,,,,,,E56EB0F5-C72A-47F1-97FD-2D13457818C8,\Microsoft\Windows\International\Synchronize Language Settings,,,ActionStart
2026-05-17T16:38:26.838562Z,140,dc.scaffold.htb,Microsoft-Windows-TaskScheduler,Microsoft-Windows-TaskScheduler/Operational,3090,4,,,,,,,,,,,,\Microsoft\Windows\Application Experience\PcaPatchDbTask,,SCAFFOLD\DC$,TaskUpdated
2026-05-17T16:38:29.211721Z,140,dc.scaffold.htb,Microsoft-Windows-TaskScheduler,Microsoft-Windows-TaskScheduler/Operational,3091,4,,,,,,,,,,,,\Microsoft\Windows\UpdateOrchestrator\Schedule Scan,,S-1-5-18,TaskUpdated
2026-05-17T16:38:29.233080Z,140,dc.scaffold.htb,Microsoft-Windows-TaskScheduler,Microsoft-Windows-TaskScheduler/Operational,3092,4,,,,,,,,,,,,\Microsoft\Windows\UpdateOrchestrator\Schedule Scan,,SCAFFOLD\DC$,TaskUpdated
2026-05-17T16:38:40.027321Z,119,dc.scaffold.htb,Microsoft-Windows-TaskScheduler,Microsoft-Windows-TaskScheduler/Operational,3093,4,,,6C862778-D06B-49D3-9692-D00701FB9353,,,,,,,,,\Microsoft\Windows\Workplace Join\Automatic-Device-Join,,SCAFFOLD\Administrator,LogonTrigger
2026-05-17T16:38:40.030601Z,129,dc.scaffold.htb,Microsoft-Windows-TaskScheduler,Microsoft-Windows-TaskScheduler/Operational,3094,4,,,,,%SystemRoot%\System32\dsregcmd.exe,16384,1336,,,,,\Microsoft\Windows\Workplace Join\Automatic-Device-Join,,,CreatedTaskProcess
2026-05-17T16:38:40.030793Z,100,dc.scaffold.htb,Microsoft-Windows-TaskScheduler,Microsoft-Windows-TaskScheduler/Operational,3095,4,,,6C862778-D06B-49D3-9692-D00701FB9353,,,,,,,,,\Microsoft\Windows\Workplace Join\Automatic-Device-Join,NT AUTHORITY\SYSTEM,,TaskStartEvent
2026-05-17T16:38:40.030796Z,200,dc.scaffold.htb,Microsoft-Windows-TaskScheduler,Microsoft-Windows-TaskScheduler/Operational,3096,4,%SystemRoot%\System32\dsregcmd.exe,1336,,,,,,,,,6C862778-D06B-49D3-9692-D00701FB9353,\Microsoft\Windows\Workplace Join\Automatic-Device-Join,,,ActionStart
2026-05-17T16:38:40.078836Z,201,dc.scaffold.htb,Microsoft-Windows-TaskScheduler,Microsoft-Windows-TaskScheduler/Operational,3097,4,%SystemRoot%\System32\dsregcmd.exe,1336,,,,,,,2147942401,,6C862778-D06B-49D3-9692-D00701FB9353,\Microsoft\Windows\Workplace Join\Automatic-Device-Join,,,ActionSuccess
2026-05-17T16:38:40.078983Z,102,dc.scaffold.htb,Microsoft-Windows-TaskScheduler,Microsoft-Windows-TaskScheduler/Operational,3098,4,,,6C862778-D06B-49D3-9692-D00701FB9353,,,,,,,,,\Microsoft\Windows\Workplace Join\Automatic-Device-Join,NT AUTHORITY\SYSTEM,,TaskSuccessEvent
2026-05-17T16:38:44.671458Z,202,dc.scaffold.htb,Microsoft-Windows-TaskScheduler,Microsoft-Windows-TaskScheduler/Operational,3099,2,Sync Language Data From Cloud Task,5928,,,,,,,2147746053,,E56EB0F5-C72A-47F1-97FD-2D13457818C8,\Microsoft\Windows\International\Synchronize Language Settings,,,ActionFailure
2026-05-17T16:38:44.671461Z,103,dc.scaffold.htb,Microsoft-Windows-TaskScheduler,Microsoft-Windows-TaskScheduler/Operational,3100,2,,,E56EB0F5-C72A-47F1-97FD-2D13457818C8,,,,,,2147746053,,,\Microsoft\Windows\International\Synchronize Language Settings,SCAFFOLD\Administrator,,TaskFailureEvent
2026-05-17T16:39:16.805690Z,118,dc.scaffold.htb,Microsoft-Windows-TaskScheduler,Microsoft-Windows-TaskScheduler/Operational,3101,4,,,C43F8A7A-E2F0-4B9C-95BA-1CBCEEC9AC3E,,,,,,,,,\Microsoft\Windows\Windows Error Reporting\QueueReporting,,,BootTrigger
2026-05-17T16:39:16.810398Z,129,dc.scaffold.htb,Microsoft-Windows-TaskScheduler,Microsoft-Windows-TaskScheduler/Operational,3102,4,,,,,taskhostw.exe,16384,2724,,,,,\Microsoft\Windows\Flighting\FeatureConfig\ReconcileFeatures,,,CreatedTaskProcess
2026-05-17T16:39:16.810939Z,100,dc.scaffold.htb,Microsoft-Windows-TaskScheduler,Microsoft-Windows-TaskScheduler/Operational,3103,4,,,6120CAF4-8D0C-4373-B25C-CE8A49F0D33E,,,,,,,,,\Microsoft\Windows\Flighting\FeatureConfig\ReconcileFeatures,NT AUTHORITY\SYSTEM,,TaskStartEvent
2026-05-17T16:39:16.810943Z,200,dc.scaffold.htb,Microsoft-Windows-TaskScheduler,Microsoft-Windows-TaskScheduler/Operational,3104,4,Feature Configuration Reconciliation Task Handler,2724,,,,,,,,,6120CAF4-8D0C-4373-B25C-CE8A49F0D33E,\Microsoft\Windows\Flighting\FeatureConfig\ReconcileFeatures,,,ActionStart
2026-05-17T16:39:16.822866Z,129,dc.scaffold.htb,Microsoft-Windows-TaskScheduler,Microsoft-Windows-TaskScheduler/Operational,3105,4,,,,,%windir%\system32\wermgr.exe,16384,3844,,,,,\Microsoft\Windows\Windows Error Reporting\QueueReporting,,,CreatedTaskProcess
2026-05-17T16:39:16.823268Z,100,dc.scaffold.htb,Microsoft-Windows-TaskScheduler,Microsoft-Windows-TaskScheduler/Operational,3106,4,,,C43F8A7A-E2F0-4B9C-95BA-1CBCEEC9AC3E,,,,,,,,,\Microsoft\Windows\Windows Error Reporting\QueueReporting,NT AUTHORITY\SYSTEM,,TaskStartEvent
2026-05-17T16:39:16.823272Z,200,dc.scaffold.htb,Microsoft-Windows-TaskScheduler,Microsoft-Windows-TaskScheduler/Operational,3107,4,%windir%\system32\wermgr.exe,3844,,,,,,,,,C43F8A7A-E2F0-4B9C-95BA-1CBCEEC9AC3E,\Microsoft\Windows\Windows Error Reporting\QueueReporting,,,ActionStart
2026-05-17T16:39:16.857349Z,201,dc.scaffold.htb,Microsoft-Windows-TaskScheduler,Microsoft-Windows-TaskScheduler/Operational,3108,4,Feature Configuration Reconciliation Task Handler,2724,,,,,,,0,,6120CAF4-8D0C-4373-B25C-CE8A49F0D33E,\Microsoft\Windows\Flighting\FeatureConfig\ReconcileFeatures,,,ActionSuccess
2026-05-17T16:39:16.857350Z,102,dc.scaffold.htb,Microsoft-Windows-TaskScheduler,Microsoft-Windows-TaskScheduler/Operational,3109,4,,,6120CAF4-8D0C-4373-B25C-CE8A49F0D33E,,,,,,,,,\Microsoft\Windows\Flighting\FeatureConfig\ReconcileFeatures,NT AUTHORITY\SYSTEM,,TaskSuccessEvent
2026-05-17T16:39:22.784481Z,129,dc.scaffold.htb,Microsoft-Windows-TaskScheduler,Microsoft-Windows-TaskScheduler/Operational,3110,4,,,,,taskhostw.exe,16384,6576,,,,,\Microsoft\Windows\CertificateServicesClient\SystemTask,,,CreatedTaskProcess
2026-05-17T16:39:22.784743Z,100,dc.scaffold.htb,Microsoft-Windows-TaskScheduler,Microsoft-Windows-TaskScheduler/Operational,3111,4,,,61D68C80-F455-483E-9E87-79051BB0C025,,,,,,,,,\Microsoft\Windows\CertificateServicesClient\SystemTask,NT AUTHORITY\SYSTEM,,TaskStartEvent
2026-05-17T16:39:22.784745Z,200,dc.scaffold.htb,Microsoft-Windows-TaskScheduler,Microsoft-Windows-TaskScheduler/Operational,3112,4,Certificate Services Client Task Handler,6576,,,,,,,,,61D68C80-F455-483E-9E87-79051BB0C025,\Microsoft\Windows\CertificateServicesClient\SystemTask,,,ActionStart
2026-05-17T16:39:22.785243Z,100,dc.scaffold.htb,Microsoft-Windows-TaskScheduler,Microsoft-Windows-TaskScheduler/Operational,3113,4,,,216486EF-7E3B-427D-BE56-BB17D04717A4,,,,,,,,,\Microsoft\Windows\Flighting\FeatureConfig\ReconcileFeatures,NT AUTHORITY\SYSTEM,,TaskStartEvent
2026-05-17T16:39:22.785244Z,200,dc.scaffold.htb,Microsoft-Windows-TaskScheduler,Microsoft-Windows-TaskScheduler/Operational,3114,4,Feature Configuration Reconciliation Task Handler,6576,,,,,,,,,216486EF-7E3B-427D-BE56-BB17D04717A4,\Microsoft\Windows\Flighting\FeatureConfig\ReconcileFeatures,,,ActionStart
2026-05-17T16:39:22.836904Z,201,dc.scaffold.htb,Microsoft-Windows-TaskScheduler,Microsoft-Windows-TaskScheduler/Operational,3115,4,Feature Configuration Reconciliation Task Handler,6576,,,,,,,0,,216486EF-7E3B-427D-BE56-BB17D04717A4,\Microsoft\Windows\Flighting\FeatureConfig\ReconcileFeatures,,,ActionSuccess
2026-05-17T16:39:22.836905Z,102,dc.scaffold.htb,Microsoft-Windows-TaskScheduler,Microsoft-Windows-TaskScheduler/Operational,3116,4,,,216486EF-7E3B-427D-BE56-BB17D04717A4,,,,,,,,,\Microsoft\Windows\Flighting\FeatureConfig\ReconcileFeatures,NT AUTHORITY\SYSTEM,,TaskSuccessEvent
2026-05-17T16:39:22.887789Z,100,dc.scaffold.htb,Microsoft-Windows-TaskScheduler,Microsoft-Windows-TaskScheduler/Operational,3117,4,,,DBE376C5-D9B9-4064-B097-864A400DA288,,,,,,,,,\Microsoft\Windows\ExploitGuard\ExploitGuard MDM policy Refresh,NT AUTHORITY\SYSTEM,,TaskStartEvent
2026-05-17T16:39:22.887794Z,100,dc.scaffold.htb,Microsoft-Windows-TaskScheduler,Microsoft-Windows-TaskScheduler/Operational,3118,4,,,4E9C15FE-B4A6-47CE-8CEF-446FE809BB02,,,,,,,,,\Microsoft\Windows\Plug and Play\Device Install Group Policy,NT AUTHORITY\SYSTEM,,TaskStartEvent
2026-05-17T16:39:22.887796Z,200,dc.scaffold.htb,Microsoft-Windows-TaskScheduler,Microsoft-Windows-TaskScheduler/Operational,3119,4,,6576,,,,,,,,,DBE376C5-D9B9-4064-B097-864A400DA288,\Microsoft\Windows\ExploitGuard\ExploitGuard MDM policy Refresh,,,ActionStart
2026-05-17T16:39:22.887798Z,200,dc.scaffold.htb,Microsoft-Windows-TaskScheduler,Microsoft-Windows-TaskScheduler/Operational,3120,4,Device Installation Group Policy Task Handler,6576,,,,,,,,,4E9C15FE-B4A6-47CE-8CEF-446FE809BB02,\Microsoft\Windows\Plug and Play\Device Install Group Policy,,,ActionStart
2026-05-17T16:39:22.899085Z,201,dc.scaffold.htb,Microsoft-Windows-TaskScheduler,Microsoft-Windows-TaskScheduler/Operational,3121,4,,6576,,,,,,,0,,DBE376C5-D9B9-4064-B097-864A400DA288,\Microsoft\Windows\ExploitGuard\ExploitGuard MDM policy Refresh,,,ActionSuccess
2026-05-17T16:39:22.899086Z,102,dc.scaffold.htb,Microsoft-Windows-TaskScheduler,Microsoft-Windows-TaskScheduler/Operational,3122,4,,,DBE376C5-D9B9-4064-B097-864A400DA288,,,,,,,,,\Microsoft\Windows\ExploitGuard\ExploitGuard MDM policy Refresh,NT AUTHORITY\SYSTEM,,TaskSuccessEvent
2026-05-17T16:39:22.907979Z,201,dc.scaffold.htb,Microsoft-Windows-TaskScheduler,Microsoft-Windows-TaskScheduler/Operational,3123,4,Device Installation Group Policy Task Handler,6576,,,,,,,0,,4E9C15FE-B4A6-47CE-8CEF-446FE809BB02,\Microsoft\Windows\Plug and Play\Device Install Group Policy,,,ActionSuccess
2026-05-17T16:39:22.907980Z,102,dc.scaffold.htb,Microsoft-Windows-TaskScheduler,Microsoft-Windows-TaskScheduler/Operational,3124,4,,,4E9C15FE-B4A6-47CE-8CEF-446FE809BB02,,,,,,,,,\Microsoft\Windows\Plug and Play\Device Install Group Policy,NT AUTHORITY\SYSTEM,,TaskSuccessEvent
2026-05-17T16:39:23.505342Z,107,dc.scaffold.htb,Microsoft-Windows-TaskScheduler,Microsoft-Windows-TaskScheduler/Operational,3125,4,,,C640710F-3B0A-444F-80CB-C54B7C7331A0,,,,,,,,,\MicrosoftEdgeUpdateTaskMachineUA,,,TimeTriggerEvent
2026-05-17T16:39:23.509931Z,129,dc.scaffold.htb,Microsoft-Windows-TaskScheduler,Microsoft-Windows-TaskScheduler/Operational,3126,4,,,,,C:\Program Files (x86)\Microsoft\EdgeUpdate\MicrosoftEdgeUpdate.exe,32,6812,,,,,\MicrosoftEdgeUpdateTaskMachineUA,,,CreatedTaskProcess
2026-05-17T16:39:23.510193Z,100,dc.scaffold.htb,Microsoft-Windows-TaskScheduler,Microsoft-Windows-TaskScheduler/Operational,3127,4,,,C640710F-3B0A-444F-80CB-C54B7C7331A0,,,,,,,,,\MicrosoftEdgeUpdateTaskMachineUA,NT AUTHORITY\SYSTEM,,TaskStartEvent
2026-05-17T16:39:23.510196Z,200,dc.scaffold.htb,Microsoft-Windows-TaskScheduler,Microsoft-Windows-TaskScheduler/Operational,3128,4,C:\Program Files (x86)\Microsoft\EdgeUpdate\MicrosoftEdgeUpdate.exe,6812,,,,,,,,,C640710F-3B0A-444F-80CB-C54B7C7331A0,\MicrosoftEdgeUpdateTaskMachineUA,,,ActionStart
2026-05-17T16:39:23.549039Z,201,dc.scaffold.htb,Microsoft-Windows-TaskScheduler,Microsoft-Windows-TaskScheduler/Operational,3129,4,C:\Program Files (x86)\Microsoft\EdgeUpdate\MicrosoftEdgeUpdate.exe,6812,,,,,,,0,,C640710F-3B0A-444F-80CB-C54B7C7331A0,\MicrosoftEdgeUpdateTaskMachineUA,,,ActionSuccess
2026-05-17T16:39:23.549136Z,102,dc.scaffold.htb,Microsoft-Windows-TaskScheduler,Microsoft-Windows-TaskScheduler/Operational,3130,4,,,C640710F-3B0A-444F-80CB-C54B7C7331A0,,,,,,,,,\MicrosoftEdgeUpdateTaskMachineUA,NT AUTHORITY\SYSTEM,,TaskSuccessEvent
2026-05-17T16:39:32.059319Z,201,dc.scaffold.htb,Microsoft-Windows-TaskScheduler,Microsoft-Windows-TaskScheduler/Operational,3131,4,Certificate Services Client Task Handler,6576,,,,,,,0,,61D68C80-F455-483E-9E87-79051BB0C025,\Microsoft\Windows\CertificateServicesClient\SystemTask,,,ActionSuccess
2026-05-17T16:39:32.059321Z,102,dc.scaffold.htb,Microsoft-Windows-TaskScheduler,Microsoft-Windows-TaskScheduler/Operational,3132,4,,,61D68C80-F455-483E-9E87-79051BB0C025,,,,,,,,,\Microsoft\Windows\CertificateServicesClient\SystemTask,NT AUTHORITY\SYSTEM,,TaskSuccessEvent
2026-05-17T16:39:34.810195Z,201,dc.scaffold.htb,Microsoft-Windows-TaskScheduler,Microsoft-Windows-TaskScheduler/Operational,3133,4,%windir%\system32\wermgr.exe,3844,,,,,,,0,,C43F8A7A-E2F0-4B9C-95BA-1CBCEEC9AC3E,\Microsoft\Windows\Windows Error Reporting\QueueReporting,,,ActionSuccess
2026-05-17T16:39:34.810330Z,102,dc.scaffold.htb,Microsoft-Windows-TaskScheduler,Microsoft-Windows-TaskScheduler/Operational,3134,4,,,C43F8A7A-E2F0-4B9C-95BA-1CBCEEC9AC3E,,,,,,,,,\Microsoft\Windows\Windows Error Reporting\QueueReporting,NT AUTHORITY\SYSTEM,,TaskSuccessEvent
2026-05-17T16:41:18.862554Z,201,dc.scaffold.htb,Microsoft-Windows-TaskScheduler,Microsoft-Windows-TaskScheduler/Operational,3135,4,C:\Windows\Explorer.EXE,5140,,,,,,,2147942404,,7D13B77D-9391-4F10-B537-FCB964423378,\CreateExplorerShellUnelevatedTask,,,ActionSuccess
2026-05-17T16:41:18.863011Z,102,dc.scaffold.htb,Microsoft-Windows-TaskScheduler,Microsoft-Windows-TaskScheduler/Operational,3136,4,,,7D13B77D-9391-4F10-B537-FCB964423378,,,,,,,,,\CreateExplorerShellUnelevatedTask,SCAFFOLD\Administrator,,TaskSuccessEvent
2026-05-17T16:41:18.927487Z,202,dc.scaffold.htb,Microsoft-Windows-TaskScheduler,Microsoft-Windows-TaskScheduler/Operational,3137,2,Wininet Cache task object,1412,,,,,,,2147942404,,5FEB1F0C-D1AF-4F17-B819-716FFB6B2440,\Microsoft\Windows\Wininet\CacheTask,,,ActionFailure
2026-05-17T16:41:18.927488Z,103,dc.scaffold.htb,Microsoft-Windows-TaskScheduler,Microsoft-Windows-TaskScheduler/Operational,3138,2,,,5FEB1F0C-D1AF-4F17-B819-716FFB6B2440,,,,,,2147942404,,,\Microsoft\Windows\Wininet\CacheTask,,,TaskFailureEvent
2026-05-17T16:41:19.123081Z,201,dc.scaffold.htb,Microsoft-Windows-TaskScheduler,Microsoft-Windows-TaskScheduler/Operational,3139,4,C:\Program Files (x86)\Microsoft\EdgeUpdate\MicrosoftEdgeUpdate.exe,2844,,,,,,,2147943691,,B183DFD6-D7C5-4D62-B80E-1D45C7BDCBE6,\MicrosoftEdgeUpdateTaskMachineCore,,,ActionSuccess
2026-05-17T16:41:19.123260Z,102,dc.scaffold.htb,Microsoft-Windows-TaskScheduler,Microsoft-Windows-TaskScheduler/Operational,3140,4,,,B183DFD6-D7C5-4D62-B80E-1D45C7BDCBE6,,,,,,,,,\MicrosoftEdgeUpdateTaskMachineCore,NT AUTHORITY\SYSTEM,,TaskSuccessEvent
2026-05-17T16:41:19.123272Z,111,dc.scaffold.htb,Microsoft-Windows-TaskScheduler,Microsoft-Windows-TaskScheduler/Operational,3141,4,,,B183DFD6-D7C5-4D62-B80E-1D45C7BDCBE6,,,,,,,,,\MicrosoftEdgeUpdateTaskMachineCore,,,TaskTerminationEvent
2026-05-17T16:41:19.159915Z,140,dc.scaffold.htb,Microsoft-Windows-TaskScheduler,Microsoft-Windows-TaskScheduler/Operational,3142,4,,,,,,,,,,,,\Microsoft\Windows\WindowsUpdate\Scheduled Start,,NT AUTHORITY\SYSTEM,TaskUpdated
2026-05-17T16:41:20.334524Z,402,dc.scaffold.htb,Microsoft-Windows-TaskScheduler,Microsoft-Windows-TaskScheduler/Operational,3143,4,,,,ServiceStopEvent,,,,,,,,,,,
2026-05-18T14:36:17.782059Z,700,dc.scaffold.htb,Microsoft-Windows-TaskScheduler,Microsoft-Windows-TaskScheduler/Operational,3144,4,,,,CompatibilityAdapterLaunch,,,,,,,,,,,
2026-05-18T14:36:17.844362Z,400,dc.scaffold.htb,Microsoft-Windows-TaskScheduler,Microsoft-Windows-TaskScheduler/Operational,3145,4,,,,ServiceStartEvent,,,,,,,,,,,
2026-05-18T14:36:17.864609Z,118,dc.scaffold.htb,Microsoft-Windows-TaskScheduler,Microsoft-Windows-TaskScheduler/Operational,3146,4,,,39469E72-3107-4A6B-9ECF-1AC5C1A2D0E9,,,,,,,,,\Microsoft\Windows\ExploitGuard\ExploitGuard MDM policy Refresh,,,BootTrigger
2026-05-18T14:36:17.868198Z,129,dc.scaffold.htb,Microsoft-Windows-TaskScheduler,Microsoft-Windows-TaskScheduler/Operational,3147,4,,,,,taskhostw.exe,16384,2156,,,,,\Microsoft\Windows\ExploitGuard\ExploitGuard MDM policy Refresh,,,CreatedTaskProcess
2026-05-18T14:36:17.868558Z,100,dc.scaffold.htb,Microsoft-Windows-TaskScheduler,Microsoft-Windows-TaskScheduler/Operational,3148,4,,,39469E72-3107-4A6B-9ECF-1AC5C1A2D0E9,,,,,,,,,\Microsoft\Windows\ExploitGuard\ExploitGuard MDM policy Refresh,NT AUTHORITY\SYSTEM,,TaskStartEvent
2026-05-18T14:36:17.868560Z,200,dc.scaffold.htb,Microsoft-Windows-TaskScheduler,Microsoft-Windows-TaskScheduler/Operational,3149,4,,2156,,,,,,,,,39469E72-3107-4A6B-9ECF-1AC5C1A2D0E9,\Microsoft\Windows\ExploitGuard\ExploitGuard MDM policy Refresh,,,ActionStart
2026-05-18T14:36:17.869231Z,129,dc.scaffold.htb,Microsoft-Windows-TaskScheduler,Microsoft-Windows-TaskScheduler/Operational,3150,4,,,,,%windir%\system32\dxgiadaptercache.exe,16384,2168,,,,,\Microsoft\Windows\DirectX\DXGIAdapterCache,,,CreatedTaskProcess
2026-05-18T14:36:17.869310Z,100,dc.scaffold.htb,Microsoft-Windows-TaskScheduler,Microsoft-Windows-TaskScheduler/Operational,3151,4,,,6F88ADD1-AB97-4075-B4A9-3720EC53E0FD,,,,,,,,,\Microsoft\Windows\DirectX\DXGIAdapterCache,NT AUTHORITY\SYSTEM,,TaskStartEvent
2026-05-18T14:36:17.869311Z,200,dc.scaffold.htb,Microsoft-Windows-TaskScheduler,Microsoft-Windows-TaskScheduler/Operational,3152,4,%windir%\system32\dxgiadaptercache.exe,2168,,,,,,,,,6F88ADD1-AB97-4075-B4A9-3720EC53E0FD,\Microsoft\Windows\DirectX\DXGIAdapterCache,,,ActionStart
2026-05-18T14:36:17.975733Z,101,dc.scaffold.htb,Microsoft-Windows-TaskScheduler,Microsoft-Windows-TaskScheduler/Operational,3153,2,,,,,,,,,2147943568,,,\Microsoft\Windows\Workplace Join\Automatic-Device-Join,(default user),,TaskStartFailedEvent
2026-05-18T14:36:18.092719Z,100,dc.scaffold.htb,Microsoft-Windows-TaskScheduler,Microsoft-Windows-TaskScheduler/Operational,3154,4,,,92E6FDC6-4EF6-4A0D-AAFB-A22A2240D905,,,,,,,,,\Microsoft\Windows\WwanSvc\OobeDiscovery,NT AUTHORITY\SYSTEM,,TaskStartEvent
2026-05-18T14:36:18.092722Z,200,dc.scaffold.htb,Microsoft-Windows-TaskScheduler,Microsoft-Windows-TaskScheduler/Operational,3155,4,OobeEsimTaskManager,2156,,,,,,,,,92E6FDC6-4EF6-4A0D-AAFB-A22A2240D905,\Microsoft\Windows\WwanSvc\OobeDiscovery,,,ActionStart
2026-05-18T14:36:18.123577Z,129,dc.scaffold.htb,Microsoft-Windows-TaskScheduler,Microsoft-Windows-TaskScheduler/Operational,3156,4,,,,,taskhostw.exe,16384,2628,,,,,\Microsoft\Windows\Time Synchronization\ForceSynchronizeTime,,,CreatedTaskProcess
2026-05-18T14:36:18.123679Z,100,dc.scaffold.htb,Microsoft-Windows-TaskScheduler,Microsoft-Windows-TaskScheduler/Operational,3157,4,,,0232B86C-6483-4DBF-8457-BBB781D92C99,,,,,,,,,\Microsoft\Windows\Time Synchronization\ForceSynchronizeTime,(NONE),,TaskStartEvent
2026-05-18T14:36:18.123679Z,200,dc.scaffold.htb,Microsoft-Windows-TaskScheduler,Microsoft-Windows-TaskScheduler/Operational,3158,4,Time Synchronization Task Handler,2628,,,,,,,,,0232B86C-6483-4DBF-8457-BBB781D92C99,\Microsoft\Windows\Time Synchronization\ForceSynchronizeTime,,,ActionStart
2026-05-18T14:36:18.178237Z,201,dc.scaffold.htb,Microsoft-Windows-TaskScheduler,Microsoft-Windows-TaskScheduler/Operational,3159,4,Time Synchronization Task Handler,2628,,,,,,,0,,0232B86C-6483-4DBF-8457-BBB781D92C99,\Microsoft\Windows\Time Synchronization\ForceSynchronizeTime,,,ActionSuccess
2026-05-18T14:36:18.178238Z,102,dc.scaffold.htb,Microsoft-Windows-TaskScheduler,Microsoft-Windows-TaskScheduler/Operational,3160,4,,,0232B86C-6483-4DBF-8457-BBB781D92C99,,,,,,,,,\Microsoft\Windows\Time Synchronization\ForceSynchronizeTime,(NONE),,TaskSuccessEvent
2026-05-18T14:36:18.196884Z,201,dc.scaffold.htb,Microsoft-Windows-TaskScheduler,Microsoft-Windows-TaskScheduler/Operational,3161,4,%windir%\system32\dxgiadaptercache.exe,2168,,,,,,,0,,6F88ADD1-AB97-4075-B4A9-3720EC53E0FD,\Microsoft\Windows\DirectX\DXGIAdapterCache,,,ActionSuccess
2026-05-18T14:36:18.197117Z,102,dc.scaffold.htb,Microsoft-Windows-TaskScheduler,Microsoft-Windows-TaskScheduler/Operational,3162,4,,,6F88ADD1-AB97-4075-B4A9-3720EC53E0FD,,,,,,,,,\Microsoft\Windows\DirectX\DXGIAdapterCache,NT AUTHORITY\SYSTEM,,TaskSuccessEvent
2026-05-18T14:36:18.241181Z,201,dc.scaffold.htb,Microsoft-Windows-TaskScheduler,Microsoft-Windows-TaskScheduler/Operational,3163,4,,2156,,,,,,,0,,39469E72-3107-4A6B-9ECF-1AC5C1A2D0E9,\Microsoft\Windows\ExploitGuard\ExploitGuard MDM policy Refresh,,,ActionSuccess
2026-05-18T14:36:18.241181Z,102,dc.scaffold.htb,Microsoft-Windows-TaskScheduler,Microsoft-Windows-TaskScheduler/Operational,3164,4,,,39469E72-3107-4A6B-9ECF-1AC5C1A2D0E9,,,,,,,,,\Microsoft\Windows\ExploitGuard\ExploitGuard MDM policy Refresh,NT AUTHORITY\SYSTEM,,TaskSuccessEvent
2026-05-18T14:36:18.321286Z,201,dc.scaffold.htb,Microsoft-Windows-TaskScheduler,Microsoft-Windows-TaskScheduler/Operational,3165,4,OobeEsimTaskManager,2156,,,,,,,0,,92E6FDC6-4EF6-4A0D-AAFB-A22A2240D905,\Microsoft\Windows\WwanSvc\OobeDiscovery,,,ActionSuccess
2026-05-18T14:36:18.321287Z,102,dc.scaffold.htb,Microsoft-Windows-TaskScheduler,Microsoft-Windows-TaskScheduler/Operational,3166,4,,,92E6FDC6-4EF6-4A0D-AAFB-A22A2240D905,,,,,,,,,\Microsoft\Windows\WwanSvc\OobeDiscovery,NT AUTHORITY\SYSTEM,,TaskSuccessEvent
2026-05-18T14:36:18.693485Z,108,dc.scaffold.htb,Microsoft-Windows-TaskScheduler,Microsoft-Windows-TaskScheduler/Operational,3167,4,,,34F813E2-6967-43A7-BC06-056CD71330CF,,,,,,,,,\Microsoft\Windows\SoftwareProtectionPlatform\SvcRestartTaskNetwork,,,EventTriggerEvent
2026-05-18T14:36:18.695652Z,129,dc.scaffold.htb,Microsoft-Windows-TaskScheduler,Microsoft-Windows-TaskScheduler/Operational,3168,4,,,,,taskhostw.exe,16384,2732,,,,,\Microsoft\Windows\SoftwareProtectionPlatform\SvcRestartTaskNetwork,,,CreatedTaskProcess
2026-05-18T14:36:18.695788Z,100,dc.scaffold.htb,Microsoft-Windows-TaskScheduler,Microsoft-Windows-TaskScheduler/Operational,3169,4,,,34F813E2-6967-43A7-BC06-056CD71330CF,,,,,,,,,\Microsoft\Windows\SoftwareProtectionPlatform\SvcRestartTaskNetwork,(NONE),,TaskStartEvent
2026-05-18T14:36:18.695789Z,200,dc.scaffold.htb,Microsoft-Windows-TaskScheduler,Microsoft-Windows-TaskScheduler/Operational,3170,4,SppSvcRestartTaskHandler Class,2732,,,,,,,,,34F813E2-6967-43A7-BC06-056CD71330CF,\Microsoft\Windows\SoftwareProtectionPlatform\SvcRestartTaskNetwork,,,ActionStart
2026-05-18T14:36:18.990589Z,325,dc.scaffold.htb,Microsoft-Windows-TaskScheduler,Microsoft-Windows-TaskScheduler/Operational,3171,3,,,,,,,,52D7F658-16AD-4B20-8C37-D77AC5D40E77,,,,\Microsoft\Windows\Workplace Join\Automatic-Device-Join,,,TaskInstanceQueued
2026-05-18T14:36:18.990663Z,110,dc.scaffold.htb,Microsoft-Windows-TaskScheduler,Microsoft-Windows-TaskScheduler/Operational,3172,4,,,52D7F658-16AD-4B20-8C37-D77AC5D40E77,,,,,,,,,\Microsoft\Windows\Workplace Join\Automatic-Device-Join,System,,TaskRunEvent
2026-05-18T14:36:18.994697Z,129,dc.scaffold.htb,Microsoft-Windows-TaskScheduler,Microsoft-Windows-TaskScheduler/Operational,3173,4,,,,,%SystemRoot%\System32\dsregcmd.exe,16384,2800,,,,,\Microsoft\Windows\Workplace Join\Automatic-Device-Join,,,CreatedTaskProcess
2026-05-18T14:36:18.994876Z,100,dc.scaffold.htb,Microsoft-Windows-TaskScheduler,Microsoft-Windows-TaskScheduler/Operational,3174,4,,,52D7F658-16AD-4B20-8C37-D77AC5D40E77,,,,,,,,,\Microsoft\Windows\Workplace Join\Automatic-Device-Join,NT AUTHORITY\SYSTEM,,TaskStartEvent
2026-05-18T14:36:18.994878Z,200,dc.scaffold.htb,Microsoft-Windows-TaskScheduler,Microsoft-Windows-TaskScheduler/Operational,3175,4,%SystemRoot%\System32\dsregcmd.exe,2800,,,,,,,,,52D7F658-16AD-4B20-8C37-D77AC5D40E77,\Microsoft\Windows\Workplace Join\Automatic-Device-Join,,,ActionStart
2026-05-18T14:36:19.019416Z,201,dc.scaffold.htb,Microsoft-Windows-TaskScheduler,Microsoft-Windows-TaskScheduler/Operational,3176,4,SppSvcRestartTaskHandler Class,2732,,,,,,,0,,34F813E2-6967-43A7-BC06-056CD71330CF,\Microsoft\Windows\SoftwareProtectionPlatform\SvcRestartTaskNetwork,,,ActionSuccess
