2026-05-23T11:46:44.660883Z,322,dc.scaffold.htb,Microsoft-Windows-TaskScheduler,Microsoft-Windows-TaskScheduler/Operational,6017,3,,,,,,,,,,,AFCDB9D0-2745-46BE-A1DA-ED9F6CCDF5B3,\Deploy-Engine-OnAudit,,,NewInstanceIgnored
2026-05-23T11:46:44.842490Z,201,dc.scaffold.htb,Microsoft-Windows-TaskScheduler,Microsoft-Windows-TaskScheduler/Operational,6018,4,powershell.exe,7580,,,,,,,4294770688,,AFCDB9D0-2745-46BE-A1DA-ED9F6CCDF5B3,\Deploy-Engine-OnAudit,,,ActionSuccess
2026-05-23T11:46:44.843190Z,102,dc.scaffold.htb,Microsoft-Windows-TaskScheduler,Microsoft-Windows-TaskScheduler/Operational,6019,4,,,AFCDB9D0-2745-46BE-A1DA-ED9F6CCDF5B3,,,,,,,,,\Deploy-Engine-OnAudit,SCAFFOLD\Administrator,,TaskSuccessEvent
2026-05-23T11:46:53.663109Z,100,dc.scaffold.htb,Microsoft-Windows-TaskScheduler,Microsoft-Windows-TaskScheduler/Operational,6020,4,,,3EBC2EFE-EEA3-47A7-AAC2-962F7288CD83,,,,,,,,,\Microsoft\Windows\CertificateServicesClient\SystemTask,NT AUTHORITY\SYSTEM,,TaskStartEvent
2026-05-23T11:46:53.663111Z,200,dc.scaffold.htb,Microsoft-Windows-TaskScheduler,Microsoft-Windows-TaskScheduler/Operational,6021,4,Certificate Services Client Task Handler,1732,,,,,,,,,3EBC2EFE-EEA3-47A7-AAC2-962F7288CD83,\Microsoft\Windows\CertificateServicesClient\SystemTask,,,ActionStart
2026-05-23T11:46:53.663167Z,100,dc.scaffold.htb,Microsoft-Windows-TaskScheduler,Microsoft-Windows-TaskScheduler/Operational,6022,4,,,0A7B708A-1EAC-46F7-AB16-D0576C284F88,,,,,,,,,\Microsoft\Windows\ExploitGuard\ExploitGuard MDM policy Refresh,NT AUTHORITY\SYSTEM,,TaskStartEvent
2026-05-23T11:46:53.663168Z,200,dc.scaffold.htb,Microsoft-Windows-TaskScheduler,Microsoft-Windows-TaskScheduler/Operational,6023,4,,1732,,,,,,,,,0A7B708A-1EAC-46F7-AB16-D0576C284F88,\Microsoft\Windows\ExploitGuard\ExploitGuard MDM policy Refresh,,,ActionStart
2026-05-23T11:46:53.664166Z,100,dc.scaffold.htb,Microsoft-Windows-TaskScheduler,Microsoft-Windows-TaskScheduler/Operational,6024,4,,,E0B70045-A276-4802-8715-6767459385DE,,,,,,,,,\Microsoft\Windows\Plug and Play\Device Install Group Policy,NT AUTHORITY\SYSTEM,,TaskStartEvent
2026-05-23T11:46:53.664168Z,200,dc.scaffold.htb,Microsoft-Windows-TaskScheduler,Microsoft-Windows-TaskScheduler/Operational,6025,4,Device Installation Group Policy Task Handler,1732,,,,,,,,,E0B70045-A276-4802-8715-6767459385DE,\Microsoft\Windows\Plug and Play\Device Install Group Policy,,,ActionStart
2026-05-23T11:46:53.664469Z,100,dc.scaffold.htb,Microsoft-Windows-TaskScheduler,Microsoft-Windows-TaskScheduler/Operational,6026,4,,,6D3200B1-F494-42AC-9A13-B8F8111171BB,,,,,,,,,\Microsoft\Windows\Flighting\FeatureConfig\ReconcileFeatures,NT AUTHORITY\SYSTEM,,TaskStartEvent
2026-05-23T11:46:53.664470Z,200,dc.scaffold.htb,Microsoft-Windows-TaskScheduler,Microsoft-Windows-TaskScheduler/Operational,6027,4,Feature Configuration Reconciliation Task Handler,1732,,,,,,,,,6D3200B1-F494-42AC-9A13-B8F8111171BB,\Microsoft\Windows\Flighting\FeatureConfig\ReconcileFeatures,,,ActionStart
2026-05-23T11:46:53.701111Z,201,dc.scaffold.htb,Microsoft-Windows-TaskScheduler,Microsoft-Windows-TaskScheduler/Operational,6028,4,,1732,,,,,,,0,,0A7B708A-1EAC-46F7-AB16-D0576C284F88,\Microsoft\Windows\ExploitGuard\ExploitGuard MDM policy Refresh,,,ActionSuccess
2026-05-23T11:46:53.701112Z,102,dc.scaffold.htb,Microsoft-Windows-TaskScheduler,Microsoft-Windows-TaskScheduler/Operational,6029,4,,,0A7B708A-1EAC-46F7-AB16-D0576C284F88,,,,,,,,,\Microsoft\Windows\ExploitGuard\ExploitGuard MDM policy Refresh,NT AUTHORITY\SYSTEM,,TaskSuccessEvent
2026-05-23T11:46:53.734217Z,201,dc.scaffold.htb,Microsoft-Windows-TaskScheduler,Microsoft-Windows-TaskScheduler/Operational,6030,4,Device Installation Group Policy Task Handler,1732,,,,,,,0,,E0B70045-A276-4802-8715-6767459385DE,\Microsoft\Windows\Plug and Play\Device Install Group Policy,,,ActionSuccess
2026-05-23T11:46:53.734218Z,102,dc.scaffold.htb,Microsoft-Windows-TaskScheduler,Microsoft-Windows-TaskScheduler/Operational,6031,4,,,E0B70045-A276-4802-8715-6767459385DE,,,,,,,,,\Microsoft\Windows\Plug and Play\Device Install Group Policy,NT AUTHORITY\SYSTEM,,TaskSuccessEvent
2026-05-23T11:46:53.751562Z,201,dc.scaffold.htb,Microsoft-Windows-TaskScheduler,Microsoft-Windows-TaskScheduler/Operational,6032,4,Feature Configuration Reconciliation Task Handler,1732,,,,,,,0,,6D3200B1-F494-42AC-9A13-B8F8111171BB,\Microsoft\Windows\Flighting\FeatureConfig\ReconcileFeatures,,,ActionSuccess
2026-05-23T11:46:53.751564Z,102,dc.scaffold.htb,Microsoft-Windows-TaskScheduler,Microsoft-Windows-TaskScheduler/Operational,6033,4,,,6D3200B1-F494-42AC-9A13-B8F8111171BB,,,,,,,,,\Microsoft\Windows\Flighting\FeatureConfig\ReconcileFeatures,NT AUTHORITY\SYSTEM,,TaskSuccessEvent
2026-05-23T11:47:03.914106Z,201,dc.scaffold.htb,Microsoft-Windows-TaskScheduler,Microsoft-Windows-TaskScheduler/Operational,6034,4,Certificate Services Client Task Handler,1732,,,,,,,0,,3EBC2EFE-EEA3-47A7-AAC2-962F7288CD83,\Microsoft\Windows\CertificateServicesClient\SystemTask,,,ActionSuccess
2026-05-23T11:47:03.914107Z,102,dc.scaffold.htb,Microsoft-Windows-TaskScheduler,Microsoft-Windows-TaskScheduler/Operational,6035,4,,,3EBC2EFE-EEA3-47A7-AAC2-962F7288CD83,,,,,,,,,\Microsoft\Windows\CertificateServicesClient\SystemTask,NT AUTHORITY\SYSTEM,,TaskSuccessEvent
2026-05-23T11:47:13.901347Z,140,dc.scaffold.htb,Microsoft-Windows-TaskScheduler,Microsoft-Windows-TaskScheduler/Operational,6036,4,,,,,,,,,,,,\Microsoft\Windows\.NET Framework\.NET Framework NGEN v4.0.30319 64,,SYSTEM,TaskUpdated
2026-05-23T11:47:13.920650Z,202,dc.scaffold.htb,Microsoft-Windows-TaskScheduler,Microsoft-Windows-TaskScheduler/Operational,6037,2,,1732,,,,,,,2147946720,,6FF5615C-9D79-4AF3-8FE6-095548660C5E,\Microsoft\Windows\.NET Framework\.NET Framework NGEN v4.0.30319 64,,,ActionFailure
2026-05-23T11:47:13.920652Z,103,dc.scaffold.htb,Microsoft-Windows-TaskScheduler,Microsoft-Windows-TaskScheduler/Operational,6038,2,,,6FF5615C-9D79-4AF3-8FE6-095548660C5E,,,,,,2147946720,,,\Microsoft\Windows\.NET Framework\.NET Framework NGEN v4.0.30319 64,NT AUTHORITY\SYSTEM,,TaskFailureEvent
2026-05-23T11:47:34.272395Z,140,dc.scaffold.htb,Microsoft-Windows-TaskScheduler,Microsoft-Windows-TaskScheduler/Operational,6039,4,,,,,,,,,,,,\Microsoft\Windows\.NET Framework\.NET Framework NGEN v4.0.30319,,SYSTEM,TaskUpdated
2026-05-23T11:47:34.285458Z,202,dc.scaffold.htb,Microsoft-Windows-TaskScheduler,Microsoft-Windows-TaskScheduler/Operational,6040,2,,1732,,,,,,,2147946720,,F357F780-DF93-4416-AD48-6FE7E6BB2F57,\Microsoft\Windows\.NET Framework\.NET Framework NGEN v4.0.30319,,,ActionFailure
2026-05-23T11:47:34.285461Z,103,dc.scaffold.htb,Microsoft-Windows-TaskScheduler,Microsoft-Windows-TaskScheduler/Operational,6041,2,,,F357F780-DF93-4416-AD48-6FE7E6BB2F57,,,,,,2147946720,,,\Microsoft\Windows\.NET Framework\.NET Framework NGEN v4.0.30319,NT AUTHORITY\SYSTEM,,TaskFailureEvent
2026-05-23T11:48:57.517629Z,140,dc.scaffold.htb,Microsoft-Windows-TaskScheduler,Microsoft-Windows-TaskScheduler/Operational,6042,4,,,,,,,,,,,,\Microsoft\Windows\Application Experience\Microsoft Compatibility Appraiser,,S-1-5-18,TaskUpdated
2026-05-23T11:48:57.623823Z,201,dc.scaffold.htb,Microsoft-Windows-TaskScheduler,Microsoft-Windows-TaskScheduler/Operational,6043,4,%windir%\system32\compattelrunner.exe,2896,,,,,,,0,,498C696D-3813-4EED-8CFE-E65D9FE4B2F5,\Microsoft\Windows\Application Experience\Microsoft Compatibility Appraiser,,,ActionSuccess
2026-05-23T11:48:57.623950Z,102,dc.scaffold.htb,Microsoft-Windows-TaskScheduler,Microsoft-Windows-TaskScheduler/Operational,6044,4,,,498C696D-3813-4EED-8CFE-E65D9FE4B2F5,,,,,,,,,\Microsoft\Windows\Application Experience\Microsoft Compatibility Appraiser,NT AUTHORITY\SYSTEM,,TaskSuccessEvent
2026-05-23T11:51:32.168356Z,201,dc.scaffold.htb,Microsoft-Windows-TaskScheduler,Microsoft-Windows-TaskScheduler/Operational,6045,4,%windir%\system32\compattelrunner.exe,5876,,,,,,,0,,A183153F-CB05-4425-8722-76996F466FE5,\Microsoft\Windows\Application Experience\ProgramDataUpdater,,,ActionSuccess
2026-05-23T11:51:32.168556Z,102,dc.scaffold.htb,Microsoft-Windows-TaskScheduler,Microsoft-Windows-TaskScheduler/Operational,6046,4,,,A183153F-CB05-4425-8722-76996F466FE5,,,,,,,,,\Microsoft\Windows\Application Experience\ProgramDataUpdater,NT AUTHORITY\SYSTEM,,TaskSuccessEvent
2026-05-23T11:51:33.186252Z,129,dc.scaffold.htb,Microsoft-Windows-TaskScheduler,Microsoft-Windows-TaskScheduler/Operational,6047,4,,,,,taskhostw.exe,16384,5048,,,,,\Microsoft\Windows\Power Efficiency Diagnostics\AnalyzeSystem,,,CreatedTaskProcess
2026-05-23T11:51:33.187082Z,100,dc.scaffold.htb,Microsoft-Windows-TaskScheduler,Microsoft-Windows-TaskScheduler/Operational,6048,4,,,42B2C93C-26D5-4291-8EB6-830A6F002009,,,,,,,,,\Microsoft\Windows\Power Efficiency Diagnostics\AnalyzeSystem,NT AUTHORITY\SYSTEM,,TaskStartEvent
2026-05-23T11:51:33.187084Z,200,dc.scaffold.htb,Microsoft-Windows-TaskScheduler,Microsoft-Windows-TaskScheduler/Operational,6049,4,,5048,,,,,,,,,42B2C93C-26D5-4291-8EB6-830A6F002009,\Microsoft\Windows\Power Efficiency Diagnostics\AnalyzeSystem,,,ActionStart
2026-05-23T11:51:54.165285Z,325,dc.scaffold.htb,Microsoft-Windows-TaskScheduler,Microsoft-Windows-TaskScheduler/Operational,6050,3,,,,,,,,C85E2CD2-6CB7-4649-99DA-27FAEAFFEF6B,,,,\Microsoft\Windows\UpdateOrchestrator\Report policies,,,TaskInstanceQueued
2026-05-23T11:52:36.300270Z,201,dc.scaffold.htb,Microsoft-Windows-TaskScheduler,Microsoft-Windows-TaskScheduler/Operational,6051,4,,5048,,,,,,,0,,42B2C93C-26D5-4291-8EB6-830A6F002009,\Microsoft\Windows\Power Efficiency Diagnostics\AnalyzeSystem,,,ActionSuccess
2026-05-23T11:52:36.300271Z,102,dc.scaffold.htb,Microsoft-Windows-TaskScheduler,Microsoft-Windows-TaskScheduler/Operational,6052,4,,,42B2C93C-26D5-4291-8EB6-830A6F002009,,,,,,,,,\Microsoft\Windows\Power Efficiency Diagnostics\AnalyzeSystem,NT AUTHORITY\SYSTEM,,TaskSuccessEvent
2026-05-23T11:52:37.306747Z,129,dc.scaffold.htb,Microsoft-Windows-TaskScheduler,Microsoft-Windows-TaskScheduler/Operational,6053,4,,,,,%systemroot%\system32\usoclient.exe,16384,7960,,,,,\Microsoft\Windows\UpdateOrchestrator\Report policies,,,CreatedTaskProcess
2026-05-23T11:52:37.307147Z,100,dc.scaffold.htb,Microsoft-Windows-TaskScheduler,Microsoft-Windows-TaskScheduler/Operational,6054,4,,,C85E2CD2-6CB7-4649-99DA-27FAEAFFEF6B,,,,,,,,,\Microsoft\Windows\UpdateOrchestrator\Report policies,NT AUTHORITY\SYSTEM,,TaskStartEvent
2026-05-23T11:52:37.307150Z,200,dc.scaffold.htb,Microsoft-Windows-TaskScheduler,Microsoft-Windows-TaskScheduler/Operational,6055,4,%systemroot%\system32\usoclient.exe,7960,,,,,,,,,C85E2CD2-6CB7-4649-99DA-27FAEAFFEF6B,\Microsoft\Windows\UpdateOrchestrator\Report policies,,,ActionStart
2026-05-23T11:52:37.350392Z,201,dc.scaffold.htb,Microsoft-Windows-TaskScheduler,Microsoft-Windows-TaskScheduler/Operational,6056,4,%systemroot%\system32\usoclient.exe,7960,,,,,,,0,,C85E2CD2-6CB7-4649-99DA-27FAEAFFEF6B,\Microsoft\Windows\UpdateOrchestrator\Report policies,,,ActionSuccess
2026-05-23T11:52:37.350512Z,102,dc.scaffold.htb,Microsoft-Windows-TaskScheduler,Microsoft-Windows-TaskScheduler/Operational,6057,4,,,C85E2CD2-6CB7-4649-99DA-27FAEAFFEF6B,,,,,,,,,\Microsoft\Windows\UpdateOrchestrator\Report policies,NT AUTHORITY\SYSTEM,,TaskSuccessEvent
2026-05-23T11:57:14.862439Z,108,dc.scaffold.htb,Microsoft-Windows-TaskScheduler,Microsoft-Windows-TaskScheduler/Operational,6058,4,,,2C2381C3-B524-4D4A-A16B-88AF332E9A90,,,,,,,,,\Deploy-Engine-OnAudit,,,EventTriggerEvent
2026-05-23T11:57:14.872091Z,129,dc.scaffold.htb,Microsoft-Windows-TaskScheduler,Microsoft-Windows-TaskScheduler/Operational,6059,4,,,,,powershell.exe,16384,7800,,,,,\Deploy-Engine-OnAudit,,,CreatedTaskProcess
2026-05-23T11:57:14.872391Z,100,dc.scaffold.htb,Microsoft-Windows-TaskScheduler,Microsoft-Windows-TaskScheduler/Operational,6060,4,,,2C2381C3-B524-4D4A-A16B-88AF332E9A90,,,,,,,,,\Deploy-Engine-OnAudit,SCAFFOLD\Administrator,,TaskStartEvent
2026-05-23T11:57:14.872392Z,200,dc.scaffold.htb,Microsoft-Windows-TaskScheduler,Microsoft-Windows-TaskScheduler/Operational,6061,4,powershell.exe,7800,,,,,,,,,2C2381C3-B524-4D4A-A16B-88AF332E9A90,\Deploy-Engine-OnAudit,,,ActionStart
2026-05-23T11:57:15.073421Z,201,dc.scaffold.htb,Microsoft-Windows-TaskScheduler,Microsoft-Windows-TaskScheduler/Operational,6062,4,powershell.exe,7800,,,,,,,4294770688,,2C2381C3-B524-4D4A-A16B-88AF332E9A90,\Deploy-Engine-OnAudit,,,ActionSuccess
2026-05-23T11:57:15.073638Z,102,dc.scaffold.htb,Microsoft-Windows-TaskScheduler,Microsoft-Windows-TaskScheduler/Operational,6063,4,,,2C2381C3-B524-4D4A-A16B-88AF332E9A90,,,,,,,,,\Deploy-Engine-OnAudit,SCAFFOLD\Administrator,,TaskSuccessEvent
2026-05-23T11:57:17.979758Z,108,dc.scaffold.htb,Microsoft-Windows-TaskScheduler,Microsoft-Windows-TaskScheduler/Operational,6064,4,,,6E849AB7-091B-4A67-AD2F-27453F763372,,,,,,,,,\Deploy-Engine-OnAudit,,,EventTriggerEvent
2026-05-23T11:57:17.994572Z,129,dc.scaffold.htb,Microsoft-Windows-TaskScheduler,Microsoft-Windows-TaskScheduler/Operational,6065,4,,,,,powershell.exe,16384,1264,,,,,\Deploy-Engine-OnAudit,,,CreatedTaskProcess
2026-05-23T11:57:17.995545Z,100,dc.scaffold.htb,Microsoft-Windows-TaskScheduler,Microsoft-Windows-TaskScheduler/Operational,6066,4,,,6E849AB7-091B-4A67-AD2F-27453F763372,,,,,,,,,\Deploy-Engine-OnAudit,SCAFFOLD\Administrator,,TaskStartEvent
2026-05-23T11:57:17.995547Z,200,dc.scaffold.htb,Microsoft-Windows-TaskScheduler,Microsoft-Windows-TaskScheduler/Operational,6067,4,powershell.exe,1264,,,,,,,,,6E849AB7-091B-4A67-AD2F-27453F763372,\Deploy-Engine-OnAudit,,,ActionStart
2026-05-23T11:57:18.010728Z,322,dc.scaffold.htb,Microsoft-Windows-TaskScheduler,Microsoft-Windows-TaskScheduler/Operational,6068,3,,,,,,,,,,,6E849AB7-091B-4A67-AD2F-27453F763372,\Deploy-Engine-OnAudit,,,NewInstanceIgnored
2026-05-23T11:57:18.026855Z,322,dc.scaffold.htb,Microsoft-Windows-TaskScheduler,Microsoft-Windows-TaskScheduler/Operational,6069,3,,,,,,,,,,,6E849AB7-091B-4A67-AD2F-27453F763372,\Deploy-Engine-OnAudit,,,NewInstanceIgnored
2026-05-23T11:57:18.041025Z,322,dc.scaffold.htb,Microsoft-Windows-TaskScheduler,Microsoft-Windows-TaskScheduler/Operational,6070,3,,,,,,,,,,,6E849AB7-091B-4A67-AD2F-27453F763372,\Deploy-Engine-OnAudit,,,NewInstanceIgnored
2026-05-23T11:57:18.055282Z,322,dc.scaffold.htb,Microsoft-Windows-TaskScheduler,Microsoft-Windows-TaskScheduler/Operational,6071,3,,,,,,,,,,,6E849AB7-091B-4A67-AD2F-27453F763372,\Deploy-Engine-OnAudit,,,NewInstanceIgnored
2026-05-23T11:57:18.069768Z,322,dc.scaffold.htb,Microsoft-Windows-TaskScheduler,Microsoft-Windows-TaskScheduler/Operational,6072,3,,,,,,,,,,,6E849AB7-091B-4A67-AD2F-27453F763372,\Deploy-Engine-OnAudit,,,NewInstanceIgnored
2026-05-23T11:57:18.090936Z,322,dc.scaffold.htb,Microsoft-Windows-TaskScheduler,Microsoft-Windows-TaskScheduler/Operational,6073,3,,,,,,,,,,,6E849AB7-091B-4A67-AD2F-27453F763372,\Deploy-Engine-OnAudit,,,NewInstanceIgnored
2026-05-23T11:57:18.109091Z,322,dc.scaffold.htb,Microsoft-Windows-TaskScheduler,Microsoft-Windows-TaskScheduler/Operational,6074,3,,,,,,,,,,,6E849AB7-091B-4A67-AD2F-27453F763372,\Deploy-Engine-OnAudit,,,NewInstanceIgnored
2026-05-23T11:57:18.123211Z,322,dc.scaffold.htb,Microsoft-Windows-TaskScheduler,Microsoft-Windows-TaskScheduler/Operational,6075,3,,,,,,,,,,,6E849AB7-091B-4A67-AD2F-27453F763372,\Deploy-Engine-OnAudit,,,NewInstanceIgnored
2026-05-23T11:57:18.142756Z,322,dc.scaffold.htb,Microsoft-Windows-TaskScheduler,Microsoft-Windows-TaskScheduler/Operational,6076,3,,,,,,,,,,,6E849AB7-091B-4A67-AD2F-27453F763372,\Deploy-Engine-OnAudit,,,NewInstanceIgnored
2026-05-23T11:57:18.160961Z,322,dc.scaffold.htb,Microsoft-Windows-TaskScheduler,Microsoft-Windows-TaskScheduler/Operational,6077,3,,,,,,,,,,,6E849AB7-091B-4A67-AD2F-27453F763372,\Deploy-Engine-OnAudit,,,NewInstanceIgnored
2026-05-23T11:57:18.179523Z,322,dc.scaffold.htb,Microsoft-Windows-TaskScheduler,Microsoft-Windows-TaskScheduler/Operational,6078,3,,,,,,,,,,,6E849AB7-091B-4A67-AD2F-27453F763372,\Deploy-Engine-OnAudit,,,NewInstanceIgnored
2026-05-23T11:57:18.198210Z,322,dc.scaffold.htb,Microsoft-Windows-TaskScheduler,Microsoft-Windows-TaskScheduler/Operational,6079,3,,,,,,,,,,,6E849AB7-091B-4A67-AD2F-27453F763372,\Deploy-Engine-OnAudit,,,NewInstanceIgnored
2026-05-23T11:57:18.218683Z,322,dc.scaffold.htb,Microsoft-Windows-TaskScheduler,Microsoft-Windows-TaskScheduler/Operational,6080,3,,,,,,,,,,,6E849AB7-091B-4A67-AD2F-27453F763372,\Deploy-Engine-OnAudit,,,NewInstanceIgnored
2026-05-23T11:57:18.236692Z,322,dc.scaffold.htb,Microsoft-Windows-TaskScheduler,Microsoft-Windows-TaskScheduler/Operational,6081,3,,,,,,,,,,,6E849AB7-091B-4A67-AD2F-27453F763372,\Deploy-Engine-OnAudit,,,NewInstanceIgnored
2026-05-23T11:57:18.258802Z,322,dc.scaffold.htb,Microsoft-Windows-TaskScheduler,Microsoft-Windows-TaskScheduler/Operational,6082,3,,,,,,,,,,,6E849AB7-091B-4A67-AD2F-27453F763372,\Deploy-Engine-OnAudit,,,NewInstanceIgnored
2026-05-23T11:57:18.275143Z,322,dc.scaffold.htb,Microsoft-Windows-TaskScheduler,Microsoft-Windows-TaskScheduler/Operational,6083,3,,,,,,,,,,,6E849AB7-091B-4A67-AD2F-27453F763372,\Deploy-Engine-OnAudit,,,NewInstanceIgnored
2026-05-23T11:57:18.300065Z,322,dc.scaffold.htb,Microsoft-Windows-TaskScheduler,Microsoft-Windows-TaskScheduler/Operational,6084,3,,,,,,,,,,,6E849AB7-091B-4A67-AD2F-27453F763372,\Deploy-Engine-OnAudit,,,NewInstanceIgnored
2026-05-23T11:57:18.304900Z,201,dc.scaffold.htb,Microsoft-Windows-TaskScheduler,Microsoft-Windows-TaskScheduler/Operational,6085,4,powershell.exe,1264,,,,,,,4294770688,,6E849AB7-091B-4A67-AD2F-27453F763372,\Deploy-Engine-OnAudit,,,ActionSuccess
2026-05-23T11:57:18.305394Z,102,dc.scaffold.htb,Microsoft-Windows-TaskScheduler,Microsoft-Windows-TaskScheduler/Operational,6086,4,,,6E849AB7-091B-4A67-AD2F-27453F763372,,,,,,,,,\Deploy-Engine-OnAudit,SCAFFOLD\Administrator,,TaskSuccessEvent
2026-05-23T11:57:18.322528Z,108,dc.scaffold.htb,Microsoft-Windows-TaskScheduler,Microsoft-Windows-TaskScheduler/Operational,6087,4,,,0557897D-D1B9-4B5C-9DDE-5E9053751250,,,,,,,,,\Deploy-Engine-OnAudit,,,EventTriggerEvent
2026-05-23T11:57:18.348504Z,129,dc.scaffold.htb,Microsoft-Windows-TaskScheduler,Microsoft-Windows-TaskScheduler/Operational,6088,4,,,,,powershell.exe,16384,5068,,,,,\Deploy-Engine-OnAudit,,,CreatedTaskProcess
2026-05-23T11:57:18.348915Z,100,dc.scaffold.htb,Microsoft-Windows-TaskScheduler,Microsoft-Windows-TaskScheduler/Operational,6089,4,,,0557897D-D1B9-4B5C-9DDE-5E9053751250,,,,,,,,,\Deploy-Engine-OnAudit,SCAFFOLD\Administrator,,TaskStartEvent
2026-05-23T11:57:18.348918Z,200,dc.scaffold.htb,Microsoft-Windows-TaskScheduler,Microsoft-Windows-TaskScheduler/Operational,6090,4,powershell.exe,5068,,,,,,,,,0557897D-D1B9-4B5C-9DDE-5E9053751250,\Deploy-Engine-OnAudit,,,ActionStart
2026-05-23T11:57:18.367473Z,322,dc.scaffold.htb,Microsoft-Windows-TaskScheduler,Microsoft-Windows-TaskScheduler/Operational,6091,3,,,,,,,,,,,0557897D-D1B9-4B5C-9DDE-5E9053751250,\Deploy-Engine-OnAudit,,,NewInstanceIgnored
2026-05-23T11:57:18.388459Z,322,dc.scaffold.htb,Microsoft-Windows-TaskScheduler,Microsoft-Windows-TaskScheduler/Operational,6092,3,,,,,,,,,,,0557897D-D1B9-4B5C-9DDE-5E9053751250,\Deploy-Engine-OnAudit,,,NewInstanceIgnored
2026-05-23T11:57:18.408616Z,322,dc.scaffold.htb,Microsoft-Windows-TaskScheduler,Microsoft-Windows-TaskScheduler/Operational,6093,3,,,,,,,,,,,0557897D-D1B9-4B5C-9DDE-5E9053751250,\Deploy-Engine-OnAudit,,,NewInstanceIgnored
2026-05-23T11:57:18.425729Z,322,dc.scaffold.htb,Microsoft-Windows-TaskScheduler,Microsoft-Windows-TaskScheduler/Operational,6094,3,,,,,,,,,,,0557897D-D1B9-4B5C-9DDE-5E9053751250,\Deploy-Engine-OnAudit,,,NewInstanceIgnored
2026-05-23T11:57:18.443598Z,322,dc.scaffold.htb,Microsoft-Windows-TaskScheduler,Microsoft-Windows-TaskScheduler/Operational,6095,3,,,,,,,,,,,0557897D-D1B9-4B5C-9DDE-5E9053751250,\Deploy-Engine-OnAudit,,,NewInstanceIgnored
2026-05-23T11:57:18.459204Z,322,dc.scaffold.htb,Microsoft-Windows-TaskScheduler,Microsoft-Windows-TaskScheduler/Operational,6096,3,,,,,,,,,,,0557897D-D1B9-4B5C-9DDE-5E9053751250,\Deploy-Engine-OnAudit,,,NewInstanceIgnored
2026-05-23T11:57:18.475387Z,322,dc.scaffold.htb,Microsoft-Windows-TaskScheduler,Microsoft-Windows-TaskScheduler/Operational,6097,3,,,,,,,,,,,0557897D-D1B9-4B5C-9DDE-5E9053751250,\Deploy-Engine-OnAudit,,,NewInstanceIgnored
2026-05-23T11:57:18.492676Z,322,dc.scaffold.htb,Microsoft-Windows-TaskScheduler,Microsoft-Windows-TaskScheduler/Operational,6098,3,,,,,,,,,,,0557897D-D1B9-4B5C-9DDE-5E9053751250,\Deploy-Engine-OnAudit,,,NewInstanceIgnored
2026-05-23T11:57:18.509752Z,322,dc.scaffold.htb,Microsoft-Windows-TaskScheduler,Microsoft-Windows-TaskScheduler/Operational,6099,3,,,,,,,,,,,0557897D-D1B9-4B5C-9DDE-5E9053751250,\Deploy-Engine-OnAudit,,,NewInstanceIgnored
2026-05-23T11:57:18.532893Z,322,dc.scaffold.htb,Microsoft-Windows-TaskScheduler,Microsoft-Windows-TaskScheduler/Operational,6100,3,,,,,,,,,,,0557897D-D1B9-4B5C-9DDE-5E9053751250,\Deploy-Engine-OnAudit,,,NewInstanceIgnored
2026-05-23T11:57:18.555763Z,322,dc.scaffold.htb,Microsoft-Windows-TaskScheduler,Microsoft-Windows-TaskScheduler/Operational,6101,3,,,,,,,,,,,0557897D-D1B9-4B5C-9DDE-5E9053751250,\Deploy-Engine-OnAudit,,,NewInstanceIgnored
2026-05-23T11:57:18.571834Z,201,dc.scaffold.htb,Microsoft-Windows-TaskScheduler,Microsoft-Windows-TaskScheduler/Operational,6102,4,powershell.exe,5068,,,,,,,4294770688,,0557897D-D1B9-4B5C-9DDE-5E9053751250,\Deploy-Engine-OnAudit,,,ActionSuccess
2026-05-23T11:57:18.572185Z,102,dc.scaffold.htb,Microsoft-Windows-TaskScheduler,Microsoft-Windows-TaskScheduler/Operational,6103,4,,,0557897D-D1B9-4B5C-9DDE-5E9053751250,,,,,,,,,\Deploy-Engine-OnAudit,SCAFFOLD\Administrator,,TaskSuccessEvent
2026-05-23T11:57:19.052191Z,108,dc.scaffold.htb,Microsoft-Windows-TaskScheduler,Microsoft-Windows-TaskScheduler/Operational,6104,4,,,9DDD8BD7-BC76-4A70-B2EA-F5D02C20D8DD,,,,,,,,,\Deploy-Engine-OnAudit,,,EventTriggerEvent
2026-05-23T11:57:19.065010Z,129,dc.scaffold.htb,Microsoft-Windows-TaskScheduler,Microsoft-Windows-TaskScheduler/Operational,6105,4,,,,,powershell.exe,16384,5536,,,,,\Deploy-Engine-OnAudit,,,CreatedTaskProcess
2026-05-23T11:57:19.065323Z,100,dc.scaffold.htb,Microsoft-Windows-TaskScheduler,Microsoft-Windows-TaskScheduler/Operational,6106,4,,,9DDD8BD7-BC76-4A70-B2EA-F5D02C20D8DD,,,,,,,,,\Deploy-Engine-OnAudit,SCAFFOLD\Administrator,,TaskStartEvent
2026-05-23T11:57:19.065326Z,200,dc.scaffold.htb,Microsoft-Windows-TaskScheduler,Microsoft-Windows-TaskScheduler/Operational,6107,4,powershell.exe,5536,,,,,,,,,9DDD8BD7-BC76-4A70-B2EA-F5D02C20D8DD,\Deploy-Engine-OnAudit,,,ActionStart
2026-05-23T11:57:19.086213Z,322,dc.scaffold.htb,Microsoft-Windows-TaskScheduler,Microsoft-Windows-TaskScheduler/Operational,6108,3,,,,,,,,,,,9DDD8BD7-BC76-4A70-B2EA-F5D02C20D8DD,\Deploy-Engine-OnAudit,,,NewInstanceIgnored
2026-05-23T11:57:19.100308Z,322,dc.scaffold.htb,Microsoft-Windows-TaskScheduler,Microsoft-Windows-TaskScheduler/Operational,6109,3,,,,,,,,,,,9DDD8BD7-BC76-4A70-B2EA-F5D02C20D8DD,\Deploy-Engine-OnAudit,,,NewInstanceIgnored
2026-05-23T11:57:19.114841Z,322,dc.scaffold.htb,Microsoft-Windows-TaskScheduler,Microsoft-Windows-TaskScheduler/Operational,6110,3,,,,,,,,,,,9DDD8BD7-BC76-4A70-B2EA-F5D02C20D8DD,\Deploy-Engine-OnAudit,,,NewInstanceIgnored
2026-05-23T11:57:19.130049Z,322,dc.scaffold.htb,Microsoft-Windows-TaskScheduler,Microsoft-Windows-TaskScheduler/Operational,6111,3,,,,,,,,,,,9DDD8BD7-BC76-4A70-B2EA-F5D02C20D8DD,\Deploy-Engine-OnAudit,,,NewInstanceIgnored
2026-05-23T11:57:19.212609Z,201,dc.scaffold.htb,Microsoft-Windows-TaskScheduler,Microsoft-Windows-TaskScheduler/Operational,6112,4,powershell.exe,5536,,,,,,,4294770688,,9DDD8BD7-BC76-4A70-B2EA-F5D02C20D8DD,\Deploy-Engine-OnAudit,,,ActionSuccess
2026-05-23T11:57:19.212964Z,102,dc.scaffold.htb,Microsoft-Windows-TaskScheduler,Microsoft-Windows-TaskScheduler/Operational,6113,4,,,9DDD8BD7-BC76-4A70-B2EA-F5D02C20D8DD,,,,,,,,,\Deploy-Engine-OnAudit,SCAFFOLD\Administrator,,TaskSuccessEvent
2026-05-23T11:57:38.492918Z,108,dc.scaffold.htb,Microsoft-Windows-TaskScheduler,Microsoft-Windows-TaskScheduler/Operational,6114,4,,,D111330E-FC1A-4D4F-B751-D34990956088,,,,,,,,,\Deploy-Engine-OnAudit,,,EventTriggerEvent
2026-05-23T11:57:38.504149Z,129,dc.scaffold.htb,Microsoft-Windows-TaskScheduler,Microsoft-Windows-TaskScheduler/Operational,6115,4,,,,,powershell.exe,16384,6688,,,,,\Deploy-Engine-OnAudit,,,CreatedTaskProcess
2026-05-23T11:57:38.504446Z,100,dc.scaffold.htb,Microsoft-Windows-TaskScheduler,Microsoft-Windows-TaskScheduler/Operational,6116,4,,,D111330E-FC1A-4D4F-B751-D34990956088,,,,,,,,,\Deploy-Engine-OnAudit,SCAFFOLD\Administrator,,TaskStartEvent
2026-05-23T11:57:38.504448Z,200,dc.scaffold.htb,Microsoft-Windows-TaskScheduler,Microsoft-Windows-TaskScheduler/Operational,6117,4,powershell.exe,6688,,,,,,,,,D111330E-FC1A-4D4F-B751-D34990956088,\Deploy-Engine-OnAudit,,,ActionStart
2026-05-23T11:57:38.630487Z,201,dc.scaffold.htb,Microsoft-Windows-TaskScheduler,Microsoft-Windows-TaskScheduler/Operational,6118,4,powershell.exe,6688,,,,,,,4294770688,,D111330E-FC1A-4D4F-B751-D34990956088,\Deploy-Engine-OnAudit,,,ActionSuccess
2026-05-23T11:57:38.630825Z,102,dc.scaffold.htb,Microsoft-Windows-TaskScheduler,Microsoft-Windows-TaskScheduler/Operational,6119,4,,,D111330E-FC1A-4D4F-B751-D34990956088,,,,,,,,,\Deploy-Engine-OnAudit,SCAFFOLD\Administrator,,TaskSuccessEvent
2026-05-23T11:57:44.200733Z,108,dc.scaffold.htb,Microsoft-Windows-TaskScheduler,Microsoft-Windows-TaskScheduler/Operational,6120,4,,,D66D539C-D8B7-4C5F-AFCC-2C224B5E4CF3,,,,,,,,,\Deploy-Engine-OnAudit,,,EventTriggerEvent
2026-05-23T11:57:44.213425Z,129,dc.scaffold.htb,Microsoft-Windows-TaskScheduler,Microsoft-Windows-TaskScheduler/Operational,6121,4,,,,,powershell.exe,16384,2952,,,,,\Deploy-Engine-OnAudit,,,CreatedTaskProcess
2026-05-23T11:57:44.213748Z,100,dc.scaffold.htb,Microsoft-Windows-TaskScheduler,Microsoft-Windows-TaskScheduler/Operational,6122,4,,,D66D539C-D8B7-4C5F-AFCC-2C224B5E4CF3,,,,,,,,,\Deploy-Engine-OnAudit,SCAFFOLD\Administrator,,TaskStartEvent
2026-05-23T11:57:44.213750Z,200,dc.scaffold.htb,Microsoft-Windows-TaskScheduler,Microsoft-Windows-TaskScheduler/Operational,6123,4,powershell.exe,2952,,,,,,,,,D66D539C-D8B7-4C5F-AFCC-2C224B5E4CF3,\Deploy-Engine-OnAudit,,,ActionStart
2026-05-23T11:57:44.231204Z,322,dc.scaffold.htb,Microsoft-Windows-TaskScheduler,Microsoft-Windows-TaskScheduler/Operational,6124,3,,,,,,,,,,,D66D539C-D8B7-4C5F-AFCC-2C224B5E4CF3,\Deploy-Engine-OnAudit,,,NewInstanceIgnored
2026-05-23T11:57:44.247884Z,322,dc.scaffold.htb,Microsoft-Windows-TaskScheduler,Microsoft-Windows-TaskScheduler/Operational,6125,3,,,,,,,,,,,D66D539C-D8B7-4C5F-AFCC-2C224B5E4CF3,\Deploy-Engine-OnAudit,,,NewInstanceIgnored
2026-05-23T11:57:44.262192Z,322,dc.scaffold.htb,Microsoft-Windows-TaskScheduler,Microsoft-Windows-TaskScheduler/Operational,6126,3,,,,,,,,,,,D66D539C-D8B7-4C5F-AFCC-2C224B5E4CF3,\Deploy-Engine-OnAudit,,,NewInstanceIgnored
2026-05-23T11:57:44.276519Z,322,dc.scaffold.htb,Microsoft-Windows-TaskScheduler,Microsoft-Windows-TaskScheduler/Operational,6127,3,,,,,,,,,,,D66D539C-D8B7-4C5F-AFCC-2C224B5E4CF3,\Deploy-Engine-OnAudit,,,NewInstanceIgnored
2026-05-23T11:57:44.291744Z,322,dc.scaffold.htb,Microsoft-Windows-TaskScheduler,Microsoft-Windows-TaskScheduler/Operational,6128,3,,,,,,,,,,,D66D539C-D8B7-4C5F-AFCC-2C224B5E4CF3,\Deploy-Engine-OnAudit,,,NewInstanceIgnored
2026-05-23T11:57:44.308264Z,322,dc.scaffold.htb,Microsoft-Windows-TaskScheduler,Microsoft-Windows-TaskScheduler/Operational,6129,3,,,,,,,,,,,D66D539C-D8B7-4C5F-AFCC-2C224B5E4CF3,\Deploy-Engine-OnAudit,,,NewInstanceIgnored
2026-05-23T11:57:44.323638Z,322,dc.scaffold.htb,Microsoft-Windows-TaskScheduler,Microsoft-Windows-TaskScheduler/Operational,6130,3,,,,,,,,,,,D66D539C-D8B7-4C5F-AFCC-2C224B5E4CF3,\Deploy-Engine-OnAudit,,,NewInstanceIgnored
2026-05-23T11:57:44.344356Z,322,dc.scaffold.htb,Microsoft-Windows-TaskScheduler,Microsoft-Windows-TaskScheduler/Operational,6131,3,,,,,,,,,,,D66D539C-D8B7-4C5F-AFCC-2C224B5E4CF3,\Deploy-Engine-OnAudit,,,NewInstanceIgnored
2026-05-23T11:57:44.358548Z,322,dc.scaffold.htb,Microsoft-Windows-TaskScheduler,Microsoft-Windows-TaskScheduler/Operational,6132,3,,,,,,,,,,,D66D539C-D8B7-4C5F-AFCC-2C224B5E4CF3,\Deploy-Engine-OnAudit,,,NewInstanceIgnored
2026-05-23T11:57:44.374049Z,322,dc.scaffold.htb,Microsoft-Windows-TaskScheduler,Microsoft-Windows-TaskScheduler/Operational,6133,3,,,,,,,,,,,D66D539C-D8B7-4C5F-AFCC-2C224B5E4CF3,\Deploy-Engine-OnAudit,,,NewInstanceIgnored
2026-05-23T11:57:44.390288Z,322,dc.scaffold.htb,Microsoft-Windows-TaskScheduler,Microsoft-Windows-TaskScheduler/Operational,6134,3,,,,,,,,,,,D66D539C-D8B7-4C5F-AFCC-2C224B5E4CF3,\Deploy-Engine-OnAudit,,,NewInstanceIgnored
2026-05-23T11:57:44.412666Z,322,dc.scaffold.htb,Microsoft-Windows-TaskScheduler,Microsoft-Windows-TaskScheduler/Operational,6135,3,,,,,,,,,,,D66D539C-D8B7-4C5F-AFCC-2C224B5E4CF3,\Deploy-Engine-OnAudit,,,NewInstanceIgnored
2026-05-23T11:57:44.418929Z,201,dc.scaffold.htb,Microsoft-Windows-TaskScheduler,Microsoft-Windows-TaskScheduler/Operational,6136,4,powershell.exe,2952,,,,,,,4294770688,,D66D539C-D8B7-4C5F-AFCC-2C224B5E4CF3,\Deploy-Engine-OnAudit,,,ActionSuccess
2026-05-23T11:57:44.419234Z,102,dc.scaffold.htb,Microsoft-Windows-TaskScheduler,Microsoft-Windows-TaskScheduler/Operational,6137,4,,,D66D539C-D8B7-4C5F-AFCC-2C224B5E4CF3,,,,,,,,,\Deploy-Engine-OnAudit,SCAFFOLD\Administrator,,TaskSuccessEvent
2026-05-23T11:57:44.427386Z,108,dc.scaffold.htb,Microsoft-Windows-TaskScheduler,Microsoft-Windows-TaskScheduler/Operational,6138,4,,,C83A200F-465C-4DAB-8A7E-3A5F270FBFBB,,,,,,,,,\Deploy-Engine-OnAudit,,,EventTriggerEvent
2026-05-23T11:57:44.442645Z,129,dc.scaffold.htb,Microsoft-Windows-TaskScheduler,Microsoft-Windows-TaskScheduler/Operational,6139,4,,,,,powershell.exe,16384,7088,,,,,\Deploy-Engine-OnAudit,,,CreatedTaskProcess
2026-05-23T11:57:44.443036Z,100,dc.scaffold.htb,Microsoft-Windows-TaskScheduler,Microsoft-Windows-TaskScheduler/Operational,6140,4,,,C83A200F-465C-4DAB-8A7E-3A5F270FBFBB,,,,,,,,,\Deploy-Engine-OnAudit,SCAFFOLD\Administrator,,TaskStartEvent
2026-05-23T11:57:44.443039Z,200,dc.scaffold.htb,Microsoft-Windows-TaskScheduler,Microsoft-Windows-TaskScheduler/Operational,6141,4,powershell.exe,7088,,,,,,,,,C83A200F-465C-4DAB-8A7E-3A5F270FBFBB,\Deploy-Engine-OnAudit,,,ActionStart
2026-05-23T11:57:44.457518Z,322,dc.scaffold.htb,Microsoft-Windows-TaskScheduler,Microsoft-Windows-TaskScheduler/Operational,6142,3,,,,,,,,,,,C83A200F-465C-4DAB-8A7E-3A5F270FBFBB,\Deploy-Engine-OnAudit,,,NewInstanceIgnored
2026-05-23T11:57:44.478126Z,322,dc.scaffold.htb,Microsoft-Windows-TaskScheduler,Microsoft-Windows-TaskScheduler/Operational,6143,3,,,,,,,,,,,C83A200F-465C-4DAB-8A7E-3A5F270FBFBB,\Deploy-Engine-OnAudit,,,NewInstanceIgnored
2026-05-23T11:57:44.493634Z,322,dc.scaffold.htb,Microsoft-Windows-TaskScheduler,Microsoft-Windows-TaskScheduler/Operational,6144,3,,,,,,,,,,,C83A200F-465C-4DAB-8A7E-3A5F270FBFBB,\Deploy-Engine-OnAudit,,,NewInstanceIgnored
2026-05-23T11:57:44.508128Z,322,dc.scaffold.htb,Microsoft-Windows-TaskScheduler,Microsoft-Windows-TaskScheduler/Operational,6145,3,,,,,,,,,,,C83A200F-465C-4DAB-8A7E-3A5F270FBFBB,\Deploy-Engine-OnAudit,,,NewInstanceIgnored
2026-05-23T11:57:44.528164Z,322,dc.scaffold.htb,Microsoft-Windows-TaskScheduler,Microsoft-Windows-TaskScheduler/Operational,6146,3,,,,,,,,,,,C83A200F-465C-4DAB-8A7E-3A5F270FBFBB,\Deploy-Engine-OnAudit,,,NewInstanceIgnored
2026-05-23T11:57:44.546546Z,322,dc.scaffold.htb,Microsoft-Windows-TaskScheduler,Microsoft-Windows-TaskScheduler/Operational,6147,3,,,,,,,,,,,C83A200F-465C-4DAB-8A7E-3A5F270FBFBB,\Deploy-Engine-OnAudit,,,NewInstanceIgnored
2026-05-23T11:57:44.563788Z,322,dc.scaffold.htb,Microsoft-Windows-TaskScheduler,Microsoft-Windows-TaskScheduler/Operational,6148,3,,,,,,,,,,,C83A200F-465C-4DAB-8A7E-3A5F270FBFBB,\Deploy-Engine-OnAudit,,,NewInstanceIgnored
2026-05-23T11:57:44.580584Z,322,dc.scaffold.htb,Microsoft-Windows-TaskScheduler,Microsoft-Windows-TaskScheduler/Operational,6149,3,,,,,,,,,,,C83A200F-465C-4DAB-8A7E-3A5F270FBFBB,\Deploy-Engine-OnAudit,,,NewInstanceIgnored
2026-05-23T11:57:44.597618Z,322,dc.scaffold.htb,Microsoft-Windows-TaskScheduler,Microsoft-Windows-TaskScheduler/Operational,6150,3,,,,,,,,,,,C83A200F-465C-4DAB-8A7E-3A5F270FBFBB,\Deploy-Engine-OnAudit,,,NewInstanceIgnored
2026-05-23T11:57:44.619014Z,322,dc.scaffold.htb,Microsoft-Windows-TaskScheduler,Microsoft-Windows-TaskScheduler/Operational,6151,3,,,,,,,,,,,C83A200F-465C-4DAB-8A7E-3A5F270FBFBB,\Deploy-Engine-OnAudit,,,NewInstanceIgnored
2026-05-23T11:57:44.640637Z,322,dc.scaffold.htb,Microsoft-Windows-TaskScheduler,Microsoft-Windows-TaskScheduler/Operational,6152,3,,,,,,,,,,,C83A200F-465C-4DAB-8A7E-3A5F270FBFBB,\Deploy-Engine-OnAudit,,,NewInstanceIgnored
2026-05-23T11:57:44.655888Z,322,dc.scaffold.htb,Microsoft-Windows-TaskScheduler,Microsoft-Windows-TaskScheduler/Operational,6153,3,,,,,,,,,,,C83A200F-465C-4DAB-8A7E-3A5F270FBFBB,\Deploy-Engine-OnAudit,,,NewInstanceIgnored
2026-05-23T11:57:44.672887Z,322,dc.scaffold.htb,Microsoft-Windows-TaskScheduler,Microsoft-Windows-TaskScheduler/Operational,6154,3,,,,,,,,,,,C83A200F-465C-4DAB-8A7E-3A5F270FBFBB,\Deploy-Engine-OnAudit,,,NewInstanceIgnored
2026-05-23T11:57:44.677333Z,201,dc.scaffold.htb,Microsoft-Windows-TaskScheduler,Microsoft-Windows-TaskScheduler/Operational,6155,4,powershell.exe,7088,,,,,,,4294770688,,C83A200F-465C-4DAB-8A7E-3A5F270FBFBB,\Deploy-Engine-OnAudit,,,ActionSuccess
2026-05-23T11:57:44.677667Z,102,dc.scaffold.htb,Microsoft-Windows-TaskScheduler,Microsoft-Windows-TaskScheduler/Operational,6156,4,,,C83A200F-465C-4DAB-8A7E-3A5F270FBFBB,,,,,,,,,\Deploy-Engine-OnAudit,SCAFFOLD\Administrator,,TaskSuccessEvent
2026-05-23T11:57:44.690344Z,108,dc.scaffold.htb,Microsoft-Windows-TaskScheduler,Microsoft-Windows-TaskScheduler/Operational,6157,4,,,08A5B615-EA38-46E4-9537-A81C8BA8A1AF,,,,,,,,,\Deploy-Engine-OnAudit,,,EventTriggerEvent
2026-05-23T11:57:44.702805Z,129,dc.scaffold.htb,Microsoft-Windows-TaskScheduler,Microsoft-Windows-TaskScheduler/Operational,6158,4,,,,,powershell.exe,16384,1708,,,,,\Deploy-Engine-OnAudit,,,CreatedTaskProcess
2026-05-23T11:57:44.703142Z,100,dc.scaffold.htb,Microsoft-Windows-TaskScheduler,Microsoft-Windows-TaskScheduler/Operational,6159,4,,,08A5B615-EA38-46E4-9537-A81C8BA8A1AF,,,,,,,,,\Deploy-Engine-OnAudit,SCAFFOLD\Administrator,,TaskStartEvent
2026-05-23T11:57:44.703144Z,200,dc.scaffold.htb,Microsoft-Windows-TaskScheduler,Microsoft-Windows-TaskScheduler/Operational,6160,4,powershell.exe,1708,,,,,,,,,08A5B615-EA38-46E4-9537-A81C8BA8A1AF,\Deploy-Engine-OnAudit,,,ActionStart
2026-05-23T11:57:44.719834Z,322,dc.scaffold.htb,Microsoft-Windows-TaskScheduler,Microsoft-Windows-TaskScheduler/Operational,6161,3,,,,,,,,,,,08A5B615-EA38-46E4-9537-A81C8BA8A1AF,\Deploy-Engine-OnAudit,,,NewInstanceIgnored
2026-05-23T11:57:44.736736Z,322,dc.scaffold.htb,Microsoft-Windows-TaskScheduler,Microsoft-Windows-TaskScheduler/Operational,6162,3,,,,,,,,,,,08A5B615-EA38-46E4-9537-A81C8BA8A1AF,\Deploy-Engine-OnAudit,,,NewInstanceIgnored
2026-05-23T11:57:44.754962Z,322,dc.scaffold.htb,Microsoft-Windows-TaskScheduler,Microsoft-Windows-TaskScheduler/Operational,6163,3,,,,,,,,,,,08A5B615-EA38-46E4-9537-A81C8BA8A1AF,\Deploy-Engine-OnAudit,,,NewInstanceIgnored
2026-05-23T11:57:44.770881Z,322,dc.scaffold.htb,Microsoft-Windows-TaskScheduler,Microsoft-Windows-TaskScheduler/Operational,6164,3,,,,,,,,,,,08A5B615-EA38-46E4-9537-A81C8BA8A1AF,\Deploy-Engine-OnAudit,,,NewInstanceIgnored
2026-05-23T11:57:44.786888Z,322,dc.scaffold.htb,Microsoft-Windows-TaskScheduler,Microsoft-Windows-TaskScheduler/Operational,6165,3,,,,,,,,,,,08A5B615-EA38-46E4-9537-A81C8BA8A1AF,\Deploy-Engine-OnAudit,,,NewInstanceIgnored
2026-05-23T11:57:44.803113Z,322,dc.scaffold.htb,Microsoft-Windows-TaskScheduler,Microsoft-Windows-TaskScheduler/Operational,6166,3,,,,,,,,,,,08A5B615-EA38-46E4-9537-A81C8BA8A1AF,\Deploy-Engine-OnAudit,,,NewInstanceIgnored
2026-05-23T11:57:44.819016Z,322,dc.scaffold.htb,Microsoft-Windows-TaskScheduler,Microsoft-Windows-TaskScheduler/Operational,6167,3,,,,,,,,,,,08A5B615-EA38-46E4-9537-A81C8BA8A1AF,\Deploy-Engine-OnAudit,,,NewInstanceIgnored
2026-05-23T11:57:44.835213Z,322,dc.scaffold.htb,Microsoft-Windows-TaskScheduler,Microsoft-Windows-TaskScheduler/Operational,6168,3,,,,,,,,,,,08A5B615-EA38-46E4-9537-A81C8BA8A1AF,\Deploy-Engine-OnAudit,,,NewInstanceIgnored
2026-05-23T11:57:44.857849Z,322,dc.scaffold.htb,Microsoft-Windows-TaskScheduler,Microsoft-Windows-TaskScheduler/Operational,6169,3,,,,,,,,,,,08A5B615-EA38-46E4-9537-A81C8BA8A1AF,\Deploy-Engine-OnAudit,,,NewInstanceIgnored
2026-05-23T11:57:44.876199Z,322,dc.scaffold.htb,Microsoft-Windows-TaskScheduler,Microsoft-Windows-TaskScheduler/Operational,6170,3,,,,,,,,,,,08A5B615-EA38-46E4-9537-A81C8BA8A1AF,\Deploy-Engine-OnAudit,,,NewInstanceIgnored
2026-05-23T11:57:44.879189Z,201,dc.scaffold.htb,Microsoft-Windows-TaskScheduler,Microsoft-Windows-TaskScheduler/Operational,6171,4,powershell.exe,1708,,,,,,,4294770688,,08A5B615-EA38-46E4-9537-A81C8BA8A1AF,\Deploy-Engine-OnAudit,,,ActionSuccess
2026-05-23T11:57:44.879696Z,102,dc.scaffold.htb,Microsoft-Windows-TaskScheduler,Microsoft-Windows-TaskScheduler/Operational,6172,4,,,08A5B615-EA38-46E4-9537-A81C8BA8A1AF,,,,,,,,,\Deploy-Engine-OnAudit,SCAFFOLD\Administrator,,TaskSuccessEvent
2026-05-23T11:57:44.892115Z,108,dc.scaffold.htb,Microsoft-Windows-TaskScheduler,Microsoft-Windows-TaskScheduler/Operational,6173,4,,,CD8AF220-A3F8-4FF7-930C-0EB1CBE13C75,,,,,,,,,\Deploy-Engine-OnAudit,,,EventTriggerEvent
2026-05-23T11:57:44.904416Z,129,dc.scaffold.htb,Microsoft-Windows-TaskScheduler,Microsoft-Windows-TaskScheduler/Operational,6174,4,,,,,powershell.exe,16384,7932,,,,,\Deploy-Engine-OnAudit,,,CreatedTaskProcess
2026-05-23T11:57:44.904761Z,100,dc.scaffold.htb,Microsoft-Windows-TaskScheduler,Microsoft-Windows-TaskScheduler/Operational,6175,4,,,CD8AF220-A3F8-4FF7-930C-0EB1CBE13C75,,,,,,,,,\Deploy-Engine-OnAudit,SCAFFOLD\Administrator,,TaskStartEvent
2026-05-23T11:57:44.904764Z,200,dc.scaffold.htb,Microsoft-Windows-TaskScheduler,Microsoft-Windows-TaskScheduler/Operational,6176,4,powershell.exe,7932,,,,,,,,,CD8AF220-A3F8-4FF7-930C-0EB1CBE13C75,\Deploy-Engine-OnAudit,,,ActionStart
2026-05-23T11:57:44.920197Z,322,dc.scaffold.htb,Microsoft-Windows-TaskScheduler,Microsoft-Windows-TaskScheduler/Operational,6177,3,,,,,,,,,,,CD8AF220-A3F8-4FF7-930C-0EB1CBE13C75,\Deploy-Engine-OnAudit,,,NewInstanceIgnored
2026-05-23T11:57:44.935845Z,322,dc.scaffold.htb,Microsoft-Windows-TaskScheduler,Microsoft-Windows-TaskScheduler/Operational,6178,3,,,,,,,,,,,CD8AF220-A3F8-4FF7-930C-0EB1CBE13C75,\Deploy-Engine-OnAudit,,,NewInstanceIgnored
2026-05-23T11:57:44.951412Z,322,dc.scaffold.htb,Microsoft-Windows-TaskScheduler,Microsoft-Windows-TaskScheduler/Operational,6179,3,,,,,,,,,,,CD8AF220-A3F8-4FF7-930C-0EB1CBE13C75,\Deploy-Engine-OnAudit,,,NewInstanceIgnored
2026-05-23T11:57:44.966503Z,322,dc.scaffold.htb,Microsoft-Windows-TaskScheduler,Microsoft-Windows-TaskScheduler/Operational,6180,3,,,,,,,,,,,CD8AF220-A3F8-4FF7-930C-0EB1CBE13C75,\Deploy-Engine-OnAudit,,,NewInstanceIgnored
2026-05-23T11:57:44.988002Z,322,dc.scaffold.htb,Microsoft-Windows-TaskScheduler,Microsoft-Windows-TaskScheduler/Operational,6181,3,,,,,,,,,,,CD8AF220-A3F8-4FF7-930C-0EB1CBE13C75,\Deploy-Engine-OnAudit,,,NewInstanceIgnored
2026-05-23T11:57:45.005954Z,322,dc.scaffold.htb,Microsoft-Windows-TaskScheduler,Microsoft-Windows-TaskScheduler/Operational,6182,3,,,,,,,,,,,CD8AF220-A3F8-4FF7-930C-0EB1CBE13C75,\Deploy-Engine-OnAudit,,,NewInstanceIgnored
2026-05-23T11:57:45.025190Z,322,dc.scaffold.htb,Microsoft-Windows-TaskScheduler,Microsoft-Windows-TaskScheduler/Operational,6183,3,,,,,,,,,,,CD8AF220-A3F8-4FF7-930C-0EB1CBE13C75,\Deploy-Engine-OnAudit,,,NewInstanceIgnored
2026-05-23T11:57:45.041092Z,322,dc.scaffold.htb,Microsoft-Windows-TaskScheduler,Microsoft-Windows-TaskScheduler/Operational,6184,3,,,,,,,,,,,CD8AF220-A3F8-4FF7-930C-0EB1CBE13C75,\Deploy-Engine-OnAudit,,,NewInstanceIgnored
2026-05-23T11:57:45.059629Z,322,dc.scaffold.htb,Microsoft-Windows-TaskScheduler,Microsoft-Windows-TaskScheduler/Operational,6185,3,,,,,,,,,,,CD8AF220-A3F8-4FF7-930C-0EB1CBE13C75,\Deploy-Engine-OnAudit,,,NewInstanceIgnored
2026-05-23T11:57:45.074780Z,322,dc.scaffold.htb,Microsoft-Windows-TaskScheduler,Microsoft-Windows-TaskScheduler/Operational,6186,3,,,,,,,,,,,CD8AF220-A3F8-4FF7-930C-0EB1CBE13C75,\Deploy-Engine-OnAudit,,,NewInstanceIgnored
2026-05-23T11:57:45.089248Z,322,dc.scaffold.htb,Microsoft-Windows-TaskScheduler,Microsoft-Windows-TaskScheduler/Operational,6187,3,,,,,,,,,,,CD8AF220-A3F8-4FF7-930C-0EB1CBE13C75,\Deploy-Engine-OnAudit,,,NewInstanceIgnored
2026-05-23T11:57:45.093470Z,201,dc.scaffold.htb,Microsoft-Windows-TaskScheduler,Microsoft-Windows-TaskScheduler/Operational,6188,4,powershell.exe,7932,,,,,,,4294770688,,CD8AF220-A3F8-4FF7-930C-0EB1CBE13C75,\Deploy-Engine-OnAudit,,,ActionSuccess
2026-05-23T11:57:45.093971Z,102,dc.scaffold.htb,Microsoft-Windows-TaskScheduler,Microsoft-Windows-TaskScheduler/Operational,6189,4,,,CD8AF220-A3F8-4FF7-930C-0EB1CBE13C75,,,,,,,,,\Deploy-Engine-OnAudit,SCAFFOLD\Administrator,,TaskSuccessEvent
2026-05-23T11:57:45.105879Z,108,dc.scaffold.htb,Microsoft-Windows-TaskScheduler,Microsoft-Windows-TaskScheduler/Operational,6190,4,,,58A30CD4-0FE5-44E9-BAAC-24DFC16D825A,,,,,,,,,\Deploy-Engine-OnAudit,,,EventTriggerEvent
2026-05-23T11:57:45.118324Z,129,dc.scaffold.htb,Microsoft-Windows-TaskScheduler,Microsoft-Windows-TaskScheduler/Operational,6191,4,,,,,powershell.exe,16384,7224,,,,,\Deploy-Engine-OnAudit,,,CreatedTaskProcess
2026-05-23T11:57:45.118649Z,100,dc.scaffold.htb,Microsoft-Windows-TaskScheduler,Microsoft-Windows-TaskScheduler/Operational,6192,4,,,58A30CD4-0FE5-44E9-BAAC-24DFC16D825A,,,,,,,,,\Deploy-Engine-OnAudit,SCAFFOLD\Administrator,,TaskStartEvent
2026-05-23T11:57:45.118651Z,200,dc.scaffold.htb,Microsoft-Windows-TaskScheduler,Microsoft-Windows-TaskScheduler/Operational,6193,4,powershell.exe,7224,,,,,,,,,58A30CD4-0FE5-44E9-BAAC-24DFC16D825A,\Deploy-Engine-OnAudit,,,ActionStart
2026-05-23T11:57:45.140064Z,322,dc.scaffold.htb,Microsoft-Windows-TaskScheduler,Microsoft-Windows-TaskScheduler/Operational,6194,3,,,,,,,,,,,58A30CD4-0FE5-44E9-BAAC-24DFC16D825A,\Deploy-Engine-OnAudit,,,NewInstanceIgnored
2026-05-23T11:57:45.154265Z,322,dc.scaffold.htb,Microsoft-Windows-TaskScheduler,Microsoft-Windows-TaskScheduler/Operational,6195,3,,,,,,,,,,,58A30CD4-0FE5-44E9-BAAC-24DFC16D825A,\Deploy-Engine-OnAudit,,,NewInstanceIgnored
2026-05-23T11:57:45.172969Z,322,dc.scaffold.htb,Microsoft-Windows-TaskScheduler,Microsoft-Windows-TaskScheduler/Operational,6196,3,,,,,,,,,,,58A30CD4-0FE5-44E9-BAAC-24DFC16D825A,\Deploy-Engine-OnAudit,,,NewInstanceIgnored
2026-05-23T11:57:45.190506Z,322,dc.scaffold.htb,Microsoft-Windows-TaskScheduler,Microsoft-Windows-TaskScheduler/Operational,6197,3,,,,,,,,,,,58A30CD4-0FE5-44E9-BAAC-24DFC16D825A,\Deploy-Engine-OnAudit,,,NewInstanceIgnored
2026-05-23T11:57:45.212983Z,322,dc.scaffold.htb,Microsoft-Windows-TaskScheduler,Microsoft-Windows-TaskScheduler/Operational,6198,3,,,,,,,,,,,58A30CD4-0FE5-44E9-BAAC-24DFC16D825A,\Deploy-Engine-OnAudit,,,NewInstanceIgnored
2026-05-23T11:57:45.229356Z,322,dc.scaffold.htb,Microsoft-Windows-TaskScheduler,Microsoft-Windows-TaskScheduler/Operational,6199,3,,,,,,,,,,,58A30CD4-0FE5-44E9-BAAC-24DFC16D825A,\Deploy-Engine-OnAudit,,,NewInstanceIgnored
2026-05-23T11:57:45.252431Z,322,dc.scaffold.htb,Microsoft-Windows-TaskScheduler,Microsoft-Windows-TaskScheduler/Operational,6200,3,,,,,,,,,,,58A30CD4-0FE5-44E9-BAAC-24DFC16D825A,\Deploy-Engine-OnAudit,,,NewInstanceIgnored
2026-05-23T11:57:45.267274Z,322,dc.scaffold.htb,Microsoft-Windows-TaskScheduler,Microsoft-Windows-TaskScheduler/Operational,6201,3,,,,,,,,,,,58A30CD4-0FE5-44E9-BAAC-24DFC16D825A,\Deploy-Engine-OnAudit,,,NewInstanceIgnored
2026-05-23T11:57:45.290331Z,322,dc.scaffold.htb,Microsoft-Windows-TaskScheduler,Microsoft-Windows-TaskScheduler/Operational,6202,3,,,,,,,,,,,58A30CD4-0FE5-44E9-BAAC-24DFC16D825A,\Deploy-Engine-OnAudit,,,NewInstanceIgnored
2026-05-23T11:57:45.306924Z,322,dc.scaffold.htb,Microsoft-Windows-TaskScheduler,Microsoft-Windows-TaskScheduler/Operational,6203,3,,,,,,,,,,,58A30CD4-0FE5-44E9-BAAC-24DFC16D825A,\Deploy-Engine-OnAudit,,,NewInstanceIgnored
2026-05-23T11:57:45.322611Z,322,dc.scaffold.htb,Microsoft-Windows-TaskScheduler,Microsoft-Windows-TaskScheduler/Operational,6204,3,,,,,,,,,,,58A30CD4-0FE5-44E9-BAAC-24DFC16D825A,\Deploy-Engine-OnAudit,,,NewInstanceIgnored
2026-05-23T11:57:45.329376Z,201,dc.scaffold.htb,Microsoft-Windows-TaskScheduler,Microsoft-Windows-TaskScheduler/Operational,6205,4,powershell.exe,7224,,,,,,,4294770688,,58A30CD4-0FE5-44E9-BAAC-24DFC16D825A,\Deploy-Engine-OnAudit,,,ActionSuccess
2026-05-23T11:57:45.329703Z,102,dc.scaffold.htb,Microsoft-Windows-TaskScheduler,Microsoft-Windows-TaskScheduler/Operational,6206,4,,,58A30CD4-0FE5-44E9-BAAC-24DFC16D825A,,,,,,,,,\Deploy-Engine-OnAudit,SCAFFOLD\Administrator,,TaskSuccessEvent
2026-05-23T11:57:45.341610Z,108,dc.scaffold.htb,Microsoft-Windows-TaskScheduler,Microsoft-Windows-TaskScheduler/Operational,6207,4,,,C06C4BE3-9187-4664-BD31-88E7D8A04EC2,,,,,,,,,\Deploy-Engine-OnAudit,,,EventTriggerEvent
2026-05-23T11:57:45.353964Z,129,dc.scaffold.htb,Microsoft-Windows-TaskScheduler,Microsoft-Windows-TaskScheduler/Operational,6208,4,,,,,powershell.exe,16384,7156,,,,,\Deploy-Engine-OnAudit,,,CreatedTaskProcess
2026-05-23T11:57:45.354278Z,100,dc.scaffold.htb,Microsoft-Windows-TaskScheduler,Microsoft-Windows-TaskScheduler/Operational,6209,4,,,C06C4BE3-9187-4664-BD31-88E7D8A04EC2,,,,,,,,,\Deploy-Engine-OnAudit,SCAFFOLD\Administrator,,TaskStartEvent
2026-05-23T11:57:45.354280Z,200,dc.scaffold.htb,Microsoft-Windows-TaskScheduler,Microsoft-Windows-TaskScheduler/Operational,6210,4,powershell.exe,7156,,,,,,,,,C06C4BE3-9187-4664-BD31-88E7D8A04EC2,\Deploy-Engine-OnAudit,,,ActionStart
2026-05-23T11:57:45.373718Z,322,dc.scaffold.htb,Microsoft-Windows-TaskScheduler,Microsoft-Windows-TaskScheduler/Operational,6211,3,,,,,,,,,,,C06C4BE3-9187-4664-BD31-88E7D8A04EC2,\Deploy-Engine-OnAudit,,,NewInstanceIgnored
2026-05-23T11:57:45.394713Z,322,dc.scaffold.htb,Microsoft-Windows-TaskScheduler,Microsoft-Windows-TaskScheduler/Operational,6212,3,,,,,,,,,,,C06C4BE3-9187-4664-BD31-88E7D8A04EC2,\Deploy-Engine-OnAudit,,,NewInstanceIgnored
2026-05-23T11:57:45.416792Z,322,dc.scaffold.htb,Microsoft-Windows-TaskScheduler,Microsoft-Windows-TaskScheduler/Operational,6213,3,,,,,,,,,,,C06C4BE3-9187-4664-BD31-88E7D8A04EC2,\Deploy-Engine-OnAudit,,,NewInstanceIgnored
2026-05-23T11:57:45.439107Z,322,dc.scaffold.htb,Microsoft-Windows-TaskScheduler,Microsoft-Windows-TaskScheduler/Operational,6214,3,,,,,,,,,,,C06C4BE3-9187-4664-BD31-88E7D8A04EC2,\Deploy-Engine-OnAudit,,,NewInstanceIgnored
2026-05-23T11:57:45.454801Z,322,dc.scaffold.htb,Microsoft-Windows-TaskScheduler,Microsoft-Windows-TaskScheduler/Operational,6215,3,,,,,,,,,,,C06C4BE3-9187-4664-BD31-88E7D8A04EC2,\Deploy-Engine-OnAudit,,,NewInstanceIgnored
2026-05-23T11:57:45.477360Z,322,dc.scaffold.htb,Microsoft-Windows-TaskScheduler,Microsoft-Windows-TaskScheduler/Operational,6216,3,,,,,,,,,,,C06C4BE3-9187-4664-BD31-88E7D8A04EC2,\Deploy-Engine-OnAudit,,,NewInstanceIgnored
2026-05-23T11:57:45.492541Z,322,dc.scaffold.htb,Microsoft-Windows-TaskScheduler,Microsoft-Windows-TaskScheduler/Operational,6217,3,,,,,,,,,,,C06C4BE3-9187-4664-BD31-88E7D8A04EC2,\Deploy-Engine-OnAudit,,,NewInstanceIgnored
2026-05-23T11:57:45.508935Z,322,dc.scaffold.htb,Microsoft-Windows-TaskScheduler,Microsoft-Windows-TaskScheduler/Operational,6218,3,,,,,,,,,,,C06C4BE3-9187-4664-BD31-88E7D8A04EC2,\Deploy-Engine-OnAudit,,,NewInstanceIgnored
2026-05-23T11:57:45.522254Z,201,dc.scaffold.htb,Microsoft-Windows-TaskScheduler,Microsoft-Windows-TaskScheduler/Operational,6219,4,powershell.exe,7156,,,,,,,4294770688,,C06C4BE3-9187-4664-BD31-88E7D8A04EC2,\Deploy-Engine-OnAudit,,,ActionSuccess
2026-05-23T11:57:45.522707Z,102,dc.scaffold.htb,Microsoft-Windows-TaskScheduler,Microsoft-Windows-TaskScheduler/Operational,6220,4,,,C06C4BE3-9187-4664-BD31-88E7D8A04EC2,,,,,,,,,\Deploy-Engine-OnAudit,SCAFFOLD\Administrator,,TaskSuccessEvent
2026-05-23T11:57:45.528328Z,108,dc.scaffold.htb,Microsoft-Windows-TaskScheduler,Microsoft-Windows-TaskScheduler/Operational,6221,4,,,E470559A-E4CC-45BA-A551-E1EE7B26AD34,,,,,,,,,\Deploy-Engine-OnAudit,,,EventTriggerEvent
2026-05-23T11:57:45.542573Z,129,dc.scaffold.htb,Microsoft-Windows-TaskScheduler,Microsoft-Windows-TaskScheduler/Operational,6222,4,,,,,powershell.exe,16384,7324,,,,,\Deploy-Engine-OnAudit,,,CreatedTaskProcess
2026-05-23T11:57:45.542955Z,100,dc.scaffold.htb,Microsoft-Windows-TaskScheduler,Microsoft-Windows-TaskScheduler/Operational,6223,4,,,E470559A-E4CC-45BA-A551-E1EE7B26AD34,,,,,,,,,\Deploy-Engine-OnAudit,SCAFFOLD\Administrator,,TaskStartEvent
2026-05-23T11:57:45.542957Z,200,dc.scaffold.htb,Microsoft-Windows-TaskScheduler,Microsoft-Windows-TaskScheduler/Operational,6224,4,powershell.exe,7324,,,,,,,,,E470559A-E4CC-45BA-A551-E1EE7B26AD34,\Deploy-Engine-OnAudit,,,ActionStart
2026-05-23T11:57:45.564071Z,322,dc.scaffold.htb,Microsoft-Windows-TaskScheduler,Microsoft-Windows-TaskScheduler/Operational,6225,3,,,,,,,,,,,E470559A-E4CC-45BA-A551-E1EE7B26AD34,\Deploy-Engine-OnAudit,,,NewInstanceIgnored
2026-05-23T11:57:45.578580Z,322,dc.scaffold.htb,Microsoft-Windows-TaskScheduler,Microsoft-Windows-TaskScheduler/Operational,6226,3,,,,,,,,,,,E470559A-E4CC-45BA-A551-E1EE7B26AD34,\Deploy-Engine-OnAudit,,,NewInstanceIgnored
2026-05-23T11:57:45.593397Z,322,dc.scaffold.htb,Microsoft-Windows-TaskScheduler,Microsoft-Windows-TaskScheduler/Operational,6227,3,,,,,,,,,,,E470559A-E4CC-45BA-A551-E1EE7B26AD34,\Deploy-Engine-OnAudit,,,NewInstanceIgnored
