2026-05-17T14:30:55.341695Z,201,dc.scaffold.htb,Microsoft-Windows-TaskScheduler,Microsoft-Windows-TaskScheduler/Operational,2241,4,%windir%\system32\dxgiadaptercache.exe,2248,,,,,,,0,,970C3AEE-C27A-493E-8552-191C923FA8FE,\Microsoft\Windows\DirectX\DXGIAdapterCache,,,ActionSuccess
2026-05-17T14:30:55.341801Z,102,dc.scaffold.htb,Microsoft-Windows-TaskScheduler,Microsoft-Windows-TaskScheduler/Operational,2242,4,,,970C3AEE-C27A-493E-8552-191C923FA8FE,,,,,,,,,\Microsoft\Windows\DirectX\DXGIAdapterCache,NT AUTHORITY\SYSTEM,,TaskSuccessEvent
2026-05-17T14:30:55.354212Z,201,dc.scaffold.htb,Microsoft-Windows-TaskScheduler,Microsoft-Windows-TaskScheduler/Operational,2243,4,,2256,,,,,,,0,,51AC92E1-170F-4E8A-832B-D6F87A1B3311,\Microsoft\Windows\ExploitGuard\ExploitGuard MDM policy Refresh,,,ActionSuccess
2026-05-17T14:30:55.354213Z,102,dc.scaffold.htb,Microsoft-Windows-TaskScheduler,Microsoft-Windows-TaskScheduler/Operational,2244,4,,,51AC92E1-170F-4E8A-832B-D6F87A1B3311,,,,,,,,,\Microsoft\Windows\ExploitGuard\ExploitGuard MDM policy Refresh,NT AUTHORITY\SYSTEM,,TaskSuccessEvent
2026-05-17T14:30:55.380497Z,201,dc.scaffold.htb,Microsoft-Windows-TaskScheduler,Microsoft-Windows-TaskScheduler/Operational,2245,4,OobeEsimTaskManager,2256,,,,,,,0,,916017A4-CD24-4AEC-9BFE-7FDF1B01B792,\Microsoft\Windows\WwanSvc\OobeDiscovery,,,ActionSuccess
2026-05-17T14:30:55.380498Z,102,dc.scaffold.htb,Microsoft-Windows-TaskScheduler,Microsoft-Windows-TaskScheduler/Operational,2246,4,,,916017A4-CD24-4AEC-9BFE-7FDF1B01B792,,,,,,,,,\Microsoft\Windows\WwanSvc\OobeDiscovery,NT AUTHORITY\SYSTEM,,TaskSuccessEvent
2026-05-17T14:30:55.801473Z,108,dc.scaffold.htb,Microsoft-Windows-TaskScheduler,Microsoft-Windows-TaskScheduler/Operational,2247,4,,,90479824-9187-45B3-9160-F3FBEBA2CB30,,,,,,,,,\Microsoft\Windows\SoftwareProtectionPlatform\SvcRestartTaskNetwork,,,EventTriggerEvent
2026-05-17T14:30:55.802825Z,129,dc.scaffold.htb,Microsoft-Windows-TaskScheduler,Microsoft-Windows-TaskScheduler/Operational,2248,4,,,,,taskhostw.exe,16384,2680,,,,,\Microsoft\Windows\SoftwareProtectionPlatform\SvcRestartTaskNetwork,,,CreatedTaskProcess
2026-05-17T14:30:55.802944Z,100,dc.scaffold.htb,Microsoft-Windows-TaskScheduler,Microsoft-Windows-TaskScheduler/Operational,2249,4,,,90479824-9187-45B3-9160-F3FBEBA2CB30,,,,,,,,,\Microsoft\Windows\SoftwareProtectionPlatform\SvcRestartTaskNetwork,(NONE),,TaskStartEvent
2026-05-17T14:30:55.802945Z,200,dc.scaffold.htb,Microsoft-Windows-TaskScheduler,Microsoft-Windows-TaskScheduler/Operational,2250,4,SppSvcRestartTaskHandler Class,2680,,,,,,,,,90479824-9187-45B3-9160-F3FBEBA2CB30,\Microsoft\Windows\SoftwareProtectionPlatform\SvcRestartTaskNetwork,,,ActionStart
2026-05-17T14:30:56.006357Z,325,dc.scaffold.htb,Microsoft-Windows-TaskScheduler,Microsoft-Windows-TaskScheduler/Operational,2251,3,,,,,,,,AF1F65B0-8EA0-48D6-901D-F805A546B9AB,,,,\Microsoft\Windows\Workplace Join\Automatic-Device-Join,,,TaskInstanceQueued
2026-05-17T14:30:56.006476Z,110,dc.scaffold.htb,Microsoft-Windows-TaskScheduler,Microsoft-Windows-TaskScheduler/Operational,2252,4,,,AF1F65B0-8EA0-48D6-901D-F805A546B9AB,,,,,,,,,\Microsoft\Windows\Workplace Join\Automatic-Device-Join,System,,TaskRunEvent
2026-05-17T14:30:56.013552Z,129,dc.scaffold.htb,Microsoft-Windows-TaskScheduler,Microsoft-Windows-TaskScheduler/Operational,2253,4,,,,,%SystemRoot%\System32\dsregcmd.exe,16384,2772,,,,,\Microsoft\Windows\Workplace Join\Automatic-Device-Join,,,CreatedTaskProcess
2026-05-17T14:30:56.013660Z,100,dc.scaffold.htb,Microsoft-Windows-TaskScheduler,Microsoft-Windows-TaskScheduler/Operational,2254,4,,,AF1F65B0-8EA0-48D6-901D-F805A546B9AB,,,,,,,,,\Microsoft\Windows\Workplace Join\Automatic-Device-Join,NT AUTHORITY\SYSTEM,,TaskStartEvent
2026-05-17T14:30:56.013661Z,200,dc.scaffold.htb,Microsoft-Windows-TaskScheduler,Microsoft-Windows-TaskScheduler/Operational,2255,4,%SystemRoot%\System32\dsregcmd.exe,2772,,,,,,,,,AF1F65B0-8EA0-48D6-901D-F805A546B9AB,\Microsoft\Windows\Workplace Join\Automatic-Device-Join,,,ActionStart
2026-05-17T14:30:56.119809Z,201,dc.scaffold.htb,Microsoft-Windows-TaskScheduler,Microsoft-Windows-TaskScheduler/Operational,2256,4,SppSvcRestartTaskHandler Class,2680,,,,,,,0,,90479824-9187-45B3-9160-F3FBEBA2CB30,\Microsoft\Windows\SoftwareProtectionPlatform\SvcRestartTaskNetwork,,,ActionSuccess
2026-05-17T14:30:56.119810Z,102,dc.scaffold.htb,Microsoft-Windows-TaskScheduler,Microsoft-Windows-TaskScheduler/Operational,2257,4,,,90479824-9187-45B3-9160-F3FBEBA2CB30,,,,,,,,,\Microsoft\Windows\SoftwareProtectionPlatform\SvcRestartTaskNetwork,(NONE),,TaskSuccessEvent
2026-05-17T14:31:05.491846Z,118,dc.scaffold.htb,Microsoft-Windows-TaskScheduler,Microsoft-Windows-TaskScheduler/Operational,2258,4,,,E0BF64A5-FCDE-479C-BEB3-EE604FEFBD7E,,,,,,,,,\Microsoft\Windows\CertificateServicesClient\SystemTask,,,BootTrigger
2026-05-17T14:31:05.493350Z,129,dc.scaffold.htb,Microsoft-Windows-TaskScheduler,Microsoft-Windows-TaskScheduler/Operational,2259,4,,,,,taskhostw.exe,16384,4860,,,,,\Microsoft\Windows\CertificateServicesClient\SystemTask,,,CreatedTaskProcess
2026-05-17T14:31:05.494288Z,100,dc.scaffold.htb,Microsoft-Windows-TaskScheduler,Microsoft-Windows-TaskScheduler/Operational,2260,4,,,E0BF64A5-FCDE-479C-BEB3-EE604FEFBD7E,,,,,,,,,\Microsoft\Windows\CertificateServicesClient\SystemTask,NT AUTHORITY\SYSTEM,,TaskStartEvent
2026-05-17T14:31:05.494290Z,200,dc.scaffold.htb,Microsoft-Windows-TaskScheduler,Microsoft-Windows-TaskScheduler/Operational,2261,4,Certificate Services Client Task Handler,4860,,,,,,,,,E0BF64A5-FCDE-479C-BEB3-EE604FEFBD7E,\Microsoft\Windows\CertificateServicesClient\SystemTask,,,ActionStart
2026-05-17T14:31:34.725084Z,201,dc.scaffold.htb,Microsoft-Windows-TaskScheduler,Microsoft-Windows-TaskScheduler/Operational,2262,4,%SystemRoot%\System32\dsregcmd.exe,2772,,,,,,,0,,AF1F65B0-8EA0-48D6-901D-F805A546B9AB,\Microsoft\Windows\Workplace Join\Automatic-Device-Join,,,ActionSuccess
2026-05-17T14:31:34.725206Z,102,dc.scaffold.htb,Microsoft-Windows-TaskScheduler,Microsoft-Windows-TaskScheduler/Operational,2263,4,,,AF1F65B0-8EA0-48D6-901D-F805A546B9AB,,,,,,,,,\Microsoft\Windows\Workplace Join\Automatic-Device-Join,NT AUTHORITY\SYSTEM,,TaskSuccessEvent
2026-05-17T14:31:44.784482Z,201,dc.scaffold.htb,Microsoft-Windows-TaskScheduler,Microsoft-Windows-TaskScheduler/Operational,2264,4,Certificate Services Client Task Handler,4860,,,,,,,0,,E0BF64A5-FCDE-479C-BEB3-EE604FEFBD7E,\Microsoft\Windows\CertificateServicesClient\SystemTask,,,ActionSuccess
2026-05-17T14:31:44.784483Z,102,dc.scaffold.htb,Microsoft-Windows-TaskScheduler,Microsoft-Windows-TaskScheduler/Operational,2265,4,,,E0BF64A5-FCDE-479C-BEB3-EE604FEFBD7E,,,,,,,,,\Microsoft\Windows\CertificateServicesClient\SystemTask,NT AUTHORITY\SYSTEM,,TaskSuccessEvent
2026-05-17T14:31:55.498899Z,118,dc.scaffold.htb,Microsoft-Windows-TaskScheduler,Microsoft-Windows-TaskScheduler/Operational,2266,4,,,0C77E796-1C27-4852-B074-3EA8F98989FE,,,,,,,,,\Microsoft\Windows\Software Inventory Logging\Configuration,,,BootTrigger
2026-05-17T14:31:55.499053Z,118,dc.scaffold.htb,Microsoft-Windows-TaskScheduler,Microsoft-Windows-TaskScheduler/Operational,2267,4,,,944BF243-1B79-4797-B531-AB5E051F31E5,,,,,,,,,\Microsoft\Windows\DirectX\DXGIAdapterCache,,,BootTrigger
2026-05-17T14:31:55.503185Z,129,dc.scaffold.htb,Microsoft-Windows-TaskScheduler,Microsoft-Windows-TaskScheduler/Operational,2268,4,,,,,%windir%\system32\dxgiadaptercache.exe,16384,2688,,,,,\Microsoft\Windows\DirectX\DXGIAdapterCache,,,CreatedTaskProcess
2026-05-17T14:31:55.503454Z,100,dc.scaffold.htb,Microsoft-Windows-TaskScheduler,Microsoft-Windows-TaskScheduler/Operational,2269,4,,,944BF243-1B79-4797-B531-AB5E051F31E5,,,,,,,,,\Microsoft\Windows\DirectX\DXGIAdapterCache,NT AUTHORITY\SYSTEM,,TaskStartEvent
2026-05-17T14:31:55.503457Z,200,dc.scaffold.htb,Microsoft-Windows-TaskScheduler,Microsoft-Windows-TaskScheduler/Operational,2270,4,%windir%\system32\dxgiadaptercache.exe,2688,,,,,,,,,944BF243-1B79-4797-B531-AB5E051F31E5,\Microsoft\Windows\DirectX\DXGIAdapterCache,,,ActionStart
2026-05-17T14:31:55.503803Z,129,dc.scaffold.htb,Microsoft-Windows-TaskScheduler,Microsoft-Windows-TaskScheduler/Operational,2271,4,,,,,%systemroot%\system32\cmd.exe,16384,3220,,,,,\Microsoft\Windows\Software Inventory Logging\Configuration,,,CreatedTaskProcess
2026-05-17T14:31:55.504069Z,100,dc.scaffold.htb,Microsoft-Windows-TaskScheduler,Microsoft-Windows-TaskScheduler/Operational,2272,4,,,0C77E796-1C27-4852-B074-3EA8F98989FE,,,,,,,,,\Microsoft\Windows\Software Inventory Logging\Configuration,NT AUTHORITY\SYSTEM,,TaskStartEvent
2026-05-17T14:31:55.504071Z,200,dc.scaffold.htb,Microsoft-Windows-TaskScheduler,Microsoft-Windows-TaskScheduler/Operational,2273,4,%systemroot%\system32\cmd.exe,3220,,,,,,,,,0C77E796-1C27-4852-B074-3EA8F98989FE,\Microsoft\Windows\Software Inventory Logging\Configuration,,,ActionStart
2026-05-17T14:31:55.527003Z,201,dc.scaffold.htb,Microsoft-Windows-TaskScheduler,Microsoft-Windows-TaskScheduler/Operational,2274,4,%windir%\system32\dxgiadaptercache.exe,2688,,,,,,,0,,944BF243-1B79-4797-B531-AB5E051F31E5,\Microsoft\Windows\DirectX\DXGIAdapterCache,,,ActionSuccess
2026-05-17T14:31:55.527091Z,102,dc.scaffold.htb,Microsoft-Windows-TaskScheduler,Microsoft-Windows-TaskScheduler/Operational,2275,4,,,944BF243-1B79-4797-B531-AB5E051F31E5,,,,,,,,,\Microsoft\Windows\DirectX\DXGIAdapterCache,NT AUTHORITY\SYSTEM,,TaskSuccessEvent
2026-05-17T14:31:55.551088Z,201,dc.scaffold.htb,Microsoft-Windows-TaskScheduler,Microsoft-Windows-TaskScheduler/Operational,2276,4,%systemroot%\system32\cmd.exe,3220,,,,,,,0,,0C77E796-1C27-4852-B074-3EA8F98989FE,\Microsoft\Windows\Software Inventory Logging\Configuration,,,ActionSuccess
2026-05-17T14:31:55.551194Z,102,dc.scaffold.htb,Microsoft-Windows-TaskScheduler,Microsoft-Windows-TaskScheduler/Operational,2277,4,,,0C77E796-1C27-4852-B074-3EA8F98989FE,,,,,,,,,\Microsoft\Windows\Software Inventory Logging\Configuration,NT AUTHORITY\SYSTEM,,TaskSuccessEvent
2026-05-17T14:33:00.713591Z,119,dc.scaffold.htb,Microsoft-Windows-TaskScheduler,Microsoft-Windows-TaskScheduler/Operational,2278,4,,,6040F383-DE01-4DD0-97A2-7A57C8A1D6C9,,,,,,,,,\Microsoft\Windows\Server Manager\ServerManager,,SCAFFOLD\Administrator,LogonTrigger
2026-05-17T14:33:00.713999Z,119,dc.scaffold.htb,Microsoft-Windows-TaskScheduler,Microsoft-Windows-TaskScheduler/Operational,2279,4,,,4A7919EE-B047-4C6E-954F-1659F4D1905F,,,,,,,,,\Microsoft\Windows\CertificateServicesClient\UserTask,,SCAFFOLD\Administrator,LogonTrigger
2026-05-17T14:33:00.714010Z,119,dc.scaffold.htb,Microsoft-Windows-TaskScheduler,Microsoft-Windows-TaskScheduler/Operational,2280,4,,,42CA49DD-70AB-40AB-84C0-FDB122CB74C1,,,,,,,,,\Microsoft\Windows\WindowsColorSystem\Calibration Loader,,SCAFFOLD\Administrator,LogonTrigger
2026-05-17T14:33:00.714076Z,119,dc.scaffold.htb,Microsoft-Windows-TaskScheduler,Microsoft-Windows-TaskScheduler/Operational,2281,4,,,21389F7F-D735-45AE-AA32-4F3D854392DB,,,,,,,,,\Microsoft\Windows\TextServicesFramework\MsCtfMonitor,,SCAFFOLD\Administrator,LogonTrigger
2026-05-17T14:33:00.715396Z,119,dc.scaffold.htb,Microsoft-Windows-TaskScheduler,Microsoft-Windows-TaskScheduler/Operational,2282,4,,,AACE06D6-AD02-4B97-9349-03F3C26D1ABF,,,,,,,,,\Microsoft\Windows\Wininet\CacheTask,,SCAFFOLD\Administrator,LogonTrigger
2026-05-17T14:33:00.716254Z,119,dc.scaffold.htb,Microsoft-Windows-TaskScheduler,Microsoft-Windows-TaskScheduler/Operational,2283,4,,,ED489964-64DF-41BC-9BF5-D56B3514E152,,,,,,,,,\Microsoft\Windows\SoftwareProtectionPlatform\SvcRestartTaskLogon,,SCAFFOLD\Administrator,LogonTrigger
2026-05-17T14:33:00.716472Z,129,dc.scaffold.htb,Microsoft-Windows-TaskScheduler,Microsoft-Windows-TaskScheduler/Operational,2284,4,,,,,%windir%\system32\ServerManagerLauncher.exe,32,3576,,,,,\Microsoft\Windows\Server Manager\ServerManager,,,CreatedTaskProcess
2026-05-17T14:33:00.716490Z,129,dc.scaffold.htb,Microsoft-Windows-TaskScheduler,Microsoft-Windows-TaskScheduler/Operational,2285,4,,,,,taskhostw.exe,32,3460,,,,,\Microsoft\Windows\CertificateServicesClient\UserTask,,,CreatedTaskProcess
2026-05-17T14:33:00.716663Z,100,dc.scaffold.htb,Microsoft-Windows-TaskScheduler,Microsoft-Windows-TaskScheduler/Operational,2286,4,,,4A7919EE-B047-4C6E-954F-1659F4D1905F,,,,,,,,,\Microsoft\Windows\CertificateServicesClient\UserTask,SCAFFOLD\Administrator,,TaskStartEvent
2026-05-17T14:33:00.716665Z,200,dc.scaffold.htb,Microsoft-Windows-TaskScheduler,Microsoft-Windows-TaskScheduler/Operational,2287,4,Certificate Services Client Task Handler,3460,,,,,,,,,4A7919EE-B047-4C6E-954F-1659F4D1905F,\Microsoft\Windows\CertificateServicesClient\UserTask,,,ActionStart
2026-05-17T14:33:00.716758Z,100,dc.scaffold.htb,Microsoft-Windows-TaskScheduler,Microsoft-Windows-TaskScheduler/Operational,2288,4,,,6040F383-DE01-4DD0-97A2-7A57C8A1D6C9,,,,,,,,,\Microsoft\Windows\Server Manager\ServerManager,SCAFFOLD\Administrator,,TaskStartEvent
2026-05-17T14:33:00.716759Z,200,dc.scaffold.htb,Microsoft-Windows-TaskScheduler,Microsoft-Windows-TaskScheduler/Operational,2289,4,%windir%\system32\ServerManagerLauncher.exe,3576,,,,,,,,,6040F383-DE01-4DD0-97A2-7A57C8A1D6C9,\Microsoft\Windows\Server Manager\ServerManager,,,ActionStart
2026-05-17T14:33:00.717052Z,119,dc.scaffold.htb,Microsoft-Windows-TaskScheduler,Microsoft-Windows-TaskScheduler/Operational,2290,4,,,D269BA2F-235C-4020-A141-0C1EBF41DCA7,,,,,,,,,\MicrosoftEdgeUpdateTaskMachineCore,,SCAFFOLD\Administrator,LogonTrigger
2026-05-17T14:33:00.717129Z,119,dc.scaffold.htb,Microsoft-Windows-TaskScheduler,Microsoft-Windows-TaskScheduler/Operational,2291,4,,,181A536B-49C3-4E3F-9619-09803602EBF3,,,,,,,,,\Microsoft\Windows\Plug and Play\Device Install Reboot Required,,SCAFFOLD\Administrator,LogonTrigger
2026-05-17T14:33:00.719072Z,129,dc.scaffold.htb,Microsoft-Windows-TaskScheduler,Microsoft-Windows-TaskScheduler/Operational,2292,4,,,,,taskhostw.exe,32,2804,,,,,\Microsoft\Windows\Plug and Play\Device Install Reboot Required,,,CreatedTaskProcess
2026-05-17T14:33:00.719350Z,100,dc.scaffold.htb,Microsoft-Windows-TaskScheduler,Microsoft-Windows-TaskScheduler/Operational,2293,4,,,181A536B-49C3-4E3F-9619-09803602EBF3,,,,,,,,,\Microsoft\Windows\Plug and Play\Device Install Reboot Required,SCAFFOLD\Administrator,,TaskStartEvent
2026-05-17T14:33:00.719352Z,200,dc.scaffold.htb,Microsoft-Windows-TaskScheduler,Microsoft-Windows-TaskScheduler/Operational,2294,4,Device Installation Reboot Dialog Task,2804,,,,,,,,,181A536B-49C3-4E3F-9619-09803602EBF3,\Microsoft\Windows\Plug and Play\Device Install Reboot Required,,,ActionStart
2026-05-17T14:33:00.749816Z,129,dc.scaffold.htb,Microsoft-Windows-TaskScheduler,Microsoft-Windows-TaskScheduler/Operational,2295,4,,,,,C:\Program Files (x86)\Microsoft\EdgeUpdate\MicrosoftEdgeUpdate.exe,32,4764,,,,,\MicrosoftEdgeUpdateTaskMachineCore,,,CreatedTaskProcess
2026-05-17T14:33:00.749916Z,100,dc.scaffold.htb,Microsoft-Windows-TaskScheduler,Microsoft-Windows-TaskScheduler/Operational,2296,4,,,D269BA2F-235C-4020-A141-0C1EBF41DCA7,,,,,,,,,\MicrosoftEdgeUpdateTaskMachineCore,NT AUTHORITY\SYSTEM,,TaskStartEvent
2026-05-17T14:33:00.749918Z,200,dc.scaffold.htb,Microsoft-Windows-TaskScheduler,Microsoft-Windows-TaskScheduler/Operational,2297,4,C:\Program Files (x86)\Microsoft\EdgeUpdate\MicrosoftEdgeUpdate.exe,4764,,,,,,,,,D269BA2F-235C-4020-A141-0C1EBF41DCA7,\MicrosoftEdgeUpdateTaskMachineCore,,,ActionStart
2026-05-17T14:33:00.822550Z,100,dc.scaffold.htb,Microsoft-Windows-TaskScheduler,Microsoft-Windows-TaskScheduler/Operational,2298,4,,,42CA49DD-70AB-40AB-84C0-FDB122CB74C1,,,,,,,,,\Microsoft\Windows\WindowsColorSystem\Calibration Loader,SCAFFOLD\Administrator,,TaskStartEvent
2026-05-17T14:33:00.822551Z,200,dc.scaffold.htb,Microsoft-Windows-TaskScheduler,Microsoft-Windows-TaskScheduler/Operational,2299,4,Color Calibration Loader,3460,,,,,,,,,42CA49DD-70AB-40AB-84C0-FDB122CB74C1,\Microsoft\Windows\WindowsColorSystem\Calibration Loader,,,ActionStart
2026-05-17T14:33:00.822682Z,100,dc.scaffold.htb,Microsoft-Windows-TaskScheduler,Microsoft-Windows-TaskScheduler/Operational,2300,4,,,ED489964-64DF-41BC-9BF5-D56B3514E152,,,,,,,,,\Microsoft\Windows\SoftwareProtectionPlatform\SvcRestartTaskLogon,SCAFFOLD\Administrator,,TaskStartEvent
2026-05-17T14:33:00.822684Z,200,dc.scaffold.htb,Microsoft-Windows-TaskScheduler,Microsoft-Windows-TaskScheduler/Operational,2301,4,SppSvcRestartTaskHandler Class,3460,,,,,,,,,ED489964-64DF-41BC-9BF5-D56B3514E152,\Microsoft\Windows\SoftwareProtectionPlatform\SvcRestartTaskLogon,,,ActionStart
2026-05-17T14:33:00.823425Z,129,dc.scaffold.htb,Microsoft-Windows-TaskScheduler,Microsoft-Windows-TaskScheduler/Operational,2302,4,,,,,taskhostw.exe,32,3324,,,,,\Microsoft\Windows\Wininet\CacheTask,,,CreatedTaskProcess
2026-05-17T14:33:00.823621Z,100,dc.scaffold.htb,Microsoft-Windows-TaskScheduler,Microsoft-Windows-TaskScheduler/Operational,2303,4,,,AACE06D6-AD02-4B97-9349-03F3C26D1ABF,,,,,,,,,\Microsoft\Windows\Wininet\CacheTask,SCAFFOLD\Administrator,,TaskStartEvent
2026-05-17T14:33:00.823622Z,200,dc.scaffold.htb,Microsoft-Windows-TaskScheduler,Microsoft-Windows-TaskScheduler/Operational,2304,4,Wininet Cache task object,3324,,,,,,,,,AACE06D6-AD02-4B97-9349-03F3C26D1ABF,\Microsoft\Windows\Wininet\CacheTask,,,ActionStart
2026-05-17T14:33:00.832573Z,201,dc.scaffold.htb,Microsoft-Windows-TaskScheduler,Microsoft-Windows-TaskScheduler/Operational,2305,4,SppSvcRestartTaskHandler Class,3460,,,,,,,0,,ED489964-64DF-41BC-9BF5-D56B3514E152,\Microsoft\Windows\SoftwareProtectionPlatform\SvcRestartTaskLogon,,,ActionSuccess
2026-05-17T14:33:00.832574Z,102,dc.scaffold.htb,Microsoft-Windows-TaskScheduler,Microsoft-Windows-TaskScheduler/Operational,2306,4,,,ED489964-64DF-41BC-9BF5-D56B3514E152,,,,,,,,,\Microsoft\Windows\SoftwareProtectionPlatform\SvcRestartTaskLogon,SCAFFOLD\Administrator,,TaskSuccessEvent
2026-05-17T14:33:00.931703Z,100,dc.scaffold.htb,Microsoft-Windows-TaskScheduler,Microsoft-Windows-TaskScheduler/Operational,2307,4,,,21389F7F-D735-45AE-AA32-4F3D854392DB,,,,,,,,,\Microsoft\Windows\TextServicesFramework\MsCtfMonitor,SCAFFOLD\Administrator,,TaskStartEvent
2026-05-17T14:33:00.931704Z,200,dc.scaffold.htb,Microsoft-Windows-TaskScheduler,Microsoft-Windows-TaskScheduler/Operational,2308,4,MsCtfMonitor task handler,3324,,,,,,,,,21389F7F-D735-45AE-AA32-4F3D854392DB,\Microsoft\Windows\TextServicesFramework\MsCtfMonitor,,,ActionStart
2026-05-17T14:33:00.955647Z,201,dc.scaffold.htb,Microsoft-Windows-TaskScheduler,Microsoft-Windows-TaskScheduler/Operational,2309,4,MsCtfMonitor task handler,3324,,,,,,,0,,21389F7F-D735-45AE-AA32-4F3D854392DB,\Microsoft\Windows\TextServicesFramework\MsCtfMonitor,,,ActionSuccess
2026-05-17T14:33:00.955648Z,102,dc.scaffold.htb,Microsoft-Windows-TaskScheduler,Microsoft-Windows-TaskScheduler/Operational,2310,4,,,21389F7F-D735-45AE-AA32-4F3D854392DB,,,,,,,,,\Microsoft\Windows\TextServicesFramework\MsCtfMonitor,SCAFFOLD\Administrator,,TaskSuccessEvent
2026-05-17T14:33:00.986255Z,141,dc.scaffold.htb,Microsoft-Windows-TaskScheduler,Microsoft-Windows-TaskScheduler/Operational,2311,4,,,,,,,,,,,,\CreateExplorerShellUnelevatedTask,,SCAFFOLD\Administrator,TaskDeleted
2026-05-17T14:33:00.996870Z,106,dc.scaffold.htb,Microsoft-Windows-TaskScheduler,Microsoft-Windows-TaskScheduler/Operational,2312,4,,,,,,,,,,,,\CreateExplorerShellUnelevatedTask,SCAFFOLD\Administrator,,TaskRegisteredEvent
2026-05-17T14:33:00.996871Z,140,dc.scaffold.htb,Microsoft-Windows-TaskScheduler,Microsoft-Windows-TaskScheduler/Operational,2313,4,,,,,,,,,,,,\CreateExplorerShellUnelevatedTask,,SCAFFOLD\Administrator,TaskUpdated
2026-05-17T14:33:00.997285Z,109,dc.scaffold.htb,Microsoft-Windows-TaskScheduler,Microsoft-Windows-TaskScheduler/Operational,2314,4,,,FDAEBD7A-297B-4CE2-8CF4-EA5D92D0BD0B,,,,,,,,,\CreateExplorerShellUnelevatedTask,,,RegistrationTriggerEvent
2026-05-17T14:33:01.000540Z,129,dc.scaffold.htb,Microsoft-Windows-TaskScheduler,Microsoft-Windows-TaskScheduler/Operational,2315,4,,,,,C:\Windows\Explorer.EXE,32,2520,,,,,\CreateExplorerShellUnelevatedTask,,,CreatedTaskProcess
2026-05-17T14:33:01.000817Z,100,dc.scaffold.htb,Microsoft-Windows-TaskScheduler,Microsoft-Windows-TaskScheduler/Operational,2316,4,,,FDAEBD7A-297B-4CE2-8CF4-EA5D92D0BD0B,,,,,,,,,\CreateExplorerShellUnelevatedTask,SCAFFOLD\Administrator,,TaskStartEvent
2026-05-17T14:33:01.000818Z,200,dc.scaffold.htb,Microsoft-Windows-TaskScheduler,Microsoft-Windows-TaskScheduler/Operational,2317,4,C:\Windows\Explorer.EXE,2520,,,,,,,,,FDAEBD7A-297B-4CE2-8CF4-EA5D92D0BD0B,\CreateExplorerShellUnelevatedTask,,,ActionStart
2026-05-17T14:33:01.132053Z,201,dc.scaffold.htb,Microsoft-Windows-TaskScheduler,Microsoft-Windows-TaskScheduler/Operational,2318,4,Certificate Services Client Task Handler,3460,,,,,,,0,,4A7919EE-B047-4C6E-954F-1659F4D1905F,\Microsoft\Windows\CertificateServicesClient\UserTask,,,ActionSuccess
2026-05-17T14:33:01.132055Z,102,dc.scaffold.htb,Microsoft-Windows-TaskScheduler,Microsoft-Windows-TaskScheduler/Operational,2319,4,,,4A7919EE-B047-4C6E-954F-1659F4D1905F,,,,,,,,,\Microsoft\Windows\CertificateServicesClient\UserTask,SCAFFOLD\Administrator,,TaskSuccessEvent
2026-05-17T14:33:01.156570Z,201,dc.scaffold.htb,Microsoft-Windows-TaskScheduler,Microsoft-Windows-TaskScheduler/Operational,2320,4,Device Installation Reboot Dialog Task,2804,,,,,,,0,,181A536B-49C3-4E3F-9619-09803602EBF3,\Microsoft\Windows\Plug and Play\Device Install Reboot Required,,,ActionSuccess
2026-05-17T14:33:01.156571Z,102,dc.scaffold.htb,Microsoft-Windows-TaskScheduler,Microsoft-Windows-TaskScheduler/Operational,2321,4,,,181A536B-49C3-4E3F-9619-09803602EBF3,,,,,,,,,\Microsoft\Windows\Plug and Play\Device Install Reboot Required,SCAFFOLD\Administrator,,TaskSuccessEvent
2026-05-17T14:33:01.207343Z,201,dc.scaffold.htb,Microsoft-Windows-TaskScheduler,Microsoft-Windows-TaskScheduler/Operational,2322,4,Color Calibration Loader,3460,,,,,,,0,,42CA49DD-70AB-40AB-84C0-FDB122CB74C1,\Microsoft\Windows\WindowsColorSystem\Calibration Loader,,,ActionSuccess
2026-05-17T14:33:01.207344Z,102,dc.scaffold.htb,Microsoft-Windows-TaskScheduler,Microsoft-Windows-TaskScheduler/Operational,2323,4,,,42CA49DD-70AB-40AB-84C0-FDB122CB74C1,,,,,,,,,\Microsoft\Windows\WindowsColorSystem\Calibration Loader,SCAFFOLD\Administrator,,TaskSuccessEvent
2026-05-17T14:33:02.476689Z,201,dc.scaffold.htb,Microsoft-Windows-TaskScheduler,Microsoft-Windows-TaskScheduler/Operational,2324,4,%windir%\system32\ServerManagerLauncher.exe,3576,,,,,,,0,,6040F383-DE01-4DD0-97A2-7A57C8A1D6C9,\Microsoft\Windows\Server Manager\ServerManager,,,ActionSuccess
2026-05-17T14:33:02.477178Z,102,dc.scaffold.htb,Microsoft-Windows-TaskScheduler,Microsoft-Windows-TaskScheduler/Operational,2325,4,,,6040F383-DE01-4DD0-97A2-7A57C8A1D6C9,,,,,,,,,\Microsoft\Windows\Server Manager\ServerManager,SCAFFOLD\Administrator,,TaskSuccessEvent
2026-05-17T14:33:05.612437Z,140,dc.scaffold.htb,Microsoft-Windows-TaskScheduler,Microsoft-Windows-TaskScheduler/Operational,2326,4,,,,,,,,,,,,\Microsoft\Windows\Application Experience\PcaPatchDbTask,,SCAFFOLD\DC$,TaskUpdated
2026-05-17T14:33:08.421748Z,140,dc.scaffold.htb,Microsoft-Windows-TaskScheduler,Microsoft-Windows-TaskScheduler/Operational,2327,4,,,,,,,,,,,,\Microsoft\Windows\UpdateOrchestrator\Schedule Scan,,S-1-5-18,TaskUpdated
2026-05-17T14:33:08.460436Z,140,dc.scaffold.htb,Microsoft-Windows-TaskScheduler,Microsoft-Windows-TaskScheduler/Operational,2328,4,,,,,,,,,,,,\Microsoft\Windows\UpdateOrchestrator\Schedule Scan,,SCAFFOLD\DC$,TaskUpdated
2026-05-17T14:33:31.198245Z,119,dc.scaffold.htb,Microsoft-Windows-TaskScheduler,Microsoft-Windows-TaskScheduler/Operational,2329,4,,,FC142CD7-7D6B-40A2-B2D2-3AF08D7F8489,,,,,,,,,\Microsoft\Windows\International\Synchronize Language Settings,,SCAFFOLD\Administrator,LogonTrigger
2026-05-17T14:33:31.199508Z,129,dc.scaffold.htb,Microsoft-Windows-TaskScheduler,Microsoft-Windows-TaskScheduler/Operational,2330,4,,,,,taskhostw.exe,32,4456,,,,,\Microsoft\Windows\International\Synchronize Language Settings,,,CreatedTaskProcess
2026-05-17T14:33:31.199728Z,100,dc.scaffold.htb,Microsoft-Windows-TaskScheduler,Microsoft-Windows-TaskScheduler/Operational,2331,4,,,FC142CD7-7D6B-40A2-B2D2-3AF08D7F8489,,,,,,,,,\Microsoft\Windows\International\Synchronize Language Settings,SCAFFOLD\Administrator,,TaskStartEvent
2026-05-17T14:33:31.199729Z,200,dc.scaffold.htb,Microsoft-Windows-TaskScheduler,Microsoft-Windows-TaskScheduler/Operational,2332,4,Sync Language Data From Cloud Task,4456,,,,,,,,,FC142CD7-7D6B-40A2-B2D2-3AF08D7F8489,\Microsoft\Windows\International\Synchronize Language Settings,,,ActionStart
2026-05-17T14:33:55.483027Z,118,dc.scaffold.htb,Microsoft-Windows-TaskScheduler,Microsoft-Windows-TaskScheduler/Operational,2333,4,,,5A180044-2BAD-4310-8121-F78932364D5F,,,,,,,,,\Microsoft\Windows\Windows Error Reporting\QueueReporting,,,BootTrigger
2026-05-17T14:33:55.484698Z,129,dc.scaffold.htb,Microsoft-Windows-TaskScheduler,Microsoft-Windows-TaskScheduler/Operational,2334,4,,,,,taskhostw.exe,16384,2152,,,,,\Microsoft\Windows\Flighting\FeatureConfig\ReconcileFeatures,,,CreatedTaskProcess
2026-05-17T14:33:55.484805Z,100,dc.scaffold.htb,Microsoft-Windows-TaskScheduler,Microsoft-Windows-TaskScheduler/Operational,2335,4,,,ACC9D988-B8A2-433E-A6AB-E4F9FEAB9EA6,,,,,,,,,\Microsoft\Windows\Flighting\FeatureConfig\ReconcileFeatures,NT AUTHORITY\SYSTEM,,TaskStartEvent
2026-05-17T14:33:55.484806Z,200,dc.scaffold.htb,Microsoft-Windows-TaskScheduler,Microsoft-Windows-TaskScheduler/Operational,2336,4,Feature Configuration Reconciliation Task Handler,2152,,,,,,,,,ACC9D988-B8A2-433E-A6AB-E4F9FEAB9EA6,\Microsoft\Windows\Flighting\FeatureConfig\ReconcileFeatures,,,ActionStart
2026-05-17T14:33:55.528378Z,129,dc.scaffold.htb,Microsoft-Windows-TaskScheduler,Microsoft-Windows-TaskScheduler/Operational,2337,4,,,,,%windir%\system32\wermgr.exe,16384,2524,,,,,\Microsoft\Windows\Windows Error Reporting\QueueReporting,,,CreatedTaskProcess
2026-05-17T14:33:55.528517Z,100,dc.scaffold.htb,Microsoft-Windows-TaskScheduler,Microsoft-Windows-TaskScheduler/Operational,2338,4,,,5A180044-2BAD-4310-8121-F78932364D5F,,,,,,,,,\Microsoft\Windows\Windows Error Reporting\QueueReporting,NT AUTHORITY\SYSTEM,,TaskStartEvent
2026-05-17T14:33:55.528519Z,200,dc.scaffold.htb,Microsoft-Windows-TaskScheduler,Microsoft-Windows-TaskScheduler/Operational,2339,4,%windir%\system32\wermgr.exe,2524,,,,,,,,,5A180044-2BAD-4310-8121-F78932364D5F,\Microsoft\Windows\Windows Error Reporting\QueueReporting,,,ActionStart
2026-05-17T14:33:55.740587Z,201,dc.scaffold.htb,Microsoft-Windows-TaskScheduler,Microsoft-Windows-TaskScheduler/Operational,2340,4,Feature Configuration Reconciliation Task Handler,2152,,,,,,,0,,ACC9D988-B8A2-433E-A6AB-E4F9FEAB9EA6,\Microsoft\Windows\Flighting\FeatureConfig\ReconcileFeatures,,,ActionSuccess
2026-05-17T14:33:55.740588Z,102,dc.scaffold.htb,Microsoft-Windows-TaskScheduler,Microsoft-Windows-TaskScheduler/Operational,2341,4,,,ACC9D988-B8A2-433E-A6AB-E4F9FEAB9EA6,,,,,,,,,\Microsoft\Windows\Flighting\FeatureConfig\ReconcileFeatures,NT AUTHORITY\SYSTEM,,TaskSuccessEvent
2026-05-17T14:34:01.223796Z,119,dc.scaffold.htb,Microsoft-Windows-TaskScheduler,Microsoft-Windows-TaskScheduler/Operational,2342,4,,,B0C52736-121B-4140-A5EA-35D5BDDCED42,,,,,,,,,\Microsoft\Windows\Workplace Join\Automatic-Device-Join,,SCAFFOLD\Administrator,LogonTrigger
2026-05-17T14:34:01.224865Z,129,dc.scaffold.htb,Microsoft-Windows-TaskScheduler,Microsoft-Windows-TaskScheduler/Operational,2343,4,,,,,%SystemRoot%\System32\dsregcmd.exe,16384,2172,,,,,\Microsoft\Windows\Workplace Join\Automatic-Device-Join,,,CreatedTaskProcess
2026-05-17T14:34:01.224949Z,100,dc.scaffold.htb,Microsoft-Windows-TaskScheduler,Microsoft-Windows-TaskScheduler/Operational,2344,4,,,B0C52736-121B-4140-A5EA-35D5BDDCED42,,,,,,,,,\Microsoft\Windows\Workplace Join\Automatic-Device-Join,NT AUTHORITY\SYSTEM,,TaskStartEvent
2026-05-17T14:34:01.224950Z,200,dc.scaffold.htb,Microsoft-Windows-TaskScheduler,Microsoft-Windows-TaskScheduler/Operational,2345,4,%SystemRoot%\System32\dsregcmd.exe,2172,,,,,,,,,B0C52736-121B-4140-A5EA-35D5BDDCED42,\Microsoft\Windows\Workplace Join\Automatic-Device-Join,,,ActionStart
2026-05-17T14:34:01.327883Z,201,dc.scaffold.htb,Microsoft-Windows-TaskScheduler,Microsoft-Windows-TaskScheduler/Operational,2346,4,%SystemRoot%\System32\dsregcmd.exe,2172,,,,,,,2147942401,,B0C52736-121B-4140-A5EA-35D5BDDCED42,\Microsoft\Windows\Workplace Join\Automatic-Device-Join,,,ActionSuccess
2026-05-17T14:34:01.327981Z,102,dc.scaffold.htb,Microsoft-Windows-TaskScheduler,Microsoft-Windows-TaskScheduler/Operational,2347,4,,,B0C52736-121B-4140-A5EA-35D5BDDCED42,,,,,,,,,\Microsoft\Windows\Workplace Join\Automatic-Device-Join,NT AUTHORITY\SYSTEM,,TaskSuccessEvent
2026-05-17T14:34:13.258381Z,202,dc.scaffold.htb,Microsoft-Windows-TaskScheduler,Microsoft-Windows-TaskScheduler/Operational,2348,2,Sync Language Data From Cloud Task,4456,,,,,,,2147746053,,FC142CD7-7D6B-40A2-B2D2-3AF08D7F8489,\Microsoft\Windows\International\Synchronize Language Settings,,,ActionFailure
2026-05-17T14:34:13.258382Z,103,dc.scaffold.htb,Microsoft-Windows-TaskScheduler,Microsoft-Windows-TaskScheduler/Operational,2349,2,,,FC142CD7-7D6B-40A2-B2D2-3AF08D7F8489,,,,,,2147746053,,,\Microsoft\Windows\International\Synchronize Language Settings,SCAFFOLD\Administrator,,TaskFailureEvent
2026-05-17T14:34:13.335727Z,201,dc.scaffold.htb,Microsoft-Windows-TaskScheduler,Microsoft-Windows-TaskScheduler/Operational,2350,4,%windir%\system32\wermgr.exe,2524,,,,,,,0,,5A180044-2BAD-4310-8121-F78932364D5F,\Microsoft\Windows\Windows Error Reporting\QueueReporting,,,ActionSuccess
2026-05-17T14:34:13.335889Z,102,dc.scaffold.htb,Microsoft-Windows-TaskScheduler,Microsoft-Windows-TaskScheduler/Operational,2351,4,,,5A180044-2BAD-4310-8121-F78932364D5F,,,,,,,,,\Microsoft\Windows\Windows Error Reporting\QueueReporting,NT AUTHORITY\SYSTEM,,TaskSuccessEvent
2026-05-17T14:39:23.182874Z,107,dc.scaffold.htb,Microsoft-Windows-TaskScheduler,Microsoft-Windows-TaskScheduler/Operational,2352,4,,,58F64E5B-CCE8-4099-922E-E89A3554960D,,,,,,,,,\MicrosoftEdgeUpdateTaskMachineUA,,,TimeTriggerEvent
2026-05-17T14:39:23.187095Z,129,dc.scaffold.htb,Microsoft-Windows-TaskScheduler,Microsoft-Windows-TaskScheduler/Operational,2353,4,,,,,C:\Program Files (x86)\Microsoft\EdgeUpdate\MicrosoftEdgeUpdate.exe,32,312,,,,,\MicrosoftEdgeUpdateTaskMachineUA,,,CreatedTaskProcess
2026-05-17T14:39:23.187532Z,100,dc.scaffold.htb,Microsoft-Windows-TaskScheduler,Microsoft-Windows-TaskScheduler/Operational,2354,4,,,58F64E5B-CCE8-4099-922E-E89A3554960D,,,,,,,,,\MicrosoftEdgeUpdateTaskMachineUA,NT AUTHORITY\SYSTEM,,TaskStartEvent
2026-05-17T14:39:23.187535Z,200,dc.scaffold.htb,Microsoft-Windows-TaskScheduler,Microsoft-Windows-TaskScheduler/Operational,2355,4,C:\Program Files (x86)\Microsoft\EdgeUpdate\MicrosoftEdgeUpdate.exe,312,,,,,,,,,58F64E5B-CCE8-4099-922E-E89A3554960D,\MicrosoftEdgeUpdateTaskMachineUA,,,ActionStart
2026-05-17T14:39:23.222889Z,201,dc.scaffold.htb,Microsoft-Windows-TaskScheduler,Microsoft-Windows-TaskScheduler/Operational,2356,4,C:\Program Files (x86)\Microsoft\EdgeUpdate\MicrosoftEdgeUpdate.exe,312,,,,,,,0,,58F64E5B-CCE8-4099-922E-E89A3554960D,\MicrosoftEdgeUpdateTaskMachineUA,,,ActionSuccess
2026-05-17T14:39:23.222987Z,102,dc.scaffold.htb,Microsoft-Windows-TaskScheduler,Microsoft-Windows-TaskScheduler/Operational,2357,4,,,58F64E5B-CCE8-4099-922E-E89A3554960D,,,,,,,,,\MicrosoftEdgeUpdateTaskMachineUA,NT AUTHORITY\SYSTEM,,TaskSuccessEvent
2026-05-17T14:39:23.521588Z,107,dc.scaffold.htb,Microsoft-Windows-TaskScheduler,Microsoft-Windows-TaskScheduler/Operational,2358,4,,,F13E2CD5-CD38-4F4F-953E-0299DAFEF003,,,,,,,,,\MicrosoftEdgeUpdateTaskMachineUA,,,TimeTriggerEvent
2026-05-17T14:39:23.525660Z,129,dc.scaffold.htb,Microsoft-Windows-TaskScheduler,Microsoft-Windows-TaskScheduler/Operational,2359,4,,,,,C:\Program Files (x86)\Microsoft\EdgeUpdate\MicrosoftEdgeUpdate.exe,32,1344,,,,,\MicrosoftEdgeUpdateTaskMachineUA,,,CreatedTaskProcess
2026-05-17T14:39:23.525935Z,100,dc.scaffold.htb,Microsoft-Windows-TaskScheduler,Microsoft-Windows-TaskScheduler/Operational,2360,4,,,F13E2CD5-CD38-4F4F-953E-0299DAFEF003,,,,,,,,,\MicrosoftEdgeUpdateTaskMachineUA,NT AUTHORITY\SYSTEM,,TaskStartEvent
2026-05-17T14:39:23.525939Z,200,dc.scaffold.htb,Microsoft-Windows-TaskScheduler,Microsoft-Windows-TaskScheduler/Operational,2361,4,C:\Program Files (x86)\Microsoft\EdgeUpdate\MicrosoftEdgeUpdate.exe,1344,,,,,,,,,F13E2CD5-CD38-4F4F-953E-0299DAFEF003,\MicrosoftEdgeUpdateTaskMachineUA,,,ActionStart
2026-05-17T14:39:23.562395Z,201,dc.scaffold.htb,Microsoft-Windows-TaskScheduler,Microsoft-Windows-TaskScheduler/Operational,2362,4,C:\Program Files (x86)\Microsoft\EdgeUpdate\MicrosoftEdgeUpdate.exe,1344,,,,,,,0,,F13E2CD5-CD38-4F4F-953E-0299DAFEF003,\MicrosoftEdgeUpdateTaskMachineUA,,,ActionSuccess
2026-05-17T14:39:23.562486Z,102,dc.scaffold.htb,Microsoft-Windows-TaskScheduler,Microsoft-Windows-TaskScheduler/Operational,2363,4,,,F13E2CD5-CD38-4F4F-953E-0299DAFEF003,,,,,,,,,\MicrosoftEdgeUpdateTaskMachineUA,NT AUTHORITY\SYSTEM,,TaskSuccessEvent
2026-05-17T14:41:21.399537Z,140,dc.scaffold.htb,Microsoft-Windows-TaskScheduler,Microsoft-Windows-TaskScheduler/Operational,2364,4,,,,,,,,,,,,\Microsoft\Windows\WindowsUpdate\Scheduled Start,,NT AUTHORITY\SYSTEM,TaskUpdated
2026-05-17T14:41:26.558860Z,141,dc.scaffold.htb,Microsoft-Windows-TaskScheduler,Microsoft-Windows-TaskScheduler/Operational,2365,4,,,,,,,,,,,,\Microsoft\Windows\Windows Defender\Windows Defender Scheduled Scan,,NT AUTHORITY\System,TaskDeleted
2026-05-17T14:41:26.563404Z,106,dc.scaffold.htb,Microsoft-Windows-TaskScheduler,Microsoft-Windows-TaskScheduler/Operational,2366,4,,,,,,,,,,,,\Microsoft\Windows\Windows Defender\Windows Defender Scheduled Scan,SCAFFOLD\DC$,,TaskRegisteredEvent
2026-05-17T14:41:26.563405Z,140,dc.scaffold.htb,Microsoft-Windows-TaskScheduler,Microsoft-Windows-TaskScheduler/Operational,2367,4,,,,,,,,,,,,\Microsoft\Windows\Windows Defender\Windows Defender Scheduled Scan,,SCAFFOLD\DC$,TaskUpdated
2026-05-17T14:42:55.484448Z,119,dc.scaffold.htb,Microsoft-Windows-TaskScheduler,Microsoft-Windows-TaskScheduler/Operational,2368,4,,,E53029E7-AF51-439C-9A95-31297AF8EA6D,,,,,,,,,\Microsoft\Windows\Device Information\Device User,,SCAFFOLD\Administrator,LogonTrigger
2026-05-17T14:42:55.492688Z,129,dc.scaffold.htb,Microsoft-Windows-TaskScheduler,Microsoft-Windows-TaskScheduler/Operational,2369,4,,,,,%windir%\system32\devicecensus.exe,16384,5340,,,,,\Microsoft\Windows\Device Information\Device User,,,CreatedTaskProcess
2026-05-17T14:42:55.493337Z,100,dc.scaffold.htb,Microsoft-Windows-TaskScheduler,Microsoft-Windows-TaskScheduler/Operational,2370,4,,,E53029E7-AF51-439C-9A95-31297AF8EA6D,,,,,,,,,\Microsoft\Windows\Device Information\Device User,SCAFFOLD\Administrator,,TaskStartEvent
2026-05-17T14:42:55.493340Z,200,dc.scaffold.htb,Microsoft-Windows-TaskScheduler,Microsoft-Windows-TaskScheduler/Operational,2371,4,%windir%\system32\devicecensus.exe,5340,,,,,,,,,E53029E7-AF51-439C-9A95-31297AF8EA6D,\Microsoft\Windows\Device Information\Device User,,,ActionStart
2026-05-17T14:42:55.515670Z,201,dc.scaffold.htb,Microsoft-Windows-TaskScheduler,Microsoft-Windows-TaskScheduler/Operational,2372,4,%windir%\system32\devicecensus.exe,5340,,,,,,,0,,E53029E7-AF51-439C-9A95-31297AF8EA6D,\Microsoft\Windows\Device Information\Device User,,,ActionSuccess
2026-05-17T14:42:55.516115Z,102,dc.scaffold.htb,Microsoft-Windows-TaskScheduler,Microsoft-Windows-TaskScheduler/Operational,2373,4,,,E53029E7-AF51-439C-9A95-31297AF8EA6D,,,,,,,,,\Microsoft\Windows\Device Information\Device User,SCAFFOLD\Administrator,,TaskSuccessEvent
2026-05-17T14:46:21.349260Z,129,dc.scaffold.htb,Microsoft-Windows-TaskScheduler,Microsoft-Windows-TaskScheduler/Operational,2374,4,,,,,%windir%\system32\wermgr.exe,16384,1308,,,,,\Microsoft\Windows\Windows Error Reporting\QueueReporting,,,CreatedTaskProcess
2026-05-17T14:46:21.349649Z,100,dc.scaffold.htb,Microsoft-Windows-TaskScheduler,Microsoft-Windows-TaskScheduler/Operational,2375,4,,,70C306BF-C028-4448-BFF8-57692FD40174,,,,,,,,,\Microsoft\Windows\Windows Error Reporting\QueueReporting,NT AUTHORITY\SYSTEM,,TaskStartEvent
2026-05-17T14:46:21.349652Z,200,dc.scaffold.htb,Microsoft-Windows-TaskScheduler,Microsoft-Windows-TaskScheduler/Operational,2376,4,%windir%\system32\wermgr.exe,1308,,,,,,,,,70C306BF-C028-4448-BFF8-57692FD40174,\Microsoft\Windows\Windows Error Reporting\QueueReporting,,,ActionStart
2026-05-17T14:46:29.603575Z,201,dc.scaffold.htb,Microsoft-Windows-TaskScheduler,Microsoft-Windows-TaskScheduler/Operational,2377,4,%windir%\system32\wermgr.exe,1308,,,,,,,0,,70C306BF-C028-4448-BFF8-57692FD40174,\Microsoft\Windows\Windows Error Reporting\QueueReporting,,,ActionSuccess
2026-05-17T14:46:29.603768Z,102,dc.scaffold.htb,Microsoft-Windows-TaskScheduler,Microsoft-Windows-TaskScheduler/Operational,2378,4,,,70C306BF-C028-4448-BFF8-57692FD40174,,,,,,,,,\Microsoft\Windows\Windows Error Reporting\QueueReporting,NT AUTHORITY\SYSTEM,,TaskSuccessEvent
2026-05-17T14:52:48.059620Z,140,dc.scaffold.htb,Microsoft-Windows-TaskScheduler,Microsoft-Windows-TaskScheduler/Operational,2379,4,,,,,,,,,,,,\Microsoft\Windows\WindowsUpdate\Scheduled Start,,NT AUTHORITY\SYSTEM,TaskUpdated
2026-05-17T15:08:33.583899Z,129,dc.scaffold.htb,Microsoft-Windows-TaskScheduler,Microsoft-Windows-TaskScheduler/Operational,2380,4,,,,,taskhostw.exe,16384,5004,,,,,\Microsoft\Windows\CertificateServicesClient\SystemTask,,,CreatedTaskProcess
2026-05-17T15:08:33.584092Z,100,dc.scaffold.htb,Microsoft-Windows-TaskScheduler,Microsoft-Windows-TaskScheduler/Operational,2381,4,,,F5F09319-203B-43E3-9FE8-3DB584DF97C0,,,,,,,,,\Microsoft\Windows\CertificateServicesClient\SystemTask,NT AUTHORITY\SYSTEM,,TaskStartEvent
2026-05-17T15:08:33.584093Z,200,dc.scaffold.htb,Microsoft-Windows-TaskScheduler,Microsoft-Windows-TaskScheduler/Operational,2382,4,Certificate Services Client Task Handler,5004,,,,,,,,,F5F09319-203B-43E3-9FE8-3DB584DF97C0,\Microsoft\Windows\CertificateServicesClient\SystemTask,,,ActionStart
2026-05-17T15:08:33.584127Z,100,dc.scaffold.htb,Microsoft-Windows-TaskScheduler,Microsoft-Windows-TaskScheduler/Operational,2383,4,,,C154E6F2-44DD-44E8-A8C6-06091BB4330C,,,,,,,,,\Microsoft\Windows\Flighting\FeatureConfig\ReconcileFeatures,NT AUTHORITY\SYSTEM,,TaskStartEvent
2026-05-17T15:08:33.584128Z,200,dc.scaffold.htb,Microsoft-Windows-TaskScheduler,Microsoft-Windows-TaskScheduler/Operational,2384,4,Feature Configuration Reconciliation Task Handler,5004,,,,,,,,,C154E6F2-44DD-44E8-A8C6-06091BB4330C,\Microsoft\Windows\Flighting\FeatureConfig\ReconcileFeatures,,,ActionStart
2026-05-17T15:08:33.630540Z,201,dc.scaffold.htb,Microsoft-Windows-TaskScheduler,Microsoft-Windows-TaskScheduler/Operational,2385,4,Feature Configuration Reconciliation Task Handler,5004,,,,,,,0,,C154E6F2-44DD-44E8-A8C6-06091BB4330C,\Microsoft\Windows\Flighting\FeatureConfig\ReconcileFeatures,,,ActionSuccess
2026-05-17T15:08:33.630541Z,102,dc.scaffold.htb,Microsoft-Windows-TaskScheduler,Microsoft-Windows-TaskScheduler/Operational,2386,4,,,C154E6F2-44DD-44E8-A8C6-06091BB4330C,,,,,,,,,\Microsoft\Windows\Flighting\FeatureConfig\ReconcileFeatures,NT AUTHORITY\SYSTEM,,TaskSuccessEvent
2026-05-17T15:08:33.689113Z,100,dc.scaffold.htb,Microsoft-Windows-TaskScheduler,Microsoft-Windows-TaskScheduler/Operational,2387,4,,,E5F357E7-EE65-40E3-B4DC-B67A093E1D8E,,,,,,,,,\Microsoft\Windows\ExploitGuard\ExploitGuard MDM policy Refresh,NT AUTHORITY\SYSTEM,,TaskStartEvent
2026-05-17T15:08:33.689114Z,200,dc.scaffold.htb,Microsoft-Windows-TaskScheduler,Microsoft-Windows-TaskScheduler/Operational,2388,4,,5004,,,,,,,,,E5F357E7-EE65-40E3-B4DC-B67A093E1D8E,\Microsoft\Windows\ExploitGuard\ExploitGuard MDM policy Refresh,,,ActionStart
2026-05-17T15:08:33.689125Z,100,dc.scaffold.htb,Microsoft-Windows-TaskScheduler,Microsoft-Windows-TaskScheduler/Operational,2389,4,,,64CF1648-0752-4081-B7A4-219E4AB34A28,,,,,,,,,\Microsoft\Windows\Plug and Play\Device Install Group Policy,NT AUTHORITY\SYSTEM,,TaskStartEvent
2026-05-17T15:08:33.689126Z,200,dc.scaffold.htb,Microsoft-Windows-TaskScheduler,Microsoft-Windows-TaskScheduler/Operational,2390,4,Device Installation Group Policy Task Handler,5004,,,,,,,,,64CF1648-0752-4081-B7A4-219E4AB34A28,\Microsoft\Windows\Plug and Play\Device Install Group Policy,,,ActionStart
2026-05-17T15:08:33.702131Z,201,dc.scaffold.htb,Microsoft-Windows-TaskScheduler,Microsoft-Windows-TaskScheduler/Operational,2391,4,,5004,,,,,,,0,,E5F357E7-EE65-40E3-B4DC-B67A093E1D8E,\Microsoft\Windows\ExploitGuard\ExploitGuard MDM policy Refresh,,,ActionSuccess
2026-05-17T15:08:33.702132Z,102,dc.scaffold.htb,Microsoft-Windows-TaskScheduler,Microsoft-Windows-TaskScheduler/Operational,2392,4,,,E5F357E7-EE65-40E3-B4DC-B67A093E1D8E,,,,,,,,,\Microsoft\Windows\ExploitGuard\ExploitGuard MDM policy Refresh,NT AUTHORITY\SYSTEM,,TaskSuccessEvent
2026-05-17T15:08:33.711282Z,201,dc.scaffold.htb,Microsoft-Windows-TaskScheduler,Microsoft-Windows-TaskScheduler/Operational,2393,4,Device Installation Group Policy Task Handler,5004,,,,,,,0,,64CF1648-0752-4081-B7A4-219E4AB34A28,\Microsoft\Windows\Plug and Play\Device Install Group Policy,,,ActionSuccess
2026-05-17T15:08:33.711282Z,102,dc.scaffold.htb,Microsoft-Windows-TaskScheduler,Microsoft-Windows-TaskScheduler/Operational,2394,4,,,64CF1648-0752-4081-B7A4-219E4AB34A28,,,,,,,,,\Microsoft\Windows\Plug and Play\Device Install Group Policy,NT AUTHORITY\SYSTEM,,TaskSuccessEvent
2026-05-17T15:08:42.963426Z,201,dc.scaffold.htb,Microsoft-Windows-TaskScheduler,Microsoft-Windows-TaskScheduler/Operational,2395,4,Certificate Services Client Task Handler,5004,,,,,,,0,,F5F09319-203B-43E3-9FE8-3DB584DF97C0,\Microsoft\Windows\CertificateServicesClient\SystemTask,,,ActionSuccess
2026-05-17T15:08:42.963427Z,102,dc.scaffold.htb,Microsoft-Windows-TaskScheduler,Microsoft-Windows-TaskScheduler/Operational,2396,4,,,F5F09319-203B-43E3-9FE8-3DB584DF97C0,,,,,,,,,\Microsoft\Windows\CertificateServicesClient\SystemTask,NT AUTHORITY\SYSTEM,,TaskSuccessEvent
2026-05-17T15:09:15.228757Z,201,dc.scaffold.htb,Microsoft-Windows-TaskScheduler,Microsoft-Windows-TaskScheduler/Operational,2397,4,C:\Windows\Explorer.EXE,2520,,,,,,,2147942404,,FDAEBD7A-297B-4CE2-8CF4-EA5D92D0BD0B,\CreateExplorerShellUnelevatedTask,,,ActionSuccess
2026-05-17T15:09:15.229150Z,102,dc.scaffold.htb,Microsoft-Windows-TaskScheduler,Microsoft-Windows-TaskScheduler/Operational,2398,4,,,FDAEBD7A-297B-4CE2-8CF4-EA5D92D0BD0B,,,,,,,,,\CreateExplorerShellUnelevatedTask,SCAFFOLD\Administrator,,TaskSuccessEvent
2026-05-17T15:09:15.261013Z,202,dc.scaffold.htb,Microsoft-Windows-TaskScheduler,Microsoft-Windows-TaskScheduler/Operational,2399,2,Wininet Cache task object,3324,,,,,,,2147942404,,AACE06D6-AD02-4B97-9349-03F3C26D1ABF,\Microsoft\Windows\Wininet\CacheTask,,,ActionFailure
2026-05-17T15:09:15.261014Z,103,dc.scaffold.htb,Microsoft-Windows-TaskScheduler,Microsoft-Windows-TaskScheduler/Operational,2400,2,,,AACE06D6-AD02-4B97-9349-03F3C26D1ABF,,,,,,2147942404,,,\Microsoft\Windows\Wininet\CacheTask,,,TaskFailureEvent
2026-05-17T15:09:15.455639Z,201,dc.scaffold.htb,Microsoft-Windows-TaskScheduler,Microsoft-Windows-TaskScheduler/Operational,2401,4,C:\Program Files (x86)\Microsoft\EdgeUpdate\MicrosoftEdgeUpdate.exe,4764,,,,,,,2147943691,,D269BA2F-235C-4020-A141-0C1EBF41DCA7,\MicrosoftEdgeUpdateTaskMachineCore,,,ActionSuccess
2026-05-17T15:09:15.455708Z,102,dc.scaffold.htb,Microsoft-Windows-TaskScheduler,Microsoft-Windows-TaskScheduler/Operational,2402,4,,,D269BA2F-235C-4020-A141-0C1EBF41DCA7,,,,,,,,,\MicrosoftEdgeUpdateTaskMachineCore,NT AUTHORITY\SYSTEM,,TaskSuccessEvent
2026-05-17T15:09:15.455725Z,111,dc.scaffold.htb,Microsoft-Windows-TaskScheduler,Microsoft-Windows-TaskScheduler/Operational,2403,4,,,D269BA2F-235C-4020-A141-0C1EBF41DCA7,,,,,,,,,\MicrosoftEdgeUpdateTaskMachineCore,,,TaskTerminationEvent
2026-05-17T15:09:15.482058Z,140,dc.scaffold.htb,Microsoft-Windows-TaskScheduler,Microsoft-Windows-TaskScheduler/Operational,2404,4,,,,,,,,,,,,\Microsoft\Windows\WindowsUpdate\Scheduled Start,,NT AUTHORITY\SYSTEM,TaskUpdated
2026-05-17T15:09:16.634669Z,402,dc.scaffold.htb,Microsoft-Windows-TaskScheduler,Microsoft-Windows-TaskScheduler/Operational,2405,4,,,,ServiceStopEvent,,,,,,,,,,,
2026-05-17T15:10:28.261870Z,700,dc.scaffold.htb,Microsoft-Windows-TaskScheduler,Microsoft-Windows-TaskScheduler/Operational,2406,4,,,,CompatibilityAdapterLaunch,,,,,,,,,,,
2026-05-17T15:10:28.298091Z,400,dc.scaffold.htb,Microsoft-Windows-TaskScheduler,Microsoft-Windows-TaskScheduler/Operational,2407,4,,,,ServiceStartEvent,,,,,,,,,,,
2026-05-17T15:10:28.344993Z,118,dc.scaffold.htb,Microsoft-Windows-TaskScheduler,Microsoft-Windows-TaskScheduler/Operational,2408,4,,,5645F966-9BB6-457C-840E-1514598F4B60,,,,,,,,,\Microsoft\Windows\ExploitGuard\ExploitGuard MDM policy Refresh,,,BootTrigger
2026-05-17T15:10:28.348429Z,129,dc.scaffold.htb,Microsoft-Windows-TaskScheduler,Microsoft-Windows-TaskScheduler/Operational,2409,4,,,,,taskhostw.exe,16384,2052,,,,,\Microsoft\Windows\ExploitGuard\ExploitGuard MDM policy Refresh,,,CreatedTaskProcess
2026-05-17T15:10:28.348516Z,100,dc.scaffold.htb,Microsoft-Windows-TaskScheduler,Microsoft-Windows-TaskScheduler/Operational,2410,4,,,5645F966-9BB6-457C-840E-1514598F4B60,,,,,,,,,\Microsoft\Windows\ExploitGuard\ExploitGuard MDM policy Refresh,NT AUTHORITY\SYSTEM,,TaskStartEvent
2026-05-17T15:10:28.348517Z,200,dc.scaffold.htb,Microsoft-Windows-TaskScheduler,Microsoft-Windows-TaskScheduler/Operational,2411,4,,2052,,,,,,,,,5645F966-9BB6-457C-840E-1514598F4B60,\Microsoft\Windows\ExploitGuard\ExploitGuard MDM policy Refresh,,,ActionStart
2026-05-17T15:10:28.348813Z,129,dc.scaffold.htb,Microsoft-Windows-TaskScheduler,Microsoft-Windows-TaskScheduler/Operational,2412,4,,,,,%windir%\system32\dxgiadaptercache.exe,16384,2060,,,,,\Microsoft\Windows\DirectX\DXGIAdapterCache,,,CreatedTaskProcess
2026-05-17T15:10:28.348885Z,100,dc.scaffold.htb,Microsoft-Windows-TaskScheduler,Microsoft-Windows-TaskScheduler/Operational,2413,4,,,B5906B69-A611-4B65-89B2-15968B149155,,,,,,,,,\Microsoft\Windows\DirectX\DXGIAdapterCache,NT AUTHORITY\SYSTEM,,TaskStartEvent
2026-05-17T15:10:28.348886Z,200,dc.scaffold.htb,Microsoft-Windows-TaskScheduler,Microsoft-Windows-TaskScheduler/Operational,2414,4,%windir%\system32\dxgiadaptercache.exe,2060,,,,,,,,,B5906B69-A611-4B65-89B2-15968B149155,\Microsoft\Windows\DirectX\DXGIAdapterCache,,,ActionStart
2026-05-17T15:10:28.456191Z,101,dc.scaffold.htb,Microsoft-Windows-TaskScheduler,Microsoft-Windows-TaskScheduler/Operational,2415,2,,,,,,,,,2147943568,,,\Microsoft\Windows\Workplace Join\Automatic-Device-Join,(default user),,TaskStartFailedEvent
2026-05-17T15:10:28.547627Z,100,dc.scaffold.htb,Microsoft-Windows-TaskScheduler,Microsoft-Windows-TaskScheduler/Operational,2416,4,,,5B8881D7-BC0C-4FE1-893A-3BCAD7C9AD08,,,,,,,,,\Microsoft\Windows\WwanSvc\OobeDiscovery,NT AUTHORITY\SYSTEM,,TaskStartEvent
2026-05-17T15:10:28.547628Z,200,dc.scaffold.htb,Microsoft-Windows-TaskScheduler,Microsoft-Windows-TaskScheduler/Operational,2417,4,OobeEsimTaskManager,2052,,,,,,,,,5B8881D7-BC0C-4FE1-893A-3BCAD7C9AD08,\Microsoft\Windows\WwanSvc\OobeDiscovery,,,ActionStart
2026-05-17T15:10:28.575432Z,129,dc.scaffold.htb,Microsoft-Windows-TaskScheduler,Microsoft-Windows-TaskScheduler/Operational,2418,4,,,,,taskhostw.exe,16384,2612,,,,,\Microsoft\Windows\Time Synchronization\ForceSynchronizeTime,,,CreatedTaskProcess
2026-05-17T15:10:28.575536Z,100,dc.scaffold.htb,Microsoft-Windows-TaskScheduler,Microsoft-Windows-TaskScheduler/Operational,2419,4,,,75493C85-6063-4372-8FC0-EF21C85D897C,,,,,,,,,\Microsoft\Windows\Time Synchronization\ForceSynchronizeTime,(NONE),,TaskStartEvent
2026-05-17T15:10:28.575537Z,200,dc.scaffold.htb,Microsoft-Windows-TaskScheduler,Microsoft-Windows-TaskScheduler/Operational,2420,4,Time Synchronization Task Handler,2612,,,,,,,,,75493C85-6063-4372-8FC0-EF21C85D897C,\Microsoft\Windows\Time Synchronization\ForceSynchronizeTime,,,ActionStart
2026-05-17T15:10:28.615211Z,201,dc.scaffold.htb,Microsoft-Windows-TaskScheduler,Microsoft-Windows-TaskScheduler/Operational,2421,4,Time Synchronization Task Handler,2612,,,,,,,0,,75493C85-6063-4372-8FC0-EF21C85D897C,\Microsoft\Windows\Time Synchronization\ForceSynchronizeTime,,,ActionSuccess
2026-05-17T15:10:28.615215Z,102,dc.scaffold.htb,Microsoft-Windows-TaskScheduler,Microsoft-Windows-TaskScheduler/Operational,2422,4,,,75493C85-6063-4372-8FC0-EF21C85D897C,,,,,,,,,\Microsoft\Windows\Time Synchronization\ForceSynchronizeTime,(NONE),,TaskSuccessEvent
2026-05-17T15:10:28.659616Z,201,dc.scaffold.htb,Microsoft-Windows-TaskScheduler,Microsoft-Windows-TaskScheduler/Operational,2423,4,%windir%\system32\dxgiadaptercache.exe,2060,,,,,,,0,,B5906B69-A611-4B65-89B2-15968B149155,\Microsoft\Windows\DirectX\DXGIAdapterCache,,,ActionSuccess
2026-05-17T15:10:28.659822Z,102,dc.scaffold.htb,Microsoft-Windows-TaskScheduler,Microsoft-Windows-TaskScheduler/Operational,2424,4,,,B5906B69-A611-4B65-89B2-15968B149155,,,,,,,,,\Microsoft\Windows\DirectX\DXGIAdapterCache,NT AUTHORITY\SYSTEM,,TaskSuccessEvent
2026-05-17T15:10:28.768781Z,201,dc.scaffold.htb,Microsoft-Windows-TaskScheduler,Microsoft-Windows-TaskScheduler/Operational,2425,4,,2052,,,,,,,0,,5645F966-9BB6-457C-840E-1514598F4B60,\Microsoft\Windows\ExploitGuard\ExploitGuard MDM policy Refresh,,,ActionSuccess
2026-05-17T15:10:28.768783Z,102,dc.scaffold.htb,Microsoft-Windows-TaskScheduler,Microsoft-Windows-TaskScheduler/Operational,2426,4,,,5645F966-9BB6-457C-840E-1514598F4B60,,,,,,,,,\Microsoft\Windows\ExploitGuard\ExploitGuard MDM policy Refresh,NT AUTHORITY\SYSTEM,,TaskSuccessEvent
2026-05-17T15:10:28.803529Z,201,dc.scaffold.htb,Microsoft-Windows-TaskScheduler,Microsoft-Windows-TaskScheduler/Operational,2427,4,OobeEsimTaskManager,2052,,,,,,,0,,5B8881D7-BC0C-4FE1-893A-3BCAD7C9AD08,\Microsoft\Windows\WwanSvc\OobeDiscovery,,,ActionSuccess
