2026-05-23T11:35:51.594216Z,322,dc.scaffold.htb,Microsoft-Windows-TaskScheduler,Microsoft-Windows-TaskScheduler/Operational,5608,3,,,,,,,,,,,3064C9BF-B81C-4470-BDAE-655504CE52D8,\Microsoft\Windows\.NET Framework\.NET Framework NGEN v4.0.30319 64,,,NewInstanceIgnored
2026-05-23T11:35:51.594263Z,322,dc.scaffold.htb,Microsoft-Windows-TaskScheduler,Microsoft-Windows-TaskScheduler/Operational,5609,3,,,,,,,,,,,3064C9BF-B81C-4470-BDAE-655504CE52D8,\Microsoft\Windows\.NET Framework\.NET Framework NGEN v4.0.30319 64,,,NewInstanceIgnored
2026-05-23T11:35:51.594311Z,322,dc.scaffold.htb,Microsoft-Windows-TaskScheduler,Microsoft-Windows-TaskScheduler/Operational,5610,3,,,,,,,,,,,3064C9BF-B81C-4470-BDAE-655504CE52D8,\Microsoft\Windows\.NET Framework\.NET Framework NGEN v4.0.30319 64,,,NewInstanceIgnored
2026-05-23T11:35:51.594360Z,322,dc.scaffold.htb,Microsoft-Windows-TaskScheduler,Microsoft-Windows-TaskScheduler/Operational,5611,3,,,,,,,,,,,3064C9BF-B81C-4470-BDAE-655504CE52D8,\Microsoft\Windows\.NET Framework\.NET Framework NGEN v4.0.30319 64,,,NewInstanceIgnored
2026-05-23T11:35:51.594409Z,322,dc.scaffold.htb,Microsoft-Windows-TaskScheduler,Microsoft-Windows-TaskScheduler/Operational,5612,3,,,,,,,,,,,3064C9BF-B81C-4470-BDAE-655504CE52D8,\Microsoft\Windows\.NET Framework\.NET Framework NGEN v4.0.30319 64,,,NewInstanceIgnored
2026-05-23T11:35:51.594731Z,100,dc.scaffold.htb,Microsoft-Windows-TaskScheduler,Microsoft-Windows-TaskScheduler/Operational,5613,4,,,DEE94739-B048-49E5-85F1-A2E2923E4C0B,,,,,,,,,\Microsoft\Windows\.NET Framework\.NET Framework NGEN v4.0.30319,NT AUTHORITY\SYSTEM,,TaskStartEvent
2026-05-23T11:35:51.594733Z,200,dc.scaffold.htb,Microsoft-Windows-TaskScheduler,Microsoft-Windows-TaskScheduler/Operational,5614,4,,2724,,,,,,,,,DEE94739-B048-49E5-85F1-A2E2923E4C0B,\Microsoft\Windows\.NET Framework\.NET Framework NGEN v4.0.30319,,,ActionStart
2026-05-23T11:35:51.594931Z,322,dc.scaffold.htb,Microsoft-Windows-TaskScheduler,Microsoft-Windows-TaskScheduler/Operational,5615,3,,,,,,,,,,,DEE94739-B048-49E5-85F1-A2E2923E4C0B,\Microsoft\Windows\.NET Framework\.NET Framework NGEN v4.0.30319,,,NewInstanceIgnored
2026-05-23T11:35:51.820924Z,140,dc.scaffold.htb,Microsoft-Windows-TaskScheduler,Microsoft-Windows-TaskScheduler/Operational,5616,4,,,,,,,,,,,,\Microsoft\Windows\.NET Framework\.NET Framework NGEN v4.0.30319 64,,SYSTEM,TaskUpdated
2026-05-23T11:35:51.928397Z,140,dc.scaffold.htb,Microsoft-Windows-TaskScheduler,Microsoft-Windows-TaskScheduler/Operational,5617,4,,,,,,,,,,,,\Microsoft\Windows\.NET Framework\.NET Framework NGEN v4.0.30319,,SYSTEM,TaskUpdated
2026-05-23T11:35:52.567265Z,100,dc.scaffold.htb,Microsoft-Windows-TaskScheduler,Microsoft-Windows-TaskScheduler/Operational,5618,4,,,4C0D2AAC-95B1-45DE-8051-E6389479A912,,,,,,,,,\Microsoft\Windows\Flighting\FeatureConfig\UsageDataReporting,NT AUTHORITY\SYSTEM,,TaskStartEvent
2026-05-23T11:35:52.567267Z,200,dc.scaffold.htb,Microsoft-Windows-TaskScheduler,Microsoft-Windows-TaskScheduler/Operational,5619,4,Feature Usage Data Reporting Task Handler,2724,,,,,,,,,4C0D2AAC-95B1-45DE-8051-E6389479A912,\Microsoft\Windows\Flighting\FeatureConfig\UsageDataReporting,,,ActionStart
2026-05-23T11:35:52.569973Z,129,dc.scaffold.htb,Microsoft-Windows-TaskScheduler,Microsoft-Windows-TaskScheduler/Operational,5620,4,,,,,%windir%\system32\compattelrunner.exe,32,5876,,,,,\Microsoft\Windows\Application Experience\ProgramDataUpdater,,,CreatedTaskProcess
2026-05-23T11:35:52.570116Z,100,dc.scaffold.htb,Microsoft-Windows-TaskScheduler,Microsoft-Windows-TaskScheduler/Operational,5621,4,,,A183153F-CB05-4425-8722-76996F466FE5,,,,,,,,,\Microsoft\Windows\Application Experience\ProgramDataUpdater,NT AUTHORITY\SYSTEM,,TaskStartEvent
2026-05-23T11:35:52.570117Z,200,dc.scaffold.htb,Microsoft-Windows-TaskScheduler,Microsoft-Windows-TaskScheduler/Operational,5622,4,%windir%\system32\compattelrunner.exe,5876,,,,,,,,,A183153F-CB05-4425-8722-76996F466FE5,\Microsoft\Windows\Application Experience\ProgramDataUpdater,,,ActionStart
2026-05-23T11:35:52.572717Z,129,dc.scaffold.htb,Microsoft-Windows-TaskScheduler,Microsoft-Windows-TaskScheduler/Operational,5623,4,,,,,%windir%\system32\lpremove.exe,16384,3196,,,,,\Microsoft\Windows\MUI\LPRemove,,,CreatedTaskProcess
2026-05-23T11:35:52.572840Z,100,dc.scaffold.htb,Microsoft-Windows-TaskScheduler,Microsoft-Windows-TaskScheduler/Operational,5624,4,,,5630AC43-0E82-4586-90EF-6828DF1A7BC6,,,,,,,,,\Microsoft\Windows\MUI\LPRemove,NT AUTHORITY\SYSTEM,,TaskStartEvent
2026-05-23T11:35:52.572841Z,200,dc.scaffold.htb,Microsoft-Windows-TaskScheduler,Microsoft-Windows-TaskScheduler/Operational,5625,4,%windir%\system32\lpremove.exe,3196,,,,,,,,,5630AC43-0E82-4586-90EF-6828DF1A7BC6,\Microsoft\Windows\MUI\LPRemove,,,ActionStart
2026-05-23T11:35:52.573107Z,100,dc.scaffold.htb,Microsoft-Windows-TaskScheduler,Microsoft-Windows-TaskScheduler/Operational,5626,4,,,1111150D-CBAC-4314-A19C-DA166A5EA2D8,,,,,,,,,\Microsoft\Windows\DiskFootprint\StorageSense,NT AUTHORITY\SYSTEM,,TaskStartEvent
2026-05-23T11:35:52.573107Z,200,dc.scaffold.htb,Microsoft-Windows-TaskScheduler,Microsoft-Windows-TaskScheduler/Operational,5627,4,StorageUsage State Reporter Task Handler,2724,,,,,,,,,1111150D-CBAC-4314-A19C-DA166A5EA2D8,\Microsoft\Windows\DiskFootprint\StorageSense,,,ActionStart
2026-05-23T11:35:52.574649Z,129,dc.scaffold.htb,Microsoft-Windows-TaskScheduler,Microsoft-Windows-TaskScheduler/Operational,5628,4,,,,,%windir%\system32\rundll32.exe,16384,2468,,,,,\Microsoft\Windows\StateRepository\MaintenanceTasks,,,CreatedTaskProcess
2026-05-23T11:35:52.574805Z,100,dc.scaffold.htb,Microsoft-Windows-TaskScheduler,Microsoft-Windows-TaskScheduler/Operational,5629,4,,,71A655C7-DC62-46CB-9A59-76CCA3DD9989,,,,,,,,,\Microsoft\Windows\StateRepository\MaintenanceTasks,NT AUTHORITY\SYSTEM,,TaskStartEvent
2026-05-23T11:35:52.574806Z,200,dc.scaffold.htb,Microsoft-Windows-TaskScheduler,Microsoft-Windows-TaskScheduler/Operational,5630,4,%windir%\system32\rundll32.exe,2468,,,,,,,,,71A655C7-DC62-46CB-9A59-76CCA3DD9989,\Microsoft\Windows\StateRepository\MaintenanceTasks,,,ActionStart
2026-05-23T11:35:52.600808Z,129,dc.scaffold.htb,Microsoft-Windows-TaskScheduler,Microsoft-Windows-TaskScheduler/Operational,5631,4,,,,,%windir%\system32\AppHostRegistrationVerifier.exe,16384,3180,,,,,\microsoft\windows\applicationdata\appuriverifierdaily,,,CreatedTaskProcess
2026-05-23T11:35:52.601217Z,100,dc.scaffold.htb,Microsoft-Windows-TaskScheduler,Microsoft-Windows-TaskScheduler/Operational,5632,4,,,3C592439-C737-4F21-B7AD-1ED9B143577F,,,,,,,,,\microsoft\windows\applicationdata\appuriverifierdaily,SCAFFOLD\Administrator,,TaskStartEvent
2026-05-23T11:35:52.601219Z,200,dc.scaffold.htb,Microsoft-Windows-TaskScheduler,Microsoft-Windows-TaskScheduler/Operational,5633,4,%windir%\system32\AppHostRegistrationVerifier.exe,3180,,,,,,,,,3C592439-C737-4F21-B7AD-1ED9B143577F,\microsoft\windows\applicationdata\appuriverifierdaily,,,ActionStart
2026-05-23T11:35:52.604575Z,129,dc.scaffold.htb,Microsoft-Windows-TaskScheduler,Microsoft-Windows-TaskScheduler/Operational,5634,4,,,,,%windir%\system32\dstokenclean.exe,16384,6980,,,,,\Microsoft\Windows\ApplicationData\DsSvcCleanup,,,CreatedTaskProcess
2026-05-23T11:35:52.604715Z,100,dc.scaffold.htb,Microsoft-Windows-TaskScheduler,Microsoft-Windows-TaskScheduler/Operational,5635,4,,,215EEB3C-EF1C-4E88-81A8-F4EE9AA8281B,,,,,,,,,\Microsoft\Windows\ApplicationData\DsSvcCleanup,NT AUTHORITY\SYSTEM,,TaskStartEvent
2026-05-23T11:35:52.604716Z,200,dc.scaffold.htb,Microsoft-Windows-TaskScheduler,Microsoft-Windows-TaskScheduler/Operational,5636,4,%windir%\system32\dstokenclean.exe,6980,,,,,,,,,215EEB3C-EF1C-4E88-81A8-F4EE9AA8281B,\Microsoft\Windows\ApplicationData\DsSvcCleanup,,,ActionStart
2026-05-23T11:35:52.606576Z,129,dc.scaffold.htb,Microsoft-Windows-TaskScheduler,Microsoft-Windows-TaskScheduler/Operational,5637,4,,,,,%windir%\system32\sc.exe,16384,1696,,,,,\Microsoft\Windows\Time Synchronization\SynchronizeTime,,,CreatedTaskProcess
2026-05-23T11:35:52.606683Z,100,dc.scaffold.htb,Microsoft-Windows-TaskScheduler,Microsoft-Windows-TaskScheduler/Operational,5638,4,,,AA20AD3E-9EAB-4568-8F5D-E3F7F135FD80,,,,,,,,,\Microsoft\Windows\Time Synchronization\SynchronizeTime,(NONE),,TaskStartEvent
2026-05-23T11:35:52.606684Z,200,dc.scaffold.htb,Microsoft-Windows-TaskScheduler,Microsoft-Windows-TaskScheduler/Operational,5639,4,%windir%\system32\sc.exe,1696,,,,,,,,,AA20AD3E-9EAB-4568-8F5D-E3F7F135FD80,\Microsoft\Windows\Time Synchronization\SynchronizeTime,,,ActionStart
2026-05-23T11:35:52.606970Z,100,dc.scaffold.htb,Microsoft-Windows-TaskScheduler,Microsoft-Windows-TaskScheduler/Operational,5640,4,,,411C94EE-0544-4990-BBF9-DA8068C2F693,,,,,,,,,\Microsoft\Windows\Chkdsk\ProactiveScan,NT AUTHORITY\SYSTEM,,TaskStartEvent
2026-05-23T11:35:52.606971Z,200,dc.scaffold.htb,Microsoft-Windows-TaskScheduler,Microsoft-Windows-TaskScheduler/Operational,5641,4,Proactive Scan,2724,,,,,,,,,411C94EE-0544-4990-BBF9-DA8068C2F693,\Microsoft\Windows\Chkdsk\ProactiveScan,,,ActionStart
2026-05-23T11:35:52.609276Z,129,dc.scaffold.htb,Microsoft-Windows-TaskScheduler,Microsoft-Windows-TaskScheduler/Operational,5642,4,,,,,taskhostw.exe,16384,2712,,,,,\Microsoft\Windows\Shell\IndexerAutomaticMaintenance,,,CreatedTaskProcess
2026-05-23T11:35:52.609452Z,100,dc.scaffold.htb,Microsoft-Windows-TaskScheduler,Microsoft-Windows-TaskScheduler/Operational,5643,4,,,5266D526-6CBD-484D-8AE8-69F49A07A7BA,,,,,,,,,\Microsoft\Windows\Shell\IndexerAutomaticMaintenance,(NONE),,TaskStartEvent
2026-05-23T11:35:52.609453Z,200,dc.scaffold.htb,Microsoft-Windows-TaskScheduler,Microsoft-Windows-TaskScheduler/Operational,5644,4,Automatic Maintenance task to enable Windows Search to make progress while in Connected Standby,2712,,,,,,,,,5266D526-6CBD-484D-8AE8-69F49A07A7BA,\Microsoft\Windows\Shell\IndexerAutomaticMaintenance,,,ActionStart
2026-05-23T11:35:52.611809Z,129,dc.scaffold.htb,Microsoft-Windows-TaskScheduler,Microsoft-Windows-TaskScheduler/Operational,5645,4,,,,,%windir%\system32\disksnapshot.exe,16384,4932,,,,,\Microsoft\Windows\DiskFootprint\Diagnostics,,,CreatedTaskProcess
2026-05-23T11:35:52.611933Z,100,dc.scaffold.htb,Microsoft-Windows-TaskScheduler,Microsoft-Windows-TaskScheduler/Operational,5646,4,,,4315F72C-6F37-4453-A3E8-0DDEFAE060B4,,,,,,,,,\Microsoft\Windows\DiskFootprint\Diagnostics,NT AUTHORITY\SYSTEM,,TaskStartEvent
2026-05-23T11:35:52.611934Z,200,dc.scaffold.htb,Microsoft-Windows-TaskScheduler,Microsoft-Windows-TaskScheduler/Operational,5647,4,%windir%\system32\disksnapshot.exe,4932,,,,,,,,,4315F72C-6F37-4453-A3E8-0DDEFAE060B4,\Microsoft\Windows\DiskFootprint\Diagnostics,,,ActionStart
2026-05-23T11:35:52.613828Z,129,dc.scaffold.htb,Microsoft-Windows-TaskScheduler,Microsoft-Windows-TaskScheduler/Operational,5648,4,,,,,taskhostw.exe,32,5156,,,,,\Microsoft\Windows\License Manager\TempSignedLicenseExchange,,,CreatedTaskProcess
2026-05-23T11:35:52.614270Z,100,dc.scaffold.htb,Microsoft-Windows-TaskScheduler,Microsoft-Windows-TaskScheduler/Operational,5649,4,,,1AADE8E3-9EF6-4E88-88E9-7E43D2D99E79,,,,,,,,,\Microsoft\Windows\License Manager\TempSignedLicenseExchange,SCAFFOLD\Administrator,,TaskStartEvent
2026-05-23T11:35:52.614272Z,200,dc.scaffold.htb,Microsoft-Windows-TaskScheduler,Microsoft-Windows-TaskScheduler/Operational,5650,4,TempSignedLicenseExchangeTask,5156,,,,,,,,,1AADE8E3-9EF6-4E88-88E9-7E43D2D99E79,\Microsoft\Windows\License Manager\TempSignedLicenseExchange,,,ActionStart
2026-05-23T11:35:52.614754Z,100,dc.scaffold.htb,Microsoft-Windows-TaskScheduler,Microsoft-Windows-TaskScheduler/Operational,5651,4,,,D902A1CD-A38B-4427-89B1-372EDFDE51DF,,,,,,,,,\Microsoft\Windows\Customer Experience Improvement Program\UsbCeip,NT AUTHORITY\SYSTEM,,TaskStartEvent
2026-05-23T11:35:52.614755Z,200,dc.scaffold.htb,Microsoft-Windows-TaskScheduler,Microsoft-Windows-TaskScheduler/Operational,5652,4,UsbCeip,2724,,,,,,,,,D902A1CD-A38B-4427-89B1-372EDFDE51DF,\Microsoft\Windows\Customer Experience Improvement Program\UsbCeip,,,ActionStart
2026-05-23T11:35:52.617281Z,129,dc.scaffold.htb,Microsoft-Windows-TaskScheduler,Microsoft-Windows-TaskScheduler/Operational,5653,4,,,,,%windir%\system32\tzsync.exe,16384,6680,,,,,\Microsoft\Windows\Time Zone\SynchronizeTimeZone,,,CreatedTaskProcess
2026-05-23T11:35:52.617403Z,100,dc.scaffold.htb,Microsoft-Windows-TaskScheduler,Microsoft-Windows-TaskScheduler/Operational,5654,4,,,E8961CB0-F02A-431F-81C4-0B6B19546BD9,,,,,,,,,\Microsoft\Windows\Time Zone\SynchronizeTimeZone,NT AUTHORITY\SYSTEM,,TaskStartEvent
2026-05-23T11:35:52.617405Z,200,dc.scaffold.htb,Microsoft-Windows-TaskScheduler,Microsoft-Windows-TaskScheduler/Operational,5655,4,%windir%\system32\tzsync.exe,6680,,,,,,,,,E8961CB0-F02A-431F-81C4-0B6B19546BD9,\Microsoft\Windows\Time Zone\SynchronizeTimeZone,,,ActionStart
2026-05-23T11:35:52.618659Z,129,dc.scaffold.htb,Microsoft-Windows-TaskScheduler,Microsoft-Windows-TaskScheduler/Operational,5656,4,,,,,%windir%\system32\rundll32.exe,16384,3700,,,,,\Microsoft\Windows\ApplicationData\CleanupTemporaryState,,,CreatedTaskProcess
2026-05-23T11:35:52.618763Z,100,dc.scaffold.htb,Microsoft-Windows-TaskScheduler,Microsoft-Windows-TaskScheduler/Operational,5657,4,,,4FDDE0AC-DD4B-4638-B55F-74C46B20A2E2,,,,,,,,,\Microsoft\Windows\ApplicationData\CleanupTemporaryState,NT AUTHORITY\SYSTEM,,TaskStartEvent
2026-05-23T11:35:52.618764Z,200,dc.scaffold.htb,Microsoft-Windows-TaskScheduler,Microsoft-Windows-TaskScheduler/Operational,5658,4,%windir%\system32\rundll32.exe,3700,,,,,,,,,4FDDE0AC-DD4B-4638-B55F-74C46B20A2E2,\Microsoft\Windows\ApplicationData\CleanupTemporaryState,,,ActionStart
2026-05-23T11:35:52.618857Z,325,dc.scaffold.htb,Microsoft-Windows-TaskScheduler,Microsoft-Windows-TaskScheduler/Operational,5659,3,,,,,,,,42B2C93C-26D5-4291-8EB6-830A6F002009,,,,\Microsoft\Windows\Power Efficiency Diagnostics\AnalyzeSystem,,,TaskInstanceQueued
2026-05-23T11:35:52.619052Z,322,dc.scaffold.htb,Microsoft-Windows-TaskScheduler,Microsoft-Windows-TaskScheduler/Operational,5660,3,,,,,,,,,,,3064C9BF-B81C-4470-BDAE-655504CE52D8,\Microsoft\Windows\.NET Framework\.NET Framework NGEN v4.0.30319 64,,,NewInstanceIgnored
2026-05-23T11:35:52.619152Z,322,dc.scaffold.htb,Microsoft-Windows-TaskScheduler,Microsoft-Windows-TaskScheduler/Operational,5661,3,,,,,,,,,,,DEE94739-B048-49E5-85F1-A2E2923E4C0B,\Microsoft\Windows\.NET Framework\.NET Framework NGEN v4.0.30319,,,NewInstanceIgnored
2026-05-23T11:35:52.624804Z,129,dc.scaffold.htb,Microsoft-Windows-TaskScheduler,Microsoft-Windows-TaskScheduler/Operational,5662,4,,,,,%windir%\system32\cleanmgr.exe,16384,6020,,,,,\Microsoft\Windows\DiskCleanup\SilentCleanup,,,CreatedTaskProcess
2026-05-23T11:35:52.625030Z,100,dc.scaffold.htb,Microsoft-Windows-TaskScheduler,Microsoft-Windows-TaskScheduler/Operational,5663,4,,,CC1B7D42-4598-4D46-B731-C466D0F69C38,,,,,,,,,\Microsoft\Windows\DiskCleanup\SilentCleanup,SCAFFOLD\Administrator,,TaskStartEvent
2026-05-23T11:35:52.625032Z,200,dc.scaffold.htb,Microsoft-Windows-TaskScheduler,Microsoft-Windows-TaskScheduler/Operational,5664,4,%windir%\system32\cleanmgr.exe,6020,,,,,,,,,CC1B7D42-4598-4D46-B731-C466D0F69C38,\Microsoft\Windows\DiskCleanup\SilentCleanup,,,ActionStart
2026-05-23T11:35:52.641841Z,201,dc.scaffold.htb,Microsoft-Windows-TaskScheduler,Microsoft-Windows-TaskScheduler/Operational,5665,4,Feature Usage Data Reporting Task Handler,2724,,,,,,,0,,4C0D2AAC-95B1-45DE-8051-E6389479A912,\Microsoft\Windows\Flighting\FeatureConfig\UsageDataReporting,,,ActionSuccess
2026-05-23T11:35:52.641843Z,102,dc.scaffold.htb,Microsoft-Windows-TaskScheduler,Microsoft-Windows-TaskScheduler/Operational,5666,4,,,4C0D2AAC-95B1-45DE-8051-E6389479A912,,,,,,,,,\Microsoft\Windows\Flighting\FeatureConfig\UsageDataReporting,NT AUTHORITY\SYSTEM,,TaskSuccessEvent
2026-05-23T11:35:52.658426Z,201,dc.scaffold.htb,Microsoft-Windows-TaskScheduler,Microsoft-Windows-TaskScheduler/Operational,5667,4,Proactive Scan,2724,,,,,,,0,,411C94EE-0544-4990-BBF9-DA8068C2F693,\Microsoft\Windows\Chkdsk\ProactiveScan,,,ActionSuccess
2026-05-23T11:35:52.658428Z,102,dc.scaffold.htb,Microsoft-Windows-TaskScheduler,Microsoft-Windows-TaskScheduler/Operational,5668,4,,,411C94EE-0544-4990-BBF9-DA8068C2F693,,,,,,,,,\Microsoft\Windows\Chkdsk\ProactiveScan,NT AUTHORITY\SYSTEM,,TaskSuccessEvent
2026-05-23T11:35:52.663450Z,201,dc.scaffold.htb,Microsoft-Windows-TaskScheduler,Microsoft-Windows-TaskScheduler/Operational,5669,4,TempSignedLicenseExchangeTask,5156,,,,,,,0,,1AADE8E3-9EF6-4E88-88E9-7E43D2D99E79,\Microsoft\Windows\License Manager\TempSignedLicenseExchange,,,ActionSuccess
2026-05-23T11:35:52.663451Z,102,dc.scaffold.htb,Microsoft-Windows-TaskScheduler,Microsoft-Windows-TaskScheduler/Operational,5670,4,,,1AADE8E3-9EF6-4E88-88E9-7E43D2D99E79,,,,,,,,,\Microsoft\Windows\License Manager\TempSignedLicenseExchange,SCAFFOLD\Administrator,,TaskSuccessEvent
2026-05-23T11:35:52.674563Z,201,dc.scaffold.htb,Microsoft-Windows-TaskScheduler,Microsoft-Windows-TaskScheduler/Operational,5671,4,UsbCeip,2724,,,,,,,0,,D902A1CD-A38B-4427-89B1-372EDFDE51DF,\Microsoft\Windows\Customer Experience Improvement Program\UsbCeip,,,ActionSuccess
2026-05-23T11:35:52.674564Z,102,dc.scaffold.htb,Microsoft-Windows-TaskScheduler,Microsoft-Windows-TaskScheduler/Operational,5672,4,,,D902A1CD-A38B-4427-89B1-372EDFDE51DF,,,,,,,,,\Microsoft\Windows\Customer Experience Improvement Program\UsbCeip,NT AUTHORITY\SYSTEM,,TaskSuccessEvent
2026-05-23T11:35:52.697710Z,201,dc.scaffold.htb,Microsoft-Windows-TaskScheduler,Microsoft-Windows-TaskScheduler/Operational,5673,4,Automatic Maintenance task to enable Windows Search to make progress while in Connected Standby,2712,,,,,,,2147942401,,5266D526-6CBD-484D-8AE8-69F49A07A7BA,\Microsoft\Windows\Shell\IndexerAutomaticMaintenance,,,ActionSuccess
2026-05-23T11:35:52.697712Z,102,dc.scaffold.htb,Microsoft-Windows-TaskScheduler,Microsoft-Windows-TaskScheduler/Operational,5674,4,,,5266D526-6CBD-484D-8AE8-69F49A07A7BA,,,,,,,,,\Microsoft\Windows\Shell\IndexerAutomaticMaintenance,(NONE),,TaskSuccessEvent
2026-05-23T11:35:52.703282Z,201,dc.scaffold.htb,Microsoft-Windows-TaskScheduler,Microsoft-Windows-TaskScheduler/Operational,5675,4,%windir%\system32\sc.exe,1696,,,,,,,2147943456,,AA20AD3E-9EAB-4568-8F5D-E3F7F135FD80,\Microsoft\Windows\Time Synchronization\SynchronizeTime,,,ActionSuccess
2026-05-23T11:35:52.703399Z,102,dc.scaffold.htb,Microsoft-Windows-TaskScheduler,Microsoft-Windows-TaskScheduler/Operational,5676,4,,,AA20AD3E-9EAB-4568-8F5D-E3F7F135FD80,,,,,,,,,\Microsoft\Windows\Time Synchronization\SynchronizeTime,(NONE),,TaskSuccessEvent
2026-05-23T11:35:52.716266Z,201,dc.scaffold.htb,Microsoft-Windows-TaskScheduler,Microsoft-Windows-TaskScheduler/Operational,5677,4,%windir%\system32\rundll32.exe,2468,,,,,,,0,,71A655C7-DC62-46CB-9A59-76CCA3DD9989,\Microsoft\Windows\StateRepository\MaintenanceTasks,,,ActionSuccess
2026-05-23T11:35:52.716365Z,102,dc.scaffold.htb,Microsoft-Windows-TaskScheduler,Microsoft-Windows-TaskScheduler/Operational,5678,4,,,71A655C7-DC62-46CB-9A59-76CCA3DD9989,,,,,,,,,\Microsoft\Windows\StateRepository\MaintenanceTasks,NT AUTHORITY\SYSTEM,,TaskSuccessEvent
2026-05-23T11:35:52.717402Z,201,dc.scaffold.htb,Microsoft-Windows-TaskScheduler,Microsoft-Windows-TaskScheduler/Operational,5679,4,%windir%\system32\lpremove.exe,3196,,,,,,,0,,5630AC43-0E82-4586-90EF-6828DF1A7BC6,\Microsoft\Windows\MUI\LPRemove,,,ActionSuccess
2026-05-23T11:35:52.717477Z,102,dc.scaffold.htb,Microsoft-Windows-TaskScheduler,Microsoft-Windows-TaskScheduler/Operational,5680,4,,,5630AC43-0E82-4586-90EF-6828DF1A7BC6,,,,,,,,,\Microsoft\Windows\MUI\LPRemove,NT AUTHORITY\SYSTEM,,TaskSuccessEvent
2026-05-23T11:35:52.730523Z,202,dc.scaffold.htb,Microsoft-Windows-TaskScheduler,Microsoft-Windows-TaskScheduler/Operational,5681,2,StorageUsage State Reporter Task Handler,2724,,,,,,,2147746132,,1111150D-CBAC-4314-A19C-DA166A5EA2D8,\Microsoft\Windows\DiskFootprint\StorageSense,,,ActionFailure
2026-05-23T11:35:52.730524Z,103,dc.scaffold.htb,Microsoft-Windows-TaskScheduler,Microsoft-Windows-TaskScheduler/Operational,5682,2,,,1111150D-CBAC-4314-A19C-DA166A5EA2D8,,,,,,2147746132,,,\Microsoft\Windows\DiskFootprint\StorageSense,NT AUTHORITY\SYSTEM,,TaskFailureEvent
2026-05-23T11:35:52.781601Z,201,dc.scaffold.htb,Microsoft-Windows-TaskScheduler,Microsoft-Windows-TaskScheduler/Operational,5683,4,%windir%\system32\disksnapshot.exe,4932,,,,,,,0,,4315F72C-6F37-4453-A3E8-0DDEFAE060B4,\Microsoft\Windows\DiskFootprint\Diagnostics,,,ActionSuccess
2026-05-23T11:35:52.781758Z,102,dc.scaffold.htb,Microsoft-Windows-TaskScheduler,Microsoft-Windows-TaskScheduler/Operational,5684,4,,,4315F72C-6F37-4453-A3E8-0DDEFAE060B4,,,,,,,,,\Microsoft\Windows\DiskFootprint\Diagnostics,NT AUTHORITY\SYSTEM,,TaskSuccessEvent
2026-05-23T11:35:52.791982Z,201,dc.scaffold.htb,Microsoft-Windows-TaskScheduler,Microsoft-Windows-TaskScheduler/Operational,5685,4,%windir%\system32\AppHostRegistrationVerifier.exe,3180,,,,,,,0,,3C592439-C737-4F21-B7AD-1ED9B143577F,\microsoft\windows\applicationdata\appuriverifierdaily,,,ActionSuccess
2026-05-23T11:35:52.792349Z,102,dc.scaffold.htb,Microsoft-Windows-TaskScheduler,Microsoft-Windows-TaskScheduler/Operational,5686,4,,,3C592439-C737-4F21-B7AD-1ED9B143577F,,,,,,,,,\microsoft\windows\applicationdata\appuriverifierdaily,SCAFFOLD\Administrator,,TaskSuccessEvent
2026-05-23T11:35:52.894727Z,201,dc.scaffold.htb,Microsoft-Windows-TaskScheduler,Microsoft-Windows-TaskScheduler/Operational,5687,4,%windir%\system32\dstokenclean.exe,6980,,,,,,,0,,215EEB3C-EF1C-4E88-81A8-F4EE9AA8281B,\Microsoft\Windows\ApplicationData\DsSvcCleanup,,,ActionSuccess
2026-05-23T11:35:52.894869Z,102,dc.scaffold.htb,Microsoft-Windows-TaskScheduler,Microsoft-Windows-TaskScheduler/Operational,5688,4,,,215EEB3C-EF1C-4E88-81A8-F4EE9AA8281B,,,,,,,,,\Microsoft\Windows\ApplicationData\DsSvcCleanup,NT AUTHORITY\SYSTEM,,TaskSuccessEvent
2026-05-23T11:35:52.981372Z,201,dc.scaffold.htb,Microsoft-Windows-TaskScheduler,Microsoft-Windows-TaskScheduler/Operational,5689,4,%windir%\system32\rundll32.exe,3700,,,,,,,0,,4FDDE0AC-DD4B-4638-B55F-74C46B20A2E2,\Microsoft\Windows\ApplicationData\CleanupTemporaryState,,,ActionSuccess
2026-05-23T11:35:52.981608Z,102,dc.scaffold.htb,Microsoft-Windows-TaskScheduler,Microsoft-Windows-TaskScheduler/Operational,5690,4,,,4FDDE0AC-DD4B-4638-B55F-74C46B20A2E2,,,,,,,,,\Microsoft\Windows\ApplicationData\CleanupTemporaryState,NT AUTHORITY\SYSTEM,,TaskSuccessEvent
2026-05-23T11:35:54.372622Z,201,dc.scaffold.htb,Microsoft-Windows-TaskScheduler,Microsoft-Windows-TaskScheduler/Operational,5691,4,%windir%\system32\tzsync.exe,6680,,,,,,,0,,E8961CB0-F02A-431F-81C4-0B6B19546BD9,\Microsoft\Windows\Time Zone\SynchronizeTimeZone,,,ActionSuccess
2026-05-23T11:35:54.372754Z,102,dc.scaffold.htb,Microsoft-Windows-TaskScheduler,Microsoft-Windows-TaskScheduler/Operational,5692,4,,,E8961CB0-F02A-431F-81C4-0B6B19546BD9,,,,,,,,,\Microsoft\Windows\Time Zone\SynchronizeTimeZone,NT AUTHORITY\SYSTEM,,TaskSuccessEvent
2026-05-23T11:36:02.836549Z,201,dc.scaffold.htb,Microsoft-Windows-TaskScheduler,Microsoft-Windows-TaskScheduler/Operational,5693,4,%windir%\system32\cleanmgr.exe,6020,,,,,,,0,,CC1B7D42-4598-4D46-B731-C466D0F69C38,\Microsoft\Windows\DiskCleanup\SilentCleanup,,,ActionSuccess
2026-05-23T11:36:02.836786Z,102,dc.scaffold.htb,Microsoft-Windows-TaskScheduler,Microsoft-Windows-TaskScheduler/Operational,5694,4,,,CC1B7D42-4598-4D46-B731-C466D0F69C38,,,,,,,,,\Microsoft\Windows\DiskCleanup\SilentCleanup,SCAFFOLD\Administrator,,TaskSuccessEvent
2026-05-23T11:36:12.649942Z,201,dc.scaffold.htb,Microsoft-Windows-TaskScheduler,Microsoft-Windows-TaskScheduler/Operational,5695,4,C:\ProgramData\Microsoft\Windows Defender\Platform\4.18.26030.3011-0\MpCmdRun.exe,7004,,,,,,,0,,934101DE-EBB3-4F5B-8A8E-3CDCD0C86696,\Microsoft\Windows\Windows Defender\Windows Defender Scheduled Scan,,,ActionSuccess
2026-05-23T11:36:12.650251Z,102,dc.scaffold.htb,Microsoft-Windows-TaskScheduler,Microsoft-Windows-TaskScheduler/Operational,5696,4,,,934101DE-EBB3-4F5B-8A8E-3CDCD0C86696,,,,,,,,,\Microsoft\Windows\Windows Defender\Windows Defender Scheduled Scan,NT AUTHORITY\SYSTEM,,TaskSuccessEvent
2026-05-23T11:36:23.219129Z,141,dc.scaffold.htb,Microsoft-Windows-TaskScheduler,Microsoft-Windows-TaskScheduler/Operational,5697,4,,,,,,,,,,,,\Microsoft\Windows\Windows Defender\Windows Defender Scheduled Scan,,NT AUTHORITY\System,TaskDeleted
2026-05-23T11:36:23.225751Z,106,dc.scaffold.htb,Microsoft-Windows-TaskScheduler,Microsoft-Windows-TaskScheduler/Operational,5698,4,,,,,,,,,,,,\Microsoft\Windows\Windows Defender\Windows Defender Scheduled Scan,SCAFFOLD\DC$,,TaskRegisteredEvent
2026-05-23T11:36:23.225752Z,140,dc.scaffold.htb,Microsoft-Windows-TaskScheduler,Microsoft-Windows-TaskScheduler/Operational,5699,4,,,,,,,,,,,,\Microsoft\Windows\Windows Defender\Windows Defender Scheduled Scan,,SCAFFOLD\DC$,TaskUpdated
2026-05-23T11:36:45.887829Z,140,dc.scaffold.htb,Microsoft-Windows-TaskScheduler,Microsoft-Windows-TaskScheduler/Operational,5700,4,,,,,,,,,,,,\Microsoft\Windows\.NET Framework\.NET Framework NGEN v4.0.30319 64,,SYSTEM,TaskUpdated
2026-05-23T11:36:45.897748Z,202,dc.scaffold.htb,Microsoft-Windows-TaskScheduler,Microsoft-Windows-TaskScheduler/Operational,5701,2,,2724,,,,,,,2147946720,,3064C9BF-B81C-4470-BDAE-655504CE52D8,\Microsoft\Windows\.NET Framework\.NET Framework NGEN v4.0.30319 64,,,ActionFailure
2026-05-23T11:36:45.897750Z,103,dc.scaffold.htb,Microsoft-Windows-TaskScheduler,Microsoft-Windows-TaskScheduler/Operational,5702,2,,,3064C9BF-B81C-4470-BDAE-655504CE52D8,,,,,,2147946720,,,\Microsoft\Windows\.NET Framework\.NET Framework NGEN v4.0.30319 64,NT AUTHORITY\SYSTEM,,TaskFailureEvent
2026-05-23T11:36:46.902197Z,325,dc.scaffold.htb,Microsoft-Windows-TaskScheduler,Microsoft-Windows-TaskScheduler/Operational,5703,3,,,,,,,,42B2C93C-26D5-4291-8EB6-830A6F002009,,,,\Microsoft\Windows\Power Efficiency Diagnostics\AnalyzeSystem,,,TaskInstanceQueued
2026-05-23T11:36:46.902759Z,100,dc.scaffold.htb,Microsoft-Windows-TaskScheduler,Microsoft-Windows-TaskScheduler/Operational,5704,4,,,D83AF6C6-DD6F-451A-8778-0892C8A677C0,,,,,,,,,\Microsoft\Windows\.NET Framework\.NET Framework NGEN v4.0.30319 64,NT AUTHORITY\SYSTEM,,TaskStartEvent
2026-05-23T11:36:46.902761Z,200,dc.scaffold.htb,Microsoft-Windows-TaskScheduler,Microsoft-Windows-TaskScheduler/Operational,5705,4,,2724,,,,,,,,,D83AF6C6-DD6F-451A-8778-0892C8A677C0,\Microsoft\Windows\.NET Framework\.NET Framework NGEN v4.0.30319 64,,,ActionStart
2026-05-23T11:36:46.980921Z,140,dc.scaffold.htb,Microsoft-Windows-TaskScheduler,Microsoft-Windows-TaskScheduler/Operational,5706,4,,,,,,,,,,,,\Microsoft\Windows\.NET Framework\.NET Framework NGEN v4.0.30319 64,,SYSTEM,TaskUpdated
2026-05-23T11:36:53.165966Z,100,dc.scaffold.htb,Microsoft-Windows-TaskScheduler,Microsoft-Windows-TaskScheduler/Operational,5707,4,,,CD09C2AC-81BE-4138-8AEF-B7F3C3673E93,,,,,,,,,\Microsoft\Windows\CertificateServicesClient\SystemTask,NT AUTHORITY\SYSTEM,,TaskStartEvent
2026-05-23T11:36:53.165986Z,200,dc.scaffold.htb,Microsoft-Windows-TaskScheduler,Microsoft-Windows-TaskScheduler/Operational,5708,4,Certificate Services Client Task Handler,2724,,,,,,,,,CD09C2AC-81BE-4138-8AEF-B7F3C3673E93,\Microsoft\Windows\CertificateServicesClient\SystemTask,,,ActionStart
2026-05-23T11:36:53.167321Z,100,dc.scaffold.htb,Microsoft-Windows-TaskScheduler,Microsoft-Windows-TaskScheduler/Operational,5709,4,,,123CB253-4535-4458-B16D-D22ECB038722,,,,,,,,,\Microsoft\Windows\ExploitGuard\ExploitGuard MDM policy Refresh,NT AUTHORITY\SYSTEM,,TaskStartEvent
2026-05-23T11:36:53.167323Z,200,dc.scaffold.htb,Microsoft-Windows-TaskScheduler,Microsoft-Windows-TaskScheduler/Operational,5710,4,,2724,,,,,,,,,123CB253-4535-4458-B16D-D22ECB038722,\Microsoft\Windows\ExploitGuard\ExploitGuard MDM policy Refresh,,,ActionStart
2026-05-23T11:36:53.167859Z,100,dc.scaffold.htb,Microsoft-Windows-TaskScheduler,Microsoft-Windows-TaskScheduler/Operational,5711,4,,,3DC5EE29-8D9C-4404-8AFF-F498B1771C4F,,,,,,,,,\Microsoft\Windows\Flighting\FeatureConfig\ReconcileFeatures,NT AUTHORITY\SYSTEM,,TaskStartEvent
2026-05-23T11:36:53.167861Z,200,dc.scaffold.htb,Microsoft-Windows-TaskScheduler,Microsoft-Windows-TaskScheduler/Operational,5712,4,Feature Configuration Reconciliation Task Handler,2724,,,,,,,,,3DC5EE29-8D9C-4404-8AFF-F498B1771C4F,\Microsoft\Windows\Flighting\FeatureConfig\ReconcileFeatures,,,ActionStart
2026-05-23T11:36:53.167973Z,100,dc.scaffold.htb,Microsoft-Windows-TaskScheduler,Microsoft-Windows-TaskScheduler/Operational,5713,4,,,CC3F3508-830A-4D3B-B8A8-7F6C09DFC808,,,,,,,,,\Microsoft\Windows\Plug and Play\Device Install Group Policy,NT AUTHORITY\SYSTEM,,TaskStartEvent
2026-05-23T11:36:53.167976Z,200,dc.scaffold.htb,Microsoft-Windows-TaskScheduler,Microsoft-Windows-TaskScheduler/Operational,5714,4,Device Installation Group Policy Task Handler,2724,,,,,,,,,CC3F3508-830A-4D3B-B8A8-7F6C09DFC808,\Microsoft\Windows\Plug and Play\Device Install Group Policy,,,ActionStart
2026-05-23T11:36:53.209943Z,201,dc.scaffold.htb,Microsoft-Windows-TaskScheduler,Microsoft-Windows-TaskScheduler/Operational,5715,4,,2724,,,,,,,0,,123CB253-4535-4458-B16D-D22ECB038722,\Microsoft\Windows\ExploitGuard\ExploitGuard MDM policy Refresh,,,ActionSuccess
2026-05-23T11:36:53.209945Z,102,dc.scaffold.htb,Microsoft-Windows-TaskScheduler,Microsoft-Windows-TaskScheduler/Operational,5716,4,,,123CB253-4535-4458-B16D-D22ECB038722,,,,,,,,,\Microsoft\Windows\ExploitGuard\ExploitGuard MDM policy Refresh,NT AUTHORITY\SYSTEM,,TaskSuccessEvent
2026-05-23T11:36:53.236236Z,201,dc.scaffold.htb,Microsoft-Windows-TaskScheduler,Microsoft-Windows-TaskScheduler/Operational,5717,4,Device Installation Group Policy Task Handler,2724,,,,,,,0,,CC3F3508-830A-4D3B-B8A8-7F6C09DFC808,\Microsoft\Windows\Plug and Play\Device Install Group Policy,,,ActionSuccess
2026-05-23T11:36:53.236238Z,102,dc.scaffold.htb,Microsoft-Windows-TaskScheduler,Microsoft-Windows-TaskScheduler/Operational,5718,4,,,CC3F3508-830A-4D3B-B8A8-7F6C09DFC808,,,,,,,,,\Microsoft\Windows\Plug and Play\Device Install Group Policy,NT AUTHORITY\SYSTEM,,TaskSuccessEvent
2026-05-23T11:36:53.237317Z,201,dc.scaffold.htb,Microsoft-Windows-TaskScheduler,Microsoft-Windows-TaskScheduler/Operational,5719,4,Feature Configuration Reconciliation Task Handler,2724,,,,,,,0,,3DC5EE29-8D9C-4404-8AFF-F498B1771C4F,\Microsoft\Windows\Flighting\FeatureConfig\ReconcileFeatures,,,ActionSuccess
2026-05-23T11:36:53.237318Z,102,dc.scaffold.htb,Microsoft-Windows-TaskScheduler,Microsoft-Windows-TaskScheduler/Operational,5720,4,,,3DC5EE29-8D9C-4404-8AFF-F498B1771C4F,,,,,,,,,\Microsoft\Windows\Flighting\FeatureConfig\ReconcileFeatures,NT AUTHORITY\SYSTEM,,TaskSuccessEvent
2026-05-23T11:37:02.716223Z,140,dc.scaffold.htb,Microsoft-Windows-TaskScheduler,Microsoft-Windows-TaskScheduler/Operational,5721,4,,,,,,,,,,,,\Microsoft\Windows\.NET Framework\.NET Framework NGEN v4.0.30319,,SYSTEM,TaskUpdated
2026-05-23T11:37:02.725133Z,202,dc.scaffold.htb,Microsoft-Windows-TaskScheduler,Microsoft-Windows-TaskScheduler/Operational,5722,2,,2724,,,,,,,2147946720,,DEE94739-B048-49E5-85F1-A2E2923E4C0B,\Microsoft\Windows\.NET Framework\.NET Framework NGEN v4.0.30319,,,ActionFailure
2026-05-23T11:37:02.725135Z,103,dc.scaffold.htb,Microsoft-Windows-TaskScheduler,Microsoft-Windows-TaskScheduler/Operational,5723,2,,,DEE94739-B048-49E5-85F1-A2E2923E4C0B,,,,,,2147946720,,,\Microsoft\Windows\.NET Framework\.NET Framework NGEN v4.0.30319,NT AUTHORITY\SYSTEM,,TaskFailureEvent
2026-05-23T11:37:02.768424Z,201,dc.scaffold.htb,Microsoft-Windows-TaskScheduler,Microsoft-Windows-TaskScheduler/Operational,5724,4,,2724,,,,,,,0,,D83AF6C6-DD6F-451A-8778-0892C8A677C0,\Microsoft\Windows\.NET Framework\.NET Framework NGEN v4.0.30319 64,,,ActionSuccess
2026-05-23T11:37:02.768427Z,102,dc.scaffold.htb,Microsoft-Windows-TaskScheduler,Microsoft-Windows-TaskScheduler/Operational,5725,4,,,D83AF6C6-DD6F-451A-8778-0892C8A677C0,,,,,,,,,\Microsoft\Windows\.NET Framework\.NET Framework NGEN v4.0.30319 64,NT AUTHORITY\SYSTEM,,TaskSuccessEvent
2026-05-23T11:37:02.874354Z,201,dc.scaffold.htb,Microsoft-Windows-TaskScheduler,Microsoft-Windows-TaskScheduler/Operational,5726,4,Certificate Services Client Task Handler,2724,,,,,,,0,,CD09C2AC-81BE-4138-8AEF-B7F3C3673E93,\Microsoft\Windows\CertificateServicesClient\SystemTask,,,ActionSuccess
2026-05-23T11:37:02.874355Z,102,dc.scaffold.htb,Microsoft-Windows-TaskScheduler,Microsoft-Windows-TaskScheduler/Operational,5727,4,,,CD09C2AC-81BE-4138-8AEF-B7F3C3673E93,,,,,,,,,\Microsoft\Windows\CertificateServicesClient\SystemTask,NT AUTHORITY\SYSTEM,,TaskSuccessEvent
2026-05-23T11:37:03.730688Z,129,dc.scaffold.htb,Microsoft-Windows-TaskScheduler,Microsoft-Windows-TaskScheduler/Operational,5728,4,,,,,taskhostw.exe,16384,7684,,,,,\Microsoft\Windows\.NET Framework\.NET Framework NGEN v4.0.30319,,,CreatedTaskProcess
2026-05-23T11:37:03.731035Z,100,dc.scaffold.htb,Microsoft-Windows-TaskScheduler,Microsoft-Windows-TaskScheduler/Operational,5729,4,,,C64AD134-B7F4-40B0-8725-FB3712C63B0B,,,,,,,,,\Microsoft\Windows\.NET Framework\.NET Framework NGEN v4.0.30319,NT AUTHORITY\SYSTEM,,TaskStartEvent
2026-05-23T11:37:03.731037Z,200,dc.scaffold.htb,Microsoft-Windows-TaskScheduler,Microsoft-Windows-TaskScheduler/Operational,5730,4,,7684,,,,,,,,,C64AD134-B7F4-40B0-8725-FB3712C63B0B,\Microsoft\Windows\.NET Framework\.NET Framework NGEN v4.0.30319,,,ActionStart
2026-05-23T11:37:03.731309Z,325,dc.scaffold.htb,Microsoft-Windows-TaskScheduler,Microsoft-Windows-TaskScheduler/Operational,5731,3,,,,,,,,42B2C93C-26D5-4291-8EB6-830A6F002009,,,,\Microsoft\Windows\Power Efficiency Diagnostics\AnalyzeSystem,,,TaskInstanceQueued
2026-05-23T11:37:03.864639Z,140,dc.scaffold.htb,Microsoft-Windows-TaskScheduler,Microsoft-Windows-TaskScheduler/Operational,5732,4,,,,,,,,,,,,\Microsoft\Windows\.NET Framework\.NET Framework NGEN v4.0.30319,,SYSTEM,TaskUpdated
2026-05-23T11:37:03.914921Z,201,dc.scaffold.htb,Microsoft-Windows-TaskScheduler,Microsoft-Windows-TaskScheduler/Operational,5733,4,,7684,,,,,,,0,,C64AD134-B7F4-40B0-8725-FB3712C63B0B,\Microsoft\Windows\.NET Framework\.NET Framework NGEN v4.0.30319,,,ActionSuccess
2026-05-23T11:37:03.914922Z,102,dc.scaffold.htb,Microsoft-Windows-TaskScheduler,Microsoft-Windows-TaskScheduler/Operational,5734,4,,,C64AD134-B7F4-40B0-8725-FB3712C63B0B,,,,,,,,,\Microsoft\Windows\.NET Framework\.NET Framework NGEN v4.0.30319,NT AUTHORITY\SYSTEM,,TaskSuccessEvent
2026-05-23T11:37:52.058309Z,119,dc.scaffold.htb,Microsoft-Windows-TaskScheduler,Microsoft-Windows-TaskScheduler/Operational,5735,4,,,19760B09-FFDE-4E68-974B-FF96C2DE4CC3,,,,,,,,,\Microsoft\Windows\Device Information\Device User,,SCAFFOLD\Administrator,LogonTrigger
2026-05-23T11:37:52.062510Z,129,dc.scaffold.htb,Microsoft-Windows-TaskScheduler,Microsoft-Windows-TaskScheduler/Operational,5736,4,,,,,%windir%\system32\devicecensus.exe,16384,6972,,,,,\Microsoft\Windows\Device Information\Device User,,,CreatedTaskProcess
2026-05-23T11:37:52.062889Z,100,dc.scaffold.htb,Microsoft-Windows-TaskScheduler,Microsoft-Windows-TaskScheduler/Operational,5737,4,,,19760B09-FFDE-4E68-974B-FF96C2DE4CC3,,,,,,,,,\Microsoft\Windows\Device Information\Device User,SCAFFOLD\Administrator,,TaskStartEvent
2026-05-23T11:37:52.062892Z,200,dc.scaffold.htb,Microsoft-Windows-TaskScheduler,Microsoft-Windows-TaskScheduler/Operational,5738,4,%windir%\system32\devicecensus.exe,6972,,,,,,,,,19760B09-FFDE-4E68-974B-FF96C2DE4CC3,\Microsoft\Windows\Device Information\Device User,,,ActionStart
2026-05-23T11:38:02.011186Z,201,dc.scaffold.htb,Microsoft-Windows-TaskScheduler,Microsoft-Windows-TaskScheduler/Operational,5739,4,%windir%\system32\devicecensus.exe,6972,,,,,,,0,,19760B09-FFDE-4E68-974B-FF96C2DE4CC3,\Microsoft\Windows\Device Information\Device User,,,ActionSuccess
2026-05-23T11:38:02.011381Z,102,dc.scaffold.htb,Microsoft-Windows-TaskScheduler,Microsoft-Windows-TaskScheduler/Operational,5740,4,,,19760B09-FFDE-4E68-974B-FF96C2DE4CC3,,,,,,,,,\Microsoft\Windows\Device Information\Device User,SCAFFOLD\Administrator,,TaskSuccessEvent
2026-05-23T11:38:40.544058Z,129,dc.scaffold.htb,Microsoft-Windows-TaskScheduler,Microsoft-Windows-TaskScheduler/Operational,5741,4,,,,,%windir%\system32\cleanmgr.exe,16384,7720,,,,,\Microsoft\Windows\DiskCleanup\SilentCleanup,,,CreatedTaskProcess
2026-05-23T11:38:40.544262Z,100,dc.scaffold.htb,Microsoft-Windows-TaskScheduler,Microsoft-Windows-TaskScheduler/Operational,5742,4,,,5071DC9D-4B56-4E6D-8AD9-F5B797F31862,,,,,,,,,\Microsoft\Windows\DiskCleanup\SilentCleanup,SCAFFOLD\Administrator,,TaskStartEvent
2026-05-23T11:38:40.544263Z,200,dc.scaffold.htb,Microsoft-Windows-TaskScheduler,Microsoft-Windows-TaskScheduler/Operational,5743,4,%windir%\system32\cleanmgr.exe,7720,,,,,,,,,5071DC9D-4B56-4E6D-8AD9-F5B797F31862,\Microsoft\Windows\DiskCleanup\SilentCleanup,,,ActionStart
2026-05-23T11:38:40.544365Z,110,dc.scaffold.htb,Microsoft-Windows-TaskScheduler,Microsoft-Windows-TaskScheduler/Operational,5744,4,,,0314F048-ADBE-4CBF-8A05-72A93374503C,,,,,,,,,\Microsoft\Windows\DiskCleanup\SilentCleanup,Users,,TaskRunEvent
2026-05-23T11:38:46.197167Z,201,dc.scaffold.htb,Microsoft-Windows-TaskScheduler,Microsoft-Windows-TaskScheduler/Operational,5745,4,%windir%\system32\cleanmgr.exe,7720,,,,,,,0,,5071DC9D-4B56-4E6D-8AD9-F5B797F31862,\Microsoft\Windows\DiskCleanup\SilentCleanup,,,ActionSuccess
2026-05-23T11:38:46.197377Z,102,dc.scaffold.htb,Microsoft-Windows-TaskScheduler,Microsoft-Windows-TaskScheduler/Operational,5746,4,,,5071DC9D-4B56-4E6D-8AD9-F5B797F31862,,,,,,,,,\Microsoft\Windows\DiskCleanup\SilentCleanup,SCAFFOLD\Administrator,,TaskSuccessEvent
2026-05-23T11:39:23.511660Z,107,dc.scaffold.htb,Microsoft-Windows-TaskScheduler,Microsoft-Windows-TaskScheduler/Operational,5747,4,,,AF29BA0A-87E0-40AC-A540-CAA4486CF127,,,,,,,,,\MicrosoftEdgeUpdateTaskMachineUA,,,TimeTriggerEvent
2026-05-23T11:39:23.517824Z,129,dc.scaffold.htb,Microsoft-Windows-TaskScheduler,Microsoft-Windows-TaskScheduler/Operational,5748,4,,,,,C:\Program Files (x86)\Microsoft\EdgeUpdate\MicrosoftEdgeUpdate.exe,32,6716,,,,,\MicrosoftEdgeUpdateTaskMachineUA,,,CreatedTaskProcess
2026-05-23T11:39:23.518321Z,100,dc.scaffold.htb,Microsoft-Windows-TaskScheduler,Microsoft-Windows-TaskScheduler/Operational,5749,4,,,AF29BA0A-87E0-40AC-A540-CAA4486CF127,,,,,,,,,\MicrosoftEdgeUpdateTaskMachineUA,NT AUTHORITY\SYSTEM,,TaskStartEvent
2026-05-23T11:39:23.518323Z,200,dc.scaffold.htb,Microsoft-Windows-TaskScheduler,Microsoft-Windows-TaskScheduler/Operational,5750,4,C:\Program Files (x86)\Microsoft\EdgeUpdate\MicrosoftEdgeUpdate.exe,6716,,,,,,,,,AF29BA0A-87E0-40AC-A540-CAA4486CF127,\MicrosoftEdgeUpdateTaskMachineUA,,,ActionStart
2026-05-23T11:41:04.557110Z,201,dc.scaffold.htb,Microsoft-Windows-TaskScheduler,Microsoft-Windows-TaskScheduler/Operational,5751,4,C:\Program Files (x86)\Microsoft\EdgeUpdate\MicrosoftEdgeUpdate.exe,6716,,,,,,,0,,AF29BA0A-87E0-40AC-A540-CAA4486CF127,\MicrosoftEdgeUpdateTaskMachineUA,,,ActionSuccess
2026-05-23T11:41:04.559383Z,102,dc.scaffold.htb,Microsoft-Windows-TaskScheduler,Microsoft-Windows-TaskScheduler/Operational,5752,4,,,AF29BA0A-87E0-40AC-A540-CAA4486CF127,,,,,,,,,\MicrosoftEdgeUpdateTaskMachineUA,NT AUTHORITY\SYSTEM,,TaskSuccessEvent
2026-05-23T11:41:53.661850Z,129,dc.scaffold.htb,Microsoft-Windows-TaskScheduler,Microsoft-Windows-TaskScheduler/Operational,5753,4,,,,,%systemroot%\system32\usoclient.exe,16384,4756,,,,,\Microsoft\Windows\UpdateOrchestrator\Report policies,,,CreatedTaskProcess
2026-05-23T11:41:53.662307Z,100,dc.scaffold.htb,Microsoft-Windows-TaskScheduler,Microsoft-Windows-TaskScheduler/Operational,5754,4,,,9C4C4344-D2FD-4188-A462-98291C981634,,,,,,,,,\Microsoft\Windows\UpdateOrchestrator\Report policies,NT AUTHORITY\SYSTEM,,TaskStartEvent
2026-05-23T11:41:53.662311Z,200,dc.scaffold.htb,Microsoft-Windows-TaskScheduler,Microsoft-Windows-TaskScheduler/Operational,5755,4,%systemroot%\system32\usoclient.exe,4756,,,,,,,,,9C4C4344-D2FD-4188-A462-98291C981634,\Microsoft\Windows\UpdateOrchestrator\Report policies,,,ActionStart
2026-05-23T11:41:53.733668Z,201,dc.scaffold.htb,Microsoft-Windows-TaskScheduler,Microsoft-Windows-TaskScheduler/Operational,5756,4,%systemroot%\system32\usoclient.exe,4756,,,,,,,0,,9C4C4344-D2FD-4188-A462-98291C981634,\Microsoft\Windows\UpdateOrchestrator\Report policies,,,ActionSuccess
2026-05-23T11:41:53.733970Z,102,dc.scaffold.htb,Microsoft-Windows-TaskScheduler,Microsoft-Windows-TaskScheduler/Operational,5757,4,,,9C4C4344-D2FD-4188-A462-98291C981634,,,,,,,,,\Microsoft\Windows\UpdateOrchestrator\Report policies,NT AUTHORITY\SYSTEM,,TaskSuccessEvent
2026-05-23T11:41:55.248898Z,325,dc.scaffold.htb,Microsoft-Windows-TaskScheduler,Microsoft-Windows-TaskScheduler/Operational,5758,3,,,,,,,,2FC18066-327D-4A69-B643-57050959D046,,,,\Microsoft\Windows\WDI\ResolutionHost,,,TaskInstanceQueued
2026-05-23T11:41:55.249070Z,110,dc.scaffold.htb,Microsoft-Windows-TaskScheduler,Microsoft-Windows-TaskScheduler/Operational,5759,4,,,2FC18066-327D-4A69-B643-57050959D046,,,,,,,,,\Microsoft\Windows\WDI\ResolutionHost,Administrator,,TaskRunEvent
2026-05-23T11:41:55.251662Z,129,dc.scaffold.htb,Microsoft-Windows-TaskScheduler,Microsoft-Windows-TaskScheduler/Operational,5760,4,,,,,taskhostw.exe,32,2768,,,,,\Microsoft\Windows\WDI\ResolutionHost,,,CreatedTaskProcess
2026-05-23T11:41:55.252062Z,100,dc.scaffold.htb,Microsoft-Windows-TaskScheduler,Microsoft-Windows-TaskScheduler/Operational,5761,4,,,2FC18066-327D-4A69-B643-57050959D046,,,,,,,,,\Microsoft\Windows\WDI\ResolutionHost,SCAFFOLD\Administrator,,TaskStartEvent
2026-05-23T11:41:55.252064Z,200,dc.scaffold.htb,Microsoft-Windows-TaskScheduler,Microsoft-Windows-TaskScheduler/Operational,5762,4,DiagnosticInfrastructureCustomHandler,2768,,,,,,,,,2FC18066-327D-4A69-B643-57050959D046,\Microsoft\Windows\WDI\ResolutionHost,,,ActionStart
2026-05-23T11:46:32.746350Z,108,dc.scaffold.htb,Microsoft-Windows-TaskScheduler,Microsoft-Windows-TaskScheduler/Operational,5763,4,,,D0F2C54E-4D07-49DD-97CD-03718EFC7A84,,,,,,,,,\Deploy-Engine-OnAudit,,,EventTriggerEvent
2026-05-23T11:46:32.754978Z,129,dc.scaffold.htb,Microsoft-Windows-TaskScheduler,Microsoft-Windows-TaskScheduler/Operational,5764,4,,,,,powershell.exe,16384,7084,,,,,\Deploy-Engine-OnAudit,,,CreatedTaskProcess
2026-05-23T11:46:32.755241Z,100,dc.scaffold.htb,Microsoft-Windows-TaskScheduler,Microsoft-Windows-TaskScheduler/Operational,5765,4,,,D0F2C54E-4D07-49DD-97CD-03718EFC7A84,,,,,,,,,\Deploy-Engine-OnAudit,SCAFFOLD\Administrator,,TaskStartEvent
2026-05-23T11:46:32.755243Z,200,dc.scaffold.htb,Microsoft-Windows-TaskScheduler,Microsoft-Windows-TaskScheduler/Operational,5766,4,powershell.exe,7084,,,,,,,,,D0F2C54E-4D07-49DD-97CD-03718EFC7A84,\Deploy-Engine-OnAudit,,,ActionStart
2026-05-23T11:46:32.858543Z,201,dc.scaffold.htb,Microsoft-Windows-TaskScheduler,Microsoft-Windows-TaskScheduler/Operational,5767,4,powershell.exe,7084,,,,,,,4294770688,,D0F2C54E-4D07-49DD-97CD-03718EFC7A84,\Deploy-Engine-OnAudit,,,ActionSuccess
2026-05-23T11:46:32.858748Z,102,dc.scaffold.htb,Microsoft-Windows-TaskScheduler,Microsoft-Windows-TaskScheduler/Operational,5768,4,,,D0F2C54E-4D07-49DD-97CD-03718EFC7A84,,,,,,,,,\Deploy-Engine-OnAudit,SCAFFOLD\Administrator,,TaskSuccessEvent
2026-05-23T11:46:34.429474Z,108,dc.scaffold.htb,Microsoft-Windows-TaskScheduler,Microsoft-Windows-TaskScheduler/Operational,5769,4,,,96E5A236-EEF5-445F-813A-181FC8BD5FA7,,,,,,,,,\Deploy-Engine-OnAudit,,,EventTriggerEvent
2026-05-23T11:46:34.436464Z,129,dc.scaffold.htb,Microsoft-Windows-TaskScheduler,Microsoft-Windows-TaskScheduler/Operational,5770,4,,,,,powershell.exe,16384,8172,,,,,\Deploy-Engine-OnAudit,,,CreatedTaskProcess
2026-05-23T11:46:34.436736Z,100,dc.scaffold.htb,Microsoft-Windows-TaskScheduler,Microsoft-Windows-TaskScheduler/Operational,5771,4,,,96E5A236-EEF5-445F-813A-181FC8BD5FA7,,,,,,,,,\Deploy-Engine-OnAudit,SCAFFOLD\Administrator,,TaskStartEvent
2026-05-23T11:46:34.436737Z,200,dc.scaffold.htb,Microsoft-Windows-TaskScheduler,Microsoft-Windows-TaskScheduler/Operational,5772,4,powershell.exe,8172,,,,,,,,,96E5A236-EEF5-445F-813A-181FC8BD5FA7,\Deploy-Engine-OnAudit,,,ActionStart
2026-05-23T11:46:34.444636Z,322,dc.scaffold.htb,Microsoft-Windows-TaskScheduler,Microsoft-Windows-TaskScheduler/Operational,5773,3,,,,,,,,,,,96E5A236-EEF5-445F-813A-181FC8BD5FA7,\Deploy-Engine-OnAudit,,,NewInstanceIgnored
2026-05-23T11:46:34.453371Z,322,dc.scaffold.htb,Microsoft-Windows-TaskScheduler,Microsoft-Windows-TaskScheduler/Operational,5774,3,,,,,,,,,,,96E5A236-EEF5-445F-813A-181FC8BD5FA7,\Deploy-Engine-OnAudit,,,NewInstanceIgnored
2026-05-23T11:46:34.461698Z,322,dc.scaffold.htb,Microsoft-Windows-TaskScheduler,Microsoft-Windows-TaskScheduler/Operational,5775,3,,,,,,,,,,,96E5A236-EEF5-445F-813A-181FC8BD5FA7,\Deploy-Engine-OnAudit,,,NewInstanceIgnored
2026-05-23T11:46:34.468850Z,322,dc.scaffold.htb,Microsoft-Windows-TaskScheduler,Microsoft-Windows-TaskScheduler/Operational,5776,3,,,,,,,,,,,96E5A236-EEF5-445F-813A-181FC8BD5FA7,\Deploy-Engine-OnAudit,,,NewInstanceIgnored
2026-05-23T11:46:34.524141Z,201,dc.scaffold.htb,Microsoft-Windows-TaskScheduler,Microsoft-Windows-TaskScheduler/Operational,5777,4,powershell.exe,8172,,,,,,,4294770688,,96E5A236-EEF5-445F-813A-181FC8BD5FA7,\Deploy-Engine-OnAudit,,,ActionSuccess
2026-05-23T11:46:34.524345Z,102,dc.scaffold.htb,Microsoft-Windows-TaskScheduler,Microsoft-Windows-TaskScheduler/Operational,5778,4,,,96E5A236-EEF5-445F-813A-181FC8BD5FA7,,,,,,,,,\Deploy-Engine-OnAudit,SCAFFOLD\Administrator,,TaskSuccessEvent
2026-05-23T11:46:37.450116Z,108,dc.scaffold.htb,Microsoft-Windows-TaskScheduler,Microsoft-Windows-TaskScheduler/Operational,5779,4,,,C2416505-D183-4936-B88A-A8BEA04A4F82,,,,,,,,,\Deploy-Engine-OnAudit,,,EventTriggerEvent
2026-05-23T11:46:37.456719Z,129,dc.scaffold.htb,Microsoft-Windows-TaskScheduler,Microsoft-Windows-TaskScheduler/Operational,5780,4,,,,,powershell.exe,16384,8012,,,,,\Deploy-Engine-OnAudit,,,CreatedTaskProcess
2026-05-23T11:46:37.456914Z,100,dc.scaffold.htb,Microsoft-Windows-TaskScheduler,Microsoft-Windows-TaskScheduler/Operational,5781,4,,,C2416505-D183-4936-B88A-A8BEA04A4F82,,,,,,,,,\Deploy-Engine-OnAudit,SCAFFOLD\Administrator,,TaskStartEvent
2026-05-23T11:46:37.456916Z,200,dc.scaffold.htb,Microsoft-Windows-TaskScheduler,Microsoft-Windows-TaskScheduler/Operational,5782,4,powershell.exe,8012,,,,,,,,,C2416505-D183-4936-B88A-A8BEA04A4F82,\Deploy-Engine-OnAudit,,,ActionStart
2026-05-23T11:46:37.464972Z,322,dc.scaffold.htb,Microsoft-Windows-TaskScheduler,Microsoft-Windows-TaskScheduler/Operational,5783,3,,,,,,,,,,,C2416505-D183-4936-B88A-A8BEA04A4F82,\Deploy-Engine-OnAudit,,,NewInstanceIgnored
2026-05-23T11:46:37.472701Z,322,dc.scaffold.htb,Microsoft-Windows-TaskScheduler,Microsoft-Windows-TaskScheduler/Operational,5784,3,,,,,,,,,,,C2416505-D183-4936-B88A-A8BEA04A4F82,\Deploy-Engine-OnAudit,,,NewInstanceIgnored
2026-05-23T11:46:37.480183Z,322,dc.scaffold.htb,Microsoft-Windows-TaskScheduler,Microsoft-Windows-TaskScheduler/Operational,5785,3,,,,,,,,,,,C2416505-D183-4936-B88A-A8BEA04A4F82,\Deploy-Engine-OnAudit,,,NewInstanceIgnored
2026-05-23T11:46:37.487357Z,322,dc.scaffold.htb,Microsoft-Windows-TaskScheduler,Microsoft-Windows-TaskScheduler/Operational,5786,3,,,,,,,,,,,C2416505-D183-4936-B88A-A8BEA04A4F82,\Deploy-Engine-OnAudit,,,NewInstanceIgnored
2026-05-23T11:46:37.494294Z,322,dc.scaffold.htb,Microsoft-Windows-TaskScheduler,Microsoft-Windows-TaskScheduler/Operational,5787,3,,,,,,,,,,,C2416505-D183-4936-B88A-A8BEA04A4F82,\Deploy-Engine-OnAudit,,,NewInstanceIgnored
2026-05-23T11:46:37.501420Z,322,dc.scaffold.htb,Microsoft-Windows-TaskScheduler,Microsoft-Windows-TaskScheduler/Operational,5788,3,,,,,,,,,,,C2416505-D183-4936-B88A-A8BEA04A4F82,\Deploy-Engine-OnAudit,,,NewInstanceIgnored
2026-05-23T11:46:37.510571Z,322,dc.scaffold.htb,Microsoft-Windows-TaskScheduler,Microsoft-Windows-TaskScheduler/Operational,5789,3,,,,,,,,,,,C2416505-D183-4936-B88A-A8BEA04A4F82,\Deploy-Engine-OnAudit,,,NewInstanceIgnored
2026-05-23T11:46:37.518028Z,322,dc.scaffold.htb,Microsoft-Windows-TaskScheduler,Microsoft-Windows-TaskScheduler/Operational,5790,3,,,,,,,,,,,C2416505-D183-4936-B88A-A8BEA04A4F82,\Deploy-Engine-OnAudit,,,NewInstanceIgnored
2026-05-23T11:46:37.525220Z,322,dc.scaffold.htb,Microsoft-Windows-TaskScheduler,Microsoft-Windows-TaskScheduler/Operational,5791,3,,,,,,,,,,,C2416505-D183-4936-B88A-A8BEA04A4F82,\Deploy-Engine-OnAudit,,,NewInstanceIgnored
2026-05-23T11:46:37.533003Z,322,dc.scaffold.htb,Microsoft-Windows-TaskScheduler,Microsoft-Windows-TaskScheduler/Operational,5792,3,,,,,,,,,,,C2416505-D183-4936-B88A-A8BEA04A4F82,\Deploy-Engine-OnAudit,,,NewInstanceIgnored
2026-05-23T11:46:37.540185Z,322,dc.scaffold.htb,Microsoft-Windows-TaskScheduler,Microsoft-Windows-TaskScheduler/Operational,5793,3,,,,,,,,,,,C2416505-D183-4936-B88A-A8BEA04A4F82,\Deploy-Engine-OnAudit,,,NewInstanceIgnored
2026-05-23T11:46:37.548439Z,322,dc.scaffold.htb,Microsoft-Windows-TaskScheduler,Microsoft-Windows-TaskScheduler/Operational,5794,3,,,,,,,,,,,C2416505-D183-4936-B88A-A8BEA04A4F82,\Deploy-Engine-OnAudit,,,NewInstanceIgnored
2026-05-23T11:46:37.555494Z,322,dc.scaffold.htb,Microsoft-Windows-TaskScheduler,Microsoft-Windows-TaskScheduler/Operational,5795,3,,,,,,,,,,,C2416505-D183-4936-B88A-A8BEA04A4F82,\Deploy-Engine-OnAudit,,,NewInstanceIgnored
2026-05-23T11:46:37.564147Z,322,dc.scaffold.htb,Microsoft-Windows-TaskScheduler,Microsoft-Windows-TaskScheduler/Operational,5796,3,,,,,,,,,,,C2416505-D183-4936-B88A-A8BEA04A4F82,\Deploy-Engine-OnAudit,,,NewInstanceIgnored
2026-05-23T11:46:37.574030Z,322,dc.scaffold.htb,Microsoft-Windows-TaskScheduler,Microsoft-Windows-TaskScheduler/Operational,5797,3,,,,,,,,,,,C2416505-D183-4936-B88A-A8BEA04A4F82,\Deploy-Engine-OnAudit,,,NewInstanceIgnored
