2026-05-23T11:34:07.498233Z,201,dc.scaffold.htb,Microsoft-Windows-TaskScheduler,Microsoft-Windows-TaskScheduler/Operational,5423,4,%windir%\system32\wermgr.exe,6968,,,,,,,0,,B3F5C02E-5600-43C1-8488-F0A9C0C96E29,\Microsoft\Windows\Windows Error Reporting\QueueReporting,,,ActionSuccess
2026-05-23T11:34:07.498336Z,102,dc.scaffold.htb,Microsoft-Windows-TaskScheduler,Microsoft-Windows-TaskScheduler/Operational,5424,4,,,B3F5C02E-5600-43C1-8488-F0A9C0C96E29,,,,,,,,,\Microsoft\Windows\Windows Error Reporting\QueueReporting,NT AUTHORITY\SYSTEM,,TaskSuccessEvent
2026-05-23T11:35:51.555458Z,114,dc.scaffold.htb,Microsoft-Windows-TaskScheduler,Microsoft-Windows-TaskScheduler/Operational,5425,3,,,B11CF469-1FCB-4E8C-AEA2-396FEADA02E0,,,,,,,,,\Microsoft\Windows\Speech\SpeechModelDownloadTask,,,MissedTaskLaunched
2026-05-23T11:35:51.563331Z,129,dc.scaffold.htb,Microsoft-Windows-TaskScheduler,Microsoft-Windows-TaskScheduler/Operational,5426,4,,,,,%windir%\system32\speech_onecore\common\SpeechModelDownload.exe,16384,6168,,,,,\Microsoft\Windows\Speech\SpeechModelDownloadTask,,,CreatedTaskProcess
2026-05-23T11:35:51.563590Z,100,dc.scaffold.htb,Microsoft-Windows-TaskScheduler,Microsoft-Windows-TaskScheduler/Operational,5427,4,,,B11CF469-1FCB-4E8C-AEA2-396FEADA02E0,,,,,,,,,\Microsoft\Windows\Speech\SpeechModelDownloadTask,(NONE),,TaskStartEvent
2026-05-23T11:35:51.563592Z,200,dc.scaffold.htb,Microsoft-Windows-TaskScheduler,Microsoft-Windows-TaskScheduler/Operational,5428,4,%windir%\system32\speech_onecore\common\SpeechModelDownload.exe,6168,,,,,,,,,B11CF469-1FCB-4E8C-AEA2-396FEADA02E0,\Microsoft\Windows\Speech\SpeechModelDownloadTask,,,ActionStart
2026-05-23T11:35:51.564672Z,114,dc.scaffold.htb,Microsoft-Windows-TaskScheduler,Microsoft-Windows-TaskScheduler/Operational,5429,3,,,934101DE-EBB3-4F5B-8A8E-3CDCD0C86696,,,,,,,,,\Microsoft\Windows\Windows Defender\Windows Defender Scheduled Scan,,,MissedTaskLaunched
2026-05-23T11:35:51.568383Z,129,dc.scaffold.htb,Microsoft-Windows-TaskScheduler,Microsoft-Windows-TaskScheduler/Operational,5430,4,,,,,C:\ProgramData\Microsoft\Windows Defender\Platform\4.18.26030.3011-0\MpCmdRun.exe,16384,7004,,,,,\Microsoft\Windows\Windows Defender\Windows Defender Scheduled Scan,,,CreatedTaskProcess
2026-05-23T11:35:51.568648Z,100,dc.scaffold.htb,Microsoft-Windows-TaskScheduler,Microsoft-Windows-TaskScheduler/Operational,5431,4,,,934101DE-EBB3-4F5B-8A8E-3CDCD0C86696,,,,,,,,,\Microsoft\Windows\Windows Defender\Windows Defender Scheduled Scan,NT AUTHORITY\SYSTEM,,TaskStartEvent
2026-05-23T11:35:51.568651Z,200,dc.scaffold.htb,Microsoft-Windows-TaskScheduler,Microsoft-Windows-TaskScheduler/Operational,5432,4,C:\ProgramData\Microsoft\Windows Defender\Platform\4.18.26030.3011-0\MpCmdRun.exe,7004,,,,,,,,,934101DE-EBB3-4F5B-8A8E-3CDCD0C86696,\Microsoft\Windows\Windows Defender\Windows Defender Scheduled Scan,,,ActionStart
2026-05-23T11:35:51.572798Z,129,dc.scaffold.htb,Microsoft-Windows-TaskScheduler,Microsoft-Windows-TaskScheduler/Operational,5433,4,,,,,taskhostw.exe,16384,2724,,,,,\Microsoft\Windows\.NET Framework\.NET Framework NGEN v4.0.30319 64,,,CreatedTaskProcess
2026-05-23T11:35:51.573174Z,100,dc.scaffold.htb,Microsoft-Windows-TaskScheduler,Microsoft-Windows-TaskScheduler/Operational,5434,4,,,3064C9BF-B81C-4470-BDAE-655504CE52D8,,,,,,,,,\Microsoft\Windows\.NET Framework\.NET Framework NGEN v4.0.30319 64,NT AUTHORITY\SYSTEM,,TaskStartEvent
2026-05-23T11:35:51.573176Z,200,dc.scaffold.htb,Microsoft-Windows-TaskScheduler,Microsoft-Windows-TaskScheduler/Operational,5435,4,,2724,,,,,,,,,3064C9BF-B81C-4470-BDAE-655504CE52D8,\Microsoft\Windows\.NET Framework\.NET Framework NGEN v4.0.30319 64,,,ActionStart
2026-05-23T11:35:51.573536Z,322,dc.scaffold.htb,Microsoft-Windows-TaskScheduler,Microsoft-Windows-TaskScheduler/Operational,5436,3,,,,,,,,,,,3064C9BF-B81C-4470-BDAE-655504CE52D8,\Microsoft\Windows\.NET Framework\.NET Framework NGEN v4.0.30319 64,,,NewInstanceIgnored
2026-05-23T11:35:51.573750Z,322,dc.scaffold.htb,Microsoft-Windows-TaskScheduler,Microsoft-Windows-TaskScheduler/Operational,5437,3,,,,,,,,,,,3064C9BF-B81C-4470-BDAE-655504CE52D8,\Microsoft\Windows\.NET Framework\.NET Framework NGEN v4.0.30319 64,,,NewInstanceIgnored
2026-05-23T11:35:51.573869Z,322,dc.scaffold.htb,Microsoft-Windows-TaskScheduler,Microsoft-Windows-TaskScheduler/Operational,5438,3,,,,,,,,,,,3064C9BF-B81C-4470-BDAE-655504CE52D8,\Microsoft\Windows\.NET Framework\.NET Framework NGEN v4.0.30319 64,,,NewInstanceIgnored
2026-05-23T11:35:51.573987Z,322,dc.scaffold.htb,Microsoft-Windows-TaskScheduler,Microsoft-Windows-TaskScheduler/Operational,5439,3,,,,,,,,,,,3064C9BF-B81C-4470-BDAE-655504CE52D8,\Microsoft\Windows\.NET Framework\.NET Framework NGEN v4.0.30319 64,,,NewInstanceIgnored
2026-05-23T11:35:51.574110Z,322,dc.scaffold.htb,Microsoft-Windows-TaskScheduler,Microsoft-Windows-TaskScheduler/Operational,5440,3,,,,,,,,,,,3064C9BF-B81C-4470-BDAE-655504CE52D8,\Microsoft\Windows\.NET Framework\.NET Framework NGEN v4.0.30319 64,,,NewInstanceIgnored
2026-05-23T11:35:51.574224Z,322,dc.scaffold.htb,Microsoft-Windows-TaskScheduler,Microsoft-Windows-TaskScheduler/Operational,5441,3,,,,,,,,,,,3064C9BF-B81C-4470-BDAE-655504CE52D8,\Microsoft\Windows\.NET Framework\.NET Framework NGEN v4.0.30319 64,,,NewInstanceIgnored
2026-05-23T11:35:51.574340Z,322,dc.scaffold.htb,Microsoft-Windows-TaskScheduler,Microsoft-Windows-TaskScheduler/Operational,5442,3,,,,,,,,,,,3064C9BF-B81C-4470-BDAE-655504CE52D8,\Microsoft\Windows\.NET Framework\.NET Framework NGEN v4.0.30319 64,,,NewInstanceIgnored
2026-05-23T11:35:51.574466Z,322,dc.scaffold.htb,Microsoft-Windows-TaskScheduler,Microsoft-Windows-TaskScheduler/Operational,5443,3,,,,,,,,,,,3064C9BF-B81C-4470-BDAE-655504CE52D8,\Microsoft\Windows\.NET Framework\.NET Framework NGEN v4.0.30319 64,,,NewInstanceIgnored
2026-05-23T11:35:51.574588Z,322,dc.scaffold.htb,Microsoft-Windows-TaskScheduler,Microsoft-Windows-TaskScheduler/Operational,5444,3,,,,,,,,,,,3064C9BF-B81C-4470-BDAE-655504CE52D8,\Microsoft\Windows\.NET Framework\.NET Framework NGEN v4.0.30319 64,,,NewInstanceIgnored
2026-05-23T11:35:51.574776Z,322,dc.scaffold.htb,Microsoft-Windows-TaskScheduler,Microsoft-Windows-TaskScheduler/Operational,5445,3,,,,,,,,,,,3064C9BF-B81C-4470-BDAE-655504CE52D8,\Microsoft\Windows\.NET Framework\.NET Framework NGEN v4.0.30319 64,,,NewInstanceIgnored
2026-05-23T11:35:51.574914Z,322,dc.scaffold.htb,Microsoft-Windows-TaskScheduler,Microsoft-Windows-TaskScheduler/Operational,5446,3,,,,,,,,,,,3064C9BF-B81C-4470-BDAE-655504CE52D8,\Microsoft\Windows\.NET Framework\.NET Framework NGEN v4.0.30319 64,,,NewInstanceIgnored
2026-05-23T11:35:51.575020Z,322,dc.scaffold.htb,Microsoft-Windows-TaskScheduler,Microsoft-Windows-TaskScheduler/Operational,5447,3,,,,,,,,,,,3064C9BF-B81C-4470-BDAE-655504CE52D8,\Microsoft\Windows\.NET Framework\.NET Framework NGEN v4.0.30319 64,,,NewInstanceIgnored
2026-05-23T11:35:51.575336Z,322,dc.scaffold.htb,Microsoft-Windows-TaskScheduler,Microsoft-Windows-TaskScheduler/Operational,5448,3,,,,,,,,,,,3064C9BF-B81C-4470-BDAE-655504CE52D8,\Microsoft\Windows\.NET Framework\.NET Framework NGEN v4.0.30319 64,,,NewInstanceIgnored
2026-05-23T11:35:51.575466Z,322,dc.scaffold.htb,Microsoft-Windows-TaskScheduler,Microsoft-Windows-TaskScheduler/Operational,5449,3,,,,,,,,,,,3064C9BF-B81C-4470-BDAE-655504CE52D8,\Microsoft\Windows\.NET Framework\.NET Framework NGEN v4.0.30319 64,,,NewInstanceIgnored
2026-05-23T11:35:51.575574Z,322,dc.scaffold.htb,Microsoft-Windows-TaskScheduler,Microsoft-Windows-TaskScheduler/Operational,5450,3,,,,,,,,,,,3064C9BF-B81C-4470-BDAE-655504CE52D8,\Microsoft\Windows\.NET Framework\.NET Framework NGEN v4.0.30319 64,,,NewInstanceIgnored
2026-05-23T11:35:51.575677Z,322,dc.scaffold.htb,Microsoft-Windows-TaskScheduler,Microsoft-Windows-TaskScheduler/Operational,5451,3,,,,,,,,,,,3064C9BF-B81C-4470-BDAE-655504CE52D8,\Microsoft\Windows\.NET Framework\.NET Framework NGEN v4.0.30319 64,,,NewInstanceIgnored
2026-05-23T11:35:51.575779Z,322,dc.scaffold.htb,Microsoft-Windows-TaskScheduler,Microsoft-Windows-TaskScheduler/Operational,5452,3,,,,,,,,,,,3064C9BF-B81C-4470-BDAE-655504CE52D8,\Microsoft\Windows\.NET Framework\.NET Framework NGEN v4.0.30319 64,,,NewInstanceIgnored
2026-05-23T11:35:51.575884Z,322,dc.scaffold.htb,Microsoft-Windows-TaskScheduler,Microsoft-Windows-TaskScheduler/Operational,5453,3,,,,,,,,,,,3064C9BF-B81C-4470-BDAE-655504CE52D8,\Microsoft\Windows\.NET Framework\.NET Framework NGEN v4.0.30319 64,,,NewInstanceIgnored
2026-05-23T11:35:51.575994Z,322,dc.scaffold.htb,Microsoft-Windows-TaskScheduler,Microsoft-Windows-TaskScheduler/Operational,5454,3,,,,,,,,,,,3064C9BF-B81C-4470-BDAE-655504CE52D8,\Microsoft\Windows\.NET Framework\.NET Framework NGEN v4.0.30319 64,,,NewInstanceIgnored
2026-05-23T11:35:51.576087Z,322,dc.scaffold.htb,Microsoft-Windows-TaskScheduler,Microsoft-Windows-TaskScheduler/Operational,5455,3,,,,,,,,,,,3064C9BF-B81C-4470-BDAE-655504CE52D8,\Microsoft\Windows\.NET Framework\.NET Framework NGEN v4.0.30319 64,,,NewInstanceIgnored
2026-05-23T11:35:51.576311Z,322,dc.scaffold.htb,Microsoft-Windows-TaskScheduler,Microsoft-Windows-TaskScheduler/Operational,5456,3,,,,,,,,,,,3064C9BF-B81C-4470-BDAE-655504CE52D8,\Microsoft\Windows\.NET Framework\.NET Framework NGEN v4.0.30319 64,,,NewInstanceIgnored
2026-05-23T11:35:51.576468Z,322,dc.scaffold.htb,Microsoft-Windows-TaskScheduler,Microsoft-Windows-TaskScheduler/Operational,5457,3,,,,,,,,,,,3064C9BF-B81C-4470-BDAE-655504CE52D8,\Microsoft\Windows\.NET Framework\.NET Framework NGEN v4.0.30319 64,,,NewInstanceIgnored
2026-05-23T11:35:51.576614Z,322,dc.scaffold.htb,Microsoft-Windows-TaskScheduler,Microsoft-Windows-TaskScheduler/Operational,5458,3,,,,,,,,,,,3064C9BF-B81C-4470-BDAE-655504CE52D8,\Microsoft\Windows\.NET Framework\.NET Framework NGEN v4.0.30319 64,,,NewInstanceIgnored
2026-05-23T11:35:51.576766Z,322,dc.scaffold.htb,Microsoft-Windows-TaskScheduler,Microsoft-Windows-TaskScheduler/Operational,5459,3,,,,,,,,,,,3064C9BF-B81C-4470-BDAE-655504CE52D8,\Microsoft\Windows\.NET Framework\.NET Framework NGEN v4.0.30319 64,,,NewInstanceIgnored
2026-05-23T11:35:51.576956Z,322,dc.scaffold.htb,Microsoft-Windows-TaskScheduler,Microsoft-Windows-TaskScheduler/Operational,5460,3,,,,,,,,,,,3064C9BF-B81C-4470-BDAE-655504CE52D8,\Microsoft\Windows\.NET Framework\.NET Framework NGEN v4.0.30319 64,,,NewInstanceIgnored
2026-05-23T11:35:51.577136Z,322,dc.scaffold.htb,Microsoft-Windows-TaskScheduler,Microsoft-Windows-TaskScheduler/Operational,5461,3,,,,,,,,,,,3064C9BF-B81C-4470-BDAE-655504CE52D8,\Microsoft\Windows\.NET Framework\.NET Framework NGEN v4.0.30319 64,,,NewInstanceIgnored
2026-05-23T11:35:51.577248Z,322,dc.scaffold.htb,Microsoft-Windows-TaskScheduler,Microsoft-Windows-TaskScheduler/Operational,5462,3,,,,,,,,,,,3064C9BF-B81C-4470-BDAE-655504CE52D8,\Microsoft\Windows\.NET Framework\.NET Framework NGEN v4.0.30319 64,,,NewInstanceIgnored
2026-05-23T11:35:51.577366Z,322,dc.scaffold.htb,Microsoft-Windows-TaskScheduler,Microsoft-Windows-TaskScheduler/Operational,5463,3,,,,,,,,,,,3064C9BF-B81C-4470-BDAE-655504CE52D8,\Microsoft\Windows\.NET Framework\.NET Framework NGEN v4.0.30319 64,,,NewInstanceIgnored
2026-05-23T11:35:51.577464Z,322,dc.scaffold.htb,Microsoft-Windows-TaskScheduler,Microsoft-Windows-TaskScheduler/Operational,5464,3,,,,,,,,,,,3064C9BF-B81C-4470-BDAE-655504CE52D8,\Microsoft\Windows\.NET Framework\.NET Framework NGEN v4.0.30319 64,,,NewInstanceIgnored
2026-05-23T11:35:51.577570Z,322,dc.scaffold.htb,Microsoft-Windows-TaskScheduler,Microsoft-Windows-TaskScheduler/Operational,5465,3,,,,,,,,,,,3064C9BF-B81C-4470-BDAE-655504CE52D8,\Microsoft\Windows\.NET Framework\.NET Framework NGEN v4.0.30319 64,,,NewInstanceIgnored
2026-05-23T11:35:51.577836Z,322,dc.scaffold.htb,Microsoft-Windows-TaskScheduler,Microsoft-Windows-TaskScheduler/Operational,5466,3,,,,,,,,,,,3064C9BF-B81C-4470-BDAE-655504CE52D8,\Microsoft\Windows\.NET Framework\.NET Framework NGEN v4.0.30319 64,,,NewInstanceIgnored
2026-05-23T11:35:51.577939Z,322,dc.scaffold.htb,Microsoft-Windows-TaskScheduler,Microsoft-Windows-TaskScheduler/Operational,5467,3,,,,,,,,,,,3064C9BF-B81C-4470-BDAE-655504CE52D8,\Microsoft\Windows\.NET Framework\.NET Framework NGEN v4.0.30319 64,,,NewInstanceIgnored
2026-05-23T11:35:51.578040Z,322,dc.scaffold.htb,Microsoft-Windows-TaskScheduler,Microsoft-Windows-TaskScheduler/Operational,5468,3,,,,,,,,,,,3064C9BF-B81C-4470-BDAE-655504CE52D8,\Microsoft\Windows\.NET Framework\.NET Framework NGEN v4.0.30319 64,,,NewInstanceIgnored
2026-05-23T11:35:51.578131Z,322,dc.scaffold.htb,Microsoft-Windows-TaskScheduler,Microsoft-Windows-TaskScheduler/Operational,5469,3,,,,,,,,,,,3064C9BF-B81C-4470-BDAE-655504CE52D8,\Microsoft\Windows\.NET Framework\.NET Framework NGEN v4.0.30319 64,,,NewInstanceIgnored
2026-05-23T11:35:51.578240Z,322,dc.scaffold.htb,Microsoft-Windows-TaskScheduler,Microsoft-Windows-TaskScheduler/Operational,5470,3,,,,,,,,,,,3064C9BF-B81C-4470-BDAE-655504CE52D8,\Microsoft\Windows\.NET Framework\.NET Framework NGEN v4.0.30319 64,,,NewInstanceIgnored
2026-05-23T11:35:51.578457Z,322,dc.scaffold.htb,Microsoft-Windows-TaskScheduler,Microsoft-Windows-TaskScheduler/Operational,5471,3,,,,,,,,,,,3064C9BF-B81C-4470-BDAE-655504CE52D8,\Microsoft\Windows\.NET Framework\.NET Framework NGEN v4.0.30319 64,,,NewInstanceIgnored
2026-05-23T11:35:51.578665Z,322,dc.scaffold.htb,Microsoft-Windows-TaskScheduler,Microsoft-Windows-TaskScheduler/Operational,5472,3,,,,,,,,,,,3064C9BF-B81C-4470-BDAE-655504CE52D8,\Microsoft\Windows\.NET Framework\.NET Framework NGEN v4.0.30319 64,,,NewInstanceIgnored
2026-05-23T11:35:51.579088Z,322,dc.scaffold.htb,Microsoft-Windows-TaskScheduler,Microsoft-Windows-TaskScheduler/Operational,5473,3,,,,,,,,,,,3064C9BF-B81C-4470-BDAE-655504CE52D8,\Microsoft\Windows\.NET Framework\.NET Framework NGEN v4.0.30319 64,,,NewInstanceIgnored
2026-05-23T11:35:51.579287Z,322,dc.scaffold.htb,Microsoft-Windows-TaskScheduler,Microsoft-Windows-TaskScheduler/Operational,5474,3,,,,,,,,,,,3064C9BF-B81C-4470-BDAE-655504CE52D8,\Microsoft\Windows\.NET Framework\.NET Framework NGEN v4.0.30319 64,,,NewInstanceIgnored
2026-05-23T11:35:51.579384Z,322,dc.scaffold.htb,Microsoft-Windows-TaskScheduler,Microsoft-Windows-TaskScheduler/Operational,5475,3,,,,,,,,,,,3064C9BF-B81C-4470-BDAE-655504CE52D8,\Microsoft\Windows\.NET Framework\.NET Framework NGEN v4.0.30319 64,,,NewInstanceIgnored
2026-05-23T11:35:51.579481Z,322,dc.scaffold.htb,Microsoft-Windows-TaskScheduler,Microsoft-Windows-TaskScheduler/Operational,5476,3,,,,,,,,,,,3064C9BF-B81C-4470-BDAE-655504CE52D8,\Microsoft\Windows\.NET Framework\.NET Framework NGEN v4.0.30319 64,,,NewInstanceIgnored
2026-05-23T11:35:51.579572Z,322,dc.scaffold.htb,Microsoft-Windows-TaskScheduler,Microsoft-Windows-TaskScheduler/Operational,5477,3,,,,,,,,,,,3064C9BF-B81C-4470-BDAE-655504CE52D8,\Microsoft\Windows\.NET Framework\.NET Framework NGEN v4.0.30319 64,,,NewInstanceIgnored
2026-05-23T11:35:51.579687Z,322,dc.scaffold.htb,Microsoft-Windows-TaskScheduler,Microsoft-Windows-TaskScheduler/Operational,5478,3,,,,,,,,,,,3064C9BF-B81C-4470-BDAE-655504CE52D8,\Microsoft\Windows\.NET Framework\.NET Framework NGEN v4.0.30319 64,,,NewInstanceIgnored
2026-05-23T11:35:51.579892Z,322,dc.scaffold.htb,Microsoft-Windows-TaskScheduler,Microsoft-Windows-TaskScheduler/Operational,5479,3,,,,,,,,,,,3064C9BF-B81C-4470-BDAE-655504CE52D8,\Microsoft\Windows\.NET Framework\.NET Framework NGEN v4.0.30319 64,,,NewInstanceIgnored
2026-05-23T11:35:51.580592Z,322,dc.scaffold.htb,Microsoft-Windows-TaskScheduler,Microsoft-Windows-TaskScheduler/Operational,5480,3,,,,,,,,,,,3064C9BF-B81C-4470-BDAE-655504CE52D8,\Microsoft\Windows\.NET Framework\.NET Framework NGEN v4.0.30319 64,,,NewInstanceIgnored
2026-05-23T11:35:51.581290Z,322,dc.scaffold.htb,Microsoft-Windows-TaskScheduler,Microsoft-Windows-TaskScheduler/Operational,5481,3,,,,,,,,,,,3064C9BF-B81C-4470-BDAE-655504CE52D8,\Microsoft\Windows\.NET Framework\.NET Framework NGEN v4.0.30319 64,,,NewInstanceIgnored
2026-05-23T11:35:51.581795Z,322,dc.scaffold.htb,Microsoft-Windows-TaskScheduler,Microsoft-Windows-TaskScheduler/Operational,5482,3,,,,,,,,,,,3064C9BF-B81C-4470-BDAE-655504CE52D8,\Microsoft\Windows\.NET Framework\.NET Framework NGEN v4.0.30319 64,,,NewInstanceIgnored
2026-05-23T11:35:51.582354Z,322,dc.scaffold.htb,Microsoft-Windows-TaskScheduler,Microsoft-Windows-TaskScheduler/Operational,5483,3,,,,,,,,,,,3064C9BF-B81C-4470-BDAE-655504CE52D8,\Microsoft\Windows\.NET Framework\.NET Framework NGEN v4.0.30319 64,,,NewInstanceIgnored
2026-05-23T11:35:51.582750Z,322,dc.scaffold.htb,Microsoft-Windows-TaskScheduler,Microsoft-Windows-TaskScheduler/Operational,5484,3,,,,,,,,,,,3064C9BF-B81C-4470-BDAE-655504CE52D8,\Microsoft\Windows\.NET Framework\.NET Framework NGEN v4.0.30319 64,,,NewInstanceIgnored
2026-05-23T11:35:51.583024Z,322,dc.scaffold.htb,Microsoft-Windows-TaskScheduler,Microsoft-Windows-TaskScheduler/Operational,5485,3,,,,,,,,,,,3064C9BF-B81C-4470-BDAE-655504CE52D8,\Microsoft\Windows\.NET Framework\.NET Framework NGEN v4.0.30319 64,,,NewInstanceIgnored
2026-05-23T11:35:51.583306Z,322,dc.scaffold.htb,Microsoft-Windows-TaskScheduler,Microsoft-Windows-TaskScheduler/Operational,5486,3,,,,,,,,,,,3064C9BF-B81C-4470-BDAE-655504CE52D8,\Microsoft\Windows\.NET Framework\.NET Framework NGEN v4.0.30319 64,,,NewInstanceIgnored
2026-05-23T11:35:51.583612Z,322,dc.scaffold.htb,Microsoft-Windows-TaskScheduler,Microsoft-Windows-TaskScheduler/Operational,5487,3,,,,,,,,,,,3064C9BF-B81C-4470-BDAE-655504CE52D8,\Microsoft\Windows\.NET Framework\.NET Framework NGEN v4.0.30319 64,,,NewInstanceIgnored
2026-05-23T11:35:51.584022Z,322,dc.scaffold.htb,Microsoft-Windows-TaskScheduler,Microsoft-Windows-TaskScheduler/Operational,5488,3,,,,,,,,,,,3064C9BF-B81C-4470-BDAE-655504CE52D8,\Microsoft\Windows\.NET Framework\.NET Framework NGEN v4.0.30319 64,,,NewInstanceIgnored
2026-05-23T11:35:51.584294Z,322,dc.scaffold.htb,Microsoft-Windows-TaskScheduler,Microsoft-Windows-TaskScheduler/Operational,5489,3,,,,,,,,,,,3064C9BF-B81C-4470-BDAE-655504CE52D8,\Microsoft\Windows\.NET Framework\.NET Framework NGEN v4.0.30319 64,,,NewInstanceIgnored
2026-05-23T11:35:51.584565Z,322,dc.scaffold.htb,Microsoft-Windows-TaskScheduler,Microsoft-Windows-TaskScheduler/Operational,5490,3,,,,,,,,,,,3064C9BF-B81C-4470-BDAE-655504CE52D8,\Microsoft\Windows\.NET Framework\.NET Framework NGEN v4.0.30319 64,,,NewInstanceIgnored
2026-05-23T11:35:51.584853Z,322,dc.scaffold.htb,Microsoft-Windows-TaskScheduler,Microsoft-Windows-TaskScheduler/Operational,5491,3,,,,,,,,,,,3064C9BF-B81C-4470-BDAE-655504CE52D8,\Microsoft\Windows\.NET Framework\.NET Framework NGEN v4.0.30319 64,,,NewInstanceIgnored
2026-05-23T11:35:51.585126Z,322,dc.scaffold.htb,Microsoft-Windows-TaskScheduler,Microsoft-Windows-TaskScheduler/Operational,5492,3,,,,,,,,,,,3064C9BF-B81C-4470-BDAE-655504CE52D8,\Microsoft\Windows\.NET Framework\.NET Framework NGEN v4.0.30319 64,,,NewInstanceIgnored
2026-05-23T11:35:51.585468Z,322,dc.scaffold.htb,Microsoft-Windows-TaskScheduler,Microsoft-Windows-TaskScheduler/Operational,5493,3,,,,,,,,,,,3064C9BF-B81C-4470-BDAE-655504CE52D8,\Microsoft\Windows\.NET Framework\.NET Framework NGEN v4.0.30319 64,,,NewInstanceIgnored
2026-05-23T11:35:51.585737Z,322,dc.scaffold.htb,Microsoft-Windows-TaskScheduler,Microsoft-Windows-TaskScheduler/Operational,5494,3,,,,,,,,,,,3064C9BF-B81C-4470-BDAE-655504CE52D8,\Microsoft\Windows\.NET Framework\.NET Framework NGEN v4.0.30319 64,,,NewInstanceIgnored
2026-05-23T11:35:51.586014Z,322,dc.scaffold.htb,Microsoft-Windows-TaskScheduler,Microsoft-Windows-TaskScheduler/Operational,5495,3,,,,,,,,,,,3064C9BF-B81C-4470-BDAE-655504CE52D8,\Microsoft\Windows\.NET Framework\.NET Framework NGEN v4.0.30319 64,,,NewInstanceIgnored
2026-05-23T11:35:51.586274Z,322,dc.scaffold.htb,Microsoft-Windows-TaskScheduler,Microsoft-Windows-TaskScheduler/Operational,5496,3,,,,,,,,,,,3064C9BF-B81C-4470-BDAE-655504CE52D8,\Microsoft\Windows\.NET Framework\.NET Framework NGEN v4.0.30319 64,,,NewInstanceIgnored
2026-05-23T11:35:51.586556Z,322,dc.scaffold.htb,Microsoft-Windows-TaskScheduler,Microsoft-Windows-TaskScheduler/Operational,5497,3,,,,,,,,,,,3064C9BF-B81C-4470-BDAE-655504CE52D8,\Microsoft\Windows\.NET Framework\.NET Framework NGEN v4.0.30319 64,,,NewInstanceIgnored
2026-05-23T11:35:51.586810Z,322,dc.scaffold.htb,Microsoft-Windows-TaskScheduler,Microsoft-Windows-TaskScheduler/Operational,5498,3,,,,,,,,,,,3064C9BF-B81C-4470-BDAE-655504CE52D8,\Microsoft\Windows\.NET Framework\.NET Framework NGEN v4.0.30319 64,,,NewInstanceIgnored
2026-05-23T11:35:51.587063Z,322,dc.scaffold.htb,Microsoft-Windows-TaskScheduler,Microsoft-Windows-TaskScheduler/Operational,5499,3,,,,,,,,,,,3064C9BF-B81C-4470-BDAE-655504CE52D8,\Microsoft\Windows\.NET Framework\.NET Framework NGEN v4.0.30319 64,,,NewInstanceIgnored
2026-05-23T11:35:51.587180Z,322,dc.scaffold.htb,Microsoft-Windows-TaskScheduler,Microsoft-Windows-TaskScheduler/Operational,5500,3,,,,,,,,,,,3064C9BF-B81C-4470-BDAE-655504CE52D8,\Microsoft\Windows\.NET Framework\.NET Framework NGEN v4.0.30319 64,,,NewInstanceIgnored
2026-05-23T11:35:51.587274Z,322,dc.scaffold.htb,Microsoft-Windows-TaskScheduler,Microsoft-Windows-TaskScheduler/Operational,5501,3,,,,,,,,,,,3064C9BF-B81C-4470-BDAE-655504CE52D8,\Microsoft\Windows\.NET Framework\.NET Framework NGEN v4.0.30319 64,,,NewInstanceIgnored
2026-05-23T11:35:51.587383Z,322,dc.scaffold.htb,Microsoft-Windows-TaskScheduler,Microsoft-Windows-TaskScheduler/Operational,5502,3,,,,,,,,,,,3064C9BF-B81C-4470-BDAE-655504CE52D8,\Microsoft\Windows\.NET Framework\.NET Framework NGEN v4.0.30319 64,,,NewInstanceIgnored
2026-05-23T11:35:51.587476Z,322,dc.scaffold.htb,Microsoft-Windows-TaskScheduler,Microsoft-Windows-TaskScheduler/Operational,5503,3,,,,,,,,,,,3064C9BF-B81C-4470-BDAE-655504CE52D8,\Microsoft\Windows\.NET Framework\.NET Framework NGEN v4.0.30319 64,,,NewInstanceIgnored
2026-05-23T11:35:51.587557Z,322,dc.scaffold.htb,Microsoft-Windows-TaskScheduler,Microsoft-Windows-TaskScheduler/Operational,5504,3,,,,,,,,,,,3064C9BF-B81C-4470-BDAE-655504CE52D8,\Microsoft\Windows\.NET Framework\.NET Framework NGEN v4.0.30319 64,,,NewInstanceIgnored
2026-05-23T11:35:51.587639Z,322,dc.scaffold.htb,Microsoft-Windows-TaskScheduler,Microsoft-Windows-TaskScheduler/Operational,5505,3,,,,,,,,,,,3064C9BF-B81C-4470-BDAE-655504CE52D8,\Microsoft\Windows\.NET Framework\.NET Framework NGEN v4.0.30319 64,,,NewInstanceIgnored
2026-05-23T11:35:51.587720Z,322,dc.scaffold.htb,Microsoft-Windows-TaskScheduler,Microsoft-Windows-TaskScheduler/Operational,5506,3,,,,,,,,,,,3064C9BF-B81C-4470-BDAE-655504CE52D8,\Microsoft\Windows\.NET Framework\.NET Framework NGEN v4.0.30319 64,,,NewInstanceIgnored
2026-05-23T11:35:51.587815Z,322,dc.scaffold.htb,Microsoft-Windows-TaskScheduler,Microsoft-Windows-TaskScheduler/Operational,5507,3,,,,,,,,,,,3064C9BF-B81C-4470-BDAE-655504CE52D8,\Microsoft\Windows\.NET Framework\.NET Framework NGEN v4.0.30319 64,,,NewInstanceIgnored
2026-05-23T11:35:51.587883Z,201,dc.scaffold.htb,Microsoft-Windows-TaskScheduler,Microsoft-Windows-TaskScheduler/Operational,5508,4,%windir%\system32\speech_onecore\common\SpeechModelDownload.exe,6168,,,,,,,0,,B11CF469-1FCB-4E8C-AEA2-396FEADA02E0,\Microsoft\Windows\Speech\SpeechModelDownloadTask,,,ActionSuccess
2026-05-23T11:35:51.587906Z,322,dc.scaffold.htb,Microsoft-Windows-TaskScheduler,Microsoft-Windows-TaskScheduler/Operational,5509,3,,,,,,,,,,,3064C9BF-B81C-4470-BDAE-655504CE52D8,\Microsoft\Windows\.NET Framework\.NET Framework NGEN v4.0.30319 64,,,NewInstanceIgnored
2026-05-23T11:35:51.587999Z,322,dc.scaffold.htb,Microsoft-Windows-TaskScheduler,Microsoft-Windows-TaskScheduler/Operational,5510,3,,,,,,,,,,,3064C9BF-B81C-4470-BDAE-655504CE52D8,\Microsoft\Windows\.NET Framework\.NET Framework NGEN v4.0.30319 64,,,NewInstanceIgnored
2026-05-23T11:35:51.588017Z,102,dc.scaffold.htb,Microsoft-Windows-TaskScheduler,Microsoft-Windows-TaskScheduler/Operational,5511,4,,,B11CF469-1FCB-4E8C-AEA2-396FEADA02E0,,,,,,,,,\Microsoft\Windows\Speech\SpeechModelDownloadTask,(NONE),,TaskSuccessEvent
2026-05-23T11:35:51.588094Z,322,dc.scaffold.htb,Microsoft-Windows-TaskScheduler,Microsoft-Windows-TaskScheduler/Operational,5512,3,,,,,,,,,,,3064C9BF-B81C-4470-BDAE-655504CE52D8,\Microsoft\Windows\.NET Framework\.NET Framework NGEN v4.0.30319 64,,,NewInstanceIgnored
2026-05-23T11:35:51.588171Z,322,dc.scaffold.htb,Microsoft-Windows-TaskScheduler,Microsoft-Windows-TaskScheduler/Operational,5513,3,,,,,,,,,,,3064C9BF-B81C-4470-BDAE-655504CE52D8,\Microsoft\Windows\.NET Framework\.NET Framework NGEN v4.0.30319 64,,,NewInstanceIgnored
2026-05-23T11:35:51.588259Z,322,dc.scaffold.htb,Microsoft-Windows-TaskScheduler,Microsoft-Windows-TaskScheduler/Operational,5514,3,,,,,,,,,,,3064C9BF-B81C-4470-BDAE-655504CE52D8,\Microsoft\Windows\.NET Framework\.NET Framework NGEN v4.0.30319 64,,,NewInstanceIgnored
2026-05-23T11:35:51.588342Z,322,dc.scaffold.htb,Microsoft-Windows-TaskScheduler,Microsoft-Windows-TaskScheduler/Operational,5515,3,,,,,,,,,,,3064C9BF-B81C-4470-BDAE-655504CE52D8,\Microsoft\Windows\.NET Framework\.NET Framework NGEN v4.0.30319 64,,,NewInstanceIgnored
2026-05-23T11:35:51.588416Z,322,dc.scaffold.htb,Microsoft-Windows-TaskScheduler,Microsoft-Windows-TaskScheduler/Operational,5516,3,,,,,,,,,,,3064C9BF-B81C-4470-BDAE-655504CE52D8,\Microsoft\Windows\.NET Framework\.NET Framework NGEN v4.0.30319 64,,,NewInstanceIgnored
2026-05-23T11:35:51.588487Z,322,dc.scaffold.htb,Microsoft-Windows-TaskScheduler,Microsoft-Windows-TaskScheduler/Operational,5517,3,,,,,,,,,,,3064C9BF-B81C-4470-BDAE-655504CE52D8,\Microsoft\Windows\.NET Framework\.NET Framework NGEN v4.0.30319 64,,,NewInstanceIgnored
2026-05-23T11:35:51.588558Z,322,dc.scaffold.htb,Microsoft-Windows-TaskScheduler,Microsoft-Windows-TaskScheduler/Operational,5518,3,,,,,,,,,,,3064C9BF-B81C-4470-BDAE-655504CE52D8,\Microsoft\Windows\.NET Framework\.NET Framework NGEN v4.0.30319 64,,,NewInstanceIgnored
2026-05-23T11:35:51.588641Z,322,dc.scaffold.htb,Microsoft-Windows-TaskScheduler,Microsoft-Windows-TaskScheduler/Operational,5519,3,,,,,,,,,,,3064C9BF-B81C-4470-BDAE-655504CE52D8,\Microsoft\Windows\.NET Framework\.NET Framework NGEN v4.0.30319 64,,,NewInstanceIgnored
2026-05-23T11:35:51.588713Z,322,dc.scaffold.htb,Microsoft-Windows-TaskScheduler,Microsoft-Windows-TaskScheduler/Operational,5520,3,,,,,,,,,,,3064C9BF-B81C-4470-BDAE-655504CE52D8,\Microsoft\Windows\.NET Framework\.NET Framework NGEN v4.0.30319 64,,,NewInstanceIgnored
2026-05-23T11:35:51.588784Z,322,dc.scaffold.htb,Microsoft-Windows-TaskScheduler,Microsoft-Windows-TaskScheduler/Operational,5521,3,,,,,,,,,,,3064C9BF-B81C-4470-BDAE-655504CE52D8,\Microsoft\Windows\.NET Framework\.NET Framework NGEN v4.0.30319 64,,,NewInstanceIgnored
2026-05-23T11:35:51.588856Z,322,dc.scaffold.htb,Microsoft-Windows-TaskScheduler,Microsoft-Windows-TaskScheduler/Operational,5522,3,,,,,,,,,,,3064C9BF-B81C-4470-BDAE-655504CE52D8,\Microsoft\Windows\.NET Framework\.NET Framework NGEN v4.0.30319 64,,,NewInstanceIgnored
2026-05-23T11:35:51.588929Z,322,dc.scaffold.htb,Microsoft-Windows-TaskScheduler,Microsoft-Windows-TaskScheduler/Operational,5523,3,,,,,,,,,,,3064C9BF-B81C-4470-BDAE-655504CE52D8,\Microsoft\Windows\.NET Framework\.NET Framework NGEN v4.0.30319 64,,,NewInstanceIgnored
2026-05-23T11:35:51.589003Z,322,dc.scaffold.htb,Microsoft-Windows-TaskScheduler,Microsoft-Windows-TaskScheduler/Operational,5524,3,,,,,,,,,,,3064C9BF-B81C-4470-BDAE-655504CE52D8,\Microsoft\Windows\.NET Framework\.NET Framework NGEN v4.0.30319 64,,,NewInstanceIgnored
2026-05-23T11:35:51.589110Z,322,dc.scaffold.htb,Microsoft-Windows-TaskScheduler,Microsoft-Windows-TaskScheduler/Operational,5525,3,,,,,,,,,,,3064C9BF-B81C-4470-BDAE-655504CE52D8,\Microsoft\Windows\.NET Framework\.NET Framework NGEN v4.0.30319 64,,,NewInstanceIgnored
2026-05-23T11:35:51.589187Z,322,dc.scaffold.htb,Microsoft-Windows-TaskScheduler,Microsoft-Windows-TaskScheduler/Operational,5526,3,,,,,,,,,,,3064C9BF-B81C-4470-BDAE-655504CE52D8,\Microsoft\Windows\.NET Framework\.NET Framework NGEN v4.0.30319 64,,,NewInstanceIgnored
2026-05-23T11:35:51.589258Z,322,dc.scaffold.htb,Microsoft-Windows-TaskScheduler,Microsoft-Windows-TaskScheduler/Operational,5527,3,,,,,,,,,,,3064C9BF-B81C-4470-BDAE-655504CE52D8,\Microsoft\Windows\.NET Framework\.NET Framework NGEN v4.0.30319 64,,,NewInstanceIgnored
2026-05-23T11:35:51.589331Z,322,dc.scaffold.htb,Microsoft-Windows-TaskScheduler,Microsoft-Windows-TaskScheduler/Operational,5528,3,,,,,,,,,,,3064C9BF-B81C-4470-BDAE-655504CE52D8,\Microsoft\Windows\.NET Framework\.NET Framework NGEN v4.0.30319 64,,,NewInstanceIgnored
2026-05-23T11:35:51.589401Z,322,dc.scaffold.htb,Microsoft-Windows-TaskScheduler,Microsoft-Windows-TaskScheduler/Operational,5529,3,,,,,,,,,,,3064C9BF-B81C-4470-BDAE-655504CE52D8,\Microsoft\Windows\.NET Framework\.NET Framework NGEN v4.0.30319 64,,,NewInstanceIgnored
2026-05-23T11:35:51.589470Z,322,dc.scaffold.htb,Microsoft-Windows-TaskScheduler,Microsoft-Windows-TaskScheduler/Operational,5530,3,,,,,,,,,,,3064C9BF-B81C-4470-BDAE-655504CE52D8,\Microsoft\Windows\.NET Framework\.NET Framework NGEN v4.0.30319 64,,,NewInstanceIgnored
2026-05-23T11:35:51.589539Z,322,dc.scaffold.htb,Microsoft-Windows-TaskScheduler,Microsoft-Windows-TaskScheduler/Operational,5531,3,,,,,,,,,,,3064C9BF-B81C-4470-BDAE-655504CE52D8,\Microsoft\Windows\.NET Framework\.NET Framework NGEN v4.0.30319 64,,,NewInstanceIgnored
2026-05-23T11:35:51.589617Z,322,dc.scaffold.htb,Microsoft-Windows-TaskScheduler,Microsoft-Windows-TaskScheduler/Operational,5532,3,,,,,,,,,,,3064C9BF-B81C-4470-BDAE-655504CE52D8,\Microsoft\Windows\.NET Framework\.NET Framework NGEN v4.0.30319 64,,,NewInstanceIgnored
2026-05-23T11:35:51.589687Z,322,dc.scaffold.htb,Microsoft-Windows-TaskScheduler,Microsoft-Windows-TaskScheduler/Operational,5533,3,,,,,,,,,,,3064C9BF-B81C-4470-BDAE-655504CE52D8,\Microsoft\Windows\.NET Framework\.NET Framework NGEN v4.0.30319 64,,,NewInstanceIgnored
2026-05-23T11:35:51.589762Z,322,dc.scaffold.htb,Microsoft-Windows-TaskScheduler,Microsoft-Windows-TaskScheduler/Operational,5534,3,,,,,,,,,,,3064C9BF-B81C-4470-BDAE-655504CE52D8,\Microsoft\Windows\.NET Framework\.NET Framework NGEN v4.0.30319 64,,,NewInstanceIgnored
2026-05-23T11:35:51.589833Z,322,dc.scaffold.htb,Microsoft-Windows-TaskScheduler,Microsoft-Windows-TaskScheduler/Operational,5535,3,,,,,,,,,,,3064C9BF-B81C-4470-BDAE-655504CE52D8,\Microsoft\Windows\.NET Framework\.NET Framework NGEN v4.0.30319 64,,,NewInstanceIgnored
2026-05-23T11:35:51.589905Z,322,dc.scaffold.htb,Microsoft-Windows-TaskScheduler,Microsoft-Windows-TaskScheduler/Operational,5536,3,,,,,,,,,,,3064C9BF-B81C-4470-BDAE-655504CE52D8,\Microsoft\Windows\.NET Framework\.NET Framework NGEN v4.0.30319 64,,,NewInstanceIgnored
2026-05-23T11:35:51.589973Z,322,dc.scaffold.htb,Microsoft-Windows-TaskScheduler,Microsoft-Windows-TaskScheduler/Operational,5537,3,,,,,,,,,,,3064C9BF-B81C-4470-BDAE-655504CE52D8,\Microsoft\Windows\.NET Framework\.NET Framework NGEN v4.0.30319 64,,,NewInstanceIgnored
2026-05-23T11:35:51.590041Z,322,dc.scaffold.htb,Microsoft-Windows-TaskScheduler,Microsoft-Windows-TaskScheduler/Operational,5538,3,,,,,,,,,,,3064C9BF-B81C-4470-BDAE-655504CE52D8,\Microsoft\Windows\.NET Framework\.NET Framework NGEN v4.0.30319 64,,,NewInstanceIgnored
2026-05-23T11:35:51.590118Z,322,dc.scaffold.htb,Microsoft-Windows-TaskScheduler,Microsoft-Windows-TaskScheduler/Operational,5539,3,,,,,,,,,,,3064C9BF-B81C-4470-BDAE-655504CE52D8,\Microsoft\Windows\.NET Framework\.NET Framework NGEN v4.0.30319 64,,,NewInstanceIgnored
2026-05-23T11:35:51.590182Z,322,dc.scaffold.htb,Microsoft-Windows-TaskScheduler,Microsoft-Windows-TaskScheduler/Operational,5540,3,,,,,,,,,,,3064C9BF-B81C-4470-BDAE-655504CE52D8,\Microsoft\Windows\.NET Framework\.NET Framework NGEN v4.0.30319 64,,,NewInstanceIgnored
2026-05-23T11:35:51.590250Z,322,dc.scaffold.htb,Microsoft-Windows-TaskScheduler,Microsoft-Windows-TaskScheduler/Operational,5541,3,,,,,,,,,,,3064C9BF-B81C-4470-BDAE-655504CE52D8,\Microsoft\Windows\.NET Framework\.NET Framework NGEN v4.0.30319 64,,,NewInstanceIgnored
2026-05-23T11:35:51.590315Z,322,dc.scaffold.htb,Microsoft-Windows-TaskScheduler,Microsoft-Windows-TaskScheduler/Operational,5542,3,,,,,,,,,,,3064C9BF-B81C-4470-BDAE-655504CE52D8,\Microsoft\Windows\.NET Framework\.NET Framework NGEN v4.0.30319 64,,,NewInstanceIgnored
2026-05-23T11:35:51.590381Z,322,dc.scaffold.htb,Microsoft-Windows-TaskScheduler,Microsoft-Windows-TaskScheduler/Operational,5543,3,,,,,,,,,,,3064C9BF-B81C-4470-BDAE-655504CE52D8,\Microsoft\Windows\.NET Framework\.NET Framework NGEN v4.0.30319 64,,,NewInstanceIgnored
2026-05-23T11:35:51.590447Z,322,dc.scaffold.htb,Microsoft-Windows-TaskScheduler,Microsoft-Windows-TaskScheduler/Operational,5544,3,,,,,,,,,,,3064C9BF-B81C-4470-BDAE-655504CE52D8,\Microsoft\Windows\.NET Framework\.NET Framework NGEN v4.0.30319 64,,,NewInstanceIgnored
2026-05-23T11:35:51.590510Z,322,dc.scaffold.htb,Microsoft-Windows-TaskScheduler,Microsoft-Windows-TaskScheduler/Operational,5545,3,,,,,,,,,,,3064C9BF-B81C-4470-BDAE-655504CE52D8,\Microsoft\Windows\.NET Framework\.NET Framework NGEN v4.0.30319 64,,,NewInstanceIgnored
2026-05-23T11:35:51.590576Z,322,dc.scaffold.htb,Microsoft-Windows-TaskScheduler,Microsoft-Windows-TaskScheduler/Operational,5546,3,,,,,,,,,,,3064C9BF-B81C-4470-BDAE-655504CE52D8,\Microsoft\Windows\.NET Framework\.NET Framework NGEN v4.0.30319 64,,,NewInstanceIgnored
2026-05-23T11:35:51.590654Z,322,dc.scaffold.htb,Microsoft-Windows-TaskScheduler,Microsoft-Windows-TaskScheduler/Operational,5547,3,,,,,,,,,,,3064C9BF-B81C-4470-BDAE-655504CE52D8,\Microsoft\Windows\.NET Framework\.NET Framework NGEN v4.0.30319 64,,,NewInstanceIgnored
2026-05-23T11:35:51.590721Z,322,dc.scaffold.htb,Microsoft-Windows-TaskScheduler,Microsoft-Windows-TaskScheduler/Operational,5548,3,,,,,,,,,,,3064C9BF-B81C-4470-BDAE-655504CE52D8,\Microsoft\Windows\.NET Framework\.NET Framework NGEN v4.0.30319 64,,,NewInstanceIgnored
2026-05-23T11:35:51.590785Z,322,dc.scaffold.htb,Microsoft-Windows-TaskScheduler,Microsoft-Windows-TaskScheduler/Operational,5549,3,,,,,,,,,,,3064C9BF-B81C-4470-BDAE-655504CE52D8,\Microsoft\Windows\.NET Framework\.NET Framework NGEN v4.0.30319 64,,,NewInstanceIgnored
2026-05-23T11:35:51.590853Z,322,dc.scaffold.htb,Microsoft-Windows-TaskScheduler,Microsoft-Windows-TaskScheduler/Operational,5550,3,,,,,,,,,,,3064C9BF-B81C-4470-BDAE-655504CE52D8,\Microsoft\Windows\.NET Framework\.NET Framework NGEN v4.0.30319 64,,,NewInstanceIgnored
2026-05-23T11:35:51.590913Z,322,dc.scaffold.htb,Microsoft-Windows-TaskScheduler,Microsoft-Windows-TaskScheduler/Operational,5551,3,,,,,,,,,,,3064C9BF-B81C-4470-BDAE-655504CE52D8,\Microsoft\Windows\.NET Framework\.NET Framework NGEN v4.0.30319 64,,,NewInstanceIgnored
2026-05-23T11:35:51.591140Z,322,dc.scaffold.htb,Microsoft-Windows-TaskScheduler,Microsoft-Windows-TaskScheduler/Operational,5552,3,,,,,,,,,,,3064C9BF-B81C-4470-BDAE-655504CE52D8,\Microsoft\Windows\.NET Framework\.NET Framework NGEN v4.0.30319 64,,,NewInstanceIgnored
2026-05-23T11:35:51.591211Z,322,dc.scaffold.htb,Microsoft-Windows-TaskScheduler,Microsoft-Windows-TaskScheduler/Operational,5553,3,,,,,,,,,,,3064C9BF-B81C-4470-BDAE-655504CE52D8,\Microsoft\Windows\.NET Framework\.NET Framework NGEN v4.0.30319 64,,,NewInstanceIgnored
2026-05-23T11:35:51.591276Z,322,dc.scaffold.htb,Microsoft-Windows-TaskScheduler,Microsoft-Windows-TaskScheduler/Operational,5554,3,,,,,,,,,,,3064C9BF-B81C-4470-BDAE-655504CE52D8,\Microsoft\Windows\.NET Framework\.NET Framework NGEN v4.0.30319 64,,,NewInstanceIgnored
2026-05-23T11:35:51.591351Z,322,dc.scaffold.htb,Microsoft-Windows-TaskScheduler,Microsoft-Windows-TaskScheduler/Operational,5555,3,,,,,,,,,,,3064C9BF-B81C-4470-BDAE-655504CE52D8,\Microsoft\Windows\.NET Framework\.NET Framework NGEN v4.0.30319 64,,,NewInstanceIgnored
2026-05-23T11:35:51.591409Z,322,dc.scaffold.htb,Microsoft-Windows-TaskScheduler,Microsoft-Windows-TaskScheduler/Operational,5556,3,,,,,,,,,,,3064C9BF-B81C-4470-BDAE-655504CE52D8,\Microsoft\Windows\.NET Framework\.NET Framework NGEN v4.0.30319 64,,,NewInstanceIgnored
2026-05-23T11:35:51.591467Z,322,dc.scaffold.htb,Microsoft-Windows-TaskScheduler,Microsoft-Windows-TaskScheduler/Operational,5557,3,,,,,,,,,,,3064C9BF-B81C-4470-BDAE-655504CE52D8,\Microsoft\Windows\.NET Framework\.NET Framework NGEN v4.0.30319 64,,,NewInstanceIgnored
2026-05-23T11:35:51.591525Z,322,dc.scaffold.htb,Microsoft-Windows-TaskScheduler,Microsoft-Windows-TaskScheduler/Operational,5558,3,,,,,,,,,,,3064C9BF-B81C-4470-BDAE-655504CE52D8,\Microsoft\Windows\.NET Framework\.NET Framework NGEN v4.0.30319 64,,,NewInstanceIgnored
2026-05-23T11:35:51.591583Z,322,dc.scaffold.htb,Microsoft-Windows-TaskScheduler,Microsoft-Windows-TaskScheduler/Operational,5559,3,,,,,,,,,,,3064C9BF-B81C-4470-BDAE-655504CE52D8,\Microsoft\Windows\.NET Framework\.NET Framework NGEN v4.0.30319 64,,,NewInstanceIgnored
2026-05-23T11:35:51.591642Z,322,dc.scaffold.htb,Microsoft-Windows-TaskScheduler,Microsoft-Windows-TaskScheduler/Operational,5560,3,,,,,,,,,,,3064C9BF-B81C-4470-BDAE-655504CE52D8,\Microsoft\Windows\.NET Framework\.NET Framework NGEN v4.0.30319 64,,,NewInstanceIgnored
2026-05-23T11:35:51.591700Z,322,dc.scaffold.htb,Microsoft-Windows-TaskScheduler,Microsoft-Windows-TaskScheduler/Operational,5561,3,,,,,,,,,,,3064C9BF-B81C-4470-BDAE-655504CE52D8,\Microsoft\Windows\.NET Framework\.NET Framework NGEN v4.0.30319 64,,,NewInstanceIgnored
2026-05-23T11:35:51.591758Z,322,dc.scaffold.htb,Microsoft-Windows-TaskScheduler,Microsoft-Windows-TaskScheduler/Operational,5562,3,,,,,,,,,,,3064C9BF-B81C-4470-BDAE-655504CE52D8,\Microsoft\Windows\.NET Framework\.NET Framework NGEN v4.0.30319 64,,,NewInstanceIgnored
2026-05-23T11:35:51.591825Z,322,dc.scaffold.htb,Microsoft-Windows-TaskScheduler,Microsoft-Windows-TaskScheduler/Operational,5563,3,,,,,,,,,,,3064C9BF-B81C-4470-BDAE-655504CE52D8,\Microsoft\Windows\.NET Framework\.NET Framework NGEN v4.0.30319 64,,,NewInstanceIgnored
2026-05-23T11:35:51.591881Z,322,dc.scaffold.htb,Microsoft-Windows-TaskScheduler,Microsoft-Windows-TaskScheduler/Operational,5564,3,,,,,,,,,,,3064C9BF-B81C-4470-BDAE-655504CE52D8,\Microsoft\Windows\.NET Framework\.NET Framework NGEN v4.0.30319 64,,,NewInstanceIgnored
2026-05-23T11:35:51.591938Z,322,dc.scaffold.htb,Microsoft-Windows-TaskScheduler,Microsoft-Windows-TaskScheduler/Operational,5565,3,,,,,,,,,,,3064C9BF-B81C-4470-BDAE-655504CE52D8,\Microsoft\Windows\.NET Framework\.NET Framework NGEN v4.0.30319 64,,,NewInstanceIgnored
2026-05-23T11:35:51.591995Z,322,dc.scaffold.htb,Microsoft-Windows-TaskScheduler,Microsoft-Windows-TaskScheduler/Operational,5566,3,,,,,,,,,,,3064C9BF-B81C-4470-BDAE-655504CE52D8,\Microsoft\Windows\.NET Framework\.NET Framework NGEN v4.0.30319 64,,,NewInstanceIgnored
2026-05-23T11:35:51.592051Z,322,dc.scaffold.htb,Microsoft-Windows-TaskScheduler,Microsoft-Windows-TaskScheduler/Operational,5567,3,,,,,,,,,,,3064C9BF-B81C-4470-BDAE-655504CE52D8,\Microsoft\Windows\.NET Framework\.NET Framework NGEN v4.0.30319 64,,,NewInstanceIgnored
2026-05-23T11:35:51.592108Z,322,dc.scaffold.htb,Microsoft-Windows-TaskScheduler,Microsoft-Windows-TaskScheduler/Operational,5568,3,,,,,,,,,,,3064C9BF-B81C-4470-BDAE-655504CE52D8,\Microsoft\Windows\.NET Framework\.NET Framework NGEN v4.0.30319 64,,,NewInstanceIgnored
2026-05-23T11:35:51.592163Z,322,dc.scaffold.htb,Microsoft-Windows-TaskScheduler,Microsoft-Windows-TaskScheduler/Operational,5569,3,,,,,,,,,,,3064C9BF-B81C-4470-BDAE-655504CE52D8,\Microsoft\Windows\.NET Framework\.NET Framework NGEN v4.0.30319 64,,,NewInstanceIgnored
2026-05-23T11:35:51.592218Z,322,dc.scaffold.htb,Microsoft-Windows-TaskScheduler,Microsoft-Windows-TaskScheduler/Operational,5570,3,,,,,,,,,,,3064C9BF-B81C-4470-BDAE-655504CE52D8,\Microsoft\Windows\.NET Framework\.NET Framework NGEN v4.0.30319 64,,,NewInstanceIgnored
2026-05-23T11:35:51.592272Z,322,dc.scaffold.htb,Microsoft-Windows-TaskScheduler,Microsoft-Windows-TaskScheduler/Operational,5571,3,,,,,,,,,,,3064C9BF-B81C-4470-BDAE-655504CE52D8,\Microsoft\Windows\.NET Framework\.NET Framework NGEN v4.0.30319 64,,,NewInstanceIgnored
2026-05-23T11:35:51.592335Z,322,dc.scaffold.htb,Microsoft-Windows-TaskScheduler,Microsoft-Windows-TaskScheduler/Operational,5572,3,,,,,,,,,,,3064C9BF-B81C-4470-BDAE-655504CE52D8,\Microsoft\Windows\.NET Framework\.NET Framework NGEN v4.0.30319 64,,,NewInstanceIgnored
2026-05-23T11:35:51.592387Z,322,dc.scaffold.htb,Microsoft-Windows-TaskScheduler,Microsoft-Windows-TaskScheduler/Operational,5573,3,,,,,,,,,,,3064C9BF-B81C-4470-BDAE-655504CE52D8,\Microsoft\Windows\.NET Framework\.NET Framework NGEN v4.0.30319 64,,,NewInstanceIgnored
2026-05-23T11:35:51.592441Z,322,dc.scaffold.htb,Microsoft-Windows-TaskScheduler,Microsoft-Windows-TaskScheduler/Operational,5574,3,,,,,,,,,,,3064C9BF-B81C-4470-BDAE-655504CE52D8,\Microsoft\Windows\.NET Framework\.NET Framework NGEN v4.0.30319 64,,,NewInstanceIgnored
2026-05-23T11:35:51.592494Z,322,dc.scaffold.htb,Microsoft-Windows-TaskScheduler,Microsoft-Windows-TaskScheduler/Operational,5575,3,,,,,,,,,,,3064C9BF-B81C-4470-BDAE-655504CE52D8,\Microsoft\Windows\.NET Framework\.NET Framework NGEN v4.0.30319 64,,,NewInstanceIgnored
2026-05-23T11:35:51.592547Z,322,dc.scaffold.htb,Microsoft-Windows-TaskScheduler,Microsoft-Windows-TaskScheduler/Operational,5576,3,,,,,,,,,,,3064C9BF-B81C-4470-BDAE-655504CE52D8,\Microsoft\Windows\.NET Framework\.NET Framework NGEN v4.0.30319 64,,,NewInstanceIgnored
2026-05-23T11:35:51.592600Z,322,dc.scaffold.htb,Microsoft-Windows-TaskScheduler,Microsoft-Windows-TaskScheduler/Operational,5577,3,,,,,,,,,,,3064C9BF-B81C-4470-BDAE-655504CE52D8,\Microsoft\Windows\.NET Framework\.NET Framework NGEN v4.0.30319 64,,,NewInstanceIgnored
2026-05-23T11:35:51.592653Z,322,dc.scaffold.htb,Microsoft-Windows-TaskScheduler,Microsoft-Windows-TaskScheduler/Operational,5578,3,,,,,,,,,,,3064C9BF-B81C-4470-BDAE-655504CE52D8,\Microsoft\Windows\.NET Framework\.NET Framework NGEN v4.0.30319 64,,,NewInstanceIgnored
2026-05-23T11:35:51.592706Z,322,dc.scaffold.htb,Microsoft-Windows-TaskScheduler,Microsoft-Windows-TaskScheduler/Operational,5579,3,,,,,,,,,,,3064C9BF-B81C-4470-BDAE-655504CE52D8,\Microsoft\Windows\.NET Framework\.NET Framework NGEN v4.0.30319 64,,,NewInstanceIgnored
2026-05-23T11:35:51.592767Z,322,dc.scaffold.htb,Microsoft-Windows-TaskScheduler,Microsoft-Windows-TaskScheduler/Operational,5580,3,,,,,,,,,,,3064C9BF-B81C-4470-BDAE-655504CE52D8,\Microsoft\Windows\.NET Framework\.NET Framework NGEN v4.0.30319 64,,,NewInstanceIgnored
2026-05-23T11:35:51.592835Z,322,dc.scaffold.htb,Microsoft-Windows-TaskScheduler,Microsoft-Windows-TaskScheduler/Operational,5581,3,,,,,,,,,,,3064C9BF-B81C-4470-BDAE-655504CE52D8,\Microsoft\Windows\.NET Framework\.NET Framework NGEN v4.0.30319 64,,,NewInstanceIgnored
2026-05-23T11:35:51.592892Z,322,dc.scaffold.htb,Microsoft-Windows-TaskScheduler,Microsoft-Windows-TaskScheduler/Operational,5582,3,,,,,,,,,,,3064C9BF-B81C-4470-BDAE-655504CE52D8,\Microsoft\Windows\.NET Framework\.NET Framework NGEN v4.0.30319 64,,,NewInstanceIgnored
2026-05-23T11:35:51.592945Z,322,dc.scaffold.htb,Microsoft-Windows-TaskScheduler,Microsoft-Windows-TaskScheduler/Operational,5583,3,,,,,,,,,,,3064C9BF-B81C-4470-BDAE-655504CE52D8,\Microsoft\Windows\.NET Framework\.NET Framework NGEN v4.0.30319 64,,,NewInstanceIgnored
2026-05-23T11:35:51.592999Z,322,dc.scaffold.htb,Microsoft-Windows-TaskScheduler,Microsoft-Windows-TaskScheduler/Operational,5584,3,,,,,,,,,,,3064C9BF-B81C-4470-BDAE-655504CE52D8,\Microsoft\Windows\.NET Framework\.NET Framework NGEN v4.0.30319 64,,,NewInstanceIgnored
2026-05-23T11:35:51.593054Z,322,dc.scaffold.htb,Microsoft-Windows-TaskScheduler,Microsoft-Windows-TaskScheduler/Operational,5585,3,,,,,,,,,,,3064C9BF-B81C-4470-BDAE-655504CE52D8,\Microsoft\Windows\.NET Framework\.NET Framework NGEN v4.0.30319 64,,,NewInstanceIgnored
2026-05-23T11:35:51.593107Z,322,dc.scaffold.htb,Microsoft-Windows-TaskScheduler,Microsoft-Windows-TaskScheduler/Operational,5586,3,,,,,,,,,,,3064C9BF-B81C-4470-BDAE-655504CE52D8,\Microsoft\Windows\.NET Framework\.NET Framework NGEN v4.0.30319 64,,,NewInstanceIgnored
2026-05-23T11:35:51.593160Z,322,dc.scaffold.htb,Microsoft-Windows-TaskScheduler,Microsoft-Windows-TaskScheduler/Operational,5587,3,,,,,,,,,,,3064C9BF-B81C-4470-BDAE-655504CE52D8,\Microsoft\Windows\.NET Framework\.NET Framework NGEN v4.0.30319 64,,,NewInstanceIgnored
2026-05-23T11:35:51.593216Z,322,dc.scaffold.htb,Microsoft-Windows-TaskScheduler,Microsoft-Windows-TaskScheduler/Operational,5588,3,,,,,,,,,,,3064C9BF-B81C-4470-BDAE-655504CE52D8,\Microsoft\Windows\.NET Framework\.NET Framework NGEN v4.0.30319 64,,,NewInstanceIgnored
2026-05-23T11:35:51.593270Z,322,dc.scaffold.htb,Microsoft-Windows-TaskScheduler,Microsoft-Windows-TaskScheduler/Operational,5589,3,,,,,,,,,,,3064C9BF-B81C-4470-BDAE-655504CE52D8,\Microsoft\Windows\.NET Framework\.NET Framework NGEN v4.0.30319 64,,,NewInstanceIgnored
2026-05-23T11:35:51.593319Z,322,dc.scaffold.htb,Microsoft-Windows-TaskScheduler,Microsoft-Windows-TaskScheduler/Operational,5590,3,,,,,,,,,,,3064C9BF-B81C-4470-BDAE-655504CE52D8,\Microsoft\Windows\.NET Framework\.NET Framework NGEN v4.0.30319 64,,,NewInstanceIgnored
2026-05-23T11:35:51.593369Z,322,dc.scaffold.htb,Microsoft-Windows-TaskScheduler,Microsoft-Windows-TaskScheduler/Operational,5591,3,,,,,,,,,,,3064C9BF-B81C-4470-BDAE-655504CE52D8,\Microsoft\Windows\.NET Framework\.NET Framework NGEN v4.0.30319 64,,,NewInstanceIgnored
2026-05-23T11:35:51.593418Z,322,dc.scaffold.htb,Microsoft-Windows-TaskScheduler,Microsoft-Windows-TaskScheduler/Operational,5592,3,,,,,,,,,,,3064C9BF-B81C-4470-BDAE-655504CE52D8,\Microsoft\Windows\.NET Framework\.NET Framework NGEN v4.0.30319 64,,,NewInstanceIgnored
2026-05-23T11:35:51.593467Z,322,dc.scaffold.htb,Microsoft-Windows-TaskScheduler,Microsoft-Windows-TaskScheduler/Operational,5593,3,,,,,,,,,,,3064C9BF-B81C-4470-BDAE-655504CE52D8,\Microsoft\Windows\.NET Framework\.NET Framework NGEN v4.0.30319 64,,,NewInstanceIgnored
2026-05-23T11:35:51.593517Z,322,dc.scaffold.htb,Microsoft-Windows-TaskScheduler,Microsoft-Windows-TaskScheduler/Operational,5594,3,,,,,,,,,,,3064C9BF-B81C-4470-BDAE-655504CE52D8,\Microsoft\Windows\.NET Framework\.NET Framework NGEN v4.0.30319 64,,,NewInstanceIgnored
2026-05-23T11:35:51.593567Z,322,dc.scaffold.htb,Microsoft-Windows-TaskScheduler,Microsoft-Windows-TaskScheduler/Operational,5595,3,,,,,,,,,,,3064C9BF-B81C-4470-BDAE-655504CE52D8,\Microsoft\Windows\.NET Framework\.NET Framework NGEN v4.0.30319 64,,,NewInstanceIgnored
2026-05-23T11:35:51.593622Z,322,dc.scaffold.htb,Microsoft-Windows-TaskScheduler,Microsoft-Windows-TaskScheduler/Operational,5596,3,,,,,,,,,,,3064C9BF-B81C-4470-BDAE-655504CE52D8,\Microsoft\Windows\.NET Framework\.NET Framework NGEN v4.0.30319 64,,,NewInstanceIgnored
2026-05-23T11:35:51.593672Z,322,dc.scaffold.htb,Microsoft-Windows-TaskScheduler,Microsoft-Windows-TaskScheduler/Operational,5597,3,,,,,,,,,,,3064C9BF-B81C-4470-BDAE-655504CE52D8,\Microsoft\Windows\.NET Framework\.NET Framework NGEN v4.0.30319 64,,,NewInstanceIgnored
2026-05-23T11:35:51.593722Z,322,dc.scaffold.htb,Microsoft-Windows-TaskScheduler,Microsoft-Windows-TaskScheduler/Operational,5598,3,,,,,,,,,,,3064C9BF-B81C-4470-BDAE-655504CE52D8,\Microsoft\Windows\.NET Framework\.NET Framework NGEN v4.0.30319 64,,,NewInstanceIgnored
2026-05-23T11:35:51.593772Z,322,dc.scaffold.htb,Microsoft-Windows-TaskScheduler,Microsoft-Windows-TaskScheduler/Operational,5599,3,,,,,,,,,,,3064C9BF-B81C-4470-BDAE-655504CE52D8,\Microsoft\Windows\.NET Framework\.NET Framework NGEN v4.0.30319 64,,,NewInstanceIgnored
2026-05-23T11:35:51.593822Z,322,dc.scaffold.htb,Microsoft-Windows-TaskScheduler,Microsoft-Windows-TaskScheduler/Operational,5600,3,,,,,,,,,,,3064C9BF-B81C-4470-BDAE-655504CE52D8,\Microsoft\Windows\.NET Framework\.NET Framework NGEN v4.0.30319 64,,,NewInstanceIgnored
2026-05-23T11:35:51.593872Z,322,dc.scaffold.htb,Microsoft-Windows-TaskScheduler,Microsoft-Windows-TaskScheduler/Operational,5601,3,,,,,,,,,,,3064C9BF-B81C-4470-BDAE-655504CE52D8,\Microsoft\Windows\.NET Framework\.NET Framework NGEN v4.0.30319 64,,,NewInstanceIgnored
2026-05-23T11:35:51.593921Z,322,dc.scaffold.htb,Microsoft-Windows-TaskScheduler,Microsoft-Windows-TaskScheduler/Operational,5602,3,,,,,,,,,,,3064C9BF-B81C-4470-BDAE-655504CE52D8,\Microsoft\Windows\.NET Framework\.NET Framework NGEN v4.0.30319 64,,,NewInstanceIgnored
2026-05-23T11:35:51.593973Z,322,dc.scaffold.htb,Microsoft-Windows-TaskScheduler,Microsoft-Windows-TaskScheduler/Operational,5603,3,,,,,,,,,,,3064C9BF-B81C-4470-BDAE-655504CE52D8,\Microsoft\Windows\.NET Framework\.NET Framework NGEN v4.0.30319 64,,,NewInstanceIgnored
2026-05-23T11:35:51.594020Z,322,dc.scaffold.htb,Microsoft-Windows-TaskScheduler,Microsoft-Windows-TaskScheduler/Operational,5604,3,,,,,,,,,,,3064C9BF-B81C-4470-BDAE-655504CE52D8,\Microsoft\Windows\.NET Framework\.NET Framework NGEN v4.0.30319 64,,,NewInstanceIgnored
2026-05-23T11:35:51.594072Z,322,dc.scaffold.htb,Microsoft-Windows-TaskScheduler,Microsoft-Windows-TaskScheduler/Operational,5605,3,,,,,,,,,,,3064C9BF-B81C-4470-BDAE-655504CE52D8,\Microsoft\Windows\.NET Framework\.NET Framework NGEN v4.0.30319 64,,,NewInstanceIgnored
2026-05-23T11:35:51.594120Z,322,dc.scaffold.htb,Microsoft-Windows-TaskScheduler,Microsoft-Windows-TaskScheduler/Operational,5606,3,,,,,,,,,,,3064C9BF-B81C-4470-BDAE-655504CE52D8,\Microsoft\Windows\.NET Framework\.NET Framework NGEN v4.0.30319 64,,,NewInstanceIgnored
2026-05-23T11:35:51.594168Z,322,dc.scaffold.htb,Microsoft-Windows-TaskScheduler,Microsoft-Windows-TaskScheduler/Operational,5607,3,,,,,,,,,,,3064C9BF-B81C-4470-BDAE-655504CE52D8,\Microsoft\Windows\.NET Framework\.NET Framework NGEN v4.0.30319 64,,,NewInstanceIgnored
