2026-05-14T23:41:08.985807Z,202,dc.scaffold.htb,Microsoft-Windows-TaskScheduler,Microsoft-Windows-TaskScheduler/Operational,1309,2,Wininet Cache task object,4980,,,,,,,2147942404,,AB0A412B-DAB0-4C86-9A7D-E9F1429648FF,\Microsoft\Windows\Wininet\CacheTask,,,ActionFailure
2026-05-14T23:41:08.985809Z,103,dc.scaffold.htb,Microsoft-Windows-TaskScheduler,Microsoft-Windows-TaskScheduler/Operational,1310,2,,,AB0A412B-DAB0-4C86-9A7D-E9F1429648FF,,,,,,2147942404,,,\Microsoft\Windows\Wininet\CacheTask,,,TaskFailureEvent
2026-05-14T23:41:09.219604Z,201,dc.scaffold.htb,Microsoft-Windows-TaskScheduler,Microsoft-Windows-TaskScheduler/Operational,1311,4,C:\Program Files (x86)\Microsoft\EdgeUpdate\MicrosoftEdgeUpdate.exe,1204,,,,,,,2147943691,,BAFFA17E-1037-4B04-8489-777A2DA4DF8F,\MicrosoftEdgeUpdateTaskMachineCore,,,ActionSuccess
2026-05-14T23:41:09.219844Z,102,dc.scaffold.htb,Microsoft-Windows-TaskScheduler,Microsoft-Windows-TaskScheduler/Operational,1312,4,,,BAFFA17E-1037-4B04-8489-777A2DA4DF8F,,,,,,,,,\MicrosoftEdgeUpdateTaskMachineCore,NT AUTHORITY\SYSTEM,,TaskSuccessEvent
2026-05-14T23:41:09.219874Z,111,dc.scaffold.htb,Microsoft-Windows-TaskScheduler,Microsoft-Windows-TaskScheduler/Operational,1313,4,,,BAFFA17E-1037-4B04-8489-777A2DA4DF8F,,,,,,,,,\MicrosoftEdgeUpdateTaskMachineCore,,,TaskTerminationEvent
2026-05-14T23:41:09.219904Z,201,dc.scaffold.htb,Microsoft-Windows-TaskScheduler,Microsoft-Windows-TaskScheduler/Operational,1314,4,%windir%\system32\compattelrunner.exe,5920,,,,,,,2147943691,,B09F2DFF-C1C4-432D-A84D-51AB0FE64700,\Microsoft\Windows\Application Experience\ProgramDataUpdater,,,ActionSuccess
2026-05-14T23:41:09.219963Z,102,dc.scaffold.htb,Microsoft-Windows-TaskScheduler,Microsoft-Windows-TaskScheduler/Operational,1315,4,,,B09F2DFF-C1C4-432D-A84D-51AB0FE64700,,,,,,,,,\Microsoft\Windows\Application Experience\ProgramDataUpdater,NT AUTHORITY\SYSTEM,,TaskSuccessEvent
2026-05-14T23:41:09.219971Z,111,dc.scaffold.htb,Microsoft-Windows-TaskScheduler,Microsoft-Windows-TaskScheduler/Operational,1316,4,,,B09F2DFF-C1C4-432D-A84D-51AB0FE64700,,,,,,,,,\Microsoft\Windows\Application Experience\ProgramDataUpdater,,,TaskTerminationEvent
2026-05-14T23:41:09.316265Z,140,dc.scaffold.htb,Microsoft-Windows-TaskScheduler,Microsoft-Windows-TaskScheduler/Operational,1317,4,,,,,,,,,,,,\Microsoft\Windows\WindowsUpdate\Scheduled Start,,NT AUTHORITY\SYSTEM,TaskUpdated
2026-05-14T23:41:10.498226Z,402,dc.scaffold.htb,Microsoft-Windows-TaskScheduler,Microsoft-Windows-TaskScheduler/Operational,1318,4,,,,ServiceStopEvent,,,,,,,,,,,
2026-05-15T14:55:11.402139Z,700,dc.scaffold.htb,Microsoft-Windows-TaskScheduler,Microsoft-Windows-TaskScheduler/Operational,1319,4,,,,CompatibilityAdapterLaunch,,,,,,,,,,,
2026-05-15T14:55:11.463452Z,400,dc.scaffold.htb,Microsoft-Windows-TaskScheduler,Microsoft-Windows-TaskScheduler/Operational,1320,4,,,,ServiceStartEvent,,,,,,,,,,,
2026-05-15T14:55:11.627805Z,118,dc.scaffold.htb,Microsoft-Windows-TaskScheduler,Microsoft-Windows-TaskScheduler/Operational,1321,4,,,BFB05BB7-7FC7-414C-9FF5-86AD1B569013,,,,,,,,,\Microsoft\Windows\ExploitGuard\ExploitGuard MDM policy Refresh,,,BootTrigger
2026-05-15T14:55:11.632959Z,129,dc.scaffold.htb,Microsoft-Windows-TaskScheduler,Microsoft-Windows-TaskScheduler/Operational,1322,4,,,,,%windir%\system32\dxgiadaptercache.exe,16384,2188,,,,,\Microsoft\Windows\DirectX\DXGIAdapterCache,,,CreatedTaskProcess
2026-05-15T14:55:11.633431Z,100,dc.scaffold.htb,Microsoft-Windows-TaskScheduler,Microsoft-Windows-TaskScheduler/Operational,1323,4,,,79B568E3-C501-44DA-A932-E9FF5B7BFDFD,,,,,,,,,\Microsoft\Windows\DirectX\DXGIAdapterCache,NT AUTHORITY\SYSTEM,,TaskStartEvent
2026-05-15T14:55:11.633434Z,200,dc.scaffold.htb,Microsoft-Windows-TaskScheduler,Microsoft-Windows-TaskScheduler/Operational,1324,4,%windir%\system32\dxgiadaptercache.exe,2188,,,,,,,,,79B568E3-C501-44DA-A932-E9FF5B7BFDFD,\Microsoft\Windows\DirectX\DXGIAdapterCache,,,ActionStart
2026-05-15T14:55:11.635333Z,129,dc.scaffold.htb,Microsoft-Windows-TaskScheduler,Microsoft-Windows-TaskScheduler/Operational,1325,4,,,,,taskhostw.exe,16384,2196,,,,,\Microsoft\Windows\ExploitGuard\ExploitGuard MDM policy Refresh,,,CreatedTaskProcess
2026-05-15T14:55:11.635570Z,100,dc.scaffold.htb,Microsoft-Windows-TaskScheduler,Microsoft-Windows-TaskScheduler/Operational,1326,4,,,BFB05BB7-7FC7-414C-9FF5-86AD1B569013,,,,,,,,,\Microsoft\Windows\ExploitGuard\ExploitGuard MDM policy Refresh,NT AUTHORITY\SYSTEM,,TaskStartEvent
2026-05-15T14:55:11.635573Z,200,dc.scaffold.htb,Microsoft-Windows-TaskScheduler,Microsoft-Windows-TaskScheduler/Operational,1327,4,,2196,,,,,,,,,BFB05BB7-7FC7-414C-9FF5-86AD1B569013,\Microsoft\Windows\ExploitGuard\ExploitGuard MDM policy Refresh,,,ActionStart
2026-05-15T14:55:11.890042Z,101,dc.scaffold.htb,Microsoft-Windows-TaskScheduler,Microsoft-Windows-TaskScheduler/Operational,1328,2,,,,,,,,,2147943568,,,\Microsoft\Windows\Workplace Join\Automatic-Device-Join,(default user),,TaskStartFailedEvent
2026-05-15T14:55:12.100795Z,100,dc.scaffold.htb,Microsoft-Windows-TaskScheduler,Microsoft-Windows-TaskScheduler/Operational,1329,4,,,8A6AAC38-4516-48CA-9F17-091A3AAD6505,,,,,,,,,\Microsoft\Windows\WwanSvc\OobeDiscovery,NT AUTHORITY\SYSTEM,,TaskStartEvent
2026-05-15T14:55:12.100797Z,200,dc.scaffold.htb,Microsoft-Windows-TaskScheduler,Microsoft-Windows-TaskScheduler/Operational,1330,4,OobeEsimTaskManager,2196,,,,,,,,,8A6AAC38-4516-48CA-9F17-091A3AAD6505,\Microsoft\Windows\WwanSvc\OobeDiscovery,,,ActionStart
2026-05-15T14:55:12.183761Z,129,dc.scaffold.htb,Microsoft-Windows-TaskScheduler,Microsoft-Windows-TaskScheduler/Operational,1331,4,,,,,taskhostw.exe,16384,2640,,,,,\Microsoft\Windows\Time Synchronization\ForceSynchronizeTime,,,CreatedTaskProcess
2026-05-15T14:55:12.183936Z,100,dc.scaffold.htb,Microsoft-Windows-TaskScheduler,Microsoft-Windows-TaskScheduler/Operational,1332,4,,,8B19A66C-C894-46A6-8A15-016E733876A6,,,,,,,,,\Microsoft\Windows\Time Synchronization\ForceSynchronizeTime,(NONE),,TaskStartEvent
2026-05-15T14:55:12.183937Z,200,dc.scaffold.htb,Microsoft-Windows-TaskScheduler,Microsoft-Windows-TaskScheduler/Operational,1333,4,Time Synchronization Task Handler,2640,,,,,,,,,8B19A66C-C894-46A6-8A15-016E733876A6,\Microsoft\Windows\Time Synchronization\ForceSynchronizeTime,,,ActionStart
2026-05-15T14:55:12.220652Z,201,dc.scaffold.htb,Microsoft-Windows-TaskScheduler,Microsoft-Windows-TaskScheduler/Operational,1334,4,Time Synchronization Task Handler,2640,,,,,,,0,,8B19A66C-C894-46A6-8A15-016E733876A6,\Microsoft\Windows\Time Synchronization\ForceSynchronizeTime,,,ActionSuccess
2026-05-15T14:55:12.220654Z,102,dc.scaffold.htb,Microsoft-Windows-TaskScheduler,Microsoft-Windows-TaskScheduler/Operational,1335,4,,,8B19A66C-C894-46A6-8A15-016E733876A6,,,,,,,,,\Microsoft\Windows\Time Synchronization\ForceSynchronizeTime,(NONE),,TaskSuccessEvent
2026-05-15T14:55:12.224242Z,201,dc.scaffold.htb,Microsoft-Windows-TaskScheduler,Microsoft-Windows-TaskScheduler/Operational,1336,4,%windir%\system32\dxgiadaptercache.exe,2188,,,,,,,0,,79B568E3-C501-44DA-A932-E9FF5B7BFDFD,\Microsoft\Windows\DirectX\DXGIAdapterCache,,,ActionSuccess
2026-05-15T14:55:12.224476Z,102,dc.scaffold.htb,Microsoft-Windows-TaskScheduler,Microsoft-Windows-TaskScheduler/Operational,1337,4,,,79B568E3-C501-44DA-A932-E9FF5B7BFDFD,,,,,,,,,\Microsoft\Windows\DirectX\DXGIAdapterCache,NT AUTHORITY\SYSTEM,,TaskSuccessEvent
2026-05-15T14:55:12.247097Z,201,dc.scaffold.htb,Microsoft-Windows-TaskScheduler,Microsoft-Windows-TaskScheduler/Operational,1338,4,,2196,,,,,,,0,,BFB05BB7-7FC7-414C-9FF5-86AD1B569013,\Microsoft\Windows\ExploitGuard\ExploitGuard MDM policy Refresh,,,ActionSuccess
2026-05-15T14:55:12.247100Z,102,dc.scaffold.htb,Microsoft-Windows-TaskScheduler,Microsoft-Windows-TaskScheduler/Operational,1339,4,,,BFB05BB7-7FC7-414C-9FF5-86AD1B569013,,,,,,,,,\Microsoft\Windows\ExploitGuard\ExploitGuard MDM policy Refresh,NT AUTHORITY\SYSTEM,,TaskSuccessEvent
2026-05-15T14:55:12.325820Z,201,dc.scaffold.htb,Microsoft-Windows-TaskScheduler,Microsoft-Windows-TaskScheduler/Operational,1340,4,OobeEsimTaskManager,2196,,,,,,,0,,8A6AAC38-4516-48CA-9F17-091A3AAD6505,\Microsoft\Windows\WwanSvc\OobeDiscovery,,,ActionSuccess
2026-05-15T14:55:12.325822Z,102,dc.scaffold.htb,Microsoft-Windows-TaskScheduler,Microsoft-Windows-TaskScheduler/Operational,1341,4,,,8A6AAC38-4516-48CA-9F17-091A3AAD6505,,,,,,,,,\Microsoft\Windows\WwanSvc\OobeDiscovery,NT AUTHORITY\SYSTEM,,TaskSuccessEvent
2026-05-15T14:55:12.905551Z,325,dc.scaffold.htb,Microsoft-Windows-TaskScheduler,Microsoft-Windows-TaskScheduler/Operational,1342,3,,,,,,,,DEACC921-F0B6-4BAD-8068-286FEA89A7A8,,,,\Microsoft\Windows\Workplace Join\Automatic-Device-Join,,,TaskInstanceQueued
2026-05-15T14:55:12.909817Z,129,dc.scaffold.htb,Microsoft-Windows-TaskScheduler,Microsoft-Windows-TaskScheduler/Operational,1343,4,,,,,%SystemRoot%\System32\dsregcmd.exe,16384,2716,,,,,\Microsoft\Windows\Workplace Join\Automatic-Device-Join,,,CreatedTaskProcess
2026-05-15T14:55:12.909970Z,100,dc.scaffold.htb,Microsoft-Windows-TaskScheduler,Microsoft-Windows-TaskScheduler/Operational,1344,4,,,DEACC921-F0B6-4BAD-8068-286FEA89A7A8,,,,,,,,,\Microsoft\Windows\Workplace Join\Automatic-Device-Join,NT AUTHORITY\SYSTEM,,TaskStartEvent
2026-05-15T14:55:12.909971Z,200,dc.scaffold.htb,Microsoft-Windows-TaskScheduler,Microsoft-Windows-TaskScheduler/Operational,1345,4,%SystemRoot%\System32\dsregcmd.exe,2716,,,,,,,,,DEACC921-F0B6-4BAD-8068-286FEA89A7A8,\Microsoft\Windows\Workplace Join\Automatic-Device-Join,,,ActionStart
2026-05-15T14:55:12.910089Z,110,dc.scaffold.htb,Microsoft-Windows-TaskScheduler,Microsoft-Windows-TaskScheduler/Operational,1346,4,,,DEACC921-F0B6-4BAD-8068-286FEA89A7A8,,,,,,,,,\Microsoft\Windows\Workplace Join\Automatic-Device-Join,System,,TaskRunEvent
2026-05-15T14:55:22.097176Z,118,dc.scaffold.htb,Microsoft-Windows-TaskScheduler,Microsoft-Windows-TaskScheduler/Operational,1347,4,,,85056033-F17C-4F50-877E-327C7608D48B,,,,,,,,,\Microsoft\Windows\CertificateServicesClient\SystemTask,,,BootTrigger
2026-05-15T14:55:22.110164Z,129,dc.scaffold.htb,Microsoft-Windows-TaskScheduler,Microsoft-Windows-TaskScheduler/Operational,1348,4,,,,,taskhostw.exe,16384,4256,,,,,\Microsoft\Windows\CertificateServicesClient\SystemTask,,,CreatedTaskProcess
2026-05-15T14:55:22.110559Z,100,dc.scaffold.htb,Microsoft-Windows-TaskScheduler,Microsoft-Windows-TaskScheduler/Operational,1349,4,,,85056033-F17C-4F50-877E-327C7608D48B,,,,,,,,,\Microsoft\Windows\CertificateServicesClient\SystemTask,NT AUTHORITY\SYSTEM,,TaskStartEvent
2026-05-15T14:55:22.110561Z,200,dc.scaffold.htb,Microsoft-Windows-TaskScheduler,Microsoft-Windows-TaskScheduler/Operational,1350,4,Certificate Services Client Task Handler,4256,,,,,,,,,85056033-F17C-4F50-877E-327C7608D48B,\Microsoft\Windows\CertificateServicesClient\SystemTask,,,ActionStart
2026-05-15T14:55:51.239710Z,201,dc.scaffold.htb,Microsoft-Windows-TaskScheduler,Microsoft-Windows-TaskScheduler/Operational,1351,4,%SystemRoot%\System32\dsregcmd.exe,2716,,,,,,,0,,DEACC921-F0B6-4BAD-8068-286FEA89A7A8,\Microsoft\Windows\Workplace Join\Automatic-Device-Join,,,ActionSuccess
2026-05-15T14:55:51.239829Z,102,dc.scaffold.htb,Microsoft-Windows-TaskScheduler,Microsoft-Windows-TaskScheduler/Operational,1352,4,,,DEACC921-F0B6-4BAD-8068-286FEA89A7A8,,,,,,,,,\Microsoft\Windows\Workplace Join\Automatic-Device-Join,NT AUTHORITY\SYSTEM,,TaskSuccessEvent
2026-05-15T14:55:52.207332Z,140,dc.scaffold.htb,Microsoft-Windows-TaskScheduler,Microsoft-Windows-TaskScheduler/Operational,1353,4,,,,,,,,,,,,\Microsoft\Windows\SoftwareProtectionPlatform\SvcRestartTask,,SCAFFOLD\DC$,TaskUpdated
2026-05-15T14:56:00.948815Z,201,dc.scaffold.htb,Microsoft-Windows-TaskScheduler,Microsoft-Windows-TaskScheduler/Operational,1354,4,Certificate Services Client Task Handler,4256,,,,,,,0,,85056033-F17C-4F50-877E-327C7608D48B,\Microsoft\Windows\CertificateServicesClient\SystemTask,,,ActionSuccess
2026-05-15T14:56:00.948817Z,102,dc.scaffold.htb,Microsoft-Windows-TaskScheduler,Microsoft-Windows-TaskScheduler/Operational,1355,4,,,85056033-F17C-4F50-877E-327C7608D48B,,,,,,,,,\Microsoft\Windows\CertificateServicesClient\SystemTask,NT AUTHORITY\SYSTEM,,TaskSuccessEvent
2026-05-15T14:56:12.091262Z,118,dc.scaffold.htb,Microsoft-Windows-TaskScheduler,Microsoft-Windows-TaskScheduler/Operational,1356,4,,,E81F38BF-FBFD-45D0-A626-51B76F8BD522,,,,,,,,,\Microsoft\Windows\Software Inventory Logging\Configuration,,,BootTrigger
2026-05-15T14:56:12.092827Z,118,dc.scaffold.htb,Microsoft-Windows-TaskScheduler,Microsoft-Windows-TaskScheduler/Operational,1357,4,,,26D227CB-16FE-4CE2-8827-924CDFC56128,,,,,,,,,\Microsoft\Windows\DirectX\DXGIAdapterCache,,,BootTrigger
2026-05-15T14:56:12.095433Z,129,dc.scaffold.htb,Microsoft-Windows-TaskScheduler,Microsoft-Windows-TaskScheduler/Operational,1358,4,,,,,%systemroot%\system32\cmd.exe,16384,6012,,,,,\Microsoft\Windows\Software Inventory Logging\Configuration,,,CreatedTaskProcess
2026-05-15T14:56:12.095481Z,129,dc.scaffold.htb,Microsoft-Windows-TaskScheduler,Microsoft-Windows-TaskScheduler/Operational,1359,4,,,,,%windir%\system32\dxgiadaptercache.exe,16384,6020,,,,,\Microsoft\Windows\DirectX\DXGIAdapterCache,,,CreatedTaskProcess
2026-05-15T14:56:12.095588Z,100,dc.scaffold.htb,Microsoft-Windows-TaskScheduler,Microsoft-Windows-TaskScheduler/Operational,1360,4,,,E81F38BF-FBFD-45D0-A626-51B76F8BD522,,,,,,,,,\Microsoft\Windows\Software Inventory Logging\Configuration,NT AUTHORITY\SYSTEM,,TaskStartEvent
2026-05-15T14:56:12.095590Z,200,dc.scaffold.htb,Microsoft-Windows-TaskScheduler,Microsoft-Windows-TaskScheduler/Operational,1361,4,%systemroot%\system32\cmd.exe,6012,,,,,,,,,E81F38BF-FBFD-45D0-A626-51B76F8BD522,\Microsoft\Windows\Software Inventory Logging\Configuration,,,ActionStart
2026-05-15T14:56:12.095617Z,100,dc.scaffold.htb,Microsoft-Windows-TaskScheduler,Microsoft-Windows-TaskScheduler/Operational,1362,4,,,26D227CB-16FE-4CE2-8827-924CDFC56128,,,,,,,,,\Microsoft\Windows\DirectX\DXGIAdapterCache,NT AUTHORITY\SYSTEM,,TaskStartEvent
2026-05-15T14:56:12.095618Z,200,dc.scaffold.htb,Microsoft-Windows-TaskScheduler,Microsoft-Windows-TaskScheduler/Operational,1363,4,%windir%\system32\dxgiadaptercache.exe,6020,,,,,,,,,26D227CB-16FE-4CE2-8827-924CDFC56128,\Microsoft\Windows\DirectX\DXGIAdapterCache,,,ActionStart
2026-05-15T14:56:12.110710Z,201,dc.scaffold.htb,Microsoft-Windows-TaskScheduler,Microsoft-Windows-TaskScheduler/Operational,1364,4,%windir%\system32\dxgiadaptercache.exe,6020,,,,,,,0,,26D227CB-16FE-4CE2-8827-924CDFC56128,\Microsoft\Windows\DirectX\DXGIAdapterCache,,,ActionSuccess
2026-05-15T14:56:12.110818Z,102,dc.scaffold.htb,Microsoft-Windows-TaskScheduler,Microsoft-Windows-TaskScheduler/Operational,1365,4,,,26D227CB-16FE-4CE2-8827-924CDFC56128,,,,,,,,,\Microsoft\Windows\DirectX\DXGIAdapterCache,NT AUTHORITY\SYSTEM,,TaskSuccessEvent
2026-05-15T14:56:12.240772Z,201,dc.scaffold.htb,Microsoft-Windows-TaskScheduler,Microsoft-Windows-TaskScheduler/Operational,1366,4,%systemroot%\system32\cmd.exe,6012,,,,,,,0,,E81F38BF-FBFD-45D0-A626-51B76F8BD522,\Microsoft\Windows\Software Inventory Logging\Configuration,,,ActionSuccess
2026-05-15T14:56:12.240882Z,102,dc.scaffold.htb,Microsoft-Windows-TaskScheduler,Microsoft-Windows-TaskScheduler/Operational,1367,4,,,E81F38BF-FBFD-45D0-A626-51B76F8BD522,,,,,,,,,\Microsoft\Windows\Software Inventory Logging\Configuration,NT AUTHORITY\SYSTEM,,TaskSuccessEvent
2026-05-15T14:56:36.895052Z,119,dc.scaffold.htb,Microsoft-Windows-TaskScheduler,Microsoft-Windows-TaskScheduler/Operational,1368,4,,,6A4D0FE2-AE24-46C7-8089-7B3F6608159D,,,,,,,,,\Microsoft\Windows\CertificateServicesClient\UserTask,,SCAFFOLD\Administrator,LogonTrigger
2026-05-15T14:56:36.895091Z,119,dc.scaffold.htb,Microsoft-Windows-TaskScheduler,Microsoft-Windows-TaskScheduler/Operational,1369,4,,,65D749F0-8919-4174-94C7-CF08C0F8B77A,,,,,,,,,\Microsoft\Windows\Server Manager\ServerManager,,SCAFFOLD\Administrator,LogonTrigger
2026-05-15T14:56:36.897411Z,119,dc.scaffold.htb,Microsoft-Windows-TaskScheduler,Microsoft-Windows-TaskScheduler/Operational,1370,4,,,C90D390C-1347-4117-B2AE-7478CA875A7A,,,,,,,,,\Microsoft\Windows\WindowsColorSystem\Calibration Loader,,SCAFFOLD\Administrator,LogonTrigger
2026-05-15T14:56:36.897439Z,119,dc.scaffold.htb,Microsoft-Windows-TaskScheduler,Microsoft-Windows-TaskScheduler/Operational,1371,4,,,4A36423F-2410-496B-BDB3-5ABBCA6345F1,,,,,,,,,\Microsoft\Windows\TextServicesFramework\MsCtfMonitor,,SCAFFOLD\Administrator,LogonTrigger
2026-05-15T14:56:36.898042Z,119,dc.scaffold.htb,Microsoft-Windows-TaskScheduler,Microsoft-Windows-TaskScheduler/Operational,1372,4,,,CBA0410F-B02B-4333-B27F-233DA4B44208,,,,,,,,,\Microsoft\Windows\Wininet\CacheTask,,SCAFFOLD\Administrator,LogonTrigger
2026-05-15T14:56:36.899141Z,129,dc.scaffold.htb,Microsoft-Windows-TaskScheduler,Microsoft-Windows-TaskScheduler/Operational,1373,4,,,,,taskhostw.exe,32,604,,,,,\Microsoft\Windows\CertificateServicesClient\UserTask,,,CreatedTaskProcess
2026-05-15T14:56:36.899233Z,129,dc.scaffold.htb,Microsoft-Windows-TaskScheduler,Microsoft-Windows-TaskScheduler/Operational,1374,4,,,,,%windir%\system32\ServerManagerLauncher.exe,32,4904,,,,,\Microsoft\Windows\Server Manager\ServerManager,,,CreatedTaskProcess
2026-05-15T14:56:36.899335Z,100,dc.scaffold.htb,Microsoft-Windows-TaskScheduler,Microsoft-Windows-TaskScheduler/Operational,1375,4,,,6A4D0FE2-AE24-46C7-8089-7B3F6608159D,,,,,,,,,\Microsoft\Windows\CertificateServicesClient\UserTask,SCAFFOLD\Administrator,,TaskStartEvent
2026-05-15T14:56:36.899336Z,200,dc.scaffold.htb,Microsoft-Windows-TaskScheduler,Microsoft-Windows-TaskScheduler/Operational,1376,4,Certificate Services Client Task Handler,604,,,,,,,,,6A4D0FE2-AE24-46C7-8089-7B3F6608159D,\Microsoft\Windows\CertificateServicesClient\UserTask,,,ActionStart
2026-05-15T14:56:36.899441Z,100,dc.scaffold.htb,Microsoft-Windows-TaskScheduler,Microsoft-Windows-TaskScheduler/Operational,1377,4,,,65D749F0-8919-4174-94C7-CF08C0F8B77A,,,,,,,,,\Microsoft\Windows\Server Manager\ServerManager,SCAFFOLD\Administrator,,TaskStartEvent
2026-05-15T14:56:36.899442Z,200,dc.scaffold.htb,Microsoft-Windows-TaskScheduler,Microsoft-Windows-TaskScheduler/Operational,1378,4,%windir%\system32\ServerManagerLauncher.exe,4904,,,,,,,,,65D749F0-8919-4174-94C7-CF08C0F8B77A,\Microsoft\Windows\Server Manager\ServerManager,,,ActionStart
2026-05-15T14:56:36.900041Z,119,dc.scaffold.htb,Microsoft-Windows-TaskScheduler,Microsoft-Windows-TaskScheduler/Operational,1379,4,,,6025B7DB-B4DC-4A32-B927-E3E317ADF30D,,,,,,,,,\MicrosoftEdgeUpdateTaskMachineCore,,SCAFFOLD\Administrator,LogonTrigger
2026-05-15T14:56:36.912313Z,119,dc.scaffold.htb,Microsoft-Windows-TaskScheduler,Microsoft-Windows-TaskScheduler/Operational,1380,4,,,F45E8E6C-C1F7-4F42-87E8-9C9A0CB7631D,,,,,,,,,\Microsoft\Windows\Plug and Play\Device Install Reboot Required,,SCAFFOLD\Administrator,LogonTrigger
2026-05-15T14:56:36.915383Z,129,dc.scaffold.htb,Microsoft-Windows-TaskScheduler,Microsoft-Windows-TaskScheduler/Operational,1381,4,,,,,taskhostw.exe,32,4956,,,,,\Microsoft\Windows\Plug and Play\Device Install Reboot Required,,,CreatedTaskProcess
2026-05-15T14:56:36.915619Z,100,dc.scaffold.htb,Microsoft-Windows-TaskScheduler,Microsoft-Windows-TaskScheduler/Operational,1382,4,,,F45E8E6C-C1F7-4F42-87E8-9C9A0CB7631D,,,,,,,,,\Microsoft\Windows\Plug and Play\Device Install Reboot Required,SCAFFOLD\Administrator,,TaskStartEvent
2026-05-15T14:56:36.915620Z,200,dc.scaffold.htb,Microsoft-Windows-TaskScheduler,Microsoft-Windows-TaskScheduler/Operational,1383,4,Device Installation Reboot Dialog Task,4956,,,,,,,,,F45E8E6C-C1F7-4F42-87E8-9C9A0CB7631D,\Microsoft\Windows\Plug and Play\Device Install Reboot Required,,,ActionStart
2026-05-15T14:56:36.921812Z,129,dc.scaffold.htb,Microsoft-Windows-TaskScheduler,Microsoft-Windows-TaskScheduler/Operational,1384,4,,,,,C:\Program Files (x86)\Microsoft\EdgeUpdate\MicrosoftEdgeUpdate.exe,32,5012,,,,,\MicrosoftEdgeUpdateTaskMachineCore,,,CreatedTaskProcess
2026-05-15T14:56:36.922033Z,100,dc.scaffold.htb,Microsoft-Windows-TaskScheduler,Microsoft-Windows-TaskScheduler/Operational,1385,4,,,6025B7DB-B4DC-4A32-B927-E3E317ADF30D,,,,,,,,,\MicrosoftEdgeUpdateTaskMachineCore,NT AUTHORITY\SYSTEM,,TaskStartEvent
2026-05-15T14:56:36.922035Z,200,dc.scaffold.htb,Microsoft-Windows-TaskScheduler,Microsoft-Windows-TaskScheduler/Operational,1386,4,C:\Program Files (x86)\Microsoft\EdgeUpdate\MicrosoftEdgeUpdate.exe,5012,,,,,,,,,6025B7DB-B4DC-4A32-B927-E3E317ADF30D,\MicrosoftEdgeUpdateTaskMachineCore,,,ActionStart
2026-05-15T14:56:37.005104Z,100,dc.scaffold.htb,Microsoft-Windows-TaskScheduler,Microsoft-Windows-TaskScheduler/Operational,1387,4,,,C90D390C-1347-4117-B2AE-7478CA875A7A,,,,,,,,,\Microsoft\Windows\WindowsColorSystem\Calibration Loader,SCAFFOLD\Administrator,,TaskStartEvent
2026-05-15T14:56:37.005107Z,200,dc.scaffold.htb,Microsoft-Windows-TaskScheduler,Microsoft-Windows-TaskScheduler/Operational,1388,4,Color Calibration Loader,604,,,,,,,,,C90D390C-1347-4117-B2AE-7478CA875A7A,\Microsoft\Windows\WindowsColorSystem\Calibration Loader,,,ActionStart
2026-05-15T14:56:37.007252Z,129,dc.scaffold.htb,Microsoft-Windows-TaskScheduler,Microsoft-Windows-TaskScheduler/Operational,1389,4,,,,,taskhostw.exe,32,1396,,,,,\Microsoft\Windows\TextServicesFramework\MsCtfMonitor,,,CreatedTaskProcess
2026-05-15T14:56:37.007542Z,100,dc.scaffold.htb,Microsoft-Windows-TaskScheduler,Microsoft-Windows-TaskScheduler/Operational,1390,4,,,4A36423F-2410-496B-BDB3-5ABBCA6345F1,,,,,,,,,\Microsoft\Windows\TextServicesFramework\MsCtfMonitor,SCAFFOLD\Administrator,,TaskStartEvent
2026-05-15T14:56:37.007543Z,200,dc.scaffold.htb,Microsoft-Windows-TaskScheduler,Microsoft-Windows-TaskScheduler/Operational,1391,4,MsCtfMonitor task handler,1396,,,,,,,,,4A36423F-2410-496B-BDB3-5ABBCA6345F1,\Microsoft\Windows\TextServicesFramework\MsCtfMonitor,,,ActionStart
2026-05-15T14:56:37.053936Z,201,dc.scaffold.htb,Microsoft-Windows-TaskScheduler,Microsoft-Windows-TaskScheduler/Operational,1392,4,MsCtfMonitor task handler,1396,,,,,,,0,,4A36423F-2410-496B-BDB3-5ABBCA6345F1,\Microsoft\Windows\TextServicesFramework\MsCtfMonitor,,,ActionSuccess
2026-05-15T14:56:37.053937Z,102,dc.scaffold.htb,Microsoft-Windows-TaskScheduler,Microsoft-Windows-TaskScheduler/Operational,1393,4,,,4A36423F-2410-496B-BDB3-5ABBCA6345F1,,,,,,,,,\Microsoft\Windows\TextServicesFramework\MsCtfMonitor,SCAFFOLD\Administrator,,TaskSuccessEvent
2026-05-15T14:56:37.116026Z,129,dc.scaffold.htb,Microsoft-Windows-TaskScheduler,Microsoft-Windows-TaskScheduler/Operational,1394,4,,,,,taskhostw.exe,32,6064,,,,,\Microsoft\Windows\Wininet\CacheTask,,,CreatedTaskProcess
2026-05-15T14:56:37.116250Z,100,dc.scaffold.htb,Microsoft-Windows-TaskScheduler,Microsoft-Windows-TaskScheduler/Operational,1395,4,,,CBA0410F-B02B-4333-B27F-233DA4B44208,,,,,,,,,\Microsoft\Windows\Wininet\CacheTask,SCAFFOLD\Administrator,,TaskStartEvent
2026-05-15T14:56:37.116251Z,200,dc.scaffold.htb,Microsoft-Windows-TaskScheduler,Microsoft-Windows-TaskScheduler/Operational,1396,4,Wininet Cache task object,6064,,,,,,,,,CBA0410F-B02B-4333-B27F-233DA4B44208,\Microsoft\Windows\Wininet\CacheTask,,,ActionStart
2026-05-15T14:56:37.239814Z,141,dc.scaffold.htb,Microsoft-Windows-TaskScheduler,Microsoft-Windows-TaskScheduler/Operational,1397,4,,,,,,,,,,,,\CreateExplorerShellUnelevatedTask,,SCAFFOLD\Administrator,TaskDeleted
2026-05-15T14:56:37.247349Z,106,dc.scaffold.htb,Microsoft-Windows-TaskScheduler,Microsoft-Windows-TaskScheduler/Operational,1398,4,,,,,,,,,,,,\CreateExplorerShellUnelevatedTask,SCAFFOLD\Administrator,,TaskRegisteredEvent
2026-05-15T14:56:37.247350Z,140,dc.scaffold.htb,Microsoft-Windows-TaskScheduler,Microsoft-Windows-TaskScheduler/Operational,1399,4,,,,,,,,,,,,\CreateExplorerShellUnelevatedTask,,SCAFFOLD\Administrator,TaskUpdated
2026-05-15T14:56:37.247670Z,109,dc.scaffold.htb,Microsoft-Windows-TaskScheduler,Microsoft-Windows-TaskScheduler/Operational,1400,4,,,B158C42A-C1D9-481E-A3E8-BBCEB5D25E38,,,,,,,,,\CreateExplorerShellUnelevatedTask,,,RegistrationTriggerEvent
2026-05-15T14:56:37.250795Z,129,dc.scaffold.htb,Microsoft-Windows-TaskScheduler,Microsoft-Windows-TaskScheduler/Operational,1401,4,,,,,C:\Windows\Explorer.EXE,32,2992,,,,,\CreateExplorerShellUnelevatedTask,,,CreatedTaskProcess
2026-05-15T14:56:37.251071Z,100,dc.scaffold.htb,Microsoft-Windows-TaskScheduler,Microsoft-Windows-TaskScheduler/Operational,1402,4,,,B158C42A-C1D9-481E-A3E8-BBCEB5D25E38,,,,,,,,,\CreateExplorerShellUnelevatedTask,SCAFFOLD\Administrator,,TaskStartEvent
2026-05-15T14:56:37.251073Z,200,dc.scaffold.htb,Microsoft-Windows-TaskScheduler,Microsoft-Windows-TaskScheduler/Operational,1403,4,C:\Windows\Explorer.EXE,2992,,,,,,,,,B158C42A-C1D9-481E-A3E8-BBCEB5D25E38,\CreateExplorerShellUnelevatedTask,,,ActionStart
2026-05-15T14:56:37.277358Z,201,dc.scaffold.htb,Microsoft-Windows-TaskScheduler,Microsoft-Windows-TaskScheduler/Operational,1404,4,Certificate Services Client Task Handler,604,,,,,,,0,,6A4D0FE2-AE24-46C7-8089-7B3F6608159D,\Microsoft\Windows\CertificateServicesClient\UserTask,,,ActionSuccess
2026-05-15T14:56:37.277360Z,102,dc.scaffold.htb,Microsoft-Windows-TaskScheduler,Microsoft-Windows-TaskScheduler/Operational,1405,4,,,6A4D0FE2-AE24-46C7-8089-7B3F6608159D,,,,,,,,,\Microsoft\Windows\CertificateServicesClient\UserTask,SCAFFOLD\Administrator,,TaskSuccessEvent
2026-05-15T14:56:37.343626Z,201,dc.scaffold.htb,Microsoft-Windows-TaskScheduler,Microsoft-Windows-TaskScheduler/Operational,1406,4,Device Installation Reboot Dialog Task,4956,,,,,,,0,,F45E8E6C-C1F7-4F42-87E8-9C9A0CB7631D,\Microsoft\Windows\Plug and Play\Device Install Reboot Required,,,ActionSuccess
2026-05-15T14:56:37.343650Z,102,dc.scaffold.htb,Microsoft-Windows-TaskScheduler,Microsoft-Windows-TaskScheduler/Operational,1407,4,,,F45E8E6C-C1F7-4F42-87E8-9C9A0CB7631D,,,,,,,,,\Microsoft\Windows\Plug and Play\Device Install Reboot Required,SCAFFOLD\Administrator,,TaskSuccessEvent
2026-05-15T14:56:37.392195Z,201,dc.scaffold.htb,Microsoft-Windows-TaskScheduler,Microsoft-Windows-TaskScheduler/Operational,1408,4,Color Calibration Loader,604,,,,,,,0,,C90D390C-1347-4117-B2AE-7478CA875A7A,\Microsoft\Windows\WindowsColorSystem\Calibration Loader,,,ActionSuccess
2026-05-15T14:56:37.392198Z,102,dc.scaffold.htb,Microsoft-Windows-TaskScheduler,Microsoft-Windows-TaskScheduler/Operational,1409,4,,,C90D390C-1347-4117-B2AE-7478CA875A7A,,,,,,,,,\Microsoft\Windows\WindowsColorSystem\Calibration Loader,SCAFFOLD\Administrator,,TaskSuccessEvent
2026-05-15T14:56:38.808301Z,201,dc.scaffold.htb,Microsoft-Windows-TaskScheduler,Microsoft-Windows-TaskScheduler/Operational,1410,4,%windir%\system32\ServerManagerLauncher.exe,4904,,,,,,,0,,65D749F0-8919-4174-94C7-CF08C0F8B77A,\Microsoft\Windows\Server Manager\ServerManager,,,ActionSuccess
2026-05-15T14:56:38.808611Z,102,dc.scaffold.htb,Microsoft-Windows-TaskScheduler,Microsoft-Windows-TaskScheduler/Operational,1411,4,,,65D749F0-8919-4174-94C7-CF08C0F8B77A,,,,,,,,,\Microsoft\Windows\Server Manager\ServerManager,SCAFFOLD\Administrator,,TaskSuccessEvent
2026-05-15T14:57:03.810403Z,129,dc.scaffold.htb,Microsoft-Windows-TaskScheduler,Microsoft-Windows-TaskScheduler/Operational,1412,4,,,,,%windir%\system32\wermgr.exe,16384,7584,,,,,\Microsoft\Windows\Windows Error Reporting\QueueReporting,,,CreatedTaskProcess
2026-05-15T14:57:03.810507Z,100,dc.scaffold.htb,Microsoft-Windows-TaskScheduler,Microsoft-Windows-TaskScheduler/Operational,1413,4,,,B096A87E-7736-4391-B4BD-2EA53FE4839F,,,,,,,,,\Microsoft\Windows\Windows Error Reporting\QueueReporting,NT AUTHORITY\SYSTEM,,TaskStartEvent
2026-05-15T14:57:03.810510Z,200,dc.scaffold.htb,Microsoft-Windows-TaskScheduler,Microsoft-Windows-TaskScheduler/Operational,1414,4,%windir%\system32\wermgr.exe,7584,,,,,,,,,B096A87E-7736-4391-B4BD-2EA53FE4839F,\Microsoft\Windows\Windows Error Reporting\QueueReporting,,,ActionStart
2026-05-15T14:57:03.842993Z,201,dc.scaffold.htb,Microsoft-Windows-TaskScheduler,Microsoft-Windows-TaskScheduler/Operational,1415,4,%windir%\system32\wermgr.exe,7584,,,,,,,0,,B096A87E-7736-4391-B4BD-2EA53FE4839F,\Microsoft\Windows\Windows Error Reporting\QueueReporting,,,ActionSuccess
2026-05-15T14:57:03.843114Z,102,dc.scaffold.htb,Microsoft-Windows-TaskScheduler,Microsoft-Windows-TaskScheduler/Operational,1416,4,,,B096A87E-7736-4391-B4BD-2EA53FE4839F,,,,,,,,,\Microsoft\Windows\Windows Error Reporting\QueueReporting,NT AUTHORITY\SYSTEM,,TaskSuccessEvent
2026-05-15T14:57:07.395205Z,119,dc.scaffold.htb,Microsoft-Windows-TaskScheduler,Microsoft-Windows-TaskScheduler/Operational,1417,4,,,BC38BBB2-5D35-4671-92BA-D1D653516184,,,,,,,,,\Microsoft\Windows\International\Synchronize Language Settings,,SCAFFOLD\Administrator,LogonTrigger
2026-05-15T14:57:07.402534Z,129,dc.scaffold.htb,Microsoft-Windows-TaskScheduler,Microsoft-Windows-TaskScheduler/Operational,1418,4,,,,,taskhostw.exe,32,7652,,,,,\Microsoft\Windows\International\Synchronize Language Settings,,,CreatedTaskProcess
2026-05-15T14:57:07.403900Z,100,dc.scaffold.htb,Microsoft-Windows-TaskScheduler,Microsoft-Windows-TaskScheduler/Operational,1419,4,,,BC38BBB2-5D35-4671-92BA-D1D653516184,,,,,,,,,\Microsoft\Windows\International\Synchronize Language Settings,SCAFFOLD\Administrator,,TaskStartEvent
2026-05-15T14:57:07.403907Z,200,dc.scaffold.htb,Microsoft-Windows-TaskScheduler,Microsoft-Windows-TaskScheduler/Operational,1420,4,Sync Language Data From Cloud Task,7652,,,,,,,,,BC38BBB2-5D35-4671-92BA-D1D653516184,\Microsoft\Windows\International\Synchronize Language Settings,,,ActionStart
2026-05-15T14:57:14.019431Z,140,dc.scaffold.htb,Microsoft-Windows-TaskScheduler,Microsoft-Windows-TaskScheduler/Operational,1421,4,,,,,,,,,,,,\Microsoft\Windows\Application Experience\PcaPatchDbTask,,SCAFFOLD\DC$,TaskUpdated
2026-05-15T14:57:30.492266Z,140,dc.scaffold.htb,Microsoft-Windows-TaskScheduler,Microsoft-Windows-TaskScheduler/Operational,1422,4,,,,,,,,,,,,\Microsoft\Windows\UpdateOrchestrator\Schedule Scan,,S-1-5-18,TaskUpdated
2026-05-15T14:57:30.518447Z,140,dc.scaffold.htb,Microsoft-Windows-TaskScheduler,Microsoft-Windows-TaskScheduler/Operational,1423,4,,,,,,,,,,,,\Microsoft\Windows\UpdateOrchestrator\Schedule Scan,,SCAFFOLD\DC$,TaskUpdated
2026-05-15T14:57:37.392927Z,119,dc.scaffold.htb,Microsoft-Windows-TaskScheduler,Microsoft-Windows-TaskScheduler/Operational,1424,4,,,F8EDB5C0-7C7A-4892-8B4F-6ED230D64E53,,,,,,,,,\Microsoft\Windows\Workplace Join\Automatic-Device-Join,,SCAFFOLD\Administrator,LogonTrigger
2026-05-15T14:57:37.396315Z,129,dc.scaffold.htb,Microsoft-Windows-TaskScheduler,Microsoft-Windows-TaskScheduler/Operational,1425,4,,,,,%SystemRoot%\System32\dsregcmd.exe,16384,680,,,,,\Microsoft\Windows\Workplace Join\Automatic-Device-Join,,,CreatedTaskProcess
2026-05-15T14:57:37.396675Z,100,dc.scaffold.htb,Microsoft-Windows-TaskScheduler,Microsoft-Windows-TaskScheduler/Operational,1426,4,,,F8EDB5C0-7C7A-4892-8B4F-6ED230D64E53,,,,,,,,,\Microsoft\Windows\Workplace Join\Automatic-Device-Join,NT AUTHORITY\SYSTEM,,TaskStartEvent
2026-05-15T14:57:37.396679Z,200,dc.scaffold.htb,Microsoft-Windows-TaskScheduler,Microsoft-Windows-TaskScheduler/Operational,1427,4,%SystemRoot%\System32\dsregcmd.exe,680,,,,,,,,,F8EDB5C0-7C7A-4892-8B4F-6ED230D64E53,\Microsoft\Windows\Workplace Join\Automatic-Device-Join,,,ActionStart
2026-05-15T14:57:37.512290Z,201,dc.scaffold.htb,Microsoft-Windows-TaskScheduler,Microsoft-Windows-TaskScheduler/Operational,1428,4,%SystemRoot%\System32\dsregcmd.exe,680,,,,,,,2147942401,,F8EDB5C0-7C7A-4892-8B4F-6ED230D64E53,\Microsoft\Windows\Workplace Join\Automatic-Device-Join,,,ActionSuccess
2026-05-15T14:57:37.512398Z,102,dc.scaffold.htb,Microsoft-Windows-TaskScheduler,Microsoft-Windows-TaskScheduler/Operational,1429,4,,,F8EDB5C0-7C7A-4892-8B4F-6ED230D64E53,,,,,,,,,\Microsoft\Windows\Workplace Join\Automatic-Device-Join,NT AUTHORITY\SYSTEM,,TaskSuccessEvent
2026-05-15T14:57:42.003279Z,202,dc.scaffold.htb,Microsoft-Windows-TaskScheduler,Microsoft-Windows-TaskScheduler/Operational,1430,2,Sync Language Data From Cloud Task,7652,,,,,,,2147746053,,BC38BBB2-5D35-4671-92BA-D1D653516184,\Microsoft\Windows\International\Synchronize Language Settings,,,ActionFailure
2026-05-15T14:57:42.003282Z,103,dc.scaffold.htb,Microsoft-Windows-TaskScheduler,Microsoft-Windows-TaskScheduler/Operational,1431,2,,,BC38BBB2-5D35-4671-92BA-D1D653516184,,,,,,2147746053,,,\Microsoft\Windows\International\Synchronize Language Settings,SCAFFOLD\Administrator,,TaskFailureEvent
2026-05-15T14:57:58.211894Z,140,dc.scaffold.htb,Microsoft-Windows-TaskScheduler,Microsoft-Windows-TaskScheduler/Operational,1432,4,,,,,,,,,,,,\Microsoft\Windows\SoftwareProtectionPlatform\SvcRestartTask,,SCAFFOLD\DC$,TaskUpdated
2026-05-15T14:58:05.301973Z,140,dc.scaffold.htb,Microsoft-Windows-TaskScheduler,Microsoft-Windows-TaskScheduler/Operational,1433,4,,,,,,,,,,,,\Microsoft\Windows\.NET Framework\.NET Framework NGEN v4.0.30319,,SYSTEM,TaskUpdated
2026-05-15T14:58:05.303354Z,325,dc.scaffold.htb,Microsoft-Windows-TaskScheduler,Microsoft-Windows-TaskScheduler/Operational,1434,3,,,,,,,,B4D8C62D-AFB7-477C-BD86-172559F9E4C0,,,,\Microsoft\Windows\.NET Framework\.NET Framework NGEN v4.0.30319,,,TaskInstanceQueued
2026-05-15T14:58:05.303515Z,110,dc.scaffold.htb,Microsoft-Windows-TaskScheduler,Microsoft-Windows-TaskScheduler/Operational,1435,4,,,B4D8C62D-AFB7-477C-BD86-172559F9E4C0,,,,,,,,,\Microsoft\Windows\.NET Framework\.NET Framework NGEN v4.0.30319,System,,TaskRunEvent
2026-05-15T14:58:05.397986Z,140,dc.scaffold.htb,Microsoft-Windows-TaskScheduler,Microsoft-Windows-TaskScheduler/Operational,1436,4,,,,,,,,,,,,\Microsoft\Windows\.NET Framework\.NET Framework NGEN v4.0.30319 64,,SYSTEM,TaskUpdated
2026-05-15T14:58:05.398899Z,325,dc.scaffold.htb,Microsoft-Windows-TaskScheduler,Microsoft-Windows-TaskScheduler/Operational,1437,3,,,,,,,,2FCA1525-F9BF-40A8-B51D-8E1486DFCA70,,,,\Microsoft\Windows\.NET Framework\.NET Framework NGEN v4.0.30319 64,,,TaskInstanceQueued
2026-05-15T14:58:05.399020Z,110,dc.scaffold.htb,Microsoft-Windows-TaskScheduler,Microsoft-Windows-TaskScheduler/Operational,1438,4,,,2FCA1525-F9BF-40A8-B51D-8E1486DFCA70,,,,,,,,,\Microsoft\Windows\.NET Framework\.NET Framework NGEN v4.0.30319 64,System,,TaskRunEvent
2026-05-15T14:58:11.968175Z,118,dc.scaffold.htb,Microsoft-Windows-TaskScheduler,Microsoft-Windows-TaskScheduler/Operational,1439,4,,,AD319676-017D-4963-AADA-A105AC2FE64E,,,,,,,,,\Microsoft\Windows\Windows Error Reporting\QueueReporting,,,BootTrigger
2026-05-15T14:58:11.972921Z,129,dc.scaffold.htb,Microsoft-Windows-TaskScheduler,Microsoft-Windows-TaskScheduler/Operational,1440,4,,,,,%windir%\system32\wermgr.exe,16384,964,,,,,\Microsoft\Windows\Windows Error Reporting\QueueReporting,,,CreatedTaskProcess
2026-05-15T14:58:11.973251Z,100,dc.scaffold.htb,Microsoft-Windows-TaskScheduler,Microsoft-Windows-TaskScheduler/Operational,1441,4,,,AD319676-017D-4963-AADA-A105AC2FE64E,,,,,,,,,\Microsoft\Windows\Windows Error Reporting\QueueReporting,NT AUTHORITY\SYSTEM,,TaskStartEvent
2026-05-15T14:58:11.973255Z,200,dc.scaffold.htb,Microsoft-Windows-TaskScheduler,Microsoft-Windows-TaskScheduler/Operational,1442,4,%windir%\system32\wermgr.exe,964,,,,,,,,,AD319676-017D-4963-AADA-A105AC2FE64E,\Microsoft\Windows\Windows Error Reporting\QueueReporting,,,ActionStart
2026-05-15T14:58:11.973796Z,129,dc.scaffold.htb,Microsoft-Windows-TaskScheduler,Microsoft-Windows-TaskScheduler/Operational,1443,4,,,,,taskhostw.exe,16384,1732,,,,,\Microsoft\Windows\Flighting\FeatureConfig\ReconcileFeatures,,,CreatedTaskProcess
2026-05-15T14:58:11.974055Z,100,dc.scaffold.htb,Microsoft-Windows-TaskScheduler,Microsoft-Windows-TaskScheduler/Operational,1444,4,,,8328CB6F-7E07-4D92-BD53-24AACC07F06D,,,,,,,,,\Microsoft\Windows\Flighting\FeatureConfig\ReconcileFeatures,NT AUTHORITY\SYSTEM,,TaskStartEvent
2026-05-15T14:58:11.974057Z,200,dc.scaffold.htb,Microsoft-Windows-TaskScheduler,Microsoft-Windows-TaskScheduler/Operational,1445,4,Feature Configuration Reconciliation Task Handler,1732,,,,,,,,,8328CB6F-7E07-4D92-BD53-24AACC07F06D,\Microsoft\Windows\Flighting\FeatureConfig\ReconcileFeatures,,,ActionStart
2026-05-15T14:58:12.006634Z,201,dc.scaffold.htb,Microsoft-Windows-TaskScheduler,Microsoft-Windows-TaskScheduler/Operational,1446,4,%windir%\system32\wermgr.exe,964,,,,,,,0,,AD319676-017D-4963-AADA-A105AC2FE64E,\Microsoft\Windows\Windows Error Reporting\QueueReporting,,,ActionSuccess
2026-05-15T14:58:12.006797Z,102,dc.scaffold.htb,Microsoft-Windows-TaskScheduler,Microsoft-Windows-TaskScheduler/Operational,1447,4,,,AD319676-017D-4963-AADA-A105AC2FE64E,,,,,,,,,\Microsoft\Windows\Windows Error Reporting\QueueReporting,NT AUTHORITY\SYSTEM,,TaskSuccessEvent
2026-05-15T14:58:12.010856Z,201,dc.scaffold.htb,Microsoft-Windows-TaskScheduler,Microsoft-Windows-TaskScheduler/Operational,1448,4,Feature Configuration Reconciliation Task Handler,1732,,,,,,,0,,8328CB6F-7E07-4D92-BD53-24AACC07F06D,\Microsoft\Windows\Flighting\FeatureConfig\ReconcileFeatures,,,ActionSuccess
2026-05-15T14:58:12.010857Z,102,dc.scaffold.htb,Microsoft-Windows-TaskScheduler,Microsoft-Windows-TaskScheduler/Operational,1449,4,,,8328CB6F-7E07-4D92-BD53-24AACC07F06D,,,,,,,,,\Microsoft\Windows\Flighting\FeatureConfig\ReconcileFeatures,NT AUTHORITY\SYSTEM,,TaskSuccessEvent
2026-05-15T14:59:26.900391Z,114,dc.scaffold.htb,Microsoft-Windows-TaskScheduler,Microsoft-Windows-TaskScheduler/Operational,1450,3,,,9BC02D5E-541A-401F-8D05-DB625B808089,,,,,,,,,\Microsoft\Windows\Windows Error Reporting\QueueReporting,,,MissedTaskLaunched
2026-05-15T14:59:26.900990Z,114,dc.scaffold.htb,Microsoft-Windows-TaskScheduler,Microsoft-Windows-TaskScheduler/Operational,1451,3,,,45F342B9-BD4B-4258-8BAB-930F4179324B,,,,,,,,,\Microsoft\Windows\Data Integrity Scan\Data Integrity Check And Scan,,,MissedTaskLaunched
2026-05-15T14:59:26.901165Z,114,dc.scaffold.htb,Microsoft-Windows-TaskScheduler,Microsoft-Windows-TaskScheduler/Operational,1452,3,,,A6E746ED-A1BA-41DC-8427-1773174BE588,,,,,,,,,\Microsoft\Windows\Customer Experience Improvement Program\Consolidator,,,MissedTaskLaunched
2026-05-15T14:59:26.902959Z,114,dc.scaffold.htb,Microsoft-Windows-TaskScheduler,Microsoft-Windows-TaskScheduler/Operational,1453,3,,,B05CDB08-1A94-4500-9E89-59467AB745CF,,,,,,,,,\Microsoft\Windows\UpdateOrchestrator\USO_UxBroker,,,MissedTaskLaunched
2026-05-15T14:59:26.907181Z,129,dc.scaffold.htb,Microsoft-Windows-TaskScheduler,Microsoft-Windows-TaskScheduler/Operational,1454,4,,,,,taskhostw.exe,16384,6776,,,,,\Microsoft\Windows\Data Integrity Scan\Data Integrity Check And Scan,,,CreatedTaskProcess
2026-05-15T14:59:26.907656Z,100,dc.scaffold.htb,Microsoft-Windows-TaskScheduler,Microsoft-Windows-TaskScheduler/Operational,1455,4,,,45F342B9-BD4B-4258-8BAB-930F4179324B,,,,,,,,,\Microsoft\Windows\Data Integrity Scan\Data Integrity Check And Scan,NT AUTHORITY\SYSTEM,,TaskStartEvent
2026-05-15T14:59:26.907660Z,200,dc.scaffold.htb,Microsoft-Windows-TaskScheduler,Microsoft-Windows-TaskScheduler/Operational,1456,4,Data Integrity Scan,6776,,,,,,,,,45F342B9-BD4B-4258-8BAB-930F4179324B,\Microsoft\Windows\Data Integrity Scan\Data Integrity Check And Scan,,,ActionStart
2026-05-15T14:59:26.907995Z,129,dc.scaffold.htb,Microsoft-Windows-TaskScheduler,Microsoft-Windows-TaskScheduler/Operational,1457,4,,,,,%windir%\system32\wermgr.exe,16384,6636,,,,,\Microsoft\Windows\Windows Error Reporting\QueueReporting,,,CreatedTaskProcess
2026-05-15T14:59:26.908401Z,114,dc.scaffold.htb,Microsoft-Windows-TaskScheduler,Microsoft-Windows-TaskScheduler/Operational,1458,3,,,9B6CFE7A-15ED-4BA7-A761-5AB058011CFB,,,,,,,,,\Microsoft\Windows\Device Information\Device,,,MissedTaskLaunched
2026-05-15T14:59:26.908426Z,100,dc.scaffold.htb,Microsoft-Windows-TaskScheduler,Microsoft-Windows-TaskScheduler/Operational,1459,4,,,9BC02D5E-541A-401F-8D05-DB625B808089,,,,,,,,,\Microsoft\Windows\Windows Error Reporting\QueueReporting,NT AUTHORITY\SYSTEM,,TaskStartEvent
2026-05-15T14:59:26.908430Z,200,dc.scaffold.htb,Microsoft-Windows-TaskScheduler,Microsoft-Windows-TaskScheduler/Operational,1460,4,%windir%\system32\wermgr.exe,6636,,,,,,,,,9BC02D5E-541A-401F-8D05-DB625B808089,\Microsoft\Windows\Windows Error Reporting\QueueReporting,,,ActionStart
2026-05-15T14:59:26.909469Z,114,dc.scaffold.htb,Microsoft-Windows-TaskScheduler,Microsoft-Windows-TaskScheduler/Operational,1461,3,,,B7E0B9D5-F790-41E3-B9DE-057A2CC5CC0D,,,,,,,,,\Microsoft\Windows\Application Experience\Microsoft Compatibility Appraiser,,,MissedTaskLaunched
2026-05-15T14:59:26.914557Z,129,dc.scaffold.htb,Microsoft-Windows-TaskScheduler,Microsoft-Windows-TaskScheduler/Operational,1462,4,,,,,%systemroot%\system32\MusNotification.exe,16384,8164,,,,,\Microsoft\Windows\UpdateOrchestrator\USO_UxBroker,,,CreatedTaskProcess
2026-05-15T14:59:26.914938Z,100,dc.scaffold.htb,Microsoft-Windows-TaskScheduler,Microsoft-Windows-TaskScheduler/Operational,1463,4,,,B05CDB08-1A94-4500-9E89-59467AB745CF,,,,,,,,,\Microsoft\Windows\UpdateOrchestrator\USO_UxBroker,NT AUTHORITY\SYSTEM,,TaskStartEvent
2026-05-15T14:59:26.914943Z,200,dc.scaffold.htb,Microsoft-Windows-TaskScheduler,Microsoft-Windows-TaskScheduler/Operational,1464,4,%systemroot%\system32\MusNotification.exe,8164,,,,,,,,,B05CDB08-1A94-4500-9E89-59467AB745CF,\Microsoft\Windows\UpdateOrchestrator\USO_UxBroker,,,ActionStart
2026-05-15T14:59:26.916238Z,114,dc.scaffold.htb,Microsoft-Windows-TaskScheduler,Microsoft-Windows-TaskScheduler/Operational,1465,3,,,86ED3069-CB07-4D6F-8D63-2940B705B63E,,,,,,,,,\MicrosoftEdgeUpdateTaskMachineUA,,,MissedTaskLaunched
2026-05-15T14:59:26.916315Z,129,dc.scaffold.htb,Microsoft-Windows-TaskScheduler,Microsoft-Windows-TaskScheduler/Operational,1466,4,,,,,%windir%\system32\compattelrunner.exe,16384,5960,,,,,\Microsoft\Windows\Application Experience\Microsoft Compatibility Appraiser,,,CreatedTaskProcess
2026-05-15T14:59:26.916367Z,129,dc.scaffold.htb,Microsoft-Windows-TaskScheduler,Microsoft-Windows-TaskScheduler/Operational,1467,4,,,,,%windir%\system32\devicecensus.exe,16384,6720,,,,,\Microsoft\Windows\Device Information\Device,,,CreatedTaskProcess
2026-05-15T14:59:26.916585Z,100,dc.scaffold.htb,Microsoft-Windows-TaskScheduler,Microsoft-Windows-TaskScheduler/Operational,1468,4,,,B7E0B9D5-F790-41E3-B9DE-057A2CC5CC0D,,,,,,,,,\Microsoft\Windows\Application Experience\Microsoft Compatibility Appraiser,NT AUTHORITY\SYSTEM,,TaskStartEvent
2026-05-15T14:59:26.916588Z,200,dc.scaffold.htb,Microsoft-Windows-TaskScheduler,Microsoft-Windows-TaskScheduler/Operational,1469,4,%windir%\system32\compattelrunner.exe,5960,,,,,,,,,B7E0B9D5-F790-41E3-B9DE-057A2CC5CC0D,\Microsoft\Windows\Application Experience\Microsoft Compatibility Appraiser,,,ActionStart
2026-05-15T14:59:26.916649Z,100,dc.scaffold.htb,Microsoft-Windows-TaskScheduler,Microsoft-Windows-TaskScheduler/Operational,1470,4,,,9B6CFE7A-15ED-4BA7-A761-5AB058011CFB,,,,,,,,,\Microsoft\Windows\Device Information\Device,NT AUTHORITY\SYSTEM,,TaskStartEvent
2026-05-15T14:59:26.916652Z,200,dc.scaffold.htb,Microsoft-Windows-TaskScheduler,Microsoft-Windows-TaskScheduler/Operational,1471,4,%windir%\system32\devicecensus.exe,6720,,,,,,,,,9B6CFE7A-15ED-4BA7-A761-5AB058011CFB,\Microsoft\Windows\Device Information\Device,,,ActionStart
2026-05-15T14:59:26.917771Z,114,dc.scaffold.htb,Microsoft-Windows-TaskScheduler,Microsoft-Windows-TaskScheduler/Operational,1472,3,,,C8D7AAA7-2677-495A-95AC-0E99EEC18710,,,,,,,,,\Microsoft\Windows\Flighting\OneSettings\RefreshCache,,,MissedTaskLaunched
2026-05-15T14:59:26.918064Z,114,dc.scaffold.htb,Microsoft-Windows-TaskScheduler,Microsoft-Windows-TaskScheduler/Operational,1473,3,,,FB325858-23D5-4F3D-BC7C-C7B11C79B3C0,,,,,,,,,\Microsoft\Windows\Application Experience\PcaPatchDbTask,,,MissedTaskLaunched
2026-05-15T14:59:26.918249Z,100,dc.scaffold.htb,Microsoft-Windows-TaskScheduler,Microsoft-Windows-TaskScheduler/Operational,1474,4,,,C8D7AAA7-2677-495A-95AC-0E99EEC18710,,,,,,,,,\Microsoft\Windows\Flighting\OneSettings\RefreshCache,NT AUTHORITY\SYSTEM,,TaskStartEvent
2026-05-15T14:59:26.918254Z,200,dc.scaffold.htb,Microsoft-Windows-TaskScheduler,Microsoft-Windows-TaskScheduler/Operational,1475,4,OneSettings Refresh Cache Task Handler,6776,,,,,,,,,C8D7AAA7-2677-495A-95AC-0E99EEC18710,\Microsoft\Windows\Flighting\OneSettings\RefreshCache,,,ActionStart
2026-05-15T14:59:26.919207Z,129,dc.scaffold.htb,Microsoft-Windows-TaskScheduler,Microsoft-Windows-TaskScheduler/Operational,1476,4,,,,,%SystemRoot%\System32\wsqmcons.exe,16384,5416,,,,,\Microsoft\Windows\Customer Experience Improvement Program\Consolidator,,,CreatedTaskProcess
2026-05-15T14:59:26.919566Z,114,dc.scaffold.htb,Microsoft-Windows-TaskScheduler,Microsoft-Windows-TaskScheduler/Operational,1477,3,,,79D85FAA-353B-49B6-B4C6-1E9C23DB635A,,,,,,,,,\Microsoft\Windows\UpdateOrchestrator\Schedule Scan,,,MissedTaskLaunched
2026-05-15T14:59:26.919787Z,100,dc.scaffold.htb,Microsoft-Windows-TaskScheduler,Microsoft-Windows-TaskScheduler/Operational,1478,4,,,A6E746ED-A1BA-41DC-8427-1773174BE588,,,,,,,,,\Microsoft\Windows\Customer Experience Improvement Program\Consolidator,NT AUTHORITY\SYSTEM,,TaskStartEvent
2026-05-15T14:59:26.919791Z,200,dc.scaffold.htb,Microsoft-Windows-TaskScheduler,Microsoft-Windows-TaskScheduler/Operational,1479,4,%SystemRoot%\System32\wsqmcons.exe,5416,,,,,,,,,A6E746ED-A1BA-41DC-8427-1773174BE588,\Microsoft\Windows\Customer Experience Improvement Program\Consolidator,,,ActionStart
2026-05-15T14:59:26.922875Z,129,dc.scaffold.htb,Microsoft-Windows-TaskScheduler,Microsoft-Windows-TaskScheduler/Operational,1480,4,,,,,C:\Program Files (x86)\Microsoft\EdgeUpdate\MicrosoftEdgeUpdate.exe,32,6800,,,,,\MicrosoftEdgeUpdateTaskMachineUA,,,CreatedTaskProcess
2026-05-15T14:59:26.923198Z,100,dc.scaffold.htb,Microsoft-Windows-TaskScheduler,Microsoft-Windows-TaskScheduler/Operational,1481,4,,,86ED3069-CB07-4D6F-8D63-2940B705B63E,,,,,,,,,\MicrosoftEdgeUpdateTaskMachineUA,NT AUTHORITY\SYSTEM,,TaskStartEvent
2026-05-15T14:59:26.923200Z,200,dc.scaffold.htb,Microsoft-Windows-TaskScheduler,Microsoft-Windows-TaskScheduler/Operational,1482,4,C:\Program Files (x86)\Microsoft\EdgeUpdate\MicrosoftEdgeUpdate.exe,6800,,,,,,,,,86ED3069-CB07-4D6F-8D63-2940B705B63E,\MicrosoftEdgeUpdateTaskMachineUA,,,ActionStart
2026-05-15T14:59:26.923950Z,129,dc.scaffold.htb,Microsoft-Windows-TaskScheduler,Microsoft-Windows-TaskScheduler/Operational,1483,4,,,,,%systemroot%\system32\usoclient.exe,16384,2888,,,,,\Microsoft\Windows\UpdateOrchestrator\Schedule Scan,,,CreatedTaskProcess
2026-05-15T14:59:26.924071Z,100,dc.scaffold.htb,Microsoft-Windows-TaskScheduler,Microsoft-Windows-TaskScheduler/Operational,1484,4,,,79D85FAA-353B-49B6-B4C6-1E9C23DB635A,,,,,,,,,\Microsoft\Windows\UpdateOrchestrator\Schedule Scan,NT AUTHORITY\SYSTEM,,TaskStartEvent
2026-05-15T14:59:26.924073Z,200,dc.scaffold.htb,Microsoft-Windows-TaskScheduler,Microsoft-Windows-TaskScheduler/Operational,1485,4,%systemroot%\system32\usoclient.exe,2888,,,,,,,,,79D85FAA-353B-49B6-B4C6-1E9C23DB635A,\Microsoft\Windows\UpdateOrchestrator\Schedule Scan,,,ActionStart
2026-05-15T14:59:26.925266Z,129,dc.scaffold.htb,Microsoft-Windows-TaskScheduler,Microsoft-Windows-TaskScheduler/Operational,1486,4,,,,,%windir%\system32\rundll32.exe,16384,6808,,,,,\Microsoft\Windows\Application Experience\PcaPatchDbTask,,,CreatedTaskProcess
2026-05-15T14:59:26.925355Z,100,dc.scaffold.htb,Microsoft-Windows-TaskScheduler,Microsoft-Windows-TaskScheduler/Operational,1487,4,,,FB325858-23D5-4F3D-BC7C-C7B11C79B3C0,,,,,,,,,\Microsoft\Windows\Application Experience\PcaPatchDbTask,NT AUTHORITY\SYSTEM,,TaskStartEvent
2026-05-15T14:59:26.925356Z,200,dc.scaffold.htb,Microsoft-Windows-TaskScheduler,Microsoft-Windows-TaskScheduler/Operational,1488,4,%windir%\system32\rundll32.exe,6808,,,,,,,,,FB325858-23D5-4F3D-BC7C-C7B11C79B3C0,\Microsoft\Windows\Application Experience\PcaPatchDbTask,,,ActionStart
2026-05-15T14:59:26.942446Z,201,dc.scaffold.htb,Microsoft-Windows-TaskScheduler,Microsoft-Windows-TaskScheduler/Operational,1489,4,%SystemRoot%\System32\wsqmcons.exe,5416,,,,,,,0,,A6E746ED-A1BA-41DC-8427-1773174BE588,\Microsoft\Windows\Customer Experience Improvement Program\Consolidator,,,ActionSuccess
2026-05-15T14:59:26.942546Z,102,dc.scaffold.htb,Microsoft-Windows-TaskScheduler,Microsoft-Windows-TaskScheduler/Operational,1490,4,,,A6E746ED-A1BA-41DC-8427-1773174BE588,,,,,,,,,\Microsoft\Windows\Customer Experience Improvement Program\Consolidator,NT AUTHORITY\SYSTEM,,TaskSuccessEvent
2026-05-15T14:59:26.958186Z,201,dc.scaffold.htb,Microsoft-Windows-TaskScheduler,Microsoft-Windows-TaskScheduler/Operational,1491,4,%windir%\system32\wermgr.exe,6636,,,,,,,0,,9BC02D5E-541A-401F-8D05-DB625B808089,\Microsoft\Windows\Windows Error Reporting\QueueReporting,,,ActionSuccess
2026-05-15T14:59:26.958331Z,102,dc.scaffold.htb,Microsoft-Windows-TaskScheduler,Microsoft-Windows-TaskScheduler/Operational,1492,4,,,9BC02D5E-541A-401F-8D05-DB625B808089,,,,,,,,,\Microsoft\Windows\Windows Error Reporting\QueueReporting,NT AUTHORITY\SYSTEM,,TaskSuccessEvent
2026-05-15T14:59:26.967001Z,140,dc.scaffold.htb,Microsoft-Windows-TaskScheduler,Microsoft-Windows-TaskScheduler/Operational,1493,4,,,,,,,,,,,,\Microsoft\Windows\Data Integrity Scan\Data Integrity Check And Scan,,SCAFFOLD\DC$,TaskUpdated
2026-05-15T14:59:26.976031Z,140,dc.scaffold.htb,Microsoft-Windows-TaskScheduler,Microsoft-Windows-TaskScheduler/Operational,1494,4,,,,,,,,,,,,\Microsoft\Windows\Data Integrity Scan\Data Integrity Check And Scan,,SCAFFOLD\DC$,TaskUpdated
2026-05-15T14:59:26.976577Z,201,dc.scaffold.htb,Microsoft-Windows-TaskScheduler,Microsoft-Windows-TaskScheduler/Operational,1495,4,Data Integrity Scan,6776,,,,,,,0,,45F342B9-BD4B-4258-8BAB-930F4179324B,\Microsoft\Windows\Data Integrity Scan\Data Integrity Check And Scan,,,ActionSuccess
