2026-05-13T20:55:20.963454Z,102,dc.scaffold.htb,Microsoft-Windows-TaskScheduler,Microsoft-Windows-TaskScheduler/Operational,562,4,,,A42EFE5A-5CEB-4EE0-A531-4857109B1EB4,,,,,,,,,\Microsoft\Windows\Autochk\Proxy,NT AUTHORITY\SYSTEM,,TaskSuccessEvent
2026-05-13T21:00:09.377801Z,129,dc.scaffold.htb,Microsoft-Windows-TaskScheduler,Microsoft-Windows-TaskScheduler/Operational,563,4,,,,,taskhostw.exe,16384,5864,,,,,\Microsoft\Windows\CertificateServicesClient\KeyPreGenTask,,,CreatedTaskProcess
2026-05-13T21:00:09.378684Z,100,dc.scaffold.htb,Microsoft-Windows-TaskScheduler,Microsoft-Windows-TaskScheduler/Operational,564,4,,,5304226C-4A47-4636-B948-91F8BCA2DC81,,,,,,,,,\Microsoft\Windows\CertificateServicesClient\KeyPreGenTask,NT AUTHORITY\SYSTEM,,TaskStartEvent
2026-05-13T21:00:09.378689Z,200,dc.scaffold.htb,Microsoft-Windows-TaskScheduler,Microsoft-Windows-TaskScheduler/Operational,565,4,NGC Pregeneration Task Handler,5864,,,,,,,,,5304226C-4A47-4636-B948-91F8BCA2DC81,\Microsoft\Windows\CertificateServicesClient\KeyPreGenTask,,,ActionStart
2026-05-13T21:00:09.434461Z,202,dc.scaffold.htb,Microsoft-Windows-TaskScheduler,Microsoft-Windows-TaskScheduler/Operational,566,2,NGC Pregeneration Task Handler,5864,,,,,,,2148073520,,5304226C-4A47-4636-B948-91F8BCA2DC81,\Microsoft\Windows\CertificateServicesClient\KeyPreGenTask,,,ActionFailure
2026-05-13T21:00:09.434462Z,103,dc.scaffold.htb,Microsoft-Windows-TaskScheduler,Microsoft-Windows-TaskScheduler/Operational,567,2,,,5304226C-4A47-4636-B948-91F8BCA2DC81,,,,,,2148073520,,,\Microsoft\Windows\CertificateServicesClient\KeyPreGenTask,NT AUTHORITY\SYSTEM,,TaskFailureEvent
2026-05-13T21:05:06.416522Z,201,dc.scaffold.htb,Microsoft-Windows-TaskScheduler,Microsoft-Windows-TaskScheduler/Operational,568,4,DiagnosticInfrastructureCustomHandler,2188,,,,,,,0,,4F1FD501-2086-4C0F-BEA9-9A8E7D610526,\Microsoft\Windows\WDI\ResolutionHost,,,ActionSuccess
2026-05-13T21:05:06.416525Z,102,dc.scaffold.htb,Microsoft-Windows-TaskScheduler,Microsoft-Windows-TaskScheduler/Operational,569,4,,,4F1FD501-2086-4C0F-BEA9-9A8E7D610526,,,,,,,,,\Microsoft\Windows\WDI\ResolutionHost,SCAFFOLD\Administrator,,TaskSuccessEvent
2026-05-13T21:06:04.229908Z,129,dc.scaffold.htb,Microsoft-Windows-TaskScheduler,Microsoft-Windows-TaskScheduler/Operational,570,4,,,,,%windir%\system32\cleanmgr.exe,16384,1780,,,,,\Microsoft\Windows\DiskCleanup\SilentCleanup,,,CreatedTaskProcess
2026-05-13T21:06:04.230563Z,100,dc.scaffold.htb,Microsoft-Windows-TaskScheduler,Microsoft-Windows-TaskScheduler/Operational,571,4,,,DA8AB855-9120-4B4E-8149-4CC65DDB757A,,,,,,,,,\Microsoft\Windows\DiskCleanup\SilentCleanup,SCAFFOLD\Administrator,,TaskStartEvent
2026-05-13T21:06:04.230565Z,200,dc.scaffold.htb,Microsoft-Windows-TaskScheduler,Microsoft-Windows-TaskScheduler/Operational,572,4,%windir%\system32\cleanmgr.exe,1780,,,,,,,,,DA8AB855-9120-4B4E-8149-4CC65DDB757A,\Microsoft\Windows\DiskCleanup\SilentCleanup,,,ActionStart
2026-05-13T21:06:04.230781Z,110,dc.scaffold.htb,Microsoft-Windows-TaskScheduler,Microsoft-Windows-TaskScheduler/Operational,573,4,,,7EDCAC5D-DC2B-4A45-B073-6DF733FE3432,,,,,,,,,\Microsoft\Windows\DiskCleanup\SilentCleanup,Users,,TaskRunEvent
2026-05-13T21:06:21.330143Z,201,dc.scaffold.htb,Microsoft-Windows-TaskScheduler,Microsoft-Windows-TaskScheduler/Operational,574,4,%windir%\system32\cleanmgr.exe,1780,,,,,,,0,,DA8AB855-9120-4B4E-8149-4CC65DDB757A,\Microsoft\Windows\DiskCleanup\SilentCleanup,,,ActionSuccess
2026-05-13T21:06:21.330558Z,102,dc.scaffold.htb,Microsoft-Windows-TaskScheduler,Microsoft-Windows-TaskScheduler/Operational,575,4,,,DA8AB855-9120-4B4E-8149-4CC65DDB757A,,,,,,,,,\Microsoft\Windows\DiskCleanup\SilentCleanup,SCAFFOLD\Administrator,,TaskSuccessEvent
2026-05-13T21:08:37.870204Z,140,dc.scaffold.htb,Microsoft-Windows-TaskScheduler,Microsoft-Windows-TaskScheduler/Operational,576,4,,,,,,,,,,,,\Microsoft\Windows\SoftwareProtectionPlatform\SvcRestartTask,,SCAFFOLD\DC$,TaskUpdated
2026-05-13T22:36:16.255987Z,411,dc.scaffold.htb,Microsoft-Windows-TaskScheduler,Microsoft-Windows-TaskScheduler/Operational,577,4,,,,TimeChangeSignaled,,,,,,,,,,,
2026-05-13T22:36:16.257223Z,108,dc.scaffold.htb,Microsoft-Windows-TaskScheduler,Microsoft-Windows-TaskScheduler/Operational,578,4,,,966DED27-BED2-48D8-8705-B53C23D66B3E,,,,,,,,,\Microsoft\Windows\Workplace Join\Automatic-Device-Join,,,EventTriggerEvent
2026-05-13T22:36:16.261091Z,129,dc.scaffold.htb,Microsoft-Windows-TaskScheduler,Microsoft-Windows-TaskScheduler/Operational,579,4,,,,,%SystemRoot%\System32\dsregcmd.exe,16384,1976,,,,,\Microsoft\Windows\Workplace Join\Automatic-Device-Join,,,CreatedTaskProcess
2026-05-13T22:36:16.263244Z,100,dc.scaffold.htb,Microsoft-Windows-TaskScheduler,Microsoft-Windows-TaskScheduler/Operational,580,4,,,966DED27-BED2-48D8-8705-B53C23D66B3E,,,,,,,,,\Microsoft\Windows\Workplace Join\Automatic-Device-Join,NT AUTHORITY\SYSTEM,,TaskStartEvent
2026-05-13T22:36:16.263264Z,200,dc.scaffold.htb,Microsoft-Windows-TaskScheduler,Microsoft-Windows-TaskScheduler/Operational,581,4,%SystemRoot%\System32\dsregcmd.exe,1976,,,,,,,,,966DED27-BED2-48D8-8705-B53C23D66B3E,\Microsoft\Windows\Workplace Join\Automatic-Device-Join,,,ActionStart
2026-05-13T22:36:16.287064Z,107,dc.scaffold.htb,Microsoft-Windows-TaskScheduler,Microsoft-Windows-TaskScheduler/Operational,582,4,,,EF68FBFF-F592-4C5A-9BE2-4FB57D71599F,,,,,,,,,\MicrosoftEdgeUpdateTaskMachineUA,,,TimeTriggerEvent
2026-05-13T22:36:16.370698Z,129,dc.scaffold.htb,Microsoft-Windows-TaskScheduler,Microsoft-Windows-TaskScheduler/Operational,583,4,,,,,C:\Program Files (x86)\Microsoft\EdgeUpdate\MicrosoftEdgeUpdate.exe,32,4332,,,,,\MicrosoftEdgeUpdateTaskMachineUA,,,CreatedTaskProcess
2026-05-13T22:36:16.371276Z,100,dc.scaffold.htb,Microsoft-Windows-TaskScheduler,Microsoft-Windows-TaskScheduler/Operational,584,4,,,EF68FBFF-F592-4C5A-9BE2-4FB57D71599F,,,,,,,,,\MicrosoftEdgeUpdateTaskMachineUA,NT AUTHORITY\SYSTEM,,TaskStartEvent
2026-05-13T22:36:16.371280Z,200,dc.scaffold.htb,Microsoft-Windows-TaskScheduler,Microsoft-Windows-TaskScheduler/Operational,585,4,C:\Program Files (x86)\Microsoft\EdgeUpdate\MicrosoftEdgeUpdate.exe,4332,,,,,,,,,EF68FBFF-F592-4C5A-9BE2-4FB57D71599F,\MicrosoftEdgeUpdateTaskMachineUA,,,ActionStart
2026-05-13T22:36:16.374762Z,129,dc.scaffold.htb,Microsoft-Windows-TaskScheduler,Microsoft-Windows-TaskScheduler/Operational,586,4,,,,,%systemroot%\system32\usoclient.exe,16384,5520,,,,,\Microsoft\Windows\UpdateOrchestrator\Schedule Scan Static Task,,,CreatedTaskProcess
2026-05-13T22:36:16.375248Z,100,dc.scaffold.htb,Microsoft-Windows-TaskScheduler,Microsoft-Windows-TaskScheduler/Operational,587,4,,,D2C0D42C-C344-406A-B941-10D0CB73AB96,,,,,,,,,\Microsoft\Windows\UpdateOrchestrator\Schedule Scan Static Task,NT AUTHORITY\SYSTEM,,TaskStartEvent
2026-05-13T22:36:16.375252Z,200,dc.scaffold.htb,Microsoft-Windows-TaskScheduler,Microsoft-Windows-TaskScheduler/Operational,588,4,%systemroot%\system32\usoclient.exe,5520,,,,,,,,,D2C0D42C-C344-406A-B941-10D0CB73AB96,\Microsoft\Windows\UpdateOrchestrator\Schedule Scan Static Task,,,ActionStart
2026-05-13T22:36:16.376408Z,114,dc.scaffold.htb,Microsoft-Windows-TaskScheduler,Microsoft-Windows-TaskScheduler/Operational,589,3,,,50CBBE33-E3D1-4F08-90CA-8D617079BC1E,,,,,,,,,\Microsoft\Windows\Application Experience\PcaPatchDbTask,,,MissedTaskLaunched
2026-05-13T22:36:16.381125Z,129,dc.scaffold.htb,Microsoft-Windows-TaskScheduler,Microsoft-Windows-TaskScheduler/Operational,590,4,,,,,%windir%\system32\rundll32.exe,16384,5856,,,,,\Microsoft\Windows\Application Experience\PcaPatchDbTask,,,CreatedTaskProcess
2026-05-13T22:36:16.381431Z,100,dc.scaffold.htb,Microsoft-Windows-TaskScheduler,Microsoft-Windows-TaskScheduler/Operational,591,4,,,50CBBE33-E3D1-4F08-90CA-8D617079BC1E,,,,,,,,,\Microsoft\Windows\Application Experience\PcaPatchDbTask,NT AUTHORITY\SYSTEM,,TaskStartEvent
2026-05-13T22:36:16.381434Z,200,dc.scaffold.htb,Microsoft-Windows-TaskScheduler,Microsoft-Windows-TaskScheduler/Operational,592,4,%windir%\system32\rundll32.exe,5856,,,,,,,,,50CBBE33-E3D1-4F08-90CA-8D617079BC1E,\Microsoft\Windows\Application Experience\PcaPatchDbTask,,,ActionStart
2026-05-13T22:36:16.466973Z,322,dc.scaffold.htb,Microsoft-Windows-TaskScheduler,Microsoft-Windows-TaskScheduler/Operational,593,3,,,,,,,,,,,D2C0D42C-C344-406A-B941-10D0CB73AB96,\Microsoft\Windows\UpdateOrchestrator\Schedule Scan Static Task,,,NewInstanceIgnored
2026-05-13T22:36:17.049998Z,201,dc.scaffold.htb,Microsoft-Windows-TaskScheduler,Microsoft-Windows-TaskScheduler/Operational,594,4,%SystemRoot%\System32\dsregcmd.exe,1976,,,,,,,2147942401,,966DED27-BED2-48D8-8705-B53C23D66B3E,\Microsoft\Windows\Workplace Join\Automatic-Device-Join,,,ActionSuccess
2026-05-13T22:36:17.050313Z,102,dc.scaffold.htb,Microsoft-Windows-TaskScheduler,Microsoft-Windows-TaskScheduler/Operational,595,4,,,966DED27-BED2-48D8-8705-B53C23D66B3E,,,,,,,,,\Microsoft\Windows\Workplace Join\Automatic-Device-Join,NT AUTHORITY\SYSTEM,,TaskSuccessEvent
2026-05-13T22:36:17.053434Z,201,dc.scaffold.htb,Microsoft-Windows-TaskScheduler,Microsoft-Windows-TaskScheduler/Operational,596,4,%systemroot%\system32\usoclient.exe,5520,,,,,,,0,,D2C0D42C-C344-406A-B941-10D0CB73AB96,\Microsoft\Windows\UpdateOrchestrator\Schedule Scan Static Task,,,ActionSuccess
2026-05-13T22:36:17.053955Z,102,dc.scaffold.htb,Microsoft-Windows-TaskScheduler,Microsoft-Windows-TaskScheduler/Operational,597,4,,,D2C0D42C-C344-406A-B941-10D0CB73AB96,,,,,,,,,\Microsoft\Windows\UpdateOrchestrator\Schedule Scan Static Task,NT AUTHORITY\SYSTEM,,TaskSuccessEvent
2026-05-13T22:36:17.162188Z,201,dc.scaffold.htb,Microsoft-Windows-TaskScheduler,Microsoft-Windows-TaskScheduler/Operational,598,4,C:\Program Files (x86)\Microsoft\EdgeUpdate\MicrosoftEdgeUpdate.exe,4332,,,,,,,0,,EF68FBFF-F592-4C5A-9BE2-4FB57D71599F,\MicrosoftEdgeUpdateTaskMachineUA,,,ActionSuccess
2026-05-13T22:36:17.162480Z,102,dc.scaffold.htb,Microsoft-Windows-TaskScheduler,Microsoft-Windows-TaskScheduler/Operational,599,4,,,EF68FBFF-F592-4C5A-9BE2-4FB57D71599F,,,,,,,,,\MicrosoftEdgeUpdateTaskMachineUA,NT AUTHORITY\SYSTEM,,TaskSuccessEvent
2026-05-13T22:36:26.128790Z,201,dc.scaffold.htb,Microsoft-Windows-TaskScheduler,Microsoft-Windows-TaskScheduler/Operational,600,4,%windir%\system32\rundll32.exe,5856,,,,,,,0,,50CBBE33-E3D1-4F08-90CA-8D617079BC1E,\Microsoft\Windows\Application Experience\PcaPatchDbTask,,,ActionSuccess
2026-05-13T22:36:26.128896Z,102,dc.scaffold.htb,Microsoft-Windows-TaskScheduler,Microsoft-Windows-TaskScheduler/Operational,601,4,,,50CBBE33-E3D1-4F08-90CA-8D617079BC1E,,,,,,,,,\Microsoft\Windows\Application Experience\PcaPatchDbTask,NT AUTHORITY\SYSTEM,,TaskSuccessEvent
2026-05-13T22:39:23.505408Z,107,dc.scaffold.htb,Microsoft-Windows-TaskScheduler,Microsoft-Windows-TaskScheduler/Operational,602,4,,,1BDDA3D6-DEFE-4897-94E7-CD7A58CE7DAC,,,,,,,,,\MicrosoftEdgeUpdateTaskMachineUA,,,TimeTriggerEvent
2026-05-13T22:39:23.507861Z,129,dc.scaffold.htb,Microsoft-Windows-TaskScheduler,Microsoft-Windows-TaskScheduler/Operational,603,4,,,,,C:\Program Files (x86)\Microsoft\EdgeUpdate\MicrosoftEdgeUpdate.exe,32,5968,,,,,\MicrosoftEdgeUpdateTaskMachineUA,,,CreatedTaskProcess
2026-05-13T22:39:23.508226Z,100,dc.scaffold.htb,Microsoft-Windows-TaskScheduler,Microsoft-Windows-TaskScheduler/Operational,604,4,,,1BDDA3D6-DEFE-4897-94E7-CD7A58CE7DAC,,,,,,,,,\MicrosoftEdgeUpdateTaskMachineUA,NT AUTHORITY\SYSTEM,,TaskStartEvent
2026-05-13T22:39:23.508246Z,200,dc.scaffold.htb,Microsoft-Windows-TaskScheduler,Microsoft-Windows-TaskScheduler/Operational,605,4,C:\Program Files (x86)\Microsoft\EdgeUpdate\MicrosoftEdgeUpdate.exe,5968,,,,,,,,,1BDDA3D6-DEFE-4897-94E7-CD7A58CE7DAC,\MicrosoftEdgeUpdateTaskMachineUA,,,ActionStart
2026-05-13T22:39:23.556317Z,201,dc.scaffold.htb,Microsoft-Windows-TaskScheduler,Microsoft-Windows-TaskScheduler/Operational,606,4,C:\Program Files (x86)\Microsoft\EdgeUpdate\MicrosoftEdgeUpdate.exe,5968,,,,,,,0,,1BDDA3D6-DEFE-4897-94E7-CD7A58CE7DAC,\MicrosoftEdgeUpdateTaskMachineUA,,,ActionSuccess
2026-05-13T22:39:23.556543Z,102,dc.scaffold.htb,Microsoft-Windows-TaskScheduler,Microsoft-Windows-TaskScheduler/Operational,607,4,,,1BDDA3D6-DEFE-4897-94E7-CD7A58CE7DAC,,,,,,,,,\MicrosoftEdgeUpdateTaskMachineUA,NT AUTHORITY\SYSTEM,,TaskSuccessEvent
2026-05-13T22:48:18.429399Z,140,dc.scaffold.htb,Microsoft-Windows-TaskScheduler,Microsoft-Windows-TaskScheduler/Operational,608,4,,,,,,,,,,,,\Microsoft\Windows\SoftwareProtectionPlatform\SvcRestartTask,,SCAFFOLD\DC$,TaskUpdated
2026-05-13T22:51:43.055710Z,108,dc.scaffold.htb,Microsoft-Windows-TaskScheduler,Microsoft-Windows-TaskScheduler/Operational,609,4,,,2498A92D-8496-45CC-A9BD-A169FE366C55,,,,,,,,,\Microsoft\Windows\Workplace Join\Automatic-Device-Join,,,EventTriggerEvent
2026-05-13T22:51:43.059731Z,129,dc.scaffold.htb,Microsoft-Windows-TaskScheduler,Microsoft-Windows-TaskScheduler/Operational,610,4,,,,,%SystemRoot%\System32\dsregcmd.exe,16384,3840,,,,,\Microsoft\Windows\Workplace Join\Automatic-Device-Join,,,CreatedTaskProcess
2026-05-13T22:51:43.060535Z,100,dc.scaffold.htb,Microsoft-Windows-TaskScheduler,Microsoft-Windows-TaskScheduler/Operational,611,4,,,2498A92D-8496-45CC-A9BD-A169FE366C55,,,,,,,,,\Microsoft\Windows\Workplace Join\Automatic-Device-Join,NT AUTHORITY\SYSTEM,,TaskStartEvent
2026-05-13T22:51:43.060539Z,200,dc.scaffold.htb,Microsoft-Windows-TaskScheduler,Microsoft-Windows-TaskScheduler/Operational,612,4,%SystemRoot%\System32\dsregcmd.exe,3840,,,,,,,,,2498A92D-8496-45CC-A9BD-A169FE366C55,\Microsoft\Windows\Workplace Join\Automatic-Device-Join,,,ActionStart
2026-05-13T22:51:43.123134Z,201,dc.scaffold.htb,Microsoft-Windows-TaskScheduler,Microsoft-Windows-TaskScheduler/Operational,613,4,%SystemRoot%\System32\dsregcmd.exe,3840,,,,,,,2147942401,,2498A92D-8496-45CC-A9BD-A169FE366C55,\Microsoft\Windows\Workplace Join\Automatic-Device-Join,,,ActionSuccess
2026-05-13T22:51:43.123232Z,102,dc.scaffold.htb,Microsoft-Windows-TaskScheduler,Microsoft-Windows-TaskScheduler/Operational,614,4,,,2498A92D-8496-45CC-A9BD-A169FE366C55,,,,,,,,,\Microsoft\Windows\Workplace Join\Automatic-Device-Join,NT AUTHORITY\SYSTEM,,TaskSuccessEvent
2026-05-13T22:58:53.726985Z,129,dc.scaffold.htb,Microsoft-Windows-TaskScheduler,Microsoft-Windows-TaskScheduler/Operational,615,4,,,,,taskhostw.exe,32,1156,,,,,\Microsoft\Windows\CertificateServicesClient\UserTask-Roam,,,CreatedTaskProcess
2026-05-13T22:58:53.727386Z,100,dc.scaffold.htb,Microsoft-Windows-TaskScheduler,Microsoft-Windows-TaskScheduler/Operational,616,4,,,24DF7188-A5C6-4DB7-876B-5D77B0090211,,,,,,,,,\Microsoft\Windows\CertificateServicesClient\UserTask-Roam,SCAFFOLD\Administrator,,TaskStartEvent
2026-05-13T22:58:53.727387Z,200,dc.scaffold.htb,Microsoft-Windows-TaskScheduler,Microsoft-Windows-TaskScheduler/Operational,617,4,Certificate Services Client Task Handler,1156,,,,,,,,,24DF7188-A5C6-4DB7-876B-5D77B0090211,\Microsoft\Windows\CertificateServicesClient\UserTask-Roam,,,ActionStart
2026-05-13T22:58:53.746701Z,201,dc.scaffold.htb,Microsoft-Windows-TaskScheduler,Microsoft-Windows-TaskScheduler/Operational,618,4,Certificate Services Client Task Handler,1156,,,,,,,0,,24DF7188-A5C6-4DB7-876B-5D77B0090211,\Microsoft\Windows\CertificateServicesClient\UserTask-Roam,,,ActionSuccess
2026-05-13T22:58:53.746702Z,102,dc.scaffold.htb,Microsoft-Windows-TaskScheduler,Microsoft-Windows-TaskScheduler/Operational,619,4,,,24DF7188-A5C6-4DB7-876B-5D77B0090211,,,,,,,,,\Microsoft\Windows\CertificateServicesClient\UserTask-Roam,SCAFFOLD\Administrator,,TaskSuccessEvent
2026-05-13T23:16:44.970454Z,411,dc.scaffold.htb,Microsoft-Windows-TaskScheduler,Microsoft-Windows-TaskScheduler/Operational,620,4,,,,TimeChangeSignaled,,,,,,,,,,,
2026-05-13T23:17:11.825159Z,129,dc.scaffold.htb,Microsoft-Windows-TaskScheduler,Microsoft-Windows-TaskScheduler/Operational,621,4,,,,,taskhostw.exe,32,5484,,,,,\Microsoft\Windows\CertificateServicesClient\UserTask-Roam,,,CreatedTaskProcess
2026-05-13T23:17:11.825520Z,100,dc.scaffold.htb,Microsoft-Windows-TaskScheduler,Microsoft-Windows-TaskScheduler/Operational,622,4,,,1F0A95A9-2438-42F5-A25E-5849FA30861E,,,,,,,,,\Microsoft\Windows\CertificateServicesClient\UserTask-Roam,SCAFFOLD\Administrator,,TaskStartEvent
2026-05-13T23:17:11.825521Z,200,dc.scaffold.htb,Microsoft-Windows-TaskScheduler,Microsoft-Windows-TaskScheduler/Operational,623,4,Certificate Services Client Task Handler,5484,,,,,,,,,1F0A95A9-2438-42F5-A25E-5849FA30861E,\Microsoft\Windows\CertificateServicesClient\UserTask-Roam,,,ActionStart
2026-05-13T23:17:11.875975Z,201,dc.scaffold.htb,Microsoft-Windows-TaskScheduler,Microsoft-Windows-TaskScheduler/Operational,624,4,Certificate Services Client Task Handler,5484,,,,,,,0,,1F0A95A9-2438-42F5-A25E-5849FA30861E,\Microsoft\Windows\CertificateServicesClient\UserTask-Roam,,,ActionSuccess
2026-05-13T23:17:11.875976Z,102,dc.scaffold.htb,Microsoft-Windows-TaskScheduler,Microsoft-Windows-TaskScheduler/Operational,625,4,,,1F0A95A9-2438-42F5-A25E-5849FA30861E,,,,,,,,,\Microsoft\Windows\CertificateServicesClient\UserTask-Roam,SCAFFOLD\Administrator,,TaskSuccessEvent
2026-05-13T23:17:26.053853Z,201,dc.scaffold.htb,Microsoft-Windows-TaskScheduler,Microsoft-Windows-TaskScheduler/Operational,626,4,C:\Windows\Explorer.EXE,2196,,,,,,,2147942404,,9B5165B6-2B36-4B30-A635-CD9E4D208376,\CreateExplorerShellUnelevatedTask,,,ActionSuccess
2026-05-13T23:17:26.054833Z,102,dc.scaffold.htb,Microsoft-Windows-TaskScheduler,Microsoft-Windows-TaskScheduler/Operational,627,4,,,9B5165B6-2B36-4B30-A635-CD9E4D208376,,,,,,,,,\CreateExplorerShellUnelevatedTask,SCAFFOLD\Administrator,,TaskSuccessEvent
2026-05-13T23:17:26.096616Z,202,dc.scaffold.htb,Microsoft-Windows-TaskScheduler,Microsoft-Windows-TaskScheduler/Operational,628,2,Wininet Cache task object,5664,,,,,,,2147942404,,BAFC3C9B-4033-4CD3-9F4B-90720A00F6EA,\Microsoft\Windows\Wininet\CacheTask,,,ActionFailure
2026-05-13T23:17:26.096623Z,103,dc.scaffold.htb,Microsoft-Windows-TaskScheduler,Microsoft-Windows-TaskScheduler/Operational,629,2,,,BAFC3C9B-4033-4CD3-9F4B-90720A00F6EA,,,,,,2147942404,,,\Microsoft\Windows\Wininet\CacheTask,,,TaskFailureEvent
2026-05-13T23:17:26.328920Z,201,dc.scaffold.htb,Microsoft-Windows-TaskScheduler,Microsoft-Windows-TaskScheduler/Operational,630,4,C:\Program Files (x86)\Microsoft\EdgeUpdate\MicrosoftEdgeUpdate.exe,5680,,,,,,,2147943691,,0C59E019-25F8-4F55-A0F4-D12E06BE19A4,\MicrosoftEdgeUpdateTaskMachineCore,,,ActionSuccess
2026-05-13T23:17:26.328996Z,102,dc.scaffold.htb,Microsoft-Windows-TaskScheduler,Microsoft-Windows-TaskScheduler/Operational,631,4,,,0C59E019-25F8-4F55-A0F4-D12E06BE19A4,,,,,,,,,\MicrosoftEdgeUpdateTaskMachineCore,NT AUTHORITY\SYSTEM,,TaskSuccessEvent
2026-05-13T23:17:26.329080Z,111,dc.scaffold.htb,Microsoft-Windows-TaskScheduler,Microsoft-Windows-TaskScheduler/Operational,632,4,,,0C59E019-25F8-4F55-A0F4-D12E06BE19A4,,,,,,,,,\MicrosoftEdgeUpdateTaskMachineCore,,,TaskTerminationEvent
2026-05-13T23:17:26.574584Z,402,dc.scaffold.htb,Microsoft-Windows-TaskScheduler,Microsoft-Windows-TaskScheduler/Operational,633,4,,,,ServiceStopEvent,,,,,,,,,,,
2026-05-13T23:17:49.507447Z,700,dc.scaffold.htb,Microsoft-Windows-TaskScheduler,Microsoft-Windows-TaskScheduler/Operational,634,4,,,,CompatibilityAdapterLaunch,,,,,,,,,,,
2026-05-13T23:17:49.569473Z,400,dc.scaffold.htb,Microsoft-Windows-TaskScheduler,Microsoft-Windows-TaskScheduler/Operational,635,4,,,,ServiceStartEvent,,,,,,,,,,,
2026-05-13T23:17:49.591768Z,118,dc.scaffold.htb,Microsoft-Windows-TaskScheduler,Microsoft-Windows-TaskScheduler/Operational,636,4,,,0D7487B2-B838-421F-8DC5-BBA7CD094503,,,,,,,,,\Microsoft\Windows\ExploitGuard\ExploitGuard MDM policy Refresh,,,BootTrigger
2026-05-13T23:17:49.596118Z,129,dc.scaffold.htb,Microsoft-Windows-TaskScheduler,Microsoft-Windows-TaskScheduler/Operational,637,4,,,,,taskhostw.exe,16384,2076,,,,,\Microsoft\Windows\ExploitGuard\ExploitGuard MDM policy Refresh,,,CreatedTaskProcess
2026-05-13T23:17:49.596336Z,100,dc.scaffold.htb,Microsoft-Windows-TaskScheduler,Microsoft-Windows-TaskScheduler/Operational,638,4,,,0D7487B2-B838-421F-8DC5-BBA7CD094503,,,,,,,,,\Microsoft\Windows\ExploitGuard\ExploitGuard MDM policy Refresh,NT AUTHORITY\SYSTEM,,TaskStartEvent
2026-05-13T23:17:49.596338Z,200,dc.scaffold.htb,Microsoft-Windows-TaskScheduler,Microsoft-Windows-TaskScheduler/Operational,639,4,,2076,,,,,,,,,0D7487B2-B838-421F-8DC5-BBA7CD094503,\Microsoft\Windows\ExploitGuard\ExploitGuard MDM policy Refresh,,,ActionStart
2026-05-13T23:17:49.596542Z,129,dc.scaffold.htb,Microsoft-Windows-TaskScheduler,Microsoft-Windows-TaskScheduler/Operational,640,4,,,,,%windir%\system32\dxgiadaptercache.exe,16384,2088,,,,,\Microsoft\Windows\DirectX\DXGIAdapterCache,,,CreatedTaskProcess
2026-05-13T23:17:49.596617Z,100,dc.scaffold.htb,Microsoft-Windows-TaskScheduler,Microsoft-Windows-TaskScheduler/Operational,641,4,,,1CBE7BC4-EEC0-4336-A1B9-BFAC6FE53B49,,,,,,,,,\Microsoft\Windows\DirectX\DXGIAdapterCache,NT AUTHORITY\SYSTEM,,TaskStartEvent
2026-05-13T23:17:49.596619Z,200,dc.scaffold.htb,Microsoft-Windows-TaskScheduler,Microsoft-Windows-TaskScheduler/Operational,642,4,%windir%\system32\dxgiadaptercache.exe,2088,,,,,,,,,1CBE7BC4-EEC0-4336-A1B9-BFAC6FE53B49,\Microsoft\Windows\DirectX\DXGIAdapterCache,,,ActionStart
2026-05-13T23:17:49.746700Z,101,dc.scaffold.htb,Microsoft-Windows-TaskScheduler,Microsoft-Windows-TaskScheduler/Operational,643,2,,,,,,,,,2147943568,,,\Microsoft\Windows\Workplace Join\Automatic-Device-Join,(default user),,TaskStartFailedEvent
2026-05-13T23:17:50.048793Z,129,dc.scaffold.htb,Microsoft-Windows-TaskScheduler,Microsoft-Windows-TaskScheduler/Operational,644,4,,,,,taskhostw.exe,16384,2548,,,,,\Microsoft\Windows\Time Synchronization\ForceSynchronizeTime,,,CreatedTaskProcess
2026-05-13T23:17:50.048912Z,100,dc.scaffold.htb,Microsoft-Windows-TaskScheduler,Microsoft-Windows-TaskScheduler/Operational,645,4,,,04AD9298-E7B0-42A4-92B0-C77898D78717,,,,,,,,,\Microsoft\Windows\Time Synchronization\ForceSynchronizeTime,(NONE),,TaskStartEvent
2026-05-13T23:17:50.048913Z,200,dc.scaffold.htb,Microsoft-Windows-TaskScheduler,Microsoft-Windows-TaskScheduler/Operational,646,4,Time Synchronization Task Handler,2548,,,,,,,,,04AD9298-E7B0-42A4-92B0-C77898D78717,\Microsoft\Windows\Time Synchronization\ForceSynchronizeTime,,,ActionStart
2026-05-13T23:17:50.068341Z,201,dc.scaffold.htb,Microsoft-Windows-TaskScheduler,Microsoft-Windows-TaskScheduler/Operational,647,4,Time Synchronization Task Handler,2548,,,,,,,0,,04AD9298-E7B0-42A4-92B0-C77898D78717,\Microsoft\Windows\Time Synchronization\ForceSynchronizeTime,,,ActionSuccess
2026-05-13T23:17:50.068344Z,102,dc.scaffold.htb,Microsoft-Windows-TaskScheduler,Microsoft-Windows-TaskScheduler/Operational,648,4,,,04AD9298-E7B0-42A4-92B0-C77898D78717,,,,,,,,,\Microsoft\Windows\Time Synchronization\ForceSynchronizeTime,(NONE),,TaskSuccessEvent
2026-05-13T23:17:50.069922Z,201,dc.scaffold.htb,Microsoft-Windows-TaskScheduler,Microsoft-Windows-TaskScheduler/Operational,649,4,%windir%\system32\dxgiadaptercache.exe,2088,,,,,,,0,,1CBE7BC4-EEC0-4336-A1B9-BFAC6FE53B49,\Microsoft\Windows\DirectX\DXGIAdapterCache,,,ActionSuccess
2026-05-13T23:17:50.070185Z,102,dc.scaffold.htb,Microsoft-Windows-TaskScheduler,Microsoft-Windows-TaskScheduler/Operational,650,4,,,1CBE7BC4-EEC0-4336-A1B9-BFAC6FE53B49,,,,,,,,,\Microsoft\Windows\DirectX\DXGIAdapterCache,NT AUTHORITY\SYSTEM,,TaskSuccessEvent
2026-05-13T23:17:50.074233Z,201,dc.scaffold.htb,Microsoft-Windows-TaskScheduler,Microsoft-Windows-TaskScheduler/Operational,651,4,,2076,,,,,,,0,,0D7487B2-B838-421F-8DC5-BBA7CD094503,\Microsoft\Windows\ExploitGuard\ExploitGuard MDM policy Refresh,,,ActionSuccess
2026-05-13T23:17:50.074234Z,102,dc.scaffold.htb,Microsoft-Windows-TaskScheduler,Microsoft-Windows-TaskScheduler/Operational,652,4,,,0D7487B2-B838-421F-8DC5-BBA7CD094503,,,,,,,,,\Microsoft\Windows\ExploitGuard\ExploitGuard MDM policy Refresh,NT AUTHORITY\SYSTEM,,TaskSuccessEvent
2026-05-13T23:17:50.761683Z,325,dc.scaffold.htb,Microsoft-Windows-TaskScheduler,Microsoft-Windows-TaskScheduler/Operational,653,3,,,,,,,,E319EC82-4D46-4C4A-B2B9-EFF7704A6E3E,,,,\Microsoft\Windows\Workplace Join\Automatic-Device-Join,,,TaskInstanceQueued
2026-05-13T23:17:50.761848Z,110,dc.scaffold.htb,Microsoft-Windows-TaskScheduler,Microsoft-Windows-TaskScheduler/Operational,654,4,,,E319EC82-4D46-4C4A-B2B9-EFF7704A6E3E,,,,,,,,,\Microsoft\Windows\Workplace Join\Automatic-Device-Join,System,,TaskRunEvent
2026-05-13T23:17:50.770388Z,129,dc.scaffold.htb,Microsoft-Windows-TaskScheduler,Microsoft-Windows-TaskScheduler/Operational,655,4,,,,,%SystemRoot%\System32\dsregcmd.exe,16384,2628,,,,,\Microsoft\Windows\Workplace Join\Automatic-Device-Join,,,CreatedTaskProcess
2026-05-13T23:17:50.770795Z,100,dc.scaffold.htb,Microsoft-Windows-TaskScheduler,Microsoft-Windows-TaskScheduler/Operational,656,4,,,E319EC82-4D46-4C4A-B2B9-EFF7704A6E3E,,,,,,,,,\Microsoft\Windows\Workplace Join\Automatic-Device-Join,NT AUTHORITY\SYSTEM,,TaskStartEvent
2026-05-13T23:17:50.770798Z,200,dc.scaffold.htb,Microsoft-Windows-TaskScheduler,Microsoft-Windows-TaskScheduler/Operational,657,4,%SystemRoot%\System32\dsregcmd.exe,2628,,,,,,,,,E319EC82-4D46-4C4A-B2B9-EFF7704A6E3E,\Microsoft\Windows\Workplace Join\Automatic-Device-Join,,,ActionStart
2026-05-13T23:18:00.090917Z,118,dc.scaffold.htb,Microsoft-Windows-TaskScheduler,Microsoft-Windows-TaskScheduler/Operational,658,4,,,915FF407-9EE3-4984-9740-B3C1BA3DC516,,,,,,,,,\Microsoft\Windows\CertificateServicesClient\SystemTask,,,BootTrigger
2026-05-13T23:18:00.094764Z,129,dc.scaffold.htb,Microsoft-Windows-TaskScheduler,Microsoft-Windows-TaskScheduler/Operational,659,4,,,,,taskhostw.exe,16384,4632,,,,,\Microsoft\Windows\CertificateServicesClient\SystemTask,,,CreatedTaskProcess
2026-05-13T23:18:00.095185Z,100,dc.scaffold.htb,Microsoft-Windows-TaskScheduler,Microsoft-Windows-TaskScheduler/Operational,660,4,,,915FF407-9EE3-4984-9740-B3C1BA3DC516,,,,,,,,,\Microsoft\Windows\CertificateServicesClient\SystemTask,NT AUTHORITY\SYSTEM,,TaskStartEvent
2026-05-13T23:18:00.095188Z,200,dc.scaffold.htb,Microsoft-Windows-TaskScheduler,Microsoft-Windows-TaskScheduler/Operational,661,4,Certificate Services Client Task Handler,4632,,,,,,,,,915FF407-9EE3-4984-9740-B3C1BA3DC516,\Microsoft\Windows\CertificateServicesClient\SystemTask,,,ActionStart
2026-05-13T23:18:28.394839Z,201,dc.scaffold.htb,Microsoft-Windows-TaskScheduler,Microsoft-Windows-TaskScheduler/Operational,662,4,%SystemRoot%\System32\dsregcmd.exe,2628,,,,,,,0,,E319EC82-4D46-4C4A-B2B9-EFF7704A6E3E,\Microsoft\Windows\Workplace Join\Automatic-Device-Join,,,ActionSuccess
2026-05-13T23:18:28.395060Z,102,dc.scaffold.htb,Microsoft-Windows-TaskScheduler,Microsoft-Windows-TaskScheduler/Operational,663,4,,,E319EC82-4D46-4C4A-B2B9-EFF7704A6E3E,,,,,,,,,\Microsoft\Windows\Workplace Join\Automatic-Device-Join,NT AUTHORITY\SYSTEM,,TaskSuccessEvent
2026-05-13T23:18:28.568432Z,201,dc.scaffold.htb,Microsoft-Windows-TaskScheduler,Microsoft-Windows-TaskScheduler/Operational,664,4,Certificate Services Client Task Handler,4632,,,,,,,0,,915FF407-9EE3-4984-9740-B3C1BA3DC516,\Microsoft\Windows\CertificateServicesClient\SystemTask,,,ActionSuccess
2026-05-13T23:18:28.568432Z,102,dc.scaffold.htb,Microsoft-Windows-TaskScheduler,Microsoft-Windows-TaskScheduler/Operational,665,4,,,915FF407-9EE3-4984-9740-B3C1BA3DC516,,,,,,,,,\Microsoft\Windows\CertificateServicesClient\SystemTask,NT AUTHORITY\SYSTEM,,TaskSuccessEvent
2026-05-13T23:18:28.842122Z,140,dc.scaffold.htb,Microsoft-Windows-TaskScheduler,Microsoft-Windows-TaskScheduler/Operational,666,4,,,,,,,,,,,,\Microsoft\Windows\SoftwareProtectionPlatform\SvcRestartTask,,SCAFFOLD\DC$,TaskUpdated
2026-05-13T23:18:50.093506Z,118,dc.scaffold.htb,Microsoft-Windows-TaskScheduler,Microsoft-Windows-TaskScheduler/Operational,667,4,,,F1A0D5C6-D871-497E-AF29-7F5EA43DC09F,,,,,,,,,\Microsoft\Windows\Software Inventory Logging\Configuration,,,BootTrigger
2026-05-13T23:18:50.093578Z,118,dc.scaffold.htb,Microsoft-Windows-TaskScheduler,Microsoft-Windows-TaskScheduler/Operational,668,4,,,47CD8694-89FE-4C81-953B-C6892FBDB820,,,,,,,,,\Microsoft\Windows\DirectX\DXGIAdapterCache,,,BootTrigger
2026-05-13T23:18:50.098508Z,129,dc.scaffold.htb,Microsoft-Windows-TaskScheduler,Microsoft-Windows-TaskScheduler/Operational,669,4,,,,,%windir%\system32\dxgiadaptercache.exe,16384,5408,,,,,\Microsoft\Windows\DirectX\DXGIAdapterCache,,,CreatedTaskProcess
2026-05-13T23:18:50.098802Z,100,dc.scaffold.htb,Microsoft-Windows-TaskScheduler,Microsoft-Windows-TaskScheduler/Operational,670,4,,,47CD8694-89FE-4C81-953B-C6892FBDB820,,,,,,,,,\Microsoft\Windows\DirectX\DXGIAdapterCache,NT AUTHORITY\SYSTEM,,TaskStartEvent
2026-05-13T23:18:50.098806Z,200,dc.scaffold.htb,Microsoft-Windows-TaskScheduler,Microsoft-Windows-TaskScheduler/Operational,671,4,%windir%\system32\dxgiadaptercache.exe,5408,,,,,,,,,47CD8694-89FE-4C81-953B-C6892FBDB820,\Microsoft\Windows\DirectX\DXGIAdapterCache,,,ActionStart
2026-05-13T23:18:50.105313Z,129,dc.scaffold.htb,Microsoft-Windows-TaskScheduler,Microsoft-Windows-TaskScheduler/Operational,672,4,,,,,%systemroot%\system32\cmd.exe,16384,5424,,,,,\Microsoft\Windows\Software Inventory Logging\Configuration,,,CreatedTaskProcess
2026-05-13T23:18:50.105599Z,100,dc.scaffold.htb,Microsoft-Windows-TaskScheduler,Microsoft-Windows-TaskScheduler/Operational,673,4,,,F1A0D5C6-D871-497E-AF29-7F5EA43DC09F,,,,,,,,,\Microsoft\Windows\Software Inventory Logging\Configuration,NT AUTHORITY\SYSTEM,,TaskStartEvent
2026-05-13T23:18:50.105602Z,200,dc.scaffold.htb,Microsoft-Windows-TaskScheduler,Microsoft-Windows-TaskScheduler/Operational,674,4,%systemroot%\system32\cmd.exe,5424,,,,,,,,,F1A0D5C6-D871-497E-AF29-7F5EA43DC09F,\Microsoft\Windows\Software Inventory Logging\Configuration,,,ActionStart
2026-05-13T23:18:50.330413Z,201,dc.scaffold.htb,Microsoft-Windows-TaskScheduler,Microsoft-Windows-TaskScheduler/Operational,675,4,%windir%\system32\dxgiadaptercache.exe,5408,,,,,,,0,,47CD8694-89FE-4C81-953B-C6892FBDB820,\Microsoft\Windows\DirectX\DXGIAdapterCache,,,ActionSuccess
2026-05-13T23:18:50.330503Z,102,dc.scaffold.htb,Microsoft-Windows-TaskScheduler,Microsoft-Windows-TaskScheduler/Operational,676,4,,,47CD8694-89FE-4C81-953B-C6892FBDB820,,,,,,,,,\Microsoft\Windows\DirectX\DXGIAdapterCache,NT AUTHORITY\SYSTEM,,TaskSuccessEvent
2026-05-13T23:18:50.429049Z,201,dc.scaffold.htb,Microsoft-Windows-TaskScheduler,Microsoft-Windows-TaskScheduler/Operational,677,4,%systemroot%\system32\cmd.exe,5424,,,,,,,0,,F1A0D5C6-D871-497E-AF29-7F5EA43DC09F,\Microsoft\Windows\Software Inventory Logging\Configuration,,,ActionSuccess
2026-05-13T23:18:50.429152Z,102,dc.scaffold.htb,Microsoft-Windows-TaskScheduler,Microsoft-Windows-TaskScheduler/Operational,678,4,,,F1A0D5C6-D871-497E-AF29-7F5EA43DC09F,,,,,,,,,\Microsoft\Windows\Software Inventory Logging\Configuration,NT AUTHORITY\SYSTEM,,TaskSuccessEvent
2026-05-13T23:19:47.157269Z,119,dc.scaffold.htb,Microsoft-Windows-TaskScheduler,Microsoft-Windows-TaskScheduler/Operational,679,4,,,B215EEFB-2E77-47E0-B810-46302B552DCC,,,,,,,,,\Microsoft\Windows\TextServicesFramework\MsCtfMonitor,,SCAFFOLD\Administrator,LogonTrigger
2026-05-13T23:19:47.157952Z,119,dc.scaffold.htb,Microsoft-Windows-TaskScheduler,Microsoft-Windows-TaskScheduler/Operational,680,4,,,B2706662-EBD6-4B11-BB70-2C6D8F7FEA0A,,,,,,,,,\Microsoft\Windows\Server Manager\ServerManager,,SCAFFOLD\Administrator,LogonTrigger
2026-05-13T23:19:47.159831Z,129,dc.scaffold.htb,Microsoft-Windows-TaskScheduler,Microsoft-Windows-TaskScheduler/Operational,681,4,,,,,taskhostw.exe,32,3628,,,,,\Microsoft\Windows\TextServicesFramework\MsCtfMonitor,,,CreatedTaskProcess
2026-05-13T23:19:47.160537Z,100,dc.scaffold.htb,Microsoft-Windows-TaskScheduler,Microsoft-Windows-TaskScheduler/Operational,682,4,,,B215EEFB-2E77-47E0-B810-46302B552DCC,,,,,,,,,\Microsoft\Windows\TextServicesFramework\MsCtfMonitor,SCAFFOLD\Administrator,,TaskStartEvent
2026-05-13T23:19:47.160540Z,200,dc.scaffold.htb,Microsoft-Windows-TaskScheduler,Microsoft-Windows-TaskScheduler/Operational,683,4,MsCtfMonitor task handler,3628,,,,,,,,,B215EEFB-2E77-47E0-B810-46302B552DCC,\Microsoft\Windows\TextServicesFramework\MsCtfMonitor,,,ActionStart
2026-05-13T23:19:47.162058Z,119,dc.scaffold.htb,Microsoft-Windows-TaskScheduler,Microsoft-Windows-TaskScheduler/Operational,684,4,,,1FB8427E-92C5-4875-B14B-6432BE29462E,,,,,,,,,\Microsoft\Windows\CertificateServicesClient\UserTask,,SCAFFOLD\Administrator,LogonTrigger
2026-05-13T23:19:47.164143Z,129,dc.scaffold.htb,Microsoft-Windows-TaskScheduler,Microsoft-Windows-TaskScheduler/Operational,685,4,,,,,%windir%\system32\ServerManagerLauncher.exe,32,3420,,,,,\Microsoft\Windows\Server Manager\ServerManager,,,CreatedTaskProcess
2026-05-13T23:19:47.164476Z,100,dc.scaffold.htb,Microsoft-Windows-TaskScheduler,Microsoft-Windows-TaskScheduler/Operational,686,4,,,B2706662-EBD6-4B11-BB70-2C6D8F7FEA0A,,,,,,,,,\Microsoft\Windows\Server Manager\ServerManager,SCAFFOLD\Administrator,,TaskStartEvent
2026-05-13T23:19:47.164479Z,200,dc.scaffold.htb,Microsoft-Windows-TaskScheduler,Microsoft-Windows-TaskScheduler/Operational,687,4,%windir%\system32\ServerManagerLauncher.exe,3420,,,,,,,,,B2706662-EBD6-4B11-BB70-2C6D8F7FEA0A,\Microsoft\Windows\Server Manager\ServerManager,,,ActionStart
2026-05-13T23:19:47.165420Z,119,dc.scaffold.htb,Microsoft-Windows-TaskScheduler,Microsoft-Windows-TaskScheduler/Operational,688,4,,,1552D751-7901-46C8-BF19-F8D225E963DC,,,,,,,,,\Microsoft\Windows\Wininet\CacheTask,,SCAFFOLD\Administrator,LogonTrigger
2026-05-13T23:19:47.165428Z,119,dc.scaffold.htb,Microsoft-Windows-TaskScheduler,Microsoft-Windows-TaskScheduler/Operational,689,4,,,A2698C0D-E79F-44EF-A69F-FB9EC1D9CC91,,,,,,,,,\Microsoft\Windows\Plug and Play\Device Install Reboot Required,,SCAFFOLD\Administrator,LogonTrigger
2026-05-13T23:19:47.165774Z,100,dc.scaffold.htb,Microsoft-Windows-TaskScheduler,Microsoft-Windows-TaskScheduler/Operational,690,4,,,1552D751-7901-46C8-BF19-F8D225E963DC,,,,,,,,,\Microsoft\Windows\Wininet\CacheTask,SCAFFOLD\Administrator,,TaskStartEvent
2026-05-13T23:19:47.165791Z,200,dc.scaffold.htb,Microsoft-Windows-TaskScheduler,Microsoft-Windows-TaskScheduler/Operational,691,4,Wininet Cache task object,3628,,,,,,,,,1552D751-7901-46C8-BF19-F8D225E963DC,\Microsoft\Windows\Wininet\CacheTask,,,ActionStart
2026-05-13T23:19:47.166274Z,119,dc.scaffold.htb,Microsoft-Windows-TaskScheduler,Microsoft-Windows-TaskScheduler/Operational,692,4,,,B7D955F1-7B09-458D-98D2-984D45445A49,,,,,,,,,\MicrosoftEdgeUpdateTaskMachineCore,,SCAFFOLD\Administrator,LogonTrigger
2026-05-13T23:19:47.167379Z,129,dc.scaffold.htb,Microsoft-Windows-TaskScheduler,Microsoft-Windows-TaskScheduler/Operational,693,4,,,,,taskhostw.exe,32,4544,,,,,\Microsoft\Windows\CertificateServicesClient\UserTask,,,CreatedTaskProcess
2026-05-13T23:19:47.167711Z,100,dc.scaffold.htb,Microsoft-Windows-TaskScheduler,Microsoft-Windows-TaskScheduler/Operational,694,4,,,1FB8427E-92C5-4875-B14B-6432BE29462E,,,,,,,,,\Microsoft\Windows\CertificateServicesClient\UserTask,SCAFFOLD\Administrator,,TaskStartEvent
2026-05-13T23:19:47.167713Z,200,dc.scaffold.htb,Microsoft-Windows-TaskScheduler,Microsoft-Windows-TaskScheduler/Operational,695,4,Certificate Services Client Task Handler,4544,,,,,,,,,1FB8427E-92C5-4875-B14B-6432BE29462E,\Microsoft\Windows\CertificateServicesClient\UserTask,,,ActionStart
2026-05-13T23:19:47.172679Z,119,dc.scaffold.htb,Microsoft-Windows-TaskScheduler,Microsoft-Windows-TaskScheduler/Operational,696,4,,,83F71B90-9A2C-494E-8A5B-959A844A5B2A,,,,,,,,,\Microsoft\Windows\WindowsColorSystem\Calibration Loader,,SCAFFOLD\Administrator,LogonTrigger
2026-05-13T23:19:47.173089Z,100,dc.scaffold.htb,Microsoft-Windows-TaskScheduler,Microsoft-Windows-TaskScheduler/Operational,697,4,,,83F71B90-9A2C-494E-8A5B-959A844A5B2A,,,,,,,,,\Microsoft\Windows\WindowsColorSystem\Calibration Loader,SCAFFOLD\Administrator,,TaskStartEvent
2026-05-13T23:19:47.173093Z,200,dc.scaffold.htb,Microsoft-Windows-TaskScheduler,Microsoft-Windows-TaskScheduler/Operational,698,4,Color Calibration Loader,4544,,,,,,,,,83F71B90-9A2C-494E-8A5B-959A844A5B2A,\Microsoft\Windows\WindowsColorSystem\Calibration Loader,,,ActionStart
2026-05-13T23:19:47.208340Z,129,dc.scaffold.htb,Microsoft-Windows-TaskScheduler,Microsoft-Windows-TaskScheduler/Operational,699,4,,,,,C:\Program Files (x86)\Microsoft\EdgeUpdate\MicrosoftEdgeUpdate.exe,32,1132,,,,,\MicrosoftEdgeUpdateTaskMachineCore,,,CreatedTaskProcess
2026-05-13T23:19:47.208766Z,100,dc.scaffold.htb,Microsoft-Windows-TaskScheduler,Microsoft-Windows-TaskScheduler/Operational,700,4,,,B7D955F1-7B09-458D-98D2-984D45445A49,,,,,,,,,\MicrosoftEdgeUpdateTaskMachineCore,NT AUTHORITY\SYSTEM,,TaskStartEvent
2026-05-13T23:19:47.208769Z,200,dc.scaffold.htb,Microsoft-Windows-TaskScheduler,Microsoft-Windows-TaskScheduler/Operational,701,4,C:\Program Files (x86)\Microsoft\EdgeUpdate\MicrosoftEdgeUpdate.exe,1132,,,,,,,,,B7D955F1-7B09-458D-98D2-984D45445A49,\MicrosoftEdgeUpdateTaskMachineCore,,,ActionStart
2026-05-13T23:19:47.243628Z,201,dc.scaffold.htb,Microsoft-Windows-TaskScheduler,Microsoft-Windows-TaskScheduler/Operational,702,4,MsCtfMonitor task handler,3628,,,,,,,0,,B215EEFB-2E77-47E0-B810-46302B552DCC,\Microsoft\Windows\TextServicesFramework\MsCtfMonitor,,,ActionSuccess
2026-05-13T23:19:47.243630Z,102,dc.scaffold.htb,Microsoft-Windows-TaskScheduler,Microsoft-Windows-TaskScheduler/Operational,703,4,,,B215EEFB-2E77-47E0-B810-46302B552DCC,,,,,,,,,\Microsoft\Windows\TextServicesFramework\MsCtfMonitor,SCAFFOLD\Administrator,,TaskSuccessEvent
2026-05-13T23:19:47.289237Z,129,dc.scaffold.htb,Microsoft-Windows-TaskScheduler,Microsoft-Windows-TaskScheduler/Operational,704,4,,,,,taskhostw.exe,32,1768,,,,,\Microsoft\Windows\Plug and Play\Device Install Reboot Required,,,CreatedTaskProcess
2026-05-13T23:19:47.289729Z,100,dc.scaffold.htb,Microsoft-Windows-TaskScheduler,Microsoft-Windows-TaskScheduler/Operational,705,4,,,A2698C0D-E79F-44EF-A69F-FB9EC1D9CC91,,,,,,,,,\Microsoft\Windows\Plug and Play\Device Install Reboot Required,SCAFFOLD\Administrator,,TaskStartEvent
2026-05-13T23:19:47.289731Z,200,dc.scaffold.htb,Microsoft-Windows-TaskScheduler,Microsoft-Windows-TaskScheduler/Operational,706,4,Device Installation Reboot Dialog Task,1768,,,,,,,,,A2698C0D-E79F-44EF-A69F-FB9EC1D9CC91,\Microsoft\Windows\Plug and Play\Device Install Reboot Required,,,ActionStart
2026-05-13T23:19:47.546064Z,141,dc.scaffold.htb,Microsoft-Windows-TaskScheduler,Microsoft-Windows-TaskScheduler/Operational,707,4,,,,,,,,,,,,\CreateExplorerShellUnelevatedTask,,SCAFFOLD\Administrator,TaskDeleted
2026-05-13T23:19:47.554345Z,106,dc.scaffold.htb,Microsoft-Windows-TaskScheduler,Microsoft-Windows-TaskScheduler/Operational,708,4,,,,,,,,,,,,\CreateExplorerShellUnelevatedTask,SCAFFOLD\Administrator,,TaskRegisteredEvent
2026-05-13T23:19:47.554347Z,140,dc.scaffold.htb,Microsoft-Windows-TaskScheduler,Microsoft-Windows-TaskScheduler/Operational,709,4,,,,,,,,,,,,\CreateExplorerShellUnelevatedTask,,SCAFFOLD\Administrator,TaskUpdated
2026-05-13T23:19:47.554656Z,109,dc.scaffold.htb,Microsoft-Windows-TaskScheduler,Microsoft-Windows-TaskScheduler/Operational,710,4,,,7F6DB334-0185-47B4-9160-45ACF08ECE2A,,,,,,,,,\CreateExplorerShellUnelevatedTask,,,RegistrationTriggerEvent
2026-05-13T23:19:47.557812Z,129,dc.scaffold.htb,Microsoft-Windows-TaskScheduler,Microsoft-Windows-TaskScheduler/Operational,711,4,,,,,C:\Windows\Explorer.EXE,32,2444,,,,,\CreateExplorerShellUnelevatedTask,,,CreatedTaskProcess
2026-05-13T23:19:47.558076Z,100,dc.scaffold.htb,Microsoft-Windows-TaskScheduler,Microsoft-Windows-TaskScheduler/Operational,712,4,,,7F6DB334-0185-47B4-9160-45ACF08ECE2A,,,,,,,,,\CreateExplorerShellUnelevatedTask,SCAFFOLD\Administrator,,TaskStartEvent
2026-05-13T23:19:47.558077Z,200,dc.scaffold.htb,Microsoft-Windows-TaskScheduler,Microsoft-Windows-TaskScheduler/Operational,713,4,C:\Windows\Explorer.EXE,2444,,,,,,,,,7F6DB334-0185-47B4-9160-45ACF08ECE2A,\CreateExplorerShellUnelevatedTask,,,ActionStart
2026-05-13T23:19:47.604439Z,201,dc.scaffold.htb,Microsoft-Windows-TaskScheduler,Microsoft-Windows-TaskScheduler/Operational,714,4,Certificate Services Client Task Handler,4544,,,,,,,0,,1FB8427E-92C5-4875-B14B-6432BE29462E,\Microsoft\Windows\CertificateServicesClient\UserTask,,,ActionSuccess
2026-05-13T23:19:47.604441Z,102,dc.scaffold.htb,Microsoft-Windows-TaskScheduler,Microsoft-Windows-TaskScheduler/Operational,715,4,,,1FB8427E-92C5-4875-B14B-6432BE29462E,,,,,,,,,\Microsoft\Windows\CertificateServicesClient\UserTask,SCAFFOLD\Administrator,,TaskSuccessEvent
2026-05-13T23:19:47.674413Z,201,dc.scaffold.htb,Microsoft-Windows-TaskScheduler,Microsoft-Windows-TaskScheduler/Operational,716,4,Device Installation Reboot Dialog Task,1768,,,,,,,0,,A2698C0D-E79F-44EF-A69F-FB9EC1D9CC91,\Microsoft\Windows\Plug and Play\Device Install Reboot Required,,,ActionSuccess
2026-05-13T23:19:47.674415Z,102,dc.scaffold.htb,Microsoft-Windows-TaskScheduler,Microsoft-Windows-TaskScheduler/Operational,717,4,,,A2698C0D-E79F-44EF-A69F-FB9EC1D9CC91,,,,,,,,,\Microsoft\Windows\Plug and Play\Device Install Reboot Required,SCAFFOLD\Administrator,,TaskSuccessEvent
2026-05-13T23:19:47.753969Z,201,dc.scaffold.htb,Microsoft-Windows-TaskScheduler,Microsoft-Windows-TaskScheduler/Operational,718,4,Color Calibration Loader,4544,,,,,,,0,,83F71B90-9A2C-494E-8A5B-959A844A5B2A,\Microsoft\Windows\WindowsColorSystem\Calibration Loader,,,ActionSuccess
2026-05-13T23:19:47.753971Z,102,dc.scaffold.htb,Microsoft-Windows-TaskScheduler,Microsoft-Windows-TaskScheduler/Operational,719,4,,,83F71B90-9A2C-494E-8A5B-959A844A5B2A,,,,,,,,,\Microsoft\Windows\WindowsColorSystem\Calibration Loader,SCAFFOLD\Administrator,,TaskSuccessEvent
2026-05-13T23:19:49.362635Z,201,dc.scaffold.htb,Microsoft-Windows-TaskScheduler,Microsoft-Windows-TaskScheduler/Operational,720,4,%windir%\system32\ServerManagerLauncher.exe,3420,,,,,,,0,,B2706662-EBD6-4B11-BB70-2C6D8F7FEA0A,\Microsoft\Windows\Server Manager\ServerManager,,,ActionSuccess
2026-05-13T23:19:49.362945Z,102,dc.scaffold.htb,Microsoft-Windows-TaskScheduler,Microsoft-Windows-TaskScheduler/Operational,721,4,,,B2706662-EBD6-4B11-BB70-2C6D8F7FEA0A,,,,,,,,,\Microsoft\Windows\Server Manager\ServerManager,SCAFFOLD\Administrator,,TaskSuccessEvent
2026-05-13T23:19:58.982054Z,140,dc.scaffold.htb,Microsoft-Windows-TaskScheduler,Microsoft-Windows-TaskScheduler/Operational,722,4,,,,,,,,,,,,\Microsoft\Windows\Application Experience\PcaPatchDbTask,,SCAFFOLD\DC$,TaskUpdated
2026-05-13T23:20:01.671338Z,140,dc.scaffold.htb,Microsoft-Windows-TaskScheduler,Microsoft-Windows-TaskScheduler/Operational,723,4,,,,,,,,,,,,\Microsoft\Windows\UpdateOrchestrator\Schedule Scan,,S-1-5-18,TaskUpdated
2026-05-13T23:20:01.691152Z,140,dc.scaffold.htb,Microsoft-Windows-TaskScheduler,Microsoft-Windows-TaskScheduler/Operational,724,4,,,,,,,,,,,,\Microsoft\Windows\UpdateOrchestrator\Schedule Scan,,SCAFFOLD\DC$,TaskUpdated
2026-05-13T23:20:17.662627Z,119,dc.scaffold.htb,Microsoft-Windows-TaskScheduler,Microsoft-Windows-TaskScheduler/Operational,725,4,,,C231F698-A6BB-4943-83BF-B606DFA28DBC,,,,,,,,,\Microsoft\Windows\International\Synchronize Language Settings,,SCAFFOLD\Administrator,LogonTrigger
2026-05-13T23:20:17.665610Z,129,dc.scaffold.htb,Microsoft-Windows-TaskScheduler,Microsoft-Windows-TaskScheduler/Operational,726,4,,,,,taskhostw.exe,32,7020,,,,,\Microsoft\Windows\International\Synchronize Language Settings,,,CreatedTaskProcess
2026-05-13T23:20:17.666017Z,100,dc.scaffold.htb,Microsoft-Windows-TaskScheduler,Microsoft-Windows-TaskScheduler/Operational,727,4,,,C231F698-A6BB-4943-83BF-B606DFA28DBC,,,,,,,,,\Microsoft\Windows\International\Synchronize Language Settings,SCAFFOLD\Administrator,,TaskStartEvent
2026-05-13T23:20:17.666020Z,200,dc.scaffold.htb,Microsoft-Windows-TaskScheduler,Microsoft-Windows-TaskScheduler/Operational,728,4,Sync Language Data From Cloud Task,7020,,,,,,,,,C231F698-A6BB-4943-83BF-B606DFA28DBC,\Microsoft\Windows\International\Synchronize Language Settings,,,ActionStart
2026-05-13T23:20:29.190357Z,140,dc.scaffold.htb,Microsoft-Windows-TaskScheduler,Microsoft-Windows-TaskScheduler/Operational,729,4,,,,,,,,,,,,\Microsoft\Windows\SoftwareProtectionPlatform\SvcRestartTask,,SCAFFOLD\DC$,TaskUpdated
2026-05-13T23:20:47.661558Z,119,dc.scaffold.htb,Microsoft-Windows-TaskScheduler,Microsoft-Windows-TaskScheduler/Operational,730,4,,,F9808392-BEE0-4619-938E-3572084CBD86,,,,,,,,,\Microsoft\Windows\Workplace Join\Automatic-Device-Join,,SCAFFOLD\Administrator,LogonTrigger
2026-05-13T23:20:47.665748Z,129,dc.scaffold.htb,Microsoft-Windows-TaskScheduler,Microsoft-Windows-TaskScheduler/Operational,731,4,,,,,%SystemRoot%\System32\dsregcmd.exe,16384,1352,,,,,\Microsoft\Windows\Workplace Join\Automatic-Device-Join,,,CreatedTaskProcess
2026-05-13T23:20:47.666063Z,100,dc.scaffold.htb,Microsoft-Windows-TaskScheduler,Microsoft-Windows-TaskScheduler/Operational,732,4,,,F9808392-BEE0-4619-938E-3572084CBD86,,,,,,,,,\Microsoft\Windows\Workplace Join\Automatic-Device-Join,NT AUTHORITY\SYSTEM,,TaskStartEvent
2026-05-13T23:20:47.666067Z,200,dc.scaffold.htb,Microsoft-Windows-TaskScheduler,Microsoft-Windows-TaskScheduler/Operational,733,4,%SystemRoot%\System32\dsregcmd.exe,1352,,,,,,,,,F9808392-BEE0-4619-938E-3572084CBD86,\Microsoft\Windows\Workplace Join\Automatic-Device-Join,,,ActionStart
2026-05-13T23:20:47.720849Z,201,dc.scaffold.htb,Microsoft-Windows-TaskScheduler,Microsoft-Windows-TaskScheduler/Operational,734,4,%SystemRoot%\System32\dsregcmd.exe,1352,,,,,,,2147942401,,F9808392-BEE0-4619-938E-3572084CBD86,\Microsoft\Windows\Workplace Join\Automatic-Device-Join,,,ActionSuccess
2026-05-13T23:20:47.720941Z,102,dc.scaffold.htb,Microsoft-Windows-TaskScheduler,Microsoft-Windows-TaskScheduler/Operational,735,4,,,F9808392-BEE0-4619-938E-3572084CBD86,,,,,,,,,\Microsoft\Windows\Workplace Join\Automatic-Device-Join,NT AUTHORITY\SYSTEM,,TaskSuccessEvent
2026-05-13T23:20:50.077966Z,118,dc.scaffold.htb,Microsoft-Windows-TaskScheduler,Microsoft-Windows-TaskScheduler/Operational,736,4,,,2205847E-4C45-42E3-BC70-6E38DCABE2C3,,,,,,,,,\Microsoft\Windows\Windows Error Reporting\QueueReporting,,,BootTrigger
2026-05-13T23:20:50.082767Z,129,dc.scaffold.htb,Microsoft-Windows-TaskScheduler,Microsoft-Windows-TaskScheduler/Operational,737,4,,,,,taskhostw.exe,16384,6396,,,,,\Microsoft\Windows\Flighting\FeatureConfig\ReconcileFeatures,,,CreatedTaskProcess
2026-05-13T23:20:50.083066Z,100,dc.scaffold.htb,Microsoft-Windows-TaskScheduler,Microsoft-Windows-TaskScheduler/Operational,738,4,,,DC609745-786D-4EBC-8CEF-46A6F1FA7C30,,,,,,,,,\Microsoft\Windows\Flighting\FeatureConfig\ReconcileFeatures,NT AUTHORITY\SYSTEM,,TaskStartEvent
2026-05-13T23:20:50.083069Z,200,dc.scaffold.htb,Microsoft-Windows-TaskScheduler,Microsoft-Windows-TaskScheduler/Operational,739,4,Feature Configuration Reconciliation Task Handler,6396,,,,,,,,,DC609745-786D-4EBC-8CEF-46A6F1FA7C30,\Microsoft\Windows\Flighting\FeatureConfig\ReconcileFeatures,,,ActionStart
2026-05-13T23:20:50.093671Z,129,dc.scaffold.htb,Microsoft-Windows-TaskScheduler,Microsoft-Windows-TaskScheduler/Operational,740,4,,,,,%windir%\system32\wermgr.exe,16384,1512,,,,,\Microsoft\Windows\Windows Error Reporting\QueueReporting,,,CreatedTaskProcess
2026-05-13T23:20:50.093884Z,100,dc.scaffold.htb,Microsoft-Windows-TaskScheduler,Microsoft-Windows-TaskScheduler/Operational,741,4,,,2205847E-4C45-42E3-BC70-6E38DCABE2C3,,,,,,,,,\Microsoft\Windows\Windows Error Reporting\QueueReporting,NT AUTHORITY\SYSTEM,,TaskStartEvent
2026-05-13T23:20:50.093886Z,200,dc.scaffold.htb,Microsoft-Windows-TaskScheduler,Microsoft-Windows-TaskScheduler/Operational,742,4,%windir%\system32\wermgr.exe,1512,,,,,,,,,2205847E-4C45-42E3-BC70-6E38DCABE2C3,\Microsoft\Windows\Windows Error Reporting\QueueReporting,,,ActionStart
2026-05-13T23:20:50.117634Z,201,dc.scaffold.htb,Microsoft-Windows-TaskScheduler,Microsoft-Windows-TaskScheduler/Operational,743,4,Feature Configuration Reconciliation Task Handler,6396,,,,,,,0,,DC609745-786D-4EBC-8CEF-46A6F1FA7C30,\Microsoft\Windows\Flighting\FeatureConfig\ReconcileFeatures,,,ActionSuccess
2026-05-13T23:20:50.117635Z,102,dc.scaffold.htb,Microsoft-Windows-TaskScheduler,Microsoft-Windows-TaskScheduler/Operational,744,4,,,DC609745-786D-4EBC-8CEF-46A6F1FA7C30,,,,,,,,,\Microsoft\Windows\Flighting\FeatureConfig\ReconcileFeatures,NT AUTHORITY\SYSTEM,,TaskSuccessEvent
2026-05-13T23:20:50.186921Z,201,dc.scaffold.htb,Microsoft-Windows-TaskScheduler,Microsoft-Windows-TaskScheduler/Operational,745,4,%windir%\system32\wermgr.exe,1512,,,,,,,0,,2205847E-4C45-42E3-BC70-6E38DCABE2C3,\Microsoft\Windows\Windows Error Reporting\QueueReporting,,,ActionSuccess
2026-05-13T23:20:50.187072Z,102,dc.scaffold.htb,Microsoft-Windows-TaskScheduler,Microsoft-Windows-TaskScheduler/Operational,746,4,,,2205847E-4C45-42E3-BC70-6E38DCABE2C3,,,,,,,,,\Microsoft\Windows\Windows Error Reporting\QueueReporting,NT AUTHORITY\SYSTEM,,TaskSuccessEvent
2026-05-13T23:20:52.241240Z,202,dc.scaffold.htb,Microsoft-Windows-TaskScheduler,Microsoft-Windows-TaskScheduler/Operational,747,2,Sync Language Data From Cloud Task,7020,,,,,,,2147746053,,C231F698-A6BB-4943-83BF-B606DFA28DBC,\Microsoft\Windows\International\Synchronize Language Settings,,,ActionFailure
2026-05-13T23:20:52.241245Z,103,dc.scaffold.htb,Microsoft-Windows-TaskScheduler,Microsoft-Windows-TaskScheduler/Operational,748,2,,,C231F698-A6BB-4943-83BF-B606DFA28DBC,,,,,,2147746053,,,\Microsoft\Windows\International\Synchronize Language Settings,SCAFFOLD\Administrator,,TaskFailureEvent
2026-05-14T00:26:35.996237Z,107,dc.scaffold.htb,Microsoft-Windows-TaskScheduler,Microsoft-Windows-TaskScheduler/Operational,749,4,,,C61E8B84-0F88-4BCD-BA17-A2238E67E2F1,,,,,,,,,\MicrosoftEdgeUpdateTaskMachineUA,,,TimeTriggerEvent
