2026-05-23T23:59:30.962565Z,110,dc.scaffold.htb,Microsoft-Windows-TaskScheduler,Microsoft-Windows-TaskScheduler/Operational,6983,4,,,284FBE2E-3C27-4D2D-999F-3143222DDE4C,,,,,,,,,\Scaffold\ScaffoldDeployEngine,System,,TaskRunEvent
2026-05-23T23:59:30.965592Z,129,dc.scaffold.htb,Microsoft-Windows-TaskScheduler,Microsoft-Windows-TaskScheduler/Operational,6984,4,,,,,powershell.exe,16384,7548,,,,,\Scaffold\ScaffoldDeployEngine,,,CreatedTaskProcess
2026-05-23T23:59:30.965737Z,100,dc.scaffold.htb,Microsoft-Windows-TaskScheduler,Microsoft-Windows-TaskScheduler/Operational,6985,4,,,284FBE2E-3C27-4D2D-999F-3143222DDE4C,,,,,,,,,\Scaffold\ScaffoldDeployEngine,NT AUTHORITY\SYSTEM,,TaskStartEvent
2026-05-23T23:59:30.965746Z,200,dc.scaffold.htb,Microsoft-Windows-TaskScheduler,Microsoft-Windows-TaskScheduler/Operational,6986,4,powershell.exe,7548,,,,,,,,,284FBE2E-3C27-4D2D-999F-3143222DDE4C,\Scaffold\ScaffoldDeployEngine,,,ActionStart
2026-05-23T23:59:31.285028Z,201,dc.scaffold.htb,Microsoft-Windows-TaskScheduler,Microsoft-Windows-TaskScheduler/Operational,6987,4,powershell.exe,7548,,,,,,,0,,284FBE2E-3C27-4D2D-999F-3143222DDE4C,\Scaffold\ScaffoldDeployEngine,,,ActionSuccess
2026-05-23T23:59:31.285152Z,102,dc.scaffold.htb,Microsoft-Windows-TaskScheduler,Microsoft-Windows-TaskScheduler/Operational,6988,4,,,284FBE2E-3C27-4D2D-999F-3143222DDE4C,,,,,,,,,\Scaffold\ScaffoldDeployEngine,NT AUTHORITY\SYSTEM,,TaskSuccessEvent
2026-05-24T00:00:06.242425Z,325,dc.scaffold.htb,Microsoft-Windows-TaskScheduler,Microsoft-Windows-TaskScheduler/Operational,6989,3,,,,,,,,554E1264-F495-423B-9FEA-75E17120E795,,,,\Scaffold\ScaffoldDeployEngine,,,TaskInstanceQueued
2026-05-24T00:00:06.242561Z,110,dc.scaffold.htb,Microsoft-Windows-TaskScheduler,Microsoft-Windows-TaskScheduler/Operational,6990,4,,,554E1264-F495-423B-9FEA-75E17120E795,,,,,,,,,\Scaffold\ScaffoldDeployEngine,System,,TaskRunEvent
2026-05-24T00:00:06.245724Z,129,dc.scaffold.htb,Microsoft-Windows-TaskScheduler,Microsoft-Windows-TaskScheduler/Operational,6991,4,,,,,powershell.exe,16384,1960,,,,,\Scaffold\ScaffoldDeployEngine,,,CreatedTaskProcess
2026-05-24T00:00:06.245863Z,100,dc.scaffold.htb,Microsoft-Windows-TaskScheduler,Microsoft-Windows-TaskScheduler/Operational,6992,4,,,554E1264-F495-423B-9FEA-75E17120E795,,,,,,,,,\Scaffold\ScaffoldDeployEngine,NT AUTHORITY\SYSTEM,,TaskStartEvent
2026-05-24T00:00:06.245864Z,200,dc.scaffold.htb,Microsoft-Windows-TaskScheduler,Microsoft-Windows-TaskScheduler/Operational,6993,4,powershell.exe,1960,,,,,,,,,554E1264-F495-423B-9FEA-75E17120E795,\Scaffold\ScaffoldDeployEngine,,,ActionStart
2026-05-24T00:00:06.531250Z,201,dc.scaffold.htb,Microsoft-Windows-TaskScheduler,Microsoft-Windows-TaskScheduler/Operational,6994,4,powershell.exe,1960,,,,,,,0,,554E1264-F495-423B-9FEA-75E17120E795,\Scaffold\ScaffoldDeployEngine,,,ActionSuccess
2026-05-24T00:00:06.531370Z,102,dc.scaffold.htb,Microsoft-Windows-TaskScheduler,Microsoft-Windows-TaskScheduler/Operational,6995,4,,,554E1264-F495-423B-9FEA-75E17120E795,,,,,,,,,\Scaffold\ScaffoldDeployEngine,NT AUTHORITY\SYSTEM,,TaskSuccessEvent
2026-05-24T00:00:38.834445Z,325,dc.scaffold.htb,Microsoft-Windows-TaskScheduler,Microsoft-Windows-TaskScheduler/Operational,6996,3,,,,,,,,2D7ED3B8-9028-494C-B28B-30E91001AB4A,,,,\Scaffold\ScaffoldDeployEngine,,,TaskInstanceQueued
2026-05-24T00:00:38.834585Z,110,dc.scaffold.htb,Microsoft-Windows-TaskScheduler,Microsoft-Windows-TaskScheduler/Operational,6997,4,,,2D7ED3B8-9028-494C-B28B-30E91001AB4A,,,,,,,,,\Scaffold\ScaffoldDeployEngine,System,,TaskRunEvent
2026-05-24T00:00:38.836523Z,129,dc.scaffold.htb,Microsoft-Windows-TaskScheduler,Microsoft-Windows-TaskScheduler/Operational,6998,4,,,,,powershell.exe,16384,6988,,,,,\Scaffold\ScaffoldDeployEngine,,,CreatedTaskProcess
2026-05-24T00:00:38.836634Z,100,dc.scaffold.htb,Microsoft-Windows-TaskScheduler,Microsoft-Windows-TaskScheduler/Operational,6999,4,,,2D7ED3B8-9028-494C-B28B-30E91001AB4A,,,,,,,,,\Scaffold\ScaffoldDeployEngine,NT AUTHORITY\SYSTEM,,TaskStartEvent
2026-05-24T00:00:38.836636Z,200,dc.scaffold.htb,Microsoft-Windows-TaskScheduler,Microsoft-Windows-TaskScheduler/Operational,7000,4,powershell.exe,6988,,,,,,,,,2D7ED3B8-9028-494C-B28B-30E91001AB4A,\Scaffold\ScaffoldDeployEngine,,,ActionStart
2026-05-24T00:00:39.768168Z,201,dc.scaffold.htb,Microsoft-Windows-TaskScheduler,Microsoft-Windows-TaskScheduler/Operational,7001,4,powershell.exe,6988,,,,,,,0,,2D7ED3B8-9028-494C-B28B-30E91001AB4A,\Scaffold\ScaffoldDeployEngine,,,ActionSuccess
2026-05-24T00:00:39.768295Z,102,dc.scaffold.htb,Microsoft-Windows-TaskScheduler,Microsoft-Windows-TaskScheduler/Operational,7002,4,,,2D7ED3B8-9028-494C-B28B-30E91001AB4A,,,,,,,,,\Scaffold\ScaffoldDeployEngine,NT AUTHORITY\SYSTEM,,TaskSuccessEvent
2026-05-24T00:00:41.745075Z,107,dc.scaffold.htb,Microsoft-Windows-TaskScheduler,Microsoft-Windows-TaskScheduler/Operational,7003,4,,,C7DCB96A-FC5C-4545-937A-FD891AAC2905,,,,,,,,,\Scaffold\ScaffoldDeployEngine,,,TimeTriggerEvent
2026-05-24T00:00:41.749129Z,129,dc.scaffold.htb,Microsoft-Windows-TaskScheduler,Microsoft-Windows-TaskScheduler/Operational,7004,4,,,,,powershell.exe,16384,1968,,,,,\Scaffold\ScaffoldDeployEngine,,,CreatedTaskProcess
2026-05-24T00:00:41.749449Z,100,dc.scaffold.htb,Microsoft-Windows-TaskScheduler,Microsoft-Windows-TaskScheduler/Operational,7005,4,,,C7DCB96A-FC5C-4545-937A-FD891AAC2905,,,,,,,,,\Scaffold\ScaffoldDeployEngine,NT AUTHORITY\SYSTEM,,TaskStartEvent
2026-05-24T00:00:41.749452Z,200,dc.scaffold.htb,Microsoft-Windows-TaskScheduler,Microsoft-Windows-TaskScheduler/Operational,7006,4,powershell.exe,1968,,,,,,,,,C7DCB96A-FC5C-4545-937A-FD891AAC2905,\Scaffold\ScaffoldDeployEngine,,,ActionStart
2026-05-24T00:00:42.770877Z,201,dc.scaffold.htb,Microsoft-Windows-TaskScheduler,Microsoft-Windows-TaskScheduler/Operational,7007,4,powershell.exe,1968,,,,,,,0,,C7DCB96A-FC5C-4545-937A-FD891AAC2905,\Scaffold\ScaffoldDeployEngine,,,ActionSuccess
2026-05-24T00:00:42.771000Z,102,dc.scaffold.htb,Microsoft-Windows-TaskScheduler,Microsoft-Windows-TaskScheduler/Operational,7008,4,,,C7DCB96A-FC5C-4545-937A-FD891AAC2905,,,,,,,,,\Scaffold\ScaffoldDeployEngine,NT AUTHORITY\SYSTEM,,TaskSuccessEvent
2026-05-24T00:01:22.593065Z,140,dc.scaffold.htb,Microsoft-Windows-TaskScheduler,Microsoft-Windows-TaskScheduler/Operational,7009,4,,,,,,,,,,,,\Microsoft\Windows\SoftwareProtectionPlatform\SvcRestartTask,,SCAFFOLD\DC$,TaskUpdated
2026-05-24T00:02:41.758109Z,107,dc.scaffold.htb,Microsoft-Windows-TaskScheduler,Microsoft-Windows-TaskScheduler/Operational,7010,4,,,CE866545-FD69-4A1C-AA39-DCD3BDDF7053,,,,,,,,,\Scaffold\ScaffoldDeployEngine,,,TimeTriggerEvent
2026-05-24T00:02:41.762648Z,129,dc.scaffold.htb,Microsoft-Windows-TaskScheduler,Microsoft-Windows-TaskScheduler/Operational,7011,4,,,,,powershell.exe,16384,4380,,,,,\Scaffold\ScaffoldDeployEngine,,,CreatedTaskProcess
2026-05-24T00:02:41.762963Z,100,dc.scaffold.htb,Microsoft-Windows-TaskScheduler,Microsoft-Windows-TaskScheduler/Operational,7012,4,,,CE866545-FD69-4A1C-AA39-DCD3BDDF7053,,,,,,,,,\Scaffold\ScaffoldDeployEngine,NT AUTHORITY\SYSTEM,,TaskStartEvent
2026-05-24T00:02:41.762966Z,200,dc.scaffold.htb,Microsoft-Windows-TaskScheduler,Microsoft-Windows-TaskScheduler/Operational,7013,4,powershell.exe,4380,,,,,,,,,CE866545-FD69-4A1C-AA39-DCD3BDDF7053,\Scaffold\ScaffoldDeployEngine,,,ActionStart
2026-05-24T00:02:42.080302Z,201,dc.scaffold.htb,Microsoft-Windows-TaskScheduler,Microsoft-Windows-TaskScheduler/Operational,7014,4,powershell.exe,4380,,,,,,,0,,CE866545-FD69-4A1C-AA39-DCD3BDDF7053,\Scaffold\ScaffoldDeployEngine,,,ActionSuccess
2026-05-24T00:02:42.080410Z,102,dc.scaffold.htb,Microsoft-Windows-TaskScheduler,Microsoft-Windows-TaskScheduler/Operational,7015,4,,,CE866545-FD69-4A1C-AA39-DCD3BDDF7053,,,,,,,,,\Scaffold\ScaffoldDeployEngine,NT AUTHORITY\SYSTEM,,TaskSuccessEvent
2026-05-24T00:04:22.659901Z,325,dc.scaffold.htb,Microsoft-Windows-TaskScheduler,Microsoft-Windows-TaskScheduler/Operational,7016,3,,,,,,,,19FD1A67-FE42-426E-B94E-43B02FC91264,,,,\Microsoft\Windows\WDI\ResolutionHost,,,TaskInstanceQueued
2026-05-24T00:04:22.660062Z,110,dc.scaffold.htb,Microsoft-Windows-TaskScheduler,Microsoft-Windows-TaskScheduler/Operational,7017,4,,,19FD1A67-FE42-426E-B94E-43B02FC91264,,,,,,,,,\Microsoft\Windows\WDI\ResolutionHost,Administrator,,TaskRunEvent
2026-05-24T00:04:22.662356Z,129,dc.scaffold.htb,Microsoft-Windows-TaskScheduler,Microsoft-Windows-TaskScheduler/Operational,7018,4,,,,,taskhostw.exe,32,2744,,,,,\Microsoft\Windows\WDI\ResolutionHost,,,CreatedTaskProcess
2026-05-24T00:04:22.662845Z,100,dc.scaffold.htb,Microsoft-Windows-TaskScheduler,Microsoft-Windows-TaskScheduler/Operational,7019,4,,,19FD1A67-FE42-426E-B94E-43B02FC91264,,,,,,,,,\Microsoft\Windows\WDI\ResolutionHost,SCAFFOLD\Administrator,,TaskStartEvent
2026-05-24T00:04:22.662846Z,200,dc.scaffold.htb,Microsoft-Windows-TaskScheduler,Microsoft-Windows-TaskScheduler/Operational,7020,4,DiagnosticInfrastructureCustomHandler,2744,,,,,,,,,19FD1A67-FE42-426E-B94E-43B02FC91264,\Microsoft\Windows\WDI\ResolutionHost,,,ActionStart
2026-05-24T00:04:30.746103Z,141,dc.scaffold.htb,Microsoft-Windows-TaskScheduler,Microsoft-Windows-TaskScheduler/Operational,7021,4,,,,,,,,,,,,\CreateExplorerShellUnelevatedTask,,SCAFFOLD\Administrator,TaskDeleted
2026-05-24T00:04:30.746789Z,111,dc.scaffold.htb,Microsoft-Windows-TaskScheduler,Microsoft-Windows-TaskScheduler/Operational,7022,4,,,EDDE59E2-EC17-42BB-829F-EC54762E6B98,,,,,,,,,\CreateExplorerShellUnelevatedTask,,,TaskTerminationEvent
2026-05-24T00:04:30.750466Z,106,dc.scaffold.htb,Microsoft-Windows-TaskScheduler,Microsoft-Windows-TaskScheduler/Operational,7023,4,,,,,,,,,,,,\CreateExplorerShellUnelevatedTask,SCAFFOLD\Administrator,,TaskRegisteredEvent
2026-05-24T00:04:30.750466Z,140,dc.scaffold.htb,Microsoft-Windows-TaskScheduler,Microsoft-Windows-TaskScheduler/Operational,7024,4,,,,,,,,,,,,\CreateExplorerShellUnelevatedTask,,SCAFFOLD\Administrator,TaskUpdated
2026-05-24T00:04:30.750820Z,109,dc.scaffold.htb,Microsoft-Windows-TaskScheduler,Microsoft-Windows-TaskScheduler/Operational,7025,4,,,3DF6892B-1703-45E0-9FD2-1A5D514886AA,,,,,,,,,\CreateExplorerShellUnelevatedTask,,,RegistrationTriggerEvent
2026-05-24T00:04:30.752554Z,129,dc.scaffold.htb,Microsoft-Windows-TaskScheduler,Microsoft-Windows-TaskScheduler/Operational,7026,4,,,,,C:\Windows\explorer.exe,32,2980,,,,,\CreateExplorerShellUnelevatedTask,,,CreatedTaskProcess
2026-05-24T00:04:30.752743Z,100,dc.scaffold.htb,Microsoft-Windows-TaskScheduler,Microsoft-Windows-TaskScheduler/Operational,7027,4,,,3DF6892B-1703-45E0-9FD2-1A5D514886AA,,,,,,,,,\CreateExplorerShellUnelevatedTask,SCAFFOLD\Administrator,,TaskStartEvent
2026-05-24T00:04:30.752745Z,200,dc.scaffold.htb,Microsoft-Windows-TaskScheduler,Microsoft-Windows-TaskScheduler/Operational,7028,4,C:\Windows\explorer.exe,2980,,,,,,,,,3DF6892B-1703-45E0-9FD2-1A5D514886AA,\CreateExplorerShellUnelevatedTask,,,ActionStart
2026-05-24T00:04:31.482598Z,129,dc.scaffold.htb,Microsoft-Windows-TaskScheduler,Microsoft-Windows-TaskScheduler/Operational,7029,4,,,,,%windir%\system32\wermgr.exe,16384,6388,,,,,\Microsoft\Windows\Windows Error Reporting\QueueReporting,,,CreatedTaskProcess
2026-05-24T00:04:31.482784Z,100,dc.scaffold.htb,Microsoft-Windows-TaskScheduler,Microsoft-Windows-TaskScheduler/Operational,7030,4,,,AB3B66E1-DAA4-4F1F-A359-A71D2FE03D0E,,,,,,,,,\Microsoft\Windows\Windows Error Reporting\QueueReporting,NT AUTHORITY\SYSTEM,,TaskStartEvent
2026-05-24T00:04:31.482785Z,200,dc.scaffold.htb,Microsoft-Windows-TaskScheduler,Microsoft-Windows-TaskScheduler/Operational,7031,4,%windir%\system32\wermgr.exe,6388,,,,,,,,,AB3B66E1-DAA4-4F1F-A359-A71D2FE03D0E,\Microsoft\Windows\Windows Error Reporting\QueueReporting,,,ActionStart
2026-05-24T00:04:31.499419Z,201,dc.scaffold.htb,Microsoft-Windows-TaskScheduler,Microsoft-Windows-TaskScheduler/Operational,7032,4,C:\Windows\explorer.exe,2980,,,,,,,2147943867,,3DF6892B-1703-45E0-9FD2-1A5D514886AA,\CreateExplorerShellUnelevatedTask,,,ActionSuccess
2026-05-24T00:04:31.499727Z,102,dc.scaffold.htb,Microsoft-Windows-TaskScheduler,Microsoft-Windows-TaskScheduler/Operational,7033,4,,,3DF6892B-1703-45E0-9FD2-1A5D514886AA,,,,,,,,,\CreateExplorerShellUnelevatedTask,SCAFFOLD\Administrator,,TaskSuccessEvent
2026-05-24T00:04:31.507957Z,141,dc.scaffold.htb,Microsoft-Windows-TaskScheduler,Microsoft-Windows-TaskScheduler/Operational,7034,4,,,,,,,,,,,,\CreateExplorerShellUnelevatedTask,,SCAFFOLD\Administrator,TaskDeleted
2026-05-24T00:04:31.511828Z,106,dc.scaffold.htb,Microsoft-Windows-TaskScheduler,Microsoft-Windows-TaskScheduler/Operational,7035,4,,,,,,,,,,,,\CreateExplorerShellUnelevatedTask,SCAFFOLD\Administrator,,TaskRegisteredEvent
2026-05-24T00:04:31.511829Z,140,dc.scaffold.htb,Microsoft-Windows-TaskScheduler,Microsoft-Windows-TaskScheduler/Operational,7036,4,,,,,,,,,,,,\CreateExplorerShellUnelevatedTask,,SCAFFOLD\Administrator,TaskUpdated
2026-05-24T00:04:31.512423Z,109,dc.scaffold.htb,Microsoft-Windows-TaskScheduler,Microsoft-Windows-TaskScheduler/Operational,7037,4,,,74482861-6877-4419-8AA9-24E1E4B19B50,,,,,,,,,\CreateExplorerShellUnelevatedTask,,,RegistrationTriggerEvent
2026-05-24T00:04:31.513881Z,129,dc.scaffold.htb,Microsoft-Windows-TaskScheduler,Microsoft-Windows-TaskScheduler/Operational,7038,4,,,,,C:\Windows\explorer.exe,32,6456,,,,,\CreateExplorerShellUnelevatedTask,,,CreatedTaskProcess
2026-05-24T00:04:31.514097Z,100,dc.scaffold.htb,Microsoft-Windows-TaskScheduler,Microsoft-Windows-TaskScheduler/Operational,7039,4,,,74482861-6877-4419-8AA9-24E1E4B19B50,,,,,,,,,\CreateExplorerShellUnelevatedTask,SCAFFOLD\Administrator,,TaskStartEvent
2026-05-24T00:04:31.514098Z,200,dc.scaffold.htb,Microsoft-Windows-TaskScheduler,Microsoft-Windows-TaskScheduler/Operational,7040,4,C:\Windows\explorer.exe,6456,,,,,,,,,74482861-6877-4419-8AA9-24E1E4B19B50,\CreateExplorerShellUnelevatedTask,,,ActionStart
2026-05-24T00:04:32.029777Z,324,dc.scaffold.htb,Microsoft-Windows-TaskScheduler,Microsoft-Windows-TaskScheduler/Operational,7041,3,,,,,,,,C6DEBB25-25A4-4AF7-8628-CF4F33CB3424,,AB3B66E1-DAA4-4F1F-A359-A71D2FE03D0E,,\Microsoft\Windows\Windows Error Reporting\QueueReporting,,,NewInstanceQueued
2026-05-24T00:04:32.067852Z,201,dc.scaffold.htb,Microsoft-Windows-TaskScheduler,Microsoft-Windows-TaskScheduler/Operational,7042,4,C:\Windows\explorer.exe,6456,,,,,,,2147943867,,74482861-6877-4419-8AA9-24E1E4B19B50,\CreateExplorerShellUnelevatedTask,,,ActionSuccess
2026-05-24T00:04:32.068163Z,102,dc.scaffold.htb,Microsoft-Windows-TaskScheduler,Microsoft-Windows-TaskScheduler/Operational,7043,4,,,74482861-6877-4419-8AA9-24E1E4B19B50,,,,,,,,,\CreateExplorerShellUnelevatedTask,SCAFFOLD\Administrator,,TaskSuccessEvent
2026-05-24T00:04:32.078172Z,141,dc.scaffold.htb,Microsoft-Windows-TaskScheduler,Microsoft-Windows-TaskScheduler/Operational,7044,4,,,,,,,,,,,,\CreateExplorerShellUnelevatedTask,,SCAFFOLD\Administrator,TaskDeleted
2026-05-24T00:04:32.083295Z,106,dc.scaffold.htb,Microsoft-Windows-TaskScheduler,Microsoft-Windows-TaskScheduler/Operational,7045,4,,,,,,,,,,,,\CreateExplorerShellUnelevatedTask,SCAFFOLD\Administrator,,TaskRegisteredEvent
2026-05-24T00:04:32.083296Z,140,dc.scaffold.htb,Microsoft-Windows-TaskScheduler,Microsoft-Windows-TaskScheduler/Operational,7046,4,,,,,,,,,,,,\CreateExplorerShellUnelevatedTask,,SCAFFOLD\Administrator,TaskUpdated
2026-05-24T00:04:32.083537Z,109,dc.scaffold.htb,Microsoft-Windows-TaskScheduler,Microsoft-Windows-TaskScheduler/Operational,7047,4,,,5FC65EBF-6BD5-447A-AB8C-D7437E3DA4C9,,,,,,,,,\CreateExplorerShellUnelevatedTask,,,RegistrationTriggerEvent
2026-05-24T00:04:32.085003Z,129,dc.scaffold.htb,Microsoft-Windows-TaskScheduler,Microsoft-Windows-TaskScheduler/Operational,7048,4,,,,,C:\Windows\explorer.exe,32,7424,,,,,\CreateExplorerShellUnelevatedTask,,,CreatedTaskProcess
2026-05-24T00:04:32.085183Z,100,dc.scaffold.htb,Microsoft-Windows-TaskScheduler,Microsoft-Windows-TaskScheduler/Operational,7049,4,,,5FC65EBF-6BD5-447A-AB8C-D7437E3DA4C9,,,,,,,,,\CreateExplorerShellUnelevatedTask,SCAFFOLD\Administrator,,TaskStartEvent
2026-05-24T00:04:32.085184Z,200,dc.scaffold.htb,Microsoft-Windows-TaskScheduler,Microsoft-Windows-TaskScheduler/Operational,7050,4,C:\Windows\explorer.exe,7424,,,,,,,,,5FC65EBF-6BD5-447A-AB8C-D7437E3DA4C9,\CreateExplorerShellUnelevatedTask,,,ActionStart
2026-05-24T00:04:32.572567Z,324,dc.scaffold.htb,Microsoft-Windows-TaskScheduler,Microsoft-Windows-TaskScheduler/Operational,7051,3,,,,,,,,0D491A47-0933-471B-9E49-BFF56FD1B86A,,AB3B66E1-DAA4-4F1F-A359-A71D2FE03D0E,,\Microsoft\Windows\Windows Error Reporting\QueueReporting,,,NewInstanceQueued
2026-05-24T00:04:32.604730Z,201,dc.scaffold.htb,Microsoft-Windows-TaskScheduler,Microsoft-Windows-TaskScheduler/Operational,7052,4,C:\Windows\explorer.exe,7424,,,,,,,2147943867,,5FC65EBF-6BD5-447A-AB8C-D7437E3DA4C9,\CreateExplorerShellUnelevatedTask,,,ActionSuccess
2026-05-24T00:04:32.605028Z,102,dc.scaffold.htb,Microsoft-Windows-TaskScheduler,Microsoft-Windows-TaskScheduler/Operational,7053,4,,,5FC65EBF-6BD5-447A-AB8C-D7437E3DA4C9,,,,,,,,,\CreateExplorerShellUnelevatedTask,SCAFFOLD\Administrator,,TaskSuccessEvent
2026-05-24T00:04:32.612479Z,141,dc.scaffold.htb,Microsoft-Windows-TaskScheduler,Microsoft-Windows-TaskScheduler/Operational,7054,4,,,,,,,,,,,,\CreateExplorerShellUnelevatedTask,,SCAFFOLD\Administrator,TaskDeleted
2026-05-24T00:04:32.616663Z,106,dc.scaffold.htb,Microsoft-Windows-TaskScheduler,Microsoft-Windows-TaskScheduler/Operational,7055,4,,,,,,,,,,,,\CreateExplorerShellUnelevatedTask,SCAFFOLD\Administrator,,TaskRegisteredEvent
2026-05-24T00:04:32.616668Z,140,dc.scaffold.htb,Microsoft-Windows-TaskScheduler,Microsoft-Windows-TaskScheduler/Operational,7056,4,,,,,,,,,,,,\CreateExplorerShellUnelevatedTask,,SCAFFOLD\Administrator,TaskUpdated
2026-05-24T00:05:04.329073Z,700,dc.scaffold.htb,Microsoft-Windows-TaskScheduler,Microsoft-Windows-TaskScheduler/Operational,7057,4,,,,CompatibilityAdapterLaunch,,,,,,,,,,,
2026-05-24T00:05:04.474389Z,400,dc.scaffold.htb,Microsoft-Windows-TaskScheduler,Microsoft-Windows-TaskScheduler/Operational,7058,4,,,,ServiceStartEvent,,,,,,,,,,,
2026-05-24T00:05:04.533526Z,129,dc.scaffold.htb,Microsoft-Windows-TaskScheduler,Microsoft-Windows-TaskScheduler/Operational,7059,4,,,,,%windir%\system32\dxgiadaptercache.exe,16384,2112,,,,,\Microsoft\Windows\DirectX\DXGIAdapterCache,,,CreatedTaskProcess
2026-05-24T00:05:04.533808Z,100,dc.scaffold.htb,Microsoft-Windows-TaskScheduler,Microsoft-Windows-TaskScheduler/Operational,7060,4,,,C7769952-BF6D-4C88-918E-5CE5486E4167,,,,,,,,,\Microsoft\Windows\DirectX\DXGIAdapterCache,NT AUTHORITY\SYSTEM,,TaskStartEvent
2026-05-24T00:05:04.533810Z,200,dc.scaffold.htb,Microsoft-Windows-TaskScheduler,Microsoft-Windows-TaskScheduler/Operational,7061,4,%windir%\system32\dxgiadaptercache.exe,2112,,,,,,,,,C7769952-BF6D-4C88-918E-5CE5486E4167,\Microsoft\Windows\DirectX\DXGIAdapterCache,,,ActionStart
2026-05-24T00:05:04.538902Z,118,dc.scaffold.htb,Microsoft-Windows-TaskScheduler,Microsoft-Windows-TaskScheduler/Operational,7062,4,,,E7EF3E8A-7DC9-4731-80E2-3BFF8E017AE5,,,,,,,,,\Microsoft\Windows\ExploitGuard\ExploitGuard MDM policy Refresh,,,BootTrigger
2026-05-24T00:05:04.550366Z,129,dc.scaffold.htb,Microsoft-Windows-TaskScheduler,Microsoft-Windows-TaskScheduler/Operational,7063,4,,,,,taskhostw.exe,16384,2128,,,,,\Microsoft\Windows\ExploitGuard\ExploitGuard MDM policy Refresh,,,CreatedTaskProcess
2026-05-24T00:05:04.550616Z,100,dc.scaffold.htb,Microsoft-Windows-TaskScheduler,Microsoft-Windows-TaskScheduler/Operational,7064,4,,,E7EF3E8A-7DC9-4731-80E2-3BFF8E017AE5,,,,,,,,,\Microsoft\Windows\ExploitGuard\ExploitGuard MDM policy Refresh,NT AUTHORITY\SYSTEM,,TaskStartEvent
2026-05-24T00:05:04.550618Z,200,dc.scaffold.htb,Microsoft-Windows-TaskScheduler,Microsoft-Windows-TaskScheduler/Operational,7065,4,,2128,,,,,,,,,E7EF3E8A-7DC9-4731-80E2-3BFF8E017AE5,\Microsoft\Windows\ExploitGuard\ExploitGuard MDM policy Refresh,,,ActionStart
2026-05-24T00:05:05.162531Z,101,dc.scaffold.htb,Microsoft-Windows-TaskScheduler,Microsoft-Windows-TaskScheduler/Operational,7066,2,,,,,,,,,2147943568,,,\Microsoft\Windows\Workplace Join\Automatic-Device-Join,(default user),,TaskStartFailedEvent
2026-05-24T00:05:05.476310Z,100,dc.scaffold.htb,Microsoft-Windows-TaskScheduler,Microsoft-Windows-TaskScheduler/Operational,7067,4,,,962CD638-F351-498C-A250-8B57892AA4EC,,,,,,,,,\Microsoft\Windows\WwanSvc\OobeDiscovery,NT AUTHORITY\SYSTEM,,TaskStartEvent
2026-05-24T00:05:05.476315Z,200,dc.scaffold.htb,Microsoft-Windows-TaskScheduler,Microsoft-Windows-TaskScheduler/Operational,7068,4,OobeEsimTaskManager,2128,,,,,,,,,962CD638-F351-498C-A250-8B57892AA4EC,\Microsoft\Windows\WwanSvc\OobeDiscovery,,,ActionStart
2026-05-24T00:05:05.587568Z,129,dc.scaffold.htb,Microsoft-Windows-TaskScheduler,Microsoft-Windows-TaskScheduler/Operational,7069,4,,,,,taskhostw.exe,16384,2664,,,,,\Microsoft\Windows\Time Synchronization\ForceSynchronizeTime,,,CreatedTaskProcess
2026-05-24T00:05:05.588069Z,100,dc.scaffold.htb,Microsoft-Windows-TaskScheduler,Microsoft-Windows-TaskScheduler/Operational,7070,4,,,14EC5659-7FFF-4B35-AD27-7C4D2684ABD2,,,,,,,,,\Microsoft\Windows\Time Synchronization\ForceSynchronizeTime,(NONE),,TaskStartEvent
2026-05-24T00:05:05.588072Z,200,dc.scaffold.htb,Microsoft-Windows-TaskScheduler,Microsoft-Windows-TaskScheduler/Operational,7071,4,Time Synchronization Task Handler,2664,,,,,,,,,14EC5659-7FFF-4B35-AD27-7C4D2684ABD2,\Microsoft\Windows\Time Synchronization\ForceSynchronizeTime,,,ActionStart
2026-05-24T00:05:05.724599Z,201,dc.scaffold.htb,Microsoft-Windows-TaskScheduler,Microsoft-Windows-TaskScheduler/Operational,7072,4,Time Synchronization Task Handler,2664,,,,,,,0,,14EC5659-7FFF-4B35-AD27-7C4D2684ABD2,\Microsoft\Windows\Time Synchronization\ForceSynchronizeTime,,,ActionSuccess
2026-05-24T00:05:05.724600Z,102,dc.scaffold.htb,Microsoft-Windows-TaskScheduler,Microsoft-Windows-TaskScheduler/Operational,7073,4,,,14EC5659-7FFF-4B35-AD27-7C4D2684ABD2,,,,,,,,,\Microsoft\Windows\Time Synchronization\ForceSynchronizeTime,(NONE),,TaskSuccessEvent
2026-05-24T00:05:05.812130Z,201,dc.scaffold.htb,Microsoft-Windows-TaskScheduler,Microsoft-Windows-TaskScheduler/Operational,7074,4,%windir%\system32\dxgiadaptercache.exe,2112,,,,,,,0,,C7769952-BF6D-4C88-918E-5CE5486E4167,\Microsoft\Windows\DirectX\DXGIAdapterCache,,,ActionSuccess
2026-05-24T00:05:05.812413Z,102,dc.scaffold.htb,Microsoft-Windows-TaskScheduler,Microsoft-Windows-TaskScheduler/Operational,7075,4,,,C7769952-BF6D-4C88-918E-5CE5486E4167,,,,,,,,,\Microsoft\Windows\DirectX\DXGIAdapterCache,NT AUTHORITY\SYSTEM,,TaskSuccessEvent
2026-05-24T00:05:05.818848Z,201,dc.scaffold.htb,Microsoft-Windows-TaskScheduler,Microsoft-Windows-TaskScheduler/Operational,7076,4,,2128,,,,,,,0,,E7EF3E8A-7DC9-4731-80E2-3BFF8E017AE5,\Microsoft\Windows\ExploitGuard\ExploitGuard MDM policy Refresh,,,ActionSuccess
2026-05-24T00:05:05.818850Z,102,dc.scaffold.htb,Microsoft-Windows-TaskScheduler,Microsoft-Windows-TaskScheduler/Operational,7077,4,,,E7EF3E8A-7DC9-4731-80E2-3BFF8E017AE5,,,,,,,,,\Microsoft\Windows\ExploitGuard\ExploitGuard MDM policy Refresh,NT AUTHORITY\SYSTEM,,TaskSuccessEvent
2026-05-24T00:05:05.861399Z,201,dc.scaffold.htb,Microsoft-Windows-TaskScheduler,Microsoft-Windows-TaskScheduler/Operational,7078,4,OobeEsimTaskManager,2128,,,,,,,0,,962CD638-F351-498C-A250-8B57892AA4EC,\Microsoft\Windows\WwanSvc\OobeDiscovery,,,ActionSuccess
2026-05-24T00:05:05.861401Z,102,dc.scaffold.htb,Microsoft-Windows-TaskScheduler,Microsoft-Windows-TaskScheduler/Operational,7079,4,,,962CD638-F351-498C-A250-8B57892AA4EC,,,,,,,,,\Microsoft\Windows\WwanSvc\OobeDiscovery,NT AUTHORITY\SYSTEM,,TaskSuccessEvent
2026-05-24T00:05:06.174334Z,325,dc.scaffold.htb,Microsoft-Windows-TaskScheduler,Microsoft-Windows-TaskScheduler/Operational,7080,3,,,,,,,,07DCFF45-DE4B-4CD0-95BD-194A07F05369,,,,\Microsoft\Windows\Workplace Join\Automatic-Device-Join,,,TaskInstanceQueued
2026-05-24T00:05:06.174459Z,110,dc.scaffold.htb,Microsoft-Windows-TaskScheduler,Microsoft-Windows-TaskScheduler/Operational,7081,4,,,07DCFF45-DE4B-4CD0-95BD-194A07F05369,,,,,,,,,\Microsoft\Windows\Workplace Join\Automatic-Device-Join,System,,TaskRunEvent
2026-05-24T00:05:06.178923Z,129,dc.scaffold.htb,Microsoft-Windows-TaskScheduler,Microsoft-Windows-TaskScheduler/Operational,7082,4,,,,,%SystemRoot%\System32\dsregcmd.exe,16384,2728,,,,,\Microsoft\Windows\Workplace Join\Automatic-Device-Join,,,CreatedTaskProcess
2026-05-24T00:05:06.179130Z,100,dc.scaffold.htb,Microsoft-Windows-TaskScheduler,Microsoft-Windows-TaskScheduler/Operational,7083,4,,,07DCFF45-DE4B-4CD0-95BD-194A07F05369,,,,,,,,,\Microsoft\Windows\Workplace Join\Automatic-Device-Join,NT AUTHORITY\SYSTEM,,TaskStartEvent
2026-05-24T00:05:06.179132Z,200,dc.scaffold.htb,Microsoft-Windows-TaskScheduler,Microsoft-Windows-TaskScheduler/Operational,7084,4,%SystemRoot%\System32\dsregcmd.exe,2728,,,,,,,,,07DCFF45-DE4B-4CD0-95BD-194A07F05369,\Microsoft\Windows\Workplace Join\Automatic-Device-Join,,,ActionStart
2026-05-24T00:05:15.000863Z,118,dc.scaffold.htb,Microsoft-Windows-TaskScheduler,Microsoft-Windows-TaskScheduler/Operational,7085,4,,,17A47772-DDF0-4C3A-AC06-0D6E36396D49,,,,,,,,,\Microsoft\Windows\CertificateServicesClient\SystemTask,,,BootTrigger
2026-05-24T00:05:15.002295Z,129,dc.scaffold.htb,Microsoft-Windows-TaskScheduler,Microsoft-Windows-TaskScheduler/Operational,7086,4,,,,,taskhostw.exe,16384,5140,,,,,\Microsoft\Windows\CertificateServicesClient\SystemTask,,,CreatedTaskProcess
2026-05-24T00:05:15.002450Z,100,dc.scaffold.htb,Microsoft-Windows-TaskScheduler,Microsoft-Windows-TaskScheduler/Operational,7087,4,,,17A47772-DDF0-4C3A-AC06-0D6E36396D49,,,,,,,,,\Microsoft\Windows\CertificateServicesClient\SystemTask,NT AUTHORITY\SYSTEM,,TaskStartEvent
2026-05-24T00:05:15.002452Z,200,dc.scaffold.htb,Microsoft-Windows-TaskScheduler,Microsoft-Windows-TaskScheduler/Operational,7088,4,Certificate Services Client Task Handler,5140,,,,,,,,,17A47772-DDF0-4C3A-AC06-0D6E36396D49,\Microsoft\Windows\CertificateServicesClient\SystemTask,,,ActionStart
2026-05-24T00:05:43.369651Z,201,dc.scaffold.htb,Microsoft-Windows-TaskScheduler,Microsoft-Windows-TaskScheduler/Operational,7089,4,%SystemRoot%\System32\dsregcmd.exe,2728,,,,,,,0,,07DCFF45-DE4B-4CD0-95BD-194A07F05369,\Microsoft\Windows\Workplace Join\Automatic-Device-Join,,,ActionSuccess
2026-05-24T00:05:43.369817Z,102,dc.scaffold.htb,Microsoft-Windows-TaskScheduler,Microsoft-Windows-TaskScheduler/Operational,7090,4,,,07DCFF45-DE4B-4CD0-95BD-194A07F05369,,,,,,,,,\Microsoft\Windows\Workplace Join\Automatic-Device-Join,NT AUTHORITY\SYSTEM,,TaskSuccessEvent
2026-05-24T00:05:44.180814Z,201,dc.scaffold.htb,Microsoft-Windows-TaskScheduler,Microsoft-Windows-TaskScheduler/Operational,7091,4,Certificate Services Client Task Handler,5140,,,,,,,0,,17A47772-DDF0-4C3A-AC06-0D6E36396D49,\Microsoft\Windows\CertificateServicesClient\SystemTask,,,ActionSuccess
2026-05-24T00:05:44.180815Z,102,dc.scaffold.htb,Microsoft-Windows-TaskScheduler,Microsoft-Windows-TaskScheduler/Operational,7092,4,,,17A47772-DDF0-4C3A-AC06-0D6E36396D49,,,,,,,,,\Microsoft\Windows\CertificateServicesClient\SystemTask,NT AUTHORITY\SYSTEM,,TaskSuccessEvent
2026-05-24T00:05:44.230304Z,140,dc.scaffold.htb,Microsoft-Windows-TaskScheduler,Microsoft-Windows-TaskScheduler/Operational,7093,4,,,,,,,,,,,,\Microsoft\Windows\SoftwareProtectionPlatform\SvcRestartTask,,SCAFFOLD\DC$,TaskUpdated
2026-05-24T00:06:04.994025Z,118,dc.scaffold.htb,Microsoft-Windows-TaskScheduler,Microsoft-Windows-TaskScheduler/Operational,7094,4,,,0A6F441F-5A9E-4B1F-9BCE-3F3D6980A8A8,,,,,,,,,\Microsoft\Windows\Software Inventory Logging\Configuration,,,BootTrigger
2026-05-24T00:06:04.994032Z,118,dc.scaffold.htb,Microsoft-Windows-TaskScheduler,Microsoft-Windows-TaskScheduler/Operational,7095,4,,,9F0AAE65-7671-44CB-A8C9-0C6FEA7260B7,,,,,,,,,\Microsoft\Windows\DirectX\DXGIAdapterCache,,,BootTrigger
2026-05-24T00:06:04.997199Z,129,dc.scaffold.htb,Microsoft-Windows-TaskScheduler,Microsoft-Windows-TaskScheduler/Operational,7096,4,,,,,%systemroot%\system32\cmd.exe,16384,6668,,,,,\Microsoft\Windows\Software Inventory Logging\Configuration,,,CreatedTaskProcess
2026-05-24T00:06:04.997400Z,129,dc.scaffold.htb,Microsoft-Windows-TaskScheduler,Microsoft-Windows-TaskScheduler/Operational,7097,4,,,,,%windir%\system32\dxgiadaptercache.exe,16384,6676,,,,,\Microsoft\Windows\DirectX\DXGIAdapterCache,,,CreatedTaskProcess
2026-05-24T00:06:04.997475Z,100,dc.scaffold.htb,Microsoft-Windows-TaskScheduler,Microsoft-Windows-TaskScheduler/Operational,7098,4,,,0A6F441F-5A9E-4B1F-9BCE-3F3D6980A8A8,,,,,,,,,\Microsoft\Windows\Software Inventory Logging\Configuration,NT AUTHORITY\SYSTEM,,TaskStartEvent
2026-05-24T00:06:04.997479Z,200,dc.scaffold.htb,Microsoft-Windows-TaskScheduler,Microsoft-Windows-TaskScheduler/Operational,7099,4,%systemroot%\system32\cmd.exe,6668,,,,,,,,,0A6F441F-5A9E-4B1F-9BCE-3F3D6980A8A8,\Microsoft\Windows\Software Inventory Logging\Configuration,,,ActionStart
2026-05-24T00:06:04.997633Z,100,dc.scaffold.htb,Microsoft-Windows-TaskScheduler,Microsoft-Windows-TaskScheduler/Operational,7100,4,,,9F0AAE65-7671-44CB-A8C9-0C6FEA7260B7,,,,,,,,,\Microsoft\Windows\DirectX\DXGIAdapterCache,NT AUTHORITY\SYSTEM,,TaskStartEvent
2026-05-24T00:06:04.997635Z,200,dc.scaffold.htb,Microsoft-Windows-TaskScheduler,Microsoft-Windows-TaskScheduler/Operational,7101,4,%windir%\system32\dxgiadaptercache.exe,6676,,,,,,,,,9F0AAE65-7671-44CB-A8C9-0C6FEA7260B7,\Microsoft\Windows\DirectX\DXGIAdapterCache,,,ActionStart
2026-05-24T00:06:05.018119Z,201,dc.scaffold.htb,Microsoft-Windows-TaskScheduler,Microsoft-Windows-TaskScheduler/Operational,7102,4,%windir%\system32\dxgiadaptercache.exe,6676,,,,,,,0,,9F0AAE65-7671-44CB-A8C9-0C6FEA7260B7,\Microsoft\Windows\DirectX\DXGIAdapterCache,,,ActionSuccess
2026-05-24T00:06:05.018231Z,102,dc.scaffold.htb,Microsoft-Windows-TaskScheduler,Microsoft-Windows-TaskScheduler/Operational,7103,4,,,9F0AAE65-7671-44CB-A8C9-0C6FEA7260B7,,,,,,,,,\Microsoft\Windows\DirectX\DXGIAdapterCache,NT AUTHORITY\SYSTEM,,TaskSuccessEvent
2026-05-24T00:06:05.057588Z,201,dc.scaffold.htb,Microsoft-Windows-TaskScheduler,Microsoft-Windows-TaskScheduler/Operational,7104,4,%systemroot%\system32\cmd.exe,6668,,,,,,,0,,0A6F441F-5A9E-4B1F-9BCE-3F3D6980A8A8,\Microsoft\Windows\Software Inventory Logging\Configuration,,,ActionSuccess
2026-05-24T00:06:05.057717Z,102,dc.scaffold.htb,Microsoft-Windows-TaskScheduler,Microsoft-Windows-TaskScheduler/Operational,7105,4,,,0A6F441F-5A9E-4B1F-9BCE-3F3D6980A8A8,,,,,,,,,\Microsoft\Windows\Software Inventory Logging\Configuration,NT AUTHORITY\SYSTEM,,TaskSuccessEvent
2026-05-24T00:06:27.812925Z,119,dc.scaffold.htb,Microsoft-Windows-TaskScheduler,Microsoft-Windows-TaskScheduler/Operational,7106,4,,,34FF144E-F63C-4B0B-982A-6FEA7AF3DED2,,,,,,,,,\Microsoft\Windows\Server Manager\ServerManager,,SCAFFOLD\Administrator,LogonTrigger
2026-05-24T00:06:27.813085Z,119,dc.scaffold.htb,Microsoft-Windows-TaskScheduler,Microsoft-Windows-TaskScheduler/Operational,7107,4,,,712153CD-95BC-4EB7-B0E2-A57D09C4D975,,,,,,,,,\Microsoft\Windows\TextServicesFramework\MsCtfMonitor,,SCAFFOLD\Administrator,LogonTrigger
2026-05-24T00:06:27.815114Z,129,dc.scaffold.htb,Microsoft-Windows-TaskScheduler,Microsoft-Windows-TaskScheduler/Operational,7108,4,,,,,taskhostw.exe,32,4172,,,,,\Microsoft\Windows\TextServicesFramework\MsCtfMonitor,,,CreatedTaskProcess
2026-05-24T00:06:27.815558Z,100,dc.scaffold.htb,Microsoft-Windows-TaskScheduler,Microsoft-Windows-TaskScheduler/Operational,7109,4,,,712153CD-95BC-4EB7-B0E2-A57D09C4D975,,,,,,,,,\Microsoft\Windows\TextServicesFramework\MsCtfMonitor,SCAFFOLD\Administrator,,TaskStartEvent
2026-05-24T00:06:27.815560Z,200,dc.scaffold.htb,Microsoft-Windows-TaskScheduler,Microsoft-Windows-TaskScheduler/Operational,7110,4,MsCtfMonitor task handler,4172,,,,,,,,,712153CD-95BC-4EB7-B0E2-A57D09C4D975,\Microsoft\Windows\TextServicesFramework\MsCtfMonitor,,,ActionStart
2026-05-24T00:06:27.817498Z,119,dc.scaffold.htb,Microsoft-Windows-TaskScheduler,Microsoft-Windows-TaskScheduler/Operational,7111,4,,,C7BF2C59-13AD-4085-979C-72F2EB40C5F7,,,,,,,,,\Microsoft\Windows\CertificateServicesClient\UserTask,,SCAFFOLD\Administrator,LogonTrigger
2026-05-24T00:06:27.819718Z,129,dc.scaffold.htb,Microsoft-Windows-TaskScheduler,Microsoft-Windows-TaskScheduler/Operational,7112,4,,,,,%windir%\system32\ServerManagerLauncher.exe,32,4724,,,,,\Microsoft\Windows\Server Manager\ServerManager,,,CreatedTaskProcess
2026-05-24T00:06:27.820008Z,100,dc.scaffold.htb,Microsoft-Windows-TaskScheduler,Microsoft-Windows-TaskScheduler/Operational,7113,4,,,34FF144E-F63C-4B0B-982A-6FEA7AF3DED2,,,,,,,,,\Microsoft\Windows\Server Manager\ServerManager,SCAFFOLD\Administrator,,TaskStartEvent
2026-05-24T00:06:27.820010Z,200,dc.scaffold.htb,Microsoft-Windows-TaskScheduler,Microsoft-Windows-TaskScheduler/Operational,7114,4,%windir%\system32\ServerManagerLauncher.exe,4724,,,,,,,,,34FF144E-F63C-4B0B-982A-6FEA7AF3DED2,\Microsoft\Windows\Server Manager\ServerManager,,,ActionStart
2026-05-24T00:06:27.820589Z,129,dc.scaffold.htb,Microsoft-Windows-TaskScheduler,Microsoft-Windows-TaskScheduler/Operational,7115,4,,,,,taskhostw.exe,32,5224,,,,,\Microsoft\Windows\CertificateServicesClient\UserTask,,,CreatedTaskProcess
2026-05-24T00:06:27.820765Z,119,dc.scaffold.htb,Microsoft-Windows-TaskScheduler,Microsoft-Windows-TaskScheduler/Operational,7116,4,,,B84FA0EB-5918-46FF-AC09-49167A4C67A3,,,,,,,,,\Microsoft\Windows\WindowsColorSystem\Calibration Loader,,SCAFFOLD\Administrator,LogonTrigger
2026-05-24T00:06:27.820901Z,100,dc.scaffold.htb,Microsoft-Windows-TaskScheduler,Microsoft-Windows-TaskScheduler/Operational,7117,4,,,B84FA0EB-5918-46FF-AC09-49167A4C67A3,,,,,,,,,\Microsoft\Windows\WindowsColorSystem\Calibration Loader,SCAFFOLD\Administrator,,TaskStartEvent
2026-05-24T00:06:27.820927Z,100,dc.scaffold.htb,Microsoft-Windows-TaskScheduler,Microsoft-Windows-TaskScheduler/Operational,7118,4,,,C7BF2C59-13AD-4085-979C-72F2EB40C5F7,,,,,,,,,\Microsoft\Windows\CertificateServicesClient\UserTask,SCAFFOLD\Administrator,,TaskStartEvent
2026-05-24T00:06:27.820929Z,200,dc.scaffold.htb,Microsoft-Windows-TaskScheduler,Microsoft-Windows-TaskScheduler/Operational,7119,4,Certificate Services Client Task Handler,5224,,,,,,,,,C7BF2C59-13AD-4085-979C-72F2EB40C5F7,\Microsoft\Windows\CertificateServicesClient\UserTask,,,ActionStart
2026-05-24T00:06:27.821009Z,200,dc.scaffold.htb,Microsoft-Windows-TaskScheduler,Microsoft-Windows-TaskScheduler/Operational,7120,4,Color Calibration Loader,5224,,,,,,,,,B84FA0EB-5918-46FF-AC09-49167A4C67A3,\Microsoft\Windows\WindowsColorSystem\Calibration Loader,,,ActionStart
2026-05-24T00:06:27.821214Z,119,dc.scaffold.htb,Microsoft-Windows-TaskScheduler,Microsoft-Windows-TaskScheduler/Operational,7121,4,,,8E3A367F-1715-4079-AD73-F4F12AD1DFF1,,,,,,,,,\Microsoft\Windows\Wininet\CacheTask,,SCAFFOLD\Administrator,LogonTrigger
2026-05-24T00:06:27.821439Z,100,dc.scaffold.htb,Microsoft-Windows-TaskScheduler,Microsoft-Windows-TaskScheduler/Operational,7122,4,,,8E3A367F-1715-4079-AD73-F4F12AD1DFF1,,,,,,,,,\Microsoft\Windows\Wininet\CacheTask,SCAFFOLD\Administrator,,TaskStartEvent
2026-05-24T00:06:27.821440Z,200,dc.scaffold.htb,Microsoft-Windows-TaskScheduler,Microsoft-Windows-TaskScheduler/Operational,7123,4,Wininet Cache task object,4172,,,,,,,,,8E3A367F-1715-4079-AD73-F4F12AD1DFF1,\Microsoft\Windows\Wininet\CacheTask,,,ActionStart
2026-05-24T00:06:27.821697Z,119,dc.scaffold.htb,Microsoft-Windows-TaskScheduler,Microsoft-Windows-TaskScheduler/Operational,7124,4,,,6A7756AE-0D3D-4EA5-8E6F-DE95447726F2,,,,,,,,,\MicrosoftEdgeUpdateTaskMachineCore,,SCAFFOLD\Administrator,LogonTrigger
2026-05-24T00:06:27.823926Z,119,dc.scaffold.htb,Microsoft-Windows-TaskScheduler,Microsoft-Windows-TaskScheduler/Operational,7125,4,,,C493E387-A1F1-486C-B8CC-278A0306E9BF,,,,,,,,,\Microsoft\Windows\Plug and Play\Device Install Reboot Required,,SCAFFOLD\Administrator,LogonTrigger
2026-05-24T00:06:27.826667Z,129,dc.scaffold.htb,Microsoft-Windows-TaskScheduler,Microsoft-Windows-TaskScheduler/Operational,7126,4,,,,,taskhostw.exe,32,5172,,,,,\Microsoft\Windows\Plug and Play\Device Install Reboot Required,,,CreatedTaskProcess
2026-05-24T00:06:27.826967Z,100,dc.scaffold.htb,Microsoft-Windows-TaskScheduler,Microsoft-Windows-TaskScheduler/Operational,7127,4,,,C493E387-A1F1-486C-B8CC-278A0306E9BF,,,,,,,,,\Microsoft\Windows\Plug and Play\Device Install Reboot Required,SCAFFOLD\Administrator,,TaskStartEvent
2026-05-24T00:06:27.826968Z,200,dc.scaffold.htb,Microsoft-Windows-TaskScheduler,Microsoft-Windows-TaskScheduler/Operational,7128,4,Device Installation Reboot Dialog Task,5172,,,,,,,,,C493E387-A1F1-486C-B8CC-278A0306E9BF,\Microsoft\Windows\Plug and Play\Device Install Reboot Required,,,ActionStart
2026-05-24T00:06:27.850157Z,129,dc.scaffold.htb,Microsoft-Windows-TaskScheduler,Microsoft-Windows-TaskScheduler/Operational,7129,4,,,,,C:\Program Files (x86)\Microsoft\EdgeUpdate\MicrosoftEdgeUpdate.exe,32,5144,,,,,\MicrosoftEdgeUpdateTaskMachineCore,,,CreatedTaskProcess
2026-05-24T00:06:27.850527Z,100,dc.scaffold.htb,Microsoft-Windows-TaskScheduler,Microsoft-Windows-TaskScheduler/Operational,7130,4,,,6A7756AE-0D3D-4EA5-8E6F-DE95447726F2,,,,,,,,,\MicrosoftEdgeUpdateTaskMachineCore,NT AUTHORITY\SYSTEM,,TaskStartEvent
2026-05-24T00:06:27.850529Z,200,dc.scaffold.htb,Microsoft-Windows-TaskScheduler,Microsoft-Windows-TaskScheduler/Operational,7131,4,C:\Program Files (x86)\Microsoft\EdgeUpdate\MicrosoftEdgeUpdate.exe,5144,,,,,,,,,6A7756AE-0D3D-4EA5-8E6F-DE95447726F2,\MicrosoftEdgeUpdateTaskMachineCore,,,ActionStart
2026-05-24T00:06:27.890049Z,201,dc.scaffold.htb,Microsoft-Windows-TaskScheduler,Microsoft-Windows-TaskScheduler/Operational,7132,4,MsCtfMonitor task handler,4172,,,,,,,0,,712153CD-95BC-4EB7-B0E2-A57D09C4D975,\Microsoft\Windows\TextServicesFramework\MsCtfMonitor,,,ActionSuccess
2026-05-24T00:06:27.890050Z,102,dc.scaffold.htb,Microsoft-Windows-TaskScheduler,Microsoft-Windows-TaskScheduler/Operational,7133,4,,,712153CD-95BC-4EB7-B0E2-A57D09C4D975,,,,,,,,,\Microsoft\Windows\TextServicesFramework\MsCtfMonitor,SCAFFOLD\Administrator,,TaskSuccessEvent
2026-05-24T00:06:28.105388Z,141,dc.scaffold.htb,Microsoft-Windows-TaskScheduler,Microsoft-Windows-TaskScheduler/Operational,7134,4,,,,,,,,,,,,\CreateExplorerShellUnelevatedTask,,SCAFFOLD\Administrator,TaskDeleted
2026-05-24T00:06:28.113209Z,106,dc.scaffold.htb,Microsoft-Windows-TaskScheduler,Microsoft-Windows-TaskScheduler/Operational,7135,4,,,,,,,,,,,,\CreateExplorerShellUnelevatedTask,SCAFFOLD\Administrator,,TaskRegisteredEvent
2026-05-24T00:06:28.113210Z,140,dc.scaffold.htb,Microsoft-Windows-TaskScheduler,Microsoft-Windows-TaskScheduler/Operational,7136,4,,,,,,,,,,,,\CreateExplorerShellUnelevatedTask,,SCAFFOLD\Administrator,TaskUpdated
2026-05-24T00:06:28.113537Z,109,dc.scaffold.htb,Microsoft-Windows-TaskScheduler,Microsoft-Windows-TaskScheduler/Operational,7137,4,,,71D4A8D3-4818-4E26-AED8-BDE083E5F4F1,,,,,,,,,\CreateExplorerShellUnelevatedTask,,,RegistrationTriggerEvent
2026-05-24T00:06:28.116397Z,129,dc.scaffold.htb,Microsoft-Windows-TaskScheduler,Microsoft-Windows-TaskScheduler/Operational,7138,4,,,,,C:\Windows\Explorer.EXE,32,5800,,,,,\CreateExplorerShellUnelevatedTask,,,CreatedTaskProcess
2026-05-24T00:06:28.116621Z,100,dc.scaffold.htb,Microsoft-Windows-TaskScheduler,Microsoft-Windows-TaskScheduler/Operational,7139,4,,,71D4A8D3-4818-4E26-AED8-BDE083E5F4F1,,,,,,,,,\CreateExplorerShellUnelevatedTask,SCAFFOLD\Administrator,,TaskStartEvent
2026-05-24T00:06:28.116622Z,200,dc.scaffold.htb,Microsoft-Windows-TaskScheduler,Microsoft-Windows-TaskScheduler/Operational,7140,4,C:\Windows\Explorer.EXE,5800,,,,,,,,,71D4A8D3-4818-4E26-AED8-BDE083E5F4F1,\CreateExplorerShellUnelevatedTask,,,ActionStart
2026-05-24T00:06:28.265720Z,201,dc.scaffold.htb,Microsoft-Windows-TaskScheduler,Microsoft-Windows-TaskScheduler/Operational,7141,4,Certificate Services Client Task Handler,5224,,,,,,,0,,C7BF2C59-13AD-4085-979C-72F2EB40C5F7,\Microsoft\Windows\CertificateServicesClient\UserTask,,,ActionSuccess
2026-05-24T00:06:28.265722Z,102,dc.scaffold.htb,Microsoft-Windows-TaskScheduler,Microsoft-Windows-TaskScheduler/Operational,7142,4,,,C7BF2C59-13AD-4085-979C-72F2EB40C5F7,,,,,,,,,\Microsoft\Windows\CertificateServicesClient\UserTask,SCAFFOLD\Administrator,,TaskSuccessEvent
2026-05-24T00:06:28.348859Z,201,dc.scaffold.htb,Microsoft-Windows-TaskScheduler,Microsoft-Windows-TaskScheduler/Operational,7143,4,Device Installation Reboot Dialog Task,5172,,,,,,,0,,C493E387-A1F1-486C-B8CC-278A0306E9BF,\Microsoft\Windows\Plug and Play\Device Install Reboot Required,,,ActionSuccess
2026-05-24T00:06:28.348860Z,102,dc.scaffold.htb,Microsoft-Windows-TaskScheduler,Microsoft-Windows-TaskScheduler/Operational,7144,4,,,C493E387-A1F1-486C-B8CC-278A0306E9BF,,,,,,,,,\Microsoft\Windows\Plug and Play\Device Install Reboot Required,SCAFFOLD\Administrator,,TaskSuccessEvent
2026-05-24T00:06:28.384099Z,201,dc.scaffold.htb,Microsoft-Windows-TaskScheduler,Microsoft-Windows-TaskScheduler/Operational,7145,4,Color Calibration Loader,5224,,,,,,,0,,B84FA0EB-5918-46FF-AC09-49167A4C67A3,\Microsoft\Windows\WindowsColorSystem\Calibration Loader,,,ActionSuccess
2026-05-24T00:06:28.384100Z,102,dc.scaffold.htb,Microsoft-Windows-TaskScheduler,Microsoft-Windows-TaskScheduler/Operational,7146,4,,,B84FA0EB-5918-46FF-AC09-49167A4C67A3,,,,,,,,,\Microsoft\Windows\WindowsColorSystem\Calibration Loader,SCAFFOLD\Administrator,,TaskSuccessEvent
2026-05-24T00:06:30.211450Z,201,dc.scaffold.htb,Microsoft-Windows-TaskScheduler,Microsoft-Windows-TaskScheduler/Operational,7147,4,%windir%\system32\ServerManagerLauncher.exe,4724,,,,,,,0,,34FF144E-F63C-4B0B-982A-6FEA7AF3DED2,\Microsoft\Windows\Server Manager\ServerManager,,,ActionSuccess
2026-05-24T00:06:30.211727Z,102,dc.scaffold.htb,Microsoft-Windows-TaskScheduler,Microsoft-Windows-TaskScheduler/Operational,7148,4,,,34FF144E-F63C-4B0B-982A-6FEA7AF3DED2,,,,,,,,,\Microsoft\Windows\Server Manager\ServerManager,SCAFFOLD\Administrator,,TaskSuccessEvent
2026-05-24T00:06:41.589854Z,107,dc.scaffold.htb,Microsoft-Windows-TaskScheduler,Microsoft-Windows-TaskScheduler/Operational,7149,4,,,4F1A0568-8ECB-4DB4-917B-89245F4B5558,,,,,,,,,\Scaffold\ScaffoldDeployEngine,,,TimeTriggerEvent
2026-05-24T00:06:41.595342Z,129,dc.scaffold.htb,Microsoft-Windows-TaskScheduler,Microsoft-Windows-TaskScheduler/Operational,7150,4,,,,,powershell.exe,16384,7688,,,,,\Scaffold\ScaffoldDeployEngine,,,CreatedTaskProcess
2026-05-24T00:06:41.595657Z,100,dc.scaffold.htb,Microsoft-Windows-TaskScheduler,Microsoft-Windows-TaskScheduler/Operational,7151,4,,,4F1A0568-8ECB-4DB4-917B-89245F4B5558,,,,,,,,,\Scaffold\ScaffoldDeployEngine,NT AUTHORITY\SYSTEM,,TaskStartEvent
2026-05-24T00:06:41.595660Z,200,dc.scaffold.htb,Microsoft-Windows-TaskScheduler,Microsoft-Windows-TaskScheduler/Operational,7152,4,powershell.exe,7688,,,,,,,,,4F1A0568-8ECB-4DB4-917B-89245F4B5558,\Scaffold\ScaffoldDeployEngine,,,ActionStart
2026-05-24T00:06:42.186015Z,201,dc.scaffold.htb,Microsoft-Windows-TaskScheduler,Microsoft-Windows-TaskScheduler/Operational,7153,4,powershell.exe,7688,,,,,,,0,,4F1A0568-8ECB-4DB4-917B-89245F4B5558,\Scaffold\ScaffoldDeployEngine,,,ActionSuccess
2026-05-24T00:06:42.186187Z,102,dc.scaffold.htb,Microsoft-Windows-TaskScheduler,Microsoft-Windows-TaskScheduler/Operational,7154,4,,,4F1A0568-8ECB-4DB4-917B-89245F4B5558,,,,,,,,,\Scaffold\ScaffoldDeployEngine,NT AUTHORITY\SYSTEM,,TaskSuccessEvent
2026-05-24T00:06:58.311378Z,119,dc.scaffold.htb,Microsoft-Windows-TaskScheduler,Microsoft-Windows-TaskScheduler/Operational,7155,4,,,2ECFB3FD-D869-4F87-9B81-8E6F689A8728,,,,,,,,,\Microsoft\Windows\International\Synchronize Language Settings,,SCAFFOLD\Administrator,LogonTrigger
2026-05-24T00:06:58.315768Z,129,dc.scaffold.htb,Microsoft-Windows-TaskScheduler,Microsoft-Windows-TaskScheduler/Operational,7156,4,,,,,taskhostw.exe,32,7080,,,,,\Microsoft\Windows\International\Synchronize Language Settings,,,CreatedTaskProcess
2026-05-24T00:06:58.316412Z,100,dc.scaffold.htb,Microsoft-Windows-TaskScheduler,Microsoft-Windows-TaskScheduler/Operational,7157,4,,,2ECFB3FD-D869-4F87-9B81-8E6F689A8728,,,,,,,,,\Microsoft\Windows\International\Synchronize Language Settings,SCAFFOLD\Administrator,,TaskStartEvent
2026-05-24T00:06:58.316415Z,200,dc.scaffold.htb,Microsoft-Windows-TaskScheduler,Microsoft-Windows-TaskScheduler/Operational,7158,4,Sync Language Data From Cloud Task,7080,,,,,,,,,2ECFB3FD-D869-4F87-9B81-8E6F689A8728,\Microsoft\Windows\International\Synchronize Language Settings,,,ActionStart
2026-05-24T00:07:28.304347Z,119,dc.scaffold.htb,Microsoft-Windows-TaskScheduler,Microsoft-Windows-TaskScheduler/Operational,7159,4,,,A1AB29A7-45DF-49CC-8279-CDDED32DB74A,,,,,,,,,\Microsoft\Windows\Workplace Join\Automatic-Device-Join,,SCAFFOLD\Administrator,LogonTrigger
2026-05-24T00:07:28.308231Z,129,dc.scaffold.htb,Microsoft-Windows-TaskScheduler,Microsoft-Windows-TaskScheduler/Operational,7160,4,,,,,%SystemRoot%\System32\dsregcmd.exe,16384,6132,,,,,\Microsoft\Windows\Workplace Join\Automatic-Device-Join,,,CreatedTaskProcess
2026-05-24T00:07:28.308599Z,100,dc.scaffold.htb,Microsoft-Windows-TaskScheduler,Microsoft-Windows-TaskScheduler/Operational,7161,4,,,A1AB29A7-45DF-49CC-8279-CDDED32DB74A,,,,,,,,,\Microsoft\Windows\Workplace Join\Automatic-Device-Join,NT AUTHORITY\SYSTEM,,TaskStartEvent
2026-05-24T00:07:28.308602Z,200,dc.scaffold.htb,Microsoft-Windows-TaskScheduler,Microsoft-Windows-TaskScheduler/Operational,7162,4,%SystemRoot%\System32\dsregcmd.exe,6132,,,,,,,,,A1AB29A7-45DF-49CC-8279-CDDED32DB74A,\Microsoft\Windows\Workplace Join\Automatic-Device-Join,,,ActionStart
2026-05-24T00:07:28.388556Z,201,dc.scaffold.htb,Microsoft-Windows-TaskScheduler,Microsoft-Windows-TaskScheduler/Operational,7163,4,%SystemRoot%\System32\dsregcmd.exe,6132,,,,,,,2147942401,,A1AB29A7-45DF-49CC-8279-CDDED32DB74A,\Microsoft\Windows\Workplace Join\Automatic-Device-Join,,,ActionSuccess
2026-05-24T00:07:28.388661Z,102,dc.scaffold.htb,Microsoft-Windows-TaskScheduler,Microsoft-Windows-TaskScheduler/Operational,7164,4,,,A1AB29A7-45DF-49CC-8279-CDDED32DB74A,,,,,,,,,\Microsoft\Windows\Workplace Join\Automatic-Device-Join,NT AUTHORITY\SYSTEM,,TaskSuccessEvent
2026-05-24T00:07:32.938055Z,202,dc.scaffold.htb,Microsoft-Windows-TaskScheduler,Microsoft-Windows-TaskScheduler/Operational,7165,2,Sync Language Data From Cloud Task,7080,,,,,,,2147746053,,2ECFB3FD-D869-4F87-9B81-8E6F689A8728,\Microsoft\Windows\International\Synchronize Language Settings,,,ActionFailure
2026-05-24T00:07:32.938060Z,103,dc.scaffold.htb,Microsoft-Windows-TaskScheduler,Microsoft-Windows-TaskScheduler/Operational,7166,2,,,2ECFB3FD-D869-4F87-9B81-8E6F689A8728,,,,,,2147746053,,,\Microsoft\Windows\International\Synchronize Language Settings,SCAFFOLD\Administrator,,TaskFailureEvent
2026-05-24T00:07:43.366481Z,325,dc.scaffold.htb,Microsoft-Windows-TaskScheduler,Microsoft-Windows-TaskScheduler/Operational,7167,3,,,,,,,,00B388E1-3554-4803-A4A4-3476D1A53FEE,,,,\Microsoft\Windows\WDI\ResolutionHost,,,TaskInstanceQueued
2026-05-24T00:07:43.368005Z,129,dc.scaffold.htb,Microsoft-Windows-TaskScheduler,Microsoft-Windows-TaskScheduler/Operational,7168,4,,,,,taskhostw.exe,32,7380,,,,,\Microsoft\Windows\WDI\ResolutionHost,,,CreatedTaskProcess
2026-05-24T00:07:43.368220Z,100,dc.scaffold.htb,Microsoft-Windows-TaskScheduler,Microsoft-Windows-TaskScheduler/Operational,7169,4,,,00B388E1-3554-4803-A4A4-3476D1A53FEE,,,,,,,,,\Microsoft\Windows\WDI\ResolutionHost,SCAFFOLD\Administrator,,TaskStartEvent
2026-05-24T00:07:43.368221Z,200,dc.scaffold.htb,Microsoft-Windows-TaskScheduler,Microsoft-Windows-TaskScheduler/Operational,7170,4,DiagnosticInfrastructureCustomHandler,7380,,,,,,,,,00B388E1-3554-4803-A4A4-3476D1A53FEE,\Microsoft\Windows\WDI\ResolutionHost,,,ActionStart
2026-05-24T00:07:43.368303Z,110,dc.scaffold.htb,Microsoft-Windows-TaskScheduler,Microsoft-Windows-TaskScheduler/Operational,7171,4,,,00B388E1-3554-4803-A4A4-3476D1A53FEE,,,,,,,,,\Microsoft\Windows\WDI\ResolutionHost,Administrator,,TaskRunEvent
2026-05-24T00:07:43.563176Z,140,dc.scaffold.htb,Microsoft-Windows-TaskScheduler,Microsoft-Windows-TaskScheduler/Operational,7172,4,,,,,,,,,,,,\Microsoft\Windows\Application Experience\PcaPatchDbTask,,SCAFFOLD\DC$,TaskUpdated
2026-05-24T00:07:46.152441Z,140,dc.scaffold.htb,Microsoft-Windows-TaskScheduler,Microsoft-Windows-TaskScheduler/Operational,7173,4,,,,,,,,,,,,\Microsoft\Windows\UpdateOrchestrator\Schedule Scan,,S-1-5-18,TaskUpdated
2026-05-24T00:07:46.171659Z,140,dc.scaffold.htb,Microsoft-Windows-TaskScheduler,Microsoft-Windows-TaskScheduler/Operational,7174,4,,,,,,,,,,,,\Microsoft\Windows\UpdateOrchestrator\Schedule Scan,,SCAFFOLD\DC$,TaskUpdated
2026-05-24T00:08:04.982831Z,118,dc.scaffold.htb,Microsoft-Windows-TaskScheduler,Microsoft-Windows-TaskScheduler/Operational,7175,4,,,F91F9741-4485-43F0-8CD7-C31FA619B69A,,,,,,,,,\Microsoft\Windows\Windows Error Reporting\QueueReporting,,,BootTrigger
2026-05-24T00:08:04.994960Z,129,dc.scaffold.htb,Microsoft-Windows-TaskScheduler,Microsoft-Windows-TaskScheduler/Operational,7176,4,,,,,%windir%\system32\wermgr.exe,16384,2412,,,,,\Microsoft\Windows\Windows Error Reporting\QueueReporting,,,CreatedTaskProcess
2026-05-24T00:08:04.995263Z,100,dc.scaffold.htb,Microsoft-Windows-TaskScheduler,Microsoft-Windows-TaskScheduler/Operational,7177,4,,,F91F9741-4485-43F0-8CD7-C31FA619B69A,,,,,,,,,\Microsoft\Windows\Windows Error Reporting\QueueReporting,NT AUTHORITY\SYSTEM,,TaskStartEvent
2026-05-24T00:08:04.995266Z,200,dc.scaffold.htb,Microsoft-Windows-TaskScheduler,Microsoft-Windows-TaskScheduler/Operational,7178,4,%windir%\system32\wermgr.exe,2412,,,,,,,,,F91F9741-4485-43F0-8CD7-C31FA619B69A,\Microsoft\Windows\Windows Error Reporting\QueueReporting,,,ActionStart
