2026-05-13T14:53:42.985776Z,200,dc.scaffold.htb,Microsoft-Windows-TaskScheduler,Microsoft-Windows-TaskScheduler/Operational,185,4,,6060,,,,,,,,,5257AE5A-1EED-4EB9-B46F-CA5313228B87,\Microsoft\Windows\.NET Framework\.NET Framework NGEN v4.0.30319,,,ActionStart
2026-05-13T14:53:42.987023Z,322,dc.scaffold.htb,Microsoft-Windows-TaskScheduler,Microsoft-Windows-TaskScheduler/Operational,186,3,,,,,,,,,,,5257AE5A-1EED-4EB9-B46F-CA5313228B87,\Microsoft\Windows\.NET Framework\.NET Framework NGEN v4.0.30319,,,NewInstanceIgnored
2026-05-13T14:53:43.004829Z,108,dc.scaffold.htb,Microsoft-Windows-TaskScheduler,Microsoft-Windows-TaskScheduler/Operational,187,4,,,4091129C-E946-45DF-9E6D-88A8B11066A1,,,,,,,,,\Microsoft\Windows\LanguageComponentsInstaller\Installation,,,EventTriggerEvent
2026-05-13T14:53:43.014994Z,129,dc.scaffold.htb,Microsoft-Windows-TaskScheduler,Microsoft-Windows-TaskScheduler/Operational,188,4,,,,,taskhostw.exe,32,5508,,,,,\Microsoft\Windows\LanguageComponentsInstaller\Installation,,,CreatedTaskProcess
2026-05-13T14:53:43.016311Z,100,dc.scaffold.htb,Microsoft-Windows-TaskScheduler,Microsoft-Windows-TaskScheduler/Operational,189,4,,,4091129C-E946-45DF-9E6D-88A8B11066A1,,,,,,,,,\Microsoft\Windows\LanguageComponentsInstaller\Installation,SCAFFOLD\Administrator,,TaskStartEvent
2026-05-13T14:53:43.016317Z,200,dc.scaffold.htb,Microsoft-Windows-TaskScheduler,Microsoft-Windows-TaskScheduler/Operational,190,4,Language Components Installer,5508,,,,,,,,,4091129C-E946-45DF-9E6D-88A8B11066A1,\Microsoft\Windows\LanguageComponentsInstaller\Installation,,,ActionStart
2026-05-13T14:53:43.416290Z,140,dc.scaffold.htb,Microsoft-Windows-TaskScheduler,Microsoft-Windows-TaskScheduler/Operational,191,4,,,,,,,,,,,,\Microsoft\Windows\.NET Framework\.NET Framework NGEN v4.0.30319,,SYSTEM,TaskUpdated
2026-05-13T14:53:43.460101Z,140,dc.scaffold.htb,Microsoft-Windows-TaskScheduler,Microsoft-Windows-TaskScheduler/Operational,192,4,,,,,,,,,,,,\Microsoft\Windows\.NET Framework\.NET Framework NGEN v4.0.30319 64,,SYSTEM,TaskUpdated
2026-05-13T14:53:53.916314Z,141,dc.scaffold.htb,Microsoft-Windows-TaskScheduler,Microsoft-Windows-TaskScheduler/Operational,193,4,,,,,,,,,,,,\Microsoft\Windows\Windows Defender\Windows Defender Verification,,NT AUTHORITY\System,TaskDeleted
2026-05-13T14:53:53.928991Z,106,dc.scaffold.htb,Microsoft-Windows-TaskScheduler,Microsoft-Windows-TaskScheduler/Operational,194,4,,,,,,,,,,,,\Microsoft\Windows\Windows Defender\Windows Defender Verification,SCAFFOLD\DC$,,TaskRegisteredEvent
2026-05-13T14:53:53.928992Z,140,dc.scaffold.htb,Microsoft-Windows-TaskScheduler,Microsoft-Windows-TaskScheduler/Operational,195,4,,,,,,,,,,,,\Microsoft\Windows\Windows Defender\Windows Defender Verification,,SCAFFOLD\DC$,TaskUpdated
2026-05-13T14:53:53.935413Z,141,dc.scaffold.htb,Microsoft-Windows-TaskScheduler,Microsoft-Windows-TaskScheduler/Operational,196,4,,,,,,,,,,,,\Microsoft\Windows\Windows Defender\Windows Defender Cache Maintenance,,NT AUTHORITY\System,TaskDeleted
2026-05-13T14:53:53.949230Z,106,dc.scaffold.htb,Microsoft-Windows-TaskScheduler,Microsoft-Windows-TaskScheduler/Operational,197,4,,,,,,,,,,,,\Microsoft\Windows\Windows Defender\Windows Defender Cache Maintenance,SCAFFOLD\DC$,,TaskRegisteredEvent
2026-05-13T14:53:53.949231Z,140,dc.scaffold.htb,Microsoft-Windows-TaskScheduler,Microsoft-Windows-TaskScheduler/Operational,198,4,,,,,,,,,,,,\Microsoft\Windows\Windows Defender\Windows Defender Cache Maintenance,,SCAFFOLD\DC$,TaskUpdated
2026-05-13T14:53:53.954600Z,141,dc.scaffold.htb,Microsoft-Windows-TaskScheduler,Microsoft-Windows-TaskScheduler/Operational,199,4,,,,,,,,,,,,\Microsoft\Windows\Windows Defender\Windows Defender Cleanup,,NT AUTHORITY\System,TaskDeleted
2026-05-13T14:53:53.964478Z,106,dc.scaffold.htb,Microsoft-Windows-TaskScheduler,Microsoft-Windows-TaskScheduler/Operational,200,4,,,,,,,,,,,,\Microsoft\Windows\Windows Defender\Windows Defender Cleanup,SCAFFOLD\DC$,,TaskRegisteredEvent
2026-05-13T14:53:53.964479Z,140,dc.scaffold.htb,Microsoft-Windows-TaskScheduler,Microsoft-Windows-TaskScheduler/Operational,201,4,,,,,,,,,,,,\Microsoft\Windows\Windows Defender\Windows Defender Cleanup,,SCAFFOLD\DC$,TaskUpdated
2026-05-13T14:53:53.969106Z,141,dc.scaffold.htb,Microsoft-Windows-TaskScheduler,Microsoft-Windows-TaskScheduler/Operational,202,4,,,,,,,,,,,,\Microsoft\Windows\Windows Defender\Windows Defender Scheduled Scan,,NT AUTHORITY\System,TaskDeleted
2026-05-13T14:53:53.980286Z,106,dc.scaffold.htb,Microsoft-Windows-TaskScheduler,Microsoft-Windows-TaskScheduler/Operational,203,4,,,,,,,,,,,,\Microsoft\Windows\Windows Defender\Windows Defender Scheduled Scan,SCAFFOLD\DC$,,TaskRegisteredEvent
2026-05-13T14:53:53.980286Z,140,dc.scaffold.htb,Microsoft-Windows-TaskScheduler,Microsoft-Windows-TaskScheduler/Operational,204,4,,,,,,,,,,,,\Microsoft\Windows\Windows Defender\Windows Defender Scheduled Scan,,SCAFFOLD\DC$,TaskUpdated
2026-05-13T14:55:03.751873Z,201,dc.scaffold.htb,Microsoft-Windows-TaskScheduler,Microsoft-Windows-TaskScheduler/Operational,205,4,Language Components Installer,5508,,,,,,,0,,4091129C-E946-45DF-9E6D-88A8B11066A1,\Microsoft\Windows\LanguageComponentsInstaller\Installation,,,ActionSuccess
2026-05-13T14:55:03.751875Z,102,dc.scaffold.htb,Microsoft-Windows-TaskScheduler,Microsoft-Windows-TaskScheduler/Operational,206,4,,,4091129C-E946-45DF-9E6D-88A8B11066A1,,,,,,,,,\Microsoft\Windows\LanguageComponentsInstaller\Installation,SCAFFOLD\Administrator,,TaskSuccessEvent
2026-05-13T14:55:43.488877Z,119,dc.scaffold.htb,Microsoft-Windows-TaskScheduler,Microsoft-Windows-TaskScheduler/Operational,207,4,,,604E692E-1EBC-4201-850C-1909F358EE9C,,,,,,,,,\Microsoft\Windows\Device Information\Device User,,SCAFFOLD\Administrator,LogonTrigger
2026-05-13T14:55:43.493513Z,129,dc.scaffold.htb,Microsoft-Windows-TaskScheduler,Microsoft-Windows-TaskScheduler/Operational,208,4,,,,,%windir%\system32\devicecensus.exe,16384,1108,,,,,\Microsoft\Windows\Device Information\Device User,,,CreatedTaskProcess
2026-05-13T14:55:43.493729Z,100,dc.scaffold.htb,Microsoft-Windows-TaskScheduler,Microsoft-Windows-TaskScheduler/Operational,209,4,,,604E692E-1EBC-4201-850C-1909F358EE9C,,,,,,,,,\Microsoft\Windows\Device Information\Device User,SCAFFOLD\Administrator,,TaskStartEvent
2026-05-13T14:55:43.493731Z,200,dc.scaffold.htb,Microsoft-Windows-TaskScheduler,Microsoft-Windows-TaskScheduler/Operational,210,4,%windir%\system32\devicecensus.exe,1108,,,,,,,,,604E692E-1EBC-4201-850C-1909F358EE9C,\Microsoft\Windows\Device Information\Device User,,,ActionStart
2026-05-13T14:55:43.838848Z,201,dc.scaffold.htb,Microsoft-Windows-TaskScheduler,Microsoft-Windows-TaskScheduler/Operational,211,4,%windir%\system32\devicecensus.exe,1108,,,,,,,0,,604E692E-1EBC-4201-850C-1909F358EE9C,\Microsoft\Windows\Device Information\Device User,,,ActionSuccess
2026-05-13T14:55:43.839445Z,102,dc.scaffold.htb,Microsoft-Windows-TaskScheduler,Microsoft-Windows-TaskScheduler/Operational,212,4,,,604E692E-1EBC-4201-850C-1909F358EE9C,,,,,,,,,\Microsoft\Windows\Device Information\Device User,SCAFFOLD\Administrator,,TaskSuccessEvent
2026-05-13T14:57:15.716330Z,140,dc.scaffold.htb,Microsoft-Windows-TaskScheduler,Microsoft-Windows-TaskScheduler/Operational,213,4,,,,,,,,,,,,\Microsoft\Windows\.NET Framework\.NET Framework NGEN v4.0.30319 64,,SYSTEM,TaskUpdated
2026-05-13T14:57:15.728858Z,202,dc.scaffold.htb,Microsoft-Windows-TaskScheduler,Microsoft-Windows-TaskScheduler/Operational,214,2,,6060,,,,,,,2147946720,,AF28E03F-82D1-4EAD-9AAC-B688D68CD718,\Microsoft\Windows\.NET Framework\.NET Framework NGEN v4.0.30319 64,,,ActionFailure
2026-05-13T14:57:15.728860Z,103,dc.scaffold.htb,Microsoft-Windows-TaskScheduler,Microsoft-Windows-TaskScheduler/Operational,215,2,,,AF28E03F-82D1-4EAD-9AAC-B688D68CD718,,,,,,2147946720,,,\Microsoft\Windows\.NET Framework\.NET Framework NGEN v4.0.30319 64,NT AUTHORITY\SYSTEM,,TaskFailureEvent
2026-05-13T14:57:23.246707Z,129,dc.scaffold.htb,Microsoft-Windows-TaskScheduler,Microsoft-Windows-TaskScheduler/Operational,216,4,,,,,%windir%\system32\cleanmgr.exe,16384,1644,,,,,\Microsoft\Windows\DiskCleanup\SilentCleanup,,,CreatedTaskProcess
2026-05-13T14:57:23.247102Z,100,dc.scaffold.htb,Microsoft-Windows-TaskScheduler,Microsoft-Windows-TaskScheduler/Operational,217,4,,,FC98F82E-CF3E-419F-BF07-E136A13499BC,,,,,,,,,\Microsoft\Windows\DiskCleanup\SilentCleanup,SCAFFOLD\Administrator,,TaskStartEvent
2026-05-13T14:57:23.247104Z,200,dc.scaffold.htb,Microsoft-Windows-TaskScheduler,Microsoft-Windows-TaskScheduler/Operational,218,4,%windir%\system32\cleanmgr.exe,1644,,,,,,,,,FC98F82E-CF3E-419F-BF07-E136A13499BC,\Microsoft\Windows\DiskCleanup\SilentCleanup,,,ActionStart
2026-05-13T14:57:23.247346Z,110,dc.scaffold.htb,Microsoft-Windows-TaskScheduler,Microsoft-Windows-TaskScheduler/Operational,219,4,,,43F324C9-E82F-4043-AB15-4C1AE5C9EC33,,,,,,,,,\Microsoft\Windows\DiskCleanup\SilentCleanup,Users,,TaskRunEvent
2026-05-13T14:57:29.580840Z,201,dc.scaffold.htb,Microsoft-Windows-TaskScheduler,Microsoft-Windows-TaskScheduler/Operational,220,4,%windir%\system32\cleanmgr.exe,1644,,,,,,,0,,FC98F82E-CF3E-419F-BF07-E136A13499BC,\Microsoft\Windows\DiskCleanup\SilentCleanup,,,ActionSuccess
2026-05-13T14:57:29.581189Z,102,dc.scaffold.htb,Microsoft-Windows-TaskScheduler,Microsoft-Windows-TaskScheduler/Operational,221,4,,,FC98F82E-CF3E-419F-BF07-E136A13499BC,,,,,,,,,\Microsoft\Windows\DiskCleanup\SilentCleanup,SCAFFOLD\Administrator,,TaskSuccessEvent
2026-05-13T14:58:43.492720Z,129,dc.scaffold.htb,Microsoft-Windows-TaskScheduler,Microsoft-Windows-TaskScheduler/Operational,222,4,,,,,%systemroot%\system32\usoclient.exe,16384,6884,,,,,\Microsoft\Windows\UpdateOrchestrator\Report policies,,,CreatedTaskProcess
2026-05-13T14:58:43.492883Z,100,dc.scaffold.htb,Microsoft-Windows-TaskScheduler,Microsoft-Windows-TaskScheduler/Operational,223,4,,,F458E5A5-DDD6-4729-BA08-F5A379AF3FD1,,,,,,,,,\Microsoft\Windows\UpdateOrchestrator\Report policies,NT AUTHORITY\SYSTEM,,TaskStartEvent
2026-05-13T14:58:43.492885Z,200,dc.scaffold.htb,Microsoft-Windows-TaskScheduler,Microsoft-Windows-TaskScheduler/Operational,224,4,%systemroot%\system32\usoclient.exe,6884,,,,,,,,,F458E5A5-DDD6-4729-BA08-F5A379AF3FD1,\Microsoft\Windows\UpdateOrchestrator\Report policies,,,ActionStart
2026-05-13T14:58:43.522877Z,201,dc.scaffold.htb,Microsoft-Windows-TaskScheduler,Microsoft-Windows-TaskScheduler/Operational,225,4,%systemroot%\system32\usoclient.exe,6884,,,,,,,0,,F458E5A5-DDD6-4729-BA08-F5A379AF3FD1,\Microsoft\Windows\UpdateOrchestrator\Report policies,,,ActionSuccess
2026-05-13T14:58:43.522998Z,102,dc.scaffold.htb,Microsoft-Windows-TaskScheduler,Microsoft-Windows-TaskScheduler/Operational,226,4,,,F458E5A5-DDD6-4729-BA08-F5A379AF3FD1,,,,,,,,,\Microsoft\Windows\UpdateOrchestrator\Report policies,NT AUTHORITY\SYSTEM,,TaskSuccessEvent
2026-05-13T14:59:46.130009Z,140,dc.scaffold.htb,Microsoft-Windows-TaskScheduler,Microsoft-Windows-TaskScheduler/Operational,227,4,,,,,,,,,,,,\Microsoft\Windows\.NET Framework\.NET Framework NGEN v4.0.30319,,SYSTEM,TaskUpdated
2026-05-13T14:59:46.143377Z,202,dc.scaffold.htb,Microsoft-Windows-TaskScheduler,Microsoft-Windows-TaskScheduler/Operational,228,2,,6060,,,,,,,2147946720,,5257AE5A-1EED-4EB9-B46F-CA5313228B87,\Microsoft\Windows\.NET Framework\.NET Framework NGEN v4.0.30319,,,ActionFailure
2026-05-13T14:59:46.143378Z,103,dc.scaffold.htb,Microsoft-Windows-TaskScheduler,Microsoft-Windows-TaskScheduler/Operational,229,2,,,5257AE5A-1EED-4EB9-B46F-CA5313228B87,,,,,,2147946720,,,\Microsoft\Windows\.NET Framework\.NET Framework NGEN v4.0.30319,NT AUTHORITY\SYSTEM,,TaskFailureEvent
2026-05-13T15:03:53.923954Z,108,dc.scaffold.htb,Microsoft-Windows-TaskScheduler,Microsoft-Windows-TaskScheduler/Operational,230,4,,,C5A6BEA0-A490-40E7-AA21-C46400C1551B,,,,,,,,,\Microsoft\Windows\Workplace Join\Automatic-Device-Join,,,EventTriggerEvent
2026-05-13T15:03:53.929111Z,129,dc.scaffold.htb,Microsoft-Windows-TaskScheduler,Microsoft-Windows-TaskScheduler/Operational,231,4,,,,,%SystemRoot%\System32\dsregcmd.exe,16384,5396,,,,,\Microsoft\Windows\Workplace Join\Automatic-Device-Join,,,CreatedTaskProcess
2026-05-13T15:03:53.929730Z,100,dc.scaffold.htb,Microsoft-Windows-TaskScheduler,Microsoft-Windows-TaskScheduler/Operational,232,4,,,C5A6BEA0-A490-40E7-AA21-C46400C1551B,,,,,,,,,\Microsoft\Windows\Workplace Join\Automatic-Device-Join,NT AUTHORITY\SYSTEM,,TaskStartEvent
2026-05-13T15:03:53.929734Z,200,dc.scaffold.htb,Microsoft-Windows-TaskScheduler,Microsoft-Windows-TaskScheduler/Operational,233,4,%SystemRoot%\System32\dsregcmd.exe,5396,,,,,,,,,C5A6BEA0-A490-40E7-AA21-C46400C1551B,\Microsoft\Windows\Workplace Join\Automatic-Device-Join,,,ActionStart
2026-05-13T15:03:53.982552Z,201,dc.scaffold.htb,Microsoft-Windows-TaskScheduler,Microsoft-Windows-TaskScheduler/Operational,234,4,%SystemRoot%\System32\dsregcmd.exe,5396,,,,,,,2147942401,,C5A6BEA0-A490-40E7-AA21-C46400C1551B,\Microsoft\Windows\Workplace Join\Automatic-Device-Join,,,ActionSuccess
2026-05-13T15:03:53.982655Z,102,dc.scaffold.htb,Microsoft-Windows-TaskScheduler,Microsoft-Windows-TaskScheduler/Operational,235,4,,,C5A6BEA0-A490-40E7-AA21-C46400C1551B,,,,,,,,,\Microsoft\Windows\Workplace Join\Automatic-Device-Join,NT AUTHORITY\SYSTEM,,TaskSuccessEvent
2026-05-13T15:05:03.349097Z,140,dc.scaffold.htb,Microsoft-Windows-TaskScheduler,Microsoft-Windows-TaskScheduler/Operational,236,4,,,,,,,,,,,,\Microsoft\Windows\WindowsUpdate\Scheduled Start,,NT AUTHORITY\SYSTEM,TaskUpdated
2026-05-13T15:09:22.276368Z,107,dc.scaffold.htb,Microsoft-Windows-TaskScheduler,Microsoft-Windows-TaskScheduler/Operational,237,4,,,A9350BC2-96AA-4DC7-BC87-C20CBA5F967F,,,,,,,,,\MicrosoftEdgeUpdateTaskMachineCore,,,TimeTriggerEvent
2026-05-13T15:09:22.288847Z,129,dc.scaffold.htb,Microsoft-Windows-TaskScheduler,Microsoft-Windows-TaskScheduler/Operational,238,4,,,,,C:\Program Files (x86)\Microsoft\EdgeUpdate\MicrosoftEdgeUpdate.exe,32,6844,,,,,\MicrosoftEdgeUpdateTaskMachineCore,,,CreatedTaskProcess
2026-05-13T15:09:22.289635Z,100,dc.scaffold.htb,Microsoft-Windows-TaskScheduler,Microsoft-Windows-TaskScheduler/Operational,239,4,,,A9350BC2-96AA-4DC7-BC87-C20CBA5F967F,,,,,,,,,\MicrosoftEdgeUpdateTaskMachineCore,NT AUTHORITY\SYSTEM,,TaskStartEvent
2026-05-13T15:09:22.289638Z,200,dc.scaffold.htb,Microsoft-Windows-TaskScheduler,Microsoft-Windows-TaskScheduler/Operational,240,4,C:\Program Files (x86)\Microsoft\EdgeUpdate\MicrosoftEdgeUpdate.exe,6844,,,,,,,,,A9350BC2-96AA-4DC7-BC87-C20CBA5F967F,\MicrosoftEdgeUpdateTaskMachineCore,,,ActionStart
2026-05-13T15:09:22.320099Z,201,dc.scaffold.htb,Microsoft-Windows-TaskScheduler,Microsoft-Windows-TaskScheduler/Operational,241,4,C:\Program Files (x86)\Microsoft\EdgeUpdate\MicrosoftEdgeUpdate.exe,6844,,,,,,,0,,A9350BC2-96AA-4DC7-BC87-C20CBA5F967F,\MicrosoftEdgeUpdateTaskMachineCore,,,ActionSuccess
2026-05-13T15:09:22.320257Z,102,dc.scaffold.htb,Microsoft-Windows-TaskScheduler,Microsoft-Windows-TaskScheduler/Operational,242,4,,,A9350BC2-96AA-4DC7-BC87-C20CBA5F967F,,,,,,,,,\MicrosoftEdgeUpdateTaskMachineCore,NT AUTHORITY\SYSTEM,,TaskSuccessEvent
2026-05-13T15:11:50.312386Z,140,dc.scaffold.htb,Microsoft-Windows-TaskScheduler,Microsoft-Windows-TaskScheduler/Operational,243,4,,,,,,,,,,,,\Microsoft\Windows\.NET Framework\.NET Framework NGEN v4.0.30319,,SYSTEM,TaskUpdated
2026-05-13T15:11:50.313248Z,325,dc.scaffold.htb,Microsoft-Windows-TaskScheduler,Microsoft-Windows-TaskScheduler/Operational,244,3,,,,,,,,36DFAE81-A75F-47E7-99D9-AD764F029237,,,,\Microsoft\Windows\.NET Framework\.NET Framework NGEN v4.0.30319,,,TaskInstanceQueued
2026-05-13T15:11:50.315215Z,129,dc.scaffold.htb,Microsoft-Windows-TaskScheduler,Microsoft-Windows-TaskScheduler/Operational,245,4,,,,,taskhostw.exe,16384,5612,,,,,\Microsoft\Windows\.NET Framework\.NET Framework NGEN v4.0.30319,,,CreatedTaskProcess
2026-05-13T15:11:50.315403Z,100,dc.scaffold.htb,Microsoft-Windows-TaskScheduler,Microsoft-Windows-TaskScheduler/Operational,246,4,,,36DFAE81-A75F-47E7-99D9-AD764F029237,,,,,,,,,\Microsoft\Windows\.NET Framework\.NET Framework NGEN v4.0.30319,NT AUTHORITY\SYSTEM,,TaskStartEvent
2026-05-13T15:11:50.315404Z,200,dc.scaffold.htb,Microsoft-Windows-TaskScheduler,Microsoft-Windows-TaskScheduler/Operational,247,4,,5612,,,,,,,,,36DFAE81-A75F-47E7-99D9-AD764F029237,\Microsoft\Windows\.NET Framework\.NET Framework NGEN v4.0.30319,,,ActionStart
2026-05-13T15:11:50.315536Z,110,dc.scaffold.htb,Microsoft-Windows-TaskScheduler,Microsoft-Windows-TaskScheduler/Operational,248,4,,,36DFAE81-A75F-47E7-99D9-AD764F029237,,,,,,,,,\Microsoft\Windows\.NET Framework\.NET Framework NGEN v4.0.30319,System,,TaskRunEvent
2026-05-13T15:11:50.404111Z,140,dc.scaffold.htb,Microsoft-Windows-TaskScheduler,Microsoft-Windows-TaskScheduler/Operational,249,4,,,,,,,,,,,,\Microsoft\Windows\.NET Framework\.NET Framework NGEN v4.0.30319 64,,SYSTEM,TaskUpdated
2026-05-13T15:11:50.404922Z,325,dc.scaffold.htb,Microsoft-Windows-TaskScheduler,Microsoft-Windows-TaskScheduler/Operational,250,3,,,,,,,,017CC7B2-560C-4637-B26B-67EB92C754E8,,,,\Microsoft\Windows\.NET Framework\.NET Framework NGEN v4.0.30319 64,,,TaskInstanceQueued
2026-05-13T15:11:50.405268Z,100,dc.scaffold.htb,Microsoft-Windows-TaskScheduler,Microsoft-Windows-TaskScheduler/Operational,251,4,,,017CC7B2-560C-4637-B26B-67EB92C754E8,,,,,,,,,\Microsoft\Windows\.NET Framework\.NET Framework NGEN v4.0.30319 64,NT AUTHORITY\SYSTEM,,TaskStartEvent
2026-05-13T15:11:50.405269Z,200,dc.scaffold.htb,Microsoft-Windows-TaskScheduler,Microsoft-Windows-TaskScheduler/Operational,252,4,,5612,,,,,,,,,017CC7B2-560C-4637-B26B-67EB92C754E8,\Microsoft\Windows\.NET Framework\.NET Framework NGEN v4.0.30319 64,,,ActionStart
2026-05-13T15:11:50.405386Z,110,dc.scaffold.htb,Microsoft-Windows-TaskScheduler,Microsoft-Windows-TaskScheduler/Operational,253,4,,,017CC7B2-560C-4637-B26B-67EB92C754E8,,,,,,,,,\Microsoft\Windows\.NET Framework\.NET Framework NGEN v4.0.30319 64,System,,TaskRunEvent
2026-05-13T15:11:50.460340Z,140,dc.scaffold.htb,Microsoft-Windows-TaskScheduler,Microsoft-Windows-TaskScheduler/Operational,254,4,,,,,,,,,,,,\Microsoft\Windows\.NET Framework\.NET Framework NGEN v4.0.30319,,SYSTEM,TaskUpdated
2026-05-13T15:11:50.509742Z,140,dc.scaffold.htb,Microsoft-Windows-TaskScheduler,Microsoft-Windows-TaskScheduler/Operational,255,4,,,,,,,,,,,,\Microsoft\Windows\.NET Framework\.NET Framework NGEN v4.0.30319 64,,SYSTEM,TaskUpdated
2026-05-13T15:12:18.177970Z,140,dc.scaffold.htb,Microsoft-Windows-TaskScheduler,Microsoft-Windows-TaskScheduler/Operational,256,4,,,,,,,,,,,,\Microsoft\Windows\.NET Framework\.NET Framework NGEN v4.0.30319,,SYSTEM,TaskUpdated
2026-05-13T15:12:18.208099Z,202,dc.scaffold.htb,Microsoft-Windows-TaskScheduler,Microsoft-Windows-TaskScheduler/Operational,257,2,,5612,,,,,,,2147946720,,36DFAE81-A75F-47E7-99D9-AD764F029237,\Microsoft\Windows\.NET Framework\.NET Framework NGEN v4.0.30319,,,ActionFailure
2026-05-13T15:12:18.208101Z,103,dc.scaffold.htb,Microsoft-Windows-TaskScheduler,Microsoft-Windows-TaskScheduler/Operational,258,2,,,36DFAE81-A75F-47E7-99D9-AD764F029237,,,,,,2147946720,,,\Microsoft\Windows\.NET Framework\.NET Framework NGEN v4.0.30319,NT AUTHORITY\SYSTEM,,TaskFailureEvent
2026-05-13T15:12:35.504812Z,140,dc.scaffold.htb,Microsoft-Windows-TaskScheduler,Microsoft-Windows-TaskScheduler/Operational,259,4,,,,,,,,,,,,\Microsoft\Windows\.NET Framework\.NET Framework NGEN v4.0.30319 64,,SYSTEM,TaskUpdated
2026-05-13T15:12:35.521891Z,202,dc.scaffold.htb,Microsoft-Windows-TaskScheduler,Microsoft-Windows-TaskScheduler/Operational,260,2,,5612,,,,,,,2147946720,,017CC7B2-560C-4637-B26B-67EB92C754E8,\Microsoft\Windows\.NET Framework\.NET Framework NGEN v4.0.30319 64,,,ActionFailure
2026-05-13T15:12:35.521892Z,103,dc.scaffold.htb,Microsoft-Windows-TaskScheduler,Microsoft-Windows-TaskScheduler/Operational,261,2,,,017CC7B2-560C-4637-B26B-67EB92C754E8,,,,,,2147946720,,,\Microsoft\Windows\.NET Framework\.NET Framework NGEN v4.0.30319 64,NT AUTHORITY\SYSTEM,,TaskFailureEvent
2026-05-13T15:14:23.046372Z,140,dc.scaffold.htb,Microsoft-Windows-TaskScheduler,Microsoft-Windows-TaskScheduler/Operational,262,4,,,,,,,,,,,,\Microsoft\Windows\SoftwareProtectionPlatform\SvcRestartTask,,SCAFFOLD\DC$,TaskUpdated
2026-05-13T15:23:34.207056Z,140,dc.scaffold.htb,Microsoft-Windows-TaskScheduler,Microsoft-Windows-TaskScheduler/Operational,263,4,,,,,,,,,,,,\Microsoft\Windows\WindowsUpdate\Scheduled Start,,NT AUTHORITY\SYSTEM,TaskUpdated
2026-05-13T15:23:43.500109Z,118,dc.scaffold.htb,Microsoft-Windows-TaskScheduler,Microsoft-Windows-TaskScheduler/Operational,264,4,,,851B5746-7F05-43DB-9E9F-91A658E5501F,,,,,,,,,\Microsoft\Windows\Autochk\Proxy,,,BootTrigger
2026-05-13T15:23:43.507992Z,129,dc.scaffold.htb,Microsoft-Windows-TaskScheduler,Microsoft-Windows-TaskScheduler/Operational,265,4,,,,,%windir%\system32\rundll32.exe,16384,4468,,,,,\Microsoft\Windows\Autochk\Proxy,,,CreatedTaskProcess
2026-05-13T15:23:43.508208Z,100,dc.scaffold.htb,Microsoft-Windows-TaskScheduler,Microsoft-Windows-TaskScheduler/Operational,266,4,,,851B5746-7F05-43DB-9E9F-91A658E5501F,,,,,,,,,\Microsoft\Windows\Autochk\Proxy,NT AUTHORITY\SYSTEM,,TaskStartEvent
2026-05-13T15:23:43.508210Z,200,dc.scaffold.htb,Microsoft-Windows-TaskScheduler,Microsoft-Windows-TaskScheduler/Operational,267,4,%windir%\system32\rundll32.exe,4468,,,,,,,,,851B5746-7F05-43DB-9E9F-91A658E5501F,\Microsoft\Windows\Autochk\Proxy,,,ActionStart
2026-05-13T15:23:43.534750Z,201,dc.scaffold.htb,Microsoft-Windows-TaskScheduler,Microsoft-Windows-TaskScheduler/Operational,268,4,%windir%\system32\rundll32.exe,4468,,,,,,,0,,851B5746-7F05-43DB-9E9F-91A658E5501F,\Microsoft\Windows\Autochk\Proxy,,,ActionSuccess
2026-05-13T15:23:43.534870Z,102,dc.scaffold.htb,Microsoft-Windows-TaskScheduler,Microsoft-Windows-TaskScheduler/Operational,269,4,,,851B5746-7F05-43DB-9E9F-91A658E5501F,,,,,,,,,\Microsoft\Windows\Autochk\Proxy,NT AUTHORITY\SYSTEM,,TaskSuccessEvent
2026-05-13T15:39:23.512876Z,107,dc.scaffold.htb,Microsoft-Windows-TaskScheduler,Microsoft-Windows-TaskScheduler/Operational,270,4,,,B7431D69-36B8-47AB-A4FF-6E105A964A39,,,,,,,,,\MicrosoftEdgeUpdateTaskMachineUA,,,TimeTriggerEvent
2026-05-13T15:39:23.523265Z,129,dc.scaffold.htb,Microsoft-Windows-TaskScheduler,Microsoft-Windows-TaskScheduler/Operational,271,4,,,,,C:\Program Files (x86)\Microsoft\EdgeUpdate\MicrosoftEdgeUpdate.exe,32,1192,,,,,\MicrosoftEdgeUpdateTaskMachineUA,,,CreatedTaskProcess
2026-05-13T15:39:23.523911Z,100,dc.scaffold.htb,Microsoft-Windows-TaskScheduler,Microsoft-Windows-TaskScheduler/Operational,272,4,,,B7431D69-36B8-47AB-A4FF-6E105A964A39,,,,,,,,,\MicrosoftEdgeUpdateTaskMachineUA,NT AUTHORITY\SYSTEM,,TaskStartEvent
2026-05-13T15:39:23.523914Z,200,dc.scaffold.htb,Microsoft-Windows-TaskScheduler,Microsoft-Windows-TaskScheduler/Operational,273,4,C:\Program Files (x86)\Microsoft\EdgeUpdate\MicrosoftEdgeUpdate.exe,1192,,,,,,,,,B7431D69-36B8-47AB-A4FF-6E105A964A39,\MicrosoftEdgeUpdateTaskMachineUA,,,ActionStart
2026-05-13T15:39:23.561579Z,201,dc.scaffold.htb,Microsoft-Windows-TaskScheduler,Microsoft-Windows-TaskScheduler/Operational,274,4,C:\Program Files (x86)\Microsoft\EdgeUpdate\MicrosoftEdgeUpdate.exe,1192,,,,,,,0,,B7431D69-36B8-47AB-A4FF-6E105A964A39,\MicrosoftEdgeUpdateTaskMachineUA,,,ActionSuccess
2026-05-13T15:39:23.561654Z,102,dc.scaffold.htb,Microsoft-Windows-TaskScheduler,Microsoft-Windows-TaskScheduler/Operational,275,4,,,B7431D69-36B8-47AB-A4FF-6E105A964A39,,,,,,,,,\MicrosoftEdgeUpdateTaskMachineUA,NT AUTHORITY\SYSTEM,,TaskSuccessEvent
2026-05-13T15:43:19.125340Z,129,dc.scaffold.htb,Microsoft-Windows-TaskScheduler,Microsoft-Windows-TaskScheduler/Operational,276,4,,,,,taskhostw.exe,16384,6488,,,,,\Microsoft\Windows\CertificateServicesClient\SystemTask,,,CreatedTaskProcess
2026-05-13T15:43:19.125859Z,100,dc.scaffold.htb,Microsoft-Windows-TaskScheduler,Microsoft-Windows-TaskScheduler/Operational,277,4,,,6A6B49E3-488F-47E8-9850-2ECF005290BF,,,,,,,,,\Microsoft\Windows\CertificateServicesClient\SystemTask,NT AUTHORITY\SYSTEM,,TaskStartEvent
2026-05-13T15:43:19.125861Z,200,dc.scaffold.htb,Microsoft-Windows-TaskScheduler,Microsoft-Windows-TaskScheduler/Operational,278,4,Certificate Services Client Task Handler,6488,,,,,,,,,6A6B49E3-488F-47E8-9850-2ECF005290BF,\Microsoft\Windows\CertificateServicesClient\SystemTask,,,ActionStart
2026-05-13T15:43:19.235252Z,100,dc.scaffold.htb,Microsoft-Windows-TaskScheduler,Microsoft-Windows-TaskScheduler/Operational,279,4,,,14E42065-88C1-47DE-A2BC-ACCB9F662C2A,,,,,,,,,\Microsoft\Windows\Plug and Play\Device Install Group Policy,NT AUTHORITY\SYSTEM,,TaskStartEvent
2026-05-13T15:43:19.235253Z,200,dc.scaffold.htb,Microsoft-Windows-TaskScheduler,Microsoft-Windows-TaskScheduler/Operational,280,4,Device Installation Group Policy Task Handler,6488,,,,,,,,,14E42065-88C1-47DE-A2BC-ACCB9F662C2A,\Microsoft\Windows\Plug and Play\Device Install Group Policy,,,ActionStart
2026-05-13T15:43:19.235368Z,100,dc.scaffold.htb,Microsoft-Windows-TaskScheduler,Microsoft-Windows-TaskScheduler/Operational,281,4,,,4FBA2E77-61E3-4E22-AE20-A84033A8AC37,,,,,,,,,\Microsoft\Windows\ExploitGuard\ExploitGuard MDM policy Refresh,NT AUTHORITY\SYSTEM,,TaskStartEvent
2026-05-13T15:43:19.235369Z,200,dc.scaffold.htb,Microsoft-Windows-TaskScheduler,Microsoft-Windows-TaskScheduler/Operational,282,4,,6488,,,,,,,,,4FBA2E77-61E3-4E22-AE20-A84033A8AC37,\Microsoft\Windows\ExploitGuard\ExploitGuard MDM policy Refresh,,,ActionStart
2026-05-13T15:43:19.235582Z,100,dc.scaffold.htb,Microsoft-Windows-TaskScheduler,Microsoft-Windows-TaskScheduler/Operational,283,4,,,E88EAE3B-8DA8-403E-9FED-4CDBB41CFF42,,,,,,,,,\Microsoft\Windows\Flighting\FeatureConfig\ReconcileFeatures,NT AUTHORITY\SYSTEM,,TaskStartEvent
2026-05-13T15:43:19.235583Z,200,dc.scaffold.htb,Microsoft-Windows-TaskScheduler,Microsoft-Windows-TaskScheduler/Operational,284,4,Feature Configuration Reconciliation Task Handler,6488,,,,,,,,,E88EAE3B-8DA8-403E-9FED-4CDBB41CFF42,\Microsoft\Windows\Flighting\FeatureConfig\ReconcileFeatures,,,ActionStart
2026-05-13T15:43:19.242975Z,201,dc.scaffold.htb,Microsoft-Windows-TaskScheduler,Microsoft-Windows-TaskScheduler/Operational,285,4,,6488,,,,,,,0,,4FBA2E77-61E3-4E22-AE20-A84033A8AC37,\Microsoft\Windows\ExploitGuard\ExploitGuard MDM policy Refresh,,,ActionSuccess
2026-05-13T15:43:19.242977Z,102,dc.scaffold.htb,Microsoft-Windows-TaskScheduler,Microsoft-Windows-TaskScheduler/Operational,286,4,,,4FBA2E77-61E3-4E22-AE20-A84033A8AC37,,,,,,,,,\Microsoft\Windows\ExploitGuard\ExploitGuard MDM policy Refresh,NT AUTHORITY\SYSTEM,,TaskSuccessEvent
2026-05-13T15:43:19.252736Z,201,dc.scaffold.htb,Microsoft-Windows-TaskScheduler,Microsoft-Windows-TaskScheduler/Operational,287,4,Feature Configuration Reconciliation Task Handler,6488,,,,,,,0,,E88EAE3B-8DA8-403E-9FED-4CDBB41CFF42,\Microsoft\Windows\Flighting\FeatureConfig\ReconcileFeatures,,,ActionSuccess
2026-05-13T15:43:19.252737Z,102,dc.scaffold.htb,Microsoft-Windows-TaskScheduler,Microsoft-Windows-TaskScheduler/Operational,288,4,,,E88EAE3B-8DA8-403E-9FED-4CDBB41CFF42,,,,,,,,,\Microsoft\Windows\Flighting\FeatureConfig\ReconcileFeatures,NT AUTHORITY\SYSTEM,,TaskSuccessEvent
2026-05-13T15:43:19.278522Z,201,dc.scaffold.htb,Microsoft-Windows-TaskScheduler,Microsoft-Windows-TaskScheduler/Operational,289,4,Certificate Services Client Task Handler,6488,,,,,,,0,,6A6B49E3-488F-47E8-9850-2ECF005290BF,\Microsoft\Windows\CertificateServicesClient\SystemTask,,,ActionSuccess
2026-05-13T15:43:19.278523Z,102,dc.scaffold.htb,Microsoft-Windows-TaskScheduler,Microsoft-Windows-TaskScheduler/Operational,290,4,,,6A6B49E3-488F-47E8-9850-2ECF005290BF,,,,,,,,,\Microsoft\Windows\CertificateServicesClient\SystemTask,NT AUTHORITY\SYSTEM,,TaskSuccessEvent
2026-05-13T15:43:19.597402Z,201,dc.scaffold.htb,Microsoft-Windows-TaskScheduler,Microsoft-Windows-TaskScheduler/Operational,291,4,Device Installation Group Policy Task Handler,6488,,,,,,,0,,14E42065-88C1-47DE-A2BC-ACCB9F662C2A,\Microsoft\Windows\Plug and Play\Device Install Group Policy,,,ActionSuccess
2026-05-13T15:43:19.597406Z,102,dc.scaffold.htb,Microsoft-Windows-TaskScheduler,Microsoft-Windows-TaskScheduler/Operational,292,4,,,14E42065-88C1-47DE-A2BC-ACCB9F662C2A,,,,,,,,,\Microsoft\Windows\Plug and Play\Device Install Group Policy,NT AUTHORITY\SYSTEM,,TaskSuccessEvent
2026-05-13T15:44:23.503152Z,140,dc.scaffold.htb,Microsoft-Windows-TaskScheduler,Microsoft-Windows-TaskScheduler/Operational,293,4,,,,,,,,,,,,\Microsoft\Windows\SoftwareProtectionPlatform\SvcRestartTask,,SCAFFOLD\DC$,TaskUpdated
2026-05-13T15:48:19.633032Z,129,dc.scaffold.htb,Microsoft-Windows-TaskScheduler,Microsoft-Windows-TaskScheduler/Operational,294,4,,,,,%systemroot%\system32\usoclient.exe,16384,7868,,,,,\Microsoft\Windows\UpdateOrchestrator\Report policies,,,CreatedTaskProcess
2026-05-13T15:48:19.634089Z,100,dc.scaffold.htb,Microsoft-Windows-TaskScheduler,Microsoft-Windows-TaskScheduler/Operational,295,4,,,0D99CE39-51B6-4CAB-99E1-395BBEBFB1A6,,,,,,,,,\Microsoft\Windows\UpdateOrchestrator\Report policies,NT AUTHORITY\SYSTEM,,TaskStartEvent
2026-05-13T15:48:19.634092Z,200,dc.scaffold.htb,Microsoft-Windows-TaskScheduler,Microsoft-Windows-TaskScheduler/Operational,296,4,%systemroot%\system32\usoclient.exe,7868,,,,,,,,,0D99CE39-51B6-4CAB-99E1-395BBEBFB1A6,\Microsoft\Windows\UpdateOrchestrator\Report policies,,,ActionStart
2026-05-13T15:48:19.666077Z,201,dc.scaffold.htb,Microsoft-Windows-TaskScheduler,Microsoft-Windows-TaskScheduler/Operational,297,4,%systemroot%\system32\usoclient.exe,7868,,,,,,,0,,0D99CE39-51B6-4CAB-99E1-395BBEBFB1A6,\Microsoft\Windows\UpdateOrchestrator\Report policies,,,ActionSuccess
2026-05-13T15:48:19.666227Z,102,dc.scaffold.htb,Microsoft-Windows-TaskScheduler,Microsoft-Windows-TaskScheduler/Operational,298,4,,,0D99CE39-51B6-4CAB-99E1-395BBEBFB1A6,,,,,,,,,\Microsoft\Windows\UpdateOrchestrator\Report policies,NT AUTHORITY\SYSTEM,,TaskSuccessEvent
2026-05-13T15:53:20.165123Z,140,dc.scaffold.htb,Microsoft-Windows-TaskScheduler,Microsoft-Windows-TaskScheduler/Operational,299,4,,,,,,,,,,,,\Microsoft\Windows\WindowsUpdate\Scheduled Start,,NT AUTHORITY\SYSTEM,TaskUpdated
2026-05-13T15:53:43.510573Z,119,dc.scaffold.htb,Microsoft-Windows-TaskScheduler,Microsoft-Windows-TaskScheduler/Operational,300,4,,,033476E1-CBEA-43E6-8D59-DD819519C68C,,,,,,,,,\Microsoft\Windows\AppxDeploymentClient\Pre-staged app cleanup,,SCAFFOLD\Administrator,LogonTrigger
2026-05-13T15:53:43.514395Z,129,dc.scaffold.htb,Microsoft-Windows-TaskScheduler,Microsoft-Windows-TaskScheduler/Operational,301,4,,,,,%windir%\system32\rundll32.exe,16384,7616,,,,,\Microsoft\Windows\AppxDeploymentClient\Pre-staged app cleanup,,,CreatedTaskProcess
2026-05-13T15:53:43.514786Z,100,dc.scaffold.htb,Microsoft-Windows-TaskScheduler,Microsoft-Windows-TaskScheduler/Operational,302,4,,,033476E1-CBEA-43E6-8D59-DD819519C68C,,,,,,,,,\Microsoft\Windows\AppxDeploymentClient\Pre-staged app cleanup,NT AUTHORITY\SYSTEM,,TaskStartEvent
2026-05-13T15:53:43.514788Z,200,dc.scaffold.htb,Microsoft-Windows-TaskScheduler,Microsoft-Windows-TaskScheduler/Operational,303,4,%windir%\system32\rundll32.exe,7616,,,,,,,,,033476E1-CBEA-43E6-8D59-DD819519C68C,\Microsoft\Windows\AppxDeploymentClient\Pre-staged app cleanup,,,ActionStart
2026-05-13T15:53:43.553552Z,142,dc.scaffold.htb,Microsoft-Windows-TaskScheduler,Microsoft-Windows-TaskScheduler/Operational,304,4,,,,,,,,,,,,\Microsoft\Windows\AppxDeploymentClient\Pre-staged app cleanup,,System,TaskDisabled
2026-05-13T15:53:43.556193Z,201,dc.scaffold.htb,Microsoft-Windows-TaskScheduler,Microsoft-Windows-TaskScheduler/Operational,305,4,%windir%\system32\rundll32.exe,7616,,,,,,,0,,033476E1-CBEA-43E6-8D59-DD819519C68C,\Microsoft\Windows\AppxDeploymentClient\Pre-staged app cleanup,,,ActionSuccess
2026-05-13T15:53:43.556318Z,102,dc.scaffold.htb,Microsoft-Windows-TaskScheduler,Microsoft-Windows-TaskScheduler/Operational,306,4,,,033476E1-CBEA-43E6-8D59-DD819519C68C,,,,,,,,,\Microsoft\Windows\AppxDeploymentClient\Pre-staged app cleanup,NT AUTHORITY\SYSTEM,,TaskSuccessEvent
2026-05-13T16:03:54.444023Z,108,dc.scaffold.htb,Microsoft-Windows-TaskScheduler,Microsoft-Windows-TaskScheduler/Operational,307,4,,,2915C439-3E61-4147-9E80-61BE579D3F1F,,,,,,,,,\Microsoft\Windows\Workplace Join\Automatic-Device-Join,,,EventTriggerEvent
2026-05-13T16:03:54.449047Z,129,dc.scaffold.htb,Microsoft-Windows-TaskScheduler,Microsoft-Windows-TaskScheduler/Operational,308,4,,,,,%SystemRoot%\System32\dsregcmd.exe,16384,4636,,,,,\Microsoft\Windows\Workplace Join\Automatic-Device-Join,,,CreatedTaskProcess
2026-05-13T16:03:54.450123Z,100,dc.scaffold.htb,Microsoft-Windows-TaskScheduler,Microsoft-Windows-TaskScheduler/Operational,309,4,,,2915C439-3E61-4147-9E80-61BE579D3F1F,,,,,,,,,\Microsoft\Windows\Workplace Join\Automatic-Device-Join,NT AUTHORITY\SYSTEM,,TaskStartEvent
2026-05-13T16:03:54.450129Z,200,dc.scaffold.htb,Microsoft-Windows-TaskScheduler,Microsoft-Windows-TaskScheduler/Operational,310,4,%SystemRoot%\System32\dsregcmd.exe,4636,,,,,,,,,2915C439-3E61-4147-9E80-61BE579D3F1F,\Microsoft\Windows\Workplace Join\Automatic-Device-Join,,,ActionStart
2026-05-13T16:03:54.575838Z,201,dc.scaffold.htb,Microsoft-Windows-TaskScheduler,Microsoft-Windows-TaskScheduler/Operational,311,4,%SystemRoot%\System32\dsregcmd.exe,4636,,,,,,,2147942401,,2915C439-3E61-4147-9E80-61BE579D3F1F,\Microsoft\Windows\Workplace Join\Automatic-Device-Join,,,ActionSuccess
2026-05-13T16:03:54.576056Z,102,dc.scaffold.htb,Microsoft-Windows-TaskScheduler,Microsoft-Windows-TaskScheduler/Operational,312,4,,,2915C439-3E61-4147-9E80-61BE579D3F1F,,,,,,,,,\Microsoft\Windows\Workplace Join\Automatic-Device-Join,NT AUTHORITY\SYSTEM,,TaskSuccessEvent
2026-05-13T16:13:06.984609Z,107,dc.scaffold.htb,Microsoft-Windows-TaskScheduler,Microsoft-Windows-TaskScheduler/Operational,313,4,,,10B276A7-FB7A-4863-A1E6-A1C5DC6A76A6,,,,,,,,,\Microsoft\Windows\Windows Error Reporting\QueueReporting,,,TimeTriggerEvent
2026-05-13T16:13:06.992833Z,129,dc.scaffold.htb,Microsoft-Windows-TaskScheduler,Microsoft-Windows-TaskScheduler/Operational,314,4,,,,,%windir%\system32\wermgr.exe,16384,6512,,,,,\Microsoft\Windows\Windows Error Reporting\QueueReporting,,,CreatedTaskProcess
2026-05-13T16:13:06.993434Z,100,dc.scaffold.htb,Microsoft-Windows-TaskScheduler,Microsoft-Windows-TaskScheduler/Operational,315,4,,,10B276A7-FB7A-4863-A1E6-A1C5DC6A76A6,,,,,,,,,\Microsoft\Windows\Windows Error Reporting\QueueReporting,NT AUTHORITY\SYSTEM,,TaskStartEvent
2026-05-13T16:13:06.993437Z,200,dc.scaffold.htb,Microsoft-Windows-TaskScheduler,Microsoft-Windows-TaskScheduler/Operational,316,4,%windir%\system32\wermgr.exe,6512,,,,,,,,,10B276A7-FB7A-4863-A1E6-A1C5DC6A76A6,\Microsoft\Windows\Windows Error Reporting\QueueReporting,,,ActionStart
2026-05-13T16:13:07.036296Z,201,dc.scaffold.htb,Microsoft-Windows-TaskScheduler,Microsoft-Windows-TaskScheduler/Operational,317,4,%windir%\system32\wermgr.exe,6512,,,,,,,0,,10B276A7-FB7A-4863-A1E6-A1C5DC6A76A6,\Microsoft\Windows\Windows Error Reporting\QueueReporting,,,ActionSuccess
2026-05-13T16:13:07.036401Z,102,dc.scaffold.htb,Microsoft-Windows-TaskScheduler,Microsoft-Windows-TaskScheduler/Operational,318,4,,,10B276A7-FB7A-4863-A1E6-A1C5DC6A76A6,,,,,,,,,\Microsoft\Windows\Windows Error Reporting\QueueReporting,NT AUTHORITY\SYSTEM,,TaskSuccessEvent
2026-05-13T16:14:23.896584Z,140,dc.scaffold.htb,Microsoft-Windows-TaskScheduler,Microsoft-Windows-TaskScheduler/Operational,319,4,,,,,,,,,,,,\Microsoft\Windows\SoftwareProtectionPlatform\SvcRestartTask,,SCAFFOLD\DC$,TaskUpdated
2026-05-13T16:20:19.349448Z,129,dc.scaffold.htb,Microsoft-Windows-TaskScheduler,Microsoft-Windows-TaskScheduler/Operational,320,4,,,,,taskhostw.exe,32,7028,,,,,\Microsoft\Windows\CertificateServicesClient\UserTask-Roam,,,CreatedTaskProcess
2026-05-13T16:20:19.349730Z,100,dc.scaffold.htb,Microsoft-Windows-TaskScheduler,Microsoft-Windows-TaskScheduler/Operational,321,4,,,6A480ADB-D83C-4064-9ACD-24ADC95C1209,,,,,,,,,\Microsoft\Windows\CertificateServicesClient\UserTask-Roam,SCAFFOLD\Administrator,,TaskStartEvent
2026-05-13T16:20:19.349731Z,200,dc.scaffold.htb,Microsoft-Windows-TaskScheduler,Microsoft-Windows-TaskScheduler/Operational,322,4,Certificate Services Client Task Handler,7028,,,,,,,,,6A480ADB-D83C-4064-9ACD-24ADC95C1209,\Microsoft\Windows\CertificateServicesClient\UserTask-Roam,,,ActionStart
2026-05-13T16:20:19.367103Z,201,dc.scaffold.htb,Microsoft-Windows-TaskScheduler,Microsoft-Windows-TaskScheduler/Operational,323,4,Certificate Services Client Task Handler,7028,,,,,,,0,,6A480ADB-D83C-4064-9ACD-24ADC95C1209,\Microsoft\Windows\CertificateServicesClient\UserTask-Roam,,,ActionSuccess
2026-05-13T16:20:19.367104Z,102,dc.scaffold.htb,Microsoft-Windows-TaskScheduler,Microsoft-Windows-TaskScheduler/Operational,324,4,,,6A480ADB-D83C-4064-9ACD-24ADC95C1209,,,,,,,,,\Microsoft\Windows\CertificateServicesClient\UserTask-Roam,SCAFFOLD\Administrator,,TaskSuccessEvent
2026-05-13T16:33:43.681296Z,129,dc.scaffold.htb,Microsoft-Windows-TaskScheduler,Microsoft-Windows-TaskScheduler/Operational,325,4,,,,,taskhostw.exe,16384,148,,,,,\Microsoft\Windows\Flighting\OneSettings\RefreshCache,,,CreatedTaskProcess
2026-05-13T16:33:43.681908Z,100,dc.scaffold.htb,Microsoft-Windows-TaskScheduler,Microsoft-Windows-TaskScheduler/Operational,326,4,,,99F0B8D6-3172-4615-B83F-967EAC4A13D6,,,,,,,,,\Microsoft\Windows\Flighting\OneSettings\RefreshCache,NT AUTHORITY\SYSTEM,,TaskStartEvent
2026-05-13T16:33:43.681912Z,200,dc.scaffold.htb,Microsoft-Windows-TaskScheduler,Microsoft-Windows-TaskScheduler/Operational,327,4,OneSettings Refresh Cache Task Handler,148,,,,,,,,,99F0B8D6-3172-4615-B83F-967EAC4A13D6,\Microsoft\Windows\Flighting\OneSettings\RefreshCache,,,ActionStart
2026-05-13T16:33:43.697287Z,140,dc.scaffold.htb,Microsoft-Windows-TaskScheduler,Microsoft-Windows-TaskScheduler/Operational,328,4,,,,,,,,,,,,\Microsoft\Windows\UpdateOrchestrator\Schedule Scan,,S-1-5-18,TaskUpdated
2026-05-13T16:33:43.722670Z,140,dc.scaffold.htb,Microsoft-Windows-TaskScheduler,Microsoft-Windows-TaskScheduler/Operational,329,4,,,,,,,,,,,,\Microsoft\Windows\UpdateOrchestrator\Schedule Scan,,SCAFFOLD\DC$,TaskUpdated
2026-05-13T16:33:55.821681Z,202,dc.scaffold.htb,Microsoft-Windows-TaskScheduler,Microsoft-Windows-TaskScheduler/Operational,330,2,OneSettings Refresh Cache Task Handler,148,,,,,,,2147954407,,99F0B8D6-3172-4615-B83F-967EAC4A13D6,\Microsoft\Windows\Flighting\OneSettings\RefreshCache,,,ActionFailure
2026-05-13T16:33:55.821785Z,103,dc.scaffold.htb,Microsoft-Windows-TaskScheduler,Microsoft-Windows-TaskScheduler/Operational,331,2,,,99F0B8D6-3172-4615-B83F-967EAC4A13D6,,,,,,2147954407,,,\Microsoft\Windows\Flighting\OneSettings\RefreshCache,NT AUTHORITY\SYSTEM,,TaskFailureEvent
2026-05-13T16:39:23.513920Z,107,dc.scaffold.htb,Microsoft-Windows-TaskScheduler,Microsoft-Windows-TaskScheduler/Operational,332,4,,,41D9FDCE-D579-42E5-BC32-B0FFEC6000AF,,,,,,,,,\MicrosoftEdgeUpdateTaskMachineUA,,,TimeTriggerEvent
2026-05-13T16:39:23.517832Z,129,dc.scaffold.htb,Microsoft-Windows-TaskScheduler,Microsoft-Windows-TaskScheduler/Operational,333,4,,,,,C:\Program Files (x86)\Microsoft\EdgeUpdate\MicrosoftEdgeUpdate.exe,32,5448,,,,,\MicrosoftEdgeUpdateTaskMachineUA,,,CreatedTaskProcess
2026-05-13T16:39:23.518360Z,100,dc.scaffold.htb,Microsoft-Windows-TaskScheduler,Microsoft-Windows-TaskScheduler/Operational,334,4,,,41D9FDCE-D579-42E5-BC32-B0FFEC6000AF,,,,,,,,,\MicrosoftEdgeUpdateTaskMachineUA,NT AUTHORITY\SYSTEM,,TaskStartEvent
2026-05-13T16:39:23.518364Z,200,dc.scaffold.htb,Microsoft-Windows-TaskScheduler,Microsoft-Windows-TaskScheduler/Operational,335,4,C:\Program Files (x86)\Microsoft\EdgeUpdate\MicrosoftEdgeUpdate.exe,5448,,,,,,,,,41D9FDCE-D579-42E5-BC32-B0FFEC6000AF,\MicrosoftEdgeUpdateTaskMachineUA,,,ActionStart
2026-05-13T16:39:23.597306Z,201,dc.scaffold.htb,Microsoft-Windows-TaskScheduler,Microsoft-Windows-TaskScheduler/Operational,336,4,C:\Program Files (x86)\Microsoft\EdgeUpdate\MicrosoftEdgeUpdate.exe,5448,,,,,,,0,,41D9FDCE-D579-42E5-BC32-B0FFEC6000AF,\MicrosoftEdgeUpdateTaskMachineUA,,,ActionSuccess
2026-05-13T16:39:23.597531Z,102,dc.scaffold.htb,Microsoft-Windows-TaskScheduler,Microsoft-Windows-TaskScheduler/Operational,337,4,,,41D9FDCE-D579-42E5-BC32-B0FFEC6000AF,,,,,,,,,\MicrosoftEdgeUpdateTaskMachineUA,NT AUTHORITY\SYSTEM,,TaskSuccessEvent
2026-05-13T17:04:27.123702Z,411,dc.scaffold.htb,Microsoft-Windows-TaskScheduler,Microsoft-Windows-TaskScheduler/Operational,338,4,,,,TimeChangeSignaled,,,,,,,,,,,
2026-05-13T17:04:27.195896Z,108,dc.scaffold.htb,Microsoft-Windows-TaskScheduler,Microsoft-Windows-TaskScheduler/Operational,339,4,,,03E35FC1-6CED-46A4-8E40-3B531BF6600E,,,,,,,,,\Microsoft\Windows\Workplace Join\Automatic-Device-Join,,,EventTriggerEvent
2026-05-13T17:04:27.197053Z,129,dc.scaffold.htb,Microsoft-Windows-TaskScheduler,Microsoft-Windows-TaskScheduler/Operational,340,4,,,,,%systemroot%\system32\usoclient.exe,16384,7948,,,,,\Microsoft\Windows\UpdateOrchestrator\Schedule Scan Static Task,,,CreatedTaskProcess
2026-05-13T17:04:27.197250Z,100,dc.scaffold.htb,Microsoft-Windows-TaskScheduler,Microsoft-Windows-TaskScheduler/Operational,341,4,,,B3A11C80-0DCA-4042-94B7-98728248FF67,,,,,,,,,\Microsoft\Windows\UpdateOrchestrator\Schedule Scan Static Task,NT AUTHORITY\SYSTEM,,TaskStartEvent
2026-05-13T17:04:27.197252Z,200,dc.scaffold.htb,Microsoft-Windows-TaskScheduler,Microsoft-Windows-TaskScheduler/Operational,342,4,%systemroot%\system32\usoclient.exe,7948,,,,,,,,,B3A11C80-0DCA-4042-94B7-98728248FF67,\Microsoft\Windows\UpdateOrchestrator\Schedule Scan Static Task,,,ActionStart
2026-05-13T17:04:27.197369Z,129,dc.scaffold.htb,Microsoft-Windows-TaskScheduler,Microsoft-Windows-TaskScheduler/Operational,343,4,,,,,%SystemRoot%\System32\dsregcmd.exe,16384,7708,,,,,\Microsoft\Windows\Workplace Join\Automatic-Device-Join,,,CreatedTaskProcess
2026-05-13T17:04:27.197571Z,100,dc.scaffold.htb,Microsoft-Windows-TaskScheduler,Microsoft-Windows-TaskScheduler/Operational,344,4,,,03E35FC1-6CED-46A4-8E40-3B531BF6600E,,,,,,,,,\Microsoft\Windows\Workplace Join\Automatic-Device-Join,NT AUTHORITY\SYSTEM,,TaskStartEvent
2026-05-13T17:04:27.197573Z,200,dc.scaffold.htb,Microsoft-Windows-TaskScheduler,Microsoft-Windows-TaskScheduler/Operational,345,4,%SystemRoot%\System32\dsregcmd.exe,7708,,,,,,,,,03E35FC1-6CED-46A4-8E40-3B531BF6600E,\Microsoft\Windows\Workplace Join\Automatic-Device-Join,,,ActionStart
2026-05-13T17:04:27.197841Z,322,dc.scaffold.htb,Microsoft-Windows-TaskScheduler,Microsoft-Windows-TaskScheduler/Operational,346,3,,,,,,,,,,,B3A11C80-0DCA-4042-94B7-98728248FF67,\Microsoft\Windows\UpdateOrchestrator\Schedule Scan Static Task,,,NewInstanceIgnored
2026-05-13T17:04:27.523658Z,201,dc.scaffold.htb,Microsoft-Windows-TaskScheduler,Microsoft-Windows-TaskScheduler/Operational,347,4,%systemroot%\system32\usoclient.exe,7948,,,,,,,0,,B3A11C80-0DCA-4042-94B7-98728248FF67,\Microsoft\Windows\UpdateOrchestrator\Schedule Scan Static Task,,,ActionSuccess
2026-05-13T17:04:27.523839Z,102,dc.scaffold.htb,Microsoft-Windows-TaskScheduler,Microsoft-Windows-TaskScheduler/Operational,348,4,,,B3A11C80-0DCA-4042-94B7-98728248FF67,,,,,,,,,\Microsoft\Windows\UpdateOrchestrator\Schedule Scan Static Task,NT AUTHORITY\SYSTEM,,TaskSuccessEvent
2026-05-13T17:04:27.590513Z,201,dc.scaffold.htb,Microsoft-Windows-TaskScheduler,Microsoft-Windows-TaskScheduler/Operational,349,4,%SystemRoot%\System32\dsregcmd.exe,7708,,,,,,,2147942401,,03E35FC1-6CED-46A4-8E40-3B531BF6600E,\Microsoft\Windows\Workplace Join\Automatic-Device-Join,,,ActionSuccess
2026-05-13T17:04:27.590780Z,102,dc.scaffold.htb,Microsoft-Windows-TaskScheduler,Microsoft-Windows-TaskScheduler/Operational,350,4,,,03E35FC1-6CED-46A4-8E40-3B531BF6600E,,,,,,,,,\Microsoft\Windows\Workplace Join\Automatic-Device-Join,NT AUTHORITY\SYSTEM,,TaskSuccessEvent
2026-05-13T17:05:31.629153Z,140,dc.scaffold.htb,Microsoft-Windows-TaskScheduler,Microsoft-Windows-TaskScheduler/Operational,351,4,,,,,,,,,,,,\Microsoft\Windows\SoftwareProtectionPlatform\SvcRestartTask,,SCAFFOLD\DC$,TaskUpdated
2026-05-13T17:05:42.444336Z,129,dc.scaffold.htb,Microsoft-Windows-TaskScheduler,Microsoft-Windows-TaskScheduler/Operational,352,4,,,,,taskhostw.exe,32,1684,,,,,\Microsoft\Windows\CertificateServicesClient\UserTask-Roam,,,CreatedTaskProcess
2026-05-13T17:05:42.444597Z,100,dc.scaffold.htb,Microsoft-Windows-TaskScheduler,Microsoft-Windows-TaskScheduler/Operational,353,4,,,BD70925A-1EFD-41ED-A5F7-0DEC7C54DFD4,,,,,,,,,\Microsoft\Windows\CertificateServicesClient\UserTask-Roam,SCAFFOLD\Administrator,,TaskStartEvent
2026-05-13T17:05:42.444598Z,200,dc.scaffold.htb,Microsoft-Windows-TaskScheduler,Microsoft-Windows-TaskScheduler/Operational,354,4,Certificate Services Client Task Handler,1684,,,,,,,,,BD70925A-1EFD-41ED-A5F7-0DEC7C54DFD4,\Microsoft\Windows\CertificateServicesClient\UserTask-Roam,,,ActionStart
2026-05-13T17:05:42.470593Z,201,dc.scaffold.htb,Microsoft-Windows-TaskScheduler,Microsoft-Windows-TaskScheduler/Operational,355,4,Certificate Services Client Task Handler,1684,,,,,,,0,,BD70925A-1EFD-41ED-A5F7-0DEC7C54DFD4,\Microsoft\Windows\CertificateServicesClient\UserTask-Roam,,,ActionSuccess
2026-05-13T17:05:42.470594Z,102,dc.scaffold.htb,Microsoft-Windows-TaskScheduler,Microsoft-Windows-TaskScheduler/Operational,356,4,,,BD70925A-1EFD-41ED-A5F7-0DEC7C54DFD4,,,,,,,,,\Microsoft\Windows\CertificateServicesClient\UserTask-Roam,SCAFFOLD\Administrator,,TaskSuccessEvent
2026-05-13T17:06:16.536622Z,201,dc.scaffold.htb,Microsoft-Windows-TaskScheduler,Microsoft-Windows-TaskScheduler/Operational,357,4,C:\Windows\Explorer.EXE,4196,,,,,,,2147942404,,ECEDA28D-6230-4062-9CAE-DA4E47033BC1,\CreateExplorerShellUnelevatedTask,,,ActionSuccess
2026-05-13T17:06:16.537215Z,102,dc.scaffold.htb,Microsoft-Windows-TaskScheduler,Microsoft-Windows-TaskScheduler/Operational,358,4,,,ECEDA28D-6230-4062-9CAE-DA4E47033BC1,,,,,,,,,\CreateExplorerShellUnelevatedTask,SCAFFOLD\Administrator,,TaskSuccessEvent
2026-05-13T17:06:16.554732Z,202,dc.scaffold.htb,Microsoft-Windows-TaskScheduler,Microsoft-Windows-TaskScheduler/Operational,359,2,Wininet Cache task object,4876,,,,,,,2147942404,,9313C77B-9F5F-4D3D-A8C8-065F4B11D2EC,\Microsoft\Windows\Wininet\CacheTask,,,ActionFailure
2026-05-13T17:06:16.554733Z,103,dc.scaffold.htb,Microsoft-Windows-TaskScheduler,Microsoft-Windows-TaskScheduler/Operational,360,2,,,9313C77B-9F5F-4D3D-A8C8-065F4B11D2EC,,,,,,2147942404,,,\Microsoft\Windows\Wininet\CacheTask,,,TaskFailureEvent
2026-05-13T17:06:16.765527Z,201,dc.scaffold.htb,Microsoft-Windows-TaskScheduler,Microsoft-Windows-TaskScheduler/Operational,361,4,C:\Program Files (x86)\Microsoft\EdgeUpdate\MicrosoftEdgeUpdate.exe,4700,,,,,,,2147943691,,3B528E8C-2E0F-4BE3-AC3A-6CF83BE80A7E,\MicrosoftEdgeUpdateTaskMachineCore,,,ActionSuccess
2026-05-13T17:06:16.765608Z,102,dc.scaffold.htb,Microsoft-Windows-TaskScheduler,Microsoft-Windows-TaskScheduler/Operational,362,4,,,3B528E8C-2E0F-4BE3-AC3A-6CF83BE80A7E,,,,,,,,,\MicrosoftEdgeUpdateTaskMachineCore,NT AUTHORITY\SYSTEM,,TaskSuccessEvent
2026-05-13T17:06:16.765621Z,111,dc.scaffold.htb,Microsoft-Windows-TaskScheduler,Microsoft-Windows-TaskScheduler/Operational,363,4,,,3B528E8C-2E0F-4BE3-AC3A-6CF83BE80A7E,,,,,,,,,\MicrosoftEdgeUpdateTaskMachineCore,,,TaskTerminationEvent
2026-05-13T17:06:16.809976Z,140,dc.scaffold.htb,Microsoft-Windows-TaskScheduler,Microsoft-Windows-TaskScheduler/Operational,364,4,,,,,,,,,,,,\Microsoft\Windows\WindowsUpdate\Scheduled Start,,NT AUTHORITY\SYSTEM,TaskUpdated
2026-05-13T17:06:17.990748Z,402,dc.scaffold.htb,Microsoft-Windows-TaskScheduler,Microsoft-Windows-TaskScheduler/Operational,365,4,,,,ServiceStopEvent,,,,,,,,,,,
2026-05-13T20:07:53.960164Z,700,dc.scaffold.htb,Microsoft-Windows-TaskScheduler,Microsoft-Windows-TaskScheduler/Operational,366,4,,,,CompatibilityAdapterLaunch,,,,,,,,,,,
2026-05-13T20:07:54.186459Z,400,dc.scaffold.htb,Microsoft-Windows-TaskScheduler,Microsoft-Windows-TaskScheduler/Operational,367,4,,,,ServiceStartEvent,,,,,,,,,,,
2026-05-13T20:07:54.264987Z,118,dc.scaffold.htb,Microsoft-Windows-TaskScheduler,Microsoft-Windows-TaskScheduler/Operational,368,4,,,C526A0F5-5676-48A1-AD34-A2B1C98AB8E7,,,,,,,,,\Microsoft\Windows\ExploitGuard\ExploitGuard MDM policy Refresh,,,BootTrigger
2026-05-13T20:07:54.281994Z,129,dc.scaffold.htb,Microsoft-Windows-TaskScheduler,Microsoft-Windows-TaskScheduler/Operational,369,4,,,,,taskhostw.exe,16384,2060,,,,,\Microsoft\Windows\ExploitGuard\ExploitGuard MDM policy Refresh,,,CreatedTaskProcess
2026-05-13T20:07:54.282230Z,100,dc.scaffold.htb,Microsoft-Windows-TaskScheduler,Microsoft-Windows-TaskScheduler/Operational,370,4,,,C526A0F5-5676-48A1-AD34-A2B1C98AB8E7,,,,,,,,,\Microsoft\Windows\ExploitGuard\ExploitGuard MDM policy Refresh,NT AUTHORITY\SYSTEM,,TaskStartEvent
2026-05-13T20:07:54.282233Z,200,dc.scaffold.htb,Microsoft-Windows-TaskScheduler,Microsoft-Windows-TaskScheduler/Operational,371,4,,2060,,,,,,,,,C526A0F5-5676-48A1-AD34-A2B1C98AB8E7,\Microsoft\Windows\ExploitGuard\ExploitGuard MDM policy Refresh,,,ActionStart
2026-05-13T20:07:54.306528Z,129,dc.scaffold.htb,Microsoft-Windows-TaskScheduler,Microsoft-Windows-TaskScheduler/Operational,372,4,,,,,%windir%\system32\dxgiadaptercache.exe,16384,2092,,,,,\Microsoft\Windows\DirectX\DXGIAdapterCache,,,CreatedTaskProcess
2026-05-13T20:07:54.306736Z,100,dc.scaffold.htb,Microsoft-Windows-TaskScheduler,Microsoft-Windows-TaskScheduler/Operational,373,4,,,7647D88C-CA52-449A-BC0E-B79EDC9A4FF8,,,,,,,,,\Microsoft\Windows\DirectX\DXGIAdapterCache,NT AUTHORITY\SYSTEM,,TaskStartEvent
2026-05-13T20:07:54.306738Z,200,dc.scaffold.htb,Microsoft-Windows-TaskScheduler,Microsoft-Windows-TaskScheduler/Operational,374,4,%windir%\system32\dxgiadaptercache.exe,2092,,,,,,,,,7647D88C-CA52-449A-BC0E-B79EDC9A4FF8,\Microsoft\Windows\DirectX\DXGIAdapterCache,,,ActionStart
