2026-05-18T14:36:19.019417Z,102,dc.scaffold.htb,Microsoft-Windows-TaskScheduler,Microsoft-Windows-TaskScheduler/Operational,3177,4,,,34F813E2-6967-43A7-BC06-056CD71330CF,,,,,,,,,\Microsoft\Windows\SoftwareProtectionPlatform\SvcRestartTaskNetwork,(NONE),,TaskSuccessEvent
2026-05-18T14:36:28.352349Z,118,dc.scaffold.htb,Microsoft-Windows-TaskScheduler,Microsoft-Windows-TaskScheduler/Operational,3178,4,,,AAC68CB2-B17C-402B-B423-847C7B8E048D,,,,,,,,,\Microsoft\Windows\CertificateServicesClient\SystemTask,,,BootTrigger
2026-05-18T14:36:28.354129Z,129,dc.scaffold.htb,Microsoft-Windows-TaskScheduler,Microsoft-Windows-TaskScheduler/Operational,3179,4,,,,,taskhostw.exe,16384,4684,,,,,\Microsoft\Windows\CertificateServicesClient\SystemTask,,,CreatedTaskProcess
2026-05-18T14:36:28.354236Z,100,dc.scaffold.htb,Microsoft-Windows-TaskScheduler,Microsoft-Windows-TaskScheduler/Operational,3180,4,,,AAC68CB2-B17C-402B-B423-847C7B8E048D,,,,,,,,,\Microsoft\Windows\CertificateServicesClient\SystemTask,NT AUTHORITY\SYSTEM,,TaskStartEvent
2026-05-18T14:36:28.354237Z,200,dc.scaffold.htb,Microsoft-Windows-TaskScheduler,Microsoft-Windows-TaskScheduler/Operational,3181,4,Certificate Services Client Task Handler,4684,,,,,,,,,AAC68CB2-B17C-402B-B423-847C7B8E048D,\Microsoft\Windows\CertificateServicesClient\SystemTask,,,ActionStart
2026-05-18T14:36:45.821111Z,201,dc.scaffold.htb,Microsoft-Windows-TaskScheduler,Microsoft-Windows-TaskScheduler/Operational,3182,4,Certificate Services Client Task Handler,4684,,,,,,,0,,AAC68CB2-B17C-402B-B423-847C7B8E048D,\Microsoft\Windows\CertificateServicesClient\SystemTask,,,ActionSuccess
2026-05-18T14:36:45.821113Z,102,dc.scaffold.htb,Microsoft-Windows-TaskScheduler,Microsoft-Windows-TaskScheduler/Operational,3183,4,,,AAC68CB2-B17C-402B-B423-847C7B8E048D,,,,,,,,,\Microsoft\Windows\CertificateServicesClient\SystemTask,NT AUTHORITY\SYSTEM,,TaskSuccessEvent
2026-05-18T14:36:57.637868Z,201,dc.scaffold.htb,Microsoft-Windows-TaskScheduler,Microsoft-Windows-TaskScheduler/Operational,3184,4,%SystemRoot%\System32\dsregcmd.exe,2800,,,,,,,0,,52D7F658-16AD-4B20-8C37-D77AC5D40E77,\Microsoft\Windows\Workplace Join\Automatic-Device-Join,,,ActionSuccess
2026-05-18T14:36:57.638167Z,102,dc.scaffold.htb,Microsoft-Windows-TaskScheduler,Microsoft-Windows-TaskScheduler/Operational,3185,4,,,52D7F658-16AD-4B20-8C37-D77AC5D40E77,,,,,,,,,\Microsoft\Windows\Workplace Join\Automatic-Device-Join,NT AUTHORITY\SYSTEM,,TaskSuccessEvent
2026-05-18T14:37:18.359743Z,118,dc.scaffold.htb,Microsoft-Windows-TaskScheduler,Microsoft-Windows-TaskScheduler/Operational,3186,4,,,0E2A3BE6-A095-4108-9D4F-9DE8983DB051,,,,,,,,,\Microsoft\Windows\Software Inventory Logging\Configuration,,,BootTrigger
2026-05-18T14:37:18.359758Z,118,dc.scaffold.htb,Microsoft-Windows-TaskScheduler,Microsoft-Windows-TaskScheduler/Operational,3187,4,,,6CABDC76-1531-4E90-8537-166C372ABABB,,,,,,,,,\Microsoft\Windows\DirectX\DXGIAdapterCache,,,BootTrigger
2026-05-18T14:37:18.361297Z,129,dc.scaffold.htb,Microsoft-Windows-TaskScheduler,Microsoft-Windows-TaskScheduler/Operational,3188,4,,,,,%windir%\system32\dxgiadaptercache.exe,16384,5496,,,,,\Microsoft\Windows\DirectX\DXGIAdapterCache,,,CreatedTaskProcess
2026-05-18T14:37:18.361425Z,100,dc.scaffold.htb,Microsoft-Windows-TaskScheduler,Microsoft-Windows-TaskScheduler/Operational,3189,4,,,6CABDC76-1531-4E90-8537-166C372ABABB,,,,,,,,,\Microsoft\Windows\DirectX\DXGIAdapterCache,NT AUTHORITY\SYSTEM,,TaskStartEvent
2026-05-18T14:37:18.361426Z,200,dc.scaffold.htb,Microsoft-Windows-TaskScheduler,Microsoft-Windows-TaskScheduler/Operational,3190,4,%windir%\system32\dxgiadaptercache.exe,5496,,,,,,,,,6CABDC76-1531-4E90-8537-166C372ABABB,\Microsoft\Windows\DirectX\DXGIAdapterCache,,,ActionStart
2026-05-18T14:37:18.361599Z,129,dc.scaffold.htb,Microsoft-Windows-TaskScheduler,Microsoft-Windows-TaskScheduler/Operational,3191,4,,,,,%systemroot%\system32\cmd.exe,16384,528,,,,,\Microsoft\Windows\Software Inventory Logging\Configuration,,,CreatedTaskProcess
2026-05-18T14:37:18.361724Z,100,dc.scaffold.htb,Microsoft-Windows-TaskScheduler,Microsoft-Windows-TaskScheduler/Operational,3192,4,,,0E2A3BE6-A095-4108-9D4F-9DE8983DB051,,,,,,,,,\Microsoft\Windows\Software Inventory Logging\Configuration,NT AUTHORITY\SYSTEM,,TaskStartEvent
2026-05-18T14:37:18.361726Z,200,dc.scaffold.htb,Microsoft-Windows-TaskScheduler,Microsoft-Windows-TaskScheduler/Operational,3193,4,%systemroot%\system32\cmd.exe,528,,,,,,,,,0E2A3BE6-A095-4108-9D4F-9DE8983DB051,\Microsoft\Windows\Software Inventory Logging\Configuration,,,ActionStart
2026-05-18T14:37:18.390866Z,201,dc.scaffold.htb,Microsoft-Windows-TaskScheduler,Microsoft-Windows-TaskScheduler/Operational,3194,4,%windir%\system32\dxgiadaptercache.exe,5496,,,,,,,0,,6CABDC76-1531-4E90-8537-166C372ABABB,\Microsoft\Windows\DirectX\DXGIAdapterCache,,,ActionSuccess
2026-05-18T14:37:18.391010Z,102,dc.scaffold.htb,Microsoft-Windows-TaskScheduler,Microsoft-Windows-TaskScheduler/Operational,3195,4,,,6CABDC76-1531-4E90-8537-166C372ABABB,,,,,,,,,\Microsoft\Windows\DirectX\DXGIAdapterCache,NT AUTHORITY\SYSTEM,,TaskSuccessEvent
2026-05-18T14:37:18.410857Z,201,dc.scaffold.htb,Microsoft-Windows-TaskScheduler,Microsoft-Windows-TaskScheduler/Operational,3196,4,%systemroot%\system32\cmd.exe,528,,,,,,,0,,0E2A3BE6-A095-4108-9D4F-9DE8983DB051,\Microsoft\Windows\Software Inventory Logging\Configuration,,,ActionSuccess
2026-05-18T14:37:18.411040Z,102,dc.scaffold.htb,Microsoft-Windows-TaskScheduler,Microsoft-Windows-TaskScheduler/Operational,3197,4,,,0E2A3BE6-A095-4108-9D4F-9DE8983DB051,,,,,,,,,\Microsoft\Windows\Software Inventory Logging\Configuration,NT AUTHORITY\SYSTEM,,TaskSuccessEvent
2026-05-18T14:37:28.506700Z,119,dc.scaffold.htb,Microsoft-Windows-TaskScheduler,Microsoft-Windows-TaskScheduler/Operational,3198,4,,,16B4A927-3312-4FD3-B479-36F4D1BC3F9C,,,,,,,,,\Microsoft\Windows\TextServicesFramework\MsCtfMonitor,,SCAFFOLD\Administrator,LogonTrigger
2026-05-18T14:37:28.506966Z,119,dc.scaffold.htb,Microsoft-Windows-TaskScheduler,Microsoft-Windows-TaskScheduler/Operational,3199,4,,,6D9B18C7-044F-4AEB-AE7B-1CECF303A8BC,,,,,,,,,\Microsoft\Windows\Server Manager\ServerManager,,SCAFFOLD\Administrator,LogonTrigger
2026-05-18T14:37:28.508150Z,119,dc.scaffold.htb,Microsoft-Windows-TaskScheduler,Microsoft-Windows-TaskScheduler/Operational,3200,4,,,7F32CE91-8497-499F-AB5E-5B776B21D41B,,,,,,,,,\Microsoft\Windows\CertificateServicesClient\UserTask,,SCAFFOLD\Administrator,LogonTrigger
2026-05-18T14:37:28.509903Z,129,dc.scaffold.htb,Microsoft-Windows-TaskScheduler,Microsoft-Windows-TaskScheduler/Operational,3201,4,,,,,%windir%\system32\ServerManagerLauncher.exe,32,5772,,,,,\Microsoft\Windows\Server Manager\ServerManager,,,CreatedTaskProcess
2026-05-18T14:37:28.510158Z,100,dc.scaffold.htb,Microsoft-Windows-TaskScheduler,Microsoft-Windows-TaskScheduler/Operational,3202,4,,,6D9B18C7-044F-4AEB-AE7B-1CECF303A8BC,,,,,,,,,\Microsoft\Windows\Server Manager\ServerManager,SCAFFOLD\Administrator,,TaskStartEvent
2026-05-18T14:37:28.510159Z,200,dc.scaffold.htb,Microsoft-Windows-TaskScheduler,Microsoft-Windows-TaskScheduler/Operational,3203,4,%windir%\system32\ServerManagerLauncher.exe,5772,,,,,,,,,6D9B18C7-044F-4AEB-AE7B-1CECF303A8BC,\Microsoft\Windows\Server Manager\ServerManager,,,ActionStart
2026-05-18T14:37:28.510422Z,129,dc.scaffold.htb,Microsoft-Windows-TaskScheduler,Microsoft-Windows-TaskScheduler/Operational,3204,4,,,,,taskhostw.exe,32,984,,,,,\Microsoft\Windows\TextServicesFramework\MsCtfMonitor,,,CreatedTaskProcess
2026-05-18T14:37:28.510575Z,100,dc.scaffold.htb,Microsoft-Windows-TaskScheduler,Microsoft-Windows-TaskScheduler/Operational,3205,4,,,16B4A927-3312-4FD3-B479-36F4D1BC3F9C,,,,,,,,,\Microsoft\Windows\TextServicesFramework\MsCtfMonitor,SCAFFOLD\Administrator,,TaskStartEvent
2026-05-18T14:37:28.510576Z,200,dc.scaffold.htb,Microsoft-Windows-TaskScheduler,Microsoft-Windows-TaskScheduler/Operational,3206,4,MsCtfMonitor task handler,984,,,,,,,,,16B4A927-3312-4FD3-B479-36F4D1BC3F9C,\Microsoft\Windows\TextServicesFramework\MsCtfMonitor,,,ActionStart
2026-05-18T14:37:28.511897Z,119,dc.scaffold.htb,Microsoft-Windows-TaskScheduler,Microsoft-Windows-TaskScheduler/Operational,3207,4,,,DB9F7024-55AA-491C-A1DB-F30CD406B521,,,,,,,,,\Microsoft\Windows\WindowsColorSystem\Calibration Loader,,SCAFFOLD\Administrator,LogonTrigger
2026-05-18T14:37:28.516802Z,129,dc.scaffold.htb,Microsoft-Windows-TaskScheduler,Microsoft-Windows-TaskScheduler/Operational,3208,4,,,,,taskhostw.exe,32,1032,,,,,\Microsoft\Windows\WindowsColorSystem\Calibration Loader,,,CreatedTaskProcess
2026-05-18T14:37:28.517732Z,100,dc.scaffold.htb,Microsoft-Windows-TaskScheduler,Microsoft-Windows-TaskScheduler/Operational,3209,4,,,DB9F7024-55AA-491C-A1DB-F30CD406B521,,,,,,,,,\Microsoft\Windows\WindowsColorSystem\Calibration Loader,SCAFFOLD\Administrator,,TaskStartEvent
2026-05-18T14:37:28.517734Z,200,dc.scaffold.htb,Microsoft-Windows-TaskScheduler,Microsoft-Windows-TaskScheduler/Operational,3210,4,Color Calibration Loader,1032,,,,,,,,,DB9F7024-55AA-491C-A1DB-F30CD406B521,\Microsoft\Windows\WindowsColorSystem\Calibration Loader,,,ActionStart
2026-05-18T14:37:28.520301Z,119,dc.scaffold.htb,Microsoft-Windows-TaskScheduler,Microsoft-Windows-TaskScheduler/Operational,3211,4,,,42B8F33D-153B-47A4-9AB2-AABA9FDA94C8,,,,,,,,,\MicrosoftEdgeUpdateTaskMachineCore,,SCAFFOLD\Administrator,LogonTrigger
2026-05-18T14:37:28.526508Z,119,dc.scaffold.htb,Microsoft-Windows-TaskScheduler,Microsoft-Windows-TaskScheduler/Operational,3212,4,,,F0407159-88BE-4EE6-B500-983B877D516B,,,,,,,,,\Microsoft\Windows\Plug and Play\Device Install Reboot Required,,SCAFFOLD\Administrator,LogonTrigger
2026-05-18T14:37:28.528148Z,119,dc.scaffold.htb,Microsoft-Windows-TaskScheduler,Microsoft-Windows-TaskScheduler/Operational,3213,4,,,DC7E97B4-C878-4C45-A348-4603721B6CCA,,,,,,,,,\Microsoft\Windows\SoftwareProtectionPlatform\SvcRestartTaskLogon,,SCAFFOLD\Administrator,LogonTrigger
2026-05-18T14:37:28.528483Z,100,dc.scaffold.htb,Microsoft-Windows-TaskScheduler,Microsoft-Windows-TaskScheduler/Operational,3214,4,,,DC7E97B4-C878-4C45-A348-4603721B6CCA,,,,,,,,,\Microsoft\Windows\SoftwareProtectionPlatform\SvcRestartTaskLogon,SCAFFOLD\Administrator,,TaskStartEvent
2026-05-18T14:37:28.528484Z,200,dc.scaffold.htb,Microsoft-Windows-TaskScheduler,Microsoft-Windows-TaskScheduler/Operational,3215,4,SppSvcRestartTaskHandler Class,1032,,,,,,,,,DC7E97B4-C878-4C45-A348-4603721B6CCA,\Microsoft\Windows\SoftwareProtectionPlatform\SvcRestartTaskLogon,,,ActionStart
2026-05-18T14:37:28.528867Z,119,dc.scaffold.htb,Microsoft-Windows-TaskScheduler,Microsoft-Windows-TaskScheduler/Operational,3216,4,,,55BA5B30-BEA3-42B5-9D83-07465D0A3198,,,,,,,,,\Microsoft\Windows\Wininet\CacheTask,,SCAFFOLD\Administrator,LogonTrigger
2026-05-18T14:37:28.529288Z,100,dc.scaffold.htb,Microsoft-Windows-TaskScheduler,Microsoft-Windows-TaskScheduler/Operational,3217,4,,,55BA5B30-BEA3-42B5-9D83-07465D0A3198,,,,,,,,,\Microsoft\Windows\Wininet\CacheTask,SCAFFOLD\Administrator,,TaskStartEvent
2026-05-18T14:37:28.529290Z,200,dc.scaffold.htb,Microsoft-Windows-TaskScheduler,Microsoft-Windows-TaskScheduler/Operational,3218,4,Wininet Cache task object,984,,,,,,,,,55BA5B30-BEA3-42B5-9D83-07465D0A3198,\Microsoft\Windows\Wininet\CacheTask,,,ActionStart
2026-05-18T14:37:28.532220Z,129,dc.scaffold.htb,Microsoft-Windows-TaskScheduler,Microsoft-Windows-TaskScheduler/Operational,3219,4,,,,,taskhostw.exe,32,5628,,,,,\Microsoft\Windows\Plug and Play\Device Install Reboot Required,,,CreatedTaskProcess
2026-05-18T14:37:28.532818Z,100,dc.scaffold.htb,Microsoft-Windows-TaskScheduler,Microsoft-Windows-TaskScheduler/Operational,3220,4,,,F0407159-88BE-4EE6-B500-983B877D516B,,,,,,,,,\Microsoft\Windows\Plug and Play\Device Install Reboot Required,SCAFFOLD\Administrator,,TaskStartEvent
2026-05-18T14:37:28.532819Z,200,dc.scaffold.htb,Microsoft-Windows-TaskScheduler,Microsoft-Windows-TaskScheduler/Operational,3221,4,Device Installation Reboot Dialog Task,5628,,,,,,,,,F0407159-88BE-4EE6-B500-983B877D516B,\Microsoft\Windows\Plug and Play\Device Install Reboot Required,,,ActionStart
2026-05-18T14:37:28.550826Z,129,dc.scaffold.htb,Microsoft-Windows-TaskScheduler,Microsoft-Windows-TaskScheduler/Operational,3222,4,,,,,C:\Program Files (x86)\Microsoft\EdgeUpdate\MicrosoftEdgeUpdate.exe,32,1220,,,,,\MicrosoftEdgeUpdateTaskMachineCore,,,CreatedTaskProcess
2026-05-18T14:37:28.551005Z,100,dc.scaffold.htb,Microsoft-Windows-TaskScheduler,Microsoft-Windows-TaskScheduler/Operational,3223,4,,,42B8F33D-153B-47A4-9AB2-AABA9FDA94C8,,,,,,,,,\MicrosoftEdgeUpdateTaskMachineCore,NT AUTHORITY\SYSTEM,,TaskStartEvent
2026-05-18T14:37:28.551007Z,200,dc.scaffold.htb,Microsoft-Windows-TaskScheduler,Microsoft-Windows-TaskScheduler/Operational,3224,4,C:\Program Files (x86)\Microsoft\EdgeUpdate\MicrosoftEdgeUpdate.exe,1220,,,,,,,,,42B8F33D-153B-47A4-9AB2-AABA9FDA94C8,\MicrosoftEdgeUpdateTaskMachineCore,,,ActionStart
2026-05-18T14:37:28.556421Z,201,dc.scaffold.htb,Microsoft-Windows-TaskScheduler,Microsoft-Windows-TaskScheduler/Operational,3225,4,SppSvcRestartTaskHandler Class,1032,,,,,,,0,,DC7E97B4-C878-4C45-A348-4603721B6CCA,\Microsoft\Windows\SoftwareProtectionPlatform\SvcRestartTaskLogon,,,ActionSuccess
2026-05-18T14:37:28.556422Z,102,dc.scaffold.htb,Microsoft-Windows-TaskScheduler,Microsoft-Windows-TaskScheduler/Operational,3226,4,,,DC7E97B4-C878-4C45-A348-4603721B6CCA,,,,,,,,,\Microsoft\Windows\SoftwareProtectionPlatform\SvcRestartTaskLogon,SCAFFOLD\Administrator,,TaskSuccessEvent
2026-05-18T14:37:28.569473Z,201,dc.scaffold.htb,Microsoft-Windows-TaskScheduler,Microsoft-Windows-TaskScheduler/Operational,3227,4,MsCtfMonitor task handler,984,,,,,,,0,,16B4A927-3312-4FD3-B479-36F4D1BC3F9C,\Microsoft\Windows\TextServicesFramework\MsCtfMonitor,,,ActionSuccess
2026-05-18T14:37:28.569474Z,102,dc.scaffold.htb,Microsoft-Windows-TaskScheduler,Microsoft-Windows-TaskScheduler/Operational,3228,4,,,16B4A927-3312-4FD3-B479-36F4D1BC3F9C,,,,,,,,,\Microsoft\Windows\TextServicesFramework\MsCtfMonitor,SCAFFOLD\Administrator,,TaskSuccessEvent
2026-05-18T14:37:28.640964Z,100,dc.scaffold.htb,Microsoft-Windows-TaskScheduler,Microsoft-Windows-TaskScheduler/Operational,3229,4,,,7F32CE91-8497-499F-AB5E-5B776B21D41B,,,,,,,,,\Microsoft\Windows\CertificateServicesClient\UserTask,SCAFFOLD\Administrator,,TaskStartEvent
2026-05-18T14:37:28.640966Z,200,dc.scaffold.htb,Microsoft-Windows-TaskScheduler,Microsoft-Windows-TaskScheduler/Operational,3230,4,Certificate Services Client Task Handler,1032,,,,,,,,,7F32CE91-8497-499F-AB5E-5B776B21D41B,\Microsoft\Windows\CertificateServicesClient\UserTask,,,ActionStart
2026-05-18T14:37:28.816921Z,141,dc.scaffold.htb,Microsoft-Windows-TaskScheduler,Microsoft-Windows-TaskScheduler/Operational,3231,4,,,,,,,,,,,,\CreateExplorerShellUnelevatedTask,,SCAFFOLD\Administrator,TaskDeleted
2026-05-18T14:37:28.824414Z,106,dc.scaffold.htb,Microsoft-Windows-TaskScheduler,Microsoft-Windows-TaskScheduler/Operational,3232,4,,,,,,,,,,,,\CreateExplorerShellUnelevatedTask,SCAFFOLD\Administrator,,TaskRegisteredEvent
2026-05-18T14:37:28.824415Z,140,dc.scaffold.htb,Microsoft-Windows-TaskScheduler,Microsoft-Windows-TaskScheduler/Operational,3233,4,,,,,,,,,,,,\CreateExplorerShellUnelevatedTask,,SCAFFOLD\Administrator,TaskUpdated
2026-05-18T14:37:28.824799Z,109,dc.scaffold.htb,Microsoft-Windows-TaskScheduler,Microsoft-Windows-TaskScheduler/Operational,3234,4,,,6DFFA1F6-44ED-400A-BB68-CFC5382867FB,,,,,,,,,\CreateExplorerShellUnelevatedTask,,,RegistrationTriggerEvent
2026-05-18T14:37:28.829177Z,129,dc.scaffold.htb,Microsoft-Windows-TaskScheduler,Microsoft-Windows-TaskScheduler/Operational,3235,4,,,,,C:\Windows\Explorer.EXE,32,3528,,,,,\CreateExplorerShellUnelevatedTask,,,CreatedTaskProcess
2026-05-18T14:37:28.829394Z,100,dc.scaffold.htb,Microsoft-Windows-TaskScheduler,Microsoft-Windows-TaskScheduler/Operational,3236,4,,,6DFFA1F6-44ED-400A-BB68-CFC5382867FB,,,,,,,,,\CreateExplorerShellUnelevatedTask,SCAFFOLD\Administrator,,TaskStartEvent
2026-05-18T14:37:28.829395Z,200,dc.scaffold.htb,Microsoft-Windows-TaskScheduler,Microsoft-Windows-TaskScheduler/Operational,3237,4,C:\Windows\Explorer.EXE,3528,,,,,,,,,6DFFA1F6-44ED-400A-BB68-CFC5382867FB,\CreateExplorerShellUnelevatedTask,,,ActionStart
2026-05-18T14:37:28.909887Z,201,dc.scaffold.htb,Microsoft-Windows-TaskScheduler,Microsoft-Windows-TaskScheduler/Operational,3238,4,Certificate Services Client Task Handler,1032,,,,,,,0,,7F32CE91-8497-499F-AB5E-5B776B21D41B,\Microsoft\Windows\CertificateServicesClient\UserTask,,,ActionSuccess
2026-05-18T14:37:28.909888Z,102,dc.scaffold.htb,Microsoft-Windows-TaskScheduler,Microsoft-Windows-TaskScheduler/Operational,3239,4,,,7F32CE91-8497-499F-AB5E-5B776B21D41B,,,,,,,,,\Microsoft\Windows\CertificateServicesClient\UserTask,SCAFFOLD\Administrator,,TaskSuccessEvent
2026-05-18T14:37:28.942598Z,201,dc.scaffold.htb,Microsoft-Windows-TaskScheduler,Microsoft-Windows-TaskScheduler/Operational,3240,4,Device Installation Reboot Dialog Task,5628,,,,,,,0,,F0407159-88BE-4EE6-B500-983B877D516B,\Microsoft\Windows\Plug and Play\Device Install Reboot Required,,,ActionSuccess
2026-05-18T14:37:28.942599Z,102,dc.scaffold.htb,Microsoft-Windows-TaskScheduler,Microsoft-Windows-TaskScheduler/Operational,3241,4,,,F0407159-88BE-4EE6-B500-983B877D516B,,,,,,,,,\Microsoft\Windows\Plug and Play\Device Install Reboot Required,SCAFFOLD\Administrator,,TaskSuccessEvent
2026-05-18T14:37:29.001244Z,201,dc.scaffold.htb,Microsoft-Windows-TaskScheduler,Microsoft-Windows-TaskScheduler/Operational,3242,4,Color Calibration Loader,1032,,,,,,,0,,DB9F7024-55AA-491C-A1DB-F30CD406B521,\Microsoft\Windows\WindowsColorSystem\Calibration Loader,,,ActionSuccess
2026-05-18T14:37:29.001245Z,102,dc.scaffold.htb,Microsoft-Windows-TaskScheduler,Microsoft-Windows-TaskScheduler/Operational,3243,4,,,DB9F7024-55AA-491C-A1DB-F30CD406B521,,,,,,,,,\Microsoft\Windows\WindowsColorSystem\Calibration Loader,SCAFFOLD\Administrator,,TaskSuccessEvent
2026-05-18T14:37:30.438033Z,201,dc.scaffold.htb,Microsoft-Windows-TaskScheduler,Microsoft-Windows-TaskScheduler/Operational,3244,4,%windir%\system32\ServerManagerLauncher.exe,5772,,,,,,,0,,6D9B18C7-044F-4AEB-AE7B-1CECF303A8BC,\Microsoft\Windows\Server Manager\ServerManager,,,ActionSuccess
2026-05-18T14:37:30.439014Z,102,dc.scaffold.htb,Microsoft-Windows-TaskScheduler,Microsoft-Windows-TaskScheduler/Operational,3245,4,,,6D9B18C7-044F-4AEB-AE7B-1CECF303A8BC,,,,,,,,,\Microsoft\Windows\Server Manager\ServerManager,SCAFFOLD\Administrator,,TaskSuccessEvent
2026-05-18T14:37:59.009164Z,119,dc.scaffold.htb,Microsoft-Windows-TaskScheduler,Microsoft-Windows-TaskScheduler/Operational,3246,4,,,43683ADA-7338-4604-86F9-A4CB84DC0F06,,,,,,,,,\Microsoft\Windows\International\Synchronize Language Settings,,SCAFFOLD\Administrator,LogonTrigger
2026-05-18T14:37:59.012125Z,129,dc.scaffold.htb,Microsoft-Windows-TaskScheduler,Microsoft-Windows-TaskScheduler/Operational,3247,4,,,,,taskhostw.exe,32,5168,,,,,\Microsoft\Windows\International\Synchronize Language Settings,,,CreatedTaskProcess
2026-05-18T14:37:59.012616Z,100,dc.scaffold.htb,Microsoft-Windows-TaskScheduler,Microsoft-Windows-TaskScheduler/Operational,3248,4,,,43683ADA-7338-4604-86F9-A4CB84DC0F06,,,,,,,,,\Microsoft\Windows\International\Synchronize Language Settings,SCAFFOLD\Administrator,,TaskStartEvent
2026-05-18T14:37:59.012619Z,200,dc.scaffold.htb,Microsoft-Windows-TaskScheduler,Microsoft-Windows-TaskScheduler/Operational,3249,4,Sync Language Data From Cloud Task,5168,,,,,,,,,43683ADA-7338-4604-86F9-A4CB84DC0F06,\Microsoft\Windows\International\Synchronize Language Settings,,,ActionStart
2026-05-18T14:38:28.309788Z,140,dc.scaffold.htb,Microsoft-Windows-TaskScheduler,Microsoft-Windows-TaskScheduler/Operational,3250,4,,,,,,,,,,,,\Microsoft\Windows\Application Experience\PcaPatchDbTask,,SCAFFOLD\DC$,TaskUpdated
2026-05-18T14:38:29.007288Z,119,dc.scaffold.htb,Microsoft-Windows-TaskScheduler,Microsoft-Windows-TaskScheduler/Operational,3251,4,,,CE9FB3F1-8ABC-48D6-9180-CFA4CCF479EA,,,,,,,,,\Microsoft\Windows\Workplace Join\Automatic-Device-Join,,SCAFFOLD\Administrator,LogonTrigger
2026-05-18T14:38:29.011115Z,129,dc.scaffold.htb,Microsoft-Windows-TaskScheduler,Microsoft-Windows-TaskScheduler/Operational,3252,4,,,,,%SystemRoot%\System32\dsregcmd.exe,16384,5968,,,,,\Microsoft\Windows\Workplace Join\Automatic-Device-Join,,,CreatedTaskProcess
2026-05-18T14:38:29.011413Z,100,dc.scaffold.htb,Microsoft-Windows-TaskScheduler,Microsoft-Windows-TaskScheduler/Operational,3253,4,,,CE9FB3F1-8ABC-48D6-9180-CFA4CCF479EA,,,,,,,,,\Microsoft\Windows\Workplace Join\Automatic-Device-Join,NT AUTHORITY\SYSTEM,,TaskStartEvent
2026-05-18T14:38:29.011416Z,200,dc.scaffold.htb,Microsoft-Windows-TaskScheduler,Microsoft-Windows-TaskScheduler/Operational,3254,4,%SystemRoot%\System32\dsregcmd.exe,5968,,,,,,,,,CE9FB3F1-8ABC-48D6-9180-CFA4CCF479EA,\Microsoft\Windows\Workplace Join\Automatic-Device-Join,,,ActionStart
2026-05-18T14:38:29.065779Z,201,dc.scaffold.htb,Microsoft-Windows-TaskScheduler,Microsoft-Windows-TaskScheduler/Operational,3255,4,%SystemRoot%\System32\dsregcmd.exe,5968,,,,,,,2147942401,,CE9FB3F1-8ABC-48D6-9180-CFA4CCF479EA,\Microsoft\Windows\Workplace Join\Automatic-Device-Join,,,ActionSuccess
2026-05-18T14:38:29.065863Z,102,dc.scaffold.htb,Microsoft-Windows-TaskScheduler,Microsoft-Windows-TaskScheduler/Operational,3256,4,,,CE9FB3F1-8ABC-48D6-9180-CFA4CCF479EA,,,,,,,,,\Microsoft\Windows\Workplace Join\Automatic-Device-Join,NT AUTHORITY\SYSTEM,,TaskSuccessEvent
2026-05-18T14:38:31.001970Z,140,dc.scaffold.htb,Microsoft-Windows-TaskScheduler,Microsoft-Windows-TaskScheduler/Operational,3257,4,,,,,,,,,,,,\Microsoft\Windows\UpdateOrchestrator\Schedule Scan,,S-1-5-18,TaskUpdated
2026-05-18T14:38:31.027027Z,140,dc.scaffold.htb,Microsoft-Windows-TaskScheduler,Microsoft-Windows-TaskScheduler/Operational,3258,4,,,,,,,,,,,,\Microsoft\Windows\UpdateOrchestrator\Schedule Scan,,SCAFFOLD\DC$,TaskUpdated
2026-05-18T14:38:33.607864Z,202,dc.scaffold.htb,Microsoft-Windows-TaskScheduler,Microsoft-Windows-TaskScheduler/Operational,3259,2,Sync Language Data From Cloud Task,5168,,,,,,,2147942404,,43683ADA-7338-4604-86F9-A4CB84DC0F06,\Microsoft\Windows\International\Synchronize Language Settings,,,ActionFailure
2026-05-18T14:38:33.607868Z,103,dc.scaffold.htb,Microsoft-Windows-TaskScheduler,Microsoft-Windows-TaskScheduler/Operational,3260,2,,,43683ADA-7338-4604-86F9-A4CB84DC0F06,,,,,,2147942404,,,\Microsoft\Windows\International\Synchronize Language Settings,,,TaskFailureEvent
2026-05-18T14:38:33.681260Z,201,dc.scaffold.htb,Microsoft-Windows-TaskScheduler,Microsoft-Windows-TaskScheduler/Operational,3261,4,C:\Windows\Explorer.EXE,3528,,,,,,,2147942404,,6DFFA1F6-44ED-400A-BB68-CFC5382867FB,\CreateExplorerShellUnelevatedTask,,,ActionSuccess
2026-05-18T14:38:33.681684Z,102,dc.scaffold.htb,Microsoft-Windows-TaskScheduler,Microsoft-Windows-TaskScheduler/Operational,3262,4,,,6DFFA1F6-44ED-400A-BB68-CFC5382867FB,,,,,,,,,\CreateExplorerShellUnelevatedTask,SCAFFOLD\Administrator,,TaskSuccessEvent
2026-05-18T14:38:33.710566Z,202,dc.scaffold.htb,Microsoft-Windows-TaskScheduler,Microsoft-Windows-TaskScheduler/Operational,3263,2,Wininet Cache task object,984,,,,,,,2147942404,,55BA5B30-BEA3-42B5-9D83-07465D0A3198,\Microsoft\Windows\Wininet\CacheTask,,,ActionFailure
2026-05-18T14:38:33.710567Z,103,dc.scaffold.htb,Microsoft-Windows-TaskScheduler,Microsoft-Windows-TaskScheduler/Operational,3264,2,,,55BA5B30-BEA3-42B5-9D83-07465D0A3198,,,,,,2147942404,,,\Microsoft\Windows\Wininet\CacheTask,,,TaskFailureEvent
2026-05-18T14:38:33.921266Z,201,dc.scaffold.htb,Microsoft-Windows-TaskScheduler,Microsoft-Windows-TaskScheduler/Operational,3265,4,C:\Program Files (x86)\Microsoft\EdgeUpdate\MicrosoftEdgeUpdate.exe,1220,,,,,,,2147943691,,42B8F33D-153B-47A4-9AB2-AABA9FDA94C8,\MicrosoftEdgeUpdateTaskMachineCore,,,ActionSuccess
2026-05-18T14:38:33.921347Z,102,dc.scaffold.htb,Microsoft-Windows-TaskScheduler,Microsoft-Windows-TaskScheduler/Operational,3266,4,,,42B8F33D-153B-47A4-9AB2-AABA9FDA94C8,,,,,,,,,\MicrosoftEdgeUpdateTaskMachineCore,NT AUTHORITY\SYSTEM,,TaskSuccessEvent
2026-05-18T14:38:33.921369Z,111,dc.scaffold.htb,Microsoft-Windows-TaskScheduler,Microsoft-Windows-TaskScheduler/Operational,3267,4,,,42B8F33D-153B-47A4-9AB2-AABA9FDA94C8,,,,,,,,,\MicrosoftEdgeUpdateTaskMachineCore,,,TaskTerminationEvent
2026-05-18T14:38:33.987047Z,140,dc.scaffold.htb,Microsoft-Windows-TaskScheduler,Microsoft-Windows-TaskScheduler/Operational,3268,4,,,,,,,,,,,,\Microsoft\Windows\WindowsUpdate\Scheduled Start,,NT AUTHORITY\SYSTEM,TaskUpdated
2026-05-18T14:38:35.146210Z,402,dc.scaffold.htb,Microsoft-Windows-TaskScheduler,Microsoft-Windows-TaskScheduler/Operational,3269,4,,,,ServiceStopEvent,,,,,,,,,,,
2026-05-18T22:09:09.114928Z,700,dc.scaffold.htb,Microsoft-Windows-TaskScheduler,Microsoft-Windows-TaskScheduler/Operational,3270,4,,,,CompatibilityAdapterLaunch,,,,,,,,,,,
2026-05-18T22:09:09.149338Z,400,dc.scaffold.htb,Microsoft-Windows-TaskScheduler,Microsoft-Windows-TaskScheduler/Operational,3271,4,,,,ServiceStartEvent,,,,,,,,,,,
2026-05-18T22:09:09.202415Z,118,dc.scaffold.htb,Microsoft-Windows-TaskScheduler,Microsoft-Windows-TaskScheduler/Operational,3272,4,,,E3CB7989-1654-4C45-8344-DB4EDCAF03C4,,,,,,,,,\Microsoft\Windows\ExploitGuard\ExploitGuard MDM policy Refresh,,,BootTrigger
2026-05-18T22:09:09.206603Z,129,dc.scaffold.htb,Microsoft-Windows-TaskScheduler,Microsoft-Windows-TaskScheduler/Operational,3273,4,,,,,%windir%\system32\dxgiadaptercache.exe,16384,2144,,,,,\Microsoft\Windows\DirectX\DXGIAdapterCache,,,CreatedTaskProcess
2026-05-18T22:09:09.206717Z,129,dc.scaffold.htb,Microsoft-Windows-TaskScheduler,Microsoft-Windows-TaskScheduler/Operational,3274,4,,,,,taskhostw.exe,16384,2152,,,,,\Microsoft\Windows\ExploitGuard\ExploitGuard MDM policy Refresh,,,CreatedTaskProcess
2026-05-18T22:09:09.206806Z,100,dc.scaffold.htb,Microsoft-Windows-TaskScheduler,Microsoft-Windows-TaskScheduler/Operational,3275,4,,,9820BD05-6116-4B71-9929-A38E26C54497,,,,,,,,,\Microsoft\Windows\DirectX\DXGIAdapterCache,NT AUTHORITY\SYSTEM,,TaskStartEvent
2026-05-18T22:09:09.206807Z,200,dc.scaffold.htb,Microsoft-Windows-TaskScheduler,Microsoft-Windows-TaskScheduler/Operational,3276,4,%windir%\system32\dxgiadaptercache.exe,2144,,,,,,,,,9820BD05-6116-4B71-9929-A38E26C54497,\Microsoft\Windows\DirectX\DXGIAdapterCache,,,ActionStart
2026-05-18T22:09:09.206849Z,100,dc.scaffold.htb,Microsoft-Windows-TaskScheduler,Microsoft-Windows-TaskScheduler/Operational,3277,4,,,E3CB7989-1654-4C45-8344-DB4EDCAF03C4,,,,,,,,,\Microsoft\Windows\ExploitGuard\ExploitGuard MDM policy Refresh,NT AUTHORITY\SYSTEM,,TaskStartEvent
2026-05-18T22:09:09.206851Z,200,dc.scaffold.htb,Microsoft-Windows-TaskScheduler,Microsoft-Windows-TaskScheduler/Operational,3278,4,,2152,,,,,,,,,E3CB7989-1654-4C45-8344-DB4EDCAF03C4,\Microsoft\Windows\ExploitGuard\ExploitGuard MDM policy Refresh,,,ActionStart
2026-05-18T22:09:09.320622Z,101,dc.scaffold.htb,Microsoft-Windows-TaskScheduler,Microsoft-Windows-TaskScheduler/Operational,3279,2,,,,,,,,,2147943568,,,\Microsoft\Windows\Workplace Join\Automatic-Device-Join,(default user),,TaskStartFailedEvent
2026-05-18T22:09:09.415090Z,100,dc.scaffold.htb,Microsoft-Windows-TaskScheduler,Microsoft-Windows-TaskScheduler/Operational,3280,4,,,62599B40-92CB-4DC9-B814-D326C3CFE9DD,,,,,,,,,\Microsoft\Windows\WwanSvc\OobeDiscovery,NT AUTHORITY\SYSTEM,,TaskStartEvent
2026-05-18T22:09:09.415092Z,200,dc.scaffold.htb,Microsoft-Windows-TaskScheduler,Microsoft-Windows-TaskScheduler/Operational,3281,4,OobeEsimTaskManager,2152,,,,,,,,,62599B40-92CB-4DC9-B814-D326C3CFE9DD,\Microsoft\Windows\WwanSvc\OobeDiscovery,,,ActionStart
2026-05-18T22:09:09.440896Z,129,dc.scaffold.htb,Microsoft-Windows-TaskScheduler,Microsoft-Windows-TaskScheduler/Operational,3282,4,,,,,taskhostw.exe,16384,2632,,,,,\Microsoft\Windows\Time Synchronization\ForceSynchronizeTime,,,CreatedTaskProcess
2026-05-18T22:09:09.441043Z,100,dc.scaffold.htb,Microsoft-Windows-TaskScheduler,Microsoft-Windows-TaskScheduler/Operational,3283,4,,,BB15FEC6-9600-4CD3-A1D4-1811DB26626D,,,,,,,,,\Microsoft\Windows\Time Synchronization\ForceSynchronizeTime,(NONE),,TaskStartEvent
2026-05-18T22:09:09.441044Z,200,dc.scaffold.htb,Microsoft-Windows-TaskScheduler,Microsoft-Windows-TaskScheduler/Operational,3284,4,Time Synchronization Task Handler,2632,,,,,,,,,BB15FEC6-9600-4CD3-A1D4-1811DB26626D,\Microsoft\Windows\Time Synchronization\ForceSynchronizeTime,,,ActionStart
2026-05-18T22:09:09.487564Z,201,dc.scaffold.htb,Microsoft-Windows-TaskScheduler,Microsoft-Windows-TaskScheduler/Operational,3285,4,Time Synchronization Task Handler,2632,,,,,,,0,,BB15FEC6-9600-4CD3-A1D4-1811DB26626D,\Microsoft\Windows\Time Synchronization\ForceSynchronizeTime,,,ActionSuccess
2026-05-18T22:09:09.487565Z,102,dc.scaffold.htb,Microsoft-Windows-TaskScheduler,Microsoft-Windows-TaskScheduler/Operational,3286,4,,,BB15FEC6-9600-4CD3-A1D4-1811DB26626D,,,,,,,,,\Microsoft\Windows\Time Synchronization\ForceSynchronizeTime,(NONE),,TaskSuccessEvent
2026-05-18T22:09:09.498691Z,201,dc.scaffold.htb,Microsoft-Windows-TaskScheduler,Microsoft-Windows-TaskScheduler/Operational,3287,4,%windir%\system32\dxgiadaptercache.exe,2144,,,,,,,0,,9820BD05-6116-4B71-9929-A38E26C54497,\Microsoft\Windows\DirectX\DXGIAdapterCache,,,ActionSuccess
2026-05-18T22:09:09.498951Z,102,dc.scaffold.htb,Microsoft-Windows-TaskScheduler,Microsoft-Windows-TaskScheduler/Operational,3288,4,,,9820BD05-6116-4B71-9929-A38E26C54497,,,,,,,,,\Microsoft\Windows\DirectX\DXGIAdapterCache,NT AUTHORITY\SYSTEM,,TaskSuccessEvent
2026-05-18T22:09:09.499191Z,201,dc.scaffold.htb,Microsoft-Windows-TaskScheduler,Microsoft-Windows-TaskScheduler/Operational,3289,4,,2152,,,,,,,0,,E3CB7989-1654-4C45-8344-DB4EDCAF03C4,\Microsoft\Windows\ExploitGuard\ExploitGuard MDM policy Refresh,,,ActionSuccess
2026-05-18T22:09:09.499192Z,102,dc.scaffold.htb,Microsoft-Windows-TaskScheduler,Microsoft-Windows-TaskScheduler/Operational,3290,4,,,E3CB7989-1654-4C45-8344-DB4EDCAF03C4,,,,,,,,,\Microsoft\Windows\ExploitGuard\ExploitGuard MDM policy Refresh,NT AUTHORITY\SYSTEM,,TaskSuccessEvent
2026-05-18T22:09:09.581601Z,201,dc.scaffold.htb,Microsoft-Windows-TaskScheduler,Microsoft-Windows-TaskScheduler/Operational,3291,4,OobeEsimTaskManager,2152,,,,,,,0,,62599B40-92CB-4DC9-B814-D326C3CFE9DD,\Microsoft\Windows\WwanSvc\OobeDiscovery,,,ActionSuccess
2026-05-18T22:09:09.581602Z,102,dc.scaffold.htb,Microsoft-Windows-TaskScheduler,Microsoft-Windows-TaskScheduler/Operational,3292,4,,,62599B40-92CB-4DC9-B814-D326C3CFE9DD,,,,,,,,,\Microsoft\Windows\WwanSvc\OobeDiscovery,NT AUTHORITY\SYSTEM,,TaskSuccessEvent
2026-05-18T22:09:10.084520Z,108,dc.scaffold.htb,Microsoft-Windows-TaskScheduler,Microsoft-Windows-TaskScheduler/Operational,3293,4,,,BE400E89-5880-4534-876D-A698B109E0AD,,,,,,,,,\Microsoft\Windows\SoftwareProtectionPlatform\SvcRestartTaskNetwork,,,EventTriggerEvent
2026-05-18T22:09:10.088966Z,129,dc.scaffold.htb,Microsoft-Windows-TaskScheduler,Microsoft-Windows-TaskScheduler/Operational,3294,4,,,,,taskhostw.exe,16384,2704,,,,,\Microsoft\Windows\SoftwareProtectionPlatform\SvcRestartTaskNetwork,,,CreatedTaskProcess
2026-05-18T22:09:10.089297Z,100,dc.scaffold.htb,Microsoft-Windows-TaskScheduler,Microsoft-Windows-TaskScheduler/Operational,3295,4,,,BE400E89-5880-4534-876D-A698B109E0AD,,,,,,,,,\Microsoft\Windows\SoftwareProtectionPlatform\SvcRestartTaskNetwork,(NONE),,TaskStartEvent
2026-05-18T22:09:10.089299Z,200,dc.scaffold.htb,Microsoft-Windows-TaskScheduler,Microsoft-Windows-TaskScheduler/Operational,3296,4,SppSvcRestartTaskHandler Class,2704,,,,,,,,,BE400E89-5880-4534-876D-A698B109E0AD,\Microsoft\Windows\SoftwareProtectionPlatform\SvcRestartTaskNetwork,,,ActionStart
2026-05-18T22:09:10.336630Z,325,dc.scaffold.htb,Microsoft-Windows-TaskScheduler,Microsoft-Windows-TaskScheduler/Operational,3297,3,,,,,,,,C4A49F51-98A8-4A53-911F-84DA7CA62886,,,,\Microsoft\Windows\Workplace Join\Automatic-Device-Join,,,TaskInstanceQueued
2026-05-18T22:09:10.336706Z,110,dc.scaffold.htb,Microsoft-Windows-TaskScheduler,Microsoft-Windows-TaskScheduler/Operational,3298,4,,,C4A49F51-98A8-4A53-911F-84DA7CA62886,,,,,,,,,\Microsoft\Windows\Workplace Join\Automatic-Device-Join,System,,TaskRunEvent
2026-05-18T22:09:10.339687Z,129,dc.scaffold.htb,Microsoft-Windows-TaskScheduler,Microsoft-Windows-TaskScheduler/Operational,3299,4,,,,,%SystemRoot%\System32\dsregcmd.exe,16384,2764,,,,,\Microsoft\Windows\Workplace Join\Automatic-Device-Join,,,CreatedTaskProcess
2026-05-18T22:09:10.339822Z,100,dc.scaffold.htb,Microsoft-Windows-TaskScheduler,Microsoft-Windows-TaskScheduler/Operational,3300,4,,,C4A49F51-98A8-4A53-911F-84DA7CA62886,,,,,,,,,\Microsoft\Windows\Workplace Join\Automatic-Device-Join,NT AUTHORITY\SYSTEM,,TaskStartEvent
2026-05-18T22:09:10.339823Z,200,dc.scaffold.htb,Microsoft-Windows-TaskScheduler,Microsoft-Windows-TaskScheduler/Operational,3301,4,%SystemRoot%\System32\dsregcmd.exe,2764,,,,,,,,,C4A49F51-98A8-4A53-911F-84DA7CA62886,\Microsoft\Windows\Workplace Join\Automatic-Device-Join,,,ActionStart
2026-05-18T22:09:10.358944Z,129,dc.scaffold.htb,Microsoft-Windows-TaskScheduler,Microsoft-Windows-TaskScheduler/Operational,3302,4,,,,,C:\ProgramData\Microsoft\Windows Defender\Platform\4.18.26030.3011-0\MpCmdRun.exe,16384,2772,,,,,\Microsoft\Windows\Windows Defender\Windows Defender Verification,,,CreatedTaskProcess
2026-05-18T22:09:10.359134Z,100,dc.scaffold.htb,Microsoft-Windows-TaskScheduler,Microsoft-Windows-TaskScheduler/Operational,3303,4,,,DDB3C06A-FF66-496D-AE99-C7C63218DB27,,,,,,,,,\Microsoft\Windows\Windows Defender\Windows Defender Verification,NT AUTHORITY\SYSTEM,,TaskStartEvent
2026-05-18T22:09:10.359136Z,200,dc.scaffold.htb,Microsoft-Windows-TaskScheduler,Microsoft-Windows-TaskScheduler/Operational,3304,4,C:\ProgramData\Microsoft\Windows Defender\Platform\4.18.26030.3011-0\MpCmdRun.exe,2772,,,,,,,,,DDB3C06A-FF66-496D-AE99-C7C63218DB27,\Microsoft\Windows\Windows Defender\Windows Defender Verification,,,ActionStart
2026-05-18T22:09:10.460349Z,201,dc.scaffold.htb,Microsoft-Windows-TaskScheduler,Microsoft-Windows-TaskScheduler/Operational,3305,4,SppSvcRestartTaskHandler Class,2704,,,,,,,0,,BE400E89-5880-4534-876D-A698B109E0AD,\Microsoft\Windows\SoftwareProtectionPlatform\SvcRestartTaskNetwork,,,ActionSuccess
2026-05-18T22:09:10.460351Z,102,dc.scaffold.htb,Microsoft-Windows-TaskScheduler,Microsoft-Windows-TaskScheduler/Operational,3306,4,,,BE400E89-5880-4534-876D-A698B109E0AD,,,,,,,,,\Microsoft\Windows\SoftwareProtectionPlatform\SvcRestartTaskNetwork,(NONE),,TaskSuccessEvent
2026-05-18T22:09:19.694314Z,118,dc.scaffold.htb,Microsoft-Windows-TaskScheduler,Microsoft-Windows-TaskScheduler/Operational,3307,4,,,27631727-C1D9-4836-AA89-9AFBED23D8F8,,,,,,,,,\Microsoft\Windows\CertificateServicesClient\SystemTask,,,BootTrigger
2026-05-18T22:09:19.695523Z,129,dc.scaffold.htb,Microsoft-Windows-TaskScheduler,Microsoft-Windows-TaskScheduler/Operational,3308,4,,,,,taskhostw.exe,16384,5096,,,,,\Microsoft\Windows\CertificateServicesClient\SystemTask,,,CreatedTaskProcess
2026-05-18T22:09:19.695635Z,100,dc.scaffold.htb,Microsoft-Windows-TaskScheduler,Microsoft-Windows-TaskScheduler/Operational,3309,4,,,27631727-C1D9-4836-AA89-9AFBED23D8F8,,,,,,,,,\Microsoft\Windows\CertificateServicesClient\SystemTask,NT AUTHORITY\SYSTEM,,TaskStartEvent
2026-05-18T22:09:19.695636Z,200,dc.scaffold.htb,Microsoft-Windows-TaskScheduler,Microsoft-Windows-TaskScheduler/Operational,3310,4,Certificate Services Client Task Handler,5096,,,,,,,,,27631727-C1D9-4836-AA89-9AFBED23D8F8,\Microsoft\Windows\CertificateServicesClient\SystemTask,,,ActionStart
2026-05-18T22:09:48.280584Z,201,dc.scaffold.htb,Microsoft-Windows-TaskScheduler,Microsoft-Windows-TaskScheduler/Operational,3311,4,%SystemRoot%\System32\dsregcmd.exe,2764,,,,,,,0,,C4A49F51-98A8-4A53-911F-84DA7CA62886,\Microsoft\Windows\Workplace Join\Automatic-Device-Join,,,ActionSuccess
2026-05-18T22:09:48.280767Z,102,dc.scaffold.htb,Microsoft-Windows-TaskScheduler,Microsoft-Windows-TaskScheduler/Operational,3312,4,,,C4A49F51-98A8-4A53-911F-84DA7CA62886,,,,,,,,,\Microsoft\Windows\Workplace Join\Automatic-Device-Join,NT AUTHORITY\SYSTEM,,TaskSuccessEvent
2026-05-18T22:09:58.001668Z,201,dc.scaffold.htb,Microsoft-Windows-TaskScheduler,Microsoft-Windows-TaskScheduler/Operational,3313,4,Certificate Services Client Task Handler,5096,,,,,,,0,,27631727-C1D9-4836-AA89-9AFBED23D8F8,\Microsoft\Windows\CertificateServicesClient\SystemTask,,,ActionSuccess
2026-05-18T22:09:58.001668Z,102,dc.scaffold.htb,Microsoft-Windows-TaskScheduler,Microsoft-Windows-TaskScheduler/Operational,3314,4,,,27631727-C1D9-4836-AA89-9AFBED23D8F8,,,,,,,,,\Microsoft\Windows\CertificateServicesClient\SystemTask,NT AUTHORITY\SYSTEM,,TaskSuccessEvent
2026-05-18T22:10:09.689539Z,118,dc.scaffold.htb,Microsoft-Windows-TaskScheduler,Microsoft-Windows-TaskScheduler/Operational,3315,4,,,30CFD63E-6694-4E7E-B06D-4863EB9F69F6,,,,,,,,,\Microsoft\Windows\DirectX\DXGIAdapterCache,,,BootTrigger
2026-05-18T22:10:09.689612Z,118,dc.scaffold.htb,Microsoft-Windows-TaskScheduler,Microsoft-Windows-TaskScheduler/Operational,3316,4,,,747E38DC-DD8C-4CFD-8D78-A2097A913813,,,,,,,,,\Microsoft\Windows\Software Inventory Logging\Configuration,,,BootTrigger
2026-05-18T22:10:09.694735Z,129,dc.scaffold.htb,Microsoft-Windows-TaskScheduler,Microsoft-Windows-TaskScheduler/Operational,3317,4,,,,,%windir%\system32\dxgiadaptercache.exe,16384,1296,,,,,\Microsoft\Windows\DirectX\DXGIAdapterCache,,,CreatedTaskProcess
2026-05-18T22:10:09.694997Z,100,dc.scaffold.htb,Microsoft-Windows-TaskScheduler,Microsoft-Windows-TaskScheduler/Operational,3318,4,,,30CFD63E-6694-4E7E-B06D-4863EB9F69F6,,,,,,,,,\Microsoft\Windows\DirectX\DXGIAdapterCache,NT AUTHORITY\SYSTEM,,TaskStartEvent
2026-05-18T22:10:09.695000Z,200,dc.scaffold.htb,Microsoft-Windows-TaskScheduler,Microsoft-Windows-TaskScheduler/Operational,3319,4,%windir%\system32\dxgiadaptercache.exe,1296,,,,,,,,,30CFD63E-6694-4E7E-B06D-4863EB9F69F6,\Microsoft\Windows\DirectX\DXGIAdapterCache,,,ActionStart
2026-05-18T22:10:09.695273Z,129,dc.scaffold.htb,Microsoft-Windows-TaskScheduler,Microsoft-Windows-TaskScheduler/Operational,3320,4,,,,,%systemroot%\system32\cmd.exe,16384,1684,,,,,\Microsoft\Windows\Software Inventory Logging\Configuration,,,CreatedTaskProcess
2026-05-18T22:10:09.695540Z,100,dc.scaffold.htb,Microsoft-Windows-TaskScheduler,Microsoft-Windows-TaskScheduler/Operational,3321,4,,,747E38DC-DD8C-4CFD-8D78-A2097A913813,,,,,,,,,\Microsoft\Windows\Software Inventory Logging\Configuration,NT AUTHORITY\SYSTEM,,TaskStartEvent
2026-05-18T22:10:09.695543Z,200,dc.scaffold.htb,Microsoft-Windows-TaskScheduler,Microsoft-Windows-TaskScheduler/Operational,3322,4,%systemroot%\system32\cmd.exe,1684,,,,,,,,,747E38DC-DD8C-4CFD-8D78-A2097A913813,\Microsoft\Windows\Software Inventory Logging\Configuration,,,ActionStart
2026-05-18T22:10:09.715135Z,201,dc.scaffold.htb,Microsoft-Windows-TaskScheduler,Microsoft-Windows-TaskScheduler/Operational,3323,4,%windir%\system32\dxgiadaptercache.exe,1296,,,,,,,0,,30CFD63E-6694-4E7E-B06D-4863EB9F69F6,\Microsoft\Windows\DirectX\DXGIAdapterCache,,,ActionSuccess
2026-05-18T22:10:09.715302Z,102,dc.scaffold.htb,Microsoft-Windows-TaskScheduler,Microsoft-Windows-TaskScheduler/Operational,3324,4,,,30CFD63E-6694-4E7E-B06D-4863EB9F69F6,,,,,,,,,\Microsoft\Windows\DirectX\DXGIAdapterCache,NT AUTHORITY\SYSTEM,,TaskSuccessEvent
2026-05-18T22:10:09.742203Z,201,dc.scaffold.htb,Microsoft-Windows-TaskScheduler,Microsoft-Windows-TaskScheduler/Operational,3325,4,%systemroot%\system32\cmd.exe,1684,,,,,,,0,,747E38DC-DD8C-4CFD-8D78-A2097A913813,\Microsoft\Windows\Software Inventory Logging\Configuration,,,ActionSuccess
2026-05-18T22:10:09.742380Z,102,dc.scaffold.htb,Microsoft-Windows-TaskScheduler,Microsoft-Windows-TaskScheduler/Operational,3326,4,,,747E38DC-DD8C-4CFD-8D78-A2097A913813,,,,,,,,,\Microsoft\Windows\Software Inventory Logging\Configuration,NT AUTHORITY\SYSTEM,,TaskSuccessEvent
2026-05-18T22:10:25.583534Z,119,dc.scaffold.htb,Microsoft-Windows-TaskScheduler,Microsoft-Windows-TaskScheduler/Operational,3327,4,,,396F2468-49EF-4BE5-97E2-5C30C0A09AAD,,,,,,,,,\Microsoft\Windows\Server Manager\ServerManager,,SCAFFOLD\Administrator,LogonTrigger
2026-05-18T22:10:25.583537Z,119,dc.scaffold.htb,Microsoft-Windows-TaskScheduler,Microsoft-Windows-TaskScheduler/Operational,3328,4,,,32F2C6FE-63AF-45AE-A29E-CE986A79D508,,,,,,,,,\Microsoft\Windows\TextServicesFramework\MsCtfMonitor,,SCAFFOLD\Administrator,LogonTrigger
2026-05-18T22:10:25.583653Z,119,dc.scaffold.htb,Microsoft-Windows-TaskScheduler,Microsoft-Windows-TaskScheduler/Operational,3329,4,,,A6DDD2EE-3AC7-42D7-8A5D-6CC1EC3FD4D5,,,,,,,,,\Microsoft\Windows\CertificateServicesClient\UserTask,,SCAFFOLD\Administrator,LogonTrigger
2026-05-18T22:10:25.584383Z,119,dc.scaffold.htb,Microsoft-Windows-TaskScheduler,Microsoft-Windows-TaskScheduler/Operational,3330,4,,,C3B6C377-9920-4640-9F74-FF75D8757054,,,,,,,,,\Microsoft\Windows\WindowsColorSystem\Calibration Loader,,SCAFFOLD\Administrator,LogonTrigger
2026-05-18T22:10:25.585438Z,129,dc.scaffold.htb,Microsoft-Windows-TaskScheduler,Microsoft-Windows-TaskScheduler/Operational,3331,4,,,,,taskhostw.exe,32,1528,,,,,\Microsoft\Windows\TextServicesFramework\MsCtfMonitor,,,CreatedTaskProcess
2026-05-18T22:10:25.586122Z,100,dc.scaffold.htb,Microsoft-Windows-TaskScheduler,Microsoft-Windows-TaskScheduler/Operational,3332,4,,,32F2C6FE-63AF-45AE-A29E-CE986A79D508,,,,,,,,,\Microsoft\Windows\TextServicesFramework\MsCtfMonitor,SCAFFOLD\Administrator,,TaskStartEvent
2026-05-18T22:10:25.586125Z,200,dc.scaffold.htb,Microsoft-Windows-TaskScheduler,Microsoft-Windows-TaskScheduler/Operational,3333,4,MsCtfMonitor task handler,1528,,,,,,,,,32F2C6FE-63AF-45AE-A29E-CE986A79D508,\Microsoft\Windows\TextServicesFramework\MsCtfMonitor,,,ActionStart
2026-05-18T22:10:25.587732Z,129,dc.scaffold.htb,Microsoft-Windows-TaskScheduler,Microsoft-Windows-TaskScheduler/Operational,3334,4,,,,,%windir%\system32\ServerManagerLauncher.exe,32,6004,,,,,\Microsoft\Windows\Server Manager\ServerManager,,,CreatedTaskProcess
2026-05-18T22:10:25.588248Z,119,dc.scaffold.htb,Microsoft-Windows-TaskScheduler,Microsoft-Windows-TaskScheduler/Operational,3335,4,,,1E2AF7D6-9017-4BA9-9420-4B242010DC14,,,,,,,,,\Microsoft\Windows\Wininet\CacheTask,,SCAFFOLD\Administrator,LogonTrigger
2026-05-18T22:10:25.588599Z,100,dc.scaffold.htb,Microsoft-Windows-TaskScheduler,Microsoft-Windows-TaskScheduler/Operational,3336,4,,,1E2AF7D6-9017-4BA9-9420-4B242010DC14,,,,,,,,,\Microsoft\Windows\Wininet\CacheTask,SCAFFOLD\Administrator,,TaskStartEvent
2026-05-18T22:10:25.588601Z,200,dc.scaffold.htb,Microsoft-Windows-TaskScheduler,Microsoft-Windows-TaskScheduler/Operational,3337,4,Wininet Cache task object,1528,,,,,,,,,1E2AF7D6-9017-4BA9-9420-4B242010DC14,\Microsoft\Windows\Wininet\CacheTask,,,ActionStart
2026-05-18T22:10:25.589040Z,119,dc.scaffold.htb,Microsoft-Windows-TaskScheduler,Microsoft-Windows-TaskScheduler/Operational,3338,4,,,AB4C225C-0A78-44EB-B2A2-BDC9479D11AF,,,,,,,,,\MicrosoftEdgeUpdateTaskMachineCore,,SCAFFOLD\Administrator,LogonTrigger
2026-05-18T22:10:25.589646Z,119,dc.scaffold.htb,Microsoft-Windows-TaskScheduler,Microsoft-Windows-TaskScheduler/Operational,3339,4,,,C2A334C0-DCB6-4D39-8490-28914CD9A352,,,,,,,,,\Microsoft\Windows\SoftwareProtectionPlatform\SvcRestartTaskLogon,,SCAFFOLD\Administrator,LogonTrigger
2026-05-18T22:10:25.591642Z,119,dc.scaffold.htb,Microsoft-Windows-TaskScheduler,Microsoft-Windows-TaskScheduler/Operational,3340,4,,,387FA96C-28DC-4397-85B3-FC6F0BACAEF6,,,,,,,,,\Microsoft\Windows\Plug and Play\Device Install Reboot Required,,SCAFFOLD\Administrator,LogonTrigger
2026-05-18T22:10:25.593418Z,129,dc.scaffold.htb,Microsoft-Windows-TaskScheduler,Microsoft-Windows-TaskScheduler/Operational,3341,4,,,,,taskhostw.exe,32,2844,,,,,\Microsoft\Windows\SoftwareProtectionPlatform\SvcRestartTaskLogon,,,CreatedTaskProcess
2026-05-18T22:10:25.593842Z,100,dc.scaffold.htb,Microsoft-Windows-TaskScheduler,Microsoft-Windows-TaskScheduler/Operational,3342,4,,,C2A334C0-DCB6-4D39-8490-28914CD9A352,,,,,,,,,\Microsoft\Windows\SoftwareProtectionPlatform\SvcRestartTaskLogon,SCAFFOLD\Administrator,,TaskStartEvent
2026-05-18T22:10:25.593843Z,200,dc.scaffold.htb,Microsoft-Windows-TaskScheduler,Microsoft-Windows-TaskScheduler/Operational,3343,4,SppSvcRestartTaskHandler Class,2844,,,,,,,,,C2A334C0-DCB6-4D39-8490-28914CD9A352,\Microsoft\Windows\SoftwareProtectionPlatform\SvcRestartTaskLogon,,,ActionStart
2026-05-18T22:10:25.594265Z,100,dc.scaffold.htb,Microsoft-Windows-TaskScheduler,Microsoft-Windows-TaskScheduler/Operational,3344,4,,,396F2468-49EF-4BE5-97E2-5C30C0A09AAD,,,,,,,,,\Microsoft\Windows\Server Manager\ServerManager,SCAFFOLD\Administrator,,TaskStartEvent
2026-05-18T22:10:25.594266Z,200,dc.scaffold.htb,Microsoft-Windows-TaskScheduler,Microsoft-Windows-TaskScheduler/Operational,3345,4,%windir%\system32\ServerManagerLauncher.exe,6004,,,,,,,,,396F2468-49EF-4BE5-97E2-5C30C0A09AAD,\Microsoft\Windows\Server Manager\ServerManager,,,ActionStart
2026-05-18T22:10:25.614336Z,129,dc.scaffold.htb,Microsoft-Windows-TaskScheduler,Microsoft-Windows-TaskScheduler/Operational,3346,4,,,,,C:\Program Files (x86)\Microsoft\EdgeUpdate\MicrosoftEdgeUpdate.exe,32,3488,,,,,\MicrosoftEdgeUpdateTaskMachineCore,,,CreatedTaskProcess
2026-05-18T22:10:25.614665Z,100,dc.scaffold.htb,Microsoft-Windows-TaskScheduler,Microsoft-Windows-TaskScheduler/Operational,3347,4,,,AB4C225C-0A78-44EB-B2A2-BDC9479D11AF,,,,,,,,,\MicrosoftEdgeUpdateTaskMachineCore,NT AUTHORITY\SYSTEM,,TaskStartEvent
2026-05-18T22:10:25.614667Z,200,dc.scaffold.htb,Microsoft-Windows-TaskScheduler,Microsoft-Windows-TaskScheduler/Operational,3348,4,C:\Program Files (x86)\Microsoft\EdgeUpdate\MicrosoftEdgeUpdate.exe,3488,,,,,,,,,AB4C225C-0A78-44EB-B2A2-BDC9479D11AF,\MicrosoftEdgeUpdateTaskMachineCore,,,ActionStart
2026-05-18T22:10:25.627290Z,201,dc.scaffold.htb,Microsoft-Windows-TaskScheduler,Microsoft-Windows-TaskScheduler/Operational,3349,4,SppSvcRestartTaskHandler Class,2844,,,,,,,0,,C2A334C0-DCB6-4D39-8490-28914CD9A352,\Microsoft\Windows\SoftwareProtectionPlatform\SvcRestartTaskLogon,,,ActionSuccess
2026-05-18T22:10:25.627291Z,102,dc.scaffold.htb,Microsoft-Windows-TaskScheduler,Microsoft-Windows-TaskScheduler/Operational,3350,4,,,C2A334C0-DCB6-4D39-8490-28914CD9A352,,,,,,,,,\Microsoft\Windows\SoftwareProtectionPlatform\SvcRestartTaskLogon,SCAFFOLD\Administrator,,TaskSuccessEvent
2026-05-18T22:10:25.639379Z,201,dc.scaffold.htb,Microsoft-Windows-TaskScheduler,Microsoft-Windows-TaskScheduler/Operational,3351,4,MsCtfMonitor task handler,1528,,,,,,,0,,32F2C6FE-63AF-45AE-A29E-CE986A79D508,\Microsoft\Windows\TextServicesFramework\MsCtfMonitor,,,ActionSuccess
2026-05-18T22:10:25.639380Z,102,dc.scaffold.htb,Microsoft-Windows-TaskScheduler,Microsoft-Windows-TaskScheduler/Operational,3352,4,,,32F2C6FE-63AF-45AE-A29E-CE986A79D508,,,,,,,,,\Microsoft\Windows\TextServicesFramework\MsCtfMonitor,SCAFFOLD\Administrator,,TaskSuccessEvent
2026-05-18T22:10:25.700120Z,129,dc.scaffold.htb,Microsoft-Windows-TaskScheduler,Microsoft-Windows-TaskScheduler/Operational,3353,4,,,,,taskhostw.exe,32,3360,,,,,\Microsoft\Windows\Plug and Play\Device Install Reboot Required,,,CreatedTaskProcess
2026-05-18T22:10:25.700520Z,100,dc.scaffold.htb,Microsoft-Windows-TaskScheduler,Microsoft-Windows-TaskScheduler/Operational,3354,4,,,387FA96C-28DC-4397-85B3-FC6F0BACAEF6,,,,,,,,,\Microsoft\Windows\Plug and Play\Device Install Reboot Required,SCAFFOLD\Administrator,,TaskStartEvent
2026-05-18T22:10:25.700522Z,200,dc.scaffold.htb,Microsoft-Windows-TaskScheduler,Microsoft-Windows-TaskScheduler/Operational,3355,4,Device Installation Reboot Dialog Task,3360,,,,,,,,,387FA96C-28DC-4397-85B3-FC6F0BACAEF6,\Microsoft\Windows\Plug and Play\Device Install Reboot Required,,,ActionStart
2026-05-18T22:10:25.808210Z,129,dc.scaffold.htb,Microsoft-Windows-TaskScheduler,Microsoft-Windows-TaskScheduler/Operational,3356,4,,,,,taskhostw.exe,32,5012,,,,,\Microsoft\Windows\CertificateServicesClient\UserTask,,,CreatedTaskProcess
2026-05-18T22:10:25.808542Z,100,dc.scaffold.htb,Microsoft-Windows-TaskScheduler,Microsoft-Windows-TaskScheduler/Operational,3357,4,,,A6DDD2EE-3AC7-42D7-8A5D-6CC1EC3FD4D5,,,,,,,,,\Microsoft\Windows\CertificateServicesClient\UserTask,SCAFFOLD\Administrator,,TaskStartEvent
2026-05-18T22:10:25.808543Z,200,dc.scaffold.htb,Microsoft-Windows-TaskScheduler,Microsoft-Windows-TaskScheduler/Operational,3358,4,Certificate Services Client Task Handler,5012,,,,,,,,,A6DDD2EE-3AC7-42D7-8A5D-6CC1EC3FD4D5,\Microsoft\Windows\CertificateServicesClient\UserTask,,,ActionStart
2026-05-18T22:10:25.921979Z,100,dc.scaffold.htb,Microsoft-Windows-TaskScheduler,Microsoft-Windows-TaskScheduler/Operational,3359,4,,,C3B6C377-9920-4640-9F74-FF75D8757054,,,,,,,,,\Microsoft\Windows\WindowsColorSystem\Calibration Loader,SCAFFOLD\Administrator,,TaskStartEvent
2026-05-18T22:10:25.921981Z,200,dc.scaffold.htb,Microsoft-Windows-TaskScheduler,Microsoft-Windows-TaskScheduler/Operational,3360,4,Color Calibration Loader,5012,,,,,,,,,C3B6C377-9920-4640-9F74-FF75D8757054,\Microsoft\Windows\WindowsColorSystem\Calibration Loader,,,ActionStart
2026-05-18T22:10:25.925825Z,141,dc.scaffold.htb,Microsoft-Windows-TaskScheduler,Microsoft-Windows-TaskScheduler/Operational,3361,4,,,,,,,,,,,,\CreateExplorerShellUnelevatedTask,,SCAFFOLD\Administrator,TaskDeleted
2026-05-18T22:10:25.935391Z,106,dc.scaffold.htb,Microsoft-Windows-TaskScheduler,Microsoft-Windows-TaskScheduler/Operational,3362,4,,,,,,,,,,,,\CreateExplorerShellUnelevatedTask,SCAFFOLD\Administrator,,TaskRegisteredEvent
2026-05-18T22:10:25.935393Z,140,dc.scaffold.htb,Microsoft-Windows-TaskScheduler,Microsoft-Windows-TaskScheduler/Operational,3363,4,,,,,,,,,,,,\CreateExplorerShellUnelevatedTask,,SCAFFOLD\Administrator,TaskUpdated
