2026-05-14T00:26:36.040348Z,129,dc.scaffold.htb,Microsoft-Windows-TaskScheduler,Microsoft-Windows-TaskScheduler/Operational,750,4,,,,,C:\Program Files (x86)\Microsoft\EdgeUpdate\MicrosoftEdgeUpdate.exe,32,1268,,,,,\MicrosoftEdgeUpdateTaskMachineUA,,,CreatedTaskProcess
2026-05-14T00:26:36.040721Z,100,dc.scaffold.htb,Microsoft-Windows-TaskScheduler,Microsoft-Windows-TaskScheduler/Operational,751,4,,,C61E8B84-0F88-4BCD-BA17-A2238E67E2F1,,,,,,,,,\MicrosoftEdgeUpdateTaskMachineUA,NT AUTHORITY\SYSTEM,,TaskStartEvent
2026-05-14T00:26:36.040723Z,200,dc.scaffold.htb,Microsoft-Windows-TaskScheduler,Microsoft-Windows-TaskScheduler/Operational,752,4,C:\Program Files (x86)\Microsoft\EdgeUpdate\MicrosoftEdgeUpdate.exe,1268,,,,,,,,,C61E8B84-0F88-4BCD-BA17-A2238E67E2F1,\MicrosoftEdgeUpdateTaskMachineUA,,,ActionStart
2026-05-14T00:26:36.064919Z,411,dc.scaffold.htb,Microsoft-Windows-TaskScheduler,Microsoft-Windows-TaskScheduler/Operational,753,4,,,,TimeChangeSignaled,,,,,,,,,,,
2026-05-14T00:26:36.385248Z,201,dc.scaffold.htb,Microsoft-Windows-TaskScheduler,Microsoft-Windows-TaskScheduler/Operational,754,4,C:\Program Files (x86)\Microsoft\EdgeUpdate\MicrosoftEdgeUpdate.exe,1268,,,,,,,0,,C61E8B84-0F88-4BCD-BA17-A2238E67E2F1,\MicrosoftEdgeUpdateTaskMachineUA,,,ActionSuccess
2026-05-14T00:26:36.385476Z,102,dc.scaffold.htb,Microsoft-Windows-TaskScheduler,Microsoft-Windows-TaskScheduler/Operational,755,4,,,C61E8B84-0F88-4BCD-BA17-A2238E67E2F1,,,,,,,,,\MicrosoftEdgeUpdateTaskMachineUA,NT AUTHORITY\SYSTEM,,TaskSuccessEvent
2026-05-14T00:27:31.103098Z,114,dc.scaffold.htb,Microsoft-Windows-TaskScheduler,Microsoft-Windows-TaskScheduler/Operational,756,3,,,4E7C5CCE-381E-417B-B448-20790270D638,,,,,,,,,\Microsoft\Windows\Windows Error Reporting\QueueReporting,,,MissedTaskLaunched
2026-05-14T00:27:31.105416Z,129,dc.scaffold.htb,Microsoft-Windows-TaskScheduler,Microsoft-Windows-TaskScheduler/Operational,757,4,,,,,%windir%\system32\wermgr.exe,16384,2596,,,,,\Microsoft\Windows\Windows Error Reporting\QueueReporting,,,CreatedTaskProcess
2026-05-14T00:27:31.105557Z,100,dc.scaffold.htb,Microsoft-Windows-TaskScheduler,Microsoft-Windows-TaskScheduler/Operational,758,4,,,4E7C5CCE-381E-417B-B448-20790270D638,,,,,,,,,\Microsoft\Windows\Windows Error Reporting\QueueReporting,NT AUTHORITY\SYSTEM,,TaskStartEvent
2026-05-14T00:27:31.105558Z,200,dc.scaffold.htb,Microsoft-Windows-TaskScheduler,Microsoft-Windows-TaskScheduler/Operational,759,4,%windir%\system32\wermgr.exe,2596,,,,,,,,,4E7C5CCE-381E-417B-B448-20790270D638,\Microsoft\Windows\Windows Error Reporting\QueueReporting,,,ActionStart
2026-05-14T00:27:31.129002Z,201,dc.scaffold.htb,Microsoft-Windows-TaskScheduler,Microsoft-Windows-TaskScheduler/Operational,760,4,%windir%\system32\wermgr.exe,2596,,,,,,,0,,4E7C5CCE-381E-417B-B448-20790270D638,\Microsoft\Windows\Windows Error Reporting\QueueReporting,,,ActionSuccess
2026-05-14T00:27:31.129151Z,102,dc.scaffold.htb,Microsoft-Windows-TaskScheduler,Microsoft-Windows-TaskScheduler/Operational,761,4,,,4E7C5CCE-381E-417B-B448-20790270D638,,,,,,,,,\Microsoft\Windows\Windows Error Reporting\QueueReporting,NT AUTHORITY\SYSTEM,,TaskSuccessEvent
2026-05-14T00:28:36.522967Z,141,dc.scaffold.htb,Microsoft-Windows-TaskScheduler,Microsoft-Windows-TaskScheduler/Operational,762,4,,,,,,,,,,,,\Microsoft\Windows\Windows Defender\Windows Defender Scheduled Scan,,NT AUTHORITY\System,TaskDeleted
2026-05-14T00:28:36.530522Z,106,dc.scaffold.htb,Microsoft-Windows-TaskScheduler,Microsoft-Windows-TaskScheduler/Operational,763,4,,,,,,,,,,,,\Microsoft\Windows\Windows Defender\Windows Defender Scheduled Scan,SCAFFOLD\DC$,,TaskRegisteredEvent
2026-05-14T00:28:36.530523Z,140,dc.scaffold.htb,Microsoft-Windows-TaskScheduler,Microsoft-Windows-TaskScheduler/Operational,764,4,,,,,,,,,,,,\Microsoft\Windows\Windows Defender\Windows Defender Scheduled Scan,,SCAFFOLD\DC$,TaskUpdated
2026-05-14T00:29:01.729372Z,119,dc.scaffold.htb,Microsoft-Windows-TaskScheduler,Microsoft-Windows-TaskScheduler/Operational,765,4,,,BC78C9EB-EBEE-491D-A752-4482C47CAFFC,,,,,,,,,\Microsoft\Windows\Device Information\Device User,,SCAFFOLD\Administrator,LogonTrigger
2026-05-14T00:29:01.737377Z,129,dc.scaffold.htb,Microsoft-Windows-TaskScheduler,Microsoft-Windows-TaskScheduler/Operational,766,4,,,,,%windir%\system32\devicecensus.exe,16384,4532,,,,,\Microsoft\Windows\Device Information\Device User,,,CreatedTaskProcess
2026-05-14T00:29:01.738001Z,100,dc.scaffold.htb,Microsoft-Windows-TaskScheduler,Microsoft-Windows-TaskScheduler/Operational,767,4,,,BC78C9EB-EBEE-491D-A752-4482C47CAFFC,,,,,,,,,\Microsoft\Windows\Device Information\Device User,SCAFFOLD\Administrator,,TaskStartEvent
2026-05-14T00:29:01.738004Z,200,dc.scaffold.htb,Microsoft-Windows-TaskScheduler,Microsoft-Windows-TaskScheduler/Operational,768,4,%windir%\system32\devicecensus.exe,4532,,,,,,,,,BC78C9EB-EBEE-491D-A752-4482C47CAFFC,\Microsoft\Windows\Device Information\Device User,,,ActionStart
2026-05-14T00:29:01.761385Z,201,dc.scaffold.htb,Microsoft-Windows-TaskScheduler,Microsoft-Windows-TaskScheduler/Operational,769,4,%windir%\system32\devicecensus.exe,4532,,,,,,,0,,BC78C9EB-EBEE-491D-A752-4482C47CAFFC,\Microsoft\Windows\Device Information\Device User,,,ActionSuccess
2026-05-14T00:29:01.761637Z,102,dc.scaffold.htb,Microsoft-Windows-TaskScheduler,Microsoft-Windows-TaskScheduler/Operational,770,4,,,BC78C9EB-EBEE-491D-A752-4482C47CAFFC,,,,,,,,,\Microsoft\Windows\Device Information\Device User,SCAFFOLD\Administrator,,TaskSuccessEvent
2026-05-14T00:36:39.096190Z,129,dc.scaffold.htb,Microsoft-Windows-TaskScheduler,Microsoft-Windows-TaskScheduler/Operational,771,4,,,,,taskhostw.exe,16384,4904,,,,,\Microsoft\Windows\Flighting\OneSettings\RefreshCache,,,CreatedTaskProcess
2026-05-14T00:36:39.096492Z,100,dc.scaffold.htb,Microsoft-Windows-TaskScheduler,Microsoft-Windows-TaskScheduler/Operational,772,4,,,CC563AB3-0986-4891-B22A-0F1D8FFE279D,,,,,,,,,\Microsoft\Windows\Flighting\OneSettings\RefreshCache,NT AUTHORITY\SYSTEM,,TaskStartEvent
2026-05-14T00:36:39.096493Z,200,dc.scaffold.htb,Microsoft-Windows-TaskScheduler,Microsoft-Windows-TaskScheduler/Operational,773,4,OneSettings Refresh Cache Task Handler,4904,,,,,,,,,CC563AB3-0986-4891-B22A-0F1D8FFE279D,\Microsoft\Windows\Flighting\OneSettings\RefreshCache,,,ActionStart
2026-05-14T00:36:39.105558Z,140,dc.scaffold.htb,Microsoft-Windows-TaskScheduler,Microsoft-Windows-TaskScheduler/Operational,774,4,,,,,,,,,,,,\Microsoft\Windows\UpdateOrchestrator\Schedule Scan,,S-1-5-18,TaskUpdated
2026-05-14T00:36:39.133203Z,202,dc.scaffold.htb,Microsoft-Windows-TaskScheduler,Microsoft-Windows-TaskScheduler/Operational,775,2,OneSettings Refresh Cache Task Handler,4904,,,,,,,2147954407,,CC563AB3-0986-4891-B22A-0F1D8FFE279D,\Microsoft\Windows\Flighting\OneSettings\RefreshCache,,,ActionFailure
2026-05-14T00:36:39.133204Z,103,dc.scaffold.htb,Microsoft-Windows-TaskScheduler,Microsoft-Windows-TaskScheduler/Operational,776,2,,,CC563AB3-0986-4891-B22A-0F1D8FFE279D,,,,,,2147954407,,,\Microsoft\Windows\Flighting\OneSettings\RefreshCache,NT AUTHORITY\SYSTEM,,TaskFailureEvent
2026-05-14T00:36:39.182255Z,140,dc.scaffold.htb,Microsoft-Windows-TaskScheduler,Microsoft-Windows-TaskScheduler/Operational,777,4,,,,,,,,,,,,\Microsoft\Windows\UpdateOrchestrator\Schedule Scan,,SCAFFOLD\DC$,TaskUpdated
2026-05-14T00:39:23.499389Z,107,dc.scaffold.htb,Microsoft-Windows-TaskScheduler,Microsoft-Windows-TaskScheduler/Operational,778,4,,,FC1F9C60-5447-4595-A952-53372E7AC98C,,,,,,,,,\MicrosoftEdgeUpdateTaskMachineUA,,,TimeTriggerEvent
2026-05-14T00:39:23.503159Z,129,dc.scaffold.htb,Microsoft-Windows-TaskScheduler,Microsoft-Windows-TaskScheduler/Operational,779,4,,,,,C:\Program Files (x86)\Microsoft\EdgeUpdate\MicrosoftEdgeUpdate.exe,32,5948,,,,,\MicrosoftEdgeUpdateTaskMachineUA,,,CreatedTaskProcess
2026-05-14T00:39:23.503372Z,100,dc.scaffold.htb,Microsoft-Windows-TaskScheduler,Microsoft-Windows-TaskScheduler/Operational,780,4,,,FC1F9C60-5447-4595-A952-53372E7AC98C,,,,,,,,,\MicrosoftEdgeUpdateTaskMachineUA,NT AUTHORITY\SYSTEM,,TaskStartEvent
2026-05-14T00:39:23.503374Z,200,dc.scaffold.htb,Microsoft-Windows-TaskScheduler,Microsoft-Windows-TaskScheduler/Operational,781,4,C:\Program Files (x86)\Microsoft\EdgeUpdate\MicrosoftEdgeUpdate.exe,5948,,,,,,,,,FC1F9C60-5447-4595-A952-53372E7AC98C,\MicrosoftEdgeUpdateTaskMachineUA,,,ActionStart
2026-05-14T00:39:23.543377Z,201,dc.scaffold.htb,Microsoft-Windows-TaskScheduler,Microsoft-Windows-TaskScheduler/Operational,782,4,C:\Program Files (x86)\Microsoft\EdgeUpdate\MicrosoftEdgeUpdate.exe,5948,,,,,,,0,,FC1F9C60-5447-4595-A952-53372E7AC98C,\MicrosoftEdgeUpdateTaskMachineUA,,,ActionSuccess
2026-05-14T00:39:23.543481Z,102,dc.scaffold.htb,Microsoft-Windows-TaskScheduler,Microsoft-Windows-TaskScheduler/Operational,783,4,,,FC1F9C60-5447-4595-A952-53372E7AC98C,,,,,,,,,\MicrosoftEdgeUpdateTaskMachineUA,NT AUTHORITY\SYSTEM,,TaskSuccessEvent
2026-05-14T00:42:10.572154Z,107,dc.scaffold.htb,Microsoft-Windows-TaskScheduler,Microsoft-Windows-TaskScheduler/Operational,784,4,,,E82F4186-748B-4F61-83E3-778ED6B86B9F,,,,,,,,,\Microsoft\Windows\Windows Error Reporting\QueueReporting,,,TimeTriggerEvent
2026-05-14T00:42:10.574343Z,129,dc.scaffold.htb,Microsoft-Windows-TaskScheduler,Microsoft-Windows-TaskScheduler/Operational,785,4,,,,,%windir%\system32\wermgr.exe,16384,1316,,,,,\Microsoft\Windows\Windows Error Reporting\QueueReporting,,,CreatedTaskProcess
2026-05-14T00:42:10.574948Z,100,dc.scaffold.htb,Microsoft-Windows-TaskScheduler,Microsoft-Windows-TaskScheduler/Operational,786,4,,,E82F4186-748B-4F61-83E3-778ED6B86B9F,,,,,,,,,\Microsoft\Windows\Windows Error Reporting\QueueReporting,NT AUTHORITY\SYSTEM,,TaskStartEvent
2026-05-14T00:42:10.574951Z,200,dc.scaffold.htb,Microsoft-Windows-TaskScheduler,Microsoft-Windows-TaskScheduler/Operational,787,4,%windir%\system32\wermgr.exe,1316,,,,,,,,,E82F4186-748B-4F61-83E3-778ED6B86B9F,\Microsoft\Windows\Windows Error Reporting\QueueReporting,,,ActionStart
2026-05-14T00:42:10.605695Z,201,dc.scaffold.htb,Microsoft-Windows-TaskScheduler,Microsoft-Windows-TaskScheduler/Operational,788,4,%windir%\system32\wermgr.exe,1316,,,,,,,0,,E82F4186-748B-4F61-83E3-778ED6B86B9F,\Microsoft\Windows\Windows Error Reporting\QueueReporting,,,ActionSuccess
2026-05-14T00:42:10.605859Z,102,dc.scaffold.htb,Microsoft-Windows-TaskScheduler,Microsoft-Windows-TaskScheduler/Operational,789,4,,,E82F4186-748B-4F61-83E3-778ED6B86B9F,,,,,,,,,\Microsoft\Windows\Windows Error Reporting\QueueReporting,NT AUTHORITY\SYSTEM,,TaskSuccessEvent
2026-05-14T00:49:44.903377Z,140,dc.scaffold.htb,Microsoft-Windows-TaskScheduler,Microsoft-Windows-TaskScheduler/Operational,790,4,,,,,,,,,,,,\Microsoft\Windows\WindowsUpdate\Scheduled Start,,NT AUTHORITY\SYSTEM,TaskUpdated
2026-05-14T00:51:38.056072Z,140,dc.scaffold.htb,Microsoft-Windows-TaskScheduler,Microsoft-Windows-TaskScheduler/Operational,791,4,,,,,,,,,,,,\Microsoft\Windows\SoftwareProtectionPlatform\SvcRestartTask,,SCAFFOLD\DC$,TaskUpdated
2026-05-14T00:52:02.511712Z,201,dc.scaffold.htb,Microsoft-Windows-TaskScheduler,Microsoft-Windows-TaskScheduler/Operational,792,4,C:\Windows\Explorer.EXE,2444,,,,,,,2147942404,,7F6DB334-0185-47B4-9160-45ACF08ECE2A,\CreateExplorerShellUnelevatedTask,,,ActionSuccess
2026-05-14T00:52:02.512212Z,102,dc.scaffold.htb,Microsoft-Windows-TaskScheduler,Microsoft-Windows-TaskScheduler/Operational,793,4,,,7F6DB334-0185-47B4-9160-45ACF08ECE2A,,,,,,,,,\CreateExplorerShellUnelevatedTask,SCAFFOLD\Administrator,,TaskSuccessEvent
2026-05-14T00:52:02.519232Z,202,dc.scaffold.htb,Microsoft-Windows-TaskScheduler,Microsoft-Windows-TaskScheduler/Operational,794,2,Wininet Cache task object,3628,,,,,,,2147942404,,1552D751-7901-46C8-BF19-F8D225E963DC,\Microsoft\Windows\Wininet\CacheTask,,,ActionFailure
2026-05-14T00:52:02.519234Z,103,dc.scaffold.htb,Microsoft-Windows-TaskScheduler,Microsoft-Windows-TaskScheduler/Operational,795,2,,,1552D751-7901-46C8-BF19-F8D225E963DC,,,,,,2147942404,,,\Microsoft\Windows\Wininet\CacheTask,,,TaskFailureEvent
2026-05-14T00:52:02.705936Z,201,dc.scaffold.htb,Microsoft-Windows-TaskScheduler,Microsoft-Windows-TaskScheduler/Operational,796,4,C:\Program Files (x86)\Microsoft\EdgeUpdate\MicrosoftEdgeUpdate.exe,1132,,,,,,,2147943691,,B7D955F1-7B09-458D-98D2-984D45445A49,\MicrosoftEdgeUpdateTaskMachineCore,,,ActionSuccess
2026-05-14T00:52:02.706020Z,102,dc.scaffold.htb,Microsoft-Windows-TaskScheduler,Microsoft-Windows-TaskScheduler/Operational,797,4,,,B7D955F1-7B09-458D-98D2-984D45445A49,,,,,,,,,\MicrosoftEdgeUpdateTaskMachineCore,NT AUTHORITY\SYSTEM,,TaskSuccessEvent
2026-05-14T00:52:02.706038Z,111,dc.scaffold.htb,Microsoft-Windows-TaskScheduler,Microsoft-Windows-TaskScheduler/Operational,798,4,,,B7D955F1-7B09-458D-98D2-984D45445A49,,,,,,,,,\MicrosoftEdgeUpdateTaskMachineCore,,,TaskTerminationEvent
2026-05-14T00:52:02.861884Z,402,dc.scaffold.htb,Microsoft-Windows-TaskScheduler,Microsoft-Windows-TaskScheduler/Operational,799,4,,,,ServiceStopEvent,,,,,,,,,,,
2026-05-14T18:52:07.779498Z,700,dc.scaffold.htb,Microsoft-Windows-TaskScheduler,Microsoft-Windows-TaskScheduler/Operational,800,4,,,,CompatibilityAdapterLaunch,,,,,,,,,,,
2026-05-14T18:52:07.831999Z,400,dc.scaffold.htb,Microsoft-Windows-TaskScheduler,Microsoft-Windows-TaskScheduler/Operational,801,4,,,,ServiceStartEvent,,,,,,,,,,,
2026-05-14T18:52:07.879556Z,118,dc.scaffold.htb,Microsoft-Windows-TaskScheduler,Microsoft-Windows-TaskScheduler/Operational,802,4,,,DFC8E506-6AD5-47C3-B71C-C37F5140DD6C,,,,,,,,,\Microsoft\Windows\ExploitGuard\ExploitGuard MDM policy Refresh,,,BootTrigger
2026-05-14T18:52:07.881924Z,129,dc.scaffold.htb,Microsoft-Windows-TaskScheduler,Microsoft-Windows-TaskScheduler/Operational,803,4,,,,,%windir%\system32\dxgiadaptercache.exe,16384,2312,,,,,\Microsoft\Windows\DirectX\DXGIAdapterCache,,,CreatedTaskProcess
2026-05-14T18:52:07.881995Z,100,dc.scaffold.htb,Microsoft-Windows-TaskScheduler,Microsoft-Windows-TaskScheduler/Operational,804,4,,,EDC76ABA-52AD-404C-996C-F88FC20F7C72,,,,,,,,,\Microsoft\Windows\DirectX\DXGIAdapterCache,NT AUTHORITY\SYSTEM,,TaskStartEvent
2026-05-14T18:52:07.881996Z,200,dc.scaffold.htb,Microsoft-Windows-TaskScheduler,Microsoft-Windows-TaskScheduler/Operational,805,4,%windir%\system32\dxgiadaptercache.exe,2312,,,,,,,,,EDC76ABA-52AD-404C-996C-F88FC20F7C72,\Microsoft\Windows\DirectX\DXGIAdapterCache,,,ActionStart
2026-05-14T18:52:07.882952Z,129,dc.scaffold.htb,Microsoft-Windows-TaskScheduler,Microsoft-Windows-TaskScheduler/Operational,806,4,,,,,taskhostw.exe,16384,2320,,,,,\Microsoft\Windows\ExploitGuard\ExploitGuard MDM policy Refresh,,,CreatedTaskProcess
2026-05-14T18:52:07.883112Z,100,dc.scaffold.htb,Microsoft-Windows-TaskScheduler,Microsoft-Windows-TaskScheduler/Operational,807,4,,,DFC8E506-6AD5-47C3-B71C-C37F5140DD6C,,,,,,,,,\Microsoft\Windows\ExploitGuard\ExploitGuard MDM policy Refresh,NT AUTHORITY\SYSTEM,,TaskStartEvent
2026-05-14T18:52:07.883114Z,200,dc.scaffold.htb,Microsoft-Windows-TaskScheduler,Microsoft-Windows-TaskScheduler/Operational,808,4,,2320,,,,,,,,,DFC8E506-6AD5-47C3-B71C-C37F5140DD6C,\Microsoft\Windows\ExploitGuard\ExploitGuard MDM policy Refresh,,,ActionStart
2026-05-14T18:52:08.003100Z,101,dc.scaffold.htb,Microsoft-Windows-TaskScheduler,Microsoft-Windows-TaskScheduler/Operational,809,2,,,,,,,,,2147943568,,,\Microsoft\Windows\Workplace Join\Automatic-Device-Join,(default user),,TaskStartFailedEvent
2026-05-14T18:52:08.131568Z,100,dc.scaffold.htb,Microsoft-Windows-TaskScheduler,Microsoft-Windows-TaskScheduler/Operational,810,4,,,CA4FE413-7DFE-4A12-9DE3-5469DEB4E4E6,,,,,,,,,\Microsoft\Windows\WwanSvc\OobeDiscovery,NT AUTHORITY\SYSTEM,,TaskStartEvent
2026-05-14T18:52:08.131569Z,200,dc.scaffold.htb,Microsoft-Windows-TaskScheduler,Microsoft-Windows-TaskScheduler/Operational,811,4,OobeEsimTaskManager,2320,,,,,,,,,CA4FE413-7DFE-4A12-9DE3-5469DEB4E4E6,\Microsoft\Windows\WwanSvc\OobeDiscovery,,,ActionStart
2026-05-14T18:52:08.262999Z,201,dc.scaffold.htb,Microsoft-Windows-TaskScheduler,Microsoft-Windows-TaskScheduler/Operational,812,4,%windir%\system32\dxgiadaptercache.exe,2312,,,,,,,0,,EDC76ABA-52AD-404C-996C-F88FC20F7C72,\Microsoft\Windows\DirectX\DXGIAdapterCache,,,ActionSuccess
2026-05-14T18:52:08.263171Z,102,dc.scaffold.htb,Microsoft-Windows-TaskScheduler,Microsoft-Windows-TaskScheduler/Operational,813,4,,,EDC76ABA-52AD-404C-996C-F88FC20F7C72,,,,,,,,,\Microsoft\Windows\DirectX\DXGIAdapterCache,NT AUTHORITY\SYSTEM,,TaskSuccessEvent
2026-05-14T18:52:08.272381Z,201,dc.scaffold.htb,Microsoft-Windows-TaskScheduler,Microsoft-Windows-TaskScheduler/Operational,814,4,,2320,,,,,,,0,,DFC8E506-6AD5-47C3-B71C-C37F5140DD6C,\Microsoft\Windows\ExploitGuard\ExploitGuard MDM policy Refresh,,,ActionSuccess
2026-05-14T18:52:08.272382Z,102,dc.scaffold.htb,Microsoft-Windows-TaskScheduler,Microsoft-Windows-TaskScheduler/Operational,815,4,,,DFC8E506-6AD5-47C3-B71C-C37F5140DD6C,,,,,,,,,\Microsoft\Windows\ExploitGuard\ExploitGuard MDM policy Refresh,NT AUTHORITY\SYSTEM,,TaskSuccessEvent
2026-05-14T18:52:08.315663Z,201,dc.scaffold.htb,Microsoft-Windows-TaskScheduler,Microsoft-Windows-TaskScheduler/Operational,816,4,OobeEsimTaskManager,2320,,,,,,,0,,CA4FE413-7DFE-4A12-9DE3-5469DEB4E4E6,\Microsoft\Windows\WwanSvc\OobeDiscovery,,,ActionSuccess
2026-05-14T18:52:08.315664Z,102,dc.scaffold.htb,Microsoft-Windows-TaskScheduler,Microsoft-Windows-TaskScheduler/Operational,817,4,,,CA4FE413-7DFE-4A12-9DE3-5469DEB4E4E6,,,,,,,,,\Microsoft\Windows\WwanSvc\OobeDiscovery,NT AUTHORITY\SYSTEM,,TaskSuccessEvent
2026-05-14T18:52:08.683853Z,129,dc.scaffold.htb,Microsoft-Windows-TaskScheduler,Microsoft-Windows-TaskScheduler/Operational,818,4,,,,,taskhostw.exe,16384,2664,,,,,\Microsoft\Windows\Time Synchronization\ForceSynchronizeTime,,,CreatedTaskProcess
2026-05-14T18:52:08.683999Z,100,dc.scaffold.htb,Microsoft-Windows-TaskScheduler,Microsoft-Windows-TaskScheduler/Operational,819,4,,,C5C2FA2E-AA9A-460A-AA3B-0543EA83E837,,,,,,,,,\Microsoft\Windows\Time Synchronization\ForceSynchronizeTime,(NONE),,TaskStartEvent
2026-05-14T18:52:08.684000Z,200,dc.scaffold.htb,Microsoft-Windows-TaskScheduler,Microsoft-Windows-TaskScheduler/Operational,820,4,Time Synchronization Task Handler,2664,,,,,,,,,C5C2FA2E-AA9A-460A-AA3B-0543EA83E837,\Microsoft\Windows\Time Synchronization\ForceSynchronizeTime,,,ActionStart
2026-05-14T18:52:08.693780Z,201,dc.scaffold.htb,Microsoft-Windows-TaskScheduler,Microsoft-Windows-TaskScheduler/Operational,821,4,Time Synchronization Task Handler,2664,,,,,,,0,,C5C2FA2E-AA9A-460A-AA3B-0543EA83E837,\Microsoft\Windows\Time Synchronization\ForceSynchronizeTime,,,ActionSuccess
2026-05-14T18:52:08.693782Z,102,dc.scaffold.htb,Microsoft-Windows-TaskScheduler,Microsoft-Windows-TaskScheduler/Operational,822,4,,,C5C2FA2E-AA9A-460A-AA3B-0543EA83E837,,,,,,,,,\Microsoft\Windows\Time Synchronization\ForceSynchronizeTime,(NONE),,TaskSuccessEvent
2026-05-14T18:52:09.010628Z,325,dc.scaffold.htb,Microsoft-Windows-TaskScheduler,Microsoft-Windows-TaskScheduler/Operational,823,3,,,,,,,,B1863E6F-1CF4-4A2E-91FB-36D1095804C1,,,,\Microsoft\Windows\Workplace Join\Automatic-Device-Join,,,TaskInstanceQueued
2026-05-14T18:52:09.010777Z,110,dc.scaffold.htb,Microsoft-Windows-TaskScheduler,Microsoft-Windows-TaskScheduler/Operational,824,4,,,B1863E6F-1CF4-4A2E-91FB-36D1095804C1,,,,,,,,,\Microsoft\Windows\Workplace Join\Automatic-Device-Join,System,,TaskRunEvent
2026-05-14T18:52:09.015569Z,129,dc.scaffold.htb,Microsoft-Windows-TaskScheduler,Microsoft-Windows-TaskScheduler/Operational,825,4,,,,,%SystemRoot%\System32\dsregcmd.exe,16384,2688,,,,,\Microsoft\Windows\Workplace Join\Automatic-Device-Join,,,CreatedTaskProcess
2026-05-14T18:52:09.015696Z,100,dc.scaffold.htb,Microsoft-Windows-TaskScheduler,Microsoft-Windows-TaskScheduler/Operational,826,4,,,B1863E6F-1CF4-4A2E-91FB-36D1095804C1,,,,,,,,,\Microsoft\Windows\Workplace Join\Automatic-Device-Join,NT AUTHORITY\SYSTEM,,TaskStartEvent
2026-05-14T18:52:09.015698Z,200,dc.scaffold.htb,Microsoft-Windows-TaskScheduler,Microsoft-Windows-TaskScheduler/Operational,827,4,%SystemRoot%\System32\dsregcmd.exe,2688,,,,,,,,,B1863E6F-1CF4-4A2E-91FB-36D1095804C1,\Microsoft\Windows\Workplace Join\Automatic-Device-Join,,,ActionStart
2026-05-14T18:52:09.175089Z,129,dc.scaffold.htb,Microsoft-Windows-TaskScheduler,Microsoft-Windows-TaskScheduler/Operational,828,4,,,,,C:\Program Files\Windows Defender\MpCmdRun.exe,16384,2732,,,,,\Microsoft\Windows\Windows Defender\Windows Defender Verification,,,CreatedTaskProcess
2026-05-14T18:52:09.175467Z,100,dc.scaffold.htb,Microsoft-Windows-TaskScheduler,Microsoft-Windows-TaskScheduler/Operational,829,4,,,102349FB-E41C-4715-85DA-293C606B470D,,,,,,,,,\Microsoft\Windows\Windows Defender\Windows Defender Verification,NT AUTHORITY\SYSTEM,,TaskStartEvent
2026-05-14T18:52:09.175469Z,200,dc.scaffold.htb,Microsoft-Windows-TaskScheduler,Microsoft-Windows-TaskScheduler/Operational,830,4,C:\Program Files\Windows Defender\MpCmdRun.exe,2732,,,,,,,,,102349FB-E41C-4715-85DA-293C606B470D,\Microsoft\Windows\Windows Defender\Windows Defender Verification,,,ActionStart
2026-05-14T18:52:18.379952Z,118,dc.scaffold.htb,Microsoft-Windows-TaskScheduler,Microsoft-Windows-TaskScheduler/Operational,831,4,,,896B7801-AFAB-406E-A952-CCAA1EA4579F,,,,,,,,,\Microsoft\Windows\CertificateServicesClient\SystemTask,,,BootTrigger
2026-05-14T18:52:18.382630Z,129,dc.scaffold.htb,Microsoft-Windows-TaskScheduler,Microsoft-Windows-TaskScheduler/Operational,832,4,,,,,taskhostw.exe,16384,4576,,,,,\Microsoft\Windows\CertificateServicesClient\SystemTask,,,CreatedTaskProcess
2026-05-14T18:52:18.382827Z,100,dc.scaffold.htb,Microsoft-Windows-TaskScheduler,Microsoft-Windows-TaskScheduler/Operational,833,4,,,896B7801-AFAB-406E-A952-CCAA1EA4579F,,,,,,,,,\Microsoft\Windows\CertificateServicesClient\SystemTask,NT AUTHORITY\SYSTEM,,TaskStartEvent
2026-05-14T18:52:18.382830Z,200,dc.scaffold.htb,Microsoft-Windows-TaskScheduler,Microsoft-Windows-TaskScheduler/Operational,834,4,Certificate Services Client Task Handler,4576,,,,,,,,,896B7801-AFAB-406E-A952-CCAA1EA4579F,\Microsoft\Windows\CertificateServicesClient\SystemTask,,,ActionStart
2026-05-14T18:52:47.636534Z,201,dc.scaffold.htb,Microsoft-Windows-TaskScheduler,Microsoft-Windows-TaskScheduler/Operational,835,4,%SystemRoot%\System32\dsregcmd.exe,2688,,,,,,,0,,B1863E6F-1CF4-4A2E-91FB-36D1095804C1,\Microsoft\Windows\Workplace Join\Automatic-Device-Join,,,ActionSuccess
2026-05-14T18:52:47.636723Z,102,dc.scaffold.htb,Microsoft-Windows-TaskScheduler,Microsoft-Windows-TaskScheduler/Operational,836,4,,,B1863E6F-1CF4-4A2E-91FB-36D1095804C1,,,,,,,,,\Microsoft\Windows\Workplace Join\Automatic-Device-Join,NT AUTHORITY\SYSTEM,,TaskSuccessEvent
2026-05-14T18:52:48.142425Z,140,dc.scaffold.htb,Microsoft-Windows-TaskScheduler,Microsoft-Windows-TaskScheduler/Operational,837,4,,,,,,,,,,,,\Microsoft\Windows\SoftwareProtectionPlatform\SvcRestartTask,,SCAFFOLD\DC$,TaskUpdated
2026-05-14T18:52:57.237908Z,201,dc.scaffold.htb,Microsoft-Windows-TaskScheduler,Microsoft-Windows-TaskScheduler/Operational,838,4,Certificate Services Client Task Handler,4576,,,,,,,0,,896B7801-AFAB-406E-A952-CCAA1EA4579F,\Microsoft\Windows\CertificateServicesClient\SystemTask,,,ActionSuccess
2026-05-14T18:52:57.237909Z,102,dc.scaffold.htb,Microsoft-Windows-TaskScheduler,Microsoft-Windows-TaskScheduler/Operational,839,4,,,896B7801-AFAB-406E-A952-CCAA1EA4579F,,,,,,,,,\Microsoft\Windows\CertificateServicesClient\SystemTask,NT AUTHORITY\SYSTEM,,TaskSuccessEvent
2026-05-14T18:53:08.373341Z,118,dc.scaffold.htb,Microsoft-Windows-TaskScheduler,Microsoft-Windows-TaskScheduler/Operational,840,4,,,FCF38AD8-9FDA-4B30-B0DE-303A619B7A53,,,,,,,,,\Microsoft\Windows\Software Inventory Logging\Configuration,,,BootTrigger
2026-05-14T18:53:08.373738Z,118,dc.scaffold.htb,Microsoft-Windows-TaskScheduler,Microsoft-Windows-TaskScheduler/Operational,841,4,,,1072BB4D-494E-44C9-BDC0-0277214E04F7,,,,,,,,,\Microsoft\Windows\DirectX\DXGIAdapterCache,,,BootTrigger
2026-05-14T18:53:08.374681Z,129,dc.scaffold.htb,Microsoft-Windows-TaskScheduler,Microsoft-Windows-TaskScheduler/Operational,842,4,,,,,%systemroot%\system32\cmd.exe,16384,5904,,,,,\Microsoft\Windows\Software Inventory Logging\Configuration,,,CreatedTaskProcess
2026-05-14T18:53:08.374782Z,100,dc.scaffold.htb,Microsoft-Windows-TaskScheduler,Microsoft-Windows-TaskScheduler/Operational,843,4,,,FCF38AD8-9FDA-4B30-B0DE-303A619B7A53,,,,,,,,,\Microsoft\Windows\Software Inventory Logging\Configuration,NT AUTHORITY\SYSTEM,,TaskStartEvent
2026-05-14T18:53:08.374783Z,200,dc.scaffold.htb,Microsoft-Windows-TaskScheduler,Microsoft-Windows-TaskScheduler/Operational,844,4,%systemroot%\system32\cmd.exe,5904,,,,,,,,,FCF38AD8-9FDA-4B30-B0DE-303A619B7A53,\Microsoft\Windows\Software Inventory Logging\Configuration,,,ActionStart
2026-05-14T18:53:08.375430Z,129,dc.scaffold.htb,Microsoft-Windows-TaskScheduler,Microsoft-Windows-TaskScheduler/Operational,845,4,,,,,%windir%\system32\dxgiadaptercache.exe,16384,5912,,,,,\Microsoft\Windows\DirectX\DXGIAdapterCache,,,CreatedTaskProcess
2026-05-14T18:53:08.375637Z,100,dc.scaffold.htb,Microsoft-Windows-TaskScheduler,Microsoft-Windows-TaskScheduler/Operational,846,4,,,1072BB4D-494E-44C9-BDC0-0277214E04F7,,,,,,,,,\Microsoft\Windows\DirectX\DXGIAdapterCache,NT AUTHORITY\SYSTEM,,TaskStartEvent
2026-05-14T18:53:08.375638Z,200,dc.scaffold.htb,Microsoft-Windows-TaskScheduler,Microsoft-Windows-TaskScheduler/Operational,847,4,%windir%\system32\dxgiadaptercache.exe,5912,,,,,,,,,1072BB4D-494E-44C9-BDC0-0277214E04F7,\Microsoft\Windows\DirectX\DXGIAdapterCache,,,ActionStart
2026-05-14T18:53:08.394641Z,201,dc.scaffold.htb,Microsoft-Windows-TaskScheduler,Microsoft-Windows-TaskScheduler/Operational,848,4,%windir%\system32\dxgiadaptercache.exe,5912,,,,,,,0,,1072BB4D-494E-44C9-BDC0-0277214E04F7,\Microsoft\Windows\DirectX\DXGIAdapterCache,,,ActionSuccess
2026-05-14T18:53:08.394784Z,102,dc.scaffold.htb,Microsoft-Windows-TaskScheduler,Microsoft-Windows-TaskScheduler/Operational,849,4,,,1072BB4D-494E-44C9-BDC0-0277214E04F7,,,,,,,,,\Microsoft\Windows\DirectX\DXGIAdapterCache,NT AUTHORITY\SYSTEM,,TaskSuccessEvent
2026-05-14T18:53:08.430723Z,201,dc.scaffold.htb,Microsoft-Windows-TaskScheduler,Microsoft-Windows-TaskScheduler/Operational,850,4,%systemroot%\system32\cmd.exe,5904,,,,,,,0,,FCF38AD8-9FDA-4B30-B0DE-303A619B7A53,\Microsoft\Windows\Software Inventory Logging\Configuration,,,ActionSuccess
2026-05-14T18:53:08.430894Z,102,dc.scaffold.htb,Microsoft-Windows-TaskScheduler,Microsoft-Windows-TaskScheduler/Operational,851,4,,,FCF38AD8-9FDA-4B30-B0DE-303A619B7A53,,,,,,,,,\Microsoft\Windows\Software Inventory Logging\Configuration,NT AUTHORITY\SYSTEM,,TaskSuccessEvent
2026-05-14T18:53:26.756254Z,119,dc.scaffold.htb,Microsoft-Windows-TaskScheduler,Microsoft-Windows-TaskScheduler/Operational,852,4,,,64F9A820-C06E-4282-84D8-97344354972C,,,,,,,,,\Microsoft\Windows\Server Manager\ServerManager,,SCAFFOLD\Administrator,LogonTrigger
2026-05-14T18:53:26.756664Z,119,dc.scaffold.htb,Microsoft-Windows-TaskScheduler,Microsoft-Windows-TaskScheduler/Operational,853,4,,,1D5DCCB9-EEF9-4F1C-8050-229EEAD9986F,,,,,,,,,\Microsoft\Windows\TextServicesFramework\MsCtfMonitor,,SCAFFOLD\Administrator,LogonTrigger
2026-05-14T18:53:26.758389Z,119,dc.scaffold.htb,Microsoft-Windows-TaskScheduler,Microsoft-Windows-TaskScheduler/Operational,854,4,,,20D6DDEC-9D39-4295-807D-A8D4AA67046B,,,,,,,,,\Microsoft\Windows\CertificateServicesClient\UserTask,,SCAFFOLD\Administrator,LogonTrigger
2026-05-14T18:53:26.759207Z,129,dc.scaffold.htb,Microsoft-Windows-TaskScheduler,Microsoft-Windows-TaskScheduler/Operational,855,4,,,,,%windir%\system32\ServerManagerLauncher.exe,32,5088,,,,,\Microsoft\Windows\Server Manager\ServerManager,,,CreatedTaskProcess
2026-05-14T18:53:26.759498Z,129,dc.scaffold.htb,Microsoft-Windows-TaskScheduler,Microsoft-Windows-TaskScheduler/Operational,856,4,,,,,taskhostw.exe,32,4980,,,,,\Microsoft\Windows\TextServicesFramework\MsCtfMonitor,,,CreatedTaskProcess
2026-05-14T18:53:26.759609Z,100,dc.scaffold.htb,Microsoft-Windows-TaskScheduler,Microsoft-Windows-TaskScheduler/Operational,857,4,,,64F9A820-C06E-4282-84D8-97344354972C,,,,,,,,,\Microsoft\Windows\Server Manager\ServerManager,SCAFFOLD\Administrator,,TaskStartEvent
2026-05-14T18:53:26.759611Z,200,dc.scaffold.htb,Microsoft-Windows-TaskScheduler,Microsoft-Windows-TaskScheduler/Operational,858,4,%windir%\system32\ServerManagerLauncher.exe,5088,,,,,,,,,64F9A820-C06E-4282-84D8-97344354972C,\Microsoft\Windows\Server Manager\ServerManager,,,ActionStart
2026-05-14T18:53:26.759732Z,100,dc.scaffold.htb,Microsoft-Windows-TaskScheduler,Microsoft-Windows-TaskScheduler/Operational,859,4,,,1D5DCCB9-EEF9-4F1C-8050-229EEAD9986F,,,,,,,,,\Microsoft\Windows\TextServicesFramework\MsCtfMonitor,SCAFFOLD\Administrator,,TaskStartEvent
2026-05-14T18:53:26.759733Z,200,dc.scaffold.htb,Microsoft-Windows-TaskScheduler,Microsoft-Windows-TaskScheduler/Operational,860,4,MsCtfMonitor task handler,4980,,,,,,,,,1D5DCCB9-EEF9-4F1C-8050-229EEAD9986F,\Microsoft\Windows\TextServicesFramework\MsCtfMonitor,,,ActionStart
2026-05-14T18:53:26.761668Z,119,dc.scaffold.htb,Microsoft-Windows-TaskScheduler,Microsoft-Windows-TaskScheduler/Operational,861,4,,,52E9D024-A088-4014-A7A1-4CC0812DE5A9,,,,,,,,,\Microsoft\Windows\WindowsColorSystem\Calibration Loader,,SCAFFOLD\Administrator,LogonTrigger
2026-05-14T18:53:26.763043Z,119,dc.scaffold.htb,Microsoft-Windows-TaskScheduler,Microsoft-Windows-TaskScheduler/Operational,862,4,,,AB0A412B-DAB0-4C86-9A7D-E9F1429648FF,,,,,,,,,\Microsoft\Windows\Wininet\CacheTask,,SCAFFOLD\Administrator,LogonTrigger
2026-05-14T18:53:26.763146Z,100,dc.scaffold.htb,Microsoft-Windows-TaskScheduler,Microsoft-Windows-TaskScheduler/Operational,863,4,,,AB0A412B-DAB0-4C86-9A7D-E9F1429648FF,,,,,,,,,\Microsoft\Windows\Wininet\CacheTask,SCAFFOLD\Administrator,,TaskStartEvent
2026-05-14T18:53:26.763147Z,200,dc.scaffold.htb,Microsoft-Windows-TaskScheduler,Microsoft-Windows-TaskScheduler/Operational,864,4,Wininet Cache task object,4980,,,,,,,,,AB0A412B-DAB0-4C86-9A7D-E9F1429648FF,\Microsoft\Windows\Wininet\CacheTask,,,ActionStart
2026-05-14T18:53:26.763543Z,119,dc.scaffold.htb,Microsoft-Windows-TaskScheduler,Microsoft-Windows-TaskScheduler/Operational,865,4,,,BAFFA17E-1037-4B04-8489-777A2DA4DF8F,,,,,,,,,\MicrosoftEdgeUpdateTaskMachineCore,,SCAFFOLD\Administrator,LogonTrigger
2026-05-14T18:53:26.765839Z,119,dc.scaffold.htb,Microsoft-Windows-TaskScheduler,Microsoft-Windows-TaskScheduler/Operational,866,4,,,8B17012C-68F8-4460-A681-93B10151F112,,,,,,,,,\Microsoft\Windows\Plug and Play\Device Install Reboot Required,,SCAFFOLD\Administrator,LogonTrigger
2026-05-14T18:53:26.768688Z,129,dc.scaffold.htb,Microsoft-Windows-TaskScheduler,Microsoft-Windows-TaskScheduler/Operational,867,4,,,,,taskhostw.exe,32,1052,,,,,\Microsoft\Windows\WindowsColorSystem\Calibration Loader,,,CreatedTaskProcess
2026-05-14T18:53:26.769410Z,100,dc.scaffold.htb,Microsoft-Windows-TaskScheduler,Microsoft-Windows-TaskScheduler/Operational,868,4,,,52E9D024-A088-4014-A7A1-4CC0812DE5A9,,,,,,,,,\Microsoft\Windows\WindowsColorSystem\Calibration Loader,SCAFFOLD\Administrator,,TaskStartEvent
2026-05-14T18:53:26.769411Z,200,dc.scaffold.htb,Microsoft-Windows-TaskScheduler,Microsoft-Windows-TaskScheduler/Operational,869,4,Color Calibration Loader,1052,,,,,,,,,52E9D024-A088-4014-A7A1-4CC0812DE5A9,\Microsoft\Windows\WindowsColorSystem\Calibration Loader,,,ActionStart
2026-05-14T18:53:26.801340Z,129,dc.scaffold.htb,Microsoft-Windows-TaskScheduler,Microsoft-Windows-TaskScheduler/Operational,870,4,,,,,C:\Program Files (x86)\Microsoft\EdgeUpdate\MicrosoftEdgeUpdate.exe,32,1204,,,,,\MicrosoftEdgeUpdateTaskMachineCore,,,CreatedTaskProcess
2026-05-14T18:53:26.801548Z,100,dc.scaffold.htb,Microsoft-Windows-TaskScheduler,Microsoft-Windows-TaskScheduler/Operational,871,4,,,BAFFA17E-1037-4B04-8489-777A2DA4DF8F,,,,,,,,,\MicrosoftEdgeUpdateTaskMachineCore,NT AUTHORITY\SYSTEM,,TaskStartEvent
2026-05-14T18:53:26.801550Z,200,dc.scaffold.htb,Microsoft-Windows-TaskScheduler,Microsoft-Windows-TaskScheduler/Operational,872,4,C:\Program Files (x86)\Microsoft\EdgeUpdate\MicrosoftEdgeUpdate.exe,1204,,,,,,,,,BAFFA17E-1037-4B04-8489-777A2DA4DF8F,\MicrosoftEdgeUpdateTaskMachineCore,,,ActionStart
2026-05-14T18:53:26.814550Z,201,dc.scaffold.htb,Microsoft-Windows-TaskScheduler,Microsoft-Windows-TaskScheduler/Operational,873,4,MsCtfMonitor task handler,4980,,,,,,,0,,1D5DCCB9-EEF9-4F1C-8050-229EEAD9986F,\Microsoft\Windows\TextServicesFramework\MsCtfMonitor,,,ActionSuccess
2026-05-14T18:53:26.814552Z,102,dc.scaffold.htb,Microsoft-Windows-TaskScheduler,Microsoft-Windows-TaskScheduler/Operational,874,4,,,1D5DCCB9-EEF9-4F1C-8050-229EEAD9986F,,,,,,,,,\Microsoft\Windows\TextServicesFramework\MsCtfMonitor,SCAFFOLD\Administrator,,TaskSuccessEvent
2026-05-14T18:53:26.875130Z,100,dc.scaffold.htb,Microsoft-Windows-TaskScheduler,Microsoft-Windows-TaskScheduler/Operational,875,4,,,20D6DDEC-9D39-4295-807D-A8D4AA67046B,,,,,,,,,\Microsoft\Windows\CertificateServicesClient\UserTask,SCAFFOLD\Administrator,,TaskStartEvent
2026-05-14T18:53:26.875131Z,200,dc.scaffold.htb,Microsoft-Windows-TaskScheduler,Microsoft-Windows-TaskScheduler/Operational,876,4,Certificate Services Client Task Handler,1052,,,,,,,,,20D6DDEC-9D39-4295-807D-A8D4AA67046B,\Microsoft\Windows\CertificateServicesClient\UserTask,,,ActionStart
2026-05-14T18:53:26.877063Z,129,dc.scaffold.htb,Microsoft-Windows-TaskScheduler,Microsoft-Windows-TaskScheduler/Operational,877,4,,,,,taskhostw.exe,32,5948,,,,,\Microsoft\Windows\Plug and Play\Device Install Reboot Required,,,CreatedTaskProcess
2026-05-14T18:53:26.877487Z,100,dc.scaffold.htb,Microsoft-Windows-TaskScheduler,Microsoft-Windows-TaskScheduler/Operational,878,4,,,8B17012C-68F8-4460-A681-93B10151F112,,,,,,,,,\Microsoft\Windows\Plug and Play\Device Install Reboot Required,SCAFFOLD\Administrator,,TaskStartEvent
2026-05-14T18:53:26.877490Z,200,dc.scaffold.htb,Microsoft-Windows-TaskScheduler,Microsoft-Windows-TaskScheduler/Operational,879,4,Device Installation Reboot Dialog Task,5948,,,,,,,,,8B17012C-68F8-4460-A681-93B10151F112,\Microsoft\Windows\Plug and Play\Device Install Reboot Required,,,ActionStart
2026-05-14T18:53:27.064070Z,141,dc.scaffold.htb,Microsoft-Windows-TaskScheduler,Microsoft-Windows-TaskScheduler/Operational,880,4,,,,,,,,,,,,\CreateExplorerShellUnelevatedTask,,SCAFFOLD\Administrator,TaskDeleted
2026-05-14T18:53:27.070677Z,106,dc.scaffold.htb,Microsoft-Windows-TaskScheduler,Microsoft-Windows-TaskScheduler/Operational,881,4,,,,,,,,,,,,\CreateExplorerShellUnelevatedTask,SCAFFOLD\Administrator,,TaskRegisteredEvent
2026-05-14T18:53:27.070679Z,140,dc.scaffold.htb,Microsoft-Windows-TaskScheduler,Microsoft-Windows-TaskScheduler/Operational,882,4,,,,,,,,,,,,\CreateExplorerShellUnelevatedTask,,SCAFFOLD\Administrator,TaskUpdated
2026-05-14T18:53:27.071022Z,109,dc.scaffold.htb,Microsoft-Windows-TaskScheduler,Microsoft-Windows-TaskScheduler/Operational,883,4,,,913E2E30-EEDB-47A2-A45A-F759653D33CD,,,,,,,,,\CreateExplorerShellUnelevatedTask,,,RegistrationTriggerEvent
2026-05-14T18:53:27.073844Z,129,dc.scaffold.htb,Microsoft-Windows-TaskScheduler,Microsoft-Windows-TaskScheduler/Operational,884,4,,,,,C:\Windows\Explorer.EXE,32,3124,,,,,\CreateExplorerShellUnelevatedTask,,,CreatedTaskProcess
2026-05-14T18:53:27.074162Z,100,dc.scaffold.htb,Microsoft-Windows-TaskScheduler,Microsoft-Windows-TaskScheduler/Operational,885,4,,,913E2E30-EEDB-47A2-A45A-F759653D33CD,,,,,,,,,\CreateExplorerShellUnelevatedTask,SCAFFOLD\Administrator,,TaskStartEvent
2026-05-14T18:53:27.074164Z,200,dc.scaffold.htb,Microsoft-Windows-TaskScheduler,Microsoft-Windows-TaskScheduler/Operational,886,4,C:\Windows\Explorer.EXE,3124,,,,,,,,,913E2E30-EEDB-47A2-A45A-F759653D33CD,\CreateExplorerShellUnelevatedTask,,,ActionStart
2026-05-14T18:53:27.165621Z,201,dc.scaffold.htb,Microsoft-Windows-TaskScheduler,Microsoft-Windows-TaskScheduler/Operational,887,4,Certificate Services Client Task Handler,1052,,,,,,,0,,20D6DDEC-9D39-4295-807D-A8D4AA67046B,\Microsoft\Windows\CertificateServicesClient\UserTask,,,ActionSuccess
2026-05-14T18:53:27.165624Z,102,dc.scaffold.htb,Microsoft-Windows-TaskScheduler,Microsoft-Windows-TaskScheduler/Operational,888,4,,,20D6DDEC-9D39-4295-807D-A8D4AA67046B,,,,,,,,,\Microsoft\Windows\CertificateServicesClient\UserTask,SCAFFOLD\Administrator,,TaskSuccessEvent
2026-05-14T18:53:27.269815Z,201,dc.scaffold.htb,Microsoft-Windows-TaskScheduler,Microsoft-Windows-TaskScheduler/Operational,889,4,Device Installation Reboot Dialog Task,5948,,,,,,,0,,8B17012C-68F8-4460-A681-93B10151F112,\Microsoft\Windows\Plug and Play\Device Install Reboot Required,,,ActionSuccess
2026-05-14T18:53:27.269816Z,102,dc.scaffold.htb,Microsoft-Windows-TaskScheduler,Microsoft-Windows-TaskScheduler/Operational,890,4,,,8B17012C-68F8-4460-A681-93B10151F112,,,,,,,,,\Microsoft\Windows\Plug and Play\Device Install Reboot Required,SCAFFOLD\Administrator,,TaskSuccessEvent
2026-05-14T18:53:27.336468Z,201,dc.scaffold.htb,Microsoft-Windows-TaskScheduler,Microsoft-Windows-TaskScheduler/Operational,891,4,Color Calibration Loader,1052,,,,,,,0,,52E9D024-A088-4014-A7A1-4CC0812DE5A9,\Microsoft\Windows\WindowsColorSystem\Calibration Loader,,,ActionSuccess
2026-05-14T18:53:27.336471Z,102,dc.scaffold.htb,Microsoft-Windows-TaskScheduler,Microsoft-Windows-TaskScheduler/Operational,892,4,,,52E9D024-A088-4014-A7A1-4CC0812DE5A9,,,,,,,,,\Microsoft\Windows\WindowsColorSystem\Calibration Loader,SCAFFOLD\Administrator,,TaskSuccessEvent
2026-05-14T18:53:28.836070Z,201,dc.scaffold.htb,Microsoft-Windows-TaskScheduler,Microsoft-Windows-TaskScheduler/Operational,893,4,%windir%\system32\ServerManagerLauncher.exe,5088,,,,,,,0,,64F9A820-C06E-4282-84D8-97344354972C,\Microsoft\Windows\Server Manager\ServerManager,,,ActionSuccess
2026-05-14T18:53:28.836954Z,102,dc.scaffold.htb,Microsoft-Windows-TaskScheduler,Microsoft-Windows-TaskScheduler/Operational,894,4,,,64F9A820-C06E-4282-84D8-97344354972C,,,,,,,,,\Microsoft\Windows\Server Manager\ServerManager,SCAFFOLD\Administrator,,TaskSuccessEvent
2026-05-14T18:53:35.679295Z,201,dc.scaffold.htb,Microsoft-Windows-TaskScheduler,Microsoft-Windows-TaskScheduler/Operational,895,4,C:\Program Files\Windows Defender\MpCmdRun.exe,2732,,,,,,,0,,102349FB-E41C-4715-85DA-293C606B470D,\Microsoft\Windows\Windows Defender\Windows Defender Verification,,,ActionSuccess
2026-05-14T18:53:35.679523Z,102,dc.scaffold.htb,Microsoft-Windows-TaskScheduler,Microsoft-Windows-TaskScheduler/Operational,896,4,,,102349FB-E41C-4715-85DA-293C606B470D,,,,,,,,,\Microsoft\Windows\Windows Defender\Windows Defender Verification,NT AUTHORITY\SYSTEM,,TaskSuccessEvent
2026-05-14T18:53:57.261427Z,119,dc.scaffold.htb,Microsoft-Windows-TaskScheduler,Microsoft-Windows-TaskScheduler/Operational,897,4,,,02F9BE5F-D9FE-4B58-BC2A-F9E93A811FC4,,,,,,,,,\Microsoft\Windows\International\Synchronize Language Settings,,SCAFFOLD\Administrator,LogonTrigger
2026-05-14T18:53:57.264203Z,129,dc.scaffold.htb,Microsoft-Windows-TaskScheduler,Microsoft-Windows-TaskScheduler/Operational,898,4,,,,,taskhostw.exe,32,3480,,,,,\Microsoft\Windows\International\Synchronize Language Settings,,,CreatedTaskProcess
2026-05-14T18:53:57.264548Z,100,dc.scaffold.htb,Microsoft-Windows-TaskScheduler,Microsoft-Windows-TaskScheduler/Operational,899,4,,,02F9BE5F-D9FE-4B58-BC2A-F9E93A811FC4,,,,,,,,,\Microsoft\Windows\International\Synchronize Language Settings,SCAFFOLD\Administrator,,TaskStartEvent
2026-05-14T18:53:57.264550Z,200,dc.scaffold.htb,Microsoft-Windows-TaskScheduler,Microsoft-Windows-TaskScheduler/Operational,900,4,Sync Language Data From Cloud Task,3480,,,,,,,,,02F9BE5F-D9FE-4B58-BC2A-F9E93A811FC4,\Microsoft\Windows\International\Synchronize Language Settings,,,ActionStart
2026-05-14T18:54:18.376618Z,140,dc.scaffold.htb,Microsoft-Windows-TaskScheduler,Microsoft-Windows-TaskScheduler/Operational,901,4,,,,,,,,,,,,\Microsoft\Windows\Application Experience\PcaPatchDbTask,,SCAFFOLD\DC$,TaskUpdated
2026-05-14T18:54:20.954420Z,140,dc.scaffold.htb,Microsoft-Windows-TaskScheduler,Microsoft-Windows-TaskScheduler/Operational,902,4,,,,,,,,,,,,\Microsoft\Windows\UpdateOrchestrator\Schedule Scan,,S-1-5-18,TaskUpdated
2026-05-14T18:54:20.975613Z,140,dc.scaffold.htb,Microsoft-Windows-TaskScheduler,Microsoft-Windows-TaskScheduler/Operational,903,4,,,,,,,,,,,,\Microsoft\Windows\UpdateOrchestrator\Schedule Scan,,SCAFFOLD\DC$,TaskUpdated
2026-05-14T18:54:27.260074Z,119,dc.scaffold.htb,Microsoft-Windows-TaskScheduler,Microsoft-Windows-TaskScheduler/Operational,904,4,,,427470EC-EF94-4BAA-8504-39682DC920AD,,,,,,,,,\Microsoft\Windows\Workplace Join\Automatic-Device-Join,,SCAFFOLD\Administrator,LogonTrigger
2026-05-14T18:54:27.263368Z,129,dc.scaffold.htb,Microsoft-Windows-TaskScheduler,Microsoft-Windows-TaskScheduler/Operational,905,4,,,,,%SystemRoot%\System32\dsregcmd.exe,16384,5636,,,,,\Microsoft\Windows\Workplace Join\Automatic-Device-Join,,,CreatedTaskProcess
2026-05-14T18:54:27.263660Z,100,dc.scaffold.htb,Microsoft-Windows-TaskScheduler,Microsoft-Windows-TaskScheduler/Operational,906,4,,,427470EC-EF94-4BAA-8504-39682DC920AD,,,,,,,,,\Microsoft\Windows\Workplace Join\Automatic-Device-Join,NT AUTHORITY\SYSTEM,,TaskStartEvent
2026-05-14T18:54:27.263663Z,200,dc.scaffold.htb,Microsoft-Windows-TaskScheduler,Microsoft-Windows-TaskScheduler/Operational,907,4,%SystemRoot%\System32\dsregcmd.exe,5636,,,,,,,,,427470EC-EF94-4BAA-8504-39682DC920AD,\Microsoft\Windows\Workplace Join\Automatic-Device-Join,,,ActionStart
2026-05-14T18:54:27.344053Z,201,dc.scaffold.htb,Microsoft-Windows-TaskScheduler,Microsoft-Windows-TaskScheduler/Operational,908,4,%SystemRoot%\System32\dsregcmd.exe,5636,,,,,,,2147942401,,427470EC-EF94-4BAA-8504-39682DC920AD,\Microsoft\Windows\Workplace Join\Automatic-Device-Join,,,ActionSuccess
2026-05-14T18:54:27.344135Z,102,dc.scaffold.htb,Microsoft-Windows-TaskScheduler,Microsoft-Windows-TaskScheduler/Operational,909,4,,,427470EC-EF94-4BAA-8504-39682DC920AD,,,,,,,,,\Microsoft\Windows\Workplace Join\Automatic-Device-Join,NT AUTHORITY\SYSTEM,,TaskSuccessEvent
2026-05-14T18:54:31.882252Z,202,dc.scaffold.htb,Microsoft-Windows-TaskScheduler,Microsoft-Windows-TaskScheduler/Operational,910,2,Sync Language Data From Cloud Task,3480,,,,,,,2147746053,,02F9BE5F-D9FE-4B58-BC2A-F9E93A811FC4,\Microsoft\Windows\International\Synchronize Language Settings,,,ActionFailure
2026-05-14T18:54:31.882258Z,103,dc.scaffold.htb,Microsoft-Windows-TaskScheduler,Microsoft-Windows-TaskScheduler/Operational,911,2,,,02F9BE5F-D9FE-4B58-BC2A-F9E93A811FC4,,,,,,2147746053,,,\Microsoft\Windows\International\Synchronize Language Settings,SCAFFOLD\Administrator,,TaskFailureEvent
2026-05-14T18:54:48.514062Z,140,dc.scaffold.htb,Microsoft-Windows-TaskScheduler,Microsoft-Windows-TaskScheduler/Operational,912,4,,,,,,,,,,,,\Microsoft\Windows\SoftwareProtectionPlatform\SvcRestartTask,,SCAFFOLD\DC$,TaskUpdated
2026-05-14T18:55:08.335812Z,118,dc.scaffold.htb,Microsoft-Windows-TaskScheduler,Microsoft-Windows-TaskScheduler/Operational,913,4,,,D76D16FB-8770-4F29-B37C-00DC581C9CB7,,,,,,,,,\Microsoft\Windows\Windows Error Reporting\QueueReporting,,,BootTrigger
2026-05-14T18:55:08.339468Z,129,dc.scaffold.htb,Microsoft-Windows-TaskScheduler,Microsoft-Windows-TaskScheduler/Operational,914,4,,,,,taskhostw.exe,16384,1728,,,,,\Microsoft\Windows\Flighting\FeatureConfig\ReconcileFeatures,,,CreatedTaskProcess
2026-05-14T18:55:08.339816Z,100,dc.scaffold.htb,Microsoft-Windows-TaskScheduler,Microsoft-Windows-TaskScheduler/Operational,915,4,,,303C1D60-0E57-4134-AB47-84A856DED2D6,,,,,,,,,\Microsoft\Windows\Flighting\FeatureConfig\ReconcileFeatures,NT AUTHORITY\SYSTEM,,TaskStartEvent
2026-05-14T18:55:08.339819Z,200,dc.scaffold.htb,Microsoft-Windows-TaskScheduler,Microsoft-Windows-TaskScheduler/Operational,916,4,Feature Configuration Reconciliation Task Handler,1728,,,,,,,,,303C1D60-0E57-4134-AB47-84A856DED2D6,\Microsoft\Windows\Flighting\FeatureConfig\ReconcileFeatures,,,ActionStart
2026-05-14T18:55:08.352189Z,129,dc.scaffold.htb,Microsoft-Windows-TaskScheduler,Microsoft-Windows-TaskScheduler/Operational,917,4,,,,,%windir%\system32\wermgr.exe,16384,2628,,,,,\Microsoft\Windows\Windows Error Reporting\QueueReporting,,,CreatedTaskProcess
2026-05-14T18:55:08.352317Z,100,dc.scaffold.htb,Microsoft-Windows-TaskScheduler,Microsoft-Windows-TaskScheduler/Operational,918,4,,,D76D16FB-8770-4F29-B37C-00DC581C9CB7,,,,,,,,,\Microsoft\Windows\Windows Error Reporting\QueueReporting,NT AUTHORITY\SYSTEM,,TaskStartEvent
2026-05-14T18:55:08.352319Z,200,dc.scaffold.htb,Microsoft-Windows-TaskScheduler,Microsoft-Windows-TaskScheduler/Operational,919,4,%windir%\system32\wermgr.exe,2628,,,,,,,,,D76D16FB-8770-4F29-B37C-00DC581C9CB7,\Microsoft\Windows\Windows Error Reporting\QueueReporting,,,ActionStart
2026-05-14T18:55:08.368782Z,201,dc.scaffold.htb,Microsoft-Windows-TaskScheduler,Microsoft-Windows-TaskScheduler/Operational,920,4,Feature Configuration Reconciliation Task Handler,1728,,,,,,,0,,303C1D60-0E57-4134-AB47-84A856DED2D6,\Microsoft\Windows\Flighting\FeatureConfig\ReconcileFeatures,,,ActionSuccess
2026-05-14T18:55:08.368783Z,102,dc.scaffold.htb,Microsoft-Windows-TaskScheduler,Microsoft-Windows-TaskScheduler/Operational,921,4,,,303C1D60-0E57-4134-AB47-84A856DED2D6,,,,,,,,,\Microsoft\Windows\Flighting\FeatureConfig\ReconcileFeatures,NT AUTHORITY\SYSTEM,,TaskSuccessEvent
2026-05-14T18:55:08.438259Z,201,dc.scaffold.htb,Microsoft-Windows-TaskScheduler,Microsoft-Windows-TaskScheduler/Operational,922,4,%windir%\system32\wermgr.exe,2628,,,,,,,0,,D76D16FB-8770-4F29-B37C-00DC581C9CB7,\Microsoft\Windows\Windows Error Reporting\QueueReporting,,,ActionSuccess
2026-05-14T18:55:08.438436Z,102,dc.scaffold.htb,Microsoft-Windows-TaskScheduler,Microsoft-Windows-TaskScheduler/Operational,923,4,,,D76D16FB-8770-4F29-B37C-00DC581C9CB7,,,,,,,,,\Microsoft\Windows\Windows Error Reporting\QueueReporting,NT AUTHORITY\SYSTEM,,TaskSuccessEvent
2026-05-14T18:55:28.374110Z,114,dc.scaffold.htb,Microsoft-Windows-TaskScheduler,Microsoft-Windows-TaskScheduler/Operational,924,3,,,EBD323DB-B1A5-457A-A5BA-A944CC738F06,,,,,,,,,\Microsoft\Windows\Windows Error Reporting\QueueReporting,,,MissedTaskLaunched
2026-05-14T18:55:28.374452Z,114,dc.scaffold.htb,Microsoft-Windows-TaskScheduler,Microsoft-Windows-TaskScheduler/Operational,925,3,,,EF98F674-8232-44FB-9726-C9FC841E7178,,,,,,,,,\Microsoft\Windows\Data Integrity Scan\Data Integrity Check And Scan,,,MissedTaskLaunched
2026-05-14T18:55:28.374645Z,114,dc.scaffold.htb,Microsoft-Windows-TaskScheduler,Microsoft-Windows-TaskScheduler/Operational,926,3,,,C3894487-1DB9-4F9E-809C-5FB79FBF6E9D,,,,,,,,,\MicrosoftEdgeUpdateTaskMachineCore,,,MissedTaskLaunched
2026-05-14T18:55:28.376082Z,114,dc.scaffold.htb,Microsoft-Windows-TaskScheduler,Microsoft-Windows-TaskScheduler/Operational,927,3,,,5CF07251-174D-44DF-ADC6-BDBA18836B99,,,,,,,,,\Microsoft\Windows\UpdateOrchestrator\USO_UxBroker,,,MissedTaskLaunched
2026-05-14T18:55:28.378531Z,114,dc.scaffold.htb,Microsoft-Windows-TaskScheduler,Microsoft-Windows-TaskScheduler/Operational,928,3,,,19D49213-D5FB-4AEE-B16A-521BFE790553,,,,,,,,,\Microsoft\Windows\Customer Experience Improvement Program\Consolidator,,,MissedTaskLaunched
2026-05-14T18:55:28.378734Z,129,dc.scaffold.htb,Microsoft-Windows-TaskScheduler,Microsoft-Windows-TaskScheduler/Operational,929,4,,,,,%windir%\system32\wermgr.exe,16384,1256,,,,,\Microsoft\Windows\Windows Error Reporting\QueueReporting,,,CreatedTaskProcess
2026-05-14T18:55:28.378865Z,100,dc.scaffold.htb,Microsoft-Windows-TaskScheduler,Microsoft-Windows-TaskScheduler/Operational,930,4,,,EBD323DB-B1A5-457A-A5BA-A944CC738F06,,,,,,,,,\Microsoft\Windows\Windows Error Reporting\QueueReporting,NT AUTHORITY\SYSTEM,,TaskStartEvent
2026-05-14T18:55:28.378868Z,200,dc.scaffold.htb,Microsoft-Windows-TaskScheduler,Microsoft-Windows-TaskScheduler/Operational,931,4,%windir%\system32\wermgr.exe,1256,,,,,,,,,EBD323DB-B1A5-457A-A5BA-A944CC738F06,\Microsoft\Windows\Windows Error Reporting\QueueReporting,,,ActionStart
2026-05-14T18:55:28.379020Z,129,dc.scaffold.htb,Microsoft-Windows-TaskScheduler,Microsoft-Windows-TaskScheduler/Operational,932,4,,,,,C:\Program Files (x86)\Microsoft\EdgeUpdate\MicrosoftEdgeUpdate.exe,32,2272,,,,,\MicrosoftEdgeUpdateTaskMachineCore,,,CreatedTaskProcess
2026-05-14T18:55:28.379088Z,100,dc.scaffold.htb,Microsoft-Windows-TaskScheduler,Microsoft-Windows-TaskScheduler/Operational,933,4,,,C3894487-1DB9-4F9E-809C-5FB79FBF6E9D,,,,,,,,,\MicrosoftEdgeUpdateTaskMachineCore,NT AUTHORITY\SYSTEM,,TaskStartEvent
2026-05-14T18:55:28.379089Z,200,dc.scaffold.htb,Microsoft-Windows-TaskScheduler,Microsoft-Windows-TaskScheduler/Operational,934,4,C:\Program Files (x86)\Microsoft\EdgeUpdate\MicrosoftEdgeUpdate.exe,2272,,,,,,,,,C3894487-1DB9-4F9E-809C-5FB79FBF6E9D,\MicrosoftEdgeUpdateTaskMachineCore,,,ActionStart
2026-05-14T18:55:28.379169Z,114,dc.scaffold.htb,Microsoft-Windows-TaskScheduler,Microsoft-Windows-TaskScheduler/Operational,935,3,,,F5594019-38AF-4D77-826C-B708963650C9,,,,,,,,,\Microsoft\Windows\Device Information\Device,,,MissedTaskLaunched
2026-05-14T18:55:28.379253Z,114,dc.scaffold.htb,Microsoft-Windows-TaskScheduler,Microsoft-Windows-TaskScheduler/Operational,936,3,,,E23F755C-DCC3-480E-9F77-D6A0FC6B6C19,,,,,,,,,\Microsoft\Windows\Application Experience\Microsoft Compatibility Appraiser,,,MissedTaskLaunched
2026-05-14T18:55:28.379488Z,129,dc.scaffold.htb,Microsoft-Windows-TaskScheduler,Microsoft-Windows-TaskScheduler/Operational,937,4,,,,,taskhostw.exe,16384,1404,,,,,\Microsoft\Windows\Data Integrity Scan\Data Integrity Check And Scan,,,CreatedTaskProcess
2026-05-14T18:55:28.379603Z,100,dc.scaffold.htb,Microsoft-Windows-TaskScheduler,Microsoft-Windows-TaskScheduler/Operational,938,4,,,EF98F674-8232-44FB-9726-C9FC841E7178,,,,,,,,,\Microsoft\Windows\Data Integrity Scan\Data Integrity Check And Scan,NT AUTHORITY\SYSTEM,,TaskStartEvent
