2026-05-17T16:17:04.845910Z,100,dc.scaffold.htb,Microsoft-Windows-TaskScheduler,Microsoft-Windows-TaskScheduler/Operational,2802,4,,,53A337B9-ED2A-4AF6-9C24-31DF7DD9607C,,,,,,,,,\Microsoft\Windows\WindowsColorSystem\Calibration Loader,SCAFFOLD\Administrator,,TaskStartEvent
2026-05-17T16:17:04.845912Z,200,dc.scaffold.htb,Microsoft-Windows-TaskScheduler,Microsoft-Windows-TaskScheduler/Operational,2803,4,Color Calibration Loader,3312,,,,,,,,,53A337B9-ED2A-4AF6-9C24-31DF7DD9607C,\Microsoft\Windows\WindowsColorSystem\Calibration Loader,,,ActionStart
2026-05-17T16:17:04.953543Z,100,dc.scaffold.htb,Microsoft-Windows-TaskScheduler,Microsoft-Windows-TaskScheduler/Operational,2804,4,,,0E91396E-1A1F-4E0D-AEDD-347499455D8B,,,,,,,,,\Microsoft\Windows\CertificateServicesClient\UserTask,SCAFFOLD\Administrator,,TaskStartEvent
2026-05-17T16:17:04.953544Z,200,dc.scaffold.htb,Microsoft-Windows-TaskScheduler,Microsoft-Windows-TaskScheduler/Operational,2805,4,Certificate Services Client Task Handler,3312,,,,,,,,,0E91396E-1A1F-4E0D-AEDD-347499455D8B,\Microsoft\Windows\CertificateServicesClient\UserTask,,,ActionStart
2026-05-17T16:17:04.955622Z,129,dc.scaffold.htb,Microsoft-Windows-TaskScheduler,Microsoft-Windows-TaskScheduler/Operational,2806,4,,,,,taskhostw.exe,32,4184,,,,,\Microsoft\Windows\Wininet\CacheTask,,,CreatedTaskProcess
2026-05-17T16:17:04.956374Z,100,dc.scaffold.htb,Microsoft-Windows-TaskScheduler,Microsoft-Windows-TaskScheduler/Operational,2807,4,,,54665B98-9A06-4300-944F-73B23FE8F52D,,,,,,,,,\Microsoft\Windows\Wininet\CacheTask,SCAFFOLD\Administrator,,TaskStartEvent
2026-05-17T16:17:04.956375Z,200,dc.scaffold.htb,Microsoft-Windows-TaskScheduler,Microsoft-Windows-TaskScheduler/Operational,2808,4,Wininet Cache task object,4184,,,,,,,,,54665B98-9A06-4300-944F-73B23FE8F52D,\Microsoft\Windows\Wininet\CacheTask,,,ActionStart
2026-05-17T16:17:04.964272Z,141,dc.scaffold.htb,Microsoft-Windows-TaskScheduler,Microsoft-Windows-TaskScheduler/Operational,2809,4,,,,,,,,,,,,\CreateExplorerShellUnelevatedTask,,SCAFFOLD\Administrator,TaskDeleted
2026-05-17T16:17:04.971765Z,106,dc.scaffold.htb,Microsoft-Windows-TaskScheduler,Microsoft-Windows-TaskScheduler/Operational,2810,4,,,,,,,,,,,,\CreateExplorerShellUnelevatedTask,SCAFFOLD\Administrator,,TaskRegisteredEvent
2026-05-17T16:17:04.971766Z,140,dc.scaffold.htb,Microsoft-Windows-TaskScheduler,Microsoft-Windows-TaskScheduler/Operational,2811,4,,,,,,,,,,,,\CreateExplorerShellUnelevatedTask,,SCAFFOLD\Administrator,TaskUpdated
2026-05-17T16:17:04.972082Z,109,dc.scaffold.htb,Microsoft-Windows-TaskScheduler,Microsoft-Windows-TaskScheduler/Operational,2812,4,,,CA9C7163-540B-4861-B5EF-08A3B5FEB98B,,,,,,,,,\CreateExplorerShellUnelevatedTask,,,RegistrationTriggerEvent
2026-05-17T16:17:04.976163Z,129,dc.scaffold.htb,Microsoft-Windows-TaskScheduler,Microsoft-Windows-TaskScheduler/Operational,2813,4,,,,,C:\Windows\Explorer.EXE,32,2128,,,,,\CreateExplorerShellUnelevatedTask,,,CreatedTaskProcess
2026-05-17T16:17:04.976399Z,100,dc.scaffold.htb,Microsoft-Windows-TaskScheduler,Microsoft-Windows-TaskScheduler/Operational,2814,4,,,CA9C7163-540B-4861-B5EF-08A3B5FEB98B,,,,,,,,,\CreateExplorerShellUnelevatedTask,SCAFFOLD\Administrator,,TaskStartEvent
2026-05-17T16:17:04.976400Z,200,dc.scaffold.htb,Microsoft-Windows-TaskScheduler,Microsoft-Windows-TaskScheduler/Operational,2815,4,C:\Windows\Explorer.EXE,2128,,,,,,,,,CA9C7163-540B-4861-B5EF-08A3B5FEB98B,\CreateExplorerShellUnelevatedTask,,,ActionStart
2026-05-17T16:17:05.051678Z,201,dc.scaffold.htb,Microsoft-Windows-TaskScheduler,Microsoft-Windows-TaskScheduler/Operational,2816,4,Device Installation Reboot Dialog Task,5656,,,,,,,0,,F93977EB-A8A6-4AE4-8DF2-E83B47D47964,\Microsoft\Windows\Plug and Play\Device Install Reboot Required,,,ActionSuccess
2026-05-17T16:17:05.051679Z,102,dc.scaffold.htb,Microsoft-Windows-TaskScheduler,Microsoft-Windows-TaskScheduler/Operational,2817,4,,,F93977EB-A8A6-4AE4-8DF2-E83B47D47964,,,,,,,,,\Microsoft\Windows\Plug and Play\Device Install Reboot Required,SCAFFOLD\Administrator,,TaskSuccessEvent
2026-05-17T16:17:05.115110Z,201,dc.scaffold.htb,Microsoft-Windows-TaskScheduler,Microsoft-Windows-TaskScheduler/Operational,2818,4,Certificate Services Client Task Handler,3312,,,,,,,0,,0E91396E-1A1F-4E0D-AEDD-347499455D8B,\Microsoft\Windows\CertificateServicesClient\UserTask,,,ActionSuccess
2026-05-17T16:17:05.115111Z,102,dc.scaffold.htb,Microsoft-Windows-TaskScheduler,Microsoft-Windows-TaskScheduler/Operational,2819,4,,,0E91396E-1A1F-4E0D-AEDD-347499455D8B,,,,,,,,,\Microsoft\Windows\CertificateServicesClient\UserTask,SCAFFOLD\Administrator,,TaskSuccessEvent
2026-05-17T16:17:05.210478Z,201,dc.scaffold.htb,Microsoft-Windows-TaskScheduler,Microsoft-Windows-TaskScheduler/Operational,2820,4,Color Calibration Loader,3312,,,,,,,0,,53A337B9-ED2A-4AF6-9C24-31DF7DD9607C,\Microsoft\Windows\WindowsColorSystem\Calibration Loader,,,ActionSuccess
2026-05-17T16:17:05.210480Z,102,dc.scaffold.htb,Microsoft-Windows-TaskScheduler,Microsoft-Windows-TaskScheduler/Operational,2821,4,,,53A337B9-ED2A-4AF6-9C24-31DF7DD9607C,,,,,,,,,\Microsoft\Windows\WindowsColorSystem\Calibration Loader,SCAFFOLD\Administrator,,TaskSuccessEvent
2026-05-17T16:17:06.000021Z,201,dc.scaffold.htb,Microsoft-Windows-TaskScheduler,Microsoft-Windows-TaskScheduler/Operational,2822,4,%windir%\system32\ServerManagerLauncher.exe,468,,,,,,,0,,69E6C13F-6261-4281-B85A-2DC65EEF182A,\Microsoft\Windows\Server Manager\ServerManager,,,ActionSuccess
2026-05-17T16:17:06.000826Z,102,dc.scaffold.htb,Microsoft-Windows-TaskScheduler,Microsoft-Windows-TaskScheduler/Operational,2823,4,,,69E6C13F-6261-4281-B85A-2DC65EEF182A,,,,,,,,,\Microsoft\Windows\Server Manager\ServerManager,SCAFFOLD\Administrator,,TaskSuccessEvent
2026-05-17T16:17:15.997519Z,140,dc.scaffold.htb,Microsoft-Windows-TaskScheduler,Microsoft-Windows-TaskScheduler/Operational,2824,4,,,,,,,,,,,,\Microsoft\Windows\Application Experience\PcaPatchDbTask,,SCAFFOLD\DC$,TaskUpdated
2026-05-17T16:17:18.369410Z,140,dc.scaffold.htb,Microsoft-Windows-TaskScheduler,Microsoft-Windows-TaskScheduler/Operational,2825,4,,,,,,,,,,,,\Microsoft\Windows\UpdateOrchestrator\Schedule Scan,,S-1-5-18,TaskUpdated
2026-05-17T16:17:18.390517Z,140,dc.scaffold.htb,Microsoft-Windows-TaskScheduler,Microsoft-Windows-TaskScheduler/Operational,2826,4,,,,,,,,,,,,\Microsoft\Windows\UpdateOrchestrator\Schedule Scan,,SCAFFOLD\DC$,TaskUpdated
2026-05-17T16:17:35.247833Z,119,dc.scaffold.htb,Microsoft-Windows-TaskScheduler,Microsoft-Windows-TaskScheduler/Operational,2827,4,,,ECE826D2-5127-430D-9E1E-CBD75A0D28E3,,,,,,,,,\Microsoft\Windows\International\Synchronize Language Settings,,SCAFFOLD\Administrator,LogonTrigger
2026-05-17T16:17:35.249059Z,129,dc.scaffold.htb,Microsoft-Windows-TaskScheduler,Microsoft-Windows-TaskScheduler/Operational,2828,4,,,,,taskhostw.exe,32,3148,,,,,\Microsoft\Windows\International\Synchronize Language Settings,,,CreatedTaskProcess
2026-05-17T16:17:35.249258Z,100,dc.scaffold.htb,Microsoft-Windows-TaskScheduler,Microsoft-Windows-TaskScheduler/Operational,2829,4,,,ECE826D2-5127-430D-9E1E-CBD75A0D28E3,,,,,,,,,\Microsoft\Windows\International\Synchronize Language Settings,SCAFFOLD\Administrator,,TaskStartEvent
2026-05-17T16:17:35.249260Z,200,dc.scaffold.htb,Microsoft-Windows-TaskScheduler,Microsoft-Windows-TaskScheduler/Operational,2830,4,Sync Language Data From Cloud Task,3148,,,,,,,,,ECE826D2-5127-430D-9E1E-CBD75A0D28E3,\Microsoft\Windows\International\Synchronize Language Settings,,,ActionStart
2026-05-17T16:18:05.249830Z,118,dc.scaffold.htb,Microsoft-Windows-TaskScheduler,Microsoft-Windows-TaskScheduler/Operational,2831,4,,,BB4A13ED-759E-497F-9D53-B2F3E44EDDA3,,,,,,,,,\Microsoft\Windows\Windows Error Reporting\QueueReporting,,,BootTrigger
2026-05-17T16:18:05.250987Z,119,dc.scaffold.htb,Microsoft-Windows-TaskScheduler,Microsoft-Windows-TaskScheduler/Operational,2832,4,,,51DF6077-EB96-4EDD-8637-D4ED80F1C14B,,,,,,,,,\Microsoft\Windows\Workplace Join\Automatic-Device-Join,,SCAFFOLD\Administrator,LogonTrigger
2026-05-17T16:18:05.254707Z,129,dc.scaffold.htb,Microsoft-Windows-TaskScheduler,Microsoft-Windows-TaskScheduler/Operational,2833,4,,,,,%SystemRoot%\System32\dsregcmd.exe,16384,4232,,,,,\Microsoft\Windows\Workplace Join\Automatic-Device-Join,,,CreatedTaskProcess
2026-05-17T16:18:05.254831Z,100,dc.scaffold.htb,Microsoft-Windows-TaskScheduler,Microsoft-Windows-TaskScheduler/Operational,2834,4,,,51DF6077-EB96-4EDD-8637-D4ED80F1C14B,,,,,,,,,\Microsoft\Windows\Workplace Join\Automatic-Device-Join,NT AUTHORITY\SYSTEM,,TaskStartEvent
2026-05-17T16:18:05.254832Z,200,dc.scaffold.htb,Microsoft-Windows-TaskScheduler,Microsoft-Windows-TaskScheduler/Operational,2835,4,%SystemRoot%\System32\dsregcmd.exe,4232,,,,,,,,,51DF6077-EB96-4EDD-8637-D4ED80F1C14B,\Microsoft\Windows\Workplace Join\Automatic-Device-Join,,,ActionStart
2026-05-17T16:18:05.266019Z,129,dc.scaffold.htb,Microsoft-Windows-TaskScheduler,Microsoft-Windows-TaskScheduler/Operational,2836,4,,,,,%windir%\system32\wermgr.exe,16384,2464,,,,,\Microsoft\Windows\Windows Error Reporting\QueueReporting,,,CreatedTaskProcess
2026-05-17T16:18:05.266145Z,100,dc.scaffold.htb,Microsoft-Windows-TaskScheduler,Microsoft-Windows-TaskScheduler/Operational,2837,4,,,BB4A13ED-759E-497F-9D53-B2F3E44EDDA3,,,,,,,,,\Microsoft\Windows\Windows Error Reporting\QueueReporting,NT AUTHORITY\SYSTEM,,TaskStartEvent
2026-05-17T16:18:05.266147Z,200,dc.scaffold.htb,Microsoft-Windows-TaskScheduler,Microsoft-Windows-TaskScheduler/Operational,2838,4,%windir%\system32\wermgr.exe,2464,,,,,,,,,BB4A13ED-759E-497F-9D53-B2F3E44EDDA3,\Microsoft\Windows\Windows Error Reporting\QueueReporting,,,ActionStart
2026-05-17T16:18:05.308103Z,201,dc.scaffold.htb,Microsoft-Windows-TaskScheduler,Microsoft-Windows-TaskScheduler/Operational,2839,4,%SystemRoot%\System32\dsregcmd.exe,4232,,,,,,,2147942401,,51DF6077-EB96-4EDD-8637-D4ED80F1C14B,\Microsoft\Windows\Workplace Join\Automatic-Device-Join,,,ActionSuccess
2026-05-17T16:18:05.308198Z,102,dc.scaffold.htb,Microsoft-Windows-TaskScheduler,Microsoft-Windows-TaskScheduler/Operational,2840,4,,,51DF6077-EB96-4EDD-8637-D4ED80F1C14B,,,,,,,,,\Microsoft\Windows\Workplace Join\Automatic-Device-Join,NT AUTHORITY\SYSTEM,,TaskSuccessEvent
2026-05-17T16:18:06.292792Z,129,dc.scaffold.htb,Microsoft-Windows-TaskScheduler,Microsoft-Windows-TaskScheduler/Operational,2841,4,,,,,taskhostw.exe,16384,2996,,,,,\Microsoft\Windows\Flighting\FeatureConfig\ReconcileFeatures,,,CreatedTaskProcess
2026-05-17T16:18:06.293124Z,100,dc.scaffold.htb,Microsoft-Windows-TaskScheduler,Microsoft-Windows-TaskScheduler/Operational,2842,4,,,2D8E21AE-C7AB-498B-9B3D-32729E14813E,,,,,,,,,\Microsoft\Windows\Flighting\FeatureConfig\ReconcileFeatures,NT AUTHORITY\SYSTEM,,TaskStartEvent
2026-05-17T16:18:06.293128Z,200,dc.scaffold.htb,Microsoft-Windows-TaskScheduler,Microsoft-Windows-TaskScheduler/Operational,2843,4,Feature Configuration Reconciliation Task Handler,2996,,,,,,,,,2D8E21AE-C7AB-498B-9B3D-32729E14813E,\Microsoft\Windows\Flighting\FeatureConfig\ReconcileFeatures,,,ActionStart
2026-05-17T16:18:06.329378Z,201,dc.scaffold.htb,Microsoft-Windows-TaskScheduler,Microsoft-Windows-TaskScheduler/Operational,2844,4,Feature Configuration Reconciliation Task Handler,2996,,,,,,,0,,2D8E21AE-C7AB-498B-9B3D-32729E14813E,\Microsoft\Windows\Flighting\FeatureConfig\ReconcileFeatures,,,ActionSuccess
2026-05-17T16:18:06.329379Z,102,dc.scaffold.htb,Microsoft-Windows-TaskScheduler,Microsoft-Windows-TaskScheduler/Operational,2845,4,,,2D8E21AE-C7AB-498B-9B3D-32729E14813E,,,,,,,,,\Microsoft\Windows\Flighting\FeatureConfig\ReconcileFeatures,NT AUTHORITY\SYSTEM,,TaskSuccessEvent
2026-05-17T16:18:09.750255Z,202,dc.scaffold.htb,Microsoft-Windows-TaskScheduler,Microsoft-Windows-TaskScheduler/Operational,2846,2,Sync Language Data From Cloud Task,3148,,,,,,,2147746053,,ECE826D2-5127-430D-9E1E-CBD75A0D28E3,\Microsoft\Windows\International\Synchronize Language Settings,,,ActionFailure
2026-05-17T16:18:09.750260Z,103,dc.scaffold.htb,Microsoft-Windows-TaskScheduler,Microsoft-Windows-TaskScheduler/Operational,2847,2,,,ECE826D2-5127-430D-9E1E-CBD75A0D28E3,,,,,,2147746053,,,\Microsoft\Windows\International\Synchronize Language Settings,SCAFFOLD\Administrator,,TaskFailureEvent
2026-05-17T16:18:23.162068Z,201,dc.scaffold.htb,Microsoft-Windows-TaskScheduler,Microsoft-Windows-TaskScheduler/Operational,2848,4,%windir%\system32\wermgr.exe,2464,,,,,,,0,,BB4A13ED-759E-497F-9D53-B2F3E44EDDA3,\Microsoft\Windows\Windows Error Reporting\QueueReporting,,,ActionSuccess
2026-05-17T16:18:23.162195Z,102,dc.scaffold.htb,Microsoft-Windows-TaskScheduler,Microsoft-Windows-TaskScheduler/Operational,2849,4,,,BB4A13ED-759E-497F-9D53-B2F3E44EDDA3,,,,,,,,,\Microsoft\Windows\Windows Error Reporting\QueueReporting,NT AUTHORITY\SYSTEM,,TaskSuccessEvent
2026-05-17T16:23:24.584083Z,202,dc.scaffold.htb,Microsoft-Windows-TaskScheduler,Microsoft-Windows-TaskScheduler/Operational,2850,2,Wininet Cache task object,4184,,,,,,,2147942404,,54665B98-9A06-4300-944F-73B23FE8F52D,\Microsoft\Windows\Wininet\CacheTask,,,ActionFailure
2026-05-17T16:23:24.584085Z,103,dc.scaffold.htb,Microsoft-Windows-TaskScheduler,Microsoft-Windows-TaskScheduler/Operational,2851,2,,,54665B98-9A06-4300-944F-73B23FE8F52D,,,,,,2147942404,,,\Microsoft\Windows\Wininet\CacheTask,,,TaskFailureEvent
2026-05-17T16:23:25.032166Z,201,dc.scaffold.htb,Microsoft-Windows-TaskScheduler,Microsoft-Windows-TaskScheduler/Operational,2852,4,C:\Windows\Explorer.EXE,2128,,,,,,,2147942404,,CA9C7163-540B-4861-B5EF-08A3B5FEB98B,\CreateExplorerShellUnelevatedTask,,,ActionSuccess
2026-05-17T16:23:25.032986Z,102,dc.scaffold.htb,Microsoft-Windows-TaskScheduler,Microsoft-Windows-TaskScheduler/Operational,2853,4,,,CA9C7163-540B-4861-B5EF-08A3B5FEB98B,,,,,,,,,\CreateExplorerShellUnelevatedTask,SCAFFOLD\Administrator,,TaskSuccessEvent
2026-05-17T16:23:25.221403Z,201,dc.scaffold.htb,Microsoft-Windows-TaskScheduler,Microsoft-Windows-TaskScheduler/Operational,2854,4,C:\Program Files (x86)\Microsoft\EdgeUpdate\MicrosoftEdgeUpdate.exe,5728,,,,,,,2147943691,,54FBB346-E502-4275-8493-A8C6A09C6B0C,\MicrosoftEdgeUpdateTaskMachineCore,,,ActionSuccess
2026-05-17T16:23:25.221471Z,102,dc.scaffold.htb,Microsoft-Windows-TaskScheduler,Microsoft-Windows-TaskScheduler/Operational,2855,4,,,54FBB346-E502-4275-8493-A8C6A09C6B0C,,,,,,,,,\MicrosoftEdgeUpdateTaskMachineCore,NT AUTHORITY\SYSTEM,,TaskSuccessEvent
2026-05-17T16:23:25.221487Z,111,dc.scaffold.htb,Microsoft-Windows-TaskScheduler,Microsoft-Windows-TaskScheduler/Operational,2856,4,,,54FBB346-E502-4275-8493-A8C6A09C6B0C,,,,,,,,,\MicrosoftEdgeUpdateTaskMachineCore,,,TaskTerminationEvent
2026-05-17T16:23:25.290701Z,140,dc.scaffold.htb,Microsoft-Windows-TaskScheduler,Microsoft-Windows-TaskScheduler/Operational,2857,4,,,,,,,,,,,,\Microsoft\Windows\WindowsUpdate\Scheduled Start,,NT AUTHORITY\SYSTEM,TaskUpdated
2026-05-17T16:23:26.440906Z,402,dc.scaffold.htb,Microsoft-Windows-TaskScheduler,Microsoft-Windows-TaskScheduler/Operational,2858,4,,,,ServiceStopEvent,,,,,,,,,,,
2026-05-17T16:23:45.669880Z,700,dc.scaffold.htb,Microsoft-Windows-TaskScheduler,Microsoft-Windows-TaskScheduler/Operational,2859,4,,,,CompatibilityAdapterLaunch,,,,,,,,,,,
2026-05-17T16:23:45.725359Z,400,dc.scaffold.htb,Microsoft-Windows-TaskScheduler,Microsoft-Windows-TaskScheduler/Operational,2860,4,,,,ServiceStartEvent,,,,,,,,,,,
2026-05-17T16:23:45.753700Z,118,dc.scaffold.htb,Microsoft-Windows-TaskScheduler,Microsoft-Windows-TaskScheduler/Operational,2861,4,,,A604DC0F-9FF8-416F-B1B7-8B04FA275693,,,,,,,,,\Microsoft\Windows\ExploitGuard\ExploitGuard MDM policy Refresh,,,BootTrigger
2026-05-17T16:23:45.757045Z,129,dc.scaffold.htb,Microsoft-Windows-TaskScheduler,Microsoft-Windows-TaskScheduler/Operational,2862,4,,,,,taskhostw.exe,16384,2112,,,,,\Microsoft\Windows\ExploitGuard\ExploitGuard MDM policy Refresh,,,CreatedTaskProcess
2026-05-17T16:23:45.757174Z,100,dc.scaffold.htb,Microsoft-Windows-TaskScheduler,Microsoft-Windows-TaskScheduler/Operational,2863,4,,,A604DC0F-9FF8-416F-B1B7-8B04FA275693,,,,,,,,,\Microsoft\Windows\ExploitGuard\ExploitGuard MDM policy Refresh,NT AUTHORITY\SYSTEM,,TaskStartEvent
2026-05-17T16:23:45.757176Z,200,dc.scaffold.htb,Microsoft-Windows-TaskScheduler,Microsoft-Windows-TaskScheduler/Operational,2864,4,,2112,,,,,,,,,A604DC0F-9FF8-416F-B1B7-8B04FA275693,\Microsoft\Windows\ExploitGuard\ExploitGuard MDM policy Refresh,,,ActionStart
2026-05-17T16:23:45.757257Z,129,dc.scaffold.htb,Microsoft-Windows-TaskScheduler,Microsoft-Windows-TaskScheduler/Operational,2865,4,,,,,%windir%\system32\dxgiadaptercache.exe,16384,2124,,,,,\Microsoft\Windows\DirectX\DXGIAdapterCache,,,CreatedTaskProcess
2026-05-17T16:23:45.757361Z,100,dc.scaffold.htb,Microsoft-Windows-TaskScheduler,Microsoft-Windows-TaskScheduler/Operational,2866,4,,,96AD762A-2919-4936-84AA-C734B992F2B4,,,,,,,,,\Microsoft\Windows\DirectX\DXGIAdapterCache,NT AUTHORITY\SYSTEM,,TaskStartEvent
2026-05-17T16:23:45.757362Z,200,dc.scaffold.htb,Microsoft-Windows-TaskScheduler,Microsoft-Windows-TaskScheduler/Operational,2867,4,%windir%\system32\dxgiadaptercache.exe,2124,,,,,,,,,96AD762A-2919-4936-84AA-C734B992F2B4,\Microsoft\Windows\DirectX\DXGIAdapterCache,,,ActionStart
2026-05-17T16:23:45.864748Z,325,dc.scaffold.htb,Microsoft-Windows-TaskScheduler,Microsoft-Windows-TaskScheduler/Operational,2868,3,,,,,,,,EA9EE95F-FF72-4BC9-98C0-2A839679441D,,,,\Microsoft\Windows\Workplace Join\Automatic-Device-Join,,,TaskInstanceQueued
2026-05-17T16:23:45.864921Z,110,dc.scaffold.htb,Microsoft-Windows-TaskScheduler,Microsoft-Windows-TaskScheduler/Operational,2869,4,,,EA9EE95F-FF72-4BC9-98C0-2A839679441D,,,,,,,,,\Microsoft\Windows\Workplace Join\Automatic-Device-Join,System,,TaskRunEvent
2026-05-17T16:23:45.866959Z,129,dc.scaffold.htb,Microsoft-Windows-TaskScheduler,Microsoft-Windows-TaskScheduler/Operational,2870,4,,,,,%SystemRoot%\System32\dsregcmd.exe,16384,2508,,,,,\Microsoft\Windows\Workplace Join\Automatic-Device-Join,,,CreatedTaskProcess
2026-05-17T16:23:45.867036Z,100,dc.scaffold.htb,Microsoft-Windows-TaskScheduler,Microsoft-Windows-TaskScheduler/Operational,2871,4,,,EA9EE95F-FF72-4BC9-98C0-2A839679441D,,,,,,,,,\Microsoft\Windows\Workplace Join\Automatic-Device-Join,NT AUTHORITY\SYSTEM,,TaskStartEvent
2026-05-17T16:23:45.867037Z,200,dc.scaffold.htb,Microsoft-Windows-TaskScheduler,Microsoft-Windows-TaskScheduler/Operational,2872,4,%SystemRoot%\System32\dsregcmd.exe,2508,,,,,,,,,EA9EE95F-FF72-4BC9-98C0-2A839679441D,\Microsoft\Windows\Workplace Join\Automatic-Device-Join,,,ActionStart
2026-05-17T16:23:45.920914Z,100,dc.scaffold.htb,Microsoft-Windows-TaskScheduler,Microsoft-Windows-TaskScheduler/Operational,2873,4,,,B31845DA-421C-47FF-BD03-E5C62C93DD38,,,,,,,,,\Microsoft\Windows\WwanSvc\OobeDiscovery,NT AUTHORITY\SYSTEM,,TaskStartEvent
2026-05-17T16:23:45.920917Z,200,dc.scaffold.htb,Microsoft-Windows-TaskScheduler,Microsoft-Windows-TaskScheduler/Operational,2874,4,OobeEsimTaskManager,2112,,,,,,,,,B31845DA-421C-47FF-BD03-E5C62C93DD38,\Microsoft\Windows\WwanSvc\OobeDiscovery,,,ActionStart
2026-05-17T16:23:45.943537Z,129,dc.scaffold.htb,Microsoft-Windows-TaskScheduler,Microsoft-Windows-TaskScheduler/Operational,2875,4,,,,,taskhostw.exe,16384,2620,,,,,\Microsoft\Windows\Time Synchronization\ForceSynchronizeTime,,,CreatedTaskProcess
2026-05-17T16:23:45.943640Z,100,dc.scaffold.htb,Microsoft-Windows-TaskScheduler,Microsoft-Windows-TaskScheduler/Operational,2876,4,,,0552039E-449B-4376-8A6E-6A3B974F8F0A,,,,,,,,,\Microsoft\Windows\Time Synchronization\ForceSynchronizeTime,(NONE),,TaskStartEvent
2026-05-17T16:23:45.943641Z,200,dc.scaffold.htb,Microsoft-Windows-TaskScheduler,Microsoft-Windows-TaskScheduler/Operational,2877,4,Time Synchronization Task Handler,2620,,,,,,,,,0552039E-449B-4376-8A6E-6A3B974F8F0A,\Microsoft\Windows\Time Synchronization\ForceSynchronizeTime,,,ActionStart
2026-05-17T16:23:45.979978Z,201,dc.scaffold.htb,Microsoft-Windows-TaskScheduler,Microsoft-Windows-TaskScheduler/Operational,2878,4,Time Synchronization Task Handler,2620,,,,,,,0,,0552039E-449B-4376-8A6E-6A3B974F8F0A,\Microsoft\Windows\Time Synchronization\ForceSynchronizeTime,,,ActionSuccess
2026-05-17T16:23:45.979982Z,102,dc.scaffold.htb,Microsoft-Windows-TaskScheduler,Microsoft-Windows-TaskScheduler/Operational,2879,4,,,0552039E-449B-4376-8A6E-6A3B974F8F0A,,,,,,,,,\Microsoft\Windows\Time Synchronization\ForceSynchronizeTime,(NONE),,TaskSuccessEvent
2026-05-17T16:23:46.036151Z,201,dc.scaffold.htb,Microsoft-Windows-TaskScheduler,Microsoft-Windows-TaskScheduler/Operational,2880,4,%windir%\system32\dxgiadaptercache.exe,2124,,,,,,,0,,96AD762A-2919-4936-84AA-C734B992F2B4,\Microsoft\Windows\DirectX\DXGIAdapterCache,,,ActionSuccess
2026-05-17T16:23:46.036274Z,102,dc.scaffold.htb,Microsoft-Windows-TaskScheduler,Microsoft-Windows-TaskScheduler/Operational,2881,4,,,96AD762A-2919-4936-84AA-C734B992F2B4,,,,,,,,,\Microsoft\Windows\DirectX\DXGIAdapterCache,NT AUTHORITY\SYSTEM,,TaskSuccessEvent
2026-05-17T16:23:46.058065Z,201,dc.scaffold.htb,Microsoft-Windows-TaskScheduler,Microsoft-Windows-TaskScheduler/Operational,2882,4,,2112,,,,,,,0,,A604DC0F-9FF8-416F-B1B7-8B04FA275693,\Microsoft\Windows\ExploitGuard\ExploitGuard MDM policy Refresh,,,ActionSuccess
2026-05-17T16:23:46.058067Z,102,dc.scaffold.htb,Microsoft-Windows-TaskScheduler,Microsoft-Windows-TaskScheduler/Operational,2883,4,,,A604DC0F-9FF8-416F-B1B7-8B04FA275693,,,,,,,,,\Microsoft\Windows\ExploitGuard\ExploitGuard MDM policy Refresh,NT AUTHORITY\SYSTEM,,TaskSuccessEvent
2026-05-17T16:23:46.109486Z,201,dc.scaffold.htb,Microsoft-Windows-TaskScheduler,Microsoft-Windows-TaskScheduler/Operational,2884,4,OobeEsimTaskManager,2112,,,,,,,0,,B31845DA-421C-47FF-BD03-E5C62C93DD38,\Microsoft\Windows\WwanSvc\OobeDiscovery,,,ActionSuccess
2026-05-17T16:23:46.109488Z,102,dc.scaffold.htb,Microsoft-Windows-TaskScheduler,Microsoft-Windows-TaskScheduler/Operational,2885,4,,,B31845DA-421C-47FF-BD03-E5C62C93DD38,,,,,,,,,\Microsoft\Windows\WwanSvc\OobeDiscovery,NT AUTHORITY\SYSTEM,,TaskSuccessEvent
2026-05-17T16:23:56.256523Z,118,dc.scaffold.htb,Microsoft-Windows-TaskScheduler,Microsoft-Windows-TaskScheduler/Operational,2886,4,,,A8F3706E-FC31-4F68-BA66-5C380D87CF2C,,,,,,,,,\Microsoft\Windows\CertificateServicesClient\SystemTask,,,BootTrigger
2026-05-17T16:23:56.257583Z,129,dc.scaffold.htb,Microsoft-Windows-TaskScheduler,Microsoft-Windows-TaskScheduler/Operational,2887,4,,,,,taskhostw.exe,16384,4676,,,,,\Microsoft\Windows\CertificateServicesClient\SystemTask,,,CreatedTaskProcess
2026-05-17T16:23:56.257684Z,100,dc.scaffold.htb,Microsoft-Windows-TaskScheduler,Microsoft-Windows-TaskScheduler/Operational,2888,4,,,A8F3706E-FC31-4F68-BA66-5C380D87CF2C,,,,,,,,,\Microsoft\Windows\CertificateServicesClient\SystemTask,NT AUTHORITY\SYSTEM,,TaskStartEvent
2026-05-17T16:23:56.257685Z,200,dc.scaffold.htb,Microsoft-Windows-TaskScheduler,Microsoft-Windows-TaskScheduler/Operational,2889,4,Certificate Services Client Task Handler,4676,,,,,,,,,A8F3706E-FC31-4F68-BA66-5C380D87CF2C,\Microsoft\Windows\CertificateServicesClient\SystemTask,,,ActionStart
2026-05-17T16:24:25.202777Z,201,dc.scaffold.htb,Microsoft-Windows-TaskScheduler,Microsoft-Windows-TaskScheduler/Operational,2890,4,%SystemRoot%\System32\dsregcmd.exe,2508,,,,,,,0,,EA9EE95F-FF72-4BC9-98C0-2A839679441D,\Microsoft\Windows\Workplace Join\Automatic-Device-Join,,,ActionSuccess
2026-05-17T16:24:25.202945Z,102,dc.scaffold.htb,Microsoft-Windows-TaskScheduler,Microsoft-Windows-TaskScheduler/Operational,2891,4,,,EA9EE95F-FF72-4BC9-98C0-2A839679441D,,,,,,,,,\Microsoft\Windows\Workplace Join\Automatic-Device-Join,NT AUTHORITY\SYSTEM,,TaskSuccessEvent
2026-05-17T16:24:35.046234Z,201,dc.scaffold.htb,Microsoft-Windows-TaskScheduler,Microsoft-Windows-TaskScheduler/Operational,2892,4,Certificate Services Client Task Handler,4676,,,,,,,0,,A8F3706E-FC31-4F68-BA66-5C380D87CF2C,\Microsoft\Windows\CertificateServicesClient\SystemTask,,,ActionSuccess
2026-05-17T16:24:35.046235Z,102,dc.scaffold.htb,Microsoft-Windows-TaskScheduler,Microsoft-Windows-TaskScheduler/Operational,2893,4,,,A8F3706E-FC31-4F68-BA66-5C380D87CF2C,,,,,,,,,\Microsoft\Windows\CertificateServicesClient\SystemTask,NT AUTHORITY\SYSTEM,,TaskSuccessEvent
2026-05-17T16:24:46.244300Z,118,dc.scaffold.htb,Microsoft-Windows-TaskScheduler,Microsoft-Windows-TaskScheduler/Operational,2894,4,,,C2D0019D-E050-4870-A120-1EFB2F0CF14B,,,,,,,,,\Microsoft\Windows\Software Inventory Logging\Configuration,,,BootTrigger
2026-05-17T16:24:46.244363Z,118,dc.scaffold.htb,Microsoft-Windows-TaskScheduler,Microsoft-Windows-TaskScheduler/Operational,2895,4,,,2DFB62D1-D4C9-458C-B5B9-ED3F7F70E11A,,,,,,,,,\Microsoft\Windows\DirectX\DXGIAdapterCache,,,BootTrigger
2026-05-17T16:24:46.246700Z,129,dc.scaffold.htb,Microsoft-Windows-TaskScheduler,Microsoft-Windows-TaskScheduler/Operational,2896,4,,,,,%systemroot%\system32\cmd.exe,16384,5912,,,,,\Microsoft\Windows\Software Inventory Logging\Configuration,,,CreatedTaskProcess
2026-05-17T16:24:46.246886Z,100,dc.scaffold.htb,Microsoft-Windows-TaskScheduler,Microsoft-Windows-TaskScheduler/Operational,2897,4,,,C2D0019D-E050-4870-A120-1EFB2F0CF14B,,,,,,,,,\Microsoft\Windows\Software Inventory Logging\Configuration,NT AUTHORITY\SYSTEM,,TaskStartEvent
2026-05-17T16:24:46.246889Z,200,dc.scaffold.htb,Microsoft-Windows-TaskScheduler,Microsoft-Windows-TaskScheduler/Operational,2898,4,%systemroot%\system32\cmd.exe,5912,,,,,,,,,C2D0019D-E050-4870-A120-1EFB2F0CF14B,\Microsoft\Windows\Software Inventory Logging\Configuration,,,ActionStart
2026-05-17T16:24:46.247281Z,129,dc.scaffold.htb,Microsoft-Windows-TaskScheduler,Microsoft-Windows-TaskScheduler/Operational,2899,4,,,,,%windir%\system32\dxgiadaptercache.exe,16384,5920,,,,,\Microsoft\Windows\DirectX\DXGIAdapterCache,,,CreatedTaskProcess
2026-05-17T16:24:46.247429Z,100,dc.scaffold.htb,Microsoft-Windows-TaskScheduler,Microsoft-Windows-TaskScheduler/Operational,2900,4,,,2DFB62D1-D4C9-458C-B5B9-ED3F7F70E11A,,,,,,,,,\Microsoft\Windows\DirectX\DXGIAdapterCache,NT AUTHORITY\SYSTEM,,TaskStartEvent
2026-05-17T16:24:46.247430Z,200,dc.scaffold.htb,Microsoft-Windows-TaskScheduler,Microsoft-Windows-TaskScheduler/Operational,2901,4,%windir%\system32\dxgiadaptercache.exe,5920,,,,,,,,,2DFB62D1-D4C9-458C-B5B9-ED3F7F70E11A,\Microsoft\Windows\DirectX\DXGIAdapterCache,,,ActionStart
2026-05-17T16:24:46.361546Z,201,dc.scaffold.htb,Microsoft-Windows-TaskScheduler,Microsoft-Windows-TaskScheduler/Operational,2902,4,%windir%\system32\dxgiadaptercache.exe,5920,,,,,,,0,,2DFB62D1-D4C9-458C-B5B9-ED3F7F70E11A,\Microsoft\Windows\DirectX\DXGIAdapterCache,,,ActionSuccess
2026-05-17T16:24:46.361654Z,102,dc.scaffold.htb,Microsoft-Windows-TaskScheduler,Microsoft-Windows-TaskScheduler/Operational,2903,4,,,2DFB62D1-D4C9-458C-B5B9-ED3F7F70E11A,,,,,,,,,\Microsoft\Windows\DirectX\DXGIAdapterCache,NT AUTHORITY\SYSTEM,,TaskSuccessEvent
2026-05-17T16:24:46.375466Z,201,dc.scaffold.htb,Microsoft-Windows-TaskScheduler,Microsoft-Windows-TaskScheduler/Operational,2904,4,%systemroot%\system32\cmd.exe,5912,,,,,,,0,,C2D0019D-E050-4870-A120-1EFB2F0CF14B,\Microsoft\Windows\Software Inventory Logging\Configuration,,,ActionSuccess
2026-05-17T16:24:46.375635Z,102,dc.scaffold.htb,Microsoft-Windows-TaskScheduler,Microsoft-Windows-TaskScheduler/Operational,2905,4,,,C2D0019D-E050-4870-A120-1EFB2F0CF14B,,,,,,,,,\Microsoft\Windows\Software Inventory Logging\Configuration,NT AUTHORITY\SYSTEM,,TaskSuccessEvent
2026-05-17T16:24:58.249415Z,119,dc.scaffold.htb,Microsoft-Windows-TaskScheduler,Microsoft-Windows-TaskScheduler/Operational,2906,4,,,2AD6A1FA-90E0-4B49-BFB2-AE73CBBFDEC6,,,,,,,,,\Microsoft\Windows\Server Manager\ServerManager,,SCAFFOLD\Administrator,LogonTrigger
2026-05-17T16:24:58.249534Z,119,dc.scaffold.htb,Microsoft-Windows-TaskScheduler,Microsoft-Windows-TaskScheduler/Operational,2907,4,,,90A8BBB5-F6AD-472E-BBCE-CF042AAC9917,,,,,,,,,\Microsoft\Windows\TextServicesFramework\MsCtfMonitor,,SCAFFOLD\Administrator,LogonTrigger
2026-05-17T16:24:58.249611Z,119,dc.scaffold.htb,Microsoft-Windows-TaskScheduler,Microsoft-Windows-TaskScheduler/Operational,2908,4,,,9A3C0BFF-61EB-421A-9E6C-BAFFAC9BC55F,,,,,,,,,\Microsoft\Windows\CertificateServicesClient\UserTask,,SCAFFOLD\Administrator,LogonTrigger
2026-05-17T16:24:58.253071Z,129,dc.scaffold.htb,Microsoft-Windows-TaskScheduler,Microsoft-Windows-TaskScheduler/Operational,2909,4,,,,,taskhostw.exe,32,528,,,,,\Microsoft\Windows\TextServicesFramework\MsCtfMonitor,,,CreatedTaskProcess
2026-05-17T16:24:58.253411Z,129,dc.scaffold.htb,Microsoft-Windows-TaskScheduler,Microsoft-Windows-TaskScheduler/Operational,2910,4,,,,,%windir%\system32\ServerManagerLauncher.exe,32,868,,,,,\Microsoft\Windows\Server Manager\ServerManager,,,CreatedTaskProcess
2026-05-17T16:24:58.254523Z,100,dc.scaffold.htb,Microsoft-Windows-TaskScheduler,Microsoft-Windows-TaskScheduler/Operational,2911,4,,,90A8BBB5-F6AD-472E-BBCE-CF042AAC9917,,,,,,,,,\Microsoft\Windows\TextServicesFramework\MsCtfMonitor,SCAFFOLD\Administrator,,TaskStartEvent
2026-05-17T16:24:58.254525Z,200,dc.scaffold.htb,Microsoft-Windows-TaskScheduler,Microsoft-Windows-TaskScheduler/Operational,2912,4,MsCtfMonitor task handler,528,,,,,,,,,90A8BBB5-F6AD-472E-BBCE-CF042AAC9917,\Microsoft\Windows\TextServicesFramework\MsCtfMonitor,,,ActionStart
2026-05-17T16:24:58.254603Z,100,dc.scaffold.htb,Microsoft-Windows-TaskScheduler,Microsoft-Windows-TaskScheduler/Operational,2913,4,,,2AD6A1FA-90E0-4B49-BFB2-AE73CBBFDEC6,,,,,,,,,\Microsoft\Windows\Server Manager\ServerManager,SCAFFOLD\Administrator,,TaskStartEvent
2026-05-17T16:24:58.254605Z,200,dc.scaffold.htb,Microsoft-Windows-TaskScheduler,Microsoft-Windows-TaskScheduler/Operational,2914,4,%windir%\system32\ServerManagerLauncher.exe,868,,,,,,,,,2AD6A1FA-90E0-4B49-BFB2-AE73CBBFDEC6,\Microsoft\Windows\Server Manager\ServerManager,,,ActionStart
2026-05-17T16:24:58.259295Z,119,dc.scaffold.htb,Microsoft-Windows-TaskScheduler,Microsoft-Windows-TaskScheduler/Operational,2915,4,,,4AD584B6-94BE-42A5-80C7-9D5BD8D915FA,,,,,,,,,\Microsoft\Windows\Wininet\CacheTask,,SCAFFOLD\Administrator,LogonTrigger
2026-05-17T16:24:58.259303Z,119,dc.scaffold.htb,Microsoft-Windows-TaskScheduler,Microsoft-Windows-TaskScheduler/Operational,2916,4,,,A23FF488-CDFA-4FA9-8740-9662864935FA,,,,,,,,,\Microsoft\Windows\WindowsColorSystem\Calibration Loader,,SCAFFOLD\Administrator,LogonTrigger
2026-05-17T16:24:58.259849Z,100,dc.scaffold.htb,Microsoft-Windows-TaskScheduler,Microsoft-Windows-TaskScheduler/Operational,2917,4,,,4AD584B6-94BE-42A5-80C7-9D5BD8D915FA,,,,,,,,,\Microsoft\Windows\Wininet\CacheTask,SCAFFOLD\Administrator,,TaskStartEvent
2026-05-17T16:24:58.259850Z,200,dc.scaffold.htb,Microsoft-Windows-TaskScheduler,Microsoft-Windows-TaskScheduler/Operational,2918,4,Wininet Cache task object,528,,,,,,,,,4AD584B6-94BE-42A5-80C7-9D5BD8D915FA,\Microsoft\Windows\Wininet\CacheTask,,,ActionStart
2026-05-17T16:24:58.261174Z,119,dc.scaffold.htb,Microsoft-Windows-TaskScheduler,Microsoft-Windows-TaskScheduler/Operational,2919,4,,,48C16EA5-3C66-4626-B133-961A3FBA86C7,,,,,,,,,\MicrosoftEdgeUpdateTaskMachineCore,,SCAFFOLD\Administrator,LogonTrigger
2026-05-17T16:24:58.261418Z,129,dc.scaffold.htb,Microsoft-Windows-TaskScheduler,Microsoft-Windows-TaskScheduler/Operational,2920,4,,,,,taskhostw.exe,32,1052,,,,,\Microsoft\Windows\WindowsColorSystem\Calibration Loader,,,CreatedTaskProcess
2026-05-17T16:24:58.262227Z,100,dc.scaffold.htb,Microsoft-Windows-TaskScheduler,Microsoft-Windows-TaskScheduler/Operational,2921,4,,,A23FF488-CDFA-4FA9-8740-9662864935FA,,,,,,,,,\Microsoft\Windows\WindowsColorSystem\Calibration Loader,SCAFFOLD\Administrator,,TaskStartEvent
2026-05-17T16:24:58.262228Z,200,dc.scaffold.htb,Microsoft-Windows-TaskScheduler,Microsoft-Windows-TaskScheduler/Operational,2922,4,Color Calibration Loader,1052,,,,,,,,,A23FF488-CDFA-4FA9-8740-9662864935FA,\Microsoft\Windows\WindowsColorSystem\Calibration Loader,,,ActionStart
2026-05-17T16:24:58.262898Z,119,dc.scaffold.htb,Microsoft-Windows-TaskScheduler,Microsoft-Windows-TaskScheduler/Operational,2923,4,,,872D2471-073F-4F1C-97B5-75759B273CB7,,,,,,,,,\Microsoft\Windows\SoftwareProtectionPlatform\SvcRestartTaskLogon,,SCAFFOLD\Administrator,LogonTrigger
2026-05-17T16:24:58.263102Z,119,dc.scaffold.htb,Microsoft-Windows-TaskScheduler,Microsoft-Windows-TaskScheduler/Operational,2924,4,,,78012701-FD68-40CA-B7E1-61B5D7A66E2C,,,,,,,,,\Microsoft\Windows\Plug and Play\Device Install Reboot Required,,SCAFFOLD\Administrator,LogonTrigger
2026-05-17T16:24:58.263499Z,100,dc.scaffold.htb,Microsoft-Windows-TaskScheduler,Microsoft-Windows-TaskScheduler/Operational,2925,4,,,872D2471-073F-4F1C-97B5-75759B273CB7,,,,,,,,,\Microsoft\Windows\SoftwareProtectionPlatform\SvcRestartTaskLogon,SCAFFOLD\Administrator,,TaskStartEvent
2026-05-17T16:24:58.263501Z,200,dc.scaffold.htb,Microsoft-Windows-TaskScheduler,Microsoft-Windows-TaskScheduler/Operational,2926,4,SppSvcRestartTaskHandler Class,1052,,,,,,,,,872D2471-073F-4F1C-97B5-75759B273CB7,\Microsoft\Windows\SoftwareProtectionPlatform\SvcRestartTaskLogon,,,ActionStart
2026-05-17T16:24:58.264685Z,129,dc.scaffold.htb,Microsoft-Windows-TaskScheduler,Microsoft-Windows-TaskScheduler/Operational,2927,4,,,,,taskhostw.exe,32,1252,,,,,\Microsoft\Windows\Plug and Play\Device Install Reboot Required,,,CreatedTaskProcess
2026-05-17T16:24:58.265052Z,100,dc.scaffold.htb,Microsoft-Windows-TaskScheduler,Microsoft-Windows-TaskScheduler/Operational,2928,4,,,78012701-FD68-40CA-B7E1-61B5D7A66E2C,,,,,,,,,\Microsoft\Windows\Plug and Play\Device Install Reboot Required,SCAFFOLD\Administrator,,TaskStartEvent
2026-05-17T16:24:58.265053Z,200,dc.scaffold.htb,Microsoft-Windows-TaskScheduler,Microsoft-Windows-TaskScheduler/Operational,2929,4,Device Installation Reboot Dialog Task,1252,,,,,,,,,78012701-FD68-40CA-B7E1-61B5D7A66E2C,\Microsoft\Windows\Plug and Play\Device Install Reboot Required,,,ActionStart
2026-05-17T16:24:58.282109Z,129,dc.scaffold.htb,Microsoft-Windows-TaskScheduler,Microsoft-Windows-TaskScheduler/Operational,2930,4,,,,,C:\Program Files (x86)\Microsoft\EdgeUpdate\MicrosoftEdgeUpdate.exe,32,1192,,,,,\MicrosoftEdgeUpdateTaskMachineCore,,,CreatedTaskProcess
2026-05-17T16:24:58.282289Z,100,dc.scaffold.htb,Microsoft-Windows-TaskScheduler,Microsoft-Windows-TaskScheduler/Operational,2931,4,,,48C16EA5-3C66-4626-B133-961A3FBA86C7,,,,,,,,,\MicrosoftEdgeUpdateTaskMachineCore,NT AUTHORITY\SYSTEM,,TaskStartEvent
2026-05-17T16:24:58.282291Z,200,dc.scaffold.htb,Microsoft-Windows-TaskScheduler,Microsoft-Windows-TaskScheduler/Operational,2932,4,C:\Program Files (x86)\Microsoft\EdgeUpdate\MicrosoftEdgeUpdate.exe,1192,,,,,,,,,48C16EA5-3C66-4626-B133-961A3FBA86C7,\MicrosoftEdgeUpdateTaskMachineCore,,,ActionStart
2026-05-17T16:24:58.351871Z,201,dc.scaffold.htb,Microsoft-Windows-TaskScheduler,Microsoft-Windows-TaskScheduler/Operational,2933,4,MsCtfMonitor task handler,528,,,,,,,0,,90A8BBB5-F6AD-472E-BBCE-CF042AAC9917,\Microsoft\Windows\TextServicesFramework\MsCtfMonitor,,,ActionSuccess
2026-05-17T16:24:58.351871Z,102,dc.scaffold.htb,Microsoft-Windows-TaskScheduler,Microsoft-Windows-TaskScheduler/Operational,2934,4,,,90A8BBB5-F6AD-472E-BBCE-CF042AAC9917,,,,,,,,,\Microsoft\Windows\TextServicesFramework\MsCtfMonitor,SCAFFOLD\Administrator,,TaskSuccessEvent
2026-05-17T16:24:58.371693Z,100,dc.scaffold.htb,Microsoft-Windows-TaskScheduler,Microsoft-Windows-TaskScheduler/Operational,2935,4,,,9A3C0BFF-61EB-421A-9E6C-BAFFAC9BC55F,,,,,,,,,\Microsoft\Windows\CertificateServicesClient\UserTask,SCAFFOLD\Administrator,,TaskStartEvent
2026-05-17T16:24:58.371694Z,200,dc.scaffold.htb,Microsoft-Windows-TaskScheduler,Microsoft-Windows-TaskScheduler/Operational,2936,4,Certificate Services Client Task Handler,1052,,,,,,,,,9A3C0BFF-61EB-421A-9E6C-BAFFAC9BC55F,\Microsoft\Windows\CertificateServicesClient\UserTask,,,ActionStart
2026-05-17T16:24:58.528097Z,141,dc.scaffold.htb,Microsoft-Windows-TaskScheduler,Microsoft-Windows-TaskScheduler/Operational,2937,4,,,,,,,,,,,,\CreateExplorerShellUnelevatedTask,,SCAFFOLD\Administrator,TaskDeleted
2026-05-17T16:24:58.534906Z,109,dc.scaffold.htb,Microsoft-Windows-TaskScheduler,Microsoft-Windows-TaskScheduler/Operational,2938,4,,,558D0344-9FF8-432F-B26C-C6322FD43C1A,,,,,,,,,\CreateExplorerShellUnelevatedTask,,,RegistrationTriggerEvent
2026-05-17T16:24:58.538705Z,129,dc.scaffold.htb,Microsoft-Windows-TaskScheduler,Microsoft-Windows-TaskScheduler/Operational,2939,4,,,,,C:\Windows\Explorer.EXE,32,3892,,,,,\CreateExplorerShellUnelevatedTask,,,CreatedTaskProcess
2026-05-17T16:24:58.538937Z,100,dc.scaffold.htb,Microsoft-Windows-TaskScheduler,Microsoft-Windows-TaskScheduler/Operational,2940,4,,,558D0344-9FF8-432F-B26C-C6322FD43C1A,,,,,,,,,\CreateExplorerShellUnelevatedTask,SCAFFOLD\Administrator,,TaskStartEvent
2026-05-17T16:24:58.538938Z,200,dc.scaffold.htb,Microsoft-Windows-TaskScheduler,Microsoft-Windows-TaskScheduler/Operational,2941,4,C:\Windows\Explorer.EXE,3892,,,,,,,,,558D0344-9FF8-432F-B26C-C6322FD43C1A,\CreateExplorerShellUnelevatedTask,,,ActionStart
2026-05-17T16:24:58.539076Z,106,dc.scaffold.htb,Microsoft-Windows-TaskScheduler,Microsoft-Windows-TaskScheduler/Operational,2942,4,,,,,,,,,,,,\CreateExplorerShellUnelevatedTask,SCAFFOLD\Administrator,,TaskRegisteredEvent
2026-05-17T16:24:58.539077Z,140,dc.scaffold.htb,Microsoft-Windows-TaskScheduler,Microsoft-Windows-TaskScheduler/Operational,2943,4,,,,,,,,,,,,\CreateExplorerShellUnelevatedTask,,SCAFFOLD\Administrator,TaskUpdated
2026-05-17T16:24:58.560266Z,201,dc.scaffold.htb,Microsoft-Windows-TaskScheduler,Microsoft-Windows-TaskScheduler/Operational,2944,4,SppSvcRestartTaskHandler Class,1052,,,,,,,0,,872D2471-073F-4F1C-97B5-75759B273CB7,\Microsoft\Windows\SoftwareProtectionPlatform\SvcRestartTaskLogon,,,ActionSuccess
2026-05-17T16:24:58.560268Z,102,dc.scaffold.htb,Microsoft-Windows-TaskScheduler,Microsoft-Windows-TaskScheduler/Operational,2945,4,,,872D2471-073F-4F1C-97B5-75759B273CB7,,,,,,,,,\Microsoft\Windows\SoftwareProtectionPlatform\SvcRestartTaskLogon,SCAFFOLD\Administrator,,TaskSuccessEvent
2026-05-17T16:24:58.565688Z,201,dc.scaffold.htb,Microsoft-Windows-TaskScheduler,Microsoft-Windows-TaskScheduler/Operational,2946,4,Device Installation Reboot Dialog Task,1252,,,,,,,0,,78012701-FD68-40CA-B7E1-61B5D7A66E2C,\Microsoft\Windows\Plug and Play\Device Install Reboot Required,,,ActionSuccess
2026-05-17T16:24:58.565689Z,102,dc.scaffold.htb,Microsoft-Windows-TaskScheduler,Microsoft-Windows-TaskScheduler/Operational,2947,4,,,78012701-FD68-40CA-B7E1-61B5D7A66E2C,,,,,,,,,\Microsoft\Windows\Plug and Play\Device Install Reboot Required,SCAFFOLD\Administrator,,TaskSuccessEvent
2026-05-17T16:24:58.638628Z,201,dc.scaffold.htb,Microsoft-Windows-TaskScheduler,Microsoft-Windows-TaskScheduler/Operational,2948,4,Certificate Services Client Task Handler,1052,,,,,,,0,,9A3C0BFF-61EB-421A-9E6C-BAFFAC9BC55F,\Microsoft\Windows\CertificateServicesClient\UserTask,,,ActionSuccess
2026-05-17T16:24:58.638630Z,102,dc.scaffold.htb,Microsoft-Windows-TaskScheduler,Microsoft-Windows-TaskScheduler/Operational,2949,4,,,9A3C0BFF-61EB-421A-9E6C-BAFFAC9BC55F,,,,,,,,,\Microsoft\Windows\CertificateServicesClient\UserTask,SCAFFOLD\Administrator,,TaskSuccessEvent
2026-05-17T16:24:58.639108Z,201,dc.scaffold.htb,Microsoft-Windows-TaskScheduler,Microsoft-Windows-TaskScheduler/Operational,2950,4,Color Calibration Loader,1052,,,,,,,0,,A23FF488-CDFA-4FA9-8740-9662864935FA,\Microsoft\Windows\WindowsColorSystem\Calibration Loader,,,ActionSuccess
2026-05-17T16:24:58.639109Z,102,dc.scaffold.htb,Microsoft-Windows-TaskScheduler,Microsoft-Windows-TaskScheduler/Operational,2951,4,,,A23FF488-CDFA-4FA9-8740-9662864935FA,,,,,,,,,\Microsoft\Windows\WindowsColorSystem\Calibration Loader,SCAFFOLD\Administrator,,TaskSuccessEvent
2026-05-17T16:24:59.538573Z,201,dc.scaffold.htb,Microsoft-Windows-TaskScheduler,Microsoft-Windows-TaskScheduler/Operational,2952,4,%windir%\system32\ServerManagerLauncher.exe,868,,,,,,,0,,2AD6A1FA-90E0-4B49-BFB2-AE73CBBFDEC6,\Microsoft\Windows\Server Manager\ServerManager,,,ActionSuccess
2026-05-17T16:24:59.538821Z,102,dc.scaffold.htb,Microsoft-Windows-TaskScheduler,Microsoft-Windows-TaskScheduler/Operational,2953,4,,,2AD6A1FA-90E0-4B49-BFB2-AE73CBBFDEC6,,,,,,,,,\Microsoft\Windows\Server Manager\ServerManager,SCAFFOLD\Administrator,,TaskSuccessEvent
2026-05-17T16:25:28.747571Z,119,dc.scaffold.htb,Microsoft-Windows-TaskScheduler,Microsoft-Windows-TaskScheduler/Operational,2954,4,,,E6C44A6D-207B-4235-B5B9-14C6785F9250,,,,,,,,,\Microsoft\Windows\International\Synchronize Language Settings,,SCAFFOLD\Administrator,LogonTrigger
2026-05-17T16:25:28.752208Z,129,dc.scaffold.htb,Microsoft-Windows-TaskScheduler,Microsoft-Windows-TaskScheduler/Operational,2955,4,,,,,taskhostw.exe,32,6204,,,,,\Microsoft\Windows\International\Synchronize Language Settings,,,CreatedTaskProcess
2026-05-17T16:25:28.752801Z,100,dc.scaffold.htb,Microsoft-Windows-TaskScheduler,Microsoft-Windows-TaskScheduler/Operational,2956,4,,,E6C44A6D-207B-4235-B5B9-14C6785F9250,,,,,,,,,\Microsoft\Windows\International\Synchronize Language Settings,SCAFFOLD\Administrator,,TaskStartEvent
2026-05-17T16:25:28.752805Z,200,dc.scaffold.htb,Microsoft-Windows-TaskScheduler,Microsoft-Windows-TaskScheduler/Operational,2957,4,Sync Language Data From Cloud Task,6204,,,,,,,,,E6C44A6D-207B-4235-B5B9-14C6785F9250,\Microsoft\Windows\International\Synchronize Language Settings,,,ActionStart
2026-05-17T16:25:55.684579Z,140,dc.scaffold.htb,Microsoft-Windows-TaskScheduler,Microsoft-Windows-TaskScheduler/Operational,2958,4,,,,,,,,,,,,\Microsoft\Windows\Application Experience\PcaPatchDbTask,,SCAFFOLD\DC$,TaskUpdated
2026-05-17T16:25:58.418808Z,140,dc.scaffold.htb,Microsoft-Windows-TaskScheduler,Microsoft-Windows-TaskScheduler/Operational,2959,4,,,,,,,,,,,,\Microsoft\Windows\UpdateOrchestrator\Schedule Scan,,S-1-5-18,TaskUpdated
2026-05-17T16:25:58.443358Z,140,dc.scaffold.htb,Microsoft-Windows-TaskScheduler,Microsoft-Windows-TaskScheduler/Operational,2960,4,,,,,,,,,,,,\Microsoft\Windows\UpdateOrchestrator\Schedule Scan,,SCAFFOLD\DC$,TaskUpdated
2026-05-17T16:25:58.755187Z,119,dc.scaffold.htb,Microsoft-Windows-TaskScheduler,Microsoft-Windows-TaskScheduler/Operational,2961,4,,,AE265039-7833-4964-A0B4-22CD9DA0FD64,,,,,,,,,\Microsoft\Windows\Workplace Join\Automatic-Device-Join,,SCAFFOLD\Administrator,LogonTrigger
2026-05-17T16:25:58.758382Z,129,dc.scaffold.htb,Microsoft-Windows-TaskScheduler,Microsoft-Windows-TaskScheduler/Operational,2962,4,,,,,%SystemRoot%\System32\dsregcmd.exe,16384,4868,,,,,\Microsoft\Windows\Workplace Join\Automatic-Device-Join,,,CreatedTaskProcess
2026-05-17T16:25:58.758633Z,100,dc.scaffold.htb,Microsoft-Windows-TaskScheduler,Microsoft-Windows-TaskScheduler/Operational,2963,4,,,AE265039-7833-4964-A0B4-22CD9DA0FD64,,,,,,,,,\Microsoft\Windows\Workplace Join\Automatic-Device-Join,NT AUTHORITY\SYSTEM,,TaskStartEvent
2026-05-17T16:25:58.758636Z,200,dc.scaffold.htb,Microsoft-Windows-TaskScheduler,Microsoft-Windows-TaskScheduler/Operational,2964,4,%SystemRoot%\System32\dsregcmd.exe,4868,,,,,,,,,AE265039-7833-4964-A0B4-22CD9DA0FD64,\Microsoft\Windows\Workplace Join\Automatic-Device-Join,,,ActionStart
2026-05-17T16:25:58.814173Z,201,dc.scaffold.htb,Microsoft-Windows-TaskScheduler,Microsoft-Windows-TaskScheduler/Operational,2965,4,%SystemRoot%\System32\dsregcmd.exe,4868,,,,,,,2147942401,,AE265039-7833-4964-A0B4-22CD9DA0FD64,\Microsoft\Windows\Workplace Join\Automatic-Device-Join,,,ActionSuccess
2026-05-17T16:25:58.814255Z,102,dc.scaffold.htb,Microsoft-Windows-TaskScheduler,Microsoft-Windows-TaskScheduler/Operational,2966,4,,,AE265039-7833-4964-A0B4-22CD9DA0FD64,,,,,,,,,\Microsoft\Windows\Workplace Join\Automatic-Device-Join,NT AUTHORITY\SYSTEM,,TaskSuccessEvent
2026-05-17T16:26:03.330085Z,202,dc.scaffold.htb,Microsoft-Windows-TaskScheduler,Microsoft-Windows-TaskScheduler/Operational,2967,2,Sync Language Data From Cloud Task,6204,,,,,,,2147746053,,E6C44A6D-207B-4235-B5B9-14C6785F9250,\Microsoft\Windows\International\Synchronize Language Settings,,,ActionFailure
2026-05-17T16:26:03.330089Z,103,dc.scaffold.htb,Microsoft-Windows-TaskScheduler,Microsoft-Windows-TaskScheduler/Operational,2968,2,,,E6C44A6D-207B-4235-B5B9-14C6785F9250,,,,,,2147746053,,,\Microsoft\Windows\International\Synchronize Language Settings,SCAFFOLD\Administrator,,TaskFailureEvent
2026-05-17T16:26:46.244740Z,118,dc.scaffold.htb,Microsoft-Windows-TaskScheduler,Microsoft-Windows-TaskScheduler/Operational,2969,4,,,038666D4-D7A1-4F42-A212-77E642F81FD1,,,,,,,,,\Microsoft\Windows\Windows Error Reporting\QueueReporting,,,BootTrigger
2026-05-17T16:26:46.247433Z,129,dc.scaffold.htb,Microsoft-Windows-TaskScheduler,Microsoft-Windows-TaskScheduler/Operational,2970,4,,,,,taskhostw.exe,16384,4748,,,,,\Microsoft\Windows\Flighting\FeatureConfig\ReconcileFeatures,,,CreatedTaskProcess
2026-05-17T16:26:46.247638Z,100,dc.scaffold.htb,Microsoft-Windows-TaskScheduler,Microsoft-Windows-TaskScheduler/Operational,2971,4,,,A4A77B70-9AFF-4637-9676-FFBB214449E1,,,,,,,,,\Microsoft\Windows\Flighting\FeatureConfig\ReconcileFeatures,NT AUTHORITY\SYSTEM,,TaskStartEvent
2026-05-17T16:26:46.247640Z,200,dc.scaffold.htb,Microsoft-Windows-TaskScheduler,Microsoft-Windows-TaskScheduler/Operational,2972,4,Feature Configuration Reconciliation Task Handler,4748,,,,,,,,,A4A77B70-9AFF-4637-9676-FFBB214449E1,\Microsoft\Windows\Flighting\FeatureConfig\ReconcileFeatures,,,ActionStart
2026-05-17T16:26:46.253704Z,129,dc.scaffold.htb,Microsoft-Windows-TaskScheduler,Microsoft-Windows-TaskScheduler/Operational,2973,4,,,,,%windir%\system32\wermgr.exe,16384,1004,,,,,\Microsoft\Windows\Windows Error Reporting\QueueReporting,,,CreatedTaskProcess
2026-05-17T16:26:46.253869Z,100,dc.scaffold.htb,Microsoft-Windows-TaskScheduler,Microsoft-Windows-TaskScheduler/Operational,2974,4,,,038666D4-D7A1-4F42-A212-77E642F81FD1,,,,,,,,,\Microsoft\Windows\Windows Error Reporting\QueueReporting,NT AUTHORITY\SYSTEM,,TaskStartEvent
2026-05-17T16:26:46.253871Z,200,dc.scaffold.htb,Microsoft-Windows-TaskScheduler,Microsoft-Windows-TaskScheduler/Operational,2975,4,%windir%\system32\wermgr.exe,1004,,,,,,,,,038666D4-D7A1-4F42-A212-77E642F81FD1,\Microsoft\Windows\Windows Error Reporting\QueueReporting,,,ActionStart
2026-05-17T16:26:46.287872Z,201,dc.scaffold.htb,Microsoft-Windows-TaskScheduler,Microsoft-Windows-TaskScheduler/Operational,2976,4,Feature Configuration Reconciliation Task Handler,4748,,,,,,,0,,A4A77B70-9AFF-4637-9676-FFBB214449E1,\Microsoft\Windows\Flighting\FeatureConfig\ReconcileFeatures,,,ActionSuccess
2026-05-17T16:26:46.287873Z,102,dc.scaffold.htb,Microsoft-Windows-TaskScheduler,Microsoft-Windows-TaskScheduler/Operational,2977,4,,,A4A77B70-9AFF-4637-9676-FFBB214449E1,,,,,,,,,\Microsoft\Windows\Flighting\FeatureConfig\ReconcileFeatures,NT AUTHORITY\SYSTEM,,TaskSuccessEvent
2026-05-17T16:26:55.359668Z,201,dc.scaffold.htb,Microsoft-Windows-TaskScheduler,Microsoft-Windows-TaskScheduler/Operational,2978,4,%windir%\system32\wermgr.exe,1004,,,,,,,0,,038666D4-D7A1-4F42-A212-77E642F81FD1,\Microsoft\Windows\Windows Error Reporting\QueueReporting,,,ActionSuccess
2026-05-17T16:26:55.359764Z,102,dc.scaffold.htb,Microsoft-Windows-TaskScheduler,Microsoft-Windows-TaskScheduler/Operational,2979,4,,,038666D4-D7A1-4F42-A212-77E642F81FD1,,,,,,,,,\Microsoft\Windows\Windows Error Reporting\QueueReporting,NT AUTHORITY\SYSTEM,,TaskSuccessEvent
2026-05-17T16:29:19.377396Z,201,dc.scaffold.htb,Microsoft-Windows-TaskScheduler,Microsoft-Windows-TaskScheduler/Operational,2980,4,C:\Windows\Explorer.EXE,3892,,,,,,,2147942404,,558D0344-9FF8-432F-B26C-C6322FD43C1A,\CreateExplorerShellUnelevatedTask,,,ActionSuccess
2026-05-17T16:29:19.377808Z,102,dc.scaffold.htb,Microsoft-Windows-TaskScheduler,Microsoft-Windows-TaskScheduler/Operational,2981,4,,,558D0344-9FF8-432F-B26C-C6322FD43C1A,,,,,,,,,\CreateExplorerShellUnelevatedTask,SCAFFOLD\Administrator,,TaskSuccessEvent
2026-05-17T16:29:19.401643Z,202,dc.scaffold.htb,Microsoft-Windows-TaskScheduler,Microsoft-Windows-TaskScheduler/Operational,2982,2,Wininet Cache task object,528,,,,,,,2147942404,,4AD584B6-94BE-42A5-80C7-9D5BD8D915FA,\Microsoft\Windows\Wininet\CacheTask,,,ActionFailure
2026-05-17T16:29:19.401644Z,103,dc.scaffold.htb,Microsoft-Windows-TaskScheduler,Microsoft-Windows-TaskScheduler/Operational,2983,2,,,4AD584B6-94BE-42A5-80C7-9D5BD8D915FA,,,,,,2147942404,,,\Microsoft\Windows\Wininet\CacheTask,,,TaskFailureEvent
2026-05-17T16:29:19.593959Z,201,dc.scaffold.htb,Microsoft-Windows-TaskScheduler,Microsoft-Windows-TaskScheduler/Operational,2984,4,C:\Program Files (x86)\Microsoft\EdgeUpdate\MicrosoftEdgeUpdate.exe,1192,,,,,,,2147943691,,48C16EA5-3C66-4626-B133-961A3FBA86C7,\MicrosoftEdgeUpdateTaskMachineCore,,,ActionSuccess
2026-05-17T16:29:19.594030Z,102,dc.scaffold.htb,Microsoft-Windows-TaskScheduler,Microsoft-Windows-TaskScheduler/Operational,2985,4,,,48C16EA5-3C66-4626-B133-961A3FBA86C7,,,,,,,,,\MicrosoftEdgeUpdateTaskMachineCore,NT AUTHORITY\SYSTEM,,TaskSuccessEvent
2026-05-17T16:29:19.594038Z,111,dc.scaffold.htb,Microsoft-Windows-TaskScheduler,Microsoft-Windows-TaskScheduler/Operational,2986,4,,,48C16EA5-3C66-4626-B133-961A3FBA86C7,,,,,,,,,\MicrosoftEdgeUpdateTaskMachineCore,,,TaskTerminationEvent
2026-05-17T16:29:19.664145Z,140,dc.scaffold.htb,Microsoft-Windows-TaskScheduler,Microsoft-Windows-TaskScheduler/Operational,2987,4,,,,,,,,,,,,\Microsoft\Windows\WindowsUpdate\Scheduled Start,,NT AUTHORITY\SYSTEM,TaskUpdated
2026-05-17T16:29:20.825940Z,402,dc.scaffold.htb,Microsoft-Windows-TaskScheduler,Microsoft-Windows-TaskScheduler/Operational,2988,4,,,,ServiceStopEvent,,,,,,,,,,,
2026-05-17T16:36:16.258876Z,700,dc.scaffold.htb,Microsoft-Windows-TaskScheduler,Microsoft-Windows-TaskScheduler/Operational,2989,4,,,,CompatibilityAdapterLaunch,,,,,,,,,,,
2026-05-17T16:36:16.286035Z,400,dc.scaffold.htb,Microsoft-Windows-TaskScheduler,Microsoft-Windows-TaskScheduler/Operational,2990,4,,,,ServiceStartEvent,,,,,,,,,,,
