2026-05-18T22:10:25.937149Z,109,dc.scaffold.htb,Microsoft-Windows-TaskScheduler,Microsoft-Windows-TaskScheduler/Operational,3364,4,,,17ACA7A0-600D-4747-B135-F5A532FA2F0A,,,,,,,,,\CreateExplorerShellUnelevatedTask,,,RegistrationTriggerEvent
2026-05-18T22:10:25.939803Z,129,dc.scaffold.htb,Microsoft-Windows-TaskScheduler,Microsoft-Windows-TaskScheduler/Operational,3365,4,,,,,C:\Windows\Explorer.EXE,32,5228,,,,,\CreateExplorerShellUnelevatedTask,,,CreatedTaskProcess
2026-05-18T22:10:25.939991Z,100,dc.scaffold.htb,Microsoft-Windows-TaskScheduler,Microsoft-Windows-TaskScheduler/Operational,3366,4,,,17ACA7A0-600D-4747-B135-F5A532FA2F0A,,,,,,,,,\CreateExplorerShellUnelevatedTask,SCAFFOLD\Administrator,,TaskStartEvent
2026-05-18T22:10:25.939992Z,200,dc.scaffold.htb,Microsoft-Windows-TaskScheduler,Microsoft-Windows-TaskScheduler/Operational,3367,4,C:\Windows\Explorer.EXE,5228,,,,,,,,,17ACA7A0-600D-4747-B135-F5A532FA2F0A,\CreateExplorerShellUnelevatedTask,,,ActionStart
2026-05-18T22:10:26.033089Z,201,dc.scaffold.htb,Microsoft-Windows-TaskScheduler,Microsoft-Windows-TaskScheduler/Operational,3368,4,Certificate Services Client Task Handler,5012,,,,,,,0,,A6DDD2EE-3AC7-42D7-8A5D-6CC1EC3FD4D5,\Microsoft\Windows\CertificateServicesClient\UserTask,,,ActionSuccess
2026-05-18T22:10:26.033094Z,102,dc.scaffold.htb,Microsoft-Windows-TaskScheduler,Microsoft-Windows-TaskScheduler/Operational,3369,4,,,A6DDD2EE-3AC7-42D7-8A5D-6CC1EC3FD4D5,,,,,,,,,\Microsoft\Windows\CertificateServicesClient\UserTask,SCAFFOLD\Administrator,,TaskSuccessEvent
2026-05-18T22:10:26.082684Z,201,dc.scaffold.htb,Microsoft-Windows-TaskScheduler,Microsoft-Windows-TaskScheduler/Operational,3370,4,Device Installation Reboot Dialog Task,3360,,,,,,,0,,387FA96C-28DC-4397-85B3-FC6F0BACAEF6,\Microsoft\Windows\Plug and Play\Device Install Reboot Required,,,ActionSuccess
2026-05-18T22:10:26.082686Z,102,dc.scaffold.htb,Microsoft-Windows-TaskScheduler,Microsoft-Windows-TaskScheduler/Operational,3371,4,,,387FA96C-28DC-4397-85B3-FC6F0BACAEF6,,,,,,,,,\Microsoft\Windows\Plug and Play\Device Install Reboot Required,SCAFFOLD\Administrator,,TaskSuccessEvent
2026-05-18T22:10:26.108238Z,201,dc.scaffold.htb,Microsoft-Windows-TaskScheduler,Microsoft-Windows-TaskScheduler/Operational,3372,4,Color Calibration Loader,5012,,,,,,,0,,C3B6C377-9920-4640-9F74-FF75D8757054,\Microsoft\Windows\WindowsColorSystem\Calibration Loader,,,ActionSuccess
2026-05-18T22:10:26.108239Z,102,dc.scaffold.htb,Microsoft-Windows-TaskScheduler,Microsoft-Windows-TaskScheduler/Operational,3373,4,,,C3B6C377-9920-4640-9F74-FF75D8757054,,,,,,,,,\Microsoft\Windows\WindowsColorSystem\Calibration Loader,SCAFFOLD\Administrator,,TaskSuccessEvent
2026-05-18T22:10:27.653675Z,201,dc.scaffold.htb,Microsoft-Windows-TaskScheduler,Microsoft-Windows-TaskScheduler/Operational,3374,4,%windir%\system32\ServerManagerLauncher.exe,6004,,,,,,,0,,396F2468-49EF-4BE5-97E2-5C30C0A09AAD,\Microsoft\Windows\Server Manager\ServerManager,,,ActionSuccess
2026-05-18T22:10:27.653910Z,102,dc.scaffold.htb,Microsoft-Windows-TaskScheduler,Microsoft-Windows-TaskScheduler/Operational,3375,4,,,396F2468-49EF-4BE5-97E2-5C30C0A09AAD,,,,,,,,,\Microsoft\Windows\Server Manager\ServerManager,SCAFFOLD\Administrator,,TaskSuccessEvent
2026-05-18T22:10:40.978488Z,201,dc.scaffold.htb,Microsoft-Windows-TaskScheduler,Microsoft-Windows-TaskScheduler/Operational,3376,4,C:\ProgramData\Microsoft\Windows Defender\Platform\4.18.26030.3011-0\MpCmdRun.exe,2772,,,,,,,0,,DDB3C06A-FF66-496D-AE99-C7C63218DB27,\Microsoft\Windows\Windows Defender\Windows Defender Verification,,,ActionSuccess
2026-05-18T22:10:40.978706Z,102,dc.scaffold.htb,Microsoft-Windows-TaskScheduler,Microsoft-Windows-TaskScheduler/Operational,3377,4,,,DDB3C06A-FF66-496D-AE99-C7C63218DB27,,,,,,,,,\Microsoft\Windows\Windows Defender\Windows Defender Verification,NT AUTHORITY\SYSTEM,,TaskSuccessEvent
2026-05-18T22:10:56.079660Z,119,dc.scaffold.htb,Microsoft-Windows-TaskScheduler,Microsoft-Windows-TaskScheduler/Operational,3378,4,,,D1904FE3-0A0A-4543-821D-8C1D8A392272,,,,,,,,,\Microsoft\Windows\International\Synchronize Language Settings,,SCAFFOLD\Administrator,LogonTrigger
2026-05-18T22:10:56.083227Z,129,dc.scaffold.htb,Microsoft-Windows-TaskScheduler,Microsoft-Windows-TaskScheduler/Operational,3379,4,,,,,taskhostw.exe,32,5756,,,,,\Microsoft\Windows\International\Synchronize Language Settings,,,CreatedTaskProcess
2026-05-18T22:10:56.083722Z,100,dc.scaffold.htb,Microsoft-Windows-TaskScheduler,Microsoft-Windows-TaskScheduler/Operational,3380,4,,,D1904FE3-0A0A-4543-821D-8C1D8A392272,,,,,,,,,\Microsoft\Windows\International\Synchronize Language Settings,SCAFFOLD\Administrator,,TaskStartEvent
2026-05-18T22:10:56.083725Z,200,dc.scaffold.htb,Microsoft-Windows-TaskScheduler,Microsoft-Windows-TaskScheduler/Operational,3381,4,Sync Language Data From Cloud Task,5756,,,,,,,,,D1904FE3-0A0A-4543-821D-8C1D8A392272,\Microsoft\Windows\International\Synchronize Language Settings,,,ActionStart
2026-05-18T22:11:18.724944Z,140,dc.scaffold.htb,Microsoft-Windows-TaskScheduler,Microsoft-Windows-TaskScheduler/Operational,3382,4,,,,,,,,,,,,\Microsoft\Windows\Application Experience\PcaPatchDbTask,,SCAFFOLD\DC$,TaskUpdated
2026-05-18T22:11:21.221254Z,140,dc.scaffold.htb,Microsoft-Windows-TaskScheduler,Microsoft-Windows-TaskScheduler/Operational,3383,4,,,,,,,,,,,,\Microsoft\Windows\UpdateOrchestrator\Schedule Scan,,S-1-5-18,TaskUpdated
2026-05-18T22:11:21.242136Z,140,dc.scaffold.htb,Microsoft-Windows-TaskScheduler,Microsoft-Windows-TaskScheduler/Operational,3384,4,,,,,,,,,,,,\Microsoft\Windows\UpdateOrchestrator\Schedule Scan,,SCAFFOLD\DC$,TaskUpdated
2026-05-18T22:11:26.083968Z,119,dc.scaffold.htb,Microsoft-Windows-TaskScheduler,Microsoft-Windows-TaskScheduler/Operational,3385,4,,,E989212E-344A-40C7-A97D-1FADFF393A96,,,,,,,,,\Microsoft\Windows\Workplace Join\Automatic-Device-Join,,SCAFFOLD\Administrator,LogonTrigger
2026-05-18T22:11:26.088030Z,129,dc.scaffold.htb,Microsoft-Windows-TaskScheduler,Microsoft-Windows-TaskScheduler/Operational,3386,4,,,,,%SystemRoot%\System32\dsregcmd.exe,16384,992,,,,,\Microsoft\Windows\Workplace Join\Automatic-Device-Join,,,CreatedTaskProcess
2026-05-18T22:11:26.088304Z,100,dc.scaffold.htb,Microsoft-Windows-TaskScheduler,Microsoft-Windows-TaskScheduler/Operational,3387,4,,,E989212E-344A-40C7-A97D-1FADFF393A96,,,,,,,,,\Microsoft\Windows\Workplace Join\Automatic-Device-Join,NT AUTHORITY\SYSTEM,,TaskStartEvent
2026-05-18T22:11:26.088307Z,200,dc.scaffold.htb,Microsoft-Windows-TaskScheduler,Microsoft-Windows-TaskScheduler/Operational,3388,4,%SystemRoot%\System32\dsregcmd.exe,992,,,,,,,,,E989212E-344A-40C7-A97D-1FADFF393A96,\Microsoft\Windows\Workplace Join\Automatic-Device-Join,,,ActionStart
2026-05-18T22:11:26.142838Z,201,dc.scaffold.htb,Microsoft-Windows-TaskScheduler,Microsoft-Windows-TaskScheduler/Operational,3389,4,%SystemRoot%\System32\dsregcmd.exe,992,,,,,,,2147942401,,E989212E-344A-40C7-A97D-1FADFF393A96,\Microsoft\Windows\Workplace Join\Automatic-Device-Join,,,ActionSuccess
2026-05-18T22:11:26.142932Z,102,dc.scaffold.htb,Microsoft-Windows-TaskScheduler,Microsoft-Windows-TaskScheduler/Operational,3390,4,,,E989212E-344A-40C7-A97D-1FADFF393A96,,,,,,,,,\Microsoft\Windows\Workplace Join\Automatic-Device-Join,NT AUTHORITY\SYSTEM,,TaskSuccessEvent
2026-05-18T22:11:30.754581Z,202,dc.scaffold.htb,Microsoft-Windows-TaskScheduler,Microsoft-Windows-TaskScheduler/Operational,3391,2,Sync Language Data From Cloud Task,5756,,,,,,,2147746053,,D1904FE3-0A0A-4543-821D-8C1D8A392272,\Microsoft\Windows\International\Synchronize Language Settings,,,ActionFailure
2026-05-18T22:11:30.754586Z,103,dc.scaffold.htb,Microsoft-Windows-TaskScheduler,Microsoft-Windows-TaskScheduler/Operational,3392,2,,,D1904FE3-0A0A-4543-821D-8C1D8A392272,,,,,,2147746053,,,\Microsoft\Windows\International\Synchronize Language Settings,SCAFFOLD\Administrator,,TaskFailureEvent
2026-05-18T22:12:09.658937Z,118,dc.scaffold.htb,Microsoft-Windows-TaskScheduler,Microsoft-Windows-TaskScheduler/Operational,3393,4,,,14B0841F-9B3D-4B94-8987-BA7BB8CF1C29,,,,,,,,,\Microsoft\Windows\Windows Error Reporting\QueueReporting,,,BootTrigger
2026-05-18T22:12:09.664613Z,129,dc.scaffold.htb,Microsoft-Windows-TaskScheduler,Microsoft-Windows-TaskScheduler/Operational,3394,4,,,,,taskhostw.exe,16384,4400,,,,,\Microsoft\Windows\Flighting\FeatureConfig\ReconcileFeatures,,,CreatedTaskProcess
2026-05-18T22:12:09.664968Z,100,dc.scaffold.htb,Microsoft-Windows-TaskScheduler,Microsoft-Windows-TaskScheduler/Operational,3395,4,,,56C23A11-8385-4CC2-B2F4-E4869469015D,,,,,,,,,\Microsoft\Windows\Flighting\FeatureConfig\ReconcileFeatures,NT AUTHORITY\SYSTEM,,TaskStartEvent
2026-05-18T22:12:09.664972Z,200,dc.scaffold.htb,Microsoft-Windows-TaskScheduler,Microsoft-Windows-TaskScheduler/Operational,3396,4,Feature Configuration Reconciliation Task Handler,4400,,,,,,,,,56C23A11-8385-4CC2-B2F4-E4869469015D,\Microsoft\Windows\Flighting\FeatureConfig\ReconcileFeatures,,,ActionStart
2026-05-18T22:12:09.676477Z,129,dc.scaffold.htb,Microsoft-Windows-TaskScheduler,Microsoft-Windows-TaskScheduler/Operational,3397,4,,,,,%windir%\system32\wermgr.exe,16384,1892,,,,,\Microsoft\Windows\Windows Error Reporting\QueueReporting,,,CreatedTaskProcess
2026-05-18T22:12:09.676704Z,100,dc.scaffold.htb,Microsoft-Windows-TaskScheduler,Microsoft-Windows-TaskScheduler/Operational,3398,4,,,14B0841F-9B3D-4B94-8987-BA7BB8CF1C29,,,,,,,,,\Microsoft\Windows\Windows Error Reporting\QueueReporting,NT AUTHORITY\SYSTEM,,TaskStartEvent
2026-05-18T22:12:09.676706Z,200,dc.scaffold.htb,Microsoft-Windows-TaskScheduler,Microsoft-Windows-TaskScheduler/Operational,3399,4,%windir%\system32\wermgr.exe,1892,,,,,,,,,14B0841F-9B3D-4B94-8987-BA7BB8CF1C29,\Microsoft\Windows\Windows Error Reporting\QueueReporting,,,ActionStart
2026-05-18T22:12:09.702701Z,201,dc.scaffold.htb,Microsoft-Windows-TaskScheduler,Microsoft-Windows-TaskScheduler/Operational,3400,4,Feature Configuration Reconciliation Task Handler,4400,,,,,,,0,,56C23A11-8385-4CC2-B2F4-E4869469015D,\Microsoft\Windows\Flighting\FeatureConfig\ReconcileFeatures,,,ActionSuccess
2026-05-18T22:12:09.702702Z,102,dc.scaffold.htb,Microsoft-Windows-TaskScheduler,Microsoft-Windows-TaskScheduler/Operational,3401,4,,,56C23A11-8385-4CC2-B2F4-E4869469015D,,,,,,,,,\Microsoft\Windows\Flighting\FeatureConfig\ReconcileFeatures,NT AUTHORITY\SYSTEM,,TaskSuccessEvent
2026-05-18T22:12:27.784364Z,201,dc.scaffold.htb,Microsoft-Windows-TaskScheduler,Microsoft-Windows-TaskScheduler/Operational,3402,4,%windir%\system32\wermgr.exe,1892,,,,,,,0,,14B0841F-9B3D-4B94-8987-BA7BB8CF1C29,\Microsoft\Windows\Windows Error Reporting\QueueReporting,,,ActionSuccess
2026-05-18T22:12:27.784574Z,102,dc.scaffold.htb,Microsoft-Windows-TaskScheduler,Microsoft-Windows-TaskScheduler/Operational,3403,4,,,14B0841F-9B3D-4B94-8987-BA7BB8CF1C29,,,,,,,,,\Microsoft\Windows\Windows Error Reporting\QueueReporting,NT AUTHORITY\SYSTEM,,TaskSuccessEvent
2026-05-18T22:15:58.907748Z,114,dc.scaffold.htb,Microsoft-Windows-TaskScheduler,Microsoft-Windows-TaskScheduler/Operational,3404,3,,,53E5797C-4FE3-4A1E-BA51-8BBF6C38E9A0,,,,,,,,,\Microsoft\Windows\Windows Error Reporting\QueueReporting,,,MissedTaskLaunched
2026-05-18T22:15:58.909701Z,114,dc.scaffold.htb,Microsoft-Windows-TaskScheduler,Microsoft-Windows-TaskScheduler/Operational,3405,3,,,9FFBC2F5-0064-4C9D-87B6-2F13406FBC04,,,,,,,,,\Microsoft\Windows\Data Integrity Scan\Data Integrity Check And Scan,,,MissedTaskLaunched
2026-05-18T22:15:58.909917Z,114,dc.scaffold.htb,Microsoft-Windows-TaskScheduler,Microsoft-Windows-TaskScheduler/Operational,3406,3,,,F8B01487-3DE6-4C23-8BB1-7B3CE0102B41,,,,,,,,,\MicrosoftEdgeUpdateTaskMachineCore,,,MissedTaskLaunched
2026-05-18T22:15:58.912205Z,129,dc.scaffold.htb,Microsoft-Windows-TaskScheduler,Microsoft-Windows-TaskScheduler/Operational,3407,4,,,,,%windir%\system32\wermgr.exe,16384,3064,,,,,\Microsoft\Windows\Windows Error Reporting\QueueReporting,,,CreatedTaskProcess
2026-05-18T22:15:58.912884Z,100,dc.scaffold.htb,Microsoft-Windows-TaskScheduler,Microsoft-Windows-TaskScheduler/Operational,3408,4,,,53E5797C-4FE3-4A1E-BA51-8BBF6C38E9A0,,,,,,,,,\Microsoft\Windows\Windows Error Reporting\QueueReporting,NT AUTHORITY\SYSTEM,,TaskStartEvent
2026-05-18T22:15:58.912888Z,200,dc.scaffold.htb,Microsoft-Windows-TaskScheduler,Microsoft-Windows-TaskScheduler/Operational,3409,4,%windir%\system32\wermgr.exe,3064,,,,,,,,,53E5797C-4FE3-4A1E-BA51-8BBF6C38E9A0,\Microsoft\Windows\Windows Error Reporting\QueueReporting,,,ActionStart
2026-05-18T22:15:58.913538Z,114,dc.scaffold.htb,Microsoft-Windows-TaskScheduler,Microsoft-Windows-TaskScheduler/Operational,3410,3,,,49C49FE1-DA62-42FD-8FCC-282AF67D0B7E,,,,,,,,,\Microsoft\Windows\Customer Experience Improvement Program\Consolidator,,,MissedTaskLaunched
2026-05-18T22:15:58.914476Z,129,dc.scaffold.htb,Microsoft-Windows-TaskScheduler,Microsoft-Windows-TaskScheduler/Operational,3411,4,,,,,C:\Program Files (x86)\Microsoft\EdgeUpdate\MicrosoftEdgeUpdate.exe,32,1848,,,,,\MicrosoftEdgeUpdateTaskMachineCore,,,CreatedTaskProcess
2026-05-18T22:15:58.914677Z,100,dc.scaffold.htb,Microsoft-Windows-TaskScheduler,Microsoft-Windows-TaskScheduler/Operational,3412,4,,,F8B01487-3DE6-4C23-8BB1-7B3CE0102B41,,,,,,,,,\MicrosoftEdgeUpdateTaskMachineCore,NT AUTHORITY\SYSTEM,,TaskStartEvent
2026-05-18T22:15:58.914679Z,200,dc.scaffold.htb,Microsoft-Windows-TaskScheduler,Microsoft-Windows-TaskScheduler/Operational,3413,4,C:\Program Files (x86)\Microsoft\EdgeUpdate\MicrosoftEdgeUpdate.exe,1848,,,,,,,,,F8B01487-3DE6-4C23-8BB1-7B3CE0102B41,\MicrosoftEdgeUpdateTaskMachineCore,,,ActionStart
2026-05-18T22:15:58.915096Z,114,dc.scaffold.htb,Microsoft-Windows-TaskScheduler,Microsoft-Windows-TaskScheduler/Operational,3414,3,,,1FD9E8F8-92FC-4697-BD45-59925436F60F,,,,,,,,,\Microsoft\Windows\UpdateOrchestrator\USO_UxBroker,,,MissedTaskLaunched
2026-05-18T22:15:58.915453Z,129,dc.scaffold.htb,Microsoft-Windows-TaskScheduler,Microsoft-Windows-TaskScheduler/Operational,3415,4,,,,,taskhostw.exe,16384,2760,,,,,\Microsoft\Windows\Data Integrity Scan\Data Integrity Check And Scan,,,CreatedTaskProcess
2026-05-18T22:15:58.915875Z,100,dc.scaffold.htb,Microsoft-Windows-TaskScheduler,Microsoft-Windows-TaskScheduler/Operational,3416,4,,,9FFBC2F5-0064-4C9D-87B6-2F13406FBC04,,,,,,,,,\Microsoft\Windows\Data Integrity Scan\Data Integrity Check And Scan,NT AUTHORITY\SYSTEM,,TaskStartEvent
2026-05-18T22:15:58.915878Z,200,dc.scaffold.htb,Microsoft-Windows-TaskScheduler,Microsoft-Windows-TaskScheduler/Operational,3417,4,Data Integrity Scan,2760,,,,,,,,,9FFBC2F5-0064-4C9D-87B6-2F13406FBC04,\Microsoft\Windows\Data Integrity Scan\Data Integrity Check And Scan,,,ActionStart
2026-05-18T22:15:58.916431Z,114,dc.scaffold.htb,Microsoft-Windows-TaskScheduler,Microsoft-Windows-TaskScheduler/Operational,3418,3,,,CB23F2EC-BC5A-4066-B056-433FEF26AC0D,,,,,,,,,\Microsoft\Windows\Device Information\Device,,,MissedTaskLaunched
2026-05-18T22:15:58.923938Z,129,dc.scaffold.htb,Microsoft-Windows-TaskScheduler,Microsoft-Windows-TaskScheduler/Operational,3419,4,,,,,%windir%\system32\devicecensus.exe,16384,4868,,,,,\Microsoft\Windows\Device Information\Device,,,CreatedTaskProcess
2026-05-18T22:15:58.925298Z,129,dc.scaffold.htb,Microsoft-Windows-TaskScheduler,Microsoft-Windows-TaskScheduler/Operational,3420,4,,,,,%systemroot%\system32\MusNotification.exe,16384,4404,,,,,\Microsoft\Windows\UpdateOrchestrator\USO_UxBroker,,,CreatedTaskProcess
2026-05-18T22:15:58.925437Z,100,dc.scaffold.htb,Microsoft-Windows-TaskScheduler,Microsoft-Windows-TaskScheduler/Operational,3421,4,,,1FD9E8F8-92FC-4697-BD45-59925436F60F,,,,,,,,,\Microsoft\Windows\UpdateOrchestrator\USO_UxBroker,NT AUTHORITY\SYSTEM,,TaskStartEvent
2026-05-18T22:15:58.925439Z,200,dc.scaffold.htb,Microsoft-Windows-TaskScheduler,Microsoft-Windows-TaskScheduler/Operational,3422,4,%systemroot%\system32\MusNotification.exe,4404,,,,,,,,,1FD9E8F8-92FC-4697-BD45-59925436F60F,\Microsoft\Windows\UpdateOrchestrator\USO_UxBroker,,,ActionStart
2026-05-18T22:15:58.925456Z,100,dc.scaffold.htb,Microsoft-Windows-TaskScheduler,Microsoft-Windows-TaskScheduler/Operational,3423,4,,,CB23F2EC-BC5A-4066-B056-433FEF26AC0D,,,,,,,,,\Microsoft\Windows\Device Information\Device,NT AUTHORITY\SYSTEM,,TaskStartEvent
2026-05-18T22:15:58.925457Z,200,dc.scaffold.htb,Microsoft-Windows-TaskScheduler,Microsoft-Windows-TaskScheduler/Operational,3424,4,%windir%\system32\devicecensus.exe,4868,,,,,,,,,CB23F2EC-BC5A-4066-B056-433FEF26AC0D,\Microsoft\Windows\Device Information\Device,,,ActionStart
2026-05-18T22:15:58.925708Z,114,dc.scaffold.htb,Microsoft-Windows-TaskScheduler,Microsoft-Windows-TaskScheduler/Operational,3425,3,,,5B01EDEB-A927-454D-9CED-52038696BB39,,,,,,,,,\Microsoft\Windows\Application Experience\Microsoft Compatibility Appraiser,,,MissedTaskLaunched
2026-05-18T22:15:58.925770Z,114,dc.scaffold.htb,Microsoft-Windows-TaskScheduler,Microsoft-Windows-TaskScheduler/Operational,3426,3,,,3D2F7B11-DED1-4EBE-A713-75BFA8013C1A,,,,,,,,,\MicrosoftEdgeUpdateTaskMachineUA,,,MissedTaskLaunched
2026-05-18T22:15:58.925819Z,129,dc.scaffold.htb,Microsoft-Windows-TaskScheduler,Microsoft-Windows-TaskScheduler/Operational,3427,4,,,,,%SystemRoot%\System32\wsqmcons.exe,16384,6148,,,,,\Microsoft\Windows\Customer Experience Improvement Program\Consolidator,,,CreatedTaskProcess
2026-05-18T22:15:58.925941Z,100,dc.scaffold.htb,Microsoft-Windows-TaskScheduler,Microsoft-Windows-TaskScheduler/Operational,3428,4,,,49C49FE1-DA62-42FD-8FCC-282AF67D0B7E,,,,,,,,,\Microsoft\Windows\Customer Experience Improvement Program\Consolidator,NT AUTHORITY\SYSTEM,,TaskStartEvent
2026-05-18T22:15:58.925942Z,200,dc.scaffold.htb,Microsoft-Windows-TaskScheduler,Microsoft-Windows-TaskScheduler/Operational,3429,4,%SystemRoot%\System32\wsqmcons.exe,6148,,,,,,,,,49C49FE1-DA62-42FD-8FCC-282AF67D0B7E,\Microsoft\Windows\Customer Experience Improvement Program\Consolidator,,,ActionStart
2026-05-18T22:15:58.926293Z,114,dc.scaffold.htb,Microsoft-Windows-TaskScheduler,Microsoft-Windows-TaskScheduler/Operational,3430,3,,,BBA12E71-5E97-4BF8-A3D5-C037A597675F,,,,,,,,,\Microsoft\Windows\Flighting\OneSettings\RefreshCache,,,MissedTaskLaunched
2026-05-18T22:15:58.926346Z,100,dc.scaffold.htb,Microsoft-Windows-TaskScheduler,Microsoft-Windows-TaskScheduler/Operational,3431,4,,,BBA12E71-5E97-4BF8-A3D5-C037A597675F,,,,,,,,,\Microsoft\Windows\Flighting\OneSettings\RefreshCache,NT AUTHORITY\SYSTEM,,TaskStartEvent
2026-05-18T22:15:58.926346Z,200,dc.scaffold.htb,Microsoft-Windows-TaskScheduler,Microsoft-Windows-TaskScheduler/Operational,3432,4,OneSettings Refresh Cache Task Handler,2760,,,,,,,,,BBA12E71-5E97-4BF8-A3D5-C037A597675F,\Microsoft\Windows\Flighting\OneSettings\RefreshCache,,,ActionStart
2026-05-18T22:15:58.926750Z,114,dc.scaffold.htb,Microsoft-Windows-TaskScheduler,Microsoft-Windows-TaskScheduler/Operational,3433,3,,,F6CD0086-6A89-4F29-8F7F-EB4F73F2215E,,,,,,,,,\Microsoft\Windows\Application Experience\PcaPatchDbTask,,,MissedTaskLaunched
2026-05-18T22:15:58.928461Z,129,dc.scaffold.htb,Microsoft-Windows-TaskScheduler,Microsoft-Windows-TaskScheduler/Operational,3434,4,,,,,C:\Program Files (x86)\Microsoft\EdgeUpdate\MicrosoftEdgeUpdate.exe,32,5696,,,,,\MicrosoftEdgeUpdateTaskMachineUA,,,CreatedTaskProcess
2026-05-18T22:15:58.928716Z,100,dc.scaffold.htb,Microsoft-Windows-TaskScheduler,Microsoft-Windows-TaskScheduler/Operational,3435,4,,,3D2F7B11-DED1-4EBE-A713-75BFA8013C1A,,,,,,,,,\MicrosoftEdgeUpdateTaskMachineUA,NT AUTHORITY\SYSTEM,,TaskStartEvent
2026-05-18T22:15:58.928717Z,200,dc.scaffold.htb,Microsoft-Windows-TaskScheduler,Microsoft-Windows-TaskScheduler/Operational,3436,4,C:\Program Files (x86)\Microsoft\EdgeUpdate\MicrosoftEdgeUpdate.exe,5696,,,,,,,,,3D2F7B11-DED1-4EBE-A713-75BFA8013C1A,\MicrosoftEdgeUpdateTaskMachineUA,,,ActionStart
2026-05-18T22:15:58.929489Z,129,dc.scaffold.htb,Microsoft-Windows-TaskScheduler,Microsoft-Windows-TaskScheduler/Operational,3437,4,,,,,%windir%\system32\rundll32.exe,16384,4100,,,,,\Microsoft\Windows\Application Experience\PcaPatchDbTask,,,CreatedTaskProcess
2026-05-18T22:15:58.929564Z,100,dc.scaffold.htb,Microsoft-Windows-TaskScheduler,Microsoft-Windows-TaskScheduler/Operational,3438,4,,,F6CD0086-6A89-4F29-8F7F-EB4F73F2215E,,,,,,,,,\Microsoft\Windows\Application Experience\PcaPatchDbTask,NT AUTHORITY\SYSTEM,,TaskStartEvent
2026-05-18T22:15:58.929565Z,200,dc.scaffold.htb,Microsoft-Windows-TaskScheduler,Microsoft-Windows-TaskScheduler/Operational,3439,4,%windir%\system32\rundll32.exe,4100,,,,,,,,,F6CD0086-6A89-4F29-8F7F-EB4F73F2215E,\Microsoft\Windows\Application Experience\PcaPatchDbTask,,,ActionStart
2026-05-18T22:15:58.929860Z,129,dc.scaffold.htb,Microsoft-Windows-TaskScheduler,Microsoft-Windows-TaskScheduler/Operational,3440,4,,,,,%windir%\system32\compattelrunner.exe,16384,4844,,,,,\Microsoft\Windows\Application Experience\Microsoft Compatibility Appraiser,,,CreatedTaskProcess
2026-05-18T22:15:58.929945Z,100,dc.scaffold.htb,Microsoft-Windows-TaskScheduler,Microsoft-Windows-TaskScheduler/Operational,3441,4,,,5B01EDEB-A927-454D-9CED-52038696BB39,,,,,,,,,\Microsoft\Windows\Application Experience\Microsoft Compatibility Appraiser,NT AUTHORITY\SYSTEM,,TaskStartEvent
2026-05-18T22:15:58.929946Z,200,dc.scaffold.htb,Microsoft-Windows-TaskScheduler,Microsoft-Windows-TaskScheduler/Operational,3442,4,%windir%\system32\compattelrunner.exe,4844,,,,,,,,,5B01EDEB-A927-454D-9CED-52038696BB39,\Microsoft\Windows\Application Experience\Microsoft Compatibility Appraiser,,,ActionStart
2026-05-18T22:15:58.930418Z,114,dc.scaffold.htb,Microsoft-Windows-TaskScheduler,Microsoft-Windows-TaskScheduler/Operational,3443,3,,,B6738618-7869-4ECB-AE03-5CA135C1B890,,,,,,,,,\Microsoft\Windows\UpdateOrchestrator\Schedule Scan,,,MissedTaskLaunched
2026-05-18T22:15:58.933001Z,129,dc.scaffold.htb,Microsoft-Windows-TaskScheduler,Microsoft-Windows-TaskScheduler/Operational,3444,4,,,,,%systemroot%\system32\usoclient.exe,16384,4740,,,,,\Microsoft\Windows\UpdateOrchestrator\Schedule Scan,,,CreatedTaskProcess
2026-05-18T22:15:58.933094Z,100,dc.scaffold.htb,Microsoft-Windows-TaskScheduler,Microsoft-Windows-TaskScheduler/Operational,3445,4,,,B6738618-7869-4ECB-AE03-5CA135C1B890,,,,,,,,,\Microsoft\Windows\UpdateOrchestrator\Schedule Scan,NT AUTHORITY\SYSTEM,,TaskStartEvent
2026-05-18T22:15:58.933095Z,200,dc.scaffold.htb,Microsoft-Windows-TaskScheduler,Microsoft-Windows-TaskScheduler/Operational,3446,4,%systemroot%\system32\usoclient.exe,4740,,,,,,,,,B6738618-7869-4ECB-AE03-5CA135C1B890,\Microsoft\Windows\UpdateOrchestrator\Schedule Scan,,,ActionStart
2026-05-18T22:15:58.941512Z,201,dc.scaffold.htb,Microsoft-Windows-TaskScheduler,Microsoft-Windows-TaskScheduler/Operational,3447,4,C:\Program Files (x86)\Microsoft\EdgeUpdate\MicrosoftEdgeUpdate.exe,1848,,,,,,,0,,F8B01487-3DE6-4C23-8BB1-7B3CE0102B41,\MicrosoftEdgeUpdateTaskMachineCore,,,ActionSuccess
2026-05-18T22:15:58.941668Z,102,dc.scaffold.htb,Microsoft-Windows-TaskScheduler,Microsoft-Windows-TaskScheduler/Operational,3448,4,,,F8B01487-3DE6-4C23-8BB1-7B3CE0102B41,,,,,,,,,\MicrosoftEdgeUpdateTaskMachineCore,NT AUTHORITY\SYSTEM,,TaskSuccessEvent
2026-05-18T22:15:58.945483Z,201,dc.scaffold.htb,Microsoft-Windows-TaskScheduler,Microsoft-Windows-TaskScheduler/Operational,3449,4,%SystemRoot%\System32\wsqmcons.exe,6148,,,,,,,0,,49C49FE1-DA62-42FD-8FCC-282AF67D0B7E,\Microsoft\Windows\Customer Experience Improvement Program\Consolidator,,,ActionSuccess
2026-05-18T22:15:58.945649Z,102,dc.scaffold.htb,Microsoft-Windows-TaskScheduler,Microsoft-Windows-TaskScheduler/Operational,3450,4,,,49C49FE1-DA62-42FD-8FCC-282AF67D0B7E,,,,,,,,,\Microsoft\Windows\Customer Experience Improvement Program\Consolidator,NT AUTHORITY\SYSTEM,,TaskSuccessEvent
2026-05-18T22:15:58.965168Z,140,dc.scaffold.htb,Microsoft-Windows-TaskScheduler,Microsoft-Windows-TaskScheduler/Operational,3451,4,,,,,,,,,,,,\Microsoft\Windows\Data Integrity Scan\Data Integrity Check And Scan,,SCAFFOLD\DC$,TaskUpdated
2026-05-18T22:15:58.974980Z,140,dc.scaffold.htb,Microsoft-Windows-TaskScheduler,Microsoft-Windows-TaskScheduler/Operational,3452,4,,,,,,,,,,,,\Microsoft\Windows\Data Integrity Scan\Data Integrity Check And Scan,,SCAFFOLD\DC$,TaskUpdated
2026-05-18T22:15:58.975551Z,201,dc.scaffold.htb,Microsoft-Windows-TaskScheduler,Microsoft-Windows-TaskScheduler/Operational,3453,4,Data Integrity Scan,2760,,,,,,,0,,9FFBC2F5-0064-4C9D-87B6-2F13406FBC04,\Microsoft\Windows\Data Integrity Scan\Data Integrity Check And Scan,,,ActionSuccess
2026-05-18T22:15:58.975552Z,102,dc.scaffold.htb,Microsoft-Windows-TaskScheduler,Microsoft-Windows-TaskScheduler/Operational,3454,4,,,9FFBC2F5-0064-4C9D-87B6-2F13406FBC04,,,,,,,,,\Microsoft\Windows\Data Integrity Scan\Data Integrity Check And Scan,NT AUTHORITY\SYSTEM,,TaskSuccessEvent
2026-05-18T22:15:59.038861Z,201,dc.scaffold.htb,Microsoft-Windows-TaskScheduler,Microsoft-Windows-TaskScheduler/Operational,3455,4,%systemroot%\system32\usoclient.exe,4740,,,,,,,0,,B6738618-7869-4ECB-AE03-5CA135C1B890,\Microsoft\Windows\UpdateOrchestrator\Schedule Scan,,,ActionSuccess
2026-05-18T22:15:59.038993Z,102,dc.scaffold.htb,Microsoft-Windows-TaskScheduler,Microsoft-Windows-TaskScheduler/Operational,3456,4,,,B6738618-7869-4ECB-AE03-5CA135C1B890,,,,,,,,,\Microsoft\Windows\UpdateOrchestrator\Schedule Scan,NT AUTHORITY\SYSTEM,,TaskSuccessEvent
2026-05-18T22:15:59.826085Z,201,dc.scaffold.htb,Microsoft-Windows-TaskScheduler,Microsoft-Windows-TaskScheduler/Operational,3457,4,%systemroot%\system32\MusNotification.exe,4404,,,,,,,0,,1FD9E8F8-92FC-4697-BD45-59925436F60F,\Microsoft\Windows\UpdateOrchestrator\USO_UxBroker,,,ActionSuccess
2026-05-18T22:15:59.826377Z,102,dc.scaffold.htb,Microsoft-Windows-TaskScheduler,Microsoft-Windows-TaskScheduler/Operational,3458,4,,,1FD9E8F8-92FC-4697-BD45-59925436F60F,,,,,,,,,\Microsoft\Windows\UpdateOrchestrator\USO_UxBroker,NT AUTHORITY\SYSTEM,,TaskSuccessEvent
2026-05-18T22:16:08.592504Z,201,dc.scaffold.htb,Microsoft-Windows-TaskScheduler,Microsoft-Windows-TaskScheduler/Operational,3459,4,%windir%\system32\rundll32.exe,4100,,,,,,,0,,F6CD0086-6A89-4F29-8F7F-EB4F73F2215E,\Microsoft\Windows\Application Experience\PcaPatchDbTask,,,ActionSuccess
2026-05-18T22:16:08.592662Z,102,dc.scaffold.htb,Microsoft-Windows-TaskScheduler,Microsoft-Windows-TaskScheduler/Operational,3460,4,,,F6CD0086-6A89-4F29-8F7F-EB4F73F2215E,,,,,,,,,\Microsoft\Windows\Application Experience\PcaPatchDbTask,NT AUTHORITY\SYSTEM,,TaskSuccessEvent
2026-05-18T22:16:08.607069Z,202,dc.scaffold.htb,Microsoft-Windows-TaskScheduler,Microsoft-Windows-TaskScheduler/Operational,3461,2,OneSettings Refresh Cache Task Handler,2760,,,,,,,2147954407,,BBA12E71-5E97-4BF8-A3D5-C037A597675F,\Microsoft\Windows\Flighting\OneSettings\RefreshCache,,,ActionFailure
2026-05-18T22:16:08.607070Z,103,dc.scaffold.htb,Microsoft-Windows-TaskScheduler,Microsoft-Windows-TaskScheduler/Operational,3462,2,,,BBA12E71-5E97-4BF8-A3D5-C037A597675F,,,,,,2147954407,,,\Microsoft\Windows\Flighting\OneSettings\RefreshCache,NT AUTHORITY\SYSTEM,,TaskFailureEvent
2026-05-18T22:16:08.650145Z,201,dc.scaffold.htb,Microsoft-Windows-TaskScheduler,Microsoft-Windows-TaskScheduler/Operational,3463,4,%windir%\system32\wermgr.exe,3064,,,,,,,0,,53E5797C-4FE3-4A1E-BA51-8BBF6C38E9A0,\Microsoft\Windows\Windows Error Reporting\QueueReporting,,,ActionSuccess
2026-05-18T22:16:08.650298Z,102,dc.scaffold.htb,Microsoft-Windows-TaskScheduler,Microsoft-Windows-TaskScheduler/Operational,3464,4,,,53E5797C-4FE3-4A1E-BA51-8BBF6C38E9A0,,,,,,,,,\Microsoft\Windows\Windows Error Reporting\QueueReporting,NT AUTHORITY\SYSTEM,,TaskSuccessEvent
2026-05-18T22:16:08.670592Z,129,dc.scaffold.htb,Microsoft-Windows-TaskScheduler,Microsoft-Windows-TaskScheduler/Operational,3465,4,,,,,taskhostw.exe,16384,5308,,,,,\Microsoft\Windows\Flighting\OneSettings\RefreshCache,,,CreatedTaskProcess
2026-05-18T22:16:08.670693Z,100,dc.scaffold.htb,Microsoft-Windows-TaskScheduler,Microsoft-Windows-TaskScheduler/Operational,3466,4,,,6374AD28-CF48-4F2F-B658-D467F4ECFD11,,,,,,,,,\Microsoft\Windows\Flighting\OneSettings\RefreshCache,NT AUTHORITY\SYSTEM,,TaskStartEvent
2026-05-18T22:16:08.670694Z,200,dc.scaffold.htb,Microsoft-Windows-TaskScheduler,Microsoft-Windows-TaskScheduler/Operational,3467,4,OneSettings Refresh Cache Task Handler,5308,,,,,,,,,6374AD28-CF48-4F2F-B658-D467F4ECFD11,\Microsoft\Windows\Flighting\OneSettings\RefreshCache,,,ActionStart
2026-05-18T22:16:08.677619Z,140,dc.scaffold.htb,Microsoft-Windows-TaskScheduler,Microsoft-Windows-TaskScheduler/Operational,3468,4,,,,,,,,,,,,\Microsoft\Windows\UpdateOrchestrator\Schedule Scan,,S-1-5-18,TaskUpdated
2026-05-18T22:16:08.699096Z,140,dc.scaffold.htb,Microsoft-Windows-TaskScheduler,Microsoft-Windows-TaskScheduler/Operational,3469,4,,,,,,,,,,,,\Microsoft\Windows\UpdateOrchestrator\Schedule Scan,,SCAFFOLD\DC$,TaskUpdated
2026-05-18T22:16:08.766293Z,202,dc.scaffold.htb,Microsoft-Windows-TaskScheduler,Microsoft-Windows-TaskScheduler/Operational,3470,2,OneSettings Refresh Cache Task Handler,5308,,,,,,,2147954407,,6374AD28-CF48-4F2F-B658-D467F4ECFD11,\Microsoft\Windows\Flighting\OneSettings\RefreshCache,,,ActionFailure
2026-05-18T22:16:08.766294Z,103,dc.scaffold.htb,Microsoft-Windows-TaskScheduler,Microsoft-Windows-TaskScheduler/Operational,3471,2,,,6374AD28-CF48-4F2F-B658-D467F4ECFD11,,,,,,2147954407,,,\Microsoft\Windows\Flighting\OneSettings\RefreshCache,NT AUTHORITY\SYSTEM,,TaskFailureEvent
2026-05-18T22:16:09.249840Z,140,dc.scaffold.htb,Microsoft-Windows-TaskScheduler,Microsoft-Windows-TaskScheduler/Operational,3472,4,,,,,,,,,,,,\Microsoft\Windows\Device Information\Device,,SCAFFOLD\DC$,TaskUpdated
2026-05-18T22:16:09.252453Z,140,dc.scaffold.htb,Microsoft-Windows-TaskScheduler,Microsoft-Windows-TaskScheduler/Operational,3473,4,,,,,,,,,,,,\Microsoft\Windows\Device Information\Device,,SCAFFOLD\DC$,TaskUpdated
2026-05-18T22:16:09.255947Z,201,dc.scaffold.htb,Microsoft-Windows-TaskScheduler,Microsoft-Windows-TaskScheduler/Operational,3474,4,%windir%\system32\devicecensus.exe,4868,,,,,,,0,,CB23F2EC-BC5A-4066-B056-433FEF26AC0D,\Microsoft\Windows\Device Information\Device,,,ActionSuccess
2026-05-18T22:16:09.256050Z,102,dc.scaffold.htb,Microsoft-Windows-TaskScheduler,Microsoft-Windows-TaskScheduler/Operational,3475,4,,,CB23F2EC-BC5A-4066-B056-433FEF26AC0D,,,,,,,,,\Microsoft\Windows\Device Information\Device,NT AUTHORITY\SYSTEM,,TaskSuccessEvent
2026-05-18T22:17:20.707816Z,201,dc.scaffold.htb,Microsoft-Windows-TaskScheduler,Microsoft-Windows-TaskScheduler/Operational,3476,4,C:\Program Files (x86)\Microsoft\EdgeUpdate\MicrosoftEdgeUpdate.exe,5696,,,,,,,0,,3D2F7B11-DED1-4EBE-A713-75BFA8013C1A,\MicrosoftEdgeUpdateTaskMachineUA,,,ActionSuccess
2026-05-18T22:17:20.707977Z,102,dc.scaffold.htb,Microsoft-Windows-TaskScheduler,Microsoft-Windows-TaskScheduler/Operational,3477,4,,,3D2F7B11-DED1-4EBE-A713-75BFA8013C1A,,,,,,,,,\MicrosoftEdgeUpdateTaskMachineUA,NT AUTHORITY\SYSTEM,,TaskSuccessEvent
2026-05-18T22:19:09.174989Z,114,dc.scaffold.htb,Microsoft-Windows-TaskScheduler,Microsoft-Windows-TaskScheduler/Operational,3478,3,,,B01E1BC9-706C-471E-99EF-5C03B1F9F409,,,,,,,,,\Microsoft\Windows\Speech\SpeechModelDownloadTask,,,MissedTaskLaunched
2026-05-18T22:19:09.185067Z,129,dc.scaffold.htb,Microsoft-Windows-TaskScheduler,Microsoft-Windows-TaskScheduler/Operational,3479,4,,,,,%windir%\system32\speech_onecore\common\SpeechModelDownload.exe,16384,4484,,,,,\Microsoft\Windows\Speech\SpeechModelDownloadTask,,,CreatedTaskProcess
2026-05-18T22:19:09.186362Z,100,dc.scaffold.htb,Microsoft-Windows-TaskScheduler,Microsoft-Windows-TaskScheduler/Operational,3480,4,,,B01E1BC9-706C-471E-99EF-5C03B1F9F409,,,,,,,,,\Microsoft\Windows\Speech\SpeechModelDownloadTask,(NONE),,TaskStartEvent
2026-05-18T22:19:09.186366Z,200,dc.scaffold.htb,Microsoft-Windows-TaskScheduler,Microsoft-Windows-TaskScheduler/Operational,3481,4,%windir%\system32\speech_onecore\common\SpeechModelDownload.exe,4484,,,,,,,,,B01E1BC9-706C-471E-99EF-5C03B1F9F409,\Microsoft\Windows\Speech\SpeechModelDownloadTask,,,ActionStart
2026-05-18T22:19:09.187645Z,114,dc.scaffold.htb,Microsoft-Windows-TaskScheduler,Microsoft-Windows-TaskScheduler/Operational,3482,3,,,7A2C8A17-B676-4AF4-A985-CA29C0D3DD6A,,,,,,,,,\Microsoft\Windows\Windows Defender\Windows Defender Scheduled Scan,,,MissedTaskLaunched
2026-05-18T22:19:09.190510Z,129,dc.scaffold.htb,Microsoft-Windows-TaskScheduler,Microsoft-Windows-TaskScheduler/Operational,3483,4,,,,,C:\ProgramData\Microsoft\Windows Defender\Platform\4.18.26030.3011-0\MpCmdRun.exe,16384,6072,,,,,\Microsoft\Windows\Windows Defender\Windows Defender Scheduled Scan,,,CreatedTaskProcess
2026-05-18T22:19:09.190686Z,100,dc.scaffold.htb,Microsoft-Windows-TaskScheduler,Microsoft-Windows-TaskScheduler/Operational,3484,4,,,7A2C8A17-B676-4AF4-A985-CA29C0D3DD6A,,,,,,,,,\Microsoft\Windows\Windows Defender\Windows Defender Scheduled Scan,NT AUTHORITY\SYSTEM,,TaskStartEvent
2026-05-18T22:19:09.190688Z,200,dc.scaffold.htb,Microsoft-Windows-TaskScheduler,Microsoft-Windows-TaskScheduler/Operational,3485,4,C:\ProgramData\Microsoft\Windows Defender\Platform\4.18.26030.3011-0\MpCmdRun.exe,6072,,,,,,,,,7A2C8A17-B676-4AF4-A985-CA29C0D3DD6A,\Microsoft\Windows\Windows Defender\Windows Defender Scheduled Scan,,,ActionStart
2026-05-18T22:19:09.202273Z,201,dc.scaffold.htb,Microsoft-Windows-TaskScheduler,Microsoft-Windows-TaskScheduler/Operational,3486,4,%windir%\system32\speech_onecore\common\SpeechModelDownload.exe,4484,,,,,,,0,,B01E1BC9-706C-471E-99EF-5C03B1F9F409,\Microsoft\Windows\Speech\SpeechModelDownloadTask,,,ActionSuccess
2026-05-18T22:19:09.202453Z,102,dc.scaffold.htb,Microsoft-Windows-TaskScheduler,Microsoft-Windows-TaskScheduler/Operational,3487,4,,,B01E1BC9-706C-471E-99EF-5C03B1F9F409,,,,,,,,,\Microsoft\Windows\Speech\SpeechModelDownloadTask,(NONE),,TaskSuccessEvent
2026-05-18T22:19:10.187204Z,129,dc.scaffold.htb,Microsoft-Windows-TaskScheduler,Microsoft-Windows-TaskScheduler/Operational,3488,4,,,,,taskhostw.exe,16384,1268,,,,,\Microsoft\Windows\Flighting\FeatureConfig\UsageDataReporting,,,CreatedTaskProcess
2026-05-18T22:19:10.187456Z,100,dc.scaffold.htb,Microsoft-Windows-TaskScheduler,Microsoft-Windows-TaskScheduler/Operational,3489,4,,,B5FD7F06-E36B-409D-BCC7-3407B965B4EF,,,,,,,,,\Microsoft\Windows\Flighting\FeatureConfig\UsageDataReporting,NT AUTHORITY\SYSTEM,,TaskStartEvent
2026-05-18T22:19:10.187457Z,200,dc.scaffold.htb,Microsoft-Windows-TaskScheduler,Microsoft-Windows-TaskScheduler/Operational,3490,4,Feature Usage Data Reporting Task Handler,1268,,,,,,,,,B5FD7F06-E36B-409D-BCC7-3407B965B4EF,\Microsoft\Windows\Flighting\FeatureConfig\UsageDataReporting,,,ActionStart
2026-05-18T22:19:10.187712Z,100,dc.scaffold.htb,Microsoft-Windows-TaskScheduler,Microsoft-Windows-TaskScheduler/Operational,3491,4,,,C7F9A721-836E-4DCC-BA71-BFDF6065839F,,,,,,,,,\Microsoft\Windows\DiskFootprint\StorageSense,NT AUTHORITY\SYSTEM,,TaskStartEvent
2026-05-18T22:19:10.187712Z,200,dc.scaffold.htb,Microsoft-Windows-TaskScheduler,Microsoft-Windows-TaskScheduler/Operational,3492,4,StorageUsage State Reporter Task Handler,1268,,,,,,,,,C7F9A721-836E-4DCC-BA71-BFDF6065839F,\Microsoft\Windows\DiskFootprint\StorageSense,,,ActionStart
2026-05-18T22:19:10.189412Z,129,dc.scaffold.htb,Microsoft-Windows-TaskScheduler,Microsoft-Windows-TaskScheduler/Operational,3493,4,,,,,%windir%\system32\rundll32.exe,16384,372,,,,,\Microsoft\Windows\StateRepository\MaintenanceTasks,,,CreatedTaskProcess
2026-05-18T22:19:10.189627Z,100,dc.scaffold.htb,Microsoft-Windows-TaskScheduler,Microsoft-Windows-TaskScheduler/Operational,3494,4,,,573F6C6E-9771-4475-8962-D5BAEE0B14A8,,,,,,,,,\Microsoft\Windows\StateRepository\MaintenanceTasks,NT AUTHORITY\SYSTEM,,TaskStartEvent
2026-05-18T22:19:10.189628Z,200,dc.scaffold.htb,Microsoft-Windows-TaskScheduler,Microsoft-Windows-TaskScheduler/Operational,3495,4,%windir%\system32\rundll32.exe,372,,,,,,,,,573F6C6E-9771-4475-8962-D5BAEE0B14A8,\Microsoft\Windows\StateRepository\MaintenanceTasks,,,ActionStart
2026-05-18T22:19:10.195014Z,129,dc.scaffold.htb,Microsoft-Windows-TaskScheduler,Microsoft-Windows-TaskScheduler/Operational,3496,4,,,,,%windir%\system32\AppHostRegistrationVerifier.exe,16384,2108,,,,,\microsoft\windows\applicationdata\appuriverifierdaily,,,CreatedTaskProcess
2026-05-18T22:19:10.195381Z,100,dc.scaffold.htb,Microsoft-Windows-TaskScheduler,Microsoft-Windows-TaskScheduler/Operational,3497,4,,,7D08CBE8-820E-43A2-A396-A01F92A3B18C,,,,,,,,,\microsoft\windows\applicationdata\appuriverifierdaily,SCAFFOLD\Administrator,,TaskStartEvent
2026-05-18T22:19:10.195382Z,200,dc.scaffold.htb,Microsoft-Windows-TaskScheduler,Microsoft-Windows-TaskScheduler/Operational,3498,4,%windir%\system32\AppHostRegistrationVerifier.exe,2108,,,,,,,,,7D08CBE8-820E-43A2-A396-A01F92A3B18C,\microsoft\windows\applicationdata\appuriverifierdaily,,,ActionStart
2026-05-18T22:19:10.198798Z,129,dc.scaffold.htb,Microsoft-Windows-TaskScheduler,Microsoft-Windows-TaskScheduler/Operational,3499,4,,,,,%windir%\system32\dstokenclean.exe,16384,6488,,,,,\Microsoft\Windows\ApplicationData\DsSvcCleanup,,,CreatedTaskProcess
2026-05-18T22:19:10.199016Z,100,dc.scaffold.htb,Microsoft-Windows-TaskScheduler,Microsoft-Windows-TaskScheduler/Operational,3500,4,,,70565E55-45B2-47A6-807D-32784282CEBC,,,,,,,,,\Microsoft\Windows\ApplicationData\DsSvcCleanup,NT AUTHORITY\SYSTEM,,TaskStartEvent
2026-05-18T22:19:10.199018Z,200,dc.scaffold.htb,Microsoft-Windows-TaskScheduler,Microsoft-Windows-TaskScheduler/Operational,3501,4,%windir%\system32\dstokenclean.exe,6488,,,,,,,,,70565E55-45B2-47A6-807D-32784282CEBC,\Microsoft\Windows\ApplicationData\DsSvcCleanup,,,ActionStart
2026-05-18T22:19:10.202923Z,129,dc.scaffold.htb,Microsoft-Windows-TaskScheduler,Microsoft-Windows-TaskScheduler/Operational,3502,4,,,,,%windir%\system32\sc.exe,16384,2756,,,,,\Microsoft\Windows\Time Synchronization\SynchronizeTime,,,CreatedTaskProcess
2026-05-18T22:19:10.203150Z,100,dc.scaffold.htb,Microsoft-Windows-TaskScheduler,Microsoft-Windows-TaskScheduler/Operational,3503,4,,,D71F20C0-6BF6-4EDC-A5E5-436593A36FA8,,,,,,,,,\Microsoft\Windows\Time Synchronization\SynchronizeTime,(NONE),,TaskStartEvent
2026-05-18T22:19:10.203151Z,200,dc.scaffold.htb,Microsoft-Windows-TaskScheduler,Microsoft-Windows-TaskScheduler/Operational,3504,4,%windir%\system32\sc.exe,2756,,,,,,,,,D71F20C0-6BF6-4EDC-A5E5-436593A36FA8,\Microsoft\Windows\Time Synchronization\SynchronizeTime,,,ActionStart
2026-05-18T22:19:10.204028Z,100,dc.scaffold.htb,Microsoft-Windows-TaskScheduler,Microsoft-Windows-TaskScheduler/Operational,3505,4,,,3319BF73-ED8A-43B3-8DE3-4D9CFBEE4ABA,,,,,,,,,\Microsoft\Windows\Chkdsk\ProactiveScan,NT AUTHORITY\SYSTEM,,TaskStartEvent
2026-05-18T22:19:10.204029Z,200,dc.scaffold.htb,Microsoft-Windows-TaskScheduler,Microsoft-Windows-TaskScheduler/Operational,3506,4,Proactive Scan,1268,,,,,,,,,3319BF73-ED8A-43B3-8DE3-4D9CFBEE4ABA,\Microsoft\Windows\Chkdsk\ProactiveScan,,,ActionStart
2026-05-18T22:19:10.207583Z,129,dc.scaffold.htb,Microsoft-Windows-TaskScheduler,Microsoft-Windows-TaskScheduler/Operational,3507,4,,,,,taskhostw.exe,16384,6776,,,,,\Microsoft\Windows\Shell\IndexerAutomaticMaintenance,,,CreatedTaskProcess
2026-05-18T22:19:10.207811Z,100,dc.scaffold.htb,Microsoft-Windows-TaskScheduler,Microsoft-Windows-TaskScheduler/Operational,3508,4,,,6C7801F8-F679-41C4-9A69-4A97F3878E7C,,,,,,,,,\Microsoft\Windows\Shell\IndexerAutomaticMaintenance,(NONE),,TaskStartEvent
2026-05-18T22:19:10.207812Z,200,dc.scaffold.htb,Microsoft-Windows-TaskScheduler,Microsoft-Windows-TaskScheduler/Operational,3509,4,Automatic Maintenance task to enable Windows Search to make progress while in Connected Standby,6776,,,,,,,,,6C7801F8-F679-41C4-9A69-4A97F3878E7C,\Microsoft\Windows\Shell\IndexerAutomaticMaintenance,,,ActionStart
2026-05-18T22:19:10.210232Z,129,dc.scaffold.htb,Microsoft-Windows-TaskScheduler,Microsoft-Windows-TaskScheduler/Operational,3510,4,,,,,%windir%\system32\compattelrunner.exe,32,6480,,,,,\Microsoft\Windows\Application Experience\ProgramDataUpdater,,,CreatedTaskProcess
2026-05-18T22:19:10.210404Z,100,dc.scaffold.htb,Microsoft-Windows-TaskScheduler,Microsoft-Windows-TaskScheduler/Operational,3511,4,,,2DB00B49-2169-4819-AF3A-B3F518E0776B,,,,,,,,,\Microsoft\Windows\Application Experience\ProgramDataUpdater,NT AUTHORITY\SYSTEM,,TaskStartEvent
2026-05-18T22:19:10.210406Z,200,dc.scaffold.htb,Microsoft-Windows-TaskScheduler,Microsoft-Windows-TaskScheduler/Operational,3512,4,%windir%\system32\compattelrunner.exe,6480,,,,,,,,,2DB00B49-2169-4819-AF3A-B3F518E0776B,\Microsoft\Windows\Application Experience\ProgramDataUpdater,,,ActionStart
2026-05-18T22:19:10.210703Z,201,dc.scaffold.htb,Microsoft-Windows-TaskScheduler,Microsoft-Windows-TaskScheduler/Operational,3513,4,Proactive Scan,1268,,,,,,,0,,3319BF73-ED8A-43B3-8DE3-4D9CFBEE4ABA,\Microsoft\Windows\Chkdsk\ProactiveScan,,,ActionSuccess
2026-05-18T22:19:10.210704Z,102,dc.scaffold.htb,Microsoft-Windows-TaskScheduler,Microsoft-Windows-TaskScheduler/Operational,3514,4,,,3319BF73-ED8A-43B3-8DE3-4D9CFBEE4ABA,,,,,,,,,\Microsoft\Windows\Chkdsk\ProactiveScan,NT AUTHORITY\SYSTEM,,TaskSuccessEvent
2026-05-18T22:19:10.213306Z,129,dc.scaffold.htb,Microsoft-Windows-TaskScheduler,Microsoft-Windows-TaskScheduler/Operational,3515,4,,,,,%windir%\system32\rundll32.exe,32,6424,,,,,\Microsoft\Windows\Application Experience\StartupAppTask,,,CreatedTaskProcess
2026-05-18T22:19:10.213545Z,100,dc.scaffold.htb,Microsoft-Windows-TaskScheduler,Microsoft-Windows-TaskScheduler/Operational,3516,4,,,14952E2E-6C64-45EF-91E1-304E2A3C8EDE,,,,,,,,,\Microsoft\Windows\Application Experience\StartupAppTask,SCAFFOLD\Administrator,,TaskStartEvent
2026-05-18T22:19:10.213546Z,200,dc.scaffold.htb,Microsoft-Windows-TaskScheduler,Microsoft-Windows-TaskScheduler/Operational,3517,4,%windir%\system32\rundll32.exe,6424,,,,,,,,,14952E2E-6C64-45EF-91E1-304E2A3C8EDE,\Microsoft\Windows\Application Experience\StartupAppTask,,,ActionStart
2026-05-18T22:19:10.216640Z,129,dc.scaffold.htb,Microsoft-Windows-TaskScheduler,Microsoft-Windows-TaskScheduler/Operational,3518,4,,,,,%windir%\system32\disksnapshot.exe,16384,5856,,,,,\Microsoft\Windows\DiskFootprint\Diagnostics,,,CreatedTaskProcess
2026-05-18T22:19:10.216789Z,100,dc.scaffold.htb,Microsoft-Windows-TaskScheduler,Microsoft-Windows-TaskScheduler/Operational,3519,4,,,D52B24A0-46A4-4F5F-867A-080A830FC7B5,,,,,,,,,\Microsoft\Windows\DiskFootprint\Diagnostics,NT AUTHORITY\SYSTEM,,TaskStartEvent
2026-05-18T22:19:10.216790Z,200,dc.scaffold.htb,Microsoft-Windows-TaskScheduler,Microsoft-Windows-TaskScheduler/Operational,3520,4,%windir%\system32\disksnapshot.exe,5856,,,,,,,,,D52B24A0-46A4-4F5F-867A-080A830FC7B5,\Microsoft\Windows\DiskFootprint\Diagnostics,,,ActionStart
2026-05-18T22:19:10.219899Z,129,dc.scaffold.htb,Microsoft-Windows-TaskScheduler,Microsoft-Windows-TaskScheduler/Operational,3521,4,,,,,taskhostw.exe,32,5008,,,,,\Microsoft\Windows\License Manager\TempSignedLicenseExchange,,,CreatedTaskProcess
2026-05-18T22:19:10.220241Z,100,dc.scaffold.htb,Microsoft-Windows-TaskScheduler,Microsoft-Windows-TaskScheduler/Operational,3522,4,,,8F11242D-CF4D-4B9E-B54A-AD08B9E4D2F4,,,,,,,,,\Microsoft\Windows\License Manager\TempSignedLicenseExchange,SCAFFOLD\Administrator,,TaskStartEvent
2026-05-18T22:19:10.220243Z,200,dc.scaffold.htb,Microsoft-Windows-TaskScheduler,Microsoft-Windows-TaskScheduler/Operational,3523,4,TempSignedLicenseExchangeTask,5008,,,,,,,,,8F11242D-CF4D-4B9E-B54A-AD08B9E4D2F4,\Microsoft\Windows\License Manager\TempSignedLicenseExchange,,,ActionStart
2026-05-18T22:19:10.220635Z,100,dc.scaffold.htb,Microsoft-Windows-TaskScheduler,Microsoft-Windows-TaskScheduler/Operational,3524,4,,,FAD5D2D6-3016-4C0B-B189-B5ADDF9EC2B0,,,,,,,,,\Microsoft\Windows\.NET Framework\.NET Framework NGEN v4.0.30319 64,NT AUTHORITY\SYSTEM,,TaskStartEvent
2026-05-18T22:19:10.220636Z,200,dc.scaffold.htb,Microsoft-Windows-TaskScheduler,Microsoft-Windows-TaskScheduler/Operational,3525,4,,1268,,,,,,,,,FAD5D2D6-3016-4C0B-B189-B5ADDF9EC2B0,\Microsoft\Windows\.NET Framework\.NET Framework NGEN v4.0.30319 64,,,ActionStart
2026-05-18T22:19:10.221022Z,100,dc.scaffold.htb,Microsoft-Windows-TaskScheduler,Microsoft-Windows-TaskScheduler/Operational,3526,4,,,7A1BFED7-6051-4379-BE04-FA6D3DDCEF62,,,,,,,,,\Microsoft\Windows\.NET Framework\.NET Framework NGEN v4.0.30319,NT AUTHORITY\SYSTEM,,TaskStartEvent
2026-05-18T22:19:10.221023Z,200,dc.scaffold.htb,Microsoft-Windows-TaskScheduler,Microsoft-Windows-TaskScheduler/Operational,3527,4,,1268,,,,,,,,,7A1BFED7-6051-4379-BE04-FA6D3DDCEF62,\Microsoft\Windows\.NET Framework\.NET Framework NGEN v4.0.30319,,,ActionStart
2026-05-18T22:19:10.223544Z,129,dc.scaffold.htb,Microsoft-Windows-TaskScheduler,Microsoft-Windows-TaskScheduler/Operational,3528,4,,,,,C:\ProgramData\Microsoft\Windows Defender\Platform\4.18.26030.3011-0\MpCmdRun.exe,16384,608,,,,,\Microsoft\Windows\Windows Defender\Windows Defender Cleanup,,,CreatedTaskProcess
2026-05-18T22:19:10.223696Z,100,dc.scaffold.htb,Microsoft-Windows-TaskScheduler,Microsoft-Windows-TaskScheduler/Operational,3529,4,,,470D7EFD-C04A-4470-88CC-C212AE3CACD4,,,,,,,,,\Microsoft\Windows\Windows Defender\Windows Defender Cleanup,NT AUTHORITY\SYSTEM,,TaskStartEvent
2026-05-18T22:19:10.223697Z,200,dc.scaffold.htb,Microsoft-Windows-TaskScheduler,Microsoft-Windows-TaskScheduler/Operational,3530,4,C:\ProgramData\Microsoft\Windows Defender\Platform\4.18.26030.3011-0\MpCmdRun.exe,608,,,,,,,,,470D7EFD-C04A-4470-88CC-C212AE3CACD4,\Microsoft\Windows\Windows Defender\Windows Defender Cleanup,,,ActionStart
2026-05-18T22:19:10.226830Z,129,dc.scaffold.htb,Microsoft-Windows-TaskScheduler,Microsoft-Windows-TaskScheduler/Operational,3531,4,,,,,C:\ProgramData\Microsoft\Windows Defender\Platform\4.18.26030.3011-0\MpCmdRun.exe,16384,6200,,,,,\Microsoft\Windows\Windows Defender\Windows Defender Cache Maintenance,,,CreatedTaskProcess
2026-05-18T22:19:10.226967Z,100,dc.scaffold.htb,Microsoft-Windows-TaskScheduler,Microsoft-Windows-TaskScheduler/Operational,3532,4,,,99561CBB-68D9-4FE2-93A1-962347F5505B,,,,,,,,,\Microsoft\Windows\Windows Defender\Windows Defender Cache Maintenance,NT AUTHORITY\SYSTEM,,TaskStartEvent
2026-05-18T22:19:10.226968Z,200,dc.scaffold.htb,Microsoft-Windows-TaskScheduler,Microsoft-Windows-TaskScheduler/Operational,3533,4,C:\ProgramData\Microsoft\Windows Defender\Platform\4.18.26030.3011-0\MpCmdRun.exe,6200,,,,,,,,,99561CBB-68D9-4FE2-93A1-962347F5505B,\Microsoft\Windows\Windows Defender\Windows Defender Cache Maintenance,,,ActionStart
2026-05-18T22:19:10.227088Z,325,dc.scaffold.htb,Microsoft-Windows-TaskScheduler,Microsoft-Windows-TaskScheduler/Operational,3534,3,,,,,,,,686B4602-023B-4E8D-A8FD-524F2940E5B0,,,,\Microsoft\Windows\Power Efficiency Diagnostics\AnalyzeSystem,,,TaskInstanceQueued
2026-05-18T22:19:10.231607Z,129,dc.scaffold.htb,Microsoft-Windows-TaskScheduler,Microsoft-Windows-TaskScheduler/Operational,3535,4,,,,,%windir%\system32\cleanmgr.exe,16384,6916,,,,,\Microsoft\Windows\DiskCleanup\SilentCleanup,,,CreatedTaskProcess
2026-05-18T22:19:10.231981Z,100,dc.scaffold.htb,Microsoft-Windows-TaskScheduler,Microsoft-Windows-TaskScheduler/Operational,3536,4,,,ACBFAA77-A429-4A97-AC94-14E470A960B3,,,,,,,,,\Microsoft\Windows\DiskCleanup\SilentCleanup,SCAFFOLD\Administrator,,TaskStartEvent
2026-05-18T22:19:10.231982Z,200,dc.scaffold.htb,Microsoft-Windows-TaskScheduler,Microsoft-Windows-TaskScheduler/Operational,3537,4,%windir%\system32\cleanmgr.exe,6916,,,,,,,,,ACBFAA77-A429-4A97-AC94-14E470A960B3,\Microsoft\Windows\DiskCleanup\SilentCleanup,,,ActionStart
2026-05-18T22:19:10.280291Z,201,dc.scaffold.htb,Microsoft-Windows-TaskScheduler,Microsoft-Windows-TaskScheduler/Operational,3538,4,TempSignedLicenseExchangeTask,5008,,,,,,,0,,8F11242D-CF4D-4B9E-B54A-AD08B9E4D2F4,\Microsoft\Windows\License Manager\TempSignedLicenseExchange,,,ActionSuccess
2026-05-18T22:19:10.280292Z,102,dc.scaffold.htb,Microsoft-Windows-TaskScheduler,Microsoft-Windows-TaskScheduler/Operational,3539,4,,,8F11242D-CF4D-4B9E-B54A-AD08B9E4D2F4,,,,,,,,,\Microsoft\Windows\License Manager\TempSignedLicenseExchange,SCAFFOLD\Administrator,,TaskSuccessEvent
2026-05-18T22:19:10.297047Z,201,dc.scaffold.htb,Microsoft-Windows-TaskScheduler,Microsoft-Windows-TaskScheduler/Operational,3540,4,Automatic Maintenance task to enable Windows Search to make progress while in Connected Standby,6776,,,,,,,2147942401,,6C7801F8-F679-41C4-9A69-4A97F3878E7C,\Microsoft\Windows\Shell\IndexerAutomaticMaintenance,,,ActionSuccess
2026-05-18T22:19:10.297048Z,102,dc.scaffold.htb,Microsoft-Windows-TaskScheduler,Microsoft-Windows-TaskScheduler/Operational,3541,4,,,6C7801F8-F679-41C4-9A69-4A97F3878E7C,,,,,,,,,\Microsoft\Windows\Shell\IndexerAutomaticMaintenance,(NONE),,TaskSuccessEvent
2026-05-18T22:19:10.302781Z,201,dc.scaffold.htb,Microsoft-Windows-TaskScheduler,Microsoft-Windows-TaskScheduler/Operational,3542,4,%windir%\system32\rundll32.exe,372,,,,,,,0,,573F6C6E-9771-4475-8962-D5BAEE0B14A8,\Microsoft\Windows\StateRepository\MaintenanceTasks,,,ActionSuccess
2026-05-18T22:19:10.302956Z,102,dc.scaffold.htb,Microsoft-Windows-TaskScheduler,Microsoft-Windows-TaskScheduler/Operational,3543,4,,,573F6C6E-9771-4475-8962-D5BAEE0B14A8,,,,,,,,,\Microsoft\Windows\StateRepository\MaintenanceTasks,NT AUTHORITY\SYSTEM,,TaskSuccessEvent
2026-05-18T22:19:10.320144Z,201,dc.scaffold.htb,Microsoft-Windows-TaskScheduler,Microsoft-Windows-TaskScheduler/Operational,3544,4,%windir%\system32\AppHostRegistrationVerifier.exe,2108,,,,,,,0,,7D08CBE8-820E-43A2-A396-A01F92A3B18C,\microsoft\windows\applicationdata\appuriverifierdaily,,,ActionSuccess
2026-05-18T22:19:10.320334Z,102,dc.scaffold.htb,Microsoft-Windows-TaskScheduler,Microsoft-Windows-TaskScheduler/Operational,3545,4,,,7D08CBE8-820E-43A2-A396-A01F92A3B18C,,,,,,,,,\microsoft\windows\applicationdata\appuriverifierdaily,SCAFFOLD\Administrator,,TaskSuccessEvent
