2026-05-21T23:28:59.758148Z,100,dc.scaffold.htb,Microsoft-Windows-TaskScheduler,Microsoft-Windows-TaskScheduler/Operational,4103,4,,,5D4EF8E3-32B0-4E8B-A263-965621B5355D,,,,,,,,,\Microsoft\Windows\Windows Defender\Windows Defender Cache Maintenance,NT AUTHORITY\SYSTEM,,TaskStartEvent
2026-05-21T23:28:59.758150Z,200,dc.scaffold.htb,Microsoft-Windows-TaskScheduler,Microsoft-Windows-TaskScheduler/Operational,4104,4,C:\ProgramData\Microsoft\Windows Defender\Platform\4.18.26030.3011-0\MpCmdRun.exe,4848,,,,,,,,,5D4EF8E3-32B0-4E8B-A263-965621B5355D,\Microsoft\Windows\Windows Defender\Windows Defender Cache Maintenance,,,ActionStart
2026-05-21T23:28:59.758426Z,325,dc.scaffold.htb,Microsoft-Windows-TaskScheduler,Microsoft-Windows-TaskScheduler/Operational,4105,3,,,,,,,,D51B3184-CA18-4E13-9F86-3F7A5BBA8945,,,,\Microsoft\Windows\Power Efficiency Diagnostics\AnalyzeSystem,,,TaskInstanceQueued
2026-05-21T23:28:59.762965Z,129,dc.scaffold.htb,Microsoft-Windows-TaskScheduler,Microsoft-Windows-TaskScheduler/Operational,4106,4,,,,,taskhostw.exe,16384,6388,,,,,\Microsoft\Windows\DiskFootprint\StorageSense,,,CreatedTaskProcess
2026-05-21T23:28:59.763227Z,100,dc.scaffold.htb,Microsoft-Windows-TaskScheduler,Microsoft-Windows-TaskScheduler/Operational,4107,4,,,DBA1B17E-5748-47F6-9F13-E1B1F0FA8B18,,,,,,,,,\Microsoft\Windows\DiskFootprint\StorageSense,NT AUTHORITY\SYSTEM,,TaskStartEvent
2026-05-21T23:28:59.763229Z,200,dc.scaffold.htb,Microsoft-Windows-TaskScheduler,Microsoft-Windows-TaskScheduler/Operational,4108,4,StorageUsage State Reporter Task Handler,6388,,,,,,,,,DBA1B17E-5748-47F6-9F13-E1B1F0FA8B18,\Microsoft\Windows\DiskFootprint\StorageSense,,,ActionStart
2026-05-21T23:28:59.765845Z,129,dc.scaffold.htb,Microsoft-Windows-TaskScheduler,Microsoft-Windows-TaskScheduler/Operational,4109,4,,,,,%windir%\system32\rundll32.exe,16384,4128,,,,,\Microsoft\Windows\StateRepository\MaintenanceTasks,,,CreatedTaskProcess
2026-05-21T23:28:59.765968Z,100,dc.scaffold.htb,Microsoft-Windows-TaskScheduler,Microsoft-Windows-TaskScheduler/Operational,4110,4,,,82969E05-6285-4AD6-8459-4A8F1851777B,,,,,,,,,\Microsoft\Windows\StateRepository\MaintenanceTasks,NT AUTHORITY\SYSTEM,,TaskStartEvent
2026-05-21T23:28:59.765969Z,200,dc.scaffold.htb,Microsoft-Windows-TaskScheduler,Microsoft-Windows-TaskScheduler/Operational,4111,4,%windir%\system32\rundll32.exe,4128,,,,,,,,,82969E05-6285-4AD6-8459-4A8F1851777B,\Microsoft\Windows\StateRepository\MaintenanceTasks,,,ActionStart
2026-05-21T23:28:59.772087Z,129,dc.scaffold.htb,Microsoft-Windows-TaskScheduler,Microsoft-Windows-TaskScheduler/Operational,4112,4,,,,,%windir%\system32\AppHostRegistrationVerifier.exe,16384,5864,,,,,\microsoft\windows\applicationdata\appuriverifierdaily,,,CreatedTaskProcess
2026-05-21T23:28:59.772519Z,100,dc.scaffold.htb,Microsoft-Windows-TaskScheduler,Microsoft-Windows-TaskScheduler/Operational,4113,4,,,B6C25E47-4F69-4AE3-8F98-B65500959930,,,,,,,,,\microsoft\windows\applicationdata\appuriverifierdaily,SCAFFOLD\Administrator,,TaskStartEvent
2026-05-21T23:28:59.772521Z,200,dc.scaffold.htb,Microsoft-Windows-TaskScheduler,Microsoft-Windows-TaskScheduler/Operational,4114,4,%windir%\system32\AppHostRegistrationVerifier.exe,5864,,,,,,,,,B6C25E47-4F69-4AE3-8F98-B65500959930,\microsoft\windows\applicationdata\appuriverifierdaily,,,ActionStart
2026-05-21T23:28:59.778256Z,129,dc.scaffold.htb,Microsoft-Windows-TaskScheduler,Microsoft-Windows-TaskScheduler/Operational,4115,4,,,,,%windir%\system32\dstokenclean.exe,16384,7496,,,,,\Microsoft\Windows\ApplicationData\DsSvcCleanup,,,CreatedTaskProcess
2026-05-21T23:28:59.778523Z,100,dc.scaffold.htb,Microsoft-Windows-TaskScheduler,Microsoft-Windows-TaskScheduler/Operational,4116,4,,,DB3D4BFC-C2C6-4C9C-8864-673303236032,,,,,,,,,\Microsoft\Windows\ApplicationData\DsSvcCleanup,NT AUTHORITY\SYSTEM,,TaskStartEvent
2026-05-21T23:28:59.778525Z,200,dc.scaffold.htb,Microsoft-Windows-TaskScheduler,Microsoft-Windows-TaskScheduler/Operational,4117,4,%windir%\system32\dstokenclean.exe,7496,,,,,,,,,DB3D4BFC-C2C6-4C9C-8864-673303236032,\Microsoft\Windows\ApplicationData\DsSvcCleanup,,,ActionStart
2026-05-21T23:28:59.781656Z,129,dc.scaffold.htb,Microsoft-Windows-TaskScheduler,Microsoft-Windows-TaskScheduler/Operational,4118,4,,,,,%windir%\system32\sc.exe,16384,1380,,,,,\Microsoft\Windows\Time Synchronization\SynchronizeTime,,,CreatedTaskProcess
2026-05-21T23:28:59.781761Z,100,dc.scaffold.htb,Microsoft-Windows-TaskScheduler,Microsoft-Windows-TaskScheduler/Operational,4119,4,,,711B24CD-ED60-4960-BF71-FA7A2E5E2603,,,,,,,,,\Microsoft\Windows\Time Synchronization\SynchronizeTime,(NONE),,TaskStartEvent
2026-05-21T23:28:59.781762Z,200,dc.scaffold.htb,Microsoft-Windows-TaskScheduler,Microsoft-Windows-TaskScheduler/Operational,4120,4,%windir%\system32\sc.exe,1380,,,,,,,,,711B24CD-ED60-4960-BF71-FA7A2E5E2603,\Microsoft\Windows\Time Synchronization\SynchronizeTime,,,ActionStart
2026-05-21T23:28:59.782037Z,100,dc.scaffold.htb,Microsoft-Windows-TaskScheduler,Microsoft-Windows-TaskScheduler/Operational,4121,4,,,CCF0A789-F341-4FC4-9C05-71F2FC32249D,,,,,,,,,\Microsoft\Windows\Chkdsk\ProactiveScan,NT AUTHORITY\SYSTEM,,TaskStartEvent
2026-05-21T23:28:59.782038Z,200,dc.scaffold.htb,Microsoft-Windows-TaskScheduler,Microsoft-Windows-TaskScheduler/Operational,4122,4,Proactive Scan,6388,,,,,,,,,CCF0A789-F341-4FC4-9C05-71F2FC32249D,\Microsoft\Windows\Chkdsk\ProactiveScan,,,ActionStart
2026-05-21T23:28:59.783648Z,129,dc.scaffold.htb,Microsoft-Windows-TaskScheduler,Microsoft-Windows-TaskScheduler/Operational,4123,4,,,,,taskhostw.exe,16384,5844,,,,,\Microsoft\Windows\Shell\IndexerAutomaticMaintenance,,,CreatedTaskProcess
2026-05-21T23:28:59.783771Z,100,dc.scaffold.htb,Microsoft-Windows-TaskScheduler,Microsoft-Windows-TaskScheduler/Operational,4124,4,,,5207C497-5F2E-4F0D-8FA9-30E4FC522B99,,,,,,,,,\Microsoft\Windows\Shell\IndexerAutomaticMaintenance,(NONE),,TaskStartEvent
2026-05-21T23:28:59.783772Z,200,dc.scaffold.htb,Microsoft-Windows-TaskScheduler,Microsoft-Windows-TaskScheduler/Operational,4125,4,Automatic Maintenance task to enable Windows Search to make progress while in Connected Standby,5844,,,,,,,,,5207C497-5F2E-4F0D-8FA9-30E4FC522B99,\Microsoft\Windows\Shell\IndexerAutomaticMaintenance,,,ActionStart
2026-05-21T23:28:59.786460Z,129,dc.scaffold.htb,Microsoft-Windows-TaskScheduler,Microsoft-Windows-TaskScheduler/Operational,4126,4,,,,,%windir%\system32\disksnapshot.exe,16384,2548,,,,,\Microsoft\Windows\DiskFootprint\Diagnostics,,,CreatedTaskProcess
2026-05-21T23:28:59.786561Z,100,dc.scaffold.htb,Microsoft-Windows-TaskScheduler,Microsoft-Windows-TaskScheduler/Operational,4127,4,,,AD63F7B1-2899-4DB4-896C-EB7D1DCFCA53,,,,,,,,,\Microsoft\Windows\DiskFootprint\Diagnostics,NT AUTHORITY\SYSTEM,,TaskStartEvent
2026-05-21T23:28:59.786562Z,200,dc.scaffold.htb,Microsoft-Windows-TaskScheduler,Microsoft-Windows-TaskScheduler/Operational,4128,4,%windir%\system32\disksnapshot.exe,2548,,,,,,,,,AD63F7B1-2899-4DB4-896C-EB7D1DCFCA53,\Microsoft\Windows\DiskFootprint\Diagnostics,,,ActionStart
2026-05-21T23:28:59.788184Z,129,dc.scaffold.htb,Microsoft-Windows-TaskScheduler,Microsoft-Windows-TaskScheduler/Operational,4129,4,,,,,taskhostw.exe,32,1968,,,,,\Microsoft\Windows\License Manager\TempSignedLicenseExchange,,,CreatedTaskProcess
2026-05-21T23:28:59.788411Z,100,dc.scaffold.htb,Microsoft-Windows-TaskScheduler,Microsoft-Windows-TaskScheduler/Operational,4130,4,,,1A7D2E20-3656-4B43-B32B-22BA05AAAE39,,,,,,,,,\Microsoft\Windows\License Manager\TempSignedLicenseExchange,SCAFFOLD\Administrator,,TaskStartEvent
2026-05-21T23:28:59.788412Z,200,dc.scaffold.htb,Microsoft-Windows-TaskScheduler,Microsoft-Windows-TaskScheduler/Operational,4131,4,TempSignedLicenseExchangeTask,1968,,,,,,,,,1A7D2E20-3656-4B43-B32B-22BA05AAAE39,\Microsoft\Windows\License Manager\TempSignedLicenseExchange,,,ActionStart
2026-05-21T23:28:59.788701Z,100,dc.scaffold.htb,Microsoft-Windows-TaskScheduler,Microsoft-Windows-TaskScheduler/Operational,4132,4,,,96A3D8B5-1C48-49A2-BE04-FB078C58F8C9,,,,,,,,,\Microsoft\Windows\.NET Framework\.NET Framework NGEN v4.0.30319 64,NT AUTHORITY\SYSTEM,,TaskStartEvent
2026-05-21T23:28:59.788702Z,200,dc.scaffold.htb,Microsoft-Windows-TaskScheduler,Microsoft-Windows-TaskScheduler/Operational,4133,4,,6388,,,,,,,,,96A3D8B5-1C48-49A2-BE04-FB078C58F8C9,\Microsoft\Windows\.NET Framework\.NET Framework NGEN v4.0.30319 64,,,ActionStart
2026-05-21T23:28:59.788870Z,100,dc.scaffold.htb,Microsoft-Windows-TaskScheduler,Microsoft-Windows-TaskScheduler/Operational,4134,4,,,27E330A3-8D86-454B-8DB0-523B391B720B,,,,,,,,,\Microsoft\Windows\.NET Framework\.NET Framework NGEN v4.0.30319,NT AUTHORITY\SYSTEM,,TaskStartEvent
2026-05-21T23:28:59.788871Z,200,dc.scaffold.htb,Microsoft-Windows-TaskScheduler,Microsoft-Windows-TaskScheduler/Operational,4135,4,,6388,,,,,,,,,27E330A3-8D86-454B-8DB0-523B391B720B,\Microsoft\Windows\.NET Framework\.NET Framework NGEN v4.0.30319,,,ActionStart
2026-05-21T23:28:59.789144Z,100,dc.scaffold.htb,Microsoft-Windows-TaskScheduler,Microsoft-Windows-TaskScheduler/Operational,4136,4,,,9B0E9EC7-2FC2-44CB-ABD7-0DB63703A4C6,,,,,,,,,\Microsoft\Windows\Customer Experience Improvement Program\UsbCeip,NT AUTHORITY\SYSTEM,,TaskStartEvent
2026-05-21T23:28:59.789145Z,200,dc.scaffold.htb,Microsoft-Windows-TaskScheduler,Microsoft-Windows-TaskScheduler/Operational,4137,4,UsbCeip,6388,,,,,,,,,9B0E9EC7-2FC2-44CB-ABD7-0DB63703A4C6,\Microsoft\Windows\Customer Experience Improvement Program\UsbCeip,,,ActionStart
2026-05-21T23:28:59.790013Z,100,dc.scaffold.htb,Microsoft-Windows-TaskScheduler,Microsoft-Windows-TaskScheduler/Operational,4138,4,,,D3D01C8F-910E-4305-BCB1-890543E6AA7A,,,,,,,,,\Microsoft\Windows\Diagnosis\Scheduled,SCAFFOLD\Administrator,,TaskStartEvent
2026-05-21T23:28:59.790014Z,200,dc.scaffold.htb,Microsoft-Windows-TaskScheduler,Microsoft-Windows-TaskScheduler/Operational,4139,4,ScheduledDiagnosticCustomHandler,1968,,,,,,,,,D3D01C8F-910E-4305-BCB1-890543E6AA7A,\Microsoft\Windows\Diagnosis\Scheduled,,,ActionStart
2026-05-21T23:28:59.794747Z,129,dc.scaffold.htb,Microsoft-Windows-TaskScheduler,Microsoft-Windows-TaskScheduler/Operational,4140,4,,,,,%windir%\system32\tzsync.exe,16384,5536,,,,,\Microsoft\Windows\Time Zone\SynchronizeTimeZone,,,CreatedTaskProcess
2026-05-21T23:28:59.795088Z,100,dc.scaffold.htb,Microsoft-Windows-TaskScheduler,Microsoft-Windows-TaskScheduler/Operational,4141,4,,,A7C16BCF-A73D-4082-B097-A482BF40482A,,,,,,,,,\Microsoft\Windows\Time Zone\SynchronizeTimeZone,NT AUTHORITY\SYSTEM,,TaskStartEvent
2026-05-21T23:28:59.795090Z,200,dc.scaffold.htb,Microsoft-Windows-TaskScheduler,Microsoft-Windows-TaskScheduler/Operational,4142,4,%windir%\system32\tzsync.exe,5536,,,,,,,,,A7C16BCF-A73D-4082-B097-A482BF40482A,\Microsoft\Windows\Time Zone\SynchronizeTimeZone,,,ActionStart
2026-05-21T23:28:59.797854Z,129,dc.scaffold.htb,Microsoft-Windows-TaskScheduler,Microsoft-Windows-TaskScheduler/Operational,4143,4,,,,,%windir%\system32\rundll32.exe,16384,5776,,,,,\Microsoft\Windows\ApplicationData\CleanupTemporaryState,,,CreatedTaskProcess
2026-05-21T23:28:59.798010Z,100,dc.scaffold.htb,Microsoft-Windows-TaskScheduler,Microsoft-Windows-TaskScheduler/Operational,4144,4,,,0EF12539-2171-4AE5-923A-F482363C951A,,,,,,,,,\Microsoft\Windows\ApplicationData\CleanupTemporaryState,NT AUTHORITY\SYSTEM,,TaskStartEvent
2026-05-21T23:28:59.798012Z,200,dc.scaffold.htb,Microsoft-Windows-TaskScheduler,Microsoft-Windows-TaskScheduler/Operational,4145,4,%windir%\system32\rundll32.exe,5776,,,,,,,,,0EF12539-2171-4AE5-923A-F482363C951A,\Microsoft\Windows\ApplicationData\CleanupTemporaryState,,,ActionStart
2026-05-21T23:28:59.802368Z,129,dc.scaffold.htb,Microsoft-Windows-TaskScheduler,Microsoft-Windows-TaskScheduler/Operational,4146,4,,,,,%windir%\system32\cleanmgr.exe,16384,6292,,,,,\Microsoft\Windows\DiskCleanup\SilentCleanup,,,CreatedTaskProcess
2026-05-21T23:28:59.802614Z,100,dc.scaffold.htb,Microsoft-Windows-TaskScheduler,Microsoft-Windows-TaskScheduler/Operational,4147,4,,,5FB67E31-DB5F-4CD8-8FF6-7139FB62DE16,,,,,,,,,\Microsoft\Windows\DiskCleanup\SilentCleanup,SCAFFOLD\Administrator,,TaskStartEvent
2026-05-21T23:28:59.802615Z,200,dc.scaffold.htb,Microsoft-Windows-TaskScheduler,Microsoft-Windows-TaskScheduler/Operational,4148,4,%windir%\system32\cleanmgr.exe,6292,,,,,,,,,5FB67E31-DB5F-4CD8-8FF6-7139FB62DE16,\Microsoft\Windows\DiskCleanup\SilentCleanup,,,ActionStart
2026-05-21T23:28:59.803000Z,325,dc.scaffold.htb,Microsoft-Windows-TaskScheduler,Microsoft-Windows-TaskScheduler/Operational,4149,3,,,,,,,,2B28DBEC-B355-497C-A2AA-8C3C94365683,,,,\Microsoft\Windows\Maintenance\WinSAT,,,TaskInstanceQueued
2026-05-21T23:28:59.810202Z,129,dc.scaffold.htb,Microsoft-Windows-TaskScheduler,Microsoft-Windows-TaskScheduler/Operational,4150,4,,,,,%windir%\system32\defrag.exe,16384,5984,,,,,\Microsoft\Windows\Defrag\ScheduledDefrag,,,CreatedTaskProcess
2026-05-21T23:28:59.810402Z,100,dc.scaffold.htb,Microsoft-Windows-TaskScheduler,Microsoft-Windows-TaskScheduler/Operational,4151,4,,,B0D40311-F482-4BD2-B576-6CBDE5D03416,,,,,,,,,\Microsoft\Windows\Defrag\ScheduledDefrag,NT AUTHORITY\SYSTEM,,TaskStartEvent
2026-05-21T23:28:59.810403Z,200,dc.scaffold.htb,Microsoft-Windows-TaskScheduler,Microsoft-Windows-TaskScheduler/Operational,4152,4,%windir%\system32\defrag.exe,5984,,,,,,,,,B0D40311-F482-4BD2-B576-6CBDE5D03416,\Microsoft\Windows\Defrag\ScheduledDefrag,,,ActionStart
2026-05-21T23:28:59.810824Z,100,dc.scaffold.htb,Microsoft-Windows-TaskScheduler,Microsoft-Windows-TaskScheduler/Operational,4153,4,,,EAAAA4F6-6C42-4E46-9E3F-97063887E974,,,,,,,,,\Microsoft\Windows\Servicing\StartComponentCleanup,NT AUTHORITY\SYSTEM,,TaskStartEvent
2026-05-21T23:28:59.810825Z,200,dc.scaffold.htb,Microsoft-Windows-TaskScheduler,Microsoft-Windows-TaskScheduler/Operational,4154,4,Component Based Servicing Session,6388,,,,,,,,,EAAAA4F6-6C42-4E46-9E3F-97063887E974,\Microsoft\Windows\Servicing\StartComponentCleanup,,,ActionStart
2026-05-21T23:28:59.811117Z,100,dc.scaffold.htb,Microsoft-Windows-TaskScheduler,Microsoft-Windows-TaskScheduler/Operational,4155,4,,,0843C561-D1ED-4CD4-A5C6-6639AC570D84,,,,,,,,,\Microsoft\Windows\BrokerInfrastructure\BgTaskRegistrationMaintenanceTask,NT AUTHORITY\SYSTEM,,TaskStartEvent
2026-05-21T23:28:59.811118Z,200,dc.scaffold.htb,Microsoft-Windows-TaskScheduler,Microsoft-Windows-TaskScheduler/Operational,4156,4,,6388,,,,,,,,,0843C561-D1ED-4CD4-A5C6-6639AC570D84,\Microsoft\Windows\BrokerInfrastructure\BgTaskRegistrationMaintenanceTask,,,ActionStart
2026-05-21T23:28:59.867834Z,201,dc.scaffold.htb,Microsoft-Windows-TaskScheduler,Microsoft-Windows-TaskScheduler/Operational,4157,4,Proactive Scan,6388,,,,,,,0,,CCF0A789-F341-4FC4-9C05-71F2FC32249D,\Microsoft\Windows\Chkdsk\ProactiveScan,,,ActionSuccess
2026-05-21T23:28:59.867835Z,102,dc.scaffold.htb,Microsoft-Windows-TaskScheduler,Microsoft-Windows-TaskScheduler/Operational,4158,4,,,CCF0A789-F341-4FC4-9C05-71F2FC32249D,,,,,,,,,\Microsoft\Windows\Chkdsk\ProactiveScan,NT AUTHORITY\SYSTEM,,TaskSuccessEvent
2026-05-21T23:28:59.870863Z,201,dc.scaffold.htb,Microsoft-Windows-TaskScheduler,Microsoft-Windows-TaskScheduler/Operational,4159,4,TempSignedLicenseExchangeTask,1968,,,,,,,0,,1A7D2E20-3656-4B43-B32B-22BA05AAAE39,\Microsoft\Windows\License Manager\TempSignedLicenseExchange,,,ActionSuccess
2026-05-21T23:28:59.870866Z,102,dc.scaffold.htb,Microsoft-Windows-TaskScheduler,Microsoft-Windows-TaskScheduler/Operational,4160,4,,,1A7D2E20-3656-4B43-B32B-22BA05AAAE39,,,,,,,,,\Microsoft\Windows\License Manager\TempSignedLicenseExchange,SCAFFOLD\Administrator,,TaskSuccessEvent
2026-05-21T23:28:59.915083Z,201,dc.scaffold.htb,Microsoft-Windows-TaskScheduler,Microsoft-Windows-TaskScheduler/Operational,4161,4,,6388,,,,,,,2147942400,,0843C561-D1ED-4CD4-A5C6-6639AC570D84,\Microsoft\Windows\BrokerInfrastructure\BgTaskRegistrationMaintenanceTask,,,ActionSuccess
2026-05-21T23:28:59.915085Z,102,dc.scaffold.htb,Microsoft-Windows-TaskScheduler,Microsoft-Windows-TaskScheduler/Operational,4162,4,,,0843C561-D1ED-4CD4-A5C6-6639AC570D84,,,,,,,,,\Microsoft\Windows\BrokerInfrastructure\BgTaskRegistrationMaintenanceTask,NT AUTHORITY\SYSTEM,,TaskSuccessEvent
2026-05-21T23:28:59.935357Z,201,dc.scaffold.htb,Microsoft-Windows-TaskScheduler,Microsoft-Windows-TaskScheduler/Operational,4163,4,UsbCeip,6388,,,,,,,0,,9B0E9EC7-2FC2-44CB-ABD7-0DB63703A4C6,\Microsoft\Windows\Customer Experience Improvement Program\UsbCeip,,,ActionSuccess
2026-05-21T23:28:59.935358Z,102,dc.scaffold.htb,Microsoft-Windows-TaskScheduler,Microsoft-Windows-TaskScheduler/Operational,4164,4,,,9B0E9EC7-2FC2-44CB-ABD7-0DB63703A4C6,,,,,,,,,\Microsoft\Windows\Customer Experience Improvement Program\UsbCeip,NT AUTHORITY\SYSTEM,,TaskSuccessEvent
2026-05-21T23:28:59.966546Z,201,dc.scaffold.htb,Microsoft-Windows-TaskScheduler,Microsoft-Windows-TaskScheduler/Operational,4165,4,%systemroot%\system32\usoclient.exe,2480,,,,,,,0,,B0EF7DE6-3D5E-4853-8A87-A39B27E2759C,\Microsoft\Windows\UpdateOrchestrator\Report policies,,,ActionSuccess
2026-05-21T23:28:59.966863Z,102,dc.scaffold.htb,Microsoft-Windows-TaskScheduler,Microsoft-Windows-TaskScheduler/Operational,4166,4,,,B0EF7DE6-3D5E-4853-8A87-A39B27E2759C,,,,,,,,,\Microsoft\Windows\UpdateOrchestrator\Report policies,NT AUTHORITY\SYSTEM,,TaskSuccessEvent
2026-05-21T23:28:59.979137Z,201,dc.scaffold.htb,Microsoft-Windows-TaskScheduler,Microsoft-Windows-TaskScheduler/Operational,4167,4,Component Based Servicing Session,6388,,,,,,,0,,EAAAA4F6-6C42-4E46-9E3F-97063887E974,\Microsoft\Windows\Servicing\StartComponentCleanup,,,ActionSuccess
2026-05-21T23:28:59.979139Z,102,dc.scaffold.htb,Microsoft-Windows-TaskScheduler,Microsoft-Windows-TaskScheduler/Operational,4168,4,,,EAAAA4F6-6C42-4E46-9E3F-97063887E974,,,,,,,,,\Microsoft\Windows\Servicing\StartComponentCleanup,NT AUTHORITY\SYSTEM,,TaskSuccessEvent
2026-05-21T23:28:59.996457Z,201,dc.scaffold.htb,Microsoft-Windows-TaskScheduler,Microsoft-Windows-TaskScheduler/Operational,4169,4,%windir%\system32\rundll32.exe,5776,,,,,,,0,,0EF12539-2171-4AE5-923A-F482363C951A,\Microsoft\Windows\ApplicationData\CleanupTemporaryState,,,ActionSuccess
2026-05-21T23:28:59.996587Z,102,dc.scaffold.htb,Microsoft-Windows-TaskScheduler,Microsoft-Windows-TaskScheduler/Operational,4170,4,,,0EF12539-2171-4AE5-923A-F482363C951A,,,,,,,,,\Microsoft\Windows\ApplicationData\CleanupTemporaryState,NT AUTHORITY\SYSTEM,,TaskSuccessEvent
2026-05-21T23:29:00.024939Z,201,dc.scaffold.htb,Microsoft-Windows-TaskScheduler,Microsoft-Windows-TaskScheduler/Operational,4171,4,%windir%\system32\rundll32.exe,4128,,,,,,,0,,82969E05-6285-4AD6-8459-4A8F1851777B,\Microsoft\Windows\StateRepository\MaintenanceTasks,,,ActionSuccess
2026-05-21T23:29:00.025198Z,102,dc.scaffold.htb,Microsoft-Windows-TaskScheduler,Microsoft-Windows-TaskScheduler/Operational,4172,4,,,82969E05-6285-4AD6-8459-4A8F1851777B,,,,,,,,,\Microsoft\Windows\StateRepository\MaintenanceTasks,NT AUTHORITY\SYSTEM,,TaskSuccessEvent
2026-05-21T23:29:00.053620Z,201,dc.scaffold.htb,Microsoft-Windows-TaskScheduler,Microsoft-Windows-TaskScheduler/Operational,4173,4,%windir%\system32\sc.exe,1380,,,,,,,2147943456,,711B24CD-ED60-4960-BF71-FA7A2E5E2603,\Microsoft\Windows\Time Synchronization\SynchronizeTime,,,ActionSuccess
2026-05-21T23:29:00.053814Z,102,dc.scaffold.htb,Microsoft-Windows-TaskScheduler,Microsoft-Windows-TaskScheduler/Operational,4174,4,,,711B24CD-ED60-4960-BF71-FA7A2E5E2603,,,,,,,,,\Microsoft\Windows\Time Synchronization\SynchronizeTime,(NONE),,TaskSuccessEvent
2026-05-21T23:29:00.058057Z,201,dc.scaffold.htb,Microsoft-Windows-TaskScheduler,Microsoft-Windows-TaskScheduler/Operational,4175,4,%windir%\system32\AppHostRegistrationVerifier.exe,5864,,,,,,,0,,B6C25E47-4F69-4AE3-8F98-B65500959930,\microsoft\windows\applicationdata\appuriverifierdaily,,,ActionSuccess
2026-05-21T23:29:00.058386Z,102,dc.scaffold.htb,Microsoft-Windows-TaskScheduler,Microsoft-Windows-TaskScheduler/Operational,4176,4,,,B6C25E47-4F69-4AE3-8F98-B65500959930,,,,,,,,,\microsoft\windows\applicationdata\appuriverifierdaily,SCAFFOLD\Administrator,,TaskSuccessEvent
2026-05-21T23:29:00.059600Z,201,dc.scaffold.htb,Microsoft-Windows-TaskScheduler,Microsoft-Windows-TaskScheduler/Operational,4177,4,%windir%\system32\lpremove.exe,7060,,,,,,,0,,E58AFB58-B995-4966-B3B9-730B57CF6DF0,\Microsoft\Windows\MUI\LPRemove,,,ActionSuccess
2026-05-21T23:29:00.059759Z,102,dc.scaffold.htb,Microsoft-Windows-TaskScheduler,Microsoft-Windows-TaskScheduler/Operational,4178,4,,,E58AFB58-B995-4966-B3B9-730B57CF6DF0,,,,,,,,,\Microsoft\Windows\MUI\LPRemove,NT AUTHORITY\SYSTEM,,TaskSuccessEvent
2026-05-21T23:29:00.086173Z,202,dc.scaffold.htb,Microsoft-Windows-TaskScheduler,Microsoft-Windows-TaskScheduler/Operational,4179,2,StorageUsage State Reporter Task Handler,6388,,,,,,,2147746132,,DBA1B17E-5748-47F6-9F13-E1B1F0FA8B18,\Microsoft\Windows\DiskFootprint\StorageSense,,,ActionFailure
2026-05-21T23:29:00.086175Z,103,dc.scaffold.htb,Microsoft-Windows-TaskScheduler,Microsoft-Windows-TaskScheduler/Operational,4180,2,,,DBA1B17E-5748-47F6-9F13-E1B1F0FA8B18,,,,,,2147746132,,,\Microsoft\Windows\DiskFootprint\StorageSense,NT AUTHORITY\SYSTEM,,TaskFailureEvent
2026-05-21T23:29:00.099678Z,201,dc.scaffold.htb,Microsoft-Windows-TaskScheduler,Microsoft-Windows-TaskScheduler/Operational,4181,4,%windir%\system32\disksnapshot.exe,2548,,,,,,,0,,AD63F7B1-2899-4DB4-896C-EB7D1DCFCA53,\Microsoft\Windows\DiskFootprint\Diagnostics,,,ActionSuccess
2026-05-21T23:29:00.099820Z,102,dc.scaffold.htb,Microsoft-Windows-TaskScheduler,Microsoft-Windows-TaskScheduler/Operational,4182,4,,,AD63F7B1-2899-4DB4-896C-EB7D1DCFCA53,,,,,,,,,\Microsoft\Windows\DiskFootprint\Diagnostics,NT AUTHORITY\SYSTEM,,TaskSuccessEvent
2026-05-21T23:29:00.111755Z,201,dc.scaffold.htb,Microsoft-Windows-TaskScheduler,Microsoft-Windows-TaskScheduler/Operational,4183,4,Automatic Maintenance task to enable Windows Search to make progress while in Connected Standby,5844,,,,,,,2147942401,,5207C497-5F2E-4F0D-8FA9-30E4FC522B99,\Microsoft\Windows\Shell\IndexerAutomaticMaintenance,,,ActionSuccess
2026-05-21T23:29:00.111757Z,102,dc.scaffold.htb,Microsoft-Windows-TaskScheduler,Microsoft-Windows-TaskScheduler/Operational,4184,4,,,5207C497-5F2E-4F0D-8FA9-30E4FC522B99,,,,,,,,,\Microsoft\Windows\Shell\IndexerAutomaticMaintenance,(NONE),,TaskSuccessEvent
2026-05-21T23:29:00.216150Z,201,dc.scaffold.htb,Microsoft-Windows-TaskScheduler,Microsoft-Windows-TaskScheduler/Operational,4185,4,%windir%\system32\dstokenclean.exe,7496,,,,,,,0,,DB3D4BFC-C2C6-4C9C-8864-673303236032,\Microsoft\Windows\ApplicationData\DsSvcCleanup,,,ActionSuccess
2026-05-21T23:29:00.216399Z,102,dc.scaffold.htb,Microsoft-Windows-TaskScheduler,Microsoft-Windows-TaskScheduler/Operational,4186,4,,,DB3D4BFC-C2C6-4C9C-8864-673303236032,,,,,,,,,\Microsoft\Windows\ApplicationData\DsSvcCleanup,NT AUTHORITY\SYSTEM,,TaskSuccessEvent
2026-05-21T23:29:00.262630Z,140,dc.scaffold.htb,Microsoft-Windows-TaskScheduler,Microsoft-Windows-TaskScheduler/Operational,4187,4,,,,,,,,,,,,\Microsoft\Windows\.NET Framework\.NET Framework NGEN v4.0.30319 64,,SYSTEM,TaskUpdated
2026-05-21T23:29:00.278305Z,201,dc.scaffold.htb,Microsoft-Windows-TaskScheduler,Microsoft-Windows-TaskScheduler/Operational,4188,4,%windir%\system32\rundll32.exe,5348,,,,,,,0,,7E814D69-D19B-459A-8FF6-030DF6D45A17,\Microsoft\Windows\Application Experience\StartupAppTask,,,ActionSuccess
2026-05-21T23:29:00.278699Z,102,dc.scaffold.htb,Microsoft-Windows-TaskScheduler,Microsoft-Windows-TaskScheduler/Operational,4189,4,,,7E814D69-D19B-459A-8FF6-030DF6D45A17,,,,,,,,,\Microsoft\Windows\Application Experience\StartupAppTask,SCAFFOLD\Administrator,,TaskSuccessEvent
2026-05-21T23:29:00.383832Z,201,dc.scaffold.htb,Microsoft-Windows-TaskScheduler,Microsoft-Windows-TaskScheduler/Operational,4190,4,,6388,,,,,,,0,,96A3D8B5-1C48-49A2-BE04-FB078C58F8C9,\Microsoft\Windows\.NET Framework\.NET Framework NGEN v4.0.30319 64,,,ActionSuccess
2026-05-21T23:29:00.383834Z,102,dc.scaffold.htb,Microsoft-Windows-TaskScheduler,Microsoft-Windows-TaskScheduler/Operational,4191,4,,,96A3D8B5-1C48-49A2-BE04-FB078C58F8C9,,,,,,,,,\Microsoft\Windows\.NET Framework\.NET Framework NGEN v4.0.30319 64,NT AUTHORITY\SYSTEM,,TaskSuccessEvent
2026-05-21T23:29:00.704463Z,140,dc.scaffold.htb,Microsoft-Windows-TaskScheduler,Microsoft-Windows-TaskScheduler/Operational,4192,4,,,,,,,,,,,,\Microsoft\Windows\.NET Framework\.NET Framework NGEN v4.0.30319,,SYSTEM,TaskUpdated
2026-05-21T23:29:00.863265Z,201,dc.scaffold.htb,Microsoft-Windows-TaskScheduler,Microsoft-Windows-TaskScheduler/Operational,4193,4,,6388,,,,,,,0,,27E330A3-8D86-454B-8DB0-523B391B720B,\Microsoft\Windows\.NET Framework\.NET Framework NGEN v4.0.30319,,,ActionSuccess
2026-05-21T23:29:00.863267Z,102,dc.scaffold.htb,Microsoft-Windows-TaskScheduler,Microsoft-Windows-TaskScheduler/Operational,4194,4,,,27E330A3-8D86-454B-8DB0-523B391B720B,,,,,,,,,\Microsoft\Windows\.NET Framework\.NET Framework NGEN v4.0.30319,NT AUTHORITY\SYSTEM,,TaskSuccessEvent
2026-05-21T23:29:01.087141Z,201,dc.scaffold.htb,Microsoft-Windows-TaskScheduler,Microsoft-Windows-TaskScheduler/Operational,4195,4,ScheduledDiagnosticCustomHandler,1968,,,,,,,0,,D3D01C8F-910E-4305-BCB1-890543E6AA7A,\Microsoft\Windows\Diagnosis\Scheduled,,,ActionSuccess
2026-05-21T23:29:01.087142Z,102,dc.scaffold.htb,Microsoft-Windows-TaskScheduler,Microsoft-Windows-TaskScheduler/Operational,4196,4,,,D3D01C8F-910E-4305-BCB1-890543E6AA7A,,,,,,,,,\Microsoft\Windows\Diagnosis\Scheduled,SCAFFOLD\Administrator,,TaskSuccessEvent
2026-05-21T23:29:01.103090Z,201,dc.scaffold.htb,Microsoft-Windows-TaskScheduler,Microsoft-Windows-TaskScheduler/Operational,4197,4,%windir%\system32\defrag.exe,5984,,,,,,,0,,B0D40311-F482-4BD2-B576-6CBDE5D03416,\Microsoft\Windows\Defrag\ScheduledDefrag,,,ActionSuccess
2026-05-21T23:29:01.103356Z,102,dc.scaffold.htb,Microsoft-Windows-TaskScheduler,Microsoft-Windows-TaskScheduler/Operational,4198,4,,,B0D40311-F482-4BD2-B576-6CBDE5D03416,,,,,,,,,\Microsoft\Windows\Defrag\ScheduledDefrag,NT AUTHORITY\SYSTEM,,TaskSuccessEvent
2026-05-21T23:29:01.275608Z,325,dc.scaffold.htb,Microsoft-Windows-TaskScheduler,Microsoft-Windows-TaskScheduler/Operational,4199,3,,,,,,,,D51B3184-CA18-4E13-9F86-3F7A5BBA8945,,,,\Microsoft\Windows\Power Efficiency Diagnostics\AnalyzeSystem,,,TaskInstanceQueued
2026-05-21T23:29:01.278879Z,129,dc.scaffold.htb,Microsoft-Windows-TaskScheduler,Microsoft-Windows-TaskScheduler/Operational,4200,4,,,,,taskhostw.exe,16384,484,,,,,\Microsoft\Windows\.NET Framework\.NET Framework NGEN v4.0.30319 64,,,CreatedTaskProcess
2026-05-21T23:29:01.279096Z,100,dc.scaffold.htb,Microsoft-Windows-TaskScheduler,Microsoft-Windows-TaskScheduler/Operational,4201,4,,,39B14E2C-F147-4C36-ACAE-7C8ABBF1E567,,,,,,,,,\Microsoft\Windows\.NET Framework\.NET Framework NGEN v4.0.30319 64,NT AUTHORITY\SYSTEM,,TaskStartEvent
2026-05-21T23:29:01.279098Z,200,dc.scaffold.htb,Microsoft-Windows-TaskScheduler,Microsoft-Windows-TaskScheduler/Operational,4202,4,,484,,,,,,,,,39B14E2C-F147-4C36-ACAE-7C8ABBF1E567,\Microsoft\Windows\.NET Framework\.NET Framework NGEN v4.0.30319 64,,,ActionStart
2026-05-21T23:29:01.279442Z,100,dc.scaffold.htb,Microsoft-Windows-TaskScheduler,Microsoft-Windows-TaskScheduler/Operational,4203,4,,,B49E34EA-6DFE-4E03-9F30-F1A4AE414E41,,,,,,,,,\Microsoft\Windows\.NET Framework\.NET Framework NGEN v4.0.30319,NT AUTHORITY\SYSTEM,,TaskStartEvent
2026-05-21T23:29:01.279443Z,200,dc.scaffold.htb,Microsoft-Windows-TaskScheduler,Microsoft-Windows-TaskScheduler/Operational,4204,4,,484,,,,,,,,,B49E34EA-6DFE-4E03-9F30-F1A4AE414E41,\Microsoft\Windows\.NET Framework\.NET Framework NGEN v4.0.30319,,,ActionStart
2026-05-21T23:29:01.279797Z,325,dc.scaffold.htb,Microsoft-Windows-TaskScheduler,Microsoft-Windows-TaskScheduler/Operational,4205,3,,,,,,,,823881F6-D597-4507-9D64-18B0296C047E,,,,\Microsoft\Windows\Maintenance\WinSAT,,,TaskInstanceQueued
2026-05-21T23:29:01.450582Z,140,dc.scaffold.htb,Microsoft-Windows-TaskScheduler,Microsoft-Windows-TaskScheduler/Operational,4206,4,,,,,,,,,,,,\Microsoft\Windows\.NET Framework\.NET Framework NGEN v4.0.30319,,SYSTEM,TaskUpdated
2026-05-21T23:29:01.467896Z,140,dc.scaffold.htb,Microsoft-Windows-TaskScheduler,Microsoft-Windows-TaskScheduler/Operational,4207,4,,,,,,,,,,,,\Microsoft\Windows\.NET Framework\.NET Framework NGEN v4.0.30319 64,,SYSTEM,TaskUpdated
2026-05-21T23:29:01.559981Z,201,dc.scaffold.htb,Microsoft-Windows-TaskScheduler,Microsoft-Windows-TaskScheduler/Operational,4208,4,,484,,,,,,,0,,B49E34EA-6DFE-4E03-9F30-F1A4AE414E41,\Microsoft\Windows\.NET Framework\.NET Framework NGEN v4.0.30319,,,ActionSuccess
2026-05-21T23:29:01.559982Z,102,dc.scaffold.htb,Microsoft-Windows-TaskScheduler,Microsoft-Windows-TaskScheduler/Operational,4209,4,,,B49E34EA-6DFE-4E03-9F30-F1A4AE414E41,,,,,,,,,\Microsoft\Windows\.NET Framework\.NET Framework NGEN v4.0.30319,NT AUTHORITY\SYSTEM,,TaskSuccessEvent
2026-05-21T23:29:01.574966Z,201,dc.scaffold.htb,Microsoft-Windows-TaskScheduler,Microsoft-Windows-TaskScheduler/Operational,4210,4,,484,,,,,,,0,,39B14E2C-F147-4C36-ACAE-7C8ABBF1E567,\Microsoft\Windows\.NET Framework\.NET Framework NGEN v4.0.30319 64,,,ActionSuccess
2026-05-21T23:29:01.574968Z,102,dc.scaffold.htb,Microsoft-Windows-TaskScheduler,Microsoft-Windows-TaskScheduler/Operational,4211,4,,,39B14E2C-F147-4C36-ACAE-7C8ABBF1E567,,,,,,,,,\Microsoft\Windows\.NET Framework\.NET Framework NGEN v4.0.30319 64,NT AUTHORITY\SYSTEM,,TaskSuccessEvent
2026-05-21T23:29:03.179303Z,201,dc.scaffold.htb,Microsoft-Windows-TaskScheduler,Microsoft-Windows-TaskScheduler/Operational,4212,4,%windir%\system32\tzsync.exe,5536,,,,,,,0,,A7C16BCF-A73D-4082-B097-A482BF40482A,\Microsoft\Windows\Time Zone\SynchronizeTimeZone,,,ActionSuccess
2026-05-21T23:29:03.179652Z,102,dc.scaffold.htb,Microsoft-Windows-TaskScheduler,Microsoft-Windows-TaskScheduler/Operational,4213,4,,,A7C16BCF-A73D-4082-B097-A482BF40482A,,,,,,,,,\Microsoft\Windows\Time Zone\SynchronizeTimeZone,NT AUTHORITY\SYSTEM,,TaskSuccessEvent
2026-05-21T23:29:11.365216Z,201,dc.scaffold.htb,Microsoft-Windows-TaskScheduler,Microsoft-Windows-TaskScheduler/Operational,4214,4,%windir%\system32\cleanmgr.exe,6292,,,,,,,0,,5FB67E31-DB5F-4CD8-8FF6-7139FB62DE16,\Microsoft\Windows\DiskCleanup\SilentCleanup,,,ActionSuccess
2026-05-21T23:29:11.365702Z,102,dc.scaffold.htb,Microsoft-Windows-TaskScheduler,Microsoft-Windows-TaskScheduler/Operational,4215,4,,,5FB67E31-DB5F-4CD8-8FF6-7139FB62DE16,,,,,,,,,\Microsoft\Windows\DiskCleanup\SilentCleanup,SCAFFOLD\Administrator,,TaskSuccessEvent
2026-05-21T23:29:15.400614Z,201,dc.scaffold.htb,Microsoft-Windows-TaskScheduler,Microsoft-Windows-TaskScheduler/Operational,4216,4,C:\ProgramData\Microsoft\Windows Defender\Platform\4.18.26030.3011-0\MpCmdRun.exe,1344,,,,,,,0,,97B50C3B-1CD0-436F-A899-F6F454BE85E8,\Microsoft\Windows\Windows Defender\Windows Defender Scheduled Scan,,,ActionSuccess
2026-05-21T23:29:15.400769Z,102,dc.scaffold.htb,Microsoft-Windows-TaskScheduler,Microsoft-Windows-TaskScheduler/Operational,4217,4,,,97B50C3B-1CD0-436F-A899-F6F454BE85E8,,,,,,,,,\Microsoft\Windows\Windows Defender\Windows Defender Scheduled Scan,NT AUTHORITY\SYSTEM,,TaskSuccessEvent
2026-05-21T23:29:30.069210Z,141,dc.scaffold.htb,Microsoft-Windows-TaskScheduler,Microsoft-Windows-TaskScheduler/Operational,4218,4,,,,,,,,,,,,\Microsoft\Windows\Windows Defender\Windows Defender Scheduled Scan,,NT AUTHORITY\System,TaskDeleted
2026-05-21T23:29:30.074274Z,106,dc.scaffold.htb,Microsoft-Windows-TaskScheduler,Microsoft-Windows-TaskScheduler/Operational,4219,4,,,,,,,,,,,,\Microsoft\Windows\Windows Defender\Windows Defender Scheduled Scan,SCAFFOLD\DC$,,TaskRegisteredEvent
2026-05-21T23:29:30.074275Z,140,dc.scaffold.htb,Microsoft-Windows-TaskScheduler,Microsoft-Windows-TaskScheduler/Operational,4220,4,,,,,,,,,,,,\Microsoft\Windows\Windows Defender\Windows Defender Scheduled Scan,,SCAFFOLD\DC$,TaskUpdated
2026-05-21T23:30:00.031190Z,201,dc.scaffold.htb,Microsoft-Windows-TaskScheduler,Microsoft-Windows-TaskScheduler/Operational,4221,4,C:\ProgramData\Microsoft\Windows Defender\Platform\4.18.26030.3011-0\MpCmdRun.exe,6724,,,,,,,0,,5116F78C-2A51-45AD-9AF6-53ED95CA4A69,\Microsoft\Windows\Windows Defender\Windows Defender Cleanup,,,ActionSuccess
2026-05-21T23:30:00.031318Z,102,dc.scaffold.htb,Microsoft-Windows-TaskScheduler,Microsoft-Windows-TaskScheduler/Operational,4222,4,,,5116F78C-2A51-45AD-9AF6-53ED95CA4A69,,,,,,,,,\Microsoft\Windows\Windows Defender\Windows Defender Cleanup,NT AUTHORITY\SYSTEM,,TaskSuccessEvent
2026-05-21T23:30:00.080804Z,201,dc.scaffold.htb,Microsoft-Windows-TaskScheduler,Microsoft-Windows-TaskScheduler/Operational,4223,4,C:\ProgramData\Microsoft\Windows Defender\Platform\4.18.26030.3011-0\MpCmdRun.exe,4848,,,,,,,0,,5D4EF8E3-32B0-4E8B-A263-965621B5355D,\Microsoft\Windows\Windows Defender\Windows Defender Cache Maintenance,,,ActionSuccess
2026-05-21T23:30:00.081000Z,102,dc.scaffold.htb,Microsoft-Windows-TaskScheduler,Microsoft-Windows-TaskScheduler/Operational,4224,4,,,5D4EF8E3-32B0-4E8B-A263-965621B5355D,,,,,,,,,\Microsoft\Windows\Windows Defender\Windows Defender Cache Maintenance,NT AUTHORITY\SYSTEM,,TaskSuccessEvent
2026-05-21T23:30:57.722676Z,129,dc.scaffold.htb,Microsoft-Windows-TaskScheduler,Microsoft-Windows-TaskScheduler/Operational,4225,4,,,,,%windir%\system32\cleanmgr.exe,16384,6328,,,,,\Microsoft\Windows\DiskCleanup\SilentCleanup,,,CreatedTaskProcess
2026-05-21T23:30:57.723103Z,100,dc.scaffold.htb,Microsoft-Windows-TaskScheduler,Microsoft-Windows-TaskScheduler/Operational,4226,4,,,9A6CDAC2-CB3D-4835-A840-613BEF868AE7,,,,,,,,,\Microsoft\Windows\DiskCleanup\SilentCleanup,SCAFFOLD\Administrator,,TaskStartEvent
2026-05-21T23:30:57.723104Z,200,dc.scaffold.htb,Microsoft-Windows-TaskScheduler,Microsoft-Windows-TaskScheduler/Operational,4227,4,%windir%\system32\cleanmgr.exe,6328,,,,,,,,,9A6CDAC2-CB3D-4835-A840-613BEF868AE7,\Microsoft\Windows\DiskCleanup\SilentCleanup,,,ActionStart
2026-05-21T23:30:57.723267Z,110,dc.scaffold.htb,Microsoft-Windows-TaskScheduler,Microsoft-Windows-TaskScheduler/Operational,4228,4,,,6945CA1A-D615-4E17-909D-32C774F8A0C2,,,,,,,,,\Microsoft\Windows\DiskCleanup\SilentCleanup,Users,,TaskRunEvent
2026-05-21T23:30:59.226669Z,119,dc.scaffold.htb,Microsoft-Windows-TaskScheduler,Microsoft-Windows-TaskScheduler/Operational,4229,4,,,4DF78D09-9C98-4995-A145-CC78A4B05112,,,,,,,,,\Microsoft\Windows\Device Information\Device User,,SCAFFOLD\Administrator,LogonTrigger
2026-05-21T23:30:59.228217Z,129,dc.scaffold.htb,Microsoft-Windows-TaskScheduler,Microsoft-Windows-TaskScheduler/Operational,4230,4,,,,,%windir%\system32\devicecensus.exe,16384,5356,,,,,\Microsoft\Windows\Device Information\Device User,,,CreatedTaskProcess
2026-05-21T23:30:59.228416Z,100,dc.scaffold.htb,Microsoft-Windows-TaskScheduler,Microsoft-Windows-TaskScheduler/Operational,4231,4,,,4DF78D09-9C98-4995-A145-CC78A4B05112,,,,,,,,,\Microsoft\Windows\Device Information\Device User,SCAFFOLD\Administrator,,TaskStartEvent
2026-05-21T23:30:59.228417Z,200,dc.scaffold.htb,Microsoft-Windows-TaskScheduler,Microsoft-Windows-TaskScheduler/Operational,4232,4,%windir%\system32\devicecensus.exe,5356,,,,,,,,,4DF78D09-9C98-4995-A145-CC78A4B05112,\Microsoft\Windows\Device Information\Device User,,,ActionStart
2026-05-21T23:31:02.607453Z,201,dc.scaffold.htb,Microsoft-Windows-TaskScheduler,Microsoft-Windows-TaskScheduler/Operational,4233,4,%windir%\system32\cleanmgr.exe,6328,,,,,,,0,,9A6CDAC2-CB3D-4835-A840-613BEF868AE7,\Microsoft\Windows\DiskCleanup\SilentCleanup,,,ActionSuccess
2026-05-21T23:31:02.607675Z,102,dc.scaffold.htb,Microsoft-Windows-TaskScheduler,Microsoft-Windows-TaskScheduler/Operational,4234,4,,,9A6CDAC2-CB3D-4835-A840-613BEF868AE7,,,,,,,,,\Microsoft\Windows\DiskCleanup\SilentCleanup,SCAFFOLD\Administrator,,TaskSuccessEvent
2026-05-21T23:31:08.928442Z,201,dc.scaffold.htb,Microsoft-Windows-TaskScheduler,Microsoft-Windows-TaskScheduler/Operational,4235,4,%windir%\system32\devicecensus.exe,5356,,,,,,,0,,4DF78D09-9C98-4995-A145-CC78A4B05112,\Microsoft\Windows\Device Information\Device User,,,ActionSuccess
2026-05-21T23:31:08.928839Z,102,dc.scaffold.htb,Microsoft-Windows-TaskScheduler,Microsoft-Windows-TaskScheduler/Operational,4236,4,,,4DF78D09-9C98-4995-A145-CC78A4B05112,,,,,,,,,\Microsoft\Windows\Device Information\Device User,SCAFFOLD\Administrator,,TaskSuccessEvent
2026-05-21T23:39:23.506949Z,107,dc.scaffold.htb,Microsoft-Windows-TaskScheduler,Microsoft-Windows-TaskScheduler/Operational,4237,4,,,C5FE48E1-806D-47CE-A7D6-CA9EA329AD94,,,,,,,,,\MicrosoftEdgeUpdateTaskMachineUA,,,TimeTriggerEvent
2026-05-21T23:39:23.511592Z,129,dc.scaffold.htb,Microsoft-Windows-TaskScheduler,Microsoft-Windows-TaskScheduler/Operational,4238,4,,,,,C:\Program Files (x86)\Microsoft\EdgeUpdate\MicrosoftEdgeUpdate.exe,32,3928,,,,,\MicrosoftEdgeUpdateTaskMachineUA,,,CreatedTaskProcess
2026-05-21T23:39:23.511998Z,100,dc.scaffold.htb,Microsoft-Windows-TaskScheduler,Microsoft-Windows-TaskScheduler/Operational,4239,4,,,C5FE48E1-806D-47CE-A7D6-CA9EA329AD94,,,,,,,,,\MicrosoftEdgeUpdateTaskMachineUA,NT AUTHORITY\SYSTEM,,TaskStartEvent
2026-05-21T23:39:23.512001Z,200,dc.scaffold.htb,Microsoft-Windows-TaskScheduler,Microsoft-Windows-TaskScheduler/Operational,4240,4,C:\Program Files (x86)\Microsoft\EdgeUpdate\MicrosoftEdgeUpdate.exe,3928,,,,,,,,,C5FE48E1-806D-47CE-A7D6-CA9EA329AD94,\MicrosoftEdgeUpdateTaskMachineUA,,,ActionStart
2026-05-21T23:40:44.461807Z,140,dc.scaffold.htb,Microsoft-Windows-TaskScheduler,Microsoft-Windows-TaskScheduler/Operational,4241,4,,,,,,,,,,,,\Microsoft\Windows\WindowsUpdate\Scheduled Start,,NT AUTHORITY\SYSTEM,TaskUpdated
2026-05-21T23:40:48.199612Z,201,dc.scaffold.htb,Microsoft-Windows-TaskScheduler,Microsoft-Windows-TaskScheduler/Operational,4242,4,C:\Program Files (x86)\Microsoft\EdgeUpdate\MicrosoftEdgeUpdate.exe,3928,,,,,,,0,,C5FE48E1-806D-47CE-A7D6-CA9EA329AD94,\MicrosoftEdgeUpdateTaskMachineUA,,,ActionSuccess
2026-05-21T23:40:48.199735Z,102,dc.scaffold.htb,Microsoft-Windows-TaskScheduler,Microsoft-Windows-TaskScheduler/Operational,4243,4,,,C5FE48E1-806D-47CE-A7D6-CA9EA329AD94,,,,,,,,,\MicrosoftEdgeUpdateTaskMachineUA,NT AUTHORITY\SYSTEM,,TaskSuccessEvent
2026-05-21T23:40:51.648152Z,140,dc.scaffold.htb,Microsoft-Windows-TaskScheduler,Microsoft-Windows-TaskScheduler/Operational,4244,4,,,,,,,,,,,,\Microsoft\Windows\Application Experience\Microsoft Compatibility Appraiser,,S-1-5-18,TaskUpdated
2026-05-21T23:40:51.853444Z,201,dc.scaffold.htb,Microsoft-Windows-TaskScheduler,Microsoft-Windows-TaskScheduler/Operational,4245,4,%windir%\system32\compattelrunner.exe,7900,,,,,,,0,,CD884FE5-3F6D-4240-8A05-545C9DA67736,\Microsoft\Windows\Application Experience\Microsoft Compatibility Appraiser,,,ActionSuccess
2026-05-21T23:40:51.853686Z,102,dc.scaffold.htb,Microsoft-Windows-TaskScheduler,Microsoft-Windows-TaskScheduler/Operational,4246,4,,,CD884FE5-3F6D-4240-8A05-545C9DA67736,,,,,,,,,\Microsoft\Windows\Application Experience\Microsoft Compatibility Appraiser,NT AUTHORITY\SYSTEM,,TaskSuccessEvent
2026-05-21T23:44:40.386378Z,201,dc.scaffold.htb,Microsoft-Windows-TaskScheduler,Microsoft-Windows-TaskScheduler/Operational,4247,4,%windir%\system32\compattelrunner.exe,5860,,,,,,,0,,81E7A05D-E4B7-4DF6-9EF5-CA0FCE2D94D3,\Microsoft\Windows\Application Experience\ProgramDataUpdater,,,ActionSuccess
2026-05-21T23:44:40.386616Z,102,dc.scaffold.htb,Microsoft-Windows-TaskScheduler,Microsoft-Windows-TaskScheduler/Operational,4248,4,,,81E7A05D-E4B7-4DF6-9EF5-CA0FCE2D94D3,,,,,,,,,\Microsoft\Windows\Application Experience\ProgramDataUpdater,NT AUTHORITY\SYSTEM,,TaskSuccessEvent
2026-05-21T23:44:41.411128Z,129,dc.scaffold.htb,Microsoft-Windows-TaskScheduler,Microsoft-Windows-TaskScheduler/Operational,4249,4,,,,,taskhostw.exe,32,4812,,,,,\Microsoft\Windows\Maintenance\WinSAT,,,CreatedTaskProcess
2026-05-21T23:44:41.412345Z,100,dc.scaffold.htb,Microsoft-Windows-TaskScheduler,Microsoft-Windows-TaskScheduler/Operational,4250,4,,,486FE1D5-EE84-475C-9E33-C28BC96D1D71,,,,,,,,,\Microsoft\Windows\Maintenance\WinSAT,SCAFFOLD\Administrator,,TaskStartEvent
2026-05-21T23:44:41.412349Z,200,dc.scaffold.htb,Microsoft-Windows-TaskScheduler,Microsoft-Windows-TaskScheduler/Operational,4251,4,WinSAT Task Manger Task,4812,,,,,,,,,486FE1D5-EE84-475C-9E33-C28BC96D1D71,\Microsoft\Windows\Maintenance\WinSAT,,,ActionStart
2026-05-21T23:44:41.413278Z,325,dc.scaffold.htb,Microsoft-Windows-TaskScheduler,Microsoft-Windows-TaskScheduler/Operational,4252,3,,,,,,,,D51B3184-CA18-4E13-9F86-3F7A5BBA8945,,,,\Microsoft\Windows\Power Efficiency Diagnostics\AnalyzeSystem,,,TaskInstanceQueued
2026-05-21T23:46:20.030412Z,201,dc.scaffold.htb,Microsoft-Windows-TaskScheduler,Microsoft-Windows-TaskScheduler/Operational,4253,4,WinSAT Task Manger Task,4812,,,,,,,0,,486FE1D5-EE84-475C-9E33-C28BC96D1D71,\Microsoft\Windows\Maintenance\WinSAT,,,ActionSuccess
2026-05-21T23:46:20.030414Z,102,dc.scaffold.htb,Microsoft-Windows-TaskScheduler,Microsoft-Windows-TaskScheduler/Operational,4254,4,,,486FE1D5-EE84-475C-9E33-C28BC96D1D71,,,,,,,,,\Microsoft\Windows\Maintenance\WinSAT,SCAFFOLD\Administrator,,TaskSuccessEvent
2026-05-21T23:46:21.045137Z,129,dc.scaffold.htb,Microsoft-Windows-TaskScheduler,Microsoft-Windows-TaskScheduler/Operational,4255,4,,,,,taskhostw.exe,16384,5076,,,,,\Microsoft\Windows\Power Efficiency Diagnostics\AnalyzeSystem,,,CreatedTaskProcess
2026-05-21T23:46:21.045399Z,100,dc.scaffold.htb,Microsoft-Windows-TaskScheduler,Microsoft-Windows-TaskScheduler/Operational,4256,4,,,D51B3184-CA18-4E13-9F86-3F7A5BBA8945,,,,,,,,,\Microsoft\Windows\Power Efficiency Diagnostics\AnalyzeSystem,NT AUTHORITY\SYSTEM,,TaskStartEvent
2026-05-21T23:46:21.045400Z,200,dc.scaffold.htb,Microsoft-Windows-TaskScheduler,Microsoft-Windows-TaskScheduler/Operational,4257,4,,5076,,,,,,,,,D51B3184-CA18-4E13-9F86-3F7A5BBA8945,\Microsoft\Windows\Power Efficiency Diagnostics\AnalyzeSystem,,,ActionStart
2026-05-21T23:47:22.055985Z,201,dc.scaffold.htb,Microsoft-Windows-TaskScheduler,Microsoft-Windows-TaskScheduler/Operational,4258,4,,5076,,,,,,,0,,D51B3184-CA18-4E13-9F86-3F7A5BBA8945,\Microsoft\Windows\Power Efficiency Diagnostics\AnalyzeSystem,,,ActionSuccess
2026-05-21T23:47:22.055986Z,102,dc.scaffold.htb,Microsoft-Windows-TaskScheduler,Microsoft-Windows-TaskScheduler/Operational,4259,4,,,D51B3184-CA18-4E13-9F86-3F7A5BBA8945,,,,,,,,,\Microsoft\Windows\Power Efficiency Diagnostics\AnalyzeSystem,NT AUTHORITY\SYSTEM,,TaskSuccessEvent
2026-05-21T23:54:26.248431Z,140,dc.scaffold.htb,Microsoft-Windows-TaskScheduler,Microsoft-Windows-TaskScheduler/Operational,4260,4,,,,,,,,,,,,\Microsoft\Windows\WindowsUpdate\Scheduled Start,,NT AUTHORITY\SYSTEM,TaskUpdated
2026-05-21T23:58:59.247072Z,118,dc.scaffold.htb,Microsoft-Windows-TaskScheduler,Microsoft-Windows-TaskScheduler/Operational,4261,4,,,3A5A7CA2-CDC5-4E19-AEAC-1FC4D1BF1418,,,,,,,,,\Microsoft\Windows\Autochk\Proxy,,,BootTrigger
2026-05-21T23:58:59.248527Z,129,dc.scaffold.htb,Microsoft-Windows-TaskScheduler,Microsoft-Windows-TaskScheduler/Operational,4262,4,,,,,%windir%\system32\rundll32.exe,16384,1332,,,,,\Microsoft\Windows\Autochk\Proxy,,,CreatedTaskProcess
2026-05-21T23:58:59.248869Z,100,dc.scaffold.htb,Microsoft-Windows-TaskScheduler,Microsoft-Windows-TaskScheduler/Operational,4263,4,,,3A5A7CA2-CDC5-4E19-AEAC-1FC4D1BF1418,,,,,,,,,\Microsoft\Windows\Autochk\Proxy,NT AUTHORITY\SYSTEM,,TaskStartEvent
2026-05-21T23:58:59.248871Z,200,dc.scaffold.htb,Microsoft-Windows-TaskScheduler,Microsoft-Windows-TaskScheduler/Operational,4264,4,%windir%\system32\rundll32.exe,1332,,,,,,,,,3A5A7CA2-CDC5-4E19-AEAC-1FC4D1BF1418,\Microsoft\Windows\Autochk\Proxy,,,ActionStart
2026-05-21T23:58:59.258618Z,201,dc.scaffold.htb,Microsoft-Windows-TaskScheduler,Microsoft-Windows-TaskScheduler/Operational,4265,4,%windir%\system32\rundll32.exe,1332,,,,,,,0,,3A5A7CA2-CDC5-4E19-AEAC-1FC4D1BF1418,\Microsoft\Windows\Autochk\Proxy,,,ActionSuccess
2026-05-21T23:58:59.258723Z,102,dc.scaffold.htb,Microsoft-Windows-TaskScheduler,Microsoft-Windows-TaskScheduler/Operational,4266,4,,,3A5A7CA2-CDC5-4E19-AEAC-1FC4D1BF1418,,,,,,,,,\Microsoft\Windows\Autochk\Proxy,NT AUTHORITY\SYSTEM,,TaskSuccessEvent
2026-05-22T00:16:29.010545Z,108,dc.scaffold.htb,Microsoft-Windows-TaskScheduler,Microsoft-Windows-TaskScheduler/Operational,4267,4,,,190959F2-282C-4784-BFB8-1724A9B15CDE,,,,,,,,,\Microsoft\Windows\Workplace Join\Automatic-Device-Join,,,EventTriggerEvent
2026-05-22T00:16:29.014136Z,129,dc.scaffold.htb,Microsoft-Windows-TaskScheduler,Microsoft-Windows-TaskScheduler/Operational,4268,4,,,,,%SystemRoot%\System32\dsregcmd.exe,16384,7152,,,,,\Microsoft\Windows\Workplace Join\Automatic-Device-Join,,,CreatedTaskProcess
2026-05-22T00:16:29.014759Z,100,dc.scaffold.htb,Microsoft-Windows-TaskScheduler,Microsoft-Windows-TaskScheduler/Operational,4269,4,,,190959F2-282C-4784-BFB8-1724A9B15CDE,,,,,,,,,\Microsoft\Windows\Workplace Join\Automatic-Device-Join,NT AUTHORITY\SYSTEM,,TaskStartEvent
2026-05-22T00:16:29.014762Z,200,dc.scaffold.htb,Microsoft-Windows-TaskScheduler,Microsoft-Windows-TaskScheduler/Operational,4270,4,%SystemRoot%\System32\dsregcmd.exe,7152,,,,,,,,,190959F2-282C-4784-BFB8-1724A9B15CDE,\Microsoft\Windows\Workplace Join\Automatic-Device-Join,,,ActionStart
2026-05-22T00:16:29.065482Z,201,dc.scaffold.htb,Microsoft-Windows-TaskScheduler,Microsoft-Windows-TaskScheduler/Operational,4271,4,%SystemRoot%\System32\dsregcmd.exe,7152,,,,,,,2147942401,,190959F2-282C-4784-BFB8-1724A9B15CDE,\Microsoft\Windows\Workplace Join\Automatic-Device-Join,,,ActionSuccess
2026-05-22T00:16:29.065594Z,102,dc.scaffold.htb,Microsoft-Windows-TaskScheduler,Microsoft-Windows-TaskScheduler/Operational,4272,4,,,190959F2-282C-4784-BFB8-1724A9B15CDE,,,,,,,,,\Microsoft\Windows\Workplace Join\Automatic-Device-Join,NT AUTHORITY\SYSTEM,,TaskSuccessEvent
2026-05-22T00:25:51.932801Z,114,dc.scaffold.htb,Microsoft-Windows-TaskScheduler,Microsoft-Windows-TaskScheduler/Operational,4273,3,,,8B6F5E87-FF24-4443-87D7-7A6FF2815824,,,,,,,,,\MicrosoftEdgeUpdateTaskMachineUA,,,MissedTaskLaunched
2026-05-22T00:25:51.937676Z,129,dc.scaffold.htb,Microsoft-Windows-TaskScheduler,Microsoft-Windows-TaskScheduler/Operational,4274,4,,,,,C:\Program Files (x86)\Microsoft\EdgeUpdate\MicrosoftEdgeUpdate.exe,32,1172,,,,,\MicrosoftEdgeUpdateTaskMachineUA,,,CreatedTaskProcess
2026-05-22T00:25:51.938296Z,100,dc.scaffold.htb,Microsoft-Windows-TaskScheduler,Microsoft-Windows-TaskScheduler/Operational,4275,4,,,8B6F5E87-FF24-4443-87D7-7A6FF2815824,,,,,,,,,\MicrosoftEdgeUpdateTaskMachineUA,NT AUTHORITY\SYSTEM,,TaskStartEvent
2026-05-22T00:25:51.938300Z,200,dc.scaffold.htb,Microsoft-Windows-TaskScheduler,Microsoft-Windows-TaskScheduler/Operational,4276,4,C:\Program Files (x86)\Microsoft\EdgeUpdate\MicrosoftEdgeUpdate.exe,1172,,,,,,,,,8B6F5E87-FF24-4443-87D7-7A6FF2815824,\MicrosoftEdgeUpdateTaskMachineUA,,,ActionStart
2026-05-22T00:25:51.984807Z,201,dc.scaffold.htb,Microsoft-Windows-TaskScheduler,Microsoft-Windows-TaskScheduler/Operational,4277,4,C:\Program Files (x86)\Microsoft\EdgeUpdate\MicrosoftEdgeUpdate.exe,1172,,,,,,,0,,8B6F5E87-FF24-4443-87D7-7A6FF2815824,\MicrosoftEdgeUpdateTaskMachineUA,,,ActionSuccess
2026-05-22T00:25:51.984909Z,102,dc.scaffold.htb,Microsoft-Windows-TaskScheduler,Microsoft-Windows-TaskScheduler/Operational,4278,4,,,8B6F5E87-FF24-4443-87D7-7A6FF2815824,,,,,,,,,\MicrosoftEdgeUpdateTaskMachineUA,NT AUTHORITY\SYSTEM,,TaskSuccessEvent
2026-05-22T00:28:01.551498Z,202,dc.scaffold.htb,Microsoft-Windows-TaskScheduler,Microsoft-Windows-TaskScheduler/Operational,4279,2,Wininet Cache task object,1056,,,,,,,2147942404,,F2F030CB-F406-4B82-9399-052113678A84,\Microsoft\Windows\Wininet\CacheTask,,,ActionFailure
2026-05-22T00:28:01.551500Z,103,dc.scaffold.htb,Microsoft-Windows-TaskScheduler,Microsoft-Windows-TaskScheduler/Operational,4280,2,,,F2F030CB-F406-4B82-9399-052113678A84,,,,,,2147942404,,,\Microsoft\Windows\Wininet\CacheTask,,,TaskFailureEvent
2026-05-22T00:28:02.074553Z,201,dc.scaffold.htb,Microsoft-Windows-TaskScheduler,Microsoft-Windows-TaskScheduler/Operational,4281,4,C:\Windows\Explorer.EXE,6508,,,,,,,2147942404,,A27873D1-096B-4348-B2E2-00DA59800033,\CreateExplorerShellUnelevatedTask,,,ActionSuccess
2026-05-22T00:28:02.075058Z,102,dc.scaffold.htb,Microsoft-Windows-TaskScheduler,Microsoft-Windows-TaskScheduler/Operational,4282,4,,,A27873D1-096B-4348-B2E2-00DA59800033,,,,,,,,,\CreateExplorerShellUnelevatedTask,SCAFFOLD\Administrator,,TaskSuccessEvent
2026-05-22T00:28:02.276992Z,201,dc.scaffold.htb,Microsoft-Windows-TaskScheduler,Microsoft-Windows-TaskScheduler/Operational,4283,4,C:\Program Files (x86)\Microsoft\EdgeUpdate\MicrosoftEdgeUpdate.exe,5732,,,,,,,2147943691,,F916798A-4564-43D0-96F1-688657580A02,\MicrosoftEdgeUpdateTaskMachineCore,,,ActionSuccess
2026-05-22T00:28:02.277061Z,102,dc.scaffold.htb,Microsoft-Windows-TaskScheduler,Microsoft-Windows-TaskScheduler/Operational,4284,4,,,F916798A-4564-43D0-96F1-688657580A02,,,,,,,,,\MicrosoftEdgeUpdateTaskMachineCore,NT AUTHORITY\SYSTEM,,TaskSuccessEvent
2026-05-22T00:28:02.277071Z,111,dc.scaffold.htb,Microsoft-Windows-TaskScheduler,Microsoft-Windows-TaskScheduler/Operational,4285,4,,,F916798A-4564-43D0-96F1-688657580A02,,,,,,,,,\MicrosoftEdgeUpdateTaskMachineCore,,,TaskTerminationEvent
2026-05-22T00:28:02.493456Z,402,dc.scaffold.htb,Microsoft-Windows-TaskScheduler,Microsoft-Windows-TaskScheduler/Operational,4286,4,,,,ServiceStopEvent,,,,,,,,,,,
2026-05-22T13:51:08.416295Z,700,dc.scaffold.htb,Microsoft-Windows-TaskScheduler,Microsoft-Windows-TaskScheduler/Operational,4287,4,,,,CompatibilityAdapterLaunch,,,,,,,,,,,
2026-05-22T13:51:08.523945Z,400,dc.scaffold.htb,Microsoft-Windows-TaskScheduler,Microsoft-Windows-TaskScheduler/Operational,4288,4,,,,ServiceStartEvent,,,,,,,,,,,
2026-05-22T13:51:08.653626Z,129,dc.scaffold.htb,Microsoft-Windows-TaskScheduler,Microsoft-Windows-TaskScheduler/Operational,4289,4,,,,,%windir%\system32\dxgiadaptercache.exe,16384,2300,,,,,\Microsoft\Windows\DirectX\DXGIAdapterCache,,,CreatedTaskProcess
