2026-05-24T00:08:06.580948Z,129,dc.scaffold.htb,Microsoft-Windows-TaskScheduler,Microsoft-Windows-TaskScheduler/Operational,7179,4,,,,,taskhostw.exe,16384,3392,,,,,\Microsoft\Windows\Flighting\FeatureConfig\ReconcileFeatures,,,CreatedTaskProcess
2026-05-24T00:08:06.581291Z,100,dc.scaffold.htb,Microsoft-Windows-TaskScheduler,Microsoft-Windows-TaskScheduler/Operational,7180,4,,,915F4D83-ABE3-4E52-941F-334661D742CF,,,,,,,,,\Microsoft\Windows\Flighting\FeatureConfig\ReconcileFeatures,NT AUTHORITY\SYSTEM,,TaskStartEvent
2026-05-24T00:08:06.581294Z,200,dc.scaffold.htb,Microsoft-Windows-TaskScheduler,Microsoft-Windows-TaskScheduler/Operational,7181,4,Feature Configuration Reconciliation Task Handler,3392,,,,,,,,,915F4D83-ABE3-4E52-941F-334661D742CF,\Microsoft\Windows\Flighting\FeatureConfig\ReconcileFeatures,,,ActionStart
2026-05-24T00:08:06.655448Z,201,dc.scaffold.htb,Microsoft-Windows-TaskScheduler,Microsoft-Windows-TaskScheduler/Operational,7182,4,Feature Configuration Reconciliation Task Handler,3392,,,,,,,0,,915F4D83-ABE3-4E52-941F-334661D742CF,\Microsoft\Windows\Flighting\FeatureConfig\ReconcileFeatures,,,ActionSuccess
2026-05-24T00:08:06.655449Z,102,dc.scaffold.htb,Microsoft-Windows-TaskScheduler,Microsoft-Windows-TaskScheduler/Operational,7183,4,,,915F4D83-ABE3-4E52-941F-334661D742CF,,,,,,,,,\Microsoft\Windows\Flighting\FeatureConfig\ReconcileFeatures,NT AUTHORITY\SYSTEM,,TaskSuccessEvent
2026-05-24T00:08:13.694540Z,140,dc.scaffold.htb,Microsoft-Windows-TaskScheduler,Microsoft-Windows-TaskScheduler/Operational,7184,4,,,,,,,,,,,,\Microsoft\Windows\SoftwareProtectionPlatform\SvcRestartTask,,SCAFFOLD\DC$,TaskUpdated
2026-05-24T00:08:41.602182Z,107,dc.scaffold.htb,Microsoft-Windows-TaskScheduler,Microsoft-Windows-TaskScheduler/Operational,7185,4,,,37BC2C74-5D4B-4DB6-9E07-B6AF7C2A7BBE,,,,,,,,,\Scaffold\ScaffoldDeployEngine,,,TimeTriggerEvent
2026-05-24T00:08:41.604476Z,129,dc.scaffold.htb,Microsoft-Windows-TaskScheduler,Microsoft-Windows-TaskScheduler/Operational,7186,4,,,,,powershell.exe,16384,3508,,,,,\Scaffold\ScaffoldDeployEngine,,,CreatedTaskProcess
2026-05-24T00:08:41.604633Z,100,dc.scaffold.htb,Microsoft-Windows-TaskScheduler,Microsoft-Windows-TaskScheduler/Operational,7187,4,,,37BC2C74-5D4B-4DB6-9E07-B6AF7C2A7BBE,,,,,,,,,\Scaffold\ScaffoldDeployEngine,NT AUTHORITY\SYSTEM,,TaskStartEvent
2026-05-24T00:08:41.604634Z,200,dc.scaffold.htb,Microsoft-Windows-TaskScheduler,Microsoft-Windows-TaskScheduler/Operational,7188,4,powershell.exe,3508,,,,,,,,,37BC2C74-5D4B-4DB6-9E07-B6AF7C2A7BBE,\Scaffold\ScaffoldDeployEngine,,,ActionStart
2026-05-24T00:08:41.902390Z,201,dc.scaffold.htb,Microsoft-Windows-TaskScheduler,Microsoft-Windows-TaskScheduler/Operational,7189,4,powershell.exe,3508,,,,,,,0,,37BC2C74-5D4B-4DB6-9E07-B6AF7C2A7BBE,\Scaffold\ScaffoldDeployEngine,,,ActionSuccess
2026-05-24T00:08:41.902510Z,102,dc.scaffold.htb,Microsoft-Windows-TaskScheduler,Microsoft-Windows-TaskScheduler/Operational,7190,4,,,37BC2C74-5D4B-4DB6-9E07-B6AF7C2A7BBE,,,,,,,,,\Scaffold\ScaffoldDeployEngine,NT AUTHORITY\SYSTEM,,TaskSuccessEvent
2026-05-24T00:10:37.129241Z,201,dc.scaffold.htb,Microsoft-Windows-TaskScheduler,Microsoft-Windows-TaskScheduler/Operational,7191,4,%windir%\system32\wermgr.exe,2412,,,,,,,0,,F91F9741-4485-43F0-8CD7-C31FA619B69A,\Microsoft\Windows\Windows Error Reporting\QueueReporting,,,ActionSuccess
2026-05-24T00:10:37.129367Z,102,dc.scaffold.htb,Microsoft-Windows-TaskScheduler,Microsoft-Windows-TaskScheduler/Operational,7192,4,,,F91F9741-4485-43F0-8CD7-C31FA619B69A,,,,,,,,,\Microsoft\Windows\Windows Error Reporting\QueueReporting,NT AUTHORITY\SYSTEM,,TaskSuccessEvent
2026-05-24T00:10:41.613152Z,107,dc.scaffold.htb,Microsoft-Windows-TaskScheduler,Microsoft-Windows-TaskScheduler/Operational,7193,4,,,383252BA-A300-4B7C-9B15-B4417BC9F935,,,,,,,,,\Scaffold\ScaffoldDeployEngine,,,TimeTriggerEvent
2026-05-24T00:10:41.616859Z,129,dc.scaffold.htb,Microsoft-Windows-TaskScheduler,Microsoft-Windows-TaskScheduler/Operational,7194,4,,,,,powershell.exe,16384,1504,,,,,\Scaffold\ScaffoldDeployEngine,,,CreatedTaskProcess
2026-05-24T00:10:41.617120Z,100,dc.scaffold.htb,Microsoft-Windows-TaskScheduler,Microsoft-Windows-TaskScheduler/Operational,7195,4,,,383252BA-A300-4B7C-9B15-B4417BC9F935,,,,,,,,,\Scaffold\ScaffoldDeployEngine,NT AUTHORITY\SYSTEM,,TaskStartEvent
2026-05-24T00:10:41.617124Z,200,dc.scaffold.htb,Microsoft-Windows-TaskScheduler,Microsoft-Windows-TaskScheduler/Operational,7196,4,powershell.exe,1504,,,,,,,,,383252BA-A300-4B7C-9B15-B4417BC9F935,\Scaffold\ScaffoldDeployEngine,,,ActionStart
2026-05-24T00:10:41.934009Z,201,dc.scaffold.htb,Microsoft-Windows-TaskScheduler,Microsoft-Windows-TaskScheduler/Operational,7197,4,powershell.exe,1504,,,,,,,0,,383252BA-A300-4B7C-9B15-B4417BC9F935,\Scaffold\ScaffoldDeployEngine,,,ActionSuccess
2026-05-24T00:10:41.934135Z,102,dc.scaffold.htb,Microsoft-Windows-TaskScheduler,Microsoft-Windows-TaskScheduler/Operational,7198,4,,,383252BA-A300-4B7C-9B15-B4417BC9F935,,,,,,,,,\Scaffold\ScaffoldDeployEngine,NT AUTHORITY\SYSTEM,,TaskSuccessEvent
2026-05-24T00:12:41.628228Z,107,dc.scaffold.htb,Microsoft-Windows-TaskScheduler,Microsoft-Windows-TaskScheduler/Operational,7199,4,,,DC100689-D03F-4DD5-8FAF-2ECC4E75568A,,,,,,,,,\Scaffold\ScaffoldDeployEngine,,,TimeTriggerEvent
2026-05-24T00:12:41.632634Z,129,dc.scaffold.htb,Microsoft-Windows-TaskScheduler,Microsoft-Windows-TaskScheduler/Operational,7200,4,,,,,powershell.exe,16384,5632,,,,,\Scaffold\ScaffoldDeployEngine,,,CreatedTaskProcess
2026-05-24T00:12:41.633182Z,100,dc.scaffold.htb,Microsoft-Windows-TaskScheduler,Microsoft-Windows-TaskScheduler/Operational,7201,4,,,DC100689-D03F-4DD5-8FAF-2ECC4E75568A,,,,,,,,,\Scaffold\ScaffoldDeployEngine,NT AUTHORITY\SYSTEM,,TaskStartEvent
2026-05-24T00:12:41.633185Z,200,dc.scaffold.htb,Microsoft-Windows-TaskScheduler,Microsoft-Windows-TaskScheduler/Operational,7202,4,powershell.exe,5632,,,,,,,,,DC100689-D03F-4DD5-8FAF-2ECC4E75568A,\Scaffold\ScaffoldDeployEngine,,,ActionStart
2026-05-24T00:12:41.946910Z,201,dc.scaffold.htb,Microsoft-Windows-TaskScheduler,Microsoft-Windows-TaskScheduler/Operational,7203,4,powershell.exe,5632,,,,,,,0,,DC100689-D03F-4DD5-8FAF-2ECC4E75568A,\Scaffold\ScaffoldDeployEngine,,,ActionSuccess
2026-05-24T00:12:41.947017Z,102,dc.scaffold.htb,Microsoft-Windows-TaskScheduler,Microsoft-Windows-TaskScheduler/Operational,7204,4,,,DC100689-D03F-4DD5-8FAF-2ECC4E75568A,,,,,,,,,\Scaffold\ScaffoldDeployEngine,NT AUTHORITY\SYSTEM,,TaskSuccessEvent
2026-05-24T00:14:18.432946Z,114,dc.scaffold.htb,Microsoft-Windows-TaskScheduler,Microsoft-Windows-TaskScheduler/Operational,7205,3,,,0A5B1C36-F310-4BBE-B87B-B648B56CCB1E,,,,,,,,,\Microsoft\Windows\Windows Error Reporting\QueueReporting,,,MissedTaskLaunched
2026-05-24T00:14:18.437584Z,129,dc.scaffold.htb,Microsoft-Windows-TaskScheduler,Microsoft-Windows-TaskScheduler/Operational,7206,4,,,,,%windir%\system32\wermgr.exe,16384,4232,,,,,\Microsoft\Windows\Windows Error Reporting\QueueReporting,,,CreatedTaskProcess
2026-05-24T00:14:18.437900Z,100,dc.scaffold.htb,Microsoft-Windows-TaskScheduler,Microsoft-Windows-TaskScheduler/Operational,7207,4,,,0A5B1C36-F310-4BBE-B87B-B648B56CCB1E,,,,,,,,,\Microsoft\Windows\Windows Error Reporting\QueueReporting,NT AUTHORITY\SYSTEM,,TaskStartEvent
2026-05-24T00:14:18.437905Z,200,dc.scaffold.htb,Microsoft-Windows-TaskScheduler,Microsoft-Windows-TaskScheduler/Operational,7208,4,%windir%\system32\wermgr.exe,4232,,,,,,,,,0A5B1C36-F310-4BBE-B87B-B648B56CCB1E,\Microsoft\Windows\Windows Error Reporting\QueueReporting,,,ActionStart
2026-05-24T00:14:41.645578Z,107,dc.scaffold.htb,Microsoft-Windows-TaskScheduler,Microsoft-Windows-TaskScheduler/Operational,7209,4,,,7668E8BD-9F6D-41D6-8790-A95A3FA823B5,,,,,,,,,\Scaffold\ScaffoldDeployEngine,,,TimeTriggerEvent
2026-05-24T00:14:41.648964Z,129,dc.scaffold.htb,Microsoft-Windows-TaskScheduler,Microsoft-Windows-TaskScheduler/Operational,7210,4,,,,,powershell.exe,16384,1068,,,,,\Scaffold\ScaffoldDeployEngine,,,CreatedTaskProcess
2026-05-24T00:14:41.649287Z,100,dc.scaffold.htb,Microsoft-Windows-TaskScheduler,Microsoft-Windows-TaskScheduler/Operational,7211,4,,,7668E8BD-9F6D-41D6-8790-A95A3FA823B5,,,,,,,,,\Scaffold\ScaffoldDeployEngine,NT AUTHORITY\SYSTEM,,TaskStartEvent
2026-05-24T00:14:41.649291Z,200,dc.scaffold.htb,Microsoft-Windows-TaskScheduler,Microsoft-Windows-TaskScheduler/Operational,7212,4,powershell.exe,1068,,,,,,,,,7668E8BD-9F6D-41D6-8790-A95A3FA823B5,\Scaffold\ScaffoldDeployEngine,,,ActionStart
2026-05-24T00:14:41.964483Z,201,dc.scaffold.htb,Microsoft-Windows-TaskScheduler,Microsoft-Windows-TaskScheduler/Operational,7213,4,powershell.exe,1068,,,,,,,0,,7668E8BD-9F6D-41D6-8790-A95A3FA823B5,\Scaffold\ScaffoldDeployEngine,,,ActionSuccess
2026-05-24T00:14:41.964607Z,102,dc.scaffold.htb,Microsoft-Windows-TaskScheduler,Microsoft-Windows-TaskScheduler/Operational,7214,4,,,7668E8BD-9F6D-41D6-8790-A95A3FA823B5,,,,,,,,,\Scaffold\ScaffoldDeployEngine,NT AUTHORITY\SYSTEM,,TaskSuccessEvent
2026-05-24T00:15:41.096567Z,141,dc.scaffold.htb,Microsoft-Windows-TaskScheduler,Microsoft-Windows-TaskScheduler/Operational,7215,4,,,,,,,,,,,,\Microsoft\Windows\Windows Defender\Windows Defender Scheduled Scan,,NT AUTHORITY\System,TaskDeleted
2026-05-24T00:15:41.102254Z,106,dc.scaffold.htb,Microsoft-Windows-TaskScheduler,Microsoft-Windows-TaskScheduler/Operational,7216,4,,,,,,,,,,,,\Microsoft\Windows\Windows Defender\Windows Defender Scheduled Scan,SCAFFOLD\DC$,,TaskRegisteredEvent
2026-05-24T00:15:41.102254Z,140,dc.scaffold.htb,Microsoft-Windows-TaskScheduler,Microsoft-Windows-TaskScheduler/Operational,7217,4,,,,,,,,,,,,\Microsoft\Windows\Windows Defender\Windows Defender Scheduled Scan,,SCAFFOLD\DC$,TaskUpdated
2026-05-24T00:15:43.091616Z,201,dc.scaffold.htb,Microsoft-Windows-TaskScheduler,Microsoft-Windows-TaskScheduler/Operational,7218,4,%windir%\system32\wermgr.exe,4232,,,,,,,0,,0A5B1C36-F310-4BBE-B87B-B648B56CCB1E,\Microsoft\Windows\Windows Error Reporting\QueueReporting,,,ActionSuccess
2026-05-24T00:15:43.091716Z,102,dc.scaffold.htb,Microsoft-Windows-TaskScheduler,Microsoft-Windows-TaskScheduler/Operational,7219,4,,,0A5B1C36-F310-4BBE-B87B-B648B56CCB1E,,,,,,,,,\Microsoft\Windows\Windows Error Reporting\QueueReporting,NT AUTHORITY\SYSTEM,,TaskSuccessEvent
2026-05-24T00:16:41.658685Z,107,dc.scaffold.htb,Microsoft-Windows-TaskScheduler,Microsoft-Windows-TaskScheduler/Operational,7220,4,,,0A1F9D63-D0D0-415F-8D98-1B1893436975,,,,,,,,,\Scaffold\ScaffoldDeployEngine,,,TimeTriggerEvent
2026-05-24T00:16:41.663752Z,129,dc.scaffold.htb,Microsoft-Windows-TaskScheduler,Microsoft-Windows-TaskScheduler/Operational,7221,4,,,,,powershell.exe,16384,6628,,,,,\Scaffold\ScaffoldDeployEngine,,,CreatedTaskProcess
2026-05-24T00:16:41.664087Z,100,dc.scaffold.htb,Microsoft-Windows-TaskScheduler,Microsoft-Windows-TaskScheduler/Operational,7222,4,,,0A1F9D63-D0D0-415F-8D98-1B1893436975,,,,,,,,,\Scaffold\ScaffoldDeployEngine,NT AUTHORITY\SYSTEM,,TaskStartEvent
2026-05-24T00:16:41.664091Z,200,dc.scaffold.htb,Microsoft-Windows-TaskScheduler,Microsoft-Windows-TaskScheduler/Operational,7223,4,powershell.exe,6628,,,,,,,,,0A1F9D63-D0D0-415F-8D98-1B1893436975,\Scaffold\ScaffoldDeployEngine,,,ActionStart
2026-05-24T00:16:44.195832Z,201,dc.scaffold.htb,Microsoft-Windows-TaskScheduler,Microsoft-Windows-TaskScheduler/Operational,7224,4,powershell.exe,6628,,,,,,,2147942401,,0A1F9D63-D0D0-415F-8D98-1B1893436975,\Scaffold\ScaffoldDeployEngine,,,ActionSuccess
2026-05-24T00:16:44.195966Z,102,dc.scaffold.htb,Microsoft-Windows-TaskScheduler,Microsoft-Windows-TaskScheduler/Operational,7225,4,,,0A1F9D63-D0D0-415F-8D98-1B1893436975,,,,,,,,,\Scaffold\ScaffoldDeployEngine,NT AUTHORITY\SYSTEM,,TaskSuccessEvent
2026-05-24T00:18:41.677268Z,107,dc.scaffold.htb,Microsoft-Windows-TaskScheduler,Microsoft-Windows-TaskScheduler/Operational,7226,4,,,C03DA228-8F2B-4ED2-B614-A1C7F55E108B,,,,,,,,,\Scaffold\ScaffoldDeployEngine,,,TimeTriggerEvent
2026-05-24T00:18:41.681324Z,129,dc.scaffold.htb,Microsoft-Windows-TaskScheduler,Microsoft-Windows-TaskScheduler/Operational,7227,4,,,,,powershell.exe,16384,2552,,,,,\Scaffold\ScaffoldDeployEngine,,,CreatedTaskProcess
2026-05-24T00:18:41.682083Z,100,dc.scaffold.htb,Microsoft-Windows-TaskScheduler,Microsoft-Windows-TaskScheduler/Operational,7228,4,,,C03DA228-8F2B-4ED2-B614-A1C7F55E108B,,,,,,,,,\Scaffold\ScaffoldDeployEngine,NT AUTHORITY\SYSTEM,,TaskStartEvent
2026-05-24T00:18:41.682086Z,200,dc.scaffold.htb,Microsoft-Windows-TaskScheduler,Microsoft-Windows-TaskScheduler/Operational,7229,4,powershell.exe,2552,,,,,,,,,C03DA228-8F2B-4ED2-B614-A1C7F55E108B,\Scaffold\ScaffoldDeployEngine,,,ActionStart
2026-05-24T00:18:41.995174Z,201,dc.scaffold.htb,Microsoft-Windows-TaskScheduler,Microsoft-Windows-TaskScheduler/Operational,7230,4,powershell.exe,2552,,,,,,,0,,C03DA228-8F2B-4ED2-B614-A1C7F55E108B,\Scaffold\ScaffoldDeployEngine,,,ActionSuccess
2026-05-24T00:18:41.995303Z,102,dc.scaffold.htb,Microsoft-Windows-TaskScheduler,Microsoft-Windows-TaskScheduler/Operational,7231,4,,,C03DA228-8F2B-4ED2-B614-A1C7F55E108B,,,,,,,,,\Scaffold\ScaffoldDeployEngine,NT AUTHORITY\SYSTEM,,TaskSuccessEvent
2026-05-24T00:20:41.678596Z,107,dc.scaffold.htb,Microsoft-Windows-TaskScheduler,Microsoft-Windows-TaskScheduler/Operational,7232,4,,,4C306D76-8738-484E-8FE7-E1424F9C26AF,,,,,,,,,\Scaffold\ScaffoldDeployEngine,,,TimeTriggerEvent
2026-05-24T00:20:41.682850Z,129,dc.scaffold.htb,Microsoft-Windows-TaskScheduler,Microsoft-Windows-TaskScheduler/Operational,7233,4,,,,,powershell.exe,16384,7100,,,,,\Scaffold\ScaffoldDeployEngine,,,CreatedTaskProcess
2026-05-24T00:20:41.683136Z,100,dc.scaffold.htb,Microsoft-Windows-TaskScheduler,Microsoft-Windows-TaskScheduler/Operational,7234,4,,,4C306D76-8738-484E-8FE7-E1424F9C26AF,,,,,,,,,\Scaffold\ScaffoldDeployEngine,NT AUTHORITY\SYSTEM,,TaskStartEvent
2026-05-24T00:20:41.683140Z,200,dc.scaffold.htb,Microsoft-Windows-TaskScheduler,Microsoft-Windows-TaskScheduler/Operational,7235,4,powershell.exe,7100,,,,,,,,,4C306D76-8738-484E-8FE7-E1424F9C26AF,\Scaffold\ScaffoldDeployEngine,,,ActionStart
2026-05-24T00:20:41.985746Z,201,dc.scaffold.htb,Microsoft-Windows-TaskScheduler,Microsoft-Windows-TaskScheduler/Operational,7236,4,powershell.exe,7100,,,,,,,0,,4C306D76-8738-484E-8FE7-E1424F9C26AF,\Scaffold\ScaffoldDeployEngine,,,ActionSuccess
2026-05-24T00:20:41.985880Z,102,dc.scaffold.htb,Microsoft-Windows-TaskScheduler,Microsoft-Windows-TaskScheduler/Operational,7237,4,,,4C306D76-8738-484E-8FE7-E1424F9C26AF,,,,,,,,,\Scaffold\ScaffoldDeployEngine,NT AUTHORITY\SYSTEM,,TaskSuccessEvent
2026-05-24T00:22:06.382023Z,129,dc.scaffold.htb,Microsoft-Windows-TaskScheduler,Microsoft-Windows-TaskScheduler/Operational,7238,4,,,,,%windir%\system32\wermgr.exe,16384,7868,,,,,\Microsoft\Windows\Windows Error Reporting\QueueReporting,,,CreatedTaskProcess
2026-05-24T00:22:06.382161Z,100,dc.scaffold.htb,Microsoft-Windows-TaskScheduler,Microsoft-Windows-TaskScheduler/Operational,7239,4,,,E2151A6A-BCE9-48D6-8149-D1413029AAFB,,,,,,,,,\Microsoft\Windows\Windows Error Reporting\QueueReporting,NT AUTHORITY\SYSTEM,,TaskStartEvent
2026-05-24T00:22:06.382163Z,200,dc.scaffold.htb,Microsoft-Windows-TaskScheduler,Microsoft-Windows-TaskScheduler/Operational,7240,4,%windir%\system32\wermgr.exe,7868,,,,,,,,,E2151A6A-BCE9-48D6-8149-D1413029AAFB,\Microsoft\Windows\Windows Error Reporting\QueueReporting,,,ActionStart
2026-05-24T00:22:35.169064Z,140,dc.scaffold.htb,Microsoft-Windows-TaskScheduler,Microsoft-Windows-TaskScheduler/Operational,7241,4,,,,,,,,,,,,\Microsoft\Windows\WindowsUpdate\Scheduled Start,,NT AUTHORITY\SYSTEM,TaskUpdated
2026-05-24T00:22:40.450877Z,201,dc.scaffold.htb,Microsoft-Windows-TaskScheduler,Microsoft-Windows-TaskScheduler/Operational,7242,4,%windir%\system32\wermgr.exe,7868,,,,,,,0,,E2151A6A-BCE9-48D6-8149-D1413029AAFB,\Microsoft\Windows\Windows Error Reporting\QueueReporting,,,ActionSuccess
2026-05-24T00:22:40.450974Z,102,dc.scaffold.htb,Microsoft-Windows-TaskScheduler,Microsoft-Windows-TaskScheduler/Operational,7243,4,,,E2151A6A-BCE9-48D6-8149-D1413029AAFB,,,,,,,,,\Microsoft\Windows\Windows Error Reporting\QueueReporting,NT AUTHORITY\SYSTEM,,TaskSuccessEvent
2026-05-24T00:22:41.690611Z,107,dc.scaffold.htb,Microsoft-Windows-TaskScheduler,Microsoft-Windows-TaskScheduler/Operational,7244,4,,,C384A8B2-2515-43B5-BEEE-7B25D1F14F61,,,,,,,,,\Scaffold\ScaffoldDeployEngine,,,TimeTriggerEvent
2026-05-24T00:22:41.694663Z,129,dc.scaffold.htb,Microsoft-Windows-TaskScheduler,Microsoft-Windows-TaskScheduler/Operational,7245,4,,,,,powershell.exe,16384,2188,,,,,\Scaffold\ScaffoldDeployEngine,,,CreatedTaskProcess
2026-05-24T00:22:41.694926Z,100,dc.scaffold.htb,Microsoft-Windows-TaskScheduler,Microsoft-Windows-TaskScheduler/Operational,7246,4,,,C384A8B2-2515-43B5-BEEE-7B25D1F14F61,,,,,,,,,\Scaffold\ScaffoldDeployEngine,NT AUTHORITY\SYSTEM,,TaskStartEvent
2026-05-24T00:22:41.694929Z,200,dc.scaffold.htb,Microsoft-Windows-TaskScheduler,Microsoft-Windows-TaskScheduler/Operational,7247,4,powershell.exe,2188,,,,,,,,,C384A8B2-2515-43B5-BEEE-7B25D1F14F61,\Scaffold\ScaffoldDeployEngine,,,ActionStart
2026-05-24T00:22:41.984826Z,201,dc.scaffold.htb,Microsoft-Windows-TaskScheduler,Microsoft-Windows-TaskScheduler/Operational,7248,4,powershell.exe,2188,,,,,,,0,,C384A8B2-2515-43B5-BEEE-7B25D1F14F61,\Scaffold\ScaffoldDeployEngine,,,ActionSuccess
2026-05-24T00:22:41.984954Z,102,dc.scaffold.htb,Microsoft-Windows-TaskScheduler,Microsoft-Windows-TaskScheduler/Operational,7249,4,,,C384A8B2-2515-43B5-BEEE-7B25D1F14F61,,,,,,,,,\Scaffold\ScaffoldDeployEngine,NT AUTHORITY\SYSTEM,,TaskSuccessEvent
2026-05-24T00:24:41.696461Z,107,dc.scaffold.htb,Microsoft-Windows-TaskScheduler,Microsoft-Windows-TaskScheduler/Operational,7250,4,,,7C86A66D-E715-4DE4-9182-35BCBCDEA4E6,,,,,,,,,\Scaffold\ScaffoldDeployEngine,,,TimeTriggerEvent
2026-05-24T00:24:41.700822Z,129,dc.scaffold.htb,Microsoft-Windows-TaskScheduler,Microsoft-Windows-TaskScheduler/Operational,7251,4,,,,,powershell.exe,16384,6912,,,,,\Scaffold\ScaffoldDeployEngine,,,CreatedTaskProcess
2026-05-24T00:24:41.701496Z,100,dc.scaffold.htb,Microsoft-Windows-TaskScheduler,Microsoft-Windows-TaskScheduler/Operational,7252,4,,,7C86A66D-E715-4DE4-9182-35BCBCDEA4E6,,,,,,,,,\Scaffold\ScaffoldDeployEngine,NT AUTHORITY\SYSTEM,,TaskStartEvent
2026-05-24T00:24:41.701499Z,200,dc.scaffold.htb,Microsoft-Windows-TaskScheduler,Microsoft-Windows-TaskScheduler/Operational,7253,4,powershell.exe,6912,,,,,,,,,7C86A66D-E715-4DE4-9182-35BCBCDEA4E6,\Scaffold\ScaffoldDeployEngine,,,ActionStart
2026-05-24T00:24:42.031159Z,201,dc.scaffold.htb,Microsoft-Windows-TaskScheduler,Microsoft-Windows-TaskScheduler/Operational,7254,4,powershell.exe,6912,,,,,,,0,,7C86A66D-E715-4DE4-9182-35BCBCDEA4E6,\Scaffold\ScaffoldDeployEngine,,,ActionSuccess
2026-05-24T00:24:42.031327Z,102,dc.scaffold.htb,Microsoft-Windows-TaskScheduler,Microsoft-Windows-TaskScheduler/Operational,7255,4,,,7C86A66D-E715-4DE4-9182-35BCBCDEA4E6,,,,,,,,,\Scaffold\ScaffoldDeployEngine,NT AUTHORITY\SYSTEM,,TaskSuccessEvent
2026-05-24T00:25:28.520380Z,119,dc.scaffold.htb,Microsoft-Windows-TaskScheduler,Microsoft-Windows-TaskScheduler/Operational,7256,4,,,EE7C70DE-1B1B-463C-9B15-E42233D59D8F,,,,,,,,,\Microsoft\Windows\Device Information\Device User,,SCAFFOLD\Administrator,LogonTrigger
2026-05-24T00:25:28.527816Z,129,dc.scaffold.htb,Microsoft-Windows-TaskScheduler,Microsoft-Windows-TaskScheduler/Operational,7257,4,,,,,%windir%\system32\devicecensus.exe,16384,4848,,,,,\Microsoft\Windows\Device Information\Device User,,,CreatedTaskProcess
2026-05-24T00:25:28.528233Z,100,dc.scaffold.htb,Microsoft-Windows-TaskScheduler,Microsoft-Windows-TaskScheduler/Operational,7258,4,,,EE7C70DE-1B1B-463C-9B15-E42233D59D8F,,,,,,,,,\Microsoft\Windows\Device Information\Device User,SCAFFOLD\Administrator,,TaskStartEvent
2026-05-24T00:25:28.528235Z,200,dc.scaffold.htb,Microsoft-Windows-TaskScheduler,Microsoft-Windows-TaskScheduler/Operational,7259,4,%windir%\system32\devicecensus.exe,4848,,,,,,,,,EE7C70DE-1B1B-463C-9B15-E42233D59D8F,\Microsoft\Windows\Device Information\Device User,,,ActionStart
2026-05-24T00:25:28.541681Z,201,dc.scaffold.htb,Microsoft-Windows-TaskScheduler,Microsoft-Windows-TaskScheduler/Operational,7260,4,%windir%\system32\devicecensus.exe,4848,,,,,,,0,,EE7C70DE-1B1B-463C-9B15-E42233D59D8F,\Microsoft\Windows\Device Information\Device User,,,ActionSuccess
2026-05-24T00:25:28.542029Z,102,dc.scaffold.htb,Microsoft-Windows-TaskScheduler,Microsoft-Windows-TaskScheduler/Operational,7261,4,,,EE7C70DE-1B1B-463C-9B15-E42233D59D8F,,,,,,,,,\Microsoft\Windows\Device Information\Device User,SCAFFOLD\Administrator,,TaskSuccessEvent
2026-05-24T00:26:09.622098Z,140,dc.scaffold.htb,Microsoft-Windows-TaskScheduler,Microsoft-Windows-TaskScheduler/Operational,7262,4,,,,,,,,,,,,\Microsoft\Windows\WindowsUpdate\Scheduled Start,,NT AUTHORITY\SYSTEM,TaskUpdated
2026-05-24T00:26:41.696455Z,107,dc.scaffold.htb,Microsoft-Windows-TaskScheduler,Microsoft-Windows-TaskScheduler/Operational,7263,4,,,CF3CDCA0-E281-4E1D-BC05-32EFAD9957E2,,,,,,,,,\Scaffold\ScaffoldDeployEngine,,,TimeTriggerEvent
2026-05-24T00:26:41.700156Z,129,dc.scaffold.htb,Microsoft-Windows-TaskScheduler,Microsoft-Windows-TaskScheduler/Operational,7264,4,,,,,powershell.exe,16384,7516,,,,,\Scaffold\ScaffoldDeployEngine,,,CreatedTaskProcess
2026-05-24T00:26:41.700482Z,100,dc.scaffold.htb,Microsoft-Windows-TaskScheduler,Microsoft-Windows-TaskScheduler/Operational,7265,4,,,CF3CDCA0-E281-4E1D-BC05-32EFAD9957E2,,,,,,,,,\Scaffold\ScaffoldDeployEngine,NT AUTHORITY\SYSTEM,,TaskStartEvent
2026-05-24T00:26:41.700485Z,200,dc.scaffold.htb,Microsoft-Windows-TaskScheduler,Microsoft-Windows-TaskScheduler/Operational,7266,4,powershell.exe,7516,,,,,,,,,CF3CDCA0-E281-4E1D-BC05-32EFAD9957E2,\Scaffold\ScaffoldDeployEngine,,,ActionStart
2026-05-24T00:26:42.000802Z,201,dc.scaffold.htb,Microsoft-Windows-TaskScheduler,Microsoft-Windows-TaskScheduler/Operational,7267,4,powershell.exe,7516,,,,,,,0,,CF3CDCA0-E281-4E1D-BC05-32EFAD9957E2,\Scaffold\ScaffoldDeployEngine,,,ActionSuccess
2026-05-24T00:26:42.001066Z,102,dc.scaffold.htb,Microsoft-Windows-TaskScheduler,Microsoft-Windows-TaskScheduler/Operational,7268,4,,,CF3CDCA0-E281-4E1D-BC05-32EFAD9957E2,,,,,,,,,\Scaffold\ScaffoldDeployEngine,NT AUTHORITY\SYSTEM,,TaskSuccessEvent
2026-05-24T00:28:41.715703Z,107,dc.scaffold.htb,Microsoft-Windows-TaskScheduler,Microsoft-Windows-TaskScheduler/Operational,7269,4,,,92872138-8CBE-4263-89CC-2698F42E0F52,,,,,,,,,\Scaffold\ScaffoldDeployEngine,,,TimeTriggerEvent
2026-05-24T00:28:41.720054Z,129,dc.scaffold.htb,Microsoft-Windows-TaskScheduler,Microsoft-Windows-TaskScheduler/Operational,7270,4,,,,,powershell.exe,16384,5004,,,,,\Scaffold\ScaffoldDeployEngine,,,CreatedTaskProcess
2026-05-24T00:28:41.720301Z,100,dc.scaffold.htb,Microsoft-Windows-TaskScheduler,Microsoft-Windows-TaskScheduler/Operational,7271,4,,,92872138-8CBE-4263-89CC-2698F42E0F52,,,,,,,,,\Scaffold\ScaffoldDeployEngine,NT AUTHORITY\SYSTEM,,TaskStartEvent
2026-05-24T00:28:41.720303Z,200,dc.scaffold.htb,Microsoft-Windows-TaskScheduler,Microsoft-Windows-TaskScheduler/Operational,7272,4,powershell.exe,5004,,,,,,,,,92872138-8CBE-4263-89CC-2698F42E0F52,\Scaffold\ScaffoldDeployEngine,,,ActionStart
2026-05-24T00:28:42.049526Z,201,dc.scaffold.htb,Microsoft-Windows-TaskScheduler,Microsoft-Windows-TaskScheduler/Operational,7273,4,powershell.exe,5004,,,,,,,0,,92872138-8CBE-4263-89CC-2698F42E0F52,\Scaffold\ScaffoldDeployEngine,,,ActionSuccess
2026-05-24T00:28:42.049645Z,102,dc.scaffold.htb,Microsoft-Windows-TaskScheduler,Microsoft-Windows-TaskScheduler/Operational,7274,4,,,92872138-8CBE-4263-89CC-2698F42E0F52,,,,,,,,,\Scaffold\ScaffoldDeployEngine,NT AUTHORITY\SYSTEM,,TaskSuccessEvent
2026-05-24T00:30:41.733419Z,107,dc.scaffold.htb,Microsoft-Windows-TaskScheduler,Microsoft-Windows-TaskScheduler/Operational,7275,4,,,091C62F1-D07C-4C2F-9976-37A26DAAC220,,,,,,,,,\Scaffold\ScaffoldDeployEngine,,,TimeTriggerEvent
2026-05-24T00:30:41.735983Z,129,dc.scaffold.htb,Microsoft-Windows-TaskScheduler,Microsoft-Windows-TaskScheduler/Operational,7276,4,,,,,powershell.exe,16384,3236,,,,,\Scaffold\ScaffoldDeployEngine,,,CreatedTaskProcess
2026-05-24T00:30:41.736507Z,100,dc.scaffold.htb,Microsoft-Windows-TaskScheduler,Microsoft-Windows-TaskScheduler/Operational,7277,4,,,091C62F1-D07C-4C2F-9976-37A26DAAC220,,,,,,,,,\Scaffold\ScaffoldDeployEngine,NT AUTHORITY\SYSTEM,,TaskStartEvent
2026-05-24T00:30:41.736510Z,200,dc.scaffold.htb,Microsoft-Windows-TaskScheduler,Microsoft-Windows-TaskScheduler/Operational,7278,4,powershell.exe,3236,,,,,,,,,091C62F1-D07C-4C2F-9976-37A26DAAC220,\Scaffold\ScaffoldDeployEngine,,,ActionStart
2026-05-24T00:30:42.078674Z,201,dc.scaffold.htb,Microsoft-Windows-TaskScheduler,Microsoft-Windows-TaskScheduler/Operational,7279,4,powershell.exe,3236,,,,,,,0,,091C62F1-D07C-4C2F-9976-37A26DAAC220,\Scaffold\ScaffoldDeployEngine,,,ActionSuccess
2026-05-24T00:30:42.078911Z,102,dc.scaffold.htb,Microsoft-Windows-TaskScheduler,Microsoft-Windows-TaskScheduler/Operational,7280,4,,,091C62F1-D07C-4C2F-9976-37A26DAAC220,,,,,,,,,\Scaffold\ScaffoldDeployEngine,NT AUTHORITY\SYSTEM,,TaskSuccessEvent
2026-05-24T00:30:52.851199Z,140,dc.scaffold.htb,Microsoft-Windows-TaskScheduler,Microsoft-Windows-TaskScheduler/Operational,7281,4,,,,,,,,,,,,\Microsoft\Windows\WindowsUpdate\Scheduled Start,,NT AUTHORITY\SYSTEM,TaskUpdated
2026-05-24T00:32:41.746286Z,107,dc.scaffold.htb,Microsoft-Windows-TaskScheduler,Microsoft-Windows-TaskScheduler/Operational,7282,4,,,8139CAE3-BD15-4F0F-80B5-46C05C79CAD2,,,,,,,,,\Scaffold\ScaffoldDeployEngine,,,TimeTriggerEvent
2026-05-24T00:32:41.750333Z,129,dc.scaffold.htb,Microsoft-Windows-TaskScheduler,Microsoft-Windows-TaskScheduler/Operational,7283,4,,,,,powershell.exe,16384,3684,,,,,\Scaffold\ScaffoldDeployEngine,,,CreatedTaskProcess
2026-05-24T00:32:41.750563Z,100,dc.scaffold.htb,Microsoft-Windows-TaskScheduler,Microsoft-Windows-TaskScheduler/Operational,7284,4,,,8139CAE3-BD15-4F0F-80B5-46C05C79CAD2,,,,,,,,,\Scaffold\ScaffoldDeployEngine,NT AUTHORITY\SYSTEM,,TaskStartEvent
2026-05-24T00:32:41.750566Z,200,dc.scaffold.htb,Microsoft-Windows-TaskScheduler,Microsoft-Windows-TaskScheduler/Operational,7285,4,powershell.exe,3684,,,,,,,,,8139CAE3-BD15-4F0F-80B5-46C05C79CAD2,\Scaffold\ScaffoldDeployEngine,,,ActionStart
2026-05-24T00:32:42.103100Z,201,dc.scaffold.htb,Microsoft-Windows-TaskScheduler,Microsoft-Windows-TaskScheduler/Operational,7286,4,powershell.exe,3684,,,,,,,0,,8139CAE3-BD15-4F0F-80B5-46C05C79CAD2,\Scaffold\ScaffoldDeployEngine,,,ActionSuccess
2026-05-24T00:32:42.103258Z,102,dc.scaffold.htb,Microsoft-Windows-TaskScheduler,Microsoft-Windows-TaskScheduler/Operational,7287,4,,,8139CAE3-BD15-4F0F-80B5-46C05C79CAD2,,,,,,,,,\Scaffold\ScaffoldDeployEngine,NT AUTHORITY\SYSTEM,,TaskSuccessEvent
2026-05-24T00:33:08.727115Z,108,dc.scaffold.htb,Microsoft-Windows-TaskScheduler,Microsoft-Windows-TaskScheduler/Operational,7288,4,,,0B8F45C2-F0C5-401C-8FEC-15831C1DC059,,,,,,,,,\Microsoft\Windows\Workplace Join\Automatic-Device-Join,,,EventTriggerEvent
2026-05-24T00:33:08.730822Z,129,dc.scaffold.htb,Microsoft-Windows-TaskScheduler,Microsoft-Windows-TaskScheduler/Operational,7289,4,,,,,%SystemRoot%\System32\dsregcmd.exe,16384,4508,,,,,\Microsoft\Windows\Workplace Join\Automatic-Device-Join,,,CreatedTaskProcess
2026-05-24T00:33:08.731163Z,100,dc.scaffold.htb,Microsoft-Windows-TaskScheduler,Microsoft-Windows-TaskScheduler/Operational,7290,4,,,0B8F45C2-F0C5-401C-8FEC-15831C1DC059,,,,,,,,,\Microsoft\Windows\Workplace Join\Automatic-Device-Join,NT AUTHORITY\SYSTEM,,TaskStartEvent
2026-05-24T00:33:08.731167Z,200,dc.scaffold.htb,Microsoft-Windows-TaskScheduler,Microsoft-Windows-TaskScheduler/Operational,7291,4,%SystemRoot%\System32\dsregcmd.exe,4508,,,,,,,,,0B8F45C2-F0C5-401C-8FEC-15831C1DC059,\Microsoft\Windows\Workplace Join\Automatic-Device-Join,,,ActionStart
2026-05-24T00:33:08.788758Z,201,dc.scaffold.htb,Microsoft-Windows-TaskScheduler,Microsoft-Windows-TaskScheduler/Operational,7292,4,%SystemRoot%\System32\dsregcmd.exe,4508,,,,,,,2147942401,,0B8F45C2-F0C5-401C-8FEC-15831C1DC059,\Microsoft\Windows\Workplace Join\Automatic-Device-Join,,,ActionSuccess
2026-05-24T00:33:08.788858Z,102,dc.scaffold.htb,Microsoft-Windows-TaskScheduler,Microsoft-Windows-TaskScheduler/Operational,7293,4,,,0B8F45C2-F0C5-401C-8FEC-15831C1DC059,,,,,,,,,\Microsoft\Windows\Workplace Join\Automatic-Device-Join,NT AUTHORITY\SYSTEM,,TaskSuccessEvent
2026-05-24T00:34:41.745983Z,107,dc.scaffold.htb,Microsoft-Windows-TaskScheduler,Microsoft-Windows-TaskScheduler/Operational,7294,4,,,A6DB0210-7989-4F72-A3BF-FD4D5C736D65,,,,,,,,,\Scaffold\ScaffoldDeployEngine,,,TimeTriggerEvent
2026-05-24T00:34:41.750456Z,129,dc.scaffold.htb,Microsoft-Windows-TaskScheduler,Microsoft-Windows-TaskScheduler/Operational,7295,4,,,,,powershell.exe,16384,3436,,,,,\Scaffold\ScaffoldDeployEngine,,,CreatedTaskProcess
2026-05-24T00:34:41.750774Z,100,dc.scaffold.htb,Microsoft-Windows-TaskScheduler,Microsoft-Windows-TaskScheduler/Operational,7296,4,,,A6DB0210-7989-4F72-A3BF-FD4D5C736D65,,,,,,,,,\Scaffold\ScaffoldDeployEngine,NT AUTHORITY\SYSTEM,,TaskStartEvent
2026-05-24T00:34:41.750777Z,200,dc.scaffold.htb,Microsoft-Windows-TaskScheduler,Microsoft-Windows-TaskScheduler/Operational,7297,4,powershell.exe,3436,,,,,,,,,A6DB0210-7989-4F72-A3BF-FD4D5C736D65,\Scaffold\ScaffoldDeployEngine,,,ActionStart
2026-05-24T00:34:42.076757Z,201,dc.scaffold.htb,Microsoft-Windows-TaskScheduler,Microsoft-Windows-TaskScheduler/Operational,7298,4,powershell.exe,3436,,,,,,,0,,A6DB0210-7989-4F72-A3BF-FD4D5C736D65,\Scaffold\ScaffoldDeployEngine,,,ActionSuccess
2026-05-24T00:34:42.076891Z,102,dc.scaffold.htb,Microsoft-Windows-TaskScheduler,Microsoft-Windows-TaskScheduler/Operational,7299,4,,,A6DB0210-7989-4F72-A3BF-FD4D5C736D65,,,,,,,,,\Scaffold\ScaffoldDeployEngine,NT AUTHORITY\SYSTEM,,TaskSuccessEvent
2026-05-24T00:35:44.652183Z,140,dc.scaffold.htb,Microsoft-Windows-TaskScheduler,Microsoft-Windows-TaskScheduler/Operational,7300,4,,,,,,,,,,,,\Microsoft\Windows\SoftwareProtectionPlatform\SvcRestartTask,,SCAFFOLD\DC$,TaskUpdated
2026-05-24T00:36:15.794346Z,140,dc.scaffold.htb,Microsoft-Windows-TaskScheduler,Microsoft-Windows-TaskScheduler/Operational,7301,4,,,,,,,,,,,,\Microsoft\Windows\SoftwareProtectionPlatform\SvcRestartTask,,SCAFFOLD\DC$,TaskUpdated
2026-05-24T00:36:41.760538Z,107,dc.scaffold.htb,Microsoft-Windows-TaskScheduler,Microsoft-Windows-TaskScheduler/Operational,7302,4,,,6C74A349-7163-4FAE-8CFD-950F883A749A,,,,,,,,,\Scaffold\ScaffoldDeployEngine,,,TimeTriggerEvent
2026-05-24T00:36:41.765345Z,129,dc.scaffold.htb,Microsoft-Windows-TaskScheduler,Microsoft-Windows-TaskScheduler/Operational,7303,4,,,,,powershell.exe,16384,7456,,,,,\Scaffold\ScaffoldDeployEngine,,,CreatedTaskProcess
2026-05-24T00:36:41.765672Z,100,dc.scaffold.htb,Microsoft-Windows-TaskScheduler,Microsoft-Windows-TaskScheduler/Operational,7304,4,,,6C74A349-7163-4FAE-8CFD-950F883A749A,,,,,,,,,\Scaffold\ScaffoldDeployEngine,NT AUTHORITY\SYSTEM,,TaskStartEvent
2026-05-24T00:36:41.765676Z,200,dc.scaffold.htb,Microsoft-Windows-TaskScheduler,Microsoft-Windows-TaskScheduler/Operational,7305,4,powershell.exe,7456,,,,,,,,,6C74A349-7163-4FAE-8CFD-950F883A749A,\Scaffold\ScaffoldDeployEngine,,,ActionStart
2026-05-24T00:36:42.098804Z,201,dc.scaffold.htb,Microsoft-Windows-TaskScheduler,Microsoft-Windows-TaskScheduler/Operational,7306,4,powershell.exe,7456,,,,,,,0,,6C74A349-7163-4FAE-8CFD-950F883A749A,\Scaffold\ScaffoldDeployEngine,,,ActionSuccess
2026-05-24T00:36:42.098926Z,102,dc.scaffold.htb,Microsoft-Windows-TaskScheduler,Microsoft-Windows-TaskScheduler/Operational,7307,4,,,6C74A349-7163-4FAE-8CFD-950F883A749A,,,,,,,,,\Scaffold\ScaffoldDeployEngine,NT AUTHORITY\SYSTEM,,TaskSuccessEvent
2026-05-24T00:37:04.825611Z,202,dc.scaffold.htb,Microsoft-Windows-TaskScheduler,Microsoft-Windows-TaskScheduler/Operational,7308,2,DiagnosticInfrastructureCustomHandler,7380,,,,,,,2147942404,,00B388E1-3554-4803-A4A4-3476D1A53FEE,\Microsoft\Windows\WDI\ResolutionHost,,,ActionFailure
2026-05-24T00:37:04.825612Z,103,dc.scaffold.htb,Microsoft-Windows-TaskScheduler,Microsoft-Windows-TaskScheduler/Operational,7309,2,,,00B388E1-3554-4803-A4A4-3476D1A53FEE,,,,,,2147942404,,,\Microsoft\Windows\WDI\ResolutionHost,,,TaskFailureEvent
2026-05-24T00:37:05.392000Z,201,dc.scaffold.htb,Microsoft-Windows-TaskScheduler,Microsoft-Windows-TaskScheduler/Operational,7310,4,C:\Windows\Explorer.EXE,5800,,,,,,,2147942404,,71D4A8D3-4818-4E26-AED8-BDE083E5F4F1,\CreateExplorerShellUnelevatedTask,,,ActionSuccess
2026-05-24T00:37:05.392411Z,102,dc.scaffold.htb,Microsoft-Windows-TaskScheduler,Microsoft-Windows-TaskScheduler/Operational,7311,4,,,71D4A8D3-4818-4E26-AED8-BDE083E5F4F1,,,,,,,,,\CreateExplorerShellUnelevatedTask,SCAFFOLD\Administrator,,TaskSuccessEvent
2026-05-24T00:37:05.410242Z,202,dc.scaffold.htb,Microsoft-Windows-TaskScheduler,Microsoft-Windows-TaskScheduler/Operational,7312,2,Wininet Cache task object,4172,,,,,,,2147942404,,8E3A367F-1715-4079-AD73-F4F12AD1DFF1,\Microsoft\Windows\Wininet\CacheTask,,,ActionFailure
2026-05-24T00:37:05.410244Z,103,dc.scaffold.htb,Microsoft-Windows-TaskScheduler,Microsoft-Windows-TaskScheduler/Operational,7313,2,,,8E3A367F-1715-4079-AD73-F4F12AD1DFF1,,,,,,2147942404,,,\Microsoft\Windows\Wininet\CacheTask,,,TaskFailureEvent
2026-05-24T00:37:05.614775Z,201,dc.scaffold.htb,Microsoft-Windows-TaskScheduler,Microsoft-Windows-TaskScheduler/Operational,7314,4,C:\Program Files (x86)\Microsoft\EdgeUpdate\MicrosoftEdgeUpdate.exe,5144,,,,,,,2147943691,,6A7756AE-0D3D-4EA5-8E6F-DE95447726F2,\MicrosoftEdgeUpdateTaskMachineCore,,,ActionSuccess
2026-05-24T00:37:05.614855Z,102,dc.scaffold.htb,Microsoft-Windows-TaskScheduler,Microsoft-Windows-TaskScheduler/Operational,7315,4,,,6A7756AE-0D3D-4EA5-8E6F-DE95447726F2,,,,,,,,,\MicrosoftEdgeUpdateTaskMachineCore,NT AUTHORITY\SYSTEM,,TaskSuccessEvent
2026-05-24T00:37:05.614873Z,111,dc.scaffold.htb,Microsoft-Windows-TaskScheduler,Microsoft-Windows-TaskScheduler/Operational,7316,4,,,6A7756AE-0D3D-4EA5-8E6F-DE95447726F2,,,,,,,,,\MicrosoftEdgeUpdateTaskMachineCore,,,TaskTerminationEvent
2026-05-24T00:37:05.648376Z,140,dc.scaffold.htb,Microsoft-Windows-TaskScheduler,Microsoft-Windows-TaskScheduler/Operational,7317,4,,,,,,,,,,,,\Microsoft\Windows\WindowsUpdate\Scheduled Start,,NT AUTHORITY\SYSTEM,TaskUpdated
2026-05-24T00:37:11.064035Z,402,dc.scaffold.htb,Microsoft-Windows-TaskScheduler,Microsoft-Windows-TaskScheduler/Operational,7318,4,,,,ServiceStopEvent,,,,,,,,,,,
2026-05-24T01:08:26.393166Z,700,dc.scaffold.htb,Microsoft-Windows-TaskScheduler,Microsoft-Windows-TaskScheduler/Operational,7319,4,,,,CompatibilityAdapterLaunch,,,,,,,,,,,
2026-05-24T01:08:26.475407Z,400,dc.scaffold.htb,Microsoft-Windows-TaskScheduler,Microsoft-Windows-TaskScheduler/Operational,7320,4,,,,ServiceStartEvent,,,,,,,,,,,
2026-05-24T01:08:26.595538Z,118,dc.scaffold.htb,Microsoft-Windows-TaskScheduler,Microsoft-Windows-TaskScheduler/Operational,7321,4,,,F8D32CE5-DA68-4DD0-8A4B-33C678D1B156,,,,,,,,,\Microsoft\Windows\ExploitGuard\ExploitGuard MDM policy Refresh,,,BootTrigger
2026-05-24T01:08:26.601153Z,129,dc.scaffold.htb,Microsoft-Windows-TaskScheduler,Microsoft-Windows-TaskScheduler/Operational,7322,4,,,,,%windir%\system32\dxgiadaptercache.exe,16384,2180,,,,,\Microsoft\Windows\DirectX\DXGIAdapterCache,,,CreatedTaskProcess
2026-05-24T01:08:26.601560Z,100,dc.scaffold.htb,Microsoft-Windows-TaskScheduler,Microsoft-Windows-TaskScheduler/Operational,7323,4,,,5D62C860-50D4-47D3-955C-C1D32FE8C3E3,,,,,,,,,\Microsoft\Windows\DirectX\DXGIAdapterCache,NT AUTHORITY\SYSTEM,,TaskStartEvent
2026-05-24T01:08:26.601564Z,200,dc.scaffold.htb,Microsoft-Windows-TaskScheduler,Microsoft-Windows-TaskScheduler/Operational,7324,4,%windir%\system32\dxgiadaptercache.exe,2180,,,,,,,,,5D62C860-50D4-47D3-955C-C1D32FE8C3E3,\Microsoft\Windows\DirectX\DXGIAdapterCache,,,ActionStart
2026-05-24T01:08:26.601617Z,129,dc.scaffold.htb,Microsoft-Windows-TaskScheduler,Microsoft-Windows-TaskScheduler/Operational,7325,4,,,,,taskhostw.exe,16384,2188,,,,,\Microsoft\Windows\ExploitGuard\ExploitGuard MDM policy Refresh,,,CreatedTaskProcess
2026-05-24T01:08:26.601780Z,100,dc.scaffold.htb,Microsoft-Windows-TaskScheduler,Microsoft-Windows-TaskScheduler/Operational,7326,4,,,F8D32CE5-DA68-4DD0-8A4B-33C678D1B156,,,,,,,,,\Microsoft\Windows\ExploitGuard\ExploitGuard MDM policy Refresh,NT AUTHORITY\SYSTEM,,TaskStartEvent
2026-05-24T01:08:26.601782Z,200,dc.scaffold.htb,Microsoft-Windows-TaskScheduler,Microsoft-Windows-TaskScheduler/Operational,7327,4,,2188,,,,,,,,,F8D32CE5-DA68-4DD0-8A4B-33C678D1B156,\Microsoft\Windows\ExploitGuard\ExploitGuard MDM policy Refresh,,,ActionStart
2026-05-24T01:08:26.809591Z,101,dc.scaffold.htb,Microsoft-Windows-TaskScheduler,Microsoft-Windows-TaskScheduler/Operational,7328,2,,,,,,,,,2147943568,,,\Microsoft\Windows\Workplace Join\Automatic-Device-Join,(default user),,TaskStartFailedEvent
2026-05-24T01:08:26.971461Z,100,dc.scaffold.htb,Microsoft-Windows-TaskScheduler,Microsoft-Windows-TaskScheduler/Operational,7329,4,,,7296EBF0-8CEE-436F-91F8-3D42BCA43B99,,,,,,,,,\Microsoft\Windows\WwanSvc\OobeDiscovery,NT AUTHORITY\SYSTEM,,TaskStartEvent
2026-05-24T01:08:26.971464Z,200,dc.scaffold.htb,Microsoft-Windows-TaskScheduler,Microsoft-Windows-TaskScheduler/Operational,7330,4,OobeEsimTaskManager,2188,,,,,,,,,7296EBF0-8CEE-436F-91F8-3D42BCA43B99,\Microsoft\Windows\WwanSvc\OobeDiscovery,,,ActionStart
2026-05-24T01:08:27.122893Z,201,dc.scaffold.htb,Microsoft-Windows-TaskScheduler,Microsoft-Windows-TaskScheduler/Operational,7331,4,%windir%\system32\dxgiadaptercache.exe,2180,,,,,,,0,,5D62C860-50D4-47D3-955C-C1D32FE8C3E3,\Microsoft\Windows\DirectX\DXGIAdapterCache,,,ActionSuccess
2026-05-24T01:08:27.123177Z,102,dc.scaffold.htb,Microsoft-Windows-TaskScheduler,Microsoft-Windows-TaskScheduler/Operational,7332,4,,,5D62C860-50D4-47D3-955C-C1D32FE8C3E3,,,,,,,,,\Microsoft\Windows\DirectX\DXGIAdapterCache,NT AUTHORITY\SYSTEM,,TaskSuccessEvent
2026-05-24T01:08:27.123623Z,201,dc.scaffold.htb,Microsoft-Windows-TaskScheduler,Microsoft-Windows-TaskScheduler/Operational,7333,4,,2188,,,,,,,0,,F8D32CE5-DA68-4DD0-8A4B-33C678D1B156,\Microsoft\Windows\ExploitGuard\ExploitGuard MDM policy Refresh,,,ActionSuccess
2026-05-24T01:08:27.123624Z,102,dc.scaffold.htb,Microsoft-Windows-TaskScheduler,Microsoft-Windows-TaskScheduler/Operational,7334,4,,,F8D32CE5-DA68-4DD0-8A4B-33C678D1B156,,,,,,,,,\Microsoft\Windows\ExploitGuard\ExploitGuard MDM policy Refresh,NT AUTHORITY\SYSTEM,,TaskSuccessEvent
2026-05-24T01:08:27.167708Z,201,dc.scaffold.htb,Microsoft-Windows-TaskScheduler,Microsoft-Windows-TaskScheduler/Operational,7335,4,OobeEsimTaskManager,2188,,,,,,,0,,7296EBF0-8CEE-436F-91F8-3D42BCA43B99,\Microsoft\Windows\WwanSvc\OobeDiscovery,,,ActionSuccess
2026-05-24T01:08:27.167711Z,102,dc.scaffold.htb,Microsoft-Windows-TaskScheduler,Microsoft-Windows-TaskScheduler/Operational,7336,4,,,7296EBF0-8CEE-436F-91F8-3D42BCA43B99,,,,,,,,,\Microsoft\Windows\WwanSvc\OobeDiscovery,NT AUTHORITY\SYSTEM,,TaskSuccessEvent
2026-05-24T01:08:27.544602Z,129,dc.scaffold.htb,Microsoft-Windows-TaskScheduler,Microsoft-Windows-TaskScheduler/Operational,7337,4,,,,,taskhostw.exe,16384,2608,,,,,\Microsoft\Windows\Time Synchronization\ForceSynchronizeTime,,,CreatedTaskProcess
2026-05-24T01:08:27.544907Z,100,dc.scaffold.htb,Microsoft-Windows-TaskScheduler,Microsoft-Windows-TaskScheduler/Operational,7338,4,,,EE5A0D9E-8F3E-4728-BE1F-2F3EE4FE111B,,,,,,,,,\Microsoft\Windows\Time Synchronization\ForceSynchronizeTime,(NONE),,TaskStartEvent
2026-05-24T01:08:27.544909Z,200,dc.scaffold.htb,Microsoft-Windows-TaskScheduler,Microsoft-Windows-TaskScheduler/Operational,7339,4,Time Synchronization Task Handler,2608,,,,,,,,,EE5A0D9E-8F3E-4728-BE1F-2F3EE4FE111B,\Microsoft\Windows\Time Synchronization\ForceSynchronizeTime,,,ActionStart
2026-05-24T01:08:27.568998Z,201,dc.scaffold.htb,Microsoft-Windows-TaskScheduler,Microsoft-Windows-TaskScheduler/Operational,7340,4,Time Synchronization Task Handler,2608,,,,,,,0,,EE5A0D9E-8F3E-4728-BE1F-2F3EE4FE111B,\Microsoft\Windows\Time Synchronization\ForceSynchronizeTime,,,ActionSuccess
2026-05-24T01:08:27.569001Z,102,dc.scaffold.htb,Microsoft-Windows-TaskScheduler,Microsoft-Windows-TaskScheduler/Operational,7341,4,,,EE5A0D9E-8F3E-4728-BE1F-2F3EE4FE111B,,,,,,,,,\Microsoft\Windows\Time Synchronization\ForceSynchronizeTime,(NONE),,TaskSuccessEvent
2026-05-24T01:08:27.830467Z,325,dc.scaffold.htb,Microsoft-Windows-TaskScheduler,Microsoft-Windows-TaskScheduler/Operational,7342,3,,,,,,,,7EAEBBD1-72CA-485C-A939-B2F8F258206B,,,,\Microsoft\Windows\Workplace Join\Automatic-Device-Join,,,TaskInstanceQueued
2026-05-24T01:08:27.830655Z,110,dc.scaffold.htb,Microsoft-Windows-TaskScheduler,Microsoft-Windows-TaskScheduler/Operational,7343,4,,,7EAEBBD1-72CA-485C-A939-B2F8F258206B,,,,,,,,,\Microsoft\Windows\Workplace Join\Automatic-Device-Join,System,,TaskRunEvent
2026-05-24T01:08:27.840897Z,129,dc.scaffold.htb,Microsoft-Windows-TaskScheduler,Microsoft-Windows-TaskScheduler/Operational,7344,4,,,,,%SystemRoot%\System32\dsregcmd.exe,16384,2644,,,,,\Microsoft\Windows\Workplace Join\Automatic-Device-Join,,,CreatedTaskProcess
2026-05-24T01:08:27.841201Z,100,dc.scaffold.htb,Microsoft-Windows-TaskScheduler,Microsoft-Windows-TaskScheduler/Operational,7345,4,,,7EAEBBD1-72CA-485C-A939-B2F8F258206B,,,,,,,,,\Microsoft\Windows\Workplace Join\Automatic-Device-Join,NT AUTHORITY\SYSTEM,,TaskStartEvent
2026-05-24T01:08:27.841204Z,200,dc.scaffold.htb,Microsoft-Windows-TaskScheduler,Microsoft-Windows-TaskScheduler/Operational,7346,4,%SystemRoot%\System32\dsregcmd.exe,2644,,,,,,,,,7EAEBBD1-72CA-485C-A939-B2F8F258206B,\Microsoft\Windows\Workplace Join\Automatic-Device-Join,,,ActionStart
2026-05-24T01:08:37.091787Z,118,dc.scaffold.htb,Microsoft-Windows-TaskScheduler,Microsoft-Windows-TaskScheduler/Operational,7347,4,,,A3C9FD84-E200-4CEA-AC01-C250E75CEE4A,,,,,,,,,\Microsoft\Windows\CertificateServicesClient\SystemTask,,,BootTrigger
2026-05-24T01:08:37.093429Z,129,dc.scaffold.htb,Microsoft-Windows-TaskScheduler,Microsoft-Windows-TaskScheduler/Operational,7348,4,,,,,taskhostw.exe,16384,5108,,,,,\Microsoft\Windows\CertificateServicesClient\SystemTask,,,CreatedTaskProcess
2026-05-24T01:08:37.093551Z,100,dc.scaffold.htb,Microsoft-Windows-TaskScheduler,Microsoft-Windows-TaskScheduler/Operational,7349,4,,,A3C9FD84-E200-4CEA-AC01-C250E75CEE4A,,,,,,,,,\Microsoft\Windows\CertificateServicesClient\SystemTask,NT AUTHORITY\SYSTEM,,TaskStartEvent
2026-05-24T01:08:37.093553Z,200,dc.scaffold.htb,Microsoft-Windows-TaskScheduler,Microsoft-Windows-TaskScheduler/Operational,7350,4,Certificate Services Client Task Handler,5108,,,,,,,,,A3C9FD84-E200-4CEA-AC01-C250E75CEE4A,\Microsoft\Windows\CertificateServicesClient\SystemTask,,,ActionStart
2026-05-24T01:08:41.036688Z,107,dc.scaffold.htb,Microsoft-Windows-TaskScheduler,Microsoft-Windows-TaskScheduler/Operational,7351,4,,,D9F36974-5769-4C0B-984B-D779D2FEDEB3,,,,,,,,,\Scaffold\ScaffoldDeployEngine,,,TimeTriggerEvent
2026-05-24T01:08:41.048715Z,129,dc.scaffold.htb,Microsoft-Windows-TaskScheduler,Microsoft-Windows-TaskScheduler/Operational,7352,4,,,,,powershell.exe,16384,4404,,,,,\Scaffold\ScaffoldDeployEngine,,,CreatedTaskProcess
2026-05-24T01:08:41.049005Z,100,dc.scaffold.htb,Microsoft-Windows-TaskScheduler,Microsoft-Windows-TaskScheduler/Operational,7353,4,,,D9F36974-5769-4C0B-984B-D779D2FEDEB3,,,,,,,,,\Scaffold\ScaffoldDeployEngine,NT AUTHORITY\SYSTEM,,TaskStartEvent
2026-05-24T01:08:41.049008Z,200,dc.scaffold.htb,Microsoft-Windows-TaskScheduler,Microsoft-Windows-TaskScheduler/Operational,7354,4,powershell.exe,4404,,,,,,,,,D9F36974-5769-4C0B-984B-D779D2FEDEB3,\Scaffold\ScaffoldDeployEngine,,,ActionStart
2026-05-24T01:08:55.227100Z,201,dc.scaffold.htb,Microsoft-Windows-TaskScheduler,Microsoft-Windows-TaskScheduler/Operational,7355,4,powershell.exe,4404,,,,,,,0,,D9F36974-5769-4C0B-984B-D779D2FEDEB3,\Scaffold\ScaffoldDeployEngine,,,ActionSuccess
2026-05-24T01:08:55.227256Z,102,dc.scaffold.htb,Microsoft-Windows-TaskScheduler,Microsoft-Windows-TaskScheduler/Operational,7356,4,,,D9F36974-5769-4C0B-984B-D779D2FEDEB3,,,,,,,,,\Scaffold\ScaffoldDeployEngine,NT AUTHORITY\SYSTEM,,TaskSuccessEvent
2026-05-24T01:09:05.437143Z,201,dc.scaffold.htb,Microsoft-Windows-TaskScheduler,Microsoft-Windows-TaskScheduler/Operational,7357,4,%SystemRoot%\System32\dsregcmd.exe,2644,,,,,,,0,,7EAEBBD1-72CA-485C-A939-B2F8F258206B,\Microsoft\Windows\Workplace Join\Automatic-Device-Join,,,ActionSuccess
2026-05-24T01:09:05.437389Z,102,dc.scaffold.htb,Microsoft-Windows-TaskScheduler,Microsoft-Windows-TaskScheduler/Operational,7358,4,,,7EAEBBD1-72CA-485C-A939-B2F8F258206B,,,,,,,,,\Microsoft\Windows\Workplace Join\Automatic-Device-Join,NT AUTHORITY\SYSTEM,,TaskSuccessEvent
2026-05-24T01:09:06.064484Z,140,dc.scaffold.htb,Microsoft-Windows-TaskScheduler,Microsoft-Windows-TaskScheduler/Operational,7359,4,,,,,,,,,,,,\Microsoft\Windows\SoftwareProtectionPlatform\SvcRestartTask,,SCAFFOLD\DC$,TaskUpdated
2026-05-24T01:09:06.315127Z,201,dc.scaffold.htb,Microsoft-Windows-TaskScheduler,Microsoft-Windows-TaskScheduler/Operational,7360,4,Certificate Services Client Task Handler,5108,,,,,,,0,,A3C9FD84-E200-4CEA-AC01-C250E75CEE4A,\Microsoft\Windows\CertificateServicesClient\SystemTask,,,ActionSuccess
2026-05-24T01:09:06.315128Z,102,dc.scaffold.htb,Microsoft-Windows-TaskScheduler,Microsoft-Windows-TaskScheduler/Operational,7361,4,,,A3C9FD84-E200-4CEA-AC01-C250E75CEE4A,,,,,,,,,\Microsoft\Windows\CertificateServicesClient\SystemTask,NT AUTHORITY\SYSTEM,,TaskSuccessEvent
2026-05-24T01:09:27.087852Z,118,dc.scaffold.htb,Microsoft-Windows-TaskScheduler,Microsoft-Windows-TaskScheduler/Operational,7362,4,,,5FBCDE14-ACDF-4B67-9EFD-CBA45DCC8736,,,,,,,,,\Microsoft\Windows\Software Inventory Logging\Configuration,,,BootTrigger
2026-05-24T01:09:27.089156Z,118,dc.scaffold.htb,Microsoft-Windows-TaskScheduler,Microsoft-Windows-TaskScheduler/Operational,7363,4,,,2C51570D-8808-4E52-9555-29B98E3F28A1,,,,,,,,,\Microsoft\Windows\DirectX\DXGIAdapterCache,,,BootTrigger
2026-05-24T01:09:27.090480Z,129,dc.scaffold.htb,Microsoft-Windows-TaskScheduler,Microsoft-Windows-TaskScheduler/Operational,7364,4,,,,,%systemroot%\system32\cmd.exe,16384,6752,,,,,\Microsoft\Windows\Software Inventory Logging\Configuration,,,CreatedTaskProcess
2026-05-24T01:09:27.090641Z,100,dc.scaffold.htb,Microsoft-Windows-TaskScheduler,Microsoft-Windows-TaskScheduler/Operational,7365,4,,,5FBCDE14-ACDF-4B67-9EFD-CBA45DCC8736,,,,,,,,,\Microsoft\Windows\Software Inventory Logging\Configuration,NT AUTHORITY\SYSTEM,,TaskStartEvent
2026-05-24T01:09:27.090643Z,200,dc.scaffold.htb,Microsoft-Windows-TaskScheduler,Microsoft-Windows-TaskScheduler/Operational,7366,4,%systemroot%\system32\cmd.exe,6752,,,,,,,,,5FBCDE14-ACDF-4B67-9EFD-CBA45DCC8736,\Microsoft\Windows\Software Inventory Logging\Configuration,,,ActionStart
2026-05-24T01:09:27.090764Z,129,dc.scaffold.htb,Microsoft-Windows-TaskScheduler,Microsoft-Windows-TaskScheduler/Operational,7367,4,,,,,%windir%\system32\dxgiadaptercache.exe,16384,6760,,,,,\Microsoft\Windows\DirectX\DXGIAdapterCache,,,CreatedTaskProcess
2026-05-24T01:09:27.090881Z,100,dc.scaffold.htb,Microsoft-Windows-TaskScheduler,Microsoft-Windows-TaskScheduler/Operational,7368,4,,,2C51570D-8808-4E52-9555-29B98E3F28A1,,,,,,,,,\Microsoft\Windows\DirectX\DXGIAdapterCache,NT AUTHORITY\SYSTEM,,TaskStartEvent
2026-05-24T01:09:27.090883Z,200,dc.scaffold.htb,Microsoft-Windows-TaskScheduler,Microsoft-Windows-TaskScheduler/Operational,7369,4,%windir%\system32\dxgiadaptercache.exe,6760,,,,,,,,,2C51570D-8808-4E52-9555-29B98E3F28A1,\Microsoft\Windows\DirectX\DXGIAdapterCache,,,ActionStart
2026-05-24T01:09:27.181290Z,201,dc.scaffold.htb,Microsoft-Windows-TaskScheduler,Microsoft-Windows-TaskScheduler/Operational,7370,4,%windir%\system32\dxgiadaptercache.exe,6760,,,,,,,0,,2C51570D-8808-4E52-9555-29B98E3F28A1,\Microsoft\Windows\DirectX\DXGIAdapterCache,,,ActionSuccess
2026-05-24T01:09:27.181578Z,102,dc.scaffold.htb,Microsoft-Windows-TaskScheduler,Microsoft-Windows-TaskScheduler/Operational,7371,4,,,2C51570D-8808-4E52-9555-29B98E3F28A1,,,,,,,,,\Microsoft\Windows\DirectX\DXGIAdapterCache,NT AUTHORITY\SYSTEM,,TaskSuccessEvent
2026-05-24T01:09:27.203500Z,201,dc.scaffold.htb,Microsoft-Windows-TaskScheduler,Microsoft-Windows-TaskScheduler/Operational,7372,4,%systemroot%\system32\cmd.exe,6752,,,,,,,0,,5FBCDE14-ACDF-4B67-9EFD-CBA45DCC8736,\Microsoft\Windows\Software Inventory Logging\Configuration,,,ActionSuccess
2026-05-24T01:09:27.203616Z,102,dc.scaffold.htb,Microsoft-Windows-TaskScheduler,Microsoft-Windows-TaskScheduler/Operational,7373,4,,,5FBCDE14-ACDF-4B67-9EFD-CBA45DCC8736,,,,,,,,,\Microsoft\Windows\Software Inventory Logging\Configuration,NT AUTHORITY\SYSTEM,,TaskSuccessEvent
2026-05-24T01:09:39.693676Z,119,dc.scaffold.htb,Microsoft-Windows-TaskScheduler,Microsoft-Windows-TaskScheduler/Operational,7374,4,,,168C05D9-E58B-4782-99C3-4FEF479E392F,,,,,,,,,\Microsoft\Windows\TextServicesFramework\MsCtfMonitor,,SCAFFOLD\Administrator,LogonTrigger
2026-05-24T01:09:39.693693Z,119,dc.scaffold.htb,Microsoft-Windows-TaskScheduler,Microsoft-Windows-TaskScheduler/Operational,7375,4,,,413459CB-02F6-4DFE-85F0-C685503D8487,,,,,,,,,\Microsoft\Windows\Server Manager\ServerManager,,SCAFFOLD\Administrator,LogonTrigger
2026-05-24T01:09:39.696314Z,129,dc.scaffold.htb,Microsoft-Windows-TaskScheduler,Microsoft-Windows-TaskScheduler/Operational,7376,4,,,,,taskhostw.exe,32,3844,,,,,\Microsoft\Windows\TextServicesFramework\MsCtfMonitor,,,CreatedTaskProcess
2026-05-24T01:09:39.696775Z,100,dc.scaffold.htb,Microsoft-Windows-TaskScheduler,Microsoft-Windows-TaskScheduler/Operational,7377,4,,,168C05D9-E58B-4782-99C3-4FEF479E392F,,,,,,,,,\Microsoft\Windows\TextServicesFramework\MsCtfMonitor,SCAFFOLD\Administrator,,TaskStartEvent
