2026-05-23T11:32:17.951020Z,325,dc.scaffold.htb,Microsoft-Windows-TaskScheduler,Microsoft-Windows-TaskScheduler/Operational,5047,3,,,,,,,,CB1F5C4D-4141-4898-A309-5F5509558C70,,,,\Microsoft\Windows\.NET Framework\.NET Framework NGEN v4.0.30319 64,,,TaskInstanceQueued
2026-05-23T11:32:17.951129Z,110,dc.scaffold.htb,Microsoft-Windows-TaskScheduler,Microsoft-Windows-TaskScheduler/Operational,5048,4,,,CB1F5C4D-4141-4898-A309-5F5509558C70,,,,,,,,,\Microsoft\Windows\.NET Framework\.NET Framework NGEN v4.0.30319 64,System,,TaskRunEvent
2026-05-23T11:32:18.054765Z,325,dc.scaffold.htb,Microsoft-Windows-TaskScheduler,Microsoft-Windows-TaskScheduler/Operational,5049,3,,,,,,,,0D5BAC61-8123-4FC0-9A78-8B6E57D9BFE5,,,,\Microsoft\Windows\.NET Framework\.NET Framework NGEN v4.0.30319 64,,,TaskInstanceQueued
2026-05-23T11:32:18.054893Z,110,dc.scaffold.htb,Microsoft-Windows-TaskScheduler,Microsoft-Windows-TaskScheduler/Operational,5050,4,,,0D5BAC61-8123-4FC0-9A78-8B6E57D9BFE5,,,,,,,,,\Microsoft\Windows\.NET Framework\.NET Framework NGEN v4.0.30319 64,System,,TaskRunEvent
2026-05-23T11:32:18.145919Z,325,dc.scaffold.htb,Microsoft-Windows-TaskScheduler,Microsoft-Windows-TaskScheduler/Operational,5051,3,,,,,,,,FA655A03-970C-432B-BD4F-803D708CFC36,,,,\Microsoft\Windows\.NET Framework\.NET Framework NGEN v4.0.30319 64,,,TaskInstanceQueued
2026-05-23T11:32:18.146026Z,110,dc.scaffold.htb,Microsoft-Windows-TaskScheduler,Microsoft-Windows-TaskScheduler/Operational,5052,4,,,FA655A03-970C-432B-BD4F-803D708CFC36,,,,,,,,,\Microsoft\Windows\.NET Framework\.NET Framework NGEN v4.0.30319 64,System,,TaskRunEvent
2026-05-23T11:32:18.235290Z,325,dc.scaffold.htb,Microsoft-Windows-TaskScheduler,Microsoft-Windows-TaskScheduler/Operational,5053,3,,,,,,,,FA4BF049-42AA-4E75-9C0C-40369662FFEE,,,,\Microsoft\Windows\.NET Framework\.NET Framework NGEN v4.0.30319 64,,,TaskInstanceQueued
2026-05-23T11:32:18.235566Z,110,dc.scaffold.htb,Microsoft-Windows-TaskScheduler,Microsoft-Windows-TaskScheduler/Operational,5054,4,,,FA4BF049-42AA-4E75-9C0C-40369662FFEE,,,,,,,,,\Microsoft\Windows\.NET Framework\.NET Framework NGEN v4.0.30319 64,System,,TaskRunEvent
2026-05-23T11:32:18.306611Z,140,dc.scaffold.htb,Microsoft-Windows-TaskScheduler,Microsoft-Windows-TaskScheduler/Operational,5055,4,,,,,,,,,,,,\Microsoft\Windows\.NET Framework\.NET Framework NGEN v4.0.30319,,SYSTEM,TaskUpdated
2026-05-23T11:32:18.329406Z,140,dc.scaffold.htb,Microsoft-Windows-TaskScheduler,Microsoft-Windows-TaskScheduler/Operational,5056,4,,,,,,,,,,,,\Microsoft\Windows\.NET Framework\.NET Framework NGEN v4.0.30319,,SYSTEM,TaskUpdated
2026-05-23T11:32:19.943004Z,140,dc.scaffold.htb,Microsoft-Windows-TaskScheduler,Microsoft-Windows-TaskScheduler/Operational,5057,4,,,,,,,,,,,,\Microsoft\Windows\.NET Framework\.NET Framework NGEN v4.0.30319,,SYSTEM,TaskUpdated
2026-05-23T11:32:19.965220Z,140,dc.scaffold.htb,Microsoft-Windows-TaskScheduler,Microsoft-Windows-TaskScheduler/Operational,5058,4,,,,,,,,,,,,\Microsoft\Windows\.NET Framework\.NET Framework NGEN v4.0.30319,,SYSTEM,TaskUpdated
2026-05-23T11:32:21.181917Z,140,dc.scaffold.htb,Microsoft-Windows-TaskScheduler,Microsoft-Windows-TaskScheduler/Operational,5059,4,,,,,,,,,,,,\Microsoft\Windows\.NET Framework\.NET Framework NGEN v4.0.30319,,SYSTEM,TaskUpdated
2026-05-23T11:32:21.212879Z,140,dc.scaffold.htb,Microsoft-Windows-TaskScheduler,Microsoft-Windows-TaskScheduler/Operational,5060,4,,,,,,,,,,,,\Microsoft\Windows\.NET Framework\.NET Framework NGEN v4.0.30319,,SYSTEM,TaskUpdated
2026-05-23T11:32:22.281950Z,140,dc.scaffold.htb,Microsoft-Windows-TaskScheduler,Microsoft-Windows-TaskScheduler/Operational,5061,4,,,,,,,,,,,,\Microsoft\Windows\.NET Framework\.NET Framework NGEN v4.0.30319,,SYSTEM,TaskUpdated
2026-05-23T11:32:22.306454Z,140,dc.scaffold.htb,Microsoft-Windows-TaskScheduler,Microsoft-Windows-TaskScheduler/Operational,5062,4,,,,,,,,,,,,\Microsoft\Windows\.NET Framework\.NET Framework NGEN v4.0.30319,,SYSTEM,TaskUpdated
2026-05-23T11:32:23.143303Z,140,dc.scaffold.htb,Microsoft-Windows-TaskScheduler,Microsoft-Windows-TaskScheduler/Operational,5063,4,,,,,,,,,,,,\Microsoft\Windows\.NET Framework\.NET Framework NGEN v4.0.30319,,SYSTEM,TaskUpdated
2026-05-23T11:32:23.168375Z,140,dc.scaffold.htb,Microsoft-Windows-TaskScheduler,Microsoft-Windows-TaskScheduler/Operational,5064,4,,,,,,,,,,,,\Microsoft\Windows\.NET Framework\.NET Framework NGEN v4.0.30319,,SYSTEM,TaskUpdated
2026-05-23T11:32:30.072665Z,325,dc.scaffold.htb,Microsoft-Windows-TaskScheduler,Microsoft-Windows-TaskScheduler/Operational,5065,3,,,,,,,,226F91E4-C5F5-4133-9E0D-9A70EBDA790F,,,,\Microsoft\Windows\.NET Framework\.NET Framework NGEN v4.0.30319 64,,,TaskInstanceQueued
2026-05-23T11:32:30.072792Z,110,dc.scaffold.htb,Microsoft-Windows-TaskScheduler,Microsoft-Windows-TaskScheduler/Operational,5066,4,,,226F91E4-C5F5-4133-9E0D-9A70EBDA790F,,,,,,,,,\Microsoft\Windows\.NET Framework\.NET Framework NGEN v4.0.30319 64,System,,TaskRunEvent
2026-05-23T11:32:30.138092Z,325,dc.scaffold.htb,Microsoft-Windows-TaskScheduler,Microsoft-Windows-TaskScheduler/Operational,5067,3,,,,,,,,68BB000A-FB20-487A-9186-915385B6CDF1,,,,\Microsoft\Windows\.NET Framework\.NET Framework NGEN v4.0.30319 64,,,TaskInstanceQueued
2026-05-23T11:32:30.138225Z,110,dc.scaffold.htb,Microsoft-Windows-TaskScheduler,Microsoft-Windows-TaskScheduler/Operational,5068,4,,,68BB000A-FB20-487A-9186-915385B6CDF1,,,,,,,,,\Microsoft\Windows\.NET Framework\.NET Framework NGEN v4.0.30319 64,System,,TaskRunEvent
2026-05-23T11:32:30.208016Z,325,dc.scaffold.htb,Microsoft-Windows-TaskScheduler,Microsoft-Windows-TaskScheduler/Operational,5069,3,,,,,,,,B39C8475-DBFF-4839-BB75-E63559F34EC6,,,,\Microsoft\Windows\.NET Framework\.NET Framework NGEN v4.0.30319 64,,,TaskInstanceQueued
2026-05-23T11:32:30.208144Z,110,dc.scaffold.htb,Microsoft-Windows-TaskScheduler,Microsoft-Windows-TaskScheduler/Operational,5070,4,,,B39C8475-DBFF-4839-BB75-E63559F34EC6,,,,,,,,,\Microsoft\Windows\.NET Framework\.NET Framework NGEN v4.0.30319 64,System,,TaskRunEvent
2026-05-23T11:32:30.336535Z,140,dc.scaffold.htb,Microsoft-Windows-TaskScheduler,Microsoft-Windows-TaskScheduler/Operational,5071,4,,,,,,,,,,,,\Microsoft\Windows\.NET Framework\.NET Framework NGEN v4.0.30319,,SYSTEM,TaskUpdated
2026-05-23T11:32:30.370069Z,140,dc.scaffold.htb,Microsoft-Windows-TaskScheduler,Microsoft-Windows-TaskScheduler/Operational,5072,4,,,,,,,,,,,,\Microsoft\Windows\.NET Framework\.NET Framework NGEN v4.0.30319,,SYSTEM,TaskUpdated
2026-05-23T11:32:31.544409Z,140,dc.scaffold.htb,Microsoft-Windows-TaskScheduler,Microsoft-Windows-TaskScheduler/Operational,5073,4,,,,,,,,,,,,\Microsoft\Windows\.NET Framework\.NET Framework NGEN v4.0.30319,,SYSTEM,TaskUpdated
2026-05-23T11:32:31.578106Z,140,dc.scaffold.htb,Microsoft-Windows-TaskScheduler,Microsoft-Windows-TaskScheduler/Operational,5074,4,,,,,,,,,,,,\Microsoft\Windows\.NET Framework\.NET Framework NGEN v4.0.30319,,SYSTEM,TaskUpdated
2026-05-23T11:32:33.136500Z,140,dc.scaffold.htb,Microsoft-Windows-TaskScheduler,Microsoft-Windows-TaskScheduler/Operational,5075,4,,,,,,,,,,,,\Microsoft\Windows\.NET Framework\.NET Framework NGEN v4.0.30319,,SYSTEM,TaskUpdated
2026-05-23T11:32:33.165701Z,140,dc.scaffold.htb,Microsoft-Windows-TaskScheduler,Microsoft-Windows-TaskScheduler/Operational,5076,4,,,,,,,,,,,,\Microsoft\Windows\.NET Framework\.NET Framework NGEN v4.0.30319,,SYSTEM,TaskUpdated
2026-05-23T11:32:46.425022Z,325,dc.scaffold.htb,Microsoft-Windows-TaskScheduler,Microsoft-Windows-TaskScheduler/Operational,5077,3,,,,,,,,68243F75-E2F0-4681-B085-0F23991FCBCE,,,,\Microsoft\Windows\.NET Framework\.NET Framework NGEN v4.0.30319 64,,,TaskInstanceQueued
2026-05-23T11:32:46.425118Z,110,dc.scaffold.htb,Microsoft-Windows-TaskScheduler,Microsoft-Windows-TaskScheduler/Operational,5078,4,,,68243F75-E2F0-4681-B085-0F23991FCBCE,,,,,,,,,\Microsoft\Windows\.NET Framework\.NET Framework NGEN v4.0.30319 64,System,,TaskRunEvent
2026-05-23T11:32:46.473234Z,325,dc.scaffold.htb,Microsoft-Windows-TaskScheduler,Microsoft-Windows-TaskScheduler/Operational,5079,3,,,,,,,,4EEE7835-0658-44B5-B59F-F25FB84CAB3B,,,,\Microsoft\Windows\.NET Framework\.NET Framework NGEN v4.0.30319 64,,,TaskInstanceQueued
2026-05-23T11:32:46.473417Z,110,dc.scaffold.htb,Microsoft-Windows-TaskScheduler,Microsoft-Windows-TaskScheduler/Operational,5080,4,,,4EEE7835-0658-44B5-B59F-F25FB84CAB3B,,,,,,,,,\Microsoft\Windows\.NET Framework\.NET Framework NGEN v4.0.30319 64,System,,TaskRunEvent
2026-05-23T11:32:46.564913Z,325,dc.scaffold.htb,Microsoft-Windows-TaskScheduler,Microsoft-Windows-TaskScheduler/Operational,5081,3,,,,,,,,A536B95F-A4E2-4293-8639-C52E410AF9D7,,,,\Microsoft\Windows\.NET Framework\.NET Framework NGEN v4.0.30319 64,,,TaskInstanceQueued
2026-05-23T11:32:46.565074Z,110,dc.scaffold.htb,Microsoft-Windows-TaskScheduler,Microsoft-Windows-TaskScheduler/Operational,5082,4,,,A536B95F-A4E2-4293-8639-C52E410AF9D7,,,,,,,,,\Microsoft\Windows\.NET Framework\.NET Framework NGEN v4.0.30319 64,System,,TaskRunEvent
2026-05-23T11:32:46.609632Z,325,dc.scaffold.htb,Microsoft-Windows-TaskScheduler,Microsoft-Windows-TaskScheduler/Operational,5083,3,,,,,,,,A6EF09F2-C104-476B-8D8F-1813D2533686,,,,\Microsoft\Windows\.NET Framework\.NET Framework NGEN v4.0.30319 64,,,TaskInstanceQueued
2026-05-23T11:32:46.609723Z,110,dc.scaffold.htb,Microsoft-Windows-TaskScheduler,Microsoft-Windows-TaskScheduler/Operational,5084,4,,,A6EF09F2-C104-476B-8D8F-1813D2533686,,,,,,,,,\Microsoft\Windows\.NET Framework\.NET Framework NGEN v4.0.30319 64,System,,TaskRunEvent
2026-05-23T11:32:46.651600Z,325,dc.scaffold.htb,Microsoft-Windows-TaskScheduler,Microsoft-Windows-TaskScheduler/Operational,5085,3,,,,,,,,E7CFA843-D1B2-426B-97B8-E05BB4F8222C,,,,\Microsoft\Windows\.NET Framework\.NET Framework NGEN v4.0.30319 64,,,TaskInstanceQueued
2026-05-23T11:32:46.651687Z,110,dc.scaffold.htb,Microsoft-Windows-TaskScheduler,Microsoft-Windows-TaskScheduler/Operational,5086,4,,,E7CFA843-D1B2-426B-97B8-E05BB4F8222C,,,,,,,,,\Microsoft\Windows\.NET Framework\.NET Framework NGEN v4.0.30319 64,System,,TaskRunEvent
2026-05-23T11:32:46.703409Z,325,dc.scaffold.htb,Microsoft-Windows-TaskScheduler,Microsoft-Windows-TaskScheduler/Operational,5087,3,,,,,,,,CB744BFD-BC00-4D07-9709-AEBED091589D,,,,\Microsoft\Windows\.NET Framework\.NET Framework NGEN v4.0.30319 64,,,TaskInstanceQueued
2026-05-23T11:32:46.703520Z,110,dc.scaffold.htb,Microsoft-Windows-TaskScheduler,Microsoft-Windows-TaskScheduler/Operational,5088,4,,,CB744BFD-BC00-4D07-9709-AEBED091589D,,,,,,,,,\Microsoft\Windows\.NET Framework\.NET Framework NGEN v4.0.30319 64,System,,TaskRunEvent
2026-05-23T11:32:46.751303Z,325,dc.scaffold.htb,Microsoft-Windows-TaskScheduler,Microsoft-Windows-TaskScheduler/Operational,5089,3,,,,,,,,DA84B3B0-0DF2-4D7B-AB85-1B97E68D1386,,,,\Microsoft\Windows\.NET Framework\.NET Framework NGEN v4.0.30319 64,,,TaskInstanceQueued
2026-05-23T11:32:46.751389Z,110,dc.scaffold.htb,Microsoft-Windows-TaskScheduler,Microsoft-Windows-TaskScheduler/Operational,5090,4,,,DA84B3B0-0DF2-4D7B-AB85-1B97E68D1386,,,,,,,,,\Microsoft\Windows\.NET Framework\.NET Framework NGEN v4.0.30319 64,System,,TaskRunEvent
2026-05-23T11:32:46.799907Z,325,dc.scaffold.htb,Microsoft-Windows-TaskScheduler,Microsoft-Windows-TaskScheduler/Operational,5091,3,,,,,,,,252EA84F-81C0-4FCE-9ED7-03809F408786,,,,\Microsoft\Windows\.NET Framework\.NET Framework NGEN v4.0.30319 64,,,TaskInstanceQueued
2026-05-23T11:32:46.800002Z,110,dc.scaffold.htb,Microsoft-Windows-TaskScheduler,Microsoft-Windows-TaskScheduler/Operational,5092,4,,,252EA84F-81C0-4FCE-9ED7-03809F408786,,,,,,,,,\Microsoft\Windows\.NET Framework\.NET Framework NGEN v4.0.30319 64,System,,TaskRunEvent
2026-05-23T11:32:46.854205Z,325,dc.scaffold.htb,Microsoft-Windows-TaskScheduler,Microsoft-Windows-TaskScheduler/Operational,5093,3,,,,,,,,3B0D30F5-9E1A-46C8-84AE-67F49C62D4A1,,,,\Microsoft\Windows\.NET Framework\.NET Framework NGEN v4.0.30319 64,,,TaskInstanceQueued
2026-05-23T11:32:46.854294Z,110,dc.scaffold.htb,Microsoft-Windows-TaskScheduler,Microsoft-Windows-TaskScheduler/Operational,5094,4,,,3B0D30F5-9E1A-46C8-84AE-67F49C62D4A1,,,,,,,,,\Microsoft\Windows\.NET Framework\.NET Framework NGEN v4.0.30319 64,System,,TaskRunEvent
2026-05-23T11:32:46.897807Z,325,dc.scaffold.htb,Microsoft-Windows-TaskScheduler,Microsoft-Windows-TaskScheduler/Operational,5095,3,,,,,,,,F563899F-7948-48D7-89F3-A6EBA9A66A38,,,,\Microsoft\Windows\.NET Framework\.NET Framework NGEN v4.0.30319 64,,,TaskInstanceQueued
2026-05-23T11:32:46.897910Z,110,dc.scaffold.htb,Microsoft-Windows-TaskScheduler,Microsoft-Windows-TaskScheduler/Operational,5096,4,,,F563899F-7948-48D7-89F3-A6EBA9A66A38,,,,,,,,,\Microsoft\Windows\.NET Framework\.NET Framework NGEN v4.0.30319 64,System,,TaskRunEvent
2026-05-23T11:32:46.949800Z,325,dc.scaffold.htb,Microsoft-Windows-TaskScheduler,Microsoft-Windows-TaskScheduler/Operational,5097,3,,,,,,,,5BF321CE-3286-4ECC-B05A-A2568D044A25,,,,\Microsoft\Windows\.NET Framework\.NET Framework NGEN v4.0.30319 64,,,TaskInstanceQueued
2026-05-23T11:32:46.949928Z,110,dc.scaffold.htb,Microsoft-Windows-TaskScheduler,Microsoft-Windows-TaskScheduler/Operational,5098,4,,,5BF321CE-3286-4ECC-B05A-A2568D044A25,,,,,,,,,\Microsoft\Windows\.NET Framework\.NET Framework NGEN v4.0.30319 64,System,,TaskRunEvent
2026-05-23T11:32:47.001070Z,325,dc.scaffold.htb,Microsoft-Windows-TaskScheduler,Microsoft-Windows-TaskScheduler/Operational,5099,3,,,,,,,,8B347FF4-F8A3-4DDE-8E66-C88AE6FC5B6E,,,,\Microsoft\Windows\.NET Framework\.NET Framework NGEN v4.0.30319 64,,,TaskInstanceQueued
2026-05-23T11:32:47.001184Z,110,dc.scaffold.htb,Microsoft-Windows-TaskScheduler,Microsoft-Windows-TaskScheduler/Operational,5100,4,,,8B347FF4-F8A3-4DDE-8E66-C88AE6FC5B6E,,,,,,,,,\Microsoft\Windows\.NET Framework\.NET Framework NGEN v4.0.30319 64,System,,TaskRunEvent
2026-05-23T11:32:47.054481Z,325,dc.scaffold.htb,Microsoft-Windows-TaskScheduler,Microsoft-Windows-TaskScheduler/Operational,5101,3,,,,,,,,0C2A6F1A-DD31-4C9A-A9AA-5EC1207D1866,,,,\Microsoft\Windows\.NET Framework\.NET Framework NGEN v4.0.30319 64,,,TaskInstanceQueued
2026-05-23T11:32:47.054663Z,110,dc.scaffold.htb,Microsoft-Windows-TaskScheduler,Microsoft-Windows-TaskScheduler/Operational,5102,4,,,0C2A6F1A-DD31-4C9A-A9AA-5EC1207D1866,,,,,,,,,\Microsoft\Windows\.NET Framework\.NET Framework NGEN v4.0.30319 64,System,,TaskRunEvent
2026-05-23T11:32:47.127078Z,325,dc.scaffold.htb,Microsoft-Windows-TaskScheduler,Microsoft-Windows-TaskScheduler/Operational,5103,3,,,,,,,,4BD82915-1EC4-4334-A630-897F33837DDA,,,,\Microsoft\Windows\.NET Framework\.NET Framework NGEN v4.0.30319 64,,,TaskInstanceQueued
2026-05-23T11:32:47.127275Z,110,dc.scaffold.htb,Microsoft-Windows-TaskScheduler,Microsoft-Windows-TaskScheduler/Operational,5104,4,,,4BD82915-1EC4-4334-A630-897F33837DDA,,,,,,,,,\Microsoft\Windows\.NET Framework\.NET Framework NGEN v4.0.30319 64,System,,TaskRunEvent
2026-05-23T11:32:47.188018Z,325,dc.scaffold.htb,Microsoft-Windows-TaskScheduler,Microsoft-Windows-TaskScheduler/Operational,5105,3,,,,,,,,78C8DD3C-BF28-4F4E-9156-C2E59D9A57B0,,,,\Microsoft\Windows\.NET Framework\.NET Framework NGEN v4.0.30319 64,,,TaskInstanceQueued
2026-05-23T11:32:47.188158Z,110,dc.scaffold.htb,Microsoft-Windows-TaskScheduler,Microsoft-Windows-TaskScheduler/Operational,5106,4,,,78C8DD3C-BF28-4F4E-9156-C2E59D9A57B0,,,,,,,,,\Microsoft\Windows\.NET Framework\.NET Framework NGEN v4.0.30319 64,System,,TaskRunEvent
2026-05-23T11:32:47.257063Z,325,dc.scaffold.htb,Microsoft-Windows-TaskScheduler,Microsoft-Windows-TaskScheduler/Operational,5107,3,,,,,,,,758C4476-AB83-4F1B-8755-3E7ECD340C22,,,,\Microsoft\Windows\.NET Framework\.NET Framework NGEN v4.0.30319 64,,,TaskInstanceQueued
2026-05-23T11:32:47.257171Z,110,dc.scaffold.htb,Microsoft-Windows-TaskScheduler,Microsoft-Windows-TaskScheduler/Operational,5108,4,,,758C4476-AB83-4F1B-8755-3E7ECD340C22,,,,,,,,,\Microsoft\Windows\.NET Framework\.NET Framework NGEN v4.0.30319 64,System,,TaskRunEvent
2026-05-23T11:32:47.308844Z,325,dc.scaffold.htb,Microsoft-Windows-TaskScheduler,Microsoft-Windows-TaskScheduler/Operational,5109,3,,,,,,,,9E37F19C-9246-4874-A814-8BE0D3D3BF48,,,,\Microsoft\Windows\.NET Framework\.NET Framework NGEN v4.0.30319 64,,,TaskInstanceQueued
2026-05-23T11:32:47.308955Z,110,dc.scaffold.htb,Microsoft-Windows-TaskScheduler,Microsoft-Windows-TaskScheduler/Operational,5110,4,,,9E37F19C-9246-4874-A814-8BE0D3D3BF48,,,,,,,,,\Microsoft\Windows\.NET Framework\.NET Framework NGEN v4.0.30319 64,System,,TaskRunEvent
2026-05-23T11:32:47.357552Z,325,dc.scaffold.htb,Microsoft-Windows-TaskScheduler,Microsoft-Windows-TaskScheduler/Operational,5111,3,,,,,,,,38B1517D-28FA-406D-85EF-4B1A0752207E,,,,\Microsoft\Windows\.NET Framework\.NET Framework NGEN v4.0.30319 64,,,TaskInstanceQueued
2026-05-23T11:32:47.357668Z,110,dc.scaffold.htb,Microsoft-Windows-TaskScheduler,Microsoft-Windows-TaskScheduler/Operational,5112,4,,,38B1517D-28FA-406D-85EF-4B1A0752207E,,,,,,,,,\Microsoft\Windows\.NET Framework\.NET Framework NGEN v4.0.30319 64,System,,TaskRunEvent
2026-05-23T11:32:47.409765Z,325,dc.scaffold.htb,Microsoft-Windows-TaskScheduler,Microsoft-Windows-TaskScheduler/Operational,5113,3,,,,,,,,3D718BFA-592E-4659-8D17-397B254EB27F,,,,\Microsoft\Windows\.NET Framework\.NET Framework NGEN v4.0.30319 64,,,TaskInstanceQueued
2026-05-23T11:32:47.409920Z,110,dc.scaffold.htb,Microsoft-Windows-TaskScheduler,Microsoft-Windows-TaskScheduler/Operational,5114,4,,,3D718BFA-592E-4659-8D17-397B254EB27F,,,,,,,,,\Microsoft\Windows\.NET Framework\.NET Framework NGEN v4.0.30319 64,System,,TaskRunEvent
2026-05-23T11:32:47.459693Z,325,dc.scaffold.htb,Microsoft-Windows-TaskScheduler,Microsoft-Windows-TaskScheduler/Operational,5115,3,,,,,,,,E0CFC026-7E82-400D-8A08-D600AB2653ED,,,,\Microsoft\Windows\.NET Framework\.NET Framework NGEN v4.0.30319 64,,,TaskInstanceQueued
2026-05-23T11:32:47.459801Z,110,dc.scaffold.htb,Microsoft-Windows-TaskScheduler,Microsoft-Windows-TaskScheduler/Operational,5116,4,,,E0CFC026-7E82-400D-8A08-D600AB2653ED,,,,,,,,,\Microsoft\Windows\.NET Framework\.NET Framework NGEN v4.0.30319 64,System,,TaskRunEvent
2026-05-23T11:32:47.508184Z,325,dc.scaffold.htb,Microsoft-Windows-TaskScheduler,Microsoft-Windows-TaskScheduler/Operational,5117,3,,,,,,,,A9CBB419-5172-4F61-822A-7EC07C51926B,,,,\Microsoft\Windows\.NET Framework\.NET Framework NGEN v4.0.30319 64,,,TaskInstanceQueued
2026-05-23T11:32:47.508308Z,110,dc.scaffold.htb,Microsoft-Windows-TaskScheduler,Microsoft-Windows-TaskScheduler/Operational,5118,4,,,A9CBB419-5172-4F61-822A-7EC07C51926B,,,,,,,,,\Microsoft\Windows\.NET Framework\.NET Framework NGEN v4.0.30319 64,System,,TaskRunEvent
2026-05-23T11:32:47.561730Z,325,dc.scaffold.htb,Microsoft-Windows-TaskScheduler,Microsoft-Windows-TaskScheduler/Operational,5119,3,,,,,,,,67DB65A9-A247-4A76-8235-0D1B4A04FF9E,,,,\Microsoft\Windows\.NET Framework\.NET Framework NGEN v4.0.30319 64,,,TaskInstanceQueued
2026-05-23T11:32:47.561838Z,110,dc.scaffold.htb,Microsoft-Windows-TaskScheduler,Microsoft-Windows-TaskScheduler/Operational,5120,4,,,67DB65A9-A247-4A76-8235-0D1B4A04FF9E,,,,,,,,,\Microsoft\Windows\.NET Framework\.NET Framework NGEN v4.0.30319 64,System,,TaskRunEvent
2026-05-23T11:32:47.612609Z,325,dc.scaffold.htb,Microsoft-Windows-TaskScheduler,Microsoft-Windows-TaskScheduler/Operational,5121,3,,,,,,,,2EDB032C-59F9-4FFF-854A-706FCD1B16A9,,,,\Microsoft\Windows\.NET Framework\.NET Framework NGEN v4.0.30319 64,,,TaskInstanceQueued
2026-05-23T11:32:47.612709Z,110,dc.scaffold.htb,Microsoft-Windows-TaskScheduler,Microsoft-Windows-TaskScheduler/Operational,5122,4,,,2EDB032C-59F9-4FFF-854A-706FCD1B16A9,,,,,,,,,\Microsoft\Windows\.NET Framework\.NET Framework NGEN v4.0.30319 64,System,,TaskRunEvent
2026-05-23T11:32:47.662027Z,325,dc.scaffold.htb,Microsoft-Windows-TaskScheduler,Microsoft-Windows-TaskScheduler/Operational,5123,3,,,,,,,,DF7EE135-B530-47D5-8898-C3C149BA4D1E,,,,\Microsoft\Windows\.NET Framework\.NET Framework NGEN v4.0.30319 64,,,TaskInstanceQueued
2026-05-23T11:32:47.662124Z,110,dc.scaffold.htb,Microsoft-Windows-TaskScheduler,Microsoft-Windows-TaskScheduler/Operational,5124,4,,,DF7EE135-B530-47D5-8898-C3C149BA4D1E,,,,,,,,,\Microsoft\Windows\.NET Framework\.NET Framework NGEN v4.0.30319 64,System,,TaskRunEvent
2026-05-23T11:32:47.726430Z,325,dc.scaffold.htb,Microsoft-Windows-TaskScheduler,Microsoft-Windows-TaskScheduler/Operational,5125,3,,,,,,,,47E4E2C4-9B06-452C-BB1B-EA936AAFF108,,,,\Microsoft\Windows\.NET Framework\.NET Framework NGEN v4.0.30319 64,,,TaskInstanceQueued
2026-05-23T11:32:47.726555Z,110,dc.scaffold.htb,Microsoft-Windows-TaskScheduler,Microsoft-Windows-TaskScheduler/Operational,5126,4,,,47E4E2C4-9B06-452C-BB1B-EA936AAFF108,,,,,,,,,\Microsoft\Windows\.NET Framework\.NET Framework NGEN v4.0.30319 64,System,,TaskRunEvent
2026-05-23T11:32:47.787838Z,325,dc.scaffold.htb,Microsoft-Windows-TaskScheduler,Microsoft-Windows-TaskScheduler/Operational,5127,3,,,,,,,,8B77CABB-AF3E-4652-8305-5D9EF3306442,,,,\Microsoft\Windows\.NET Framework\.NET Framework NGEN v4.0.30319 64,,,TaskInstanceQueued
2026-05-23T11:32:47.787955Z,110,dc.scaffold.htb,Microsoft-Windows-TaskScheduler,Microsoft-Windows-TaskScheduler/Operational,5128,4,,,8B77CABB-AF3E-4652-8305-5D9EF3306442,,,,,,,,,\Microsoft\Windows\.NET Framework\.NET Framework NGEN v4.0.30319 64,System,,TaskRunEvent
2026-05-23T11:32:47.865054Z,325,dc.scaffold.htb,Microsoft-Windows-TaskScheduler,Microsoft-Windows-TaskScheduler/Operational,5129,3,,,,,,,,81BB19D1-7DFB-454F-BD81-F1191085D791,,,,\Microsoft\Windows\.NET Framework\.NET Framework NGEN v4.0.30319 64,,,TaskInstanceQueued
2026-05-23T11:32:47.865311Z,110,dc.scaffold.htb,Microsoft-Windows-TaskScheduler,Microsoft-Windows-TaskScheduler/Operational,5130,4,,,81BB19D1-7DFB-454F-BD81-F1191085D791,,,,,,,,,\Microsoft\Windows\.NET Framework\.NET Framework NGEN v4.0.30319 64,System,,TaskRunEvent
2026-05-23T11:32:47.973048Z,325,dc.scaffold.htb,Microsoft-Windows-TaskScheduler,Microsoft-Windows-TaskScheduler/Operational,5131,3,,,,,,,,25022BA3-33FB-4B11-8F19-389E1654127F,,,,\Microsoft\Windows\.NET Framework\.NET Framework NGEN v4.0.30319 64,,,TaskInstanceQueued
2026-05-23T11:32:47.973152Z,110,dc.scaffold.htb,Microsoft-Windows-TaskScheduler,Microsoft-Windows-TaskScheduler/Operational,5132,4,,,25022BA3-33FB-4B11-8F19-389E1654127F,,,,,,,,,\Microsoft\Windows\.NET Framework\.NET Framework NGEN v4.0.30319 64,System,,TaskRunEvent
2026-05-23T11:32:48.023002Z,325,dc.scaffold.htb,Microsoft-Windows-TaskScheduler,Microsoft-Windows-TaskScheduler/Operational,5133,3,,,,,,,,5F100BAA-DB33-4CF5-9B5C-11BC97FEE073,,,,\Microsoft\Windows\.NET Framework\.NET Framework NGEN v4.0.30319 64,,,TaskInstanceQueued
2026-05-23T11:32:48.023176Z,110,dc.scaffold.htb,Microsoft-Windows-TaskScheduler,Microsoft-Windows-TaskScheduler/Operational,5134,4,,,5F100BAA-DB33-4CF5-9B5C-11BC97FEE073,,,,,,,,,\Microsoft\Windows\.NET Framework\.NET Framework NGEN v4.0.30319 64,System,,TaskRunEvent
2026-05-23T11:32:48.073288Z,325,dc.scaffold.htb,Microsoft-Windows-TaskScheduler,Microsoft-Windows-TaskScheduler/Operational,5135,3,,,,,,,,654B62EA-B970-4C85-A7C5-EE44B73D4292,,,,\Microsoft\Windows\.NET Framework\.NET Framework NGEN v4.0.30319 64,,,TaskInstanceQueued
2026-05-23T11:32:48.073391Z,110,dc.scaffold.htb,Microsoft-Windows-TaskScheduler,Microsoft-Windows-TaskScheduler/Operational,5136,4,,,654B62EA-B970-4C85-A7C5-EE44B73D4292,,,,,,,,,\Microsoft\Windows\.NET Framework\.NET Framework NGEN v4.0.30319 64,System,,TaskRunEvent
2026-05-23T11:32:48.120943Z,325,dc.scaffold.htb,Microsoft-Windows-TaskScheduler,Microsoft-Windows-TaskScheduler/Operational,5137,3,,,,,,,,CD7E87B5-E622-4151-8D6A-F5AF64C201DC,,,,\Microsoft\Windows\.NET Framework\.NET Framework NGEN v4.0.30319 64,,,TaskInstanceQueued
2026-05-23T11:32:48.121042Z,110,dc.scaffold.htb,Microsoft-Windows-TaskScheduler,Microsoft-Windows-TaskScheduler/Operational,5138,4,,,CD7E87B5-E622-4151-8D6A-F5AF64C201DC,,,,,,,,,\Microsoft\Windows\.NET Framework\.NET Framework NGEN v4.0.30319 64,System,,TaskRunEvent
2026-05-23T11:32:48.169986Z,325,dc.scaffold.htb,Microsoft-Windows-TaskScheduler,Microsoft-Windows-TaskScheduler/Operational,5139,3,,,,,,,,8D3675B8-4F24-4AF0-9A11-F3D7B8FE62BF,,,,\Microsoft\Windows\.NET Framework\.NET Framework NGEN v4.0.30319 64,,,TaskInstanceQueued
2026-05-23T11:32:48.170117Z,110,dc.scaffold.htb,Microsoft-Windows-TaskScheduler,Microsoft-Windows-TaskScheduler/Operational,5140,4,,,8D3675B8-4F24-4AF0-9A11-F3D7B8FE62BF,,,,,,,,,\Microsoft\Windows\.NET Framework\.NET Framework NGEN v4.0.30319 64,System,,TaskRunEvent
2026-05-23T11:32:48.219534Z,325,dc.scaffold.htb,Microsoft-Windows-TaskScheduler,Microsoft-Windows-TaskScheduler/Operational,5141,3,,,,,,,,EA3C141C-D8C4-4877-9720-E2E5C3DD7181,,,,\Microsoft\Windows\.NET Framework\.NET Framework NGEN v4.0.30319 64,,,TaskInstanceQueued
2026-05-23T11:32:48.219638Z,110,dc.scaffold.htb,Microsoft-Windows-TaskScheduler,Microsoft-Windows-TaskScheduler/Operational,5142,4,,,EA3C141C-D8C4-4877-9720-E2E5C3DD7181,,,,,,,,,\Microsoft\Windows\.NET Framework\.NET Framework NGEN v4.0.30319 64,System,,TaskRunEvent
2026-05-23T11:32:48.265472Z,325,dc.scaffold.htb,Microsoft-Windows-TaskScheduler,Microsoft-Windows-TaskScheduler/Operational,5143,3,,,,,,,,34D2120D-9F1B-4B67-8700-D834DB0C0177,,,,\Microsoft\Windows\.NET Framework\.NET Framework NGEN v4.0.30319 64,,,TaskInstanceQueued
2026-05-23T11:32:48.265627Z,110,dc.scaffold.htb,Microsoft-Windows-TaskScheduler,Microsoft-Windows-TaskScheduler/Operational,5144,4,,,34D2120D-9F1B-4B67-8700-D834DB0C0177,,,,,,,,,\Microsoft\Windows\.NET Framework\.NET Framework NGEN v4.0.30319 64,System,,TaskRunEvent
2026-05-23T11:32:48.315288Z,325,dc.scaffold.htb,Microsoft-Windows-TaskScheduler,Microsoft-Windows-TaskScheduler/Operational,5145,3,,,,,,,,1E4A2A83-04C4-44EE-93BB-C85F72272963,,,,\Microsoft\Windows\.NET Framework\.NET Framework NGEN v4.0.30319 64,,,TaskInstanceQueued
2026-05-23T11:32:48.315402Z,110,dc.scaffold.htb,Microsoft-Windows-TaskScheduler,Microsoft-Windows-TaskScheduler/Operational,5146,4,,,1E4A2A83-04C4-44EE-93BB-C85F72272963,,,,,,,,,\Microsoft\Windows\.NET Framework\.NET Framework NGEN v4.0.30319 64,System,,TaskRunEvent
2026-05-23T11:32:48.365719Z,325,dc.scaffold.htb,Microsoft-Windows-TaskScheduler,Microsoft-Windows-TaskScheduler/Operational,5147,3,,,,,,,,EC804C53-EE17-43FA-BEBD-DEF82982ADEB,,,,\Microsoft\Windows\.NET Framework\.NET Framework NGEN v4.0.30319 64,,,TaskInstanceQueued
2026-05-23T11:32:48.365833Z,110,dc.scaffold.htb,Microsoft-Windows-TaskScheduler,Microsoft-Windows-TaskScheduler/Operational,5148,4,,,EC804C53-EE17-43FA-BEBD-DEF82982ADEB,,,,,,,,,\Microsoft\Windows\.NET Framework\.NET Framework NGEN v4.0.30319 64,System,,TaskRunEvent
2026-05-23T11:32:48.413798Z,325,dc.scaffold.htb,Microsoft-Windows-TaskScheduler,Microsoft-Windows-TaskScheduler/Operational,5149,3,,,,,,,,C6A46AD8-ADC2-4825-8B9D-EF640C37B2D8,,,,\Microsoft\Windows\.NET Framework\.NET Framework NGEN v4.0.30319 64,,,TaskInstanceQueued
2026-05-23T11:32:48.413895Z,110,dc.scaffold.htb,Microsoft-Windows-TaskScheduler,Microsoft-Windows-TaskScheduler/Operational,5150,4,,,C6A46AD8-ADC2-4825-8B9D-EF640C37B2D8,,,,,,,,,\Microsoft\Windows\.NET Framework\.NET Framework NGEN v4.0.30319 64,System,,TaskRunEvent
2026-05-23T11:32:48.472683Z,325,dc.scaffold.htb,Microsoft-Windows-TaskScheduler,Microsoft-Windows-TaskScheduler/Operational,5151,3,,,,,,,,A008D409-4802-4FD5-979A-0AF5B146321B,,,,\Microsoft\Windows\.NET Framework\.NET Framework NGEN v4.0.30319 64,,,TaskInstanceQueued
2026-05-23T11:32:48.472770Z,110,dc.scaffold.htb,Microsoft-Windows-TaskScheduler,Microsoft-Windows-TaskScheduler/Operational,5152,4,,,A008D409-4802-4FD5-979A-0AF5B146321B,,,,,,,,,\Microsoft\Windows\.NET Framework\.NET Framework NGEN v4.0.30319 64,System,,TaskRunEvent
2026-05-23T11:32:48.520099Z,325,dc.scaffold.htb,Microsoft-Windows-TaskScheduler,Microsoft-Windows-TaskScheduler/Operational,5153,3,,,,,,,,9DEF8004-CD9B-481F-B853-49A6FA7571BC,,,,\Microsoft\Windows\.NET Framework\.NET Framework NGEN v4.0.30319 64,,,TaskInstanceQueued
2026-05-23T11:32:48.520227Z,110,dc.scaffold.htb,Microsoft-Windows-TaskScheduler,Microsoft-Windows-TaskScheduler/Operational,5154,4,,,9DEF8004-CD9B-481F-B853-49A6FA7571BC,,,,,,,,,\Microsoft\Windows\.NET Framework\.NET Framework NGEN v4.0.30319 64,System,,TaskRunEvent
2026-05-23T11:32:48.570328Z,325,dc.scaffold.htb,Microsoft-Windows-TaskScheduler,Microsoft-Windows-TaskScheduler/Operational,5155,3,,,,,,,,A566C2F6-D665-4E51-99BA-EBEF153784C2,,,,\Microsoft\Windows\.NET Framework\.NET Framework NGEN v4.0.30319 64,,,TaskInstanceQueued
2026-05-23T11:32:48.570436Z,110,dc.scaffold.htb,Microsoft-Windows-TaskScheduler,Microsoft-Windows-TaskScheduler/Operational,5156,4,,,A566C2F6-D665-4E51-99BA-EBEF153784C2,,,,,,,,,\Microsoft\Windows\.NET Framework\.NET Framework NGEN v4.0.30319 64,System,,TaskRunEvent
2026-05-23T11:32:48.621030Z,325,dc.scaffold.htb,Microsoft-Windows-TaskScheduler,Microsoft-Windows-TaskScheduler/Operational,5157,3,,,,,,,,EDAA885C-252F-4D2C-9EEF-B88B38F657E1,,,,\Microsoft\Windows\.NET Framework\.NET Framework NGEN v4.0.30319 64,,,TaskInstanceQueued
2026-05-23T11:32:48.621138Z,110,dc.scaffold.htb,Microsoft-Windows-TaskScheduler,Microsoft-Windows-TaskScheduler/Operational,5158,4,,,EDAA885C-252F-4D2C-9EEF-B88B38F657E1,,,,,,,,,\Microsoft\Windows\.NET Framework\.NET Framework NGEN v4.0.30319 64,System,,TaskRunEvent
2026-05-23T11:32:48.666748Z,325,dc.scaffold.htb,Microsoft-Windows-TaskScheduler,Microsoft-Windows-TaskScheduler/Operational,5159,3,,,,,,,,D6F393CC-56A6-47B1-848B-6E43695EAB56,,,,\Microsoft\Windows\.NET Framework\.NET Framework NGEN v4.0.30319 64,,,TaskInstanceQueued
2026-05-23T11:32:48.666851Z,110,dc.scaffold.htb,Microsoft-Windows-TaskScheduler,Microsoft-Windows-TaskScheduler/Operational,5160,4,,,D6F393CC-56A6-47B1-848B-6E43695EAB56,,,,,,,,,\Microsoft\Windows\.NET Framework\.NET Framework NGEN v4.0.30319 64,System,,TaskRunEvent
2026-05-23T11:32:48.722270Z,325,dc.scaffold.htb,Microsoft-Windows-TaskScheduler,Microsoft-Windows-TaskScheduler/Operational,5161,3,,,,,,,,37C14A79-773B-4D51-A15C-3927B02F1C83,,,,\Microsoft\Windows\.NET Framework\.NET Framework NGEN v4.0.30319 64,,,TaskInstanceQueued
2026-05-23T11:32:48.722376Z,110,dc.scaffold.htb,Microsoft-Windows-TaskScheduler,Microsoft-Windows-TaskScheduler/Operational,5162,4,,,37C14A79-773B-4D51-A15C-3927B02F1C83,,,,,,,,,\Microsoft\Windows\.NET Framework\.NET Framework NGEN v4.0.30319 64,System,,TaskRunEvent
2026-05-23T11:32:48.768889Z,325,dc.scaffold.htb,Microsoft-Windows-TaskScheduler,Microsoft-Windows-TaskScheduler/Operational,5163,3,,,,,,,,F9AC1412-EFA4-4999-86E5-7634C737AA00,,,,\Microsoft\Windows\.NET Framework\.NET Framework NGEN v4.0.30319 64,,,TaskInstanceQueued
2026-05-23T11:32:48.768994Z,110,dc.scaffold.htb,Microsoft-Windows-TaskScheduler,Microsoft-Windows-TaskScheduler/Operational,5164,4,,,F9AC1412-EFA4-4999-86E5-7634C737AA00,,,,,,,,,\Microsoft\Windows\.NET Framework\.NET Framework NGEN v4.0.30319 64,System,,TaskRunEvent
2026-05-23T11:32:48.817544Z,325,dc.scaffold.htb,Microsoft-Windows-TaskScheduler,Microsoft-Windows-TaskScheduler/Operational,5165,3,,,,,,,,FEF874C6-542C-4BDD-9D16-BC9C964621CC,,,,\Microsoft\Windows\.NET Framework\.NET Framework NGEN v4.0.30319 64,,,TaskInstanceQueued
2026-05-23T11:32:48.817658Z,110,dc.scaffold.htb,Microsoft-Windows-TaskScheduler,Microsoft-Windows-TaskScheduler/Operational,5166,4,,,FEF874C6-542C-4BDD-9D16-BC9C964621CC,,,,,,,,,\Microsoft\Windows\.NET Framework\.NET Framework NGEN v4.0.30319 64,System,,TaskRunEvent
2026-05-23T11:32:48.870438Z,325,dc.scaffold.htb,Microsoft-Windows-TaskScheduler,Microsoft-Windows-TaskScheduler/Operational,5167,3,,,,,,,,D46802FD-5C0B-46E1-8868-F3C2F2638488,,,,\Microsoft\Windows\.NET Framework\.NET Framework NGEN v4.0.30319 64,,,TaskInstanceQueued
2026-05-23T11:32:48.870555Z,110,dc.scaffold.htb,Microsoft-Windows-TaskScheduler,Microsoft-Windows-TaskScheduler/Operational,5168,4,,,D46802FD-5C0B-46E1-8868-F3C2F2638488,,,,,,,,,\Microsoft\Windows\.NET Framework\.NET Framework NGEN v4.0.30319 64,System,,TaskRunEvent
2026-05-23T11:32:48.916114Z,325,dc.scaffold.htb,Microsoft-Windows-TaskScheduler,Microsoft-Windows-TaskScheduler/Operational,5169,3,,,,,,,,BBB6F024-15A1-4F48-B1DE-D8635AC60BD5,,,,\Microsoft\Windows\.NET Framework\.NET Framework NGEN v4.0.30319 64,,,TaskInstanceQueued
2026-05-23T11:32:48.916210Z,110,dc.scaffold.htb,Microsoft-Windows-TaskScheduler,Microsoft-Windows-TaskScheduler/Operational,5170,4,,,BBB6F024-15A1-4F48-B1DE-D8635AC60BD5,,,,,,,,,\Microsoft\Windows\.NET Framework\.NET Framework NGEN v4.0.30319 64,System,,TaskRunEvent
2026-05-23T11:32:48.968281Z,325,dc.scaffold.htb,Microsoft-Windows-TaskScheduler,Microsoft-Windows-TaskScheduler/Operational,5171,3,,,,,,,,7C67DC44-1760-4139-8373-B1CB0408564B,,,,\Microsoft\Windows\.NET Framework\.NET Framework NGEN v4.0.30319 64,,,TaskInstanceQueued
2026-05-23T11:32:48.968389Z,110,dc.scaffold.htb,Microsoft-Windows-TaskScheduler,Microsoft-Windows-TaskScheduler/Operational,5172,4,,,7C67DC44-1760-4139-8373-B1CB0408564B,,,,,,,,,\Microsoft\Windows\.NET Framework\.NET Framework NGEN v4.0.30319 64,System,,TaskRunEvent
2026-05-23T11:32:49.015838Z,325,dc.scaffold.htb,Microsoft-Windows-TaskScheduler,Microsoft-Windows-TaskScheduler/Operational,5173,3,,,,,,,,119093D6-B9DF-4D35-9D3D-CEB84F6B0C0A,,,,\Microsoft\Windows\.NET Framework\.NET Framework NGEN v4.0.30319 64,,,TaskInstanceQueued
2026-05-23T11:32:49.015942Z,110,dc.scaffold.htb,Microsoft-Windows-TaskScheduler,Microsoft-Windows-TaskScheduler/Operational,5174,4,,,119093D6-B9DF-4D35-9D3D-CEB84F6B0C0A,,,,,,,,,\Microsoft\Windows\.NET Framework\.NET Framework NGEN v4.0.30319 64,System,,TaskRunEvent
2026-05-23T11:32:49.064498Z,325,dc.scaffold.htb,Microsoft-Windows-TaskScheduler,Microsoft-Windows-TaskScheduler/Operational,5175,3,,,,,,,,7211F214-82F0-4F3E-AC1A-75C90E7D42BD,,,,\Microsoft\Windows\.NET Framework\.NET Framework NGEN v4.0.30319 64,,,TaskInstanceQueued
2026-05-23T11:32:49.064609Z,110,dc.scaffold.htb,Microsoft-Windows-TaskScheduler,Microsoft-Windows-TaskScheduler/Operational,5176,4,,,7211F214-82F0-4F3E-AC1A-75C90E7D42BD,,,,,,,,,\Microsoft\Windows\.NET Framework\.NET Framework NGEN v4.0.30319 64,System,,TaskRunEvent
2026-05-23T11:32:49.117687Z,325,dc.scaffold.htb,Microsoft-Windows-TaskScheduler,Microsoft-Windows-TaskScheduler/Operational,5177,3,,,,,,,,B301033D-03DD-4040-8B79-C86443760958,,,,\Microsoft\Windows\.NET Framework\.NET Framework NGEN v4.0.30319 64,,,TaskInstanceQueued
2026-05-23T11:32:49.117792Z,110,dc.scaffold.htb,Microsoft-Windows-TaskScheduler,Microsoft-Windows-TaskScheduler/Operational,5178,4,,,B301033D-03DD-4040-8B79-C86443760958,,,,,,,,,\Microsoft\Windows\.NET Framework\.NET Framework NGEN v4.0.30319 64,System,,TaskRunEvent
2026-05-23T11:32:49.187201Z,325,dc.scaffold.htb,Microsoft-Windows-TaskScheduler,Microsoft-Windows-TaskScheduler/Operational,5179,3,,,,,,,,1C468A83-4195-4FA3-ABE0-62E114A2A31C,,,,\Microsoft\Windows\.NET Framework\.NET Framework NGEN v4.0.30319 64,,,TaskInstanceQueued
2026-05-23T11:32:49.187407Z,110,dc.scaffold.htb,Microsoft-Windows-TaskScheduler,Microsoft-Windows-TaskScheduler/Operational,5180,4,,,1C468A83-4195-4FA3-ABE0-62E114A2A31C,,,,,,,,,\Microsoft\Windows\.NET Framework\.NET Framework NGEN v4.0.30319 64,System,,TaskRunEvent
2026-05-23T11:32:49.254267Z,325,dc.scaffold.htb,Microsoft-Windows-TaskScheduler,Microsoft-Windows-TaskScheduler/Operational,5181,3,,,,,,,,C11BE572-7E78-4BD5-8D96-03CBA1825340,,,,\Microsoft\Windows\.NET Framework\.NET Framework NGEN v4.0.30319 64,,,TaskInstanceQueued
2026-05-23T11:32:49.254434Z,110,dc.scaffold.htb,Microsoft-Windows-TaskScheduler,Microsoft-Windows-TaskScheduler/Operational,5182,4,,,C11BE572-7E78-4BD5-8D96-03CBA1825340,,,,,,,,,\Microsoft\Windows\.NET Framework\.NET Framework NGEN v4.0.30319 64,System,,TaskRunEvent
2026-05-23T11:32:49.320121Z,325,dc.scaffold.htb,Microsoft-Windows-TaskScheduler,Microsoft-Windows-TaskScheduler/Operational,5183,3,,,,,,,,FF1E9E38-FD0B-480F-96EA-09BA021885D7,,,,\Microsoft\Windows\.NET Framework\.NET Framework NGEN v4.0.30319 64,,,TaskInstanceQueued
2026-05-23T11:32:49.320219Z,110,dc.scaffold.htb,Microsoft-Windows-TaskScheduler,Microsoft-Windows-TaskScheduler/Operational,5184,4,,,FF1E9E38-FD0B-480F-96EA-09BA021885D7,,,,,,,,,\Microsoft\Windows\.NET Framework\.NET Framework NGEN v4.0.30319 64,System,,TaskRunEvent
2026-05-23T11:32:49.370129Z,325,dc.scaffold.htb,Microsoft-Windows-TaskScheduler,Microsoft-Windows-TaskScheduler/Operational,5185,3,,,,,,,,7C804FF8-9BA9-4FD4-B86A-50E7A876D6CB,,,,\Microsoft\Windows\.NET Framework\.NET Framework NGEN v4.0.30319 64,,,TaskInstanceQueued
2026-05-23T11:32:49.370235Z,110,dc.scaffold.htb,Microsoft-Windows-TaskScheduler,Microsoft-Windows-TaskScheduler/Operational,5186,4,,,7C804FF8-9BA9-4FD4-B86A-50E7A876D6CB,,,,,,,,,\Microsoft\Windows\.NET Framework\.NET Framework NGEN v4.0.30319 64,System,,TaskRunEvent
2026-05-23T11:32:49.423945Z,325,dc.scaffold.htb,Microsoft-Windows-TaskScheduler,Microsoft-Windows-TaskScheduler/Operational,5187,3,,,,,,,,AE141403-07ED-4933-9CF0-64366D1843D8,,,,\Microsoft\Windows\.NET Framework\.NET Framework NGEN v4.0.30319 64,,,TaskInstanceQueued
2026-05-23T11:32:49.424070Z,110,dc.scaffold.htb,Microsoft-Windows-TaskScheduler,Microsoft-Windows-TaskScheduler/Operational,5188,4,,,AE141403-07ED-4933-9CF0-64366D1843D8,,,,,,,,,\Microsoft\Windows\.NET Framework\.NET Framework NGEN v4.0.30319 64,System,,TaskRunEvent
2026-05-23T11:32:49.480381Z,325,dc.scaffold.htb,Microsoft-Windows-TaskScheduler,Microsoft-Windows-TaskScheduler/Operational,5189,3,,,,,,,,DD4F1B33-01AA-4F6C-81AD-FD2DDF3B03B2,,,,\Microsoft\Windows\.NET Framework\.NET Framework NGEN v4.0.30319 64,,,TaskInstanceQueued
2026-05-23T11:32:49.480485Z,110,dc.scaffold.htb,Microsoft-Windows-TaskScheduler,Microsoft-Windows-TaskScheduler/Operational,5190,4,,,DD4F1B33-01AA-4F6C-81AD-FD2DDF3B03B2,,,,,,,,,\Microsoft\Windows\.NET Framework\.NET Framework NGEN v4.0.30319 64,System,,TaskRunEvent
2026-05-23T11:32:49.527486Z,325,dc.scaffold.htb,Microsoft-Windows-TaskScheduler,Microsoft-Windows-TaskScheduler/Operational,5191,3,,,,,,,,99670EC1-9631-428F-B45C-FCECDF93FA26,,,,\Microsoft\Windows\.NET Framework\.NET Framework NGEN v4.0.30319 64,,,TaskInstanceQueued
2026-05-23T11:32:49.527599Z,110,dc.scaffold.htb,Microsoft-Windows-TaskScheduler,Microsoft-Windows-TaskScheduler/Operational,5192,4,,,99670EC1-9631-428F-B45C-FCECDF93FA26,,,,,,,,,\Microsoft\Windows\.NET Framework\.NET Framework NGEN v4.0.30319 64,System,,TaskRunEvent
2026-05-23T11:32:49.577058Z,325,dc.scaffold.htb,Microsoft-Windows-TaskScheduler,Microsoft-Windows-TaskScheduler/Operational,5193,3,,,,,,,,7A185B86-22EB-4974-B40D-1BDAADEC6F70,,,,\Microsoft\Windows\.NET Framework\.NET Framework NGEN v4.0.30319 64,,,TaskInstanceQueued
2026-05-23T11:32:49.577305Z,110,dc.scaffold.htb,Microsoft-Windows-TaskScheduler,Microsoft-Windows-TaskScheduler/Operational,5194,4,,,7A185B86-22EB-4974-B40D-1BDAADEC6F70,,,,,,,,,\Microsoft\Windows\.NET Framework\.NET Framework NGEN v4.0.30319 64,System,,TaskRunEvent
2026-05-23T11:32:49.624290Z,325,dc.scaffold.htb,Microsoft-Windows-TaskScheduler,Microsoft-Windows-TaskScheduler/Operational,5195,3,,,,,,,,7AABBC29-AED0-43D1-AFE9-BB3F19A11E77,,,,\Microsoft\Windows\.NET Framework\.NET Framework NGEN v4.0.30319 64,,,TaskInstanceQueued
2026-05-23T11:32:49.624403Z,110,dc.scaffold.htb,Microsoft-Windows-TaskScheduler,Microsoft-Windows-TaskScheduler/Operational,5196,4,,,7AABBC29-AED0-43D1-AFE9-BB3F19A11E77,,,,,,,,,\Microsoft\Windows\.NET Framework\.NET Framework NGEN v4.0.30319 64,System,,TaskRunEvent
2026-05-23T11:32:49.675011Z,325,dc.scaffold.htb,Microsoft-Windows-TaskScheduler,Microsoft-Windows-TaskScheduler/Operational,5197,3,,,,,,,,2C012C74-F0EA-4472-A247-928E939B933D,,,,\Microsoft\Windows\.NET Framework\.NET Framework NGEN v4.0.30319 64,,,TaskInstanceQueued
2026-05-23T11:32:49.675114Z,110,dc.scaffold.htb,Microsoft-Windows-TaskScheduler,Microsoft-Windows-TaskScheduler/Operational,5198,4,,,2C012C74-F0EA-4472-A247-928E939B933D,,,,,,,,,\Microsoft\Windows\.NET Framework\.NET Framework NGEN v4.0.30319 64,System,,TaskRunEvent
2026-05-23T11:32:49.721060Z,325,dc.scaffold.htb,Microsoft-Windows-TaskScheduler,Microsoft-Windows-TaskScheduler/Operational,5199,3,,,,,,,,38A5E4C0-2B38-420F-A343-DB0BD84AF407,,,,\Microsoft\Windows\.NET Framework\.NET Framework NGEN v4.0.30319 64,,,TaskInstanceQueued
2026-05-23T11:32:49.721179Z,110,dc.scaffold.htb,Microsoft-Windows-TaskScheduler,Microsoft-Windows-TaskScheduler/Operational,5200,4,,,38A5E4C0-2B38-420F-A343-DB0BD84AF407,,,,,,,,,\Microsoft\Windows\.NET Framework\.NET Framework NGEN v4.0.30319 64,System,,TaskRunEvent
2026-05-23T11:32:49.770984Z,325,dc.scaffold.htb,Microsoft-Windows-TaskScheduler,Microsoft-Windows-TaskScheduler/Operational,5201,3,,,,,,,,920D5E70-EE41-4DB5-9299-8DF1C8A615B6,,,,\Microsoft\Windows\.NET Framework\.NET Framework NGEN v4.0.30319 64,,,TaskInstanceQueued
2026-05-23T11:32:49.771084Z,110,dc.scaffold.htb,Microsoft-Windows-TaskScheduler,Microsoft-Windows-TaskScheduler/Operational,5202,4,,,920D5E70-EE41-4DB5-9299-8DF1C8A615B6,,,,,,,,,\Microsoft\Windows\.NET Framework\.NET Framework NGEN v4.0.30319 64,System,,TaskRunEvent
2026-05-23T11:32:49.847070Z,325,dc.scaffold.htb,Microsoft-Windows-TaskScheduler,Microsoft-Windows-TaskScheduler/Operational,5203,3,,,,,,,,B4A2B4D9-4DA6-48F0-BB11-F2AA126B78AA,,,,\Microsoft\Windows\.NET Framework\.NET Framework NGEN v4.0.30319 64,,,TaskInstanceQueued
2026-05-23T11:32:49.847209Z,110,dc.scaffold.htb,Microsoft-Windows-TaskScheduler,Microsoft-Windows-TaskScheduler/Operational,5204,4,,,B4A2B4D9-4DA6-48F0-BB11-F2AA126B78AA,,,,,,,,,\Microsoft\Windows\.NET Framework\.NET Framework NGEN v4.0.30319 64,System,,TaskRunEvent
2026-05-23T11:32:49.894314Z,325,dc.scaffold.htb,Microsoft-Windows-TaskScheduler,Microsoft-Windows-TaskScheduler/Operational,5205,3,,,,,,,,76BCACC6-0D5C-4725-A4EC-24E3E6F854DB,,,,\Microsoft\Windows\.NET Framework\.NET Framework NGEN v4.0.30319 64,,,TaskInstanceQueued
2026-05-23T11:32:49.894425Z,110,dc.scaffold.htb,Microsoft-Windows-TaskScheduler,Microsoft-Windows-TaskScheduler/Operational,5206,4,,,76BCACC6-0D5C-4725-A4EC-24E3E6F854DB,,,,,,,,,\Microsoft\Windows\.NET Framework\.NET Framework NGEN v4.0.30319 64,System,,TaskRunEvent
2026-05-23T11:32:49.940684Z,325,dc.scaffold.htb,Microsoft-Windows-TaskScheduler,Microsoft-Windows-TaskScheduler/Operational,5207,3,,,,,,,,39D9F85D-838F-4950-A5AF-32BA20782EF9,,,,\Microsoft\Windows\.NET Framework\.NET Framework NGEN v4.0.30319 64,,,TaskInstanceQueued
2026-05-23T11:32:49.940782Z,110,dc.scaffold.htb,Microsoft-Windows-TaskScheduler,Microsoft-Windows-TaskScheduler/Operational,5208,4,,,39D9F85D-838F-4950-A5AF-32BA20782EF9,,,,,,,,,\Microsoft\Windows\.NET Framework\.NET Framework NGEN v4.0.30319 64,System,,TaskRunEvent
2026-05-23T11:32:49.993337Z,325,dc.scaffold.htb,Microsoft-Windows-TaskScheduler,Microsoft-Windows-TaskScheduler/Operational,5209,3,,,,,,,,17569C6E-9529-4A3B-A6FA-E3D131A51672,,,,\Microsoft\Windows\.NET Framework\.NET Framework NGEN v4.0.30319 64,,,TaskInstanceQueued
2026-05-23T11:32:49.993626Z,110,dc.scaffold.htb,Microsoft-Windows-TaskScheduler,Microsoft-Windows-TaskScheduler/Operational,5210,4,,,17569C6E-9529-4A3B-A6FA-E3D131A51672,,,,,,,,,\Microsoft\Windows\.NET Framework\.NET Framework NGEN v4.0.30319 64,System,,TaskRunEvent
2026-05-23T11:32:50.063946Z,325,dc.scaffold.htb,Microsoft-Windows-TaskScheduler,Microsoft-Windows-TaskScheduler/Operational,5211,3,,,,,,,,793A66F6-DA31-4073-8A81-F88AA4D4CA9A,,,,\Microsoft\Windows\.NET Framework\.NET Framework NGEN v4.0.30319 64,,,TaskInstanceQueued
2026-05-23T11:32:50.064063Z,110,dc.scaffold.htb,Microsoft-Windows-TaskScheduler,Microsoft-Windows-TaskScheduler/Operational,5212,4,,,793A66F6-DA31-4073-8A81-F88AA4D4CA9A,,,,,,,,,\Microsoft\Windows\.NET Framework\.NET Framework NGEN v4.0.30319 64,System,,TaskRunEvent
2026-05-23T11:32:50.131949Z,325,dc.scaffold.htb,Microsoft-Windows-TaskScheduler,Microsoft-Windows-TaskScheduler/Operational,5213,3,,,,,,,,3C574227-9154-4750-8D98-7BBB08C627B5,,,,\Microsoft\Windows\.NET Framework\.NET Framework NGEN v4.0.30319 64,,,TaskInstanceQueued
2026-05-23T11:32:50.132245Z,110,dc.scaffold.htb,Microsoft-Windows-TaskScheduler,Microsoft-Windows-TaskScheduler/Operational,5214,4,,,3C574227-9154-4750-8D98-7BBB08C627B5,,,,,,,,,\Microsoft\Windows\.NET Framework\.NET Framework NGEN v4.0.30319 64,System,,TaskRunEvent
2026-05-23T11:32:50.200411Z,325,dc.scaffold.htb,Microsoft-Windows-TaskScheduler,Microsoft-Windows-TaskScheduler/Operational,5215,3,,,,,,,,5354A658-18F5-4A78-BC0C-1365CD2B397E,,,,\Microsoft\Windows\.NET Framework\.NET Framework NGEN v4.0.30319 64,,,TaskInstanceQueued
2026-05-23T11:32:50.200524Z,110,dc.scaffold.htb,Microsoft-Windows-TaskScheduler,Microsoft-Windows-TaskScheduler/Operational,5216,4,,,5354A658-18F5-4A78-BC0C-1365CD2B397E,,,,,,,,,\Microsoft\Windows\.NET Framework\.NET Framework NGEN v4.0.30319 64,System,,TaskRunEvent
2026-05-23T11:32:50.253879Z,325,dc.scaffold.htb,Microsoft-Windows-TaskScheduler,Microsoft-Windows-TaskScheduler/Operational,5217,3,,,,,,,,9CD3FC80-AB83-472E-A6DB-8E8C9E1E4D0E,,,,\Microsoft\Windows\.NET Framework\.NET Framework NGEN v4.0.30319 64,,,TaskInstanceQueued
2026-05-23T11:32:50.253988Z,110,dc.scaffold.htb,Microsoft-Windows-TaskScheduler,Microsoft-Windows-TaskScheduler/Operational,5218,4,,,9CD3FC80-AB83-472E-A6DB-8E8C9E1E4D0E,,,,,,,,,\Microsoft\Windows\.NET Framework\.NET Framework NGEN v4.0.30319 64,System,,TaskRunEvent
2026-05-23T11:32:50.302997Z,325,dc.scaffold.htb,Microsoft-Windows-TaskScheduler,Microsoft-Windows-TaskScheduler/Operational,5219,3,,,,,,,,41D6DEF9-00CE-411F-B07B-06D368668FE5,,,,\Microsoft\Windows\.NET Framework\.NET Framework NGEN v4.0.30319 64,,,TaskInstanceQueued
2026-05-23T11:32:50.303102Z,110,dc.scaffold.htb,Microsoft-Windows-TaskScheduler,Microsoft-Windows-TaskScheduler/Operational,5220,4,,,41D6DEF9-00CE-411F-B07B-06D368668FE5,,,,,,,,,\Microsoft\Windows\.NET Framework\.NET Framework NGEN v4.0.30319 64,System,,TaskRunEvent
2026-05-23T11:32:50.352875Z,325,dc.scaffold.htb,Microsoft-Windows-TaskScheduler,Microsoft-Windows-TaskScheduler/Operational,5221,3,,,,,,,,D7BFDF29-8976-49F3-BE2B-77C5640CF9FF,,,,\Microsoft\Windows\.NET Framework\.NET Framework NGEN v4.0.30319 64,,,TaskInstanceQueued
2026-05-23T11:32:50.352981Z,110,dc.scaffold.htb,Microsoft-Windows-TaskScheduler,Microsoft-Windows-TaskScheduler/Operational,5222,4,,,D7BFDF29-8976-49F3-BE2B-77C5640CF9FF,,,,,,,,,\Microsoft\Windows\.NET Framework\.NET Framework NGEN v4.0.30319 64,System,,TaskRunEvent
2026-05-23T11:32:50.405321Z,325,dc.scaffold.htb,Microsoft-Windows-TaskScheduler,Microsoft-Windows-TaskScheduler/Operational,5223,3,,,,,,,,C45EC9C1-9992-4990-81F7-D6C2B7FAAACA,,,,\Microsoft\Windows\.NET Framework\.NET Framework NGEN v4.0.30319 64,,,TaskInstanceQueued
2026-05-23T11:32:50.405448Z,110,dc.scaffold.htb,Microsoft-Windows-TaskScheduler,Microsoft-Windows-TaskScheduler/Operational,5224,4,,,C45EC9C1-9992-4990-81F7-D6C2B7FAAACA,,,,,,,,,\Microsoft\Windows\.NET Framework\.NET Framework NGEN v4.0.30319 64,System,,TaskRunEvent
2026-05-23T11:32:50.454319Z,325,dc.scaffold.htb,Microsoft-Windows-TaskScheduler,Microsoft-Windows-TaskScheduler/Operational,5225,3,,,,,,,,0444D158-30A9-4ADC-B658-E920BB0D17AD,,,,\Microsoft\Windows\.NET Framework\.NET Framework NGEN v4.0.30319 64,,,TaskInstanceQueued
2026-05-23T11:32:50.454427Z,110,dc.scaffold.htb,Microsoft-Windows-TaskScheduler,Microsoft-Windows-TaskScheduler/Operational,5226,4,,,0444D158-30A9-4ADC-B658-E920BB0D17AD,,,,,,,,,\Microsoft\Windows\.NET Framework\.NET Framework NGEN v4.0.30319 64,System,,TaskRunEvent
2026-05-23T11:32:50.503991Z,325,dc.scaffold.htb,Microsoft-Windows-TaskScheduler,Microsoft-Windows-TaskScheduler/Operational,5227,3,,,,,,,,1D3274D8-8027-43D0-93F7-743F023C8CA2,,,,\Microsoft\Windows\.NET Framework\.NET Framework NGEN v4.0.30319 64,,,TaskInstanceQueued
2026-05-23T11:32:50.504098Z,110,dc.scaffold.htb,Microsoft-Windows-TaskScheduler,Microsoft-Windows-TaskScheduler/Operational,5228,4,,,1D3274D8-8027-43D0-93F7-743F023C8CA2,,,,,,,,,\Microsoft\Windows\.NET Framework\.NET Framework NGEN v4.0.30319 64,System,,TaskRunEvent
2026-05-23T11:32:50.553574Z,325,dc.scaffold.htb,Microsoft-Windows-TaskScheduler,Microsoft-Windows-TaskScheduler/Operational,5229,3,,,,,,,,F229FFF5-FF24-4428-BE9B-60365D4C9DB7,,,,\Microsoft\Windows\.NET Framework\.NET Framework NGEN v4.0.30319 64,,,TaskInstanceQueued
2026-05-23T11:32:50.553677Z,110,dc.scaffold.htb,Microsoft-Windows-TaskScheduler,Microsoft-Windows-TaskScheduler/Operational,5230,4,,,F229FFF5-FF24-4428-BE9B-60365D4C9DB7,,,,,,,,,\Microsoft\Windows\.NET Framework\.NET Framework NGEN v4.0.30319 64,System,,TaskRunEvent
2026-05-23T11:32:50.601806Z,325,dc.scaffold.htb,Microsoft-Windows-TaskScheduler,Microsoft-Windows-TaskScheduler/Operational,5231,3,,,,,,,,E6EB27AA-2276-4A5E-8FFE-C15E0B080033,,,,\Microsoft\Windows\.NET Framework\.NET Framework NGEN v4.0.30319 64,,,TaskInstanceQueued
2026-05-23T11:32:50.601894Z,110,dc.scaffold.htb,Microsoft-Windows-TaskScheduler,Microsoft-Windows-TaskScheduler/Operational,5232,4,,,E6EB27AA-2276-4A5E-8FFE-C15E0B080033,,,,,,,,,\Microsoft\Windows\.NET Framework\.NET Framework NGEN v4.0.30319 64,System,,TaskRunEvent
2026-05-23T11:32:50.647799Z,325,dc.scaffold.htb,Microsoft-Windows-TaskScheduler,Microsoft-Windows-TaskScheduler/Operational,5233,3,,,,,,,,39E18777-4026-4633-8AA9-B99F6242C15A,,,,\Microsoft\Windows\.NET Framework\.NET Framework NGEN v4.0.30319 64,,,TaskInstanceQueued
2026-05-23T11:32:50.647902Z,110,dc.scaffold.htb,Microsoft-Windows-TaskScheduler,Microsoft-Windows-TaskScheduler/Operational,5234,4,,,39E18777-4026-4633-8AA9-B99F6242C15A,,,,,,,,,\Microsoft\Windows\.NET Framework\.NET Framework NGEN v4.0.30319 64,System,,TaskRunEvent
