2026-05-13T20:07:55.116174Z,101,dc.scaffold.htb,Microsoft-Windows-TaskScheduler,Microsoft-Windows-TaskScheduler/Operational,375,2,,,,,,,,,2147943568,,,\Microsoft\Windows\Workplace Join\Automatic-Device-Join,(default user),,TaskStartFailedEvent
2026-05-13T20:07:55.608406Z,100,dc.scaffold.htb,Microsoft-Windows-TaskScheduler,Microsoft-Windows-TaskScheduler/Operational,376,4,,,6E5CB5D3-4121-4DCC-838D-604E3B85E97C,,,,,,,,,\Microsoft\Windows\WwanSvc\OobeDiscovery,NT AUTHORITY\SYSTEM,,TaskStartEvent
2026-05-13T20:07:55.608409Z,200,dc.scaffold.htb,Microsoft-Windows-TaskScheduler,Microsoft-Windows-TaskScheduler/Operational,377,4,OobeEsimTaskManager,2060,,,,,,,,,6E5CB5D3-4121-4DCC-838D-604E3B85E97C,\Microsoft\Windows\WwanSvc\OobeDiscovery,,,ActionStart
2026-05-13T20:07:55.734826Z,201,dc.scaffold.htb,Microsoft-Windows-TaskScheduler,Microsoft-Windows-TaskScheduler/Operational,378,4,%windir%\system32\dxgiadaptercache.exe,2092,,,,,,,0,,7647D88C-CA52-449A-BC0E-B79EDC9A4FF8,\Microsoft\Windows\DirectX\DXGIAdapterCache,,,ActionSuccess
2026-05-13T20:07:55.735373Z,102,dc.scaffold.htb,Microsoft-Windows-TaskScheduler,Microsoft-Windows-TaskScheduler/Operational,379,4,,,7647D88C-CA52-449A-BC0E-B79EDC9A4FF8,,,,,,,,,\Microsoft\Windows\DirectX\DXGIAdapterCache,NT AUTHORITY\SYSTEM,,TaskSuccessEvent
2026-05-13T20:07:55.758911Z,129,dc.scaffold.htb,Microsoft-Windows-TaskScheduler,Microsoft-Windows-TaskScheduler/Operational,380,4,,,,,taskhostw.exe,16384,2620,,,,,\Microsoft\Windows\Time Synchronization\ForceSynchronizeTime,,,CreatedTaskProcess
2026-05-13T20:07:55.759652Z,100,dc.scaffold.htb,Microsoft-Windows-TaskScheduler,Microsoft-Windows-TaskScheduler/Operational,381,4,,,849C91B3-C040-449D-B09F-F30084676066,,,,,,,,,\Microsoft\Windows\Time Synchronization\ForceSynchronizeTime,(NONE),,TaskStartEvent
2026-05-13T20:07:55.759657Z,200,dc.scaffold.htb,Microsoft-Windows-TaskScheduler,Microsoft-Windows-TaskScheduler/Operational,382,4,Time Synchronization Task Handler,2620,,,,,,,,,849C91B3-C040-449D-B09F-F30084676066,\Microsoft\Windows\Time Synchronization\ForceSynchronizeTime,,,ActionStart
2026-05-13T20:07:55.781136Z,201,dc.scaffold.htb,Microsoft-Windows-TaskScheduler,Microsoft-Windows-TaskScheduler/Operational,383,4,,2060,,,,,,,0,,C526A0F5-5676-48A1-AD34-A2B1C98AB8E7,\Microsoft\Windows\ExploitGuard\ExploitGuard MDM policy Refresh,,,ActionSuccess
2026-05-13T20:07:55.781140Z,102,dc.scaffold.htb,Microsoft-Windows-TaskScheduler,Microsoft-Windows-TaskScheduler/Operational,384,4,,,C526A0F5-5676-48A1-AD34-A2B1C98AB8E7,,,,,,,,,\Microsoft\Windows\ExploitGuard\ExploitGuard MDM policy Refresh,NT AUTHORITY\SYSTEM,,TaskSuccessEvent
2026-05-13T20:07:55.816224Z,201,dc.scaffold.htb,Microsoft-Windows-TaskScheduler,Microsoft-Windows-TaskScheduler/Operational,385,4,Time Synchronization Task Handler,2620,,,,,,,0,,849C91B3-C040-449D-B09F-F30084676066,\Microsoft\Windows\Time Synchronization\ForceSynchronizeTime,,,ActionSuccess
2026-05-13T20:07:55.816227Z,102,dc.scaffold.htb,Microsoft-Windows-TaskScheduler,Microsoft-Windows-TaskScheduler/Operational,386,4,,,849C91B3-C040-449D-B09F-F30084676066,,,,,,,,,\Microsoft\Windows\Time Synchronization\ForceSynchronizeTime,(NONE),,TaskSuccessEvent
2026-05-13T20:07:55.926111Z,201,dc.scaffold.htb,Microsoft-Windows-TaskScheduler,Microsoft-Windows-TaskScheduler/Operational,387,4,OobeEsimTaskManager,2060,,,,,,,0,,6E5CB5D3-4121-4DCC-838D-604E3B85E97C,\Microsoft\Windows\WwanSvc\OobeDiscovery,,,ActionSuccess
2026-05-13T20:07:55.926113Z,102,dc.scaffold.htb,Microsoft-Windows-TaskScheduler,Microsoft-Windows-TaskScheduler/Operational,388,4,,,6E5CB5D3-4121-4DCC-838D-604E3B85E97C,,,,,,,,,\Microsoft\Windows\WwanSvc\OobeDiscovery,NT AUTHORITY\SYSTEM,,TaskSuccessEvent
2026-05-13T20:07:56.132206Z,325,dc.scaffold.htb,Microsoft-Windows-TaskScheduler,Microsoft-Windows-TaskScheduler/Operational,389,3,,,,,,,,93AE6AD2-3831-4DD5-81C2-F0CC44053391,,,,\Microsoft\Windows\Workplace Join\Automatic-Device-Join,,,TaskInstanceQueued
2026-05-13T20:07:56.132358Z,110,dc.scaffold.htb,Microsoft-Windows-TaskScheduler,Microsoft-Windows-TaskScheduler/Operational,390,4,,,93AE6AD2-3831-4DD5-81C2-F0CC44053391,,,,,,,,,\Microsoft\Windows\Workplace Join\Automatic-Device-Join,System,,TaskRunEvent
2026-05-13T20:07:56.138420Z,129,dc.scaffold.htb,Microsoft-Windows-TaskScheduler,Microsoft-Windows-TaskScheduler/Operational,391,4,,,,,%SystemRoot%\System32\dsregcmd.exe,16384,2664,,,,,\Microsoft\Windows\Workplace Join\Automatic-Device-Join,,,CreatedTaskProcess
2026-05-13T20:07:56.138569Z,100,dc.scaffold.htb,Microsoft-Windows-TaskScheduler,Microsoft-Windows-TaskScheduler/Operational,392,4,,,93AE6AD2-3831-4DD5-81C2-F0CC44053391,,,,,,,,,\Microsoft\Windows\Workplace Join\Automatic-Device-Join,NT AUTHORITY\SYSTEM,,TaskStartEvent
2026-05-13T20:07:56.138570Z,200,dc.scaffold.htb,Microsoft-Windows-TaskScheduler,Microsoft-Windows-TaskScheduler/Operational,393,4,%SystemRoot%\System32\dsregcmd.exe,2664,,,,,,,,,93AE6AD2-3831-4DD5-81C2-F0CC44053391,\Microsoft\Windows\Workplace Join\Automatic-Device-Join,,,ActionStart
2026-05-13T20:08:04.766924Z,118,dc.scaffold.htb,Microsoft-Windows-TaskScheduler,Microsoft-Windows-TaskScheduler/Operational,394,4,,,A2FFF9EB-6D64-4075-9DCA-8F62E98620B1,,,,,,,,,\Microsoft\Windows\CertificateServicesClient\SystemTask,,,BootTrigger
2026-05-13T20:08:04.780037Z,129,dc.scaffold.htb,Microsoft-Windows-TaskScheduler,Microsoft-Windows-TaskScheduler/Operational,395,4,,,,,taskhostw.exe,16384,3648,,,,,\Microsoft\Windows\CertificateServicesClient\SystemTask,,,CreatedTaskProcess
2026-05-13T20:08:04.780706Z,100,dc.scaffold.htb,Microsoft-Windows-TaskScheduler,Microsoft-Windows-TaskScheduler/Operational,396,4,,,A2FFF9EB-6D64-4075-9DCA-8F62E98620B1,,,,,,,,,\Microsoft\Windows\CertificateServicesClient\SystemTask,NT AUTHORITY\SYSTEM,,TaskStartEvent
2026-05-13T20:08:04.780713Z,200,dc.scaffold.htb,Microsoft-Windows-TaskScheduler,Microsoft-Windows-TaskScheduler/Operational,397,4,Certificate Services Client Task Handler,3648,,,,,,,,,A2FFF9EB-6D64-4075-9DCA-8F62E98620B1,\Microsoft\Windows\CertificateServicesClient\SystemTask,,,ActionStart
2026-05-13T20:08:20.246509Z,201,dc.scaffold.htb,Microsoft-Windows-TaskScheduler,Microsoft-Windows-TaskScheduler/Operational,398,4,Certificate Services Client Task Handler,3648,,,,,,,0,,A2FFF9EB-6D64-4075-9DCA-8F62E98620B1,\Microsoft\Windows\CertificateServicesClient\SystemTask,,,ActionSuccess
2026-05-13T20:08:20.246512Z,102,dc.scaffold.htb,Microsoft-Windows-TaskScheduler,Microsoft-Windows-TaskScheduler/Operational,399,4,,,A2FFF9EB-6D64-4075-9DCA-8F62E98620B1,,,,,,,,,\Microsoft\Windows\CertificateServicesClient\SystemTask,NT AUTHORITY\SYSTEM,,TaskSuccessEvent
2026-05-13T20:08:31.951373Z,201,dc.scaffold.htb,Microsoft-Windows-TaskScheduler,Microsoft-Windows-TaskScheduler/Operational,400,4,%SystemRoot%\System32\dsregcmd.exe,2664,,,,,,,0,,93AE6AD2-3831-4DD5-81C2-F0CC44053391,\Microsoft\Windows\Workplace Join\Automatic-Device-Join,,,ActionSuccess
2026-05-13T20:08:31.951542Z,102,dc.scaffold.htb,Microsoft-Windows-TaskScheduler,Microsoft-Windows-TaskScheduler/Operational,401,4,,,93AE6AD2-3831-4DD5-81C2-F0CC44053391,,,,,,,,,\Microsoft\Windows\Workplace Join\Automatic-Device-Join,NT AUTHORITY\SYSTEM,,TaskSuccessEvent
2026-05-13T20:08:32.820133Z,129,dc.scaffold.htb,Microsoft-Windows-TaskScheduler,Microsoft-Windows-TaskScheduler/Operational,402,4,,,,,taskhostw.exe,16384,4944,,,,,\Microsoft\Windows\CertificateServicesClient\SystemTask,,,CreatedTaskProcess
2026-05-13T20:08:32.820549Z,100,dc.scaffold.htb,Microsoft-Windows-TaskScheduler,Microsoft-Windows-TaskScheduler/Operational,403,4,,,7F1594D5-3892-4EFA-BFEE-FB0DEE36C4ED,,,,,,,,,\Microsoft\Windows\CertificateServicesClient\SystemTask,NT AUTHORITY\SYSTEM,,TaskStartEvent
2026-05-13T20:08:32.820552Z,200,dc.scaffold.htb,Microsoft-Windows-TaskScheduler,Microsoft-Windows-TaskScheduler/Operational,404,4,Certificate Services Client Task Handler,4944,,,,,,,,,7F1594D5-3892-4EFA-BFEE-FB0DEE36C4ED,\Microsoft\Windows\CertificateServicesClient\SystemTask,,,ActionStart
2026-05-13T20:08:32.934537Z,100,dc.scaffold.htb,Microsoft-Windows-TaskScheduler,Microsoft-Windows-TaskScheduler/Operational,405,4,,,8749B5DA-BB9F-4068-AB43-6A8D32632BE0,,,,,,,,,\Microsoft\Windows\ExploitGuard\ExploitGuard MDM policy Refresh,NT AUTHORITY\SYSTEM,,TaskStartEvent
2026-05-13T20:08:32.934540Z,200,dc.scaffold.htb,Microsoft-Windows-TaskScheduler,Microsoft-Windows-TaskScheduler/Operational,406,4,,4944,,,,,,,,,8749B5DA-BB9F-4068-AB43-6A8D32632BE0,\Microsoft\Windows\ExploitGuard\ExploitGuard MDM policy Refresh,,,ActionStart
2026-05-13T20:08:32.936230Z,100,dc.scaffold.htb,Microsoft-Windows-TaskScheduler,Microsoft-Windows-TaskScheduler/Operational,407,4,,,BA12767F-DE1E-4E8B-B005-0CD23459FEF7,,,,,,,,,\Microsoft\Windows\Flighting\FeatureConfig\ReconcileFeatures,NT AUTHORITY\SYSTEM,,TaskStartEvent
2026-05-13T20:08:32.936235Z,200,dc.scaffold.htb,Microsoft-Windows-TaskScheduler,Microsoft-Windows-TaskScheduler/Operational,408,4,Feature Configuration Reconciliation Task Handler,4944,,,,,,,,,BA12767F-DE1E-4E8B-B005-0CD23459FEF7,\Microsoft\Windows\Flighting\FeatureConfig\ReconcileFeatures,,,ActionStart
2026-05-13T20:08:32.936474Z,100,dc.scaffold.htb,Microsoft-Windows-TaskScheduler,Microsoft-Windows-TaskScheduler/Operational,409,4,,,DC1B4600-5608-4A45-A9CE-B66478E781B0,,,,,,,,,\Microsoft\Windows\Plug and Play\Device Install Group Policy,NT AUTHORITY\SYSTEM,,TaskStartEvent
2026-05-13T20:08:32.936478Z,200,dc.scaffold.htb,Microsoft-Windows-TaskScheduler,Microsoft-Windows-TaskScheduler/Operational,410,4,Device Installation Group Policy Task Handler,4944,,,,,,,,,DC1B4600-5608-4A45-A9CE-B66478E781B0,\Microsoft\Windows\Plug and Play\Device Install Group Policy,,,ActionStart
2026-05-13T20:08:33.424931Z,201,dc.scaffold.htb,Microsoft-Windows-TaskScheduler,Microsoft-Windows-TaskScheduler/Operational,411,4,,4944,,,,,,,0,,8749B5DA-BB9F-4068-AB43-6A8D32632BE0,\Microsoft\Windows\ExploitGuard\ExploitGuard MDM policy Refresh,,,ActionSuccess
2026-05-13T20:08:33.424933Z,102,dc.scaffold.htb,Microsoft-Windows-TaskScheduler,Microsoft-Windows-TaskScheduler/Operational,412,4,,,8749B5DA-BB9F-4068-AB43-6A8D32632BE0,,,,,,,,,\Microsoft\Windows\ExploitGuard\ExploitGuard MDM policy Refresh,NT AUTHORITY\SYSTEM,,TaskSuccessEvent
2026-05-13T20:08:33.638766Z,201,dc.scaffold.htb,Microsoft-Windows-TaskScheduler,Microsoft-Windows-TaskScheduler/Operational,413,4,Device Installation Group Policy Task Handler,4944,,,,,,,0,,DC1B4600-5608-4A45-A9CE-B66478E781B0,\Microsoft\Windows\Plug and Play\Device Install Group Policy,,,ActionSuccess
2026-05-13T20:08:33.638769Z,102,dc.scaffold.htb,Microsoft-Windows-TaskScheduler,Microsoft-Windows-TaskScheduler/Operational,414,4,,,DC1B4600-5608-4A45-A9CE-B66478E781B0,,,,,,,,,\Microsoft\Windows\Plug and Play\Device Install Group Policy,NT AUTHORITY\SYSTEM,,TaskSuccessEvent
2026-05-13T20:08:33.722212Z,201,dc.scaffold.htb,Microsoft-Windows-TaskScheduler,Microsoft-Windows-TaskScheduler/Operational,415,4,Feature Configuration Reconciliation Task Handler,4944,,,,,,,0,,BA12767F-DE1E-4E8B-B005-0CD23459FEF7,\Microsoft\Windows\Flighting\FeatureConfig\ReconcileFeatures,,,ActionSuccess
2026-05-13T20:08:33.722214Z,102,dc.scaffold.htb,Microsoft-Windows-TaskScheduler,Microsoft-Windows-TaskScheduler/Operational,416,4,,,BA12767F-DE1E-4E8B-B005-0CD23459FEF7,,,,,,,,,\Microsoft\Windows\Flighting\FeatureConfig\ReconcileFeatures,NT AUTHORITY\SYSTEM,,TaskSuccessEvent
2026-05-13T20:08:33.811366Z,201,dc.scaffold.htb,Microsoft-Windows-TaskScheduler,Microsoft-Windows-TaskScheduler/Operational,417,4,Certificate Services Client Task Handler,4944,,,,,,,0,,7F1594D5-3892-4EFA-BFEE-FB0DEE36C4ED,\Microsoft\Windows\CertificateServicesClient\SystemTask,,,ActionSuccess
2026-05-13T20:08:33.811368Z,102,dc.scaffold.htb,Microsoft-Windows-TaskScheduler,Microsoft-Windows-TaskScheduler/Operational,418,4,,,7F1594D5-3892-4EFA-BFEE-FB0DEE36C4ED,,,,,,,,,\Microsoft\Windows\CertificateServicesClient\SystemTask,NT AUTHORITY\SYSTEM,,TaskSuccessEvent
2026-05-13T20:08:38.315857Z,140,dc.scaffold.htb,Microsoft-Windows-TaskScheduler,Microsoft-Windows-TaskScheduler/Operational,419,4,,,,,,,,,,,,\Microsoft\Windows\SoftwareProtectionPlatform\SvcRestartTask,,SCAFFOLD\DC$,TaskUpdated
2026-05-13T20:08:54.773708Z,118,dc.scaffold.htb,Microsoft-Windows-TaskScheduler,Microsoft-Windows-TaskScheduler/Operational,420,4,,,BC09B05E-3BCB-4F92-A4E8-1B7B587797F9,,,,,,,,,\Microsoft\Windows\Software Inventory Logging\Configuration,,,BootTrigger
2026-05-13T20:08:54.773779Z,118,dc.scaffold.htb,Microsoft-Windows-TaskScheduler,Microsoft-Windows-TaskScheduler/Operational,421,4,,,5E9DE3C7-093A-4247-980B-FFDF527102A2,,,,,,,,,\Microsoft\Windows\DirectX\DXGIAdapterCache,,,BootTrigger
2026-05-13T20:08:54.776768Z,129,dc.scaffold.htb,Microsoft-Windows-TaskScheduler,Microsoft-Windows-TaskScheduler/Operational,422,4,,,,,%windir%\system32\dxgiadaptercache.exe,16384,5664,,,,,\Microsoft\Windows\DirectX\DXGIAdapterCache,,,CreatedTaskProcess
2026-05-13T20:08:54.776868Z,129,dc.scaffold.htb,Microsoft-Windows-TaskScheduler,Microsoft-Windows-TaskScheduler/Operational,423,4,,,,,%systemroot%\system32\cmd.exe,16384,5672,,,,,\Microsoft\Windows\Software Inventory Logging\Configuration,,,CreatedTaskProcess
2026-05-13T20:08:54.777001Z,100,dc.scaffold.htb,Microsoft-Windows-TaskScheduler,Microsoft-Windows-TaskScheduler/Operational,424,4,,,5E9DE3C7-093A-4247-980B-FFDF527102A2,,,,,,,,,\Microsoft\Windows\DirectX\DXGIAdapterCache,NT AUTHORITY\SYSTEM,,TaskStartEvent
2026-05-13T20:08:54.777005Z,200,dc.scaffold.htb,Microsoft-Windows-TaskScheduler,Microsoft-Windows-TaskScheduler/Operational,425,4,%windir%\system32\dxgiadaptercache.exe,5664,,,,,,,,,5E9DE3C7-093A-4247-980B-FFDF527102A2,\Microsoft\Windows\DirectX\DXGIAdapterCache,,,ActionStart
2026-05-13T20:08:54.777115Z,100,dc.scaffold.htb,Microsoft-Windows-TaskScheduler,Microsoft-Windows-TaskScheduler/Operational,426,4,,,BC09B05E-3BCB-4F92-A4E8-1B7B587797F9,,,,,,,,,\Microsoft\Windows\Software Inventory Logging\Configuration,NT AUTHORITY\SYSTEM,,TaskStartEvent
2026-05-13T20:08:54.777118Z,200,dc.scaffold.htb,Microsoft-Windows-TaskScheduler,Microsoft-Windows-TaskScheduler/Operational,427,4,%systemroot%\system32\cmd.exe,5672,,,,,,,,,BC09B05E-3BCB-4F92-A4E8-1B7B587797F9,\Microsoft\Windows\Software Inventory Logging\Configuration,,,ActionStart
2026-05-13T20:08:54.828929Z,201,dc.scaffold.htb,Microsoft-Windows-TaskScheduler,Microsoft-Windows-TaskScheduler/Operational,428,4,%windir%\system32\dxgiadaptercache.exe,5664,,,,,,,0,,5E9DE3C7-093A-4247-980B-FFDF527102A2,\Microsoft\Windows\DirectX\DXGIAdapterCache,,,ActionSuccess
2026-05-13T20:08:54.829179Z,102,dc.scaffold.htb,Microsoft-Windows-TaskScheduler,Microsoft-Windows-TaskScheduler/Operational,429,4,,,5E9DE3C7-093A-4247-980B-FFDF527102A2,,,,,,,,,\Microsoft\Windows\DirectX\DXGIAdapterCache,NT AUTHORITY\SYSTEM,,TaskSuccessEvent
2026-05-13T20:08:54.864531Z,201,dc.scaffold.htb,Microsoft-Windows-TaskScheduler,Microsoft-Windows-TaskScheduler/Operational,430,4,%systemroot%\system32\cmd.exe,5672,,,,,,,0,,BC09B05E-3BCB-4F92-A4E8-1B7B587797F9,\Microsoft\Windows\Software Inventory Logging\Configuration,,,ActionSuccess
2026-05-13T20:08:54.864781Z,102,dc.scaffold.htb,Microsoft-Windows-TaskScheduler,Microsoft-Windows-TaskScheduler/Operational,431,4,,,BC09B05E-3BCB-4F92-A4E8-1B7B587797F9,,,,,,,,,\Microsoft\Windows\Software Inventory Logging\Configuration,NT AUTHORITY\SYSTEM,,TaskSuccessEvent
2026-05-13T20:10:07.094532Z,140,dc.scaffold.htb,Microsoft-Windows-TaskScheduler,Microsoft-Windows-TaskScheduler/Operational,432,4,,,,,,,,,,,,\Microsoft\Windows\Application Experience\PcaPatchDbTask,,SCAFFOLD\DC$,TaskUpdated
2026-05-13T20:10:10.130344Z,140,dc.scaffold.htb,Microsoft-Windows-TaskScheduler,Microsoft-Windows-TaskScheduler/Operational,433,4,,,,,,,,,,,,\Microsoft\Windows\UpdateOrchestrator\Schedule Scan,,S-1-5-18,TaskUpdated
2026-05-13T20:10:10.163803Z,140,dc.scaffold.htb,Microsoft-Windows-TaskScheduler,Microsoft-Windows-TaskScheduler/Operational,434,4,,,,,,,,,,,,\Microsoft\Windows\UpdateOrchestrator\Schedule Scan,,SCAFFOLD\DC$,TaskUpdated
2026-05-13T20:10:37.395611Z,140,dc.scaffold.htb,Microsoft-Windows-TaskScheduler,Microsoft-Windows-TaskScheduler/Operational,435,4,,,,,,,,,,,,\Microsoft\Windows\SoftwareProtectionPlatform\SvcRestartTask,,SCAFFOLD\DC$,TaskUpdated
2026-05-13T20:10:54.710986Z,118,dc.scaffold.htb,Microsoft-Windows-TaskScheduler,Microsoft-Windows-TaskScheduler/Operational,436,4,,,1A4D1205-4C91-48B8-9840-434D467ED7D9,,,,,,,,,\Microsoft\Windows\Windows Error Reporting\QueueReporting,,,BootTrigger
2026-05-13T20:10:54.730797Z,129,dc.scaffold.htb,Microsoft-Windows-TaskScheduler,Microsoft-Windows-TaskScheduler/Operational,437,4,,,,,%windir%\system32\wermgr.exe,16384,5664,,,,,\Microsoft\Windows\Windows Error Reporting\QueueReporting,,,CreatedTaskProcess
2026-05-13T20:10:54.731246Z,100,dc.scaffold.htb,Microsoft-Windows-TaskScheduler,Microsoft-Windows-TaskScheduler/Operational,438,4,,,1A4D1205-4C91-48B8-9840-434D467ED7D9,,,,,,,,,\Microsoft\Windows\Windows Error Reporting\QueueReporting,NT AUTHORITY\SYSTEM,,TaskStartEvent
2026-05-13T20:10:54.731252Z,200,dc.scaffold.htb,Microsoft-Windows-TaskScheduler,Microsoft-Windows-TaskScheduler/Operational,439,4,%windir%\system32\wermgr.exe,5664,,,,,,,,,1A4D1205-4C91-48B8-9840-434D467ED7D9,\Microsoft\Windows\Windows Error Reporting\QueueReporting,,,ActionStart
2026-05-13T20:10:54.891259Z,201,dc.scaffold.htb,Microsoft-Windows-TaskScheduler,Microsoft-Windows-TaskScheduler/Operational,440,4,%windir%\system32\wermgr.exe,5664,,,,,,,0,,1A4D1205-4C91-48B8-9840-434D467ED7D9,\Microsoft\Windows\Windows Error Reporting\QueueReporting,,,ActionSuccess
2026-05-13T20:10:54.891503Z,102,dc.scaffold.htb,Microsoft-Windows-TaskScheduler,Microsoft-Windows-TaskScheduler/Operational,441,4,,,1A4D1205-4C91-48B8-9840-434D467ED7D9,,,,,,,,,\Microsoft\Windows\Windows Error Reporting\QueueReporting,NT AUTHORITY\SYSTEM,,TaskSuccessEvent
2026-05-13T20:10:56.225640Z,129,dc.scaffold.htb,Microsoft-Windows-TaskScheduler,Microsoft-Windows-TaskScheduler/Operational,442,4,,,,,taskhostw.exe,16384,5736,,,,,\Microsoft\Windows\Flighting\FeatureConfig\ReconcileFeatures,,,CreatedTaskProcess
2026-05-13T20:10:56.225919Z,100,dc.scaffold.htb,Microsoft-Windows-TaskScheduler,Microsoft-Windows-TaskScheduler/Operational,443,4,,,EB33B874-81BD-4F8D-A25B-E732CD44A463,,,,,,,,,\Microsoft\Windows\Flighting\FeatureConfig\ReconcileFeatures,NT AUTHORITY\SYSTEM,,TaskStartEvent
2026-05-13T20:10:56.225922Z,200,dc.scaffold.htb,Microsoft-Windows-TaskScheduler,Microsoft-Windows-TaskScheduler/Operational,444,4,Feature Configuration Reconciliation Task Handler,5736,,,,,,,,,EB33B874-81BD-4F8D-A25B-E732CD44A463,\Microsoft\Windows\Flighting\FeatureConfig\ReconcileFeatures,,,ActionStart
2026-05-13T20:10:56.258704Z,201,dc.scaffold.htb,Microsoft-Windows-TaskScheduler,Microsoft-Windows-TaskScheduler/Operational,445,4,Feature Configuration Reconciliation Task Handler,5736,,,,,,,0,,EB33B874-81BD-4F8D-A25B-E732CD44A463,\Microsoft\Windows\Flighting\FeatureConfig\ReconcileFeatures,,,ActionSuccess
2026-05-13T20:10:56.258705Z,102,dc.scaffold.htb,Microsoft-Windows-TaskScheduler,Microsoft-Windows-TaskScheduler/Operational,446,4,,,EB33B874-81BD-4F8D-A25B-E732CD44A463,,,,,,,,,\Microsoft\Windows\Flighting\FeatureConfig\ReconcileFeatures,NT AUTHORITY\SYSTEM,,TaskSuccessEvent
2026-05-13T20:14:34.753351Z,114,dc.scaffold.htb,Microsoft-Windows-TaskScheduler,Microsoft-Windows-TaskScheduler/Operational,447,3,,,B30FBA2F-0CD3-42F2-A700-31566A409E55,,,,,,,,,\Microsoft\Windows\Windows Error Reporting\QueueReporting,,,MissedTaskLaunched
2026-05-13T20:14:34.753509Z,114,dc.scaffold.htb,Microsoft-Windows-TaskScheduler,Microsoft-Windows-TaskScheduler/Operational,448,3,,,632B2231-B99C-4CF6-9154-587AC427D7E4,,,,,,,,,\MicrosoftEdgeUpdateTaskMachineCore,,,MissedTaskLaunched
2026-05-13T20:14:34.759123Z,129,dc.scaffold.htb,Microsoft-Windows-TaskScheduler,Microsoft-Windows-TaskScheduler/Operational,449,4,,,,,%windir%\system32\wermgr.exe,16384,1724,,,,,\Microsoft\Windows\Windows Error Reporting\QueueReporting,,,CreatedTaskProcess
2026-05-13T20:14:34.759817Z,100,dc.scaffold.htb,Microsoft-Windows-TaskScheduler,Microsoft-Windows-TaskScheduler/Operational,450,4,,,B30FBA2F-0CD3-42F2-A700-31566A409E55,,,,,,,,,\Microsoft\Windows\Windows Error Reporting\QueueReporting,NT AUTHORITY\SYSTEM,,TaskStartEvent
2026-05-13T20:14:34.759821Z,200,dc.scaffold.htb,Microsoft-Windows-TaskScheduler,Microsoft-Windows-TaskScheduler/Operational,451,4,%windir%\system32\wermgr.exe,1724,,,,,,,,,B30FBA2F-0CD3-42F2-A700-31566A409E55,\Microsoft\Windows\Windows Error Reporting\QueueReporting,,,ActionStart
2026-05-13T20:14:34.760420Z,129,dc.scaffold.htb,Microsoft-Windows-TaskScheduler,Microsoft-Windows-TaskScheduler/Operational,452,4,,,,,C:\Program Files (x86)\Microsoft\EdgeUpdate\MicrosoftEdgeUpdate.exe,32,3916,,,,,\MicrosoftEdgeUpdateTaskMachineCore,,,CreatedTaskProcess
2026-05-13T20:14:34.760657Z,100,dc.scaffold.htb,Microsoft-Windows-TaskScheduler,Microsoft-Windows-TaskScheduler/Operational,453,4,,,632B2231-B99C-4CF6-9154-587AC427D7E4,,,,,,,,,\MicrosoftEdgeUpdateTaskMachineCore,NT AUTHORITY\SYSTEM,,TaskStartEvent
2026-05-13T20:14:34.760659Z,200,dc.scaffold.htb,Microsoft-Windows-TaskScheduler,Microsoft-Windows-TaskScheduler/Operational,454,4,C:\Program Files (x86)\Microsoft\EdgeUpdate\MicrosoftEdgeUpdate.exe,3916,,,,,,,,,632B2231-B99C-4CF6-9154-587AC427D7E4,\MicrosoftEdgeUpdateTaskMachineCore,,,ActionStart
2026-05-13T20:14:34.798707Z,201,dc.scaffold.htb,Microsoft-Windows-TaskScheduler,Microsoft-Windows-TaskScheduler/Operational,455,4,C:\Program Files (x86)\Microsoft\EdgeUpdate\MicrosoftEdgeUpdate.exe,3916,,,,,,,0,,632B2231-B99C-4CF6-9154-587AC427D7E4,\MicrosoftEdgeUpdateTaskMachineCore,,,ActionSuccess
2026-05-13T20:14:34.798992Z,102,dc.scaffold.htb,Microsoft-Windows-TaskScheduler,Microsoft-Windows-TaskScheduler/Operational,456,4,,,632B2231-B99C-4CF6-9154-587AC427D7E4,,,,,,,,,\MicrosoftEdgeUpdateTaskMachineCore,NT AUTHORITY\SYSTEM,,TaskSuccessEvent
2026-05-13T20:14:34.805225Z,201,dc.scaffold.htb,Microsoft-Windows-TaskScheduler,Microsoft-Windows-TaskScheduler/Operational,457,4,%windir%\system32\wermgr.exe,1724,,,,,,,0,,B30FBA2F-0CD3-42F2-A700-31566A409E55,\Microsoft\Windows\Windows Error Reporting\QueueReporting,,,ActionSuccess
2026-05-13T20:14:34.805387Z,102,dc.scaffold.htb,Microsoft-Windows-TaskScheduler,Microsoft-Windows-TaskScheduler/Operational,458,4,,,B30FBA2F-0CD3-42F2-A700-31566A409E55,,,,,,,,,\Microsoft\Windows\Windows Error Reporting\QueueReporting,NT AUTHORITY\SYSTEM,,TaskSuccessEvent
2026-05-13T20:15:45.393813Z,119,dc.scaffold.htb,Microsoft-Windows-TaskScheduler,Microsoft-Windows-TaskScheduler/Operational,459,4,,,D68F696A-0790-42D2-B7D3-F74D232AC11C,,,,,,,,,\Microsoft\Windows\Server Manager\ServerManager,,SCAFFOLD\Administrator,LogonTrigger
2026-05-13T20:15:45.394940Z,119,dc.scaffold.htb,Microsoft-Windows-TaskScheduler,Microsoft-Windows-TaskScheduler/Operational,460,4,,,DA5AB0A7-350B-44EF-BF70-F7B794CB7F45,,,,,,,,,\Microsoft\Windows\TextServicesFramework\MsCtfMonitor,,SCAFFOLD\Administrator,LogonTrigger
2026-05-13T20:15:45.395030Z,119,dc.scaffold.htb,Microsoft-Windows-TaskScheduler,Microsoft-Windows-TaskScheduler/Operational,461,4,,,7CAAACA6-98CB-4AEC-9D73-D29477003E16,,,,,,,,,\Microsoft\Windows\CertificateServicesClient\UserTask,,SCAFFOLD\Administrator,LogonTrigger
2026-05-13T20:15:45.397866Z,119,dc.scaffold.htb,Microsoft-Windows-TaskScheduler,Microsoft-Windows-TaskScheduler/Operational,462,4,,,BAFC3C9B-4033-4CD3-9F4B-90720A00F6EA,,,,,,,,,\Microsoft\Windows\Wininet\CacheTask,,SCAFFOLD\Administrator,LogonTrigger
2026-05-13T20:15:45.398284Z,119,dc.scaffold.htb,Microsoft-Windows-TaskScheduler,Microsoft-Windows-TaskScheduler/Operational,463,4,,,53C59777-350C-47FC-86AB-1F237F02CE44,,,,,,,,,\Microsoft\Windows\WindowsColorSystem\Calibration Loader,,SCAFFOLD\Administrator,LogonTrigger
2026-05-13T20:15:45.399234Z,129,dc.scaffold.htb,Microsoft-Windows-TaskScheduler,Microsoft-Windows-TaskScheduler/Operational,464,4,,,,,%windir%\system32\ServerManagerLauncher.exe,32,5752,,,,,\Microsoft\Windows\Server Manager\ServerManager,,,CreatedTaskProcess
2026-05-13T20:15:45.399584Z,100,dc.scaffold.htb,Microsoft-Windows-TaskScheduler,Microsoft-Windows-TaskScheduler/Operational,465,4,,,D68F696A-0790-42D2-B7D3-F74D232AC11C,,,,,,,,,\Microsoft\Windows\Server Manager\ServerManager,SCAFFOLD\Administrator,,TaskStartEvent
2026-05-13T20:15:45.399587Z,200,dc.scaffold.htb,Microsoft-Windows-TaskScheduler,Microsoft-Windows-TaskScheduler/Operational,466,4,%windir%\system32\ServerManagerLauncher.exe,5752,,,,,,,,,D68F696A-0790-42D2-B7D3-F74D232AC11C,\Microsoft\Windows\Server Manager\ServerManager,,,ActionStart
2026-05-13T20:15:45.399699Z,129,dc.scaffold.htb,Microsoft-Windows-TaskScheduler,Microsoft-Windows-TaskScheduler/Operational,467,4,,,,,taskhostw.exe,32,5664,,,,,\Microsoft\Windows\TextServicesFramework\MsCtfMonitor,,,CreatedTaskProcess
2026-05-13T20:15:45.400005Z,100,dc.scaffold.htb,Microsoft-Windows-TaskScheduler,Microsoft-Windows-TaskScheduler/Operational,468,4,,,DA5AB0A7-350B-44EF-BF70-F7B794CB7F45,,,,,,,,,\Microsoft\Windows\TextServicesFramework\MsCtfMonitor,SCAFFOLD\Administrator,,TaskStartEvent
2026-05-13T20:15:45.400007Z,200,dc.scaffold.htb,Microsoft-Windows-TaskScheduler,Microsoft-Windows-TaskScheduler/Operational,469,4,MsCtfMonitor task handler,5664,,,,,,,,,DA5AB0A7-350B-44EF-BF70-F7B794CB7F45,\Microsoft\Windows\TextServicesFramework\MsCtfMonitor,,,ActionStart
2026-05-13T20:15:45.400538Z,119,dc.scaffold.htb,Microsoft-Windows-TaskScheduler,Microsoft-Windows-TaskScheduler/Operational,470,4,,,0C59E019-25F8-4F55-A0F4-D12E06BE19A4,,,,,,,,,\MicrosoftEdgeUpdateTaskMachineCore,,SCAFFOLD\Administrator,LogonTrigger
2026-05-13T20:15:45.403666Z,119,dc.scaffold.htb,Microsoft-Windows-TaskScheduler,Microsoft-Windows-TaskScheduler/Operational,471,4,,,053B4093-64B9-42B9-9F07-6A20066D686D,,,,,,,,,\Microsoft\Windows\Plug and Play\Device Install Reboot Required,,SCAFFOLD\Administrator,LogonTrigger
2026-05-13T20:15:45.411637Z,129,dc.scaffold.htb,Microsoft-Windows-TaskScheduler,Microsoft-Windows-TaskScheduler/Operational,472,4,,,,,C:\Program Files (x86)\Microsoft\EdgeUpdate\MicrosoftEdgeUpdate.exe,32,5680,,,,,\MicrosoftEdgeUpdateTaskMachineCore,,,CreatedTaskProcess
2026-05-13T20:15:45.414912Z,100,dc.scaffold.htb,Microsoft-Windows-TaskScheduler,Microsoft-Windows-TaskScheduler/Operational,473,4,,,0C59E019-25F8-4F55-A0F4-D12E06BE19A4,,,,,,,,,\MicrosoftEdgeUpdateTaskMachineCore,NT AUTHORITY\SYSTEM,,TaskStartEvent
2026-05-13T20:15:45.414916Z,200,dc.scaffold.htb,Microsoft-Windows-TaskScheduler,Microsoft-Windows-TaskScheduler/Operational,474,4,C:\Program Files (x86)\Microsoft\EdgeUpdate\MicrosoftEdgeUpdate.exe,5680,,,,,,,,,0C59E019-25F8-4F55-A0F4-D12E06BE19A4,\MicrosoftEdgeUpdateTaskMachineCore,,,ActionStart
2026-05-13T20:15:45.428543Z,129,dc.scaffold.htb,Microsoft-Windows-TaskScheduler,Microsoft-Windows-TaskScheduler/Operational,475,4,,,,,taskhostw.exe,32,1828,,,,,\Microsoft\Windows\Plug and Play\Device Install Reboot Required,,,CreatedTaskProcess
2026-05-13T20:15:45.429279Z,100,dc.scaffold.htb,Microsoft-Windows-TaskScheduler,Microsoft-Windows-TaskScheduler/Operational,476,4,,,053B4093-64B9-42B9-9F07-6A20066D686D,,,,,,,,,\Microsoft\Windows\Plug and Play\Device Install Reboot Required,SCAFFOLD\Administrator,,TaskStartEvent
2026-05-13T20:15:45.429282Z,200,dc.scaffold.htb,Microsoft-Windows-TaskScheduler,Microsoft-Windows-TaskScheduler/Operational,477,4,Device Installation Reboot Dialog Task,1828,,,,,,,,,053B4093-64B9-42B9-9F07-6A20066D686D,\Microsoft\Windows\Plug and Play\Device Install Reboot Required,,,ActionStart
2026-05-13T20:15:45.507766Z,100,dc.scaffold.htb,Microsoft-Windows-TaskScheduler,Microsoft-Windows-TaskScheduler/Operational,478,4,,,BAFC3C9B-4033-4CD3-9F4B-90720A00F6EA,,,,,,,,,\Microsoft\Windows\Wininet\CacheTask,SCAFFOLD\Administrator,,TaskStartEvent
2026-05-13T20:15:45.507769Z,200,dc.scaffold.htb,Microsoft-Windows-TaskScheduler,Microsoft-Windows-TaskScheduler/Operational,479,4,Wininet Cache task object,5664,,,,,,,,,BAFC3C9B-4033-4CD3-9F4B-90720A00F6EA,\Microsoft\Windows\Wininet\CacheTask,,,ActionStart
2026-05-13T20:15:45.516801Z,129,dc.scaffold.htb,Microsoft-Windows-TaskScheduler,Microsoft-Windows-TaskScheduler/Operational,480,4,,,,,taskhostw.exe,32,2836,,,,,\Microsoft\Windows\CertificateServicesClient\UserTask,,,CreatedTaskProcess
2026-05-13T20:15:45.517269Z,100,dc.scaffold.htb,Microsoft-Windows-TaskScheduler,Microsoft-Windows-TaskScheduler/Operational,481,4,,,7CAAACA6-98CB-4AEC-9D73-D29477003E16,,,,,,,,,\Microsoft\Windows\CertificateServicesClient\UserTask,SCAFFOLD\Administrator,,TaskStartEvent
2026-05-13T20:15:45.517272Z,200,dc.scaffold.htb,Microsoft-Windows-TaskScheduler,Microsoft-Windows-TaskScheduler/Operational,482,4,Certificate Services Client Task Handler,2836,,,,,,,,,7CAAACA6-98CB-4AEC-9D73-D29477003E16,\Microsoft\Windows\CertificateServicesClient\UserTask,,,ActionStart
2026-05-13T20:15:45.520622Z,201,dc.scaffold.htb,Microsoft-Windows-TaskScheduler,Microsoft-Windows-TaskScheduler/Operational,483,4,MsCtfMonitor task handler,5664,,,,,,,0,,DA5AB0A7-350B-44EF-BF70-F7B794CB7F45,\Microsoft\Windows\TextServicesFramework\MsCtfMonitor,,,ActionSuccess
2026-05-13T20:15:45.520624Z,102,dc.scaffold.htb,Microsoft-Windows-TaskScheduler,Microsoft-Windows-TaskScheduler/Operational,484,4,,,DA5AB0A7-350B-44EF-BF70-F7B794CB7F45,,,,,,,,,\Microsoft\Windows\TextServicesFramework\MsCtfMonitor,SCAFFOLD\Administrator,,TaskSuccessEvent
2026-05-13T20:15:45.634906Z,100,dc.scaffold.htb,Microsoft-Windows-TaskScheduler,Microsoft-Windows-TaskScheduler/Operational,485,4,,,53C59777-350C-47FC-86AB-1F237F02CE44,,,,,,,,,\Microsoft\Windows\WindowsColorSystem\Calibration Loader,SCAFFOLD\Administrator,,TaskStartEvent
2026-05-13T20:15:45.634910Z,200,dc.scaffold.htb,Microsoft-Windows-TaskScheduler,Microsoft-Windows-TaskScheduler/Operational,486,4,Color Calibration Loader,2836,,,,,,,,,53C59777-350C-47FC-86AB-1F237F02CE44,\Microsoft\Windows\WindowsColorSystem\Calibration Loader,,,ActionStart
2026-05-13T20:15:45.856921Z,201,dc.scaffold.htb,Microsoft-Windows-TaskScheduler,Microsoft-Windows-TaskScheduler/Operational,487,4,Device Installation Reboot Dialog Task,1828,,,,,,,0,,053B4093-64B9-42B9-9F07-6A20066D686D,\Microsoft\Windows\Plug and Play\Device Install Reboot Required,,,ActionSuccess
2026-05-13T20:15:45.856923Z,102,dc.scaffold.htb,Microsoft-Windows-TaskScheduler,Microsoft-Windows-TaskScheduler/Operational,488,4,,,053B4093-64B9-42B9-9F07-6A20066D686D,,,,,,,,,\Microsoft\Windows\Plug and Play\Device Install Reboot Required,SCAFFOLD\Administrator,,TaskSuccessEvent
2026-05-13T20:15:45.973938Z,141,dc.scaffold.htb,Microsoft-Windows-TaskScheduler,Microsoft-Windows-TaskScheduler/Operational,489,4,,,,,,,,,,,,\CreateExplorerShellUnelevatedTask,,SCAFFOLD\Administrator,TaskDeleted
2026-05-13T20:15:45.992409Z,106,dc.scaffold.htb,Microsoft-Windows-TaskScheduler,Microsoft-Windows-TaskScheduler/Operational,490,4,,,,,,,,,,,,\CreateExplorerShellUnelevatedTask,SCAFFOLD\Administrator,,TaskRegisteredEvent
2026-05-13T20:15:45.992413Z,140,dc.scaffold.htb,Microsoft-Windows-TaskScheduler,Microsoft-Windows-TaskScheduler/Operational,491,4,,,,,,,,,,,,\CreateExplorerShellUnelevatedTask,,SCAFFOLD\Administrator,TaskUpdated
2026-05-13T20:15:45.993936Z,109,dc.scaffold.htb,Microsoft-Windows-TaskScheduler,Microsoft-Windows-TaskScheduler/Operational,492,4,,,9B5165B6-2B36-4B30-A635-CD9E4D208376,,,,,,,,,\CreateExplorerShellUnelevatedTask,,,RegistrationTriggerEvent
2026-05-13T20:15:46.000955Z,129,dc.scaffold.htb,Microsoft-Windows-TaskScheduler,Microsoft-Windows-TaskScheduler/Operational,493,4,,,,,C:\Windows\Explorer.EXE,32,2196,,,,,\CreateExplorerShellUnelevatedTask,,,CreatedTaskProcess
2026-05-13T20:15:46.001270Z,100,dc.scaffold.htb,Microsoft-Windows-TaskScheduler,Microsoft-Windows-TaskScheduler/Operational,494,4,,,9B5165B6-2B36-4B30-A635-CD9E4D208376,,,,,,,,,\CreateExplorerShellUnelevatedTask,SCAFFOLD\Administrator,,TaskStartEvent
2026-05-13T20:15:46.001272Z,200,dc.scaffold.htb,Microsoft-Windows-TaskScheduler,Microsoft-Windows-TaskScheduler/Operational,495,4,C:\Windows\Explorer.EXE,2196,,,,,,,,,9B5165B6-2B36-4B30-A635-CD9E4D208376,\CreateExplorerShellUnelevatedTask,,,ActionStart
2026-05-13T20:15:46.152229Z,201,dc.scaffold.htb,Microsoft-Windows-TaskScheduler,Microsoft-Windows-TaskScheduler/Operational,496,4,Certificate Services Client Task Handler,2836,,,,,,,0,,7CAAACA6-98CB-4AEC-9D73-D29477003E16,\Microsoft\Windows\CertificateServicesClient\UserTask,,,ActionSuccess
2026-05-13T20:15:46.152232Z,102,dc.scaffold.htb,Microsoft-Windows-TaskScheduler,Microsoft-Windows-TaskScheduler/Operational,497,4,,,7CAAACA6-98CB-4AEC-9D73-D29477003E16,,,,,,,,,\Microsoft\Windows\CertificateServicesClient\UserTask,SCAFFOLD\Administrator,,TaskSuccessEvent
2026-05-13T20:15:46.286215Z,201,dc.scaffold.htb,Microsoft-Windows-TaskScheduler,Microsoft-Windows-TaskScheduler/Operational,498,4,Color Calibration Loader,2836,,,,,,,0,,53C59777-350C-47FC-86AB-1F237F02CE44,\Microsoft\Windows\WindowsColorSystem\Calibration Loader,,,ActionSuccess
2026-05-13T20:15:46.286218Z,102,dc.scaffold.htb,Microsoft-Windows-TaskScheduler,Microsoft-Windows-TaskScheduler/Operational,499,4,,,53C59777-350C-47FC-86AB-1F237F02CE44,,,,,,,,,\Microsoft\Windows\WindowsColorSystem\Calibration Loader,SCAFFOLD\Administrator,,TaskSuccessEvent
2026-05-13T20:15:48.176080Z,201,dc.scaffold.htb,Microsoft-Windows-TaskScheduler,Microsoft-Windows-TaskScheduler/Operational,500,4,%windir%\system32\ServerManagerLauncher.exe,5752,,,,,,,0,,D68F696A-0790-42D2-B7D3-F74D232AC11C,\Microsoft\Windows\Server Manager\ServerManager,,,ActionSuccess
2026-05-13T20:15:48.176330Z,102,dc.scaffold.htb,Microsoft-Windows-TaskScheduler,Microsoft-Windows-TaskScheduler/Operational,501,4,,,D68F696A-0790-42D2-B7D3-F74D232AC11C,,,,,,,,,\Microsoft\Windows\Server Manager\ServerManager,SCAFFOLD\Administrator,,TaskSuccessEvent
2026-05-13T20:16:15.888108Z,119,dc.scaffold.htb,Microsoft-Windows-TaskScheduler,Microsoft-Windows-TaskScheduler/Operational,502,4,,,FBC09127-ACC2-40FA-A6AC-70398AA9DB22,,,,,,,,,\Microsoft\Windows\International\Synchronize Language Settings,,SCAFFOLD\Administrator,LogonTrigger
2026-05-13T20:16:15.891308Z,129,dc.scaffold.htb,Microsoft-Windows-TaskScheduler,Microsoft-Windows-TaskScheduler/Operational,503,4,,,,,taskhostw.exe,32,5360,,,,,\Microsoft\Windows\International\Synchronize Language Settings,,,CreatedTaskProcess
2026-05-13T20:16:15.891803Z,100,dc.scaffold.htb,Microsoft-Windows-TaskScheduler,Microsoft-Windows-TaskScheduler/Operational,504,4,,,FBC09127-ACC2-40FA-A6AC-70398AA9DB22,,,,,,,,,\Microsoft\Windows\International\Synchronize Language Settings,SCAFFOLD\Administrator,,TaskStartEvent
2026-05-13T20:16:15.891807Z,200,dc.scaffold.htb,Microsoft-Windows-TaskScheduler,Microsoft-Windows-TaskScheduler/Operational,505,4,Sync Language Data From Cloud Task,5360,,,,,,,,,FBC09127-ACC2-40FA-A6AC-70398AA9DB22,\Microsoft\Windows\International\Synchronize Language Settings,,,ActionStart
2026-05-13T20:16:45.888391Z,119,dc.scaffold.htb,Microsoft-Windows-TaskScheduler,Microsoft-Windows-TaskScheduler/Operational,506,4,,,7C8ACC80-6FBF-45A2-90C8-D3903F17CA69,,,,,,,,,\Microsoft\Windows\Workplace Join\Automatic-Device-Join,,SCAFFOLD\Administrator,LogonTrigger
2026-05-13T20:16:45.891037Z,129,dc.scaffold.htb,Microsoft-Windows-TaskScheduler,Microsoft-Windows-TaskScheduler/Operational,507,4,,,,,%SystemRoot%\System32\dsregcmd.exe,16384,1392,,,,,\Microsoft\Windows\Workplace Join\Automatic-Device-Join,,,CreatedTaskProcess
2026-05-13T20:16:45.891260Z,100,dc.scaffold.htb,Microsoft-Windows-TaskScheduler,Microsoft-Windows-TaskScheduler/Operational,508,4,,,7C8ACC80-6FBF-45A2-90C8-D3903F17CA69,,,,,,,,,\Microsoft\Windows\Workplace Join\Automatic-Device-Join,NT AUTHORITY\SYSTEM,,TaskStartEvent
2026-05-13T20:16:45.891262Z,200,dc.scaffold.htb,Microsoft-Windows-TaskScheduler,Microsoft-Windows-TaskScheduler/Operational,509,4,%SystemRoot%\System32\dsregcmd.exe,1392,,,,,,,,,7C8ACC80-6FBF-45A2-90C8-D3903F17CA69,\Microsoft\Windows\Workplace Join\Automatic-Device-Join,,,ActionStart
2026-05-13T20:16:45.965320Z,201,dc.scaffold.htb,Microsoft-Windows-TaskScheduler,Microsoft-Windows-TaskScheduler/Operational,510,4,%SystemRoot%\System32\dsregcmd.exe,1392,,,,,,,2147942401,,7C8ACC80-6FBF-45A2-90C8-D3903F17CA69,\Microsoft\Windows\Workplace Join\Automatic-Device-Join,,,ActionSuccess
2026-05-13T20:16:45.965521Z,102,dc.scaffold.htb,Microsoft-Windows-TaskScheduler,Microsoft-Windows-TaskScheduler/Operational,511,4,,,7C8ACC80-6FBF-45A2-90C8-D3903F17CA69,,,,,,,,,\Microsoft\Windows\Workplace Join\Automatic-Device-Join,NT AUTHORITY\SYSTEM,,TaskSuccessEvent
2026-05-13T20:16:50.539192Z,202,dc.scaffold.htb,Microsoft-Windows-TaskScheduler,Microsoft-Windows-TaskScheduler/Operational,512,2,Sync Language Data From Cloud Task,5360,,,,,,,2147746053,,FBC09127-ACC2-40FA-A6AC-70398AA9DB22,\Microsoft\Windows\International\Synchronize Language Settings,,,ActionFailure
2026-05-13T20:16:50.539197Z,103,dc.scaffold.htb,Microsoft-Windows-TaskScheduler,Microsoft-Windows-TaskScheduler/Operational,513,2,,,FBC09127-ACC2-40FA-A6AC-70398AA9DB22,,,,,,2147746053,,,\Microsoft\Windows\International\Synchronize Language Settings,SCAFFOLD\Administrator,,TaskFailureEvent
2026-05-13T20:18:15.243083Z,141,dc.scaffold.htb,Microsoft-Windows-TaskScheduler,Microsoft-Windows-TaskScheduler/Operational,514,4,,,,,,,,,,,,\Microsoft\Windows\Windows Defender\Windows Defender Scheduled Scan,,NT AUTHORITY\System,TaskDeleted
2026-05-13T20:18:15.250523Z,106,dc.scaffold.htb,Microsoft-Windows-TaskScheduler,Microsoft-Windows-TaskScheduler/Operational,515,4,,,,,,,,,,,,\Microsoft\Windows\Windows Defender\Windows Defender Scheduled Scan,SCAFFOLD\DC$,,TaskRegisteredEvent
2026-05-13T20:18:15.250524Z,140,dc.scaffold.htb,Microsoft-Windows-TaskScheduler,Microsoft-Windows-TaskScheduler/Operational,516,4,,,,,,,,,,,,\Microsoft\Windows\Windows Defender\Windows Defender Scheduled Scan,,SCAFFOLD\DC$,TaskUpdated
2026-05-13T20:27:20.902577Z,119,dc.scaffold.htb,Microsoft-Windows-TaskScheduler,Microsoft-Windows-TaskScheduler/Operational,517,4,,,A867CBF5-DC7D-40AE-A179-94D97C80780B,,,,,,,,,\Microsoft\Windows\Device Information\Device User,,SCAFFOLD\Administrator,LogonTrigger
2026-05-13T20:27:20.929569Z,129,dc.scaffold.htb,Microsoft-Windows-TaskScheduler,Microsoft-Windows-TaskScheduler/Operational,518,4,,,,,%windir%\system32\devicecensus.exe,16384,3836,,,,,\Microsoft\Windows\Device Information\Device User,,,CreatedTaskProcess
2026-05-13T20:27:20.930088Z,100,dc.scaffold.htb,Microsoft-Windows-TaskScheduler,Microsoft-Windows-TaskScheduler/Operational,519,4,,,A867CBF5-DC7D-40AE-A179-94D97C80780B,,,,,,,,,\Microsoft\Windows\Device Information\Device User,SCAFFOLD\Administrator,,TaskStartEvent
2026-05-13T20:27:20.930091Z,200,dc.scaffold.htb,Microsoft-Windows-TaskScheduler,Microsoft-Windows-TaskScheduler/Operational,520,4,%windir%\system32\devicecensus.exe,3836,,,,,,,,,A867CBF5-DC7D-40AE-A179-94D97C80780B,\Microsoft\Windows\Device Information\Device User,,,ActionStart
2026-05-13T20:27:20.945961Z,201,dc.scaffold.htb,Microsoft-Windows-TaskScheduler,Microsoft-Windows-TaskScheduler/Operational,521,4,%windir%\system32\devicecensus.exe,3836,,,,,,,0,,A867CBF5-DC7D-40AE-A179-94D97C80780B,\Microsoft\Windows\Device Information\Device User,,,ActionSuccess
2026-05-13T20:27:20.946256Z,102,dc.scaffold.htb,Microsoft-Windows-TaskScheduler,Microsoft-Windows-TaskScheduler/Operational,522,4,,,A867CBF5-DC7D-40AE-A179-94D97C80780B,,,,,,,,,\Microsoft\Windows\Device Information\Device User,SCAFFOLD\Administrator,,TaskSuccessEvent
2026-05-13T20:29:16.435301Z,140,dc.scaffold.htb,Microsoft-Windows-TaskScheduler,Microsoft-Windows-TaskScheduler/Operational,523,4,,,,,,,,,,,,\Microsoft\Windows\WindowsUpdate\Scheduled Start,,NT AUTHORITY\SYSTEM,TaskUpdated
2026-05-13T20:30:20.942828Z,129,dc.scaffold.htb,Microsoft-Windows-TaskScheduler,Microsoft-Windows-TaskScheduler/Operational,524,4,,,,,%systemroot%\system32\usoclient.exe,16384,3336,,,,,\Microsoft\Windows\UpdateOrchestrator\Report policies,,,CreatedTaskProcess
2026-05-13T20:30:20.943511Z,100,dc.scaffold.htb,Microsoft-Windows-TaskScheduler,Microsoft-Windows-TaskScheduler/Operational,525,4,,,26AF54DB-B76D-4C54-9F66-38BE2B64E4DB,,,,,,,,,\Microsoft\Windows\UpdateOrchestrator\Report policies,NT AUTHORITY\SYSTEM,,TaskStartEvent
2026-05-13T20:30:20.943514Z,200,dc.scaffold.htb,Microsoft-Windows-TaskScheduler,Microsoft-Windows-TaskScheduler/Operational,526,4,%systemroot%\system32\usoclient.exe,3336,,,,,,,,,26AF54DB-B76D-4C54-9F66-38BE2B64E4DB,\Microsoft\Windows\UpdateOrchestrator\Report policies,,,ActionStart
2026-05-13T20:30:20.991333Z,201,dc.scaffold.htb,Microsoft-Windows-TaskScheduler,Microsoft-Windows-TaskScheduler/Operational,527,4,%systemroot%\system32\usoclient.exe,3336,,,,,,,0,,26AF54DB-B76D-4C54-9F66-38BE2B64E4DB,\Microsoft\Windows\UpdateOrchestrator\Report policies,,,ActionSuccess
2026-05-13T20:30:20.991499Z,102,dc.scaffold.htb,Microsoft-Windows-TaskScheduler,Microsoft-Windows-TaskScheduler/Operational,528,4,,,26AF54DB-B76D-4C54-9F66-38BE2B64E4DB,,,,,,,,,\Microsoft\Windows\UpdateOrchestrator\Report policies,NT AUTHORITY\SYSTEM,,TaskSuccessEvent
2026-05-13T20:31:08.077806Z,325,dc.scaffold.htb,Microsoft-Windows-TaskScheduler,Microsoft-Windows-TaskScheduler/Operational,529,3,,,,,,,,4F1FD501-2086-4C0F-BEA9-9A8E7D610526,,,,\Microsoft\Windows\WDI\ResolutionHost,,,TaskInstanceQueued
2026-05-13T20:31:08.086280Z,129,dc.scaffold.htb,Microsoft-Windows-TaskScheduler,Microsoft-Windows-TaskScheduler/Operational,530,4,,,,,taskhostw.exe,32,2188,,,,,\Microsoft\Windows\WDI\ResolutionHost,,,CreatedTaskProcess
2026-05-13T20:31:08.086898Z,100,dc.scaffold.htb,Microsoft-Windows-TaskScheduler,Microsoft-Windows-TaskScheduler/Operational,531,4,,,4F1FD501-2086-4C0F-BEA9-9A8E7D610526,,,,,,,,,\Microsoft\Windows\WDI\ResolutionHost,SCAFFOLD\Administrator,,TaskStartEvent
2026-05-13T20:31:08.086901Z,200,dc.scaffold.htb,Microsoft-Windows-TaskScheduler,Microsoft-Windows-TaskScheduler/Operational,532,4,DiagnosticInfrastructureCustomHandler,2188,,,,,,,,,4F1FD501-2086-4C0F-BEA9-9A8E7D610526,\Microsoft\Windows\WDI\ResolutionHost,,,ActionStart
2026-05-13T20:31:08.087612Z,110,dc.scaffold.htb,Microsoft-Windows-TaskScheduler,Microsoft-Windows-TaskScheduler/Operational,533,4,,,4F1FD501-2086-4C0F-BEA9-9A8E7D610526,,,,,,,,,\Microsoft\Windows\WDI\ResolutionHost,Administrator,,TaskRunEvent
2026-05-13T20:38:37.385024Z,140,dc.scaffold.htb,Microsoft-Windows-TaskScheduler,Microsoft-Windows-TaskScheduler/Operational,534,4,,,,,,,,,,,,\Microsoft\Windows\SoftwareProtectionPlatform\SvcRestartTask,,SCAFFOLD\DC$,TaskUpdated
2026-05-13T20:39:23.504508Z,107,dc.scaffold.htb,Microsoft-Windows-TaskScheduler,Microsoft-Windows-TaskScheduler/Operational,535,4,,,C8591B49-0325-49E5-8E60-205FC037672B,,,,,,,,,\MicrosoftEdgeUpdateTaskMachineUA,,,TimeTriggerEvent
2026-05-13T20:39:23.507482Z,129,dc.scaffold.htb,Microsoft-Windows-TaskScheduler,Microsoft-Windows-TaskScheduler/Operational,536,4,,,,,C:\Program Files (x86)\Microsoft\EdgeUpdate\MicrosoftEdgeUpdate.exe,32,1764,,,,,\MicrosoftEdgeUpdateTaskMachineUA,,,CreatedTaskProcess
2026-05-13T20:39:23.507869Z,100,dc.scaffold.htb,Microsoft-Windows-TaskScheduler,Microsoft-Windows-TaskScheduler/Operational,537,4,,,C8591B49-0325-49E5-8E60-205FC037672B,,,,,,,,,\MicrosoftEdgeUpdateTaskMachineUA,NT AUTHORITY\SYSTEM,,TaskStartEvent
2026-05-13T20:39:23.507873Z,200,dc.scaffold.htb,Microsoft-Windows-TaskScheduler,Microsoft-Windows-TaskScheduler/Operational,538,4,C:\Program Files (x86)\Microsoft\EdgeUpdate\MicrosoftEdgeUpdate.exe,1764,,,,,,,,,C8591B49-0325-49E5-8E60-205FC037672B,\MicrosoftEdgeUpdateTaskMachineUA,,,ActionStart
2026-05-13T20:39:23.562970Z,201,dc.scaffold.htb,Microsoft-Windows-TaskScheduler,Microsoft-Windows-TaskScheduler/Operational,539,4,C:\Program Files (x86)\Microsoft\EdgeUpdate\MicrosoftEdgeUpdate.exe,1764,,,,,,,0,,C8591B49-0325-49E5-8E60-205FC037672B,\MicrosoftEdgeUpdateTaskMachineUA,,,ActionSuccess
2026-05-13T20:39:23.563088Z,102,dc.scaffold.htb,Microsoft-Windows-TaskScheduler,Microsoft-Windows-TaskScheduler/Operational,540,4,,,C8591B49-0325-49E5-8E60-205FC037672B,,,,,,,,,\MicrosoftEdgeUpdateTaskMachineUA,NT AUTHORITY\SYSTEM,,TaskSuccessEvent
2026-05-13T20:40:46.478694Z,129,dc.scaffold.htb,Microsoft-Windows-TaskScheduler,Microsoft-Windows-TaskScheduler/Operational,541,4,,,,,taskhostw.exe,32,3448,,,,,\Microsoft\Windows\CertificateServicesClient\UserTask-Roam,,,CreatedTaskProcess
2026-05-13T20:40:46.479239Z,100,dc.scaffold.htb,Microsoft-Windows-TaskScheduler,Microsoft-Windows-TaskScheduler/Operational,542,4,,,D1327D2F-5784-4EBF-9CD9-CE61D57CC6FD,,,,,,,,,\Microsoft\Windows\CertificateServicesClient\UserTask-Roam,SCAFFOLD\Administrator,,TaskStartEvent
2026-05-13T20:40:46.479242Z,200,dc.scaffold.htb,Microsoft-Windows-TaskScheduler,Microsoft-Windows-TaskScheduler/Operational,543,4,Certificate Services Client Task Handler,3448,,,,,,,,,D1327D2F-5784-4EBF-9CD9-CE61D57CC6FD,\Microsoft\Windows\CertificateServicesClient\UserTask-Roam,,,ActionStart
2026-05-13T20:40:46.515675Z,201,dc.scaffold.htb,Microsoft-Windows-TaskScheduler,Microsoft-Windows-TaskScheduler/Operational,544,4,Certificate Services Client Task Handler,3448,,,,,,,0,,D1327D2F-5784-4EBF-9CD9-CE61D57CC6FD,\Microsoft\Windows\CertificateServicesClient\UserTask-Roam,,,ActionSuccess
2026-05-13T20:40:46.515676Z,102,dc.scaffold.htb,Microsoft-Windows-TaskScheduler,Microsoft-Windows-TaskScheduler/Operational,545,4,,,D1327D2F-5784-4EBF-9CD9-CE61D57CC6FD,,,,,,,,,\Microsoft\Windows\CertificateServicesClient\UserTask-Roam,SCAFFOLD\Administrator,,TaskSuccessEvent
2026-05-13T20:50:08.877344Z,129,dc.scaffold.htb,Microsoft-Windows-TaskScheduler,Microsoft-Windows-TaskScheduler/Operational,546,4,,,,,taskhostw.exe,32,1704,,,,,\Microsoft\Windows\CertificateServicesClient\UserTask-Roam,,,CreatedTaskProcess
2026-05-13T20:50:08.879149Z,100,dc.scaffold.htb,Microsoft-Windows-TaskScheduler,Microsoft-Windows-TaskScheduler/Operational,547,4,,,1527A0B9-84E6-4B22-A7F3-AEB6B812B3F6,,,,,,,,,\Microsoft\Windows\CertificateServicesClient\UserTask-Roam,SCAFFOLD\Administrator,,TaskStartEvent
2026-05-13T20:50:08.879152Z,200,dc.scaffold.htb,Microsoft-Windows-TaskScheduler,Microsoft-Windows-TaskScheduler/Operational,548,4,Certificate Services Client Task Handler,1704,,,,,,,,,1527A0B9-84E6-4B22-A7F3-AEB6B812B3F6,\Microsoft\Windows\CertificateServicesClient\UserTask-Roam,,,ActionStart
2026-05-13T20:50:08.980434Z,201,dc.scaffold.htb,Microsoft-Windows-TaskScheduler,Microsoft-Windows-TaskScheduler/Operational,549,4,Certificate Services Client Task Handler,1704,,,,,,,0,,1527A0B9-84E6-4B22-A7F3-AEB6B812B3F6,\Microsoft\Windows\CertificateServicesClient\UserTask-Roam,,,ActionSuccess
2026-05-13T20:50:08.980438Z,102,dc.scaffold.htb,Microsoft-Windows-TaskScheduler,Microsoft-Windows-TaskScheduler/Operational,550,4,,,1527A0B9-84E6-4B22-A7F3-AEB6B812B3F6,,,,,,,,,\Microsoft\Windows\CertificateServicesClient\UserTask-Roam,SCAFFOLD\Administrator,,TaskSuccessEvent
2026-05-13T20:51:42.539377Z,108,dc.scaffold.htb,Microsoft-Windows-TaskScheduler,Microsoft-Windows-TaskScheduler/Operational,551,4,,,FF16F654-C5CA-4807-9FED-48D19882013B,,,,,,,,,\Microsoft\Windows\Workplace Join\Automatic-Device-Join,,,EventTriggerEvent
2026-05-13T20:51:42.544238Z,129,dc.scaffold.htb,Microsoft-Windows-TaskScheduler,Microsoft-Windows-TaskScheduler/Operational,552,4,,,,,%SystemRoot%\System32\dsregcmd.exe,16384,5052,,,,,\Microsoft\Windows\Workplace Join\Automatic-Device-Join,,,CreatedTaskProcess
2026-05-13T20:51:42.544665Z,100,dc.scaffold.htb,Microsoft-Windows-TaskScheduler,Microsoft-Windows-TaskScheduler/Operational,553,4,,,FF16F654-C5CA-4807-9FED-48D19882013B,,,,,,,,,\Microsoft\Windows\Workplace Join\Automatic-Device-Join,NT AUTHORITY\SYSTEM,,TaskStartEvent
2026-05-13T20:51:42.544669Z,200,dc.scaffold.htb,Microsoft-Windows-TaskScheduler,Microsoft-Windows-TaskScheduler/Operational,554,4,%SystemRoot%\System32\dsregcmd.exe,5052,,,,,,,,,FF16F654-C5CA-4807-9FED-48D19882013B,\Microsoft\Windows\Workplace Join\Automatic-Device-Join,,,ActionStart
2026-05-13T20:51:42.659652Z,201,dc.scaffold.htb,Microsoft-Windows-TaskScheduler,Microsoft-Windows-TaskScheduler/Operational,555,4,%SystemRoot%\System32\dsregcmd.exe,5052,,,,,,,2147942401,,FF16F654-C5CA-4807-9FED-48D19882013B,\Microsoft\Windows\Workplace Join\Automatic-Device-Join,,,ActionSuccess
2026-05-13T20:51:42.659974Z,102,dc.scaffold.htb,Microsoft-Windows-TaskScheduler,Microsoft-Windows-TaskScheduler/Operational,556,4,,,FF16F654-C5CA-4807-9FED-48D19882013B,,,,,,,,,\Microsoft\Windows\Workplace Join\Automatic-Device-Join,NT AUTHORITY\SYSTEM,,TaskSuccessEvent
2026-05-13T20:55:20.896890Z,118,dc.scaffold.htb,Microsoft-Windows-TaskScheduler,Microsoft-Windows-TaskScheduler/Operational,557,4,,,A42EFE5A-5CEB-4EE0-A531-4857109B1EB4,,,,,,,,,\Microsoft\Windows\Autochk\Proxy,,,BootTrigger
2026-05-13T20:55:20.901606Z,129,dc.scaffold.htb,Microsoft-Windows-TaskScheduler,Microsoft-Windows-TaskScheduler/Operational,558,4,,,,,%windir%\system32\rundll32.exe,16384,5076,,,,,\Microsoft\Windows\Autochk\Proxy,,,CreatedTaskProcess
2026-05-13T20:55:20.902319Z,100,dc.scaffold.htb,Microsoft-Windows-TaskScheduler,Microsoft-Windows-TaskScheduler/Operational,559,4,,,A42EFE5A-5CEB-4EE0-A531-4857109B1EB4,,,,,,,,,\Microsoft\Windows\Autochk\Proxy,NT AUTHORITY\SYSTEM,,TaskStartEvent
2026-05-13T20:55:20.902323Z,200,dc.scaffold.htb,Microsoft-Windows-TaskScheduler,Microsoft-Windows-TaskScheduler/Operational,560,4,%windir%\system32\rundll32.exe,5076,,,,,,,,,A42EFE5A-5CEB-4EE0-A531-4857109B1EB4,\Microsoft\Windows\Autochk\Proxy,,,ActionStart
2026-05-13T20:55:20.963235Z,201,dc.scaffold.htb,Microsoft-Windows-TaskScheduler,Microsoft-Windows-TaskScheduler/Operational,561,4,%windir%\system32\rundll32.exe,5076,,,,,,,0,,A42EFE5A-5CEB-4EE0-A531-4857109B1EB4,\Microsoft\Windows\Autochk\Proxy,,,ActionSuccess
