2026-05-22T13:51:08.654533Z,100,dc.scaffold.htb,Microsoft-Windows-TaskScheduler,Microsoft-Windows-TaskScheduler/Operational,4290,4,,,152726F5-7C63-42DC-B519-88987E0C599F,,,,,,,,,\Microsoft\Windows\DirectX\DXGIAdapterCache,NT AUTHORITY\SYSTEM,,TaskStartEvent
2026-05-22T13:51:08.654538Z,200,dc.scaffold.htb,Microsoft-Windows-TaskScheduler,Microsoft-Windows-TaskScheduler/Operational,4291,4,%windir%\system32\dxgiadaptercache.exe,2300,,,,,,,,,152726F5-7C63-42DC-B519-88987E0C599F,\Microsoft\Windows\DirectX\DXGIAdapterCache,,,ActionStart
2026-05-22T13:51:08.657198Z,118,dc.scaffold.htb,Microsoft-Windows-TaskScheduler,Microsoft-Windows-TaskScheduler/Operational,4292,4,,,1E3117F2-3241-4342-8D65-8F5B6CDAB1A0,,,,,,,,,\Microsoft\Windows\ExploitGuard\ExploitGuard MDM policy Refresh,,,BootTrigger
2026-05-22T13:51:08.664678Z,129,dc.scaffold.htb,Microsoft-Windows-TaskScheduler,Microsoft-Windows-TaskScheduler/Operational,4293,4,,,,,taskhostw.exe,16384,2328,,,,,\Microsoft\Windows\ExploitGuard\ExploitGuard MDM policy Refresh,,,CreatedTaskProcess
2026-05-22T13:51:08.664939Z,100,dc.scaffold.htb,Microsoft-Windows-TaskScheduler,Microsoft-Windows-TaskScheduler/Operational,4294,4,,,1E3117F2-3241-4342-8D65-8F5B6CDAB1A0,,,,,,,,,\Microsoft\Windows\ExploitGuard\ExploitGuard MDM policy Refresh,NT AUTHORITY\SYSTEM,,TaskStartEvent
2026-05-22T13:51:08.664943Z,200,dc.scaffold.htb,Microsoft-Windows-TaskScheduler,Microsoft-Windows-TaskScheduler/Operational,4295,4,,2328,,,,,,,,,1E3117F2-3241-4342-8D65-8F5B6CDAB1A0,\Microsoft\Windows\ExploitGuard\ExploitGuard MDM policy Refresh,,,ActionStart
2026-05-22T13:51:08.892757Z,101,dc.scaffold.htb,Microsoft-Windows-TaskScheduler,Microsoft-Windows-TaskScheduler/Operational,4296,2,,,,,,,,,2147943568,,,\Microsoft\Windows\Workplace Join\Automatic-Device-Join,(default user),,TaskStartFailedEvent
2026-05-22T13:51:09.173297Z,100,dc.scaffold.htb,Microsoft-Windows-TaskScheduler,Microsoft-Windows-TaskScheduler/Operational,4297,4,,,831357BD-7818-4ABE-8967-E6A841976060,,,,,,,,,\Microsoft\Windows\WwanSvc\OobeDiscovery,NT AUTHORITY\SYSTEM,,TaskStartEvent
2026-05-22T13:51:09.173299Z,200,dc.scaffold.htb,Microsoft-Windows-TaskScheduler,Microsoft-Windows-TaskScheduler/Operational,4298,4,OobeEsimTaskManager,2328,,,,,,,,,831357BD-7818-4ABE-8967-E6A841976060,\Microsoft\Windows\WwanSvc\OobeDiscovery,,,ActionStart
2026-05-22T13:51:09.286665Z,129,dc.scaffold.htb,Microsoft-Windows-TaskScheduler,Microsoft-Windows-TaskScheduler/Operational,4299,4,,,,,taskhostw.exe,16384,2604,,,,,\Microsoft\Windows\Time Synchronization\ForceSynchronizeTime,,,CreatedTaskProcess
2026-05-22T13:51:09.286912Z,100,dc.scaffold.htb,Microsoft-Windows-TaskScheduler,Microsoft-Windows-TaskScheduler/Operational,4300,4,,,AC7D4063-87E1-41B4-A3A1-19F37E8C3F96,,,,,,,,,\Microsoft\Windows\Time Synchronization\ForceSynchronizeTime,(NONE),,TaskStartEvent
2026-05-22T13:51:09.286916Z,200,dc.scaffold.htb,Microsoft-Windows-TaskScheduler,Microsoft-Windows-TaskScheduler/Operational,4301,4,Time Synchronization Task Handler,2604,,,,,,,,,AC7D4063-87E1-41B4-A3A1-19F37E8C3F96,\Microsoft\Windows\Time Synchronization\ForceSynchronizeTime,,,ActionStart
2026-05-22T13:51:09.345168Z,201,dc.scaffold.htb,Microsoft-Windows-TaskScheduler,Microsoft-Windows-TaskScheduler/Operational,4302,4,Time Synchronization Task Handler,2604,,,,,,,0,,AC7D4063-87E1-41B4-A3A1-19F37E8C3F96,\Microsoft\Windows\Time Synchronization\ForceSynchronizeTime,,,ActionSuccess
2026-05-22T13:51:09.345171Z,102,dc.scaffold.htb,Microsoft-Windows-TaskScheduler,Microsoft-Windows-TaskScheduler/Operational,4303,4,,,AC7D4063-87E1-41B4-A3A1-19F37E8C3F96,,,,,,,,,\Microsoft\Windows\Time Synchronization\ForceSynchronizeTime,(NONE),,TaskSuccessEvent
2026-05-22T13:51:09.355523Z,201,dc.scaffold.htb,Microsoft-Windows-TaskScheduler,Microsoft-Windows-TaskScheduler/Operational,4304,4,,2328,,,,,,,0,,1E3117F2-3241-4342-8D65-8F5B6CDAB1A0,\Microsoft\Windows\ExploitGuard\ExploitGuard MDM policy Refresh,,,ActionSuccess
2026-05-22T13:51:09.355527Z,102,dc.scaffold.htb,Microsoft-Windows-TaskScheduler,Microsoft-Windows-TaskScheduler/Operational,4305,4,,,1E3117F2-3241-4342-8D65-8F5B6CDAB1A0,,,,,,,,,\Microsoft\Windows\ExploitGuard\ExploitGuard MDM policy Refresh,NT AUTHORITY\SYSTEM,,TaskSuccessEvent
2026-05-22T13:51:09.357678Z,201,dc.scaffold.htb,Microsoft-Windows-TaskScheduler,Microsoft-Windows-TaskScheduler/Operational,4306,4,%windir%\system32\dxgiadaptercache.exe,2300,,,,,,,0,,152726F5-7C63-42DC-B519-88987E0C599F,\Microsoft\Windows\DirectX\DXGIAdapterCache,,,ActionSuccess
2026-05-22T13:51:09.358018Z,102,dc.scaffold.htb,Microsoft-Windows-TaskScheduler,Microsoft-Windows-TaskScheduler/Operational,4307,4,,,152726F5-7C63-42DC-B519-88987E0C599F,,,,,,,,,\Microsoft\Windows\DirectX\DXGIAdapterCache,NT AUTHORITY\SYSTEM,,TaskSuccessEvent
2026-05-22T13:51:09.445995Z,201,dc.scaffold.htb,Microsoft-Windows-TaskScheduler,Microsoft-Windows-TaskScheduler/Operational,4308,4,OobeEsimTaskManager,2328,,,,,,,0,,831357BD-7818-4ABE-8967-E6A841976060,\Microsoft\Windows\WwanSvc\OobeDiscovery,,,ActionSuccess
2026-05-22T13:51:09.445998Z,102,dc.scaffold.htb,Microsoft-Windows-TaskScheduler,Microsoft-Windows-TaskScheduler/Operational,4309,4,,,831357BD-7818-4ABE-8967-E6A841976060,,,,,,,,,\Microsoft\Windows\WwanSvc\OobeDiscovery,NT AUTHORITY\SYSTEM,,TaskSuccessEvent
2026-05-22T13:51:09.623985Z,108,dc.scaffold.htb,Microsoft-Windows-TaskScheduler,Microsoft-Windows-TaskScheduler/Operational,4310,4,,,6CB2D805-301F-41D1-93C3-9DCFD058B455,,,,,,,,,\Microsoft\Windows\SoftwareProtectionPlatform\SvcRestartTaskNetwork,,,EventTriggerEvent
2026-05-22T13:51:09.629240Z,129,dc.scaffold.htb,Microsoft-Windows-TaskScheduler,Microsoft-Windows-TaskScheduler/Operational,4311,4,,,,,taskhostw.exe,16384,2668,,,,,\Microsoft\Windows\SoftwareProtectionPlatform\SvcRestartTaskNetwork,,,CreatedTaskProcess
2026-05-22T13:51:09.629732Z,100,dc.scaffold.htb,Microsoft-Windows-TaskScheduler,Microsoft-Windows-TaskScheduler/Operational,4312,4,,,6CB2D805-301F-41D1-93C3-9DCFD058B455,,,,,,,,,\Microsoft\Windows\SoftwareProtectionPlatform\SvcRestartTaskNetwork,(NONE),,TaskStartEvent
2026-05-22T13:51:09.629735Z,200,dc.scaffold.htb,Microsoft-Windows-TaskScheduler,Microsoft-Windows-TaskScheduler/Operational,4313,4,SppSvcRestartTaskHandler Class,2668,,,,,,,,,6CB2D805-301F-41D1-93C3-9DCFD058B455,\Microsoft\Windows\SoftwareProtectionPlatform\SvcRestartTaskNetwork,,,ActionStart
2026-05-22T13:51:09.905317Z,325,dc.scaffold.htb,Microsoft-Windows-TaskScheduler,Microsoft-Windows-TaskScheduler/Operational,4314,3,,,,,,,,7F130770-087D-40AB-94A6-30E4CC3F8C98,,,,\Microsoft\Windows\Workplace Join\Automatic-Device-Join,,,TaskInstanceQueued
2026-05-22T13:51:09.905470Z,110,dc.scaffold.htb,Microsoft-Windows-TaskScheduler,Microsoft-Windows-TaskScheduler/Operational,4315,4,,,7F130770-087D-40AB-94A6-30E4CC3F8C98,,,,,,,,,\Microsoft\Windows\Workplace Join\Automatic-Device-Join,System,,TaskRunEvent
2026-05-22T13:51:09.912661Z,129,dc.scaffold.htb,Microsoft-Windows-TaskScheduler,Microsoft-Windows-TaskScheduler/Operational,4316,4,,,,,%SystemRoot%\System32\dsregcmd.exe,16384,2728,,,,,\Microsoft\Windows\Workplace Join\Automatic-Device-Join,,,CreatedTaskProcess
2026-05-22T13:51:09.912933Z,100,dc.scaffold.htb,Microsoft-Windows-TaskScheduler,Microsoft-Windows-TaskScheduler/Operational,4317,4,,,7F130770-087D-40AB-94A6-30E4CC3F8C98,,,,,,,,,\Microsoft\Windows\Workplace Join\Automatic-Device-Join,NT AUTHORITY\SYSTEM,,TaskStartEvent
2026-05-22T13:51:09.912936Z,200,dc.scaffold.htb,Microsoft-Windows-TaskScheduler,Microsoft-Windows-TaskScheduler/Operational,4318,4,%SystemRoot%\System32\dsregcmd.exe,2728,,,,,,,,,7F130770-087D-40AB-94A6-30E4CC3F8C98,\Microsoft\Windows\Workplace Join\Automatic-Device-Join,,,ActionStart
2026-05-22T13:51:10.386236Z,201,dc.scaffold.htb,Microsoft-Windows-TaskScheduler,Microsoft-Windows-TaskScheduler/Operational,4319,4,SppSvcRestartTaskHandler Class,2668,,,,,,,0,,6CB2D805-301F-41D1-93C3-9DCFD058B455,\Microsoft\Windows\SoftwareProtectionPlatform\SvcRestartTaskNetwork,,,ActionSuccess
2026-05-22T13:51:10.386239Z,102,dc.scaffold.htb,Microsoft-Windows-TaskScheduler,Microsoft-Windows-TaskScheduler/Operational,4320,4,,,6CB2D805-301F-41D1-93C3-9DCFD058B455,,,,,,,,,\Microsoft\Windows\SoftwareProtectionPlatform\SvcRestartTaskNetwork,(NONE),,TaskSuccessEvent
2026-05-22T13:51:19.136929Z,118,dc.scaffold.htb,Microsoft-Windows-TaskScheduler,Microsoft-Windows-TaskScheduler/Operational,4321,4,,,A1E6E655-21D3-41BD-9496-522C32F5E031,,,,,,,,,\Microsoft\Windows\CertificateServicesClient\SystemTask,,,BootTrigger
2026-05-22T13:51:19.139143Z,129,dc.scaffold.htb,Microsoft-Windows-TaskScheduler,Microsoft-Windows-TaskScheduler/Operational,4322,4,,,,,taskhostw.exe,16384,4884,,,,,\Microsoft\Windows\CertificateServicesClient\SystemTask,,,CreatedTaskProcess
2026-05-22T13:51:19.139312Z,100,dc.scaffold.htb,Microsoft-Windows-TaskScheduler,Microsoft-Windows-TaskScheduler/Operational,4323,4,,,A1E6E655-21D3-41BD-9496-522C32F5E031,,,,,,,,,\Microsoft\Windows\CertificateServicesClient\SystemTask,NT AUTHORITY\SYSTEM,,TaskStartEvent
2026-05-22T13:51:19.139313Z,200,dc.scaffold.htb,Microsoft-Windows-TaskScheduler,Microsoft-Windows-TaskScheduler/Operational,4324,4,Certificate Services Client Task Handler,4884,,,,,,,,,A1E6E655-21D3-41BD-9496-522C32F5E031,\Microsoft\Windows\CertificateServicesClient\SystemTask,,,ActionStart
2026-05-22T13:51:47.769793Z,201,dc.scaffold.htb,Microsoft-Windows-TaskScheduler,Microsoft-Windows-TaskScheduler/Operational,4325,4,%SystemRoot%\System32\dsregcmd.exe,2728,,,,,,,0,,7F130770-087D-40AB-94A6-30E4CC3F8C98,\Microsoft\Windows\Workplace Join\Automatic-Device-Join,,,ActionSuccess
2026-05-22T13:51:47.769990Z,102,dc.scaffold.htb,Microsoft-Windows-TaskScheduler,Microsoft-Windows-TaskScheduler/Operational,4326,4,,,7F130770-087D-40AB-94A6-30E4CC3F8C98,,,,,,,,,\Microsoft\Windows\Workplace Join\Automatic-Device-Join,NT AUTHORITY\SYSTEM,,TaskSuccessEvent
2026-05-22T13:51:57.589865Z,201,dc.scaffold.htb,Microsoft-Windows-TaskScheduler,Microsoft-Windows-TaskScheduler/Operational,4327,4,Certificate Services Client Task Handler,4884,,,,,,,0,,A1E6E655-21D3-41BD-9496-522C32F5E031,\Microsoft\Windows\CertificateServicesClient\SystemTask,,,ActionSuccess
2026-05-22T13:51:57.589866Z,102,dc.scaffold.htb,Microsoft-Windows-TaskScheduler,Microsoft-Windows-TaskScheduler/Operational,4328,4,,,A1E6E655-21D3-41BD-9496-522C32F5E031,,,,,,,,,\Microsoft\Windows\CertificateServicesClient\SystemTask,NT AUTHORITY\SYSTEM,,TaskSuccessEvent
2026-05-22T13:52:09.146181Z,118,dc.scaffold.htb,Microsoft-Windows-TaskScheduler,Microsoft-Windows-TaskScheduler/Operational,4329,4,,,60DAF466-0725-4DB1-9AF9-DADA140D04DF,,,,,,,,,\Microsoft\Windows\Software Inventory Logging\Configuration,,,BootTrigger
2026-05-22T13:52:09.147113Z,118,dc.scaffold.htb,Microsoft-Windows-TaskScheduler,Microsoft-Windows-TaskScheduler/Operational,4330,4,,,59D591CB-AAE3-468C-A023-150DF37DD02F,,,,,,,,,\Microsoft\Windows\DirectX\DXGIAdapterCache,,,BootTrigger
2026-05-22T13:52:09.155833Z,129,dc.scaffold.htb,Microsoft-Windows-TaskScheduler,Microsoft-Windows-TaskScheduler/Operational,4331,4,,,,,%systemroot%\system32\cmd.exe,16384,812,,,,,\Microsoft\Windows\Software Inventory Logging\Configuration,,,CreatedTaskProcess
2026-05-22T13:52:09.156526Z,100,dc.scaffold.htb,Microsoft-Windows-TaskScheduler,Microsoft-Windows-TaskScheduler/Operational,4332,4,,,60DAF466-0725-4DB1-9AF9-DADA140D04DF,,,,,,,,,\Microsoft\Windows\Software Inventory Logging\Configuration,NT AUTHORITY\SYSTEM,,TaskStartEvent
2026-05-22T13:52:09.156533Z,200,dc.scaffold.htb,Microsoft-Windows-TaskScheduler,Microsoft-Windows-TaskScheduler/Operational,4333,4,%systemroot%\system32\cmd.exe,812,,,,,,,,,60DAF466-0725-4DB1-9AF9-DADA140D04DF,\Microsoft\Windows\Software Inventory Logging\Configuration,,,ActionStart
2026-05-22T13:52:09.157401Z,129,dc.scaffold.htb,Microsoft-Windows-TaskScheduler,Microsoft-Windows-TaskScheduler/Operational,4334,4,,,,,%windir%\system32\dxgiadaptercache.exe,16384,764,,,,,\Microsoft\Windows\DirectX\DXGIAdapterCache,,,CreatedTaskProcess
2026-05-22T13:52:09.158120Z,100,dc.scaffold.htb,Microsoft-Windows-TaskScheduler,Microsoft-Windows-TaskScheduler/Operational,4335,4,,,59D591CB-AAE3-468C-A023-150DF37DD02F,,,,,,,,,\Microsoft\Windows\DirectX\DXGIAdapterCache,NT AUTHORITY\SYSTEM,,TaskStartEvent
2026-05-22T13:52:09.158126Z,200,dc.scaffold.htb,Microsoft-Windows-TaskScheduler,Microsoft-Windows-TaskScheduler/Operational,4336,4,%windir%\system32\dxgiadaptercache.exe,764,,,,,,,,,59D591CB-AAE3-468C-A023-150DF37DD02F,\Microsoft\Windows\DirectX\DXGIAdapterCache,,,ActionStart
2026-05-22T13:52:09.239611Z,201,dc.scaffold.htb,Microsoft-Windows-TaskScheduler,Microsoft-Windows-TaskScheduler/Operational,4337,4,%windir%\system32\dxgiadaptercache.exe,764,,,,,,,0,,59D591CB-AAE3-468C-A023-150DF37DD02F,\Microsoft\Windows\DirectX\DXGIAdapterCache,,,ActionSuccess
2026-05-22T13:52:09.239873Z,102,dc.scaffold.htb,Microsoft-Windows-TaskScheduler,Microsoft-Windows-TaskScheduler/Operational,4338,4,,,59D591CB-AAE3-468C-A023-150DF37DD02F,,,,,,,,,\Microsoft\Windows\DirectX\DXGIAdapterCache,NT AUTHORITY\SYSTEM,,TaskSuccessEvent
2026-05-22T13:52:09.285054Z,201,dc.scaffold.htb,Microsoft-Windows-TaskScheduler,Microsoft-Windows-TaskScheduler/Operational,4339,4,%systemroot%\system32\cmd.exe,812,,,,,,,0,,60DAF466-0725-4DB1-9AF9-DADA140D04DF,\Microsoft\Windows\Software Inventory Logging\Configuration,,,ActionSuccess
2026-05-22T13:52:09.285279Z,102,dc.scaffold.htb,Microsoft-Windows-TaskScheduler,Microsoft-Windows-TaskScheduler/Operational,4340,4,,,60DAF466-0725-4DB1-9AF9-DADA140D04DF,,,,,,,,,\Microsoft\Windows\Software Inventory Logging\Configuration,NT AUTHORITY\SYSTEM,,TaskSuccessEvent
2026-05-22T13:52:20.750250Z,119,dc.scaffold.htb,Microsoft-Windows-TaskScheduler,Microsoft-Windows-TaskScheduler/Operational,4341,4,,,428EB857-421B-4D91-9317-8DF088A98AAF,,,,,,,,,\Microsoft\Windows\CertificateServicesClient\UserTask,,SCAFFOLD\Administrator,LogonTrigger
2026-05-22T13:52:20.750544Z,119,dc.scaffold.htb,Microsoft-Windows-TaskScheduler,Microsoft-Windows-TaskScheduler/Operational,4342,4,,,B24B0F12-1B14-48BA-88AA-1E946A98533F,,,,,,,,,\Microsoft\Windows\TextServicesFramework\MsCtfMonitor,,SCAFFOLD\Administrator,LogonTrigger
2026-05-22T13:52:20.750601Z,119,dc.scaffold.htb,Microsoft-Windows-TaskScheduler,Microsoft-Windows-TaskScheduler/Operational,4343,4,,,6564520A-9EEE-4FD4-A421-7B7E27ED562B,,,,,,,,,\Microsoft\Windows\Server Manager\ServerManager,,SCAFFOLD\Administrator,LogonTrigger
2026-05-22T13:52:20.751792Z,119,dc.scaffold.htb,Microsoft-Windows-TaskScheduler,Microsoft-Windows-TaskScheduler/Operational,4344,4,,,9880D99C-D493-4218-88A9-1A30514FA1B8,,,,,,,,,\Microsoft\Windows\WindowsColorSystem\Calibration Loader,,SCAFFOLD\Administrator,LogonTrigger
2026-05-22T13:52:20.752840Z,119,dc.scaffold.htb,Microsoft-Windows-TaskScheduler,Microsoft-Windows-TaskScheduler/Operational,4345,4,,,7199BB9E-ED03-4EBB-A69D-E286F3976E0A,,,,,,,,,\Microsoft\Windows\SoftwareProtectionPlatform\SvcRestartTaskLogon,,SCAFFOLD\Administrator,LogonTrigger
2026-05-22T13:52:20.753204Z,129,dc.scaffold.htb,Microsoft-Windows-TaskScheduler,Microsoft-Windows-TaskScheduler/Operational,4346,4,,,,,taskhostw.exe,32,836,,,,,\Microsoft\Windows\CertificateServicesClient\UserTask,,,CreatedTaskProcess
2026-05-22T13:52:20.753545Z,100,dc.scaffold.htb,Microsoft-Windows-TaskScheduler,Microsoft-Windows-TaskScheduler/Operational,4347,4,,,428EB857-421B-4D91-9317-8DF088A98AAF,,,,,,,,,\Microsoft\Windows\CertificateServicesClient\UserTask,SCAFFOLD\Administrator,,TaskStartEvent
2026-05-22T13:52:20.753546Z,200,dc.scaffold.htb,Microsoft-Windows-TaskScheduler,Microsoft-Windows-TaskScheduler/Operational,4348,4,Certificate Services Client Task Handler,836,,,,,,,,,428EB857-421B-4D91-9317-8DF088A98AAF,\Microsoft\Windows\CertificateServicesClient\UserTask,,,ActionStart
2026-05-22T13:52:20.753937Z,129,dc.scaffold.htb,Microsoft-Windows-TaskScheduler,Microsoft-Windows-TaskScheduler/Operational,4349,4,,,,,%windir%\system32\ServerManagerLauncher.exe,32,3356,,,,,\Microsoft\Windows\Server Manager\ServerManager,,,CreatedTaskProcess
2026-05-22T13:52:20.754209Z,119,dc.scaffold.htb,Microsoft-Windows-TaskScheduler,Microsoft-Windows-TaskScheduler/Operational,4350,4,,,E0570864-5E20-40E1-AC92-81F9C9D632F0,,,,,,,,,\Microsoft\Windows\Wininet\CacheTask,,SCAFFOLD\Administrator,LogonTrigger
2026-05-22T13:52:20.754225Z,100,dc.scaffold.htb,Microsoft-Windows-TaskScheduler,Microsoft-Windows-TaskScheduler/Operational,4351,4,,,6564520A-9EEE-4FD4-A421-7B7E27ED562B,,,,,,,,,\Microsoft\Windows\Server Manager\ServerManager,SCAFFOLD\Administrator,,TaskStartEvent
2026-05-22T13:52:20.754226Z,200,dc.scaffold.htb,Microsoft-Windows-TaskScheduler,Microsoft-Windows-TaskScheduler/Operational,4352,4,%windir%\system32\ServerManagerLauncher.exe,3356,,,,,,,,,6564520A-9EEE-4FD4-A421-7B7E27ED562B,\Microsoft\Windows\Server Manager\ServerManager,,,ActionStart
2026-05-22T13:52:20.755641Z,119,dc.scaffold.htb,Microsoft-Windows-TaskScheduler,Microsoft-Windows-TaskScheduler/Operational,4353,4,,,CB0FB833-D4C4-40E5-ADFF-2BBFE20B2603,,,,,,,,,\MicrosoftEdgeUpdateTaskMachineCore,,SCAFFOLD\Administrator,LogonTrigger
2026-05-22T13:52:20.757674Z,129,dc.scaffold.htb,Microsoft-Windows-TaskScheduler,Microsoft-Windows-TaskScheduler/Operational,4354,4,,,,,taskhostw.exe,32,1520,,,,,\Microsoft\Windows\Wininet\CacheTask,,,CreatedTaskProcess
2026-05-22T13:52:20.758199Z,100,dc.scaffold.htb,Microsoft-Windows-TaskScheduler,Microsoft-Windows-TaskScheduler/Operational,4355,4,,,E0570864-5E20-40E1-AC92-81F9C9D632F0,,,,,,,,,\Microsoft\Windows\Wininet\CacheTask,SCAFFOLD\Administrator,,TaskStartEvent
2026-05-22T13:52:20.758200Z,200,dc.scaffold.htb,Microsoft-Windows-TaskScheduler,Microsoft-Windows-TaskScheduler/Operational,4356,4,Wininet Cache task object,1520,,,,,,,,,E0570864-5E20-40E1-AC92-81F9C9D632F0,\Microsoft\Windows\Wininet\CacheTask,,,ActionStart
2026-05-22T13:52:20.763608Z,119,dc.scaffold.htb,Microsoft-Windows-TaskScheduler,Microsoft-Windows-TaskScheduler/Operational,4357,4,,,9DF13367-F0C8-451D-93F0-BF7F15F8FFFF,,,,,,,,,\Microsoft\Windows\Plug and Play\Device Install Reboot Required,,SCAFFOLD\Administrator,LogonTrigger
2026-05-22T13:52:20.765587Z,129,dc.scaffold.htb,Microsoft-Windows-TaskScheduler,Microsoft-Windows-TaskScheduler/Operational,4358,4,,,,,taskhostw.exe,32,3076,,,,,\Microsoft\Windows\Plug and Play\Device Install Reboot Required,,,CreatedTaskProcess
2026-05-22T13:52:20.768223Z,100,dc.scaffold.htb,Microsoft-Windows-TaskScheduler,Microsoft-Windows-TaskScheduler/Operational,4359,4,,,9DF13367-F0C8-451D-93F0-BF7F15F8FFFF,,,,,,,,,\Microsoft\Windows\Plug and Play\Device Install Reboot Required,SCAFFOLD\Administrator,,TaskStartEvent
2026-05-22T13:52:20.768225Z,200,dc.scaffold.htb,Microsoft-Windows-TaskScheduler,Microsoft-Windows-TaskScheduler/Operational,4360,4,Device Installation Reboot Dialog Task,3076,,,,,,,,,9DF13367-F0C8-451D-93F0-BF7F15F8FFFF,\Microsoft\Windows\Plug and Play\Device Install Reboot Required,,,ActionStart
2026-05-22T13:52:20.787900Z,129,dc.scaffold.htb,Microsoft-Windows-TaskScheduler,Microsoft-Windows-TaskScheduler/Operational,4361,4,,,,,C:\Program Files (x86)\Microsoft\EdgeUpdate\MicrosoftEdgeUpdate.exe,32,3172,,,,,\MicrosoftEdgeUpdateTaskMachineCore,,,CreatedTaskProcess
2026-05-22T13:52:20.788100Z,100,dc.scaffold.htb,Microsoft-Windows-TaskScheduler,Microsoft-Windows-TaskScheduler/Operational,4362,4,,,CB0FB833-D4C4-40E5-ADFF-2BBFE20B2603,,,,,,,,,\MicrosoftEdgeUpdateTaskMachineCore,NT AUTHORITY\SYSTEM,,TaskStartEvent
2026-05-22T13:52:20.788102Z,200,dc.scaffold.htb,Microsoft-Windows-TaskScheduler,Microsoft-Windows-TaskScheduler/Operational,4363,4,C:\Program Files (x86)\Microsoft\EdgeUpdate\MicrosoftEdgeUpdate.exe,3172,,,,,,,,,CB0FB833-D4C4-40E5-ADFF-2BBFE20B2603,\MicrosoftEdgeUpdateTaskMachineCore,,,ActionStart
2026-05-22T13:52:20.860474Z,100,dc.scaffold.htb,Microsoft-Windows-TaskScheduler,Microsoft-Windows-TaskScheduler/Operational,4364,4,,,B24B0F12-1B14-48BA-88AA-1E946A98533F,,,,,,,,,\Microsoft\Windows\TextServicesFramework\MsCtfMonitor,SCAFFOLD\Administrator,,TaskStartEvent
2026-05-22T13:52:20.860478Z,200,dc.scaffold.htb,Microsoft-Windows-TaskScheduler,Microsoft-Windows-TaskScheduler/Operational,4365,4,MsCtfMonitor task handler,1520,,,,,,,,,B24B0F12-1B14-48BA-88AA-1E946A98533F,\Microsoft\Windows\TextServicesFramework\MsCtfMonitor,,,ActionStart
2026-05-22T13:52:20.860729Z,100,dc.scaffold.htb,Microsoft-Windows-TaskScheduler,Microsoft-Windows-TaskScheduler/Operational,4366,4,,,7199BB9E-ED03-4EBB-A69D-E286F3976E0A,,,,,,,,,\Microsoft\Windows\SoftwareProtectionPlatform\SvcRestartTaskLogon,SCAFFOLD\Administrator,,TaskStartEvent
2026-05-22T13:52:20.860730Z,200,dc.scaffold.htb,Microsoft-Windows-TaskScheduler,Microsoft-Windows-TaskScheduler/Operational,4367,4,SppSvcRestartTaskHandler Class,836,,,,,,,,,7199BB9E-ED03-4EBB-A69D-E286F3976E0A,\Microsoft\Windows\SoftwareProtectionPlatform\SvcRestartTaskLogon,,,ActionStart
2026-05-22T13:52:20.860740Z,100,dc.scaffold.htb,Microsoft-Windows-TaskScheduler,Microsoft-Windows-TaskScheduler/Operational,4368,4,,,9880D99C-D493-4218-88A9-1A30514FA1B8,,,,,,,,,\Microsoft\Windows\WindowsColorSystem\Calibration Loader,SCAFFOLD\Administrator,,TaskStartEvent
2026-05-22T13:52:20.860741Z,200,dc.scaffold.htb,Microsoft-Windows-TaskScheduler,Microsoft-Windows-TaskScheduler/Operational,4369,4,Color Calibration Loader,836,,,,,,,,,9880D99C-D493-4218-88A9-1A30514FA1B8,\Microsoft\Windows\WindowsColorSystem\Calibration Loader,,,ActionStart
2026-05-22T13:52:20.875184Z,201,dc.scaffold.htb,Microsoft-Windows-TaskScheduler,Microsoft-Windows-TaskScheduler/Operational,4370,4,SppSvcRestartTaskHandler Class,836,,,,,,,0,,7199BB9E-ED03-4EBB-A69D-E286F3976E0A,\Microsoft\Windows\SoftwareProtectionPlatform\SvcRestartTaskLogon,,,ActionSuccess
2026-05-22T13:52:20.875200Z,102,dc.scaffold.htb,Microsoft-Windows-TaskScheduler,Microsoft-Windows-TaskScheduler/Operational,4371,4,,,7199BB9E-ED03-4EBB-A69D-E286F3976E0A,,,,,,,,,\Microsoft\Windows\SoftwareProtectionPlatform\SvcRestartTaskLogon,SCAFFOLD\Administrator,,TaskSuccessEvent
2026-05-22T13:52:20.887988Z,201,dc.scaffold.htb,Microsoft-Windows-TaskScheduler,Microsoft-Windows-TaskScheduler/Operational,4372,4,MsCtfMonitor task handler,1520,,,,,,,0,,B24B0F12-1B14-48BA-88AA-1E946A98533F,\Microsoft\Windows\TextServicesFramework\MsCtfMonitor,,,ActionSuccess
2026-05-22T13:52:20.887989Z,102,dc.scaffold.htb,Microsoft-Windows-TaskScheduler,Microsoft-Windows-TaskScheduler/Operational,4373,4,,,B24B0F12-1B14-48BA-88AA-1E946A98533F,,,,,,,,,\Microsoft\Windows\TextServicesFramework\MsCtfMonitor,SCAFFOLD\Administrator,,TaskSuccessEvent
2026-05-22T13:52:21.085961Z,141,dc.scaffold.htb,Microsoft-Windows-TaskScheduler,Microsoft-Windows-TaskScheduler/Operational,4374,4,,,,,,,,,,,,\CreateExplorerShellUnelevatedTask,,SCAFFOLD\Administrator,TaskDeleted
2026-05-22T13:52:21.095036Z,106,dc.scaffold.htb,Microsoft-Windows-TaskScheduler,Microsoft-Windows-TaskScheduler/Operational,4375,4,,,,,,,,,,,,\CreateExplorerShellUnelevatedTask,SCAFFOLD\Administrator,,TaskRegisteredEvent
2026-05-22T13:52:21.095037Z,140,dc.scaffold.htb,Microsoft-Windows-TaskScheduler,Microsoft-Windows-TaskScheduler/Operational,4376,4,,,,,,,,,,,,\CreateExplorerShellUnelevatedTask,,SCAFFOLD\Administrator,TaskUpdated
2026-05-22T13:52:21.095277Z,109,dc.scaffold.htb,Microsoft-Windows-TaskScheduler,Microsoft-Windows-TaskScheduler/Operational,4377,4,,,B0FBB1BB-3F5A-400C-AC1F-917D424CE002,,,,,,,,,\CreateExplorerShellUnelevatedTask,,,RegistrationTriggerEvent
2026-05-22T13:52:21.098023Z,129,dc.scaffold.htb,Microsoft-Windows-TaskScheduler,Microsoft-Windows-TaskScheduler/Operational,4378,4,,,,,C:\Windows\Explorer.EXE,32,608,,,,,\CreateExplorerShellUnelevatedTask,,,CreatedTaskProcess
2026-05-22T13:52:21.098328Z,100,dc.scaffold.htb,Microsoft-Windows-TaskScheduler,Microsoft-Windows-TaskScheduler/Operational,4379,4,,,B0FBB1BB-3F5A-400C-AC1F-917D424CE002,,,,,,,,,\CreateExplorerShellUnelevatedTask,SCAFFOLD\Administrator,,TaskStartEvent
2026-05-22T13:52:21.098330Z,200,dc.scaffold.htb,Microsoft-Windows-TaskScheduler,Microsoft-Windows-TaskScheduler/Operational,4380,4,C:\Windows\Explorer.EXE,608,,,,,,,,,B0FBB1BB-3F5A-400C-AC1F-917D424CE002,\CreateExplorerShellUnelevatedTask,,,ActionStart
2026-05-22T13:52:21.395908Z,201,dc.scaffold.htb,Microsoft-Windows-TaskScheduler,Microsoft-Windows-TaskScheduler/Operational,4381,4,Certificate Services Client Task Handler,836,,,,,,,0,,428EB857-421B-4D91-9317-8DF088A98AAF,\Microsoft\Windows\CertificateServicesClient\UserTask,,,ActionSuccess
2026-05-22T13:52:21.395909Z,102,dc.scaffold.htb,Microsoft-Windows-TaskScheduler,Microsoft-Windows-TaskScheduler/Operational,4382,4,,,428EB857-421B-4D91-9317-8DF088A98AAF,,,,,,,,,\Microsoft\Windows\CertificateServicesClient\UserTask,SCAFFOLD\Administrator,,TaskSuccessEvent
2026-05-22T13:52:21.449916Z,201,dc.scaffold.htb,Microsoft-Windows-TaskScheduler,Microsoft-Windows-TaskScheduler/Operational,4383,4,Device Installation Reboot Dialog Task,3076,,,,,,,0,,9DF13367-F0C8-451D-93F0-BF7F15F8FFFF,\Microsoft\Windows\Plug and Play\Device Install Reboot Required,,,ActionSuccess
2026-05-22T13:52:21.449917Z,102,dc.scaffold.htb,Microsoft-Windows-TaskScheduler,Microsoft-Windows-TaskScheduler/Operational,4384,4,,,9DF13367-F0C8-451D-93F0-BF7F15F8FFFF,,,,,,,,,\Microsoft\Windows\Plug and Play\Device Install Reboot Required,SCAFFOLD\Administrator,,TaskSuccessEvent
2026-05-22T13:52:21.461690Z,201,dc.scaffold.htb,Microsoft-Windows-TaskScheduler,Microsoft-Windows-TaskScheduler/Operational,4385,4,Color Calibration Loader,836,,,,,,,0,,9880D99C-D493-4218-88A9-1A30514FA1B8,\Microsoft\Windows\WindowsColorSystem\Calibration Loader,,,ActionSuccess
2026-05-22T13:52:21.461691Z,102,dc.scaffold.htb,Microsoft-Windows-TaskScheduler,Microsoft-Windows-TaskScheduler/Operational,4386,4,,,9880D99C-D493-4218-88A9-1A30514FA1B8,,,,,,,,,\Microsoft\Windows\WindowsColorSystem\Calibration Loader,SCAFFOLD\Administrator,,TaskSuccessEvent
2026-05-22T13:52:22.485809Z,201,dc.scaffold.htb,Microsoft-Windows-TaskScheduler,Microsoft-Windows-TaskScheduler/Operational,4387,4,%windir%\system32\ServerManagerLauncher.exe,3356,,,,,,,0,,6564520A-9EEE-4FD4-A421-7B7E27ED562B,\Microsoft\Windows\Server Manager\ServerManager,,,ActionSuccess
2026-05-22T13:52:22.486621Z,102,dc.scaffold.htb,Microsoft-Windows-TaskScheduler,Microsoft-Windows-TaskScheduler/Operational,4388,4,,,6564520A-9EEE-4FD4-A421-7B7E27ED562B,,,,,,,,,\Microsoft\Windows\Server Manager\ServerManager,SCAFFOLD\Administrator,,TaskSuccessEvent
2026-05-22T13:52:51.248788Z,119,dc.scaffold.htb,Microsoft-Windows-TaskScheduler,Microsoft-Windows-TaskScheduler/Operational,4389,4,,,2F5F71A1-8DCC-4E7F-A2DB-1A8B893B90CC,,,,,,,,,\Microsoft\Windows\International\Synchronize Language Settings,,SCAFFOLD\Administrator,LogonTrigger
2026-05-22T13:52:51.252865Z,129,dc.scaffold.htb,Microsoft-Windows-TaskScheduler,Microsoft-Windows-TaskScheduler/Operational,4390,4,,,,,taskhostw.exe,32,2460,,,,,\Microsoft\Windows\International\Synchronize Language Settings,,,CreatedTaskProcess
2026-05-22T13:52:51.253470Z,100,dc.scaffold.htb,Microsoft-Windows-TaskScheduler,Microsoft-Windows-TaskScheduler/Operational,4391,4,,,2F5F71A1-8DCC-4E7F-A2DB-1A8B893B90CC,,,,,,,,,\Microsoft\Windows\International\Synchronize Language Settings,SCAFFOLD\Administrator,,TaskStartEvent
2026-05-22T13:52:51.253474Z,200,dc.scaffold.htb,Microsoft-Windows-TaskScheduler,Microsoft-Windows-TaskScheduler/Operational,4392,4,Sync Language Data From Cloud Task,2460,,,,,,,,,2F5F71A1-8DCC-4E7F-A2DB-1A8B893B90CC,\Microsoft\Windows\International\Synchronize Language Settings,,,ActionStart
2026-05-22T13:53:18.901092Z,140,dc.scaffold.htb,Microsoft-Windows-TaskScheduler,Microsoft-Windows-TaskScheduler/Operational,4393,4,,,,,,,,,,,,\Microsoft\Windows\Application Experience\PcaPatchDbTask,,SCAFFOLD\DC$,TaskUpdated
2026-05-22T13:53:21.244847Z,119,dc.scaffold.htb,Microsoft-Windows-TaskScheduler,Microsoft-Windows-TaskScheduler/Operational,4394,4,,,0BF8BE66-F580-4349-B5DE-4E807F547CF9,,,,,,,,,\Microsoft\Windows\Workplace Join\Automatic-Device-Join,,SCAFFOLD\Administrator,LogonTrigger
2026-05-22T13:53:21.247532Z,129,dc.scaffold.htb,Microsoft-Windows-TaskScheduler,Microsoft-Windows-TaskScheduler/Operational,4395,4,,,,,%SystemRoot%\System32\dsregcmd.exe,16384,5384,,,,,\Microsoft\Windows\Workplace Join\Automatic-Device-Join,,,CreatedTaskProcess
2026-05-22T13:53:21.247717Z,100,dc.scaffold.htb,Microsoft-Windows-TaskScheduler,Microsoft-Windows-TaskScheduler/Operational,4396,4,,,0BF8BE66-F580-4349-B5DE-4E807F547CF9,,,,,,,,,\Microsoft\Windows\Workplace Join\Automatic-Device-Join,NT AUTHORITY\SYSTEM,,TaskStartEvent
2026-05-22T13:53:21.247719Z,200,dc.scaffold.htb,Microsoft-Windows-TaskScheduler,Microsoft-Windows-TaskScheduler/Operational,4397,4,%SystemRoot%\System32\dsregcmd.exe,5384,,,,,,,,,0BF8BE66-F580-4349-B5DE-4E807F547CF9,\Microsoft\Windows\Workplace Join\Automatic-Device-Join,,,ActionStart
2026-05-22T13:53:21.311093Z,201,dc.scaffold.htb,Microsoft-Windows-TaskScheduler,Microsoft-Windows-TaskScheduler/Operational,4398,4,%SystemRoot%\System32\dsregcmd.exe,5384,,,,,,,2147942401,,0BF8BE66-F580-4349-B5DE-4E807F547CF9,\Microsoft\Windows\Workplace Join\Automatic-Device-Join,,,ActionSuccess
2026-05-22T13:53:21.311397Z,102,dc.scaffold.htb,Microsoft-Windows-TaskScheduler,Microsoft-Windows-TaskScheduler/Operational,4399,4,,,0BF8BE66-F580-4349-B5DE-4E807F547CF9,,,,,,,,,\Microsoft\Windows\Workplace Join\Automatic-Device-Join,NT AUTHORITY\SYSTEM,,TaskSuccessEvent
2026-05-22T13:53:21.484438Z,140,dc.scaffold.htb,Microsoft-Windows-TaskScheduler,Microsoft-Windows-TaskScheduler/Operational,4400,4,,,,,,,,,,,,\Microsoft\Windows\UpdateOrchestrator\Schedule Scan,,S-1-5-18,TaskUpdated
2026-05-22T13:53:21.515850Z,140,dc.scaffold.htb,Microsoft-Windows-TaskScheduler,Microsoft-Windows-TaskScheduler/Operational,4401,4,,,,,,,,,,,,\Microsoft\Windows\UpdateOrchestrator\Schedule Scan,,SCAFFOLD\DC$,TaskUpdated
2026-05-22T13:53:25.874957Z,202,dc.scaffold.htb,Microsoft-Windows-TaskScheduler,Microsoft-Windows-TaskScheduler/Operational,4402,2,Sync Language Data From Cloud Task,2460,,,,,,,2147746053,,2F5F71A1-8DCC-4E7F-A2DB-1A8B893B90CC,\Microsoft\Windows\International\Synchronize Language Settings,,,ActionFailure
2026-05-22T13:53:25.874967Z,103,dc.scaffold.htb,Microsoft-Windows-TaskScheduler,Microsoft-Windows-TaskScheduler/Operational,4403,2,,,2F5F71A1-8DCC-4E7F-A2DB-1A8B893B90CC,,,,,,2147746053,,,\Microsoft\Windows\International\Synchronize Language Settings,SCAFFOLD\Administrator,,TaskFailureEvent
2026-05-22T13:54:09.049010Z,118,dc.scaffold.htb,Microsoft-Windows-TaskScheduler,Microsoft-Windows-TaskScheduler/Operational,4404,4,,,AAFF1D8E-DD20-4119-B3C7-17AC6621BF76,,,,,,,,,\Microsoft\Windows\Windows Error Reporting\QueueReporting,,,BootTrigger
2026-05-22T13:54:09.051335Z,129,dc.scaffold.htb,Microsoft-Windows-TaskScheduler,Microsoft-Windows-TaskScheduler/Operational,4405,4,,,,,taskhostw.exe,16384,6448,,,,,\Microsoft\Windows\Flighting\FeatureConfig\ReconcileFeatures,,,CreatedTaskProcess
2026-05-22T13:54:09.051490Z,100,dc.scaffold.htb,Microsoft-Windows-TaskScheduler,Microsoft-Windows-TaskScheduler/Operational,4406,4,,,B32974E1-E41A-4247-950B-4D552C39DDD3,,,,,,,,,\Microsoft\Windows\Flighting\FeatureConfig\ReconcileFeatures,NT AUTHORITY\SYSTEM,,TaskStartEvent
2026-05-22T13:54:09.051492Z,200,dc.scaffold.htb,Microsoft-Windows-TaskScheduler,Microsoft-Windows-TaskScheduler/Operational,4407,4,Feature Configuration Reconciliation Task Handler,6448,,,,,,,,,B32974E1-E41A-4247-950B-4D552C39DDD3,\Microsoft\Windows\Flighting\FeatureConfig\ReconcileFeatures,,,ActionStart
2026-05-22T13:54:09.060097Z,129,dc.scaffold.htb,Microsoft-Windows-TaskScheduler,Microsoft-Windows-TaskScheduler/Operational,4408,4,,,,,%windir%\system32\wermgr.exe,16384,2224,,,,,\Microsoft\Windows\Windows Error Reporting\QueueReporting,,,CreatedTaskProcess
2026-05-22T13:54:09.060251Z,100,dc.scaffold.htb,Microsoft-Windows-TaskScheduler,Microsoft-Windows-TaskScheduler/Operational,4409,4,,,AAFF1D8E-DD20-4119-B3C7-17AC6621BF76,,,,,,,,,\Microsoft\Windows\Windows Error Reporting\QueueReporting,NT AUTHORITY\SYSTEM,,TaskStartEvent
2026-05-22T13:54:09.060253Z,200,dc.scaffold.htb,Microsoft-Windows-TaskScheduler,Microsoft-Windows-TaskScheduler/Operational,4410,4,%windir%\system32\wermgr.exe,2224,,,,,,,,,AAFF1D8E-DD20-4119-B3C7-17AC6621BF76,\Microsoft\Windows\Windows Error Reporting\QueueReporting,,,ActionStart
2026-05-22T13:54:09.097016Z,201,dc.scaffold.htb,Microsoft-Windows-TaskScheduler,Microsoft-Windows-TaskScheduler/Operational,4411,4,Feature Configuration Reconciliation Task Handler,6448,,,,,,,0,,B32974E1-E41A-4247-950B-4D552C39DDD3,\Microsoft\Windows\Flighting\FeatureConfig\ReconcileFeatures,,,ActionSuccess
2026-05-22T13:54:09.097017Z,102,dc.scaffold.htb,Microsoft-Windows-TaskScheduler,Microsoft-Windows-TaskScheduler/Operational,4412,4,,,B32974E1-E41A-4247-950B-4D552C39DDD3,,,,,,,,,\Microsoft\Windows\Flighting\FeatureConfig\ReconcileFeatures,NT AUTHORITY\SYSTEM,,TaskSuccessEvent
2026-05-22T13:54:18.796527Z,201,dc.scaffold.htb,Microsoft-Windows-TaskScheduler,Microsoft-Windows-TaskScheduler/Operational,4413,4,%windir%\system32\wermgr.exe,2224,,,,,,,0,,AAFF1D8E-DD20-4119-B3C7-17AC6621BF76,\Microsoft\Windows\Windows Error Reporting\QueueReporting,,,ActionSuccess
2026-05-22T13:54:18.797026Z,102,dc.scaffold.htb,Microsoft-Windows-TaskScheduler,Microsoft-Windows-TaskScheduler/Operational,4414,4,,,AAFF1D8E-DD20-4119-B3C7-17AC6621BF76,,,,,,,,,\Microsoft\Windows\Windows Error Reporting\QueueReporting,NT AUTHORITY\SYSTEM,,TaskSuccessEvent
2026-05-22T13:58:38.777189Z,114,dc.scaffold.htb,Microsoft-Windows-TaskScheduler,Microsoft-Windows-TaskScheduler/Operational,4415,3,,,6FAF565A-5ECC-4748-8834-11B869ED967B,,,,,,,,,\Microsoft\Windows\Windows Error Reporting\QueueReporting,,,MissedTaskLaunched
2026-05-22T13:58:38.777456Z,114,dc.scaffold.htb,Microsoft-Windows-TaskScheduler,Microsoft-Windows-TaskScheduler/Operational,4416,3,,,CFE9117B-5780-4FF0-816A-4CB126EC0397,,,,,,,,,\Microsoft\Windows\Customer Experience Improvement Program\Consolidator,,,MissedTaskLaunched
2026-05-22T13:58:38.777660Z,114,dc.scaffold.htb,Microsoft-Windows-TaskScheduler,Microsoft-Windows-TaskScheduler/Operational,4417,3,,,F2FBF128-96B6-41FB-92A1-B626A9FDEF32,,,,,,,,,\Microsoft\Windows\UpdateOrchestrator\USO_UxBroker,,,MissedTaskLaunched
2026-05-22T13:58:38.777861Z,114,dc.scaffold.htb,Microsoft-Windows-TaskScheduler,Microsoft-Windows-TaskScheduler/Operational,4418,3,,,D70E243F-597A-4020-9D94-BDC230583DA2,,,,,,,,,\Microsoft\Windows\Data Integrity Scan\Data Integrity Check And Scan,,,MissedTaskLaunched
2026-05-22T13:58:38.782330Z,129,dc.scaffold.htb,Microsoft-Windows-TaskScheduler,Microsoft-Windows-TaskScheduler/Operational,4419,4,,,,,taskhostw.exe,16384,4284,,,,,\Microsoft\Windows\Data Integrity Scan\Data Integrity Check And Scan,,,CreatedTaskProcess
2026-05-22T13:58:38.782474Z,129,dc.scaffold.htb,Microsoft-Windows-TaskScheduler,Microsoft-Windows-TaskScheduler/Operational,4420,4,,,,,%windir%\system32\wermgr.exe,16384,5676,,,,,\Microsoft\Windows\Windows Error Reporting\QueueReporting,,,CreatedTaskProcess
2026-05-22T13:58:38.782573Z,100,dc.scaffold.htb,Microsoft-Windows-TaskScheduler,Microsoft-Windows-TaskScheduler/Operational,4421,4,,,D70E243F-597A-4020-9D94-BDC230583DA2,,,,,,,,,\Microsoft\Windows\Data Integrity Scan\Data Integrity Check And Scan,NT AUTHORITY\SYSTEM,,TaskStartEvent
2026-05-22T13:58:38.782575Z,200,dc.scaffold.htb,Microsoft-Windows-TaskScheduler,Microsoft-Windows-TaskScheduler/Operational,4422,4,Data Integrity Scan,4284,,,,,,,,,D70E243F-597A-4020-9D94-BDC230583DA2,\Microsoft\Windows\Data Integrity Scan\Data Integrity Check And Scan,,,ActionStart
2026-05-22T13:58:38.782652Z,100,dc.scaffold.htb,Microsoft-Windows-TaskScheduler,Microsoft-Windows-TaskScheduler/Operational,4423,4,,,6FAF565A-5ECC-4748-8834-11B869ED967B,,,,,,,,,\Microsoft\Windows\Windows Error Reporting\QueueReporting,NT AUTHORITY\SYSTEM,,TaskStartEvent
2026-05-22T13:58:38.782653Z,200,dc.scaffold.htb,Microsoft-Windows-TaskScheduler,Microsoft-Windows-TaskScheduler/Operational,4424,4,%windir%\system32\wermgr.exe,5676,,,,,,,,,6FAF565A-5ECC-4748-8834-11B869ED967B,\Microsoft\Windows\Windows Error Reporting\QueueReporting,,,ActionStart
2026-05-22T13:58:38.782833Z,114,dc.scaffold.htb,Microsoft-Windows-TaskScheduler,Microsoft-Windows-TaskScheduler/Operational,4425,3,,,64A8AB22-7203-4D42-8C1F-CA974A890641,,,,,,,,,\Microsoft\Windows\Device Information\Device,,,MissedTaskLaunched
2026-05-22T13:58:38.783210Z,114,dc.scaffold.htb,Microsoft-Windows-TaskScheduler,Microsoft-Windows-TaskScheduler/Operational,4426,3,,,6FE282EB-6A2A-455B-9E56-4AE775187D40,,,,,,,,,\Microsoft\Windows\Application Experience\Microsoft Compatibility Appraiser,,,MissedTaskLaunched
2026-05-22T13:58:38.788776Z,129,dc.scaffold.htb,Microsoft-Windows-TaskScheduler,Microsoft-Windows-TaskScheduler/Operational,4427,4,,,,,%systemroot%\system32\MusNotification.exe,16384,5224,,,,,\Microsoft\Windows\UpdateOrchestrator\USO_UxBroker,,,CreatedTaskProcess
2026-05-22T13:58:38.789172Z,100,dc.scaffold.htb,Microsoft-Windows-TaskScheduler,Microsoft-Windows-TaskScheduler/Operational,4428,4,,,F2FBF128-96B6-41FB-92A1-B626A9FDEF32,,,,,,,,,\Microsoft\Windows\UpdateOrchestrator\USO_UxBroker,NT AUTHORITY\SYSTEM,,TaskStartEvent
2026-05-22T13:58:38.789175Z,200,dc.scaffold.htb,Microsoft-Windows-TaskScheduler,Microsoft-Windows-TaskScheduler/Operational,4429,4,%systemroot%\system32\MusNotification.exe,5224,,,,,,,,,F2FBF128-96B6-41FB-92A1-B626A9FDEF32,\Microsoft\Windows\UpdateOrchestrator\USO_UxBroker,,,ActionStart
2026-05-22T13:58:38.789372Z,129,dc.scaffold.htb,Microsoft-Windows-TaskScheduler,Microsoft-Windows-TaskScheduler/Operational,4430,4,,,,,%windir%\system32\devicecensus.exe,16384,5280,,,,,\Microsoft\Windows\Device Information\Device,,,CreatedTaskProcess
2026-05-22T13:58:38.789734Z,114,dc.scaffold.htb,Microsoft-Windows-TaskScheduler,Microsoft-Windows-TaskScheduler/Operational,4431,3,,,3D9001F2-74BB-42D2-8B69-7864B3A5CC5D,,,,,,,,,\Microsoft\Windows\Flighting\OneSettings\RefreshCache,,,MissedTaskLaunched
2026-05-22T13:58:38.789742Z,100,dc.scaffold.htb,Microsoft-Windows-TaskScheduler,Microsoft-Windows-TaskScheduler/Operational,4432,4,,,64A8AB22-7203-4D42-8C1F-CA974A890641,,,,,,,,,\Microsoft\Windows\Device Information\Device,NT AUTHORITY\SYSTEM,,TaskStartEvent
2026-05-22T13:58:38.789747Z,200,dc.scaffold.htb,Microsoft-Windows-TaskScheduler,Microsoft-Windows-TaskScheduler/Operational,4433,4,%windir%\system32\devicecensus.exe,5280,,,,,,,,,64A8AB22-7203-4D42-8C1F-CA974A890641,\Microsoft\Windows\Device Information\Device,,,ActionStart
2026-05-22T13:58:38.789895Z,100,dc.scaffold.htb,Microsoft-Windows-TaskScheduler,Microsoft-Windows-TaskScheduler/Operational,4434,4,,,3D9001F2-74BB-42D2-8B69-7864B3A5CC5D,,,,,,,,,\Microsoft\Windows\Flighting\OneSettings\RefreshCache,NT AUTHORITY\SYSTEM,,TaskStartEvent
2026-05-22T13:58:38.789897Z,200,dc.scaffold.htb,Microsoft-Windows-TaskScheduler,Microsoft-Windows-TaskScheduler/Operational,4435,4,OneSettings Refresh Cache Task Handler,4284,,,,,,,,,3D9001F2-74BB-42D2-8B69-7864B3A5CC5D,\Microsoft\Windows\Flighting\OneSettings\RefreshCache,,,ActionStart
2026-05-22T13:58:38.790749Z,114,dc.scaffold.htb,Microsoft-Windows-TaskScheduler,Microsoft-Windows-TaskScheduler/Operational,4436,3,,,0D4720F8-B3C5-400B-A916-9BDBA84B1FDF,,,,,,,,,\Microsoft\Windows\UpdateOrchestrator\Schedule Scan,,,MissedTaskLaunched
2026-05-22T13:58:38.790783Z,114,dc.scaffold.htb,Microsoft-Windows-TaskScheduler,Microsoft-Windows-TaskScheduler/Operational,4437,3,,,4FE18E07-0535-49B6-A4EB-751A9E650E86,,,,,,,,,\Microsoft\Windows\Application Experience\PcaPatchDbTask,,,MissedTaskLaunched
2026-05-22T13:58:38.794276Z,129,dc.scaffold.htb,Microsoft-Windows-TaskScheduler,Microsoft-Windows-TaskScheduler/Operational,4438,4,,,,,%SystemRoot%\System32\wsqmcons.exe,16384,5576,,,,,\Microsoft\Windows\Customer Experience Improvement Program\Consolidator,,,CreatedTaskProcess
2026-05-22T13:58:38.794553Z,100,dc.scaffold.htb,Microsoft-Windows-TaskScheduler,Microsoft-Windows-TaskScheduler/Operational,4439,4,,,CFE9117B-5780-4FF0-816A-4CB126EC0397,,,,,,,,,\Microsoft\Windows\Customer Experience Improvement Program\Consolidator,NT AUTHORITY\SYSTEM,,TaskStartEvent
2026-05-22T13:58:38.794555Z,200,dc.scaffold.htb,Microsoft-Windows-TaskScheduler,Microsoft-Windows-TaskScheduler/Operational,4440,4,%SystemRoot%\System32\wsqmcons.exe,5576,,,,,,,,,CFE9117B-5780-4FF0-816A-4CB126EC0397,\Microsoft\Windows\Customer Experience Improvement Program\Consolidator,,,ActionStart
2026-05-22T13:58:38.794611Z,129,dc.scaffold.htb,Microsoft-Windows-TaskScheduler,Microsoft-Windows-TaskScheduler/Operational,4441,4,,,,,%windir%\system32\compattelrunner.exe,16384,5260,,,,,\Microsoft\Windows\Application Experience\Microsoft Compatibility Appraiser,,,CreatedTaskProcess
2026-05-22T13:58:38.794832Z,100,dc.scaffold.htb,Microsoft-Windows-TaskScheduler,Microsoft-Windows-TaskScheduler/Operational,4442,4,,,6FE282EB-6A2A-455B-9E56-4AE775187D40,,,,,,,,,\Microsoft\Windows\Application Experience\Microsoft Compatibility Appraiser,NT AUTHORITY\SYSTEM,,TaskStartEvent
2026-05-22T13:58:38.794834Z,200,dc.scaffold.htb,Microsoft-Windows-TaskScheduler,Microsoft-Windows-TaskScheduler/Operational,4443,4,%windir%\system32\compattelrunner.exe,5260,,,,,,,,,6FE282EB-6A2A-455B-9E56-4AE775187D40,\Microsoft\Windows\Application Experience\Microsoft Compatibility Appraiser,,,ActionStart
2026-05-22T13:58:38.798817Z,129,dc.scaffold.htb,Microsoft-Windows-TaskScheduler,Microsoft-Windows-TaskScheduler/Operational,4444,4,,,,,%systemroot%\system32\usoclient.exe,16384,3660,,,,,\Microsoft\Windows\UpdateOrchestrator\Schedule Scan,,,CreatedTaskProcess
2026-05-22T13:58:38.799049Z,100,dc.scaffold.htb,Microsoft-Windows-TaskScheduler,Microsoft-Windows-TaskScheduler/Operational,4445,4,,,0D4720F8-B3C5-400B-A916-9BDBA84B1FDF,,,,,,,,,\Microsoft\Windows\UpdateOrchestrator\Schedule Scan,NT AUTHORITY\SYSTEM,,TaskStartEvent
2026-05-22T13:58:38.799050Z,200,dc.scaffold.htb,Microsoft-Windows-TaskScheduler,Microsoft-Windows-TaskScheduler/Operational,4446,4,%systemroot%\system32\usoclient.exe,3660,,,,,,,,,0D4720F8-B3C5-400B-A916-9BDBA84B1FDF,\Microsoft\Windows\UpdateOrchestrator\Schedule Scan,,,ActionStart
2026-05-22T13:58:38.799445Z,129,dc.scaffold.htb,Microsoft-Windows-TaskScheduler,Microsoft-Windows-TaskScheduler/Operational,4447,4,,,,,%windir%\system32\rundll32.exe,16384,3536,,,,,\Microsoft\Windows\Application Experience\PcaPatchDbTask,,,CreatedTaskProcess
2026-05-22T13:58:38.799614Z,100,dc.scaffold.htb,Microsoft-Windows-TaskScheduler,Microsoft-Windows-TaskScheduler/Operational,4448,4,,,4FE18E07-0535-49B6-A4EB-751A9E650E86,,,,,,,,,\Microsoft\Windows\Application Experience\PcaPatchDbTask,NT AUTHORITY\SYSTEM,,TaskStartEvent
2026-05-22T13:58:38.799616Z,200,dc.scaffold.htb,Microsoft-Windows-TaskScheduler,Microsoft-Windows-TaskScheduler/Operational,4449,4,%windir%\system32\rundll32.exe,3536,,,,,,,,,4FE18E07-0535-49B6-A4EB-751A9E650E86,\Microsoft\Windows\Application Experience\PcaPatchDbTask,,,ActionStart
2026-05-22T13:58:38.803845Z,201,dc.scaffold.htb,Microsoft-Windows-TaskScheduler,Microsoft-Windows-TaskScheduler/Operational,4450,4,%SystemRoot%\System32\wsqmcons.exe,5576,,,,,,,0,,CFE9117B-5780-4FF0-816A-4CB126EC0397,\Microsoft\Windows\Customer Experience Improvement Program\Consolidator,,,ActionSuccess
2026-05-22T13:58:38.803941Z,102,dc.scaffold.htb,Microsoft-Windows-TaskScheduler,Microsoft-Windows-TaskScheduler/Operational,4451,4,,,CFE9117B-5780-4FF0-816A-4CB126EC0397,,,,,,,,,\Microsoft\Windows\Customer Experience Improvement Program\Consolidator,NT AUTHORITY\SYSTEM,,TaskSuccessEvent
2026-05-22T13:58:38.832667Z,140,dc.scaffold.htb,Microsoft-Windows-TaskScheduler,Microsoft-Windows-TaskScheduler/Operational,4452,4,,,,,,,,,,,,\Microsoft\Windows\Data Integrity Scan\Data Integrity Check And Scan,,SCAFFOLD\DC$,TaskUpdated
2026-05-22T13:58:38.843599Z,140,dc.scaffold.htb,Microsoft-Windows-TaskScheduler,Microsoft-Windows-TaskScheduler/Operational,4453,4,,,,,,,,,,,,\Microsoft\Windows\Data Integrity Scan\Data Integrity Check And Scan,,SCAFFOLD\DC$,TaskUpdated
2026-05-22T13:58:38.845149Z,201,dc.scaffold.htb,Microsoft-Windows-TaskScheduler,Microsoft-Windows-TaskScheduler/Operational,4454,4,Data Integrity Scan,4284,,,,,,,0,,D70E243F-597A-4020-9D94-BDC230583DA2,\Microsoft\Windows\Data Integrity Scan\Data Integrity Check And Scan,,,ActionSuccess
2026-05-22T13:58:38.845150Z,102,dc.scaffold.htb,Microsoft-Windows-TaskScheduler,Microsoft-Windows-TaskScheduler/Operational,4455,4,,,D70E243F-597A-4020-9D94-BDC230583DA2,,,,,,,,,\Microsoft\Windows\Data Integrity Scan\Data Integrity Check And Scan,NT AUTHORITY\SYSTEM,,TaskSuccessEvent
2026-05-22T13:58:38.920938Z,201,dc.scaffold.htb,Microsoft-Windows-TaskScheduler,Microsoft-Windows-TaskScheduler/Operational,4456,4,%systemroot%\system32\usoclient.exe,3660,,,,,,,0,,0D4720F8-B3C5-400B-A916-9BDBA84B1FDF,\Microsoft\Windows\UpdateOrchestrator\Schedule Scan,,,ActionSuccess
2026-05-22T13:58:38.921114Z,102,dc.scaffold.htb,Microsoft-Windows-TaskScheduler,Microsoft-Windows-TaskScheduler/Operational,4457,4,,,0D4720F8-B3C5-400B-A916-9BDBA84B1FDF,,,,,,,,,\Microsoft\Windows\UpdateOrchestrator\Schedule Scan,NT AUTHORITY\SYSTEM,,TaskSuccessEvent
2026-05-22T13:58:39.695297Z,201,dc.scaffold.htb,Microsoft-Windows-TaskScheduler,Microsoft-Windows-TaskScheduler/Operational,4458,4,%systemroot%\system32\MusNotification.exe,5224,,,,,,,0,,F2FBF128-96B6-41FB-92A1-B626A9FDEF32,\Microsoft\Windows\UpdateOrchestrator\USO_UxBroker,,,ActionSuccess
2026-05-22T13:58:39.695526Z,102,dc.scaffold.htb,Microsoft-Windows-TaskScheduler,Microsoft-Windows-TaskScheduler/Operational,4459,4,,,F2FBF128-96B6-41FB-92A1-B626A9FDEF32,,,,,,,,,\Microsoft\Windows\UpdateOrchestrator\USO_UxBroker,NT AUTHORITY\SYSTEM,,TaskSuccessEvent
2026-05-22T13:58:48.664639Z,201,dc.scaffold.htb,Microsoft-Windows-TaskScheduler,Microsoft-Windows-TaskScheduler/Operational,4460,4,%windir%\system32\rundll32.exe,3536,,,,,,,0,,4FE18E07-0535-49B6-A4EB-751A9E650E86,\Microsoft\Windows\Application Experience\PcaPatchDbTask,,,ActionSuccess
2026-05-22T13:58:48.664750Z,102,dc.scaffold.htb,Microsoft-Windows-TaskScheduler,Microsoft-Windows-TaskScheduler/Operational,4461,4,,,4FE18E07-0535-49B6-A4EB-751A9E650E86,,,,,,,,,\Microsoft\Windows\Application Experience\PcaPatchDbTask,NT AUTHORITY\SYSTEM,,TaskSuccessEvent
2026-05-22T13:58:48.690114Z,202,dc.scaffold.htb,Microsoft-Windows-TaskScheduler,Microsoft-Windows-TaskScheduler/Operational,4462,2,OneSettings Refresh Cache Task Handler,4284,,,,,,,2147954407,,3D9001F2-74BB-42D2-8B69-7864B3A5CC5D,\Microsoft\Windows\Flighting\OneSettings\RefreshCache,,,ActionFailure
2026-05-22T13:58:48.690115Z,103,dc.scaffold.htb,Microsoft-Windows-TaskScheduler,Microsoft-Windows-TaskScheduler/Operational,4463,2,,,3D9001F2-74BB-42D2-8B69-7864B3A5CC5D,,,,,,2147954407,,,\Microsoft\Windows\Flighting\OneSettings\RefreshCache,NT AUTHORITY\SYSTEM,,TaskFailureEvent
2026-05-22T13:58:48.804872Z,129,dc.scaffold.htb,Microsoft-Windows-TaskScheduler,Microsoft-Windows-TaskScheduler/Operational,4464,4,,,,,taskhostw.exe,16384,6068,,,,,\Microsoft\Windows\Flighting\OneSettings\RefreshCache,,,CreatedTaskProcess
2026-05-22T13:58:48.804984Z,100,dc.scaffold.htb,Microsoft-Windows-TaskScheduler,Microsoft-Windows-TaskScheduler/Operational,4465,4,,,0C57A153-8F7D-44B3-9726-DFB64F741799,,,,,,,,,\Microsoft\Windows\Flighting\OneSettings\RefreshCache,NT AUTHORITY\SYSTEM,,TaskStartEvent
2026-05-22T13:58:48.804986Z,200,dc.scaffold.htb,Microsoft-Windows-TaskScheduler,Microsoft-Windows-TaskScheduler/Operational,4466,4,OneSettings Refresh Cache Task Handler,6068,,,,,,,,,0C57A153-8F7D-44B3-9726-DFB64F741799,\Microsoft\Windows\Flighting\OneSettings\RefreshCache,,,ActionStart
2026-05-22T13:58:48.814677Z,140,dc.scaffold.htb,Microsoft-Windows-TaskScheduler,Microsoft-Windows-TaskScheduler/Operational,4467,4,,,,,,,,,,,,\Microsoft\Windows\UpdateOrchestrator\Schedule Scan,,S-1-5-18,TaskUpdated
2026-05-22T13:58:48.845000Z,140,dc.scaffold.htb,Microsoft-Windows-TaskScheduler,Microsoft-Windows-TaskScheduler/Operational,4468,4,,,,,,,,,,,,\Microsoft\Windows\UpdateOrchestrator\Schedule Scan,,SCAFFOLD\DC$,TaskUpdated
2026-05-22T13:58:48.910615Z,202,dc.scaffold.htb,Microsoft-Windows-TaskScheduler,Microsoft-Windows-TaskScheduler/Operational,4469,2,OneSettings Refresh Cache Task Handler,6068,,,,,,,2147954407,,0C57A153-8F7D-44B3-9726-DFB64F741799,\Microsoft\Windows\Flighting\OneSettings\RefreshCache,,,ActionFailure
2026-05-22T13:58:48.910616Z,103,dc.scaffold.htb,Microsoft-Windows-TaskScheduler,Microsoft-Windows-TaskScheduler/Operational,4470,2,,,0C57A153-8F7D-44B3-9726-DFB64F741799,,,,,,2147954407,,,\Microsoft\Windows\Flighting\OneSettings\RefreshCache,NT AUTHORITY\SYSTEM,,TaskFailureEvent
2026-05-22T13:58:49.388046Z,140,dc.scaffold.htb,Microsoft-Windows-TaskScheduler,Microsoft-Windows-TaskScheduler/Operational,4471,4,,,,,,,,,,,,\Microsoft\Windows\Device Information\Device,,SCAFFOLD\DC$,TaskUpdated
2026-05-22T13:58:49.392564Z,140,dc.scaffold.htb,Microsoft-Windows-TaskScheduler,Microsoft-Windows-TaskScheduler/Operational,4472,4,,,,,,,,,,,,\Microsoft\Windows\Device Information\Device,,SCAFFOLD\DC$,TaskUpdated
2026-05-22T13:58:49.395440Z,201,dc.scaffold.htb,Microsoft-Windows-TaskScheduler,Microsoft-Windows-TaskScheduler/Operational,4473,4,%windir%\system32\devicecensus.exe,5280,,,,,,,0,,64A8AB22-7203-4D42-8C1F-CA974A890641,\Microsoft\Windows\Device Information\Device,,,ActionSuccess
2026-05-22T13:58:49.395537Z,102,dc.scaffold.htb,Microsoft-Windows-TaskScheduler,Microsoft-Windows-TaskScheduler/Operational,4474,4,,,64A8AB22-7203-4D42-8C1F-CA974A890641,,,,,,,,,\Microsoft\Windows\Device Information\Device,NT AUTHORITY\SYSTEM,,TaskSuccessEvent
