2026-05-15T15:16:50.695581Z,100,dc.scaffold.htb,Microsoft-Windows-TaskScheduler,Microsoft-Windows-TaskScheduler/Operational,1683,4,,,5C0E1B29-338F-442B-BD79-4048AD1E59ED,,,,,,,,,\Microsoft\Windows\Windows Error Reporting\QueueReporting,NT AUTHORITY\SYSTEM,,TaskStartEvent
2026-05-15T15:16:50.695584Z,200,dc.scaffold.htb,Microsoft-Windows-TaskScheduler,Microsoft-Windows-TaskScheduler/Operational,1684,4,%windir%\system32\wermgr.exe,2656,,,,,,,,,5C0E1B29-338F-442B-BD79-4048AD1E59ED,\Microsoft\Windows\Windows Error Reporting\QueueReporting,,,ActionStart
2026-05-15T15:16:50.887742Z,100,dc.scaffold.htb,Microsoft-Windows-TaskScheduler,Microsoft-Windows-TaskScheduler/Operational,1685,4,,,B87602C6-8F1B-4CA9-9E63-B20E943A8FB4,,,,,,,,,\Microsoft\Windows\WwanSvc\OobeDiscovery,NT AUTHORITY\SYSTEM,,TaskStartEvent
2026-05-15T15:16:50.887744Z,200,dc.scaffold.htb,Microsoft-Windows-TaskScheduler,Microsoft-Windows-TaskScheduler/Operational,1686,4,OobeEsimTaskManager,2104,,,,,,,,,B87602C6-8F1B-4CA9-9E63-B20E943A8FB4,\Microsoft\Windows\WwanSvc\OobeDiscovery,,,ActionStart
2026-05-15T15:16:50.967058Z,129,dc.scaffold.htb,Microsoft-Windows-TaskScheduler,Microsoft-Windows-TaskScheduler/Operational,1687,4,,,,,taskhostw.exe,16384,2744,,,,,\Microsoft\Windows\Time Synchronization\ForceSynchronizeTime,,,CreatedTaskProcess
2026-05-15T15:16:50.967412Z,100,dc.scaffold.htb,Microsoft-Windows-TaskScheduler,Microsoft-Windows-TaskScheduler/Operational,1688,4,,,54B309A2-2ED5-4EB8-90F8-57109BD072C2,,,,,,,,,\Microsoft\Windows\Time Synchronization\ForceSynchronizeTime,(NONE),,TaskStartEvent
2026-05-15T15:16:50.967413Z,200,dc.scaffold.htb,Microsoft-Windows-TaskScheduler,Microsoft-Windows-TaskScheduler/Operational,1689,4,Time Synchronization Task Handler,2744,,,,,,,,,54B309A2-2ED5-4EB8-90F8-57109BD072C2,\Microsoft\Windows\Time Synchronization\ForceSynchronizeTime,,,ActionStart
2026-05-15T15:16:51.089124Z,201,dc.scaffold.htb,Microsoft-Windows-TaskScheduler,Microsoft-Windows-TaskScheduler/Operational,1690,4,Time Synchronization Task Handler,2744,,,,,,,0,,54B309A2-2ED5-4EB8-90F8-57109BD072C2,\Microsoft\Windows\Time Synchronization\ForceSynchronizeTime,,,ActionSuccess
2026-05-15T15:16:51.089125Z,102,dc.scaffold.htb,Microsoft-Windows-TaskScheduler,Microsoft-Windows-TaskScheduler/Operational,1691,4,,,54B309A2-2ED5-4EB8-90F8-57109BD072C2,,,,,,,,,\Microsoft\Windows\Time Synchronization\ForceSynchronizeTime,(NONE),,TaskSuccessEvent
2026-05-15T15:16:51.229810Z,201,dc.scaffold.htb,Microsoft-Windows-TaskScheduler,Microsoft-Windows-TaskScheduler/Operational,1692,4,,2104,,,,,,,0,,8290487D-D245-435B-81DB-DDDD827D1A6D,\Microsoft\Windows\ExploitGuard\ExploitGuard MDM policy Refresh,,,ActionSuccess
2026-05-15T15:16:51.229812Z,102,dc.scaffold.htb,Microsoft-Windows-TaskScheduler,Microsoft-Windows-TaskScheduler/Operational,1693,4,,,8290487D-D245-435B-81DB-DDDD827D1A6D,,,,,,,,,\Microsoft\Windows\ExploitGuard\ExploitGuard MDM policy Refresh,NT AUTHORITY\SYSTEM,,TaskSuccessEvent
2026-05-15T15:16:51.254152Z,201,dc.scaffold.htb,Microsoft-Windows-TaskScheduler,Microsoft-Windows-TaskScheduler/Operational,1694,4,%windir%\system32\dxgiadaptercache.exe,2072,,,,,,,0,,38D1C17D-D78C-4DED-AD3A-0E8BE75EE46F,\Microsoft\Windows\DirectX\DXGIAdapterCache,,,ActionSuccess
2026-05-15T15:16:51.254398Z,102,dc.scaffold.htb,Microsoft-Windows-TaskScheduler,Microsoft-Windows-TaskScheduler/Operational,1695,4,,,38D1C17D-D78C-4DED-AD3A-0E8BE75EE46F,,,,,,,,,\Microsoft\Windows\DirectX\DXGIAdapterCache,NT AUTHORITY\SYSTEM,,TaskSuccessEvent
2026-05-15T15:16:51.332905Z,201,dc.scaffold.htb,Microsoft-Windows-TaskScheduler,Microsoft-Windows-TaskScheduler/Operational,1696,4,%windir%\system32\wermgr.exe,2656,,,,,,,0,,5C0E1B29-338F-442B-BD79-4048AD1E59ED,\Microsoft\Windows\Windows Error Reporting\QueueReporting,,,ActionSuccess
2026-05-15T15:16:51.333199Z,102,dc.scaffold.htb,Microsoft-Windows-TaskScheduler,Microsoft-Windows-TaskScheduler/Operational,1697,4,,,5C0E1B29-338F-442B-BD79-4048AD1E59ED,,,,,,,,,\Microsoft\Windows\Windows Error Reporting\QueueReporting,NT AUTHORITY\SYSTEM,,TaskSuccessEvent
2026-05-15T15:16:51.341688Z,201,dc.scaffold.htb,Microsoft-Windows-TaskScheduler,Microsoft-Windows-TaskScheduler/Operational,1698,4,OobeEsimTaskManager,2104,,,,,,,0,,B87602C6-8F1B-4CA9-9E63-B20E943A8FB4,\Microsoft\Windows\WwanSvc\OobeDiscovery,,,ActionSuccess
2026-05-15T15:16:51.341691Z,102,dc.scaffold.htb,Microsoft-Windows-TaskScheduler,Microsoft-Windows-TaskScheduler/Operational,1699,4,,,B87602C6-8F1B-4CA9-9E63-B20E943A8FB4,,,,,,,,,\Microsoft\Windows\WwanSvc\OobeDiscovery,NT AUTHORITY\SYSTEM,,TaskSuccessEvent
2026-05-15T15:16:51.653525Z,325,dc.scaffold.htb,Microsoft-Windows-TaskScheduler,Microsoft-Windows-TaskScheduler/Operational,1700,3,,,,,,,,3CC7851C-B80B-42FF-82BF-FEFF6B8C2620,,,,\Microsoft\Windows\Workplace Join\Automatic-Device-Join,,,TaskInstanceQueued
2026-05-15T15:16:51.653624Z,110,dc.scaffold.htb,Microsoft-Windows-TaskScheduler,Microsoft-Windows-TaskScheduler/Operational,1701,4,,,3CC7851C-B80B-42FF-82BF-FEFF6B8C2620,,,,,,,,,\Microsoft\Windows\Workplace Join\Automatic-Device-Join,System,,TaskRunEvent
2026-05-15T15:16:51.657181Z,129,dc.scaffold.htb,Microsoft-Windows-TaskScheduler,Microsoft-Windows-TaskScheduler/Operational,1702,4,,,,,%SystemRoot%\System32\dsregcmd.exe,16384,2884,,,,,\Microsoft\Windows\Workplace Join\Automatic-Device-Join,,,CreatedTaskProcess
2026-05-15T15:16:51.657314Z,100,dc.scaffold.htb,Microsoft-Windows-TaskScheduler,Microsoft-Windows-TaskScheduler/Operational,1703,4,,,3CC7851C-B80B-42FF-82BF-FEFF6B8C2620,,,,,,,,,\Microsoft\Windows\Workplace Join\Automatic-Device-Join,NT AUTHORITY\SYSTEM,,TaskStartEvent
2026-05-15T15:16:51.657316Z,200,dc.scaffold.htb,Microsoft-Windows-TaskScheduler,Microsoft-Windows-TaskScheduler/Operational,1704,4,%SystemRoot%\System32\dsregcmd.exe,2884,,,,,,,,,3CC7851C-B80B-42FF-82BF-FEFF6B8C2620,\Microsoft\Windows\Workplace Join\Automatic-Device-Join,,,ActionStart
2026-05-15T15:17:00.893351Z,118,dc.scaffold.htb,Microsoft-Windows-TaskScheduler,Microsoft-Windows-TaskScheduler/Operational,1705,4,,,FA4B4246-9E0B-48EE-90AD-EAF31C3AEA4C,,,,,,,,,\Microsoft\Windows\CertificateServicesClient\SystemTask,,,BootTrigger
2026-05-15T15:17:00.894979Z,129,dc.scaffold.htb,Microsoft-Windows-TaskScheduler,Microsoft-Windows-TaskScheduler/Operational,1706,4,,,,,taskhostw.exe,16384,4756,,,,,\Microsoft\Windows\CertificateServicesClient\SystemTask,,,CreatedTaskProcess
2026-05-15T15:17:00.895147Z,100,dc.scaffold.htb,Microsoft-Windows-TaskScheduler,Microsoft-Windows-TaskScheduler/Operational,1707,4,,,FA4B4246-9E0B-48EE-90AD-EAF31C3AEA4C,,,,,,,,,\Microsoft\Windows\CertificateServicesClient\SystemTask,NT AUTHORITY\SYSTEM,,TaskStartEvent
2026-05-15T15:17:00.895149Z,200,dc.scaffold.htb,Microsoft-Windows-TaskScheduler,Microsoft-Windows-TaskScheduler/Operational,1708,4,Certificate Services Client Task Handler,4756,,,,,,,,,FA4B4246-9E0B-48EE-90AD-EAF31C3AEA4C,\Microsoft\Windows\CertificateServicesClient\SystemTask,,,ActionStart
2026-05-15T15:17:29.565553Z,201,dc.scaffold.htb,Microsoft-Windows-TaskScheduler,Microsoft-Windows-TaskScheduler/Operational,1709,4,%SystemRoot%\System32\dsregcmd.exe,2884,,,,,,,2147942401,,3CC7851C-B80B-42FF-82BF-FEFF6B8C2620,\Microsoft\Windows\Workplace Join\Automatic-Device-Join,,,ActionSuccess
2026-05-15T15:17:29.565688Z,102,dc.scaffold.htb,Microsoft-Windows-TaskScheduler,Microsoft-Windows-TaskScheduler/Operational,1710,4,,,3CC7851C-B80B-42FF-82BF-FEFF6B8C2620,,,,,,,,,\Microsoft\Windows\Workplace Join\Automatic-Device-Join,NT AUTHORITY\SYSTEM,,TaskSuccessEvent
2026-05-15T15:17:29.809967Z,201,dc.scaffold.htb,Microsoft-Windows-TaskScheduler,Microsoft-Windows-TaskScheduler/Operational,1711,4,Certificate Services Client Task Handler,4756,,,,,,,0,,FA4B4246-9E0B-48EE-90AD-EAF31C3AEA4C,\Microsoft\Windows\CertificateServicesClient\SystemTask,,,ActionSuccess
2026-05-15T15:17:29.809969Z,102,dc.scaffold.htb,Microsoft-Windows-TaskScheduler,Microsoft-Windows-TaskScheduler/Operational,1712,4,,,FA4B4246-9E0B-48EE-90AD-EAF31C3AEA4C,,,,,,,,,\Microsoft\Windows\CertificateServicesClient\SystemTask,NT AUTHORITY\SYSTEM,,TaskSuccessEvent
2026-05-15T15:17:29.985221Z,140,dc.scaffold.htb,Microsoft-Windows-TaskScheduler,Microsoft-Windows-TaskScheduler/Operational,1713,4,,,,,,,,,,,,\Microsoft\Windows\SoftwareProtectionPlatform\SvcRestartTask,,SCAFFOLD\DC$,TaskUpdated
2026-05-15T15:17:45.068387Z,119,dc.scaffold.htb,Microsoft-Windows-TaskScheduler,Microsoft-Windows-TaskScheduler/Operational,1714,4,,,E5A6B790-359D-453B-AB04-C25265B79CA3,,,,,,,,,\Microsoft\Windows\TextServicesFramework\MsCtfMonitor,,SCAFFOLD\Administrator,LogonTrigger
2026-05-15T15:17:45.068506Z,119,dc.scaffold.htb,Microsoft-Windows-TaskScheduler,Microsoft-Windows-TaskScheduler/Operational,1715,4,,,178ABA36-75B5-471E-9ED9-90DA65D2091E,,,,,,,,,\Microsoft\Windows\Server Manager\ServerManager,,SCAFFOLD\Administrator,LogonTrigger
2026-05-15T15:17:45.069340Z,119,dc.scaffold.htb,Microsoft-Windows-TaskScheduler,Microsoft-Windows-TaskScheduler/Operational,1716,4,,,FDE7B645-480A-4940-84C0-356C92059963,,,,,,,,,\Microsoft\Windows\CertificateServicesClient\UserTask,,SCAFFOLD\Administrator,LogonTrigger
2026-05-15T15:17:45.069385Z,119,dc.scaffold.htb,Microsoft-Windows-TaskScheduler,Microsoft-Windows-TaskScheduler/Operational,1717,4,,,2E61ECD3-4020-4C5E-9A96-B77A3ECD3D8B,,,,,,,,,\Microsoft\Windows\WindowsColorSystem\Calibration Loader,,SCAFFOLD\Administrator,LogonTrigger
2026-05-15T15:17:45.070191Z,119,dc.scaffold.htb,Microsoft-Windows-TaskScheduler,Microsoft-Windows-TaskScheduler/Operational,1718,4,,,32515F71-0E8A-4EF8-B5E2-E9899A97B52D,,,,,,,,,\Microsoft\Windows\Wininet\CacheTask,,SCAFFOLD\Administrator,LogonTrigger
2026-05-15T15:17:45.070789Z,119,dc.scaffold.htb,Microsoft-Windows-TaskScheduler,Microsoft-Windows-TaskScheduler/Operational,1719,4,,,7722D07B-9036-4B16-9DFA-67D2617A6C1C,,,,,,,,,\Microsoft\Windows\Plug and Play\Device Install Reboot Required,,SCAFFOLD\Administrator,LogonTrigger
2026-05-15T15:17:45.071592Z,119,dc.scaffold.htb,Microsoft-Windows-TaskScheduler,Microsoft-Windows-TaskScheduler/Operational,1720,4,,,97EF8048-232B-4243-B85E-B1725DB5FCA8,,,,,,,,,\MicrosoftEdgeUpdateTaskMachineCore,,SCAFFOLD\Administrator,LogonTrigger
2026-05-15T15:17:45.073908Z,129,dc.scaffold.htb,Microsoft-Windows-TaskScheduler,Microsoft-Windows-TaskScheduler/Operational,1721,4,,,,,%windir%\system32\ServerManagerLauncher.exe,32,6016,,,,,\Microsoft\Windows\Server Manager\ServerManager,,,CreatedTaskProcess
2026-05-15T15:17:45.074103Z,129,dc.scaffold.htb,Microsoft-Windows-TaskScheduler,Microsoft-Windows-TaskScheduler/Operational,1722,4,,,,,taskhostw.exe,32,6024,,,,,\Microsoft\Windows\TextServicesFramework\MsCtfMonitor,,,CreatedTaskProcess
2026-05-15T15:17:45.074302Z,100,dc.scaffold.htb,Microsoft-Windows-TaskScheduler,Microsoft-Windows-TaskScheduler/Operational,1723,4,,,178ABA36-75B5-471E-9ED9-90DA65D2091E,,,,,,,,,\Microsoft\Windows\Server Manager\ServerManager,SCAFFOLD\Administrator,,TaskStartEvent
2026-05-15T15:17:45.074304Z,200,dc.scaffold.htb,Microsoft-Windows-TaskScheduler,Microsoft-Windows-TaskScheduler/Operational,1724,4,%windir%\system32\ServerManagerLauncher.exe,6016,,,,,,,,,178ABA36-75B5-471E-9ED9-90DA65D2091E,\Microsoft\Windows\Server Manager\ServerManager,,,ActionStart
2026-05-15T15:17:45.074410Z,100,dc.scaffold.htb,Microsoft-Windows-TaskScheduler,Microsoft-Windows-TaskScheduler/Operational,1725,4,,,E5A6B790-359D-453B-AB04-C25265B79CA3,,,,,,,,,\Microsoft\Windows\TextServicesFramework\MsCtfMonitor,SCAFFOLD\Administrator,,TaskStartEvent
2026-05-15T15:17:45.074412Z,200,dc.scaffold.htb,Microsoft-Windows-TaskScheduler,Microsoft-Windows-TaskScheduler/Operational,1726,4,MsCtfMonitor task handler,6024,,,,,,,,,E5A6B790-359D-453B-AB04-C25265B79CA3,\Microsoft\Windows\TextServicesFramework\MsCtfMonitor,,,ActionStart
2026-05-15T15:17:45.104585Z,129,dc.scaffold.htb,Microsoft-Windows-TaskScheduler,Microsoft-Windows-TaskScheduler/Operational,1727,4,,,,,C:\Program Files (x86)\Microsoft\EdgeUpdate\MicrosoftEdgeUpdate.exe,32,6036,,,,,\MicrosoftEdgeUpdateTaskMachineCore,,,CreatedTaskProcess
2026-05-15T15:17:45.104757Z,100,dc.scaffold.htb,Microsoft-Windows-TaskScheduler,Microsoft-Windows-TaskScheduler/Operational,1728,4,,,97EF8048-232B-4243-B85E-B1725DB5FCA8,,,,,,,,,\MicrosoftEdgeUpdateTaskMachineCore,NT AUTHORITY\SYSTEM,,TaskStartEvent
2026-05-15T15:17:45.104759Z,200,dc.scaffold.htb,Microsoft-Windows-TaskScheduler,Microsoft-Windows-TaskScheduler/Operational,1729,4,C:\Program Files (x86)\Microsoft\EdgeUpdate\MicrosoftEdgeUpdate.exe,6036,,,,,,,,,97EF8048-232B-4243-B85E-B1725DB5FCA8,\MicrosoftEdgeUpdateTaskMachineCore,,,ActionStart
2026-05-15T15:17:45.126956Z,201,dc.scaffold.htb,Microsoft-Windows-TaskScheduler,Microsoft-Windows-TaskScheduler/Operational,1730,4,MsCtfMonitor task handler,6024,,,,,,,0,,E5A6B790-359D-453B-AB04-C25265B79CA3,\Microsoft\Windows\TextServicesFramework\MsCtfMonitor,,,ActionSuccess
2026-05-15T15:17:45.126957Z,102,dc.scaffold.htb,Microsoft-Windows-TaskScheduler,Microsoft-Windows-TaskScheduler/Operational,1731,4,,,E5A6B790-359D-453B-AB04-C25265B79CA3,,,,,,,,,\Microsoft\Windows\TextServicesFramework\MsCtfMonitor,SCAFFOLD\Administrator,,TaskSuccessEvent
2026-05-15T15:17:45.185848Z,129,dc.scaffold.htb,Microsoft-Windows-TaskScheduler,Microsoft-Windows-TaskScheduler/Operational,1732,4,,,,,taskhostw.exe,32,5172,,,,,\Microsoft\Windows\CertificateServicesClient\UserTask,,,CreatedTaskProcess
2026-05-15T15:17:45.186193Z,100,dc.scaffold.htb,Microsoft-Windows-TaskScheduler,Microsoft-Windows-TaskScheduler/Operational,1733,4,,,FDE7B645-480A-4940-84C0-356C92059963,,,,,,,,,\Microsoft\Windows\CertificateServicesClient\UserTask,SCAFFOLD\Administrator,,TaskStartEvent
2026-05-15T15:17:45.186195Z,200,dc.scaffold.htb,Microsoft-Windows-TaskScheduler,Microsoft-Windows-TaskScheduler/Operational,1734,4,Certificate Services Client Task Handler,5172,,,,,,,,,FDE7B645-480A-4940-84C0-356C92059963,\Microsoft\Windows\CertificateServicesClient\UserTask,,,ActionStart
2026-05-15T15:17:45.291023Z,100,dc.scaffold.htb,Microsoft-Windows-TaskScheduler,Microsoft-Windows-TaskScheduler/Operational,1735,4,,,2E61ECD3-4020-4C5E-9A96-B77A3ECD3D8B,,,,,,,,,\Microsoft\Windows\WindowsColorSystem\Calibration Loader,SCAFFOLD\Administrator,,TaskStartEvent
2026-05-15T15:17:45.291025Z,200,dc.scaffold.htb,Microsoft-Windows-TaskScheduler,Microsoft-Windows-TaskScheduler/Operational,1736,4,Color Calibration Loader,5172,,,,,,,,,2E61ECD3-4020-4C5E-9A96-B77A3ECD3D8B,\Microsoft\Windows\WindowsColorSystem\Calibration Loader,,,ActionStart
2026-05-15T15:17:45.292836Z,129,dc.scaffold.htb,Microsoft-Windows-TaskScheduler,Microsoft-Windows-TaskScheduler/Operational,1737,4,,,,,taskhostw.exe,32,6028,,,,,\Microsoft\Windows\Wininet\CacheTask,,,CreatedTaskProcess
2026-05-15T15:17:45.293049Z,100,dc.scaffold.htb,Microsoft-Windows-TaskScheduler,Microsoft-Windows-TaskScheduler/Operational,1738,4,,,32515F71-0E8A-4EF8-B5E2-E9899A97B52D,,,,,,,,,\Microsoft\Windows\Wininet\CacheTask,SCAFFOLD\Administrator,,TaskStartEvent
2026-05-15T15:17:45.293050Z,200,dc.scaffold.htb,Microsoft-Windows-TaskScheduler,Microsoft-Windows-TaskScheduler/Operational,1739,4,Wininet Cache task object,6028,,,,,,,,,32515F71-0E8A-4EF8-B5E2-E9899A97B52D,\Microsoft\Windows\Wininet\CacheTask,,,ActionStart
2026-05-15T15:17:45.331248Z,141,dc.scaffold.htb,Microsoft-Windows-TaskScheduler,Microsoft-Windows-TaskScheduler/Operational,1740,4,,,,,,,,,,,,\CreateExplorerShellUnelevatedTask,,SCAFFOLD\Administrator,TaskDeleted
2026-05-15T15:17:45.339449Z,106,dc.scaffold.htb,Microsoft-Windows-TaskScheduler,Microsoft-Windows-TaskScheduler/Operational,1741,4,,,,,,,,,,,,\CreateExplorerShellUnelevatedTask,SCAFFOLD\Administrator,,TaskRegisteredEvent
2026-05-15T15:17:45.339450Z,140,dc.scaffold.htb,Microsoft-Windows-TaskScheduler,Microsoft-Windows-TaskScheduler/Operational,1742,4,,,,,,,,,,,,\CreateExplorerShellUnelevatedTask,,SCAFFOLD\Administrator,TaskUpdated
2026-05-15T15:17:45.339831Z,109,dc.scaffold.htb,Microsoft-Windows-TaskScheduler,Microsoft-Windows-TaskScheduler/Operational,1743,4,,,83E71257-5802-46C6-B015-66A46BC5FDB1,,,,,,,,,\CreateExplorerShellUnelevatedTask,,,RegistrationTriggerEvent
2026-05-15T15:17:45.342756Z,129,dc.scaffold.htb,Microsoft-Windows-TaskScheduler,Microsoft-Windows-TaskScheduler/Operational,1744,4,,,,,C:\Windows\Explorer.EXE,32,6188,,,,,\CreateExplorerShellUnelevatedTask,,,CreatedTaskProcess
2026-05-15T15:17:45.342982Z,100,dc.scaffold.htb,Microsoft-Windows-TaskScheduler,Microsoft-Windows-TaskScheduler/Operational,1745,4,,,83E71257-5802-46C6-B015-66A46BC5FDB1,,,,,,,,,\CreateExplorerShellUnelevatedTask,SCAFFOLD\Administrator,,TaskStartEvent
2026-05-15T15:17:45.342983Z,200,dc.scaffold.htb,Microsoft-Windows-TaskScheduler,Microsoft-Windows-TaskScheduler/Operational,1746,4,C:\Windows\Explorer.EXE,6188,,,,,,,,,83E71257-5802-46C6-B015-66A46BC5FDB1,\CreateExplorerShellUnelevatedTask,,,ActionStart
2026-05-15T15:17:45.403021Z,129,dc.scaffold.htb,Microsoft-Windows-TaskScheduler,Microsoft-Windows-TaskScheduler/Operational,1747,4,,,,,taskhostw.exe,32,6212,,,,,\Microsoft\Windows\Plug and Play\Device Install Reboot Required,,,CreatedTaskProcess
2026-05-15T15:17:45.403761Z,100,dc.scaffold.htb,Microsoft-Windows-TaskScheduler,Microsoft-Windows-TaskScheduler/Operational,1748,4,,,7722D07B-9036-4B16-9DFA-67D2617A6C1C,,,,,,,,,\Microsoft\Windows\Plug and Play\Device Install Reboot Required,SCAFFOLD\Administrator,,TaskStartEvent
2026-05-15T15:17:45.403763Z,200,dc.scaffold.htb,Microsoft-Windows-TaskScheduler,Microsoft-Windows-TaskScheduler/Operational,1749,4,Device Installation Reboot Dialog Task,6212,,,,,,,,,7722D07B-9036-4B16-9DFA-67D2617A6C1C,\Microsoft\Windows\Plug and Play\Device Install Reboot Required,,,ActionStart
2026-05-15T15:17:45.420203Z,201,dc.scaffold.htb,Microsoft-Windows-TaskScheduler,Microsoft-Windows-TaskScheduler/Operational,1750,4,Certificate Services Client Task Handler,5172,,,,,,,0,,FDE7B645-480A-4940-84C0-356C92059963,\Microsoft\Windows\CertificateServicesClient\UserTask,,,ActionSuccess
2026-05-15T15:17:45.420204Z,102,dc.scaffold.htb,Microsoft-Windows-TaskScheduler,Microsoft-Windows-TaskScheduler/Operational,1751,4,,,FDE7B645-480A-4940-84C0-356C92059963,,,,,,,,,\Microsoft\Windows\CertificateServicesClient\UserTask,SCAFFOLD\Administrator,,TaskSuccessEvent
2026-05-15T15:17:45.578309Z,201,dc.scaffold.htb,Microsoft-Windows-TaskScheduler,Microsoft-Windows-TaskScheduler/Operational,1752,4,Device Installation Reboot Dialog Task,6212,,,,,,,0,,7722D07B-9036-4B16-9DFA-67D2617A6C1C,\Microsoft\Windows\Plug and Play\Device Install Reboot Required,,,ActionSuccess
2026-05-15T15:17:45.578310Z,102,dc.scaffold.htb,Microsoft-Windows-TaskScheduler,Microsoft-Windows-TaskScheduler/Operational,1753,4,,,7722D07B-9036-4B16-9DFA-67D2617A6C1C,,,,,,,,,\Microsoft\Windows\Plug and Play\Device Install Reboot Required,SCAFFOLD\Administrator,,TaskSuccessEvent
2026-05-15T15:17:45.609714Z,201,dc.scaffold.htb,Microsoft-Windows-TaskScheduler,Microsoft-Windows-TaskScheduler/Operational,1754,4,Color Calibration Loader,5172,,,,,,,0,,2E61ECD3-4020-4C5E-9A96-B77A3ECD3D8B,\Microsoft\Windows\WindowsColorSystem\Calibration Loader,,,ActionSuccess
2026-05-15T15:17:45.609716Z,102,dc.scaffold.htb,Microsoft-Windows-TaskScheduler,Microsoft-Windows-TaskScheduler/Operational,1755,4,,,2E61ECD3-4020-4C5E-9A96-B77A3ECD3D8B,,,,,,,,,\Microsoft\Windows\WindowsColorSystem\Calibration Loader,SCAFFOLD\Administrator,,TaskSuccessEvent
2026-05-15T15:17:47.644396Z,201,dc.scaffold.htb,Microsoft-Windows-TaskScheduler,Microsoft-Windows-TaskScheduler/Operational,1756,4,%windir%\system32\ServerManagerLauncher.exe,6016,,,,,,,0,,178ABA36-75B5-471E-9ED9-90DA65D2091E,\Microsoft\Windows\Server Manager\ServerManager,,,ActionSuccess
2026-05-15T15:17:47.644683Z,102,dc.scaffold.htb,Microsoft-Windows-TaskScheduler,Microsoft-Windows-TaskScheduler/Operational,1757,4,,,178ABA36-75B5-471E-9ED9-90DA65D2091E,,,,,,,,,\Microsoft\Windows\Server Manager\ServerManager,SCAFFOLD\Administrator,,TaskSuccessEvent
2026-05-15T15:17:50.884552Z,118,dc.scaffold.htb,Microsoft-Windows-TaskScheduler,Microsoft-Windows-TaskScheduler/Operational,1758,4,,,46401B9F-9B3D-48DE-B2DD-66EEB1E12979,,,,,,,,,\Microsoft\Windows\Software Inventory Logging\Configuration,,,BootTrigger
2026-05-15T15:17:50.884607Z,118,dc.scaffold.htb,Microsoft-Windows-TaskScheduler,Microsoft-Windows-TaskScheduler/Operational,1759,4,,,EC941A1B-421F-4D11-A6D6-AA0DD07502DA,,,,,,,,,\Microsoft\Windows\DirectX\DXGIAdapterCache,,,BootTrigger
2026-05-15T15:17:50.886159Z,129,dc.scaffold.htb,Microsoft-Windows-TaskScheduler,Microsoft-Windows-TaskScheduler/Operational,1760,4,,,,,%systemroot%\system32\cmd.exe,16384,6016,,,,,\Microsoft\Windows\Software Inventory Logging\Configuration,,,CreatedTaskProcess
2026-05-15T15:17:50.886267Z,100,dc.scaffold.htb,Microsoft-Windows-TaskScheduler,Microsoft-Windows-TaskScheduler/Operational,1761,4,,,46401B9F-9B3D-48DE-B2DD-66EEB1E12979,,,,,,,,,\Microsoft\Windows\Software Inventory Logging\Configuration,NT AUTHORITY\SYSTEM,,TaskStartEvent
2026-05-15T15:17:50.886268Z,200,dc.scaffold.htb,Microsoft-Windows-TaskScheduler,Microsoft-Windows-TaskScheduler/Operational,1762,4,%systemroot%\system32\cmd.exe,6016,,,,,,,,,46401B9F-9B3D-48DE-B2DD-66EEB1E12979,\Microsoft\Windows\Software Inventory Logging\Configuration,,,ActionStart
2026-05-15T15:17:50.886541Z,129,dc.scaffold.htb,Microsoft-Windows-TaskScheduler,Microsoft-Windows-TaskScheduler/Operational,1763,4,,,,,%windir%\system32\dxgiadaptercache.exe,16384,6292,,,,,\Microsoft\Windows\DirectX\DXGIAdapterCache,,,CreatedTaskProcess
2026-05-15T15:17:50.886637Z,100,dc.scaffold.htb,Microsoft-Windows-TaskScheduler,Microsoft-Windows-TaskScheduler/Operational,1764,4,,,EC941A1B-421F-4D11-A6D6-AA0DD07502DA,,,,,,,,,\Microsoft\Windows\DirectX\DXGIAdapterCache,NT AUTHORITY\SYSTEM,,TaskStartEvent
2026-05-15T15:17:50.886638Z,200,dc.scaffold.htb,Microsoft-Windows-TaskScheduler,Microsoft-Windows-TaskScheduler/Operational,1765,4,%windir%\system32\dxgiadaptercache.exe,6292,,,,,,,,,EC941A1B-421F-4D11-A6D6-AA0DD07502DA,\Microsoft\Windows\DirectX\DXGIAdapterCache,,,ActionStart
2026-05-15T15:17:50.994015Z,201,dc.scaffold.htb,Microsoft-Windows-TaskScheduler,Microsoft-Windows-TaskScheduler/Operational,1766,4,%windir%\system32\dxgiadaptercache.exe,6292,,,,,,,0,,EC941A1B-421F-4D11-A6D6-AA0DD07502DA,\Microsoft\Windows\DirectX\DXGIAdapterCache,,,ActionSuccess
2026-05-15T15:17:50.994195Z,102,dc.scaffold.htb,Microsoft-Windows-TaskScheduler,Microsoft-Windows-TaskScheduler/Operational,1767,4,,,EC941A1B-421F-4D11-A6D6-AA0DD07502DA,,,,,,,,,\Microsoft\Windows\DirectX\DXGIAdapterCache,NT AUTHORITY\SYSTEM,,TaskSuccessEvent
2026-05-15T15:17:51.051921Z,201,dc.scaffold.htb,Microsoft-Windows-TaskScheduler,Microsoft-Windows-TaskScheduler/Operational,1768,4,%systemroot%\system32\cmd.exe,6016,,,,,,,0,,46401B9F-9B3D-48DE-B2DD-66EEB1E12979,\Microsoft\Windows\Software Inventory Logging\Configuration,,,ActionSuccess
2026-05-15T15:17:51.052441Z,102,dc.scaffold.htb,Microsoft-Windows-TaskScheduler,Microsoft-Windows-TaskScheduler/Operational,1769,4,,,46401B9F-9B3D-48DE-B2DD-66EEB1E12979,,,,,,,,,\Microsoft\Windows\Software Inventory Logging\Configuration,NT AUTHORITY\SYSTEM,,TaskSuccessEvent
2026-05-15T15:17:56.923737Z,140,dc.scaffold.htb,Microsoft-Windows-TaskScheduler,Microsoft-Windows-TaskScheduler/Operational,1770,4,,,,,,,,,,,,\Microsoft\Windows\Application Experience\PcaPatchDbTask,,SCAFFOLD\DC$,TaskUpdated
2026-05-15T15:18:15.567386Z,119,dc.scaffold.htb,Microsoft-Windows-TaskScheduler,Microsoft-Windows-TaskScheduler/Operational,1771,4,,,23509160-047D-44DF-87DB-BEC1DFB54804,,,,,,,,,\Microsoft\Windows\International\Synchronize Language Settings,,SCAFFOLD\Administrator,LogonTrigger
2026-05-15T15:18:15.568878Z,129,dc.scaffold.htb,Microsoft-Windows-TaskScheduler,Microsoft-Windows-TaskScheduler/Operational,1772,4,,,,,taskhostw.exe,32,3352,,,,,\Microsoft\Windows\International\Synchronize Language Settings,,,CreatedTaskProcess
2026-05-15T15:18:15.569067Z,100,dc.scaffold.htb,Microsoft-Windows-TaskScheduler,Microsoft-Windows-TaskScheduler/Operational,1773,4,,,23509160-047D-44DF-87DB-BEC1DFB54804,,,,,,,,,\Microsoft\Windows\International\Synchronize Language Settings,SCAFFOLD\Administrator,,TaskStartEvent
2026-05-15T15:18:15.569069Z,200,dc.scaffold.htb,Microsoft-Windows-TaskScheduler,Microsoft-Windows-TaskScheduler/Operational,1774,4,Sync Language Data From Cloud Task,3352,,,,,,,,,23509160-047D-44DF-87DB-BEC1DFB54804,\Microsoft\Windows\International\Synchronize Language Settings,,,ActionStart
2026-05-15T15:18:45.569566Z,119,dc.scaffold.htb,Microsoft-Windows-TaskScheduler,Microsoft-Windows-TaskScheduler/Operational,1775,4,,,0363DA18-0BB9-41F1-B2E2-9A486C31636F,,,,,,,,,\Microsoft\Windows\Workplace Join\Automatic-Device-Join,,SCAFFOLD\Administrator,LogonTrigger
2026-05-15T15:18:45.571825Z,129,dc.scaffold.htb,Microsoft-Windows-TaskScheduler,Microsoft-Windows-TaskScheduler/Operational,1776,4,,,,,%SystemRoot%\System32\dsregcmd.exe,16384,4908,,,,,\Microsoft\Windows\Workplace Join\Automatic-Device-Join,,,CreatedTaskProcess
2026-05-15T15:18:45.572007Z,100,dc.scaffold.htb,Microsoft-Windows-TaskScheduler,Microsoft-Windows-TaskScheduler/Operational,1777,4,,,0363DA18-0BB9-41F1-B2E2-9A486C31636F,,,,,,,,,\Microsoft\Windows\Workplace Join\Automatic-Device-Join,NT AUTHORITY\SYSTEM,,TaskStartEvent
2026-05-15T15:18:45.572009Z,200,dc.scaffold.htb,Microsoft-Windows-TaskScheduler,Microsoft-Windows-TaskScheduler/Operational,1778,4,%SystemRoot%\System32\dsregcmd.exe,4908,,,,,,,,,0363DA18-0BB9-41F1-B2E2-9A486C31636F,\Microsoft\Windows\Workplace Join\Automatic-Device-Join,,,ActionStart
2026-05-15T15:18:45.633843Z,201,dc.scaffold.htb,Microsoft-Windows-TaskScheduler,Microsoft-Windows-TaskScheduler/Operational,1779,4,%SystemRoot%\System32\dsregcmd.exe,4908,,,,,,,2147942401,,0363DA18-0BB9-41F1-B2E2-9A486C31636F,\Microsoft\Windows\Workplace Join\Automatic-Device-Join,,,ActionSuccess
2026-05-15T15:18:45.634043Z,102,dc.scaffold.htb,Microsoft-Windows-TaskScheduler,Microsoft-Windows-TaskScheduler/Operational,1780,4,,,0363DA18-0BB9-41F1-B2E2-9A486C31636F,,,,,,,,,\Microsoft\Windows\Workplace Join\Automatic-Device-Join,NT AUTHORITY\SYSTEM,,TaskSuccessEvent
2026-05-15T15:18:50.175815Z,202,dc.scaffold.htb,Microsoft-Windows-TaskScheduler,Microsoft-Windows-TaskScheduler/Operational,1781,2,Sync Language Data From Cloud Task,3352,,,,,,,2147746053,,23509160-047D-44DF-87DB-BEC1DFB54804,\Microsoft\Windows\International\Synchronize Language Settings,,,ActionFailure
2026-05-15T15:18:50.175817Z,103,dc.scaffold.htb,Microsoft-Windows-TaskScheduler,Microsoft-Windows-TaskScheduler/Operational,1782,2,,,23509160-047D-44DF-87DB-BEC1DFB54804,,,,,,2147746053,,,\Microsoft\Windows\International\Synchronize Language Settings,SCAFFOLD\Administrator,,TaskFailureEvent
2026-05-15T15:19:02.642058Z,140,dc.scaffold.htb,Microsoft-Windows-TaskScheduler,Microsoft-Windows-TaskScheduler/Operational,1783,4,,,,,,,,,,,,\Microsoft\Windows\UpdateOrchestrator\Schedule Scan,,S-1-5-18,TaskUpdated
2026-05-15T15:19:02.666843Z,140,dc.scaffold.htb,Microsoft-Windows-TaskScheduler,Microsoft-Windows-TaskScheduler/Operational,1784,4,,,,,,,,,,,,\Microsoft\Windows\UpdateOrchestrator\Schedule Scan,,SCAFFOLD\DC$,TaskUpdated
2026-05-15T15:19:30.182056Z,140,dc.scaffold.htb,Microsoft-Windows-TaskScheduler,Microsoft-Windows-TaskScheduler/Operational,1785,4,,,,,,,,,,,,\Microsoft\Windows\SoftwareProtectionPlatform\SvcRestartTask,,SCAFFOLD\DC$,TaskUpdated
2026-05-15T15:19:50.873719Z,118,dc.scaffold.htb,Microsoft-Windows-TaskScheduler,Microsoft-Windows-TaskScheduler/Operational,1786,4,,,97D8D653-1D0B-47C0-A343-9A8F4CAE0097,,,,,,,,,\Microsoft\Windows\Windows Error Reporting\QueueReporting,,,BootTrigger
2026-05-15T15:19:50.876662Z,129,dc.scaffold.htb,Microsoft-Windows-TaskScheduler,Microsoft-Windows-TaskScheduler/Operational,1787,4,,,,,%windir%\system32\wermgr.exe,16384,628,,,,,\Microsoft\Windows\Windows Error Reporting\QueueReporting,,,CreatedTaskProcess
2026-05-15T15:19:50.876863Z,100,dc.scaffold.htb,Microsoft-Windows-TaskScheduler,Microsoft-Windows-TaskScheduler/Operational,1788,4,,,97D8D653-1D0B-47C0-A343-9A8F4CAE0097,,,,,,,,,\Microsoft\Windows\Windows Error Reporting\QueueReporting,NT AUTHORITY\SYSTEM,,TaskStartEvent
2026-05-15T15:19:50.876865Z,200,dc.scaffold.htb,Microsoft-Windows-TaskScheduler,Microsoft-Windows-TaskScheduler/Operational,1789,4,%windir%\system32\wermgr.exe,628,,,,,,,,,97D8D653-1D0B-47C0-A343-9A8F4CAE0097,\Microsoft\Windows\Windows Error Reporting\QueueReporting,,,ActionStart
2026-05-15T15:19:50.877370Z,129,dc.scaffold.htb,Microsoft-Windows-TaskScheduler,Microsoft-Windows-TaskScheduler/Operational,1790,4,,,,,taskhostw.exe,16384,3788,,,,,\Microsoft\Windows\Flighting\FeatureConfig\ReconcileFeatures,,,CreatedTaskProcess
2026-05-15T15:19:50.877547Z,100,dc.scaffold.htb,Microsoft-Windows-TaskScheduler,Microsoft-Windows-TaskScheduler/Operational,1791,4,,,3A7584EB-2AE4-4BCA-AE92-6764D21A4068,,,,,,,,,\Microsoft\Windows\Flighting\FeatureConfig\ReconcileFeatures,NT AUTHORITY\SYSTEM,,TaskStartEvent
2026-05-15T15:19:50.877548Z,200,dc.scaffold.htb,Microsoft-Windows-TaskScheduler,Microsoft-Windows-TaskScheduler/Operational,1792,4,Feature Configuration Reconciliation Task Handler,3788,,,,,,,,,3A7584EB-2AE4-4BCA-AE92-6764D21A4068,\Microsoft\Windows\Flighting\FeatureConfig\ReconcileFeatures,,,ActionStart
2026-05-15T15:19:50.877978Z,322,dc.scaffold.htb,Microsoft-Windows-TaskScheduler,Microsoft-Windows-TaskScheduler/Operational,1793,3,,,,,,,,,,,3A7584EB-2AE4-4BCA-AE92-6764D21A4068,\Microsoft\Windows\Flighting\FeatureConfig\ReconcileFeatures,,,NewInstanceIgnored
2026-05-15T15:19:50.942491Z,201,dc.scaffold.htb,Microsoft-Windows-TaskScheduler,Microsoft-Windows-TaskScheduler/Operational,1794,4,%windir%\system32\wermgr.exe,628,,,,,,,0,,97D8D653-1D0B-47C0-A343-9A8F4CAE0097,\Microsoft\Windows\Windows Error Reporting\QueueReporting,,,ActionSuccess
2026-05-15T15:19:50.942581Z,102,dc.scaffold.htb,Microsoft-Windows-TaskScheduler,Microsoft-Windows-TaskScheduler/Operational,1795,4,,,97D8D653-1D0B-47C0-A343-9A8F4CAE0097,,,,,,,,,\Microsoft\Windows\Windows Error Reporting\QueueReporting,NT AUTHORITY\SYSTEM,,TaskSuccessEvent
2026-05-15T15:19:50.951979Z,201,dc.scaffold.htb,Microsoft-Windows-TaskScheduler,Microsoft-Windows-TaskScheduler/Operational,1796,4,Feature Configuration Reconciliation Task Handler,3788,,,,,,,0,,3A7584EB-2AE4-4BCA-AE92-6764D21A4068,\Microsoft\Windows\Flighting\FeatureConfig\ReconcileFeatures,,,ActionSuccess
2026-05-15T15:19:50.951980Z,102,dc.scaffold.htb,Microsoft-Windows-TaskScheduler,Microsoft-Windows-TaskScheduler/Operational,1797,4,,,3A7584EB-2AE4-4BCA-AE92-6764D21A4068,,,,,,,,,\Microsoft\Windows\Flighting\FeatureConfig\ReconcileFeatures,NT AUTHORITY\SYSTEM,,TaskSuccessEvent
2026-05-15T15:20:29.035964Z,114,dc.scaffold.htb,Microsoft-Windows-TaskScheduler,Microsoft-Windows-TaskScheduler/Operational,1798,3,,,3C257C56-7976-4D03-81FE-B91211FB1679,,,,,,,,,\Microsoft\Windows\Flighting\OneSettings\RefreshCache,,,MissedTaskLaunched
2026-05-15T15:20:29.039116Z,129,dc.scaffold.htb,Microsoft-Windows-TaskScheduler,Microsoft-Windows-TaskScheduler/Operational,1799,4,,,,,taskhostw.exe,16384,2616,,,,,\Microsoft\Windows\Flighting\OneSettings\RefreshCache,,,CreatedTaskProcess
2026-05-15T15:20:29.039412Z,100,dc.scaffold.htb,Microsoft-Windows-TaskScheduler,Microsoft-Windows-TaskScheduler/Operational,1800,4,,,3C257C56-7976-4D03-81FE-B91211FB1679,,,,,,,,,\Microsoft\Windows\Flighting\OneSettings\RefreshCache,NT AUTHORITY\SYSTEM,,TaskStartEvent
2026-05-15T15:20:29.039416Z,200,dc.scaffold.htb,Microsoft-Windows-TaskScheduler,Microsoft-Windows-TaskScheduler/Operational,1801,4,OneSettings Refresh Cache Task Handler,2616,,,,,,,,,3C257C56-7976-4D03-81FE-B91211FB1679,\Microsoft\Windows\Flighting\OneSettings\RefreshCache,,,ActionStart
2026-05-15T15:20:33.251911Z,140,dc.scaffold.htb,Microsoft-Windows-TaskScheduler,Microsoft-Windows-TaskScheduler/Operational,1802,4,,,,,,,,,,,,\Microsoft\Windows\Flighting\OneSettings\RefreshCache,,SCAFFOLD\DC$,TaskUpdated
2026-05-15T15:20:33.252772Z,201,dc.scaffold.htb,Microsoft-Windows-TaskScheduler,Microsoft-Windows-TaskScheduler/Operational,1803,4,OneSettings Refresh Cache Task Handler,2616,,,,,,,0,,3C257C56-7976-4D03-81FE-B91211FB1679,\Microsoft\Windows\Flighting\OneSettings\RefreshCache,,,ActionSuccess
2026-05-15T15:20:33.252773Z,102,dc.scaffold.htb,Microsoft-Windows-TaskScheduler,Microsoft-Windows-TaskScheduler/Operational,1804,4,,,3C257C56-7976-4D03-81FE-B91211FB1679,,,,,,,,,\Microsoft\Windows\Flighting\OneSettings\RefreshCache,NT AUTHORITY\SYSTEM,,TaskSuccessEvent
2026-05-15T15:20:59.413393Z,140,dc.scaffold.htb,Microsoft-Windows-TaskScheduler,Microsoft-Windows-TaskScheduler/Operational,1805,4,,,,,,,,,,,,\Microsoft\Windows\SoftwareProtectionPlatform\SvcRestartTask,,SCAFFOLD\DC$,TaskUpdated
2026-05-15T15:27:03.052218Z,141,dc.scaffold.htb,Microsoft-Windows-TaskScheduler,Microsoft-Windows-TaskScheduler/Operational,1806,4,,,,,,,,,,,,\Microsoft\Windows\Windows Defender\Windows Defender Scheduled Scan,,NT AUTHORITY\System,TaskDeleted
2026-05-15T15:27:03.062595Z,106,dc.scaffold.htb,Microsoft-Windows-TaskScheduler,Microsoft-Windows-TaskScheduler/Operational,1807,4,,,,,,,,,,,,\Microsoft\Windows\Windows Defender\Windows Defender Scheduled Scan,SCAFFOLD\DC$,,TaskRegisteredEvent
2026-05-15T15:27:03.062596Z,140,dc.scaffold.htb,Microsoft-Windows-TaskScheduler,Microsoft-Windows-TaskScheduler/Operational,1808,4,,,,,,,,,,,,\Microsoft\Windows\Windows Defender\Windows Defender Scheduled Scan,,SCAFFOLD\DC$,TaskUpdated
2026-05-15T15:27:38.807910Z,140,dc.scaffold.htb,Microsoft-Windows-TaskScheduler,Microsoft-Windows-TaskScheduler/Operational,1809,4,,,,,,,,,,,,\Microsoft\Windows\SoftwareProtectionPlatform\SvcRestartTask,,SCAFFOLD\DC$,TaskUpdated
2026-05-15T15:27:56.868999Z,141,dc.scaffold.htb,Microsoft-Windows-TaskScheduler,Microsoft-Windows-TaskScheduler/Operational,1810,4,,,,,,,,,,,,\Microsoft\Windows\Windows Defender\Windows Defender Scheduled Scan,,NT AUTHORITY\System,TaskDeleted
2026-05-15T15:28:24.730836Z,140,dc.scaffold.htb,Microsoft-Windows-TaskScheduler,Microsoft-Windows-TaskScheduler/Operational,1811,4,,,,,,,,,,,,\Microsoft\Windows\SoftwareProtectionPlatform\SvcRestartTask,,SCAFFOLD\DC$,TaskUpdated
2026-05-15T15:28:50.856532Z,119,dc.scaffold.htb,Microsoft-Windows-TaskScheduler,Microsoft-Windows-TaskScheduler/Operational,1812,4,,,13A87A75-7392-4B5C-857D-B2C9EBA40978,,,,,,,,,\Microsoft\Windows\Device Information\Device User,,SCAFFOLD\Administrator,LogonTrigger
2026-05-15T15:28:50.862501Z,129,dc.scaffold.htb,Microsoft-Windows-TaskScheduler,Microsoft-Windows-TaskScheduler/Operational,1813,4,,,,,%windir%\system32\devicecensus.exe,16384,6080,,,,,\Microsoft\Windows\Device Information\Device User,,,CreatedTaskProcess
2026-05-15T15:28:50.862843Z,100,dc.scaffold.htb,Microsoft-Windows-TaskScheduler,Microsoft-Windows-TaskScheduler/Operational,1814,4,,,13A87A75-7392-4B5C-857D-B2C9EBA40978,,,,,,,,,\Microsoft\Windows\Device Information\Device User,SCAFFOLD\Administrator,,TaskStartEvent
2026-05-15T15:28:50.862845Z,200,dc.scaffold.htb,Microsoft-Windows-TaskScheduler,Microsoft-Windows-TaskScheduler/Operational,1815,4,%windir%\system32\devicecensus.exe,6080,,,,,,,,,13A87A75-7392-4B5C-857D-B2C9EBA40978,\Microsoft\Windows\Device Information\Device User,,,ActionStart
2026-05-15T15:28:50.875726Z,201,dc.scaffold.htb,Microsoft-Windows-TaskScheduler,Microsoft-Windows-TaskScheduler/Operational,1816,4,%windir%\system32\devicecensus.exe,6080,,,,,,,0,,13A87A75-7392-4B5C-857D-B2C9EBA40978,\Microsoft\Windows\Device Information\Device User,,,ActionSuccess
2026-05-15T15:28:50.875946Z,102,dc.scaffold.htb,Microsoft-Windows-TaskScheduler,Microsoft-Windows-TaskScheduler/Operational,1817,4,,,13A87A75-7392-4B5C-857D-B2C9EBA40978,,,,,,,,,\Microsoft\Windows\Device Information\Device User,SCAFFOLD\Administrator,,TaskSuccessEvent
2026-05-17T13:52:12.673787Z,700,dc.scaffold.htb,Microsoft-Windows-TaskScheduler,Microsoft-Windows-TaskScheduler/Operational,1818,4,,,,CompatibilityAdapterLaunch,,,,,,,,,,,
2026-05-17T13:52:12.709507Z,400,dc.scaffold.htb,Microsoft-Windows-TaskScheduler,Microsoft-Windows-TaskScheduler/Operational,1819,4,,,,ServiceStartEvent,,,,,,,,,,,
2026-05-17T13:52:12.726714Z,118,dc.scaffold.htb,Microsoft-Windows-TaskScheduler,Microsoft-Windows-TaskScheduler/Operational,1820,4,,,17F68B65-0147-40E8-AA39-407E683ACB59,,,,,,,,,\Microsoft\Windows\ExploitGuard\ExploitGuard MDM policy Refresh,,,BootTrigger
2026-05-17T13:52:12.730240Z,129,dc.scaffold.htb,Microsoft-Windows-TaskScheduler,Microsoft-Windows-TaskScheduler/Operational,1821,4,,,,,%windir%\system32\dxgiadaptercache.exe,16384,2108,,,,,\Microsoft\Windows\DirectX\DXGIAdapterCache,,,CreatedTaskProcess
2026-05-17T13:52:12.731213Z,100,dc.scaffold.htb,Microsoft-Windows-TaskScheduler,Microsoft-Windows-TaskScheduler/Operational,1822,4,,,0C4172C7-45AE-4116-B988-3754BB160926,,,,,,,,,\Microsoft\Windows\DirectX\DXGIAdapterCache,NT AUTHORITY\SYSTEM,,TaskStartEvent
2026-05-17T13:52:12.731214Z,200,dc.scaffold.htb,Microsoft-Windows-TaskScheduler,Microsoft-Windows-TaskScheduler/Operational,1823,4,%windir%\system32\dxgiadaptercache.exe,2108,,,,,,,,,0C4172C7-45AE-4116-B988-3754BB160926,\Microsoft\Windows\DirectX\DXGIAdapterCache,,,ActionStart
2026-05-17T13:52:12.732067Z,129,dc.scaffold.htb,Microsoft-Windows-TaskScheduler,Microsoft-Windows-TaskScheduler/Operational,1824,4,,,,,taskhostw.exe,16384,2116,,,,,\Microsoft\Windows\ExploitGuard\ExploitGuard MDM policy Refresh,,,CreatedTaskProcess
2026-05-17T13:52:12.732428Z,100,dc.scaffold.htb,Microsoft-Windows-TaskScheduler,Microsoft-Windows-TaskScheduler/Operational,1825,4,,,17F68B65-0147-40E8-AA39-407E683ACB59,,,,,,,,,\Microsoft\Windows\ExploitGuard\ExploitGuard MDM policy Refresh,NT AUTHORITY\SYSTEM,,TaskStartEvent
2026-05-17T13:52:12.732430Z,200,dc.scaffold.htb,Microsoft-Windows-TaskScheduler,Microsoft-Windows-TaskScheduler/Operational,1826,4,,2116,,,,,,,,,17F68B65-0147-40E8-AA39-407E683ACB59,\Microsoft\Windows\ExploitGuard\ExploitGuard MDM policy Refresh,,,ActionStart
2026-05-17T13:52:12.892864Z,101,dc.scaffold.htb,Microsoft-Windows-TaskScheduler,Microsoft-Windows-TaskScheduler/Operational,1827,2,,,,,,,,,2147943568,,,\Microsoft\Windows\Workplace Join\Automatic-Device-Join,(default user),,TaskStartFailedEvent
2026-05-17T13:52:13.035640Z,100,dc.scaffold.htb,Microsoft-Windows-TaskScheduler,Microsoft-Windows-TaskScheduler/Operational,1828,4,,,8F20D433-7D3C-4B24-B72F-337A9FCD29CB,,,,,,,,,\Microsoft\Windows\WwanSvc\OobeDiscovery,NT AUTHORITY\SYSTEM,,TaskStartEvent
2026-05-17T13:52:13.035643Z,200,dc.scaffold.htb,Microsoft-Windows-TaskScheduler,Microsoft-Windows-TaskScheduler/Operational,1829,4,OobeEsimTaskManager,2116,,,,,,,,,8F20D433-7D3C-4B24-B72F-337A9FCD29CB,\Microsoft\Windows\WwanSvc\OobeDiscovery,,,ActionStart
2026-05-17T13:52:13.079386Z,129,dc.scaffold.htb,Microsoft-Windows-TaskScheduler,Microsoft-Windows-TaskScheduler/Operational,1830,4,,,,,taskhostw.exe,16384,2648,,,,,\Microsoft\Windows\Time Synchronization\ForceSynchronizeTime,,,CreatedTaskProcess
2026-05-17T13:52:13.079566Z,100,dc.scaffold.htb,Microsoft-Windows-TaskScheduler,Microsoft-Windows-TaskScheduler/Operational,1831,4,,,ECFCAE2E-D407-47C7-ACE7-3C7BE9ADC96E,,,,,,,,,\Microsoft\Windows\Time Synchronization\ForceSynchronizeTime,(NONE),,TaskStartEvent
2026-05-17T13:52:13.079568Z,200,dc.scaffold.htb,Microsoft-Windows-TaskScheduler,Microsoft-Windows-TaskScheduler/Operational,1832,4,Time Synchronization Task Handler,2648,,,,,,,,,ECFCAE2E-D407-47C7-ACE7-3C7BE9ADC96E,\Microsoft\Windows\Time Synchronization\ForceSynchronizeTime,,,ActionStart
2026-05-17T13:52:13.136631Z,201,dc.scaffold.htb,Microsoft-Windows-TaskScheduler,Microsoft-Windows-TaskScheduler/Operational,1833,4,Time Synchronization Task Handler,2648,,,,,,,0,,ECFCAE2E-D407-47C7-ACE7-3C7BE9ADC96E,\Microsoft\Windows\Time Synchronization\ForceSynchronizeTime,,,ActionSuccess
2026-05-17T13:52:13.136835Z,102,dc.scaffold.htb,Microsoft-Windows-TaskScheduler,Microsoft-Windows-TaskScheduler/Operational,1834,4,,,ECFCAE2E-D407-47C7-ACE7-3C7BE9ADC96E,,,,,,,,,\Microsoft\Windows\Time Synchronization\ForceSynchronizeTime,(NONE),,TaskSuccessEvent
2026-05-17T13:52:13.336066Z,201,dc.scaffold.htb,Microsoft-Windows-TaskScheduler,Microsoft-Windows-TaskScheduler/Operational,1835,4,,2116,,,,,,,0,,17F68B65-0147-40E8-AA39-407E683ACB59,\Microsoft\Windows\ExploitGuard\ExploitGuard MDM policy Refresh,,,ActionSuccess
2026-05-17T13:52:13.336067Z,102,dc.scaffold.htb,Microsoft-Windows-TaskScheduler,Microsoft-Windows-TaskScheduler/Operational,1836,4,,,17F68B65-0147-40E8-AA39-407E683ACB59,,,,,,,,,\Microsoft\Windows\ExploitGuard\ExploitGuard MDM policy Refresh,NT AUTHORITY\SYSTEM,,TaskSuccessEvent
2026-05-17T13:52:13.337388Z,201,dc.scaffold.htb,Microsoft-Windows-TaskScheduler,Microsoft-Windows-TaskScheduler/Operational,1837,4,%windir%\system32\dxgiadaptercache.exe,2108,,,,,,,0,,0C4172C7-45AE-4116-B988-3754BB160926,\Microsoft\Windows\DirectX\DXGIAdapterCache,,,ActionSuccess
2026-05-17T13:52:13.337577Z,102,dc.scaffold.htb,Microsoft-Windows-TaskScheduler,Microsoft-Windows-TaskScheduler/Operational,1838,4,,,0C4172C7-45AE-4116-B988-3754BB160926,,,,,,,,,\Microsoft\Windows\DirectX\DXGIAdapterCache,NT AUTHORITY\SYSTEM,,TaskSuccessEvent
2026-05-17T13:52:13.376855Z,201,dc.scaffold.htb,Microsoft-Windows-TaskScheduler,Microsoft-Windows-TaskScheduler/Operational,1839,4,OobeEsimTaskManager,2116,,,,,,,0,,8F20D433-7D3C-4B24-B72F-337A9FCD29CB,\Microsoft\Windows\WwanSvc\OobeDiscovery,,,ActionSuccess
2026-05-17T13:52:13.376858Z,102,dc.scaffold.htb,Microsoft-Windows-TaskScheduler,Microsoft-Windows-TaskScheduler/Operational,1840,4,,,8F20D433-7D3C-4B24-B72F-337A9FCD29CB,,,,,,,,,\Microsoft\Windows\WwanSvc\OobeDiscovery,NT AUTHORITY\SYSTEM,,TaskSuccessEvent
2026-05-17T13:52:13.900817Z,325,dc.scaffold.htb,Microsoft-Windows-TaskScheduler,Microsoft-Windows-TaskScheduler/Operational,1841,3,,,,,,,,BECA738A-D12D-40BA-853A-624EFEF18121,,,,\Microsoft\Windows\Workplace Join\Automatic-Device-Join,,,TaskInstanceQueued
2026-05-17T13:52:13.901016Z,110,dc.scaffold.htb,Microsoft-Windows-TaskScheduler,Microsoft-Windows-TaskScheduler/Operational,1842,4,,,BECA738A-D12D-40BA-853A-624EFEF18121,,,,,,,,,\Microsoft\Windows\Workplace Join\Automatic-Device-Join,System,,TaskRunEvent
2026-05-17T13:52:13.909208Z,129,dc.scaffold.htb,Microsoft-Windows-TaskScheduler,Microsoft-Windows-TaskScheduler/Operational,1843,4,,,,,%SystemRoot%\System32\dsregcmd.exe,16384,2724,,,,,\Microsoft\Windows\Workplace Join\Automatic-Device-Join,,,CreatedTaskProcess
2026-05-17T13:52:13.909475Z,100,dc.scaffold.htb,Microsoft-Windows-TaskScheduler,Microsoft-Windows-TaskScheduler/Operational,1844,4,,,BECA738A-D12D-40BA-853A-624EFEF18121,,,,,,,,,\Microsoft\Windows\Workplace Join\Automatic-Device-Join,NT AUTHORITY\SYSTEM,,TaskStartEvent
2026-05-17T13:52:13.909478Z,200,dc.scaffold.htb,Microsoft-Windows-TaskScheduler,Microsoft-Windows-TaskScheduler/Operational,1845,4,%SystemRoot%\System32\dsregcmd.exe,2724,,,,,,,,,BECA738A-D12D-40BA-853A-624EFEF18121,\Microsoft\Windows\Workplace Join\Automatic-Device-Join,,,ActionStart
2026-05-17T13:52:14.091903Z,129,dc.scaffold.htb,Microsoft-Windows-TaskScheduler,Microsoft-Windows-TaskScheduler/Operational,1846,4,,,,,taskhostw.exe,16384,2768,,,,,\Microsoft\Windows\Flighting\FeatureConfig\UsageDataReporting,,,CreatedTaskProcess
2026-05-17T13:52:14.092627Z,100,dc.scaffold.htb,Microsoft-Windows-TaskScheduler,Microsoft-Windows-TaskScheduler/Operational,1847,4,,,69EB27AA-E625-4140-B7BB-CEB6F7108593,,,,,,,,,\Microsoft\Windows\Flighting\FeatureConfig\UsageDataReporting,NT AUTHORITY\SYSTEM,,TaskStartEvent
2026-05-17T13:52:14.092631Z,200,dc.scaffold.htb,Microsoft-Windows-TaskScheduler,Microsoft-Windows-TaskScheduler/Operational,1848,4,Feature Usage Data Reporting Task Handler,2768,,,,,,,,,69EB27AA-E625-4140-B7BB-CEB6F7108593,\Microsoft\Windows\Flighting\FeatureConfig\UsageDataReporting,,,ActionStart
2026-05-17T13:52:14.105774Z,129,dc.scaffold.htb,Microsoft-Windows-TaskScheduler,Microsoft-Windows-TaskScheduler/Operational,1849,4,,,,,C:\Program Files\Windows Defender\MpCmdRun.exe,16384,2788,,,,,\Microsoft\Windows\Windows Defender\Windows Defender Verification,,,CreatedTaskProcess
2026-05-17T13:52:14.106072Z,100,dc.scaffold.htb,Microsoft-Windows-TaskScheduler,Microsoft-Windows-TaskScheduler/Operational,1850,4,,,83534D18-C51B-42C9-AB3F-3E07E2312540,,,,,,,,,\Microsoft\Windows\Windows Defender\Windows Defender Verification,NT AUTHORITY\SYSTEM,,TaskStartEvent
2026-05-17T13:52:14.106075Z,200,dc.scaffold.htb,Microsoft-Windows-TaskScheduler,Microsoft-Windows-TaskScheduler/Operational,1851,4,C:\Program Files\Windows Defender\MpCmdRun.exe,2788,,,,,,,,,83534D18-C51B-42C9-AB3F-3E07E2312540,\Microsoft\Windows\Windows Defender\Windows Defender Verification,,,ActionStart
2026-05-17T13:52:14.174410Z,201,dc.scaffold.htb,Microsoft-Windows-TaskScheduler,Microsoft-Windows-TaskScheduler/Operational,1852,4,Feature Usage Data Reporting Task Handler,2768,,,,,,,0,,69EB27AA-E625-4140-B7BB-CEB6F7108593,\Microsoft\Windows\Flighting\FeatureConfig\UsageDataReporting,,,ActionSuccess
2026-05-17T13:52:14.174411Z,102,dc.scaffold.htb,Microsoft-Windows-TaskScheduler,Microsoft-Windows-TaskScheduler/Operational,1853,4,,,69EB27AA-E625-4140-B7BB-CEB6F7108593,,,,,,,,,\Microsoft\Windows\Flighting\FeatureConfig\UsageDataReporting,NT AUTHORITY\SYSTEM,,TaskSuccessEvent
2026-05-17T13:52:23.213221Z,118,dc.scaffold.htb,Microsoft-Windows-TaskScheduler,Microsoft-Windows-TaskScheduler/Operational,1854,4,,,CC1423B1-C024-4E35-8368-1C8321CE8DB2,,,,,,,,,\Microsoft\Windows\CertificateServicesClient\SystemTask,,,BootTrigger
2026-05-17T13:52:23.214313Z,129,dc.scaffold.htb,Microsoft-Windows-TaskScheduler,Microsoft-Windows-TaskScheduler/Operational,1855,4,,,,,taskhostw.exe,16384,4516,,,,,\Microsoft\Windows\CertificateServicesClient\SystemTask,,,CreatedTaskProcess
2026-05-17T13:52:23.214435Z,100,dc.scaffold.htb,Microsoft-Windows-TaskScheduler,Microsoft-Windows-TaskScheduler/Operational,1856,4,,,CC1423B1-C024-4E35-8368-1C8321CE8DB2,,,,,,,,,\Microsoft\Windows\CertificateServicesClient\SystemTask,NT AUTHORITY\SYSTEM,,TaskStartEvent
2026-05-17T13:52:23.214436Z,200,dc.scaffold.htb,Microsoft-Windows-TaskScheduler,Microsoft-Windows-TaskScheduler/Operational,1857,4,Certificate Services Client Task Handler,4516,,,,,,,,,CC1423B1-C024-4E35-8368-1C8321CE8DB2,\Microsoft\Windows\CertificateServicesClient\SystemTask,,,ActionStart
2026-05-17T13:52:23.663836Z,140,dc.scaffold.htb,Microsoft-Windows-TaskScheduler,Microsoft-Windows-TaskScheduler/Operational,1858,4,,,,,,,,,,,,\Microsoft\Windows\SoftwareProtectionPlatform\SvcRestartTaskLogon,,INTERACTIVE,TaskUpdated
2026-05-17T13:52:23.667070Z,140,dc.scaffold.htb,Microsoft-Windows-TaskScheduler,Microsoft-Windows-TaskScheduler/Operational,1859,4,,,,,,,,,,,,\Microsoft\Windows\SoftwareProtectionPlatform\SvcRestartTaskNetwork,,NETWORK SERVICE,TaskUpdated
2026-05-17T13:52:52.464628Z,201,dc.scaffold.htb,Microsoft-Windows-TaskScheduler,Microsoft-Windows-TaskScheduler/Operational,1860,4,%SystemRoot%\System32\dsregcmd.exe,2724,,,,,,,0,,BECA738A-D12D-40BA-853A-624EFEF18121,\Microsoft\Windows\Workplace Join\Automatic-Device-Join,,,ActionSuccess
2026-05-17T13:52:52.464718Z,102,dc.scaffold.htb,Microsoft-Windows-TaskScheduler,Microsoft-Windows-TaskScheduler/Operational,1861,4,,,BECA738A-D12D-40BA-853A-624EFEF18121,,,,,,,,,\Microsoft\Windows\Workplace Join\Automatic-Device-Join,NT AUTHORITY\SYSTEM,,TaskSuccessEvent
2026-05-17T13:53:02.499087Z,201,dc.scaffold.htb,Microsoft-Windows-TaskScheduler,Microsoft-Windows-TaskScheduler/Operational,1862,4,Certificate Services Client Task Handler,4516,,,,,,,0,,CC1423B1-C024-4E35-8368-1C8321CE8DB2,\Microsoft\Windows\CertificateServicesClient\SystemTask,,,ActionSuccess
2026-05-17T13:53:02.499088Z,102,dc.scaffold.htb,Microsoft-Windows-TaskScheduler,Microsoft-Windows-TaskScheduler/Operational,1863,4,,,CC1423B1-C024-4E35-8368-1C8321CE8DB2,,,,,,,,,\Microsoft\Windows\CertificateServicesClient\SystemTask,NT AUTHORITY\SYSTEM,,TaskSuccessEvent
2026-05-17T13:53:13.217689Z,118,dc.scaffold.htb,Microsoft-Windows-TaskScheduler,Microsoft-Windows-TaskScheduler/Operational,1864,4,,,4B93CBD1-4D9E-42E2-B797-33C6566C4D59,,,,,,,,,\Microsoft\Windows\Software Inventory Logging\Configuration,,,BootTrigger
2026-05-17T13:53:13.217754Z,118,dc.scaffold.htb,Microsoft-Windows-TaskScheduler,Microsoft-Windows-TaskScheduler/Operational,1865,4,,,913D5E32-3834-4948-892F-D2D8B782DB15,,,,,,,,,\Microsoft\Windows\DirectX\DXGIAdapterCache,,,BootTrigger
2026-05-17T13:53:13.219952Z,129,dc.scaffold.htb,Microsoft-Windows-TaskScheduler,Microsoft-Windows-TaskScheduler/Operational,1866,4,,,,,%systemroot%\system32\cmd.exe,16384,1048,,,,,\Microsoft\Windows\Software Inventory Logging\Configuration,,,CreatedTaskProcess
2026-05-17T13:53:13.219969Z,129,dc.scaffold.htb,Microsoft-Windows-TaskScheduler,Microsoft-Windows-TaskScheduler/Operational,1867,4,,,,,%windir%\system32\dxgiadaptercache.exe,16384,1124,,,,,\Microsoft\Windows\DirectX\DXGIAdapterCache,,,CreatedTaskProcess
2026-05-17T13:53:13.220057Z,100,dc.scaffold.htb,Microsoft-Windows-TaskScheduler,Microsoft-Windows-TaskScheduler/Operational,1868,4,,,4B93CBD1-4D9E-42E2-B797-33C6566C4D59,,,,,,,,,\Microsoft\Windows\Software Inventory Logging\Configuration,NT AUTHORITY\SYSTEM,,TaskStartEvent
2026-05-17T13:53:13.220058Z,200,dc.scaffold.htb,Microsoft-Windows-TaskScheduler,Microsoft-Windows-TaskScheduler/Operational,1869,4,%systemroot%\system32\cmd.exe,1048,,,,,,,,,4B93CBD1-4D9E-42E2-B797-33C6566C4D59,\Microsoft\Windows\Software Inventory Logging\Configuration,,,ActionStart
2026-05-17T13:53:13.220106Z,100,dc.scaffold.htb,Microsoft-Windows-TaskScheduler,Microsoft-Windows-TaskScheduler/Operational,1870,4,,,913D5E32-3834-4948-892F-D2D8B782DB15,,,,,,,,,\Microsoft\Windows\DirectX\DXGIAdapterCache,NT AUTHORITY\SYSTEM,,TaskStartEvent
