2026-05-24T01:09:39.696776Z,200,dc.scaffold.htb,Microsoft-Windows-TaskScheduler,Microsoft-Windows-TaskScheduler/Operational,7378,4,MsCtfMonitor task handler,3844,,,,,,,,,168C05D9-E58B-4782-99C3-4FEF479E392F,\Microsoft\Windows\TextServicesFramework\MsCtfMonitor,,,ActionStart
2026-05-24T01:09:39.697659Z,129,dc.scaffold.htb,Microsoft-Windows-TaskScheduler,Microsoft-Windows-TaskScheduler/Operational,7379,4,,,,,%windir%\system32\ServerManagerLauncher.exe,32,3728,,,,,\Microsoft\Windows\Server Manager\ServerManager,,,CreatedTaskProcess
2026-05-24T01:09:39.697949Z,100,dc.scaffold.htb,Microsoft-Windows-TaskScheduler,Microsoft-Windows-TaskScheduler/Operational,7380,4,,,413459CB-02F6-4DFE-85F0-C685503D8487,,,,,,,,,\Microsoft\Windows\Server Manager\ServerManager,SCAFFOLD\Administrator,,TaskStartEvent
2026-05-24T01:09:39.697950Z,200,dc.scaffold.htb,Microsoft-Windows-TaskScheduler,Microsoft-Windows-TaskScheduler/Operational,7381,4,%windir%\system32\ServerManagerLauncher.exe,3728,,,,,,,,,413459CB-02F6-4DFE-85F0-C685503D8487,\Microsoft\Windows\Server Manager\ServerManager,,,ActionStart
2026-05-24T01:09:39.698488Z,119,dc.scaffold.htb,Microsoft-Windows-TaskScheduler,Microsoft-Windows-TaskScheduler/Operational,7382,4,,,177113A0-9E41-4C7F-8655-55136CCC1087,,,,,,,,,\MicrosoftEdgeUpdateTaskMachineCore,,SCAFFOLD\Administrator,LogonTrigger
2026-05-24T01:09:39.700258Z,119,dc.scaffold.htb,Microsoft-Windows-TaskScheduler,Microsoft-Windows-TaskScheduler/Operational,7383,4,,,3465AE9E-23E2-4E7B-BBD1-C71BEC438167,,,,,,,,,\Microsoft\Windows\Plug and Play\Device Install Reboot Required,,SCAFFOLD\Administrator,LogonTrigger
2026-05-24T01:09:39.702026Z,129,dc.scaffold.htb,Microsoft-Windows-TaskScheduler,Microsoft-Windows-TaskScheduler/Operational,7384,4,,,,,taskhostw.exe,32,6176,,,,,\Microsoft\Windows\Plug and Play\Device Install Reboot Required,,,CreatedTaskProcess
2026-05-24T01:09:39.702425Z,100,dc.scaffold.htb,Microsoft-Windows-TaskScheduler,Microsoft-Windows-TaskScheduler/Operational,7385,4,,,3465AE9E-23E2-4E7B-BBD1-C71BEC438167,,,,,,,,,\Microsoft\Windows\Plug and Play\Device Install Reboot Required,SCAFFOLD\Administrator,,TaskStartEvent
2026-05-24T01:09:39.702429Z,200,dc.scaffold.htb,Microsoft-Windows-TaskScheduler,Microsoft-Windows-TaskScheduler/Operational,7386,4,Device Installation Reboot Dialog Task,6176,,,,,,,,,3465AE9E-23E2-4E7B-BBD1-C71BEC438167,\Microsoft\Windows\Plug and Play\Device Install Reboot Required,,,ActionStart
2026-05-24T01:09:39.704803Z,119,dc.scaffold.htb,Microsoft-Windows-TaskScheduler,Microsoft-Windows-TaskScheduler/Operational,7387,4,,,BBED6C1B-08C6-43FE-A4E0-5AE482C979E3,,,,,,,,,\Microsoft\Windows\Wininet\CacheTask,,SCAFFOLD\Administrator,LogonTrigger
2026-05-24T01:09:39.704905Z,100,dc.scaffold.htb,Microsoft-Windows-TaskScheduler,Microsoft-Windows-TaskScheduler/Operational,7388,4,,,BBED6C1B-08C6-43FE-A4E0-5AE482C979E3,,,,,,,,,\Microsoft\Windows\Wininet\CacheTask,SCAFFOLD\Administrator,,TaskStartEvent
2026-05-24T01:09:39.704906Z,200,dc.scaffold.htb,Microsoft-Windows-TaskScheduler,Microsoft-Windows-TaskScheduler/Operational,7389,4,Wininet Cache task object,3844,,,,,,,,,BBED6C1B-08C6-43FE-A4E0-5AE482C979E3,\Microsoft\Windows\Wininet\CacheTask,,,ActionStart
2026-05-24T01:09:39.705020Z,119,dc.scaffold.htb,Microsoft-Windows-TaskScheduler,Microsoft-Windows-TaskScheduler/Operational,7390,4,,,D60050A3-A641-46C8-84FF-EDD156F4E4C5,,,,,,,,,\Microsoft\Windows\CertificateServicesClient\UserTask,,SCAFFOLD\Administrator,LogonTrigger
2026-05-24T01:09:39.706186Z,119,dc.scaffold.htb,Microsoft-Windows-TaskScheduler,Microsoft-Windows-TaskScheduler/Operational,7391,4,,,164F9551-EFB0-4721-B1A3-5D29EA088BA4,,,,,,,,,\Microsoft\Windows\WindowsColorSystem\Calibration Loader,,SCAFFOLD\Administrator,LogonTrigger
2026-05-24T01:09:39.708258Z,129,dc.scaffold.htb,Microsoft-Windows-TaskScheduler,Microsoft-Windows-TaskScheduler/Operational,7392,4,,,,,taskhostw.exe,32,4280,,,,,\Microsoft\Windows\CertificateServicesClient\UserTask,,,CreatedTaskProcess
2026-05-24T01:09:39.708759Z,100,dc.scaffold.htb,Microsoft-Windows-TaskScheduler,Microsoft-Windows-TaskScheduler/Operational,7393,4,,,D60050A3-A641-46C8-84FF-EDD156F4E4C5,,,,,,,,,\Microsoft\Windows\CertificateServicesClient\UserTask,SCAFFOLD\Administrator,,TaskStartEvent
2026-05-24T01:09:39.708761Z,200,dc.scaffold.htb,Microsoft-Windows-TaskScheduler,Microsoft-Windows-TaskScheduler/Operational,7394,4,Certificate Services Client Task Handler,4280,,,,,,,,,D60050A3-A641-46C8-84FF-EDD156F4E4C5,\Microsoft\Windows\CertificateServicesClient\UserTask,,,ActionStart
2026-05-24T01:09:39.731610Z,129,dc.scaffold.htb,Microsoft-Windows-TaskScheduler,Microsoft-Windows-TaskScheduler/Operational,7395,4,,,,,C:\Program Files (x86)\Microsoft\EdgeUpdate\MicrosoftEdgeUpdate.exe,32,4136,,,,,\MicrosoftEdgeUpdateTaskMachineCore,,,CreatedTaskProcess
2026-05-24T01:09:39.731720Z,100,dc.scaffold.htb,Microsoft-Windows-TaskScheduler,Microsoft-Windows-TaskScheduler/Operational,7396,4,,,177113A0-9E41-4C7F-8655-55136CCC1087,,,,,,,,,\MicrosoftEdgeUpdateTaskMachineCore,NT AUTHORITY\SYSTEM,,TaskStartEvent
2026-05-24T01:09:39.731722Z,200,dc.scaffold.htb,Microsoft-Windows-TaskScheduler,Microsoft-Windows-TaskScheduler/Operational,7397,4,C:\Program Files (x86)\Microsoft\EdgeUpdate\MicrosoftEdgeUpdate.exe,4136,,,,,,,,,177113A0-9E41-4C7F-8655-55136CCC1087,\MicrosoftEdgeUpdateTaskMachineCore,,,ActionStart
2026-05-24T01:09:39.767976Z,201,dc.scaffold.htb,Microsoft-Windows-TaskScheduler,Microsoft-Windows-TaskScheduler/Operational,7398,4,MsCtfMonitor task handler,3844,,,,,,,0,,168C05D9-E58B-4782-99C3-4FEF479E392F,\Microsoft\Windows\TextServicesFramework\MsCtfMonitor,,,ActionSuccess
2026-05-24T01:09:39.767977Z,102,dc.scaffold.htb,Microsoft-Windows-TaskScheduler,Microsoft-Windows-TaskScheduler/Operational,7399,4,,,168C05D9-E58B-4782-99C3-4FEF479E392F,,,,,,,,,\Microsoft\Windows\TextServicesFramework\MsCtfMonitor,SCAFFOLD\Administrator,,TaskSuccessEvent
2026-05-24T01:09:39.818168Z,100,dc.scaffold.htb,Microsoft-Windows-TaskScheduler,Microsoft-Windows-TaskScheduler/Operational,7400,4,,,164F9551-EFB0-4721-B1A3-5D29EA088BA4,,,,,,,,,\Microsoft\Windows\WindowsColorSystem\Calibration Loader,SCAFFOLD\Administrator,,TaskStartEvent
2026-05-24T01:09:39.818170Z,200,dc.scaffold.htb,Microsoft-Windows-TaskScheduler,Microsoft-Windows-TaskScheduler/Operational,7401,4,Color Calibration Loader,4280,,,,,,,,,164F9551-EFB0-4721-B1A3-5D29EA088BA4,\Microsoft\Windows\WindowsColorSystem\Calibration Loader,,,ActionStart
2026-05-24T01:09:39.980327Z,141,dc.scaffold.htb,Microsoft-Windows-TaskScheduler,Microsoft-Windows-TaskScheduler/Operational,7402,4,,,,,,,,,,,,\CreateExplorerShellUnelevatedTask,,SCAFFOLD\Administrator,TaskDeleted
2026-05-24T01:09:39.989966Z,109,dc.scaffold.htb,Microsoft-Windows-TaskScheduler,Microsoft-Windows-TaskScheduler/Operational,7403,4,,,5A61F69A-B2B4-4EDF-9843-9FBE888FF539,,,,,,,,,\CreateExplorerShellUnelevatedTask,,,RegistrationTriggerEvent
2026-05-24T01:09:39.992733Z,129,dc.scaffold.htb,Microsoft-Windows-TaskScheduler,Microsoft-Windows-TaskScheduler/Operational,7404,4,,,,,C:\Windows\Explorer.EXE,32,6844,,,,,\CreateExplorerShellUnelevatedTask,,,CreatedTaskProcess
2026-05-24T01:09:39.992953Z,100,dc.scaffold.htb,Microsoft-Windows-TaskScheduler,Microsoft-Windows-TaskScheduler/Operational,7405,4,,,5A61F69A-B2B4-4EDF-9843-9FBE888FF539,,,,,,,,,\CreateExplorerShellUnelevatedTask,SCAFFOLD\Administrator,,TaskStartEvent
2026-05-24T01:09:39.992954Z,200,dc.scaffold.htb,Microsoft-Windows-TaskScheduler,Microsoft-Windows-TaskScheduler/Operational,7406,4,C:\Windows\Explorer.EXE,6844,,,,,,,,,5A61F69A-B2B4-4EDF-9843-9FBE888FF539,\CreateExplorerShellUnelevatedTask,,,ActionStart
2026-05-24T01:09:39.993088Z,106,dc.scaffold.htb,Microsoft-Windows-TaskScheduler,Microsoft-Windows-TaskScheduler/Operational,7407,4,,,,,,,,,,,,\CreateExplorerShellUnelevatedTask,SCAFFOLD\Administrator,,TaskRegisteredEvent
2026-05-24T01:09:39.993089Z,140,dc.scaffold.htb,Microsoft-Windows-TaskScheduler,Microsoft-Windows-TaskScheduler/Operational,7408,4,,,,,,,,,,,,\CreateExplorerShellUnelevatedTask,,SCAFFOLD\Administrator,TaskUpdated
2026-05-24T01:09:40.083092Z,201,dc.scaffold.htb,Microsoft-Windows-TaskScheduler,Microsoft-Windows-TaskScheduler/Operational,7409,4,Certificate Services Client Task Handler,4280,,,,,,,0,,D60050A3-A641-46C8-84FF-EDD156F4E4C5,\Microsoft\Windows\CertificateServicesClient\UserTask,,,ActionSuccess
2026-05-24T01:09:40.083093Z,102,dc.scaffold.htb,Microsoft-Windows-TaskScheduler,Microsoft-Windows-TaskScheduler/Operational,7410,4,,,D60050A3-A641-46C8-84FF-EDD156F4E4C5,,,,,,,,,\Microsoft\Windows\CertificateServicesClient\UserTask,SCAFFOLD\Administrator,,TaskSuccessEvent
2026-05-24T01:09:40.140396Z,201,dc.scaffold.htb,Microsoft-Windows-TaskScheduler,Microsoft-Windows-TaskScheduler/Operational,7411,4,Device Installation Reboot Dialog Task,6176,,,,,,,0,,3465AE9E-23E2-4E7B-BBD1-C71BEC438167,\Microsoft\Windows\Plug and Play\Device Install Reboot Required,,,ActionSuccess
2026-05-24T01:09:40.140397Z,102,dc.scaffold.htb,Microsoft-Windows-TaskScheduler,Microsoft-Windows-TaskScheduler/Operational,7412,4,,,3465AE9E-23E2-4E7B-BBD1-C71BEC438167,,,,,,,,,\Microsoft\Windows\Plug and Play\Device Install Reboot Required,SCAFFOLD\Administrator,,TaskSuccessEvent
2026-05-24T01:09:40.178276Z,201,dc.scaffold.htb,Microsoft-Windows-TaskScheduler,Microsoft-Windows-TaskScheduler/Operational,7413,4,Color Calibration Loader,4280,,,,,,,0,,164F9551-EFB0-4721-B1A3-5D29EA088BA4,\Microsoft\Windows\WindowsColorSystem\Calibration Loader,,,ActionSuccess
2026-05-24T01:09:40.178278Z,102,dc.scaffold.htb,Microsoft-Windows-TaskScheduler,Microsoft-Windows-TaskScheduler/Operational,7414,4,,,164F9551-EFB0-4721-B1A3-5D29EA088BA4,,,,,,,,,\Microsoft\Windows\WindowsColorSystem\Calibration Loader,SCAFFOLD\Administrator,,TaskSuccessEvent
2026-05-24T01:09:41.776979Z,201,dc.scaffold.htb,Microsoft-Windows-TaskScheduler,Microsoft-Windows-TaskScheduler/Operational,7415,4,%windir%\system32\ServerManagerLauncher.exe,3728,,,,,,,0,,413459CB-02F6-4DFE-85F0-C685503D8487,\Microsoft\Windows\Server Manager\ServerManager,,,ActionSuccess
2026-05-24T01:09:41.777363Z,102,dc.scaffold.htb,Microsoft-Windows-TaskScheduler,Microsoft-Windows-TaskScheduler/Operational,7416,4,,,413459CB-02F6-4DFE-85F0-C685503D8487,,,,,,,,,\Microsoft\Windows\Server Manager\ServerManager,SCAFFOLD\Administrator,,TaskSuccessEvent
2026-05-24T01:09:54.388987Z,140,dc.scaffold.htb,Microsoft-Windows-TaskScheduler,Microsoft-Windows-TaskScheduler/Operational,7417,4,,,,,,,,,,,,\Microsoft\Windows\Application Experience\PcaPatchDbTask,,SCAFFOLD\DC$,TaskUpdated
2026-05-24T01:10:10.198444Z,119,dc.scaffold.htb,Microsoft-Windows-TaskScheduler,Microsoft-Windows-TaskScheduler/Operational,7418,4,,,F0C61E23-B5A2-40AF-93C0-BEDB826B94D6,,,,,,,,,\Microsoft\Windows\International\Synchronize Language Settings,,SCAFFOLD\Administrator,LogonTrigger
2026-05-24T01:10:10.200700Z,129,dc.scaffold.htb,Microsoft-Windows-TaskScheduler,Microsoft-Windows-TaskScheduler/Operational,7419,4,,,,,taskhostw.exe,32,7352,,,,,\Microsoft\Windows\International\Synchronize Language Settings,,,CreatedTaskProcess
2026-05-24T01:10:10.200976Z,100,dc.scaffold.htb,Microsoft-Windows-TaskScheduler,Microsoft-Windows-TaskScheduler/Operational,7420,4,,,F0C61E23-B5A2-40AF-93C0-BEDB826B94D6,,,,,,,,,\Microsoft\Windows\International\Synchronize Language Settings,SCAFFOLD\Administrator,,TaskStartEvent
2026-05-24T01:10:10.200978Z,200,dc.scaffold.htb,Microsoft-Windows-TaskScheduler,Microsoft-Windows-TaskScheduler/Operational,7421,4,Sync Language Data From Cloud Task,7352,,,,,,,,,F0C61E23-B5A2-40AF-93C0-BEDB826B94D6,\Microsoft\Windows\International\Synchronize Language Settings,,,ActionStart
2026-05-24T01:10:17.567443Z,140,dc.scaffold.htb,Microsoft-Windows-TaskScheduler,Microsoft-Windows-TaskScheduler/Operational,7422,4,,,,,,,,,,,,\Microsoft\Windows\SoftwareProtectionPlatform\SvcRestartTask,,SCAFFOLD\DC$,TaskUpdated
2026-05-24T01:10:39.232504Z,140,dc.scaffold.htb,Microsoft-Windows-TaskScheduler,Microsoft-Windows-TaskScheduler/Operational,7423,4,,,,,,,,,,,,\Microsoft\Windows\.NET Framework\.NET Framework NGEN v4.0.30319,,SYSTEM,TaskUpdated
2026-05-24T01:10:39.234002Z,325,dc.scaffold.htb,Microsoft-Windows-TaskScheduler,Microsoft-Windows-TaskScheduler/Operational,7424,3,,,,,,,,59DEECAB-A50F-4BCD-ACCC-6BAD5106CAA0,,,,\Microsoft\Windows\.NET Framework\.NET Framework NGEN v4.0.30319,,,TaskInstanceQueued
2026-05-24T01:10:39.234146Z,110,dc.scaffold.htb,Microsoft-Windows-TaskScheduler,Microsoft-Windows-TaskScheduler/Operational,7425,4,,,59DEECAB-A50F-4BCD-ACCC-6BAD5106CAA0,,,,,,,,,\Microsoft\Windows\.NET Framework\.NET Framework NGEN v4.0.30319,System,,TaskRunEvent
2026-05-24T01:10:39.398203Z,140,dc.scaffold.htb,Microsoft-Windows-TaskScheduler,Microsoft-Windows-TaskScheduler/Operational,7426,4,,,,,,,,,,,,\Microsoft\Windows\.NET Framework\.NET Framework NGEN v4.0.30319 64,,SYSTEM,TaskUpdated
2026-05-24T01:10:39.399401Z,325,dc.scaffold.htb,Microsoft-Windows-TaskScheduler,Microsoft-Windows-TaskScheduler/Operational,7427,3,,,,,,,,2E5CE488-ACC7-41DE-BABE-65C5CFBFBE12,,,,\Microsoft\Windows\.NET Framework\.NET Framework NGEN v4.0.30319 64,,,TaskInstanceQueued
2026-05-24T01:10:39.399549Z,110,dc.scaffold.htb,Microsoft-Windows-TaskScheduler,Microsoft-Windows-TaskScheduler/Operational,7428,4,,,2E5CE488-ACC7-41DE-BABE-65C5CFBFBE12,,,,,,,,,\Microsoft\Windows\.NET Framework\.NET Framework NGEN v4.0.30319 64,System,,TaskRunEvent
2026-05-24T01:10:40.209390Z,119,dc.scaffold.htb,Microsoft-Windows-TaskScheduler,Microsoft-Windows-TaskScheduler/Operational,7429,4,,,5B20A2D0-6D86-4F0F-A48E-963D621F0353,,,,,,,,,\Microsoft\Windows\Workplace Join\Automatic-Device-Join,,SCAFFOLD\Administrator,LogonTrigger
2026-05-24T01:10:40.211996Z,129,dc.scaffold.htb,Microsoft-Windows-TaskScheduler,Microsoft-Windows-TaskScheduler/Operational,7430,4,,,,,%SystemRoot%\System32\dsregcmd.exe,16384,6448,,,,,\Microsoft\Windows\Workplace Join\Automatic-Device-Join,,,CreatedTaskProcess
2026-05-24T01:10:40.212144Z,100,dc.scaffold.htb,Microsoft-Windows-TaskScheduler,Microsoft-Windows-TaskScheduler/Operational,7431,4,,,5B20A2D0-6D86-4F0F-A48E-963D621F0353,,,,,,,,,\Microsoft\Windows\Workplace Join\Automatic-Device-Join,NT AUTHORITY\SYSTEM,,TaskStartEvent
2026-05-24T01:10:40.212145Z,200,dc.scaffold.htb,Microsoft-Windows-TaskScheduler,Microsoft-Windows-TaskScheduler/Operational,7432,4,%SystemRoot%\System32\dsregcmd.exe,6448,,,,,,,,,5B20A2D0-6D86-4F0F-A48E-963D621F0353,\Microsoft\Windows\Workplace Join\Automatic-Device-Join,,,ActionStart
2026-05-24T01:10:40.285884Z,201,dc.scaffold.htb,Microsoft-Windows-TaskScheduler,Microsoft-Windows-TaskScheduler/Operational,7433,4,%SystemRoot%\System32\dsregcmd.exe,6448,,,,,,,2147942401,,5B20A2D0-6D86-4F0F-A48E-963D621F0353,\Microsoft\Windows\Workplace Join\Automatic-Device-Join,,,ActionSuccess
2026-05-24T01:10:40.286011Z,102,dc.scaffold.htb,Microsoft-Windows-TaskScheduler,Microsoft-Windows-TaskScheduler/Operational,7434,4,,,5B20A2D0-6D86-4F0F-A48E-963D621F0353,,,,,,,,,\Microsoft\Windows\Workplace Join\Automatic-Device-Join,NT AUTHORITY\SYSTEM,,TaskSuccessEvent
2026-05-24T01:10:41.045709Z,107,dc.scaffold.htb,Microsoft-Windows-TaskScheduler,Microsoft-Windows-TaskScheduler/Operational,7435,4,,,A04F64F1-A9AF-4109-A2CF-D00645D0ED51,,,,,,,,,\Scaffold\ScaffoldDeployEngine,,,TimeTriggerEvent
2026-05-24T01:10:41.047638Z,129,dc.scaffold.htb,Microsoft-Windows-TaskScheduler,Microsoft-Windows-TaskScheduler/Operational,7436,4,,,,,powershell.exe,16384,1544,,,,,\Scaffold\ScaffoldDeployEngine,,,CreatedTaskProcess
2026-05-24T01:10:41.047750Z,100,dc.scaffold.htb,Microsoft-Windows-TaskScheduler,Microsoft-Windows-TaskScheduler/Operational,7437,4,,,A04F64F1-A9AF-4109-A2CF-D00645D0ED51,,,,,,,,,\Scaffold\ScaffoldDeployEngine,NT AUTHORITY\SYSTEM,,TaskStartEvent
2026-05-24T01:10:41.047752Z,200,dc.scaffold.htb,Microsoft-Windows-TaskScheduler,Microsoft-Windows-TaskScheduler/Operational,7438,4,powershell.exe,1544,,,,,,,,,A04F64F1-A9AF-4109-A2CF-D00645D0ED51,\Scaffold\ScaffoldDeployEngine,,,ActionStart
2026-05-24T01:10:41.477742Z,201,dc.scaffold.htb,Microsoft-Windows-TaskScheduler,Microsoft-Windows-TaskScheduler/Operational,7439,4,powershell.exe,1544,,,,,,,0,,A04F64F1-A9AF-4109-A2CF-D00645D0ED51,\Scaffold\ScaffoldDeployEngine,,,ActionSuccess
2026-05-24T01:10:41.477929Z,102,dc.scaffold.htb,Microsoft-Windows-TaskScheduler,Microsoft-Windows-TaskScheduler/Operational,7440,4,,,A04F64F1-A9AF-4109-A2CF-D00645D0ED51,,,,,,,,,\Scaffold\ScaffoldDeployEngine,NT AUTHORITY\SYSTEM,,TaskSuccessEvent
2026-05-24T01:10:44.740546Z,202,dc.scaffold.htb,Microsoft-Windows-TaskScheduler,Microsoft-Windows-TaskScheduler/Operational,7441,2,Sync Language Data From Cloud Task,7352,,,,,,,2147746053,,F0C61E23-B5A2-40AF-93C0-BEDB826B94D6,\Microsoft\Windows\International\Synchronize Language Settings,,,ActionFailure
2026-05-24T01:10:44.740548Z,103,dc.scaffold.htb,Microsoft-Windows-TaskScheduler,Microsoft-Windows-TaskScheduler/Operational,7442,2,,,F0C61E23-B5A2-40AF-93C0-BEDB826B94D6,,,,,,2147746053,,,\Microsoft\Windows\International\Synchronize Language Settings,SCAFFOLD\Administrator,,TaskFailureEvent
2026-05-24T01:11:08.480468Z,140,dc.scaffold.htb,Microsoft-Windows-TaskScheduler,Microsoft-Windows-TaskScheduler/Operational,7443,4,,,,,,,,,,,,\Microsoft\Windows\UpdateOrchestrator\Schedule Scan,,S-1-5-18,TaskUpdated
2026-05-24T01:11:08.503147Z,140,dc.scaffold.htb,Microsoft-Windows-TaskScheduler,Microsoft-Windows-TaskScheduler/Operational,7444,4,,,,,,,,,,,,\Microsoft\Windows\UpdateOrchestrator\Schedule Scan,,SCAFFOLD\DC$,TaskUpdated
2026-05-24T01:11:27.025490Z,118,dc.scaffold.htb,Microsoft-Windows-TaskScheduler,Microsoft-Windows-TaskScheduler/Operational,7445,4,,,735089DF-FAFC-4311-B91E-077A9085DE10,,,,,,,,,\Microsoft\Windows\Windows Error Reporting\QueueReporting,,,BootTrigger
2026-05-24T01:11:27.032454Z,129,dc.scaffold.htb,Microsoft-Windows-TaskScheduler,Microsoft-Windows-TaskScheduler/Operational,7446,4,,,,,taskhostw.exe,16384,7472,,,,,\Microsoft\Windows\Flighting\FeatureConfig\ReconcileFeatures,,,CreatedTaskProcess
2026-05-24T01:11:27.032813Z,100,dc.scaffold.htb,Microsoft-Windows-TaskScheduler,Microsoft-Windows-TaskScheduler/Operational,7447,4,,,2DCC851B-69E5-4888-AA30-44D329FE3531,,,,,,,,,\Microsoft\Windows\Flighting\FeatureConfig\ReconcileFeatures,NT AUTHORITY\SYSTEM,,TaskStartEvent
2026-05-24T01:11:27.032816Z,200,dc.scaffold.htb,Microsoft-Windows-TaskScheduler,Microsoft-Windows-TaskScheduler/Operational,7448,4,Feature Configuration Reconciliation Task Handler,7472,,,,,,,,,2DCC851B-69E5-4888-AA30-44D329FE3531,\Microsoft\Windows\Flighting\FeatureConfig\ReconcileFeatures,,,ActionStart
2026-05-24T01:11:27.041248Z,129,dc.scaffold.htb,Microsoft-Windows-TaskScheduler,Microsoft-Windows-TaskScheduler/Operational,7449,4,,,,,%windir%\system32\wermgr.exe,16384,4280,,,,,\Microsoft\Windows\Windows Error Reporting\QueueReporting,,,CreatedTaskProcess
2026-05-24T01:11:27.041401Z,100,dc.scaffold.htb,Microsoft-Windows-TaskScheduler,Microsoft-Windows-TaskScheduler/Operational,7450,4,,,735089DF-FAFC-4311-B91E-077A9085DE10,,,,,,,,,\Microsoft\Windows\Windows Error Reporting\QueueReporting,NT AUTHORITY\SYSTEM,,TaskStartEvent
2026-05-24T01:11:27.041403Z,200,dc.scaffold.htb,Microsoft-Windows-TaskScheduler,Microsoft-Windows-TaskScheduler/Operational,7451,4,%windir%\system32\wermgr.exe,4280,,,,,,,,,735089DF-FAFC-4311-B91E-077A9085DE10,\Microsoft\Windows\Windows Error Reporting\QueueReporting,,,ActionStart
2026-05-24T01:11:27.067453Z,201,dc.scaffold.htb,Microsoft-Windows-TaskScheduler,Microsoft-Windows-TaskScheduler/Operational,7452,4,Feature Configuration Reconciliation Task Handler,7472,,,,,,,0,,2DCC851B-69E5-4888-AA30-44D329FE3531,\Microsoft\Windows\Flighting\FeatureConfig\ReconcileFeatures,,,ActionSuccess
2026-05-24T01:11:27.067453Z,102,dc.scaffold.htb,Microsoft-Windows-TaskScheduler,Microsoft-Windows-TaskScheduler/Operational,7453,4,,,2DCC851B-69E5-4888-AA30-44D329FE3531,,,,,,,,,\Microsoft\Windows\Flighting\FeatureConfig\ReconcileFeatures,NT AUTHORITY\SYSTEM,,TaskSuccessEvent
2026-05-24T01:11:27.100608Z,201,dc.scaffold.htb,Microsoft-Windows-TaskScheduler,Microsoft-Windows-TaskScheduler/Operational,7454,4,%windir%\system32\wermgr.exe,4280,,,,,,,0,,735089DF-FAFC-4311-B91E-077A9085DE10,\Microsoft\Windows\Windows Error Reporting\QueueReporting,,,ActionSuccess
2026-05-24T01:11:27.100826Z,102,dc.scaffold.htb,Microsoft-Windows-TaskScheduler,Microsoft-Windows-TaskScheduler/Operational,7455,4,,,735089DF-FAFC-4311-B91E-077A9085DE10,,,,,,,,,\Microsoft\Windows\Windows Error Reporting\QueueReporting,NT AUTHORITY\SYSTEM,,TaskSuccessEvent
2026-05-24T01:11:35.729530Z,140,dc.scaffold.htb,Microsoft-Windows-TaskScheduler,Microsoft-Windows-TaskScheduler/Operational,7456,4,,,,,,,,,,,,\Microsoft\Windows\SoftwareProtectionPlatform\SvcRestartTask,,SCAFFOLD\DC$,TaskUpdated
2026-05-24T01:12:41.050175Z,107,dc.scaffold.htb,Microsoft-Windows-TaskScheduler,Microsoft-Windows-TaskScheduler/Operational,7457,4,,,431D2C52-6D27-471D-B93E-18363A76B869,,,,,,,,,\Scaffold\ScaffoldDeployEngine,,,TimeTriggerEvent
2026-05-24T01:12:41.053715Z,129,dc.scaffold.htb,Microsoft-Windows-TaskScheduler,Microsoft-Windows-TaskScheduler/Operational,7458,4,,,,,powershell.exe,16384,7736,,,,,\Scaffold\ScaffoldDeployEngine,,,CreatedTaskProcess
2026-05-24T01:12:41.053972Z,100,dc.scaffold.htb,Microsoft-Windows-TaskScheduler,Microsoft-Windows-TaskScheduler/Operational,7459,4,,,431D2C52-6D27-471D-B93E-18363A76B869,,,,,,,,,\Scaffold\ScaffoldDeployEngine,NT AUTHORITY\SYSTEM,,TaskStartEvent
2026-05-24T01:12:41.053975Z,200,dc.scaffold.htb,Microsoft-Windows-TaskScheduler,Microsoft-Windows-TaskScheduler/Operational,7460,4,powershell.exe,7736,,,,,,,,,431D2C52-6D27-471D-B93E-18363A76B869,\Scaffold\ScaffoldDeployEngine,,,ActionStart
2026-05-24T01:12:41.349105Z,201,dc.scaffold.htb,Microsoft-Windows-TaskScheduler,Microsoft-Windows-TaskScheduler/Operational,7461,4,powershell.exe,7736,,,,,,,0,,431D2C52-6D27-471D-B93E-18363A76B869,\Scaffold\ScaffoldDeployEngine,,,ActionSuccess
2026-05-24T01:12:41.349222Z,102,dc.scaffold.htb,Microsoft-Windows-TaskScheduler,Microsoft-Windows-TaskScheduler/Operational,7462,4,,,431D2C52-6D27-471D-B93E-18363A76B869,,,,,,,,,\Scaffold\ScaffoldDeployEngine,NT AUTHORITY\SYSTEM,,TaskSuccessEvent
2026-05-24T01:13:11.200600Z,201,dc.scaffold.htb,Microsoft-Windows-TaskScheduler,Microsoft-Windows-TaskScheduler/Operational,7463,4,C:\Windows\Explorer.EXE,6844,,,,,,,2147942404,,5A61F69A-B2B4-4EDF-9843-9FBE888FF539,\CreateExplorerShellUnelevatedTask,,,ActionSuccess
2026-05-24T01:13:11.201222Z,102,dc.scaffold.htb,Microsoft-Windows-TaskScheduler,Microsoft-Windows-TaskScheduler/Operational,7464,4,,,5A61F69A-B2B4-4EDF-9843-9FBE888FF539,,,,,,,,,\CreateExplorerShellUnelevatedTask,SCAFFOLD\Administrator,,TaskSuccessEvent
2026-05-24T01:13:11.273796Z,202,dc.scaffold.htb,Microsoft-Windows-TaskScheduler,Microsoft-Windows-TaskScheduler/Operational,7465,2,Wininet Cache task object,3844,,,,,,,2147942404,,BBED6C1B-08C6-43FE-A4E0-5AE482C979E3,\Microsoft\Windows\Wininet\CacheTask,,,ActionFailure
2026-05-24T01:13:11.273798Z,103,dc.scaffold.htb,Microsoft-Windows-TaskScheduler,Microsoft-Windows-TaskScheduler/Operational,7466,2,,,BBED6C1B-08C6-43FE-A4E0-5AE482C979E3,,,,,,2147942404,,,\Microsoft\Windows\Wininet\CacheTask,,,TaskFailureEvent
2026-05-24T01:13:11.452921Z,201,dc.scaffold.htb,Microsoft-Windows-TaskScheduler,Microsoft-Windows-TaskScheduler/Operational,7467,4,C:\Program Files (x86)\Microsoft\EdgeUpdate\MicrosoftEdgeUpdate.exe,4136,,,,,,,2147943691,,177113A0-9E41-4C7F-8655-55136CCC1087,\MicrosoftEdgeUpdateTaskMachineCore,,,ActionSuccess
2026-05-24T01:13:11.453049Z,102,dc.scaffold.htb,Microsoft-Windows-TaskScheduler,Microsoft-Windows-TaskScheduler/Operational,7468,4,,,177113A0-9E41-4C7F-8655-55136CCC1087,,,,,,,,,\MicrosoftEdgeUpdateTaskMachineCore,NT AUTHORITY\SYSTEM,,TaskSuccessEvent
2026-05-24T01:13:11.453070Z,111,dc.scaffold.htb,Microsoft-Windows-TaskScheduler,Microsoft-Windows-TaskScheduler/Operational,7469,4,,,177113A0-9E41-4C7F-8655-55136CCC1087,,,,,,,,,\MicrosoftEdgeUpdateTaskMachineCore,,,TaskTerminationEvent
2026-05-24T01:13:11.499489Z,140,dc.scaffold.htb,Microsoft-Windows-TaskScheduler,Microsoft-Windows-TaskScheduler/Operational,7470,4,,,,,,,,,,,,\Microsoft\Windows\WindowsUpdate\Scheduled Start,,NT AUTHORITY\SYSTEM,TaskUpdated
2026-05-24T01:13:12.707746Z,402,dc.scaffold.htb,Microsoft-Windows-TaskScheduler,Microsoft-Windows-TaskScheduler/Operational,7471,4,,,,ServiceStopEvent,,,,,,,,,,,
2026-05-24T10:55:23.553457Z,700,dc.scaffold.htb,Microsoft-Windows-TaskScheduler,Microsoft-Windows-TaskScheduler/Operational,7472,4,,,,CompatibilityAdapterLaunch,,,,,,,,,,,
2026-05-24T10:55:23.625515Z,400,dc.scaffold.htb,Microsoft-Windows-TaskScheduler,Microsoft-Windows-TaskScheduler/Operational,7473,4,,,,ServiceStartEvent,,,,,,,,,,,
2026-05-24T10:55:23.655650Z,118,dc.scaffold.htb,Microsoft-Windows-TaskScheduler,Microsoft-Windows-TaskScheduler/Operational,7474,4,,,9C168ADA-F463-4E5B-9C01-311439D7CDD8,,,,,,,,,\Microsoft\Windows\ExploitGuard\ExploitGuard MDM policy Refresh,,,BootTrigger
2026-05-24T10:55:23.658905Z,129,dc.scaffold.htb,Microsoft-Windows-TaskScheduler,Microsoft-Windows-TaskScheduler/Operational,7475,4,,,,,%windir%\system32\dxgiadaptercache.exe,16384,2132,,,,,\Microsoft\Windows\DirectX\DXGIAdapterCache,,,CreatedTaskProcess
2026-05-24T10:55:23.659482Z,100,dc.scaffold.htb,Microsoft-Windows-TaskScheduler,Microsoft-Windows-TaskScheduler/Operational,7476,4,,,5E547F75-29A1-435B-B31B-12DBD278318F,,,,,,,,,\Microsoft\Windows\DirectX\DXGIAdapterCache,NT AUTHORITY\SYSTEM,,TaskStartEvent
2026-05-24T10:55:23.659484Z,200,dc.scaffold.htb,Microsoft-Windows-TaskScheduler,Microsoft-Windows-TaskScheduler/Operational,7477,4,%windir%\system32\dxgiadaptercache.exe,2132,,,,,,,,,5E547F75-29A1-435B-B31B-12DBD278318F,\Microsoft\Windows\DirectX\DXGIAdapterCache,,,ActionStart
2026-05-24T10:55:23.660410Z,129,dc.scaffold.htb,Microsoft-Windows-TaskScheduler,Microsoft-Windows-TaskScheduler/Operational,7478,4,,,,,taskhostw.exe,16384,2144,,,,,\Microsoft\Windows\ExploitGuard\ExploitGuard MDM policy Refresh,,,CreatedTaskProcess
2026-05-24T10:55:23.660579Z,100,dc.scaffold.htb,Microsoft-Windows-TaskScheduler,Microsoft-Windows-TaskScheduler/Operational,7479,4,,,9C168ADA-F463-4E5B-9C01-311439D7CDD8,,,,,,,,,\Microsoft\Windows\ExploitGuard\ExploitGuard MDM policy Refresh,NT AUTHORITY\SYSTEM,,TaskStartEvent
2026-05-24T10:55:23.660582Z,200,dc.scaffold.htb,Microsoft-Windows-TaskScheduler,Microsoft-Windows-TaskScheduler/Operational,7480,4,,2144,,,,,,,,,9C168ADA-F463-4E5B-9C01-311439D7CDD8,\Microsoft\Windows\ExploitGuard\ExploitGuard MDM policy Refresh,,,ActionStart
2026-05-24T10:55:23.785421Z,101,dc.scaffold.htb,Microsoft-Windows-TaskScheduler,Microsoft-Windows-TaskScheduler/Operational,7481,2,,,,,,,,,2147943568,,,\Microsoft\Windows\Workplace Join\Automatic-Device-Join,(default user),,TaskStartFailedEvent
2026-05-24T10:55:23.897848Z,100,dc.scaffold.htb,Microsoft-Windows-TaskScheduler,Microsoft-Windows-TaskScheduler/Operational,7482,4,,,35044106-9782-4CF0-89B0-7CBB0476C388,,,,,,,,,\Microsoft\Windows\WwanSvc\OobeDiscovery,NT AUTHORITY\SYSTEM,,TaskStartEvent
2026-05-24T10:55:23.897849Z,200,dc.scaffold.htb,Microsoft-Windows-TaskScheduler,Microsoft-Windows-TaskScheduler/Operational,7483,4,OobeEsimTaskManager,2144,,,,,,,,,35044106-9782-4CF0-89B0-7CBB0476C388,\Microsoft\Windows\WwanSvc\OobeDiscovery,,,ActionStart
2026-05-24T10:55:23.936080Z,129,dc.scaffold.htb,Microsoft-Windows-TaskScheduler,Microsoft-Windows-TaskScheduler/Operational,7484,4,,,,,taskhostw.exe,16384,2572,,,,,\Microsoft\Windows\Time Synchronization\ForceSynchronizeTime,,,CreatedTaskProcess
2026-05-24T10:55:23.936206Z,100,dc.scaffold.htb,Microsoft-Windows-TaskScheduler,Microsoft-Windows-TaskScheduler/Operational,7485,4,,,8B60F32E-C154-4589-8E55-2699C0E4D8F8,,,,,,,,,\Microsoft\Windows\Time Synchronization\ForceSynchronizeTime,(NONE),,TaskStartEvent
2026-05-24T10:55:23.936207Z,200,dc.scaffold.htb,Microsoft-Windows-TaskScheduler,Microsoft-Windows-TaskScheduler/Operational,7486,4,Time Synchronization Task Handler,2572,,,,,,,,,8B60F32E-C154-4589-8E55-2699C0E4D8F8,\Microsoft\Windows\Time Synchronization\ForceSynchronizeTime,,,ActionStart
2026-05-24T10:55:24.008455Z,201,dc.scaffold.htb,Microsoft-Windows-TaskScheduler,Microsoft-Windows-TaskScheduler/Operational,7487,4,Time Synchronization Task Handler,2572,,,,,,,0,,8B60F32E-C154-4589-8E55-2699C0E4D8F8,\Microsoft\Windows\Time Synchronization\ForceSynchronizeTime,,,ActionSuccess
2026-05-24T10:55:24.008459Z,102,dc.scaffold.htb,Microsoft-Windows-TaskScheduler,Microsoft-Windows-TaskScheduler/Operational,7488,4,,,8B60F32E-C154-4589-8E55-2699C0E4D8F8,,,,,,,,,\Microsoft\Windows\Time Synchronization\ForceSynchronizeTime,(NONE),,TaskSuccessEvent
2026-05-24T10:55:24.023315Z,201,dc.scaffold.htb,Microsoft-Windows-TaskScheduler,Microsoft-Windows-TaskScheduler/Operational,7489,4,%windir%\system32\dxgiadaptercache.exe,2132,,,,,,,0,,5E547F75-29A1-435B-B31B-12DBD278318F,\Microsoft\Windows\DirectX\DXGIAdapterCache,,,ActionSuccess
2026-05-24T10:55:24.023525Z,102,dc.scaffold.htb,Microsoft-Windows-TaskScheduler,Microsoft-Windows-TaskScheduler/Operational,7490,4,,,5E547F75-29A1-435B-B31B-12DBD278318F,,,,,,,,,\Microsoft\Windows\DirectX\DXGIAdapterCache,NT AUTHORITY\SYSTEM,,TaskSuccessEvent
2026-05-24T10:55:24.055251Z,201,dc.scaffold.htb,Microsoft-Windows-TaskScheduler,Microsoft-Windows-TaskScheduler/Operational,7491,4,,2144,,,,,,,0,,9C168ADA-F463-4E5B-9C01-311439D7CDD8,\Microsoft\Windows\ExploitGuard\ExploitGuard MDM policy Refresh,,,ActionSuccess
2026-05-24T10:55:24.055252Z,102,dc.scaffold.htb,Microsoft-Windows-TaskScheduler,Microsoft-Windows-TaskScheduler/Operational,7492,4,,,9C168ADA-F463-4E5B-9C01-311439D7CDD8,,,,,,,,,\Microsoft\Windows\ExploitGuard\ExploitGuard MDM policy Refresh,NT AUTHORITY\SYSTEM,,TaskSuccessEvent
2026-05-24T10:55:24.086527Z,201,dc.scaffold.htb,Microsoft-Windows-TaskScheduler,Microsoft-Windows-TaskScheduler/Operational,7493,4,OobeEsimTaskManager,2144,,,,,,,0,,35044106-9782-4CF0-89B0-7CBB0476C388,\Microsoft\Windows\WwanSvc\OobeDiscovery,,,ActionSuccess
2026-05-24T10:55:24.086528Z,102,dc.scaffold.htb,Microsoft-Windows-TaskScheduler,Microsoft-Windows-TaskScheduler/Operational,7494,4,,,35044106-9782-4CF0-89B0-7CBB0476C388,,,,,,,,,\Microsoft\Windows\WwanSvc\OobeDiscovery,NT AUTHORITY\SYSTEM,,TaskSuccessEvent
2026-05-24T10:55:24.802955Z,325,dc.scaffold.htb,Microsoft-Windows-TaskScheduler,Microsoft-Windows-TaskScheduler/Operational,7495,3,,,,,,,,7CDEBE9D-D7F9-4D04-AF3E-B2A40ED9038C,,,,\Microsoft\Windows\Workplace Join\Automatic-Device-Join,,,TaskInstanceQueued
2026-05-24T10:55:24.803143Z,110,dc.scaffold.htb,Microsoft-Windows-TaskScheduler,Microsoft-Windows-TaskScheduler/Operational,7496,4,,,7CDEBE9D-D7F9-4D04-AF3E-B2A40ED9038C,,,,,,,,,\Microsoft\Windows\Workplace Join\Automatic-Device-Join,System,,TaskRunEvent
2026-05-24T10:55:24.813494Z,129,dc.scaffold.htb,Microsoft-Windows-TaskScheduler,Microsoft-Windows-TaskScheduler/Operational,7497,4,,,,,%SystemRoot%\System32\dsregcmd.exe,16384,2660,,,,,\Microsoft\Windows\Workplace Join\Automatic-Device-Join,,,CreatedTaskProcess
2026-05-24T10:55:24.813893Z,100,dc.scaffold.htb,Microsoft-Windows-TaskScheduler,Microsoft-Windows-TaskScheduler/Operational,7498,4,,,7CDEBE9D-D7F9-4D04-AF3E-B2A40ED9038C,,,,,,,,,\Microsoft\Windows\Workplace Join\Automatic-Device-Join,NT AUTHORITY\SYSTEM,,TaskStartEvent
2026-05-24T10:55:24.813896Z,200,dc.scaffold.htb,Microsoft-Windows-TaskScheduler,Microsoft-Windows-TaskScheduler/Operational,7499,4,%SystemRoot%\System32\dsregcmd.exe,2660,,,,,,,,,7CDEBE9D-D7F9-4D04-AF3E-B2A40ED9038C,\Microsoft\Windows\Workplace Join\Automatic-Device-Join,,,ActionStart
2026-05-24T10:55:34.163345Z,118,dc.scaffold.htb,Microsoft-Windows-TaskScheduler,Microsoft-Windows-TaskScheduler/Operational,7500,4,,,DB58E408-FEC1-4FE2-B7D9-C98EC9170185,,,,,,,,,\Microsoft\Windows\CertificateServicesClient\SystemTask,,,BootTrigger
2026-05-24T10:55:34.167319Z,129,dc.scaffold.htb,Microsoft-Windows-TaskScheduler,Microsoft-Windows-TaskScheduler/Operational,7501,4,,,,,taskhostw.exe,16384,4144,,,,,\Microsoft\Windows\CertificateServicesClient\SystemTask,,,CreatedTaskProcess
2026-05-24T10:55:34.167611Z,100,dc.scaffold.htb,Microsoft-Windows-TaskScheduler,Microsoft-Windows-TaskScheduler/Operational,7502,4,,,DB58E408-FEC1-4FE2-B7D9-C98EC9170185,,,,,,,,,\Microsoft\Windows\CertificateServicesClient\SystemTask,NT AUTHORITY\SYSTEM,,TaskStartEvent
2026-05-24T10:55:34.167613Z,200,dc.scaffold.htb,Microsoft-Windows-TaskScheduler,Microsoft-Windows-TaskScheduler/Operational,7503,4,Certificate Services Client Task Handler,4144,,,,,,,,,DB58E408-FEC1-4FE2-B7D9-C98EC9170185,\Microsoft\Windows\CertificateServicesClient\SystemTask,,,ActionStart
2026-05-24T10:55:35.603839Z,140,dc.scaffold.htb,Microsoft-Windows-TaskScheduler,Microsoft-Windows-TaskScheduler/Operational,7504,4,,,,,,,,,,,,\Microsoft\Windows\SoftwareProtectionPlatform\SvcRestartTaskLogon,,INTERACTIVE,TaskUpdated
2026-05-24T10:55:35.612576Z,140,dc.scaffold.htb,Microsoft-Windows-TaskScheduler,Microsoft-Windows-TaskScheduler/Operational,7505,4,,,,,,,,,,,,\Microsoft\Windows\SoftwareProtectionPlatform\SvcRestartTaskNetwork,,NETWORK SERVICE,TaskUpdated
2026-05-24T10:56:03.910748Z,201,dc.scaffold.htb,Microsoft-Windows-TaskScheduler,Microsoft-Windows-TaskScheduler/Operational,7506,4,%SystemRoot%\System32\dsregcmd.exe,2660,,,,,,,0,,7CDEBE9D-D7F9-4D04-AF3E-B2A40ED9038C,\Microsoft\Windows\Workplace Join\Automatic-Device-Join,,,ActionSuccess
2026-05-24T10:56:03.910898Z,102,dc.scaffold.htb,Microsoft-Windows-TaskScheduler,Microsoft-Windows-TaskScheduler/Operational,7507,4,,,7CDEBE9D-D7F9-4D04-AF3E-B2A40ED9038C,,,,,,,,,\Microsoft\Windows\Workplace Join\Automatic-Device-Join,NT AUTHORITY\SYSTEM,,TaskSuccessEvent
2026-05-24T10:56:05.152695Z,201,dc.scaffold.htb,Microsoft-Windows-TaskScheduler,Microsoft-Windows-TaskScheduler/Operational,7508,4,Certificate Services Client Task Handler,4144,,,,,,,0,,DB58E408-FEC1-4FE2-B7D9-C98EC9170185,\Microsoft\Windows\CertificateServicesClient\SystemTask,,,ActionSuccess
2026-05-24T10:56:05.152697Z,102,dc.scaffold.htb,Microsoft-Windows-TaskScheduler,Microsoft-Windows-TaskScheduler/Operational,7509,4,,,DB58E408-FEC1-4FE2-B7D9-C98EC9170185,,,,,,,,,\Microsoft\Windows\CertificateServicesClient\SystemTask,NT AUTHORITY\SYSTEM,,TaskSuccessEvent
2026-05-24T10:56:24.158939Z,118,dc.scaffold.htb,Microsoft-Windows-TaskScheduler,Microsoft-Windows-TaskScheduler/Operational,7510,4,,,B9290C41-7E0D-4CD0-A290-BB12B3C60166,,,,,,,,,\Microsoft\Windows\Software Inventory Logging\Configuration,,,BootTrigger
2026-05-24T10:56:24.159009Z,118,dc.scaffold.htb,Microsoft-Windows-TaskScheduler,Microsoft-Windows-TaskScheduler/Operational,7511,4,,,0B174FB8-63D8-41BE-8591-AC9060494A14,,,,,,,,,\Microsoft\Windows\DirectX\DXGIAdapterCache,,,BootTrigger
2026-05-24T10:56:24.161575Z,129,dc.scaffold.htb,Microsoft-Windows-TaskScheduler,Microsoft-Windows-TaskScheduler/Operational,7512,4,,,,,%windir%\system32\dxgiadaptercache.exe,16384,7004,,,,,\Microsoft\Windows\DirectX\DXGIAdapterCache,,,CreatedTaskProcess
2026-05-24T10:56:24.161729Z,100,dc.scaffold.htb,Microsoft-Windows-TaskScheduler,Microsoft-Windows-TaskScheduler/Operational,7513,4,,,0B174FB8-63D8-41BE-8591-AC9060494A14,,,,,,,,,\Microsoft\Windows\DirectX\DXGIAdapterCache,NT AUTHORITY\SYSTEM,,TaskStartEvent
2026-05-24T10:56:24.161731Z,200,dc.scaffold.htb,Microsoft-Windows-TaskScheduler,Microsoft-Windows-TaskScheduler/Operational,7514,4,%windir%\system32\dxgiadaptercache.exe,7004,,,,,,,,,0B174FB8-63D8-41BE-8591-AC9060494A14,\Microsoft\Windows\DirectX\DXGIAdapterCache,,,ActionStart
2026-05-24T10:56:24.161780Z,129,dc.scaffold.htb,Microsoft-Windows-TaskScheduler,Microsoft-Windows-TaskScheduler/Operational,7515,4,,,,,%systemroot%\system32\cmd.exe,16384,7012,,,,,\Microsoft\Windows\Software Inventory Logging\Configuration,,,CreatedTaskProcess
2026-05-24T10:56:24.161905Z,100,dc.scaffold.htb,Microsoft-Windows-TaskScheduler,Microsoft-Windows-TaskScheduler/Operational,7516,4,,,B9290C41-7E0D-4CD0-A290-BB12B3C60166,,,,,,,,,\Microsoft\Windows\Software Inventory Logging\Configuration,NT AUTHORITY\SYSTEM,,TaskStartEvent
2026-05-24T10:56:24.161907Z,200,dc.scaffold.htb,Microsoft-Windows-TaskScheduler,Microsoft-Windows-TaskScheduler/Operational,7517,4,%systemroot%\system32\cmd.exe,7012,,,,,,,,,B9290C41-7E0D-4CD0-A290-BB12B3C60166,\Microsoft\Windows\Software Inventory Logging\Configuration,,,ActionStart
2026-05-24T10:56:24.180851Z,201,dc.scaffold.htb,Microsoft-Windows-TaskScheduler,Microsoft-Windows-TaskScheduler/Operational,7518,4,%windir%\system32\dxgiadaptercache.exe,7004,,,,,,,0,,0B174FB8-63D8-41BE-8591-AC9060494A14,\Microsoft\Windows\DirectX\DXGIAdapterCache,,,ActionSuccess
2026-05-24T10:56:24.180941Z,102,dc.scaffold.htb,Microsoft-Windows-TaskScheduler,Microsoft-Windows-TaskScheduler/Operational,7519,4,,,0B174FB8-63D8-41BE-8591-AC9060494A14,,,,,,,,,\Microsoft\Windows\DirectX\DXGIAdapterCache,NT AUTHORITY\SYSTEM,,TaskSuccessEvent
2026-05-24T10:56:24.213228Z,201,dc.scaffold.htb,Microsoft-Windows-TaskScheduler,Microsoft-Windows-TaskScheduler/Operational,7520,4,%systemroot%\system32\cmd.exe,7012,,,,,,,0,,B9290C41-7E0D-4CD0-A290-BB12B3C60166,\Microsoft\Windows\Software Inventory Logging\Configuration,,,ActionSuccess
2026-05-24T10:56:24.213364Z,102,dc.scaffold.htb,Microsoft-Windows-TaskScheduler,Microsoft-Windows-TaskScheduler/Operational,7521,4,,,B9290C41-7E0D-4CD0-A290-BB12B3C60166,,,,,,,,,\Microsoft\Windows\Software Inventory Logging\Configuration,NT AUTHORITY\SYSTEM,,TaskSuccessEvent
2026-05-24T10:56:41.936228Z,107,dc.scaffold.htb,Microsoft-Windows-TaskScheduler,Microsoft-Windows-TaskScheduler/Operational,7522,4,,,5DCFD443-85AE-458B-843C-5D434AD9BB1A,,,,,,,,,\Scaffold\ScaffoldDeployEngine,,,TimeTriggerEvent
2026-05-24T10:56:41.939028Z,129,dc.scaffold.htb,Microsoft-Windows-TaskScheduler,Microsoft-Windows-TaskScheduler/Operational,7523,4,,,,,powershell.exe,16384,6424,,,,,\Scaffold\ScaffoldDeployEngine,,,CreatedTaskProcess
2026-05-24T10:56:41.939219Z,100,dc.scaffold.htb,Microsoft-Windows-TaskScheduler,Microsoft-Windows-TaskScheduler/Operational,7524,4,,,5DCFD443-85AE-458B-843C-5D434AD9BB1A,,,,,,,,,\Scaffold\ScaffoldDeployEngine,NT AUTHORITY\SYSTEM,,TaskStartEvent
2026-05-24T10:56:41.939221Z,200,dc.scaffold.htb,Microsoft-Windows-TaskScheduler,Microsoft-Windows-TaskScheduler/Operational,7525,4,powershell.exe,6424,,,,,,,,,5DCFD443-85AE-458B-843C-5D434AD9BB1A,\Scaffold\ScaffoldDeployEngine,,,ActionStart
2026-05-24T10:56:43.476110Z,201,dc.scaffold.htb,Microsoft-Windows-TaskScheduler,Microsoft-Windows-TaskScheduler/Operational,7526,4,powershell.exe,6424,,,,,,,0,,5DCFD443-85AE-458B-843C-5D434AD9BB1A,\Scaffold\ScaffoldDeployEngine,,,ActionSuccess
2026-05-24T10:56:43.476274Z,102,dc.scaffold.htb,Microsoft-Windows-TaskScheduler,Microsoft-Windows-TaskScheduler/Operational,7527,4,,,5DCFD443-85AE-458B-843C-5D434AD9BB1A,,,,,,,,,\Scaffold\ScaffoldDeployEngine,NT AUTHORITY\SYSTEM,,TaskSuccessEvent
2026-05-24T10:56:47.761924Z,142,dc.scaffold.htb,Microsoft-Windows-TaskScheduler,Microsoft-Windows-TaskScheduler/Operational,7528,4,,,,,,,,,,,,\Microsoft\Windows\SoftwareProtectionPlatform\SvcRestartTask,,NETWORK SERVICE,TaskDisabled
2026-05-24T10:57:25.228540Z,119,dc.scaffold.htb,Microsoft-Windows-TaskScheduler,Microsoft-Windows-TaskScheduler/Operational,7529,4,,,1BCD672F-149E-46BD-B4DF-1E8B4906C7BA,,,,,,,,,\Microsoft\Windows\TextServicesFramework\MsCtfMonitor,,SCAFFOLD\Administrator,LogonTrigger
2026-05-24T10:57:25.230514Z,129,dc.scaffold.htb,Microsoft-Windows-TaskScheduler,Microsoft-Windows-TaskScheduler/Operational,7530,4,,,,,taskhostw.exe,32,844,,,,,\Microsoft\Windows\TextServicesFramework\MsCtfMonitor,,,CreatedTaskProcess
2026-05-24T10:57:25.230758Z,100,dc.scaffold.htb,Microsoft-Windows-TaskScheduler,Microsoft-Windows-TaskScheduler/Operational,7531,4,,,1BCD672F-149E-46BD-B4DF-1E8B4906C7BA,,,,,,,,,\Microsoft\Windows\TextServicesFramework\MsCtfMonitor,SCAFFOLD\Administrator,,TaskStartEvent
2026-05-24T10:57:25.230760Z,200,dc.scaffold.htb,Microsoft-Windows-TaskScheduler,Microsoft-Windows-TaskScheduler/Operational,7532,4,MsCtfMonitor task handler,844,,,,,,,,,1BCD672F-149E-46BD-B4DF-1E8B4906C7BA,\Microsoft\Windows\TextServicesFramework\MsCtfMonitor,,,ActionStart
2026-05-24T10:57:25.230782Z,119,dc.scaffold.htb,Microsoft-Windows-TaskScheduler,Microsoft-Windows-TaskScheduler/Operational,7533,4,,,1603B217-5400-43A5-AD89-7A7D895835E3,,,,,,,,,\Microsoft\Windows\Server Manager\ServerManager,,SCAFFOLD\Administrator,LogonTrigger
2026-05-24T10:57:25.231283Z,119,dc.scaffold.htb,Microsoft-Windows-TaskScheduler,Microsoft-Windows-TaskScheduler/Operational,7534,4,,,27C97290-F2E5-4824-B47B-D3C9552D0987,,,,,,,,,\Microsoft\Windows\CertificateServicesClient\UserTask,,SCAFFOLD\Administrator,LogonTrigger
2026-05-24T10:57:25.233892Z,129,dc.scaffold.htb,Microsoft-Windows-TaskScheduler,Microsoft-Windows-TaskScheduler/Operational,7535,4,,,,,taskhostw.exe,32,1948,,,,,\Microsoft\Windows\CertificateServicesClient\UserTask,,,CreatedTaskProcess
2026-05-24T10:57:25.234007Z,119,dc.scaffold.htb,Microsoft-Windows-TaskScheduler,Microsoft-Windows-TaskScheduler/Operational,7536,4,,,BA79A1F1-6FE2-4020-B61C-213A5CD717B2,,,,,,,,,\Microsoft\Windows\WindowsColorSystem\Calibration Loader,,SCAFFOLD\Administrator,LogonTrigger
2026-05-24T10:57:25.234097Z,100,dc.scaffold.htb,Microsoft-Windows-TaskScheduler,Microsoft-Windows-TaskScheduler/Operational,7537,4,,,27C97290-F2E5-4824-B47B-D3C9552D0987,,,,,,,,,\Microsoft\Windows\CertificateServicesClient\UserTask,SCAFFOLD\Administrator,,TaskStartEvent
2026-05-24T10:57:25.234099Z,200,dc.scaffold.htb,Microsoft-Windows-TaskScheduler,Microsoft-Windows-TaskScheduler/Operational,7538,4,Certificate Services Client Task Handler,1948,,,,,,,,,27C97290-F2E5-4824-B47B-D3C9552D0987,\Microsoft\Windows\CertificateServicesClient\UserTask,,,ActionStart
2026-05-24T10:57:25.234241Z,100,dc.scaffold.htb,Microsoft-Windows-TaskScheduler,Microsoft-Windows-TaskScheduler/Operational,7539,4,,,BA79A1F1-6FE2-4020-B61C-213A5CD717B2,,,,,,,,,\Microsoft\Windows\WindowsColorSystem\Calibration Loader,SCAFFOLD\Administrator,,TaskStartEvent
2026-05-24T10:57:25.234242Z,200,dc.scaffold.htb,Microsoft-Windows-TaskScheduler,Microsoft-Windows-TaskScheduler/Operational,7540,4,Color Calibration Loader,1948,,,,,,,,,BA79A1F1-6FE2-4020-B61C-213A5CD717B2,\Microsoft\Windows\WindowsColorSystem\Calibration Loader,,,ActionStart
2026-05-24T10:57:25.236086Z,119,dc.scaffold.htb,Microsoft-Windows-TaskScheduler,Microsoft-Windows-TaskScheduler/Operational,7541,4,,,EBC90347-A072-4345-9B49-324F049A7870,,,,,,,,,\MicrosoftEdgeUpdateTaskMachineCore,,SCAFFOLD\Administrator,LogonTrigger
2026-05-24T10:57:25.237416Z,129,dc.scaffold.htb,Microsoft-Windows-TaskScheduler,Microsoft-Windows-TaskScheduler/Operational,7542,4,,,,,%windir%\system32\ServerManagerLauncher.exe,32,2316,,,,,\Microsoft\Windows\Server Manager\ServerManager,,,CreatedTaskProcess
2026-05-24T10:57:25.237790Z,100,dc.scaffold.htb,Microsoft-Windows-TaskScheduler,Microsoft-Windows-TaskScheduler/Operational,7543,4,,,1603B217-5400-43A5-AD89-7A7D895835E3,,,,,,,,,\Microsoft\Windows\Server Manager\ServerManager,SCAFFOLD\Administrator,,TaskStartEvent
2026-05-24T10:57:25.237792Z,200,dc.scaffold.htb,Microsoft-Windows-TaskScheduler,Microsoft-Windows-TaskScheduler/Operational,7544,4,%windir%\system32\ServerManagerLauncher.exe,2316,,,,,,,,,1603B217-5400-43A5-AD89-7A7D895835E3,\Microsoft\Windows\Server Manager\ServerManager,,,ActionStart
2026-05-24T10:57:25.239224Z,119,dc.scaffold.htb,Microsoft-Windows-TaskScheduler,Microsoft-Windows-TaskScheduler/Operational,7545,4,,,001ADC18-76C4-44CC-8D53-4B5E230DC66B,,,,,,,,,\Microsoft\Windows\Wininet\CacheTask,,SCAFFOLD\Administrator,LogonTrigger
2026-05-24T10:57:25.241560Z,100,dc.scaffold.htb,Microsoft-Windows-TaskScheduler,Microsoft-Windows-TaskScheduler/Operational,7546,4,,,001ADC18-76C4-44CC-8D53-4B5E230DC66B,,,,,,,,,\Microsoft\Windows\Wininet\CacheTask,SCAFFOLD\Administrator,,TaskStartEvent
2026-05-24T10:57:25.241563Z,200,dc.scaffold.htb,Microsoft-Windows-TaskScheduler,Microsoft-Windows-TaskScheduler/Operational,7547,4,Wininet Cache task object,844,,,,,,,,,001ADC18-76C4-44CC-8D53-4B5E230DC66B,\Microsoft\Windows\Wininet\CacheTask,,,ActionStart
2026-05-24T10:57:25.244071Z,119,dc.scaffold.htb,Microsoft-Windows-TaskScheduler,Microsoft-Windows-TaskScheduler/Operational,7548,4,,,72A6C9DB-97B5-485B-93DB-9BA5D5A6B1BC,,,,,,,,,\Microsoft\Windows\Plug and Play\Device Install Reboot Required,,SCAFFOLD\Administrator,LogonTrigger
2026-05-24T10:57:25.245858Z,119,dc.scaffold.htb,Microsoft-Windows-TaskScheduler,Microsoft-Windows-TaskScheduler/Operational,7549,4,,,54F2B8ED-2092-4263-BFF3-B17F7A716DC5,,,,,,,,,\Microsoft\Windows\SoftwareProtectionPlatform\SvcRestartTaskLogon,,SCAFFOLD\Administrator,LogonTrigger
2026-05-24T10:57:25.246228Z,100,dc.scaffold.htb,Microsoft-Windows-TaskScheduler,Microsoft-Windows-TaskScheduler/Operational,7550,4,,,54F2B8ED-2092-4263-BFF3-B17F7A716DC5,,,,,,,,,\Microsoft\Windows\SoftwareProtectionPlatform\SvcRestartTaskLogon,SCAFFOLD\Administrator,,TaskStartEvent
2026-05-24T10:57:25.246231Z,200,dc.scaffold.htb,Microsoft-Windows-TaskScheduler,Microsoft-Windows-TaskScheduler/Operational,7551,4,SppSvcRestartTaskHandler Class,1948,,,,,,,,,54F2B8ED-2092-4263-BFF3-B17F7A716DC5,\Microsoft\Windows\SoftwareProtectionPlatform\SvcRestartTaskLogon,,,ActionStart
2026-05-24T10:57:25.248144Z,129,dc.scaffold.htb,Microsoft-Windows-TaskScheduler,Microsoft-Windows-TaskScheduler/Operational,7552,4,,,,,taskhostw.exe,32,3004,,,,,\Microsoft\Windows\Plug and Play\Device Install Reboot Required,,,CreatedTaskProcess
2026-05-24T10:57:25.248618Z,100,dc.scaffold.htb,Microsoft-Windows-TaskScheduler,Microsoft-Windows-TaskScheduler/Operational,7553,4,,,72A6C9DB-97B5-485B-93DB-9BA5D5A6B1BC,,,,,,,,,\Microsoft\Windows\Plug and Play\Device Install Reboot Required,SCAFFOLD\Administrator,,TaskStartEvent
2026-05-24T10:57:25.248621Z,200,dc.scaffold.htb,Microsoft-Windows-TaskScheduler,Microsoft-Windows-TaskScheduler/Operational,7554,4,Device Installation Reboot Dialog Task,3004,,,,,,,,,72A6C9DB-97B5-485B-93DB-9BA5D5A6B1BC,\Microsoft\Windows\Plug and Play\Device Install Reboot Required,,,ActionStart
2026-05-24T10:57:25.274518Z,129,dc.scaffold.htb,Microsoft-Windows-TaskScheduler,Microsoft-Windows-TaskScheduler/Operational,7555,4,,,,,C:\Program Files (x86)\Microsoft\EdgeUpdate\MicrosoftEdgeUpdate.exe,32,3000,,,,,\MicrosoftEdgeUpdateTaskMachineCore,,,CreatedTaskProcess
2026-05-24T10:57:25.274714Z,100,dc.scaffold.htb,Microsoft-Windows-TaskScheduler,Microsoft-Windows-TaskScheduler/Operational,7556,4,,,EBC90347-A072-4345-9B49-324F049A7870,,,,,,,,,\MicrosoftEdgeUpdateTaskMachineCore,NT AUTHORITY\SYSTEM,,TaskStartEvent
2026-05-24T10:57:25.274715Z,200,dc.scaffold.htb,Microsoft-Windows-TaskScheduler,Microsoft-Windows-TaskScheduler/Operational,7557,4,C:\Program Files (x86)\Microsoft\EdgeUpdate\MicrosoftEdgeUpdate.exe,3000,,,,,,,,,EBC90347-A072-4345-9B49-324F049A7870,\MicrosoftEdgeUpdateTaskMachineCore,,,ActionStart
2026-05-24T10:57:25.287503Z,201,dc.scaffold.htb,Microsoft-Windows-TaskScheduler,Microsoft-Windows-TaskScheduler/Operational,7558,4,SppSvcRestartTaskHandler Class,1948,,,,,,,0,,54F2B8ED-2092-4263-BFF3-B17F7A716DC5,\Microsoft\Windows\SoftwareProtectionPlatform\SvcRestartTaskLogon,,,ActionSuccess
2026-05-24T10:57:25.287504Z,102,dc.scaffold.htb,Microsoft-Windows-TaskScheduler,Microsoft-Windows-TaskScheduler/Operational,7559,4,,,54F2B8ED-2092-4263-BFF3-B17F7A716DC5,,,,,,,,,\Microsoft\Windows\SoftwareProtectionPlatform\SvcRestartTaskLogon,SCAFFOLD\Administrator,,TaskSuccessEvent
2026-05-24T10:57:25.325854Z,201,dc.scaffold.htb,Microsoft-Windows-TaskScheduler,Microsoft-Windows-TaskScheduler/Operational,7560,4,MsCtfMonitor task handler,844,,,,,,,0,,1BCD672F-149E-46BD-B4DF-1E8B4906C7BA,\Microsoft\Windows\TextServicesFramework\MsCtfMonitor,,,ActionSuccess
2026-05-24T10:57:25.325855Z,102,dc.scaffold.htb,Microsoft-Windows-TaskScheduler,Microsoft-Windows-TaskScheduler/Operational,7561,4,,,1BCD672F-149E-46BD-B4DF-1E8B4906C7BA,,,,,,,,,\Microsoft\Windows\TextServicesFramework\MsCtfMonitor,SCAFFOLD\Administrator,,TaskSuccessEvent
2026-05-24T10:57:25.590503Z,141,dc.scaffold.htb,Microsoft-Windows-TaskScheduler,Microsoft-Windows-TaskScheduler/Operational,7562,4,,,,,,,,,,,,\CreateExplorerShellUnelevatedTask,,SCAFFOLD\Administrator,TaskDeleted
2026-05-24T10:57:25.603266Z,106,dc.scaffold.htb,Microsoft-Windows-TaskScheduler,Microsoft-Windows-TaskScheduler/Operational,7563,4,,,,,,,,,,,,\CreateExplorerShellUnelevatedTask,SCAFFOLD\Administrator,,TaskRegisteredEvent
2026-05-24T10:57:25.603267Z,140,dc.scaffold.htb,Microsoft-Windows-TaskScheduler,Microsoft-Windows-TaskScheduler/Operational,7564,4,,,,,,,,,,,,\CreateExplorerShellUnelevatedTask,,SCAFFOLD\Administrator,TaskUpdated
2026-05-24T10:57:25.603562Z,109,dc.scaffold.htb,Microsoft-Windows-TaskScheduler,Microsoft-Windows-TaskScheduler/Operational,7565,4,,,B1669080-40C8-4FE5-8837-7DD6B7BC560D,,,,,,,,,\CreateExplorerShellUnelevatedTask,,,RegistrationTriggerEvent
2026-05-24T10:57:25.606744Z,129,dc.scaffold.htb,Microsoft-Windows-TaskScheduler,Microsoft-Windows-TaskScheduler/Operational,7566,4,,,,,C:\Windows\Explorer.EXE,32,4656,,,,,\CreateExplorerShellUnelevatedTask,,,CreatedTaskProcess
2026-05-24T10:57:25.607027Z,100,dc.scaffold.htb,Microsoft-Windows-TaskScheduler,Microsoft-Windows-TaskScheduler/Operational,7567,4,,,B1669080-40C8-4FE5-8837-7DD6B7BC560D,,,,,,,,,\CreateExplorerShellUnelevatedTask,SCAFFOLD\Administrator,,TaskStartEvent
2026-05-24T10:57:25.607029Z,200,dc.scaffold.htb,Microsoft-Windows-TaskScheduler,Microsoft-Windows-TaskScheduler/Operational,7568,4,C:\Windows\Explorer.EXE,4656,,,,,,,,,B1669080-40C8-4FE5-8837-7DD6B7BC560D,\CreateExplorerShellUnelevatedTask,,,ActionStart
