2025-08-13T11:12:09.159391Z,4634,DC01.garfield.htb,Microsoft-Windows-Security-Auditing,Security,2407,0,,,,,,,,,,,,,,,,,,,,,,,,,,,,,,,,,,,,,,,,,,,,,,,,,,,,,,,,,,,,,,,,,,,,,,,3,,,,,,,,,,,,,,,,,,,,,,,,,,,,,,,,,,,,,,,,,,,,,,,,,,,,,,,,,,,,,,,,,,,,,,,,,,,,,GARFIELD,,,,0x10ab77,,,,,,,,DC01$,S-1-5-18,,,,,,,,,,,,,,,
2025-08-13T11:12:38.264927Z,4720,DC01.garfield.htb,Microsoft-Windows-Security-Auditing,Security,2408,0,,,,,%%1794,,,,,-,,,,,,,,,,,,,,,,,,,,,,,,svc_ldap,,,,,,,,,,,,,,-,-,,,,,,,,,,,,,,,,,,,,%%1793,,,,,,,,,,,,,,,,,0x15,,,,,,,,,,,,,0x0,,,,,,,,,%%1794,,,,513,-,,,,-,,,,,,,,,,,svc_ldap,,,-,,,,-,,,,,,,,GARFIELD,0x5ce30,,Administrator,S-1-5-21-2502726253-3859040611-225969357-500,GARFIELD,,,,,,,,,,,S-1-5-21-2502726253-3859040611-225969357-1104,svc_ldap,,,,,,,,"
		%%2080
		%%2082
		%%2084",-,svc_ldap@garfield.htb,-,,,,,
2025-08-13T11:12:38.272801Z,4769,DC01.garfield.htb,Microsoft-Windows-Security-Auditing,Security,2409,0,,,,,,,,,,,,,,,,,,,,,,,,,,,,,,,,,,,,,,,,,,,,,,,,,,,,,,,::1,0,,,,,,,,,,,,2920AAF5-C2FE-BBCB-791A-C97A6F39197F,,,,,,,,,,,,,,,,,,,,,,,,,,,,,,,,,,,,,,,,,,,,,,,,,,,,,,,,,,,,,,,,krbtgt,,S-1-5-21-2502726253-3859040611-225969357-502,,,,0x0,,,,,,,,,,GARFIELD.HTB,,,,,,,,,,,,Administrator@GARFIELD.HTB,,,0x12,0x40810000,,-,,,,,,,,,,
2025-08-13T11:12:38.274992Z,4672,DC01.garfield.htb,Microsoft-Windows-Security-Auditing,Security,2410,0,,,,,,,,,,,,,,,,,,,,,,,,,,,,,,,,,,,,,,,,,,,,,,,,,,,,,,,,,,,,,,,,,,,,,,,,,,,,,,,,,,,,,,,,,,,,,,,,,,,,,,,,,,,,,,,,,"SeSecurityPrivilege
			SeBackupPrivilege
			SeRestorePrivilege
			SeTakeOwnershipPrivilege
			SeDebugPrivilege
			SeSystemEnvironmentPrivilege
			SeLoadDriverPrivilege
			SeImpersonatePrivilege
			SeDelegateSessionUserImpersonatePrivilege
			SeEnableDelegationPrivilege",,,,,,,,,,,,,,,,,,,,,,,,,,,,,,GARFIELD,0x10bdf2,,Administrator,S-1-5-21-2502726253-3859040611-225969357-500,,,,,,,,,,,,,,,,,,,,,,,,,,,,,
2025-08-13T11:12:38.285965Z,4738,DC01.garfield.htb,Microsoft-Windows-Security-Auditing,Security,2411,0,,,,,-,,,,,-,,,,,,,,,,,,,,,,,,,,,,,,-,,,,,,-,,,,,,,,-,-,,,,,,,,,,,,,,,,,,,,-,,,,,,,,,,,,,,,,,-,,,,,,,,,,,,,-,,,,,,,,,8/13/2025 4:12:38 AM,,,,-,-,,,,-,,,,,,,,,,,-,,,-,,,,-,,,,,,,,NT AUTHORITY,0x3e6,,ANONYMOUS LOGON,S-1-5-7,GARFIELD,,,,,,,,,,,S-1-5-21-2502726253-3859040611-225969357-1104,svc_ldap,,,,,,,,-,-,-,-,,,,,
2025-08-13T11:12:38.285998Z,4724,DC01.garfield.htb,Microsoft-Windows-Security-Auditing,Security,2412,0,,,,,,,,,,,,,,,,,,,,,,,,,,,,,,,,,,,,,,,,,,,,,,,,,,,,,,,,,,,,,,,,,,,,,,,,,,,,,,,,,,,,,,,,,,,,,,,,,,,,,,,,,,,,,,,,,,,,,,,,,,,,,,,,,,,,,,,,,,,,,,,GARFIELD,0x10bdf2,,Administrator,S-1-5-21-2502726253-3859040611-225969357-500,GARFIELD,,,,,,,,,,,S-1-5-21-2502726253-3859040611-225969357-1104,svc_ldap,,,,,,,,,,,,,,,,
2025-08-13T11:12:38.286395Z,4634,DC01.garfield.htb,Microsoft-Windows-Security-Auditing,Security,2413,0,,,,,,,,,,,,,,,,,,,,,,,,,,,,,,,,,,,,,,,,,,,,,,,,,,,,,,,,,,,,,,,,,,,,,,,3,,,,,,,,,,,,,,,,,,,,,,,,,,,,,,,,,,,,,,,,,,,,,,,,,,,,,,,,,,,,,,,,,,,,,,,,,,,,,GARFIELD,,,,0x10bdf2,,,,,,,,Administrator,S-1-5-21-2502726253-3859040611-225969357-500,,,,,,,,,,,,,,,
2025-08-13T11:12:38.286798Z,4738,DC01.garfield.htb,Microsoft-Windows-Security-Auditing,Security,2414,0,,,,,-,,,,,-,,,,,,,,,,,,,,,,,,,,,,,,-,,,,,,-,,,,,,,,-,-,,,,,,,,,,,,,,,,,,,,-,,,,,,,,,,,,,,,,,0x211,,,,,,,,,,,,,0x15,,,,,,,,,-,,,,-,-,,,,-,,,,,,,,,,,-,,,-,,,,-,,,,,,,,GARFIELD,0x5ce30,,Administrator,S-1-5-21-2502726253-3859040611-225969357-500,GARFIELD,,,,,,,,,,,S-1-5-21-2502726253-3859040611-225969357-1104,svc_ldap,,,,,,,,"
		%%2050
		%%2089",-,-,-,,,,,
2025-08-13T11:12:38.287587Z,4738,DC01.garfield.htb,Microsoft-Windows-Security-Auditing,Security,2415,0,,,,,-,,,,,-,,,,,,,,,,,,,,,,,,,,,,,,-,,,,,,-,,,,,,,,-,-,,,,,,,,,,,,,,,,,,,,-,,,,,,,,,,,,,,,,,0x210,,,,,,,,,,,,,0x211,,,,,,,,,-,,,,-,-,,,,-,,,,,,,,,,,-,,,-,,,,-,,,,,,,,GARFIELD,0x5ce30,,Administrator,S-1-5-21-2502726253-3859040611-225969357-500,GARFIELD,,,,,,,,,,,S-1-5-21-2502726253-3859040611-225969357-1104,svc_ldap,,,,,,,,"
		%%2048",-,-,-,,,,,
2025-08-13T11:12:38.287612Z,4722,DC01.garfield.htb,Microsoft-Windows-Security-Auditing,Security,2416,0,,,,,,,,,,,,,,,,,,,,,,,,,,,,,,,,,,,,,,,,,,,,,,,,,,,,,,,,,,,,,,,,,,,,,,,,,,,,,,,,,,,,,,,,,,,,,,,,,,,,,,,,,,,,,,,,,,,,,,,,,,,,,,,,,,,,,,,,,,,,,,,GARFIELD,0x5ce30,,Administrator,S-1-5-21-2502726253-3859040611-225969357-500,GARFIELD,,,,,,,,,,,S-1-5-21-2502726253-3859040611-225969357-1104,svc_ldap,,,,,,,,,,,,,,,,
2025-08-13T11:12:54.955557Z,4634,DC01.garfield.htb,Microsoft-Windows-Security-Auditing,Security,2417,0,,,,,,,,,,,,,,,,,,,,,,,,,,,,,,,,,,,,,,,,,,,,,,,,,,,,,,,,,,,,,,,,,,,,,,,3,,,,,,,,,,,,,,,,,,,,,,,,,,,,,,,,,,,,,,,,,,,,,,,,,,,,,,,,,,,,,,,,,,,,,,,,,,,,,GARFIELD,,,,0x5e92e,,,,,,,,DC01$,S-1-5-18,,,,,,,,,,,,,,,
2025-08-13T11:13:05.216391Z,4672,DC01.garfield.htb,Microsoft-Windows-Security-Auditing,Security,2418,0,,,,,,,,,,,,,,,,,,,,,,,,,,,,,,,,,,,,,,,,,,,,,,,,,,,,,,,,,,,,,,,,,,,,,,,,,,,,,,,,,,,,,,,,,,,,,,,,,,,,,,,,,,,,,,,,,"SeSecurityPrivilege
			SeBackupPrivilege
			SeRestorePrivilege
			SeTakeOwnershipPrivilege
			SeDebugPrivilege
			SeSystemEnvironmentPrivilege
			SeLoadDriverPrivilege
			SeImpersonatePrivilege
			SeDelegateSessionUserImpersonatePrivilege
			SeEnableDelegationPrivilege",,,,,,,,,,,,,,,,,,,,,,,,,,,,,,GARFIELD,0x117fe6,,DC01$,S-1-5-18,,,,,,,,,,,,,,,,,,,,,,,,,,,,,
2025-08-13T11:13:05.216465Z,4624,DC01.garfield.htb,Microsoft-Windows-Security-Auditing,Security,2419,0,,,,,,,,,,,,,,,,,Kerberos,,,,,,,,,,,,,,,,,,,,,,,,%%1842,,,,,,,,,,,,,%%1833,::1,52989,,,,0,,,-,,,,,7F6CD027-4188-AB14-643A-6405C1017355,,Kerberos,3,,,,,,,,,,,,,,,,,,,,,,,,,,,,,,,,,,,,,,,,,,,,0x0,-,,,,,,,,,,-,,,,,,,,,,,,,,,,,-,0x0,,-,S-1-0-0,GARFIELD.HTB,,0x0,,0x117fe6,,-,-,,,,,DC01$,S-1-5-18,,,,,-,,,,,,%%1843,,,-,
2025-08-13T11:13:05.217093Z,4634,DC01.garfield.htb,Microsoft-Windows-Security-Auditing,Security,2420,0,,,,,,,,,,,,,,,,,,,,,,,,,,,,,,,,,,,,,,,,,,,,,,,,,,,,,,,,,,,,,,,,,,,,,,,3,,,,,,,,,,,,,,,,,,,,,,,,,,,,,,,,,,,,,,,,,,,,,,,,,,,,,,,,,,,,,,,,,,,,,,,,,,,,,GARFIELD,,,,0x117fe6,,,,,,,,DC01$,S-1-5-18,,,,,,,,,,,,,,,
2025-08-13T11:13:21.815391Z,4634,DC01.garfield.htb,Microsoft-Windows-Security-Auditing,Security,2421,0,,,,,,,,,,,,,,,,,,,,,,,,,,,,,,,,,,,,,,,,,,,,,,,,,,,,,,,,,,,,,,,,,,,,,,,3,,,,,,,,,,,,,,,,,,,,,,,,,,,,,,,,,,,,,,,,,,,,,,,,,,,,,,,,,,,,,,,,,,,,,,,,,,,,,GARFIELD,,,,0x7d1d1,,,,,,,,DC01$,S-1-5-18,,,,,,,,,,,,,,,
2025-08-13T11:14:05.240369Z,4672,DC01.garfield.htb,Microsoft-Windows-Security-Auditing,Security,2422,0,,,,,,,,,,,,,,,,,,,,,,,,,,,,,,,,,,,,,,,,,,,,,,,,,,,,,,,,,,,,,,,,,,,,,,,,,,,,,,,,,,,,,,,,,,,,,,,,,,,,,,,,,,,,,,,,,"SeSecurityPrivilege
			SeBackupPrivilege
			SeRestorePrivilege
			SeTakeOwnershipPrivilege
			SeDebugPrivilege
			SeSystemEnvironmentPrivilege
			SeLoadDriverPrivilege
			SeImpersonatePrivilege
			SeDelegateSessionUserImpersonatePrivilege
			SeEnableDelegationPrivilege",,,,,,,,,,,,,,,,,,,,,,,,,,,,,,GARFIELD,0x11d967,,DC01$,S-1-5-18,,,,,,,,,,,,,,,,,,,,,,,,,,,,,
2025-08-13T11:14:05.240438Z,4624,DC01.garfield.htb,Microsoft-Windows-Security-Auditing,Security,2423,0,,,,,,,,,,,,,,,,,Kerberos,,,,,,,,,,,,,,,,,,,,,,,,%%1842,,,,,,,,,,,,,%%1833,::1,52996,,,,0,,,-,,,,,7F6CD027-4188-AB14-643A-6405C1017355,,Kerberos,3,,,,,,,,,,,,,,,,,,,,,,,,,,,,,,,,,,,,,,,,,,,,0x0,-,,,,,,,,,,-,,,,,,,,,,,,,,,,,-,0x0,,-,S-1-0-0,GARFIELD.HTB,,0x0,,0x11d967,,-,-,,,,,DC01$,S-1-5-18,,,,,-,,,,,,%%1843,,,-,
2025-08-13T11:14:05.241066Z,4634,DC01.garfield.htb,Microsoft-Windows-Security-Auditing,Security,2424,0,,,,,,,,,,,,,,,,,,,,,,,,,,,,,,,,,,,,,,,,,,,,,,,,,,,,,,,,,,,,,,,,,,,,,,,3,,,,,,,,,,,,,,,,,,,,,,,,,,,,,,,,,,,,,,,,,,,,,,,,,,,,,,,,,,,,,,,,,,,,,,,,,,,,,GARFIELD,,,,0x11d967,,,,,,,,DC01$,S-1-5-18,,,,,,,,,,,,,,,
2025-08-13T11:14:14.431933Z,4672,DC01.garfield.htb,Microsoft-Windows-Security-Auditing,Security,2425,0,,,,,,,,,,,,,,,,,,,,,,,,,,,,,,,,,,,,,,,,,,,,,,,,,,,,,,,,,,,,,,,,,,,,,,,,,,,,,,,,,,,,,,,,,,,,,,,,,,,,,,,,,,,,,,,,,"SeSecurityPrivilege
			SeBackupPrivilege
			SeRestorePrivilege
			SeTakeOwnershipPrivilege
			SeDebugPrivilege
			SeSystemEnvironmentPrivilege
			SeLoadDriverPrivilege
			SeImpersonatePrivilege
			SeDelegateSessionUserImpersonatePrivilege
			SeEnableDelegationPrivilege",,,,,,,,,,,,,,,,,,,,,,,,,,,,,,GARFIELD,0x11e1cf,,DC01$,S-1-5-18,,,,,,,,,,,,,,,,,,,,,,,,,,,,,
2025-08-13T11:14:14.432010Z,4624,DC01.garfield.htb,Microsoft-Windows-Security-Auditing,Security,2426,0,,,,,,,,,,,,,,,,,Kerberos,,,,,,,,,,,,,,,,,,,,,,,,%%1842,,,,,,,,,,,,,%%1840,::1,52997,,,,0,,,-,,,,,7F6CD027-4188-AB14-643A-6405C1017355,,Kerberos,3,,,,,,,,,,,,,,,,,,,,,,,,,,,,,,,,,,,,,,,,,,,,0x0,-,,,,,,,,,,-,,,,,,,,,,,,,,,,,-,0x0,,-,S-1-0-0,GARFIELD.HTB,,0x0,,0x11e1cf,,-,-,,,,,DC01$,S-1-5-18,,,,,-,,,,,,%%1843,,,-,
2025-08-13T11:14:14.434094Z,4769,DC01.garfield.htb,Microsoft-Windows-Security-Auditing,Security,2427,0,,,,,,,,,,,,,,,,,,,,,,,,,,,,,,,,,,,,,,,,,,,,,,,,,,,,,,,::1,0,,,,,,,,,,,,64A1F507-9BC0-E095-1244-342F5206D9E0,,,,,,,,,,,,,,,,,,,,,,,,,,,,,,,,,,,,,,,,,,,,,,,,,,,,,,,,,,,,,,,,DC01$,,S-1-5-21-2502726253-3859040611-225969357-1000,,,,0x0,,,,,,,,,,GARFIELD.HTB,,,,,,,,,,,,DC01$@GARFIELD.HTB,,,0x12,0x40800000,,-,,,,,,,,,,
2025-08-13T11:14:14.434382Z,4672,DC01.garfield.htb,Microsoft-Windows-Security-Auditing,Security,2428,0,,,,,,,,,,,,,,,,,,,,,,,,,,,,,,,,,,,,,,,,,,,,,,,,,,,,,,,,,,,,,,,,,,,,,,,,,,,,,,,,,,,,,,,,,,,,,,,,,,,,,,,,,,,,,,,,,"SeSecurityPrivilege
			SeBackupPrivilege
			SeRestorePrivilege
			SeTakeOwnershipPrivilege
			SeDebugPrivilege
			SeSystemEnvironmentPrivilege
			SeLoadDriverPrivilege
			SeImpersonatePrivilege
			SeDelegateSessionUserImpersonatePrivilege
			SeEnableDelegationPrivilege",,,,,,,,,,,,,,,,,,,,,,,,,,,,,,GARFIELD,0x11e20e,,DC01$,S-1-5-18,,,,,,,,,,,,,,,,,,,,,,,,,,,,,
2025-08-13T11:14:14.434567Z,4624,DC01.garfield.htb,Microsoft-Windows-Security-Auditing,Security,2429,0,,,,,,,,,,,,,,,,,Kerberos,,,,,,,,,,,,,,,,,,,,,,,,%%1842,,,,,,,,,,,,,%%1833,fe80::3892:f524:40b8:cd4a,52999,,,,0,,,-,,,,,94019D74-18D5-7BDD-4DAC-4B03B06DFC0E,,Kerberos,3,,,,,,,,,,,,,,,,,,,,,,,,,,,,,,,,,,,,,,,,,,,,0x0,-,,,,,,,,,,-,,,,,,,,,,,,,,,,,-,0x0,,-,S-1-0-0,GARFIELD.HTB,,0x0,,0x11e20e,,-,-,,,,,DC01$,S-1-5-18,,,,,-,,,,,,%%1843,,,-,
2025-08-13T11:14:14.435585Z,4662,DC01.garfield.htb,Microsoft-Windows-Security-Auditing,Security,2430,0,,"%%7680
				",0x1,,,"CN=0f403402-4f05-4d5c-9969-e689a9e10f1b,CN=Partitions,CN=Configuration,DC=garfield,DC=htb",%{52c5ee95-c576-412a-9718-9e705fd5786e},,,,,,,,,,,,,,,,,,,,,,,,,,,,,,,,,,,,,,,,0x0,,,,,,,,,,,,,,,,,,,,,,,,,,,,,,,,,,,,,,,,,,,,,%{cd4b3d5e-21ce-464d-9942-1077620c92fd},,DS,%{ef9e60e0-56f7-11d1-a9c6-0000f80367c1},,,,,,,Object Access,,,,,,,,,,,,,,,,"%%7680
	{bf967a8d-0de6-11d0-a285-00aa003049e2}
",,,,,,,,,,,,,,,,,,,,,,,,,GARFIELD,0x11e1cf,,DC01$,S-1-5-18,,,,,,,,,,,,,,,,,,,,,,,,,,,,,
2025-08-13T11:14:14.439444Z,4662,DC01.garfield.htb,Microsoft-Windows-Security-Auditing,Security,2431,0,,"%%7685
				",0x20,,,-,,,,,,,,,,,,,,,,,,,,,,,,,,,,,,,,,,,,,,,,,0x0,,,,,,,,,,,,,,,,,,,,,,,,,,,,,,,,,,,,,,,,,,,,,%{52c5ee95-c576-412a-9718-9e705fd5786e},,DS,%{bf967a8d-0de6-11d0-a285-00aa003049e2},,,,,,,Object Access,,,,,,,,,,,,,,,,"%%7685
		{771727b1-31b8-4cdf-ae62-4fe39fadf89e}
			{a8df73f2-c5ea-11d1-bbcb-0080c76670c0}
			{bf967959-0de6-11d0-a285-00aa003049e2}
			{97de9615-b537-46bc-ac0f-10720f3909f3}
			{4c51e316-f628-43a5-b06b-ffb695fcb4f3}
		{e48d0154-bcf8-11d1-8702-00c04fb96050}
			{e0fa1e62-9b45-11d0-afdd-00c04fd930c9}
	{bf967a8d-0de6-11d0-a285-00aa003049e2}
",,,,,,,,,,,,,,,,,,,,,,,,,GARFIELD,0x11e1cf,,DC01$,S-1-5-18,,,,,,,,,,,,,,,,,,,,,,,,,,,,,
2025-08-13T11:14:14.445754Z,4672,DC01.garfield.htb,Microsoft-Windows-Security-Auditing,Security,2432,0,,,,,,,,,,,,,,,,,,,,,,,,,,,,,,,,,,,,,,,,,,,,,,,,,,,,,,,,,,,,,,,,,,,,,,,,,,,,,,,,,,,,,,,,,,,,,,,,,,,,,,,,,,,,,,,,,"SeSecurityPrivilege
			SeBackupPrivilege
			SeRestorePrivilege
			SeTakeOwnershipPrivilege
			SeDebugPrivilege
			SeSystemEnvironmentPrivilege
			SeLoadDriverPrivilege
			SeImpersonatePrivilege
			SeDelegateSessionUserImpersonatePrivilege
			SeEnableDelegationPrivilege",,,,,,,,,,,,,,,,,,,,,,,,,,,,,,GARFIELD,0x11e26a,,DC01$,S-1-5-18,,,,,,,,,,,,,,,,,,,,,,,,,,,,,
2025-08-13T11:14:14.445829Z,4624,DC01.garfield.htb,Microsoft-Windows-Security-Auditing,Security,2433,0,,,,,,,,,,,,,,,,,Kerberos,,,,,,,,,,,,,,,,,,,,,,,,%%1842,,,,,,,,,,,,,%%1840,fe80::3892:f524:40b8:cd4a,53000,,,,0,,,-,,,,,7F6CD027-4188-AB14-643A-6405C1017355,,Kerberos,3,,,,,,,,,,,,,,,,,,,,,,,,,,,,,,,,,,,,,,,,,,,,0x0,-,,,,,,,,,,-,,,,,,,,,,,,,,,,,-,0x0,,-,S-1-0-0,GARFIELD.HTB,,0x0,,0x11e26a,,-,-,,,,,DC01$,S-1-5-18,,,,,-,,,,,,%%1843,,,-,
2025-08-13T11:14:14.446627Z,4662,DC01.garfield.htb,Microsoft-Windows-Security-Auditing,Security,2434,0,,"%%1539
				",0x40000,,,-,,,,,,,,,,,,,,,,,,,,,,,,,,,,,,,,,,,,,,,,,0x0,,,,,,,,,,,,,,,,,,,,,,,,,,,,,,,,,,,,,,,,,,,,,%{52c5ee95-c576-412a-9718-9e705fd5786e},,DS,%{bf967a8d-0de6-11d0-a285-00aa003049e2},,,,,,,Object Access,,,,,,,,,,,,,,,,"%%1539
	{bf967a8d-0de6-11d0-a285-00aa003049e2}
",,,,,,,,,,,,,,,,,,,,,,,,,GARFIELD,0x11e26a,,DC01$,S-1-5-18,,,,,,,,,,,,,,,,,,,,,,,,,,,,,
2025-08-13T11:14:14.447802Z,4634,DC01.garfield.htb,Microsoft-Windows-Security-Auditing,Security,2435,0,,,,,,,,,,,,,,,,,,,,,,,,,,,,,,,,,,,,,,,,,,,,,,,,,,,,,,,,,,,,,,,,,,,,,,,3,,,,,,,,,,,,,,,,,,,,,,,,,,,,,,,,,,,,,,,,,,,,,,,,,,,,,,,,,,,,,,,,,,,,,,,,,,,,,GARFIELD,,,,0x11e26a,,,,,,,,DC01$,S-1-5-18,,,,,,,,,,,,,,,
2025-08-13T11:14:14.448392Z,4634,DC01.garfield.htb,Microsoft-Windows-Security-Auditing,Security,2436,0,,,,,,,,,,,,,,,,,,,,,,,,,,,,,,,,,,,,,,,,,,,,,,,,,,,,,,,,,,,,,,,,,,,,,,,3,,,,,,,,,,,,,,,,,,,,,,,,,,,,,,,,,,,,,,,,,,,,,,,,,,,,,,,,,,,,,,,,,,,,,,,,,,,,,GARFIELD,,,,0x11e1cf,,,,,,,,DC01$,S-1-5-18,,,,,,,,,,,,,,,
2025-08-13T11:14:14.449363Z,4672,DC01.garfield.htb,Microsoft-Windows-Security-Auditing,Security,2437,0,,,,,,,,,,,,,,,,,,,,,,,,,,,,,,,,,,,,,,,,,,,,,,,,,,,,,,,,,,,,,,,,,,,,,,,,,,,,,,,,,,,,,,,,,,,,,,,,,,,,,,,,,,,,,,,,,"SeSecurityPrivilege
			SeBackupPrivilege
			SeRestorePrivilege
			SeTakeOwnershipPrivilege
			SeDebugPrivilege
			SeSystemEnvironmentPrivilege
			SeLoadDriverPrivilege
			SeImpersonatePrivilege
			SeDelegateSessionUserImpersonatePrivilege
			SeEnableDelegationPrivilege",,,,,,,,,,,,,,,,,,,,,,,,,,,,,,GARFIELD,0x11e2bf,,DC01$,S-1-5-18,,,,,,,,,,,,,,,,,,,,,,,,,,,,,
2025-08-13T11:14:14.449429Z,4624,DC01.garfield.htb,Microsoft-Windows-Security-Auditing,Security,2438,0,,,,,,,,,,,,,,,,,Kerberos,,,,,,,,,,,,,,,,,,,,,,,,%%1842,,,,,,,,,,,,,%%1840,::1,53001,,,,0,,,-,,,,,7F6CD027-4188-AB14-643A-6405C1017355,,Kerberos,3,,,,,,,,,,,,,,,,,,,,,,,,,,,,,,,,,,,,,,,,,,,,0x0,-,,,,,,,,,,-,,,,,,,,,,,,,,,,,-,0x0,,-,S-1-0-0,GARFIELD.HTB,,0x0,,0x11e2bf,,-,-,,,,,DC01$,S-1-5-18,,,,,-,,,,,,%%1843,,,-,
2025-08-13T11:14:14.450685Z,4662,DC01.garfield.htb,Microsoft-Windows-Security-Auditing,Security,2439,0,,"%%7680
				",0x1,,,"CN=25b86c8f-bde8-496f-a5c1-59529283607a,CN=Partitions,CN=Configuration,DC=garfield,DC=htb",%{b97d6886-907d-4b8c-8556-939bf9e1d4ef},,,,,,,,,,,,,,,,,,,,,,,,,,,,,,,,,,,,,,,,0x0,,,,,,,,,,,,,,,,,,,,,,,,,,,,,,,,,,,,,,,,,,,,,%{cd4b3d5e-21ce-464d-9942-1077620c92fd},,DS,%{ef9e60e0-56f7-11d1-a9c6-0000f80367c1},,,,,,,Object Access,,,,,,,,,,,,,,,,"%%7680
	{bf967a8d-0de6-11d0-a285-00aa003049e2}
",,,,,,,,,,,,,,,,,,,,,,,,,GARFIELD,0x11e2bf,,DC01$,S-1-5-18,,,,,,,,,,,,,,,,,,,,,,,,,,,,,
2025-08-13T11:14:14.452680Z,4662,DC01.garfield.htb,Microsoft-Windows-Security-Auditing,Security,2440,0,,"%%7685
				",0x20,,,-,,,,,,,,,,,,,,,,,,,,,,,,,,,,,,,,,,,,,,,,,0x0,,,,,,,,,,,,,,,,,,,,,,,,,,,,,,,,,,,,,,,,,,,,,%{b97d6886-907d-4b8c-8556-939bf9e1d4ef},,DS,%{bf967a8d-0de6-11d0-a285-00aa003049e2},,,,,,,Object Access,,,,,,,,,,,,,,,,"%%7685
		{771727b1-31b8-4cdf-ae62-4fe39fadf89e}
			{a8df73f2-c5ea-11d1-bbcb-0080c76670c0}
			{bf967959-0de6-11d0-a285-00aa003049e2}
			{97de9615-b537-46bc-ac0f-10720f3909f3}
			{4c51e316-f628-43a5-b06b-ffb695fcb4f3}
		{e48d0154-bcf8-11d1-8702-00c04fb96050}
			{e0fa1e62-9b45-11d0-afdd-00c04fd930c9}
	{bf967a8d-0de6-11d0-a285-00aa003049e2}
",,,,,,,,,,,,,,,,,,,,,,,,,GARFIELD,0x11e2bf,,DC01$,S-1-5-18,,,,,,,,,,,,,,,,,,,,,,,,,,,,,
2025-08-13T11:14:14.457712Z,4672,DC01.garfield.htb,Microsoft-Windows-Security-Auditing,Security,2441,0,,,,,,,,,,,,,,,,,,,,,,,,,,,,,,,,,,,,,,,,,,,,,,,,,,,,,,,,,,,,,,,,,,,,,,,,,,,,,,,,,,,,,,,,,,,,,,,,,,,,,,,,,,,,,,,,,"SeSecurityPrivilege
			SeBackupPrivilege
			SeRestorePrivilege
			SeTakeOwnershipPrivilege
			SeDebugPrivilege
			SeSystemEnvironmentPrivilege
			SeLoadDriverPrivilege
			SeImpersonatePrivilege
			SeDelegateSessionUserImpersonatePrivilege
			SeEnableDelegationPrivilege",,,,,,,,,,,,,,,,,,,,,,,,,,,,,,GARFIELD,0x11e326,,DC01$,S-1-5-18,,,,,,,,,,,,,,,,,,,,,,,,,,,,,
2025-08-13T11:14:14.457780Z,4624,DC01.garfield.htb,Microsoft-Windows-Security-Auditing,Security,2442,0,,,,,,,,,,,,,,,,,Kerberos,,,,,,,,,,,,,,,,,,,,,,,,%%1842,,,,,,,,,,,,,%%1840,fe80::3892:f524:40b8:cd4a,53003,,,,0,,,-,,,,,7F6CD027-4188-AB14-643A-6405C1017355,,Kerberos,3,,,,,,,,,,,,,,,,,,,,,,,,,,,,,,,,,,,,,,,,,,,,0x0,-,,,,,,,,,,-,,,,,,,,,,,,,,,,,-,0x0,,-,S-1-0-0,GARFIELD.HTB,,0x0,,0x11e326,,-,-,,,,,DC01$,S-1-5-18,,,,,-,,,,,,%%1843,,,-,
2025-08-13T11:14:14.458507Z,4662,DC01.garfield.htb,Microsoft-Windows-Security-Auditing,Security,2443,0,,"%%1539
				",0x40000,,,-,,,,,,,,,,,,,,,,,,,,,,,,,,,,,,,,,,,,,,,,,0x0,,,,,,,,,,,,,,,,,,,,,,,,,,,,,,,,,,,,,,,,,,,,,%{b97d6886-907d-4b8c-8556-939bf9e1d4ef},,DS,%{bf967a8d-0de6-11d0-a285-00aa003049e2},,,,,,,Object Access,,,,,,,,,,,,,,,,"%%1539
	{bf967a8d-0de6-11d0-a285-00aa003049e2}
",,,,,,,,,,,,,,,,,,,,,,,,,GARFIELD,0x11e326,,DC01$,S-1-5-18,,,,,,,,,,,,,,,,,,,,,,,,,,,,,
2025-08-13T11:14:14.459778Z,4634,DC01.garfield.htb,Microsoft-Windows-Security-Auditing,Security,2444,0,,,,,,,,,,,,,,,,,,,,,,,,,,,,,,,,,,,,,,,,,,,,,,,,,,,,,,,,,,,,,,,,,,,,,,,3,,,,,,,,,,,,,,,,,,,,,,,,,,,,,,,,,,,,,,,,,,,,,,,,,,,,,,,,,,,,,,,,,,,,,,,,,,,,,GARFIELD,,,,0x11e326,,,,,,,,DC01$,S-1-5-18,,,,,,,,,,,,,,,
2025-08-13T11:14:14.459807Z,4634,DC01.garfield.htb,Microsoft-Windows-Security-Auditing,Security,2445,0,,,,,,,,,,,,,,,,,,,,,,,,,,,,,,,,,,,,,,,,,,,,,,,,,,,,,,,,,,,,,,,,,,,,,,,3,,,,,,,,,,,,,,,,,,,,,,,,,,,,,,,,,,,,,,,,,,,,,,,,,,,,,,,,,,,,,,,,,,,,,,,,,,,,,GARFIELD,,,,0x11e2bf,,,,,,,,DC01$,S-1-5-18,,,,,,,,,,,,,,,
2025-08-13T11:14:14.472235Z,4662,DC01.garfield.htb,Microsoft-Windows-Security-Auditing,Security,2446,0,,"%%7680
				",0x1,,,"CN=DNS Settings,CN=DC01,CN=Servers,CN=Default-First-Site-Name,CN=Sites,CN=Configuration,DC=garfield,DC=htb",%{e335ce4d-936c-458c-9e01-06e55886d4db},,,,,,,,,,,,,,,,,,,,,,,,,,,,,,,,,,,,,,,,0x0,,,,,,,,,,,,,,,,,,,,,,,,,,,,,,,,,,,,,,,,,,,,,%{d30adf23-5395-4ebe-8027-d90823f5dec0},,DS,%{bf967a92-0de6-11d0-a285-00aa003049e2},,,,,,,Object Access,,,,,,,,,,,,,,,,"%%7680
	{ef2fc3ed-6e18-415b-99e4-3114a8cb124b}
",,,,,,,,,,,,,,,,,,,,,,,,,GARFIELD,0x42e30,,DC01$,S-1-5-18,,,,,,,,,,,,,,,,,,,,,,,,,,,,,
2025-08-13T11:14:14.475063Z,4672,DC01.garfield.htb,Microsoft-Windows-Security-Auditing,Security,2447,0,,,,,,,,,,,,,,,,,,,,,,,,,,,,,,,,,,,,,,,,,,,,,,,,,,,,,,,,,,,,,,,,,,,,,,,,,,,,,,,,,,,,,,,,,,,,,,,,,,,,,,,,,,,,,,,,,"SeSecurityPrivilege
			SeBackupPrivilege
			SeRestorePrivilege
			SeTakeOwnershipPrivilege
			SeDebugPrivilege
			SeSystemEnvironmentPrivilege
			SeLoadDriverPrivilege
			SeImpersonatePrivilege
			SeDelegateSessionUserImpersonatePrivilege
			SeEnableDelegationPrivilege",,,,,,,,,,,,,,,,,,,,,,,,,,,,,,GARFIELD,0x11e379,,DC01$,S-1-5-18,,,,,,,,,,,,,,,,,,,,,,,,,,,,,
2025-08-13T11:14:14.475262Z,4624,DC01.garfield.htb,Microsoft-Windows-Security-Auditing,Security,2448,0,,,,,,,,,,,,,,,,,Kerberos,,,,,,,,,,,,,,,,,,,,,,,,%%1842,,,,,,,,,,,,,%%1833,fe80::3892:f524:40b8:cd4a,53004,,,,0,,,-,,,,,7F6CD027-4188-AB14-643A-6405C1017355,,Kerberos,3,,,,,,,,,,,,,,,,,,,,,,,,,,,,,,,,,,,,,,,,,,,,0x0,-,,,,,,,,,,-,,,,,,,,,,,,,,,,,-,0x0,,-,S-1-0-0,GARFIELD.HTB,,0x0,,0x11e379,,-,-,,,,,DC01$,S-1-5-18,,,,,-,,,,,,%%1843,,,-,
2025-08-13T11:14:14.485406Z,4634,DC01.garfield.htb,Microsoft-Windows-Security-Auditing,Security,2449,0,,,,,,,,,,,,,,,,,,,,,,,,,,,,,,,,,,,,,,,,,,,,,,,,,,,,,,,,,,,,,,,,,,,,,,,3,,,,,,,,,,,,,,,,,,,,,,,,,,,,,,,,,,,,,,,,,,,,,,,,,,,,,,,,,,,,,,,,,,,,,,,,,,,,,GARFIELD,,,,0x5ebab,,,,,,,,DC01$,S-1-5-18,,,,,,,,,,,,,,,
2025-08-13T11:14:14.485675Z,4672,DC01.garfield.htb,Microsoft-Windows-Security-Auditing,Security,2450,0,,,,,,,,,,,,,,,,,,,,,,,,,,,,,,,,,,,,,,,,,,,,,,,,,,,,,,,,,,,,,,,,,,,,,,,,,,,,,,,,,,,,,,,,,,,,,,,,,,,,,,,,,,,,,,,,,"SeSecurityPrivilege
			SeBackupPrivilege
			SeRestorePrivilege
			SeTakeOwnershipPrivilege
			SeDebugPrivilege
			SeSystemEnvironmentPrivilege
			SeLoadDriverPrivilege
			SeImpersonatePrivilege
			SeDelegateSessionUserImpersonatePrivilege
			SeEnableDelegationPrivilege",,,,,,,,,,,,,,,,,,,,,,,,,,,,,,GARFIELD,0x11e61c,,DC01$,S-1-5-18,,,,,,,,,,,,,,,,,,,,,,,,,,,,,
2025-08-13T11:14:14.485751Z,4624,DC01.garfield.htb,Microsoft-Windows-Security-Auditing,Security,2451,0,,,,,,,,,,,,,,,,,Kerberos,,,,,,,,,,,,,,,,,,,,,,,,%%1842,,,,,,,,,,,,,%%1840,-,-,,,,0,,,-,,,,,7F6CD027-4188-AB14-643A-6405C1017355,,Kerberos,3,,,,,,,,,,,,,,,,,,,,,,,,,,,,,,,,,,,,,,,,,,,,0x0,-,,,,,,,,,,-,,,,,,,,,,,,,,,,,-,0x0,,-,S-1-0-0,GARFIELD.HTB,,0x0,,0x11e61c,,-,-,,,,,DC01$,S-1-5-18,,,,,-,,,,,,%%1843,,,-,
2025-08-13T11:14:14.492114Z,4672,DC01.garfield.htb,Microsoft-Windows-Security-Auditing,Security,2452,0,,,,,,,,,,,,,,,,,,,,,,,,,,,,,,,,,,,,,,,,,,,,,,,,,,,,,,,,,,,,,,,,,,,,,,,,,,,,,,,,,,,,,,,,,,,,,,,,,,,,,,,,,,,,,,,,,"SeSecurityPrivilege
			SeBackupPrivilege
			SeRestorePrivilege
			SeTakeOwnershipPrivilege
			SeDebugPrivilege
			SeSystemEnvironmentPrivilege
			SeLoadDriverPrivilege
			SeImpersonatePrivilege
			SeDelegateSessionUserImpersonatePrivilege
			SeEnableDelegationPrivilege",,,,,,,,,,,,,,,,,,,,,,,,,,,,,,GARFIELD,0x11e6a2,,DC01$,S-1-5-18,,,,,,,,,,,,,,,,,,,,,,,,,,,,,
2025-08-13T11:14:14.492180Z,4624,DC01.garfield.htb,Microsoft-Windows-Security-Auditing,Security,2453,0,,,,,,,,,,,,,,,,,Kerberos,,,,,,,,,,,,,,,,,,,,,,,,%%1842,,,,,,,,,,,,,%%1840,-,-,,,,0,,,-,,,,,7F6CD027-4188-AB14-643A-6405C1017355,,Kerberos,3,,,,,,,,,,,,,,,,,,,,,,,,,,,,,,,,,,,,,,,,,,,,0x0,-,,,,,,,,,,-,,,,,,,,,,,,,,,,,-,0x0,,-,S-1-0-0,GARFIELD.HTB,,0x0,,0x11e6a2,,-,-,,,,,DC01$,S-1-5-18,,,,,-,,,,,,%%1843,,,-,
2025-08-13T11:14:14.498004Z,4672,DC01.garfield.htb,Microsoft-Windows-Security-Auditing,Security,2454,0,,,,,,,,,,,,,,,,,,,,,,,,,,,,,,,,,,,,,,,,,,,,,,,,,,,,,,,,,,,,,,,,,,,,,,,,,,,,,,,,,,,,,,,,,,,,,,,,,,,,,,,,,,,,,,,,,"SeSecurityPrivilege
			SeBackupPrivilege
			SeRestorePrivilege
			SeTakeOwnershipPrivilege
			SeDebugPrivilege
			SeSystemEnvironmentPrivilege
			SeLoadDriverPrivilege
			SeImpersonatePrivilege
			SeDelegateSessionUserImpersonatePrivilege
			SeEnableDelegationPrivilege",,,,,,,,,,,,,,,,,,,,,,,,,,,,,,GARFIELD,0x11e728,,DC01$,S-1-5-18,,,,,,,,,,,,,,,,,,,,,,,,,,,,,
2025-08-13T11:14:14.498080Z,4624,DC01.garfield.htb,Microsoft-Windows-Security-Auditing,Security,2455,0,,,,,,,,,,,,,,,,,Kerberos,,,,,,,,,,,,,,,,,,,,,,,,%%1842,,,,,,,,,,,,,%%1840,-,-,,,,0,,,-,,,,,7F6CD027-4188-AB14-643A-6405C1017355,,Kerberos,3,,,,,,,,,,,,,,,,,,,,,,,,,,,,,,,,,,,,,,,,,,,,0x0,-,,,,,,,,,,-,,,,,,,,,,,,,,,,,-,0x0,,-,S-1-0-0,GARFIELD.HTB,,0x0,,0x11e728,,-,-,,,,,DC01$,S-1-5-18,,,,,-,,,,,,%%1843,,,-,
2025-08-13T11:14:14.503784Z,4672,DC01.garfield.htb,Microsoft-Windows-Security-Auditing,Security,2456,0,,,,,,,,,,,,,,,,,,,,,,,,,,,,,,,,,,,,,,,,,,,,,,,,,,,,,,,,,,,,,,,,,,,,,,,,,,,,,,,,,,,,,,,,,,,,,,,,,,,,,,,,,,,,,,,,,"SeSecurityPrivilege
			SeBackupPrivilege
			SeRestorePrivilege
			SeTakeOwnershipPrivilege
			SeDebugPrivilege
			SeSystemEnvironmentPrivilege
			SeLoadDriverPrivilege
			SeImpersonatePrivilege
			SeDelegateSessionUserImpersonatePrivilege
			SeEnableDelegationPrivilege",,,,,,,,,,,,,,,,,,,,,,,,,,,,,,GARFIELD,0x11e7ae,,DC01$,S-1-5-18,,,,,,,,,,,,,,,,,,,,,,,,,,,,,
2025-08-13T11:14:14.503857Z,4624,DC01.garfield.htb,Microsoft-Windows-Security-Auditing,Security,2457,0,,,,,,,,,,,,,,,,,Kerberos,,,,,,,,,,,,,,,,,,,,,,,,%%1842,,,,,,,,,,,,,%%1840,-,-,,,,0,,,-,,,,,7F6CD027-4188-AB14-643A-6405C1017355,,Kerberos,3,,,,,,,,,,,,,,,,,,,,,,,,,,,,,,,,,,,,,,,,,,,,0x0,-,,,,,,,,,,-,,,,,,,,,,,,,,,,,-,0x0,,-,S-1-0-0,GARFIELD.HTB,,0x0,,0x11e7ae,,-,-,,,,,DC01$,S-1-5-18,,,,,-,,,,,,%%1843,,,-,
2025-08-13T11:14:14.509654Z,4672,DC01.garfield.htb,Microsoft-Windows-Security-Auditing,Security,2458,0,,,,,,,,,,,,,,,,,,,,,,,,,,,,,,,,,,,,,,,,,,,,,,,,,,,,,,,,,,,,,,,,,,,,,,,,,,,,,,,,,,,,,,,,,,,,,,,,,,,,,,,,,,,,,,,,,"SeSecurityPrivilege
			SeBackupPrivilege
			SeRestorePrivilege
			SeTakeOwnershipPrivilege
			SeDebugPrivilege
			SeSystemEnvironmentPrivilege
			SeLoadDriverPrivilege
			SeImpersonatePrivilege
			SeDelegateSessionUserImpersonatePrivilege
			SeEnableDelegationPrivilege",,,,,,,,,,,,,,,,,,,,,,,,,,,,,,GARFIELD,0x11e834,,DC01$,S-1-5-18,,,,,,,,,,,,,,,,,,,,,,,,,,,,,
2025-08-13T11:14:14.509727Z,4624,DC01.garfield.htb,Microsoft-Windows-Security-Auditing,Security,2459,0,,,,,,,,,,,,,,,,,Kerberos,,,,,,,,,,,,,,,,,,,,,,,,%%1842,,,,,,,,,,,,,%%1840,-,-,,,,0,,,-,,,,,7F6CD027-4188-AB14-643A-6405C1017355,,Kerberos,3,,,,,,,,,,,,,,,,,,,,,,,,,,,,,,,,,,,,,,,,,,,,0x0,-,,,,,,,,,,-,,,,,,,,,,,,,,,,,-,0x0,,-,S-1-0-0,GARFIELD.HTB,,0x0,,0x11e834,,-,-,,,,,DC01$,S-1-5-18,,,,,-,,,,,,%%1843,,,-,
2025-08-13T11:14:14.515331Z,4672,DC01.garfield.htb,Microsoft-Windows-Security-Auditing,Security,2460,0,,,,,,,,,,,,,,,,,,,,,,,,,,,,,,,,,,,,,,,,,,,,,,,,,,,,,,,,,,,,,,,,,,,,,,,,,,,,,,,,,,,,,,,,,,,,,,,,,,,,,,,,,,,,,,,,,"SeSecurityPrivilege
			SeBackupPrivilege
			SeRestorePrivilege
			SeTakeOwnershipPrivilege
			SeDebugPrivilege
			SeSystemEnvironmentPrivilege
			SeLoadDriverPrivilege
			SeImpersonatePrivilege
			SeDelegateSessionUserImpersonatePrivilege
			SeEnableDelegationPrivilege",,,,,,,,,,,,,,,,,,,,,,,,,,,,,,GARFIELD,0x11e8ba,,DC01$,S-1-5-18,,,,,,,,,,,,,,,,,,,,,,,,,,,,,
2025-08-13T11:14:14.515397Z,4624,DC01.garfield.htb,Microsoft-Windows-Security-Auditing,Security,2461,0,,,,,,,,,,,,,,,,,Kerberos,,,,,,,,,,,,,,,,,,,,,,,,%%1842,,,,,,,,,,,,,%%1840,-,-,,,,0,,,-,,,,,7F6CD027-4188-AB14-643A-6405C1017355,,Kerberos,3,,,,,,,,,,,,,,,,,,,,,,,,,,,,,,,,,,,,,,,,,,,,0x0,-,,,,,,,,,,-,,,,,,,,,,,,,,,,,-,0x0,,-,S-1-0-0,GARFIELD.HTB,,0x0,,0x11e8ba,,-,-,,,,,DC01$,S-1-5-18,,,,,-,,,,,,%%1843,,,-,
2025-08-13T11:14:14.755934Z,4672,DC01.garfield.htb,Microsoft-Windows-Security-Auditing,Security,2462,0,,,,,,,,,,,,,,,,,,,,,,,,,,,,,,,,,,,,,,,,,,,,,,,,,,,,,,,,,,,,,,,,,,,,,,,,,,,,,,,,,,,,,,,,,,,,,,,,,,,,,,,,,,,,,,,,,"SeSecurityPrivilege
			SeBackupPrivilege
			SeRestorePrivilege
			SeTakeOwnershipPrivilege
			SeDebugPrivilege
			SeSystemEnvironmentPrivilege
			SeLoadDriverPrivilege
			SeImpersonatePrivilege
			SeDelegateSessionUserImpersonatePrivilege
			SeEnableDelegationPrivilege",,,,,,,,,,,,,,,,,,,,,,,,,,,,,,GARFIELD,0x11e951,,DC01$,S-1-5-18,,,,,,,,,,,,,,,,,,,,,,,,,,,,,
2025-08-13T11:14:14.756015Z,4624,DC01.garfield.htb,Microsoft-Windows-Security-Auditing,Security,2463,0,,,,,,,,,,,,,,,,,Kerberos,,,,,,,,,,,,,,,,,,,,,,,,%%1842,,,,,,,,,,,,,%%1833,::1,51281,,,,0,,,-,,,,,7F6CD027-4188-AB14-643A-6405C1017355,,Kerberos,3,,,,,,,,,,,,,,,,,,,,,,,,,,,,,,,,,,,,,,,,,,,,0x0,-,,,,,,,,,,-,,,,,,,,,,,,,,,,,-,0x0,,-,S-1-0-0,GARFIELD.HTB,,0x0,,0x11e951,,-,-,,,,,DC01$,S-1-5-18,,,,,-,,,,,,%%1843,,,-,
2025-08-13T11:14:14.762206Z,4634,DC01.garfield.htb,Microsoft-Windows-Security-Auditing,Security,2464,0,,,,,,,,,,,,,,,,,,,,,,,,,,,,,,,,,,,,,,,,,,,,,,,,,,,,,,,,,,,,,,,,,,,,,,,3,,,,,,,,,,,,,,,,,,,,,,,,,,,,,,,,,,,,,,,,,,,,,,,,,,,,,,,,,,,,,,,,,,,,,,,,,,,,,GARFIELD,,,,0x11e951,,,,,,,,DC01$,S-1-5-18,,,,,,,,,,,,,,,
2025-08-13T11:14:14.817266Z,4672,DC01.garfield.htb,Microsoft-Windows-Security-Auditing,Security,2465,0,,,,,,,,,,,,,,,,,,,,,,,,,,,,,,,,,,,,,,,,,,,,,,,,,,,,,,,,,,,,,,,,,,,,,,,,,,,,,,,,,,,,,,,,,,,,,,,,,,,,,,,,,,,,,,,,,"SeSecurityPrivilege
			SeBackupPrivilege
			SeRestorePrivilege
			SeTakeOwnershipPrivilege
			SeDebugPrivilege
			SeSystemEnvironmentPrivilege
			SeLoadDriverPrivilege
			SeImpersonatePrivilege
			SeDelegateSessionUserImpersonatePrivilege
			SeEnableDelegationPrivilege",,,,,,,,,,,,,,,,,,,,,,,,,,,,,,GARFIELD,0x11e9f2,,DC01$,S-1-5-18,,,,,,,,,,,,,,,,,,,,,,,,,,,,,
2025-08-13T11:14:14.817322Z,4624,DC01.garfield.htb,Microsoft-Windows-Security-Auditing,Security,2466,0,,,,,,,,,,,,,,,,,Kerberos,,,,,,,,,,,,,,,,,,,,,,,,%%1842,,,,,,,,,,,,,%%1833,::1,51282,,,,0,,,-,,,,,7F6CD027-4188-AB14-643A-6405C1017355,,Kerberos,3,,,,,,,,,,,,,,,,,,,,,,,,,,,,,,,,,,,,,,,,,,,,0x0,-,,,,,,,,,,-,,,,,,,,,,,,,,,,,-,0x0,,-,S-1-0-0,GARFIELD.HTB,,0x0,,0x11e9f2,,-,-,,,,,DC01$,S-1-5-18,,,,,-,,,,,,%%1843,,,-,
2025-08-13T11:14:14.822365Z,4634,DC01.garfield.htb,Microsoft-Windows-Security-Auditing,Security,2467,0,,,,,,,,,,,,,,,,,,,,,,,,,,,,,,,,,,,,,,,,,,,,,,,,,,,,,,,,,,,,,,,,,,,,,,,3,,,,,,,,,,,,,,,,,,,,,,,,,,,,,,,,,,,,,,,,,,,,,,,,,,,,,,,,,,,,,,,,,,,,,,,,,,,,,GARFIELD,,,,0x11e9f2,,,,,,,,DC01$,S-1-5-18,,,,,,,,,,,,,,,
2025-08-13T11:14:14.824384Z,4672,DC01.garfield.htb,Microsoft-Windows-Security-Auditing,Security,2468,0,,,,,,,,,,,,,,,,,,,,,,,,,,,,,,,,,,,,,,,,,,,,,,,,,,,,,,,,,,,,,,,,,,,,,,,,,,,,,,,,,,,,,,,,,,,,,,,,,,,,,,,,,,,,,,,,,"SeSecurityPrivilege
			SeBackupPrivilege
			SeRestorePrivilege
			SeTakeOwnershipPrivilege
			SeDebugPrivilege
			SeSystemEnvironmentPrivilege
			SeLoadDriverPrivilege
			SeImpersonatePrivilege
			SeDelegateSessionUserImpersonatePrivilege
			SeEnableDelegationPrivilege",,,,,,,,,,,,,,,,,,,,,,,,,,,,,,GARFIELD,0x11ea79,,DC01$,S-1-5-18,,,,,,,,,,,,,,,,,,,,,,,,,,,,,
2025-08-13T11:14:14.824434Z,4624,DC01.garfield.htb,Microsoft-Windows-Security-Auditing,Security,2469,0,,,,,,,,,,,,,,,,,Kerberos,,,,,,,,,,,,,,,,,,,,,,,,%%1842,,,,,,,,,,,,,%%1833,::1,51283,,,,0,,,-,,,,,7F6CD027-4188-AB14-643A-6405C1017355,,Kerberos,3,,,,,,,,,,,,,,,,,,,,,,,,,,,,,,,,,,,,,,,,,,,,0x0,-,,,,,,,,,,-,,,,,,,,,,,,,,,,,-,0x0,,-,S-1-0-0,GARFIELD.HTB,,0x0,,0x11ea79,,-,-,,,,,DC01$,S-1-5-18,,,,,-,,,,,,%%1843,,,-,
2025-08-13T11:14:14.851275Z,4634,DC01.garfield.htb,Microsoft-Windows-Security-Auditing,Security,2470,0,,,,,,,,,,,,,,,,,,,,,,,,,,,,,,,,,,,,,,,,,,,,,,,,,,,,,,,,,,,,,,,,,,,,,,,3,,,,,,,,,,,,,,,,,,,,,,,,,,,,,,,,,,,,,,,,,,,,,,,,,,,,,,,,,,,,,,,,,,,,,,,,,,,,,GARFIELD,,,,0x11ea79,,,,,,,,DC01$,S-1-5-18,,,,,,,,,,,,,,,
2025-08-13T11:15:02.291922Z,5379,DC01.garfield.htb,Microsoft-Windows-Security-Auditing,Security,2471,0,,,,,,,,,,,,,,,,,,,,,,,,,5484,,,,1,,,,,,,,,,,,,,,,,,,,,,,,,,,,,,,,,,,,,,,,,,,,,,,,,,,,,,,,,,,,,,,,,,,,,,,,,,,,,,,,,,,,,2025-08-13T11:15:00.349163Z,,,,,,,,%%8099,,,,,3221226021,,,,,,,,,,,,,,,,GARFIELD,0x5ce30,,Administrator,S-1-5-21-2502726253-3859040611-225969357-500,,,,,,HyperVManager/DC01.garfield.htb,,,,,,,,,,,,,,1,,,,,,,,,
2025-08-13T11:15:05.255801Z,4672,DC01.garfield.htb,Microsoft-Windows-Security-Auditing,Security,2472,0,,,,,,,,,,,,,,,,,,,,,,,,,,,,,,,,,,,,,,,,,,,,,,,,,,,,,,,,,,,,,,,,,,,,,,,,,,,,,,,,,,,,,,,,,,,,,,,,,,,,,,,,,,,,,,,,,"SeSecurityPrivilege
			SeBackupPrivilege
			SeRestorePrivilege
			SeTakeOwnershipPrivilege
			SeDebugPrivilege
			SeSystemEnvironmentPrivilege
			SeLoadDriverPrivilege
			SeImpersonatePrivilege
			SeDelegateSessionUserImpersonatePrivilege
			SeEnableDelegationPrivilege",,,,,,,,,,,,,,,,,,,,,,,,,,,,,,GARFIELD,0x125a6f,,DC01$,S-1-5-18,,,,,,,,,,,,,,,,,,,,,,,,,,,,,
2025-08-13T11:15:05.255872Z,4624,DC01.garfield.htb,Microsoft-Windows-Security-Auditing,Security,2473,0,,,,,,,,,,,,,,,,,Kerberos,,,,,,,,,,,,,,,,,,,,,,,,%%1842,,,,,,,,,,,,,%%1833,::1,51286,,,,0,,,-,,,,,7F6CD027-4188-AB14-643A-6405C1017355,,Kerberos,3,,,,,,,,,,,,,,,,,,,,,,,,,,,,,,,,,,,,,,,,,,,,0x0,-,,,,,,,,,,-,,,,,,,,,,,,,,,,,-,0x0,,-,S-1-0-0,GARFIELD.HTB,,0x0,,0x125a6f,,-,-,,,,,DC01$,S-1-5-18,,,,,-,,,,,,%%1843,,,-,
2025-08-13T11:15:05.256518Z,4634,DC01.garfield.htb,Microsoft-Windows-Security-Auditing,Security,2474,0,,,,,,,,,,,,,,,,,,,,,,,,,,,,,,,,,,,,,,,,,,,,,,,,,,,,,,,,,,,,,,,,,,,,,,,3,,,,,,,,,,,,,,,,,,,,,,,,,,,,,,,,,,,,,,,,,,,,,,,,,,,,,,,,,,,,,,,,,,,,,,,,,,,,,GARFIELD,,,,0x125a6f,,,,,,,,DC01$,S-1-5-18,,,,,,,,,,,,,,,
2025-08-13T11:15:06.367711Z,4672,DC01.garfield.htb,Microsoft-Windows-Security-Auditing,Security,2475,0,,,,,,,,,,,,,,,,,,,,,,,,,,,,,,,,,,,,,,,,,,,,,,,,,,,,,,,,,,,,,,,,,,,,,,,,,,,,,,,,,,,,,,,,,,,,,,,,,,,,,,,,,,,,,,,,,"SeSecurityPrivilege
			SeBackupPrivilege
			SeRestorePrivilege
			SeTakeOwnershipPrivilege
			SeDebugPrivilege
			SeSystemEnvironmentPrivilege
			SeLoadDriverPrivilege
			SeImpersonatePrivilege
			SeDelegateSessionUserImpersonatePrivilege
			SeEnableDelegationPrivilege",,,,,,,,,,,,,,,,,,,,,,,,,,,,,,GARFIELD,0x125d1d,,DC01$,S-1-5-18,,,,,,,,,,,,,,,,,,,,,,,,,,,,,
2025-08-13T11:15:06.367788Z,4624,DC01.garfield.htb,Microsoft-Windows-Security-Auditing,Security,2476,0,,,,,,,,,,,,,,,,,Kerberos,,,,,,,,,,,,,,,,,,,,,,,,%%1842,,,,,,,,,,,,,%%1840,fe80::3892:f524:40b8:cd4a,51287,,,,0,,,-,,,,,7F6CD027-4188-AB14-643A-6405C1017355,,Kerberos,3,,,,,,,,,,,,,,,,,,,,,,,,,,,,,,,,,,,,,,,,,,,,0x0,-,,,,,,,,,,-,,,,,,,,,,,,,,,,,-,0x0,,-,S-1-0-0,GARFIELD.HTB,,0x0,,0x125d1d,,-,-,,,,,DC01$,S-1-5-18,,,,,-,,,,,,%%1843,,,-,
2025-08-13T11:15:06.368239Z,4634,DC01.garfield.htb,Microsoft-Windows-Security-Auditing,Security,2477,0,,,,,,,,,,,,,,,,,,,,,,,,,,,,,,,,,,,,,,,,,,,,,,,,,,,,,,,,,,,,,,,,,,,,,,,3,,,,,,,,,,,,,,,,,,,,,,,,,,,,,,,,,,,,,,,,,,,,,,,,,,,,,,,,,,,,,,,,,,,,,,,,,,,,,GARFIELD,,,,0x125d1d,,,,,,,,DC01$,S-1-5-18,,,,,,,,,,,,,,,
2025-08-13T11:15:25.848017Z,4624,DC01.garfield.htb,Microsoft-Windows-Security-Auditing,Security,2478,0,,,,,,,,,,,,,,,,,Negotiate,,,,,,,,,,,,,,,,,,,,,,,,%%1842,,,,,,,,,,,,,%%1833,-,-,,,,0,,,-,,,,,00000000-0000-0000-0000-000000000000,,Advapi  ,5,,,,,,,,,,,,,,,,,,,,,,,,,,,,,,,,,,,,,,,,,,,,0x2d0,C:\Windows\System32\services.exe,,,,,,,,,,-,,,,,,,,,,,,,,,,,GARFIELD,0x3e7,,DC01$,S-1-5-18,NT AUTHORITY,,0x0,,0x3e7,,-,-,,,,,SYSTEM,S-1-5-18,,,,,-,,,,,,%%1843,,,-,
2025-08-13T11:15:25.848023Z,4672,DC01.garfield.htb,Microsoft-Windows-Security-Auditing,Security,2479,0,,,,,,,,,,,,,,,,,,,,,,,,,,,,,,,,,,,,,,,,,,,,,,,,,,,,,,,,,,,,,,,,,,,,,,,,,,,,,,,,,,,,,,,,,,,,,,,,,,,,,,,,,,,,,,,,,"SeAssignPrimaryTokenPrivilege
			SeTcbPrivilege
			SeSecurityPrivilege
			SeTakeOwnershipPrivilege
			SeLoadDriverPrivilege
			SeBackupPrivilege
			SeRestorePrivilege
			SeDebugPrivilege
			SeAuditPrivilege
			SeSystemEnvironmentPrivilege
			SeImpersonatePrivilege
			SeDelegateSessionUserImpersonatePrivilege",,,,,,,,,,,,,,,,,,,,,,,,,,,,,,NT AUTHORITY,0x3e7,,SYSTEM,S-1-5-18,,,,,,,,,,,,,,,,,,,,,,,,,,,,,
2025-08-13T11:15:26.013820Z,4624,DC01.garfield.htb,Microsoft-Windows-Security-Auditing,Security,2480,0,,,,,,,,,,,,,,,,,Negotiate,,,,,,,,,,,,,,,,,,,,,,,,%%1842,,,,,,,,,,,,,%%1833,-,-,,,,0,,,-,,,,,00000000-0000-0000-0000-000000000000,,Advapi  ,5,,,,,,,,,,,,,,,,,,,,,,,,,,,,,,,,,,,,,,,,,,,,0x2d0,C:\Windows\System32\services.exe,,,,,,,,,,-,,,,,,,,,,,,,,,,,GARFIELD,0x3e7,,DC01$,S-1-5-18,NT AUTHORITY,,0x0,,0x3e7,,-,-,,,,,SYSTEM,S-1-5-18,,,,,-,,,,,,%%1843,,,-,
2025-08-13T11:15:26.013825Z,4672,DC01.garfield.htb,Microsoft-Windows-Security-Auditing,Security,2481,0,,,,,,,,,,,,,,,,,,,,,,,,,,,,,,,,,,,,,,,,,,,,,,,,,,,,,,,,,,,,,,,,,,,,,,,,,,,,,,,,,,,,,,,,,,,,,,,,,,,,,,,,,,,,,,,,,"SeAssignPrimaryTokenPrivilege
			SeTcbPrivilege
			SeSecurityPrivilege
			SeTakeOwnershipPrivilege
			SeLoadDriverPrivilege
			SeBackupPrivilege
			SeRestorePrivilege
			SeDebugPrivilege
			SeAuditPrivilege
			SeSystemEnvironmentPrivilege
			SeImpersonatePrivilege
			SeDelegateSessionUserImpersonatePrivilege",,,,,,,,,,,,,,,,,,,,,,,,,,,,,,NT AUTHORITY,0x3e7,,SYSTEM,S-1-5-18,,,,,,,,,,,,,,,,,,,,,,,,,,,,,
2025-08-13T11:15:41.632396Z,4624,DC01.garfield.htb,Microsoft-Windows-Security-Auditing,Security,2482,0,,,,,,,,,,,,,,,,,Negotiate,,,,,,,,,,,,,,,,,,,,,,,,%%1842,,,,,,,,,,,,,%%1833,-,-,,,,0,,,-,,,,,00000000-0000-0000-0000-000000000000,,Advapi  ,5,,,,,,,,,,,,,,,,,,,,,,,,,,,,,,,,,,,,,,,,,,,,0x2d0,C:\Windows\System32\services.exe,,,,,,,,,,-,,,,,,,,,,,,,,,,,GARFIELD,0x3e7,,DC01$,S-1-5-18,NT AUTHORITY,,0x0,,0x3e7,,-,-,,,,,SYSTEM,S-1-5-18,,,,,-,,,,,,%%1843,,,-,
2025-08-13T11:15:41.632402Z,4672,DC01.garfield.htb,Microsoft-Windows-Security-Auditing,Security,2483,0,,,,,,,,,,,,,,,,,,,,,,,,,,,,,,,,,,,,,,,,,,,,,,,,,,,,,,,,,,,,,,,,,,,,,,,,,,,,,,,,,,,,,,,,,,,,,,,,,,,,,,,,,,,,,,,,,"SeAssignPrimaryTokenPrivilege
			SeTcbPrivilege
			SeSecurityPrivilege
			SeTakeOwnershipPrivilege
			SeLoadDriverPrivilege
			SeBackupPrivilege
			SeRestorePrivilege
			SeDebugPrivilege
			SeAuditPrivilege
			SeSystemEnvironmentPrivilege
			SeImpersonatePrivilege
			SeDelegateSessionUserImpersonatePrivilege",,,,,,,,,,,,,,,,,,,,,,,,,,,,,,NT AUTHORITY,0x3e7,,SYSTEM,S-1-5-18,,,,,,,,,,,,,,,,,,,,,,,,,,,,,
2025-08-13T11:15:41.655956Z,4624,DC01.garfield.htb,Microsoft-Windows-Security-Auditing,Security,2484,0,,,,,,,,,,,,,,,,,Negotiate,,,,,,,,,,,,,,,,,,,,,,,,%%1842,,,,,,,,,,,,,%%1833,-,-,,,,0,,,-,,,,,00000000-0000-0000-0000-000000000000,,Advapi  ,5,,,,,,,,,,,,,,,,,,,,,,,,,,,,,,,,,,,,,,,,,,,,0x2d0,C:\Windows\System32\services.exe,,,,,,,,,,-,,,,,,,,,,,,,,,,,GARFIELD,0x3e7,,DC01$,S-1-5-18,NT AUTHORITY,,0x0,,0x3e7,,-,-,,,,,SYSTEM,S-1-5-18,,,,,-,,,,,,%%1843,,,-,
2025-08-13T11:15:41.655961Z,4672,DC01.garfield.htb,Microsoft-Windows-Security-Auditing,Security,2485,0,,,,,,,,,,,,,,,,,,,,,,,,,,,,,,,,,,,,,,,,,,,,,,,,,,,,,,,,,,,,,,,,,,,,,,,,,,,,,,,,,,,,,,,,,,,,,,,,,,,,,,,,,,,,,,,,,"SeAssignPrimaryTokenPrivilege
			SeTcbPrivilege
			SeSecurityPrivilege
			SeTakeOwnershipPrivilege
			SeLoadDriverPrivilege
			SeBackupPrivilege
			SeRestorePrivilege
			SeDebugPrivilege
			SeAuditPrivilege
			SeSystemEnvironmentPrivilege
			SeImpersonatePrivilege
			SeDelegateSessionUserImpersonatePrivilege",,,,,,,,,,,,,,,,,,,,,,,,,,,,,,NT AUTHORITY,0x3e7,,SYSTEM,S-1-5-18,,,,,,,,,,,,,,,,,,,,,,,,,,,,,
2025-08-13T11:15:41.669201Z,4624,DC01.garfield.htb,Microsoft-Windows-Security-Auditing,Security,2486,0,,,,,,,,,,,,,,,,,Negotiate,,,,,,,,,,,,,,,,,,,,,,,,%%1842,,,,,,,,,,,,,%%1833,-,-,,,,0,,,-,,,,,00000000-0000-0000-0000-000000000000,,Advapi  ,5,,,,,,,,,,,,,,,,,,,,,,,,,,,,,,,,,,,,,,,,,,,,0x2d0,C:\Windows\System32\services.exe,,,,,,,,,,-,,,,,,,,,,,,,,,,,GARFIELD,0x3e7,,DC01$,S-1-5-18,NT AUTHORITY,,0x0,,0x3e7,,-,-,,,,,SYSTEM,S-1-5-18,,,,,-,,,,,,%%1843,,,-,
2025-08-13T11:15:41.669205Z,4672,DC01.garfield.htb,Microsoft-Windows-Security-Auditing,Security,2487,0,,,,,,,,,,,,,,,,,,,,,,,,,,,,,,,,,,,,,,,,,,,,,,,,,,,,,,,,,,,,,,,,,,,,,,,,,,,,,,,,,,,,,,,,,,,,,,,,,,,,,,,,,,,,,,,,,"SeAssignPrimaryTokenPrivilege
			SeTcbPrivilege
			SeSecurityPrivilege
			SeTakeOwnershipPrivilege
			SeLoadDriverPrivilege
			SeBackupPrivilege
			SeRestorePrivilege
			SeDebugPrivilege
			SeAuditPrivilege
			SeSystemEnvironmentPrivilege
			SeImpersonatePrivilege
			SeDelegateSessionUserImpersonatePrivilege",,,,,,,,,,,,,,,,,,,,,,,,,,,,,,NT AUTHORITY,0x3e7,,SYSTEM,S-1-5-18,,,,,,,,,,,,,,,,,,,,,,,,,,,,,
2025-08-13T11:15:42.232508Z,4768,DC01.garfield.htb,Microsoft-Windows-Security-Auditing,Security,2488,0,,,,,,,,,,,,,,,,,,,,,,,,,,,,,,,,,,,,,,,,,,,,,,,,,,,,,,,::1,0,,,,,,,,,,,,,,,,,,,,,,,,,,,,,,,,,,,,,,,,,,,,,,,,,,,,,,2,,,,,,,,,,,,,,,,,,,,,,krbtgt,,S-1-5-21-2502726253-3859040611-225969357-502,,,,0x0,,,,,,,,,,garfield.htb,,,,,,,,,,,S-1-5-21-2502726253-3859040611-225969357-1000,DC01$,,,0x12,0x40810010,,,,,,,,,,,,
2025-08-13T11:15:42.233545Z,4769,DC01.garfield.htb,Microsoft-Windows-Security-Auditing,Security,2489,0,,,,,,,,,,,,,,,,,,,,,,,,,,,,,,,,,,,,,,,,,,,,,,,,,,,,,,,::1,0,,,,,,,,,,,,3A65BF58-B917-4200-5141-E809D9FEF3A2,,,,,,,,,,,,,,,,,,,,,,,,,,,,,,,,,,,,,,,,,,,,,,,,,,,,,,,,,,,,,,,,DC01$,,S-1-5-21-2502726253-3859040611-225969357-1000,,,,0x0,,,,,,,,,,GARFIELD.HTB,,,,,,,,,,,,DC01$@GARFIELD.HTB,,,0x12,0x40800000,,-,,,,,,,,,,
2025-08-13T11:15:42.233924Z,4672,DC01.garfield.htb,Microsoft-Windows-Security-Auditing,Security,2490,0,,,,,,,,,,,,,,,,,,,,,,,,,,,,,,,,,,,,,,,,,,,,,,,,,,,,,,,,,,,,,,,,,,,,,,,,,,,,,,,,,,,,,,,,,,,,,,,,,,,,,,,,,,,,,,,,,"SeAuditPrivilege
			SeImpersonatePrivilege
			SeAssignPrimaryTokenPrivilege",,,,,,,,,,,,,,,,,,,,,,,,,,,,,,GARFIELD,0x13cabe,,DC01$,S-1-5-21-2502726253-3859040611-225969357-1000,,,,,,,,,,,,,,,,,,,,,,,,,,,,,
2025-08-13T11:15:42.233977Z,4624,DC01.garfield.htb,Microsoft-Windows-Security-Auditing,Security,2491,0,,,,,,,,,,,,,,,,,Kerberos,,,,,,,,,,,,,,,,,,,,,,,,%%1842,,,,,,,,,,,,,%%1833,10.10.11.221,51292,,,,0,,,-,,,,,3E796129-F8A0-ADE0-1961-013EFBD132CD,,Kerberos,3,,,,,,,,,,,,,,,,,,,,,,,,,,,,,,,,,,,,,,,,,,,,0x0,-,,,,,,,,,,-,,,,,,,,,,,,,,,,,-,0x0,,-,S-1-0-0,GARFIELD.HTB,,0x0,,0x13cabe,,-,-,,,,,DC01$,S-1-5-21-2502726253-3859040611-225969357-1000,,,,,-,,,,,,%%1843,,,-,
2025-08-13T11:15:42.235110Z,4634,DC01.garfield.htb,Microsoft-Windows-Security-Auditing,Security,2492,0,,,,,,,,,,,,,,,,,,,,,,,,,,,,,,,,,,,,,,,,,,,,,,,,,,,,,,,,,,,,,,,,,,,,,,,3,,,,,,,,,,,,,,,,,,,,,,,,,,,,,,,,,,,,,,,,,,,,,,,,,,,,,,,,,,,,,,,,,,,,,,,,,,,,,GARFIELD,,,,0x13cabe,,,,,,,,DC01$,S-1-5-21-2502726253-3859040611-225969357-1000,,,,,,,,,,,,,,,
2025-08-13T11:15:42.331902Z,4672,DC01.garfield.htb,Microsoft-Windows-Security-Auditing,Security,2493,0,,,,,,,,,,,,,,,,,,,,,,,,,,,,,,,,,,,,,,,,,,,,,,,,,,,,,,,,,,,,,,,,,,,,,,,,,,,,,,,,,,,,,,,,,,,,,,,,,,,,,,,,,,,,,,,,,"SeSecurityPrivilege
			SeBackupPrivilege
			SeRestorePrivilege
			SeTakeOwnershipPrivilege
			SeDebugPrivilege
			SeSystemEnvironmentPrivilege
			SeLoadDriverPrivilege
			SeImpersonatePrivilege
			SeDelegateSessionUserImpersonatePrivilege
			SeEnableDelegationPrivilege",,,,,,,,,,,,,,,,,,,,,,,,,,,,,,GARFIELD,0x13f36b,,DC01$,S-1-5-18,,,,,,,,,,,,,,,,,,,,,,,,,,,,,
2025-08-13T11:15:42.331960Z,4624,DC01.garfield.htb,Microsoft-Windows-Security-Auditing,Security,2494,0,,,,,,,,,,,,,,,,,Kerberos,,,,,,,,,,,,,,,,,,,,,,,,%%1842,,,,,,,,,,,,,%%1833,::1,51293,,,,0,,,-,,,,,7F6CD027-4188-AB14-643A-6405C1017355,,Kerberos,3,,,,,,,,,,,,,,,,,,,,,,,,,,,,,,,,,,,,,,,,,,,,0x0,-,,,,,,,,,,-,,,,,,,,,,,,,,,,,-,0x0,,-,S-1-0-0,GARFIELD.HTB,,0x0,,0x13f36b,,-,-,,,,,DC01$,S-1-5-18,,,,,-,,,,,,%%1843,,,-,
2025-08-13T11:15:42.333402Z,4634,DC01.garfield.htb,Microsoft-Windows-Security-Auditing,Security,2495,0,,,,,,,,,,,,,,,,,,,,,,,,,,,,,,,,,,,,,,,,,,,,,,,,,,,,,,,,,,,,,,,,,,,,,,,3,,,,,,,,,,,,,,,,,,,,,,,,,,,,,,,,,,,,,,,,,,,,,,,,,,,,,,,,,,,,,,,,,,,,,,,,,,,,,GARFIELD,,,,0x13f36b,,,,,,,,DC01$,S-1-5-18,,,,,,,,,,,,,,,
2025-08-13T11:15:47.321183Z,4769,DC01.garfield.htb,Microsoft-Windows-Security-Auditing,Security,2496,0,,,,,,,,,,,,,,,,,,,,,,,,,,,,,,,,,,,,,,,,,,,,,,,,,,,,,,,::1,0,,,,,,,,,,,,CE1CD1DD-41AD-C0AF-996E-B44560A8DED0,,,,,,,,,,,,,,,,,,,,,,,,,,,,,,,,,,,,,,,,,,,,,,,,,,,,,,,,,,,,,,,,DC01$,,S-1-5-21-2502726253-3859040611-225969357-1000,,,,0x0,,,,,,,,,,GARFIELD.HTB,,,,,,,,,,,,DC01$@GARFIELD.HTB,,,0x12,0x40810000,,-,,,,,,,,,,
2025-08-13T11:15:47.321355Z,4769,DC01.garfield.htb,Microsoft-Windows-Security-Auditing,Security,2497,0,,,,,,,,,,,,,,,,,,,,,,,,,,,,,,,,,,,,,,,,,,,,,,,,,,,,,,,::1,0,,,,,,,,,,,,CE1CD1DD-41AD-C0AF-996E-B44560A8DED0,,,,,,,,,,,,,,,,,,,,,,,,,,,,,,,,,,,,,,,,,,,,,,,,,,,,,,,,,,,,,,,,krbtgt,,S-1-5-21-2502726253-3859040611-225969357-502,,,,0x0,,,,,,,,,,GARFIELD.HTB,,,,,,,,,,,,DC01$@GARFIELD.HTB,,,0x12,0x60810010,,-,,,,,,,,,,
2025-08-13T11:15:47.322000Z,4672,DC01.garfield.htb,Microsoft-Windows-Security-Auditing,Security,2498,0,,,,,,,,,,,,,,,,,,,,,,,,,,,,,,,,,,,,,,,,,,,,,,,,,,,,,,,,,,,,,,,,,,,,,,,,,,,,,,,,,,,,,,,,,,,,,,,,,,,,,,,,,,,,,,,,,"SeAuditPrivilege
			SeImpersonatePrivilege
			SeAssignPrimaryTokenPrivilege",,,,,,,,,,,,,,,,,,,,,,,,,,,,,,GARFIELD,0x153fa6,,DC01$,S-1-5-21-2502726253-3859040611-225969357-1000,,,,,,,,,,,,,,,,,,,,,,,,,,,,,
2025-08-13T11:15:47.322067Z,4624,DC01.garfield.htb,Microsoft-Windows-Security-Auditing,Security,2499,0,,,,,,,,,,,,,,,,,Kerberos,,,,,,,,,,,,,,,,,,,,,,,,%%1842,,,,,,,,,,,,,%%1840,-,-,,,,0,,,-,,,,,E7DCD9B7-FAE1-AB57-B39E-B2BA99D6D715,,Kerberos,3,,,,,,,,,,,,,,,,,,,,,,,,,,,,,,,,,,,,,,,,,,,,0x0,-,,,,,,,,,,-,,,,,,,,,,,,,,,,,-,0x0,,-,S-1-0-0,GARFIELD.HTB,,0x0,,0x153fa6,,-,-,,,,,DC01$,S-1-5-21-2502726253-3859040611-225969357-1000,,,,,-,,,,,,%%1843,,,-,
2025-08-13T11:15:50.880983Z,4672,DC01.garfield.htb,Microsoft-Windows-Security-Auditing,Security,2500,0,,,,,,,,,,,,,,,,,,,,,,,,,,,,,,,,,,,,,,,,,,,,,,,,,,,,,,,,,,,,,,,,,,,,,,,,,,,,,,,,,,,,,,,,,,,,,,,,,,,,,,,,,,,,,,,,,"SeSecurityPrivilege
			SeBackupPrivilege
			SeRestorePrivilege
			SeTakeOwnershipPrivilege
			SeDebugPrivilege
			SeSystemEnvironmentPrivilege
			SeLoadDriverPrivilege
			SeImpersonatePrivilege
			SeDelegateSessionUserImpersonatePrivilege
			SeEnableDelegationPrivilege",,,,,,,,,,,,,,,,,,,,,,,,,,,,,,GARFIELD,0x156603,,DC01$,S-1-5-18,,,,,,,,,,,,,,,,,,,,,,,,,,,,,
2025-08-13T11:15:50.881065Z,4624,DC01.garfield.htb,Microsoft-Windows-Security-Auditing,Security,2501,0,,,,,,,,,,,,,,,,,Kerberos,,,,,,,,,,,,,,,,,,,,,,,,%%1842,,,,,,,,,,,,,%%1840,-,-,,,,0,,,-,,,,,7F6CD027-4188-AB14-643A-6405C1017355,,Kerberos,3,,,,,,,,,,,,,,,,,,,,,,,,,,,,,,,,,,,,,,,,,,,,0x0,-,,,,,,,,,,-,,,,,,,,,,,,,,,,,-,0x0,,-,S-1-0-0,GARFIELD.HTB,,0x0,,0x156603,,-,-,,,,,DC01$,S-1-5-18,,,,,-,,,,,,%%1843,,,-,
2025-08-13T11:15:50.886032Z,4672,DC01.garfield.htb,Microsoft-Windows-Security-Auditing,Security,2502,0,,,,,,,,,,,,,,,,,,,,,,,,,,,,,,,,,,,,,,,,,,,,,,,,,,,,,,,,,,,,,,,,,,,,,,,,,,,,,,,,,,,,,,,,,,,,,,,,,,,,,,,,,,,,,,,,,"SeSecurityPrivilege
			SeBackupPrivilege
			SeRestorePrivilege
			SeTakeOwnershipPrivilege
			SeDebugPrivilege
			SeSystemEnvironmentPrivilege
			SeLoadDriverPrivilege
			SeImpersonatePrivilege
			SeDelegateSessionUserImpersonatePrivilege
			SeEnableDelegationPrivilege",,,,,,,,,,,,,,,,,,,,,,,,,,,,,,GARFIELD,0x15668c,,DC01$,S-1-5-18,,,,,,,,,,,,,,,,,,,,,,,,,,,,,
2025-08-13T11:15:50.886109Z,4624,DC01.garfield.htb,Microsoft-Windows-Security-Auditing,Security,2503,0,,,,,,,,,,,,,,,,,Kerberos,,,,,,,,,,,,,,,,,,,,,,,,%%1842,,,,,,,,,,,,,%%1840,-,-,,,,0,,,-,,,,,7F6CD027-4188-AB14-643A-6405C1017355,,Kerberos,3,,,,,,,,,,,,,,,,,,,,,,,,,,,,,,,,,,,,,,,,,,,,0x0,-,,,,,,,,,,-,,,,,,,,,,,,,,,,,-,0x0,,-,S-1-0-0,GARFIELD.HTB,,0x0,,0x15668c,,-,-,,,,,DC01$,S-1-5-18,,,,,-,,,,,,%%1843,,,-,
2025-08-13T11:15:50.891047Z,4672,DC01.garfield.htb,Microsoft-Windows-Security-Auditing,Security,2504,0,,,,,,,,,,,,,,,,,,,,,,,,,,,,,,,,,,,,,,,,,,,,,,,,,,,,,,,,,,,,,,,,,,,,,,,,,,,,,,,,,,,,,,,,,,,,,,,,,,,,,,,,,,,,,,,,,"SeSecurityPrivilege
			SeBackupPrivilege
			SeRestorePrivilege
			SeTakeOwnershipPrivilege
			SeDebugPrivilege
			SeSystemEnvironmentPrivilege
			SeLoadDriverPrivilege
			SeImpersonatePrivilege
			SeDelegateSessionUserImpersonatePrivilege
			SeEnableDelegationPrivilege",,,,,,,,,,,,,,,,,,,,,,,,,,,,,,GARFIELD,0x156711,,DC01$,S-1-5-18,,,,,,,,,,,,,,,,,,,,,,,,,,,,,
2025-08-13T11:15:50.891108Z,4624,DC01.garfield.htb,Microsoft-Windows-Security-Auditing,Security,2505,0,,,,,,,,,,,,,,,,,Kerberos,,,,,,,,,,,,,,,,,,,,,,,,%%1842,,,,,,,,,,,,,%%1840,-,-,,,,0,,,-,,,,,7F6CD027-4188-AB14-643A-6405C1017355,,Kerberos,3,,,,,,,,,,,,,,,,,,,,,,,,,,,,,,,,,,,,,,,,,,,,0x0,-,,,,,,,,,,-,,,,,,,,,,,,,,,,,-,0x0,,-,S-1-0-0,GARFIELD.HTB,,0x0,,0x156711,,-,-,,,,,DC01$,S-1-5-18,,,,,-,,,,,,%%1843,,,-,
2025-08-13T11:15:50.896195Z,4672,DC01.garfield.htb,Microsoft-Windows-Security-Auditing,Security,2506,0,,,,,,,,,,,,,,,,,,,,,,,,,,,,,,,,,,,,,,,,,,,,,,,,,,,,,,,,,,,,,,,,,,,,,,,,,,,,,,,,,,,,,,,,,,,,,,,,,,,,,,,,,,,,,,,,,"SeSecurityPrivilege
			SeBackupPrivilege
			SeRestorePrivilege
			SeTakeOwnershipPrivilege
			SeDebugPrivilege
			SeSystemEnvironmentPrivilege
			SeLoadDriverPrivilege
			SeImpersonatePrivilege
			SeDelegateSessionUserImpersonatePrivilege
			SeEnableDelegationPrivilege",,,,,,,,,,,,,,,,,,,,,,,,,,,,,,GARFIELD,0x1568cd,,DC01$,S-1-5-18,,,,,,,,,,,,,,,,,,,,,,,,,,,,,
2025-08-13T11:15:50.896254Z,4624,DC01.garfield.htb,Microsoft-Windows-Security-Auditing,Security,2507,0,,,,,,,,,,,,,,,,,Kerberos,,,,,,,,,,,,,,,,,,,,,,,,%%1842,,,,,,,,,,,,,%%1840,-,-,,,,0,,,-,,,,,7F6CD027-4188-AB14-643A-6405C1017355,,Kerberos,3,,,,,,,,,,,,,,,,,,,,,,,,,,,,,,,,,,,,,,,,,,,,0x0,-,,,,,,,,,,-,,,,,,,,,,,,,,,,,-,0x0,,-,S-1-0-0,GARFIELD.HTB,,0x0,,0x1568cd,,-,-,,,,,DC01$,S-1-5-18,,,,,-,,,,,,%%1843,,,-,
2025-08-13T11:15:53.683900Z,4672,DC01.garfield.htb,Microsoft-Windows-Security-Auditing,Security,2508,0,,,,,,,,,,,,,,,,,,,,,,,,,,,,,,,,,,,,,,,,,,,,,,,,,,,,,,,,,,,,,,,,,,,,,,,,,,,,,,,,,,,,,,,,,,,,,,,,,,,,,,,,,,,,,,,,,"SeAuditPrivilege
			SeImpersonatePrivilege
			SeAssignPrimaryTokenPrivilege",,,,,,,,,,,,,,,,,,,,,,,,,,,,,,GARFIELD,0x1577a4,,DC01$,S-1-5-21-2502726253-3859040611-225969357-1000,,,,,,,,,,,,,,,,,,,,,,,,,,,,,
2025-08-13T11:15:53.683954Z,4624,DC01.garfield.htb,Microsoft-Windows-Security-Auditing,Security,2509,0,,,,,,,,,,,,,,,,,Kerberos,,,,,,,,,,,,,,,,,,,,,,,,%%1842,,,,,,,,,,,,,%%1833,192.168.100.1,52976,,,,0,,,-,,,,,3E796129-F8A0-ADE0-1961-013EFBD132CD,,Kerberos,3,,,,,,,,,,,,,,,,,,,,,,,,,,,,,,,,,,,,,,,,,,,,0x0,-,,,,,,,,,,-,,,,,,,,,,,,,,,,,-,0x0,,-,S-1-0-0,GARFIELD.HTB,,0x0,,0x1577a4,,-,-,,,,,DC01$,S-1-5-21-2502726253-3859040611-225969357-1000,,,,,-,,,,,,%%1843,,,-,
2025-08-13T11:15:53.684289Z,4634,DC01.garfield.htb,Microsoft-Windows-Security-Auditing,Security,2510,0,,,,,,,,,,,,,,,,,,,,,,,,,,,,,,,,,,,,,,,,,,,,,,,,,,,,,,,,,,,,,,,,,,,,,,,3,,,,,,,,,,,,,,,,,,,,,,,,,,,,,,,,,,,,,,,,,,,,,,,,,,,,,,,,,,,,,,,,,,,,,,,,,,,,,GARFIELD,,,,0x1577a4,,,,,,,,DC01$,S-1-5-21-2502726253-3859040611-225969357-1000,,,,,,,,,,,,,,,
2025-08-13T11:15:53.840730Z,4672,DC01.garfield.htb,Microsoft-Windows-Security-Auditing,Security,2511,0,,,,,,,,,,,,,,,,,,,,,,,,,,,,,,,,,,,,,,,,,,,,,,,,,,,,,,,,,,,,,,,,,,,,,,,,,,,,,,,,,,,,,,,,,,,,,,,,,,,,,,,,,,,,,,,,,"SeAuditPrivilege
			SeImpersonatePrivilege
			SeAssignPrimaryTokenPrivilege",,,,,,,,,,,,,,,,,,,,,,,,,,,,,,GARFIELD,0x157e1a,,DC01$,S-1-5-21-2502726253-3859040611-225969357-1000,,,,,,,,,,,,,,,,,,,,,,,,,,,,,
2025-08-13T11:15:53.840802Z,4624,DC01.garfield.htb,Microsoft-Windows-Security-Auditing,Security,2512,0,,,,,,,,,,,,,,,,,Kerberos,,,,,,,,,,,,,,,,,,,,,,,,%%1842,,,,,,,,,,,,,%%1840,-,-,,,,0,,,-,,,,,E7DCD9B7-FAE1-AB57-B39E-B2BA99D6D715,,Kerberos,3,,,,,,,,,,,,,,,,,,,,,,,,,,,,,,,,,,,,,,,,,,,,0x0,-,,,,,,,,,,-,,,,,,,,,,,,,,,,,-,0x0,,-,S-1-0-0,GARFIELD.HTB,,0x0,,0x157e1a,,-,-,,,,,DC01$,S-1-5-21-2502726253-3859040611-225969357-1000,,,,,-,,,,,,%%1843,,,-,
