2026-04-01T18:28:21.284845Z,"{'#attributes': {'Qualifiers': 16384}, '#text': 1004}",DC01.garfield.htb,Microsoft-Windows-Security-SPP,Application,3677,4,,,,,,Windows(R) UL store License (Public),fc67e64d-5c6c-4eb3-b477-123c63f0046a,,,,,,,,,,,,,,,,,,,,,,,,,,,,,,,,,,,,,,,,,,,,,,
2026-04-01T18:28:21.284845Z,"{'#attributes': {'Qualifiers': 16384}, '#text': 1004}",DC01.garfield.htb,Microsoft-Windows-Security-SPP,Application,3678,4,,,,,,Windows(R) UL store License (Private),305b0d37-d431-4aa2-b66e-cd2135ff33c4,,,,,,,,,,,,,,,,,,,,,,,,,,,,,,,,,,,,,,,,,,,,,,
2026-04-01T18:28:21.284845Z,"{'#attributes': {'Qualifiers': 16384}, '#text': 1004}",DC01.garfield.htb,Microsoft-Windows-Security-SPP,Application,3679,4,,,,,,Windows(R) Publishing License (Public),12bc4de1-0b0d-4b68-8c59-23465c8af10d,,,,,,,,,,,,,,,,,,,,,,,,,,,,,,,,,,,,,,,,,,,,,,
2026-04-01T18:28:21.284845Z,"{'#attributes': {'Qualifiers': 16384}, '#text': 1004}",DC01.garfield.htb,Microsoft-Windows-Security-SPP,Application,3680,4,,,,,,Windows(R) Publishing License (Private),2ae8a353-79b8-4f8d-b03e-d27d3acaf370,,,,,,,,,,,,,,,,,,,,,,,,,,,,,,,,,,,,,,,,,,,,,,
2026-04-01T18:28:21.300478Z,"{'#attributes': {'Qualifiers': 16384}, '#text': 1004}",DC01.garfield.htb,Microsoft-Windows-Security-SPP,Application,3681,4,,,,,,Windows(R) UL oob License (Public),9d5cf00b-baa0-4381-aa48-df0d262fdbef,,,,,,,,,,,,,,,,,,,,,,,,,,,,,,,,,,,,,,,,,,,,,,
2026-04-01T18:28:21.300478Z,"{'#attributes': {'Qualifiers': 16384}, '#text': 1004}",DC01.garfield.htb,Microsoft-Windows-Security-SPP,Application,3682,4,,,,,,Windows(R) UL oob License (Private),857ed0cd-96f7-4837-84f3-6e47542ec1ff,,,,,,,,,,,,,,,,,,,,,,,,,,,,,,,,,,,,,,,,,,,,,,
2026-04-01T18:28:21.316112Z,"{'#attributes': {'Qualifiers': 16384}, '#text': 1004}",DC01.garfield.htb,Microsoft-Windows-Security-SPP,Application,3683,4,,,,,,Windows(R) UL phone License (Public),0492a304-15f7-4538-be50-975ce47c3b83,,,,,,,,,,,,,,,,,,,,,,,,,,,,,,,,,,,,,,,,,,,,,,
2026-04-01T18:28:21.316112Z,"{'#attributes': {'Qualifiers': 16384}, '#text': 1004}",DC01.garfield.htb,Microsoft-Windows-Security-SPP,Application,3684,4,,,,,,Windows(R) UL phone License (Private),434f635c-5f40-4255-884d-495639683927,,,,,,,,,,,,,,,,,,,,,,,,,,,,,,,,,,,,,,,,,,,,,,
2026-04-01T18:28:21.331788Z,"{'#attributes': {'Qualifiers': 16384}, '#text': 1004}",DC01.garfield.htb,Microsoft-Windows-Security-SPP,Application,3685,4,,,,,,Windows(R) UL store License (Public),4e246d62-9b43-415b-bd4a-d1fbca71da84,,,,,,,,,,,,,,,,,,,,,,,,,,,,,,,,,,,,,,,,,,,,,,
2026-04-01T18:28:21.331788Z,"{'#attributes': {'Qualifiers': 16384}, '#text': 1004}",DC01.garfield.htb,Microsoft-Windows-Security-SPP,Application,3686,4,,,,,,Windows(R) UL store License (Private),c12d9eb0-4482-428e-900c-d3f6d5690922,,,,,,,,,,,,,,,,,,,,,,,,,,,,,,,,,,,,,,,,,,,,,,
2026-04-01T18:28:21.347356Z,"{'#attributes': {'Qualifiers': 16384}, '#text': 1004}",DC01.garfield.htb,Microsoft-Windows-Security-SPP,Application,3687,4,,,,,,Windows(R) Publishing License (Public),1f547440-37d0-4bf6-a7ab-40628a79091e,,,,,,,,,,,,,,,,,,,,,,,,,,,,,,,,,,,,,,,,,,,,,,
2026-04-01T18:28:21.347356Z,"{'#attributes': {'Qualifiers': 16384}, '#text': 1004}",DC01.garfield.htb,Microsoft-Windows-Security-SPP,Application,3688,4,,,,,,Windows(R) Publishing License (Private),a76e749a-69ab-48cc-b18f-31874e76bd76,,,,,,,,,,,,,,,,,,,,,,,,,,,,,,,,,,,,,,,,,,,,,,
2026-04-01T18:28:21.347356Z,"{'#attributes': {'Qualifiers': 16384}, '#text': 1004}",DC01.garfield.htb,Microsoft-Windows-Security-SPP,Application,3689,4,,,,,,Windows(R) UL oob License (Public),1e0c8fc4-56d9-4daa-8145-d0576a01866a,,,,,,,,,,,,,,,,,,,,,,,,,,,,,,,,,,,,,,,,,,,,,,
2026-04-01T18:28:21.347356Z,"{'#attributes': {'Qualifiers': 16384}, '#text': 1004}",DC01.garfield.htb,Microsoft-Windows-Security-SPP,Application,3690,4,,,,,,Windows(R) UL oob License (Private),3c45b374-4f9a-4c7d-9316-b5e1c4a650e0,,,,,,,,,,,,,,,,,,,,,,,,,,,,,,,,,,,,,,,,,,,,,,
2026-04-01T18:28:21.362979Z,"{'#attributes': {'Qualifiers': 16384}, '#text': 1004}",DC01.garfield.htb,Microsoft-Windows-Security-SPP,Application,3691,4,,,,,,Windows(R) UL phone License (Public),0b0e945c-8c5f-44aa-8aff-d79acf570b57,,,,,,,,,,,,,,,,,,,,,,,,,,,,,,,,,,,,,,,,,,,,,,
2026-04-01T18:28:21.362979Z,"{'#attributes': {'Qualifiers': 16384}, '#text': 1004}",DC01.garfield.htb,Microsoft-Windows-Security-SPP,Application,3692,4,,,,,,Windows(R) UL phone License (Private),5118c9af-ddda-4917-9120-75768c00a431,,,,,,,,,,,,,,,,,,,,,,,,,,,,,,,,,,,,,,,,,,,,,,
2026-04-01T18:28:21.378611Z,"{'#attributes': {'Qualifiers': 16384}, '#text': 1004}",DC01.garfield.htb,Microsoft-Windows-Security-SPP,Application,3693,4,,,,,,Windows(R) UL store License (Public),5bc4fac7-f362-4265-8f2c-d66c22fa10dd,,,,,,,,,,,,,,,,,,,,,,,,,,,,,,,,,,,,,,,,,,,,,,
2026-04-01T18:28:21.378611Z,"{'#attributes': {'Qualifiers': 16384}, '#text': 1004}",DC01.garfield.htb,Microsoft-Windows-Security-SPP,Application,3694,4,,,,,,Windows(R) UL store License (Private),6eb9ca17-1bef-4c4c-b627-2eac7133a798,,,,,,,,,,,,,,,,,,,,,,,,,,,,,,,,,,,,,,,,,,,,,,
2026-04-01T18:28:21.394286Z,"{'#attributes': {'Qualifiers': 16384}, '#text': 1004}",DC01.garfield.htb,Microsoft-Windows-Security-SPP,Application,3695,4,,,,,,Windows(R) Publishing License (Public),7c9f2075-add3-423f-b658-236dc8c94314,,,,,,,,,,,,,,,,,,,,,,,,,,,,,,,,,,,,,,,,,,,,,,
2026-04-01T18:28:21.394286Z,"{'#attributes': {'Qualifiers': 16384}, '#text': 1004}",DC01.garfield.htb,Microsoft-Windows-Security-SPP,Application,3696,4,,,,,,Windows(R) Publishing License (Private),2c870303-3028-475c-bea0-12e9336ee5e6,,,,,,,,,,,,,,,,,,,,,,,,,,,,,,,,,,,,,,,,,,,,,,
2026-04-01T18:28:21.409859Z,"{'#attributes': {'Qualifiers': 16384}, '#text': 1004}",DC01.garfield.htb,Microsoft-Windows-Security-SPP,Application,3697,4,,,,,,Windows(R) UL oob License (Public),60aa22ab-1703-433b-8ef0-3e7a44fbddb1,,,,,,,,,,,,,,,,,,,,,,,,,,,,,,,,,,,,,,,,,,,,,,
2026-04-01T18:28:21.409859Z,"{'#attributes': {'Qualifiers': 16384}, '#text': 1004}",DC01.garfield.htb,Microsoft-Windows-Security-SPP,Application,3698,4,,,,,,Windows(R) UL oob License (Private),ce8d1c2c-17f3-4666-b78e-fa1076e406fc,,,,,,,,,,,,,,,,,,,,,,,,,,,,,,,,,,,,,,,,,,,,,,
2026-04-01T18:28:21.425485Z,"{'#attributes': {'Qualifiers': 16384}, '#text': 1004}",DC01.garfield.htb,Microsoft-Windows-Security-SPP,Application,3699,4,,,,,,Windows(R) UL phone License (Public),d91d5c57-c6b3-47ca-900f-34da088d9525,,,,,,,,,,,,,,,,,,,,,,,,,,,,,,,,,,,,,,,,,,,,,,
2026-04-01T18:28:21.425485Z,"{'#attributes': {'Qualifiers': 16384}, '#text': 1004}",DC01.garfield.htb,Microsoft-Windows-Security-SPP,Application,3700,4,,,,,,Windows(R) UL phone License (Private),3c95e50a-61ff-4e74-a2a5-54d622cb92a5,,,,,,,,,,,,,,,,,,,,,,,,,,,,,,,,,,,,,,,,,,,,,,
2026-04-01T18:28:21.425485Z,"{'#attributes': {'Qualifiers': 16384}, '#text': 1004}",DC01.garfield.htb,Microsoft-Windows-Security-SPP,Application,3701,4,,,,,,Windows(R) UL store License (Public),d4fb9fc9-132b-4b12-bdb9-1915cb3fcc03,,,,,,,,,,,,,,,,,,,,,,,,,,,,,,,,,,,,,,,,,,,,,,
2026-04-01T18:28:21.425485Z,"{'#attributes': {'Qualifiers': 16384}, '#text': 1004}",DC01.garfield.htb,Microsoft-Windows-Security-SPP,Application,3702,4,,,,,,Windows(R) UL store License (Private),8060a74c-f937-45e4-99e1-32b74ad7e8b9,,,,,,,,,,,,,,,,,,,,,,,,,,,,,,,,,,,,,,,,,,,,,,
2026-04-01T18:28:21.442121Z,"{'#attributes': {'Qualifiers': 16384}, '#text': 1004}",DC01.garfield.htb,Microsoft-Windows-Security-SPP,Application,3703,4,,,,,,Windows(R) Publishing License (Public),69534a65-0b57-4bc6-abd6-77c03551b2e1,,,,,,,,,,,,,,,,,,,,,,,,,,,,,,,,,,,,,,,,,,,,,,
2026-04-01T18:28:21.442121Z,"{'#attributes': {'Qualifiers': 16384}, '#text': 1004}",DC01.garfield.htb,Microsoft-Windows-Security-SPP,Application,3704,4,,,,,,Windows(R) Publishing License (Private),30bcb387-80da-4bf1-b50e-4a24e2d29d58,,,,,,,,,,,,,,,,,,,,,,,,,,,,,,,,,,,,,,,,,,,,,,
2026-04-01T18:28:21.456732Z,"{'#attributes': {'Qualifiers': 16384}, '#text': 1004}",DC01.garfield.htb,Microsoft-Windows-Security-SPP,Application,3705,4,,,,,,Windows(R) UL oob License (Public),76554710-ca92-4321-b9aa-a9aa58b20601,,,,,,,,,,,,,,,,,,,,,,,,,,,,,,,,,,,,,,,,,,,,,,
2026-04-01T18:28:21.456732Z,"{'#attributes': {'Qualifiers': 16384}, '#text': 1004}",DC01.garfield.htb,Microsoft-Windows-Security-SPP,Application,3706,4,,,,,,Windows(R) UL oob License (Private),41173286-d3e4-4955-b201-2b0fe4d465b6,,,,,,,,,,,,,,,,,,,,,,,,,,,,,,,,,,,,,,,,,,,,,,
2026-04-01T18:28:21.472361Z,"{'#attributes': {'Qualifiers': 16384}, '#text': 1004}",DC01.garfield.htb,Microsoft-Windows-Security-SPP,Application,3707,4,,,,,,Windows(R) UL phone License (Public),2ba743bc-f2b2-4061-8ac8-6817f76d3f05,,,,,,,,,,,,,,,,,,,,,,,,,,,,,,,,,,,,,,,,,,,,,,
2026-04-01T18:28:21.472361Z,"{'#attributes': {'Qualifiers': 16384}, '#text': 1004}",DC01.garfield.htb,Microsoft-Windows-Security-SPP,Application,3708,4,,,,,,Windows(R) UL phone License (Private),a31999f6-50eb-4006-acf7-1d94a8e37b22,,,,,,,,,,,,,,,,,,,,,,,,,,,,,,,,,,,,,,,,,,,,,,
2026-04-01T18:28:21.487979Z,"{'#attributes': {'Qualifiers': 16384}, '#text': 1004}",DC01.garfield.htb,Microsoft-Windows-Security-SPP,Application,3709,4,,,,,,Windows(R) UL store License (Public),e1902084-584e-42df-9c9b-46b867db1ee3,,,,,,,,,,,,,,,,,,,,,,,,,,,,,,,,,,,,,,,,,,,,,,
2026-04-01T18:28:21.487979Z,"{'#attributes': {'Qualifiers': 16384}, '#text': 1004}",DC01.garfield.htb,Microsoft-Windows-Security-SPP,Application,3710,4,,,,,,Windows(R) UL store License (Private),57514a0c-82c4-406c-ba9e-a35850b4e81d,,,,,,,,,,,,,,,,,,,,,,,,,,,,,,,,,,,,,,,,,,,,,,
2026-04-01T18:28:21.487979Z,"{'#attributes': {'Qualifiers': 16384}, '#text': 1004}",DC01.garfield.htb,Microsoft-Windows-Security-SPP,Application,3711,4,,,,,,Windows(R) Publishing License (Public),846202b9-6fe9-4e27-9894-4d41ab16e149,,,,,,,,,,,,,,,,,,,,,,,,,,,,,,,,,,,,,,,,,,,,,,
2026-04-01T18:28:21.487979Z,"{'#attributes': {'Qualifiers': 16384}, '#text': 1004}",DC01.garfield.htb,Microsoft-Windows-Security-SPP,Application,3712,4,,,,,,Windows(R) Publishing License (Private),dd2dcf7b-0b6a-444a-95d8-fe939dbe0411,,,,,,,,,,,,,,,,,,,,,,,,,,,,,,,,,,,,,,,,,,,,,,
2026-04-01T18:28:21.503609Z,"{'#attributes': {'Qualifiers': 16384}, '#text': 1004}",DC01.garfield.htb,Microsoft-Windows-Security-SPP,Application,3713,4,,,,,,Windows(R) UL oob License (Public),d5930409-25df-45f3-aa67-2df13ab50032,,,,,,,,,,,,,,,,,,,,,,,,,,,,,,,,,,,,,,,,,,,,,,
2026-04-01T18:28:21.503609Z,"{'#attributes': {'Qualifiers': 16384}, '#text': 1004}",DC01.garfield.htb,Microsoft-Windows-Security-SPP,Application,3714,4,,,,,,Windows(R) UL oob License (Private),8de53e69-39be-471a-ba15-18dcff40c175,,,,,,,,,,,,,,,,,,,,,,,,,,,,,,,,,,,,,,,,,,,,,,
2026-04-01T18:28:21.534863Z,"{'#attributes': {'Qualifiers': 16384}, '#text': 1004}",DC01.garfield.htb,Microsoft-Windows-Security-SPP,Application,3715,4,,,,,,Windows(R) UL phone License (Public),f008b9d0-50c4-4856-b6ff-c09e884825d0,,,,,,,,,,,,,,,,,,,,,,,,,,,,,,,,,,,,,,,,,,,,,,
2026-04-01T18:28:21.534863Z,"{'#attributes': {'Qualifiers': 16384}, '#text': 1004}",DC01.garfield.htb,Microsoft-Windows-Security-SPP,Application,3716,4,,,,,,Windows(R) UL phone License (Private),b60b1bb6-e173-486a-9b9b-97de75b1bc1a,,,,,,,,,,,,,,,,,,,,,,,,,,,,,,,,,,,,,,,,,,,,,,
2026-04-01T18:28:21.550933Z,"{'#attributes': {'Qualifiers': 16384}, '#text': 1004}",DC01.garfield.htb,Microsoft-Windows-Security-SPP,Application,3717,4,,,,,,Windows(R) UL store License (Public),28fcb314-5af1-4421-8466-1493a0baaa55,,,,,,,,,,,,,,,,,,,,,,,,,,,,,,,,,,,,,,,,,,,,,,
2026-04-01T18:28:21.550933Z,"{'#attributes': {'Qualifiers': 16384}, '#text': 1004}",DC01.garfield.htb,Microsoft-Windows-Security-SPP,Application,3718,4,,,,,,Windows(R) UL store License (Private),ee5d4d16-d96c-4ec0-8190-a5bf21844f9d,,,,,,,,,,,,,,,,,,,,,,,,,,,,,,,,,,,,,,,,,,,,,,
2026-04-01T18:28:21.566163Z,"{'#attributes': {'Qualifiers': 16384}, '#text': 1004}",DC01.garfield.htb,Microsoft-Windows-Security-SPP,Application,3719,4,,,,,,Windows(R) Publishing License (Public),3983fb02-7188-4755-8b8b-f9300f19c73c,,,,,,,,,,,,,,,,,,,,,,,,,,,,,,,,,,,,,,,,,,,,,,
2026-04-01T18:28:21.566163Z,"{'#attributes': {'Qualifiers': 16384}, '#text': 1004}",DC01.garfield.htb,Microsoft-Windows-Security-SPP,Application,3720,4,,,,,,Windows(R) Publishing License (Private),bb6c77b5-65a0-4d20-b2d7-034671b4ab6c,,,,,,,,,,,,,,,,,,,,,,,,,,,,,,,,,,,,,,,,,,,,,,
2026-04-01T18:28:21.582152Z,"{'#attributes': {'Qualifiers': 16384}, '#text': 1004}",DC01.garfield.htb,Microsoft-Windows-Security-SPP,Application,3721,4,,,,,,Windows(R) UL oob License (Public),a6516613-5028-488d-8a39-f6805ec42ff0,,,,,,,,,,,,,,,,,,,,,,,,,,,,,,,,,,,,,,,,,,,,,,
2026-04-01T18:28:21.582152Z,"{'#attributes': {'Qualifiers': 16384}, '#text': 1004}",DC01.garfield.htb,Microsoft-Windows-Security-SPP,Application,3722,4,,,,,,Windows(R) UL oob License (Private),ce8949fd-8786-4e87-9831-9d081f7a863f,,,,,,,,,,,,,,,,,,,,,,,,,,,,,,,,,,,,,,,,,,,,,,
2026-04-01T18:28:21.597368Z,"{'#attributes': {'Qualifiers': 16384}, '#text': 1004}",DC01.garfield.htb,Microsoft-Windows-Security-SPP,Application,3723,4,,,,,,Windows(R) UL phone License (Public),7fc7b39b-acb6-48a2-bab9-e73cf3f5a506,,,,,,,,,,,,,,,,,,,,,,,,,,,,,,,,,,,,,,,,,,,,,,
2026-04-01T18:28:21.597368Z,"{'#attributes': {'Qualifiers': 16384}, '#text': 1004}",DC01.garfield.htb,Microsoft-Windows-Security-SPP,Application,3724,4,,,,,,Windows(R) UL phone License (Private),74fa78c3-417f-4fe4-86e6-178c16dd62d8,,,,,,,,,,,,,,,,,,,,,,,,,,,,,,,,,,,,,,,,,,,,,,
2026-04-01T18:28:21.612990Z,"{'#attributes': {'Qualifiers': 16384}, '#text': 1004}",DC01.garfield.htb,Microsoft-Windows-Security-SPP,Application,3725,4,,,,,,Windows(R) UL store License (Public),4385d1ec-8b39-4e32-b9b4-c6bb000f3139,,,,,,,,,,,,,,,,,,,,,,,,,,,,,,,,,,,,,,,,,,,,,,
2026-04-01T18:28:21.612990Z,"{'#attributes': {'Qualifiers': 16384}, '#text': 1004}",DC01.garfield.htb,Microsoft-Windows-Security-SPP,Application,3726,4,,,,,,Windows(R) UL store License (Private),1fc363f6-f33d-405e-a6e6-b2e7e9957638,,,,,,,,,,,,,,,,,,,,,,,,,,,,,,,,,,,,,,,,,,,,,,
2026-04-01T18:28:21.628692Z,"{'#attributes': {'Qualifiers': 16384}, '#text': 1004}",DC01.garfield.htb,Microsoft-Windows-Security-SPP,Application,3727,4,,,,,,Windows(R) UL oob License (Public),fc8e743a-5e2a-40a1-bfaf-2e675fd035e8,,,,,,,,,,,,,,,,,,,,,,,,,,,,,,,,,,,,,,,,,,,,,,
2026-04-01T18:28:21.628692Z,"{'#attributes': {'Qualifiers': 16384}, '#text': 1004}",DC01.garfield.htb,Microsoft-Windows-Security-SPP,Application,3728,4,,,,,,Windows(R) UL oob License (Private),d7ea5cca-6909-4a38-af77-e9039be443a3,,,,,,,,,,,,,,,,,,,,,,,,,,,,,,,,,,,,,,,,,,,,,,
2026-04-01T18:28:21.644296Z,"{'#attributes': {'Qualifiers': 16384}, '#text': 1004}",DC01.garfield.htb,Microsoft-Windows-Security-SPP,Application,3729,4,,,,,,Windows(R) UL volume License (Public),b5c32c9e-ef67-4136-8477-8dd5da37d3c6,,,,,,,,,,,,,,,,,,,,,,,,,,,,,,,,,,,,,,,,,,,,,,
2026-04-01T18:28:21.644296Z,"{'#attributes': {'Qualifiers': 16384}, '#text': 1004}",DC01.garfield.htb,Microsoft-Windows-Security-SPP,Application,3730,4,,,,,,Windows(R) UL volume License (Private),5a7b6940-426a-443f-96cf-5241f21efe64,,,,,,,,,,,,,,,,,,,,,,,,,,,,,,,,,,,,,,,,,,,,,,
2026-04-01T18:28:21.659896Z,"{'#attributes': {'Qualifiers': 16384}, '#text': 1004}",DC01.garfield.htb,Microsoft-Windows-Security-SPP,Application,3731,4,,,,,,Windows(R) Publishing License (Public),27a77e4a-0c1a-4cdc-b56f-da491998f609,,,,,,,,,,,,,,,,,,,,,,,,,,,,,,,,,,,,,,,,,,,,,,
2026-04-01T18:28:21.659896Z,"{'#attributes': {'Qualifiers': 16384}, '#text': 1004}",DC01.garfield.htb,Microsoft-Windows-Security-SPP,Application,3732,4,,,,,,Windows(R) Publishing License (Private),d811b902-3734-43a3-8a1a-84b6d9ba7cbe,,,,,,,,,,,,,,,,,,,,,,,,,,,,,,,,,,,,,,,,,,,,,,
2026-04-01T18:28:21.675506Z,"{'#attributes': {'Qualifiers': 16384}, '#text': 1004}",DC01.garfield.htb,Microsoft-Windows-Security-SPP,Application,3733,4,,,,,,Windows(R) UL oob License (Public),d8a32daa-dfaa-4f69-ac51-84f828dfc777,,,,,,,,,,,,,,,,,,,,,,,,,,,,,,,,,,,,,,,,,,,,,,
2026-04-01T18:28:21.675506Z,"{'#attributes': {'Qualifiers': 16384}, '#text': 1004}",DC01.garfield.htb,Microsoft-Windows-Security-SPP,Application,3734,4,,,,,,Windows(R) UL oob License (Private),df63a9b2-9e7d-406e-adf0-df554f161da2,,,,,,,,,,,,,,,,,,,,,,,,,,,,,,,,,,,,,,,,,,,,,,
2026-04-01T18:28:21.691116Z,"{'#attributes': {'Qualifiers': 16384}, '#text': 1004}",DC01.garfield.htb,Microsoft-Windows-Security-SPP,Application,3735,4,,,,,,Windows(R) UL phone License (Public),07acab5b-e81c-4d1b-a808-00c1b6251f80,,,,,,,,,,,,,,,,,,,,,,,,,,,,,,,,,,,,,,,,,,,,,,
2026-04-01T18:28:21.691116Z,"{'#attributes': {'Qualifiers': 16384}, '#text': 1004}",DC01.garfield.htb,Microsoft-Windows-Security-SPP,Application,3736,4,,,,,,Windows(R) UL phone License (Private),2dbcd1db-b203-447d-9aca-6aaa060738c9,,,,,,,,,,,,,,,,,,,,,,,,,,,,,,,,,,,,,,,,,,,,,,
2026-04-01T18:28:21.691116Z,"{'#attributes': {'Qualifiers': 16384}, '#text': 1004}",DC01.garfield.htb,Microsoft-Windows-Security-SPP,Application,3737,4,,,,,,Windows(R) UL store License (Public),c5eccf80-13a0-4604-bb02-4cc2b023279d,,,,,,,,,,,,,,,,,,,,,,,,,,,,,,,,,,,,,,,,,,,,,,
2026-04-01T18:28:21.691116Z,"{'#attributes': {'Qualifiers': 16384}, '#text': 1004}",DC01.garfield.htb,Microsoft-Windows-Security-SPP,Application,3738,4,,,,,,Windows(R) UL store License (Private),7a2e868c-92d3-4599-b96e-5f8fd4d0e705,,,,,,,,,,,,,,,,,,,,,,,,,,,,,,,,,,,,,,,,,,,,,,
2026-04-01T18:28:21.706733Z,"{'#attributes': {'Qualifiers': 16384}, '#text': 1004}",DC01.garfield.htb,Microsoft-Windows-Security-SPP,Application,3739,4,,,,,,Windows(R) UL oob License (Public),32394796-556f-4ae5-8f09-589a1d9ecf64,,,,,,,,,,,,,,,,,,,,,,,,,,,,,,,,,,,,,,,,,,,,,,
2026-04-01T18:28:21.706733Z,"{'#attributes': {'Qualifiers': 16384}, '#text': 1004}",DC01.garfield.htb,Microsoft-Windows-Security-SPP,Application,3740,4,,,,,,Windows(R) UL oob License (Private),781b34ef-0e66-4373-bb57-a3a97ea03591,,,,,,,,,,,,,,,,,,,,,,,,,,,,,,,,,,,,,,,,,,,,,,
2026-04-01T18:28:21.706733Z,"{'#attributes': {'Qualifiers': 16384}, '#text': 1004}",DC01.garfield.htb,Microsoft-Windows-Security-SPP,Application,3741,4,,,,,,Windows(R) UL inherited License (Public),a94cef8d-9aa7-4f93-b150-212bbc16b86b,,,,,,,,,,,,,,,,,,,,,,,,,,,,,,,,,,,,,,,,,,,,,,
2026-04-01T18:28:21.706733Z,"{'#attributes': {'Qualifiers': 16384}, '#text': 1004}",DC01.garfield.htb,Microsoft-Windows-Security-SPP,Application,3742,4,,,,,,Windows(R) UL inherited License (Private),635d4037-eb92-4191-9eb6-9108de8c58c1,,,,,,,,,,,,,,,,,,,,,,,,,,,,,,,,,,,,,,,,,,,,,,
2026-04-01T18:28:22.331723Z,"{'#attributes': {'Qualifiers': 16384}, '#text': 1016}",DC01.garfield.htb,Microsoft-Windows-Security-SPP,Application,3743,4,,,,,,92114319-12ea-4bca-9d63-8740de9feff3,e0738a30-925e-dbdd-7fa8-db06910168ac,,,,,,,,,,,,,,,,,,,,,,,,,,,,,,,,,,,,,,,,,,,,,,
2026-04-01T18:28:22.988034Z,"{'#attributes': {'Qualifiers': 16384}, '#text': 1034}",DC01.garfield.htb,Microsoft-Windows-Security-SPP,Application,3744,4,,,,,,AAD-WindowsCore-AddAccountRestrictions,100,,,,,,,,,,,,,,,,,,,,,,,,,,,,,,,,,,,,,,,,,,,,,,
2026-04-01T18:28:23.019266Z,"{'#attributes': {'Qualifiers': 16384}, '#text': 1034}",DC01.garfield.htb,Microsoft-Windows-Security-SPP,Application,3745,4,,,,,,Security-SPP-WriteWauMarker,500,,,,,,,,,,,,,,,,,,,,,,,,,,,,,,,,,,,,,,,,,,,,,,
2026-04-01T18:28:23.378613Z,"{'#attributes': {'Qualifiers': 16384}, '#text': 1003}",DC01.garfield.htb,Microsoft-Windows-Security-SPP,Application,3746,4,,,,,,55c92734-d682-4d71-983e-d6ec3f16059f,"
1: 22105925-48c3-4ff4-a294-f654bb27e390, 1, 0 [(0 [0xC004F014, 0, 0], [(?)(?)(?)(?)(?)(?)(?)(?)])(1 )(2 )(3 )]
2: 281c216a-5957-439b-adf2-aff4098a2bdd, 1, 0 [(0 [0xC004F014, 0, 0], [(?)(?)(?)(?)(?)(?)(?)(?)])(1 )(2 )(3 )]
3: 2e7a9ad1-a849-4b56-babe-17d5a29fe4b4, 1, 0 [(0 [0xC004F014, 0, 0], [(?)(?)(?)(?)(?)(?)(?)(?)])(1 )(2 )(3 )]
4: 3c006fa7-3b03-45a4-93da-63ddc1bdce11, 1, 0 [(0 [0xC004F014, 0, 0], [(?)(?)(?)(?)(?)(?)(?)(?)])(1 )(2 )(3 )]
5: 4285bbda-6219-4c1a-98e9-859e60d669fb, 1, 0 [(0 [0xC004F014, 0, 0], [(?)(?)(?)(?)(?)(?)(?)(?)])(1 )(2 )(3 )]
6: 44a5b4c3-e4b1-483b-81e8-0f78f4d98283, 1, 0 [(0 [0xC004F014, 0, 0], [(?)(?)(?)(?)(?)(?)(?)(?)])(1 )(2 )(3 )]
7: 661f7658-7035-4b4c-9f35-010682943ec2, 1, 0 [(0 [0xC004F014, 0, 0], [(?)(?)(?)(?)(?)(?)(?)(?)])(1 )(2 )(3 )]
8: 6bad0243-1c35-46b2-b8e6-7a853e37413f, 1, 0 [(0 [0xC004F014, 0, 0], [(?)(?)(?)(?)(?)(?)(?)(?)])(1 )(2 )(3 )]
9: 82fcf64d-f9dd-4411-9c79-f2eed16d4eb8, 1, 0 [(0 [0xC004F014, 0, 0], [(?)(?)(?)(?)(?)(?)(?)(?)])(1 )(2 )(3 )]
10: 84e331f6-4279-48c4-ab10-b75139181351, 1, 0 [(0 [0xC004F014, 0, 0], [(?)(?)(?)(?)(?)(?)(?)(?)])(1 )(2 )(3 )]
11: 8ea56c31-fe6e-4d56-9d17-8dc1ab35dd8b, 1, 0 [(0 [0xC004F014, 0, 0], [(?)(?)(?)(?)(?)(?)(?)(?)])(1 )(2 )(3 )]
12: 92114319-12ea-4bca-9d63-8740de9feff3, 1, 0 [(0 )(1 )(2 [0xC004E003, 0, 0], [( 1 0xC004F034)( 1 0xC004F034)(?)(?)(?)(?)(?)(?)])(3 [0x00000000, 0, 0], [( 6 0xC004F009 0 0)( 1 0x00000000)( 6 0xC004F009 0 0)(?)(?)(?)( 10 0x00000000 msft:rm/algorithm/flags/1.0)( 11 0x00000000 0xC004F034)])]
13: 9db83b52-9904-4326-8957-ebe6feedf37c, 1, 0 [(0 [0xC004F014, 0, 0], [(?)(?)(?)(?)(?)(?)(?)(?)])(1 )(2 )(3 )]
14: c2d23e1f-ee3e-4533-9094-e6dc0b8aa049, 1, 0 [(0 [0xC004F014, 0, 0], [(?)(?)(?)(?)(?)(?)(?)(?)])(1 )(2 )(3 )]
15: d07edbd8-02cb-49b1-8358-f2de7afd8a4d, 1, 0 [(0 [0xC004F014, 0, 0], [(?)(?)(?)(?)(?)(?)(?)(?)])(1 )(2 )(3 )]
16: de32eafd-aaee-4662-9444-c1befb41bde2, 1, 0 [(0 [0xC004F014, 0, 0], [(?)(?)(?)(?)(?)(?)(?)(?)])(1 )(2 )(3 )]
17: e73aabfa-12bc-4705-b551-2dd076bebc7d, 1, 0 [(0 [0xC004F014, 0, 0], [(?)(?)(?)(?)(?)(?)(?)(?)])(1 )(2 )(3 )]
18: e936f630-5125-4a39-b1de-544d6c036491, 1, 0 [(0 [0xC004F014, 0, 0], [(?)(?)(?)(?)(?)(?)(?)(?)])(1 )(2 )(3 )]
19: fd946594-6f0d-4c5c-9bf7-f5f628ecd0b9, 1, 0 [(0 [0xC004F014, 0, 0], [(?)(?)(?)(?)(?)(?)(?)(?)])(1 )(2 )(3 )]

",,,,,,,,,,,,,,,,,,,,,,,,,,,,,,,,,,,,,,,,,,,,,,
2026-04-01T18:28:23.845782Z,"{'#attributes': {'Qualifiers': 16384}, '#text': 1061}",DC01.garfield.htb,Microsoft-Windows-Security-SPP,Application,3747,4,,,,,,79,7,,,,,,,,,,,,,,,,,,,,,,,,,,,,,,,,,,,,,,,,,,,,,,
2026-04-01T18:28:23.847347Z,"{'#attributes': {'Qualifiers': 16384}, '#text': 902}",DC01.garfield.htb,Microsoft-Windows-Security-SPP,Application,3748,0,,,,,10.0.17763.8385,,,,,,,,,,,,,,,,,,,,,,,,,,,,,,,,,,,,,,,,,,,,,,,,
2026-04-01T18:28:25.394237Z,"{'#attributes': {'Qualifiers': 16384}, '#text': 8230}",DC01.garfield.htb,Microsoft-Windows-Security-SPP,Application,3749,4,,,,,Security-SPP-Action-StateData (REG_SZ) =AppId=55c92734-d682-4d71-983e-d6ec3f16059f;LastConsumptionReason=0xc004f034;LastNotificationId=NeverActivated;LicenseState=SL_LICENSING_STATUS_NOTIFICATION;PartialProductKey=YBKQ3;ProductKeyType=Retail;SkuId=92114319-12ea-4bca-9d63-8740de9feff3;ruleId=31e71c49-8da7-4a2f-ad92-45d98a1c79ba;uxDifferentiator=RETAIL,,,,,,,,,,,,,,,,,,,,,,,,,,,,,,,,,,,,,,,,,,,,,,,,
2026-04-01T18:28:27.769242Z,"{'#attributes': {'Qualifiers': 16384}, '#text': 8230}",DC01.garfield.htb,Microsoft-Windows-Security-SPP,Application,3750,4,,,,,Security-SPP-Action-StateData (REG_SZ) =AppId=55c92734-d682-4d71-983e-d6ec3f16059f;LastConsumptionReason=0xc004f034;LastNotificationId=NeverActivated;LicenseState=SL_LICENSING_STATUS_NOTIFICATION;PartialProductKey=YBKQ3;ProductKeyType=Retail;SkuId=92114319-12ea-4bca-9d63-8740de9feff3;ruleId=31e71c49-8da7-4a2f-ad92-45d98a1c79ba;uxDifferentiator=RETAIL,,,,,,,,,,,,,,,,,,,,,,,,,,,,,,,,,,,,,,,,,,,,,,,,
2026-04-01T18:29:05.134800Z,"{'#attributes': {'Qualifiers': 49152}, '#text': 8200}",DC01.garfield.htb,Microsoft-Windows-Security-SPP,Application,3751,2,,,,,,hr=0xC004C008,"00010001(0x00000000, 11:29:02:081 - https://activation-v2.sls.microsoft.com/SLActivateProduct/SLActivateProduct.asmx?configextension=Retail)
00020001(0x00000000, 11:29:02:081)
00030001(0x00000000, 11:29:02:081 - https://activation-v2.sls.microsoft.com)
00030002(0x00000000, 11:29:02:081 - 0)
00040001(0x00000000, 11:29:02:081 - https://activation-v2.sls.microsoft.com)
00040002(0x00000000, 11:29:02:097 - 1, <NULL>, <NULL>, <NULL>)
00050002(0x80072F94, 11:29:02:097 - 0, 1)
00040006(0x00000001, 11:29:02:097 - 0, https://activation-v2.sls.microsoft.com, <N/A>, <N/A>)
00020005(0x00000000, 11:29:02:097 - 0)
0002000C(0x00000000, 11:29:05:133 - 500)
00010002(0x8004FC01, 11:29:05:133 - <?xml version=""1.0"" encoding=""utf-8""?><soap:Envelope xmlns:soap=""http://schemas.xmlsoap.org/soap/envelope/"" xmlns:xsi=""http://www.w3.org/2001/XMLSchema-instance"" xmlns:xsd=""http://www.w3.org/2001/XMLSchema""><soap:Body><soap:Fault><faultcode>soap:Server</faultcode><faultstring>SoapException</faultstring><detail><HRESULT>0xC004C008</HRESULT><Messages><Message>113 (Activation) - [PA Maximum unlock exceeded.  ---&gt; Maximum unlock exceeded]</Message></Messages></detail></soap:Fault></soap:Body></soap:Envelope>)
00010003(0x8004FC01, 11:29:05:134)
",,,,,,,,,,,,,,,,,,,,,,,,,,,,,,,,,,,,,,,,,,,,,,
2026-04-01T18:29:05.134800Z,"{'#attributes': {'Qualifiers': 49152}, '#text': 1014}",DC01.garfield.htb,Microsoft-Windows-Security-SPP,Application,3752,2,,,,,,hr=0xC004C008,92114319-12ea-4bca-9d63-8740de9feff3,,,,,,,,,,,,,,,,,,,,,,,,,,,,,,,,,,,,,,,,,,,,,,
2026-04-01T18:29:06.222365Z,"{'#attributes': {'Qualifiers': 16384}, '#text': 1003}",DC01.garfield.htb,Microsoft-Windows-Security-SPP,Application,3753,4,,,,,,55c92734-d682-4d71-983e-d6ec3f16059f,"
1: 22105925-48c3-4ff4-a294-f654bb27e390, 1, 0 [(0 [0xC004F014, 0, 0], [(?)(?)(?)(?)(?)(?)(?)(?)])(1 )(2 )(3 )]
2: 281c216a-5957-439b-adf2-aff4098a2bdd, 1, 0 [(0 [0xC004F014, 0, 0], [(?)(?)(?)(?)(?)(?)(?)(?)])(1 )(2 )(3 )]
3: 2e7a9ad1-a849-4b56-babe-17d5a29fe4b4, 1, 0 [(0 [0xC004F014, 0, 0], [(?)(?)(?)(?)(?)(?)(?)(?)])(1 )(2 )(3 )]
4: 3c006fa7-3b03-45a4-93da-63ddc1bdce11, 1, 0 [(0 [0xC004F014, 0, 0], [(?)(?)(?)(?)(?)(?)(?)(?)])(1 )(2 )(3 )]
5: 4285bbda-6219-4c1a-98e9-859e60d669fb, 1, 0 [(0 [0xC004F014, 0, 0], [(?)(?)(?)(?)(?)(?)(?)(?)])(1 )(2 )(3 )]
6: 44a5b4c3-e4b1-483b-81e8-0f78f4d98283, 1, 0 [(0 [0xC004F014, 0, 0], [(?)(?)(?)(?)(?)(?)(?)(?)])(1 )(2 )(3 )]
7: 661f7658-7035-4b4c-9f35-010682943ec2, 1, 0 [(0 [0xC004F014, 0, 0], [(?)(?)(?)(?)(?)(?)(?)(?)])(1 )(2 )(3 )]
8: 6bad0243-1c35-46b2-b8e6-7a853e37413f, 1, 0 [(0 [0xC004F014, 0, 0], [(?)(?)(?)(?)(?)(?)(?)(?)])(1 )(2 )(3 )]
9: 82fcf64d-f9dd-4411-9c79-f2eed16d4eb8, 1, 0 [(0 [0xC004F014, 0, 0], [(?)(?)(?)(?)(?)(?)(?)(?)])(1 )(2 )(3 )]
10: 84e331f6-4279-48c4-ab10-b75139181351, 1, 0 [(0 [0xC004F014, 0, 0], [(?)(?)(?)(?)(?)(?)(?)(?)])(1 )(2 )(3 )]
11: 8ea56c31-fe6e-4d56-9d17-8dc1ab35dd8b, 1, 0 [(0 [0xC004F014, 0, 0], [(?)(?)(?)(?)(?)(?)(?)(?)])(1 )(2 )(3 )]
12: 92114319-12ea-4bca-9d63-8740de9feff3, 1, 1 [(0 )(1 )(2 [0xC004E003, 0, 0], [( 1 0xC004F034)( 1 0xC004F034)(?)(?)(?)(?)(?)(?)])(3 [0x00000000, 0, 0], [( 6 0xC004F009 0 0)( 1 0x00000000)( 6 0xC004F009 0 0)(?)(?)(?)( 10 0x00000000 msft:rm/algorithm/flags/1.0)( 11 0x00000000 0xC004F034)])]
13: 9db83b52-9904-4326-8957-ebe6feedf37c, 1, 0 [(0 [0xC004F014, 0, 0], [(?)(?)(?)(?)(?)(?)(?)(?)])(1 )(2 )(3 )]
14: c2d23e1f-ee3e-4533-9094-e6dc0b8aa049, 1, 0 [(0 [0xC004F014, 0, 0], [(?)(?)(?)(?)(?)(?)(?)(?)])(1 )(2 )(3 )]
15: d07edbd8-02cb-49b1-8358-f2de7afd8a4d, 1, 0 [(0 [0xC004F014, 0, 0], [(?)(?)(?)(?)(?)(?)(?)(?)])(1 )(2 )(3 )]
16: de32eafd-aaee-4662-9444-c1befb41bde2, 1, 0 [(0 [0xC004F014, 0, 0], [(?)(?)(?)(?)(?)(?)(?)(?)])(1 )(2 )(3 )]
17: e73aabfa-12bc-4705-b551-2dd076bebc7d, 1, 0 [(0 [0xC004F014, 0, 0], [(?)(?)(?)(?)(?)(?)(?)(?)])(1 )(2 )(3 )]
18: e936f630-5125-4a39-b1de-544d6c036491, 1, 0 [(0 [0xC004F014, 0, 0], [(?)(?)(?)(?)(?)(?)(?)(?)])(1 )(2 )(3 )]
19: fd946594-6f0d-4c5c-9bf7-f5f628ecd0b9, 1, 0 [(0 [0xC004F014, 0, 0], [(?)(?)(?)(?)(?)(?)(?)(?)])(1 )(2 )(3 )]

",,,,,,,,,,,,,,,,,,,,,,,,,,,,,,,,,,,,,,,,,,,,,,
2026-04-01T18:29:06.237985Z,"{'#attributes': {'Qualifiers': 16384}, '#text': 1003}",DC01.garfield.htb,Microsoft-Windows-Security-SPP,Application,3754,4,,,,,,55c92734-d682-4d71-983e-d6ec3f16059f,"
1: 22105925-48c3-4ff4-a294-f654bb27e390, 1, 0 [(0 [0xC004F014, 0, 0], [(?)(?)(?)(?)(?)(?)(?)(?)])(1 )(2 )(3 )]
2: 281c216a-5957-439b-adf2-aff4098a2bdd, 1, 0 [(0 [0xC004F014, 0, 0], [(?)(?)(?)(?)(?)(?)(?)(?)])(1 )(2 )(3 )]
3: 2e7a9ad1-a849-4b56-babe-17d5a29fe4b4, 1, 0 [(0 [0xC004F014, 0, 0], [(?)(?)(?)(?)(?)(?)(?)(?)])(1 )(2 )(3 )]
4: 3c006fa7-3b03-45a4-93da-63ddc1bdce11, 1, 0 [(0 [0xC004F014, 0, 0], [(?)(?)(?)(?)(?)(?)(?)(?)])(1 )(2 )(3 )]
5: 4285bbda-6219-4c1a-98e9-859e60d669fb, 1, 0 [(0 [0xC004F014, 0, 0], [(?)(?)(?)(?)(?)(?)(?)(?)])(1 )(2 )(3 )]
6: 44a5b4c3-e4b1-483b-81e8-0f78f4d98283, 1, 0 [(0 [0xC004F014, 0, 0], [(?)(?)(?)(?)(?)(?)(?)(?)])(1 )(2 )(3 )]
7: 661f7658-7035-4b4c-9f35-010682943ec2, 1, 0 [(0 [0xC004F014, 0, 0], [(?)(?)(?)(?)(?)(?)(?)(?)])(1 )(2 )(3 )]
8: 6bad0243-1c35-46b2-b8e6-7a853e37413f, 1, 0 [(0 [0xC004F014, 0, 0], [(?)(?)(?)(?)(?)(?)(?)(?)])(1 )(2 )(3 )]
9: 82fcf64d-f9dd-4411-9c79-f2eed16d4eb8, 1, 0 [(0 [0xC004F014, 0, 0], [(?)(?)(?)(?)(?)(?)(?)(?)])(1 )(2 )(3 )]
10: 84e331f6-4279-48c4-ab10-b75139181351, 1, 0 [(0 [0xC004F014, 0, 0], [(?)(?)(?)(?)(?)(?)(?)(?)])(1 )(2 )(3 )]
11: 8ea56c31-fe6e-4d56-9d17-8dc1ab35dd8b, 1, 0 [(0 [0xC004F014, 0, 0], [(?)(?)(?)(?)(?)(?)(?)(?)])(1 )(2 )(3 )]
12: 92114319-12ea-4bca-9d63-8740de9feff3, 1, 1 [(0 )(1 )(2 [0xC004E003, 0, 0], [( 1 0xC004F034)( 1 0xC004F034)(?)(?)(?)(?)(?)(?)])(3 [0x00000000, 0, 0], [( 6 0xC004F009 0 0)( 1 0x00000000)( 6 0xC004F009 0 0)(?)(?)(?)( 10 0x00000000 msft:rm/algorithm/flags/1.0)( 11 0x00000000 0xC004F034)])]
13: 9db83b52-9904-4326-8957-ebe6feedf37c, 1, 0 [(0 [0xC004F014, 0, 0], [(?)(?)(?)(?)(?)(?)(?)(?)])(1 )(2 )(3 )]
14: c2d23e1f-ee3e-4533-9094-e6dc0b8aa049, 1, 0 [(0 [0xC004F014, 0, 0], [(?)(?)(?)(?)(?)(?)(?)(?)])(1 )(2 )(3 )]
15: d07edbd8-02cb-49b1-8358-f2de7afd8a4d, 1, 0 [(0 [0xC004F014, 0, 0], [(?)(?)(?)(?)(?)(?)(?)(?)])(1 )(2 )(3 )]
16: de32eafd-aaee-4662-9444-c1befb41bde2, 1, 0 [(0 [0xC004F014, 0, 0], [(?)(?)(?)(?)(?)(?)(?)(?)])(1 )(2 )(3 )]
17: e73aabfa-12bc-4705-b551-2dd076bebc7d, 1, 0 [(0 [0xC004F014, 0, 0], [(?)(?)(?)(?)(?)(?)(?)(?)])(1 )(2 )(3 )]
18: e936f630-5125-4a39-b1de-544d6c036491, 1, 0 [(0 [0xC004F014, 0, 0], [(?)(?)(?)(?)(?)(?)(?)(?)])(1 )(2 )(3 )]
19: fd946594-6f0d-4c5c-9bf7-f5f628ecd0b9, 1, 0 [(0 [0xC004F014, 0, 0], [(?)(?)(?)(?)(?)(?)(?)(?)])(1 )(2 )(3 )]

",,,,,,,,,,,,,,,,,,,,,,,,,,,,,,,,,,,,,,,,,,,,,,
2026-04-01T18:29:06.331749Z,"{'#attributes': {'Qualifiers': 49152}, '#text': 8198}",DC01.garfield.htb,Microsoft-Windows-Security-SPP,Application,3755,2,,,,,,hr=0x8007139F,RuleId=31e71c49-8da7-4a2f-ad92-45d98a1c79ba;Action=AutoActivate;AppId=55c92734-d682-4d71-983e-d6ec3f16059f;SkuId=92114319-12ea-4bca-9d63-8740de9feff3;NotificationInterval=1440;Trigger=TimerEvent,,,,,,,,,,,,,,,,,,,,,,,,,,,,,,,,,,,,,,,,,,,,,,
2026-04-01T18:29:07.909858Z,"{'#attributes': {'Qualifiers': 16384}, '#text': 8230}",DC01.garfield.htb,Microsoft-Windows-Security-SPP,Application,3756,4,,,,,Security-SPP-Action-StateData (REG_SZ) =AppId=55c92734-d682-4d71-983e-d6ec3f16059f;LastConsumptionReason=0xc004f034;LastNotificationId=NeverActivated;LicenseState=SL_LICENSING_STATUS_NOTIFICATION;PartialProductKey=YBKQ3;ProductKeyType=Retail;SkuId=92114319-12ea-4bca-9d63-8740de9feff3;ruleId=31e71c49-8da7-4a2f-ad92-45d98a1c79ba;uxDifferentiator=RETAIL,,,,,,,,,,,,,,,,,,,,,,,,,,,,,,,,,,,,,,,,,,,,,,,,
2026-04-01T18:29:08.175476Z,"{'#attributes': {'Qualifiers': 49152}, '#text': 8197}",DC01.garfield.htb,Microsoft-Windows-Security-SPP,Application,3757,4,,,,,RuleId=31e71c49-8da7-4a2f-ad92-45d98a1c79ba;Action=NotifyUser;AppId=55c92734-d682-4d71-983e-d6ec3f16059f;SkuId=92114319-12ea-4bca-9d63-8740de9feff3;NotificationInterval=1440;Trigger=TimerEvent,,,,,,,,,,,,,,,,,,,,,,,,,,,,,,,,,,,,,,,,,,,,,,,,
2026-04-01T18:29:38.206748Z,"{'#attributes': {'Qualifiers': 16384}, '#text': 16384}",DC01.garfield.htb,Microsoft-Windows-Security-SPP,Application,3758,4,,,,,,2026-04-02T18:28:38Z,RulesEngine,,,,,,,,,,,,,,,,,,,,,,,,,,,,,,,,,,,,,,,,,,,,,,
2026-04-01T18:29:38.378663Z,"{'#attributes': {'Qualifiers': 16384}, '#text': 903}",DC01.garfield.htb,Microsoft-Windows-Security-SPP,Application,3759,0,,,,,,,,,,,,,,,,,,,,,,,,,,,,,,,,,,,,,,,,,,,,,,,,,,,,,
2026-04-01T18:29:40.128595Z,"{'#attributes': {'Qualifiers': 32768}, '#text': 6005}",DC01.garfield.htb,Microsoft-Windows-Winlogon,Application,3760,3,,,8603FE7F,,,TrustedInstaller,CreateSession,,,,,,,,,,,,,,,,,,,,,,,,,,,,,,,,,,,,,,,,,,,,,,
2026-04-01T18:30:18.206731Z,"{'#attributes': {'Qualifiers': 16384}, '#text': 900}",DC01.garfield.htb,Microsoft-Windows-Security-SPP,Application,3761,4,,,,,<explicit>,,,,,,,,,,,,,,,,,,,,,,,,,,,,,,,,,,,,,,,,,,,,,,,,
2026-04-01T18:30:19.394224Z,"{'#attributes': {'Qualifiers': 49152}, '#text': 16394}",DC01.garfield.htb,Microsoft-Windows-Security-SPP,Application,3762,4,,,,,,,,,,,,,,,,,,,,,,,,,,,,,,,,,,,,,,,,,,,,,,,,,,,,,
2026-04-01T18:30:51.972356Z,"{'#attributes': {'Qualifiers': 16384}, '#text': 16384}",DC01.garfield.htb,Microsoft-Windows-Security-SPP,Application,3763,4,,,,,,2026-04-02T18:28:51Z,RulesEngine,,,,,,,,,,,,,,,,,,,,,,,,,,,,,,,,,,,,,,,,,,,,,,
2026-04-01T18:31:19.691616Z,"{'#attributes': {'Qualifiers': 0}, '#text': 8224}",DC01.garfield.htb,VSS,Application,3764,4,,,2D20436F64653A2020434F525356434330303030303737332D2043616C6C3A2020434F525356434330303030303735352D205049443A202030303030343430302D205449443A202030303030343432302D20434D443A2020433A5C57696E646F77735C73797374656D33325C76737376632E6578652020202D20557365723A204E616D653A204E5420415554484F524954595C53595354454D2C205349443A532D312D352D313820,,,,,,,,,,,,,,,,,,,,,,,,,,,,,,,,,,,,,,,,,,,,,,,,,,
2026-04-01T18:31:46.789805Z,"{'#attributes': {'Qualifiers': 32768}, '#text': 6006}",DC01.garfield.htb,Microsoft-Windows-Winlogon,Application,3765,3,,,00000000,,,TrustedInstaller,186,,,,,,,,,,,CreateSession,,,,,,,,,,,,,,,,,,,,,,,,,,,,,,,,,,,
2026-04-01T18:32:03.105578Z,1001,DC01.garfield.htb,Microsoft-Windows-LoadPerf,Application,3766,4,,,,,,,,,,,,,,,,,,,,,,,,,,,,,,,,,,,,,,LoadPerf,2035000021350000D2050000,12,,WmiApRpl,,,,WmiApRpl,,,,,,,
2026-04-01T18:32:03.298968Z,1000,DC01.garfield.htb,Microsoft-Windows-LoadPerf,Application,3767,4,,,,,,,,,,,,,,,,,,,,,,,,,,,,,,,,,,,,,,LoadPerf,22350000C835000023350000C9350000,16,,WmiApRpl,,,,WmiApRpl,,,,,,,
2026-04-01T18:32:24.628620Z,"{'#attributes': {'Qualifiers': 49152}, '#text': 16394}",DC01.garfield.htb,Microsoft-Windows-Security-SPP,Application,3768,4,,,,,,,,,,,,,,,,,,,,,,,,,,,,,,,,,,,,,,,,,,,,,,,,,,,,,
2026-04-01T18:32:25.378621Z,"{'#attributes': {'Qualifiers': 49152}, '#text': 8197}",DC01.garfield.htb,Microsoft-Windows-Security-SPP,Application,3769,4,,,,,RuleId=31e71c49-8da7-4a2f-ad92-45d98a1c79ba;Action=NotifyUser;AppId=55c92734-d682-4d71-983e-d6ec3f16059f;SkuId=92114319-12ea-4bca-9d63-8740de9feff3;NotificationInterval=1440;Trigger=UserLogon;SessionId=1,,,,,,,,,,,,,,,,,,,,,,,,,,,,,,,,,,,,,,,,,,,,,,,,
2026-04-01T18:32:56.115931Z,"{'#attributes': {'Qualifiers': 16384}, '#text': 16384}",DC01.garfield.htb,Microsoft-Windows-Security-SPP,Application,3770,4,,,,,,2026-04-02T18:31:56Z,RulesEngine,,,,,,,,,,,,,,,,,,,,,,,,,,,,,,,,,,,,,,,,,,,,,,
2026-04-01T18:33:21.496612Z,"{'#attributes': {'Qualifiers': 0}, '#text': 102}",DC01.garfield.htb,ESENT,Application,3771,4,,,,,,DFSRs,"2816,P,98",,,,,,,,,,,\\.\C:\System Volume Information\DFSR\database_A41A_4703_1A46_D1CA\dfsr.db: ,,,,0,10,00,17763,0000,,,,,,,,,,,,,,,,,,,,,,,,,,,
2026-04-01T18:33:21.699730Z,"{'#attributes': {'Qualifiers': 0}, '#text': 105}",DC01.garfield.htb,ESENT,Application,3772,4,,,,,,DFSRs,"2816,D,0",,,,,,,,,,,\\.\C:\System Volume Information\DFSR\database_A41A_4703_1A46_D1CA\dfsr.db: ,,,,0,0,"
[1] 0.022976 +J(0) +M(C:0K, Fs:269, WS:1036K # 1036K, PF:6472K # 6488K, P:6472K)
[2] 0.000519 +J(0) +M(C:16K, Fs:93, WS:368K # 368K, PF:296K # 192K, P:296K)
[3] 0.000220 +J(0) +M(C:0K, Fs:4, WS:16K # 16K, PF:64K # 64K, P:64K)
[4] 0.000374 +J(0) +M(C:2032K, Fs:37, WS:140K # 140K, PF:2432K # 2432K, P:2432K)
[5] 0.001149 +J(0) +M(C:0K, Fs:8, WS:32K # 32K, PF:24K # 24K, P:24K)
[6] 0.004797 +J(0) +M(C:0K, Fs:16, WS:64K # 64K, PF:12K # 12K, P:12K)
[7] 0.098143 -0.090404 (21) WT +J(0) +M(C:0K, Fs:1301, WS:5192K # 5192K, PF:5132K # 5132K, P:5132K)
[8] -
[9] -
[10] -
[11] -
[12] -
[13] 0.109706 -0.099244 (22) WT +J(CM:0, PgRf:0, Rd:0/0, Dy:0/0, Lg:616/1) +M(C:0K, Fs:8, WS:-5096K # 16K, PF:-5124K # 16K, P:-5124K)
[14] 0.000024 +J(0) +M(C:0K, Fs:1, WS:4K # 0K, PF:0K # 0K, P:0K)
[15] 0.000130 +J(0) +M(C:0K, Fs:65, WS:256K # 0K, PF:68K # 0K, P:68K)
[16] 0.000714 -0.000469 (1) WT +J(0) +M(C:0K, Fs:3, WS:4K # 0K, PF:0K # 0K, P:0K).",,,,,,,,,,,,,,,,,,,,,,,,,,,,,
2026-04-01T18:33:21.730981Z,"{'#attributes': {'Qualifiers': 0}, '#text': 326}",DC01.garfield.htb,ESENT,Application,3773,4,,,,,,DFSRs,"2816,D,50",,,,,,,,,,,\\.\C:\System Volume Information\DFSR\database_A41A_4703_1A46_D1CA\dfsr.db: ,,,,1,\\.\C:\System Volume Information\DFSR\database_A41A_4703_1A46_D1CA\dfsr.db,0,"
[1] 0.000007 +J(0) +M(C:0K, Fs:1, WS:4K # 0K, PF:0K # 0K, P:0K)
[2] 0.001936 -0.001546 (1) WT +J(0) +M(C:0K, Fs:19, WS:12K # 0K, PF:8K # 0K, P:8K)
[3] 0.016508 -0.006928 (6) WT +J(CM:0, PgRf:0, Rd:0/0, Dy:0/0, Lg:3480/2) +M(C:0K, Fs:32, WS:120K # 0K, PF:156K # 0K, P:156K)
[4] 0.000328 +J(0)
[5] -
[6] -
[7] -
[8] 0.002803 -0.002367 (2) CM -0.002211 (2) WT +J(CM:2, PgRf:2, Rd:14/2, Dy:0/0, Lg:0/0) +M(C:-8K, Fs:68, WS:264K # 0K, PF:120K # 0K, P:120K)
[9] 0.004164 -0.003845 (2) CM -0.003758 (2) WT +J(CM:2, PgRf:23, Rd:0/1, Dy:0/0, Lg:0/0) +M(C:-12K, Fs:23, WS:80K # 0K, PF:200K # 0K, P:200K)
[10] 0.001268 -0.001105 (1) CM -0.001028 (1) WT +J(CM:1, PgRf:40, Rd:0/1, Dy:0/0, Lg:0/0) +M(C:-4K, Fs:6, WS:20K # 0K, PF:72K # 0K, P:72K)
[11] 0.000018 +J(CM:0, PgRf:1, Rd:0/0, Dy:0/0, Lg:0/0) +M(C:0K, Fs:2, WS:8K # 0K, PF:0K # 0K, P:0K)
[12] 0.000038 +J(CM:0, PgRf:36, Rd:0/0, Dy:0/0, Lg:0/0)
[13] 0.0 +J(0)
[14] 0.0 +J(0)
[15] 0.000007 +J(CM:0, PgRf:1, Rd:0/0, Dy:0/0, Lg:0/0).",0 0,lgposAttach = 00000001:00FD:0268,,,,,,,,,,,,,,,,,,,,,,,,,,
2026-04-01T18:40:26.463697Z,"{'#attributes': {'Qualifiers': 0}, '#text': 1000}",DC01.garfield.htb,Application Error,Application,3774,2,,,,,,SystemSettings.exe,10.0.17763.7309,C:\Windows\ImmersiveControlPanel\SystemSettings.exe,C:\Windows\System32\Windows.UI.Xaml.dll,d8d999b5-1627-4d49-97e3-894dadbbbe46,windows.immersivecontrolpanel_10.0.2.1000_neutral_neutral_cw5n1h2txyewy,microsoft.windows.immersivecontrolpanel,,,,,,9d9d9332,,,,Windows.UI.Xaml.dll,10.0.17763.8385,03f5bd7b,c000027b,0000000000706b12,1544,01dcc206ff8eb0d4,,,,,,,,,,,,,,,,,,,,,,,,,
2026-04-01T18:40:29.651199Z,"{'#attributes': {'Qualifiers': 0}, '#text': 1001}",DC01.garfield.htb,Windows Error Reporting,Application,3775,4,,,,,,2230939522452462031,5,10.0.17763.8281,1cb00bf1,80070422,000000000006fb6a,,"
\\?\C:\ProgramData\Microsoft\Windows\WER\Temp\WERACD4.tmp.dmp
\\?\C:\ProgramData\Microsoft\Windows\WER\Temp\WERB253.tmp.WERInternalMetadata.xml
\\?\C:\ProgramData\Microsoft\Windows\WER\Temp\WERB293.tmp.xml
\\?\C:\ProgramData\Microsoft\Windows\WER\Temp\WERB2B0.tmp.csv
\\?\C:\ProgramData\Microsoft\Windows\WER\Temp\WERB2D0.tmp.txt",\\?\C:\ProgramData\Microsoft\Windows\WER\ReportArchive\AppCrash_windows.immersiv_888318e14a5f8a8409a8829f3e4da27b2704a_31aeda3d_11e3b5ec,,0,d8d999b5-1627-4d49-97e3-894dadbbbe46,MoAppCrash,268435456,a371597853c91ca16ef5e3acf72899cf,0,Not available,0,windows.immersivecontrolpanel_10.0.2.1000_neutral_neutral_cw5n1h2txyewy,praid:microsoft.windows.immersivecontrolpanel,10.0.17763.7309,9d9d9332,combase.dll,,,,,,,,,,,,,,,,,,,,,,,,,
2026-04-01T18:45:21.210584Z,"{'#attributes': {'Qualifiers': 0}, '#text': 1001}",DC01.garfield.htb,Windows Error Reporting,Application,3776,4,,,,,,1927515135155509736,5,,,,,,"
\\?\C:\Users\ADMINI~1\AppData\Local\Temp\RDR259B.tmp\empty.txt
\\?\C:\ProgramData\Microsoft\Windows\WER\Temp\WER25AB.tmp.WERInternalMetadata.xml
\\?\C:\ProgramData\Microsoft\Windows\WER\Temp\WER25DB.tmp.xml
\\?\C:\ProgramData\Microsoft\Windows\WER\Temp\WER2608.tmp.csv
\\?\C:\ProgramData\Microsoft\Windows\WER\Temp\WER2619.tmp.txt",,,0,879a0cbd-a6d4-45ff-9de2-3cf4bf03eb23,RADAR_PRE_LEAK_64,268435456,19a4e28137c18e727abfe8cd922219e8,0,Not available,0,vmconnect.exe,10.0.17763.6054,10.0.17763.2.0.0,,,,,,,,,,,,,,,,,,,,,,,,,,,
2026-04-01T18:47:56.164793Z,"{'#attributes': {'Qualifiers': 0}, '#text': 102}",DC01.garfield.htb,ESENT,Application,3777,4,,,,,,svchost,"452,P,98",,,,,,,,,,,DS_Token_DB: ,,,,0,10,00,17763,0000,,,,,,,,,,,,,,,,,,,,,,,,,,,
2026-04-01T18:47:56.180414Z,"{'#attributes': {'Qualifiers': 0}, '#text': 300}",DC01.garfield.htb,ESENT,Application,3778,4,,,,,,svchost,"452,R,98",,,,,,,,,,,DS_Token_DB: ,,,,,,,,,,,,,,,,,,,,,,,,,,,,,,,,,,,
2026-04-01T18:47:56.211668Z,"{'#attributes': {'Qualifiers': 0}, '#text': 301}",DC01.garfield.htb,ESENT,Application,3779,4,,,,,,svchost,"452,R,98",,,,,,,,,,,DS_Token_DB: ,,,,C:\Windows\system32\config\systemprofile\AppData\Local\DataSharing\Storage\DSS00003.log,"
[1] 0.023877 -0.016362 (10) WT +J(CM:0, PgRf:0, Rd:0/0, Dy:0/0, Lg:53559/35) +M(C:0K, Fs:121, WS:208K # 152K, PF:156K # 92K, P:156K).",AttachDB ,4,,,,,,,,,,,,,,,,,,,,,,,,,,,,
2026-04-01T18:47:56.227303Z,"{'#attributes': {'Qualifiers': 0}, '#text': 301}",DC01.garfield.htb,ESENT,Application,3780,4,,,,,,svchost,"452,R,98",,,,,,,,,,,DS_Token_DB: ,,,,C:\Windows\system32\config\systemprofile\AppData\Local\DataSharing\Storage\DSS.log,"
[1] 0.002798 -0.000379 (2) WT +J(CM:0, PgRf:0, Rd:0/0, Dy:0/0, Lg:4056/2) +M(C:0K, Fs:19, WS:68K # 68K, PF:68K # 64K, P:68K).",FWriteLog,1,,,,,,,,,,,,,,,,,,,,,,,,,,,,
2026-04-01T18:47:56.274162Z,"{'#attributes': {'Qualifiers': 0}, '#text': 302}",DC01.garfield.htb,ESENT,Application,3781,4,,,,,,svchost,"452,U,98",,,,,,,,,,,DS_Token_DB: ,,,,,,,,,,,,,,,,,,,,,,,,,,,,,,,,,,,
2026-04-01T18:47:56.274162Z,"{'#attributes': {'Qualifiers': 0}, '#text': 105}",DC01.garfield.htb,ESENT,Application,3782,4,,,,,,svchost,"452,D,0",,,,,,,,,,,DS_Token_DB: ,,,,0,0,"
[1] 0.001893 +J(0) +M(C:0K, Fs:183, WS:720K # 720K, PF:3220K # 3220K, P:3220K)
[2] 0.000257 +J(0) +M(C:8K, Fs:96, WS:376K # 376K, PF:300K # 300K, P:300K)
[3] 0.000010 +J(0) +M(C:0K, Fs:3, WS:12K # 12K, PF:64K # 64K, P:64K)
[4] 0.000088 +J(0) +M(C:0K, Fs:28, WS:108K # 108K, PF:172K # 172K, P:172K)
[5] 0.000705 +J(0) +M(C:0K, Fs:6, WS:24K # 24K, PF:20K # 20K, P:20K)
[6] 0.005326 +J(0) +M(C:0K, Fs:43, WS:168K # 168K, PF:20K # 20K, P:20K)
[7] 0.004635 -0.003472 (2) WT +J(0) +M(C:0K, Fs:33, WS:132K # 132K, PF:64K # 64K, P:64K)
[8] 0.036417 -0.023792 (14) WT +J(CM:0, PgRf:0, Rd:0/0, Dy:0/0, Lg:53559/35) +M(C:0K, Fs:172, WS:336K # 340K, PF:236K # 240K, P:236K)
[9] 0.012749 -0.004663 (8) WT +J(CM:0, PgRf:0, Rd:0/0, Dy:0/0, Lg:4056/2) +M(C:0K, Fs:29, WS:100K # 96K, PF:68K # 68K, P:68K) + 1 lgens
[10] 0.001115 -0.000927 (1) WT +J(0) +M(C:0K, Fs:0, WS:-60K # 0K, PF:-60K # 0K, P:-60K)
[11] 0.000017 +J(CM:0, PgRf:0, Rd:0/0, Dy:0/0, Lg:49/1) +M(C:0K, Fs:2, WS:8K # 0K, PF:0K # 0K, P:0K)
[12] 0.003806 -0.001339 (1) WT +J(0) +M(C:0K, Fs:1, WS:4K # 0K, PF:0K # 0K, P:0K)
[13] 0.049463 -0.003968 (2) CM -0.034338 (23) WT +J(CM:2, PgRf:2, Rd:0/2, Dy:0/0, Lg:8759/5) +M(C:0K, Fs:63, WS:132K # 148K, PF:160K # 164K, P:160K)
[14] 0.000011 +J(0)
[15] 0.000008 +J(0)
[16] 0.000649 -0.000509 (1) WT +J(0) +M(C:0K, Fs:2, WS:0K # 0K, PF:0K # 0K, P:0K).","lgposV2[] = 00000003:000D:0000 - 00000003:000E:0268 - 00000004:0002:0000 - 00000004:0002:0000 (00000004:0001:0000)
ForwardLogsV2 = 0.048749 s - 1 lgens
cReInits = 4
",,,,,,,,,,,,,,,,,,,,,,,,,,,,
2026-04-01T18:47:56.305417Z,"{'#attributes': {'Qualifiers': 0}, '#text': 326}",DC01.garfield.htb,ESENT,Application,3783,4,,,,,,svchost,"452,D,50",,,,,,,,,,,DS_Token_DB: ,,,,1,C:\Windows\system32\config\systemprofile\AppData\Local\DataSharing\Storage\DSTokenDB2.dat,0,"
[1] 0.000002 +J(0)
[2] 0.000994 -0.000845 (1) WT +J(0) +M(C:0K, Fs:17, WS:4K # 4K, PF:4K # 0K, P:4K)
[3] 0.010725 -0.005433 (6) WT +J(CM:0, PgRf:0, Rd:0/0, Dy:0/0, Lg:3480/2) +M(C:0K, Fs:11, WS:40K # 0K, PF:40K # 0K, P:40K)
[4] 0.000094 +J(0)
[5] -
[6] -
[7] -
[8] 0.003208 -0.003039 (2) CM -0.002957 (2) WT +J(CM:2, PgRf:2, Rd:4/2, Dy:0/0, Lg:0/0) +M(C:8K, Fs:3, WS:12K # 0K, PF:8K # 0K, P:8K)
[9] 0.002849 -0.002665 (4) CM -0.002556 (4) WT +J(CM:4, PgRf:23, Rd:0/3, Dy:0/0, Lg:0/0) +M(C:0K, Fs:24, WS:88K # 76K, PF:196K # 188K, P:196K)
[10] 0.000832 -0.000754 (2) CM -0.000684 (2) WT +J(CM:2, PgRf:40, Rd:0/2, Dy:0/0, Lg:0/0) +M(C:0K, Fs:4, WS:16K # 16K, PF:116K # 108K, P:116K)
[11] 0.000193 -0.000175 (1) CM -0.000140 (1) WT +J(CM:1, PgRf:1, Rd:0/1, Dy:0/0, Lg:0/0) +M(C:0K, Fs:2, WS:8K # 8K, PF:0K # 0K, P:0K)
[12] 0.000275 -0.000221 (1) CM -0.000179 (1) WT +J(CM:1, PgRf:42, Rd:0/1, Dy:0/0, Lg:0/0) +M(C:0K, Fs:5, WS:20K # 20K, PF:0K # 0K, P:0K)
[13] 0.000001 +J(0)
[14] 0.0 +J(0)
[15] 0.002854 -0.002836 (1) CM -0.002797 (1) WT +J(CM:1, PgRf:1, Rd:0/1, Dy:0/0, Lg:0/0).",1 0,lgposAttach = 00000004:0004:0268,,,,,,,,,,,,,,,,,,,,,,,,,,
2026-04-01T18:50:22.899184Z,"{'#attributes': {'Qualifiers': 49152}, '#text': 16394}",DC01.garfield.htb,Microsoft-Windows-Security-SPP,Application,3784,4,,,,,,,,,,,,,,,,,,,,,,,,,,,,,,,,,,,,,,,,,,,,,,,,,,,,,
2026-04-01T18:50:58.602340Z,"{'#attributes': {'Qualifiers': 16384}, '#text': 16384}",DC01.garfield.htb,Microsoft-Windows-Security-SPP,Application,3785,4,,,,,,2026-04-02T18:31:58Z,RulesEngine,,,,,,,,,,,,,,,,,,,,,,,,,,,,,,,,,,,,,,,,,,,,,,
2026-04-01T18:57:56.477387Z,"{'#attributes': {'Qualifiers': 49152}, '#text': 16394}",DC01.garfield.htb,Microsoft-Windows-Security-SPP,Application,3786,4,,,,,,,,,,,,,,,,,,,,,,,,,,,,,,,,,,,,,,,,,,,,,,,,,,,,,
2026-04-01T18:57:57.321131Z,"{'#attributes': {'Qualifiers': 49152}, '#text': 8197}",DC01.garfield.htb,Microsoft-Windows-Security-SPP,Application,3787,4,,,,,RuleId=31e71c49-8da7-4a2f-ad92-45d98a1c79ba;Action=NotifyUser;AppId=55c92734-d682-4d71-983e-d6ec3f16059f;SkuId=92114319-12ea-4bca-9d63-8740de9feff3;NotificationInterval=1440;Trigger=NetworkAvailable,,,,,,,,,,,,,,,,,,,,,,,,,,,,,,,,,,,,,,,,,,,,,,,,
2026-04-01T18:58:27.352445Z,"{'#attributes': {'Qualifiers': 16384}, '#text': 16384}",DC01.garfield.htb,Microsoft-Windows-Security-SPP,Application,3788,4,,,,,,2026-04-02T18:57:27Z,RulesEngine,,,,,,,,,,,,,,,,,,,,,,,,,,,,,,,,,,,,,,,,,,,,,,
2026-04-01T20:58:05.900292Z,"{'#attributes': {'Qualifiers': 49152}, '#text': 16394}",DC01.garfield.htb,Microsoft-Windows-Security-SPP,Application,3789,4,,,,,,,,,,,,,,,,,,,,,,,,,,,,,,,,,,,,,,,,,,,,,,,,,,,,,
2026-04-01T20:58:09.410713Z,"{'#attributes': {'Qualifiers': 49152}, '#text': 8200}",DC01.garfield.htb,Microsoft-Windows-Security-SPP,Application,3790,2,,,,,,hr=0xC004C008,"00010001(0x00000000, 13:58:07:888 - https://activation-v2.sls.microsoft.com/SLActivateProduct/SLActivateProduct.asmx?configextension=Retail)
00020001(0x00000000, 13:58:07:915)
00030001(0x00000000, 13:58:07:915 - https://activation-v2.sls.microsoft.com)
00030002(0x00000000, 13:58:07:915 - 0)
00040001(0x00000000, 13:58:07:915 - https://activation-v2.sls.microsoft.com)
00040002(0x00000000, 13:58:07:915 - 1, <NULL>, <NULL>, <NULL>)
00050002(0x80072F94, 13:58:07:950 - 0, 1)
00040006(0x00000001, 13:58:07:950 - 0, https://activation-v2.sls.microsoft.com, <N/A>, <N/A>)
00020005(0x00000000, 13:58:07:950 - 0)
0002000C(0x00000000, 13:58:09:406 - 500)
00010002(0x8004FC01, 13:58:09:407 - <?xml version=""1.0"" encoding=""utf-8""?><soap:Envelope xmlns:soap=""http://schemas.xmlsoap.org/soap/envelope/"" xmlns:xsi=""http://www.w3.org/2001/XMLSchema-instance"" xmlns:xsd=""http://www.w3.org/2001/XMLSchema""><soap:Body><soap:Fault><faultcode>soap:Server</faultcode><faultstring>SoapException</faultstring><detail><HRESULT>0xC004C008</HRESULT><Messages><Message>113 (Activation) - [PA Maximum unlock exceeded.  ---&gt; Maximum unlock exceeded]</Message></Messages></detail></soap:Fault></soap:Body></soap:Envelope>)
00010003(0x8004FC01, 13:58:09:409)
",,,,,,,,,,,,,,,,,,,,,,,,,,,,,,,,,,,,,,,,,,,,,,
2026-04-01T20:58:09.412775Z,"{'#attributes': {'Qualifiers': 49152}, '#text': 1014}",DC01.garfield.htb,Microsoft-Windows-Security-SPP,Application,3791,2,,,,,,hr=0xC004C008,92114319-12ea-4bca-9d63-8740de9feff3,,,,,,,,,,,,,,,,,,,,,,,,,,,,,,,,,,,,,,,,,,,,,,
2026-04-01T20:58:13.806539Z,"{'#attributes': {'Qualifiers': 49152}, '#text': 8200}",DC01.garfield.htb,Microsoft-Windows-Security-SPP,Application,3792,2,,,,,,hr=0xC004C008,"00010001(0x00000000, 13:58:12:478 - https://activation-v2.sls.microsoft.com/SLActivateProduct/SLActivateProduct.asmx?configextension=Retail)
00020001(0x00000000, 13:58:12:478)
00030001(0x00000000, 13:58:12:478 - https://activation-v2.sls.microsoft.com)
00030002(0x00000000, 13:58:12:478 - 0)
00040001(0x00000000, 13:58:12:478 - https://activation-v2.sls.microsoft.com)
00040002(0x00000000, 13:58:12:478 - 1, <NULL>, <NULL>, <NULL>)
00050002(0x80072F94, 13:58:12:478 - 0, 1)
00040006(0x00000001, 13:58:12:478 - 0, https://activation-v2.sls.microsoft.com, <N/A>, <N/A>)
00020005(0x00000000, 13:58:12:478 - 0)
0002000C(0x00000000, 13:58:13:790 - 500)
00010002(0x8004FC01, 13:58:13:790 - <?xml version=""1.0"" encoding=""utf-8""?><soap:Envelope xmlns:soap=""http://schemas.xmlsoap.org/soap/envelope/"" xmlns:xsi=""http://www.w3.org/2001/XMLSchema-instance"" xmlns:xsd=""http://www.w3.org/2001/XMLSchema""><soap:Body><soap:Fault><faultcode>soap:Server</faultcode><faultstring>SoapException</faultstring><detail><HRESULT>0xC004C008</HRESULT><Messages><Message>113 (Activation) - [PA Maximum unlock exceeded.  ---&gt; Maximum unlock exceeded]</Message></Messages></detail></soap:Fault></soap:Body></soap:Envelope>)
00010003(0x8004FC01, 13:58:13:790)
",,,,,,,,,,,,,,,,,,,,,,,,,,,,,,,,,,,,,,,,,,,,,,
2026-04-01T20:58:13.806539Z,"{'#attributes': {'Qualifiers': 49152}, '#text': 1014}",DC01.garfield.htb,Microsoft-Windows-Security-SPP,Application,3793,2,,,,,,hr=0xC004C008,92114319-12ea-4bca-9d63-8740de9feff3,,,,,,,,,,,,,,,,,,,,,,,,,,,,,,,,,,,,,,,,,,,,,,
2026-04-01T20:58:44.077556Z,"{'#attributes': {'Qualifiers': 16384}, '#text': 16384}",DC01.garfield.htb,Microsoft-Windows-Security-SPP,Application,3794,4,,,,,,2026-04-02T18:57:43Z,RulesEngine,,,,,,,,,,,,,,,,,,,,,,,,,,,,,,,,,,,,,,,,,,,,,,
