2025-08-13T11:00:55.368917Z,4907,DC01,Microsoft-Windows-Security-Auditing,Security,1117,0,,,,,,,,,,,,,,,,,,,,,,,,,,,,,,,,,,,,,,,,,,,,,,,0x74,,,,,,,,,,,,,,,,,,,,,,,,,,,,,,,,,,,,S:ARAI(AU;SAFA;DCLCRPCRSDWDWO;;;WD),,,,,,,,,C:\Windows\System32\adprep\sch70.ldf,,Security,File,,,,,,,,,,,,,,,,,,,,0x410,C:\Windows\System32\poqexec.exe,,,,,,,,,,,,,,,,,,,,,,,,,,,WORKGROUP,0x3e7,,DC01$,S-1-5-18,,,,,,,,,,,,,,,,,,,,,,,,,,,,,
2025-08-13T11:00:55.369530Z,4907,DC01,Microsoft-Windows-Security-Auditing,Security,1118,0,,,,,,,,,,,,,,,,,,,,,,,,,,,,,,,,,,,,,,,,,,,,,,,0x74,,,,,,,,,,,,,,,,,,,,,,,,,,,,,,,,,,,,S:ARAI(AU;SAFA;DCLCRPCRSDWDWO;;;WD),,,,,,,,,C:\Windows\System32\adprep\sch71.ldf,,Security,File,,,,,,,,,,,,,,,,,,,,0x410,C:\Windows\System32\poqexec.exe,,,,,,,,,,,,,,,,,,,,,,,,,,,WORKGROUP,0x3e7,,DC01$,S-1-5-18,,,,,,,,,,,,,,,,,,,,,,,,,,,,,
2025-08-13T11:00:55.370122Z,4907,DC01,Microsoft-Windows-Security-Auditing,Security,1119,0,,,,,,,,,,,,,,,,,,,,,,,,,,,,,,,,,,,,,,,,,,,,,,,0x74,,,,,,,,,,,,,,,,,,,,,,,,,,,,,,,,,,,,S:ARAI(AU;SAFA;DCLCRPCRSDWDWO;;;WD),,,,,,,,,C:\Windows\System32\adprep\sch72.ldf,,Security,File,,,,,,,,,,,,,,,,,,,,0x410,C:\Windows\System32\poqexec.exe,,,,,,,,,,,,,,,,,,,,,,,,,,,WORKGROUP,0x3e7,,DC01$,S-1-5-18,,,,,,,,,,,,,,,,,,,,,,,,,,,,,
2025-08-13T11:00:55.370696Z,4907,DC01,Microsoft-Windows-Security-Auditing,Security,1120,0,,,,,,,,,,,,,,,,,,,,,,,,,,,,,,,,,,,,,,,,,,,,,,,0x74,,,,,,,,,,,,,,,,,,,,,,,,,,,,,,,,,,,,S:ARAI(AU;SAFA;DCLCRPCRSDWDWO;;;WD),,,,,,,,,C:\Windows\System32\adprep\sch73.ldf,,Security,File,,,,,,,,,,,,,,,,,,,,0x410,C:\Windows\System32\poqexec.exe,,,,,,,,,,,,,,,,,,,,,,,,,,,WORKGROUP,0x3e7,,DC01$,S-1-5-18,,,,,,,,,,,,,,,,,,,,,,,,,,,,,
2025-08-13T11:00:55.371040Z,4907,DC01,Microsoft-Windows-Security-Auditing,Security,1121,0,,,,,,,,,,,,,,,,,,,,,,,,,,,,,,,,,,,,,,,,,,,,,,,0x74,,,,,,,,,,,,,,,,,,,,,,,,,,,,,,,,,,,,S:ARAI(AU;SAFA;DCLCRPCRSDWDWO;;;WD),,,,,,,,,C:\Windows\System32\adprep\sch74.ldf,,Security,File,,,,,,,,,,,,,,,,,,,,0x410,C:\Windows\System32\poqexec.exe,,,,,,,,,,,,,,,,,,,,,,,,,,,WORKGROUP,0x3e7,,DC01$,S-1-5-18,,,,,,,,,,,,,,,,,,,,,,,,,,,,,
2025-08-13T11:00:55.371857Z,4907,DC01,Microsoft-Windows-Security-Auditing,Security,1122,0,,,,,,,,,,,,,,,,,,,,,,,,,,,,,,,,,,,,,,,,,,,,,,,0x74,,,,,,,,,,,,,,,,,,,,,,,,,,,,,,,,,,,,S:ARAI(AU;SAFA;DCLCRPCRSDWDWO;;;WD),,,,,,,,,C:\Windows\System32\adprep\sch75.ldf,,Security,File,,,,,,,,,,,,,,,,,,,,0x410,C:\Windows\System32\poqexec.exe,,,,,,,,,,,,,,,,,,,,,,,,,,,WORKGROUP,0x3e7,,DC01$,S-1-5-18,,,,,,,,,,,,,,,,,,,,,,,,,,,,,
2025-08-13T11:00:55.372571Z,4907,DC01,Microsoft-Windows-Security-Auditing,Security,1123,0,,,,,,,,,,,,,,,,,,,,,,,,,,,,,,,,,,,,,,,,,,,,,,,0x74,,,,,,,,,,,,,,,,,,,,,,,,,,,,,,,,,,,,S:ARAI(AU;SAFA;DCLCRPCRSDWDWO;;;WD),,,,,,,,,C:\Windows\System32\adprep\sch76.ldf,,Security,File,,,,,,,,,,,,,,,,,,,,0x410,C:\Windows\System32\poqexec.exe,,,,,,,,,,,,,,,,,,,,,,,,,,,WORKGROUP,0x3e7,,DC01$,S-1-5-18,,,,,,,,,,,,,,,,,,,,,,,,,,,,,
2025-08-13T11:00:55.373304Z,4907,DC01,Microsoft-Windows-Security-Auditing,Security,1124,0,,,,,,,,,,,,,,,,,,,,,,,,,,,,,,,,,,,,,,,,,,,,,,,0x74,,,,,,,,,,,,,,,,,,,,,,,,,,,,,,,,,,,,S:ARAI(AU;SAFA;DCLCRPCRSDWDWO;;;WD),,,,,,,,,C:\Windows\System32\adprep\sch77.ldf,,Security,File,,,,,,,,,,,,,,,,,,,,0x410,C:\Windows\System32\poqexec.exe,,,,,,,,,,,,,,,,,,,,,,,,,,,WORKGROUP,0x3e7,,DC01$,S-1-5-18,,,,,,,,,,,,,,,,,,,,,,,,,,,,,
2025-08-13T11:00:55.374093Z,4907,DC01,Microsoft-Windows-Security-Auditing,Security,1125,0,,,,,,,,,,,,,,,,,,,,,,,,,,,,,,,,,,,,,,,,,,,,,,,0x74,,,,,,,,,,,,,,,,,,,,,,,,,,,,,,,,,,,,S:ARAI(AU;SAFA;DCLCRPCRSDWDWO;;;WD),,,,,,,,,C:\Windows\System32\adprep\sch78.ldf,,Security,File,,,,,,,,,,,,,,,,,,,,0x410,C:\Windows\System32\poqexec.exe,,,,,,,,,,,,,,,,,,,,,,,,,,,WORKGROUP,0x3e7,,DC01$,S-1-5-18,,,,,,,,,,,,,,,,,,,,,,,,,,,,,
2025-08-13T11:00:55.374870Z,4907,DC01,Microsoft-Windows-Security-Auditing,Security,1126,0,,,,,,,,,,,,,,,,,,,,,,,,,,,,,,,,,,,,,,,,,,,,,,,0x74,,,,,,,,,,,,,,,,,,,,,,,,,,,,,,,,,,,,S:ARAI(AU;SAFA;DCLCRPCRSDWDWO;;;WD),,,,,,,,,C:\Windows\System32\adprep\sch79.ldf,,Security,File,,,,,,,,,,,,,,,,,,,,0x410,C:\Windows\System32\poqexec.exe,,,,,,,,,,,,,,,,,,,,,,,,,,,WORKGROUP,0x3e7,,DC01$,S-1-5-18,,,,,,,,,,,,,,,,,,,,,,,,,,,,,
2025-08-13T11:00:55.375503Z,4907,DC01,Microsoft-Windows-Security-Auditing,Security,1127,0,,,,,,,,,,,,,,,,,,,,,,,,,,,,,,,,,,,,,,,,,,,,,,,0x74,,,,,,,,,,,,,,,,,,,,,,,,,,,,,,,,,,,,S:ARAI(AU;SAFA;DCLCRPCRSDWDWO;;;WD),,,,,,,,,C:\Windows\System32\adprep\sch80.ldf,,Security,File,,,,,,,,,,,,,,,,,,,,0x410,C:\Windows\System32\poqexec.exe,,,,,,,,,,,,,,,,,,,,,,,,,,,WORKGROUP,0x3e7,,DC01$,S-1-5-18,,,,,,,,,,,,,,,,,,,,,,,,,,,,,
2025-08-13T11:00:55.376531Z,4907,DC01,Microsoft-Windows-Security-Auditing,Security,1128,0,,,,,,,,,,,,,,,,,,,,,,,,,,,,,,,,,,,,,,,,,,,,,,,0x74,,,,,,,,,,,,,,,,,,,,,,,,,,,,,,,,,,,,S:ARAI(AU;SAFA;DCLCRPCRSDWDWO;;;WD),,,,,,,,,C:\Windows\System32\adprep\sch81.ldf,,Security,File,,,,,,,,,,,,,,,,,,,,0x410,C:\Windows\System32\poqexec.exe,,,,,,,,,,,,,,,,,,,,,,,,,,,WORKGROUP,0x3e7,,DC01$,S-1-5-18,,,,,,,,,,,,,,,,,,,,,,,,,,,,,
2025-08-13T11:00:55.377143Z,4907,DC01,Microsoft-Windows-Security-Auditing,Security,1129,0,,,,,,,,,,,,,,,,,,,,,,,,,,,,,,,,,,,,,,,,,,,,,,,0x74,,,,,,,,,,,,,,,,,,,,,,,,,,,,,,,,,,,,S:ARAI(AU;SAFA;DCLCRPCRSDWDWO;;;WD),,,,,,,,,C:\Windows\System32\adprep\sch82.ldf,,Security,File,,,,,,,,,,,,,,,,,,,,0x410,C:\Windows\System32\poqexec.exe,,,,,,,,,,,,,,,,,,,,,,,,,,,WORKGROUP,0x3e7,,DC01$,S-1-5-18,,,,,,,,,,,,,,,,,,,,,,,,,,,,,
2025-08-13T11:00:55.377745Z,4907,DC01,Microsoft-Windows-Security-Auditing,Security,1130,0,,,,,,,,,,,,,,,,,,,,,,,,,,,,,,,,,,,,,,,,,,,,,,,0x74,,,,,,,,,,,,,,,,,,,,,,,,,,,,,,,,,,,,S:ARAI(AU;SAFA;DCLCRPCRSDWDWO;;;WD),,,,,,,,,C:\Windows\System32\adprep\sch83.ldf,,Security,File,,,,,,,,,,,,,,,,,,,,0x410,C:\Windows\System32\poqexec.exe,,,,,,,,,,,,,,,,,,,,,,,,,,,WORKGROUP,0x3e7,,DC01$,S-1-5-18,,,,,,,,,,,,,,,,,,,,,,,,,,,,,
2025-08-13T11:00:55.378334Z,4907,DC01,Microsoft-Windows-Security-Auditing,Security,1131,0,,,,,,,,,,,,,,,,,,,,,,,,,,,,,,,,,,,,,,,,,,,,,,,0x74,,,,,,,,,,,,,,,,,,,,,,,,,,,,,,,,,,,,S:ARAI(AU;SAFA;DCLCRPCRSDWDWO;;;WD),,,,,,,,,C:\Windows\System32\adprep\sch84.ldf,,Security,File,,,,,,,,,,,,,,,,,,,,0x410,C:\Windows\System32\poqexec.exe,,,,,,,,,,,,,,,,,,,,,,,,,,,WORKGROUP,0x3e7,,DC01$,S-1-5-18,,,,,,,,,,,,,,,,,,,,,,,,,,,,,
2025-08-13T11:00:55.379055Z,4907,DC01,Microsoft-Windows-Security-Auditing,Security,1132,0,,,,,,,,,,,,,,,,,,,,,,,,,,,,,,,,,,,,,,,,,,,,,,,0x74,,,,,,,,,,,,,,,,,,,,,,,,,,,,,,,,,,,,S:ARAI(AU;SAFA;DCLCRPCRSDWDWO;;;WD),,,,,,,,,C:\Windows\System32\adprep\sch85.ldf,,Security,File,,,,,,,,,,,,,,,,,,,,0x410,C:\Windows\System32\poqexec.exe,,,,,,,,,,,,,,,,,,,,,,,,,,,WORKGROUP,0x3e7,,DC01$,S-1-5-18,,,,,,,,,,,,,,,,,,,,,,,,,,,,,
2025-08-13T11:00:55.379726Z,4907,DC01,Microsoft-Windows-Security-Auditing,Security,1133,0,,,,,,,,,,,,,,,,,,,,,,,,,,,,,,,,,,,,,,,,,,,,,,,0x74,,,,,,,,,,,,,,,,,,,,,,,,,,,,,,,,,,,,S:ARAI(AU;SAFA;DCLCRPCRSDWDWO;;;WD),,,,,,,,,C:\Windows\System32\adprep\sch86.ldf,,Security,File,,,,,,,,,,,,,,,,,,,,0x410,C:\Windows\System32\poqexec.exe,,,,,,,,,,,,,,,,,,,,,,,,,,,WORKGROUP,0x3e7,,DC01$,S-1-5-18,,,,,,,,,,,,,,,,,,,,,,,,,,,,,
2025-08-13T11:00:55.380369Z,4907,DC01,Microsoft-Windows-Security-Auditing,Security,1134,0,,,,,,,,,,,,,,,,,,,,,,,,,,,,,,,,,,,,,,,,,,,,,,,0x74,,,,,,,,,,,,,,,,,,,,,,,,,,,,,,,,,,,,S:ARAI(AU;SAFA;DCLCRPCRSDWDWO;;;WD),,,,,,,,,C:\Windows\System32\adprep\sch87.ldf,,Security,File,,,,,,,,,,,,,,,,,,,,0x410,C:\Windows\System32\poqexec.exe,,,,,,,,,,,,,,,,,,,,,,,,,,,WORKGROUP,0x3e7,,DC01$,S-1-5-18,,,,,,,,,,,,,,,,,,,,,,,,,,,,,
2025-08-13T11:00:55.381034Z,4907,DC01,Microsoft-Windows-Security-Auditing,Security,1135,0,,,,,,,,,,,,,,,,,,,,,,,,,,,,,,,,,,,,,,,,,,,,,,,0x74,,,,,,,,,,,,,,,,,,,,,,,,,,,,,,,,,,,,S:ARAI(AU;SAFA;DCLCRPCRSDWDWO;;;WD),,,,,,,,,C:\Windows\System32\adprep\sch88.ldf,,Security,File,,,,,,,,,,,,,,,,,,,,0x410,C:\Windows\System32\poqexec.exe,,,,,,,,,,,,,,,,,,,,,,,,,,,WORKGROUP,0x3e7,,DC01$,S-1-5-18,,,,,,,,,,,,,,,,,,,,,,,,,,,,,
2025-08-13T11:00:55.381384Z,4907,DC01,Microsoft-Windows-Security-Auditing,Security,1136,0,,,,,,,,,,,,,,,,,,,,,,,,,,,,,,,,,,,,,,,,,,,,,,,0x74,,,,,,,,,,,,,,,,,,,,,,,,,,,,,,,,,,,,S:ARAI(AU;SAFA;DCLCRPCRSDWDWO;;;WD),,,,,,,,,C:\Windows\System32\adprep\schupgrade.cat,,Security,File,,,,,,,,,,,,,,,,,,,,0x410,C:\Windows\System32\poqexec.exe,,,,,,,,,,,,,,,,,,,,,,,,,,,WORKGROUP,0x3e7,,DC01$,S-1-5-18,,,,,,,,,,,,,,,,,,,,,,,,,,,,,
2025-08-13T11:00:55.381729Z,4907,DC01,Microsoft-Windows-Security-Auditing,Security,1137,0,,,,,,,,,,,,,,,,,,,,,,,,,,,,,,,,,,,,,,,,,,,,,,,0x74,,,,,,,,,,,,,,,,,,,,,,,,,,,,,,,,,,,,S:ARAI(AU;SAFA;DCLCRPCRSDWDWO;;;WD),,,,,,,,,C:\Windows\System32\drivers\dfs.sys,,Security,File,,,,,,,,,,,,,,,,,,,,0x410,C:\Windows\System32\poqexec.exe,,,,,,,,,,,,,,,,,,,,,,,,,,,WORKGROUP,0x3e7,,DC01$,S-1-5-18,,,,,,,,,,,,,,,,,,,,,,,,,,,,,
2025-08-13T11:00:55.382054Z,4907,DC01,Microsoft-Windows-Security-Auditing,Security,1138,0,,,,,,,,,,,,,,,,,,,,,,,,,,,,,,,,,,,,,,,,,,,,,,,0x74,,,,,,,,,,,,,,,,,,,,,,,,,,,,,,,,,,,,S:ARAI(AU;SAFA;DCLCRPCRSDWDWO;;;WD),,,,,,,,,C:\Windows\System32\drivers\dfsrro.sys,,Security,File,,,,,,,,,,,,,,,,,,,,0x410,C:\Windows\System32\poqexec.exe,,,,,,,,,,,,,,,,,,,,,,,,,,,WORKGROUP,0x3e7,,DC01$,S-1-5-18,,,,,,,,,,,,,,,,,,,,,,,,,,,,,
2025-08-13T11:00:55.382389Z,4907,DC01,Microsoft-Windows-Security-Auditing,Security,1139,0,,,,,,,,,,,,,,,,,,,,,,,,,,,,,,,,,,,,,,,,,,,,,,,0x74,,,,,,,,,,,,,,,,,,,,,,,,,,,,,,,,,,,,S:ARAI(AU;SAFA;DCLCRPCRSDWDWO;;;WD),,,,,,,,,C:\Windows\System32\drivers\hvsocketcontrol.sys,,Security,File,,,,,,,,,,,,,,,,,,,,0x410,C:\Windows\System32\poqexec.exe,,,,,,,,,,,,,,,,,,,,,,,,,,,WORKGROUP,0x3e7,,DC01$,S-1-5-18,,,,,,,,,,,,,,,,,,,,,,,,,,,,,
2025-08-13T11:00:55.382734Z,4907,DC01,Microsoft-Windows-Security-Auditing,Security,1140,0,,,,,,,,,,,,,,,,,,,,,,,,,,,,,,,,,,,,,,,,,,,,,,,0x74,,,,,,,,,,,,,,,,,,,,,,,,,,,,,,,,,,,,S:ARAI(AU;SAFA;DCLCRPCRSDWDWO;;;WD),,,,,,,,,C:\Windows\System32\drivers\lunparser.sys,,Security,File,,,,,,,,,,,,,,,,,,,,0x410,C:\Windows\System32\poqexec.exe,,,,,,,,,,,,,,,,,,,,,,,,,,,WORKGROUP,0x3e7,,DC01$,S-1-5-18,,,,,,,,,,,,,,,,,,,,,,,,,,,,,
2025-08-13T11:00:55.383060Z,4907,DC01,Microsoft-Windows-Security-Auditing,Security,1141,0,,,,,,,,,,,,,,,,,,,,,,,,,,,,,,,,,,,,,,,,,,,,,,,0x74,,,,,,,,,,,,,,,,,,,,,,,,,,,,,,,,,,,,S:ARAI(AU;SAFA;DCLCRPCRSDWDWO;;;WD),,,,,,,,,C:\Windows\System32\drivers\passthruparser.sys,,Security,File,,,,,,,,,,,,,,,,,,,,0x410,C:\Windows\System32\poqexec.exe,,,,,,,,,,,,,,,,,,,,,,,,,,,WORKGROUP,0x3e7,,DC01$,S-1-5-18,,,,,,,,,,,,,,,,,,,,,,,,,,,,,
2025-08-13T11:00:55.383393Z,4907,DC01,Microsoft-Windows-Security-Auditing,Security,1142,0,,,,,,,,,,,,,,,,,,,,,,,,,,,,,,,,,,,,,,,,,,,,,,,0x74,,,,,,,,,,,,,,,,,,,,,,,,,,,,,,,,,,,,S:ARAI(AU;SAFA;DCLCRPCRSDWDWO;;;WD),,,,,,,,,C:\Windows\System32\drivers\pvhdparser.sys,,Security,File,,,,,,,,,,,,,,,,,,,,0x410,C:\Windows\System32\poqexec.exe,,,,,,,,,,,,,,,,,,,,,,,,,,,WORKGROUP,0x3e7,,DC01$,S-1-5-18,,,,,,,,,,,,,,,,,,,,,,,,,,,,,
2025-08-13T11:00:55.383721Z,4907,DC01,Microsoft-Windows-Security-Auditing,Security,1143,0,,,,,,,,,,,,,,,,,,,,,,,,,,,,,,,,,,,,,,,,,,,,,,,0x74,,,,,,,,,,,,,,,,,,,,,,,,,,,,,,,,,,,,S:ARAI(AU;SAFA;DCLCRPCRSDWDWO;;;WD),,,,,,,,,C:\Windows\System32\drivers\ramparser.sys,,Security,File,,,,,,,,,,,,,,,,,,,,0x410,C:\Windows\System32\poqexec.exe,,,,,,,,,,,,,,,,,,,,,,,,,,,WORKGROUP,0x3e7,,DC01$,S-1-5-18,,,,,,,,,,,,,,,,,,,,,,,,,,,,,
2025-08-13T11:00:55.384046Z,4907,DC01,Microsoft-Windows-Security-Auditing,Security,1144,0,,,,,,,,,,,,,,,,,,,,,,,,,,,,,,,,,,,,,,,,,,,,,,,0x74,,,,,,,,,,,,,,,,,,,,,,,,,,,,,,,,,,,,S:ARAI(AU;SAFA;DCLCRPCRSDWDWO;;;WD),,,,,,,,,C:\Windows\System32\drivers\vhdparser.sys,,Security,File,,,,,,,,,,,,,,,,,,,,0x410,C:\Windows\System32\poqexec.exe,,,,,,,,,,,,,,,,,,,,,,,,,,,WORKGROUP,0x3e7,,DC01$,S-1-5-18,,,,,,,,,,,,,,,,,,,,,,,,,,,,,
2025-08-13T11:00:55.384329Z,4907,DC01,Microsoft-Windows-Security-Auditing,Security,1145,0,,,,,,,,,,,,,,,,,,,,,,,,,,,,,,,,,,,,,,,,,,,,,,,0x74,,,,,,,,,,,,,,,,,,,,,,,,,,,,,,,,,,,,S:ARAI(AU;SAFA;DCLCRPCRSDWDWO;;;WD),,,,,,,,,C:\Windows\System32\drivers\vmbkmclr.sys,,Security,File,,,,,,,,,,,,,,,,,,,,0x410,C:\Windows\System32\poqexec.exe,,,,,,,,,,,,,,,,,,,,,,,,,,,WORKGROUP,0x3e7,,DC01$,S-1-5-18,,,,,,,,,,,,,,,,,,,,,,,,,,,,,
2025-08-13T11:00:55.385318Z,4907,DC01,Microsoft-Windows-Security-Auditing,Security,1146,0,,,,,,,,,,,,,,,,,,,,,,,,,,,,,,,,,,,,,,,,,,,,,,,0x74,,,,,,,,,,,,,,,,,,,,,,,,,,,,,,,,,,,,S:ARAI(AU;SAFA;DCLCRPCRSDWDWO;;;WD),,,,,,,,,C:\Windows\System32\drivers\en-US\pvhdparser.sys.mui,,Security,File,,,,,,,,,,,,,,,,,,,,0x410,C:\Windows\System32\poqexec.exe,,,,,,,,,,,,,,,,,,,,,,,,,,,WORKGROUP,0x3e7,,DC01$,S-1-5-18,,,,,,,,,,,,,,,,,,,,,,,,,,,,,
2025-08-13T11:00:55.386009Z,4907,DC01,Microsoft-Windows-Security-Auditing,Security,1147,0,,,,,,,,,,,,,,,,,,,,,,,,,,,,,,,,,,,,,,,,,,,,,,,0x74,,,,,,,,,,,,,,,,,,,,,,,,,,,,,,,,,,,,S:ARAI(AU;SAFA;DCLCRPCRSDWDWO;;;WD),,,,,,,,,C:\Windows\System32\drivers\en-US\ramparser.sys.mui,,Security,File,,,,,,,,,,,,,,,,,,,,0x410,C:\Windows\System32\poqexec.exe,,,,,,,,,,,,,,,,,,,,,,,,,,,WORKGROUP,0x3e7,,DC01$,S-1-5-18,,,,,,,,,,,,,,,,,,,,,,,,,,,,,
2025-08-13T11:00:55.386350Z,4907,DC01,Microsoft-Windows-Security-Auditing,Security,1148,0,,,,,,,,,,,,,,,,,,,,,,,,,,,,,,,,,,,,,,,,,,,,,,,0x74,,,,,,,,,,,,,,,,,,,,,,,,,,,,,,,,,,,,S:ARAI(AU;SAFA;DCLCRPCRSDWDWO;;;WD),,,,,,,,,C:\Windows\System32\drivers\en-US\storvsp.sys.mui,,Security,File,,,,,,,,,,,,,,,,,,,,0x410,C:\Windows\System32\poqexec.exe,,,,,,,,,,,,,,,,,,,,,,,,,,,WORKGROUP,0x3e7,,DC01$,S-1-5-18,,,,,,,,,,,,,,,,,,,,,,,,,,,,,
2025-08-13T11:00:55.386635Z,4907,DC01,Microsoft-Windows-Security-Auditing,Security,1149,0,,,,,,,,,,,,,,,,,,,,,,,,,,,,,,,,,,,,,,,,,,,,,,,0x74,,,,,,,,,,,,,,,,,,,,,,,,,,,,,,,,,,,,S:ARAI(AU;SAFA;DCLCRPCRSDWDWO;;;WD),,,,,,,,,C:\Windows\System32\drivers\en-US\vmbusr.sys.mui,,Security,File,,,,,,,,,,,,,,,,,,,,0x410,C:\Windows\System32\poqexec.exe,,,,,,,,,,,,,,,,,,,,,,,,,,,WORKGROUP,0x3e7,,DC01$,S-1-5-18,,,,,,,,,,,,,,,,,,,,,,,,,,,,,
2025-08-13T11:00:55.386964Z,4907,DC01,Microsoft-Windows-Security-Auditing,Security,1150,0,,,,,,,,,,,,,,,,,,,,,,,,,,,,,,,,,,,,,,,,,,,,,,,0x74,,,,,,,,,,,,,,,,,,,,,,,,,,,,,,,,,,,,S:ARAI(AU;SAFA;DCLCRPCRSDWDWO;;;WD),,,,,,,,,C:\Windows\System32\drivers\en-US\vmswitch.sys.mui,,Security,File,,,,,,,,,,,,,,,,,,,,0x410,C:\Windows\System32\poqexec.exe,,,,,,,,,,,,,,,,,,,,,,,,,,,WORKGROUP,0x3e7,,DC01$,S-1-5-18,,,,,,,,,,,,,,,,,,,,,,,,,,,,,
2025-08-13T11:00:55.387299Z,4907,DC01,Microsoft-Windows-Security-Auditing,Security,1151,0,,,,,,,,,,,,,,,,,,,,,,,,,,,,,,,,,,,,,,,,,,,,,,,0x74,,,,,,,,,,,,,,,,,,,,,,,,,,,,,,,,,,,,S:ARAI(AU;SAFA;DCLCRPCRSDWDWO;;;WD),,,,,,,,,C:\Windows\System32\drivers\en-US\wnv.sys.mui,,Security,File,,,,,,,,,,,,,,,,,,,,0x410,C:\Windows\System32\poqexec.exe,,,,,,,,,,,,,,,,,,,,,,,,,,,WORKGROUP,0x3e7,,DC01$,S-1-5-18,,,,,,,,,,,,,,,,,,,,,,,,,,,,,
2025-08-13T11:00:55.388125Z,4907,DC01,Microsoft-Windows-Security-Auditing,Security,1152,0,,,,,,,,,,,,,,,,,,,,,,,,,,,,,,,,,,,,,,,,,,,,,,,0x74,,,,,,,,,,,,,,,,,,,,,,,,,,,,,,,,,,,,S:ARAI(AU;SAFA;DCLCRPCRSDWDWO;;;WD),,,,,,,,,C:\Windows\System32\DriverStore\en-US\wpcip.inf_loc,,Security,File,,,,,,,,,,,,,,,,,,,,0x410,C:\Windows\System32\poqexec.exe,,,,,,,,,,,,,,,,,,,,,,,,,,,WORKGROUP,0x3e7,,DC01$,S-1-5-18,,,,,,,,,,,,,,,,,,,,,,,,,,,,,
2025-08-13T11:00:55.388782Z,4907,DC01,Microsoft-Windows-Security-Auditing,Security,1153,0,,,,,,,,,,,,,,,,,,,,,,,,,,,,,,,,,,,,,,,,,,,,,,,0x74,,,,,,,,,,,,,,,,,,,,,,,,,,,,,,,,,,,,S:ARAI(AU;SAFA;DCLCRPCRSDWDWO;;;WD),,,,,,,,,C:\Windows\System32\DriverStore\en-US\wstorvsp.inf_loc,,Security,File,,,,,,,,,,,,,,,,,,,,0x410,C:\Windows\System32\poqexec.exe,,,,,,,,,,,,,,,,,,,,,,,,,,,WORKGROUP,0x3e7,,DC01$,S-1-5-18,,,,,,,,,,,,,,,,,,,,,,,,,,,,,
2025-08-13T11:00:55.389671Z,4907,DC01,Microsoft-Windows-Security-Auditing,Security,1154,0,,,,,,,,,,,,,,,,,,,,,,,,,,,,,,,,,,,,,,,,,,,,,,,0x74,,,,,,,,,,,,,,,,,,,,,,,,,,,,,,,,,,,,S:ARAI(AU;SAFA;DCLCRPCRSDWDWO;;;WD),,,,,,,,,C:\Windows\System32\DriverStore\en-US\wvid.inf_loc,,Security,File,,,,,,,,,,,,,,,,,,,,0x410,C:\Windows\System32\poqexec.exe,,,,,,,,,,,,,,,,,,,,,,,,,,,WORKGROUP,0x3e7,,DC01$,S-1-5-18,,,,,,,,,,,,,,,,,,,,,,,,,,,,,
2025-08-13T11:00:55.390423Z,4907,DC01,Microsoft-Windows-Security-Auditing,Security,1155,0,,,,,,,,,,,,,,,,,,,,,,,,,,,,,,,,,,,,,,,,,,,,,,,0x74,,,,,,,,,,,,,,,,,,,,,,,,,,,,,,,,,,,,S:ARAI(AU;SAFA;DCLCRPCRSDWDWO;;;WD),,,,,,,,,C:\Windows\System32\DriverStore\en-US\wvmbusr.inf_loc,,Security,File,,,,,,,,,,,,,,,,,,,,0x410,C:\Windows\System32\poqexec.exe,,,,,,,,,,,,,,,,,,,,,,,,,,,WORKGROUP,0x3e7,,DC01$,S-1-5-18,,,,,,,,,,,,,,,,,,,,,,,,,,,,,
2025-08-13T11:00:55.390712Z,4907,DC01,Microsoft-Windows-Security-Auditing,Security,1156,0,,,,,,,,,,,,,,,,,,,,,,,,,,,,,,,,,,,,,,,,,,,,,,,0x74,,,,,,,,,,,,,,,,,,,,,,,,,,,,,,,,,,,,S:ARAI(AU;SAFA;DCLCRPCRSDWDWO;;;WD),,,,,,,,,C:\Windows\System32\DriverStore\en-US\wvms_mp.inf_loc,,Security,File,,,,,,,,,,,,,,,,,,,,0x410,C:\Windows\System32\poqexec.exe,,,,,,,,,,,,,,,,,,,,,,,,,,,WORKGROUP,0x3e7,,DC01$,S-1-5-18,,,,,,,,,,,,,,,,,,,,,,,,,,,,,
2025-08-13T11:00:55.391583Z,4907,DC01,Microsoft-Windows-Security-Auditing,Security,1157,0,,,,,,,,,,,,,,,,,,,,,,,,,,,,,,,,,,,,,,,,,,,,,,,0x74,,,,,,,,,,,,,,,,,,,,,,,,,,,,,,,,,,,,S:ARAI(AU;SAFA;DCLCRPCRSDWDWO;;;WD),,,,,,,,,C:\Windows\System32\DriverStore\en-US\wvms_pp.inf_loc,,Security,File,,,,,,,,,,,,,,,,,,,,0x410,C:\Windows\System32\poqexec.exe,,,,,,,,,,,,,,,,,,,,,,,,,,,WORKGROUP,0x3e7,,DC01$,S-1-5-18,,,,,,,,,,,,,,,,,,,,,,,,,,,,,
2025-08-13T11:00:55.392345Z,4907,DC01,Microsoft-Windows-Security-Auditing,Security,1158,0,,,,,,,,,,,,,,,,,,,,,,,,,,,,,,,,,,,,,,,,,,,,,,,0x74,,,,,,,,,,,,,,,,,,,,,,,,,,,,,,,,,,,,S:ARAI(AU;SAFA;DCLCRPCRSDWDWO;;;WD),,,,,,,,,C:\Windows\System32\DriverStore\en-US\wvms_vsft.inf_loc,,Security,File,,,,,,,,,,,,,,,,,,,,0x410,C:\Windows\System32\poqexec.exe,,,,,,,,,,,,,,,,,,,,,,,,,,,WORKGROUP,0x3e7,,DC01$,S-1-5-18,,,,,,,,,,,,,,,,,,,,,,,,,,,,,
2025-08-13T11:00:55.393152Z,4907,DC01,Microsoft-Windows-Security-Auditing,Security,1159,0,,,,,,,,,,,,,,,,,,,,,,,,,,,,,,,,,,,,,,,,,,,,,,,0x74,,,,,,,,,,,,,,,,,,,,,,,,,,,,,,,,,,,,S:ARAI(AU;SAFA;DCLCRPCRSDWDWO;;;WD),,,,,,,,,C:\Windows\System32\DriverStore\en-US\wvms_vspp.inf_loc,,Security,File,,,,,,,,,,,,,,,,,,,,0x410,C:\Windows\System32\poqexec.exe,,,,,,,,,,,,,,,,,,,,,,,,,,,WORKGROUP,0x3e7,,DC01$,S-1-5-18,,,,,,,,,,,,,,,,,,,,,,,,,,,,,
2025-08-13T11:00:55.393993Z,4907,DC01,Microsoft-Windows-Security-Auditing,Security,1160,0,,,,,,,,,,,,,,,,,,,,,,,,,,,,,,,,,,,,,,,,,,,,,,,0x74,,,,,,,,,,,,,,,,,,,,,,,,,,,,,,,,,,,,S:ARAI(AU;SAFA;DCLCRPCRSDWDWO;;;WD),,,,,,,,,C:\Windows\System32\DriverStore\en-US\wvpcivsp.inf_loc,,Security,File,,,,,,,,,,,,,,,,,,,,0x410,C:\Windows\System32\poqexec.exe,,,,,,,,,,,,,,,,,,,,,,,,,,,WORKGROUP,0x3e7,,DC01$,S-1-5-18,,,,,,,,,,,,,,,,,,,,,,,,,,,,,
2025-08-13T11:00:55.394661Z,4907,DC01,Microsoft-Windows-Security-Auditing,Security,1161,0,,,,,,,,,,,,,,,,,,,,,,,,,,,,,,,,,,,,,,,,,,,,,,,0x74,,,,,,,,,,,,,,,,,,,,,,,,,,,,,,,,,,,,S:ARAI(AU;SAFA;DCLCRPCRSDWDWO;;;WD),,,,,,,,,C:\Windows\System32\en\dsac.resources.dll,,Security,File,,,,,,,,,,,,,,,,,,,,0x410,C:\Windows\System32\poqexec.exe,,,,,,,,,,,,,,,,,,,,,,,,,,,WORKGROUP,0x3e7,,DC01$,S-1-5-18,,,,,,,,,,,,,,,,,,,,,,,,,,,,,
2025-08-13T11:00:55.394990Z,4907,DC01,Microsoft-Windows-Security-Auditing,Security,1162,0,,,,,,,,,,,,,,,,,,,,,,,,,,,,,,,,,,,,,,,,,,,,,,,0x74,,,,,,,,,,,,,,,,,,,,,,,,,,,,,,,,,,,,S:ARAI(AU;SAFA;DCLCRPCRSDWDWO;;;WD),,,,,,,,,C:\Windows\System32\en\Microsoft.ActiveDirectory.Management.resources.dll,,Security,File,,,,,,,,,,,,,,,,,,,,0x410,C:\Windows\System32\poqexec.exe,,,,,,,,,,,,,,,,,,,,,,,,,,,WORKGROUP,0x3e7,,DC01$,S-1-5-18,,,,,,,,,,,,,,,,,,,,,,,,,,,,,
2025-08-13T11:00:55.395306Z,4907,DC01,Microsoft-Windows-Security-Auditing,Security,1163,0,,,,,,,,,,,,,,,,,,,,,,,,,,,,,,,,,,,,,,,,,,,,,,,0x74,,,,,,,,,,,,,,,,,,,,,,,,,,,,,,,,,,,,S:ARAI(AU;SAFA;DCLCRPCRSDWDWO;;;WD),,,,,,,,,C:\Windows\System32\en\mtedit.resources.dll,,Security,File,,,,,,,,,,,,,,,,,,,,0x410,C:\Windows\System32\poqexec.exe,,,,,,,,,,,,,,,,,,,,,,,,,,,WORKGROUP,0x3e7,,DC01$,S-1-5-18,,,,,,,,,,,,,,,,,,,,,,,,,,,,,
2025-08-13T11:00:55.396132Z,4907,DC01,Microsoft-Windows-Security-Auditing,Security,1164,0,,,,,,,,,,,,,,,,,,,,,,,,,,,,,,,,,,,,,,,,,,,,,,,0x74,,,,,,,,,,,,,,,,,,,,,,,,,,,,,,,,,,,,S:ARAI(AU;SAFA;DCLCRPCRSDWDWO;;;WD),,,,,,,,,C:\Windows\System32\en-US\adprep.dll.mui,,Security,File,,,,,,,,,,,,,,,,,,,,0x410,C:\Windows\System32\poqexec.exe,,,,,,,,,,,,,,,,,,,,,,,,,,,WORKGROUP,0x3e7,,DC01$,S-1-5-18,,,,,,,,,,,,,,,,,,,,,,,,,,,,,
2025-08-13T11:00:55.396570Z,4907,DC01,Microsoft-Windows-Security-Auditing,Security,1165,0,,,,,,,,,,,,,,,,,,,,,,,,,,,,,,,,,,,,,,,,,,,,,,,0x74,,,,,,,,,,,,,,,,,,,,,,,,,,,,,,,,,,,,S:ARAI(AU;SAFA;DCLCRPCRSDWDWO;;;WD),,,,,,,,,C:\Windows\System32\en-US\adprop.dll.mui,,Security,File,,,,,,,,,,,,,,,,,,,,0x410,C:\Windows\System32\poqexec.exe,,,,,,,,,,,,,,,,,,,,,,,,,,,WORKGROUP,0x3e7,,DC01$,S-1-5-18,,,,,,,,,,,,,,,,,,,,,,,,,,,,,
2025-08-13T11:00:55.396862Z,4907,DC01,Microsoft-Windows-Security-Auditing,Security,1166,0,,,,,,,,,,,,,,,,,,,,,,,,,,,,,,,,,,,,,,,,,,,,,,,0x74,,,,,,,,,,,,,,,,,,,,,,,,,,,,,,,,,,,,S:ARAI(AU;SAFA;DCLCRPCRSDWDWO;;;WD),,,,,,,,,C:\Windows\System32\en-US\adsiedit.dll.mui,,Security,File,,,,,,,,,,,,,,,,,,,,0x410,C:\Windows\System32\poqexec.exe,,,,,,,,,,,,,,,,,,,,,,,,,,,WORKGROUP,0x3e7,,DC01$,S-1-5-18,,,,,,,,,,,,,,,,,,,,,,,,,,,,,
2025-08-13T11:00:55.397163Z,4907,DC01,Microsoft-Windows-Security-Auditing,Security,1167,0,,,,,,,,,,,,,,,,,,,,,,,,,,,,,,,,,,,,,,,,,,,,,,,0x74,,,,,,,,,,,,,,,,,,,,,,,,,,,,,,,,,,,,S:ARAI(AU;SAFA;DCLCRPCRSDWDWO;;;WD),,,,,,,,,C:\Windows\System32\en-US\adsiedit.msc,,Security,File,,,,,,,,,,,,,,,,,,,,0x410,C:\Windows\System32\poqexec.exe,,,,,,,,,,,,,,,,,,,,,,,,,,,WORKGROUP,0x3e7,,DC01$,S-1-5-18,,,,,,,,,,,,,,,,,,,,,,,,,,,,,
2025-08-13T11:00:55.397454Z,4907,DC01,Microsoft-Windows-Security-Auditing,Security,1168,0,,,,,,,,,,,,,,,,,,,,,,,,,,,,,,,,,,,,,,,,,,,,,,,0x74,,,,,,,,,,,,,,,,,,,,,,,,,,,,,,,,,,,,S:ARAI(AU;SAFA;DCLCRPCRSDWDWO;;;WD),,,,,,,,,C:\Windows\System32\en-US\AttestationWmiProvider.dll.mui,,Security,File,,,,,,,,,,,,,,,,,,,,0x410,C:\Windows\System32\poqexec.exe,,,,,,,,,,,,,,,,,,,,,,,,,,,WORKGROUP,0x3e7,,DC01$,S-1-5-18,,,,,,,,,,,,,,,,,,,,,,,,,,,,,
2025-08-13T11:00:55.397729Z,4907,DC01,Microsoft-Windows-Security-Auditing,Security,1169,0,,,,,,,,,,,,,,,,,,,,,,,,,,,,,,,,,,,,,,,,,,,,,,,0x74,,,,,,,,,,,,,,,,,,,,,,,,,,,,,,,,,,,,S:ARAI(AU;SAFA;DCLCRPCRSDWDWO;;;WD),,,,,,,,,C:\Windows\System32\en-US\csvde.dll.mui,,Security,File,,,,,,,,,,,,,,,,,,,,0x410,C:\Windows\System32\poqexec.exe,,,,,,,,,,,,,,,,,,,,,,,,,,,WORKGROUP,0x3e7,,DC01$,S-1-5-18,,,,,,,,,,,,,,,,,,,,,,,,,,,,,
2025-08-13T11:00:55.398008Z,4907,DC01,Microsoft-Windows-Security-Auditing,Security,1170,0,,,,,,,,,,,,,,,,,,,,,,,,,,,,,,,,,,,,,,,,,,,,,,,0x74,,,,,,,,,,,,,,,,,,,,,,,,,,,,,,,,,,,,S:ARAI(AU;SAFA;DCLCRPCRSDWDWO;;;WD),,,,,,,,,C:\Windows\System32\en-US\csvde.exe.mui,,Security,File,,,,,,,,,,,,,,,,,,,,0x410,C:\Windows\System32\poqexec.exe,,,,,,,,,,,,,,,,,,,,,,,,,,,WORKGROUP,0x3e7,,DC01$,S-1-5-18,,,,,,,,,,,,,,,,,,,,,,,,,,,,,
2025-08-13T11:00:55.398305Z,4907,DC01,Microsoft-Windows-Security-Auditing,Security,1171,0,,,,,,,,,,,,,,,,,,,,,,,,,,,,,,,,,,,,,,,,,,,,,,,0x74,,,,,,,,,,,,,,,,,,,,,,,,,,,,,,,,,,,,S:ARAI(AU;SAFA;DCLCRPCRSDWDWO;;;WD),,,,,,,,,C:\Windows\System32\en-US\dcdiag.exe.mui,,Security,File,,,,,,,,,,,,,,,,,,,,0x410,C:\Windows\System32\poqexec.exe,,,,,,,,,,,,,,,,,,,,,,,,,,,WORKGROUP,0x3e7,,DC01$,S-1-5-18,,,,,,,,,,,,,,,,,,,,,,,,,,,,,
2025-08-13T11:00:55.398597Z,4907,DC01,Microsoft-Windows-Security-Auditing,Security,1172,0,,,,,,,,,,,,,,,,,,,,,,,,,,,,,,,,,,,,,,,,,,,,,,,0x74,,,,,,,,,,,,,,,,,,,,,,,,,,,,,,,,,,,,S:ARAI(AU;SAFA;DCLCRPCRSDWDWO;;;WD),,,,,,,,,C:\Windows\System32\en-US\dcpromocmd.dll.mui,,Security,File,,,,,,,,,,,,,,,,,,,,0x410,C:\Windows\System32\poqexec.exe,,,,,,,,,,,,,,,,,,,,,,,,,,,WORKGROUP,0x3e7,,DC01$,S-1-5-18,,,,,,,,,,,,,,,,,,,,,,,,,,,,,
2025-08-13T11:00:55.398870Z,4907,DC01,Microsoft-Windows-Security-Auditing,Security,1173,0,,,,,,,,,,,,,,,,,,,,,,,,,,,,,,,,,,,,,,,,,,,,,,,0x74,,,,,,,,,,,,,,,,,,,,,,,,,,,,,,,,,,,,S:ARAI(AU;SAFA;DCLCRPCRSDWDWO;;;WD),,,,,,,,,C:\Windows\System32\en-US\dcpromoui.dll.mui,,Security,File,,,,,,,,,,,,,,,,,,,,0x410,C:\Windows\System32\poqexec.exe,,,,,,,,,,,,,,,,,,,,,,,,,,,WORKGROUP,0x3e7,,DC01$,S-1-5-18,,,,,,,,,,,,,,,,,,,,,,,,,,,,,
2025-08-13T11:00:55.399229Z,4907,DC01,Microsoft-Windows-Security-Auditing,Security,1174,0,,,,,,,,,,,,,,,,,,,,,,,,,,,,,,,,,,,,,,,,,,,,,,,0x74,,,,,,,,,,,,,,,,,,,,,,,,,,,,,,,,,,,,S:ARAI(AU;SAFA;DCLCRPCRSDWDWO;;;WD),,,,,,,,,C:\Windows\System32\en-US\dfscmd.exe.mui,,Security,File,,,,,,,,,,,,,,,,,,,,0x410,C:\Windows\System32\poqexec.exe,,,,,,,,,,,,,,,,,,,,,,,,,,,WORKGROUP,0x3e7,,DC01$,S-1-5-18,,,,,,,,,,,,,,,,,,,,,,,,,,,,,
2025-08-13T11:00:55.399532Z,4907,DC01,Microsoft-Windows-Security-Auditing,Security,1175,0,,,,,,,,,,,,,,,,,,,,,,,,,,,,,,,,,,,,,,,,,,,,,,,0x74,,,,,,,,,,,,,,,,,,,,,,,,,,,,,,,,,,,,S:ARAI(AU;SAFA;DCLCRPCRSDWDWO;;;WD),,,,,,,,,C:\Windows\System32\en-US\dfsdiag.exe.mui,,Security,File,,,,,,,,,,,,,,,,,,,,0x410,C:\Windows\System32\poqexec.exe,,,,,,,,,,,,,,,,,,,,,,,,,,,WORKGROUP,0x3e7,,DC01$,S-1-5-18,,,,,,,,,,,,,,,,,,,,,,,,,,,,,
2025-08-13T11:00:55.400279Z,4907,DC01,Microsoft-Windows-Security-Auditing,Security,1176,0,,,,,,,,,,,,,,,,,,,,,,,,,,,,,,,,,,,,,,,,,,,,,,,0x74,,,,,,,,,,,,,,,,,,,,,,,,,,,,,,,,,,,,S:ARAI(AU;SAFA;DCLCRPCRSDWDWO;;;WD),,,,,,,,,C:\Windows\System32\en-US\DfsfrsHost.exe.mui,,Security,File,,,,,,,,,,,,,,,,,,,,0x410,C:\Windows\System32\poqexec.exe,,,,,,,,,,,,,,,,,,,,,,,,,,,WORKGROUP,0x3e7,,DC01$,S-1-5-18,,,,,,,,,,,,,,,,,,,,,,,,,,,,,
2025-08-13T11:00:55.400580Z,4907,DC01,Microsoft-Windows-Security-Auditing,Security,1177,0,,,,,,,,,,,,,,,,,,,,,,,,,,,,,,,,,,,,,,,,,,,,,,,0x74,,,,,,,,,,,,,,,,,,,,,,,,,,,,,,,,,,,,S:ARAI(AU;SAFA;DCLCRPCRSDWDWO;;;WD),,,,,,,,,C:\Windows\System32\en-US\dfsncimprov.dll.mui,,Security,File,,,,,,,,,,,,,,,,,,,,0x410,C:\Windows\System32\poqexec.exe,,,,,,,,,,,,,,,,,,,,,,,,,,,WORKGROUP,0x3e7,,DC01$,S-1-5-18,,,,,,,,,,,,,,,,,,,,,,,,,,,,,
2025-08-13T11:00:55.400942Z,4907,DC01,Microsoft-Windows-Security-Auditing,Security,1178,0,,,,,,,,,,,,,,,,,,,,,,,,,,,,,,,,,,,,,,,,,,,,,,,0x74,,,,,,,,,,,,,,,,,,,,,,,,,,,,,,,,,,,,S:ARAI(AU;SAFA;DCLCRPCRSDWDWO;;;WD),,,,,,,,,C:\Windows\System32\en-US\DfsRes.dll.mui,,Security,File,,,,,,,,,,,,,,,,,,,,0x410,C:\Windows\System32\poqexec.exe,,,,,,,,,,,,,,,,,,,,,,,,,,,WORKGROUP,0x3e7,,DC01$,S-1-5-18,,,,,,,,,,,,,,,,,,,,,,,,,,,,,
2025-08-13T11:00:55.401250Z,4907,DC01,Microsoft-Windows-Security-Auditing,Security,1179,0,,,,,,,,,,,,,,,,,,,,,,,,,,,,,,,,,,,,,,,,,,,,,,,0x74,,,,,,,,,,,,,,,,,,,,,,,,,,,,,,,,,,,,S:ARAI(AU;SAFA;DCLCRPCRSDWDWO;;;WD),,,,,,,,,C:\Windows\System32\en-US\dfsrHealthMessages.xml,,Security,File,,,,,,,,,,,,,,,,,,,,0x410,C:\Windows\System32\poqexec.exe,,,,,,,,,,,,,,,,,,,,,,,,,,,WORKGROUP,0x3e7,,DC01$,S-1-5-18,,,,,,,,,,,,,,,,,,,,,,,,,,,,,
2025-08-13T11:00:55.401517Z,4907,DC01,Microsoft-Windows-Security-Auditing,Security,1180,0,,,,,,,,,,,,,,,,,,,,,,,,,,,,,,,,,,,,,,,,,,,,,,,0x74,,,,,,,,,,,,,,,,,,,,,,,,,,,,,,,,,,,,S:ARAI(AU;SAFA;DCLCRPCRSDWDWO;;;WD),,,,,,,,,C:\Windows\System32\en-US\dfsrHealthStrings.xml,,Security,File,,,,,,,,,,,,,,,,,,,,0x410,C:\Windows\System32\poqexec.exe,,,,,,,,,,,,,,,,,,,,,,,,,,,WORKGROUP,0x3e7,,DC01$,S-1-5-18,,,,,,,,,,,,,,,,,,,,,,,,,,,,,
2025-08-13T11:00:55.401890Z,4907,DC01,Microsoft-Windows-Security-Auditing,Security,1181,0,,,,,,,,,,,,,,,,,,,,,,,,,,,,,,,,,,,,,,,,,,,,,,,0x74,,,,,,,,,,,,,,,,,,,,,,,,,,,,,,,,,,,,S:ARAI(AU;SAFA;DCLCRPCRSDWDWO;;;WD),,,,,,,,,C:\Windows\System32\en-US\DfsrHelper.dll.mui,,Security,File,,,,,,,,,,,,,,,,,,,,0x410,C:\Windows\System32\poqexec.exe,,,,,,,,,,,,,,,,,,,,,,,,,,,WORKGROUP,0x3e7,,DC01$,S-1-5-18,,,,,,,,,,,,,,,,,,,,,,,,,,,,,
2025-08-13T11:00:55.402279Z,4907,DC01,Microsoft-Windows-Security-Auditing,Security,1182,0,,,,,,,,,,,,,,,,,,,,,,,,,,,,,,,,,,,,,,,,,,,,,,,0x74,,,,,,,,,,,,,,,,,,,,,,,,,,,,,,,,,,,,S:ARAI(AU;SAFA;DCLCRPCRSDWDWO;;;WD),,,,,,,,,C:\Windows\System32\en-US\dfsrmig.exe.mui,,Security,File,,,,,,,,,,,,,,,,,,,,0x410,C:\Windows\System32\poqexec.exe,,,,,,,,,,,,,,,,,,,,,,,,,,,WORKGROUP,0x3e7,,DC01$,S-1-5-18,,,,,,,,,,,,,,,,,,,,,,,,,,,,,
2025-08-13T11:00:55.402859Z,4907,DC01,Microsoft-Windows-Security-Auditing,Security,1183,0,,,,,,,,,,,,,,,,,,,,,,,,,,,,,,,,,,,,,,,,,,,,,,,0x74,,,,,,,,,,,,,,,,,,,,,,,,,,,,,,,,,,,,S:ARAI(AU;SAFA;DCLCRPCRSDWDWO;;;WD),,,,,,,,,C:\Windows\System32\en-US\dfsrPropagationStrings.xml,,Security,File,,,,,,,,,,,,,,,,,,,,0x410,C:\Windows\System32\poqexec.exe,,,,,,,,,,,,,,,,,,,,,,,,,,,WORKGROUP,0x3e7,,DC01$,S-1-5-18,,,,,,,,,,,,,,,,,,,,,,,,,,,,,
2025-08-13T11:00:55.403262Z,4907,DC01,Microsoft-Windows-Security-Auditing,Security,1184,0,,,,,,,,,,,,,,,,,,,,,,,,,,,,,,,,,,,,,,,,,,,,,,,0x74,,,,,,,,,,,,,,,,,,,,,,,,,,,,,,,,,,,,S:ARAI(AU;SAFA;DCLCRPCRSDWDWO;;;WD),,,,,,,,,C:\Windows\System32\en-US\dfsrress.dll.mui,,Security,File,,,,,,,,,,,,,,,,,,,,0x410,C:\Windows\System32\poqexec.exe,,,,,,,,,,,,,,,,,,,,,,,,,,,WORKGROUP,0x3e7,,DC01$,S-1-5-18,,,,,,,,,,,,,,,,,,,,,,,,,,,,,
2025-08-13T11:00:55.403636Z,4907,DC01,Microsoft-Windows-Security-Auditing,Security,1185,0,,,,,,,,,,,,,,,,,,,,,,,,,,,,,,,,,,,,,,,,,,,,,,,0x74,,,,,,,,,,,,,,,,,,,,,,,,,,,,,,,,,,,,S:ARAI(AU;SAFA;DCLCRPCRSDWDWO;;;WD),,,,,,,,,C:\Windows\System32\en-US\dfsrs.exe.mui,,Security,File,,,,,,,,,,,,,,,,,,,,0x410,C:\Windows\System32\poqexec.exe,,,,,,,,,,,,,,,,,,,,,,,,,,,WORKGROUP,0x3e7,,DC01$,S-1-5-18,,,,,,,,,,,,,,,,,,,,,,,,,,,,,
2025-08-13T11:00:55.403998Z,4907,DC01,Microsoft-Windows-Security-Auditing,Security,1186,0,,,,,,,,,,,,,,,,,,,,,,,,,,,,,,,,,,,,,,,,,,,,,,,0x74,,,,,,,,,,,,,,,,,,,,,,,,,,,,,,,,,,,,S:ARAI(AU;SAFA;DCLCRPCRSDWDWO;;;WD),,,,,,,,,C:\Windows\System32\en-US\dfssvc.exe.mui,,Security,File,,,,,,,,,,,,,,,,,,,,0x410,C:\Windows\System32\poqexec.exe,,,,,,,,,,,,,,,,,,,,,,,,,,,WORKGROUP,0x3e7,,DC01$,S-1-5-18,,,,,,,,,,,,,,,,,,,,,,,,,,,,,
2025-08-13T11:00:55.404358Z,4907,DC01,Microsoft-Windows-Security-Auditing,Security,1187,0,,,,,,,,,,,,,,,,,,,,,,,,,,,,,,,,,,,,,,,,,,,,,,,0x74,,,,,,,,,,,,,,,,,,,,,,,,,,,,,,,,,,,,S:ARAI(AU;SAFA;DCLCRPCRSDWDWO;;;WD),,,,,,,,,C:\Windows\System32\en-US\dfsutil.exe.mui,,Security,File,,,,,,,,,,,,,,,,,,,,0x410,C:\Windows\System32\poqexec.exe,,,,,,,,,,,,,,,,,,,,,,,,,,,WORKGROUP,0x3e7,,DC01$,S-1-5-18,,,,,,,,,,,,,,,,,,,,,,,,,,,,,
2025-08-13T11:00:55.404725Z,4907,DC01,Microsoft-Windows-Security-Auditing,Security,1188,0,,,,,,,,,,,,,,,,,,,,,,,,,,,,,,,,,,,,,,,,,,,,,,,0x74,,,,,,,,,,,,,,,,,,,,,,,,,,,,,,,,,,,,S:ARAI(AU;SAFA;DCLCRPCRSDWDWO;;;WD),,,,,,,,,C:\Windows\System32\en-US\domadmin.dll.mui,,Security,File,,,,,,,,,,,,,,,,,,,,0x410,C:\Windows\System32\poqexec.exe,,,,,,,,,,,,,,,,,,,,,,,,,,,WORKGROUP,0x3e7,,DC01$,S-1-5-18,,,,,,,,,,,,,,,,,,,,,,,,,,,,,
2025-08-13T11:00:55.405124Z,4907,DC01,Microsoft-Windows-Security-Auditing,Security,1189,0,,,,,,,,,,,,,,,,,,,,,,,,,,,,,,,,,,,,,,,,,,,,,,,0x74,,,,,,,,,,,,,,,,,,,,,,,,,,,,,,,,,,,,S:ARAI(AU;SAFA;DCLCRPCRSDWDWO;;;WD),,,,,,,,,C:\Windows\System32\en-US\domain.msc,,Security,File,,,,,,,,,,,,,,,,,,,,0x410,C:\Windows\System32\poqexec.exe,,,,,,,,,,,,,,,,,,,,,,,,,,,WORKGROUP,0x3e7,,DC01$,S-1-5-18,,,,,,,,,,,,,,,,,,,,,,,,,,,,,
2025-08-13T11:00:55.405489Z,4907,DC01,Microsoft-Windows-Security-Auditing,Security,1190,0,,,,,,,,,,,,,,,,,,,,,,,,,,,,,,,,,,,,,,,,,,,,,,,0x74,,,,,,,,,,,,,,,,,,,,,,,,,,,,,,,,,,,,S:ARAI(AU;SAFA;DCLCRPCRSDWDWO;;;WD),,,,,,,,,C:\Windows\System32\en-US\dsa.msc,,Security,File,,,,,,,,,,,,,,,,,,,,0x410,C:\Windows\System32\poqexec.exe,,,,,,,,,,,,,,,,,,,,,,,,,,,WORKGROUP,0x3e7,,DC01$,S-1-5-18,,,,,,,,,,,,,,,,,,,,,,,,,,,,,
2025-08-13T11:00:55.405843Z,4907,DC01,Microsoft-Windows-Security-Auditing,Security,1191,0,,,,,,,,,,,,,,,,,,,,,,,,,,,,,,,,,,,,,,,,,,,,,,,0x74,,,,,,,,,,,,,,,,,,,,,,,,,,,,,,,,,,,,S:ARAI(AU;SAFA;DCLCRPCRSDWDWO;;;WD),,,,,,,,,C:\Windows\System32\en-US\dsacls.exe.mui,,Security,File,,,,,,,,,,,,,,,,,,,,0x410,C:\Windows\System32\poqexec.exe,,,,,,,,,,,,,,,,,,,,,,,,,,,WORKGROUP,0x3e7,,DC01$,S-1-5-18,,,,,,,,,,,,,,,,,,,,,,,,,,,,,
2025-08-13T11:00:55.407098Z,4907,DC01,Microsoft-Windows-Security-Auditing,Security,1192,0,,,,,,,,,,,,,,,,,,,,,,,,,,,,,,,,,,,,,,,,,,,,,,,0x74,,,,,,,,,,,,,,,,,,,,,,,,,,,,,,,,,,,,S:ARAI(AU;SAFA;DCLCRPCRSDWDWO;;;WD),,,,,,,,,C:\Windows\System32\en-US\dsacn.dll.mui,,Security,File,,,,,,,,,,,,,,,,,,,,0x410,C:\Windows\System32\poqexec.exe,,,,,,,,,,,,,,,,,,,,,,,,,,,WORKGROUP,0x3e7,,DC01$,S-1-5-18,,,,,,,,,,,,,,,,,,,,,,,,,,,,,
2025-08-13T11:00:55.407526Z,4907,DC01,Microsoft-Windows-Security-Auditing,Security,1193,0,,,,,,,,,,,,,,,,,,,,,,,,,,,,,,,,,,,,,,,,,,,,,,,0x74,,,,,,,,,,,,,,,,,,,,,,,,,,,,,,,,,,,,S:ARAI(AU;SAFA;DCLCRPCRSDWDWO;;;WD),,,,,,,,,C:\Windows\System32\en-US\dsadd.exe.mui,,Security,File,,,,,,,,,,,,,,,,,,,,0x410,C:\Windows\System32\poqexec.exe,,,,,,,,,,,,,,,,,,,,,,,,,,,WORKGROUP,0x3e7,,DC01$,S-1-5-18,,,,,,,,,,,,,,,,,,,,,,,,,,,,,
2025-08-13T11:00:55.407975Z,4907,DC01,Microsoft-Windows-Security-Auditing,Security,1194,0,,,,,,,,,,,,,,,,,,,,,,,,,,,,,,,,,,,,,,,,,,,,,,,0x74,,,,,,,,,,,,,,,,,,,,,,,,,,,,,,,,,,,,S:ARAI(AU;SAFA;DCLCRPCRSDWDWO;;;WD),,,,,,,,,C:\Windows\System32\en-US\dsadmin.dll.mui,,Security,File,,,,,,,,,,,,,,,,,,,,0x410,C:\Windows\System32\poqexec.exe,,,,,,,,,,,,,,,,,,,,,,,,,,,WORKGROUP,0x3e7,,DC01$,S-1-5-18,,,,,,,,,,,,,,,,,,,,,,,,,,,,,
2025-08-13T11:00:55.408343Z,4907,DC01,Microsoft-Windows-Security-Auditing,Security,1195,0,,,,,,,,,,,,,,,,,,,,,,,,,,,,,,,,,,,,,,,,,,,,,,,0x74,,,,,,,,,,,,,,,,,,,,,,,,,,,,,,,,,,,,S:ARAI(AU;SAFA;DCLCRPCRSDWDWO;;;WD),,,,,,,,,C:\Windows\System32\en-US\dsdbutil.exe.mui,,Security,File,,,,,,,,,,,,,,,,,,,,0x410,C:\Windows\System32\poqexec.exe,,,,,,,,,,,,,,,,,,,,,,,,,,,WORKGROUP,0x3e7,,DC01$,S-1-5-18,,,,,,,,,,,,,,,,,,,,,,,,,,,,,
2025-08-13T11:00:55.408725Z,4907,DC01,Microsoft-Windows-Security-Auditing,Security,1196,0,,,,,,,,,,,,,,,,,,,,,,,,,,,,,,,,,,,,,,,,,,,,,,,0x74,,,,,,,,,,,,,,,,,,,,,,,,,,,,,,,,,,,,S:ARAI(AU;SAFA;DCLCRPCRSDWDWO;;;WD),,,,,,,,,C:\Windows\System32\en-US\dsget.exe.mui,,Security,File,,,,,,,,,,,,,,,,,,,,0x410,C:\Windows\System32\poqexec.exe,,,,,,,,,,,,,,,,,,,,,,,,,,,WORKGROUP,0x3e7,,DC01$,S-1-5-18,,,,,,,,,,,,,,,,,,,,,,,,,,,,,
2025-08-13T11:00:55.409091Z,4907,DC01,Microsoft-Windows-Security-Auditing,Security,1197,0,,,,,,,,,,,,,,,,,,,,,,,,,,,,,,,,,,,,,,,,,,,,,,,0x74,,,,,,,,,,,,,,,,,,,,,,,,,,,,,,,,,,,,S:ARAI(AU;SAFA;DCLCRPCRSDWDWO;;;WD),,,,,,,,,C:\Windows\System32\en-US\dsmgmt.exe.mui,,Security,File,,,,,,,,,,,,,,,,,,,,0x410,C:\Windows\System32\poqexec.exe,,,,,,,,,,,,,,,,,,,,,,,,,,,WORKGROUP,0x3e7,,DC01$,S-1-5-18,,,,,,,,,,,,,,,,,,,,,,,,,,,,,
2025-08-13T11:00:55.409461Z,4907,DC01,Microsoft-Windows-Security-Auditing,Security,1198,0,,,,,,,,,,,,,,,,,,,,,,,,,,,,,,,,,,,,,,,,,,,,,,,0x74,,,,,,,,,,,,,,,,,,,,,,,,,,,,,,,,,,,,S:ARAI(AU;SAFA;DCLCRPCRSDWDWO;;;WD),,,,,,,,,C:\Windows\System32\en-US\dsmod.exe.mui,,Security,File,,,,,,,,,,,,,,,,,,,,0x410,C:\Windows\System32\poqexec.exe,,,,,,,,,,,,,,,,,,,,,,,,,,,WORKGROUP,0x3e7,,DC01$,S-1-5-18,,,,,,,,,,,,,,,,,,,,,,,,,,,,,
2025-08-13T11:00:55.409767Z,4907,DC01,Microsoft-Windows-Security-Auditing,Security,1199,0,,,,,,,,,,,,,,,,,,,,,,,,,,,,,,,,,,,,,,,,,,,,,,,0x74,,,,,,,,,,,,,,,,,,,,,,,,,,,,,,,,,,,,S:ARAI(AU;SAFA;DCLCRPCRSDWDWO;;;WD),,,,,,,,,C:\Windows\System32\en-US\dsmove.exe.mui,,Security,File,,,,,,,,,,,,,,,,,,,,0x410,C:\Windows\System32\poqexec.exe,,,,,,,,,,,,,,,,,,,,,,,,,,,WORKGROUP,0x3e7,,DC01$,S-1-5-18,,,,,,,,,,,,,,,,,,,,,,,,,,,,,
2025-08-13T11:00:55.410070Z,4907,DC01,Microsoft-Windows-Security-Auditing,Security,1200,0,,,,,,,,,,,,,,,,,,,,,,,,,,,,,,,,,,,,,,,,,,,,,,,0x74,,,,,,,,,,,,,,,,,,,,,,,,,,,,,,,,,,,,S:ARAI(AU;SAFA;DCLCRPCRSDWDWO;;;WD),,,,,,,,,C:\Windows\System32\en-US\dsquery.exe.mui,,Security,File,,,,,,,,,,,,,,,,,,,,0x410,C:\Windows\System32\poqexec.exe,,,,,,,,,,,,,,,,,,,,,,,,,,,WORKGROUP,0x3e7,,DC01$,S-1-5-18,,,,,,,,,,,,,,,,,,,,,,,,,,,,,
2025-08-13T11:00:55.410377Z,4907,DC01,Microsoft-Windows-Security-Auditing,Security,1201,0,,,,,,,,,,,,,,,,,,,,,,,,,,,,,,,,,,,,,,,,,,,,,,,0x74,,,,,,,,,,,,,,,,,,,,,,,,,,,,,,,,,,,,S:ARAI(AU;SAFA;DCLCRPCRSDWDWO;;;WD),,,,,,,,,C:\Windows\System32\en-US\dsrm.exe.mui,,Security,File,,,,,,,,,,,,,,,,,,,,0x410,C:\Windows\System32\poqexec.exe,,,,,,,,,,,,,,,,,,,,,,,,,,,WORKGROUP,0x3e7,,DC01$,S-1-5-18,,,,,,,,,,,,,,,,,,,,,,,,,,,,,
2025-08-13T11:00:55.410679Z,4907,DC01,Microsoft-Windows-Security-Auditing,Security,1202,0,,,,,,,,,,,,,,,,,,,,,,,,,,,,,,,,,,,,,,,,,,,,,,,0x74,,,,,,,,,,,,,,,,,,,,,,,,,,,,,,,,,,,,S:ARAI(AU;SAFA;DCLCRPCRSDWDWO;;;WD),,,,,,,,,C:\Windows\System32\en-US\dsrolesrv.dll.mui,,Security,File,,,,,,,,,,,,,,,,,,,,0x410,C:\Windows\System32\poqexec.exe,,,,,,,,,,,,,,,,,,,,,,,,,,,WORKGROUP,0x3e7,,DC01$,S-1-5-18,,,,,,,,,,,,,,,,,,,,,,,,,,,,,
2025-08-13T11:00:55.410971Z,4907,DC01,Microsoft-Windows-Security-Auditing,Security,1203,0,,,,,,,,,,,,,,,,,,,,,,,,,,,,,,,,,,,,,,,,,,,,,,,0x74,,,,,,,,,,,,,,,,,,,,,,,,,,,,,,,,,,,,S:ARAI(AU;SAFA;DCLCRPCRSDWDWO;;;WD),,,,,,,,,C:\Windows\System32\en-US\dssite.msc,,Security,File,,,,,,,,,,,,,,,,,,,,0x410,C:\Windows\System32\poqexec.exe,,,,,,,,,,,,,,,,,,,,,,,,,,,WORKGROUP,0x3e7,,DC01$,S-1-5-18,,,,,,,,,,,,,,,,,,,,,,,,,,,,,
2025-08-13T11:00:55.411295Z,4907,DC01,Microsoft-Windows-Security-Auditing,Security,1204,0,,,,,,,,,,,,,,,,,,,,,,,,,,,,,,,,,,,,,,,,,,,,,,,0x74,,,,,,,,,,,,,,,,,,,,,,,,,,,,,,,,,,,,S:ARAI(AU;SAFA;DCLCRPCRSDWDWO;;;WD),,,,,,,,,C:\Windows\System32\en-US\dsuiwiz.dll.mui,,Security,File,,,,,,,,,,,,,,,,,,,,0x410,C:\Windows\System32\poqexec.exe,,,,,,,,,,,,,,,,,,,,,,,,,,,WORKGROUP,0x3e7,,DC01$,S-1-5-18,,,,,,,,,,,,,,,,,,,,,,,,,,,,,
2025-08-13T11:00:55.411600Z,4907,DC01,Microsoft-Windows-Security-Auditing,Security,1205,0,,,,,,,,,,,,,,,,,,,,,,,,,,,,,,,,,,,,,,,,,,,,,,,0x74,,,,,,,,,,,,,,,,,,,,,,,,,,,,,,,,,,,,S:ARAI(AU;SAFA;DCLCRPCRSDWDWO;;;WD),,,,,,,,,C:\Windows\System32\en-US\gpfixup.exe.mui,,Security,File,,,,,,,,,,,,,,,,,,,,0x410,C:\Windows\System32\poqexec.exe,,,,,,,,,,,,,,,,,,,,,,,,,,,WORKGROUP,0x3e7,,DC01$,S-1-5-18,,,,,,,,,,,,,,,,,,,,,,,,,,,,,
2025-08-13T11:00:55.411897Z,4907,DC01,Microsoft-Windows-Security-Auditing,Security,1206,0,,,,,,,,,,,,,,,,,,,,,,,,,,,,,,,,,,,,,,,,,,,,,,,0x74,,,,,,,,,,,,,,,,,,,,,,,,,,,,,,,,,,,,S:ARAI(AU;SAFA;DCLCRPCRSDWDWO;;;WD),,,,,,,,,C:\Windows\System32\en-US\gpmc.msc,,Security,File,,,,,,,,,,,,,,,,,,,,0x410,C:\Windows\System32\poqexec.exe,,,,,,,,,,,,,,,,,,,,,,,,,,,WORKGROUP,0x3e7,,DC01$,S-1-5-18,,,,,,,,,,,,,,,,,,,,,,,,,,,,,
2025-08-13T11:00:55.412298Z,4907,DC01,Microsoft-Windows-Security-Auditing,Security,1207,0,,,,,,,,,,,,,,,,,,,,,,,,,,,,,,,,,,,,,,,,,,,,,,,0x74,,,,,,,,,,,,,,,,,,,,,,,,,,,,,,,,,,,,S:ARAI(AU;SAFA;DCLCRPCRSDWDWO;;;WD),,,,,,,,,C:\Windows\System32\en-US\gpme.dll.mui,,Security,File,,,,,,,,,,,,,,,,,,,,0x410,C:\Windows\System32\poqexec.exe,,,,,,,,,,,,,,,,,,,,,,,,,,,WORKGROUP,0x3e7,,DC01$,S-1-5-18,,,,,,,,,,,,,,,,,,,,,,,,,,,,,
2025-08-13T11:00:55.412610Z,4907,DC01,Microsoft-Windows-Security-Auditing,Security,1208,0,,,,,,,,,,,,,,,,,,,,,,,,,,,,,,,,,,,,,,,,,,,,,,,0x74,,,,,,,,,,,,,,,,,,,,,,,,,,,,,,,,,,,,S:ARAI(AU;SAFA;DCLCRPCRSDWDWO;;;WD),,,,,,,,,C:\Windows\System32\en-US\gpme.msc,,Security,File,,,,,,,,,,,,,,,,,,,,0x410,C:\Windows\System32\poqexec.exe,,,,,,,,,,,,,,,,,,,,,,,,,,,WORKGROUP,0x3e7,,DC01$,S-1-5-18,,,,,,,,,,,,,,,,,,,,,,,,,,,,,
2025-08-13T11:00:55.412941Z,4907,DC01,Microsoft-Windows-Security-Auditing,Security,1209,0,,,,,,,,,,,,,,,,,,,,,,,,,,,,,,,,,,,,,,,,,,,,,,,0x74,,,,,,,,,,,,,,,,,,,,,,,,,,,,,,,,,,,,S:ARAI(AU;SAFA;DCLCRPCRSDWDWO;;;WD),,,,,,,,,C:\Windows\System32\en-US\gpmgmt.dll.mui,,Security,File,,,,,,,,,,,,,,,,,,,,0x410,C:\Windows\System32\poqexec.exe,,,,,,,,,,,,,,,,,,,,,,,,,,,WORKGROUP,0x3e7,,DC01$,S-1-5-18,,,,,,,,,,,,,,,,,,,,,,,,,,,,,
2025-08-13T11:00:55.413214Z,4907,DC01,Microsoft-Windows-Security-Auditing,Security,1210,0,,,,,,,,,,,,,,,,,,,,,,,,,,,,,,,,,,,,,,,,,,,,,,,0x74,,,,,,,,,,,,,,,,,,,,,,,,,,,,,,,,,,,,S:ARAI(AU;SAFA;DCLCRPCRSDWDWO;;;WD),,,,,,,,,C:\Windows\System32\en-US\GPOAdmin.dll.mui,,Security,File,,,,,,,,,,,,,,,,,,,,0x410,C:\Windows\System32\poqexec.exe,,,,,,,,,,,,,,,,,,,,,,,,,,,WORKGROUP,0x3e7,,DC01$,S-1-5-18,,,,,,,,,,,,,,,,,,,,,,,,,,,,,
2025-08-13T11:00:55.414124Z,4907,DC01,Microsoft-Windows-Security-Auditing,Security,1211,0,,,,,,,,,,,,,,,,,,,,,,,,,,,,,,,,,,,,,,,,,,,,,,,0x88,,,,,,,,,,,,,,,,,,,,,,,,,,,,,,,,,,,,S:ARAI(AU;SAFA;DCLCRPCRSDWDWO;;;WD),,,,,,,,,C:\Windows\System32\en-US\GPOAdminCommon.dll.mui,,Security,File,,,,,,,,,,,,,,,,,,,,0x410,C:\Windows\System32\poqexec.exe,,,,,,,,,,,,,,,,,,,,,,,,,,,WORKGROUP,0x3e7,,DC01$,S-1-5-18,,,,,,,,,,,,,,,,,,,,,,,,,,,,,
2025-08-13T11:00:55.414484Z,4907,DC01,Microsoft-Windows-Security-Auditing,Security,1212,0,,,,,,,,,,,,,,,,,,,,,,,,,,,,,,,,,,,,,,,,,,,,,,,0x88,,,,,,,,,,,,,,,,,,,,,,,,,,,,,,,,,,,,S:ARAI(AU;SAFA;DCLCRPCRSDWDWO;;;WD),,,,,,,,,C:\Windows\System32\en-US\GPOAdminCustom.dll.mui,,Security,File,,,,,,,,,,,,,,,,,,,,0x410,C:\Windows\System32\poqexec.exe,,,,,,,,,,,,,,,,,,,,,,,,,,,WORKGROUP,0x3e7,,DC01$,S-1-5-18,,,,,,,,,,,,,,,,,,,,,,,,,,,,,
2025-08-13T11:00:55.414968Z,4907,DC01,Microsoft-Windows-Security-Auditing,Security,1213,0,,,,,,,,,,,,,,,,,,,,,,,,,,,,,,,,,,,,,,,,,,,,,,,0x88,,,,,,,,,,,,,,,,,,,,,,,,,,,,,,,,,,,,S:ARAI(AU;SAFA;DCLCRPCRSDWDWO;;;WD),,,,,,,,,C:\Windows\System32\en-US\gppref.dll.mui,,Security,File,,,,,,,,,,,,,,,,,,,,0x410,C:\Windows\System32\poqexec.exe,,,,,,,,,,,,,,,,,,,,,,,,,,,WORKGROUP,0x3e7,,DC01$,S-1-5-18,,,,,,,,,,,,,,,,,,,,,,,,,,,,,
2025-08-13T11:00:55.415271Z,4907,DC01,Microsoft-Windows-Security-Auditing,Security,1214,0,,,,,,,,,,,,,,,,,,,,,,,,,,,,,,,,,,,,,,,,,,,,,,,0x88,,,,,,,,,,,,,,,,,,,,,,,,,,,,,,,,,,,,S:ARAI(AU;SAFA;DCLCRPCRSDWDWO;;;WD),,,,,,,,,C:\Windows\System32\en-US\gpprefbr.dll.mui,,Security,File,,,,,,,,,,,,,,,,,,,,0x410,C:\Windows\System32\poqexec.exe,,,,,,,,,,,,,,,,,,,,,,,,,,,WORKGROUP,0x3e7,,DC01$,S-1-5-18,,,,,,,,,,,,,,,,,,,,,,,,,,,,,
2025-08-13T11:00:55.415566Z,4907,DC01,Microsoft-Windows-Security-Auditing,Security,1215,0,,,,,,,,,,,,,,,,,,,,,,,,,,,,,,,,,,,,,,,,,,,,,,,0x88,,,,,,,,,,,,,,,,,,,,,,,,,,,,,,,,,,,,S:ARAI(AU;SAFA;DCLCRPCRSDWDWO;;;WD),,,,,,,,,C:\Windows\System32\en-US\gpprefcn.dll.mui,,Security,File,,,,,,,,,,,,,,,,,,,,0x410,C:\Windows\System32\poqexec.exe,,,,,,,,,,,,,,,,,,,,,,,,,,,WORKGROUP,0x3e7,,DC01$,S-1-5-18,,,,,,,,,,,,,,,,,,,,,,,,,,,,,
2025-08-13T11:00:55.416359Z,4907,DC01,Microsoft-Windows-Security-Auditing,Security,1216,0,,,,,,,,,,,,,,,,,,,,,,,,,,,,,,,,,,,,,,,,,,,,,,,0x88,,,,,,,,,,,,,,,,,,,,,,,,,,,,,,,,,,,,S:ARAI(AU;SAFA;DCLCRPCRSDWDWO;;;WD),,,,,,,,,C:\Windows\System32\en-US\gpregistrybrowser.dll.mui,,Security,File,,,,,,,,,,,,,,,,,,,,0x410,C:\Windows\System32\poqexec.exe,,,,,,,,,,,,,,,,,,,,,,,,,,,WORKGROUP,0x3e7,,DC01$,S-1-5-18,,,,,,,,,,,,,,,,,,,,,,,,,,,,,
2025-08-13T11:00:55.416669Z,4907,DC01,Microsoft-Windows-Security-Auditing,Security,1217,0,,,,,,,,,,,,,,,,,,,,,,,,,,,,,,,,,,,,,,,,,,,,,,,0x88,,,,,,,,,,,,,,,,,,,,,,,,,,,,,,,,,,,,S:ARAI(AU;SAFA;DCLCRPCRSDWDWO;;;WD),,,,,,,,,C:\Windows\System32\en-US\GPRSoP.dll.mui,,Security,File,,,,,,,,,,,,,,,,,,,,0x410,C:\Windows\System32\poqexec.exe,,,,,,,,,,,,,,,,,,,,,,,,,,,WORKGROUP,0x3e7,,DC01$,S-1-5-18,,,,,,,,,,,,,,,,,,,,,,,,,,,,,
2025-08-13T11:00:55.416966Z,4907,DC01,Microsoft-Windows-Security-Auditing,Security,1218,0,,,,,,,,,,,,,,,,,,,,,,,,,,,,,,,,,,,,,,,,,,,,,,,0x88,,,,,,,,,,,,,,,,,,,,,,,,,,,,,,,,,,,,S:ARAI(AU;SAFA;DCLCRPCRSDWDWO;;;WD),,,,,,,,,C:\Windows\System32\en-US\gptedit.msc,,Security,File,,,,,,,,,,,,,,,,,,,,0x410,C:\Windows\System32\poqexec.exe,,,,,,,,,,,,,,,,,,,,,,,,,,,WORKGROUP,0x3e7,,DC01$,S-1-5-18,,,,,,,,,,,,,,,,,,,,,,,,,,,,,
2025-08-13T11:00:55.417743Z,4907,DC01,Microsoft-Windows-Security-Auditing,Security,1219,0,,,,,,,,,,,,,,,,,,,,,,,,,,,,,,,,,,,,,,,,,,,,,,,0x88,,,,,,,,,,,,,,,,,,,,,,,,,,,,,,,,,,,,S:ARAI(AU;SAFA;DCLCRPCRSDWDWO;;;WD),,,,,,,,,C:\Windows\System32\en-US\gpupvdev.dll.mui,,Security,File,,,,,,,,,,,,,,,,,,,,0x410,C:\Windows\System32\poqexec.exe,,,,,,,,,,,,,,,,,,,,,,,,,,,WORKGROUP,0x3e7,,DC01$,S-1-5-18,,,,,,,,,,,,,,,,,,,,,,,,,,,,,
2025-08-13T11:00:55.418083Z,4907,DC01,Microsoft-Windows-Security-Auditing,Security,1220,0,,,,,,,,,,,,,,,,,,,,,,,,,,,,,,,,,,,,,,,,,,,,,,,0x88,,,,,,,,,,,,,,,,,,,,,,,,,,,,,,,,,,,,S:ARAI(AU;SAFA;DCLCRPCRSDWDWO;;;WD),,,,,,,,,C:\Windows\System32\en-US\hcsdiag.exe.mui,,Security,File,,,,,,,,,,,,,,,,,,,,0x410,C:\Windows\System32\poqexec.exe,,,,,,,,,,,,,,,,,,,,,,,,,,,WORKGROUP,0x3e7,,DC01$,S-1-5-18,,,,,,,,,,,,,,,,,,,,,,,,,,,,,
2025-08-13T11:00:55.418391Z,4907,DC01,Microsoft-Windows-Security-Auditing,Security,1221,0,,,,,,,,,,,,,,,,,,,,,,,,,,,,,,,,,,,,,,,,,,,,,,,0x88,,,,,,,,,,,,,,,,,,,,,,,,,,,,,,,,,,,,S:ARAI(AU;SAFA;DCLCRPCRSDWDWO;;;WD),,,,,,,,,C:\Windows\System32\en-US\hgclientservice.dll.mui,,Security,File,,,,,,,,,,,,,,,,,,,,0x410,C:\Windows\System32\poqexec.exe,,,,,,,,,,,,,,,,,,,,,,,,,,,WORKGROUP,0x3e7,,DC01$,S-1-5-18,,,,,,,,,,,,,,,,,,,,,,,,,,,,,
2025-08-13T11:00:55.418730Z,4907,DC01,Microsoft-Windows-Security-Auditing,Security,1222,0,,,,,,,,,,,,,,,,,,,,,,,,,,,,,,,,,,,,,,,,,,,,,,,0x88,,,,,,,,,,,,,,,,,,,,,,,,,,,,,,,,,,,,S:ARAI(AU;SAFA;DCLCRPCRSDWDWO;;;WD),,,,,,,,,C:\Windows\System32\en-US\HgsClientWmi.dll.mui,,Security,File,,,,,,,,,,,,,,,,,,,,0x410,C:\Windows\System32\poqexec.exe,,,,,,,,,,,,,,,,,,,,,,,,,,,WORKGROUP,0x3e7,,DC01$,S-1-5-18,,,,,,,,,,,,,,,,,,,,,,,,,,,,,
2025-08-13T11:00:55.419077Z,4907,DC01,Microsoft-Windows-Security-Auditing,Security,1223,0,,,,,,,,,,,,,,,,,,,,,,,,,,,,,,,,,,,,,,,,,,,,,,,0x88,,,,,,,,,,,,,,,,,,,,,,,,,,,,,,,,,,,,S:ARAI(AU;SAFA;DCLCRPCRSDWDWO;;;WD),,,,,,,,,C:\Windows\System32\en-US\HostGuardianServiceClientResources.dll.mui,,Security,File,,,,,,,,,,,,,,,,,,,,0x410,C:\Windows\System32\poqexec.exe,,,,,,,,,,,,,,,,,,,,,,,,,,,WORKGROUP,0x3e7,,DC01$,S-1-5-18,,,,,,,,,,,,,,,,,,,,,,,,,,,,,
2025-08-13T11:00:55.419425Z,4907,DC01,Microsoft-Windows-Security-Auditing,Security,1224,0,,,,,,,,,,,,,,,,,,,,,,,,,,,,,,,,,,,,,,,,,,,,,,,0x88,,,,,,,,,,,,,,,,,,,,,,,,,,,,,,,,,,,,S:ARAI(AU;SAFA;DCLCRPCRSDWDWO;;;WD),,,,,,,,,C:\Windows\System32\en-US\hvc.exe.mui,,Security,File,,,,,,,,,,,,,,,,,,,,0x410,C:\Windows\System32\poqexec.exe,,,,,,,,,,,,,,,,,,,,,,,,,,,WORKGROUP,0x3e7,,DC01$,S-1-5-18,,,,,,,,,,,,,,,,,,,,,,,,,,,,,
2025-08-13T11:00:55.420189Z,4907,DC01,Microsoft-Windows-Security-Auditing,Security,1225,0,,,,,,,,,,,,,,,,,,,,,,,,,,,,,,,,,,,,,,,,,,,,,,,0x88,,,,,,,,,,,,,,,,,,,,,,,,,,,,,,,,,,,,S:ARAI(AU;SAFA;DCLCRPCRSDWDWO;;;WD),,,,,,,,,C:\Windows\System32\en-US\ismserv.exe.mui,,Security,File,,,,,,,,,,,,,,,,,,,,0x410,C:\Windows\System32\poqexec.exe,,,,,,,,,,,,,,,,,,,,,,,,,,,WORKGROUP,0x3e7,,DC01$,S-1-5-18,,,,,,,,,,,,,,,,,,,,,,,,,,,,,
2025-08-13T11:00:55.420480Z,4907,DC01,Microsoft-Windows-Security-Auditing,Security,1226,0,,,,,,,,,,,,,,,,,,,,,,,,,,,,,,,,,,,,,,,,,,,,,,,0x88,,,,,,,,,,,,,,,,,,,,,,,,,,,,,,,,,,,,S:ARAI(AU;SAFA;DCLCRPCRSDWDWO;;;WD),,,,,,,,,C:\Windows\System32\en-US\kdcsvc.dll.mui,,Security,File,,,,,,,,,,,,,,,,,,,,0x410,C:\Windows\System32\poqexec.exe,,,,,,,,,,,,,,,,,,,,,,,,,,,WORKGROUP,0x3e7,,DC01$,S-1-5-18,,,,,,,,,,,,,,,,,,,,,,,,,,,,,
2025-08-13T11:00:55.421296Z,4907,DC01,Microsoft-Windows-Security-Auditing,Security,1227,0,,,,,,,,,,,,,,,,,,,,,,,,,,,,,,,,,,,,,,,,,,,,,,,0x88,,,,,,,,,,,,,,,,,,,,,,,,,,,,,,,,,,,,S:ARAI(AU;SAFA;DCLCRPCRSDWDWO;;;WD),,,,,,,,,C:\Windows\System32\en-US\KdsSvc.dll.mui,,Security,File,,,,,,,,,,,,,,,,,,,,0x410,C:\Windows\System32\poqexec.exe,,,,,,,,,,,,,,,,,,,,,,,,,,,WORKGROUP,0x3e7,,DC01$,S-1-5-18,,,,,,,,,,,,,,,,,,,,,,,,,,,,,
2025-08-13T11:00:55.421709Z,4907,DC01,Microsoft-Windows-Security-Auditing,Security,1228,0,,,,,,,,,,,,,,,,,,,,,,,,,,,,,,,,,,,,,,,,,,,,,,,0x88,,,,,,,,,,,,,,,,,,,,,,,,,,,,,,,,,,,,S:ARAI(AU;SAFA;DCLCRPCRSDWDWO;;;WD),,,,,,,,,C:\Windows\System32\en-US\ldifde.dll.mui,,Security,File,,,,,,,,,,,,,,,,,,,,0x410,C:\Windows\System32\poqexec.exe,,,,,,,,,,,,,,,,,,,,,,,,,,,WORKGROUP,0x3e7,,DC01$,S-1-5-18,,,,,,,,,,,,,,,,,,,,,,,,,,,,,
2025-08-13T11:00:55.422063Z,4907,DC01,Microsoft-Windows-Security-Auditing,Security,1229,0,,,,,,,,,,,,,,,,,,,,,,,,,,,,,,,,,,,,,,,,,,,,,,,0x88,,,,,,,,,,,,,,,,,,,,,,,,,,,,,,,,,,,,S:ARAI(AU;SAFA;DCLCRPCRSDWDWO;;;WD),,,,,,,,,C:\Windows\System32\en-US\ldifde.exe.mui,,Security,File,,,,,,,,,,,,,,,,,,,,0x410,C:\Windows\System32\poqexec.exe,,,,,,,,,,,,,,,,,,,,,,,,,,,WORKGROUP,0x3e7,,DC01$,S-1-5-18,,,,,,,,,,,,,,,,,,,,,,,,,,,,,
2025-08-13T11:00:55.422451Z,4907,DC01,Microsoft-Windows-Security-Auditing,Security,1230,0,,,,,,,,,,,,,,,,,,,,,,,,,,,,,,,,,,,,,,,,,,,,,,,0x88,,,,,,,,,,,,,,,,,,,,,,,,,,,,,,,,,,,,S:ARAI(AU;SAFA;DCLCRPCRSDWDWO;;;WD),,,,,,,,,C:\Windows\System32\en-US\ldp.exe.mui,,Security,File,,,,,,,,,,,,,,,,,,,,0x410,C:\Windows\System32\poqexec.exe,,,,,,,,,,,,,,,,,,,,,,,,,,,WORKGROUP,0x3e7,,DC01$,S-1-5-18,,,,,,,,,,,,,,,,,,,,,,,,,,,,,
2025-08-13T11:00:55.422784Z,4907,DC01,Microsoft-Windows-Security-Auditing,Security,1231,0,,,,,,,,,,,,,,,,,,,,,,,,,,,,,,,,,,,,,,,,,,,,,,,0x88,,,,,,,,,,,,,,,,,,,,,,,,,,,,,,,,,,,,S:ARAI(AU;SAFA;DCLCRPCRSDWDWO;;;WD),,,,,,,,,C:\Windows\System32\en-US\NetMgmtIF.dll.mui,,Security,File,,,,,,,,,,,,,,,,,,,,0x410,C:\Windows\System32\poqexec.exe,,,,,,,,,,,,,,,,,,,,,,,,,,,WORKGROUP,0x3e7,,DC01$,S-1-5-18,,,,,,,,,,,,,,,,,,,,,,,,,,,,,
2025-08-13T11:00:55.423092Z,4907,DC01,Microsoft-Windows-Security-Auditing,Security,1232,0,,,,,,,,,,,,,,,,,,,,,,,,,,,,,,,,,,,,,,,,,,,,,,,0x88,,,,,,,,,,,,,,,,,,,,,,,,,,,,,,,,,,,,S:ARAI(AU;SAFA;DCLCRPCRSDWDWO;;;WD),,,,,,,,,C:\Windows\System32\en-US\ntdsa.dll.mui,,Security,File,,,,,,,,,,,,,,,,,,,,0x410,C:\Windows\System32\poqexec.exe,,,,,,,,,,,,,,,,,,,,,,,,,,,WORKGROUP,0x3e7,,DC01$,S-1-5-18,,,,,,,,,,,,,,,,,,,,,,,,,,,,,
2025-08-13T11:00:55.423413Z,4907,DC01,Microsoft-Windows-Security-Auditing,Security,1233,0,,,,,,,,,,,,,,,,,,,,,,,,,,,,,,,,,,,,,,,,,,,,,,,0x88,,,,,,,,,,,,,,,,,,,,,,,,,,,,,,,,,,,,S:ARAI(AU;SAFA;DCLCRPCRSDWDWO;;;WD),,,,,,,,,C:\Windows\System32\en-US\ntdsai.dll.mui,,Security,File,,,,,,,,,,,,,,,,,,,,0x410,C:\Windows\System32\poqexec.exe,,,,,,,,,,,,,,,,,,,,,,,,,,,WORKGROUP,0x3e7,,DC01$,S-1-5-18,,,,,,,,,,,,,,,,,,,,,,,,,,,,,
2025-08-13T11:00:55.423708Z,4907,DC01,Microsoft-Windows-Security-Auditing,Security,1234,0,,,,,,,,,,,,,,,,,,,,,,,,,,,,,,,,,,,,,,,,,,,,,,,0x88,,,,,,,,,,,,,,,,,,,,,,,,,,,,,,,,,,,,S:ARAI(AU;SAFA;DCLCRPCRSDWDWO;;;WD),,,,,,,,,C:\Windows\System32\en-US\ntdsatq.dll.mui,,Security,File,,,,,,,,,,,,,,,,,,,,0x410,C:\Windows\System32\poqexec.exe,,,,,,,,,,,,,,,,,,,,,,,,,,,WORKGROUP,0x3e7,,DC01$,S-1-5-18,,,,,,,,,,,,,,,,,,,,,,,,,,,,,
