2025-08-13T10:54:03.245501Z,4672,WIN-LC7SFT89DTG,Microsoft-Windows-Security-Auditing,Security,338,0,,,,,,,,,,,,,,,,,,,,,,,,,,,,,,,,,,,,,,,,,,,,,,,,,,,,,,,,,,,,,,,,,,,,,,,,,,,,,,,,,,,,,,,,,,,,,,,,,,,,,,,,,,,,,,,,,"SeAssignPrimaryTokenPrivilege
			SeTcbPrivilege
			SeSecurityPrivilege
			SeTakeOwnershipPrivilege
			SeLoadDriverPrivilege
			SeBackupPrivilege
			SeRestorePrivilege
			SeDebugPrivilege
			SeAuditPrivilege
			SeSystemEnvironmentPrivilege
			SeImpersonatePrivilege
			SeDelegateSessionUserImpersonatePrivilege",,,,,,,,,,,,,,,,,,,,,,,,,,,,,,NT AUTHORITY,0x3e7,,SYSTEM,S-1-5-18,,,,,,,,,,,,,,,,,,,,,,,,,,,,,
2025-08-13T10:54:04.167438Z,4624,WIN-LC7SFT89DTG,Microsoft-Windows-Security-Auditing,Security,339,0,,,,,,,,,,,,,,,,,Negotiate,,,,,,,,,,,,,,,,,,,,,,,,%%1842,,,,,,,,,,,,,%%1833,-,-,,,,0,,,-,,,,,00000000-0000-0000-0000-000000000000,,Advapi  ,5,,,,,,,,,,,,,,,,,,,,,,,,,,,,,,,,,,,,,,,,,,,,0x27c,C:\Windows\System32\services.exe,,,,,,,,,,-,,,,,,,,,,,,,,,,,WORKGROUP,0x3e7,,WIN-LC7SFT89DTG$,S-1-5-18,NT AUTHORITY,,0x0,,0x3e7,,-,-,,,,,SYSTEM,S-1-5-18,,,,,-,,,,,,%%1843,,,-,
2025-08-13T10:54:04.167442Z,4672,WIN-LC7SFT89DTG,Microsoft-Windows-Security-Auditing,Security,340,0,,,,,,,,,,,,,,,,,,,,,,,,,,,,,,,,,,,,,,,,,,,,,,,,,,,,,,,,,,,,,,,,,,,,,,,,,,,,,,,,,,,,,,,,,,,,,,,,,,,,,,,,,,,,,,,,,"SeAssignPrimaryTokenPrivilege
			SeTcbPrivilege
			SeSecurityPrivilege
			SeTakeOwnershipPrivilege
			SeLoadDriverPrivilege
			SeBackupPrivilege
			SeRestorePrivilege
			SeDebugPrivilege
			SeAuditPrivilege
			SeSystemEnvironmentPrivilege
			SeImpersonatePrivilege
			SeDelegateSessionUserImpersonatePrivilege",,,,,,,,,,,,,,,,,,,,,,,,,,,,,,NT AUTHORITY,0x3e7,,SYSTEM,S-1-5-18,,,,,,,,,,,,,,,,,,,,,,,,,,,,,
2025-08-13T10:54:04.189196Z,4798,WIN-LC7SFT89DTG,Microsoft-Windows-Security-Auditing,Security,341,0,,,,,,,,,,,,,,,,,,0x10e4,C:\Windows\System32\LogonUI.exe,,,,,,,,,,,,,,,,,,,,,,,,,,,,,,,,,,,,,,,,,,,,,,,,,,,,,,,,,,,,,,,,,,,,,,,,,,,,,,,,,,,,,,,,,,,,,,,,,,,,,,,,,,,,,,,,,,,,,,,,,,,,WORKGROUP,0x3e7,,WIN-LC7SFT89DTG$,S-1-5-18,WIN-LC7SFT89DTG,,,,,,,,,,,S-1-5-21-2502726253-3859040611-225969357-500,Administrator,,,,,,,,,,,,,,,,
2025-08-13T10:54:04.197819Z,5379,WIN-LC7SFT89DTG,Microsoft-Windows-Security-Auditing,Security,342,0,,,,,,,,,,,,,,,,,,,,,,,,,4728,,,,0,,,,,,,,,,,,,,,,,,,,,,,,,,,,,,,,,,,,,,,,,,,,,,,,,,,,,,,,,,,,,,,,,,,,,,,,,,,,,,,,,,,,,2025-08-13T10:54:04.168214Z,,,,,,,,%%8100,,,,,3221226021,,,,,,,,,,,,,,,,WORKGROUP,0x3e7,,WIN-LC7SFT89DTG$,S-1-5-18,,,,,,WindowsLive:(token):name=02psidbzqsibuzjn;serviceuri=*,,,,,,,,,,,,,,0,,,,,,,,,
2025-08-13T10:54:04.198055Z,5379,WIN-LC7SFT89DTG,Microsoft-Windows-Security-Auditing,Security,343,0,,,,,,,,,,,,,,,,,,,,,,,,,4728,,,,0,,,,,,,,,,,,,,,,,,,,,,,,,,,,,,,,,,,,,,,,,,,,,,,,,,,,,,,,,,,,,,,,,,,,,,,,,,,,,,,,,,,,,2025-08-13T10:54:04.168214Z,,,,,,,,%%8100,,,,,3221226021,,,,,,,,,,,,,,,,WORKGROUP,0x3e7,,WIN-LC7SFT89DTG$,S-1-5-18,,,,,,WindowsLive:(cert):name=02psidbzqsibuzjn;serviceuri=*,,,,,,,,,,,,,,0,,,,,,,,,
2025-08-13T10:54:04.198097Z,5379,WIN-LC7SFT89DTG,Microsoft-Windows-Security-Auditing,Security,344,0,,,,,,,,,,,,,,,,,,,,,,,,,4728,,,,0,,,,,,,,,,,,,,,,,,,,,,,,,,,,,,,,,,,,,,,,,,,,,,,,,,,,,,,,,,,,,,,,,,,,,,,,,,,,,,,,,,,,,2025-08-13T10:54:04.168214Z,,,,,,,,%%8100,,,,,3221226021,,,,,,,,,,,,,,,,WORKGROUP,0x3e7,,WIN-LC7SFT89DTG$,S-1-5-18,,,,,,WindowsLive:target=virtualapp/didlogical,,,,,,,,,,,,,,0,,,,,,,,,
2025-08-13T10:54:04.199128Z,5379,WIN-LC7SFT89DTG,Microsoft-Windows-Security-Auditing,Security,345,0,,,,,,,,,,,,,,,,,,,,,,,,,4728,,,,0,,,,,,,,,,,,,,,,,,,,,,,,,,,,,,,,,,,,,,,,,,,,,,,,,,,,,,,,,,,,,,,,,,,,,,,,,,,,,,,,,,,,,2025-08-13T10:54:04.168214Z,,,,,,,,%%8100,,,,,3221226021,,,,,,,,,,,,,,,,WORKGROUP,0x3e7,,WIN-LC7SFT89DTG$,S-1-5-18,,,,,,WindowsLive:name=*,,,,,,,,,,,,,,0,,,,,,,,,
2025-08-13T10:54:04.199164Z,5379,WIN-LC7SFT89DTG,Microsoft-Windows-Security-Auditing,Security,346,0,,,,,,,,,,,,,,,,,,,,,,,,,4728,,,,0,,,,,,,,,,,,,,,,,,,,,,,,,,,,,,,,,,,,,,,,,,,,,,,,,,,,,,,,,,,,,,,,,,,,,,,,,,,,,,,,,,,,,2025-08-13T10:54:04.168214Z,,,,,,,,%%8100,,,,,3221226021,,,,,,,,,,,,,,,,WORKGROUP,0x3e7,,WIN-LC7SFT89DTG$,S-1-5-18,,,,,,WindowsLive:user=*,,,,,,,,,,,,,,0,,,,,,,,,
2025-08-13T10:54:04.222313Z,4624,WIN-LC7SFT89DTG,Microsoft-Windows-Security-Auditing,Security,347,0,,,,,,,,,,,,,,,,,Negotiate,,,,,,,,,,,,,,,,,,,,,,,,%%1842,,,,,,,,,,,,,%%1833,-,-,,,,0,,,-,,,,,00000000-0000-0000-0000-000000000000,,Advapi  ,5,,,,,,,,,,,,,,,,,,,,,,,,,,,,,,,,,,,,,,,,,,,,0x27c,C:\Windows\System32\services.exe,,,,,,,,,,-,,,,,,,,,,,,,,,,,WORKGROUP,0x3e7,,WIN-LC7SFT89DTG$,S-1-5-18,NT AUTHORITY,,0x0,,0x3e7,,-,-,,,,,SYSTEM,S-1-5-18,,,,,-,,,,,,%%1843,,,-,
2025-08-13T10:54:04.222318Z,4672,WIN-LC7SFT89DTG,Microsoft-Windows-Security-Auditing,Security,348,0,,,,,,,,,,,,,,,,,,,,,,,,,,,,,,,,,,,,,,,,,,,,,,,,,,,,,,,,,,,,,,,,,,,,,,,,,,,,,,,,,,,,,,,,,,,,,,,,,,,,,,,,,,,,,,,,,"SeAssignPrimaryTokenPrivilege
			SeTcbPrivilege
			SeSecurityPrivilege
			SeTakeOwnershipPrivilege
			SeLoadDriverPrivilege
			SeBackupPrivilege
			SeRestorePrivilege
			SeDebugPrivilege
			SeAuditPrivilege
			SeSystemEnvironmentPrivilege
			SeImpersonatePrivilege
			SeDelegateSessionUserImpersonatePrivilege",,,,,,,,,,,,,,,,,,,,,,,,,,,,,,NT AUTHORITY,0x3e7,,SYSTEM,S-1-5-18,,,,,,,,,,,,,,,,,,,,,,,,,,,,,
2025-08-13T10:54:04.222392Z,4624,WIN-LC7SFT89DTG,Microsoft-Windows-Security-Auditing,Security,349,0,,,,,,,,,,,,,,,,,Negotiate,,,,,,,,,,,,,,,,,,,,,,,,%%1842,,,,,,,,,,,,,%%1833,-,-,,,,0,,,-,,,,,00000000-0000-0000-0000-000000000000,,Advapi  ,5,,,,,,,,,,,,,,,,,,,,,,,,,,,,,,,,,,,,,,,,,,,,0x27c,C:\Windows\System32\services.exe,,,,,,,,,,-,,,,,,,,,,,,,,,,,WORKGROUP,0x3e7,,WIN-LC7SFT89DTG$,S-1-5-18,NT AUTHORITY,,0x0,,0x3e7,,-,-,,,,,SYSTEM,S-1-5-18,,,,,-,,,,,,%%1843,,,-,
2025-08-13T10:54:04.222396Z,4672,WIN-LC7SFT89DTG,Microsoft-Windows-Security-Auditing,Security,350,0,,,,,,,,,,,,,,,,,,,,,,,,,,,,,,,,,,,,,,,,,,,,,,,,,,,,,,,,,,,,,,,,,,,,,,,,,,,,,,,,,,,,,,,,,,,,,,,,,,,,,,,,,,,,,,,,,"SeAssignPrimaryTokenPrivilege
			SeTcbPrivilege
			SeSecurityPrivilege
			SeTakeOwnershipPrivilege
			SeLoadDriverPrivilege
			SeBackupPrivilege
			SeRestorePrivilege
			SeDebugPrivilege
			SeAuditPrivilege
			SeSystemEnvironmentPrivilege
			SeImpersonatePrivilege
			SeDelegateSessionUserImpersonatePrivilege",,,,,,,,,,,,,,,,,,,,,,,,,,,,,,NT AUTHORITY,0x3e7,,SYSTEM,S-1-5-18,,,,,,,,,,,,,,,,,,,,,,,,,,,,,
2025-08-13T10:54:04.339075Z,5058,WIN-LC7SFT89DTG,Microsoft-Windows-Security-Auditing,Security,351,0,,,,,,,,,RSA,,,,,,,,,,,,,,,2025-08-13T10:54:04.168214Z,4728,,,,,,,,,,,,,,,,,,,,,,,,,,,,,,,,,,C:\ProgramData\Microsoft\Crypto\SystemKeys\a249f2e841543ffb8f0f260f58d1f69b_9c32fc58-91ff-4dc6-87b4-7e601db21fd9,,30d6898c-8927-737a-49b7-9349691e8a5b,%%2500,,,,,,,,,,,,,,,,,,,,,,,,,,,,,,,,,,,,,,,%%2459,,,,,,,,,,,,,,,,,,Microsoft Software Key Storage Provider,,,,,,,,0x0,,,,,,,,,,,,,,,,WORKGROUP,0x3e7,,WIN-LC7SFT89DTG$,S-1-5-18,,,,,,,,,,,,,,,,,,,,,,,,,,,,,
2025-08-13T10:54:04.343474Z,5061,WIN-LC7SFT89DTG,Microsoft-Windows-Security-Auditing,Security,352,0,,,,,,,,,RSA,,,,,,,,,,,,,,,,,,,,,,,,,,,,,,,,,,,,,,,,,,,,,,,,,,,,30d6898c-8927-737a-49b7-9349691e8a5b,%%2500,,,,,,,,,,,,,,,,,,,,,,,,,,,,,,,,,,,,,,,%%2481,,,,,,,,,,,,,,,,,,Microsoft Software Key Storage Provider,,,,,,,,0x0,,,,,,,,,,,,,,,,WORKGROUP,0x3e7,,WIN-LC7SFT89DTG$,S-1-5-18,,,,,,,,,,,,,,,,,,,,,,,,,,,,,
2025-08-13T10:54:04.344766Z,5058,WIN-LC7SFT89DTG,Microsoft-Windows-Security-Auditing,Security,353,0,,,,,,,,,UNKNOWN,,,,,,,,,,,,,,,2025-08-13T10:54:04.168214Z,4728,,,,,,,,,,,,,,,,,,,,,,,,,,,,,,,,,,C:\ProgramData\Microsoft\Crypto\SystemKeys\a249f2e841543ffb8f0f260f58d1f69b_9c32fc58-91ff-4dc6-87b4-7e601db21fd9,,30d6898c-8927-737a-49b7-9349691e8a5b,%%2500,,,,,,,,,,,,,,,,,,,,,,,,,,,,,,,,,,,,,,,%%2458,,,,,,,,,,,,,,,,,,Microsoft Software Key Storage Provider,,,,,,,,0x0,,,,,,,,,,,,,,,,WORKGROUP,0x3e7,,WIN-LC7SFT89DTG$,S-1-5-18,,,,,,,,,,,,,,,,,,,,,,,,,,,,,
2025-08-13T10:54:04.345447Z,5061,WIN-LC7SFT89DTG,Microsoft-Windows-Security-Auditing,Security,354,0,,,,,,,,,RSA,,,,,,,,,,,,,,,,,,,,,,,,,,,,,,,,,,,,,,,,,,,,,,,,,,,,30d6898c-8927-737a-49b7-9349691e8a5b,%%2500,,,,,,,,,,,,,,,,,,,,,,,,,,,,,,,,,,,,,,,%%2480,,,,,,,,,,,,,,,,,,Microsoft Software Key Storage Provider,,,,,,,,0x0,,,,,,,,,,,,,,,,WORKGROUP,0x3e7,,WIN-LC7SFT89DTG$,S-1-5-18,,,,,,,,,,,,,,,,,,,,,,,,,,,,,
2025-08-13T10:54:04.345503Z,5059,WIN-LC7SFT89DTG,Microsoft-Windows-Security-Auditing,Security,355,0,,,,,,,,,RSA,,,,,,,,,,,,,,,2025-08-13T10:54:04.168214Z,4728,,,,,,,,,,,,,,,,,,,,,,,,,,,,,,,,,,,,30d6898c-8927-737a-49b7-9349691e8a5b,%%2500,,,,,,,,,,,,,,,,,,,,,,,,,,,,,,,,,,,,,,,%%2464,,,,,,,,,,,,,,,,,,Microsoft Software Key Storage Provider,,,,,,,,0x0,,,,,,,,,,,,,,,,WORKGROUP,0x3e7,,WIN-LC7SFT89DTG$,S-1-5-18,,,,,,,,,,,,,,,,,,,,,,,,,,,,,
2025-08-13T10:54:04.767757Z,5382,WIN-LC7SFT89DTG,Microsoft-Windows-Security-Auditing,Security,356,0,,,,,,,,,,,,,,,,,,,,,,,,,4772,,,,,,,,,,,,,,,,,,,0,,,,,,,,,0105000000000005150000006D922C95634904E6CD04780DF4010000,,,,,,,,,,,,,,,,,,,,,,,,,,,,,,,,,,,,,,,,,,,,,,,,,,,,,,,,,,,,,2025-08-13T10:54:04.223532Z,,,,,,,,,,,NGC Local Accoount Logon Vault Resource,,1168,,1D4350A3-330D-4AF9-B3FF-A927A45998AC,NGC Local Accoount Logon Vault Resource Schema,,,,,,,,,,,,,WORKGROUP,0x3e7,,WIN-LC7SFT89DTG$,S-1-5-18,,,,,,,,,,,,,,,,,,,,,,,,,,,,,
2025-08-13T10:54:07.246773Z,5379,WIN-LC7SFT89DTG,Microsoft-Windows-Security-Auditing,Security,357,0,,,,,,,,,,,,,,,,,,,,,,,,,4728,,,,0,,,,,,,,,,,,,,,,,,,,,,,,,,,,,,,,,,,,,,,,,,,,,,,,,,,,,,,,,,,,,,,,,,,,,,,,,,,,,,,,,,,,,2025-08-13T10:54:04.168214Z,,,,,,,,%%8100,,,,,3221226021,,,,,,,,,,,,,,,,WORKGROUP,0x3e7,,WIN-LC7SFT89DTG$,S-1-5-18,,,,,,MicrosoftAccount:user=02psidbzqsibuzjn,,,,,,,,,,,,,,0,,,,,,,,,
2025-08-13T10:54:07.247324Z,5058,WIN-LC7SFT89DTG,Microsoft-Windows-Security-Auditing,Security,358,0,,,,,,,,,UNKNOWN,,,,,,,,,,,,,,,2025-08-13T10:54:04.168214Z,4728,,,,,,,,,,,,,,,,,,,,,,,,,,,,,,,,,,C:\ProgramData\Microsoft\Crypto\SystemKeys\a249f2e841543ffb8f0f260f58d1f69b_9c32fc58-91ff-4dc6-87b4-7e601db21fd9,,30d6898c-8927-737a-49b7-9349691e8a5b,%%2500,,,,,,,,,,,,,,,,,,,,,,,,,,,,,,,,,,,,,,,%%2458,,,,,,,,,,,,,,,,,,Microsoft Software Key Storage Provider,,,,,,,,0x0,,,,,,,,,,,,,,,,WORKGROUP,0x3e7,,WIN-LC7SFT89DTG$,S-1-5-18,,,,,,,,,,,,,,,,,,,,,,,,,,,,,
2025-08-13T10:54:07.247492Z,5061,WIN-LC7SFT89DTG,Microsoft-Windows-Security-Auditing,Security,359,0,,,,,,,,,RSA,,,,,,,,,,,,,,,,,,,,,,,,,,,,,,,,,,,,,,,,,,,,,,,,,,,,30d6898c-8927-737a-49b7-9349691e8a5b,%%2500,,,,,,,,,,,,,,,,,,,,,,,,,,,,,,,,,,,,,,,%%2480,,,,,,,,,,,,,,,,,,Microsoft Software Key Storage Provider,,,,,,,,0x0,,,,,,,,,,,,,,,,WORKGROUP,0x3e7,,WIN-LC7SFT89DTG$,S-1-5-18,,,,,,,,,,,,,,,,,,,,,,,,,,,,,
2025-08-13T10:54:07.249660Z,5379,WIN-LC7SFT89DTG,Microsoft-Windows-Security-Auditing,Security,360,0,,,,,,,,,,,,,,,,,,,,,,,,,4728,,,,1,,,,,,,,,,,,,,,,,,,,,,,,,,,,,,,,,,,,,,,,,,,,,,,,,,,,,,,,,,,,,,,,,,,,,,,,,,,,,,,,,,,,,2025-08-13T10:54:04.168214Z,,,,,,,,%%8099,,,,,3221226021,,,,,,,,,,,,,,,,WORKGROUP,0x3e7,,WIN-LC7SFT89DTG$,S-1-5-18,,,,,,MicrosoftAccount:user=02psidbzqsibuzjn,,,,,,,,,,,,,,1,,,,,,,,,
2025-08-13T10:54:07.249780Z,5379,WIN-LC7SFT89DTG,Microsoft-Windows-Security-Auditing,Security,361,0,,,,,,,,,,,,,,,,,,,,,,,,,4728,,,,0,,,,,,,,,,,,,,,,,,,,,,,,,,,,,,,,,,,,,,,,,,,,,,,,,,,,,,,,,,,,,,,,,,,,,,,,,,,,,,,,,,,,,2025-08-13T10:54:04.168214Z,,,,,,,,%%8100,,,,,3221226021,,,,,,,,,,,,,,,,WORKGROUP,0x3e7,,WIN-LC7SFT89DTG$,S-1-5-18,,,,,,MicrosoftAccount:user=02psidbzqsibuzjn,,,,,,,,,,,,,,0,,,,,,,,,
2025-08-13T10:54:07.249983Z,5379,WIN-LC7SFT89DTG,Microsoft-Windows-Security-Auditing,Security,362,0,,,,,,,,,,,,,,,,,,,,,,,,,4728,,,,0,,,,,,,,,,,,,,,,,,,,,,,,,,,,,,,,,,,,,,,,,,,,,,,,,,,,,,,,,,,,,,,,,,,,,,,,,,,,,,,,,,,,,2025-08-13T10:54:04.168214Z,,,,,,,,%%8100,,,,,3221226021,,,,,,,,,,,,,,,,WORKGROUP,0x3e7,,WIN-LC7SFT89DTG$,S-1-5-18,,,,,,WindowsLive:target=virtualapp/didlogical,,,,,,,,,,,,,,0,,,,,,,,,
2025-08-13T10:54:07.253335Z,5379,WIN-LC7SFT89DTG,Microsoft-Windows-Security-Auditing,Security,363,0,,,,,,,,,,,,,,,,,,,,,,,,,4728,,,,0,,,,,,,,,,,,,,,,,,,,,,,,,,,,,,,,,,,,,,,,,,,,,,,,,,,,,,,,,,,,,,,,,,,,,,,,,,,,,,,,,,,,,2025-08-13T10:54:04.168214Z,,,,,,,,%%8100,,,,,3221226021,,,,,,,,,,,,,,,,WORKGROUP,0x3e7,,WIN-LC7SFT89DTG$,S-1-5-18,,,,,,MicrosoftAccount:user=02psidbzqsibuzjn,,,,,,,,,,,,,,0,,,,,,,,,
2025-08-13T10:54:07.253373Z,5379,WIN-LC7SFT89DTG,Microsoft-Windows-Security-Auditing,Security,364,0,,,,,,,,,,,,,,,,,,,,,,,,,4728,,,,0,,,,,,,,,,,,,,,,,,,,,,,,,,,,,,,,,,,,,,,,,,,,,,,,,,,,,,,,,,,,,,,,,,,,,,,,,,,,,,,,,,,,,2025-08-13T10:54:04.168214Z,,,,,,,,%%8100,,,,,3221226021,,,,,,,,,,,,,,,,WORKGROUP,0x3e7,,WIN-LC7SFT89DTG$,S-1-5-18,,,,,,WindowsLive:(token):name=02psidbzqsibuzjn;serviceuri=*,,,,,,,,,,,,,,0,,,,,,,,,
2025-08-13T10:54:07.253491Z,5379,WIN-LC7SFT89DTG,Microsoft-Windows-Security-Auditing,Security,365,0,,,,,,,,,,,,,,,,,,,,,,,,,4728,,,,0,,,,,,,,,,,,,,,,,,,,,,,,,,,,,,,,,,,,,,,,,,,,,,,,,,,,,,,,,,,,,,,,,,,,,,,,,,,,,,,,,,,,,2025-08-13T10:54:04.168214Z,,,,,,,,%%8100,,,,,3221226021,,,,,,,,,,,,,,,,WORKGROUP,0x3e7,,WIN-LC7SFT89DTG$,S-1-5-18,,,,,,WindowsLive:(cert):name=02psidbzqsibuzjn;serviceuri=*,,,,,,,,,,,,,,0,,,,,,,,,
2025-08-13T10:54:07.592320Z,5379,WIN-LC7SFT89DTG,Microsoft-Windows-Security-Auditing,Security,366,0,,,,,,,,,,,,,,,,,,,,,,,,,4728,,,,0,,,,,,,,,,,,,,,,,,,,,,,,,,,,,,,,,,,,,,,,,,,,,,,,,,,,,,,,,,,,,,,,,,,,,,,,,,,,,,,,,,,,,2025-08-13T10:54:04.168214Z,,,,,,,,%%8100,,,,,3221226021,,,,,,,,,,,,,,,,WORKGROUP,0x3e7,,WIN-LC7SFT89DTG$,S-1-5-18,,,,,,MicrosoftAccount:user=02psidbzqsibuzjn,,,,,,,,,,,,,,0,,,,,,,,,
2025-08-13T10:54:07.733366Z,5379,WIN-LC7SFT89DTG,Microsoft-Windows-Security-Auditing,Security,367,0,,,,,,,,,,,,,,,,,,,,,,,,,4728,,,,0,,,,,,,,,,,,,,,,,,,,,,,,,,,,,,,,,,,,,,,,,,,,,,,,,,,,,,,,,,,,,,,,,,,,,,,,,,,,,,,,,,,,,2025-08-13T10:54:04.168214Z,,,,,,,,%%8100,,,,,3221226021,,,,,,,,,,,,,,,,WORKGROUP,0x3e7,,WIN-LC7SFT89DTG$,S-1-5-18,,,,,,MicrosoftAccount:user=02psidbzqsibuzjn,,,,,,,,,,,,,,0,,,,,,,,,
2025-08-13T10:54:07.734820Z,5379,WIN-LC7SFT89DTG,Microsoft-Windows-Security-Auditing,Security,368,0,,,,,,,,,,,,,,,,,,,,,,,,,4728,,,,0,,,,,,,,,,,,,,,,,,,,,,,,,,,,,,,,,,,,,,,,,,,,,,,,,,,,,,,,,,,,,,,,,,,,,,,,,,,,,,,,,,,,,2025-08-13T10:54:04.168214Z,,,,,,,,%%8100,,,,,3221226021,,,,,,,,,,,,,,,,WORKGROUP,0x3e7,,WIN-LC7SFT89DTG$,S-1-5-18,,,,,,MicrosoftAccount:user=02psidbzqsibuzjn,,,,,,,,,,,,,,0,,,,,,,,,
2025-08-13T10:54:07.734856Z,5379,WIN-LC7SFT89DTG,Microsoft-Windows-Security-Auditing,Security,369,0,,,,,,,,,,,,,,,,,,,,,,,,,4728,,,,0,,,,,,,,,,,,,,,,,,,,,,,,,,,,,,,,,,,,,,,,,,,,,,,,,,,,,,,,,,,,,,,,,,,,,,,,,,,,,,,,,,,,,2025-08-13T10:54:04.168214Z,,,,,,,,%%8100,,,,,3221226021,,,,,,,,,,,,,,,,WORKGROUP,0x3e7,,WIN-LC7SFT89DTG$,S-1-5-18,,,,,,MicrosoftAccount:user=02psidbzqsibuzjn,,,,,,,,,,,,,,0,,,,,,,,,
2025-08-13T10:54:08.391853Z,4624,WIN-LC7SFT89DTG,Microsoft-Windows-Security-Auditing,Security,370,0,,,,,,,,,,,,,,,,,Negotiate,,,,,,,,,,,,,,,,,,,,,,,,%%1842,,,,,,,,,,,,,%%1833,-,-,,,,0,,,-,,,,,00000000-0000-0000-0000-000000000000,,Advapi  ,5,,,,,,,,,,,,,,,,,,,,,,,,,,,,,,,,,,,,,,,,,,,,0x27c,C:\Windows\System32\services.exe,,,,,,,,,,-,,,,,,,,,,,,,,,,,WORKGROUP,0x3e7,,WIN-LC7SFT89DTG$,S-1-5-18,NT AUTHORITY,,0x0,,0x3e7,,-,-,,,,,SYSTEM,S-1-5-18,,,,,-,,,,,,%%1843,,,-,
2025-08-13T10:54:08.391859Z,4672,WIN-LC7SFT89DTG,Microsoft-Windows-Security-Auditing,Security,371,0,,,,,,,,,,,,,,,,,,,,,,,,,,,,,,,,,,,,,,,,,,,,,,,,,,,,,,,,,,,,,,,,,,,,,,,,,,,,,,,,,,,,,,,,,,,,,,,,,,,,,,,,,,,,,,,,,"SeAssignPrimaryTokenPrivilege
			SeTcbPrivilege
			SeSecurityPrivilege
			SeTakeOwnershipPrivilege
			SeLoadDriverPrivilege
			SeBackupPrivilege
			SeRestorePrivilege
			SeDebugPrivilege
			SeAuditPrivilege
			SeSystemEnvironmentPrivilege
			SeImpersonatePrivilege
			SeDelegateSessionUserImpersonatePrivilege",,,,,,,,,,,,,,,,,,,,,,,,,,,,,,NT AUTHORITY,0x3e7,,SYSTEM,S-1-5-18,,,,,,,,,,,,,,,,,,,,,,,,,,,,,
2025-08-13T10:54:08.776001Z,4776,WIN-LC7SFT89DTG,Microsoft-Windows-Security-Auditing,Security,372,0,,,,,,,,,,,,,,,,,,,,,,,,,,,,,,,,,,,,,,,,,,,,,,,,,,,,,,,,,,,,,,,,,,,,,,,,,,,,,,,,,,,,,,,,,,,,,,,,,,,,,,,,MICROSOFT_AUTHENTICATION_PACKAGE_V1_0,,,,,,,,,,,,,,,,,,,,,,,,,,,,,,,,,,0x0,,,,,,,,,,,,,,,,,,,,,,Administrator,,,,,,,,,,,,,,WIN-LC7SFT89DTG,,
2025-08-13T10:54:08.776515Z,4648,WIN-LC7SFT89DTG,Microsoft-Windows-Security-Auditing,Security,373,0,,,,,,,,,,,,,,,,,,,,,,,,,,,,,,,,,,,,,,,,,,,,,,,,,,,,,,,127.0.0.1,0,,,,,,,,,,,,00000000-0000-0000-0000-000000000000,,,,,,,,,,,,,,,,,,,,,,,,,,,,,,,,,,,,,,,,,,,,,,,0x8cc,C:\Windows\System32\svchost.exe,,,,,,,,,,,,,,,,,,,,,,,,,,,WORKGROUP,0x3e7,,WIN-LC7SFT89DTG$,S-1-5-18,WIN-LC7SFT89DTG,localhost,,00000000-0000-0000-0000-000000000000,,,,,,,localhost,,Administrator,,,,,,,,,,,,,,,,
2025-08-13T10:54:08.776533Z,4624,WIN-LC7SFT89DTG,Microsoft-Windows-Security-Auditing,Security,374,0,,,,,,,,,,,,,,,,,Negotiate,,,,,,,,,,,,,,,,,,,,,,,,%%1842,,,,,,,,,,,,,%%1833,127.0.0.1,0,,,,0,,,-,,,,,00000000-0000-0000-0000-000000000000,,User32 ,2,,,,,,,,,,,,,,,,,,,,,,,,,,,,,,,,,,,,,,,,,,,,0x8cc,C:\Windows\System32\svchost.exe,,,,,,,,,,-,,,,,,,,,,,,,,,,,WORKGROUP,0x3e7,,WIN-LC7SFT89DTG$,S-1-5-18,WIN-LC7SFT89DTG,,0x0,,0x116bb5,,-,-,,,,,Administrator,S-1-5-21-2502726253-3859040611-225969357-500,,,,,-,,,,,,%%1843,,,WIN-LC7SFT89DTG,
2025-08-13T10:54:08.776537Z,4672,WIN-LC7SFT89DTG,Microsoft-Windows-Security-Auditing,Security,375,0,,,,,,,,,,,,,,,,,,,,,,,,,,,,,,,,,,,,,,,,,,,,,,,,,,,,,,,,,,,,,,,,,,,,,,,,,,,,,,,,,,,,,,,,,,,,,,,,,,,,,,,,,,,,,,,,,"SeSecurityPrivilege
			SeTakeOwnershipPrivilege
			SeLoadDriverPrivilege
			SeBackupPrivilege
			SeRestorePrivilege
			SeDebugPrivilege
			SeSystemEnvironmentPrivilege
			SeImpersonatePrivilege
			SeDelegateSessionUserImpersonatePrivilege",,,,,,,,,,,,,,,,,,,,,,,,,,,,,,WIN-LC7SFT89DTG,0x116bb5,,Administrator,S-1-5-21-2502726253-3859040611-225969357-500,,,,,,,,,,,,,,,,,,,,,,,,,,,,,
2025-08-13T10:54:09.403986Z,4799,WIN-LC7SFT89DTG,Microsoft-Windows-Security-Auditing,Security,376,0,,,,,,,,,,,,,,,,,,0x7c0,C:\Windows\System32\svchost.exe,,,,,,,,,,,,,,,,,,,,,,,,,,,,,,,,,,,,,,,,,,,,,,,,,,,,,,,,,,,,,,,,,,,,,,,,,,,,,,,,,,,,,,,,,,,,,,,,,,,,,,,,,,,,,,,,,,,,,,,,,,,,WORKGROUP,0x3e7,,WIN-LC7SFT89DTG$,S-1-5-18,Builtin,,,,,,,,,,,S-1-5-32-544,Administrators,,,,,,,,,,,,,,,,
2025-08-13T10:54:09.527125Z,5379,WIN-LC7SFT89DTG,Microsoft-Windows-Security-Auditing,Security,377,0,,,,,,,,,,,,,,,,,,,,,,,,,4728,,,,0,,,,,,,,,,,,,,,,,,,,,,,,,,,,,,,,,,,,,,,,,,,,,,,,,,,,,,,,,,,,,,,,,,,,,,,,,,,,,,,,,,,,,2025-08-13T10:54:04.168214Z,,,,,,,,%%8100,,,,,3221226021,,,,,,,,,,,,,,,,WIN-LC7SFT89DTG,0x116bb5,,Administrator,S-1-5-21-2502726253-3859040611-225969357-500,,,,,,WindowsLive:name=*,,,,,,,,,,,,,,0,,,,,,,,,
2025-08-13T10:54:09.527195Z,5379,WIN-LC7SFT89DTG,Microsoft-Windows-Security-Auditing,Security,378,0,,,,,,,,,,,,,,,,,,,,,,,,,4728,,,,0,,,,,,,,,,,,,,,,,,,,,,,,,,,,,,,,,,,,,,,,,,,,,,,,,,,,,,,,,,,,,,,,,,,,,,,,,,,,,,,,,,,,,2025-08-13T10:54:04.168214Z,,,,,,,,%%8100,,,,,3221226021,,,,,,,,,,,,,,,,WIN-LC7SFT89DTG,0x116bb5,,Administrator,S-1-5-21-2502726253-3859040611-225969357-500,,,,,,WindowsLive:user=*,,,,,,,,,,,,,,0,,,,,,,,,
2025-08-13T10:54:09.527582Z,5379,WIN-LC7SFT89DTG,Microsoft-Windows-Security-Auditing,Security,379,0,,,,,,,,,,,,,,,,,,,,,,,,,4728,,,,0,,,,,,,,,,,,,,,,,,,,,,,,,,,,,,,,,,,,,,,,,,,,,,,,,,,,,,,,,,,,,,,,,,,,,,,,,,,,,,,,,,,,,2025-08-13T10:54:04.168214Z,,,,,,,,%%8100,,,,,3221226021,,,,,,,,,,,,,,,,WIN-LC7SFT89DTG,0x116bb5,,Administrator,S-1-5-21-2502726253-3859040611-225969357-500,,,,,,WindowsLive:(token):name=02duftxaqzoilzkp;serviceuri=*,,,,,,,,,,,,,,0,,,,,,,,,
2025-08-13T10:54:09.527757Z,5379,WIN-LC7SFT89DTG,Microsoft-Windows-Security-Auditing,Security,380,0,,,,,,,,,,,,,,,,,,,,,,,,,4728,,,,0,,,,,,,,,,,,,,,,,,,,,,,,,,,,,,,,,,,,,,,,,,,,,,,,,,,,,,,,,,,,,,,,,,,,,,,,,,,,,,,,,,,,,2025-08-13T10:54:04.168214Z,,,,,,,,%%8100,,,,,3221226021,,,,,,,,,,,,,,,,WIN-LC7SFT89DTG,0x116bb5,,Administrator,S-1-5-21-2502726253-3859040611-225969357-500,,,,,,WindowsLive:(cert):name=02duftxaqzoilzkp;serviceuri=*,,,,,,,,,,,,,,0,,,,,,,,,
2025-08-13T10:54:09.527795Z,5379,WIN-LC7SFT89DTG,Microsoft-Windows-Security-Auditing,Security,381,0,,,,,,,,,,,,,,,,,,,,,,,,,4728,,,,0,,,,,,,,,,,,,,,,,,,,,,,,,,,,,,,,,,,,,,,,,,,,,,,,,,,,,,,,,,,,,,,,,,,,,,,,,,,,,,,,,,,,,2025-08-13T10:54:04.168214Z,,,,,,,,%%8100,,,,,3221226021,,,,,,,,,,,,,,,,WIN-LC7SFT89DTG,0x116bb5,,Administrator,S-1-5-21-2502726253-3859040611-225969357-500,,,,,,WindowsLive:target=virtualapp/didlogical,,,,,,,,,,,,,,0,,,,,,,,,
2025-08-13T10:54:09.633498Z,4624,WIN-LC7SFT89DTG,Microsoft-Windows-Security-Auditing,Security,382,0,,,,,,,,,,,,,,,,,Negotiate,,,,,,,,,,,,,,,,,,,,,,,,%%1842,,,,,,,,,,,,,%%1833,-,-,,,,0,,,-,,,,,00000000-0000-0000-0000-000000000000,,Advapi  ,5,,,,,,,,,,,,,,,,,,,,,,,,,,,,,,,,,,,,,,,,,,,,0x27c,C:\Windows\System32\services.exe,,,,,,,,,,-,,,,,,,,,,,,,,,,,WORKGROUP,0x3e7,,WIN-LC7SFT89DTG$,S-1-5-18,NT AUTHORITY,,0x0,,0x3e7,,-,-,,,,,SYSTEM,S-1-5-18,,,,,-,,,,,,%%1843,,,-,
2025-08-13T10:54:09.633503Z,4672,WIN-LC7SFT89DTG,Microsoft-Windows-Security-Auditing,Security,383,0,,,,,,,,,,,,,,,,,,,,,,,,,,,,,,,,,,,,,,,,,,,,,,,,,,,,,,,,,,,,,,,,,,,,,,,,,,,,,,,,,,,,,,,,,,,,,,,,,,,,,,,,,,,,,,,,,"SeAssignPrimaryTokenPrivilege
			SeTcbPrivilege
			SeSecurityPrivilege
			SeTakeOwnershipPrivilege
			SeLoadDriverPrivilege
			SeBackupPrivilege
			SeRestorePrivilege
			SeDebugPrivilege
			SeAuditPrivilege
			SeSystemEnvironmentPrivilege
			SeImpersonatePrivilege
			SeDelegateSessionUserImpersonatePrivilege",,,,,,,,,,,,,,,,,,,,,,,,,,,,,,NT AUTHORITY,0x3e7,,SYSTEM,S-1-5-18,,,,,,,,,,,,,,,,,,,,,,,,,,,,,
2025-08-13T10:54:09.679616Z,5061,WIN-LC7SFT89DTG,Microsoft-Windows-Security-Auditing,Security,384,0,,,,,,,,,UNKNOWN,,,,,,,,,,,,,,,,,,,,,,,,,,,,,,,,,,,,,,,,,,,,,,,,,,,,Microsoft Connected Devices Platform device certificate,%%2500,,,,,,,,,,,,,,,,,,,,,,,,,,,,,,,,,,,,,,,%%2480,,,,,,,,,,,,,,,,,,Microsoft Software Key Storage Provider,,,,,,,,0x80090016,,,,,,,,,,,,,,,,WIN-LC7SFT89DTG,0x116bb5,,Administrator,S-1-5-21-2502726253-3859040611-225969357-500,,,,,,,,,,,,,,,,,,,,,,,,,,,,,
2025-08-13T10:54:09.680105Z,5061,WIN-LC7SFT89DTG,Microsoft-Windows-Security-Auditing,Security,385,0,,,,,,,,,UNKNOWN,,,,,,,,,,,,,,,,,,,,,,,,,,,,,,,,,,,,,,,,,,,,,,,,,,,,Microsoft Connected Devices Platform device certificate,%%2500,,,,,,,,,,,,,,,,,,,,,,,,,,,,,,,,,,,,,,,%%2480,,,,,,,,,,,,,,,,,,Microsoft Software Key Storage Provider,,,,,,,,0x80090016,,,,,,,,,,,,,,,,WIN-LC7SFT89DTG,0x116bb5,,Administrator,S-1-5-21-2502726253-3859040611-225969357-500,,,,,,,,,,,,,,,,,,,,,,,,,,,,,
2025-08-13T10:54:09.680719Z,5061,WIN-LC7SFT89DTG,Microsoft-Windows-Security-Auditing,Security,386,0,,,,,,,,,UNKNOWN,,,,,,,,,,,,,,,,,,,,,,,,,,,,,,,,,,,,,,,,,,,,,,,,,,,,Microsoft Connected Devices Platform device certificate,%%2500,,,,,,,,,,,,,,,,,,,,,,,,,,,,,,,,,,,,,,,%%2480,,,,,,,,,,,,,,,,,,Microsoft Software Key Storage Provider,,,,,,,,0x80090016,,,,,,,,,,,,,,,,WIN-LC7SFT89DTG,0x116bb5,,Administrator,S-1-5-21-2502726253-3859040611-225969357-500,,,,,,,,,,,,,,,,,,,,,,,,,,,,,
2025-08-13T10:54:09.682799Z,5058,WIN-LC7SFT89DTG,Microsoft-Windows-Security-Auditing,Security,387,0,,,,,,,,,ECDSA_P256,,,,,,,,,,,,,,,2025-08-13T10:54:09.563938Z,4092,,,,,,,,,,,,,,,,,,,,,,,,,,,,,,,,,,C:\Users\Administrator\AppData\Roaming\Microsoft\Crypto\Keys\de7cf8a7901d2ad13e5c67c29e5d1662_9c32fc58-91ff-4dc6-87b4-7e601db21fd9,,Microsoft Connected Devices Platform device certificate,%%2500,,,,,,,,,,,,,,,,,,,,,,,,,,,,,,,,,,,,,,,%%2459,,,,,,,,,,,,,,,,,,Microsoft Software Key Storage Provider,,,,,,,,0x0,,,,,,,,,,,,,,,,WIN-LC7SFT89DTG,0x116bb5,,Administrator,S-1-5-21-2502726253-3859040611-225969357-500,,,,,,,,,,,,,,,,,,,,,,,,,,,,,
2025-08-13T10:54:09.686649Z,5061,WIN-LC7SFT89DTG,Microsoft-Windows-Security-Auditing,Security,388,0,,,,,,,,,ECDSA_P256,,,,,,,,,,,,,,,,,,,,,,,,,,,,,,,,,,,,,,,,,,,,,,,,,,,,Microsoft Connected Devices Platform device certificate,%%2500,,,,,,,,,,,,,,,,,,,,,,,,,,,,,,,,,,,,,,,%%2481,,,,,,,,,,,,,,,,,,Microsoft Software Key Storage Provider,,,,,,,,0x0,,,,,,,,,,,,,,,,WIN-LC7SFT89DTG,0x116bb5,,Administrator,S-1-5-21-2502726253-3859040611-225969357-500,,,,,,,,,,,,,,,,,,,,,,,,,,,,,
2025-08-13T10:54:09.695719Z,5058,WIN-LC7SFT89DTG,Microsoft-Windows-Security-Auditing,Security,389,0,,,,,,,,,UNKNOWN,,,,,,,,,,,,,,,2025-08-13T10:54:09.563938Z,4092,,,,,,,,,,,,,,,,,,,,,,,,,,,,,,,,,,C:\Users\Administrator\AppData\Roaming\Microsoft\Crypto\Keys\de7cf8a7901d2ad13e5c67c29e5d1662_9c32fc58-91ff-4dc6-87b4-7e601db21fd9,,Microsoft Connected Devices Platform device certificate,%%2500,,,,,,,,,,,,,,,,,,,,,,,,,,,,,,,,,,,,,,,%%2458,,,,,,,,,,,,,,,,,,Microsoft Software Key Storage Provider,,,,,,,,0x0,,,,,,,,,,,,,,,,WIN-LC7SFT89DTG,0x116bb5,,Administrator,S-1-5-21-2502726253-3859040611-225969357-500,,,,,,,,,,,,,,,,,,,,,,,,,,,,,
2025-08-13T10:54:09.696103Z,5061,WIN-LC7SFT89DTG,Microsoft-Windows-Security-Auditing,Security,390,0,,,,,,,,,ECDSA_P256,,,,,,,,,,,,,,,,,,,,,,,,,,,,,,,,,,,,,,,,,,,,,,,,,,,,Microsoft Connected Devices Platform device certificate,%%2500,,,,,,,,,,,,,,,,,,,,,,,,,,,,,,,,,,,,,,,%%2480,,,,,,,,,,,,,,,,,,Microsoft Software Key Storage Provider,,,,,,,,0x0,,,,,,,,,,,,,,,,WIN-LC7SFT89DTG,0x116bb5,,Administrator,S-1-5-21-2502726253-3859040611-225969357-500,,,,,,,,,,,,,,,,,,,,,,,,,,,,,
2025-08-13T10:54:09.696272Z,5059,WIN-LC7SFT89DTG,Microsoft-Windows-Security-Auditing,Security,391,0,,,,,,,,,ECDSA_P256,,,,,,,,,,,,,,,2025-08-13T10:54:09.563938Z,4092,,,,,,,,,,,,,,,,,,,,,,,,,,,,,,,,,,,,Microsoft Connected Devices Platform device certificate,%%2500,,,,,,,,,,,,,,,,,,,,,,,,,,,,,,,,,,,,,,,%%2464,,,,,,,,,,,,,,,,,,Microsoft Software Key Storage Provider,,,,,,,,0x0,,,,,,,,,,,,,,,,WIN-LC7SFT89DTG,0x116bb5,,Administrator,S-1-5-21-2502726253-3859040611-225969357-500,,,,,,,,,,,,,,,,,,,,,,,,,,,,,
2025-08-13T10:54:09.696996Z,5059,WIN-LC7SFT89DTG,Microsoft-Windows-Security-Auditing,Security,392,0,,,,,,,,,ECDSA_P256,,,,,,,,,,,,,,,2025-08-13T10:54:09.563938Z,4092,,,,,,,,,,,,,,,,,,,,,,,,,,,,,,,,,,,,Microsoft Connected Devices Platform device certificate,%%2500,,,,,,,,,,,,,,,,,,,,,,,,,,,,,,,,,,,,,,,%%2464,,,,,,,,,,,,,,,,,,Microsoft Software Key Storage Provider,,,,,,,,0x0,,,,,,,,,,,,,,,,WIN-LC7SFT89DTG,0x116bb5,,Administrator,S-1-5-21-2502726253-3859040611-225969357-500,,,,,,,,,,,,,,,,,,,,,,,,,,,,,
2025-08-13T10:54:09.701494Z,5059,WIN-LC7SFT89DTG,Microsoft-Windows-Security-Auditing,Security,393,0,,,,,,,,,ECDSA_P256,,,,,,,,,,,,,,,2025-08-13T10:54:09.563938Z,4092,,,,,,,,,,,,,,,,,,,,,,,,,,,,,,,,,,,,Microsoft Connected Devices Platform device certificate,%%2500,,,,,,,,,,,,,,,,,,,,,,,,,,,,,,,,,,,,,,,%%2464,,,,,,,,,,,,,,,,,,Microsoft Software Key Storage Provider,,,,,,,,0x0,,,,,,,,,,,,,,,,WIN-LC7SFT89DTG,0x116bb5,,Administrator,S-1-5-21-2502726253-3859040611-225969357-500,,,,,,,,,,,,,,,,,,,,,,,,,,,,,
2025-08-13T10:54:09.709389Z,4624,WIN-LC7SFT89DTG,Microsoft-Windows-Security-Auditing,Security,394,0,,,,,,,,,,,,,,,,,Negotiate,,,,,,,,,,,,,,,,,,,,,,,,%%1842,,,,,,,,,,,,,%%1833,-,-,,,,0,,,-,,,,,00000000-0000-0000-0000-000000000000,,Advapi  ,5,,,,,,,,,,,,,,,,,,,,,,,,,,,,,,,,,,,,,,,,,,,,0x27c,C:\Windows\System32\services.exe,,,,,,,,,,-,,,,,,,,,,,,,,,,,WORKGROUP,0x3e7,,WIN-LC7SFT89DTG$,S-1-5-18,NT AUTHORITY,,0x0,,0x3e7,,-,-,,,,,SYSTEM,S-1-5-18,,,,,-,,,,,,%%1843,,,-,
2025-08-13T10:54:09.709393Z,4672,WIN-LC7SFT89DTG,Microsoft-Windows-Security-Auditing,Security,395,0,,,,,,,,,,,,,,,,,,,,,,,,,,,,,,,,,,,,,,,,,,,,,,,,,,,,,,,,,,,,,,,,,,,,,,,,,,,,,,,,,,,,,,,,,,,,,,,,,,,,,,,,,,,,,,,,,"SeAssignPrimaryTokenPrivilege
			SeTcbPrivilege
			SeSecurityPrivilege
			SeTakeOwnershipPrivilege
			SeLoadDriverPrivilege
			SeBackupPrivilege
			SeRestorePrivilege
			SeDebugPrivilege
			SeAuditPrivilege
			SeSystemEnvironmentPrivilege
			SeImpersonatePrivilege
			SeDelegateSessionUserImpersonatePrivilege",,,,,,,,,,,,,,,,,,,,,,,,,,,,,,NT AUTHORITY,0x3e7,,SYSTEM,S-1-5-18,,,,,,,,,,,,,,,,,,,,,,,,,,,,,
2025-08-13T10:54:09.819488Z,4624,WIN-LC7SFT89DTG,Microsoft-Windows-Security-Auditing,Security,396,0,,,,,,,,,,,,,,,,,Negotiate,,,,,,,,,,,,,,,,,,,,,,,,%%1842,,,,,,,,,,,,,%%1833,-,-,,,,0,,,-,,,,,00000000-0000-0000-0000-000000000000,,Advapi  ,5,,,,,,,,,,,,,,,,,,,,,,,,,,,,,,,,,,,,,,,,,,,,0x27c,C:\Windows\System32\services.exe,,,,,,,,,,-,,,,,,,,,,,,,,,,,WORKGROUP,0x3e7,,WIN-LC7SFT89DTG$,S-1-5-18,NT AUTHORITY,,0x0,,0x3e7,,-,-,,,,,SYSTEM,S-1-5-18,,,,,-,,,,,,%%1843,,,-,
2025-08-13T10:54:09.819493Z,4672,WIN-LC7SFT89DTG,Microsoft-Windows-Security-Auditing,Security,397,0,,,,,,,,,,,,,,,,,,,,,,,,,,,,,,,,,,,,,,,,,,,,,,,,,,,,,,,,,,,,,,,,,,,,,,,,,,,,,,,,,,,,,,,,,,,,,,,,,,,,,,,,,,,,,,,,,"SeAssignPrimaryTokenPrivilege
			SeTcbPrivilege
			SeSecurityPrivilege
			SeTakeOwnershipPrivilege
			SeLoadDriverPrivilege
			SeBackupPrivilege
			SeRestorePrivilege
			SeDebugPrivilege
			SeAuditPrivilege
			SeSystemEnvironmentPrivilege
			SeImpersonatePrivilege
			SeDelegateSessionUserImpersonatePrivilege",,,,,,,,,,,,,,,,,,,,,,,,,,,,,,NT AUTHORITY,0x3e7,,SYSTEM,S-1-5-18,,,,,,,,,,,,,,,,,,,,,,,,,,,,,
2025-08-13T10:54:10.688180Z,5379,WIN-LC7SFT89DTG,Microsoft-Windows-Security-Auditing,Security,398,0,,,,,,,,,,,,,,,,,,,,,,,,,4728,,,,0,,,,,,,,,,,,,,,,,,,,,,,,,,,,,,,,,,,,,,,,,,,,,,,,,,,,,,,,,,,,,,,,,,,,,,,,,,,,,,,,,,,,,2025-08-13T10:54:04.168214Z,,,,,,,,%%8100,,,,,3221226021,,,,,,,,,,,,,,,,WIN-LC7SFT89DTG,0x116bb5,,Administrator,S-1-5-21-2502726253-3859040611-225969357-500,,,,,,MicrosoftAccount:user=02duftxaqzoilzkp,,,,,,,,,,,,,,0,,,,,,,,,
2025-08-13T10:54:10.697189Z,5058,WIN-LC7SFT89DTG,Microsoft-Windows-Security-Auditing,Security,399,0,,,,,,,,,UNKNOWN,,,,,,,,,,,,,,,2025-08-13T10:54:04.168214Z,4728,,,,,,,,,,,,,,,,,,,,,,,,,,,,,,,,,,C:\ProgramData\Microsoft\Crypto\SystemKeys\a249f2e841543ffb8f0f260f58d1f69b_9c32fc58-91ff-4dc6-87b4-7e601db21fd9,,30d6898c-8927-737a-49b7-9349691e8a5b,%%2500,,,,,,,,,,,,,,,,,,,,,,,,,,,,,,,,,,,,,,,%%2458,,,,,,,,,,,,,,,,,,Microsoft Software Key Storage Provider,,,,,,,,0x0,,,,,,,,,,,,,,,,WORKGROUP,0x3e7,,WIN-LC7SFT89DTG$,S-1-5-18,,,,,,,,,,,,,,,,,,,,,,,,,,,,,
2025-08-13T10:54:10.697365Z,5061,WIN-LC7SFT89DTG,Microsoft-Windows-Security-Auditing,Security,400,0,,,,,,,,,RSA,,,,,,,,,,,,,,,,,,,,,,,,,,,,,,,,,,,,,,,,,,,,,,,,,,,,30d6898c-8927-737a-49b7-9349691e8a5b,%%2500,,,,,,,,,,,,,,,,,,,,,,,,,,,,,,,,,,,,,,,%%2480,,,,,,,,,,,,,,,,,,Microsoft Software Key Storage Provider,,,,,,,,0x0,,,,,,,,,,,,,,,,WORKGROUP,0x3e7,,WIN-LC7SFT89DTG$,S-1-5-18,,,,,,,,,,,,,,,,,,,,,,,,,,,,,
2025-08-13T10:54:10.699599Z,5379,WIN-LC7SFT89DTG,Microsoft-Windows-Security-Auditing,Security,401,0,,,,,,,,,,,,,,,,,,,,,,,,,4728,,,,1,,,,,,,,,,,,,,,,,,,,,,,,,,,,,,,,,,,,,,,,,,,,,,,,,,,,,,,,,,,,,,,,,,,,,,,,,,,,,,,,,,,,,2025-08-13T10:54:04.168214Z,,,,,,,,%%8099,,,,,3221226021,,,,,,,,,,,,,,,,WIN-LC7SFT89DTG,0x116bb5,,Administrator,S-1-5-21-2502726253-3859040611-225969357-500,,,,,,MicrosoftAccount:user=02duftxaqzoilzkp,,,,,,,,,,,,,,1,,,,,,,,,
2025-08-13T10:54:10.705707Z,5379,WIN-LC7SFT89DTG,Microsoft-Windows-Security-Auditing,Security,402,0,,,,,,,,,,,,,,,,,,,,,,,,,4728,,,,0,,,,,,,,,,,,,,,,,,,,,,,,,,,,,,,,,,,,,,,,,,,,,,,,,,,,,,,,,,,,,,,,,,,,,,,,,,,,,,,,,,,,,2025-08-13T10:54:04.168214Z,,,,,,,,%%8100,,,,,3221226021,,,,,,,,,,,,,,,,WIN-LC7SFT89DTG,0x116bb5,,Administrator,S-1-5-21-2502726253-3859040611-225969357-500,,,,,,MicrosoftAccount:user=02duftxaqzoilzkp,,,,,,,,,,,,,,0,,,,,,,,,
2025-08-13T10:54:10.705915Z,5379,WIN-LC7SFT89DTG,Microsoft-Windows-Security-Auditing,Security,403,0,,,,,,,,,,,,,,,,,,,,,,,,,4728,,,,0,,,,,,,,,,,,,,,,,,,,,,,,,,,,,,,,,,,,,,,,,,,,,,,,,,,,,,,,,,,,,,,,,,,,,,,,,,,,,,,,,,,,,2025-08-13T10:54:04.168214Z,,,,,,,,%%8100,,,,,3221226021,,,,,,,,,,,,,,,,WIN-LC7SFT89DTG,0x116bb5,,Administrator,S-1-5-21-2502726253-3859040611-225969357-500,,,,,,WindowsLive:target=virtualapp/didlogical,,,,,,,,,,,,,,0,,,,,,,,,
2025-08-13T10:54:10.710353Z,5379,WIN-LC7SFT89DTG,Microsoft-Windows-Security-Auditing,Security,404,0,,,,,,,,,,,,,,,,,,,,,,,,,4728,,,,0,,,,,,,,,,,,,,,,,,,,,,,,,,,,,,,,,,,,,,,,,,,,,,,,,,,,,,,,,,,,,,,,,,,,,,,,,,,,,,,,,,,,,2025-08-13T10:54:04.168214Z,,,,,,,,%%8100,,,,,3221226021,,,,,,,,,,,,,,,,WIN-LC7SFT89DTG,0x116bb5,,Administrator,S-1-5-21-2502726253-3859040611-225969357-500,,,,,,MicrosoftAccount:user=02duftxaqzoilzkp,,,,,,,,,,,,,,0,,,,,,,,,
2025-08-13T10:54:10.710416Z,5379,WIN-LC7SFT89DTG,Microsoft-Windows-Security-Auditing,Security,405,0,,,,,,,,,,,,,,,,,,,,,,,,,4728,,,,0,,,,,,,,,,,,,,,,,,,,,,,,,,,,,,,,,,,,,,,,,,,,,,,,,,,,,,,,,,,,,,,,,,,,,,,,,,,,,,,,,,,,,2025-08-13T10:54:04.168214Z,,,,,,,,%%8100,,,,,3221226021,,,,,,,,,,,,,,,,WIN-LC7SFT89DTG,0x116bb5,,Administrator,S-1-5-21-2502726253-3859040611-225969357-500,,,,,,WindowsLive:(token):name=02duftxaqzoilzkp;serviceuri=*,,,,,,,,,,,,,,0,,,,,,,,,
2025-08-13T10:54:10.710554Z,5379,WIN-LC7SFT89DTG,Microsoft-Windows-Security-Auditing,Security,406,0,,,,,,,,,,,,,,,,,,,,,,,,,4728,,,,0,,,,,,,,,,,,,,,,,,,,,,,,,,,,,,,,,,,,,,,,,,,,,,,,,,,,,,,,,,,,,,,,,,,,,,,,,,,,,,,,,,,,,2025-08-13T10:54:04.168214Z,,,,,,,,%%8100,,,,,3221226021,,,,,,,,,,,,,,,,WIN-LC7SFT89DTG,0x116bb5,,Administrator,S-1-5-21-2502726253-3859040611-225969357-500,,,,,,WindowsLive:(cert):name=02duftxaqzoilzkp;serviceuri=*,,,,,,,,,,,,,,0,,,,,,,,,
2025-08-13T10:54:10.935997Z,5379,WIN-LC7SFT89DTG,Microsoft-Windows-Security-Auditing,Security,407,0,,,,,,,,,,,,,,,,,,,,,,,,,4728,,,,0,,,,,,,,,,,,,,,,,,,,,,,,,,,,,,,,,,,,,,,,,,,,,,,,,,,,,,,,,,,,,,,,,,,,,,,,,,,,,,,,,,,,,2025-08-13T10:54:04.168214Z,,,,,,,,%%8100,,,,,3221226021,,,,,,,,,,,,,,,,WIN-LC7SFT89DTG,0x116bb5,,Administrator,S-1-5-21-2502726253-3859040611-225969357-500,,,,,,MicrosoftAccount:user=02duftxaqzoilzkp,,,,,,,,,,,,,,0,,,,,,,,,
2025-08-13T10:54:10.938000Z,5379,WIN-LC7SFT89DTG,Microsoft-Windows-Security-Auditing,Security,408,0,,,,,,,,,,,,,,,,,,,,,,,,,4728,,,,0,,,,,,,,,,,,,,,,,,,,,,,,,,,,,,,,,,,,,,,,,,,,,,,,,,,,,,,,,,,,,,,,,,,,,,,,,,,,,,,,,,,,,2025-08-13T10:54:04.168214Z,,,,,,,,%%8100,,,,,3221226021,,,,,,,,,,,,,,,,WIN-LC7SFT89DTG,0x116bb5,,Administrator,S-1-5-21-2502726253-3859040611-225969357-500,,,,,,MicrosoftAccount:user=02duftxaqzoilzkp,,,,,,,,,,,,,,0,,,,,,,,,
2025-08-13T10:54:10.953202Z,5379,WIN-LC7SFT89DTG,Microsoft-Windows-Security-Auditing,Security,409,0,,,,,,,,,,,,,,,,,,,,,,,,,4728,,,,0,,,,,,,,,,,,,,,,,,,,,,,,,,,,,,,,,,,,,,,,,,,,,,,,,,,,,,,,,,,,,,,,,,,,,,,,,,,,,,,,,,,,,2025-08-13T10:54:04.168214Z,,,,,,,,%%8100,,,,,3221226021,,,,,,,,,,,,,,,,WIN-LC7SFT89DTG,0x116bb5,,Administrator,S-1-5-21-2502726253-3859040611-225969357-500,,,,,,MicrosoftAccount:user=02duftxaqzoilzkp,,,,,,,,,,,,,,0,,,,,,,,,
2025-08-13T10:54:10.953258Z,5379,WIN-LC7SFT89DTG,Microsoft-Windows-Security-Auditing,Security,410,0,,,,,,,,,,,,,,,,,,,,,,,,,4728,,,,0,,,,,,,,,,,,,,,,,,,,,,,,,,,,,,,,,,,,,,,,,,,,,,,,,,,,,,,,,,,,,,,,,,,,,,,,,,,,,,,,,,,,,2025-08-13T10:54:04.168214Z,,,,,,,,%%8100,,,,,3221226021,,,,,,,,,,,,,,,,WIN-LC7SFT89DTG,0x116bb5,,Administrator,S-1-5-21-2502726253-3859040611-225969357-500,,,,,,MicrosoftAccount:user=02duftxaqzoilzkp,,,,,,,,,,,,,,0,,,,,,,,,
2025-08-13T10:54:11.805306Z,5379,WIN-LC7SFT89DTG,Microsoft-Windows-Security-Auditing,Security,411,0,,,,,,,,,,,,,,,,,,,,,,,,,4728,,,,0,,,,,,,,,,,,,,,,,,,,,,,,,,,,,,,,,,,,,,,,,,,,,,,,,,,,,,,,,,,,,,,,,,,,,,,,,,,,,,,,,,,,,2025-08-13T10:54:04.168214Z,,,,,,,,%%8100,,,,,3221226021,,,,,,,,,,,,,,,,NT AUTHORITY,0x3e5,,LOCAL SERVICE,S-1-5-19,,,,,,WindowsLive:(token):name=02hzyneqtpomctdj;serviceuri=*,,,,,,,,,,,,,,0,,,,,,,,,
2025-08-13T10:54:11.805491Z,5379,WIN-LC7SFT89DTG,Microsoft-Windows-Security-Auditing,Security,412,0,,,,,,,,,,,,,,,,,,,,,,,,,4728,,,,0,,,,,,,,,,,,,,,,,,,,,,,,,,,,,,,,,,,,,,,,,,,,,,,,,,,,,,,,,,,,,,,,,,,,,,,,,,,,,,,,,,,,,2025-08-13T10:54:04.168214Z,,,,,,,,%%8100,,,,,3221226021,,,,,,,,,,,,,,,,NT AUTHORITY,0x3e5,,LOCAL SERVICE,S-1-5-19,,,,,,WindowsLive:(cert):name=02hzyneqtpomctdj;serviceuri=*,,,,,,,,,,,,,,0,,,,,,,,,
2025-08-13T10:54:11.805528Z,5379,WIN-LC7SFT89DTG,Microsoft-Windows-Security-Auditing,Security,413,0,,,,,,,,,,,,,,,,,,,,,,,,,4728,,,,0,,,,,,,,,,,,,,,,,,,,,,,,,,,,,,,,,,,,,,,,,,,,,,,,,,,,,,,,,,,,,,,,,,,,,,,,,,,,,,,,,,,,,2025-08-13T10:54:04.168214Z,,,,,,,,%%8100,,,,,3221226021,,,,,,,,,,,,,,,,NT AUTHORITY,0x3e5,,LOCAL SERVICE,S-1-5-19,,,,,,WindowsLive:target=virtualapp/didlogical,,,,,,,,,,,,,,0,,,,,,,,,
2025-08-13T10:54:12.420495Z,5379,WIN-LC7SFT89DTG,Microsoft-Windows-Security-Auditing,Security,414,0,,,,,,,,,,,,,,,,,,,,,,,,,4728,,,,0,,,,,,,,,,,,,,,,,,,,,,,,,,,,,,,,,,,,,,,,,,,,,,,,,,,,,,,,,,,,,,,,,,,,,,,,,,,,,,,,,,,,,2025-08-13T10:54:04.168214Z,,,,,,,,%%8100,,,,,3221226021,,,,,,,,,,,,,,,,NT AUTHORITY,0x3e5,,LOCAL SERVICE,S-1-5-19,,,,,,MicrosoftAccount:user=02hzyneqtpomctdj,,,,,,,,,,,,,,0,,,,,,,,,
2025-08-13T10:54:12.421336Z,5058,WIN-LC7SFT89DTG,Microsoft-Windows-Security-Auditing,Security,415,0,,,,,,,,,UNKNOWN,,,,,,,,,,,,,,,2025-08-13T10:54:04.168214Z,4728,,,,,,,,,,,,,,,,,,,,,,,,,,,,,,,,,,C:\ProgramData\Microsoft\Crypto\SystemKeys\a249f2e841543ffb8f0f260f58d1f69b_9c32fc58-91ff-4dc6-87b4-7e601db21fd9,,30d6898c-8927-737a-49b7-9349691e8a5b,%%2500,,,,,,,,,,,,,,,,,,,,,,,,,,,,,,,,,,,,,,,%%2458,,,,,,,,,,,,,,,,,,Microsoft Software Key Storage Provider,,,,,,,,0x0,,,,,,,,,,,,,,,,WORKGROUP,0x3e7,,WIN-LC7SFT89DTG$,S-1-5-18,,,,,,,,,,,,,,,,,,,,,,,,,,,,,
2025-08-13T10:54:12.421523Z,5061,WIN-LC7SFT89DTG,Microsoft-Windows-Security-Auditing,Security,416,0,,,,,,,,,RSA,,,,,,,,,,,,,,,,,,,,,,,,,,,,,,,,,,,,,,,,,,,,,,,,,,,,30d6898c-8927-737a-49b7-9349691e8a5b,%%2500,,,,,,,,,,,,,,,,,,,,,,,,,,,,,,,,,,,,,,,%%2480,,,,,,,,,,,,,,,,,,Microsoft Software Key Storage Provider,,,,,,,,0x0,,,,,,,,,,,,,,,,WORKGROUP,0x3e7,,WIN-LC7SFT89DTG$,S-1-5-18,,,,,,,,,,,,,,,,,,,,,,,,,,,,,
2025-08-13T10:54:12.423690Z,5379,WIN-LC7SFT89DTG,Microsoft-Windows-Security-Auditing,Security,417,0,,,,,,,,,,,,,,,,,,,,,,,,,4728,,,,1,,,,,,,,,,,,,,,,,,,,,,,,,,,,,,,,,,,,,,,,,,,,,,,,,,,,,,,,,,,,,,,,,,,,,,,,,,,,,,,,,,,,,2025-08-13T10:54:04.168214Z,,,,,,,,%%8099,,,,,3221226021,,,,,,,,,,,,,,,,NT AUTHORITY,0x3e5,,LOCAL SERVICE,S-1-5-19,,,,,,MicrosoftAccount:user=02hzyneqtpomctdj,,,,,,,,,,,,,,1,,,,,,,,,
2025-08-13T10:54:12.425710Z,5379,WIN-LC7SFT89DTG,Microsoft-Windows-Security-Auditing,Security,418,0,,,,,,,,,,,,,,,,,,,,,,,,,4728,,,,0,,,,,,,,,,,,,,,,,,,,,,,,,,,,,,,,,,,,,,,,,,,,,,,,,,,,,,,,,,,,,,,,,,,,,,,,,,,,,,,,,,,,,2025-08-13T10:54:04.168214Z,,,,,,,,%%8100,,,,,3221226021,,,,,,,,,,,,,,,,NT AUTHORITY,0x3e5,,LOCAL SERVICE,S-1-5-19,,,,,,MicrosoftAccount:user=02hzyneqtpomctdj,,,,,,,,,,,,,,0,,,,,,,,,
2025-08-13T10:54:12.426094Z,5379,WIN-LC7SFT89DTG,Microsoft-Windows-Security-Auditing,Security,419,0,,,,,,,,,,,,,,,,,,,,,,,,,4728,,,,0,,,,,,,,,,,,,,,,,,,,,,,,,,,,,,,,,,,,,,,,,,,,,,,,,,,,,,,,,,,,,,,,,,,,,,,,,,,,,,,,,,,,,2025-08-13T10:54:04.168214Z,,,,,,,,%%8100,,,,,3221226021,,,,,,,,,,,,,,,,NT AUTHORITY,0x3e5,,LOCAL SERVICE,S-1-5-19,,,,,,WindowsLive:target=virtualapp/didlogical,,,,,,,,,,,,,,0,,,,,,,,,
2025-08-13T10:54:12.431782Z,5379,WIN-LC7SFT89DTG,Microsoft-Windows-Security-Auditing,Security,420,0,,,,,,,,,,,,,,,,,,,,,,,,,4728,,,,0,,,,,,,,,,,,,,,,,,,,,,,,,,,,,,,,,,,,,,,,,,,,,,,,,,,,,,,,,,,,,,,,,,,,,,,,,,,,,,,,,,,,,2025-08-13T10:54:04.168214Z,,,,,,,,%%8100,,,,,3221226021,,,,,,,,,,,,,,,,NT AUTHORITY,0x3e5,,LOCAL SERVICE,S-1-5-19,,,,,,MicrosoftAccount:user=02hzyneqtpomctdj,,,,,,,,,,,,,,0,,,,,,,,,
2025-08-13T10:54:12.431827Z,5379,WIN-LC7SFT89DTG,Microsoft-Windows-Security-Auditing,Security,421,0,,,,,,,,,,,,,,,,,,,,,,,,,4728,,,,0,,,,,,,,,,,,,,,,,,,,,,,,,,,,,,,,,,,,,,,,,,,,,,,,,,,,,,,,,,,,,,,,,,,,,,,,,,,,,,,,,,,,,2025-08-13T10:54:04.168214Z,,,,,,,,%%8100,,,,,3221226021,,,,,,,,,,,,,,,,NT AUTHORITY,0x3e5,,LOCAL SERVICE,S-1-5-19,,,,,,WindowsLive:(token):name=02hzyneqtpomctdj;serviceuri=*,,,,,,,,,,,,,,0,,,,,,,,,
2025-08-13T10:54:12.431951Z,5379,WIN-LC7SFT89DTG,Microsoft-Windows-Security-Auditing,Security,422,0,,,,,,,,,,,,,,,,,,,,,,,,,4728,,,,0,,,,,,,,,,,,,,,,,,,,,,,,,,,,,,,,,,,,,,,,,,,,,,,,,,,,,,,,,,,,,,,,,,,,,,,,,,,,,,,,,,,,,2025-08-13T10:54:04.168214Z,,,,,,,,%%8100,,,,,3221226021,,,,,,,,,,,,,,,,NT AUTHORITY,0x3e5,,LOCAL SERVICE,S-1-5-19,,,,,,WindowsLive:(cert):name=02hzyneqtpomctdj;serviceuri=*,,,,,,,,,,,,,,0,,,,,,,,,
2025-08-13T10:54:12.845818Z,5379,WIN-LC7SFT89DTG,Microsoft-Windows-Security-Auditing,Security,423,0,,,,,,,,,,,,,,,,,,,,,,,,,4728,,,,0,,,,,,,,,,,,,,,,,,,,,,,,,,,,,,,,,,,,,,,,,,,,,,,,,,,,,,,,,,,,,,,,,,,,,,,,,,,,,,,,,,,,,2025-08-13T10:54:04.168214Z,,,,,,,,%%8100,,,,,3221226021,,,,,,,,,,,,,,,,NT AUTHORITY,0x3e5,,LOCAL SERVICE,S-1-5-19,,,,,,MicrosoftAccount:user=02hzyneqtpomctdj,,,,,,,,,,,,,,0,,,,,,,,,
2025-08-13T10:54:12.847846Z,5379,WIN-LC7SFT89DTG,Microsoft-Windows-Security-Auditing,Security,424,0,,,,,,,,,,,,,,,,,,,,,,,,,4728,,,,0,,,,,,,,,,,,,,,,,,,,,,,,,,,,,,,,,,,,,,,,,,,,,,,,,,,,,,,,,,,,,,,,,,,,,,,,,,,,,,,,,,,,,2025-08-13T10:54:04.168214Z,,,,,,,,%%8100,,,,,3221226021,,,,,,,,,,,,,,,,NT AUTHORITY,0x3e5,,LOCAL SERVICE,S-1-5-19,,,,,,MicrosoftAccount:user=02hzyneqtpomctdj,,,,,,,,,,,,,,0,,,,,,,,,
2025-08-13T10:54:12.849831Z,5379,WIN-LC7SFT89DTG,Microsoft-Windows-Security-Auditing,Security,425,0,,,,,,,,,,,,,,,,,,,,,,,,,4728,,,,0,,,,,,,,,,,,,,,,,,,,,,,,,,,,,,,,,,,,,,,,,,,,,,,,,,,,,,,,,,,,,,,,,,,,,,,,,,,,,,,,,,,,,2025-08-13T10:54:04.168214Z,,,,,,,,%%8100,,,,,3221226021,,,,,,,,,,,,,,,,NT AUTHORITY,0x3e5,,LOCAL SERVICE,S-1-5-19,,,,,,MicrosoftAccount:user=02hzyneqtpomctdj,,,,,,,,,,,,,,0,,,,,,,,,
2025-08-13T10:54:12.849879Z,5379,WIN-LC7SFT89DTG,Microsoft-Windows-Security-Auditing,Security,426,0,,,,,,,,,,,,,,,,,,,,,,,,,4728,,,,0,,,,,,,,,,,,,,,,,,,,,,,,,,,,,,,,,,,,,,,,,,,,,,,,,,,,,,,,,,,,,,,,,,,,,,,,,,,,,,,,,,,,,2025-08-13T10:54:04.168214Z,,,,,,,,%%8100,,,,,3221226021,,,,,,,,,,,,,,,,NT AUTHORITY,0x3e5,,LOCAL SERVICE,S-1-5-19,,,,,,MicrosoftAccount:user=02hzyneqtpomctdj,,,,,,,,,,,,,,0,,,,,,,,,
2025-08-13T10:54:17.148863Z,4624,WIN-LC7SFT89DTG,Microsoft-Windows-Security-Auditing,Security,427,0,,,,,,,,,,,,,,,,,Negotiate,,,,,,,,,,,,,,,,,,,,,,,,%%1842,,,,,,,,,,,,,%%1833,-,-,,,,0,,,-,,,,,00000000-0000-0000-0000-000000000000,,Advapi  ,5,,,,,,,,,,,,,,,,,,,,,,,,,,,,,,,,,,,,,,,,,,,,0x27c,C:\Windows\System32\services.exe,,,,,,,,,,-,,,,,,,,,,,,,,,,,WORKGROUP,0x3e7,,WIN-LC7SFT89DTG$,S-1-5-18,NT AUTHORITY,,0x0,,0x3e7,,-,-,,,,,SYSTEM,S-1-5-18,,,,,-,,,,,,%%1843,,,-,
2025-08-13T10:54:17.148868Z,4672,WIN-LC7SFT89DTG,Microsoft-Windows-Security-Auditing,Security,428,0,,,,,,,,,,,,,,,,,,,,,,,,,,,,,,,,,,,,,,,,,,,,,,,,,,,,,,,,,,,,,,,,,,,,,,,,,,,,,,,,,,,,,,,,,,,,,,,,,,,,,,,,,,,,,,,,,"SeAssignPrimaryTokenPrivilege
			SeTcbPrivilege
			SeSecurityPrivilege
			SeTakeOwnershipPrivilege
			SeLoadDriverPrivilege
			SeBackupPrivilege
			SeRestorePrivilege
			SeDebugPrivilege
			SeAuditPrivilege
			SeSystemEnvironmentPrivilege
			SeImpersonatePrivilege
			SeDelegateSessionUserImpersonatePrivilege",,,,,,,,,,,,,,,,,,,,,,,,,,,,,,NT AUTHORITY,0x3e7,,SYSTEM,S-1-5-18,,,,,,,,,,,,,,,,,,,,,,,,,,,,,
2025-08-13T10:54:45.838887Z,5379,WIN-LC7SFT89DTG,Microsoft-Windows-Security-Auditing,Security,429,0,,,,,,,,,,,,,,,,,,,,,,,,,4728,,,,0,,,,,,,,,,,,,,,,,,,,,,,,,,,,,,,,,,,,,,,,,,,,,,,,,,,,,,,,,,,,,,,,,,,,,,,,,,,,,,,,,,,,,2025-08-13T10:54:04.168214Z,,,,,,,,%%8100,,,,,3221226021,,,,,,,,,,,,,,,,WIN-LC7SFT89DTG,0x116bb5,,Administrator,S-1-5-21-2502726253-3859040611-225969357-500,,,,,,MicrosoftAccount:user=02duftxaqzoilzkp,,,,,,,,,,,,,,0,,,,,,,,,
2025-08-13T10:54:45.838938Z,5379,WIN-LC7SFT89DTG,Microsoft-Windows-Security-Auditing,Security,430,0,,,,,,,,,,,,,,,,,,,,,,,,,4728,,,,0,,,,,,,,,,,,,,,,,,,,,,,,,,,,,,,,,,,,,,,,,,,,,,,,,,,,,,,,,,,,,,,,,,,,,,,,,,,,,,,,,,,,,2025-08-13T10:54:04.168214Z,,,,,,,,%%8100,,,,,3221226021,,,,,,,,,,,,,,,,WIN-LC7SFT89DTG,0x116bb5,,Administrator,S-1-5-21-2502726253-3859040611-225969357-500,,,,,,WindowsLive:(token):name=02duftxaqzoilzkp;serviceuri=*,,,,,,,,,,,,,,0,,,,,,,,,
2025-08-13T10:54:45.839232Z,5379,WIN-LC7SFT89DTG,Microsoft-Windows-Security-Auditing,Security,431,0,,,,,,,,,,,,,,,,,,,,,,,,,4728,,,,0,,,,,,,,,,,,,,,,,,,,,,,,,,,,,,,,,,,,,,,,,,,,,,,,,,,,,,,,,,,,,,,,,,,,,,,,,,,,,,,,,,,,,2025-08-13T10:54:04.168214Z,,,,,,,,%%8100,,,,,3221226021,,,,,,,,,,,,,,,,WIN-LC7SFT89DTG,0x116bb5,,Administrator,S-1-5-21-2502726253-3859040611-225969357-500,,,,,,WindowsLive:(cert):name=02duftxaqzoilzkp;serviceuri=*,,,,,,,,,,,,,,0,,,,,,,,,
2025-08-13T10:54:46.067085Z,5379,WIN-LC7SFT89DTG,Microsoft-Windows-Security-Auditing,Security,432,0,,,,,,,,,,,,,,,,,,,,,,,,,4728,,,,0,,,,,,,,,,,,,,,,,,,,,,,,,,,,,,,,,,,,,,,,,,,,,,,,,,,,,,,,,,,,,,,,,,,,,,,,,,,,,,,,,,,,,2025-08-13T10:54:04.168214Z,,,,,,,,%%8100,,,,,3221226021,,,,,,,,,,,,,,,,WIN-LC7SFT89DTG,0x116bb5,,Administrator,S-1-5-21-2502726253-3859040611-225969357-500,,,,,,MicrosoftAccount:user=02duftxaqzoilzkp,,,,,,,,,,,,,,0,,,,,,,,,
2025-08-13T10:54:46.068954Z,5379,WIN-LC7SFT89DTG,Microsoft-Windows-Security-Auditing,Security,433,0,,,,,,,,,,,,,,,,,,,,,,,,,4728,,,,0,,,,,,,,,,,,,,,,,,,,,,,,,,,,,,,,,,,,,,,,,,,,,,,,,,,,,,,,,,,,,,,,,,,,,,,,,,,,,,,,,,,,,2025-08-13T10:54:04.168214Z,,,,,,,,%%8100,,,,,3221226021,,,,,,,,,,,,,,,,WIN-LC7SFT89DTG,0x116bb5,,Administrator,S-1-5-21-2502726253-3859040611-225969357-500,,,,,,MicrosoftAccount:user=02duftxaqzoilzkp,,,,,,,,,,,,,,0,,,,,,,,,
2025-08-13T10:54:46.070797Z,5379,WIN-LC7SFT89DTG,Microsoft-Windows-Security-Auditing,Security,434,0,,,,,,,,,,,,,,,,,,,,,,,,,4728,,,,0,,,,,,,,,,,,,,,,,,,,,,,,,,,,,,,,,,,,,,,,,,,,,,,,,,,,,,,,,,,,,,,,,,,,,,,,,,,,,,,,,,,,,2025-08-13T10:54:04.168214Z,,,,,,,,%%8100,,,,,3221226021,,,,,,,,,,,,,,,,WIN-LC7SFT89DTG,0x116bb5,,Administrator,S-1-5-21-2502726253-3859040611-225969357-500,,,,,,MicrosoftAccount:user=02duftxaqzoilzkp,,,,,,,,,,,,,,0,,,,,,,,,
2025-08-13T10:54:46.070838Z,5379,WIN-LC7SFT89DTG,Microsoft-Windows-Security-Auditing,Security,435,0,,,,,,,,,,,,,,,,,,,,,,,,,4728,,,,0,,,,,,,,,,,,,,,,,,,,,,,,,,,,,,,,,,,,,,,,,,,,,,,,,,,,,,,,,,,,,,,,,,,,,,,,,,,,,,,,,,,,,2025-08-13T10:54:04.168214Z,,,,,,,,%%8100,,,,,3221226021,,,,,,,,,,,,,,,,WIN-LC7SFT89DTG,0x116bb5,,Administrator,S-1-5-21-2502726253-3859040611-225969357-500,,,,,,MicrosoftAccount:user=02duftxaqzoilzkp,,,,,,,,,,,,,,0,,,,,,,,,
2025-08-13T10:54:53.253538Z,4624,WIN-LC7SFT89DTG,Microsoft-Windows-Security-Auditing,Security,436,0,,,,,,,,,,,,,,,,,Negotiate,,,,,,,,,,,,,,,,,,,,,,,,%%1842,,,,,,,,,,,,,%%1833,-,-,,,,0,,,-,,,,,00000000-0000-0000-0000-000000000000,,Advapi  ,5,,,,,,,,,,,,,,,,,,,,,,,,,,,,,,,,,,,,,,,,,,,,0x27c,C:\Windows\System32\services.exe,,,,,,,,,,-,,,,,,,,,,,,,,,,,WORKGROUP,0x3e7,,WIN-LC7SFT89DTG$,S-1-5-18,NT AUTHORITY,,0x0,,0x3e7,,-,-,,,,,SYSTEM,S-1-5-18,,,,,-,,,,,,%%1843,,,-,
2025-08-13T10:54:53.253542Z,4672,WIN-LC7SFT89DTG,Microsoft-Windows-Security-Auditing,Security,437,0,,,,,,,,,,,,,,,,,,,,,,,,,,,,,,,,,,,,,,,,,,,,,,,,,,,,,,,,,,,,,,,,,,,,,,,,,,,,,,,,,,,,,,,,,,,,,,,,,,,,,,,,,,,,,,,,,"SeAssignPrimaryTokenPrivilege
			SeTcbPrivilege
			SeSecurityPrivilege
			SeTakeOwnershipPrivilege
			SeLoadDriverPrivilege
			SeBackupPrivilege
			SeRestorePrivilege
			SeDebugPrivilege
			SeAuditPrivilege
			SeSystemEnvironmentPrivilege
			SeImpersonatePrivilege
			SeDelegateSessionUserImpersonatePrivilege",,,,,,,,,,,,,,,,,,,,,,,,,,,,,,NT AUTHORITY,0x3e7,,SYSTEM,S-1-5-18,,,,,,,,,,,,,,,,,,,,,,,,,,,,,
2025-08-13T10:55:43.081991Z,4624,WIN-LC7SFT89DTG,Microsoft-Windows-Security-Auditing,Security,438,0,,,,,,,,,,,,,,,,,Negotiate,,,,,,,,,,,,,,,,,,,,,,,,%%1842,,,,,,,,,,,,,%%1833,-,-,,,,0,,,-,,,,,00000000-0000-0000-0000-000000000000,,Advapi  ,5,,,,,,,,,,,,,,,,,,,,,,,,,,,,,,,,,,,,,,,,,,,,0x27c,C:\Windows\System32\services.exe,,,,,,,,,,-,,,,,,,,,,,,,,,,,WORKGROUP,0x3e7,,WIN-LC7SFT89DTG$,S-1-5-18,NT AUTHORITY,,0x0,,0x3e7,,-,-,,,,,SYSTEM,S-1-5-18,,,,,-,,,,,,%%1843,,,-,
2025-08-13T10:55:43.081996Z,4672,WIN-LC7SFT89DTG,Microsoft-Windows-Security-Auditing,Security,439,0,,,,,,,,,,,,,,,,,,,,,,,,,,,,,,,,,,,,,,,,,,,,,,,,,,,,,,,,,,,,,,,,,,,,,,,,,,,,,,,,,,,,,,,,,,,,,,,,,,,,,,,,,,,,,,,,,"SeAssignPrimaryTokenPrivilege
			SeTcbPrivilege
			SeSecurityPrivilege
			SeTakeOwnershipPrivilege
			SeLoadDriverPrivilege
			SeBackupPrivilege
			SeRestorePrivilege
			SeDebugPrivilege
			SeAuditPrivilege
			SeSystemEnvironmentPrivilege
			SeImpersonatePrivilege
			SeDelegateSessionUserImpersonatePrivilege",,,,,,,,,,,,,,,,,,,,,,,,,,,,,,NT AUTHORITY,0x3e7,,SYSTEM,S-1-5-18,,,,,,,,,,,,,,,,,,,,,,,,,,,,,
2025-08-13T10:55:55.891247Z,4624,WIN-LC7SFT89DTG,Microsoft-Windows-Security-Auditing,Security,440,0,,,,,,,,,,,,,,,,,Negotiate,,,,,,,,,,,,,,,,,,,,,,,,%%1842,,,,,,,,,,,,,%%1833,-,-,,,,0,,,-,,,,,00000000-0000-0000-0000-000000000000,,Advapi  ,5,,,,,,,,,,,,,,,,,,,,,,,,,,,,,,,,,,,,,,,,,,,,0x27c,C:\Windows\System32\services.exe,,,,,,,,,,-,,,,,,,,,,,,,,,,,WORKGROUP,0x3e7,,WIN-LC7SFT89DTG$,S-1-5-18,NT AUTHORITY,,0x0,,0x3e7,,-,-,,,,,SYSTEM,S-1-5-18,,,,,-,,,,,,%%1843,,,-,
2025-08-13T10:55:55.891252Z,4672,WIN-LC7SFT89DTG,Microsoft-Windows-Security-Auditing,Security,441,0,,,,,,,,,,,,,,,,,,,,,,,,,,,,,,,,,,,,,,,,,,,,,,,,,,,,,,,,,,,,,,,,,,,,,,,,,,,,,,,,,,,,,,,,,,,,,,,,,,,,,,,,,,,,,,,,,"SeAssignPrimaryTokenPrivilege
			SeTcbPrivilege
			SeSecurityPrivilege
			SeTakeOwnershipPrivilege
			SeLoadDriverPrivilege
			SeBackupPrivilege
			SeRestorePrivilege
			SeDebugPrivilege
			SeAuditPrivilege
			SeSystemEnvironmentPrivilege
			SeImpersonatePrivilege
			SeDelegateSessionUserImpersonatePrivilege",,,,,,,,,,,,,,,,,,,,,,,,,,,,,,NT AUTHORITY,0x3e7,,SYSTEM,S-1-5-18,,,,,,,,,,,,,,,,,,,,,,,,,,,,,
2025-08-13T10:56:00.896375Z,4624,WIN-LC7SFT89DTG,Microsoft-Windows-Security-Auditing,Security,442,0,,,,,,,,,,,,,,,,,Negotiate,,,,,,,,,,,,,,,,,,,,,,,,%%1842,,,,,,,,,,,,,%%1833,-,-,,,,0,,,-,,,,,00000000-0000-0000-0000-000000000000,,Advapi  ,5,,,,,,,,,,,,,,,,,,,,,,,,,,,,,,,,,,,,,,,,,,,,0x27c,C:\Windows\System32\services.exe,,,,,,,,,,-,,,,,,,,,,,,,,,,,WORKGROUP,0x3e7,,WIN-LC7SFT89DTG$,S-1-5-18,NT AUTHORITY,,0x0,,0x3e7,,-,-,,,,,SYSTEM,S-1-5-18,,,,,-,,,,,,%%1843,,,-,
2025-08-13T10:56:00.896381Z,4672,WIN-LC7SFT89DTG,Microsoft-Windows-Security-Auditing,Security,443,0,,,,,,,,,,,,,,,,,,,,,,,,,,,,,,,,,,,,,,,,,,,,,,,,,,,,,,,,,,,,,,,,,,,,,,,,,,,,,,,,,,,,,,,,,,,,,,,,,,,,,,,,,,,,,,,,,"SeAssignPrimaryTokenPrivilege
			SeTcbPrivilege
			SeSecurityPrivilege
			SeTakeOwnershipPrivilege
			SeLoadDriverPrivilege
			SeBackupPrivilege
			SeRestorePrivilege
			SeDebugPrivilege
			SeAuditPrivilege
			SeSystemEnvironmentPrivilege
			SeImpersonatePrivilege
			SeDelegateSessionUserImpersonatePrivilege",,,,,,,,,,,,,,,,,,,,,,,,,,,,,,NT AUTHORITY,0x3e7,,SYSTEM,S-1-5-18,,,,,,,,,,,,,,,,,,,,,,,,,,,,,
