2025-08-13T11:16:42.376815Z,5379,DC01.garfield.htb,Microsoft-Windows-Security-Auditing,Security,2622,0,,,,,,,,,,,,,,,,,,,,,,,,,3104,,,,0,,,,,,,,,,,,,,,,,,,,,,,,,,,,,,,,,,,,,,,,,,,,,,,,,,,,,,,,,,,,,,,,,,,,,,,,,,,,,,,,,,,,,2025-08-13T11:16:39.708671Z,,,,,,,,%%8100,,,,,3221226021,,,,,,,,,,,,,,,,GARFIELD,0x3e7,,DC01$,S-1-5-18,,,,,,MicrosoftAccount:user=02psidbzqsibuzjn,,,,,,,,,,,,,,0,,,,,,,,,
2025-08-13T11:16:42.378411Z,5379,DC01.garfield.htb,Microsoft-Windows-Security-Auditing,Security,2623,0,,,,,,,,,,,,,,,,,,,,,,,,,3104,,,,0,,,,,,,,,,,,,,,,,,,,,,,,,,,,,,,,,,,,,,,,,,,,,,,,,,,,,,,,,,,,,,,,,,,,,,,,,,,,,,,,,,,,,2025-08-13T11:16:39.708671Z,,,,,,,,%%8100,,,,,3221226021,,,,,,,,,,,,,,,,GARFIELD,0x3e7,,DC01$,S-1-5-18,,,,,,MicrosoftAccount:user=02psidbzqsibuzjn,,,,,,,,,,,,,,0,,,,,,,,,
2025-08-13T11:16:42.378454Z,5379,DC01.garfield.htb,Microsoft-Windows-Security-Auditing,Security,2624,0,,,,,,,,,,,,,,,,,,,,,,,,,3104,,,,0,,,,,,,,,,,,,,,,,,,,,,,,,,,,,,,,,,,,,,,,,,,,,,,,,,,,,,,,,,,,,,,,,,,,,,,,,,,,,,,,,,,,,2025-08-13T11:16:39.708671Z,,,,,,,,%%8100,,,,,3221226021,,,,,,,,,,,,,,,,GARFIELD,0x3e7,,DC01$,S-1-5-18,,,,,,MicrosoftAccount:user=02psidbzqsibuzjn,,,,,,,,,,,,,,0,,,,,,,,,
2025-08-13T11:16:43.028713Z,4624,DC01.garfield.htb,Microsoft-Windows-Security-Auditing,Security,2625,0,,,,,,,,,,,,,,,,,Negotiate,,,,,,,,,,,,,,,,,,,,,,,,%%1842,,,,,,,,,,,,,%%1833,-,-,,,,0,,,-,,,,,00000000-0000-0000-0000-000000000000,,Advapi  ,5,,,,,,,,,,,,,,,,,,,,,,,,,,,,,,,,,,,,,,,,,,,,0x2d0,C:\Windows\System32\services.exe,,,,,,,,,,-,,,,,,,,,,,,,,,,,GARFIELD,0x3e7,,DC01$,S-1-5-18,NT AUTHORITY,,0x0,,0x3e7,,-,-,,,,,SYSTEM,S-1-5-18,,,,,-,,,,,,%%1843,,,-,
2025-08-13T11:16:43.028717Z,4672,DC01.garfield.htb,Microsoft-Windows-Security-Auditing,Security,2626,0,,,,,,,,,,,,,,,,,,,,,,,,,,,,,,,,,,,,,,,,,,,,,,,,,,,,,,,,,,,,,,,,,,,,,,,,,,,,,,,,,,,,,,,,,,,,,,,,,,,,,,,,,,,,,,,,,"SeAssignPrimaryTokenPrivilege
			SeTcbPrivilege
			SeSecurityPrivilege
			SeTakeOwnershipPrivilege
			SeLoadDriverPrivilege
			SeBackupPrivilege
			SeRestorePrivilege
			SeDebugPrivilege
			SeAuditPrivilege
			SeSystemEnvironmentPrivilege
			SeImpersonatePrivilege
			SeDelegateSessionUserImpersonatePrivilege",,,,,,,,,,,,,,,,,,,,,,,,,,,,,,NT AUTHORITY,0x3e7,,SYSTEM,S-1-5-18,,,,,,,,,,,,,,,,,,,,,,,,,,,,,
2025-08-13T11:17:05.286792Z,4672,DC01.garfield.htb,Microsoft-Windows-Security-Auditing,Security,2627,0,,,,,,,,,,,,,,,,,,,,,,,,,,,,,,,,,,,,,,,,,,,,,,,,,,,,,,,,,,,,,,,,,,,,,,,,,,,,,,,,,,,,,,,,,,,,,,,,,,,,,,,,,,,,,,,,,"SeSecurityPrivilege
			SeBackupPrivilege
			SeRestorePrivilege
			SeTakeOwnershipPrivilege
			SeDebugPrivilege
			SeSystemEnvironmentPrivilege
			SeLoadDriverPrivilege
			SeImpersonatePrivilege
			SeDelegateSessionUserImpersonatePrivilege
			SeEnableDelegationPrivilege",,,,,,,,,,,,,,,,,,,,,,,,,,,,,,GARFIELD,0x16ccfc,,DC01$,S-1-5-18,,,,,,,,,,,,,,,,,,,,,,,,,,,,,
2025-08-13T11:17:05.286861Z,4624,DC01.garfield.htb,Microsoft-Windows-Security-Auditing,Security,2628,0,,,,,,,,,,,,,,,,,Kerberos,,,,,,,,,,,,,,,,,,,,,,,,%%1842,,,,,,,,,,,,,%%1833,::1,59160,,,,0,,,-,,,,,7F6CD027-4188-AB14-643A-6405C1017355,,Kerberos,3,,,,,,,,,,,,,,,,,,,,,,,,,,,,,,,,,,,,,,,,,,,,0x0,-,,,,,,,,,,-,,,,,,,,,,,,,,,,,-,0x0,,-,S-1-0-0,GARFIELD.HTB,,0x0,,0x16ccfc,,-,-,,,,,DC01$,S-1-5-18,,,,,-,,,,,,%%1843,,,-,
2025-08-13T11:17:05.287483Z,4634,DC01.garfield.htb,Microsoft-Windows-Security-Auditing,Security,2629,0,,,,,,,,,,,,,,,,,,,,,,,,,,,,,,,,,,,,,,,,,,,,,,,,,,,,,,,,,,,,,,,,,,,,,,,3,,,,,,,,,,,,,,,,,,,,,,,,,,,,,,,,,,,,,,,,,,,,,,,,,,,,,,,,,,,,,,,,,,,,,,,,,,,,,GARFIELD,,,,0x16ccfc,,,,,,,,DC01$,S-1-5-18,,,,,,,,,,,,,,,
2025-08-13T11:17:17.879207Z,4634,DC01.garfield.htb,Microsoft-Windows-Security-Auditing,Security,2630,0,,,,,,,,,,,,,,,,,,,,,,,,,,,,,,,,,,,,,,,,,,,,,,,,,,,,,,,,,,,,,,,,,,,,,,,3,,,,,,,,,,,,,,,,,,,,,,,,,,,,,,,,,,,,,,,,,,,,,,,,,,,,,,,,,,,,,,,,,,,,,,,,,,,,,GARFIELD,,,,0x11e8ba,,,,,,,,DC01$,S-1-5-18,,,,,,,,,,,,,,,
2025-08-13T11:17:17.879490Z,4634,DC01.garfield.htb,Microsoft-Windows-Security-Auditing,Security,2631,0,,,,,,,,,,,,,,,,,,,,,,,,,,,,,,,,,,,,,,,,,,,,,,,,,,,,,,,,,,,,,,,,,,,,,,,3,,,,,,,,,,,,,,,,,,,,,,,,,,,,,,,,,,,,,,,,,,,,,,,,,,,,,,,,,,,,,,,,,,,,,,,,,,,,,GARFIELD,,,,0x11e834,,,,,,,,DC01$,S-1-5-18,,,,,,,,,,,,,,,
2025-08-13T11:17:17.879565Z,4634,DC01.garfield.htb,Microsoft-Windows-Security-Auditing,Security,2632,0,,,,,,,,,,,,,,,,,,,,,,,,,,,,,,,,,,,,,,,,,,,,,,,,,,,,,,,,,,,,,,,,,,,,,,,3,,,,,,,,,,,,,,,,,,,,,,,,,,,,,,,,,,,,,,,,,,,,,,,,,,,,,,,,,,,,,,,,,,,,,,,,,,,,,GARFIELD,,,,0x11e7ae,,,,,,,,DC01$,S-1-5-18,,,,,,,,,,,,,,,
2025-08-13T11:17:17.879631Z,4634,DC01.garfield.htb,Microsoft-Windows-Security-Auditing,Security,2633,0,,,,,,,,,,,,,,,,,,,,,,,,,,,,,,,,,,,,,,,,,,,,,,,,,,,,,,,,,,,,,,,,,,,,,,,3,,,,,,,,,,,,,,,,,,,,,,,,,,,,,,,,,,,,,,,,,,,,,,,,,,,,,,,,,,,,,,,,,,,,,,,,,,,,,GARFIELD,,,,0x11e728,,,,,,,,DC01$,S-1-5-18,,,,,,,,,,,,,,,
2025-08-13T11:17:17.879693Z,4634,DC01.garfield.htb,Microsoft-Windows-Security-Auditing,Security,2634,0,,,,,,,,,,,,,,,,,,,,,,,,,,,,,,,,,,,,,,,,,,,,,,,,,,,,,,,,,,,,,,,,,,,,,,,3,,,,,,,,,,,,,,,,,,,,,,,,,,,,,,,,,,,,,,,,,,,,,,,,,,,,,,,,,,,,,,,,,,,,,,,,,,,,,GARFIELD,,,,0x11e6a2,,,,,,,,DC01$,S-1-5-18,,,,,,,,,,,,,,,
2025-08-13T11:17:17.879755Z,4634,DC01.garfield.htb,Microsoft-Windows-Security-Auditing,Security,2635,0,,,,,,,,,,,,,,,,,,,,,,,,,,,,,,,,,,,,,,,,,,,,,,,,,,,,,,,,,,,,,,,,,,,,,,,3,,,,,,,,,,,,,,,,,,,,,,,,,,,,,,,,,,,,,,,,,,,,,,,,,,,,,,,,,,,,,,,,,,,,,,,,,,,,,GARFIELD,,,,0x11e61c,,,,,,,,DC01$,S-1-5-18,,,,,,,,,,,,,,,
2025-08-13T11:17:20.067238Z,4662,DC01.garfield.htb,Microsoft-Windows-Security-Auditing,Security,2636,0,,"%%7688
				",0x100,,,-,,,,,,,,,,,,,,,,,,,,,,,,,,,,,,,,,,,,,,,,,0x0,,,,,,,,,,,,,,,,,,,,,,,,,,,,,,,,,,,,,,,,,,,,,%{cd4b3d5e-21ce-464d-9942-1077620c92fd},,DS,%{ef9e60e0-56f7-11d1-a9c6-0000f80367c1},,,,,,,Object Access,,,,,,,,,,,,,,,,"%%7688
		{7c0e2a7c-a419-48e4-a995-10180aad54dd}
	{ef9e60e0-56f7-11d1-a9c6-0000f80367c1}
",,,,,,,,,,,,,,,,,,,,,,,,,GARFIELD,0x5ce30,,Administrator,S-1-5-21-2502726253-3859040611-225969357-500,,,,,,,,,,,,,,,,,,,,,,,,,,,,,
2025-08-13T11:17:24.941249Z,4634,DC01.garfield.htb,Microsoft-Windows-Security-Auditing,Security,2637,0,,,,,,,,,,,,,,,,,,,,,,,,,,,,,,,,,,,,,,,,,,,,,,,,,,,,,,,,,,,,,,,,,,,,,,,3,,,,,,,,,,,,,,,,,,,,,,,,,,,,,,,,,,,,,,,,,,,,,,,,,,,,,,,,,,,,,,,,,,,,,,,,,,,,,GARFIELD,,,,0x11e379,,,,,,,,DC01$,S-1-5-18,,,,,,,,,,,,,,,
2025-08-13T11:18:05.291749Z,4672,DC01.garfield.htb,Microsoft-Windows-Security-Auditing,Security,2638,0,,,,,,,,,,,,,,,,,,,,,,,,,,,,,,,,,,,,,,,,,,,,,,,,,,,,,,,,,,,,,,,,,,,,,,,,,,,,,,,,,,,,,,,,,,,,,,,,,,,,,,,,,,,,,,,,,"SeSecurityPrivilege
			SeBackupPrivilege
			SeRestorePrivilege
			SeTakeOwnershipPrivilege
			SeDebugPrivilege
			SeSystemEnvironmentPrivilege
			SeLoadDriverPrivilege
			SeImpersonatePrivilege
			SeDelegateSessionUserImpersonatePrivilege
			SeEnableDelegationPrivilege",,,,,,,,,,,,,,,,,,,,,,,,,,,,,,GARFIELD,0x174e53,,DC01$,S-1-5-18,,,,,,,,,,,,,,,,,,,,,,,,,,,,,
2025-08-13T11:18:05.291812Z,4624,DC01.garfield.htb,Microsoft-Windows-Security-Auditing,Security,2639,0,,,,,,,,,,,,,,,,,Kerberos,,,,,,,,,,,,,,,,,,,,,,,,%%1842,,,,,,,,,,,,,%%1833,::1,59177,,,,0,,,-,,,,,7F6CD027-4188-AB14-643A-6405C1017355,,Kerberos,3,,,,,,,,,,,,,,,,,,,,,,,,,,,,,,,,,,,,,,,,,,,,0x0,-,,,,,,,,,,-,,,,,,,,,,,,,,,,,-,0x0,,-,S-1-0-0,GARFIELD.HTB,,0x0,,0x174e53,,-,-,,,,,DC01$,S-1-5-18,,,,,-,,,,,,%%1843,,,-,
2025-08-13T11:18:05.292465Z,4634,DC01.garfield.htb,Microsoft-Windows-Security-Auditing,Security,2640,0,,,,,,,,,,,,,,,,,,,,,,,,,,,,,,,,,,,,,,,,,,,,,,,,,,,,,,,,,,,,,,,,,,,,,,,3,,,,,,,,,,,,,,,,,,,,,,,,,,,,,,,,,,,,,,,,,,,,,,,,,,,,,,,,,,,,,,,,,,,,,,,,,,,,,GARFIELD,,,,0x174e53,,,,,,,,DC01$,S-1-5-18,,,,,,,,,,,,,,,
2025-08-13T11:19:05.293233Z,4672,DC01.garfield.htb,Microsoft-Windows-Security-Auditing,Security,2641,0,,,,,,,,,,,,,,,,,,,,,,,,,,,,,,,,,,,,,,,,,,,,,,,,,,,,,,,,,,,,,,,,,,,,,,,,,,,,,,,,,,,,,,,,,,,,,,,,,,,,,,,,,,,,,,,,,"SeSecurityPrivilege
			SeBackupPrivilege
			SeRestorePrivilege
			SeTakeOwnershipPrivilege
			SeDebugPrivilege
			SeSystemEnvironmentPrivilege
			SeLoadDriverPrivilege
			SeImpersonatePrivilege
			SeDelegateSessionUserImpersonatePrivilege
			SeEnableDelegationPrivilege",,,,,,,,,,,,,,,,,,,,,,,,,,,,,,GARFIELD,0x17b276,,DC01$,S-1-5-18,,,,,,,,,,,,,,,,,,,,,,,,,,,,,
2025-08-13T11:19:05.293301Z,4624,DC01.garfield.htb,Microsoft-Windows-Security-Auditing,Security,2642,0,,,,,,,,,,,,,,,,,Kerberos,,,,,,,,,,,,,,,,,,,,,,,,%%1842,,,,,,,,,,,,,%%1833,::1,59228,,,,0,,,-,,,,,7F6CD027-4188-AB14-643A-6405C1017355,,Kerberos,3,,,,,,,,,,,,,,,,,,,,,,,,,,,,,,,,,,,,,,,,,,,,0x0,-,,,,,,,,,,-,,,,,,,,,,,,,,,,,-,0x0,,-,S-1-0-0,GARFIELD.HTB,,0x0,,0x17b276,,-,-,,,,,DC01$,S-1-5-18,,,,,-,,,,,,%%1843,,,-,
2025-08-13T11:19:05.293990Z,4634,DC01.garfield.htb,Microsoft-Windows-Security-Auditing,Security,2643,0,,,,,,,,,,,,,,,,,,,,,,,,,,,,,,,,,,,,,,,,,,,,,,,,,,,,,,,,,,,,,,,,,,,,,,,3,,,,,,,,,,,,,,,,,,,,,,,,,,,,,,,,,,,,,,,,,,,,,,,,,,,,,,,,,,,,,,,,,,,,,,,,,,,,,GARFIELD,,,,0x17b276,,,,,,,,DC01$,S-1-5-18,,,,,,,,,,,,,,,
2025-08-13T11:19:19.917221Z,4634,DC01.garfield.htb,Microsoft-Windows-Security-Auditing,Security,2644,0,,,,,,,,,,,,,,,,,,,,,,,,,,,,,,,,,,,,,,,,,,,,,,,,,,,,,,,,,,,,,,,,,,,,,,,3,,,,,,,,,,,,,,,,,,,,,,,,,,,,,,,,,,,,,,,,,,,,,,,,,,,,,,,,,,,,,,,,,,,,,,,,,,,,,GARFIELD,,,,0x157e1a,,,,,,,,DC01$,S-1-5-21-2502726253-3859040611-225969357-1000,,,,,,,,,,,,,,,
2025-08-13T11:19:19.917403Z,4634,DC01.garfield.htb,Microsoft-Windows-Security-Auditing,Security,2645,0,,,,,,,,,,,,,,,,,,,,,,,,,,,,,,,,,,,,,,,,,,,,,,,,,,,,,,,,,,,,,,,,,,,,,,,3,,,,,,,,,,,,,,,,,,,,,,,,,,,,,,,,,,,,,,,,,,,,,,,,,,,,,,,,,,,,,,,,,,,,,,,,,,,,,GARFIELD,,,,0x1568cd,,,,,,,,DC01$,S-1-5-18,,,,,,,,,,,,,,,
2025-08-13T11:19:19.917463Z,4634,DC01.garfield.htb,Microsoft-Windows-Security-Auditing,Security,2646,0,,,,,,,,,,,,,,,,,,,,,,,,,,,,,,,,,,,,,,,,,,,,,,,,,,,,,,,,,,,,,,,,,,,,,,,3,,,,,,,,,,,,,,,,,,,,,,,,,,,,,,,,,,,,,,,,,,,,,,,,,,,,,,,,,,,,,,,,,,,,,,,,,,,,,GARFIELD,,,,0x156711,,,,,,,,DC01$,S-1-5-18,,,,,,,,,,,,,,,
2025-08-13T11:19:19.917514Z,4634,DC01.garfield.htb,Microsoft-Windows-Security-Auditing,Security,2647,0,,,,,,,,,,,,,,,,,,,,,,,,,,,,,,,,,,,,,,,,,,,,,,,,,,,,,,,,,,,,,,,,,,,,,,,3,,,,,,,,,,,,,,,,,,,,,,,,,,,,,,,,,,,,,,,,,,,,,,,,,,,,,,,,,,,,,,,,,,,,,,,,,,,,,GARFIELD,,,,0x15668c,,,,,,,,DC01$,S-1-5-18,,,,,,,,,,,,,,,
2025-08-13T11:19:19.917563Z,4634,DC01.garfield.htb,Microsoft-Windows-Security-Auditing,Security,2648,0,,,,,,,,,,,,,,,,,,,,,,,,,,,,,,,,,,,,,,,,,,,,,,,,,,,,,,,,,,,,,,,,,,,,,,,3,,,,,,,,,,,,,,,,,,,,,,,,,,,,,,,,,,,,,,,,,,,,,,,,,,,,,,,,,,,,,,,,,,,,,,,,,,,,,GARFIELD,,,,0x156603,,,,,,,,DC01$,S-1-5-18,,,,,,,,,,,,,,,
2025-08-13T11:19:19.917614Z,4634,DC01.garfield.htb,Microsoft-Windows-Security-Auditing,Security,2649,0,,,,,,,,,,,,,,,,,,,,,,,,,,,,,,,,,,,,,,,,,,,,,,,,,,,,,,,,,,,,,,,,,,,,,,,3,,,,,,,,,,,,,,,,,,,,,,,,,,,,,,,,,,,,,,,,,,,,,,,,,,,,,,,,,,,,,,,,,,,,,,,,,,,,,GARFIELD,,,,0x153fa6,,,,,,,,DC01$,S-1-5-21-2502726253-3859040611-225969357-1000,,,,,,,,,,,,,,,
2025-08-13T11:20:05.302677Z,4672,DC01.garfield.htb,Microsoft-Windows-Security-Auditing,Security,2650,0,,,,,,,,,,,,,,,,,,,,,,,,,,,,,,,,,,,,,,,,,,,,,,,,,,,,,,,,,,,,,,,,,,,,,,,,,,,,,,,,,,,,,,,,,,,,,,,,,,,,,,,,,,,,,,,,,"SeSecurityPrivilege
			SeBackupPrivilege
			SeRestorePrivilege
			SeTakeOwnershipPrivilege
			SeDebugPrivilege
			SeSystemEnvironmentPrivilege
			SeLoadDriverPrivilege
			SeImpersonatePrivilege
			SeDelegateSessionUserImpersonatePrivilege
			SeEnableDelegationPrivilege",,,,,,,,,,,,,,,,,,,,,,,,,,,,,,GARFIELD,0x17f24b,,DC01$,S-1-5-18,,,,,,,,,,,,,,,,,,,,,,,,,,,,,
2025-08-13T11:20:05.302739Z,4624,DC01.garfield.htb,Microsoft-Windows-Security-Auditing,Security,2651,0,,,,,,,,,,,,,,,,,Kerberos,,,,,,,,,,,,,,,,,,,,,,,,%%1842,,,,,,,,,,,,,%%1833,::1,59233,,,,0,,,-,,,,,7F6CD027-4188-AB14-643A-6405C1017355,,Kerberos,3,,,,,,,,,,,,,,,,,,,,,,,,,,,,,,,,,,,,,,,,,,,,0x0,-,,,,,,,,,,-,,,,,,,,,,,,,,,,,-,0x0,,-,S-1-0-0,GARFIELD.HTB,,0x0,,0x17f24b,,-,-,,,,,DC01$,S-1-5-18,,,,,-,,,,,,%%1843,,,-,
2025-08-13T11:20:05.303426Z,4634,DC01.garfield.htb,Microsoft-Windows-Security-Auditing,Security,2652,0,,,,,,,,,,,,,,,,,,,,,,,,,,,,,,,,,,,,,,,,,,,,,,,,,,,,,,,,,,,,,,,,,,,,,,,3,,,,,,,,,,,,,,,,,,,,,,,,,,,,,,,,,,,,,,,,,,,,,,,,,,,,,,,,,,,,,,,,,,,,,,,,,,,,,GARFIELD,,,,0x17f24b,,,,,,,,DC01$,S-1-5-18,,,,,,,,,,,,,,,
2025-08-13T11:20:21.044513Z,4662,DC01.garfield.htb,Microsoft-Windows-Security-Auditing,Security,2653,0,,"%%7688
				",0x100,,,-,,,,,,,,,,,,,,,,,,,,,,,,,,,,,,,,,,,,,,,,,0x0,,,,,,,,,,,,,,,,,,,,,,,,,,,,,,,,,,,,,,,,,,,,,%{cd4b3d5e-21ce-464d-9942-1077620c92fd},,DS,%{ef9e60e0-56f7-11d1-a9c6-0000f80367c1},,,,,,,Object Access,,,,,,,,,,,,,,,,"%%7688
		{7c0e2a7c-a419-48e4-a995-10180aad54dd}
	{ef9e60e0-56f7-11d1-a9c6-0000f80367c1}
",,,,,,,,,,,,,,,,,,,,,,,,,GARFIELD,0x5ce30,,Administrator,S-1-5-21-2502726253-3859040611-225969357-500,,,,,,,,,,,,,,,,,,,,,,,,,,,,,
2025-08-13T11:20:26.437871Z,4624,DC01.garfield.htb,Microsoft-Windows-Security-Auditing,Security,2654,0,,,,,,,,,,,,,,,,,Negotiate,,,,,,,,,,,,,,,,,,,,,,,,%%1842,,,,,,,,,,,,,%%1833,-,-,,,,0,,,-,,,,,00000000-0000-0000-0000-000000000000,,Advapi  ,5,,,,,,,,,,,,,,,,,,,,,,,,,,,,,,,,,,,,,,,,,,,,0x2d0,C:\Windows\System32\services.exe,,,,,,,,,,-,,,,,,,,,,,,,,,,,GARFIELD,0x3e7,,DC01$,S-1-5-18,NT AUTHORITY,,0x0,,0x3e7,,-,-,,,,,SYSTEM,S-1-5-18,,,,,-,,,,,,%%1843,,,-,
2025-08-13T11:20:26.437880Z,4672,DC01.garfield.htb,Microsoft-Windows-Security-Auditing,Security,2655,0,,,,,,,,,,,,,,,,,,,,,,,,,,,,,,,,,,,,,,,,,,,,,,,,,,,,,,,,,,,,,,,,,,,,,,,,,,,,,,,,,,,,,,,,,,,,,,,,,,,,,,,,,,,,,,,,,"SeAssignPrimaryTokenPrivilege
			SeTcbPrivilege
			SeSecurityPrivilege
			SeTakeOwnershipPrivilege
			SeLoadDriverPrivilege
			SeBackupPrivilege
			SeRestorePrivilege
			SeDebugPrivilege
			SeAuditPrivilege
			SeSystemEnvironmentPrivilege
			SeImpersonatePrivilege
			SeDelegateSessionUserImpersonatePrivilege",,,,,,,,,,,,,,,,,,,,,,,,,,,,,,NT AUTHORITY,0x3e7,,SYSTEM,S-1-5-18,,,,,,,,,,,,,,,,,,,,,,,,,,,,,
2025-08-13T11:20:26.442342Z,4624,DC01.garfield.htb,Microsoft-Windows-Security-Auditing,Security,2656,0,,,,,,,,,,,,,,,,,Negotiate,,,,,,,,,,,,,,,,,,,,,,,,%%1842,,,,,,,,,,,,,%%1833,-,-,,,,0,,,-,,,,,00000000-0000-0000-0000-000000000000,,Advapi  ,5,,,,,,,,,,,,,,,,,,,,,,,,,,,,,,,,,,,,,,,,,,,,0x2d0,C:\Windows\System32\services.exe,,,,,,,,,,-,,,,,,,,,,,,,,,,,GARFIELD,0x3e7,,DC01$,S-1-5-18,NT AUTHORITY,,0x0,,0x3e7,,-,-,,,,,SYSTEM,S-1-5-18,,,,,-,,,,,,%%1843,,,-,
2025-08-13T11:20:26.442346Z,4672,DC01.garfield.htb,Microsoft-Windows-Security-Auditing,Security,2657,0,,,,,,,,,,,,,,,,,,,,,,,,,,,,,,,,,,,,,,,,,,,,,,,,,,,,,,,,,,,,,,,,,,,,,,,,,,,,,,,,,,,,,,,,,,,,,,,,,,,,,,,,,,,,,,,,,"SeAssignPrimaryTokenPrivilege
			SeTcbPrivilege
			SeSecurityPrivilege
			SeTakeOwnershipPrivilege
			SeLoadDriverPrivilege
			SeBackupPrivilege
			SeRestorePrivilege
			SeDebugPrivilege
			SeAuditPrivilege
			SeSystemEnvironmentPrivilege
			SeImpersonatePrivilege
			SeDelegateSessionUserImpersonatePrivilege",,,,,,,,,,,,,,,,,,,,,,,,,,,,,,NT AUTHORITY,0x3e7,,SYSTEM,S-1-5-18,,,,,,,,,,,,,,,,,,,,,,,,,,,,,
2025-08-13T11:20:26.575315Z,5379,DC01.garfield.htb,Microsoft-Windows-Security-Auditing,Security,2658,0,,,,,,,,,,,,,,,,,,,,,,,,,3104,,,,0,,,,,,,,,,,,,,,,,,,,,,,,,,,,,,,,,,,,,,,,,,,,,,,,,,,,,,,,,,,,,,,,,,,,,,,,,,,,,,,,,,,,,2025-08-13T11:16:39.708671Z,,,,,,,,%%8100,,,,,3221226021,,,,,,,,,,,,,,,,GARFIELD,0x3e7,,DC01$,S-1-5-18,,,,,,MicrosoftAccount:user=02psidbzqsibuzjn,,,,,,,,,,,,,,0,,,,,,,,,
2025-08-13T11:20:26.575360Z,5379,DC01.garfield.htb,Microsoft-Windows-Security-Auditing,Security,2659,0,,,,,,,,,,,,,,,,,,,,,,,,,3104,,,,0,,,,,,,,,,,,,,,,,,,,,,,,,,,,,,,,,,,,,,,,,,,,,,,,,,,,,,,,,,,,,,,,,,,,,,,,,,,,,,,,,,,,,2025-08-13T11:16:39.708671Z,,,,,,,,%%8100,,,,,3221226021,,,,,,,,,,,,,,,,GARFIELD,0x3e7,,DC01$,S-1-5-18,,,,,,WindowsLive:(token):name=02psidbzqsibuzjn;serviceuri=*,,,,,,,,,,,,,,0,,,,,,,,,
2025-08-13T11:20:26.575564Z,5379,DC01.garfield.htb,Microsoft-Windows-Security-Auditing,Security,2660,0,,,,,,,,,,,,,,,,,,,,,,,,,3104,,,,0,,,,,,,,,,,,,,,,,,,,,,,,,,,,,,,,,,,,,,,,,,,,,,,,,,,,,,,,,,,,,,,,,,,,,,,,,,,,,,,,,,,,,2025-08-13T11:16:39.708671Z,,,,,,,,%%8100,,,,,3221226021,,,,,,,,,,,,,,,,GARFIELD,0x3e7,,DC01$,S-1-5-18,,,,,,WindowsLive:(cert):name=02psidbzqsibuzjn;serviceuri=*,,,,,,,,,,,,,,0,,,,,,,,,
2025-08-13T11:20:27.335044Z,5379,DC01.garfield.htb,Microsoft-Windows-Security-Auditing,Security,2661,0,,,,,,,,,,,,,,,,,,,,,,,,,3104,,,,0,,,,,,,,,,,,,,,,,,,,,,,,,,,,,,,,,,,,,,,,,,,,,,,,,,,,,,,,,,,,,,,,,,,,,,,,,,,,,,,,,,,,,2025-08-13T11:16:39.708671Z,,,,,,,,%%8100,,,,,3221226021,,,,,,,,,,,,,,,,GARFIELD,0x3e7,,DC01$,S-1-5-18,,,,,,MicrosoftAccount:user=02psidbzqsibuzjn,,,,,,,,,,,,,,0,,,,,,,,,
2025-08-13T11:20:27.335274Z,5379,DC01.garfield.htb,Microsoft-Windows-Security-Auditing,Security,2662,0,,,,,,,,,,,,,,,,,,,,,,,,,3104,,,,0,,,,,,,,,,,,,,,,,,,,,,,,,,,,,,,,,,,,,,,,,,,,,,,,,,,,,,,,,,,,,,,,,,,,,,,,,,,,,,,,,,,,,2025-08-13T11:16:39.708671Z,,,,,,,,%%8100,,,,,3221226021,,,,,,,,,,,,,,,,GARFIELD,0x3e7,,DC01$,S-1-5-18,,,,,,MicrosoftAccount:user=02psidbzqsibuzjn,,,,,,,,,,,,,,0,,,,,,,,,
2025-08-13T11:20:27.336754Z,5379,DC01.garfield.htb,Microsoft-Windows-Security-Auditing,Security,2663,0,,,,,,,,,,,,,,,,,,,,,,,,,3104,,,,0,,,,,,,,,,,,,,,,,,,,,,,,,,,,,,,,,,,,,,,,,,,,,,,,,,,,,,,,,,,,,,,,,,,,,,,,,,,,,,,,,,,,,2025-08-13T11:16:39.708671Z,,,,,,,,%%8100,,,,,3221226021,,,,,,,,,,,,,,,,GARFIELD,0x3e7,,DC01$,S-1-5-18,,,,,,MicrosoftAccount:user=02psidbzqsibuzjn,,,,,,,,,,,,,,0,,,,,,,,,
2025-08-13T11:20:27.336788Z,5379,DC01.garfield.htb,Microsoft-Windows-Security-Auditing,Security,2664,0,,,,,,,,,,,,,,,,,,,,,,,,,3104,,,,0,,,,,,,,,,,,,,,,,,,,,,,,,,,,,,,,,,,,,,,,,,,,,,,,,,,,,,,,,,,,,,,,,,,,,,,,,,,,,,,,,,,,,2025-08-13T11:16:39.708671Z,,,,,,,,%%8100,,,,,3221226021,,,,,,,,,,,,,,,,GARFIELD,0x3e7,,DC01$,S-1-5-18,,,,,,MicrosoftAccount:user=02psidbzqsibuzjn,,,,,,,,,,,,,,0,,,,,,,,,
2025-08-13T11:20:36.135369Z,4672,DC01.garfield.htb,Microsoft-Windows-Security-Auditing,Security,2665,0,,,,,,,,,,,,,,,,,,,,,,,,,,,,,,,,,,,,,,,,,,,,,,,,,,,,,,,,,,,,,,,,,,,,,,,,,,,,,,,,,,,,,,,,,,,,,,,,,,,,,,,,,,,,,,,,,"SeSecurityPrivilege
			SeBackupPrivilege
			SeRestorePrivilege
			SeTakeOwnershipPrivilege
			SeDebugPrivilege
			SeSystemEnvironmentPrivilege
			SeLoadDriverPrivilege
			SeImpersonatePrivilege
			SeDelegateSessionUserImpersonatePrivilege
			SeEnableDelegationPrivilege",,,,,,,,,,,,,,,,,,,,,,,,,,,,,,GARFIELD,0x188b4c,,DC01$,S-1-5-18,,,,,,,,,,,,,,,,,,,,,,,,,,,,,
2025-08-13T11:20:36.135567Z,4624,DC01.garfield.htb,Microsoft-Windows-Security-Auditing,Security,2666,0,,,,,,,,,,,,,,,,,Kerberos,,,,,,,,,,,,,,,,,,,,,,,,%%1842,,,,,,,,,,,,,%%1833,fe80::c4ff:5747:1d3c:fba0,59246,,,,0,,,-,,,,,94019D74-18D5-7BDD-4DAC-4B03B06DFC0E,,Kerberos,3,,,,,,,,,,,,,,,,,,,,,,,,,,,,,,,,,,,,,,,,,,,,0x0,-,,,,,,,,,,-,,,,,,,,,,,,,,,,,-,0x0,,-,S-1-0-0,GARFIELD.HTB,,0x0,,0x188b4c,,-,-,,,,,DC01$,S-1-5-18,,,,,-,,,,,,%%1843,,,-,
2025-08-13T11:20:36.135813Z,4662,DC01.garfield.htb,Microsoft-Windows-Security-Auditing,Security,2667,0,,"%%7688
				",0x100,,,-,,,,,,,,,,,,,,,,,,,,,,,,,,,,,,,,,,,,,,,,,0x0,,,,,,,,,,,,,,,,,,,,,,,,,,,,,,,,,,,,,,,,,,,,,%{bcc7093d-cd1a-42dc-a248-8401d5782b41},,DS,%{19195a5b-6da0-11d0-afd3-00c04fd930c9},,,,,,,Object Access,,,,,,,,,,,,,,,,"%%7688
		{1131f6aa-9c07-11d1-f79f-00c04fc2dcd2}
	{19195a5b-6da0-11d0-afd3-00c04fd930c9}
",,,,,,,,,,,,,,,,,,,,,,,,,GARFIELD,0x188b4c,,DC01$,S-1-5-18,,,,,,,,,,,,,,,,,,,,,,,,,,,,,
2025-08-13T11:20:36.136818Z,4755,DC01.garfield.htb,Microsoft-Windows-Security-Auditing,Security,2668,0,,,,,,,,,,,,,,,,,,,,,,,,,,,,,,,,,,,,,,,,,,,,,,,,,,,,,,,,,,,,,,,,,,,,,,,,,,,,,,,,,,,,,,,,,,,,,,,,,,,,,,,,,,,,,,,,,-,,,,,,,,,,,,,,,-,,,,,,,-,,,,,,,,NT AUTHORITY,0x3e6,,ANONYMOUS LOGON,S-1-5-7,GARFIELD,,,,,,,,,,,S-1-5-21-2502726253-3859040611-225969357-519,Enterprise Admins,,,,,,,,,,,,,,,,
2025-08-13T11:20:36.137182Z,4737,DC01.garfield.htb,Microsoft-Windows-Security-Auditing,Security,2669,0,,,,,,,,,,,,,,,,,,,,,,,,,,,,,,,,,,,,,,,,,,,,,,,,,,,,,,,,,,,,,,,,,,,,,,,,,,,,,,,,,,,,,,,,,,,,,,,,,,,,,,,,,,,,,,,,,-,,,,,,,,,,,,,,,-,,,,,,,-,,,,,,,,NT AUTHORITY,0x3e6,,ANONYMOUS LOGON,S-1-5-7,GARFIELD,,,,,,,,,,,S-1-5-21-2502726253-3859040611-225969357-526,Key Admins,,,,,,,,,,,,,,,,
2025-08-13T11:20:36.137563Z,4738,DC01.garfield.htb,Microsoft-Windows-Security-Auditing,Security,2670,0,,,,,-,,,,,-,,,,,,,,,,,,,,,,,,,,,,,,-,,,,,,-,,,,,,,,-,-,,,,,,,,,,,,,,,,,,,,-,,,,,,,,,,,,,,,,,-,,,,,,,,,,,,,-,,,,,,,,,-,,,,-,-,,,,-,,,,,,,,,,,-,,,-,,,,-,,,,,,,,NT AUTHORITY,0x3e6,,ANONYMOUS LOGON,S-1-5-7,GARFIELD,,,,,,,,,,,S-1-5-21-2502726253-3859040611-225969357-500,Administrator,,,,,,,,-,-,-,-,,,,,
2025-08-13T11:20:36.137889Z,4755,DC01.garfield.htb,Microsoft-Windows-Security-Auditing,Security,2671,0,,,,,,,,,,,,,,,,,,,,,,,,,,,,,,,,,,,,,,,,,,,,,,,,,,,,,,,,,,,,,,,,,,,,,,,,,,,,,,,,,,,,,,,,,,,,,,,,,,,,,,,,,,,,,,,,,-,,,,,,,,,,,,,,,-,,,,,,,-,,,,,,,,NT AUTHORITY,0x3e6,,ANONYMOUS LOGON,S-1-5-7,GARFIELD,,,,,,,,,,,S-1-5-21-2502726253-3859040611-225969357-527,Enterprise Key Admins,,,,,,,,,,,,,,,,
2025-08-13T11:20:36.138222Z,4737,DC01.garfield.htb,Microsoft-Windows-Security-Auditing,Security,2672,0,,,,,,,,,,,,,,,,,,,,,,,,,,,,,,,,,,,,,,,,,,,,,,,,,,,,,,,,,,,,,,,,,,,,,,,,,,,,,,,,,,,,,,,,,,,,,,,,,,,,,,,,,,,,,,,,,-,,,,,,,,,,,,,,,-,,,,,,,-,,,,,,,,NT AUTHORITY,0x3e6,,ANONYMOUS LOGON,S-1-5-7,GARFIELD,,,,,,,,,,,S-1-5-21-2502726253-3859040611-225969357-512,Domain Admins,,,,,,,,,,,,,,,,
2025-08-13T11:20:36.138544Z,4755,DC01.garfield.htb,Microsoft-Windows-Security-Auditing,Security,2673,0,,,,,,,,,,,,,,,,,,,,,,,,,,,,,,,,,,,,,,,,,,,,,,,,,,,,,,,,,,,,,,,,,,,,,,,,,,,,,,,,,,,,,,,,,,,,,,,,,,,,,,,,,,,,,,,,,-,,,,,,,,,,,,,,,-,,,,,,,-,,,,,,,,NT AUTHORITY,0x3e6,,ANONYMOUS LOGON,S-1-5-7,GARFIELD,,,,,,,,,,,S-1-5-21-2502726253-3859040611-225969357-518,Schema Admins,,,,,,,,,,,,,,,,
2025-08-13T11:20:36.138912Z,4735,DC01.garfield.htb,Microsoft-Windows-Security-Auditing,Security,2674,0,,,,,,,,,,,,,,,,,,,,,,,,,,,,,,,,,,,,,,,,,,,,,,,,,,,,,,,,,,,,,,,,,,,,,,,,,,,,,,,,,,,,,,,,,,,,,,,,,,,,,,,,,,,,,,,,,-,,,,,,,,,,,,,,,-,,,,,,,-,,,,,,,,NT AUTHORITY,0x3e6,,ANONYMOUS LOGON,S-1-5-7,Builtin,,,,,,,,,,,S-1-5-32-550,Print Operators,,,,,,,,,,,,,,,,
2025-08-13T11:20:36.139258Z,4735,DC01.garfield.htb,Microsoft-Windows-Security-Auditing,Security,2675,0,,,,,,,,,,,,,,,,,,,,,,,,,,,,,,,,,,,,,,,,,,,,,,,,,,,,,,,,,,,,,,,,,,,,,,,,,,,,,,,,,,,,,,,,,,,,,,,,,,,,,,,,,,,,,,,,,-,,,,,,,,,,,,,,,-,,,,,,,-,,,,,,,,NT AUTHORITY,0x3e6,,ANONYMOUS LOGON,S-1-5-7,Builtin,,,,,,,,,,,S-1-5-32-549,Server Operators,,,,,,,,,,,,,,,,
2025-08-13T11:20:36.139595Z,4735,DC01.garfield.htb,Microsoft-Windows-Security-Auditing,Security,2676,0,,,,,,,,,,,,,,,,,,,,,,,,,,,,,,,,,,,,,,,,,,,,,,,,,,,,,,,,,,,,,,,,,,,,,,,,,,,,,,,,,,,,,,,,,,,,,,,,,,,,,,,,,,,,,,,,,-,,,,,,,,,,,,,,,-,,,,,,,-,,,,,,,,NT AUTHORITY,0x3e6,,ANONYMOUS LOGON,S-1-5-7,Builtin,,,,,,,,,,,S-1-5-32-552,Replicator,,,,,,,,,,,,,,,,
2025-08-13T11:20:36.139918Z,4735,DC01.garfield.htb,Microsoft-Windows-Security-Auditing,Security,2677,0,,,,,,,,,,,,,,,,,,,,,,,,,,,,,,,,,,,,,,,,,,,,,,,,,,,,,,,,,,,,,,,,,,,,,,,,,,,,,,,,,,,,,,,,,,,,,,,,,,,,,,,,,,,,,,,,,-,,,,,,,,,,,,,,,-,,,,,,,-,,,,,,,,NT AUTHORITY,0x3e6,,ANONYMOUS LOGON,S-1-5-7,Builtin,,,,,,,,,,,S-1-5-32-544,Administrators,,,,,,,,,,,,,,,,
2025-08-13T11:20:36.140233Z,4735,DC01.garfield.htb,Microsoft-Windows-Security-Auditing,Security,2678,0,,,,,,,,,,,,,,,,,,,,,,,,,,,,,,,,,,,,,,,,,,,,,,,,,,,,,,,,,,,,,,,,,,,,,,,,,,,,,,,,,,,,,,,,,,,,,,,,,,,,,,,,,,,,,,,,,-,,,,,,,,,,,,,,,-,,,,,,,-,,,,,,,,NT AUTHORITY,0x3e6,,ANONYMOUS LOGON,S-1-5-7,Builtin,,,,,,,,,,,S-1-5-32-548,Account Operators,,,,,,,,,,,,,,,,
2025-08-13T11:20:36.140606Z,4735,DC01.garfield.htb,Microsoft-Windows-Security-Auditing,Security,2679,0,,,,,,,,,,,,,,,,,,,,,,,,,,,,,,,,,,,,,,,,,,,,,,,,,,,,,,,,,,,,,,,,,,,,,,,,,,,,,,,,,,,,,,,,,,,,,,,,,,,,,,,,,,,,,,,,,-,,,,,,,,,,,,,,,-,,,,,,,-,,,,,,,,NT AUTHORITY,0x3e6,,ANONYMOUS LOGON,S-1-5-7,Builtin,,,,,,,,,,,S-1-5-32-551,Backup Operators,,,,,,,,,,,,,,,,
2025-08-13T11:20:36.140938Z,4738,DC01.garfield.htb,Microsoft-Windows-Security-Auditing,Security,2680,0,,,,,-,,,,,-,,,,,,,,,,,,,,,,,,,,,,,,-,,,,,,-,,,,,,,,-,-,,,,,,,,,,,,,,,,,,,,-,,,,,,,,,,,,,,,,,-,,,,,,,,,,,,,-,,,,,,,,,-,,,,-,-,,,,-,,,,,,,,,,,-,,,-,,,,-,,,,,,,,NT AUTHORITY,0x3e6,,ANONYMOUS LOGON,S-1-5-7,GARFIELD,,,,,,,,,,,S-1-5-21-2502726253-3859040611-225969357-502,krbtgt,,,,,,,,-,-,-,-,,,,,
2025-08-13T11:20:36.141496Z,4737,DC01.garfield.htb,Microsoft-Windows-Security-Auditing,Security,2681,0,,,,,,,,,,,,,,,,,,,,,,,,,,,,,,,,,,,,,,,,,,,,,,,,,,,,,,,,,,,,,,,,,,,,,,,,,,,,,,,,,,,,,,,,,,,,,,,,,,,,,,,,,,,,,,,,,-,,,,,,,,,,,,,,,-,,,,,,,-,,,,,,,,NT AUTHORITY,0x3e6,,ANONYMOUS LOGON,S-1-5-7,GARFIELD,,,,,,,,,,,S-1-5-21-2502726253-3859040611-225969357-521,Read-only Domain Controllers,,,,,,,,,,,,,,,,
2025-08-13T11:20:36.141807Z,4737,DC01.garfield.htb,Microsoft-Windows-Security-Auditing,Security,2682,0,,,,,,,,,,,,,,,,,,,,,,,,,,,,,,,,,,,,,,,,,,,,,,,,,,,,,,,,,,,,,,,,,,,,,,,,,,,,,,,,,,,,,,,,,,,,,,,,,,,,,,,,,,,,,,,,,-,,,,,,,,,,,,,,,-,,,,,,,-,,,,,,,,NT AUTHORITY,0x3e6,,ANONYMOUS LOGON,S-1-5-7,GARFIELD,,,,,,,,,,,S-1-5-21-2502726253-3859040611-225969357-516,Domain Controllers,,,,,,,,,,,,,,,,
2025-08-13T11:20:51.707186Z,4672,DC01.garfield.htb,Microsoft-Windows-Security-Auditing,Security,2683,0,,,,,,,,,,,,,,,,,,,,,,,,,,,,,,,,,,,,,,,,,,,,,,,,,,,,,,,,,,,,,,,,,,,,,,,,,,,,,,,,,,,,,,,,,,,,,,,,,,,,,,,,,,,,,,,,,"SeSecurityPrivilege
			SeBackupPrivilege
			SeRestorePrivilege
			SeTakeOwnershipPrivilege
			SeDebugPrivilege
			SeSystemEnvironmentPrivilege
			SeLoadDriverPrivilege
			SeImpersonatePrivilege
			SeDelegateSessionUserImpersonatePrivilege
			SeEnableDelegationPrivilege",,,,,,,,,,,,,,,,,,,,,,,,,,,,,,GARFIELD,0x18949e,,DC01$,S-1-5-18,,,,,,,,,,,,,,,,,,,,,,,,,,,,,
2025-08-13T11:20:51.707265Z,4624,DC01.garfield.htb,Microsoft-Windows-Security-Auditing,Security,2684,0,,,,,,,,,,,,,,,,,Kerberos,,,,,,,,,,,,,,,,,,,,,,,,%%1842,,,,,,,,,,,,,%%1833,fe80::c4ff:5747:1d3c:fba0,59247,,,,0,,,-,,,,,3C2C8FB1-A90E-9A9A-7FCE-5FB32B53E232,,Kerberos,3,,,,,,,,,,,,,,,,,,,,,,,,,,,,,,,,,,,,,,,,,,,,0x0,-,,,,,,,,,,-,,,,,,,,,,,,,,,,,-,0x0,,-,S-1-0-0,GARFIELD.HTB,,0x0,,0x18949e,,-,-,,,,,DC01$,S-1-5-18,,,,,-,,,,,,%%1843,,,-,
2025-08-13T11:20:51.711176Z,4634,DC01.garfield.htb,Microsoft-Windows-Security-Auditing,Security,2685,0,,,,,,,,,,,,,,,,,,,,,,,,,,,,,,,,,,,,,,,,,,,,,,,,,,,,,,,,,,,,,,,,,,,,,,,3,,,,,,,,,,,,,,,,,,,,,,,,,,,,,,,,,,,,,,,,,,,,,,,,,,,,,,,,,,,,,,,,,,,,,,,,,,,,,GARFIELD,,,,0x18949e,,,,,,,,DC01$,S-1-5-18,,,,,,,,,,,,,,,
2025-08-13T11:20:55.977966Z,4672,DC01.garfield.htb,Microsoft-Windows-Security-Auditing,Security,2686,0,,,,,,,,,,,,,,,,,,,,,,,,,,,,,,,,,,,,,,,,,,,,,,,,,,,,,,,,,,,,,,,,,,,,,,,,,,,,,,,,,,,,,,,,,,,,,,,,,,,,,,,,,,,,,,,,,"SeSecurityPrivilege
			SeBackupPrivilege
			SeRestorePrivilege
			SeTakeOwnershipPrivilege
			SeDebugPrivilege
			SeSystemEnvironmentPrivilege
			SeLoadDriverPrivilege
			SeImpersonatePrivilege
			SeDelegateSessionUserImpersonatePrivilege
			SeEnableDelegationPrivilege",,,,,,,,,,,,,,,,,,,,,,,,,,,,,,GARFIELD,0x189cae,,DC01$,S-1-5-18,,,,,,,,,,,,,,,,,,,,,,,,,,,,,
2025-08-13T11:20:55.978187Z,4624,DC01.garfield.htb,Microsoft-Windows-Security-Auditing,Security,2687,0,,,,,,,,,,,,,,,,,Kerberos,,,,,,,,,,,,,,,,,,,,,,,,%%1842,,,,,,,,,,,,,%%1833,fe80::c4ff:5747:1d3c:fba0,59253,,,,0,,,-,,,,,7F6CD027-4188-AB14-643A-6405C1017355,,Kerberos,3,,,,,,,,,,,,,,,,,,,,,,,,,,,,,,,,,,,,,,,,,,,,0x0,-,,,,,,,,,,-,,,,,,,,,,,,,,,,,-,0x0,,-,S-1-0-0,GARFIELD.HTB,,0x0,,0x189cae,,-,-,,,,,DC01$,S-1-5-18,,,,,-,,,,,,%%1843,,,-,
2025-08-13T11:21:05.320865Z,4672,DC01.garfield.htb,Microsoft-Windows-Security-Auditing,Security,2688,0,,,,,,,,,,,,,,,,,,,,,,,,,,,,,,,,,,,,,,,,,,,,,,,,,,,,,,,,,,,,,,,,,,,,,,,,,,,,,,,,,,,,,,,,,,,,,,,,,,,,,,,,,,,,,,,,,"SeSecurityPrivilege
			SeBackupPrivilege
			SeRestorePrivilege
			SeTakeOwnershipPrivilege
			SeDebugPrivilege
			SeSystemEnvironmentPrivilege
			SeLoadDriverPrivilege
			SeImpersonatePrivilege
			SeDelegateSessionUserImpersonatePrivilege
			SeEnableDelegationPrivilege",,,,,,,,,,,,,,,,,,,,,,,,,,,,,,GARFIELD,0x18aadc,,DC01$,S-1-5-18,,,,,,,,,,,,,,,,,,,,,,,,,,,,,
2025-08-13T11:21:05.320922Z,4624,DC01.garfield.htb,Microsoft-Windows-Security-Auditing,Security,2689,0,,,,,,,,,,,,,,,,,Kerberos,,,,,,,,,,,,,,,,,,,,,,,,%%1842,,,,,,,,,,,,,%%1833,::1,59254,,,,0,,,-,,,,,7F6CD027-4188-AB14-643A-6405C1017355,,Kerberos,3,,,,,,,,,,,,,,,,,,,,,,,,,,,,,,,,,,,,,,,,,,,,0x0,-,,,,,,,,,,-,,,,,,,,,,,,,,,,,-,0x0,,-,S-1-0-0,GARFIELD.HTB,,0x0,,0x18aadc,,-,-,,,,,DC01$,S-1-5-18,,,,,-,,,,,,%%1843,,,-,
2025-08-13T11:21:05.321489Z,4634,DC01.garfield.htb,Microsoft-Windows-Security-Auditing,Security,2690,0,,,,,,,,,,,,,,,,,,,,,,,,,,,,,,,,,,,,,,,,,,,,,,,,,,,,,,,,,,,,,,,,,,,,,,,3,,,,,,,,,,,,,,,,,,,,,,,,,,,,,,,,,,,,,,,,,,,,,,,,,,,,,,,,,,,,,,,,,,,,,,,,,,,,,GARFIELD,,,,0x18aadc,,,,,,,,DC01$,S-1-5-18,,,,,,,,,,,,,,,
2025-08-13T11:21:07.012654Z,4672,DC01.garfield.htb,Microsoft-Windows-Security-Auditing,Security,2691,0,,,,,,,,,,,,,,,,,,,,,,,,,,,,,,,,,,,,,,,,,,,,,,,,,,,,,,,,,,,,,,,,,,,,,,,,,,,,,,,,,,,,,,,,,,,,,,,,,,,,,,,,,,,,,,,,,"SeSecurityPrivilege
			SeBackupPrivilege
			SeRestorePrivilege
			SeTakeOwnershipPrivilege
			SeDebugPrivilege
			SeSystemEnvironmentPrivilege
			SeLoadDriverPrivilege
			SeImpersonatePrivilege
			SeDelegateSessionUserImpersonatePrivilege
			SeEnableDelegationPrivilege",,,,,,,,,,,,,,,,,,,,,,,,,,,,,,GARFIELD,0x18ad34,,DC01$,S-1-5-18,,,,,,,,,,,,,,,,,,,,,,,,,,,,,
2025-08-13T11:21:07.012712Z,4624,DC01.garfield.htb,Microsoft-Windows-Security-Auditing,Security,2692,0,,,,,,,,,,,,,,,,,Kerberos,,,,,,,,,,,,,,,,,,,,,,,,%%1842,,,,,,,,,,,,,%%1833,fe80::c4ff:5747:1d3c:fba0,59256,,,,0,,,-,,,,,7F6CD027-4188-AB14-643A-6405C1017355,,Kerberos,3,,,,,,,,,,,,,,,,,,,,,,,,,,,,,,,,,,,,,,,,,,,,0x0,-,,,,,,,,,,-,,,,,,,,,,,,,,,,,-,0x0,,-,S-1-0-0,GARFIELD.HTB,,0x0,,0x18ad34,,-,-,,,,,DC01$,S-1-5-18,,,,,-,,,,,,%%1843,,,-,
2025-08-13T11:21:07.015324Z,4634,DC01.garfield.htb,Microsoft-Windows-Security-Auditing,Security,2693,0,,,,,,,,,,,,,,,,,,,,,,,,,,,,,,,,,,,,,,,,,,,,,,,,,,,,,,,,,,,,,,,,,,,,,,,3,,,,,,,,,,,,,,,,,,,,,,,,,,,,,,,,,,,,,,,,,,,,,,,,,,,,,,,,,,,,,,,,,,,,,,,,,,,,,GARFIELD,,,,0x18ad34,,,,,,,,DC01$,S-1-5-18,,,,,,,,,,,,,,,
2025-08-13T11:21:07.016488Z,4672,DC01.garfield.htb,Microsoft-Windows-Security-Auditing,Security,2694,0,,,,,,,,,,,,,,,,,,,,,,,,,,,,,,,,,,,,,,,,,,,,,,,,,,,,,,,,,,,,,,,,,,,,,,,,,,,,,,,,,,,,,,,,,,,,,,,,,,,,,,,,,,,,,,,,,"SeSecurityPrivilege
			SeBackupPrivilege
			SeRestorePrivilege
			SeTakeOwnershipPrivilege
			SeDebugPrivilege
			SeSystemEnvironmentPrivilege
			SeLoadDriverPrivilege
			SeImpersonatePrivilege
			SeDelegateSessionUserImpersonatePrivilege
			SeEnableDelegationPrivilege",,,,,,,,,,,,,,,,,,,,,,,,,,,,,,GARFIELD,0x18adb4,,DC01$,S-1-5-18,,,,,,,,,,,,,,,,,,,,,,,,,,,,,
2025-08-13T11:21:07.016537Z,4624,DC01.garfield.htb,Microsoft-Windows-Security-Auditing,Security,2695,0,,,,,,,,,,,,,,,,,Kerberos,,,,,,,,,,,,,,,,,,,,,,,,%%1842,,,,,,,,,,,,,%%1833,fe80::c4ff:5747:1d3c:fba0,59257,,,,0,,,-,,,,,7F6CD027-4188-AB14-643A-6405C1017355,,Kerberos,3,,,,,,,,,,,,,,,,,,,,,,,,,,,,,,,,,,,,,,,,,,,,0x0,-,,,,,,,,,,-,,,,,,,,,,,,,,,,,-,0x0,,-,S-1-0-0,GARFIELD.HTB,,0x0,,0x18adb4,,-,-,,,,,DC01$,S-1-5-18,,,,,-,,,,,,%%1843,,,-,
2025-08-13T11:21:07.019247Z,4634,DC01.garfield.htb,Microsoft-Windows-Security-Auditing,Security,2696,0,,,,,,,,,,,,,,,,,,,,,,,,,,,,,,,,,,,,,,,,,,,,,,,,,,,,,,,,,,,,,,,,,,,,,,,3,,,,,,,,,,,,,,,,,,,,,,,,,,,,,,,,,,,,,,,,,,,,,,,,,,,,,,,,,,,,,,,,,,,,,,,,,,,,,GARFIELD,,,,0x18adb4,,,,,,,,DC01$,S-1-5-18,,,,,,,,,,,,,,,
2025-08-13T11:21:09.534119Z,4672,DC01.garfield.htb,Microsoft-Windows-Security-Auditing,Security,2697,0,,,,,,,,,,,,,,,,,,,,,,,,,,,,,,,,,,,,,,,,,,,,,,,,,,,,,,,,,,,,,,,,,,,,,,,,,,,,,,,,,,,,,,,,,,,,,,,,,,,,,,,,,,,,,,,,,"SeSecurityPrivilege
			SeBackupPrivilege
			SeRestorePrivilege
			SeTakeOwnershipPrivilege
			SeDebugPrivilege
			SeSystemEnvironmentPrivilege
			SeLoadDriverPrivilege
			SeImpersonatePrivilege
			SeDelegateSessionUserImpersonatePrivilege
			SeEnableDelegationPrivilege",,,,,,,,,,,,,,,,,,,,,,,,,,,,,,GARFIELD,0x18b622,,DC01$,S-1-5-18,,,,,,,,,,,,,,,,,,,,,,,,,,,,,
2025-08-13T11:21:09.534178Z,4624,DC01.garfield.htb,Microsoft-Windows-Security-Auditing,Security,2698,0,,,,,,,,,,,,,,,,,Kerberos,,,,,,,,,,,,,,,,,,,,,,,,%%1842,,,,,,,,,,,,,%%1833,fe80::c4ff:5747:1d3c:fba0,59258,,,,0,,,-,,,,,3C2C8FB1-A90E-9A9A-7FCE-5FB32B53E232,,Kerberos,3,,,,,,,,,,,,,,,,,,,,,,,,,,,,,,,,,,,,,,,,,,,,0x0,-,,,,,,,,,,-,,,,,,,,,,,,,,,,,-,0x0,,-,S-1-0-0,GARFIELD.HTB,,0x0,,0x18b622,,-,-,,,,,DC01$,S-1-5-18,,,,,-,,,,,,%%1843,,,-,
2025-08-13T11:21:09.536889Z,4672,DC01.garfield.htb,Microsoft-Windows-Security-Auditing,Security,2699,0,,,,,,,,,,,,,,,,,,,,,,,,,,,,,,,,,,,,,,,,,,,,,,,,,,,,,,,,,,,,,,,,,,,,,,,,,,,,,,,,,,,,,,,,,,,,,,,,,,,,,,,,,,,,,,,,,"SeSecurityPrivilege
			SeBackupPrivilege
			SeRestorePrivilege
			SeTakeOwnershipPrivilege
			SeDebugPrivilege
			SeSystemEnvironmentPrivilege
			SeLoadDriverPrivilege
			SeImpersonatePrivilege
			SeDelegateSessionUserImpersonatePrivilege
			SeEnableDelegationPrivilege",,,,,,,,,,,,,,,,,,,,,,,,,,,,,,GARFIELD,0x18b718,,DC01$,S-1-5-18,,,,,,,,,,,,,,,,,,,,,,,,,,,,,
2025-08-13T11:21:09.536938Z,4624,DC01.garfield.htb,Microsoft-Windows-Security-Auditing,Security,2700,0,,,,,,,,,,,,,,,,,Kerberos,,,,,,,,,,,,,,,,,,,,,,,,%%1842,,,,,,,,,,,,,%%1833,::1,0,,,,0,,,-,,,,,3C2C8FB1-A90E-9A9A-7FCE-5FB32B53E232,,Kerberos,3,,,,,,,,,,,,,,,,,,,,,,,,,,,,,,,,,,,,,,,,,,,,0x0,-,,,,,,,,,,-,,,,,,,,,,,,,,,,,-,0x0,,-,S-1-0-0,GARFIELD.HTB,,0x0,,0x18b718,,-,-,,,,,DC01$,S-1-5-18,,,,,-,,,,,,%%1843,,,-,
2025-08-13T11:21:09.538547Z,4672,DC01.garfield.htb,Microsoft-Windows-Security-Auditing,Security,2701,0,,,,,,,,,,,,,,,,,,,,,,,,,,,,,,,,,,,,,,,,,,,,,,,,,,,,,,,,,,,,,,,,,,,,,,,,,,,,,,,,,,,,,,,,,,,,,,,,,,,,,,,,,,,,,,,,,"SeSecurityPrivilege
			SeBackupPrivilege
			SeRestorePrivilege
			SeTakeOwnershipPrivilege
			SeDebugPrivilege
			SeSystemEnvironmentPrivilege
			SeLoadDriverPrivilege
			SeImpersonatePrivilege
			SeDelegateSessionUserImpersonatePrivilege
			SeEnableDelegationPrivilege",,,,,,,,,,,,,,,,,,,,,,,,,,,,,,GARFIELD,0x18b766,,DC01$,S-1-5-18,,,,,,,,,,,,,,,,,,,,,,,,,,,,,
2025-08-13T11:21:09.538597Z,4624,DC01.garfield.htb,Microsoft-Windows-Security-Auditing,Security,2702,0,,,,,,,,,,,,,,,,,Kerberos,,,,,,,,,,,,,,,,,,,,,,,,%%1842,,,,,,,,,,,,,%%1833,10.10.11.221,59259,,,,0,,,-,,,,,3C2C8FB1-A90E-9A9A-7FCE-5FB32B53E232,,Kerberos,3,,,,,,,,,,,,,,,,,,,,,,,,,,,,,,,,,,,,,,,,,,,,0x0,-,,,,,,,,,,-,,,,,,,,,,,,,,,,,-,0x0,,-,S-1-0-0,GARFIELD.HTB,,0x0,,0x18b766,,-,-,,,,,DC01$,S-1-5-18,,,,,-,,,,,,%%1843,,,-,
2025-08-13T11:21:09.646612Z,4672,DC01.garfield.htb,Microsoft-Windows-Security-Auditing,Security,2703,0,,,,,,,,,,,,,,,,,,,,,,,,,,,,,,,,,,,,,,,,,,,,,,,,,,,,,,,,,,,,,,,,,,,,,,,,,,,,,,,,,,,,,,,,,,,,,,,,,,,,,,,,,,,,,,,,,"SeSecurityPrivilege
			SeBackupPrivilege
			SeRestorePrivilege
			SeTakeOwnershipPrivilege
			SeDebugPrivilege
			SeSystemEnvironmentPrivilege
			SeLoadDriverPrivilege
			SeImpersonatePrivilege
			SeDelegateSessionUserImpersonatePrivilege
			SeEnableDelegationPrivilege",,,,,,,,,,,,,,,,,,,,,,,,,,,,,,GARFIELD,0x18b802,,DC01$,S-1-5-18,,,,,,,,,,,,,,,,,,,,,,,,,,,,,
2025-08-13T11:21:09.646689Z,4624,DC01.garfield.htb,Microsoft-Windows-Security-Auditing,Security,2704,0,,,,,,,,,,,,,,,,,Kerberos,,,,,,,,,,,,,,,,,,,,,,,,%%1842,,,,,,,,,,,,,%%1840,fe80::c4ff:5747:1d3c:fba0,59260,,,,0,,,-,,,,,9A9D7B62-4A87-12E9-281C-8DD6120CE2FC,,Kerberos,3,,,,,,,,,,,,,,,,,,,,,,,,,,,,,,,,,,,,,,,,,,,,0x0,-,,,,,,,,,,-,,,,,,,,,,,,,,,,,-,0x0,,-,S-1-0-0,GARFIELD.HTB,,0x0,,0x18b802,,-,-,,,,,DC01$,S-1-5-18,,,,,-,,,,,,%%1843,,,-,
2025-08-13T11:21:09.649131Z,4634,DC01.garfield.htb,Microsoft-Windows-Security-Auditing,Security,2705,0,,,,,,,,,,,,,,,,,,,,,,,,,,,,,,,,,,,,,,,,,,,,,,,,,,,,,,,,,,,,,,,,,,,,,,,3,,,,,,,,,,,,,,,,,,,,,,,,,,,,,,,,,,,,,,,,,,,,,,,,,,,,,,,,,,,,,,,,,,,,,,,,,,,,,GARFIELD,,,,0x18b766,,,,,,,,DC01$,S-1-5-18,,,,,,,,,,,,,,,
2025-08-13T11:21:09.649242Z,4634,DC01.garfield.htb,Microsoft-Windows-Security-Auditing,Security,2706,0,,,,,,,,,,,,,,,,,,,,,,,,,,,,,,,,,,,,,,,,,,,,,,,,,,,,,,,,,,,,,,,,,,,,,,,3,,,,,,,,,,,,,,,,,,,,,,,,,,,,,,,,,,,,,,,,,,,,,,,,,,,,,,,,,,,,,,,,,,,,,,,,,,,,,GARFIELD,,,,0x18b718,,,,,,,,DC01$,S-1-5-18,,,,,,,,,,,,,,,
2025-08-13T11:21:09.650993Z,4634,DC01.garfield.htb,Microsoft-Windows-Security-Auditing,Security,2707,0,,,,,,,,,,,,,,,,,,,,,,,,,,,,,,,,,,,,,,,,,,,,,,,,,,,,,,,,,,,,,,,,,,,,,,,3,,,,,,,,,,,,,,,,,,,,,,,,,,,,,,,,,,,,,,,,,,,,,,,,,,,,,,,,,,,,,,,,,,,,,,,,,,,,,GARFIELD,,,,0x18b622,,,,,,,,DC01$,S-1-5-18,,,,,,,,,,,,,,,
2025-08-13T11:21:11.957596Z,4624,DC01.garfield.htb,Microsoft-Windows-Security-Auditing,Security,2708,0,,,,,,,,,,,,,,,,,Negotiate,,,,,,,,,,,,,,,,,,,,,,,,%%1842,,,,,,,,,,,,,%%1833,-,-,,,,0,,,-,,,,,00000000-0000-0000-0000-000000000000,,Advapi  ,5,,,,,,,,,,,,,,,,,,,,,,,,,,,,,,,,,,,,,,,,,,,,0x2d0,C:\Windows\System32\services.exe,,,,,,,,,,-,,,,,,,,,,,,,,,,,GARFIELD,0x3e7,,DC01$,S-1-5-18,NT AUTHORITY,,0x0,,0x3e7,,-,-,,,,,SYSTEM,S-1-5-18,,,,,-,,,,,,%%1843,,,-,
2025-08-13T11:21:11.957602Z,4672,DC01.garfield.htb,Microsoft-Windows-Security-Auditing,Security,2709,0,,,,,,,,,,,,,,,,,,,,,,,,,,,,,,,,,,,,,,,,,,,,,,,,,,,,,,,,,,,,,,,,,,,,,,,,,,,,,,,,,,,,,,,,,,,,,,,,,,,,,,,,,,,,,,,,,"SeAssignPrimaryTokenPrivilege
			SeTcbPrivilege
			SeSecurityPrivilege
			SeTakeOwnershipPrivilege
			SeLoadDriverPrivilege
			SeBackupPrivilege
			SeRestorePrivilege
			SeDebugPrivilege
			SeAuditPrivilege
			SeSystemEnvironmentPrivilege
			SeImpersonatePrivilege
			SeDelegateSessionUserImpersonatePrivilege",,,,,,,,,,,,,,,,,,,,,,,,,,,,,,NT AUTHORITY,0x3e7,,SYSTEM,S-1-5-18,,,,,,,,,,,,,,,,,,,,,,,,,,,,,
2025-08-13T11:21:12.008165Z,4624,DC01.garfield.htb,Microsoft-Windows-Security-Auditing,Security,2710,0,,,,,,,,,,,,,,,,,Negotiate,,,,,,,,,,,,,,,,,,,,,,,,%%1842,,,,,,,,,,,,,%%1833,-,-,,,,0,,,-,,,,,00000000-0000-0000-0000-000000000000,,Advapi  ,5,,,,,,,,,,,,,,,,,,,,,,,,,,,,,,,,,,,,,,,,,,,,0x2d0,C:\Windows\System32\services.exe,,,,,,,,,,-,,,,,,,,,,,,,,,,,GARFIELD,0x3e7,,DC01$,S-1-5-18,NT AUTHORITY,,0x0,,0x3e7,,-,-,,,,,SYSTEM,S-1-5-18,,,,,-,,,,,,%%1843,,,-,
2025-08-13T11:21:12.008170Z,4672,DC01.garfield.htb,Microsoft-Windows-Security-Auditing,Security,2711,0,,,,,,,,,,,,,,,,,,,,,,,,,,,,,,,,,,,,,,,,,,,,,,,,,,,,,,,,,,,,,,,,,,,,,,,,,,,,,,,,,,,,,,,,,,,,,,,,,,,,,,,,,,,,,,,,,"SeAssignPrimaryTokenPrivilege
			SeTcbPrivilege
			SeSecurityPrivilege
			SeTakeOwnershipPrivilege
			SeLoadDriverPrivilege
			SeBackupPrivilege
			SeRestorePrivilege
			SeDebugPrivilege
			SeAuditPrivilege
			SeSystemEnvironmentPrivilege
			SeImpersonatePrivilege
			SeDelegateSessionUserImpersonatePrivilege",,,,,,,,,,,,,,,,,,,,,,,,,,,,,,NT AUTHORITY,0x3e7,,SYSTEM,S-1-5-18,,,,,,,,,,,,,,,,,,,,,,,,,,,,,
2025-08-13T11:21:14.927065Z,4624,DC01.garfield.htb,Microsoft-Windows-Security-Auditing,Security,2712,0,,,,,,,,,,,,,,,,,Negotiate,,,,,,,,,,,,,,,,,,,,,,,,%%1842,,,,,,,,,,,,,%%1833,-,-,,,,0,,,-,,,,,00000000-0000-0000-0000-000000000000,,Advapi  ,5,,,,,,,,,,,,,,,,,,,,,,,,,,,,,,,,,,,,,,,,,,,,0x2d0,C:\Windows\System32\services.exe,,,,,,,,,,-,,,,,,,,,,,,,,,,,GARFIELD,0x3e7,,DC01$,S-1-5-18,NT AUTHORITY,,0x0,,0x3e7,,-,-,,,,,SYSTEM,S-1-5-18,,,,,-,,,,,,%%1843,,,-,
2025-08-13T11:21:14.927070Z,4672,DC01.garfield.htb,Microsoft-Windows-Security-Auditing,Security,2713,0,,,,,,,,,,,,,,,,,,,,,,,,,,,,,,,,,,,,,,,,,,,,,,,,,,,,,,,,,,,,,,,,,,,,,,,,,,,,,,,,,,,,,,,,,,,,,,,,,,,,,,,,,,,,,,,,,"SeAssignPrimaryTokenPrivilege
			SeTcbPrivilege
			SeSecurityPrivilege
			SeTakeOwnershipPrivilege
			SeLoadDriverPrivilege
			SeBackupPrivilege
			SeRestorePrivilege
			SeDebugPrivilege
			SeAuditPrivilege
			SeSystemEnvironmentPrivilege
			SeImpersonatePrivilege
			SeDelegateSessionUserImpersonatePrivilege",,,,,,,,,,,,,,,,,,,,,,,,,,,,,,NT AUTHORITY,0x3e7,,SYSTEM,S-1-5-18,,,,,,,,,,,,,,,,,,,,,,,,,,,,,
2025-08-13T11:21:19.240839Z,4727,DC01.garfield.htb,Microsoft-Windows-Security-Auditing,Security,2714,0,,,,,,,,,,,,,,,,,,,,,,,,,,,,,,,,,,,,,,,,,,,,,,,,,,,,,,,,,,,,,,,,,,,,,,,,,,,,,,,,,,,,,,,,,,,,,,,,,,,,,,,,,,,,,,,,,-,,,,,,,,,,,,,,,test,,,,,,,-,,,,,,,,GARFIELD,0x5ce30,,Administrator,S-1-5-21-2502726253-3859040611-225969357-500,GARFIELD,,,,,,,,,,,S-1-5-21-2502726253-3859040611-225969357-1105,test,,,,,,,,,,,,,,,,
2025-08-13T11:21:20.456504Z,4634,DC01.garfield.htb,Microsoft-Windows-Security-Auditing,Security,2715,0,,,,,,,,,,,,,,,,,,,,,,,,,,,,,,,,,,,,,,,,,,,,,,,,,,,,,,,,,,,,,,,,,,,,,,,3,,,,,,,,,,,,,,,,,,,,,,,,,,,,,,,,,,,,,,,,,,,,,,,,,,,,,,,,,,,,,,,,,,,,,,,,,,,,,GARFIELD,,,,0x18b802,,,,,,,,DC01$,S-1-5-18,,,,,,,,,,,,,,,
2025-08-13T11:21:23.108603Z,4730,DC01.garfield.htb,Microsoft-Windows-Security-Auditing,Security,2716,0,,,,,,,,,,,,,,,,,,,,,,,,,,,,,,,,,,,,,,,,,,,,,,,,,,,,,,,,,,,,,,,,,,,,,,,,,,,,,,,,,,,,,,,,,,,,,,,,,,,,,,,,,,,,,,,,,-,,,,,,,,,,,,,,,,,,,,,,,,,,,,,,GARFIELD,0x5ce30,,Administrator,S-1-5-21-2502726253-3859040611-225969357-500,GARFIELD,,,,,,,,,,,S-1-5-21-2502726253-3859040611-225969357-1105,test,,,,,,,,,,,,,,,,
2025-08-13T11:21:23.113536Z,4672,DC01.garfield.htb,Microsoft-Windows-Security-Auditing,Security,2717,0,,,,,,,,,,,,,,,,,,,,,,,,,,,,,,,,,,,,,,,,,,,,,,,,,,,,,,,,,,,,,,,,,,,,,,,,,,,,,,,,,,,,,,,,,,,,,,,,,,,,,,,,,,,,,,,,,"SeSecurityPrivilege
			SeBackupPrivilege
			SeRestorePrivilege
			SeTakeOwnershipPrivilege
			SeDebugPrivilege
			SeSystemEnvironmentPrivilege
			SeLoadDriverPrivilege
			SeImpersonatePrivilege
			SeDelegateSessionUserImpersonatePrivilege
			SeEnableDelegationPrivilege",,,,,,,,,,,,,,,,,,,,,,,,,,,,,,GARFIELD,0x19557a,,DC01$,S-1-5-18,,,,,,,,,,,,,,,,,,,,,,,,,,,,,
2025-08-13T11:21:23.113613Z,4624,DC01.garfield.htb,Microsoft-Windows-Security-Auditing,Security,2718,0,,,,,,,,,,,,,,,,,Kerberos,,,,,,,,,,,,,,,,,,,,,,,,%%1842,,,,,,,,,,,,,%%1840,fe80::c4ff:5747:1d3c:fba0,59264,,,,0,,,-,,,,,E3C18940-C42E-D1C4-AD7B-01BCD4222BFD,,Kerberos,3,,,,,,,,,,,,,,,,,,,,,,,,,,,,,,,,,,,,,,,,,,,,0x0,-,,,,,,,,,,-,,,,,,,,,,,,,,,,,-,0x0,,-,S-1-0-0,GARFIELD.HTB,,0x0,,0x19557a,,-,-,,,,,DC01$,S-1-5-18,,,,,-,,,,,,%%1843,,,-,
2025-08-13T11:21:25.553092Z,4624,DC01.garfield.htb,Microsoft-Windows-Security-Auditing,Security,2719,0,,,,,,,,,,,,,,,,,Negotiate,,,,,,,,,,,,,,,,,,,,,,,,%%1842,,,,,,,,,,,,,%%1833,-,-,,,,0,,,-,,,,,00000000-0000-0000-0000-000000000000,,Advapi  ,5,,,,,,,,,,,,,,,,,,,,,,,,,,,,,,,,,,,,,,,,,,,,0x2d0,C:\Windows\System32\services.exe,,,,,,,,,,-,,,,,,,,,,,,,,,,,GARFIELD,0x3e7,,DC01$,S-1-5-18,NT AUTHORITY,,0x0,,0x3e7,,-,-,,,,,SYSTEM,S-1-5-18,,,,,-,,,,,,%%1843,,,-,
2025-08-13T11:21:25.553097Z,4672,DC01.garfield.htb,Microsoft-Windows-Security-Auditing,Security,2720,0,,,,,,,,,,,,,,,,,,,,,,,,,,,,,,,,,,,,,,,,,,,,,,,,,,,,,,,,,,,,,,,,,,,,,,,,,,,,,,,,,,,,,,,,,,,,,,,,,,,,,,,,,,,,,,,,,"SeAssignPrimaryTokenPrivilege
			SeTcbPrivilege
			SeSecurityPrivilege
			SeTakeOwnershipPrivilege
			SeLoadDriverPrivilege
			SeBackupPrivilege
			SeRestorePrivilege
			SeDebugPrivilege
			SeAuditPrivilege
			SeSystemEnvironmentPrivilege
			SeImpersonatePrivilege
			SeDelegateSessionUserImpersonatePrivilege",,,,,,,,,,,,,,,,,,,,,,,,,,,,,,NT AUTHORITY,0x3e7,,SYSTEM,S-1-5-18,,,,,,,,,,,,,,,,,,,,,,,,,,,,,
2025-08-13T11:21:25.574522Z,4624,DC01.garfield.htb,Microsoft-Windows-Security-Auditing,Security,2721,0,,,,,,,,,,,,,,,,,Negotiate,,,,,,,,,,,,,,,,,,,,,,,,%%1842,,,,,,,,,,,,,%%1833,-,-,,,,0,,,-,,,,,00000000-0000-0000-0000-000000000000,,Advapi  ,5,,,,,,,,,,,,,,,,,,,,,,,,,,,,,,,,,,,,,,,,,,,,0x2d0,C:\Windows\System32\services.exe,,,,,,,,,,-,,,,,,,,,,,,,,,,,GARFIELD,0x3e7,,DC01$,S-1-5-18,NT AUTHORITY,,0x0,,0x3e7,,-,-,,,,,SYSTEM,S-1-5-18,,,,,-,,,,,,%%1843,,,-,
2025-08-13T11:21:25.574527Z,4672,DC01.garfield.htb,Microsoft-Windows-Security-Auditing,Security,2722,0,,,,,,,,,,,,,,,,,,,,,,,,,,,,,,,,,,,,,,,,,,,,,,,,,,,,,,,,,,,,,,,,,,,,,,,,,,,,,,,,,,,,,,,,,,,,,,,,,,,,,,,,,,,,,,,,,"SeAssignPrimaryTokenPrivilege
			SeTcbPrivilege
			SeSecurityPrivilege
			SeTakeOwnershipPrivilege
			SeLoadDriverPrivilege
			SeBackupPrivilege
			SeRestorePrivilege
			SeDebugPrivilege
			SeAuditPrivilege
			SeSystemEnvironmentPrivilege
			SeImpersonatePrivilege
			SeDelegateSessionUserImpersonatePrivilege",,,,,,,,,,,,,,,,,,,,,,,,,,,,,,NT AUTHORITY,0x3e7,,SYSTEM,S-1-5-18,,,,,,,,,,,,,,,,,,,,,,,,,,,,,
2025-08-13T11:21:25.596133Z,4624,DC01.garfield.htb,Microsoft-Windows-Security-Auditing,Security,2723,0,,,,,,,,,,,,,,,,,Negotiate,,,,,,,,,,,,,,,,,,,,,,,,%%1842,,,,,,,,,,,,,%%1833,-,-,,,,0,,,-,,,,,00000000-0000-0000-0000-000000000000,,Advapi  ,5,,,,,,,,,,,,,,,,,,,,,,,,,,,,,,,,,,,,,,,,,,,,0x2d0,C:\Windows\System32\services.exe,,,,,,,,,,-,,,,,,,,,,,,,,,,,GARFIELD,0x3e7,,DC01$,S-1-5-18,NT AUTHORITY,,0x0,,0x3e7,,-,-,,,,,SYSTEM,S-1-5-18,,,,,-,,,,,,%%1843,,,-,
2025-08-13T11:21:25.596137Z,4672,DC01.garfield.htb,Microsoft-Windows-Security-Auditing,Security,2724,0,,,,,,,,,,,,,,,,,,,,,,,,,,,,,,,,,,,,,,,,,,,,,,,,,,,,,,,,,,,,,,,,,,,,,,,,,,,,,,,,,,,,,,,,,,,,,,,,,,,,,,,,,,,,,,,,,"SeAssignPrimaryTokenPrivilege
			SeTcbPrivilege
			SeSecurityPrivilege
			SeTakeOwnershipPrivilege
			SeLoadDriverPrivilege
			SeBackupPrivilege
			SeRestorePrivilege
			SeDebugPrivilege
			SeAuditPrivilege
			SeSystemEnvironmentPrivilege
			SeImpersonatePrivilege
			SeDelegateSessionUserImpersonatePrivilege",,,,,,,,,,,,,,,,,,,,,,,,,,,,,,NT AUTHORITY,0x3e7,,SYSTEM,S-1-5-18,,,,,,,,,,,,,,,,,,,,,,,,,,,,,
2025-08-13T11:21:29.113237Z,4624,DC01.garfield.htb,Microsoft-Windows-Security-Auditing,Security,2725,0,,,,,,,,,,,,,,,,,Negotiate,,,,,,,,,,,,,,,,,,,,,,,,%%1842,,,,,,,,,,,,,%%1833,-,-,,,,0,,,-,,,,,00000000-0000-0000-0000-000000000000,,Advapi  ,5,,,,,,,,,,,,,,,,,,,,,,,,,,,,,,,,,,,,,,,,,,,,0x2d0,C:\Windows\System32\services.exe,,,,,,,,,,-,,,,,,,,,,,,,,,,,GARFIELD,0x3e7,,DC01$,S-1-5-18,NT AUTHORITY,,0x0,,0x3e7,,-,-,,,,,SYSTEM,S-1-5-18,,,,,-,,,,,,%%1843,,,-,
2025-08-13T11:21:29.113241Z,4672,DC01.garfield.htb,Microsoft-Windows-Security-Auditing,Security,2726,0,,,,,,,,,,,,,,,,,,,,,,,,,,,,,,,,,,,,,,,,,,,,,,,,,,,,,,,,,,,,,,,,,,,,,,,,,,,,,,,,,,,,,,,,,,,,,,,,,,,,,,,,,,,,,,,,,"SeAssignPrimaryTokenPrivilege
			SeTcbPrivilege
			SeSecurityPrivilege
			SeTakeOwnershipPrivilege
			SeLoadDriverPrivilege
			SeBackupPrivilege
			SeRestorePrivilege
			SeDebugPrivilege
			SeAuditPrivilege
			SeSystemEnvironmentPrivilege
			SeImpersonatePrivilege
			SeDelegateSessionUserImpersonatePrivilege",,,,,,,,,,,,,,,,,,,,,,,,,,,,,,NT AUTHORITY,0x3e7,,SYSTEM,S-1-5-18,,,,,,,,,,,,,,,,,,,,,,,,,,,,,
2025-08-13T11:21:34.459842Z,4634,DC01.garfield.htb,Microsoft-Windows-Security-Auditing,Security,2727,0,,,,,,,,,,,,,,,,,,,,,,,,,,,,,,,,,,,,,,,,,,,,,,,,,,,,,,,,,,,,,,,,,,,,,,,3,,,,,,,,,,,,,,,,,,,,,,,,,,,,,,,,,,,,,,,,,,,,,,,,,,,,,,,,,,,,,,,,,,,,,,,,,,,,,GARFIELD,,,,0x19557a,,,,,,,,DC01$,S-1-5-18,,,,,,,,,,,,,,,
2025-08-13T11:22:05.336204Z,4672,DC01.garfield.htb,Microsoft-Windows-Security-Auditing,Security,2728,0,,,,,,,,,,,,,,,,,,,,,,,,,,,,,,,,,,,,,,,,,,,,,,,,,,,,,,,,,,,,,,,,,,,,,,,,,,,,,,,,,,,,,,,,,,,,,,,,,,,,,,,,,,,,,,,,,"SeSecurityPrivilege
			SeBackupPrivilege
			SeRestorePrivilege
			SeTakeOwnershipPrivilege
			SeDebugPrivilege
			SeSystemEnvironmentPrivilege
			SeLoadDriverPrivilege
			SeImpersonatePrivilege
			SeDelegateSessionUserImpersonatePrivilege
			SeEnableDelegationPrivilege",,,,,,,,,,,,,,,,,,,,,,,,,,,,,,GARFIELD,0x1b73f8,,DC01$,S-1-5-18,,,,,,,,,,,,,,,,,,,,,,,,,,,,,
2025-08-13T11:22:05.336290Z,4624,DC01.garfield.htb,Microsoft-Windows-Security-Auditing,Security,2729,0,,,,,,,,,,,,,,,,,Kerberos,,,,,,,,,,,,,,,,,,,,,,,,%%1842,,,,,,,,,,,,,%%1833,::1,59269,,,,0,,,-,,,,,7F6CD027-4188-AB14-643A-6405C1017355,,Kerberos,3,,,,,,,,,,,,,,,,,,,,,,,,,,,,,,,,,,,,,,,,,,,,0x0,-,,,,,,,,,,-,,,,,,,,,,,,,,,,,-,0x0,,-,S-1-0-0,GARFIELD.HTB,,0x0,,0x1b73f8,,-,-,,,,,DC01$,S-1-5-18,,,,,-,,,,,,%%1843,,,-,
2025-08-13T11:22:05.337234Z,4634,DC01.garfield.htb,Microsoft-Windows-Security-Auditing,Security,2730,0,,,,,,,,,,,,,,,,,,,,,,,,,,,,,,,,,,,,,,,,,,,,,,,,,,,,,,,,,,,,,,,,,,,,,,,3,,,,,,,,,,,,,,,,,,,,,,,,,,,,,,,,,,,,,,,,,,,,,,,,,,,,,,,,,,,,,,,,,,,,,,,,,,,,,GARFIELD,,,,0x1b73f8,,,,,,,,DC01$,S-1-5-18,,,,,,,,,,,,,,,
2025-08-13T11:22:27.677562Z,4634,DC01.garfield.htb,Microsoft-Windows-Security-Auditing,Security,2731,0,,,,,,,,,,,,,,,,,,,,,,,,,,,,,,,,,,,,,,,,,,,,,,,,,,,,,,,,,,,,,,,,,,,,,,,3,,,,,,,,,,,,,,,,,,,,,,,,,,,,,,,,,,,,,,,,,,,,,,,,,,,,,,,,,,,,,,,,,,,,,,,,,,,,,GARFIELD,,,,0x4c772,,,,,,,,DC01$,S-1-5-18,,,,,,,,,,,,,,,
2025-08-13T11:23:05.341770Z,4672,DC01.garfield.htb,Microsoft-Windows-Security-Auditing,Security,2732,0,,,,,,,,,,,,,,,,,,,,,,,,,,,,,,,,,,,,,,,,,,,,,,,,,,,,,,,,,,,,,,,,,,,,,,,,,,,,,,,,,,,,,,,,,,,,,,,,,,,,,,,,,,,,,,,,,"SeSecurityPrivilege
			SeBackupPrivilege
			SeRestorePrivilege
			SeTakeOwnershipPrivilege
			SeDebugPrivilege
			SeSystemEnvironmentPrivilege
			SeLoadDriverPrivilege
			SeImpersonatePrivilege
			SeDelegateSessionUserImpersonatePrivilege
			SeEnableDelegationPrivilege",,,,,,,,,,,,,,,,,,,,,,,,,,,,,,GARFIELD,0x223dec,,DC01$,S-1-5-18,,,,,,,,,,,,,,,,,,,,,,,,,,,,,
2025-08-13T11:23:05.341840Z,4624,DC01.garfield.htb,Microsoft-Windows-Security-Auditing,Security,2733,0,,,,,,,,,,,,,,,,,Kerberos,,,,,,,,,,,,,,,,,,,,,,,,%%1842,,,,,,,,,,,,,%%1833,::1,59270,,,,0,,,-,,,,,7F6CD027-4188-AB14-643A-6405C1017355,,Kerberos,3,,,,,,,,,,,,,,,,,,,,,,,,,,,,,,,,,,,,,,,,,,,,0x0,-,,,,,,,,,,-,,,,,,,,,,,,,,,,,-,0x0,,-,S-1-0-0,GARFIELD.HTB,,0x0,,0x223dec,,-,-,,,,,DC01$,S-1-5-18,,,,,-,,,,,,%%1843,,,-,
2025-08-13T11:23:05.342657Z,4634,DC01.garfield.htb,Microsoft-Windows-Security-Auditing,Security,2734,0,,,,,,,,,,,,,,,,,,,,,,,,,,,,,,,,,,,,,,,,,,,,,,,,,,,,,,,,,,,,,,,,,,,,,,,3,,,,,,,,,,,,,,,,,,,,,,,,,,,,,,,,,,,,,,,,,,,,,,,,,,,,,,,,,,,,,,,,,,,,,,,,,,,,,GARFIELD,,,,0x223dec,,,,,,,,DC01$,S-1-5-18,,,,,,,,,,,,,,,
2025-08-13T11:23:24.949903Z,4634,DC01.garfield.htb,Microsoft-Windows-Security-Auditing,Security,2735,0,,,,,,,,,,,,,,,,,,,,,,,,,,,,,,,,,,,,,,,,,,,,,,,,,,,,,,,,,,,,,,,,,,,,,,,3,,,,,,,,,,,,,,,,,,,,,,,,,,,,,,,,,,,,,,,,,,,,,,,,,,,,,,,,,,,,,,,,,,,,,,,,,,,,,GARFIELD,,,,0x189cae,,,,,,,,DC01$,S-1-5-18,,,,,,,,,,,,,,,
2025-08-13T11:23:25.740491Z,4634,DC01.garfield.htb,Microsoft-Windows-Security-Auditing,Security,2736,0,,,,,,,,,,,,,,,,,,,,,,,,,,,,,,,,,,,,,,,,,,,,,,,,,,,,,,,,,,,,,,,,,,,,,,,3,,,,,,,,,,,,,,,,,,,,,,,,,,,,,,,,,,,,,,,,,,,,,,,,,,,,,,,,,,,,,,,,,,,,,,,,,,,,,GARFIELD,,,,0x11e20e,,,,,,,,DC01$,S-1-5-18,,,,,,,,,,,,,,,
