2025-08-17T11:33:35.299174Z,4672,DC01.garfield.htb,Microsoft-Windows-Security-Auditing,Security,4160,0,,,,,,,,,,,,,,,,,,,,,,,,,,,,,,,,,,,,,,,,,,,,,,,,,,,,,,,,,,,,,,,,,,,,,,,,,,,,,,,,,,,,,,,,,,,,,,,,,,,,,,,,,,,,,,,,,"SeSecurityPrivilege
			SeBackupPrivilege
			SeRestorePrivilege
			SeTakeOwnershipPrivilege
			SeDebugPrivilege
			SeSystemEnvironmentPrivilege
			SeLoadDriverPrivilege
			SeImpersonatePrivilege
			SeDelegateSessionUserImpersonatePrivilege
			SeEnableDelegationPrivilege",,,,,,,,,,,,,,,,,,,,,,,,,,,,,,GARFIELD,0x4d17c6,,Administrator,S-1-5-21-2502726253-3859040611-225969357-500,,,,,,,,,,,,,,,,,,,,,,,,,,,,,
2025-08-17T11:33:35.299207Z,4624,DC01.garfield.htb,Microsoft-Windows-Security-Auditing,Security,4161,0,,,,,,,,,,,,,,,,,NTLM,,,,,,,,,,,,,,,,,,,,,,,,%%1842,,,,,,,,,,,,,%%1833,10.10.11.221,49795,,,,128,,,NTLM V2,,,,,00000000-0000-0000-0000-000000000000,,NtLmSsp ,3,,,,,,,,,,,,,,,,,,,,,,,,,,,,,,,,,,,,,,,,,,,,0x0,-,,,,,,,,,,-,,,,,,,,,,,,,,,,,-,0x0,,-,S-1-0-0,GARFIELD,,0x0,,0x4d17c6,,-,-,,,,,Administrator,S-1-5-21-2502726253-3859040611-225969357-500,,,,,-,,,,,,%%1843,,,RODC01,
2025-08-17T11:33:35.301790Z,4634,DC01.garfield.htb,Microsoft-Windows-Security-Auditing,Security,4162,0,,,,,,,,,,,,,,,,,,,,,,,,,,,,,,,,,,,,,,,,,,,,,,,,,,,,,,,,,,,,,,,,,,,,,,,3,,,,,,,,,,,,,,,,,,,,,,,,,,,,,,,,,,,,,,,,,,,,,,,,,,,,,,,,,,,,,,,,,,,,,,,,,,,,,GARFIELD,,,,0x4d17c6,,,,,,,,Administrator,S-1-5-21-2502726253-3859040611-225969357-500,,,,,,,,,,,,,,,
2025-08-17T11:33:35.372846Z,4776,DC01.garfield.htb,Microsoft-Windows-Security-Auditing,Security,4163,0,,,,,,,,,,,,,,,,,,,,,,,,,,,,,,,,,,,,,,,,,,,,,,,,,,,,,,,,,,,,,,,,,,,,,,,,,,,,,,,,,,,,,,,,,,,,,,,,,,,,,,,,MICROSOFT_AUTHENTICATION_PACKAGE_V1_0,,,,,,,,,,,,,,,,,,,,,,,,,,,,,,,,,,0x0,,,,,,,,,,,,,,,,,,,,,,administrator,,,,,,,,,,,,,,RODC01,,
2025-08-17T11:33:35.372986Z,4672,DC01.garfield.htb,Microsoft-Windows-Security-Auditing,Security,4164,0,,,,,,,,,,,,,,,,,,,,,,,,,,,,,,,,,,,,,,,,,,,,,,,,,,,,,,,,,,,,,,,,,,,,,,,,,,,,,,,,,,,,,,,,,,,,,,,,,,,,,,,,,,,,,,,,,"SeSecurityPrivilege
			SeBackupPrivilege
			SeRestorePrivilege
			SeTakeOwnershipPrivilege
			SeDebugPrivilege
			SeSystemEnvironmentPrivilege
			SeLoadDriverPrivilege
			SeImpersonatePrivilege
			SeDelegateSessionUserImpersonatePrivilege
			SeEnableDelegationPrivilege",,,,,,,,,,,,,,,,,,,,,,,,,,,,,,GARFIELD,0x4d1806,,Administrator,S-1-5-21-2502726253-3859040611-225969357-500,,,,,,,,,,,,,,,,,,,,,,,,,,,,,
2025-08-17T11:33:35.373015Z,4624,DC01.garfield.htb,Microsoft-Windows-Security-Auditing,Security,4165,0,,,,,,,,,,,,,,,,,NTLM,,,,,,,,,,,,,,,,,,,,,,,,%%1842,,,,,,,,,,,,,%%1833,10.10.11.221,49796,,,,128,,,NTLM V2,,,,,00000000-0000-0000-0000-000000000000,,NtLmSsp ,3,,,,,,,,,,,,,,,,,,,,,,,,,,,,,,,,,,,,,,,,,,,,0x0,-,,,,,,,,,,-,,,,,,,,,,,,,,,,,-,0x0,,-,S-1-0-0,GARFIELD,,0x0,,0x4d1806,,-,-,,,,,Administrator,S-1-5-21-2502726253-3859040611-225969357-500,,,,,-,,,,,,%%1843,,,RODC01,
2025-08-17T11:33:35.377628Z,4634,DC01.garfield.htb,Microsoft-Windows-Security-Auditing,Security,4166,0,,,,,,,,,,,,,,,,,,,,,,,,,,,,,,,,,,,,,,,,,,,,,,,,,,,,,,,,,,,,,,,,,,,,,,,3,,,,,,,,,,,,,,,,,,,,,,,,,,,,,,,,,,,,,,,,,,,,,,,,,,,,,,,,,,,,,,,,,,,,,,,,,,,,,GARFIELD,,,,0x4d1806,,,,,,,,Administrator,S-1-5-21-2502726253-3859040611-225969357-500,,,,,,,,,,,,,,,
2025-08-17T11:33:35.378081Z,4776,DC01.garfield.htb,Microsoft-Windows-Security-Auditing,Security,4167,0,,,,,,,,,,,,,,,,,,,,,,,,,,,,,,,,,,,,,,,,,,,,,,,,,,,,,,,,,,,,,,,,,,,,,,,,,,,,,,,,,,,,,,,,,,,,,,,,,,,,,,,,MICROSOFT_AUTHENTICATION_PACKAGE_V1_0,,,,,,,,,,,,,,,,,,,,,,,,,,,,,,,,,,0x0,,,,,,,,,,,,,,,,,,,,,,administrator,,,,,,,,,,,,,,RODC01,,
2025-08-17T11:33:35.378223Z,4672,DC01.garfield.htb,Microsoft-Windows-Security-Auditing,Security,4168,0,,,,,,,,,,,,,,,,,,,,,,,,,,,,,,,,,,,,,,,,,,,,,,,,,,,,,,,,,,,,,,,,,,,,,,,,,,,,,,,,,,,,,,,,,,,,,,,,,,,,,,,,,,,,,,,,,"SeSecurityPrivilege
			SeBackupPrivilege
			SeRestorePrivilege
			SeTakeOwnershipPrivilege
			SeDebugPrivilege
			SeSystemEnvironmentPrivilege
			SeLoadDriverPrivilege
			SeImpersonatePrivilege
			SeDelegateSessionUserImpersonatePrivilege
			SeEnableDelegationPrivilege",,,,,,,,,,,,,,,,,,,,,,,,,,,,,,GARFIELD,0x4d181d,,Administrator,S-1-5-21-2502726253-3859040611-225969357-500,,,,,,,,,,,,,,,,,,,,,,,,,,,,,
2025-08-17T11:33:35.378253Z,4624,DC01.garfield.htb,Microsoft-Windows-Security-Auditing,Security,4169,0,,,,,,,,,,,,,,,,,NTLM,,,,,,,,,,,,,,,,,,,,,,,,%%1842,,,,,,,,,,,,,%%1833,10.10.11.221,49783,,,,128,,,NTLM V2,,,,,00000000-0000-0000-0000-000000000000,,NtLmSsp ,3,,,,,,,,,,,,,,,,,,,,,,,,,,,,,,,,,,,,,,,,,,,,0x0,-,,,,,,,,,,-,,,,,,,,,,,,,,,,,-,0x0,,-,S-1-0-0,GARFIELD,,0x0,,0x4d181d,,-,-,,,,,Administrator,S-1-5-21-2502726253-3859040611-225969357-500,,,,,-,,,,,,%%1843,,,RODC01,
2025-08-17T11:33:39.530289Z,4776,DC01.garfield.htb,Microsoft-Windows-Security-Auditing,Security,4170,0,,,,,,,,,,,,,,,,,,,,,,,,,,,,,,,,,,,,,,,,,,,,,,,,,,,,,,,,,,,,,,,,,,,,,,,,,,,,,,,,,,,,,,,,,,,,,,,,,,,,,,,,MICROSOFT_AUTHENTICATION_PACKAGE_V1_0,,,,,,,,,,,,,,,,,,,,,,,,,,,,,,,,,,0x0,,,,,,,,,,,,,,,,,,,,,,administrator,,,,,,,,,,,,,,RODC01,,
2025-08-17T11:33:39.530542Z,4672,DC01.garfield.htb,Microsoft-Windows-Security-Auditing,Security,4171,0,,,,,,,,,,,,,,,,,,,,,,,,,,,,,,,,,,,,,,,,,,,,,,,,,,,,,,,,,,,,,,,,,,,,,,,,,,,,,,,,,,,,,,,,,,,,,,,,,,,,,,,,,,,,,,,,,"SeSecurityPrivilege
			SeBackupPrivilege
			SeRestorePrivilege
			SeTakeOwnershipPrivilege
			SeDebugPrivilege
			SeSystemEnvironmentPrivilege
			SeLoadDriverPrivilege
			SeImpersonatePrivilege
			SeDelegateSessionUserImpersonatePrivilege
			SeEnableDelegationPrivilege",,,,,,,,,,,,,,,,,,,,,,,,,,,,,,GARFIELD,0x4d205f,,Administrator,S-1-5-21-2502726253-3859040611-225969357-500,,,,,,,,,,,,,,,,,,,,,,,,,,,,,
2025-08-17T11:33:39.530581Z,4624,DC01.garfield.htb,Microsoft-Windows-Security-Auditing,Security,4172,0,,,,,,,,,,,,,,,,,NTLM,,,,,,,,,,,,,,,,,,,,,,,,%%1842,,,,,,,,,,,,,%%1833,10.10.11.221,49798,,,,128,,,NTLM V2,,,,,00000000-0000-0000-0000-000000000000,,NtLmSsp ,3,,,,,,,,,,,,,,,,,,,,,,,,,,,,,,,,,,,,,,,,,,,,0x0,-,,,,,,,,,,-,,,,,,,,,,,,,,,,,-,0x0,,-,S-1-0-0,GARFIELD,,0x0,,0x4d205f,,-,-,,,,,Administrator,S-1-5-21-2502726253-3859040611-225969357-500,,,,,-,,,,,,%%1843,,,RODC01,
2025-08-17T11:33:39.535448Z,4662,DC01.garfield.htb,Microsoft-Windows-Security-Auditing,Security,4173,0,,"%%7680
				",0x1,,,"CN=RODC01,OU=Domain Controllers,DC=garfield,DC=htb",%{92de2230-7bf6-43b2-baaa-d43bf84f34ea},,,,,,,,,,,,,,,,,,,,,,,,,,,,,,,,,,,,,,,,0x0,,,,,,,,,,,,,,,,,,,,,,,,,,,,,,,,,,,,,,,,,,,,,%{c2ebec1a-8b49-46b0-a11b-c59558e1122a},,DS,%{bf967aa5-0de6-11d0-a285-00aa003049e2},,,,,,,Object Access,,,,,,,,,,,,,,,,"%%7680
	{bf967a86-0de6-11d0-a285-00aa003049e2}
",,,,,,,,,,,,,,,,,,,,,,,,,GARFIELD,0x4d205f,,Administrator,S-1-5-21-2502726253-3859040611-225969357-500,,,,,,,,,,,,,,,,,,,,,,,,,,,,,
2025-08-17T11:33:39.540986Z,4741,DC01.garfield.htb,Microsoft-Windows-Security-Auditing,Security,4174,0,,,,,%%1794,,,,,-,,,,,,,,,,,,,,,,,,,,,,,,RODC01$,RODC01.garfield.htb,,,,,,,,,,,,,-,-,,,,,,,,,,,,,,,,,,,,%%1793,,,,,,,,,,,,,,,,,0x140080,,,,,,,,,,,,,0x0,,,,,,,,,%%1794,,,,521,-,,,,-,,,,,,,,,,,RODC01$,,,-,,-,,-,,,,,,,,GARFIELD,0x4d205f,,Administrator,S-1-5-21-2502726253-3859040611-225969357-500,GARFIELD,,,,,,,,,,,S-1-5-21-2502726253-3859040611-225969357-1602,RODC01$,,,,,,,,"
		%%2087
		%%2098
		%%2100",-,-,-,,,,,
2025-08-17T11:33:39.541009Z,4722,DC01.garfield.htb,Microsoft-Windows-Security-Auditing,Security,4175,0,,,,,,,,,,,,,,,,,,,,,,,,,,,,,,,,,,,,,,,,,,,,,,,,,,,,,,,,,,,,,,,,,,,,,,,,,,,,,,,,,,,,,,,,,,,,,,,,,,,,,,,,,,,,,,,,,,,,,,,,,,,,,,,,,,,,,,,,,,,,,,,GARFIELD,0x4d205f,,Administrator,S-1-5-21-2502726253-3859040611-225969357-500,GARFIELD,,,,,,,,,,,S-1-5-21-2502726253-3859040611-225969357-1602,RODC01$,,,,,,,,,,,,,,,,
2025-08-17T11:33:39.546865Z,4742,DC01.garfield.htb,Microsoft-Windows-Security-Auditing,Security,4176,0,,,,,-,,,,,-,,,,,,,,,,,,,,,,,-,,,,,,,-,-,,,,,,,,,,,,,-,-,,,,,,,,,,,,,,,,,,,,-,,,,,,,,,,,,,,,,,-,,,,,,,,,,,,,-,,,,,,,,,-,,,,-,-,,,,-,,,,,,,,,,,-,,,-,,-,,-,,,,,,,,GARFIELD,0x4d205f,,Administrator,S-1-5-21-2502726253-3859040611-225969357-500,GARFIELD,,,,,,,,,,,S-1-5-21-2502726253-3859040611-225969357-1602,RODC01$,,,,,,,,-,-,-,-,,,,,
2025-08-17T11:33:39.548407Z,4662,DC01.garfield.htb,Microsoft-Windows-Security-Auditing,Security,4177,0,,"%%7688
				",0x100,,,-,,,,,,,,,,,,,,,,,,,,,,,,,,,,,,,,,,,,,,,,,0x0,,,,,,,,,,,,,,,,,,,,,,,,,,,,,,,,,,,,,,,,,,,,,%{bcc7093d-cd1a-42dc-a248-8401d5782b41},,DS,%{19195a5b-6da0-11d0-afd3-00c04fd930c9},,,,,,,Object Access,,,,,,,,,,,,,,,,"%%7688
		{9923a32a-3607-11d2-b9be-0000f87a36b2}
	{19195a5b-6da0-11d0-afd3-00c04fd930c9}
",,,,,,,,,,,,,,,,,,,,,,,,,GARFIELD,0x4d205f,,Administrator,S-1-5-21-2502726253-3859040611-225969357-500,,,,,,,,,,,,,,,,,,,,,,,,,,,,,
2025-08-17T11:33:39.586610Z,4720,DC01.garfield.htb,Microsoft-Windows-Security-Auditing,Security,4178,0,,,,,%%1794,,,,,-,,,,,,,,,,,,,,,,,,,,,,,,-,,,,,,,,,,,,,,-,-,,,,,,,,,,,,,,,,,,,,%%1793,,,,,,,,,,,,,,,,,0x11,,,,,,,,,,,,,0x0,,,,,,,,,8/17/2025 4:33:39 AM,,,,513,-,,,,-,,,,,,,,,,,krbtgt_8245,,,-,,,,-,,,,,,,,GARFIELD,0x4d205f,,Administrator,S-1-5-21-2502726253-3859040611-225969357-500,GARFIELD,,,,,,,,,,,S-1-5-21-2502726253-3859040611-225969357-1603,krbtgt_8245,,,,,,,,"
		%%2080
		%%2084",-,-,-,,,,,
2025-08-17T11:33:39.590319Z,4738,DC01.garfield.htb,Microsoft-Windows-Security-Auditing,Security,4179,0,,,,,-,,,,,-,,,,,,,,,,,,,,,,,,,,,,,,-,,,,,,-,,,,,,,,-,-,,,,,,,,,,,,,,,,,,,,-,,,,,,,,,,,,,,,,,-,,,,,,,,,,,,,-,,,,,,,,,-,,,,-,-,,,,-,,,,,,,,,,,-,,,-,,,,-,,,,,,,,GARFIELD,0x4d205f,,Administrator,S-1-5-21-2502726253-3859040611-225969357-500,GARFIELD,,,,,,,,,,,S-1-5-21-2502726253-3859040611-225969357-1603,krbtgt_8245,,,,,,,,-,-,-,-,,,,,
2025-08-17T11:33:39.603263Z,4662,DC01.garfield.htb,Microsoft-Windows-Security-Auditing,Security,4180,0,,"%%7685
				",0x20,,,-,,,,,,,,,,,,,,,,,,,,,,,,,,,,,,,,,,,,,,,,,0x0,,,,,,,,,,,,,,,,,,,,,,,,,,,,,,,,,,,,,,,,,,,,,%{92de2230-7bf6-43b2-baaa-d43bf84f34ea},,DS,%{bf967a86-0de6-11d0-a285-00aa003049e2},,,,,,,Object Access,,,,,,,,,,,,,,,,"%%7685
		{771727b1-31b8-4cdf-ae62-4fe39fadf89e}
			{778ff5c9-6f4e-4b74-856a-d68383313910}
	{bf967a86-0de6-11d0-a285-00aa003049e2}
",,,,,,,,,,,,,,,,,,,,,,,,,GARFIELD,0x4d205f,,Administrator,S-1-5-21-2502726253-3859040611-225969357-500,,,,,,,,,,,,,,,,,,,,,,,,,,,,,
2025-08-17T11:33:39.605657Z,4662,DC01.garfield.htb,Microsoft-Windows-Security-Auditing,Security,4181,0,,"%%7680
				",0x1,,,"CN=RODC01,CN=Servers,CN=Default-First-Site-Name,CN=Sites,CN=Configuration,DC=garfield,DC=htb",%{90860486-a272-400c-acdc-bfa36af19802},,,,,,,,,,,,,,,,,,,,,,,,,,,,,,,,,,,,,,,,0x0,,,,,,,,,,,,,,,,,,,,,,,,,,,,,,,,,,,,,,,,,,,,,%{c8d4410c-ee58-473f-b044-46c437c8d1d4},,DS,%{f780acc0-56f0-11d1-a9c6-0000f80367c1},,,,,,,Object Access,,,,,,,,,,,,,,,,"%%7680
	{bf967a92-0de6-11d0-a285-00aa003049e2}
",,,,,,,,,,,,,,,,,,,,,,,,,GARFIELD,0x4d205f,,Administrator,S-1-5-21-2502726253-3859040611-225969357-500,,,,,,,,,,,,,,,,,,,,,,,,,,,,,
2025-08-17T11:33:39.609719Z,4662,DC01.garfield.htb,Microsoft-Windows-Security-Auditing,Security,4182,0,,"%%7680
				",0x1,,,"CN=NTDS Settings,CN=RODC01,CN=Servers,CN=Default-First-Site-Name,CN=Sites,CN=Configuration,DC=garfield,DC=htb",%{0cffd740-bba9-471b-aec4-1c9d0ddd7101},,,,,,,,,,,,,,,,,,,,,,,,,,,,,,,,,,,,,,,,0x0,,,,,,,,,,,,,,,,,,,,,,,,,,,,,,,,,,,,,,,,,,,,,%{90860486-a272-400c-acdc-bfa36af19802},,DS,%{bf967a92-0de6-11d0-a285-00aa003049e2},,,,,,,Object Access,,,,,,,,,,,,,,,,"%%7680
	{f0f8ffab-1191-11d0-a060-00aa006c33ed}
",,,,,,,,,,,,,,,,,,,,,,,,,GARFIELD,0x4d205f,,Administrator,S-1-5-21-2502726253-3859040611-225969357-500,,,,,,,,,,,,,,,,,,,,,,,,,,,,,
2025-08-17T11:33:39.609725Z,4662,DC01.garfield.htb,Microsoft-Windows-Security-Auditing,Security,4183,0,,"%%7688
				",0x100,,,-,,,,,,,,,,,,,,,,,,,,,,,,,,,,,,,,,,,,,,,,,0x0,,,,,,,,,,,,,,,,,,,,,,,,,,,,,,,,,,,,,,,,,,,,,%{bcc7093d-cd1a-42dc-a248-8401d5782b41},,DS,%{19195a5b-6da0-11d0-afd3-00c04fd930c9},,,,,,,Object Access,,,,,,,,,,,,,,,,"%%7688
		{9923a32a-3607-11d2-b9be-0000f87a36b2}
	{19195a5b-6da0-11d0-afd3-00c04fd930c9}
",,,,,,,,,,,,,,,,,,,,,,,,,GARFIELD,0x4d205f,,Administrator,S-1-5-21-2502726253-3859040611-225969357-500,,,,,,,,,,,,,,,,,,,,,,,,,,,,,
2025-08-17T11:33:39.612316Z,4662,DC01.garfield.htb,Microsoft-Windows-Security-Auditing,Security,4184,0,,"%%7680
				",0x1,,,"CN=RODC Connection (SYSVOL),CN=NTDS Settings,CN=RODC01,CN=Servers,CN=Default-First-Site-Name,CN=Sites,CN=Configuration,DC=garfield,DC=htb",%{8e9f0d56-c8ab-4a31-8860-4ffaa1018f5d},,,,,,,,,,,,,,,,,,,,,,,,,,,,,,,,,,,,,,,,0x0,,,,,,,,,,,,,,,,,,,,,,,,,,,,,,,,,,,,,,,,,,,,,%{0cffd740-bba9-471b-aec4-1c9d0ddd7101},,DS,%{f0f8ffab-1191-11d0-a060-00aa006c33ed},,,,,,,Object Access,,,,,,,,,,,,,,,,"%%7680
	{19195a60-6da0-11d0-afd3-00c04fd930c9}
",,,,,,,,,,,,,,,,,,,,,,,,,GARFIELD,0x4d205f,,Administrator,S-1-5-21-2502726253-3859040611-225969357-500,,,,,,,,,,,,,,,,,,,,,,,,,,,,,
2025-08-17T11:33:39.619985Z,4662,DC01.garfield.htb,Microsoft-Windows-Security-Auditing,Security,4185,0,,"%%7685
				",0x20,,,-,,,,,,,,,,,,,,,,,,,,,,,,,,,,,,,,,,,,,,,,,0x0,,,,,,,,,,,,,,,,,,,,,,,,,,,,,,,,,,,,,,,,,,,,,%{52c5ee95-c576-412a-9718-9e705fd5786e},,DS,%{bf967a8d-0de6-11d0-a285-00aa003049e2},,,,,,,Object Access,,,,,,,,,,,,,,,,"%%7685
		{771727b1-31b8-4cdf-ae62-4fe39fadf89e}
			{3df793df-9858-4417-a701-735a1ecebf74}
	{bf967a8d-0de6-11d0-a285-00aa003049e2}
",,,,,,,,,,,,,,,,,,,,,,,,,GARFIELD,0x4d205f,,Administrator,S-1-5-21-2502726253-3859040611-225969357-500,,,,,,,,,,,,,,,,,,,,,,,,,,,,,
2025-08-17T11:33:39.622512Z,4662,DC01.garfield.htb,Microsoft-Windows-Security-Auditing,Security,4186,0,,"%%7685
				",0x20,,,-,,,,,,,,,,,,,,,,,,,,,,,,,,,,,,,,,,,,,,,,,0x0,,,,,,,,,,,,,,,,,,,,,,,,,,,,,,,,,,,,,,,,,,,,,%{b97d6886-907d-4b8c-8556-939bf9e1d4ef},,DS,%{bf967a8d-0de6-11d0-a285-00aa003049e2},,,,,,,Object Access,,,,,,,,,,,,,,,,"%%7685
		{771727b1-31b8-4cdf-ae62-4fe39fadf89e}
			{3df793df-9858-4417-a701-735a1ecebf74}
	{bf967a8d-0de6-11d0-a285-00aa003049e2}
",,,,,,,,,,,,,,,,,,,,,,,,,GARFIELD,0x4d205f,,Administrator,S-1-5-21-2502726253-3859040611-225969357-500,,,,,,,,,,,,,,,,,,,,,,,,,,,,,
2025-08-17T11:33:39.624437Z,4662,DC01.garfield.htb,Microsoft-Windows-Security-Auditing,Security,4187,0,,"%%7685
				",0x20,,,-,,,,,,,,,,,,,,,,,,,,,,,,,,,,,,,,,,,,,,,,,0x0,,,,,,,,,,,,,,,,,,,,,,,,,,,,,,,,,,,,,,,,,,,,,%{92de2230-7bf6-43b2-baaa-d43bf84f34ea},,DS,%{bf967a86-0de6-11d0-a285-00aa003049e2},,,,,,,Object Access,,,,,,,,,,,,,,,,"%%7685
		{e48d0154-bcf8-11d1-8702-00c04fb96050}
			{f3a64788-5306-11d1-a9c5-0000f80367c1}
	{bf967a86-0de6-11d0-a285-00aa003049e2}
",,,,,,,,,,,,,,,,,,,,,,,,,GARFIELD,0x4d205f,,Administrator,S-1-5-21-2502726253-3859040611-225969357-500,,,,,,,,,,,,,,,,,,,,,,,,,,,,,
2025-08-17T11:33:39.624880Z,4742,DC01.garfield.htb,Microsoft-Windows-Security-Auditing,Security,4188,0,,,,,-,,,,,-,,,,,,,,,,,,,,,,,-,,,,,,,-,-,,,,,,,,,,,,,-,-,,,,,,,,,,,,,,,,,,,,-,,,,,,,,,,,,,,,,,-,,,,,,,,,,,,,-,,,,,,,,,-,,,,-,-,,,,-,,,,,,,,,,,-,,,-,,"
		HOST/RODC01
		HOST/RODC01.garfield.htb",,-,,,,,,,,GARFIELD,0x4d205f,,Administrator,S-1-5-21-2502726253-3859040611-225969357-500,GARFIELD,,,,,,,,,,,S-1-5-21-2502726253-3859040611-225969357-1602,RODC01$,,,,,,,,-,-,-,-,,,,,
2025-08-17T11:33:39.626367Z,4634,DC01.garfield.htb,Microsoft-Windows-Security-Auditing,Security,4189,0,,,,,,,,,,,,,,,,,,,,,,,,,,,,,,,,,,,,,,,,,,,,,,,,,,,,,,,,,,,,,,,,,,,,,,,3,,,,,,,,,,,,,,,,,,,,,,,,,,,,,,,,,,,,,,,,,,,,,,,,,,,,,,,,,,,,,,,,,,,,,,,,,,,,,GARFIELD,,,,0x4d205f,,,,,,,,Administrator,S-1-5-21-2502726253-3859040611-225969357-500,,,,,,,,,,,,,,,
2025-08-17T11:33:39.662339Z,4776,DC01.garfield.htb,Microsoft-Windows-Security-Auditing,Security,4190,0,,,,,,,,,,,,,,,,,,,,,,,,,,,,,,,,,,,,,,,,,,,,,,,,,,,,,,,,,,,,,,,,,,,,,,,,,,,,,,,,,,,,,,,,,,,,,,,,,,,,,,,,MICROSOFT_AUTHENTICATION_PACKAGE_V1_0,,,,,,,,,,,,,,,,,,,,,,,,,,,,,,,,,,0x0,,,,,,,,,,,,,,,,,,,,,,administrator,,,,,,,,,,,,,,RODC01,,
2025-08-17T11:33:39.662533Z,4672,DC01.garfield.htb,Microsoft-Windows-Security-Auditing,Security,4191,0,,,,,,,,,,,,,,,,,,,,,,,,,,,,,,,,,,,,,,,,,,,,,,,,,,,,,,,,,,,,,,,,,,,,,,,,,,,,,,,,,,,,,,,,,,,,,,,,,,,,,,,,,,,,,,,,,"SeSecurityPrivilege
			SeBackupPrivilege
			SeRestorePrivilege
			SeTakeOwnershipPrivilege
			SeDebugPrivilege
			SeSystemEnvironmentPrivilege
			SeLoadDriverPrivilege
			SeImpersonatePrivilege
			SeDelegateSessionUserImpersonatePrivilege
			SeEnableDelegationPrivilege",,,,,,,,,,,,,,,,,,,,,,,,,,,,,,GARFIELD,0x4d20a3,,Administrator,S-1-5-21-2502726253-3859040611-225969357-500,,,,,,,,,,,,,,,,,,,,,,,,,,,,,
2025-08-17T11:33:39.662599Z,4624,DC01.garfield.htb,Microsoft-Windows-Security-Auditing,Security,4192,0,,,,,,,,,,,,,,,,,NTLM,,,,,,,,,,,,,,,,,,,,,,,,%%1842,,,,,,,,,,,,,%%1833,10.10.11.221,49799,,,,128,,,NTLM V2,,,,,00000000-0000-0000-0000-000000000000,,NtLmSsp ,3,,,,,,,,,,,,,,,,,,,,,,,,,,,,,,,,,,,,,,,,,,,,0x0,-,,,,,,,,,,-,,,,,,,,,,,,,,,,,-,0x0,,-,S-1-0-0,GARFIELD,,0x0,,0x4d20a3,,-,-,,,,,Administrator,S-1-5-21-2502726253-3859040611-225969357-500,,,,,-,,,,,,%%1843,,,RODC01,
2025-08-17T11:33:39.673593Z,4776,DC01.garfield.htb,Microsoft-Windows-Security-Auditing,Security,4193,0,,,,,,,,,,,,,,,,,,,,,,,,,,,,,,,,,,,,,,,,,,,,,,,,,,,,,,,,,,,,,,,,,,,,,,,,,,,,,,,,,,,,,,,,,,,,,,,,,,,,,,,,MICROSOFT_AUTHENTICATION_PACKAGE_V1_0,,,,,,,,,,,,,,,,,,,,,,,,,,,,,,,,,,0x0,,,,,,,,,,,,,,,,,,,,,,administrator,,,,,,,,,,,,,,RODC01,,
2025-08-17T11:33:39.673771Z,4672,DC01.garfield.htb,Microsoft-Windows-Security-Auditing,Security,4194,0,,,,,,,,,,,,,,,,,,,,,,,,,,,,,,,,,,,,,,,,,,,,,,,,,,,,,,,,,,,,,,,,,,,,,,,,,,,,,,,,,,,,,,,,,,,,,,,,,,,,,,,,,,,,,,,,,"SeSecurityPrivilege
			SeBackupPrivilege
			SeRestorePrivilege
			SeTakeOwnershipPrivilege
			SeDebugPrivilege
			SeSystemEnvironmentPrivilege
			SeLoadDriverPrivilege
			SeImpersonatePrivilege
			SeDelegateSessionUserImpersonatePrivilege
			SeEnableDelegationPrivilege",,,,,,,,,,,,,,,,,,,,,,,,,,,,,,GARFIELD,0x4d20bc,,Administrator,S-1-5-21-2502726253-3859040611-225969357-500,,,,,,,,,,,,,,,,,,,,,,,,,,,,,
2025-08-17T11:33:39.673808Z,4624,DC01.garfield.htb,Microsoft-Windows-Security-Auditing,Security,4195,0,,,,,,,,,,,,,,,,,NTLM,,,,,,,,,,,,,,,,,,,,,,,,%%1842,,,,,,,,,,,,,%%1833,10.10.11.221,49801,,,,128,,,NTLM V2,,,,,00000000-0000-0000-0000-000000000000,,NtLmSsp ,3,,,,,,,,,,,,,,,,,,,,,,,,,,,,,,,,,,,,,,,,,,,,0x0,-,,,,,,,,,,-,,,,,,,,,,,,,,,,,-,0x0,,-,S-1-0-0,GARFIELD,,0x0,,0x4d20bc,,-,-,,,,,Administrator,S-1-5-21-2502726253-3859040611-225969357-500,,,,,-,,,,,,%%1843,,,RODC01,
2025-08-17T11:33:39.680136Z,4662,DC01.garfield.htb,Microsoft-Windows-Security-Auditing,Security,4196,0,,"%%7685
				",0x20,,,-,,,,,,,,,,,,,,,,,,,,,,,,,,,,,,,,,,,,,,,,,0x0,,,,,,,,,,,,,,,,,,,,,,,,,,,,,,,,,,,,,,,,,,,,,%{92de2230-7bf6-43b2-baaa-d43bf84f34ea},,DS,%{bf967a86-0de6-11d0-a285-00aa003049e2},,,,,,,Object Access,,,,,,,,,,,,,,,,"%%7685
		{e48d0154-bcf8-11d1-8702-00c04fb96050}
			{f3a64788-5306-11d1-a9c5-0000f80367c1}
	{bf967a86-0de6-11d0-a285-00aa003049e2}
",,,,,,,,,,,,,,,,,,,,,,,,,GARFIELD,0x4d20a3,,Administrator,S-1-5-21-2502726253-3859040611-225969357-500,,,,,,,,,,,,,,,,,,,,,,,,,,,,,
2025-08-17T11:33:39.697233Z,4742,DC01.garfield.htb,Microsoft-Windows-Security-Auditing,Security,4197,0,,,,,-,,,,,-,,,,,,,,,,,,,,,,,-,,,,,,,-,-,,,,,,,,,,,,,-,-,,,,,,,,,,,,,,,,,,,,-,,,,,,,,,,,,,,,,,-,,,,,,,,,,,,,-,,,,,,,,,8/17/2025 4:33:39 AM,,,,-,-,,,,-,,,,,,,,,,,-,,,-,,"
		HOST/RODC01
		HOST/RODC01.garfield.htb
		RestrictedKrbHost/RODC01.garfield.htb
		RestrictedKrbHost/RODC01",,-,,,,,,,,GARFIELD,0x4d20a3,,Administrator,S-1-5-21-2502726253-3859040611-225969357-500,GARFIELD,,,,,,,,,,,S-1-5-21-2502726253-3859040611-225969357-1602,RODC01$,,,,,,,,-,-,-,-,,,,,
2025-08-17T11:33:39.697478Z,4724,DC01.garfield.htb,Microsoft-Windows-Security-Auditing,Security,4198,0,,,,,,,,,,,,,,,,,,,,,,,,,,,,,,,,,,,,,,,,,,,,,,,,,,,,,,,,,,,,,,,,,,,,,,,,,,,,,,,,,,,,,,,,,,,,,,,,,,,,,,,,,,,,,,,,,,,,,,,,,,,,,,,,,,,,,,,,,,,,,,,GARFIELD,0x4d20a3,,Administrator,S-1-5-21-2502726253-3859040611-225969357-500,GARFIELD,,,,,,,,,,,S-1-5-21-2502726253-3859040611-225969357-1602,RODC01$,,,,,,,,,,,,,,,,
2025-08-17T11:33:39.697814Z,4662,DC01.garfield.htb,Microsoft-Windows-Security-Auditing,Security,4199,0,,"%%7685
				",0x20,,,-,,,,,,,,,,,,,,,,,,,,,,,,,,,,,,,,,,,,,,,,,0x0,,,,,,,,,,,,,,,,,,,,,,,,,,,,,,,,,,,,,,,,,,,,,%{92de2230-7bf6-43b2-baaa-d43bf84f34ea},,DS,%{bf967a86-0de6-11d0-a285-00aa003049e2},,,,,,,Object Access,,,,,,,,,,,,,,,,"%%7685
		{4c164200-20c0-11d0-a768-00aa006e0529}
			{bf967a68-0de6-11d0-a285-00aa003049e2}
	{bf967a86-0de6-11d0-a285-00aa003049e2}
",,,,,,,,,,,,,,,,,,,,,,,,,GARFIELD,0x4d20a3,,Administrator,S-1-5-21-2502726253-3859040611-225969357-500,,,,,,,,,,,,,,,,,,,,,,,,,,,,,
2025-08-17T11:33:39.698066Z,4742,DC01.garfield.htb,Microsoft-Windows-Security-Auditing,Security,4200,0,,,,,-,,,,,-,,,,,,,,,,,,,,,,,-,,,,,,,-,-,,,,,,,,,,,,,-,-,,,,,,,,,,,,,,,,,,,,-,,,,,,,,,,,,,,,,,0x140081,,,,,,,,,,,,,0x140080,,,,,,,,,-,,,,-,-,,,,-,,,,,,,,,,,-,,,-,,-,,-,,,,,,,,GARFIELD,0x4d20a3,,Administrator,S-1-5-21-2502726253-3859040611-225969357-500,GARFIELD,,,,,,,,,,,S-1-5-21-2502726253-3859040611-225969357-1602,RODC01$,,,,,,,,"
		%%2080",-,-,-,,,,,
2025-08-17T11:33:39.698077Z,4725,DC01.garfield.htb,Microsoft-Windows-Security-Auditing,Security,4201,0,,,,,,,,,,,,,,,,,,,,,,,,,,,,,,,,,,,,,,,,,,,,,,,,,,,,,,,,,,,,,,,,,,,,,,,,,,,,,,,,,,,,,,,,,,,,,,,,,,,,,,,,,,,,,,,,,,,,,,,,,,,,,,,,,,,,,,,,,,,,,,,GARFIELD,0x4d20a3,,Administrator,S-1-5-21-2502726253-3859040611-225969357-500,GARFIELD,,,,,,,,,,,S-1-5-21-2502726253-3859040611-225969357-1602,RODC01$,,,,,,,,,,,,,,,,
2025-08-17T11:33:39.698374Z,4662,DC01.garfield.htb,Microsoft-Windows-Security-Auditing,Security,4202,0,,"%%7685
				",0x20,,,-,,,,,,,,,,,,,,,,,,,,,,,,,,,,,,,,,,,,,,,,,0x0,,,,,,,,,,,,,,,,,,,,,,,,,,,,,,,,,,,,,,,,,,,,,%{92de2230-7bf6-43b2-baaa-d43bf84f34ea},,DS,%{bf967a86-0de6-11d0-a285-00aa003049e2},,,,,,,Object Access,,,,,,,,,,,,,,,,"%%7685
		{4c164200-20c0-11d0-a768-00aa006e0529}
			{bf967a68-0de6-11d0-a285-00aa003049e2}
	{bf967a86-0de6-11d0-a285-00aa003049e2}
",,,,,,,,,,,,,,,,,,,,,,,,,GARFIELD,0x4d20a3,,Administrator,S-1-5-21-2502726253-3859040611-225969357-500,,,,,,,,,,,,,,,,,,,,,,,,,,,,,
2025-08-17T11:33:39.698546Z,4742,DC01.garfield.htb,Microsoft-Windows-Security-Auditing,Security,4203,0,,,,,-,,,,,-,,,,,,,,,,,,,,,,,-,,,,,,,-,-,,,,,,,,,,,,,-,-,,,,,,,,,,,,,,,,,,,,-,,,,,,,,,,,,,,,,,0x140080,,,,,,,,,,,,,0x140081,,,,,,,,,-,,,,-,-,,,,-,,,,,,,,,,,-,,,-,,-,,-,,,,,,,,GARFIELD,0x4d20a3,,Administrator,S-1-5-21-2502726253-3859040611-225969357-500,GARFIELD,,,,,,,,,,,S-1-5-21-2502726253-3859040611-225969357-1602,RODC01$,,,,,,,,"
		%%2048",-,-,-,,,,,
2025-08-17T11:33:39.698577Z,4722,DC01.garfield.htb,Microsoft-Windows-Security-Auditing,Security,4204,0,,,,,,,,,,,,,,,,,,,,,,,,,,,,,,,,,,,,,,,,,,,,,,,,,,,,,,,,,,,,,,,,,,,,,,,,,,,,,,,,,,,,,,,,,,,,,,,,,,,,,,,,,,,,,,,,,,,,,,,,,,,,,,,,,,,,,,,,,,,,,,,GARFIELD,0x4d20a3,,Administrator,S-1-5-21-2502726253-3859040611-225969357-500,GARFIELD,,,,,,,,,,,S-1-5-21-2502726253-3859040611-225969357-1602,RODC01$,,,,,,,,,,,,,,,,
2025-08-17T11:33:39.703020Z,4634,DC01.garfield.htb,Microsoft-Windows-Security-Auditing,Security,4205,0,,,,,,,,,,,,,,,,,,,,,,,,,,,,,,,,,,,,,,,,,,,,,,,,,,,,,,,,,,,,,,,,,,,,,,,3,,,,,,,,,,,,,,,,,,,,,,,,,,,,,,,,,,,,,,,,,,,,,,,,,,,,,,,,,,,,,,,,,,,,,,,,,,,,,GARFIELD,,,,0x4d20a3,,,,,,,,Administrator,S-1-5-21-2502726253-3859040611-225969357-500,,,,,,,,,,,,,,,
2025-08-17T11:33:39.962276Z,4768,DC01.garfield.htb,Microsoft-Windows-Security-Auditing,Security,4206,0,,,,,,,,,,,,,,,,,,,,,,,,,,,,,,,,,,,,,,,,,,,,,,,,,,,,,,,::ffff:10.10.11.221,49809,,,,,,,,,,,,,,,,,,,,,,,,,,,,,,,,,,,,,,,,,,,,,,,,,,,,,,2,,,,,,,,,,,,,,,,,,,,,,krbtgt,,S-1-5-21-2502726253-3859040611-225969357-502,,,,0x0,,,,,,,,,,garfield.htb,,,,,,,,,,,S-1-5-21-2502726253-3859040611-225969357-1602,RODC01$,,,0x12,0x40810010,,,,,,,,,,,,
2025-08-17T11:33:39.963148Z,4768,DC01.garfield.htb,Microsoft-Windows-Security-Auditing,Security,4207,0,,,,,,,,,,,,,,,,,,,,,,,,,,,,,,,,,,,,,,,,,,,,,,,,,,,,,,,::ffff:10.10.11.221,49810,,,,,,,,,,,,,,,,,,,,,,,,,,,,,,,,,,,,,,,,,,,,,,,,,,,,,,2,,,,,,,,,,,,,,,,,,,,,,krbtgt,,S-1-5-21-2502726253-3859040611-225969357-502,,,,0x0,,,,,,,,,,garfield.htb,,,,,,,,,,,S-1-5-21-2502726253-3859040611-225969357-1602,RODC01$,,,0x12,0x40810010,,,,,,,,,,,,
2025-08-17T11:33:39.967221Z,4769,DC01.garfield.htb,Microsoft-Windows-Security-Auditing,Security,4208,0,,,,,,,,,,,,,,,,,,,,,,,,,,,,,,,,,,,,,,,,,,,,,,,,,,,,,,,::ffff:10.10.11.221,49811,,,,,,,,,,,,5D2BF235-E2CB-06B6-0CD4-CA8485CDBC38,,,,,,,,,,,,,,,,,,,,,,,,,,,,,,,,,,,,,,,,,,,,,,,,,,,,,,,,,,,,,,,,DC01$,,S-1-5-21-2502726253-3859040611-225969357-1000,,,,0x0,,,,,,,,,,GARFIELD.HTB,,,,,,,,,,,,RODC01$@GARFIELD.HTB,,,0x12,0x40810000,,-,,,,,,,,,,
2025-08-17T11:33:39.967908Z,4769,DC01.garfield.htb,Microsoft-Windows-Security-Auditing,Security,4209,0,,,,,,,,,,,,,,,,,,,,,,,,,,,,,,,,,,,,,,,,,,,,,,,,,,,,,,,::ffff:10.10.11.221,49812,,,,,,,,,,,,5D2BF235-E2CB-06B6-0CD4-CA8485CDBC38,,,,,,,,,,,,,,,,,,,,,,,,,,,,,,,,,,,,,,,,,,,,,,,,,,,,,,,,,,,,,,,,DC01$,,S-1-5-21-2502726253-3859040611-225969357-1000,,,,0x0,,,,,,,,,,GARFIELD.HTB,,,,,,,,,,,,RODC01$@GARFIELD.HTB,,,0x12,0x40800000,,-,,,,,,,,,,
2025-08-17T11:33:39.968547Z,4769,DC01.garfield.htb,Microsoft-Windows-Security-Auditing,Security,4210,0,,,,,,,,,,,,,,,,,,,,,,,,,,,,,,,,,,,,,,,,,,,,,,,,,,,,,,,::ffff:10.10.11.221,49813,,,,,,,,,,,,5D2BF235-E2CB-06B6-0CD4-CA8485CDBC38,,,,,,,,,,,,,,,,,,,,,,,,,,,,,,,,,,,,,,,,,,,,,,,,,,,,,,,,,,,,,,,,krbtgt,,S-1-5-21-2502726253-3859040611-225969357-502,,,,0x0,,,,,,,,,,GARFIELD.HTB,,,,,,,,,,,,RODC01$@GARFIELD.HTB,,,0x12,0x60810010,,-,,,,,,,,,,
2025-08-17T11:33:39.969890Z,4624,DC01.garfield.htb,Microsoft-Windows-Security-Auditing,Security,4211,0,,,,,,,,,,,,,,,,,Kerberos,,,,,,,,,,,,,,,,,,,,,,,,%%1842,,,,,,,,,,,,,%%1840,10.10.11.221,49868,,,,0,,,-,,,,,A5DA777D-19FB-9F8E-4B9C-45911514E87C,,Kerberos,3,,,,,,,,,,,,,,,,,,,,,,,,,,,,,,,,,,,,,,,,,,,,0x0,-,,,,,,,,,,-,,,,,,,,,,,,,,,,,-,0x0,,-,S-1-0-0,GARFIELD.HTB,,0x0,,0x4d21a4,,-,-,,,,,RODC01$,S-1-5-21-2502726253-3859040611-225969357-1602,,,,,-,,,,,,%%1843,,,-,
2025-08-17T11:33:39.970765Z,4624,DC01.garfield.htb,Microsoft-Windows-Security-Auditing,Security,4212,0,,,,,,,,,,,,,,,,,Kerberos,,,,,,,,,,,,,,,,,,,,,,,,%%1842,,,,,,,,,,,,,%%1833,10.10.11.221,49807,,,,0,,,-,,,,,A5DA777D-19FB-9F8E-4B9C-45911514E87C,,Kerberos,3,,,,,,,,,,,,,,,,,,,,,,,,,,,,,,,,,,,,,,,,,,,,0x0,-,,,,,,,,,,-,,,,,,,,,,,,,,,,,-,0x0,,-,S-1-0-0,GARFIELD.HTB,,0x0,,0x4d2195,,-,-,,,,,RODC01$,S-1-5-21-2502726253-3859040611-225969357-1602,,,,,-,,,,,,%%1843,,,-,
2025-08-17T11:33:39.973575Z,4624,DC01.garfield.htb,Microsoft-Windows-Security-Auditing,Security,4213,0,,,,,,,,,,,,,,,,,Kerberos,,,,,,,,,,,,,,,,,,,,,,,,%%1842,,,,,,,,,,,,,%%1833,10.10.11.221,49814,,,,0,,,-,,,,,A5DA777D-19FB-9F8E-4B9C-45911514E87C,,Kerberos,3,,,,,,,,,,,,,,,,,,,,,,,,,,,,,,,,,,,,,,,,,,,,0x0,-,,,,,,,,,,-,,,,,,,,,,,,,,,,,-,0x0,,-,S-1-0-0,GARFIELD.HTB,,0x0,,0x4d21bd,,-,-,,,,,RODC01$,S-1-5-21-2502726253-3859040611-225969357-1602,,,,,-,,,,,,%%1843,,,-,
2025-08-17T11:33:39.974679Z,4624,DC01.garfield.htb,Microsoft-Windows-Security-Auditing,Security,4214,0,,,,,,,,,,,,,,,,,Kerberos,,,,,,,,,,,,,,,,,,,,,,,,%%1842,,,,,,,,,,,,,%%1833,10.10.11.221,49807,,,,0,,,-,,,,,A5DA777D-19FB-9F8E-4B9C-45911514E87C,,Kerberos,3,,,,,,,,,,,,,,,,,,,,,,,,,,,,,,,,,,,,,,,,,,,,0x0,-,,,,,,,,,,-,,,,,,,,,,,,,,,,,-,0x0,,-,S-1-0-0,GARFIELD.HTB,,0x0,,0x4d21d2,,-,-,,,,,RODC01$,S-1-5-21-2502726253-3859040611-225969357-1602,,,,,-,,,,,,%%1843,,,-,
2025-08-17T11:33:40.316540Z,4634,DC01.garfield.htb,Microsoft-Windows-Security-Auditing,Security,4215,0,,,,,,,,,,,,,,,,,,,,,,,,,,,,,,,,,,,,,,,,,,,,,,,,,,,,,,,,,,,,,,,,,,,,,,,3,,,,,,,,,,,,,,,,,,,,,,,,,,,,,,,,,,,,,,,,,,,,,,,,,,,,,,,,,,,,,,,,,,,,,,,,,,,,,GARFIELD,,,,0x4d21bd,,,,,,,,RODC01$,S-1-5-21-2502726253-3859040611-225969357-1602,,,,,,,,,,,,,,,
2025-08-17T11:33:44.840691Z,4769,DC01.garfield.htb,Microsoft-Windows-Security-Auditing,Security,4216,0,,,,,,,,,,,,,,,,,,,,,,,,,,,,,,,,,,,,,,,,,,,,,,,,,,,,,,,::ffff:10.10.11.221,49819,,,,,,,,,,,,3536D3C0-9436-3C86-3E1D-1BA9D4373019,,,,,,,,,,,,,,,,,,,,,,,,,,,,,,,,,,,,,,,,,,,,,,,,,,,,,,,,,,,,,,,,DC01$,,S-1-5-21-2502726253-3859040611-225969357-1000,,,,0x0,,,,,,,,,,GARFIELD.HTB,,,,,,,,,,,,RODC01$@GARFIELD.HTB,,,0x12,0x40810000,,-,,,,,,,,,,
2025-08-17T11:33:44.841443Z,4769,DC01.garfield.htb,Microsoft-Windows-Security-Auditing,Security,4217,0,,,,,,,,,,,,,,,,,,,,,,,,,,,,,,,,,,,,,,,,,,,,,,,,,,,,,,,::ffff:10.10.11.221,49820,,,,,,,,,,,,3536D3C0-9436-3C86-3E1D-1BA9D4373019,,,,,,,,,,,,,,,,,,,,,,,,,,,,,,,,,,,,,,,,,,,,,,,,,,,,,,,,,,,,,,,,krbtgt,,S-1-5-21-2502726253-3859040611-225969357-502,,,,0x0,,,,,,,,,,GARFIELD.HTB,,,,,,,,,,,,RODC01$@GARFIELD.HTB,,,0x12,0x60810010,,-,,,,,,,,,,
2025-08-17T11:33:44.842146Z,4624,DC01.garfield.htb,Microsoft-Windows-Security-Auditing,Security,4218,0,,,,,,,,,,,,,,,,,Kerberos,,,,,,,,,,,,,,,,,,,,,,,,%%1842,,,,,,,,,,,,,%%1840,10.10.11.221,49868,,,,0,,,-,,,,,D07F8362-3A19-8FB2-4D81-2FBF0AD4FA69,,Kerberos,3,,,,,,,,,,,,,,,,,,,,,,,,,,,,,,,,,,,,,,,,,,,,0x0,-,,,,,,,,,,-,,,,,,,,,,,,,,,,,-,0x0,,-,S-1-0-0,GARFIELD.HTB,,0x0,,0x4d2da8,,-,-,,,,,RODC01$,S-1-5-21-2502726253-3859040611-225969357-1602,,,,,-,,,,,,%%1843,,,-,
2025-08-17T11:33:44.846131Z,4624,DC01.garfield.htb,Microsoft-Windows-Security-Auditing,Security,4219,0,,,,,,,,,,,,,,,,,Kerberos,,,,,,,,,,,,,,,,,,,,,,,,%%1842,,,,,,,,,,,,,%%1840,192.168.100.2,49738,,,,0,,,-,,,,,D07F8362-3A19-8FB2-4D81-2FBF0AD4FA69,,Kerberos,3,,,,,,,,,,,,,,,,,,,,,,,,,,,,,,,,,,,,,,,,,,,,0x0,-,,,,,,,,,,-,,,,,,,,,,,,,,,,,-,0x0,,-,S-1-0-0,GARFIELD.HTB,,0x0,,0x4d2dbd,,-,-,,,,,RODC01$,S-1-5-21-2502726253-3859040611-225969357-1602,,,,,-,,,,,,%%1843,,,-,
2025-08-17T11:33:44.846561Z,4624,DC01.garfield.htb,Microsoft-Windows-Security-Auditing,Security,4220,0,,,,,,,,,,,,,,,,,Kerberos,,,,,,,,,,,,,,,,,,,,,,,,%%1842,,,,,,,,,,,,,%%1840,192.168.100.2,49739,,,,0,,,-,,,,,D07F8362-3A19-8FB2-4D81-2FBF0AD4FA69,,Kerberos,3,,,,,,,,,,,,,,,,,,,,,,,,,,,,,,,,,,,,,,,,,,,,0x0,-,,,,,,,,,,-,,,,,,,,,,,,,,,,,-,0x0,,-,S-1-0-0,GARFIELD.HTB,,0x0,,0x4d2dcf,,-,-,,,,,RODC01$,S-1-5-21-2502726253-3859040611-225969357-1602,,,,,-,,,,,,%%1843,,,-,
2025-08-17T11:33:44.846917Z,4624,DC01.garfield.htb,Microsoft-Windows-Security-Auditing,Security,4221,0,,,,,,,,,,,,,,,,,Kerberos,,,,,,,,,,,,,,,,,,,,,,,,%%1842,,,,,,,,,,,,,%%1840,192.168.100.2,49740,,,,0,,,-,,,,,D07F8362-3A19-8FB2-4D81-2FBF0AD4FA69,,Kerberos,3,,,,,,,,,,,,,,,,,,,,,,,,,,,,,,,,,,,,,,,,,,,,0x0,-,,,,,,,,,,-,,,,,,,,,,,,,,,,,-,0x0,,-,S-1-0-0,GARFIELD.HTB,,0x0,,0x4d2de0,,-,-,,,,,RODC01$,S-1-5-21-2502726253-3859040611-225969357-1602,,,,,-,,,,,,%%1843,,,-,
2025-08-17T11:33:44.847267Z,4624,DC01.garfield.htb,Microsoft-Windows-Security-Auditing,Security,4222,0,,,,,,,,,,,,,,,,,Kerberos,,,,,,,,,,,,,,,,,,,,,,,,%%1842,,,,,,,,,,,,,%%1840,192.168.100.2,49737,,,,0,,,-,,,,,D07F8362-3A19-8FB2-4D81-2FBF0AD4FA69,,Kerberos,3,,,,,,,,,,,,,,,,,,,,,,,,,,,,,,,,,,,,,,,,,,,,0x0,-,,,,,,,,,,-,,,,,,,,,,,,,,,,,-,0x0,,-,S-1-0-0,GARFIELD.HTB,,0x0,,0x4d2df1,,-,-,,,,,RODC01$,S-1-5-21-2502726253-3859040611-225969357-1602,,,,,-,,,,,,%%1843,,,-,
2025-08-17T11:33:44.847526Z,4634,DC01.garfield.htb,Microsoft-Windows-Security-Auditing,Security,4223,0,,,,,,,,,,,,,,,,,,,,,,,,,,,,,,,,,,,,,,,,,,,,,,,,,,,,,,,,,,,,,,,,,,,,,,,3,,,,,,,,,,,,,,,,,,,,,,,,,,,,,,,,,,,,,,,,,,,,,,,,,,,,,,,,,,,,,,,,,,,,,,,,,,,,,GARFIELD,,,,0x4d2dbd,,,,,,,,RODC01$,S-1-5-21-2502726253-3859040611-225969357-1602,,,,,,,,,,,,,,,
2025-08-17T11:33:44.848648Z,4634,DC01.garfield.htb,Microsoft-Windows-Security-Auditing,Security,4224,0,,,,,,,,,,,,,,,,,,,,,,,,,,,,,,,,,,,,,,,,,,,,,,,,,,,,,,,,,,,,,,,,,,,,,,,3,,,,,,,,,,,,,,,,,,,,,,,,,,,,,,,,,,,,,,,,,,,,,,,,,,,,,,,,,,,,,,,,,,,,,,,,,,,,,GARFIELD,,,,0x4d2dcf,,,,,,,,RODC01$,S-1-5-21-2502726253-3859040611-225969357-1602,,,,,,,,,,,,,,,
2025-08-17T11:33:44.852676Z,4634,DC01.garfield.htb,Microsoft-Windows-Security-Auditing,Security,4225,0,,,,,,,,,,,,,,,,,,,,,,,,,,,,,,,,,,,,,,,,,,,,,,,,,,,,,,,,,,,,,,,,,,,,,,,3,,,,,,,,,,,,,,,,,,,,,,,,,,,,,,,,,,,,,,,,,,,,,,,,,,,,,,,,,,,,,,,,,,,,,,,,,,,,,GARFIELD,,,,0x4d2de0,,,,,,,,RODC01$,S-1-5-21-2502726253-3859040611-225969357-1602,,,,,,,,,,,,,,,
2025-08-17T11:33:44.852995Z,4634,DC01.garfield.htb,Microsoft-Windows-Security-Auditing,Security,4226,0,,,,,,,,,,,,,,,,,,,,,,,,,,,,,,,,,,,,,,,,,,,,,,,,,,,,,,,,,,,,,,,,,,,,,,,3,,,,,,,,,,,,,,,,,,,,,,,,,,,,,,,,,,,,,,,,,,,,,,,,,,,,,,,,,,,,,,,,,,,,,,,,,,,,,GARFIELD,,,,0x4d2df1,,,,,,,,RODC01$,S-1-5-21-2502726253-3859040611-225969357-1602,,,,,,,,,,,,,,,
2025-08-17T11:33:45.942845Z,4768,DC01.garfield.htb,Microsoft-Windows-Security-Auditing,Security,4227,0,,,,,,,,,,,,,,,,,,,,,,,,,,,,,,,,,,,,,,,,,,,,,,,,,,,,,,,::ffff:10.10.11.221,49826,,,,,,,,,,,,,,,,,,,,,,,,,,,,,,,,,,,,,,,,,,,,,,,,,,,,,,2,,,,,,,,,,,,,,,,,,,,,,krbtgt,,S-1-5-21-2502726253-3859040611-225969357-502,,,,0x0,,,,,,,,,,GARFIELD.HTB,,,,,,,,,,,S-1-5-21-2502726253-3859040611-225969357-1602,RODC01$,,,0x12,0x40810010,,,,,,,,,,,,
2025-08-17T11:33:45.944226Z,4769,DC01.garfield.htb,Microsoft-Windows-Security-Auditing,Security,4228,0,,,,,,,,,,,,,,,,,,,,,,,,,,,,,,,,,,,,,,,,,,,,,,,,,,,,,,,::ffff:10.10.11.221,49827,,,,,,,,,,,,2E57BC7C-EB12-92D6-A50D-2129E57B46E9,,,,,,,,,,,,,,,,,,,,,,,,,,,,,,,,,,,,,,,,,,,,,,,,,,,,,,,,,,,,,,,,DC01$,,S-1-5-21-2502726253-3859040611-225969357-1000,,,,0x0,,,,,,,,,,GARFIELD.HTB,,,,,,,,,,,,RODC01$@GARFIELD.HTB,,,0x12,0x40810000,,-,,,,,,,,,,
2025-08-17T11:33:45.944938Z,4624,DC01.garfield.htb,Microsoft-Windows-Security-Auditing,Security,4229,0,,,,,,,,,,,,,,,,,Kerberos,,,,,,,,,,,,,,,,,,,,,,,,%%1842,,,,,,,,,,,,,%%1833,10.10.11.221,49824,,,,0,,,-,,,,,1386CDE6-0458-7353-86C3-507868E26383,,Kerberos,3,,,,,,,,,,,,,,,,,,,,,,,,,,,,,,,,,,,,,,,,,,,,0x0,-,,,,,,,,,,-,,,,,,,,,,,,,,,,,-,0x0,,-,S-1-0-0,GARFIELD.HTB,,0x0,,0x4d2f2e,,-,-,,,,,RODC01$,S-1-5-21-2502726253-3859040611-225969357-1602,,,,,-,,,,,,%%1843,,,-,
2025-08-17T11:33:45.952343Z,4624,DC01.garfield.htb,Microsoft-Windows-Security-Auditing,Security,4230,0,,,,,,,,,,,,,,,,,Kerberos,,,,,,,,,,,,,,,,,,,,,,,,%%1842,,,,,,,,,,,,,%%1833,10.10.11.221,49828,,,,0,,,-,,,,,1386CDE6-0458-7353-86C3-507868E26383,,Kerberos,3,,,,,,,,,,,,,,,,,,,,,,,,,,,,,,,,,,,,,,,,,,,,0x0,-,,,,,,,,,,-,,,,,,,,,,,,,,,,,-,0x0,,-,S-1-0-0,GARFIELD.HTB,,0x0,,0x4d2f40,,-,-,,,,,RODC01$,S-1-5-21-2502726253-3859040611-225969357-1602,,,,,-,,,,,,%%1843,,,-,
2025-08-17T11:33:45.953748Z,4634,DC01.garfield.htb,Microsoft-Windows-Security-Auditing,Security,4231,0,,,,,,,,,,,,,,,,,,,,,,,,,,,,,,,,,,,,,,,,,,,,,,,,,,,,,,,,,,,,,,,,,,,,,,,3,,,,,,,,,,,,,,,,,,,,,,,,,,,,,,,,,,,,,,,,,,,,,,,,,,,,,,,,,,,,,,,,,,,,,,,,,,,,,GARFIELD,,,,0x4d2f40,,,,,,,,RODC01$,S-1-5-21-2502726253-3859040611-225969357-1602,,,,,,,,,,,,,,,
2025-08-17T11:33:45.953954Z,4634,DC01.garfield.htb,Microsoft-Windows-Security-Auditing,Security,4232,0,,,,,,,,,,,,,,,,,,,,,,,,,,,,,,,,,,,,,,,,,,,,,,,,,,,,,,,,,,,,,,,,,,,,,,,3,,,,,,,,,,,,,,,,,,,,,,,,,,,,,,,,,,,,,,,,,,,,,,,,,,,,,,,,,,,,,,,,,,,,,,,,,,,,,GARFIELD,,,,0x4d2f2e,,,,,,,,RODC01$,S-1-5-21-2502726253-3859040611-225969357-1602,,,,,,,,,,,,,,,
2025-08-17T11:33:47.112862Z,4768,DC01.garfield.htb,Microsoft-Windows-Security-Auditing,Security,4233,0,,,,,,,,,,,,,,,,,,,,,,,,,,,,,,,,,,,,,,,,,,,,,,,,,,,,,,,::ffff:10.10.11.221,49832,,,,,,,,,,,,,,,,,,,,,,,,,,,,,,,,,,,,,,,,,,,,,,,,,,,,,,2,,,,,,,,,,,,,,,,,,,,,,krbtgt,,S-1-5-21-2502726253-3859040611-225969357-502,,,,0x0,,,,,,,,,,GARFIELD.HTB,,,,,,,,,,,S-1-5-21-2502726253-3859040611-225969357-1602,RODC01$,,,0x12,0x40810010,,,,,,,,,,,,
2025-08-17T11:33:47.114178Z,4769,DC01.garfield.htb,Microsoft-Windows-Security-Auditing,Security,4234,0,,,,,,,,,,,,,,,,,,,,,,,,,,,,,,,,,,,,,,,,,,,,,,,,,,,,,,,::ffff:10.10.11.221,49833,,,,,,,,,,,,8F881DAB-1B4D-0D1C-50B2-B33C03DAD86E,,,,,,,,,,,,,,,,,,,,,,,,,,,,,,,,,,,,,,,,,,,,,,,,,,,,,,,,,,,,,,,,DC01$,,S-1-5-21-2502726253-3859040611-225969357-1000,,,,0x0,,,,,,,,,,GARFIELD.HTB,,,,,,,,,,,,RODC01$@GARFIELD.HTB,,,0x12,0x40810000,,-,,,,,,,,,,
2025-08-17T11:33:47.115121Z,4624,DC01.garfield.htb,Microsoft-Windows-Security-Auditing,Security,4235,0,,,,,,,,,,,,,,,,,Kerberos,,,,,,,,,,,,,,,,,,,,,,,,%%1842,,,,,,,,,,,,,%%1833,192.168.100.2,49798,,,,0,,,-,,,,,6BB5BEEB-0748-ADD9-A512-A00BE875F737,,Kerberos,3,,,,,,,,,,,,,,,,,,,,,,,,,,,,,,,,,,,,,,,,,,,,0x0,-,,,,,,,,,,-,,,,,,,,,,,,,,,,,-,0x0,,-,S-1-0-0,GARFIELD.HTB,,0x0,,0x4d31fd,,-,-,,,,,RODC01$,S-1-5-21-2502726253-3859040611-225969357-1602,,,,,-,,,,,,%%1843,,,-,
2025-08-17T11:33:47.120047Z,4769,DC01.garfield.htb,Microsoft-Windows-Security-Auditing,Security,4236,0,,,,,,,,,,,,,,,,,,,,,,,,,,,,,,,,,,,,,,,,,,,,,,,,,,,,,,,::ffff:10.10.11.221,49835,,,,,,,,,,,,8F881DAB-1B4D-0D1C-50B2-B33C03DAD86E,,,,,,,,,,,,,,,,,,,,,,,,,,,,,,,,,,,,,,,,,,,,,,,,,,,,,,,,,,,,,,,,DC01$,,S-1-5-21-2502726253-3859040611-225969357-1000,,,,0x0,,,,,,,,,,GARFIELD.HTB,,,,,,,,,,,,RODC01$@GARFIELD.HTB,,,0x12,0x40810000,,-,,,,,,,,,,
2025-08-17T11:33:47.120693Z,4624,DC01.garfield.htb,Microsoft-Windows-Security-Auditing,Security,4237,0,,,,,,,,,,,,,,,,,Kerberos,,,,,,,,,,,,,,,,,,,,,,,,%%1842,,,,,,,,,,,,,%%1833,10.10.11.221,49834,,,,0,,,-,,,,,6BB5BEEB-0748-ADD9-A512-A00BE875F737,,Kerberos,3,,,,,,,,,,,,,,,,,,,,,,,,,,,,,,,,,,,,,,,,,,,,0x0,-,,,,,,,,,,-,,,,,,,,,,,,,,,,,-,0x0,,-,S-1-0-0,GARFIELD.HTB,,0x0,,0x4d3214,,-,-,,,,,RODC01$,S-1-5-21-2502726253-3859040611-225969357-1602,,,,,-,,,,,,%%1843,,,-,
2025-08-17T11:33:47.121482Z,4634,DC01.garfield.htb,Microsoft-Windows-Security-Auditing,Security,4238,0,,,,,,,,,,,,,,,,,,,,,,,,,,,,,,,,,,,,,,,,,,,,,,,,,,,,,,,,,,,,,,,,,,,,,,,3,,,,,,,,,,,,,,,,,,,,,,,,,,,,,,,,,,,,,,,,,,,,,,,,,,,,,,,,,,,,,,,,,,,,,,,,,,,,,GARFIELD,,,,0x4d3214,,,,,,,,RODC01$,S-1-5-21-2502726253-3859040611-225969357-1602,,,,,,,,,,,,,,,
2025-08-17T11:33:47.125454Z,4624,DC01.garfield.htb,Microsoft-Windows-Security-Auditing,Security,4239,0,,,,,,,,,,,,,,,,,Kerberos,,,,,,,,,,,,,,,,,,,,,,,,%%1842,,,,,,,,,,,,,%%1833,192.168.100.2,49798,,,,0,,,-,,,,,6BB5BEEB-0748-ADD9-A512-A00BE875F737,,Kerberos,3,,,,,,,,,,,,,,,,,,,,,,,,,,,,,,,,,,,,,,,,,,,,0x0,-,,,,,,,,,,-,,,,,,,,,,,,,,,,,-,0x0,,-,S-1-0-0,GARFIELD.HTB,,0x0,,0x4d322e,,-,-,,,,,RODC01$,S-1-5-21-2502726253-3859040611-225969357-1602,,,,,-,,,,,,%%1843,,,-,
2025-08-17T11:33:47.127021Z,4624,DC01.garfield.htb,Microsoft-Windows-Security-Auditing,Security,4240,0,,,,,,,,,,,,,,,,,Kerberos,,,,,,,,,,,,,,,,,,,,,,,,%%1842,,,,,,,,,,,,,%%1833,192.168.100.2,49804,,,,0,,,-,,,,,6BB5BEEB-0748-ADD9-A512-A00BE875F737,,Kerberos,3,,,,,,,,,,,,,,,,,,,,,,,,,,,,,,,,,,,,,,,,,,,,0x0,-,,,,,,,,,,-,,,,,,,,,,,,,,,,,-,0x0,,-,S-1-0-0,GARFIELD.HTB,,0x0,,0x4d3244,,-,-,,,,,RODC01$,S-1-5-21-2502726253-3859040611-225969357-1602,,,,,-,,,,,,%%1843,,,-,
2025-08-17T11:33:48.226441Z,4634,DC01.garfield.htb,Microsoft-Windows-Security-Auditing,Security,4241,0,,,,,,,,,,,,,,,,,,,,,,,,,,,,,,,,,,,,,,,,,,,,,,,,,,,,,,,,,,,,,,,,,,,,,,,3,,,,,,,,,,,,,,,,,,,,,,,,,,,,,,,,,,,,,,,,,,,,,,,,,,,,,,,,,,,,,,,,,,,,,,,,,,,,,GARFIELD,,,,0x4d11de,,,,,,,,Administrator,S-1-5-21-2502726253-3859040611-225969357-500,,,,,,,,,,,,,,,
2025-08-17T11:33:48.453660Z,4624,DC01.garfield.htb,Microsoft-Windows-Security-Auditing,Security,4242,0,,,,,,,,,,,,,,,,,Kerberos,,,,,,,,,,,,,,,,,,,,,,,,%%1842,,,,,,,,,,,,,%%1833,10.10.11.221,49837,,,,0,,,-,,,,,6BB5BEEB-0748-ADD9-A512-A00BE875F737,,Kerberos,3,,,,,,,,,,,,,,,,,,,,,,,,,,,,,,,,,,,,,,,,,,,,0x0,-,,,,,,,,,,-,,,,,,,,,,,,,,,,,-,0x0,,-,S-1-0-0,GARFIELD.HTB,,0x0,,0x4d33fd,,-,-,,,,,RODC01$,S-1-5-21-2502726253-3859040611-225969357-1602,,,,,-,,,,,,%%1843,,,-,
2025-08-17T11:33:48.455843Z,4634,DC01.garfield.htb,Microsoft-Windows-Security-Auditing,Security,4243,0,,,,,,,,,,,,,,,,,,,,,,,,,,,,,,,,,,,,,,,,,,,,,,,,,,,,,,,,,,,,,,,,,,,,,,,3,,,,,,,,,,,,,,,,,,,,,,,,,,,,,,,,,,,,,,,,,,,,,,,,,,,,,,,,,,,,,,,,,,,,,,,,,,,,,GARFIELD,,,,0x4d33fd,,,,,,,,RODC01$,S-1-5-21-2502726253-3859040611-225969357-1602,,,,,,,,,,,,,,,
2025-08-17T11:33:48.456532Z,4624,DC01.garfield.htb,Microsoft-Windows-Security-Auditing,Security,4244,0,,,,,,,,,,,,,,,,,Kerberos,,,,,,,,,,,,,,,,,,,,,,,,%%1842,,,,,,,,,,,,,%%1833,10.10.11.221,49838,,,,0,,,-,,,,,6BB5BEEB-0748-ADD9-A512-A00BE875F737,,Kerberos,3,,,,,,,,,,,,,,,,,,,,,,,,,,,,,,,,,,,,,,,,,,,,0x0,-,,,,,,,,,,-,,,,,,,,,,,,,,,,,-,0x0,,-,S-1-0-0,GARFIELD.HTB,,0x0,,0x4d3414,,-,-,,,,,RODC01$,S-1-5-21-2502726253-3859040611-225969357-1602,,,,,-,,,,,,%%1843,,,-,
2025-08-17T11:33:48.458740Z,4634,DC01.garfield.htb,Microsoft-Windows-Security-Auditing,Security,4245,0,,,,,,,,,,,,,,,,,,,,,,,,,,,,,,,,,,,,,,,,,,,,,,,,,,,,,,,,,,,,,,,,,,,,,,,3,,,,,,,,,,,,,,,,,,,,,,,,,,,,,,,,,,,,,,,,,,,,,,,,,,,,,,,,,,,,,,,,,,,,,,,,,,,,,GARFIELD,,,,0x4d3414,,,,,,,,RODC01$,S-1-5-21-2502726253-3859040611-225969357-1602,,,,,,,,,,,,,,,
2025-08-17T11:33:48.510992Z,4769,DC01.garfield.htb,Microsoft-Windows-Security-Auditing,Security,4246,0,,,,,,,,,,,,,,,,,,,,,,,,,,,,,,,,,,,,,,,,,,,,,,,,,,,,,,,::ffff:10.10.11.221,49839,,,,,,,,,,,,C1E1DE02-E7B8-66BF-7BB8-8A6B049A28D7,,,,,,,,,,,,,,,,,,,,,,,,,,,,,,,,,,,,,,,,,,,,,,,,,,,,,,,,,,,,,,,,DC01$,,S-1-5-21-2502726253-3859040611-225969357-1000,,,,0x0,,,,,,,,,,GARFIELD.HTB,,,,,,,,,,,,RODC01$@GARFIELD.HTB,,,0x12,0x40800000,,-,,,,,,,,,,
2025-08-17T11:33:48.512125Z,4624,DC01.garfield.htb,Microsoft-Windows-Security-Auditing,Security,4247,0,,,,,,,,,,,,,,,,,Kerberos,,,,,,,,,,,,,,,,,,,,,,,,%%1842,,,,,,,,,,,,,%%1833,192.168.100.2,49798,,,,0,,,-,,,,,58DA6399-DF47-CD46-9B1F-ACC88BBCD6D3,,Kerberos,3,,,,,,,,,,,,,,,,,,,,,,,,,,,,,,,,,,,,,,,,,,,,0x0,-,,,,,,,,,,-,,,,,,,,,,,,,,,,,-,0x0,,-,S-1-0-0,GARFIELD.HTB,,0x0,,0x4d3439,,-,-,,,,,RODC01$,S-1-5-21-2502726253-3859040611-225969357-1602,,,,,-,,,,,,%%1843,,,-,
2025-08-17T11:33:48.513256Z,4624,DC01.garfield.htb,Microsoft-Windows-Security-Auditing,Security,4248,0,,,,,,,,,,,,,,,,,Kerberos,,,,,,,,,,,,,,,,,,,,,,,,%%1842,,,,,,,,,,,,,%%1833,192.168.100.2,49804,,,,0,,,-,,,,,58DA6399-DF47-CD46-9B1F-ACC88BBCD6D3,,Kerberos,3,,,,,,,,,,,,,,,,,,,,,,,,,,,,,,,,,,,,,,,,,,,,0x0,-,,,,,,,,,,-,,,,,,,,,,,,,,,,,-,0x0,,-,S-1-0-0,GARFIELD.HTB,,0x0,,0x4d344d,,-,-,,,,,RODC01$,S-1-5-21-2502726253-3859040611-225969357-1602,,,,,-,,,,,,%%1843,,,-,
2025-08-17T11:33:51.945532Z,4768,DC01.garfield.htb,Microsoft-Windows-Security-Auditing,Security,4249,0,,,,,,,,,,,,,,,,,,,,,,,,,,,,,,,,,,,,,,,,,,,,,,,,,,,,,,,::ffff:10.10.11.221,49842,,,,,,,,,,,,,,,,,,,,,,,,,,,,,,,,,,,,,,,,,,,,,,,,,,,,,,2,,,,,,,,,,,,,,,,,,,,,,krbtgt,,S-1-5-21-2502726253-3859040611-225969357-502,,,,0x0,,,,,,,,,,GARFIELD.HTB,,,,,,,,,,,S-1-5-21-2502726253-3859040611-225969357-1602,RODC01$,,,0x12,0x40810010,,,,,,,,,,,,
2025-08-17T11:33:51.946628Z,4769,DC01.garfield.htb,Microsoft-Windows-Security-Auditing,Security,4250,0,,,,,,,,,,,,,,,,,,,,,,,,,,,,,,,,,,,,,,,,,,,,,,,,,,,,,,,::ffff:10.10.11.221,49843,,,,,,,,,,,,4E96A2D3-AA68-6602-AD1A-7F9A8977DFAC,,,,,,,,,,,,,,,,,,,,,,,,,,,,,,,,,,,,,,,,,,,,,,,,,,,,,,,,,,,,,,,,DC01$,,S-1-5-21-2502726253-3859040611-225969357-1000,,,,0x0,,,,,,,,,,GARFIELD.HTB,,,,,,,,,,,,RODC01$@GARFIELD.HTB,,,0x12,0x40810000,,-,,,,,,,,,,
2025-08-17T11:33:51.947661Z,4624,DC01.garfield.htb,Microsoft-Windows-Security-Auditing,Security,4251,0,,,,,,,,,,,,,,,,,Kerberos,,,,,,,,,,,,,,,,,,,,,,,,%%1842,,,,,,,,,,,,,%%1833,192.168.100.2,49808,,,,0,,,-,,,,,05D59D95-14A4-A828-8182-F8576071D85B,,Kerberos,3,,,,,,,,,,,,,,,,,,,,,,,,,,,,,,,,,,,,,,,,,,,,0x0,-,,,,,,,,,,-,,,,,,,,,,,,,,,,,-,0x0,,-,S-1-0-0,GARFIELD.HTB,,0x0,,0x4d3b57,,-,-,,,,,RODC01$,S-1-5-21-2502726253-3859040611-225969357-1602,,,,,-,,,,,,%%1843,,,-,
2025-08-17T11:33:51.952865Z,4768,DC01.garfield.htb,Microsoft-Windows-Security-Auditing,Security,4252,0,,,,,,,,,,,,,,,,,,,,,,,,,,,,,,,,,,,,,,,,,,,,,,,,,,,,,,,::ffff:10.10.11.221,49846,,,,,,,,,,,,,,,,,,,,,,,,,,,,,,,,,,,,,,,,,,,,,,,,,,,,,,2,,,,,,,,,,,,,,,,,,,,,,krbtgt,,S-1-5-21-2502726253-3859040611-225969357-502,,,,0x0,,,,,,,,,,GARFIELD.HTB,,,,,,,,,,,S-1-5-21-2502726253-3859040611-225969357-1602,RODC01$,,,0x12,0x40810010,,,,,,,,,,,,
2025-08-17T11:33:51.953839Z,4769,DC01.garfield.htb,Microsoft-Windows-Security-Auditing,Security,4253,0,,,,,,,,,,,,,,,,,,,,,,,,,,,,,,,,,,,,,,,,,,,,,,,,,,,,,,,::ffff:10.10.11.221,49847,,,,,,,,,,,,4E96A2D3-AA68-6602-AD1A-7F9A8977DFAC,,,,,,,,,,,,,,,,,,,,,,,,,,,,,,,,,,,,,,,,,,,,,,,,,,,,,,,,,,,,,,,,DC01$,,S-1-5-21-2502726253-3859040611-225969357-1000,,,,0x0,,,,,,,,,,GARFIELD.HTB,,,,,,,,,,,,RODC01$@GARFIELD.HTB,,,0x12,0x40810000,,-,,,,,,,,,,
2025-08-17T11:33:51.954655Z,4624,DC01.garfield.htb,Microsoft-Windows-Security-Auditing,Security,4254,0,,,,,,,,,,,,,,,,,Kerberos,,,,,,,,,,,,,,,,,,,,,,,,%%1842,,,,,,,,,,,,,%%1833,192.168.100.2,49812,,,,0,,,-,,,,,05D59D95-14A4-A828-8182-F8576071D85B,,Kerberos,3,,,,,,,,,,,,,,,,,,,,,,,,,,,,,,,,,,,,,,,,,,,,0x0,-,,,,,,,,,,-,,,,,,,,,,,,,,,,,-,0x0,,-,S-1-0-0,GARFIELD.HTB,,0x0,,0x4d3bb5,,-,-,,,,,RODC01$,S-1-5-21-2502726253-3859040611-225969357-1602,,,,,-,,,,,,%%1843,,,-,
2025-08-17T11:33:51.970042Z,4768,DC01.garfield.htb,Microsoft-Windows-Security-Auditing,Security,4255,0,,,,,,,,,,,,,,,,,,,,,,,,,,,,,,,,,,,,,,,,,,,,,,,,,,,,,,,::ffff:10.10.11.221,49850,,,,,,,,,,,,,,,,,,,,,,,,,,,,,,,,,,,,,,,,,,,,,,,,,,,,,,2,,,,,,,,,,,,,,,,,,,,,,krbtgt,,S-1-5-21-2502726253-3859040611-225969357-502,,,,0x0,,,,,,,,,,GARFIELD.HTB,,,,,,,,,,,S-1-5-21-2502726253-3859040611-225969357-1602,RODC01$,,,0x12,0x40810010,,,,,,,,,,,,
2025-08-17T11:33:51.971244Z,4769,DC01.garfield.htb,Microsoft-Windows-Security-Auditing,Security,4256,0,,,,,,,,,,,,,,,,,,,,,,,,,,,,,,,,,,,,,,,,,,,,,,,,,,,,,,,::ffff:10.10.11.221,49851,,,,,,,,,,,,4E96A2D3-AA68-6602-AD1A-7F9A8977DFAC,,,,,,,,,,,,,,,,,,,,,,,,,,,,,,,,,,,,,,,,,,,,,,,,,,,,,,,,,,,,,,,,DC01$,,S-1-5-21-2502726253-3859040611-225969357-1000,,,,0x0,,,,,,,,,,GARFIELD.HTB,,,,,,,,,,,,RODC01$@GARFIELD.HTB,,,0x12,0x40810000,,-,,,,,,,,,,
2025-08-17T11:33:51.972224Z,4624,DC01.garfield.htb,Microsoft-Windows-Security-Auditing,Security,4257,0,,,,,,,,,,,,,,,,,Kerberos,,,,,,,,,,,,,,,,,,,,,,,,%%1842,,,,,,,,,,,,,%%1833,192.168.100.2,49816,,,,0,,,-,,,,,05D59D95-14A4-A828-8182-F8576071D85B,,Kerberos,3,,,,,,,,,,,,,,,,,,,,,,,,,,,,,,,,,,,,,,,,,,,,0x0,-,,,,,,,,,,-,,,,,,,,,,,,,,,,,-,0x0,,-,S-1-0-0,GARFIELD.HTB,,0x0,,0x4d3bda,,-,-,,,,,RODC01$,S-1-5-21-2502726253-3859040611-225969357-1602,,,,,-,,,,,,%%1843,,,-,
2025-08-17T11:33:52.984888Z,4634,DC01.garfield.htb,Microsoft-Windows-Security-Auditing,Security,4258,0,,,,,,,,,,,,,,,,,,,,,,,,,,,,,,,,,,,,,,,,,,,,,,,,,,,,,,,,,,,,,,,,,,,,,,,3,,,,,,,,,,,,,,,,,,,,,,,,,,,,,,,,,,,,,,,,,,,,,,,,,,,,,,,,,,,,,,,,,,,,,,,,,,,,,GARFIELD,,,,0x4d3bda,,,,,,,,RODC01$,S-1-5-21-2502726253-3859040611-225969357-1602,,,,,,,,,,,,,,,
2025-08-17T11:33:53.953363Z,4625,DC01.garfield.htb,Microsoft-Windows-Security-Auditing,Security,4259,0,,,,,,,,,,,,,,,,,NTLM,,,,,,,,,,,,,,,,,,,,,,,,,,%%2313,,,,,,,,,,,,10.10.11.221,49853,,,,0,,,-,,,,,,,NtLmSsp ,3,,,,,,,,,,,,,,,,,,,,,,,,,,,,,,,,,,,,,,,,,,,,0x0,-,,,,,,,,,,,,,,,,,,,,,,0xc000006d,,0xc000006a,,,-,0x0,,-,S-1-0-0,RODC01,,,,,,,,,,,,Administrator,S-1-0-0,,,,,-,,,,,,,,,RODC01,
2025-08-17T11:34:04.458011Z,4634,DC01.garfield.htb,Microsoft-Windows-Security-Auditing,Security,4260,0,,,,,,,,,,,,,,,,,,,,,,,,,,,,,,,,,,,,,,,,,,,,,,,,,,,,,,,,,,,,,,,,,,,,,,,3,,,,,,,,,,,,,,,,,,,,,,,,,,,,,,,,,,,,,,,,,,,,,,,,,,,,,,,,,,,,,,,,,,,,,,,,,,,,,GARFIELD,,,,0x4d2da8,,,,,,,,RODC01$,S-1-5-21-2502726253-3859040611-225969357-1602,,,,,,,,,,,,,,,
2025-08-17T11:34:04.460679Z,4634,DC01.garfield.htb,Microsoft-Windows-Security-Auditing,Security,4261,0,,,,,,,,,,,,,,,,,,,,,,,,,,,,,,,,,,,,,,,,,,,,,,,,,,,,,,,,,,,,,,,,,,,,,,,3,,,,,,,,,,,,,,,,,,,,,,,,,,,,,,,,,,,,,,,,,,,,,,,,,,,,,,,,,,,,,,,,,,,,,,,,,,,,,GARFIELD,,,,0x4d0b25,,,,,,,,Administrator,S-1-5-21-2502726253-3859040611-225969357-500,,,,,,,,,,,,,,,
2025-08-17T11:34:04.462052Z,4634,DC01.garfield.htb,Microsoft-Windows-Security-Auditing,Security,4262,0,,,,,,,,,,,,,,,,,,,,,,,,,,,,,,,,,,,,,,,,,,,,,,,,,,,,,,,,,,,,,,,,,,,,,,,3,,,,,,,,,,,,,,,,,,,,,,,,,,,,,,,,,,,,,,,,,,,,,,,,,,,,,,,,,,,,,,,,,,,,,,,,,,,,,GARFIELD,,,,0x4d21a4,,,,,,,,RODC01$,S-1-5-21-2502726253-3859040611-225969357-1602,,,,,,,,,,,,,,,
2025-08-17T11:34:10.308642Z,4634,DC01.garfield.htb,Microsoft-Windows-Security-Auditing,Security,4263,0,,,,,,,,,,,,,,,,,,,,,,,,,,,,,,,,,,,,,,,,,,,,,,,,,,,,,,,,,,,,,,,,,,,,,,,3,,,,,,,,,,,,,,,,,,,,,,,,,,,,,,,,,,,,,,,,,,,,,,,,,,,,,,,,,,,,,,,,,,,,,,,,,,,,,GARFIELD,,,,0x4d128f,,,,,,,,Administrator,S-1-5-21-2502726253-3859040611-225969357-500,,,,,,,,,,,,,,,
2025-08-17T11:34:10.308684Z,4634,DC01.garfield.htb,Microsoft-Windows-Security-Auditing,Security,4264,0,,,,,,,,,,,,,,,,,,,,,,,,,,,,,,,,,,,,,,,,,,,,,,,,,,,,,,,,,,,,,,,,,,,,,,,3,,,,,,,,,,,,,,,,,,,,,,,,,,,,,,,,,,,,,,,,,,,,,,,,,,,,,,,,,,,,,,,,,,,,,,,,,,,,,GARFIELD,,,,0x4d11a2,,,,,,,,Administrator,S-1-5-21-2502726253-3859040611-225969357-500,,,,,,,,,,,,,,,
2025-08-17T11:34:10.308698Z,4634,DC01.garfield.htb,Microsoft-Windows-Security-Auditing,Security,4265,0,,,,,,,,,,,,,,,,,,,,,,,,,,,,,,,,,,,,,,,,,,,,,,,,,,,,,,,,,,,,,,,,,,,,,,,3,,,,,,,,,,,,,,,,,,,,,,,,,,,,,,,,,,,,,,,,,,,,,,,,,,,,,,,,,,,,,,,,,,,,,,,,,,,,,GARFIELD,,,,0x4d125e,,,,,,,,Administrator,S-1-5-21-2502726253-3859040611-225969357-500,,,,,,,,,,,,,,,
2025-08-17T11:34:10.308851Z,4634,DC01.garfield.htb,Microsoft-Windows-Security-Auditing,Security,4266,0,,,,,,,,,,,,,,,,,,,,,,,,,,,,,,,,,,,,,,,,,,,,,,,,,,,,,,,,,,,,,,,,,,,,,,,3,,,,,,,,,,,,,,,,,,,,,,,,,,,,,,,,,,,,,,,,,,,,,,,,,,,,,,,,,,,,,,,,,,,,,,,,,,,,,GARFIELD,,,,0x4d11c0,,,,,,,,Administrator,S-1-5-21-2502726253-3859040611-225969357-500,,,,,,,,,,,,,,,
2025-08-17T11:34:10.308898Z,4634,DC01.garfield.htb,Microsoft-Windows-Security-Auditing,Security,4267,0,,,,,,,,,,,,,,,,,,,,,,,,,,,,,,,,,,,,,,,,,,,,,,,,,,,,,,,,,,,,,,,,,,,,,,,3,,,,,,,,,,,,,,,,,,,,,,,,,,,,,,,,,,,,,,,,,,,,,,,,,,,,,,,,,,,,,,,,,,,,,,,,,,,,,GARFIELD,,,,0x4d181d,,,,,,,,Administrator,S-1-5-21-2502726253-3859040611-225969357-500,,,,,,,,,,,,,,,
2025-08-17T11:34:10.308931Z,4634,DC01.garfield.htb,Microsoft-Windows-Security-Auditing,Security,4268,0,,,,,,,,,,,,,,,,,,,,,,,,,,,,,,,,,,,,,,,,,,,,,,,,,,,,,,,,,,,,,,,,,,,,,,,3,,,,,,,,,,,,,,,,,,,,,,,,,,,,,,,,,,,,,,,,,,,,,,,,,,,,,,,,,,,,,,,,,,,,,,,,,,,,,GARFIELD,,,,0x4d108c,,,,,,,,Administrator,S-1-5-21-2502726253-3859040611-225969357-500,,,,,,,,,,,,,,,
2025-08-17T11:34:10.309023Z,4634,DC01.garfield.htb,Microsoft-Windows-Security-Auditing,Security,4269,0,,,,,,,,,,,,,,,,,,,,,,,,,,,,,,,,,,,,,,,,,,,,,,,,,,,,,,,,,,,,,,,,,,,,,,,3,,,,,,,,,,,,,,,,,,,,,,,,,,,,,,,,,,,,,,,,,,,,,,,,,,,,,,,,,,,,,,,,,,,,,,,,,,,,,GARFIELD,,,,0x4d127d,,,,,,,,Administrator,S-1-5-21-2502726253-3859040611-225969357-500,,,,,,,,,,,,,,,
