2025-08-16T23:24:45.448536Z,5379,DC01.garfield.htb,Microsoft-Windows-Security-Auditing,Security,2959,0,,,,,,,,,,,,,,,,,,,,,,,,,3412,,,,0,,,,,,,,,,,,,,,,,,,,,,,,,,,,,,,,,,,,,,,,,,,,,,,,,,,,,,,,,,,,,,,,,,,,,,,,,,,,,,,,,,,,,2025-08-16T23:24:42.356950Z,,,,,,,,%%8100,,,,,3221226021,,,,,,,,,,,,,,,,GARFIELD,0x3e7,,DC01$,S-1-5-18,,,,,,MicrosoftAccount:user=02psidbzqsibuzjn,,,,,,,,,,,,,,0,,,,,,,,,
2025-08-16T23:24:45.450066Z,5379,DC01.garfield.htb,Microsoft-Windows-Security-Auditing,Security,2960,0,,,,,,,,,,,,,,,,,,,,,,,,,3412,,,,0,,,,,,,,,,,,,,,,,,,,,,,,,,,,,,,,,,,,,,,,,,,,,,,,,,,,,,,,,,,,,,,,,,,,,,,,,,,,,,,,,,,,,2025-08-16T23:24:42.356950Z,,,,,,,,%%8100,,,,,3221226021,,,,,,,,,,,,,,,,GARFIELD,0x3e7,,DC01$,S-1-5-18,,,,,,MicrosoftAccount:user=02psidbzqsibuzjn,,,,,,,,,,,,,,0,,,,,,,,,
2025-08-16T23:24:45.450102Z,5379,DC01.garfield.htb,Microsoft-Windows-Security-Auditing,Security,2961,0,,,,,,,,,,,,,,,,,,,,,,,,,3412,,,,0,,,,,,,,,,,,,,,,,,,,,,,,,,,,,,,,,,,,,,,,,,,,,,,,,,,,,,,,,,,,,,,,,,,,,,,,,,,,,,,,,,,,,2025-08-16T23:24:42.356950Z,,,,,,,,%%8100,,,,,3221226021,,,,,,,,,,,,,,,,GARFIELD,0x3e7,,DC01$,S-1-5-18,,,,,,MicrosoftAccount:user=02psidbzqsibuzjn,,,,,,,,,,,,,,0,,,,,,,,,
2025-08-16T23:24:46.010059Z,5379,DC01.garfield.htb,Microsoft-Windows-Security-Auditing,Security,2962,0,,,,,,,,,,,,,,,,,,,,,,,,,3412,,,,0,,,,,,,,,,,,,,,,,,,,,,,,,,,,,,,,,,,,,,,,,,,,,,,,,,,,,,,,,,,,,,,,,,,,,,,,,,,,,,,,,,,,,2025-08-16T23:24:42.356950Z,,,,,,,,%%8100,,,,,3221226021,,,,,,,,,,,,,,,,GARFIELD,0x3e7,,DC01$,S-1-5-18,,,,,,MicrosoftAccount:user=02psidbzqsibuzjn,,,,,,,,,,,,,,0,,,,,,,,,
2025-08-16T23:24:46.010271Z,5379,DC01.garfield.htb,Microsoft-Windows-Security-Auditing,Security,2963,0,,,,,,,,,,,,,,,,,,,,,,,,,3412,,,,0,,,,,,,,,,,,,,,,,,,,,,,,,,,,,,,,,,,,,,,,,,,,,,,,,,,,,,,,,,,,,,,,,,,,,,,,,,,,,,,,,,,,,2025-08-16T23:24:42.356950Z,,,,,,,,%%8100,,,,,3221226021,,,,,,,,,,,,,,,,GARFIELD,0x3e7,,DC01$,S-1-5-18,,,,,,WindowsLive:(token):name=02psidbzqsibuzjn;serviceuri=*,,,,,,,,,,,,,,0,,,,,,,,,
2025-08-16T23:24:46.010513Z,5379,DC01.garfield.htb,Microsoft-Windows-Security-Auditing,Security,2964,0,,,,,,,,,,,,,,,,,,,,,,,,,3412,,,,0,,,,,,,,,,,,,,,,,,,,,,,,,,,,,,,,,,,,,,,,,,,,,,,,,,,,,,,,,,,,,,,,,,,,,,,,,,,,,,,,,,,,,2025-08-16T23:24:42.356950Z,,,,,,,,%%8100,,,,,3221226021,,,,,,,,,,,,,,,,GARFIELD,0x3e7,,DC01$,S-1-5-18,,,,,,WindowsLive:(cert):name=02psidbzqsibuzjn;serviceuri=*,,,,,,,,,,,,,,0,,,,,,,,,
2025-08-16T23:24:46.237041Z,5379,DC01.garfield.htb,Microsoft-Windows-Security-Auditing,Security,2965,0,,,,,,,,,,,,,,,,,,,,,,,,,3412,,,,0,,,,,,,,,,,,,,,,,,,,,,,,,,,,,,,,,,,,,,,,,,,,,,,,,,,,,,,,,,,,,,,,,,,,,,,,,,,,,,,,,,,,,2025-08-16T23:24:42.356950Z,,,,,,,,%%8100,,,,,3221226021,,,,,,,,,,,,,,,,GARFIELD,0x3e7,,DC01$,S-1-5-18,,,,,,MicrosoftAccount:user=02psidbzqsibuzjn,,,,,,,,,,,,,,0,,,,,,,,,
2025-08-16T23:24:46.237276Z,5379,DC01.garfield.htb,Microsoft-Windows-Security-Auditing,Security,2966,0,,,,,,,,,,,,,,,,,,,,,,,,,3412,,,,0,,,,,,,,,,,,,,,,,,,,,,,,,,,,,,,,,,,,,,,,,,,,,,,,,,,,,,,,,,,,,,,,,,,,,,,,,,,,,,,,,,,,,2025-08-16T23:24:42.356950Z,,,,,,,,%%8100,,,,,3221226021,,,,,,,,,,,,,,,,GARFIELD,0x3e7,,DC01$,S-1-5-18,,,,,,MicrosoftAccount:user=02psidbzqsibuzjn,,,,,,,,,,,,,,0,,,,,,,,,
2025-08-16T23:24:46.239733Z,5379,DC01.garfield.htb,Microsoft-Windows-Security-Auditing,Security,2967,0,,,,,,,,,,,,,,,,,,,,,,,,,3412,,,,0,,,,,,,,,,,,,,,,,,,,,,,,,,,,,,,,,,,,,,,,,,,,,,,,,,,,,,,,,,,,,,,,,,,,,,,,,,,,,,,,,,,,,2025-08-16T23:24:42.356950Z,,,,,,,,%%8100,,,,,3221226021,,,,,,,,,,,,,,,,GARFIELD,0x3e7,,DC01$,S-1-5-18,,,,,,MicrosoftAccount:user=02psidbzqsibuzjn,,,,,,,,,,,,,,0,,,,,,,,,
2025-08-16T23:24:46.239771Z,5379,DC01.garfield.htb,Microsoft-Windows-Security-Auditing,Security,2968,0,,,,,,,,,,,,,,,,,,,,,,,,,3412,,,,0,,,,,,,,,,,,,,,,,,,,,,,,,,,,,,,,,,,,,,,,,,,,,,,,,,,,,,,,,,,,,,,,,,,,,,,,,,,,,,,,,,,,,2025-08-16T23:24:42.356950Z,,,,,,,,%%8100,,,,,3221226021,,,,,,,,,,,,,,,,GARFIELD,0x3e7,,DC01$,S-1-5-18,,,,,,MicrosoftAccount:user=02psidbzqsibuzjn,,,,,,,,,,,,,,0,,,,,,,,,
2025-08-16T23:24:47.922006Z,4634,DC01.garfield.htb,Microsoft-Windows-Security-Auditing,Security,2969,0,,,,,,,,,,,,,,,,,,,,,,,,,,,,,,,,,,,,,,,,,,,,,,,,,,,,,,,,,,,,,,,,,,,,,,,3,,,,,,,,,,,,,,,,,,,,,,,,,,,,,,,,,,,,,,,,,,,,,,,,,,,,,,,,,,,,,,,,,,,,,,,,,,,,,GARFIELD,,,,0x42e30,,,,,,,,DC01$,S-1-5-18,,,,,,,,,,,,,,,
2025-08-16T23:24:47.923755Z,4672,DC01.garfield.htb,Microsoft-Windows-Security-Auditing,Security,2970,0,,,,,,,,,,,,,,,,,,,,,,,,,,,,,,,,,,,,,,,,,,,,,,,,,,,,,,,,,,,,,,,,,,,,,,,,,,,,,,,,,,,,,,,,,,,,,,,,,,,,,,,,,,,,,,,,,"SeSecurityPrivilege
			SeBackupPrivilege
			SeRestorePrivilege
			SeTakeOwnershipPrivilege
			SeDebugPrivilege
			SeSystemEnvironmentPrivilege
			SeLoadDriverPrivilege
			SeImpersonatePrivilege
			SeDelegateSessionUserImpersonatePrivilege
			SeEnableDelegationPrivilege",,,,,,,,,,,,,,,,,,,,,,,,,,,,,,GARFIELD,0x57982e,,DC01$,S-1-5-18,,,,,,,,,,,,,,,,,,,,,,,,,,,,,
2025-08-16T23:24:47.923864Z,4624,DC01.garfield.htb,Microsoft-Windows-Security-Auditing,Security,2971,0,,,,,,,,,,,,,,,,,Kerberos,,,,,,,,,,,,,,,,,,,,,,,,%%1842,,,,,,,,,,,,,%%1833,::1,59470,,,,0,,,-,,,,,201A15EE-9398-F032-5FB0-5D8990737C30,,Kerberos,3,,,,,,,,,,,,,,,,,,,,,,,,,,,,,,,,,,,,,,,,,,,,0x0,-,,,,,,,,,,-,,,,,,,,,,,,,,,,,-,0x0,,-,S-1-0-0,GARFIELD.HTB,,0x0,,0x57982e,,-,-,,,,,DC01$,S-1-5-18,,,,,-,,,,,,%%1843,,,-,
2025-08-16T23:24:47.925297Z,4768,DC01.garfield.htb,Microsoft-Windows-Security-Auditing,Security,2972,0,,,,,,,,,,,,,,,,,,,,,,,,,,,,,,,,,,,,,,,,,,,,,,,,,,,,,,,::1,0,,,,,,,,,,,,,,,,,,,,,,,,,,,,,,,,,,,,,,,,,,,,,,,,,,,,,,2,,,,,,,,,,,,,,,,,,,,,,krbtgt,,S-1-5-21-2502726253-3859040611-225969357-502,,,,0x0,,,,,,,,,,GARFIELD.HTB,,,,,,,,,,,S-1-5-21-2502726253-3859040611-225969357-1000,DC01$,,,0x12,0x40810010,,,,,,,,,,,,
2025-08-16T23:24:47.925957Z,4769,DC01.garfield.htb,Microsoft-Windows-Security-Auditing,Security,2973,0,,,,,,,,,,,,,,,,,,,,,,,,,,,,,,,,,,,,,,,,,,,,,,,,,,,,,,,::1,0,,,,,,,,,,,,080221CC-9E28-51D7-F551-585426F46341,,,,,,,,,,,,,,,,,,,,,,,,,,,,,,,,,,,,,,,,,,,,,,,,,,,,,,,,,,,,,,,,DC01$,,S-1-5-21-2502726253-3859040611-225969357-1000,,,,0x0,,,,,,,,,,GARFIELD.HTB,,,,,,,,,,,,DC01$@GARFIELD.HTB,,,0x12,0x40810000,,-,,,,,,,,,,
2025-08-16T23:24:47.926128Z,4769,DC01.garfield.htb,Microsoft-Windows-Security-Auditing,Security,2974,0,,,,,,,,,,,,,,,,,,,,,,,,,,,,,,,,,,,,,,,,,,,,,,,,,,,,,,,::1,0,,,,,,,,,,,,080221CC-9E28-51D7-F551-585426F46341,,,,,,,,,,,,,,,,,,,,,,,,,,,,,,,,,,,,,,,,,,,,,,,,,,,,,,,,,,,,,,,,krbtgt,,S-1-5-21-2502726253-3859040611-225969357-502,,,,0x0,,,,,,,,,,GARFIELD.HTB,,,,,,,,,,,,DC01$@GARFIELD.HTB,,,0x12,0x60810010,,-,,,,,,,,,,
2025-08-16T23:24:47.926966Z,4672,DC01.garfield.htb,Microsoft-Windows-Security-Auditing,Security,2975,0,,,,,,,,,,,,,,,,,,,,,,,,,,,,,,,,,,,,,,,,,,,,,,,,,,,,,,,,,,,,,,,,,,,,,,,,,,,,,,,,,,,,,,,,,,,,,,,,,,,,,,,,,,,,,,,,,"SeAuditPrivilege
			SeImpersonatePrivilege
			SeAssignPrimaryTokenPrivilege",,,,,,,,,,,,,,,,,,,,,,,,,,,,,,GARFIELD,0x57985e,,DC01$,S-1-5-21-2502726253-3859040611-225969357-1000,,,,,,,,,,,,,,,,,,,,,,,,,,,,,
2025-08-16T23:24:47.927055Z,4624,DC01.garfield.htb,Microsoft-Windows-Security-Auditing,Security,2976,0,,,,,,,,,,,,,,,,,Kerberos,,,,,,,,,,,,,,,,,,,,,,,,%%1842,,,,,,,,,,,,,%%1840,-,-,,,,0,,,-,,,,,E5E125C4-3C05-8E09-6A11-884440B15CA9,,Kerberos,3,,,,,,,,,,,,,,,,,,,,,,,,,,,,,,,,,,,,,,,,,,,,0x0,-,,,,,,,,,,-,,,,,,,,,,,,,,,,,-,0x0,,-,S-1-0-0,GARFIELD.HTB,,0x0,,0x57985e,,-,-,,,,,DC01$,S-1-5-21-2502726253-3859040611-225969357-1000,,,,,-,,,,,,%%1843,,,-,
2025-08-16T23:24:59.664402Z,5379,DC01.garfield.htb,Microsoft-Windows-Security-Auditing,Security,2977,0,,,,,,,,,,,,,,,,,,,,,,,,,3412,,,,0,,,,,,,,,,,,,,,,,,,,,,,,,,,,,,,,,,,,,,,,,,,,,,,,,,,,,,,,,,,,,,,,,,,,,,,,,,,,,,,,,,,,,2025-08-16T23:24:42.356950Z,,,,,,,,%%8100,,,,,3221226021,,,,,,,,,,,,,,,,GARFIELD,0x5ce30,,Administrator,S-1-5-21-2502726253-3859040611-225969357-500,,,,,,MicrosoftAccount:user=02duftxaqzoilzkp,,,,,,,,,,,,,,0,,,,,,,,,
2025-08-16T23:24:59.664454Z,5379,DC01.garfield.htb,Microsoft-Windows-Security-Auditing,Security,2978,0,,,,,,,,,,,,,,,,,,,,,,,,,3412,,,,0,,,,,,,,,,,,,,,,,,,,,,,,,,,,,,,,,,,,,,,,,,,,,,,,,,,,,,,,,,,,,,,,,,,,,,,,,,,,,,,,,,,,,2025-08-16T23:24:42.356950Z,,,,,,,,%%8100,,,,,3221226021,,,,,,,,,,,,,,,,GARFIELD,0x5ce30,,Administrator,S-1-5-21-2502726253-3859040611-225969357-500,,,,,,WindowsLive:(token):name=02duftxaqzoilzkp;serviceuri=*,,,,,,,,,,,,,,0,,,,,,,,,
2025-08-16T23:24:59.664662Z,5379,DC01.garfield.htb,Microsoft-Windows-Security-Auditing,Security,2979,0,,,,,,,,,,,,,,,,,,,,,,,,,3412,,,,0,,,,,,,,,,,,,,,,,,,,,,,,,,,,,,,,,,,,,,,,,,,,,,,,,,,,,,,,,,,,,,,,,,,,,,,,,,,,,,,,,,,,,2025-08-16T23:24:42.356950Z,,,,,,,,%%8100,,,,,3221226021,,,,,,,,,,,,,,,,GARFIELD,0x5ce30,,Administrator,S-1-5-21-2502726253-3859040611-225969357-500,,,,,,WindowsLive:(cert):name=02duftxaqzoilzkp;serviceuri=*,,,,,,,,,,,,,,0,,,,,,,,,
2025-08-16T23:25:00.161451Z,5379,DC01.garfield.htb,Microsoft-Windows-Security-Auditing,Security,2980,0,,,,,,,,,,,,,,,,,,,,,,,,,3412,,,,0,,,,,,,,,,,,,,,,,,,,,,,,,,,,,,,,,,,,,,,,,,,,,,,,,,,,,,,,,,,,,,,,,,,,,,,,,,,,,,,,,,,,,2025-08-16T23:24:42.356950Z,,,,,,,,%%8100,,,,,3221226021,,,,,,,,,,,,,,,,GARFIELD,0x5ce30,,Administrator,S-1-5-21-2502726253-3859040611-225969357-500,,,,,,MicrosoftAccount:user=02duftxaqzoilzkp,,,,,,,,,,,,,,0,,,,,,,,,
2025-08-16T23:25:00.163829Z,5379,DC01.garfield.htb,Microsoft-Windows-Security-Auditing,Security,2981,0,,,,,,,,,,,,,,,,,,,,,,,,,3412,,,,0,,,,,,,,,,,,,,,,,,,,,,,,,,,,,,,,,,,,,,,,,,,,,,,,,,,,,,,,,,,,,,,,,,,,,,,,,,,,,,,,,,,,,2025-08-16T23:24:42.356950Z,,,,,,,,%%8100,,,,,3221226021,,,,,,,,,,,,,,,,GARFIELD,0x5ce30,,Administrator,S-1-5-21-2502726253-3859040611-225969357-500,,,,,,MicrosoftAccount:user=02duftxaqzoilzkp,,,,,,,,,,,,,,0,,,,,,,,,
2025-08-16T23:25:00.165633Z,5379,DC01.garfield.htb,Microsoft-Windows-Security-Auditing,Security,2982,0,,,,,,,,,,,,,,,,,,,,,,,,,3412,,,,0,,,,,,,,,,,,,,,,,,,,,,,,,,,,,,,,,,,,,,,,,,,,,,,,,,,,,,,,,,,,,,,,,,,,,,,,,,,,,,,,,,,,,2025-08-16T23:24:42.356950Z,,,,,,,,%%8100,,,,,3221226021,,,,,,,,,,,,,,,,GARFIELD,0x5ce30,,Administrator,S-1-5-21-2502726253-3859040611-225969357-500,,,,,,MicrosoftAccount:user=02duftxaqzoilzkp,,,,,,,,,,,,,,0,,,,,,,,,
2025-08-16T23:25:00.165670Z,5379,DC01.garfield.htb,Microsoft-Windows-Security-Auditing,Security,2983,0,,,,,,,,,,,,,,,,,,,,,,,,,3412,,,,0,,,,,,,,,,,,,,,,,,,,,,,,,,,,,,,,,,,,,,,,,,,,,,,,,,,,,,,,,,,,,,,,,,,,,,,,,,,,,,,,,,,,,2025-08-16T23:24:42.356950Z,,,,,,,,%%8100,,,,,3221226021,,,,,,,,,,,,,,,,GARFIELD,0x5ce30,,Administrator,S-1-5-21-2502726253-3859040611-225969357-500,,,,,,MicrosoftAccount:user=02duftxaqzoilzkp,,,,,,,,,,,,,,0,,,,,,,,,
2025-08-16T23:25:07.901354Z,4634,DC01.garfield.htb,Microsoft-Windows-Security-Auditing,Security,2984,0,,,,,,,,,,,,,,,,,,,,,,,,,,,,,,,,,,,,,,,,,,,,,,,,,,,,,,,,,,,,,,,,,,,,,,,3,,,,,,,,,,,,,,,,,,,,,,,,,,,,,,,,,,,,,,,,,,,,,,,,,,,,,,,,,,,,,,,,,,,,,,,,,,,,,GARFIELD,,,,0x4c7d4,,,,,,,,DC01$,S-1-5-18,,,,,,,,,,,,,,,
2025-08-16T23:25:07.902561Z,4672,DC01.garfield.htb,Microsoft-Windows-Security-Auditing,Security,2985,0,,,,,,,,,,,,,,,,,,,,,,,,,,,,,,,,,,,,,,,,,,,,,,,,,,,,,,,,,,,,,,,,,,,,,,,,,,,,,,,,,,,,,,,,,,,,,,,,,,,,,,,,,,,,,,,,,"SeSecurityPrivilege
			SeBackupPrivilege
			SeRestorePrivilege
			SeTakeOwnershipPrivilege
			SeDebugPrivilege
			SeSystemEnvironmentPrivilege
			SeLoadDriverPrivilege
			SeImpersonatePrivilege
			SeDelegateSessionUserImpersonatePrivilege
			SeEnableDelegationPrivilege",,,,,,,,,,,,,,,,,,,,,,,,,,,,,,GARFIELD,0x5cc52f,,DC01$,S-1-5-18,,,,,,,,,,,,,,,,,,,,,,,,,,,,,
2025-08-16T23:25:07.902706Z,4624,DC01.garfield.htb,Microsoft-Windows-Security-Auditing,Security,2986,0,,,,,,,,,,,,,,,,,Kerberos,,,,,,,,,,,,,,,,,,,,,,,,%%1842,,,,,,,,,,,,,%%1840,fe80::c4ff:5747:1d3c:fba0,52663,,,,0,,,-,,,,,201A15EE-9398-F032-5FB0-5D8990737C30,,Kerberos,3,,,,,,,,,,,,,,,,,,,,,,,,,,,,,,,,,,,,,,,,,,,,0x0,-,,,,,,,,,,-,,,,,,,,,,,,,,,,,-,0x0,,-,S-1-0-0,GARFIELD.HTB,,0x0,,0x5cc52f,,-,-,,,,,DC01$,S-1-5-18,,,,,-,,,,,,%%1843,,,-,
2025-08-16T23:25:38.311208Z,4672,DC01.garfield.htb,Microsoft-Windows-Security-Auditing,Security,2987,0,,,,,,,,,,,,,,,,,,,,,,,,,,,,,,,,,,,,,,,,,,,,,,,,,,,,,,,,,,,,,,,,,,,,,,,,,,,,,,,,,,,,,,,,,,,,,,,,,,,,,,,,,,,,,,,,,"SeSecurityPrivilege
			SeBackupPrivilege
			SeRestorePrivilege
			SeTakeOwnershipPrivilege
			SeDebugPrivilege
			SeSystemEnvironmentPrivilege
			SeLoadDriverPrivilege
			SeImpersonatePrivilege
			SeDelegateSessionUserImpersonatePrivilege
			SeEnableDelegationPrivilege",,,,,,,,,,,,,,,,,,,,,,,,,,,,,,GARFIELD,0x69744a,,DC01$,S-1-5-18,,,,,,,,,,,,,,,,,,,,,,,,,,,,,
2025-08-16T23:25:38.311280Z,4624,DC01.garfield.htb,Microsoft-Windows-Security-Auditing,Security,2988,0,,,,,,,,,,,,,,,,,Kerberos,,,,,,,,,,,,,,,,,,,,,,,,%%1842,,,,,,,,,,,,,%%1833,::1,52668,,,,0,,,-,,,,,201A15EE-9398-F032-5FB0-5D8990737C30,,Kerberos,3,,,,,,,,,,,,,,,,,,,,,,,,,,,,,,,,,,,,,,,,,,,,0x0,-,,,,,,,,,,-,,,,,,,,,,,,,,,,,-,0x0,,-,S-1-0-0,GARFIELD.HTB,,0x0,,0x69744a,,-,-,,,,,DC01$,S-1-5-18,,,,,-,,,,,,%%1843,,,-,
2025-08-16T23:25:38.312009Z,4634,DC01.garfield.htb,Microsoft-Windows-Security-Auditing,Security,2989,0,,,,,,,,,,,,,,,,,,,,,,,,,,,,,,,,,,,,,,,,,,,,,,,,,,,,,,,,,,,,,,,,,,,,,,,3,,,,,,,,,,,,,,,,,,,,,,,,,,,,,,,,,,,,,,,,,,,,,,,,,,,,,,,,,,,,,,,,,,,,,,,,,,,,,GARFIELD,,,,0x69744a,,,,,,,,DC01$,S-1-5-18,,,,,,,,,,,,,,,
2025-08-16T23:26:08.976745Z,4769,DC01.garfield.htb,Microsoft-Windows-Security-Auditing,Security,2990,0,,,,,,,,,,,,,,,,,,,,,,,,,,,,,,,,,,,,,,,,,,,,,,,,,,,,,,,::1,0,,,,,,,,,,,,F0DD7935-133F-FA3D-88B6-DE902B5A8DBA,,,,,,,,,,,,,,,,,,,,,,,,,,,,,,,,,,,,,,,,,,,,,,,,,,,,,,,,,,,,,,,,DC01$,,S-1-5-21-2502726253-3859040611-225969357-1000,,,,0x0,,,,,,,,,,GARFIELD.HTB,,,,,,,,,,,,DC01$@GARFIELD.HTB,,,0x12,0x40810000,,-,,,,,,,,,,
2025-08-16T23:26:08.977077Z,4672,DC01.garfield.htb,Microsoft-Windows-Security-Auditing,Security,2991,0,,,,,,,,,,,,,,,,,,,,,,,,,,,,,,,,,,,,,,,,,,,,,,,,,,,,,,,,,,,,,,,,,,,,,,,,,,,,,,,,,,,,,,,,,,,,,,,,,,,,,,,,,,,,,,,,,"SeSecurityPrivilege
			SeBackupPrivilege
			SeRestorePrivilege
			SeTakeOwnershipPrivilege
			SeDebugPrivilege
			SeSystemEnvironmentPrivilege
			SeLoadDriverPrivilege
			SeImpersonatePrivilege
			SeDelegateSessionUserImpersonatePrivilege
			SeEnableDelegationPrivilege",,,,,,,,,,,,,,,,,,,,,,,,,,,,,,GARFIELD,0x73529e,,DC01$,S-1-5-18,,,,,,,,,,,,,,,,,,,,,,,,,,,,,
2025-08-16T23:26:08.977271Z,4624,DC01.garfield.htb,Microsoft-Windows-Security-Auditing,Security,2992,0,,,,,,,,,,,,,,,,,Kerberos,,,,,,,,,,,,,,,,,,,,,,,,%%1842,,,,,,,,,,,,,%%1833,fe80::c4ff:5747:1d3c:fba0,52673,,,,0,,,-,,,,,F2E32A99-9F6B-D1B0-B0BE-19967BD7B593,,Kerberos,3,,,,,,,,,,,,,,,,,,,,,,,,,,,,,,,,,,,,,,,,,,,,0x0,-,,,,,,,,,,-,,,,,,,,,,,,,,,,,-,0x0,,-,S-1-0-0,GARFIELD.HTB,,0x0,,0x73529e,,-,-,,,,,DC01$,S-1-5-18,,,,,-,,,,,,%%1843,,,-,
2025-08-16T23:26:12.803541Z,4634,DC01.garfield.htb,Microsoft-Windows-Security-Auditing,Security,2993,0,,,,,,,,,,,,,,,,,,,,,,,,,,,,,,,,,,,,,,,,,,,,,,,,,,,,,,,,,,,,,,,,,,,,,,,3,,,,,,,,,,,,,,,,,,,,,,,,,,,,,,,,,,,,,,,,,,,,,,,,,,,,,,,,,,,,,,,,,,,,,,,,,,,,,GARFIELD,,,,0x56d809,,,,,,,,DC01$,S-1-5-18,,,,,,,,,,,,,,,
2025-08-16T23:26:12.803648Z,4634,DC01.garfield.htb,Microsoft-Windows-Security-Auditing,Security,2994,0,,,,,,,,,,,,,,,,,,,,,,,,,,,,,,,,,,,,,,,,,,,,,,,,,,,,,,,,,,,,,,,,,,,,,,,3,,,,,,,,,,,,,,,,,,,,,,,,,,,,,,,,,,,,,,,,,,,,,,,,,,,,,,,,,,,,,,,,,,,,,,,,,,,,,GARFIELD,,,,0x56d856,,,,,,,,DC01$,S-1-5-18,,,,,,,,,,,,,,,
2025-08-16T23:26:38.332763Z,4672,DC01.garfield.htb,Microsoft-Windows-Security-Auditing,Security,2995,0,,,,,,,,,,,,,,,,,,,,,,,,,,,,,,,,,,,,,,,,,,,,,,,,,,,,,,,,,,,,,,,,,,,,,,,,,,,,,,,,,,,,,,,,,,,,,,,,,,,,,,,,,,,,,,,,,"SeSecurityPrivilege
			SeBackupPrivilege
			SeRestorePrivilege
			SeTakeOwnershipPrivilege
			SeDebugPrivilege
			SeSystemEnvironmentPrivilege
			SeLoadDriverPrivilege
			SeImpersonatePrivilege
			SeDelegateSessionUserImpersonatePrivilege
			SeEnableDelegationPrivilege",,,,,,,,,,,,,,,,,,,,,,,,,,,,,,GARFIELD,0x743f7c,,DC01$,S-1-5-18,,,,,,,,,,,,,,,,,,,,,,,,,,,,,
2025-08-16T23:26:38.332834Z,4624,DC01.garfield.htb,Microsoft-Windows-Security-Auditing,Security,2996,0,,,,,,,,,,,,,,,,,Kerberos,,,,,,,,,,,,,,,,,,,,,,,,%%1842,,,,,,,,,,,,,%%1833,::1,52674,,,,0,,,-,,,,,201A15EE-9398-F032-5FB0-5D8990737C30,,Kerberos,3,,,,,,,,,,,,,,,,,,,,,,,,,,,,,,,,,,,,,,,,,,,,0x0,-,,,,,,,,,,-,,,,,,,,,,,,,,,,,-,0x0,,-,S-1-0-0,GARFIELD.HTB,,0x0,,0x743f7c,,-,-,,,,,DC01$,S-1-5-18,,,,,-,,,,,,%%1843,,,-,
2025-08-16T23:26:38.333544Z,4634,DC01.garfield.htb,Microsoft-Windows-Security-Auditing,Security,2997,0,,,,,,,,,,,,,,,,,,,,,,,,,,,,,,,,,,,,,,,,,,,,,,,,,,,,,,,,,,,,,,,,,,,,,,,3,,,,,,,,,,,,,,,,,,,,,,,,,,,,,,,,,,,,,,,,,,,,,,,,,,,,,,,,,,,,,,,,,,,,,,,,,,,,,GARFIELD,,,,0x743f7c,,,,,,,,DC01$,S-1-5-18,,,,,,,,,,,,,,,
2025-08-16T23:26:42.767638Z,4672,DC01.garfield.htb,Microsoft-Windows-Security-Auditing,Security,2998,0,,,,,,,,,,,,,,,,,,,,,,,,,,,,,,,,,,,,,,,,,,,,,,,,,,,,,,,,,,,,,,,,,,,,,,,,,,,,,,,,,,,,,,,,,,,,,,,,,,,,,,,,,,,,,,,,,"SeSecurityPrivilege
			SeBackupPrivilege
			SeRestorePrivilege
			SeTakeOwnershipPrivilege
			SeDebugPrivilege
			SeSystemEnvironmentPrivilege
			SeLoadDriverPrivilege
			SeImpersonatePrivilege
			SeDelegateSessionUserImpersonatePrivilege
			SeEnableDelegationPrivilege",,,,,,,,,,,,,,,,,,,,,,,,,,,,,,GARFIELD,0x745d83,,DC01$,S-1-5-18,,,,,,,,,,,,,,,,,,,,,,,,,,,,,
2025-08-16T23:26:42.767729Z,4624,DC01.garfield.htb,Microsoft-Windows-Security-Auditing,Security,2999,0,,,,,,,,,,,,,,,,,Kerberos,,,,,,,,,,,,,,,,,,,,,,,,%%1842,,,,,,,,,,,,,%%1833,fe80::c4ff:5747:1d3c:fba0,52675,,,,0,,,-,,,,,201A15EE-9398-F032-5FB0-5D8990737C30,,Kerberos,3,,,,,,,,,,,,,,,,,,,,,,,,,,,,,,,,,,,,,,,,,,,,0x0,-,,,,,,,,,,-,,,,,,,,,,,,,,,,,-,0x0,,-,S-1-0-0,GARFIELD.HTB,,0x0,,0x745d83,,-,-,,,,,DC01$,S-1-5-18,,,,,-,,,,,,%%1843,,,-,
2025-08-16T23:26:42.768187Z,4672,DC01.garfield.htb,Microsoft-Windows-Security-Auditing,Security,3000,0,,,,,,,,,,,,,,,,,,,,,,,,,,,,,,,,,,,,,,,,,,,,,,,,,,,,,,,,,,,,,,,,,,,,,,,,,,,,,,,,,,,,,,,,,,,,,,,,,,,,,,,,,,,,,,,,,"SeSecurityPrivilege
			SeBackupPrivilege
			SeRestorePrivilege
			SeTakeOwnershipPrivilege
			SeDebugPrivilege
			SeSystemEnvironmentPrivilege
			SeLoadDriverPrivilege
			SeImpersonatePrivilege
			SeDelegateSessionUserImpersonatePrivilege
			SeEnableDelegationPrivilege",,,,,,,,,,,,,,,,,,,,,,,,,,,,,,GARFIELD,0x745dae,,DC01$,S-1-5-18,,,,,,,,,,,,,,,,,,,,,,,,,,,,,
2025-08-16T23:26:42.768500Z,4624,DC01.garfield.htb,Microsoft-Windows-Security-Auditing,Security,3001,0,,,,,,,,,,,,,,,,,Kerberos,,,,,,,,,,,,,,,,,,,,,,,,%%1842,,,,,,,,,,,,,%%1833,fe80::c4ff:5747:1d3c:fba0,52677,,,,0,,,-,,,,,201A15EE-9398-F032-5FB0-5D8990737C30,,Kerberos,3,,,,,,,,,,,,,,,,,,,,,,,,,,,,,,,,,,,,,,,,,,,,0x0,-,,,,,,,,,,-,,,,,,,,,,,,,,,,,-,0x0,,-,S-1-0-0,GARFIELD.HTB,,0x0,,0x745dae,,-,-,,,,,DC01$,S-1-5-18,,,,,-,,,,,,%%1843,,,-,
2025-08-16T23:26:42.772459Z,4769,DC01.garfield.htb,Microsoft-Windows-Security-Auditing,Security,3002,0,,,,,,,,,,,,,,,,,,,,,,,,,,,,,,,,,,,,,,,,,,,,,,,,,,,,,,,::1,0,,,,,,,,,,,,10497255-0D91-2D11-8BB3-17E4D03A8D16,,,,,,,,,,,,,,,,,,,,,,,,,,,,,,,,,,,,,,,,,,,,,,,,,,,,,,,,,,,,,,,,DC01$,,S-1-5-21-2502726253-3859040611-225969357-1000,,,,0x0,,,,,,,,,,GARFIELD.HTB,,,,,,,,,,,,DC01$@GARFIELD.HTB,,,0x12,0x40810000,,-,,,,,,,,,,
2025-08-16T23:26:42.772661Z,4672,DC01.garfield.htb,Microsoft-Windows-Security-Auditing,Security,3003,0,,,,,,,,,,,,,,,,,,,,,,,,,,,,,,,,,,,,,,,,,,,,,,,,,,,,,,,,,,,,,,,,,,,,,,,,,,,,,,,,,,,,,,,,,,,,,,,,,,,,,,,,,,,,,,,,,"SeSecurityPrivilege
			SeBackupPrivilege
			SeRestorePrivilege
			SeTakeOwnershipPrivilege
			SeDebugPrivilege
			SeSystemEnvironmentPrivilege
			SeLoadDriverPrivilege
			SeImpersonatePrivilege
			SeDelegateSessionUserImpersonatePrivilege
			SeEnableDelegationPrivilege",,,,,,,,,,,,,,,,,,,,,,,,,,,,,,GARFIELD,0x745ea5,,DC01$,S-1-5-18,,,,,,,,,,,,,,,,,,,,,,,,,,,,,
2025-08-16T23:26:42.772709Z,4624,DC01.garfield.htb,Microsoft-Windows-Security-Auditing,Security,3004,0,,,,,,,,,,,,,,,,,Kerberos,,,,,,,,,,,,,,,,,,,,,,,,%%1842,,,,,,,,,,,,,%%1833,::1,0,,,,0,,,-,,,,,26E32126-A211-5AA6-80C2-8CBC172233CD,,Kerberos,3,,,,,,,,,,,,,,,,,,,,,,,,,,,,,,,,,,,,,,,,,,,,0x0,-,,,,,,,,,,-,,,,,,,,,,,,,,,,,-,0x0,,-,S-1-0-0,GARFIELD.HTB,,0x0,,0x745ea5,,-,-,,,,,DC01$,S-1-5-18,,,,,-,,,,,,%%1843,,,-,
2025-08-16T23:26:42.774950Z,4672,DC01.garfield.htb,Microsoft-Windows-Security-Auditing,Security,3005,0,,,,,,,,,,,,,,,,,,,,,,,,,,,,,,,,,,,,,,,,,,,,,,,,,,,,,,,,,,,,,,,,,,,,,,,,,,,,,,,,,,,,,,,,,,,,,,,,,,,,,,,,,,,,,,,,,"SeSecurityPrivilege
			SeBackupPrivilege
			SeRestorePrivilege
			SeTakeOwnershipPrivilege
			SeDebugPrivilege
			SeSystemEnvironmentPrivilege
			SeLoadDriverPrivilege
			SeImpersonatePrivilege
			SeDelegateSessionUserImpersonatePrivilege
			SeEnableDelegationPrivilege",,,,,,,,,,,,,,,,,,,,,,,,,,,,,,GARFIELD,0x745ef2,,DC01$,S-1-5-18,,,,,,,,,,,,,,,,,,,,,,,,,,,,,
2025-08-16T23:26:42.774997Z,4624,DC01.garfield.htb,Microsoft-Windows-Security-Auditing,Security,3006,0,,,,,,,,,,,,,,,,,Kerberos,,,,,,,,,,,,,,,,,,,,,,,,%%1842,,,,,,,,,,,,,%%1833,10.10.11.221,52678,,,,0,,,-,,,,,201A15EE-9398-F032-5FB0-5D8990737C30,,Kerberos,3,,,,,,,,,,,,,,,,,,,,,,,,,,,,,,,,,,,,,,,,,,,,0x0,-,,,,,,,,,,-,,,,,,,,,,,,,,,,,-,0x0,,-,S-1-0-0,GARFIELD.HTB,,0x0,,0x745ef2,,-,-,,,,,DC01$,S-1-5-18,,,,,-,,,,,,%%1843,,,-,
2025-08-16T23:26:43.422713Z,4769,DC01.garfield.htb,Microsoft-Windows-Security-Auditing,Security,3007,0,,,,,,,,,,,,,,,,,,,,,,,,,,,,,,,,,,,,,,,,,,,,,,,,,,,,,,,::1,0,,,,,,,,,,,,777602F5-101F-E76D-F271-F1C44B5770E3,,,,,,,,,,,,,,,,,,,,,,,,,,,,,,,,,,,,,,,,,,,,,,,,,,,,,,,,,,,,,,,,DC01$,,S-1-5-21-2502726253-3859040611-225969357-1000,,,,0x0,,,,,,,,,,GARFIELD.HTB,,,,,,,,,,,,DC01$@GARFIELD.HTB,,,0x12,0x40800000,,-,,,,,,,,,,
2025-08-16T23:26:43.423201Z,4672,DC01.garfield.htb,Microsoft-Windows-Security-Auditing,Security,3008,0,,,,,,,,,,,,,,,,,,,,,,,,,,,,,,,,,,,,,,,,,,,,,,,,,,,,,,,,,,,,,,,,,,,,,,,,,,,,,,,,,,,,,,,,,,,,,,,,,,,,,,,,,,,,,,,,,"SeSecurityPrivilege
			SeBackupPrivilege
			SeRestorePrivilege
			SeTakeOwnershipPrivilege
			SeDebugPrivilege
			SeSystemEnvironmentPrivilege
			SeLoadDriverPrivilege
			SeImpersonatePrivilege
			SeDelegateSessionUserImpersonatePrivilege
			SeEnableDelegationPrivilege",,,,,,,,,,,,,,,,,,,,,,,,,,,,,,GARFIELD,0x746003,,DC01$,S-1-5-18,,,,,,,,,,,,,,,,,,,,,,,,,,,,,
2025-08-16T23:26:43.423283Z,4624,DC01.garfield.htb,Microsoft-Windows-Security-Auditing,Security,3009,0,,,,,,,,,,,,,,,,,Kerberos,,,,,,,,,,,,,,,,,,,,,,,,%%1842,,,,,,,,,,,,,%%1840,fe80::c4ff:5747:1d3c:fba0,52679,,,,0,,,-,,,,,23DA26BA-98EF-3BB3-4E13-82FA42A1110B,,Kerberos,3,,,,,,,,,,,,,,,,,,,,,,,,,,,,,,,,,,,,,,,,,,,,0x0,-,,,,,,,,,,-,,,,,,,,,,,,,,,,,-,0x0,,-,S-1-0-0,GARFIELD.HTB,,0x0,,0x746003,,-,-,,,,,DC01$,S-1-5-18,,,,,-,,,,,,%%1843,,,-,
2025-08-16T23:26:44.073515Z,4634,DC01.garfield.htb,Microsoft-Windows-Security-Auditing,Security,3010,0,,,,,,,,,,,,,,,,,,,,,,,,,,,,,,,,,,,,,,,,,,,,,,,,,,,,,,,,,,,,,,,,,,,,,,,3,,,,,,,,,,,,,,,,,,,,,,,,,,,,,,,,,,,,,,,,,,,,,,,,,,,,,,,,,,,,,,,,,,,,,,,,,,,,,GARFIELD,,,,0x745ef2,,,,,,,,DC01$,S-1-5-18,,,,,,,,,,,,,,,
2025-08-16T23:26:44.073531Z,4634,DC01.garfield.htb,Microsoft-Windows-Security-Auditing,Security,3011,0,,,,,,,,,,,,,,,,,,,,,,,,,,,,,,,,,,,,,,,,,,,,,,,,,,,,,,,,,,,,,,,,,,,,,,,3,,,,,,,,,,,,,,,,,,,,,,,,,,,,,,,,,,,,,,,,,,,,,,,,,,,,,,,,,,,,,,,,,,,,,,,,,,,,,GARFIELD,,,,0x745ea5,,,,,,,,DC01$,S-1-5-18,,,,,,,,,,,,,,,
2025-08-16T23:26:44.697085Z,4634,DC01.garfield.htb,Microsoft-Windows-Security-Auditing,Security,3012,0,,,,,,,,,,,,,,,,,,,,,,,,,,,,,,,,,,,,,,,,,,,,,,,,,,,,,,,,,,,,,,,,,,,,,,,3,,,,,,,,,,,,,,,,,,,,,,,,,,,,,,,,,,,,,,,,,,,,,,,,,,,,,,,,,,,,,,,,,,,,,,,,,,,,,GARFIELD,,,,0x745d83,,,,,,,,DC01$,S-1-5-18,,,,,,,,,,,,,,,
2025-08-16T23:26:54.535802Z,4634,DC01.garfield.htb,Microsoft-Windows-Security-Auditing,Security,3013,0,,,,,,,,,,,,,,,,,,,,,,,,,,,,,,,,,,,,,,,,,,,,,,,,,,,,,,,,,,,,,,,,,,,,,,,3,,,,,,,,,,,,,,,,,,,,,,,,,,,,,,,,,,,,,,,,,,,,,,,,,,,,,,,,,,,,,,,,,,,,,,,,,,,,,GARFIELD,,,,0x746003,,,,,,,,DC01$,S-1-5-18,,,,,,,,,,,,,,,
2025-08-16T23:27:41.617919Z,4672,DC01.garfield.htb,Microsoft-Windows-Security-Auditing,Security,3014,0,,,,,,,,,,,,,,,,,,,,,,,,,,,,,,,,,,,,,,,,,,,,,,,,,,,,,,,,,,,,,,,,,,,,,,,,,,,,,,,,,,,,,,,,,,,,,,,,,,,,,,,,,,,,,,,,,"SeSecurityPrivilege
			SeBackupPrivilege
			SeRestorePrivilege
			SeTakeOwnershipPrivilege
			SeDebugPrivilege
			SeSystemEnvironmentPrivilege
			SeLoadDriverPrivilege
			SeImpersonatePrivilege
			SeDelegateSessionUserImpersonatePrivilege
			SeEnableDelegationPrivilege",,,,,,,,,,,,,,,,,,,,,,,,,,,,,,GARFIELD,0x749fbe,,DC01$,S-1-5-18,,,,,,,,,,,,,,,,,,,,,,,,,,,,,
2025-08-16T23:27:41.618000Z,4624,DC01.garfield.htb,Microsoft-Windows-Security-Auditing,Security,3015,0,,,,,,,,,,,,,,,,,Kerberos,,,,,,,,,,,,,,,,,,,,,,,,%%1842,,,,,,,,,,,,,%%1833,::1,52680,,,,0,,,-,,,,,201A15EE-9398-F032-5FB0-5D8990737C30,,Kerberos,3,,,,,,,,,,,,,,,,,,,,,,,,,,,,,,,,,,,,,,,,,,,,0x0,-,,,,,,,,,,-,,,,,,,,,,,,,,,,,-,0x0,,-,S-1-0-0,GARFIELD.HTB,,0x0,,0x749fbe,,-,-,,,,,DC01$,S-1-5-18,,,,,-,,,,,,%%1843,,,-,
2025-08-16T23:27:41.619067Z,4634,DC01.garfield.htb,Microsoft-Windows-Security-Auditing,Security,3016,0,,,,,,,,,,,,,,,,,,,,,,,,,,,,,,,,,,,,,,,,,,,,,,,,,,,,,,,,,,,,,,,,,,,,,,,3,,,,,,,,,,,,,,,,,,,,,,,,,,,,,,,,,,,,,,,,,,,,,,,,,,,,,,,,,,,,,,,,,,,,,,,,,,,,,GARFIELD,,,,0x749fbe,,,,,,,,DC01$,S-1-5-18,,,,,,,,,,,,,,,
2025-08-16T23:27:42.983551Z,4634,DC01.garfield.htb,Microsoft-Windows-Security-Auditing,Security,3017,0,,,,,,,,,,,,,,,,,,,,,,,,,,,,,,,,,,,,,,,,,,,,,,,,,,,,,,,,,,,,,,,,,,,,,,,3,,,,,,,,,,,,,,,,,,,,,,,,,,,,,,,,,,,,,,,,,,,,,,,,,,,,,,,,,,,,,,,,,,,,,,,,,,,,,GARFIELD,,,,0x73529e,,,,,,,,DC01$,S-1-5-18,,,,,,,,,,,,,,,
2025-08-16T23:28:11.908069Z,4634,DC01.garfield.htb,Microsoft-Windows-Security-Auditing,Security,3018,0,,,,,,,,,,,,,,,,,,,,,,,,,,,,,,,,,,,,,,,,,,,,,,,,,,,,,,,,,,,,,,,,,,,,,,,3,,,,,,,,,,,,,,,,,,,,,,,,,,,,,,,,,,,,,,,,,,,,,,,,,,,,,,,,,,,,,,,,,,,,,,,,,,,,,GARFIELD,,,,0x57985e,,,,,,,,DC01$,S-1-5-21-2502726253-3859040611-225969357-1000,,,,,,,,,,,,,,,
2025-08-16T23:28:14.642599Z,4634,DC01.garfield.htb,Microsoft-Windows-Security-Auditing,Security,3019,0,,,,,,,,,,,,,,,,,,,,,,,,,,,,,,,,,,,,,,,,,,,,,,,,,,,,,,,,,,,,,,,,,,,,,,,3,,,,,,,,,,,,,,,,,,,,,,,,,,,,,,,,,,,,,,,,,,,,,,,,,,,,,,,,,,,,,,,,,,,,,,,,,,,,,GARFIELD,,,,0x745dae,,,,,,,,DC01$,S-1-5-18,,,,,,,,,,,,,,,
2025-08-16T23:28:44.486723Z,4672,DC01.garfield.htb,Microsoft-Windows-Security-Auditing,Security,3020,0,,,,,,,,,,,,,,,,,,,,,,,,,,,,,,,,,,,,,,,,,,,,,,,,,,,,,,,,,,,,,,,,,,,,,,,,,,,,,,,,,,,,,,,,,,,,,,,,,,,,,,,,,,,,,,,,,"SeSecurityPrivilege
			SeBackupPrivilege
			SeRestorePrivilege
			SeTakeOwnershipPrivilege
			SeDebugPrivilege
			SeSystemEnvironmentPrivilege
			SeLoadDriverPrivilege
			SeImpersonatePrivilege
			SeDelegateSessionUserImpersonatePrivilege
			SeEnableDelegationPrivilege",,,,,,,,,,,,,,,,,,,,,,,,,,,,,,GARFIELD,0x74bcac,,DC01$,S-1-5-18,,,,,,,,,,,,,,,,,,,,,,,,,,,,,
2025-08-16T23:28:44.486798Z,4624,DC01.garfield.htb,Microsoft-Windows-Security-Auditing,Security,3021,0,,,,,,,,,,,,,,,,,Kerberos,,,,,,,,,,,,,,,,,,,,,,,,%%1842,,,,,,,,,,,,,%%1833,::1,52681,,,,0,,,-,,,,,201A15EE-9398-F032-5FB0-5D8990737C30,,Kerberos,3,,,,,,,,,,,,,,,,,,,,,,,,,,,,,,,,,,,,,,,,,,,,0x0,-,,,,,,,,,,-,,,,,,,,,,,,,,,,,-,0x0,,-,S-1-0-0,GARFIELD.HTB,,0x0,,0x74bcac,,-,-,,,,,DC01$,S-1-5-18,,,,,-,,,,,,%%1843,,,-,
2025-08-16T23:28:44.487505Z,4634,DC01.garfield.htb,Microsoft-Windows-Security-Auditing,Security,3022,0,,,,,,,,,,,,,,,,,,,,,,,,,,,,,,,,,,,,,,,,,,,,,,,,,,,,,,,,,,,,,,,,,,,,,,,3,,,,,,,,,,,,,,,,,,,,,,,,,,,,,,,,,,,,,,,,,,,,,,,,,,,,,,,,,,,,,,,,,,,,,,,,,,,,,GARFIELD,,,,0x74bcac,,,,,,,,DC01$,S-1-5-18,,,,,,,,,,,,,,,
2025-08-16T23:29:45.772787Z,4672,DC01.garfield.htb,Microsoft-Windows-Security-Auditing,Security,3023,0,,,,,,,,,,,,,,,,,,,,,,,,,,,,,,,,,,,,,,,,,,,,,,,,,,,,,,,,,,,,,,,,,,,,,,,,,,,,,,,,,,,,,,,,,,,,,,,,,,,,,,,,,,,,,,,,,"SeSecurityPrivilege
			SeBackupPrivilege
			SeRestorePrivilege
			SeTakeOwnershipPrivilege
			SeDebugPrivilege
			SeSystemEnvironmentPrivilege
			SeLoadDriverPrivilege
			SeImpersonatePrivilege
			SeDelegateSessionUserImpersonatePrivilege
			SeEnableDelegationPrivilege",,,,,,,,,,,,,,,,,,,,,,,,,,,,,,GARFIELD,0x74da36,,DC01$,S-1-5-18,,,,,,,,,,,,,,,,,,,,,,,,,,,,,
2025-08-16T23:29:45.772901Z,4624,DC01.garfield.htb,Microsoft-Windows-Security-Auditing,Security,3024,0,,,,,,,,,,,,,,,,,Kerberos,,,,,,,,,,,,,,,,,,,,,,,,%%1842,,,,,,,,,,,,,%%1833,::1,52682,,,,0,,,-,,,,,201A15EE-9398-F032-5FB0-5D8990737C30,,Kerberos,3,,,,,,,,,,,,,,,,,,,,,,,,,,,,,,,,,,,,,,,,,,,,0x0,-,,,,,,,,,,-,,,,,,,,,,,,,,,,,-,0x0,,-,S-1-0-0,GARFIELD.HTB,,0x0,,0x74da36,,-,-,,,,,DC01$,S-1-5-18,,,,,-,,,,,,%%1843,,,-,
2025-08-16T23:29:45.773543Z,4634,DC01.garfield.htb,Microsoft-Windows-Security-Auditing,Security,3025,0,,,,,,,,,,,,,,,,,,,,,,,,,,,,,,,,,,,,,,,,,,,,,,,,,,,,,,,,,,,,,,,,,,,,,,,3,,,,,,,,,,,,,,,,,,,,,,,,,,,,,,,,,,,,,,,,,,,,,,,,,,,,,,,,,,,,,,,,,,,,,,,,,,,,,GARFIELD,,,,0x74da36,,,,,,,,DC01$,S-1-5-18,,,,,,,,,,,,,,,
2025-08-16T23:29:45.776532Z,4672,DC01.garfield.htb,Microsoft-Windows-Security-Auditing,Security,3026,0,,,,,,,,,,,,,,,,,,,,,,,,,,,,,,,,,,,,,,,,,,,,,,,,,,,,,,,,,,,,,,,,,,,,,,,,,,,,,,,,,,,,,,,,,,,,,,,,,,,,,,,,,,,,,,,,,"SeSecurityPrivilege
			SeBackupPrivilege
			SeRestorePrivilege
			SeTakeOwnershipPrivilege
			SeDebugPrivilege
			SeSystemEnvironmentPrivilege
			SeLoadDriverPrivilege
			SeImpersonatePrivilege
			SeDelegateSessionUserImpersonatePrivilege
			SeEnableDelegationPrivilege",,,,,,,,,,,,,,,,,,,,,,,,,,,,,,GARFIELD,0x74da8a,,DC01$,S-1-5-18,,,,,,,,,,,,,,,,,,,,,,,,,,,,,
2025-08-16T23:29:45.776744Z,4624,DC01.garfield.htb,Microsoft-Windows-Security-Auditing,Security,3027,0,,,,,,,,,,,,,,,,,Kerberos,,,,,,,,,,,,,,,,,,,,,,,,%%1842,,,,,,,,,,,,,%%1833,fe80::c4ff:5747:1d3c:fba0,59461,,,,0,,,-,,,,,201A15EE-9398-F032-5FB0-5D8990737C30,,Kerberos,3,,,,,,,,,,,,,,,,,,,,,,,,,,,,,,,,,,,,,,,,,,,,0x0,-,,,,,,,,,,-,,,,,,,,,,,,,,,,,-,0x0,,-,S-1-0-0,GARFIELD.HTB,,0x0,,0x74da8a,,-,-,,,,,DC01$,S-1-5-18,,,,,-,,,,,,%%1843,,,-,
2025-08-16T23:29:45.786052Z,4672,DC01.garfield.htb,Microsoft-Windows-Security-Auditing,Security,3028,0,,,,,,,,,,,,,,,,,,,,,,,,,,,,,,,,,,,,,,,,,,,,,,,,,,,,,,,,,,,,,,,,,,,,,,,,,,,,,,,,,,,,,,,,,,,,,,,,,,,,,,,,,,,,,,,,,"SeSecurityPrivilege
			SeBackupPrivilege
			SeRestorePrivilege
			SeTakeOwnershipPrivilege
			SeDebugPrivilege
			SeSystemEnvironmentPrivilege
			SeLoadDriverPrivilege
			SeImpersonatePrivilege
			SeDelegateSessionUserImpersonatePrivilege
			SeEnableDelegationPrivilege",,,,,,,,,,,,,,,,,,,,,,,,,,,,,,GARFIELD,0x74dba2,,DC01$,S-1-5-18,,,,,,,,,,,,,,,,,,,,,,,,,,,,,
2025-08-16T23:29:45.786105Z,4624,DC01.garfield.htb,Microsoft-Windows-Security-Auditing,Security,3029,0,,,,,,,,,,,,,,,,,Kerberos,,,,,,,,,,,,,,,,,,,,,,,,%%1842,,,,,,,,,,,,,%%1833,fe80::c4ff:5747:1d3c:fba0,52684,,,,0,,,-,,,,,201A15EE-9398-F032-5FB0-5D8990737C30,,Kerberos,3,,,,,,,,,,,,,,,,,,,,,,,,,,,,,,,,,,,,,,,,,,,,0x0,-,,,,,,,,,,-,,,,,,,,,,,,,,,,,-,0x0,,-,S-1-0-0,GARFIELD.HTB,,0x0,,0x74dba2,,-,-,,,,,DC01$,S-1-5-18,,,,,-,,,,,,%%1843,,,-,
2025-08-16T23:29:46.619775Z,4634,DC01.garfield.htb,Microsoft-Windows-Security-Auditing,Security,3030,0,,,,,,,,,,,,,,,,,,,,,,,,,,,,,,,,,,,,,,,,,,,,,,,,,,,,,,,,,,,,,,,,,,,,,,,3,,,,,,,,,,,,,,,,,,,,,,,,,,,,,,,,,,,,,,,,,,,,,,,,,,,,,,,,,,,,,,,,,,,,,,,,,,,,,GARFIELD,,,,0x74dba2,,,,,,,,DC01$,S-1-5-18,,,,,,,,,,,,,,,
2025-08-16T23:29:46.624131Z,4672,DC01.garfield.htb,Microsoft-Windows-Security-Auditing,Security,3031,0,,,,,,,,,,,,,,,,,,,,,,,,,,,,,,,,,,,,,,,,,,,,,,,,,,,,,,,,,,,,,,,,,,,,,,,,,,,,,,,,,,,,,,,,,,,,,,,,,,,,,,,,,,,,,,,,,"SeSecurityPrivilege
			SeBackupPrivilege
			SeRestorePrivilege
			SeTakeOwnershipPrivilege
			SeDebugPrivilege
			SeSystemEnvironmentPrivilege
			SeLoadDriverPrivilege
			SeImpersonatePrivilege
			SeDelegateSessionUserImpersonatePrivilege
			SeEnableDelegationPrivilege",,,,,,,,,,,,,,,,,,,,,,,,,,,,,,GARFIELD,0x74dc44,,DC01$,S-1-5-18,,,,,,,,,,,,,,,,,,,,,,,,,,,,,
2025-08-16T23:29:46.624206Z,4624,DC01.garfield.htb,Microsoft-Windows-Security-Auditing,Security,3032,0,,,,,,,,,,,,,,,,,Kerberos,,,,,,,,,,,,,,,,,,,,,,,,%%1842,,,,,,,,,,,,,%%1833,fe80::c4ff:5747:1d3c:fba0,52685,,,,0,,,-,,,,,201A15EE-9398-F032-5FB0-5D8990737C30,,Kerberos,3,,,,,,,,,,,,,,,,,,,,,,,,,,,,,,,,,,,,,,,,,,,,0x0,-,,,,,,,,,,-,,,,,,,,,,,,,,,,,-,0x0,,-,S-1-0-0,GARFIELD.HTB,,0x0,,0x74dc44,,-,-,,,,,DC01$,S-1-5-18,,,,,-,,,,,,%%1843,,,-,
2025-08-16T23:29:48.393652Z,4634,DC01.garfield.htb,Microsoft-Windows-Security-Auditing,Security,3033,0,,,,,,,,,,,,,,,,,,,,,,,,,,,,,,,,,,,,,,,,,,,,,,,,,,,,,,,,,,,,,,,,,,,,,,,3,,,,,,,,,,,,,,,,,,,,,,,,,,,,,,,,,,,,,,,,,,,,,,,,,,,,,,,,,,,,,,,,,,,,,,,,,,,,,GARFIELD,,,,0x74dc44,,,,,,,,DC01$,S-1-5-18,,,,,,,,,,,,,,,
2025-08-16T23:30:47.829456Z,4672,DC01.garfield.htb,Microsoft-Windows-Security-Auditing,Security,3034,0,,,,,,,,,,,,,,,,,,,,,,,,,,,,,,,,,,,,,,,,,,,,,,,,,,,,,,,,,,,,,,,,,,,,,,,,,,,,,,,,,,,,,,,,,,,,,,,,,,,,,,,,,,,,,,,,,"SeSecurityPrivilege
			SeBackupPrivilege
			SeRestorePrivilege
			SeTakeOwnershipPrivilege
			SeDebugPrivilege
			SeSystemEnvironmentPrivilege
			SeLoadDriverPrivilege
			SeImpersonatePrivilege
			SeDelegateSessionUserImpersonatePrivilege
			SeEnableDelegationPrivilege",,,,,,,,,,,,,,,,,,,,,,,,,,,,,,GARFIELD,0x750866,,DC01$,S-1-5-18,,,,,,,,,,,,,,,,,,,,,,,,,,,,,
2025-08-16T23:30:47.829513Z,4624,DC01.garfield.htb,Microsoft-Windows-Security-Auditing,Security,3035,0,,,,,,,,,,,,,,,,,Kerberos,,,,,,,,,,,,,,,,,,,,,,,,%%1842,,,,,,,,,,,,,%%1833,::1,52687,,,,0,,,-,,,,,201A15EE-9398-F032-5FB0-5D8990737C30,,Kerberos,3,,,,,,,,,,,,,,,,,,,,,,,,,,,,,,,,,,,,,,,,,,,,0x0,-,,,,,,,,,,-,,,,,,,,,,,,,,,,,-,0x0,,-,S-1-0-0,GARFIELD.HTB,,0x0,,0x750866,,-,-,,,,,DC01$,S-1-5-18,,,,,-,,,,,,%%1843,,,-,
2025-08-16T23:30:47.830994Z,4634,DC01.garfield.htb,Microsoft-Windows-Security-Auditing,Security,3036,0,,,,,,,,,,,,,,,,,,,,,,,,,,,,,,,,,,,,,,,,,,,,,,,,,,,,,,,,,,,,,,,,,,,,,,,3,,,,,,,,,,,,,,,,,,,,,,,,,,,,,,,,,,,,,,,,,,,,,,,,,,,,,,,,,,,,,,,,,,,,,,,,,,,,,GARFIELD,,,,0x750866,,,,,,,,DC01$,S-1-5-18,,,,,,,,,,,,,,,
2025-08-16T23:31:49.969309Z,4672,DC01.garfield.htb,Microsoft-Windows-Security-Auditing,Security,3037,0,,,,,,,,,,,,,,,,,,,,,,,,,,,,,,,,,,,,,,,,,,,,,,,,,,,,,,,,,,,,,,,,,,,,,,,,,,,,,,,,,,,,,,,,,,,,,,,,,,,,,,,,,,,,,,,,,"SeSecurityPrivilege
			SeBackupPrivilege
			SeRestorePrivilege
			SeTakeOwnershipPrivilege
			SeDebugPrivilege
			SeSystemEnvironmentPrivilege
			SeLoadDriverPrivilege
			SeImpersonatePrivilege
			SeDelegateSessionUserImpersonatePrivilege
			SeEnableDelegationPrivilege",,,,,,,,,,,,,,,,,,,,,,,,,,,,,,GARFIELD,0x752d5e,,DC01$,S-1-5-18,,,,,,,,,,,,,,,,,,,,,,,,,,,,,
2025-08-16T23:31:49.969370Z,4624,DC01.garfield.htb,Microsoft-Windows-Security-Auditing,Security,3038,0,,,,,,,,,,,,,,,,,Kerberos,,,,,,,,,,,,,,,,,,,,,,,,%%1842,,,,,,,,,,,,,%%1833,::1,52688,,,,0,,,-,,,,,201A15EE-9398-F032-5FB0-5D8990737C30,,Kerberos,3,,,,,,,,,,,,,,,,,,,,,,,,,,,,,,,,,,,,,,,,,,,,0x0,-,,,,,,,,,,-,,,,,,,,,,,,,,,,,-,0x0,,-,S-1-0-0,GARFIELD.HTB,,0x0,,0x752d5e,,-,-,,,,,DC01$,S-1-5-18,,,,,-,,,,,,%%1843,,,-,
2025-08-16T23:31:49.970036Z,4634,DC01.garfield.htb,Microsoft-Windows-Security-Auditing,Security,3039,0,,,,,,,,,,,,,,,,,,,,,,,,,,,,,,,,,,,,,,,,,,,,,,,,,,,,,,,,,,,,,,,,,,,,,,,3,,,,,,,,,,,,,,,,,,,,,,,,,,,,,,,,,,,,,,,,,,,,,,,,,,,,,,,,,,,,,,,,,,,,,,,,,,,,,GARFIELD,,,,0x752d5e,,,,,,,,DC01$,S-1-5-18,,,,,,,,,,,,,,,
2025-08-16T23:31:50.824578Z,4672,DC01.garfield.htb,Microsoft-Windows-Security-Auditing,Security,3040,0,,,,,,,,,,,,,,,,,,,,,,,,,,,,,,,,,,,,,,,,,,,,,,,,,,,,,,,,,,,,,,,,,,,,,,,,,,,,,,,,,,,,,,,,,,,,,,,,,,,,,,,,,,,,,,,,,"SeSecurityPrivilege
			SeBackupPrivilege
			SeRestorePrivilege
			SeTakeOwnershipPrivilege
			SeDebugPrivilege
			SeSystemEnvironmentPrivilege
			SeLoadDriverPrivilege
			SeImpersonatePrivilege
			SeDelegateSessionUserImpersonatePrivilege
			SeEnableDelegationPrivilege",,,,,,,,,,,,,,,,,,,,,,,,,,,,,,GARFIELD,0x752dff,,DC01$,S-1-5-18,,,,,,,,,,,,,,,,,,,,,,,,,,,,,
2025-08-16T23:31:50.824640Z,4624,DC01.garfield.htb,Microsoft-Windows-Security-Auditing,Security,3041,0,,,,,,,,,,,,,,,,,Kerberos,,,,,,,,,,,,,,,,,,,,,,,,%%1842,,,,,,,,,,,,,%%1833,fe80::c4ff:5747:1d3c:fba0,52689,,,,0,,,-,,,,,201A15EE-9398-F032-5FB0-5D8990737C30,,Kerberos,3,,,,,,,,,,,,,,,,,,,,,,,,,,,,,,,,,,,,,,,,,,,,0x0,-,,,,,,,,,,-,,,,,,,,,,,,,,,,,-,0x0,,-,S-1-0-0,GARFIELD.HTB,,0x0,,0x752dff,,-,-,,,,,DC01$,S-1-5-18,,,,,-,,,,,,%%1843,,,-,
2025-08-16T23:31:51.700455Z,4672,DC01.garfield.htb,Microsoft-Windows-Security-Auditing,Security,3042,0,,,,,,,,,,,,,,,,,,,,,,,,,,,,,,,,,,,,,,,,,,,,,,,,,,,,,,,,,,,,,,,,,,,,,,,,,,,,,,,,,,,,,,,,,,,,,,,,,,,,,,,,,,,,,,,,,"SeSecurityPrivilege
			SeBackupPrivilege
			SeRestorePrivilege
			SeTakeOwnershipPrivilege
			SeDebugPrivilege
			SeSystemEnvironmentPrivilege
			SeLoadDriverPrivilege
			SeImpersonatePrivilege
			SeDelegateSessionUserImpersonatePrivilege
			SeEnableDelegationPrivilege",,,,,,,,,,,,,,,,,,,,,,,,,,,,,,GARFIELD,0x753050,,DC01$,S-1-5-18,,,,,,,,,,,,,,,,,,,,,,,,,,,,,
2025-08-16T23:31:51.700520Z,4624,DC01.garfield.htb,Microsoft-Windows-Security-Auditing,Security,3043,0,,,,,,,,,,,,,,,,,Kerberos,,,,,,,,,,,,,,,,,,,,,,,,%%1842,,,,,,,,,,,,,%%1833,::1,0,,,,0,,,-,,,,,26E32126-A211-5AA6-80C2-8CBC172233CD,,Kerberos,3,,,,,,,,,,,,,,,,,,,,,,,,,,,,,,,,,,,,,,,,,,,,0x0,-,,,,,,,,,,-,,,,,,,,,,,,,,,,,-,0x0,,-,S-1-0-0,GARFIELD.HTB,,0x0,,0x753050,,-,-,,,,,DC01$,S-1-5-18,,,,,-,,,,,,%%1843,,,-,
2025-08-16T23:31:51.702340Z,4672,DC01.garfield.htb,Microsoft-Windows-Security-Auditing,Security,3044,0,,,,,,,,,,,,,,,,,,,,,,,,,,,,,,,,,,,,,,,,,,,,,,,,,,,,,,,,,,,,,,,,,,,,,,,,,,,,,,,,,,,,,,,,,,,,,,,,,,,,,,,,,,,,,,,,,"SeSecurityPrivilege
			SeBackupPrivilege
			SeRestorePrivilege
			SeTakeOwnershipPrivilege
			SeDebugPrivilege
			SeSystemEnvironmentPrivilege
			SeLoadDriverPrivilege
			SeImpersonatePrivilege
			SeDelegateSessionUserImpersonatePrivilege
			SeEnableDelegationPrivilege",,,,,,,,,,,,,,,,,,,,,,,,,,,,,,GARFIELD,0x75309d,,DC01$,S-1-5-18,,,,,,,,,,,,,,,,,,,,,,,,,,,,,
2025-08-16T23:31:51.702393Z,4624,DC01.garfield.htb,Microsoft-Windows-Security-Auditing,Security,3045,0,,,,,,,,,,,,,,,,,Kerberos,,,,,,,,,,,,,,,,,,,,,,,,%%1842,,,,,,,,,,,,,%%1833,10.10.11.221,52690,,,,0,,,-,,,,,201A15EE-9398-F032-5FB0-5D8990737C30,,Kerberos,3,,,,,,,,,,,,,,,,,,,,,,,,,,,,,,,,,,,,,,,,,,,,0x0,-,,,,,,,,,,-,,,,,,,,,,,,,,,,,-,0x0,,-,S-1-0-0,GARFIELD.HTB,,0x0,,0x75309d,,-,-,,,,,DC01$,S-1-5-18,,,,,-,,,,,,%%1843,,,-,
2025-08-16T23:32:01.590555Z,4672,DC01.garfield.htb,Microsoft-Windows-Security-Auditing,Security,3046,0,,,,,,,,,,,,,,,,,,,,,,,,,,,,,,,,,,,,,,,,,,,,,,,,,,,,,,,,,,,,,,,,,,,,,,,,,,,,,,,,,,,,,,,,,,,,,,,,,,,,,,,,,,,,,,,,,"SeSecurityPrivilege
			SeBackupPrivilege
			SeRestorePrivilege
			SeTakeOwnershipPrivilege
			SeDebugPrivilege
			SeSystemEnvironmentPrivilege
			SeLoadDriverPrivilege
			SeImpersonatePrivilege
			SeDelegateSessionUserImpersonatePrivilege
			SeEnableDelegationPrivilege",,,,,,,,,,,,,,,,,,,,,,,,,,,,,,GARFIELD,0x7537f6,,DC01$,S-1-5-18,,,,,,,,,,,,,,,,,,,,,,,,,,,,,
2025-08-16T23:32:01.590644Z,4624,DC01.garfield.htb,Microsoft-Windows-Security-Auditing,Security,3047,0,,,,,,,,,,,,,,,,,Kerberos,,,,,,,,,,,,,,,,,,,,,,,,%%1842,,,,,,,,,,,,,%%1840,fe80::c4ff:5747:1d3c:fba0,52691,,,,0,,,-,,,,,23DA26BA-98EF-3BB3-4E13-82FA42A1110B,,Kerberos,3,,,,,,,,,,,,,,,,,,,,,,,,,,,,,,,,,,,,,,,,,,,,0x0,-,,,,,,,,,,-,,,,,,,,,,,,,,,,,-,0x0,,-,S-1-0-0,GARFIELD.HTB,,0x0,,0x7537f6,,-,-,,,,,DC01$,S-1-5-18,,,,,-,,,,,,%%1843,,,-,
2025-08-16T23:32:02.491791Z,4769,DC01.garfield.htb,Microsoft-Windows-Security-Auditing,Security,3048,0,,,,,,,,,,,,,,,,,,,,,,,,,,,,,,,,,,,,,,,,,,,,,,,,,,,,,,,::1,0,,,,,,,,,,,,E70D1FA7-5826-0C69-06D1-110B719855E2,,,,,,,,,,,,,,,,,,,,,,,,,,,,,,,,,,,,,,,,,,,,,,,,,,,,,,,,,,,,,,,,DC01$,,S-1-5-21-2502726253-3859040611-225969357-1000,,,,0x0,,,,,,,,,,GARFIELD.HTB,,,,,,,,,,,,DC01$@GARFIELD.HTB,,,0x12,0x40810000,,-,,,,,,,,,,
2025-08-16T23:32:03.332608Z,4672,DC01.garfield.htb,Microsoft-Windows-Security-Auditing,Security,3049,0,,,,,,,,,,,,,,,,,,,,,,,,,,,,,,,,,,,,,,,,,,,,,,,,,,,,,,,,,,,,,,,,,,,,,,,,,,,,,,,,,,,,,,,,,,,,,,,,,,,,,,,,,,,,,,,,,"SeSecurityPrivilege
			SeBackupPrivilege
			SeRestorePrivilege
			SeTakeOwnershipPrivilege
			SeDebugPrivilege
			SeSystemEnvironmentPrivilege
			SeLoadDriverPrivilege
			SeImpersonatePrivilege
			SeDelegateSessionUserImpersonatePrivilege
			SeEnableDelegationPrivilege",,,,,,,,,,,,,,,,,,,,,,,,,,,,,,GARFIELD,0x753a73,,DC01$,S-1-5-18,,,,,,,,,,,,,,,,,,,,,,,,,,,,,
2025-08-16T23:32:03.332727Z,4624,DC01.garfield.htb,Microsoft-Windows-Security-Auditing,Security,3050,0,,,,,,,,,,,,,,,,,Kerberos,,,,,,,,,,,,,,,,,,,,,,,,%%1842,,,,,,,,,,,,,%%1840,fe80::c4ff:5747:1d3c:fba0,52692,,,,0,,,-,,,,,6FBBC32A-016A-5E17-DD05-BC8D07850869,,Kerberos,3,,,,,,,,,,,,,,,,,,,,,,,,,,,,,,,,,,,,,,,,,,,,0x0,-,,,,,,,,,,-,,,,,,,,,,,,,,,,,-,0x0,,-,S-1-0-0,GARFIELD.HTB,,0x0,,0x753a73,,-,-,,,,,DC01$,S-1-5-18,,,,,-,,,,,,%%1843,,,-,
2025-08-16T23:32:04.161774Z,4634,DC01.garfield.htb,Microsoft-Windows-Security-Auditing,Security,3051,0,,,,,,,,,,,,,,,,,,,,,,,,,,,,,,,,,,,,,,,,,,,,,,,,,,,,,,,,,,,,,,,,,,,,,,,3,,,,,,,,,,,,,,,,,,,,,,,,,,,,,,,,,,,,,,,,,,,,,,,,,,,,,,,,,,,,,,,,,,,,,,,,,,,,,GARFIELD,,,,0x75309d,,,,,,,,DC01$,S-1-5-18,,,,,,,,,,,,,,,
2025-08-16T23:32:04.161786Z,4634,DC01.garfield.htb,Microsoft-Windows-Security-Auditing,Security,3052,0,,,,,,,,,,,,,,,,,,,,,,,,,,,,,,,,,,,,,,,,,,,,,,,,,,,,,,,,,,,,,,,,,,,,,,,3,,,,,,,,,,,,,,,,,,,,,,,,,,,,,,,,,,,,,,,,,,,,,,,,,,,,,,,,,,,,,,,,,,,,,,,,,,,,,GARFIELD,,,,0x753050,,,,,,,,DC01$,S-1-5-18,,,,,,,,,,,,,,,
2025-08-16T23:32:04.164980Z,4634,DC01.garfield.htb,Microsoft-Windows-Security-Auditing,Security,3053,0,,,,,,,,,,,,,,,,,,,,,,,,,,,,,,,,,,,,,,,,,,,,,,,,,,,,,,,,,,,,,,,,,,,,,,,3,,,,,,,,,,,,,,,,,,,,,,,,,,,,,,,,,,,,,,,,,,,,,,,,,,,,,,,,,,,,,,,,,,,,,,,,,,,,,GARFIELD,,,,0x752dff,,,,,,,,DC01$,S-1-5-18,,,,,,,,,,,,,,,
2025-08-16T23:32:05.900661Z,4624,DC01.garfield.htb,Microsoft-Windows-Security-Auditing,Security,3054,0,,,,,,,,,,,,,,,,,Negotiate,,,,,,,,,,,,,,,,,,,,,,,,%%1842,,,,,,,,,,,,,%%1833,-,-,,,,0,,,-,,,,,00000000-0000-0000-0000-000000000000,,Advapi  ,5,,,,,,,,,,,,,,,,,,,,,,,,,,,,,,,,,,,,,,,,,,,,0x2d0,C:\Windows\System32\services.exe,,,,,,,,,,-,,,,,,,,,,,,,,,,,GARFIELD,0x3e7,,DC01$,S-1-5-18,NT AUTHORITY,,0x0,,0x3e7,,-,-,,,,,SYSTEM,S-1-5-18,,,,,-,,,,,,%%1843,,,-,
2025-08-16T23:32:05.900668Z,4672,DC01.garfield.htb,Microsoft-Windows-Security-Auditing,Security,3055,0,,,,,,,,,,,,,,,,,,,,,,,,,,,,,,,,,,,,,,,,,,,,,,,,,,,,,,,,,,,,,,,,,,,,,,,,,,,,,,,,,,,,,,,,,,,,,,,,,,,,,,,,,,,,,,,,,"SeAssignPrimaryTokenPrivilege
			SeTcbPrivilege
			SeSecurityPrivilege
			SeTakeOwnershipPrivilege
			SeLoadDriverPrivilege
			SeBackupPrivilege
			SeRestorePrivilege
			SeDebugPrivilege
			SeAuditPrivilege
			SeSystemEnvironmentPrivilege
			SeImpersonatePrivilege
			SeDelegateSessionUserImpersonatePrivilege",,,,,,,,,,,,,,,,,,,,,,,,,,,,,,NT AUTHORITY,0x3e7,,SYSTEM,S-1-5-18,,,,,,,,,,,,,,,,,,,,,,,,,,,,,
2025-08-16T23:32:14.213951Z,4634,DC01.garfield.htb,Microsoft-Windows-Security-Auditing,Security,3056,0,,,,,,,,,,,,,,,,,,,,,,,,,,,,,,,,,,,,,,,,,,,,,,,,,,,,,,,,,,,,,,,,,,,,,,,3,,,,,,,,,,,,,,,,,,,,,,,,,,,,,,,,,,,,,,,,,,,,,,,,,,,,,,,,,,,,,,,,,,,,,,,,,,,,,GARFIELD,,,,0x7537f6,,,,,,,,DC01$,S-1-5-18,,,,,,,,,,,,,,,
2025-08-16T23:32:14.214171Z,4634,DC01.garfield.htb,Microsoft-Windows-Security-Auditing,Security,3057,0,,,,,,,,,,,,,,,,,,,,,,,,,,,,,,,,,,,,,,,,,,,,,,,,,,,,,,,,,,,,,,,,,,,,,,,3,,,,,,,,,,,,,,,,,,,,,,,,,,,,,,,,,,,,,,,,,,,,,,,,,,,,,,,,,,,,,,,,,,,,,,,,,,,,,GARFIELD,,,,0x753a73,,,,,,,,DC01$,S-1-5-18,,,,,,,,,,,,,,,
2025-08-16T23:32:50.584806Z,4672,DC01.garfield.htb,Microsoft-Windows-Security-Auditing,Security,3058,0,,,,,,,,,,,,,,,,,,,,,,,,,,,,,,,,,,,,,,,,,,,,,,,,,,,,,,,,,,,,,,,,,,,,,,,,,,,,,,,,,,,,,,,,,,,,,,,,,,,,,,,,,,,,,,,,,"SeSecurityPrivilege
			SeBackupPrivilege
			SeRestorePrivilege
			SeTakeOwnershipPrivilege
			SeDebugPrivilege
			SeSystemEnvironmentPrivilege
			SeLoadDriverPrivilege
			SeImpersonatePrivilege
			SeDelegateSessionUserImpersonatePrivilege
			SeEnableDelegationPrivilege",,,,,,,,,,,,,,,,,,,,,,,,,,,,,,GARFIELD,0x75abf4,,DC01$,S-1-5-18,,,,,,,,,,,,,,,,,,,,,,,,,,,,,
2025-08-16T23:32:50.584914Z,4624,DC01.garfield.htb,Microsoft-Windows-Security-Auditing,Security,3059,0,,,,,,,,,,,,,,,,,Kerberos,,,,,,,,,,,,,,,,,,,,,,,,%%1842,,,,,,,,,,,,,%%1833,::1,52693,,,,0,,,-,,,,,201A15EE-9398-F032-5FB0-5D8990737C30,,Kerberos,3,,,,,,,,,,,,,,,,,,,,,,,,,,,,,,,,,,,,,,,,,,,,0x0,-,,,,,,,,,,-,,,,,,,,,,,,,,,,,-,0x0,,-,S-1-0-0,GARFIELD.HTB,,0x0,,0x75abf4,,-,-,,,,,DC01$,S-1-5-18,,,,,-,,,,,,%%1843,,,-,
2025-08-16T23:32:50.585999Z,4634,DC01.garfield.htb,Microsoft-Windows-Security-Auditing,Security,3060,0,,,,,,,,,,,,,,,,,,,,,,,,,,,,,,,,,,,,,,,,,,,,,,,,,,,,,,,,,,,,,,,,,,,,,,,3,,,,,,,,,,,,,,,,,,,,,,,,,,,,,,,,,,,,,,,,,,,,,,,,,,,,,,,,,,,,,,,,,,,,,,,,,,,,,GARFIELD,,,,0x75abf4,,,,,,,,DC01$,S-1-5-18,,,,,,,,,,,,,,,
2025-08-16T23:33:51.325593Z,4672,DC01.garfield.htb,Microsoft-Windows-Security-Auditing,Security,3061,0,,,,,,,,,,,,,,,,,,,,,,,,,,,,,,,,,,,,,,,,,,,,,,,,,,,,,,,,,,,,,,,,,,,,,,,,,,,,,,,,,,,,,,,,,,,,,,,,,,,,,,,,,,,,,,,,,"SeSecurityPrivilege
			SeBackupPrivilege
			SeRestorePrivilege
			SeTakeOwnershipPrivilege
			SeDebugPrivilege
			SeSystemEnvironmentPrivilege
			SeLoadDriverPrivilege
			SeImpersonatePrivilege
			SeDelegateSessionUserImpersonatePrivilege
			SeEnableDelegationPrivilege",,,,,,,,,,,,,,,,,,,,,,,,,,,,,,GARFIELD,0x75f6fa,,DC01$,S-1-5-18,,,,,,,,,,,,,,,,,,,,,,,,,,,,,
2025-08-16T23:33:51.325664Z,4624,DC01.garfield.htb,Microsoft-Windows-Security-Auditing,Security,3062,0,,,,,,,,,,,,,,,,,Kerberos,,,,,,,,,,,,,,,,,,,,,,,,%%1842,,,,,,,,,,,,,%%1833,::1,52695,,,,0,,,-,,,,,201A15EE-9398-F032-5FB0-5D8990737C30,,Kerberos,3,,,,,,,,,,,,,,,,,,,,,,,,,,,,,,,,,,,,,,,,,,,,0x0,-,,,,,,,,,,-,,,,,,,,,,,,,,,,,-,0x0,,-,S-1-0-0,GARFIELD.HTB,,0x0,,0x75f6fa,,-,-,,,,,DC01$,S-1-5-18,,,,,-,,,,,,%%1843,,,-,
2025-08-16T23:33:51.326393Z,4634,DC01.garfield.htb,Microsoft-Windows-Security-Auditing,Security,3063,0,,,,,,,,,,,,,,,,,,,,,,,,,,,,,,,,,,,,,,,,,,,,,,,,,,,,,,,,,,,,,,,,,,,,,,,3,,,,,,,,,,,,,,,,,,,,,,,,,,,,,,,,,,,,,,,,,,,,,,,,,,,,,,,,,,,,,,,,,,,,,,,,,,,,,GARFIELD,,,,0x75f6fa,,,,,,,,DC01$,S-1-5-18,,,,,,,,,,,,,,,
2025-08-16T23:34:37.177961Z,4634,DC01.garfield.htb,Microsoft-Windows-Security-Auditing,Security,3064,0,,,,,,,,,,,,,,,,,,,,,,,,,,,,,,,,,,,,,,,,,,,,,,,,,,,,,,,,,,,,,,,,,,,,,,,3,,,,,,,,,,,,,,,,,,,,,,,,,,,,,,,,,,,,,,,,,,,,,,,,,,,,,,,,,,,,,,,,,,,,,,,,,,,,,GARFIELD,,,,0x4c664,,,,,,,,DC01$,S-1-5-18,,,,,,,,,,,,,,,
2025-08-16T23:34:47.188838Z,4672,DC01.garfield.htb,Microsoft-Windows-Security-Auditing,Security,3065,0,,,,,,,,,,,,,,,,,,,,,,,,,,,,,,,,,,,,,,,,,,,,,,,,,,,,,,,,,,,,,,,,,,,,,,,,,,,,,,,,,,,,,,,,,,,,,,,,,,,,,,,,,,,,,,,,,"SeSecurityPrivilege
			SeBackupPrivilege
			SeRestorePrivilege
			SeTakeOwnershipPrivilege
			SeDebugPrivilege
			SeSystemEnvironmentPrivilege
			SeLoadDriverPrivilege
			SeImpersonatePrivilege
			SeDelegateSessionUserImpersonatePrivilege
			SeEnableDelegationPrivilege",,,,,,,,,,,,,,,,,,,,,,,,,,,,,,GARFIELD,0x7624e7,,DC01$,S-1-5-18,,,,,,,,,,,,,,,,,,,,,,,,,,,,,
2025-08-16T23:34:47.188903Z,4624,DC01.garfield.htb,Microsoft-Windows-Security-Auditing,Security,3066,0,,,,,,,,,,,,,,,,,Kerberos,,,,,,,,,,,,,,,,,,,,,,,,%%1842,,,,,,,,,,,,,%%1833,fe80::c4ff:5747:1d3c:fba0,52697,,,,0,,,-,,,,,201A15EE-9398-F032-5FB0-5D8990737C30,,Kerberos,3,,,,,,,,,,,,,,,,,,,,,,,,,,,,,,,,,,,,,,,,,,,,0x0,-,,,,,,,,,,-,,,,,,,,,,,,,,,,,-,0x0,,-,S-1-0-0,GARFIELD.HTB,,0x0,,0x7624e7,,-,-,,,,,DC01$,S-1-5-18,,,,,-,,,,,,%%1843,,,-,
2025-08-16T23:34:47.191709Z,4634,DC01.garfield.htb,Microsoft-Windows-Security-Auditing,Security,3067,0,,,,,,,,,,,,,,,,,,,,,,,,,,,,,,,,,,,,,,,,,,,,,,,,,,,,,,,,,,,,,,,,,,,,,,,3,,,,,,,,,,,,,,,,,,,,,,,,,,,,,,,,,,,,,,,,,,,,,,,,,,,,,,,,,,,,,,,,,,,,,,,,,,,,,GARFIELD,,,,0x7624e7,,,,,,,,DC01$,S-1-5-18,,,,,,,,,,,,,,,
2025-08-16T23:34:47.968209Z,4672,DC01.garfield.htb,Microsoft-Windows-Security-Auditing,Security,3068,0,,,,,,,,,,,,,,,,,,,,,,,,,,,,,,,,,,,,,,,,,,,,,,,,,,,,,,,,,,,,,,,,,,,,,,,,,,,,,,,,,,,,,,,,,,,,,,,,,,,,,,,,,,,,,,,,,"SeSecurityPrivilege
			SeBackupPrivilege
			SeRestorePrivilege
			SeTakeOwnershipPrivilege
			SeDebugPrivilege
			SeSystemEnvironmentPrivilege
			SeLoadDriverPrivilege
			SeImpersonatePrivilege
			SeDelegateSessionUserImpersonatePrivilege
			SeEnableDelegationPrivilege",,,,,,,,,,,,,,,,,,,,,,,,,,,,,,GARFIELD,0x762623,,DC01$,S-1-5-18,,,,,,,,,,,,,,,,,,,,,,,,,,,,,
2025-08-16T23:34:47.968273Z,4624,DC01.garfield.htb,Microsoft-Windows-Security-Auditing,Security,3069,0,,,,,,,,,,,,,,,,,Kerberos,,,,,,,,,,,,,,,,,,,,,,,,%%1842,,,,,,,,,,,,,%%1833,fe80::c4ff:5747:1d3c:fba0,52698,,,,0,,,-,,,,,201A15EE-9398-F032-5FB0-5D8990737C30,,Kerberos,3,,,,,,,,,,,,,,,,,,,,,,,,,,,,,,,,,,,,,,,,,,,,0x0,-,,,,,,,,,,-,,,,,,,,,,,,,,,,,-,0x0,,-,S-1-0-0,GARFIELD.HTB,,0x0,,0x762623,,-,-,,,,,DC01$,S-1-5-18,,,,,-,,,,,,%%1843,,,-,
2025-08-16T23:34:48.770596Z,4634,DC01.garfield.htb,Microsoft-Windows-Security-Auditing,Security,3070,0,,,,,,,,,,,,,,,,,,,,,,,,,,,,,,,,,,,,,,,,,,,,,,,,,,,,,,,,,,,,,,,,,,,,,,,3,,,,,,,,,,,,,,,,,,,,,,,,,,,,,,,,,,,,,,,,,,,,,,,,,,,,,,,,,,,,,,,,,,,,,,,,,,,,,GARFIELD,,,,0x762623,,,,,,,,DC01$,S-1-5-18,,,,,,,,,,,,,,,
2025-08-16T23:34:51.964373Z,4672,DC01.garfield.htb,Microsoft-Windows-Security-Auditing,Security,3071,0,,,,,,,,,,,,,,,,,,,,,,,,,,,,,,,,,,,,,,,,,,,,,,,,,,,,,,,,,,,,,,,,,,,,,,,,,,,,,,,,,,,,,,,,,,,,,,,,,,,,,,,,,,,,,,,,,"SeSecurityPrivilege
			SeBackupPrivilege
			SeRestorePrivilege
			SeTakeOwnershipPrivilege
			SeDebugPrivilege
			SeSystemEnvironmentPrivilege
			SeLoadDriverPrivilege
			SeImpersonatePrivilege
			SeDelegateSessionUserImpersonatePrivilege
			SeEnableDelegationPrivilege",,,,,,,,,,,,,,,,,,,,,,,,,,,,,,GARFIELD,0x762b04,,DC01$,S-1-5-18,,,,,,,,,,,,,,,,,,,,,,,,,,,,,
2025-08-16T23:34:51.964441Z,4624,DC01.garfield.htb,Microsoft-Windows-Security-Auditing,Security,3072,0,,,,,,,,,,,,,,,,,Kerberos,,,,,,,,,,,,,,,,,,,,,,,,%%1842,,,,,,,,,,,,,%%1833,::1,52699,,,,0,,,-,,,,,201A15EE-9398-F032-5FB0-5D8990737C30,,Kerberos,3,,,,,,,,,,,,,,,,,,,,,,,,,,,,,,,,,,,,,,,,,,,,0x0,-,,,,,,,,,,-,,,,,,,,,,,,,,,,,-,0x0,,-,S-1-0-0,GARFIELD.HTB,,0x0,,0x762b04,,-,-,,,,,DC01$,S-1-5-18,,,,,-,,,,,,%%1843,,,-,
