2025-08-13T11:04:35.822075Z,4907,DC01,Microsoft-Windows-Security-Auditing,Security,1778,0,,,,,,,,,,,,,,,,,,,,,,,,,,,,,,,,,,,,,,,,,,,,,,,0x908,,,,,,,,,,,,,,,,,,,,,,,,,,,,,,,,,,,,S:ARAI(AU;SAFA;DCLCRPCRSDWDWO;;;WD),,,,,,,,,C:\Windows\System32\WindowsPowerShell\v1.0\Modules\DnsServer\PS_DnsServerConditionalForwarder_v1.0.0.cdxml,,Security,File,,,,,,,,,,,,,,,,,,,,0x1624,C:\Windows\WinSxS\amd64_microsoft-windows-servicingstack_31bf3856ad364e35_10.0.17763.3641_none_56cfe33d992f2729\TiWorker.exe,,,,,,,,,,,,,,,,,,,,,,,,,,,WORKGROUP,0x3e7,,DC01$,S-1-5-18,,,,,,,,,,,,,,,,,,,,,,,,,,,,,
2025-08-13T11:04:35.822523Z,4907,DC01,Microsoft-Windows-Security-Auditing,Security,1779,0,,,,,,,,,,,,,,,,,,,,,,,,,,,,,,,,,,,,,,,,,,,,,,,0x88c,,,,,,,,,,,,,,,,,,,,,,,,,,,,,,,,,,,,S:ARAI(AU;SAFA;DCLCRPCRSDWDWO;;;WD),,,,,,,,,C:\Windows\System32\WindowsPowerShell\v1.0\Modules\DnsServer\PS_DnsServerDiagnostics_v1.0.0.cdxml,,Security,File,,,,,,,,,,,,,,,,,,,,0x1624,C:\Windows\WinSxS\amd64_microsoft-windows-servicingstack_31bf3856ad364e35_10.0.17763.3641_none_56cfe33d992f2729\TiWorker.exe,,,,,,,,,,,,,,,,,,,,,,,,,,,WORKGROUP,0x3e7,,DC01$,S-1-5-18,,,,,,,,,,,,,,,,,,,,,,,,,,,,,
2025-08-13T11:04:35.822919Z,4907,DC01,Microsoft-Windows-Security-Auditing,Security,1780,0,,,,,,,,,,,,,,,,,,,,,,,,,,,,,,,,,,,,,,,,,,,,,,,0x880,,,,,,,,,,,,,,,,,,,,,,,,,,,,,,,,,,,,S:ARAI(AU;SAFA;DCLCRPCRSDWDWO;;;WD),,,,,,,,,C:\Windows\System32\WindowsPowerShell\v1.0\Modules\DnsServer\PS_DnsServerDirectoryPartition_v1.0.0.cdxml,,Security,File,,,,,,,,,,,,,,,,,,,,0x1624,C:\Windows\WinSxS\amd64_microsoft-windows-servicingstack_31bf3856ad364e35_10.0.17763.3641_none_56cfe33d992f2729\TiWorker.exe,,,,,,,,,,,,,,,,,,,,,,,,,,,WORKGROUP,0x3e7,,DC01$,S-1-5-18,,,,,,,,,,,,,,,,,,,,,,,,,,,,,
2025-08-13T11:04:35.823317Z,4907,DC01,Microsoft-Windows-Security-Auditing,Security,1781,0,,,,,,,,,,,,,,,,,,,,,,,,,,,,,,,,,,,,,,,,,,,,,,,0x888,,,,,,,,,,,,,,,,,,,,,,,,,,,,,,,,,,,,S:ARAI(AU;SAFA;DCLCRPCRSDWDWO;;;WD),,,,,,,,,C:\Windows\System32\WindowsPowerShell\v1.0\Modules\DnsServer\PS_DnsServerDnsSecPublicKey_v1.0.0.cdxml,,Security,File,,,,,,,,,,,,,,,,,,,,0x1624,C:\Windows\WinSxS\amd64_microsoft-windows-servicingstack_31bf3856ad364e35_10.0.17763.3641_none_56cfe33d992f2729\TiWorker.exe,,,,,,,,,,,,,,,,,,,,,,,,,,,WORKGROUP,0x3e7,,DC01$,S-1-5-18,,,,,,,,,,,,,,,,,,,,,,,,,,,,,
2025-08-13T11:04:35.823760Z,4907,DC01,Microsoft-Windows-Security-Auditing,Security,1782,0,,,,,,,,,,,,,,,,,,,,,,,,,,,,,,,,,,,,,,,,,,,,,,,0x908,,,,,,,,,,,,,,,,,,,,,,,,,,,,,,,,,,,,S:ARAI(AU;SAFA;DCLCRPCRSDWDWO;;;WD),,,,,,,,,C:\Windows\System32\WindowsPowerShell\v1.0\Modules\DnsServer\PS_DnsServerDnsSecZoneSetting_v1.0.0.cdxml,,Security,File,,,,,,,,,,,,,,,,,,,,0x1624,C:\Windows\WinSxS\amd64_microsoft-windows-servicingstack_31bf3856ad364e35_10.0.17763.3641_none_56cfe33d992f2729\TiWorker.exe,,,,,,,,,,,,,,,,,,,,,,,,,,,WORKGROUP,0x3e7,,DC01$,S-1-5-18,,,,,,,,,,,,,,,,,,,,,,,,,,,,,
2025-08-13T11:04:35.824323Z,4907,DC01,Microsoft-Windows-Security-Auditing,Security,1783,0,,,,,,,,,,,,,,,,,,,,,,,,,,,,,,,,,,,,,,,,,,,,,,,0x88c,,,,,,,,,,,,,,,,,,,,,,,,,,,,,,,,,,,,S:ARAI(AU;SAFA;DCLCRPCRSDWDWO;;;WD),,,,,,,,,C:\Windows\System32\WindowsPowerShell\v1.0\Modules\DnsServer\PS_DnsServerDsSetting_v1.0.0.cdxml,,Security,File,,,,,,,,,,,,,,,,,,,,0x1624,C:\Windows\WinSxS\amd64_microsoft-windows-servicingstack_31bf3856ad364e35_10.0.17763.3641_none_56cfe33d992f2729\TiWorker.exe,,,,,,,,,,,,,,,,,,,,,,,,,,,WORKGROUP,0x3e7,,DC01$,S-1-5-18,,,,,,,,,,,,,,,,,,,,,,,,,,,,,
2025-08-13T11:04:35.825857Z,4907,DC01,Microsoft-Windows-Security-Auditing,Security,1784,0,,,,,,,,,,,,,,,,,,,,,,,,,,,,,,,,,,,,,,,,,,,,,,,0x880,,,,,,,,,,,,,,,,,,,,,,,,,,,,,,,,,,,,S:ARAI(AU;SAFA;DCLCRPCRSDWDWO;;;WD),,,,,,,,,C:\Windows\System32\WindowsPowerShell\v1.0\Modules\DnsServer\PS_DnsServerEdns_v1.0.0.cdxml,,Security,File,,,,,,,,,,,,,,,,,,,,0x1624,C:\Windows\WinSxS\amd64_microsoft-windows-servicingstack_31bf3856ad364e35_10.0.17763.3641_none_56cfe33d992f2729\TiWorker.exe,,,,,,,,,,,,,,,,,,,,,,,,,,,WORKGROUP,0x3e7,,DC01$,S-1-5-18,,,,,,,,,,,,,,,,,,,,,,,,,,,,,
2025-08-13T11:04:35.826388Z,4907,DC01,Microsoft-Windows-Security-Auditing,Security,1785,0,,,,,,,,,,,,,,,,,,,,,,,,,,,,,,,,,,,,,,,,,,,,,,,0x888,,,,,,,,,,,,,,,,,,,,,,,,,,,,,,,,,,,,S:ARAI(AU;SAFA;DCLCRPCRSDWDWO;;;WD),,,,,,,,,C:\Windows\System32\WindowsPowerShell\v1.0\Modules\DnsServer\PS_DnsServerForwarder_v1.0.0.cdxml,,Security,File,,,,,,,,,,,,,,,,,,,,0x1624,C:\Windows\WinSxS\amd64_microsoft-windows-servicingstack_31bf3856ad364e35_10.0.17763.3641_none_56cfe33d992f2729\TiWorker.exe,,,,,,,,,,,,,,,,,,,,,,,,,,,WORKGROUP,0x3e7,,DC01$,S-1-5-18,,,,,,,,,,,,,,,,,,,,,,,,,,,,,
2025-08-13T11:04:35.826931Z,4907,DC01,Microsoft-Windows-Security-Auditing,Security,1786,0,,,,,,,,,,,,,,,,,,,,,,,,,,,,,,,,,,,,,,,,,,,,,,,0x878,,,,,,,,,,,,,,,,,,,,,,,,,,,,,,,,,,,,S:ARAI(AU;SAFA;DCLCRPCRSDWDWO;;;WD),,,,,,,,,C:\Windows\System32\WindowsPowerShell\v1.0\Modules\DnsServer\PS_DnsServerGlobalNameZone_v1.0.0.cdxml,,Security,File,,,,,,,,,,,,,,,,,,,,0x1624,C:\Windows\WinSxS\amd64_microsoft-windows-servicingstack_31bf3856ad364e35_10.0.17763.3641_none_56cfe33d992f2729\TiWorker.exe,,,,,,,,,,,,,,,,,,,,,,,,,,,WORKGROUP,0x3e7,,DC01$,S-1-5-18,,,,,,,,,,,,,,,,,,,,,,,,,,,,,
2025-08-13T11:04:35.827822Z,4907,DC01,Microsoft-Windows-Security-Auditing,Security,1787,0,,,,,,,,,,,,,,,,,,,,,,,,,,,,,,,,,,,,,,,,,,,,,,,0x87c,,,,,,,,,,,,,,,,,,,,,,,,,,,,,,,,,,,,S:ARAI(AU;SAFA;DCLCRPCRSDWDWO;;;WD),,,,,,,,,C:\Windows\System32\WindowsPowerShell\v1.0\Modules\DnsServer\PS_DnsServerGlobalQueryBlockList_v1.0.0.cdxml,,Security,File,,,,,,,,,,,,,,,,,,,,0x1624,C:\Windows\WinSxS\amd64_microsoft-windows-servicingstack_31bf3856ad364e35_10.0.17763.3641_none_56cfe33d992f2729\TiWorker.exe,,,,,,,,,,,,,,,,,,,,,,,,,,,WORKGROUP,0x3e7,,DC01$,S-1-5-18,,,,,,,,,,,,,,,,,,,,,,,,,,,,,
2025-08-13T11:04:35.828551Z,4907,DC01,Microsoft-Windows-Security-Auditing,Security,1788,0,,,,,,,,,,,,,,,,,,,,,,,,,,,,,,,,,,,,,,,,,,,,,,,0x880,,,,,,,,,,,,,,,,,,,,,,,,,,,,,,,,,,,,S:ARAI(AU;SAFA;DCLCRPCRSDWDWO;;;WD),,,,,,,,,C:\Windows\System32\WindowsPowerShell\v1.0\Modules\DnsServer\PS_DnsServerKeyStorageProvider_v1.0.0.cdxml,,Security,File,,,,,,,,,,,,,,,,,,,,0x1624,C:\Windows\WinSxS\amd64_microsoft-windows-servicingstack_31bf3856ad364e35_10.0.17763.3641_none_56cfe33d992f2729\TiWorker.exe,,,,,,,,,,,,,,,,,,,,,,,,,,,WORKGROUP,0x3e7,,DC01$,S-1-5-18,,,,,,,,,,,,,,,,,,,,,,,,,,,,,
2025-08-13T11:04:35.829054Z,4907,DC01,Microsoft-Windows-Security-Auditing,Security,1789,0,,,,,,,,,,,,,,,,,,,,,,,,,,,,,,,,,,,,,,,,,,,,,,,0x908,,,,,,,,,,,,,,,,,,,,,,,,,,,,,,,,,,,,S:ARAI(AU;SAFA;DCLCRPCRSDWDWO;;;WD),,,,,,,,,C:\Windows\System32\WindowsPowerShell\v1.0\Modules\DnsServer\PS_DnsServerPolicy_v1.0.0.cdxml,,Security,File,,,,,,,,,,,,,,,,,,,,0x1624,C:\Windows\WinSxS\amd64_microsoft-windows-servicingstack_31bf3856ad364e35_10.0.17763.3641_none_56cfe33d992f2729\TiWorker.exe,,,,,,,,,,,,,,,,,,,,,,,,,,,WORKGROUP,0x3e7,,DC01$,S-1-5-18,,,,,,,,,,,,,,,,,,,,,,,,,,,,,
2025-08-13T11:04:35.829618Z,4907,DC01,Microsoft-Windows-Security-Auditing,Security,1790,0,,,,,,,,,,,,,,,,,,,,,,,,,,,,,,,,,,,,,,,,,,,,,,,0x88c,,,,,,,,,,,,,,,,,,,,,,,,,,,,,,,,,,,,S:ARAI(AU;SAFA;DCLCRPCRSDWDWO;;;WD),,,,,,,,,C:\Windows\System32\WindowsPowerShell\v1.0\Modules\DnsServer\PS_DnsServerPrimaryZone_v1.0.0.cdxml,,Security,File,,,,,,,,,,,,,,,,,,,,0x1624,C:\Windows\WinSxS\amd64_microsoft-windows-servicingstack_31bf3856ad364e35_10.0.17763.3641_none_56cfe33d992f2729\TiWorker.exe,,,,,,,,,,,,,,,,,,,,,,,,,,,WORKGROUP,0x3e7,,DC01$,S-1-5-18,,,,,,,,,,,,,,,,,,,,,,,,,,,,,
2025-08-13T11:04:35.830037Z,4907,DC01,Microsoft-Windows-Security-Auditing,Security,1791,0,,,,,,,,,,,,,,,,,,,,,,,,,,,,,,,,,,,,,,,,,,,,,,,0x87c,,,,,,,,,,,,,,,,,,,,,,,,,,,,,,,,,,,,S:ARAI(AU;SAFA;DCLCRPCRSDWDWO;;;WD),,,,,,,,,C:\Windows\System32\WindowsPowerShell\v1.0\Modules\DnsServer\PS_DnsServerQueryResolutionPolicy_v1.0.0.cdxml,,Security,File,,,,,,,,,,,,,,,,,,,,0x1624,C:\Windows\WinSxS\amd64_microsoft-windows-servicingstack_31bf3856ad364e35_10.0.17763.3641_none_56cfe33d992f2729\TiWorker.exe,,,,,,,,,,,,,,,,,,,,,,,,,,,WORKGROUP,0x3e7,,DC01$,S-1-5-18,,,,,,,,,,,,,,,,,,,,,,,,,,,,,
2025-08-13T11:04:35.830471Z,4907,DC01,Microsoft-Windows-Security-Auditing,Security,1792,0,,,,,,,,,,,,,,,,,,,,,,,,,,,,,,,,,,,,,,,,,,,,,,,0x880,,,,,,,,,,,,,,,,,,,,,,,,,,,,,,,,,,,,S:ARAI(AU;SAFA;DCLCRPCRSDWDWO;;;WD),,,,,,,,,C:\Windows\System32\WindowsPowerShell\v1.0\Modules\DnsServer\PS_DnsServerRecursion_v1.0.0.cdxml,,Security,File,,,,,,,,,,,,,,,,,,,,0x1624,C:\Windows\WinSxS\amd64_microsoft-windows-servicingstack_31bf3856ad364e35_10.0.17763.3641_none_56cfe33d992f2729\TiWorker.exe,,,,,,,,,,,,,,,,,,,,,,,,,,,WORKGROUP,0x3e7,,DC01$,S-1-5-18,,,,,,,,,,,,,,,,,,,,,,,,,,,,,
2025-08-13T11:04:35.830911Z,4907,DC01,Microsoft-Windows-Security-Auditing,Security,1793,0,,,,,,,,,,,,,,,,,,,,,,,,,,,,,,,,,,,,,,,,,,,,,,,0x908,,,,,,,,,,,,,,,,,,,,,,,,,,,,,,,,,,,,S:ARAI(AU;SAFA;DCLCRPCRSDWDWO;;;WD),,,,,,,,,C:\Windows\System32\WindowsPowerShell\v1.0\Modules\DnsServer\PS_DnsServerRecursionScope_v1.0.0.cdxml,,Security,File,,,,,,,,,,,,,,,,,,,,0x1624,C:\Windows\WinSxS\amd64_microsoft-windows-servicingstack_31bf3856ad364e35_10.0.17763.3641_none_56cfe33d992f2729\TiWorker.exe,,,,,,,,,,,,,,,,,,,,,,,,,,,WORKGROUP,0x3e7,,DC01$,S-1-5-18,,,,,,,,,,,,,,,,,,,,,,,,,,,,,
2025-08-13T11:04:35.831486Z,4907,DC01,Microsoft-Windows-Security-Auditing,Security,1794,0,,,,,,,,,,,,,,,,,,,,,,,,,,,,,,,,,,,,,,,,,,,,,,,0x890,,,,,,,,,,,,,,,,,,,,,,,,,,,,,,,,,,,,S:ARAI(AU;SAFA;DCLCRPCRSDWDWO;;;WD),,,,,,,,,C:\Windows\System32\WindowsPowerShell\v1.0\Modules\DnsServer\PS_DnsServerResourceRecord_v1.0.0.cdxml,,Security,File,,,,,,,,,,,,,,,,,,,,0x1624,C:\Windows\WinSxS\amd64_microsoft-windows-servicingstack_31bf3856ad364e35_10.0.17763.3641_none_56cfe33d992f2729\TiWorker.exe,,,,,,,,,,,,,,,,,,,,,,,,,,,WORKGROUP,0x3e7,,DC01$,S-1-5-18,,,,,,,,,,,,,,,,,,,,,,,,,,,,,
2025-08-13T11:04:35.832555Z,4907,DC01,Microsoft-Windows-Security-Auditing,Security,1795,0,,,,,,,,,,,,,,,,,,,,,,,,,,,,,,,,,,,,,,,,,,,,,,,0x894,,,,,,,,,,,,,,,,,,,,,,,,,,,,,,,,,,,,S:ARAI(AU;SAFA;DCLCRPCRSDWDWO;;;WD),,,,,,,,,C:\Windows\System32\WindowsPowerShell\v1.0\Modules\DnsServer\PS_DnsServerResourceRecordA_v1.0.0.cdxml,,Security,File,,,,,,,,,,,,,,,,,,,,0x1624,C:\Windows\WinSxS\amd64_microsoft-windows-servicingstack_31bf3856ad364e35_10.0.17763.3641_none_56cfe33d992f2729\TiWorker.exe,,,,,,,,,,,,,,,,,,,,,,,,,,,WORKGROUP,0x3e7,,DC01$,S-1-5-18,,,,,,,,,,,,,,,,,,,,,,,,,,,,,
2025-08-13T11:04:35.833068Z,4907,DC01,Microsoft-Windows-Security-Auditing,Security,1796,0,,,,,,,,,,,,,,,,,,,,,,,,,,,,,,,,,,,,,,,,,,,,,,,0x884,,,,,,,,,,,,,,,,,,,,,,,,,,,,,,,,,,,,S:ARAI(AU;SAFA;DCLCRPCRSDWDWO;;;WD),,,,,,,,,C:\Windows\System32\WindowsPowerShell\v1.0\Modules\DnsServer\PS_DnsServerResourceRecordAAAA_v1.0.0.cdxml,,Security,File,,,,,,,,,,,,,,,,,,,,0x1624,C:\Windows\WinSxS\amd64_microsoft-windows-servicingstack_31bf3856ad364e35_10.0.17763.3641_none_56cfe33d992f2729\TiWorker.exe,,,,,,,,,,,,,,,,,,,,,,,,,,,WORKGROUP,0x3e7,,DC01$,S-1-5-18,,,,,,,,,,,,,,,,,,,,,,,,,,,,,
2025-08-13T11:04:35.834277Z,4907,DC01,Microsoft-Windows-Security-Auditing,Security,1797,0,,,,,,,,,,,,,,,,,,,,,,,,,,,,,,,,,,,,,,,,,,,,,,,0x888,,,,,,,,,,,,,,,,,,,,,,,,,,,,,,,,,,,,S:ARAI(AU;SAFA;DCLCRPCRSDWDWO;;;WD),,,,,,,,,C:\Windows\System32\WindowsPowerShell\v1.0\Modules\DnsServer\PS_DnsServerResourceRecordAging_v1.0.0.cdxml,,Security,File,,,,,,,,,,,,,,,,,,,,0x1624,C:\Windows\WinSxS\amd64_microsoft-windows-servicingstack_31bf3856ad364e35_10.0.17763.3641_none_56cfe33d992f2729\TiWorker.exe,,,,,,,,,,,,,,,,,,,,,,,,,,,WORKGROUP,0x3e7,,DC01$,S-1-5-18,,,,,,,,,,,,,,,,,,,,,,,,,,,,,
2025-08-13T11:04:35.834811Z,4907,DC01,Microsoft-Windows-Security-Auditing,Security,1798,0,,,,,,,,,,,,,,,,,,,,,,,,,,,,,,,,,,,,,,,,,,,,,,,0x878,,,,,,,,,,,,,,,,,,,,,,,,,,,,,,,,,,,,S:ARAI(AU;SAFA;DCLCRPCRSDWDWO;;;WD),,,,,,,,,C:\Windows\System32\WindowsPowerShell\v1.0\Modules\DnsServer\PS_DnsServerResourceRecordCNAME_v1.0.0.cdxml,,Security,File,,,,,,,,,,,,,,,,,,,,0x1624,C:\Windows\WinSxS\amd64_microsoft-windows-servicingstack_31bf3856ad364e35_10.0.17763.3641_none_56cfe33d992f2729\TiWorker.exe,,,,,,,,,,,,,,,,,,,,,,,,,,,WORKGROUP,0x3e7,,DC01$,S-1-5-18,,,,,,,,,,,,,,,,,,,,,,,,,,,,,
2025-08-13T11:04:35.835229Z,4907,DC01,Microsoft-Windows-Security-Auditing,Security,1799,0,,,,,,,,,,,,,,,,,,,,,,,,,,,,,,,,,,,,,,,,,,,,,,,0x88c,,,,,,,,,,,,,,,,,,,,,,,,,,,,,,,,,,,,S:ARAI(AU;SAFA;DCLCRPCRSDWDWO;;;WD),,,,,,,,,C:\Windows\System32\WindowsPowerShell\v1.0\Modules\DnsServer\PS_DnsServerResourceRecordDnsKey_v1.0.0.cdxml,,Security,File,,,,,,,,,,,,,,,,,,,,0x1624,C:\Windows\WinSxS\amd64_microsoft-windows-servicingstack_31bf3856ad364e35_10.0.17763.3641_none_56cfe33d992f2729\TiWorker.exe,,,,,,,,,,,,,,,,,,,,,,,,,,,WORKGROUP,0x3e7,,DC01$,S-1-5-18,,,,,,,,,,,,,,,,,,,,,,,,,,,,,
2025-08-13T11:04:35.835651Z,4907,DC01,Microsoft-Windows-Security-Auditing,Security,1800,0,,,,,,,,,,,,,,,,,,,,,,,,,,,,,,,,,,,,,,,,,,,,,,,0x87c,,,,,,,,,,,,,,,,,,,,,,,,,,,,,,,,,,,,S:ARAI(AU;SAFA;DCLCRPCRSDWDWO;;;WD),,,,,,,,,C:\Windows\System32\WindowsPowerShell\v1.0\Modules\DnsServer\PS_DnsServerResourceRecordDS_v1.0.0.cdxml,,Security,File,,,,,,,,,,,,,,,,,,,,0x1624,C:\Windows\WinSxS\amd64_microsoft-windows-servicingstack_31bf3856ad364e35_10.0.17763.3641_none_56cfe33d992f2729\TiWorker.exe,,,,,,,,,,,,,,,,,,,,,,,,,,,WORKGROUP,0x3e7,,DC01$,S-1-5-18,,,,,,,,,,,,,,,,,,,,,,,,,,,,,
2025-08-13T11:04:35.836217Z,4907,DC01,Microsoft-Windows-Security-Auditing,Security,1801,0,,,,,,,,,,,,,,,,,,,,,,,,,,,,,,,,,,,,,,,,,,,,,,,0x888,,,,,,,,,,,,,,,,,,,,,,,,,,,,,,,,,,,,S:ARAI(AU;SAFA;DCLCRPCRSDWDWO;;;WD),,,,,,,,,C:\Windows\System32\WindowsPowerShell\v1.0\Modules\DnsServer\PS_DnsServerResourceRecordMX_v1.0.0.cdxml,,Security,File,,,,,,,,,,,,,,,,,,,,0x1624,C:\Windows\WinSxS\amd64_microsoft-windows-servicingstack_31bf3856ad364e35_10.0.17763.3641_none_56cfe33d992f2729\TiWorker.exe,,,,,,,,,,,,,,,,,,,,,,,,,,,WORKGROUP,0x3e7,,DC01$,S-1-5-18,,,,,,,,,,,,,,,,,,,,,,,,,,,,,
2025-08-13T11:04:35.836646Z,4907,DC01,Microsoft-Windows-Security-Auditing,Security,1802,0,,,,,,,,,,,,,,,,,,,,,,,,,,,,,,,,,,,,,,,,,,,,,,,0x878,,,,,,,,,,,,,,,,,,,,,,,,,,,,,,,,,,,,S:ARAI(AU;SAFA;DCLCRPCRSDWDWO;;;WD),,,,,,,,,C:\Windows\System32\WindowsPowerShell\v1.0\Modules\DnsServer\PS_DnsServerResourceRecordPTR_v1.0.0.cdxml,,Security,File,,,,,,,,,,,,,,,,,,,,0x1624,C:\Windows\WinSxS\amd64_microsoft-windows-servicingstack_31bf3856ad364e35_10.0.17763.3641_none_56cfe33d992f2729\TiWorker.exe,,,,,,,,,,,,,,,,,,,,,,,,,,,WORKGROUP,0x3e7,,DC01$,S-1-5-18,,,,,,,,,,,,,,,,,,,,,,,,,,,,,
2025-08-13T11:04:35.837048Z,4907,DC01,Microsoft-Windows-Security-Auditing,Security,1803,0,,,,,,,,,,,,,,,,,,,,,,,,,,,,,,,,,,,,,,,,,,,,,,,0x88c,,,,,,,,,,,,,,,,,,,,,,,,,,,,,,,,,,,,S:ARAI(AU;SAFA;DCLCRPCRSDWDWO;;;WD),,,,,,,,,C:\Windows\System32\WindowsPowerShell\v1.0\Modules\DnsServer\PS_DnsServerResponseRateLimiting_v1.0.0.cdxml,,Security,File,,,,,,,,,,,,,,,,,,,,0x1624,C:\Windows\WinSxS\amd64_microsoft-windows-servicingstack_31bf3856ad364e35_10.0.17763.3641_none_56cfe33d992f2729\TiWorker.exe,,,,,,,,,,,,,,,,,,,,,,,,,,,WORKGROUP,0x3e7,,DC01$,S-1-5-18,,,,,,,,,,,,,,,,,,,,,,,,,,,,,
2025-08-13T11:04:35.837458Z,4907,DC01,Microsoft-Windows-Security-Auditing,Security,1804,0,,,,,,,,,,,,,,,,,,,,,,,,,,,,,,,,,,,,,,,,,,,,,,,0x87c,,,,,,,,,,,,,,,,,,,,,,,,,,,,,,,,,,,,S:ARAI(AU;SAFA;DCLCRPCRSDWDWO;;;WD),,,,,,,,,C:\Windows\System32\WindowsPowerShell\v1.0\Modules\DnsServer\PS_DnsServerResponseRateLimitingExceptionlist_v1.0.0.cdxml,,Security,File,,,,,,,,,,,,,,,,,,,,0x1624,C:\Windows\WinSxS\amd64_microsoft-windows-servicingstack_31bf3856ad364e35_10.0.17763.3641_none_56cfe33d992f2729\TiWorker.exe,,,,,,,,,,,,,,,,,,,,,,,,,,,WORKGROUP,0x3e7,,DC01$,S-1-5-18,,,,,,,,,,,,,,,,,,,,,,,,,,,,,
2025-08-13T11:04:35.837885Z,4907,DC01,Microsoft-Windows-Security-Auditing,Security,1805,0,,,,,,,,,,,,,,,,,,,,,,,,,,,,,,,,,,,,,,,,,,,,,,,0x888,,,,,,,,,,,,,,,,,,,,,,,,,,,,,,,,,,,,S:ARAI(AU;SAFA;DCLCRPCRSDWDWO;;;WD),,,,,,,,,C:\Windows\System32\WindowsPowerShell\v1.0\Modules\DnsServer\PS_DnsServerRootHint_v1.0.0.cdxml,,Security,File,,,,,,,,,,,,,,,,,,,,0x1624,C:\Windows\WinSxS\amd64_microsoft-windows-servicingstack_31bf3856ad364e35_10.0.17763.3641_none_56cfe33d992f2729\TiWorker.exe,,,,,,,,,,,,,,,,,,,,,,,,,,,WORKGROUP,0x3e7,,DC01$,S-1-5-18,,,,,,,,,,,,,,,,,,,,,,,,,,,,,
2025-08-13T11:04:35.838289Z,4907,DC01,Microsoft-Windows-Security-Auditing,Security,1806,0,,,,,,,,,,,,,,,,,,,,,,,,,,,,,,,,,,,,,,,,,,,,,,,0x878,,,,,,,,,,,,,,,,,,,,,,,,,,,,,,,,,,,,S:ARAI(AU;SAFA;DCLCRPCRSDWDWO;;;WD),,,,,,,,,C:\Windows\System32\WindowsPowerShell\v1.0\Modules\DnsServer\PS_DnsServerScavenging_v1.0.0.cdxml,,Security,File,,,,,,,,,,,,,,,,,,,,0x1624,C:\Windows\WinSxS\amd64_microsoft-windows-servicingstack_31bf3856ad364e35_10.0.17763.3641_none_56cfe33d992f2729\TiWorker.exe,,,,,,,,,,,,,,,,,,,,,,,,,,,WORKGROUP,0x3e7,,DC01$,S-1-5-18,,,,,,,,,,,,,,,,,,,,,,,,,,,,,
2025-08-13T11:04:35.838719Z,4907,DC01,Microsoft-Windows-Security-Auditing,Security,1807,0,,,,,,,,,,,,,,,,,,,,,,,,,,,,,,,,,,,,,,,,,,,,,,,0x88c,,,,,,,,,,,,,,,,,,,,,,,,,,,,,,,,,,,,S:ARAI(AU;SAFA;DCLCRPCRSDWDWO;;;WD),,,,,,,,,C:\Windows\System32\WindowsPowerShell\v1.0\Modules\DnsServer\PS_DnsServerSecondaryZone_v1.0.0.cdxml,,Security,File,,,,,,,,,,,,,,,,,,,,0x1624,C:\Windows\WinSxS\amd64_microsoft-windows-servicingstack_31bf3856ad364e35_10.0.17763.3641_none_56cfe33d992f2729\TiWorker.exe,,,,,,,,,,,,,,,,,,,,,,,,,,,WORKGROUP,0x3e7,,DC01$,S-1-5-18,,,,,,,,,,,,,,,,,,,,,,,,,,,,,
2025-08-13T11:04:35.839143Z,4907,DC01,Microsoft-Windows-Security-Auditing,Security,1808,0,,,,,,,,,,,,,,,,,,,,,,,,,,,,,,,,,,,,,,,,,,,,,,,0x87c,,,,,,,,,,,,,,,,,,,,,,,,,,,,,,,,,,,,S:ARAI(AU;SAFA;DCLCRPCRSDWDWO;;;WD),,,,,,,,,C:\Windows\System32\WindowsPowerShell\v1.0\Modules\DnsServer\PS_DnsServerSetting_v1.0.0.cdxml,,Security,File,,,,,,,,,,,,,,,,,,,,0x1624,C:\Windows\WinSxS\amd64_microsoft-windows-servicingstack_31bf3856ad364e35_10.0.17763.3641_none_56cfe33d992f2729\TiWorker.exe,,,,,,,,,,,,,,,,,,,,,,,,,,,WORKGROUP,0x3e7,,DC01$,S-1-5-18,,,,,,,,,,,,,,,,,,,,,,,,,,,,,
2025-08-13T11:04:35.839957Z,4907,DC01,Microsoft-Windows-Security-Auditing,Security,1809,0,,,,,,,,,,,,,,,,,,,,,,,,,,,,,,,,,,,,,,,,,,,,,,,0x888,,,,,,,,,,,,,,,,,,,,,,,,,,,,,,,,,,,,S:ARAI(AU;SAFA;DCLCRPCRSDWDWO;;;WD),,,,,,,,,C:\Windows\System32\WindowsPowerShell\v1.0\Modules\DnsServer\PS_DnsServerSigningKey_v1.0.0.cdxml,,Security,File,,,,,,,,,,,,,,,,,,,,0x1624,C:\Windows\WinSxS\amd64_microsoft-windows-servicingstack_31bf3856ad364e35_10.0.17763.3641_none_56cfe33d992f2729\TiWorker.exe,,,,,,,,,,,,,,,,,,,,,,,,,,,WORKGROUP,0x3e7,,DC01$,S-1-5-18,,,,,,,,,,,,,,,,,,,,,,,,,,,,,
2025-08-13T11:04:35.840559Z,4907,DC01,Microsoft-Windows-Security-Auditing,Security,1810,0,,,,,,,,,,,,,,,,,,,,,,,,,,,,,,,,,,,,,,,,,,,,,,,0x878,,,,,,,,,,,,,,,,,,,,,,,,,,,,,,,,,,,,S:ARAI(AU;SAFA;DCLCRPCRSDWDWO;;;WD),,,,,,,,,C:\Windows\System32\WindowsPowerShell\v1.0\Modules\DnsServer\PS_DnsServerSigningKeyRollover_v1.0.0.cdxml,,Security,File,,,,,,,,,,,,,,,,,,,,0x1624,C:\Windows\WinSxS\amd64_microsoft-windows-servicingstack_31bf3856ad364e35_10.0.17763.3641_none_56cfe33d992f2729\TiWorker.exe,,,,,,,,,,,,,,,,,,,,,,,,,,,WORKGROUP,0x3e7,,DC01$,S-1-5-18,,,,,,,,,,,,,,,,,,,,,,,,,,,,,
2025-08-13T11:04:35.841079Z,4907,DC01,Microsoft-Windows-Security-Auditing,Security,1811,0,,,,,,,,,,,,,,,,,,,,,,,,,,,,,,,,,,,,,,,,,,,,,,,0x88c,,,,,,,,,,,,,,,,,,,,,,,,,,,,,,,,,,,,S:ARAI(AU;SAFA;DCLCRPCRSDWDWO;;;WD),,,,,,,,,C:\Windows\System32\WindowsPowerShell\v1.0\Modules\DnsServer\PS_DnsServerStatistics_v1.0.0.cdxml,,Security,File,,,,,,,,,,,,,,,,,,,,0x1624,C:\Windows\WinSxS\amd64_microsoft-windows-servicingstack_31bf3856ad364e35_10.0.17763.3641_none_56cfe33d992f2729\TiWorker.exe,,,,,,,,,,,,,,,,,,,,,,,,,,,WORKGROUP,0x3e7,,DC01$,S-1-5-18,,,,,,,,,,,,,,,,,,,,,,,,,,,,,
2025-08-13T11:04:35.841665Z,4907,DC01,Microsoft-Windows-Security-Auditing,Security,1812,0,,,,,,,,,,,,,,,,,,,,,,,,,,,,,,,,,,,,,,,,,,,,,,,0x87c,,,,,,,,,,,,,,,,,,,,,,,,,,,,,,,,,,,,S:ARAI(AU;SAFA;DCLCRPCRSDWDWO;;;WD),,,,,,,,,C:\Windows\System32\WindowsPowerShell\v1.0\Modules\DnsServer\PS_DnsServerStubZone_v1.0.0.cdxml,,Security,File,,,,,,,,,,,,,,,,,,,,0x1624,C:\Windows\WinSxS\amd64_microsoft-windows-servicingstack_31bf3856ad364e35_10.0.17763.3641_none_56cfe33d992f2729\TiWorker.exe,,,,,,,,,,,,,,,,,,,,,,,,,,,WORKGROUP,0x3e7,,DC01$,S-1-5-18,,,,,,,,,,,,,,,,,,,,,,,,,,,,,
2025-08-13T11:04:35.842074Z,4907,DC01,Microsoft-Windows-Security-Auditing,Security,1813,0,,,,,,,,,,,,,,,,,,,,,,,,,,,,,,,,,,,,,,,,,,,,,,,0x888,,,,,,,,,,,,,,,,,,,,,,,,,,,,,,,,,,,,S:ARAI(AU;SAFA;DCLCRPCRSDWDWO;;;WD),,,,,,,,,C:\Windows\System32\WindowsPowerShell\v1.0\Modules\DnsServer\PS_DnsServerTrustAnchor_v1.0.0.cdxml,,Security,File,,,,,,,,,,,,,,,,,,,,0x1624,C:\Windows\WinSxS\amd64_microsoft-windows-servicingstack_31bf3856ad364e35_10.0.17763.3641_none_56cfe33d992f2729\TiWorker.exe,,,,,,,,,,,,,,,,,,,,,,,,,,,WORKGROUP,0x3e7,,DC01$,S-1-5-18,,,,,,,,,,,,,,,,,,,,,,,,,,,,,
2025-08-13T11:04:35.843148Z,4907,DC01,Microsoft-Windows-Security-Auditing,Security,1814,0,,,,,,,,,,,,,,,,,,,,,,,,,,,,,,,,,,,,,,,,,,,,,,,0x878,,,,,,,,,,,,,,,,,,,,,,,,,,,,,,,,,,,,S:ARAI(AU;SAFA;DCLCRPCRSDWDWO;;;WD),,,,,,,,,C:\Windows\System32\WindowsPowerShell\v1.0\Modules\DnsServer\PS_DnsServerTrustPoint_v1.0.0.cdxml,,Security,File,,,,,,,,,,,,,,,,,,,,0x1624,C:\Windows\WinSxS\amd64_microsoft-windows-servicingstack_31bf3856ad364e35_10.0.17763.3641_none_56cfe33d992f2729\TiWorker.exe,,,,,,,,,,,,,,,,,,,,,,,,,,,WORKGROUP,0x3e7,,DC01$,S-1-5-18,,,,,,,,,,,,,,,,,,,,,,,,,,,,,
2025-08-13T11:04:35.843679Z,4907,DC01,Microsoft-Windows-Security-Auditing,Security,1815,0,,,,,,,,,,,,,,,,,,,,,,,,,,,,,,,,,,,,,,,,,,,,,,,0x88c,,,,,,,,,,,,,,,,,,,,,,,,,,,,,,,,,,,,S:ARAI(AU;SAFA;DCLCRPCRSDWDWO;;;WD),,,,,,,,,C:\Windows\System32\WindowsPowerShell\v1.0\Modules\DnsServer\PS_DnsServerVirtualizationInstance_v1.0.0.cdxml,,Security,File,,,,,,,,,,,,,,,,,,,,0x1624,C:\Windows\WinSxS\amd64_microsoft-windows-servicingstack_31bf3856ad364e35_10.0.17763.3641_none_56cfe33d992f2729\TiWorker.exe,,,,,,,,,,,,,,,,,,,,,,,,,,,WORKGROUP,0x3e7,,DC01$,S-1-5-18,,,,,,,,,,,,,,,,,,,,,,,,,,,,,
2025-08-13T11:04:35.844212Z,4907,DC01,Microsoft-Windows-Security-Auditing,Security,1816,0,,,,,,,,,,,,,,,,,,,,,,,,,,,,,,,,,,,,,,,,,,,,,,,0x87c,,,,,,,,,,,,,,,,,,,,,,,,,,,,,,,,,,,,S:ARAI(AU;SAFA;DCLCRPCRSDWDWO;;;WD),,,,,,,,,C:\Windows\System32\WindowsPowerShell\v1.0\Modules\DnsServer\PS_DnsServerZone_v1.0.0.cdxml,,Security,File,,,,,,,,,,,,,,,,,,,,0x1624,C:\Windows\WinSxS\amd64_microsoft-windows-servicingstack_31bf3856ad364e35_10.0.17763.3641_none_56cfe33d992f2729\TiWorker.exe,,,,,,,,,,,,,,,,,,,,,,,,,,,WORKGROUP,0x3e7,,DC01$,S-1-5-18,,,,,,,,,,,,,,,,,,,,,,,,,,,,,
2025-08-13T11:04:35.844738Z,4907,DC01,Microsoft-Windows-Security-Auditing,Security,1817,0,,,,,,,,,,,,,,,,,,,,,,,,,,,,,,,,,,,,,,,,,,,,,,,0x888,,,,,,,,,,,,,,,,,,,,,,,,,,,,,,,,,,,,S:ARAI(AU;SAFA;DCLCRPCRSDWDWO;;;WD),,,,,,,,,C:\Windows\System32\WindowsPowerShell\v1.0\Modules\DnsServer\PS_DnsServerZoneAging_v1.0.0.cdxml,,Security,File,,,,,,,,,,,,,,,,,,,,0x1624,C:\Windows\WinSxS\amd64_microsoft-windows-servicingstack_31bf3856ad364e35_10.0.17763.3641_none_56cfe33d992f2729\TiWorker.exe,,,,,,,,,,,,,,,,,,,,,,,,,,,WORKGROUP,0x3e7,,DC01$,S-1-5-18,,,,,,,,,,,,,,,,,,,,,,,,,,,,,
2025-08-13T11:04:35.845204Z,4907,DC01,Microsoft-Windows-Security-Auditing,Security,1818,0,,,,,,,,,,,,,,,,,,,,,,,,,,,,,,,,,,,,,,,,,,,,,,,0x878,,,,,,,,,,,,,,,,,,,,,,,,,,,,,,,,,,,,S:ARAI(AU;SAFA;DCLCRPCRSDWDWO;;;WD),,,,,,,,,C:\Windows\System32\WindowsPowerShell\v1.0\Modules\DnsServer\PS_DnsServerZoneDelegation_v1.0.0.cdxml,,Security,File,,,,,,,,,,,,,,,,,,,,0x1624,C:\Windows\WinSxS\amd64_microsoft-windows-servicingstack_31bf3856ad364e35_10.0.17763.3641_none_56cfe33d992f2729\TiWorker.exe,,,,,,,,,,,,,,,,,,,,,,,,,,,WORKGROUP,0x3e7,,DC01$,S-1-5-18,,,,,,,,,,,,,,,,,,,,,,,,,,,,,
2025-08-13T11:04:35.846260Z,4907,DC01,Microsoft-Windows-Security-Auditing,Security,1819,0,,,,,,,,,,,,,,,,,,,,,,,,,,,,,,,,,,,,,,,,,,,,,,,0x884,,,,,,,,,,,,,,,,,,,,,,,,,,,,,,,,,,,,S:ARAI(AU;SAFA;DCLCRPCRSDWDWO;;;WD),,,,,,,,,C:\Windows\System32\WindowsPowerShell\v1.0\Modules\DnsServer\PS_DnsServerZoneKeyMasterRole_v1.0.0.cdxml,,Security,File,,,,,,,,,,,,,,,,,,,,0x1624,C:\Windows\WinSxS\amd64_microsoft-windows-servicingstack_31bf3856ad364e35_10.0.17763.3641_none_56cfe33d992f2729\TiWorker.exe,,,,,,,,,,,,,,,,,,,,,,,,,,,WORKGROUP,0x3e7,,DC01$,S-1-5-18,,,,,,,,,,,,,,,,,,,,,,,,,,,,,
2025-08-13T11:04:35.846792Z,4907,DC01,Microsoft-Windows-Security-Auditing,Security,1820,0,,,,,,,,,,,,,,,,,,,,,,,,,,,,,,,,,,,,,,,,,,,,,,,0x894,,,,,,,,,,,,,,,,,,,,,,,,,,,,,,,,,,,,S:ARAI(AU;SAFA;DCLCRPCRSDWDWO;;;WD),,,,,,,,,C:\Windows\System32\WindowsPowerShell\v1.0\Modules\DnsServer\PS_DnsServerZoneScope_v1.0.0.cdxml,,Security,File,,,,,,,,,,,,,,,,,,,,0x1624,C:\Windows\WinSxS\amd64_microsoft-windows-servicingstack_31bf3856ad364e35_10.0.17763.3641_none_56cfe33d992f2729\TiWorker.exe,,,,,,,,,,,,,,,,,,,,,,,,,,,WORKGROUP,0x3e7,,DC01$,S-1-5-18,,,,,,,,,,,,,,,,,,,,,,,,,,,,,
2025-08-13T11:04:35.847892Z,4907,DC01,Microsoft-Windows-Security-Auditing,Security,1821,0,,,,,,,,,,,,,,,,,,,,,,,,,,,,,,,,,,,,,,,,,,,,,,,0x870,,,,,,,,,,,,,,,,,,,,,,,,,,,,,,,,,,,,S:ARAI(AU;SAFA;DCLCRPCRSDWDWO;;;WD),,,,,,,,,C:\Windows\System32\WindowsPowerShell\v1.0\Modules\DnsServer\PS_DnsServerZoneSign_v1.0.0.cdxml,,Security,File,,,,,,,,,,,,,,,,,,,,0x1624,C:\Windows\WinSxS\amd64_microsoft-windows-servicingstack_31bf3856ad364e35_10.0.17763.3641_none_56cfe33d992f2729\TiWorker.exe,,,,,,,,,,,,,,,,,,,,,,,,,,,WORKGROUP,0x3e7,,DC01$,S-1-5-18,,,,,,,,,,,,,,,,,,,,,,,,,,,,,
2025-08-13T11:04:35.848514Z,4907,DC01,Microsoft-Windows-Security-Auditing,Security,1822,0,,,,,,,,,,,,,,,,,,,,,,,,,,,,,,,,,,,,,,,,,,,,,,,0x874,,,,,,,,,,,,,,,,,,,,,,,,,,,,,,,,,,,,S:ARAI(AU;SAFA;DCLCRPCRSDWDWO;;;WD),,,,,,,,,C:\Windows\System32\WindowsPowerShell\v1.0\Modules\DnsServer\PS_DnsServerZoneTransfer_v1.0.0.cdxml,,Security,File,,,,,,,,,,,,,,,,,,,,0x1624,C:\Windows\WinSxS\amd64_microsoft-windows-servicingstack_31bf3856ad364e35_10.0.17763.3641_none_56cfe33d992f2729\TiWorker.exe,,,,,,,,,,,,,,,,,,,,,,,,,,,WORKGROUP,0x3e7,,DC01$,S-1-5-18,,,,,,,,,,,,,,,,,,,,,,,,,,,,,
2025-08-13T11:04:35.849137Z,4907,DC01,Microsoft-Windows-Security-Auditing,Security,1823,0,,,,,,,,,,,,,,,,,,,,,,,,,,,,,,,,,,,,,,,,,,,,,,,0x894,,,,,,,,,,,,,,,,,,,,,,,,,,,,,,,,,,,,S:ARAI(AU;SAFA;DCLCRPCRSDWDWO;;;WD),,,,,,,,,C:\Windows\System32\WindowsPowerShell\v1.0\Modules\DnsServer\PS_DnsServerZoneTransferPolicy_v1.0.0.cdxml,,Security,File,,,,,,,,,,,,,,,,,,,,0x1624,C:\Windows\WinSxS\amd64_microsoft-windows-servicingstack_31bf3856ad364e35_10.0.17763.3641_none_56cfe33d992f2729\TiWorker.exe,,,,,,,,,,,,,,,,,,,,,,,,,,,WORKGROUP,0x3e7,,DC01$,S-1-5-18,,,,,,,,,,,,,,,,,,,,,,,,,,,,,
2025-08-13T11:04:35.849757Z,4907,DC01,Microsoft-Windows-Security-Auditing,Security,1824,0,,,,,,,,,,,,,,,,,,,,,,,,,,,,,,,,,,,,,,,,,,,,,,,0x884,,,,,,,,,,,,,,,,,,,,,,,,,,,,,,,,,,,,S:ARAI(AU;SAFA;DCLCRPCRSDWDWO;;;WD),,,,,,,,,C:\Windows\System32\WindowsPowerShell\v1.0\Modules\DnsServer\PS_DnsServerZoneUnsign_v1.0.0.cdxml,,Security,File,,,,,,,,,,,,,,,,,,,,0x1624,C:\Windows\WinSxS\amd64_microsoft-windows-servicingstack_31bf3856ad364e35_10.0.17763.3641_none_56cfe33d992f2729\TiWorker.exe,,,,,,,,,,,,,,,,,,,,,,,,,,,WORKGROUP,0x3e7,,DC01$,S-1-5-18,,,,,,,,,,,,,,,,,,,,,,,,,,,,,
2025-08-13T11:04:35.850223Z,4907,DC01,Microsoft-Windows-Security-Auditing,Security,1825,0,,,,,,,,,,,,,,,,,,,,,,,,,,,,,,,,,,,,,,,,,,,,,,,0x870,,,,,,,,,,,,,,,,,,,,,,,,,,,,,,,,,,,,S:ARAI(AU;SAFA;DCLCRPCRSDWDWO;;;WD),,,,,,,,,C:\Windows\SysWOW64\dnsperf.dll,,Security,File,,,,,,,,,,,,,,,,,,,,0x1624,C:\Windows\WinSxS\amd64_microsoft-windows-servicingstack_31bf3856ad364e35_10.0.17763.3641_none_56cfe33d992f2729\TiWorker.exe,,,,,,,,,,,,,,,,,,,,,,,,,,,WORKGROUP,0x3e7,,DC01$,S-1-5-18,,,,,,,,,,,,,,,,,,,,,,,,,,,,,
2025-08-13T11:04:35.850975Z,4907,DC01,Microsoft-Windows-Security-Auditing,Security,1826,0,,,,,,,,,,,,,,,,,,,,,,,,,,,,,,,,,,,,,,,,,,,,,,,0x894,,,,,,,,,,,,,,,,,,,,,,,,,,,,,,,,,,,,S:ARAI(AU;SAFA;DCLCRPCRSDWDWO;;;WD),,,,,,,,,C:\Windows\SysWOW64\WindowsPowerShell\v1.0\Modules\DnsServer\DnsServer.psd1,,Security,File,,,,,,,,,,,,,,,,,,,,0x1624,C:\Windows\WinSxS\amd64_microsoft-windows-servicingstack_31bf3856ad364e35_10.0.17763.3641_none_56cfe33d992f2729\TiWorker.exe,,,,,,,,,,,,,,,,,,,,,,,,,,,WORKGROUP,0x3e7,,DC01$,S-1-5-18,,,,,,,,,,,,,,,,,,,,,,,,,,,,,
2025-08-13T11:04:35.851411Z,4907,DC01,Microsoft-Windows-Security-Auditing,Security,1827,0,,,,,,,,,,,,,,,,,,,,,,,,,,,,,,,,,,,,,,,,,,,,,,,0x870,,,,,,,,,,,,,,,,,,,,,,,,,,,,,,,,,,,,S:ARAI(AU;SAFA;DCLCRPCRSDWDWO;;;WD),,,,,,,,,C:\Windows\SysWOW64\WindowsPowerShell\v1.0\Modules\DnsServer\DnsServerPsProvider.Format.ps1xml,,Security,File,,,,,,,,,,,,,,,,,,,,0x1624,C:\Windows\WinSxS\amd64_microsoft-windows-servicingstack_31bf3856ad364e35_10.0.17763.3641_none_56cfe33d992f2729\TiWorker.exe,,,,,,,,,,,,,,,,,,,,,,,,,,,WORKGROUP,0x3e7,,DC01$,S-1-5-18,,,,,,,,,,,,,,,,,,,,,,,,,,,,,
2025-08-13T11:04:35.851801Z,4907,DC01,Microsoft-Windows-Security-Auditing,Security,1828,0,,,,,,,,,,,,,,,,,,,,,,,,,,,,,,,,,,,,,,,,,,,,,,,0x884,,,,,,,,,,,,,,,,,,,,,,,,,,,,,,,,,,,,S:ARAI(AU;SAFA;DCLCRPCRSDWDWO;;;WD),,,,,,,,,C:\Windows\SysWOW64\WindowsPowerShell\v1.0\Modules\DnsServer\DnsServerPsProvider.Types.ps1xml,,Security,File,,,,,,,,,,,,,,,,,,,,0x1624,C:\Windows\WinSxS\amd64_microsoft-windows-servicingstack_31bf3856ad364e35_10.0.17763.3641_none_56cfe33d992f2729\TiWorker.exe,,,,,,,,,,,,,,,,,,,,,,,,,,,WORKGROUP,0x3e7,,DC01$,S-1-5-18,,,,,,,,,,,,,,,,,,,,,,,,,,,,,
2025-08-13T11:04:35.852468Z,4907,DC01,Microsoft-Windows-Security-Auditing,Security,1829,0,,,,,,,,,,,,,,,,,,,,,,,,,,,,,,,,,,,,,,,,,,,,,,,0x874,,,,,,,,,,,,,,,,,,,,,,,,,,,,,,,,,,,,S:ARAI(AU;SAFA;DCLCRPCRSDWDWO;;;WD),,,,,,,,,C:\Windows\SysWOW64\WindowsPowerShell\v1.0\Modules\DnsServer\PS_DnsServer_v1.0.0.cdxml,,Security,File,,,,,,,,,,,,,,,,,,,,0x1624,C:\Windows\WinSxS\amd64_microsoft-windows-servicingstack_31bf3856ad364e35_10.0.17763.3641_none_56cfe33d992f2729\TiWorker.exe,,,,,,,,,,,,,,,,,,,,,,,,,,,WORKGROUP,0x3e7,,DC01$,S-1-5-18,,,,,,,,,,,,,,,,,,,,,,,,,,,,,
2025-08-13T11:04:35.852993Z,4907,DC01,Microsoft-Windows-Security-Auditing,Security,1830,0,,,,,,,,,,,,,,,,,,,,,,,,,,,,,,,,,,,,,,,,,,,,,,,0x894,,,,,,,,,,,,,,,,,,,,,,,,,,,,,,,,,,,,S:ARAI(AU;SAFA;DCLCRPCRSDWDWO;;;WD),,,,,,,,,C:\Windows\SysWOW64\WindowsPowerShell\v1.0\Modules\DnsServer\PS_DnsServerCache_v1.0.0.cdxml,,Security,File,,,,,,,,,,,,,,,,,,,,0x1624,C:\Windows\WinSxS\amd64_microsoft-windows-servicingstack_31bf3856ad364e35_10.0.17763.3641_none_56cfe33d992f2729\TiWorker.exe,,,,,,,,,,,,,,,,,,,,,,,,,,,WORKGROUP,0x3e7,,DC01$,S-1-5-18,,,,,,,,,,,,,,,,,,,,,,,,,,,,,
2025-08-13T11:04:35.853516Z,4907,DC01,Microsoft-Windows-Security-Auditing,Security,1831,0,,,,,,,,,,,,,,,,,,,,,,,,,,,,,,,,,,,,,,,,,,,,,,,0x870,,,,,,,,,,,,,,,,,,,,,,,,,,,,,,,,,,,,S:ARAI(AU;SAFA;DCLCRPCRSDWDWO;;;WD),,,,,,,,,C:\Windows\SysWOW64\WindowsPowerShell\v1.0\Modules\DnsServer\PS_DnsServerClientSubnet_v1.0.0.cdxml,,Security,File,,,,,,,,,,,,,,,,,,,,0x1624,C:\Windows\WinSxS\amd64_microsoft-windows-servicingstack_31bf3856ad364e35_10.0.17763.3641_none_56cfe33d992f2729\TiWorker.exe,,,,,,,,,,,,,,,,,,,,,,,,,,,WORKGROUP,0x3e7,,DC01$,S-1-5-18,,,,,,,,,,,,,,,,,,,,,,,,,,,,,
2025-08-13T11:04:35.853958Z,4907,DC01,Microsoft-Windows-Security-Auditing,Security,1832,0,,,,,,,,,,,,,,,,,,,,,,,,,,,,,,,,,,,,,,,,,,,,,,,0x884,,,,,,,,,,,,,,,,,,,,,,,,,,,,,,,,,,,,S:ARAI(AU;SAFA;DCLCRPCRSDWDWO;;;WD),,,,,,,,,C:\Windows\SysWOW64\WindowsPowerShell\v1.0\Modules\DnsServer\PS_DnsServerConditionalForwarder_v1.0.0.cdxml,,Security,File,,,,,,,,,,,,,,,,,,,,0x1624,C:\Windows\WinSxS\amd64_microsoft-windows-servicingstack_31bf3856ad364e35_10.0.17763.3641_none_56cfe33d992f2729\TiWorker.exe,,,,,,,,,,,,,,,,,,,,,,,,,,,WORKGROUP,0x3e7,,DC01$,S-1-5-18,,,,,,,,,,,,,,,,,,,,,,,,,,,,,
2025-08-13T11:04:35.854407Z,4907,DC01,Microsoft-Windows-Security-Auditing,Security,1833,0,,,,,,,,,,,,,,,,,,,,,,,,,,,,,,,,,,,,,,,,,,,,,,,0x874,,,,,,,,,,,,,,,,,,,,,,,,,,,,,,,,,,,,S:ARAI(AU;SAFA;DCLCRPCRSDWDWO;;;WD),,,,,,,,,C:\Windows\SysWOW64\WindowsPowerShell\v1.0\Modules\DnsServer\PS_DnsServerDiagnostics_v1.0.0.cdxml,,Security,File,,,,,,,,,,,,,,,,,,,,0x1624,C:\Windows\WinSxS\amd64_microsoft-windows-servicingstack_31bf3856ad364e35_10.0.17763.3641_none_56cfe33d992f2729\TiWorker.exe,,,,,,,,,,,,,,,,,,,,,,,,,,,WORKGROUP,0x3e7,,DC01$,S-1-5-18,,,,,,,,,,,,,,,,,,,,,,,,,,,,,
2025-08-13T11:04:35.854809Z,4907,DC01,Microsoft-Windows-Security-Auditing,Security,1834,0,,,,,,,,,,,,,,,,,,,,,,,,,,,,,,,,,,,,,,,,,,,,,,,0x894,,,,,,,,,,,,,,,,,,,,,,,,,,,,,,,,,,,,S:ARAI(AU;SAFA;DCLCRPCRSDWDWO;;;WD),,,,,,,,,C:\Windows\SysWOW64\WindowsPowerShell\v1.0\Modules\DnsServer\PS_DnsServerDirectoryPartition_v1.0.0.cdxml,,Security,File,,,,,,,,,,,,,,,,,,,,0x1624,C:\Windows\WinSxS\amd64_microsoft-windows-servicingstack_31bf3856ad364e35_10.0.17763.3641_none_56cfe33d992f2729\TiWorker.exe,,,,,,,,,,,,,,,,,,,,,,,,,,,WORKGROUP,0x3e7,,DC01$,S-1-5-18,,,,,,,,,,,,,,,,,,,,,,,,,,,,,
2025-08-13T11:04:35.855200Z,4907,DC01,Microsoft-Windows-Security-Auditing,Security,1835,0,,,,,,,,,,,,,,,,,,,,,,,,,,,,,,,,,,,,,,,,,,,,,,,0x870,,,,,,,,,,,,,,,,,,,,,,,,,,,,,,,,,,,,S:ARAI(AU;SAFA;DCLCRPCRSDWDWO;;;WD),,,,,,,,,C:\Windows\SysWOW64\WindowsPowerShell\v1.0\Modules\DnsServer\PS_DnsServerDnsSecPublicKey_v1.0.0.cdxml,,Security,File,,,,,,,,,,,,,,,,,,,,0x1624,C:\Windows\WinSxS\amd64_microsoft-windows-servicingstack_31bf3856ad364e35_10.0.17763.3641_none_56cfe33d992f2729\TiWorker.exe,,,,,,,,,,,,,,,,,,,,,,,,,,,WORKGROUP,0x3e7,,DC01$,S-1-5-18,,,,,,,,,,,,,,,,,,,,,,,,,,,,,
2025-08-13T11:04:35.855692Z,4907,DC01,Microsoft-Windows-Security-Auditing,Security,1836,0,,,,,,,,,,,,,,,,,,,,,,,,,,,,,,,,,,,,,,,,,,,,,,,0x884,,,,,,,,,,,,,,,,,,,,,,,,,,,,,,,,,,,,S:ARAI(AU;SAFA;DCLCRPCRSDWDWO;;;WD),,,,,,,,,C:\Windows\SysWOW64\WindowsPowerShell\v1.0\Modules\DnsServer\PS_DnsServerDnsSecZoneSetting_v1.0.0.cdxml,,Security,File,,,,,,,,,,,,,,,,,,,,0x1624,C:\Windows\WinSxS\amd64_microsoft-windows-servicingstack_31bf3856ad364e35_10.0.17763.3641_none_56cfe33d992f2729\TiWorker.exe,,,,,,,,,,,,,,,,,,,,,,,,,,,WORKGROUP,0x3e7,,DC01$,S-1-5-18,,,,,,,,,,,,,,,,,,,,,,,,,,,,,
2025-08-13T11:04:35.856148Z,4907,DC01,Microsoft-Windows-Security-Auditing,Security,1837,0,,,,,,,,,,,,,,,,,,,,,,,,,,,,,,,,,,,,,,,,,,,,,,,0x874,,,,,,,,,,,,,,,,,,,,,,,,,,,,,,,,,,,,S:ARAI(AU;SAFA;DCLCRPCRSDWDWO;;;WD),,,,,,,,,C:\Windows\SysWOW64\WindowsPowerShell\v1.0\Modules\DnsServer\PS_DnsServerDsSetting_v1.0.0.cdxml,,Security,File,,,,,,,,,,,,,,,,,,,,0x1624,C:\Windows\WinSxS\amd64_microsoft-windows-servicingstack_31bf3856ad364e35_10.0.17763.3641_none_56cfe33d992f2729\TiWorker.exe,,,,,,,,,,,,,,,,,,,,,,,,,,,WORKGROUP,0x3e7,,DC01$,S-1-5-18,,,,,,,,,,,,,,,,,,,,,,,,,,,,,
2025-08-13T11:04:35.857032Z,4907,DC01,Microsoft-Windows-Security-Auditing,Security,1838,0,,,,,,,,,,,,,,,,,,,,,,,,,,,,,,,,,,,,,,,,,,,,,,,0x894,,,,,,,,,,,,,,,,,,,,,,,,,,,,,,,,,,,,S:ARAI(AU;SAFA;DCLCRPCRSDWDWO;;;WD),,,,,,,,,C:\Windows\SysWOW64\WindowsPowerShell\v1.0\Modules\DnsServer\PS_DnsServerEdns_v1.0.0.cdxml,,Security,File,,,,,,,,,,,,,,,,,,,,0x1624,C:\Windows\WinSxS\amd64_microsoft-windows-servicingstack_31bf3856ad364e35_10.0.17763.3641_none_56cfe33d992f2729\TiWorker.exe,,,,,,,,,,,,,,,,,,,,,,,,,,,WORKGROUP,0x3e7,,DC01$,S-1-5-18,,,,,,,,,,,,,,,,,,,,,,,,,,,,,
2025-08-13T11:04:35.857426Z,4907,DC01,Microsoft-Windows-Security-Auditing,Security,1839,0,,,,,,,,,,,,,,,,,,,,,,,,,,,,,,,,,,,,,,,,,,,,,,,0x870,,,,,,,,,,,,,,,,,,,,,,,,,,,,,,,,,,,,S:ARAI(AU;SAFA;DCLCRPCRSDWDWO;;;WD),,,,,,,,,C:\Windows\SysWOW64\WindowsPowerShell\v1.0\Modules\DnsServer\PS_DnsServerForwarder_v1.0.0.cdxml,,Security,File,,,,,,,,,,,,,,,,,,,,0x1624,C:\Windows\WinSxS\amd64_microsoft-windows-servicingstack_31bf3856ad364e35_10.0.17763.3641_none_56cfe33d992f2729\TiWorker.exe,,,,,,,,,,,,,,,,,,,,,,,,,,,WORKGROUP,0x3e7,,DC01$,S-1-5-18,,,,,,,,,,,,,,,,,,,,,,,,,,,,,
2025-08-13T11:04:35.857846Z,4907,DC01,Microsoft-Windows-Security-Auditing,Security,1840,0,,,,,,,,,,,,,,,,,,,,,,,,,,,,,,,,,,,,,,,,,,,,,,,0x884,,,,,,,,,,,,,,,,,,,,,,,,,,,,,,,,,,,,S:ARAI(AU;SAFA;DCLCRPCRSDWDWO;;;WD),,,,,,,,,C:\Windows\SysWOW64\WindowsPowerShell\v1.0\Modules\DnsServer\PS_DnsServerGlobalNameZone_v1.0.0.cdxml,,Security,File,,,,,,,,,,,,,,,,,,,,0x1624,C:\Windows\WinSxS\amd64_microsoft-windows-servicingstack_31bf3856ad364e35_10.0.17763.3641_none_56cfe33d992f2729\TiWorker.exe,,,,,,,,,,,,,,,,,,,,,,,,,,,WORKGROUP,0x3e7,,DC01$,S-1-5-18,,,,,,,,,,,,,,,,,,,,,,,,,,,,,
2025-08-13T11:04:35.858490Z,4907,DC01,Microsoft-Windows-Security-Auditing,Security,1841,0,,,,,,,,,,,,,,,,,,,,,,,,,,,,,,,,,,,,,,,,,,,,,,,0x874,,,,,,,,,,,,,,,,,,,,,,,,,,,,,,,,,,,,S:ARAI(AU;SAFA;DCLCRPCRSDWDWO;;;WD),,,,,,,,,C:\Windows\SysWOW64\WindowsPowerShell\v1.0\Modules\DnsServer\PS_DnsServerGlobalQueryBlockList_v1.0.0.cdxml,,Security,File,,,,,,,,,,,,,,,,,,,,0x1624,C:\Windows\WinSxS\amd64_microsoft-windows-servicingstack_31bf3856ad364e35_10.0.17763.3641_none_56cfe33d992f2729\TiWorker.exe,,,,,,,,,,,,,,,,,,,,,,,,,,,WORKGROUP,0x3e7,,DC01$,S-1-5-18,,,,,,,,,,,,,,,,,,,,,,,,,,,,,
2025-08-13T11:04:35.859209Z,4907,DC01,Microsoft-Windows-Security-Auditing,Security,1842,0,,,,,,,,,,,,,,,,,,,,,,,,,,,,,,,,,,,,,,,,,,,,,,,0x894,,,,,,,,,,,,,,,,,,,,,,,,,,,,,,,,,,,,S:ARAI(AU;SAFA;DCLCRPCRSDWDWO;;;WD),,,,,,,,,C:\Windows\SysWOW64\WindowsPowerShell\v1.0\Modules\DnsServer\PS_DnsServerKeyStorageProvider_v1.0.0.cdxml,,Security,File,,,,,,,,,,,,,,,,,,,,0x1624,C:\Windows\WinSxS\amd64_microsoft-windows-servicingstack_31bf3856ad364e35_10.0.17763.3641_none_56cfe33d992f2729\TiWorker.exe,,,,,,,,,,,,,,,,,,,,,,,,,,,WORKGROUP,0x3e7,,DC01$,S-1-5-18,,,,,,,,,,,,,,,,,,,,,,,,,,,,,
2025-08-13T11:04:35.859716Z,4907,DC01,Microsoft-Windows-Security-Auditing,Security,1843,0,,,,,,,,,,,,,,,,,,,,,,,,,,,,,,,,,,,,,,,,,,,,,,,0x870,,,,,,,,,,,,,,,,,,,,,,,,,,,,,,,,,,,,S:ARAI(AU;SAFA;DCLCRPCRSDWDWO;;;WD),,,,,,,,,C:\Windows\SysWOW64\WindowsPowerShell\v1.0\Modules\DnsServer\PS_DnsServerPolicy_v1.0.0.cdxml,,Security,File,,,,,,,,,,,,,,,,,,,,0x1624,C:\Windows\WinSxS\amd64_microsoft-windows-servicingstack_31bf3856ad364e35_10.0.17763.3641_none_56cfe33d992f2729\TiWorker.exe,,,,,,,,,,,,,,,,,,,,,,,,,,,WORKGROUP,0x3e7,,DC01$,S-1-5-18,,,,,,,,,,,,,,,,,,,,,,,,,,,,,
2025-08-13T11:04:35.860222Z,4907,DC01,Microsoft-Windows-Security-Auditing,Security,1844,0,,,,,,,,,,,,,,,,,,,,,,,,,,,,,,,,,,,,,,,,,,,,,,,0x884,,,,,,,,,,,,,,,,,,,,,,,,,,,,,,,,,,,,S:ARAI(AU;SAFA;DCLCRPCRSDWDWO;;;WD),,,,,,,,,C:\Windows\SysWOW64\WindowsPowerShell\v1.0\Modules\DnsServer\PS_DnsServerPrimaryZone_v1.0.0.cdxml,,Security,File,,,,,,,,,,,,,,,,,,,,0x1624,C:\Windows\WinSxS\amd64_microsoft-windows-servicingstack_31bf3856ad364e35_10.0.17763.3641_none_56cfe33d992f2729\TiWorker.exe,,,,,,,,,,,,,,,,,,,,,,,,,,,WORKGROUP,0x3e7,,DC01$,S-1-5-18,,,,,,,,,,,,,,,,,,,,,,,,,,,,,
2025-08-13T11:04:35.860697Z,4907,DC01,Microsoft-Windows-Security-Auditing,Security,1845,0,,,,,,,,,,,,,,,,,,,,,,,,,,,,,,,,,,,,,,,,,,,,,,,0x874,,,,,,,,,,,,,,,,,,,,,,,,,,,,,,,,,,,,S:ARAI(AU;SAFA;DCLCRPCRSDWDWO;;;WD),,,,,,,,,C:\Windows\SysWOW64\WindowsPowerShell\v1.0\Modules\DnsServer\PS_DnsServerQueryResolutionPolicy_v1.0.0.cdxml,,Security,File,,,,,,,,,,,,,,,,,,,,0x1624,C:\Windows\WinSxS\amd64_microsoft-windows-servicingstack_31bf3856ad364e35_10.0.17763.3641_none_56cfe33d992f2729\TiWorker.exe,,,,,,,,,,,,,,,,,,,,,,,,,,,WORKGROUP,0x3e7,,DC01$,S-1-5-18,,,,,,,,,,,,,,,,,,,,,,,,,,,,,
2025-08-13T11:04:35.861137Z,4907,DC01,Microsoft-Windows-Security-Auditing,Security,1846,0,,,,,,,,,,,,,,,,,,,,,,,,,,,,,,,,,,,,,,,,,,,,,,,0x894,,,,,,,,,,,,,,,,,,,,,,,,,,,,,,,,,,,,S:ARAI(AU;SAFA;DCLCRPCRSDWDWO;;;WD),,,,,,,,,C:\Windows\SysWOW64\WindowsPowerShell\v1.0\Modules\DnsServer\PS_DnsServerRecursion_v1.0.0.cdxml,,Security,File,,,,,,,,,,,,,,,,,,,,0x1624,C:\Windows\WinSxS\amd64_microsoft-windows-servicingstack_31bf3856ad364e35_10.0.17763.3641_none_56cfe33d992f2729\TiWorker.exe,,,,,,,,,,,,,,,,,,,,,,,,,,,WORKGROUP,0x3e7,,DC01$,S-1-5-18,,,,,,,,,,,,,,,,,,,,,,,,,,,,,
2025-08-13T11:04:35.861569Z,4907,DC01,Microsoft-Windows-Security-Auditing,Security,1847,0,,,,,,,,,,,,,,,,,,,,,,,,,,,,,,,,,,,,,,,,,,,,,,,0x870,,,,,,,,,,,,,,,,,,,,,,,,,,,,,,,,,,,,S:ARAI(AU;SAFA;DCLCRPCRSDWDWO;;;WD),,,,,,,,,C:\Windows\SysWOW64\WindowsPowerShell\v1.0\Modules\DnsServer\PS_DnsServerRecursionScope_v1.0.0.cdxml,,Security,File,,,,,,,,,,,,,,,,,,,,0x1624,C:\Windows\WinSxS\amd64_microsoft-windows-servicingstack_31bf3856ad364e35_10.0.17763.3641_none_56cfe33d992f2729\TiWorker.exe,,,,,,,,,,,,,,,,,,,,,,,,,,,WORKGROUP,0x3e7,,DC01$,S-1-5-18,,,,,,,,,,,,,,,,,,,,,,,,,,,,,
2025-08-13T11:04:35.861971Z,4907,DC01,Microsoft-Windows-Security-Auditing,Security,1848,0,,,,,,,,,,,,,,,,,,,,,,,,,,,,,,,,,,,,,,,,,,,,,,,0x884,,,,,,,,,,,,,,,,,,,,,,,,,,,,,,,,,,,,S:ARAI(AU;SAFA;DCLCRPCRSDWDWO;;;WD),,,,,,,,,C:\Windows\SysWOW64\WindowsPowerShell\v1.0\Modules\DnsServer\PS_DnsServerResourceRecord_v1.0.0.cdxml,,Security,File,,,,,,,,,,,,,,,,,,,,0x1624,C:\Windows\WinSxS\amd64_microsoft-windows-servicingstack_31bf3856ad364e35_10.0.17763.3641_none_56cfe33d992f2729\TiWorker.exe,,,,,,,,,,,,,,,,,,,,,,,,,,,WORKGROUP,0x3e7,,DC01$,S-1-5-18,,,,,,,,,,,,,,,,,,,,,,,,,,,,,
2025-08-13T11:04:35.862373Z,4907,DC01,Microsoft-Windows-Security-Auditing,Security,1849,0,,,,,,,,,,,,,,,,,,,,,,,,,,,,,,,,,,,,,,,,,,,,,,,0x874,,,,,,,,,,,,,,,,,,,,,,,,,,,,,,,,,,,,S:ARAI(AU;SAFA;DCLCRPCRSDWDWO;;;WD),,,,,,,,,C:\Windows\SysWOW64\WindowsPowerShell\v1.0\Modules\DnsServer\PS_DnsServerResourceRecordA_v1.0.0.cdxml,,Security,File,,,,,,,,,,,,,,,,,,,,0x1624,C:\Windows\WinSxS\amd64_microsoft-windows-servicingstack_31bf3856ad364e35_10.0.17763.3641_none_56cfe33d992f2729\TiWorker.exe,,,,,,,,,,,,,,,,,,,,,,,,,,,WORKGROUP,0x3e7,,DC01$,S-1-5-18,,,,,,,,,,,,,,,,,,,,,,,,,,,,,
2025-08-13T11:04:35.862793Z,4907,DC01,Microsoft-Windows-Security-Auditing,Security,1850,0,,,,,,,,,,,,,,,,,,,,,,,,,,,,,,,,,,,,,,,,,,,,,,,0x894,,,,,,,,,,,,,,,,,,,,,,,,,,,,,,,,,,,,S:ARAI(AU;SAFA;DCLCRPCRSDWDWO;;;WD),,,,,,,,,C:\Windows\SysWOW64\WindowsPowerShell\v1.0\Modules\DnsServer\PS_DnsServerResourceRecordAAAA_v1.0.0.cdxml,,Security,File,,,,,,,,,,,,,,,,,,,,0x1624,C:\Windows\WinSxS\amd64_microsoft-windows-servicingstack_31bf3856ad364e35_10.0.17763.3641_none_56cfe33d992f2729\TiWorker.exe,,,,,,,,,,,,,,,,,,,,,,,,,,,WORKGROUP,0x3e7,,DC01$,S-1-5-18,,,,,,,,,,,,,,,,,,,,,,,,,,,,,
2025-08-13T11:04:35.864179Z,4907,DC01,Microsoft-Windows-Security-Auditing,Security,1851,0,,,,,,,,,,,,,,,,,,,,,,,,,,,,,,,,,,,,,,,,,,,,,,,0x88c,,,,,,,,,,,,,,,,,,,,,,,,,,,,,,,,,,,,S:ARAI(AU;SAFA;DCLCRPCRSDWDWO;;;WD),,,,,,,,,C:\Windows\SysWOW64\WindowsPowerShell\v1.0\Modules\DnsServer\PS_DnsServerResourceRecordAging_v1.0.0.cdxml,,Security,File,,,,,,,,,,,,,,,,,,,,0x1624,C:\Windows\WinSxS\amd64_microsoft-windows-servicingstack_31bf3856ad364e35_10.0.17763.3641_none_56cfe33d992f2729\TiWorker.exe,,,,,,,,,,,,,,,,,,,,,,,,,,,WORKGROUP,0x3e7,,DC01$,S-1-5-18,,,,,,,,,,,,,,,,,,,,,,,,,,,,,
2025-08-13T11:04:35.864699Z,4907,DC01,Microsoft-Windows-Security-Auditing,Security,1852,0,,,,,,,,,,,,,,,,,,,,,,,,,,,,,,,,,,,,,,,,,,,,,,,0x890,,,,,,,,,,,,,,,,,,,,,,,,,,,,,,,,,,,,S:ARAI(AU;SAFA;DCLCRPCRSDWDWO;;;WD),,,,,,,,,C:\Windows\SysWOW64\WindowsPowerShell\v1.0\Modules\DnsServer\PS_DnsServerResourceRecordCNAME_v1.0.0.cdxml,,Security,File,,,,,,,,,,,,,,,,,,,,0x1624,C:\Windows\WinSxS\amd64_microsoft-windows-servicingstack_31bf3856ad364e35_10.0.17763.3641_none_56cfe33d992f2729\TiWorker.exe,,,,,,,,,,,,,,,,,,,,,,,,,,,WORKGROUP,0x3e7,,DC01$,S-1-5-18,,,,,,,,,,,,,,,,,,,,,,,,,,,,,
2025-08-13T11:04:35.865196Z,4907,DC01,Microsoft-Windows-Security-Auditing,Security,1853,0,,,,,,,,,,,,,,,,,,,,,,,,,,,,,,,,,,,,,,,,,,,,,,,0x86c,,,,,,,,,,,,,,,,,,,,,,,,,,,,,,,,,,,,S:ARAI(AU;SAFA;DCLCRPCRSDWDWO;;;WD),,,,,,,,,C:\Windows\SysWOW64\WindowsPowerShell\v1.0\Modules\DnsServer\PS_DnsServerResourceRecordDnsKey_v1.0.0.cdxml,,Security,File,,,,,,,,,,,,,,,,,,,,0x1624,C:\Windows\WinSxS\amd64_microsoft-windows-servicingstack_31bf3856ad364e35_10.0.17763.3641_none_56cfe33d992f2729\TiWorker.exe,,,,,,,,,,,,,,,,,,,,,,,,,,,WORKGROUP,0x3e7,,DC01$,S-1-5-18,,,,,,,,,,,,,,,,,,,,,,,,,,,,,
2025-08-13T11:04:35.865887Z,4907,DC01,Microsoft-Windows-Security-Auditing,Security,1854,0,,,,,,,,,,,,,,,,,,,,,,,,,,,,,,,,,,,,,,,,,,,,,,,0x868,,,,,,,,,,,,,,,,,,,,,,,,,,,,,,,,,,,,S:ARAI(AU;SAFA;DCLCRPCRSDWDWO;;;WD),,,,,,,,,C:\Windows\SysWOW64\WindowsPowerShell\v1.0\Modules\DnsServer\PS_DnsServerResourceRecordDS_v1.0.0.cdxml,,Security,File,,,,,,,,,,,,,,,,,,,,0x1624,C:\Windows\WinSxS\amd64_microsoft-windows-servicingstack_31bf3856ad364e35_10.0.17763.3641_none_56cfe33d992f2729\TiWorker.exe,,,,,,,,,,,,,,,,,,,,,,,,,,,WORKGROUP,0x3e7,,DC01$,S-1-5-18,,,,,,,,,,,,,,,,,,,,,,,,,,,,,
2025-08-13T11:04:35.866430Z,4907,DC01,Microsoft-Windows-Security-Auditing,Security,1855,0,,,,,,,,,,,,,,,,,,,,,,,,,,,,,,,,,,,,,,,,,,,,,,,0x88c,,,,,,,,,,,,,,,,,,,,,,,,,,,,,,,,,,,,S:ARAI(AU;SAFA;DCLCRPCRSDWDWO;;;WD),,,,,,,,,C:\Windows\SysWOW64\WindowsPowerShell\v1.0\Modules\DnsServer\PS_DnsServerResourceRecordMX_v1.0.0.cdxml,,Security,File,,,,,,,,,,,,,,,,,,,,0x1624,C:\Windows\WinSxS\amd64_microsoft-windows-servicingstack_31bf3856ad364e35_10.0.17763.3641_none_56cfe33d992f2729\TiWorker.exe,,,,,,,,,,,,,,,,,,,,,,,,,,,WORKGROUP,0x3e7,,DC01$,S-1-5-18,,,,,,,,,,,,,,,,,,,,,,,,,,,,,
2025-08-13T11:04:35.866912Z,4907,DC01,Microsoft-Windows-Security-Auditing,Security,1856,0,,,,,,,,,,,,,,,,,,,,,,,,,,,,,,,,,,,,,,,,,,,,,,,0x890,,,,,,,,,,,,,,,,,,,,,,,,,,,,,,,,,,,,S:ARAI(AU;SAFA;DCLCRPCRSDWDWO;;;WD),,,,,,,,,C:\Windows\SysWOW64\WindowsPowerShell\v1.0\Modules\DnsServer\PS_DnsServerResourceRecordPTR_v1.0.0.cdxml,,Security,File,,,,,,,,,,,,,,,,,,,,0x1624,C:\Windows\WinSxS\amd64_microsoft-windows-servicingstack_31bf3856ad364e35_10.0.17763.3641_none_56cfe33d992f2729\TiWorker.exe,,,,,,,,,,,,,,,,,,,,,,,,,,,WORKGROUP,0x3e7,,DC01$,S-1-5-18,,,,,,,,,,,,,,,,,,,,,,,,,,,,,
2025-08-13T11:04:35.867354Z,4907,DC01,Microsoft-Windows-Security-Auditing,Security,1857,0,,,,,,,,,,,,,,,,,,,,,,,,,,,,,,,,,,,,,,,,,,,,,,,0x86c,,,,,,,,,,,,,,,,,,,,,,,,,,,,,,,,,,,,S:ARAI(AU;SAFA;DCLCRPCRSDWDWO;;;WD),,,,,,,,,C:\Windows\SysWOW64\WindowsPowerShell\v1.0\Modules\DnsServer\PS_DnsServerResponseRateLimiting_v1.0.0.cdxml,,Security,File,,,,,,,,,,,,,,,,,,,,0x1624,C:\Windows\WinSxS\amd64_microsoft-windows-servicingstack_31bf3856ad364e35_10.0.17763.3641_none_56cfe33d992f2729\TiWorker.exe,,,,,,,,,,,,,,,,,,,,,,,,,,,WORKGROUP,0x3e7,,DC01$,S-1-5-18,,,,,,,,,,,,,,,,,,,,,,,,,,,,,
2025-08-13T11:04:35.867784Z,4907,DC01,Microsoft-Windows-Security-Auditing,Security,1858,0,,,,,,,,,,,,,,,,,,,,,,,,,,,,,,,,,,,,,,,,,,,,,,,0x868,,,,,,,,,,,,,,,,,,,,,,,,,,,,,,,,,,,,S:ARAI(AU;SAFA;DCLCRPCRSDWDWO;;;WD),,,,,,,,,C:\Windows\SysWOW64\WindowsPowerShell\v1.0\Modules\DnsServer\PS_DnsServerResponseRateLimitingExceptionlist_v1.0.0.cdxml,,Security,File,,,,,,,,,,,,,,,,,,,,0x1624,C:\Windows\WinSxS\amd64_microsoft-windows-servicingstack_31bf3856ad364e35_10.0.17763.3641_none_56cfe33d992f2729\TiWorker.exe,,,,,,,,,,,,,,,,,,,,,,,,,,,WORKGROUP,0x3e7,,DC01$,S-1-5-18,,,,,,,,,,,,,,,,,,,,,,,,,,,,,
2025-08-13T11:04:35.868226Z,4907,DC01,Microsoft-Windows-Security-Auditing,Security,1859,0,,,,,,,,,,,,,,,,,,,,,,,,,,,,,,,,,,,,,,,,,,,,,,,0x88c,,,,,,,,,,,,,,,,,,,,,,,,,,,,,,,,,,,,S:ARAI(AU;SAFA;DCLCRPCRSDWDWO;;;WD),,,,,,,,,C:\Windows\SysWOW64\WindowsPowerShell\v1.0\Modules\DnsServer\PS_DnsServerRootHint_v1.0.0.cdxml,,Security,File,,,,,,,,,,,,,,,,,,,,0x1624,C:\Windows\WinSxS\amd64_microsoft-windows-servicingstack_31bf3856ad364e35_10.0.17763.3641_none_56cfe33d992f2729\TiWorker.exe,,,,,,,,,,,,,,,,,,,,,,,,,,,WORKGROUP,0x3e7,,DC01$,S-1-5-18,,,,,,,,,,,,,,,,,,,,,,,,,,,,,
2025-08-13T11:04:35.868689Z,4907,DC01,Microsoft-Windows-Security-Auditing,Security,1860,0,,,,,,,,,,,,,,,,,,,,,,,,,,,,,,,,,,,,,,,,,,,,,,,0x890,,,,,,,,,,,,,,,,,,,,,,,,,,,,,,,,,,,,S:ARAI(AU;SAFA;DCLCRPCRSDWDWO;;;WD),,,,,,,,,C:\Windows\SysWOW64\WindowsPowerShell\v1.0\Modules\DnsServer\PS_DnsServerScavenging_v1.0.0.cdxml,,Security,File,,,,,,,,,,,,,,,,,,,,0x1624,C:\Windows\WinSxS\amd64_microsoft-windows-servicingstack_31bf3856ad364e35_10.0.17763.3641_none_56cfe33d992f2729\TiWorker.exe,,,,,,,,,,,,,,,,,,,,,,,,,,,WORKGROUP,0x3e7,,DC01$,S-1-5-18,,,,,,,,,,,,,,,,,,,,,,,,,,,,,
2025-08-13T11:04:35.869105Z,4907,DC01,Microsoft-Windows-Security-Auditing,Security,1861,0,,,,,,,,,,,,,,,,,,,,,,,,,,,,,,,,,,,,,,,,,,,,,,,0x86c,,,,,,,,,,,,,,,,,,,,,,,,,,,,,,,,,,,,S:ARAI(AU;SAFA;DCLCRPCRSDWDWO;;;WD),,,,,,,,,C:\Windows\SysWOW64\WindowsPowerShell\v1.0\Modules\DnsServer\PS_DnsServerSecondaryZone_v1.0.0.cdxml,,Security,File,,,,,,,,,,,,,,,,,,,,0x1624,C:\Windows\WinSxS\amd64_microsoft-windows-servicingstack_31bf3856ad364e35_10.0.17763.3641_none_56cfe33d992f2729\TiWorker.exe,,,,,,,,,,,,,,,,,,,,,,,,,,,WORKGROUP,0x3e7,,DC01$,S-1-5-18,,,,,,,,,,,,,,,,,,,,,,,,,,,,,
2025-08-13T11:04:35.869591Z,4907,DC01,Microsoft-Windows-Security-Auditing,Security,1862,0,,,,,,,,,,,,,,,,,,,,,,,,,,,,,,,,,,,,,,,,,,,,,,,0x868,,,,,,,,,,,,,,,,,,,,,,,,,,,,,,,,,,,,S:ARAI(AU;SAFA;DCLCRPCRSDWDWO;;;WD),,,,,,,,,C:\Windows\SysWOW64\WindowsPowerShell\v1.0\Modules\DnsServer\PS_DnsServerSetting_v1.0.0.cdxml,,Security,File,,,,,,,,,,,,,,,,,,,,0x1624,C:\Windows\WinSxS\amd64_microsoft-windows-servicingstack_31bf3856ad364e35_10.0.17763.3641_none_56cfe33d992f2729\TiWorker.exe,,,,,,,,,,,,,,,,,,,,,,,,,,,WORKGROUP,0x3e7,,DC01$,S-1-5-18,,,,,,,,,,,,,,,,,,,,,,,,,,,,,
2025-08-13T11:04:35.870463Z,4907,DC01,Microsoft-Windows-Security-Auditing,Security,1863,0,,,,,,,,,,,,,,,,,,,,,,,,,,,,,,,,,,,,,,,,,,,,,,,0x88c,,,,,,,,,,,,,,,,,,,,,,,,,,,,,,,,,,,,S:ARAI(AU;SAFA;DCLCRPCRSDWDWO;;;WD),,,,,,,,,C:\Windows\SysWOW64\WindowsPowerShell\v1.0\Modules\DnsServer\PS_DnsServerSigningKey_v1.0.0.cdxml,,Security,File,,,,,,,,,,,,,,,,,,,,0x1624,C:\Windows\WinSxS\amd64_microsoft-windows-servicingstack_31bf3856ad364e35_10.0.17763.3641_none_56cfe33d992f2729\TiWorker.exe,,,,,,,,,,,,,,,,,,,,,,,,,,,WORKGROUP,0x3e7,,DC01$,S-1-5-18,,,,,,,,,,,,,,,,,,,,,,,,,,,,,
2025-08-13T11:04:35.870967Z,4907,DC01,Microsoft-Windows-Security-Auditing,Security,1864,0,,,,,,,,,,,,,,,,,,,,,,,,,,,,,,,,,,,,,,,,,,,,,,,0x890,,,,,,,,,,,,,,,,,,,,,,,,,,,,,,,,,,,,S:ARAI(AU;SAFA;DCLCRPCRSDWDWO;;;WD),,,,,,,,,C:\Windows\SysWOW64\WindowsPowerShell\v1.0\Modules\DnsServer\PS_DnsServerSigningKeyRollover_v1.0.0.cdxml,,Security,File,,,,,,,,,,,,,,,,,,,,0x1624,C:\Windows\WinSxS\amd64_microsoft-windows-servicingstack_31bf3856ad364e35_10.0.17763.3641_none_56cfe33d992f2729\TiWorker.exe,,,,,,,,,,,,,,,,,,,,,,,,,,,WORKGROUP,0x3e7,,DC01$,S-1-5-18,,,,,,,,,,,,,,,,,,,,,,,,,,,,,
