2025-08-17T11:34:13.707689Z,5379,DC01.garfield.htb,Microsoft-Windows-Security-Auditing,Security,4270,0,,,,,,,,,,,,,,,,,,,,,,,,,2712,,,,1,,,,,,,,,,,,,,,,,,,,,,,,,,,,,,,,,,,,,,,,,,,,,,,,,,,,,,,,,,,,,,,,,,,,,,,,,,,,,,,,,,,,,2025-08-17T10:56:59.285558Z,,,,,,,,%%8099,,,,,3221226021,,,,,,,,,,,,,,,,GARFIELD,0x48e53,,Administrator,S-1-5-21-2502726253-3859040611-225969357-500,,,,,,Microsoft Virtual Console Service/DC01,,,,,,,,,,,,,,1,,,,,,,,,
2025-08-17T11:34:13.707861Z,5379,DC01.garfield.htb,Microsoft-Windows-Security-Auditing,Security,4271,0,,,,,,,,,,,,,,,,,,,,,,,,,2712,,,,1,,,,,,,,,,,,,,,,,,,,,,,,,,,,,,,,,,,,,,,,,,,,,,,,,,,,,,,,,,,,,,,,,,,,,,,,,,,,,,,,,,,,,2025-08-17T10:56:59.285558Z,,,,,,,,%%8099,,,,,3221226021,,,,,,,,,,,,,,,,GARFIELD,0x48e53,,Administrator,S-1-5-21-2502726253-3859040611-225969357-500,,,,,,{28bfc32f-10f6-4738-98d1-1ac061df716a}:target=DC01,,,,,,,,,,,,,,6,,,,,,,,,
2025-08-17T11:34:13.707943Z,5379,DC01.garfield.htb,Microsoft-Windows-Security-Auditing,Security,4272,0,,,,,,,,,,,,,,,,,,,,,,,,,2712,,,,1,,,,,,,,,,,,,,,,,,,,,,,,,,,,,,,,,,,,,,,,,,,,,,,,,,,,,,,,,,,,,,,,,,,,,,,,,,,,,,,,,,,,,2025-08-17T10:56:59.285558Z,,,,,,,,%%8099,,,,,3221225485,,,,,,,,,,,,,,,,GARFIELD,0x48e53,,Administrator,S-1-5-21-2502726253-3859040611-225969357-500,,,,,,Microsoft Virtual Console Service/DC01,,,,,,,,,,,,,,2,,,,,,,,,
2025-08-17T11:34:13.707980Z,5379,DC01.garfield.htb,Microsoft-Windows-Security-Auditing,Security,4273,0,,,,,,,,,,,,,,,,,,,,,,,,,2712,,,,1,,,,,,,,,,,,,,,,,,,,,,,,,,,,,,,,,,,,,,,,,,,,,,,,,,,,,,,,,,,,,,,,,,,,,,,,,,,,,,,,,,,,,2025-08-17T10:56:59.285558Z,,,,,,,,%%8099,,,,,3221226021,,,,,,,,,,,,,,,,GARFIELD,0x48e53,,Administrator,S-1-5-21-2502726253-3859040611-225969357-500,,,,,,DC01,,,,,,,,,,,,,,1,,,,,,,,,
2025-08-17T11:34:13.708010Z,5379,DC01.garfield.htb,Microsoft-Windows-Security-Auditing,Security,4274,0,,,,,,,,,,,,,,,,,,,,,,,,,2712,,,,1,,,,,,,,,,,,,,,,,,,,,,,,,,,,,,,,,,,,,,,,,,,,,,,,,,,,,,,,,,,,,,,,,,,,,,,,,,,,,,,,,,,,,2025-08-17T10:56:59.285558Z,,,,,,,,%%8099,,,,,3221226021,,,,,,,,,,,,,,,,GARFIELD,0x48e53,,Administrator,S-1-5-21-2502726253-3859040611-225969357-500,,,,,,DC01,,,,,,,,,,,,,,2,,,,,,,,,
2025-08-17T11:34:21.629784Z,4672,DC01.garfield.htb,Microsoft-Windows-Security-Auditing,Security,4275,0,,,,,,,,,,,,,,,,,,,,,,,,,,,,,,,,,,,,,,,,,,,,,,,,,,,,,,,,,,,,,,,,,,,,,,,,,,,,,,,,,,,,,,,,,,,,,,,,,,,,,,,,,,,,,,,,,"SeSecurityPrivilege
			SeBackupPrivilege
			SeRestorePrivilege
			SeTakeOwnershipPrivilege
			SeDebugPrivilege
			SeSystemEnvironmentPrivilege
			SeLoadDriverPrivilege
			SeImpersonatePrivilege
			SeDelegateSessionUserImpersonatePrivilege
			SeEnableDelegationPrivilege",,,,,,,,,,,,,,,,,,,,,,,,,,,,,,GARFIELD,0x4d95d5,,DC01$,S-1-5-18,,,,,,,,,,,,,,,,,,,,,,,,,,,,,
2025-08-17T11:34:21.629870Z,4624,DC01.garfield.htb,Microsoft-Windows-Security-Auditing,Security,4276,0,,,,,,,,,,,,,,,,,Kerberos,,,,,,,,,,,,,,,,,,,,,,,,%%1842,,,,,,,,,,,,,%%1833,::1,64889,,,,0,,,-,,,,,035B0D2C-2985-94C3-AE3D-D556DAC8BEFD,,Kerberos,3,,,,,,,,,,,,,,,,,,,,,,,,,,,,,,,,,,,,,,,,,,,,0x0,-,,,,,,,,,,-,,,,,,,,,,,,,,,,,-,0x0,,-,S-1-0-0,GARFIELD.HTB,,0x0,,0x4d95d5,,-,-,,,,,DC01$,S-1-5-18,,,,,-,,,,,,%%1843,,,-,
2025-08-17T11:34:21.630712Z,4634,DC01.garfield.htb,Microsoft-Windows-Security-Auditing,Security,4277,0,,,,,,,,,,,,,,,,,,,,,,,,,,,,,,,,,,,,,,,,,,,,,,,,,,,,,,,,,,,,,,,,,,,,,,,3,,,,,,,,,,,,,,,,,,,,,,,,,,,,,,,,,,,,,,,,,,,,,,,,,,,,,,,,,,,,,,,,,,,,,,,,,,,,,GARFIELD,,,,0x4d95d5,,,,,,,,DC01$,S-1-5-18,,,,,,,,,,,,,,,
2025-08-17T11:34:37.568664Z,4768,DC01.garfield.htb,Microsoft-Windows-Security-Auditing,Security,4278,0,,,,,,,,,,,,,,,,,,,,,,,,,,,,,,,,,,,,,,,,,,,,,,,,,,,,,,,::ffff:192.168.100.2,49693,,,,,,,,,,,,,,,,,,,,,,,,,,,,,,,,,,,,,,,,,,,,,,,,,,,,,,2,,,,,,,,,,,,,,,,,,,,,,krbtgt,,S-1-5-21-2502726253-3859040611-225969357-502,,,,0x0,,,,,,,,,,garfield.htb,,,,,,,,,,,S-1-5-21-2502726253-3859040611-225969357-1602,RODC01$,,,0x12,0x40810010,,,,,,,,,,,,
2025-08-17T11:34:37.569267Z,4768,DC01.garfield.htb,Microsoft-Windows-Security-Auditing,Security,4279,0,,,,,,,,,,,,,,,,,,,,,,,,,,,,,,,,,,,,,,,,,,,,,,,,,,,,,,,::ffff:192.168.100.2,49694,,,,,,,,,,,,,,,,,,,,,,,,,,,,,,,,,,,,,,,,,,,,,,,,,,,,,,2,,,,,,,,,,,,,,,,,,,,,,krbtgt,,S-1-5-21-2502726253-3859040611-225969357-502,,,,0x0,,,,,,,,,,garfield.htb,,,,,,,,,,,S-1-5-21-2502726253-3859040611-225969357-1602,RODC01$,,,0x12,0x40810010,,,,,,,,,,,,
2025-08-17T11:34:37.587123Z,4768,DC01.garfield.htb,Microsoft-Windows-Security-Auditing,Security,4280,0,,,,,,,,,,,,,,,,,,,,,,,,,,,,,,,,,,,,,,,,,,,,,,,,,,,,,,,::ffff:192.168.100.2,49697,,,,,,,,,,,,,,,,,,,,,,,,,,,,,,,,,,,,,,,,,,,,,,,,,,,,,,2,,,,,,,,,,,,,,,,,,,,,,krbtgt,,S-1-5-21-2502726253-3859040611-225969357-502,,,,0x0,,,,,,,,,,GARFIELD.HTB,,,,,,,,,,,S-1-5-21-2502726253-3859040611-225969357-1602,RODC01$,,,0x12,0x40810010,,,,,,,,,,,,
2025-08-17T11:34:37.587802Z,4768,DC01.garfield.htb,Microsoft-Windows-Security-Auditing,Security,4281,0,,,,,,,,,,,,,,,,,,,,,,,,,,,,,,,,,,,,,,,,,,,,,,,,,,,,,,,::ffff:192.168.100.2,49701,,,,,,,,,,,,,,,,,,,,,,,,,,,,,,,,,,,,,,,,,,,,,,,,,,,,,,2,,,,,,,,,,,,,,,,,,,,,,krbtgt,,S-1-5-21-2502726253-3859040611-225969357-502,,,,0x0,,,,,,,,,,GARFIELD.HTB,,,,,,,,,,,S-1-5-21-2502726253-3859040611-225969357-1602,RODC01$,,,0x12,0x40810010,,,,,,,,,,,,
2025-08-17T11:34:37.588210Z,4768,DC01.garfield.htb,Microsoft-Windows-Security-Auditing,Security,4282,0,,,,,,,,,,,,,,,,,,,,,,,,,,,,,,,,,,,,,,,,,,,,,,,,,,,,,,,::ffff:192.168.100.2,49699,,,,,,,,,,,,,,,,,,,,,,,,,,,,,,,,,,,,,,,,,,,,,,,,,,,,,,2,,,,,,,,,,,,,,,,,,,,,,krbtgt,,S-1-5-21-2502726253-3859040611-225969357-502,,,,0x0,,,,,,,,,,GARFIELD.HTB,,,,,,,,,,,S-1-5-21-2502726253-3859040611-225969357-1602,RODC01$,,,0x12,0x40810010,,,,,,,,,,,,
2025-08-17T11:34:37.588808Z,4768,DC01.garfield.htb,Microsoft-Windows-Security-Auditing,Security,4283,0,,,,,,,,,,,,,,,,,,,,,,,,,,,,,,,,,,,,,,,,,,,,,,,,,,,,,,,::ffff:192.168.100.2,49696,,,,,,,,,,,,,,,,,,,,,,,,,,,,,,,,,,,,,,,,,,,,,,,,,,,,,,2,,,,,,,,,,,,,,,,,,,,,,krbtgt,,S-1-5-21-2502726253-3859040611-225969357-502,,,,0x0,,,,,,,,,,garfield.htb,,,,,,,,,,,S-1-5-21-2502726253-3859040611-225969357-1602,RODC01$,,,0x12,0x40810010,,,,,,,,,,,,
2025-08-17T11:34:37.592462Z,4768,DC01.garfield.htb,Microsoft-Windows-Security-Auditing,Security,4284,0,,,,,,,,,,,,,,,,,,,,,,,,,,,,,,,,,,,,,,,,,,,,,,,,,,,,,,,::ffff:192.168.100.2,49702,,,,,,,,,,,,,,,,,,,,,,,,,,,,,,,,,,,,,,,,,,,,,,,,,,,,,,2,,,,,,,,,,,,,,,,,,,,,,krbtgt,,S-1-5-21-2502726253-3859040611-225969357-502,,,,0x0,,,,,,,,,,GARFIELD.HTB,,,,,,,,,,,S-1-5-21-2502726253-3859040611-225969357-1602,RODC01$,,,0x12,0x40810010,,,,,,,,,,,,
2025-08-17T11:34:37.592848Z,4768,DC01.garfield.htb,Microsoft-Windows-Security-Auditing,Security,4285,0,,,,,,,,,,,,,,,,,,,,,,,,,,,,,,,,,,,,,,,,,,,,,,,,,,,,,,,::ffff:192.168.100.2,49703,,,,,,,,,,,,,,,,,,,,,,,,,,,,,,,,,,,,,,,,,,,,,,,,,,,,,,2,,,,,,,,,,,,,,,,,,,,,,krbtgt,,S-1-5-21-2502726253-3859040611-225969357-502,,,,0x0,,,,,,,,,,GARFIELD.HTB,,,,,,,,,,,S-1-5-21-2502726253-3859040611-225969357-1602,RODC01$,,,0x12,0x40810010,,,,,,,,,,,,
2025-08-17T11:34:37.593664Z,4769,DC01.garfield.htb,Microsoft-Windows-Security-Auditing,Security,4286,0,,,,,,,,,,,,,,,,,,,,,,,,,,,,,,,,,,,,,,,,,,,,,,,,,,,,,,,::ffff:192.168.100.2,49704,,,,,,,,,,,,85AA5095-7341-AAF3-8D3F-09095DF2A784,,,,,,,,,,,,,,,,,,,,,,,,,,,,,,,,,,,,,,,,,,,,,,,,,,,,,,,,,,,,,,,,DC01$,,S-1-5-21-2502726253-3859040611-225969357-1000,,,,0x0,,,,,,,,,,GARFIELD.HTB,,,,,,,,,,,,RODC01$@GARFIELD.HTB,,,0x12,0x40800000,,-,,,,,,,,,,
2025-08-17T11:34:37.594604Z,4769,DC01.garfield.htb,Microsoft-Windows-Security-Auditing,Security,4287,0,,,,,,,,,,,,,,,,,,,,,,,,,,,,,,,,,,,,,,,,,,,,,,,,,,,,,,,::ffff:192.168.100.2,49705,,,,,,,,,,,,85AA5095-7341-AAF3-8D3F-09095DF2A784,,,,,,,,,,,,,,,,,,,,,,,,,,,,,,,,,,,,,,,,,,,,,,,,,,,,,,,,,,,,,,,,DC01$,,S-1-5-21-2502726253-3859040611-225969357-1000,,,,0x0,,,,,,,,,,GARFIELD.HTB,,,,,,,,,,,,RODC01$@GARFIELD.HTB,,,0x12,0x40800000,,-,,,,,,,,,,
2025-08-17T11:34:37.595543Z,4769,DC01.garfield.htb,Microsoft-Windows-Security-Auditing,Security,4288,0,,,,,,,,,,,,,,,,,,,,,,,,,,,,,,,,,,,,,,,,,,,,,,,,,,,,,,,::ffff:192.168.100.2,49706,,,,,,,,,,,,85AA5095-7341-AAF3-8D3F-09095DF2A784,,,,,,,,,,,,,,,,,,,,,,,,,,,,,,,,,,,,,,,,,,,,,,,,,,,,,,,,,,,,,,,,DC01$,,S-1-5-21-2502726253-3859040611-225969357-1000,,,,0x0,,,,,,,,,,GARFIELD.HTB,,,,,,,,,,,,RODC01$@GARFIELD.HTB,,,0x12,0x40800000,,-,,,,,,,,,,
2025-08-17T11:34:37.595956Z,4624,DC01.garfield.htb,Microsoft-Windows-Security-Auditing,Security,4289,0,,,,,,,,,,,,,,,,,Kerberos,,,,,,,,,,,,,,,,,,,,,,,,%%1842,,,,,,,,,,,,,%%1833,192.168.100.2,49695,,,,0,,,-,,,,,2006F849-1CD9-3101-7E08-695BF4E5F2B1,,Kerberos,3,,,,,,,,,,,,,,,,,,,,,,,,,,,,,,,,,,,,,,,,,,,,0x0,-,,,,,,,,,,-,,,,,,,,,,,,,,,,,-,0x0,,-,S-1-0-0,GARFIELD.HTB,,0x0,,0x4db77e,,-,-,,,,,RODC01$,S-1-5-21-2502726253-3859040611-225969357-1602,,,,,-,,,,,,%%1843,,,-,
2025-08-17T11:34:37.597120Z,4769,DC01.garfield.htb,Microsoft-Windows-Security-Auditing,Security,4290,0,,,,,,,,,,,,,,,,,,,,,,,,,,,,,,,,,,,,,,,,,,,,,,,,,,,,,,,::ffff:192.168.100.2,49708,,,,,,,,,,,,85AA5095-7341-AAF3-8D3F-09095DF2A784,,,,,,,,,,,,,,,,,,,,,,,,,,,,,,,,,,,,,,,,,,,,,,,,,,,,,,,,,,,,,,,,DC01$,,S-1-5-21-2502726253-3859040611-225969357-1000,,,,0x0,,,,,,,,,,GARFIELD.HTB,,,,,,,,,,,,RODC01$@GARFIELD.HTB,,,0x12,0x40810000,,-,,,,,,,,,,
2025-08-17T11:34:37.597423Z,4624,DC01.garfield.htb,Microsoft-Windows-Security-Auditing,Security,4291,0,,,,,,,,,,,,,,,,,Kerberos,,,,,,,,,,,,,,,,,,,,,,,,%%1842,,,,,,,,,,,,,%%1833,192.168.100.2,49670,,,,0,,,-,,,,,2006F849-1CD9-3101-7E08-695BF4E5F2B1,,Kerberos,3,,,,,,,,,,,,,,,,,,,,,,,,,,,,,,,,,,,,,,,,,,,,0x0,-,,,,,,,,,,-,,,,,,,,,,,,,,,,,-,0x0,,-,S-1-0-0,GARFIELD.HTB,,0x0,,0x4db794,,-,-,,,,,RODC01$,S-1-5-21-2502726253-3859040611-225969357-1602,,,,,-,,,,,,%%1843,,,-,
2025-08-17T11:34:37.598783Z,4769,DC01.garfield.htb,Microsoft-Windows-Security-Auditing,Security,4292,0,,,,,,,,,,,,,,,,,,,,,,,,,,,,,,,,,,,,,,,,,,,,,,,,,,,,,,,::ffff:192.168.100.2,49709,,,,,,,,,,,,85AA5095-7341-AAF3-8D3F-09095DF2A784,,,,,,,,,,,,,,,,,,,,,,,,,,,,,,,,,,,,,,,,,,,,,,,,,,,,,,,,,,,,,,,,DC01$,,S-1-5-21-2502726253-3859040611-225969357-1000,,,,0x0,,,,,,,,,,GARFIELD.HTB,,,,,,,,,,,,RODC01$@GARFIELD.HTB,,,0x12,0x40810000,,-,,,,,,,,,,
2025-08-17T11:34:37.598957Z,4769,DC01.garfield.htb,Microsoft-Windows-Security-Auditing,Security,4293,0,,,,,,,,,,,,,,,,,,,,,,,,,,,,,,,,,,,,,,,,,,,,,,,,,,,,,,,::ffff:192.168.100.2,49710,,,,,,,,,,,,85AA5095-7341-AAF3-8D3F-09095DF2A784,,,,,,,,,,,,,,,,,,,,,,,,,,,,,,,,,,,,,,,,,,,,,,,,,,,,,,,,,,,,,,,,krbtgt,,S-1-5-21-2502726253-3859040611-225969357-502,,,,0x0,,,,,,,,,,GARFIELD.HTB,,,,,,,,,,,,RODC01$@GARFIELD.HTB,,,0x12,0x60810010,,-,,,,,,,,,,
2025-08-17T11:34:37.599070Z,4624,DC01.garfield.htb,Microsoft-Windows-Security-Auditing,Security,4294,0,,,,,,,,,,,,,,,,,Kerberos,,,,,,,,,,,,,,,,,,,,,,,,%%1842,,,,,,,,,,,,,%%1833,192.168.100.2,49688,,,,0,,,-,,,,,2006F849-1CD9-3101-7E08-695BF4E5F2B1,,Kerberos,3,,,,,,,,,,,,,,,,,,,,,,,,,,,,,,,,,,,,,,,,,,,,0x0,-,,,,,,,,,,-,,,,,,,,,,,,,,,,,-,0x0,,-,S-1-0-0,GARFIELD.HTB,,0x0,,0x4db7b4,,-,-,,,,,RODC01$,S-1-5-21-2502726253-3859040611-225969357-1602,,,,,-,,,,,,%%1843,,,-,
2025-08-17T11:34:37.599164Z,4624,DC01.garfield.htb,Microsoft-Windows-Security-Auditing,Security,4295,0,,,,,,,,,,,,,,,,,Kerberos,,,,,,,,,,,,,,,,,,,,,,,,%%1842,,,,,,,,,,,,,%%1833,192.168.100.2,49692,,,,0,,,-,,,,,2006F849-1CD9-3101-7E08-695BF4E5F2B1,,Kerberos,3,,,,,,,,,,,,,,,,,,,,,,,,,,,,,,,,,,,,,,,,,,,,0x0,-,,,,,,,,,,-,,,,,,,,,,,,,,,,,-,0x0,,-,S-1-0-0,GARFIELD.HTB,,0x0,,0x4db7a6,,-,-,,,,,RODC01$,S-1-5-21-2502726253-3859040611-225969357-1602,,,,,-,,,,,,%%1843,,,-,
2025-08-17T11:34:37.600496Z,4769,DC01.garfield.htb,Microsoft-Windows-Security-Auditing,Security,4296,0,,,,,,,,,,,,,,,,,,,,,,,,,,,,,,,,,,,,,,,,,,,,,,,,,,,,,,,::ffff:192.168.100.2,49711,,,,,,,,,,,,85AA5095-7341-AAF3-8D3F-09095DF2A784,,,,,,,,,,,,,,,,,,,,,,,,,,,,,,,,,,,,,,,,,,,,,,,,,,,,,,,,,,,,,,,,krbtgt,,S-1-5-21-2502726253-3859040611-225969357-502,,,,0x0,,,,,,,,,,GARFIELD.HTB,,,,,,,,,,,,RODC01$@GARFIELD.HTB,,,0x12,0x60810010,,-,,,,,,,,,,
2025-08-17T11:34:37.600626Z,4624,DC01.garfield.htb,Microsoft-Windows-Security-Auditing,Security,4297,0,,,,,,,,,,,,,,,,,Kerberos,,,,,,,,,,,,,,,,,,,,,,,,%%1842,,,,,,,,,,,,,%%1840,192.168.100.2,49666,,,,0,,,-,,,,,2006F849-1CD9-3101-7E08-695BF4E5F2B1,,Kerberos,3,,,,,,,,,,,,,,,,,,,,,,,,,,,,,,,,,,,,,,,,,,,,0x0,-,,,,,,,,,,-,,,,,,,,,,,,,,,,,-,0x0,,-,S-1-0-0,GARFIELD.HTB,,0x0,,0x4db7e3,,-,-,,,,,RODC01$,S-1-5-21-2502726253-3859040611-225969357-1602,,,,,-,,,,,,%%1843,,,-,
2025-08-17T11:34:37.600817Z,4624,DC01.garfield.htb,Microsoft-Windows-Security-Auditing,Security,4298,0,,,,,,,,,,,,,,,,,Kerberos,,,,,,,,,,,,,,,,,,,,,,,,%%1842,,,,,,,,,,,,,%%1833,192.168.100.2,49689,,,,0,,,-,,,,,2006F849-1CD9-3101-7E08-695BF4E5F2B1,,Kerberos,3,,,,,,,,,,,,,,,,,,,,,,,,,,,,,,,,,,,,,,,,,,,,0x0,-,,,,,,,,,,-,,,,,,,,,,,,,,,,,-,0x0,,-,S-1-0-0,GARFIELD.HTB,,0x0,,0x4db7d0,,-,-,,,,,RODC01$,S-1-5-21-2502726253-3859040611-225969357-1602,,,,,-,,,,,,%%1843,,,-,
2025-08-17T11:34:37.606331Z,4634,DC01.garfield.htb,Microsoft-Windows-Security-Auditing,Security,4299,0,,,,,,,,,,,,,,,,,,,,,,,,,,,,,,,,,,,,,,,,,,,,,,,,,,,,,,,,,,,,,,,,,,,,,,,3,,,,,,,,,,,,,,,,,,,,,,,,,,,,,,,,,,,,,,,,,,,,,,,,,,,,,,,,,,,,,,,,,,,,,,,,,,,,,GARFIELD,,,,0x4db794,,,,,,,,RODC01$,S-1-5-21-2502726253-3859040611-225969357-1602,,,,,,,,,,,,,,,
2025-08-17T11:34:37.611192Z,4624,DC01.garfield.htb,Microsoft-Windows-Security-Auditing,Security,4300,0,,,,,,,,,,,,,,,,,Kerberos,,,,,,,,,,,,,,,,,,,,,,,,%%1842,,,,,,,,,,,,,%%1840,-,-,,,,0,,,-,,,,,2006F849-1CD9-3101-7E08-695BF4E5F2B1,,Kerberos,3,,,,,,,,,,,,,,,,,,,,,,,,,,,,,,,,,,,,,,,,,,,,0x0,-,,,,,,,,,,-,,,,,,,,,,,,,,,,,-,0x0,,-,S-1-0-0,GARFIELD.HTB,,0x0,,0x4db807,,-,-,,,,,RODC01$,S-1-5-21-2502726253-3859040611-225969357-1602,,,,,-,,,,,,%%1843,,,-,
2025-08-17T11:34:37.618968Z,4769,DC01.garfield.htb,Microsoft-Windows-Security-Auditing,Security,4301,0,,,,,,,,,,,,,,,,,,,,,,,,,,,,,,,,,,,,,,,,,,,,,,,,,,,,,,,::ffff:192.168.100.2,53777,,,,,,,,,,,,85AA5095-7341-AAF3-8D3F-09095DF2A784,,,,,,,,,,,,,,,,,,,,,,,,,,,,,,,,,,,,,,,,,,,,,,,,,,,,,,,,,,,,,,,,DC01$,,S-1-5-21-2502726253-3859040611-225969357-1000,,,,0x0,,,,,,,,,,GARFIELD.HTB,,,,,,,,,,,,RODC01$@GARFIELD.HTB,,,0x12,0x40810000,,-,,,,,,,,,,
2025-08-17T11:34:37.621060Z,4624,DC01.garfield.htb,Microsoft-Windows-Security-Auditing,Security,4302,0,,,,,,,,,,,,,,,,,Kerberos,,,,,,,,,,,,,,,,,,,,,,,,%%1842,,,,,,,,,,,,,%%1833,192.168.100.2,53776,,,,0,,,-,,,,,2006F849-1CD9-3101-7E08-695BF4E5F2B1,,Kerberos,3,,,,,,,,,,,,,,,,,,,,,,,,,,,,,,,,,,,,,,,,,,,,0x0,-,,,,,,,,,,-,,,,,,,,,,,,,,,,,-,0x0,,-,S-1-0-0,GARFIELD.HTB,,0x0,,0x4db867,,-,-,,,,,RODC01$,S-1-5-21-2502726253-3859040611-225969357-1602,,,,,-,,,,,,%%1843,,,-,
2025-08-17T11:34:37.626218Z,4742,DC01.garfield.htb,Microsoft-Windows-Security-Auditing,Security,4303,0,,,,,-,,,,,-,,,,,,,,,,,,,,,,,-,,,,,,,-,-,,,,,,,,,,,,,-,-,,,,,,,,,,,,,,,,,,,,-,,,,,,,,,,,,,,,,,-,,,,,,,,,,,,,-,,,,,,,,,-,,,,-,-,,,,-,,,,,,,,,,,-,,,-,,"
		HOST/RODC01
		HOST/RODC01.garfield.htb
		RestrictedKrbHost/RODC01.garfield.htb
		RestrictedKrbHost/RODC01
		TERMSRV/RODC01.garfield.htb",,-,,,,,,,,GARFIELD,0x4db867,,RODC01$,S-1-5-21-2502726253-3859040611-225969357-1602,GARFIELD,,,,,,,,,,,S-1-5-21-2502726253-3859040611-225969357-1602,RODC01$,,,,,,,,-,-,-,-,,,,,
2025-08-17T11:34:37.630761Z,4742,DC01.garfield.htb,Microsoft-Windows-Security-Auditing,Security,4304,0,,,,,-,,,,,-,,,,,,,,,,,,,,,,,-,,,,,,,-,-,,,,,,,,,,,,,-,-,,,,,,,,,,,,,,,,,,,,-,,,,,,,,,,,,,,,,,-,,,,,,,,,,,,,-,,,,,,,,,-,,,,-,-,,,,-,,,,,,,,,,,-,,,-,,"
		HOST/RODC01
		HOST/RODC01.garfield.htb
		RestrictedKrbHost/RODC01.garfield.htb
		RestrictedKrbHost/RODC01
		TERMSRV/RODC01.garfield.htb
		TERMSRV/RODC01",,-,,,,,,,,GARFIELD,0x4db867,,RODC01$,S-1-5-21-2502726253-3859040611-225969357-1602,GARFIELD,,,,,,,,,,,S-1-5-21-2502726253-3859040611-225969357-1602,RODC01$,,,,,,,,-,-,-,-,,,,,
2025-08-17T11:34:37.644421Z,4624,DC01.garfield.htb,Microsoft-Windows-Security-Auditing,Security,4305,0,,,,,,,,,,,,,,,,,Kerberos,,,,,,,,,,,,,,,,,,,,,,,,%%1842,,,,,,,,,,,,,%%1833,192.168.100.2,53778,,,,0,,,-,,,,,2006F849-1CD9-3101-7E08-695BF4E5F2B1,,Kerberos,3,,,,,,,,,,,,,,,,,,,,,,,,,,,,,,,,,,,,,,,,,,,,0x0,-,,,,,,,,,,-,,,,,,,,,,,,,,,,,-,0x0,,-,S-1-0-0,GARFIELD.HTB,,0x0,,0x4db888,,-,-,,,,,RODC01$,S-1-5-21-2502726253-3859040611-225969357-1602,,,,,-,,,,,,%%1843,,,-,
2025-08-17T11:34:37.769705Z,4634,DC01.garfield.htb,Microsoft-Windows-Security-Auditing,Security,4306,0,,,,,,,,,,,,,,,,,,,,,,,,,,,,,,,,,,,,,,,,,,,,,,,,,,,,,,,,,,,,,,,,,,,,,,,3,,,,,,,,,,,,,,,,,,,,,,,,,,,,,,,,,,,,,,,,,,,,,,,,,,,,,,,,,,,,,,,,,,,,,,,,,,,,,GARFIELD,,,,0x4db888,,,,,,,,RODC01$,S-1-5-21-2502726253-3859040611-225969357-1602,,,,,,,,,,,,,,,
2025-08-17T11:34:37.894367Z,4769,DC01.garfield.htb,Microsoft-Windows-Security-Auditing,Security,4307,0,,,,,,,,,,,,,,,,,,,,,,,,,,,,,,,,,,,,,,,,,,,,,,,,,,,,,,,::ffff:192.168.100.2,53784,,,,,,,,,,,,85AA5095-7341-AAF3-8D3F-09095DF2A784,,,,,,,,,,,,,,,,,,,,,,,,,,,,,,,,,,,,,,,,,,,,,,,,,,,,,,,,,,,,,,,,DC01$,,S-1-5-21-2502726253-3859040611-225969357-1000,,,,0x0,,,,,,,,,,GARFIELD.HTB,,,,,,,,,,,,RODC01$@GARFIELD.HTB,,,0x12,0x40810000,,-,,,,,,,,,,
2025-08-17T11:34:37.895278Z,4769,DC01.garfield.htb,Microsoft-Windows-Security-Auditing,Security,4308,0,,,,,,,,,,,,,,,,,,,,,,,,,,,,,,,,,,,,,,,,,,,,,,,,,,,,,,,::ffff:192.168.100.2,53785,,,,,,,,,,,,85AA5095-7341-AAF3-8D3F-09095DF2A784,,,,,,,,,,,,,,,,,,,,,,,,,,,,,,,,,,,,,,,,,,,,,,,,,,,,,,,,,,,,,,,,krbtgt,,S-1-5-21-2502726253-3859040611-225969357-502,,,,0x0,,,,,,,,,,GARFIELD.HTB,,,,,,,,,,,,RODC01$@GARFIELD.HTB,,,0x12,0x60810010,,-,,,,,,,,,,
2025-08-17T11:34:37.896086Z,4624,DC01.garfield.htb,Microsoft-Windows-Security-Auditing,Security,4309,0,,,,,,,,,,,,,,,,,Kerberos,,,,,,,,,,,,,,,,,,,,,,,,%%1842,,,,,,,,,,,,,%%1840,192.168.100.2,49666,,,,0,,,-,,,,,2006F849-1CD9-3101-7E08-695BF4E5F2B1,,Kerberos,3,,,,,,,,,,,,,,,,,,,,,,,,,,,,,,,,,,,,,,,,,,,,0x0,-,,,,,,,,,,-,,,,,,,,,,,,,,,,,-,0x0,,-,S-1-0-0,GARFIELD.HTB,,0x0,,0x4db8ad,,-,-,,,,,RODC01$,S-1-5-21-2502726253-3859040611-225969357-1602,,,,,-,,,,,,%%1843,,,-,
2025-08-17T11:34:37.908843Z,4624,DC01.garfield.htb,Microsoft-Windows-Security-Auditing,Security,4310,0,,,,,,,,,,,,,,,,,Kerberos,,,,,,,,,,,,,,,,,,,,,,,,%%1842,,,,,,,,,,,,,%%1840,192.168.100.2,53786,,,,0,,,-,,,,,2006F849-1CD9-3101-7E08-695BF4E5F2B1,,Kerberos,3,,,,,,,,,,,,,,,,,,,,,,,,,,,,,,,,,,,,,,,,,,,,0x0,-,,,,,,,,,,-,,,,,,,,,,,,,,,,,-,0x0,,-,S-1-0-0,GARFIELD.HTB,,0x0,,0x4db8eb,,-,-,,,,,RODC01$,S-1-5-21-2502726253-3859040611-225969357-1602,,,,,-,,,,,,%%1843,,,-,
2025-08-17T11:34:37.909588Z,4624,DC01.garfield.htb,Microsoft-Windows-Security-Auditing,Security,4311,0,,,,,,,,,,,,,,,,,Kerberos,,,,,,,,,,,,,,,,,,,,,,,,%%1842,,,,,,,,,,,,,%%1840,192.168.100.2,53788,,,,0,,,-,,,,,2006F849-1CD9-3101-7E08-695BF4E5F2B1,,Kerberos,3,,,,,,,,,,,,,,,,,,,,,,,,,,,,,,,,,,,,,,,,,,,,0x0,-,,,,,,,,,,-,,,,,,,,,,,,,,,,,-,0x0,,-,S-1-0-0,GARFIELD.HTB,,0x0,,0x4db8ff,,-,-,,,,,RODC01$,S-1-5-21-2502726253-3859040611-225969357-1602,,,,,-,,,,,,%%1843,,,-,
2025-08-17T11:34:37.909968Z,4624,DC01.garfield.htb,Microsoft-Windows-Security-Auditing,Security,4312,0,,,,,,,,,,,,,,,,,Kerberos,,,,,,,,,,,,,,,,,,,,,,,,%%1842,,,,,,,,,,,,,%%1840,192.168.100.2,53787,,,,0,,,-,,,,,2006F849-1CD9-3101-7E08-695BF4E5F2B1,,Kerberos,3,,,,,,,,,,,,,,,,,,,,,,,,,,,,,,,,,,,,,,,,,,,,0x0,-,,,,,,,,,,-,,,,,,,,,,,,,,,,,-,0x0,,-,S-1-0-0,GARFIELD.HTB,,0x0,,0x4db910,,-,-,,,,,RODC01$,S-1-5-21-2502726253-3859040611-225969357-1602,,,,,-,,,,,,%%1843,,,-,
2025-08-17T11:34:37.917149Z,4634,DC01.garfield.htb,Microsoft-Windows-Security-Auditing,Security,4313,0,,,,,,,,,,,,,,,,,,,,,,,,,,,,,,,,,,,,,,,,,,,,,,,,,,,,,,,,,,,,,,,,,,,,,,,3,,,,,,,,,,,,,,,,,,,,,,,,,,,,,,,,,,,,,,,,,,,,,,,,,,,,,,,,,,,,,,,,,,,,,,,,,,,,,GARFIELD,,,,0x4db8ff,,,,,,,,RODC01$,S-1-5-21-2502726253-3859040611-225969357-1602,,,,,,,,,,,,,,,
2025-08-17T11:34:37.917830Z,4634,DC01.garfield.htb,Microsoft-Windows-Security-Auditing,Security,4314,0,,,,,,,,,,,,,,,,,,,,,,,,,,,,,,,,,,,,,,,,,,,,,,,,,,,,,,,,,,,,,,,,,,,,,,,3,,,,,,,,,,,,,,,,,,,,,,,,,,,,,,,,,,,,,,,,,,,,,,,,,,,,,,,,,,,,,,,,,,,,,,,,,,,,,GARFIELD,,,,0x4db8eb,,,,,,,,RODC01$,S-1-5-21-2502726253-3859040611-225969357-1602,,,,,,,,,,,,,,,
2025-08-17T11:34:37.919128Z,4634,DC01.garfield.htb,Microsoft-Windows-Security-Auditing,Security,4315,0,,,,,,,,,,,,,,,,,,,,,,,,,,,,,,,,,,,,,,,,,,,,,,,,,,,,,,,,,,,,,,,,,,,,,,,3,,,,,,,,,,,,,,,,,,,,,,,,,,,,,,,,,,,,,,,,,,,,,,,,,,,,,,,,,,,,,,,,,,,,,,,,,,,,,GARFIELD,,,,0x4db910,,,,,,,,RODC01$,S-1-5-21-2502726253-3859040611-225969357-1602,,,,,,,,,,,,,,,
2025-08-17T11:34:39.680159Z,4624,DC01.garfield.htb,Microsoft-Windows-Security-Auditing,Security,4316,0,,,,,,,,,,,,,,,,,Kerberos,,,,,,,,,,,,,,,,,,,,,,,,%%1842,,,,,,,,,,,,,%%1833,192.168.100.2,53790,,,,0,,,-,,,,,2006F849-1CD9-3101-7E08-695BF4E5F2B1,,Kerberos,3,,,,,,,,,,,,,,,,,,,,,,,,,,,,,,,,,,,,,,,,,,,,0x0,-,,,,,,,,,,-,,,,,,,,,,,,,,,,,-,0x0,,-,S-1-0-0,GARFIELD.HTB,,0x0,,0x4dbdbe,,-,-,,,,,RODC01$,S-1-5-21-2502726253-3859040611-225969357-1602,,,,,-,,,,,,%%1843,,,-,
2025-08-17T11:34:39.690661Z,4662,DC01.garfield.htb,Microsoft-Windows-Security-Auditing,Security,4317,0,,-,0x0,,,-,,,,,,,,,,,,,,,,,,,,,,,,,,,,,,,,,,,,,,,,,0x0,,,,,,,,,,,,,,,,,,,,,,,,,,,,,,,,,,,,,,,,,,,,,%{92de2230-7bf6-43b2-baaa-d43bf84f34ea},,DS,%{bf967a86-0de6-11d0-a285-00aa003049e2},,,,,,,Object Access,,,,,,,,,,,,,,,,"---
	{bf967a86-0de6-11d0-a285-00aa003049e2}
%%7685
			{20119867-1d04-4ab7-9371-cfc3d5df0afd}
		{77b5b886-944a-11d1-aebd-0000f80367c1}
",,,,,,,,,,,,,,,,,,,,,,,,,GARFIELD,0x4dbdbe,,RODC01$,S-1-5-21-2502726253-3859040611-225969357-1602,,,,,,,,,,,,,,,,,,,,,,,,,,,,,
2025-08-17T11:34:39.690874Z,4742,DC01.garfield.htb,Microsoft-Windows-Security-Auditing,Security,4318,0,,,,,-,,,,,-,,,,,,,,,,,,,,,,,-,,,,,,,-,-,,,,,,,,,,,,,-,-,,,,,,,,,,,,,,,,,,,,-,,,,,,,,,,,,,,,,,-,,,,,,,,,,,,,-,,,,,,,,,-,,,,-,-,,,,-,,,,,,,,,,,-,,,-,,"
		HOST/RODC01
		HOST/RODC01.garfield.htb
		RestrictedKrbHost/RODC01.garfield.htb
		RestrictedKrbHost/RODC01
		TERMSRV/RODC01.garfield.htb
		TERMSRV/RODC01
		ldap/RODC01.garfield.htb/garfield.htb
		ldap/RODC01.garfield.htb/DomainDnsZones.garfield.htb
		ldap/RODC01.garfield.htb/ForestDnsZones.garfield.htb
		ldap/RODC01.garfield.htb
		ldap/RODC01
		ldap/RODC01.garfield.htb/GARFIELD
		ldap/0cffd740-bba9-471b-aec4-1c9d0ddd7101._msdcs.garfield.htb
		ldap/RODC01/GARFIELD
		HOST/RODC01.garfield.htb/garfield.htb
		RPC/0cffd740-bba9-471b-aec4-1c9d0ddd7101._msdcs.garfield.htb
		GC/RODC01.garfield.htb/garfield.htb
		HOST/RODC01.garfield.htb/GARFIELD
		HOST/RODC01/GARFIELD",,-,,,,,,,,GARFIELD,0x4dbdbe,,RODC01$,S-1-5-21-2502726253-3859040611-225969357-1602,GARFIELD,,,,,,,,,,,S-1-5-21-2502726253-3859040611-225969357-1602,RODC01$,,,,,,,,-,-,-,-,,,,,
2025-08-17T11:34:39.691391Z,4634,DC01.garfield.htb,Microsoft-Windows-Security-Auditing,Security,4319,0,,,,,,,,,,,,,,,,,,,,,,,,,,,,,,,,,,,,,,,,,,,,,,,,,,,,,,,,,,,,,,,,,,,,,,,3,,,,,,,,,,,,,,,,,,,,,,,,,,,,,,,,,,,,,,,,,,,,,,,,,,,,,,,,,,,,,,,,,,,,,,,,,,,,,GARFIELD,,,,0x4dbdbe,,,,,,,,RODC01$,S-1-5-21-2502726253-3859040611-225969357-1602,,,,,,,,,,,,,,,
2025-08-17T11:34:40.273908Z,4634,DC01.garfield.htb,Microsoft-Windows-Security-Auditing,Security,4320,0,,,,,,,,,,,,,,,,,,,,,,,,,,,,,,,,,,,,,,,,,,,,,,,,,,,,,,,,,,,,,,,,,,,,,,,3,,,,,,,,,,,,,,,,,,,,,,,,,,,,,,,,,,,,,,,,,,,,,,,,,,,,,,,,,,,,,,,,,,,,,,,,,,,,,GARFIELD,,,,0x4db77e,,,,,,,,RODC01$,S-1-5-21-2502726253-3859040611-225969357-1602,,,,,,,,,,,,,,,
2025-08-17T11:34:40.938951Z,4769,DC01.garfield.htb,Microsoft-Windows-Security-Auditing,Security,4321,0,,,,,,,,,,,,,,,,,,,,,,,,,,,,,,,,,,,,,,,,,,,,,,,,,,,,,,,::ffff:192.168.100.2,53795,,,,,,,,,,,,876BC44B-3840-D8B0-6577-9E1E1D3BC70A,,,,,,,,,,,,,,,,,,,,,,,,,,,,,,,,,,,,,,,,,,,,,,,,,,,,,,,,,,,,,,,,DC01$,,S-1-5-21-2502726253-3859040611-225969357-1000,,,,0x0,,,,,,,,,,GARFIELD.HTB,,,,,,,,,,,,RODC01$@GARFIELD.HTB,,,0x12,0x40810000,,-,,,,,,,,,,
2025-08-17T11:34:40.940508Z,4624,DC01.garfield.htb,Microsoft-Windows-Security-Auditing,Security,4322,0,,,,,,,,,,,,,,,,,Kerberos,,,,,,,,,,,,,,,,,,,,,,,,%%1842,,,,,,,,,,,,,%%1833,192.168.100.2,53794,,,,0,,,-,,,,,7F42442B-6736-E3C5-5C88-F23C0A3F6109,,Kerberos,3,,,,,,,,,,,,,,,,,,,,,,,,,,,,,,,,,,,,,,,,,,,,0x0,-,,,,,,,,,,-,,,,,,,,,,,,,,,,,-,0x0,,-,S-1-0-0,GARFIELD.HTB,,0x0,,0x4dbf00,,-,-,,,,,RODC01$,S-1-5-21-2502726253-3859040611-225969357-1602,,,,,-,,,,,,%%1843,,,-,
2025-08-17T11:34:40.945426Z,4742,DC01.garfield.htb,Microsoft-Windows-Security-Auditing,Security,4323,0,,,,,-,,,,,-,,,,,,,,,,,,,,,,,-,,,,,,,-,-,,,,,,,,,,,,,-,-,,,,,,,,,,,,,,,,,,,,-,,,,,,,,,,,,,,,,,-,,,,,,,,,,,,,-,,,,,,,,,-,,,,-,-,,,,-,,,,,,,,,,,-,,,-,,"
		HOST/RODC01
		HOST/RODC01.garfield.htb
		RestrictedKrbHost/RODC01.garfield.htb
		RestrictedKrbHost/RODC01
		TERMSRV/RODC01.garfield.htb
		TERMSRV/RODC01
		ldap/RODC01.garfield.htb/garfield.htb
		ldap/RODC01.garfield.htb/DomainDnsZones.garfield.htb
		ldap/RODC01.garfield.htb/ForestDnsZones.garfield.htb
		ldap/RODC01.garfield.htb
		ldap/RODC01
		ldap/RODC01.garfield.htb/GARFIELD
		ldap/0cffd740-bba9-471b-aec4-1c9d0ddd7101._msdcs.garfield.htb
		ldap/RODC01/GARFIELD
		HOST/RODC01.garfield.htb/garfield.htb
		RPC/0cffd740-bba9-471b-aec4-1c9d0ddd7101._msdcs.garfield.htb
		GC/RODC01.garfield.htb/garfield.htb
		HOST/RODC01.garfield.htb/GARFIELD
		HOST/RODC01/GARFIELD
		WSMAN/RODC01.garfield.htb
		WSMAN/RODC01",,-,,,,,,,,GARFIELD,0x4dbf00,,RODC01$,S-1-5-21-2502726253-3859040611-225969357-1602,GARFIELD,,,,,,,,,,,S-1-5-21-2502726253-3859040611-225969357-1602,RODC01$,,,,,,,,-,-,-,-,,,,,
2025-08-17T11:34:44.324209Z,4769,DC01.garfield.htb,Microsoft-Windows-Security-Auditing,Security,4324,0,,,,,,,,,,,,,,,,,,,,,,,,,,,,,,,,,,,,,,,,,,,,,,,,,,,,,,,::ffff:192.168.100.2,53797,,,,,,,,,,,,F45AA8F5-510E-4850-BD06-D26CD7A90041,,,,,,,,,,,,,,,,,,,,,,,,,,,,,,,,,,,,,,,,,,,,,,,,,,,,,,,,,,,,,,,,RODC01$,,S-1-5-21-2502726253-3859040611-225969357-1602,,,,0x0,,,,,,,,,,GARFIELD.HTB,,,,,,,,,,,,RODC01$@GARFIELD.HTB,,,0x12,0x40810000,,-,,,,,,,,,,
2025-08-17T11:34:46.928265Z,4624,DC01.garfield.htb,Microsoft-Windows-Security-Auditing,Security,4325,0,,,,,,,,,,,,,,,,,Kerberos,,,,,,,,,,,,,,,,,,,,,,,,%%1842,,,,,,,,,,,,,%%1833,192.168.100.2,53803,,,,0,,,-,,,,,2006F849-1CD9-3101-7E08-695BF4E5F2B1,,Kerberos,3,,,,,,,,,,,,,,,,,,,,,,,,,,,,,,,,,,,,,,,,,,,,0x0,-,,,,,,,,,,-,,,,,,,,,,,,,,,,,-,0x0,,-,S-1-0-0,GARFIELD.HTB,,0x0,,0x4dcbe2,,-,-,,,,,RODC01$,S-1-5-21-2502726253-3859040611-225969357-1602,,,,,-,,,,,,%%1843,,,-,
2025-08-17T11:34:46.934990Z,4634,DC01.garfield.htb,Microsoft-Windows-Security-Auditing,Security,4326,0,,,,,,,,,,,,,,,,,,,,,,,,,,,,,,,,,,,,,,,,,,,,,,,,,,,,,,,,,,,,,,,,,,,,,,,3,,,,,,,,,,,,,,,,,,,,,,,,,,,,,,,,,,,,,,,,,,,,,,,,,,,,,,,,,,,,,,,,,,,,,,,,,,,,,GARFIELD,,,,0x4dcbe2,,,,,,,,RODC01$,S-1-5-21-2502726253-3859040611-225969357-1602,,,,,,,,,,,,,,,
2025-08-17T11:34:46.984851Z,4624,DC01.garfield.htb,Microsoft-Windows-Security-Auditing,Security,4327,0,,,,,,,,,,,,,,,,,Kerberos,,,,,,,,,,,,,,,,,,,,,,,,%%1842,,,,,,,,,,,,,%%1833,192.168.100.2,53809,,,,0,,,-,,,,,2006F849-1CD9-3101-7E08-695BF4E5F2B1,,Kerberos,3,,,,,,,,,,,,,,,,,,,,,,,,,,,,,,,,,,,,,,,,,,,,0x0,-,,,,,,,,,,-,,,,,,,,,,,,,,,,,-,0x0,,-,S-1-0-0,GARFIELD.HTB,,0x0,,0x4dcc00,,-,-,,,,,RODC01$,S-1-5-21-2502726253-3859040611-225969357-1602,,,,,-,,,,,,%%1843,,,-,
2025-08-17T11:34:47.018957Z,4624,DC01.garfield.htb,Microsoft-Windows-Security-Auditing,Security,4328,0,,,,,,,,,,,,,,,,,Kerberos,,,,,,,,,,,,,,,,,,,,,,,,%%1842,,,,,,,,,,,,,%%1833,192.168.100.2,53811,,,,0,,,-,,,,,2006F849-1CD9-3101-7E08-695BF4E5F2B1,,Kerberos,3,,,,,,,,,,,,,,,,,,,,,,,,,,,,,,,,,,,,,,,,,,,,0x0,-,,,,,,,,,,-,,,,,,,,,,,,,,,,,-,0x0,,-,S-1-0-0,GARFIELD.HTB,,0x0,,0x4dcc1e,,-,-,,,,,RODC01$,S-1-5-21-2502726253-3859040611-225969357-1602,,,,,-,,,,,,%%1843,,,-,
2025-08-17T11:34:47.025598Z,4768,DC01.garfield.htb,Microsoft-Windows-Security-Auditing,Security,4329,0,,,,,,,,,,,,,,,,,,,,,,,,,,,,,,,,,,,,,,,,,,,,,,,,,,,,,,,::ffff:192.168.100.2,53813,,,,,,,,,,,,,,,,,,,,,,,,,,,,,,,,,,,,,,,,,,,,,,,,,,,,,,2,,,,,,,,,,,,,,,,,,,,,,krbtgt,,S-1-5-21-2502726253-3859040611-225969357-502,,,,0x0,,,,,,,,,,GARFIELD.HTB,,,,,,,,,,,S-1-5-21-2502726253-3859040611-225969357-1602,RODC01$,,,0x12,0x40810010,,,,,,,,,,,,
2025-08-17T11:34:47.026764Z,4769,DC01.garfield.htb,Microsoft-Windows-Security-Auditing,Security,4330,0,,,,,,,,,,,,,,,,,,,,,,,,,,,,,,,,,,,,,,,,,,,,,,,,,,,,,,,::ffff:192.168.100.2,53814,,,,,,,,,,,,D3A33048-6CAB-069B-F966-CD846620F620,,,,,,,,,,,,,,,,,,,,,,,,,,,,,,,,,,,,,,,,,,,,,,,,,,,,,,,,,,,,,,,,RODC01$,,S-1-5-21-2502726253-3859040611-225969357-1602,,,,0x0,,,,,,,,,,GARFIELD.HTB,,,,,,,,,,,,RODC01$@GARFIELD.HTB,,,0x12,0x40810000,,-,,,,,,,,,,
2025-08-17T11:34:47.030502Z,4634,DC01.garfield.htb,Microsoft-Windows-Security-Auditing,Security,4331,0,,,,,,,,,,,,,,,,,,,,,,,,,,,,,,,,,,,,,,,,,,,,,,,,,,,,,,,,,,,,,,,,,,,,,,,3,,,,,,,,,,,,,,,,,,,,,,,,,,,,,,,,,,,,,,,,,,,,,,,,,,,,,,,,,,,,,,,,,,,,,,,,,,,,,GARFIELD,,,,0x4dcc1e,,,,,,,,RODC01$,S-1-5-21-2502726253-3859040611-225969357-1602,,,,,,,,,,,,,,,
2025-08-17T11:34:47.033972Z,4624,DC01.garfield.htb,Microsoft-Windows-Security-Auditing,Security,4332,0,,,,,,,,,,,,,,,,,Kerberos,,,,,,,,,,,,,,,,,,,,,,,,%%1842,,,,,,,,,,,,,%%1833,192.168.100.2,53815,,,,0,,,-,,,,,2006F849-1CD9-3101-7E08-695BF4E5F2B1,,Kerberos,3,,,,,,,,,,,,,,,,,,,,,,,,,,,,,,,,,,,,,,,,,,,,0x0,-,,,,,,,,,,-,,,,,,,,,,,,,,,,,-,0x0,,-,S-1-0-0,GARFIELD.HTB,,0x0,,0x4dcc3b,,-,-,,,,,RODC01$,S-1-5-21-2502726253-3859040611-225969357-1602,,,,,-,,,,,,%%1843,,,-,
2025-08-17T11:34:47.035684Z,4768,DC01.garfield.htb,Microsoft-Windows-Security-Auditing,Security,4333,0,,,,,,,,,,,,,,,,,,,,,,,,,,,,,,,,,,,,,,,,,,,,,,,,,,,,,,,::ffff:192.168.100.2,53817,,,,,,,,,,,,,,,,,,,,,,,,,,,,,,,,,,,,,,,,,,,,,,,,,,,,,,2,,,,,,,,,,,,,,,,,,,,,,krbtgt,,S-1-5-21-2502726253-3859040611-225969357-502,,,,0x0,,,,,,,,,,GARFIELD.HTB,,,,,,,,,,,S-1-5-21-2502726253-3859040611-225969357-1602,RODC01$,,,0x12,0x40810010,,,,,,,,,,,,
2025-08-17T11:34:47.036742Z,4769,DC01.garfield.htb,Microsoft-Windows-Security-Auditing,Security,4334,0,,,,,,,,,,,,,,,,,,,,,,,,,,,,,,,,,,,,,,,,,,,,,,,,,,,,,,,::ffff:192.168.100.2,53818,,,,,,,,,,,,D3A33048-6CAB-069B-F966-CD846620F620,,,,,,,,,,,,,,,,,,,,,,,,,,,,,,,,,,,,,,,,,,,,,,,,,,,,,,,,,,,,,,,,RODC01$,,S-1-5-21-2502726253-3859040611-225969357-1602,,,,0x0,,,,,,,,,,GARFIELD.HTB,,,,,,,,,,,,RODC01$@GARFIELD.HTB,,,0x12,0x40810000,,-,,,,,,,,,,
2025-08-17T11:34:47.038130Z,4634,DC01.garfield.htb,Microsoft-Windows-Security-Auditing,Security,4335,0,,,,,,,,,,,,,,,,,,,,,,,,,,,,,,,,,,,,,,,,,,,,,,,,,,,,,,,,,,,,,,,,,,,,,,,3,,,,,,,,,,,,,,,,,,,,,,,,,,,,,,,,,,,,,,,,,,,,,,,,,,,,,,,,,,,,,,,,,,,,,,,,,,,,,GARFIELD,,,,0x4dcc3b,,,,,,,,RODC01$,S-1-5-21-2502726253-3859040611-225969357-1602,,,,,,,,,,,,,,,
2025-08-17T11:34:48.366056Z,4634,DC01.garfield.htb,Microsoft-Windows-Security-Auditing,Security,4336,0,,,,,,,,,,,,,,,,,,,,,,,,,,,,,,,,,,,,,,,,,,,,,,,,,,,,,,,,,,,,,,,,,,,,,,,3,,,,,,,,,,,,,,,,,,,,,,,,,,,,,,,,,,,,,,,,,,,,,,,,,,,,,,,,,,,,,,,,,,,,,,,,,,,,,GARFIELD,,,,0x4db7e3,,,,,,,,RODC01$,S-1-5-21-2502726253-3859040611-225969357-1602,,,,,,,,,,,,,,,
2025-08-17T11:34:48.369145Z,4634,DC01.garfield.htb,Microsoft-Windows-Security-Auditing,Security,4337,0,,,,,,,,,,,,,,,,,,,,,,,,,,,,,,,,,,,,,,,,,,,,,,,,,,,,,,,,,,,,,,,,,,,,,,,3,,,,,,,,,,,,,,,,,,,,,,,,,,,,,,,,,,,,,,,,,,,,,,,,,,,,,,,,,,,,,,,,,,,,,,,,,,,,,GARFIELD,,,,0x4db8ad,,,,,,,,RODC01$,S-1-5-21-2502726253-3859040611-225969357-1602,,,,,,,,,,,,,,,
2025-08-17T11:34:49.104681Z,4624,DC01.garfield.htb,Microsoft-Windows-Security-Auditing,Security,4338,0,,,,,,,,,,,,,,,,,Kerberos,,,,,,,,,,,,,,,,,,,,,,,,%%1842,,,,,,,,,,,,,%%1833,192.168.100.2,53819,,,,0,,,-,,,,,2006F849-1CD9-3101-7E08-695BF4E5F2B1,,Kerberos,3,,,,,,,,,,,,,,,,,,,,,,,,,,,,,,,,,,,,,,,,,,,,0x0,-,,,,,,,,,,-,,,,,,,,,,,,,,,,,-,0x0,,-,S-1-0-0,GARFIELD.HTB,,0x0,,0x4dd07d,,-,-,,,,,RODC01$,S-1-5-21-2502726253-3859040611-225969357-1602,,,,,-,,,,,,%%1843,,,-,
2025-08-17T11:34:49.106222Z,4624,DC01.garfield.htb,Microsoft-Windows-Security-Auditing,Security,4339,0,,,,,,,,,,,,,,,,,Kerberos,,,,,,,,,,,,,,,,,,,,,,,,%%1842,,,,,,,,,,,,,%%1833,192.168.100.2,53809,,,,0,,,-,,,,,2006F849-1CD9-3101-7E08-695BF4E5F2B1,,Kerberos,3,,,,,,,,,,,,,,,,,,,,,,,,,,,,,,,,,,,,,,,,,,,,0x0,-,,,,,,,,,,-,,,,,,,,,,,,,,,,,-,0x0,,-,S-1-0-0,GARFIELD.HTB,,0x0,,0x4dd092,,-,-,,,,,RODC01$,S-1-5-21-2502726253-3859040611-225969357-1602,,,,,-,,,,,,%%1843,,,-,
2025-08-17T11:34:49.114067Z,4662,DC01.garfield.htb,Microsoft-Windows-Security-Auditing,Security,4340,0,,"%%7685
				",0x20,,,-,,,,,,,,,,,,,,,,,,,,,,,,,,,,,,,,,,,,,,,,,0x0,,,,,,,,,,,,,,,,,,,,,,,,,,,,,,,,,,,,,,,,,,,,,%{190f7894-5c28-4503-bffc-51cc37012b1e},,DS,%{fa85c591-197f-477e-83bd-ea5a43df2239},,,,,,,Object Access,,,,,,,,,,,,,,,,"%%7685
		{771727b1-31b8-4cdf-ae62-4fe39fadf89e}
			{fe515695-3f61-45c8-9bfa-19c148c57b09}
	{fa85c591-197f-477e-83bd-ea5a43df2239}
",,,,,,,,,,,,,,,,,,,,,,,,,GARFIELD,0x4dd07d,,RODC01$,S-1-5-21-2502726253-3859040611-225969357-1602,,,,,,,,,,,,,,,,,,,,,,,,,,,,,
2025-08-17T11:34:49.357675Z,4624,DC01.garfield.htb,Microsoft-Windows-Security-Auditing,Security,4341,0,,,,,,,,,,,,,,,,,Negotiate,,,,,,,,,,,,,,,,,,,,,,,,%%1842,,,,,,,,,,,,,%%1833,-,-,,,,0,,,-,,,,,00000000-0000-0000-0000-000000000000,,Advapi  ,5,,,,,,,,,,,,,,,,,,,,,,,,,,,,,,,,,,,,,,,,,,,,0x2f0,C:\Windows\System32\services.exe,,,,,,,,,,-,,,,,,,,,,,,,,,,,GARFIELD,0x3e7,,DC01$,S-1-5-18,NT AUTHORITY,,0x0,,0x3e7,,-,-,,,,,SYSTEM,S-1-5-18,,,,,-,,,,,,%%1843,,,-,
2025-08-17T11:34:49.357680Z,4672,DC01.garfield.htb,Microsoft-Windows-Security-Auditing,Security,4342,0,,,,,,,,,,,,,,,,,,,,,,,,,,,,,,,,,,,,,,,,,,,,,,,,,,,,,,,,,,,,,,,,,,,,,,,,,,,,,,,,,,,,,,,,,,,,,,,,,,,,,,,,,,,,,,,,,"SeAssignPrimaryTokenPrivilege
			SeTcbPrivilege
			SeSecurityPrivilege
			SeTakeOwnershipPrivilege
			SeLoadDriverPrivilege
			SeBackupPrivilege
			SeRestorePrivilege
			SeDebugPrivilege
			SeAuditPrivilege
			SeSystemEnvironmentPrivilege
			SeImpersonatePrivilege
			SeDelegateSessionUserImpersonatePrivilege",,,,,,,,,,,,,,,,,,,,,,,,,,,,,,NT AUTHORITY,0x3e7,,SYSTEM,S-1-5-18,,,,,,,,,,,,,,,,,,,,,,,,,,,,,
2025-08-17T11:34:51.129869Z,4769,DC01.garfield.htb,Microsoft-Windows-Security-Auditing,Security,4343,0,,,,,,,,,,,,,,,,,,,,,,,,,,,,,,,,,,,,,,,,,,,,,,,,,,,,,,,::ffff:192.168.100.2,53822,,,,,,,,,,,,45E23100-0B43-7E51-DB9D-F955A5D9D83F,,,,,,,,,,,,,,,,,,,,,,,,,,,,,,,,,,,,,,,,,,,,,,,,,,,,,,,,,,,,,,,,DC01$,,S-1-5-21-2502726253-3859040611-225969357-1000,,,,0x0,,,,,,,,,,GARFIELD.HTB,,,,,,,,,,,,RODC01$@GARFIELD.HTB,,,0x12,0x40800000,,-,,,,,,,,,,
2025-08-17T11:34:51.131032Z,4624,DC01.garfield.htb,Microsoft-Windows-Security-Auditing,Security,4344,0,,,,,,,,,,,,,,,,,Kerberos,,,,,,,,,,,,,,,,,,,,,,,,%%1842,,,,,,,,,,,,,%%1833,192.168.100.2,53821,,,,0,,,-,,,,,CFFF88A6-5CB0-3ABC-702E-D2DF9BCEFCB5,,Kerberos,3,,,,,,,,,,,,,,,,,,,,,,,,,,,,,,,,,,,,,,,,,,,,0x0,-,,,,,,,,,,-,,,,,,,,,,,,,,,,,-,0x0,,-,S-1-0-0,GARFIELD.HTB,,0x0,,0x4e192f,,-,-,,,,,RODC01$,S-1-5-21-2502726253-3859040611-225969357-1602,,,,,-,,,,,,%%1843,,,-,
2025-08-17T11:34:51.133503Z,4624,DC01.garfield.htb,Microsoft-Windows-Security-Auditing,Security,4345,0,,,,,,,,,,,,,,,,,Kerberos,,,,,,,,,,,,,,,,,,,,,,,,%%1842,,,,,,,,,,,,,%%1833,192.168.100.2,53823,,,,0,,,-,,,,,CFFF88A6-5CB0-3ABC-702E-D2DF9BCEFCB5,,Kerberos,3,,,,,,,,,,,,,,,,,,,,,,,,,,,,,,,,,,,,,,,,,,,,0x0,-,,,,,,,,,,-,,,,,,,,,,,,,,,,,-,0x0,,-,S-1-0-0,GARFIELD.HTB,,0x0,,0x4e1946,,-,-,,,,,RODC01$,S-1-5-21-2502726253-3859040611-225969357-1602,,,,,-,,,,,,%%1843,,,-,
2025-08-17T11:34:51.158629Z,4634,DC01.garfield.htb,Microsoft-Windows-Security-Auditing,Security,4346,0,,,,,,,,,,,,,,,,,,,,,,,,,,,,,,,,,,,,,,,,,,,,,,,,,,,,,,,,,,,,,,,,,,,,,,,3,,,,,,,,,,,,,,,,,,,,,,,,,,,,,,,,,,,,,,,,,,,,,,,,,,,,,,,,,,,,,,,,,,,,,,,,,,,,,GARFIELD,,,,0x4dd07d,,,,,,,,RODC01$,S-1-5-21-2502726253-3859040611-225969357-1602,,,,,,,,,,,,,,,
2025-08-17T11:34:54.763798Z,4742,DC01.garfield.htb,Microsoft-Windows-Security-Auditing,Security,4347,0,,,,,-,,,,,-,,,,,,,,,,,,,,,,,-,,,,,,,-,-,,,,,,,,,,,,,-,-,,,,,,,,,,,,,,,,,,,,-,,,,,,,,,,,,,,,,,-,,,,,,,,,,,,,-,,,,,,,,,-,,,,-,-,,,,-,,,,,,,,,,,-,,,-,,"
		HOST/RODC01
		HOST/RODC01.garfield.htb
		RestrictedKrbHost/RODC01.garfield.htb
		RestrictedKrbHost/RODC01
		TERMSRV/RODC01.garfield.htb
		TERMSRV/RODC01
		ldap/RODC01.garfield.htb/garfield.htb
		ldap/RODC01.garfield.htb/DomainDnsZones.garfield.htb
		ldap/RODC01.garfield.htb/ForestDnsZones.garfield.htb
		ldap/RODC01.garfield.htb
		ldap/RODC01
		ldap/RODC01.garfield.htb/GARFIELD
		ldap/0cffd740-bba9-471b-aec4-1c9d0ddd7101._msdcs.garfield.htb
		ldap/RODC01/GARFIELD
		HOST/RODC01.garfield.htb/garfield.htb
		RPC/0cffd740-bba9-471b-aec4-1c9d0ddd7101._msdcs.garfield.htb
		GC/RODC01.garfield.htb/garfield.htb
		HOST/RODC01.garfield.htb/GARFIELD
		HOST/RODC01/GARFIELD
		WSMAN/RODC01.garfield.htb
		WSMAN/RODC01
		Dfsr-12F9A27C-BF97-4787-9364-D31B6C55EB04/RODC01.garfield.htb",,-,,,,,,,,GARFIELD,0x4dd092,,RODC01$,S-1-5-21-2502726253-3859040611-225969357-1602,GARFIELD,,,,,,,,,,,S-1-5-21-2502726253-3859040611-225969357-1602,RODC01$,,,,,,,,-,-,-,-,,,,,
2025-08-17T11:34:56.946548Z,4624,DC01.garfield.htb,Microsoft-Windows-Security-Auditing,Security,4348,0,,,,,,,,,,,,,,,,,Kerberos,,,,,,,,,,,,,,,,,,,,,,,,%%1842,,,,,,,,,,,,,%%1833,192.168.100.2,53825,,,,0,,,-,,,,,2006F849-1CD9-3101-7E08-695BF4E5F2B1,,Kerberos,3,,,,,,,,,,,,,,,,,,,,,,,,,,,,,,,,,,,,,,,,,,,,0x0,-,,,,,,,,,,-,,,,,,,,,,,,,,,,,-,0x0,,-,S-1-0-0,GARFIELD.HTB,,0x0,,0x4e279e,,-,-,,,,,RODC01$,S-1-5-21-2502726253-3859040611-225969357-1602,,,,,-,,,,,,%%1843,,,-,
2025-08-17T11:34:56.948153Z,4662,DC01.garfield.htb,Microsoft-Windows-Security-Auditing,Security,4349,0,,"%%7685
				",0x20,,,-,,,,,,,,,,,,,,,,,,,,,,,,,,,,,,,,,,,,,,,,,0x0,,,,,,,,,,,,,,,,,,,,,,,,,,,,,,,,,,,,,,,,,,,,,%{190f7894-5c28-4503-bffc-51cc37012b1e},,DS,%{fa85c591-197f-477e-83bd-ea5a43df2239},,,,,,,Object Access,,,,,,,,,,,,,,,,"%%7685
		{771727b1-31b8-4cdf-ae62-4fe39fadf89e}
			{1a861408-38c3-49ea-ba75-85481a77c655}
	{fa85c591-197f-477e-83bd-ea5a43df2239}
",,,,,,,,,,,,,,,,,,,,,,,,,GARFIELD,0x4e279e,,RODC01$,S-1-5-21-2502726253-3859040611-225969357-1602,,,,,,,,,,,,,,,,,,,,,,,,,,,,,
2025-08-17T11:34:56.949004Z,4634,DC01.garfield.htb,Microsoft-Windows-Security-Auditing,Security,4350,0,,,,,,,,,,,,,,,,,,,,,,,,,,,,,,,,,,,,,,,,,,,,,,,,,,,,,,,,,,,,,,,,,,,,,,,3,,,,,,,,,,,,,,,,,,,,,,,,,,,,,,,,,,,,,,,,,,,,,,,,,,,,,,,,,,,,,,,,,,,,,,,,,,,,,GARFIELD,,,,0x4e279e,,,,,,,,RODC01$,S-1-5-21-2502726253-3859040611-225969357-1602,,,,,,,,,,,,,,,
2025-08-17T11:34:58.476296Z,4769,DC01.garfield.htb,Microsoft-Windows-Security-Auditing,Security,4351,0,,,,,,,,,,,,,,,,,,,,,,,,,,,,,,,,,,,,,,,,,,,,,,,,,,,,,,,::ffff:192.168.100.2,53830,,,,,,,,,,,,D2B453B1-8608-DF12-EEA6-1DF38E6045E5,,,,,,,,,,,,,,,,,,,,,,,,,,,,,,,,,,,,,,,,,,,,,,,,,,,,,,,,,,,,,,,,DC01$,,S-1-5-21-2502726253-3859040611-225969357-1000,,,,0x0,,,,,,,,,,GARFIELD.HTB,,,,,,,,,,,,RODC01$@GARFIELD.HTB,,,0x12,0x40810000,,-,,,,,,,,,,
2025-08-17T11:34:58.477665Z,4624,DC01.garfield.htb,Microsoft-Windows-Security-Auditing,Security,4352,0,,,,,,,,,,,,,,,,,Kerberos,,,,,,,,,,,,,,,,,,,,,,,,%%1842,,,,,,,,,,,,,%%1833,192.168.100.2,53829,,,,0,,,-,,,,,FF834D53-85EE-9BB6-A80A-BEC9B42D25C6,,Kerberos,3,,,,,,,,,,,,,,,,,,,,,,,,,,,,,,,,,,,,,,,,,,,,0x0,-,,,,,,,,,,-,,,,,,,,,,,,,,,,,-,0x0,,-,S-1-0-0,GARFIELD.HTB,,0x0,,0x4e29e9,,-,-,,,,,RODC01$,S-1-5-21-2502726253-3859040611-225969357-1602,,,,,-,,,,,,%%1843,,,-,
2025-08-17T11:34:58.483384Z,4624,DC01.garfield.htb,Microsoft-Windows-Security-Auditing,Security,4353,0,,,,,,,,,,,,,,,,,Kerberos,,,,,,,,,,,,,,,,,,,,,,,,%%1842,,,,,,,,,,,,,%%1833,192.168.100.2,53831,,,,0,,,-,,,,,FF834D53-85EE-9BB6-A80A-BEC9B42D25C6,,Kerberos,3,,,,,,,,,,,,,,,,,,,,,,,,,,,,,,,,,,,,,,,,,,,,0x0,-,,,,,,,,,,-,,,,,,,,,,,,,,,,,-,0x0,,-,S-1-0-0,GARFIELD.HTB,,0x0,,0x4e2a17,,-,-,,,,,RODC01$,S-1-5-21-2502726253-3859040611-225969357-1602,,,,,-,,,,,,%%1843,,,-,
2025-08-17T11:34:58.487576Z,4624,DC01.garfield.htb,Microsoft-Windows-Security-Auditing,Security,4354,0,,,,,,,,,,,,,,,,,Kerberos,,,,,,,,,,,,,,,,,,,,,,,,%%1842,,,,,,,,,,,,,%%1833,192.168.100.2,53832,,,,0,,,-,,,,,FF834D53-85EE-9BB6-A80A-BEC9B42D25C6,,Kerberos,3,,,,,,,,,,,,,,,,,,,,,,,,,,,,,,,,,,,,,,,,,,,,0x0,-,,,,,,,,,,-,,,,,,,,,,,,,,,,,-,0x0,,-,S-1-0-0,GARFIELD.HTB,,0x0,,0x4e2a2e,,-,-,,,,,RODC01$,S-1-5-21-2502726253-3859040611-225969357-1602,,,,,-,,,,,,%%1843,,,-,
2025-08-17T11:34:58.515184Z,4904,DC01.garfield.htb,Microsoft-Windows-Security-Auditing,Security,4355,0,,,,,,,,,,,,,,,,DFSR Audit,,,,,,,,,,,,,,,,,,,,,,,,,,0x4e2a88,,,,,,,,,,,,,,,,,,,,,,,,,,,,,,,,,,,,,,,,,,,,,,,,,,,,,,,,,,,,,,,,,,,,,,,,,0x274,C:\Windows\System32\dfsrs.exe,,,,,,,,,,,,,,,,,,,,,,,,,,,GARFIELD,0x3e7,,DC01$,S-1-5-18,,,,,,,,,,,,,,,,,,,,,,,,,,,,,
2025-08-17T11:34:58.571633Z,4624,DC01.garfield.htb,Microsoft-Windows-Security-Auditing,Security,4356,0,,,,,,,,,,,,,,,,,Kerberos,,,,,,,,,,,,,,,,,,,,,,,,%%1842,,,,,,,,,,,,,%%1833,192.168.100.2,53833,,,,0,,,-,,,,,FF834D53-85EE-9BB6-A80A-BEC9B42D25C6,,Kerberos,3,,,,,,,,,,,,,,,,,,,,,,,,,,,,,,,,,,,,,,,,,,,,0x0,-,,,,,,,,,,-,,,,,,,,,,,,,,,,,-,0x0,,-,S-1-0-0,GARFIELD.HTB,,0x0,,0x4e3b61,,-,-,,,,,RODC01$,S-1-5-21-2502726253-3859040611-225969357-1602,,,,,-,,,,,,%%1843,,,-,
2025-08-17T11:34:58.632782Z,4624,DC01.garfield.htb,Microsoft-Windows-Security-Auditing,Security,4357,0,,,,,,,,,,,,,,,,,Kerberos,,,,,,,,,,,,,,,,,,,,,,,,%%1842,,,,,,,,,,,,,%%1833,192.168.100.2,53834,,,,0,,,-,,,,,FF834D53-85EE-9BB6-A80A-BEC9B42D25C6,,Kerberos,3,,,,,,,,,,,,,,,,,,,,,,,,,,,,,,,,,,,,,,,,,,,,0x0,-,,,,,,,,,,-,,,,,,,,,,,,,,,,,-,0x0,,-,S-1-0-0,GARFIELD.HTB,,0x0,,0x4e49cb,,-,-,,,,,RODC01$,S-1-5-21-2502726253-3859040611-225969357-1602,,,,,-,,,,,,%%1843,,,-,
2025-08-17T11:34:58.638660Z,4624,DC01.garfield.htb,Microsoft-Windows-Security-Auditing,Security,4358,0,,,,,,,,,,,,,,,,,Kerberos,,,,,,,,,,,,,,,,,,,,,,,,%%1842,,,,,,,,,,,,,%%1833,192.168.100.2,53836,,,,0,,,-,,,,,FF834D53-85EE-9BB6-A80A-BEC9B42D25C6,,Kerberos,3,,,,,,,,,,,,,,,,,,,,,,,,,,,,,,,,,,,,,,,,,,,,0x0,-,,,,,,,,,,-,,,,,,,,,,,,,,,,,-,0x0,,-,S-1-0-0,GARFIELD.HTB,,0x0,,0x4e49e3,,-,-,,,,,RODC01$,S-1-5-21-2502726253-3859040611-225969357-1602,,,,,-,,,,,,%%1843,,,-,
2025-08-17T11:34:58.638800Z,4624,DC01.garfield.htb,Microsoft-Windows-Security-Auditing,Security,4359,0,,,,,,,,,,,,,,,,,Kerberos,,,,,,,,,,,,,,,,,,,,,,,,%%1842,,,,,,,,,,,,,%%1833,192.168.100.2,53835,,,,0,,,-,,,,,FF834D53-85EE-9BB6-A80A-BEC9B42D25C6,,Kerberos,3,,,,,,,,,,,,,,,,,,,,,,,,,,,,,,,,,,,,,,,,,,,,0x0,-,,,,,,,,,,-,,,,,,,,,,,,,,,,,-,0x0,,-,S-1-0-0,GARFIELD.HTB,,0x0,,0x4e49e4,,-,-,,,,,RODC01$,S-1-5-21-2502726253-3859040611-225969357-1602,,,,,-,,,,,,%%1843,,,-,
2025-08-17T11:34:58.670099Z,4769,DC01.garfield.htb,Microsoft-Windows-Security-Auditing,Security,4360,0,,,,,,,,,,,,,,,,,,,,,,,,,,,,,,,,,,,,,,,,,,,,,,,,,,,,,,,::ffff:192.168.100.2,53838,,,,,,,,,,,,D2B453B1-8608-DF12-EEA6-1DF38E6045E5,,,,,,,,,,,,,,,,,,,,,,,,,,,,,,,,,,,,,,,,,,,,,,,,,,,,,,,,,,,,,,,,krbtgt,,S-1-5-21-2502726253-3859040611-225969357-502,,,,0x0,,,,,,,,,,GARFIELD.HTB,,,,,,,,,,,,RODC01$@GARFIELD.HTB,,,0x12,0x40810000,,-,,,,,,,,,,
2025-08-17T11:34:58.671294Z,4769,DC01.garfield.htb,Microsoft-Windows-Security-Auditing,Security,4361,0,,,,,,,,,,,,,,,,,,,,,,,,,,,,,,,,,,,,,,,,,,,,,,,,,,,,,,,::ffff:192.168.100.2,53839,,,,,,,,,,,,D2B453B1-8608-DF12-EEA6-1DF38E6045E5,,,,,,,,,,,,,,,,,,,,,,,,,,,,,,,,,,,,,,,,,,,,,,,,,,,,,,,,,,,,,,,,DC01$,,S-1-5-21-2502726253-3859040611-225969357-1000,,,,0x0,,,,,,,,,,GARFIELD.HTB,,,,,,,,,,,,RODC01$@GARFIELD.HTB,,,0x12,0x40810000,,-,,,,,,,,,,
2025-08-17T11:34:58.673240Z,4624,DC01.garfield.htb,Microsoft-Windows-Security-Auditing,Security,4362,0,,,,,,,,,,,,,,,,,Kerberos,,,,,,,,,,,,,,,,,,,,,,,,%%1842,,,,,,,,,,,,,%%1833,192.168.100.2,53829,,,,0,,,-,,,,,FF834D53-85EE-9BB6-A80A-BEC9B42D25C6,,Kerberos,3,,,,,,,,,,,,,,,,,,,,,,,,,,,,,,,,,,,,,,,,,,,,0x0,-,,,,,,,,,,-,,,,,,,,,,,,,,,,,-,0x0,,-,S-1-0-0,GARFIELD.HTB,,0x0,,0x4e4a44,,-,-,,,,,RODC01$,S-1-5-21-2502726253-3859040611-225969357-1602,,,,,-,,,,,,%%1843,,,-,
2025-08-17T11:34:58.675836Z,4624,DC01.garfield.htb,Microsoft-Windows-Security-Auditing,Security,4363,0,,,,,,,,,,,,,,,,,Kerberos,,,,,,,,,,,,,,,,,,,,,,,,%%1842,,,,,,,,,,,,,%%1833,192.168.100.2,53831,,,,0,,,-,,,,,FF834D53-85EE-9BB6-A80A-BEC9B42D25C6,,Kerberos,3,,,,,,,,,,,,,,,,,,,,,,,,,,,,,,,,,,,,,,,,,,,,0x0,-,,,,,,,,,,-,,,,,,,,,,,,,,,,,-,0x0,,-,S-1-0-0,GARFIELD.HTB,,0x0,,0x4e4a6a,,-,-,,,,,RODC01$,S-1-5-21-2502726253-3859040611-225969357-1602,,,,,-,,,,,,%%1843,,,-,
2025-08-17T11:34:58.676270Z,4624,DC01.garfield.htb,Microsoft-Windows-Security-Auditing,Security,4364,0,,,,,,,,,,,,,,,,,Kerberos,,,,,,,,,,,,,,,,,,,,,,,,%%1842,,,,,,,,,,,,,%%1833,192.168.100.2,53833,,,,0,,,-,,,,,FF834D53-85EE-9BB6-A80A-BEC9B42D25C6,,Kerberos,3,,,,,,,,,,,,,,,,,,,,,,,,,,,,,,,,,,,,,,,,,,,,0x0,-,,,,,,,,,,-,,,,,,,,,,,,,,,,,-,0x0,,-,S-1-0-0,GARFIELD.HTB,,0x0,,0x4e4a77,,-,-,,,,,RODC01$,S-1-5-21-2502726253-3859040611-225969357-1602,,,,,-,,,,,,%%1843,,,-,
2025-08-17T11:35:04.306301Z,4769,DC01.garfield.htb,Microsoft-Windows-Security-Auditing,Security,4365,0,,,,,,,,,,,,,,,,,,,,,,,,,,,,,,,,,,,,,,,,,,,,,,,,,,,,,,,::ffff:192.168.100.2,53842,,,,,,,,,,,,69BFC8AC-A755-78B9-13DA-765A2DFB0DE7,,,,,,,,,,,,,,,,,,,,,,,,,,,,,,,,,,,,,,,,,,,,,,,,,,,,,,,,,,,,,,,,RODC01$,,S-1-5-21-2502726253-3859040611-225969357-1602,,,,0x0,,,,,,,,,,GARFIELD.HTB,,,,,,,,,,,,RODC01$@GARFIELD.HTB,,,0x12,0x40810000,,-,,,,,,,,,,
2025-08-17T11:35:04.320360Z,4769,DC01.garfield.htb,Microsoft-Windows-Security-Auditing,Security,4366,0,,,,,,,,,,,,,,,,,,,,,,,,,,,,,,,,,,,,,,,,,,,,,,,,,,,,,,,::1,0,,,,,,,,,,,,136AA36E-9F54-7BB1-4DDD-749C70A0D911,,,,,,,,,,,,,,,,,,,,,,,,,,,,,,,,,,,,,,,,,,,,,,,,,,,,,,,,,,,,,,,,DC01$,,S-1-5-21-2502726253-3859040611-225969357-1000,,,,0x0,,,,,,,,,,GARFIELD.HTB,,,,,,,,,,,,DC01$@GARFIELD.HTB,,,0x12,0x40810000,,-,,,,,,,,,,
2025-08-17T11:35:04.321139Z,4672,DC01.garfield.htb,Microsoft-Windows-Security-Auditing,Security,4367,0,,,,,,,,,,,,,,,,,,,,,,,,,,,,,,,,,,,,,,,,,,,,,,,,,,,,,,,,,,,,,,,,,,,,,,,,,,,,,,,,,,,,,,,,,,,,,,,,,,,,,,,,,,,,,,,,,"SeSecurityPrivilege
			SeBackupPrivilege
			SeRestorePrivilege
			SeTakeOwnershipPrivilege
			SeDebugPrivilege
			SeSystemEnvironmentPrivilege
			SeLoadDriverPrivilege
			SeImpersonatePrivilege
			SeDelegateSessionUserImpersonatePrivilege
			SeEnableDelegationPrivilege",,,,,,,,,,,,,,,,,,,,,,,,,,,,,,GARFIELD,0x4e5938,,DC01$,S-1-5-18,,,,,,,,,,,,,,,,,,,,,,,,,,,,,
2025-08-17T11:35:04.321230Z,4624,DC01.garfield.htb,Microsoft-Windows-Security-Auditing,Security,4368,0,,,,,,,,,,,,,,,,,Kerberos,,,,,,,,,,,,,,,,,,,,,,,,%%1842,,,,,,,,,,,,,%%1840,-,-,,,,0,,,-,,,,,2AA700A4-B599-8A8D-8D95-2D297C68A504,,Kerberos,3,,,,,,,,,,,,,,,,,,,,,,,,,,,,,,,,,,,,,,,,,,,,0x0,-,,,,,,,,,,-,,,,,,,,,,,,,,,,,-,0x0,,-,S-1-0-0,GARFIELD.HTB,,0x0,,0x4e5938,,-,-,,,,,DC01$,S-1-5-18,,,,,-,,,,,,%%1843,,,-,
2025-08-17T11:35:04.327178Z,4672,DC01.garfield.htb,Microsoft-Windows-Security-Auditing,Security,4369,0,,,,,,,,,,,,,,,,,,,,,,,,,,,,,,,,,,,,,,,,,,,,,,,,,,,,,,,,,,,,,,,,,,,,,,,,,,,,,,,,,,,,,,,,,,,,,,,,,,,,,,,,,,,,,,,,,"SeSecurityPrivilege
			SeBackupPrivilege
			SeRestorePrivilege
			SeTakeOwnershipPrivilege
			SeDebugPrivilege
			SeSystemEnvironmentPrivilege
			SeLoadDriverPrivilege
			SeImpersonatePrivilege
			SeDelegateSessionUserImpersonatePrivilege
			SeEnableDelegationPrivilege",,,,,,,,,,,,,,,,,,,,,,,,,,,,,,GARFIELD,0x4e59bd,,DC01$,S-1-5-18,,,,,,,,,,,,,,,,,,,,,,,,,,,,,
2025-08-17T11:35:04.327288Z,4624,DC01.garfield.htb,Microsoft-Windows-Security-Auditing,Security,4370,0,,,,,,,,,,,,,,,,,Kerberos,,,,,,,,,,,,,,,,,,,,,,,,%%1842,,,,,,,,,,,,,%%1840,-,-,,,,0,,,-,,,,,2AA700A4-B599-8A8D-8D95-2D297C68A504,,Kerberos,3,,,,,,,,,,,,,,,,,,,,,,,,,,,,,,,,,,,,,,,,,,,,0x0,-,,,,,,,,,,-,,,,,,,,,,,,,,,,,-,0x0,,-,S-1-0-0,GARFIELD.HTB,,0x0,,0x4e59bd,,-,-,,,,,DC01$,S-1-5-18,,,,,-,,,,,,%%1843,,,-,
2025-08-17T11:35:04.331699Z,4672,DC01.garfield.htb,Microsoft-Windows-Security-Auditing,Security,4371,0,,,,,,,,,,,,,,,,,,,,,,,,,,,,,,,,,,,,,,,,,,,,,,,,,,,,,,,,,,,,,,,,,,,,,,,,,,,,,,,,,,,,,,,,,,,,,,,,,,,,,,,,,,,,,,,,,"SeSecurityPrivilege
			SeBackupPrivilege
			SeRestorePrivilege
			SeTakeOwnershipPrivilege
			SeDebugPrivilege
			SeSystemEnvironmentPrivilege
			SeLoadDriverPrivilege
			SeImpersonatePrivilege
			SeDelegateSessionUserImpersonatePrivilege
			SeEnableDelegationPrivilege",,,,,,,,,,,,,,,,,,,,,,,,,,,,,,GARFIELD,0x4e5a42,,DC01$,S-1-5-18,,,,,,,,,,,,,,,,,,,,,,,,,,,,,
2025-08-17T11:35:04.331780Z,4624,DC01.garfield.htb,Microsoft-Windows-Security-Auditing,Security,4372,0,,,,,,,,,,,,,,,,,Kerberos,,,,,,,,,,,,,,,,,,,,,,,,%%1842,,,,,,,,,,,,,%%1840,-,-,,,,0,,,-,,,,,2AA700A4-B599-8A8D-8D95-2D297C68A504,,Kerberos,3,,,,,,,,,,,,,,,,,,,,,,,,,,,,,,,,,,,,,,,,,,,,0x0,-,,,,,,,,,,-,,,,,,,,,,,,,,,,,-,0x0,,-,S-1-0-0,GARFIELD.HTB,,0x0,,0x4e5a42,,-,-,,,,,DC01$,S-1-5-18,,,,,-,,,,,,%%1843,,,-,
2025-08-17T11:35:04.339045Z,4672,DC01.garfield.htb,Microsoft-Windows-Security-Auditing,Security,4373,0,,,,,,,,,,,,,,,,,,,,,,,,,,,,,,,,,,,,,,,,,,,,,,,,,,,,,,,,,,,,,,,,,,,,,,,,,,,,,,,,,,,,,,,,,,,,,,,,,,,,,,,,,,,,,,,,,"SeSecurityPrivilege
			SeBackupPrivilege
			SeRestorePrivilege
			SeTakeOwnershipPrivilege
			SeDebugPrivilege
			SeSystemEnvironmentPrivilege
			SeLoadDriverPrivilege
			SeImpersonatePrivilege
			SeDelegateSessionUserImpersonatePrivilege
			SeEnableDelegationPrivilege",,,,,,,,,,,,,,,,,,,,,,,,,,,,,,GARFIELD,0x4e5ad6,,DC01$,S-1-5-18,,,,,,,,,,,,,,,,,,,,,,,,,,,,,
2025-08-17T11:35:04.339188Z,4624,DC01.garfield.htb,Microsoft-Windows-Security-Auditing,Security,4374,0,,,,,,,,,,,,,,,,,Kerberos,,,,,,,,,,,,,,,,,,,,,,,,%%1842,,,,,,,,,,,,,%%1840,-,-,,,,0,,,-,,,,,2AA700A4-B599-8A8D-8D95-2D297C68A504,,Kerberos,3,,,,,,,,,,,,,,,,,,,,,,,,,,,,,,,,,,,,,,,,,,,,0x0,-,,,,,,,,,,-,,,,,,,,,,,,,,,,,-,0x0,,-,S-1-0-0,GARFIELD.HTB,,0x0,,0x4e5ad6,,-,-,,,,,DC01$,S-1-5-18,,,,,-,,,,,,%%1843,,,-,
2025-08-17T11:35:04.346073Z,4672,DC01.garfield.htb,Microsoft-Windows-Security-Auditing,Security,4375,0,,,,,,,,,,,,,,,,,,,,,,,,,,,,,,,,,,,,,,,,,,,,,,,,,,,,,,,,,,,,,,,,,,,,,,,,,,,,,,,,,,,,,,,,,,,,,,,,,,,,,,,,,,,,,,,,,"SeSecurityPrivilege
			SeBackupPrivilege
			SeRestorePrivilege
			SeTakeOwnershipPrivilege
			SeDebugPrivilege
			SeSystemEnvironmentPrivilege
			SeLoadDriverPrivilege
			SeImpersonatePrivilege
			SeDelegateSessionUserImpersonatePrivilege
			SeEnableDelegationPrivilege",,,,,,,,,,,,,,,,,,,,,,,,,,,,,,GARFIELD,0x4e5b61,,DC01$,S-1-5-18,,,,,,,,,,,,,,,,,,,,,,,,,,,,,
