2025-08-13T11:00:55.424088Z,4907,DC01,Microsoft-Windows-Security-Auditing,Security,1235,0,,,,,,,,,,,,,,,,,,,,,,,,,,,,,,,,,,,,,,,,,,,,,,,0x88,,,,,,,,,,,,,,,,,,,,,,,,,,,,,,,,,,,,S:ARAI(AU;SAFA;DCLCRPCRSDWDWO;;;WD),,,,,,,,,C:\Windows\System32\en-US\ntdsbmsg.dll.mui,,Security,File,,,,,,,,,,,,,,,,,,,,0x410,C:\Windows\System32\poqexec.exe,,,,,,,,,,,,,,,,,,,,,,,,,,,WORKGROUP,0x3e7,,DC01$,S-1-5-18,,,,,,,,,,,,,,,,,,,,,,,,,,,,,
2025-08-13T11:00:55.424433Z,4907,DC01,Microsoft-Windows-Security-Auditing,Security,1236,0,,,,,,,,,,,,,,,,,,,,,,,,,,,,,,,,,,,,,,,,,,,,,,,0x88,,,,,,,,,,,,,,,,,,,,,,,,,,,,,,,,,,,,S:ARAI(AU;SAFA;DCLCRPCRSDWDWO;;;WD),,,,,,,,,C:\Windows\System32\en-US\ntdsmsg.dll.mui,,Security,File,,,,,,,,,,,,,,,,,,,,0x410,C:\Windows\System32\poqexec.exe,,,,,,,,,,,,,,,,,,,,,,,,,,,WORKGROUP,0x3e7,,DC01$,S-1-5-18,,,,,,,,,,,,,,,,,,,,,,,,,,,,,
2025-08-13T11:00:55.424781Z,4907,DC01,Microsoft-Windows-Security-Auditing,Security,1237,0,,,,,,,,,,,,,,,,,,,,,,,,,,,,,,,,,,,,,,,,,,,,,,,0x88,,,,,,,,,,,,,,,,,,,,,,,,,,,,,,,,,,,,S:ARAI(AU;SAFA;DCLCRPCRSDWDWO;;;WD),,,,,,,,,C:\Windows\System32\en-US\ntdsutil.exe.mui,,Security,File,,,,,,,,,,,,,,,,,,,,0x410,C:\Windows\System32\poqexec.exe,,,,,,,,,,,,,,,,,,,,,,,,,,,WORKGROUP,0x3e7,,DC01$,S-1-5-18,,,,,,,,,,,,,,,,,,,,,,,,,,,,,
2025-08-13T11:00:55.425872Z,4907,DC01,Microsoft-Windows-Security-Auditing,Security,1238,0,,,,,,,,,,,,,,,,,,,,,,,,,,,,,,,,,,,,,,,,,,,,,,,0x88,,,,,,,,,,,,,,,,,,,,,,,,,,,,,,,,,,,,S:ARAI(AU;SAFA;DCLCRPCRSDWDWO;;;WD),,,,,,,,,C:\Windows\System32\en-US\ntfrs.exe.mui,,Security,File,,,,,,,,,,,,,,,,,,,,0x410,C:\Windows\System32\poqexec.exe,,,,,,,,,,,,,,,,,,,,,,,,,,,WORKGROUP,0x3e7,,DC01$,S-1-5-18,,,,,,,,,,,,,,,,,,,,,,,,,,,,,
2025-08-13T11:00:55.426179Z,4907,DC01,Microsoft-Windows-Security-Auditing,Security,1239,0,,,,,,,,,,,,,,,,,,,,,,,,,,,,,,,,,,,,,,,,,,,,,,,0x88,,,,,,,,,,,,,,,,,,,,,,,,,,,,,,,,,,,,S:ARAI(AU;SAFA;DCLCRPCRSDWDWO;;;WD),,,,,,,,,C:\Windows\System32\en-US\ntfrsapi.dll.mui,,Security,File,,,,,,,,,,,,,,,,,,,,0x410,C:\Windows\System32\poqexec.exe,,,,,,,,,,,,,,,,,,,,,,,,,,,WORKGROUP,0x3e7,,DC01$,S-1-5-18,,,,,,,,,,,,,,,,,,,,,,,,,,,,,
2025-08-13T11:00:55.426523Z,4907,DC01,Microsoft-Windows-Security-Auditing,Security,1240,0,,,,,,,,,,,,,,,,,,,,,,,,,,,,,,,,,,,,,,,,,,,,,,,0x88,,,,,,,,,,,,,,,,,,,,,,,,,,,,,,,,,,,,S:ARAI(AU;SAFA;DCLCRPCRSDWDWO;;;WD),,,,,,,,,C:\Windows\System32\en-US\ntfrsres.dll.mui,,Security,File,,,,,,,,,,,,,,,,,,,,0x410,C:\Windows\System32\poqexec.exe,,,,,,,,,,,,,,,,,,,,,,,,,,,WORKGROUP,0x3e7,,DC01$,S-1-5-18,,,,,,,,,,,,,,,,,,,,,,,,,,,,,
2025-08-13T11:00:55.427267Z,4907,DC01,Microsoft-Windows-Security-Auditing,Security,1241,0,,,,,,,,,,,,,,,,,,,,,,,,,,,,,,,,,,,,,,,,,,,,,,,0x88,,,,,,,,,,,,,,,,,,,,,,,,,,,,,,,,,,,,S:ARAI(AU;SAFA;DCLCRPCRSDWDWO;;;WD),,,,,,,,,C:\Windows\System32\en-US\ntfrsutl.exe.mui,,Security,File,,,,,,,,,,,,,,,,,,,,0x410,C:\Windows\System32\poqexec.exe,,,,,,,,,,,,,,,,,,,,,,,,,,,WORKGROUP,0x3e7,,DC01$,S-1-5-18,,,,,,,,,,,,,,,,,,,,,,,,,,,,,
2025-08-13T11:00:55.427574Z,4907,DC01,Microsoft-Windows-Security-Auditing,Security,1242,0,,,,,,,,,,,,,,,,,,,,,,,,,,,,,,,,,,,,,,,,,,,,,,,0x88,,,,,,,,,,,,,,,,,,,,,,,,,,,,,,,,,,,,S:ARAI(AU;SAFA;DCLCRPCRSDWDWO;;;WD),,,,,,,,,C:\Windows\System32\en-US\propshts.dll.mui,,Security,File,,,,,,,,,,,,,,,,,,,,0x410,C:\Windows\System32\poqexec.exe,,,,,,,,,,,,,,,,,,,,,,,,,,,WORKGROUP,0x3e7,,DC01$,S-1-5-18,,,,,,,,,,,,,,,,,,,,,,,,,,,,,
2025-08-13T11:00:55.427940Z,4907,DC01,Microsoft-Windows-Security-Auditing,Security,1243,0,,,,,,,,,,,,,,,,,,,,,,,,,,,,,,,,,,,,,,,,,,,,,,,0x88,,,,,,,,,,,,,,,,,,,,,,,,,,,,,,,,,,,,S:ARAI(AU;SAFA;DCLCRPCRSDWDWO;;;WD),,,,,,,,,C:\Windows\System32\en-US\redircmp.exe.mui,,Security,File,,,,,,,,,,,,,,,,,,,,0x410,C:\Windows\System32\poqexec.exe,,,,,,,,,,,,,,,,,,,,,,,,,,,WORKGROUP,0x3e7,,DC01$,S-1-5-18,,,,,,,,,,,,,,,,,,,,,,,,,,,,,
2025-08-13T11:00:55.428269Z,4907,DC01,Microsoft-Windows-Security-Auditing,Security,1244,0,,,,,,,,,,,,,,,,,,,,,,,,,,,,,,,,,,,,,,,,,,,,,,,0x88,,,,,,,,,,,,,,,,,,,,,,,,,,,,,,,,,,,,S:ARAI(AU;SAFA;DCLCRPCRSDWDWO;;;WD),,,,,,,,,C:\Windows\System32\en-US\redirusr.exe.mui,,Security,File,,,,,,,,,,,,,,,,,,,,0x410,C:\Windows\System32\poqexec.exe,,,,,,,,,,,,,,,,,,,,,,,,,,,WORKGROUP,0x3e7,,DC01$,S-1-5-18,,,,,,,,,,,,,,,,,,,,,,,,,,,,,
2025-08-13T11:00:55.429253Z,4907,DC01,Microsoft-Windows-Security-Auditing,Security,1245,0,,,,,,,,,,,,,,,,,,,,,,,,,,,,,,,,,,,,,,,,,,,,,,,0x88,,,,,,,,,,,,,,,,,,,,,,,,,,,,,,,,,,,,S:ARAI(AU;SAFA;DCLCRPCRSDWDWO;;;WD),,,,,,,,,C:\Windows\System32\en-US\RemoteFileBrowse.dll.mui,,Security,File,,,,,,,,,,,,,,,,,,,,0x410,C:\Windows\System32\poqexec.exe,,,,,,,,,,,,,,,,,,,,,,,,,,,WORKGROUP,0x3e7,,DC01$,S-1-5-18,,,,,,,,,,,,,,,,,,,,,,,,,,,,,
2025-08-13T11:00:55.430178Z,4907,DC01,Microsoft-Windows-Security-Auditing,Security,1246,0,,,,,,,,,,,,,,,,,,,,,,,,,,,,,,,,,,,,,,,,,,,,,,,0x88,,,,,,,,,,,,,,,,,,,,,,,,,,,,,,,,,,,,S:ARAI(AU;SAFA;DCLCRPCRSDWDWO;;;WD),,,,,,,,,C:\Windows\System32\en-US\removerootporterr.mfl,,Security,File,,,,,,,,,,,,,,,,,,,,0x410,C:\Windows\System32\poqexec.exe,,,,,,,,,,,,,,,,,,,,,,,,,,,WORKGROUP,0x3e7,,DC01$,S-1-5-18,,,,,,,,,,,,,,,,,,,,,,,,,,,,,
2025-08-13T11:00:55.430527Z,4907,DC01,Microsoft-Windows-Security-Auditing,Security,1247,0,,,,,,,,,,,,,,,,,,,,,,,,,,,,,,,,,,,,,,,,,,,,,,,0x88,,,,,,,,,,,,,,,,,,,,,,,,,,,,,,,,,,,,S:ARAI(AU;SAFA;DCLCRPCRSDWDWO;;;WD),,,,,,,,,C:\Windows\System32\en-US\rendom.exe.mui,,Security,File,,,,,,,,,,,,,,,,,,,,0x410,C:\Windows\System32\poqexec.exe,,,,,,,,,,,,,,,,,,,,,,,,,,,WORKGROUP,0x3e7,,DC01$,S-1-5-18,,,,,,,,,,,,,,,,,,,,,,,,,,,,,
2025-08-13T11:00:55.430831Z,4907,DC01,Microsoft-Windows-Security-Auditing,Security,1248,0,,,,,,,,,,,,,,,,,,,,,,,,,,,,,,,,,,,,,,,,,,,,,,,0x88,,,,,,,,,,,,,,,,,,,,,,,,,,,,,,,,,,,,S:ARAI(AU;SAFA;DCLCRPCRSDWDWO;;;WD),,,,,,,,,C:\Windows\System32\en-US\repadmin.exe.mui,,Security,File,,,,,,,,,,,,,,,,,,,,0x410,C:\Windows\System32\poqexec.exe,,,,,,,,,,,,,,,,,,,,,,,,,,,WORKGROUP,0x3e7,,DC01$,S-1-5-18,,,,,,,,,,,,,,,,,,,,,,,,,,,,,
2025-08-13T11:00:55.431744Z,4907,DC01,Microsoft-Windows-Security-Auditing,Security,1249,0,,,,,,,,,,,,,,,,,,,,,,,,,,,,,,,,,,,,,,,,,,,,,,,0x88,,,,,,,,,,,,,,,,,,,,,,,,,,,,,,,,,,,,S:ARAI(AU;SAFA;DCLCRPCRSDWDWO;;;WD),,,,,,,,,C:\Windows\System32\en-US\replprov.dll.mui,,Security,File,,,,,,,,,,,,,,,,,,,,0x410,C:\Windows\System32\poqexec.exe,,,,,,,,,,,,,,,,,,,,,,,,,,,WORKGROUP,0x3e7,,DC01$,S-1-5-18,,,,,,,,,,,,,,,,,,,,,,,,,,,,,
2025-08-13T11:00:55.432304Z,4907,DC01,Microsoft-Windows-Security-Auditing,Security,1250,0,,,,,,,,,,,,,,,,,,,,,,,,,,,,,,,,,,,,,,,,,,,,,,,0x88,,,,,,,,,,,,,,,,,,,,,,,,,,,,,,,,,,,,S:ARAI(AU;SAFA;DCLCRPCRSDWDWO;;;WD),,,,,,,,,C:\Windows\System32\en-US\rootporterr.mfl,,Security,File,,,,,,,,,,,,,,,,,,,,0x410,C:\Windows\System32\poqexec.exe,,,,,,,,,,,,,,,,,,,,,,,,,,,WORKGROUP,0x3e7,,DC01$,S-1-5-18,,,,,,,,,,,,,,,,,,,,,,,,,,,,,
2025-08-13T11:00:55.433077Z,4907,DC01,Microsoft-Windows-Security-Auditing,Security,1251,0,,,,,,,,,,,,,,,,,,,,,,,,,,,,,,,,,,,,,,,,,,,,,,,0x88,,,,,,,,,,,,,,,,,,,,,,,,,,,,,,,,,,,,S:ARAI(AU;SAFA;DCLCRPCRSDWDWO;;;WD),,,,,,,,,C:\Windows\System32\en-US\sbresources.dll.mui,,Security,File,,,,,,,,,,,,,,,,,,,,0x410,C:\Windows\System32\poqexec.exe,,,,,,,,,,,,,,,,,,,,,,,,,,,WORKGROUP,0x3e7,,DC01$,S-1-5-18,,,,,,,,,,,,,,,,,,,,,,,,,,,,,
2025-08-13T11:00:55.433487Z,4907,DC01,Microsoft-Windows-Security-Auditing,Security,1252,0,,,,,,,,,,,,,,,,,,,,,,,,,,,,,,,,,,,,,,,,,,,,,,,0x88,,,,,,,,,,,,,,,,,,,,,,,,,,,,,,,,,,,,S:ARAI(AU;SAFA;DCLCRPCRSDWDWO;;;WD),,,,,,,,,C:\Windows\System32\en-US\schmmgmt.dll.mui,,Security,File,,,,,,,,,,,,,,,,,,,,0x410,C:\Windows\System32\poqexec.exe,,,,,,,,,,,,,,,,,,,,,,,,,,,WORKGROUP,0x3e7,,DC01$,S-1-5-18,,,,,,,,,,,,,,,,,,,,,,,,,,,,,
2025-08-13T11:00:55.433840Z,4907,DC01,Microsoft-Windows-Security-Auditing,Security,1253,0,,,,,,,,,,,,,,,,,,,,,,,,,,,,,,,,,,,,,,,,,,,,,,,0x88,,,,,,,,,,,,,,,,,,,,,,,,,,,,,,,,,,,,S:ARAI(AU;SAFA;DCLCRPCRSDWDWO;;;WD),,,,,,,,,C:\Windows\System32\en-US\vid.dll.mui,,Security,File,,,,,,,,,,,,,,,,,,,,0x410,C:\Windows\System32\poqexec.exe,,,,,,,,,,,,,,,,,,,,,,,,,,,WORKGROUP,0x3e7,,DC01$,S-1-5-18,,,,,,,,,,,,,,,,,,,,,,,,,,,,,
2025-08-13T11:00:55.434205Z,4907,DC01,Microsoft-Windows-Security-Auditing,Security,1254,0,,,,,,,,,,,,,,,,,,,,,,,,,,,,,,,,,,,,,,,,,,,,,,,0x88,,,,,,,,,,,,,,,,,,,,,,,,,,,,,,,,,,,,S:ARAI(AU;SAFA;DCLCRPCRSDWDWO;;;WD),,,,,,,,,C:\Windows\System32\en-US\virtmgmt.msc,,Security,File,,,,,,,,,,,,,,,,,,,,0x410,C:\Windows\System32\poqexec.exe,,,,,,,,,,,,,,,,,,,,,,,,,,,WORKGROUP,0x3e7,,DC01$,S-1-5-18,,,,,,,,,,,,,,,,,,,,,,,,,,,,,
2025-08-13T11:00:55.435136Z,4907,DC01,Microsoft-Windows-Security-Auditing,Security,1255,0,,,,,,,,,,,,,,,,,,,,,,,,,,,,,,,,,,,,,,,,,,,,,,,0x88,,,,,,,,,,,,,,,,,,,,,,,,,,,,,,,,,,,,S:ARAI(AU;SAFA;DCLCRPCRSDWDWO;;;WD),,,,,,,,,C:\Windows\System32\en-US\vmbusvdev.dll.mui,,Security,File,,,,,,,,,,,,,,,,,,,,0x410,C:\Windows\System32\poqexec.exe,,,,,,,,,,,,,,,,,,,,,,,,,,,WORKGROUP,0x3e7,,DC01$,S-1-5-18,,,,,,,,,,,,,,,,,,,,,,,,,,,,,
2025-08-13T11:00:55.435530Z,4907,DC01,Microsoft-Windows-Security-Auditing,Security,1256,0,,,,,,,,,,,,,,,,,,,,,,,,,,,,,,,,,,,,,,,,,,,,,,,0x88,,,,,,,,,,,,,,,,,,,,,,,,,,,,,,,,,,,,S:ARAI(AU;SAFA;DCLCRPCRSDWDWO;;;WD),,,,,,,,,C:\Windows\System32\en-US\vmchipset.dll.mui,,Security,File,,,,,,,,,,,,,,,,,,,,0x410,C:\Windows\System32\poqexec.exe,,,,,,,,,,,,,,,,,,,,,,,,,,,WORKGROUP,0x3e7,,DC01$,S-1-5-18,,,,,,,,,,,,,,,,,,,,,,,,,,,,,
2025-08-13T11:00:55.435874Z,4907,DC01,Microsoft-Windows-Security-Auditing,Security,1257,0,,,,,,,,,,,,,,,,,,,,,,,,,,,,,,,,,,,,,,,,,,,,,,,0x88,,,,,,,,,,,,,,,,,,,,,,,,,,,,,,,,,,,,S:ARAI(AU;SAFA;DCLCRPCRSDWDWO;;;WD),,,,,,,,,C:\Windows\System32\en-US\vmcompute.exe.mui,,Security,File,,,,,,,,,,,,,,,,,,,,0x410,C:\Windows\System32\poqexec.exe,,,,,,,,,,,,,,,,,,,,,,,,,,,WORKGROUP,0x3e7,,DC01$,S-1-5-18,,,,,,,,,,,,,,,,,,,,,,,,,,,,,
2025-08-13T11:00:55.436180Z,4907,DC01,Microsoft-Windows-Security-Auditing,Security,1258,0,,,,,,,,,,,,,,,,,,,,,,,,,,,,,,,,,,,,,,,,,,,,,,,0x88,,,,,,,,,,,,,,,,,,,,,,,,,,,,,,,,,,,,S:ARAI(AU;SAFA;DCLCRPCRSDWDWO;;;WD),,,,,,,,,C:\Windows\System32\en-US\vmcomputeeventlog.dll.mui,,Security,File,,,,,,,,,,,,,,,,,,,,0x410,C:\Windows\System32\poqexec.exe,,,,,,,,,,,,,,,,,,,,,,,,,,,WORKGROUP,0x3e7,,DC01$,S-1-5-18,,,,,,,,,,,,,,,,,,,,,,,,,,,,,
2025-08-13T11:00:55.436541Z,4907,DC01,Microsoft-Windows-Security-Auditing,Security,1259,0,,,,,,,,,,,,,,,,,,,,,,,,,,,,,,,,,,,,,,,,,,,,,,,0x88,,,,,,,,,,,,,,,,,,,,,,,,,,,,,,,,,,,,S:ARAI(AU;SAFA;DCLCRPCRSDWDWO;;;WD),,,,,,,,,C:\Windows\System32\en-US\vmconnect.resources.dll,,Security,File,,,,,,,,,,,,,,,,,,,,0x410,C:\Windows\System32\poqexec.exe,,,,,,,,,,,,,,,,,,,,,,,,,,,WORKGROUP,0x3e7,,DC01$,S-1-5-18,,,,,,,,,,,,,,,,,,,,,,,,,,,,,
2025-08-13T11:00:55.437372Z,4907,DC01,Microsoft-Windows-Security-Auditing,Security,1260,0,,,,,,,,,,,,,,,,,,,,,,,,,,,,,,,,,,,,,,,,,,,,,,,0x88,,,,,,,,,,,,,,,,,,,,,,,,,,,,,,,,,,,,S:ARAI(AU;SAFA;DCLCRPCRSDWDWO;;;WD),,,,,,,,,C:\Windows\System32\en-US\vmcrashdump.dll.mui,,Security,File,,,,,,,,,,,,,,,,,,,,0x410,C:\Windows\System32\poqexec.exe,,,,,,,,,,,,,,,,,,,,,,,,,,,WORKGROUP,0x3e7,,DC01$,S-1-5-18,,,,,,,,,,,,,,,,,,,,,,,,,,,,,
2025-08-13T11:00:55.437772Z,4907,DC01,Microsoft-Windows-Security-Auditing,Security,1261,0,,,,,,,,,,,,,,,,,,,,,,,,,,,,,,,,,,,,,,,,,,,,,,,0x88,,,,,,,,,,,,,,,,,,,,,,,,,,,,,,,,,,,,S:ARAI(AU;SAFA;DCLCRPCRSDWDWO;;;WD),,,,,,,,,C:\Windows\System32\en-US\vmdatastore.dll.mui,,Security,File,,,,,,,,,,,,,,,,,,,,0x410,C:\Windows\System32\poqexec.exe,,,,,,,,,,,,,,,,,,,,,,,,,,,WORKGROUP,0x3e7,,DC01$,S-1-5-18,,,,,,,,,,,,,,,,,,,,,,,,,,,,,
2025-08-13T11:00:55.438136Z,4907,DC01,Microsoft-Windows-Security-Auditing,Security,1262,0,,,,,,,,,,,,,,,,,,,,,,,,,,,,,,,,,,,,,,,,,,,,,,,0x88,,,,,,,,,,,,,,,,,,,,,,,,,,,,,,,,,,,,S:ARAI(AU;SAFA;DCLCRPCRSDWDWO;;;WD),,,,,,,,,C:\Windows\System32\en-US\vmdebug.dll.mui,,Security,File,,,,,,,,,,,,,,,,,,,,0x410,C:\Windows\System32\poqexec.exe,,,,,,,,,,,,,,,,,,,,,,,,,,,WORKGROUP,0x3e7,,DC01$,S-1-5-18,,,,,,,,,,,,,,,,,,,,,,,,,,,,,
2025-08-13T11:00:55.438498Z,4907,DC01,Microsoft-Windows-Security-Auditing,Security,1263,0,,,,,,,,,,,,,,,,,,,,,,,,,,,,,,,,,,,,,,,,,,,,,,,0x88,,,,,,,,,,,,,,,,,,,,,,,,,,,,,,,,,,,,S:ARAI(AU;SAFA;DCLCRPCRSDWDWO;;;WD),,,,,,,,,C:\Windows\System32\en-US\vmdynmem.dll.mui,,Security,File,,,,,,,,,,,,,,,,,,,,0x410,C:\Windows\System32\poqexec.exe,,,,,,,,,,,,,,,,,,,,,,,,,,,WORKGROUP,0x3e7,,DC01$,S-1-5-18,,,,,,,,,,,,,,,,,,,,,,,,,,,,,
2025-08-13T11:00:55.439395Z,4907,DC01,Microsoft-Windows-Security-Auditing,Security,1264,0,,,,,,,,,,,,,,,,,,,,,,,,,,,,,,,,,,,,,,,,,,,,,,,0x88,,,,,,,,,,,,,,,,,,,,,,,,,,,,,,,,,,,,S:ARAI(AU;SAFA;DCLCRPCRSDWDWO;;;WD),,,,,,,,,C:\Windows\System32\en-US\vmemulateddevices.dll.mui,,Security,File,,,,,,,,,,,,,,,,,,,,0x410,C:\Windows\System32\poqexec.exe,,,,,,,,,,,,,,,,,,,,,,,,,,,WORKGROUP,0x3e7,,DC01$,S-1-5-18,,,,,,,,,,,,,,,,,,,,,,,,,,,,,
2025-08-13T11:00:55.439744Z,4907,DC01,Microsoft-Windows-Security-Auditing,Security,1265,0,,,,,,,,,,,,,,,,,,,,,,,,,,,,,,,,,,,,,,,,,,,,,,,0x88,,,,,,,,,,,,,,,,,,,,,,,,,,,,,,,,,,,,S:ARAI(AU;SAFA;DCLCRPCRSDWDWO;;;WD),,,,,,,,,C:\Windows\System32\en-US\VmEmulatedNic.dll.mui,,Security,File,,,,,,,,,,,,,,,,,,,,0x410,C:\Windows\System32\poqexec.exe,,,,,,,,,,,,,,,,,,,,,,,,,,,WORKGROUP,0x3e7,,DC01$,S-1-5-18,,,,,,,,,,,,,,,,,,,,,,,,,,,,,
2025-08-13T11:00:55.440061Z,4907,DC01,Microsoft-Windows-Security-Auditing,Security,1266,0,,,,,,,,,,,,,,,,,,,,,,,,,,,,,,,,,,,,,,,,,,,,,,,0x88,,,,,,,,,,,,,,,,,,,,,,,,,,,,,,,,,,,,S:ARAI(AU;SAFA;DCLCRPCRSDWDWO;;;WD),,,,,,,,,C:\Windows\System32\en-US\VmEmulatedStorage.dll.mui,,Security,File,,,,,,,,,,,,,,,,,,,,0x410,C:\Windows\System32\poqexec.exe,,,,,,,,,,,,,,,,,,,,,,,,,,,WORKGROUP,0x3e7,,DC01$,S-1-5-18,,,,,,,,,,,,,,,,,,,,,,,,,,,,,
2025-08-13T11:00:55.440367Z,4907,DC01,Microsoft-Windows-Security-Auditing,Security,1267,0,,,,,,,,,,,,,,,,,,,,,,,,,,,,,,,,,,,,,,,,,,,,,,,0x88,,,,,,,,,,,,,,,,,,,,,,,,,,,,,,,,,,,,S:ARAI(AU;SAFA;DCLCRPCRSDWDWO;;;WD),,,,,,,,,C:\Windows\System32\en-US\vmiccore.dll.mui,,Security,File,,,,,,,,,,,,,,,,,,,,0x410,C:\Windows\System32\poqexec.exe,,,,,,,,,,,,,,,,,,,,,,,,,,,WORKGROUP,0x3e7,,DC01$,S-1-5-18,,,,,,,,,,,,,,,,,,,,,,,,,,,,,
2025-08-13T11:00:55.441321Z,4907,DC01,Microsoft-Windows-Security-Auditing,Security,1268,0,,,,,,,,,,,,,,,,,,,,,,,,,,,,,,,,,,,,,,,,,,,,,,,0x88,,,,,,,,,,,,,,,,,,,,,,,,,,,,,,,,,,,,S:ARAI(AU;SAFA;DCLCRPCRSDWDWO;;;WD),,,,,,,,,C:\Windows\System32\en-US\vmicrdv.dll.mui,,Security,File,,,,,,,,,,,,,,,,,,,,0x410,C:\Windows\System32\poqexec.exe,,,,,,,,,,,,,,,,,,,,,,,,,,,WORKGROUP,0x3e7,,DC01$,S-1-5-18,,,,,,,,,,,,,,,,,,,,,,,,,,,,,
2025-08-13T11:00:55.441648Z,4907,DC01,Microsoft-Windows-Security-Auditing,Security,1269,0,,,,,,,,,,,,,,,,,,,,,,,,,,,,,,,,,,,,,,,,,,,,,,,0x88,,,,,,,,,,,,,,,,,,,,,,,,,,,,,,,,,,,,S:ARAI(AU;SAFA;DCLCRPCRSDWDWO;;;WD),,,,,,,,,C:\Windows\System32\en-US\vmicvdev.dll.mui,,Security,File,,,,,,,,,,,,,,,,,,,,0x410,C:\Windows\System32\poqexec.exe,,,,,,,,,,,,,,,,,,,,,,,,,,,WORKGROUP,0x3e7,,DC01$,S-1-5-18,,,,,,,,,,,,,,,,,,,,,,,,,,,,,
2025-08-13T11:00:55.441958Z,4907,DC01,Microsoft-Windows-Security-Auditing,Security,1270,0,,,,,,,,,,,,,,,,,,,,,,,,,,,,,,,,,,,,,,,,,,,,,,,0x88,,,,,,,,,,,,,,,,,,,,,,,,,,,,,,,,,,,,S:ARAI(AU;SAFA;DCLCRPCRSDWDWO;;;WD),,,,,,,,,C:\Windows\System32\en-US\vmms.exe.mui,,Security,File,,,,,,,,,,,,,,,,,,,,0x410,C:\Windows\System32\poqexec.exe,,,,,,,,,,,,,,,,,,,,,,,,,,,WORKGROUP,0x3e7,,DC01$,S-1-5-18,,,,,,,,,,,,,,,,,,,,,,,,,,,,,
2025-08-13T11:00:55.442709Z,4907,DC01,Microsoft-Windows-Security-Auditing,Security,1271,0,,,,,,,,,,,,,,,,,,,,,,,,,,,,,,,,,,,,,,,,,,,,,,,0x88,,,,,,,,,,,,,,,,,,,,,,,,,,,,,,,,,,,,S:ARAI(AU;SAFA;DCLCRPCRSDWDWO;;;WD),,,,,,,,,C:\Windows\System32\en-US\vmplatformca.exe.mui,,Security,File,,,,,,,,,,,,,,,,,,,,0x410,C:\Windows\System32\poqexec.exe,,,,,,,,,,,,,,,,,,,,,,,,,,,WORKGROUP,0x3e7,,DC01$,S-1-5-18,,,,,,,,,,,,,,,,,,,,,,,,,,,,,
2025-08-13T11:00:55.443040Z,4907,DC01,Microsoft-Windows-Security-Auditing,Security,1272,0,,,,,,,,,,,,,,,,,,,,,,,,,,,,,,,,,,,,,,,,,,,,,,,0x88,,,,,,,,,,,,,,,,,,,,,,,,,,,,,,,,,,,,S:ARAI(AU;SAFA;DCLCRPCRSDWDWO;;;WD),,,,,,,,,C:\Windows\System32\en-US\vmpmem.dll.mui,,Security,File,,,,,,,,,,,,,,,,,,,,0x410,C:\Windows\System32\poqexec.exe,,,,,,,,,,,,,,,,,,,,,,,,,,,WORKGROUP,0x3e7,,DC01$,S-1-5-18,,,,,,,,,,,,,,,,,,,,,,,,,,,,,
2025-08-13T11:00:55.443409Z,4907,DC01,Microsoft-Windows-Security-Auditing,Security,1273,0,,,,,,,,,,,,,,,,,,,,,,,,,,,,,,,,,,,,,,,,,,,,,,,0x88,,,,,,,,,,,,,,,,,,,,,,,,,,,,,,,,,,,,S:ARAI(AU;SAFA;DCLCRPCRSDWDWO;;;WD),,,,,,,,,C:\Windows\System32\en-US\vmserial.dll.mui,,Security,File,,,,,,,,,,,,,,,,,,,,0x410,C:\Windows\System32\poqexec.exe,,,,,,,,,,,,,,,,,,,,,,,,,,,WORKGROUP,0x3e7,,DC01$,S-1-5-18,,,,,,,,,,,,,,,,,,,,,,,,,,,,,
2025-08-13T11:00:55.443859Z,4907,DC01,Microsoft-Windows-Security-Auditing,Security,1274,0,,,,,,,,,,,,,,,,,,,,,,,,,,,,,,,,,,,,,,,,,,,,,,,0x88,,,,,,,,,,,,,,,,,,,,,,,,,,,,,,,,,,,,S:ARAI(AU;SAFA;DCLCRPCRSDWDWO;;;WD),,,,,,,,,C:\Windows\System32\en-US\vmsmb.dll.mui,,Security,File,,,,,,,,,,,,,,,,,,,,0x410,C:\Windows\System32\poqexec.exe,,,,,,,,,,,,,,,,,,,,,,,,,,,WORKGROUP,0x3e7,,DC01$,S-1-5-18,,,,,,,,,,,,,,,,,,,,,,,,,,,,,
2025-08-13T11:00:55.445177Z,4907,DC01,Microsoft-Windows-Security-Auditing,Security,1275,0,,,,,,,,,,,,,,,,,,,,,,,,,,,,,,,,,,,,,,,,,,,,,,,0x8c,,,,,,,,,,,,,,,,,,,,,,,,,,,,,,,,,,,,S:ARAI(AU;SAFA;DCLCRPCRSDWDWO;;;WD),,,,,,,,,C:\Windows\System32\en-US\vmsp.exe.mui,,Security,File,,,,,,,,,,,,,,,,,,,,0x410,C:\Windows\System32\poqexec.exe,,,,,,,,,,,,,,,,,,,,,,,,,,,WORKGROUP,0x3e7,,DC01$,S-1-5-18,,,,,,,,,,,,,,,,,,,,,,,,,,,,,
2025-08-13T11:00:55.445493Z,4907,DC01,Microsoft-Windows-Security-Auditing,Security,1276,0,,,,,,,,,,,,,,,,,,,,,,,,,,,,,,,,,,,,,,,,,,,,,,,0x8c,,,,,,,,,,,,,,,,,,,,,,,,,,,,,,,,,,,,S:ARAI(AU;SAFA;DCLCRPCRSDWDWO;;;WD),,,,,,,,,C:\Windows\System32\en-US\VmSynthFcVdev.dll.mui,,Security,File,,,,,,,,,,,,,,,,,,,,0x410,C:\Windows\System32\poqexec.exe,,,,,,,,,,,,,,,,,,,,,,,,,,,WORKGROUP,0x3e7,,DC01$,S-1-5-18,,,,,,,,,,,,,,,,,,,,,,,,,,,,,
2025-08-13T11:00:55.445794Z,4907,DC01,Microsoft-Windows-Security-Auditing,Security,1277,0,,,,,,,,,,,,,,,,,,,,,,,,,,,,,,,,,,,,,,,,,,,,,,,0x8c,,,,,,,,,,,,,,,,,,,,,,,,,,,,,,,,,,,,S:ARAI(AU;SAFA;DCLCRPCRSDWDWO;;;WD),,,,,,,,,C:\Windows\System32\en-US\VmSynthNic.dll.mui,,Security,File,,,,,,,,,,,,,,,,,,,,0x410,C:\Windows\System32\poqexec.exe,,,,,,,,,,,,,,,,,,,,,,,,,,,WORKGROUP,0x3e7,,DC01$,S-1-5-18,,,,,,,,,,,,,,,,,,,,,,,,,,,,,
2025-08-13T11:00:55.446124Z,4907,DC01,Microsoft-Windows-Security-Auditing,Security,1278,0,,,,,,,,,,,,,,,,,,,,,,,,,,,,,,,,,,,,,,,,,,,,,,,0x8c,,,,,,,,,,,,,,,,,,,,,,,,,,,,,,,,,,,,S:ARAI(AU;SAFA;DCLCRPCRSDWDWO;;;WD),,,,,,,,,C:\Windows\System32\en-US\VmSynthStor.dll.mui,,Security,File,,,,,,,,,,,,,,,,,,,,0x410,C:\Windows\System32\poqexec.exe,,,,,,,,,,,,,,,,,,,,,,,,,,,WORKGROUP,0x3e7,,DC01$,S-1-5-18,,,,,,,,,,,,,,,,,,,,,,,,,,,,,
2025-08-13T11:00:55.446877Z,4907,DC01,Microsoft-Windows-Security-Auditing,Security,1279,0,,,,,,,,,,,,,,,,,,,,,,,,,,,,,,,,,,,,,,,,,,,,,,,0x8c,,,,,,,,,,,,,,,,,,,,,,,,,,,,,,,,,,,,S:ARAI(AU;SAFA;DCLCRPCRSDWDWO;;;WD),,,,,,,,,C:\Windows\System32\en-US\vmtpm.dll.mui,,Security,File,,,,,,,,,,,,,,,,,,,,0x410,C:\Windows\System32\poqexec.exe,,,,,,,,,,,,,,,,,,,,,,,,,,,WORKGROUP,0x3e7,,DC01$,S-1-5-18,,,,,,,,,,,,,,,,,,,,,,,,,,,,,
2025-08-13T11:00:55.447203Z,4907,DC01,Microsoft-Windows-Security-Auditing,Security,1280,0,,,,,,,,,,,,,,,,,,,,,,,,,,,,,,,,,,,,,,,,,,,,,,,0x8c,,,,,,,,,,,,,,,,,,,,,,,,,,,,,,,,,,,,S:ARAI(AU;SAFA;DCLCRPCRSDWDWO;;;WD),,,,,,,,,C:\Windows\System32\en-US\vmuidevices.dll.mui,,Security,File,,,,,,,,,,,,,,,,,,,,0x410,C:\Windows\System32\poqexec.exe,,,,,,,,,,,,,,,,,,,,,,,,,,,WORKGROUP,0x3e7,,DC01$,S-1-5-18,,,,,,,,,,,,,,,,,,,,,,,,,,,,,
2025-08-13T11:00:55.447530Z,4907,DC01,Microsoft-Windows-Security-Auditing,Security,1281,0,,,,,,,,,,,,,,,,,,,,,,,,,,,,,,,,,,,,,,,,,,,,,,,0x8c,,,,,,,,,,,,,,,,,,,,,,,,,,,,,,,,,,,,S:ARAI(AU;SAFA;DCLCRPCRSDWDWO;;;WD),,,,,,,,,C:\Windows\System32\en-US\vmwp.exe.mui,,Security,File,,,,,,,,,,,,,,,,,,,,0x410,C:\Windows\System32\poqexec.exe,,,,,,,,,,,,,,,,,,,,,,,,,,,WORKGROUP,0x3e7,,DC01$,S-1-5-18,,,,,,,,,,,,,,,,,,,,,,,,,,,,,
2025-08-13T11:00:55.447841Z,4907,DC01,Microsoft-Windows-Security-Auditing,Security,1282,0,,,,,,,,,,,,,,,,,,,,,,,,,,,,,,,,,,,,,,,,,,,,,,,0x8c,,,,,,,,,,,,,,,,,,,,,,,,,,,,,,,,,,,,S:ARAI(AU;SAFA;DCLCRPCRSDWDWO;;;WD),,,,,,,,,C:\Windows\System32\en-US\vmwpevents.dll.mui,,Security,File,,,,,,,,,,,,,,,,,,,,0x410,C:\Windows\System32\poqexec.exe,,,,,,,,,,,,,,,,,,,,,,,,,,,WORKGROUP,0x3e7,,DC01$,S-1-5-18,,,,,,,,,,,,,,,,,,,,,,,,,,,,,
2025-08-13T11:00:55.448207Z,4907,DC01,Microsoft-Windows-Security-Auditing,Security,1283,0,,,,,,,,,,,,,,,,,,,,,,,,,,,,,,,,,,,,,,,,,,,,,,,0x8c,,,,,,,,,,,,,,,,,,,,,,,,,,,,,,,,,,,,S:ARAI(AU;SAFA;DCLCRPCRSDWDWO;;;WD),,,,,,,,,C:\Windows\System32\en-US\WindowsHyperVCluster.V2.mfl,,Security,File,,,,,,,,,,,,,,,,,,,,0x410,C:\Windows\System32\poqexec.exe,,,,,,,,,,,,,,,,,,,,,,,,,,,WORKGROUP,0x3e7,,DC01$,S-1-5-18,,,,,,,,,,,,,,,,,,,,,,,,,,,,,
2025-08-13T11:00:55.448556Z,4907,DC01,Microsoft-Windows-Security-Auditing,Security,1284,0,,,,,,,,,,,,,,,,,,,,,,,,,,,,,,,,,,,,,,,,,,,,,,,0x8c,,,,,,,,,,,,,,,,,,,,,,,,,,,,,,,,,,,,S:ARAI(AU;SAFA;DCLCRPCRSDWDWO;;;WD),,,,,,,,,C:\Windows\System32\en-US\WindowsVirtualization.V2.mfl,,Security,File,,,,,,,,,,,,,,,,,,,,0x410,C:\Windows\System32\poqexec.exe,,,,,,,,,,,,,,,,,,,,,,,,,,,WORKGROUP,0x3e7,,DC01$,S-1-5-18,,,,,,,,,,,,,,,,,,,,,,,,,,,,,
2025-08-13T11:00:55.449125Z,4907,DC01,Microsoft-Windows-Security-Auditing,Security,1285,0,,,,,,,,,,,,,,,,,,,,,,,,,,,,,,,,,,,,,,,,,,,,,,,0x8c,,,,,,,,,,,,,,,,,,,,,,,,,,,,,,,,,,,,S:ARAI(AU;SAFA;DCLCRPCRSDWDWO;;;WD),,,,,,,,,C:\Windows\System32\migration\adwsmigrate.dll,,Security,File,,,,,,,,,,,,,,,,,,,,0x410,C:\Windows\System32\poqexec.exe,,,,,,,,,,,,,,,,,,,,,,,,,,,WORKGROUP,0x3e7,,DC01$,S-1-5-18,,,,,,,,,,,,,,,,,,,,,,,,,,,,,
2025-08-13T11:00:55.449735Z,4907,DC01,Microsoft-Windows-Security-Auditing,Security,1286,0,,,,,,,,,,,,,,,,,,,,,,,,,,,,,,,,,,,,,,,,,,,,,,,0x8c,,,,,,,,,,,,,,,,,,,,,,,,,,,,,,,,,,,,S:ARAI(AU;SAFA;DCLCRPCRSDWDWO;;;WD),,,,,,,,,C:\Windows\System32\wbem\AttestationWmiProvider.mof,,Security,File,,,,,,,,,,,,,,,,,,,,0x410,C:\Windows\System32\poqexec.exe,,,,,,,,,,,,,,,,,,,,,,,,,,,WORKGROUP,0x3e7,,DC01$,S-1-5-18,,,,,,,,,,,,,,,,,,,,,,,,,,,,,
2025-08-13T11:00:55.450461Z,4907,DC01,Microsoft-Windows-Security-Auditing,Security,1287,0,,,,,,,,,,,,,,,,,,,,,,,,,,,,,,,,,,,,,,,,,,,,,,,0x8c,,,,,,,,,,,,,,,,,,,,,,,,,,,,,,,,,,,,S:ARAI(AU;SAFA;DCLCRPCRSDWDWO;;;WD),,,,,,,,,C:\Windows\System32\wbem\AttestationWmiProvider_Uninstall.mof,,Security,File,,,,,,,,,,,,,,,,,,,,0x410,C:\Windows\System32\poqexec.exe,,,,,,,,,,,,,,,,,,,,,,,,,,,WORKGROUP,0x3e7,,DC01$,S-1-5-18,,,,,,,,,,,,,,,,,,,,,,,,,,,,,
2025-08-13T11:00:55.450795Z,4907,DC01,Microsoft-Windows-Security-Auditing,Security,1288,0,,,,,,,,,,,,,,,,,,,,,,,,,,,,,,,,,,,,,,,,,,,,,,,0x8c,,,,,,,,,,,,,,,,,,,,,,,,,,,,,,,,,,,,S:ARAI(AU;SAFA;DCLCRPCRSDWDWO;;;WD),,,,,,,,,C:\Windows\System32\wbem\dfsncimprov.mof,,Security,File,,,,,,,,,,,,,,,,,,,,0x410,C:\Windows\System32\poqexec.exe,,,,,,,,,,,,,,,,,,,,,,,,,,,WORKGROUP,0x3e7,,DC01$,S-1-5-18,,,,,,,,,,,,,,,,,,,,,,,,,,,,,
2025-08-13T11:00:55.451520Z,4907,DC01,Microsoft-Windows-Security-Auditing,Security,1289,0,,,,,,,,,,,,,,,,,,,,,,,,,,,,,,,,,,,,,,,,,,,,,,,0x8c,,,,,,,,,,,,,,,,,,,,,,,,,,,,,,,,,,,,S:ARAI(AU;SAFA;DCLCRPCRSDWDWO;;;WD),,,,,,,,,C:\Windows\System32\wbem\dfsncimprov_Uninstall.mof,,Security,File,,,,,,,,,,,,,,,,,,,,0x410,C:\Windows\System32\poqexec.exe,,,,,,,,,,,,,,,,,,,,,,,,,,,WORKGROUP,0x3e7,,DC01$,S-1-5-18,,,,,,,,,,,,,,,,,,,,,,,,,,,,,
2025-08-13T11:00:55.451877Z,4907,DC01,Microsoft-Windows-Security-Auditing,Security,1290,0,,,,,,,,,,,,,,,,,,,,,,,,,,,,,,,,,,,,,,,,,,,,,,,0x8c,,,,,,,,,,,,,,,,,,,,,,,,,,,,,,,,,,,,S:ARAI(AU;SAFA;DCLCRPCRSDWDWO;;;WD),,,,,,,,,C:\Windows\System32\wbem\dfsrprovs.mof,,Security,File,,,,,,,,,,,,,,,,,,,,0x410,C:\Windows\System32\poqexec.exe,,,,,,,,,,,,,,,,,,,,,,,,,,,WORKGROUP,0x3e7,,DC01$,S-1-5-18,,,,,,,,,,,,,,,,,,,,,,,,,,,,,
2025-08-13T11:00:55.452299Z,4907,DC01,Microsoft-Windows-Security-Auditing,Security,1291,0,,,,,,,,,,,,,,,,,,,,,,,,,,,,,,,,,,,,,,,,,,,,,,,0x8c,,,,,,,,,,,,,,,,,,,,,,,,,,,,,,,,,,,,S:ARAI(AU;SAFA;DCLCRPCRSDWDWO;;;WD),,,,,,,,,C:\Windows\System32\wbem\dfsrwmiv2.dll,,Security,File,,,,,,,,,,,,,,,,,,,,0x410,C:\Windows\System32\poqexec.exe,,,,,,,,,,,,,,,,,,,,,,,,,,,WORKGROUP,0x3e7,,DC01$,S-1-5-18,,,,,,,,,,,,,,,,,,,,,,,,,,,,,
2025-08-13T11:00:55.452629Z,4907,DC01,Microsoft-Windows-Security-Auditing,Security,1292,0,,,,,,,,,,,,,,,,,,,,,,,,,,,,,,,,,,,,,,,,,,,,,,,0x8c,,,,,,,,,,,,,,,,,,,,,,,,,,,,,,,,,,,,S:ARAI(AU;SAFA;DCLCRPCRSDWDWO;;;WD),,,,,,,,,C:\Windows\System32\wbem\dfsrwmiv2.mof,,Security,File,,,,,,,,,,,,,,,,,,,,0x410,C:\Windows\System32\poqexec.exe,,,,,,,,,,,,,,,,,,,,,,,,,,,WORKGROUP,0x3e7,,DC01$,S-1-5-18,,,,,,,,,,,,,,,,,,,,,,,,,,,,,
2025-08-13T11:00:55.453296Z,4907,DC01,Microsoft-Windows-Security-Auditing,Security,1293,0,,,,,,,,,,,,,,,,,,,,,,,,,,,,,,,,,,,,,,,,,,,,,,,0x8c,,,,,,,,,,,,,,,,,,,,,,,,,,,,,,,,,,,,S:ARAI(AU;SAFA;DCLCRPCRSDWDWO;;;WD),,,,,,,,,C:\Windows\System32\wbem\dfsrwmiv2_uninstall.mof,,Security,File,,,,,,,,,,,,,,,,,,,,0x410,C:\Windows\System32\poqexec.exe,,,,,,,,,,,,,,,,,,,,,,,,,,,WORKGROUP,0x3e7,,DC01$,S-1-5-18,,,,,,,,,,,,,,,,,,,,,,,,,,,,,
2025-08-13T11:00:55.453659Z,4907,DC01,Microsoft-Windows-Security-Auditing,Security,1294,0,,,,,,,,,,,,,,,,,,,,,,,,,,,,,,,,,,,,,,,,,,,,,,,0x8c,,,,,,,,,,,,,,,,,,,,,,,,,,,,,,,,,,,,S:ARAI(AU;SAFA;DCLCRPCRSDWDWO;;;WD),,,,,,,,,C:\Windows\System32\wbem\HgsClientWmi.mof,,Security,File,,,,,,,,,,,,,,,,,,,,0x410,C:\Windows\System32\poqexec.exe,,,,,,,,,,,,,,,,,,,,,,,,,,,WORKGROUP,0x3e7,,DC01$,S-1-5-18,,,,,,,,,,,,,,,,,,,,,,,,,,,,,
2025-08-13T11:00:55.454306Z,4907,DC01,Microsoft-Windows-Security-Auditing,Security,1295,0,,,,,,,,,,,,,,,,,,,,,,,,,,,,,,,,,,,,,,,,,,,,,,,0x8c,,,,,,,,,,,,,,,,,,,,,,,,,,,,,,,,,,,,S:ARAI(AU;SAFA;DCLCRPCRSDWDWO;;;WD),,,,,,,,,C:\Windows\System32\wbem\HgsClientWmi_Uninstall.mof,,Security,File,,,,,,,,,,,,,,,,,,,,0x410,C:\Windows\System32\poqexec.exe,,,,,,,,,,,,,,,,,,,,,,,,,,,WORKGROUP,0x3e7,,DC01$,S-1-5-18,,,,,,,,,,,,,,,,,,,,,,,,,,,,,
2025-08-13T11:00:55.454647Z,4907,DC01,Microsoft-Windows-Security-Auditing,Security,1296,0,,,,,,,,,,,,,,,,,,,,,,,,,,,,,,,,,,,,,,,,,,,,,,,0x8c,,,,,,,,,,,,,,,,,,,,,,,,,,,,,,,,,,,,S:ARAI(AU;SAFA;DCLCRPCRSDWDWO;;;WD),,,,,,,,,C:\Windows\System32\wbem\kdcsvc.mof,,Security,File,,,,,,,,,,,,,,,,,,,,0x410,C:\Windows\System32\poqexec.exe,,,,,,,,,,,,,,,,,,,,,,,,,,,WORKGROUP,0x3e7,,DC01$,S-1-5-18,,,,,,,,,,,,,,,,,,,,,,,,,,,,,
2025-08-13T11:00:55.455005Z,4907,DC01,Microsoft-Windows-Security-Auditing,Security,1297,0,,,,,,,,,,,,,,,,,,,,,,,,,,,,,,,,,,,,,,,,,,,,,,,0x8c,,,,,,,,,,,,,,,,,,,,,,,,,,,,,,,,,,,,S:ARAI(AU;SAFA;DCLCRPCRSDWDWO;;;WD),,,,,,,,,C:\Windows\System32\wbem\NetWNV.dll,,Security,File,,,,,,,,,,,,,,,,,,,,0x410,C:\Windows\System32\poqexec.exe,,,,,,,,,,,,,,,,,,,,,,,,,,,WORKGROUP,0x3e7,,DC01$,S-1-5-18,,,,,,,,,,,,,,,,,,,,,,,,,,,,,
2025-08-13T11:00:55.455367Z,4907,DC01,Microsoft-Windows-Security-Auditing,Security,1298,0,,,,,,,,,,,,,,,,,,,,,,,,,,,,,,,,,,,,,,,,,,,,,,,0x8c,,,,,,,,,,,,,,,,,,,,,,,,,,,,,,,,,,,,S:ARAI(AU;SAFA;DCLCRPCRSDWDWO;;;WD),,,,,,,,,C:\Windows\System32\wbem\NetWNV.mof,,Security,File,,,,,,,,,,,,,,,,,,,,0x410,C:\Windows\System32\poqexec.exe,,,,,,,,,,,,,,,,,,,,,,,,,,,WORKGROUP,0x3e7,,DC01$,S-1-5-18,,,,,,,,,,,,,,,,,,,,,,,,,,,,,
2025-08-13T11:00:55.455704Z,4907,DC01,Microsoft-Windows-Security-Auditing,Security,1299,0,,,,,,,,,,,,,,,,,,,,,,,,,,,,,,,,,,,,,,,,,,,,,,,0x8c,,,,,,,,,,,,,,,,,,,,,,,,,,,,,,,,,,,,S:ARAI(AU;SAFA;DCLCRPCRSDWDWO;;;WD),,,,,,,,,C:\Windows\System32\wbem\ntdsa.mof,,Security,File,,,,,,,,,,,,,,,,,,,,0x410,C:\Windows\System32\poqexec.exe,,,,,,,,,,,,,,,,,,,,,,,,,,,WORKGROUP,0x3e7,,DC01$,S-1-5-18,,,,,,,,,,,,,,,,,,,,,,,,,,,,,
2025-08-13T11:00:55.456325Z,4907,DC01,Microsoft-Windows-Security-Auditing,Security,1300,0,,,,,,,,,,,,,,,,,,,,,,,,,,,,,,,,,,,,,,,,,,,,,,,0x8c,,,,,,,,,,,,,,,,,,,,,,,,,,,,,,,,,,,,S:ARAI(AU;SAFA;DCLCRPCRSDWDWO;;;WD),,,,,,,,,C:\Windows\System32\wbem\rdp4vs.mof,,Security,File,,,,,,,,,,,,,,,,,,,,0x410,C:\Windows\System32\poqexec.exe,,,,,,,,,,,,,,,,,,,,,,,,,,,WORKGROUP,0x3e7,,DC01$,S-1-5-18,,,,,,,,,,,,,,,,,,,,,,,,,,,,,
2025-08-13T11:00:55.456768Z,4907,DC01,Microsoft-Windows-Security-Auditing,Security,1301,0,,,,,,,,,,,,,,,,,,,,,,,,,,,,,,,,,,,,,,,,,,,,,,,0x8c,,,,,,,,,,,,,,,,,,,,,,,,,,,,,,,,,,,,S:ARAI(AU;SAFA;DCLCRPCRSDWDWO;;;WD),,,,,,,,,C:\Windows\System32\wbem\adstatus\trustmon.dll,,Security,File,,,,,,,,,,,,,,,,,,,,0x410,C:\Windows\System32\poqexec.exe,,,,,,,,,,,,,,,,,,,,,,,,,,,WORKGROUP,0x3e7,,DC01$,S-1-5-18,,,,,,,,,,,,,,,,,,,,,,,,,,,,,
2025-08-13T11:00:55.458423Z,4907,DC01,Microsoft-Windows-Security-Auditing,Security,1302,0,,,,,,,,,,,,,,,,,,,,,,,,,,,,,,,,,,,,,,,,,,,,,,,0x8c,,,,,,,,,,,,,,,,,,,,,,,,,,,,,,,,,,,,S:ARAI(AU;SAFA;DCLCRPCRSDWDWO;;;WD),,,,,,,,,C:\Windows\System32\wbem\adstatus\en-US\trustmon.dll.mui,,Security,File,,,,,,,,,,,,,,,,,,,,0x410,C:\Windows\System32\poqexec.exe,,,,,,,,,,,,,,,,,,,,,,,,,,,WORKGROUP,0x3e7,,DC01$,S-1-5-18,,,,,,,,,,,,,,,,,,,,,,,,,,,,,
2025-08-13T11:00:55.459039Z,4907,DC01,Microsoft-Windows-Security-Auditing,Security,1303,0,,,,,,,,,,,,,,,,,,,,,,,,,,,,,,,,,,,,,,,,,,,,,,,0x8c,,,,,,,,,,,,,,,,,,,,,,,,,,,,,,,,,,,,S:ARAI(AU;SAFA;DCLCRPCRSDWDWO;;;WD),,,,,,,,,C:\Windows\System32\wbem\adstatus\en-US\trustmon.mfl,,Security,File,,,,,,,,,,,,,,,,,,,,0x410,C:\Windows\System32\poqexec.exe,,,,,,,,,,,,,,,,,,,,,,,,,,,WORKGROUP,0x3e7,,DC01$,S-1-5-18,,,,,,,,,,,,,,,,,,,,,,,,,,,,,
2025-08-13T11:00:55.459543Z,4907,DC01,Microsoft-Windows-Security-Auditing,Security,1304,0,,,,,,,,,,,,,,,,,,,,,,,,,,,,,,,,,,,,,,,,,,,,,,,0x8c,,,,,,,,,,,,,,,,,,,,,,,,,,,,,,,,,,,,S:ARAI(AU;SAFA;DCLCRPCRSDWDWO;;;WD),,,,,,,,,C:\Windows\System32\wbem\en-US\AttestationWmiProvider.mfl,,Security,File,,,,,,,,,,,,,,,,,,,,0x410,C:\Windows\System32\poqexec.exe,,,,,,,,,,,,,,,,,,,,,,,,,,,WORKGROUP,0x3e7,,DC01$,S-1-5-18,,,,,,,,,,,,,,,,,,,,,,,,,,,,,
2025-08-13T11:00:55.460101Z,4907,DC01,Microsoft-Windows-Security-Auditing,Security,1305,0,,,,,,,,,,,,,,,,,,,,,,,,,,,,,,,,,,,,,,,,,,,,,,,0x8c,,,,,,,,,,,,,,,,,,,,,,,,,,,,,,,,,,,,S:ARAI(AU;SAFA;DCLCRPCRSDWDWO;;;WD),,,,,,,,,C:\Windows\System32\wbem\en-US\AttestationWmiProvider_Uninstall.mfl,,Security,File,,,,,,,,,,,,,,,,,,,,0x410,C:\Windows\System32\poqexec.exe,,,,,,,,,,,,,,,,,,,,,,,,,,,WORKGROUP,0x3e7,,DC01$,S-1-5-18,,,,,,,,,,,,,,,,,,,,,,,,,,,,,
2025-08-13T11:00:55.460437Z,4907,DC01,Microsoft-Windows-Security-Auditing,Security,1306,0,,,,,,,,,,,,,,,,,,,,,,,,,,,,,,,,,,,,,,,,,,,,,,,0x8c,,,,,,,,,,,,,,,,,,,,,,,,,,,,,,,,,,,,S:ARAI(AU;SAFA;DCLCRPCRSDWDWO;;;WD),,,,,,,,,C:\Windows\System32\wbem\en-US\dfsncimprov.mfl,,Security,File,,,,,,,,,,,,,,,,,,,,0x410,C:\Windows\System32\poqexec.exe,,,,,,,,,,,,,,,,,,,,,,,,,,,WORKGROUP,0x3e7,,DC01$,S-1-5-18,,,,,,,,,,,,,,,,,,,,,,,,,,,,,
2025-08-13T11:00:55.461118Z,4907,DC01,Microsoft-Windows-Security-Auditing,Security,1307,0,,,,,,,,,,,,,,,,,,,,,,,,,,,,,,,,,,,,,,,,,,,,,,,0x8c,,,,,,,,,,,,,,,,,,,,,,,,,,,,,,,,,,,,S:ARAI(AU;SAFA;DCLCRPCRSDWDWO;;;WD),,,,,,,,,C:\Windows\System32\wbem\en-US\dfsncimprov_Uninstall.mfl,,Security,File,,,,,,,,,,,,,,,,,,,,0x410,C:\Windows\System32\poqexec.exe,,,,,,,,,,,,,,,,,,,,,,,,,,,WORKGROUP,0x3e7,,DC01$,S-1-5-18,,,,,,,,,,,,,,,,,,,,,,,,,,,,,
2025-08-13T11:00:55.461450Z,4907,DC01,Microsoft-Windows-Security-Auditing,Security,1308,0,,,,,,,,,,,,,,,,,,,,,,,,,,,,,,,,,,,,,,,,,,,,,,,0x8c,,,,,,,,,,,,,,,,,,,,,,,,,,,,,,,,,,,,S:ARAI(AU;SAFA;DCLCRPCRSDWDWO;;;WD),,,,,,,,,C:\Windows\System32\wbem\en-US\dfsrprovs.mfl,,Security,File,,,,,,,,,,,,,,,,,,,,0x410,C:\Windows\System32\poqexec.exe,,,,,,,,,,,,,,,,,,,,,,,,,,,WORKGROUP,0x3e7,,DC01$,S-1-5-18,,,,,,,,,,,,,,,,,,,,,,,,,,,,,
2025-08-13T11:00:55.461788Z,4907,DC01,Microsoft-Windows-Security-Auditing,Security,1309,0,,,,,,,,,,,,,,,,,,,,,,,,,,,,,,,,,,,,,,,,,,,,,,,0x8c,,,,,,,,,,,,,,,,,,,,,,,,,,,,,,,,,,,,S:ARAI(AU;SAFA;DCLCRPCRSDWDWO;;;WD),,,,,,,,,C:\Windows\System32\wbem\en-US\dfsrwmiv2.dll.mui,,Security,File,,,,,,,,,,,,,,,,,,,,0x410,C:\Windows\System32\poqexec.exe,,,,,,,,,,,,,,,,,,,,,,,,,,,WORKGROUP,0x3e7,,DC01$,S-1-5-18,,,,,,,,,,,,,,,,,,,,,,,,,,,,,
2025-08-13T11:00:55.462104Z,4907,DC01,Microsoft-Windows-Security-Auditing,Security,1310,0,,,,,,,,,,,,,,,,,,,,,,,,,,,,,,,,,,,,,,,,,,,,,,,0x8c,,,,,,,,,,,,,,,,,,,,,,,,,,,,,,,,,,,,S:ARAI(AU;SAFA;DCLCRPCRSDWDWO;;;WD),,,,,,,,,C:\Windows\System32\wbem\en-US\dfsrwmiv2.mfl,,Security,File,,,,,,,,,,,,,,,,,,,,0x410,C:\Windows\System32\poqexec.exe,,,,,,,,,,,,,,,,,,,,,,,,,,,WORKGROUP,0x3e7,,DC01$,S-1-5-18,,,,,,,,,,,,,,,,,,,,,,,,,,,,,
2025-08-13T11:00:55.462742Z,4907,DC01,Microsoft-Windows-Security-Auditing,Security,1311,0,,,,,,,,,,,,,,,,,,,,,,,,,,,,,,,,,,,,,,,,,,,,,,,0x8c,,,,,,,,,,,,,,,,,,,,,,,,,,,,,,,,,,,,S:ARAI(AU;SAFA;DCLCRPCRSDWDWO;;;WD),,,,,,,,,C:\Windows\System32\wbem\en-US\dfsrwmiv2_uninstall.mfl,,Security,File,,,,,,,,,,,,,,,,,,,,0x410,C:\Windows\System32\poqexec.exe,,,,,,,,,,,,,,,,,,,,,,,,,,,WORKGROUP,0x3e7,,DC01$,S-1-5-18,,,,,,,,,,,,,,,,,,,,,,,,,,,,,
2025-08-13T11:00:55.463093Z,4907,DC01,Microsoft-Windows-Security-Auditing,Security,1312,0,,,,,,,,,,,,,,,,,,,,,,,,,,,,,,,,,,,,,,,,,,,,,,,0x8c,,,,,,,,,,,,,,,,,,,,,,,,,,,,,,,,,,,,S:ARAI(AU;SAFA;DCLCRPCRSDWDWO;;;WD),,,,,,,,,C:\Windows\System32\wbem\en-US\HgsClientWmi.mfl,,Security,File,,,,,,,,,,,,,,,,,,,,0x410,C:\Windows\System32\poqexec.exe,,,,,,,,,,,,,,,,,,,,,,,,,,,WORKGROUP,0x3e7,,DC01$,S-1-5-18,,,,,,,,,,,,,,,,,,,,,,,,,,,,,
2025-08-13T11:00:55.463662Z,4907,DC01,Microsoft-Windows-Security-Auditing,Security,1313,0,,,,,,,,,,,,,,,,,,,,,,,,,,,,,,,,,,,,,,,,,,,,,,,0x8c,,,,,,,,,,,,,,,,,,,,,,,,,,,,,,,,,,,,S:ARAI(AU;SAFA;DCLCRPCRSDWDWO;;;WD),,,,,,,,,C:\Windows\System32\wbem\en-US\HgsClientWmi_Uninstall.mfl,,Security,File,,,,,,,,,,,,,,,,,,,,0x410,C:\Windows\System32\poqexec.exe,,,,,,,,,,,,,,,,,,,,,,,,,,,WORKGROUP,0x3e7,,DC01$,S-1-5-18,,,,,,,,,,,,,,,,,,,,,,,,,,,,,
2025-08-13T11:00:55.464435Z,4907,DC01,Microsoft-Windows-Security-Auditing,Security,1314,0,,,,,,,,,,,,,,,,,,,,,,,,,,,,,,,,,,,,,,,,,,,,,,,0x8c,,,,,,,,,,,,,,,,,,,,,,,,,,,,,,,,,,,,S:ARAI(AU;SAFA;DCLCRPCRSDWDWO;;;WD),,,,,,,,,C:\Windows\System32\wbem\en-US\netwnv.mfl,,Security,File,,,,,,,,,,,,,,,,,,,,0x410,C:\Windows\System32\poqexec.exe,,,,,,,,,,,,,,,,,,,,,,,,,,,WORKGROUP,0x3e7,,DC01$,S-1-5-18,,,,,,,,,,,,,,,,,,,,,,,,,,,,,
2025-08-13T11:00:55.465265Z,4907,DC01,Microsoft-Windows-Security-Auditing,Security,1315,0,,,,,,,,,,,,,,,,,,,,,,,,,,,,,,,,,,,,,,,,,,,,,,,0x8c,,,,,,,,,,,,,,,,,,,,,,,,,,,,,,,,,,,,S:ARAI(AU;SAFA;DCLCRPCRSDWDWO;;;WD),,,,,,,,,C:\Windows\System32\wbem\en-US\rdp4vs.mfl,,Security,File,,,,,,,,,,,,,,,,,,,,0x410,C:\Windows\System32\poqexec.exe,,,,,,,,,,,,,,,,,,,,,,,,,,,WORKGROUP,0x3e7,,DC01$,S-1-5-18,,,,,,,,,,,,,,,,,,,,,,,,,,,,,
2025-08-13T11:00:55.465908Z,4907,DC01,Microsoft-Windows-Security-Auditing,Security,1316,0,,,,,,,,,,,,,,,,,,,,,,,,,,,,,,,,,,,,,,,,,,,,,,,0x8c,,,,,,,,,,,,,,,,,,,,,,,,,,,,,,,,,,,,S:ARAI(AU;SAFA;DCLCRPCRSDWDWO;;;WD),,,,,,,,,C:\Windows\System32\wbem\en-US\replprov.mfl,,Security,File,,,,,,,,,,,,,,,,,,,,0x410,C:\Windows\System32\poqexec.exe,,,,,,,,,,,,,,,,,,,,,,,,,,,WORKGROUP,0x3e7,,DC01$,S-1-5-18,,,,,,,,,,,,,,,,,,,,,,,,,,,,,
2025-08-13T11:00:55.466384Z,4907,DC01,Microsoft-Windows-Security-Auditing,Security,1317,0,,,,,,,,,,,,,,,,,,,,,,,,,,,,,,,,,,,,,,,,,,,,,,,0x8c,,,,,,,,,,,,,,,,,,,,,,,,,,,,,,,,,,,,S:ARAI(AU;SAFA;DCLCRPCRSDWDWO;;;WD),,,,,,,,,C:\Windows\System32\WindowsPowerShell\v1.0\Modules\ActiveDirectory\ActiveDirectory.Format.ps1xml,,Security,File,,,,,,,,,,,,,,,,,,,,0x410,C:\Windows\System32\poqexec.exe,,,,,,,,,,,,,,,,,,,,,,,,,,,WORKGROUP,0x3e7,,DC01$,S-1-5-18,,,,,,,,,,,,,,,,,,,,,,,,,,,,,
2025-08-13T11:00:55.466739Z,4907,DC01,Microsoft-Windows-Security-Auditing,Security,1318,0,,,,,,,,,,,,,,,,,,,,,,,,,,,,,,,,,,,,,,,,,,,,,,,0x8c,,,,,,,,,,,,,,,,,,,,,,,,,,,,,,,,,,,,S:ARAI(AU;SAFA;DCLCRPCRSDWDWO;;;WD),,,,,,,,,C:\Windows\System32\WindowsPowerShell\v1.0\Modules\ActiveDirectory\ActiveDirectory.psd1,,Security,File,,,,,,,,,,,,,,,,,,,,0x410,C:\Windows\System32\poqexec.exe,,,,,,,,,,,,,,,,,,,,,,,,,,,WORKGROUP,0x3e7,,DC01$,S-1-5-18,,,,,,,,,,,,,,,,,,,,,,,,,,,,,
2025-08-13T11:00:55.467194Z,4907,DC01,Microsoft-Windows-Security-Auditing,Security,1319,0,,,,,,,,,,,,,,,,,,,,,,,,,,,,,,,,,,,,,,,,,,,,,,,0x8c,,,,,,,,,,,,,,,,,,,,,,,,,,,,,,,,,,,,S:ARAI(AU;SAFA;DCLCRPCRSDWDWO;;;WD),,,,,,,,,C:\Windows\System32\WindowsPowerShell\v1.0\Modules\ActiveDirectory\ActiveDirectory.Types.ps1xml,,Security,File,,,,,,,,,,,,,,,,,,,,0x410,C:\Windows\System32\poqexec.exe,,,,,,,,,,,,,,,,,,,,,,,,,,,WORKGROUP,0x3e7,,DC01$,S-1-5-18,,,,,,,,,,,,,,,,,,,,,,,,,,,,,
2025-08-13T11:00:55.467546Z,4907,DC01,Microsoft-Windows-Security-Auditing,Security,1320,0,,,,,,,,,,,,,,,,,,,,,,,,,,,,,,,,,,,,,,,,,,,,,,,0x8c,,,,,,,,,,,,,,,,,,,,,,,,,,,,,,,,,,,,S:ARAI(AU;SAFA;DCLCRPCRSDWDWO;;;WD),,,,,,,,,C:\Windows\System32\WindowsPowerShell\v1.0\Modules\ActiveDirectory\ActiveDirectoryPowerShellResources.dll,,Security,File,,,,,,,,,,,,,,,,,,,,0x410,C:\Windows\System32\poqexec.exe,,,,,,,,,,,,,,,,,,,,,,,,,,,WORKGROUP,0x3e7,,DC01$,S-1-5-18,,,,,,,,,,,,,,,,,,,,,,,,,,,,,
2025-08-13T11:00:55.468615Z,4907,DC01,Microsoft-Windows-Security-Auditing,Security,1321,0,,,,,,,,,,,,,,,,,,,,,,,,,,,,,,,,,,,,,,,,,,,,,,,0x8c,,,,,,,,,,,,,,,,,,,,,,,,,,,,,,,,,,,,S:ARAI(AU;SAFA;DCLCRPCRSDWDWO;;;WD),,,,,,,,,C:\Windows\System32\WindowsPowerShell\v1.0\Modules\ActiveDirectory\en-US\ActiveDirectoryPowerShellResources.dll.mui,,Security,File,,,,,,,,,,,,,,,,,,,,0x410,C:\Windows\System32\poqexec.exe,,,,,,,,,,,,,,,,,,,,,,,,,,,WORKGROUP,0x3e7,,DC01$,S-1-5-18,,,,,,,,,,,,,,,,,,,,,,,,,,,,,
2025-08-13T11:00:55.469406Z,4907,DC01,Microsoft-Windows-Security-Auditing,Security,1322,0,,,,,,,,,,,,,,,,,,,,,,,,,,,,,,,,,,,,,,,,,,,,,,,0x8c,,,,,,,,,,,,,,,,,,,,,,,,,,,,,,,,,,,,S:ARAI(AU;SAFA;DCLCRPCRSDWDWO;;;WD),,,,,,,,,C:\Windows\System32\WindowsPowerShell\v1.0\Modules\ADDSDeployment\ADDSDeployment.psd1,,Security,File,,,,,,,,,,,,,,,,,,,,0x410,C:\Windows\System32\poqexec.exe,,,,,,,,,,,,,,,,,,,,,,,,,,,WORKGROUP,0x3e7,,DC01$,S-1-5-18,,,,,,,,,,,,,,,,,,,,,,,,,,,,,
2025-08-13T11:00:55.470402Z,4907,DC01,Microsoft-Windows-Security-Auditing,Security,1323,0,,,,,,,,,,,,,,,,,,,,,,,,,,,,,,,,,,,,,,,,,,,,,,,0x8c,,,,,,,,,,,,,,,,,,,,,,,,,,,,,,,,,,,,S:ARAI(AU;SAFA;DCLCRPCRSDWDWO;;;WD),,,,,,,,,C:\Windows\System32\WindowsPowerShell\v1.0\Modules\DFSN\dfsn.psd1,,Security,File,,,,,,,,,,,,,,,,,,,,0x410,C:\Windows\System32\poqexec.exe,,,,,,,,,,,,,,,,,,,,,,,,,,,WORKGROUP,0x3e7,,DC01$,S-1-5-18,,,,,,,,,,,,,,,,,,,,,,,,,,,,,
2025-08-13T11:00:55.470933Z,4907,DC01,Microsoft-Windows-Security-Auditing,Security,1324,0,,,,,,,,,,,,,,,,,,,,,,,,,,,,,,,,,,,,,,,,,,,,,,,0x8c,,,,,,,,,,,,,,,,,,,,,,,,,,,,,,,,,,,,S:ARAI(AU;SAFA;DCLCRPCRSDWDWO;;;WD),,,,,,,,,C:\Windows\System32\WindowsPowerShell\v1.0\Modules\DFSN\MSFT_DFSNamespace\DfsNamespace.cdxml,,Security,File,,,,,,,,,,,,,,,,,,,,0x410,C:\Windows\System32\poqexec.exe,,,,,,,,,,,,,,,,,,,,,,,,,,,WORKGROUP,0x3e7,,DC01$,S-1-5-18,,,,,,,,,,,,,,,,,,,,,,,,,,,,,
2025-08-13T11:00:55.471543Z,4907,DC01,Microsoft-Windows-Security-Auditing,Security,1325,0,,,,,,,,,,,,,,,,,,,,,,,,,,,,,,,,,,,,,,,,,,,,,,,0x8c,,,,,,,,,,,,,,,,,,,,,,,,,,,,,,,,,,,,S:ARAI(AU;SAFA;DCLCRPCRSDWDWO;;;WD),,,,,,,,,C:\Windows\System32\WindowsPowerShell\v1.0\Modules\DFSN\MSFT_DFSNamespace\DfsNamespace.format.ps1xml,,Security,File,,,,,,,,,,,,,,,,,,,,0x410,C:\Windows\System32\poqexec.exe,,,,,,,,,,,,,,,,,,,,,,,,,,,WORKGROUP,0x3e7,,DC01$,S-1-5-18,,,,,,,,,,,,,,,,,,,,,,,,,,,,,
2025-08-13T11:00:55.472218Z,4907,DC01,Microsoft-Windows-Security-Auditing,Security,1326,0,,,,,,,,,,,,,,,,,,,,,,,,,,,,,,,,,,,,,,,,,,,,,,,0x8c,,,,,,,,,,,,,,,,,,,,,,,,,,,,,,,,,,,,S:ARAI(AU;SAFA;DCLCRPCRSDWDWO;;;WD),,,,,,,,,C:\Windows\System32\WindowsPowerShell\v1.0\Modules\DFSN\MSFT_DFSNamespace\DfsNamespace.types.ps1xml,,Security,File,,,,,,,,,,,,,,,,,,,,0x410,C:\Windows\System32\poqexec.exe,,,,,,,,,,,,,,,,,,,,,,,,,,,WORKGROUP,0x3e7,,DC01$,S-1-5-18,,,,,,,,,,,,,,,,,,,,,,,,,,,,,
2025-08-13T11:00:55.472834Z,4907,DC01,Microsoft-Windows-Security-Auditing,Security,1327,0,,,,,,,,,,,,,,,,,,,,,,,,,,,,,,,,,,,,,,,,,,,,,,,0x8c,,,,,,,,,,,,,,,,,,,,,,,,,,,,,,,,,,,,S:ARAI(AU;SAFA;DCLCRPCRSDWDWO;;;WD),,,,,,,,,C:\Windows\System32\WindowsPowerShell\v1.0\Modules\DFSN\MSFT_DFSNamespaceAccess\DfsNamespaceAccess.cdxml,,Security,File,,,,,,,,,,,,,,,,,,,,0x410,C:\Windows\System32\poqexec.exe,,,,,,,,,,,,,,,,,,,,,,,,,,,WORKGROUP,0x3e7,,DC01$,S-1-5-18,,,,,,,,,,,,,,,,,,,,,,,,,,,,,
2025-08-13T11:00:55.473613Z,4907,DC01,Microsoft-Windows-Security-Auditing,Security,1328,0,,,,,,,,,,,,,,,,,,,,,,,,,,,,,,,,,,,,,,,,,,,,,,,0x8c,,,,,,,,,,,,,,,,,,,,,,,,,,,,,,,,,,,,S:ARAI(AU;SAFA;DCLCRPCRSDWDWO;;;WD),,,,,,,,,C:\Windows\System32\WindowsPowerShell\v1.0\Modules\DFSN\MSFT_DFSNamespaceAccess\DfsNamespaceAccess.format.ps1xml,,Security,File,,,,,,,,,,,,,,,,,,,,0x410,C:\Windows\System32\poqexec.exe,,,,,,,,,,,,,,,,,,,,,,,,,,,WORKGROUP,0x3e7,,DC01$,S-1-5-18,,,,,,,,,,,,,,,,,,,,,,,,,,,,,
2025-08-13T11:00:55.474327Z,4907,DC01,Microsoft-Windows-Security-Auditing,Security,1329,0,,,,,,,,,,,,,,,,,,,,,,,,,,,,,,,,,,,,,,,,,,,,,,,0x8c,,,,,,,,,,,,,,,,,,,,,,,,,,,,,,,,,,,,S:ARAI(AU;SAFA;DCLCRPCRSDWDWO;;;WD),,,,,,,,,C:\Windows\System32\WindowsPowerShell\v1.0\Modules\DFSN\MSFT_DFSNamespaceAccess\DfsNamespaceAccess.types.ps1xml,,Security,File,,,,,,,,,,,,,,,,,,,,0x410,C:\Windows\System32\poqexec.exe,,,,,,,,,,,,,,,,,,,,,,,,,,,WORKGROUP,0x3e7,,DC01$,S-1-5-18,,,,,,,,,,,,,,,,,,,,,,,,,,,,,
2025-08-13T11:00:55.474997Z,4907,DC01,Microsoft-Windows-Security-Auditing,Security,1330,0,,,,,,,,,,,,,,,,,,,,,,,,,,,,,,,,,,,,,,,,,,,,,,,0x8c,,,,,,,,,,,,,,,,,,,,,,,,,,,,,,,,,,,,S:ARAI(AU;SAFA;DCLCRPCRSDWDWO;;;WD),,,,,,,,,C:\Windows\System32\WindowsPowerShell\v1.0\Modules\DFSN\MSFT_DFSNamespaceFolder\DfsNamespaceFolder.cdxml,,Security,File,,,,,,,,,,,,,,,,,,,,0x410,C:\Windows\System32\poqexec.exe,,,,,,,,,,,,,,,,,,,,,,,,,,,WORKGROUP,0x3e7,,DC01$,S-1-5-18,,,,,,,,,,,,,,,,,,,,,,,,,,,,,
2025-08-13T11:00:55.475944Z,4907,DC01,Microsoft-Windows-Security-Auditing,Security,1331,0,,,,,,,,,,,,,,,,,,,,,,,,,,,,,,,,,,,,,,,,,,,,,,,0x88,,,,,,,,,,,,,,,,,,,,,,,,,,,,,,,,,,,,S:ARAI(AU;SAFA;DCLCRPCRSDWDWO;;;WD),,,,,,,,,C:\Windows\System32\WindowsPowerShell\v1.0\Modules\DFSN\MSFT_DFSNamespaceFolder\DfsNamespaceFolder.format.ps1xml,,Security,File,,,,,,,,,,,,,,,,,,,,0x410,C:\Windows\System32\poqexec.exe,,,,,,,,,,,,,,,,,,,,,,,,,,,WORKGROUP,0x3e7,,DC01$,S-1-5-18,,,,,,,,,,,,,,,,,,,,,,,,,,,,,
2025-08-13T11:00:55.476650Z,4907,DC01,Microsoft-Windows-Security-Auditing,Security,1332,0,,,,,,,,,,,,,,,,,,,,,,,,,,,,,,,,,,,,,,,,,,,,,,,0x98,,,,,,,,,,,,,,,,,,,,,,,,,,,,,,,,,,,,S:ARAI(AU;SAFA;DCLCRPCRSDWDWO;;;WD),,,,,,,,,C:\Windows\System32\WindowsPowerShell\v1.0\Modules\DFSN\MSFT_DFSNamespaceFolder\DfsNamespaceFolder.types.ps1xml,,Security,File,,,,,,,,,,,,,,,,,,,,0x410,C:\Windows\System32\poqexec.exe,,,,,,,,,,,,,,,,,,,,,,,,,,,WORKGROUP,0x3e7,,DC01$,S-1-5-18,,,,,,,,,,,,,,,,,,,,,,,,,,,,,
2025-08-13T11:00:55.477186Z,4907,DC01,Microsoft-Windows-Security-Auditing,Security,1333,0,,,,,,,,,,,,,,,,,,,,,,,,,,,,,,,,,,,,,,,,,,,,,,,0x98,,,,,,,,,,,,,,,,,,,,,,,,,,,,,,,,,,,,S:ARAI(AU;SAFA;DCLCRPCRSDWDWO;;;WD),,,,,,,,,C:\Windows\System32\WindowsPowerShell\v1.0\Modules\DFSN\MSFT_DFSNamespaceFolderTarget\DfsNamespaceFolderTarget.cdxml,,Security,File,,,,,,,,,,,,,,,,,,,,0x410,C:\Windows\System32\poqexec.exe,,,,,,,,,,,,,,,,,,,,,,,,,,,WORKGROUP,0x3e7,,DC01$,S-1-5-18,,,,,,,,,,,,,,,,,,,,,,,,,,,,,
2025-08-13T11:00:55.477822Z,4907,DC01,Microsoft-Windows-Security-Auditing,Security,1334,0,,,,,,,,,,,,,,,,,,,,,,,,,,,,,,,,,,,,,,,,,,,,,,,0x98,,,,,,,,,,,,,,,,,,,,,,,,,,,,,,,,,,,,S:ARAI(AU;SAFA;DCLCRPCRSDWDWO;;;WD),,,,,,,,,C:\Windows\System32\WindowsPowerShell\v1.0\Modules\DFSN\MSFT_DFSNamespaceFolderTarget\DfsNamespaceFolderTarget.format.ps1xml,,Security,File,,,,,,,,,,,,,,,,,,,,0x410,C:\Windows\System32\poqexec.exe,,,,,,,,,,,,,,,,,,,,,,,,,,,WORKGROUP,0x3e7,,DC01$,S-1-5-18,,,,,,,,,,,,,,,,,,,,,,,,,,,,,
2025-08-13T11:00:55.478541Z,4907,DC01,Microsoft-Windows-Security-Auditing,Security,1335,0,,,,,,,,,,,,,,,,,,,,,,,,,,,,,,,,,,,,,,,,,,,,,,,0x98,,,,,,,,,,,,,,,,,,,,,,,,,,,,,,,,,,,,S:ARAI(AU;SAFA;DCLCRPCRSDWDWO;;;WD),,,,,,,,,C:\Windows\System32\WindowsPowerShell\v1.0\Modules\DFSN\MSFT_DFSNamespaceFolderTarget\DfsNamespaceFolderTarget.types.ps1xml,,Security,File,,,,,,,,,,,,,,,,,,,,0x410,C:\Windows\System32\poqexec.exe,,,,,,,,,,,,,,,,,,,,,,,,,,,WORKGROUP,0x3e7,,DC01$,S-1-5-18,,,,,,,,,,,,,,,,,,,,,,,,,,,,,
2025-08-13T11:00:55.479052Z,4907,DC01,Microsoft-Windows-Security-Auditing,Security,1336,0,,,,,,,,,,,,,,,,,,,,,,,,,,,,,,,,,,,,,,,,,,,,,,,0x98,,,,,,,,,,,,,,,,,,,,,,,,,,,,,,,,,,,,S:ARAI(AU;SAFA;DCLCRPCRSDWDWO;;;WD),,,,,,,,,C:\Windows\System32\WindowsPowerShell\v1.0\Modules\DFSN\MSFT_DFSNamespaceRootTarget\DfsNamespaceRootTarget.cdxml,,Security,File,,,,,,,,,,,,,,,,,,,,0x410,C:\Windows\System32\poqexec.exe,,,,,,,,,,,,,,,,,,,,,,,,,,,WORKGROUP,0x3e7,,DC01$,S-1-5-18,,,,,,,,,,,,,,,,,,,,,,,,,,,,,
2025-08-13T11:00:55.479682Z,4907,DC01,Microsoft-Windows-Security-Auditing,Security,1337,0,,,,,,,,,,,,,,,,,,,,,,,,,,,,,,,,,,,,,,,,,,,,,,,0x98,,,,,,,,,,,,,,,,,,,,,,,,,,,,,,,,,,,,S:ARAI(AU;SAFA;DCLCRPCRSDWDWO;;;WD),,,,,,,,,C:\Windows\System32\WindowsPowerShell\v1.0\Modules\DFSN\MSFT_DFSNamespaceRootTarget\DfsNamespaceRootTarget.format.ps1xml,,Security,File,,,,,,,,,,,,,,,,,,,,0x410,C:\Windows\System32\poqexec.exe,,,,,,,,,,,,,,,,,,,,,,,,,,,WORKGROUP,0x3e7,,DC01$,S-1-5-18,,,,,,,,,,,,,,,,,,,,,,,,,,,,,
2025-08-13T11:00:55.480404Z,4907,DC01,Microsoft-Windows-Security-Auditing,Security,1338,0,,,,,,,,,,,,,,,,,,,,,,,,,,,,,,,,,,,,,,,,,,,,,,,0x98,,,,,,,,,,,,,,,,,,,,,,,,,,,,,,,,,,,,S:ARAI(AU;SAFA;DCLCRPCRSDWDWO;;;WD),,,,,,,,,C:\Windows\System32\WindowsPowerShell\v1.0\Modules\DFSN\MSFT_DFSNamespaceRootTarget\DfsNamespaceRootTarget.types.ps1xml,,Security,File,,,,,,,,,,,,,,,,,,,,0x410,C:\Windows\System32\poqexec.exe,,,,,,,,,,,,,,,,,,,,,,,,,,,WORKGROUP,0x3e7,,DC01$,S-1-5-18,,,,,,,,,,,,,,,,,,,,,,,,,,,,,
2025-08-13T11:00:55.480942Z,4907,DC01,Microsoft-Windows-Security-Auditing,Security,1339,0,,,,,,,,,,,,,,,,,,,,,,,,,,,,,,,,,,,,,,,,,,,,,,,0x98,,,,,,,,,,,,,,,,,,,,,,,,,,,,,,,,,,,,S:ARAI(AU;SAFA;DCLCRPCRSDWDWO;;;WD),,,,,,,,,C:\Windows\System32\WindowsPowerShell\v1.0\Modules\DFSN\MSFT_DFSNamespaceServerConfig\DfsNamespaceserverconfig.cdxml,,Security,File,,,,,,,,,,,,,,,,,,,,0x410,C:\Windows\System32\poqexec.exe,,,,,,,,,,,,,,,,,,,,,,,,,,,WORKGROUP,0x3e7,,DC01$,S-1-5-18,,,,,,,,,,,,,,,,,,,,,,,,,,,,,
2025-08-13T11:00:55.481740Z,4907,DC01,Microsoft-Windows-Security-Auditing,Security,1340,0,,,,,,,,,,,,,,,,,,,,,,,,,,,,,,,,,,,,,,,,,,,,,,,0x98,,,,,,,,,,,,,,,,,,,,,,,,,,,,,,,,,,,,S:ARAI(AU;SAFA;DCLCRPCRSDWDWO;;;WD),,,,,,,,,C:\Windows\System32\WindowsPowerShell\v1.0\Modules\DFSN\MSFT_DFSNamespaceServerConfig\DfsNamespaceServerConfig.format.ps1xml,,Security,File,,,,,,,,,,,,,,,,,,,,0x410,C:\Windows\System32\poqexec.exe,,,,,,,,,,,,,,,,,,,,,,,,,,,WORKGROUP,0x3e7,,DC01$,S-1-5-18,,,,,,,,,,,,,,,,,,,,,,,,,,,,,
2025-08-13T11:00:55.482549Z,4907,DC01,Microsoft-Windows-Security-Auditing,Security,1341,0,,,,,,,,,,,,,,,,,,,,,,,,,,,,,,,,,,,,,,,,,,,,,,,0x98,,,,,,,,,,,,,,,,,,,,,,,,,,,,,,,,,,,,S:ARAI(AU;SAFA;DCLCRPCRSDWDWO;;;WD),,,,,,,,,C:\Windows\System32\WindowsPowerShell\v1.0\Modules\DFSN\MSFT_DFSNamespaceServerConfig\DfsNamespaceserverconfig.types.ps1xml,,Security,File,,,,,,,,,,,,,,,,,,,,0x410,C:\Windows\System32\poqexec.exe,,,,,,,,,,,,,,,,,,,,,,,,,,,WORKGROUP,0x3e7,,DC01$,S-1-5-18,,,,,,,,,,,,,,,,,,,,,,,,,,,,,
2025-08-13T11:00:55.483015Z,4907,DC01,Microsoft-Windows-Security-Auditing,Security,1342,0,,,,,,,,,,,,,,,,,,,,,,,,,,,,,,,,,,,,,,,,,,,,,,,0x98,,,,,,,,,,,,,,,,,,,,,,,,,,,,,,,,,,,,S:ARAI(AU;SAFA;DCLCRPCRSDWDWO;;;WD),,,,,,,,,C:\Windows\System32\WindowsPowerShell\v1.0\Modules\GroupPolicy\GroupPolicy.format.ps1xml,,Security,File,,,,,,,,,,,,,,,,,,,,0x410,C:\Windows\System32\poqexec.exe,,,,,,,,,,,,,,,,,,,,,,,,,,,WORKGROUP,0x3e7,,DC01$,S-1-5-18,,,,,,,,,,,,,,,,,,,,,,,,,,,,,
2025-08-13T11:00:55.483659Z,4907,DC01,Microsoft-Windows-Security-Auditing,Security,1343,0,,,,,,,,,,,,,,,,,,,,,,,,,,,,,,,,,,,,,,,,,,,,,,,0x98,,,,,,,,,,,,,,,,,,,,,,,,,,,,,,,,,,,,S:ARAI(AU;SAFA;DCLCRPCRSDWDWO;;;WD),,,,,,,,,C:\Windows\System32\WindowsPowerShell\v1.0\Modules\GroupPolicy\GroupPolicy.psd1,,Security,File,,,,,,,,,,,,,,,,,,,,0x410,C:\Windows\System32\poqexec.exe,,,,,,,,,,,,,,,,,,,,,,,,,,,WORKGROUP,0x3e7,,DC01$,S-1-5-18,,,,,,,,,,,,,,,,,,,,,,,,,,,,,
2025-08-13T11:00:55.484270Z,4907,DC01,Microsoft-Windows-Security-Auditing,Security,1344,0,,,,,,,,,,,,,,,,,,,,,,,,,,,,,,,,,,,,,,,,,,,,,,,0x98,,,,,,,,,,,,,,,,,,,,,,,,,,,,,,,,,,,,S:ARAI(AU;SAFA;DCLCRPCRSDWDWO;;;WD),,,,,,,,,C:\Windows\System32\WindowsPowerShell\v1.0\Modules\HgsClient\HgsClient.format.ps1xml,,Security,File,,,,,,,,,,,,,,,,,,,,0x410,C:\Windows\System32\poqexec.exe,,,,,,,,,,,,,,,,,,,,,,,,,,,WORKGROUP,0x3e7,,DC01$,S-1-5-18,,,,,,,,,,,,,,,,,,,,,,,,,,,,,
2025-08-13T11:00:55.485181Z,4907,DC01,Microsoft-Windows-Security-Auditing,Security,1345,0,,,,,,,,,,,,,,,,,,,,,,,,,,,,,,,,,,,,,,,,,,,,,,,0x98,,,,,,,,,,,,,,,,,,,,,,,,,,,,,,,,,,,,S:ARAI(AU;SAFA;DCLCRPCRSDWDWO;;;WD),,,,,,,,,C:\Windows\System32\WindowsPowerShell\v1.0\Modules\HgsClient\HgsClient.psd1,,Security,File,,,,,,,,,,,,,,,,,,,,0x410,C:\Windows\System32\poqexec.exe,,,,,,,,,,,,,,,,,,,,,,,,,,,WORKGROUP,0x3e7,,DC01$,S-1-5-18,,,,,,,,,,,,,,,,,,,,,,,,,,,,,
2025-08-13T11:00:55.485573Z,4907,DC01,Microsoft-Windows-Security-Auditing,Security,1346,0,,,,,,,,,,,,,,,,,,,,,,,,,,,,,,,,,,,,,,,,,,,,,,,0x98,,,,,,,,,,,,,,,,,,,,,,,,,,,,,,,,,,,,S:ARAI(AU;SAFA;DCLCRPCRSDWDWO;;;WD),,,,,,,,,C:\Windows\System32\WindowsPowerShell\v1.0\Modules\HgsClient\HgsClient.psm1,,Security,File,,,,,,,,,,,,,,,,,,,,0x410,C:\Windows\System32\poqexec.exe,,,,,,,,,,,,,,,,,,,,,,,,,,,WORKGROUP,0x3e7,,DC01$,S-1-5-18,,,,,,,,,,,,,,,,,,,,,,,,,,,,,
2025-08-13T11:00:55.486313Z,4907,DC01,Microsoft-Windows-Security-Auditing,Security,1347,0,,,,,,,,,,,,,,,,,,,,,,,,,,,,,,,,,,,,,,,,,,,,,,,0x98,,,,,,,,,,,,,,,,,,,,,,,,,,,,,,,,,,,,S:ARAI(AU;SAFA;DCLCRPCRSDWDWO;;;WD),,,,,,,,,C:\Windows\System32\WindowsPowerShell\v1.0\Modules\HgsClient\HgsClient.types.ps1xml,,Security,File,,,,,,,,,,,,,,,,,,,,0x410,C:\Windows\System32\poqexec.exe,,,,,,,,,,,,,,,,,,,,,,,,,,,WORKGROUP,0x3e7,,DC01$,S-1-5-18,,,,,,,,,,,,,,,,,,,,,,,,,,,,,
