2025-08-13T11:05:26.254644Z,4735,DC01.garfield.htb,Microsoft-Windows-Security-Auditing,Security,1985,0,,,,,,,,,,,,,,,,,,,,,,,,,,,,,,,,,,,,,,,,,,,,,,,,,,,,,,,,,,,,,,,,,,,,,,,,,,,,,,,,,,,,,,,,,,,,,,,,,,,,,,,,,,,,,,,,,-,,,,,,,,,,,,,,,-,,,,,,,-,,,,,,,,NT AUTHORITY,0x3e6,,ANONYMOUS LOGON,S-1-5-7,Builtin,,,,,,,,,,,S-1-5-32-560,Windows Authorization Access Group,,,,,,,,,,,,,,,,
2025-08-13T11:05:26.255288Z,4731,DC01.garfield.htb,Microsoft-Windows-Security-Auditing,Security,1986,0,,,,,,,,,,,,,,,,,,,,,,,,,,,,,,,,,,,,,,,,,,,,,,,,,,,,,,,,,,,,,,,,,,,,,,,,,,,,,,,,,,,,,,,,,,,,,,,,,,,,,,,,,,,,,,,,,-,,,,,,,,,,,,,,,Terminal Server License Servers,,,,,,,-,,,,,,,,NT AUTHORITY,0x3e6,,ANONYMOUS LOGON,S-1-5-7,Builtin,,,,,,,,,,,S-1-5-32-561,Terminal Server License Servers,,,,,,,,,,,,,,,,
2025-08-13T11:05:26.255713Z,4735,DC01.garfield.htb,Microsoft-Windows-Security-Auditing,Security,1987,0,,,,,,,,,,,,,,,,,,,,,,,,,,,,,,,,,,,,,,,,,,,,,,,,,,,,,,,,,,,,,,,,,,,,,,,,,,,,,,,,,,,,,,,,,,,,,,,,,,,,,,,,,,,,,,,,,-,,,,,,,,,,,,,,,-,,,,,,,-,,,,,,,,NT AUTHORITY,0x3e6,,ANONYMOUS LOGON,S-1-5-7,Builtin,,,,,,,,,,,S-1-5-32-561,Terminal Server License Servers,,,,,,,,,,,,,,,,
2025-08-13T11:05:26.255957Z,4732,DC01.garfield.htb,Microsoft-Windows-Security-Auditing,Security,1988,0,,,,,,,,,,,,,,,,,,,,,,,,,,,,,,,,,,,,,,,,,,,,,,,,,,,,,,,,,,,,,,,,,,,,,,,,,,,-,S-1-5-21-2502726253-3859040611-225969357-512,,,,,,,,,,,,,,,,,,,,,,,,,,,,,,,,,,,,,-,,,,,,,,,,,,,,,,,,,,,,,,,,,,,,NT AUTHORITY,0x3e6,,ANONYMOUS LOGON,S-1-5-7,Builtin,,,,,,,,,,,S-1-5-32-544,Administrators,,,,,,,,,,,,,,,,
2025-08-13T11:05:26.256288Z,4735,DC01.garfield.htb,Microsoft-Windows-Security-Auditing,Security,1989,0,,,,,,,,,,,,,,,,,,,,,,,,,,,,,,,,,,,,,,,,,,,,,,,,,,,,,,,,,,,,,,,,,,,,,,,,,,,,,,,,,,,,,,,,,,,,,,,,,,,,,,,,,,,,,,,,,-,,,,,,,,,,,,,,,-,,,,,,,-,,,,,,,,NT AUTHORITY,0x3e6,,ANONYMOUS LOGON,S-1-5-7,Builtin,,,,,,,,,,,S-1-5-32-544,Administrators,,,,,,,,,,,,,,,,
2025-08-13T11:05:26.256484Z,4732,DC01.garfield.htb,Microsoft-Windows-Security-Auditing,Security,1990,0,,,,,,,,,,,,,,,,,,,,,,,,,,,,,,,,,,,,,,,,,,,,,,,,,,,,,,,,,,,,,,,,,,,,,,,,,,,-,S-1-5-21-2502726253-3859040611-225969357-513,,,,,,,,,,,,,,,,,,,,,,,,,,,,,,,,,,,,,-,,,,,,,,,,,,,,,,,,,,,,,,,,,,,,NT AUTHORITY,0x3e6,,ANONYMOUS LOGON,S-1-5-7,Builtin,,,,,,,,,,,S-1-5-32-545,Users,,,,,,,,,,,,,,,,
2025-08-13T11:05:26.256810Z,4735,DC01.garfield.htb,Microsoft-Windows-Security-Auditing,Security,1991,0,,,,,,,,,,,,,,,,,,,,,,,,,,,,,,,,,,,,,,,,,,,,,,,,,,,,,,,,,,,,,,,,,,,,,,,,,,,,,,,,,,,,,,,,,,,,,,,,,,,,,,,,,,,,,,,,,-,,,,,,,,,,,,,,,-,,,,,,,-,,,,,,,,NT AUTHORITY,0x3e6,,ANONYMOUS LOGON,S-1-5-7,Builtin,,,,,,,,,,,S-1-5-32-545,Users,,,,,,,,,,,,,,,,
2025-08-13T11:05:26.257008Z,4732,DC01.garfield.htb,Microsoft-Windows-Security-Auditing,Security,1992,0,,,,,,,,,,,,,,,,,,,,,,,,,,,,,,,,,,,,,,,,,,,,,,,,,,,,,,,,,,,,,,,,,,,,,,,,,,,-,S-1-5-21-2502726253-3859040611-225969357-514,,,,,,,,,,,,,,,,,,,,,,,,,,,,,,,,,,,,,-,,,,,,,,,,,,,,,,,,,,,,,,,,,,,,NT AUTHORITY,0x3e6,,ANONYMOUS LOGON,S-1-5-7,Builtin,,,,,,,,,,,S-1-5-32-546,Guests,,,,,,,,,,,,,,,,
2025-08-13T11:05:26.257308Z,4735,DC01.garfield.htb,Microsoft-Windows-Security-Auditing,Security,1993,0,,,,,,,,,,,,,,,,,,,,,,,,,,,,,,,,,,,,,,,,,,,,,,,,,,,,,,,,,,,,,,,,,,,,,,,,,,,,,,,,,,,,,,,,,,,,,,,,,,,,,,,,,,,,,,,,,-,,,,,,,,,,,,,,,-,,,,,,,-,,,,,,,,NT AUTHORITY,0x3e6,,ANONYMOUS LOGON,S-1-5-7,Builtin,,,,,,,,,,,S-1-5-32-546,Guests,,,,,,,,,,,,,,,,
2025-08-13T11:05:26.257553Z,4728,DC01.garfield.htb,Microsoft-Windows-Security-Auditing,Security,1994,0,,,,,,,,,,,,,,,,,,,,,,,,,,,,,,,,,,,,,,,,,,,,,,,,,,,,,,,,,,,,,,,,,,,,,,,,,,,"CN=Administrator,CN=Users,DC=garfield,DC=htb",S-1-5-21-2502726253-3859040611-225969357-500,,,,,,,,,,,,,,,,,,,,,,,,,,,,,,,,,,,,,-,,,,,,,,,,,,,,,,,,,,,,,,,,,,,,NT AUTHORITY,0x3e6,,ANONYMOUS LOGON,S-1-5-7,GARFIELD,,,,,,,,,,,S-1-5-21-2502726253-3859040611-225969357-512,Domain Admins,,,,,,,,,,,,,,,,
2025-08-13T11:05:26.257846Z,4737,DC01.garfield.htb,Microsoft-Windows-Security-Auditing,Security,1995,0,,,,,,,,,,,,,,,,,,,,,,,,,,,,,,,,,,,,,,,,,,,,,,,,,,,,,,,,,,,,,,,,,,,,,,,,,,,,,,,,,,,,,,,,,,,,,,,,,,,,,,,,,,,,,,,,,-,,,,,,,,,,,,,,,-,,,,,,,-,,,,,,,,NT AUTHORITY,0x3e6,,ANONYMOUS LOGON,S-1-5-7,GARFIELD,,,,,,,,,,,S-1-5-21-2502726253-3859040611-225969357-512,Domain Admins,,,,,,,,,,,,,,,,
2025-08-13T11:05:26.258158Z,4756,DC01.garfield.htb,Microsoft-Windows-Security-Auditing,Security,1996,0,,,,,,,,,,,,,,,,,,,,,,,,,,,,,,,,,,,,,,,,,,,,,,,,,,,,,,,,,,,,,,,,,,,,,,,,,,,"CN=Administrator,CN=Users,DC=garfield,DC=htb",S-1-5-21-2502726253-3859040611-225969357-500,,,,,,,,,,,,,,,,,,,,,,,,,,,,,,,,,,,,,-,,,,,,,,,,,,,,,,,,,,,,,,,,,,,,NT AUTHORITY,0x3e6,,ANONYMOUS LOGON,S-1-5-7,GARFIELD,,,,,,,,,,,S-1-5-21-2502726253-3859040611-225969357-518,Schema Admins,,,,,,,,,,,,,,,,
2025-08-13T11:05:26.258470Z,4755,DC01.garfield.htb,Microsoft-Windows-Security-Auditing,Security,1997,0,,,,,,,,,,,,,,,,,,,,,,,,,,,,,,,,,,,,,,,,,,,,,,,,,,,,,,,,,,,,,,,,,,,,,,,,,,,,,,,,,,,,,,,,,,,,,,,,,,,,,,,,,,,,,,,,,-,,,,,,,,,,,,,,,-,,,,,,,-,,,,,,,,NT AUTHORITY,0x3e6,,ANONYMOUS LOGON,S-1-5-7,GARFIELD,,,,,,,,,,,S-1-5-21-2502726253-3859040611-225969357-518,Schema Admins,,,,,,,,,,,,,,,,
2025-08-13T11:05:26.258778Z,4756,DC01.garfield.htb,Microsoft-Windows-Security-Auditing,Security,1998,0,,,,,,,,,,,,,,,,,,,,,,,,,,,,,,,,,,,,,,,,,,,,,,,,,,,,,,,,,,,,,,,,,,,,,,,,,,,"CN=Administrator,CN=Users,DC=garfield,DC=htb",S-1-5-21-2502726253-3859040611-225969357-500,,,,,,,,,,,,,,,,,,,,,,,,,,,,,,,,,,,,,-,,,,,,,,,,,,,,,,,,,,,,,,,,,,,,NT AUTHORITY,0x3e6,,ANONYMOUS LOGON,S-1-5-7,GARFIELD,,,,,,,,,,,S-1-5-21-2502726253-3859040611-225969357-519,Enterprise Admins,,,,,,,,,,,,,,,,
2025-08-13T11:05:26.259090Z,4755,DC01.garfield.htb,Microsoft-Windows-Security-Auditing,Security,1999,0,,,,,,,,,,,,,,,,,,,,,,,,,,,,,,,,,,,,,,,,,,,,,,,,,,,,,,,,,,,,,,,,,,,,,,,,,,,,,,,,,,,,,,,,,,,,,,,,,,,,,,,,,,,,,,,,,-,,,,,,,,,,,,,,,-,,,,,,,-,,,,,,,,NT AUTHORITY,0x3e6,,ANONYMOUS LOGON,S-1-5-7,GARFIELD,,,,,,,,,,,S-1-5-21-2502726253-3859040611-225969357-519,Enterprise Admins,,,,,,,,,,,,,,,,
2025-08-13T11:05:26.259331Z,4728,DC01.garfield.htb,Microsoft-Windows-Security-Auditing,Security,2000,0,,,,,,,,,,,,,,,,,,,,,,,,,,,,,,,,,,,,,,,,,,,,,,,,,,,,,,,,,,,,,,,,,,,,,,,,,,,"CN=Administrator,CN=Users,DC=garfield,DC=htb",S-1-5-21-2502726253-3859040611-225969357-500,,,,,,,,,,,,,,,,,,,,,,,,,,,,,,,,,,,,,-,,,,,,,,,,,,,,,,,,,,,,,,,,,,,,NT AUTHORITY,0x3e6,,ANONYMOUS LOGON,S-1-5-7,GARFIELD,,,,,,,,,,,S-1-5-21-2502726253-3859040611-225969357-520,Group Policy Creator Owners,,,,,,,,,,,,,,,,
2025-08-13T11:05:26.259703Z,4737,DC01.garfield.htb,Microsoft-Windows-Security-Auditing,Security,2001,0,,,,,,,,,,,,,,,,,,,,,,,,,,,,,,,,,,,,,,,,,,,,,,,,,,,,,,,,,,,,,,,,,,,,,,,,,,,,,,,,,,,,,,,,,,,,,,,,,,,,,,,,,,,,,,,,,-,,,,,,,,,,,,,,,-,,,,,,,-,,,,,,,,NT AUTHORITY,0x3e6,,ANONYMOUS LOGON,S-1-5-7,GARFIELD,,,,,,,,,,,S-1-5-21-2502726253-3859040611-225969357-520,Group Policy Creator Owners,,,,,,,,,,,,,,,,
2025-08-13T11:05:26.260034Z,4732,DC01.garfield.htb,Microsoft-Windows-Security-Auditing,Security,2002,0,,,,,,,,,,,,,,,,,,,,,,,,,,,,,,,,,,,,,,,,,,,,,,,,,,,,,,,,,,,,,,,,,,,,,,,,,,,-,S-1-5-11,,,,,,,,,,,,,,,,,,,,,,,,,,,,,,,,,,,,,-,,,,,,,,,,,,,,,,,,,,,,,,,,,,,,NT AUTHORITY,0x3e6,,ANONYMOUS LOGON,S-1-5-7,Builtin,,,,,,,,,,,S-1-5-32-554,Pre-Windows 2000 Compatible Access,,,,,,,,,,,,,,,,
2025-08-13T11:05:26.260358Z,4735,DC01.garfield.htb,Microsoft-Windows-Security-Auditing,Security,2003,0,,,,,,,,,,,,,,,,,,,,,,,,,,,,,,,,,,,,,,,,,,,,,,,,,,,,,,,,,,,,,,,,,,,,,,,,,,,,,,,,,,,,,,,,,,,,,,,,,,,,,,,,,,,,,,,,,-,,,,,,,,,,,,,,,-,,,,,,,-,,,,,,,,NT AUTHORITY,0x3e6,,ANONYMOUS LOGON,S-1-5-7,Builtin,,,,,,,,,,,S-1-5-32-554,Pre-Windows 2000 Compatible Access,,,,,,,,,,,,,,,,
2025-08-13T11:05:26.261003Z,4732,DC01.garfield.htb,Microsoft-Windows-Security-Auditing,Security,2004,0,,,,,,,,,,,,,,,,,,,,,,,,,,,,,,,,,,,,,,,,,,,,,,,,,,,,,,,,,,,,,,,,,,,,,,,,,,,-,S-1-5-9,,,,,,,,,,,,,,,,,,,,,,,,,,,,,,,,,,,,,-,,,,,,,,,,,,,,,,,,,,,,,,,,,,,,NT AUTHORITY,0x3e6,,ANONYMOUS LOGON,S-1-5-7,Builtin,,,,,,,,,,,S-1-5-32-560,Windows Authorization Access Group,,,,,,,,,,,,,,,,
2025-08-13T11:05:26.261342Z,4735,DC01.garfield.htb,Microsoft-Windows-Security-Auditing,Security,2005,0,,,,,,,,,,,,,,,,,,,,,,,,,,,,,,,,,,,,,,,,,,,,,,,,,,,,,,,,,,,,,,,,,,,,,,,,,,,,,,,,,,,,,,,,,,,,,,,,,,,,,,,,,,,,,,,,,-,,,,,,,,,,,,,,,-,,,,,,,-,,,,,,,,NT AUTHORITY,0x3e6,,ANONYMOUS LOGON,S-1-5-7,Builtin,,,,,,,,,,,S-1-5-32-560,Windows Authorization Access Group,,,,,,,,,,,,,,,,
2025-08-13T11:05:26.262630Z,4735,DC01.garfield.htb,Microsoft-Windows-Security-Auditing,Security,2006,0,,,,,,,,,,,,,,,,,,,,,,,,,,,,,,,,,,,,,,,,,,,,,,,,,,,,,,,,,,,,,,,,,,,,,,,,,,,,,,,,,,,,,,,,,,,,,,,,,,,,,,,,,,,,,,,,,-,,,,,,,,,,,,,,,-,,,,,,,-,,,,,,,,NT AUTHORITY,0x3e6,,ANONYMOUS LOGON,S-1-5-7,Builtin,,,,,,,,,,,S-1-5-32-544,Administrators,,,,,,,,,,,,,,,,
2025-08-13T11:05:26.263192Z,4742,DC01.garfield.htb,Microsoft-Windows-Security-Auditing,Security,2007,0,,,,,-,,,,,-,,,,,,,,,,,,,,,,,-,,,,,,,-,-,,,,,,,,,,,,,-,-,,,,,,,,,,,,,,,,,,,,-,,,,,,,,,,,,,,,,,-,,,,,,,,,,,,,-,,,,,,,,,-,,,,-,-,,,,-,,,,,,,,,,,-,,,-,,-,,-,,,,,,,,NT AUTHORITY,0x3e6,,ANONYMOUS LOGON,S-1-5-7,GARFIELD,,,,,,,,,,,S-1-5-21-2502726253-3859040611-225969357-1000,DC01$,,,,,,,,-,-,-,-,,,,,
2025-08-13T11:05:26.270935Z,4728,DC01.garfield.htb,Microsoft-Windows-Security-Auditing,Security,2008,0,,,,,,,,,,,,,,,,,,,,,,,,,,,,,,,,,,,,,,,,,,,,,,,,,,,,,,,,,,,,,,,,,,,,,,,,,,,-,S-1-5-21-2835952569-3239385682-237683590-504,,,,,,,,,,,,,,,,,,,,,,,,,,,,,,,,,,,,,-,,,,,,,,,,,,,,,,,,,,,,,,,,,,,,NT AUTHORITY,0x3e6,,ANONYMOUS LOGON,S-1-5-7,DC01,,,,,,,,,,,S-1-5-21-2835952569-3239385682-237683590-513,None,,,,,,,,,,,,,,,,
2025-08-13T11:05:26.271295Z,4720,DC01.garfield.htb,Microsoft-Windows-Security-Auditing,Security,2009,0,,,,,%%1794,,,,,-,,,,,,,,,,,,,,,,,,,,,,,,%%1793,,,,,,,,,,,,,,%%1793,%%1793,,,,,,,,,,,,,,,,,,,,%%1797,,,,,,,,,,,,,,,,,0x15,,,,,,,,,,,,,0x0,,,,,,,,,%%1794,,,,513,-,,,,%%1793,,,,,,,,,,,WDAGUtilityAccount,,,%%1793,,,,-,,,,,,,,NT AUTHORITY,0x3e6,,ANONYMOUS LOGON,S-1-5-7,DC01,,,,,,,,,,,S-1-5-21-2835952569-3239385682-237683590-504,WDAGUtilityAccount,,,,,,,,"
		%%2080
		%%2082
		%%2084",%%1793,-,%%1793,,,,,
2025-08-13T11:05:26.271360Z,4738,DC01.garfield.htb,Microsoft-Windows-Security-Auditing,Security,2010,0,,,,,-,,,,,-,,,,,,,,,,,,,,,,,,,,,,,,-,,,,,,-,,,,,,,,-,-,,,,,,,,,,,,,,,,,,,,-,,,,,,,,,,,,,,,,,0x11,,,,,,,,,,,,,0x15,,,,,,,,,-,,,,-,-,,,,-,,,,,,,,,,,-,,,-,,,,-,,,,,,,,GARFIELD,0x3e7,,DC01$,S-1-5-18,DC01,,,,,,,,,,,S-1-5-21-2835952569-3239385682-237683590-504,WDAGUtilityAccount,,,,,,,,"
		%%2050",-,-,-,,,,,
2025-08-13T11:05:26.272981Z,4731,DC01.garfield.htb,Microsoft-Windows-Security-Auditing,Security,2011,0,,,,,,,,,,,,,,,,,,,,,,,,,,,,,,,,,,,,,,,,,,,,,,,,,,,,,,,,,,,,,,,,,,,,,,,,,,,,,,,,,,,,,,,,,,,,,,,,,,,,,,,,,,,,,,,,,-,,,,,,,,,,,,,,,Allowed RODC Password Replication Group,,,,,,,-,,,,,,,,NT AUTHORITY,0x3e6,,ANONYMOUS LOGON,S-1-5-7,GARFIELD,,,,,,,,,,,S-1-5-21-2502726253-3859040611-225969357-571,Allowed RODC Password Replication Group,,,,,,,,,,,,,,,,
2025-08-13T11:05:26.273437Z,4735,DC01.garfield.htb,Microsoft-Windows-Security-Auditing,Security,2012,0,,,,,,,,,,,,,,,,,,,,,,,,,,,,,,,,,,,,,,,,,,,,,,,,,,,,,,,,,,,,,,,,,,,,,,,,,,,,,,,,,,,,,,,,,,,,,,,,,,,,,,,,,,,,,,,,,-,,,,,,,,,,,,,,,-,,,,,,,-,,,,,,,,NT AUTHORITY,0x3e6,,ANONYMOUS LOGON,S-1-5-7,GARFIELD,,,,,,,,,,,S-1-5-21-2502726253-3859040611-225969357-571,Allowed RODC Password Replication Group,,,,,,,,,,,,,,,,
2025-08-13T11:05:26.274177Z,4731,DC01.garfield.htb,Microsoft-Windows-Security-Auditing,Security,2013,0,,,,,,,,,,,,,,,,,,,,,,,,,,,,,,,,,,,,,,,,,,,,,,,,,,,,,,,,,,,,,,,,,,,,,,,,,,,,,,,,,,,,,,,,,,,,,,,,,,,,,,,,,,,,,,,,,-,,,,,,,,,,,,,,,Denied RODC Password Replication Group,,,,,,,-,,,,,,,,NT AUTHORITY,0x3e6,,ANONYMOUS LOGON,S-1-5-7,GARFIELD,,,,,,,,,,,S-1-5-21-2502726253-3859040611-225969357-572,Denied RODC Password Replication Group,,,,,,,,,,,,,,,,
2025-08-13T11:05:26.274609Z,4735,DC01.garfield.htb,Microsoft-Windows-Security-Auditing,Security,2014,0,,,,,,,,,,,,,,,,,,,,,,,,,,,,,,,,,,,,,,,,,,,,,,,,,,,,,,,,,,,,,,,,,,,,,,,,,,,,,,,,,,,,,,,,,,,,,,,,,,,,,,,,,,,,,,,,,-,,,,,,,,,,,,,,,-,,,,,,,-,,,,,,,,NT AUTHORITY,0x3e6,,ANONYMOUS LOGON,S-1-5-7,GARFIELD,,,,,,,,,,,S-1-5-21-2502726253-3859040611-225969357-572,Denied RODC Password Replication Group,,,,,,,,,,,,,,,,
2025-08-13T11:05:26.274832Z,4732,DC01.garfield.htb,Microsoft-Windows-Security-Auditing,Security,2015,0,,,,,,,,,,,,,,,,,,,,,,,,,,,,,,,,,,,,,,,,,,,,,,,,,,,,,,,,,,,,,,,,,,,,,,,,,,,"CN=Group Policy Creator Owners,CN=Users,DC=garfield,DC=htb",S-1-5-21-2502726253-3859040611-225969357-520,,,,,,,,,,,,,,,,,,,,,,,,,,,,,,,,,,,,,-,,,,,,,,,,,,,,,,,,,,,,,,,,,,,,NT AUTHORITY,0x3e6,,ANONYMOUS LOGON,S-1-5-7,GARFIELD,,,,,,,,,,,S-1-5-21-2502726253-3859040611-225969357-572,Denied RODC Password Replication Group,,,,,,,,,,,,,,,,
2025-08-13T11:05:26.275156Z,4735,DC01.garfield.htb,Microsoft-Windows-Security-Auditing,Security,2016,0,,,,,,,,,,,,,,,,,,,,,,,,,,,,,,,,,,,,,,,,,,,,,,,,,,,,,,,,,,,,,,,,,,,,,,,,,,,,,,,,,,,,,,,,,,,,,,,,,,,,,,,,,,,,,,,,,-,,,,,,,,,,,,,,,-,,,,,,,-,,,,,,,,NT AUTHORITY,0x3e6,,ANONYMOUS LOGON,S-1-5-7,GARFIELD,,,,,,,,,,,S-1-5-21-2502726253-3859040611-225969357-572,Denied RODC Password Replication Group,,,,,,,,,,,,,,,,
2025-08-13T11:05:26.275421Z,4732,DC01.garfield.htb,Microsoft-Windows-Security-Auditing,Security,2017,0,,,,,,,,,,,,,,,,,,,,,,,,,,,,,,,,,,,,,,,,,,,,,,,,,,,,,,,,,,,,,,,,,,,,,,,,,,,"CN=Domain Admins,CN=Users,DC=garfield,DC=htb",S-1-5-21-2502726253-3859040611-225969357-512,,,,,,,,,,,,,,,,,,,,,,,,,,,,,,,,,,,,,-,,,,,,,,,,,,,,,,,,,,,,,,,,,,,,NT AUTHORITY,0x3e6,,ANONYMOUS LOGON,S-1-5-7,GARFIELD,,,,,,,,,,,S-1-5-21-2502726253-3859040611-225969357-572,Denied RODC Password Replication Group,,,,,,,,,,,,,,,,
2025-08-13T11:05:26.275745Z,4735,DC01.garfield.htb,Microsoft-Windows-Security-Auditing,Security,2018,0,,,,,,,,,,,,,,,,,,,,,,,,,,,,,,,,,,,,,,,,,,,,,,,,,,,,,,,,,,,,,,,,,,,,,,,,,,,,,,,,,,,,,,,,,,,,,,,,,,,,,,,,,,,,,,,,,-,,,,,,,,,,,,,,,-,,,,,,,-,,,,,,,,NT AUTHORITY,0x3e6,,ANONYMOUS LOGON,S-1-5-7,GARFIELD,,,,,,,,,,,S-1-5-21-2502726253-3859040611-225969357-572,Denied RODC Password Replication Group,,,,,,,,,,,,,,,,
2025-08-13T11:05:26.276008Z,4732,DC01.garfield.htb,Microsoft-Windows-Security-Auditing,Security,2019,0,,,,,,,,,,,,,,,,,,,,,,,,,,,,,,,,,,,,,,,,,,,,,,,,,,,,,,,,,,,,,,,,,,,,,,,,,,,"CN=Cert Publishers,CN=Users,DC=garfield,DC=htb",S-1-5-21-2502726253-3859040611-225969357-517,,,,,,,,,,,,,,,,,,,,,,,,,,,,,,,,,,,,,-,,,,,,,,,,,,,,,,,,,,,,,,,,,,,,NT AUTHORITY,0x3e6,,ANONYMOUS LOGON,S-1-5-7,GARFIELD,,,,,,,,,,,S-1-5-21-2502726253-3859040611-225969357-572,Denied RODC Password Replication Group,,,,,,,,,,,,,,,,
2025-08-13T11:05:26.276391Z,4735,DC01.garfield.htb,Microsoft-Windows-Security-Auditing,Security,2020,0,,,,,,,,,,,,,,,,,,,,,,,,,,,,,,,,,,,,,,,,,,,,,,,,,,,,,,,,,,,,,,,,,,,,,,,,,,,,,,,,,,,,,,,,,,,,,,,,,,,,,,,,,,,,,,,,,-,,,,,,,,,,,,,,,-,,,,,,,-,,,,,,,,NT AUTHORITY,0x3e6,,ANONYMOUS LOGON,S-1-5-7,GARFIELD,,,,,,,,,,,S-1-5-21-2502726253-3859040611-225969357-572,Denied RODC Password Replication Group,,,,,,,,,,,,,,,,
2025-08-13T11:05:26.276712Z,4732,DC01.garfield.htb,Microsoft-Windows-Security-Auditing,Security,2021,0,,,,,,,,,,,,,,,,,,,,,,,,,,,,,,,,,,,,,,,,,,,,,,,,,,,,,,,,,,,,,,,,,,,,,,,,,,,"CN=Domain Controllers,CN=Users,DC=garfield,DC=htb",S-1-5-21-2502726253-3859040611-225969357-516,,,,,,,,,,,,,,,,,,,,,,,,,,,,,,,,,,,,,-,,,,,,,,,,,,,,,,,,,,,,,,,,,,,,NT AUTHORITY,0x3e6,,ANONYMOUS LOGON,S-1-5-7,GARFIELD,,,,,,,,,,,S-1-5-21-2502726253-3859040611-225969357-572,Denied RODC Password Replication Group,,,,,,,,,,,,,,,,
2025-08-13T11:05:26.277082Z,4735,DC01.garfield.htb,Microsoft-Windows-Security-Auditing,Security,2022,0,,,,,,,,,,,,,,,,,,,,,,,,,,,,,,,,,,,,,,,,,,,,,,,,,,,,,,,,,,,,,,,,,,,,,,,,,,,,,,,,,,,,,,,,,,,,,,,,,,,,,,,,,,,,,,,,,-,,,,,,,,,,,,,,,-,,,,,,,-,,,,,,,,NT AUTHORITY,0x3e6,,ANONYMOUS LOGON,S-1-5-7,GARFIELD,,,,,,,,,,,S-1-5-21-2502726253-3859040611-225969357-572,Denied RODC Password Replication Group,,,,,,,,,,,,,,,,
2025-08-13T11:05:26.277337Z,4732,DC01.garfield.htb,Microsoft-Windows-Security-Auditing,Security,2023,0,,,,,,,,,,,,,,,,,,,,,,,,,,,,,,,,,,,,,,,,,,,,,,,,,,,,,,,,,,,,,,,,,,,,,,,,,,,"CN=krbtgt,CN=Users,DC=garfield,DC=htb",S-1-5-21-2502726253-3859040611-225969357-502,,,,,,,,,,,,,,,,,,,,,,,,,,,,,,,,,,,,,-,,,,,,,,,,,,,,,,,,,,,,,,,,,,,,NT AUTHORITY,0x3e6,,ANONYMOUS LOGON,S-1-5-7,GARFIELD,,,,,,,,,,,S-1-5-21-2502726253-3859040611-225969357-572,Denied RODC Password Replication Group,,,,,,,,,,,,,,,,
2025-08-13T11:05:26.277635Z,4735,DC01.garfield.htb,Microsoft-Windows-Security-Auditing,Security,2024,0,,,,,,,,,,,,,,,,,,,,,,,,,,,,,,,,,,,,,,,,,,,,,,,,,,,,,,,,,,,,,,,,,,,,,,,,,,,,,,,,,,,,,,,,,,,,,,,,,,,,,,,,,,,,,,,,,-,,,,,,,,,,,,,,,-,,,,,,,-,,,,,,,,NT AUTHORITY,0x3e6,,ANONYMOUS LOGON,S-1-5-7,GARFIELD,,,,,,,,,,,S-1-5-21-2502726253-3859040611-225969357-572,Denied RODC Password Replication Group,,,,,,,,,,,,,,,,
2025-08-13T11:05:26.278687Z,4727,DC01.garfield.htb,Microsoft-Windows-Security-Auditing,Security,2025,0,,,,,,,,,,,,,,,,,,,,,,,,,,,,,,,,,,,,,,,,,,,,,,,,,,,,,,,,,,,,,,,,,,,,,,,,,,,,,,,,,,,,,,,,,,,,,,,,,,,,,,,,,,,,,,,,,-,,,,,,,,,,,,,,,Read-only Domain Controllers,,,,,,,-,,,,,,,,NT AUTHORITY,0x3e6,,ANONYMOUS LOGON,S-1-5-7,GARFIELD,,,,,,,,,,,S-1-5-21-2502726253-3859040611-225969357-521,Read-only Domain Controllers,,,,,,,,,,,,,,,,
2025-08-13T11:05:26.279165Z,4737,DC01.garfield.htb,Microsoft-Windows-Security-Auditing,Security,2026,0,,,,,,,,,,,,,,,,,,,,,,,,,,,,,,,,,,,,,,,,,,,,,,,,,,,,,,,,,,,,,,,,,,,,,,,,,,,,,,,,,,,,,,,,,,,,,,,,,,,,,,,,,,,,,,,,,-,,,,,,,,,,,,,,,-,,,,,,,-,,,,,,,,NT AUTHORITY,0x3e6,,ANONYMOUS LOGON,S-1-5-7,GARFIELD,,,,,,,,,,,S-1-5-21-2502726253-3859040611-225969357-521,Read-only Domain Controllers,,,,,,,,,,,,,,,,
2025-08-13T11:05:26.279648Z,4735,DC01.garfield.htb,Microsoft-Windows-Security-Auditing,Security,2027,0,,,,,,,,,,,,,,,,,,,,,,,,,,,,,,,,,,,,,,,,,,,,,,,,,,,,,,,,,,,,,,,,,,,,,,,,,,,,,,,,,,,,,,,,,,,,,,,,,,,,,,,,,,,,,,,,,-,,,,,,,,,,,,,,,-,,,,,,,-,,,,,,,,NT AUTHORITY,0x3e6,,ANONYMOUS LOGON,S-1-5-7,GARFIELD,,,,,,,,,,,S-1-5-21-2502726253-3859040611-225969357-572,Denied RODC Password Replication Group,,,,,,,,,,,,,,,,
2025-08-13T11:05:26.280085Z,4735,DC01.garfield.htb,Microsoft-Windows-Security-Auditing,Security,2028,0,,,,,,,,,,,,,,,,,,,,,,,,,,,,,,,,,,,,,,,,,,,,,,,,,,,,,,,,,,,,,,,,,,,,,,,,,,,,,,,,,,,,,,,,,,,,,,,,,,,,,,,,,,,,,,,,,-,,,,,,,,,,,,,,,-,,,,,,,-,,,,,,,,NT AUTHORITY,0x3e6,,ANONYMOUS LOGON,S-1-5-7,GARFIELD,,,,,,,,,,,S-1-5-21-2502726253-3859040611-225969357-572,Denied RODC Password Replication Group,,,,,,,,,,,,,,,,
2025-08-13T11:05:26.283265Z,4754,DC01.garfield.htb,Microsoft-Windows-Security-Auditing,Security,2029,0,,,,,,,,,,,,,,,,,,,,,,,,,,,,,,,,,,,,,,,,,,,,,,,,,,,,,,,,,,,,,,,,,,,,,,,,,,,,,,,,,,,,,,,,,,,,,,,,,,,,,,,,,,,,,,,,,-,,,,,,,,,,,,,,,Enterprise Read-only Domain Controllers,,,,,,,-,,,,,,,,NT AUTHORITY,0x3e6,,ANONYMOUS LOGON,S-1-5-7,GARFIELD,,,,,,,,,,,S-1-5-21-2502726253-3859040611-225969357-498,Enterprise Read-only Domain Controllers,,,,,,,,,,,,,,,,
2025-08-13T11:05:26.283645Z,4755,DC01.garfield.htb,Microsoft-Windows-Security-Auditing,Security,2030,0,,,,,,,,,,,,,,,,,,,,,,,,,,,,,,,,,,,,,,,,,,,,,,,,,,,,,,,,,,,,,,,,,,,,,,,,,,,,,,,,,,,,,,,,,,,,,,,,,,,,,,,,,,,,,,,,,-,,,,,,,,,,,,,,,-,,,,,,,-,,,,,,,,NT AUTHORITY,0x3e6,,ANONYMOUS LOGON,S-1-5-7,GARFIELD,,,,,,,,,,,S-1-5-21-2502726253-3859040611-225969357-498,Enterprise Read-only Domain Controllers,,,,,,,,,,,,,,,,
2025-08-13T11:05:26.283893Z,4732,DC01.garfield.htb,Microsoft-Windows-Security-Auditing,Security,2031,0,,,,,,,,,,,,,,,,,,,,,,,,,,,,,,,,,,,,,,,,,,,,,,,,,,,,,,,,,,,,,,,,,,,,,,,,,,,"CN=Read-only Domain Controllers,CN=Users,DC=garfield,DC=htb",S-1-5-21-2502726253-3859040611-225969357-521,,,,,,,,,,,,,,,,,,,,,,,,,,,,,,,,,,,,,-,,,,,,,,,,,,,,,,,,,,,,,,,,,,,,NT AUTHORITY,0x3e6,,ANONYMOUS LOGON,S-1-5-7,GARFIELD,,,,,,,,,,,S-1-5-21-2502726253-3859040611-225969357-572,Denied RODC Password Replication Group,,,,,,,,,,,,,,,,
2025-08-13T11:05:26.284213Z,4735,DC01.garfield.htb,Microsoft-Windows-Security-Auditing,Security,2032,0,,,,,,,,,,,,,,,,,,,,,,,,,,,,,,,,,,,,,,,,,,,,,,,,,,,,,,,,,,,,,,,,,,,,,,,,,,,,,,,,,,,,,,,,,,,,,,,,,,,,,,,,,,,,,,,,,-,,,,,,,,,,,,,,,-,,,,,,,-,,,,,,,,NT AUTHORITY,0x3e6,,ANONYMOUS LOGON,S-1-5-7,GARFIELD,,,,,,,,,,,S-1-5-21-2502726253-3859040611-225969357-572,Denied RODC Password Replication Group,,,,,,,,,,,,,,,,
2025-08-13T11:05:26.287966Z,4727,DC01.garfield.htb,Microsoft-Windows-Security-Auditing,Security,2033,0,,,,,,,,,,,,,,,,,,,,,,,,,,,,,,,,,,,,,,,,,,,,,,,,,,,,,,,,,,,,,,,,,,,,,,,,,,,,,,,,,,,,,,,,,,,,,,,,,,,,,,,,,,,,,,,,,-,,,,,,,,,,,,,,,Cloneable Domain Controllers,,,,,,,-,,,,,,,,NT AUTHORITY,0x3e6,,ANONYMOUS LOGON,S-1-5-7,GARFIELD,,,,,,,,,,,S-1-5-21-2502726253-3859040611-225969357-522,Cloneable Domain Controllers,,,,,,,,,,,,,,,,
2025-08-13T11:05:26.288358Z,4737,DC01.garfield.htb,Microsoft-Windows-Security-Auditing,Security,2034,0,,,,,,,,,,,,,,,,,,,,,,,,,,,,,,,,,,,,,,,,,,,,,,,,,,,,,,,,,,,,,,,,,,,,,,,,,,,,,,,,,,,,,,,,,,,,,,,,,,,,,,,,,,,,,,,,,-,,,,,,,,,,,,,,,-,,,,,,,-,,,,,,,,NT AUTHORITY,0x3e6,,ANONYMOUS LOGON,S-1-5-7,GARFIELD,,,,,,,,,,,S-1-5-21-2502726253-3859040611-225969357-522,Cloneable Domain Controllers,,,,,,,,,,,,,,,,
2025-08-13T11:05:26.289768Z,4727,DC01.garfield.htb,Microsoft-Windows-Security-Auditing,Security,2035,0,,,,,,,,,,,,,,,,,,,,,,,,,,,,,,,,,,,,,,,,,,,,,,,,,,,,,,,,,,,,,,,,,,,,,,,,,,,,,,,,,,,,,,,,,,,,,,,,,,,,,,,,,,,,,,,,,-,,,,,,,,,,,,,,,Protected Users,,,,,,,-,,,,,,,,NT AUTHORITY,0x3e6,,ANONYMOUS LOGON,S-1-5-7,GARFIELD,,,,,,,,,,,S-1-5-21-2502726253-3859040611-225969357-525,Protected Users,,,,,,,,,,,,,,,,
2025-08-13T11:05:26.290150Z,4737,DC01.garfield.htb,Microsoft-Windows-Security-Auditing,Security,2036,0,,,,,,,,,,,,,,,,,,,,,,,,,,,,,,,,,,,,,,,,,,,,,,,,,,,,,,,,,,,,,,,,,,,,,,,,,,,,,,,,,,,,,,,,,,,,,,,,,,,,,,,,,,,,,,,,,-,,,,,,,,,,,,,,,-,,,,,,,-,,,,,,,,NT AUTHORITY,0x3e6,,ANONYMOUS LOGON,S-1-5-7,GARFIELD,,,,,,,,,,,S-1-5-21-2502726253-3859040611-225969357-525,Protected Users,,,,,,,,,,,,,,,,
2025-08-13T11:05:26.291581Z,4727,DC01.garfield.htb,Microsoft-Windows-Security-Auditing,Security,2037,0,,,,,,,,,,,,,,,,,,,,,,,,,,,,,,,,,,,,,,,,,,,,,,,,,,,,,,,,,,,,,,,,,,,,,,,,,,,,,,,,,,,,,,,,,,,,,,,,,,,,,,,,,,,,,,,,,-,,,,,,,,,,,,,,,Key Admins,,,,,,,-,,,,,,,,NT AUTHORITY,0x3e6,,ANONYMOUS LOGON,S-1-5-7,GARFIELD,,,,,,,,,,,S-1-5-21-2502726253-3859040611-225969357-526,Key Admins,,,,,,,,,,,,,,,,
2025-08-13T11:05:26.291976Z,4737,DC01.garfield.htb,Microsoft-Windows-Security-Auditing,Security,2038,0,,,,,,,,,,,,,,,,,,,,,,,,,,,,,,,,,,,,,,,,,,,,,,,,,,,,,,,,,,,,,,,,,,,,,,,,,,,,,,,,,,,,,,,,,,,,,,,,,,,,,,,,,,,,,,,,,-,,,,,,,,,,,,,,,-,,,,,,,-,,,,,,,,NT AUTHORITY,0x3e6,,ANONYMOUS LOGON,S-1-5-7,GARFIELD,,,,,,,,,,,S-1-5-21-2502726253-3859040611-225969357-526,Key Admins,,,,,,,,,,,,,,,,
2025-08-13T11:05:26.292615Z,4754,DC01.garfield.htb,Microsoft-Windows-Security-Auditing,Security,2039,0,,,,,,,,,,,,,,,,,,,,,,,,,,,,,,,,,,,,,,,,,,,,,,,,,,,,,,,,,,,,,,,,,,,,,,,,,,,,,,,,,,,,,,,,,,,,,,,,,,,,,,,,,,,,,,,,,-,,,,,,,,,,,,,,,Enterprise Key Admins,,,,,,,-,,,,,,,,NT AUTHORITY,0x3e6,,ANONYMOUS LOGON,S-1-5-7,GARFIELD,,,,,,,,,,,S-1-5-21-2502726253-3859040611-225969357-527,Enterprise Key Admins,,,,,,,,,,,,,,,,
2025-08-13T11:05:26.293069Z,4755,DC01.garfield.htb,Microsoft-Windows-Security-Auditing,Security,2040,0,,,,,,,,,,,,,,,,,,,,,,,,,,,,,,,,,,,,,,,,,,,,,,,,,,,,,,,,,,,,,,,,,,,,,,,,,,,,,,,,,,,,,,,,,,,,,,,,,,,,,,,,,,,,,,,,,-,,,,,,,,,,,,,,,-,,,,,,,-,,,,,,,,NT AUTHORITY,0x3e6,,ANONYMOUS LOGON,S-1-5-7,GARFIELD,,,,,,,,,,,S-1-5-21-2502726253-3859040611-225969357-527,Enterprise Key Admins,,,,,,,,,,,,,,,,
2025-08-13T11:05:26.301825Z,4624,DC01.garfield.htb,Microsoft-Windows-Security-Auditing,Security,2041,0,,,,,,,,,,,,,,,,,Negotiate,,,,,,,,,,,,,,,,,,,,,,,,%%1842,,,,,,,,,,,,,%%1833,-,-,,,,0,,,-,,,,,00000000-0000-0000-0000-000000000000,,Advapi  ,5,,,,,,,,,,,,,,,,,,,,,,,,,,,,,,,,,,,,,,,,,,,,0x2d0,C:\Windows\System32\services.exe,,,,,,,,,,-,,,,,,,,,,,,,,,,,GARFIELD,0x3e7,,DC01$,S-1-5-18,NT AUTHORITY,,0x0,,0x3e7,,-,-,,,,,SYSTEM,S-1-5-18,,,,,-,,,,,,%%1843,,,-,
2025-08-13T11:05:26.301833Z,4672,DC01.garfield.htb,Microsoft-Windows-Security-Auditing,Security,2042,0,,,,,,,,,,,,,,,,,,,,,,,,,,,,,,,,,,,,,,,,,,,,,,,,,,,,,,,,,,,,,,,,,,,,,,,,,,,,,,,,,,,,,,,,,,,,,,,,,,,,,,,,,,,,,,,,,"SeAssignPrimaryTokenPrivilege
			SeTcbPrivilege
			SeSecurityPrivilege
			SeTakeOwnershipPrivilege
			SeLoadDriverPrivilege
			SeBackupPrivilege
			SeRestorePrivilege
			SeDebugPrivilege
			SeAuditPrivilege
			SeSystemEnvironmentPrivilege
			SeImpersonatePrivilege
			SeDelegateSessionUserImpersonatePrivilege",,,,,,,,,,,,,,,,,,,,,,,,,,,,,,NT AUTHORITY,0x3e7,,SYSTEM,S-1-5-18,,,,,,,,,,,,,,,,,,,,,,,,,,,,,
2025-08-13T11:05:26.314046Z,4624,DC01.garfield.htb,Microsoft-Windows-Security-Auditing,Security,2043,0,,,,,,,,,,,,,,,,,Negotiate,,,,,,,,,,,,,,,,,,,,,,,,%%1842,,,,,,,,,,,,,%%1833,-,-,,,,0,,,-,,,,,00000000-0000-0000-0000-000000000000,,Advapi  ,5,,,,,,,,,,,,,,,,,,,,,,,,,,,,,,,,,,,,,,,,,,,,0x2d0,C:\Windows\System32\services.exe,,,,,,,,,,-,,,,,,,,,,,,,,,,,GARFIELD,0x3e7,,DC01$,S-1-5-18,NT AUTHORITY,,0x0,,0x3e7,,-,-,,,,,SYSTEM,S-1-5-18,,,,,-,,,,,,%%1843,,,-,
2025-08-13T11:05:26.314050Z,4672,DC01.garfield.htb,Microsoft-Windows-Security-Auditing,Security,2044,0,,,,,,,,,,,,,,,,,,,,,,,,,,,,,,,,,,,,,,,,,,,,,,,,,,,,,,,,,,,,,,,,,,,,,,,,,,,,,,,,,,,,,,,,,,,,,,,,,,,,,,,,,,,,,,,,,"SeAssignPrimaryTokenPrivilege
			SeTcbPrivilege
			SeSecurityPrivilege
			SeTakeOwnershipPrivilege
			SeLoadDriverPrivilege
			SeBackupPrivilege
			SeRestorePrivilege
			SeDebugPrivilege
			SeAuditPrivilege
			SeSystemEnvironmentPrivilege
			SeImpersonatePrivilege
			SeDelegateSessionUserImpersonatePrivilege",,,,,,,,,,,,,,,,,,,,,,,,,,,,,,NT AUTHORITY,0x3e7,,SYSTEM,S-1-5-18,,,,,,,,,,,,,,,,,,,,,,,,,,,,,
2025-08-13T11:05:26.337338Z,4648,DC01.garfield.htb,Microsoft-Windows-Security-Auditing,Security,2045,0,,,,,,,,,,,,,,,,,,,,,,,,,,,,,,,,,,,,,,,,,,,,,,,,,,,,,,,-,-,,,,,,,,,,,,00000000-0000-0000-0000-000000000000,,,,,,,,,,,,,,,,,,,,,,,,,,,,,,,,,,,,,,,,,,,,,,,0x2a4,C:\Windows\System32\winlogon.exe,,,,,,,,,,,,,,,,,,,,,,,,,,,GARFIELD,0x3e7,,DC01$,S-1-5-18,Font Driver Host,localhost,,00000000-0000-0000-0000-000000000000,,,,,,,localhost,,UMFD-1,,,,,,,,,,,,,,,,
2025-08-13T11:05:26.337350Z,4624,DC01.garfield.htb,Microsoft-Windows-Security-Auditing,Security,2046,0,,,,,,,,,,,,,,,,,Negotiate,,,,,,,,,,,,,,,,,,,,,,,,%%1842,,,,,,,,,,,,,%%1833,-,-,,,,0,,,-,,,,,00000000-0000-0000-0000-000000000000,,Advapi  ,2,,,,,,,,,,,,,,,,,,,,,,,,,,,,,,,,,,,,,,,,,,,,0x2a4,C:\Windows\System32\winlogon.exe,,,,,,,,,,-,,,,,,,,,,,,,,,,,GARFIELD,0x3e7,,DC01$,S-1-5-18,Font Driver Host,,0xca90,,0xca7a,,-,-,,,,,UMFD-1,S-1-5-96-0-1,,,,,-,,,,,,%%1842,,,-,
2025-08-13T11:05:26.337359Z,4624,DC01.garfield.htb,Microsoft-Windows-Security-Auditing,Security,2047,0,,,,,,,,,,,,,,,,,Negotiate,,,,,,,,,,,,,,,,,,,,,,,,%%1843,,,,,,,,,,,,,%%1833,-,-,,,,0,,,-,,,,,00000000-0000-0000-0000-000000000000,,Advapi  ,2,,,,,,,,,,,,,,,,,,,,,,,,,,,,,,,,,,,,,,,,,,,,0x2a4,C:\Windows\System32\winlogon.exe,,,,,,,,,,-,,,,,,,,,,,,,,,,,GARFIELD,0x3e7,,DC01$,S-1-5-18,Font Driver Host,,0xca7a,,0xca90,,-,-,,,,,UMFD-1,S-1-5-96-0-1,,,,,-,,,,,,%%1842,,,-,
2025-08-13T11:05:26.338112Z,4648,DC01.garfield.htb,Microsoft-Windows-Security-Auditing,Security,2048,0,,,,,,,,,,,,,,,,,,,,,,,,,,,,,,,,,,,,,,,,,,,,,,,,,,,,,,,-,-,,,,,,,,,,,,00000000-0000-0000-0000-000000000000,,,,,,,,,,,,,,,,,,,,,,,,,,,,,,,,,,,,,,,,,,,,,,,0x240,C:\Windows\System32\wininit.exe,,,,,,,,,,,,,,,,,,,,,,,,,,,GARFIELD,0x3e7,,DC01$,S-1-5-18,Font Driver Host,localhost,,00000000-0000-0000-0000-000000000000,,,,,,,localhost,,UMFD-0,,,,,,,,,,,,,,,,
2025-08-13T11:05:26.338123Z,4624,DC01.garfield.htb,Microsoft-Windows-Security-Auditing,Security,2049,0,,,,,,,,,,,,,,,,,Negotiate,,,,,,,,,,,,,,,,,,,,,,,,%%1842,,,,,,,,,,,,,%%1833,-,-,,,,0,,,-,,,,,00000000-0000-0000-0000-000000000000,,Advapi  ,2,,,,,,,,,,,,,,,,,,,,,,,,,,,,,,,,,,,,,,,,,,,,0x240,C:\Windows\System32\wininit.exe,,,,,,,,,,-,,,,,,,,,,,,,,,,,GARFIELD,0x3e7,,DC01$,S-1-5-18,Font Driver Host,,0xcab4,,0xca56,,-,-,,,,,UMFD-0,S-1-5-96-0-0,,,,,-,,,,,,%%1842,,,-,
2025-08-13T11:05:26.338131Z,4624,DC01.garfield.htb,Microsoft-Windows-Security-Auditing,Security,2050,0,,,,,,,,,,,,,,,,,Negotiate,,,,,,,,,,,,,,,,,,,,,,,,%%1843,,,,,,,,,,,,,%%1833,-,-,,,,0,,,-,,,,,00000000-0000-0000-0000-000000000000,,Advapi  ,2,,,,,,,,,,,,,,,,,,,,,,,,,,,,,,,,,,,,,,,,,,,,0x240,C:\Windows\System32\wininit.exe,,,,,,,,,,-,,,,,,,,,,,,,,,,,GARFIELD,0x3e7,,DC01$,S-1-5-18,Font Driver Host,,0xca56,,0xcab4,,-,-,,,,,UMFD-0,S-1-5-96-0-0,,,,,-,,,,,,%%1842,,,-,
2025-08-13T11:05:26.364366Z,4624,DC01.garfield.htb,Microsoft-Windows-Security-Auditing,Security,2051,0,,,,,,,,,,,,,,,,,Negotiate,,,,,,,,,,,,,,,,,,,,,,,,%%1842,,,,,,,,,,,,,%%1833,-,-,,,,0,,,-,,,,,00000000-0000-0000-0000-000000000000,,Advapi  ,5,,,,,,,,,,,,,,,,,,,,,,,,,,,,,,,,,,,,,,,,,,,,0x2d0,C:\Windows\System32\services.exe,,,,,,,,,,-,,,,,,,,,,,,,,,,,GARFIELD,0x3e7,,DC01$,S-1-5-18,NT AUTHORITY,,0x0,,0x3e4,,-,-,,,,,NETWORK SERVICE,S-1-5-20,,,,,-,,,,,,%%1843,,,-,
2025-08-13T11:05:26.364370Z,4672,DC01.garfield.htb,Microsoft-Windows-Security-Auditing,Security,2052,0,,,,,,,,,,,,,,,,,,,,,,,,,,,,,,,,,,,,,,,,,,,,,,,,,,,,,,,,,,,,,,,,,,,,,,,,,,,,,,,,,,,,,,,,,,,,,,,,,,,,,,,,,,,,,,,,,"SeAssignPrimaryTokenPrivilege
			SeAuditPrivilege
			SeImpersonatePrivilege",,,,,,,,,,,,,,,,,,,,,,,,,,,,,,NT AUTHORITY,0x3e4,,NETWORK SERVICE,S-1-5-20,,,,,,,,,,,,,,,,,,,,,,,,,,,,,
2025-08-13T11:05:26.383352Z,4624,DC01.garfield.htb,Microsoft-Windows-Security-Auditing,Security,2053,0,,,,,,,,,,,,,,,,,Negotiate,,,,,,,,,,,,,,,,,,,,,,,,%%1842,,,,,,,,,,,,,%%1833,-,-,,,,0,,,-,,,,,00000000-0000-0000-0000-000000000000,,Advapi  ,5,,,,,,,,,,,,,,,,,,,,,,,,,,,,,,,,,,,,,,,,,,,,0x2d0,C:\Windows\System32\services.exe,,,,,,,,,,-,,,,,,,,,,,,,,,,,GARFIELD,0x3e7,,DC01$,S-1-5-18,NT AUTHORITY,,0x0,,0x3e7,,-,-,,,,,SYSTEM,S-1-5-18,,,,,-,,,,,,%%1843,,,-,
2025-08-13T11:05:26.383361Z,4672,DC01.garfield.htb,Microsoft-Windows-Security-Auditing,Security,2054,0,,,,,,,,,,,,,,,,,,,,,,,,,,,,,,,,,,,,,,,,,,,,,,,,,,,,,,,,,,,,,,,,,,,,,,,,,,,,,,,,,,,,,,,,,,,,,,,,,,,,,,,,,,,,,,,,,"SeAssignPrimaryTokenPrivilege
			SeTcbPrivilege
			SeSecurityPrivilege
			SeTakeOwnershipPrivilege
			SeLoadDriverPrivilege
			SeBackupPrivilege
			SeRestorePrivilege
			SeDebugPrivilege
			SeAuditPrivilege
			SeSystemEnvironmentPrivilege
			SeImpersonatePrivilege
			SeDelegateSessionUserImpersonatePrivilege",,,,,,,,,,,,,,,,,,,,,,,,,,,,,,NT AUTHORITY,0x3e7,,SYSTEM,S-1-5-18,,,,,,,,,,,,,,,,,,,,,,,,,,,,,
2025-08-13T11:05:26.463634Z,4624,DC01.garfield.htb,Microsoft-Windows-Security-Auditing,Security,2055,0,,,,,,,,,,,,,,,,,Negotiate,,,,,,,,,,,,,,,,,,,,,,,,%%1842,,,,,,,,,,,,,%%1833,-,-,,,,0,,,-,,,,,00000000-0000-0000-0000-000000000000,,Advapi  ,5,,,,,,,,,,,,,,,,,,,,,,,,,,,,,,,,,,,,,,,,,,,,0x2d0,C:\Windows\System32\services.exe,,,,,,,,,,-,,,,,,,,,,,,,,,,,GARFIELD,0x3e7,,DC01$,S-1-5-18,NT AUTHORITY,,0x0,,0x3e7,,-,-,,,,,SYSTEM,S-1-5-18,,,,,-,,,,,,%%1843,,,-,
2025-08-13T11:05:26.463641Z,4672,DC01.garfield.htb,Microsoft-Windows-Security-Auditing,Security,2056,0,,,,,,,,,,,,,,,,,,,,,,,,,,,,,,,,,,,,,,,,,,,,,,,,,,,,,,,,,,,,,,,,,,,,,,,,,,,,,,,,,,,,,,,,,,,,,,,,,,,,,,,,,,,,,,,,,"SeAssignPrimaryTokenPrivilege
			SeTcbPrivilege
			SeSecurityPrivilege
			SeTakeOwnershipPrivilege
			SeLoadDriverPrivilege
			SeBackupPrivilege
			SeRestorePrivilege
			SeDebugPrivilege
			SeAuditPrivilege
			SeSystemEnvironmentPrivilege
			SeImpersonatePrivilege
			SeDelegateSessionUserImpersonatePrivilege",,,,,,,,,,,,,,,,,,,,,,,,,,,,,,NT AUTHORITY,0x3e7,,SYSTEM,S-1-5-18,,,,,,,,,,,,,,,,,,,,,,,,,,,,,
2025-08-13T11:05:26.468210Z,4648,DC01.garfield.htb,Microsoft-Windows-Security-Auditing,Security,2057,0,,,,,,,,,,,,,,,,,,,,,,,,,,,,,,,,,,,,,,,,,,,,,,,,,,,,,,,-,-,,,,,,,,,,,,00000000-0000-0000-0000-000000000000,,,,,,,,,,,,,,,,,,,,,,,,,,,,,,,,,,,,,,,,,,,,,,,0x2a4,C:\Windows\System32\winlogon.exe,,,,,,,,,,,,,,,,,,,,,,,,,,,GARFIELD,0x3e7,,DC01$,S-1-5-18,Window Manager,localhost,,00000000-0000-0000-0000-000000000000,,,,,,,localhost,,DWM-1,,,,,,,,,,,,,,,,
2025-08-13T11:05:26.468227Z,4624,DC01.garfield.htb,Microsoft-Windows-Security-Auditing,Security,2058,0,,,,,,,,,,,,,,,,,Negotiate,,,,,,,,,,,,,,,,,,,,,,,,%%1842,,,,,,,,,,,,,%%1833,-,-,,,,0,,,-,,,,,00000000-0000-0000-0000-000000000000,,Advapi  ,2,,,,,,,,,,,,,,,,,,,,,,,,,,,,,,,,,,,,,,,,,,,,0x2a4,C:\Windows\System32\winlogon.exe,,,,,,,,,,-,,,,,,,,,,,,,,,,,GARFIELD,0x3e7,,DC01$,S-1-5-18,Window Manager,,0x11f34,,0x11f10,,-,-,,,,,DWM-1,S-1-5-90-0-1,,,,,-,,,,,,%%1842,,,-,
2025-08-13T11:05:26.468237Z,4624,DC01.garfield.htb,Microsoft-Windows-Security-Auditing,Security,2059,0,,,,,,,,,,,,,,,,,Negotiate,,,,,,,,,,,,,,,,,,,,,,,,%%1843,,,,,,,,,,,,,%%1833,-,-,,,,0,,,-,,,,,00000000-0000-0000-0000-000000000000,,Advapi  ,2,,,,,,,,,,,,,,,,,,,,,,,,,,,,,,,,,,,,,,,,,,,,0x2a4,C:\Windows\System32\winlogon.exe,,,,,,,,,,-,,,,,,,,,,,,,,,,,GARFIELD,0x3e7,,DC01$,S-1-5-18,Window Manager,,0x11f10,,0x11f34,,-,-,,,,,DWM-1,S-1-5-90-0-1,,,,,-,,,,,,%%1842,,,-,
2025-08-13T11:05:26.468240Z,4672,DC01.garfield.htb,Microsoft-Windows-Security-Auditing,Security,2060,0,,,,,,,,,,,,,,,,,,,,,,,,,,,,,,,,,,,,,,,,,,,,,,,,,,,,,,,,,,,,,,,,,,,,,,,,,,,,,,,,,,,,,,,,,,,,,,,,,,,,,,,,,,,,,,,,,"SeAssignPrimaryTokenPrivilege
			SeAuditPrivilege
			SeImpersonatePrivilege",,,,,,,,,,,,,,,,,,,,,,,,,,,,,,Window Manager,0x11f10,,DWM-1,S-1-5-90-0-1,,,,,,,,,,,,,,,,,,,,,,,,,,,,,
2025-08-13T11:05:26.468240Z,4672,DC01.garfield.htb,Microsoft-Windows-Security-Auditing,Security,2061,0,,,,,,,,,,,,,,,,,,,,,,,,,,,,,,,,,,,,,,,,,,,,,,,,,,,,,,,,,,,,,,,,,,,,,,,,,,,,,,,,,,,,,,,,,,,,,,,,,,,,,,,,,,,,,,,,,"SeAssignPrimaryTokenPrivilege
			SeAuditPrivilege",,,,,,,,,,,,,,,,,,,,,,,,,,,,,,Window Manager,0x11f34,,DWM-1,S-1-5-90-0-1,,,,,,,,,,,,,,,,,,,,,,,,,,,,,
2025-08-13T11:05:26.469996Z,4624,DC01.garfield.htb,Microsoft-Windows-Security-Auditing,Security,2062,0,,,,,,,,,,,,,,,,,Negotiate,,,,,,,,,,,,,,,,,,,,,,,,%%1842,,,,,,,,,,,,,%%1833,-,-,,,,0,,,-,,,,,00000000-0000-0000-0000-000000000000,,Advapi  ,5,,,,,,,,,,,,,,,,,,,,,,,,,,,,,,,,,,,,,,,,,,,,0x2d0,C:\Windows\System32\services.exe,,,,,,,,,,-,,,,,,,,,,,,,,,,,GARFIELD,0x3e7,,DC01$,S-1-5-18,NT AUTHORITY,,0x0,,0x3e5,,-,-,,,,,LOCAL SERVICE,S-1-5-19,,,,,-,,,,,,%%1843,,,-,
2025-08-13T11:05:26.470022Z,4672,DC01.garfield.htb,Microsoft-Windows-Security-Auditing,Security,2063,0,,,,,,,,,,,,,,,,,,,,,,,,,,,,,,,,,,,,,,,,,,,,,,,,,,,,,,,,,,,,,,,,,,,,,,,,,,,,,,,,,,,,,,,,,,,,,,,,,,,,,,,,,,,,,,,,,"SeAssignPrimaryTokenPrivilege
			SeAuditPrivilege
			SeImpersonatePrivilege",,,,,,,,,,,,,,,,,,,,,,,,,,,,,,NT AUTHORITY,0x3e5,,LOCAL SERVICE,S-1-5-19,,,,,,,,,,,,,,,,,,,,,,,,,,,,,
2025-08-13T11:05:26.491870Z,4624,DC01.garfield.htb,Microsoft-Windows-Security-Auditing,Security,2064,0,,,,,,,,,,,,,,,,,Negotiate,,,,,,,,,,,,,,,,,,,,,,,,%%1842,,,,,,,,,,,,,%%1833,-,-,,,,0,,,-,,,,,00000000-0000-0000-0000-000000000000,,Advapi  ,5,,,,,,,,,,,,,,,,,,,,,,,,,,,,,,,,,,,,,,,,,,,,0x2d0,C:\Windows\System32\services.exe,,,,,,,,,,-,,,,,,,,,,,,,,,,,GARFIELD,0x3e7,,DC01$,S-1-5-18,NT AUTHORITY,,0x0,,0x3e7,,-,-,,,,,SYSTEM,S-1-5-18,,,,,-,,,,,,%%1843,,,-,
2025-08-13T11:05:26.491886Z,4672,DC01.garfield.htb,Microsoft-Windows-Security-Auditing,Security,2065,0,,,,,,,,,,,,,,,,,,,,,,,,,,,,,,,,,,,,,,,,,,,,,,,,,,,,,,,,,,,,,,,,,,,,,,,,,,,,,,,,,,,,,,,,,,,,,,,,,,,,,,,,,,,,,,,,,"SeAssignPrimaryTokenPrivilege
			SeTcbPrivilege
			SeSecurityPrivilege
			SeTakeOwnershipPrivilege
			SeLoadDriverPrivilege
			SeBackupPrivilege
			SeRestorePrivilege
			SeDebugPrivilege
			SeAuditPrivilege
			SeSystemEnvironmentPrivilege
			SeImpersonatePrivilege
			SeDelegateSessionUserImpersonatePrivilege",,,,,,,,,,,,,,,,,,,,,,,,,,,,,,NT AUTHORITY,0x3e7,,SYSTEM,S-1-5-18,,,,,,,,,,,,,,,,,,,,,,,,,,,,,
2025-08-13T11:05:26.493016Z,4624,DC01.garfield.htb,Microsoft-Windows-Security-Auditing,Security,2066,0,,,,,,,,,,,,,,,,,Negotiate,,,,,,,,,,,,,,,,,,,,,,,,%%1842,,,,,,,,,,,,,%%1833,-,-,,,,0,,,-,,,,,00000000-0000-0000-0000-000000000000,,Advapi  ,5,,,,,,,,,,,,,,,,,,,,,,,,,,,,,,,,,,,,,,,,,,,,0x2d0,C:\Windows\System32\services.exe,,,,,,,,,,-,,,,,,,,,,,,,,,,,GARFIELD,0x3e7,,DC01$,S-1-5-18,NT AUTHORITY,,0x0,,0x3e7,,-,-,,,,,SYSTEM,S-1-5-18,,,,,-,,,,,,%%1843,,,-,
2025-08-13T11:05:26.493019Z,4672,DC01.garfield.htb,Microsoft-Windows-Security-Auditing,Security,2067,0,,,,,,,,,,,,,,,,,,,,,,,,,,,,,,,,,,,,,,,,,,,,,,,,,,,,,,,,,,,,,,,,,,,,,,,,,,,,,,,,,,,,,,,,,,,,,,,,,,,,,,,,,,,,,,,,,"SeAssignPrimaryTokenPrivilege
			SeTcbPrivilege
			SeSecurityPrivilege
			SeTakeOwnershipPrivilege
			SeLoadDriverPrivilege
			SeBackupPrivilege
			SeRestorePrivilege
			SeDebugPrivilege
			SeAuditPrivilege
			SeSystemEnvironmentPrivilege
			SeImpersonatePrivilege
			SeDelegateSessionUserImpersonatePrivilege",,,,,,,,,,,,,,,,,,,,,,,,,,,,,,NT AUTHORITY,0x3e7,,SYSTEM,S-1-5-18,,,,,,,,,,,,,,,,,,,,,,,,,,,,,
2025-08-13T11:05:26.535842Z,4624,DC01.garfield.htb,Microsoft-Windows-Security-Auditing,Security,2068,0,,,,,,,,,,,,,,,,,Negotiate,,,,,,,,,,,,,,,,,,,,,,,,%%1842,,,,,,,,,,,,,%%1833,-,-,,,,0,,,-,,,,,00000000-0000-0000-0000-000000000000,,Advapi  ,5,,,,,,,,,,,,,,,,,,,,,,,,,,,,,,,,,,,,,,,,,,,,0x2d0,C:\Windows\System32\services.exe,,,,,,,,,,-,,,,,,,,,,,,,,,,,GARFIELD,0x3e7,,DC01$,S-1-5-18,NT AUTHORITY,,0x0,,0x3e7,,-,-,,,,,SYSTEM,S-1-5-18,,,,,-,,,,,,%%1843,,,-,
2025-08-13T11:05:26.535847Z,4672,DC01.garfield.htb,Microsoft-Windows-Security-Auditing,Security,2069,0,,,,,,,,,,,,,,,,,,,,,,,,,,,,,,,,,,,,,,,,,,,,,,,,,,,,,,,,,,,,,,,,,,,,,,,,,,,,,,,,,,,,,,,,,,,,,,,,,,,,,,,,,,,,,,,,,"SeAssignPrimaryTokenPrivilege
			SeTcbPrivilege
			SeSecurityPrivilege
			SeTakeOwnershipPrivilege
			SeLoadDriverPrivilege
			SeBackupPrivilege
			SeRestorePrivilege
			SeDebugPrivilege
			SeAuditPrivilege
			SeSystemEnvironmentPrivilege
			SeImpersonatePrivilege
			SeDelegateSessionUserImpersonatePrivilege",,,,,,,,,,,,,,,,,,,,,,,,,,,,,,NT AUTHORITY,0x3e7,,SYSTEM,S-1-5-18,,,,,,,,,,,,,,,,,,,,,,,,,,,,,
2025-08-13T11:05:26.587859Z,4624,DC01.garfield.htb,Microsoft-Windows-Security-Auditing,Security,2070,0,,,,,,,,,,,,,,,,,Negotiate,,,,,,,,,,,,,,,,,,,,,,,,%%1842,,,,,,,,,,,,,%%1833,-,-,,,,0,,,-,,,,,00000000-0000-0000-0000-000000000000,,Advapi  ,5,,,,,,,,,,,,,,,,,,,,,,,,,,,,,,,,,,,,,,,,,,,,0x2d0,C:\Windows\System32\services.exe,,,,,,,,,,-,,,,,,,,,,,,,,,,,GARFIELD,0x3e7,,DC01$,S-1-5-18,NT AUTHORITY,,0x0,,0x3e7,,-,-,,,,,SYSTEM,S-1-5-18,,,,,-,,,,,,%%1843,,,-,
2025-08-13T11:05:26.587891Z,4672,DC01.garfield.htb,Microsoft-Windows-Security-Auditing,Security,2071,0,,,,,,,,,,,,,,,,,,,,,,,,,,,,,,,,,,,,,,,,,,,,,,,,,,,,,,,,,,,,,,,,,,,,,,,,,,,,,,,,,,,,,,,,,,,,,,,,,,,,,,,,,,,,,,,,,"SeAssignPrimaryTokenPrivilege
			SeTcbPrivilege
			SeSecurityPrivilege
			SeTakeOwnershipPrivilege
			SeLoadDriverPrivilege
			SeBackupPrivilege
			SeRestorePrivilege
			SeDebugPrivilege
			SeAuditPrivilege
			SeSystemEnvironmentPrivilege
			SeImpersonatePrivilege
			SeDelegateSessionUserImpersonatePrivilege",,,,,,,,,,,,,,,,,,,,,,,,,,,,,,NT AUTHORITY,0x3e7,,SYSTEM,S-1-5-18,,,,,,,,,,,,,,,,,,,,,,,,,,,,,
2025-08-13T11:05:26.604099Z,4624,DC01.garfield.htb,Microsoft-Windows-Security-Auditing,Security,2072,0,,,,,,,,,,,,,,,,,Negotiate,,,,,,,,,,,,,,,,,,,,,,,,%%1842,,,,,,,,,,,,,%%1833,-,-,,,,0,,,-,,,,,00000000-0000-0000-0000-000000000000,,Advapi  ,5,,,,,,,,,,,,,,,,,,,,,,,,,,,,,,,,,,,,,,,,,,,,0x2d0,C:\Windows\System32\services.exe,,,,,,,,,,-,,,,,,,,,,,,,,,,,GARFIELD,0x3e7,,DC01$,S-1-5-18,NT AUTHORITY,,0x0,,0x3e7,,-,-,,,,,SYSTEM,S-1-5-18,,,,,-,,,,,,%%1843,,,-,
2025-08-13T11:05:26.604104Z,4672,DC01.garfield.htb,Microsoft-Windows-Security-Auditing,Security,2073,0,,,,,,,,,,,,,,,,,,,,,,,,,,,,,,,,,,,,,,,,,,,,,,,,,,,,,,,,,,,,,,,,,,,,,,,,,,,,,,,,,,,,,,,,,,,,,,,,,,,,,,,,,,,,,,,,,"SeAssignPrimaryTokenPrivilege
			SeTcbPrivilege
			SeSecurityPrivilege
			SeTakeOwnershipPrivilege
			SeLoadDriverPrivilege
			SeBackupPrivilege
			SeRestorePrivilege
			SeDebugPrivilege
			SeAuditPrivilege
			SeSystemEnvironmentPrivilege
			SeImpersonatePrivilege
			SeDelegateSessionUserImpersonatePrivilege",,,,,,,,,,,,,,,,,,,,,,,,,,,,,,NT AUTHORITY,0x3e7,,SYSTEM,S-1-5-18,,,,,,,,,,,,,,,,,,,,,,,,,,,,,
2025-08-13T11:05:26.668806Z,4624,DC01.garfield.htb,Microsoft-Windows-Security-Auditing,Security,2074,0,,,,,,,,,,,,,,,,,Negotiate,,,,,,,,,,,,,,,,,,,,,,,,%%1842,,,,,,,,,,,,,%%1833,-,-,,,,0,,,-,,,,,00000000-0000-0000-0000-000000000000,,Advapi  ,5,,,,,,,,,,,,,,,,,,,,,,,,,,,,,,,,,,,,,,,,,,,,0x2d0,C:\Windows\System32\services.exe,,,,,,,,,,-,,,,,,,,,,,,,,,,,GARFIELD,0x3e7,,DC01$,S-1-5-18,NT AUTHORITY,,0x0,,0x3e7,,-,-,,,,,SYSTEM,S-1-5-18,,,,,-,,,,,,%%1843,,,-,
2025-08-13T11:05:26.668811Z,4672,DC01.garfield.htb,Microsoft-Windows-Security-Auditing,Security,2075,0,,,,,,,,,,,,,,,,,,,,,,,,,,,,,,,,,,,,,,,,,,,,,,,,,,,,,,,,,,,,,,,,,,,,,,,,,,,,,,,,,,,,,,,,,,,,,,,,,,,,,,,,,,,,,,,,,"SeAssignPrimaryTokenPrivilege
			SeTcbPrivilege
			SeSecurityPrivilege
			SeTakeOwnershipPrivilege
			SeLoadDriverPrivilege
			SeBackupPrivilege
			SeRestorePrivilege
			SeDebugPrivilege
			SeAuditPrivilege
			SeSystemEnvironmentPrivilege
			SeImpersonatePrivilege
			SeDelegateSessionUserImpersonatePrivilege",,,,,,,,,,,,,,,,,,,,,,,,,,,,,,NT AUTHORITY,0x3e7,,SYSTEM,S-1-5-18,,,,,,,,,,,,,,,,,,,,,,,,,,,,,
2025-08-13T11:05:26.670746Z,4624,DC01.garfield.htb,Microsoft-Windows-Security-Auditing,Security,2076,0,,,,,,,,,,,,,,,,,Negotiate,,,,,,,,,,,,,,,,,,,,,,,,%%1842,,,,,,,,,,,,,%%1833,-,-,,,,0,,,-,,,,,00000000-0000-0000-0000-000000000000,,Advapi  ,5,,,,,,,,,,,,,,,,,,,,,,,,,,,,,,,,,,,,,,,,,,,,0x2d0,C:\Windows\System32\services.exe,,,,,,,,,,-,,,,,,,,,,,,,,,,,GARFIELD,0x3e7,,DC01$,S-1-5-18,NT AUTHORITY,,0x0,,0x3e7,,-,-,,,,,SYSTEM,S-1-5-18,,,,,-,,,,,,%%1843,,,-,
2025-08-13T11:05:26.670750Z,4672,DC01.garfield.htb,Microsoft-Windows-Security-Auditing,Security,2077,0,,,,,,,,,,,,,,,,,,,,,,,,,,,,,,,,,,,,,,,,,,,,,,,,,,,,,,,,,,,,,,,,,,,,,,,,,,,,,,,,,,,,,,,,,,,,,,,,,,,,,,,,,,,,,,,,,"SeAssignPrimaryTokenPrivilege
			SeTcbPrivilege
			SeSecurityPrivilege
			SeTakeOwnershipPrivilege
			SeLoadDriverPrivilege
			SeBackupPrivilege
			SeRestorePrivilege
			SeDebugPrivilege
			SeAuditPrivilege
			SeSystemEnvironmentPrivilege
			SeImpersonatePrivilege
			SeDelegateSessionUserImpersonatePrivilege",,,,,,,,,,,,,,,,,,,,,,,,,,,,,,NT AUTHORITY,0x3e7,,SYSTEM,S-1-5-18,,,,,,,,,,,,,,,,,,,,,,,,,,,,,
2025-08-13T11:05:26.704026Z,4624,DC01.garfield.htb,Microsoft-Windows-Security-Auditing,Security,2078,0,,,,,,,,,,,,,,,,,Negotiate,,,,,,,,,,,,,,,,,,,,,,,,%%1842,,,,,,,,,,,,,%%1833,-,-,,,,0,,,-,,,,,00000000-0000-0000-0000-000000000000,,Advapi  ,5,,,,,,,,,,,,,,,,,,,,,,,,,,,,,,,,,,,,,,,,,,,,0x2d0,C:\Windows\System32\services.exe,,,,,,,,,,-,,,,,,,,,,,,,,,,,GARFIELD,0x3e7,,DC01$,S-1-5-18,NT AUTHORITY,,0x0,,0x3e7,,-,-,,,,,SYSTEM,S-1-5-18,,,,,-,,,,,,%%1843,,,-,
2025-08-13T11:05:26.704031Z,4672,DC01.garfield.htb,Microsoft-Windows-Security-Auditing,Security,2079,0,,,,,,,,,,,,,,,,,,,,,,,,,,,,,,,,,,,,,,,,,,,,,,,,,,,,,,,,,,,,,,,,,,,,,,,,,,,,,,,,,,,,,,,,,,,,,,,,,,,,,,,,,,,,,,,,,"SeAssignPrimaryTokenPrivilege
			SeTcbPrivilege
			SeSecurityPrivilege
			SeTakeOwnershipPrivilege
			SeLoadDriverPrivilege
			SeBackupPrivilege
			SeRestorePrivilege
			SeDebugPrivilege
			SeAuditPrivilege
			SeSystemEnvironmentPrivilege
			SeImpersonatePrivilege
			SeDelegateSessionUserImpersonatePrivilege",,,,,,,,,,,,,,,,,,,,,,,,,,,,,,NT AUTHORITY,0x3e7,,SYSTEM,S-1-5-18,,,,,,,,,,,,,,,,,,,,,,,,,,,,,
2025-08-13T11:05:26.731432Z,4624,DC01.garfield.htb,Microsoft-Windows-Security-Auditing,Security,2080,0,,,,,,,,,,,,,,,,,Negotiate,,,,,,,,,,,,,,,,,,,,,,,,%%1842,,,,,,,,,,,,,%%1833,-,-,,,,0,,,-,,,,,00000000-0000-0000-0000-000000000000,,Advapi  ,5,,,,,,,,,,,,,,,,,,,,,,,,,,,,,,,,,,,,,,,,,,,,0x2d0,C:\Windows\System32\services.exe,,,,,,,,,,-,,,,,,,,,,,,,,,,,GARFIELD,0x3e7,,DC01$,S-1-5-18,NT AUTHORITY,,0x0,,0x3e7,,-,-,,,,,SYSTEM,S-1-5-18,,,,,-,,,,,,%%1843,,,-,
2025-08-13T11:05:26.731437Z,4672,DC01.garfield.htb,Microsoft-Windows-Security-Auditing,Security,2081,0,,,,,,,,,,,,,,,,,,,,,,,,,,,,,,,,,,,,,,,,,,,,,,,,,,,,,,,,,,,,,,,,,,,,,,,,,,,,,,,,,,,,,,,,,,,,,,,,,,,,,,,,,,,,,,,,,"SeAssignPrimaryTokenPrivilege
			SeTcbPrivilege
			SeSecurityPrivilege
			SeTakeOwnershipPrivilege
			SeLoadDriverPrivilege
			SeBackupPrivilege
			SeRestorePrivilege
			SeDebugPrivilege
			SeAuditPrivilege
			SeSystemEnvironmentPrivilege
			SeImpersonatePrivilege
			SeDelegateSessionUserImpersonatePrivilege",,,,,,,,,,,,,,,,,,,,,,,,,,,,,,NT AUTHORITY,0x3e7,,SYSTEM,S-1-5-18,,,,,,,,,,,,,,,,,,,,,,,,,,,,,
2025-08-13T11:05:26.756814Z,5033,DC01.garfield.htb,Microsoft-Windows-Security-Auditing,Security,2082,0,,,,,,,,,,,,,,,,,,,,,,,,,,,,,,,,,,,,,,,,,,,,,,,,,,,,,,,,,,,,,,,,,,,,,,,,,,,,,,,,,,,,,,,,,,,,,,,,,,,,,,,,,,,,,,,,,,,,,,,,,,,,,,,,,,,,,,,,,,,,,,,,,,,,,,,,,,,,,,,,,,,,,,,,,,,,,,,,
2025-08-13T11:05:26.795378Z,4799,DC01.garfield.htb,Microsoft-Windows-Security-Auditing,Security,2083,0,,,,,,,,,,,,,,,,,,0x5a0,C:\Windows\System32\svchost.exe,,,,,,,,,,,,,,,,,,,,,,,,,,,,,,,,,,,,,,,,,,,,,,,,,,,,,,,,,,,,,,,,,,,,,,,,,,,,,,,,,,,,,,,,,,,,,,,,,,,,,,,,,,,,,,,,,,,,,,,,,,,,GARFIELD,0x3e7,,DC01$,S-1-5-18,Builtin,,,,,,,,,,,S-1-5-32-544,Administrators,,,,,,,,,,,,,,,,
2025-08-13T11:05:26.796054Z,4799,DC01.garfield.htb,Microsoft-Windows-Security-Auditing,Security,2084,0,,,,,,,,,,,,,,,,,,0x5a0,C:\Windows\System32\svchost.exe,,,,,,,,,,,,,,,,,,,,,,,,,,,,,,,,,,,,,,,,,,,,,,,,,,,,,,,,,,,,,,,,,,,,,,,,,,,,,,,,,,,,,,,,,,,,,,,,,,,,,,,,,,,,,,,,,,,,,,,,,,,,GARFIELD,0x3e7,,DC01$,S-1-5-18,Builtin,,,,,,,,,,,S-1-5-32-551,Backup Operators,,,,,,,,,,,,,,,,
2025-08-13T11:05:27.034755Z,5024,DC01.garfield.htb,Microsoft-Windows-Security-Auditing,Security,2085,0,,,,,,,,,,,,,,,,,,,,,,,,,,,,,,,,,,,,,,,,,,,,,,,,,,,,,,,,,,,,,,,,,,,,,,,,,,,,,,,,,,,,,,,,,,,,,,,,,,,,,,,,,,,,,,,,,,,,,,,,,,,,,,,,,,,,,,,,,,,,,,,,,,,,,,,,,,,,,,,,,,,,,,,,,,,,,,,,
2025-08-13T11:05:35.020600Z,4799,DC01.garfield.htb,Microsoft-Windows-Security-Auditing,Security,2086,0,,,,,,,,,,,,,,,,,,0x2ec,C:\Windows\System32\lsass.exe,,,,,,,,,,,,,,,,,,,,,,,,,,,,,,,,,,,,,,,,,,,,,,,,,,,,,,,,,,,,,,,,,,,,,,,,,,,,,,,,,,,,,,,,,,,,,,,,,,,,,,,,,,,,,,,,,,,,,,,,,,,,GARFIELD,0x3e7,,DC01$,S-1-5-18,Builtin,,,,,,,,,,,S-1-5-32-544,Administrators,,,,,,,,,,,,,,,,
2025-08-13T11:05:35.021387Z,4799,DC01.garfield.htb,Microsoft-Windows-Security-Auditing,Security,2087,0,,,,,,,,,,,,,,,,,,0x2ec,C:\Windows\System32\lsass.exe,,,,,,,,,,,,,,,,,,,,,,,,,,,,,,,,,,,,,,,,,,,,,,,,,,,,,,,,,,,,,,,,,,,,,,,,,,,,,,,,,,,,,,,,,,,,,,,,,,,,,,,,,,,,,,,,,,,,,,,,,,,,GARFIELD,0x3e7,,DC01$,S-1-5-18,Builtin,,,,,,,,,,,S-1-5-32-551,Backup Operators,,,,,,,,,,,,,,,,
2025-08-13T11:05:36.133335Z,4624,DC01.garfield.htb,Microsoft-Windows-Security-Auditing,Security,2088,0,,,,,,,,,,,,,,,,,Negotiate,,,,,,,,,,,,,,,,,,,,,,,,%%1842,,,,,,,,,,,,,%%1833,-,-,,,,0,,,-,,,,,00000000-0000-0000-0000-000000000000,,Advapi  ,5,,,,,,,,,,,,,,,,,,,,,,,,,,,,,,,,,,,,,,,,,,,,0x2d0,C:\Windows\System32\services.exe,,,,,,,,,,-,,,,,,,,,,,,,,,,,GARFIELD,0x3e7,,DC01$,S-1-5-18,NT AUTHORITY,,0x0,,0x3e7,,-,-,,,,,SYSTEM,S-1-5-18,,,,,-,,,,,,%%1843,,,-,
2025-08-13T11:05:36.133340Z,4672,DC01.garfield.htb,Microsoft-Windows-Security-Auditing,Security,2089,0,,,,,,,,,,,,,,,,,,,,,,,,,,,,,,,,,,,,,,,,,,,,,,,,,,,,,,,,,,,,,,,,,,,,,,,,,,,,,,,,,,,,,,,,,,,,,,,,,,,,,,,,,,,,,,,,,"SeAssignPrimaryTokenPrivilege
			SeTcbPrivilege
			SeSecurityPrivilege
			SeTakeOwnershipPrivilege
			SeLoadDriverPrivilege
			SeBackupPrivilege
			SeRestorePrivilege
			SeDebugPrivilege
			SeAuditPrivilege
			SeSystemEnvironmentPrivilege
			SeImpersonatePrivilege
			SeDelegateSessionUserImpersonatePrivilege",,,,,,,,,,,,,,,,,,,,,,,,,,,,,,NT AUTHORITY,0x3e7,,SYSTEM,S-1-5-18,,,,,,,,,,,,,,,,,,,,,,,,,,,,,
2025-08-13T11:05:51.627236Z,4624,DC01.garfield.htb,Microsoft-Windows-Security-Auditing,Security,2090,0,,,,,,,,,,,,,,,,,Negotiate,,,,,,,,,,,,,,,,,,,,,,,,%%1842,,,,,,,,,,,,,%%1833,-,-,,,,0,,,-,,,,,00000000-0000-0000-0000-000000000000,,Advapi  ,5,,,,,,,,,,,,,,,,,,,,,,,,,,,,,,,,,,,,,,,,,,,,0x2d0,C:\Windows\System32\services.exe,,,,,,,,,,-,,,,,,,,,,,,,,,,,GARFIELD,0x3e7,,DC01$,S-1-5-18,NT AUTHORITY,,0x0,,0x3e7,,-,-,,,,,SYSTEM,S-1-5-18,,,,,-,,,,,,%%1843,,,-,
2025-08-13T11:05:51.627241Z,4672,DC01.garfield.htb,Microsoft-Windows-Security-Auditing,Security,2091,0,,,,,,,,,,,,,,,,,,,,,,,,,,,,,,,,,,,,,,,,,,,,,,,,,,,,,,,,,,,,,,,,,,,,,,,,,,,,,,,,,,,,,,,,,,,,,,,,,,,,,,,,,,,,,,,,,"SeAssignPrimaryTokenPrivilege
			SeTcbPrivilege
			SeSecurityPrivilege
			SeTakeOwnershipPrivilege
			SeLoadDriverPrivilege
			SeBackupPrivilege
			SeRestorePrivilege
			SeDebugPrivilege
			SeAuditPrivilege
			SeSystemEnvironmentPrivilege
			SeImpersonatePrivilege
			SeDelegateSessionUserImpersonatePrivilege",,,,,,,,,,,,,,,,,,,,,,,,,,,,,,NT AUTHORITY,0x3e7,,SYSTEM,S-1-5-18,,,,,,,,,,,,,,,,,,,,,,,,,,,,,
2025-08-13T11:05:51.647990Z,4624,DC01.garfield.htb,Microsoft-Windows-Security-Auditing,Security,2092,0,,,,,,,,,,,,,,,,,Negotiate,,,,,,,,,,,,,,,,,,,,,,,,%%1842,,,,,,,,,,,,,%%1833,-,-,,,,0,,,-,,,,,00000000-0000-0000-0000-000000000000,,Advapi  ,5,,,,,,,,,,,,,,,,,,,,,,,,,,,,,,,,,,,,,,,,,,,,0x2d0,C:\Windows\System32\services.exe,,,,,,,,,,-,,,,,,,,,,,,,,,,,GARFIELD,0x3e7,,DC01$,S-1-5-18,NT AUTHORITY,,0x0,,0x3e7,,-,-,,,,,SYSTEM,S-1-5-18,,,,,-,,,,,,%%1843,,,-,
2025-08-13T11:05:51.647995Z,4672,DC01.garfield.htb,Microsoft-Windows-Security-Auditing,Security,2093,0,,,,,,,,,,,,,,,,,,,,,,,,,,,,,,,,,,,,,,,,,,,,,,,,,,,,,,,,,,,,,,,,,,,,,,,,,,,,,,,,,,,,,,,,,,,,,,,,,,,,,,,,,,,,,,,,,"SeAssignPrimaryTokenPrivilege
			SeTcbPrivilege
			SeSecurityPrivilege
			SeTakeOwnershipPrivilege
			SeLoadDriverPrivilege
			SeBackupPrivilege
			SeRestorePrivilege
			SeDebugPrivilege
			SeAuditPrivilege
			SeSystemEnvironmentPrivilege
			SeImpersonatePrivilege
			SeDelegateSessionUserImpersonatePrivilege",,,,,,,,,,,,,,,,,,,,,,,,,,,,,,NT AUTHORITY,0x3e7,,SYSTEM,S-1-5-18,,,,,,,,,,,,,,,,,,,,,,,,,,,,,
