2026-04-01T21:47:50.198913Z,"{'#attributes': {'Qualifiers': 32768}, '#text': 6000}",DC01.garfield.htb,Microsoft-Windows-Winlogon,Application,3795,4,,,D9060000,,WSearch,,,,,,,,,,,,,,,,,,,,,,,,,,,,,,,,,,,,,,,,,,,,,,,,
2026-04-01T21:48:06.444911Z,"{'#attributes': {'Qualifiers': 0}, '#text': 260}",DC01.garfield.htb,VMUpgradeHelper,Application,3796,4,,,,,,,,,,,,,,,,,,,,,,,,,,,,,,,,,,,,,,,,,,,,,,,,,,,,,
2026-04-01T21:48:06.444911Z,"{'#attributes': {'Qualifiers': 0}, '#text': 272}",DC01.garfield.htb,VMUpgradeHelper,Application,3797,4,,,,,,,,,,,,,,,,,,,,,,,,,,,,,,,,,,,,,,,,,,,,,,,,,,,,,
2026-04-01T21:48:06.460544Z,"{'#attributes': {'Qualifiers': 0}, '#text': 108}",DC01.garfield.htb,VMTools,Application,3798,4,,,,,,,,,,,,,,,,,,,,,,,,,,,,,,,,,,,,,,,,,,,,,,,,,,,,,
2026-04-01T21:48:06.775600Z,1532,DC01.garfield.htb,Microsoft-Windows-User Profiles Service,Application,3799,4,,,,,,,,,,,,,,,,,,,,,,,,,,,,,,,,,,,,,,,,,,,,,,,,,,,,,
2026-04-01T22:19:36.672212Z,"{'#attributes': {'Qualifiers': 16384}, '#text': 4625}",DC01,Microsoft-Windows-EventSystem,Application,3800,4,,,,,,,,,,,,,,,,,,,,,,,,,,,,,,,,,,,,,,,,,,86400,,,,SuppressDuplicateDuration,Software\Microsoft\EventSystem\EventLog,,,,,,
2026-04-01T22:19:36.723213Z,1531,DC01.garfield.htb,Microsoft-Windows-User Profiles Service,Application,3801,4,,,,,,,,,,,,,,,,,,,,,,,,,,,,,,,,,,,,,,,,,,,,,,,,,,,,,
2026-04-01T22:19:38.396349Z,5615,DC01.garfield.htb,Microsoft-Windows-WMI,Application,3802,4,,,,,,,,,,,,,,,,,,,,,,,,,,,,,,,,,,,,,,,,,,,,,,,,,,,,,
2026-04-01T22:19:39.560434Z,5617,DC01.garfield.htb,Microsoft-Windows-WMI,Application,3803,4,,,,,,,,,,,,,,,,,,,,,,,,,,,,,,,,,,,,,,,,,,,,,,,,,,,,,
2026-04-01T22:19:59.282177Z,"{'#attributes': {'Qualifiers': 0}, '#text': 105}",DC01.garfield.htb,VMTools,Application,3804,4,,,,,,,,,,,,,,,,,,,,,,,,,,,,,,,,,,,,,,,,,,,,,,,,,,,,,
2026-04-01T22:19:59.719673Z,"{'#attributes': {'Qualifiers': 16384}, '#text': 9027}",DC01.garfield.htb,Desktop Window Manager,Application,3805,4,,,,,,,,,,,,,,,,,,,,,,,,,,,,,,,,,,,,,,,,,,,,,,,,,,,,,
2026-04-01T22:20:00.454049Z,"{'#attributes': {'Qualifiers': 0}, '#text': 258}",DC01.garfield.htb,VMUpgradeHelper,Application,3806,4,,,,,,,,,,,,,,,,,,,,,,,,,,,,,,,,,,,,,,,,,,,,,,,,,,,,,
2026-04-01T22:20:00.485292Z,"{'#attributes': {'Qualifiers': 16384}, '#text': 781}",DC01.garfield.htb,Microsoft-Windows-Complus,Application,3807,4,,,,,,,,,,,,,,,,,,,,,,,,,,,,,,,,,,,,,,,,,,86400,,,,SuppressDuplicateDuration,Software\Microsoft\COM3\Eventlog,,,,,,
2026-04-01T22:20:00.875925Z,"{'#attributes': {'Qualifiers': 0}, '#text': 271}",DC01.garfield.htb,VMUpgradeHelper,Application,3808,4,,,,,,,,,,,,,,,,,,,,,,,,,,,,,,,,,,,,,,,,,,,,,,,,,,,,,
2026-04-01T22:20:01.172790Z,"{'#attributes': {'Qualifiers': 16384}, '#text': 4202}",DC01.garfield.htb,Microsoft-Windows-MSDTC 2,Application,3809,4,,,,,,,,,,,,,,,,,,,,,,,,,,,,,,,,,,,,,,,,,,0,0,0,1,0,0,0,0,0,1,Mutual Authentication Required,NT AUTHORITY\NetworkService
2026-04-01T22:20:24.047789Z,"{'#attributes': {'Qualifiers': 16384}, '#text': 900}",DC01.garfield.htb,Microsoft-Windows-Security-SPP,Application,3810,4,,,,,TriggerStarted:6,,,,,,,,,,,,,,,,,,,,,,,,,,,,,,,,,,,,,,,,,,,,,,,,
2026-04-01T22:20:24.609603Z,"{'#attributes': {'Qualifiers': 49152}, '#text': 16394}",DC01.garfield.htb,Microsoft-Windows-Security-SPP,Application,3811,4,,,,,,,,,,,,,,,,,,,,,,,,,,,,,,,,,,,,,,,,,,,,,,,,,,,,,
2026-04-01T22:20:24.978178Z,"{'#attributes': {'Qualifiers': 16384}, '#text': 1066}",DC01.garfield.htb,Microsoft-Windows-Security-SPP,Application,3812,4,,,,,"C:\Windows\system32\sppwinob.dll, msft:spp/windowsfunctionality/agent/7.0, 0x00000000, 0x00000000
C:\Windows\system32\sppobjs.dll, msft:rm/algorithm/inherited/1.0, 0x00000000, 0x00000000
C:\Windows\system32\sppobjs.dll, msft:rm/algorithm/phone/1.0, 0x00000000, 0x00000000
C:\Windows\system32\sppobjs.dll, msft:rm/algorithm/pkey/detect, 0x00000000, 0x00000000
C:\Windows\system32\sppobjs.dll, msft:spp/ActionScheduler/1.0, 0x00000000, 0x00000000
C:\Windows\system32\sppobjs.dll, msft:spp/TaskScheduler/1.0, 0x00000000, 0x00000000
C:\Windows\system32\sppobjs.dll, msft:spp/statecollector/pkey, 0x00000000, 0x00000000
C:\Windows\system32\sppobjs.dll, msft:spp/volume/services/kms/1.0, 0x00000000, 0x00000000
C:\Windows\system32\sppobjs.dll, msft:spp/volume/services/kms/activationinfo/1.0, 0x00000000, 0x00000000
",,,,,,,,,,,,,,,,,,,,,,,,,,,,,,,,,,,,,,,,,,,,,,,,
2026-04-01T22:20:25.782171Z,"{'#attributes': {'Qualifiers': 16384}, '#text': 1003}",DC01.garfield.htb,Microsoft-Windows-Security-SPP,Application,3813,4,,,,,,55c92734-d682-4d71-983e-d6ec3f16059f,"
1: 22105925-48c3-4ff4-a294-f654bb27e390, 1, 0 [(0 [0xC004F014, 0, 0], [(?)(?)(?)(?)(?)(?)(?)(?)])(1 )(2 )(3 )]
2: 281c216a-5957-439b-adf2-aff4098a2bdd, 1, 0 [(0 [0xC004F014, 0, 0], [(?)(?)(?)(?)(?)(?)(?)(?)])(1 )(2 )(3 )]
3: 2e7a9ad1-a849-4b56-babe-17d5a29fe4b4, 1, 0 [(0 [0xC004F014, 0, 0], [(?)(?)(?)(?)(?)(?)(?)(?)])(1 )(2 )(3 )]
4: 3c006fa7-3b03-45a4-93da-63ddc1bdce11, 1, 0 [(0 [0xC004F014, 0, 0], [(?)(?)(?)(?)(?)(?)(?)(?)])(1 )(2 )(3 )]
5: 4285bbda-6219-4c1a-98e9-859e60d669fb, 1, 0 [(0 [0xC004F014, 0, 0], [(?)(?)(?)(?)(?)(?)(?)(?)])(1 )(2 )(3 )]
6: 44a5b4c3-e4b1-483b-81e8-0f78f4d98283, 1, 0 [(0 [0xC004F014, 0, 0], [(?)(?)(?)(?)(?)(?)(?)(?)])(1 )(2 )(3 )]
7: 661f7658-7035-4b4c-9f35-010682943ec2, 1, 0 [(0 [0xC004F014, 0, 0], [(?)(?)(?)(?)(?)(?)(?)(?)])(1 )(2 )(3 )]
8: 6bad0243-1c35-46b2-b8e6-7a853e37413f, 1, 0 [(0 [0xC004F014, 0, 0], [(?)(?)(?)(?)(?)(?)(?)(?)])(1 )(2 )(3 )]
9: 82fcf64d-f9dd-4411-9c79-f2eed16d4eb8, 1, 0 [(0 [0xC004F014, 0, 0], [(?)(?)(?)(?)(?)(?)(?)(?)])(1 )(2 )(3 )]
10: 84e331f6-4279-48c4-ab10-b75139181351, 1, 0 [(0 [0xC004F014, 0, 0], [(?)(?)(?)(?)(?)(?)(?)(?)])(1 )(2 )(3 )]
11: 8ea56c31-fe6e-4d56-9d17-8dc1ab35dd8b, 1, 0 [(0 [0xC004F014, 0, 0], [(?)(?)(?)(?)(?)(?)(?)(?)])(1 )(2 )(3 )]
12: 92114319-12ea-4bca-9d63-8740de9feff3, 1, 1 [(0 )(1 )(2 [0xC004E003, 0, 0], [( 1 0xC004F034)( 1 0xC004F034)(?)(?)(?)(?)(?)(?)])(3 [0x00000000, 0, 0], [( 6 0xC004F009 0 0)( 1 0x00000000)( 6 0xC004F009 0 0)(?)(?)(?)( 10 0x00000000 msft:rm/algorithm/flags/1.0)( 11 0x00000000 0xC004F034)])]
13: 9db83b52-9904-4326-8957-ebe6feedf37c, 1, 0 [(0 [0xC004F014, 0, 0], [(?)(?)(?)(?)(?)(?)(?)(?)])(1 )(2 )(3 )]
14: c2d23e1f-ee3e-4533-9094-e6dc0b8aa049, 1, 0 [(0 [0xC004F014, 0, 0], [(?)(?)(?)(?)(?)(?)(?)(?)])(1 )(2 )(3 )]
15: d07edbd8-02cb-49b1-8358-f2de7afd8a4d, 1, 0 [(0 [0xC004F014, 0, 0], [(?)(?)(?)(?)(?)(?)(?)(?)])(1 )(2 )(3 )]
16: de32eafd-aaee-4662-9444-c1befb41bde2, 1, 0 [(0 [0xC004F014, 0, 0], [(?)(?)(?)(?)(?)(?)(?)(?)])(1 )(2 )(3 )]
17: e73aabfa-12bc-4705-b551-2dd076bebc7d, 1, 0 [(0 [0xC004F014, 0, 0], [(?)(?)(?)(?)(?)(?)(?)(?)])(1 )(2 )(3 )]
18: e936f630-5125-4a39-b1de-544d6c036491, 1, 0 [(0 [0xC004F014, 0, 0], [(?)(?)(?)(?)(?)(?)(?)(?)])(1 )(2 )(3 )]
19: fd946594-6f0d-4c5c-9bf7-f5f628ecd0b9, 1, 0 [(0 [0xC004F014, 0, 0], [(?)(?)(?)(?)(?)(?)(?)(?)])(1 )(2 )(3 )]

",,,,,,,,,,,,,,,,,,,,,,,,,,,,,,,,,,,,,,,,,,,,,,
2026-04-01T22:20:26.047803Z,"{'#attributes': {'Qualifiers': 16384}, '#text': 902}",DC01.garfield.htb,Microsoft-Windows-Security-SPP,Application,3814,0,,,,,10.0.17763.8385,,,,,,,,,,,,,,,,,,,,,,,,,,,,,,,,,,,,,,,,,,,,,,,,
2026-04-01T22:20:27.204058Z,"{'#attributes': {'Qualifiers': 49152}, '#text': 8197}",DC01.garfield.htb,Microsoft-Windows-Security-SPP,Application,3815,4,,,,,RuleId=31e71c49-8da7-4a2f-ad92-45d98a1c79ba;Action=NotifyUser;AppId=55c92734-d682-4d71-983e-d6ec3f16059f;SkuId=92114319-12ea-4bca-9d63-8740de9feff3;NotificationInterval=1440;Trigger=UserLogon;SessionId=1,,,,,,,,,,,,,,,,,,,,,,,,,,,,,,,,,,,,,,,,,,,,,,,,
2026-04-01T22:21:02.353919Z,"{'#attributes': {'Qualifiers': 16384}, '#text': 16384}",DC01.garfield.htb,Microsoft-Windows-Security-SPP,Application,3816,4,,,,,,2026-04-02T22:20:02Z,RulesEngine,,,,,,,,,,,,,,,,,,,,,,,,,,,,,,,,,,,,,,,,,,,,,,
2026-04-01T22:21:02.370912Z,"{'#attributes': {'Qualifiers': 16384}, '#text': 903}",DC01.garfield.htb,Microsoft-Windows-Security-SPP,Application,3817,0,,,,,,,,,,,,,,,,,,,,,,,,,,,,,,,,,,,,,,,,,,,,,,,,,,,,,
2026-04-01T22:22:00.953281Z,"{'#attributes': {'Qualifiers': 16384}, '#text': 900}",DC01.garfield.htb,Microsoft-Windows-Security-SPP,Application,3818,4,,,,,<explicit>,,,,,,,,,,,,,,,,,,,,,,,,,,,,,,,,,,,,,,,,,,,,,,,,
2026-04-01T22:22:01.093905Z,"{'#attributes': {'Qualifiers': 49152}, '#text': 16394}",DC01.garfield.htb,Microsoft-Windows-Security-SPP,Application,3819,4,,,,,,,,,,,,,,,,,,,,,,,,,,,,,,,,,,,,,,,,,,,,,,,,,,,,,
2026-04-01T22:22:31.169250Z,"{'#attributes': {'Qualifiers': 16384}, '#text': 16384}",DC01.garfield.htb,Microsoft-Windows-Security-SPP,Application,3820,4,,,,,,2026-04-02T22:19:31Z,RulesEngine,,,,,,,,,,,,,,,,,,,,,,,,,,,,,,,,,,,,,,,,,,,,,,
2026-04-01T22:23:01.403202Z,"{'#attributes': {'Qualifiers': 0}, '#text': 8224}",DC01.garfield.htb,VSS,Application,3821,4,,,2D20436F64653A2020434F525356434330303030303737332D2043616C6C3A2020434F525356434330303030303735352D205049443A202030303030343331322D205449443A202030303030343333322D20434D443A2020433A5C57696E646F77735C73797374656D33325C76737376632E6578652020202D20557365723A204E616D653A204E5420415554484F524954595C53595354454D2C205349443A532D312D352D313820,,,,,,,,,,,,,,,,,,,,,,,,,,,,,,,,,,,,,,,,,,,,,,,,,,
2026-04-01T22:23:45.307488Z,1001,DC01.garfield.htb,Microsoft-Windows-LoadPerf,Application,3822,4,,,,,,,,,,,,,,,,,,,,,,,,,,,,,,,,,,,,,,LoadPerf,2035000021350000D2050000,12,,WmiApRpl,,,,WmiApRpl,,,,,,,
2026-04-01T22:23:45.361560Z,1000,DC01.garfield.htb,Microsoft-Windows-LoadPerf,Application,3823,4,,,,,,,,,,,,,,,,,,,,,,,,,,,,,,,,,,,,,,LoadPerf,22350000C835000023350000C9350000,16,,WmiApRpl,,,,WmiApRpl,,,,,,,
2026-04-01T22:25:03.766728Z,"{'#attributes': {'Qualifiers': 0}, '#text': 102}",DC01.garfield.htb,ESENT,Application,3824,4,,,,,,DFSRs,"2668,P,98",,,,,,,,,,,\\.\C:\System Volume Information\DFSR\database_A41A_4703_1A46_D1CA\dfsr.db: ,,,,0,10,00,17763,0000,,,,,,,,,,,,,,,,,,,,,,,,,,,
2026-04-01T22:25:03.907065Z,"{'#attributes': {'Qualifiers': 0}, '#text': 105}",DC01.garfield.htb,ESENT,Application,3825,4,,,,,,DFSRs,"2668,D,0",,,,,,,,,,,\\.\C:\System Volume Information\DFSR\database_A41A_4703_1A46_D1CA\dfsr.db: ,,,,0,0,"
[1] 0.009252 +J(0) +M(C:0K, Fs:270, WS:976K # 976K, PF:6372K # 6476K, P:6372K)
[2] 0.000331 +J(0) +M(C:16K, Fs:91, WS:360K # 360K, PF:304K # 200K, P:304K)
[3] 0.000026 +J(0) +M(C:0K, Fs:5, WS:16K # 16K, PF:68K # 68K, P:68K)
[4] 0.000205 +J(0) +M(C:2032K, Fs:37, WS:140K # 140K, PF:2432K # 2432K, P:2432K)
[5] 0.000882 +J(0) +M(C:0K, Fs:10, WS:40K # 40K, PF:28K # 28K, P:28K)
[6] 0.002614 +J(0) +M(C:0K, Fs:16, WS:64K # 64K, PF:12K # 12K, P:12K)
[7] 0.048698 -0.043107 (21) WT +J(0) +M(C:0K, Fs:1301, WS:5196K # 5196K, PF:5132K # 5132K, P:5132K)
[8] -
[9] -
[10] -
[11] -
[12] -
[13] 0.074152 -0.024334 (22) WT +J(CM:0, PgRf:0, Rd:0/0, Dy:0/0, Lg:616/1) +M(C:0K, Fs:7, WS:-5100K # 16K, PF:-5124K # 12K, P:-5124K)
[14] 0.000039 +J(0) +M(C:0K, Fs:1, WS:4K # 0K, PF:0K # 0K, P:0K)
[15] 0.000109 +J(0) +M(C:0K, Fs:64, WS:256K # 0K, PF:64K # 0K, P:64K)
[16] 0.001177 -0.000753 (1) WT +J(0) +M(C:0K, Fs:3, WS:4K # 0K, PF:0K # 0K, P:0K).",,,,,,,,,,,,,,,,,,,,,,,,,,,,,
2026-04-01T22:25:03.925917Z,"{'#attributes': {'Qualifiers': 0}, '#text': 326}",DC01.garfield.htb,ESENT,Application,3826,4,,,,,,DFSRs,"2668,D,50",,,,,,,,,,,\\.\C:\System Volume Information\DFSR\database_A41A_4703_1A46_D1CA\dfsr.db: ,,,,1,\\.\C:\System Volume Information\DFSR\database_A41A_4703_1A46_D1CA\dfsr.db,0,"
[1] 0.000008 +J(0) +M(C:0K, Fs:1, WS:4K # 0K, PF:0K # 0K, P:0K)
[2] 0.002804 -0.002450 (1) WT +J(0) +M(C:0K, Fs:19, WS:12K # 0K, PF:8K # 0K, P:8K)
[3] 0.015818 -0.007477 (6) WT +J(CM:0, PgRf:0, Rd:0/0, Dy:0/0, Lg:3480/2) +M(C:0K, Fs:36, WS:128K # 0K, PF:172K # 0K, P:172K)
[4] 0.000847 +J(0)
[5] -
[6] -
[7] -
[8] 0.001250 -0.000855 (2) CM -0.000663 (2) WT +J(CM:2, PgRf:2, Rd:14/2, Dy:0/0, Lg:0/0) +M(C:-8K, Fs:70, WS:268K # 0K, PF:124K # 0K, P:124K)
[9] 0.005274 -0.004343 (2) CM -0.004196 (2) WT +J(CM:2, PgRf:23, Rd:0/1, Dy:0/0, Lg:0/0) +M(C:-12K, Fs:20, WS:68K # 0K, PF:188K # 0K, P:188K)
[10] 0.001069 -0.000900 (1) CM -0.000824 (1) WT +J(CM:1, PgRf:40, Rd:0/1, Dy:0/0, Lg:0/0) +M(C:-4K, Fs:4, WS:12K # 0K, PF:60K # 0K, P:60K)
[11] 0.000023 +J(CM:0, PgRf:1, Rd:0/0, Dy:0/0, Lg:0/0) +M(C:0K, Fs:2, WS:8K # 0K, PF:0K # 0K, P:0K)
[12] 0.000052 +J(CM:0, PgRf:36, Rd:0/0, Dy:0/0, Lg:0/0)
[13] 0.000001 +J(0)
[14] 0.0 +J(0)
[15] 0.000008 +J(CM:0, PgRf:1, Rd:0/0, Dy:0/0, Lg:0/0).",0 0,lgposAttach = 00000001:01D5:0268,,,,,,,,,,,,,,,,,,,,,,,,,,
2026-04-01T22:49:38.339945Z,"{'#attributes': {'Qualifiers': 49152}, '#text': 16394}",DC01.garfield.htb,Microsoft-Windows-Security-SPP,Application,3827,4,,,,,,,,,,,,,,,,,,,,,,,,,,,,,,,,,,,,,,,,,,,,,,,,,,,,,
2026-04-01T22:49:38.543029Z,"{'#attributes': {'Qualifiers': 49152}, '#text': 8197}",DC01.garfield.htb,Microsoft-Windows-Security-SPP,Application,3828,4,,,,,RuleId=31e71c49-8da7-4a2f-ad92-45d98a1c79ba;Action=NotifyUser;AppId=55c92734-d682-4d71-983e-d6ec3f16059f;SkuId=92114319-12ea-4bca-9d63-8740de9feff3;NotificationInterval=1440;Trigger=NetworkAvailable,,,,,,,,,,,,,,,,,,,,,,,,,,,,,,,,,,,,,,,,,,,,,,,,
2026-04-01T22:50:08.567847Z,"{'#attributes': {'Qualifiers': 16384}, '#text': 16384}",DC01.garfield.htb,Microsoft-Windows-Security-SPP,Application,3829,4,,,,,,2026-04-02T22:49:08Z,RulesEngine,,,,,,,,,,,,,,,,,,,,,,,,,,,,,,,,,,,,,,,,,,,,,,
2026-04-01T22:56:23.050922Z,"{'#attributes': {'Qualifiers': 32768}, '#text': 6000}",DC01.garfield.htb,Microsoft-Windows-Winlogon,Application,3830,4,,,D9060000,,WSearch,,,,,,,,,,,,,,,,,,,,,,,,,,,,,,,,,,,,,,,,,,,,,,,,
2026-04-01T22:56:23.285314Z,"{'#attributes': {'Qualifiers': 0}, '#text': 260}",DC01.garfield.htb,VMUpgradeHelper,Application,3831,4,,,,,,,,,,,,,,,,,,,,,,,,,,,,,,,,,,,,,,,,,,,,,,,,,,,,,
2026-04-01T22:56:23.285314Z,"{'#attributes': {'Qualifiers': 0}, '#text': 272}",DC01.garfield.htb,VMUpgradeHelper,Application,3832,4,,,,,,,,,,,,,,,,,,,,,,,,,,,,,,,,,,,,,,,,,,,,,,,,,,,,,
2026-04-01T22:56:23.301361Z,"{'#attributes': {'Qualifiers': 0}, '#text': 108}",DC01.garfield.htb,VMTools,Application,3833,4,,,,,,,,,,,,,,,,,,,,,,,,,,,,,,,,,,,,,,,,,,,,,,,,,,,,,
2026-04-01T22:56:23.457160Z,"{'#attributes': {'Qualifiers': 16384}, '#text': 4111}",DC01.garfield.htb,Microsoft-Windows-MSDTC,Application,3834,4,,,4D005300440054004300,,,,,,,,,,,,,,,,,,,,,,,,,,,,,,,,,,,,,,,,,,,,,,,,,,
2026-04-01T22:56:23.475739Z,1532,DC01.garfield.htb,Microsoft-Windows-User Profiles Service,Application,3835,4,,,,,,,,,,,,,,,,,,,,,,,,,,,,,,,,,,,,,,,,,,,,,,,,,,,,,
2026-04-01T22:57:58.875357Z,"{'#attributes': {'Qualifiers': 16384}, '#text': 4625}",DC01,Microsoft-Windows-EventSystem,Application,3836,4,,,,,,,,,,,,,,,,,,,,,,,,,,,,,,,,,,,,,,,,,,86400,,,,SuppressDuplicateDuration,Software\Microsoft\EventSystem\EventLog,,,,,,
2026-04-01T22:57:58.886664Z,1531,DC01.garfield.htb,Microsoft-Windows-User Profiles Service,Application,3837,4,,,,,,,,,,,,,,,,,,,,,,,,,,,,,,,,,,,,,,,,,,,,,,,,,,,,,
2026-04-01T22:58:00.270489Z,5615,DC01.garfield.htb,Microsoft-Windows-WMI,Application,3838,4,,,,,,,,,,,,,,,,,,,,,,,,,,,,,,,,,,,,,,,,,,,,,,,,,,,,,
2026-04-01T22:58:01.954637Z,5617,DC01.garfield.htb,Microsoft-Windows-WMI,Application,3839,4,,,,,,,,,,,,,,,,,,,,,,,,,,,,,,,,,,,,,,,,,,,,,,,,,,,,,
2026-04-01T22:58:18.328720Z,"{'#attributes': {'Qualifiers': 0}, '#text': 105}",DC01.garfield.htb,VMTools,Application,3840,4,,,,,,,,,,,,,,,,,,,,,,,,,,,,,,,,,,,,,,,,,,,,,,,,,,,,,
2026-04-01T22:58:19.031857Z,"{'#attributes': {'Qualifiers': 16384}, '#text': 9027}",DC01.garfield.htb,Desktop Window Manager,Application,3841,4,,,,,,,,,,,,,,,,,,,,,,,,,,,,,,,,,,,,,,,,,,,,,,,,,,,,,
2026-04-01T22:58:19.328719Z,"{'#attributes': {'Qualifiers': 16384}, '#text': 781}",DC01.garfield.htb,Microsoft-Windows-Complus,Application,3842,4,,,,,,,,,,,,,,,,,,,,,,,,,,,,,,,,,,,,,,,,,,86400,,,,SuppressDuplicateDuration,Software\Microsoft\COM3\Eventlog,,,,,,
2026-04-01T22:58:19.594661Z,"{'#attributes': {'Qualifiers': 0}, '#text': 258}",DC01.garfield.htb,VMUpgradeHelper,Application,3843,4,,,,,,,,,,,,,,,,,,,,,,,,,,,,,,,,,,,,,,,,,,,,,,,,,,,,,
2026-04-01T22:58:19.797466Z,"{'#attributes': {'Qualifiers': 0}, '#text': 271}",DC01.garfield.htb,VMUpgradeHelper,Application,3844,4,,,,,,,,,,,,,,,,,,,,,,,,,,,,,,,,,,,,,,,,,,,,,,,,,,,,,
2026-04-01T22:58:19.813099Z,"{'#attributes': {'Qualifiers': 16384}, '#text': 4202}",DC01.garfield.htb,Microsoft-Windows-MSDTC 2,Application,3845,4,,,,,,,,,,,,,,,,,,,,,,,,,,,,,,,,,,,,,,,,,,0,0,0,1,0,0,0,0,0,1,Mutual Authentication Required,NT AUTHORITY\NetworkService
2026-04-01T22:59:05.266237Z,"{'#attributes': {'Qualifiers': 16384}, '#text': 900}",DC01.garfield.htb,Microsoft-Windows-Security-SPP,Application,3846,4,,,,,TriggerStarted:6,,,,,,,,,,,,,,,,,,,,,,,,,,,,,,,,,,,,,,,,,,,,,,,,
2026-04-01T22:59:05.719349Z,"{'#attributes': {'Qualifiers': 49152}, '#text': 16394}",DC01.garfield.htb,Microsoft-Windows-Security-SPP,Application,3847,4,,,,,,,,,,,,,,,,,,,,,,,,,,,,,,,,,,,,,,,,,,,,,,,,,,,,,
2026-04-01T22:59:05.828739Z,"{'#attributes': {'Qualifiers': 16384}, '#text': 1066}",DC01.garfield.htb,Microsoft-Windows-Security-SPP,Application,3848,4,,,,,"C:\Windows\system32\sppwinob.dll, msft:spp/windowsfunctionality/agent/7.0, 0x00000000, 0x00000000
C:\Windows\system32\sppobjs.dll, msft:rm/algorithm/inherited/1.0, 0x00000000, 0x00000000
C:\Windows\system32\sppobjs.dll, msft:rm/algorithm/phone/1.0, 0x00000000, 0x00000000
C:\Windows\system32\sppobjs.dll, msft:rm/algorithm/pkey/detect, 0x00000000, 0x00000000
C:\Windows\system32\sppobjs.dll, msft:spp/ActionScheduler/1.0, 0x00000000, 0x00000000
C:\Windows\system32\sppobjs.dll, msft:spp/TaskScheduler/1.0, 0x00000000, 0x00000000
C:\Windows\system32\sppobjs.dll, msft:spp/statecollector/pkey, 0x00000000, 0x00000000
C:\Windows\system32\sppobjs.dll, msft:spp/volume/services/kms/1.0, 0x00000000, 0x00000000
C:\Windows\system32\sppobjs.dll, msft:spp/volume/services/kms/activationinfo/1.0, 0x00000000, 0x00000000
",,,,,,,,,,,,,,,,,,,,,,,,,,,,,,,,,,,,,,,,,,,,,,,,
2026-04-01T22:59:06.313098Z,"{'#attributes': {'Qualifiers': 16384}, '#text': 1003}",DC01.garfield.htb,Microsoft-Windows-Security-SPP,Application,3849,4,,,,,,55c92734-d682-4d71-983e-d6ec3f16059f,"
1: 22105925-48c3-4ff4-a294-f654bb27e390, 1, 0 [(0 [0xC004F014, 0, 0], [(?)(?)(?)(?)(?)(?)(?)(?)])(1 )(2 )(3 )]
2: 281c216a-5957-439b-adf2-aff4098a2bdd, 1, 0 [(0 [0xC004F014, 0, 0], [(?)(?)(?)(?)(?)(?)(?)(?)])(1 )(2 )(3 )]
3: 2e7a9ad1-a849-4b56-babe-17d5a29fe4b4, 1, 0 [(0 [0xC004F014, 0, 0], [(?)(?)(?)(?)(?)(?)(?)(?)])(1 )(2 )(3 )]
4: 3c006fa7-3b03-45a4-93da-63ddc1bdce11, 1, 0 [(0 [0xC004F014, 0, 0], [(?)(?)(?)(?)(?)(?)(?)(?)])(1 )(2 )(3 )]
5: 4285bbda-6219-4c1a-98e9-859e60d669fb, 1, 0 [(0 [0xC004F014, 0, 0], [(?)(?)(?)(?)(?)(?)(?)(?)])(1 )(2 )(3 )]
6: 44a5b4c3-e4b1-483b-81e8-0f78f4d98283, 1, 0 [(0 [0xC004F014, 0, 0], [(?)(?)(?)(?)(?)(?)(?)(?)])(1 )(2 )(3 )]
7: 661f7658-7035-4b4c-9f35-010682943ec2, 1, 0 [(0 [0xC004F014, 0, 0], [(?)(?)(?)(?)(?)(?)(?)(?)])(1 )(2 )(3 )]
8: 6bad0243-1c35-46b2-b8e6-7a853e37413f, 1, 0 [(0 [0xC004F014, 0, 0], [(?)(?)(?)(?)(?)(?)(?)(?)])(1 )(2 )(3 )]
9: 82fcf64d-f9dd-4411-9c79-f2eed16d4eb8, 1, 0 [(0 [0xC004F014, 0, 0], [(?)(?)(?)(?)(?)(?)(?)(?)])(1 )(2 )(3 )]
10: 84e331f6-4279-48c4-ab10-b75139181351, 1, 0 [(0 [0xC004F014, 0, 0], [(?)(?)(?)(?)(?)(?)(?)(?)])(1 )(2 )(3 )]
11: 8ea56c31-fe6e-4d56-9d17-8dc1ab35dd8b, 1, 0 [(0 [0xC004F014, 0, 0], [(?)(?)(?)(?)(?)(?)(?)(?)])(1 )(2 )(3 )]
12: 92114319-12ea-4bca-9d63-8740de9feff3, 1, 1 [(0 )(1 )(2 [0xC004E003, 0, 0], [( 1 0xC004F034)( 1 0xC004F034)(?)(?)(?)(?)(?)(?)])(3 [0x00000000, 0, 0], [( 6 0xC004F009 0 0)( 1 0x00000000)( 6 0xC004F009 0 0)(?)(?)(?)( 10 0x00000000 msft:rm/algorithm/flags/1.0)( 11 0x00000000 0xC004F034)])]
13: 9db83b52-9904-4326-8957-ebe6feedf37c, 1, 0 [(0 [0xC004F014, 0, 0], [(?)(?)(?)(?)(?)(?)(?)(?)])(1 )(2 )(3 )]
14: c2d23e1f-ee3e-4533-9094-e6dc0b8aa049, 1, 0 [(0 [0xC004F014, 0, 0], [(?)(?)(?)(?)(?)(?)(?)(?)])(1 )(2 )(3 )]
15: d07edbd8-02cb-49b1-8358-f2de7afd8a4d, 1, 0 [(0 [0xC004F014, 0, 0], [(?)(?)(?)(?)(?)(?)(?)(?)])(1 )(2 )(3 )]
16: de32eafd-aaee-4662-9444-c1befb41bde2, 1, 0 [(0 [0xC004F014, 0, 0], [(?)(?)(?)(?)(?)(?)(?)(?)])(1 )(2 )(3 )]
17: e73aabfa-12bc-4705-b551-2dd076bebc7d, 1, 0 [(0 [0xC004F014, 0, 0], [(?)(?)(?)(?)(?)(?)(?)(?)])(1 )(2 )(3 )]
18: e936f630-5125-4a39-b1de-544d6c036491, 1, 0 [(0 [0xC004F014, 0, 0], [(?)(?)(?)(?)(?)(?)(?)(?)])(1 )(2 )(3 )]
19: fd946594-6f0d-4c5c-9bf7-f5f628ecd0b9, 1, 0 [(0 [0xC004F014, 0, 0], [(?)(?)(?)(?)(?)(?)(?)(?)])(1 )(2 )(3 )]

",,,,,,,,,,,,,,,,,,,,,,,,,,,,,,,,,,,,,,,,,,,,,,
2026-04-01T22:59:06.703727Z,"{'#attributes': {'Qualifiers': 16384}, '#text': 902}",DC01.garfield.htb,Microsoft-Windows-Security-SPP,Application,3850,0,,,,,10.0.17763.8385,,,,,,,,,,,,,,,,,,,,,,,,,,,,,,,,,,,,,,,,,,,,,,,,
2026-04-01T22:59:07.453747Z,"{'#attributes': {'Qualifiers': 49152}, '#text': 8197}",DC01.garfield.htb,Microsoft-Windows-Security-SPP,Application,3851,4,,,,,RuleId=31e71c49-8da7-4a2f-ad92-45d98a1c79ba;Action=NotifyUser;AppId=55c92734-d682-4d71-983e-d6ec3f16059f;SkuId=92114319-12ea-4bca-9d63-8740de9feff3;NotificationInterval=1440;Trigger=UserLogon;SessionId=1,,,,,,,,,,,,,,,,,,,,,,,,,,,,,,,,,,,,,,,,,,,,,,,,
2026-04-01T22:59:41.212886Z,"{'#attributes': {'Qualifiers': 16384}, '#text': 16384}",DC01.garfield.htb,Microsoft-Windows-Security-SPP,Application,3852,4,,,,,,2026-04-02T22:58:41Z,RulesEngine,,,,,,,,,,,,,,,,,,,,,,,,,,,,,,,,,,,,,,,,,,,,,,
2026-04-01T22:59:41.228447Z,"{'#attributes': {'Qualifiers': 16384}, '#text': 903}",DC01.garfield.htb,Microsoft-Windows-Security-SPP,Application,3853,0,,,,,,,,,,,,,,,,,,,,,,,,,,,,,,,,,,,,,,,,,,,,,,,,,,,,,
2026-04-01T23:00:19.821338Z,"{'#attributes': {'Qualifiers': 16384}, '#text': 900}",DC01.garfield.htb,Microsoft-Windows-Security-SPP,Application,3854,4,,,,,<explicit>,,,,,,,,,,,,,,,,,,,,,,,,,,,,,,,,,,,,,,,,,,,,,,,,
2026-04-01T23:00:19.961986Z,"{'#attributes': {'Qualifiers': 49152}, '#text': 16394}",DC01.garfield.htb,Microsoft-Windows-Security-SPP,Application,3855,4,,,,,,,,,,,,,,,,,,,,,,,,,,,,,,,,,,,,,,,,,,,,,,,,,,,,,
2026-04-01T23:00:50.029250Z,"{'#attributes': {'Qualifiers': 16384}, '#text': 16384}",DC01.garfield.htb,Microsoft-Windows-Security-SPP,Application,3856,4,,,,,,2026-04-02T22:58:50Z,RulesEngine,,,,,,,,,,,,,,,,,,,,,,,,,,,,,,,,,,,,,,,,,,,,,,
2026-04-01T23:01:21.419556Z,"{'#attributes': {'Qualifiers': 0}, '#text': 8224}",DC01.garfield.htb,VSS,Application,3857,4,,,2D20436F64653A2020434F525356434330303030303737332D2043616C6C3A2020434F525356434330303030303735352D205049443A202030303030343534302D205449443A202030303030343535362D20434D443A2020433A5C57696E646F77735C73797374656D33325C76737376632E6578652020202D20557365723A204E616D653A204E5420415554484F524954595C53595354454D2C205349443A532D312D352D313820,,,,,,,,,,,,,,,,,,,,,,,,,,,,,,,,,,,,,,,,,,,,,,,,,,
2026-04-01T23:02:14.583679Z,1001,DC01.garfield.htb,Microsoft-Windows-LoadPerf,Application,3858,4,,,,,,,,,,,,,,,,,,,,,,,,,,,,,,,,,,,,,,LoadPerf,2035000021350000D2050000,12,,WmiApRpl,,,,WmiApRpl,,,,,,,
2026-04-01T23:02:14.636904Z,1000,DC01.garfield.htb,Microsoft-Windows-LoadPerf,Application,3859,4,,,,,,,,,,,,,,,,,,,,,,,,,,,,,,,,,,,,,,LoadPerf,22350000C835000023350000C9350000,16,,WmiApRpl,,,,WmiApRpl,,,,,,,
2026-04-01T23:03:22.620541Z,"{'#attributes': {'Qualifiers': 0}, '#text': 102}",DC01.garfield.htb,ESENT,Application,3860,4,,,,,,DFSRs,"2184,P,98",,,,,,,,,,,\\.\C:\System Volume Information\DFSR\database_A41A_4703_1A46_D1CA\dfsr.db: ,,,,0,10,00,17763,0000,,,,,,,,,,,,,,,,,,,,,,,,,,,
2026-04-01T23:03:22.698662Z,"{'#attributes': {'Qualifiers': 0}, '#text': 105}",DC01.garfield.htb,ESENT,Application,3861,4,,,,,,DFSRs,"2184,D,0",,,,,,,,,,,\\.\C:\System Volume Information\DFSR\database_A41A_4703_1A46_D1CA\dfsr.db: ,,,,0,0,"
[1] 0.006937 +J(0) +M(C:0K, Fs:262, WS:960K # 972K, PF:6360K # 6384K, P:6360K)
[2] 0.000585 +J(0) +M(C:16K, Fs:99, WS:388K # 376K, PF:336K # 312K, P:336K)
[3] 0.000032 +J(0) +M(C:0K, Fs:4, WS:16K # 16K, PF:64K # 64K, P:64K)
[4] 0.000287 +J(0) +M(C:2032K, Fs:37, WS:140K # 140K, PF:2432K # 2432K, P:2432K)
[5] 0.001749 +J(0) +M(C:0K, Fs:9, WS:24K # 32K, PF:16K # 120K, P:16K)
[6] 0.002639 +J(0) +M(C:0K, Fs:18, WS:68K # 60K, PF:16K # 0K, P:16K)
[7] 0.042442 -0.035982 (21) WT +J(0) +M(C:0K, Fs:1300, WS:5192K # 5192K, PF:5128K # 5040K, P:5128K)
[8] -
[9] -
[10] -
[11] -
[12] -
[13] 0.025283 -0.018498 (22) WT +J(CM:0, PgRf:0, Rd:0/0, Dy:0/0, Lg:616/1) +M(C:0K, Fs:8, WS:-5096K # 16K, PF:-5120K # 16K, P:-5120K)
[14] 0.000022 +J(0) +M(C:0K, Fs:1, WS:4K # 0K, PF:0K # 0K, P:0K)
[15] 0.000104 +J(0) +M(C:0K, Fs:64, WS:256K # 0K, PF:64K # 0K, P:64K)
[16] 0.001152 -0.000916 (1) WT +J(0) +M(C:0K, Fs:3, WS:4K # 0K, PF:0K # 0K, P:0K).",,,,,,,,,,,,,,,,,,,,,,,,,,,,,
2026-04-01T23:03:22.714290Z,"{'#attributes': {'Qualifiers': 0}, '#text': 326}",DC01.garfield.htb,ESENT,Application,3862,4,,,,,,DFSRs,"2184,D,50",,,,,,,,,,,\\.\C:\System Volume Information\DFSR\database_A41A_4703_1A46_D1CA\dfsr.db: ,,,,1,\\.\C:\System Volume Information\DFSR\database_A41A_4703_1A46_D1CA\dfsr.db,0,"
[1] 0.000006 +J(0) +M(C:0K, Fs:1, WS:4K # 0K, PF:0K # 0K, P:0K)
[2] 0.002224 -0.001911 (1) WT +J(0) +M(C:0K, Fs:19, WS:12K # 0K, PF:8K # 0K, P:8K)
[3] 0.015917 -0.007379 (6) WT +J(CM:0, PgRf:0, Rd:0/0, Dy:0/0, Lg:3480/2) +M(C:0K, Fs:32, WS:120K # 0K, PF:156K # 0K, P:156K)
[4] 0.000117 +J(0)
[5] -
[6] -
[7] -
[8] 0.000904 -0.000622 (2) CM -0.000482 (2) WT +J(CM:2, PgRf:2, Rd:14/2, Dy:0/0, Lg:0/0) +M(C:-8K, Fs:68, WS:264K # 0K, PF:120K # 0K, P:120K)
[9] 0.003338 -0.003069 (2) CM -0.002980 (2) WT +J(CM:2, PgRf:23, Rd:0/1, Dy:0/0, Lg:0/0) +M(C:-12K, Fs:21, WS:72K # 0K, PF:188K # 0K, P:188K)
[10] 0.000507 -0.000364 (1) CM -0.000293 (1) WT +J(CM:1, PgRf:40, Rd:0/1, Dy:0/0, Lg:0/0) +M(C:-4K, Fs:4, WS:12K # 0K, PF:60K # 0K, P:60K)
[11] 0.000014 +J(CM:0, PgRf:1, Rd:0/0, Dy:0/0, Lg:0/0) +M(C:0K, Fs:2, WS:8K # 0K, PF:0K # 0K, P:0K)
[12] 0.000031 +J(CM:0, PgRf:36, Rd:0/0, Dy:0/0, Lg:0/0)
[13] 0.0 +J(0)
[14] 0.0 +J(0)
[15] 0.000005 +J(CM:0, PgRf:1, Rd:0/0, Dy:0/0, Lg:0/0).",0 0,lgposAttach = 00000001:01F5:0268,,,,,,,,,,,,,,,,,,,,,,,,,,
2026-04-01T23:08:55.886856Z,"{'#attributes': {'Qualifiers': 32768}, '#text': 6000}",DC01.garfield.htb,Microsoft-Windows-Winlogon,Application,3863,4,,,D9060000,,WSearch,,,,,,,,,,,,,,,,,,,,,,,,,,,,,,,,,,,,,,,,,,,,,,,,
2026-04-01T23:09:06.470387Z,"{'#attributes': {'Qualifiers': 0}, '#text': 260}",DC01.garfield.htb,VMUpgradeHelper,Application,3864,4,,,,,,,,,,,,,,,,,,,,,,,,,,,,,,,,,,,,,,,,,,,,,,,,,,,,,
2026-04-01T23:09:06.470387Z,"{'#attributes': {'Qualifiers': 0}, '#text': 272}",DC01.garfield.htb,VMUpgradeHelper,Application,3865,4,,,,,,,,,,,,,,,,,,,,,,,,,,,,,,,,,,,,,,,,,,,,,,,,,,,,,
2026-04-01T23:09:06.485991Z,"{'#attributes': {'Qualifiers': 0}, '#text': 108}",DC01.garfield.htb,VMTools,Application,3866,4,,,,,,,,,,,,,,,,,,,,,,,,,,,,,,,,,,,,,,,,,,,,,,,,,,,,,
2026-04-01T23:09:06.735992Z,"{'#attributes': {'Qualifiers': 16384}, '#text': 4111}",DC01.garfield.htb,Microsoft-Windows-MSDTC,Application,3867,4,,,4D005300440054004300,,,,,,,,,,,,,,,,,,,,,,,,,,,,,,,,,,,,,,,,,,,,,,,,,,
2026-04-01T23:09:06.742579Z,1532,DC01.garfield.htb,Microsoft-Windows-User Profiles Service,Application,3868,4,,,,,,,,,,,,,,,,,,,,,,,,,,,,,,,,,,,,,,,,,,,,,,,,,,,,,
2026-04-01T23:24:25.474272Z,"{'#attributes': {'Qualifiers': 16384}, '#text': 4625}",DC01,Microsoft-Windows-EventSystem,Application,3869,4,,,,,,,,,,,,,,,,,,,,,,,,,,,,,,,,,,,,,,,,,,86400,,,,SuppressDuplicateDuration,Software\Microsoft\EventSystem\EventLog,,,,,,
2026-04-01T23:24:25.583897Z,1531,DC01.garfield.htb,Microsoft-Windows-User Profiles Service,Application,3870,4,,,,,,,,,,,,,,,,,,,,,,,,,,,,,,,,,,,,,,,,,,,,,,,,,,,,,
2026-04-01T23:24:32.183426Z,5615,DC01.garfield.htb,Microsoft-Windows-WMI,Application,3871,4,,,,,,,,,,,,,,,,,,,,,,,,,,,,,,,,,,,,,,,,,,,,,,,,,,,,,
2026-04-01T23:24:38.383333Z,5617,DC01.garfield.htb,Microsoft-Windows-WMI,Application,3872,4,,,,,,,,,,,,,,,,,,,,,,,,,,,,,,,,,,,,,,,,,,,,,,,,,,,,,
2026-04-01T23:24:44.607478Z,"{'#attributes': {'Qualifiers': 16384}, '#text': 900}",DC01.garfield.htb,Microsoft-Windows-Security-SPP,Application,3873,4,,,,,TriggerStarted:6,,,,,,,,,,,,,,,,,,,,,,,,,,,,,,,,,,,,,,,,,,,,,,,,
2026-04-01T23:24:44.864794Z,"{'#attributes': {'Qualifiers': 49152}, '#text': 16394}",DC01.garfield.htb,Microsoft-Windows-Security-SPP,Application,3874,4,,,,,,,,,,,,,,,,,,,,,,,,,,,,,,,,,,,,,,,,,,,,,,,,,,,,,
2026-04-01T23:24:45.133300Z,"{'#attributes': {'Qualifiers': 16384}, '#text': 1066}",DC01.garfield.htb,Microsoft-Windows-Security-SPP,Application,3875,4,,,,,"C:\Windows\system32\sppwinob.dll, msft:spp/windowsfunctionality/agent/7.0, 0x00000000, 0x00000000
C:\Windows\system32\sppobjs.dll, msft:rm/algorithm/inherited/1.0, 0x00000000, 0x00000000
C:\Windows\system32\sppobjs.dll, msft:rm/algorithm/phone/1.0, 0x00000000, 0x00000000
C:\Windows\system32\sppobjs.dll, msft:rm/algorithm/pkey/detect, 0x00000000, 0x00000000
C:\Windows\system32\sppobjs.dll, msft:spp/ActionScheduler/1.0, 0x00000000, 0x00000000
C:\Windows\system32\sppobjs.dll, msft:spp/TaskScheduler/1.0, 0x00000000, 0x00000000
C:\Windows\system32\sppobjs.dll, msft:spp/statecollector/pkey, 0x00000000, 0x00000000
C:\Windows\system32\sppobjs.dll, msft:spp/volume/services/kms/1.0, 0x00000000, 0x00000000
C:\Windows\system32\sppobjs.dll, msft:spp/volume/services/kms/activationinfo/1.0, 0x00000000, 0x00000000
",,,,,,,,,,,,,,,,,,,,,,,,,,,,,,,,,,,,,,,,,,,,,,,,
2026-04-01T23:24:45.317794Z,"{'#attributes': {'Qualifiers': 16384}, '#text': 1003}",DC01.garfield.htb,Microsoft-Windows-Security-SPP,Application,3876,4,,,,,,55c92734-d682-4d71-983e-d6ec3f16059f,"
1: 22105925-48c3-4ff4-a294-f654bb27e390, 1, 0 [(0 [0xC004F014, 0, 0], [(?)(?)(?)(?)(?)(?)(?)(?)])(1 )(2 )(3 )]
2: 281c216a-5957-439b-adf2-aff4098a2bdd, 1, 0 [(0 [0xC004F014, 0, 0], [(?)(?)(?)(?)(?)(?)(?)(?)])(1 )(2 )(3 )]
3: 2e7a9ad1-a849-4b56-babe-17d5a29fe4b4, 1, 0 [(0 [0xC004F014, 0, 0], [(?)(?)(?)(?)(?)(?)(?)(?)])(1 )(2 )(3 )]
4: 3c006fa7-3b03-45a4-93da-63ddc1bdce11, 1, 0 [(0 [0xC004F014, 0, 0], [(?)(?)(?)(?)(?)(?)(?)(?)])(1 )(2 )(3 )]
5: 4285bbda-6219-4c1a-98e9-859e60d669fb, 1, 0 [(0 [0xC004F014, 0, 0], [(?)(?)(?)(?)(?)(?)(?)(?)])(1 )(2 )(3 )]
6: 44a5b4c3-e4b1-483b-81e8-0f78f4d98283, 1, 0 [(0 [0xC004F014, 0, 0], [(?)(?)(?)(?)(?)(?)(?)(?)])(1 )(2 )(3 )]
7: 661f7658-7035-4b4c-9f35-010682943ec2, 1, 0 [(0 [0xC004F014, 0, 0], [(?)(?)(?)(?)(?)(?)(?)(?)])(1 )(2 )(3 )]
8: 6bad0243-1c35-46b2-b8e6-7a853e37413f, 1, 0 [(0 [0xC004F014, 0, 0], [(?)(?)(?)(?)(?)(?)(?)(?)])(1 )(2 )(3 )]
9: 82fcf64d-f9dd-4411-9c79-f2eed16d4eb8, 1, 0 [(0 [0xC004F014, 0, 0], [(?)(?)(?)(?)(?)(?)(?)(?)])(1 )(2 )(3 )]
10: 84e331f6-4279-48c4-ab10-b75139181351, 1, 0 [(0 [0xC004F014, 0, 0], [(?)(?)(?)(?)(?)(?)(?)(?)])(1 )(2 )(3 )]
11: 8ea56c31-fe6e-4d56-9d17-8dc1ab35dd8b, 1, 0 [(0 [0xC004F014, 0, 0], [(?)(?)(?)(?)(?)(?)(?)(?)])(1 )(2 )(3 )]
12: 92114319-12ea-4bca-9d63-8740de9feff3, 1, 1 [(0 )(1 )(2 [0xC004E003, 0, 0], [( 1 0xC004F034)( 1 0xC004F034)(?)(?)(?)(?)(?)(?)])(3 [0x00000000, 0, 0], [( 6 0xC004F009 0 0)( 1 0x00000000)( 6 0xC004F009 0 0)(?)(?)(?)( 10 0x00000000 msft:rm/algorithm/flags/1.0)( 11 0x00000000 0xC004F034)])]
13: 9db83b52-9904-4326-8957-ebe6feedf37c, 1, 0 [(0 [0xC004F014, 0, 0], [(?)(?)(?)(?)(?)(?)(?)(?)])(1 )(2 )(3 )]
14: c2d23e1f-ee3e-4533-9094-e6dc0b8aa049, 1, 0 [(0 [0xC004F014, 0, 0], [(?)(?)(?)(?)(?)(?)(?)(?)])(1 )(2 )(3 )]
15: d07edbd8-02cb-49b1-8358-f2de7afd8a4d, 1, 0 [(0 [0xC004F014, 0, 0], [(?)(?)(?)(?)(?)(?)(?)(?)])(1 )(2 )(3 )]
16: de32eafd-aaee-4662-9444-c1befb41bde2, 1, 0 [(0 [0xC004F014, 0, 0], [(?)(?)(?)(?)(?)(?)(?)(?)])(1 )(2 )(3 )]
17: e73aabfa-12bc-4705-b551-2dd076bebc7d, 1, 0 [(0 [0xC004F014, 0, 0], [(?)(?)(?)(?)(?)(?)(?)(?)])(1 )(2 )(3 )]
18: e936f630-5125-4a39-b1de-544d6c036491, 1, 0 [(0 [0xC004F014, 0, 0], [(?)(?)(?)(?)(?)(?)(?)(?)])(1 )(2 )(3 )]
19: fd946594-6f0d-4c5c-9bf7-f5f628ecd0b9, 1, 0 [(0 [0xC004F014, 0, 0], [(?)(?)(?)(?)(?)(?)(?)(?)])(1 )(2 )(3 )]

",,,,,,,,,,,,,,,,,,,,,,,,,,,,,,,,,,,,,,,,,,,,,,
2026-04-01T23:24:45.581311Z,"{'#attributes': {'Qualifiers': 0}, '#text': 105}",DC01.garfield.htb,VMTools,Application,3877,4,,,,,,,,,,,,,,,,,,,,,,,,,,,,,,,,,,,,,,,,,,,,,,,,,,,,,
2026-04-01T23:24:45.748807Z,"{'#attributes': {'Qualifiers': 16384}, '#text': 902}",DC01.garfield.htb,Microsoft-Windows-Security-SPP,Application,3878,0,,,,,10.0.17763.8385,,,,,,,,,,,,,,,,,,,,,,,,,,,,,,,,,,,,,,,,,,,,,,,,
2026-04-01T23:24:46.343301Z,"{'#attributes': {'Qualifiers': 49152}, '#text': 8197}",DC01.garfield.htb,Microsoft-Windows-Security-SPP,Application,3879,4,,,,,RuleId=31e71c49-8da7-4a2f-ad92-45d98a1c79ba;Action=NotifyUser;AppId=55c92734-d682-4d71-983e-d6ec3f16059f;SkuId=92114319-12ea-4bca-9d63-8740de9feff3;NotificationInterval=1440;Trigger=NetworkAvailable,,,,,,,,,,,,,,,,,,,,,,,,,,,,,,,,,,,,,,,,,,,,,,,,
2026-04-01T23:24:46.962796Z,"{'#attributes': {'Qualifiers': 16384}, '#text': 781}",DC01.garfield.htb,Microsoft-Windows-Complus,Application,3880,4,,,,,,,,,,,,,,,,,,,,,,,,,,,,,,,,,,,,,,,,,,86400,,,,SuppressDuplicateDuration,Software\Microsoft\COM3\Eventlog,,,,,,
2026-04-01T23:24:47.437805Z,"{'#attributes': {'Qualifiers': 0}, '#text': 258}",DC01.garfield.htb,VMUpgradeHelper,Application,3881,4,,,,,,,,,,,,,,,,,,,,,,,,,,,,,,,,,,,,,,,,,,,,,,,,,,,,,
2026-04-01T23:24:48.674293Z,"{'#attributes': {'Qualifiers': 16384}, '#text': 4202}",DC01.garfield.htb,Microsoft-Windows-MSDTC 2,Application,3882,4,,,,,,,,,,,,,,,,,,,,,,,,,,,,,,,,,,,,,,,,,,0,0,0,1,0,0,0,0,0,1,Mutual Authentication Required,NT AUTHORITY\NetworkService
2026-04-01T23:24:48.725289Z,"{'#attributes': {'Qualifiers': 0}, '#text': 271}",DC01.garfield.htb,VMUpgradeHelper,Application,3883,4,,,,,,,,,,,,,,,,,,,,,,,,,,,,,,,,,,,,,,,,,,,,,,,,,,,,,
2026-04-01T23:24:52.803799Z,"{'#attributes': {'Qualifiers': 16384}, '#text': 9027}",DC01.garfield.htb,Desktop Window Manager,Application,3884,4,,,,,,,,,,,,,,,,,,,,,,,,,,,,,,,,,,,,,,,,,,,,,,,,,,,,,
2026-04-01T23:24:54.392751Z,"{'#attributes': {'Qualifiers': 0}, '#text': 102}",DC01.garfield.htb,ESENT,Application,3885,4,,,,,,DFSRs,"2284,P,98",,,,,,,,,,,\\.\C:\System Volume Information\DFSR\database_A41A_4703_1A46_D1CA\dfsr.db: ,,,,0,10,00,17763,0000,,,,,,,,,,,,,,,,,,,,,,,,,,,
2026-04-01T23:24:54.887752Z,"{'#attributes': {'Qualifiers': 0}, '#text': 105}",DC01.garfield.htb,ESENT,Application,3886,4,,,,,,DFSRs,"2284,D,0",,,,,,,,,,,\\.\C:\System Volume Information\DFSR\database_A41A_4703_1A46_D1CA\dfsr.db: ,,,,0,0,"
[1] 0.022193 +J(0) +M(C:0K, Fs:264, WS:960K # 992K, PF:6284K # 6384K, P:6284K)
[2] 0.000390 +J(0) +M(C:16K, Fs:91, WS:356K # 324K, PF:300K # 192K, P:300K)
[3] 0.000024 +J(0) +M(C:0K, Fs:4, WS:16K # 16K, PF:64K # 64K, P:64K)
[4] 0.000265 +J(0) +M(C:2032K, Fs:38, WS:144K # 144K, PF:2436K # 2436K, P:2436K)
[5] 0.000766 +J(0) +M(C:0K, Fs:8, WS:32K # 32K, PF:24K # 24K, P:24K)
[6] 0.004270 +J(0) +M(C:0K, Fs:10, WS:40K # 40K, PF:12K # 12K, P:12K)
[7] -
[8] -
[9] -
[10] -
[11] -
[12] -
[13] 0.482598 -0.431046 (36) WT +J(CM:0, PgRf:0, Rd:0/0, Dy:0/0, Lg:616/1) +M(C:0K, Fs:1423, WS:564K # 5664K, PF:32K # 5160K, P:32K)
[14] 0.000026 +J(0) +M(C:0K, Fs:1, WS:4K # 0K, PF:0K # 0K, P:0K)
[15] 0.000089 +J(0) +M(C:0K, Fs:65, WS:256K # 0K, PF:68K # 0K, P:68K)
[16] 0.009472 -0.000180 (3) WT +J(0) +M(C:0K, Fs:5, WS:12K # 0K, PF:0K # 0K, P:0K).",,,,,,,,,,,,,,,,,,,,,,,,,,,,,
2026-04-01T23:24:54.895257Z,"{'#attributes': {'Qualifiers': 0}, '#text': 637}",DC01.garfield.htb,ESENT,Application,3887,4,,,,,,DFSRs,"2284,D,35",,,,,,,,,,,\\.\C:\System Volume Information\DFSR\database_A41A_4703_1A46_D1CA\dfsr.db: ,,,,\\.\C:\System Volume Information\DFSR\database_A41A_4703_1A46_D1CA\dfsr.jfm,,,,,,,,,,,,,,,,,,,,,,,,,,,,,,,
2026-04-01T23:24:54.957250Z,"{'#attributes': {'Qualifiers': 0}, '#text': 325}",DC01.garfield.htb,ESENT,Application,3888,4,,,,,,DFSRs,"2284,D,35",,,,,,,,,,,\\.\C:\System Volume Information\DFSR\database_A41A_4703_1A46_D1CA\dfsr.db: ,,,,1,\\.\C:\System Volume Information\DFSR\database_A41A_4703_1A46_D1CA\dfsr.db,0,"
[1] 0.000149 +J(0) +M(C:0K, Fs:3, WS:12K # 0K, PF:8K # 0K, P:8K)
[2] 0.002004 -0.000453 (1) WT +J(CM:0, PgRf:0, Rd:0/0, Dy:0/0, Lg:3480/2) +M(C:0K, Fs:1, WS:4K # 0K, PF:0K # 0K, P:0K)
[3] 0.021985 -0.000002 (2) WT +J(0) +M(C:0K, Fs:18, WS:64K # 0K, PF:40K # 0K, P:40K)
[4] 0.000493 +J(0)
[5] 0.000339 +J(CM:0, PgRf:3, Rd:0/0, Dy:3/6, Lg:122/4) +M(C:0K, Fs:36, WS:144K # 0K, PF:148K # 0K, P:148K)
[6] 0.002620 -0.000531 (1) WT +J(CM:0, PgRf:209, Rd:0/0, Dy:12/408, Lg:24454/447) +M(C:0K, Fs:68, WS:260K # 0K, PF:220K # 0K, P:220K)
[7] 0.000783 -0.000431 (1) WT +J(CM:0, PgRf:0, Rd:0/0, Dy:0/0, Lg:4096/2) +M(C:0K, Fs:1, WS:4K # 0K, PF:0K # 0K, P:0K)
[8] 0.000003 +J(0)
[9] 0.033070 -0.031608 (4) WT +J(0) +M(C:-52K, Fs:16, WS:4K # 0K, PF:48K # 0K, P:48K)
[10] 0.004882 -0.002206 (5) WT +J(CM:0, PgRf:346, Rd:0/0, Dy:7/93, Lg:12509/128) +M(C:12K, Fs:31, WS:116K # 0K, PF:96K # 0K, P:96K)
[11] 0.000003 +J(0).",0 0,lgposCreate = 00000001:0001:0268,,,,,,,,,,,,,,,,,,,,,,,,,,
2026-04-01T23:25:02.455025Z,"{'#attributes': {'Qualifiers': 49152}, '#text': 8197}",DC01.garfield.htb,Microsoft-Windows-Security-SPP,Application,3889,4,,,,,RuleId=31e71c49-8da7-4a2f-ad92-45d98a1c79ba;Action=NotifyUser;AppId=55c92734-d682-4d71-983e-d6ec3f16059f;SkuId=92114319-12ea-4bca-9d63-8740de9feff3;NotificationInterval=1440;Trigger=UserLogon;SessionId=1,,,,,,,,,,,,,,,,,,,,,,,,,,,,,,,,,,,,,,,,,,,,,,,,
2026-04-01T23:25:48.496377Z,"{'#attributes': {'Qualifiers': 0}, '#text': 1000}",DC01.garfield.htb,Application Error,Application,3890,2,,,,,,SystemSettings.exe,10.0.17763.7309,C:\Windows\ImmersiveControlPanel\SystemSettings.exe,C:\Windows\System32\Windows.UI.Xaml.dll,648cf3c5-eeac-4cd9-b5f0-e1ade8872bbe,windows.immersivecontrolpanel_10.0.2.1000_neutral_neutral_cw5n1h2txyewy,microsoft.windows.immersivecontrolpanel,,,,,,9d9d9332,,,,Windows.UI.Xaml.dll,10.0.17763.8385,03f5bd7b,c000027b,0000000000706b12,638,01dcc22ed51c7fe7,,,,,,,,,,,,,,,,,,,,,,,,,
2026-04-01T23:25:53.504656Z,"{'#attributes': {'Qualifiers': 0}, '#text': 1001}",DC01.garfield.htb,Windows Error Reporting,Application,3891,4,,,,,,2230939522452462031,5,10.0.17763.8281,1cb00bf1,80070422,000000000006fb6a,,"
\\?\C:\ProgramData\Microsoft\Windows\WER\Temp\WEREFAA.tmp.dmp
\\?\C:\ProgramData\Microsoft\Windows\WER\Temp\WERF72D.tmp.WERInternalMetadata.xml
\\?\C:\ProgramData\Microsoft\Windows\WER\Temp\WERF7BB.tmp.xml
\\?\C:\ProgramData\Microsoft\Windows\WER\Temp\WERF7B9.tmp.csv
\\?\C:\ProgramData\Microsoft\Windows\WER\Temp\WERF808.tmp.txt",\\?\C:\ProgramData\Microsoft\Windows\WER\ReportArchive\AppCrash_windows.immersiv_888318e14a5f8a8409a8829f3e4da27b2704a_31aeda3d_19f5ff1b,,0,648cf3c5-eeac-4cd9-b5f0-e1ade8872bbe,MoAppCrash,268435456,a371597853c91ca16ef5e3acf72899cf,0,Not available,0,windows.immersivecontrolpanel_10.0.2.1000_neutral_neutral_cw5n1h2txyewy,praid:microsoft.windows.immersivecontrolpanel,10.0.17763.7309,9d9d9332,combase.dll,,,,,,,,,,,,,,,,,,,,,,,,,
2026-04-01T23:26:03.023755Z,"{'#attributes': {'Qualifiers': 16384}, '#text': 16384}",DC01.garfield.htb,Microsoft-Windows-Security-SPP,Application,3892,4,,,,,,2026-04-02T23:24:02Z,RulesEngine,,,,,,,,,,,,,,,,,,,,,,,,,,,,,,,,,,,,,,,,,,,,,,
2026-04-01T23:26:03.137742Z,"{'#attributes': {'Qualifiers': 16384}, '#text': 903}",DC01.garfield.htb,Microsoft-Windows-Security-SPP,Application,3893,0,,,,,,,,,,,,,,,,,,,,,,,,,,,,,,,,,,,,,,,,,,,,,,,,,,,,,
2026-04-01T23:26:47.540829Z,"{'#attributes': {'Qualifiers': 16384}, '#text': 900}",DC01.garfield.htb,Microsoft-Windows-Security-SPP,Application,3894,4,,,,,<explicit>,,,,,,,,,,,,,,,,,,,,,,,,,,,,,,,,,,,,,,,,,,,,,,,,
2026-04-01T23:26:47.669828Z,"{'#attributes': {'Qualifiers': 49152}, '#text': 16394}",DC01.garfield.htb,Microsoft-Windows-Security-SPP,Application,3895,4,,,,,,,,,,,,,,,,,,,,,,,,,,,,,,,,,,,,,,,,,,,,,,,,,,,,,
2026-04-01T23:27:17.813134Z,"{'#attributes': {'Qualifiers': 16384}, '#text': 16384}",DC01.garfield.htb,Microsoft-Windows-Security-SPP,Application,3896,4,,,,,,2026-04-02T23:24:17Z,RulesEngine,,,,,,,,,,,,,,,,,,,,,,,,,,,,,,,,,,,,,,,,,,,,,,
2026-04-01T23:27:20.231768Z,"{'#attributes': {'Qualifiers': 49152}, '#text': 16394}",DC01.garfield.htb,Microsoft-Windows-Security-SPP,Application,3897,4,,,,,,,,,,,,,,,,,,,,,,,,,,,,,,,,,,,,,,,,,,,,,,,,,,,,,
2026-04-01T23:27:20.715741Z,"{'#attributes': {'Qualifiers': 32768}, '#text': 1017}",DC01.garfield.htb,Microsoft-Windows-Security-SPP,Application,3898,2,,,,,,0xC004F069,VH8WF,,,,,,,,,,,?,,,,?,,,,,,,,,,,,,,,,,,,,,,,,,,,,,,,
2026-04-01T23:27:27.738401Z,"{'#attributes': {'Qualifiers': 32768}, '#text': 1017}",DC01.garfield.htb,Microsoft-Windows-Security-SPP,Application,3899,2,,,,,,0xC004F069,VH8WF,,,,,,,,,,,?,,,,?,,,,,,,,,,,,,,,,,,,,,,,,,,,,,,,
2026-04-01T23:27:51.641036Z,"{'#attributes': {'Qualifiers': 0}, '#text': 8224}",DC01.garfield.htb,VSS,Application,3900,4,,,2D20436F64653A2020434F525356434330303030303737332D2043616C6C3A2020434F525356434330303030303735352D205049443A202030303030343232342D205449443A202030303030343235322D20434D443A2020433A5C57696E646F77735C73797374656D33325C76737376632E6578652020202D20557365723A204E616D653A204E5420415554484F524954595C53595354454D2C205349443A532D312D352D313820,,,,,,,,,,,,,,,,,,,,,,,,,,,,,,,,,,,,,,,,,,,,,,,,,,
2026-04-01T23:27:52.139044Z,"{'#attributes': {'Qualifiers': 16384}, '#text': 1016}",DC01.garfield.htb,Microsoft-Windows-Security-SPP,Application,3901,4,,,,,,92114319-12ea-4bca-9d63-8740de9feff3,e0738a30-925e-dbdd-7fa8-db06910168ac,,,,,,,,,,,,,,,,,,,,,,,,,,,,,,,,,,,,,,,,,,,,,,
2026-04-01T23:27:52.538045Z,"{'#attributes': {'Qualifiers': 16384}, '#text': 1034}",DC01.garfield.htb,Microsoft-Windows-Security-SPP,Application,3902,4,,,,,,AAD-WindowsCore-AddAccountRestrictions,100,,,,,,,,,,,,,,,,,,,,,,,,,,,,,,,,,,,,,,,,,,,,,,
2026-04-01T23:27:52.570039Z,"{'#attributes': {'Qualifiers': 16384}, '#text': 1034}",DC01.garfield.htb,Microsoft-Windows-Security-SPP,Application,3903,4,,,,,,Security-SPP-WriteWauMarker,500,,,,,,,,,,,,,,,,,,,,,,,,,,,,,,,,,,,,,,,,,,,,,,
2026-04-01T23:27:52.654036Z,"{'#attributes': {'Qualifiers': 16384}, '#text': 1003}",DC01.garfield.htb,Microsoft-Windows-Security-SPP,Application,3904,4,,,,,,55c92734-d682-4d71-983e-d6ec3f16059f,"
1: 22105925-48c3-4ff4-a294-f654bb27e390, 1, 0 [(0 [0xC004F014, 0, 0], [(?)(?)(?)(?)(?)(?)(?)(?)])(1 )(2 )(3 )]
2: 281c216a-5957-439b-adf2-aff4098a2bdd, 1, 0 [(0 [0xC004F014, 0, 0], [(?)(?)(?)(?)(?)(?)(?)(?)])(1 )(2 )(3 )]
3: 2e7a9ad1-a849-4b56-babe-17d5a29fe4b4, 1, 0 [(0 [0xC004F014, 0, 0], [(?)(?)(?)(?)(?)(?)(?)(?)])(1 )(2 )(3 )]
4: 3c006fa7-3b03-45a4-93da-63ddc1bdce11, 1, 0 [(0 [0xC004F014, 0, 0], [(?)(?)(?)(?)(?)(?)(?)(?)])(1 )(2 )(3 )]
5: 4285bbda-6219-4c1a-98e9-859e60d669fb, 1, 0 [(0 [0xC004F014, 0, 0], [(?)(?)(?)(?)(?)(?)(?)(?)])(1 )(2 )(3 )]
6: 44a5b4c3-e4b1-483b-81e8-0f78f4d98283, 1, 0 [(0 [0xC004F014, 0, 0], [(?)(?)(?)(?)(?)(?)(?)(?)])(1 )(2 )(3 )]
7: 661f7658-7035-4b4c-9f35-010682943ec2, 1, 0 [(0 [0xC004F014, 0, 0], [(?)(?)(?)(?)(?)(?)(?)(?)])(1 )(2 )(3 )]
8: 6bad0243-1c35-46b2-b8e6-7a853e37413f, 1, 0 [(0 [0xC004F014, 0, 0], [(?)(?)(?)(?)(?)(?)(?)(?)])(1 )(2 )(3 )]
9: 82fcf64d-f9dd-4411-9c79-f2eed16d4eb8, 1, 0 [(0 [0xC004F014, 0, 0], [(?)(?)(?)(?)(?)(?)(?)(?)])(1 )(2 )(3 )]
10: 84e331f6-4279-48c4-ab10-b75139181351, 1, 0 [(0 [0xC004F014, 0, 0], [(?)(?)(?)(?)(?)(?)(?)(?)])(1 )(2 )(3 )]
11: 8ea56c31-fe6e-4d56-9d17-8dc1ab35dd8b, 1, 0 [(0 [0xC004F014, 0, 0], [(?)(?)(?)(?)(?)(?)(?)(?)])(1 )(2 )(3 )]
12: 92114319-12ea-4bca-9d63-8740de9feff3, 1, 0 [(0 )(1 )(2 [0xC004E003, 0, 0], [( 1 0xC004F034)( 1 0xC004F034)(?)(?)(?)(?)(?)(?)])(3 [0x00000000, 0, 0], [( 6 0xC004F009 0 0)( 1 0x00000000)( 6 0xC004F009 0 0)(?)(?)(?)( 10 0x00000000 msft:rm/algorithm/flags/1.0)( 11 0x00000000 0xC004F034)])]
13: 9db83b52-9904-4326-8957-ebe6feedf37c, 1, 0 [(0 [0xC004F014, 0, 0], [(?)(?)(?)(?)(?)(?)(?)(?)])(1 )(2 )(3 )]
14: c2d23e1f-ee3e-4533-9094-e6dc0b8aa049, 1, 0 [(0 [0xC004F014, 0, 0], [(?)(?)(?)(?)(?)(?)(?)(?)])(1 )(2 )(3 )]
15: d07edbd8-02cb-49b1-8358-f2de7afd8a4d, 1, 0 [(0 [0xC004F014, 0, 0], [(?)(?)(?)(?)(?)(?)(?)(?)])(1 )(2 )(3 )]
16: de32eafd-aaee-4662-9444-c1befb41bde2, 1, 0 [(0 [0xC004F014, 0, 0], [(?)(?)(?)(?)(?)(?)(?)(?)])(1 )(2 )(3 )]
17: e73aabfa-12bc-4705-b551-2dd076bebc7d, 1, 0 [(0 [0xC004F014, 0, 0], [(?)(?)(?)(?)(?)(?)(?)(?)])(1 )(2 )(3 )]
18: e936f630-5125-4a39-b1de-544d6c036491, 1, 0 [(0 [0xC004F014, 0, 0], [(?)(?)(?)(?)(?)(?)(?)(?)])(1 )(2 )(3 )]
19: fd946594-6f0d-4c5c-9bf7-f5f628ecd0b9, 1, 0 [(0 [0xC004F014, 0, 0], [(?)(?)(?)(?)(?)(?)(?)(?)])(1 )(2 )(3 )]

",,,,,,,,,,,,,,,,,,,,,,,,,,,,,,,,,,,,,,,,,,,,,,
2026-04-01T23:28:32.468377Z,"{'#attributes': {'Qualifiers': 16384}, '#text': 16384}",DC01.garfield.htb,Microsoft-Windows-Security-SPP,Application,3905,4,,,,,,2026-04-02T23:24:32Z,RulesEngine,,,,,,,,,,,,,,,,,,,,,,,,,,,,,,,,,,,,,,,,,,,,,,
2026-04-01T23:28:39.410752Z,1001,DC01.garfield.htb,Microsoft-Windows-LoadPerf,Application,3906,4,,,,,,,,,,,,,,,,,,,,,,,,,,,,,,,,,,,,,,LoadPerf,2035000021350000D2050000,12,,WmiApRpl,,,,WmiApRpl,,,,,,,
2026-04-01T23:28:39.468921Z,1000,DC01.garfield.htb,Microsoft-Windows-LoadPerf,Application,3907,4,,,,,,,,,,,,,,,,,,,,,,,,,,,,,,,,,,,,,,LoadPerf,22350000C835000023350000C9350000,16,,WmiApRpl,,,,WmiApRpl,,,,,,,
2026-04-01T23:30:08.369159Z,"{'#attributes': {'Qualifiers': 49152}, '#text': 16394}",DC01.garfield.htb,Microsoft-Windows-Security-SPP,Application,3908,4,,,,,,,,,,,,,,,,,,,,,,,,,,,,,,,,,,,,,,,,,,,,,,,,,,,,,
2026-04-01T23:30:08.985168Z,"{'#attributes': {'Qualifiers': 16384}, '#text': 1072}",DC01.garfield.htb,Microsoft-Windows-Security-SPP,Application,3909,0,,,,,92114319-12ea-4bca-9d63-8740de9feff3,,,,,,,,,,,,,,,,,,,,,,,,,,,,,,,,,,,,,,,,,,,,,,,,
2026-04-01T23:30:09.626656Z,"{'#attributes': {'Qualifiers': 16384}, '#text': 1034}",DC01.garfield.htb,Microsoft-Windows-Security-SPP,Application,3910,4,,,,,,AAD-WindowsCore-AddAccountRestrictions,100,,,,,,,,,,,,,,,,,,,,,,,,,,,,,,,,,,,,,,,,,,,,,,
2026-04-01T23:30:09.658657Z,"{'#attributes': {'Qualifiers': 16384}, '#text': 1034}",DC01.garfield.htb,Microsoft-Windows-Security-SPP,Application,3911,4,,,,,,Security-SPP-WriteWauMarker,500,,,,,,,,,,,,,,,,,,,,,,,,,,,,,,,,,,,,,,,,,,,,,,
2026-04-01T23:30:09.660167Z,"{'#attributes': {'Qualifiers': 16384}, '#text': 1033}",DC01.garfield.htb,Microsoft-Windows-Security-SPP,Application,3912,4,,,,,,(Security-SPP-Reserved-EnableNotificationMode) ,55c92734-d682-4d71-983e-d6ec3f16059f,,,,,,,,,,,92114319-12ea-4bca-9d63-8740de9feff3,,,,,,,,,,,,,,,,,,,,,,,,,,,,,,,,,,,
2026-04-01T23:30:09.763162Z,"{'#attributes': {'Qualifiers': 16384}, '#text': 1003}",DC01.garfield.htb,Microsoft-Windows-Security-SPP,Application,3913,4,,,,,,55c92734-d682-4d71-983e-d6ec3f16059f,"
1: 22105925-48c3-4ff4-a294-f654bb27e390, 1, 0 [(0 [0xC004F014, 0, 0], [(?)(?)(?)(?)(?)(?)(?)(?)])(1 )(2 )(3 )]
2: 281c216a-5957-439b-adf2-aff4098a2bdd, 1, 0 [(0 [0xC004F014, 0, 0], [(?)(?)(?)(?)(?)(?)(?)(?)])(1 )(2 )(3 )]
3: 2e7a9ad1-a849-4b56-babe-17d5a29fe4b4, 1, 0 [(0 [0xC004F014, 0, 0], [(?)(?)(?)(?)(?)(?)(?)(?)])(1 )(2 )(3 )]
4: 3c006fa7-3b03-45a4-93da-63ddc1bdce11, 1, 0 [(0 [0xC004F014, 0, 0], [(?)(?)(?)(?)(?)(?)(?)(?)])(1 )(2 )(3 )]
5: 4285bbda-6219-4c1a-98e9-859e60d669fb, 1, 0 [(0 [0xC004F014, 0, 0], [(?)(?)(?)(?)(?)(?)(?)(?)])(1 )(2 )(3 )]
6: 44a5b4c3-e4b1-483b-81e8-0f78f4d98283, 1, 0 [(0 [0xC004F014, 0, 0], [(?)(?)(?)(?)(?)(?)(?)(?)])(1 )(2 )(3 )]
7: 661f7658-7035-4b4c-9f35-010682943ec2, 1, 0 [(0 [0xC004F014, 0, 0], [(?)(?)(?)(?)(?)(?)(?)(?)])(1 )(2 )(3 )]
8: 6bad0243-1c35-46b2-b8e6-7a853e37413f, 1, 0 [(0 [0xC004F014, 0, 0], [(?)(?)(?)(?)(?)(?)(?)(?)])(1 )(2 )(3 )]
9: 82fcf64d-f9dd-4411-9c79-f2eed16d4eb8, 1, 0 [(0 [0xC004F014, 0, 0], [(?)(?)(?)(?)(?)(?)(?)(?)])(1 )(2 )(3 )]
10: 84e331f6-4279-48c4-ab10-b75139181351, 1, 0 [(0 [0xC004F014, 0, 0], [(?)(?)(?)(?)(?)(?)(?)(?)])(1 )(2 )(3 )]
11: 8ea56c31-fe6e-4d56-9d17-8dc1ab35dd8b, 1, 0 [(0 [0xC004F014, 0, 0], [(?)(?)(?)(?)(?)(?)(?)(?)])(1 )(2 )(3 )]
12: 92114319-12ea-4bca-9d63-8740de9feff3, 1, 0 [(0 )(1 [0x00000000, 1, 0], [(?)( 1 0x00000000)(?)( 2 0x00000000 0 0 msft:rm/algorithm/phone/1.0 0x00000000 0)(?)(?)( 10 0x00000000 msft:rm/algorithm/flags/1.0)(?)])(2 )(3 )]
13: 9db83b52-9904-4326-8957-ebe6feedf37c, 1, 0 [(0 [0xC004F014, 0, 0], [(?)(?)(?)(?)(?)(?)(?)(?)])(1 )(2 )(3 )]
14: c2d23e1f-ee3e-4533-9094-e6dc0b8aa049, 1, 0 [(0 [0xC004F014, 0, 0], [(?)(?)(?)(?)(?)(?)(?)(?)])(1 )(2 )(3 )]
15: d07edbd8-02cb-49b1-8358-f2de7afd8a4d, 1, 0 [(0 [0xC004F014, 0, 0], [(?)(?)(?)(?)(?)(?)(?)(?)])(1 )(2 )(3 )]
16: de32eafd-aaee-4662-9444-c1befb41bde2, 1, 0 [(0 [0xC004F014, 0, 0], [(?)(?)(?)(?)(?)(?)(?)(?)])(1 )(2 )(3 )]
17: e73aabfa-12bc-4705-b551-2dd076bebc7d, 1, 0 [(0 [0xC004F014, 0, 0], [(?)(?)(?)(?)(?)(?)(?)(?)])(1 )(2 )(3 )]
18: e936f630-5125-4a39-b1de-544d6c036491, 1, 0 [(0 [0xC004F014, 0, 0], [(?)(?)(?)(?)(?)(?)(?)(?)])(1 )(2 )(3 )]
19: fd946594-6f0d-4c5c-9bf7-f5f628ecd0b9, 1, 0 [(0 [0xC004F014, 0, 0], [(?)(?)(?)(?)(?)(?)(?)(?)])(1 )(2 )(3 )]

",,,,,,,,,,,,,,,,,,,,,,,,,,,,,,,,,,,,,,,,,,,,,,
2026-04-01T23:30:10.091159Z,"{'#attributes': {'Qualifiers': 16384}, '#text': 1003}",DC01.garfield.htb,Microsoft-Windows-Security-SPP,Application,3914,4,,,,,,55c92734-d682-4d71-983e-d6ec3f16059f,"
1: 92114319-12ea-4bca-9d63-8740de9feff3, 1, 1 [(0 )(1 [0x00000000, 1, 0], [(?)( 1 0x00000000)(?)( 2 0x00000000 0 0 msft:rm/algorithm/phone/1.0 0x00000000 0)(?)(?)( 10 0x00000000 msft:rm/algorithm/flags/1.0)(?)])(2 )(3 )]

",,,,,,,,,,,,,,,,,,,,,,,,,,,,,,,,,,,,,,,,,,,,,,
2026-04-01T23:30:10.765657Z,"{'#attributes': {'Qualifiers': 16384}, '#text': 8230}",DC01.garfield.htb,Microsoft-Windows-Security-SPP,Application,3915,4,,,,,Security-SPP-Action-StateData (REG_SZ) =AppId=55c92734-d682-4d71-983e-d6ec3f16059f;LastConsumptionReason=0x00000000;LastNotificationId=Cleanup;LicenseState=SL_LICENSING_STATUS_LICENSED;PartialProductKey=YBKQ3;ProductKeyType=Retail;SkuId=92114319-12ea-4bca-9d63-8740de9feff3;ruleId=379cccfb-d4e0-48fe-b0f2-0136097be147;uxDifferentiator=RETAIL,,,,,,,,,,,,,,,,,,,,,,,,,,,,,,,,,,,,,,,,,,,,,,,,
2026-04-01T23:30:10.815664Z,"{'#attributes': {'Qualifiers': 49152}, '#text': 8197}",DC01.garfield.htb,Microsoft-Windows-Security-SPP,Application,3916,4,,,,,RuleId=379cccfb-d4e0-48fe-b0f2-0136097be147;Action=CleanupState;AppId=55c92734-d682-4d71-983e-d6ec3f16059f;SkuId=92114319-12ea-4bca-9d63-8740de9feff3;Trigger=TimerEvent,,,,,,,,,,,,,,,,,,,,,,,,,,,,,,,,,,,,,,,,,,,,,,,,
