2026-03-10T08:53:01.292762Z,"{'#attributes': {'Qualifiers': 49152}, '#text': 8200}",DC01.garfield.htb,Microsoft-Windows-Security-SPP,Application,2219,2,,,,,,hr=0x80072EE7,"00010001(0x00000000, 01:52:51:995 - https://activation-v2.sls.microsoft.com/SLActivateProduct/SLActivateProduct.asmx?configextension=Retail)
00020001(0x00000000, 01:52:52:011)
00030001(0x00000000, 01:52:52:011 - https://activation-v2.sls.microsoft.com)
00030002(0x00000000, 01:52:52:011 - 0)
00040001(0x00000000, 01:52:52:011 - https://activation-v2.sls.microsoft.com)
00040002(0x00000000, 01:52:52:011 - 1, <NULL>, <NULL>, <NULL>)
00050002(0x80072F94, 01:52:52:011 - 0, 1)
00040006(0x00000001, 01:52:52:011 - 0, https://activation-v2.sls.microsoft.com, <N/A>, <N/A>)
00020005(0x00000000, 01:52:52:011 - 0)
00020008(0x80072EE7, 01:53:01:277 - SOAPAction: ""http://microsoft.com/SL/ProductActivationService/IssueToken""
Content-Type: text/xml; charset=utf-8
, <soap:Envelope xmlns:soap=""http://schemas.xmlsoap.org/soap/envelope/"" xmlns:xsi=""http://www.w3.org/2001/XMLSchema-instance"" xmlns:xsd=""http://www.w3.org/2001/XMLSchema"" xmlns:soapenc=""http://schemas.xmlsoap.org/soap/encoding/""><soap:Body><RequestSecurityToken xmlns=""http://schemas.xmlsoap.org/ws/2004/04/security/trust""><TokenType>ProductActivation</TokenType><RequestType>http://schemas.xmlsoap.org/ws/2004/04/security/trust/Issue</RequestType><UseKey><Values xmlns:q1=""http://schemas.xmlsoap.org/ws/2004/04/security/trust"" soapenc:arrayType=""q1:TokenEntry[1]""><TokenEntry><Name>PublishLicense</Name><Value>+8UsZvolwcjmHIXhmG9S1vkdLq1NlMtdIWB3QBx4CNqQJU6On5G4/d8S4skDDirfZo7hYQQqIEpb4nA0N7hd8kgRFpi5GdJgpTYFDatwdnQRlUVtMgXtnShgKNEIQ7lveMifKHTJVqNGTolf5wkX+DA8aP4Y+PNIm7uvu2F1ljfgDzTrtmV+KKDZzN2XT5NCv0NsELZJnBJdreHUM0FnIVWbJdOyC3Qm5mB/Nj7FfkCn9P+rkBZV0Aq6EdsxdkJtotwM5FOBUeh5RwnSs8G1acBS8sgEzVhU2ivfR8PhEjPuwR/FXzDClfS72kuV9UYwaWszZzi9E8orC4c/eTB1EatV3xBswOEQ0Yy5ga7IL5x9r5i1ZfhHV9PxfovZTxB1kHLR58Wbgw0vGP44ihhTiwAvNM94LyV7T5Y2tHpvWWUqQeAeYwUpM8KsagWAzEwpczXGonqDiChfBr1yfLOHTHMRXz8XdMPWHxITB+OjyoKtGUG4OzEm7rnlzSow74yWNUoeBrCOaztV/FcJN/OQdQeOeiOcD1Poy7bPL33YgQPPfS8xV8KXdnVoCAhAByyJ5YtPWYoQRBumEaDDP1ZhsWYiZXsmUmny8Uxlxa5rEnHb4fayLUvFE/Da5v4FQiAEmqvMOKm+rAoXghZq+wHTOWqlrOuH/UBk/cvwOayE8ONoByR3pG6aOl9v8i5oUpF8RhavRh4nYkNssygGMZUl0M1Q76jPuDAutFvRZyVWAyI4ntQxd3+oZMmvMOJ1CwJKR/ueMPgg7NxmjMP82h3rtzW/l+3Qy12TOMu149nycDiO2MBK19AhNiBEJFf8WICaTUEONOMgsyVbmmTSrTOoIW6C5m7Lb6X7GdOBTNut0Fv7TWVxLlXOTqdAe308NVN7BGmdvF8nqOwjXzOTXAoaMtssw+o475O1heknQsCM+6dRWe/i4EC5NZ7TEyoBmONRkHSTac7mqRR+zRiAipQOLKbJtptPJ+uUUMSHawsa0PXe+4Eob1V6SzHwntbAHvP4hkoPVHhBCk7qLiGW3csiTB5nzGIxj2BH1oAKpW2AjtP2bnM0Jn0RWwc5NSBr0OCvK7hSx0m8Ij3rQdMBwkf1LAaHLfCwDd6wAc8vDCL379ukTg9YNrqTSqOCl8T8WfbAZR/T3WWB33c0gLjR9HAhpmYfDCBHYBnhMtZoLi/QAKoi8UIXoom0oO+e9+wnBMtGmKMYKbGZ/7nBLVKjIig1UfDKFqGYjNnsR+hv8e9ruvdqDQHJZd19C3VegvaNprD7US+C/9wd2jNHPhF6ZWWZ50dIMJrxXDQ2zlI+V3U4kgCvguYc+AgkS7Qyk7zU4T5YRy6bzhOv5k7jVFt80GHljUBmImrqeq6yS1ogBPT0MN5RW0Umob+rqwHgQsaFboq+m8efUfqxfwiOPtNUZYgqc9tUhgy6TvqRkZRd5js5Ij9PjOCsksyvQ+xFQd8hoqKg0Oi7WpG0W++cLpbsH4DFBJs5aW0zaZbGh0eil5E3Wa8O1xrxKyBpyqVTzGpM6uZ6LFGSb8wQn7gd7b00qXnM/s0WIzUSSQJLQgpquJC/N9yt0j1nx0qDPNBuEHYMK60sGRTuIgoSl67G94yEIPKx/vqenR60myzBMhYnp2Slh9vuTodp0ooCoW9aleAAlr7kPETYNXH/gzS5s2qpn30s54Xf5rHVMoZZTaIPglUzhqV4u+cvhUOJM1cbnEXBB7uagdxye7SIVab4m8KZDs/JDVe1IMCVSRkN9u+NAmM83xN/tqsipkQMZevOSoP+J2YsN0/IIbPLtw/QHExn1kJusq6I7e34AQzhPNWfFuQ6/KvuD9MIxH08/plsHzyXsIiC/+P8wtIH1uo1kUrjDxkmj2fJ2CfGouhDbVFxjLDWs+in1qdeiEwW2qyCCRUe5ql6WVPSdz4uHRzJoL6YxDH8mD6A79qPkHsYdAalV96DxyQuJZLbB1V+LwlQTI6jXIsmwI9ErWizz+hEjBREiDsKWFFkcHIYqPhObe9a9U4HVgi8tDF27/RYQklNMKKyUpMLyCqHGbqU6ch4ToVKng/cNxsUC2pnUpT2SXOPqB4WE7dCjM4ztI4B14pXC2bYopWUc+vhx5BgoHzPXWX6An+EbU5xKKADGqmOjPi/Ray8Ejw6/hOyn7lZtKF+XtR9Iez+N4FKKVFoxrt0AmXxJEHREhoSeowjoVXwVwJbzM4N0EF3H9V+fDObl9e+rZierOiX0hzfVsl7e028PfhUEziznnNM/Oq8VcrkoIKHSkd6r9ZsVp6uJeP6VY13H7w9uGLXNAPRUISSxGR2mS+bebLcr2goRPmEqFDwI2gHi1wpNQWhHcuR+v2Uqr2eipPZo7CmfPHn6DYANR6tm7d9o0iBDgwbfjBv5QwP0ynvy9HCynIuTuUljCjnQ4yVlBy/yWiCLkRqyB1w92t+cYmgyU9CeVyRiJwkFrTM4gHY5l9VVcEbHyhxkSuyYZo9/mEGDFT4xJUc0uJ4x4Z7WczMvrubXEViRN8tkXnAgyVYUCpzjh55cRLGIsLDo/yNKjVsdoCq7iERkd4NxRMRkmbOvLLF+Mm7RWomxsttldhy2q/uB2NlH6nzkBCnZN8Icw4X0zNLXwRW5cZAWL22qwO7ATzzSdV6Lbv6/VyTmot+SPZJVgbsjFT3DSQTC30xV/js/sxn0Ns1l8a+ZTitFKrEe0XrMsKOY1U6EJr/5ypLNsTkNma888hD816ehGkoeS4wexxK8gY9Wt0V4TabFMsVaDX/X/VXjjhup3X58vLTjlvr2J0OR4M3COZA9ko2fgbzlTRSpqjYG4dvRbc4s10x+1EM3CD5Td0tCOIZhMmalHWk049HW5u4xtxnxB3kzRhXqvhb15vT9dRvnCRKy5kTL5o66utEMdlW5RVznfwUFMuC5Vag9nJ5VLlfad6PdiVgPd2F+1vjIh7hoNFQ7x/ZthCagrtLYzNL1FyFGwfEfgVR44SJiF4SVR+QhtGh6k8hyFJijXT8SuDk+/b7ao5zP8+dPgPNPMrykeE3WdaH9xLL86TTZRTQxDpYlxHQWd3JZN3mHGlpd2wPWF296XBYDGjVzIoR3SvUdGj8avKQMeJAUaXcaiIzk7Fdz+2NDtbK4wBbpkAgrkaAiuB9t5FFZQZVSM6nTOQn3AWGpLS48KycYpuL4UFjGYT9CZyejnive9xDQGNyCqHAICQ1CnxY75fQmWH71yO71Jg8VsCxrM7EQn0SF8t87v/NlQvg2Xv2o0WOUfF4d3VtaG3ajvwmUtRU3Hv9E07NzxtYyv9YpubpokOllpRyC/fcOmpkpGo0fkjbZ699OhA1FSAFTio/nuMPTK3eeTgE7bzkOHSg/oWJMOu1xxx0ZydXK0pdu4TZUQWqU2G0pTdNaGr+kssdDhQd+23ouT5HMmJwwXlg1TjuyNdiBjMyjlhMFNr0buHISo6MjIziLuxUUNBSLpsXMiFs23f+zZ2HjBxqeP5ebCv7POsmPCHeMOFDNeVpMwhU7zV0Myii1F/JK5QOiAsvfivsN6AisRDyuT3sIxNHJvfOeNwZGieOe4bDU5C1rv/EkJF6WiJC1qthOBvLbucfBh4k1vEHBpEoetQIRWVVDGX5CMkeZ+Wkp6slvHW6s4ld5tKPAOPPxIoAZSL/DfRNNDsJZQ3r7rlrLLu2BvRcUF+aZf7CkDQojZJr8w/vStnpQ4L2WHtV5Zd2mPvQzo++YkcWteckhfHZNZpuzB7NIaKClEXFQJIWoBjYprmdwZkBzcMMTYp9aaG4qAX9JEVYfoovEPIzVwiWwoPEkYWPv+0REMijCgjK3D1yMpnILIVvk0BIRQeTxB852dw1BP/1ESKTAJAtNyeG0Dr1NsgsW1KJ7xLTby3Q2mUOzF22wI6SqzlEMSrzbd1yaWMyOBj9yFxf3IUJILX/kVdtiQMdnQR9RYH9GdMNsIetPguub2ipAD970920LPeI1NRiY1nD4GDXvQN+r3Pj2QjmaSYF8o2o6cJvdOBUipzdS2bFgraspWbSJvgHYFkhtyTko8+RHiKuSIHRKcDUhUzyrrL0Gv1J3NTUBV5t1f4aKhm7bBXaXh0rZII22uiOGmq3kQHYFVKLThGY+96GU8Tln/GbKbSqd14Inyytx703D9xWsdN9eEDJdOXfjTh6dFUoME3DEv47FXskDYApLZQwO5gUwvnHemJgsahAHI3o2RbbCv47jCtoArKxkdWH2SP7wgHdA1IPkS7habFx1G8hfZxq5UZzsG795GaRuUizcrV3d4p4AQsLmC3zZ5yr7DBq6xjd5FrRdvQlwlROkeaJRn9X3HOjkAVWWaujWA0IqLH1hOdD7uQbh9auXzmKxvrdzWhT4kMLu6p47ji3lqypcpLHpj1RJrfASdpf5kOvaeCWuz4BIML82djdLQREtOnaPJalCF1XyGMKzYAHFXqJ9xWqQsUPHs4avygNHq0UJvevuZKADA1VTx0+vtTzfQJf2amLG/yR1yb6iGxPRAAx2ZumUGqFvWxfRNqCLpMzOQlpGbqTvZengyA39zr9Sy0hGdb7z4PkWjpuY2mKQSNLNMEwZRAdoTm2GxM46fWXi16w0HeSDRGZvkX6IVgmy6nQst8W2a2zBHgJMiYXSeBNhS038PYNGcwVhmwgbyp+UYTIhB9OA57H5r9XZNXYLJqrBBV7Jd1tySZ74D9MkWQwbX6rO3Wj0UVTNrbkFUcdtrWmbP6s0iFWAG4U05pBtyEJpE39hovLgSgUE2nbm1S264LqkzfF6pcb0oGhudiLIqPaHZ2ckZe+5j3tJa/tpCO/KCLrkPU8GTbvkHwpdLEVPXdgz1yFN1Lbehw0z3hViJ8L9MU6MHkCOipmhi3k3P18gQ/WR8fqT4mmcJuqb67wbk2G+ss3geDGKo2YzHNiocQFT9aY1KMtfsq2XIiBgKmjYsFrT0qEpmtoGLyhya+dr9/LbBLxs9Cb/RSfA3/fVURJcUPGtWXOyRyoriNCNMnQ4Z5ushz9Kb9mPjaP9QwasK6CrYF8OYMyHKqOgZW9fFYl5+tz8UAgB7yHPCk7ivwMMnijOVWFXisYDSZbMGrlO0QN8jC0QOPkCn+JOEKZGdoAkDH2EME/CUDbeYQetKRyjXam0I8CbSkdoEEQXj2JtuzMqp1ZC50iXTFxDRaF4uMJ67yfBhMKv0+Fihljy6J7mi3ktb6A8ds47BzK3DOLb3CMZYL2XFtWrY5Fk15ahevW5qhsacq8laENHZxK8FXIyf5QviO/wqUiwnNwxdZYRhJFsIiDW3pV9OiCLHTP+g9aP0U3t4ZGug2QGG4Zc8gi/FXB5AszhWWrJXFtZdih67KWg6IAqD5Lbm/+iPssx46WWVM3U8FLQ3/FE43VQWSHo96staOjgQ87zR/hoFcQHuyZQBmpSHABzoxiy3l9RHJWi/nNDH04Lr6Kr1f1tpe2XNiC0Vws+I1Dh4ezeAAW+ZaHD2C7mYFjo87VBxKbMdkPrdrED8kNImqKno0bZOlEqb0SmueJUcuk3Oo2sZFtmmZtFzvSdo4UKtJqKNv6xlfeEHH74nYnki5U1MQy5gGdq79nm3we5r8dmZvixSjwoVaLmHRHSBiIj6sE3NdBCGwj4IIBATKy7C933FsOHYck8UOgVfLCXUcOz9yttbvZsX6sA+qQ1FbIBEm0P7XIA4GJhXS+J5Y5ZNHu4e+L8hHp+U1lTHcfUhZ1SbJzKRVvT8FjW43Zg0yExIiZ/Vp+LoGHEBMgahbrdkVV6thXzfeoFIyUGilZFoSNo6Gw2TWclHhDtgbLu3oAW7pXL3PkAgEeFTXFkEcb8CCd300woT3ofwVQsrpb1onrzgf9aP//8+5C0J65JGDEy0U4hYWRX/PuXJ4B01rS1FSxRfMRkBvi+8mQiJMqUe8MgNxckW3siVMWOsc1emGyHmcf2fAPuOwigZ0itG5bEMvL3ONHz6RL5j9MWOcmwxE84QO9xv1d7B2+BWGa8hWUcYih9lLjMDAGQ/xlX9lXlf/VXSYb2FpD4IdL2qzZeilgwixiEWar7OqbJtzXufNxa6GqJTQhQmt0PttPZmDk246L4aN6H4ul+t70TlrVSFO1YC5KaUGOIRZmCaMpi7Flt1ZAkbF4fiYM/he00dH7HyZWzc4zop7puapAx6/ZEj6Pex0e/r/fsP6+m8UiQBGNTso+axmPkX5n6JSstyBW4fzznBWfLt2Z8gncEtAK6GYFBh3TQLhZtS5jo0H25zOcrRSqOLmNZ0DHpTZEQNwXlam8K6VST0hRd4nV9K2jJiXWuJL+Cu03OMk7fcuoRCB/7uW5CMfN45GsY/v29u034KUqt3E0wIfQgF355b8uorEZNC7DMsNNieeRim5VNHx1d1tsuioWKBrbokj5w70kXNCBYeE936QyCEyOU1f/g7GW/cFTsJZWEpNdx8wHk2zHK3IPBXMYYovTlsUC7Z7iozyw4dtPsulWEUeyGazezJvzt8nwS9t+j8KEOY+kayj9ZHtDsFkysEsVtLd+/7xC4T6/asd6HKpdkfCHKAFUsxcGmiqeHhALwAa3l+6/kx5fDa8XmXK2JImRRgiSMMdrcRcUTX4ifbWtgKaOX5GJmhWjJ+nautrhBhT9zIOdGVxPmHSprR/cVDYjbUSeAwwfbcKM0ADSF+0+aamljPhxQJHVyCOeLsjWdpXIBfy1KvNhhjBVO3d7NmyRjnGXMqgJClWeJZmG/rRB0NYeICbodVjPE4CQn2z0ByaceMy9K+PAoR1o9fRKO4aT8x6YhmNYGXeTYNj+FB6XIurl+XjbRR+1i4VARJY4UhSBx0fBiQBkdv8sx8Mm5sS8OZ/QLlc8fbWlhtal7vCZp/mmAwbz0gbr0BPdQgmLnveSYeOpl8RY22JATFY/qrFI+9OWgWxTT1886S1s/M1qdJiJUY7VVTayHFzFTxHo74cZNwxWNp86lMs4sbBIh34ER+0F08fOolciZbIuj6TRBrs+YUQxKND9+7iY07jaijbeXtA/mXKs5d4uOai/JJIXjytg6olZ4D1wOQ5z6BTh/x2/upaD5qtU0LPs203HHA1fQ1y87dFD7ej3KVfOAyHVnrymbiLo+vLyt1IuG7R32TuiiU1xhAS99nOMcETiq5Y0tMl9XZskJ9S0ix/j0ljCTVKiwiKxhre3TDTEX7iVAqTeP86QxA+e82ZhG/M4NzlSM0WFnzmt0WKOf6+N9bFrblh1fh0/tOgWsBBvW9oGnyt0cCMSpTK4sJvXtuGqrTgMPseB8qHFrAkT/ZX2idx8qQPdijoQltOeAKzZlvNnCFmKLPDucz/55Gir+Z9oypeBsSBscmk1D/T/bzwg3Ja+Nji3tH+gSSeVxEPhMRvsNP9Yn+xPpcmAMH908ewjORVxp0yN2fYkl5se3k2HtxH3tK9/YEFIaF1Z4jqJcndFbQJ7M0i+pedcrmSaPnslXhji8tsWTlzCHgNPaaEIYyY6r3iNd2X6XQevZXJDGbhUu3ZGVz7JjiZWlhIy5HXoj9otWcew2GHreU0bNA01TsqOXuoAtsah6MlP453Q5+QomwQxZClqYy+U74AYbAwfGQ+VpVoF5hE47OkU1ELtYJlNkWme/5z1YteXO9Lvy3tD4aIq7ygSL3BevOcYq4sPWXqozlfh7GvkwGNzdSPdIuult8+W/dodMyNCx3NTmCeDaAKWFYjl1iE7WypWlXVSs0SgsS3MKVqnyFmNKgZD3woPcvJYbPW445Oxg4Rog0NYai48EMqq9sFMer1HEAiUC/E0lImDKzyBPrZo5oWtR0W0QnJbNpu94XX/6J5l5vLphHX+JuRxj5TrzksQ9rTz6sogDy1pcJdyTa0CbjVjgrdqSFKcWVjbauHLM7XCOA3Atz1OtKqTVKTQvstmG7JJ4S56ENrAueuBKzqI+CUIuQ5SCOaWJPxbaa3m20/8LZGmtKDRgYc9BfC7v7MDBdoJphlhBLYQbrYlGUo6Dl/mi6zNtOkxXB6PMJuEi9RY9s2DMUc8nJtdTBgCkhGEpUEi4qvzqO9DUSg4pdqLjEGXGPQcG/7U/7EwNMAMUmBDabnXNVSKqzgYkhjIrglOJXFM1p85U3YP+Y79hldP+QAwyaOPo5658vmvimGAP+LcSvlC0U/j59wJ63LpBOBNofgIW9iz9bxbqfhNPKm4XcHQArgyiOddPvxE9m6CRhGgOYiHYFF8Wt1/zHP/c7onb9W581mt2Z4I/dSer/kc5e0G3J+v3bO5jLkBgH4dkccXKh09xCAudMDu8JQeVeTdBmIcy9MZR7fyUqbfmyMFn7AGL2vn7+7XOswKEneiOlwaFYhTvHirqB+cjBQICHjQksTXFQ+LYQc3tzRr5PzUyz8i4mPfz3Oiym0rLd0k5I6RZ+yg8M7g4sXSX8hdEhiYoFyiYecoCQDDcMwv1CK6OqLddRDfCsAz2HLQc8x2T6vx10WTREWNpPnjB84iZnEvKKRfKjaYStnyOtyearifr+hs1kuscYXdizHkDSjFtrpulE3UFwmTi+rXDlCF4SYlJ55Hl6ge09huIHhCVmlb3Xm5+g+3Eot+n5lNBjOWta4gpJnHo7eeDJJR5e95u9PS8o8XHPbWr8W1tKysPwT5C47s/wrsKVPM5YK6qi9NMEBLpxyE4wfCEfLEUJ2kTrMK7IWA1Npsnrcz6VRE4DFD6aG0Vct8r4bSixICV/y943Rz+Q1/tbO4/gqHMJgbN/ik/6/7g9PH0WMKm6cFwpFfU3b2qgSCEYKg4ISgEjzNq7eUxD30jM+OPYtgDSiETnIx7yJcoMqzRgjAJ+vmbze+ZvfxbUapMH7H6P4bsF0xNXEfl++3BzzejhenIF5CEbq3T4zKuHeoSvxsIvmrCjhoYlRi9KZC+2g+oT5+6JAbRjadDEkMddJhT+qG42d6ec4HEjZnJRUY+nyP3nvXpywrW5xHAvCJgiVxN8rQTx0PVs2MSZjHPdEWYLWcERBWOcGZmbezd2KDRxlPIW9eDFdpGm86Cu1eTGreCeZblGC/KewULYp+EgxKTnoye7r60baiITUjUAsAjhsza3xL5epDXvoxJpT64DNzlgxEYRq1r0bCErGefnjKFLuayfdYcjE08gQniGeG/FHwLewbrQwHTziYgoG4kei2x55Z9b3px/qrCdwTwkg6SccNxYB2h0hVu3svUe3f+js4wIqrFimF5wTkMwsrkThDJfx15ylAAO9tKCj5qKgjVZYTDNGtK86md1JmzXpcfRULRsoNM4EjgN9D72NssC2f1nysAzQiSGmEa2YnBohqCDPRgcKcx9XCmSwHYAmWYX4zExkgLhYuHACmtSc++RohYvpIwxIeUvbg7iD7cBJHmV0wbpSKMdzVg06ghJczTAa7gOg5wVs0ql285SodAslI651GFMbbyx6wtajonTdT9BWpArHJjz9YLRLSVs9TDPspPhnHwrANMaTLrAasRgmP0fx03bANwsrvfdmdnMAz87QPRxYjgfREwFtB/tg2uW1hjcX09D88bGMkSdTwo3GhJ/wvfN965xTowI52+cpN6qt8nor2/iAnFOy486yK5Izhlu1V0Oi+Hl2DTQG5sIFS/1o53CyXrHnqvc+In6txtJVYhxVTwhn6vjQjqoHpAVPKhxaq1I4qu2sthbjNFK/0Ipof/s97m0TegoF0FJ2W11BUMd9s/jxYExOOFnygD52G/IX/hPEmFyv2Qd4uW5A5NuuoRPTRzxjBUn88BC+IWAic4ecpTJ72XNxowxgBth8gKsrPIv73dI4IamO56K+AA+QQJEDZw0drO37TuuqufS+PKp3pC2C2LQgtmNBLa0+mzlbC4wJaMIXkonkzqZzTnY4g9jIgXylaHarBA+bKq30Nc3xmIt9cCQnrWC2mg8yIZFRyYtmWGOo87gwvCyyW+zWBUjeKCXfDLaf5pHbUzfOQ4WJzcezgJ8RXrqEUcDFVr1ZnjVt8iYnR3gYcZ8t0Gj153nnxf0WBicPZodoQ0H0N4iPLCCnzE6WIR4DvcyycBUeV11E3ctQDq9nQmrQ/j6f6AOuejavuukjGH8Cq0mTzu70DKZuVynxKeFuGaUNwqN9DHV1n1pIsYzQX9YsO5gm9rh5C0WIiKwjSi1wT8ns+BA6uYT8T4H4GHFdAUfKGaZeVNYqvBisE7df9SqMknCNAKypidpTLsFbzbNW/f7r+Nse/4WuH/CnO1r/bdPJy5i6xQmviKQQRpUdZpAIvWeTbZKIPnUaRBrEAspfk2r+t0Ma49UClGgMLMY82h/zeN188fLVs0ceevDZRMb+1NNAGyDJg0MknRxhGrQD7geOZUi4wisgcPtGbXB+hktqhAZwm2bd2UH8uGKml00WVFQVFV4eS9bMc8cVLsmNIJBEBG/Vy5BjVrQhodcY1zNb+nHKymCntyAYEjg6gpRU6mXd/rIbeWbJUTKzMa1cyxdL3iIu6h04QmBcBwy66qsD9nguLKElTHL8LaQ9ezfJ4LObj0YKZC0Aay8qAQjnuQ59mwXXadEQ39wUeH+kgM2bWRoj7+b8F2m3dNvugBiGrdsRM6OzKsA6+/4ce0fnwZK1IjXGI9hVvqOQHBOFoKwCzmPNi2w6ZYVx7NO4MjcPBYHq9hOO5pvJK0ocsKBUnmBYC65F0Cd2RCnsvTn4hUmLQL00tJ+9Ae/aVnZunjIFu34Mb1xcz8vnDl0xWq8SMbcAlrSxV3BHOBOT5+4iTEgPBqv/oRWfbNy1fKPsyuGzdIbaxRlc0Qm5GAbJCYZ7Z9DVdac1/VxvhOFWXa3I/uIcvSwA2Z2ILCYRumL9ZPa6iQ9y9JwDEUAkCHroJmHwKDiz8HAAQDATFMpjxFwN4uBb7T5JgFvoxvEZClxfGk32ZnEIqTyNMehVs8OeRr4AQj5IJxb8nDnoXcKZGTV4CSdgw+/8dlIqqAZbghMNN/kozgQi+fhpeqcCnYaEQAb+k6UcUi4UvtMivQf3n80YWGbJgsF8Nth7qH/+BYcdl92so7pIHSMrOWyQs+j/A1pYRSW63N8ndaYrWc08erp613nPkSAdVgcLqlEBwNeIoyeLxqkjLwnbV+SNi/vpRl4DVC66MlcQ0QYmGi2LPHDNcMieJ6BfgoeIGFJof2Pl2iMdvLRfK05fSALR1vGol3pKg8qRfmv1rW39dJ4oIEMa4tOv7OXuRapDBNLbPKE2f5CtNO+Zc+AxmdCwjP7dnzo1+h7oXrmQ/vryQT/N5kceTHFIJdzDk8fl6jTMBdrI4KALCcNhZMSYT3dF/FLVyibIiS7J4iNB4Wd25IhYxCmJwyfqChrI9HmTvAQip9e8Mc94IVMM6boBu4bUCewWWP82gUjTj1eoSEeyrxgDV1mLnpaszEhDotebHNMMNmyQc7XdJq4iZUHUETZ98FOUvUczcOhRNNF6zzx6tcANoJr1w1BqekGinX7QcyQBUxePKGUuhCYnfs7Zrk3WCAyB3RS+922yLv8WxeoeN8/OIIUB16gBORE5+S7bajL8vM+r+6eApjbB0crrgM47ZGWD7wymKLYU6eF5QIKuZBkpCsQLaL7fr8J4sXZ+jqPltZcFdH9v4WC3hofRBtTVD7fV2uPPAmgL9NgzUMUXfiDOHbZ75K9H4q32AtzrrTptPb4zydaar8cthJruPqjbY4pwv0v7I5d6V9zZ5EAXoIKgqCYEuLxZDGCCq6SzxN0KcBIZoDB2XUJXz5jnS21NbyjId/Ml9cNJqpMQIvNTXzH/wA/qpNk35Z13HRZU6svH2OGvWUXGm2ASXOCsGil+FucKjm7iIH/jgm+XWWog083/RtZS9S2G+BDJ8AKYwDLygCTlvGtWCqzORj/eZrvvA7PXTYa/I54v4isfJeAM4iwgO/VsYB7FLmMMuiTCENRnTjz4YC7l6gxaHo1Bplt7edmOnZeFXCz2k8QstE3vN+bRS12tY2cqUq7POr+52WkKyEm1g1u6DkkmjL1XQrGIp7IA6l4IW5p0GMZv0KaoeJ5OZbB6sqeyOZIVxw5IO5FNuea18x9AHmG832UQWiwJod2JbZHsE9WWemCv0D5iB7UbAFV08M8CNY+bS0fhIZwWNhfzhDZ+EIDxTWikLFggpGOYIVheHOmpDP3N+v6hOcdq9GzJ+dYkvucbHiVHgaVXYwIn23296SZN/IUBZcwH4EI8iaWMjp5xBIgChrkS4lXOKX2GWdrbRR7UarVPojWWbpyNzewzfmmN3RYTfnkwPU8BvKBtpGcPdjVjLq+qgmEAItQKdiCHJSxGdY9BZVKbQ/dM/WQt1J5RRlbFDG5+usTj3qMZGpJMQPMzYKYoev4Kuj6GHeUTDXJ8zAJCZb7fUJw1Iz9a7W+56jdfGr2fsfD8IVhZLI5yXAvoJBJY5E587jcR6t7kBtOCAhjM/Go6WfuLg2GvSwSlxfvpTRDOlkKiVIU0G/HYO6V0ay4WmfFiZ+G0oTWhn/CEruhY401zsLmNZOFhvDTHN4WGdIMuZ59lqUS8y2Yd9eR4lUOCtnKDzJIJI2iN2PrKmvjKynyXuSCvetQNtjuHnbZ83PC1cBti25/yRO33W0NpO5dOFIGVbHM+TO4SsyYV2rBgx7tppNVb6JbVoTW71SvClnTTz4Oiw3uwbYHTCdKbBUf62EtjVFUwUvSZRyY8BLyJ1pLtG5Xk57Ru5/fFy3Ydw4wQ9kZJA6nSxhSYEMgrhTUi/2l13MmKkB8bUA2+jeUWNblCFOQneXWD/UCUJIG9bIl9CQoX6Y6g1t+QCJ3WdVo9V8WUjfYw2t7TEHSyZKZXRnejq0l37OaFg9deArQvsJxFySdBnEKo3IC12eHd4tWEn9YRj5yzVyyL2olJBgATdrwYC5VoWiX5MyV3gnI/HGxVFXNuBAGfUoCX4m0CSqYyqu216uM3VdM7mwCOD2wmtqm/u69p/L0wgpSNp/tCMAAHrVgDTz6g10OBv3G37wLucjWaPbAdTgQK6RCLuj9tJAMZUEFhHRuSxpu69uG1kpGy8kQoCzw9TT1s/E6ARuf0s5Q1FQUjY7ih3TSxNFVQkDXv8+nVDlV0JyZWyTUB6RFiR/nDxU+AeFZ97gRmZssOZk9rbxRVD9Dv17G5W99PThl+JPzJjQfO606sd/pO5MrQfJ0EuFUVuFz5TDT4VQmEbbXnB+SXvrBWQQZFf5e+EMdOwX6ZDtSwuuzj1amK+Qj67EaiHhHs9UFNZXiNb9jKCsyZNcgcLFXO5VsfVR4fFimvVBxx5dMhzc3COmy4dhiuJAcULEhL/+yRG/rn6WWf55M6RC0VK49PRqz0IUjgLLeG5a7K93UmjKyFSrSAOFb02J1rZM2yQeHILJpM0PbrKX5Mib2xU/Lx2sQ3FyhFj6LMKIog5gzM4igRM2zjLKOPwdSKxFkD5QJVL123y+QtLpEPVqcpaVrj3cxUW4NOLNpTTr4S56fr4I2Fn9XlOjz0JRDRlZCt0Xkx12vPis2msPr9cTNFGQ/s6GUYUZ9XjSY7BhuHF2/ukjoFxmQEfMX/KGWPXXxGUcHdaAYll8xEUx/i9bRUH0X0y2aG4rNvDy6v4SkgcL23wtVjoZRWOfXwR49dskDP/V0xmaBNXsPPY6v4tARvd/OP7UwxM33zrdYBYv/aTF0GSIX1i/2SwRgYg9xuUOd/u1B4tU/cT+Z1UpCSnJnSGSVV2USfnQCUtF60PhnFYEkKkY7WL/KgvYfZUrdS/Oe/gthYr/DxeJILjLfhweQ5gyPF5MsWgbsFhKhDBgQ/siazG9t+EJMO5jV41hf6J79fIr9BxD4MbWdClSi/k5vVr1iFBVXajKUoTpCaQuuQL99usdvh36uw/m8Y4w71iyBmGquo9PX/dm403XR2KI62RmSTPNwZWAyV3wgbfvByW7uHM7OJspxVL4zTfUuubsddEkULvZFZGGhjbBjzj4JEkrESjka2uEVKI20ZPp/3Osv9veO1bjZNt3twsADDKuvypUREYCe4+B6CajdDVjb6hrhjoHOzcs4ENcrYtNJIssak64t4x/C8tId7DrWJ01oHeuZ5l0w0tejjLAm+3w0a3xuX7HtN71+7ZqS9LPfLm8XPN6s5DHbvwKGVBQg4LKdaCwOB0QmpNcyOto4TZ2MJH6ZxF2YTWFyR/PkcuYUvg/eoZZv9UZIcpcKlzp1SEo57MOsZocMviGkeyHipIkbry+J6JlPuOm9F3jxh3+x7/4pNmI1/sl1kK+FbVPiEWPVrPLG7zzRFNPIz1yNOVqzUp5mp8UwT4bF/3ZdS6SM7nC2hHUMg0C1stI1lJfy5aULRiPA4nRhloYNyNIGynqrE4Qa+m28Jw7lYZQaUA2/w+fh1MhLQBA2+lAbvVMG7sJjXaLOTPPfCfdcyxQ2MNKHpMb0mESqe0/v9QTehKyfKMc5BLnPh5i8ADAcpOHoZrCBmHWvZlHc1M50A5kRrrBh8aHwsTLX+Vo1ohIGm8BpK1wGz9vaHUCWBOk/KLc8caS8pExElM9yFFh7JrQuzP5OF8O8ZKpyMrBe+DftRmSrUBYST3gAv8Csmlee58msH9/J8rDGcVujLAOguOcfbxu2IYBTJZfxGOZI8cyfWxJvbYnq/wF5AQAPJdOCs7zdDnLgidt/6ePnRIAaSReK/Ccdj6HsCRtRuUsr+IF4bvhHrTIMAQyj/WPZ5psaBG6urSlGfcnGRFdvnWOiVlWWKYx40HgwfYeVLb17OJBYvxrqtTnlTUFfJ9Zu2lmQOtS/iLOaTS4sSN1i3ki45ebKUAc9GRNj2A0XgP33ZVrOXyRJuNayD1X4r+K2oxPZ9rZx8LRYdSZC2V15IPp6b/B2aFsOBVnK84fUmKxi0EgGOsIx/csLD10mNRoFOvTs085lQVOQAcazWdcs/fbZRGiWZiMtG4dSccjRyoqG+5cqavPDjSDwVm3b/bwSzcRVdtIYtnvD1WOROtBheoeT+AmbhWOc0cq0N35I++3JoazsE/KLsgy7QcUCJGZ5huaF9plufj9aehOUoqZpT9SWHbGSpyTTG1OPdFO4IFprC6I9PNrqHXZaOBFA3E6jyPIyKkCjJ2jWmwCTqhUurfcMAIFwiKybKmE29MnWc8sx5LYDfunWKs6xeP+8E9xN5uXX7m+1lsGN/HdC/9nwjwgLiiSo9huCwatVcdGXNoafRJRrCfh6CbafSVUFKQxw4IaoEGW7q7QzlVG1Z0oIs3dbQU0pXVpzbmddsrJI7OAs32aHd5f+/BSpk+xlO4nIGdT7H9laCfDNROCBtGD+4UXQARW/gZtCm34P8bXeMORguVXsC4UCxSFAhtXGW1FazXPafbVpETu7DkEUA+3CDHpip2gUrd3mBuVz89GoHpBDLJ5spk1OP4rWlE19heX6DBD4FG/a5GNcXq2FS3aNEVT35F/H8ITszKOUdqYIeW9NHlNaptK3L6fNivzPBXPWgoLGK1mNXeEHj4AE48yz7t/spSB1uT6fT5+MUi/w0+dMrY9/I3gtPVJDz+kctvi1El7ToLuGKoI48IY3ohqtd0edoNsf+UcKoL3Uv1P82VTjvMcH9yeV64ErHF13PepZ/5iotUxFooxv9057YsuP1TafXwGJYIngfX+3e8WcPCSgrj8PKZrcunw0B68XPtuAELPGaSXtu4kXkJsqquyuE70hl5z6ActLUShYY7FC3vmXzl6UGChAFL3yH/6rGP9g4HNPVWpQBnAj+0BflRjZ31RGujGHl0DpH3azqArNCWRNOzsuq66XdDxNk+wq5GGvZ7eWb5khEGKo+agShzwg==</Value></TokenEntry></Values></UseKey><Claims><Values xmlns:q1=""http://schemas.xmlsoap.org/ws/2004/04/security/trust"" soapenc:arrayType=""q1:TokenEntry[17]""><TokenEntry><Name>SessionKey</Name><Value>VVqT6l5Uw3AHIT8737D+ftY6Qb9kOdLePW9sCtaJUe9i3895IRy7dIAOKEu/VG+G4R/5sLPEBUDc1b74A08lV8YiGxBB0x6UiG3oGLHH/ZoJly3ACxTtbwZfTkYEgIEemMceFTh0pFN12ARcKF1jcwaCZ/+GUqB/sqymfyLAfOxyCFnSNe1QRi5+ht4cMDXhJ0DN2TkberWd/+6CUN12ATjAfwjzVHujLqTwDEh1jHl5jzkWSApvimI7zdiW3Mrf6omILE64UIHSkj+lbQ2NPYPBMRpbmfeiSS+OEW5nXntu4e/6mA3CM79HE0ljGdes0VlBVrwUsTLA4CTDvQcbVw==</Value></TokenEntry><TokenEntry><Name>BindingType</Name><Value>T3xxt3BB0I531Nm+zQtxjeYVy2+ZD1a0F9085nAciLw=</Value></TokenEntry><TokenEntry><Name>Binding</Name><Value>Uy1peLMxKWGvRNlgnP8si8t1m4s7R8qecqyplvemjZFl7ziBFhdQFafFJcmBXbf4tGUGI/DhZu6WCkoydfbWyw==</Value></TokenEntry><TokenEntry><Name>ProductKey</Name><Value>eY595kQnY6o5jzCFPJvmFDMvKmEJpBrcqIZk79GmEKw=</Value></TokenEntry><TokenEntry><Name>ProductKeyType</Name><Value>T3xxt3BB0I531Nm+zQtxja7wAUa9vTcWDB7A01GJTlI=</Value></TokenEntry><TokenEntry><Name>ProductKeyActConfigId</Name><Value>era16A+rc24tkc3UnM6fPHy4UGORbsMkIQ4fkIEAdAePVhzhvKL4dvT5esDG4wxbiJIT8n25OJbICSSFvIsN39lpJB5CtK6QIeFjjRBVUbQ=</Value></TokenEntry><TokenEntry><Name>SppSvcVersion</Name><Value>KyinoJiJURHuWZsOgwOm5A==</Value></TokenEntry><TokenEntry><Name>otherInfoPublic.licenseCategory</Name><Value>2C5izoCFWVT+RRkINE9lvDMa7ZXMk678M21yQtKx62U=</Value></TokenEntry><TokenEntry><Name>otherInfoPrivate.licenseCategory</Name><Value>2C5izoCFWVT+RRkINE9lvBNZHpWw0bMIx1ijwQZRMa4=</Value></TokenEntry><TokenEntry><Name>otherInfoPublic.sysprepAction</Name><Value>cqPvOWyTowMuYlTKt2Mfyw==</Value></TokenEntry><TokenEntry><Name>otherInfoPrivate.sysprepAction</Name><Value>cqPvOWyTowMuYlTKt2Mfyw==</Value></TokenEntry><TokenEntry><Name>ClientInformation</Name><Value>Lq0sssAPvboFift90qByDrErqGQKWNHfRWa/g8DwL2MhUxaJFs7owM1dK2NH5rfPQqrb0yE/lhvNKjSuACo0NA==</Value></TokenEntry><TokenEntry><Name>ReferralInformation</Name><Value>3zOHL/HvrZx0Mv68gRmit1VNZNCy8PniEL1O2nBP+nE0WxuzW2pPtj4NAfCp68ipYyvN7ssUf3thWCBD2mKVHA==</Value></TokenEntry><TokenEntry><Name>ClientSystemTime</Name><Value>TJDmLeR56alqbWn+pTt2/6lNNC1eNlqvXpKwgwhtxBk=</Value></TokenEntry><TokenEntry><Name>ClientSystemTimeUtc</Name><Value>TJDmLeR56alqbWn+pTt2/6lNNC1eNlqvXpKwgwhtxBk=</Value></TokenEntry><TokenEntry><Name>otherInfoPublic.secureStoreId</Name><Value>L09Wgkc5sZtHIzUKE7cXlza5z5lJh6z4u/+v/jKOKqIAv4vjLZR/mQGD2RYALg6F</Value></TokenEntry><TokenEntry><Name>otherInfoPrivate.secureStoreId</Name><Value>L09Wgkc5sZtHIzUKE7cXlza5z5lJh6z4u/+v/jKOKqIAv4vjLZR/mQGD2RYALg6F</Value></TokenEntry></Values></Claims></RequestSecurityToken></soap:Body></soap:Envelope>)
00010002(0x80072EE7, 01:53:01:292 - <NULL>)
00010003(0x80072EE7, 01:53:01:292)
",,,,,,,,,,,,,,,,,,,,,,,,,,,,,,,,,,,,,,,,,,,,,,
2026-03-10T08:53:01.292762Z,"{'#attributes': {'Qualifiers': 49152}, '#text': 1014}",DC01.garfield.htb,Microsoft-Windows-Security-SPP,Application,2220,2,,,,,,hr=0x80072EE7,7783a126-c108-4cf7-b59f-13c78c7a7337,,,,,,,,,,,,,,,,,,,,,,,,,,,,,,,,,,,,,,,,,,,,,,
2026-03-10T08:53:01.886502Z,"{'#attributes': {'Qualifiers': 16384}, '#text': 1003}",DC01.garfield.htb,Microsoft-Windows-Security-SPP,Application,2221,4,,,,,,55c92734-d682-4d71-983e-d6ec3f16059f,"
1: 7783a126-c108-4cf7-b59f-13c78c7a7337, 1, 1 [(0 [0xC004E003, 0, 0], [( 9 0xC004FC07 180 0)( 1 0x00000000)(?)( 2 0x00000000 0 0 msft:rm/algorithm/hwid/4.0 0x00000000 0)(?)( 9 0xC004FC07 180 0)( 10 0x00000000 msft:rm/algorithm/flags/1.0)(?)])(1 )(2 )(3 [0x00000000, 0, 0], [( 6 0xC004F009 10 0)( 1 0x00000000)( 6 0xC004F009 10 0)(?)(?)(?)( 10 0x00000000 msft:rm/algorithm/flags/1.0)( 11 0x00000000 0xC004FC07)])]

",,,,,,,,,,,,,,,,,,,,,,,,,,,,,,,,,,,,,,,,,,,,,,
2026-03-10T08:53:02.073998Z,"{'#attributes': {'Qualifiers': 49152}, '#text': 8197}",DC01.garfield.htb,Microsoft-Windows-Security-SPP,Application,2222,4,,,,,RuleId=8244d55f-dcd7-4010-8151-2a5af187b1ed;Action=NotifyUser;AppId=55c92734-d682-4d71-983e-d6ec3f16059f;SkuId=7783a126-c108-4cf7-b59f-13c78c7a7337;NotificationInterval=240;Trigger=TimerEvent,,,,,,,,,,,,,,,,,,,,,,,,,,,,,,,,,,,,,,,,,,,,,,,,
2026-03-10T08:53:08.667733Z,"{'#attributes': {'Qualifiers': 32768}, '#text': 6000}",DC01.garfield.htb,Microsoft-Windows-Winlogon,Application,2223,4,,,D9060000,,WSearch,,,,,,,,,,,,,,,,,,,,,,,,,,,,,,,,,,,,,,,,,,,,,,,,
2026-03-10T08:53:29.934987Z,"{'#attributes': {'Qualifiers': 0}, '#text': 260}",DC01.garfield.htb,VMUpgradeHelper,Application,2224,4,,,,,,,,,,,,,,,,,,,,,,,,,,,,,,,,,,,,,,,,,,,,,,,,,,,,,
2026-03-10T08:53:29.934987Z,"{'#attributes': {'Qualifiers': 0}, '#text': 272}",DC01.garfield.htb,VMUpgradeHelper,Application,2225,4,,,,,,,,,,,,,,,,,,,,,,,,,,,,,,,,,,,,,,,,,,,,,,,,,,,,,
2026-03-10T08:53:29.934987Z,"{'#attributes': {'Qualifiers': 0}, '#text': 108}",DC01.garfield.htb,VMTools,Application,2226,4,,,,,,,,,,,,,,,,,,,,,,,,,,,,,,,,,,,,,,,,,,,,,,,,,,,,,
2026-03-10T08:53:46.517068Z,"{'#attributes': {'Qualifiers': 16384}, '#text': 903}",DC01.garfield.htb,Microsoft-Windows-Security-SPP,Application,2227,0,,,,,,,,,,,,,,,,,,,,,,,,,,,,,,,,,,,,,,,,,,,,,,,,,,,,,
2026-03-10T08:53:46.517068Z,"{'#attributes': {'Qualifiers': 16384}, '#text': 4111}",DC01.garfield.htb,Microsoft-Windows-MSDTC,Application,2228,4,,,4D005300440054004300,,,,,,,,,,,,,,,,,,,,,,,,,,,,,,,,,,,,,,,,,,,,,,,,,,
2026-03-10T08:53:46.543491Z,1532,DC01.garfield.htb,Microsoft-Windows-User Profiles Service,Application,2229,4,,,,,,,,,,,,,,,,,,,,,,,,,,,,,,,,,,,,,,,,,,,,,,,,,,,,,
2026-03-10T19:31:56.917567Z,"{'#attributes': {'Qualifiers': 16384}, '#text': 4625}",DC01,Microsoft-Windows-EventSystem,Application,2230,4,,,,,,,,,,,,,,,,,,,,,,,,,,,,,,,,,,,,,,,,,,86400,,,,SuppressDuplicateDuration,Software\Microsoft\EventSystem\EventLog,,,,,,
2026-03-10T19:31:56.930043Z,1531,DC01.garfield.htb,Microsoft-Windows-User Profiles Service,Application,2231,4,,,,,,,,,,,,,,,,,,,,,,,,,,,,,,,,,,,,,,,,,,,,,,,,,,,,,
2026-03-10T19:31:58.745544Z,5615,DC01.garfield.htb,Microsoft-Windows-WMI,Application,2232,4,,,,,,,,,,,,,,,,,,,,,,,,,,,,,,,,,,,,,,,,,,,,,,,,,,,,,
2026-03-10T19:32:00.596257Z,5617,DC01.garfield.htb,Microsoft-Windows-WMI,Application,2233,4,,,,,,,,,,,,,,,,,,,,,,,,,,,,,,,,,,,,,,,,,,,,,,,,,,,,,
2026-03-10T19:32:16.519870Z,"{'#attributes': {'Qualifiers': 0}, '#text': 105}",DC01.garfield.htb,VMTools,Application,2234,4,,,,,,,,,,,,,,,,,,,,,,,,,,,,,,,,,,,,,,,,,,,,,,,,,,,,,
2026-03-10T19:32:16.894869Z,"{'#attributes': {'Qualifiers': 16384}, '#text': 9027}",DC01.garfield.htb,Desktop Window Manager,Application,2235,4,,,,,,,,,,,,,,,,,,,,,,,,,,,,,,,,,,,,,,,,,,,,,,,,,,,,,
2026-03-10T19:32:16.926122Z,"{'#attributes': {'Qualifiers': 16384}, '#text': 900}",DC01.garfield.htb,Microsoft-Windows-Security-SPP,Application,2236,4,,,,,TriggerStarted:6,,,,,,,,,,,,,,,,,,,,,,,,,,,,,,,,,,,,,,,,,,,,,,,,
2026-03-10T19:32:17.613617Z,"{'#attributes': {'Qualifiers': 16384}, '#text': 781}",DC01.garfield.htb,Microsoft-Windows-Complus,Application,2237,4,,,,,,,,,,,,,,,,,,,,,,,,,,,,,,,,,,,,,,,,,,86400,,,,SuppressDuplicateDuration,Software\Microsoft\COM3\Eventlog,,,,,,
2026-03-10T19:32:17.676122Z,"{'#attributes': {'Qualifiers': 0}, '#text': 258}",DC01.garfield.htb,VMUpgradeHelper,Application,2238,4,,,,,,,,,,,,,,,,,,,,,,,,,,,,,,,,,,,,,,,,,,,,,,,,,,,,,
2026-03-10T19:32:17.957365Z,"{'#attributes': {'Qualifiers': 0}, '#text': 271}",DC01.garfield.htb,VMUpgradeHelper,Application,2239,4,,,,,,,,,,,,,,,,,,,,,,,,,,,,,,,,,,,,,,,,,,,,,,,,,,,,,
2026-03-10T19:32:18.051121Z,"{'#attributes': {'Qualifiers': 16384}, '#text': 4202}",DC01.garfield.htb,Microsoft-Windows-MSDTC 2,Application,2240,4,,,,,,,,,,,,,,,,,,,,,,,,,,,,,,,,,,,,,,,,,,0,0,0,1,0,0,0,0,0,1,Mutual Authentication Required,NT AUTHORITY\NetworkService
2026-03-10T19:32:18.410494Z,"{'#attributes': {'Qualifiers': 49152}, '#text': 16394}",DC01.garfield.htb,Microsoft-Windows-Security-SPP,Application,2241,4,,,,,,,,,,,,,,,,,,,,,,,,,,,,,,,,,,,,,,,,,,,,,,,,,,,,,
2026-03-10T19:32:18.912322Z,"{'#attributes': {'Qualifiers': 16384}, '#text': 1066}",DC01.garfield.htb,Microsoft-Windows-Security-SPP,Application,2242,4,,,,,"C:\Windows\system32\sppwinob.dll, msft:spp/windowsfunctionality/agent/7.0, 0x00000000, 0x00000000
C:\Windows\system32\sppobjs.dll, msft:rm/algorithm/inherited/1.0, 0x00000000, 0x00000000
C:\Windows\system32\sppobjs.dll, msft:rm/algorithm/phone/1.0, 0x00000000, 0x00000000
C:\Windows\system32\sppobjs.dll, msft:rm/algorithm/pkey/detect, 0x00000000, 0x00000000
C:\Windows\system32\sppobjs.dll, msft:spp/ActionScheduler/1.0, 0x00000000, 0x00000000
C:\Windows\system32\sppobjs.dll, msft:spp/TaskScheduler/1.0, 0x00000000, 0x00000000
C:\Windows\system32\sppobjs.dll, msft:spp/statecollector/pkey, 0x00000000, 0x00000000
C:\Windows\system32\sppobjs.dll, msft:spp/volume/services/kms/1.0, 0x00000000, 0x00000000
C:\Windows\system32\sppobjs.dll, msft:spp/volume/services/kms/activationinfo/1.0, 0x00000000, 0x00000000
",,,,,,,,,,,,,,,,,,,,,,,,,,,,,,,,,,,,,,,,,,,,,,,,
2026-03-10T19:32:19.066748Z,"{'#attributes': {'Qualifiers': 16384}, '#text': 1040}",DC01.garfield.htb,Microsoft-Windows-Security-SPP,Application,2243,4,,,580000000A002A0000000000030001000100010000000000000001000100E861B0C90C5CE6B7DFE0DE24FC1467B0A29A0D0001000101000201000301000401000500000601000700000801000901000A01000B00000C01002C0000000000030001000100010000000000010001000100E861B0C90C5CE6B7DFE0DE24FC1467B0B5FCA29A,,,55c92734-d682-4d71-983e-d6ec3f16059f,7783a126-c108-4cf7-b59f-13c78c7a7337,,,,,,,,,,,,,,,,,,,,,,,,,,,,,,,,,,,,,,,,,,,,,,
2026-03-10T19:32:19.754257Z,"{'#attributes': {'Qualifiers': 16384}, '#text': 1003}",DC01.garfield.htb,Microsoft-Windows-Security-SPP,Application,2244,4,,,,,,55c92734-d682-4d71-983e-d6ec3f16059f,"
1: 7783a126-c108-4cf7-b59f-13c78c7a7337, 1, 1 [(0 [0xC004E003, 0, 0], [( 9 0xC004FC07 180 0)( 1 0x00000000)(?)( 2 0x00000000 0 0 msft:rm/algorithm/hwid/4.0 0x00000000 0)(?)( 9 0xC004FC07 180 0)( 10 0x00000000 msft:rm/algorithm/flags/1.0)(?)])(1 )(2 )(3 [0x00000000, 0, 0], [( 6 0xC004F009 10 0)( 1 0x00000000)( 6 0xC004F009 10 0)(?)(?)(?)( 10 0x00000000 msft:rm/algorithm/flags/1.0)( 11 0x00000000 0xC004FC07)])]

",,,,,,,,,,,,,,,,,,,,,,,,,,,,,,,,,,,,,,,,,,,,,,
2026-03-10T19:32:19.801128Z,"{'#attributes': {'Qualifiers': 16384}, '#text': 902}",DC01.garfield.htb,Microsoft-Windows-Security-SPP,Application,2245,0,,,,,10.0.17763.8146,,,,,,,,,,,,,,,,,,,,,,,,,,,,,,,,,,,,,,,,,,,,,,,,
2026-03-10T19:32:20.207376Z,"{'#attributes': {'Qualifiers': 0}, '#text': 100}",DC01.garfield.htb,WLMS,Application,2246,4,,,,,,,,,,,,,,,,,,,,,,,,,,,,,,,,,,,,,,,,,,,,,,,,,,,,,
2026-03-10T19:32:29.144882Z,"{'#attributes': {'Qualifiers': 0}, '#text': 1000}",DC01.garfield.htb,VGAuth,Application,2247,0,,,,,vmtoolsd: Username and password mismatch for 'Administrator',,,,,,,,,,,,,,,,,,,,,,,,,,,,,,,,,,,,,,,,,,,,,,,,
2026-03-10T19:32:34.401949Z,"{'#attributes': {'Qualifiers': 0}, '#text': 1000}",DC01.garfield.htb,VGAuth,Application,2248,0,,,,,vmtoolsd: Username and password mismatch for 'Administrator',,,,,,,,,,,,,,,,,,,,,,,,,,,,,,,,,,,,,,,,,,,,,,,,
2026-03-10T19:32:39.770478Z,"{'#attributes': {'Qualifiers': 0}, '#text': 1000}",DC01.garfield.htb,VGAuth,Application,2249,0,,,,,vmtoolsd: Username and password successfully validated for 'Administrator',,,,,,,,,,,,,,,,,,,,,,,,,,,,,,,,,,,,,,,,,,,,,,,,
2026-03-10T19:32:48.910502Z,"{'#attributes': {'Qualifiers': 16384}, '#text': 1003}",DC01.garfield.htb,Microsoft-Windows-Security-SPP,Application,2250,4,,,,,,55c92734-d682-4d71-983e-d6ec3f16059f,"
1: 7783a126-c108-4cf7-b59f-13c78c7a7337, 1, 1 [(0 [0xC004E003, 0, 0], [( 9 0xC004FC07 180 0)( 1 0x00000000)(?)( 2 0x00000000 0 0 msft:rm/algorithm/hwid/4.0 0x00000000 0)(?)( 9 0xC004FC07 180 0)( 10 0x00000000 msft:rm/algorithm/flags/1.0)(?)])(1 )(2 )(3 [0x00000000, 0, 0], [( 6 0xC004F009 10 0)( 1 0x00000000)( 6 0xC004F009 10 0)(?)(?)(?)( 10 0x00000000 msft:rm/algorithm/flags/1.0)( 11 0x00000000 0xC004FC07)])]

",,,,,,,,,,,,,,,,,,,,,,,,,,,,,,,,,,,,,,,,,,,,,,
2026-03-10T19:32:48.988621Z,"{'#attributes': {'Qualifiers': 49152}, '#text': 8197}",DC01.garfield.htb,Microsoft-Windows-Security-SPP,Application,2251,4,,,,,RuleId=8244d55f-dcd7-4010-8151-2a5af187b1ed;Action=NotifyUser;AppId=55c92734-d682-4d71-983e-d6ec3f16059f;SkuId=7783a126-c108-4cf7-b59f-13c78c7a7337;NotificationInterval=240;Trigger=UserLogon;SessionId=1,,,,,,,,,,,,,,,,,,,,,,,,,,,,,,,,,,,,,,,,,,,,,,,,
2026-03-10T19:32:54.676142Z,"{'#attributes': {'Qualifiers': 0}, '#text': 1000}",DC01.garfield.htb,VGAuth,Application,2252,0,,,,,vmtoolsd: Username and password successfully validated for 'Administrator',,,,,,,,,,,,,,,,,,,,,,,,,,,,,,,,,,,,,,,,,,,,,,,,
2026-03-10T19:32:55.176131Z,"{'#attributes': {'Qualifiers': 0}, '#text': 1000}",DC01.garfield.htb,VGAuth,Application,2253,0,,,,,vmtoolsd: Username and password successfully validated for 'Administrator',,,,,,,,,,,,,,,,,,,,,,,,,,,,,,,,,,,,,,,,,,,,,,,,
2026-03-10T19:32:55.223013Z,"{'#attributes': {'Qualifiers': 0}, '#text': 1000}",DC01.garfield.htb,VGAuth,Application,2254,0,,,,,vmtoolsd: Username and password successfully validated for 'Administrator',,,,,,,,,,,,,,,,,,,,,,,,,,,,,,,,,,,,,,,,,,,,,,,,
2026-03-10T19:32:55.316803Z,"{'#attributes': {'Qualifiers': 0}, '#text': 1000}",DC01.garfield.htb,VGAuth,Application,2255,0,,,,,vmtoolsd: Username and password successfully validated for 'Administrator',,,,,,,,,,,,,,,,,,,,,,,,,,,,,,,,,,,,,,,,,,,,,,,,
2026-03-10T19:32:55.363634Z,"{'#attributes': {'Qualifiers': 0}, '#text': 1000}",DC01.garfield.htb,VGAuth,Application,2256,0,,,,,vmtoolsd: Username and password successfully validated for 'Administrator',,,,,,,,,,,,,,,,,,,,,,,,,,,,,,,,,,,,,,,,,,,,,,,,
2026-03-10T19:32:55.410510Z,"{'#attributes': {'Qualifiers': 0}, '#text': 1000}",DC01.garfield.htb,VGAuth,Application,2257,0,,,,,vmtoolsd: Username and password successfully validated for 'Administrator',,,,,,,,,,,,,,,,,,,,,,,,,,,,,,,,,,,,,,,,,,,,,,,,
2026-03-10T19:32:55.551137Z,"{'#attributes': {'Qualifiers': 0}, '#text': 1000}",DC01.garfield.htb,VGAuth,Application,2258,0,,,,,vmtoolsd: Username and password successfully validated for 'Administrator',,,,,,,,,,,,,,,,,,,,,,,,,,,,,,,,,,,,,,,,,,,,,,,,
2026-03-10T19:32:56.098014Z,"{'#attributes': {'Qualifiers': 0}, '#text': 1000}",DC01.garfield.htb,VGAuth,Application,2259,0,,,,,vmtoolsd: Username and password successfully validated for 'Administrator',,,,,,,,,,,,,,,,,,,,,,,,,,,,,,,,,,,,,,,,,,,,,,,,
2026-03-10T19:33:16.380709Z,"{'#attributes': {'Qualifiers': 0}, '#text': 1000}",DC01.garfield.htb,VGAuth,Application,2260,0,,,,,vmtoolsd: Username and password successfully validated for 'Administrator',,,,,,,,,,,,,,,,,,,,,,,,,,,,,,,,,,,,,,,,,,,,,,,,
2026-03-10T19:33:17.202332Z,"{'#attributes': {'Qualifiers': 0}, '#text': 1000}",DC01.garfield.htb,VGAuth,Application,2261,0,,,,,vmtoolsd: Username and password successfully validated for 'Administrator',,,,,,,,,,,,,,,,,,,,,,,,,,,,,,,,,,,,,,,,,,,,,,,,
2026-03-10T19:33:17.238633Z,"{'#attributes': {'Qualifiers': 0}, '#text': 1000}",DC01.garfield.htb,VGAuth,Application,2262,0,,,,,vmtoolsd: Username and password successfully validated for 'Administrator',,,,,,,,,,,,,,,,,,,,,,,,,,,,,,,,,,,,,,,,,,,,,,,,
2026-03-10T19:33:17.287320Z,"{'#attributes': {'Qualifiers': 0}, '#text': 1000}",DC01.garfield.htb,VGAuth,Application,2263,0,,,,,vmtoolsd: Username and password successfully validated for 'Administrator',,,,,,,,,,,,,,,,,,,,,,,,,,,,,,,,,,,,,,,,,,,,,,,,
2026-03-10T19:33:17.488635Z,"{'#attributes': {'Qualifiers': 0}, '#text': 1000}",DC01.garfield.htb,VGAuth,Application,2264,0,,,,,vmtoolsd: Username and password successfully validated for 'Administrator',,,,,,,,,,,,,,,,,,,,,,,,,,,,,,,,,,,,,,,,,,,,,,,,
2026-03-10T19:33:17.535508Z,"{'#attributes': {'Qualifiers': 0}, '#text': 1000}",DC01.garfield.htb,VGAuth,Application,2265,0,,,,,vmtoolsd: Username and password successfully validated for 'Administrator',,,,,,,,,,,,,,,,,,,,,,,,,,,,,,,,,,,,,,,,,,,,,,,,
2026-03-10T19:33:17.583646Z,"{'#attributes': {'Qualifiers': 0}, '#text': 1000}",DC01.garfield.htb,VGAuth,Application,2266,0,,,,,vmtoolsd: Username and password successfully validated for 'Administrator',,,,,,,,,,,,,,,,,,,,,,,,,,,,,,,,,,,,,,,,,,,,,,,,
