TimeGenerated,EventID,Computer,Provider,Channel,RecordID,Level,AccessGranted,AccessList,AccessMask,AccessRemoved,AccountExpires,AdditionalInfo,AdditionalInfo2,AdvancedOptions,AlgorithmName,AllowedToDelegateTo,AppCorrelationID,AttributeLDAPDisplayName,AttributeSyntaxOID,AttributeValue,AuditPolicyChanges,AuditSourceName,AuthenticationPackageName,CallerProcessId,CallerProcessName,CategoryId,CertIssuerName,CertSerialNumber,CertThumbprint,ClientCreationTime,ClientProcessId,CommandLine,ComputerAccountChange,ConfigAccessPolicy,CountOfCredentialsReturned,DSName,DSType,DestinationDRA,DisableIntegrityChecks,DisplayName,DnsHostName,DomainBehaviorVersion,DomainName,DomainPolicyChanged,DomainSid,Dummy,ElevatedToken,EventSourceId,FailureReason,Flags,FlightSigning,ForceLogoff,HandleId,HomeDirectory,HomePath,HypervisorDebug,HypervisorLaunchType,HypervisorLoadOptions,Identity,ImpersonationLevel,IpAddress,IpPort,KerberosPolicyChange,KernelDebug,KeyFilePath,KeyLength,KeyName,KeyType,LmPackageName,LoadOptions,LockoutDuration,LockoutObservationWindow,LockoutThreshold,LogonGuid,LogonHours,LogonProcessName,LogonType,MachineAccountQuota,MandatoryLabel,MaxPasswordAge,MemberName,MemberSid,MinPasswordAge,MinPasswordLength,MixedDomainMode,NamingContext,NewProcessId,NewProcessName,NewSd,NewTargetUserName,NewTime,NewUacValue,ObjectClass,ObjectCollectionName,ObjectDN,ObjectGUID,ObjectIdentifyingProperties,ObjectName,ObjectProperties,ObjectServer,ObjectType,OemInformation,OldSd,OldTargetUserName,OldUacValue,OpCorrelationID,Operation,OperationType,Options,PackageName,PackageSid,ParentProcessName,PasswordHistoryLength,PasswordLastSet,PasswordProperties,PreAuthType,PreviousTime,PrimaryGroupId,PrivilegeList,ProcessCreationTime,ProcessId,ProcessName,ProfilePath,Properties,ProviderName,PuaCount,PuaPolicyId,ReadOperation,Reason,RemoteEventLogging,Resource,RestrictedAdminMode,ReturnCode,SamAccountName,Schema,SchemaFriendlyName,ScriptPath,ServiceName,ServicePrincipalNames,ServiceSid,SidHistory,SourceAddr,SourceDRA,Status,StatusCode,SubStatus,SubcategoryGuid,SubcategoryId,SubjectDomainName,SubjectLogonId,SubjectUserDomainName,SubjectUserName,SubjectUserSid,TargetDomainName,TargetInfo,TargetLinkedLogonId,TargetLogonGuid,TargetLogonId,TargetName,TargetOutboundDomainName,TargetOutboundUserName,TargetProcessId,TargetProcessName,TargetServerName,TargetSid,TargetUserName,TargetUserSid,TestSigning,TicketEncryptionType,TicketOptions,TokenElevationType,TransmittedServices,Type,UserAccountControl,UserParameters,UserPrincipalName,UserWorkstations,VirtualAccount,VsmLaunchType,Workstation,WorkstationName,attributes_xmlns
2025-08-13T19:49:59.842556Z,4688,WIN-LC7SFT89DTG,Microsoft-Windows-Security-Auditing,Security,1,0,,,,,,,,,,,,,,,,,,,,,,,,,,,,,,,,,,,,,,,,,,,,,,,,,,,,,,,,,,,,,,,,,,,,,,,,,S-1-16-16384,,,,,,,,0x68,Registry,,,,,,,,,,,,,,,,,,,,,,,,,,,,,,,,,0x4,,,,,,,,,,,,,,,,,,,,,,,,,,,,-,0x3e7,,-,S-1-5-18,-,,,,0x0,,,,,,,,-,S-1-0-0,,,,%%1936,,,,,,,,,,,
2025-08-13T19:49:59.842572Z,4696,WIN-LC7SFT89DTG,Microsoft-Windows-Security-Auditing,Security,2,0,,,,,,,,,,,,,,,,,,,,,,,,,,,,,,,,,,,,,,,,,,,,,,,,,,,,,,,,,,,,,,,,,,,,,,,,,,,,,,,,,,,,,,,,,,,,,,,,,,,,,,,,,,,,,,,,,,,0x4,,,,,,,,,,,,,,,,,,,,,,,,,,,,-,0x3e7,,-,S-1-5-18,-,,,,0x3e7,,,,0x68,Registry,,,-,S-1-0-0,,,,,,,,,,,,,,,
2025-08-13T19:49:59.842574Z,4826,WIN-LC7SFT89DTG,Microsoft-Windows-Security-Auditing,Security,3,0,,,,,,,,%%1843,,,,,,,,,,,,,,,,,,,,%%1846,,,,,%%1843,,,,,,,,,,,,%%1843,,,,,%%1843,%%1848,-,,,,,,%%1843,,,,,,-,,,,,,,,,,,,,,,,,,,,,,,,,,,,,,,,,,,,,,,,,,,,,,,,,,,,,,,,,,,,%%1843,,,,,,,,,,,,,,,,,,,-,0x3e7,,-,S-1-5-18,,,,,,,,,,,,,,,%%1843,,,,,,,,,,,%%1848,,,
2025-08-13T19:49:59.844156Z,4688,WIN-LC7SFT89DTG,Microsoft-Windows-Security-Auditing,Security,4,0,,,,,,,,,,,,,,,,,,,,,,,,,,,,,,,,,,,,,,,,,,,,,,,,,,,,,,,,,,,,,,,,,,,,,,,,,S-1-16-16384,,,,,,,,0x138,C:\Windows\System32\smss.exe,,,,,,,,,,,,,,,,,,,,,,,,,,,,,,,,,0x4,,,,,,,,,,,,,,,,,,,,,,,,,,,,-,0x3e7,,-,S-1-5-18,-,,,,0x0,,,,,,,,-,S-1-0-0,,,,%%1936,,,,,,,,,,,
2025-08-13T19:50:00.154082Z,4688,WIN-LC7SFT89DTG,Microsoft-Windows-Security-Auditing,Security,5,0,,,,,,,,,,,,,,,,,,,,,,,,,,,,,,,,,,,,,,,,,,,,,,,,,,,,,,,,,,,,,,,,,,,,,,,,,S-1-16-16384,,,,,,,,0x154,C:\Windows\System32\autochk.exe,,,,,,,,,,,,,,,,,,,,,,,,C:\Windows\System32\smss.exe,,,,,,,,,0x138,,,,,,,,,,,,,,,,,,,,,,,,,,,,-,0x3e7,,-,S-1-5-18,-,,,,0x0,,,,,,,,-,S-1-0-0,,,,%%1936,,,,,,,,,,,
2025-08-13T19:50:00.755425Z,4688,WIN-LC7SFT89DTG,Microsoft-Windows-Security-Auditing,Security,6,0,,,,,,,,,,,,,,,,,,,,,,,,,,,,,,,,,,,,,,,,,,,,,,,,,,,,,,,,,,,,,,,,,,,,,,,,,S-1-16-16384,,,,,,,,0x18c,C:\Windows\System32\setupcl.exe,,,,,,,,,,,,,,,,,,,,,,,,C:\Windows\System32\smss.exe,,,,,,,,,0x138,,,,,,,,,,,,,,,,,,,,,,,,,,,,-,0x3e7,,-,S-1-5-18,-,,,,0x0,,,,,,,,-,S-1-0-0,,,,%%1936,,,,,,,,,,,
2025-08-13T19:50:00.783314Z,4688,WIN-LC7SFT89DTG,Microsoft-Windows-Security-Auditing,Security,7,0,,,,,,,,,,,,,,,,,,,,,,,,,,,,,,,,,,,,,,,,,,,,,,,,,,,,,,,,,,,,,,,,,,,,,,,,,S-1-16-16384,,,,,,,,0x198,C:\Windows\System32\smss.exe,,,,,,,,,,,,,,,,,,,,,,,,C:\Windows\System32\smss.exe,,,,,,,,,0x138,,,,,,,,,,,,,,,,,,,,,,,,,,,,-,0x3e7,,-,S-1-5-18,-,,,,0x0,,,,,,,,-,S-1-0-0,,,,%%1936,,,,,,,,,,,
2025-08-13T19:50:00.888667Z,4688,WIN-LC7SFT89DTG,Microsoft-Windows-Security-Auditing,Security,8,0,,,,,,,,,,,,,,,,,,,,,,,,,,,,,,,,,,,,,,,,,,,,,,,,,,,,,,,,,,,,,,,,,,,,,,,,,S-1-16-16384,,,,,,,,0x1a4,C:\Windows\System32\csrss.exe,,,,,,,,,,,,,,,,,,,,,,,,C:\Windows\System32\smss.exe,,,,,,,,,0x198,,,,,,,,,,,,,,,,,,,,,,,,,,,,-,0x3e7,,-,S-1-5-18,-,,,,0x0,,,,,,,,-,S-1-0-0,,,,%%1936,,,,,,,,,,,
2025-08-13T19:50:00.915760Z,4688,WIN-LC7SFT89DTG,Microsoft-Windows-Security-Auditing,Security,9,0,,,,,,,,,,,,,,,,,,,,,,,,,,,,,,,,,,,,,,,,,,,,,,,,,,,,,,,,,,,,,,,,,,,,,,,,,S-1-16-16384,,,,,,,,0x1e0,C:\Windows\System32\smss.exe,,,,,,,,,,,,,,,,,,,,,,,,C:\Windows\System32\smss.exe,,,,,,,,,0x138,,,,,,,,,,,,,,,,,,,,,,,,,,,,-,0x3e7,,-,S-1-5-18,-,,,,0x0,,,,,,,,-,S-1-0-0,,,,%%1936,,,,,,,,,,,
2025-08-13T19:50:00.916394Z,4688,WIN-LC7SFT89DTG,Microsoft-Windows-Security-Auditing,Security,10,0,,,,,,,,,,,,,,,,,,,,,,,,,,,,,,,,,,,,,,,,,,,,,,,,,,,,,,,,,,,,,,,,,,,,,,,,,S-1-16-16384,,,,,,,,0x1e8,C:\Windows\System32\wininit.exe,,,,,,,,,,,,,,,,,,,,,,,,C:\Windows\System32\smss.exe,,,,,,,,,0x198,,,,,,,,,,,,,,,,,,,,,,,,,,,,-,0x3e7,,-,S-1-5-18,-,,,,0x0,,,,,,,,-,S-1-0-0,,,,%%1936,,,,,,,,,,,
2025-08-13T19:50:00.921442Z,4688,WIN-LC7SFT89DTG,Microsoft-Windows-Security-Auditing,Security,11,0,,,,,,,,,,,,,,,,,,,,,,,,,,,,,,,,,,,,,,,,,,,,,,,,,,,,,,,,,,,,,,,,,,,,,,,,,S-1-16-16384,,,,,,,,0x200,C:\Windows\System32\csrss.exe,,,,,,,,,,,,,,,,,,,,,,,,C:\Windows\System32\smss.exe,,,,,,,,,0x1e0,,,,,,,,,,,,,,,,,,,,,,,,,,,,-,0x3e7,,-,S-1-5-18,-,,,,0x0,,,,,,,,-,S-1-0-0,,,,%%1936,,,,,,,,,,,
2025-08-13T19:50:00.937861Z,4688,WIN-LC7SFT89DTG,Microsoft-Windows-Security-Auditing,Security,12,0,,,,,,,,,,,,,,,,,,,,,,,,,,,,,,,,,,,,,,,,,,,,,,,,,,,,,,,,,,,,,,,,,,,,,,,,,S-1-16-16384,,,,,,,,0x254,C:\Windows\System32\winlogon.exe,,,,,,,,,,,,,,,,,,,,,,,,C:\Windows\System32\smss.exe,,,,,,,,,0x1e0,,,,,,,,,,,,,,,,,,,,,,,,,,,,-,0x3e7,,-,S-1-5-18,-,,,,0x0,,,,,,,,-,S-1-0-0,,,,%%1936,,,,,,,,,,,
2025-08-13T19:50:00.952944Z,4688,WIN-LC7SFT89DTG,Microsoft-Windows-Security-Auditing,Security,13,0,,,,,,,,,,,,,,,,,,,,,,,,,,,,,,,,,,,,,,,,,,,,,,,,,,,,,,,,,,,,,,,,,,,,,,,,,S-1-16-16384,,,,,,,,0x280,C:\Windows\System32\services.exe,,,,,,,,,,,,,,,,,,,,,,,,C:\Windows\System32\wininit.exe,,,,,,,,,0x1e8,,,,,,,,,,,,,,,,,,,,,,,,,,,,-,0x3e7,,-,S-1-5-18,-,,,,0x0,,,,,,,,-,S-1-0-0,,,,%%1936,,,,,,,,,,,
2025-08-13T19:50:00.965448Z,4688,WIN-LC7SFT89DTG,Microsoft-Windows-Security-Auditing,Security,14,0,,,,,,,,,,,,,,,,,,,,,,,,,,,,,,,,,,,,,,,,,,,,,,,,,,,,,,,,,,,,,,,,,,,,,,,,,S-1-16-16384,,,,,,,,0x294,C:\Windows\System32\lsass.exe,,,,,,,,,,,,,,,,,,,,,,,,C:\Windows\System32\wininit.exe,,,,,,,,,0x1e8,,,,,,,,,,,,,,,,,,,,,,,,,,,,-,0x3e7,,-,S-1-5-18,-,,,,0x0,,,,,,,,-,S-1-0-0,,,,%%1936,,,,,,,,,,,
2025-08-13T19:50:01.079490Z,4608,WIN-LC7SFT89DTG,Microsoft-Windows-Security-Auditing,Security,15,0,,,,,,,,,,,,,,,,,,,,,,,,,,,,,,,,,,,,,,,,,,,,,,,,,,,,,,,,,,,,,,,,,,,,,,,,,,,,,,,,,,,,,,,,,,,,,,,,,,,,,,,,,,,,,,,,,,,,,,,,,,,,,,,,,,,,,,,,,,,,,,,,,,,,,,,,,,,,,,,,,,,,,,,,,,,,,,,,
2025-08-13T19:50:01.082290Z,4624,WIN-LC7SFT89DTG,Microsoft-Windows-Security-Auditing,Security,16,0,,,,,,,,,,,,,,,,,-,,,,,,,,,,,,,,,,,,,,,,,,%%1842,,,,,,,,,,,,,-,-,-,,,,0,,,-,,,,,00000000-0000-0000-0000-000000000000,,-,0,,,,,,,,,,,,,,,,,,,,,,,,,,,,,,,,,,,,,,,,,,,,0x4,,,,,,,,,,,-,,,,,,,,,,,,,,,,,-,0x0,,-,S-1-0-0,NT AUTHORITY,,0x0,,0x3e7,,-,-,,,,,SYSTEM,S-1-5-18,,,,,-,,,,,,%%1843,,,-,
2025-08-13T19:50:01.132626Z,4902,WIN-LC7SFT89DTG,Microsoft-Windows-Security-Auditing,Security,17,0,,,,,,,,,,,,,,,,,,,,,,,,,,,,,,,,,,,,,,,,,,,,,,,,,,,,,,,,,,,,,,,,,,,,,,,,,,,,,,,,,,,,,,,,,,,,,,,,,,,,,,,,,,,,,,,,,,,,,,,,0,0x18031,,,,,,,,,,,,,,,,,,,,,,,,,,,,,,,,,,,,,,,,,,,,,,,,,,,,,,,
2025-08-13T19:50:01.159169Z,4731,WIN-LC7SFT89DTG,Microsoft-Windows-Security-Auditing,Security,18,0,,,,,,,,,,,,,,,,,,,,,,,,,,,,,,,,,,,,,,,,,,,,,,,,,,,,,,,,,,,,,,,,,,,,,,,,,,,,,,,,,,,,,,,,,,,,,,,,,,,,,,,,,,,,,,,,,-,,,,,,,,,,,,,,,Print Operators,,,,,,,-,,,,,,,,,0x3e7,,MINWINPC$,S-1-5-18,Builtin,,,,,,,,,,,S-1-5-32-550,Print Operators,,,,,,,,,,,,,,,,
2025-08-13T19:50:01.159198Z,4735,WIN-LC7SFT89DTG,Microsoft-Windows-Security-Auditing,Security,19,0,,,,,,,,,,,,,,,,,,,,,,,,,,,,,,,,,,,,,,,,,,,,,,,,,,,,,,,,,,,,,,,,,,,,,,,,,,,,,,,,,,,,,,,,,,,,,,,,,,,,,,,,,,,,,,,,,-,,,,,,,,,,,,,,,-,,,,,,,-,,,,,,,,,0x3e7,,MINWINPC$,S-1-5-18,Builtin,,,,,,,,,,,S-1-5-32-550,Print Operators,,,,,,,,,,,,,,,,
2025-08-13T19:50:01.159299Z,4731,WIN-LC7SFT89DTG,Microsoft-Windows-Security-Auditing,Security,20,0,,,,,,,,,,,,,,,,,,,,,,,,,,,,,,,,,,,,,,,,,,,,,,,,,,,,,,,,,,,,,,,,,,,,,,,,,,,,,,,,,,,,,,,,,,,,,,,,,,,,,,,,,,,,,,,,,-,,,,,,,,,,,,,,,Remote Desktop Users,,,,,,,-,,,,,,,,,0x3e7,,MINWINPC$,S-1-5-18,Builtin,,,,,,,,,,,S-1-5-32-555,Remote Desktop Users,,,,,,,,,,,,,,,,
2025-08-13T19:50:01.159313Z,4735,WIN-LC7SFT89DTG,Microsoft-Windows-Security-Auditing,Security,21,0,,,,,,,,,,,,,,,,,,,,,,,,,,,,,,,,,,,,,,,,,,,,,,,,,,,,,,,,,,,,,,,,,,,,,,,,,,,,,,,,,,,,,,,,,,,,,,,,,,,,,,,,,,,,,,,,,-,,,,,,,,,,,,,,,-,,,,,,,-,,,,,,,,,0x3e7,,MINWINPC$,S-1-5-18,Builtin,,,,,,,,,,,S-1-5-32-555,Remote Desktop Users,,,,,,,,,,,,,,,,
2025-08-13T19:50:01.159381Z,4731,WIN-LC7SFT89DTG,Microsoft-Windows-Security-Auditing,Security,22,0,,,,,,,,,,,,,,,,,,,,,,,,,,,,,,,,,,,,,,,,,,,,,,,,,,,,,,,,,,,,,,,,,,,,,,,,,,,,,,,,,,,,,,,,,,,,,,,,,,,,,,,,,,,,,,,,,-,,,,,,,,,,,,,,,Network Configuration Operators,,,,,,,-,,,,,,,,,0x3e7,,MINWINPC$,S-1-5-18,Builtin,,,,,,,,,,,S-1-5-32-556,Network Configuration Operators,,,,,,,,,,,,,,,,
2025-08-13T19:50:01.159394Z,4735,WIN-LC7SFT89DTG,Microsoft-Windows-Security-Auditing,Security,23,0,,,,,,,,,,,,,,,,,,,,,,,,,,,,,,,,,,,,,,,,,,,,,,,,,,,,,,,,,,,,,,,,,,,,,,,,,,,,,,,,,,,,,,,,,,,,,,,,,,,,,,,,,,,,,,,,,-,,,,,,,,,,,,,,,-,,,,,,,-,,,,,,,,,0x3e7,,MINWINPC$,S-1-5-18,Builtin,,,,,,,,,,,S-1-5-32-556,Network Configuration Operators,,,,,,,,,,,,,,,,
2025-08-13T19:50:01.159465Z,4731,WIN-LC7SFT89DTG,Microsoft-Windows-Security-Auditing,Security,24,0,,,,,,,,,,,,,,,,,,,,,,,,,,,,,,,,,,,,,,,,,,,,,,,,,,,,,,,,,,,,,,,,,,,,,,,,,,,,,,,,,,,,,,,,,,,,,,,,,,,,,,,,,,,,,,,,,-,,,,,,,,,,,,,,,Performance Monitor Users,,,,,,,-,,,,,,,,,0x3e7,,MINWINPC$,S-1-5-18,Builtin,,,,,,,,,,,S-1-5-32-558,Performance Monitor Users,,,,,,,,,,,,,,,,
2025-08-13T19:50:01.159479Z,4735,WIN-LC7SFT89DTG,Microsoft-Windows-Security-Auditing,Security,25,0,,,,,,,,,,,,,,,,,,,,,,,,,,,,,,,,,,,,,,,,,,,,,,,,,,,,,,,,,,,,,,,,,,,,,,,,,,,,,,,,,,,,,,,,,,,,,,,,,,,,,,,,,,,,,,,,,-,,,,,,,,,,,,,,,-,,,,,,,-,,,,,,,,,0x3e7,,MINWINPC$,S-1-5-18,Builtin,,,,,,,,,,,S-1-5-32-558,Performance Monitor Users,,,,,,,,,,,,,,,,
2025-08-13T19:50:01.159544Z,4731,WIN-LC7SFT89DTG,Microsoft-Windows-Security-Auditing,Security,26,0,,,,,,,,,,,,,,,,,,,,,,,,,,,,,,,,,,,,,,,,,,,,,,,,,,,,,,,,,,,,,,,,,,,,,,,,,,,,,,,,,,,,,,,,,,,,,,,,,,,,,,,,,,,,,,,,,-,,,,,,,,,,,,,,,Performance Log Users,,,,,,,-,,,,,,,,,0x3e7,,MINWINPC$,S-1-5-18,Builtin,,,,,,,,,,,S-1-5-32-559,Performance Log Users,,,,,,,,,,,,,,,,
2025-08-13T19:50:01.159561Z,4735,WIN-LC7SFT89DTG,Microsoft-Windows-Security-Auditing,Security,27,0,,,,,,,,,,,,,,,,,,,,,,,,,,,,,,,,,,,,,,,,,,,,,,,,,,,,,,,,,,,,,,,,,,,,,,,,,,,,,,,,,,,,,,,,,,,,,,,,,,,,,,,,,,,,,,,,,-,,,,,,,,,,,,,,,-,,,,,,,-,,,,,,,,,0x3e7,,MINWINPC$,S-1-5-18,Builtin,,,,,,,,,,,S-1-5-32-559,Performance Log Users,,,,,,,,,,,,,,,,
2025-08-13T19:50:01.159837Z,4731,WIN-LC7SFT89DTG,Microsoft-Windows-Security-Auditing,Security,28,0,,,,,,,,,,,,,,,,,,,,,,,,,,,,,,,,,,,,,,,,,,,,,,,,,,,,,,,,,,,,,,,,,,,,,,,,,,,,,,,,,,,,,,,,,,,,,,,,,,,,,,,,,,,,,,,,,-,,,,,,,,,,,,,,,Distributed COM Users,,,,,,,-,,,,,,,,,0x3e7,,MINWINPC$,S-1-5-18,Builtin,,,,,,,,,,,S-1-5-32-562,Distributed COM Users,,,,,,,,,,,,,,,,
2025-08-13T19:50:01.159850Z,4735,WIN-LC7SFT89DTG,Microsoft-Windows-Security-Auditing,Security,29,0,,,,,,,,,,,,,,,,,,,,,,,,,,,,,,,,,,,,,,,,,,,,,,,,,,,,,,,,,,,,,,,,,,,,,,,,,,,,,,,,,,,,,,,,,,,,,,,,,,,,,,,,,,,,,,,,,-,,,,,,,,,,,,,,,-,,,,,,,-,,,,,,,,,0x3e7,,MINWINPC$,S-1-5-18,Builtin,,,,,,,,,,,S-1-5-32-562,Distributed COM Users,,,,,,,,,,,,,,,,
2025-08-13T19:50:01.159962Z,4731,WIN-LC7SFT89DTG,Microsoft-Windows-Security-Auditing,Security,30,0,,,,,,,,,,,,,,,,,,,,,,,,,,,,,,,,,,,,,,,,,,,,,,,,,,,,,,,,,,,,,,,,,,,,,,,,,,,,,,,,,,,,,,,,,,,,,,,,,,,,,,,,,,,,,,,,,-,,,,,,,,,,,,,,,IIS_IUSRS,,,,,,,-,,,,,,,,,0x3e7,,MINWINPC$,S-1-5-18,Builtin,,,,,,,,,,,S-1-5-32-568,IIS_IUSRS,,,,,,,,,,,,,,,,
2025-08-13T19:50:01.159978Z,4735,WIN-LC7SFT89DTG,Microsoft-Windows-Security-Auditing,Security,31,0,,,,,,,,,,,,,,,,,,,,,,,,,,,,,,,,,,,,,,,,,,,,,,,,,,,,,,,,,,,,,,,,,,,,,,,,,,,,,,,,,,,,,,,,,,,,,,,,,,,,,,,,,,,,,,,,,-,,,,,,,,,,,,,,,-,,,,,,,-,,,,,,,,,0x3e7,,MINWINPC$,S-1-5-18,Builtin,,,,,,,,,,,S-1-5-32-568,IIS_IUSRS,,,,,,,,,,,,,,,,
2025-08-13T19:50:01.160046Z,4731,WIN-LC7SFT89DTG,Microsoft-Windows-Security-Auditing,Security,32,0,,,,,,,,,,,,,,,,,,,,,,,,,,,,,,,,,,,,,,,,,,,,,,,,,,,,,,,,,,,,,,,,,,,,,,,,,,,,,,,,,,,,,,,,,,,,,,,,,,,,,,,,,,,,,,,,,-,,,,,,,,,,,,,,,Cryptographic Operators,,,,,,,-,,,,,,,,,0x3e7,,MINWINPC$,S-1-5-18,Builtin,,,,,,,,,,,S-1-5-32-569,Cryptographic Operators,,,,,,,,,,,,,,,,
2025-08-13T19:50:01.160059Z,4735,WIN-LC7SFT89DTG,Microsoft-Windows-Security-Auditing,Security,33,0,,,,,,,,,,,,,,,,,,,,,,,,,,,,,,,,,,,,,,,,,,,,,,,,,,,,,,,,,,,,,,,,,,,,,,,,,,,,,,,,,,,,,,,,,,,,,,,,,,,,,,,,,,,,,,,,,-,,,,,,,,,,,,,,,-,,,,,,,-,,,,,,,,,0x3e7,,MINWINPC$,S-1-5-18,Builtin,,,,,,,,,,,S-1-5-32-569,Cryptographic Operators,,,,,,,,,,,,,,,,
2025-08-13T19:50:01.160080Z,4732,WIN-LC7SFT89DTG,Microsoft-Windows-Security-Auditing,Security,34,0,,,,,,,,,,,,,,,,,,,,,,,,,,,,,,,,,,,,,,,,,,,,,,,,,,,,,,,,,,,,,,,,,,,,,,,,,,,-,S-1-5-17,,,,,,,,,,,,,,,,,,,,,,,,,,,,,,,,,,,,,-,,,,,,,,,,,,,,,,,,,,,,,,,,,,,,,0x3e7,,MINWINPC$,S-1-5-18,Builtin,,,,,,,,,,,S-1-5-32-568,IIS_IUSRS,,,,,,,,,,,,,,,,
2025-08-13T19:50:01.160214Z,4731,WIN-LC7SFT89DTG,Microsoft-Windows-Security-Auditing,Security,35,0,,,,,,,,,,,,,,,,,,,,,,,,,,,,,,,,,,,,,,,,,,,,,,,,,,,,,,,,,,,,,,,,,,,,,,,,,,,,,,,,,,,,,,,,,,,,,,,,,,,,,,,,,,,,,,,,,-,,,,,,,,,,,,,,,Event Log Readers,,,,,,,-,,,,,,,,,0x3e7,,MINWINPC$,S-1-5-18,Builtin,,,,,,,,,,,S-1-5-32-573,Event Log Readers,,,,,,,,,,,,,,,,
2025-08-13T19:50:01.160228Z,4735,WIN-LC7SFT89DTG,Microsoft-Windows-Security-Auditing,Security,36,0,,,,,,,,,,,,,,,,,,,,,,,,,,,,,,,,,,,,,,,,,,,,,,,,,,,,,,,,,,,,,,,,,,,,,,,,,,,,,,,,,,,,,,,,,,,,,,,,,,,,,,,,,,,,,,,,,-,,,,,,,,,,,,,,,-,,,,,,,-,,,,,,,,,0x3e7,,MINWINPC$,S-1-5-18,Builtin,,,,,,,,,,,S-1-5-32-573,Event Log Readers,,,,,,,,,,,,,,,,
2025-08-13T19:50:01.160323Z,4731,WIN-LC7SFT89DTG,Microsoft-Windows-Security-Auditing,Security,37,0,,,,,,,,,,,,,,,,,,,,,,,,,,,,,,,,,,,,,,,,,,,,,,,,,,,,,,,,,,,,,,,,,,,,,,,,,,,,,,,,,,,,,,,,,,,,,,,,,,,,,,,,,,,,,,,,,-,,,,,,,,,,,,,,,Certificate Service DCOM Access,,,,,,,-,,,,,,,,,0x3e7,,MINWINPC$,S-1-5-18,Builtin,,,,,,,,,,,S-1-5-32-574,Certificate Service DCOM Access,,,,,,,,,,,,,,,,
2025-08-13T19:50:01.160395Z,4735,WIN-LC7SFT89DTG,Microsoft-Windows-Security-Auditing,Security,38,0,,,,,,,,,,,,,,,,,,,,,,,,,,,,,,,,,,,,,,,,,,,,,,,,,,,,,,,,,,,,,,,,,,,,,,,,,,,,,,,,,,,,,,,,,,,,,,,,,,,,,,,,,,,,,,,,,-,,,,,,,,,,,,,,,-,,,,,,,-,,,,,,,,,0x3e7,,MINWINPC$,S-1-5-18,Builtin,,,,,,,,,,,S-1-5-32-574,Certificate Service DCOM Access,,,,,,,,,,,,,,,,
2025-08-13T19:50:01.160688Z,4731,WIN-LC7SFT89DTG,Microsoft-Windows-Security-Auditing,Security,39,0,,,,,,,,,,,,,,,,,,,,,,,,,,,,,,,,,,,,,,,,,,,,,,,,,,,,,,,,,,,,,,,,,,,,,,,,,,,,,,,,,,,,,,,,,,,,,,,,,,,,,,,,,,,,,,,,,-,,,,,,,,,,,,,,,RDS Remote Access Servers,,,,,,,-,,,,,,,,,0x3e7,,MINWINPC$,S-1-5-18,Builtin,,,,,,,,,,,S-1-5-32-575,RDS Remote Access Servers,,,,,,,,,,,,,,,,
2025-08-13T19:50:01.160707Z,4735,WIN-LC7SFT89DTG,Microsoft-Windows-Security-Auditing,Security,40,0,,,,,,,,,,,,,,,,,,,,,,,,,,,,,,,,,,,,,,,,,,,,,,,,,,,,,,,,,,,,,,,,,,,,,,,,,,,,,,,,,,,,,,,,,,,,,,,,,,,,,,,,,,,,,,,,,-,,,,,,,,,,,,,,,-,,,,,,,-,,,,,,,,,0x3e7,,MINWINPC$,S-1-5-18,Builtin,,,,,,,,,,,S-1-5-32-575,RDS Remote Access Servers,,,,,,,,,,,,,,,,
2025-08-13T19:50:01.160780Z,4731,WIN-LC7SFT89DTG,Microsoft-Windows-Security-Auditing,Security,41,0,,,,,,,,,,,,,,,,,,,,,,,,,,,,,,,,,,,,,,,,,,,,,,,,,,,,,,,,,,,,,,,,,,,,,,,,,,,,,,,,,,,,,,,,,,,,,,,,,,,,,,,,,,,,,,,,,-,,,,,,,,,,,,,,,RDS Endpoint Servers,,,,,,,-,,,,,,,,,0x3e7,,MINWINPC$,S-1-5-18,Builtin,,,,,,,,,,,S-1-5-32-576,RDS Endpoint Servers,,,,,,,,,,,,,,,,
2025-08-13T19:50:01.160803Z,4735,WIN-LC7SFT89DTG,Microsoft-Windows-Security-Auditing,Security,42,0,,,,,,,,,,,,,,,,,,,,,,,,,,,,,,,,,,,,,,,,,,,,,,,,,,,,,,,,,,,,,,,,,,,,,,,,,,,,,,,,,,,,,,,,,,,,,,,,,,,,,,,,,,,,,,,,,-,,,,,,,,,,,,,,,-,,,,,,,-,,,,,,,,,0x3e7,,MINWINPC$,S-1-5-18,Builtin,,,,,,,,,,,S-1-5-32-576,RDS Endpoint Servers,,,,,,,,,,,,,,,,
2025-08-13T19:50:01.160964Z,4731,WIN-LC7SFT89DTG,Microsoft-Windows-Security-Auditing,Security,43,0,,,,,,,,,,,,,,,,,,,,,,,,,,,,,,,,,,,,,,,,,,,,,,,,,,,,,,,,,,,,,,,,,,,,,,,,,,,,,,,,,,,,,,,,,,,,,,,,,,,,,,,,,,,,,,,,,-,,,,,,,,,,,,,,,RDS Management Servers,,,,,,,-,,,,,,,,,0x3e7,,MINWINPC$,S-1-5-18,Builtin,,,,,,,,,,,S-1-5-32-577,RDS Management Servers,,,,,,,,,,,,,,,,
2025-08-13T19:50:01.161001Z,4735,WIN-LC7SFT89DTG,Microsoft-Windows-Security-Auditing,Security,44,0,,,,,,,,,,,,,,,,,,,,,,,,,,,,,,,,,,,,,,,,,,,,,,,,,,,,,,,,,,,,,,,,,,,,,,,,,,,,,,,,,,,,,,,,,,,,,,,,,,,,,,,,,,,,,,,,,-,,,,,,,,,,,,,,,-,,,,,,,-,,,,,,,,,0x3e7,,MINWINPC$,S-1-5-18,Builtin,,,,,,,,,,,S-1-5-32-577,RDS Management Servers,,,,,,,,,,,,,,,,
2025-08-13T19:50:01.161071Z,4731,WIN-LC7SFT89DTG,Microsoft-Windows-Security-Auditing,Security,45,0,,,,,,,,,,,,,,,,,,,,,,,,,,,,,,,,,,,,,,,,,,,,,,,,,,,,,,,,,,,,,,,,,,,,,,,,,,,,,,,,,,,,,,,,,,,,,,,,,,,,,,,,,,,,,,,,,-,,,,,,,,,,,,,,,Hyper-V Administrators,,,,,,,-,,,,,,,,,0x3e7,,MINWINPC$,S-1-5-18,Builtin,,,,,,,,,,,S-1-5-32-578,Hyper-V Administrators,,,,,,,,,,,,,,,,
2025-08-13T19:50:01.161084Z,4735,WIN-LC7SFT89DTG,Microsoft-Windows-Security-Auditing,Security,46,0,,,,,,,,,,,,,,,,,,,,,,,,,,,,,,,,,,,,,,,,,,,,,,,,,,,,,,,,,,,,,,,,,,,,,,,,,,,,,,,,,,,,,,,,,,,,,,,,,,,,,,,,,,,,,,,,,-,,,,,,,,,,,,,,,-,,,,,,,-,,,,,,,,,0x3e7,,MINWINPC$,S-1-5-18,Builtin,,,,,,,,,,,S-1-5-32-578,Hyper-V Administrators,,,,,,,,,,,,,,,,
2025-08-13T19:50:01.161169Z,4731,WIN-LC7SFT89DTG,Microsoft-Windows-Security-Auditing,Security,47,0,,,,,,,,,,,,,,,,,,,,,,,,,,,,,,,,,,,,,,,,,,,,,,,,,,,,,,,,,,,,,,,,,,,,,,,,,,,,,,,,,,,,,,,,,,,,,,,,,,,,,,,,,,,,,,,,,-,,,,,,,,,,,,,,,Access Control Assistance Operators,,,,,,,-,,,,,,,,,0x3e7,,MINWINPC$,S-1-5-18,Builtin,,,,,,,,,,,S-1-5-32-579,Access Control Assistance Operators,,,,,,,,,,,,,,,,
2025-08-13T19:50:01.161183Z,4735,WIN-LC7SFT89DTG,Microsoft-Windows-Security-Auditing,Security,48,0,,,,,,,,,,,,,,,,,,,,,,,,,,,,,,,,,,,,,,,,,,,,,,,,,,,,,,,,,,,,,,,,,,,,,,,,,,,,,,,,,,,,,,,,,,,,,,,,,,,,,,,,,,,,,,,,,-,,,,,,,,,,,,,,,-,,,,,,,-,,,,,,,,,0x3e7,,MINWINPC$,S-1-5-18,Builtin,,,,,,,,,,,S-1-5-32-579,Access Control Assistance Operators,,,,,,,,,,,,,,,,
2025-08-13T19:50:01.161246Z,4731,WIN-LC7SFT89DTG,Microsoft-Windows-Security-Auditing,Security,49,0,,,,,,,,,,,,,,,,,,,,,,,,,,,,,,,,,,,,,,,,,,,,,,,,,,,,,,,,,,,,,,,,,,,,,,,,,,,,,,,,,,,,,,,,,,,,,,,,,,,,,,,,,,,,,,,,,-,,,,,,,,,,,,,,,Remote Management Users,,,,,,,-,,,,,,,,,0x3e7,,MINWINPC$,S-1-5-18,Builtin,,,,,,,,,,,S-1-5-32-580,Remote Management Users,,,,,,,,,,,,,,,,
2025-08-13T19:50:01.161276Z,4735,WIN-LC7SFT89DTG,Microsoft-Windows-Security-Auditing,Security,50,0,,,,,,,,,,,,,,,,,,,,,,,,,,,,,,,,,,,,,,,,,,,,,,,,,,,,,,,,,,,,,,,,,,,,,,,,,,,,,,,,,,,,,,,,,,,,,,,,,,,,,,,,,,,,,,,,,-,,,,,,,,,,,,,,,-,,,,,,,-,,,,,,,,,0x3e7,,MINWINPC$,S-1-5-18,Builtin,,,,,,,,,,,S-1-5-32-580,Remote Management Users,,,,,,,,,,,,,,,,
2025-08-13T19:50:01.161421Z,4727,WIN-LC7SFT89DTG,Microsoft-Windows-Security-Auditing,Security,51,0,,,,,,,,,,,,,,,,,,,,,,,,,,,,,,,,,,,,,,,,,,,,,,,,,,,,,,,,,,,,,,,,,,,,,,,,,,,,,,,,,,,,,,,,,,,,,,,,,,,,,,,,,,,,,,,,,-,,,,,,,,,,,,,,,Storage Replica Administrators,,,,,,,-,,,,,,,,,0x3e7,,MINWINPC$,S-1-5-18,Builtin,,,,,,,,,,,S-1-5-32-582,Storage Replica Administrators,,,,,,,,,,,,,,,,
2025-08-13T19:50:01.161436Z,4735,WIN-LC7SFT89DTG,Microsoft-Windows-Security-Auditing,Security,52,0,,,,,,,,,,,,,,,,,,,,,,,,,,,,,,,,,,,,,,,,,,,,,,,,,,,,,,,,,,,,,,,,,,,,,,,,,,,,,,,,,,,,,,,,,,,,,,,,,,,,,,,,,,,,,,,,,-,,,,,,,,,,,,,,,-,,,,,,,-,,,,,,,,,0x3e7,,MINWINPC$,S-1-5-18,Builtin,,,,,,,,,,,S-1-5-32-582,Storage Replica Administrators,,,,,,,,,,,,,,,,
2025-08-13T19:50:01.161668Z,4728,WIN-LC7SFT89DTG,Microsoft-Windows-Security-Auditing,Security,53,0,,,,,,,,,,,,,,,,,,,,,,,,,,,,,,,,,,,,,,,,,,,,,,,,,,,,,,,,,,,,,,,,,,,,,,,,,,,-,S-1-5-21-2502726253-3859040611-225969357-504,,,,,,,,,,,,,,,,,,,,,,,,,,,,,,,,,,,,,-,,,,,,,,,,,,,,,,,,,,,,,,,,,,,,,0x3e7,,MINWINPC$,S-1-5-18,MINWINPC,,,,,,,,,,,S-1-5-21-2502726253-3859040611-225969357-513,None,,,,,,,,,,,,,,,,
2025-08-13T19:50:01.161907Z,4720,WIN-LC7SFT89DTG,Microsoft-Windows-Security-Auditing,Security,54,0,,,,,%%1794,,,,,-,,,,,,,,,,,,,,,,,,,,,,,,%%1793,,,,,,,,,,,,,,%%1793,%%1793,,,,,,,,,,,,,,,,,,,,%%1797,,,,,,,,,,,,,,,,,0x15,,,,,,,,,,,,,0x0,,,,,,,,,%%1794,,,,513,-,,,,%%1793,,,,,,,,,,,WDAGUtilityAccount,,,%%1793,,,,-,,,,,,,,,0x3e7,,MINWINPC$,S-1-5-18,MINWINPC,,,,,,,,,,,S-1-5-21-2502726253-3859040611-225969357-504,WDAGUtilityAccount,,,,,,,,"
		%%2080
		%%2082
		%%2084",%%1793,-,%%1793,,,,,
2025-08-13T19:50:01.162094Z,4738,WIN-LC7SFT89DTG,Microsoft-Windows-Security-Auditing,Security,55,0,,,,,-,,,,,-,,,,,,,,,,,,,,,,,,,,,,,,-,,,,,,-,,,,,,,,-,-,,,,,,,,,,,,,,,,,,,,-,,,,,,,,,,,,,,,,,0x11,,,,,,,,,,,,,0x15,,,,,,,,,-,,,,-,-,,,,-,,,,,,,,,,,-,,,-,,,,-,,,,,,,,,0x3e7,,MINWINPC$,S-1-5-18,MINWINPC,,,,,,,,,,,S-1-5-21-2502726253-3859040611-225969357-504,WDAGUtilityAccount,,,,,,,,"
		%%2050",-,-,-,,,,,
2025-08-13T19:50:01.194623Z,4738,WIN-LC7SFT89DTG,Microsoft-Windows-Security-Auditing,Security,56,0,,,,,-,,,,,-,,,,,,,,,,,,,,,,,,,,,,,,-,,,,,,-,,,,,,,,-,-,,,,,,,,,,,,,,,,,,,,-,,,,,,,,,,,,,,,,,-,,,,,,,,,,,,,-,,,,,,,,,-,,,,-,-,,,,-,,,,,,,,,,,-,,,-,,,,-,,,,,,,,,0x3e7,,MINWINPC$,S-1-5-18,MINWINPC,,,,,,,,,,,S-1-5-21-2502726253-3859040611-225969357-504,WDAGUtilityAccount,,,,,,,,-,-,-,-,,,,,
2025-08-13T19:50:01.194665Z,4738,WIN-LC7SFT89DTG,Microsoft-Windows-Security-Auditing,Security,57,0,,,,,-,,,,,-,,,,,,,,,,,,,,,,,,,,,,,,-,,,,,,-,,,,,,,,-,-,,,,,,,,,,,,,,,,,,,,-,,,,,,,,,,,,,,,,,-,,,,,,,,,,,,,-,,,,,,,,,-,,,,-,-,,,,-,,,,,,,,,,,-,,,-,,,,-,,,,,,,,,0x3e7,,MINWINPC$,S-1-5-18,MINWINPC,,,,,,,,,,,S-1-5-21-2502726253-3859040611-225969357-504,WDAGUtilityAccount,,,,,,,,-,-,-,-,,,,,
2025-08-13T19:50:01.197436Z,4624,WIN-LC7SFT89DTG,Microsoft-Windows-Security-Auditing,Security,58,0,,,,,,,,,,,,,,,,,Negotiate,,,,,,,,,,,,,,,,,,,,,,,,%%1842,,,,,,,,,,,,,%%1833,-,-,,,,0,,,-,,,,,00000000-0000-0000-0000-000000000000,,Advapi  ,5,,,,,,,,,,,,,,,,,,,,,,,,,,,,,,,,,,,,,,,,,,,,0x280,C:\Windows\System32\services.exe,,,,,,,,,,-,,,,,,,,,,,,,,,,,,0x3e7,,MINWINPC$,S-1-5-18,NT AUTHORITY,,0x0,,0x3e7,,-,-,,,,,SYSTEM,S-1-5-18,,,,,-,,,,,,%%1843,,,-,
2025-08-13T19:50:01.197444Z,4672,WIN-LC7SFT89DTG,Microsoft-Windows-Security-Auditing,Security,59,0,,,,,,,,,,,,,,,,,,,,,,,,,,,,,,,,,,,,,,,,,,,,,,,,,,,,,,,,,,,,,,,,,,,,,,,,,,,,,,,,,,,,,,,,,,,,,,,,,,,,,,,,,,,,,,,,,"SeAssignPrimaryTokenPrivilege
			SeTcbPrivilege
			SeSecurityPrivilege
			SeTakeOwnershipPrivilege
			SeLoadDriverPrivilege
			SeBackupPrivilege
			SeRestorePrivilege
			SeDebugPrivilege
			SeAuditPrivilege
			SeSystemEnvironmentPrivilege
			SeImpersonatePrivilege
			SeDelegateSessionUserImpersonatePrivilege",,,,,,,,,,,,,,,,,,,,,,,,,,,,,,NT AUTHORITY,0x3e7,,SYSTEM,S-1-5-18,,,,,,,,,,,,,,,,,,,,,,,,,,,,,
2025-08-13T19:50:01.198708Z,4648,WIN-LC7SFT89DTG,Microsoft-Windows-Security-Auditing,Security,60,0,,,,,,,,,,,,,,,,,,,,,,,,,,,,,,,,,,,,,,,,,,,,,,,,,,,,,,,-,-,,,,,,,,,,,,00000000-0000-0000-0000-000000000000,,,,,,,,,,,,,,,,,,,,,,,,,,,,,,,,,,,,,,,,,,,,,,,0x1e8,C:\Windows\System32\wininit.exe,,,,,,,,,,,,,,,,,,,,,,,,,,,,0x3e7,,MINWINPC$,S-1-5-18,Font Driver Host,localhost,,00000000-0000-0000-0000-000000000000,,,,,,,localhost,,UMFD-0,,,,,,,,,,,,,,,,
2025-08-13T19:50:01.198763Z,4624,WIN-LC7SFT89DTG,Microsoft-Windows-Security-Auditing,Security,61,0,,,,,,,,,,,,,,,,,Negotiate,,,,,,,,,,,,,,,,,,,,,,,,%%1843,,,,,,,,,,,,,%%1833,-,-,,,,0,,,-,,,,,00000000-0000-0000-0000-000000000000,,Advapi  ,2,,,,,,,,,,,,,,,,,,,,,,,,,,,,,,,,,,,,,,,,,,,,0x1e8,C:\Windows\System32\wininit.exe,,,,,,,,,,-,,,,,,,,,,,,,,,,,,0x3e7,,MINWINPC$,S-1-5-18,Font Driver Host,,0x0,,0x18643,,-,-,,,,,UMFD-0,S-1-5-96-0-0,,,,,-,,,,,,%%1842,,,-,
2025-08-13T19:50:01.198772Z,4648,WIN-LC7SFT89DTG,Microsoft-Windows-Security-Auditing,Security,62,0,,,,,,,,,,,,,,,,,,,,,,,,,,,,,,,,,,,,,,,,,,,,,,,,,,,,,,,-,-,,,,,,,,,,,,00000000-0000-0000-0000-000000000000,,,,,,,,,,,,,,,,,,,,,,,,,,,,,,,,,,,,,,,,,,,,,,,0x254,C:\Windows\System32\winlogon.exe,,,,,,,,,,,,,,,,,,,,,,,,,,,,0x3e7,,MINWINPC$,S-1-5-18,Font Driver Host,localhost,,00000000-0000-0000-0000-000000000000,,,,,,,localhost,,UMFD-1,,,,,,,,,,,,,,,,
2025-08-13T19:50:01.198806Z,4624,WIN-LC7SFT89DTG,Microsoft-Windows-Security-Auditing,Security,63,0,,,,,,,,,,,,,,,,,Negotiate,,,,,,,,,,,,,,,,,,,,,,,,%%1843,,,,,,,,,,,,,%%1833,-,-,,,,0,,,-,,,,,00000000-0000-0000-0000-000000000000,,Advapi  ,2,,,,,,,,,,,,,,,,,,,,,,,,,,,,,,,,,,,,,,,,,,,,0x254,C:\Windows\System32\winlogon.exe,,,,,,,,,,-,,,,,,,,,,,,,,,,,,0x3e7,,MINWINPC$,S-1-5-18,Font Driver Host,,0x0,,0x18671,,-,-,,,,,UMFD-1,S-1-5-96-0-1,,,,,-,,,,,,%%1842,,,-,
2025-08-13T19:50:01.210251Z,4624,WIN-LC7SFT89DTG,Microsoft-Windows-Security-Auditing,Security,64,0,,,,,,,,,,,,,,,,,Negotiate,,,,,,,,,,,,,,,,,,,,,,,,%%1842,,,,,,,,,,,,,%%1833,-,-,,,,0,,,-,,,,,00000000-0000-0000-0000-000000000000,,Advapi  ,5,,,,,,,,,,,,,,,,,,,,,,,,,,,,,,,,,,,,,,,,,,,,0x280,C:\Windows\System32\services.exe,,,,,,,,,,-,,,,,,,,,,,,,,,,,,0x3e7,,MINWINPC$,S-1-5-18,NT AUTHORITY,,0x0,,0x3e7,,-,-,,,,,SYSTEM,S-1-5-18,,,,,-,,,,,,%%1843,,,-,
2025-08-13T19:50:01.210256Z,4672,WIN-LC7SFT89DTG,Microsoft-Windows-Security-Auditing,Security,65,0,,,,,,,,,,,,,,,,,,,,,,,,,,,,,,,,,,,,,,,,,,,,,,,,,,,,,,,,,,,,,,,,,,,,,,,,,,,,,,,,,,,,,,,,,,,,,,,,,,,,,,,,,,,,,,,,,"SeAssignPrimaryTokenPrivilege
			SeTcbPrivilege
			SeSecurityPrivilege
			SeTakeOwnershipPrivilege
			SeLoadDriverPrivilege
			SeBackupPrivilege
			SeRestorePrivilege
			SeDebugPrivilege
			SeAuditPrivilege
			SeSystemEnvironmentPrivilege
			SeImpersonatePrivilege
			SeDelegateSessionUserImpersonatePrivilege",,,,,,,,,,,,,,,,,,,,,,,,,,,,,,NT AUTHORITY,0x3e7,,SYSTEM,S-1-5-18,,,,,,,,,,,,,,,,,,,,,,,,,,,,,
2025-08-13T19:50:01.247842Z,4624,WIN-LC7SFT89DTG,Microsoft-Windows-Security-Auditing,Security,66,0,,,,,,,,,,,,,,,,,Negotiate,,,,,,,,,,,,,,,,,,,,,,,,%%1842,,,,,,,,,,,,,%%1833,-,-,,,,0,,,-,,,,,00000000-0000-0000-0000-000000000000,,Advapi  ,5,,,,,,,,,,,,,,,,,,,,,,,,,,,,,,,,,,,,,,,,,,,,0x280,C:\Windows\System32\services.exe,,,,,,,,,,-,,,,,,,,,,,,,,,,,,0x3e7,,MINWINPC$,S-1-5-18,NT AUTHORITY,,0x0,,0x3e4,,-,-,,,,,NETWORK SERVICE,S-1-5-20,,,,,-,,,,,,%%1843,,,-,
2025-08-13T19:50:01.247845Z,4672,WIN-LC7SFT89DTG,Microsoft-Windows-Security-Auditing,Security,67,0,,,,,,,,,,,,,,,,,,,,,,,,,,,,,,,,,,,,,,,,,,,,,,,,,,,,,,,,,,,,,,,,,,,,,,,,,,,,,,,,,,,,,,,,,,,,,,,,,,,,,,,,,,,,,,,,,"SeAssignPrimaryTokenPrivilege
			SeAuditPrivilege
			SeImpersonatePrivilege",,,,,,,,,,,,,,,,,,,,,,,,,,,,,,NT AUTHORITY,0x3e4,,NETWORK SERVICE,S-1-5-20,,,,,,,,,,,,,,,,,,,,,,,,,,,,,
2025-08-13T19:50:01.336284Z,4624,WIN-LC7SFT89DTG,Microsoft-Windows-Security-Auditing,Security,68,0,,,,,,,,,,,,,,,,,Negotiate,,,,,,,,,,,,,,,,,,,,,,,,%%1842,,,,,,,,,,,,,%%1833,-,-,,,,0,,,-,,,,,00000000-0000-0000-0000-000000000000,,Advapi  ,5,,,,,,,,,,,,,,,,,,,,,,,,,,,,,,,,,,,,,,,,,,,,0x280,C:\Windows\System32\services.exe,,,,,,,,,,-,,,,,,,,,,,,,,,,,,0x3e7,,MINWINPC$,S-1-5-18,NT AUTHORITY,,0x0,,0x3e7,,-,-,,,,,SYSTEM,S-1-5-18,,,,,-,,,,,,%%1843,,,-,
2025-08-13T19:50:01.336290Z,4672,WIN-LC7SFT89DTG,Microsoft-Windows-Security-Auditing,Security,69,0,,,,,,,,,,,,,,,,,,,,,,,,,,,,,,,,,,,,,,,,,,,,,,,,,,,,,,,,,,,,,,,,,,,,,,,,,,,,,,,,,,,,,,,,,,,,,,,,,,,,,,,,,,,,,,,,,"SeAssignPrimaryTokenPrivilege
			SeTcbPrivilege
			SeSecurityPrivilege
			SeTakeOwnershipPrivilege
			SeLoadDriverPrivilege
			SeBackupPrivilege
			SeRestorePrivilege
			SeDebugPrivilege
			SeAuditPrivilege
			SeSystemEnvironmentPrivilege
			SeImpersonatePrivilege
			SeDelegateSessionUserImpersonatePrivilege",,,,,,,,,,,,,,,,,,,,,,,,,,,,,,NT AUTHORITY,0x3e7,,SYSTEM,S-1-5-18,,,,,,,,,,,,,,,,,,,,,,,,,,,,,
2025-08-13T19:50:01.426667Z,4624,WIN-LC7SFT89DTG,Microsoft-Windows-Security-Auditing,Security,70,0,,,,,,,,,,,,,,,,,Negotiate,,,,,,,,,,,,,,,,,,,,,,,,%%1842,,,,,,,,,,,,,%%1833,-,-,,,,0,,,-,,,,,00000000-0000-0000-0000-000000000000,,Advapi  ,5,,,,,,,,,,,,,,,,,,,,,,,,,,,,,,,,,,,,,,,,,,,,0x280,C:\Windows\System32\services.exe,,,,,,,,,,-,,,,,,,,,,,,,,,,,,0x3e7,,MINWINPC$,S-1-5-18,NT AUTHORITY,,0x0,,0x3e7,,-,-,,,,,SYSTEM,S-1-5-18,,,,,-,,,,,,%%1843,,,-,
2025-08-13T19:50:01.426671Z,4672,WIN-LC7SFT89DTG,Microsoft-Windows-Security-Auditing,Security,71,0,,,,,,,,,,,,,,,,,,,,,,,,,,,,,,,,,,,,,,,,,,,,,,,,,,,,,,,,,,,,,,,,,,,,,,,,,,,,,,,,,,,,,,,,,,,,,,,,,,,,,,,,,,,,,,,,,"SeAssignPrimaryTokenPrivilege
			SeTcbPrivilege
			SeSecurityPrivilege
			SeTakeOwnershipPrivilege
			SeLoadDriverPrivilege
			SeBackupPrivilege
			SeRestorePrivilege
			SeDebugPrivilege
			SeAuditPrivilege
			SeSystemEnvironmentPrivilege
			SeImpersonatePrivilege
			SeDelegateSessionUserImpersonatePrivilege",,,,,,,,,,,,,,,,,,,,,,,,,,,,,,NT AUTHORITY,0x3e7,,SYSTEM,S-1-5-18,,,,,,,,,,,,,,,,,,,,,,,,,,,,,
2025-08-13T19:50:01.432424Z,4624,WIN-LC7SFT89DTG,Microsoft-Windows-Security-Auditing,Security,72,0,,,,,,,,,,,,,,,,,Negotiate,,,,,,,,,,,,,,,,,,,,,,,,%%1842,,,,,,,,,,,,,%%1833,-,-,,,,0,,,-,,,,,00000000-0000-0000-0000-000000000000,,Advapi  ,5,,,,,,,,,,,,,,,,,,,,,,,,,,,,,,,,,,,,,,,,,,,,0x280,C:\Windows\System32\services.exe,,,,,,,,,,-,,,,,,,,,,,,,,,,,,0x3e7,,MINWINPC$,S-1-5-18,NT AUTHORITY,,0x0,,0x3e7,,-,-,,,,,SYSTEM,S-1-5-18,,,,,-,,,,,,%%1843,,,-,
2025-08-13T19:50:01.432429Z,4672,WIN-LC7SFT89DTG,Microsoft-Windows-Security-Auditing,Security,73,0,,,,,,,,,,,,,,,,,,,,,,,,,,,,,,,,,,,,,,,,,,,,,,,,,,,,,,,,,,,,,,,,,,,,,,,,,,,,,,,,,,,,,,,,,,,,,,,,,,,,,,,,,,,,,,,,,"SeAssignPrimaryTokenPrivilege
			SeTcbPrivilege
			SeSecurityPrivilege
			SeTakeOwnershipPrivilege
			SeLoadDriverPrivilege
			SeBackupPrivilege
			SeRestorePrivilege
			SeDebugPrivilege
			SeAuditPrivilege
			SeSystemEnvironmentPrivilege
			SeImpersonatePrivilege
			SeDelegateSessionUserImpersonatePrivilege",,,,,,,,,,,,,,,,,,,,,,,,,,,,,,NT AUTHORITY,0x3e7,,SYSTEM,S-1-5-18,,,,,,,,,,,,,,,,,,,,,,,,,,,,,
2025-08-13T19:50:01.462581Z,4648,WIN-LC7SFT89DTG,Microsoft-Windows-Security-Auditing,Security,74,0,,,,,,,,,,,,,,,,,,,,,,,,,,,,,,,,,,,,,,,,,,,,,,,,,,,,,,,-,-,,,,,,,,,,,,00000000-0000-0000-0000-000000000000,,,,,,,,,,,,,,,,,,,,,,,,,,,,,,,,,,,,,,,,,,,,,,,0x254,C:\Windows\System32\winlogon.exe,,,,,,,,,,,,,,,,,,,,,,,,,,,,0x3e7,,MINWINPC$,S-1-5-18,Window Manager,localhost,,00000000-0000-0000-0000-000000000000,,,,,,,localhost,,DWM-1,,,,,,,,,,,,,,,,
2025-08-13T19:50:01.462594Z,4624,WIN-LC7SFT89DTG,Microsoft-Windows-Security-Auditing,Security,75,0,,,,,,,,,,,,,,,,,Negotiate,,,,,,,,,,,,,,,,,,,,,,,,%%1842,,,,,,,,,,,,,%%1833,-,-,,,,0,,,-,,,,,00000000-0000-0000-0000-000000000000,,Advapi  ,2,,,,,,,,,,,,,,,,,,,,,,,,,,,,,,,,,,,,,,,,,,,,0x254,C:\Windows\System32\winlogon.exe,,,,,,,,,,-,,,,,,,,,,,,,,,,,,0x3e7,,MINWINPC$,S-1-5-18,Window Manager,,0x20129,,0x20112,,-,-,,,,,DWM-1,S-1-5-90-0-1,,,,,-,,,,,,%%1842,,,-,
2025-08-13T19:50:01.462605Z,4624,WIN-LC7SFT89DTG,Microsoft-Windows-Security-Auditing,Security,76,0,,,,,,,,,,,,,,,,,Negotiate,,,,,,,,,,,,,,,,,,,,,,,,%%1843,,,,,,,,,,,,,%%1833,-,-,,,,0,,,-,,,,,00000000-0000-0000-0000-000000000000,,Advapi  ,2,,,,,,,,,,,,,,,,,,,,,,,,,,,,,,,,,,,,,,,,,,,,0x254,C:\Windows\System32\winlogon.exe,,,,,,,,,,-,,,,,,,,,,,,,,,,,,0x3e7,,MINWINPC$,S-1-5-18,Window Manager,,0x20112,,0x20129,,-,-,,,,,DWM-1,S-1-5-90-0-1,,,,,-,,,,,,%%1842,,,-,
2025-08-13T19:50:01.462609Z,4672,WIN-LC7SFT89DTG,Microsoft-Windows-Security-Auditing,Security,77,0,,,,,,,,,,,,,,,,,,,,,,,,,,,,,,,,,,,,,,,,,,,,,,,,,,,,,,,,,,,,,,,,,,,,,,,,,,,,,,,,,,,,,,,,,,,,,,,,,,,,,,,,,,,,,,,,,"SeAssignPrimaryTokenPrivilege
			SeAuditPrivilege
			SeImpersonatePrivilege",,,,,,,,,,,,,,,,,,,,,,,,,,,,,,Window Manager,0x20112,,DWM-1,S-1-5-90-0-1,,,,,,,,,,,,,,,,,,,,,,,,,,,,,
2025-08-13T19:50:01.462622Z,4672,WIN-LC7SFT89DTG,Microsoft-Windows-Security-Auditing,Security,78,0,,,,,,,,,,,,,,,,,,,,,,,,,,,,,,,,,,,,,,,,,,,,,,,,,,,,,,,,,,,,,,,,,,,,,,,,,,,,,,,,,,,,,,,,,,,,,,,,,,,,,,,,,,,,,,,,,"SeAssignPrimaryTokenPrivilege
			SeAuditPrivilege",,,,,,,,,,,,,,,,,,,,,,,,,,,,,,Window Manager,0x20129,,DWM-1,S-1-5-90-0-1,,,,,,,,,,,,,,,,,,,,,,,,,,,,,
2025-08-13T19:50:01.491367Z,4624,WIN-LC7SFT89DTG,Microsoft-Windows-Security-Auditing,Security,79,0,,,,,,,,,,,,,,,,,Negotiate,,,,,,,,,,,,,,,,,,,,,,,,%%1842,,,,,,,,,,,,,%%1833,-,-,,,,0,,,-,,,,,00000000-0000-0000-0000-000000000000,,Advapi  ,5,,,,,,,,,,,,,,,,,,,,,,,,,,,,,,,,,,,,,,,,,,,,0x280,C:\Windows\System32\services.exe,,,,,,,,,,-,,,,,,,,,,,,,,,,,,0x3e7,,MINWINPC$,S-1-5-18,NT AUTHORITY,,0x0,,0x3e5,,-,-,,,,,LOCAL SERVICE,S-1-5-19,,,,,-,,,,,,%%1843,,,-,
2025-08-13T19:50:01.491372Z,4672,WIN-LC7SFT89DTG,Microsoft-Windows-Security-Auditing,Security,80,0,,,,,,,,,,,,,,,,,,,,,,,,,,,,,,,,,,,,,,,,,,,,,,,,,,,,,,,,,,,,,,,,,,,,,,,,,,,,,,,,,,,,,,,,,,,,,,,,,,,,,,,,,,,,,,,,,"SeAssignPrimaryTokenPrivilege
			SeAuditPrivilege
			SeImpersonatePrivilege",,,,,,,,,,,,,,,,,,,,,,,,,,,,,,NT AUTHORITY,0x3e5,,LOCAL SERVICE,S-1-5-19,,,,,,,,,,,,,,,,,,,,,,,,,,,,,
2025-08-13T19:50:07.110111Z,4718,WIN-LC7SFT89DTG,Microsoft-Windows-Security-Auditing,Security,81,0,,,,SeInteractiveLogonRight,,,,,,,,,,,,,,,,,,,,,,,,,,,,,,,,,,,,,,,,,,,,,,,,,,,,,,,,,,,,,,,,,,,,,,,,,,,,,,,,,,,,,,,,,,,,,,,,,,,,,,,,,,,,,,,,,,,,,,,,,,,,,,,,,,,,,,,,,,,,0x3e7,,MINWINPC$,S-1-5-18,,,,,,,,,,,,S-1-5-32-546,,,,,,,,,,,,,,,,,
2025-08-13T19:50:07.111002Z,4718,WIN-LC7SFT89DTG,Microsoft-Windows-Security-Auditing,Security,82,0,,,,SeInteractiveLogonRight,,,,,,,,,,,,,,,,,,,,,,,,,,,,,,,,,,,,,,,,,,,,,,,,,,,,,,,,,,,,,,,,,,,,,,,,,,,,,,,,,,,,,,,,,,,,,,,,,,,,,,,,,,,,,,,,,,,,,,,,,,,,,,,,,,,,,,,,,,,,0x3e7,,MINWINPC$,S-1-5-18,,,,,,,,,,,,S-1-5-32-581,,,,,,,,,,,,,,,,,
2025-08-13T19:50:07.111004Z,4718,WIN-LC7SFT89DTG,Microsoft-Windows-Security-Auditing,Security,83,0,,,,SeNetworkLogonRight,,,,,,,,,,,,,,,,,,,,,,,,,,,,,,,,,,,,,,,,,,,,,,,,,,,,,,,,,,,,,,,,,,,,,,,,,,,,,,,,,,,,,,,,,,,,,,,,,,,,,,,,,,,,,,,,,,,,,,,,,,,,,,,,,,,,,,,,,,,,0x3e7,,MINWINPC$,S-1-5-18,,,,,,,,,,,,S-1-5-32-581,,,,,,,,,,,,,,,,,
2025-08-13T19:50:07.112123Z,4718,WIN-LC7SFT89DTG,Microsoft-Windows-Security-Auditing,Security,84,0,,,,SeInteractiveLogonRight,,,,,,,,,,,,,,,,,,,,,,,,,,,,,,,,,,,,,,,,,,,,,,,,,,,,,,,,,,,,,,,,,,,,,,,,,,,,,,,,,,,,,,,,,,,,,,,,,,,,,,,,,,,,,,,,,,,,,,,,,,,,,,,,,,,,,,,,,,,,0x3e7,,MINWINPC$,S-1-5-18,,,,,,,,,,,,S-1-5-32-583,,,,,,,,,,,,,,,,,
2025-08-13T19:50:07.112124Z,4718,WIN-LC7SFT89DTG,Microsoft-Windows-Security-Auditing,Security,85,0,,,,SeNetworkLogonRight,,,,,,,,,,,,,,,,,,,,,,,,,,,,,,,,,,,,,,,,,,,,,,,,,,,,,,,,,,,,,,,,,,,,,,,,,,,,,,,,,,,,,,,,,,,,,,,,,,,,,,,,,,,,,,,,,,,,,,,,,,,,,,,,,,,,,,,,,,,,0x3e7,,MINWINPC$,S-1-5-18,,,,,,,,,,,,S-1-5-32-583,,,,,,,,,,,,,,,,,
2025-08-13T19:50:07.113950Z,4717,WIN-LC7SFT89DTG,Microsoft-Windows-Security-Auditing,Security,86,0,SeRemoteInteractiveLogonRight,,,,,,,,,,,,,,,,,,,,,,,,,,,,,,,,,,,,,,,,,,,,,,,,,,,,,,,,,,,,,,,,,,,,,,,,,,,,,,,,,,,,,,,,,,,,,,,,,,,,,,,,,,,,,,,,,,,,,,,,,,,,,,,,,,,,,,,,,,,,,,,0x3e7,,MINWINPC$,S-1-5-18,,,,,,,,,,,,S-1-5-32-544,,,,,,,,,,,,,,,,,
2025-08-13T19:50:07.115076Z,4717,WIN-LC7SFT89DTG,Microsoft-Windows-Security-Auditing,Security,87,0,SeNetworkLogonRight,,,,,,,,,,,,,,,,,,,,,,,,,,,,,,,,,,,,,,,,,,,,,,,,,,,,,,,,,,,,,,,,,,,,,,,,,,,,,,,,,,,,,,,,,,,,,,,,,,,,,,,,,,,,,,,,,,,,,,,,,,,,,,,,,,,,,,,,,,,,,,,0x3e7,,MINWINPC$,S-1-5-18,,,,,,,,,,,,S-1-5-32-551,,,,,,,,,,,,,,,,,
2025-08-13T19:50:07.115078Z,4717,WIN-LC7SFT89DTG,Microsoft-Windows-Security-Auditing,Security,88,0,SeBatchLogonRight,,,,,,,,,,,,,,,,,,,,,,,,,,,,,,,,,,,,,,,,,,,,,,,,,,,,,,,,,,,,,,,,,,,,,,,,,,,,,,,,,,,,,,,,,,,,,,,,,,,,,,,,,,,,,,,,,,,,,,,,,,,,,,,,,,,,,,,,,,,,,,,0x3e7,,MINWINPC$,S-1-5-18,,,,,,,,,,,,S-1-5-32-551,,,,,,,,,,,,,,,,,
2025-08-13T19:50:07.116258Z,4717,WIN-LC7SFT89DTG,Microsoft-Windows-Security-Auditing,Security,89,0,SeBatchLogonRight,,,,,,,,,,,,,,,,,,,,,,,,,,,,,,,,,,,,,,,,,,,,,,,,,,,,,,,,,,,,,,,,,,,,,,,,,,,,,,,,,,,,,,,,,,,,,,,,,,,,,,,,,,,,,,,,,,,,,,,,,,,,,,,,,,,,,,,,,,,,,,,0x3e7,,MINWINPC$,S-1-5-18,,,,,,,,,,,,S-1-5-32-559,,,,,,,,,,,,,,,,,
2025-08-13T19:50:07.116998Z,4718,WIN-LC7SFT89DTG,Microsoft-Windows-Security-Auditing,Security,90,0,,,,SeInteractiveLogonRight,,,,,,,,,,,,,,,,,,,,,,,,,,,,,,,,,,,,,,,,,,,,,,,,,,,,,,,,,,,,,,,,,,,,,,,,,,,,,,,,,,,,,,,,,,,,,,,,,,,,,,,,,,,,,,,,,,,,,,,,,,,,,,,,,,,,,,,,,,,,0x3e7,,MINWINPC$,S-1-5-18,,,,,,,,,,,,S-1-5-90-0,,,,,,,,,,,,,,,,,
2025-08-13T19:50:07.117744Z,4717,WIN-LC7SFT89DTG,Microsoft-Windows-Security-Auditing,Security,91,0,SeRemoteInteractiveLogonRight,,,,,,,,,,,,,,,,,,,,,,,,,,,,,,,,,,,,,,,,,,,,,,,,,,,,,,,,,,,,,,,,,,,,,,,,,,,,,,,,,,,,,,,,,,,,,,,,,,,,,,,,,,,,,,,,,,,,,,,,,,,,,,,,,,,,,,,,,,,,,,,0x3e7,,MINWINPC$,S-1-5-18,,,,,,,,,,,,S-1-5-32-555,,,,,,,,,,,,,,,,,
2025-08-13T19:50:07.118453Z,4717,WIN-LC7SFT89DTG,Microsoft-Windows-Security-Auditing,Security,92,0,SeServiceLogonRight,,,,,,,,,,,,,,,,,,,,,,,,,,,,,,,,,,,,,,,,,,,,,,,,,,,,,,,,,,,,,,,,,,,,,,,,,,,,,,,,,,,,,,,,,,,,,,,,,,,,,,,,,,,,,,,,,,,,,,,,,,,,,,,,,,,,,,,,,,,,,,,0x3e7,,MINWINPC$,S-1-5-18,,,,,,,,,,,,S-1-5-80-0,,,,,,,,,,,,,,,,,
2025-08-13T19:50:07.119922Z,4799,WIN-LC7SFT89DTG,Microsoft-Windows-Security-Auditing,Security,93,0,,,,,,,,,,,,,,,,,,0x280,C:\Windows\System32\services.exe,,,,,,,,,,,,,,,,,,,,,,,,,,,,,,,,,,,,,,,,,,,,,,,,,,,,,,,,,,,,,,,,,,,,,,,,,,,,,,,,,,,,,,,,,,,,,,,,,,,,,,,,,,,,,,,,,,,,,,,,,,,,,0x3e7,,MINWINPC$,S-1-5-18,Builtin,,,,,,,,,,,S-1-5-32-545,Users,,,,,,,,,,,,,,,,
2025-08-13T19:50:07.119989Z,4732,WIN-LC7SFT89DTG,Microsoft-Windows-Security-Auditing,Security,94,0,,,,,,,,,,,,,,,,,,,,,,,,,,,,,,,,,,,,,,,,,,,,,,,,,,,,,,,,,,,,,,,,,,,,,,,,,,,-,S-1-5-4,,,,,,,,,,,,,,,,,,,,,,,,,,,,,,,,,,,,,-,,,,,,,,,,,,,,,,,,,,,,,,,,,,,,,0x3e7,,MINWINPC$,S-1-5-18,Builtin,,,,,,,,,,,S-1-5-32-545,Users,,,,,,,,,,,,,,,,
2025-08-13T19:50:07.120123Z,4732,WIN-LC7SFT89DTG,Microsoft-Windows-Security-Auditing,Security,95,0,,,,,,,,,,,,,,,,,,,,,,,,,,,,,,,,,,,,,,,,,,,,,,,,,,,,,,,,,,,,,,,,,,,,,,,,,,,-,S-1-5-11,,,,,,,,,,,,,,,,,,,,,,,,,,,,,,,,,,,,,-,,,,,,,,,,,,,,,,,,,,,,,,,,,,,,,0x3e7,,MINWINPC$,S-1-5-18,Builtin,,,,,,,,,,,S-1-5-32-545,Users,,,,,,,,,,,,,,,,
2025-08-13T19:50:08.783152Z,4739,WIN-LC7SFT89DTG,Microsoft-Windows-Security-Auditing,Security,96,0,,,,,,,,,,,,,,,,,,,,,,,,,,,,,,,,,,,,-,MINWINPC,Password Policy,S-1-5-21-2502726253-3859040611-225969357,,,,,,,-,,,,,,,,,,,,,,,,,,,-,-,-,,,,,-,,42:00:00:00,,,unavailable,0,-,,,,,,,,,,,,,,,,,-,,,,,,,,,,,0,,9,,,,-,,,,,,,,,,,,,,,,,,,,,,,,,,,,,,,0x3e7,,MINWINPC$,S-1-5-18,,,,,,,,,,,,,,,,,,,,,,,,,,,,,
2025-08-13T19:50:09.052855Z,4624,WIN-LC7SFT89DTG,Microsoft-Windows-Security-Auditing,Security,97,0,,,,,,,,,,,,,,,,,Negotiate,,,,,,,,,,,,,,,,,,,,,,,,%%1842,,,,,,,,,,,,,%%1833,-,-,,,,0,,,-,,,,,00000000-0000-0000-0000-000000000000,,Advapi  ,5,,,,,,,,,,,,,,,,,,,,,,,,,,,,,,,,,,,,,,,,,,,,0x280,C:\Windows\System32\services.exe,,,,,,,,,,-,,,,,,,,,,,,,,,,,,0x3e7,,MINWINPC$,S-1-5-18,NT AUTHORITY,,0x0,,0x3e7,,-,-,,,,,SYSTEM,S-1-5-18,,,,,-,,,,,,%%1843,,,-,
2025-08-13T19:50:09.052859Z,4672,WIN-LC7SFT89DTG,Microsoft-Windows-Security-Auditing,Security,98,0,,,,,,,,,,,,,,,,,,,,,,,,,,,,,,,,,,,,,,,,,,,,,,,,,,,,,,,,,,,,,,,,,,,,,,,,,,,,,,,,,,,,,,,,,,,,,,,,,,,,,,,,,,,,,,,,,"SeAssignPrimaryTokenPrivilege
			SeTcbPrivilege
			SeSecurityPrivilege
			SeTakeOwnershipPrivilege
			SeLoadDriverPrivilege
			SeBackupPrivilege
			SeRestorePrivilege
			SeDebugPrivilege
			SeAuditPrivilege
			SeSystemEnvironmentPrivilege
			SeImpersonatePrivilege
			SeDelegateSessionUserImpersonatePrivilege",,,,,,,,,,,,,,,,,,,,,,,,,,,,,,NT AUTHORITY,0x3e7,,SYSTEM,S-1-5-18,,,,,,,,,,,,,,,,,,,,,,,,,,,,,
2025-08-13T19:50:09.074108Z,4624,WIN-LC7SFT89DTG,Microsoft-Windows-Security-Auditing,Security,99,0,,,,,,,,,,,,,,,,,Negotiate,,,,,,,,,,,,,,,,,,,,,,,,%%1842,,,,,,,,,,,,,%%1833,-,-,,,,0,,,-,,,,,00000000-0000-0000-0000-000000000000,,Advapi  ,5,,,,,,,,,,,,,,,,,,,,,,,,,,,,,,,,,,,,,,,,,,,,0x280,C:\Windows\System32\services.exe,,,,,,,,,,-,,,,,,,,,,,,,,,,,,0x3e7,,MINWINPC$,S-1-5-18,NT AUTHORITY,,0x0,,0x3e7,,-,-,,,,,SYSTEM,S-1-5-18,,,,,-,,,,,,%%1843,,,-,
2025-08-13T19:50:09.074113Z,4672,WIN-LC7SFT89DTG,Microsoft-Windows-Security-Auditing,Security,100,0,,,,,,,,,,,,,,,,,,,,,,,,,,,,,,,,,,,,,,,,,,,,,,,,,,,,,,,,,,,,,,,,,,,,,,,,,,,,,,,,,,,,,,,,,,,,,,,,,,,,,,,,,,,,,,,,,"SeAssignPrimaryTokenPrivilege
			SeTcbPrivilege
			SeSecurityPrivilege
			SeTakeOwnershipPrivilege
			SeLoadDriverPrivilege
			SeBackupPrivilege
			SeRestorePrivilege
			SeDebugPrivilege
			SeAuditPrivilege
			SeSystemEnvironmentPrivilege
			SeImpersonatePrivilege
			SeDelegateSessionUserImpersonatePrivilege",,,,,,,,,,,,,,,,,,,,,,,,,,,,,,NT AUTHORITY,0x3e7,,SYSTEM,S-1-5-18,,,,,,,,,,,,,,,,,,,,,,,,,,,,,
2025-08-13T19:50:09.099808Z,4624,WIN-LC7SFT89DTG,Microsoft-Windows-Security-Auditing,Security,101,0,,,,,,,,,,,,,,,,,Negotiate,,,,,,,,,,,,,,,,,,,,,,,,%%1842,,,,,,,,,,,,,%%1833,-,-,,,,0,,,-,,,,,00000000-0000-0000-0000-000000000000,,Advapi  ,5,,,,,,,,,,,,,,,,,,,,,,,,,,,,,,,,,,,,,,,,,,,,0x280,C:\Windows\System32\services.exe,,,,,,,,,,-,,,,,,,,,,,,,,,,,,0x3e7,,MINWINPC$,S-1-5-18,NT AUTHORITY,,0x0,,0x3e7,,-,-,,,,,SYSTEM,S-1-5-18,,,,,-,,,,,,%%1843,,,-,
2025-08-13T19:50:09.099825Z,4672,WIN-LC7SFT89DTG,Microsoft-Windows-Security-Auditing,Security,102,0,,,,,,,,,,,,,,,,,,,,,,,,,,,,,,,,,,,,,,,,,,,,,,,,,,,,,,,,,,,,,,,,,,,,,,,,,,,,,,,,,,,,,,,,,,,,,,,,,,,,,,,,,,,,,,,,,"SeAssignPrimaryTokenPrivilege
			SeTcbPrivilege
			SeSecurityPrivilege
			SeTakeOwnershipPrivilege
			SeLoadDriverPrivilege
			SeBackupPrivilege
			SeRestorePrivilege
			SeDebugPrivilege
			SeAuditPrivilege
			SeSystemEnvironmentPrivilege
			SeImpersonatePrivilege
			SeDelegateSessionUserImpersonatePrivilege",,,,,,,,,,,,,,,,,,,,,,,,,,,,,,NT AUTHORITY,0x3e7,,SYSTEM,S-1-5-18,,,,,,,,,,,,,,,,,,,,,,,,,,,,,
2025-08-13T19:50:09.125058Z,4624,WIN-LC7SFT89DTG,Microsoft-Windows-Security-Auditing,Security,103,0,,,,,,,,,,,,,,,,,Negotiate,,,,,,,,,,,,,,,,,,,,,,,,%%1842,,,,,,,,,,,,,%%1833,-,-,,,,0,,,-,,,,,00000000-0000-0000-0000-000000000000,,Advapi  ,5,,,,,,,,,,,,,,,,,,,,,,,,,,,,,,,,,,,,,,,,,,,,0x280,C:\Windows\System32\services.exe,,,,,,,,,,-,,,,,,,,,,,,,,,,,,0x3e7,,MINWINPC$,S-1-5-18,NT AUTHORITY,,0x0,,0x3e7,,-,-,,,,,SYSTEM,S-1-5-18,,,,,-,,,,,,%%1843,,,-,
2025-08-13T19:50:09.125062Z,4672,WIN-LC7SFT89DTG,Microsoft-Windows-Security-Auditing,Security,104,0,,,,,,,,,,,,,,,,,,,,,,,,,,,,,,,,,,,,,,,,,,,,,,,,,,,,,,,,,,,,,,,,,,,,,,,,,,,,,,,,,,,,,,,,,,,,,,,,,,,,,,,,,,,,,,,,,"SeAssignPrimaryTokenPrivilege
			SeTcbPrivilege
			SeSecurityPrivilege
			SeTakeOwnershipPrivilege
			SeLoadDriverPrivilege
			SeBackupPrivilege
			SeRestorePrivilege
			SeDebugPrivilege
			SeAuditPrivilege
			SeSystemEnvironmentPrivilege
			SeImpersonatePrivilege
			SeDelegateSessionUserImpersonatePrivilege",,,,,,,,,,,,,,,,,,,,,,,,,,,,,,NT AUTHORITY,0x3e7,,SYSTEM,S-1-5-18,,,,,,,,,,,,,,,,,,,,,,,,,,,,,
2025-08-13T19:50:09.144446Z,4624,WIN-LC7SFT89DTG,Microsoft-Windows-Security-Auditing,Security,105,0,,,,,,,,,,,,,,,,,Negotiate,,,,,,,,,,,,,,,,,,,,,,,,%%1842,,,,,,,,,,,,,%%1833,-,-,,,,0,,,-,,,,,00000000-0000-0000-0000-000000000000,,Advapi  ,5,,,,,,,,,,,,,,,,,,,,,,,,,,,,,,,,,,,,,,,,,,,,0x280,C:\Windows\System32\services.exe,,,,,,,,,,-,,,,,,,,,,,,,,,,,,0x3e7,,MINWINPC$,S-1-5-18,NT AUTHORITY,,0x0,,0x3e7,,-,-,,,,,SYSTEM,S-1-5-18,,,,,-,,,,,,%%1843,,,-,
2025-08-13T19:50:09.144462Z,4672,WIN-LC7SFT89DTG,Microsoft-Windows-Security-Auditing,Security,106,0,,,,,,,,,,,,,,,,,,,,,,,,,,,,,,,,,,,,,,,,,,,,,,,,,,,,,,,,,,,,,,,,,,,,,,,,,,,,,,,,,,,,,,,,,,,,,,,,,,,,,,,,,,,,,,,,,"SeAssignPrimaryTokenPrivilege
			SeTcbPrivilege
			SeSecurityPrivilege
			SeTakeOwnershipPrivilege
			SeLoadDriverPrivilege
			SeBackupPrivilege
			SeRestorePrivilege
			SeDebugPrivilege
			SeAuditPrivilege
			SeSystemEnvironmentPrivilege
			SeImpersonatePrivilege
			SeDelegateSessionUserImpersonatePrivilege",,,,,,,,,,,,,,,,,,,,,,,,,,,,,,NT AUTHORITY,0x3e7,,SYSTEM,S-1-5-18,,,,,,,,,,,,,,,,,,,,,,,,,,,,,
2025-08-13T19:50:09.148828Z,4624,WIN-LC7SFT89DTG,Microsoft-Windows-Security-Auditing,Security,107,0,,,,,,,,,,,,,,,,,Negotiate,,,,,,,,,,,,,,,,,,,,,,,,%%1842,,,,,,,,,,,,,%%1833,-,-,,,,0,,,-,,,,,00000000-0000-0000-0000-000000000000,,Advapi  ,5,,,,,,,,,,,,,,,,,,,,,,,,,,,,,,,,,,,,,,,,,,,,0x280,C:\Windows\System32\services.exe,,,,,,,,,,-,,,,,,,,,,,,,,,,,,0x3e7,,MINWINPC$,S-1-5-18,NT AUTHORITY,,0x0,,0x3e7,,-,-,,,,,SYSTEM,S-1-5-18,,,,,-,,,,,,%%1843,,,-,
2025-08-13T19:50:09.148832Z,4672,WIN-LC7SFT89DTG,Microsoft-Windows-Security-Auditing,Security,108,0,,,,,,,,,,,,,,,,,,,,,,,,,,,,,,,,,,,,,,,,,,,,,,,,,,,,,,,,,,,,,,,,,,,,,,,,,,,,,,,,,,,,,,,,,,,,,,,,,,,,,,,,,,,,,,,,,"SeAssignPrimaryTokenPrivilege
			SeTcbPrivilege
			SeSecurityPrivilege
			SeTakeOwnershipPrivilege
			SeLoadDriverPrivilege
			SeBackupPrivilege
			SeRestorePrivilege
			SeDebugPrivilege
			SeAuditPrivilege
			SeSystemEnvironmentPrivilege
			SeImpersonatePrivilege
			SeDelegateSessionUserImpersonatePrivilege",,,,,,,,,,,,,,,,,,,,,,,,,,,,,,NT AUTHORITY,0x3e7,,SYSTEM,S-1-5-18,,,,,,,,,,,,,,,,,,,,,,,,,,,,,
2025-08-13T19:50:09.170513Z,5379,WIN-LC7SFT89DTG,Microsoft-Windows-Security-Auditing,Security,109,0,,,,,,,,,,,,,,,,,,,,,,,,,1696,,,,0,,,,,,,,,,,,,,,,,,,,,,,,,,,,,,,,,,,,,,,,,,,,,,,,,,,,,,,,,,,,,,,,,,,,,,,,,,,,,,,,,,,,,2025-08-13T19:50:09.149653Z,,,,,,,,%%8100,,,,,3221226021,,,,,,,,,,,,,,,,,0x3e7,,MINWINPC$,S-1-5-18,,,,,,,,,,,,,,,,,,,,0,,,,,,,,,
2025-08-13T19:50:09.177596Z,5379,WIN-LC7SFT89DTG,Microsoft-Windows-Security-Auditing,Security,110,0,,,,,,,,,,,,,,,,,,,,,,,,,1696,,,,0,,,,,,,,,,,,,,,,,,,,,,,,,,,,,,,,,,,,,,,,,,,,,,,,,,,,,,,,,,,,,,,,,,,,,,,,,,,,,,,,,,,,,2025-08-13T19:50:09.149653Z,,,,,,,,%%8100,,,,,3221226021,,,,,,,,,,,,,,,,,0x3e7,,MINWINPC$,S-1-5-18,,,,,,,,,,,,,,,,,,,,0,,,,,,,,,
2025-08-13T19:50:09.188231Z,4624,WIN-LC7SFT89DTG,Microsoft-Windows-Security-Auditing,Security,111,0,,,,,,,,,,,,,,,,,Negotiate,,,,,,,,,,,,,,,,,,,,,,,,%%1842,,,,,,,,,,,,,%%1833,-,-,,,,0,,,-,,,,,00000000-0000-0000-0000-000000000000,,Advapi  ,5,,,,,,,,,,,,,,,,,,,,,,,,,,,,,,,,,,,,,,,,,,,,0x280,C:\Windows\System32\services.exe,,,,,,,,,,-,,,,,,,,,,,,,,,,,,0x3e7,,MINWINPC$,S-1-5-18,NT AUTHORITY,,0x0,,0x3e7,,-,-,,,,,SYSTEM,S-1-5-18,,,,,-,,,,,,%%1843,,,-,
2025-08-13T19:50:09.188236Z,4672,WIN-LC7SFT89DTG,Microsoft-Windows-Security-Auditing,Security,112,0,,,,,,,,,,,,,,,,,,,,,,,,,,,,,,,,,,,,,,,,,,,,,,,,,,,,,,,,,,,,,,,,,,,,,,,,,,,,,,,,,,,,,,,,,,,,,,,,,,,,,,,,,,,,,,,,,"SeAssignPrimaryTokenPrivilege
			SeTcbPrivilege
			SeSecurityPrivilege
			SeTakeOwnershipPrivilege
			SeLoadDriverPrivilege
			SeBackupPrivilege
			SeRestorePrivilege
			SeDebugPrivilege
			SeAuditPrivilege
			SeSystemEnvironmentPrivilege
			SeImpersonatePrivilege
			SeDelegateSessionUserImpersonatePrivilege",,,,,,,,,,,,,,,,,,,,,,,,,,,,,,NT AUTHORITY,0x3e7,,SYSTEM,S-1-5-18,,,,,,,,,,,,,,,,,,,,,,,,,,,,,
2025-08-13T19:50:09.225874Z,5033,WIN-LC7SFT89DTG,Microsoft-Windows-Security-Auditing,Security,113,0,,,,,,,,,,,,,,,,,,,,,,,,,,,,,,,,,,,,,,,,,,,,,,,,,,,,,,,,,,,,,,,,,,,,,,,,,,,,,,,,,,,,,,,,,,,,,,,,,,,,,,,,,,,,,,,,,,,,,,,,,,,,,,,,,,,,,,,,,,,,,,,,,,,,,,,,,,,,,,,,,,,,,,,,,,,,,,,,
2025-08-13T19:50:09.389443Z,4624,WIN-LC7SFT89DTG,Microsoft-Windows-Security-Auditing,Security,114,0,,,,,,,,,,,,,,,,,Negotiate,,,,,,,,,,,,,,,,,,,,,,,,%%1842,,,,,,,,,,,,,%%1833,-,-,,,,0,,,-,,,,,00000000-0000-0000-0000-000000000000,,Advapi  ,5,,,,,,,,,,,,,,,,,,,,,,,,,,,,,,,,,,,,,,,,,,,,0x280,C:\Windows\System32\services.exe,,,,,,,,,,-,,,,,,,,,,,,,,,,,,0x3e7,,MINWINPC$,S-1-5-18,NT AUTHORITY,,0x0,,0x3e7,,-,-,,,,,SYSTEM,S-1-5-18,,,,,-,,,,,,%%1843,,,-,
2025-08-13T19:50:09.389448Z,4672,WIN-LC7SFT89DTG,Microsoft-Windows-Security-Auditing,Security,115,0,,,,,,,,,,,,,,,,,,,,,,,,,,,,,,,,,,,,,,,,,,,,,,,,,,,,,,,,,,,,,,,,,,,,,,,,,,,,,,,,,,,,,,,,,,,,,,,,,,,,,,,,,,,,,,,,,"SeAssignPrimaryTokenPrivilege
			SeTcbPrivilege
			SeSecurityPrivilege
			SeTakeOwnershipPrivilege
			SeLoadDriverPrivilege
			SeBackupPrivilege
			SeRestorePrivilege
			SeDebugPrivilege
			SeAuditPrivilege
			SeSystemEnvironmentPrivilege
			SeImpersonatePrivilege
			SeDelegateSessionUserImpersonatePrivilege",,,,,,,,,,,,,,,,,,,,,,,,,,,,,,NT AUTHORITY,0x3e7,,SYSTEM,S-1-5-18,,,,,,,,,,,,,,,,,,,,,,,,,,,,,
2025-08-13T19:50:09.408695Z,4624,WIN-LC7SFT89DTG,Microsoft-Windows-Security-Auditing,Security,116,0,,,,,,,,,,,,,,,,,Negotiate,,,,,,,,,,,,,,,,,,,,,,,,%%1842,,,,,,,,,,,,,%%1833,-,-,,,,0,,,-,,,,,00000000-0000-0000-0000-000000000000,,Advapi  ,5,,,,,,,,,,,,,,,,,,,,,,,,,,,,,,,,,,,,,,,,,,,,0x280,C:\Windows\System32\services.exe,,,,,,,,,,-,,,,,,,,,,,,,,,,,,0x3e7,,MINWINPC$,S-1-5-18,NT AUTHORITY,,0x0,,0x3e7,,-,-,,,,,SYSTEM,S-1-5-18,,,,,-,,,,,,%%1843,,,-,
