2025-08-13T11:11:07.311777Z,4624,DC01.garfield.htb,Microsoft-Windows-Security-Auditing,Security,2311,0,,,,,,,,,,,,,,,,,Negotiate,,,,,,,,,,,,,,,,,,,,,,,,%%1842,,,,,,,,,,,,,%%1833,-,-,,,,0,,,-,,,,,00000000-0000-0000-0000-000000000000,,Advapi  ,5,,,,,,,,,,,,,,,,,,,,,,,,,,,,,,,,,,,,,,,,,,,,0x2d0,C:\Windows\System32\services.exe,,,,,,,,,,-,,,,,,,,,,,,,,,,,GARFIELD,0x3e7,,DC01$,S-1-5-18,NT AUTHORITY,,0x0,,0x3e7,,-,-,,,,,SYSTEM,S-1-5-18,,,,,-,,,,,,%%1843,,,-,
2025-08-13T11:11:07.311783Z,4672,DC01.garfield.htb,Microsoft-Windows-Security-Auditing,Security,2312,0,,,,,,,,,,,,,,,,,,,,,,,,,,,,,,,,,,,,,,,,,,,,,,,,,,,,,,,,,,,,,,,,,,,,,,,,,,,,,,,,,,,,,,,,,,,,,,,,,,,,,,,,,,,,,,,,,"SeAssignPrimaryTokenPrivilege
			SeTcbPrivilege
			SeSecurityPrivilege
			SeTakeOwnershipPrivilege
			SeLoadDriverPrivilege
			SeBackupPrivilege
			SeRestorePrivilege
			SeDebugPrivilege
			SeAuditPrivilege
			SeSystemEnvironmentPrivilege
			SeImpersonatePrivilege
			SeDelegateSessionUserImpersonatePrivilege",,,,,,,,,,,,,,,,,,,,,,,,,,,,,,NT AUTHORITY,0x3e7,,SYSTEM,S-1-5-18,,,,,,,,,,,,,,,,,,,,,,,,,,,,,
2025-08-13T11:11:07.990405Z,4769,DC01.garfield.htb,Microsoft-Windows-Security-Auditing,Security,2313,0,,,,,,,,,,,,,,,,,,,,,,,,,,,,,,,,,,,,,,,,,,,,,,,,,,,,,,,::1,0,,,,,,,,,,,,F987A423-65E6-D9D2-FE43-3DBC5FE0FC90,,,,,,,,,,,,,,,,,,,,,,,,,,,,,,,,,,,,,,,,,,,,,,,,,,,,,,,,,,,,,,,,DC01$,,S-1-5-21-2502726253-3859040611-225969357-1000,,,,0x0,,,,,,,,,,GARFIELD.HTB,,,,,,,,,,,,DC01$@GARFIELD.HTB,,,0x12,0x40800000,,-,,,,,,,,,,
2025-08-13T11:11:07.990838Z,4672,DC01.garfield.htb,Microsoft-Windows-Security-Auditing,Security,2314,0,,,,,,,,,,,,,,,,,,,,,,,,,,,,,,,,,,,,,,,,,,,,,,,,,,,,,,,,,,,,,,,,,,,,,,,,,,,,,,,,,,,,,,,,,,,,,,,,,,,,,,,,,,,,,,,,,"SeSecurityPrivilege
			SeBackupPrivilege
			SeRestorePrivilege
			SeTakeOwnershipPrivilege
			SeDebugPrivilege
			SeSystemEnvironmentPrivilege
			SeLoadDriverPrivilege
			SeImpersonatePrivilege
			SeDelegateSessionUserImpersonatePrivilege
			SeEnableDelegationPrivilege",,,,,,,,,,,,,,,,,,,,,,,,,,,,,,GARFIELD,0x5ae38,,DC01$,S-1-5-18,,,,,,,,,,,,,,,,,,,,,,,,,,,,,
2025-08-13T11:11:07.990898Z,4624,DC01.garfield.htb,Microsoft-Windows-Security-Auditing,Security,2315,0,,,,,,,,,,,,,,,,,Kerberos,,,,,,,,,,,,,,,,,,,,,,,,%%1842,,,,,,,,,,,,,%%1833,fe80::3892:f524:40b8:cd4a,49520,,,,0,,,-,,,,,3C2C8FB1-A90E-9A9A-7FCE-5FB32B53E232,,Kerberos,3,,,,,,,,,,,,,,,,,,,,,,,,,,,,,,,,,,,,,,,,,,,,0x0,-,,,,,,,,,,-,,,,,,,,,,,,,,,,,-,0x0,,-,S-1-0-0,GARFIELD.HTB,,0x0,,0x5ae38,,-,-,,,,,DC01$,S-1-5-18,,,,,-,,,,,,%%1843,,,-,
2025-08-13T11:11:07.995703Z,4769,DC01.garfield.htb,Microsoft-Windows-Security-Auditing,Security,2316,0,,,,,,,,,,,,,,,,,,,,,,,,,,,,,,,,,,,,,,,,,,,,,,,,,,,,,,,::1,0,,,,,,,,,,,,F987A423-65E6-D9D2-FE43-3DBC5FE0FC90,,,,,,,,,,,,,,,,,,,,,,,,,,,,,,,,,,,,,,,,,,,,,,,,,,,,,,,,,,,,,,,,DC01$,,S-1-5-21-2502726253-3859040611-225969357-1000,,,,0x0,,,,,,,,,,GARFIELD.HTB,,,,,,,,,,,,DC01$@GARFIELD.HTB,,,0x12,0x40810000,,-,,,,,,,,,,
2025-08-13T11:11:07.996016Z,4672,DC01.garfield.htb,Microsoft-Windows-Security-Auditing,Security,2317,0,,,,,,,,,,,,,,,,,,,,,,,,,,,,,,,,,,,,,,,,,,,,,,,,,,,,,,,,,,,,,,,,,,,,,,,,,,,,,,,,,,,,,,,,,,,,,,,,,,,,,,,,,,,,,,,,,"SeSecurityPrivilege
			SeBackupPrivilege
			SeRestorePrivilege
			SeTakeOwnershipPrivilege
			SeDebugPrivilege
			SeSystemEnvironmentPrivilege
			SeLoadDriverPrivilege
			SeImpersonatePrivilege
			SeDelegateSessionUserImpersonatePrivilege
			SeEnableDelegationPrivilege",,,,,,,,,,,,,,,,,,,,,,,,,,,,,,GARFIELD,0x5b075,,DC01$,S-1-5-18,,,,,,,,,,,,,,,,,,,,,,,,,,,,,
2025-08-13T11:11:07.996071Z,4624,DC01.garfield.htb,Microsoft-Windows-Security-Auditing,Security,2318,0,,,,,,,,,,,,,,,,,Kerberos,,,,,,,,,,,,,,,,,,,,,,,,%%1842,,,,,,,,,,,,,%%1833,::1,0,,,,0,,,-,,,,,3C2C8FB1-A90E-9A9A-7FCE-5FB32B53E232,,Kerberos,3,,,,,,,,,,,,,,,,,,,,,,,,,,,,,,,,,,,,,,,,,,,,0x0,-,,,,,,,,,,-,,,,,,,,,,,,,,,,,-,0x0,,-,S-1-0-0,GARFIELD.HTB,,0x0,,0x5b075,,-,-,,,,,DC01$,S-1-5-18,,,,,-,,,,,,%%1843,,,-,
2025-08-13T11:11:07.999004Z,4672,DC01.garfield.htb,Microsoft-Windows-Security-Auditing,Security,2319,0,,,,,,,,,,,,,,,,,,,,,,,,,,,,,,,,,,,,,,,,,,,,,,,,,,,,,,,,,,,,,,,,,,,,,,,,,,,,,,,,,,,,,,,,,,,,,,,,,,,,,,,,,,,,,,,,,"SeSecurityPrivilege
			SeBackupPrivilege
			SeRestorePrivilege
			SeTakeOwnershipPrivilege
			SeDebugPrivilege
			SeSystemEnvironmentPrivilege
			SeLoadDriverPrivilege
			SeImpersonatePrivilege
			SeDelegateSessionUserImpersonatePrivilege
			SeEnableDelegationPrivilege",,,,,,,,,,,,,,,,,,,,,,,,,,,,,,GARFIELD,0x5b1eb,,DC01$,S-1-5-18,,,,,,,,,,,,,,,,,,,,,,,,,,,,,
2025-08-13T11:11:07.999050Z,4624,DC01.garfield.htb,Microsoft-Windows-Security-Auditing,Security,2320,0,,,,,,,,,,,,,,,,,Kerberos,,,,,,,,,,,,,,,,,,,,,,,,%%1842,,,,,,,,,,,,,%%1833,10.10.11.221,49521,,,,0,,,-,,,,,3C2C8FB1-A90E-9A9A-7FCE-5FB32B53E232,,Kerberos,3,,,,,,,,,,,,,,,,,,,,,,,,,,,,,,,,,,,,,,,,,,,,0x0,-,,,,,,,,,,-,,,,,,,,,,,,,,,,,-,0x0,,-,S-1-0-0,GARFIELD.HTB,,0x0,,0x5b1eb,,-,-,,,,,DC01$,S-1-5-18,,,,,-,,,,,,%%1843,,,-,
2025-08-13T11:11:08.109214Z,4634,DC01.garfield.htb,Microsoft-Windows-Security-Auditing,Security,2321,0,,,,,,,,,,,,,,,,,,,,,,,,,,,,,,,,,,,,,,,,,,,,,,,,,,,,,,,,,,,,,,,,,,,,,,,3,,,,,,,,,,,,,,,,,,,,,,,,,,,,,,,,,,,,,,,,,,,,,,,,,,,,,,,,,,,,,,,,,,,,,,,,,,,,,GARFIELD,,,,0x5b1eb,,,,,,,,DC01$,S-1-5-18,,,,,,,,,,,,,,,
2025-08-13T11:11:08.109359Z,4634,DC01.garfield.htb,Microsoft-Windows-Security-Auditing,Security,2322,0,,,,,,,,,,,,,,,,,,,,,,,,,,,,,,,,,,,,,,,,,,,,,,,,,,,,,,,,,,,,,,,,,,,,,,,3,,,,,,,,,,,,,,,,,,,,,,,,,,,,,,,,,,,,,,,,,,,,,,,,,,,,,,,,,,,,,,,,,,,,,,,,,,,,,GARFIELD,,,,0x5b075,,,,,,,,DC01$,S-1-5-18,,,,,,,,,,,,,,,
2025-08-13T11:11:08.109912Z,4634,DC01.garfield.htb,Microsoft-Windows-Security-Auditing,Security,2323,0,,,,,,,,,,,,,,,,,,,,,,,,,,,,,,,,,,,,,,,,,,,,,,,,,,,,,,,,,,,,,,,,,,,,,,,3,,,,,,,,,,,,,,,,,,,,,,,,,,,,,,,,,,,,,,,,,,,,,,,,,,,,,,,,,,,,,,,,,,,,,,,,,,,,,GARFIELD,,,,0x5ae38,,,,,,,,DC01$,S-1-5-18,,,,,,,,,,,,,,,
2025-08-13T11:11:08.250393Z,4768,DC01.garfield.htb,Microsoft-Windows-Security-Auditing,Security,2324,0,,,,,,,,,,,,,,,,,,,,,,,,,,,,,,,,,,,,,,,,,,,,,,,,,,,,,,,::1,0,,,,,,,,,,,,,,,,,,,,,,,,,,,,,,,,,,,,,,,,,,,,,,,,,,,,,,2,,,,,,,,,,,,,,,,,,,,,,krbtgt,,S-1-5-21-2502726253-3859040611-225969357-502,,,,0x0,,,,,,,,,,GARFIELD,,,,,,,,,,,S-1-5-21-2502726253-3859040611-225969357-500,Administrator,,,0x12,0x40810010,,,,,,,,,,,,
2025-08-13T11:11:08.251155Z,4769,DC01.garfield.htb,Microsoft-Windows-Security-Auditing,Security,2325,0,,,,,,,,,,,,,,,,,,,,,,,,,,,,,,,,,,,,,,,,,,,,,,,,,,,,,,,::1,0,,,,,,,,,,,,EE70613E-4539-14CD-B1BC-819CE70800E6,,,,,,,,,,,,,,,,,,,,,,,,,,,,,,,,,,,,,,,,,,,,,,,,,,,,,,,,,,,,,,,,DC01$,,S-1-5-21-2502726253-3859040611-225969357-1000,,,,0x0,,,,,,,,,,GARFIELD.HTB,,,,,,,,,,,,Administrator@GARFIELD.HTB,,,0x12,0x40810000,,-,,,,,,,,,,
2025-08-13T11:11:08.254474Z,4648,DC01.garfield.htb,Microsoft-Windows-Security-Auditing,Security,2326,0,,,,,,,,,,,,,,,,,,,,,,,,,,,,,,,,,,,,,,,,,,,,,,,,,,,,,,,127.0.0.1,0,,,,,,,,,,,,00000000-0000-0000-0000-000000000000,,,,,,,,,,,,,,,,,,,,,,,,,,,,,,,,,,,,,,,,,,,,,,,0x880,C:\Windows\System32\svchost.exe,,,,,,,,,,,,,,,,,,,,,,,,,,,GARFIELD,0x3e7,,DC01$,S-1-5-18,GARFIELD,localhost,,EE70613E-4539-14CD-B1BC-819CE70800E6,,,,,,,localhost,,Administrator,,,,,,,,,,,,,,,,
2025-08-13T11:11:08.254486Z,4624,DC01.garfield.htb,Microsoft-Windows-Security-Auditing,Security,2327,0,,,,,,,,,,,,,,,,,Negotiate,,,,,,,,,,,,,,,,,,,,,,,,%%1842,,,,,,,,,,,,,%%1833,127.0.0.1,0,,,,0,,,-,,,,,EE70613E-4539-14CD-B1BC-819CE70800E6,,User32 ,2,,,,,,,,,,,,,,,,,,,,,,,,,,,,,,,,,,,,,,,,,,,,0x880,C:\Windows\System32\svchost.exe,,,,,,,,,,-,,,,,,,,,,,,,,,,,GARFIELD,0x3e7,,DC01$,S-1-5-18,GARFIELD,,0x0,,0x5ce30,,-,-,,,,,Administrator,S-1-5-21-2502726253-3859040611-225969357-500,,,,,-,,,,,,%%1843,,,DC01,
2025-08-13T11:11:08.254489Z,4672,DC01.garfield.htb,Microsoft-Windows-Security-Auditing,Security,2328,0,,,,,,,,,,,,,,,,,,,,,,,,,,,,,,,,,,,,,,,,,,,,,,,,,,,,,,,,,,,,,,,,,,,,,,,,,,,,,,,,,,,,,,,,,,,,,,,,,,,,,,,,,,,,,,,,,"SeSecurityPrivilege
			SeTakeOwnershipPrivilege
			SeLoadDriverPrivilege
			SeBackupPrivilege
			SeRestorePrivilege
			SeDebugPrivilege
			SeSystemEnvironmentPrivilege
			SeEnableDelegationPrivilege
			SeImpersonatePrivilege
			SeDelegateSessionUserImpersonatePrivilege",,,,,,,,,,,,,,,,,,,,,,,,,,,,,,GARFIELD,0x5ce30,,Administrator,S-1-5-21-2502726253-3859040611-225969357-500,,,,,,,,,,,,,,,,,,,,,,,,,,,,,
2025-08-13T11:11:08.361022Z,4672,DC01.garfield.htb,Microsoft-Windows-Security-Auditing,Security,2329,0,,,,,,,,,,,,,,,,,,,,,,,,,,,,,,,,,,,,,,,,,,,,,,,,,,,,,,,,,,,,,,,,,,,,,,,,,,,,,,,,,,,,,,,,,,,,,,,,,,,,,,,,,,,,,,,,,"SeSecurityPrivilege
			SeBackupPrivilege
			SeRestorePrivilege
			SeTakeOwnershipPrivilege
			SeDebugPrivilege
			SeSystemEnvironmentPrivilege
			SeLoadDriverPrivilege
			SeImpersonatePrivilege
			SeDelegateSessionUserImpersonatePrivilege
			SeEnableDelegationPrivilege",,,,,,,,,,,,,,,,,,,,,,,,,,,,,,GARFIELD,0x5e92e,,DC01$,S-1-5-18,,,,,,,,,,,,,,,,,,,,,,,,,,,,,
2025-08-13T11:11:08.361344Z,4624,DC01.garfield.htb,Microsoft-Windows-Security-Auditing,Security,2330,0,,,,,,,,,,,,,,,,,Kerberos,,,,,,,,,,,,,,,,,,,,,,,,%%1842,,,,,,,,,,,,,%%1833,fe80::3892:f524:40b8:cd4a,49525,,,,0,,,-,,,,,7F6CD027-4188-AB14-643A-6405C1017355,,Kerberos,3,,,,,,,,,,,,,,,,,,,,,,,,,,,,,,,,,,,,,,,,,,,,0x0,-,,,,,,,,,,-,,,,,,,,,,,,,,,,,-,0x0,,-,S-1-0-0,GARFIELD.HTB,,0x0,,0x5e92e,,-,-,,,,,DC01$,S-1-5-18,,,,,-,,,,,,%%1843,,,-,
2025-08-13T11:11:08.362563Z,4799,DC01.garfield.htb,Microsoft-Windows-Security-Auditing,Security,2331,0,,,,,,,,,,,,,,,,,,0x690,C:\Windows\System32\svchost.exe,,,,,,,,,,,,,,,,,,,,,,,,,,,,,,,,,,,,,,,,,,,,,,,,,,,,,,,,,,,,,,,,,,,,,,,,,,,,,,,,,,,,,,,,,,,,,,,,,,,,,,,,,,,,,,,,,,,,,,,,,,,,GARFIELD,0x3e7,,DC01$,S-1-5-18,Builtin,,,,,,,,,,,S-1-5-32-544,Administrators,,,,,,,,,,,,,,,,
2025-08-13T11:11:08.365800Z,4672,DC01.garfield.htb,Microsoft-Windows-Security-Auditing,Security,2332,0,,,,,,,,,,,,,,,,,,,,,,,,,,,,,,,,,,,,,,,,,,,,,,,,,,,,,,,,,,,,,,,,,,,,,,,,,,,,,,,,,,,,,,,,,,,,,,,,,,,,,,,,,,,,,,,,,"SeSecurityPrivilege
			SeBackupPrivilege
			SeRestorePrivilege
			SeTakeOwnershipPrivilege
			SeDebugPrivilege
			SeSystemEnvironmentPrivilege
			SeLoadDriverPrivilege
			SeImpersonatePrivilege
			SeDelegateSessionUserImpersonatePrivilege
			SeEnableDelegationPrivilege",,,,,,,,,,,,,,,,,,,,,,,,,,,,,,GARFIELD,0x5ebab,,DC01$,S-1-5-18,,,,,,,,,,,,,,,,,,,,,,,,,,,,,
2025-08-13T11:11:08.365865Z,4624,DC01.garfield.htb,Microsoft-Windows-Security-Auditing,Security,2333,0,,,,,,,,,,,,,,,,,Kerberos,,,,,,,,,,,,,,,,,,,,,,,,%%1842,,,,,,,,,,,,,%%1840,-,-,,,,0,,,-,,,,,7F6CD027-4188-AB14-643A-6405C1017355,,Kerberos,3,,,,,,,,,,,,,,,,,,,,,,,,,,,,,,,,,,,,,,,,,,,,0x0,-,,,,,,,,,,-,,,,,,,,,,,,,,,,,-,0x0,,-,S-1-0-0,GARFIELD.HTB,,0x0,,0x5ebab,,-,-,,,,,DC01$,S-1-5-18,,,,,-,,,,,,%%1843,,,-,
2025-08-13T11:11:08.370673Z,4672,DC01.garfield.htb,Microsoft-Windows-Security-Auditing,Security,2334,0,,,,,,,,,,,,,,,,,,,,,,,,,,,,,,,,,,,,,,,,,,,,,,,,,,,,,,,,,,,,,,,,,,,,,,,,,,,,,,,,,,,,,,,,,,,,,,,,,,,,,,,,,,,,,,,,,"SeSecurityPrivilege
			SeBackupPrivilege
			SeRestorePrivilege
			SeTakeOwnershipPrivilege
			SeDebugPrivilege
			SeSystemEnvironmentPrivilege
			SeLoadDriverPrivilege
			SeImpersonatePrivilege
			SeDelegateSessionUserImpersonatePrivilege
			SeEnableDelegationPrivilege",,,,,,,,,,,,,,,,,,,,,,,,,,,,,,GARFIELD,0x5ee51,,DC01$,S-1-5-18,,,,,,,,,,,,,,,,,,,,,,,,,,,,,
2025-08-13T11:11:08.370726Z,4624,DC01.garfield.htb,Microsoft-Windows-Security-Auditing,Security,2335,0,,,,,,,,,,,,,,,,,Kerberos,,,,,,,,,,,,,,,,,,,,,,,,%%1842,,,,,,,,,,,,,%%1833,fe80::3892:f524:40b8:cd4a,52947,,,,0,,,-,,,,,3C2C8FB1-A90E-9A9A-7FCE-5FB32B53E232,,Kerberos,3,,,,,,,,,,,,,,,,,,,,,,,,,,,,,,,,,,,,,,,,,,,,0x0,-,,,,,,,,,,-,,,,,,,,,,,,,,,,,-,0x0,,-,S-1-0-0,GARFIELD.HTB,,0x0,,0x5ee51,,-,-,,,,,DC01$,S-1-5-18,,,,,-,,,,,,%%1843,,,-,
2025-08-13T11:11:08.490876Z,4624,DC01.garfield.htb,Microsoft-Windows-Security-Auditing,Security,2336,0,,,,,,,,,,,,,,,,,Negotiate,,,,,,,,,,,,,,,,,,,,,,,,%%1842,,,,,,,,,,,,,%%1833,-,-,,,,0,,,-,,,,,00000000-0000-0000-0000-000000000000,,Advapi  ,5,,,,,,,,,,,,,,,,,,,,,,,,,,,,,,,,,,,,,,,,,,,,0x2d0,C:\Windows\System32\services.exe,,,,,,,,,,-,,,,,,,,,,,,,,,,,GARFIELD,0x3e7,,DC01$,S-1-5-18,NT AUTHORITY,,0x0,,0x3e7,,-,-,,,,,SYSTEM,S-1-5-18,,,,,-,,,,,,%%1843,,,-,
2025-08-13T11:11:08.490881Z,4672,DC01.garfield.htb,Microsoft-Windows-Security-Auditing,Security,2337,0,,,,,,,,,,,,,,,,,,,,,,,,,,,,,,,,,,,,,,,,,,,,,,,,,,,,,,,,,,,,,,,,,,,,,,,,,,,,,,,,,,,,,,,,,,,,,,,,,,,,,,,,,,,,,,,,,"SeAssignPrimaryTokenPrivilege
			SeTcbPrivilege
			SeSecurityPrivilege
			SeTakeOwnershipPrivilege
			SeLoadDriverPrivilege
			SeBackupPrivilege
			SeRestorePrivilege
			SeDebugPrivilege
			SeAuditPrivilege
			SeSystemEnvironmentPrivilege
			SeImpersonatePrivilege
			SeDelegateSessionUserImpersonatePrivilege",,,,,,,,,,,,,,,,,,,,,,,,,,,,,,NT AUTHORITY,0x3e7,,SYSTEM,S-1-5-18,,,,,,,,,,,,,,,,,,,,,,,,,,,,,
2025-08-13T11:11:08.498704Z,4634,DC01.garfield.htb,Microsoft-Windows-Security-Auditing,Security,2338,0,,,,,,,,,,,,,,,,,,,,,,,,,,,,,,,,,,,,,,,,,,,,,,,,,,,,,,,,,,,,,,,,,,,,,,,3,,,,,,,,,,,,,,,,,,,,,,,,,,,,,,,,,,,,,,,,,,,,,,,,,,,,,,,,,,,,,,,,,,,,,,,,,,,,,GARFIELD,,,,0x5ee51,,,,,,,,DC01$,S-1-5-18,,,,,,,,,,,,,,,
2025-08-13T11:11:08.517219Z,4799,DC01.garfield.htb,Microsoft-Windows-Security-Auditing,Security,2339,0,,,,,,,,,,,,,,,,,,0x2ac,C:\Windows\System32\VSSVC.exe,,,,,,,,,,,,,,,,,,,,,,,,,,,,,,,,,,,,,,,,,,,,,,,,,,,,,,,,,,,,,,,,,,,,,,,,,,,,,,,,,,,,,,,,,,,,,,,,,,,,,,,,,,,,,,,,,,,,,,,,,,,,GARFIELD,0x3e7,,DC01$,S-1-5-18,Builtin,,,,,,,,,,,S-1-5-32-544,Administrators,,,,,,,,,,,,,,,,
2025-08-13T11:11:08.517989Z,4799,DC01.garfield.htb,Microsoft-Windows-Security-Auditing,Security,2340,0,,,,,,,,,,,,,,,,,,0x2ac,C:\Windows\System32\VSSVC.exe,,,,,,,,,,,,,,,,,,,,,,,,,,,,,,,,,,,,,,,,,,,,,,,,,,,,,,,,,,,,,,,,,,,,,,,,,,,,,,,,,,,,,,,,,,,,,,,,,,,,,,,,,,,,,,,,,,,,,,,,,,,,GARFIELD,0x3e7,,DC01$,S-1-5-18,Builtin,,,,,,,,,,,S-1-5-32-551,Backup Operators,,,,,,,,,,,,,,,,
2025-08-13T11:11:08.519169Z,4624,DC01.garfield.htb,Microsoft-Windows-Security-Auditing,Security,2341,0,,,,,,,,,,,,,,,,,Negotiate,,,,,,,,,,,,,,,,,,,,,,,,%%1842,,,,,,,,,,,,,%%1833,-,-,,,,0,,,-,,,,,00000000-0000-0000-0000-000000000000,,Advapi  ,5,,,,,,,,,,,,,,,,,,,,,,,,,,,,,,,,,,,,,,,,,,,,0x2d0,C:\Windows\System32\services.exe,,,,,,,,,,-,,,,,,,,,,,,,,,,,GARFIELD,0x3e7,,DC01$,S-1-5-18,NT AUTHORITY,,0x0,,0x3e7,,-,-,,,,,SYSTEM,S-1-5-18,,,,,-,,,,,,%%1843,,,-,
2025-08-13T11:11:08.519174Z,4672,DC01.garfield.htb,Microsoft-Windows-Security-Auditing,Security,2342,0,,,,,,,,,,,,,,,,,,,,,,,,,,,,,,,,,,,,,,,,,,,,,,,,,,,,,,,,,,,,,,,,,,,,,,,,,,,,,,,,,,,,,,,,,,,,,,,,,,,,,,,,,,,,,,,,,"SeAssignPrimaryTokenPrivilege
			SeTcbPrivilege
			SeSecurityPrivilege
			SeTakeOwnershipPrivilege
			SeLoadDriverPrivilege
			SeBackupPrivilege
			SeRestorePrivilege
			SeDebugPrivilege
			SeAuditPrivilege
			SeSystemEnvironmentPrivilege
			SeImpersonatePrivilege
			SeDelegateSessionUserImpersonatePrivilege",,,,,,,,,,,,,,,,,,,,,,,,,,,,,,NT AUTHORITY,0x3e7,,SYSTEM,S-1-5-18,,,,,,,,,,,,,,,,,,,,,,,,,,,,,
2025-08-13T11:11:08.528074Z,4799,DC01.garfield.htb,Microsoft-Windows-Security-Auditing,Security,2343,0,,,,,,,,,,,,,,,,,,0x2ac,C:\Windows\System32\VSSVC.exe,,,,,,,,,,,,,,,,,,,,,,,,,,,,,,,,,,,,,,,,,,,,,,,,,,,,,,,,,,,,,,,,,,,,,,,,,,,,,,,,,,,,,,,,,,,,,,,,,,,,,,,,,,,,,,,,,,,,,,,,,,,,GARFIELD,0x3e7,,DC01$,S-1-5-18,Builtin,,,,,,,,,,,S-1-5-32-544,Administrators,,,,,,,,,,,,,,,,
2025-08-13T11:11:08.528640Z,4799,DC01.garfield.htb,Microsoft-Windows-Security-Auditing,Security,2344,0,,,,,,,,,,,,,,,,,,0x2ac,C:\Windows\System32\VSSVC.exe,,,,,,,,,,,,,,,,,,,,,,,,,,,,,,,,,,,,,,,,,,,,,,,,,,,,,,,,,,,,,,,,,,,,,,,,,,,,,,,,,,,,,,,,,,,,,,,,,,,,,,,,,,,,,,,,,,,,,,,,,,,,GARFIELD,0x3e7,,DC01$,S-1-5-18,Builtin,,,,,,,,,,,S-1-5-32-551,Backup Operators,,,,,,,,,,,,,,,,
2025-08-13T11:11:08.540070Z,4799,DC01.garfield.htb,Microsoft-Windows-Security-Auditing,Security,2345,0,,,,,,,,,,,,,,,,,,0x2ac,C:\Windows\System32\VSSVC.exe,,,,,,,,,,,,,,,,,,,,,,,,,,,,,,,,,,,,,,,,,,,,,,,,,,,,,,,,,,,,,,,,,,,,,,,,,,,,,,,,,,,,,,,,,,,,,,,,,,,,,,,,,,,,,,,,,,,,,,,,,,,,GARFIELD,0x3e7,,DC01$,S-1-5-18,Builtin,,,,,,,,,,,S-1-5-32-544,Administrators,,,,,,,,,,,,,,,,
2025-08-13T11:11:08.540475Z,4799,DC01.garfield.htb,Microsoft-Windows-Security-Auditing,Security,2346,0,,,,,,,,,,,,,,,,,,0x2ac,C:\Windows\System32\VSSVC.exe,,,,,,,,,,,,,,,,,,,,,,,,,,,,,,,,,,,,,,,,,,,,,,,,,,,,,,,,,,,,,,,,,,,,,,,,,,,,,,,,,,,,,,,,,,,,,,,,,,,,,,,,,,,,,,,,,,,,,,,,,,,,GARFIELD,0x3e7,,DC01$,S-1-5-18,Builtin,,,,,,,,,,,S-1-5-32-551,Backup Operators,,,,,,,,,,,,,,,,
2025-08-13T11:11:08.572194Z,4799,DC01.garfield.htb,Microsoft-Windows-Security-Auditing,Security,2347,0,,,,,,,,,,,,,,,,,,0x2ac,C:\Windows\System32\VSSVC.exe,,,,,,,,,,,,,,,,,,,,,,,,,,,,,,,,,,,,,,,,,,,,,,,,,,,,,,,,,,,,,,,,,,,,,,,,,,,,,,,,,,,,,,,,,,,,,,,,,,,,,,,,,,,,,,,,,,,,,,,,,,,,GARFIELD,0x3e7,,DC01$,S-1-5-18,Builtin,,,,,,,,,,,S-1-5-32-544,Administrators,,,,,,,,,,,,,,,,
2025-08-13T11:11:08.575671Z,4799,DC01.garfield.htb,Microsoft-Windows-Security-Auditing,Security,2348,0,,,,,,,,,,,,,,,,,,0x2ac,C:\Windows\System32\VSSVC.exe,,,,,,,,,,,,,,,,,,,,,,,,,,,,,,,,,,,,,,,,,,,,,,,,,,,,,,,,,,,,,,,,,,,,,,,,,,,,,,,,,,,,,,,,,,,,,,,,,,,,,,,,,,,,,,,,,,,,,,,,,,,,GARFIELD,0x3e7,,DC01$,S-1-5-18,Builtin,,,,,,,,,,,S-1-5-32-551,Backup Operators,,,,,,,,,,,,,,,,
2025-08-13T11:11:08.626299Z,4624,DC01.garfield.htb,Microsoft-Windows-Security-Auditing,Security,2349,0,,,,,,,,,,,,,,,,,Negotiate,,,,,,,,,,,,,,,,,,,,,,,,%%1842,,,,,,,,,,,,,%%1833,-,-,,,,0,,,-,,,,,00000000-0000-0000-0000-000000000000,,Advapi  ,5,,,,,,,,,,,,,,,,,,,,,,,,,,,,,,,,,,,,,,,,,,,,0x2d0,C:\Windows\System32\services.exe,,,,,,,,,,-,,,,,,,,,,,,,,,,,GARFIELD,0x3e7,,DC01$,S-1-5-18,NT AUTHORITY,,0x0,,0x3e7,,-,-,,,,,SYSTEM,S-1-5-18,,,,,-,,,,,,%%1843,,,-,
2025-08-13T11:11:08.626304Z,4672,DC01.garfield.htb,Microsoft-Windows-Security-Auditing,Security,2350,0,,,,,,,,,,,,,,,,,,,,,,,,,,,,,,,,,,,,,,,,,,,,,,,,,,,,,,,,,,,,,,,,,,,,,,,,,,,,,,,,,,,,,,,,,,,,,,,,,,,,,,,,,,,,,,,,,"SeAssignPrimaryTokenPrivilege
			SeTcbPrivilege
			SeSecurityPrivilege
			SeTakeOwnershipPrivilege
			SeLoadDriverPrivilege
			SeBackupPrivilege
			SeRestorePrivilege
			SeDebugPrivilege
			SeAuditPrivilege
			SeSystemEnvironmentPrivilege
			SeImpersonatePrivilege
			SeDelegateSessionUserImpersonatePrivilege",,,,,,,,,,,,,,,,,,,,,,,,,,,,,,NT AUTHORITY,0x3e7,,SYSTEM,S-1-5-18,,,,,,,,,,,,,,,,,,,,,,,,,,,,,
2025-08-13T11:11:08.660506Z,4624,DC01.garfield.htb,Microsoft-Windows-Security-Auditing,Security,2351,0,,,,,,,,,,,,,,,,,Negotiate,,,,,,,,,,,,,,,,,,,,,,,,%%1842,,,,,,,,,,,,,%%1833,-,-,,,,0,,,-,,,,,00000000-0000-0000-0000-000000000000,,Advapi  ,5,,,,,,,,,,,,,,,,,,,,,,,,,,,,,,,,,,,,,,,,,,,,0x2d0,C:\Windows\System32\services.exe,,,,,,,,,,-,,,,,,,,,,,,,,,,,GARFIELD,0x3e7,,DC01$,S-1-5-18,NT AUTHORITY,,0x0,,0x3e7,,-,-,,,,,SYSTEM,S-1-5-18,,,,,-,,,,,,%%1843,,,-,
2025-08-13T11:11:08.660510Z,4672,DC01.garfield.htb,Microsoft-Windows-Security-Auditing,Security,2352,0,,,,,,,,,,,,,,,,,,,,,,,,,,,,,,,,,,,,,,,,,,,,,,,,,,,,,,,,,,,,,,,,,,,,,,,,,,,,,,,,,,,,,,,,,,,,,,,,,,,,,,,,,,,,,,,,,"SeAssignPrimaryTokenPrivilege
			SeTcbPrivilege
			SeSecurityPrivilege
			SeTakeOwnershipPrivilege
			SeLoadDriverPrivilege
			SeBackupPrivilege
			SeRestorePrivilege
			SeDebugPrivilege
			SeAuditPrivilege
			SeSystemEnvironmentPrivilege
			SeImpersonatePrivilege
			SeDelegateSessionUserImpersonatePrivilege",,,,,,,,,,,,,,,,,,,,,,,,,,,,,,NT AUTHORITY,0x3e7,,SYSTEM,S-1-5-18,,,,,,,,,,,,,,,,,,,,,,,,,,,,,
2025-08-13T11:11:08.687698Z,5058,DC01.garfield.htb,Microsoft-Windows-Security-Auditing,Security,2353,0,,,,,,,,,UNKNOWN,,,,,,,,,,,,,,,2025-08-13T11:11:08.549445Z,1072,,,,,,,,,,,,,,,,,,,,,,,,,,,,,,,,,,C:\Users\Administrator\AppData\Roaming\Microsoft\Crypto\Keys\de7cf8a7901d2ad13e5c67c29e5d1662_9c32fc58-91ff-4dc6-87b4-7e601db21fd9,,Microsoft Connected Devices Platform device certificate,%%2500,,,,,,,,,,,,,,,,,,,,,,,,,,,,,,,,,,,,,,,%%2458,,,,,,,,,,,,,,,,,,Microsoft Software Key Storage Provider,,,,,,,,0x0,,,,,,,,,,,,,,,,GARFIELD,0x5ce30,,Administrator,S-1-5-21-2502726253-3859040611-225969357-500,,,,,,,,,,,,,,,,,,,,,,,,,,,,,
2025-08-13T11:11:08.705820Z,5061,DC01.garfield.htb,Microsoft-Windows-Security-Auditing,Security,2354,0,,,,,,,,,ECDSA_P256,,,,,,,,,,,,,,,,,,,,,,,,,,,,,,,,,,,,,,,,,,,,,,,,,,,,Microsoft Connected Devices Platform device certificate,%%2500,,,,,,,,,,,,,,,,,,,,,,,,,,,,,,,,,,,,,,,%%2480,,,,,,,,,,,,,,,,,,Microsoft Software Key Storage Provider,,,,,,,,0x0,,,,,,,,,,,,,,,,GARFIELD,0x5ce30,,Administrator,S-1-5-21-2502726253-3859040611-225969357-500,,,,,,,,,,,,,,,,,,,,,,,,,,,,,
2025-08-13T11:11:08.706089Z,5059,DC01.garfield.htb,Microsoft-Windows-Security-Auditing,Security,2355,0,,,,,,,,,ECDSA_P256,,,,,,,,,,,,,,,2025-08-13T11:11:08.549445Z,1072,,,,,,,,,,,,,,,,,,,,,,,,,,,,,,,,,,,,Microsoft Connected Devices Platform device certificate,%%2500,,,,,,,,,,,,,,,,,,,,,,,,,,,,,,,,,,,,,,,%%2464,,,,,,,,,,,,,,,,,,Microsoft Software Key Storage Provider,,,,,,,,0x0,,,,,,,,,,,,,,,,GARFIELD,0x5ce30,,Administrator,S-1-5-21-2502726253-3859040611-225969357-500,,,,,,,,,,,,,,,,,,,,,,,,,,,,,
2025-08-13T11:11:08.714877Z,4624,DC01.garfield.htb,Microsoft-Windows-Security-Auditing,Security,2356,0,,,,,,,,,,,,,,,,,Negotiate,,,,,,,,,,,,,,,,,,,,,,,,%%1842,,,,,,,,,,,,,%%1833,-,-,,,,0,,,-,,,,,00000000-0000-0000-0000-000000000000,,Advapi  ,5,,,,,,,,,,,,,,,,,,,,,,,,,,,,,,,,,,,,,,,,,,,,0x2d0,C:\Windows\System32\services.exe,,,,,,,,,,-,,,,,,,,,,,,,,,,,GARFIELD,0x3e7,,DC01$,S-1-5-18,NT AUTHORITY,,0x0,,0x3e7,,-,-,,,,,SYSTEM,S-1-5-18,,,,,-,,,,,,%%1843,,,-,
2025-08-13T11:11:08.714882Z,4672,DC01.garfield.htb,Microsoft-Windows-Security-Auditing,Security,2357,0,,,,,,,,,,,,,,,,,,,,,,,,,,,,,,,,,,,,,,,,,,,,,,,,,,,,,,,,,,,,,,,,,,,,,,,,,,,,,,,,,,,,,,,,,,,,,,,,,,,,,,,,,,,,,,,,,"SeAssignPrimaryTokenPrivilege
			SeTcbPrivilege
			SeSecurityPrivilege
			SeTakeOwnershipPrivilege
			SeLoadDriverPrivilege
			SeBackupPrivilege
			SeRestorePrivilege
			SeDebugPrivilege
			SeAuditPrivilege
			SeSystemEnvironmentPrivilege
			SeImpersonatePrivilege
			SeDelegateSessionUserImpersonatePrivilege",,,,,,,,,,,,,,,,,,,,,,,,,,,,,,NT AUTHORITY,0x3e7,,SYSTEM,S-1-5-18,,,,,,,,,,,,,,,,,,,,,,,,,,,,,
2025-08-13T11:11:08.763336Z,4624,DC01.garfield.htb,Microsoft-Windows-Security-Auditing,Security,2358,0,,,,,,,,,,,,,,,,,Negotiate,,,,,,,,,,,,,,,,,,,,,,,,%%1842,,,,,,,,,,,,,%%1833,-,-,,,,0,,,-,,,,,00000000-0000-0000-0000-000000000000,,Advapi  ,5,,,,,,,,,,,,,,,,,,,,,,,,,,,,,,,,,,,,,,,,,,,,0x2d0,C:\Windows\System32\services.exe,,,,,,,,,,-,,,,,,,,,,,,,,,,,GARFIELD,0x3e7,,DC01$,S-1-5-18,NT AUTHORITY,,0x0,,0x3e7,,-,-,,,,,SYSTEM,S-1-5-18,,,,,-,,,,,,%%1843,,,-,
2025-08-13T11:11:08.763341Z,4672,DC01.garfield.htb,Microsoft-Windows-Security-Auditing,Security,2359,0,,,,,,,,,,,,,,,,,,,,,,,,,,,,,,,,,,,,,,,,,,,,,,,,,,,,,,,,,,,,,,,,,,,,,,,,,,,,,,,,,,,,,,,,,,,,,,,,,,,,,,,,,,,,,,,,,"SeAssignPrimaryTokenPrivilege
			SeTcbPrivilege
			SeSecurityPrivilege
			SeTakeOwnershipPrivilege
			SeLoadDriverPrivilege
			SeBackupPrivilege
			SeRestorePrivilege
			SeDebugPrivilege
			SeAuditPrivilege
			SeSystemEnvironmentPrivilege
			SeImpersonatePrivilege
			SeDelegateSessionUserImpersonatePrivilege",,,,,,,,,,,,,,,,,,,,,,,,,,,,,,NT AUTHORITY,0x3e7,,SYSTEM,S-1-5-18,,,,,,,,,,,,,,,,,,,,,,,,,,,,,
2025-08-13T11:11:08.891489Z,4662,DC01.garfield.htb,Microsoft-Windows-Security-Auditing,Security,2360,0,,"%%7685
				",0x20,,,-,,,,,,,,,,,,,,,,,,,,,,,,,,,,,,,,,,,,,,,,,0x0,,,,,,,,,,,,,,,,,,,,,,,,,,,,,,,,,,,,,,,,,,,,,%{a09f581b-2fa0-4b66-9329-77ff3a053edf},,DS,%{f30e3bc2-9ff0-11d1-b603-0000f80367c1},,,,,,,Object Access,,,,,,,,,,,,,,,,"%%7685
		{771727b1-31b8-4cdf-ae62-4fe39fadf89e}
			{bf967a76-0de6-11d0-a285-00aa003049e2}
			{32ff8ecc-783f-11d2-9916-0000f87a57d4}
	{f30e3bc2-9ff0-11d1-b603-0000f80367c1}
",,,,,,,,,,,,,,,,,,,,,,,,,GARFIELD,0x5ce30,,Administrator,S-1-5-21-2502726253-3859040611-225969357-500,,,,,,,,,,,,,,,,,,,,,,,,,,,,,
2025-08-13T11:11:08.913915Z,4662,DC01.garfield.htb,Microsoft-Windows-Security-Auditing,Security,2361,0,,"%%7685
				",0x20,,,-,,,,,,,,,,,,,,,,,,,,,,,,,,,,,,,,,,,,,,,,,0x0,,,,,,,,,,,,,,,,,,,,,,,,,,,,,,,,,,,,,,,,,,,,,%{a09f581b-2fa0-4b66-9329-77ff3a053edf},,DS,%{f30e3bc2-9ff0-11d1-b603-0000f80367c1},,,,,,,Object Access,,,,,,,,,,,,,,,,"%%7685
		{771727b1-31b8-4cdf-ae62-4fe39fadf89e}
			{bf967a76-0de6-11d0-a285-00aa003049e2}
			{32ff8ecc-783f-11d2-9916-0000f87a57d4}
	{f30e3bc2-9ff0-11d1-b603-0000f80367c1}
",,,,,,,,,,,,,,,,,,,,,,,,,GARFIELD,0x5ce30,,Administrator,S-1-5-21-2502726253-3859040611-225969357-500,,,,,,,,,,,,,,,,,,,,,,,,,,,,,
2025-08-13T11:11:08.918814Z,4672,DC01.garfield.htb,Microsoft-Windows-Security-Auditing,Security,2362,0,,,,,,,,,,,,,,,,,,,,,,,,,,,,,,,,,,,,,,,,,,,,,,,,,,,,,,,,,,,,,,,,,,,,,,,,,,,,,,,,,,,,,,,,,,,,,,,,,,,,,,,,,,,,,,,,,"SeSecurityPrivilege
			SeBackupPrivilege
			SeRestorePrivilege
			SeTakeOwnershipPrivilege
			SeDebugPrivilege
			SeSystemEnvironmentPrivilege
			SeLoadDriverPrivilege
			SeImpersonatePrivilege
			SeDelegateSessionUserImpersonatePrivilege
			SeEnableDelegationPrivilege",,,,,,,,,,,,,,,,,,,,,,,,,,,,,,GARFIELD,0x6c521,,DC01$,S-1-5-18,,,,,,,,,,,,,,,,,,,,,,,,,,,,,
2025-08-13T11:11:08.918870Z,4624,DC01.garfield.htb,Microsoft-Windows-Security-Auditing,Security,2363,0,,,,,,,,,,,,,,,,,Kerberos,,,,,,,,,,,,,,,,,,,,,,,,%%1842,,,,,,,,,,,,,%%1833,fe80::3892:f524:40b8:cd4a,52954,,,,0,,,-,,,,,3C2C8FB1-A90E-9A9A-7FCE-5FB32B53E232,,Kerberos,3,,,,,,,,,,,,,,,,,,,,,,,,,,,,,,,,,,,,,,,,,,,,0x0,-,,,,,,,,,,-,,,,,,,,,,,,,,,,,-,0x0,,-,S-1-0-0,GARFIELD.HTB,,0x0,,0x6c521,,-,-,,,,,DC01$,S-1-5-18,,,,,-,,,,,,%%1843,,,-,
2025-08-13T11:11:08.921624Z,4672,DC01.garfield.htb,Microsoft-Windows-Security-Auditing,Security,2364,0,,,,,,,,,,,,,,,,,,,,,,,,,,,,,,,,,,,,,,,,,,,,,,,,,,,,,,,,,,,,,,,,,,,,,,,,,,,,,,,,,,,,,,,,,,,,,,,,,,,,,,,,,,,,,,,,,"SeSecurityPrivilege
			SeBackupPrivilege
			SeRestorePrivilege
			SeTakeOwnershipPrivilege
			SeDebugPrivilege
			SeSystemEnvironmentPrivilege
			SeLoadDriverPrivilege
			SeImpersonatePrivilege
			SeDelegateSessionUserImpersonatePrivilege
			SeEnableDelegationPrivilege",,,,,,,,,,,,,,,,,,,,,,,,,,,,,,GARFIELD,0x6c68b,,DC01$,S-1-5-18,,,,,,,,,,,,,,,,,,,,,,,,,,,,,
2025-08-13T11:11:08.921671Z,4624,DC01.garfield.htb,Microsoft-Windows-Security-Auditing,Security,2365,0,,,,,,,,,,,,,,,,,Kerberos,,,,,,,,,,,,,,,,,,,,,,,,%%1842,,,,,,,,,,,,,%%1833,::1,0,,,,0,,,-,,,,,3C2C8FB1-A90E-9A9A-7FCE-5FB32B53E232,,Kerberos,3,,,,,,,,,,,,,,,,,,,,,,,,,,,,,,,,,,,,,,,,,,,,0x0,-,,,,,,,,,,-,,,,,,,,,,,,,,,,,-,0x0,,-,S-1-0-0,GARFIELD.HTB,,0x0,,0x6c68b,,-,-,,,,,DC01$,S-1-5-18,,,,,-,,,,,,%%1843,,,-,
2025-08-13T11:11:08.923653Z,4672,DC01.garfield.htb,Microsoft-Windows-Security-Auditing,Security,2366,0,,,,,,,,,,,,,,,,,,,,,,,,,,,,,,,,,,,,,,,,,,,,,,,,,,,,,,,,,,,,,,,,,,,,,,,,,,,,,,,,,,,,,,,,,,,,,,,,,,,,,,,,,,,,,,,,,"SeSecurityPrivilege
			SeBackupPrivilege
			SeRestorePrivilege
			SeTakeOwnershipPrivilege
			SeDebugPrivilege
			SeSystemEnvironmentPrivilege
			SeLoadDriverPrivilege
			SeImpersonatePrivilege
			SeDelegateSessionUserImpersonatePrivilege
			SeEnableDelegationPrivilege",,,,,,,,,,,,,,,,,,,,,,,,,,,,,,GARFIELD,0x6c71d,,DC01$,S-1-5-18,,,,,,,,,,,,,,,,,,,,,,,,,,,,,
2025-08-13T11:11:08.923709Z,4624,DC01.garfield.htb,Microsoft-Windows-Security-Auditing,Security,2367,0,,,,,,,,,,,,,,,,,Kerberos,,,,,,,,,,,,,,,,,,,,,,,,%%1842,,,,,,,,,,,,,%%1833,10.10.11.221,52955,,,,0,,,-,,,,,3C2C8FB1-A90E-9A9A-7FCE-5FB32B53E232,,Kerberos,3,,,,,,,,,,,,,,,,,,,,,,,,,,,,,,,,,,,,,,,,,,,,0x0,-,,,,,,,,,,-,,,,,,,,,,,,,,,,,-,0x0,,-,S-1-0-0,GARFIELD.HTB,,0x0,,0x6c71d,,-,-,,,,,DC01$,S-1-5-18,,,,,-,,,,,,%%1843,,,-,
2025-08-13T11:11:09.028921Z,4634,DC01.garfield.htb,Microsoft-Windows-Security-Auditing,Security,2368,0,,,,,,,,,,,,,,,,,,,,,,,,,,,,,,,,,,,,,,,,,,,,,,,,,,,,,,,,,,,,,,,,,,,,,,,3,,,,,,,,,,,,,,,,,,,,,,,,,,,,,,,,,,,,,,,,,,,,,,,,,,,,,,,,,,,,,,,,,,,,,,,,,,,,,GARFIELD,,,,0x6c71d,,,,,,,,DC01$,S-1-5-18,,,,,,,,,,,,,,,
2025-08-13T11:11:09.028928Z,4634,DC01.garfield.htb,Microsoft-Windows-Security-Auditing,Security,2369,0,,,,,,,,,,,,,,,,,,,,,,,,,,,,,,,,,,,,,,,,,,,,,,,,,,,,,,,,,,,,,,,,,,,,,,,3,,,,,,,,,,,,,,,,,,,,,,,,,,,,,,,,,,,,,,,,,,,,,,,,,,,,,,,,,,,,,,,,,,,,,,,,,,,,,GARFIELD,,,,0x6c68b,,,,,,,,DC01$,S-1-5-18,,,,,,,,,,,,,,,
2025-08-13T11:11:09.029343Z,4634,DC01.garfield.htb,Microsoft-Windows-Security-Auditing,Security,2370,0,,,,,,,,,,,,,,,,,,,,,,,,,,,,,,,,,,,,,,,,,,,,,,,,,,,,,,,,,,,,,,,,,,,,,,,3,,,,,,,,,,,,,,,,,,,,,,,,,,,,,,,,,,,,,,,,,,,,,,,,,,,,,,,,,,,,,,,,,,,,,,,,,,,,,GARFIELD,,,,0x6c521,,,,,,,,DC01$,S-1-5-18,,,,,,,,,,,,,,,
2025-08-13T11:11:11.556925Z,4672,DC01.garfield.htb,Microsoft-Windows-Security-Auditing,Security,2371,0,,,,,,,,,,,,,,,,,,,,,,,,,,,,,,,,,,,,,,,,,,,,,,,,,,,,,,,,,,,,,,,,,,,,,,,,,,,,,,,,,,,,,,,,,,,,,,,,,,,,,,,,,,,,,,,,,"SeSecurityPrivilege
			SeBackupPrivilege
			SeRestorePrivilege
			SeTakeOwnershipPrivilege
			SeDebugPrivilege
			SeSystemEnvironmentPrivilege
			SeLoadDriverPrivilege
			SeImpersonatePrivilege
			SeDelegateSessionUserImpersonatePrivilege
			SeEnableDelegationPrivilege",,,,,,,,,,,,,,,,,,,,,,,,,,,,,,GARFIELD,0x7d1d1,,DC01$,S-1-5-18,,,,,,,,,,,,,,,,,,,,,,,,,,,,,
2025-08-13T11:11:11.557168Z,4624,DC01.garfield.htb,Microsoft-Windows-Security-Auditing,Security,2372,0,,,,,,,,,,,,,,,,,Kerberos,,,,,,,,,,,,,,,,,,,,,,,,%%1842,,,,,,,,,,,,,%%1833,fe80::3892:f524:40b8:cd4a,52958,,,,0,,,-,,,,,7F6CD027-4188-AB14-643A-6405C1017355,,Kerberos,3,,,,,,,,,,,,,,,,,,,,,,,,,,,,,,,,,,,,,,,,,,,,0x0,-,,,,,,,,,,-,,,,,,,,,,,,,,,,,-,0x0,,-,S-1-0-0,GARFIELD.HTB,,0x0,,0x7d1d1,,-,-,,,,,DC01$,S-1-5-18,,,,,-,,,,,,%%1843,,,-,
2025-08-13T11:11:11.558569Z,4662,DC01.garfield.htb,Microsoft-Windows-Security-Auditing,Security,2373,0,,"%%7685
				",0x20,,,-,,,,,,,,,,,,,,,,,,,,,,,,,,,,,,,,,,,,,,,,,0x0,,,,,,,,,,,,,,,,,,,,,,,,,,,,,,,,,,,,,,,,,,,,,%{7d174fa3-4497-4dd3-b952-bc20a73ff374},,DS,%{bf967a86-0de6-11d0-a285-00aa003049e2},,,,,,,Object Access,,,,,,,,,,,,,,,,"%%7685
		{e48d0154-bcf8-11d1-8702-00c04fb96050}
			{f3a64788-5306-11d1-a9c5-0000f80367c1}
	{bf967a86-0de6-11d0-a285-00aa003049e2}
",,,,,,,,,,,,,,,,,,,,,,,,,GARFIELD,0x7d1d1,,DC01$,S-1-5-18,,,,,,,,,,,,,,,,,,,,,,,,,,,,,
2025-08-13T11:11:11.559087Z,4742,DC01.garfield.htb,Microsoft-Windows-Security-Auditing,Security,2374,0,,,,,-,,,,,-,,,,,,,,,,,,,,,,,-,,,,,,,-,-,,,,,,,,,,,,,-,-,,,,,,,,,,,,,,,,,,,,-,,,,,,,,,,,,,,,,,-,,,,,,,,,,,,,-,,,,,,,,,-,,,,-,-,,,,-,,,,,,,,,,,-,,,-,,"
		ldap/DC01.garfield.htb/garfield.htb
		ldap/DC01.garfield.htb
		ldap/DC01
		ldap/DC01.garfield.htb/GARFIELD
		ldap/16e271d2-270f-4a57-b7f1-74497d050024._msdcs.garfield.htb
		ldap/DC01/GARFIELD
		E3514235-4B06-11D1-AB04-00C04FC2DCD2/16e271d2-270f-4a57-b7f1-74497d050024/garfield.htb
		HOST/DC01.garfield.htb/garfield.htb
		HOST/DC01.garfield.htb
		HOST/DC01
		HOST/DC01.garfield.htb/GARFIELD
		HOST/DC01/GARFIELD
		RPC/16e271d2-270f-4a57-b7f1-74497d050024._msdcs.garfield.htb
		RestrictedKrbHost/DC01
		RestrictedKrbHost/DC01.garfield.htb
		GC/DC01.garfield.htb/garfield.htb
		DNS/DC01.garfield.htb
		Microsoft Virtual Console Service/DC01.garfield.htb",,-,,,,,,,,GARFIELD,0x7d1d1,,DC01$,S-1-5-18,GARFIELD,,,,,,,,,,,S-1-5-21-2502726253-3859040611-225969357-1000,DC01$,,,,,,,,-,-,-,-,,,,,
2025-08-13T11:11:11.559638Z,4662,DC01.garfield.htb,Microsoft-Windows-Security-Auditing,Security,2375,0,,"%%7685
				",0x20,,,-,,,,,,,,,,,,,,,,,,,,,,,,,,,,,,,,,,,,,,,,,0x0,,,,,,,,,,,,,,,,,,,,,,,,,,,,,,,,,,,,,,,,,,,,,%{7d174fa3-4497-4dd3-b952-bc20a73ff374},,DS,%{bf967a86-0de6-11d0-a285-00aa003049e2},,,,,,,Object Access,,,,,,,,,,,,,,,,"%%7685
		{e48d0154-bcf8-11d1-8702-00c04fb96050}
			{f3a64788-5306-11d1-a9c5-0000f80367c1}
	{bf967a86-0de6-11d0-a285-00aa003049e2}
",,,,,,,,,,,,,,,,,,,,,,,,,GARFIELD,0x7d1d1,,DC01$,S-1-5-18,,,,,,,,,,,,,,,,,,,,,,,,,,,,,
2025-08-13T11:11:11.559822Z,4742,DC01.garfield.htb,Microsoft-Windows-Security-Auditing,Security,2376,0,,,,,-,,,,,-,,,,,,,,,,,,,,,,,-,,,,,,,-,-,,,,,,,,,,,,,-,-,,,,,,,,,,,,,,,,,,,,-,,,,,,,,,,,,,,,,,-,,,,,,,,,,,,,-,,,,,,,,,-,,,,-,-,,,,-,,,,,,,,,,,-,,,-,,"
		ldap/DC01.garfield.htb/garfield.htb
		ldap/DC01.garfield.htb
		ldap/DC01
		ldap/DC01.garfield.htb/GARFIELD
		ldap/16e271d2-270f-4a57-b7f1-74497d050024._msdcs.garfield.htb
		ldap/DC01/GARFIELD
		E3514235-4B06-11D1-AB04-00C04FC2DCD2/16e271d2-270f-4a57-b7f1-74497d050024/garfield.htb
		HOST/DC01.garfield.htb/garfield.htb
		HOST/DC01.garfield.htb
		HOST/DC01
		HOST/DC01.garfield.htb/GARFIELD
		HOST/DC01/GARFIELD
		RPC/16e271d2-270f-4a57-b7f1-74497d050024._msdcs.garfield.htb
		RestrictedKrbHost/DC01
		RestrictedKrbHost/DC01.garfield.htb
		GC/DC01.garfield.htb/garfield.htb
		DNS/DC01.garfield.htb
		Microsoft Virtual Console Service/DC01.garfield.htb
		Microsoft Virtual Console Service/DC01",,-,,,,,,,,GARFIELD,0x7d1d1,,DC01$,S-1-5-18,GARFIELD,,,,,,,,,,,S-1-5-21-2502726253-3859040611-225969357-1000,DC01$,,,,,,,,-,-,-,-,,,,,
2025-08-13T11:11:11.560788Z,4662,DC01.garfield.htb,Microsoft-Windows-Security-Auditing,Security,2377,0,,"%%7685
				",0x20,,,-,,,,,,,,,,,,,,,,,,,,,,,,,,,,,,,,,,,,,,,,,0x0,,,,,,,,,,,,,,,,,,,,,,,,,,,,,,,,,,,,,,,,,,,,,%{7d174fa3-4497-4dd3-b952-bc20a73ff374},,DS,%{bf967a86-0de6-11d0-a285-00aa003049e2},,,,,,,Object Access,,,,,,,,,,,,,,,,"%%7685
		{e48d0154-bcf8-11d1-8702-00c04fb96050}
			{f3a64788-5306-11d1-a9c5-0000f80367c1}
	{bf967a86-0de6-11d0-a285-00aa003049e2}
",,,,,,,,,,,,,,,,,,,,,,,,,GARFIELD,0x7d1d1,,DC01$,S-1-5-18,,,,,,,,,,,,,,,,,,,,,,,,,,,,,
2025-08-13T11:11:11.561303Z,4742,DC01.garfield.htb,Microsoft-Windows-Security-Auditing,Security,2378,0,,,,,-,,,,,-,,,,,,,,,,,,,,,,,-,,,,,,,-,-,,,,,,,,,,,,,-,-,,,,,,,,,,,,,,,,,,,,-,,,,,,,,,,,,,,,,,-,,,,,,,,,,,,,-,,,,,,,,,-,,,,-,-,,,,-,,,,,,,,,,,-,,,-,,"
		ldap/DC01.garfield.htb/garfield.htb
		ldap/DC01.garfield.htb
		ldap/DC01
		ldap/DC01.garfield.htb/GARFIELD
		ldap/16e271d2-270f-4a57-b7f1-74497d050024._msdcs.garfield.htb
		ldap/DC01/GARFIELD
		E3514235-4B06-11D1-AB04-00C04FC2DCD2/16e271d2-270f-4a57-b7f1-74497d050024/garfield.htb
		HOST/DC01.garfield.htb/garfield.htb
		HOST/DC01.garfield.htb
		HOST/DC01
		HOST/DC01.garfield.htb/GARFIELD
		HOST/DC01/GARFIELD
		RPC/16e271d2-270f-4a57-b7f1-74497d050024._msdcs.garfield.htb
		RestrictedKrbHost/DC01
		RestrictedKrbHost/DC01.garfield.htb
		GC/DC01.garfield.htb/garfield.htb
		DNS/DC01.garfield.htb
		Microsoft Virtual Console Service/DC01.garfield.htb
		Microsoft Virtual Console Service/DC01
		Microsoft Virtual System Migration Service/DC01.garfield.htb",,-,,,,,,,,GARFIELD,0x7d1d1,,DC01$,S-1-5-18,GARFIELD,,,,,,,,,,,S-1-5-21-2502726253-3859040611-225969357-1000,DC01$,,,,,,,,-,-,-,-,,,,,
2025-08-13T11:11:11.561762Z,4662,DC01.garfield.htb,Microsoft-Windows-Security-Auditing,Security,2379,0,,"%%7685
				",0x20,,,-,,,,,,,,,,,,,,,,,,,,,,,,,,,,,,,,,,,,,,,,,0x0,,,,,,,,,,,,,,,,,,,,,,,,,,,,,,,,,,,,,,,,,,,,,%{7d174fa3-4497-4dd3-b952-bc20a73ff374},,DS,%{bf967a86-0de6-11d0-a285-00aa003049e2},,,,,,,Object Access,,,,,,,,,,,,,,,,"%%7685
		{e48d0154-bcf8-11d1-8702-00c04fb96050}
			{f3a64788-5306-11d1-a9c5-0000f80367c1}
	{bf967a86-0de6-11d0-a285-00aa003049e2}
",,,,,,,,,,,,,,,,,,,,,,,,,GARFIELD,0x7d1d1,,DC01$,S-1-5-18,,,,,,,,,,,,,,,,,,,,,,,,,,,,,
2025-08-13T11:11:11.561937Z,4742,DC01.garfield.htb,Microsoft-Windows-Security-Auditing,Security,2380,0,,,,,-,,,,,-,,,,,,,,,,,,,,,,,-,,,,,,,-,-,,,,,,,,,,,,,-,-,,,,,,,,,,,,,,,,,,,,-,,,,,,,,,,,,,,,,,-,,,,,,,,,,,,,-,,,,,,,,,-,,,,-,-,,,,-,,,,,,,,,,,-,,,-,,"
		ldap/DC01.garfield.htb/garfield.htb
		ldap/DC01.garfield.htb
		ldap/DC01
		ldap/DC01.garfield.htb/GARFIELD
		ldap/16e271d2-270f-4a57-b7f1-74497d050024._msdcs.garfield.htb
		ldap/DC01/GARFIELD
		E3514235-4B06-11D1-AB04-00C04FC2DCD2/16e271d2-270f-4a57-b7f1-74497d050024/garfield.htb
		HOST/DC01.garfield.htb/garfield.htb
		HOST/DC01.garfield.htb
		HOST/DC01
		HOST/DC01.garfield.htb/GARFIELD
		HOST/DC01/GARFIELD
		RPC/16e271d2-270f-4a57-b7f1-74497d050024._msdcs.garfield.htb
		RestrictedKrbHost/DC01
		RestrictedKrbHost/DC01.garfield.htb
		GC/DC01.garfield.htb/garfield.htb
		DNS/DC01.garfield.htb
		Microsoft Virtual Console Service/DC01.garfield.htb
		Microsoft Virtual Console Service/DC01
		Microsoft Virtual System Migration Service/DC01.garfield.htb
		Microsoft Virtual System Migration Service/DC01",,-,,,,,,,,GARFIELD,0x7d1d1,,DC01$,S-1-5-18,GARFIELD,,,,,,,,,,,S-1-5-21-2502726253-3859040611-225969357-1000,DC01$,,,,,,,,-,-,-,-,,,,,
2025-08-13T11:11:11.563252Z,4662,DC01.garfield.htb,Microsoft-Windows-Security-Auditing,Security,2381,0,,"%%7685
				",0x20,,,-,,,,,,,,,,,,,,,,,,,,,,,,,,,,,,,,,,,,,,,,,0x0,,,,,,,,,,,,,,,,,,,,,,,,,,,,,,,,,,,,,,,,,,,,,%{7d174fa3-4497-4dd3-b952-bc20a73ff374},,DS,%{bf967a86-0de6-11d0-a285-00aa003049e2},,,,,,,Object Access,,,,,,,,,,,,,,,,"%%7685
		{e48d0154-bcf8-11d1-8702-00c04fb96050}
			{f3a64788-5306-11d1-a9c5-0000f80367c1}
	{bf967a86-0de6-11d0-a285-00aa003049e2}
",,,,,,,,,,,,,,,,,,,,,,,,,GARFIELD,0x7d1d1,,DC01$,S-1-5-18,,,,,,,,,,,,,,,,,,,,,,,,,,,,,
2025-08-13T11:11:11.563521Z,4742,DC01.garfield.htb,Microsoft-Windows-Security-Auditing,Security,2382,0,,,,,-,,,,,-,,,,,,,,,,,,,,,,,-,,,,,,,-,-,,,,,,,,,,,,,-,-,,,,,,,,,,,,,,,,,,,,-,,,,,,,,,,,,,,,,,-,,,,,,,,,,,,,-,,,,,,,,,-,,,,-,-,,,,-,,,,,,,,,,,-,,,-,,"
		ldap/DC01.garfield.htb/garfield.htb
		ldap/DC01.garfield.htb
		ldap/DC01
		ldap/DC01.garfield.htb/GARFIELD
		ldap/16e271d2-270f-4a57-b7f1-74497d050024._msdcs.garfield.htb
		ldap/DC01/GARFIELD
		E3514235-4B06-11D1-AB04-00C04FC2DCD2/16e271d2-270f-4a57-b7f1-74497d050024/garfield.htb
		HOST/DC01.garfield.htb/garfield.htb
		HOST/DC01.garfield.htb
		HOST/DC01
		HOST/DC01.garfield.htb/GARFIELD
		HOST/DC01/GARFIELD
		RPC/16e271d2-270f-4a57-b7f1-74497d050024._msdcs.garfield.htb
		RestrictedKrbHost/DC01
		RestrictedKrbHost/DC01.garfield.htb
		GC/DC01.garfield.htb/garfield.htb
		DNS/DC01.garfield.htb
		Microsoft Virtual Console Service/DC01.garfield.htb
		Microsoft Virtual Console Service/DC01
		Microsoft Virtual System Migration Service/DC01.garfield.htb
		Microsoft Virtual System Migration Service/DC01
		Hyper-V Replica Service/DC01.garfield.htb",,-,,,,,,,,GARFIELD,0x7d1d1,,DC01$,S-1-5-18,GARFIELD,,,,,,,,,,,S-1-5-21-2502726253-3859040611-225969357-1000,DC01$,,,,,,,,-,-,-,-,,,,,
2025-08-13T11:11:11.563968Z,4662,DC01.garfield.htb,Microsoft-Windows-Security-Auditing,Security,2383,0,,"%%7685
				",0x20,,,-,,,,,,,,,,,,,,,,,,,,,,,,,,,,,,,,,,,,,,,,,0x0,,,,,,,,,,,,,,,,,,,,,,,,,,,,,,,,,,,,,,,,,,,,,%{7d174fa3-4497-4dd3-b952-bc20a73ff374},,DS,%{bf967a86-0de6-11d0-a285-00aa003049e2},,,,,,,Object Access,,,,,,,,,,,,,,,,"%%7685
		{e48d0154-bcf8-11d1-8702-00c04fb96050}
			{f3a64788-5306-11d1-a9c5-0000f80367c1}
	{bf967a86-0de6-11d0-a285-00aa003049e2}
",,,,,,,,,,,,,,,,,,,,,,,,,GARFIELD,0x7d1d1,,DC01$,S-1-5-18,,,,,,,,,,,,,,,,,,,,,,,,,,,,,
2025-08-13T11:11:11.564151Z,4742,DC01.garfield.htb,Microsoft-Windows-Security-Auditing,Security,2384,0,,,,,-,,,,,-,,,,,,,,,,,,,,,,,-,,,,,,,-,-,,,,,,,,,,,,,-,-,,,,,,,,,,,,,,,,,,,,-,,,,,,,,,,,,,,,,,-,,,,,,,,,,,,,-,,,,,,,,,-,,,,-,-,,,,-,,,,,,,,,,,-,,,-,,"
		ldap/DC01.garfield.htb/garfield.htb
		ldap/DC01.garfield.htb
		ldap/DC01
		ldap/DC01.garfield.htb/GARFIELD
		ldap/16e271d2-270f-4a57-b7f1-74497d050024._msdcs.garfield.htb
		ldap/DC01/GARFIELD
		E3514235-4B06-11D1-AB04-00C04FC2DCD2/16e271d2-270f-4a57-b7f1-74497d050024/garfield.htb
		HOST/DC01.garfield.htb/garfield.htb
		HOST/DC01.garfield.htb
		HOST/DC01
		HOST/DC01.garfield.htb/GARFIELD
		HOST/DC01/GARFIELD
		RPC/16e271d2-270f-4a57-b7f1-74497d050024._msdcs.garfield.htb
		RestrictedKrbHost/DC01
		RestrictedKrbHost/DC01.garfield.htb
		GC/DC01.garfield.htb/garfield.htb
		DNS/DC01.garfield.htb
		Microsoft Virtual Console Service/DC01.garfield.htb
		Microsoft Virtual Console Service/DC01
		Microsoft Virtual System Migration Service/DC01.garfield.htb
		Microsoft Virtual System Migration Service/DC01
		Hyper-V Replica Service/DC01.garfield.htb
		Hyper-V Replica Service/DC01",,-,,,,,,,,GARFIELD,0x7d1d1,,DC01$,S-1-5-18,GARFIELD,,,,,,,,,,,S-1-5-21-2502726253-3859040611-225969357-1000,DC01$,,,,,,,,-,-,-,-,,,,,
2025-08-13T11:11:14.604203Z,5379,DC01.garfield.htb,Microsoft-Windows-Security-Auditing,Security,2385,0,,,,,,,,,,,,,,,,,,,,,,,,,3808,,,,0,,,,,,,,,,,,,,,,,,,,,,,,,,,,,,,,,,,,,,,,,,,,,,,,,,,,,,,,,,,,,,,,,,,,,,,,,,,,,,,,,,,,,2025-08-13T11:11:09.784299Z,,,,,,,,%%8100,,,,,3221226021,,,,,,,,,,,,,,,,GARFIELD,0x5ce30,,Administrator,S-1-5-21-2502726253-3859040611-225969357-500,,,,,,ServerManager*,,,,,,,,,,,,,,0,,,,,,,,,
2025-08-13T11:11:14.920251Z,4624,DC01.garfield.htb,Microsoft-Windows-Security-Auditing,Security,2386,0,,,,,,,,,,,,,,,,,Negotiate,,,,,,,,,,,,,,,,,,,,,,,,%%1842,,,,,,,,,,,,,%%1833,-,-,,,,0,,,-,,,,,00000000-0000-0000-0000-000000000000,,Advapi  ,5,,,,,,,,,,,,,,,,,,,,,,,,,,,,,,,,,,,,,,,,,,,,0x2d0,C:\Windows\System32\services.exe,,,,,,,,,,-,,,,,,,,,,,,,,,,,GARFIELD,0x3e7,,DC01$,S-1-5-18,NT AUTHORITY,,0x0,,0x3e7,,-,-,,,,,SYSTEM,S-1-5-18,,,,,-,,,,,,%%1843,,,-,
2025-08-13T11:11:14.920256Z,4672,DC01.garfield.htb,Microsoft-Windows-Security-Auditing,Security,2387,0,,,,,,,,,,,,,,,,,,,,,,,,,,,,,,,,,,,,,,,,,,,,,,,,,,,,,,,,,,,,,,,,,,,,,,,,,,,,,,,,,,,,,,,,,,,,,,,,,,,,,,,,,,,,,,,,,"SeAssignPrimaryTokenPrivilege
			SeTcbPrivilege
			SeSecurityPrivilege
			SeTakeOwnershipPrivilege
			SeLoadDriverPrivilege
			SeBackupPrivilege
			SeRestorePrivilege
			SeDebugPrivilege
			SeAuditPrivilege
			SeSystemEnvironmentPrivilege
			SeImpersonatePrivilege
			SeDelegateSessionUserImpersonatePrivilege",,,,,,,,,,,,,,,,,,,,,,,,,,,,,,NT AUTHORITY,0x3e7,,SYSTEM,S-1-5-18,,,,,,,,,,,,,,,,,,,,,,,,,,,,,
2025-08-13T11:11:24.099137Z,4769,DC01.garfield.htb,Microsoft-Windows-Security-Auditing,Security,2388,0,,,,,,,,,,,,,,,,,,,,,,,,,,,,,,,,,,,,,,,,,,,,,,,,,,,,,,,::1,0,,,,,,,,,,,,873A1F05-8F0B-5EE7-BF60-9B3A586A89F9,,,,,,,,,,,,,,,,,,,,,,,,,,,,,,,,,,,,,,,,,,,,,,,,,,,,,,,,,,,,,,,,DC01$,,S-1-5-21-2502726253-3859040611-225969357-1000,,,,0x0,,,,,,,,,,GARFIELD.HTB,,,,,,,,,,,,DC01$@GARFIELD.HTB,,,0x12,0x40810000,,-,,,,,,,,,,
2025-08-13T11:11:24.099583Z,4672,DC01.garfield.htb,Microsoft-Windows-Security-Auditing,Security,2389,0,,,,,,,,,,,,,,,,,,,,,,,,,,,,,,,,,,,,,,,,,,,,,,,,,,,,,,,,,,,,,,,,,,,,,,,,,,,,,,,,,,,,,,,,,,,,,,,,,,,,,,,,,,,,,,,,,"SeSecurityPrivilege
			SeBackupPrivilege
			SeRestorePrivilege
			SeTakeOwnershipPrivilege
			SeDebugPrivilege
			SeSystemEnvironmentPrivilege
			SeLoadDriverPrivilege
			SeImpersonatePrivilege
			SeDelegateSessionUserImpersonatePrivilege
			SeEnableDelegationPrivilege",,,,,,,,,,,,,,,,,,,,,,,,,,,,,,GARFIELD,0xc7002,,DC01$,S-1-5-18,,,,,,,,,,,,,,,,,,,,,,,,,,,,,
2025-08-13T11:11:24.099656Z,4624,DC01.garfield.htb,Microsoft-Windows-Security-Auditing,Security,2390,0,,,,,,,,,,,,,,,,,Kerberos,,,,,,,,,,,,,,,,,,,,,,,,%%1842,,,,,,,,,,,,,%%1840,fe80::3892:f524:40b8:cd4a,52961,,,,0,,,-,,,,,E3C18940-C42E-D1C4-AD7B-01BCD4222BFD,,Kerberos,3,,,,,,,,,,,,,,,,,,,,,,,,,,,,,,,,,,,,,,,,,,,,0x0,-,,,,,,,,,,-,,,,,,,,,,,,,,,,,-,0x0,,-,S-1-0-0,GARFIELD.HTB,,0x0,,0xc7002,,-,-,,,,,DC01$,S-1-5-18,,,,,-,,,,,,%%1843,,,-,
2025-08-13T11:11:34.900581Z,4634,DC01.garfield.htb,Microsoft-Windows-Security-Auditing,Security,2391,0,,,,,,,,,,,,,,,,,,,,,,,,,,,,,,,,,,,,,,,,,,,,,,,,,,,,,,,,,,,,,,,,,,,,,,,3,,,,,,,,,,,,,,,,,,,,,,,,,,,,,,,,,,,,,,,,,,,,,,,,,,,,,,,,,,,,,,,,,,,,,,,,,,,,,GARFIELD,,,,0xc7002,,,,,,,,DC01$,S-1-5-18,,,,,,,,,,,,,,,
2025-08-13T11:11:44.134107Z,4672,DC01.garfield.htb,Microsoft-Windows-Security-Auditing,Security,2392,0,,,,,,,,,,,,,,,,,,,,,,,,,,,,,,,,,,,,,,,,,,,,,,,,,,,,,,,,,,,,,,,,,,,,,,,,,,,,,,,,,,,,,,,,,,,,,,,,,,,,,,,,,,,,,,,,,"SeSecurityPrivilege
			SeBackupPrivilege
			SeRestorePrivilege
			SeTakeOwnershipPrivilege
			SeDebugPrivilege
			SeSystemEnvironmentPrivilege
			SeLoadDriverPrivilege
			SeImpersonatePrivilege
			SeDelegateSessionUserImpersonatePrivilege
			SeEnableDelegationPrivilege",,,,,,,,,,,,,,,,,,,,,,,,,,,,,,GARFIELD,0x109348,,DC01$,S-1-5-18,,,,,,,,,,,,,,,,,,,,,,,,,,,,,
2025-08-13T11:11:44.134191Z,4624,DC01.garfield.htb,Microsoft-Windows-Security-Auditing,Security,2393,0,,,,,,,,,,,,,,,,,Kerberos,,,,,,,,,,,,,,,,,,,,,,,,%%1842,,,,,,,,,,,,,%%1840,fe80::3892:f524:40b8:cd4a,52977,,,,0,,,-,,,,,E3C18940-C42E-D1C4-AD7B-01BCD4222BFD,,Kerberos,3,,,,,,,,,,,,,,,,,,,,,,,,,,,,,,,,,,,,,,,,,,,,0x0,-,,,,,,,,,,-,,,,,,,,,,,,,,,,,-,0x0,,-,S-1-0-0,GARFIELD.HTB,,0x0,,0x109348,,-,-,,,,,DC01$,S-1-5-18,,,,,-,,,,,,%%1843,,,-,
2025-08-13T11:11:54.851820Z,4634,DC01.garfield.htb,Microsoft-Windows-Security-Auditing,Security,2394,0,,,,,,,,,,,,,,,,,,,,,,,,,,,,,,,,,,,,,,,,,,,,,,,,,,,,,,,,,,,,,,,,,,,,,,,3,,,,,,,,,,,,,,,,,,,,,,,,,,,,,,,,,,,,,,,,,,,,,,,,,,,,,,,,,,,,,,,,,,,,,,,,,,,,,GARFIELD,,,,0x109348,,,,,,,,DC01$,S-1-5-18,,,,,,,,,,,,,,,
2025-08-13T11:11:57.944327Z,4727,DC01.garfield.htb,Microsoft-Windows-Security-Auditing,Security,2395,0,,,,,,,,,,,,,,,,,,,,,,,,,,,,,,,,,,,,,,,,,,,,,,,,,,,,,,,,,,,,,,,,,,,,,,,,,,,,,,,,,,,,,,,,,,,,,,,,,,,,,,,,,,,,,,,,,-,,,,,,,,,,,,,,,RODG,,,,,,,-,,,,,,,,GARFIELD,0x5ce30,,Administrator,S-1-5-21-2502726253-3859040611-225969357-500,GARFIELD,,,,,,,,,,,S-1-5-21-2502726253-3859040611-225969357-1103,RODG,,,,,,,,,,,,,,,,
2025-08-13T11:12:05.187551Z,4672,DC01.garfield.htb,Microsoft-Windows-Security-Auditing,Security,2396,0,,,,,,,,,,,,,,,,,,,,,,,,,,,,,,,,,,,,,,,,,,,,,,,,,,,,,,,,,,,,,,,,,,,,,,,,,,,,,,,,,,,,,,,,,,,,,,,,,,,,,,,,,,,,,,,,,"SeSecurityPrivilege
			SeBackupPrivilege
			SeRestorePrivilege
			SeTakeOwnershipPrivilege
			SeDebugPrivilege
			SeSystemEnvironmentPrivilege
			SeLoadDriverPrivilege
			SeImpersonatePrivilege
			SeDelegateSessionUserImpersonatePrivilege
			SeEnableDelegationPrivilege",,,,,,,,,,,,,,,,,,,,,,,,,,,,,,GARFIELD,0x10a23a,,DC01$,S-1-5-18,,,,,,,,,,,,,,,,,,,,,,,,,,,,,
2025-08-13T11:12:05.187612Z,4624,DC01.garfield.htb,Microsoft-Windows-Security-Auditing,Security,2397,0,,,,,,,,,,,,,,,,,Kerberos,,,,,,,,,,,,,,,,,,,,,,,,%%1842,,,,,,,,,,,,,%%1833,::1,52980,,,,0,,,-,,,,,7F6CD027-4188-AB14-643A-6405C1017355,,Kerberos,3,,,,,,,,,,,,,,,,,,,,,,,,,,,,,,,,,,,,,,,,,,,,0x0,-,,,,,,,,,,-,,,,,,,,,,,,,,,,,-,0x0,,-,S-1-0-0,GARFIELD.HTB,,0x0,,0x10a23a,,-,-,,,,,DC01$,S-1-5-18,,,,,-,,,,,,%%1843,,,-,
2025-08-13T11:12:05.188223Z,4634,DC01.garfield.htb,Microsoft-Windows-Security-Auditing,Security,2398,0,,,,,,,,,,,,,,,,,,,,,,,,,,,,,,,,,,,,,,,,,,,,,,,,,,,,,,,,,,,,,,,,,,,,,,,3,,,,,,,,,,,,,,,,,,,,,,,,,,,,,,,,,,,,,,,,,,,,,,,,,,,,,,,,,,,,,,,,,,,,,,,,,,,,,GARFIELD,,,,0x10a23a,,,,,,,,DC01$,S-1-5-18,,,,,,,,,,,,,,,
2025-08-13T11:12:09.149801Z,4672,DC01.garfield.htb,Microsoft-Windows-Security-Auditing,Security,2399,0,,,,,,,,,,,,,,,,,,,,,,,,,,,,,,,,,,,,,,,,,,,,,,,,,,,,,,,,,,,,,,,,,,,,,,,,,,,,,,,,,,,,,,,,,,,,,,,,,,,,,,,,,,,,,,,,,"SeSecurityPrivilege
			SeBackupPrivilege
			SeRestorePrivilege
			SeTakeOwnershipPrivilege
			SeDebugPrivilege
			SeSystemEnvironmentPrivilege
			SeLoadDriverPrivilege
			SeImpersonatePrivilege
			SeDelegateSessionUserImpersonatePrivilege
			SeEnableDelegationPrivilege",,,,,,,,,,,,,,,,,,,,,,,,,,,,,,GARFIELD,0x10ab77,,DC01$,S-1-5-18,,,,,,,,,,,,,,,,,,,,,,,,,,,,,
2025-08-13T11:12:09.150048Z,4624,DC01.garfield.htb,Microsoft-Windows-Security-Auditing,Security,2400,0,,,,,,,,,,,,,,,,,Kerberos,,,,,,,,,,,,,,,,,,,,,,,,%%1842,,,,,,,,,,,,,%%1833,fe80::3892:f524:40b8:cd4a,52982,,,,0,,,-,,,,,3C2C8FB1-A90E-9A9A-7FCE-5FB32B53E232,,Kerberos,3,,,,,,,,,,,,,,,,,,,,,,,,,,,,,,,,,,,,,,,,,,,,0x0,-,,,,,,,,,,-,,,,,,,,,,,,,,,,,-,0x0,,-,S-1-0-0,GARFIELD.HTB,,0x0,,0x10ab77,,-,-,,,,,DC01$,S-1-5-18,,,,,-,,,,,,%%1843,,,-,
2025-08-13T11:12:09.154537Z,4672,DC01.garfield.htb,Microsoft-Windows-Security-Auditing,Security,2401,0,,,,,,,,,,,,,,,,,,,,,,,,,,,,,,,,,,,,,,,,,,,,,,,,,,,,,,,,,,,,,,,,,,,,,,,,,,,,,,,,,,,,,,,,,,,,,,,,,,,,,,,,,,,,,,,,,"SeSecurityPrivilege
			SeBackupPrivilege
			SeRestorePrivilege
			SeTakeOwnershipPrivilege
			SeDebugPrivilege
			SeSystemEnvironmentPrivilege
			SeLoadDriverPrivilege
			SeImpersonatePrivilege
			SeDelegateSessionUserImpersonatePrivilege
			SeEnableDelegationPrivilege",,,,,,,,,,,,,,,,,,,,,,,,,,,,,,GARFIELD,0x10ac21,,DC01$,S-1-5-18,,,,,,,,,,,,,,,,,,,,,,,,,,,,,
2025-08-13T11:12:09.154587Z,4624,DC01.garfield.htb,Microsoft-Windows-Security-Auditing,Security,2402,0,,,,,,,,,,,,,,,,,Kerberos,,,,,,,,,,,,,,,,,,,,,,,,%%1842,,,,,,,,,,,,,%%1833,::1,52983,,,,0,,,-,,,,,7F6CD027-4188-AB14-643A-6405C1017355,,Kerberos,3,,,,,,,,,,,,,,,,,,,,,,,,,,,,,,,,,,,,,,,,,,,,0x0,-,,,,,,,,,,-,,,,,,,,,,,,,,,,,-,0x0,,-,S-1-0-0,GARFIELD.HTB,,0x0,,0x10ac21,,-,-,,,,,DC01$,S-1-5-18,,,,,-,,,,,,%%1843,,,-,
2025-08-13T11:12:09.156809Z,4672,DC01.garfield.htb,Microsoft-Windows-Security-Auditing,Security,2403,0,,,,,,,,,,,,,,,,,,,,,,,,,,,,,,,,,,,,,,,,,,,,,,,,,,,,,,,,,,,,,,,,,,,,,,,,,,,,,,,,,,,,,,,,,,,,,,,,,,,,,,,,,,,,,,,,,"SeSecurityPrivilege
			SeBackupPrivilege
			SeRestorePrivilege
			SeTakeOwnershipPrivilege
			SeDebugPrivilege
			SeSystemEnvironmentPrivilege
			SeLoadDriverPrivilege
			SeImpersonatePrivilege
			SeDelegateSessionUserImpersonatePrivilege
			SeEnableDelegationPrivilege",,,,,,,,,,,,,,,,,,,,,,,,,,,,,,GARFIELD,0x10ac66,,DC01$,S-1-5-18,,,,,,,,,,,,,,,,,,,,,,,,,,,,,
2025-08-13T11:12:09.156868Z,4624,DC01.garfield.htb,Microsoft-Windows-Security-Auditing,Security,2404,0,,,,,,,,,,,,,,,,,Kerberos,,,,,,,,,,,,,,,,,,,,,,,,%%1842,,,,,,,,,,,,,%%1833,10.10.11.221,52984,,,,0,,,-,,,,,3C2C8FB1-A90E-9A9A-7FCE-5FB32B53E232,,Kerberos,3,,,,,,,,,,,,,,,,,,,,,,,,,,,,,,,,,,,,,,,,,,,,0x0,-,,,,,,,,,,-,,,,,,,,,,,,,,,,,-,0x0,,-,S-1-0-0,GARFIELD.HTB,,0x0,,0x10ac66,,-,-,,,,,DC01$,S-1-5-18,,,,,-,,,,,,%%1843,,,-,
2025-08-13T11:12:09.157557Z,4634,DC01.garfield.htb,Microsoft-Windows-Security-Auditing,Security,2405,0,,,,,,,,,,,,,,,,,,,,,,,,,,,,,,,,,,,,,,,,,,,,,,,,,,,,,,,,,,,,,,,,,,,,,,,3,,,,,,,,,,,,,,,,,,,,,,,,,,,,,,,,,,,,,,,,,,,,,,,,,,,,,,,,,,,,,,,,,,,,,,,,,,,,,GARFIELD,,,,0x10ac66,,,,,,,,DC01$,S-1-5-18,,,,,,,,,,,,,,,
2025-08-13T11:12:09.157728Z,4634,DC01.garfield.htb,Microsoft-Windows-Security-Auditing,Security,2406,0,,,,,,,,,,,,,,,,,,,,,,,,,,,,,,,,,,,,,,,,,,,,,,,,,,,,,,,,,,,,,,,,,,,,,,,3,,,,,,,,,,,,,,,,,,,,,,,,,,,,,,,,,,,,,,,,,,,,,,,,,,,,,,,,,,,,,,,,,,,,,,,,,,,,,GARFIELD,,,,0x10ac21,,,,,,,,DC01$,S-1-5-18,,,,,,,,,,,,,,,
