2026-02-14T01:14:53.082989Z,1000,DC01.garfield.htb,Microsoft-Windows-LoadPerf,Application,2124,4,,,,,,,,,,,,,,,,,,,,,,,,,,,,,,,,,,,,,,LoadPerf,22350000C835000023350000C9350000,16,,WmiApRpl,,,,WmiApRpl,,,,,,,
2026-02-14T01:16:10.825181Z,"{'#attributes': {'Qualifiers': 0}, '#text': 102}",DC01.garfield.htb,ESENT,Application,2125,4,,,,,,DFSRs,"3236,P,98",,,,,,,,,,,\\.\C:\System Volume Information\DFSR\database_A41A_4703_1A46_D1CA\dfsr.db: ,,,,0,10,00,17763,0000,,,,,,,,,,,,,,,,,,,,,,,,,,,
2026-02-14T01:16:10.887602Z,"{'#attributes': {'Qualifiers': 0}, '#text': 105}",DC01.garfield.htb,ESENT,Application,2126,4,,,,,,DFSRs,"3236,D,0",,,,,,,,,,,\\.\C:\System Volume Information\DFSR\database_A41A_4703_1A46_D1CA\dfsr.db: ,,,,0,0,"
[1] 0.006131 +J(0) +M(C:0K, Fs:285, WS:1040K # 1068K, PF:6448K # 6464K, P:6448K)
[2] 0.000457 +J(0) +M(C:16K, Fs:95, WS:376K # 348K, PF:320K # 300K, P:320K)
[3] 0.000021 +J(0) +M(C:0K, Fs:4, WS:16K # 16K, PF:64K # 64K, P:64K)
[4] 0.000286 +J(0) +M(C:2032K, Fs:37, WS:144K # 144K, PF:2428K # 2428K, P:2428K)
[5] 0.000799 +J(0) +M(C:0K, Fs:13, WS:52K # 52K, PF:48K # 48K, P:48K)
[6] 0.001815 +J(0) +M(C:0K, Fs:11, WS:40K # 40K, PF:16K # 16K, P:16K)
[7] -
[8] -
[9] -
[10] -
[11] -
[12] -
[13] 0.043723 -0.029395 (36) WT +J(CM:0, PgRf:0, Rd:0/0, Dy:0/0, Lg:616/1) +M(C:0K, Fs:1422, WS:548K # 5648K, PF:12K # 5140K, P:12K)
[14] 0.000028 +J(0) +M(C:0K, Fs:1, WS:4K # 0K, PF:0K # 0K, P:0K)
[15] 0.000132 +J(0) +M(C:0K, Fs:65, WS:256K # 0K, PF:68K # 0K, P:68K)
[16] 0.016821 -0.000202 (3) WT +J(0) +M(C:0K, Fs:5, WS:12K # 0K, PF:0K # 0K, P:0K).",,,,,,,,,,,,,,,,,,,,,,,,,,,,,
2026-02-14T01:16:10.887602Z,"{'#attributes': {'Qualifiers': 0}, '#text': 637}",DC01.garfield.htb,ESENT,Application,2127,4,,,,,,DFSRs,"3236,D,35",,,,,,,,,,,\\.\C:\System Volume Information\DFSR\database_A41A_4703_1A46_D1CA\dfsr.db: ,,,,\\.\C:\System Volume Information\DFSR\database_A41A_4703_1A46_D1CA\dfsr.jfm,,,,,,,,,,,,,,,,,,,,,,,,,,,,,,,
2026-02-14T01:16:10.934511Z,"{'#attributes': {'Qualifiers': 0}, '#text': 325}",DC01.garfield.htb,ESENT,Application,2128,4,,,,,,DFSRs,"3236,D,35",,,,,,,,,,,\\.\C:\System Volume Information\DFSR\database_A41A_4703_1A46_D1CA\dfsr.db: ,,,,1,\\.\C:\System Volume Information\DFSR\database_A41A_4703_1A46_D1CA\dfsr.db,0,"
[1] 0.000102 +J(0) +M(C:0K, Fs:3, WS:12K # 0K, PF:8K # 0K, P:8K)
[2] 0.006437 -0.000756 (1) WT +J(CM:0, PgRf:0, Rd:0/0, Dy:0/0, Lg:3480/2) +M(C:0K, Fs:1, WS:4K # 0K, PF:0K # 0K, P:0K)
[3] 0.014437 -0.000003 (3) WT +J(0) +M(C:0K, Fs:18, WS:64K # 0K, PF:40K # 0K, P:40K)
[4] 0.000445 +J(0)
[5] 0.000275 +J(CM:0, PgRf:3, Rd:0/0, Dy:3/6, Lg:122/4) +M(C:0K, Fs:35, WS:140K # 0K, PF:148K # 0K, P:148K)
[6] 0.002881 -0.000964 (1) WT +J(CM:0, PgRf:209, Rd:0/0, Dy:12/408, Lg:24454/447) +M(C:0K, Fs:70, WS:268K # 0K, PF:220K # 0K, P:220K)
[7] 0.001598 -0.000787 (1) WT +J(CM:0, PgRf:0, Rd:0/0, Dy:0/0, Lg:4096/2) +M(C:0K, Fs:1, WS:4K # 0K, PF:0K # 0K, P:0K)
[8] 0.000004 +J(0)
[9] 0.015379 -0.013796 (3) WT +J(0) +M(C:-52K, Fs:16, WS:4K # 0K, PF:52K # 0K, P:52K)
[10] 0.005912 -0.002840 (5) WT +J(CM:0, PgRf:346, Rd:0/0, Dy:7/93, Lg:12509/128) +M(C:12K, Fs:32, WS:120K # 0K, PF:96K # 0K, P:96K)
[11] 0.000004 +J(0).",0 0,lgposCreate = 00000001:0001:0268,,,,,,,,,,,,,,,,,,,,,,,,,,
2026-02-14T01:16:46.460035Z,"{'#attributes': {'Qualifiers': 0}, '#text': 1001}",DC01.garfield.htb,Windows Error Reporting,Application,2129,4,,,,,,,0,62a21c1f,d4d,31,System.InvalidOperationException,,"
\\?\C:\ProgramData\Microsoft\Windows\WER\Temp\WERD7FC.tmp.dmp
\\?\C:\ProgramData\Microsoft\Windows\WER\Temp\WERDACB.tmp.WERInternalMetadata.xml
\\?\C:\ProgramData\Microsoft\Windows\WER\Temp\WERDAEC.tmp.xml
\\?\C:\ProgramData\Microsoft\Windows\WER\Temp\WERDAEA.tmp.csv
\\?\C:\ProgramData\Microsoft\Windows\WER\Temp\WERDB0A.tmp.txt
\\?\C:\Users\Administrator\AppData\Local\Temp\WER26B.tmp.appcompat.txt
\\?\C:\ProgramData\Microsoft\Windows\WER\ReportQueue\AppCrash_mmc.exe_ee187a62f9fe593f9921335174854153bf852_24f46984_cab_04aa0296\memory.hdmp",\\?\C:\ProgramData\Microsoft\Windows\WER\ReportQueue\AppCrash_mmc.exe_ee187a62f9fe593f9921335174854153bf852_24f46984_cab_04aa0296,,0,d42b9362-a432-4425-8e1a-88003f2f6755,CLR20r3,100,,0,Not available,0,mmc.exe,10.0.17763.7434,63158e0f,System.Windows.Forms,4.7.3970.0,,,,,,,,,,,,,,,,,,,,,,,,,
2026-02-14T01:19:09.163198Z,"{'#attributes': {'Qualifiers': 16384}, '#text': 1704}",DC01.garfield.htb,SceCli,Application,2130,4,,,,,,,,,,,,,,,,,,,,,,,,,,,,,,,,,,,,,,,,,,,,,,,,,,,,,
2026-02-14T01:20:11.460807Z,"{'#attributes': {'Qualifiers': 0}, '#text': 1001}",DC01.garfield.htb,Windows Error Reporting,Application,2131,4,,,,,,,0,,,,,,"
\\?\C:\Users\ADMINI~1\AppData\Local\Temp\RDRDBB3.tmp\empty.txt
\\?\C:\ProgramData\Microsoft\Windows\WER\Temp\WERDBC3.tmp.WERInternalMetadata.xml
\\?\C:\ProgramData\Microsoft\Windows\WER\Temp\WERDBE4.tmp.xml
\\?\C:\ProgramData\Microsoft\Windows\WER\Temp\WERDC01.tmp.csv
\\?\C:\ProgramData\Microsoft\Windows\WER\Temp\WERDC12.tmp.txt",,,0,0352ce43-36d1-4cd5-97fb-7fe44749c32b,RADAR_PRE_LEAK_64,536871008,,0,Not available,0,dns.exe,10.0.17763.7434,10.0.17763.2.0.0,,,,,,,,,,,,,,,,,,,,,,,,,,,
2026-02-14T01:20:38.044905Z,"{'#attributes': {'Qualifiers': 0}, '#text': 102}",DC01.garfield.htb,ESENT,Application,2132,4,,,,,,svchost,"4536,P,98",,,,,,,,,,,DS_Token_DB: ,,,,0,10,00,17763,0000,,,,,,,,,,,,,,,,,,,,,,,,,,,
2026-02-14T01:20:38.087182Z,"{'#attributes': {'Qualifiers': 0}, '#text': 300}",DC01.garfield.htb,ESENT,Application,2133,4,,,,,,svchost,"4536,R,98",,,,,,,,,,,DS_Token_DB: ,,,,,,,,,,,,,,,,,,,,,,,,,,,,,,,,,,,
2026-02-14T01:20:38.149681Z,"{'#attributes': {'Qualifiers': 0}, '#text': 301}",DC01.garfield.htb,ESENT,Application,2134,4,,,,,,svchost,"4536,R,98",,,,,,,,,,,DS_Token_DB: ,,,,C:\Windows\system32\config\systemprofile\AppData\Local\DataSharing\Storage\DSS.log,"
[1] 0.041170 -0.014111 (9) WT +J(CM:0, PgRf:0, Rd:0/0, Dy:0/0, Lg:44616/28) +M(C:0K, Fs:100, WS:196K # 140K, PF:144K # 80K, P:144K).",AttachDB ,3,,,,,,,,,,,,,,,,,,,,,,,,,,,,
2026-02-14T01:20:38.274679Z,"{'#attributes': {'Qualifiers': 0}, '#text': 302}",DC01.garfield.htb,ESENT,Application,2135,4,,,,,,svchost,"4536,U,98",,,,,,,,,,,DS_Token_DB: ,,,,,,,,,,,,,,,,,,,,,,,,,,,,,,,,,,,
2026-02-14T01:20:38.321561Z,"{'#attributes': {'Qualifiers': 0}, '#text': 105}",DC01.garfield.htb,ESENT,Application,2136,4,,,,,,svchost,"4536,D,0",,,,,,,,,,,DS_Token_DB: ,,,,0,0,"
[1] 0.001051 +J(0) +M(C:0K, Fs:144, WS:564K # 564K, PF:2452K # 2452K, P:2452K)
[2] 0.000481 +J(0) +M(C:8K, Fs:153, WS:604K # 604K, PF:1188K # 1188K, P:1188K)
[3] 0.000025 +J(0) +M(C:0K, Fs:13, WS:48K # 48K, PF:68K # 68K, P:68K)
[4] 0.000124 +J(0) +M(C:0K, Fs:25, WS:100K # 100K, PF:156K # 156K, P:156K)
[5] 0.001288 +J(0) +M(C:0K, Fs:7, WS:28K # 28K, PF:20K # 20K, P:20K)
[6] 0.030926 +J(0) +M(C:0K, Fs:45, WS:176K # 176K, PF:28K # 28K, P:28K)
[7] 0.012113 -0.010220 (2) WT +J(0) +M(C:0K, Fs:33, WS:132K # 132K, PF:64K # 64K, P:64K)
[8] 0.065805 -0.033302 (13) WT +J(CM:0, PgRf:0, Rd:0/0, Dy:0/0, Lg:44616/28) +M(C:0K, Fs:152, WS:328K # 332K, PF:232K # 236K, P:232K)
[9] 0.000599 +J(0) +M(C:0K, Fs:4, WS:16K # 12K, PF:0K # 0K, P:0K)
[10] 0.001958 -0.001617 (1) WT +J(0) +M(C:0K, Fs:0, WS:-60K # 0K, PF:-60K # 0K, P:-60K)
[11] 0.000042 +J(CM:0, PgRf:0, Rd:0/0, Dy:0/0, Lg:49/1) +M(C:0K, Fs:2, WS:8K # 0K, PF:0K # 0K, P:0K)
[12] 0.002543 -0.001937 (1) WT +J(0) +M(C:0K, Fs:17, WS:64K # 12K, PF:60K # 0K, P:60K)
[13] 0.126894 -0.001080 (2) CM -0.060444 (23) WT +J(CM:2, PgRf:2, Rd:0/2, Dy:0/0, Lg:8759/5) +M(C:0K, Fs:63, WS:132K # 196K, PF:160K # 224K, P:160K)
[14] 0.000020 +J(0)
[15] 0.000021 +J(0)
[16] 0.038772 -0.038539 (1) WT +J(0) +M(C:0K, Fs:2, WS:0K # 0K, PF:0K # 0K, P:0K).","lgposV2[] = 00000003:0009:0000 - 00000003:000B:002B - 00000003:000C:0000 - 00000003:000C:0000 (00000000:0000:0000)
cReInits = 3
",,,,,,,,,,,,,,,,,,,,,,,,,,,,
2026-02-14T01:20:38.384059Z,"{'#attributes': {'Qualifiers': 0}, '#text': 326}",DC01.garfield.htb,ESENT,Application,2137,4,,,,,,svchost,"4536,D,50",,,,,,,,,,,DS_Token_DB: ,,,,1,C:\Windows\system32\config\systemprofile\AppData\Local\DataSharing\Storage\DSTokenDB2.dat,0,"
[1] 0.000004 +J(0)
[2] 0.000852 -0.000576 (1) WT +J(0) +M(C:0K, Fs:17, WS:4K # 4K, PF:4K # 0K, P:4K)
[3] 0.047582 -0.019852 (9) WT +J(CM:0, PgRf:0, Rd:0/0, Dy:0/0, Lg:255/1) +M(C:0K, Fs:34, WS:120K # 64K, PF:40K # 0K, P:40K)
[4] 0.000194 +J(0)
[5] -
[6] -
[7] -
[8] 0.001565 -0.001294 (2) CM -0.001078 (2) WT +J(CM:2, PgRf:2, Rd:4/2, Dy:0/0, Lg:0/0) +M(C:8K, Fs:3, WS:12K # 4K, PF:8K # 0K, P:8K)
[9] 0.001044 -0.000730 (3) CM -0.000566 (3) WT +J(CM:3, PgRf:23, Rd:0/3, Dy:0/0, Lg:0/0) +M(C:0K, Fs:22, WS:80K # 80K, PF:196K # 188K, P:196K)
[10] 0.000569 -0.000476 (3) CM -0.000368 (3) WT +J(CM:3, PgRf:40, Rd:0/3, Dy:0/0, Lg:0/0) +M(C:0K, Fs:2, WS:4K # 4K, PF:68K # 60K, P:68K)
[11] 0.000375 -0.000355 (1) CM -0.000317 (1) WT +J(CM:1, PgRf:1, Rd:0/1, Dy:0/0, Lg:0/0) +M(C:0K, Fs:1, WS:4K # 4K, PF:0K # 0K, P:0K)
[12] 0.000208 -0.000152 (1) CM -0.000117 (1) WT +J(CM:1, PgRf:42, Rd:0/1, Dy:0/0, Lg:0/0) +M(C:0K, Fs:5, WS:20K # 20K, PF:0K # 0K, P:0K)
[13] 0.000001 +J(0)
[14] 0.0 +J(0)
[15] 0.000186 -0.000172 (1) CM -0.000129 (1) WT +J(CM:1, PgRf:1, Rd:0/1, Dy:0/0, Lg:0/0).",1 0,lgposAttach = 00000003:000E:0268,,,,,,,,,,,,,,,,,,,,,,,,,,
2026-02-14T01:22:04.250074Z,"{'#attributes': {'Qualifiers': 32768}, '#text': 6000}",DC01.garfield.htb,Microsoft-Windows-Winlogon,Application,2138,4,,,D9060000,,WSearch,,,,,,,,,,,,,,,,,,,,,,,,,,,,,,,,,,,,,,,,,,,,,,,,
2026-02-14T01:22:26.987739Z,"{'#attributes': {'Qualifiers': 0}, '#text': 260}",DC01.garfield.htb,VMUpgradeHelper,Application,2139,4,,,,,,,,,,,,,,,,,,,,,,,,,,,,,,,,,,,,,,,,,,,,,,,,,,,,,
2026-02-14T01:22:26.987739Z,"{'#attributes': {'Qualifiers': 0}, '#text': 272}",DC01.garfield.htb,VMUpgradeHelper,Application,2140,4,,,,,,,,,,,,,,,,,,,,,,,,,,,,,,,,,,,,,,,,,,,,,,,,,,,,,
2026-02-14T01:22:27.003334Z,"{'#attributes': {'Qualifiers': 0}, '#text': 108}",DC01.garfield.htb,VMTools,Application,2141,4,,,,,,,,,,,,,,,,,,,,,,,,,,,,,,,,,,,,,,,,,,,,,,,,,,,,,
2026-02-14T01:22:27.360127Z,1532,DC01.garfield.htb,Microsoft-Windows-User Profiles Service,Application,2142,4,,,,,,,,,,,,,,,,,,,,,,,,,,,,,,,,,,,,,,,,,,,,,,,,,,,,,
2026-02-14T01:29:55.656213Z,"{'#attributes': {'Qualifiers': 16384}, '#text': 4625}",DC01,Microsoft-Windows-EventSystem,Application,2143,4,,,,,,,,,,,,,,,,,,,,,,,,,,,,,,,,,,,,,,,,,,86400,,,,SuppressDuplicateDuration,Software\Microsoft\EventSystem\EventLog,,,,,,
2026-02-14T01:29:55.728200Z,1531,DC01.garfield.htb,Microsoft-Windows-User Profiles Service,Application,2144,4,,,,,,,,,,,,,,,,,,,,,,,,,,,,,,,,,,,,,,,,,,,,,,,,,,,,,
2026-02-14T01:29:56.514041Z,5615,DC01.garfield.htb,Microsoft-Windows-WMI,Application,2145,4,,,,,,,,,,,,,,,,,,,,,,,,,,,,,,,,,,,,,,,,,,,,,,,,,,,,,
2026-02-14T01:29:57.407965Z,5617,DC01.garfield.htb,Microsoft-Windows-WMI,Application,2146,4,,,,,,,,,,,,,,,,,,,,,,,,,,,,,,,,,,,,,,,,,,,,,,,,,,,,,
2026-02-14T01:30:17.577318Z,"{'#attributes': {'Qualifiers': 0}, '#text': 105}",DC01.garfield.htb,VMTools,Application,2147,4,,,,,,,,,,,,,,,,,,,,,,,,,,,,,,,,,,,,,,,,,,,,,,,,,,,,,
2026-02-14T01:30:17.655440Z,"{'#attributes': {'Qualifiers': 16384}, '#text': 900}",DC01.garfield.htb,Microsoft-Windows-Security-SPP,Application,2148,4,,,,,TriggerStarted:6,,,,,,,,,,,,,,,,,,,,,,,,,,,,,,,,,,,,,,,,,,,,,,,,
2026-02-14T01:30:18.124186Z,"{'#attributes': {'Qualifiers': 16384}, '#text': 9027}",DC01.garfield.htb,Desktop Window Manager,Application,2149,4,,,,,,,,,,,,,,,,,,,,,,,,,,,,,,,,,,,,,,,,,,,,,,,,,,,,,
2026-02-14T01:30:18.155438Z,"{'#attributes': {'Qualifiers': 49152}, '#text': 16394}",DC01.garfield.htb,Microsoft-Windows-Security-SPP,Application,2150,4,,,,,,,,,,,,,,,,,,,,,,,,,,,,,,,,,,,,,,,,,,,,,,,,,,,,,
2026-02-14T01:30:18.421062Z,"{'#attributes': {'Qualifiers': 16384}, '#text': 1066}",DC01.garfield.htb,Microsoft-Windows-Security-SPP,Application,2151,4,,,,,"C:\Windows\system32\sppwinob.dll, msft:spp/windowsfunctionality/agent/7.0, 0x00000000, 0x00000000
C:\Windows\system32\sppobjs.dll, msft:rm/algorithm/inherited/1.0, 0x00000000, 0x00000000
C:\Windows\system32\sppobjs.dll, msft:rm/algorithm/phone/1.0, 0x00000000, 0x00000000
C:\Windows\system32\sppobjs.dll, msft:rm/algorithm/pkey/detect, 0x00000000, 0x00000000
C:\Windows\system32\sppobjs.dll, msft:spp/ActionScheduler/1.0, 0x00000000, 0x00000000
C:\Windows\system32\sppobjs.dll, msft:spp/TaskScheduler/1.0, 0x00000000, 0x00000000
C:\Windows\system32\sppobjs.dll, msft:spp/statecollector/pkey, 0x00000000, 0x00000000
C:\Windows\system32\sppobjs.dll, msft:spp/volume/services/kms/1.0, 0x00000000, 0x00000000
C:\Windows\system32\sppobjs.dll, msft:spp/volume/services/kms/activationinfo/1.0, 0x00000000, 0x00000000
",,,,,,,,,,,,,,,,,,,,,,,,,,,,,,,,,,,,,,,,,,,,,,,,
2026-02-14T01:30:18.686690Z,"{'#attributes': {'Qualifiers': 16384}, '#text': 1003}",DC01.garfield.htb,Microsoft-Windows-Security-SPP,Application,2152,4,,,,,,55c92734-d682-4d71-983e-d6ec3f16059f,"
1: 7783a126-c108-4cf7-b59f-13c78c7a7337, 1, 1 [(0 [0xC004E003, 0, 0], [( 9 0xC004FC07 180 0)( 1 0x00000000)(?)( 2 0x00000000 0 0 msft:rm/algorithm/hwid/4.0 0x00000000 0)(?)( 9 0xC004FC07 180 0)( 10 0x00000000 msft:rm/algorithm/flags/1.0)(?)])(1 )(2 )(3 [0x00000000, 0, 0], [( 6 0xC004F009 10 0)( 1 0x00000000)( 6 0xC004F009 10 0)(?)(?)(?)( 10 0x00000000 msft:rm/algorithm/flags/1.0)( 11 0x00000000 0xC004FC07)])]

",,,,,,,,,,,,,,,,,,,,,,,,,,,,,,,,,,,,,,,,,,,,,,
2026-02-14T01:30:18.717931Z,"{'#attributes': {'Qualifiers': 16384}, '#text': 902}",DC01.garfield.htb,Microsoft-Windows-Security-SPP,Application,2153,0,,,,,10.0.17763.8146,,,,,,,,,,,,,,,,,,,,,,,,,,,,,,,,,,,,,,,,,,,,,,,,
2026-02-14T01:30:18.827307Z,"{'#attributes': {'Qualifiers': 0}, '#text': 100}",DC01.garfield.htb,WLMS,Application,2154,4,,,,,,,,,,,,,,,,,,,,,,,,,,,,,,,,,,,,,,,,,,,,,,,,,,,,,
2026-02-14T01:30:18.858557Z,"{'#attributes': {'Qualifiers': 16384}, '#text': 781}",DC01.garfield.htb,Microsoft-Windows-Complus,Application,2155,4,,,,,,,,,,,,,,,,,,,,,,,,,,,,,,,,,,,,,,,,,,86400,,,,SuppressDuplicateDuration,Software\Microsoft\COM3\Eventlog,,,,,,
2026-02-14T01:30:18.999185Z,"{'#attributes': {'Qualifiers': 0}, '#text': 258}",DC01.garfield.htb,VMUpgradeHelper,Application,2156,4,,,,,,,,,,,,,,,,,,,,,,,,,,,,,,,,,,,,,,,,,,,,,,,,,,,,,
2026-02-14T01:30:19.124188Z,"{'#attributes': {'Qualifiers': 0}, '#text': 271}",DC01.garfield.htb,VMUpgradeHelper,Application,2157,4,,,,,,,,,,,,,,,,,,,,,,,,,,,,,,,,,,,,,,,,,,,,,,,,,,,,,
2026-02-14T01:30:19.311682Z,"{'#attributes': {'Qualifiers': 16384}, '#text': 4202}",DC01.garfield.htb,Microsoft-Windows-MSDTC 2,Application,2158,4,,,,,,,,,,,,,,,,,,,,,,,,,,,,,,,,,,,,,,,,,,0,0,0,1,0,0,0,0,0,1,Mutual Authentication Required,NT AUTHORITY\NetworkService
2026-02-14T01:31:02.483569Z,"{'#attributes': {'Qualifiers': 16384}, '#text': 1003}",DC01.garfield.htb,Microsoft-Windows-Security-SPP,Application,2159,4,,,,,,55c92734-d682-4d71-983e-d6ec3f16059f,"
1: 7783a126-c108-4cf7-b59f-13c78c7a7337, 1, 1 [(0 [0xC004E003, 0, 0], [( 9 0xC004FC07 180 0)( 1 0x00000000)(?)( 2 0x00000000 0 0 msft:rm/algorithm/hwid/4.0 0x00000000 0)(?)( 9 0xC004FC07 180 0)( 10 0x00000000 msft:rm/algorithm/flags/1.0)(?)])(1 )(2 )(3 [0x00000000, 0, 0], [( 6 0xC004F009 10 0)( 1 0x00000000)( 6 0xC004F009 10 0)(?)(?)(?)( 10 0x00000000 msft:rm/algorithm/flags/1.0)( 11 0x00000000 0xC004FC07)])]

",,,,,,,,,,,,,,,,,,,,,,,,,,,,,,,,,,,,,,,,,,,,,,
2026-02-14T01:31:02.592947Z,"{'#attributes': {'Qualifiers': 49152}, '#text': 8197}",DC01.garfield.htb,Microsoft-Windows-Security-SPP,Application,2160,4,,,,,RuleId=8244d55f-dcd7-4010-8151-2a5af187b1ed;Action=NotifyUser;AppId=55c92734-d682-4d71-983e-d6ec3f16059f;SkuId=7783a126-c108-4cf7-b59f-13c78c7a7337;NotificationInterval=240;Trigger=UserLogon;SessionId=1,,,,,,,,,,,,,,,,,,,,,,,,,,,,,,,,,,,,,,,,,,,,,,,,
2026-02-14T01:33:06.804306Z,"{'#attributes': {'Qualifiers': 0}, '#text': 1001}",DC01.garfield.htb,Windows Error Reporting,Application,2161,4,,,,,,,0,62a21c1f,d4d,31,System.InvalidOperationException,,"
\\?\C:\ProgramData\Microsoft\Windows\WER\Temp\WERD7FC.tmp.dmp
\\?\C:\ProgramData\Microsoft\Windows\WER\Temp\WERDACB.tmp.WERInternalMetadata.xml
\\?\C:\ProgramData\Microsoft\Windows\WER\Temp\WERDAEC.tmp.xml
\\?\C:\ProgramData\Microsoft\Windows\WER\Temp\WERDAEA.tmp.csv
\\?\C:\ProgramData\Microsoft\Windows\WER\Temp\WERDB0A.tmp.txt
\\?\C:\Users\Administrator\AppData\Local\Temp\WER26B.tmp.appcompat.txt
\\?\C:\ProgramData\Microsoft\Windows\WER\ReportQueue\AppCrash_mmc.exe_ee187a62f9fe593f9921335174854153bf852_24f46984_cab_04aa0296\memory.hdmp",\\?\C:\ProgramData\Microsoft\Windows\WER\ReportQueue\AppCrash_mmc.exe_ee187a62f9fe593f9921335174854153bf852_24f46984_cab_04aa0296,,0,d42b9362-a432-4425-8e1a-88003f2f6755,CLR20r3,100,,0,Not available,0,mmc.exe,10.0.17763.7434,63158e0f,System.Windows.Forms,4.7.3970.0,,,,,,,,,,,,,,,,,,,,,,,,,
2026-02-14T01:33:11.163634Z,"{'#attributes': {'Qualifiers': 32768}, '#text': 6000}",DC01.garfield.htb,Microsoft-Windows-Winlogon,Application,2162,4,,,D9060000,,WSearch,,,,,,,,,,,,,,,,,,,,,,,,,,,,,,,,,,,,,,,,,,,,,,,,
2026-02-14T01:33:17.610710Z,"{'#attributes': {'Qualifiers': 0}, '#text': 260}",DC01.garfield.htb,VMUpgradeHelper,Application,2163,4,,,,,,,,,,,,,,,,,,,,,,,,,,,,,,,,,,,,,,,,,,,,,,,,,,,,,
2026-02-14T01:33:17.610710Z,"{'#attributes': {'Qualifiers': 0}, '#text': 272}",DC01.garfield.htb,VMUpgradeHelper,Application,2164,4,,,,,,,,,,,,,,,,,,,,,,,,,,,,,,,,,,,,,,,,,,,,,,,,,,,,,
2026-02-14T01:33:17.610710Z,"{'#attributes': {'Qualifiers': 0}, '#text': 108}",DC01.garfield.htb,VMTools,Application,2165,4,,,,,,,,,,,,,,,,,,,,,,,,,,,,,,,,,,,,,,,,,,,,,,,,,,,,,
2026-02-14T01:33:20.878173Z,"{'#attributes': {'Qualifiers': 0}, '#text': 8224}",DC01.garfield.htb,VSS,Application,2166,4,,,2D20436F64653A2020434F525356434330303030303737332D2043616C6C3A2020434F525356434330303030303735352D205049443A202030303030343737322D205449443A202030303030343738382D20434D443A2020433A5C57696E646F77735C73797374656D33325C76737376632E6578652020202D20557365723A204E616D653A204E5420415554484F524954595C53595354454D2C205349443A532D312D352D313820,,,,,,,,,,,,,,,,,,,,,,,,,,,,,,,,,,,,,,,,,,,,,,,,,,
2026-02-14T01:33:33.865111Z,1532,DC01.garfield.htb,Microsoft-Windows-User Profiles Service,Application,2167,4,,,,,,,,,,,,,,,,,,,,,,,,,,,,,,,,,,,,,,,,,,,,,,,,,,,,,
2026-03-10T08:51:26.790921Z,"{'#attributes': {'Qualifiers': 16384}, '#text': 4625}",DC01,Microsoft-Windows-EventSystem,Application,2168,4,,,,,,,,,,,,,,,,,,,,,,,,,,,,,,,,,,,,,,,,,,86400,,,,SuppressDuplicateDuration,Software\Microsoft\EventSystem\EventLog,,,,,,
2026-03-10T08:51:26.837142Z,1531,DC01.garfield.htb,Microsoft-Windows-User Profiles Service,Application,2169,4,,,,,,,,,,,,,,,,,,,,,,,,,,,,,,,,,,,,,,,,,,,,,,,,,,,,,
2026-03-10T08:51:28.684627Z,5615,DC01.garfield.htb,Microsoft-Windows-WMI,Application,2170,4,,,,,,,,,,,,,,,,,,,,,,,,,,,,,,,,,,,,,,,,,,,,,,,,,,,,,
2026-03-10T08:51:29.799659Z,5617,DC01.garfield.htb,Microsoft-Windows-WMI,Application,2171,4,,,,,,,,,,,,,,,,,,,,,,,,,,,,,,,,,,,,,,,,,,,,,,,,,,,,,
2026-03-10T08:51:42.730235Z,"{'#attributes': {'Qualifiers': 0}, '#text': 105}",DC01.garfield.htb,VMTools,Application,2172,4,,,,,,,,,,,,,,,,,,,,,,,,,,,,,,,,,,,,,,,,,,,,,,,,,,,,,
2026-03-10T08:51:42.792743Z,"{'#attributes': {'Qualifiers': 16384}, '#text': 900}",DC01.garfield.htb,Microsoft-Windows-Security-SPP,Application,2173,4,,,,,TriggerStarted:6,,,,,,,,,,,,,,,,,,,,,,,,,,,,,,,,,,,,,,,,,,,,,,,,
2026-03-10T08:51:43.214623Z,"{'#attributes': {'Qualifiers': 16384}, '#text': 9027}",DC01.garfield.htb,Desktop Window Manager,Application,2174,4,,,,,,,,,,,,,,,,,,,,,,,,,,,,,,,,,,,,,,,,,,,,,,,,,,,,,
2026-03-10T08:51:43.558369Z,"{'#attributes': {'Qualifiers': 16384}, '#text': 781}",DC01.garfield.htb,Microsoft-Windows-Complus,Application,2175,4,,,,,,,,,,,,,,,,,,,,,,,,,,,,,,,,,,,,,,,,,,86400,,,,SuppressDuplicateDuration,Software\Microsoft\COM3\Eventlog,,,,,,
2026-03-10T08:51:43.620865Z,"{'#attributes': {'Qualifiers': 0}, '#text': 258}",DC01.garfield.htb,VMUpgradeHelper,Application,2176,4,,,,,,,,,,,,,,,,,,,,,,,,,,,,,,,,,,,,,,,,,,,,,,,,,,,,,
2026-03-10T08:51:43.964613Z,"{'#attributes': {'Qualifiers': 0}, '#text': 271}",DC01.garfield.htb,VMUpgradeHelper,Application,2177,4,,,,,,,,,,,,,,,,,,,,,,,,,,,,,,,,,,,,,,,,,,,,,,,,,,,,,
2026-03-10T08:51:44.027110Z,"{'#attributes': {'Qualifiers': 16384}, '#text': 4202}",DC01.garfield.htb,Microsoft-Windows-MSDTC 2,Application,2178,4,,,,,,,,,,,,,,,,,,,,,,,,,,,,,,,,,,,,,,,,,,0,0,0,1,0,0,0,0,0,1,Mutual Authentication Required,NT AUTHORITY\NetworkService
2026-03-10T08:51:45.049796Z,"{'#attributes': {'Qualifiers': 49152}, '#text': 16394}",DC01.garfield.htb,Microsoft-Windows-Security-SPP,Application,2179,4,,,,,,,,,,,,,,,,,,,,,,,,,,,,,,,,,,,,,,,,,,,,,,,,,,,,,
2026-03-10T08:51:45.638368Z,"{'#attributes': {'Qualifiers': 16384}, '#text': 1066}",DC01.garfield.htb,Microsoft-Windows-Security-SPP,Application,2180,4,,,,,"C:\Windows\system32\sppwinob.dll, msft:spp/windowsfunctionality/agent/7.0, 0x00000000, 0x00000000
C:\Windows\system32\sppobjs.dll, msft:rm/algorithm/inherited/1.0, 0x00000000, 0x00000000
C:\Windows\system32\sppobjs.dll, msft:rm/algorithm/phone/1.0, 0x00000000, 0x00000000
C:\Windows\system32\sppobjs.dll, msft:rm/algorithm/pkey/detect, 0x00000000, 0x00000000
C:\Windows\system32\sppobjs.dll, msft:spp/ActionScheduler/1.0, 0x00000000, 0x00000000
C:\Windows\system32\sppobjs.dll, msft:spp/TaskScheduler/1.0, 0x00000000, 0x00000000
C:\Windows\system32\sppobjs.dll, msft:spp/statecollector/pkey, 0x00000000, 0x00000000
C:\Windows\system32\sppobjs.dll, msft:spp/volume/services/kms/1.0, 0x00000000, 0x00000000
C:\Windows\system32\sppobjs.dll, msft:spp/volume/services/kms/activationinfo/1.0, 0x00000000, 0x00000000
",,,,,,,,,,,,,,,,,,,,,,,,,,,,,,,,,,,,,,,,,,,,,,,,
2026-03-10T08:51:45.792750Z,"{'#attributes': {'Qualifiers': 16384}, '#text': 1040}",DC01.garfield.htb,Microsoft-Windows-Security-SPP,Application,2181,4,,,5A0000000A002C0000000000030001000100010000000000010001000100E861B0C90C5CE6B7DFE0DE24FC1467B0B332A29A0D0001000101000201000301000401000500000601000700000801000901000A01000B00000C01002A0000000000030001000100010000000000000001000100E861B0C90C5CE6B7DFE0DE24FC1467B0A29A,,,55c92734-d682-4d71-983e-d6ec3f16059f,7783a126-c108-4cf7-b59f-13c78c7a7337,,,,,,,,,,,,,,,,,,,,,,,,,,,,,,,,,,,,,,,,,,,,,,
2026-03-10T08:51:46.480253Z,"{'#attributes': {'Qualifiers': 16384}, '#text': 1003}",DC01.garfield.htb,Microsoft-Windows-Security-SPP,Application,2182,4,,,,,,55c92734-d682-4d71-983e-d6ec3f16059f,"
1: 7783a126-c108-4cf7-b59f-13c78c7a7337, 1, 1 [(0 [0xC004E003, 0, 0], [( 9 0xC004FC07 180 0)( 1 0x00000000)(?)( 2 0x00000000 0 0 msft:rm/algorithm/hwid/4.0 0x00000000 0)(?)( 9 0xC004FC07 180 0)( 10 0x00000000 msft:rm/algorithm/flags/1.0)(?)])(1 )(2 )(3 [0x00000000, 0, 0], [( 6 0xC004F009 10 0)( 1 0x00000000)( 6 0xC004F009 10 0)(?)(?)(?)( 10 0x00000000 msft:rm/algorithm/flags/1.0)( 11 0x00000000 0xC004FC07)])]

",,,,,,,,,,,,,,,,,,,,,,,,,,,,,,,,,,,,,,,,,,,,,,
2026-03-10T08:51:47.277126Z,"{'#attributes': {'Qualifiers': 16384}, '#text': 902}",DC01.garfield.htb,Microsoft-Windows-Security-SPP,Application,2183,0,,,,,10.0.17763.8146,,,,,,,,,,,,,,,,,,,,,,,,,,,,,,,,,,,,,,,,,,,,,,,,
2026-03-10T08:51:48.449003Z,"{'#attributes': {'Qualifiers': 0}, '#text': 100}",DC01.garfield.htb,WLMS,Application,2184,4,,,,,,,,,,,,,,,,,,,,,,,,,,,,,,,,,,,,,,,,,,,,,,,,,,,,,
2026-03-10T08:52:00.652129Z,"{'#attributes': {'Qualifiers': 0}, '#text': 1000}",DC01.garfield.htb,VGAuth,Application,2185,0,,,,,vmtoolsd: Username and password mismatch for 'Administrator',,,,,,,,,,,,,,,,,,,,,,,,,,,,,,,,,,,,,,,,,,,,,,,,
2026-03-10T08:52:05.981814Z,"{'#attributes': {'Qualifiers': 0}, '#text': 1000}",DC01.garfield.htb,VGAuth,Application,2186,0,,,,,vmtoolsd: Username and password successfully validated for 'Administrator',,,,,,,,,,,,,,,,,,,,,,,,,,,,,,,,,,,,,,,,,,,,,,,,
2026-03-10T08:52:05.815739Z,1023,DC01.garfield.htb,Microsoft-Windows-Perflib,Application,2187,2,,,,,,,,,,,,,,,,,,,,,,,,,,,,,,C:\Windows\system32\ntdsperf.dll,,,,,,,126,,,,,,,,,,,,,,,,
2026-03-10T08:52:12.136491Z,"{'#attributes': {'Qualifiers': 0}, '#text': 102}",DC01.garfield.htb,ESENT,Application,2188,4,,,,,,DFSRs,"648,P,98",,,,,,,,,,,\\.\C:\System Volume Information\DFSR\database_A41A_4703_1A46_D1CA\dfsr.db: ,,,,0,10,00,17763,0000,,,,,,,,,,,,,,,,,,,,,,,,,,,
2026-03-10T08:52:12.417742Z,"{'#attributes': {'Qualifiers': 0}, '#text': 105}",DC01.garfield.htb,ESENT,Application,2189,4,,,,,,DFSRs,"648,D,0",,,,,,,,,,,\\.\C:\System Volume Information\DFSR\database_A41A_4703_1A46_D1CA\dfsr.db: ,,,,0,0,"
[1] 0.012640 +J(0) +M(C:0K, Fs:266, WS:968K # 1032K, PF:6288K # 6392K, P:6288K)
[2] 0.000310 +J(0) +M(C:16K, Fs:93, WS:364K # 300K, PF:308K # 196K, P:308K)
[3] 0.000021 +J(0) +M(C:0K, Fs:4, WS:16K # 16K, PF:64K # 64K, P:64K)
[4] 0.000165 +J(0) +M(C:2032K, Fs:37, WS:140K # 140K, PF:2432K # 2432K, P:2432K)
[5] 0.000664 +J(0) +M(C:0K, Fs:9, WS:36K # 36K, PF:24K # 24K, P:24K)
[6] 0.000904 +J(0) +M(C:0K, Fs:11, WS:40K # 40K, PF:16K # 16K, P:16K)
[7] -
[8] -
[9] -
[10] -
[11] -
[12] -
[13] 0.249082 -0.227071 (36) WT +J(CM:0, PgRf:0, Rd:0/0, Dy:0/0, Lg:616/1) +M(C:0K, Fs:1421, WS:560K # 5660K, PF:32K # 5156K, P:32K)
[14] 0.000030 +J(0) +M(C:0K, Fs:1, WS:4K # 0K, PF:0K # 0K, P:0K)
[15] 0.000215 +J(0) +M(C:0K, Fs:64, WS:256K # 0K, PF:64K # 0K, P:64K)
[16] 0.023873 -0.003653 (3) WT +J(0) +M(C:0K, Fs:5, WS:12K # 0K, PF:0K # 0K, P:0K).",,,,,,,,,,,,,,,,,,,,,,,,,,,,,
2026-03-10T08:52:12.433547Z,"{'#attributes': {'Qualifiers': 0}, '#text': 637}",DC01.garfield.htb,ESENT,Application,2190,4,,,,,,DFSRs,"648,D,35",,,,,,,,,,,\\.\C:\System Volume Information\DFSR\database_A41A_4703_1A46_D1CA\dfsr.db: ,,,,\\.\C:\System Volume Information\DFSR\database_A41A_4703_1A46_D1CA\dfsr.jfm,,,,,,,,,,,,,,,,,,,,,,,,,,,,,,,
2026-03-10T08:52:12.636494Z,"{'#attributes': {'Qualifiers': 0}, '#text': 325}",DC01.garfield.htb,ESENT,Application,2191,4,,,,,,DFSRs,"648,D,35",,,,,,,,,,,\\.\C:\System Volume Information\DFSR\database_A41A_4703_1A46_D1CA\dfsr.db: ,,,,1,\\.\C:\System Volume Information\DFSR\database_A41A_4703_1A46_D1CA\dfsr.db,0,"
[1] 0.000104 +J(0) +M(C:0K, Fs:3, WS:12K # 0K, PF:8K # 0K, P:8K)
[2] 0.005209 -0.002665 (1) WT +J(CM:0, PgRf:0, Rd:0/0, Dy:0/0, Lg:3480/2) +M(C:0K, Fs:1, WS:4K # 0K, PF:0K # 0K, P:0K)
[3] 0.068151 -0.000008 (3) WT +J(0) +M(C:0K, Fs:18, WS:64K # 0K, PF:40K # 0K, P:40K)
[4] 0.000502 +J(0)
[5] 0.000210 +J(CM:0, PgRf:3, Rd:0/0, Dy:3/6, Lg:122/4) +M(C:0K, Fs:35, WS:140K # 0K, PF:148K # 0K, P:148K)
[6] 0.005681 -0.001330 (1) WT +J(CM:0, PgRf:209, Rd:0/0, Dy:12/408, Lg:24454/447) +M(C:0K, Fs:63, WS:252K # 0K, PF:220K # 0K, P:220K)
[7] 0.008021 -0.007461 (1) WT +J(CM:0, PgRf:0, Rd:0/0, Dy:0/0, Lg:4096/2) +M(C:0K, Fs:5, WS:20K # 0K, PF:8K # 0K, P:8K)
[8] 0.000003 +J(0)
[9] 0.016120 -0.012177 (3) WT +J(0) +M(C:-52K, Fs:20, WS:8K # 0K, PF:64K # 0K, P:64K)
[10] 0.106937 -0.102088 (5) WT +J(CM:0, PgRf:346, Rd:0/0, Dy:7/93, Lg:12509/128) +M(C:12K, Fs:31, WS:116K # 0K, PF:96K # 0K, P:96K)
[11] 0.000003 +J(0).",0 0,lgposCreate = 00000001:0001:0268,,,,,,,,,,,,,,,,,,,,,,,,,,
2026-03-10T08:52:17.636496Z,"{'#attributes': {'Qualifiers': 0}, '#text': 1000}",DC01.garfield.htb,VGAuth,Application,2192,0,,,,,vmtoolsd: Username and password successfully validated for 'Administrator',,,,,,,,,,,,,,,,,,,,,,,,,,,,,,,,,,,,,,,,,,,,,,,,
2026-03-10T08:52:18.291152Z,"{'#attributes': {'Qualifiers': 0}, '#text': 1000}",DC01.garfield.htb,VGAuth,Application,2193,0,,,,,vmtoolsd: Username and password successfully validated for 'Administrator',,,,,,,,,,,,,,,,,,,,,,,,,,,,,,,,,,,,,,,,,,,,,,,,
2026-03-10T08:52:18.339656Z,"{'#attributes': {'Qualifiers': 0}, '#text': 1000}",DC01.garfield.htb,VGAuth,Application,2194,0,,,,,vmtoolsd: Username and password successfully validated for 'Administrator',,,,,,,,,,,,,,,,,,,,,,,,,,,,,,,,,,,,,,,,,,,,,,,,
2026-03-10T08:52:18.449000Z,"{'#attributes': {'Qualifiers': 0}, '#text': 1000}",DC01.garfield.htb,VGAuth,Application,2195,0,,,,,vmtoolsd: Username and password successfully validated for 'Administrator',,,,,,,,,,,,,,,,,,,,,,,,,,,,,,,,,,,,,,,,,,,,,,,,
2026-03-10T08:52:18.511500Z,"{'#attributes': {'Qualifiers': 0}, '#text': 1000}",DC01.garfield.htb,VGAuth,Application,2196,0,,,,,vmtoolsd: Username and password successfully validated for 'Administrator',,,,,,,,,,,,,,,,,,,,,,,,,,,,,,,,,,,,,,,,,,,,,,,,
2026-03-10T08:52:18.620872Z,"{'#attributes': {'Qualifiers': 0}, '#text': 1000}",DC01.garfield.htb,VGAuth,Application,2197,0,,,,,vmtoolsd: Username and password successfully validated for 'Administrator',,,,,,,,,,,,,,,,,,,,,,,,,,,,,,,,,,,,,,,,,,,,,,,,
2026-03-10T08:52:18.745879Z,"{'#attributes': {'Qualifiers': 0}, '#text': 1000}",DC01.garfield.htb,VGAuth,Application,2198,0,,,,,vmtoolsd: Username and password successfully validated for 'Administrator',,,,,,,,,,,,,,,,,,,,,,,,,,,,,,,,,,,,,,,,,,,,,,,,
2026-03-10T08:52:19.323991Z,"{'#attributes': {'Qualifiers': 0}, '#text': 1000}",DC01.garfield.htb,VGAuth,Application,2199,0,,,,,vmtoolsd: Username and password successfully validated for 'Administrator',,,,,,,,,,,,,,,,,,,,,,,,,,,,,,,,,,,,,,,,,,,,,,,,
2026-03-10T08:52:39.573990Z,"{'#attributes': {'Qualifiers': 0}, '#text': 1000}",DC01.garfield.htb,VGAuth,Application,2200,0,,,,,vmtoolsd: Username and password successfully validated for 'Administrator',,,,,,,,,,,,,,,,,,,,,,,,,,,,,,,,,,,,,,,,,,,,,,,,
2026-03-10T08:52:40.122054Z,"{'#attributes': {'Qualifiers': 0}, '#text': 1000}",DC01.garfield.htb,VGAuth,Application,2201,0,,,,,vmtoolsd: Username and password successfully validated for 'Administrator',,,,,,,,,,,,,,,,,,,,,,,,,,,,,,,,,,,,,,,,,,,,,,,,
2026-03-10T08:52:40.214625Z,"{'#attributes': {'Qualifiers': 0}, '#text': 1000}",DC01.garfield.htb,VGAuth,Application,2202,0,,,,,vmtoolsd: Username and password successfully validated for 'Administrator',,,,,,,,,,,,,,,,,,,,,,,,,,,,,,,,,,,,,,,,,,,,,,,,
2026-03-10T08:52:40.277176Z,"{'#attributes': {'Qualifiers': 0}, '#text': 1000}",DC01.garfield.htb,VGAuth,Application,2203,0,,,,,vmtoolsd: Username and password successfully validated for 'Administrator',,,,,,,,,,,,,,,,,,,,,,,,,,,,,,,,,,,,,,,,,,,,,,,,
2026-03-10T08:52:40.339648Z,"{'#attributes': {'Qualifiers': 0}, '#text': 1000}",DC01.garfield.htb,VGAuth,Application,2204,0,,,,,vmtoolsd: Username and password successfully validated for 'Administrator',,,,,,,,,,,,,,,,,,,,,,,,,,,,,,,,,,,,,,,,,,,,,,,,
2026-03-10T08:52:40.386543Z,"{'#attributes': {'Qualifiers': 0}, '#text': 1000}",DC01.garfield.htb,VGAuth,Application,2205,0,,,,,vmtoolsd: Username and password successfully validated for 'Administrator',,,,,,,,,,,,,,,,,,,,,,,,,,,,,,,,,,,,,,,,,,,,,,,,
2026-03-10T08:52:40.464637Z,"{'#attributes': {'Qualifiers': 0}, '#text': 1000}",DC01.garfield.htb,VGAuth,Application,2206,0,,,,,vmtoolsd: Username and password successfully validated for 'Administrator',,,,,,,,,,,,,,,,,,,,,,,,,,,,,,,,,,,,,,,,,,,,,,,,
2026-03-10T08:52:43.980258Z,"{'#attributes': {'Qualifiers': 32768}, '#text': 6005}",DC01.garfield.htb,Microsoft-Windows-Winlogon,Application,2207,3,,,8603FE7F,,,GPClient,CreateSession,,,,,,,,,,,,,,,,,,,,,,,,,,,,,,,,,,,,,,,,,,,,,,
2026-03-10T08:52:47.542802Z,"{'#attributes': {'Qualifiers': 32768}, '#text': 6006}",DC01.garfield.htb,Microsoft-Windows-Winlogon,Application,2208,3,,,00000000,,,GPClient,63,,,,,,,,,,,CreateSession,,,,,,,,,,,,,,,,,,,,,,,,,,,,,,,,,,,
2026-03-10T08:52:50.480239Z,"{'#attributes': {'Qualifiers': 16384}, '#text': 1003}",DC01.garfield.htb,Microsoft-Windows-Security-SPP,Application,2209,4,,,,,,55c92734-d682-4d71-983e-d6ec3f16059f,"
1: 7783a126-c108-4cf7-b59f-13c78c7a7337, 1, 1 [(0 [0xC004E003, 0, 0], [( 9 0xC004FC07 180 0)( 1 0x00000000)(?)( 2 0x00000000 0 0 msft:rm/algorithm/hwid/4.0 0x00000000 0)(?)( 9 0xC004FC07 180 0)( 10 0x00000000 msft:rm/algorithm/flags/1.0)(?)])(1 )(2 )(3 [0x00000000, 0, 0], [( 6 0xC004F009 10 0)( 1 0x00000000)( 6 0xC004F009 10 0)(?)(?)(?)( 10 0x00000000 msft:rm/algorithm/flags/1.0)( 11 0x00000000 0xC004FC07)])]

",,,,,,,,,,,,,,,,,,,,,,,,,,,,,,,,,,,,,,,,,,,,,,
2026-03-10T08:52:50.617464Z,"{'#attributes': {'Qualifiers': 49152}, '#text': 8197}",DC01.garfield.htb,Microsoft-Windows-Security-SPP,Application,2210,4,,,,,RuleId=8244d55f-dcd7-4010-8151-2a5af187b1ed;Action=NotifyUser;AppId=55c92734-d682-4d71-983e-d6ec3f16059f;SkuId=7783a126-c108-4cf7-b59f-13c78c7a7337;NotificationInterval=240;Trigger=UserLogon;SessionId=1,,,,,,,,,,,,,,,,,,,,,,,,,,,,,,,,,,,,,,,,,,,,,,,,
2026-03-10T08:52:57.612861Z,"{'#attributes': {'Qualifiers': 0}, '#text': 1000}",DC01.garfield.htb,VGAuth,Application,2211,0,,,,,vmtoolsd: Username and password successfully validated for 'Administrator',,,,,,,,,,,,,,,,,,,,,,,,,,,,,,,,,,,,,,,,,,,,,,,,
2026-03-10T08:52:58.292746Z,"{'#attributes': {'Qualifiers': 0}, '#text': 1000}",DC01.garfield.htb,VGAuth,Application,2212,0,,,,,vmtoolsd: Username and password successfully validated for 'Administrator',,,,,,,,,,,,,,,,,,,,,,,,,,,,,,,,,,,,,,,,,,,,,,,,
2026-03-10T08:52:58.449006Z,"{'#attributes': {'Qualifiers': 0}, '#text': 1000}",DC01.garfield.htb,VGAuth,Application,2213,0,,,,,vmtoolsd: Username and password successfully validated for 'Administrator',,,,,,,,,,,,,,,,,,,,,,,,,,,,,,,,,,,,,,,,,,,,,,,,
2026-03-10T08:52:58.495864Z,"{'#attributes': {'Qualifiers': 0}, '#text': 1000}",DC01.garfield.htb,VGAuth,Application,2214,0,,,,,vmtoolsd: Username and password successfully validated for 'Administrator',,,,,,,,,,,,,,,,,,,,,,,,,,,,,,,,,,,,,,,,,,,,,,,,
2026-03-10T08:52:58.543311Z,"{'#attributes': {'Qualifiers': 0}, '#text': 1000}",DC01.garfield.htb,VGAuth,Application,2215,0,,,,,vmtoolsd: Username and password successfully validated for 'Administrator',,,,,,,,,,,,,,,,,,,,,,,,,,,,,,,,,,,,,,,,,,,,,,,,
2026-03-10T08:52:58.761491Z,"{'#attributes': {'Qualifiers': 0}, '#text': 1000}",DC01.garfield.htb,VGAuth,Application,2216,0,,,,,vmtoolsd: Username and password successfully validated for 'Administrator',,,,,,,,,,,,,,,,,,,,,,,,,,,,,,,,,,,,,,,,,,,,,,,,
2026-03-10T08:52:58.933376Z,"{'#attributes': {'Qualifiers': 0}, '#text': 1000}",DC01.garfield.htb,VGAuth,Application,2217,0,,,,,vmtoolsd: Username and password successfully validated for 'Administrator',,,,,,,,,,,,,,,,,,,,,,,,,,,,,,,,,,,,,,,,,,,,,,,,
2026-03-10T08:52:59.075011Z,"{'#attributes': {'Qualifiers': 0}, '#text': 1000}",DC01.garfield.htb,VGAuth,Application,2218,0,,,,,vmtoolsd: Username and password successfully validated for 'Administrator',,,,,,,,,,,,,,,,,,,,,,,,,,,,,,,,,,,,,,,,,,,,,,,,
