2025-08-13T19:50:33.510502Z,4624,WIN-LC7SFT89DTG,Microsoft-Windows-Security-Auditing,Security,219,0,,,,,,,,,,,,,,,,,Negotiate,,,,,,,,,,,,,,,,,,,,,,,,%%1842,,,,,,,,,,,,,%%1833,-,-,,,,0,,,-,,,,,00000000-0000-0000-0000-000000000000,,Advapi  ,5,,,,,,,,,,,,,,,,,,,,,,,,,,,,,,,,,,,,,,,,,,,,0x27c,C:\Windows\System32\services.exe,,,,,,,,,,-,,,,,,,,,,,,,,,,,WORKGROUP,0x3e7,,WIN-LC7SFT89DTG$,S-1-5-18,NT AUTHORITY,,0x0,,0x3e7,,-,-,,,,,SYSTEM,S-1-5-18,,,,,-,,,,,,%%1843,,,-,
2025-08-13T19:50:33.510506Z,4672,WIN-LC7SFT89DTG,Microsoft-Windows-Security-Auditing,Security,220,0,,,,,,,,,,,,,,,,,,,,,,,,,,,,,,,,,,,,,,,,,,,,,,,,,,,,,,,,,,,,,,,,,,,,,,,,,,,,,,,,,,,,,,,,,,,,,,,,,,,,,,,,,,,,,,,,,"SeAssignPrimaryTokenPrivilege
			SeTcbPrivilege
			SeSecurityPrivilege
			SeTakeOwnershipPrivilege
			SeLoadDriverPrivilege
			SeBackupPrivilege
			SeRestorePrivilege
			SeDebugPrivilege
			SeAuditPrivilege
			SeSystemEnvironmentPrivilege
			SeImpersonatePrivilege
			SeDelegateSessionUserImpersonatePrivilege",,,,,,,,,,,,,,,,,,,,,,,,,,,,,,NT AUTHORITY,0x3e7,,SYSTEM,S-1-5-18,,,,,,,,,,,,,,,,,,,,,,,,,,,,,
2025-08-13T10:50:35.588428Z,4616,WIN-LC7SFT89DTG,Microsoft-Windows-Security-Auditing,Security,221,0,,,,,,,,,,,,,,,,,,,,,,,,,,,,,,,,,,,,,,,,,,,,,,,,,,,,,,,,,,,,,,,,,,,,,,,,,,,,,,,,,,,,,2025-08-13T10:50:35.583541Z,,,,,,,,,,,,,,,,,,,,,,,,,,2025-08-13T19:50:33.708933Z,,,,0x4e0,C:\Windows\System32\svchost.exe,,,,,,,,,,,,,,,,,,,,,,,,,,,NT AUTHORITY,0x3e5,,LOCAL SERVICE,S-1-5-19,,,,,,,,,,,,,,,,,,,,,,,,,,,,,
2025-08-13T10:50:35.594738Z,4616,WIN-LC7SFT89DTG,Microsoft-Windows-Security-Auditing,Security,222,0,,,,,,,,,,,,,,,,,,,,,,,,,,,,,,,,,,,,,,,,,,,,,,,,,,,,,,,,,,,,,,,,,,,,,,,,,,,,,,,,,,,,,2025-08-13T10:50:35.588995Z,,,,,,,,,,,,,,,,,,,,,,,,,,2025-08-13T10:50:35.583541Z,,,,0x4e0,C:\Windows\System32\svchost.exe,,,,,,,,,,,,,,,,,,,,,,,,,,,NT AUTHORITY,0x3e5,,LOCAL SERVICE,S-1-5-19,,,,,,,,,,,,,,,,,,,,,,,,,,,,,
2025-08-13T10:50:44.272408Z,4735,WIN-LC7SFT89DTG,Microsoft-Windows-Security-Auditing,Security,223,0,,,,,,,,,,,,,,,,,,,,,,,,,,,,,,,,,,,,,,,,,,,,,,,,,,,,,,,,,,,,,,,,,,,,,,,,,,,,,,,,,,,,,,,,,,,,,,,,,,,,,,,,,,,,,,,,,-,,,,,,,,,,,,,,,-,,,,,,,-,,,,,,,,WORKGROUP,0x3e7,,WIN-LC7SFT89DTG$,S-1-5-18,Builtin,,,,,,,,,,,S-1-5-32-550,Print Operators,,,,,,,,,,,,,,,,
2025-08-13T10:50:44.272823Z,4781,WIN-LC7SFT89DTG,Microsoft-Windows-Security-Auditing,Security,224,0,,,,,,,,,,,,,,,,,,,,,,,,,,,,,,,,,,,,,,,,,,,,,,,,,,,,,,,,,,,,,,,,,,,,,,,,,,,,,,,,,,,,Print Operators,,,,,,,,,,,,,,Print Operators,,,,,,,,,,,,,,,-,,,,,,,,,,,,,,,,,,,,,,,,,,,,,,WORKGROUP,0x3e7,,WIN-LC7SFT89DTG$,S-1-5-18,Builtin,,,,,,,,,,,S-1-5-32-550,,,,,,,,,,,,,,,,,
2025-08-13T10:50:44.272830Z,4735,WIN-LC7SFT89DTG,Microsoft-Windows-Security-Auditing,Security,225,0,,,,,,,,,,,,,,,,,,,,,,,,,,,,,,,,,,,,,,,,,,,,,,,,,,,,,,,,,,,,,,,,,,,,,,,,,,,,,,,,,,,,,,,,,,,,,,,,,,,,,,,,,,,,,,,,,-,,,,,,,,,,,,,,,Print Operators,,,,,,,-,,,,,,,,WORKGROUP,0x3e7,,WIN-LC7SFT89DTG$,S-1-5-18,Builtin,,,,,,,,,,,S-1-5-32-550,Print Operators,,,,,,,,,,,,,,,,
2025-08-13T10:50:44.272919Z,4735,WIN-LC7SFT89DTG,Microsoft-Windows-Security-Auditing,Security,226,0,,,,,,,,,,,,,,,,,,,,,,,,,,,,,,,,,,,,,,,,,,,,,,,,,,,,,,,,,,,,,,,,,,,,,,,,,,,,,,,,,,,,,,,,,,,,,,,,,,,,,,,,,,,,,,,,,-,,,,,,,,,,,,,,,-,,,,,,,-,,,,,,,,WORKGROUP,0x3e7,,WIN-LC7SFT89DTG$,S-1-5-18,Builtin,,,,,,,,,,,S-1-5-32-544,Administrators,,,,,,,,,,,,,,,,
2025-08-13T10:50:44.272990Z,4781,WIN-LC7SFT89DTG,Microsoft-Windows-Security-Auditing,Security,227,0,,,,,,,,,,,,,,,,,,,,,,,,,,,,,,,,,,,,,,,,,,,,,,,,,,,,,,,,,,,,,,,,,,,,,,,,,,,,,,,,,,,,Administrators,,,,,,,,,,,,,,Administrators,,,,,,,,,,,,,,,-,,,,,,,,,,,,,,,,,,,,,,,,,,,,,,WORKGROUP,0x3e7,,WIN-LC7SFT89DTG$,S-1-5-18,Builtin,,,,,,,,,,,S-1-5-32-544,,,,,,,,,,,,,,,,,
2025-08-13T10:50:44.272996Z,4735,WIN-LC7SFT89DTG,Microsoft-Windows-Security-Auditing,Security,228,0,,,,,,,,,,,,,,,,,,,,,,,,,,,,,,,,,,,,,,,,,,,,,,,,,,,,,,,,,,,,,,,,,,,,,,,,,,,,,,,,,,,,,,,,,,,,,,,,,,,,,,,,,,,,,,,,,-,,,,,,,,,,,,,,,Administrators,,,,,,,-,,,,,,,,WORKGROUP,0x3e7,,WIN-LC7SFT89DTG$,S-1-5-18,Builtin,,,,,,,,,,,S-1-5-32-544,Administrators,,,,,,,,,,,,,,,,
2025-08-13T10:50:44.273083Z,4735,WIN-LC7SFT89DTG,Microsoft-Windows-Security-Auditing,Security,229,0,,,,,,,,,,,,,,,,,,,,,,,,,,,,,,,,,,,,,,,,,,,,,,,,,,,,,,,,,,,,,,,,,,,,,,,,,,,,,,,,,,,,,,,,,,,,,,,,,,,,,,,,,,,,,,,,,-,,,,,,,,,,,,,,,-,,,,,,,-,,,,,,,,WORKGROUP,0x3e7,,WIN-LC7SFT89DTG$,S-1-5-18,Builtin,,,,,,,,,,,S-1-5-32-545,Users,,,,,,,,,,,,,,,,
2025-08-13T10:50:44.273154Z,4781,WIN-LC7SFT89DTG,Microsoft-Windows-Security-Auditing,Security,230,0,,,,,,,,,,,,,,,,,,,,,,,,,,,,,,,,,,,,,,,,,,,,,,,,,,,,,,,,,,,,,,,,,,,,,,,,,,,,,,,,,,,,Users,,,,,,,,,,,,,,Users,,,,,,,,,,,,,,,-,,,,,,,,,,,,,,,,,,,,,,,,,,,,,,WORKGROUP,0x3e7,,WIN-LC7SFT89DTG$,S-1-5-18,Builtin,,,,,,,,,,,S-1-5-32-545,,,,,,,,,,,,,,,,,
2025-08-13T10:50:44.273163Z,4735,WIN-LC7SFT89DTG,Microsoft-Windows-Security-Auditing,Security,231,0,,,,,,,,,,,,,,,,,,,,,,,,,,,,,,,,,,,,,,,,,,,,,,,,,,,,,,,,,,,,,,,,,,,,,,,,,,,,,,,,,,,,,,,,,,,,,,,,,,,,,,,,,,,,,,,,,-,,,,,,,,,,,,,,,Users,,,,,,,-,,,,,,,,WORKGROUP,0x3e7,,WIN-LC7SFT89DTG$,S-1-5-18,Builtin,,,,,,,,,,,S-1-5-32-545,Users,,,,,,,,,,,,,,,,
2025-08-13T10:50:44.273245Z,4735,WIN-LC7SFT89DTG,Microsoft-Windows-Security-Auditing,Security,232,0,,,,,,,,,,,,,,,,,,,,,,,,,,,,,,,,,,,,,,,,,,,,,,,,,,,,,,,,,,,,,,,,,,,,,,,,,,,,,,,,,,,,,,,,,,,,,,,,,,,,,,,,,,,,,,,,,-,,,,,,,,,,,,,,,-,,,,,,,-,,,,,,,,WORKGROUP,0x3e7,,WIN-LC7SFT89DTG$,S-1-5-18,Builtin,,,,,,,,,,,S-1-5-32-546,Guests,,,,,,,,,,,,,,,,
2025-08-13T10:50:44.273314Z,4781,WIN-LC7SFT89DTG,Microsoft-Windows-Security-Auditing,Security,233,0,,,,,,,,,,,,,,,,,,,,,,,,,,,,,,,,,,,,,,,,,,,,,,,,,,,,,,,,,,,,,,,,,,,,,,,,,,,,,,,,,,,,Guests,,,,,,,,,,,,,,Guests,,,,,,,,,,,,,,,-,,,,,,,,,,,,,,,,,,,,,,,,,,,,,,WORKGROUP,0x3e7,,WIN-LC7SFT89DTG$,S-1-5-18,Builtin,,,,,,,,,,,S-1-5-32-546,,,,,,,,,,,,,,,,,
2025-08-13T10:50:44.273321Z,4735,WIN-LC7SFT89DTG,Microsoft-Windows-Security-Auditing,Security,234,0,,,,,,,,,,,,,,,,,,,,,,,,,,,,,,,,,,,,,,,,,,,,,,,,,,,,,,,,,,,,,,,,,,,,,,,,,,,,,,,,,,,,,,,,,,,,,,,,,,,,,,,,,,,,,,,,,-,,,,,,,,,,,,,,,Guests,,,,,,,-,,,,,,,,WORKGROUP,0x3e7,,WIN-LC7SFT89DTG$,S-1-5-18,Builtin,,,,,,,,,,,S-1-5-32-546,Guests,,,,,,,,,,,,,,,,
2025-08-13T10:50:44.273401Z,4735,WIN-LC7SFT89DTG,Microsoft-Windows-Security-Auditing,Security,235,0,,,,,,,,,,,,,,,,,,,,,,,,,,,,,,,,,,,,,,,,,,,,,,,,,,,,,,,,,,,,,,,,,,,,,,,,,,,,,,,,,,,,,,,,,,,,,,,,,,,,,,,,,,,,,,,,,-,,,,,,,,,,,,,,,-,,,,,,,-,,,,,,,,WORKGROUP,0x3e7,,WIN-LC7SFT89DTG$,S-1-5-18,Builtin,,,,,,,,,,,S-1-5-32-551,Backup Operators,,,,,,,,,,,,,,,,
2025-08-13T10:50:44.273471Z,4781,WIN-LC7SFT89DTG,Microsoft-Windows-Security-Auditing,Security,236,0,,,,,,,,,,,,,,,,,,,,,,,,,,,,,,,,,,,,,,,,,,,,,,,,,,,,,,,,,,,,,,,,,,,,,,,,,,,,,,,,,,,,Backup Operators,,,,,,,,,,,,,,Backup Operators,,,,,,,,,,,,,,,-,,,,,,,,,,,,,,,,,,,,,,,,,,,,,,WORKGROUP,0x3e7,,WIN-LC7SFT89DTG$,S-1-5-18,Builtin,,,,,,,,,,,S-1-5-32-551,,,,,,,,,,,,,,,,,
2025-08-13T10:50:44.273479Z,4735,WIN-LC7SFT89DTG,Microsoft-Windows-Security-Auditing,Security,237,0,,,,,,,,,,,,,,,,,,,,,,,,,,,,,,,,,,,,,,,,,,,,,,,,,,,,,,,,,,,,,,,,,,,,,,,,,,,,,,,,,,,,,,,,,,,,,,,,,,,,,,,,,,,,,,,,,-,,,,,,,,,,,,,,,Backup Operators,,,,,,,-,,,,,,,,WORKGROUP,0x3e7,,WIN-LC7SFT89DTG$,S-1-5-18,Builtin,,,,,,,,,,,S-1-5-32-551,Backup Operators,,,,,,,,,,,,,,,,
2025-08-13T10:50:44.273559Z,4735,WIN-LC7SFT89DTG,Microsoft-Windows-Security-Auditing,Security,238,0,,,,,,,,,,,,,,,,,,,,,,,,,,,,,,,,,,,,,,,,,,,,,,,,,,,,,,,,,,,,,,,,,,,,,,,,,,,,,,,,,,,,,,,,,,,,,,,,,,,,,,,,,,,,,,,,,-,,,,,,,,,,,,,,,-,,,,,,,-,,,,,,,,WORKGROUP,0x3e7,,WIN-LC7SFT89DTG$,S-1-5-18,Builtin,,,,,,,,,,,S-1-5-32-552,Replicator,,,,,,,,,,,,,,,,
2025-08-13T10:50:44.273634Z,4781,WIN-LC7SFT89DTG,Microsoft-Windows-Security-Auditing,Security,239,0,,,,,,,,,,,,,,,,,,,,,,,,,,,,,,,,,,,,,,,,,,,,,,,,,,,,,,,,,,,,,,,,,,,,,,,,,,,,,,,,,,,,Replicator,,,,,,,,,,,,,,Replicator,,,,,,,,,,,,,,,-,,,,,,,,,,,,,,,,,,,,,,,,,,,,,,WORKGROUP,0x3e7,,WIN-LC7SFT89DTG$,S-1-5-18,Builtin,,,,,,,,,,,S-1-5-32-552,,,,,,,,,,,,,,,,,
2025-08-13T10:50:44.273640Z,4735,WIN-LC7SFT89DTG,Microsoft-Windows-Security-Auditing,Security,240,0,,,,,,,,,,,,,,,,,,,,,,,,,,,,,,,,,,,,,,,,,,,,,,,,,,,,,,,,,,,,,,,,,,,,,,,,,,,,,,,,,,,,,,,,,,,,,,,,,,,,,,,,,,,,,,,,,-,,,,,,,,,,,,,,,Replicator,,,,,,,-,,,,,,,,WORKGROUP,0x3e7,,WIN-LC7SFT89DTG$,S-1-5-18,Builtin,,,,,,,,,,,S-1-5-32-552,Replicator,,,,,,,,,,,,,,,,
2025-08-13T10:50:44.273717Z,4735,WIN-LC7SFT89DTG,Microsoft-Windows-Security-Auditing,Security,241,0,,,,,,,,,,,,,,,,,,,,,,,,,,,,,,,,,,,,,,,,,,,,,,,,,,,,,,,,,,,,,,,,,,,,,,,,,,,,,,,,,,,,,,,,,,,,,,,,,,,,,,,,,,,,,,,,,-,,,,,,,,,,,,,,,-,,,,,,,-,,,,,,,,WORKGROUP,0x3e7,,WIN-LC7SFT89DTG$,S-1-5-18,Builtin,,,,,,,,,,,S-1-5-32-555,Remote Desktop Users,,,,,,,,,,,,,,,,
2025-08-13T10:50:44.273782Z,4781,WIN-LC7SFT89DTG,Microsoft-Windows-Security-Auditing,Security,242,0,,,,,,,,,,,,,,,,,,,,,,,,,,,,,,,,,,,,,,,,,,,,,,,,,,,,,,,,,,,,,,,,,,,,,,,,,,,,,,,,,,,,Remote Desktop Users,,,,,,,,,,,,,,Remote Desktop Users,,,,,,,,,,,,,,,-,,,,,,,,,,,,,,,,,,,,,,,,,,,,,,WORKGROUP,0x3e7,,WIN-LC7SFT89DTG$,S-1-5-18,Builtin,,,,,,,,,,,S-1-5-32-555,,,,,,,,,,,,,,,,,
2025-08-13T10:50:44.273788Z,4735,WIN-LC7SFT89DTG,Microsoft-Windows-Security-Auditing,Security,243,0,,,,,,,,,,,,,,,,,,,,,,,,,,,,,,,,,,,,,,,,,,,,,,,,,,,,,,,,,,,,,,,,,,,,,,,,,,,,,,,,,,,,,,,,,,,,,,,,,,,,,,,,,,,,,,,,,-,,,,,,,,,,,,,,,Remote Desktop Users,,,,,,,-,,,,,,,,WORKGROUP,0x3e7,,WIN-LC7SFT89DTG$,S-1-5-18,Builtin,,,,,,,,,,,S-1-5-32-555,Remote Desktop Users,,,,,,,,,,,,,,,,
2025-08-13T10:50:44.273864Z,4735,WIN-LC7SFT89DTG,Microsoft-Windows-Security-Auditing,Security,244,0,,,,,,,,,,,,,,,,,,,,,,,,,,,,,,,,,,,,,,,,,,,,,,,,,,,,,,,,,,,,,,,,,,,,,,,,,,,,,,,,,,,,,,,,,,,,,,,,,,,,,,,,,,,,,,,,,-,,,,,,,,,,,,,,,-,,,,,,,-,,,,,,,,WORKGROUP,0x3e7,,WIN-LC7SFT89DTG$,S-1-5-18,Builtin,,,,,,,,,,,S-1-5-32-556,Network Configuration Operators,,,,,,,,,,,,,,,,
2025-08-13T10:50:44.273930Z,4781,WIN-LC7SFT89DTG,Microsoft-Windows-Security-Auditing,Security,245,0,,,,,,,,,,,,,,,,,,,,,,,,,,,,,,,,,,,,,,,,,,,,,,,,,,,,,,,,,,,,,,,,,,,,,,,,,,,,,,,,,,,,Network Configuration Operators,,,,,,,,,,,,,,Network Configuration Operators,,,,,,,,,,,,,,,-,,,,,,,,,,,,,,,,,,,,,,,,,,,,,,WORKGROUP,0x3e7,,WIN-LC7SFT89DTG$,S-1-5-18,Builtin,,,,,,,,,,,S-1-5-32-556,,,,,,,,,,,,,,,,,
2025-08-13T10:50:44.273936Z,4735,WIN-LC7SFT89DTG,Microsoft-Windows-Security-Auditing,Security,246,0,,,,,,,,,,,,,,,,,,,,,,,,,,,,,,,,,,,,,,,,,,,,,,,,,,,,,,,,,,,,,,,,,,,,,,,,,,,,,,,,,,,,,,,,,,,,,,,,,,,,,,,,,,,,,,,,,-,,,,,,,,,,,,,,,Network Configuration Operators,,,,,,,-,,,,,,,,WORKGROUP,0x3e7,,WIN-LC7SFT89DTG$,S-1-5-18,Builtin,,,,,,,,,,,S-1-5-32-556,Network Configuration Operators,,,,,,,,,,,,,,,,
2025-08-13T10:50:44.274012Z,4735,WIN-LC7SFT89DTG,Microsoft-Windows-Security-Auditing,Security,247,0,,,,,,,,,,,,,,,,,,,,,,,,,,,,,,,,,,,,,,,,,,,,,,,,,,,,,,,,,,,,,,,,,,,,,,,,,,,,,,,,,,,,,,,,,,,,,,,,,,,,,,,,,,,,,,,,,-,,,,,,,,,,,,,,,-,,,,,,,-,,,,,,,,WORKGROUP,0x3e7,,WIN-LC7SFT89DTG$,S-1-5-18,Builtin,,,,,,,,,,,S-1-5-32-547,Power Users,,,,,,,,,,,,,,,,
2025-08-13T10:50:44.274077Z,4781,WIN-LC7SFT89DTG,Microsoft-Windows-Security-Auditing,Security,248,0,,,,,,,,,,,,,,,,,,,,,,,,,,,,,,,,,,,,,,,,,,,,,,,,,,,,,,,,,,,,,,,,,,,,,,,,,,,,,,,,,,,,Power Users,,,,,,,,,,,,,,Power Users,,,,,,,,,,,,,,,-,,,,,,,,,,,,,,,,,,,,,,,,,,,,,,WORKGROUP,0x3e7,,WIN-LC7SFT89DTG$,S-1-5-18,Builtin,,,,,,,,,,,S-1-5-32-547,,,,,,,,,,,,,,,,,
2025-08-13T10:50:44.274083Z,4735,WIN-LC7SFT89DTG,Microsoft-Windows-Security-Auditing,Security,249,0,,,,,,,,,,,,,,,,,,,,,,,,,,,,,,,,,,,,,,,,,,,,,,,,,,,,,,,,,,,,,,,,,,,,,,,,,,,,,,,,,,,,,,,,,,,,,,,,,,,,,,,,,,,,,,,,,-,,,,,,,,,,,,,,,Power Users,,,,,,,-,,,,,,,,WORKGROUP,0x3e7,,WIN-LC7SFT89DTG$,S-1-5-18,Builtin,,,,,,,,,,,S-1-5-32-547,Power Users,,,,,,,,,,,,,,,,
2025-08-13T10:50:44.274158Z,4735,WIN-LC7SFT89DTG,Microsoft-Windows-Security-Auditing,Security,250,0,,,,,,,,,,,,,,,,,,,,,,,,,,,,,,,,,,,,,,,,,,,,,,,,,,,,,,,,,,,,,,,,,,,,,,,,,,,,,,,,,,,,,,,,,,,,,,,,,,,,,,,,,,,,,,,,,-,,,,,,,,,,,,,,,-,,,,,,,-,,,,,,,,WORKGROUP,0x3e7,,WIN-LC7SFT89DTG$,S-1-5-18,Builtin,,,,,,,,,,,S-1-5-32-558,Performance Monitor Users,,,,,,,,,,,,,,,,
2025-08-13T10:50:44.274224Z,4781,WIN-LC7SFT89DTG,Microsoft-Windows-Security-Auditing,Security,251,0,,,,,,,,,,,,,,,,,,,,,,,,,,,,,,,,,,,,,,,,,,,,,,,,,,,,,,,,,,,,,,,,,,,,,,,,,,,,,,,,,,,,Performance Monitor Users,,,,,,,,,,,,,,Performance Monitor Users,,,,,,,,,,,,,,,-,,,,,,,,,,,,,,,,,,,,,,,,,,,,,,WORKGROUP,0x3e7,,WIN-LC7SFT89DTG$,S-1-5-18,Builtin,,,,,,,,,,,S-1-5-32-558,,,,,,,,,,,,,,,,,
2025-08-13T10:50:44.274230Z,4735,WIN-LC7SFT89DTG,Microsoft-Windows-Security-Auditing,Security,252,0,,,,,,,,,,,,,,,,,,,,,,,,,,,,,,,,,,,,,,,,,,,,,,,,,,,,,,,,,,,,,,,,,,,,,,,,,,,,,,,,,,,,,,,,,,,,,,,,,,,,,,,,,,,,,,,,,-,,,,,,,,,,,,,,,Performance Monitor Users,,,,,,,-,,,,,,,,WORKGROUP,0x3e7,,WIN-LC7SFT89DTG$,S-1-5-18,Builtin,,,,,,,,,,,S-1-5-32-558,Performance Monitor Users,,,,,,,,,,,,,,,,
2025-08-13T10:50:44.274312Z,4735,WIN-LC7SFT89DTG,Microsoft-Windows-Security-Auditing,Security,253,0,,,,,,,,,,,,,,,,,,,,,,,,,,,,,,,,,,,,,,,,,,,,,,,,,,,,,,,,,,,,,,,,,,,,,,,,,,,,,,,,,,,,,,,,,,,,,,,,,,,,,,,,,,,,,,,,,-,,,,,,,,,,,,,,,-,,,,,,,-,,,,,,,,WORKGROUP,0x3e7,,WIN-LC7SFT89DTG$,S-1-5-18,Builtin,,,,,,,,,,,S-1-5-32-559,Performance Log Users,,,,,,,,,,,,,,,,
2025-08-13T10:50:44.274378Z,4781,WIN-LC7SFT89DTG,Microsoft-Windows-Security-Auditing,Security,254,0,,,,,,,,,,,,,,,,,,,,,,,,,,,,,,,,,,,,,,,,,,,,,,,,,,,,,,,,,,,,,,,,,,,,,,,,,,,,,,,,,,,,Performance Log Users,,,,,,,,,,,,,,Performance Log Users,,,,,,,,,,,,,,,-,,,,,,,,,,,,,,,,,,,,,,,,,,,,,,WORKGROUP,0x3e7,,WIN-LC7SFT89DTG$,S-1-5-18,Builtin,,,,,,,,,,,S-1-5-32-559,,,,,,,,,,,,,,,,,
2025-08-13T10:50:44.274383Z,4735,WIN-LC7SFT89DTG,Microsoft-Windows-Security-Auditing,Security,255,0,,,,,,,,,,,,,,,,,,,,,,,,,,,,,,,,,,,,,,,,,,,,,,,,,,,,,,,,,,,,,,,,,,,,,,,,,,,,,,,,,,,,,,,,,,,,,,,,,,,,,,,,,,,,,,,,,-,,,,,,,,,,,,,,,Performance Log Users,,,,,,,-,,,,,,,,WORKGROUP,0x3e7,,WIN-LC7SFT89DTG$,S-1-5-18,Builtin,,,,,,,,,,,S-1-5-32-559,Performance Log Users,,,,,,,,,,,,,,,,
2025-08-13T10:50:44.274478Z,4735,WIN-LC7SFT89DTG,Microsoft-Windows-Security-Auditing,Security,256,0,,,,,,,,,,,,,,,,,,,,,,,,,,,,,,,,,,,,,,,,,,,,,,,,,,,,,,,,,,,,,,,,,,,,,,,,,,,,,,,,,,,,,,,,,,,,,,,,,,,,,,,,,,,,,,,,,-,,,,,,,,,,,,,,,-,,,,,,,-,,,,,,,,WORKGROUP,0x3e7,,WIN-LC7SFT89DTG$,S-1-5-18,Builtin,,,,,,,,,,,S-1-5-32-562,Distributed COM Users,,,,,,,,,,,,,,,,
2025-08-13T10:50:44.274545Z,4781,WIN-LC7SFT89DTG,Microsoft-Windows-Security-Auditing,Security,257,0,,,,,,,,,,,,,,,,,,,,,,,,,,,,,,,,,,,,,,,,,,,,,,,,,,,,,,,,,,,,,,,,,,,,,,,,,,,,,,,,,,,,Distributed COM Users,,,,,,,,,,,,,,Distributed COM Users,,,,,,,,,,,,,,,-,,,,,,,,,,,,,,,,,,,,,,,,,,,,,,WORKGROUP,0x3e7,,WIN-LC7SFT89DTG$,S-1-5-18,Builtin,,,,,,,,,,,S-1-5-32-562,,,,,,,,,,,,,,,,,
2025-08-13T10:50:44.274551Z,4735,WIN-LC7SFT89DTG,Microsoft-Windows-Security-Auditing,Security,258,0,,,,,,,,,,,,,,,,,,,,,,,,,,,,,,,,,,,,,,,,,,,,,,,,,,,,,,,,,,,,,,,,,,,,,,,,,,,,,,,,,,,,,,,,,,,,,,,,,,,,,,,,,,,,,,,,,-,,,,,,,,,,,,,,,Distributed COM Users,,,,,,,-,,,,,,,,WORKGROUP,0x3e7,,WIN-LC7SFT89DTG$,S-1-5-18,Builtin,,,,,,,,,,,S-1-5-32-562,Distributed COM Users,,,,,,,,,,,,,,,,
2025-08-13T10:50:44.274627Z,4735,WIN-LC7SFT89DTG,Microsoft-Windows-Security-Auditing,Security,259,0,,,,,,,,,,,,,,,,,,,,,,,,,,,,,,,,,,,,,,,,,,,,,,,,,,,,,,,,,,,,,,,,,,,,,,,,,,,,,,,,,,,,,,,,,,,,,,,,,,,,,,,,,,,,,,,,,-,,,,,,,,,,,,,,,-,,,,,,,-,,,,,,,,WORKGROUP,0x3e7,,WIN-LC7SFT89DTG$,S-1-5-18,Builtin,,,,,,,,,,,S-1-5-32-568,IIS_IUSRS,,,,,,,,,,,,,,,,
2025-08-13T10:50:44.274690Z,4781,WIN-LC7SFT89DTG,Microsoft-Windows-Security-Auditing,Security,260,0,,,,,,,,,,,,,,,,,,,,,,,,,,,,,,,,,,,,,,,,,,,,,,,,,,,,,,,,,,,,,,,,,,,,,,,,,,,,,,,,,,,,IIS_IUSRS,,,,,,,,,,,,,,IIS_IUSRS,,,,,,,,,,,,,,,-,,,,,,,,,,,,,,,,,,,,,,,,,,,,,,WORKGROUP,0x3e7,,WIN-LC7SFT89DTG$,S-1-5-18,Builtin,,,,,,,,,,,S-1-5-32-568,,,,,,,,,,,,,,,,,
2025-08-13T10:50:44.274696Z,4735,WIN-LC7SFT89DTG,Microsoft-Windows-Security-Auditing,Security,261,0,,,,,,,,,,,,,,,,,,,,,,,,,,,,,,,,,,,,,,,,,,,,,,,,,,,,,,,,,,,,,,,,,,,,,,,,,,,,,,,,,,,,,,,,,,,,,,,,,,,,,,,,,,,,,,,,,-,,,,,,,,,,,,,,,IIS_IUSRS,,,,,,,-,,,,,,,,WORKGROUP,0x3e7,,WIN-LC7SFT89DTG$,S-1-5-18,Builtin,,,,,,,,,,,S-1-5-32-568,IIS_IUSRS,,,,,,,,,,,,,,,,
2025-08-13T10:50:44.274771Z,4735,WIN-LC7SFT89DTG,Microsoft-Windows-Security-Auditing,Security,262,0,,,,,,,,,,,,,,,,,,,,,,,,,,,,,,,,,,,,,,,,,,,,,,,,,,,,,,,,,,,,,,,,,,,,,,,,,,,,,,,,,,,,,,,,,,,,,,,,,,,,,,,,,,,,,,,,,-,,,,,,,,,,,,,,,-,,,,,,,-,,,,,,,,WORKGROUP,0x3e7,,WIN-LC7SFT89DTG$,S-1-5-18,Builtin,,,,,,,,,,,S-1-5-32-569,Cryptographic Operators,,,,,,,,,,,,,,,,
2025-08-13T10:50:44.274836Z,4781,WIN-LC7SFT89DTG,Microsoft-Windows-Security-Auditing,Security,263,0,,,,,,,,,,,,,,,,,,,,,,,,,,,,,,,,,,,,,,,,,,,,,,,,,,,,,,,,,,,,,,,,,,,,,,,,,,,,,,,,,,,,Cryptographic Operators,,,,,,,,,,,,,,Cryptographic Operators,,,,,,,,,,,,,,,-,,,,,,,,,,,,,,,,,,,,,,,,,,,,,,WORKGROUP,0x3e7,,WIN-LC7SFT89DTG$,S-1-5-18,Builtin,,,,,,,,,,,S-1-5-32-569,,,,,,,,,,,,,,,,,
2025-08-13T10:50:44.274841Z,4735,WIN-LC7SFT89DTG,Microsoft-Windows-Security-Auditing,Security,264,0,,,,,,,,,,,,,,,,,,,,,,,,,,,,,,,,,,,,,,,,,,,,,,,,,,,,,,,,,,,,,,,,,,,,,,,,,,,,,,,,,,,,,,,,,,,,,,,,,,,,,,,,,,,,,,,,,-,,,,,,,,,,,,,,,Cryptographic Operators,,,,,,,-,,,,,,,,WORKGROUP,0x3e7,,WIN-LC7SFT89DTG$,S-1-5-18,Builtin,,,,,,,,,,,S-1-5-32-569,Cryptographic Operators,,,,,,,,,,,,,,,,
2025-08-13T10:50:44.274916Z,4735,WIN-LC7SFT89DTG,Microsoft-Windows-Security-Auditing,Security,265,0,,,,,,,,,,,,,,,,,,,,,,,,,,,,,,,,,,,,,,,,,,,,,,,,,,,,,,,,,,,,,,,,,,,,,,,,,,,,,,,,,,,,,,,,,,,,,,,,,,,,,,,,,,,,,,,,,-,,,,,,,,,,,,,,,-,,,,,,,-,,,,,,,,WORKGROUP,0x3e7,,WIN-LC7SFT89DTG$,S-1-5-18,Builtin,,,,,,,,,,,S-1-5-32-573,Event Log Readers,,,,,,,,,,,,,,,,
2025-08-13T10:50:44.274979Z,4781,WIN-LC7SFT89DTG,Microsoft-Windows-Security-Auditing,Security,266,0,,,,,,,,,,,,,,,,,,,,,,,,,,,,,,,,,,,,,,,,,,,,,,,,,,,,,,,,,,,,,,,,,,,,,,,,,,,,,,,,,,,,Event Log Readers,,,,,,,,,,,,,,Event Log Readers,,,,,,,,,,,,,,,-,,,,,,,,,,,,,,,,,,,,,,,,,,,,,,WORKGROUP,0x3e7,,WIN-LC7SFT89DTG$,S-1-5-18,Builtin,,,,,,,,,,,S-1-5-32-573,,,,,,,,,,,,,,,,,
2025-08-13T10:50:44.274984Z,4735,WIN-LC7SFT89DTG,Microsoft-Windows-Security-Auditing,Security,267,0,,,,,,,,,,,,,,,,,,,,,,,,,,,,,,,,,,,,,,,,,,,,,,,,,,,,,,,,,,,,,,,,,,,,,,,,,,,,,,,,,,,,,,,,,,,,,,,,,,,,,,,,,,,,,,,,,-,,,,,,,,,,,,,,,Event Log Readers,,,,,,,-,,,,,,,,WORKGROUP,0x3e7,,WIN-LC7SFT89DTG$,S-1-5-18,Builtin,,,,,,,,,,,S-1-5-32-573,Event Log Readers,,,,,,,,,,,,,,,,
2025-08-13T10:50:44.275059Z,4735,WIN-LC7SFT89DTG,Microsoft-Windows-Security-Auditing,Security,268,0,,,,,,,,,,,,,,,,,,,,,,,,,,,,,,,,,,,,,,,,,,,,,,,,,,,,,,,,,,,,,,,,,,,,,,,,,,,,,,,,,,,,,,,,,,,,,,,,,,,,,,,,,,,,,,,,,-,,,,,,,,,,,,,,,-,,,,,,,-,,,,,,,,WORKGROUP,0x3e7,,WIN-LC7SFT89DTG$,S-1-5-18,Builtin,,,,,,,,,,,S-1-5-32-574,Certificate Service DCOM Access,,,,,,,,,,,,,,,,
2025-08-13T10:50:44.275127Z,4781,WIN-LC7SFT89DTG,Microsoft-Windows-Security-Auditing,Security,269,0,,,,,,,,,,,,,,,,,,,,,,,,,,,,,,,,,,,,,,,,,,,,,,,,,,,,,,,,,,,,,,,,,,,,,,,,,,,,,,,,,,,,Certificate Service DCOM Access,,,,,,,,,,,,,,Certificate Service DCOM Access,,,,,,,,,,,,,,,-,,,,,,,,,,,,,,,,,,,,,,,,,,,,,,WORKGROUP,0x3e7,,WIN-LC7SFT89DTG$,S-1-5-18,Builtin,,,,,,,,,,,S-1-5-32-574,,,,,,,,,,,,,,,,,
2025-08-13T10:50:44.275133Z,4735,WIN-LC7SFT89DTG,Microsoft-Windows-Security-Auditing,Security,270,0,,,,,,,,,,,,,,,,,,,,,,,,,,,,,,,,,,,,,,,,,,,,,,,,,,,,,,,,,,,,,,,,,,,,,,,,,,,,,,,,,,,,,,,,,,,,,,,,,,,,,,,,,,,,,,,,,-,,,,,,,,,,,,,,,Certificate Service DCOM Access,,,,,,,-,,,,,,,,WORKGROUP,0x3e7,,WIN-LC7SFT89DTG$,S-1-5-18,Builtin,,,,,,,,,,,S-1-5-32-574,Certificate Service DCOM Access,,,,,,,,,,,,,,,,
2025-08-13T10:50:44.275208Z,4735,WIN-LC7SFT89DTG,Microsoft-Windows-Security-Auditing,Security,271,0,,,,,,,,,,,,,,,,,,,,,,,,,,,,,,,,,,,,,,,,,,,,,,,,,,,,,,,,,,,,,,,,,,,,,,,,,,,,,,,,,,,,,,,,,,,,,,,,,,,,,,,,,,,,,,,,,-,,,,,,,,,,,,,,,-,,,,,,,-,,,,,,,,WORKGROUP,0x3e7,,WIN-LC7SFT89DTG$,S-1-5-18,Builtin,,,,,,,,,,,S-1-5-32-575,RDS Remote Access Servers,,,,,,,,,,,,,,,,
2025-08-13T10:50:44.275279Z,4781,WIN-LC7SFT89DTG,Microsoft-Windows-Security-Auditing,Security,272,0,,,,,,,,,,,,,,,,,,,,,,,,,,,,,,,,,,,,,,,,,,,,,,,,,,,,,,,,,,,,,,,,,,,,,,,,,,,,,,,,,,,,RDS Remote Access Servers,,,,,,,,,,,,,,RDS Remote Access Servers,,,,,,,,,,,,,,,-,,,,,,,,,,,,,,,,,,,,,,,,,,,,,,WORKGROUP,0x3e7,,WIN-LC7SFT89DTG$,S-1-5-18,Builtin,,,,,,,,,,,S-1-5-32-575,,,,,,,,,,,,,,,,,
2025-08-13T10:50:44.275284Z,4735,WIN-LC7SFT89DTG,Microsoft-Windows-Security-Auditing,Security,273,0,,,,,,,,,,,,,,,,,,,,,,,,,,,,,,,,,,,,,,,,,,,,,,,,,,,,,,,,,,,,,,,,,,,,,,,,,,,,,,,,,,,,,,,,,,,,,,,,,,,,,,,,,,,,,,,,,-,,,,,,,,,,,,,,,RDS Remote Access Servers,,,,,,,-,,,,,,,,WORKGROUP,0x3e7,,WIN-LC7SFT89DTG$,S-1-5-18,Builtin,,,,,,,,,,,S-1-5-32-575,RDS Remote Access Servers,,,,,,,,,,,,,,,,
2025-08-13T10:50:44.275360Z,4735,WIN-LC7SFT89DTG,Microsoft-Windows-Security-Auditing,Security,274,0,,,,,,,,,,,,,,,,,,,,,,,,,,,,,,,,,,,,,,,,,,,,,,,,,,,,,,,,,,,,,,,,,,,,,,,,,,,,,,,,,,,,,,,,,,,,,,,,,,,,,,,,,,,,,,,,,-,,,,,,,,,,,,,,,-,,,,,,,-,,,,,,,,WORKGROUP,0x3e7,,WIN-LC7SFT89DTG$,S-1-5-18,Builtin,,,,,,,,,,,S-1-5-32-576,RDS Endpoint Servers,,,,,,,,,,,,,,,,
2025-08-13T10:50:44.275425Z,4781,WIN-LC7SFT89DTG,Microsoft-Windows-Security-Auditing,Security,275,0,,,,,,,,,,,,,,,,,,,,,,,,,,,,,,,,,,,,,,,,,,,,,,,,,,,,,,,,,,,,,,,,,,,,,,,,,,,,,,,,,,,,RDS Endpoint Servers,,,,,,,,,,,,,,RDS Endpoint Servers,,,,,,,,,,,,,,,-,,,,,,,,,,,,,,,,,,,,,,,,,,,,,,WORKGROUP,0x3e7,,WIN-LC7SFT89DTG$,S-1-5-18,Builtin,,,,,,,,,,,S-1-5-32-576,,,,,,,,,,,,,,,,,
2025-08-13T10:50:44.275431Z,4735,WIN-LC7SFT89DTG,Microsoft-Windows-Security-Auditing,Security,276,0,,,,,,,,,,,,,,,,,,,,,,,,,,,,,,,,,,,,,,,,,,,,,,,,,,,,,,,,,,,,,,,,,,,,,,,,,,,,,,,,,,,,,,,,,,,,,,,,,,,,,,,,,,,,,,,,,-,,,,,,,,,,,,,,,RDS Endpoint Servers,,,,,,,-,,,,,,,,WORKGROUP,0x3e7,,WIN-LC7SFT89DTG$,S-1-5-18,Builtin,,,,,,,,,,,S-1-5-32-576,RDS Endpoint Servers,,,,,,,,,,,,,,,,
2025-08-13T10:50:44.275506Z,4735,WIN-LC7SFT89DTG,Microsoft-Windows-Security-Auditing,Security,277,0,,,,,,,,,,,,,,,,,,,,,,,,,,,,,,,,,,,,,,,,,,,,,,,,,,,,,,,,,,,,,,,,,,,,,,,,,,,,,,,,,,,,,,,,,,,,,,,,,,,,,,,,,,,,,,,,,-,,,,,,,,,,,,,,,-,,,,,,,-,,,,,,,,WORKGROUP,0x3e7,,WIN-LC7SFT89DTG$,S-1-5-18,Builtin,,,,,,,,,,,S-1-5-32-577,RDS Management Servers,,,,,,,,,,,,,,,,
2025-08-13T10:50:44.275570Z,4781,WIN-LC7SFT89DTG,Microsoft-Windows-Security-Auditing,Security,278,0,,,,,,,,,,,,,,,,,,,,,,,,,,,,,,,,,,,,,,,,,,,,,,,,,,,,,,,,,,,,,,,,,,,,,,,,,,,,,,,,,,,,RDS Management Servers,,,,,,,,,,,,,,RDS Management Servers,,,,,,,,,,,,,,,-,,,,,,,,,,,,,,,,,,,,,,,,,,,,,,WORKGROUP,0x3e7,,WIN-LC7SFT89DTG$,S-1-5-18,Builtin,,,,,,,,,,,S-1-5-32-577,,,,,,,,,,,,,,,,,
2025-08-13T10:50:44.275576Z,4735,WIN-LC7SFT89DTG,Microsoft-Windows-Security-Auditing,Security,279,0,,,,,,,,,,,,,,,,,,,,,,,,,,,,,,,,,,,,,,,,,,,,,,,,,,,,,,,,,,,,,,,,,,,,,,,,,,,,,,,,,,,,,,,,,,,,,,,,,,,,,,,,,,,,,,,,,-,,,,,,,,,,,,,,,RDS Management Servers,,,,,,,-,,,,,,,,WORKGROUP,0x3e7,,WIN-LC7SFT89DTG$,S-1-5-18,Builtin,,,,,,,,,,,S-1-5-32-577,RDS Management Servers,,,,,,,,,,,,,,,,
2025-08-13T10:50:44.275649Z,4735,WIN-LC7SFT89DTG,Microsoft-Windows-Security-Auditing,Security,280,0,,,,,,,,,,,,,,,,,,,,,,,,,,,,,,,,,,,,,,,,,,,,,,,,,,,,,,,,,,,,,,,,,,,,,,,,,,,,,,,,,,,,,,,,,,,,,,,,,,,,,,,,,,,,,,,,,-,,,,,,,,,,,,,,,-,,,,,,,-,,,,,,,,WORKGROUP,0x3e7,,WIN-LC7SFT89DTG$,S-1-5-18,Builtin,,,,,,,,,,,S-1-5-32-578,Hyper-V Administrators,,,,,,,,,,,,,,,,
2025-08-13T10:50:44.275712Z,4781,WIN-LC7SFT89DTG,Microsoft-Windows-Security-Auditing,Security,281,0,,,,,,,,,,,,,,,,,,,,,,,,,,,,,,,,,,,,,,,,,,,,,,,,,,,,,,,,,,,,,,,,,,,,,,,,,,,,,,,,,,,,Hyper-V Administrators,,,,,,,,,,,,,,Hyper-V Administrators,,,,,,,,,,,,,,,-,,,,,,,,,,,,,,,,,,,,,,,,,,,,,,WORKGROUP,0x3e7,,WIN-LC7SFT89DTG$,S-1-5-18,Builtin,,,,,,,,,,,S-1-5-32-578,,,,,,,,,,,,,,,,,
2025-08-13T10:50:44.275718Z,4735,WIN-LC7SFT89DTG,Microsoft-Windows-Security-Auditing,Security,282,0,,,,,,,,,,,,,,,,,,,,,,,,,,,,,,,,,,,,,,,,,,,,,,,,,,,,,,,,,,,,,,,,,,,,,,,,,,,,,,,,,,,,,,,,,,,,,,,,,,,,,,,,,,,,,,,,,-,,,,,,,,,,,,,,,Hyper-V Administrators,,,,,,,-,,,,,,,,WORKGROUP,0x3e7,,WIN-LC7SFT89DTG$,S-1-5-18,Builtin,,,,,,,,,,,S-1-5-32-578,Hyper-V Administrators,,,,,,,,,,,,,,,,
2025-08-13T10:50:44.275793Z,4735,WIN-LC7SFT89DTG,Microsoft-Windows-Security-Auditing,Security,283,0,,,,,,,,,,,,,,,,,,,,,,,,,,,,,,,,,,,,,,,,,,,,,,,,,,,,,,,,,,,,,,,,,,,,,,,,,,,,,,,,,,,,,,,,,,,,,,,,,,,,,,,,,,,,,,,,,-,,,,,,,,,,,,,,,-,,,,,,,-,,,,,,,,WORKGROUP,0x3e7,,WIN-LC7SFT89DTG$,S-1-5-18,Builtin,,,,,,,,,,,S-1-5-32-579,Access Control Assistance Operators,,,,,,,,,,,,,,,,
2025-08-13T10:50:44.275861Z,4781,WIN-LC7SFT89DTG,Microsoft-Windows-Security-Auditing,Security,284,0,,,,,,,,,,,,,,,,,,,,,,,,,,,,,,,,,,,,,,,,,,,,,,,,,,,,,,,,,,,,,,,,,,,,,,,,,,,,,,,,,,,,Access Control Assistance Operators,,,,,,,,,,,,,,Access Control Assistance Operators,,,,,,,,,,,,,,,-,,,,,,,,,,,,,,,,,,,,,,,,,,,,,,WORKGROUP,0x3e7,,WIN-LC7SFT89DTG$,S-1-5-18,Builtin,,,,,,,,,,,S-1-5-32-579,,,,,,,,,,,,,,,,,
2025-08-13T10:50:44.275867Z,4735,WIN-LC7SFT89DTG,Microsoft-Windows-Security-Auditing,Security,285,0,,,,,,,,,,,,,,,,,,,,,,,,,,,,,,,,,,,,,,,,,,,,,,,,,,,,,,,,,,,,,,,,,,,,,,,,,,,,,,,,,,,,,,,,,,,,,,,,,,,,,,,,,,,,,,,,,-,,,,,,,,,,,,,,,Access Control Assistance Operators,,,,,,,-,,,,,,,,WORKGROUP,0x3e7,,WIN-LC7SFT89DTG$,S-1-5-18,Builtin,,,,,,,,,,,S-1-5-32-579,Access Control Assistance Operators,,,,,,,,,,,,,,,,
2025-08-13T10:50:44.275945Z,4735,WIN-LC7SFT89DTG,Microsoft-Windows-Security-Auditing,Security,286,0,,,,,,,,,,,,,,,,,,,,,,,,,,,,,,,,,,,,,,,,,,,,,,,,,,,,,,,,,,,,,,,,,,,,,,,,,,,,,,,,,,,,,,,,,,,,,,,,,,,,,,,,,,,,,,,,,-,,,,,,,,,,,,,,,-,,,,,,,-,,,,,,,,WORKGROUP,0x3e7,,WIN-LC7SFT89DTG$,S-1-5-18,Builtin,,,,,,,,,,,S-1-5-32-580,Remote Management Users,,,,,,,,,,,,,,,,
2025-08-13T10:50:44.276009Z,4781,WIN-LC7SFT89DTG,Microsoft-Windows-Security-Auditing,Security,287,0,,,,,,,,,,,,,,,,,,,,,,,,,,,,,,,,,,,,,,,,,,,,,,,,,,,,,,,,,,,,,,,,,,,,,,,,,,,,,,,,,,,,Remote Management Users,,,,,,,,,,,,,,Remote Management Users,,,,,,,,,,,,,,,-,,,,,,,,,,,,,,,,,,,,,,,,,,,,,,WORKGROUP,0x3e7,,WIN-LC7SFT89DTG$,S-1-5-18,Builtin,,,,,,,,,,,S-1-5-32-580,,,,,,,,,,,,,,,,,
2025-08-13T10:50:44.276014Z,4735,WIN-LC7SFT89DTG,Microsoft-Windows-Security-Auditing,Security,288,0,,,,,,,,,,,,,,,,,,,,,,,,,,,,,,,,,,,,,,,,,,,,,,,,,,,,,,,,,,,,,,,,,,,,,,,,,,,,,,,,,,,,,,,,,,,,,,,,,,,,,,,,,,,,,,,,,-,,,,,,,,,,,,,,,Remote Management Users,,,,,,,-,,,,,,,,WORKGROUP,0x3e7,,WIN-LC7SFT89DTG$,S-1-5-18,Builtin,,,,,,,,,,,S-1-5-32-580,Remote Management Users,,,,,,,,,,,,,,,,
2025-08-13T10:50:44.276086Z,4735,WIN-LC7SFT89DTG,Microsoft-Windows-Security-Auditing,Security,289,0,,,,,,,,,,,,,,,,,,,,,,,,,,,,,,,,,,,,,,,,,,,,,,,,,,,,,,,,,,,,,,,,,,,,,,,,,,,,,,,,,,,,,,,,,,,,,,,,,,,,,,,,,,,,,,,,,-,,,,,,,,,,,,,,,-,,,,,,,-,,,,,,,,WORKGROUP,0x3e7,,WIN-LC7SFT89DTG$,S-1-5-18,Builtin,,,,,,,,,,,S-1-5-32-582,Storage Replica Administrators,,,,,,,,,,,,,,,,
2025-08-13T10:50:44.276150Z,4781,WIN-LC7SFT89DTG,Microsoft-Windows-Security-Auditing,Security,290,0,,,,,,,,,,,,,,,,,,,,,,,,,,,,,,,,,,,,,,,,,,,,,,,,,,,,,,,,,,,,,,,,,,,,,,,,,,,,,,,,,,,,Storage Replica Administrators,,,,,,,,,,,,,,Storage Replica Administrators,,,,,,,,,,,,,,,-,,,,,,,,,,,,,,,,,,,,,,,,,,,,,,WORKGROUP,0x3e7,,WIN-LC7SFT89DTG$,S-1-5-18,Builtin,,,,,,,,,,,S-1-5-32-582,,,,,,,,,,,,,,,,,
2025-08-13T10:50:44.276155Z,4735,WIN-LC7SFT89DTG,Microsoft-Windows-Security-Auditing,Security,291,0,,,,,,,,,,,,,,,,,,,,,,,,,,,,,,,,,,,,,,,,,,,,,,,,,,,,,,,,,,,,,,,,,,,,,,,,,,,,,,,,,,,,,,,,,,,,,,,,,,,,,,,,,,,,,,,,,-,,,,,,,,,,,,,,,Storage Replica Administrators,,,,,,,-,,,,,,,,WORKGROUP,0x3e7,,WIN-LC7SFT89DTG$,S-1-5-18,Builtin,,,,,,,,,,,S-1-5-32-582,Storage Replica Administrators,,,,,,,,,,,,,,,,
2025-08-13T10:50:44.276227Z,4735,WIN-LC7SFT89DTG,Microsoft-Windows-Security-Auditing,Security,292,0,,,,,,,,,,,,,,,,,,,,,,,,,,,,,,,,,,,,,,,,,,,,,,,,,,,,,,,,,,,,,,,,,,,,,,,,,,,,,,,,,,,,,,,,,,,,,,,,,,,,,,,,,,,,,,,,,-,,,,,,,,,,,,,,,-,,,,,,,-,,,,,,,,WORKGROUP,0x3e7,,WIN-LC7SFT89DTG$,S-1-5-18,Builtin,,,,,,,,,,,S-1-5-32-581,System Managed Accounts Group,,,,,,,,,,,,,,,,
2025-08-13T10:50:44.276289Z,4781,WIN-LC7SFT89DTG,Microsoft-Windows-Security-Auditing,Security,293,0,,,,,,,,,,,,,,,,,,,,,,,,,,,,,,,,,,,,,,,,,,,,,,,,,,,,,,,,,,,,,,,,,,,,,,,,,,,,,,,,,,,,System Managed Accounts Group,,,,,,,,,,,,,,System Managed Accounts Group,,,,,,,,,,,,,,,-,,,,,,,,,,,,,,,,,,,,,,,,,,,,,,WORKGROUP,0x3e7,,WIN-LC7SFT89DTG$,S-1-5-18,Builtin,,,,,,,,,,,S-1-5-32-581,,,,,,,,,,,,,,,,,
2025-08-13T10:50:44.276294Z,4735,WIN-LC7SFT89DTG,Microsoft-Windows-Security-Auditing,Security,294,0,,,,,,,,,,,,,,,,,,,,,,,,,,,,,,,,,,,,,,,,,,,,,,,,,,,,,,,,,,,,,,,,,,,,,,,,,,,,,,,,,,,,,,,,,,,,,,,,,,,,,,,,,,,,,,,,,-,,,,,,,,,,,,,,,System Managed Accounts Group,,,,,,,-,,,,,,,,WORKGROUP,0x3e7,,WIN-LC7SFT89DTG$,S-1-5-18,Builtin,,,,,,,,,,,S-1-5-32-581,System Managed Accounts Group,,,,,,,,,,,,,,,,
2025-08-13T10:50:44.276365Z,4735,WIN-LC7SFT89DTG,Microsoft-Windows-Security-Auditing,Security,295,0,,,,,,,,,,,,,,,,,,,,,,,,,,,,,,,,,,,,,,,,,,,,,,,,,,,,,,,,,,,,,,,,,,,,,,,,,,,,,,,,,,,,,,,,,,,,,,,,,,,,,,,,,,,,,,,,,-,,,,,,,,,,,,,,,-,,,,,,,-,,,,,,,,WORKGROUP,0x3e7,,WIN-LC7SFT89DTG$,S-1-5-18,Builtin,,,,,,,,,,,S-1-5-32-583,Device Owners,,,,,,,,,,,,,,,,
2025-08-13T10:50:44.276427Z,4781,WIN-LC7SFT89DTG,Microsoft-Windows-Security-Auditing,Security,296,0,,,,,,,,,,,,,,,,,,,,,,,,,,,,,,,,,,,,,,,,,,,,,,,,,,,,,,,,,,,,,,,,,,,,,,,,,,,,,,,,,,,,Device Owners,,,,,,,,,,,,,,Device Owners,,,,,,,,,,,,,,,-,,,,,,,,,,,,,,,,,,,,,,,,,,,,,,WORKGROUP,0x3e7,,WIN-LC7SFT89DTG$,S-1-5-18,Builtin,,,,,,,,,,,S-1-5-32-583,,,,,,,,,,,,,,,,,
2025-08-13T10:50:44.276432Z,4735,WIN-LC7SFT89DTG,Microsoft-Windows-Security-Auditing,Security,297,0,,,,,,,,,,,,,,,,,,,,,,,,,,,,,,,,,,,,,,,,,,,,,,,,,,,,,,,,,,,,,,,,,,,,,,,,,,,,,,,,,,,,,,,,,,,,,,,,,,,,,,,,,,,,,,,,,-,,,,,,,,,,,,,,,Device Owners,,,,,,,-,,,,,,,,WORKGROUP,0x3e7,,WIN-LC7SFT89DTG$,S-1-5-18,Builtin,,,,,,,,,,,S-1-5-32-583,Device Owners,,,,,,,,,,,,,,,,
2025-08-13T10:50:44.277204Z,4738,WIN-LC7SFT89DTG,Microsoft-Windows-Security-Auditing,Security,298,0,,,,,%%1794,,,,,-,,,,,,,,,,,,,,,,,,,,,,,,%%1793,,,,,,-,,,,,,,,%%1793,%%1793,,,,,,,,,,,,,,,,,,,,%%1797,,,,,,,,,,,,,,,,,0x210,,,,,,,,,,,,,0x210,,,,,,,,,%%1794,,,,513,-,,,,%%1793,,,,,,,,,,,Administrator,,,%%1793,,,,-,,,,,,,,WORKGROUP,0x3e7,,WIN-LC7SFT89DTG$,S-1-5-18,WIN-LC7SFT89DTG,,,,,,,,,,,S-1-5-21-2502726253-3859040611-225969357-500,Administrator,,,,,,,,-,%%1793,-,%%1793,,,,,
2025-08-13T10:50:44.277482Z,4738,WIN-LC7SFT89DTG,Microsoft-Windows-Security-Auditing,Security,299,0,,,,,%%1794,,,,,-,,,,,,,,,,,,,,,,,,,,,,,,%%1793,,,,,,-,,,,,,,,%%1793,%%1793,,,,,,,,,,,,,,,,,,,,%%1797,,,,,,,,,,,,,,,,,0x210,,,,,,,,,,,,,0x210,,,,,,,,,%%1794,,,,513,-,,,,%%1793,,,,,,,,,,,Administrator,,,%%1793,,,,-,,,,,,,,WORKGROUP,0x3e7,,WIN-LC7SFT89DTG$,S-1-5-18,WIN-LC7SFT89DTG,,,,,,,,,,,S-1-5-21-2502726253-3859040611-225969357-500,Administrator,,,,,,,,-,%%1793,-,%%1793,,,,,
2025-08-13T10:50:44.277679Z,4738,WIN-LC7SFT89DTG,Microsoft-Windows-Security-Auditing,Security,300,0,,,,,%%1794,,,,,-,,,,,,,,,,,,,,,,,,,,,,,,%%1793,,,,,,-,,,,,,,,%%1793,%%1793,,,,,,,,,,,,,,,,,,,,%%1797,,,,,,,,,,,,,,,,,0x215,,,,,,,,,,,,,0x215,,,,,,,,,%%1794,,,,513,-,,,,%%1793,,,,,,,,,,,Guest,,,%%1793,,,,-,,,,,,,,WORKGROUP,0x3e7,,WIN-LC7SFT89DTG$,S-1-5-18,WIN-LC7SFT89DTG,,,,,,,,,,,S-1-5-21-2502726253-3859040611-225969357-501,Guest,,,,,,,,-,%%1793,-,%%1793,,,,,
2025-08-13T10:50:44.277784Z,4738,WIN-LC7SFT89DTG,Microsoft-Windows-Security-Auditing,Security,301,0,,,,,%%1794,,,,,-,,,,,,,,,,,,,,,,,,,,,,,,%%1793,,,,,,-,,,,,,,,%%1793,%%1793,,,,,,,,,,,,,,,,,,,,%%1797,,,,,,,,,,,,,,,,,0x215,,,,,,,,,,,,,0x215,,,,,,,,,%%1794,,,,513,-,,,,%%1793,,,,,,,,,,,Guest,,,%%1793,,,,-,,,,,,,,WORKGROUP,0x3e7,,WIN-LC7SFT89DTG$,S-1-5-18,WIN-LC7SFT89DTG,,,,,,,,,,,S-1-5-21-2502726253-3859040611-225969357-501,Guest,,,,,,,,-,%%1793,-,%%1793,,,,,
2025-08-13T10:50:44.277959Z,4738,WIN-LC7SFT89DTG,Microsoft-Windows-Security-Auditing,Security,302,0,,,,,%%1794,,,,,-,,,,,,,,,,,,,,,,,,,,,,,,%%1793,,,,,,-,,,,,,,,%%1793,%%1793,,,,,,,,,,,,,,,,,,,,%%1797,,,,,,,,,,,,,,,,,0x215,,,,,,,,,,,,,0x215,,,,,,,,,%%1794,,,,513,-,,,,%%1793,,,,,,,,,,,DefaultAccount,,,%%1793,,,,-,,,,,,,,WORKGROUP,0x3e7,,WIN-LC7SFT89DTG$,S-1-5-18,WIN-LC7SFT89DTG,,,,,,,,,,,S-1-5-21-2502726253-3859040611-225969357-503,DefaultAccount,,,,,,,,-,%%1793,-,%%1793,,,,,
2025-08-13T10:50:44.278058Z,4738,WIN-LC7SFT89DTG,Microsoft-Windows-Security-Auditing,Security,303,0,,,,,%%1794,,,,,-,,,,,,,,,,,,,,,,,,,,,,,,%%1793,,,,,,-,,,,,,,,%%1793,%%1793,,,,,,,,,,,,,,,,,,,,%%1797,,,,,,,,,,,,,,,,,0x215,,,,,,,,,,,,,0x215,,,,,,,,,%%1794,,,,513,-,,,,%%1793,,,,,,,,,,,DefaultAccount,,,%%1793,,,,-,,,,,,,,WORKGROUP,0x3e7,,WIN-LC7SFT89DTG$,S-1-5-18,WIN-LC7SFT89DTG,,,,,,,,,,,S-1-5-21-2502726253-3859040611-225969357-503,DefaultAccount,,,,,,,,-,%%1793,-,%%1793,,,,,
2025-08-13T10:50:44.278293Z,4738,WIN-LC7SFT89DTG,Microsoft-Windows-Security-Auditing,Security,304,0,,,,,%%1794,,,,,-,,,,,,,,,,,,,,,,,,,,,,,,%%1793,,,,,,-,,,,,,,,%%1793,%%1793,,,,,,,,,,,,,,,,,,,,%%1797,,,,,,,,,,,,,,,,,0x11,,,,,,,,,,,,,0x11,,,,,,,,,8/13/2025 12:50:01 PM,,,,513,-,,,,%%1793,,,,,,,,,,,WDAGUtilityAccount,,,%%1793,,,,-,,,,,,,,WORKGROUP,0x3e7,,WIN-LC7SFT89DTG$,S-1-5-18,WIN-LC7SFT89DTG,,,,,,,,,,,S-1-5-21-2502726253-3859040611-225969357-504,WDAGUtilityAccount,,,,,,,,-,%%1793,-,%%1793,,,,,
2025-08-13T10:50:44.278435Z,4738,WIN-LC7SFT89DTG,Microsoft-Windows-Security-Auditing,Security,305,0,,,,,%%1794,,,,,-,,,,,,,,,,,,,,,,,,,,,,,,%%1793,,,,,,-,,,,,,,,%%1793,%%1793,,,,,,,,,,,,,,,,,,,,%%1797,,,,,,,,,,,,,,,,,0x11,,,,,,,,,,,,,0x11,,,,,,,,,8/13/2025 12:50:01 PM,,,,513,-,,,,%%1793,,,,,,,,,,,WDAGUtilityAccount,,,%%1793,,,,-,,,,,,,,WORKGROUP,0x3e7,,WIN-LC7SFT89DTG$,S-1-5-18,WIN-LC7SFT89DTG,,,,,,,,,,,S-1-5-21-2502726253-3859040611-225969357-504,WDAGUtilityAccount,,,,,,,,-,%%1793,-,%%1793,,,,,
2025-08-13T10:50:44.278599Z,4737,WIN-LC7SFT89DTG,Microsoft-Windows-Security-Auditing,Security,306,0,,,,,,,,,,,,,,,,,,,,,,,,,,,,,,,,,,,,,,,,,,,,,,,,,,,,,,,,,,,,,,,,,,,,,,,,,,,,,,,,,,,,,,,,,,,,,,,,,,,,,,,,,,,,,,,,,-,,,,,,,,,,,,,,,-,,,,,,,-,,,,,,,,WORKGROUP,0x3e7,,WIN-LC7SFT89DTG$,S-1-5-18,WIN-LC7SFT89DTG,,,,,,,,,,,S-1-5-21-2502726253-3859040611-225969357-513,None,,,,,,,,,,,,,,,,
2025-08-13T10:50:44.278693Z,4781,WIN-LC7SFT89DTG,Microsoft-Windows-Security-Auditing,Security,307,0,,,,,,,,,,,,,,,,,,,,,,,,,,,,,,,,,,,,,,,,,,,,,,,,,,,,,,,,,,,,,,,,,,,,,,,,,,,,,,,,,,,,None,,,,,,,,,,,,,,None,,,,,,,,,,,,,,,-,,,,,,,,,,,,,,,,,,,,,,,,,,,,,,WORKGROUP,0x3e7,,WIN-LC7SFT89DTG$,S-1-5-18,WIN-LC7SFT89DTG,,,,,,,,,,,S-1-5-21-2502726253-3859040611-225969357-513,,,,,,,,,,,,,,,,,
2025-08-13T10:50:44.278701Z,4737,WIN-LC7SFT89DTG,Microsoft-Windows-Security-Auditing,Security,308,0,,,,,,,,,,,,,,,,,,,,,,,,,,,,,,,,,,,,,,,,,,,,,,,,,,,,,,,,,,,,,,,,,,,,,,,,,,,,,,,,,,,,,,,,,,,,,,,,,,,,,,,,,,,,,,,,,-,,,,,,,,,,,,,,,None,,,,,,,-,,,,,,,,WORKGROUP,0x3e7,,WIN-LC7SFT89DTG$,S-1-5-18,WIN-LC7SFT89DTG,,,,,,,,,,,S-1-5-21-2502726253-3859040611-225969357-513,None,,,,,,,,,,,,,,,,
2025-08-13T10:52:35.138606Z,4624,WIN-LC7SFT89DTG,Microsoft-Windows-Security-Auditing,Security,309,0,,,,,,,,,,,,,,,,,Negotiate,,,,,,,,,,,,,,,,,,,,,,,,%%1842,,,,,,,,,,,,,%%1833,-,-,,,,0,,,-,,,,,00000000-0000-0000-0000-000000000000,,Advapi  ,5,,,,,,,,,,,,,,,,,,,,,,,,,,,,,,,,,,,,,,,,,,,,0x27c,C:\Windows\System32\services.exe,,,,,,,,,,-,,,,,,,,,,,,,,,,,WORKGROUP,0x3e7,,WIN-LC7SFT89DTG$,S-1-5-18,NT AUTHORITY,,0x0,,0x3e7,,-,-,,,,,SYSTEM,S-1-5-18,,,,,-,,,,,,%%1843,,,-,
2025-08-13T10:52:35.138611Z,4672,WIN-LC7SFT89DTG,Microsoft-Windows-Security-Auditing,Security,310,0,,,,,,,,,,,,,,,,,,,,,,,,,,,,,,,,,,,,,,,,,,,,,,,,,,,,,,,,,,,,,,,,,,,,,,,,,,,,,,,,,,,,,,,,,,,,,,,,,,,,,,,,,,,,,,,,,"SeAssignPrimaryTokenPrivilege
			SeTcbPrivilege
			SeSecurityPrivilege
			SeTakeOwnershipPrivilege
			SeLoadDriverPrivilege
			SeBackupPrivilege
			SeRestorePrivilege
			SeDebugPrivilege
			SeAuditPrivilege
			SeSystemEnvironmentPrivilege
			SeImpersonatePrivilege
			SeDelegateSessionUserImpersonatePrivilege",,,,,,,,,,,,,,,,,,,,,,,,,,,,,,NT AUTHORITY,0x3e7,,SYSTEM,S-1-5-18,,,,,,,,,,,,,,,,,,,,,,,,,,,,,
2025-08-13T10:52:35.163057Z,4624,WIN-LC7SFT89DTG,Microsoft-Windows-Security-Auditing,Security,311,0,,,,,,,,,,,,,,,,,Negotiate,,,,,,,,,,,,,,,,,,,,,,,,%%1842,,,,,,,,,,,,,%%1833,-,-,,,,0,,,-,,,,,00000000-0000-0000-0000-000000000000,,Advapi  ,5,,,,,,,,,,,,,,,,,,,,,,,,,,,,,,,,,,,,,,,,,,,,0x27c,C:\Windows\System32\services.exe,,,,,,,,,,-,,,,,,,,,,,,,,,,,WORKGROUP,0x3e7,,WIN-LC7SFT89DTG$,S-1-5-18,NT AUTHORITY,,0x0,,0x3e7,,-,-,,,,,SYSTEM,S-1-5-18,,,,,-,,,,,,%%1843,,,-,
2025-08-13T10:52:35.163061Z,4672,WIN-LC7SFT89DTG,Microsoft-Windows-Security-Auditing,Security,312,0,,,,,,,,,,,,,,,,,,,,,,,,,,,,,,,,,,,,,,,,,,,,,,,,,,,,,,,,,,,,,,,,,,,,,,,,,,,,,,,,,,,,,,,,,,,,,,,,,,,,,,,,,,,,,,,,,"SeAssignPrimaryTokenPrivilege
			SeTcbPrivilege
			SeSecurityPrivilege
			SeTakeOwnershipPrivilege
			SeLoadDriverPrivilege
			SeBackupPrivilege
			SeRestorePrivilege
			SeDebugPrivilege
			SeAuditPrivilege
			SeSystemEnvironmentPrivilege
			SeImpersonatePrivilege
			SeDelegateSessionUserImpersonatePrivilege",,,,,,,,,,,,,,,,,,,,,,,,,,,,,,NT AUTHORITY,0x3e7,,SYSTEM,S-1-5-18,,,,,,,,,,,,,,,,,,,,,,,,,,,,,
2025-08-13T10:52:35.791196Z,4624,WIN-LC7SFT89DTG,Microsoft-Windows-Security-Auditing,Security,313,0,,,,,,,,,,,,,,,,,Negotiate,,,,,,,,,,,,,,,,,,,,,,,,%%1842,,,,,,,,,,,,,%%1833,-,-,,,,0,,,-,,,,,00000000-0000-0000-0000-000000000000,,Advapi  ,5,,,,,,,,,,,,,,,,,,,,,,,,,,,,,,,,,,,,,,,,,,,,0x27c,C:\Windows\System32\services.exe,,,,,,,,,,-,,,,,,,,,,,,,,,,,WORKGROUP,0x3e7,,WIN-LC7SFT89DTG$,S-1-5-18,NT AUTHORITY,,0x0,,0x3e7,,-,-,,,,,SYSTEM,S-1-5-18,,,,,-,,,,,,%%1843,,,-,
2025-08-13T10:52:35.791202Z,4672,WIN-LC7SFT89DTG,Microsoft-Windows-Security-Auditing,Security,314,0,,,,,,,,,,,,,,,,,,,,,,,,,,,,,,,,,,,,,,,,,,,,,,,,,,,,,,,,,,,,,,,,,,,,,,,,,,,,,,,,,,,,,,,,,,,,,,,,,,,,,,,,,,,,,,,,,"SeAssignPrimaryTokenPrivilege
			SeTcbPrivilege
			SeSecurityPrivilege
			SeTakeOwnershipPrivilege
			SeLoadDriverPrivilege
			SeBackupPrivilege
			SeRestorePrivilege
			SeDebugPrivilege
			SeAuditPrivilege
			SeSystemEnvironmentPrivilege
			SeImpersonatePrivilege
			SeDelegateSessionUserImpersonatePrivilege",,,,,,,,,,,,,,,,,,,,,,,,,,,,,,NT AUTHORITY,0x3e7,,SYSTEM,S-1-5-18,,,,,,,,,,,,,,,,,,,,,,,,,,,,,
2025-08-13T10:52:40.630190Z,4624,WIN-LC7SFT89DTG,Microsoft-Windows-Security-Auditing,Security,315,0,,,,,,,,,,,,,,,,,Negotiate,,,,,,,,,,,,,,,,,,,,,,,,%%1842,,,,,,,,,,,,,%%1833,-,-,,,,0,,,-,,,,,00000000-0000-0000-0000-000000000000,,Advapi  ,5,,,,,,,,,,,,,,,,,,,,,,,,,,,,,,,,,,,,,,,,,,,,0x27c,C:\Windows\System32\services.exe,,,,,,,,,,-,,,,,,,,,,,,,,,,,WORKGROUP,0x3e7,,WIN-LC7SFT89DTG$,S-1-5-18,NT AUTHORITY,,0x0,,0x3e7,,-,-,,,,,SYSTEM,S-1-5-18,,,,,-,,,,,,%%1843,,,-,
2025-08-13T10:52:40.630195Z,4672,WIN-LC7SFT89DTG,Microsoft-Windows-Security-Auditing,Security,316,0,,,,,,,,,,,,,,,,,,,,,,,,,,,,,,,,,,,,,,,,,,,,,,,,,,,,,,,,,,,,,,,,,,,,,,,,,,,,,,,,,,,,,,,,,,,,,,,,,,,,,,,,,,,,,,,,,"SeAssignPrimaryTokenPrivilege
			SeTcbPrivilege
			SeSecurityPrivilege
			SeTakeOwnershipPrivilege
			SeLoadDriverPrivilege
			SeBackupPrivilege
			SeRestorePrivilege
			SeDebugPrivilege
			SeAuditPrivilege
			SeSystemEnvironmentPrivilege
			SeImpersonatePrivilege
			SeDelegateSessionUserImpersonatePrivilege",,,,,,,,,,,,,,,,,,,,,,,,,,,,,,NT AUTHORITY,0x3e7,,SYSTEM,S-1-5-18,,,,,,,,,,,,,,,,,,,,,,,,,,,,,
2025-08-13T10:52:40.818913Z,5061,WIN-LC7SFT89DTG,Microsoft-Windows-Security-Auditing,Security,317,0,,,,,,,,,UNKNOWN,,,,,,,,,,,,,,,,,,,,,,,,,,,,,,,,,,,,,,,,,,,,,,,,,,,,Microsoft Connected Devices Platform device certificate,%%2500,,,,,,,,,,,,,,,,,,,,,,,,,,,,,,,,,,,,,,,%%2480,,,,,,,,,,,,,,,,,,Microsoft Software Key Storage Provider,,,,,,,,0x80090016,,,,,,,,,,,,,,,,NT AUTHORITY,0x3e5,,LOCAL SERVICE,S-1-5-19,,,,,,,,,,,,,,,,,,,,,,,,,,,,,
2025-08-13T10:52:40.819366Z,5061,WIN-LC7SFT89DTG,Microsoft-Windows-Security-Auditing,Security,318,0,,,,,,,,,UNKNOWN,,,,,,,,,,,,,,,,,,,,,,,,,,,,,,,,,,,,,,,,,,,,,,,,,,,,Microsoft Connected Devices Platform device certificate,%%2500,,,,,,,,,,,,,,,,,,,,,,,,,,,,,,,,,,,,,,,%%2480,,,,,,,,,,,,,,,,,,Microsoft Software Key Storage Provider,,,,,,,,0x80090016,,,,,,,,,,,,,,,,NT AUTHORITY,0x3e5,,LOCAL SERVICE,S-1-5-19,,,,,,,,,,,,,,,,,,,,,,,,,,,,,
2025-08-13T10:52:40.819690Z,5061,WIN-LC7SFT89DTG,Microsoft-Windows-Security-Auditing,Security,319,0,,,,,,,,,UNKNOWN,,,,,,,,,,,,,,,,,,,,,,,,,,,,,,,,,,,,,,,,,,,,,,,,,,,,Microsoft Connected Devices Platform device certificate,%%2500,,,,,,,,,,,,,,,,,,,,,,,,,,,,,,,,,,,,,,,%%2480,,,,,,,,,,,,,,,,,,Microsoft Software Key Storage Provider,,,,,,,,0x80090016,,,,,,,,,,,,,,,,NT AUTHORITY,0x3e5,,LOCAL SERVICE,S-1-5-19,,,,,,,,,,,,,,,,,,,,,,,,,,,,,
2025-08-13T10:52:40.825072Z,5058,WIN-LC7SFT89DTG,Microsoft-Windows-Security-Auditing,Security,320,0,,,,,,,,,ECDSA_P256,,,,,,,,,,,,,,,2025-08-13T10:52:40.770440Z,6108,,,,,,,,,,,,,,,,,,,,,,,,,,,,,,,,,,C:\Windows\ServiceProfiles\LocalService\AppData\Roaming\Microsoft\Crypto\Keys\de7cf8a7901d2ad13e5c67c29e5d1662_9c32fc58-91ff-4dc6-87b4-7e601db21fd9,,Microsoft Connected Devices Platform device certificate,%%2500,,,,,,,,,,,,,,,,,,,,,,,,,,,,,,,,,,,,,,,%%2459,,,,,,,,,,,,,,,,,,Microsoft Software Key Storage Provider,,,,,,,,0x0,,,,,,,,,,,,,,,,NT AUTHORITY,0x3e5,,LOCAL SERVICE,S-1-5-19,,,,,,,,,,,,,,,,,,,,,,,,,,,,,
2025-08-13T10:52:40.825359Z,5061,WIN-LC7SFT89DTG,Microsoft-Windows-Security-Auditing,Security,321,0,,,,,,,,,ECDSA_P256,,,,,,,,,,,,,,,,,,,,,,,,,,,,,,,,,,,,,,,,,,,,,,,,,,,,Microsoft Connected Devices Platform device certificate,%%2500,,,,,,,,,,,,,,,,,,,,,,,,,,,,,,,,,,,,,,,%%2481,,,,,,,,,,,,,,,,,,Microsoft Software Key Storage Provider,,,,,,,,0x0,,,,,,,,,,,,,,,,NT AUTHORITY,0x3e5,,LOCAL SERVICE,S-1-5-19,,,,,,,,,,,,,,,,,,,,,,,,,,,,,
2025-08-13T10:52:40.830571Z,5058,WIN-LC7SFT89DTG,Microsoft-Windows-Security-Auditing,Security,322,0,,,,,,,,,UNKNOWN,,,,,,,,,,,,,,,2025-08-13T10:52:40.770440Z,6108,,,,,,,,,,,,,,,,,,,,,,,,,,,,,,,,,,C:\Windows\ServiceProfiles\LocalService\AppData\Roaming\Microsoft\Crypto\Keys\de7cf8a7901d2ad13e5c67c29e5d1662_9c32fc58-91ff-4dc6-87b4-7e601db21fd9,,Microsoft Connected Devices Platform device certificate,%%2500,,,,,,,,,,,,,,,,,,,,,,,,,,,,,,,,,,,,,,,%%2458,,,,,,,,,,,,,,,,,,Microsoft Software Key Storage Provider,,,,,,,,0x0,,,,,,,,,,,,,,,,NT AUTHORITY,0x3e5,,LOCAL SERVICE,S-1-5-19,,,,,,,,,,,,,,,,,,,,,,,,,,,,,
2025-08-13T10:52:40.830802Z,5061,WIN-LC7SFT89DTG,Microsoft-Windows-Security-Auditing,Security,323,0,,,,,,,,,ECDSA_P256,,,,,,,,,,,,,,,,,,,,,,,,,,,,,,,,,,,,,,,,,,,,,,,,,,,,Microsoft Connected Devices Platform device certificate,%%2500,,,,,,,,,,,,,,,,,,,,,,,,,,,,,,,,,,,,,,,%%2480,,,,,,,,,,,,,,,,,,Microsoft Software Key Storage Provider,,,,,,,,0x0,,,,,,,,,,,,,,,,NT AUTHORITY,0x3e5,,LOCAL SERVICE,S-1-5-19,,,,,,,,,,,,,,,,,,,,,,,,,,,,,
2025-08-13T10:52:40.831186Z,5059,WIN-LC7SFT89DTG,Microsoft-Windows-Security-Auditing,Security,324,0,,,,,,,,,ECDSA_P256,,,,,,,,,,,,,,,2025-08-13T10:52:40.770440Z,6108,,,,,,,,,,,,,,,,,,,,,,,,,,,,,,,,,,,,Microsoft Connected Devices Platform device certificate,%%2500,,,,,,,,,,,,,,,,,,,,,,,,,,,,,,,,,,,,,,,%%2464,,,,,,,,,,,,,,,,,,Microsoft Software Key Storage Provider,,,,,,,,0x0,,,,,,,,,,,,,,,,NT AUTHORITY,0x3e5,,LOCAL SERVICE,S-1-5-19,,,,,,,,,,,,,,,,,,,,,,,,,,,,,
2025-08-13T10:52:40.831801Z,5059,WIN-LC7SFT89DTG,Microsoft-Windows-Security-Auditing,Security,325,0,,,,,,,,,ECDSA_P256,,,,,,,,,,,,,,,2025-08-13T10:52:40.770440Z,6108,,,,,,,,,,,,,,,,,,,,,,,,,,,,,,,,,,,,Microsoft Connected Devices Platform device certificate,%%2500,,,,,,,,,,,,,,,,,,,,,,,,,,,,,,,,,,,,,,,%%2464,,,,,,,,,,,,,,,,,,Microsoft Software Key Storage Provider,,,,,,,,0x0,,,,,,,,,,,,,,,,NT AUTHORITY,0x3e5,,LOCAL SERVICE,S-1-5-19,,,,,,,,,,,,,,,,,,,,,,,,,,,,,
2025-08-13T10:52:40.833468Z,5059,WIN-LC7SFT89DTG,Microsoft-Windows-Security-Auditing,Security,326,0,,,,,,,,,ECDSA_P256,,,,,,,,,,,,,,,2025-08-13T10:52:40.770440Z,6108,,,,,,,,,,,,,,,,,,,,,,,,,,,,,,,,,,,,Microsoft Connected Devices Platform device certificate,%%2500,,,,,,,,,,,,,,,,,,,,,,,,,,,,,,,,,,,,,,,%%2464,,,,,,,,,,,,,,,,,,Microsoft Software Key Storage Provider,,,,,,,,0x0,,,,,,,,,,,,,,,,NT AUTHORITY,0x3e5,,LOCAL SERVICE,S-1-5-19,,,,,,,,,,,,,,,,,,,,,,,,,,,,,
2025-08-13T10:54:01.814038Z,4738,WIN-LC7SFT89DTG,Microsoft-Windows-Security-Auditing,Security,327,0,,,,,%%1794,,,,,-,,,,,,,,,,,,,,,,,,,,,,,,%%1793,,,,,,-,,,,,,,,%%1793,%%1793,,,,,,,,,,,,,,,,,,,,%%1797,,,,,,,,,,,,,,,,,0x210,,,,,,,,,,,,,0x210,,,,,,,,,8/13/2025 3:54:01 AM,,,,513,-,,,,%%1793,,,,,,,,,,,Administrator,,,%%1793,,,,-,,,,,,,,WORKGROUP,0x3e7,,WIN-LC7SFT89DTG$,S-1-5-18,WIN-LC7SFT89DTG,,,,,,,,,,,S-1-5-21-2502726253-3859040611-225969357-500,Administrator,,,,,,,,-,-,-,%%1793,,,,,
2025-08-13T10:54:01.814052Z,4724,WIN-LC7SFT89DTG,Microsoft-Windows-Security-Auditing,Security,328,0,,,,,,,,,,,,,,,,,,,,,,,,,,,,,,,,,,,,,,,,,,,,,,,,,,,,,,,,,,,,,,,,,,,,,,,,,,,,,,,,,,,,,,,,,,,,,,,,,,,,,,,,,,,,,,,,,,,,,,,,,,,,,,,,,,,,,,,,,,,,,,,WORKGROUP,0x3e7,,WIN-LC7SFT89DTG$,S-1-5-18,WIN-LC7SFT89DTG,,,,,,,,,,,S-1-5-21-2502726253-3859040611-225969357-500,Administrator,,,,,,,,,,,,,,,,
2025-08-13T10:54:02.114558Z,4624,WIN-LC7SFT89DTG,Microsoft-Windows-Security-Auditing,Security,329,0,,,,,,,,,,,,,,,,,Negotiate,,,,,,,,,,,,,,,,,,,,,,,,%%1842,,,,,,,,,,,,,%%1833,-,-,,,,0,,,-,,,,,00000000-0000-0000-0000-000000000000,,Advapi  ,5,,,,,,,,,,,,,,,,,,,,,,,,,,,,,,,,,,,,,,,,,,,,0x27c,C:\Windows\System32\services.exe,,,,,,,,,,-,,,,,,,,,,,,,,,,,WORKGROUP,0x3e7,,WIN-LC7SFT89DTG$,S-1-5-18,NT AUTHORITY,,0x0,,0x3e7,,-,-,,,,,SYSTEM,S-1-5-18,,,,,-,,,,,,%%1843,,,-,
2025-08-13T10:54:02.114562Z,4672,WIN-LC7SFT89DTG,Microsoft-Windows-Security-Auditing,Security,330,0,,,,,,,,,,,,,,,,,,,,,,,,,,,,,,,,,,,,,,,,,,,,,,,,,,,,,,,,,,,,,,,,,,,,,,,,,,,,,,,,,,,,,,,,,,,,,,,,,,,,,,,,,,,,,,,,,"SeAssignPrimaryTokenPrivilege
			SeTcbPrivilege
			SeSecurityPrivilege
			SeTakeOwnershipPrivilege
			SeLoadDriverPrivilege
			SeBackupPrivilege
			SeRestorePrivilege
			SeDebugPrivilege
			SeAuditPrivilege
			SeSystemEnvironmentPrivilege
			SeImpersonatePrivilege
			SeDelegateSessionUserImpersonatePrivilege",,,,,,,,,,,,,,,,,,,,,,,,,,,,,,NT AUTHORITY,0x3e7,,SYSTEM,S-1-5-18,,,,,,,,,,,,,,,,,,,,,,,,,,,,,
2025-08-13T10:54:02.308782Z,4624,WIN-LC7SFT89DTG,Microsoft-Windows-Security-Auditing,Security,331,0,,,,,,,,,,,,,,,,,Negotiate,,,,,,,,,,,,,,,,,,,,,,,,%%1842,,,,,,,,,,,,,%%1833,-,-,,,,0,,,-,,,,,00000000-0000-0000-0000-000000000000,,Advapi  ,5,,,,,,,,,,,,,,,,,,,,,,,,,,,,,,,,,,,,,,,,,,,,0x27c,C:\Windows\System32\services.exe,,,,,,,,,,-,,,,,,,,,,,,,,,,,WORKGROUP,0x3e7,,WIN-LC7SFT89DTG$,S-1-5-18,NT AUTHORITY,,0x0,,0x3e7,,-,-,,,,,SYSTEM,S-1-5-18,,,,,-,,,,,,%%1843,,,-,
2025-08-13T10:54:02.308787Z,4672,WIN-LC7SFT89DTG,Microsoft-Windows-Security-Auditing,Security,332,0,,,,,,,,,,,,,,,,,,,,,,,,,,,,,,,,,,,,,,,,,,,,,,,,,,,,,,,,,,,,,,,,,,,,,,,,,,,,,,,,,,,,,,,,,,,,,,,,,,,,,,,,,,,,,,,,,"SeAssignPrimaryTokenPrivilege
			SeTcbPrivilege
			SeSecurityPrivilege
			SeTakeOwnershipPrivilege
			SeLoadDriverPrivilege
			SeBackupPrivilege
			SeRestorePrivilege
			SeDebugPrivilege
			SeAuditPrivilege
			SeSystemEnvironmentPrivilege
			SeImpersonatePrivilege
			SeDelegateSessionUserImpersonatePrivilege",,,,,,,,,,,,,,,,,,,,,,,,,,,,,,NT AUTHORITY,0x3e7,,SYSTEM,S-1-5-18,,,,,,,,,,,,,,,,,,,,,,,,,,,,,
2025-08-13T10:54:02.309568Z,4624,WIN-LC7SFT89DTG,Microsoft-Windows-Security-Auditing,Security,333,0,,,,,,,,,,,,,,,,,Negotiate,,,,,,,,,,,,,,,,,,,,,,,,%%1842,,,,,,,,,,,,,%%1833,-,-,,,,0,,,-,,,,,00000000-0000-0000-0000-000000000000,,Advapi  ,5,,,,,,,,,,,,,,,,,,,,,,,,,,,,,,,,,,,,,,,,,,,,0x27c,C:\Windows\System32\services.exe,,,,,,,,,,-,,,,,,,,,,,,,,,,,WORKGROUP,0x3e7,,WIN-LC7SFT89DTG$,S-1-5-18,NT AUTHORITY,,0x0,,0x3e7,,-,-,,,,,SYSTEM,S-1-5-18,,,,,-,,,,,,%%1843,,,-,
2025-08-13T10:54:02.309573Z,4672,WIN-LC7SFT89DTG,Microsoft-Windows-Security-Auditing,Security,334,0,,,,,,,,,,,,,,,,,,,,,,,,,,,,,,,,,,,,,,,,,,,,,,,,,,,,,,,,,,,,,,,,,,,,,,,,,,,,,,,,,,,,,,,,,,,,,,,,,,,,,,,,,,,,,,,,,"SeAssignPrimaryTokenPrivilege
			SeTcbPrivilege
			SeSecurityPrivilege
			SeTakeOwnershipPrivilege
			SeLoadDriverPrivilege
			SeBackupPrivilege
			SeRestorePrivilege
			SeDebugPrivilege
			SeAuditPrivilege
			SeSystemEnvironmentPrivilege
			SeImpersonatePrivilege
			SeDelegateSessionUserImpersonatePrivilege",,,,,,,,,,,,,,,,,,,,,,,,,,,,,,NT AUTHORITY,0x3e7,,SYSTEM,S-1-5-18,,,,,,,,,,,,,,,,,,,,,,,,,,,,,
2025-08-13T10:54:02.351548Z,4624,WIN-LC7SFT89DTG,Microsoft-Windows-Security-Auditing,Security,335,0,,,,,,,,,,,,,,,,,Negotiate,,,,,,,,,,,,,,,,,,,,,,,,%%1842,,,,,,,,,,,,,%%1833,-,-,,,,0,,,-,,,,,00000000-0000-0000-0000-000000000000,,Advapi  ,5,,,,,,,,,,,,,,,,,,,,,,,,,,,,,,,,,,,,,,,,,,,,0x27c,C:\Windows\System32\services.exe,,,,,,,,,,-,,,,,,,,,,,,,,,,,WORKGROUP,0x3e7,,WIN-LC7SFT89DTG$,S-1-5-18,NT AUTHORITY,,0x0,,0x3e7,,-,-,,,,,SYSTEM,S-1-5-18,,,,,-,,,,,,%%1843,,,-,
2025-08-13T10:54:02.351553Z,4672,WIN-LC7SFT89DTG,Microsoft-Windows-Security-Auditing,Security,336,0,,,,,,,,,,,,,,,,,,,,,,,,,,,,,,,,,,,,,,,,,,,,,,,,,,,,,,,,,,,,,,,,,,,,,,,,,,,,,,,,,,,,,,,,,,,,,,,,,,,,,,,,,,,,,,,,,"SeAssignPrimaryTokenPrivilege
			SeTcbPrivilege
			SeSecurityPrivilege
			SeTakeOwnershipPrivilege
			SeLoadDriverPrivilege
			SeBackupPrivilege
			SeRestorePrivilege
			SeDebugPrivilege
			SeAuditPrivilege
			SeSystemEnvironmentPrivilege
			SeImpersonatePrivilege
			SeDelegateSessionUserImpersonatePrivilege",,,,,,,,,,,,,,,,,,,,,,,,,,,,,,NT AUTHORITY,0x3e7,,SYSTEM,S-1-5-18,,,,,,,,,,,,,,,,,,,,,,,,,,,,,
2025-08-13T10:54:03.245496Z,4624,WIN-LC7SFT89DTG,Microsoft-Windows-Security-Auditing,Security,337,0,,,,,,,,,,,,,,,,,Negotiate,,,,,,,,,,,,,,,,,,,,,,,,%%1842,,,,,,,,,,,,,%%1833,-,-,,,,0,,,-,,,,,00000000-0000-0000-0000-000000000000,,Advapi  ,5,,,,,,,,,,,,,,,,,,,,,,,,,,,,,,,,,,,,,,,,,,,,0x27c,C:\Windows\System32\services.exe,,,,,,,,,,-,,,,,,,,,,,,,,,,,WORKGROUP,0x3e7,,WIN-LC7SFT89DTG$,S-1-5-18,NT AUTHORITY,,0x0,,0x3e7,,-,-,,,,,SYSTEM,S-1-5-18,,,,,-,,,,,,%%1843,,,-,
