2025-08-13T10:56:43.294908Z,5379,DC01,Microsoft-Windows-Security-Auditing,Security,553,0,,,,,,,,,,,,,,,,,,,,,,,,,4140,,,,0,,,,,,,,,,,,,,,,,,,,,,,,,,,,,,,,,,,,,,,,,,,,,,,,,,,,,,,,,,,,,,,,,,,,,,,,,,,,,,,,,,,,,2025-08-13T10:56:43.179632Z,,,,,,,,%%8100,,,,,3221226021,,,,,,,,,,,,,,,,DC01,0x236f9,,Administrator,S-1-5-21-2502726253-3859040611-225969357-500,,,,,,WindowsLive:(token):name=02duftxaqzoilzkp;serviceuri=*,,,,,,,,,,,,,,0,,,,,,,,,
2025-08-13T10:56:43.295182Z,5379,DC01,Microsoft-Windows-Security-Auditing,Security,554,0,,,,,,,,,,,,,,,,,,,,,,,,,4140,,,,0,,,,,,,,,,,,,,,,,,,,,,,,,,,,,,,,,,,,,,,,,,,,,,,,,,,,,,,,,,,,,,,,,,,,,,,,,,,,,,,,,,,,,2025-08-13T10:56:43.179632Z,,,,,,,,%%8100,,,,,3221226021,,,,,,,,,,,,,,,,DC01,0x236f9,,Administrator,S-1-5-21-2502726253-3859040611-225969357-500,,,,,,WindowsLive:(cert):name=02duftxaqzoilzkp;serviceuri=*,,,,,,,,,,,,,,0,,,,,,,,,
2025-08-13T10:56:43.295243Z,5379,DC01,Microsoft-Windows-Security-Auditing,Security,555,0,,,,,,,,,,,,,,,,,,,,,,,,,4140,,,,1,,,,,,,,,,,,,,,,,,,,,,,,,,,,,,,,,,,,,,,,,,,,,,,,,,,,,,,,,,,,,,,,,,,,,,,,,,,,,,,,,,,,,2025-08-13T10:56:43.179632Z,,,,,,,,%%8100,,,,,0,,,,,,,,,,,,,,,,DC01,0x236f9,,Administrator,S-1-5-21-2502726253-3859040611-225969357-500,,,,,,WindowsLive:target=virtualapp/didlogical,,,,,,,,,,,,,,0,,,,,,,,,
2025-08-13T10:56:43.310478Z,4624,DC01,Microsoft-Windows-Security-Auditing,Security,556,0,,,,,,,,,,,,,,,,,Negotiate,,,,,,,,,,,,,,,,,,,,,,,,%%1842,,,,,,,,,,,,,%%1833,-,-,,,,0,,,-,,,,,00000000-0000-0000-0000-000000000000,,Advapi  ,5,,,,,,,,,,,,,,,,,,,,,,,,,,,,,,,,,,,,,,,,,,,,0x298,C:\Windows\System32\services.exe,,,,,,,,,,-,,,,,,,,,,,,,,,,,WORKGROUP,0x3e7,,DC01$,S-1-5-18,NT AUTHORITY,,0x0,,0x3e7,,-,-,,,,,SYSTEM,S-1-5-18,,,,,-,,,,,,%%1843,,,-,
2025-08-13T10:56:43.310482Z,4672,DC01,Microsoft-Windows-Security-Auditing,Security,557,0,,,,,,,,,,,,,,,,,,,,,,,,,,,,,,,,,,,,,,,,,,,,,,,,,,,,,,,,,,,,,,,,,,,,,,,,,,,,,,,,,,,,,,,,,,,,,,,,,,,,,,,,,,,,,,,,,"SeAssignPrimaryTokenPrivilege
			SeTcbPrivilege
			SeSecurityPrivilege
			SeTakeOwnershipPrivilege
			SeLoadDriverPrivilege
			SeBackupPrivilege
			SeRestorePrivilege
			SeDebugPrivilege
			SeAuditPrivilege
			SeSystemEnvironmentPrivilege
			SeImpersonatePrivilege
			SeDelegateSessionUserImpersonatePrivilege",,,,,,,,,,,,,,,,,,,,,,,,,,,,,,NT AUTHORITY,0x3e7,,SYSTEM,S-1-5-18,,,,,,,,,,,,,,,,,,,,,,,,,,,,,
2025-08-13T10:56:43.360902Z,5058,DC01,Microsoft-Windows-Security-Auditing,Security,558,0,,,,,,,,,UNKNOWN,,,,,,,,,,,,,,,2025-08-13T10:56:43.172782Z,4120,,,,,,,,,,,,,,,,,,,,,,,,,,,,,,,,,,C:\Users\Administrator\AppData\Roaming\Microsoft\Crypto\Keys\de7cf8a7901d2ad13e5c67c29e5d1662_9c32fc58-91ff-4dc6-87b4-7e601db21fd9,,Microsoft Connected Devices Platform device certificate,%%2500,,,,,,,,,,,,,,,,,,,,,,,,,,,,,,,,,,,,,,,%%2458,,,,,,,,,,,,,,,,,,Microsoft Software Key Storage Provider,,,,,,,,0x0,,,,,,,,,,,,,,,,DC01,0x236f9,,Administrator,S-1-5-21-2502726253-3859040611-225969357-500,,,,,,,,,,,,,,,,,,,,,,,,,,,,,
2025-08-13T10:56:43.361197Z,5061,DC01,Microsoft-Windows-Security-Auditing,Security,559,0,,,,,,,,,ECDSA_P256,,,,,,,,,,,,,,,,,,,,,,,,,,,,,,,,,,,,,,,,,,,,,,,,,,,,Microsoft Connected Devices Platform device certificate,%%2500,,,,,,,,,,,,,,,,,,,,,,,,,,,,,,,,,,,,,,,%%2480,,,,,,,,,,,,,,,,,,Microsoft Software Key Storage Provider,,,,,,,,0x0,,,,,,,,,,,,,,,,DC01,0x236f9,,Administrator,S-1-5-21-2502726253-3859040611-225969357-500,,,,,,,,,,,,,,,,,,,,,,,,,,,,,
2025-08-13T10:56:43.361454Z,5059,DC01,Microsoft-Windows-Security-Auditing,Security,560,0,,,,,,,,,ECDSA_P256,,,,,,,,,,,,,,,2025-08-13T10:56:43.172782Z,4120,,,,,,,,,,,,,,,,,,,,,,,,,,,,,,,,,,,,Microsoft Connected Devices Platform device certificate,%%2500,,,,,,,,,,,,,,,,,,,,,,,,,,,,,,,,,,,,,,,%%2464,,,,,,,,,,,,,,,,,,Microsoft Software Key Storage Provider,,,,,,,,0x0,,,,,,,,,,,,,,,,DC01,0x236f9,,Administrator,S-1-5-21-2502726253-3859040611-225969357-500,,,,,,,,,,,,,,,,,,,,,,,,,,,,,
2025-08-13T10:56:43.376127Z,4624,DC01,Microsoft-Windows-Security-Auditing,Security,561,0,,,,,,,,,,,,,,,,,Negotiate,,,,,,,,,,,,,,,,,,,,,,,,%%1842,,,,,,,,,,,,,%%1833,-,-,,,,0,,,-,,,,,00000000-0000-0000-0000-000000000000,,Advapi  ,5,,,,,,,,,,,,,,,,,,,,,,,,,,,,,,,,,,,,,,,,,,,,0x298,C:\Windows\System32\services.exe,,,,,,,,,,-,,,,,,,,,,,,,,,,,WORKGROUP,0x3e7,,DC01$,S-1-5-18,NT AUTHORITY,,0x0,,0x3e7,,-,-,,,,,SYSTEM,S-1-5-18,,,,,-,,,,,,%%1843,,,-,
2025-08-13T10:56:43.376132Z,4672,DC01,Microsoft-Windows-Security-Auditing,Security,562,0,,,,,,,,,,,,,,,,,,,,,,,,,,,,,,,,,,,,,,,,,,,,,,,,,,,,,,,,,,,,,,,,,,,,,,,,,,,,,,,,,,,,,,,,,,,,,,,,,,,,,,,,,,,,,,,,,"SeAssignPrimaryTokenPrivilege
			SeTcbPrivilege
			SeSecurityPrivilege
			SeTakeOwnershipPrivilege
			SeLoadDriverPrivilege
			SeBackupPrivilege
			SeRestorePrivilege
			SeDebugPrivilege
			SeAuditPrivilege
			SeSystemEnvironmentPrivilege
			SeImpersonatePrivilege
			SeDelegateSessionUserImpersonatePrivilege",,,,,,,,,,,,,,,,,,,,,,,,,,,,,,NT AUTHORITY,0x3e7,,SYSTEM,S-1-5-18,,,,,,,,,,,,,,,,,,,,,,,,,,,,,
2025-08-13T10:56:43.399602Z,5058,DC01,Microsoft-Windows-Security-Auditing,Security,563,0,,,,,,,,,UNKNOWN,,,,,,,,,,,,,,,2025-08-13T10:56:43.371721Z,4540,,,,,,,,,,,,,,,,,,,,,,,,,,,,,,,,,,C:\Windows\ServiceProfiles\LocalService\AppData\Roaming\Microsoft\Crypto\Keys\de7cf8a7901d2ad13e5c67c29e5d1662_9c32fc58-91ff-4dc6-87b4-7e601db21fd9,,Microsoft Connected Devices Platform device certificate,%%2500,,,,,,,,,,,,,,,,,,,,,,,,,,,,,,,,,,,,,,,%%2458,,,,,,,,,,,,,,,,,,Microsoft Software Key Storage Provider,,,,,,,,0x0,,,,,,,,,,,,,,,,NT AUTHORITY,0x3e5,,LOCAL SERVICE,S-1-5-19,,,,,,,,,,,,,,,,,,,,,,,,,,,,,
2025-08-13T10:56:43.399820Z,5061,DC01,Microsoft-Windows-Security-Auditing,Security,564,0,,,,,,,,,ECDSA_P256,,,,,,,,,,,,,,,,,,,,,,,,,,,,,,,,,,,,,,,,,,,,,,,,,,,,Microsoft Connected Devices Platform device certificate,%%2500,,,,,,,,,,,,,,,,,,,,,,,,,,,,,,,,,,,,,,,%%2480,,,,,,,,,,,,,,,,,,Microsoft Software Key Storage Provider,,,,,,,,0x0,,,,,,,,,,,,,,,,NT AUTHORITY,0x3e5,,LOCAL SERVICE,S-1-5-19,,,,,,,,,,,,,,,,,,,,,,,,,,,,,
2025-08-13T10:56:43.400064Z,5059,DC01,Microsoft-Windows-Security-Auditing,Security,565,0,,,,,,,,,ECDSA_P256,,,,,,,,,,,,,,,2025-08-13T10:56:43.371721Z,4540,,,,,,,,,,,,,,,,,,,,,,,,,,,,,,,,,,,,Microsoft Connected Devices Platform device certificate,%%2500,,,,,,,,,,,,,,,,,,,,,,,,,,,,,,,,,,,,,,,%%2464,,,,,,,,,,,,,,,,,,Microsoft Software Key Storage Provider,,,,,,,,0x0,,,,,,,,,,,,,,,,NT AUTHORITY,0x3e5,,LOCAL SERVICE,S-1-5-19,,,,,,,,,,,,,,,,,,,,,,,,,,,,,
2025-08-13T10:56:43.416539Z,4624,DC01,Microsoft-Windows-Security-Auditing,Security,566,0,,,,,,,,,,,,,,,,,Negotiate,,,,,,,,,,,,,,,,,,,,,,,,%%1842,,,,,,,,,,,,,%%1833,-,-,,,,0,,,-,,,,,00000000-0000-0000-0000-000000000000,,Advapi  ,5,,,,,,,,,,,,,,,,,,,,,,,,,,,,,,,,,,,,,,,,,,,,0x298,C:\Windows\System32\services.exe,,,,,,,,,,-,,,,,,,,,,,,,,,,,WORKGROUP,0x3e7,,DC01$,S-1-5-18,NT AUTHORITY,,0x0,,0x3e7,,-,-,,,,,SYSTEM,S-1-5-18,,,,,-,,,,,,%%1843,,,-,
2025-08-13T10:56:43.416543Z,4672,DC01,Microsoft-Windows-Security-Auditing,Security,567,0,,,,,,,,,,,,,,,,,,,,,,,,,,,,,,,,,,,,,,,,,,,,,,,,,,,,,,,,,,,,,,,,,,,,,,,,,,,,,,,,,,,,,,,,,,,,,,,,,,,,,,,,,,,,,,,,,"SeAssignPrimaryTokenPrivilege
			SeTcbPrivilege
			SeSecurityPrivilege
			SeTakeOwnershipPrivilege
			SeLoadDriverPrivilege
			SeBackupPrivilege
			SeRestorePrivilege
			SeDebugPrivilege
			SeAuditPrivilege
			SeSystemEnvironmentPrivilege
			SeImpersonatePrivilege
			SeDelegateSessionUserImpersonatePrivilege",,,,,,,,,,,,,,,,,,,,,,,,,,,,,,NT AUTHORITY,0x3e7,,SYSTEM,S-1-5-18,,,,,,,,,,,,,,,,,,,,,,,,,,,,,
2025-08-13T10:56:43.779822Z,4624,DC01,Microsoft-Windows-Security-Auditing,Security,568,0,,,,,,,,,,,,,,,,,Negotiate,,,,,,,,,,,,,,,,,,,,,,,,%%1842,,,,,,,,,,,,,%%1833,-,-,,,,0,,,-,,,,,00000000-0000-0000-0000-000000000000,,Advapi  ,5,,,,,,,,,,,,,,,,,,,,,,,,,,,,,,,,,,,,,,,,,,,,0x298,C:\Windows\System32\services.exe,,,,,,,,,,-,,,,,,,,,,,,,,,,,WORKGROUP,0x3e7,,DC01$,S-1-5-18,NT AUTHORITY,,0x0,,0x3e7,,-,-,,,,,SYSTEM,S-1-5-18,,,,,-,,,,,,%%1843,,,-,
2025-08-13T10:56:43.779827Z,4672,DC01,Microsoft-Windows-Security-Auditing,Security,569,0,,,,,,,,,,,,,,,,,,,,,,,,,,,,,,,,,,,,,,,,,,,,,,,,,,,,,,,,,,,,,,,,,,,,,,,,,,,,,,,,,,,,,,,,,,,,,,,,,,,,,,,,,,,,,,,,,"SeAssignPrimaryTokenPrivilege
			SeTcbPrivilege
			SeSecurityPrivilege
			SeTakeOwnershipPrivilege
			SeLoadDriverPrivilege
			SeBackupPrivilege
			SeRestorePrivilege
			SeDebugPrivilege
			SeAuditPrivilege
			SeSystemEnvironmentPrivilege
			SeImpersonatePrivilege
			SeDelegateSessionUserImpersonatePrivilege",,,,,,,,,,,,,,,,,,,,,,,,,,,,,,NT AUTHORITY,0x3e7,,SYSTEM,S-1-5-18,,,,,,,,,,,,,,,,,,,,,,,,,,,,,
2025-08-13T10:56:43.806705Z,4799,DC01,Microsoft-Windows-Security-Auditing,Security,570,0,,,,,,,,,,,,,,,,,,0x2dc,C:\Windows\System32\VSSVC.exe,,,,,,,,,,,,,,,,,,,,,,,,,,,,,,,,,,,,,,,,,,,,,,,,,,,,,,,,,,,,,,,,,,,,,,,,,,,,,,,,,,,,,,,,,,,,,,,,,,,,,,,,,,,,,,,,,,,,,,,,,,,,WORKGROUP,0x3e7,,DC01$,S-1-5-18,Builtin,,,,,,,,,,,S-1-5-32-544,Administrators,,,,,,,,,,,,,,,,
2025-08-13T10:56:43.806990Z,4799,DC01,Microsoft-Windows-Security-Auditing,Security,571,0,,,,,,,,,,,,,,,,,,0x2dc,C:\Windows\System32\VSSVC.exe,,,,,,,,,,,,,,,,,,,,,,,,,,,,,,,,,,,,,,,,,,,,,,,,,,,,,,,,,,,,,,,,,,,,,,,,,,,,,,,,,,,,,,,,,,,,,,,,,,,,,,,,,,,,,,,,,,,,,,,,,,,,WORKGROUP,0x3e7,,DC01$,S-1-5-18,Builtin,,,,,,,,,,,S-1-5-32-551,Backup Operators,,,,,,,,,,,,,,,,
2025-08-13T10:56:43.817600Z,4799,DC01,Microsoft-Windows-Security-Auditing,Security,572,0,,,,,,,,,,,,,,,,,,0x2dc,C:\Windows\System32\VSSVC.exe,,,,,,,,,,,,,,,,,,,,,,,,,,,,,,,,,,,,,,,,,,,,,,,,,,,,,,,,,,,,,,,,,,,,,,,,,,,,,,,,,,,,,,,,,,,,,,,,,,,,,,,,,,,,,,,,,,,,,,,,,,,,WORKGROUP,0x3e7,,DC01$,S-1-5-18,Builtin,,,,,,,,,,,S-1-5-32-544,Administrators,,,,,,,,,,,,,,,,
2025-08-13T10:56:43.817982Z,4799,DC01,Microsoft-Windows-Security-Auditing,Security,573,0,,,,,,,,,,,,,,,,,,0x2dc,C:\Windows\System32\VSSVC.exe,,,,,,,,,,,,,,,,,,,,,,,,,,,,,,,,,,,,,,,,,,,,,,,,,,,,,,,,,,,,,,,,,,,,,,,,,,,,,,,,,,,,,,,,,,,,,,,,,,,,,,,,,,,,,,,,,,,,,,,,,,,,WORKGROUP,0x3e7,,DC01$,S-1-5-18,Builtin,,,,,,,,,,,S-1-5-32-551,Backup Operators,,,,,,,,,,,,,,,,
2025-08-13T10:56:43.844830Z,4799,DC01,Microsoft-Windows-Security-Auditing,Security,574,0,,,,,,,,,,,,,,,,,,0x2dc,C:\Windows\System32\VSSVC.exe,,,,,,,,,,,,,,,,,,,,,,,,,,,,,,,,,,,,,,,,,,,,,,,,,,,,,,,,,,,,,,,,,,,,,,,,,,,,,,,,,,,,,,,,,,,,,,,,,,,,,,,,,,,,,,,,,,,,,,,,,,,,WORKGROUP,0x3e7,,DC01$,S-1-5-18,Builtin,,,,,,,,,,,S-1-5-32-544,Administrators,,,,,,,,,,,,,,,,
2025-08-13T10:56:43.845084Z,4799,DC01,Microsoft-Windows-Security-Auditing,Security,575,0,,,,,,,,,,,,,,,,,,0x2dc,C:\Windows\System32\VSSVC.exe,,,,,,,,,,,,,,,,,,,,,,,,,,,,,,,,,,,,,,,,,,,,,,,,,,,,,,,,,,,,,,,,,,,,,,,,,,,,,,,,,,,,,,,,,,,,,,,,,,,,,,,,,,,,,,,,,,,,,,,,,,,,WORKGROUP,0x3e7,,DC01$,S-1-5-18,Builtin,,,,,,,,,,,S-1-5-32-551,Backup Operators,,,,,,,,,,,,,,,,
2025-08-13T10:56:43.853350Z,4799,DC01,Microsoft-Windows-Security-Auditing,Security,576,0,,,,,,,,,,,,,,,,,,0x2dc,C:\Windows\System32\VSSVC.exe,,,,,,,,,,,,,,,,,,,,,,,,,,,,,,,,,,,,,,,,,,,,,,,,,,,,,,,,,,,,,,,,,,,,,,,,,,,,,,,,,,,,,,,,,,,,,,,,,,,,,,,,,,,,,,,,,,,,,,,,,,,,WORKGROUP,0x3e7,,DC01$,S-1-5-18,Builtin,,,,,,,,,,,S-1-5-32-544,Administrators,,,,,,,,,,,,,,,,
2025-08-13T10:56:43.853611Z,4799,DC01,Microsoft-Windows-Security-Auditing,Security,577,0,,,,,,,,,,,,,,,,,,0x2dc,C:\Windows\System32\VSSVC.exe,,,,,,,,,,,,,,,,,,,,,,,,,,,,,,,,,,,,,,,,,,,,,,,,,,,,,,,,,,,,,,,,,,,,,,,,,,,,,,,,,,,,,,,,,,,,,,,,,,,,,,,,,,,,,,,,,,,,,,,,,,,,WORKGROUP,0x3e7,,DC01$,S-1-5-18,Builtin,,,,,,,,,,,S-1-5-32-551,Backup Operators,,,,,,,,,,,,,,,,
2025-08-13T10:56:44.183388Z,5379,DC01,Microsoft-Windows-Security-Auditing,Security,578,0,,,,,,,,,,,,,,,,,,,,,,,,,4140,,,,0,,,,,,,,,,,,,,,,,,,,,,,,,,,,,,,,,,,,,,,,,,,,,,,,,,,,,,,,,,,,,,,,,,,,,,,,,,,,,,,,,,,,,2025-08-13T10:56:43.179632Z,,,,,,,,%%8100,,,,,3221226021,,,,,,,,,,,,,,,,WORKGROUP,0x3e7,,DC01$,S-1-5-18,,,,,,MicrosoftAccount:user=02psidbzqsibuzjn,,,,,,,,,,,,,,0,,,,,,,,,
2025-08-13T10:56:44.184121Z,5379,DC01,Microsoft-Windows-Security-Auditing,Security,579,0,,,,,,,,,,,,,,,,,,,,,,,,,4140,,,,0,,,,,,,,,,,,,,,,,,,,,,,,,,,,,,,,,,,,,,,,,,,,,,,,,,,,,,,,,,,,,,,,,,,,,,,,,,,,,,,,,,,,,2025-08-13T10:56:43.179632Z,,,,,,,,%%8100,,,,,3221226021,,,,,,,,,,,,,,,,WORKGROUP,0x3e7,,DC01$,S-1-5-18,,,,,,MicrosoftAccount:user=02psidbzqsibuzjn,,,,,,,,,,,,,,0,,,,,,,,,
2025-08-13T10:56:44.185941Z,5379,DC01,Microsoft-Windows-Security-Auditing,Security,580,0,,,,,,,,,,,,,,,,,,,,,,,,,4140,,,,0,,,,,,,,,,,,,,,,,,,,,,,,,,,,,,,,,,,,,,,,,,,,,,,,,,,,,,,,,,,,,,,,,,,,,,,,,,,,,,,,,,,,,2025-08-13T10:56:43.179632Z,,,,,,,,%%8100,,,,,3221226021,,,,,,,,,,,,,,,,WORKGROUP,0x3e7,,DC01$,S-1-5-18,,,,,,MicrosoftAccount:user=02psidbzqsibuzjn,,,,,,,,,,,,,,0,,,,,,,,,
2025-08-13T10:56:44.185981Z,5379,DC01,Microsoft-Windows-Security-Auditing,Security,581,0,,,,,,,,,,,,,,,,,,,,,,,,,4140,,,,0,,,,,,,,,,,,,,,,,,,,,,,,,,,,,,,,,,,,,,,,,,,,,,,,,,,,,,,,,,,,,,,,,,,,,,,,,,,,,,,,,,,,,2025-08-13T10:56:43.179632Z,,,,,,,,%%8100,,,,,3221226021,,,,,,,,,,,,,,,,WORKGROUP,0x3e7,,DC01$,S-1-5-18,,,,,,MicrosoftAccount:user=02psidbzqsibuzjn,,,,,,,,,,,,,,0,,,,,,,,,
2025-08-13T10:56:48.430056Z,5379,DC01,Microsoft-Windows-Security-Auditing,Security,582,0,,,,,,,,,,,,,,,,,,,,,,,,,5496,,,,0,,,,,,,,,,,,,,,,,,,,,,,,,,,,,,,,,,,,,,,,,,,,,,,,,,,,,,,,,,,,,,,,,,,,,,,,,,,,,,,,,,,,,2025-08-13T10:56:44.330170Z,,,,,,,,%%8100,,,,,3221226021,,,,,,,,,,,,,,,,DC01,0x236f9,,Administrator,S-1-5-21-2502726253-3859040611-225969357-500,,,,,,ServerManager*,,,,,,,,,,,,,,0,,,,,,,,,
2025-08-13T10:56:50.443083Z,4624,DC01,Microsoft-Windows-Security-Auditing,Security,583,0,,,,,,,,,,,,,,,,,Negotiate,,,,,,,,,,,,,,,,,,,,,,,,%%1842,,,,,,,,,,,,,%%1833,-,-,,,,0,,,-,,,,,00000000-0000-0000-0000-000000000000,,Advapi  ,5,,,,,,,,,,,,,,,,,,,,,,,,,,,,,,,,,,,,,,,,,,,,0x298,C:\Windows\System32\services.exe,,,,,,,,,,-,,,,,,,,,,,,,,,,,WORKGROUP,0x3e7,,DC01$,S-1-5-18,NT AUTHORITY,,0x0,,0x3e7,,-,-,,,,,SYSTEM,S-1-5-18,,,,,-,,,,,,%%1843,,,-,
2025-08-13T10:56:50.443091Z,4672,DC01,Microsoft-Windows-Security-Auditing,Security,584,0,,,,,,,,,,,,,,,,,,,,,,,,,,,,,,,,,,,,,,,,,,,,,,,,,,,,,,,,,,,,,,,,,,,,,,,,,,,,,,,,,,,,,,,,,,,,,,,,,,,,,,,,,,,,,,,,,"SeAssignPrimaryTokenPrivilege
			SeTcbPrivilege
			SeSecurityPrivilege
			SeTakeOwnershipPrivilege
			SeLoadDriverPrivilege
			SeBackupPrivilege
			SeRestorePrivilege
			SeDebugPrivilege
			SeAuditPrivilege
			SeSystemEnvironmentPrivilege
			SeImpersonatePrivilege
			SeDelegateSessionUserImpersonatePrivilege",,,,,,,,,,,,,,,,,,,,,,,,,,,,,,NT AUTHORITY,0x3e7,,SYSTEM,S-1-5-18,,,,,,,,,,,,,,,,,,,,,,,,,,,,,
2025-08-13T10:56:54.155348Z,4624,DC01,Microsoft-Windows-Security-Auditing,Security,585,0,,,,,,,,,,,,,,,,,Negotiate,,,,,,,,,,,,,,,,,,,,,,,,%%1842,,,,,,,,,,,,,%%1833,-,-,,,,0,,,-,,,,,00000000-0000-0000-0000-000000000000,,Advapi  ,5,,,,,,,,,,,,,,,,,,,,,,,,,,,,,,,,,,,,,,,,,,,,0x298,C:\Windows\System32\services.exe,,,,,,,,,,-,,,,,,,,,,,,,,,,,WORKGROUP,0x3e7,,DC01$,S-1-5-18,NT AUTHORITY,,0x0,,0x3e7,,-,-,,,,,SYSTEM,S-1-5-18,,,,,-,,,,,,%%1843,,,-,
2025-08-13T10:56:54.155353Z,4672,DC01,Microsoft-Windows-Security-Auditing,Security,586,0,,,,,,,,,,,,,,,,,,,,,,,,,,,,,,,,,,,,,,,,,,,,,,,,,,,,,,,,,,,,,,,,,,,,,,,,,,,,,,,,,,,,,,,,,,,,,,,,,,,,,,,,,,,,,,,,,"SeAssignPrimaryTokenPrivilege
			SeTcbPrivilege
			SeSecurityPrivilege
			SeTakeOwnershipPrivilege
			SeLoadDriverPrivilege
			SeBackupPrivilege
			SeRestorePrivilege
			SeDebugPrivilege
			SeAuditPrivilege
			SeSystemEnvironmentPrivilege
			SeImpersonatePrivilege
			SeDelegateSessionUserImpersonatePrivilege",,,,,,,,,,,,,,,,,,,,,,,,,,,,,,NT AUTHORITY,0x3e7,,SYSTEM,S-1-5-18,,,,,,,,,,,,,,,,,,,,,,,,,,,,,
2025-08-13T10:56:54.168210Z,4624,DC01,Microsoft-Windows-Security-Auditing,Security,587,0,,,,,,,,,,,,,,,,,Negotiate,,,,,,,,,,,,,,,,,,,,,,,,%%1842,,,,,,,,,,,,,%%1833,-,-,,,,0,,,-,,,,,00000000-0000-0000-0000-000000000000,,Advapi  ,5,,,,,,,,,,,,,,,,,,,,,,,,,,,,,,,,,,,,,,,,,,,,0x298,C:\Windows\System32\services.exe,,,,,,,,,,-,,,,,,,,,,,,,,,,,WORKGROUP,0x3e7,,DC01$,S-1-5-18,NT AUTHORITY,,0x0,,0x3e7,,-,-,,,,,SYSTEM,S-1-5-18,,,,,-,,,,,,%%1843,,,-,
2025-08-13T10:56:54.168226Z,4672,DC01,Microsoft-Windows-Security-Auditing,Security,588,0,,,,,,,,,,,,,,,,,,,,,,,,,,,,,,,,,,,,,,,,,,,,,,,,,,,,,,,,,,,,,,,,,,,,,,,,,,,,,,,,,,,,,,,,,,,,,,,,,,,,,,,,,,,,,,,,,"SeAssignPrimaryTokenPrivilege
			SeTcbPrivilege
			SeSecurityPrivilege
			SeTakeOwnershipPrivilege
			SeLoadDriverPrivilege
			SeBackupPrivilege
			SeRestorePrivilege
			SeDebugPrivilege
			SeAuditPrivilege
			SeSystemEnvironmentPrivilege
			SeImpersonatePrivilege
			SeDelegateSessionUserImpersonatePrivilege",,,,,,,,,,,,,,,,,,,,,,,,,,,,,,NT AUTHORITY,0x3e7,,SYSTEM,S-1-5-18,,,,,,,,,,,,,,,,,,,,,,,,,,,,,
2025-08-13T10:56:54.365876Z,4624,DC01,Microsoft-Windows-Security-Auditing,Security,589,0,,,,,,,,,,,,,,,,,Negotiate,,,,,,,,,,,,,,,,,,,,,,,,%%1842,,,,,,,,,,,,,%%1833,-,-,,,,0,,,-,,,,,00000000-0000-0000-0000-000000000000,,Advapi  ,5,,,,,,,,,,,,,,,,,,,,,,,,,,,,,,,,,,,,,,,,,,,,0x298,C:\Windows\System32\services.exe,,,,,,,,,,-,,,,,,,,,,,,,,,,,WORKGROUP,0x3e7,,DC01$,S-1-5-18,NT AUTHORITY,,0x0,,0x3e7,,-,-,,,,,SYSTEM,S-1-5-18,,,,,-,,,,,,%%1843,,,-,
2025-08-13T10:56:54.365883Z,4672,DC01,Microsoft-Windows-Security-Auditing,Security,590,0,,,,,,,,,,,,,,,,,,,,,,,,,,,,,,,,,,,,,,,,,,,,,,,,,,,,,,,,,,,,,,,,,,,,,,,,,,,,,,,,,,,,,,,,,,,,,,,,,,,,,,,,,,,,,,,,,"SeAssignPrimaryTokenPrivilege
			SeTcbPrivilege
			SeSecurityPrivilege
			SeTakeOwnershipPrivilege
			SeLoadDriverPrivilege
			SeBackupPrivilege
			SeRestorePrivilege
			SeDebugPrivilege
			SeAuditPrivilege
			SeSystemEnvironmentPrivilege
			SeImpersonatePrivilege
			SeDelegateSessionUserImpersonatePrivilege",,,,,,,,,,,,,,,,,,,,,,,,,,,,,,NT AUTHORITY,0x3e7,,SYSTEM,S-1-5-18,,,,,,,,,,,,,,,,,,,,,,,,,,,,,
2025-08-13T10:57:02.770609Z,4624,DC01,Microsoft-Windows-Security-Auditing,Security,591,0,,,,,,,,,,,,,,,,,Negotiate,,,,,,,,,,,,,,,,,,,,,,,,%%1842,,,,,,,,,,,,,%%1833,-,-,,,,0,,,-,,,,,00000000-0000-0000-0000-000000000000,,Advapi  ,5,,,,,,,,,,,,,,,,,,,,,,,,,,,,,,,,,,,,,,,,,,,,0x298,C:\Windows\System32\services.exe,,,,,,,,,,-,,,,,,,,,,,,,,,,,WORKGROUP,0x3e7,,DC01$,S-1-5-18,NT AUTHORITY,,0x0,,0x3e7,,-,-,,,,,SYSTEM,S-1-5-18,,,,,-,,,,,,%%1843,,,-,
2025-08-13T10:57:02.770614Z,4672,DC01,Microsoft-Windows-Security-Auditing,Security,592,0,,,,,,,,,,,,,,,,,,,,,,,,,,,,,,,,,,,,,,,,,,,,,,,,,,,,,,,,,,,,,,,,,,,,,,,,,,,,,,,,,,,,,,,,,,,,,,,,,,,,,,,,,,,,,,,,,"SeAssignPrimaryTokenPrivilege
			SeTcbPrivilege
			SeSecurityPrivilege
			SeTakeOwnershipPrivilege
			SeLoadDriverPrivilege
			SeBackupPrivilege
			SeRestorePrivilege
			SeDebugPrivilege
			SeAuditPrivilege
			SeSystemEnvironmentPrivilege
			SeImpersonatePrivilege
			SeDelegateSessionUserImpersonatePrivilege",,,,,,,,,,,,,,,,,,,,,,,,,,,,,,NT AUTHORITY,0x3e7,,SYSTEM,S-1-5-18,,,,,,,,,,,,,,,,,,,,,,,,,,,,,
2025-08-13T10:57:02.889699Z,4799,DC01,Microsoft-Windows-Security-Auditing,Security,593,0,,,,,,,,,,,,,,,,,,0x198c,C:\Windows\System32\svchost.exe,,,,,,,,,,,,,,,,,,,,,,,,,,,,,,,,,,,,,,,,,,,,,,,,,,,,,,,,,,,,,,,,,,,,,,,,,,,,,,,,,,,,,,,,,,,,,,,,,,,,,,,,,,,,,,,,,,,,,,,,,,,,WORKGROUP,0x3e7,,DC01$,S-1-5-18,Builtin,,,,,,,,,,,S-1-5-32-544,Administrators,,,,,,,,,,,,,,,,
2025-08-13T10:57:02.889988Z,4799,DC01,Microsoft-Windows-Security-Auditing,Security,594,0,,,,,,,,,,,,,,,,,,0x198c,C:\Windows\System32\svchost.exe,,,,,,,,,,,,,,,,,,,,,,,,,,,,,,,,,,,,,,,,,,,,,,,,,,,,,,,,,,,,,,,,,,,,,,,,,,,,,,,,,,,,,,,,,,,,,,,,,,,,,,,,,,,,,,,,,,,,,,,,,,,,WORKGROUP,0x3e7,,DC01$,S-1-5-18,Builtin,,,,,,,,,,,S-1-5-32-551,Backup Operators,,,,,,,,,,,,,,,,
2025-08-13T10:57:02.943584Z,4624,DC01,Microsoft-Windows-Security-Auditing,Security,595,0,,,,,,,,,,,,,,,,,Negotiate,,,,,,,,,,,,,,,,,,,,,,,,%%1842,,,,,,,,,,,,,%%1833,-,-,,,,0,,,-,,,,,00000000-0000-0000-0000-000000000000,,Advapi  ,5,,,,,,,,,,,,,,,,,,,,,,,,,,,,,,,,,,,,,,,,,,,,0x298,C:\Windows\System32\services.exe,,,,,,,,,,-,,,,,,,,,,,,,,,,,WORKGROUP,0x3e7,,DC01$,S-1-5-18,NT AUTHORITY,,0x0,,0x3e7,,-,-,,,,,SYSTEM,S-1-5-18,,,,,-,,,,,,%%1843,,,-,
2025-08-13T10:57:02.943588Z,4672,DC01,Microsoft-Windows-Security-Auditing,Security,596,0,,,,,,,,,,,,,,,,,,,,,,,,,,,,,,,,,,,,,,,,,,,,,,,,,,,,,,,,,,,,,,,,,,,,,,,,,,,,,,,,,,,,,,,,,,,,,,,,,,,,,,,,,,,,,,,,,"SeAssignPrimaryTokenPrivilege
			SeTcbPrivilege
			SeSecurityPrivilege
			SeTakeOwnershipPrivilege
			SeLoadDriverPrivilege
			SeBackupPrivilege
			SeRestorePrivilege
			SeDebugPrivilege
			SeAuditPrivilege
			SeSystemEnvironmentPrivilege
			SeImpersonatePrivilege
			SeDelegateSessionUserImpersonatePrivilege",,,,,,,,,,,,,,,,,,,,,,,,,,,,,,NT AUTHORITY,0x3e7,,SYSTEM,S-1-5-18,,,,,,,,,,,,,,,,,,,,,,,,,,,,,
2025-08-13T10:57:21.349599Z,1100,DC01,Microsoft-Windows-Eventlog,Security,597,4,,,,,,,,,,,,,,,,,,,,,,,,,,,,,,,,,,,,,,,,,,,,,,,,,,,,,,,,,,,,,,,,,,,,,,,,,,,,,,,,,,,,,,,,,,,,,,,,,,,,,,,,,,,,,,,,,,,,,,,,,,,,,,,,,,,,,,,,,,,,,,,,,,,,,,,,,,,,,,,,,,,,,,,,,,,,,,,,http://manifests.microsoft.com/win/2004/08/windows/eventlog
2025-08-13T10:57:21.021587Z,4647,DC01,Microsoft-Windows-Security-Auditing,Security,598,0,,,,,,,,,,,,,,,,,,,,,,,,,,,,,,,,,,,,,,,,,,,,,,,,,,,,,,,,,,,,,,,,,,,,,,,,,,,,,,,,,,,,,,,,,,,,,,,,,,,,,,,,,,,,,,,,,,,,,,,,,,,,,,,,,,,,,,,,,,,,,,,,,,,,DC01,,,,0x236f9,,,,,,,,Administrator,S-1-5-21-2502726253-3859040611-225969357-500,,,,,,,,,,,,,,,
2025-08-13T10:57:21.349397Z,4616,DC01,Microsoft-Windows-Security-Auditing,Security,599,0,,,,,,,,,,,,,,,,,,,,,,,,,,,,,,,,,,,,,,,,,,,,,,,,,,,,,,,,,,,,,,,,,,,,,,,,,,,,,,,,,,,,,2025-08-13T10:57:21.349074Z,,,,,,,,,,,,,,,,,,,,,,,,,,2025-08-13T10:57:21.334905Z,,,,0xb4c,C:\Windows\System32\svchost.exe,,,,,,,,,,,,,,,,,,,,,,,,,,,NT AUTHORITY,0x3e5,,LOCAL SERVICE,S-1-5-19,,,,,,,,,,,,,,,,,,,,,,,,,,,,,
2025-08-13T10:57:50.836291Z,4688,DC01,Microsoft-Windows-Security-Auditing,Security,600,0,,,,,,,,,,,,,,,,,,,,,,,,,,,,,,,,,,,,,,,,,,,,,,,,,,,,,,,,,,,,,,,,,,,,,,,,,S-1-16-16384,,,,,,,,0x68,Registry,,,,,,,,,,,,,,,,,,,,,,,,,,,,,,,,,0x4,,,,,,,,,,,,,,,,,,,,,,,,,,,,-,0x3e7,,-,S-1-5-18,-,,,,0x0,,,,,,,,-,S-1-0-0,,,,%%1936,,,,,,,,,,,
2025-08-13T10:57:50.836531Z,4696,DC01,Microsoft-Windows-Security-Auditing,Security,601,0,,,,,,,,,,,,,,,,,,,,,,,,,,,,,,,,,,,,,,,,,,,,,,,,,,,,,,,,,,,,,,,,,,,,,,,,,,,,,,,,,,,,,,,,,,,,,,,,,,,,,,,,,,,,,,,,,,,0x4,,,,,,,,,,,,,,,,,,,,,,,,,,,,-,0x3e7,,-,S-1-5-18,-,,,,0x3e7,,,,0x68,Registry,,,-,S-1-0-0,,,,,,,,,,,,,,,
2025-08-13T10:57:50.836534Z,4826,DC01,Microsoft-Windows-Security-Auditing,Security,602,0,,,,,,,,%%1843,,,,,,,,,,,,,,,,,,,,%%1846,,,,,%%1843,,,,,,,,,,,,%%1843,,,,,%%1843,%%1848,-,,,,,,%%1843,,,,,,-,,,,,,,,,,,,,,,,,,,,,,,,,,,,,,,,,,,,,,,,,,,,,,,,,,,,,,,,,,,,%%1843,,,,,,,,,,,,,,,,,,,-,0x3e7,,-,S-1-5-18,,,,,,,,,,,,,,,%%1843,,,,,,,,,,,%%1848,,,
2025-08-13T10:57:50.837784Z,4688,DC01,Microsoft-Windows-Security-Auditing,Security,603,0,,,,,,,,,,,,,,,,,,,,,,,,,,,,,,,,,,,,,,,,,,,,,,,,,,,,,,,,,,,,,,,,,,,,,,,,,S-1-16-16384,,,,,,,,0x128,C:\Windows\System32\smss.exe,,,,,,,,,,,,,,,,,,,,,,,,,,,,,,,,,0x4,,,,,,,,,,,,,,,,,,,,,,,,,,,,-,0x3e7,,-,S-1-5-18,-,,,,0x0,,,,,,,,-,S-1-0-0,,,,%%1936,,,,,,,,,,,
2025-08-13T10:57:51.281864Z,4688,DC01,Microsoft-Windows-Security-Auditing,Security,604,0,,,,,,,,,,,,,,,,,,,,,,,,,,,,,,,,,,,,,,,,,,,,,,,,,,,,,,,,,,,,,,,,,,,,,,,,,S-1-16-16384,,,,,,,,0x15c,C:\Windows\System32\autochk.exe,,,,,,,,,,,,,,,,,,,,,,,,C:\Windows\System32\smss.exe,,,,,,,,,0x128,,,,,,,,,,,,,,,,,,,,,,,,,,,,-,0x3e7,,-,S-1-5-18,-,,,,0x0,,,,,,,,-,S-1-0-0,,,,%%1936,,,,,,,,,,,
2025-08-13T10:57:51.584862Z,4688,DC01,Microsoft-Windows-Security-Auditing,Security,605,0,,,,,,,,,,,,,,,,,,,,,,,,,,,,,,,,,,,,,,,,,,,,,,,,,,,,,,,,,,,,,,,,,,,,,,,,,S-1-16-16384,,,,,,,,0x198,C:\Windows\System32\smss.exe,,,,,,,,,,,,,,,,,,,,,,,,C:\Windows\System32\smss.exe,,,,,,,,,0x128,,,,,,,,,,,,,,,,,,,,,,,,,,,,-,0x3e7,,-,S-1-5-18,-,,,,0x0,,,,,,,,-,S-1-0-0,,,,%%1936,,,,,,,,,,,
2025-08-13T10:57:51.610285Z,4688,DC01,Microsoft-Windows-Security-Auditing,Security,606,0,,,,,,,,,,,,,,,,,,,,,,,,,,,,,,,,,,,,,,,,,,,,,,,,,,,,,,,,,,,,,,,,,,,,,,,,,S-1-16-16384,,,,,,,,0x1a0,C:\Windows\System32\csrss.exe,,,,,,,,,,,,,,,,,,,,,,,,C:\Windows\System32\smss.exe,,,,,,,,,0x198,,,,,,,,,,,,,,,,,,,,,,,,,,,,-,0x3e7,,-,S-1-5-18,-,,,,0x0,,,,,,,,-,S-1-0-0,,,,%%1936,,,,,,,,,,,
2025-08-13T10:57:51.683629Z,4688,DC01,Microsoft-Windows-Security-Auditing,Security,607,0,,,,,,,,,,,,,,,,,,,,,,,,,,,,,,,,,,,,,,,,,,,,,,,,,,,,,,,,,,,,,,,,,,,,,,,,,S-1-16-16384,,,,,,,,0x200,C:\Windows\System32\smss.exe,,,,,,,,,,,,,,,,,,,,,,,,C:\Windows\System32\smss.exe,,,,,,,,,0x128,,,,,,,,,,,,,,,,,,,,,,,,,,,,-,0x3e7,,-,S-1-5-18,-,,,,0x0,,,,,,,,-,S-1-0-0,,,,%%1936,,,,,,,,,,,
2025-08-13T10:57:51.684715Z,4688,DC01,Microsoft-Windows-Security-Auditing,Security,608,0,,,,,,,,,,,,,,,,,,,,,,,,,,,,,,,,,,,,,,,,,,,,,,,,,,,,,,,,,,,,,,,,,,,,,,,,,S-1-16-16384,,,,,,,,0x208,C:\Windows\System32\wininit.exe,,,,,,,,,,,,,,,,,,,,,,,,C:\Windows\System32\smss.exe,,,,,,,,,0x198,,,,,,,,,,,,,,,,,,,,,,,,,,,,-,0x3e7,,-,S-1-5-18,-,,,,0x0,,,,,,,,-,S-1-0-0,,,,%%1936,,,,,,,,,,,
2025-08-13T10:57:51.688415Z,4688,DC01,Microsoft-Windows-Security-Auditing,Security,609,0,,,,,,,,,,,,,,,,,,,,,,,,,,,,,,,,,,,,,,,,,,,,,,,,,,,,,,,,,,,,,,,,,,,,,,,,,S-1-16-16384,,,,,,,,0x210,C:\Windows\System32\csrss.exe,,,,,,,,,,,,,,,,,,,,,,,,C:\Windows\System32\smss.exe,,,,,,,,,0x200,,,,,,,,,,,,,,,,,,,,,,,,,,,,-,0x3e7,,-,S-1-5-18,-,,,,0x0,,,,,,,,-,S-1-0-0,,,,%%1936,,,,,,,,,,,
2025-08-13T10:57:51.714334Z,4688,DC01,Microsoft-Windows-Security-Auditing,Security,610,0,,,,,,,,,,,,,,,,,,,,,,,,,,,,,,,,,,,,,,,,,,,,,,,,,,,,,,,,,,,,,,,,,,,,,,,,,S-1-16-16384,,,,,,,,0x26c,C:\Windows\System32\winlogon.exe,,,,,,,,,,,,,,,,,,,,,,,,C:\Windows\System32\smss.exe,,,,,,,,,0x200,,,,,,,,,,,,,,,,,,,,,,,,,,,,-,0x3e7,,-,S-1-5-18,-,,,,0x0,,,,,,,,-,S-1-0-0,,,,%%1936,,,,,,,,,,,
2025-08-13T10:57:51.738134Z,4688,DC01,Microsoft-Windows-Security-Auditing,Security,611,0,,,,,,,,,,,,,,,,,,,,,,,,,,,,,,,,,,,,,,,,,,,,,,,,,,,,,,,,,,,,,,,,,,,,,,,,,S-1-16-16384,,,,,,,,0x298,C:\Windows\System32\services.exe,,,,,,,,,,,,,,,,,,,,,,,,C:\Windows\System32\wininit.exe,,,,,,,,,0x208,,,,,,,,,,,,,,,,,,,,,,,,,,,,-,0x3e7,,-,S-1-5-18,-,,,,0x0,,,,,,,,-,S-1-0-0,,,,%%1936,,,,,,,,,,,
2025-08-13T10:57:51.751932Z,4688,DC01,Microsoft-Windows-Security-Auditing,Security,612,0,,,,,,,,,,,,,,,,,,,,,,,,,,,,,,,,,,,,,,,,,,,,,,,,,,,,,,,,,,,,,,,,,,,,,,,,,S-1-16-16384,,,,,,,,0x2a8,C:\Windows\System32\lsass.exe,,,,,,,,,,,,,,,,,,,,,,,,C:\Windows\System32\wininit.exe,,,,,,,,,0x208,,,,,,,,,,,,,,,,,,,,,,,,,,,,-,0x3e7,,-,S-1-5-18,-,,,,0x0,,,,,,,,-,S-1-0-0,,,,%%1936,,,,,,,,,,,
2025-08-13T10:57:51.777487Z,4608,DC01,Microsoft-Windows-Security-Auditing,Security,613,0,,,,,,,,,,,,,,,,,,,,,,,,,,,,,,,,,,,,,,,,,,,,,,,,,,,,,,,,,,,,,,,,,,,,,,,,,,,,,,,,,,,,,,,,,,,,,,,,,,,,,,,,,,,,,,,,,,,,,,,,,,,,,,,,,,,,,,,,,,,,,,,,,,,,,,,,,,,,,,,,,,,,,,,,,,,,,,,,
2025-08-13T10:57:51.779547Z,4624,DC01,Microsoft-Windows-Security-Auditing,Security,614,0,,,,,,,,,,,,,,,,,-,,,,,,,,,,,,,,,,,,,,,,,,%%1842,,,,,,,,,,,,,-,-,-,,,,0,,,-,,,,,00000000-0000-0000-0000-000000000000,,-,0,,,,,,,,,,,,,,,,,,,,,,,,,,,,,,,,,,,,,,,,,,,,0x4,,,,,,,,,,,-,,,,,,,,,,,,,,,,,-,0x0,,-,S-1-0-0,NT AUTHORITY,,0x0,,0x3e7,,-,-,,,,,SYSTEM,S-1-5-18,,,,,-,,,,,,%%1843,,,-,
2025-08-13T10:57:51.823196Z,4902,DC01,Microsoft-Windows-Security-Auditing,Security,615,0,,,,,,,,,,,,,,,,,,,,,,,,,,,,,,,,,,,,,,,,,,,,,,,,,,,,,,,,,,,,,,,,,,,,,,,,,,,,,,,,,,,,,,,,,,,,,,,,,,,,,,,,,,,,,,,,,,,,,,,,0,0xb72c,,,,,,,,,,,,,,,,,,,,,,,,,,,,,,,,,,,,,,,,,,,,,,,,,,,,,,,
2025-08-13T10:57:51.833090Z,4624,DC01,Microsoft-Windows-Security-Auditing,Security,616,0,,,,,,,,,,,,,,,,,Negotiate,,,,,,,,,,,,,,,,,,,,,,,,%%1842,,,,,,,,,,,,,%%1833,-,-,,,,0,,,-,,,,,00000000-0000-0000-0000-000000000000,,Advapi  ,5,,,,,,,,,,,,,,,,,,,,,,,,,,,,,,,,,,,,,,,,,,,,0x298,C:\Windows\System32\services.exe,,,,,,,,,,-,,,,,,,,,,,,,,,,,WORKGROUP,0x3e7,,DC01$,S-1-5-18,NT AUTHORITY,,0x0,,0x3e7,,-,-,,,,,SYSTEM,S-1-5-18,,,,,-,,,,,,%%1843,,,-,
2025-08-13T10:57:51.833099Z,4672,DC01,Microsoft-Windows-Security-Auditing,Security,617,0,,,,,,,,,,,,,,,,,,,,,,,,,,,,,,,,,,,,,,,,,,,,,,,,,,,,,,,,,,,,,,,,,,,,,,,,,,,,,,,,,,,,,,,,,,,,,,,,,,,,,,,,,,,,,,,,,"SeAssignPrimaryTokenPrivilege
			SeTcbPrivilege
			SeSecurityPrivilege
			SeTakeOwnershipPrivilege
			SeLoadDriverPrivilege
			SeBackupPrivilege
			SeRestorePrivilege
			SeDebugPrivilege
			SeAuditPrivilege
			SeSystemEnvironmentPrivilege
			SeImpersonatePrivilege
			SeDelegateSessionUserImpersonatePrivilege",,,,,,,,,,,,,,,,,,,,,,,,,,,,,,NT AUTHORITY,0x3e7,,SYSTEM,S-1-5-18,,,,,,,,,,,,,,,,,,,,,,,,,,,,,
2025-08-13T10:57:51.833758Z,4648,DC01,Microsoft-Windows-Security-Auditing,Security,618,0,,,,,,,,,,,,,,,,,,,,,,,,,,,,,,,,,,,,,,,,,,,,,,,,,,,,,,,-,-,,,,,,,,,,,,00000000-0000-0000-0000-000000000000,,,,,,,,,,,,,,,,,,,,,,,,,,,,,,,,,,,,,,,,,,,,,,,0x208,C:\Windows\System32\wininit.exe,,,,,,,,,,,,,,,,,,,,,,,,,,,WORKGROUP,0x3e7,,DC01$,S-1-5-18,Font Driver Host,localhost,,00000000-0000-0000-0000-000000000000,,,,,,,localhost,,UMFD-0,,,,,,,,,,,,,,,,
2025-08-13T10:57:51.833770Z,4624,DC01,Microsoft-Windows-Security-Auditing,Security,619,0,,,,,,,,,,,,,,,,,Negotiate,,,,,,,,,,,,,,,,,,,,,,,,%%1843,,,,,,,,,,,,,%%1833,-,-,,,,0,,,-,,,,,00000000-0000-0000-0000-000000000000,,Advapi  ,2,,,,,,,,,,,,,,,,,,,,,,,,,,,,,,,,,,,,,,,,,,,,0x208,C:\Windows\System32\wininit.exe,,,,,,,,,,-,,,,,,,,,,,,,,,,,WORKGROUP,0x3e7,,DC01$,S-1-5-18,Font Driver Host,,0x0,,0xb9ae,,-,-,,,,,UMFD-0,S-1-5-96-0-0,,,,,-,,,,,,%%1842,,,-,
2025-08-13T10:57:51.833959Z,4648,DC01,Microsoft-Windows-Security-Auditing,Security,620,0,,,,,,,,,,,,,,,,,,,,,,,,,,,,,,,,,,,,,,,,,,,,,,,,,,,,,,,-,-,,,,,,,,,,,,00000000-0000-0000-0000-000000000000,,,,,,,,,,,,,,,,,,,,,,,,,,,,,,,,,,,,,,,,,,,,,,,0x26c,C:\Windows\System32\winlogon.exe,,,,,,,,,,,,,,,,,,,,,,,,,,,WORKGROUP,0x3e7,,DC01$,S-1-5-18,Font Driver Host,localhost,,00000000-0000-0000-0000-000000000000,,,,,,,localhost,,UMFD-1,,,,,,,,,,,,,,,,
2025-08-13T10:57:51.833970Z,4624,DC01,Microsoft-Windows-Security-Auditing,Security,621,0,,,,,,,,,,,,,,,,,Negotiate,,,,,,,,,,,,,,,,,,,,,,,,%%1843,,,,,,,,,,,,,%%1833,-,-,,,,0,,,-,,,,,00000000-0000-0000-0000-000000000000,,Advapi  ,2,,,,,,,,,,,,,,,,,,,,,,,,,,,,,,,,,,,,,,,,,,,,0x26c,C:\Windows\System32\winlogon.exe,,,,,,,,,,-,,,,,,,,,,,,,,,,,WORKGROUP,0x3e7,,DC01$,S-1-5-18,Font Driver Host,,0x0,,0xb9e2,,-,-,,,,,UMFD-1,S-1-5-96-0-1,,,,,-,,,,,,%%1842,,,-,
2025-08-13T10:57:51.841052Z,4624,DC01,Microsoft-Windows-Security-Auditing,Security,622,0,,,,,,,,,,,,,,,,,Negotiate,,,,,,,,,,,,,,,,,,,,,,,,%%1842,,,,,,,,,,,,,%%1833,-,-,,,,0,,,-,,,,,00000000-0000-0000-0000-000000000000,,Advapi  ,5,,,,,,,,,,,,,,,,,,,,,,,,,,,,,,,,,,,,,,,,,,,,0x298,C:\Windows\System32\services.exe,,,,,,,,,,-,,,,,,,,,,,,,,,,,WORKGROUP,0x3e7,,DC01$,S-1-5-18,NT AUTHORITY,,0x0,,0x3e7,,-,-,,,,,SYSTEM,S-1-5-18,,,,,-,,,,,,%%1843,,,-,
2025-08-13T10:57:51.841056Z,4672,DC01,Microsoft-Windows-Security-Auditing,Security,623,0,,,,,,,,,,,,,,,,,,,,,,,,,,,,,,,,,,,,,,,,,,,,,,,,,,,,,,,,,,,,,,,,,,,,,,,,,,,,,,,,,,,,,,,,,,,,,,,,,,,,,,,,,,,,,,,,,"SeAssignPrimaryTokenPrivilege
			SeTcbPrivilege
			SeSecurityPrivilege
			SeTakeOwnershipPrivilege
			SeLoadDriverPrivilege
			SeBackupPrivilege
			SeRestorePrivilege
			SeDebugPrivilege
			SeAuditPrivilege
			SeSystemEnvironmentPrivilege
			SeImpersonatePrivilege
			SeDelegateSessionUserImpersonatePrivilege",,,,,,,,,,,,,,,,,,,,,,,,,,,,,,NT AUTHORITY,0x3e7,,SYSTEM,S-1-5-18,,,,,,,,,,,,,,,,,,,,,,,,,,,,,
2025-08-13T10:57:51.871276Z,4624,DC01,Microsoft-Windows-Security-Auditing,Security,624,0,,,,,,,,,,,,,,,,,Negotiate,,,,,,,,,,,,,,,,,,,,,,,,%%1842,,,,,,,,,,,,,%%1833,-,-,,,,0,,,-,,,,,00000000-0000-0000-0000-000000000000,,Advapi  ,5,,,,,,,,,,,,,,,,,,,,,,,,,,,,,,,,,,,,,,,,,,,,0x298,C:\Windows\System32\services.exe,,,,,,,,,,-,,,,,,,,,,,,,,,,,WORKGROUP,0x3e7,,DC01$,S-1-5-18,NT AUTHORITY,,0x0,,0x3e4,,-,-,,,,,NETWORK SERVICE,S-1-5-20,,,,,-,,,,,,%%1843,,,-,
2025-08-13T10:57:51.871280Z,4672,DC01,Microsoft-Windows-Security-Auditing,Security,625,0,,,,,,,,,,,,,,,,,,,,,,,,,,,,,,,,,,,,,,,,,,,,,,,,,,,,,,,,,,,,,,,,,,,,,,,,,,,,,,,,,,,,,,,,,,,,,,,,,,,,,,,,,,,,,,,,,"SeAssignPrimaryTokenPrivilege
			SeAuditPrivilege
			SeImpersonatePrivilege",,,,,,,,,,,,,,,,,,,,,,,,,,,,,,NT AUTHORITY,0x3e4,,NETWORK SERVICE,S-1-5-20,,,,,,,,,,,,,,,,,,,,,,,,,,,,,
2025-08-13T10:57:51.890146Z,4624,DC01,Microsoft-Windows-Security-Auditing,Security,626,0,,,,,,,,,,,,,,,,,Negotiate,,,,,,,,,,,,,,,,,,,,,,,,%%1842,,,,,,,,,,,,,%%1833,-,-,,,,0,,,-,,,,,00000000-0000-0000-0000-000000000000,,Advapi  ,5,,,,,,,,,,,,,,,,,,,,,,,,,,,,,,,,,,,,,,,,,,,,0x298,C:\Windows\System32\services.exe,,,,,,,,,,-,,,,,,,,,,,,,,,,,WORKGROUP,0x3e7,,DC01$,S-1-5-18,NT AUTHORITY,,0x0,,0x3e7,,-,-,,,,,SYSTEM,S-1-5-18,,,,,-,,,,,,%%1843,,,-,
2025-08-13T10:57:51.890150Z,4672,DC01,Microsoft-Windows-Security-Auditing,Security,627,0,,,,,,,,,,,,,,,,,,,,,,,,,,,,,,,,,,,,,,,,,,,,,,,,,,,,,,,,,,,,,,,,,,,,,,,,,,,,,,,,,,,,,,,,,,,,,,,,,,,,,,,,,,,,,,,,,"SeAssignPrimaryTokenPrivilege
			SeTcbPrivilege
			SeSecurityPrivilege
			SeTakeOwnershipPrivilege
			SeLoadDriverPrivilege
			SeBackupPrivilege
			SeRestorePrivilege
			SeDebugPrivilege
			SeAuditPrivilege
			SeSystemEnvironmentPrivilege
			SeImpersonatePrivilege
			SeDelegateSessionUserImpersonatePrivilege",,,,,,,,,,,,,,,,,,,,,,,,,,,,,,NT AUTHORITY,0x3e7,,SYSTEM,S-1-5-18,,,,,,,,,,,,,,,,,,,,,,,,,,,,,
2025-08-13T10:57:51.944072Z,4648,DC01,Microsoft-Windows-Security-Auditing,Security,628,0,,,,,,,,,,,,,,,,,,,,,,,,,,,,,,,,,,,,,,,,,,,,,,,,,,,,,,,-,-,,,,,,,,,,,,00000000-0000-0000-0000-000000000000,,,,,,,,,,,,,,,,,,,,,,,,,,,,,,,,,,,,,,,,,,,,,,,0x26c,C:\Windows\System32\winlogon.exe,,,,,,,,,,,,,,,,,,,,,,,,,,,WORKGROUP,0x3e7,,DC01$,S-1-5-18,Window Manager,localhost,,00000000-0000-0000-0000-000000000000,,,,,,,localhost,,DWM-1,,,,,,,,,,,,,,,,
2025-08-13T10:57:51.944084Z,4624,DC01,Microsoft-Windows-Security-Auditing,Security,629,0,,,,,,,,,,,,,,,,,Negotiate,,,,,,,,,,,,,,,,,,,,,,,,%%1842,,,,,,,,,,,,,%%1833,-,-,,,,0,,,-,,,,,00000000-0000-0000-0000-000000000000,,Advapi  ,2,,,,,,,,,,,,,,,,,,,,,,,,,,,,,,,,,,,,,,,,,,,,0x26c,C:\Windows\System32\winlogon.exe,,,,,,,,,,-,,,,,,,,,,,,,,,,,WORKGROUP,0x3e7,,DC01$,S-1-5-18,Window Manager,,0x11097,,0x11064,,-,-,,,,,DWM-1,S-1-5-90-0-1,,,,,-,,,,,,%%1842,,,-,
2025-08-13T10:57:51.944094Z,4624,DC01,Microsoft-Windows-Security-Auditing,Security,630,0,,,,,,,,,,,,,,,,,Negotiate,,,,,,,,,,,,,,,,,,,,,,,,%%1843,,,,,,,,,,,,,%%1833,-,-,,,,0,,,-,,,,,00000000-0000-0000-0000-000000000000,,Advapi  ,2,,,,,,,,,,,,,,,,,,,,,,,,,,,,,,,,,,,,,,,,,,,,0x26c,C:\Windows\System32\winlogon.exe,,,,,,,,,,-,,,,,,,,,,,,,,,,,WORKGROUP,0x3e7,,DC01$,S-1-5-18,Window Manager,,0x11064,,0x11097,,-,-,,,,,DWM-1,S-1-5-90-0-1,,,,,-,,,,,,%%1842,,,-,
2025-08-13T10:57:51.944096Z,4672,DC01,Microsoft-Windows-Security-Auditing,Security,631,0,,,,,,,,,,,,,,,,,,,,,,,,,,,,,,,,,,,,,,,,,,,,,,,,,,,,,,,,,,,,,,,,,,,,,,,,,,,,,,,,,,,,,,,,,,,,,,,,,,,,,,,,,,,,,,,,,"SeAssignPrimaryTokenPrivilege
			SeAuditPrivilege
			SeImpersonatePrivilege",,,,,,,,,,,,,,,,,,,,,,,,,,,,,,Window Manager,0x11064,,DWM-1,S-1-5-90-0-1,,,,,,,,,,,,,,,,,,,,,,,,,,,,,
2025-08-13T10:57:51.944100Z,4672,DC01,Microsoft-Windows-Security-Auditing,Security,632,0,,,,,,,,,,,,,,,,,,,,,,,,,,,,,,,,,,,,,,,,,,,,,,,,,,,,,,,,,,,,,,,,,,,,,,,,,,,,,,,,,,,,,,,,,,,,,,,,,,,,,,,,,,,,,,,,,"SeAssignPrimaryTokenPrivilege
			SeAuditPrivilege",,,,,,,,,,,,,,,,,,,,,,,,,,,,,,Window Manager,0x11097,,DWM-1,S-1-5-90-0-1,,,,,,,,,,,,,,,,,,,,,,,,,,,,,
2025-08-13T10:57:51.974075Z,4624,DC01,Microsoft-Windows-Security-Auditing,Security,633,0,,,,,,,,,,,,,,,,,Negotiate,,,,,,,,,,,,,,,,,,,,,,,,%%1842,,,,,,,,,,,,,%%1833,-,-,,,,0,,,-,,,,,00000000-0000-0000-0000-000000000000,,Advapi  ,5,,,,,,,,,,,,,,,,,,,,,,,,,,,,,,,,,,,,,,,,,,,,0x298,C:\Windows\System32\services.exe,,,,,,,,,,-,,,,,,,,,,,,,,,,,WORKGROUP,0x3e7,,DC01$,S-1-5-18,NT AUTHORITY,,0x0,,0x3e7,,-,-,,,,,SYSTEM,S-1-5-18,,,,,-,,,,,,%%1843,,,-,
2025-08-13T10:57:51.974080Z,4672,DC01,Microsoft-Windows-Security-Auditing,Security,634,0,,,,,,,,,,,,,,,,,,,,,,,,,,,,,,,,,,,,,,,,,,,,,,,,,,,,,,,,,,,,,,,,,,,,,,,,,,,,,,,,,,,,,,,,,,,,,,,,,,,,,,,,,,,,,,,,,"SeAssignPrimaryTokenPrivilege
			SeTcbPrivilege
			SeSecurityPrivilege
			SeTakeOwnershipPrivilege
			SeLoadDriverPrivilege
			SeBackupPrivilege
			SeRestorePrivilege
			SeDebugPrivilege
			SeAuditPrivilege
			SeSystemEnvironmentPrivilege
			SeImpersonatePrivilege
			SeDelegateSessionUserImpersonatePrivilege",,,,,,,,,,,,,,,,,,,,,,,,,,,,,,NT AUTHORITY,0x3e7,,SYSTEM,S-1-5-18,,,,,,,,,,,,,,,,,,,,,,,,,,,,,
2025-08-13T10:57:51.974710Z,4624,DC01,Microsoft-Windows-Security-Auditing,Security,635,0,,,,,,,,,,,,,,,,,Negotiate,,,,,,,,,,,,,,,,,,,,,,,,%%1842,,,,,,,,,,,,,%%1833,-,-,,,,0,,,-,,,,,00000000-0000-0000-0000-000000000000,,Advapi  ,5,,,,,,,,,,,,,,,,,,,,,,,,,,,,,,,,,,,,,,,,,,,,0x298,C:\Windows\System32\services.exe,,,,,,,,,,-,,,,,,,,,,,,,,,,,WORKGROUP,0x3e7,,DC01$,S-1-5-18,NT AUTHORITY,,0x0,,0x3e5,,-,-,,,,,LOCAL SERVICE,S-1-5-19,,,,,-,,,,,,%%1843,,,-,
2025-08-13T10:57:51.974713Z,4672,DC01,Microsoft-Windows-Security-Auditing,Security,636,0,,,,,,,,,,,,,,,,,,,,,,,,,,,,,,,,,,,,,,,,,,,,,,,,,,,,,,,,,,,,,,,,,,,,,,,,,,,,,,,,,,,,,,,,,,,,,,,,,,,,,,,,,,,,,,,,,"SeAssignPrimaryTokenPrivilege
			SeAuditPrivilege
			SeImpersonatePrivilege",,,,,,,,,,,,,,,,,,,,,,,,,,,,,,NT AUTHORITY,0x3e5,,LOCAL SERVICE,S-1-5-19,,,,,,,,,,,,,,,,,,,,,,,,,,,,,
2025-08-13T10:57:52.002847Z,4624,DC01,Microsoft-Windows-Security-Auditing,Security,637,0,,,,,,,,,,,,,,,,,Negotiate,,,,,,,,,,,,,,,,,,,,,,,,%%1842,,,,,,,,,,,,,%%1833,-,-,,,,0,,,-,,,,,00000000-0000-0000-0000-000000000000,,Advapi  ,5,,,,,,,,,,,,,,,,,,,,,,,,,,,,,,,,,,,,,,,,,,,,0x298,C:\Windows\System32\services.exe,,,,,,,,,,-,,,,,,,,,,,,,,,,,WORKGROUP,0x3e7,,DC01$,S-1-5-18,NT AUTHORITY,,0x0,,0x3e7,,-,-,,,,,SYSTEM,S-1-5-18,,,,,-,,,,,,%%1843,,,-,
2025-08-13T10:57:52.002861Z,4672,DC01,Microsoft-Windows-Security-Auditing,Security,638,0,,,,,,,,,,,,,,,,,,,,,,,,,,,,,,,,,,,,,,,,,,,,,,,,,,,,,,,,,,,,,,,,,,,,,,,,,,,,,,,,,,,,,,,,,,,,,,,,,,,,,,,,,,,,,,,,,"SeAssignPrimaryTokenPrivilege
			SeTcbPrivilege
			SeSecurityPrivilege
			SeTakeOwnershipPrivilege
			SeLoadDriverPrivilege
			SeBackupPrivilege
			SeRestorePrivilege
			SeDebugPrivilege
			SeAuditPrivilege
			SeSystemEnvironmentPrivilege
			SeImpersonatePrivilege
			SeDelegateSessionUserImpersonatePrivilege",,,,,,,,,,,,,,,,,,,,,,,,,,,,,,NT AUTHORITY,0x3e7,,SYSTEM,S-1-5-18,,,,,,,,,,,,,,,,,,,,,,,,,,,,,
2025-08-13T10:57:52.048666Z,4624,DC01,Microsoft-Windows-Security-Auditing,Security,639,0,,,,,,,,,,,,,,,,,Negotiate,,,,,,,,,,,,,,,,,,,,,,,,%%1842,,,,,,,,,,,,,%%1833,-,-,,,,0,,,-,,,,,00000000-0000-0000-0000-000000000000,,Advapi  ,5,,,,,,,,,,,,,,,,,,,,,,,,,,,,,,,,,,,,,,,,,,,,0x298,C:\Windows\System32\services.exe,,,,,,,,,,-,,,,,,,,,,,,,,,,,WORKGROUP,0x3e7,,DC01$,S-1-5-18,NT AUTHORITY,,0x0,,0x3e7,,-,-,,,,,SYSTEM,S-1-5-18,,,,,-,,,,,,%%1843,,,-,
2025-08-13T10:57:52.048672Z,4672,DC01,Microsoft-Windows-Security-Auditing,Security,640,0,,,,,,,,,,,,,,,,,,,,,,,,,,,,,,,,,,,,,,,,,,,,,,,,,,,,,,,,,,,,,,,,,,,,,,,,,,,,,,,,,,,,,,,,,,,,,,,,,,,,,,,,,,,,,,,,,"SeAssignPrimaryTokenPrivilege
			SeTcbPrivilege
			SeSecurityPrivilege
			SeTakeOwnershipPrivilege
			SeLoadDriverPrivilege
			SeBackupPrivilege
			SeRestorePrivilege
			SeDebugPrivilege
			SeAuditPrivilege
			SeSystemEnvironmentPrivilege
			SeImpersonatePrivilege
			SeDelegateSessionUserImpersonatePrivilege",,,,,,,,,,,,,,,,,,,,,,,,,,,,,,NT AUTHORITY,0x3e7,,SYSTEM,S-1-5-18,,,,,,,,,,,,,,,,,,,,,,,,,,,,,
2025-08-13T10:57:52.088677Z,4624,DC01,Microsoft-Windows-Security-Auditing,Security,641,0,,,,,,,,,,,,,,,,,Negotiate,,,,,,,,,,,,,,,,,,,,,,,,%%1842,,,,,,,,,,,,,%%1833,-,-,,,,0,,,-,,,,,00000000-0000-0000-0000-000000000000,,Advapi  ,5,,,,,,,,,,,,,,,,,,,,,,,,,,,,,,,,,,,,,,,,,,,,0x298,C:\Windows\System32\services.exe,,,,,,,,,,-,,,,,,,,,,,,,,,,,WORKGROUP,0x3e7,,DC01$,S-1-5-18,NT AUTHORITY,,0x0,,0x3e7,,-,-,,,,,SYSTEM,S-1-5-18,,,,,-,,,,,,%%1843,,,-,
2025-08-13T10:57:52.088682Z,4672,DC01,Microsoft-Windows-Security-Auditing,Security,642,0,,,,,,,,,,,,,,,,,,,,,,,,,,,,,,,,,,,,,,,,,,,,,,,,,,,,,,,,,,,,,,,,,,,,,,,,,,,,,,,,,,,,,,,,,,,,,,,,,,,,,,,,,,,,,,,,,"SeAssignPrimaryTokenPrivilege
			SeTcbPrivilege
			SeSecurityPrivilege
			SeTakeOwnershipPrivilege
			SeLoadDriverPrivilege
			SeBackupPrivilege
			SeRestorePrivilege
			SeDebugPrivilege
			SeAuditPrivilege
			SeSystemEnvironmentPrivilege
			SeImpersonatePrivilege
			SeDelegateSessionUserImpersonatePrivilege",,,,,,,,,,,,,,,,,,,,,,,,,,,,,,NT AUTHORITY,0x3e7,,SYSTEM,S-1-5-18,,,,,,,,,,,,,,,,,,,,,,,,,,,,,
2025-08-13T10:57:52.098088Z,4624,DC01,Microsoft-Windows-Security-Auditing,Security,643,0,,,,,,,,,,,,,,,,,Negotiate,,,,,,,,,,,,,,,,,,,,,,,,%%1842,,,,,,,,,,,,,%%1833,-,-,,,,0,,,-,,,,,00000000-0000-0000-0000-000000000000,,Advapi  ,5,,,,,,,,,,,,,,,,,,,,,,,,,,,,,,,,,,,,,,,,,,,,0x298,C:\Windows\System32\services.exe,,,,,,,,,,-,,,,,,,,,,,,,,,,,WORKGROUP,0x3e7,,DC01$,S-1-5-18,NT AUTHORITY,,0x0,,0x3e7,,-,-,,,,,SYSTEM,S-1-5-18,,,,,-,,,,,,%%1843,,,-,
2025-08-13T10:57:52.098092Z,4672,DC01,Microsoft-Windows-Security-Auditing,Security,644,0,,,,,,,,,,,,,,,,,,,,,,,,,,,,,,,,,,,,,,,,,,,,,,,,,,,,,,,,,,,,,,,,,,,,,,,,,,,,,,,,,,,,,,,,,,,,,,,,,,,,,,,,,,,,,,,,,"SeAssignPrimaryTokenPrivilege
			SeTcbPrivilege
			SeSecurityPrivilege
			SeTakeOwnershipPrivilege
			SeLoadDriverPrivilege
			SeBackupPrivilege
			SeRestorePrivilege
			SeDebugPrivilege
			SeAuditPrivilege
			SeSystemEnvironmentPrivilege
			SeImpersonatePrivilege
			SeDelegateSessionUserImpersonatePrivilege",,,,,,,,,,,,,,,,,,,,,,,,,,,,,,NT AUTHORITY,0x3e7,,SYSTEM,S-1-5-18,,,,,,,,,,,,,,,,,,,,,,,,,,,,,
2025-08-13T10:57:52.162204Z,4624,DC01,Microsoft-Windows-Security-Auditing,Security,645,0,,,,,,,,,,,,,,,,,Negotiate,,,,,,,,,,,,,,,,,,,,,,,,%%1842,,,,,,,,,,,,,%%1833,-,-,,,,0,,,-,,,,,00000000-0000-0000-0000-000000000000,,Advapi  ,5,,,,,,,,,,,,,,,,,,,,,,,,,,,,,,,,,,,,,,,,,,,,0x298,C:\Windows\System32\services.exe,,,,,,,,,,-,,,,,,,,,,,,,,,,,WORKGROUP,0x3e7,,DC01$,S-1-5-18,NT AUTHORITY,,0x0,,0x3e7,,-,-,,,,,SYSTEM,S-1-5-18,,,,,-,,,,,,%%1843,,,-,
2025-08-13T10:57:52.162209Z,4672,DC01,Microsoft-Windows-Security-Auditing,Security,646,0,,,,,,,,,,,,,,,,,,,,,,,,,,,,,,,,,,,,,,,,,,,,,,,,,,,,,,,,,,,,,,,,,,,,,,,,,,,,,,,,,,,,,,,,,,,,,,,,,,,,,,,,,,,,,,,,,"SeAssignPrimaryTokenPrivilege
			SeTcbPrivilege
			SeSecurityPrivilege
			SeTakeOwnershipPrivilege
			SeLoadDriverPrivilege
			SeBackupPrivilege
			SeRestorePrivilege
			SeDebugPrivilege
			SeAuditPrivilege
			SeSystemEnvironmentPrivilege
			SeImpersonatePrivilege
			SeDelegateSessionUserImpersonatePrivilege",,,,,,,,,,,,,,,,,,,,,,,,,,,,,,NT AUTHORITY,0x3e7,,SYSTEM,S-1-5-18,,,,,,,,,,,,,,,,,,,,,,,,,,,,,
2025-08-13T10:57:52.176071Z,5033,DC01,Microsoft-Windows-Security-Auditing,Security,647,0,,,,,,,,,,,,,,,,,,,,,,,,,,,,,,,,,,,,,,,,,,,,,,,,,,,,,,,,,,,,,,,,,,,,,,,,,,,,,,,,,,,,,,,,,,,,,,,,,,,,,,,,,,,,,,,,,,,,,,,,,,,,,,,,,,,,,,,,,,,,,,,,,,,,,,,,,,,,,,,,,,,,,,,,,,,,,,,,
2025-08-13T10:57:52.284308Z,4624,DC01,Microsoft-Windows-Security-Auditing,Security,648,0,,,,,,,,,,,,,,,,,Negotiate,,,,,,,,,,,,,,,,,,,,,,,,%%1842,,,,,,,,,,,,,%%1833,-,-,,,,0,,,-,,,,,00000000-0000-0000-0000-000000000000,,Advapi  ,5,,,,,,,,,,,,,,,,,,,,,,,,,,,,,,,,,,,,,,,,,,,,0x298,C:\Windows\System32\services.exe,,,,,,,,,,-,,,,,,,,,,,,,,,,,WORKGROUP,0x3e7,,DC01$,S-1-5-18,NT AUTHORITY,,0x0,,0x3e7,,-,-,,,,,SYSTEM,S-1-5-18,,,,,-,,,,,,%%1843,,,-,
2025-08-13T10:57:52.284315Z,4672,DC01,Microsoft-Windows-Security-Auditing,Security,649,0,,,,,,,,,,,,,,,,,,,,,,,,,,,,,,,,,,,,,,,,,,,,,,,,,,,,,,,,,,,,,,,,,,,,,,,,,,,,,,,,,,,,,,,,,,,,,,,,,,,,,,,,,,,,,,,,,"SeAssignPrimaryTokenPrivilege
			SeTcbPrivilege
			SeSecurityPrivilege
			SeTakeOwnershipPrivilege
			SeLoadDriverPrivilege
			SeBackupPrivilege
			SeRestorePrivilege
			SeDebugPrivilege
			SeAuditPrivilege
			SeSystemEnvironmentPrivilege
			SeImpersonatePrivilege
			SeDelegateSessionUserImpersonatePrivilege",,,,,,,,,,,,,,,,,,,,,,,,,,,,,,NT AUTHORITY,0x3e7,,SYSTEM,S-1-5-18,,,,,,,,,,,,,,,,,,,,,,,,,,,,,
2025-08-13T10:57:52.310308Z,4624,DC01,Microsoft-Windows-Security-Auditing,Security,650,0,,,,,,,,,,,,,,,,,Negotiate,,,,,,,,,,,,,,,,,,,,,,,,%%1842,,,,,,,,,,,,,%%1833,-,-,,,,0,,,-,,,,,00000000-0000-0000-0000-000000000000,,Advapi  ,5,,,,,,,,,,,,,,,,,,,,,,,,,,,,,,,,,,,,,,,,,,,,0x298,C:\Windows\System32\services.exe,,,,,,,,,,-,,,,,,,,,,,,,,,,,WORKGROUP,0x3e7,,DC01$,S-1-5-18,NT AUTHORITY,,0x0,,0x3e7,,-,-,,,,,SYSTEM,S-1-5-18,,,,,-,,,,,,%%1843,,,-,
2025-08-13T10:57:52.310313Z,4672,DC01,Microsoft-Windows-Security-Auditing,Security,651,0,,,,,,,,,,,,,,,,,,,,,,,,,,,,,,,,,,,,,,,,,,,,,,,,,,,,,,,,,,,,,,,,,,,,,,,,,,,,,,,,,,,,,,,,,,,,,,,,,,,,,,,,,,,,,,,,,"SeAssignPrimaryTokenPrivilege
			SeTcbPrivilege
			SeSecurityPrivilege
			SeTakeOwnershipPrivilege
			SeLoadDriverPrivilege
			SeBackupPrivilege
			SeRestorePrivilege
			SeDebugPrivilege
			SeAuditPrivilege
			SeSystemEnvironmentPrivilege
			SeImpersonatePrivilege
			SeDelegateSessionUserImpersonatePrivilege",,,,,,,,,,,,,,,,,,,,,,,,,,,,,,NT AUTHORITY,0x3e7,,SYSTEM,S-1-5-18,,,,,,,,,,,,,,,,,,,,,,,,,,,,,
2025-08-13T10:57:52.310316Z,4624,DC01,Microsoft-Windows-Security-Auditing,Security,652,0,,,,,,,,,,,,,,,,,Negotiate,,,,,,,,,,,,,,,,,,,,,,,,%%1842,,,,,,,,,,,,,%%1833,-,-,,,,0,,,-,,,,,00000000-0000-0000-0000-000000000000,,Advapi  ,5,,,,,,,,,,,,,,,,,,,,,,,,,,,,,,,,,,,,,,,,,,,,0x298,C:\Windows\System32\services.exe,,,,,,,,,,-,,,,,,,,,,,,,,,,,WORKGROUP,0x3e7,,DC01$,S-1-5-18,NT AUTHORITY,,0x0,,0x3e7,,-,-,,,,,SYSTEM,S-1-5-18,,,,,-,,,,,,%%1843,,,-,
2025-08-13T10:57:52.310320Z,4672,DC01,Microsoft-Windows-Security-Auditing,Security,653,0,,,,,,,,,,,,,,,,,,,,,,,,,,,,,,,,,,,,,,,,,,,,,,,,,,,,,,,,,,,,,,,,,,,,,,,,,,,,,,,,,,,,,,,,,,,,,,,,,,,,,,,,,,,,,,,,,"SeAssignPrimaryTokenPrivilege
			SeTcbPrivilege
			SeSecurityPrivilege
			SeTakeOwnershipPrivilege
			SeLoadDriverPrivilege
			SeBackupPrivilege
			SeRestorePrivilege
			SeDebugPrivilege
			SeAuditPrivilege
			SeSystemEnvironmentPrivilege
			SeImpersonatePrivilege
			SeDelegateSessionUserImpersonatePrivilege",,,,,,,,,,,,,,,,,,,,,,,,,,,,,,NT AUTHORITY,0x3e7,,SYSTEM,S-1-5-18,,,,,,,,,,,,,,,,,,,,,,,,,,,,,
2025-08-13T10:57:52.324587Z,4624,DC01,Microsoft-Windows-Security-Auditing,Security,654,0,,,,,,,,,,,,,,,,,Negotiate,,,,,,,,,,,,,,,,,,,,,,,,%%1842,,,,,,,,,,,,,%%1833,-,-,,,,0,,,-,,,,,00000000-0000-0000-0000-000000000000,,Advapi  ,5,,,,,,,,,,,,,,,,,,,,,,,,,,,,,,,,,,,,,,,,,,,,0x298,C:\Windows\System32\services.exe,,,,,,,,,,-,,,,,,,,,,,,,,,,,WORKGROUP,0x3e7,,DC01$,S-1-5-18,NT AUTHORITY,,0x0,,0x3e7,,-,-,,,,,SYSTEM,S-1-5-18,,,,,-,,,,,,%%1843,,,-,
2025-08-13T10:57:52.324592Z,4672,DC01,Microsoft-Windows-Security-Auditing,Security,655,0,,,,,,,,,,,,,,,,,,,,,,,,,,,,,,,,,,,,,,,,,,,,,,,,,,,,,,,,,,,,,,,,,,,,,,,,,,,,,,,,,,,,,,,,,,,,,,,,,,,,,,,,,,,,,,,,,"SeAssignPrimaryTokenPrivilege
			SeTcbPrivilege
			SeSecurityPrivilege
			SeTakeOwnershipPrivilege
			SeLoadDriverPrivilege
			SeBackupPrivilege
			SeRestorePrivilege
			SeDebugPrivilege
			SeAuditPrivilege
			SeSystemEnvironmentPrivilege
			SeImpersonatePrivilege
			SeDelegateSessionUserImpersonatePrivilege",,,,,,,,,,,,,,,,,,,,,,,,,,,,,,NT AUTHORITY,0x3e7,,SYSTEM,S-1-5-18,,,,,,,,,,,,,,,,,,,,,,,,,,,,,
2025-08-13T10:57:52.328557Z,4624,DC01,Microsoft-Windows-Security-Auditing,Security,656,0,,,,,,,,,,,,,,,,,Negotiate,,,,,,,,,,,,,,,,,,,,,,,,%%1842,,,,,,,,,,,,,%%1833,-,-,,,,0,,,-,,,,,00000000-0000-0000-0000-000000000000,,Advapi  ,5,,,,,,,,,,,,,,,,,,,,,,,,,,,,,,,,,,,,,,,,,,,,0x298,C:\Windows\System32\services.exe,,,,,,,,,,-,,,,,,,,,,,,,,,,,WORKGROUP,0x3e7,,DC01$,S-1-5-18,NT AUTHORITY,,0x0,,0x3e7,,-,-,,,,,SYSTEM,S-1-5-18,,,,,-,,,,,,%%1843,,,-,
2025-08-13T10:57:52.328561Z,4672,DC01,Microsoft-Windows-Security-Auditing,Security,657,0,,,,,,,,,,,,,,,,,,,,,,,,,,,,,,,,,,,,,,,,,,,,,,,,,,,,,,,,,,,,,,,,,,,,,,,,,,,,,,,,,,,,,,,,,,,,,,,,,,,,,,,,,,,,,,,,,"SeAssignPrimaryTokenPrivilege
			SeTcbPrivilege
			SeSecurityPrivilege
			SeTakeOwnershipPrivilege
			SeLoadDriverPrivilege
			SeBackupPrivilege
			SeRestorePrivilege
			SeDebugPrivilege
			SeAuditPrivilege
			SeSystemEnvironmentPrivilege
			SeImpersonatePrivilege
			SeDelegateSessionUserImpersonatePrivilege",,,,,,,,,,,,,,,,,,,,,,,,,,,,,,NT AUTHORITY,0x3e7,,SYSTEM,S-1-5-18,,,,,,,,,,,,,,,,,,,,,,,,,,,,,
2025-08-13T10:57:52.343529Z,4624,DC01,Microsoft-Windows-Security-Auditing,Security,658,0,,,,,,,,,,,,,,,,,Negotiate,,,,,,,,,,,,,,,,,,,,,,,,%%1842,,,,,,,,,,,,,%%1833,-,-,,,,0,,,-,,,,,00000000-0000-0000-0000-000000000000,,Advapi  ,5,,,,,,,,,,,,,,,,,,,,,,,,,,,,,,,,,,,,,,,,,,,,0x298,C:\Windows\System32\services.exe,,,,,,,,,,-,,,,,,,,,,,,,,,,,WORKGROUP,0x3e7,,DC01$,S-1-5-18,NT AUTHORITY,,0x0,,0x3e7,,-,-,,,,,SYSTEM,S-1-5-18,,,,,-,,,,,,%%1843,,,-,
2025-08-13T10:57:52.343534Z,4672,DC01,Microsoft-Windows-Security-Auditing,Security,659,0,,,,,,,,,,,,,,,,,,,,,,,,,,,,,,,,,,,,,,,,,,,,,,,,,,,,,,,,,,,,,,,,,,,,,,,,,,,,,,,,,,,,,,,,,,,,,,,,,,,,,,,,,,,,,,,,,"SeAssignPrimaryTokenPrivilege
			SeTcbPrivilege
			SeSecurityPrivilege
			SeTakeOwnershipPrivilege
			SeLoadDriverPrivilege
			SeBackupPrivilege
			SeRestorePrivilege
			SeDebugPrivilege
			SeAuditPrivilege
			SeSystemEnvironmentPrivilege
			SeImpersonatePrivilege
			SeDelegateSessionUserImpersonatePrivilege",,,,,,,,,,,,,,,,,,,,,,,,,,,,,,NT AUTHORITY,0x3e7,,SYSTEM,S-1-5-18,,,,,,,,,,,,,,,,,,,,,,,,,,,,,
2025-08-13T10:57:52.351486Z,4624,DC01,Microsoft-Windows-Security-Auditing,Security,660,0,,,,,,,,,,,,,,,,,Negotiate,,,,,,,,,,,,,,,,,,,,,,,,%%1842,,,,,,,,,,,,,%%1833,-,-,,,,0,,,-,,,,,00000000-0000-0000-0000-000000000000,,Advapi  ,5,,,,,,,,,,,,,,,,,,,,,,,,,,,,,,,,,,,,,,,,,,,,0x298,C:\Windows\System32\services.exe,,,,,,,,,,-,,,,,,,,,,,,,,,,,WORKGROUP,0x3e7,,DC01$,S-1-5-18,NT AUTHORITY,,0x0,,0x3e7,,-,-,,,,,SYSTEM,S-1-5-18,,,,,-,,,,,,%%1843,,,-,
