2026-04-01T18:28:18.894223Z,"{'#attributes': {'Qualifiers': 16384}, '#text': 1004}",DC01.garfield.htb,Microsoft-Windows-Security-SPP,Application,3498,4,,,,,,Windows(R) UL store License (Public),f9bcab91-760f-4427-b31a-e30dee235f51,,,,,,,,,,,,,,,,,,,,,,,,,,,,,,,,,,,,,,,,,,,,,,
2026-04-01T18:28:18.894223Z,"{'#attributes': {'Qualifiers': 16384}, '#text': 1004}",DC01.garfield.htb,Microsoft-Windows-Security-SPP,Application,3499,4,,,,,,Windows(R) UL store License (Private),e310bca9-b6e0-4d18-a49b-1260f78ef511,,,,,,,,,,,,,,,,,,,,,,,,,,,,,,,,,,,,,,,,,,,,,,
2026-04-01T18:28:18.909845Z,"{'#attributes': {'Qualifiers': 16384}, '#text': 1004}",DC01.garfield.htb,Microsoft-Windows-Security-SPP,Application,3500,4,,,,,,Windows(R) Publishing License (Public),55359dd6-e5b7-4f21-8b36-6d6227d2920e,,,,,,,,,,,,,,,,,,,,,,,,,,,,,,,,,,,,,,,,,,,,,,
2026-04-01T18:28:18.909845Z,"{'#attributes': {'Qualifiers': 16384}, '#text': 1004}",DC01.garfield.htb,Microsoft-Windows-Security-SPP,Application,3501,4,,,,,,Windows(R) Publishing License (Private),5b23ea50-8346-4175-b87c-91b25bd242bd,,,,,,,,,,,,,,,,,,,,,,,,,,,,,,,,,,,,,,,,,,,,,,
2026-04-01T18:28:18.909845Z,"{'#attributes': {'Qualifiers': 16384}, '#text': 1004}",DC01.garfield.htb,Microsoft-Windows-Security-SPP,Application,3502,4,,,,,,Windows(R) UL oob License (Public),a5099aad-1c9c-4d57-8dc7-6b3284d20295,,,,,,,,,,,,,,,,,,,,,,,,,,,,,,,,,,,,,,,,,,,,,,
2026-04-01T18:28:18.909845Z,"{'#attributes': {'Qualifiers': 16384}, '#text': 1004}",DC01.garfield.htb,Microsoft-Windows-Security-SPP,Application,3503,4,,,,,,Windows(R) UL oob License (Private),e48c9ed4-7d80-40b8-a8a9-bfe6c1f3f3c8,,,,,,,,,,,,,,,,,,,,,,,,,,,,,,,,,,,,,,,,,,,,,,
2026-04-01T18:28:18.925467Z,"{'#attributes': {'Qualifiers': 16384}, '#text': 1004}",DC01.garfield.htb,Microsoft-Windows-Security-SPP,Application,3504,4,,,,,,Windows(R) UL phone License (Public),fa453a9b-9aca-4e51-ad6b-0994ab16725f,,,,,,,,,,,,,,,,,,,,,,,,,,,,,,,,,,,,,,,,,,,,,,
2026-04-01T18:28:18.925467Z,"{'#attributes': {'Qualifiers': 16384}, '#text': 1004}",DC01.garfield.htb,Microsoft-Windows-Security-SPP,Application,3505,4,,,,,,Windows(R) UL phone License (Private),7b0a6838-6e1f-42a0-8479-10228b30013b,,,,,,,,,,,,,,,,,,,,,,,,,,,,,,,,,,,,,,,,,,,,,,
2026-04-01T18:28:18.925467Z,"{'#attributes': {'Qualifiers': 16384}, '#text': 1004}",DC01.garfield.htb,Microsoft-Windows-Security-SPP,Application,3506,4,,,,,,Windows(R) UL store License (Public),60abcd57-8083-4a60-823b-a3cb9777e88b,,,,,,,,,,,,,,,,,,,,,,,,,,,,,,,,,,,,,,,,,,,,,,
2026-04-01T18:28:18.925467Z,"{'#attributes': {'Qualifiers': 16384}, '#text': 1004}",DC01.garfield.htb,Microsoft-Windows-Security-SPP,Application,3507,4,,,,,,Windows(R) UL store License (Private),fed67c29-216e-4e0b-bcb3-c6e5ed504843,,,,,,,,,,,,,,,,,,,,,,,,,,,,,,,,,,,,,,,,,,,,,,
2026-04-01T18:28:18.941100Z,"{'#attributes': {'Qualifiers': 16384}, '#text': 1004}",DC01.garfield.htb,Microsoft-Windows-Security-SPP,Application,3508,4,,,,,,Windows(R) Publishing License (Public),c9cd3f86-1777-4c3c-90de-f929d0f50a55,,,,,,,,,,,,,,,,,,,,,,,,,,,,,,,,,,,,,,,,,,,,,,
2026-04-01T18:28:18.941100Z,"{'#attributes': {'Qualifiers': 16384}, '#text': 1004}",DC01.garfield.htb,Microsoft-Windows-Security-SPP,Application,3509,4,,,,,,Windows(R) Publishing License (Private),c7667e81-1830-44dc-b3ac-5e18f7c47f71,,,,,,,,,,,,,,,,,,,,,,,,,,,,,,,,,,,,,,,,,,,,,,
2026-04-01T18:28:18.956722Z,"{'#attributes': {'Qualifiers': 16384}, '#text': 1004}",DC01.garfield.htb,Microsoft-Windows-Security-SPP,Application,3510,4,,,,,,Windows(R) UL oob License (Public),45ce0c33-e6b2-4125-b63f-bc2618e72fcd,,,,,,,,,,,,,,,,,,,,,,,,,,,,,,,,,,,,,,,,,,,,,,
2026-04-01T18:28:18.956722Z,"{'#attributes': {'Qualifiers': 16384}, '#text': 1004}",DC01.garfield.htb,Microsoft-Windows-Security-SPP,Application,3511,4,,,,,,Windows(R) UL oob License (Private),37b213fc-60f2-4491-b71f-8cc8708b6fe9,,,,,,,,,,,,,,,,,,,,,,,,,,,,,,,,,,,,,,,,,,,,,,
2026-04-01T18:28:18.972349Z,"{'#attributes': {'Qualifiers': 16384}, '#text': 1004}",DC01.garfield.htb,Microsoft-Windows-Security-SPP,Application,3512,4,,,,,,Windows(R) UL phone License (Public),7f2148b5-b1bc-4448-ba43-9e01f24821ca,,,,,,,,,,,,,,,,,,,,,,,,,,,,,,,,,,,,,,,,,,,,,,
2026-04-01T18:28:18.972349Z,"{'#attributes': {'Qualifiers': 16384}, '#text': 1004}",DC01.garfield.htb,Microsoft-Windows-Security-SPP,Application,3513,4,,,,,,Windows(R) UL phone License (Private),103f5889-8f09-48a0-9de2-d1836c274222,,,,,,,,,,,,,,,,,,,,,,,,,,,,,,,,,,,,,,,,,,,,,,
2026-04-01T18:28:18.972349Z,"{'#attributes': {'Qualifiers': 16384}, '#text': 1004}",DC01.garfield.htb,Microsoft-Windows-Security-SPP,Application,3514,4,,,,,,Windows(R) UL store License (Public),78bdd24b-4253-4686-ba3b-0aedf5efff4c,,,,,,,,,,,,,,,,,,,,,,,,,,,,,,,,,,,,,,,,,,,,,,
2026-04-01T18:28:18.987971Z,"{'#attributes': {'Qualifiers': 16384}, '#text': 1004}",DC01.garfield.htb,Microsoft-Windows-Security-SPP,Application,3515,4,,,,,,Windows(R) UL store License (Private),d9e120fd-f4e1-4ac5-af96-e767b8d67f55,,,,,,,,,,,,,,,,,,,,,,,,,,,,,,,,,,,,,,,,,,,,,,
2026-04-01T18:28:18.987971Z,"{'#attributes': {'Qualifiers': 16384}, '#text': 1004}",DC01.garfield.htb,Microsoft-Windows-Security-SPP,Application,3516,4,,,,,,Windows(R) Publishing License (Public),606c8a97-73ac-4e50-898c-9e220b4a73eb,,,,,,,,,,,,,,,,,,,,,,,,,,,,,,,,,,,,,,,,,,,,,,
2026-04-01T18:28:18.987971Z,"{'#attributes': {'Qualifiers': 16384}, '#text': 1004}",DC01.garfield.htb,Microsoft-Windows-Security-SPP,Application,3517,4,,,,,,Windows(R) Publishing License (Private),c1f8c4ed-39e8-4304-8bef-ff4353fdb152,,,,,,,,,,,,,,,,,,,,,,,,,,,,,,,,,,,,,,,,,,,,,,
2026-04-01T18:28:19.003594Z,"{'#attributes': {'Qualifiers': 16384}, '#text': 1004}",DC01.garfield.htb,Microsoft-Windows-Security-SPP,Application,3518,4,,,,,,Windows(R) UL oob License (Public),367f84f4-ee97-470c-b133-852141bc671c,,,,,,,,,,,,,,,,,,,,,,,,,,,,,,,,,,,,,,,,,,,,,,
2026-04-01T18:28:19.003594Z,"{'#attributes': {'Qualifiers': 16384}, '#text': 1004}",DC01.garfield.htb,Microsoft-Windows-Security-SPP,Application,3519,4,,,,,,Windows(R) UL oob License (Private),68398153-c52c-43d2-9a90-019b7c851ee3,,,,,,,,,,,,,,,,,,,,,,,,,,,,,,,,,,,,,,,,,,,,,,
2026-04-01T18:28:19.003594Z,"{'#attributes': {'Qualifiers': 16384}, '#text': 1004}",DC01.garfield.htb,Microsoft-Windows-Security-SPP,Application,3520,4,,,,,,Windows(R) UL phone License (Public),99f95e99-d1e2-4c2a-a201-388a0a4a5b7d,,,,,,,,,,,,,,,,,,,,,,,,,,,,,,,,,,,,,,,,,,,,,,
2026-04-01T18:28:19.003594Z,"{'#attributes': {'Qualifiers': 16384}, '#text': 1004}",DC01.garfield.htb,Microsoft-Windows-Security-SPP,Application,3521,4,,,,,,Windows(R) UL phone License (Private),bfec0493-d180-435f-a03a-bbe7b390d140,,,,,,,,,,,,,,,,,,,,,,,,,,,,,,,,,,,,,,,,,,,,,,
2026-04-01T18:28:19.019221Z,"{'#attributes': {'Qualifiers': 16384}, '#text': 1004}",DC01.garfield.htb,Microsoft-Windows-Security-SPP,Application,3522,4,,,,,,Windows(R) UL store License (Public),ba67c027-be5e-45ee-9ae9-9bf3b866c4e3,,,,,,,,,,,,,,,,,,,,,,,,,,,,,,,,,,,,,,,,,,,,,,
2026-04-01T18:28:19.019221Z,"{'#attributes': {'Qualifiers': 16384}, '#text': 1004}",DC01.garfield.htb,Microsoft-Windows-Security-SPP,Application,3523,4,,,,,,Windows(R) UL store License (Private),c379be12-bb15-4ed8-95a8-50a3a3bcd923,,,,,,,,,,,,,,,,,,,,,,,,,,,,,,,,,,,,,,,,,,,,,,
2026-04-01T18:28:19.019221Z,"{'#attributes': {'Qualifiers': 16384}, '#text': 1004}",DC01.garfield.htb,Microsoft-Windows-Security-SPP,Application,3524,4,,,,,,Windows(R) Publishing License (Public),cbf9558a-7405-4a99-9fb8-9444843f7de4,,,,,,,,,,,,,,,,,,,,,,,,,,,,,,,,,,,,,,,,,,,,,,
2026-04-01T18:28:19.019221Z,"{'#attributes': {'Qualifiers': 16384}, '#text': 1004}",DC01.garfield.htb,Microsoft-Windows-Security-SPP,Application,3525,4,,,,,,Windows(R) Publishing License (Private),d5ee5555-a514-48c7-bbce-42da4f7df828,,,,,,,,,,,,,,,,,,,,,,,,,,,,,,,,,,,,,,,,,,,,,,
2026-04-01T18:28:19.034851Z,"{'#attributes': {'Qualifiers': 16384}, '#text': 1004}",DC01.garfield.htb,Microsoft-Windows-Security-SPP,Application,3526,4,,,,,,Windows(R) UL oob License (Public),9087e14b-cfd1-47b2-81ba-7dba92af4a8f,,,,,,,,,,,,,,,,,,,,,,,,,,,,,,,,,,,,,,,,,,,,,,
2026-04-01T18:28:19.034851Z,"{'#attributes': {'Qualifiers': 16384}, '#text': 1004}",DC01.garfield.htb,Microsoft-Windows-Security-SPP,Application,3527,4,,,,,,Windows(R) UL oob License (Private),c8d7fdb4-4565-4dae-a2cc-6a684f2e730b,,,,,,,,,,,,,,,,,,,,,,,,,,,,,,,,,,,,,,,,,,,,,,
2026-04-01T18:28:19.034851Z,"{'#attributes': {'Qualifiers': 16384}, '#text': 1004}",DC01.garfield.htb,Microsoft-Windows-Security-SPP,Application,3528,4,,,,,,Windows(R) UL phone License (Public),bfee31b6-5164-4486-af37-4b265057e6eb,,,,,,,,,,,,,,,,,,,,,,,,,,,,,,,,,,,,,,,,,,,,,,
2026-04-01T18:28:19.034851Z,"{'#attributes': {'Qualifiers': 16384}, '#text': 1004}",DC01.garfield.htb,Microsoft-Windows-Security-SPP,Application,3529,4,,,,,,Windows(R) UL phone License (Private),7f47c87f-b4b3-4243-b515-e2cee61e2b0f,,,,,,,,,,,,,,,,,,,,,,,,,,,,,,,,,,,,,,,,,,,,,,
2026-04-01T18:28:19.664790Z,"{'#attributes': {'Qualifiers': 16384}, '#text': 1004}",DC01.garfield.htb,Microsoft-Windows-Security-SPP,Application,3530,4,,,,,,Windows(R) UL store License (Public),cb639757-af42-4273-a1f5-1599fdd3eba2,,,,,,,,,,,,,,,,,,,,,,,,,,,,,,,,,,,,,,,,,,,,,,
2026-04-01T18:28:19.666873Z,"{'#attributes': {'Qualifiers': 16384}, '#text': 1004}",DC01.garfield.htb,Microsoft-Windows-Security-SPP,Application,3531,4,,,,,,Windows(R) UL store License (Private),8fa22177-b73a-4f58-be1d-03fa317268f5,,,,,,,,,,,,,,,,,,,,,,,,,,,,,,,,,,,,,,,,,,,,,,
2026-04-01T18:28:19.677290Z,"{'#attributes': {'Qualifiers': 16384}, '#text': 1004}",DC01.garfield.htb,Microsoft-Windows-Security-SPP,Application,3532,4,,,,,,Windows(R) Publishing License (Public),af528eb9-a6fd-4bd0-a26f-e4f25976c25b,,,,,,,,,,,,,,,,,,,,,,,,,,,,,,,,,,,,,,,,,,,,,,
2026-04-01T18:28:19.678331Z,"{'#attributes': {'Qualifiers': 16384}, '#text': 1004}",DC01.garfield.htb,Microsoft-Windows-Security-SPP,Application,3533,4,,,,,,Windows(R) Publishing License (Private),67de15be-ec3c-497e-a657-bacb492da56e,,,,,,,,,,,,,,,,,,,,,,,,,,,,,,,,,,,,,,,,,,,,,,
2026-04-01T18:28:19.685629Z,"{'#attributes': {'Qualifiers': 16384}, '#text': 1004}",DC01.garfield.htb,Microsoft-Windows-Security-SPP,Application,3534,4,,,,,,Windows(R) UL oob License (Public),64c9e01e-f124-405b-8c5b-2e0ca7013de6,,,,,,,,,,,,,,,,,,,,,,,,,,,,,,,,,,,,,,,,,,,,,,
2026-04-01T18:28:19.687707Z,"{'#attributes': {'Qualifiers': 16384}, '#text': 1004}",DC01.garfield.htb,Microsoft-Windows-Security-SPP,Application,3535,4,,,,,,Windows(R) UL oob License (Private),a4ed2727-8e26-432a-bf8e-97925b044a05,,,,,,,,,,,,,,,,,,,,,,,,,,,,,,,,,,,,,,,,,,,,,,
2026-04-01T18:28:19.696041Z,"{'#attributes': {'Qualifiers': 16384}, '#text': 1004}",DC01.garfield.htb,Microsoft-Windows-Security-SPP,Application,3536,4,,,,,,Windows(R) UL phone License (Public),7ac392ee-6407-41e3-9949-f53345b6161e,,,,,,,,,,,,,,,,,,,,,,,,,,,,,,,,,,,,,,,,,,,,,,
2026-04-01T18:28:19.696041Z,"{'#attributes': {'Qualifiers': 16384}, '#text': 1004}",DC01.garfield.htb,Microsoft-Windows-Security-SPP,Application,3537,4,,,,,,Windows(R) UL phone License (Private),1d192b87-d1fa-4e40-b469-95be62965b1e,,,,,,,,,,,,,,,,,,,,,,,,,,,,,,,,,,,,,,,,,,,,,,
2026-04-01T18:28:19.698126Z,"{'#attributes': {'Qualifiers': 16384}, '#text': 1004}",DC01.garfield.htb,Microsoft-Windows-Security-SPP,Application,3538,4,,,,,,Windows(R) UL store License (Public),638e9986-ec4f-4f02-92e4-9789909c2a95,,,,,,,,,,,,,,,,,,,,,,,,,,,,,,,,,,,,,,,,,,,,,,
2026-04-01T18:28:19.698126Z,"{'#attributes': {'Qualifiers': 16384}, '#text': 1004}",DC01.garfield.htb,Microsoft-Windows-Security-SPP,Application,3539,4,,,,,,Windows(R) UL store License (Private),55370f25-fbf4-4932-bfc8-ae43d8b96942,,,,,,,,,,,,,,,,,,,,,,,,,,,,,,,,,,,,,,,,,,,,,,
2026-04-01T18:28:19.810622Z,"{'#attributes': {'Qualifiers': 16384}, '#text': 1004}",DC01.garfield.htb,Microsoft-Windows-Security-SPP,Application,3540,4,,,,,,Windows(R) Publishing License (Public),ce262854-9c4b-4ae9-bd5d-fa42cf0146ed,,,,,,,,,,,,,,,,,,,,,,,,,,,,,,,,,,,,,,,,,,,,,,
2026-04-01T18:28:19.810622Z,"{'#attributes': {'Qualifiers': 16384}, '#text': 1004}",DC01.garfield.htb,Microsoft-Windows-Security-SPP,Application,3541,4,,,,,,Windows(R) Publishing License (Private),2ab64da8-c4a4-465b-845a-09765dbc6787,,,,,,,,,,,,,,,,,,,,,,,,,,,,,,,,,,,,,,,,,,,,,,
2026-04-01T18:28:19.816098Z,"{'#attributes': {'Qualifiers': 16384}, '#text': 1004}",DC01.garfield.htb,Microsoft-Windows-Security-SPP,Application,3542,4,,,,,,Windows(R) UL oob License (Public),6150c54a-d612-4217-8b47-ada3dbce76cf,,,,,,,,,,,,,,,,,,,,,,,,,,,,,,,,,,,,,,,,,,,,,,
2026-04-01T18:28:19.816098Z,"{'#attributes': {'Qualifiers': 16384}, '#text': 1004}",DC01.garfield.htb,Microsoft-Windows-Security-SPP,Application,3543,4,,,,,,Windows(R) UL oob License (Private),5181e912-a988-4512-aa05-77bc9e3bad5d,,,,,,,,,,,,,,,,,,,,,,,,,,,,,,,,,,,,,,,,,,,,,,
2026-04-01T18:28:19.831724Z,"{'#attributes': {'Qualifiers': 16384}, '#text': 1004}",DC01.garfield.htb,Microsoft-Windows-Security-SPP,Application,3544,4,,,,,,Windows(R) UL phone License (Public),99176ebe-5458-41b9-ad02-d1c197af8255,,,,,,,,,,,,,,,,,,,,,,,,,,,,,,,,,,,,,,,,,,,,,,
2026-04-01T18:28:19.831724Z,"{'#attributes': {'Qualifiers': 16384}, '#text': 1004}",DC01.garfield.htb,Microsoft-Windows-Security-SPP,Application,3545,4,,,,,,Windows(R) UL phone License (Private),a4a9497c-75cf-43fe-aca4-1d2dd69bd417,,,,,,,,,,,,,,,,,,,,,,,,,,,,,,,,,,,,,,,,,,,,,,
2026-04-01T18:28:19.831724Z,"{'#attributes': {'Qualifiers': 16384}, '#text': 1004}",DC01.garfield.htb,Microsoft-Windows-Security-SPP,Application,3546,4,,,,,,Windows(R) UL store License (Public),d6d52fa7-aca5-41c2-af44-5aabf8bdcabf,,,,,,,,,,,,,,,,,,,,,,,,,,,,,,,,,,,,,,,,,,,,,,
2026-04-01T18:28:19.831724Z,"{'#attributes': {'Qualifiers': 16384}, '#text': 1004}",DC01.garfield.htb,Microsoft-Windows-Security-SPP,Application,3547,4,,,,,,Windows(R) UL store License (Private),6fa70873-fc8f-48c0-a8b6-70bb6f16332d,,,,,,,,,,,,,,,,,,,,,,,,,,,,,,,,,,,,,,,,,,,,,,
2026-04-01T18:28:19.959567Z,"{'#attributes': {'Qualifiers': 16384}, '#text': 1004}",DC01.garfield.htb,Microsoft-Windows-Security-SPP,Application,3548,4,,,,,,Windows(R) Publishing License (Public),c8773598-bcf1-4245-ad0b-dd14f12c163a,,,,,,,,,,,,,,,,,,,,,,,,,,,,,,,,,,,,,,,,,,,,,,
2026-04-01T18:28:19.959567Z,"{'#attributes': {'Qualifiers': 16384}, '#text': 1004}",DC01.garfield.htb,Microsoft-Windows-Security-SPP,Application,3549,4,,,,,,Windows(R) Publishing License (Private),18bc346a-cdda-4f65-a88b-d4b82a1296c0,,,,,,,,,,,,,,,,,,,,,,,,,,,,,,,,,,,,,,,,,,,,,,
2026-04-01T18:28:19.959567Z,"{'#attributes': {'Qualifiers': 16384}, '#text': 1004}",DC01.garfield.htb,Microsoft-Windows-Security-SPP,Application,3550,4,,,,,,Windows(R) UL oob License (Public),63b078d6-5789-4bca-ab21-614dd37ec22f,,,,,,,,,,,,,,,,,,,,,,,,,,,,,,,,,,,,,,,,,,,,,,
2026-04-01T18:28:19.959567Z,"{'#attributes': {'Qualifiers': 16384}, '#text': 1004}",DC01.garfield.htb,Microsoft-Windows-Security-SPP,Application,3551,4,,,,,,Windows(R) UL oob License (Private),b677d087-aefd-4a00-b668-e2af3fe2eb4a,,,,,,,,,,,,,,,,,,,,,,,,,,,,,,,,,,,,,,,,,,,,,,
2026-04-01T18:28:19.972356Z,"{'#attributes': {'Qualifiers': 16384}, '#text': 1004}",DC01.garfield.htb,Microsoft-Windows-Security-SPP,Application,3552,4,,,,,,Windows(R) UL phone License (Public),9baf7b79-6df9-47f1-8d2f-1ab0aa994b51,,,,,,,,,,,,,,,,,,,,,,,,,,,,,,,,,,,,,,,,,,,,,,
2026-04-01T18:28:19.972356Z,"{'#attributes': {'Qualifiers': 16384}, '#text': 1004}",DC01.garfield.htb,Microsoft-Windows-Security-SPP,Application,3553,4,,,,,,Windows(R) UL phone License (Private),9673881d-4740-45f1-a5c0-97dcbf5491f0,,,,,,,,,,,,,,,,,,,,,,,,,,,,,,,,,,,,,,,,,,,,,,
2026-04-01T18:28:19.987977Z,"{'#attributes': {'Qualifiers': 16384}, '#text': 1004}",DC01.garfield.htb,Microsoft-Windows-Security-SPP,Application,3554,4,,,,,,Windows(R) UL store License (Public),9086d763-2340-49a8-95b4-4f06f4f7811c,,,,,,,,,,,,,,,,,,,,,,,,,,,,,,,,,,,,,,,,,,,,,,
2026-04-01T18:28:19.987977Z,"{'#attributes': {'Qualifiers': 16384}, '#text': 1004}",DC01.garfield.htb,Microsoft-Windows-Security-SPP,Application,3555,4,,,,,,Windows(R) UL store License (Private),3e4fb268-e569-4989-a690-7fa8bc06d524,,,,,,,,,,,,,,,,,,,,,,,,,,,,,,,,,,,,,,,,,,,,,,
2026-04-01T18:28:19.987977Z,"{'#attributes': {'Qualifiers': 16384}, '#text': 1004}",DC01.garfield.htb,Microsoft-Windows-Security-SPP,Application,3556,4,,,,,,Windows(R) Publishing License (Public),21ed3eb0-7aec-4ed5-9f13-a32f44a6cfd3,,,,,,,,,,,,,,,,,,,,,,,,,,,,,,,,,,,,,,,,,,,,,,
2026-04-01T18:28:19.987977Z,"{'#attributes': {'Qualifiers': 16384}, '#text': 1004}",DC01.garfield.htb,Microsoft-Windows-Security-SPP,Application,3557,4,,,,,,Windows(R) Publishing License (Private),eff2981d-3241-4b38-af05-a9354661efd8,,,,,,,,,,,,,,,,,,,,,,,,,,,,,,,,,,,,,,,,,,,,,,
2026-04-01T18:28:20.101259Z,"{'#attributes': {'Qualifiers': 16384}, '#text': 1004}",DC01.garfield.htb,Microsoft-Windows-Security-SPP,Application,3558,4,,,,,,Windows(R) UL oob License (Public),e25a5660-f6b4-4cd6-8939-a49e7ff3ec23,,,,,,,,,,,,,,,,,,,,,,,,,,,,,,,,,,,,,,,,,,,,,,
2026-04-01T18:28:20.101259Z,"{'#attributes': {'Qualifiers': 16384}, '#text': 1004}",DC01.garfield.htb,Microsoft-Windows-Security-SPP,Application,3559,4,,,,,,Windows(R) UL oob License (Private),0e235011-c6c6-441b-a46b-d83e8cd1b700,,,,,,,,,,,,,,,,,,,,,,,,,,,,,,,,,,,,,,,,,,,,,,
2026-04-01T18:28:20.128597Z,"{'#attributes': {'Qualifiers': 16384}, '#text': 1004}",DC01.garfield.htb,Microsoft-Windows-Security-SPP,Application,3560,4,,,,,,Windows(R) UL phone License (Public),25776ea7-e4d0-4515-ae95-f44d5673ac5c,,,,,,,,,,,,,,,,,,,,,,,,,,,,,,,,,,,,,,,,,,,,,,
2026-04-01T18:28:20.128597Z,"{'#attributes': {'Qualifiers': 16384}, '#text': 1004}",DC01.garfield.htb,Microsoft-Windows-Security-SPP,Application,3561,4,,,,,,Windows(R) UL phone License (Private),efc69188-8a15-4b04-81ab-cb1225eacf71,,,,,,,,,,,,,,,,,,,,,,,,,,,,,,,,,,,,,,,,,,,,,,
2026-04-01T18:28:20.144232Z,"{'#attributes': {'Qualifiers': 16384}, '#text': 1004}",DC01.garfield.htb,Microsoft-Windows-Security-SPP,Application,3562,4,,,,,,Windows(R) UL store License (Public),35a30e08-b085-4bd7-bb50-9a43a20c2f61,,,,,,,,,,,,,,,,,,,,,,,,,,,,,,,,,,,,,,,,,,,,,,
2026-04-01T18:28:20.144232Z,"{'#attributes': {'Qualifiers': 16384}, '#text': 1004}",DC01.garfield.htb,Microsoft-Windows-Security-SPP,Application,3563,4,,,,,,Windows(R) UL store License (Private),45853272-8bea-41f2-879c-faf38be9a3ff,,,,,,,,,,,,,,,,,,,,,,,,,,,,,,,,,,,,,,,,,,,,,,
2026-04-01T18:28:20.144232Z,"{'#attributes': {'Qualifiers': 16384}, '#text': 1004}",DC01.garfield.htb,Microsoft-Windows-Security-SPP,Application,3564,4,,,,,,Windows(R) Publishing License (Public),2a61f172-fd45-440e-a599-a14a06033ef7,,,,,,,,,,,,,,,,,,,,,,,,,,,,,,,,,,,,,,,,,,,,,,
2026-04-01T18:28:20.144232Z,"{'#attributes': {'Qualifiers': 16384}, '#text': 1004}",DC01.garfield.htb,Microsoft-Windows-Security-SPP,Application,3565,4,,,,,,Windows(R) Publishing License (Private),60fe57c9-99b7-4530-bd25-9d6e2098c219,,,,,,,,,,,,,,,,,,,,,,,,,,,,,,,,,,,,,,,,,,,,,,
2026-04-01T18:28:20.159856Z,"{'#attributes': {'Qualifiers': 16384}, '#text': 1004}",DC01.garfield.htb,Microsoft-Windows-Security-SPP,Application,3566,4,,,,,,Windows(R) UL oob License (Public),06ab7c6a-a1c6-4854-85ef-93cc6e11b952,,,,,,,,,,,,,,,,,,,,,,,,,,,,,,,,,,,,,,,,,,,,,,
2026-04-01T18:28:20.159856Z,"{'#attributes': {'Qualifiers': 16384}, '#text': 1004}",DC01.garfield.htb,Microsoft-Windows-Security-SPP,Application,3567,4,,,,,,Windows(R) UL oob License (Private),1e962cf6-45e5-4a7b-8b61-b0697e979a6d,,,,,,,,,,,,,,,,,,,,,,,,,,,,,,,,,,,,,,,,,,,,,,
2026-04-01T18:28:20.237975Z,"{'#attributes': {'Qualifiers': 16384}, '#text': 1004}",DC01.garfield.htb,Microsoft-Windows-Security-SPP,Application,3568,4,,,,,,Windows(R) UL phone License (Public),1fa47d2b-8077-40a9-84e6-c0e40396c626,,,,,,,,,,,,,,,,,,,,,,,,,,,,,,,,,,,,,,,,,,,,,,
2026-04-01T18:28:20.237975Z,"{'#attributes': {'Qualifiers': 16384}, '#text': 1004}",DC01.garfield.htb,Microsoft-Windows-Security-SPP,Application,3569,4,,,,,,Windows(R) UL phone License (Private),d1e76c2a-e911-4eb2-b9bb-bc54661d3e45,,,,,,,,,,,,,,,,,,,,,,,,,,,,,,,,,,,,,,,,,,,,,,
2026-04-01T18:28:20.237975Z,"{'#attributes': {'Qualifiers': 16384}, '#text': 1004}",DC01.garfield.htb,Microsoft-Windows-Security-SPP,Application,3570,4,,,,,,Windows(R) UL store License (Public),b98d10a8-10da-4572-b58c-c2c34ffd5b6e,,,,,,,,,,,,,,,,,,,,,,,,,,,,,,,,,,,,,,,,,,,,,,
2026-04-01T18:28:20.237975Z,"{'#attributes': {'Qualifiers': 16384}, '#text': 1004}",DC01.garfield.htb,Microsoft-Windows-Security-SPP,Application,3571,4,,,,,,Windows(R) UL store License (Private),334731a9-487f-49cb-bffd-94bc32a98ecf,,,,,,,,,,,,,,,,,,,,,,,,,,,,,,,,,,,,,,,,,,,,,,
2026-04-01T18:28:20.253738Z,"{'#attributes': {'Qualifiers': 16384}, '#text': 1004}",DC01.garfield.htb,Microsoft-Windows-Security-SPP,Application,3572,4,,,,,,Windows(R) Publishing License (Public),935783bc-20e9-4472-adc9-08c8fb4d9f2f,,,,,,,,,,,,,,,,,,,,,,,,,,,,,,,,,,,,,,,,,,,,,,
2026-04-01T18:28:20.253738Z,"{'#attributes': {'Qualifiers': 16384}, '#text': 1004}",DC01.garfield.htb,Microsoft-Windows-Security-SPP,Application,3573,4,,,,,,Windows(R) Publishing License (Private),5ab37fbf-b19b-4376-b311-49be4e361c5a,,,,,,,,,,,,,,,,,,,,,,,,,,,,,,,,,,,,,,,,,,,,,,
2026-04-01T18:28:20.253738Z,"{'#attributes': {'Qualifiers': 16384}, '#text': 1004}",DC01.garfield.htb,Microsoft-Windows-Security-SPP,Application,3574,4,,,,,,Windows(R) UL oob License (Public),39b6198c-18e1-4e2a-a8ce-8e871d174d6e,,,,,,,,,,,,,,,,,,,,,,,,,,,,,,,,,,,,,,,,,,,,,,
2026-04-01T18:28:20.253738Z,"{'#attributes': {'Qualifiers': 16384}, '#text': 1004}",DC01.garfield.htb,Microsoft-Windows-Security-SPP,Application,3575,4,,,,,,Windows(R) UL oob License (Private),ac36ac37-d2a0-4e46-801c-5dea2a0fcfd4,,,,,,,,,,,,,,,,,,,,,,,,,,,,,,,,,,,,,,,,,,,,,,
2026-04-01T18:28:20.284845Z,"{'#attributes': {'Qualifiers': 16384}, '#text': 1004}",DC01.garfield.htb,Microsoft-Windows-Security-SPP,Application,3576,4,,,,,,Windows(R) UL phone License (Public),270ccfd2-acfe-483f-b901-8d6beb9a1ddb,,,,,,,,,,,,,,,,,,,,,,,,,,,,,,,,,,,,,,,,,,,,,,
2026-04-01T18:28:20.284845Z,"{'#attributes': {'Qualifiers': 16384}, '#text': 1004}",DC01.garfield.htb,Microsoft-Windows-Security-SPP,Application,3577,4,,,,,,Windows(R) UL phone License (Private),db8a1f38-2be8-4a5a-8654-2f3fca30e94c,,,,,,,,,,,,,,,,,,,,,,,,,,,,,,,,,,,,,,,,,,,,,,
2026-04-01T18:28:20.300481Z,"{'#attributes': {'Qualifiers': 16384}, '#text': 1004}",DC01.garfield.htb,Microsoft-Windows-Security-SPP,Application,3578,4,,,,,,Windows(R) UL store License (Public),7a682c4a-99f7-467b-976b-bae0b4329eca,,,,,,,,,,,,,,,,,,,,,,,,,,,,,,,,,,,,,,,,,,,,,,
2026-04-01T18:28:20.300481Z,"{'#attributes': {'Qualifiers': 16384}, '#text': 1004}",DC01.garfield.htb,Microsoft-Windows-Security-SPP,Application,3579,4,,,,,,Windows(R) UL store License (Private),62fcef8f-3e51-4da9-8d7e-8d69ee923595,,,,,,,,,,,,,,,,,,,,,,,,,,,,,,,,,,,,,,,,,,,,,,
2026-04-01T18:28:20.317847Z,"{'#attributes': {'Qualifiers': 16384}, '#text': 1004}",DC01.garfield.htb,Microsoft-Windows-Security-SPP,Application,3580,4,,,,,,Windows(R) Publishing License (Public),116696e9-444a-419d-9364-5b44be23faf4,,,,,,,,,,,,,,,,,,,,,,,,,,,,,,,,,,,,,,,,,,,,,,
2026-04-01T18:28:20.317847Z,"{'#attributes': {'Qualifiers': 16384}, '#text': 1004}",DC01.garfield.htb,Microsoft-Windows-Security-SPP,Application,3581,4,,,,,,Windows(R) Publishing License (Private),7c162672-abfc-442a-9f2e-43b7fb4e76f1,,,,,,,,,,,,,,,,,,,,,,,,,,,,,,,,,,,,,,,,,,,,,,
2026-04-01T18:28:20.362979Z,"{'#attributes': {'Qualifiers': 16384}, '#text': 1004}",DC01.garfield.htb,Microsoft-Windows-Security-SPP,Application,3582,4,,,,,,Windows(R) UL oob License (Public),3facf5a6-1835-4c9b-96d5-5fe61653c15b,,,,,,,,,,,,,,,,,,,,,,,,,,,,,,,,,,,,,,,,,,,,,,
2026-04-01T18:28:20.362979Z,"{'#attributes': {'Qualifiers': 16384}, '#text': 1004}",DC01.garfield.htb,Microsoft-Windows-Security-SPP,Application,3583,4,,,,,,Windows(R) UL oob License (Private),1ca55e93-b29e-4968-a9d0-6db46aec2742,,,,,,,,,,,,,,,,,,,,,,,,,,,,,,,,,,,,,,,,,,,,,,
2026-04-01T18:28:20.362979Z,"{'#attributes': {'Qualifiers': 16384}, '#text': 1004}",DC01.garfield.htb,Microsoft-Windows-Security-SPP,Application,3584,4,,,,,,Windows(R) UL phone License (Public),e3478915-7cd8-4b41-9d95-3d247957d90e,,,,,,,,,,,,,,,,,,,,,,,,,,,,,,,,,,,,,,,,,,,,,,
2026-04-01T18:28:20.362979Z,"{'#attributes': {'Qualifiers': 16384}, '#text': 1004}",DC01.garfield.htb,Microsoft-Windows-Security-SPP,Application,3585,4,,,,,,Windows(R) UL phone License (Private),23244925-5269-4653-9b42-c523aa95c63d,,,,,,,,,,,,,,,,,,,,,,,,,,,,,,,,,,,,,,,,,,,,,,
2026-04-01T18:28:20.425496Z,"{'#attributes': {'Qualifiers': 16384}, '#text': 1004}",DC01.garfield.htb,Microsoft-Windows-Security-SPP,Application,3586,4,,,,,,Windows(R) UL store License (Public),34e4dce0-06ad-4025-8686-4051e946c50e,,,,,,,,,,,,,,,,,,,,,,,,,,,,,,,,,,,,,,,,,,,,,,
2026-04-01T18:28:20.425496Z,"{'#attributes': {'Qualifiers': 16384}, '#text': 1004}",DC01.garfield.htb,Microsoft-Windows-Security-SPP,Application,3587,4,,,,,,Windows(R) UL store License (Private),2bc5cbfa-a3d7-4ede-b927-c044e0be6b16,,,,,,,,,,,,,,,,,,,,,,,,,,,,,,,,,,,,,,,,,,,,,,
2026-04-01T18:28:20.425496Z,"{'#attributes': {'Qualifiers': 16384}, '#text': 1004}",DC01.garfield.htb,Microsoft-Windows-Security-SPP,Application,3588,4,,,,,,Windows(R) Publishing License (Public),1b7fb7c5-a0e0-42db-aa5e-76211694a2ca,,,,,,,,,,,,,,,,,,,,,,,,,,,,,,,,,,,,,,,,,,,,,,
2026-04-01T18:28:20.425496Z,"{'#attributes': {'Qualifiers': 16384}, '#text': 1004}",DC01.garfield.htb,Microsoft-Windows-Security-SPP,Application,3589,4,,,,,,Windows(R) Publishing License (Private),77e47605-f697-4e46-9122-f12e1acc3ded,,,,,,,,,,,,,,,,,,,,,,,,,,,,,,,,,,,,,,,,,,,,,,
2026-04-01T18:28:20.441119Z,"{'#attributes': {'Qualifiers': 16384}, '#text': 1004}",DC01.garfield.htb,Microsoft-Windows-Security-SPP,Application,3590,4,,,,,,Windows(R) UL oob License (Public),b8f98667-12cc-476d-a07f-b98e5d495829,,,,,,,,,,,,,,,,,,,,,,,,,,,,,,,,,,,,,,,,,,,,,,
2026-04-01T18:28:20.441119Z,"{'#attributes': {'Qualifiers': 16384}, '#text': 1004}",DC01.garfield.htb,Microsoft-Windows-Security-SPP,Application,3591,4,,,,,,Windows(R) UL oob License (Private),0b50b8ad-f491-4b51-ac18-c8a96208034c,,,,,,,,,,,,,,,,,,,,,,,,,,,,,,,,,,,,,,,,,,,,,,
2026-04-01T18:28:20.456796Z,"{'#attributes': {'Qualifiers': 16384}, '#text': 1004}",DC01.garfield.htb,Microsoft-Windows-Security-SPP,Application,3592,4,,,,,,Windows(R) UL phone License (Public),0322af67-cee3-4b62-abd2-01370355440a,,,,,,,,,,,,,,,,,,,,,,,,,,,,,,,,,,,,,,,,,,,,,,
2026-04-01T18:28:20.456796Z,"{'#attributes': {'Qualifiers': 16384}, '#text': 1004}",DC01.garfield.htb,Microsoft-Windows-Security-SPP,Application,3593,4,,,,,,Windows(R) UL phone License (Private),68b3009f-1f82-4fb4-9174-5d6fd87f026b,,,,,,,,,,,,,,,,,,,,,,,,,,,,,,,,,,,,,,,,,,,,,,
2026-04-01T18:28:20.472360Z,"{'#attributes': {'Qualifiers': 16384}, '#text': 1004}",DC01.garfield.htb,Microsoft-Windows-Security-SPP,Application,3594,4,,,,,,Windows(R) UL store License (Public),652604f3-33fc-4d68-af3d-ace7b4225cfe,,,,,,,,,,,,,,,,,,,,,,,,,,,,,,,,,,,,,,,,,,,,,,
2026-04-01T18:28:20.472360Z,"{'#attributes': {'Qualifiers': 16384}, '#text': 1004}",DC01.garfield.htb,Microsoft-Windows-Security-SPP,Application,3595,4,,,,,,Windows(R) UL store License (Private),b4e69294-d5bf-46de-b67b-354d3a6aecdc,,,,,,,,,,,,,,,,,,,,,,,,,,,,,,,,,,,,,,,,,,,,,,
2026-04-01T18:28:20.472360Z,"{'#attributes': {'Qualifiers': 16384}, '#text': 1004}",DC01.garfield.htb,Microsoft-Windows-Security-SPP,Application,3596,4,,,,,,Windows(R) Publishing License (Public),2c5f7ced-7039-4f2a-835f-c8d459dcb621,,,,,,,,,,,,,,,,,,,,,,,,,,,,,,,,,,,,,,,,,,,,,,
2026-04-01T18:28:20.472360Z,"{'#attributes': {'Qualifiers': 16384}, '#text': 1004}",DC01.garfield.htb,Microsoft-Windows-Security-SPP,Application,3597,4,,,,,,Windows(R) Publishing License (Private),cf565509-569a-4fec-828a-a2f7b5e67e4d,,,,,,,,,,,,,,,,,,,,,,,,,,,,,,,,,,,,,,,,,,,,,,
2026-04-01T18:28:20.503609Z,"{'#attributes': {'Qualifiers': 16384}, '#text': 1004}",DC01.garfield.htb,Microsoft-Windows-Security-SPP,Application,3598,4,,,,,,Windows(R) UL oob License (Public),33f31981-4e05-43ae-b768-92674b48cb5f,,,,,,,,,,,,,,,,,,,,,,,,,,,,,,,,,,,,,,,,,,,,,,
2026-04-01T18:28:20.503609Z,"{'#attributes': {'Qualifiers': 16384}, '#text': 1004}",DC01.garfield.htb,Microsoft-Windows-Security-SPP,Application,3599,4,,,,,,Windows(R) UL oob License (Private),d526a293-95ce-4f33-8e88-6bff2e89533e,,,,,,,,,,,,,,,,,,,,,,,,,,,,,,,,,,,,,,,,,,,,,,
2026-04-01T18:28:20.519227Z,"{'#attributes': {'Qualifiers': 16384}, '#text': 1004}",DC01.garfield.htb,Microsoft-Windows-Security-SPP,Application,3600,4,,,,,,Windows(R) UL phone License (Public),517a3da3-72b7-4275-a062-d1604cb47afd,,,,,,,,,,,,,,,,,,,,,,,,,,,,,,,,,,,,,,,,,,,,,,
2026-04-01T18:28:20.519227Z,"{'#attributes': {'Qualifiers': 16384}, '#text': 1004}",DC01.garfield.htb,Microsoft-Windows-Security-SPP,Application,3601,4,,,,,,Windows(R) UL phone License (Private),9b0cb077-eec8-4fa8-ab41-9d7b53460121,,,,,,,,,,,,,,,,,,,,,,,,,,,,,,,,,,,,,,,,,,,,,,
2026-04-01T18:28:20.534866Z,"{'#attributes': {'Qualifiers': 16384}, '#text': 1004}",DC01.garfield.htb,Microsoft-Windows-Security-SPP,Application,3602,4,,,,,,Windows(R) UL store License (Public),d6c9555a-5614-47e4-bfab-6b4d367f9282,,,,,,,,,,,,,,,,,,,,,,,,,,,,,,,,,,,,,,,,,,,,,,
2026-04-01T18:28:20.534866Z,"{'#attributes': {'Qualifiers': 16384}, '#text': 1004}",DC01.garfield.htb,Microsoft-Windows-Security-SPP,Application,3603,4,,,,,,Windows(R) UL store License (Private),671bc6f2-3e7e-43f8-ab87-3f02ac861991,,,,,,,,,,,,,,,,,,,,,,,,,,,,,,,,,,,,,,,,,,,,,,
2026-04-01T18:28:20.566155Z,"{'#attributes': {'Qualifiers': 16384}, '#text': 1004}",DC01.garfield.htb,Microsoft-Windows-Security-SPP,Application,3604,4,,,,,,DefaultPpd-csvlk-pack Component PPD License,cf87d272-7158-05ce-7df4-689302c3bfd9,,,,,,,,,,,,,,,,,,,,,,,,,,,,,,,,,,,,,,,,,,,,,,
2026-04-01T18:28:20.597372Z,"{'#attributes': {'Qualifiers': 16384}, '#text': 1004}",DC01.garfield.htb,Microsoft-Windows-Security-SPP,Application,3605,4,,,,,,DefaultPpd-ServerStandard Component PPD License,d6639c0c-34e5-af2b-e1d3-b866188a3849,,,,,,,,,,,,,,,,,,,,,,,,,,,,,,,,,,,,,,,,,,,,,,
2026-04-01T18:28:20.613159Z,"{'#attributes': {'Qualifiers': 16384}, '#text': 1004}",DC01.garfield.htb,Microsoft-Windows-Security-SPP,Application,3606,4,,,,,,Windows(R) Publishing License (Public),bc34b45b-d592-4631-bcd8-dd70f084f4df,,,,,,,,,,,,,,,,,,,,,,,,,,,,,,,,,,,,,,,,,,,,,,
2026-04-01T18:28:20.613159Z,"{'#attributes': {'Qualifiers': 16384}, '#text': 1004}",DC01.garfield.htb,Microsoft-Windows-Security-SPP,Application,3607,4,,,,,,Windows(R) Publishing License (Private),ca51a6f4-83b9-4c7c-92f8-591b7a20b92a,,,,,,,,,,,,,,,,,,,,,,,,,,,,,,,,,,,,,,,,,,,,,,
2026-04-01T18:28:20.659865Z,"{'#attributes': {'Qualifiers': 16384}, '#text': 1004}",DC01.garfield.htb,Microsoft-Windows-Security-SPP,Application,3608,4,,,,,,Windows(R) UL oob License (Public),e5a91d77-4d54-4726-b951-80dfea34333d,,,,,,,,,,,,,,,,,,,,,,,,,,,,,,,,,,,,,,,,,,,,,,
2026-04-01T18:28:20.659865Z,"{'#attributes': {'Qualifiers': 16384}, '#text': 1004}",DC01.garfield.htb,Microsoft-Windows-Security-SPP,Application,3609,4,,,,,,Windows(R) UL oob License (Private),34d2dfac-7bc9-4713-a969-7f1e1e9afe6f,,,,,,,,,,,,,,,,,,,,,,,,,,,,,,,,,,,,,,,,,,,,,,
2026-04-01T18:28:20.675540Z,"{'#attributes': {'Qualifiers': 16384}, '#text': 1004}",DC01.garfield.htb,Microsoft-Windows-Security-SPP,Application,3610,4,,,,,,Windows(R) UL phone License (Public),b5e17389-ca8c-4604-a76a-cc786a4590a1,,,,,,,,,,,,,,,,,,,,,,,,,,,,,,,,,,,,,,,,,,,,,,
2026-04-01T18:28:20.675540Z,"{'#attributes': {'Qualifiers': 16384}, '#text': 1004}",DC01.garfield.htb,Microsoft-Windows-Security-SPP,Application,3611,4,,,,,,Windows(R) UL phone License (Private),75bc823c-8826-4f5a-b53a-4c1654a493d1,,,,,,,,,,,,,,,,,,,,,,,,,,,,,,,,,,,,,,,,,,,,,,
2026-04-01T18:28:20.753608Z,"{'#attributes': {'Qualifiers': 16384}, '#text': 1004}",DC01.garfield.htb,Microsoft-Windows-Security-SPP,Application,3612,4,,,,,,Windows(R) UL store License (Public),175c71b4-ea5c-4d1e-ab60-f1e24ad3a10c,,,,,,,,,,,,,,,,,,,,,,,,,,,,,,,,,,,,,,,,,,,,,,
2026-04-01T18:28:20.753608Z,"{'#attributes': {'Qualifiers': 16384}, '#text': 1004}",DC01.garfield.htb,Microsoft-Windows-Security-SPP,Application,3613,4,,,,,,Windows(R) UL store License (Private),be53221e-f6f9-4b09-ae37-3eb4f8839ffd,,,,,,,,,,,,,,,,,,,,,,,,,,,,,,,,,,,,,,,,,,,,,,
2026-04-01T18:28:20.753608Z,"{'#attributes': {'Qualifiers': 16384}, '#text': 1004}",DC01.garfield.htb,Microsoft-Windows-Security-SPP,Application,3614,4,,,,,,Windows(R) Publishing License (Public),a220eaeb-a3a8-452a-b84e-3e2cc27dd22c,,,,,,,,,,,,,,,,,,,,,,,,,,,,,,,,,,,,,,,,,,,,,,
2026-04-01T18:28:20.753608Z,"{'#attributes': {'Qualifiers': 16384}, '#text': 1004}",DC01.garfield.htb,Microsoft-Windows-Security-SPP,Application,3615,4,,,,,,Windows(R) Publishing License (Private),f8b7152f-2099-4b2a-a19c-fe665df676cf,,,,,,,,,,,,,,,,,,,,,,,,,,,,,,,,,,,,,,,,,,,,,,
2026-04-01T18:28:20.769223Z,"{'#attributes': {'Qualifiers': 16384}, '#text': 1004}",DC01.garfield.htb,Microsoft-Windows-Security-SPP,Application,3616,4,,,,,,Windows(R) UL oob License (Public),4cf9f135-f5ff-46d5-9a7e-f0a1dd9a04c0,,,,,,,,,,,,,,,,,,,,,,,,,,,,,,,,,,,,,,,,,,,,,,
2026-04-01T18:28:20.769223Z,"{'#attributes': {'Qualifiers': 16384}, '#text': 1004}",DC01.garfield.htb,Microsoft-Windows-Security-SPP,Application,3617,4,,,,,,Windows(R) UL oob License (Private),ea4767ae-8de8-4ad3-a534-2668d8e4564b,,,,,,,,,,,,,,,,,,,,,,,,,,,,,,,,,,,,,,,,,,,,,,
2026-04-01T18:28:20.784858Z,"{'#attributes': {'Qualifiers': 16384}, '#text': 1004}",DC01.garfield.htb,Microsoft-Windows-Security-SPP,Application,3618,4,,,,,,Windows(R) UL phone License (Public),9740f028-f54a-48de-9ed3-44d34a914ba3,,,,,,,,,,,,,,,,,,,,,,,,,,,,,,,,,,,,,,,,,,,,,,
2026-04-01T18:28:20.784858Z,"{'#attributes': {'Qualifiers': 16384}, '#text': 1004}",DC01.garfield.htb,Microsoft-Windows-Security-SPP,Application,3619,4,,,,,,Windows(R) UL phone License (Private),97feac21-69c6-44ee-8771-0f0b81f65caf,,,,,,,,,,,,,,,,,,,,,,,,,,,,,,,,,,,,,,,,,,,,,,
2026-04-01T18:28:20.804754Z,"{'#attributes': {'Qualifiers': 16384}, '#text': 1004}",DC01.garfield.htb,Microsoft-Windows-Security-SPP,Application,3620,4,,,,,,Windows(R) UL store License (Public),50907147-4198-4fda-bd56-9efadb71c022,,,,,,,,,,,,,,,,,,,,,,,,,,,,,,,,,,,,,,,,,,,,,,
2026-04-01T18:28:20.816113Z,"{'#attributes': {'Qualifiers': 16384}, '#text': 1004}",DC01.garfield.htb,Microsoft-Windows-Security-SPP,Application,3621,4,,,,,,Windows(R) UL store License (Private),782c7230-9a38-43f6-8534-eadf57df3ea8,,,,,,,,,,,,,,,,,,,,,,,,,,,,,,,,,,,,,,,,,,,,,,
2026-04-01T18:28:20.831730Z,"{'#attributes': {'Qualifiers': 16384}, '#text': 1004}",DC01.garfield.htb,Microsoft-Windows-Security-SPP,Application,3622,4,,,,,,Windows(R) Publishing License (Public),e9c75c33-7804-4cf0-819b-8d9904009477,,,,,,,,,,,,,,,,,,,,,,,,,,,,,,,,,,,,,,,,,,,,,,
2026-04-01T18:28:20.831730Z,"{'#attributes': {'Qualifiers': 16384}, '#text': 1004}",DC01.garfield.htb,Microsoft-Windows-Security-SPP,Application,3623,4,,,,,,Windows(R) Publishing License (Private),f4aea1e6-144e-4fb4-af34-652b59b528ac,,,,,,,,,,,,,,,,,,,,,,,,,,,,,,,,,,,,,,,,,,,,,,
2026-04-01T18:28:20.847357Z,"{'#attributes': {'Qualifiers': 16384}, '#text': 1004}",DC01.garfield.htb,Microsoft-Windows-Security-SPP,Application,3624,4,,,,,,Windows(R) UL oob License (Public),16c865f1-eb80-4608-9bd6-e29fb6b944cf,,,,,,,,,,,,,,,,,,,,,,,,,,,,,,,,,,,,,,,,,,,,,,
2026-04-01T18:28:20.847357Z,"{'#attributes': {'Qualifiers': 16384}, '#text': 1004}",DC01.garfield.htb,Microsoft-Windows-Security-SPP,Application,3625,4,,,,,,Windows(R) UL oob License (Private),8b558350-ba36-4b9a-a851-e0ccbdf679ed,,,,,,,,,,,,,,,,,,,,,,,,,,,,,,,,,,,,,,,,,,,,,,
2026-04-01T18:28:20.862981Z,"{'#attributes': {'Qualifiers': 16384}, '#text': 1004}",DC01.garfield.htb,Microsoft-Windows-Security-SPP,Application,3626,4,,,,,,Windows(R) UL phone License (Public),0a503c6e-c84d-4db3-916e-8eeb6368ad19,,,,,,,,,,,,,,,,,,,,,,,,,,,,,,,,,,,,,,,,,,,,,,
2026-04-01T18:28:20.862981Z,"{'#attributes': {'Qualifiers': 16384}, '#text': 1004}",DC01.garfield.htb,Microsoft-Windows-Security-SPP,Application,3627,4,,,,,,Windows(R) UL phone License (Private),21ca8473-c55f-436f-ab2b-36353488f71c,,,,,,,,,,,,,,,,,,,,,,,,,,,,,,,,,,,,,,,,,,,,,,
2026-04-01T18:28:20.862981Z,"{'#attributes': {'Qualifiers': 16384}, '#text': 1004}",DC01.garfield.htb,Microsoft-Windows-Security-SPP,Application,3628,4,,,,,,Windows(R) UL store License (Public),2e16c1dd-27a2-4203-959c-689b1459147c,,,,,,,,,,,,,,,,,,,,,,,,,,,,,,,,,,,,,,,,,,,,,,
2026-04-01T18:28:20.862981Z,"{'#attributes': {'Qualifiers': 16384}, '#text': 1004}",DC01.garfield.htb,Microsoft-Windows-Security-SPP,Application,3629,4,,,,,,Windows(R) UL store License (Private),bf75114d-8dba-46a5-9327-3275c4093499,,,,,,,,,,,,,,,,,,,,,,,,,,,,,,,,,,,,,,,,,,,,,,
2026-04-01T18:28:20.878672Z,"{'#attributes': {'Qualifiers': 16384}, '#text': 1004}",DC01.garfield.htb,Microsoft-Windows-Security-SPP,Application,3630,4,,,,,,Windows(R) Publishing License (Public),94575920-9b38-49cd-8065-8af421710b8c,,,,,,,,,,,,,,,,,,,,,,,,,,,,,,,,,,,,,,,,,,,,,,
2026-04-01T18:28:20.878672Z,"{'#attributes': {'Qualifiers': 16384}, '#text': 1004}",DC01.garfield.htb,Microsoft-Windows-Security-SPP,Application,3631,4,,,,,,Windows(R) Publishing License (Private),acc80673-cff1-4881-8aa0-209a445ed8ad,,,,,,,,,,,,,,,,,,,,,,,,,,,,,,,,,,,,,,,,,,,,,,
2026-04-01T18:28:20.959886Z,"{'#attributes': {'Qualifiers': 16384}, '#text': 1004}",DC01.garfield.htb,Microsoft-Windows-Security-SPP,Application,3632,4,,,,,,Windows(R) UL oob License (Public),5f85f9ee-d09a-431a-b7c2-ec876dd0a08d,,,,,,,,,,,,,,,,,,,,,,,,,,,,,,,,,,,,,,,,,,,,,,
2026-04-01T18:28:20.972620Z,"{'#attributes': {'Qualifiers': 16384}, '#text': 1004}",DC01.garfield.htb,Microsoft-Windows-Security-SPP,Application,3633,4,,,,,,Windows(R) UL oob License (Private),8945c3c6-c24a-4d2d-8364-1c0c5a8b8093,,,,,,,,,,,,,,,,,,,,,,,,,,,,,,,,,,,,,,,,,,,,,,
2026-04-01T18:28:20.987990Z,"{'#attributes': {'Qualifiers': 16384}, '#text': 1004}",DC01.garfield.htb,Microsoft-Windows-Security-SPP,Application,3634,4,,,,,,Windows(R) UL phone License (Public),ef335d5a-0ec6-4aca-b9ff-ead2fc19e6af,,,,,,,,,,,,,,,,,,,,,,,,,,,,,,,,,,,,,,,,,,,,,,
2026-04-01T18:28:20.987990Z,"{'#attributes': {'Qualifiers': 16384}, '#text': 1004}",DC01.garfield.htb,Microsoft-Windows-Security-SPP,Application,3635,4,,,,,,Windows(R) UL phone License (Private),d618e55f-deaa-4f87-981f-6876d02083d0,,,,,,,,,,,,,,,,,,,,,,,,,,,,,,,,,,,,,,,,,,,,,,
2026-04-01T18:28:20.987990Z,"{'#attributes': {'Qualifiers': 16384}, '#text': 1004}",DC01.garfield.htb,Microsoft-Windows-Security-SPP,Application,3636,4,,,,,,Windows(R) UL store License (Public),f6c38b10-4b2e-4121-b07b-2772d059d4ee,,,,,,,,,,,,,,,,,,,,,,,,,,,,,,,,,,,,,,,,,,,,,,
2026-04-01T18:28:20.987990Z,"{'#attributes': {'Qualifiers': 16384}, '#text': 1004}",DC01.garfield.htb,Microsoft-Windows-Security-SPP,Application,3637,4,,,,,,Windows(R) UL store License (Private),d583275f-7f64-47a6-bdcb-01698084bf28,,,,,,,,,,,,,,,,,,,,,,,,,,,,,,,,,,,,,,,,,,,,,,
2026-04-01T18:28:21.003670Z,"{'#attributes': {'Qualifiers': 16384}, '#text': 1004}",DC01.garfield.htb,Microsoft-Windows-Security-SPP,Application,3638,4,,,,,,Windows(R) UL oob License (Public),46ee4028-0cd8-41f3-98ea-fd1e1a4186a1,,,,,,,,,,,,,,,,,,,,,,,,,,,,,,,,,,,,,,,,,,,,,,
2026-04-01T18:28:21.003670Z,"{'#attributes': {'Qualifiers': 16384}, '#text': 1004}",DC01.garfield.htb,Microsoft-Windows-Security-SPP,Application,3639,4,,,,,,Windows(R) UL oob License (Private),fbfa23d6-d200-4a88-957d-18e1556d4f01,,,,,,,,,,,,,,,,,,,,,,,,,,,,,,,,,,,,,,,,,,,,,,
2026-04-01T18:28:21.019654Z,"{'#attributes': {'Qualifiers': 16384}, '#text': 1004}",DC01.garfield.htb,Microsoft-Windows-Security-SPP,Application,3640,4,,,,,,Windows(R) UL oem License (Public),eabddb7a-047c-41b6-b76d-6daefd539900,,,,,,,,,,,,,,,,,,,,,,,,,,,,,,,,,,,,,,,,,,,,,,
2026-04-01T18:28:21.019654Z,"{'#attributes': {'Qualifiers': 16384}, '#text': 1004}",DC01.garfield.htb,Microsoft-Windows-Security-SPP,Application,3641,4,,,,,,Windows(R) UL oem License (Private),b1e08853-b879-4fd1-a84b-81933ecf3976,,,,,,,,,,,,,,,,,,,,,,,,,,,,,,,,,,,,,,,,,,,,,,
2026-04-01T18:28:21.034876Z,"{'#attributes': {'Qualifiers': 16384}, '#text': 1004}",DC01.garfield.htb,Microsoft-Windows-Security-SPP,Application,3642,4,,,,,,Windows(R) UL oob License (Public),3a487620-ac54-400d-a512-e93f205967d0,,,,,,,,,,,,,,,,,,,,,,,,,,,,,,,,,,,,,,,,,,,,,,
2026-04-01T18:28:21.034876Z,"{'#attributes': {'Qualifiers': 16384}, '#text': 1004}",DC01.garfield.htb,Microsoft-Windows-Security-SPP,Application,3643,4,,,,,,Windows(R) UL oob License (Private),3d6a24e3-d851-4930-a85a-6f17f94e4412,,,,,,,,,,,,,,,,,,,,,,,,,,,,,,,,,,,,,,,,,,,,,,
2026-04-01T18:28:21.050484Z,"{'#attributes': {'Qualifiers': 16384}, '#text': 1004}",DC01.garfield.htb,Microsoft-Windows-Security-SPP,Application,3644,4,,,,,,Windows(R) UL oem License (Public),f6b6c3eb-1ff0-40a9-83e1-77a0f5e935b5,,,,,,,,,,,,,,,,,,,,,,,,,,,,,,,,,,,,,,,,,,,,,,
2026-04-01T18:28:21.050484Z,"{'#attributes': {'Qualifiers': 16384}, '#text': 1004}",DC01.garfield.htb,Microsoft-Windows-Security-SPP,Application,3645,4,,,,,,Windows(R) UL oem License (Private),e3493860-2d58-4c0d-8ccf-70cb4566594f,,,,,,,,,,,,,,,,,,,,,,,,,,,,,,,,,,,,,,,,,,,,,,
2026-04-01T18:28:21.066108Z,"{'#attributes': {'Qualifiers': 16384}, '#text': 1004}",DC01.garfield.htb,Microsoft-Windows-Security-SPP,Application,3646,4,,,,,,Windows(R) ServerStandard Product PPD License,2a249026-8aab-92f0-99e5-adaa3672a4ce,,,,,,,,,,,,,,,,,,,,,,,,,,,,,,,,,,,,,,,,,,,,,,
2026-04-01T18:28:21.081741Z,"{'#attributes': {'Qualifiers': 16384}, '#text': 1004}",DC01.garfield.htb,Microsoft-Windows-Security-SPP,Application,3647,4,,,,,,Windows(R) Publishing License (Public),b1525c26-576d-4ef8-b792-8818f9a53846,,,,,,,,,,,,,,,,,,,,,,,,,,,,,,,,,,,,,,,,,,,,,,
2026-04-01T18:28:21.081741Z,"{'#attributes': {'Qualifiers': 16384}, '#text': 1004}",DC01.garfield.htb,Microsoft-Windows-Security-SPP,Application,3648,4,,,,,,Windows(R) Publishing License (Private),ae1141ea-9ce1-4825-ab38-5ae18be28c11,,,,,,,,,,,,,,,,,,,,,,,,,,,,,,,,,,,,,,,,,,,,,,
2026-04-01T18:28:21.081741Z,"{'#attributes': {'Qualifiers': 16384}, '#text': 1004}",DC01.garfield.htb,Microsoft-Windows-Security-SPP,Application,3649,4,,,,,,Windows(R) UL oob License (Public),1f6c3964-893c-49a8-80c1-3dfd8189c3a9,,,,,,,,,,,,,,,,,,,,,,,,,,,,,,,,,,,,,,,,,,,,,,
2026-04-01T18:28:21.081741Z,"{'#attributes': {'Qualifiers': 16384}, '#text': 1004}",DC01.garfield.htb,Microsoft-Windows-Security-SPP,Application,3650,4,,,,,,Windows(R) UL oob License (Private),289022cc-7bfd-48bf-b298-93dbe6e3f9d3,,,,,,,,,,,,,,,,,,,,,,,,,,,,,,,,,,,,,,,,,,,,,,
2026-04-01T18:28:21.097365Z,"{'#attributes': {'Qualifiers': 16384}, '#text': 1004}",DC01.garfield.htb,Microsoft-Windows-Security-SPP,Application,3651,4,,,,,,Windows(R) UL phone License (Public),0473eeb7-26a7-41e3-ab7b-59e1357f16e8,,,,,,,,,,,,,,,,,,,,,,,,,,,,,,,,,,,,,,,,,,,,,,
2026-04-01T18:28:21.097365Z,"{'#attributes': {'Qualifiers': 16384}, '#text': 1004}",DC01.garfield.htb,Microsoft-Windows-Security-SPP,Application,3652,4,,,,,,Windows(R) UL phone License (Private),8a7a6656-5083-4881-b515-e2388ff1756a,,,,,,,,,,,,,,,,,,,,,,,,,,,,,,,,,,,,,,,,,,,,,,
2026-04-01T18:28:21.128624Z,"{'#attributes': {'Qualifiers': 16384}, '#text': 1004}",DC01.garfield.htb,Microsoft-Windows-Security-SPP,Application,3653,4,,,,,,Windows(R) UL store License (Public),9e587004-6310-49b9-a7ee-277aa28e0c79,,,,,,,,,,,,,,,,,,,,,,,,,,,,,,,,,,,,,,,,,,,,,,
2026-04-01T18:28:21.128624Z,"{'#attributes': {'Qualifiers': 16384}, '#text': 1004}",DC01.garfield.htb,Microsoft-Windows-Security-SPP,Application,3654,4,,,,,,Windows(R) UL store License (Private),71c9629e-1b25-43ae-aad8-98860c2ea8d5,,,,,,,,,,,,,,,,,,,,,,,,,,,,,,,,,,,,,,,,,,,,,,
2026-04-01T18:28:21.128624Z,"{'#attributes': {'Qualifiers': 16384}, '#text': 1004}",DC01.garfield.htb,Microsoft-Windows-Security-SPP,Application,3655,4,,,,,,Windows(R) Publishing License (Public),ee9ef69c-1806-47c6-9b3d-f4b561315fcc,,,,,,,,,,,,,,,,,,,,,,,,,,,,,,,,,,,,,,,,,,,,,,
2026-04-01T18:28:21.128624Z,"{'#attributes': {'Qualifiers': 16384}, '#text': 1004}",DC01.garfield.htb,Microsoft-Windows-Security-SPP,Application,3656,4,,,,,,Windows(R) Publishing License (Private),ee08b399-e3f5-4429-91ca-2918ab399962,,,,,,,,,,,,,,,,,,,,,,,,,,,,,,,,,,,,,,,,,,,,,,
2026-04-01T18:28:21.159868Z,"{'#attributes': {'Qualifiers': 16384}, '#text': 1004}",DC01.garfield.htb,Microsoft-Windows-Security-SPP,Application,3657,4,,,,,,Windows(R) UL oob License (Public),c350063e-5b2f-448b-a25e-adf15304d4e3,,,,,,,,,,,,,,,,,,,,,,,,,,,,,,,,,,,,,,,,,,,,,,
2026-04-01T18:28:21.159868Z,"{'#attributes': {'Qualifiers': 16384}, '#text': 1004}",DC01.garfield.htb,Microsoft-Windows-Security-SPP,Application,3658,4,,,,,,Windows(R) UL oob License (Private),e9e224da-c9ab-47b8-94e9-bbee48bb8cd0,,,,,,,,,,,,,,,,,,,,,,,,,,,,,,,,,,,,,,,,,,,,,,
2026-04-01T18:28:21.159868Z,"{'#attributes': {'Qualifiers': 16384}, '#text': 1004}",DC01.garfield.htb,Microsoft-Windows-Security-SPP,Application,3659,4,,,,,,Windows(R) UL phone License (Public),79fa8584-bf58-442b-bf8a-a65d34912144,,,,,,,,,,,,,,,,,,,,,,,,,,,,,,,,,,,,,,,,,,,,,,
2026-04-01T18:28:21.175484Z,"{'#attributes': {'Qualifiers': 16384}, '#text': 1004}",DC01.garfield.htb,Microsoft-Windows-Security-SPP,Application,3660,4,,,,,,Windows(R) UL phone License (Private),2d524edd-93c8-418d-9c35-46e71b0230e2,,,,,,,,,,,,,,,,,,,,,,,,,,,,,,,,,,,,,,,,,,,,,,
2026-04-01T18:28:21.175484Z,"{'#attributes': {'Qualifiers': 16384}, '#text': 1004}",DC01.garfield.htb,Microsoft-Windows-Security-SPP,Application,3661,4,,,,,,Windows(R) UL store License (Public),349ed51f-358b-40de-b996-9a41bff080fd,,,,,,,,,,,,,,,,,,,,,,,,,,,,,,,,,,,,,,,,,,,,,,
2026-04-01T18:28:21.175484Z,"{'#attributes': {'Qualifiers': 16384}, '#text': 1004}",DC01.garfield.htb,Microsoft-Windows-Security-SPP,Application,3662,4,,,,,,Windows(R) UL store License (Private),483bef78-314f-4b24-b15f-93cc0ff103c5,,,,,,,,,,,,,,,,,,,,,,,,,,,,,,,,,,,,,,,,,,,,,,
2026-04-01T18:28:21.191201Z,"{'#attributes': {'Qualifiers': 16384}, '#text': 1004}",DC01.garfield.htb,Microsoft-Windows-Security-SPP,Application,3663,4,,,,,,Windows(R) Publishing License (Public),0cfcced2-8da9-42df-b6ec-b9c69493d6e6,,,,,,,,,,,,,,,,,,,,,,,,,,,,,,,,,,,,,,,,,,,,,,
2026-04-01T18:28:21.191201Z,"{'#attributes': {'Qualifiers': 16384}, '#text': 1004}",DC01.garfield.htb,Microsoft-Windows-Security-SPP,Application,3664,4,,,,,,Windows(R) Publishing License (Private),1691251a-4b9a-4bdc-81a4-7bc96e67674c,,,,,,,,,,,,,,,,,,,,,,,,,,,,,,,,,,,,,,,,,,,,,,
2026-04-01T18:28:21.206742Z,"{'#attributes': {'Qualifiers': 16384}, '#text': 1004}",DC01.garfield.htb,Microsoft-Windows-Security-SPP,Application,3665,4,,,,,,Windows(R) UL oob License (Public),0ca36599-b488-4d85-9380-af87ad408a65,,,,,,,,,,,,,,,,,,,,,,,,,,,,,,,,,,,,,,,,,,,,,,
2026-04-01T18:28:21.206742Z,"{'#attributes': {'Qualifiers': 16384}, '#text': 1004}",DC01.garfield.htb,Microsoft-Windows-Security-SPP,Application,3666,4,,,,,,Windows(R) UL oob License (Private),08b0502f-7a12-4d83-b8c1-434f5bbadae9,,,,,,,,,,,,,,,,,,,,,,,,,,,,,,,,,,,,,,,,,,,,,,
2026-04-01T18:28:21.222360Z,"{'#attributes': {'Qualifiers': 16384}, '#text': 1004}",DC01.garfield.htb,Microsoft-Windows-Security-SPP,Application,3667,4,,,,,,Windows(R) UL phone License (Public),2084685f-bbdb-46ad-afc6-3e5abedd69fd,,,,,,,,,,,,,,,,,,,,,,,,,,,,,,,,,,,,,,,,,,,,,,
2026-04-01T18:28:21.222360Z,"{'#attributes': {'Qualifiers': 16384}, '#text': 1004}",DC01.garfield.htb,Microsoft-Windows-Security-SPP,Application,3668,4,,,,,,Windows(R) UL phone License (Private),ac8aa933-2672-43ab-9bac-cb2b8e36f76c,,,,,,,,,,,,,,,,,,,,,,,,,,,,,,,,,,,,,,,,,,,,,,
2026-04-01T18:28:21.238010Z,"{'#attributes': {'Qualifiers': 16384}, '#text': 1004}",DC01.garfield.htb,Microsoft-Windows-Security-SPP,Application,3669,4,,,,,,Windows(R) UL store License (Public),9a2cf922-2a87-44b0-8c93-da1506399074,,,,,,,,,,,,,,,,,,,,,,,,,,,,,,,,,,,,,,,,,,,,,,
2026-04-01T18:28:21.238010Z,"{'#attributes': {'Qualifiers': 16384}, '#text': 1004}",DC01.garfield.htb,Microsoft-Windows-Security-SPP,Application,3670,4,,,,,,Windows(R) UL store License (Private),f5ecc876-2e82-40ca-b48e-eacde641e22d,,,,,,,,,,,,,,,,,,,,,,,,,,,,,,,,,,,,,,,,,,,,,,
2026-04-01T18:28:21.253613Z,"{'#attributes': {'Qualifiers': 16384}, '#text': 1004}",DC01.garfield.htb,Microsoft-Windows-Security-SPP,Application,3671,4,,,,,,Windows(R) Publishing License (Public),121d8110-1b3d-4dd7-8315-5fb940fa8b9c,,,,,,,,,,,,,,,,,,,,,,,,,,,,,,,,,,,,,,,,,,,,,,
2026-04-01T18:28:21.253613Z,"{'#attributes': {'Qualifiers': 16384}, '#text': 1004}",DC01.garfield.htb,Microsoft-Windows-Security-SPP,Application,3672,4,,,,,,Windows(R) Publishing License (Private),1c492bf5-4d7f-45b5-b2a3-827c748f683d,,,,,,,,,,,,,,,,,,,,,,,,,,,,,,,,,,,,,,,,,,,,,,
2026-04-01T18:28:21.253613Z,"{'#attributes': {'Qualifiers': 16384}, '#text': 1004}",DC01.garfield.htb,Microsoft-Windows-Security-SPP,Application,3673,4,,,,,,Windows(R) UL oob License (Public),ca24e59c-94fb-4c10-a58a-76c6f0a37afb,,,,,,,,,,,,,,,,,,,,,,,,,,,,,,,,,,,,,,,,,,,,,,
2026-04-01T18:28:21.253613Z,"{'#attributes': {'Qualifiers': 16384}, '#text': 1004}",DC01.garfield.htb,Microsoft-Windows-Security-SPP,Application,3674,4,,,,,,Windows(R) UL oob License (Private),44747603-66c9-4312-8096-5b908476027c,,,,,,,,,,,,,,,,,,,,,,,,,,,,,,,,,,,,,,,,,,,,,,
2026-04-01T18:28:21.269225Z,"{'#attributes': {'Qualifiers': 16384}, '#text': 1004}",DC01.garfield.htb,Microsoft-Windows-Security-SPP,Application,3675,4,,,,,,Windows(R) UL phone License (Public),b6e82a0d-d0ed-4f2a-a158-586ff2b64f12,,,,,,,,,,,,,,,,,,,,,,,,,,,,,,,,,,,,,,,,,,,,,,
2026-04-01T18:28:21.269225Z,"{'#attributes': {'Qualifiers': 16384}, '#text': 1004}",DC01.garfield.htb,Microsoft-Windows-Security-SPP,Application,3676,4,,,,,,Windows(R) UL phone License (Private),35b4fb4e-392f-45f3-b21c-eb067ee2e748,,,,,,,,,,,,,,,,,,,,,,,,,,,,,,,,,,,,,,,,,,,,,,
