2025-08-16T23:34:51.965093Z,4634,DC01.garfield.htb,Microsoft-Windows-Security-Auditing,Security,3073,0,,,,,,,,,,,,,,,,,,,,,,,,,,,,,,,,,,,,,,,,,,,,,,,,,,,,,,,,,,,,,,,,,,,,,,,3,,,,,,,,,,,,,,,,,,,,,,,,,,,,,,,,,,,,,,,,,,,,,,,,,,,,,,,,,,,,,,,,,,,,,,,,,,,,,GARFIELD,,,,0x762b04,,,,,,,,DC01$,S-1-5-18,,,,,,,,,,,,,,,
2025-08-16T23:35:52.134393Z,4672,DC01.garfield.htb,Microsoft-Windows-Security-Auditing,Security,3074,0,,,,,,,,,,,,,,,,,,,,,,,,,,,,,,,,,,,,,,,,,,,,,,,,,,,,,,,,,,,,,,,,,,,,,,,,,,,,,,,,,,,,,,,,,,,,,,,,,,,,,,,,,,,,,,,,,"SeSecurityPrivilege
			SeBackupPrivilege
			SeRestorePrivilege
			SeTakeOwnershipPrivilege
			SeDebugPrivilege
			SeSystemEnvironmentPrivilege
			SeLoadDriverPrivilege
			SeImpersonatePrivilege
			SeDelegateSessionUserImpersonatePrivilege
			SeEnableDelegationPrivilege",,,,,,,,,,,,,,,,,,,,,,,,,,,,,,GARFIELD,0x76b1e8,,DC01$,S-1-5-18,,,,,,,,,,,,,,,,,,,,,,,,,,,,,
2025-08-16T23:35:52.134470Z,4624,DC01.garfield.htb,Microsoft-Windows-Security-Auditing,Security,3075,0,,,,,,,,,,,,,,,,,Kerberos,,,,,,,,,,,,,,,,,,,,,,,,%%1842,,,,,,,,,,,,,%%1833,::1,52703,,,,0,,,-,,,,,201A15EE-9398-F032-5FB0-5D8990737C30,,Kerberos,3,,,,,,,,,,,,,,,,,,,,,,,,,,,,,,,,,,,,,,,,,,,,0x0,-,,,,,,,,,,-,,,,,,,,,,,,,,,,,-,0x0,,-,S-1-0-0,GARFIELD.HTB,,0x0,,0x76b1e8,,-,-,,,,,DC01$,S-1-5-18,,,,,-,,,,,,%%1843,,,-,
2025-08-16T23:35:52.142614Z,4634,DC01.garfield.htb,Microsoft-Windows-Security-Auditing,Security,3076,0,,,,,,,,,,,,,,,,,,,,,,,,,,,,,,,,,,,,,,,,,,,,,,,,,,,,,,,,,,,,,,,,,,,,,,,3,,,,,,,,,,,,,,,,,,,,,,,,,,,,,,,,,,,,,,,,,,,,,,,,,,,,,,,,,,,,,,,,,,,,,,,,,,,,,GARFIELD,,,,0x76b1e8,,,,,,,,DC01$,S-1-5-18,,,,,,,,,,,,,,,
2025-08-16T23:36:52.982688Z,4672,DC01.garfield.htb,Microsoft-Windows-Security-Auditing,Security,3077,0,,,,,,,,,,,,,,,,,,,,,,,,,,,,,,,,,,,,,,,,,,,,,,,,,,,,,,,,,,,,,,,,,,,,,,,,,,,,,,,,,,,,,,,,,,,,,,,,,,,,,,,,,,,,,,,,,"SeSecurityPrivilege
			SeBackupPrivilege
			SeRestorePrivilege
			SeTakeOwnershipPrivilege
			SeDebugPrivilege
			SeSystemEnvironmentPrivilege
			SeLoadDriverPrivilege
			SeImpersonatePrivilege
			SeDelegateSessionUserImpersonatePrivilege
			SeEnableDelegationPrivilege",,,,,,,,,,,,,,,,,,,,,,,,,,,,,,GARFIELD,0x773e23,,DC01$,S-1-5-18,,,,,,,,,,,,,,,,,,,,,,,,,,,,,
2025-08-16T23:36:52.982754Z,4624,DC01.garfield.htb,Microsoft-Windows-Security-Auditing,Security,3078,0,,,,,,,,,,,,,,,,,Kerberos,,,,,,,,,,,,,,,,,,,,,,,,%%1842,,,,,,,,,,,,,%%1833,::1,52708,,,,0,,,-,,,,,201A15EE-9398-F032-5FB0-5D8990737C30,,Kerberos,3,,,,,,,,,,,,,,,,,,,,,,,,,,,,,,,,,,,,,,,,,,,,0x0,-,,,,,,,,,,-,,,,,,,,,,,,,,,,,-,0x0,,-,S-1-0-0,GARFIELD.HTB,,0x0,,0x773e23,,-,-,,,,,DC01$,S-1-5-18,,,,,-,,,,,,%%1843,,,-,
2025-08-16T23:36:52.983546Z,4634,DC01.garfield.htb,Microsoft-Windows-Security-Auditing,Security,3079,0,,,,,,,,,,,,,,,,,,,,,,,,,,,,,,,,,,,,,,,,,,,,,,,,,,,,,,,,,,,,,,,,,,,,,,,3,,,,,,,,,,,,,,,,,,,,,,,,,,,,,,,,,,,,,,,,,,,,,,,,,,,,,,,,,,,,,,,,,,,,,,,,,,,,,GARFIELD,,,,0x773e23,,,,,,,,DC01$,S-1-5-18,,,,,,,,,,,,,,,
2025-08-16T23:37:04.180657Z,4672,DC01.garfield.htb,Microsoft-Windows-Security-Auditing,Security,3080,0,,,,,,,,,,,,,,,,,,,,,,,,,,,,,,,,,,,,,,,,,,,,,,,,,,,,,,,,,,,,,,,,,,,,,,,,,,,,,,,,,,,,,,,,,,,,,,,,,,,,,,,,,,,,,,,,,"SeSecurityPrivilege
			SeBackupPrivilege
			SeRestorePrivilege
			SeTakeOwnershipPrivilege
			SeDebugPrivilege
			SeSystemEnvironmentPrivilege
			SeLoadDriverPrivilege
			SeImpersonatePrivilege
			SeDelegateSessionUserImpersonatePrivilege
			SeEnableDelegationPrivilege",,,,,,,,,,,,,,,,,,,,,,,,,,,,,,GARFIELD,0x77954e,,DC01$,S-1-5-18,,,,,,,,,,,,,,,,,,,,,,,,,,,,,
2025-08-16T23:37:04.180719Z,4624,DC01.garfield.htb,Microsoft-Windows-Security-Auditing,Security,3081,0,,,,,,,,,,,,,,,,,Kerberos,,,,,,,,,,,,,,,,,,,,,,,,%%1842,,,,,,,,,,,,,%%1833,fe80::c4ff:5747:1d3c:fba0,52709,,,,0,,,-,,,,,201A15EE-9398-F032-5FB0-5D8990737C30,,Kerberos,3,,,,,,,,,,,,,,,,,,,,,,,,,,,,,,,,,,,,,,,,,,,,0x0,-,,,,,,,,,,-,,,,,,,,,,,,,,,,,-,0x0,,-,S-1-0-0,GARFIELD.HTB,,0x0,,0x77954e,,-,-,,,,,DC01$,S-1-5-18,,,,,-,,,,,,%%1843,,,-,
2025-08-16T23:37:04.183791Z,4672,DC01.garfield.htb,Microsoft-Windows-Security-Auditing,Security,3082,0,,,,,,,,,,,,,,,,,,,,,,,,,,,,,,,,,,,,,,,,,,,,,,,,,,,,,,,,,,,,,,,,,,,,,,,,,,,,,,,,,,,,,,,,,,,,,,,,,,,,,,,,,,,,,,,,,"SeSecurityPrivilege
			SeBackupPrivilege
			SeRestorePrivilege
			SeTakeOwnershipPrivilege
			SeDebugPrivilege
			SeSystemEnvironmentPrivilege
			SeLoadDriverPrivilege
			SeImpersonatePrivilege
			SeDelegateSessionUserImpersonatePrivilege
			SeEnableDelegationPrivilege",,,,,,,,,,,,,,,,,,,,,,,,,,,,,,GARFIELD,0x779647,,DC01$,S-1-5-18,,,,,,,,,,,,,,,,,,,,,,,,,,,,,
2025-08-16T23:37:04.183849Z,4624,DC01.garfield.htb,Microsoft-Windows-Security-Auditing,Security,3083,0,,,,,,,,,,,,,,,,,Kerberos,,,,,,,,,,,,,,,,,,,,,,,,%%1842,,,,,,,,,,,,,%%1833,::1,0,,,,0,,,-,,,,,26E32126-A211-5AA6-80C2-8CBC172233CD,,Kerberos,3,,,,,,,,,,,,,,,,,,,,,,,,,,,,,,,,,,,,,,,,,,,,0x0,-,,,,,,,,,,-,,,,,,,,,,,,,,,,,-,0x0,,-,S-1-0-0,GARFIELD.HTB,,0x0,,0x779647,,-,-,,,,,DC01$,S-1-5-18,,,,,-,,,,,,%%1843,,,-,
2025-08-16T23:37:04.185970Z,4672,DC01.garfield.htb,Microsoft-Windows-Security-Auditing,Security,3084,0,,,,,,,,,,,,,,,,,,,,,,,,,,,,,,,,,,,,,,,,,,,,,,,,,,,,,,,,,,,,,,,,,,,,,,,,,,,,,,,,,,,,,,,,,,,,,,,,,,,,,,,,,,,,,,,,,"SeSecurityPrivilege
			SeBackupPrivilege
			SeRestorePrivilege
			SeTakeOwnershipPrivilege
			SeDebugPrivilege
			SeSystemEnvironmentPrivilege
			SeLoadDriverPrivilege
			SeImpersonatePrivilege
			SeDelegateSessionUserImpersonatePrivilege
			SeEnableDelegationPrivilege",,,,,,,,,,,,,,,,,,,,,,,,,,,,,,GARFIELD,0x779694,,DC01$,S-1-5-18,,,,,,,,,,,,,,,,,,,,,,,,,,,,,
2025-08-16T23:37:04.186032Z,4624,DC01.garfield.htb,Microsoft-Windows-Security-Auditing,Security,3085,0,,,,,,,,,,,,,,,,,Kerberos,,,,,,,,,,,,,,,,,,,,,,,,%%1842,,,,,,,,,,,,,%%1833,10.10.11.221,52710,,,,0,,,-,,,,,201A15EE-9398-F032-5FB0-5D8990737C30,,Kerberos,3,,,,,,,,,,,,,,,,,,,,,,,,,,,,,,,,,,,,,,,,,,,,0x0,-,,,,,,,,,,-,,,,,,,,,,,,,,,,,-,0x0,,-,S-1-0-0,GARFIELD.HTB,,0x0,,0x779694,,-,-,,,,,DC01$,S-1-5-18,,,,,-,,,,,,%%1843,,,-,
2025-08-16T23:37:04.304582Z,4672,DC01.garfield.htb,Microsoft-Windows-Security-Auditing,Security,3086,0,,,,,,,,,,,,,,,,,,,,,,,,,,,,,,,,,,,,,,,,,,,,,,,,,,,,,,,,,,,,,,,,,,,,,,,,,,,,,,,,,,,,,,,,,,,,,,,,,,,,,,,,,,,,,,,,,"SeSecurityPrivilege
			SeBackupPrivilege
			SeRestorePrivilege
			SeTakeOwnershipPrivilege
			SeDebugPrivilege
			SeSystemEnvironmentPrivilege
			SeLoadDriverPrivilege
			SeImpersonatePrivilege
			SeDelegateSessionUserImpersonatePrivilege
			SeEnableDelegationPrivilege",,,,,,,,,,,,,,,,,,,,,,,,,,,,,,GARFIELD,0x779739,,DC01$,S-1-5-18,,,,,,,,,,,,,,,,,,,,,,,,,,,,,
2025-08-16T23:37:04.304661Z,4624,DC01.garfield.htb,Microsoft-Windows-Security-Auditing,Security,3087,0,,,,,,,,,,,,,,,,,Kerberos,,,,,,,,,,,,,,,,,,,,,,,,%%1842,,,,,,,,,,,,,%%1840,fe80::c4ff:5747:1d3c:fba0,52711,,,,0,,,-,,,,,23DA26BA-98EF-3BB3-4E13-82FA42A1110B,,Kerberos,3,,,,,,,,,,,,,,,,,,,,,,,,,,,,,,,,,,,,,,,,,,,,0x0,-,,,,,,,,,,-,,,,,,,,,,,,,,,,,-,0x0,,-,S-1-0-0,GARFIELD.HTB,,0x0,,0x779739,,-,-,,,,,DC01$,S-1-5-18,,,,,-,,,,,,%%1843,,,-,
2025-08-16T23:37:04.307396Z,4634,DC01.garfield.htb,Microsoft-Windows-Security-Auditing,Security,3088,0,,,,,,,,,,,,,,,,,,,,,,,,,,,,,,,,,,,,,,,,,,,,,,,,,,,,,,,,,,,,,,,,,,,,,,,3,,,,,,,,,,,,,,,,,,,,,,,,,,,,,,,,,,,,,,,,,,,,,,,,,,,,,,,,,,,,,,,,,,,,,,,,,,,,,GARFIELD,,,,0x779694,,,,,,,,DC01$,S-1-5-18,,,,,,,,,,,,,,,
2025-08-16T23:37:04.307525Z,4634,DC01.garfield.htb,Microsoft-Windows-Security-Auditing,Security,3089,0,,,,,,,,,,,,,,,,,,,,,,,,,,,,,,,,,,,,,,,,,,,,,,,,,,,,,,,,,,,,,,,,,,,,,,,3,,,,,,,,,,,,,,,,,,,,,,,,,,,,,,,,,,,,,,,,,,,,,,,,,,,,,,,,,,,,,,,,,,,,,,,,,,,,,GARFIELD,,,,0x779647,,,,,,,,DC01$,S-1-5-18,,,,,,,,,,,,,,,
2025-08-16T23:37:04.309540Z,4634,DC01.garfield.htb,Microsoft-Windows-Security-Auditing,Security,3090,0,,,,,,,,,,,,,,,,,,,,,,,,,,,,,,,,,,,,,,,,,,,,,,,,,,,,,,,,,,,,,,,,,,,,,,,3,,,,,,,,,,,,,,,,,,,,,,,,,,,,,,,,,,,,,,,,,,,,,,,,,,,,,,,,,,,,,,,,,,,,,,,,,,,,,GARFIELD,,,,0x77954e,,,,,,,,DC01$,S-1-5-18,,,,,,,,,,,,,,,
2025-08-16T23:37:06.434516Z,4776,DC01.garfield.htb,Microsoft-Windows-Security-Auditing,Security,3091,0,,,,,,,,,,,,,,,,,,,,,,,,,,,,,,,,,,,,,,,,,,,,,,,,,,,,,,,,,,,,,,,,,,,,,,,,,,,,,,,,,,,,,,,,,,,,,,,,,,,,,,,,MICROSOFT_AUTHENTICATION_PACKAGE_V1_0,,,,,,,,,,,,,,,,,,,,,,,,,,,,,,,,,,0x0,,,,,,,,,,,,,,,,,,,,,,Administrator,,,,,,,,,,,,,,DC01,,
2025-08-16T23:37:06.453193Z,4648,DC01.garfield.htb,Microsoft-Windows-Security-Auditing,Security,3092,0,,,,,,,,,,,,,,,,,,,,,,,,,,,,,,,,,,,,,,,,,,,,,,,,,,,,,,,127.0.0.1,0,,,,,,,,,,,,00000000-0000-0000-0000-000000000000,,,,,,,,,,,,,,,,,,,,,,,,,,,,,,,,,,,,,,,,,,,,,,,0x880,C:\Windows\System32\svchost.exe,,,,,,,,,,,,,,,,,,,,,,,,,,,GARFIELD,0x3e7,,DC01$,S-1-5-18,GARFIELD,localhost,,00000000-0000-0000-0000-000000000000,,,,,,,localhost,,Administrator,,,,,,,,,,,,,,,,
2025-08-16T23:37:06.453210Z,4624,DC01.garfield.htb,Microsoft-Windows-Security-Auditing,Security,3093,0,,,,,,,,,,,,,,,,,Negotiate,,,,,,,,,,,,,,,,,,,,,,,,%%1842,,,,,,,,,,,,,%%1833,127.0.0.1,0,,,,0,,,-,,,,,00000000-0000-0000-0000-000000000000,,User32 ,7,,,,,,,,,,,,,,,,,,,,,,,,,,,,,,,,,,,,,,,,,,,,0x880,C:\Windows\System32\svchost.exe,,,,,,,,,,-,,,,,,,,,,,,,,,,,GARFIELD,0x3e7,,DC01$,S-1-5-18,GARFIELD,,0x0,,0x77a2e7,,-,-,,,,,Administrator,S-1-5-21-2502726253-3859040611-225969357-500,,,,,-,,,,,,%%1843,,,DC01,
2025-08-16T23:37:06.453215Z,4672,DC01.garfield.htb,Microsoft-Windows-Security-Auditing,Security,3094,0,,,,,,,,,,,,,,,,,,,,,,,,,,,,,,,,,,,,,,,,,,,,,,,,,,,,,,,,,,,,,,,,,,,,,,,,,,,,,,,,,,,,,,,,,,,,,,,,,,,,,,,,,,,,,,,,,"SeSecurityPrivilege
			SeTakeOwnershipPrivilege
			SeLoadDriverPrivilege
			SeBackupPrivilege
			SeRestorePrivilege
			SeDebugPrivilege
			SeSystemEnvironmentPrivilege
			SeEnableDelegationPrivilege
			SeImpersonatePrivilege
			SeDelegateSessionUserImpersonatePrivilege",,,,,,,,,,,,,,,,,,,,,,,,,,,,,,GARFIELD,0x77a2e7,,Administrator,S-1-5-21-2502726253-3859040611-225969357-500,,,,,,,,,,,,,,,,,,,,,,,,,,,,,
2025-08-16T23:37:06.453632Z,4634,DC01.garfield.htb,Microsoft-Windows-Security-Auditing,Security,3095,0,,,,,,,,,,,,,,,,,,,,,,,,,,,,,,,,,,,,,,,,,,,,,,,,,,,,,,,,,,,,,,,,,,,,,,,7,,,,,,,,,,,,,,,,,,,,,,,,,,,,,,,,,,,,,,,,,,,,,,,,,,,,,,,,,,,,,,,,,,,,,,,,,,,,,GARFIELD,,,,0x77a2e7,,,,,,,,Administrator,S-1-5-21-2502726253-3859040611-225969357-500,,,,,,,,,,,,,,,
2025-08-16T23:37:06.459232Z,4768,DC01.garfield.htb,Microsoft-Windows-Security-Auditing,Security,3096,0,,,,,,,,,,,,,,,,,,,,,,,,,,,,,,,,,,,,,,,,,,,,,,,,,,,,,,,::1,0,,,,,,,,,,,,,,,,,,,,,,,,,,,,,,,,,,,,,,,,,,,,,,,,,,,,,,2,,,,,,,,,,,,,,,,,,,,,,krbtgt,,S-1-5-21-2502726253-3859040611-225969357-502,,,,0x0,,,,,,,,,,GARFIELD,,,,,,,,,,,S-1-5-21-2502726253-3859040611-225969357-500,Administrator,,,0x12,0x40810010,,,,,,,,,,,,
2025-08-16T23:37:06.460748Z,4769,DC01.garfield.htb,Microsoft-Windows-Security-Auditing,Security,3097,0,,,,,,,,,,,,,,,,,,,,,,,,,,,,,,,,,,,,,,,,,,,,,,,,,,,,,,,::1,0,,,,,,,,,,,,6A471397-95D4-0BF9-F5E4-5F51F90FBC1C,,,,,,,,,,,,,,,,,,,,,,,,,,,,,,,,,,,,,,,,,,,,,,,,,,,,,,,,,,,,,,,,DC01$,,S-1-5-21-2502726253-3859040611-225969357-1000,,,,0x0,,,,,,,,,,GARFIELD.HTB,,,,,,,,,,,,Administrator@GARFIELD.HTB,,,0x12,0x40810000,,-,,,,,,,,,,
2025-08-16T23:37:06.466116Z,4648,DC01.garfield.htb,Microsoft-Windows-Security-Auditing,Security,3098,0,,,,,,,,,,,,,,,,,,,,,,,,,,,,,,,,,,,,,,,,,,,,,,,,,,,,,,,-,-,,,,,,,,,,,,00000000-0000-0000-0000-000000000000,,,,,,,,,,,,,,,,,,,,,,,,,,,,,,,,,,,,,,,,,,,,,,,0x2ec,C:\Windows\System32\lsass.exe,,,,,,,,,,,,,,,,,,,,,,,,,,,GARFIELD,0x3e7,,DC01$,S-1-5-18,GARFIELD,localhost,,6A471397-95D4-0BF9-F5E4-5F51F90FBC1C,,,,,,,localhost,,Administrator,,,,,,,,,,,,,,,,
2025-08-16T23:37:06.466126Z,4624,DC01.garfield.htb,Microsoft-Windows-Security-Auditing,Security,3099,0,,,,,,,,,,,,,,,,,Negotiate,,,,,,,,,,,,,,,,,,,,,,,,%%1842,,,,,,,,,,,,,%%1833,-,-,,,,0,,,-,,,,,6A471397-95D4-0BF9-F5E4-5F51F90FBC1C,,Negotiat,7,,,,,,,,,,,,,,,,,,,,,,,,,,,,,,,,,,,,,,,,,,,,0x2ec,C:\Windows\System32\lsass.exe,,,,,,,,,,-,,,,,,,,,,,,,,,,,GARFIELD,0x3e7,,DC01$,S-1-5-18,GARFIELD,,0x0,,0x77a32e,,-,-,,,,,Administrator,S-1-5-21-2502726253-3859040611-225969357-500,,,,,-,,,,,,%%1843,,,DC01,
2025-08-16T23:37:06.466129Z,4672,DC01.garfield.htb,Microsoft-Windows-Security-Auditing,Security,3100,0,,,,,,,,,,,,,,,,,,,,,,,,,,,,,,,,,,,,,,,,,,,,,,,,,,,,,,,,,,,,,,,,,,,,,,,,,,,,,,,,,,,,,,,,,,,,,,,,,,,,,,,,,,,,,,,,,"SeSecurityPrivilege
			SeTakeOwnershipPrivilege
			SeLoadDriverPrivilege
			SeBackupPrivilege
			SeRestorePrivilege
			SeDebugPrivilege
			SeSystemEnvironmentPrivilege
			SeEnableDelegationPrivilege
			SeImpersonatePrivilege
			SeDelegateSessionUserImpersonatePrivilege",,,,,,,,,,,,,,,,,,,,,,,,,,,,,,GARFIELD,0x77a32e,,Administrator,S-1-5-21-2502726253-3859040611-225969357-500,,,,,,,,,,,,,,,,,,,,,,,,,,,,,
2025-08-16T23:37:06.466535Z,4634,DC01.garfield.htb,Microsoft-Windows-Security-Auditing,Security,3101,0,,,,,,,,,,,,,,,,,,,,,,,,,,,,,,,,,,,,,,,,,,,,,,,,,,,,,,,,,,,,,,,,,,,,,,,7,,,,,,,,,,,,,,,,,,,,,,,,,,,,,,,,,,,,,,,,,,,,,,,,,,,,,,,,,,,,,,,,,,,,,,,,,,,,,GARFIELD,,,,0x77a32e,,,,,,,,Administrator,S-1-5-21-2502726253-3859040611-225969357-500,,,,,,,,,,,,,,,
2025-08-16T23:37:06.532041Z,4624,DC01.garfield.htb,Microsoft-Windows-Security-Auditing,Security,3102,0,,,,,,,,,,,,,,,,,Negotiate,,,,,,,,,,,,,,,,,,,,,,,,%%1842,,,,,,,,,,,,,%%1833,-,-,,,,0,,,-,,,,,00000000-0000-0000-0000-000000000000,,Advapi  ,5,,,,,,,,,,,,,,,,,,,,,,,,,,,,,,,,,,,,,,,,,,,,0x2d0,C:\Windows\System32\services.exe,,,,,,,,,,-,,,,,,,,,,,,,,,,,GARFIELD,0x3e7,,DC01$,S-1-5-18,NT AUTHORITY,,0x0,,0x3e7,,-,-,,,,,SYSTEM,S-1-5-18,,,,,-,,,,,,%%1843,,,-,
2025-08-16T23:37:06.532047Z,4672,DC01.garfield.htb,Microsoft-Windows-Security-Auditing,Security,3103,0,,,,,,,,,,,,,,,,,,,,,,,,,,,,,,,,,,,,,,,,,,,,,,,,,,,,,,,,,,,,,,,,,,,,,,,,,,,,,,,,,,,,,,,,,,,,,,,,,,,,,,,,,,,,,,,,,"SeAssignPrimaryTokenPrivilege
			SeTcbPrivilege
			SeSecurityPrivilege
			SeTakeOwnershipPrivilege
			SeLoadDriverPrivilege
			SeBackupPrivilege
			SeRestorePrivilege
			SeDebugPrivilege
			SeAuditPrivilege
			SeSystemEnvironmentPrivilege
			SeImpersonatePrivilege
			SeDelegateSessionUserImpersonatePrivilege",,,,,,,,,,,,,,,,,,,,,,,,,,,,,,NT AUTHORITY,0x3e7,,SYSTEM,S-1-5-18,,,,,,,,,,,,,,,,,,,,,,,,,,,,,
2025-08-16T23:37:15.034667Z,4634,DC01.garfield.htb,Microsoft-Windows-Security-Auditing,Security,3104,0,,,,,,,,,,,,,,,,,,,,,,,,,,,,,,,,,,,,,,,,,,,,,,,,,,,,,,,,,,,,,,,,,,,,,,,3,,,,,,,,,,,,,,,,,,,,,,,,,,,,,,,,,,,,,,,,,,,,,,,,,,,,,,,,,,,,,,,,,,,,,,,,,,,,,GARFIELD,,,,0x779739,,,,,,,,DC01$,S-1-5-18,,,,,,,,,,,,,,,
2025-08-16T23:37:52.996764Z,4672,DC01.garfield.htb,Microsoft-Windows-Security-Auditing,Security,3105,0,,,,,,,,,,,,,,,,,,,,,,,,,,,,,,,,,,,,,,,,,,,,,,,,,,,,,,,,,,,,,,,,,,,,,,,,,,,,,,,,,,,,,,,,,,,,,,,,,,,,,,,,,,,,,,,,,"SeSecurityPrivilege
			SeBackupPrivilege
			SeRestorePrivilege
			SeTakeOwnershipPrivilege
			SeDebugPrivilege
			SeSystemEnvironmentPrivilege
			SeLoadDriverPrivilege
			SeImpersonatePrivilege
			SeDelegateSessionUserImpersonatePrivilege
			SeEnableDelegationPrivilege",,,,,,,,,,,,,,,,,,,,,,,,,,,,,,GARFIELD,0x78e845,,DC01$,S-1-5-18,,,,,,,,,,,,,,,,,,,,,,,,,,,,,
2025-08-16T23:37:52.996833Z,4624,DC01.garfield.htb,Microsoft-Windows-Security-Auditing,Security,3106,0,,,,,,,,,,,,,,,,,Kerberos,,,,,,,,,,,,,,,,,,,,,,,,%%1842,,,,,,,,,,,,,%%1833,::1,52712,,,,0,,,-,,,,,201A15EE-9398-F032-5FB0-5D8990737C30,,Kerberos,3,,,,,,,,,,,,,,,,,,,,,,,,,,,,,,,,,,,,,,,,,,,,0x0,-,,,,,,,,,,-,,,,,,,,,,,,,,,,,-,0x0,,-,S-1-0-0,GARFIELD.HTB,,0x0,,0x78e845,,-,-,,,,,DC01$,S-1-5-18,,,,,-,,,,,,%%1843,,,-,
2025-08-16T23:37:53.009069Z,4634,DC01.garfield.htb,Microsoft-Windows-Security-Auditing,Security,3107,0,,,,,,,,,,,,,,,,,,,,,,,,,,,,,,,,,,,,,,,,,,,,,,,,,,,,,,,,,,,,,,,,,,,,,,,3,,,,,,,,,,,,,,,,,,,,,,,,,,,,,,,,,,,,,,,,,,,,,,,,,,,,,,,,,,,,,,,,,,,,,,,,,,,,,GARFIELD,,,,0x78e845,,,,,,,,DC01$,S-1-5-18,,,,,,,,,,,,,,,
2025-08-16T23:38:53.021132Z,4672,DC01.garfield.htb,Microsoft-Windows-Security-Auditing,Security,3108,0,,,,,,,,,,,,,,,,,,,,,,,,,,,,,,,,,,,,,,,,,,,,,,,,,,,,,,,,,,,,,,,,,,,,,,,,,,,,,,,,,,,,,,,,,,,,,,,,,,,,,,,,,,,,,,,,,"SeSecurityPrivilege
			SeBackupPrivilege
			SeRestorePrivilege
			SeTakeOwnershipPrivilege
			SeDebugPrivilege
			SeSystemEnvironmentPrivilege
			SeLoadDriverPrivilege
			SeImpersonatePrivilege
			SeDelegateSessionUserImpersonatePrivilege
			SeEnableDelegationPrivilege",,,,,,,,,,,,,,,,,,,,,,,,,,,,,,GARFIELD,0x79b80c,,DC01$,S-1-5-18,,,,,,,,,,,,,,,,,,,,,,,,,,,,,
2025-08-16T23:38:53.021209Z,4624,DC01.garfield.htb,Microsoft-Windows-Security-Auditing,Security,3109,0,,,,,,,,,,,,,,,,,Kerberos,,,,,,,,,,,,,,,,,,,,,,,,%%1842,,,,,,,,,,,,,%%1833,::1,52713,,,,0,,,-,,,,,201A15EE-9398-F032-5FB0-5D8990737C30,,Kerberos,3,,,,,,,,,,,,,,,,,,,,,,,,,,,,,,,,,,,,,,,,,,,,0x0,-,,,,,,,,,,-,,,,,,,,,,,,,,,,,-,0x0,,-,S-1-0-0,GARFIELD.HTB,,0x0,,0x79b80c,,-,-,,,,,DC01$,S-1-5-18,,,,,-,,,,,,%%1843,,,-,
2025-08-16T23:38:53.022379Z,4634,DC01.garfield.htb,Microsoft-Windows-Security-Auditing,Security,3110,0,,,,,,,,,,,,,,,,,,,,,,,,,,,,,,,,,,,,,,,,,,,,,,,,,,,,,,,,,,,,,,,,,,,,,,,3,,,,,,,,,,,,,,,,,,,,,,,,,,,,,,,,,,,,,,,,,,,,,,,,,,,,,,,,,,,,,,,,,,,,,,,,,,,,,GARFIELD,,,,0x79b80c,,,,,,,,DC01$,S-1-5-18,,,,,,,,,,,,,,,
2025-08-16T23:39:41.508177Z,4672,DC01.garfield.htb,Microsoft-Windows-Security-Auditing,Security,3111,0,,,,,,,,,,,,,,,,,,,,,,,,,,,,,,,,,,,,,,,,,,,,,,,,,,,,,,,,,,,,,,,,,,,,,,,,,,,,,,,,,,,,,,,,,,,,,,,,,,,,,,,,,,,,,,,,,"SeSecurityPrivilege
			SeBackupPrivilege
			SeRestorePrivilege
			SeTakeOwnershipPrivilege
			SeDebugPrivilege
			SeSystemEnvironmentPrivilege
			SeLoadDriverPrivilege
			SeImpersonatePrivilege
			SeDelegateSessionUserImpersonatePrivilege
			SeEnableDelegationPrivilege",,,,,,,,,,,,,,,,,,,,,,,,,,,,,,GARFIELD,0x7c5fd1,,DC01$,S-1-5-18,,,,,,,,,,,,,,,,,,,,,,,,,,,,,
2025-08-16T23:39:41.508242Z,4624,DC01.garfield.htb,Microsoft-Windows-Security-Auditing,Security,3112,0,,,,,,,,,,,,,,,,,Kerberos,,,,,,,,,,,,,,,,,,,,,,,,%%1842,,,,,,,,,,,,,%%1833,fe80::c4ff:5747:1d3c:fba0,52718,,,,0,,,-,,,,,201A15EE-9398-F032-5FB0-5D8990737C30,,Kerberos,3,,,,,,,,,,,,,,,,,,,,,,,,,,,,,,,,,,,,,,,,,,,,0x0,-,,,,,,,,,,-,,,,,,,,,,,,,,,,,-,0x0,,-,S-1-0-0,GARFIELD.HTB,,0x0,,0x7c5fd1,,-,-,,,,,DC01$,S-1-5-18,,,,,-,,,,,,%%1843,,,-,
2025-08-16T23:39:41.510121Z,4634,DC01.garfield.htb,Microsoft-Windows-Security-Auditing,Security,3113,0,,,,,,,,,,,,,,,,,,,,,,,,,,,,,,,,,,,,,,,,,,,,,,,,,,,,,,,,,,,,,,,,,,,,,,,3,,,,,,,,,,,,,,,,,,,,,,,,,,,,,,,,,,,,,,,,,,,,,,,,,,,,,,,,,,,,,,,,,,,,,,,,,,,,,GARFIELD,,,,0x7c5fd1,,,,,,,,DC01$,S-1-5-18,,,,,,,,,,,,,,,
2025-08-16T23:39:41.511257Z,4672,DC01.garfield.htb,Microsoft-Windows-Security-Auditing,Security,3114,0,,,,,,,,,,,,,,,,,,,,,,,,,,,,,,,,,,,,,,,,,,,,,,,,,,,,,,,,,,,,,,,,,,,,,,,,,,,,,,,,,,,,,,,,,,,,,,,,,,,,,,,,,,,,,,,,,"SeSecurityPrivilege
			SeBackupPrivilege
			SeRestorePrivilege
			SeTakeOwnershipPrivilege
			SeDebugPrivilege
			SeSystemEnvironmentPrivilege
			SeLoadDriverPrivilege
			SeImpersonatePrivilege
			SeDelegateSessionUserImpersonatePrivilege
			SeEnableDelegationPrivilege",,,,,,,,,,,,,,,,,,,,,,,,,,,,,,GARFIELD,0x7c603e,,DC01$,S-1-5-18,,,,,,,,,,,,,,,,,,,,,,,,,,,,,
2025-08-16T23:39:41.511307Z,4624,DC01.garfield.htb,Microsoft-Windows-Security-Auditing,Security,3115,0,,,,,,,,,,,,,,,,,Kerberos,,,,,,,,,,,,,,,,,,,,,,,,%%1842,,,,,,,,,,,,,%%1833,fe80::c4ff:5747:1d3c:fba0,52719,,,,0,,,-,,,,,201A15EE-9398-F032-5FB0-5D8990737C30,,Kerberos,3,,,,,,,,,,,,,,,,,,,,,,,,,,,,,,,,,,,,,,,,,,,,0x0,-,,,,,,,,,,-,,,,,,,,,,,,,,,,,-,0x0,,-,S-1-0-0,GARFIELD.HTB,,0x0,,0x7c603e,,-,-,,,,,DC01$,S-1-5-18,,,,,-,,,,,,%%1843,,,-,
2025-08-16T23:39:41.513863Z,4634,DC01.garfield.htb,Microsoft-Windows-Security-Auditing,Security,3116,0,,,,,,,,,,,,,,,,,,,,,,,,,,,,,,,,,,,,,,,,,,,,,,,,,,,,,,,,,,,,,,,,,,,,,,,3,,,,,,,,,,,,,,,,,,,,,,,,,,,,,,,,,,,,,,,,,,,,,,,,,,,,,,,,,,,,,,,,,,,,,,,,,,,,,GARFIELD,,,,0x7c603e,,,,,,,,DC01$,S-1-5-18,,,,,,,,,,,,,,,
2025-08-16T23:39:47.966084Z,4672,DC01.garfield.htb,Microsoft-Windows-Security-Auditing,Security,3117,0,,,,,,,,,,,,,,,,,,,,,,,,,,,,,,,,,,,,,,,,,,,,,,,,,,,,,,,,,,,,,,,,,,,,,,,,,,,,,,,,,,,,,,,,,,,,,,,,,,,,,,,,,,,,,,,,,"SeAuditPrivilege
			SeImpersonatePrivilege
			SeAssignPrimaryTokenPrivilege",,,,,,,,,,,,,,,,,,,,,,,,,,,,,,GARFIELD,0x7c86da,,DC01$,S-1-5-21-2502726253-3859040611-225969357-1000,,,,,,,,,,,,,,,,,,,,,,,,,,,,,
2025-08-16T23:39:47.966193Z,4624,DC01.garfield.htb,Microsoft-Windows-Security-Auditing,Security,3118,0,,,,,,,,,,,,,,,,,Kerberos,,,,,,,,,,,,,,,,,,,,,,,,%%1842,,,,,,,,,,,,,%%1840,-,-,,,,0,,,-,,,,,E5E125C4-3C05-8E09-6A11-884440B15CA9,,Kerberos,3,,,,,,,,,,,,,,,,,,,,,,,,,,,,,,,,,,,,,,,,,,,,0x0,-,,,,,,,,,,-,,,,,,,,,,,,,,,,,-,0x0,,-,S-1-0-0,GARFIELD.HTB,,0x0,,0x7c86da,,-,-,,,,,DC01$,S-1-5-21-2502726253-3859040611-225969357-1000,,,,,-,,,,,,%%1843,,,-,
2025-08-16T23:39:47.978648Z,4672,DC01.garfield.htb,Microsoft-Windows-Security-Auditing,Security,3119,0,,,,,,,,,,,,,,,,,,,,,,,,,,,,,,,,,,,,,,,,,,,,,,,,,,,,,,,,,,,,,,,,,,,,,,,,,,,,,,,,,,,,,,,,,,,,,,,,,,,,,,,,,,,,,,,,,"SeSecurityPrivilege
			SeBackupPrivilege
			SeRestorePrivilege
			SeTakeOwnershipPrivilege
			SeDebugPrivilege
			SeSystemEnvironmentPrivilege
			SeLoadDriverPrivilege
			SeImpersonatePrivilege
			SeDelegateSessionUserImpersonatePrivilege
			SeEnableDelegationPrivilege",,,,,,,,,,,,,,,,,,,,,,,,,,,,,,GARFIELD,0x7c8864,,DC01$,S-1-5-18,,,,,,,,,,,,,,,,,,,,,,,,,,,,,
2025-08-16T23:39:47.978698Z,4624,DC01.garfield.htb,Microsoft-Windows-Security-Auditing,Security,3120,0,,,,,,,,,,,,,,,,,Kerberos,,,,,,,,,,,,,,,,,,,,,,,,%%1842,,,,,,,,,,,,,%%1833,fe80::c4ff:5747:1d3c:fba0,55115,,,,0,,,-,,,,,201A15EE-9398-F032-5FB0-5D8990737C30,,Kerberos,3,,,,,,,,,,,,,,,,,,,,,,,,,,,,,,,,,,,,,,,,,,,,0x0,-,,,,,,,,,,-,,,,,,,,,,,,,,,,,-,0x0,,-,S-1-0-0,GARFIELD.HTB,,0x0,,0x7c8864,,-,-,,,,,DC01$,S-1-5-18,,,,,-,,,,,,%%1843,,,-,
2025-08-16T23:39:47.983257Z,4634,DC01.garfield.htb,Microsoft-Windows-Security-Auditing,Security,3121,0,,,,,,,,,,,,,,,,,,,,,,,,,,,,,,,,,,,,,,,,,,,,,,,,,,,,,,,,,,,,,,,,,,,,,,,3,,,,,,,,,,,,,,,,,,,,,,,,,,,,,,,,,,,,,,,,,,,,,,,,,,,,,,,,,,,,,,,,,,,,,,,,,,,,,GARFIELD,,,,0x7c8864,,,,,,,,DC01$,S-1-5-18,,,,,,,,,,,,,,,
2025-08-16T23:39:47.984864Z,4672,DC01.garfield.htb,Microsoft-Windows-Security-Auditing,Security,3122,0,,,,,,,,,,,,,,,,,,,,,,,,,,,,,,,,,,,,,,,,,,,,,,,,,,,,,,,,,,,,,,,,,,,,,,,,,,,,,,,,,,,,,,,,,,,,,,,,,,,,,,,,,,,,,,,,,"SeSecurityPrivilege
			SeBackupPrivilege
			SeRestorePrivilege
			SeTakeOwnershipPrivilege
			SeDebugPrivilege
			SeSystemEnvironmentPrivilege
			SeLoadDriverPrivilege
			SeImpersonatePrivilege
			SeDelegateSessionUserImpersonatePrivilege
			SeEnableDelegationPrivilege",,,,,,,,,,,,,,,,,,,,,,,,,,,,,,GARFIELD,0x7c88e3,,DC01$,S-1-5-18,,,,,,,,,,,,,,,,,,,,,,,,,,,,,
2025-08-16T23:39:47.984914Z,4624,DC01.garfield.htb,Microsoft-Windows-Security-Auditing,Security,3123,0,,,,,,,,,,,,,,,,,Kerberos,,,,,,,,,,,,,,,,,,,,,,,,%%1842,,,,,,,,,,,,,%%1833,fe80::c4ff:5747:1d3c:fba0,55116,,,,0,,,-,,,,,201A15EE-9398-F032-5FB0-5D8990737C30,,Kerberos,3,,,,,,,,,,,,,,,,,,,,,,,,,,,,,,,,,,,,,,,,,,,,0x0,-,,,,,,,,,,-,,,,,,,,,,,,,,,,,-,0x0,,-,S-1-0-0,GARFIELD.HTB,,0x0,,0x7c88e3,,-,-,,,,,DC01$,S-1-5-18,,,,,-,,,,,,%%1843,,,-,
2025-08-16T23:39:47.988646Z,4634,DC01.garfield.htb,Microsoft-Windows-Security-Auditing,Security,3124,0,,,,,,,,,,,,,,,,,,,,,,,,,,,,,,,,,,,,,,,,,,,,,,,,,,,,,,,,,,,,,,,,,,,,,,,3,,,,,,,,,,,,,,,,,,,,,,,,,,,,,,,,,,,,,,,,,,,,,,,,,,,,,,,,,,,,,,,,,,,,,,,,,,,,,GARFIELD,,,,0x7c88e3,,,,,,,,DC01$,S-1-5-18,,,,,,,,,,,,,,,
2025-08-16T23:39:50.090671Z,4648,DC01.garfield.htb,Microsoft-Windows-Security-Auditing,Security,3125,0,,,,,,,,,,,,,,,,,,,,,,,,,,,,,,,,,,,,,,,,,,,,,,,,,,,,,,,-,-,,,,,,,,,,,,00000000-0000-0000-0000-000000000000,,,,,,,,,,,,,,,,,,,,,,,,,,,,,,,,,,,,,,,,,,,,,,,0xc3c,C:\Windows\System32\vmms.exe,,,,,,,,,,,,,,,,,,,,,,,,,,,GARFIELD,0x3e7,,DC01$,S-1-5-18,NT VIRTUAL MACHINE,localhost,,00000000-0000-0000-0000-000000000000,,,,,,,localhost,,19B5E087-0062-4BC5-8103-68A2AD7ABE3E,,,,,,,,,,,,,,,,
2025-08-16T23:39:50.090683Z,4624,DC01.garfield.htb,Microsoft-Windows-Security-Auditing,Security,3126,0,,,,,,,,,,,,,,,,,Negotiate,,,,,,,,,,,,,,,,,,,,,,,,%%1842,,,,,,,,,,,,,%%1833,-,-,,,,0,,,-,,,,,00000000-0000-0000-0000-000000000000,,Advapi  ,5,,,,,,,,,,,,,,,,,,,,,,,,,,,,,,,,,,,,,,,,,,,,0xc3c,C:\Windows\System32\vmms.exe,,,,,,,,,,-,,,,,,,,,,,,,,,,,GARFIELD,0x3e7,,DC01$,S-1-5-18,NT VIRTUAL MACHINE,,0x0,,0x7c96f5,,-,-,,,,,19B5E087-0062-4BC5-8103-68A2AD7ABE3E,S-1-5-83-1-431349895-1271201890-2724725633-1052670637,,,,,-,,,,,,%%1842,,,-,
2025-08-16T23:39:50.090686Z,4672,DC01.garfield.htb,Microsoft-Windows-Security-Auditing,Security,3127,0,,,,,,,,,,,,,,,,,,,,,,,,,,,,,,,,,,,,,,,,,,,,,,,,,,,,,,,,,,,,,,,,,,,,,,,,,,,,,,,,,,,,,,,,,,,,,,,,,,,,,,,,,,,,,,,,,SeImpersonatePrivilege,,,,,,,,,,,,,,,,,,,,,,,,,,,,,,NT VIRTUAL MACHINE,0x7c96f5,,19B5E087-0062-4BC5-8103-68A2AD7ABE3E,S-1-5-83-1-431349895-1271201890-2724725633-1052670637,,,,,,,,,,,,,,,,,,,,,,,,,,,,,
2025-08-16T23:39:50.112643Z,4648,DC01.garfield.htb,Microsoft-Windows-Security-Auditing,Security,3128,0,,,,,,,,,,,,,,,,,,,,,,,,,,,,,,,,,,,,,,,,,,,,,,,,,,,,,,,-,-,,,,,,,,,,,,00000000-0000-0000-0000-000000000000,,,,,,,,,,,,,,,,,,,,,,,,,,,,,,,,,,,,,,,,,,,,,,,0xc3c,C:\Windows\System32\vmms.exe,,,,,,,,,,,,,,,,,,,,,,,,,,,GARFIELD,0x3e7,,DC01$,S-1-5-18,NT VIRTUAL MACHINE,localhost,,00000000-0000-0000-0000-000000000000,,,,,,,localhost,,19B5E087-0062-4BC5-8103-68A2AD7ABE3E,,,,,,,,,,,,,,,,
2025-08-16T23:39:50.112654Z,4624,DC01.garfield.htb,Microsoft-Windows-Security-Auditing,Security,3129,0,,,,,,,,,,,,,,,,,Negotiate,,,,,,,,,,,,,,,,,,,,,,,,%%1842,,,,,,,,,,,,,%%1833,-,-,,,,0,,,-,,,,,00000000-0000-0000-0000-000000000000,,Advapi  ,5,,,,,,,,,,,,,,,,,,,,,,,,,,,,,,,,,,,,,,,,,,,,0xc3c,C:\Windows\System32\vmms.exe,,,,,,,,,,-,,,,,,,,,,,,,,,,,GARFIELD,0x3e7,,DC01$,S-1-5-18,NT VIRTUAL MACHINE,,0x0,,0x7c97d9,,-,-,,,,,19B5E087-0062-4BC5-8103-68A2AD7ABE3E,S-1-5-83-1-431349895-1271201890-2724725633-1052670637,,,,,-,,,,,,%%1842,,,-,
2025-08-16T23:39:50.112657Z,4672,DC01.garfield.htb,Microsoft-Windows-Security-Auditing,Security,3130,0,,,,,,,,,,,,,,,,,,,,,,,,,,,,,,,,,,,,,,,,,,,,,,,,,,,,,,,,,,,,,,,,,,,,,,,,,,,,,,,,,,,,,,,,,,,,,,,,,,,,,,,,,,,,,,,,,SeImpersonatePrivilege,,,,,,,,,,,,,,,,,,,,,,,,,,,,,,NT VIRTUAL MACHINE,0x7c97d9,,19B5E087-0062-4BC5-8103-68A2AD7ABE3E,S-1-5-83-1-431349895-1271201890-2724725633-1052670637,,,,,,,,,,,,,,,,,,,,,,,,,,,,,
2025-08-16T23:39:50.126983Z,4624,DC01.garfield.htb,Microsoft-Windows-Security-Auditing,Security,3131,0,,,,,,,,,,,,,,,,,Negotiate,,,,,,,,,,,,,,,,,,,,,,,,%%1842,,,,,,,,,,,,,%%1833,-,-,,,,0,,,-,,,,,00000000-0000-0000-0000-000000000000,,Advapi  ,5,,,,,,,,,,,,,,,,,,,,,,,,,,,,,,,,,,,,,,,,,,,,0x2d0,C:\Windows\System32\services.exe,,,,,,,,,,-,,,,,,,,,,,,,,,,,GARFIELD,0x3e7,,DC01$,S-1-5-18,NT AUTHORITY,,0x0,,0x3e7,,-,-,,,,,SYSTEM,S-1-5-18,,,,,-,,,,,,%%1843,,,-,
2025-08-16T23:39:50.126988Z,4672,DC01.garfield.htb,Microsoft-Windows-Security-Auditing,Security,3132,0,,,,,,,,,,,,,,,,,,,,,,,,,,,,,,,,,,,,,,,,,,,,,,,,,,,,,,,,,,,,,,,,,,,,,,,,,,,,,,,,,,,,,,,,,,,,,,,,,,,,,,,,,,,,,,,,,"SeAssignPrimaryTokenPrivilege
			SeTcbPrivilege
			SeSecurityPrivilege
			SeTakeOwnershipPrivilege
			SeLoadDriverPrivilege
			SeBackupPrivilege
			SeRestorePrivilege
			SeDebugPrivilege
			SeAuditPrivilege
			SeSystemEnvironmentPrivilege
			SeImpersonatePrivilege
			SeDelegateSessionUserImpersonatePrivilege",,,,,,,,,,,,,,,,,,,,,,,,,,,,,,NT AUTHORITY,0x3e7,,SYSTEM,S-1-5-18,,,,,,,,,,,,,,,,,,,,,,,,,,,,,
2025-08-16T23:39:50.182882Z,4634,DC01.garfield.htb,Microsoft-Windows-Security-Auditing,Security,3133,0,,,,,,,,,,,,,,,,,,,,,,,,,,,,,,,,,,,,,,,,,,,,,,,,,,,,,,,,,,,,,,,,,,,,,,,5,,,,,,,,,,,,,,,,,,,,,,,,,,,,,,,,,,,,,,,,,,,,,,,,,,,,,,,,,,,,,,,,,,,,,,,,,,,,,NT VIRTUAL MACHINE,,,,0x7c96f5,,,,,,,,19B5E087-0062-4BC5-8103-68A2AD7ABE3E,S-1-5-83-1-431349895-1271201890-2724725633-1052670637,,,,,,,,,,,,,,,
2025-08-16T23:39:51.766736Z,4648,DC01.garfield.htb,Microsoft-Windows-Security-Auditing,Security,3134,0,,,,,,,,,,,,,,,,,,,,,,,,,,,,,,,,,,,,,,,,,,,,,,,,,,,,,,,-,-,,,,,,,,,,,,00000000-0000-0000-0000-000000000000,,,,,,,,,,,,,,,,,,,,,,,,,,,,,,,,,,,,,,,,,,,,,,,0xc3c,C:\Windows\System32\vmms.exe,,,,,,,,,,,,,,,,,,,,,,,,,,,GARFIELD,0x3e7,,DC01$,S-1-5-18,NT VIRTUAL MACHINE,localhost,,00000000-0000-0000-0000-000000000000,,,,,,,localhost,,19B5E087-0062-4BC5-8103-68A2AD7ABE3E,,,,,,,,,,,,,,,,
2025-08-16T23:39:51.766749Z,4624,DC01.garfield.htb,Microsoft-Windows-Security-Auditing,Security,3135,0,,,,,,,,,,,,,,,,,Negotiate,,,,,,,,,,,,,,,,,,,,,,,,%%1842,,,,,,,,,,,,,%%1833,-,-,,,,0,,,-,,,,,00000000-0000-0000-0000-000000000000,,Advapi  ,5,,,,,,,,,,,,,,,,,,,,,,,,,,,,,,,,,,,,,,,,,,,,0xc3c,C:\Windows\System32\vmms.exe,,,,,,,,,,-,,,,,,,,,,,,,,,,,GARFIELD,0x3e7,,DC01$,S-1-5-18,NT VIRTUAL MACHINE,,0x0,,0x7d2f98,,-,-,,,,,19B5E087-0062-4BC5-8103-68A2AD7ABE3E,S-1-5-83-1-431349895-1271201890-2724725633-1052670637,,,,,-,,,,,,%%1842,,,-,
2025-08-16T23:39:51.766752Z,4672,DC01.garfield.htb,Microsoft-Windows-Security-Auditing,Security,3136,0,,,,,,,,,,,,,,,,,,,,,,,,,,,,,,,,,,,,,,,,,,,,,,,,,,,,,,,,,,,,,,,,,,,,,,,,,,,,,,,,,,,,,,,,,,,,,,,,,,,,,,,,,,,,,,,,,SeImpersonatePrivilege,,,,,,,,,,,,,,,,,,,,,,,,,,,,,,NT VIRTUAL MACHINE,0x7d2f98,,19B5E087-0062-4BC5-8103-68A2AD7ABE3E,S-1-5-83-1-431349895-1271201890-2724725633-1052670637,,,,,,,,,,,,,,,,,,,,,,,,,,,,,
2025-08-16T23:39:51.767836Z,4634,DC01.garfield.htb,Microsoft-Windows-Security-Auditing,Security,3137,0,,,,,,,,,,,,,,,,,,,,,,,,,,,,,,,,,,,,,,,,,,,,,,,,,,,,,,,,,,,,,,,,,,,,,,,5,,,,,,,,,,,,,,,,,,,,,,,,,,,,,,,,,,,,,,,,,,,,,,,,,,,,,,,,,,,,,,,,,,,,,,,,,,,,,NT VIRTUAL MACHINE,,,,0x7d2f98,,,,,,,,19B5E087-0062-4BC5-8103-68A2AD7ABE3E,S-1-5-83-1-431349895-1271201890-2724725633-1052670637,,,,,,,,,,,,,,,
2025-08-16T23:39:51.931897Z,4648,DC01.garfield.htb,Microsoft-Windows-Security-Auditing,Security,3138,0,,,,,,,,,,,,,,,,,,,,,,,,,,,,,,,,,,,,,,,,,,,,,,,,,,,,,,,-,-,,,,,,,,,,,,00000000-0000-0000-0000-000000000000,,,,,,,,,,,,,,,,,,,,,,,,,,,,,,,,,,,,,,,,,,,,,,,0xc3c,C:\Windows\System32\vmms.exe,,,,,,,,,,,,,,,,,,,,,,,,,,,GARFIELD,0x3e7,,DC01$,S-1-5-18,NT VIRTUAL MACHINE,localhost,,00000000-0000-0000-0000-000000000000,,,,,,,localhost,,19B5E087-0062-4BC5-8103-68A2AD7ABE3E,,,,,,,,,,,,,,,,
2025-08-16T23:39:51.931943Z,4624,DC01.garfield.htb,Microsoft-Windows-Security-Auditing,Security,3139,0,,,,,,,,,,,,,,,,,Negotiate,,,,,,,,,,,,,,,,,,,,,,,,%%1842,,,,,,,,,,,,,%%1833,-,-,,,,0,,,-,,,,,00000000-0000-0000-0000-000000000000,,Advapi  ,5,,,,,,,,,,,,,,,,,,,,,,,,,,,,,,,,,,,,,,,,,,,,0xc3c,C:\Windows\System32\vmms.exe,,,,,,,,,,-,,,,,,,,,,,,,,,,,GARFIELD,0x3e7,,DC01$,S-1-5-18,NT VIRTUAL MACHINE,,0x0,,0x7d4aef,,-,-,,,,,19B5E087-0062-4BC5-8103-68A2AD7ABE3E,S-1-5-83-1-431349895-1271201890-2724725633-1052670637,,,,,-,,,,,,%%1842,,,-,
2025-08-16T23:39:51.931947Z,4672,DC01.garfield.htb,Microsoft-Windows-Security-Auditing,Security,3140,0,,,,,,,,,,,,,,,,,,,,,,,,,,,,,,,,,,,,,,,,,,,,,,,,,,,,,,,,,,,,,,,,,,,,,,,,,,,,,,,,,,,,,,,,,,,,,,,,,,,,,,,,,,,,,,,,,SeImpersonatePrivilege,,,,,,,,,,,,,,,,,,,,,,,,,,,,,,NT VIRTUAL MACHINE,0x7d4aef,,19B5E087-0062-4BC5-8103-68A2AD7ABE3E,S-1-5-83-1-431349895-1271201890-2724725633-1052670637,,,,,,,,,,,,,,,,,,,,,,,,,,,,,
2025-08-16T23:39:51.932339Z,4634,DC01.garfield.htb,Microsoft-Windows-Security-Auditing,Security,3141,0,,,,,,,,,,,,,,,,,,,,,,,,,,,,,,,,,,,,,,,,,,,,,,,,,,,,,,,,,,,,,,,,,,,,,,,5,,,,,,,,,,,,,,,,,,,,,,,,,,,,,,,,,,,,,,,,,,,,,,,,,,,,,,,,,,,,,,,,,,,,,,,,,,,,,NT VIRTUAL MACHINE,,,,0x7d4aef,,,,,,,,19B5E087-0062-4BC5-8103-68A2AD7ABE3E,S-1-5-83-1-431349895-1271201890-2724725633-1052670637,,,,,,,,,,,,,,,
2025-08-16T23:39:53.040573Z,4672,DC01.garfield.htb,Microsoft-Windows-Security-Auditing,Security,3142,0,,,,,,,,,,,,,,,,,,,,,,,,,,,,,,,,,,,,,,,,,,,,,,,,,,,,,,,,,,,,,,,,,,,,,,,,,,,,,,,,,,,,,,,,,,,,,,,,,,,,,,,,,,,,,,,,,"SeSecurityPrivilege
			SeBackupPrivilege
			SeRestorePrivilege
			SeTakeOwnershipPrivilege
			SeDebugPrivilege
			SeSystemEnvironmentPrivilege
			SeLoadDriverPrivilege
			SeImpersonatePrivilege
			SeDelegateSessionUserImpersonatePrivilege
			SeEnableDelegationPrivilege",,,,,,,,,,,,,,,,,,,,,,,,,,,,,,GARFIELD,0x7d5ead,,DC01$,S-1-5-18,,,,,,,,,,,,,,,,,,,,,,,,,,,,,
2025-08-16T23:39:53.040663Z,4624,DC01.garfield.htb,Microsoft-Windows-Security-Auditing,Security,3143,0,,,,,,,,,,,,,,,,,Kerberos,,,,,,,,,,,,,,,,,,,,,,,,%%1842,,,,,,,,,,,,,%%1833,::1,55126,,,,0,,,-,,,,,201A15EE-9398-F032-5FB0-5D8990737C30,,Kerberos,3,,,,,,,,,,,,,,,,,,,,,,,,,,,,,,,,,,,,,,,,,,,,0x0,-,,,,,,,,,,-,,,,,,,,,,,,,,,,,-,0x0,,-,S-1-0-0,GARFIELD.HTB,,0x0,,0x7d5ead,,-,-,,,,,DC01$,S-1-5-18,,,,,-,,,,,,%%1843,,,-,
2025-08-16T23:39:53.041440Z,4634,DC01.garfield.htb,Microsoft-Windows-Security-Auditing,Security,3144,0,,,,,,,,,,,,,,,,,,,,,,,,,,,,,,,,,,,,,,,,,,,,,,,,,,,,,,,,,,,,,,,,,,,,,,,3,,,,,,,,,,,,,,,,,,,,,,,,,,,,,,,,,,,,,,,,,,,,,,,,,,,,,,,,,,,,,,,,,,,,,,,,,,,,,GARFIELD,,,,0x7d5ead,,,,,,,,DC01$,S-1-5-18,,,,,,,,,,,,,,,
2025-08-16T23:40:01.685632Z,5379,DC01.garfield.htb,Microsoft-Windows-Security-Auditing,Security,3145,0,,,,,,,,,,,,,,,,,,,,,,,,,5424,,,,1,,,,,,,,,,,,,,,,,,,,,,,,,,,,,,,,,,,,,,,,,,,,,,,,,,,,,,,,,,,,,,,,,,,,,,,,,,,,,,,,,,,,,2025-08-16T23:39:58.024939Z,,,,,,,,%%8099,,,,,3221226021,,,,,,,,,,,,,,,,GARFIELD,0x5ce30,,Administrator,S-1-5-21-2502726253-3859040611-225969357-500,,,,,,Microsoft Virtual Console Service/DC01,,,,,,,,,,,,,,1,,,,,,,,,
2025-08-16T23:40:01.685793Z,5379,DC01.garfield.htb,Microsoft-Windows-Security-Auditing,Security,3146,0,,,,,,,,,,,,,,,,,,,,,,,,,5424,,,,1,,,,,,,,,,,,,,,,,,,,,,,,,,,,,,,,,,,,,,,,,,,,,,,,,,,,,,,,,,,,,,,,,,,,,,,,,,,,,,,,,,,,,2025-08-16T23:39:58.024939Z,,,,,,,,%%8099,,,,,3221226021,,,,,,,,,,,,,,,,GARFIELD,0x5ce30,,Administrator,S-1-5-21-2502726253-3859040611-225969357-500,,,,,,{28bfc32f-10f6-4738-98d1-1ac061df716a}:target=DC01,,,,,,,,,,,,,,6,,,,,,,,,
2025-08-16T23:40:01.685872Z,5379,DC01.garfield.htb,Microsoft-Windows-Security-Auditing,Security,3147,0,,,,,,,,,,,,,,,,,,,,,,,,,5424,,,,1,,,,,,,,,,,,,,,,,,,,,,,,,,,,,,,,,,,,,,,,,,,,,,,,,,,,,,,,,,,,,,,,,,,,,,,,,,,,,,,,,,,,,2025-08-16T23:39:58.024939Z,,,,,,,,%%8099,,,,,3221225485,,,,,,,,,,,,,,,,GARFIELD,0x5ce30,,Administrator,S-1-5-21-2502726253-3859040611-225969357-500,,,,,,Microsoft Virtual Console Service/DC01,,,,,,,,,,,,,,2,,,,,,,,,
2025-08-16T23:40:01.685978Z,5379,DC01.garfield.htb,Microsoft-Windows-Security-Auditing,Security,3148,0,,,,,,,,,,,,,,,,,,,,,,,,,5424,,,,1,,,,,,,,,,,,,,,,,,,,,,,,,,,,,,,,,,,,,,,,,,,,,,,,,,,,,,,,,,,,,,,,,,,,,,,,,,,,,,,,,,,,,2025-08-16T23:39:58.024939Z,,,,,,,,%%8099,,,,,3221226021,,,,,,,,,,,,,,,,GARFIELD,0x5ce30,,Administrator,S-1-5-21-2502726253-3859040611-225969357-500,,,,,,DC01,,,,,,,,,,,,,,1,,,,,,,,,
2025-08-16T23:40:01.686014Z,5379,DC01.garfield.htb,Microsoft-Windows-Security-Auditing,Security,3149,0,,,,,,,,,,,,,,,,,,,,,,,,,5424,,,,1,,,,,,,,,,,,,,,,,,,,,,,,,,,,,,,,,,,,,,,,,,,,,,,,,,,,,,,,,,,,,,,,,,,,,,,,,,,,,,,,,,,,,2025-08-16T23:39:58.024939Z,,,,,,,,%%8099,,,,,3221226021,,,,,,,,,,,,,,,,GARFIELD,0x5ce30,,Administrator,S-1-5-21-2502726253-3859040611-225969357-500,,,,,,DC01,,,,,,,,,,,,,,2,,,,,,,,,
2025-08-16T23:40:01.760099Z,5058,DC01.garfield.htb,Microsoft-Windows-Security-Auditing,Security,3150,0,,,,,,,,,UNKNOWN,,,,,,,,,,,,,,,2025-08-16T23:40:00.189092Z,4724,,,,,,,,,,,,,,,,,,,,,,,,,,,,,,,,,,C:\ProgramData\Microsoft\Crypto\RSA\MachineKeys\f37263cfc3e2b071c8833c52b3c657b4_9c32fc58-91ff-4dc6-87b4-7e601db21fd9,,88123667-01b0-4c12-a28b-188cf5dd8a4b,%%2499,,,,,,,,,,,,,,,,,,,,,,,,,,,,,,,,,,,,,,,%%2458,,,,,,,,,,,,,,,,,,Microsoft Software Key Storage Provider,,,,,,,,0x0,,,,,,,,,,,,,,,,NT VIRTUAL MACHINE,0x7c97d9,,19B5E087-0062-4BC5-8103-68A2AD7ABE3E,S-1-5-83-1-431349895-1271201890-2724725633-1052670637,,,,,,,,,,,,,,,,,,,,,,,,,,,,,
2025-08-16T23:40:01.760372Z,5061,DC01.garfield.htb,Microsoft-Windows-Security-Auditing,Security,3151,0,,,,,,,,,RSA,,,,,,,,,,,,,,,,,,,,,,,,,,,,,,,,,,,,,,,,,,,,,,,,,,,,88123667-01b0-4c12-a28b-188cf5dd8a4b,%%2499,,,,,,,,,,,,,,,,,,,,,,,,,,,,,,,,,,,,,,,%%2480,,,,,,,,,,,,,,,,,,Microsoft Software Key Storage Provider,,,,,,,,0x0,,,,,,,,,,,,,,,,NT VIRTUAL MACHINE,0x7c97d9,,19B5E087-0062-4BC5-8103-68A2AD7ABE3E,S-1-5-83-1-431349895-1271201890-2724725633-1052670637,,,,,,,,,,,,,,,,,,,,,,,,,,,,,
2025-08-16T23:40:19.781088Z,5058,DC01.garfield.htb,Microsoft-Windows-Security-Auditing,Security,3152,0,,,,,,,,,UNKNOWN,,,,,,,,,,,,,,,2025-08-16T23:40:19.472588Z,5240,,,,,,,,,,,,,,,,,,,,,,,,,,,,,,,,,,C:\ProgramData\Microsoft\Crypto\RSA\MachineKeys\522cc55f0984eba631f120c98c98cdea_9c32fc58-91ff-4dc6-87b4-7e601db21fd9,,MicrosoftRemoteAttestationService-{826461A8-D859-47DF-B893-BDDB23E0D87B},%%2499,,,,,,,,,,,,,,,,,,,,,,,,,,,,,,,,,,,,,,,%%2458,,,,,,,,,,,,,,,,,,Microsoft Software Key Storage Provider,,,,,,,,0x0,,,,,,,,,,,,,,,,GARFIELD,0x3e7,,DC01$,S-1-5-18,,,,,,,,,,,,,,,,,,,,,,,,,,,,,
2025-08-16T23:40:19.781395Z,5061,DC01.garfield.htb,Microsoft-Windows-Security-Auditing,Security,3153,0,,,,,,,,,RSA,,,,,,,,,,,,,,,,,,,,,,,,,,,,,,,,,,,,,,,,,,,,,,,,,,,,MicrosoftRemoteAttestationService-{826461A8-D859-47DF-B893-BDDB23E0D87B},%%2499,,,,,,,,,,,,,,,,,,,,,,,,,,,,,,,,,,,,,,,%%2480,,,,,,,,,,,,,,,,,,Microsoft Software Key Storage Provider,,,,,,,,0x0,,,,,,,,,,,,,,,,GARFIELD,0x3e7,,DC01$,S-1-5-18,,,,,,,,,,,,,,,,,,,,,,,,,,,,,
2025-08-16T23:40:19.782519Z,5058,DC01.garfield.htb,Microsoft-Windows-Security-Auditing,Security,3154,0,,,,,,,,,UNKNOWN,,,,,,,,,,,,,,,2025-08-16T23:40:19.472588Z,5240,,,,,,,,,,,,,,,,,,,,,,,,,,,,,,,,,,C:\ProgramData\Microsoft\Crypto\RSA\MachineKeys\522cc55f0984eba631f120c98c98cdea_9c32fc58-91ff-4dc6-87b4-7e601db21fd9,,MicrosoftRemoteAttestationService-{826461A8-D859-47DF-B893-BDDB23E0D87B},%%2499,,,,,,,,,,,,,,,,,,,,,,,,,,,,,,,,,,,,,,,%%2458,,,,,,,,,,,,,,,,,,Microsoft Software Key Storage Provider,,,,,,,,0x0,,,,,,,,,,,,,,,,GARFIELD,0x3e7,,DC01$,S-1-5-18,,,,,,,,,,,,,,,,,,,,,,,,,,,,,
2025-08-16T23:40:19.782673Z,5061,DC01.garfield.htb,Microsoft-Windows-Security-Auditing,Security,3155,0,,,,,,,,,RSA,,,,,,,,,,,,,,,,,,,,,,,,,,,,,,,,,,,,,,,,,,,,,,,,,,,,MicrosoftRemoteAttestationService-{826461A8-D859-47DF-B893-BDDB23E0D87B},%%2499,,,,,,,,,,,,,,,,,,,,,,,,,,,,,,,,,,,,,,,%%2480,,,,,,,,,,,,,,,,,,Microsoft Software Key Storage Provider,,,,,,,,0x0,,,,,,,,,,,,,,,,GARFIELD,0x3e7,,DC01$,S-1-5-18,,,,,,,,,,,,,,,,,,,,,,,,,,,,,
2025-08-16T23:40:19.793043Z,5058,DC01.garfield.htb,Microsoft-Windows-Security-Auditing,Security,3156,0,,,,,,,,,UNKNOWN,,,,,,,,,,,,,,,2025-08-16T23:40:19.472588Z,5240,,,,,,,,,,,,,,,,,,,,,,,,,,,,,,,,,,C:\ProgramData\Microsoft\Crypto\RSA\MachineKeys\522cc55f0984eba631f120c98c98cdea_9c32fc58-91ff-4dc6-87b4-7e601db21fd9,,MicrosoftRemoteAttestationService-{826461A8-D859-47DF-B893-BDDB23E0D87B},%%2499,,,,,,,,,,,,,,,,,,,,,,,,,,,,,,,,,,,,,,,%%2458,,,,,,,,,,,,,,,,,,Microsoft Software Key Storage Provider,,,,,,,,0x0,,,,,,,,,,,,,,,,GARFIELD,0x3e7,,DC01$,S-1-5-18,,,,,,,,,,,,,,,,,,,,,,,,,,,,,
2025-08-16T23:40:19.793166Z,5061,DC01.garfield.htb,Microsoft-Windows-Security-Auditing,Security,3157,0,,,,,,,,,RSA,,,,,,,,,,,,,,,,,,,,,,,,,,,,,,,,,,,,,,,,,,,,,,,,,,,,MicrosoftRemoteAttestationService-{826461A8-D859-47DF-B893-BDDB23E0D87B},%%2499,,,,,,,,,,,,,,,,,,,,,,,,,,,,,,,,,,,,,,,%%2480,,,,,,,,,,,,,,,,,,Microsoft Software Key Storage Provider,,,,,,,,0x0,,,,,,,,,,,,,,,,GARFIELD,0x3e7,,DC01$,S-1-5-18,,,,,,,,,,,,,,,,,,,,,,,,,,,,,
2025-08-16T23:40:19.793428Z,5058,DC01.garfield.htb,Microsoft-Windows-Security-Auditing,Security,3158,0,,,,,,,,,UNKNOWN,,,,,,,,,,,,,,,2025-08-16T23:40:19.472588Z,5240,,,,,,,,,,,,,,,,,,,,,,,,,,,,,,,,,,C:\ProgramData\Microsoft\Crypto\RSA\MachineKeys\522cc55f0984eba631f120c98c98cdea_9c32fc58-91ff-4dc6-87b4-7e601db21fd9,,MicrosoftRemoteAttestationService-{826461A8-D859-47DF-B893-BDDB23E0D87B},%%2499,,,,,,,,,,,,,,,,,,,,,,,,,,,,,,,,,,,,,,,%%2458,,,,,,,,,,,,,,,,,,Microsoft Software Key Storage Provider,,,,,,,,0x0,,,,,,,,,,,,,,,,GARFIELD,0x3e7,,DC01$,S-1-5-18,,,,,,,,,,,,,,,,,,,,,,,,,,,,,
2025-08-16T23:40:19.793547Z,5061,DC01.garfield.htb,Microsoft-Windows-Security-Auditing,Security,3159,0,,,,,,,,,RSA,,,,,,,,,,,,,,,,,,,,,,,,,,,,,,,,,,,,,,,,,,,,,,,,,,,,MicrosoftRemoteAttestationService-{826461A8-D859-47DF-B893-BDDB23E0D87B},%%2499,,,,,,,,,,,,,,,,,,,,,,,,,,,,,,,,,,,,,,,%%2480,,,,,,,,,,,,,,,,,,Microsoft Software Key Storage Provider,,,,,,,,0x0,,,,,,,,,,,,,,,,GARFIELD,0x3e7,,DC01$,S-1-5-18,,,,,,,,,,,,,,,,,,,,,,,,,,,,,
2025-08-16T23:40:19.793789Z,5058,DC01.garfield.htb,Microsoft-Windows-Security-Auditing,Security,3160,0,,,,,,,,,UNKNOWN,,,,,,,,,,,,,,,2025-08-16T23:40:19.472588Z,5240,,,,,,,,,,,,,,,,,,,,,,,,,,,,,,,,,,C:\ProgramData\Microsoft\Crypto\RSA\MachineKeys\522cc55f0984eba631f120c98c98cdea_9c32fc58-91ff-4dc6-87b4-7e601db21fd9,,MicrosoftRemoteAttestationService-{826461A8-D859-47DF-B893-BDDB23E0D87B},%%2499,,,,,,,,,,,,,,,,,,,,,,,,,,,,,,,,,,,,,,,%%2458,,,,,,,,,,,,,,,,,,Microsoft Software Key Storage Provider,,,,,,,,0x0,,,,,,,,,,,,,,,,GARFIELD,0x3e7,,DC01$,S-1-5-18,,,,,,,,,,,,,,,,,,,,,,,,,,,,,
2025-08-16T23:40:19.793928Z,5061,DC01.garfield.htb,Microsoft-Windows-Security-Auditing,Security,3161,0,,,,,,,,,RSA,,,,,,,,,,,,,,,,,,,,,,,,,,,,,,,,,,,,,,,,,,,,,,,,,,,,MicrosoftRemoteAttestationService-{826461A8-D859-47DF-B893-BDDB23E0D87B},%%2499,,,,,,,,,,,,,,,,,,,,,,,,,,,,,,,,,,,,,,,%%2480,,,,,,,,,,,,,,,,,,Microsoft Software Key Storage Provider,,,,,,,,0x0,,,,,,,,,,,,,,,,GARFIELD,0x3e7,,DC01$,S-1-5-18,,,,,,,,,,,,,,,,,,,,,,,,,,,,,
2025-08-16T23:40:31.622031Z,5379,DC01.garfield.htb,Microsoft-Windows-Security-Auditing,Security,3162,0,,,,,,,,,,,,,,,,,,,,,,,,,3560,,,,1,,,,,,,,,,,,,,,,,,,,,,,,,,,,,,,,,,,,,,,,,,,,,,,,,,,,,,,,,,,,,,,,,,,,,,,,,,,,,,,,,,,,,2025-08-16T23:40:28.546533Z,,,,,,,,%%8099,,,,,3221226021,,,,,,,,,,,,,,,,GARFIELD,0x5ce30,,Administrator,S-1-5-21-2502726253-3859040611-225969357-500,,,,,,Microsoft Virtual Console Service/DC01,,,,,,,,,,,,,,1,,,,,,,,,
2025-08-16T23:40:31.622253Z,5379,DC01.garfield.htb,Microsoft-Windows-Security-Auditing,Security,3163,0,,,,,,,,,,,,,,,,,,,,,,,,,3560,,,,1,,,,,,,,,,,,,,,,,,,,,,,,,,,,,,,,,,,,,,,,,,,,,,,,,,,,,,,,,,,,,,,,,,,,,,,,,,,,,,,,,,,,,2025-08-16T23:40:28.546533Z,,,,,,,,%%8099,,,,,3221226021,,,,,,,,,,,,,,,,GARFIELD,0x5ce30,,Administrator,S-1-5-21-2502726253-3859040611-225969357-500,,,,,,{28bfc32f-10f6-4738-98d1-1ac061df716a}:target=DC01,,,,,,,,,,,,,,6,,,,,,,,,
2025-08-16T23:40:31.622331Z,5379,DC01.garfield.htb,Microsoft-Windows-Security-Auditing,Security,3164,0,,,,,,,,,,,,,,,,,,,,,,,,,3560,,,,1,,,,,,,,,,,,,,,,,,,,,,,,,,,,,,,,,,,,,,,,,,,,,,,,,,,,,,,,,,,,,,,,,,,,,,,,,,,,,,,,,,,,,2025-08-16T23:40:28.546533Z,,,,,,,,%%8099,,,,,3221225485,,,,,,,,,,,,,,,,GARFIELD,0x5ce30,,Administrator,S-1-5-21-2502726253-3859040611-225969357-500,,,,,,Microsoft Virtual Console Service/DC01,,,,,,,,,,,,,,2,,,,,,,,,
2025-08-16T23:40:31.622367Z,5379,DC01.garfield.htb,Microsoft-Windows-Security-Auditing,Security,3165,0,,,,,,,,,,,,,,,,,,,,,,,,,3560,,,,1,,,,,,,,,,,,,,,,,,,,,,,,,,,,,,,,,,,,,,,,,,,,,,,,,,,,,,,,,,,,,,,,,,,,,,,,,,,,,,,,,,,,,2025-08-16T23:40:28.546533Z,,,,,,,,%%8099,,,,,3221226021,,,,,,,,,,,,,,,,GARFIELD,0x5ce30,,Administrator,S-1-5-21-2502726253-3859040611-225969357-500,,,,,,DC01,,,,,,,,,,,,,,1,,,,,,,,,
2025-08-16T23:40:31.622397Z,5379,DC01.garfield.htb,Microsoft-Windows-Security-Auditing,Security,3166,0,,,,,,,,,,,,,,,,,,,,,,,,,3560,,,,1,,,,,,,,,,,,,,,,,,,,,,,,,,,,,,,,,,,,,,,,,,,,,,,,,,,,,,,,,,,,,,,,,,,,,,,,,,,,,,,,,,,,,2025-08-16T23:40:28.546533Z,,,,,,,,%%8099,,,,,3221226021,,,,,,,,,,,,,,,,GARFIELD,0x5ce30,,Administrator,S-1-5-21-2502726253-3859040611-225969357-500,,,,,,DC01,,,,,,,,,,,,,,2,,,,,,,,,
2025-08-16T23:40:31.696659Z,5058,DC01.garfield.htb,Microsoft-Windows-Security-Auditing,Security,3167,0,,,,,,,,,UNKNOWN,,,,,,,,,,,,,,,2025-08-16T23:40:30.242709Z,5560,,,,,,,,,,,,,,,,,,,,,,,,,,,,,,,,,,C:\ProgramData\Microsoft\Crypto\RSA\MachineKeys\f37263cfc3e2b071c8833c52b3c657b4_9c32fc58-91ff-4dc6-87b4-7e601db21fd9,,88123667-01b0-4c12-a28b-188cf5dd8a4b,%%2499,,,,,,,,,,,,,,,,,,,,,,,,,,,,,,,,,,,,,,,%%2458,,,,,,,,,,,,,,,,,,Microsoft Software Key Storage Provider,,,,,,,,0x0,,,,,,,,,,,,,,,,NT VIRTUAL MACHINE,0x7c97d9,,19B5E087-0062-4BC5-8103-68A2AD7ABE3E,S-1-5-83-1-431349895-1271201890-2724725633-1052670637,,,,,,,,,,,,,,,,,,,,,,,,,,,,,
2025-08-16T23:40:31.696829Z,5061,DC01.garfield.htb,Microsoft-Windows-Security-Auditing,Security,3168,0,,,,,,,,,RSA,,,,,,,,,,,,,,,,,,,,,,,,,,,,,,,,,,,,,,,,,,,,,,,,,,,,88123667-01b0-4c12-a28b-188cf5dd8a4b,%%2499,,,,,,,,,,,,,,,,,,,,,,,,,,,,,,,,,,,,,,,%%2480,,,,,,,,,,,,,,,,,,Microsoft Software Key Storage Provider,,,,,,,,0x0,,,,,,,,,,,,,,,,NT VIRTUAL MACHINE,0x7c97d9,,19B5E087-0062-4BC5-8103-68A2AD7ABE3E,S-1-5-83-1-431349895-1271201890-2724725633-1052670637,,,,,,,,,,,,,,,,,,,,,,,,,,,,,
2025-08-16T23:40:53.054388Z,4672,DC01.garfield.htb,Microsoft-Windows-Security-Auditing,Security,3169,0,,,,,,,,,,,,,,,,,,,,,,,,,,,,,,,,,,,,,,,,,,,,,,,,,,,,,,,,,,,,,,,,,,,,,,,,,,,,,,,,,,,,,,,,,,,,,,,,,,,,,,,,,,,,,,,,,"SeSecurityPrivilege
			SeBackupPrivilege
			SeRestorePrivilege
			SeTakeOwnershipPrivilege
			SeDebugPrivilege
			SeSystemEnvironmentPrivilege
			SeLoadDriverPrivilege
			SeImpersonatePrivilege
			SeDelegateSessionUserImpersonatePrivilege
			SeEnableDelegationPrivilege",,,,,,,,,,,,,,,,,,,,,,,,,,,,,,GARFIELD,0x7f3805,,DC01$,S-1-5-18,,,,,,,,,,,,,,,,,,,,,,,,,,,,,
2025-08-16T23:40:53.054482Z,4624,DC01.garfield.htb,Microsoft-Windows-Security-Auditing,Security,3170,0,,,,,,,,,,,,,,,,,Kerberos,,,,,,,,,,,,,,,,,,,,,,,,%%1842,,,,,,,,,,,,,%%1833,::1,55131,,,,0,,,-,,,,,201A15EE-9398-F032-5FB0-5D8990737C30,,Kerberos,3,,,,,,,,,,,,,,,,,,,,,,,,,,,,,,,,,,,,,,,,,,,,0x0,-,,,,,,,,,,-,,,,,,,,,,,,,,,,,-,0x0,,-,S-1-0-0,GARFIELD.HTB,,0x0,,0x7f3805,,-,-,,,,,DC01$,S-1-5-18,,,,,-,,,,,,%%1843,,,-,
2025-08-16T23:40:53.055344Z,4634,DC01.garfield.htb,Microsoft-Windows-Security-Auditing,Security,3171,0,,,,,,,,,,,,,,,,,,,,,,,,,,,,,,,,,,,,,,,,,,,,,,,,,,,,,,,,,,,,,,,,,,,,,,,3,,,,,,,,,,,,,,,,,,,,,,,,,,,,,,,,,,,,,,,,,,,,,,,,,,,,,,,,,,,,,,,,,,,,,,,,,,,,,GARFIELD,,,,0x7f3805,,,,,,,,DC01$,S-1-5-18,,,,,,,,,,,,,,,
2025-08-16T23:41:45.440014Z,4624,DC01.garfield.htb,Microsoft-Windows-Security-Auditing,Security,3172,0,,,,,,,,,,,,,,,,,Negotiate,,,,,,,,,,,,,,,,,,,,,,,,%%1842,,,,,,,,,,,,,%%1833,-,-,,,,0,,,-,,,,,00000000-0000-0000-0000-000000000000,,Advapi  ,5,,,,,,,,,,,,,,,,,,,,,,,,,,,,,,,,,,,,,,,,,,,,0x2d0,C:\Windows\System32\services.exe,,,,,,,,,,-,,,,,,,,,,,,,,,,,GARFIELD,0x3e7,,DC01$,S-1-5-18,NT AUTHORITY,,0x0,,0x3e7,,-,-,,,,,SYSTEM,S-1-5-18,,,,,-,,,,,,%%1843,,,-,
2025-08-16T23:41:45.440021Z,4672,DC01.garfield.htb,Microsoft-Windows-Security-Auditing,Security,3173,0,,,,,,,,,,,,,,,,,,,,,,,,,,,,,,,,,,,,,,,,,,,,,,,,,,,,,,,,,,,,,,,,,,,,,,,,,,,,,,,,,,,,,,,,,,,,,,,,,,,,,,,,,,,,,,,,,"SeAssignPrimaryTokenPrivilege
			SeTcbPrivilege
			SeSecurityPrivilege
			SeTakeOwnershipPrivilege
			SeLoadDriverPrivilege
			SeBackupPrivilege
			SeRestorePrivilege
			SeDebugPrivilege
			SeAuditPrivilege
			SeSystemEnvironmentPrivilege
			SeImpersonatePrivilege
			SeDelegateSessionUserImpersonatePrivilege",,,,,,,,,,,,,,,,,,,,,,,,,,,,,,NT AUTHORITY,0x3e7,,SYSTEM,S-1-5-18,,,,,,,,,,,,,,,,,,,,,,,,,,,,,
2025-08-16T23:41:50.992632Z,4624,DC01.garfield.htb,Microsoft-Windows-Security-Auditing,Security,3174,0,,,,,,,,,,,,,,,,,Negotiate,,,,,,,,,,,,,,,,,,,,,,,,%%1842,,,,,,,,,,,,,%%1833,-,-,,,,0,,,-,,,,,00000000-0000-0000-0000-000000000000,,Advapi  ,5,,,,,,,,,,,,,,,,,,,,,,,,,,,,,,,,,,,,,,,,,,,,0x2d0,C:\Windows\System32\services.exe,,,,,,,,,,-,,,,,,,,,,,,,,,,,GARFIELD,0x3e7,,DC01$,S-1-5-18,NT AUTHORITY,,0x0,,0x3e7,,-,-,,,,,SYSTEM,S-1-5-18,,,,,-,,,,,,%%1843,,,-,
2025-08-16T23:41:50.992638Z,4672,DC01.garfield.htb,Microsoft-Windows-Security-Auditing,Security,3175,0,,,,,,,,,,,,,,,,,,,,,,,,,,,,,,,,,,,,,,,,,,,,,,,,,,,,,,,,,,,,,,,,,,,,,,,,,,,,,,,,,,,,,,,,,,,,,,,,,,,,,,,,,,,,,,,,,"SeAssignPrimaryTokenPrivilege
			SeTcbPrivilege
			SeSecurityPrivilege
			SeTakeOwnershipPrivilege
			SeLoadDriverPrivilege
			SeBackupPrivilege
			SeRestorePrivilege
			SeDebugPrivilege
			SeAuditPrivilege
			SeSystemEnvironmentPrivilege
			SeImpersonatePrivilege
			SeDelegateSessionUserImpersonatePrivilege",,,,,,,,,,,,,,,,,,,,,,,,,,,,,,NT AUTHORITY,0x3e7,,SYSTEM,S-1-5-18,,,,,,,,,,,,,,,,,,,,,,,,,,,,,
2025-08-16T23:41:53.061782Z,4672,DC01.garfield.htb,Microsoft-Windows-Security-Auditing,Security,3176,0,,,,,,,,,,,,,,,,,,,,,,,,,,,,,,,,,,,,,,,,,,,,,,,,,,,,,,,,,,,,,,,,,,,,,,,,,,,,,,,,,,,,,,,,,,,,,,,,,,,,,,,,,,,,,,,,,"SeSecurityPrivilege
			SeBackupPrivilege
			SeRestorePrivilege
			SeTakeOwnershipPrivilege
			SeDebugPrivilege
			SeSystemEnvironmentPrivilege
			SeLoadDriverPrivilege
			SeImpersonatePrivilege
			SeDelegateSessionUserImpersonatePrivilege
			SeEnableDelegationPrivilege",,,,,,,,,,,,,,,,,,,,,,,,,,,,,,GARFIELD,0x7feb4c,,DC01$,S-1-5-18,,,,,,,,,,,,,,,,,,,,,,,,,,,,,
2025-08-16T23:41:53.061858Z,4624,DC01.garfield.htb,Microsoft-Windows-Security-Auditing,Security,3177,0,,,,,,,,,,,,,,,,,Kerberos,,,,,,,,,,,,,,,,,,,,,,,,%%1842,,,,,,,,,,,,,%%1833,::1,55132,,,,0,,,-,,,,,201A15EE-9398-F032-5FB0-5D8990737C30,,Kerberos,3,,,,,,,,,,,,,,,,,,,,,,,,,,,,,,,,,,,,,,,,,,,,0x0,-,,,,,,,,,,-,,,,,,,,,,,,,,,,,-,0x0,,-,S-1-0-0,GARFIELD.HTB,,0x0,,0x7feb4c,,-,-,,,,,DC01$,S-1-5-18,,,,,-,,,,,,%%1843,,,-,
2025-08-16T23:41:53.062574Z,4634,DC01.garfield.htb,Microsoft-Windows-Security-Auditing,Security,3178,0,,,,,,,,,,,,,,,,,,,,,,,,,,,,,,,,,,,,,,,,,,,,,,,,,,,,,,,,,,,,,,,,,,,,,,,3,,,,,,,,,,,,,,,,,,,,,,,,,,,,,,,,,,,,,,,,,,,,,,,,,,,,,,,,,,,,,,,,,,,,,,,,,,,,,GARFIELD,,,,0x7feb4c,,,,,,,,DC01$,S-1-5-18,,,,,,,,,,,,,,,
2025-08-16T23:42:03.365905Z,4672,DC01.garfield.htb,Microsoft-Windows-Security-Auditing,Security,3179,0,,,,,,,,,,,,,,,,,,,,,,,,,,,,,,,,,,,,,,,,,,,,,,,,,,,,,,,,,,,,,,,,,,,,,,,,,,,,,,,,,,,,,,,,,,,,,,,,,,,,,,,,,,,,,,,,,"SeSecurityPrivilege
			SeBackupPrivilege
			SeRestorePrivilege
			SeTakeOwnershipPrivilege
			SeDebugPrivilege
			SeSystemEnvironmentPrivilege
			SeLoadDriverPrivilege
			SeImpersonatePrivilege
			SeDelegateSessionUserImpersonatePrivilege
			SeEnableDelegationPrivilege",,,,,,,,,,,,,,,,,,,,,,,,,,,,,,GARFIELD,0x805f7e,,DC01$,S-1-5-18,,,,,,,,,,,,,,,,,,,,,,,,,,,,,
