2025-08-17T11:33:32.011433Z,4672,DC01.garfield.htb,Microsoft-Windows-Security-Auditing,Security,4051,0,,,,,,,,,,,,,,,,,,,,,,,,,,,,,,,,,,,,,,,,,,,,,,,,,,,,,,,,,,,,,,,,,,,,,,,,,,,,,,,,,,,,,,,,,,,,,,,,,,,,,,,,,,,,,,,,,"SeSecurityPrivilege
			SeBackupPrivilege
			SeRestorePrivilege
			SeTakeOwnershipPrivilege
			SeDebugPrivilege
			SeSystemEnvironmentPrivilege
			SeLoadDriverPrivilege
			SeImpersonatePrivilege
			SeDelegateSessionUserImpersonatePrivilege
			SeEnableDelegationPrivilege",,,,,,,,,,,,,,,,,,,,,,,,,,,,,,GARFIELD,0x4d0bee,,Administrator,S-1-5-21-2502726253-3859040611-225969357-500,,,,,,,,,,,,,,,,,,,,,,,,,,,,,
2025-08-17T11:33:32.011477Z,4624,DC01.garfield.htb,Microsoft-Windows-Security-Auditing,Security,4052,0,,,,,,,,,,,,,,,,,NTLM,,,,,,,,,,,,,,,,,,,,,,,,%%1842,,,,,,,,,,,,,%%1833,10.10.11.221,49874,,,,128,,,NTLM V2,,,,,00000000-0000-0000-0000-000000000000,,NtLmSsp ,3,,,,,,,,,,,,,,,,,,,,,,,,,,,,,,,,,,,,,,,,,,,,0x0,-,,,,,,,,,,-,,,,,,,,,,,,,,,,,-,0x0,,-,S-1-0-0,GARFIELD,,0x0,,0x4d0bee,,-,-,,,,,Administrator,S-1-5-21-2502726253-3859040611-225969357-500,,,,,-,,,,,,%%1843,,,RODC01,
2025-08-17T11:33:32.012045Z,4634,DC01.garfield.htb,Microsoft-Windows-Security-Auditing,Security,4053,0,,,,,,,,,,,,,,,,,,,,,,,,,,,,,,,,,,,,,,,,,,,,,,,,,,,,,,,,,,,,,,,,,,,,,,,3,,,,,,,,,,,,,,,,,,,,,,,,,,,,,,,,,,,,,,,,,,,,,,,,,,,,,,,,,,,,,,,,,,,,,,,,,,,,,GARFIELD,,,,0x4d0b9d,,,,,,,,Administrator,S-1-5-21-2502726253-3859040611-225969357-500,,,,,,,,,,,,,,,
2025-08-17T11:33:32.012192Z,4634,DC01.garfield.htb,Microsoft-Windows-Security-Auditing,Security,4054,0,,,,,,,,,,,,,,,,,,,,,,,,,,,,,,,,,,,,,,,,,,,,,,,,,,,,,,,,,,,,,,,,,,,,,,,3,,,,,,,,,,,,,,,,,,,,,,,,,,,,,,,,,,,,,,,,,,,,,,,,,,,,,,,,,,,,,,,,,,,,,,,,,,,,,GARFIELD,,,,0x4d0b7e,,,,,,,,Administrator,S-1-5-21-2502726253-3859040611-225969357-500,,,,,,,,,,,,,,,
2025-08-17T11:33:32.012431Z,4634,DC01.garfield.htb,Microsoft-Windows-Security-Auditing,Security,4055,0,,,,,,,,,,,,,,,,,,,,,,,,,,,,,,,,,,,,,,,,,,,,,,,,,,,,,,,,,,,,,,,,,,,,,,,3,,,,,,,,,,,,,,,,,,,,,,,,,,,,,,,,,,,,,,,,,,,,,,,,,,,,,,,,,,,,,,,,,,,,,,,,,,,,,GARFIELD,,,,0x4d0ba8,,,,,,,,Administrator,S-1-5-21-2502726253-3859040611-225969357-500,,,,,,,,,,,,,,,
2025-08-17T11:33:32.012528Z,4634,DC01.garfield.htb,Microsoft-Windows-Security-Auditing,Security,4056,0,,,,,,,,,,,,,,,,,,,,,,,,,,,,,,,,,,,,,,,,,,,,,,,,,,,,,,,,,,,,,,,,,,,,,,,3,,,,,,,,,,,,,,,,,,,,,,,,,,,,,,,,,,,,,,,,,,,,,,,,,,,,,,,,,,,,,,,,,,,,,,,,,,,,,GARFIELD,,,,0x4d0bb7,,,,,,,,Administrator,S-1-5-21-2502726253-3859040611-225969357-500,,,,,,,,,,,,,,,
2025-08-17T11:33:32.013701Z,4634,DC01.garfield.htb,Microsoft-Windows-Security-Auditing,Security,4057,0,,,,,,,,,,,,,,,,,,,,,,,,,,,,,,,,,,,,,,,,,,,,,,,,,,,,,,,,,,,,,,,,,,,,,,,3,,,,,,,,,,,,,,,,,,,,,,,,,,,,,,,,,,,,,,,,,,,,,,,,,,,,,,,,,,,,,,,,,,,,,,,,,,,,,GARFIELD,,,,0x4d0bee,,,,,,,,Administrator,S-1-5-21-2502726253-3859040611-225969357-500,,,,,,,,,,,,,,,
2025-08-17T11:33:32.513886Z,4776,DC01.garfield.htb,Microsoft-Windows-Security-Auditing,Security,4058,0,,,,,,,,,,,,,,,,,,,,,,,,,,,,,,,,,,,,,,,,,,,,,,,,,,,,,,,,,,,,,,,,,,,,,,,,,,,,,,,,,,,,,,,,,,,,,,,,,,,,,,,,MICROSOFT_AUTHENTICATION_PACKAGE_V1_0,,,,,,,,,,,,,,,,,,,,,,,,,,,,,,,,,,0x0,,,,,,,,,,,,,,,,,,,,,,administrator,,,,,,,,,,,,,,RODC01,,
2025-08-17T11:33:32.514068Z,4672,DC01.garfield.htb,Microsoft-Windows-Security-Auditing,Security,4059,0,,,,,,,,,,,,,,,,,,,,,,,,,,,,,,,,,,,,,,,,,,,,,,,,,,,,,,,,,,,,,,,,,,,,,,,,,,,,,,,,,,,,,,,,,,,,,,,,,,,,,,,,,,,,,,,,,"SeSecurityPrivilege
			SeBackupPrivilege
			SeRestorePrivilege
			SeTakeOwnershipPrivilege
			SeDebugPrivilege
			SeSystemEnvironmentPrivilege
			SeLoadDriverPrivilege
			SeImpersonatePrivilege
			SeDelegateSessionUserImpersonatePrivilege
			SeEnableDelegationPrivilege",,,,,,,,,,,,,,,,,,,,,,,,,,,,,,GARFIELD,0x4d0c8d,,Administrator,S-1-5-21-2502726253-3859040611-225969357-500,,,,,,,,,,,,,,,,,,,,,,,,,,,,,
2025-08-17T11:33:32.514106Z,4624,DC01.garfield.htb,Microsoft-Windows-Security-Auditing,Security,4060,0,,,,,,,,,,,,,,,,,NTLM,,,,,,,,,,,,,,,,,,,,,,,,%%1842,,,,,,,,,,,,,%%1833,10.10.11.221,49775,,,,128,,,NTLM V2,,,,,00000000-0000-0000-0000-000000000000,,NtLmSsp ,3,,,,,,,,,,,,,,,,,,,,,,,,,,,,,,,,,,,,,,,,,,,,0x0,-,,,,,,,,,,-,,,,,,,,,,,,,,,,,-,0x0,,-,S-1-0-0,GARFIELD,,0x0,,0x4d0c8d,,-,-,,,,,Administrator,S-1-5-21-2502726253-3859040611-225969357-500,,,,,-,,,,,,%%1843,,,RODC01,
2025-08-17T11:33:32.532723Z,4634,DC01.garfield.htb,Microsoft-Windows-Security-Auditing,Security,4061,0,,,,,,,,,,,,,,,,,,,,,,,,,,,,,,,,,,,,,,,,,,,,,,,,,,,,,,,,,,,,,,,,,,,,,,,3,,,,,,,,,,,,,,,,,,,,,,,,,,,,,,,,,,,,,,,,,,,,,,,,,,,,,,,,,,,,,,,,,,,,,,,,,,,,,GARFIELD,,,,0x4d0c8d,,,,,,,,Administrator,S-1-5-21-2502726253-3859040611-225969357-500,,,,,,,,,,,,,,,
2025-08-17T11:33:34.373988Z,4776,DC01.garfield.htb,Microsoft-Windows-Security-Auditing,Security,4062,0,,,,,,,,,,,,,,,,,,,,,,,,,,,,,,,,,,,,,,,,,,,,,,,,,,,,,,,,,,,,,,,,,,,,,,,,,,,,,,,,,,,,,,,,,,,,,,,,,,,,,,,,MICROSOFT_AUTHENTICATION_PACKAGE_V1_0,,,,,,,,,,,,,,,,,,,,,,,,,,,,,,,,,,0x0,,,,,,,,,,,,,,,,,,,,,,administrator,,,,,,,,,,,,,,RODC01,,
2025-08-17T11:33:34.374162Z,4672,DC01.garfield.htb,Microsoft-Windows-Security-Auditing,Security,4063,0,,,,,,,,,,,,,,,,,,,,,,,,,,,,,,,,,,,,,,,,,,,,,,,,,,,,,,,,,,,,,,,,,,,,,,,,,,,,,,,,,,,,,,,,,,,,,,,,,,,,,,,,,,,,,,,,,"SeSecurityPrivilege
			SeBackupPrivilege
			SeRestorePrivilege
			SeTakeOwnershipPrivilege
			SeDebugPrivilege
			SeSystemEnvironmentPrivilege
			SeLoadDriverPrivilege
			SeImpersonatePrivilege
			SeDelegateSessionUserImpersonatePrivilege
			SeEnableDelegationPrivilege",,,,,,,,,,,,,,,,,,,,,,,,,,,,,,GARFIELD,0x4d1057,,Administrator,S-1-5-21-2502726253-3859040611-225969357-500,,,,,,,,,,,,,,,,,,,,,,,,,,,,,
2025-08-17T11:33:34.374196Z,4624,DC01.garfield.htb,Microsoft-Windows-Security-Auditing,Security,4064,0,,,,,,,,,,,,,,,,,NTLM,,,,,,,,,,,,,,,,,,,,,,,,%%1842,,,,,,,,,,,,,%%1833,10.10.11.221,49776,,,,128,,,NTLM V2,,,,,00000000-0000-0000-0000-000000000000,,NtLmSsp ,3,,,,,,,,,,,,,,,,,,,,,,,,,,,,,,,,,,,,,,,,,,,,0x0,-,,,,,,,,,,-,,,,,,,,,,,,,,,,,-,0x0,,-,S-1-0-0,GARFIELD,,0x0,,0x4d1057,,-,-,,,,,Administrator,S-1-5-21-2502726253-3859040611-225969357-500,,,,,-,,,,,,%%1843,,,RODC01,
2025-08-17T11:33:34.383483Z,4634,DC01.garfield.htb,Microsoft-Windows-Security-Auditing,Security,4065,0,,,,,,,,,,,,,,,,,,,,,,,,,,,,,,,,,,,,,,,,,,,,,,,,,,,,,,,,,,,,,,,,,,,,,,,3,,,,,,,,,,,,,,,,,,,,,,,,,,,,,,,,,,,,,,,,,,,,,,,,,,,,,,,,,,,,,,,,,,,,,,,,,,,,,GARFIELD,,,,0x4d1057,,,,,,,,Administrator,S-1-5-21-2502726253-3859040611-225969357-500,,,,,,,,,,,,,,,
2025-08-17T11:33:34.384622Z,4776,DC01.garfield.htb,Microsoft-Windows-Security-Auditing,Security,4066,0,,,,,,,,,,,,,,,,,,,,,,,,,,,,,,,,,,,,,,,,,,,,,,,,,,,,,,,,,,,,,,,,,,,,,,,,,,,,,,,,,,,,,,,,,,,,,,,,,,,,,,,,MICROSOFT_AUTHENTICATION_PACKAGE_V1_0,,,,,,,,,,,,,,,,,,,,,,,,,,,,,,,,,,0x0,,,,,,,,,,,,,,,,,,,,,,administrator,,,,,,,,,,,,,,RODC01,,
2025-08-17T11:33:34.384803Z,4672,DC01.garfield.htb,Microsoft-Windows-Security-Auditing,Security,4067,0,,,,,,,,,,,,,,,,,,,,,,,,,,,,,,,,,,,,,,,,,,,,,,,,,,,,,,,,,,,,,,,,,,,,,,,,,,,,,,,,,,,,,,,,,,,,,,,,,,,,,,,,,,,,,,,,,"SeSecurityPrivilege
			SeBackupPrivilege
			SeRestorePrivilege
			SeTakeOwnershipPrivilege
			SeDebugPrivilege
			SeSystemEnvironmentPrivilege
			SeLoadDriverPrivilege
			SeImpersonatePrivilege
			SeDelegateSessionUserImpersonatePrivilege
			SeEnableDelegationPrivilege",,,,,,,,,,,,,,,,,,,,,,,,,,,,,,GARFIELD,0x4d106e,,Administrator,S-1-5-21-2502726253-3859040611-225969357-500,,,,,,,,,,,,,,,,,,,,,,,,,,,,,
2025-08-17T11:33:34.384835Z,4624,DC01.garfield.htb,Microsoft-Windows-Security-Auditing,Security,4068,0,,,,,,,,,,,,,,,,,NTLM,,,,,,,,,,,,,,,,,,,,,,,,%%1842,,,,,,,,,,,,,%%1833,10.10.11.221,49777,,,,128,,,NTLM V2,,,,,00000000-0000-0000-0000-000000000000,,NtLmSsp ,3,,,,,,,,,,,,,,,,,,,,,,,,,,,,,,,,,,,,,,,,,,,,0x0,-,,,,,,,,,,-,,,,,,,,,,,,,,,,,-,0x0,,-,S-1-0-0,GARFIELD,,0x0,,0x4d106e,,-,-,,,,,Administrator,S-1-5-21-2502726253-3859040611-225969357-500,,,,,-,,,,,,%%1843,,,RODC01,
2025-08-17T11:33:34.386492Z,4634,DC01.garfield.htb,Microsoft-Windows-Security-Auditing,Security,4069,0,,,,,,,,,,,,,,,,,,,,,,,,,,,,,,,,,,,,,,,,,,,,,,,,,,,,,,,,,,,,,,,,,,,,,,,3,,,,,,,,,,,,,,,,,,,,,,,,,,,,,,,,,,,,,,,,,,,,,,,,,,,,,,,,,,,,,,,,,,,,,,,,,,,,,GARFIELD,,,,0x4d106e,,,,,,,,Administrator,S-1-5-21-2502726253-3859040611-225969357-500,,,,,,,,,,,,,,,
2025-08-17T11:33:34.388542Z,4776,DC01.garfield.htb,Microsoft-Windows-Security-Auditing,Security,4070,0,,,,,,,,,,,,,,,,,,,,,,,,,,,,,,,,,,,,,,,,,,,,,,,,,,,,,,,,,,,,,,,,,,,,,,,,,,,,,,,,,,,,,,,,,,,,,,,,,,,,,,,,MICROSOFT_AUTHENTICATION_PACKAGE_V1_0,,,,,,,,,,,,,,,,,,,,,,,,,,,,,,,,,,0x0,,,,,,,,,,,,,,,,,,,,,,administrator,,,,,,,,,,,,,,RODC01,,
2025-08-17T11:33:34.388681Z,4672,DC01.garfield.htb,Microsoft-Windows-Security-Auditing,Security,4071,0,,,,,,,,,,,,,,,,,,,,,,,,,,,,,,,,,,,,,,,,,,,,,,,,,,,,,,,,,,,,,,,,,,,,,,,,,,,,,,,,,,,,,,,,,,,,,,,,,,,,,,,,,,,,,,,,,"SeSecurityPrivilege
			SeBackupPrivilege
			SeRestorePrivilege
			SeTakeOwnershipPrivilege
			SeDebugPrivilege
			SeSystemEnvironmentPrivilege
			SeLoadDriverPrivilege
			SeImpersonatePrivilege
			SeDelegateSessionUserImpersonatePrivilege
			SeEnableDelegationPrivilege",,,,,,,,,,,,,,,,,,,,,,,,,,,,,,GARFIELD,0x4d108c,,Administrator,S-1-5-21-2502726253-3859040611-225969357-500,,,,,,,,,,,,,,,,,,,,,,,,,,,,,
2025-08-17T11:33:34.388710Z,4624,DC01.garfield.htb,Microsoft-Windows-Security-Auditing,Security,4072,0,,,,,,,,,,,,,,,,,NTLM,,,,,,,,,,,,,,,,,,,,,,,,%%1842,,,,,,,,,,,,,%%1833,10.10.11.221,49779,,,,128,,,NTLM V2,,,,,00000000-0000-0000-0000-000000000000,,NtLmSsp ,3,,,,,,,,,,,,,,,,,,,,,,,,,,,,,,,,,,,,,,,,,,,,0x0,-,,,,,,,,,,-,,,,,,,,,,,,,,,,,-,0x0,,-,S-1-0-0,GARFIELD,,0x0,,0x4d108c,,-,-,,,,,Administrator,S-1-5-21-2502726253-3859040611-225969357-500,,,,,-,,,,,,%%1843,,,RODC01,
2025-08-17T11:33:34.389153Z,4662,DC01.garfield.htb,Microsoft-Windows-Security-Auditing,Security,4073,0,,"%%7688
				",0x100,,,-,,,,,,,,,,,,,,,,,,,,,,,,,,,,,,,,,,,,,,,,,0x0,,,,,,,,,,,,,,,,,,,,,,,,,,,,,,,,,,,,,,,,,,,,,%{bcc7093d-cd1a-42dc-a248-8401d5782b41},,DS,%{19195a5b-6da0-11d0-afd3-00c04fd930c9},,,,,,,Object Access,,,,,,,,,,,,,,,,"%%7688
		{1131f6ac-9c07-11d1-f79f-00c04fc2dcd2}
	{19195a5b-6da0-11d0-afd3-00c04fd930c9}
",,,,,,,,,,,,,,,,,,,,,,,,,GARFIELD,0x4d108c,,Administrator,S-1-5-21-2502726253-3859040611-225969357-500,,,,,,,,,,,,,,,,,,,,,,,,,,,,,
2025-08-17T11:33:34.389393Z,4662,DC01.garfield.htb,Microsoft-Windows-Security-Auditing,Security,4074,0,,"%%7688
				",0x100,,,-,,,,,,,,,,,,,,,,,,,,,,,,,,,,,,,,,,,,,,,,,0x0,,,,,,,,,,,,,,,,,,,,,,,,,,,,,,,,,,,,,,,,,,,,,%{bcc7093d-cd1a-42dc-a248-8401d5782b41},,DS,%{19195a5b-6da0-11d0-afd3-00c04fd930c9},,,,,,,Object Access,,,,,,,,,,,,,,,,"%%7688
		{1131f6ac-9c07-11d1-f79f-00c04fc2dcd2}
	{19195a5b-6da0-11d0-afd3-00c04fd930c9}
",,,,,,,,,,,,,,,,,,,,,,,,,GARFIELD,0x4d108c,,Administrator,S-1-5-21-2502726253-3859040611-225969357-500,,,,,,,,,,,,,,,,,,,,,,,,,,,,,
2025-08-17T11:33:34.391567Z,4776,DC01.garfield.htb,Microsoft-Windows-Security-Auditing,Security,4075,0,,,,,,,,,,,,,,,,,,,,,,,,,,,,,,,,,,,,,,,,,,,,,,,,,,,,,,,,,,,,,,,,,,,,,,,,,,,,,,,,,,,,,,,,,,,,,,,,,,,,,,,,MICROSOFT_AUTHENTICATION_PACKAGE_V1_0,,,,,,,,,,,,,,,,,,,,,,,,,,,,,,,,,,0x0,,,,,,,,,,,,,,,,,,,,,,administrator,,,,,,,,,,,,,,RODC01,,
2025-08-17T11:33:34.391699Z,4672,DC01.garfield.htb,Microsoft-Windows-Security-Auditing,Security,4076,0,,,,,,,,,,,,,,,,,,,,,,,,,,,,,,,,,,,,,,,,,,,,,,,,,,,,,,,,,,,,,,,,,,,,,,,,,,,,,,,,,,,,,,,,,,,,,,,,,,,,,,,,,,,,,,,,,"SeSecurityPrivilege
			SeBackupPrivilege
			SeRestorePrivilege
			SeTakeOwnershipPrivilege
			SeDebugPrivilege
			SeSystemEnvironmentPrivilege
			SeLoadDriverPrivilege
			SeImpersonatePrivilege
			SeDelegateSessionUserImpersonatePrivilege
			SeEnableDelegationPrivilege",,,,,,,,,,,,,,,,,,,,,,,,,,,,,,GARFIELD,0x4d10a1,,Administrator,S-1-5-21-2502726253-3859040611-225969357-500,,,,,,,,,,,,,,,,,,,,,,,,,,,,,
2025-08-17T11:33:34.391729Z,4624,DC01.garfield.htb,Microsoft-Windows-Security-Auditing,Security,4077,0,,,,,,,,,,,,,,,,,NTLM,,,,,,,,,,,,,,,,,,,,,,,,%%1842,,,,,,,,,,,,,%%1833,10.10.11.221,49780,,,,128,,,NTLM V2,,,,,00000000-0000-0000-0000-000000000000,,NtLmSsp ,3,,,,,,,,,,,,,,,,,,,,,,,,,,,,,,,,,,,,,,,,,,,,0x0,-,,,,,,,,,,-,,,,,,,,,,,,,,,,,-,0x0,,-,S-1-0-0,GARFIELD,,0x0,,0x4d10a1,,-,-,,,,,Administrator,S-1-5-21-2502726253-3859040611-225969357-500,,,,,-,,,,,,%%1843,,,RODC01,
2025-08-17T11:33:34.395131Z,4634,DC01.garfield.htb,Microsoft-Windows-Security-Auditing,Security,4078,0,,,,,,,,,,,,,,,,,,,,,,,,,,,,,,,,,,,,,,,,,,,,,,,,,,,,,,,,,,,,,,,,,,,,,,,3,,,,,,,,,,,,,,,,,,,,,,,,,,,,,,,,,,,,,,,,,,,,,,,,,,,,,,,,,,,,,,,,,,,,,,,,,,,,,GARFIELD,,,,0x4d10a1,,,,,,,,Administrator,S-1-5-21-2502726253-3859040611-225969357-500,,,,,,,,,,,,,,,
2025-08-17T11:33:34.397030Z,4776,DC01.garfield.htb,Microsoft-Windows-Security-Auditing,Security,4079,0,,,,,,,,,,,,,,,,,,,,,,,,,,,,,,,,,,,,,,,,,,,,,,,,,,,,,,,,,,,,,,,,,,,,,,,,,,,,,,,,,,,,,,,,,,,,,,,,,,,,,,,,MICROSOFT_AUTHENTICATION_PACKAGE_V1_0,,,,,,,,,,,,,,,,,,,,,,,,,,,,,,,,,,0x0,,,,,,,,,,,,,,,,,,,,,,administrator,,,,,,,,,,,,,,RODC01,,
2025-08-17T11:33:34.397215Z,4672,DC01.garfield.htb,Microsoft-Windows-Security-Auditing,Security,4080,0,,,,,,,,,,,,,,,,,,,,,,,,,,,,,,,,,,,,,,,,,,,,,,,,,,,,,,,,,,,,,,,,,,,,,,,,,,,,,,,,,,,,,,,,,,,,,,,,,,,,,,,,,,,,,,,,,"SeSecurityPrivilege
			SeBackupPrivilege
			SeRestorePrivilege
			SeTakeOwnershipPrivilege
			SeDebugPrivilege
			SeSystemEnvironmentPrivilege
			SeLoadDriverPrivilege
			SeImpersonatePrivilege
			SeDelegateSessionUserImpersonatePrivilege
			SeEnableDelegationPrivilege",,,,,,,,,,,,,,,,,,,,,,,,,,,,,,GARFIELD,0x4d10b8,,Administrator,S-1-5-21-2502726253-3859040611-225969357-500,,,,,,,,,,,,,,,,,,,,,,,,,,,,,
2025-08-17T11:33:34.397244Z,4624,DC01.garfield.htb,Microsoft-Windows-Security-Auditing,Security,4081,0,,,,,,,,,,,,,,,,,NTLM,,,,,,,,,,,,,,,,,,,,,,,,%%1842,,,,,,,,,,,,,%%1833,10.10.11.221,49781,,,,128,,,NTLM V2,,,,,00000000-0000-0000-0000-000000000000,,NtLmSsp ,3,,,,,,,,,,,,,,,,,,,,,,,,,,,,,,,,,,,,,,,,,,,,0x0,-,,,,,,,,,,-,,,,,,,,,,,,,,,,,-,0x0,,-,S-1-0-0,GARFIELD,,0x0,,0x4d10b8,,-,-,,,,,Administrator,S-1-5-21-2502726253-3859040611-225969357-500,,,,,-,,,,,,%%1843,,,RODC01,
2025-08-17T11:33:34.400047Z,4634,DC01.garfield.htb,Microsoft-Windows-Security-Auditing,Security,4082,0,,,,,,,,,,,,,,,,,,,,,,,,,,,,,,,,,,,,,,,,,,,,,,,,,,,,,,,,,,,,,,,,,,,,,,,3,,,,,,,,,,,,,,,,,,,,,,,,,,,,,,,,,,,,,,,,,,,,,,,,,,,,,,,,,,,,,,,,,,,,,,,,,,,,,GARFIELD,,,,0x4d10b8,,,,,,,,Administrator,S-1-5-21-2502726253-3859040611-225969357-500,,,,,,,,,,,,,,,
2025-08-17T11:33:34.487113Z,4776,DC01.garfield.htb,Microsoft-Windows-Security-Auditing,Security,4083,0,,,,,,,,,,,,,,,,,,,,,,,,,,,,,,,,,,,,,,,,,,,,,,,,,,,,,,,,,,,,,,,,,,,,,,,,,,,,,,,,,,,,,,,,,,,,,,,,,,,,,,,,MICROSOFT_AUTHENTICATION_PACKAGE_V1_0,,,,,,,,,,,,,,,,,,,,,,,,,,,,,,,,,,0x0,,,,,,,,,,,,,,,,,,,,,,administrator,,,,,,,,,,,,,,RODC01,,
2025-08-17T11:33:34.487262Z,4672,DC01.garfield.htb,Microsoft-Windows-Security-Auditing,Security,4084,0,,,,,,,,,,,,,,,,,,,,,,,,,,,,,,,,,,,,,,,,,,,,,,,,,,,,,,,,,,,,,,,,,,,,,,,,,,,,,,,,,,,,,,,,,,,,,,,,,,,,,,,,,,,,,,,,,"SeSecurityPrivilege
			SeBackupPrivilege
			SeRestorePrivilege
			SeTakeOwnershipPrivilege
			SeDebugPrivilege
			SeSystemEnvironmentPrivilege
			SeLoadDriverPrivilege
			SeImpersonatePrivilege
			SeDelegateSessionUserImpersonatePrivilege
			SeEnableDelegationPrivilege",,,,,,,,,,,,,,,,,,,,,,,,,,,,,,GARFIELD,0x4d116f,,Administrator,S-1-5-21-2502726253-3859040611-225969357-500,,,,,,,,,,,,,,,,,,,,,,,,,,,,,
2025-08-17T11:33:34.487292Z,4624,DC01.garfield.htb,Microsoft-Windows-Security-Auditing,Security,4085,0,,,,,,,,,,,,,,,,,NTLM,,,,,,,,,,,,,,,,,,,,,,,,%%1842,,,,,,,,,,,,,%%1833,10.10.11.221,49782,,,,128,,,NTLM V2,,,,,00000000-0000-0000-0000-000000000000,,NtLmSsp ,3,,,,,,,,,,,,,,,,,,,,,,,,,,,,,,,,,,,,,,,,,,,,0x0,-,,,,,,,,,,-,,,,,,,,,,,,,,,,,-,0x0,,-,S-1-0-0,GARFIELD,,0x0,,0x4d116f,,-,-,,,,,Administrator,S-1-5-21-2502726253-3859040611-225969357-500,,,,,-,,,,,,%%1843,,,RODC01,
2025-08-17T11:33:34.491186Z,4634,DC01.garfield.htb,Microsoft-Windows-Security-Auditing,Security,4086,0,,,,,,,,,,,,,,,,,,,,,,,,,,,,,,,,,,,,,,,,,,,,,,,,,,,,,,,,,,,,,,,,,,,,,,,3,,,,,,,,,,,,,,,,,,,,,,,,,,,,,,,,,,,,,,,,,,,,,,,,,,,,,,,,,,,,,,,,,,,,,,,,,,,,,GARFIELD,,,,0x4d116f,,,,,,,,Administrator,S-1-5-21-2502726253-3859040611-225969357-500,,,,,,,,,,,,,,,
2025-08-17T11:33:34.498422Z,4776,DC01.garfield.htb,Microsoft-Windows-Security-Auditing,Security,4087,0,,,,,,,,,,,,,,,,,,,,,,,,,,,,,,,,,,,,,,,,,,,,,,,,,,,,,,,,,,,,,,,,,,,,,,,,,,,,,,,,,,,,,,,,,,,,,,,,,,,,,,,,MICROSOFT_AUTHENTICATION_PACKAGE_V1_0,,,,,,,,,,,,,,,,,,,,,,,,,,,,,,,,,,0x0,,,,,,,,,,,,,,,,,,,,,,administrator,,,,,,,,,,,,,,RODC01,,
2025-08-17T11:33:34.498562Z,4672,DC01.garfield.htb,Microsoft-Windows-Security-Auditing,Security,4088,0,,,,,,,,,,,,,,,,,,,,,,,,,,,,,,,,,,,,,,,,,,,,,,,,,,,,,,,,,,,,,,,,,,,,,,,,,,,,,,,,,,,,,,,,,,,,,,,,,,,,,,,,,,,,,,,,,"SeSecurityPrivilege
			SeBackupPrivilege
			SeRestorePrivilege
			SeTakeOwnershipPrivilege
			SeDebugPrivilege
			SeSystemEnvironmentPrivilege
			SeLoadDriverPrivilege
			SeImpersonatePrivilege
			SeDelegateSessionUserImpersonatePrivilege
			SeEnableDelegationPrivilege",,,,,,,,,,,,,,,,,,,,,,,,,,,,,,GARFIELD,0x4d11a2,,Administrator,S-1-5-21-2502726253-3859040611-225969357-500,,,,,,,,,,,,,,,,,,,,,,,,,,,,,
2025-08-17T11:33:34.498592Z,4624,DC01.garfield.htb,Microsoft-Windows-Security-Auditing,Security,4089,0,,,,,,,,,,,,,,,,,NTLM,,,,,,,,,,,,,,,,,,,,,,,,%%1842,,,,,,,,,,,,,%%1833,10.10.11.221,49778,,,,128,,,NTLM V2,,,,,00000000-0000-0000-0000-000000000000,,NtLmSsp ,3,,,,,,,,,,,,,,,,,,,,,,,,,,,,,,,,,,,,,,,,,,,,0x0,-,,,,,,,,,,-,,,,,,,,,,,,,,,,,-,0x0,,-,S-1-0-0,GARFIELD,,0x0,,0x4d11a2,,-,-,,,,,Administrator,S-1-5-21-2502726253-3859040611-225969357-500,,,,,-,,,,,,%%1843,,,RODC01,
2025-08-17T11:33:34.502113Z,4776,DC01.garfield.htb,Microsoft-Windows-Security-Auditing,Security,4090,0,,,,,,,,,,,,,,,,,,,,,,,,,,,,,,,,,,,,,,,,,,,,,,,,,,,,,,,,,,,,,,,,,,,,,,,,,,,,,,,,,,,,,,,,,,,,,,,,,,,,,,,,MICROSOFT_AUTHENTICATION_PACKAGE_V1_0,,,,,,,,,,,,,,,,,,,,,,,,,,,,,,,,,,0x0,,,,,,,,,,,,,,,,,,,,,,administrator,,,,,,,,,,,,,,RODC01,,
2025-08-17T11:33:34.502245Z,4672,DC01.garfield.htb,Microsoft-Windows-Security-Auditing,Security,4091,0,,,,,,,,,,,,,,,,,,,,,,,,,,,,,,,,,,,,,,,,,,,,,,,,,,,,,,,,,,,,,,,,,,,,,,,,,,,,,,,,,,,,,,,,,,,,,,,,,,,,,,,,,,,,,,,,,"SeSecurityPrivilege
			SeBackupPrivilege
			SeRestorePrivilege
			SeTakeOwnershipPrivilege
			SeDebugPrivilege
			SeSystemEnvironmentPrivilege
			SeLoadDriverPrivilege
			SeImpersonatePrivilege
			SeDelegateSessionUserImpersonatePrivilege
			SeEnableDelegationPrivilege",,,,,,,,,,,,,,,,,,,,,,,,,,,,,,GARFIELD,0x4d11c0,,Administrator,S-1-5-21-2502726253-3859040611-225969357-500,,,,,,,,,,,,,,,,,,,,,,,,,,,,,
2025-08-17T11:33:34.502273Z,4624,DC01.garfield.htb,Microsoft-Windows-Security-Auditing,Security,4092,0,,,,,,,,,,,,,,,,,NTLM,,,,,,,,,,,,,,,,,,,,,,,,%%1842,,,,,,,,,,,,,%%1833,10.10.11.221,49783,,,,128,,,NTLM V2,,,,,00000000-0000-0000-0000-000000000000,,NtLmSsp ,3,,,,,,,,,,,,,,,,,,,,,,,,,,,,,,,,,,,,,,,,,,,,0x0,-,,,,,,,,,,-,,,,,,,,,,,,,,,,,-,0x0,,-,S-1-0-0,GARFIELD,,0x0,,0x4d11c0,,-,-,,,,,Administrator,S-1-5-21-2502726253-3859040611-225969357-500,,,,,-,,,,,,%%1843,,,RODC01,
2025-08-17T11:33:34.538078Z,4776,DC01.garfield.htb,Microsoft-Windows-Security-Auditing,Security,4093,0,,,,,,,,,,,,,,,,,,,,,,,,,,,,,,,,,,,,,,,,,,,,,,,,,,,,,,,,,,,,,,,,,,,,,,,,,,,,,,,,,,,,,,,,,,,,,,,,,,,,,,,,MICROSOFT_AUTHENTICATION_PACKAGE_V1_0,,,,,,,,,,,,,,,,,,,,,,,,,,,,,,,,,,0x0,,,,,,,,,,,,,,,,,,,,,,administrator,,,,,,,,,,,,,,RODC01,,
2025-08-17T11:33:34.538253Z,4672,DC01.garfield.htb,Microsoft-Windows-Security-Auditing,Security,4094,0,,,,,,,,,,,,,,,,,,,,,,,,,,,,,,,,,,,,,,,,,,,,,,,,,,,,,,,,,,,,,,,,,,,,,,,,,,,,,,,,,,,,,,,,,,,,,,,,,,,,,,,,,,,,,,,,,"SeSecurityPrivilege
			SeBackupPrivilege
			SeRestorePrivilege
			SeTakeOwnershipPrivilege
			SeDebugPrivilege
			SeSystemEnvironmentPrivilege
			SeLoadDriverPrivilege
			SeImpersonatePrivilege
			SeDelegateSessionUserImpersonatePrivilege
			SeEnableDelegationPrivilege",,,,,,,,,,,,,,,,,,,,,,,,,,,,,,GARFIELD,0x4d11de,,Administrator,S-1-5-21-2502726253-3859040611-225969357-500,,,,,,,,,,,,,,,,,,,,,,,,,,,,,
2025-08-17T11:33:34.538289Z,4624,DC01.garfield.htb,Microsoft-Windows-Security-Auditing,Security,4095,0,,,,,,,,,,,,,,,,,NTLM,,,,,,,,,,,,,,,,,,,,,,,,%%1842,,,,,,,,,,,,,%%1833,10.10.11.221,49868,,,,128,,,NTLM V2,,,,,00000000-0000-0000-0000-000000000000,,NtLmSsp ,3,,,,,,,,,,,,,,,,,,,,,,,,,,,,,,,,,,,,,,,,,,,,0x0,-,,,,,,,,,,-,,,,,,,,,,,,,,,,,-,0x0,,-,S-1-0-0,GARFIELD,,0x0,,0x4d11de,,-,-,,,,,Administrator,S-1-5-21-2502726253-3859040611-225969357-500,,,,,-,,,,,,%%1843,,,RODC01,
2025-08-17T11:33:34.541269Z,4776,DC01.garfield.htb,Microsoft-Windows-Security-Auditing,Security,4096,0,,,,,,,,,,,,,,,,,,,,,,,,,,,,,,,,,,,,,,,,,,,,,,,,,,,,,,,,,,,,,,,,,,,,,,,,,,,,,,,,,,,,,,,,,,,,,,,,,,,,,,,,MICROSOFT_AUTHENTICATION_PACKAGE_V1_0,,,,,,,,,,,,,,,,,,,,,,,,,,,,,,,,,,0x0,,,,,,,,,,,,,,,,,,,,,,administrator,,,,,,,,,,,,,,RODC01,,
2025-08-17T11:33:34.541399Z,4776,DC01.garfield.htb,Microsoft-Windows-Security-Auditing,Security,4097,0,,,,,,,,,,,,,,,,,,,,,,,,,,,,,,,,,,,,,,,,,,,,,,,,,,,,,,,,,,,,,,,,,,,,,,,,,,,,,,,,,,,,,,,,,,,,,,,,,,,,,,,,MICROSOFT_AUTHENTICATION_PACKAGE_V1_0,,,,,,,,,,,,,,,,,,,,,,,,,,,,,,,,,,0x0,,,,,,,,,,,,,,,,,,,,,,administrator,,,,,,,,,,,,,,RODC01,,
2025-08-17T11:33:34.541480Z,4672,DC01.garfield.htb,Microsoft-Windows-Security-Auditing,Security,4098,0,,,,,,,,,,,,,,,,,,,,,,,,,,,,,,,,,,,,,,,,,,,,,,,,,,,,,,,,,,,,,,,,,,,,,,,,,,,,,,,,,,,,,,,,,,,,,,,,,,,,,,,,,,,,,,,,,"SeSecurityPrivilege
			SeBackupPrivilege
			SeRestorePrivilege
			SeTakeOwnershipPrivilege
			SeDebugPrivilege
			SeSystemEnvironmentPrivilege
			SeLoadDriverPrivilege
			SeImpersonatePrivilege
			SeDelegateSessionUserImpersonatePrivilege
			SeEnableDelegationPrivilege",,,,,,,,,,,,,,,,,,,,,,,,,,,,,,GARFIELD,0x4d1203,,Administrator,S-1-5-21-2502726253-3859040611-225969357-500,,,,,,,,,,,,,,,,,,,,,,,,,,,,,
2025-08-17T11:33:34.541513Z,4624,DC01.garfield.htb,Microsoft-Windows-Security-Auditing,Security,4099,0,,,,,,,,,,,,,,,,,NTLM,,,,,,,,,,,,,,,,,,,,,,,,%%1842,,,,,,,,,,,,,%%1833,192.168.100.2,49738,,,,128,,,NTLM V2,,,,,00000000-0000-0000-0000-000000000000,,NtLmSsp ,3,,,,,,,,,,,,,,,,,,,,,,,,,,,,,,,,,,,,,,,,,,,,0x0,-,,,,,,,,,,-,,,,,,,,,,,,,,,,,-,0x0,,-,S-1-0-0,GARFIELD,,0x0,,0x4d1203,,-,-,,,,,Administrator,S-1-5-21-2502726253-3859040611-225969357-500,,,,,-,,,,,,%%1843,,,RODC01,
2025-08-17T11:33:34.541646Z,4672,DC01.garfield.htb,Microsoft-Windows-Security-Auditing,Security,4100,0,,,,,,,,,,,,,,,,,,,,,,,,,,,,,,,,,,,,,,,,,,,,,,,,,,,,,,,,,,,,,,,,,,,,,,,,,,,,,,,,,,,,,,,,,,,,,,,,,,,,,,,,,,,,,,,,,"SeSecurityPrivilege
			SeBackupPrivilege
			SeRestorePrivilege
			SeTakeOwnershipPrivilege
			SeDebugPrivilege
			SeSystemEnvironmentPrivilege
			SeLoadDriverPrivilege
			SeImpersonatePrivilege
			SeDelegateSessionUserImpersonatePrivilege
			SeEnableDelegationPrivilege",,,,,,,,,,,,,,,,,,,,,,,,,,,,,,GARFIELD,0x4d1208,,Administrator,S-1-5-21-2502726253-3859040611-225969357-500,,,,,,,,,,,,,,,,,,,,,,,,,,,,,
2025-08-17T11:33:34.541684Z,4624,DC01.garfield.htb,Microsoft-Windows-Security-Auditing,Security,4101,0,,,,,,,,,,,,,,,,,NTLM,,,,,,,,,,,,,,,,,,,,,,,,%%1842,,,,,,,,,,,,,%%1833,192.168.100.2,49739,,,,128,,,NTLM V2,,,,,00000000-0000-0000-0000-000000000000,,NtLmSsp ,3,,,,,,,,,,,,,,,,,,,,,,,,,,,,,,,,,,,,,,,,,,,,0x0,-,,,,,,,,,,-,,,,,,,,,,,,,,,,,-,0x0,,-,S-1-0-0,GARFIELD,,0x0,,0x4d1208,,-,-,,,,,Administrator,S-1-5-21-2502726253-3859040611-225969357-500,,,,,-,,,,,,%%1843,,,RODC01,
2025-08-17T11:33:34.541787Z,4776,DC01.garfield.htb,Microsoft-Windows-Security-Auditing,Security,4102,0,,,,,,,,,,,,,,,,,,,,,,,,,,,,,,,,,,,,,,,,,,,,,,,,,,,,,,,,,,,,,,,,,,,,,,,,,,,,,,,,,,,,,,,,,,,,,,,,,,,,,,,,MICROSOFT_AUTHENTICATION_PACKAGE_V1_0,,,,,,,,,,,,,,,,,,,,,,,,,,,,,,,,,,0x0,,,,,,,,,,,,,,,,,,,,,,administrator,,,,,,,,,,,,,,RODC01,,
2025-08-17T11:33:34.541915Z,4672,DC01.garfield.htb,Microsoft-Windows-Security-Auditing,Security,4103,0,,,,,,,,,,,,,,,,,,,,,,,,,,,,,,,,,,,,,,,,,,,,,,,,,,,,,,,,,,,,,,,,,,,,,,,,,,,,,,,,,,,,,,,,,,,,,,,,,,,,,,,,,,,,,,,,,"SeSecurityPrivilege
			SeBackupPrivilege
			SeRestorePrivilege
			SeTakeOwnershipPrivilege
			SeDebugPrivilege
			SeSystemEnvironmentPrivilege
			SeLoadDriverPrivilege
			SeImpersonatePrivilege
			SeDelegateSessionUserImpersonatePrivilege
			SeEnableDelegationPrivilege",,,,,,,,,,,,,,,,,,,,,,,,,,,,,,GARFIELD,0x4d121e,,Administrator,S-1-5-21-2502726253-3859040611-225969357-500,,,,,,,,,,,,,,,,,,,,,,,,,,,,,
2025-08-17T11:33:34.541943Z,4624,DC01.garfield.htb,Microsoft-Windows-Security-Auditing,Security,4104,0,,,,,,,,,,,,,,,,,NTLM,,,,,,,,,,,,,,,,,,,,,,,,%%1842,,,,,,,,,,,,,%%1833,192.168.100.2,49737,,,,128,,,NTLM V2,,,,,00000000-0000-0000-0000-000000000000,,NtLmSsp ,3,,,,,,,,,,,,,,,,,,,,,,,,,,,,,,,,,,,,,,,,,,,,0x0,-,,,,,,,,,,-,,,,,,,,,,,,,,,,,-,0x0,,-,S-1-0-0,GARFIELD,,0x0,,0x4d121e,,-,-,,,,,Administrator,S-1-5-21-2502726253-3859040611-225969357-500,,,,,-,,,,,,%%1843,,,RODC01,
2025-08-17T11:33:34.542074Z,4634,DC01.garfield.htb,Microsoft-Windows-Security-Auditing,Security,4105,0,,,,,,,,,,,,,,,,,,,,,,,,,,,,,,,,,,,,,,,,,,,,,,,,,,,,,,,,,,,,,,,,,,,,,,,3,,,,,,,,,,,,,,,,,,,,,,,,,,,,,,,,,,,,,,,,,,,,,,,,,,,,,,,,,,,,,,,,,,,,,,,,,,,,,GARFIELD,,,,0x4d1203,,,,,,,,Administrator,S-1-5-21-2502726253-3859040611-225969357-500,,,,,,,,,,,,,,,
2025-08-17T11:33:34.542101Z,4776,DC01.garfield.htb,Microsoft-Windows-Security-Auditing,Security,4106,0,,,,,,,,,,,,,,,,,,,,,,,,,,,,,,,,,,,,,,,,,,,,,,,,,,,,,,,,,,,,,,,,,,,,,,,,,,,,,,,,,,,,,,,,,,,,,,,,,,,,,,,,MICROSOFT_AUTHENTICATION_PACKAGE_V1_0,,,,,,,,,,,,,,,,,,,,,,,,,,,,,,,,,,0x0,,,,,,,,,,,,,,,,,,,,,,administrator,,,,,,,,,,,,,,RODC01,,
2025-08-17T11:33:34.542342Z,4672,DC01.garfield.htb,Microsoft-Windows-Security-Auditing,Security,4107,0,,,,,,,,,,,,,,,,,,,,,,,,,,,,,,,,,,,,,,,,,,,,,,,,,,,,,,,,,,,,,,,,,,,,,,,,,,,,,,,,,,,,,,,,,,,,,,,,,,,,,,,,,,,,,,,,,"SeSecurityPrivilege
			SeBackupPrivilege
			SeRestorePrivilege
			SeTakeOwnershipPrivilege
			SeDebugPrivilege
			SeSystemEnvironmentPrivilege
			SeLoadDriverPrivilege
			SeImpersonatePrivilege
			SeDelegateSessionUserImpersonatePrivilege
			SeEnableDelegationPrivilege",,,,,,,,,,,,,,,,,,,,,,,,,,,,,,GARFIELD,0x4d1227,,Administrator,S-1-5-21-2502726253-3859040611-225969357-500,,,,,,,,,,,,,,,,,,,,,,,,,,,,,
2025-08-17T11:33:34.542451Z,4624,DC01.garfield.htb,Microsoft-Windows-Security-Auditing,Security,4108,0,,,,,,,,,,,,,,,,,NTLM,,,,,,,,,,,,,,,,,,,,,,,,%%1842,,,,,,,,,,,,,%%1833,192.168.100.2,49740,,,,128,,,NTLM V2,,,,,00000000-0000-0000-0000-000000000000,,NtLmSsp ,3,,,,,,,,,,,,,,,,,,,,,,,,,,,,,,,,,,,,,,,,,,,,0x0,-,,,,,,,,,,-,,,,,,,,,,,,,,,,,-,0x0,,-,S-1-0-0,GARFIELD,,0x0,,0x4d1227,,-,-,,,,,Administrator,S-1-5-21-2502726253-3859040611-225969357-500,,,,,-,,,,,,%%1843,,,RODC01,
2025-08-17T11:33:34.542874Z,4634,DC01.garfield.htb,Microsoft-Windows-Security-Auditing,Security,4109,0,,,,,,,,,,,,,,,,,,,,,,,,,,,,,,,,,,,,,,,,,,,,,,,,,,,,,,,,,,,,,,,,,,,,,,,3,,,,,,,,,,,,,,,,,,,,,,,,,,,,,,,,,,,,,,,,,,,,,,,,,,,,,,,,,,,,,,,,,,,,,,,,,,,,,GARFIELD,,,,0x4d1208,,,,,,,,Administrator,S-1-5-21-2502726253-3859040611-225969357-500,,,,,,,,,,,,,,,
2025-08-17T11:33:34.543162Z,4634,DC01.garfield.htb,Microsoft-Windows-Security-Auditing,Security,4110,0,,,,,,,,,,,,,,,,,,,,,,,,,,,,,,,,,,,,,,,,,,,,,,,,,,,,,,,,,,,,,,,,,,,,,,,3,,,,,,,,,,,,,,,,,,,,,,,,,,,,,,,,,,,,,,,,,,,,,,,,,,,,,,,,,,,,,,,,,,,,,,,,,,,,,GARFIELD,,,,0x4d1227,,,,,,,,Administrator,S-1-5-21-2502726253-3859040611-225969357-500,,,,,,,,,,,,,,,
2025-08-17T11:33:34.543497Z,4634,DC01.garfield.htb,Microsoft-Windows-Security-Auditing,Security,4111,0,,,,,,,,,,,,,,,,,,,,,,,,,,,,,,,,,,,,,,,,,,,,,,,,,,,,,,,,,,,,,,,,,,,,,,,3,,,,,,,,,,,,,,,,,,,,,,,,,,,,,,,,,,,,,,,,,,,,,,,,,,,,,,,,,,,,,,,,,,,,,,,,,,,,,GARFIELD,,,,0x4d121e,,,,,,,,Administrator,S-1-5-21-2502726253-3859040611-225969357-500,,,,,,,,,,,,,,,
2025-08-17T11:33:34.555573Z,4776,DC01.garfield.htb,Microsoft-Windows-Security-Auditing,Security,4112,0,,,,,,,,,,,,,,,,,,,,,,,,,,,,,,,,,,,,,,,,,,,,,,,,,,,,,,,,,,,,,,,,,,,,,,,,,,,,,,,,,,,,,,,,,,,,,,,,,,,,,,,,MICROSOFT_AUTHENTICATION_PACKAGE_V1_0,,,,,,,,,,,,,,,,,,,,,,,,,,,,,,,,,,0x0,,,,,,,,,,,,,,,,,,,,,,administrator,,,,,,,,,,,,,,RODC01,,
2025-08-17T11:33:34.555791Z,4672,DC01.garfield.htb,Microsoft-Windows-Security-Auditing,Security,4113,0,,,,,,,,,,,,,,,,,,,,,,,,,,,,,,,,,,,,,,,,,,,,,,,,,,,,,,,,,,,,,,,,,,,,,,,,,,,,,,,,,,,,,,,,,,,,,,,,,,,,,,,,,,,,,,,,,"SeSecurityPrivilege
			SeBackupPrivilege
			SeRestorePrivilege
			SeTakeOwnershipPrivilege
			SeDebugPrivilege
			SeSystemEnvironmentPrivilege
			SeLoadDriverPrivilege
			SeImpersonatePrivilege
			SeDelegateSessionUserImpersonatePrivilege
			SeEnableDelegationPrivilege",,,,,,,,,,,,,,,,,,,,,,,,,,,,,,GARFIELD,0x4d125e,,Administrator,S-1-5-21-2502726253-3859040611-225969357-500,,,,,,,,,,,,,,,,,,,,,,,,,,,,,
2025-08-17T11:33:34.555829Z,4624,DC01.garfield.htb,Microsoft-Windows-Security-Auditing,Security,4114,0,,,,,,,,,,,,,,,,,NTLM,,,,,,,,,,,,,,,,,,,,,,,,%%1842,,,,,,,,,,,,,%%1833,10.10.11.221,49784,,,,128,,,NTLM V2,,,,,00000000-0000-0000-0000-000000000000,,NtLmSsp ,3,,,,,,,,,,,,,,,,,,,,,,,,,,,,,,,,,,,,,,,,,,,,0x0,-,,,,,,,,,,-,,,,,,,,,,,,,,,,,-,0x0,,-,S-1-0-0,GARFIELD,,0x0,,0x4d125e,,-,-,,,,,Administrator,S-1-5-21-2502726253-3859040611-225969357-500,,,,,-,,,,,,%%1843,,,RODC01,
2025-08-17T11:33:34.562917Z,4776,DC01.garfield.htb,Microsoft-Windows-Security-Auditing,Security,4115,0,,,,,,,,,,,,,,,,,,,,,,,,,,,,,,,,,,,,,,,,,,,,,,,,,,,,,,,,,,,,,,,,,,,,,,,,,,,,,,,,,,,,,,,,,,,,,,,,,,,,,,,,MICROSOFT_AUTHENTICATION_PACKAGE_V1_0,,,,,,,,,,,,,,,,,,,,,,,,,,,,,,,,,,0x0,,,,,,,,,,,,,,,,,,,,,,administrator,,,,,,,,,,,,,,RODC01,,
2025-08-17T11:33:34.563099Z,4672,DC01.garfield.htb,Microsoft-Windows-Security-Auditing,Security,4116,0,,,,,,,,,,,,,,,,,,,,,,,,,,,,,,,,,,,,,,,,,,,,,,,,,,,,,,,,,,,,,,,,,,,,,,,,,,,,,,,,,,,,,,,,,,,,,,,,,,,,,,,,,,,,,,,,,"SeSecurityPrivilege
			SeBackupPrivilege
			SeRestorePrivilege
			SeTakeOwnershipPrivilege
			SeDebugPrivilege
			SeSystemEnvironmentPrivilege
			SeLoadDriverPrivilege
			SeImpersonatePrivilege
			SeDelegateSessionUserImpersonatePrivilege
			SeEnableDelegationPrivilege",,,,,,,,,,,,,,,,,,,,,,,,,,,,,,GARFIELD,0x4d127d,,Administrator,S-1-5-21-2502726253-3859040611-225969357-500,,,,,,,,,,,,,,,,,,,,,,,,,,,,,
2025-08-17T11:33:34.563134Z,4624,DC01.garfield.htb,Microsoft-Windows-Security-Auditing,Security,4117,0,,,,,,,,,,,,,,,,,NTLM,,,,,,,,,,,,,,,,,,,,,,,,%%1842,,,,,,,,,,,,,%%1833,10.10.11.221,49779,,,,128,,,NTLM V2,,,,,00000000-0000-0000-0000-000000000000,,NtLmSsp ,3,,,,,,,,,,,,,,,,,,,,,,,,,,,,,,,,,,,,,,,,,,,,0x0,-,,,,,,,,,,-,,,,,,,,,,,,,,,,,-,0x0,,-,S-1-0-0,GARFIELD,,0x0,,0x4d127d,,-,-,,,,,Administrator,S-1-5-21-2502726253-3859040611-225969357-500,,,,,-,,,,,,%%1843,,,RODC01,
2025-08-17T11:33:34.566528Z,4776,DC01.garfield.htb,Microsoft-Windows-Security-Auditing,Security,4118,0,,,,,,,,,,,,,,,,,,,,,,,,,,,,,,,,,,,,,,,,,,,,,,,,,,,,,,,,,,,,,,,,,,,,,,,,,,,,,,,,,,,,,,,,,,,,,,,,,,,,,,,,MICROSOFT_AUTHENTICATION_PACKAGE_V1_0,,,,,,,,,,,,,,,,,,,,,,,,,,,,,,,,,,0x0,,,,,,,,,,,,,,,,,,,,,,administrator,,,,,,,,,,,,,,RODC01,,
2025-08-17T11:33:34.566658Z,4672,DC01.garfield.htb,Microsoft-Windows-Security-Auditing,Security,4119,0,,,,,,,,,,,,,,,,,,,,,,,,,,,,,,,,,,,,,,,,,,,,,,,,,,,,,,,,,,,,,,,,,,,,,,,,,,,,,,,,,,,,,,,,,,,,,,,,,,,,,,,,,,,,,,,,,"SeSecurityPrivilege
			SeBackupPrivilege
			SeRestorePrivilege
			SeTakeOwnershipPrivilege
			SeDebugPrivilege
			SeSystemEnvironmentPrivilege
			SeLoadDriverPrivilege
			SeImpersonatePrivilege
			SeDelegateSessionUserImpersonatePrivilege
			SeEnableDelegationPrivilege",,,,,,,,,,,,,,,,,,,,,,,,,,,,,,GARFIELD,0x4d128f,,Administrator,S-1-5-21-2502726253-3859040611-225969357-500,,,,,,,,,,,,,,,,,,,,,,,,,,,,,
2025-08-17T11:33:34.566687Z,4624,DC01.garfield.htb,Microsoft-Windows-Security-Auditing,Security,4120,0,,,,,,,,,,,,,,,,,NTLM,,,,,,,,,,,,,,,,,,,,,,,,%%1842,,,,,,,,,,,,,%%1833,10.10.11.221,49785,,,,128,,,NTLM V2,,,,,00000000-0000-0000-0000-000000000000,,NtLmSsp ,3,,,,,,,,,,,,,,,,,,,,,,,,,,,,,,,,,,,,,,,,,,,,0x0,-,,,,,,,,,,-,,,,,,,,,,,,,,,,,-,0x0,,-,S-1-0-0,GARFIELD,,0x0,,0x4d128f,,-,-,,,,,Administrator,S-1-5-21-2502726253-3859040611-225969357-500,,,,,-,,,,,,%%1843,,,RODC01,
2025-08-17T11:33:34.572757Z,4776,DC01.garfield.htb,Microsoft-Windows-Security-Auditing,Security,4121,0,,,,,,,,,,,,,,,,,,,,,,,,,,,,,,,,,,,,,,,,,,,,,,,,,,,,,,,,,,,,,,,,,,,,,,,,,,,,,,,,,,,,,,,,,,,,,,,,,,,,,,,,MICROSOFT_AUTHENTICATION_PACKAGE_V1_0,,,,,,,,,,,,,,,,,,,,,,,,,,,,,,,,,,0x0,,,,,,,,,,,,,,,,,,,,,,administrator,,,,,,,,,,,,,,RODC01,,
2025-08-17T11:33:34.572923Z,4672,DC01.garfield.htb,Microsoft-Windows-Security-Auditing,Security,4122,0,,,,,,,,,,,,,,,,,,,,,,,,,,,,,,,,,,,,,,,,,,,,,,,,,,,,,,,,,,,,,,,,,,,,,,,,,,,,,,,,,,,,,,,,,,,,,,,,,,,,,,,,,,,,,,,,,"SeSecurityPrivilege
			SeBackupPrivilege
			SeRestorePrivilege
			SeTakeOwnershipPrivilege
			SeDebugPrivilege
			SeSystemEnvironmentPrivilege
			SeLoadDriverPrivilege
			SeImpersonatePrivilege
			SeDelegateSessionUserImpersonatePrivilege
			SeEnableDelegationPrivilege",,,,,,,,,,,,,,,,,,,,,,,,,,,,,,GARFIELD,0x4d12a1,,Administrator,S-1-5-21-2502726253-3859040611-225969357-500,,,,,,,,,,,,,,,,,,,,,,,,,,,,,
2025-08-17T11:33:34.573021Z,4624,DC01.garfield.htb,Microsoft-Windows-Security-Auditing,Security,4123,0,,,,,,,,,,,,,,,,,NTLM,,,,,,,,,,,,,,,,,,,,,,,,%%1842,,,,,,,,,,,,,%%1833,10.10.11.221,49786,,,,128,,,NTLM V2,,,,,00000000-0000-0000-0000-000000000000,,NtLmSsp ,3,,,,,,,,,,,,,,,,,,,,,,,,,,,,,,,,,,,,,,,,,,,,0x0,-,,,,,,,,,,-,,,,,,,,,,,,,,,,,-,0x0,,-,S-1-0-0,GARFIELD,,0x0,,0x4d12a1,,-,-,,,,,Administrator,S-1-5-21-2502726253-3859040611-225969357-500,,,,,-,,,,,,%%1843,,,RODC01,
2025-08-17T11:33:34.574119Z,4634,DC01.garfield.htb,Microsoft-Windows-Security-Auditing,Security,4124,0,,,,,,,,,,,,,,,,,,,,,,,,,,,,,,,,,,,,,,,,,,,,,,,,,,,,,,,,,,,,,,,,,,,,,,,3,,,,,,,,,,,,,,,,,,,,,,,,,,,,,,,,,,,,,,,,,,,,,,,,,,,,,,,,,,,,,,,,,,,,,,,,,,,,,GARFIELD,,,,0x4d12a1,,,,,,,,Administrator,S-1-5-21-2502726253-3859040611-225969357-500,,,,,,,,,,,,,,,
2025-08-17T11:33:34.575231Z,4776,DC01.garfield.htb,Microsoft-Windows-Security-Auditing,Security,4125,0,,,,,,,,,,,,,,,,,,,,,,,,,,,,,,,,,,,,,,,,,,,,,,,,,,,,,,,,,,,,,,,,,,,,,,,,,,,,,,,,,,,,,,,,,,,,,,,,,,,,,,,,MICROSOFT_AUTHENTICATION_PACKAGE_V1_0,,,,,,,,,,,,,,,,,,,,,,,,,,,,,,,,,,0x0,,,,,,,,,,,,,,,,,,,,,,administrator,,,,,,,,,,,,,,RODC01,,
2025-08-17T11:33:34.575390Z,4672,DC01.garfield.htb,Microsoft-Windows-Security-Auditing,Security,4126,0,,,,,,,,,,,,,,,,,,,,,,,,,,,,,,,,,,,,,,,,,,,,,,,,,,,,,,,,,,,,,,,,,,,,,,,,,,,,,,,,,,,,,,,,,,,,,,,,,,,,,,,,,,,,,,,,,"SeSecurityPrivilege
			SeBackupPrivilege
			SeRestorePrivilege
			SeTakeOwnershipPrivilege
			SeDebugPrivilege
			SeSystemEnvironmentPrivilege
			SeLoadDriverPrivilege
			SeImpersonatePrivilege
			SeDelegateSessionUserImpersonatePrivilege
			SeEnableDelegationPrivilege",,,,,,,,,,,,,,,,,,,,,,,,,,,,,,GARFIELD,0x4d12b8,,Administrator,S-1-5-21-2502726253-3859040611-225969357-500,,,,,,,,,,,,,,,,,,,,,,,,,,,,,
2025-08-17T11:33:34.575424Z,4624,DC01.garfield.htb,Microsoft-Windows-Security-Auditing,Security,4127,0,,,,,,,,,,,,,,,,,NTLM,,,,,,,,,,,,,,,,,,,,,,,,%%1842,,,,,,,,,,,,,%%1833,10.10.11.221,49787,,,,128,,,NTLM V2,,,,,00000000-0000-0000-0000-000000000000,,NtLmSsp ,3,,,,,,,,,,,,,,,,,,,,,,,,,,,,,,,,,,,,,,,,,,,,0x0,-,,,,,,,,,,-,,,,,,,,,,,,,,,,,-,0x0,,-,S-1-0-0,GARFIELD,,0x0,,0x4d12b8,,-,-,,,,,Administrator,S-1-5-21-2502726253-3859040611-225969357-500,,,,,-,,,,,,%%1843,,,RODC01,
2025-08-17T11:33:34.576126Z,4634,DC01.garfield.htb,Microsoft-Windows-Security-Auditing,Security,4128,0,,,,,,,,,,,,,,,,,,,,,,,,,,,,,,,,,,,,,,,,,,,,,,,,,,,,,,,,,,,,,,,,,,,,,,,3,,,,,,,,,,,,,,,,,,,,,,,,,,,,,,,,,,,,,,,,,,,,,,,,,,,,,,,,,,,,,,,,,,,,,,,,,,,,,GARFIELD,,,,0x4d12b8,,,,,,,,Administrator,S-1-5-21-2502726253-3859040611-225969357-500,,,,,,,,,,,,,,,
2025-08-17T11:33:34.578020Z,4776,DC01.garfield.htb,Microsoft-Windows-Security-Auditing,Security,4129,0,,,,,,,,,,,,,,,,,,,,,,,,,,,,,,,,,,,,,,,,,,,,,,,,,,,,,,,,,,,,,,,,,,,,,,,,,,,,,,,,,,,,,,,,,,,,,,,,,,,,,,,,MICROSOFT_AUTHENTICATION_PACKAGE_V1_0,,,,,,,,,,,,,,,,,,,,,,,,,,,,,,,,,,0x0,,,,,,,,,,,,,,,,,,,,,,administrator,,,,,,,,,,,,,,RODC01,,
2025-08-17T11:33:34.578172Z,4672,DC01.garfield.htb,Microsoft-Windows-Security-Auditing,Security,4130,0,,,,,,,,,,,,,,,,,,,,,,,,,,,,,,,,,,,,,,,,,,,,,,,,,,,,,,,,,,,,,,,,,,,,,,,,,,,,,,,,,,,,,,,,,,,,,,,,,,,,,,,,,,,,,,,,,"SeSecurityPrivilege
			SeBackupPrivilege
			SeRestorePrivilege
			SeTakeOwnershipPrivilege
			SeDebugPrivilege
			SeSystemEnvironmentPrivilege
			SeLoadDriverPrivilege
			SeImpersonatePrivilege
			SeDelegateSessionUserImpersonatePrivilege
			SeEnableDelegationPrivilege",,,,,,,,,,,,,,,,,,,,,,,,,,,,,,GARFIELD,0x4d12cf,,Administrator,S-1-5-21-2502726253-3859040611-225969357-500,,,,,,,,,,,,,,,,,,,,,,,,,,,,,
2025-08-17T11:33:34.578203Z,4624,DC01.garfield.htb,Microsoft-Windows-Security-Auditing,Security,4131,0,,,,,,,,,,,,,,,,,NTLM,,,,,,,,,,,,,,,,,,,,,,,,%%1842,,,,,,,,,,,,,%%1833,10.10.11.221,49788,,,,128,,,NTLM V2,,,,,00000000-0000-0000-0000-000000000000,,NtLmSsp ,3,,,,,,,,,,,,,,,,,,,,,,,,,,,,,,,,,,,,,,,,,,,,0x0,-,,,,,,,,,,-,,,,,,,,,,,,,,,,,-,0x0,,-,S-1-0-0,GARFIELD,,0x0,,0x4d12cf,,-,-,,,,,Administrator,S-1-5-21-2502726253-3859040611-225969357-500,,,,,-,,,,,,%%1843,,,RODC01,
2025-08-17T11:33:34.587069Z,4634,DC01.garfield.htb,Microsoft-Windows-Security-Auditing,Security,4132,0,,,,,,,,,,,,,,,,,,,,,,,,,,,,,,,,,,,,,,,,,,,,,,,,,,,,,,,,,,,,,,,,,,,,,,,3,,,,,,,,,,,,,,,,,,,,,,,,,,,,,,,,,,,,,,,,,,,,,,,,,,,,,,,,,,,,,,,,,,,,,,,,,,,,,GARFIELD,,,,0x4d12cf,,,,,,,,Administrator,S-1-5-21-2502726253-3859040611-225969357-500,,,,,,,,,,,,,,,
2025-08-17T11:33:34.623850Z,4776,DC01.garfield.htb,Microsoft-Windows-Security-Auditing,Security,4133,0,,,,,,,,,,,,,,,,,,,,,,,,,,,,,,,,,,,,,,,,,,,,,,,,,,,,,,,,,,,,,,,,,,,,,,,,,,,,,,,,,,,,,,,,,,,,,,,,,,,,,,,,MICROSOFT_AUTHENTICATION_PACKAGE_V1_0,,,,,,,,,,,,,,,,,,,,,,,,,,,,,,,,,,0x0,,,,,,,,,,,,,,,,,,,,,,administrator,,,,,,,,,,,,,,RODC01,,
2025-08-17T11:33:34.624063Z,4672,DC01.garfield.htb,Microsoft-Windows-Security-Auditing,Security,4134,0,,,,,,,,,,,,,,,,,,,,,,,,,,,,,,,,,,,,,,,,,,,,,,,,,,,,,,,,,,,,,,,,,,,,,,,,,,,,,,,,,,,,,,,,,,,,,,,,,,,,,,,,,,,,,,,,,"SeSecurityPrivilege
			SeBackupPrivilege
			SeRestorePrivilege
			SeTakeOwnershipPrivilege
			SeDebugPrivilege
			SeSystemEnvironmentPrivilege
			SeLoadDriverPrivilege
			SeImpersonatePrivilege
			SeDelegateSessionUserImpersonatePrivilege
			SeEnableDelegationPrivilege",,,,,,,,,,,,,,,,,,,,,,,,,,,,,,GARFIELD,0x4d12e8,,Administrator,S-1-5-21-2502726253-3859040611-225969357-500,,,,,,,,,,,,,,,,,,,,,,,,,,,,,
2025-08-17T11:33:34.624104Z,4624,DC01.garfield.htb,Microsoft-Windows-Security-Auditing,Security,4135,0,,,,,,,,,,,,,,,,,NTLM,,,,,,,,,,,,,,,,,,,,,,,,%%1842,,,,,,,,,,,,,%%1833,10.10.11.221,49789,,,,128,,,NTLM V2,,,,,00000000-0000-0000-0000-000000000000,,NtLmSsp ,3,,,,,,,,,,,,,,,,,,,,,,,,,,,,,,,,,,,,,,,,,,,,0x0,-,,,,,,,,,,-,,,,,,,,,,,,,,,,,-,0x0,,-,S-1-0-0,GARFIELD,,0x0,,0x4d12e8,,-,-,,,,,Administrator,S-1-5-21-2502726253-3859040611-225969357-500,,,,,-,,,,,,%%1843,,,RODC01,
2025-08-17T11:33:34.628514Z,4634,DC01.garfield.htb,Microsoft-Windows-Security-Auditing,Security,4136,0,,,,,,,,,,,,,,,,,,,,,,,,,,,,,,,,,,,,,,,,,,,,,,,,,,,,,,,,,,,,,,,,,,,,,,,3,,,,,,,,,,,,,,,,,,,,,,,,,,,,,,,,,,,,,,,,,,,,,,,,,,,,,,,,,,,,,,,,,,,,,,,,,,,,,GARFIELD,,,,0x4d12e8,,,,,,,,Administrator,S-1-5-21-2502726253-3859040611-225969357-500,,,,,,,,,,,,,,,
2025-08-17T11:33:34.632375Z,4776,DC01.garfield.htb,Microsoft-Windows-Security-Auditing,Security,4137,0,,,,,,,,,,,,,,,,,,,,,,,,,,,,,,,,,,,,,,,,,,,,,,,,,,,,,,,,,,,,,,,,,,,,,,,,,,,,,,,,,,,,,,,,,,,,,,,,,,,,,,,,MICROSOFT_AUTHENTICATION_PACKAGE_V1_0,,,,,,,,,,,,,,,,,,,,,,,,,,,,,,,,,,0x0,,,,,,,,,,,,,,,,,,,,,,administrator,,,,,,,,,,,,,,RODC01,,
2025-08-17T11:33:34.632550Z,4672,DC01.garfield.htb,Microsoft-Windows-Security-Auditing,Security,4138,0,,,,,,,,,,,,,,,,,,,,,,,,,,,,,,,,,,,,,,,,,,,,,,,,,,,,,,,,,,,,,,,,,,,,,,,,,,,,,,,,,,,,,,,,,,,,,,,,,,,,,,,,,,,,,,,,,"SeSecurityPrivilege
			SeBackupPrivilege
			SeRestorePrivilege
			SeTakeOwnershipPrivilege
			SeDebugPrivilege
			SeSystemEnvironmentPrivilege
			SeLoadDriverPrivilege
			SeImpersonatePrivilege
			SeDelegateSessionUserImpersonatePrivilege
			SeEnableDelegationPrivilege",,,,,,,,,,,,,,,,,,,,,,,,,,,,,,GARFIELD,0x4d12ff,,Administrator,S-1-5-21-2502726253-3859040611-225969357-500,,,,,,,,,,,,,,,,,,,,,,,,,,,,,
2025-08-17T11:33:34.632584Z,4624,DC01.garfield.htb,Microsoft-Windows-Security-Auditing,Security,4139,0,,,,,,,,,,,,,,,,,NTLM,,,,,,,,,,,,,,,,,,,,,,,,%%1842,,,,,,,,,,,,,%%1833,10.10.11.221,49790,,,,128,,,NTLM V2,,,,,00000000-0000-0000-0000-000000000000,,NtLmSsp ,3,,,,,,,,,,,,,,,,,,,,,,,,,,,,,,,,,,,,,,,,,,,,0x0,-,,,,,,,,,,-,,,,,,,,,,,,,,,,,-,0x0,,-,S-1-0-0,GARFIELD,,0x0,,0x4d12ff,,-,-,,,,,Administrator,S-1-5-21-2502726253-3859040611-225969357-500,,,,,-,,,,,,%%1843,,,RODC01,
2025-08-17T11:33:34.636814Z,4634,DC01.garfield.htb,Microsoft-Windows-Security-Auditing,Security,4140,0,,,,,,,,,,,,,,,,,,,,,,,,,,,,,,,,,,,,,,,,,,,,,,,,,,,,,,,,,,,,,,,,,,,,,,,3,,,,,,,,,,,,,,,,,,,,,,,,,,,,,,,,,,,,,,,,,,,,,,,,,,,,,,,,,,,,,,,,,,,,,,,,,,,,,GARFIELD,,,,0x4d12ff,,,,,,,,Administrator,S-1-5-21-2502726253-3859040611-225969357-500,,,,,,,,,,,,,,,
2025-08-17T11:33:34.641800Z,4776,DC01.garfield.htb,Microsoft-Windows-Security-Auditing,Security,4141,0,,,,,,,,,,,,,,,,,,,,,,,,,,,,,,,,,,,,,,,,,,,,,,,,,,,,,,,,,,,,,,,,,,,,,,,,,,,,,,,,,,,,,,,,,,,,,,,,,,,,,,,,MICROSOFT_AUTHENTICATION_PACKAGE_V1_0,,,,,,,,,,,,,,,,,,,,,,,,,,,,,,,,,,0x0,,,,,,,,,,,,,,,,,,,,,,administrator,,,,,,,,,,,,,,RODC01,,
2025-08-17T11:33:34.642057Z,4672,DC01.garfield.htb,Microsoft-Windows-Security-Auditing,Security,4142,0,,,,,,,,,,,,,,,,,,,,,,,,,,,,,,,,,,,,,,,,,,,,,,,,,,,,,,,,,,,,,,,,,,,,,,,,,,,,,,,,,,,,,,,,,,,,,,,,,,,,,,,,,,,,,,,,,"SeSecurityPrivilege
			SeBackupPrivilege
			SeRestorePrivilege
			SeTakeOwnershipPrivilege
			SeDebugPrivilege
			SeSystemEnvironmentPrivilege
			SeLoadDriverPrivilege
			SeImpersonatePrivilege
			SeDelegateSessionUserImpersonatePrivilege
			SeEnableDelegationPrivilege",,,,,,,,,,,,,,,,,,,,,,,,,,,,,,GARFIELD,0x4d1316,,Administrator,S-1-5-21-2502726253-3859040611-225969357-500,,,,,,,,,,,,,,,,,,,,,,,,,,,,,
2025-08-17T11:33:34.642093Z,4624,DC01.garfield.htb,Microsoft-Windows-Security-Auditing,Security,4143,0,,,,,,,,,,,,,,,,,NTLM,,,,,,,,,,,,,,,,,,,,,,,,%%1842,,,,,,,,,,,,,%%1833,10.10.11.221,49791,,,,128,,,NTLM V2,,,,,00000000-0000-0000-0000-000000000000,,NtLmSsp ,3,,,,,,,,,,,,,,,,,,,,,,,,,,,,,,,,,,,,,,,,,,,,0x0,-,,,,,,,,,,-,,,,,,,,,,,,,,,,,-,0x0,,-,S-1-0-0,GARFIELD,,0x0,,0x4d1316,,-,-,,,,,Administrator,S-1-5-21-2502726253-3859040611-225969357-500,,,,,-,,,,,,%%1843,,,RODC01,
2025-08-17T11:33:34.645888Z,4634,DC01.garfield.htb,Microsoft-Windows-Security-Auditing,Security,4144,0,,,,,,,,,,,,,,,,,,,,,,,,,,,,,,,,,,,,,,,,,,,,,,,,,,,,,,,,,,,,,,,,,,,,,,,3,,,,,,,,,,,,,,,,,,,,,,,,,,,,,,,,,,,,,,,,,,,,,,,,,,,,,,,,,,,,,,,,,,,,,,,,,,,,,GARFIELD,,,,0x4d1316,,,,,,,,Administrator,S-1-5-21-2502726253-3859040611-225969357-500,,,,,,,,,,,,,,,
2025-08-17T11:33:35.277991Z,4776,DC01.garfield.htb,Microsoft-Windows-Security-Auditing,Security,4145,0,,,,,,,,,,,,,,,,,,,,,,,,,,,,,,,,,,,,,,,,,,,,,,,,,,,,,,,,,,,,,,,,,,,,,,,,,,,,,,,,,,,,,,,,,,,,,,,,,,,,,,,,MICROSOFT_AUTHENTICATION_PACKAGE_V1_0,,,,,,,,,,,,,,,,,,,,,,,,,,,,,,,,,,0x0,,,,,,,,,,,,,,,,,,,,,,administrator,,,,,,,,,,,,,,RODC01,,
2025-08-17T11:33:35.278182Z,4672,DC01.garfield.htb,Microsoft-Windows-Security-Auditing,Security,4146,0,,,,,,,,,,,,,,,,,,,,,,,,,,,,,,,,,,,,,,,,,,,,,,,,,,,,,,,,,,,,,,,,,,,,,,,,,,,,,,,,,,,,,,,,,,,,,,,,,,,,,,,,,,,,,,,,,"SeSecurityPrivilege
			SeBackupPrivilege
			SeRestorePrivilege
			SeTakeOwnershipPrivilege
			SeDebugPrivilege
			SeSystemEnvironmentPrivilege
			SeLoadDriverPrivilege
			SeImpersonatePrivilege
			SeDelegateSessionUserImpersonatePrivilege
			SeEnableDelegationPrivilege",,,,,,,,,,,,,,,,,,,,,,,,,,,,,,GARFIELD,0x4d176f,,Administrator,S-1-5-21-2502726253-3859040611-225969357-500,,,,,,,,,,,,,,,,,,,,,,,,,,,,,
2025-08-17T11:33:35.278217Z,4624,DC01.garfield.htb,Microsoft-Windows-Security-Auditing,Security,4147,0,,,,,,,,,,,,,,,,,NTLM,,,,,,,,,,,,,,,,,,,,,,,,%%1842,,,,,,,,,,,,,%%1833,10.10.11.221,49792,,,,128,,,NTLM V2,,,,,00000000-0000-0000-0000-000000000000,,NtLmSsp ,3,,,,,,,,,,,,,,,,,,,,,,,,,,,,,,,,,,,,,,,,,,,,0x0,-,,,,,,,,,,-,,,,,,,,,,,,,,,,,-,0x0,,-,S-1-0-0,GARFIELD,,0x0,,0x4d176f,,-,-,,,,,Administrator,S-1-5-21-2502726253-3859040611-225969357-500,,,,,-,,,,,,%%1843,,,RODC01,
2025-08-17T11:33:35.287651Z,4634,DC01.garfield.htb,Microsoft-Windows-Security-Auditing,Security,4148,0,,,,,,,,,,,,,,,,,,,,,,,,,,,,,,,,,,,,,,,,,,,,,,,,,,,,,,,,,,,,,,,,,,,,,,,3,,,,,,,,,,,,,,,,,,,,,,,,,,,,,,,,,,,,,,,,,,,,,,,,,,,,,,,,,,,,,,,,,,,,,,,,,,,,,GARFIELD,,,,0x4d176f,,,,,,,,Administrator,S-1-5-21-2502726253-3859040611-225969357-500,,,,,,,,,,,,,,,
2025-08-17T11:33:35.288714Z,4776,DC01.garfield.htb,Microsoft-Windows-Security-Auditing,Security,4149,0,,,,,,,,,,,,,,,,,,,,,,,,,,,,,,,,,,,,,,,,,,,,,,,,,,,,,,,,,,,,,,,,,,,,,,,,,,,,,,,,,,,,,,,,,,,,,,,,,,,,,,,,MICROSOFT_AUTHENTICATION_PACKAGE_V1_0,,,,,,,,,,,,,,,,,,,,,,,,,,,,,,,,,,0x0,,,,,,,,,,,,,,,,,,,,,,administrator,,,,,,,,,,,,,,RODC01,,
2025-08-17T11:33:35.288875Z,4672,DC01.garfield.htb,Microsoft-Windows-Security-Auditing,Security,4150,0,,,,,,,,,,,,,,,,,,,,,,,,,,,,,,,,,,,,,,,,,,,,,,,,,,,,,,,,,,,,,,,,,,,,,,,,,,,,,,,,,,,,,,,,,,,,,,,,,,,,,,,,,,,,,,,,,"SeSecurityPrivilege
			SeBackupPrivilege
			SeRestorePrivilege
			SeTakeOwnershipPrivilege
			SeDebugPrivilege
			SeSystemEnvironmentPrivilege
			SeLoadDriverPrivilege
			SeImpersonatePrivilege
			SeDelegateSessionUserImpersonatePrivilege
			SeEnableDelegationPrivilege",,,,,,,,,,,,,,,,,,,,,,,,,,,,,,GARFIELD,0x4d1786,,Administrator,S-1-5-21-2502726253-3859040611-225969357-500,,,,,,,,,,,,,,,,,,,,,,,,,,,,,
2025-08-17T11:33:35.288909Z,4624,DC01.garfield.htb,Microsoft-Windows-Security-Auditing,Security,4151,0,,,,,,,,,,,,,,,,,NTLM,,,,,,,,,,,,,,,,,,,,,,,,%%1842,,,,,,,,,,,,,%%1833,10.10.11.221,49793,,,,128,,,NTLM V2,,,,,00000000-0000-0000-0000-000000000000,,NtLmSsp ,3,,,,,,,,,,,,,,,,,,,,,,,,,,,,,,,,,,,,,,,,,,,,0x0,-,,,,,,,,,,-,,,,,,,,,,,,,,,,,-,0x0,,-,S-1-0-0,GARFIELD,,0x0,,0x4d1786,,-,-,,,,,Administrator,S-1-5-21-2502726253-3859040611-225969357-500,,,,,-,,,,,,%%1843,,,RODC01,
2025-08-17T11:33:35.290341Z,4634,DC01.garfield.htb,Microsoft-Windows-Security-Auditing,Security,4152,0,,,,,,,,,,,,,,,,,,,,,,,,,,,,,,,,,,,,,,,,,,,,,,,,,,,,,,,,,,,,,,,,,,,,,,,3,,,,,,,,,,,,,,,,,,,,,,,,,,,,,,,,,,,,,,,,,,,,,,,,,,,,,,,,,,,,,,,,,,,,,,,,,,,,,GARFIELD,,,,0x4d1786,,,,,,,,Administrator,S-1-5-21-2502726253-3859040611-225969357-500,,,,,,,,,,,,,,,
2025-08-17T11:33:35.291734Z,4662,DC01.garfield.htb,Microsoft-Windows-Security-Auditing,Security,4153,0,,"%%7688
				",0x100,,,-,,,,,,,,,,,,,,,,,,,,,,,,,,,,,,,,,,,,,,,,,0x0,,,,,,,,,,,,,,,,,,,,,,,,,,,,,,,,,,,,,,,,,,,,,%{bcc7093d-cd1a-42dc-a248-8401d5782b41},,DS,%{19195a5b-6da0-11d0-afd3-00c04fd930c9},,,,,,,Object Access,,,,,,,,,,,,,,,,"%%7688
		{1131f6ac-9c07-11d1-f79f-00c04fc2dcd2}
	{19195a5b-6da0-11d0-afd3-00c04fd930c9}
",,,,,,,,,,,,,,,,,,,,,,,,,GARFIELD,0x4d108c,,Administrator,S-1-5-21-2502726253-3859040611-225969357-500,,,,,,,,,,,,,,,,,,,,,,,,,,,,,
2025-08-17T11:33:35.292011Z,4662,DC01.garfield.htb,Microsoft-Windows-Security-Auditing,Security,4154,0,,"%%7688
				",0x100,,,-,,,,,,,,,,,,,,,,,,,,,,,,,,,,,,,,,,,,,,,,,0x0,,,,,,,,,,,,,,,,,,,,,,,,,,,,,,,,,,,,,,,,,,,,,%{bcc7093d-cd1a-42dc-a248-8401d5782b41},,DS,%{19195a5b-6da0-11d0-afd3-00c04fd930c9},,,,,,,Object Access,,,,,,,,,,,,,,,,"%%7688
		{1131f6ac-9c07-11d1-f79f-00c04fc2dcd2}
	{19195a5b-6da0-11d0-afd3-00c04fd930c9}
",,,,,,,,,,,,,,,,,,,,,,,,,GARFIELD,0x4d108c,,Administrator,S-1-5-21-2502726253-3859040611-225969357-500,,,,,,,,,,,,,,,,,,,,,,,,,,,,,
2025-08-17T11:33:35.294048Z,4776,DC01.garfield.htb,Microsoft-Windows-Security-Auditing,Security,4155,0,,,,,,,,,,,,,,,,,,,,,,,,,,,,,,,,,,,,,,,,,,,,,,,,,,,,,,,,,,,,,,,,,,,,,,,,,,,,,,,,,,,,,,,,,,,,,,,,,,,,,,,,MICROSOFT_AUTHENTICATION_PACKAGE_V1_0,,,,,,,,,,,,,,,,,,,,,,,,,,,,,,,,,,0x0,,,,,,,,,,,,,,,,,,,,,,administrator,,,,,,,,,,,,,,RODC01,,
2025-08-17T11:33:35.294210Z,4672,DC01.garfield.htb,Microsoft-Windows-Security-Auditing,Security,4156,0,,,,,,,,,,,,,,,,,,,,,,,,,,,,,,,,,,,,,,,,,,,,,,,,,,,,,,,,,,,,,,,,,,,,,,,,,,,,,,,,,,,,,,,,,,,,,,,,,,,,,,,,,,,,,,,,,"SeSecurityPrivilege
			SeBackupPrivilege
			SeRestorePrivilege
			SeTakeOwnershipPrivilege
			SeDebugPrivilege
			SeSystemEnvironmentPrivilege
			SeLoadDriverPrivilege
			SeImpersonatePrivilege
			SeDelegateSessionUserImpersonatePrivilege
			SeEnableDelegationPrivilege",,,,,,,,,,,,,,,,,,,,,,,,,,,,,,GARFIELD,0x4d17af,,Administrator,S-1-5-21-2502726253-3859040611-225969357-500,,,,,,,,,,,,,,,,,,,,,,,,,,,,,
2025-08-17T11:33:35.294242Z,4624,DC01.garfield.htb,Microsoft-Windows-Security-Auditing,Security,4157,0,,,,,,,,,,,,,,,,,NTLM,,,,,,,,,,,,,,,,,,,,,,,,%%1842,,,,,,,,,,,,,%%1833,10.10.11.221,49794,,,,128,,,NTLM V2,,,,,00000000-0000-0000-0000-000000000000,,NtLmSsp ,3,,,,,,,,,,,,,,,,,,,,,,,,,,,,,,,,,,,,,,,,,,,,0x0,-,,,,,,,,,,-,,,,,,,,,,,,,,,,,-,0x0,,-,S-1-0-0,GARFIELD,,0x0,,0x4d17af,,-,-,,,,,Administrator,S-1-5-21-2502726253-3859040611-225969357-500,,,,,-,,,,,,%%1843,,,RODC01,
2025-08-17T11:33:35.297102Z,4634,DC01.garfield.htb,Microsoft-Windows-Security-Auditing,Security,4158,0,,,,,,,,,,,,,,,,,,,,,,,,,,,,,,,,,,,,,,,,,,,,,,,,,,,,,,,,,,,,,,,,,,,,,,,3,,,,,,,,,,,,,,,,,,,,,,,,,,,,,,,,,,,,,,,,,,,,,,,,,,,,,,,,,,,,,,,,,,,,,,,,,,,,,GARFIELD,,,,0x4d17af,,,,,,,,Administrator,S-1-5-21-2502726253-3859040611-225969357-500,,,,,,,,,,,,,,,
2025-08-17T11:33:35.299021Z,4776,DC01.garfield.htb,Microsoft-Windows-Security-Auditing,Security,4159,0,,,,,,,,,,,,,,,,,,,,,,,,,,,,,,,,,,,,,,,,,,,,,,,,,,,,,,,,,,,,,,,,,,,,,,,,,,,,,,,,,,,,,,,,,,,,,,,,,,,,,,,,MICROSOFT_AUTHENTICATION_PACKAGE_V1_0,,,,,,,,,,,,,,,,,,,,,,,,,,,,,,,,,,0x0,,,,,,,,,,,,,,,,,,,,,,administrator,,,,,,,,,,,,,,RODC01,,
