2025-08-13T10:57:52.351491Z,4672,DC01,Microsoft-Windows-Security-Auditing,Security,661,0,,,,,,,,,,,,,,,,,,,,,,,,,,,,,,,,,,,,,,,,,,,,,,,,,,,,,,,,,,,,,,,,,,,,,,,,,,,,,,,,,,,,,,,,,,,,,,,,,,,,,,,,,,,,,,,,,"SeAssignPrimaryTokenPrivilege
			SeTcbPrivilege
			SeSecurityPrivilege
			SeTakeOwnershipPrivilege
			SeLoadDriverPrivilege
			SeBackupPrivilege
			SeRestorePrivilege
			SeDebugPrivilege
			SeAuditPrivilege
			SeSystemEnvironmentPrivilege
			SeImpersonatePrivilege
			SeDelegateSessionUserImpersonatePrivilege",,,,,,,,,,,,,,,,,,,,,,,,,,,,,,NT AUTHORITY,0x3e7,,SYSTEM,S-1-5-18,,,,,,,,,,,,,,,,,,,,,,,,,,,,,
2025-08-13T10:57:52.358987Z,4624,DC01,Microsoft-Windows-Security-Auditing,Security,662,0,,,,,,,,,,,,,,,,,Negotiate,,,,,,,,,,,,,,,,,,,,,,,,%%1842,,,,,,,,,,,,,%%1833,-,-,,,,0,,,-,,,,,00000000-0000-0000-0000-000000000000,,Advapi  ,5,,,,,,,,,,,,,,,,,,,,,,,,,,,,,,,,,,,,,,,,,,,,0x298,C:\Windows\System32\services.exe,,,,,,,,,,-,,,,,,,,,,,,,,,,,WORKGROUP,0x3e7,,DC01$,S-1-5-18,NT AUTHORITY,,0x0,,0x3e7,,-,-,,,,,SYSTEM,S-1-5-18,,,,,-,,,,,,%%1843,,,-,
2025-08-13T10:57:52.358992Z,4672,DC01,Microsoft-Windows-Security-Auditing,Security,663,0,,,,,,,,,,,,,,,,,,,,,,,,,,,,,,,,,,,,,,,,,,,,,,,,,,,,,,,,,,,,,,,,,,,,,,,,,,,,,,,,,,,,,,,,,,,,,,,,,,,,,,,,,,,,,,,,,"SeAssignPrimaryTokenPrivilege
			SeTcbPrivilege
			SeSecurityPrivilege
			SeTakeOwnershipPrivilege
			SeLoadDriverPrivilege
			SeBackupPrivilege
			SeRestorePrivilege
			SeDebugPrivilege
			SeAuditPrivilege
			SeSystemEnvironmentPrivilege
			SeImpersonatePrivilege
			SeDelegateSessionUserImpersonatePrivilege",,,,,,,,,,,,,,,,,,,,,,,,,,,,,,NT AUTHORITY,0x3e7,,SYSTEM,S-1-5-18,,,,,,,,,,,,,,,,,,,,,,,,,,,,,
2025-08-13T10:57:52.415827Z,4799,DC01,Microsoft-Windows-Security-Auditing,Security,664,0,,,,,,,,,,,,,,,,,,0xaf4,C:\Windows\System32\svchost.exe,,,,,,,,,,,,,,,,,,,,,,,,,,,,,,,,,,,,,,,,,,,,,,,,,,,,,,,,,,,,,,,,,,,,,,,,,,,,,,,,,,,,,,,,,,,,,,,,,,,,,,,,,,,,,,,,,,,,,,,,,,,,WORKGROUP,0x3e4,,DC01$,S-1-5-20,Builtin,,,,,,,,,,,S-1-5-32-544,Administrators,,,,,,,,,,,,,,,,
2025-08-13T10:57:52.416198Z,4799,DC01,Microsoft-Windows-Security-Auditing,Security,665,0,,,,,,,,,,,,,,,,,,0xaf4,C:\Windows\System32\svchost.exe,,,,,,,,,,,,,,,,,,,,,,,,,,,,,,,,,,,,,,,,,,,,,,,,,,,,,,,,,,,,,,,,,,,,,,,,,,,,,,,,,,,,,,,,,,,,,,,,,,,,,,,,,,,,,,,,,,,,,,,,,,,,WORKGROUP,0x3e4,,DC01$,S-1-5-20,Builtin,,,,,,,,,,,S-1-5-32-551,Backup Operators,,,,,,,,,,,,,,,,
2025-08-13T10:57:52.525869Z,4798,DC01,Microsoft-Windows-Security-Auditing,Security,666,0,,,,,,,,,,,,,,,,,,0x16c,C:\Windows\System32\LogonUI.exe,,,,,,,,,,,,,,,,,,,,,,,,,,,,,,,,,,,,,,,,,,,,,,,,,,,,,,,,,,,,,,,,,,,,,,,,,,,,,,,,,,,,,,,,,,,,,,,,,,,,,,,,,,,,,,,,,,,,,,,,,,,,WORKGROUP,0x3e7,,DC01$,S-1-5-18,DC01,,,,,,,,,,,S-1-5-21-2502726253-3859040611-225969357-500,Administrator,,,,,,,,,,,,,,,,
2025-08-13T10:57:52.600346Z,4776,DC01,Microsoft-Windows-Security-Auditing,Security,667,0,,,,,,,,,,,,,,,,,,,,,,,,,,,,,,,,,,,,,,,,,,,,,,,,,,,,,,,,,,,,,,,,,,,,,,,,,,,,,,,,,,,,,,,,,,,,,,,,,,,,,,,,MICROSOFT_AUTHENTICATION_PACKAGE_V1_0,,,,,,,,,,,,,,,,,,,,,,,,,,,,,,,,,,0x0,,,,,,,,,,,,,,,,,,,,,,Administrator,,,,,,,,,,,,,,DC01,,
2025-08-13T10:57:52.603556Z,4648,DC01,Microsoft-Windows-Security-Auditing,Security,668,0,,,,,,,,,,,,,,,,,,,,,,,,,,,,,,,,,,,,,,,,,,,,,,,,,,,,,,,127.0.0.1,0,,,,,,,,,,,,00000000-0000-0000-0000-000000000000,,,,,,,,,,,,,,,,,,,,,,,,,,,,,,,,,,,,,,,,,,,,,,,0x838,C:\Windows\System32\svchost.exe,,,,,,,,,,,,,,,,,,,,,,,,,,,WORKGROUP,0x3e7,,DC01$,S-1-5-18,DC01,localhost,,00000000-0000-0000-0000-000000000000,,,,,,,localhost,,Administrator,,,,,,,,,,,,,,,,
2025-08-13T10:57:52.603573Z,4624,DC01,Microsoft-Windows-Security-Auditing,Security,669,0,,,,,,,,,,,,,,,,,Negotiate,,,,,,,,,,,,,,,,,,,,,,,,%%1842,,,,,,,,,,,,,%%1833,127.0.0.1,0,,,,0,,,-,,,,,00000000-0000-0000-0000-000000000000,,User32 ,2,,,,,,,,,,,,,,,,,,,,,,,,,,,,,,,,,,,,,,,,,,,,0x838,C:\Windows\System32\svchost.exe,,,,,,,,,,-,,,,,,,,,,,,,,,,,WORKGROUP,0x3e7,,DC01$,S-1-5-18,DC01,,0x0,,0x24098,,-,-,,,,,Administrator,S-1-5-21-2502726253-3859040611-225969357-500,,,,,-,,,,,,%%1843,,,DC01,
2025-08-13T10:57:52.603577Z,4672,DC01,Microsoft-Windows-Security-Auditing,Security,670,0,,,,,,,,,,,,,,,,,,,,,,,,,,,,,,,,,,,,,,,,,,,,,,,,,,,,,,,,,,,,,,,,,,,,,,,,,,,,,,,,,,,,,,,,,,,,,,,,,,,,,,,,,,,,,,,,,"SeSecurityPrivilege
			SeTakeOwnershipPrivilege
			SeLoadDriverPrivilege
			SeBackupPrivilege
			SeRestorePrivilege
			SeDebugPrivilege
			SeSystemEnvironmentPrivilege
			SeImpersonatePrivilege
			SeDelegateSessionUserImpersonatePrivilege",,,,,,,,,,,,,,,,,,,,,,,,,,,,,,DC01,0x24098,,Administrator,S-1-5-21-2502726253-3859040611-225969357-500,,,,,,,,,,,,,,,,,,,,,,,,,,,,,
2025-08-13T10:57:52.614694Z,4799,DC01,Microsoft-Windows-Security-Auditing,Security,671,0,,,,,,,,,,,,,,,,,,0xacc,C:\Windows\System32\svchost.exe,,,,,,,,,,,,,,,,,,,,,,,,,,,,,,,,,,,,,,,,,,,,,,,,,,,,,,,,,,,,,,,,,,,,,,,,,,,,,,,,,,,,,,,,,,,,,,,,,,,,,,,,,,,,,,,,,,,,,,,,,,,,WORKGROUP,0x3e7,,DC01$,S-1-5-18,Builtin,,,,,,,,,,,S-1-5-32-544,Administrators,,,,,,,,,,,,,,,,
2025-08-13T10:57:52.615672Z,4799,DC01,Microsoft-Windows-Security-Auditing,Security,672,0,,,,,,,,,,,,,,,,,,0xacc,C:\Windows\System32\svchost.exe,,,,,,,,,,,,,,,,,,,,,,,,,,,,,,,,,,,,,,,,,,,,,,,,,,,,,,,,,,,,,,,,,,,,,,,,,,,,,,,,,,,,,,,,,,,,,,,,,,,,,,,,,,,,,,,,,,,,,,,,,,,,WORKGROUP,0x3e7,,DC01$,S-1-5-18,Builtin,,,,,,,,,,,S-1-5-32-551,Backup Operators,,,,,,,,,,,,,,,,
2025-08-13T10:57:52.671077Z,5024,DC01,Microsoft-Windows-Security-Auditing,Security,673,0,,,,,,,,,,,,,,,,,,,,,,,,,,,,,,,,,,,,,,,,,,,,,,,,,,,,,,,,,,,,,,,,,,,,,,,,,,,,,,,,,,,,,,,,,,,,,,,,,,,,,,,,,,,,,,,,,,,,,,,,,,,,,,,,,,,,,,,,,,,,,,,,,,,,,,,,,,,,,,,,,,,,,,,,,,,,,,,,
2025-08-13T10:57:52.705501Z,4624,DC01,Microsoft-Windows-Security-Auditing,Security,674,0,,,,,,,,,,,,,,,,,Negotiate,,,,,,,,,,,,,,,,,,,,,,,,%%1842,,,,,,,,,,,,,%%1833,-,-,,,,0,,,-,,,,,00000000-0000-0000-0000-000000000000,,Advapi  ,5,,,,,,,,,,,,,,,,,,,,,,,,,,,,,,,,,,,,,,,,,,,,0x298,C:\Windows\System32\services.exe,,,,,,,,,,-,,,,,,,,,,,,,,,,,WORKGROUP,0x3e7,,DC01$,S-1-5-18,NT AUTHORITY,,0x0,,0x3e7,,-,-,,,,,SYSTEM,S-1-5-18,,,,,-,,,,,,%%1843,,,-,
2025-08-13T10:57:52.705509Z,4672,DC01,Microsoft-Windows-Security-Auditing,Security,675,0,,,,,,,,,,,,,,,,,,,,,,,,,,,,,,,,,,,,,,,,,,,,,,,,,,,,,,,,,,,,,,,,,,,,,,,,,,,,,,,,,,,,,,,,,,,,,,,,,,,,,,,,,,,,,,,,,"SeAssignPrimaryTokenPrivilege
			SeTcbPrivilege
			SeSecurityPrivilege
			SeTakeOwnershipPrivilege
			SeLoadDriverPrivilege
			SeBackupPrivilege
			SeRestorePrivilege
			SeDebugPrivilege
			SeAuditPrivilege
			SeSystemEnvironmentPrivilege
			SeImpersonatePrivilege
			SeDelegateSessionUserImpersonatePrivilege",,,,,,,,,,,,,,,,,,,,,,,,,,,,,,NT AUTHORITY,0x3e7,,SYSTEM,S-1-5-18,,,,,,,,,,,,,,,,,,,,,,,,,,,,,
2025-08-13T10:57:52.839932Z,4799,DC01,Microsoft-Windows-Security-Auditing,Security,676,0,,,,,,,,,,,,,,,,,,0x634,C:\Windows\System32\svchost.exe,,,,,,,,,,,,,,,,,,,,,,,,,,,,,,,,,,,,,,,,,,,,,,,,,,,,,,,,,,,,,,,,,,,,,,,,,,,,,,,,,,,,,,,,,,,,,,,,,,,,,,,,,,,,,,,,,,,,,,,,,,,,WORKGROUP,0x3e7,,DC01$,S-1-5-18,Builtin,,,,,,,,,,,S-1-5-32-544,Administrators,,,,,,,,,,,,,,,,
2025-08-13T10:57:53.064798Z,4624,DC01,Microsoft-Windows-Security-Auditing,Security,677,0,,,,,,,,,,,,,,,,,Negotiate,,,,,,,,,,,,,,,,,,,,,,,,%%1842,,,,,,,,,,,,,%%1833,-,-,,,,0,,,-,,,,,00000000-0000-0000-0000-000000000000,,Advapi  ,5,,,,,,,,,,,,,,,,,,,,,,,,,,,,,,,,,,,,,,,,,,,,0x298,C:\Windows\System32\services.exe,,,,,,,,,,-,,,,,,,,,,,,,,,,,WORKGROUP,0x3e7,,DC01$,S-1-5-18,NT AUTHORITY,,0x0,,0x3e7,,-,-,,,,,SYSTEM,S-1-5-18,,,,,-,,,,,,%%1843,,,-,
2025-08-13T10:57:53.064804Z,4672,DC01,Microsoft-Windows-Security-Auditing,Security,678,0,,,,,,,,,,,,,,,,,,,,,,,,,,,,,,,,,,,,,,,,,,,,,,,,,,,,,,,,,,,,,,,,,,,,,,,,,,,,,,,,,,,,,,,,,,,,,,,,,,,,,,,,,,,,,,,,,"SeAssignPrimaryTokenPrivilege
			SeTcbPrivilege
			SeSecurityPrivilege
			SeTakeOwnershipPrivilege
			SeLoadDriverPrivilege
			SeBackupPrivilege
			SeRestorePrivilege
			SeDebugPrivilege
			SeAuditPrivilege
			SeSystemEnvironmentPrivilege
			SeImpersonatePrivilege
			SeDelegateSessionUserImpersonatePrivilege",,,,,,,,,,,,,,,,,,,,,,,,,,,,,,NT AUTHORITY,0x3e7,,SYSTEM,S-1-5-18,,,,,,,,,,,,,,,,,,,,,,,,,,,,,
2025-08-13T10:57:53.076841Z,4624,DC01,Microsoft-Windows-Security-Auditing,Security,679,0,,,,,,,,,,,,,,,,,Negotiate,,,,,,,,,,,,,,,,,,,,,,,,%%1842,,,,,,,,,,,,,%%1833,-,-,,,,0,,,-,,,,,00000000-0000-0000-0000-000000000000,,Advapi  ,5,,,,,,,,,,,,,,,,,,,,,,,,,,,,,,,,,,,,,,,,,,,,0x298,C:\Windows\System32\services.exe,,,,,,,,,,-,,,,,,,,,,,,,,,,,WORKGROUP,0x3e7,,DC01$,S-1-5-18,NT AUTHORITY,,0x0,,0x3e7,,-,-,,,,,SYSTEM,S-1-5-18,,,,,-,,,,,,%%1843,,,-,
2025-08-13T10:57:53.076846Z,4672,DC01,Microsoft-Windows-Security-Auditing,Security,680,0,,,,,,,,,,,,,,,,,,,,,,,,,,,,,,,,,,,,,,,,,,,,,,,,,,,,,,,,,,,,,,,,,,,,,,,,,,,,,,,,,,,,,,,,,,,,,,,,,,,,,,,,,,,,,,,,,"SeAssignPrimaryTokenPrivilege
			SeTcbPrivilege
			SeSecurityPrivilege
			SeTakeOwnershipPrivilege
			SeLoadDriverPrivilege
			SeBackupPrivilege
			SeRestorePrivilege
			SeDebugPrivilege
			SeAuditPrivilege
			SeSystemEnvironmentPrivilege
			SeImpersonatePrivilege
			SeDelegateSessionUserImpersonatePrivilege",,,,,,,,,,,,,,,,,,,,,,,,,,,,,,NT AUTHORITY,0x3e7,,SYSTEM,S-1-5-18,,,,,,,,,,,,,,,,,,,,,,,,,,,,,
2025-08-13T10:57:53.165449Z,4624,DC01,Microsoft-Windows-Security-Auditing,Security,681,0,,,,,,,,,,,,,,,,,Negotiate,,,,,,,,,,,,,,,,,,,,,,,,%%1842,,,,,,,,,,,,,%%1833,-,-,,,,0,,,-,,,,,00000000-0000-0000-0000-000000000000,,Advapi  ,5,,,,,,,,,,,,,,,,,,,,,,,,,,,,,,,,,,,,,,,,,,,,0x298,C:\Windows\System32\services.exe,,,,,,,,,,-,,,,,,,,,,,,,,,,,WORKGROUP,0x3e7,,DC01$,S-1-5-18,NT AUTHORITY,,0x0,,0x3e7,,-,-,,,,,SYSTEM,S-1-5-18,,,,,-,,,,,,%%1843,,,-,
2025-08-13T10:57:53.165454Z,4672,DC01,Microsoft-Windows-Security-Auditing,Security,682,0,,,,,,,,,,,,,,,,,,,,,,,,,,,,,,,,,,,,,,,,,,,,,,,,,,,,,,,,,,,,,,,,,,,,,,,,,,,,,,,,,,,,,,,,,,,,,,,,,,,,,,,,,,,,,,,,,"SeAssignPrimaryTokenPrivilege
			SeTcbPrivilege
			SeSecurityPrivilege
			SeTakeOwnershipPrivilege
			SeLoadDriverPrivilege
			SeBackupPrivilege
			SeRestorePrivilege
			SeDebugPrivilege
			SeAuditPrivilege
			SeSystemEnvironmentPrivilege
			SeImpersonatePrivilege
			SeDelegateSessionUserImpersonatePrivilege",,,,,,,,,,,,,,,,,,,,,,,,,,,,,,NT AUTHORITY,0x3e7,,SYSTEM,S-1-5-18,,,,,,,,,,,,,,,,,,,,,,,,,,,,,
2025-08-13T10:57:53.175338Z,5058,DC01,Microsoft-Windows-Security-Auditing,Security,683,0,,,,,,,,,UNKNOWN,,,,,,,,,,,,,,,2025-08-13T10:57:52.950128Z,4068,,,,,,,,,,,,,,,,,,,,,,,,,,,,,,,,,,C:\Users\Administrator\AppData\Roaming\Microsoft\Crypto\Keys\de7cf8a7901d2ad13e5c67c29e5d1662_9c32fc58-91ff-4dc6-87b4-7e601db21fd9,,Microsoft Connected Devices Platform device certificate,%%2500,,,,,,,,,,,,,,,,,,,,,,,,,,,,,,,,,,,,,,,%%2458,,,,,,,,,,,,,,,,,,Microsoft Software Key Storage Provider,,,,,,,,0x0,,,,,,,,,,,,,,,,DC01,0x24098,,Administrator,S-1-5-21-2502726253-3859040611-225969357-500,,,,,,,,,,,,,,,,,,,,,,,,,,,,,
2025-08-13T10:57:53.179932Z,5061,DC01,Microsoft-Windows-Security-Auditing,Security,684,0,,,,,,,,,ECDSA_P256,,,,,,,,,,,,,,,,,,,,,,,,,,,,,,,,,,,,,,,,,,,,,,,,,,,,Microsoft Connected Devices Platform device certificate,%%2500,,,,,,,,,,,,,,,,,,,,,,,,,,,,,,,,,,,,,,,%%2480,,,,,,,,,,,,,,,,,,Microsoft Software Key Storage Provider,,,,,,,,0x0,,,,,,,,,,,,,,,,DC01,0x24098,,Administrator,S-1-5-21-2502726253-3859040611-225969357-500,,,,,,,,,,,,,,,,,,,,,,,,,,,,,
2025-08-13T10:57:53.180222Z,5059,DC01,Microsoft-Windows-Security-Auditing,Security,685,0,,,,,,,,,ECDSA_P256,,,,,,,,,,,,,,,2025-08-13T10:57:52.950128Z,4068,,,,,,,,,,,,,,,,,,,,,,,,,,,,,,,,,,,,Microsoft Connected Devices Platform device certificate,%%2500,,,,,,,,,,,,,,,,,,,,,,,,,,,,,,,,,,,,,,,%%2464,,,,,,,,,,,,,,,,,,Microsoft Software Key Storage Provider,,,,,,,,0x0,,,,,,,,,,,,,,,,DC01,0x24098,,Administrator,S-1-5-21-2502726253-3859040611-225969357-500,,,,,,,,,,,,,,,,,,,,,,,,,,,,,
2025-08-13T10:57:53.235035Z,5058,DC01,Microsoft-Windows-Security-Auditing,Security,686,0,,,,,,,,,UNKNOWN,,,,,,,,,,,,,,,2025-08-13T10:57:53.191005Z,4456,,,,,,,,,,,,,,,,,,,,,,,,,,,,,,,,,,C:\Windows\ServiceProfiles\LocalService\AppData\Roaming\Microsoft\Crypto\Keys\de7cf8a7901d2ad13e5c67c29e5d1662_9c32fc58-91ff-4dc6-87b4-7e601db21fd9,,Microsoft Connected Devices Platform device certificate,%%2500,,,,,,,,,,,,,,,,,,,,,,,,,,,,,,,,,,,,,,,%%2458,,,,,,,,,,,,,,,,,,Microsoft Software Key Storage Provider,,,,,,,,0x0,,,,,,,,,,,,,,,,NT AUTHORITY,0x3e5,,LOCAL SERVICE,S-1-5-19,,,,,,,,,,,,,,,,,,,,,,,,,,,,,
2025-08-13T10:57:53.239140Z,5061,DC01,Microsoft-Windows-Security-Auditing,Security,687,0,,,,,,,,,ECDSA_P256,,,,,,,,,,,,,,,,,,,,,,,,,,,,,,,,,,,,,,,,,,,,,,,,,,,,Microsoft Connected Devices Platform device certificate,%%2500,,,,,,,,,,,,,,,,,,,,,,,,,,,,,,,,,,,,,,,%%2480,,,,,,,,,,,,,,,,,,Microsoft Software Key Storage Provider,,,,,,,,0x0,,,,,,,,,,,,,,,,NT AUTHORITY,0x3e5,,LOCAL SERVICE,S-1-5-19,,,,,,,,,,,,,,,,,,,,,,,,,,,,,
2025-08-13T10:57:53.239381Z,5059,DC01,Microsoft-Windows-Security-Auditing,Security,688,0,,,,,,,,,ECDSA_P256,,,,,,,,,,,,,,,2025-08-13T10:57:53.191005Z,4456,,,,,,,,,,,,,,,,,,,,,,,,,,,,,,,,,,,,Microsoft Connected Devices Platform device certificate,%%2500,,,,,,,,,,,,,,,,,,,,,,,,,,,,,,,,,,,,,,,%%2464,,,,,,,,,,,,,,,,,,Microsoft Software Key Storage Provider,,,,,,,,0x0,,,,,,,,,,,,,,,,NT AUTHORITY,0x3e5,,LOCAL SERVICE,S-1-5-19,,,,,,,,,,,,,,,,,,,,,,,,,,,,,
2025-08-13T10:57:54.504430Z,4624,DC01,Microsoft-Windows-Security-Auditing,Security,689,0,,,,,,,,,,,,,,,,,Negotiate,,,,,,,,,,,,,,,,,,,,,,,,%%1842,,,,,,,,,,,,,%%1833,-,-,,,,0,,,-,,,,,00000000-0000-0000-0000-000000000000,,Advapi  ,5,,,,,,,,,,,,,,,,,,,,,,,,,,,,,,,,,,,,,,,,,,,,0x298,C:\Windows\System32\services.exe,,,,,,,,,,-,,,,,,,,,,,,,,,,,WORKGROUP,0x3e7,,DC01$,S-1-5-18,NT AUTHORITY,,0x0,,0x3e7,,-,-,,,,,SYSTEM,S-1-5-18,,,,,-,,,,,,%%1843,,,-,
2025-08-13T10:57:54.504436Z,4672,DC01,Microsoft-Windows-Security-Auditing,Security,690,0,,,,,,,,,,,,,,,,,,,,,,,,,,,,,,,,,,,,,,,,,,,,,,,,,,,,,,,,,,,,,,,,,,,,,,,,,,,,,,,,,,,,,,,,,,,,,,,,,,,,,,,,,,,,,,,,,"SeAssignPrimaryTokenPrivilege
			SeTcbPrivilege
			SeSecurityPrivilege
			SeTakeOwnershipPrivilege
			SeLoadDriverPrivilege
			SeBackupPrivilege
			SeRestorePrivilege
			SeDebugPrivilege
			SeAuditPrivilege
			SeSystemEnvironmentPrivilege
			SeImpersonatePrivilege
			SeDelegateSessionUserImpersonatePrivilege",,,,,,,,,,,,,,,,,,,,,,,,,,,,,,NT AUTHORITY,0x3e7,,SYSTEM,S-1-5-18,,,,,,,,,,,,,,,,,,,,,,,,,,,,,
2025-08-13T10:57:54.529483Z,4799,DC01,Microsoft-Windows-Security-Auditing,Security,691,0,,,,,,,,,,,,,,,,,,0x1520,C:\Windows\System32\VSSVC.exe,,,,,,,,,,,,,,,,,,,,,,,,,,,,,,,,,,,,,,,,,,,,,,,,,,,,,,,,,,,,,,,,,,,,,,,,,,,,,,,,,,,,,,,,,,,,,,,,,,,,,,,,,,,,,,,,,,,,,,,,,,,,WORKGROUP,0x3e7,,DC01$,S-1-5-18,Builtin,,,,,,,,,,,S-1-5-32-544,Administrators,,,,,,,,,,,,,,,,
2025-08-13T10:57:54.529749Z,4799,DC01,Microsoft-Windows-Security-Auditing,Security,692,0,,,,,,,,,,,,,,,,,,0x1520,C:\Windows\System32\VSSVC.exe,,,,,,,,,,,,,,,,,,,,,,,,,,,,,,,,,,,,,,,,,,,,,,,,,,,,,,,,,,,,,,,,,,,,,,,,,,,,,,,,,,,,,,,,,,,,,,,,,,,,,,,,,,,,,,,,,,,,,,,,,,,,WORKGROUP,0x3e7,,DC01$,S-1-5-18,Builtin,,,,,,,,,,,S-1-5-32-551,Backup Operators,,,,,,,,,,,,,,,,
2025-08-13T10:57:54.538165Z,4799,DC01,Microsoft-Windows-Security-Auditing,Security,693,0,,,,,,,,,,,,,,,,,,0x1520,C:\Windows\System32\VSSVC.exe,,,,,,,,,,,,,,,,,,,,,,,,,,,,,,,,,,,,,,,,,,,,,,,,,,,,,,,,,,,,,,,,,,,,,,,,,,,,,,,,,,,,,,,,,,,,,,,,,,,,,,,,,,,,,,,,,,,,,,,,,,,,WORKGROUP,0x3e7,,DC01$,S-1-5-18,Builtin,,,,,,,,,,,S-1-5-32-544,Administrators,,,,,,,,,,,,,,,,
2025-08-13T10:57:54.538460Z,4799,DC01,Microsoft-Windows-Security-Auditing,Security,694,0,,,,,,,,,,,,,,,,,,0x1520,C:\Windows\System32\VSSVC.exe,,,,,,,,,,,,,,,,,,,,,,,,,,,,,,,,,,,,,,,,,,,,,,,,,,,,,,,,,,,,,,,,,,,,,,,,,,,,,,,,,,,,,,,,,,,,,,,,,,,,,,,,,,,,,,,,,,,,,,,,,,,,WORKGROUP,0x3e7,,DC01$,S-1-5-18,Builtin,,,,,,,,,,,S-1-5-32-551,Backup Operators,,,,,,,,,,,,,,,,
2025-08-13T10:57:54.545125Z,4799,DC01,Microsoft-Windows-Security-Auditing,Security,695,0,,,,,,,,,,,,,,,,,,0x1520,C:\Windows\System32\VSSVC.exe,,,,,,,,,,,,,,,,,,,,,,,,,,,,,,,,,,,,,,,,,,,,,,,,,,,,,,,,,,,,,,,,,,,,,,,,,,,,,,,,,,,,,,,,,,,,,,,,,,,,,,,,,,,,,,,,,,,,,,,,,,,,WORKGROUP,0x3e7,,DC01$,S-1-5-18,Builtin,,,,,,,,,,,S-1-5-32-544,Administrators,,,,,,,,,,,,,,,,
2025-08-13T10:57:54.545406Z,4799,DC01,Microsoft-Windows-Security-Auditing,Security,696,0,,,,,,,,,,,,,,,,,,0x1520,C:\Windows\System32\VSSVC.exe,,,,,,,,,,,,,,,,,,,,,,,,,,,,,,,,,,,,,,,,,,,,,,,,,,,,,,,,,,,,,,,,,,,,,,,,,,,,,,,,,,,,,,,,,,,,,,,,,,,,,,,,,,,,,,,,,,,,,,,,,,,,WORKGROUP,0x3e7,,DC01$,S-1-5-18,Builtin,,,,,,,,,,,S-1-5-32-551,Backup Operators,,,,,,,,,,,,,,,,
2025-08-13T10:57:54.550751Z,4799,DC01,Microsoft-Windows-Security-Auditing,Security,697,0,,,,,,,,,,,,,,,,,,0x1520,C:\Windows\System32\VSSVC.exe,,,,,,,,,,,,,,,,,,,,,,,,,,,,,,,,,,,,,,,,,,,,,,,,,,,,,,,,,,,,,,,,,,,,,,,,,,,,,,,,,,,,,,,,,,,,,,,,,,,,,,,,,,,,,,,,,,,,,,,,,,,,WORKGROUP,0x3e7,,DC01$,S-1-5-18,Builtin,,,,,,,,,,,S-1-5-32-544,Administrators,,,,,,,,,,,,,,,,
2025-08-13T10:57:54.551106Z,4799,DC01,Microsoft-Windows-Security-Auditing,Security,698,0,,,,,,,,,,,,,,,,,,0x1520,C:\Windows\System32\VSSVC.exe,,,,,,,,,,,,,,,,,,,,,,,,,,,,,,,,,,,,,,,,,,,,,,,,,,,,,,,,,,,,,,,,,,,,,,,,,,,,,,,,,,,,,,,,,,,,,,,,,,,,,,,,,,,,,,,,,,,,,,,,,,,,WORKGROUP,0x3e7,,DC01$,S-1-5-18,Builtin,,,,,,,,,,,S-1-5-32-551,Backup Operators,,,,,,,,,,,,,,,,
2025-08-13T10:57:58.604053Z,5379,DC01,Microsoft-Windows-Security-Auditing,Security,699,0,,,,,,,,,,,,,,,,,,,,,,,,,5296,,,,0,,,,,,,,,,,,,,,,,,,,,,,,,,,,,,,,,,,,,,,,,,,,,,,,,,,,,,,,,,,,,,,,,,,,,,,,,,,,,,,,,,,,,2025-08-13T10:57:54.138603Z,,,,,,,,%%8100,,,,,3221226021,,,,,,,,,,,,,,,,DC01,0x24098,,Administrator,S-1-5-21-2502726253-3859040611-225969357-500,,,,,,ServerManager*,,,,,,,,,,,,,,0,,,,,,,,,
2025-08-13T10:58:00.284683Z,4624,DC01,Microsoft-Windows-Security-Auditing,Security,700,0,,,,,,,,,,,,,,,,,Negotiate,,,,,,,,,,,,,,,,,,,,,,,,%%1842,,,,,,,,,,,,,%%1833,-,-,,,,0,,,-,,,,,00000000-0000-0000-0000-000000000000,,Advapi  ,5,,,,,,,,,,,,,,,,,,,,,,,,,,,,,,,,,,,,,,,,,,,,0x298,C:\Windows\System32\services.exe,,,,,,,,,,-,,,,,,,,,,,,,,,,,WORKGROUP,0x3e7,,DC01$,S-1-5-18,NT AUTHORITY,,0x0,,0x3e7,,-,-,,,,,SYSTEM,S-1-5-18,,,,,-,,,,,,%%1843,,,-,
2025-08-13T10:58:00.284689Z,4672,DC01,Microsoft-Windows-Security-Auditing,Security,701,0,,,,,,,,,,,,,,,,,,,,,,,,,,,,,,,,,,,,,,,,,,,,,,,,,,,,,,,,,,,,,,,,,,,,,,,,,,,,,,,,,,,,,,,,,,,,,,,,,,,,,,,,,,,,,,,,,"SeAssignPrimaryTokenPrivilege
			SeTcbPrivilege
			SeSecurityPrivilege
			SeTakeOwnershipPrivilege
			SeLoadDriverPrivilege
			SeBackupPrivilege
			SeRestorePrivilege
			SeDebugPrivilege
			SeAuditPrivilege
			SeSystemEnvironmentPrivilege
			SeImpersonatePrivilege
			SeDelegateSessionUserImpersonatePrivilege",,,,,,,,,,,,,,,,,,,,,,,,,,,,,,NT AUTHORITY,0x3e7,,SYSTEM,S-1-5-18,,,,,,,,,,,,,,,,,,,,,,,,,,,,,
2025-08-13T10:58:12.568639Z,4624,DC01,Microsoft-Windows-Security-Auditing,Security,702,0,,,,,,,,,,,,,,,,,Negotiate,,,,,,,,,,,,,,,,,,,,,,,,%%1842,,,,,,,,,,,,,%%1833,-,-,,,,0,,,-,,,,,00000000-0000-0000-0000-000000000000,,Advapi  ,5,,,,,,,,,,,,,,,,,,,,,,,,,,,,,,,,,,,,,,,,,,,,0x298,C:\Windows\System32\services.exe,,,,,,,,,,-,,,,,,,,,,,,,,,,,WORKGROUP,0x3e7,,DC01$,S-1-5-18,NT AUTHORITY,,0x0,,0x3e7,,-,-,,,,,SYSTEM,S-1-5-18,,,,,-,,,,,,%%1843,,,-,
2025-08-13T10:58:12.568828Z,4672,DC01,Microsoft-Windows-Security-Auditing,Security,703,0,,,,,,,,,,,,,,,,,,,,,,,,,,,,,,,,,,,,,,,,,,,,,,,,,,,,,,,,,,,,,,,,,,,,,,,,,,,,,,,,,,,,,,,,,,,,,,,,,,,,,,,,,,,,,,,,,"SeAssignPrimaryTokenPrivilege
			SeTcbPrivilege
			SeSecurityPrivilege
			SeTakeOwnershipPrivilege
			SeLoadDriverPrivilege
			SeBackupPrivilege
			SeRestorePrivilege
			SeDebugPrivilege
			SeAuditPrivilege
			SeSystemEnvironmentPrivilege
			SeImpersonatePrivilege
			SeDelegateSessionUserImpersonatePrivilege",,,,,,,,,,,,,,,,,,,,,,,,,,,,,,NT AUTHORITY,0x3e7,,SYSTEM,S-1-5-18,,,,,,,,,,,,,,,,,,,,,,,,,,,,,
2025-08-13T10:58:12.684037Z,4799,DC01,Microsoft-Windows-Security-Auditing,Security,704,0,,,,,,,,,,,,,,,,,,0x17cc,C:\Windows\System32\svchost.exe,,,,,,,,,,,,,,,,,,,,,,,,,,,,,,,,,,,,,,,,,,,,,,,,,,,,,,,,,,,,,,,,,,,,,,,,,,,,,,,,,,,,,,,,,,,,,,,,,,,,,,,,,,,,,,,,,,,,,,,,,,,,WORKGROUP,0x3e7,,DC01$,S-1-5-18,Builtin,,,,,,,,,,,S-1-5-32-544,Administrators,,,,,,,,,,,,,,,,
2025-08-13T10:58:12.684310Z,4799,DC01,Microsoft-Windows-Security-Auditing,Security,705,0,,,,,,,,,,,,,,,,,,0x17cc,C:\Windows\System32\svchost.exe,,,,,,,,,,,,,,,,,,,,,,,,,,,,,,,,,,,,,,,,,,,,,,,,,,,,,,,,,,,,,,,,,,,,,,,,,,,,,,,,,,,,,,,,,,,,,,,,,,,,,,,,,,,,,,,,,,,,,,,,,,,,WORKGROUP,0x3e7,,DC01$,S-1-5-18,Builtin,,,,,,,,,,,S-1-5-32-551,Backup Operators,,,,,,,,,,,,,,,,
2025-08-13T10:58:12.736008Z,4624,DC01,Microsoft-Windows-Security-Auditing,Security,706,0,,,,,,,,,,,,,,,,,Negotiate,,,,,,,,,,,,,,,,,,,,,,,,%%1842,,,,,,,,,,,,,%%1833,-,-,,,,0,,,-,,,,,00000000-0000-0000-0000-000000000000,,Advapi  ,5,,,,,,,,,,,,,,,,,,,,,,,,,,,,,,,,,,,,,,,,,,,,0x298,C:\Windows\System32\services.exe,,,,,,,,,,-,,,,,,,,,,,,,,,,,WORKGROUP,0x3e7,,DC01$,S-1-5-18,NT AUTHORITY,,0x0,,0x3e7,,-,-,,,,,SYSTEM,S-1-5-18,,,,,-,,,,,,%%1843,,,-,
2025-08-13T10:58:12.736013Z,4672,DC01,Microsoft-Windows-Security-Auditing,Security,707,0,,,,,,,,,,,,,,,,,,,,,,,,,,,,,,,,,,,,,,,,,,,,,,,,,,,,,,,,,,,,,,,,,,,,,,,,,,,,,,,,,,,,,,,,,,,,,,,,,,,,,,,,,,,,,,,,,"SeAssignPrimaryTokenPrivilege
			SeTcbPrivilege
			SeSecurityPrivilege
			SeTakeOwnershipPrivilege
			SeLoadDriverPrivilege
			SeBackupPrivilege
			SeRestorePrivilege
			SeDebugPrivilege
			SeAuditPrivilege
			SeSystemEnvironmentPrivilege
			SeImpersonatePrivilege
			SeDelegateSessionUserImpersonatePrivilege",,,,,,,,,,,,,,,,,,,,,,,,,,,,,,NT AUTHORITY,0x3e7,,SYSTEM,S-1-5-18,,,,,,,,,,,,,,,,,,,,,,,,,,,,,
2025-08-13T10:59:52.125362Z,4624,DC01,Microsoft-Windows-Security-Auditing,Security,708,0,,,,,,,,,,,,,,,,,Negotiate,,,,,,,,,,,,,,,,,,,,,,,,%%1842,,,,,,,,,,,,,%%1833,-,-,,,,0,,,-,,,,,00000000-0000-0000-0000-000000000000,,Advapi  ,5,,,,,,,,,,,,,,,,,,,,,,,,,,,,,,,,,,,,,,,,,,,,0x298,C:\Windows\System32\services.exe,,,,,,,,,,-,,,,,,,,,,,,,,,,,WORKGROUP,0x3e7,,DC01$,S-1-5-18,NT AUTHORITY,,0x0,,0x3e7,,-,-,,,,,SYSTEM,S-1-5-18,,,,,-,,,,,,%%1843,,,-,
2025-08-13T10:59:52.125367Z,4672,DC01,Microsoft-Windows-Security-Auditing,Security,709,0,,,,,,,,,,,,,,,,,,,,,,,,,,,,,,,,,,,,,,,,,,,,,,,,,,,,,,,,,,,,,,,,,,,,,,,,,,,,,,,,,,,,,,,,,,,,,,,,,,,,,,,,,,,,,,,,,"SeAssignPrimaryTokenPrivilege
			SeTcbPrivilege
			SeSecurityPrivilege
			SeTakeOwnershipPrivilege
			SeLoadDriverPrivilege
			SeBackupPrivilege
			SeRestorePrivilege
			SeDebugPrivilege
			SeAuditPrivilege
			SeSystemEnvironmentPrivilege
			SeImpersonatePrivilege
			SeDelegateSessionUserImpersonatePrivilege",,,,,,,,,,,,,,,,,,,,,,,,,,,,,,NT AUTHORITY,0x3e7,,SYSTEM,S-1-5-18,,,,,,,,,,,,,,,,,,,,,,,,,,,,,
2025-08-13T10:59:56.360833Z,4624,DC01,Microsoft-Windows-Security-Auditing,Security,710,0,,,,,,,,,,,,,,,,,Negotiate,,,,,,,,,,,,,,,,,,,,,,,,%%1842,,,,,,,,,,,,,%%1833,-,-,,,,0,,,-,,,,,00000000-0000-0000-0000-000000000000,,Advapi  ,5,,,,,,,,,,,,,,,,,,,,,,,,,,,,,,,,,,,,,,,,,,,,0x298,C:\Windows\System32\services.exe,,,,,,,,,,-,,,,,,,,,,,,,,,,,WORKGROUP,0x3e7,,DC01$,S-1-5-18,NT AUTHORITY,,0x0,,0x3e7,,-,-,,,,,SYSTEM,S-1-5-18,,,,,-,,,,,,%%1843,,,-,
2025-08-13T10:59:56.360839Z,4672,DC01,Microsoft-Windows-Security-Auditing,Security,711,0,,,,,,,,,,,,,,,,,,,,,,,,,,,,,,,,,,,,,,,,,,,,,,,,,,,,,,,,,,,,,,,,,,,,,,,,,,,,,,,,,,,,,,,,,,,,,,,,,,,,,,,,,,,,,,,,,"SeAssignPrimaryTokenPrivilege
			SeTcbPrivilege
			SeSecurityPrivilege
			SeTakeOwnershipPrivilege
			SeLoadDriverPrivilege
			SeBackupPrivilege
			SeRestorePrivilege
			SeDebugPrivilege
			SeAuditPrivilege
			SeSystemEnvironmentPrivilege
			SeImpersonatePrivilege
			SeDelegateSessionUserImpersonatePrivilege",,,,,,,,,,,,,,,,,,,,,,,,,,,,,,NT AUTHORITY,0x3e7,,SYSTEM,S-1-5-18,,,,,,,,,,,,,,,,,,,,,,,,,,,,,
2025-08-13T10:59:58.041174Z,4624,DC01,Microsoft-Windows-Security-Auditing,Security,712,0,,,,,,,,,,,,,,,,,Negotiate,,,,,,,,,,,,,,,,,,,,,,,,%%1842,,,,,,,,,,,,,%%1833,-,-,,,,0,,,-,,,,,00000000-0000-0000-0000-000000000000,,Advapi  ,5,,,,,,,,,,,,,,,,,,,,,,,,,,,,,,,,,,,,,,,,,,,,0x298,C:\Windows\System32\services.exe,,,,,,,,,,-,,,,,,,,,,,,,,,,,WORKGROUP,0x3e7,,DC01$,S-1-5-18,NT AUTHORITY,,0x0,,0x3e7,,-,-,,,,,SYSTEM,S-1-5-18,,,,,-,,,,,,%%1843,,,-,
2025-08-13T10:59:58.041179Z,4672,DC01,Microsoft-Windows-Security-Auditing,Security,713,0,,,,,,,,,,,,,,,,,,,,,,,,,,,,,,,,,,,,,,,,,,,,,,,,,,,,,,,,,,,,,,,,,,,,,,,,,,,,,,,,,,,,,,,,,,,,,,,,,,,,,,,,,,,,,,,,,"SeAssignPrimaryTokenPrivilege
			SeTcbPrivilege
			SeSecurityPrivilege
			SeTakeOwnershipPrivilege
			SeLoadDriverPrivilege
			SeBackupPrivilege
			SeRestorePrivilege
			SeDebugPrivilege
			SeAuditPrivilege
			SeSystemEnvironmentPrivilege
			SeImpersonatePrivilege
			SeDelegateSessionUserImpersonatePrivilege",,,,,,,,,,,,,,,,,,,,,,,,,,,,,,NT AUTHORITY,0x3e7,,SYSTEM,S-1-5-18,,,,,,,,,,,,,,,,,,,,,,,,,,,,,
2025-08-13T11:00:13.576863Z,4624,DC01,Microsoft-Windows-Security-Auditing,Security,714,0,,,,,,,,,,,,,,,,,Negotiate,,,,,,,,,,,,,,,,,,,,,,,,%%1842,,,,,,,,,,,,,%%1833,-,-,,,,0,,,-,,,,,00000000-0000-0000-0000-000000000000,,Advapi  ,5,,,,,,,,,,,,,,,,,,,,,,,,,,,,,,,,,,,,,,,,,,,,0x298,C:\Windows\System32\services.exe,,,,,,,,,,-,,,,,,,,,,,,,,,,,WORKGROUP,0x3e7,,DC01$,S-1-5-18,NT AUTHORITY,,0x0,,0x3e7,,-,-,,,,,SYSTEM,S-1-5-18,,,,,-,,,,,,%%1843,,,-,
2025-08-13T11:00:13.576869Z,4672,DC01,Microsoft-Windows-Security-Auditing,Security,715,0,,,,,,,,,,,,,,,,,,,,,,,,,,,,,,,,,,,,,,,,,,,,,,,,,,,,,,,,,,,,,,,,,,,,,,,,,,,,,,,,,,,,,,,,,,,,,,,,,,,,,,,,,,,,,,,,,"SeAssignPrimaryTokenPrivilege
			SeTcbPrivilege
			SeSecurityPrivilege
			SeTakeOwnershipPrivilege
			SeLoadDriverPrivilege
			SeBackupPrivilege
			SeRestorePrivilege
			SeDebugPrivilege
			SeAuditPrivilege
			SeSystemEnvironmentPrivilege
			SeImpersonatePrivilege
			SeDelegateSessionUserImpersonatePrivilege",,,,,,,,,,,,,,,,,,,,,,,,,,,,,,NT AUTHORITY,0x3e7,,SYSTEM,S-1-5-18,,,,,,,,,,,,,,,,,,,,,,,,,,,,,
2025-08-13T11:00:28.858323Z,4624,DC01,Microsoft-Windows-Security-Auditing,Security,716,0,,,,,,,,,,,,,,,,,Negotiate,,,,,,,,,,,,,,,,,,,,,,,,%%1842,,,,,,,,,,,,,%%1833,-,-,,,,0,,,-,,,,,00000000-0000-0000-0000-000000000000,,Advapi  ,5,,,,,,,,,,,,,,,,,,,,,,,,,,,,,,,,,,,,,,,,,,,,0x298,C:\Windows\System32\services.exe,,,,,,,,,,-,,,,,,,,,,,,,,,,,WORKGROUP,0x3e7,,DC01$,S-1-5-18,NT AUTHORITY,,0x0,,0x3e7,,-,-,,,,,SYSTEM,S-1-5-18,,,,,-,,,,,,%%1843,,,-,
2025-08-13T11:00:28.858330Z,4672,DC01,Microsoft-Windows-Security-Auditing,Security,717,0,,,,,,,,,,,,,,,,,,,,,,,,,,,,,,,,,,,,,,,,,,,,,,,,,,,,,,,,,,,,,,,,,,,,,,,,,,,,,,,,,,,,,,,,,,,,,,,,,,,,,,,,,,,,,,,,,"SeAssignPrimaryTokenPrivilege
			SeTcbPrivilege
			SeSecurityPrivilege
			SeTakeOwnershipPrivilege
			SeLoadDriverPrivilege
			SeBackupPrivilege
			SeRestorePrivilege
			SeDebugPrivilege
			SeAuditPrivilege
			SeSystemEnvironmentPrivilege
			SeImpersonatePrivilege
			SeDelegateSessionUserImpersonatePrivilege",,,,,,,,,,,,,,,,,,,,,,,,,,,,,,NT AUTHORITY,0x3e7,,SYSTEM,S-1-5-18,,,,,,,,,,,,,,,,,,,,,,,,,,,,,
2025-08-13T11:00:53.892881Z,4647,DC01,Microsoft-Windows-Security-Auditing,Security,718,0,,,,,,,,,,,,,,,,,,,,,,,,,,,,,,,,,,,,,,,,,,,,,,,,,,,,,,,,,,,,,,,,,,,,,,,,,,,,,,,,,,,,,,,,,,,,,,,,,,,,,,,,,,,,,,,,,,,,,,,,,,,,,,,,,,,,,,,,,,,,,,,,,,,,DC01,,,,0x24098,,,,,,,,Administrator,S-1-5-21-2502726253-3859040611-225969357-500,,,,,,,,,,,,,,,
2025-08-13T11:00:55.097821Z,4907,DC01,Microsoft-Windows-Security-Auditing,Security,719,0,,,,,,,,,,,,,,,,,,,,,,,,,,,,,,,,,,,,,,,,,,,,,,,0x6c,,,,,,,,,,,,,,,,,,,,,,,,,,,,,,,,,,,,S:ARAI(AU;SAFA;DCLCRPCRSDWDWO;;;WD),,,,,,,,,C:\Windows\System32\c4d66f00-b6f0-4439-ac9b-c5ea13fe54d7_HyperV-ComputeCore.dll,,Security,File,,,,,,,,,,,,,,,,,,,,0x410,C:\Windows\System32\poqexec.exe,,,,,,,,,,,,,,,,,,,,,,,,,,,WORKGROUP,0x3e7,,DC01$,S-1-5-18,,,,,,,,,,,,,,,,,,,,,,,,,,,,,
2025-08-13T11:00:55.098208Z,4907,DC01,Microsoft-Windows-Security-Auditing,Security,720,0,,,,,,,,,,,,,,,,,,,,,,,,,,,,,,,,,,,,,,,,,,,,,,,0x6c,,,,,,,,,,,,,,,,,,,,,,,,,,,,,,,,,,,,S:ARAI(AU;SAFA;DCLCRPCRSDWDWO;;;WD),,,,,,,,,C:\Windows\System32\d4d78066-e6db-44b7-b5cd-2eb82dce620c_HyperV-ComputeLegacy.dll,,Security,File,,,,,,,,,,,,,,,,,,,,0x410,C:\Windows\System32\poqexec.exe,,,,,,,,,,,,,,,,,,,,,,,,,,,WORKGROUP,0x3e7,,DC01$,S-1-5-18,,,,,,,,,,,,,,,,,,,,,,,,,,,,,
2025-08-13T11:00:55.098609Z,4907,DC01,Microsoft-Windows-Security-Auditing,Security,721,0,,,,,,,,,,,,,,,,,,,,,,,,,,,,,,,,,,,,,,,,,,,,,,,0x6c,,,,,,,,,,,,,,,,,,,,,,,,,,,,,,,,,,,,S:ARAI(AU;SAFA;DCLCRPCRSDWDWO;;;WD),,,,,,,,,C:\Windows\System32\f1db7d81-95be-4911-935a-8ab71629112a_vmsvcext_sys.dll,,Security,File,,,,,,,,,,,,,,,,,,,,0x410,C:\Windows\System32\poqexec.exe,,,,,,,,,,,,,,,,,,,,,,,,,,,WORKGROUP,0x3e7,,DC01$,S-1-5-18,,,,,,,,,,,,,,,,,,,,,,,,,,,,,
2025-08-13T11:00:55.098994Z,4907,DC01,Microsoft-Windows-Security-Auditing,Security,722,0,,,,,,,,,,,,,,,,,,,,,,,,,,,,,,,,,,,,,,,,,,,,,,,0x6c,,,,,,,,,,,,,,,,,,,,,,,,,,,,,,,,,,,,S:ARAI(AU;SAFA;DCLCRPCRSDWDWO;;;WD),,,,,,,,,C:\Windows\System32\f989b52d-f928-44a3-9bf1-bf0c1da6a0d6_HyperV-DeviceVirtualization.dll,,Security,File,,,,,,,,,,,,,,,,,,,,0x410,C:\Windows\System32\poqexec.exe,,,,,,,,,,,,,,,,,,,,,,,,,,,WORKGROUP,0x3e7,,DC01$,S-1-5-18,,,,,,,,,,,,,,,,,,,,,,,,,,,,,
2025-08-13T11:00:55.099355Z,4907,DC01,Microsoft-Windows-Security-Auditing,Security,723,0,,,,,,,,,,,,,,,,,,,,,,,,,,,,,,,,,,,,,,,,,,,,,,,0x6c,,,,,,,,,,,,,,,,,,,,,,,,,,,,,,,,,,,,S:ARAI(AU;SAFA;DCLCRPCRSDWDWO;;;WD),,,,,,,,,C:\Windows\System32\nvspinfo.exe,,Security,File,,,,,,,,,,,,,,,,,,,,0x410,C:\Windows\System32\poqexec.exe,,,,,,,,,,,,,,,,,,,,,,,,,,,WORKGROUP,0x3e7,,DC01$,S-1-5-18,,,,,,,,,,,,,,,,,,,,,,,,,,,,,
2025-08-13T11:00:55.099722Z,4907,DC01,Microsoft-Windows-Security-Auditing,Security,724,0,,,,,,,,,,,,,,,,,,,,,,,,,,,,,,,,,,,,,,,,,,,,,,,0x6c,,,,,,,,,,,,,,,,,,,,,,,,,,,,,,,,,,,,S:ARAI(AU;SAFA;DCLCRPCRSDWDWO;;;WD),,,,,,,,,C:\Windows\System32\wnvapi.dll,,Security,File,,,,,,,,,,,,,,,,,,,,0x410,C:\Windows\System32\poqexec.exe,,,,,,,,,,,,,,,,,,,,,,,,,,,WORKGROUP,0x3e7,,DC01$,S-1-5-18,,,,,,,,,,,,,,,,,,,,,,,,,,,,,
2025-08-13T11:00:55.100526Z,4907,DC01,Microsoft-Windows-Security-Auditing,Security,725,0,,,,,,,,,,,,,,,,,,,,,,,,,,,,,,,,,,,,,,,,,,,,,,,0x6c,,,,,,,,,,,,,,,,,,,,,,,,,,,,,,,,,,,,S:ARAI(AU;SAFA;DCLCRPCRSDWDWO;;;WD),,,,,,,,,C:\Windows\System32\drivers\VmsProxy.sys,,Security,File,,,,,,,,,,,,,,,,,,,,0x410,C:\Windows\System32\poqexec.exe,,,,,,,,,,,,,,,,,,,,,,,,,,,WORKGROUP,0x3e7,,DC01$,S-1-5-18,,,,,,,,,,,,,,,,,,,,,,,,,,,,,
2025-08-13T11:00:55.100865Z,4907,DC01,Microsoft-Windows-Security-Auditing,Security,726,0,,,,,,,,,,,,,,,,,,,,,,,,,,,,,,,,,,,,,,,,,,,,,,,0x6c,,,,,,,,,,,,,,,,,,,,,,,,,,,,,,,,,,,,S:ARAI(AU;SAFA;DCLCRPCRSDWDWO;;;WD),,,,,,,,,C:\Windows\System32\drivers\VmsProxyHNic.sys,,Security,File,,,,,,,,,,,,,,,,,,,,0x410,C:\Windows\System32\poqexec.exe,,,,,,,,,,,,,,,,,,,,,,,,,,,WORKGROUP,0x3e7,,DC01$,S-1-5-18,,,,,,,,,,,,,,,,,,,,,,,,,,,,,
2025-08-13T11:00:55.101172Z,4907,DC01,Microsoft-Windows-Security-Auditing,Security,727,0,,,,,,,,,,,,,,,,,,,,,,,,,,,,,,,,,,,,,,,,,,,,,,,0x6c,,,,,,,,,,,,,,,,,,,,,,,,,,,,,,,,,,,,S:ARAI(AU;SAFA;DCLCRPCRSDWDWO;;;WD),,,,,,,,,C:\Windows\System32\drivers\vmsvcext.sys,,Security,File,,,,,,,,,,,,,,,,,,,,0x410,C:\Windows\System32\poqexec.exe,,,,,,,,,,,,,,,,,,,,,,,,,,,WORKGROUP,0x3e7,,DC01$,S-1-5-18,,,,,,,,,,,,,,,,,,,,,,,,,,,,,
2025-08-13T11:00:55.101461Z,4907,DC01,Microsoft-Windows-Security-Auditing,Security,728,0,,,,,,,,,,,,,,,,,,,,,,,,,,,,,,,,,,,,,,,,,,,,,,,0x6c,,,,,,,,,,,,,,,,,,,,,,,,,,,,,,,,,,,,S:ARAI(AU;SAFA;DCLCRPCRSDWDWO;;;WD),,,,,,,,,C:\Windows\System32\drivers\vmswitch.sys,,Security,File,,,,,,,,,,,,,,,,,,,,0x410,C:\Windows\System32\poqexec.exe,,,,,,,,,,,,,,,,,,,,,,,,,,,WORKGROUP,0x3e7,,DC01$,S-1-5-18,,,,,,,,,,,,,,,,,,,,,,,,,,,,,
2025-08-13T11:00:55.101795Z,4907,DC01,Microsoft-Windows-Security-Auditing,Security,729,0,,,,,,,,,,,,,,,,,,,,,,,,,,,,,,,,,,,,,,,,,,,,,,,0x6c,,,,,,,,,,,,,,,,,,,,,,,,,,,,,,,,,,,,S:ARAI(AU;SAFA;DCLCRPCRSDWDWO;;;WD),,,,,,,,,C:\Windows\System32\drivers\Wnv.sys,,Security,File,,,,,,,,,,,,,,,,,,,,0x410,C:\Windows\System32\poqexec.exe,,,,,,,,,,,,,,,,,,,,,,,,,,,WORKGROUP,0x3e7,,DC01$,S-1-5-18,,,,,,,,,,,,,,,,,,,,,,,,,,,,,
2025-08-13T11:00:55.110436Z,4907,DC01,Microsoft-Windows-Security-Auditing,Security,730,0,,,,,,,,,,,,,,,,,,,,,,,,,,,,,,,,,,,,,,,,,,,,,,,0x6c,,,,,,,,,,,,,,,,,,,,,,,,,,,,,,,,,,,,S:ARAI(AU;SAFA;0x1f0116;;;WD),,,,,,,,,C:\Windows\WinSxS\FileMaps\_0000000000000000.cdf-ms,,Security,File,,,,,,,,,,,,,,,,,,,,0x410,C:\Windows\System32\poqexec.exe,,,,,,,,,,,,,,,,,,,,,,,,,,,WORKGROUP,0x3e7,,DC01$,S-1-5-18,,,,,,,,,,,,,,,,,,,,,,,,,,,,,
2025-08-13T11:00:55.111581Z,4907,DC01,Microsoft-Windows-Security-Auditing,Security,731,0,,,,,,,,,,,,,,,,,,,,,,,,,,,,,,,,,,,,,,,,,,,,,,,0x6c,,,,,,,,,,,,,,,,,,,,,,,,,,,,,,,,,,,,S:ARAI(AU;SAFA;0x1f0116;;;WD),,,,,,,,,C:\Windows\WinSxS\FileMaps\$$.cdf-ms,,Security,File,,,,,,,,,,,,,,,,,,,,0x410,C:\Windows\System32\poqexec.exe,,,,,,,,,,,,,,,,,,,,,,,,,,,WORKGROUP,0x3e7,,DC01$,S-1-5-18,,,,,,,,,,,,,,,,,,,,,,,,,,,,,
2025-08-13T11:00:55.112970Z,4907,DC01,Microsoft-Windows-Security-Auditing,Security,732,0,,,,,,,,,,,,,,,,,,,,,,,,,,,,,,,,,,,,,,,,,,,,,,,0x6c,,,,,,,,,,,,,,,,,,,,,,,,,,,,,,,,,,,,S:ARAI(AU;SAFA;0x1f0116;;;WD),,,,,,,,,C:\Windows\WinSxS\FileMaps\$$_syswow64_21ffbdd2a2dd92e0.cdf-ms,,Security,File,,,,,,,,,,,,,,,,,,,,0x410,C:\Windows\System32\poqexec.exe,,,,,,,,,,,,,,,,,,,,,,,,,,,WORKGROUP,0x3e7,,DC01$,S-1-5-18,,,,,,,,,,,,,,,,,,,,,,,,,,,,,
2025-08-13T11:00:55.114247Z,4907,DC01,Microsoft-Windows-Security-Auditing,Security,733,0,,,,,,,,,,,,,,,,,,,,,,,,,,,,,,,,,,,,,,,,,,,,,,,0x6c,,,,,,,,,,,,,,,,,,,,,,,,,,,,,,,,,,,,S:ARAI(AU;SAFA;0x1f0116;;;WD),,,,,,,,,C:\Windows\WinSxS\FileMaps\$$_syswow64_windowspowershell_v1.0_19ae85881f1c4f2d.cdf-ms,,Security,File,,,,,,,,,,,,,,,,,,,,0x410,C:\Windows\System32\poqexec.exe,,,,,,,,,,,,,,,,,,,,,,,,,,,WORKGROUP,0x3e7,,DC01$,S-1-5-18,,,,,,,,,,,,,,,,,,,,,,,,,,,,,
2025-08-13T11:00:55.115513Z,4907,DC01,Microsoft-Windows-Security-Auditing,Security,734,0,,,,,,,,,,,,,,,,,,,,,,,,,,,,,,,,,,,,,,,,,,,,,,,0x6c,,,,,,,,,,,,,,,,,,,,,,,,,,,,,,,,,,,,S:ARAI(AU;SAFA;0x1f0116;;;WD),,,,,,,,,C:\Windows\WinSxS\FileMaps\$$_syswow64_windowspowershell_v1.0_modules_b001352a7f7811a4.cdf-ms,,Security,File,,,,,,,,,,,,,,,,,,,,0x410,C:\Windows\System32\poqexec.exe,,,,,,,,,,,,,,,,,,,,,,,,,,,WORKGROUP,0x3e7,,DC01$,S-1-5-18,,,,,,,,,,,,,,,,,,,,,,,,,,,,,
2025-08-13T11:00:55.117357Z,4907,DC01,Microsoft-Windows-Security-Auditing,Security,735,0,,,,,,,,,,,,,,,,,,,,,,,,,,,,,,,,,,,,,,,,,,,,,,,0x6c,,,,,,,,,,,,,,,,,,,,,,,,,,,,,,,,,,,,S:ARAI(AU;SAFA;0x1f0116;;;WD),,,,,,,,,C:\Windows\WinSxS\FileMaps\$$_syswow64_windowspowershell_v1.0_modules_netwnv_d492e125ca2d470a.cdf-ms,,Security,File,,,,,,,,,,,,,,,,,,,,0x410,C:\Windows\System32\poqexec.exe,,,,,,,,,,,,,,,,,,,,,,,,,,,WORKGROUP,0x3e7,,DC01$,S-1-5-18,,,,,,,,,,,,,,,,,,,,,,,,,,,,,
2025-08-13T11:00:55.118784Z,4907,DC01,Microsoft-Windows-Security-Auditing,Security,736,0,,,,,,,,,,,,,,,,,,,,,,,,,,,,,,,,,,,,,,,,,,,,,,,0x6c,,,,,,,,,,,,,,,,,,,,,,,,,,,,,,,,,,,,S:ARAI(AU;SAFA;0x1f0116;;;WD),,,,,,,,,C:\Windows\WinSxS\FileMaps\$$_syswow64_windowspowershell_v1.0_modules_hyper-v_2.0.0.0_e405d34891a93e8b.cdf-ms,,Security,File,,,,,,,,,,,,,,,,,,,,0x410,C:\Windows\System32\poqexec.exe,,,,,,,,,,,,,,,,,,,,,,,,,,,WORKGROUP,0x3e7,,DC01$,S-1-5-18,,,,,,,,,,,,,,,,,,,,,,,,,,,,,
2025-08-13T11:00:55.120069Z,4907,DC01,Microsoft-Windows-Security-Auditing,Security,737,0,,,,,,,,,,,,,,,,,,,,,,,,,,,,,,,,,,,,,,,,,,,,,,,0x6c,,,,,,,,,,,,,,,,,,,,,,,,,,,,,,,,,,,,S:ARAI(AU;SAFA;0x1f0116;;;WD),,,,,,,,,C:\Windows\WinSxS\FileMaps\$$_syswow64_windowspowershell_v1.0_modules_hyper-v_1.1_274139982b49eac9.cdf-ms,,Security,File,,,,,,,,,,,,,,,,,,,,0x410,C:\Windows\System32\poqexec.exe,,,,,,,,,,,,,,,,,,,,,,,,,,,WORKGROUP,0x3e7,,DC01$,S-1-5-18,,,,,,,,,,,,,,,,,,,,,,,,,,,,,
2025-08-13T11:00:55.121347Z,4907,DC01,Microsoft-Windows-Security-Auditing,Security,738,0,,,,,,,,,,,,,,,,,,,,,,,,,,,,,,,,,,,,,,,,,,,,,,,0x6c,,,,,,,,,,,,,,,,,,,,,,,,,,,,,,,,,,,,S:ARAI(AU;SAFA;0x1f0116;;;WD),,,,,,,,,C:\Windows\WinSxS\FileMaps\$$_syswow64_windowspowershell_v1.0_modules_grouppolicy_f160218b6d329add.cdf-ms,,Security,File,,,,,,,,,,,,,,,,,,,,0x410,C:\Windows\System32\poqexec.exe,,,,,,,,,,,,,,,,,,,,,,,,,,,WORKGROUP,0x3e7,,DC01$,S-1-5-18,,,,,,,,,,,,,,,,,,,,,,,,,,,,,
2025-08-13T11:00:55.122557Z,4907,DC01,Microsoft-Windows-Security-Auditing,Security,739,0,,,,,,,,,,,,,,,,,,,,,,,,,,,,,,,,,,,,,,,,,,,,,,,0x6c,,,,,,,,,,,,,,,,,,,,,,,,,,,,,,,,,,,,S:ARAI(AU;SAFA;0x1f0116;;;WD),,,,,,,,,C:\Windows\WinSxS\FileMaps\$$_syswow64_windowspowershell_v1.0_modules_grouppolicy_en-us_1786904f38608857.cdf-ms,,Security,File,,,,,,,,,,,,,,,,,,,,0x410,C:\Windows\System32\poqexec.exe,,,,,,,,,,,,,,,,,,,,,,,,,,,WORKGROUP,0x3e7,,DC01$,S-1-5-18,,,,,,,,,,,,,,,,,,,,,,,,,,,,,
2025-08-13T11:00:55.123966Z,4907,DC01,Microsoft-Windows-Security-Auditing,Security,740,0,,,,,,,,,,,,,,,,,,,,,,,,,,,,,,,,,,,,,,,,,,,,,,,0x6c,,,,,,,,,,,,,,,,,,,,,,,,,,,,,,,,,,,,S:ARAI(AU;SAFA;0x1f0116;;;WD),,,,,,,,,C:\Windows\WinSxS\FileMaps\$$_syswow64_windowspowershell_v1.0_modules_activedirectory_5d166ad940a9b76d.cdf-ms,,Security,File,,,,,,,,,,,,,,,,,,,,0x410,C:\Windows\System32\poqexec.exe,,,,,,,,,,,,,,,,,,,,,,,,,,,WORKGROUP,0x3e7,,DC01$,S-1-5-18,,,,,,,,,,,,,,,,,,,,,,,,,,,,,
2025-08-13T11:00:55.125439Z,4907,DC01,Microsoft-Windows-Security-Auditing,Security,741,0,,,,,,,,,,,,,,,,,,,,,,,,,,,,,,,,,,,,,,,,,,,,,,,0x6c,,,,,,,,,,,,,,,,,,,,,,,,,,,,,,,,,,,,S:ARAI(AU;SAFA;0x1f0116;;;WD),,,,,,,,,C:\Windows\WinSxS\FileMaps\$$_syswow64_windowspowershell_v1.0_modules_activedirectory_en-us_a57c0c93e0b20e55.cdf-ms,,Security,File,,,,,,,,,,,,,,,,,,,,0x410,C:\Windows\System32\poqexec.exe,,,,,,,,,,,,,,,,,,,,,,,,,,,WORKGROUP,0x3e7,,DC01$,S-1-5-18,,,,,,,,,,,,,,,,,,,,,,,,,,,,,
2025-08-13T11:00:55.126386Z,4907,DC01,Microsoft-Windows-Security-Auditing,Security,742,0,,,,,,,,,,,,,,,,,,,,,,,,,,,,,,,,,,,,,,,,,,,,,,,0x6c,,,,,,,,,,,,,,,,,,,,,,,,,,,,,,,,,,,,S:ARAI(AU;SAFA;0x1f0116;;;WD),,,,,,,,,C:\Windows\WinSxS\FileMaps\$$_syswow64_en-us_9e576ab077991fe8.cdf-ms,,Security,File,,,,,,,,,,,,,,,,,,,,0x410,C:\Windows\System32\poqexec.exe,,,,,,,,,,,,,,,,,,,,,,,,,,,WORKGROUP,0x3e7,,DC01$,S-1-5-18,,,,,,,,,,,,,,,,,,,,,,,,,,,,,
2025-08-13T11:00:55.127503Z,4907,DC01,Microsoft-Windows-Security-Auditing,Security,743,0,,,,,,,,,,,,,,,,,,,,,,,,,,,,,,,,,,,,,,,,,,,,,,,0x6c,,,,,,,,,,,,,,,,,,,,,,,,,,,,,,,,,,,,S:ARAI(AU;SAFA;0x1f0116;;;WD),,,,,,,,,C:\Windows\WinSxS\FileMaps\$$_system32_21f9a9c4a2f8b514.cdf-ms,,Security,File,,,,,,,,,,,,,,,,,,,,0x410,C:\Windows\System32\poqexec.exe,,,,,,,,,,,,,,,,,,,,,,,,,,,WORKGROUP,0x3e7,,DC01$,S-1-5-18,,,,,,,,,,,,,,,,,,,,,,,,,,,,,
2025-08-13T11:00:55.128721Z,4907,DC01,Microsoft-Windows-Security-Auditing,Security,744,0,,,,,,,,,,,,,,,,,,,,,,,,,,,,,,,,,,,,,,,,,,,,,,,0x6c,,,,,,,,,,,,,,,,,,,,,,,,,,,,,,,,,,,,S:ARAI(AU;SAFA;0x1f0116;;;WD),,,,,,,,,C:\Windows\WinSxS\FileMaps\$$_system32_windowspowershell_v1.0_3f102d555ee05d33.cdf-ms,,Security,File,,,,,,,,,,,,,,,,,,,,0x410,C:\Windows\System32\poqexec.exe,,,,,,,,,,,,,,,,,,,,,,,,,,,WORKGROUP,0x3e7,,DC01$,S-1-5-18,,,,,,,,,,,,,,,,,,,,,,,,,,,,,
2025-08-13T11:00:55.129770Z,4907,DC01,Microsoft-Windows-Security-Auditing,Security,745,0,,,,,,,,,,,,,,,,,,,,,,,,,,,,,,,,,,,,,,,,,,,,,,,0x6c,,,,,,,,,,,,,,,,,,,,,,,,,,,,,,,,,,,,S:ARAI(AU;SAFA;0x1f0116;;;WD),,,,,,,,,C:\Windows\WinSxS\FileMaps\$$_system32_windowspowershell_v1.0_modules_a349059b05097caa.cdf-ms,,Security,File,,,,,,,,,,,,,,,,,,,,0x410,C:\Windows\System32\poqexec.exe,,,,,,,,,,,,,,,,,,,,,,,,,,,WORKGROUP,0x3e7,,DC01$,S-1-5-18,,,,,,,,,,,,,,,,,,,,,,,,,,,,,
2025-08-13T11:00:55.131258Z,4907,DC01,Microsoft-Windows-Security-Auditing,Security,746,0,,,,,,,,,,,,,,,,,,,,,,,,,,,,,,,,,,,,,,,,,,,,,,,0x6c,,,,,,,,,,,,,,,,,,,,,,,,,,,,,,,,,,,,S:ARAI(AU;SAFA;0x1f0116;;;WD),,,,,,,,,C:\Windows\WinSxS\FileMaps\$$_system32_windowspowershell_v1.0_modules_netwnv_bb5f9cb8585e3eb6.cdf-ms,,Security,File,,,,,,,,,,,,,,,,,,,,0x410,C:\Windows\System32\poqexec.exe,,,,,,,,,,,,,,,,,,,,,,,,,,,WORKGROUP,0x3e7,,DC01$,S-1-5-18,,,,,,,,,,,,,,,,,,,,,,,,,,,,,
2025-08-13T11:00:55.132547Z,4907,DC01,Microsoft-Windows-Security-Auditing,Security,747,0,,,,,,,,,,,,,,,,,,,,,,,,,,,,,,,,,,,,,,,,,,,,,,,0x6c,,,,,,,,,,,,,,,,,,,,,,,,,,,,,,,,,,,,S:ARAI(AU;SAFA;0x1f0116;;;WD),,,,,,,,,C:\Windows\WinSxS\FileMaps\$$_system32_windowspowershell_v1.0_modules_hyper-v_2.0.0.0_45cc77db4979e391.cdf-ms,,Security,File,,,,,,,,,,,,,,,,,,,,0x410,C:\Windows\System32\poqexec.exe,,,,,,,,,,,,,,,,,,,,,,,,,,,WORKGROUP,0x3e7,,DC01$,S-1-5-18,,,,,,,,,,,,,,,,,,,,,,,,,,,,,
2025-08-13T11:00:55.134008Z,4907,DC01,Microsoft-Windows-Security-Auditing,Security,748,0,,,,,,,,,,,,,,,,,,,,,,,,,,,,,,,,,,,,,,,,,,,,,,,0x6c,,,,,,,,,,,,,,,,,,,,,,,,,,,,,,,,,,,,S:ARAI(AU;SAFA;0x1f0116;;;WD),,,,,,,,,C:\Windows\WinSxS\FileMaps\$$_system32_windowspowershell_v1.0_modules_hyper-v_1.1_ee64983912e1a443.cdf-ms,,Security,File,,,,,,,,,,,,,,,,,,,,0x410,C:\Windows\System32\poqexec.exe,,,,,,,,,,,,,,,,,,,,,,,,,,,WORKGROUP,0x3e7,,DC01$,S-1-5-18,,,,,,,,,,,,,,,,,,,,,,,,,,,,,
2025-08-13T11:00:55.135434Z,4907,DC01,Microsoft-Windows-Security-Auditing,Security,749,0,,,,,,,,,,,,,,,,,,,,,,,,,,,,,,,,,,,,,,,,,,,,,,,0x6c,,,,,,,,,,,,,,,,,,,,,,,,,,,,,,,,,,,,S:ARAI(AU;SAFA;0x1f0116;;;WD),,,,,,,,,C:\Windows\WinSxS\FileMaps\$$_system32_windowspowershell_v1.0_modules_hgsdiagnostics_982c90699b9bba0e.cdf-ms,,Security,File,,,,,,,,,,,,,,,,,,,,0x410,C:\Windows\System32\poqexec.exe,,,,,,,,,,,,,,,,,,,,,,,,,,,WORKGROUP,0x3e7,,DC01$,S-1-5-18,,,,,,,,,,,,,,,,,,,,,,,,,,,,,
2025-08-13T11:00:55.136648Z,4907,DC01,Microsoft-Windows-Security-Auditing,Security,750,0,,,,,,,,,,,,,,,,,,,,,,,,,,,,,,,,,,,,,,,,,,,,,,,0x6c,,,,,,,,,,,,,,,,,,,,,,,,,,,,,,,,,,,,S:ARAI(AU;SAFA;0x1f0116;;;WD),,,,,,,,,C:\Windows\WinSxS\FileMaps\$$_system32_windowspowershell_v1.0_modules_hgsclient_a37569871e8c081b.cdf-ms,,Security,File,,,,,,,,,,,,,,,,,,,,0x410,C:\Windows\System32\poqexec.exe,,,,,,,,,,,,,,,,,,,,,,,,,,,WORKGROUP,0x3e7,,DC01$,S-1-5-18,,,,,,,,,,,,,,,,,,,,,,,,,,,,,
2025-08-13T11:00:55.137993Z,4907,DC01,Microsoft-Windows-Security-Auditing,Security,751,0,,,,,,,,,,,,,,,,,,,,,,,,,,,,,,,,,,,,,,,,,,,,,,,0x6c,,,,,,,,,,,,,,,,,,,,,,,,,,,,,,,,,,,,S:ARAI(AU;SAFA;0x1f0116;;;WD),,,,,,,,,C:\Windows\WinSxS\FileMaps\$$_system32_windowspowershell_v1.0_modules_hgsclient_en-us_6aad1e8bee6d32e5.cdf-ms,,Security,File,,,,,,,,,,,,,,,,,,,,0x410,C:\Windows\System32\poqexec.exe,,,,,,,,,,,,,,,,,,,,,,,,,,,WORKGROUP,0x3e7,,DC01$,S-1-5-18,,,,,,,,,,,,,,,,,,,,,,,,,,,,,
2025-08-13T11:00:55.139219Z,4907,DC01,Microsoft-Windows-Security-Auditing,Security,752,0,,,,,,,,,,,,,,,,,,,,,,,,,,,,,,,,,,,,,,,,,,,,,,,0x6c,,,,,,,,,,,,,,,,,,,,,,,,,,,,,,,,,,,,S:ARAI(AU;SAFA;0x1f0116;;;WD),,,,,,,,,C:\Windows\WinSxS\FileMaps\$$_system32_windowspowershell_v1.0_modules_grouppolicy_b883802c54ca5457.cdf-ms,,Security,File,,,,,,,,,,,,,,,,,,,,0x410,C:\Windows\System32\poqexec.exe,,,,,,,,,,,,,,,,,,,,,,,,,,,WORKGROUP,0x3e7,,DC01$,S-1-5-18,,,,,,,,,,,,,,,,,,,,,,,,,,,,,
2025-08-13T11:00:55.140321Z,4907,DC01,Microsoft-Windows-Security-Auditing,Security,753,0,,,,,,,,,,,,,,,,,,,,,,,,,,,,,,,,,,,,,,,,,,,,,,,0x6c,,,,,,,,,,,,,,,,,,,,,,,,,,,,,,,,,,,,S:ARAI(AU;SAFA;0x1f0116;;;WD),,,,,,,,,C:\Windows\WinSxS\FileMaps\$$_system32_windowspowershell_v1.0_modules_grouppolicy_en-us_97cae6696b4b501f.cdf-ms,,Security,File,,,,,,,,,,,,,,,,,,,,0x410,C:\Windows\System32\poqexec.exe,,,,,,,,,,,,,,,,,,,,,,,,,,,WORKGROUP,0x3e7,,DC01$,S-1-5-18,,,,,,,,,,,,,,,,,,,,,,,,,,,,,
2025-08-13T11:00:55.141635Z,4907,DC01,Microsoft-Windows-Security-Auditing,Security,754,0,,,,,,,,,,,,,,,,,,,,,,,,,,,,,,,,,,,,,,,,,,,,,,,0x6c,,,,,,,,,,,,,,,,,,,,,,,,,,,,,,,,,,,,S:ARAI(AU;SAFA;0x1f0116;;;WD),,,,,,,,,C:\Windows\WinSxS\FileMaps\$$_system32_windowspowershell_v1.0_modules_dfsn_6a826925d13e6565.cdf-ms,,Security,File,,,,,,,,,,,,,,,,,,,,0x410,C:\Windows\System32\poqexec.exe,,,,,,,,,,,,,,,,,,,,,,,,,,,WORKGROUP,0x3e7,,DC01$,S-1-5-18,,,,,,,,,,,,,,,,,,,,,,,,,,,,,
2025-08-13T11:00:55.142958Z,4907,DC01,Microsoft-Windows-Security-Auditing,Security,755,0,,,,,,,,,,,,,,,,,,,,,,,,,,,,,,,,,,,,,,,,,,,,,,,0x6c,,,,,,,,,,,,,,,,,,,,,,,,,,,,,,,,,,,,S:ARAI(AU;SAFA;0x1f0116;;;WD),,,,,,,,,C:\Windows\WinSxS\FileMaps\$$_system32_windowspowershell_v1.0_modules_dfsn_msft_dfsnamespaceserverconfig_91d2af3f6ce50f5d.cdf-ms,,Security,File,,,,,,,,,,,,,,,,,,,,0x410,C:\Windows\System32\poqexec.exe,,,,,,,,,,,,,,,,,,,,,,,,,,,WORKGROUP,0x3e7,,DC01$,S-1-5-18,,,,,,,,,,,,,,,,,,,,,,,,,,,,,
2025-08-13T11:00:55.144169Z,4907,DC01,Microsoft-Windows-Security-Auditing,Security,756,0,,,,,,,,,,,,,,,,,,,,,,,,,,,,,,,,,,,,,,,,,,,,,,,0x6c,,,,,,,,,,,,,,,,,,,,,,,,,,,,,,,,,,,,S:ARAI(AU;SAFA;0x1f0116;;;WD),,,,,,,,,C:\Windows\WinSxS\FileMaps\$$_system32_windowspowershell_v1.0_modules_dfsn_msft_dfsnamespaceroottarget_73120b72a6f80f93.cdf-ms,,Security,File,,,,,,,,,,,,,,,,,,,,0x410,C:\Windows\System32\poqexec.exe,,,,,,,,,,,,,,,,,,,,,,,,,,,WORKGROUP,0x3e7,,DC01$,S-1-5-18,,,,,,,,,,,,,,,,,,,,,,,,,,,,,
2025-08-13T11:00:55.145496Z,4907,DC01,Microsoft-Windows-Security-Auditing,Security,757,0,,,,,,,,,,,,,,,,,,,,,,,,,,,,,,,,,,,,,,,,,,,,,,,0x6c,,,,,,,,,,,,,,,,,,,,,,,,,,,,,,,,,,,,S:ARAI(AU;SAFA;0x1f0116;;;WD),,,,,,,,,C:\Windows\WinSxS\FileMaps\$$_system32_windowspowershell_v1.0_modules_dfsn_msft_dfsnamespacefoldertarget_93cbfec69ca8dba5.cdf-ms,,Security,File,,,,,,,,,,,,,,,,,,,,0x410,C:\Windows\System32\poqexec.exe,,,,,,,,,,,,,,,,,,,,,,,,,,,WORKGROUP,0x3e7,,DC01$,S-1-5-18,,,,,,,,,,,,,,,,,,,,,,,,,,,,,
2025-08-13T11:00:55.146783Z,4907,DC01,Microsoft-Windows-Security-Auditing,Security,758,0,,,,,,,,,,,,,,,,,,,,,,,,,,,,,,,,,,,,,,,,,,,,,,,0x6c,,,,,,,,,,,,,,,,,,,,,,,,,,,,,,,,,,,,S:ARAI(AU;SAFA;0x1f0116;;;WD),,,,,,,,,C:\Windows\WinSxS\FileMaps\$$_system32_windowspowershell_v1.0_modules_dfsn_msft_dfsnamespacefolder_fa628b96c354deb2.cdf-ms,,Security,File,,,,,,,,,,,,,,,,,,,,0x410,C:\Windows\System32\poqexec.exe,,,,,,,,,,,,,,,,,,,,,,,,,,,WORKGROUP,0x3e7,,DC01$,S-1-5-18,,,,,,,,,,,,,,,,,,,,,,,,,,,,,
2025-08-13T11:00:55.148090Z,4907,DC01,Microsoft-Windows-Security-Auditing,Security,759,0,,,,,,,,,,,,,,,,,,,,,,,,,,,,,,,,,,,,,,,,,,,,,,,0x60,,,,,,,,,,,,,,,,,,,,,,,,,,,,,,,,,,,,S:ARAI(AU;SAFA;0x1f0116;;;WD),,,,,,,,,C:\Windows\WinSxS\FileMaps\$$_system32_windowspowershell_v1.0_modules_dfsn_msft_dfsnamespaceaccess_fafeb1eac22b971e.cdf-ms,,Security,File,,,,,,,,,,,,,,,,,,,,0x410,C:\Windows\System32\poqexec.exe,,,,,,,,,,,,,,,,,,,,,,,,,,,WORKGROUP,0x3e7,,DC01$,S-1-5-18,,,,,,,,,,,,,,,,,,,,,,,,,,,,,
2025-08-13T11:00:55.149741Z,4907,DC01,Microsoft-Windows-Security-Auditing,Security,760,0,,,,,,,,,,,,,,,,,,,,,,,,,,,,,,,,,,,,,,,,,,,,,,,0x60,,,,,,,,,,,,,,,,,,,,,,,,,,,,,,,,,,,,S:ARAI(AU;SAFA;0x1f0116;;;WD),,,,,,,,,C:\Windows\WinSxS\FileMaps\$$_system32_windowspowershell_v1.0_modules_dfsn_msft_dfsnamespace_76cc4c037f1ec6b8.cdf-ms,,Security,File,,,,,,,,,,,,,,,,,,,,0x410,C:\Windows\System32\poqexec.exe,,,,,,,,,,,,,,,,,,,,,,,,,,,WORKGROUP,0x3e7,,DC01$,S-1-5-18,,,,,,,,,,,,,,,,,,,,,,,,,,,,,
2025-08-13T11:00:55.151224Z,4907,DC01,Microsoft-Windows-Security-Auditing,Security,761,0,,,,,,,,,,,,,,,,,,,,,,,,,,,,,,,,,,,,,,,,,,,,,,,0x70,,,,,,,,,,,,,,,,,,,,,,,,,,,,,,,,,,,,S:ARAI(AU;SAFA;0x1f0116;;;WD),,,,,,,,,C:\Windows\WinSxS\FileMaps\$$_system32_windowspowershell_v1.0_modules_addsdeployment_7c6e6fd78a5229e5.cdf-ms,,Security,File,,,,,,,,,,,,,,,,,,,,0x410,C:\Windows\System32\poqexec.exe,,,,,,,,,,,,,,,,,,,,,,,,,,,WORKGROUP,0x3e7,,DC01$,S-1-5-18,,,,,,,,,,,,,,,,,,,,,,,,,,,,,
2025-08-13T11:00:55.153019Z,4907,DC01,Microsoft-Windows-Security-Auditing,Security,762,0,,,,,,,,,,,,,,,,,,,,,,,,,,,,,,,,,,,,,,,,,,,,,,,0x70,,,,,,,,,,,,,,,,,,,,,,,,,,,,,,,,,,,,S:ARAI(AU;SAFA;0x1f0116;;;WD),,,,,,,,,C:\Windows\WinSxS\FileMaps\$$_system32_windowspowershell_v1.0_modules_addsdeployment_en-us_2a74edccc1769c65.cdf-ms,,Security,File,,,,,,,,,,,,,,,,,,,,0x410,C:\Windows\System32\poqexec.exe,,,,,,,,,,,,,,,,,,,,,,,,,,,WORKGROUP,0x3e7,,DC01$,S-1-5-18,,,,,,,,,,,,,,,,,,,,,,,,,,,,,
2025-08-13T11:00:55.154326Z,4907,DC01,Microsoft-Windows-Security-Auditing,Security,763,0,,,,,,,,,,,,,,,,,,,,,,,,,,,,,,,,,,,,,,,,,,,,,,,0x70,,,,,,,,,,,,,,,,,,,,,,,,,,,,,,,,,,,,S:ARAI(AU;SAFA;0x1f0116;;;WD),,,,,,,,,C:\Windows\WinSxS\FileMaps\$$_system32_windowspowershell_v1.0_modules_activedirectory_bedd0f1af87a5c73.cdf-ms,,Security,File,,,,,,,,,,,,,,,,,,,,0x410,C:\Windows\System32\poqexec.exe,,,,,,,,,,,,,,,,,,,,,,,,,,,WORKGROUP,0x3e7,,DC01$,S-1-5-18,,,,,,,,,,,,,,,,,,,,,,,,,,,,,
2025-08-13T11:00:55.155713Z,4907,DC01,Microsoft-Windows-Security-Auditing,Security,764,0,,,,,,,,,,,,,,,,,,,,,,,,,,,,,,,,,,,,,,,,,,,,,,,0x70,,,,,,,,,,,,,,,,,,,,,,,,,,,,,,,,,,,,S:ARAI(AU;SAFA;0x1f0116;;;WD),,,,,,,,,C:\Windows\WinSxS\FileMaps\$$_system32_windowspowershell_v1.0_modules_activedirectory_en-us_8c3f31d53041388d.cdf-ms,,Security,File,,,,,,,,,,,,,,,,,,,,0x410,C:\Windows\System32\poqexec.exe,,,,,,,,,,,,,,,,,,,,,,,,,,,WORKGROUP,0x3e7,,DC01$,S-1-5-18,,,,,,,,,,,,,,,,,,,,,,,,,,,,,
2025-08-13T11:00:55.156711Z,4907,DC01,Microsoft-Windows-Security-Auditing,Security,765,0,,,,,,,,,,,,,,,,,,,,,,,,,,,,,,,,,,,,,,,,,,,,,,,0x70,,,,,,,,,,,,,,,,,,,,,,,,,,,,,,,,,,,,S:ARAI(AU;SAFA;0x1f0116;;;WD),,,,,,,,,C:\Windows\WinSxS\FileMaps\$$_system32_wbem_06656d9fdf2f8577.cdf-ms,,Security,File,,,,,,,,,,,,,,,,,,,,0x410,C:\Windows\System32\poqexec.exe,,,,,,,,,,,,,,,,,,,,,,,,,,,WORKGROUP,0x3e7,,DC01$,S-1-5-18,,,,,,,,,,,,,,,,,,,,,,,,,,,,,
2025-08-13T11:00:55.158012Z,4907,DC01,Microsoft-Windows-Security-Auditing,Security,766,0,,,,,,,,,,,,,,,,,,,,,,,,,,,,,,,,,,,,,,,,,,,,,,,0x70,,,,,,,,,,,,,,,,,,,,,,,,,,,,,,,,,,,,S:ARAI(AU;SAFA;0x1f0116;;;WD),,,,,,,,,C:\Windows\WinSxS\FileMaps\$$_system32_wbem_en-us_4555b1beb1c13883.cdf-ms,,Security,File,,,,,,,,,,,,,,,,,,,,0x410,C:\Windows\System32\poqexec.exe,,,,,,,,,,,,,,,,,,,,,,,,,,,WORKGROUP,0x3e7,,DC01$,S-1-5-18,,,,,,,,,,,,,,,,,,,,,,,,,,,,,
2025-08-13T11:00:55.159478Z,4907,DC01,Microsoft-Windows-Security-Auditing,Security,767,0,,,,,,,,,,,,,,,,,,,,,,,,,,,,,,,,,,,,,,,,,,,,,,,0x70,,,,,,,,,,,,,,,,,,,,,,,,,,,,,,,,,,,,S:ARAI(AU;SAFA;0x1f0116;;;WD),,,,,,,,,C:\Windows\WinSxS\FileMaps\$$_system32_wbem_adstatus_3d598f1a257714d4.cdf-ms,,Security,File,,,,,,,,,,,,,,,,,,,,0x410,C:\Windows\System32\poqexec.exe,,,,,,,,,,,,,,,,,,,,,,,,,,,WORKGROUP,0x3e7,,DC01$,S-1-5-18,,,,,,,,,,,,,,,,,,,,,,,,,,,,,
