2026-03-14T07:13:33.291193Z,"{'#attributes': {'Qualifiers': 16384}, '#text': 4202}",DC01.garfield.htb,Microsoft-Windows-MSDTC 2,Application,3405,4,,,,,,,,,,,,,,,,,,,,,,,,,,,,,,,,,,,,,,,,,,0,0,0,1,0,0,0,0,0,1,Mutual Authentication Required,NT AUTHORITY\NetworkService
2026-03-14T07:13:42.322458Z,"{'#attributes': {'Qualifiers': 0}, '#text': 102}",DC01.garfield.htb,ESENT,Application,3406,4,,,,,,DFSRs,"2688,P,98",,,,,,,,,,,\\.\C:\System Volume Information\DFSR\database_A41A_4703_1A46_D1CA\dfsr.db: ,,,,0,10,00,17763,0000,,,,,,,,,,,,,,,,,,,,,,,,,,,
2026-03-14T07:13:42.369321Z,"{'#attributes': {'Qualifiers': 0}, '#text': 105}",DC01.garfield.htb,ESENT,Application,3407,4,,,,,,DFSRs,"2688,D,0",,,,,,,,,,,\\.\C:\System Volume Information\DFSR\database_A41A_4703_1A46_D1CA\dfsr.db: ,,,,0,0,"
[1] 0.007582 +J(0) +M(C:0K, Fs:257, WS:1004K # 1004K, PF:6376K # 6264K, P:6376K)
[2] 0.000565 +J(0) +M(C:16K, Fs:94, WS:368K # 368K, PF:312K # 312K, P:312K)
[3] 0.000022 +J(0) +M(C:0K, Fs:5, WS:16K # 16K, PF:68K # 68K, P:68K)
[4] 0.000212 +J(0) +M(C:2032K, Fs:37, WS:144K # 144K, PF:2436K # 2436K, P:2436K)
[5] 0.000722 +J(0) +M(C:0K, Fs:8, WS:32K # 32K, PF:24K # 24K, P:24K)
[6] 0.002833 +J(0) +M(C:0K, Fs:19, WS:72K # 72K, PF:16K # 16K, P:16K)
[7] 0.022098 -0.015498 (21) WT +J(0) +M(C:0K, Fs:1300, WS:5192K # 5192K, PF:5128K # 5128K, P:5128K)
[8] -
[9] -
[10] -
[11] -
[12] -
[13] 0.018135 -0.009941 (22) WT +J(CM:0, PgRf:0, Rd:0/0, Dy:0/0, Lg:616/1) +M(C:0K, Fs:7, WS:-5100K # 16K, PF:-5124K # 12K, P:-5124K)
[14] 0.000033 +J(0) +M(C:0K, Fs:2, WS:8K # 0K, PF:4K # 0K, P:4K)
[15] 0.000249 +J(0) +M(C:0K, Fs:64, WS:256K # 0K, PF:64K # 0K, P:64K)
[16] 0.000491 -0.000263 (1) WT +J(0) +M(C:0K, Fs:2, WS:0K # 0K, PF:0K # 0K, P:0K).",,,,,,,,,,,,,,,,,,,,,,,,,,,,,
2026-03-14T07:13:42.384945Z,"{'#attributes': {'Qualifiers': 0}, '#text': 326}",DC01.garfield.htb,ESENT,Application,3408,4,,,,,,DFSRs,"2688,D,50",,,,,,,,,,,\\.\C:\System Volume Information\DFSR\database_A41A_4703_1A46_D1CA\dfsr.db: ,,,,1,\\.\C:\System Volume Information\DFSR\database_A41A_4703_1A46_D1CA\dfsr.db,0,"
[1] 0.000006 +J(0) +M(C:0K, Fs:1, WS:4K # 0K, PF:0K # 0K, P:0K)
[2] 0.001453 -0.001125 (1) WT +J(0) +M(C:0K, Fs:21, WS:20K # 0K, PF:16K # 0K, P:16K)
[3] 0.008476 -0.002910 (6) WT +J(CM:0, PgRf:0, Rd:0/0, Dy:0/0, Lg:3480/2) +M(C:0K, Fs:30, WS:112K # 0K, PF:148K # 0K, P:148K)
[4] 0.000175 +J(0)
[5] -
[6] -
[7] -
[8] 0.001054 -0.000739 (2) CM -0.000591 (2) WT +J(CM:2, PgRf:2, Rd:14/2, Dy:0/0, Lg:0/0) +M(C:-8K, Fs:68, WS:264K # 0K, PF:120K # 0K, P:120K)
[9] 0.002112 -0.001832 (2) CM -0.001754 (2) WT +J(CM:2, PgRf:23, Rd:0/1, Dy:0/0, Lg:0/0) +M(C:-12K, Fs:22, WS:72K # 0K, PF:192K # 0K, P:192K)
[10] 0.000424 -0.000301 (1) CM -0.000233 (1) WT +J(CM:1, PgRf:40, Rd:0/1, Dy:0/0, Lg:0/0) +M(C:-4K, Fs:4, WS:12K # 0K, PF:60K # 0K, P:60K)
[11] 0.000017 +J(CM:0, PgRf:1, Rd:0/0, Dy:0/0, Lg:0/0) +M(C:0K, Fs:2, WS:8K # 0K, PF:0K # 0K, P:0K)
[12] 0.000040 +J(CM:0, PgRf:36, Rd:0/0, Dy:0/0, Lg:0/0)
[13] 0.000001 +J(0)
[14] 0.0 +J(0)
[15] 0.000007 +J(CM:0, PgRf:1, Rd:0/0, Dy:0/0, Lg:0/0).",0 0,lgposAttach = 00000001:0025:0268,,,,,,,,,,,,,,,,,,,,,,,,,,
2026-03-14T07:14:33.134998Z,"{'#attributes': {'Qualifiers': 16384}, '#text': 1704}",DC01.garfield.htb,SceCli,Application,3409,4,,,,,,,,,,,,,,,,,,,,,,,,,,,,,,,,,,,,,,,,,,,,,,,,,,,,,
2026-03-14T07:14:36.338070Z,"{'#attributes': {'Qualifiers': 16384}, '#text': 1003}",DC01.garfield.htb,Microsoft-Windows-Security-SPP,Application,3410,4,,,,,,55c92734-d682-4d71-983e-d6ec3f16059f,"
1: 7783a126-c108-4cf7-b59f-13c78c7a7337, 1, 1 [(0 [0xC004E003, 0, 0], [( 9 0xC004FC07 180 0)( 1 0x00000000)(?)( 2 0x00000000 0 0 msft:rm/algorithm/hwid/4.0 0x00000000 0)(?)( 9 0xC004FC07 180 0)( 10 0x00000000 msft:rm/algorithm/flags/1.0)(?)])(1 )(2 )(3 [0x00000000, 0, 0], [( 6 0xC004F009 10 0)( 1 0x00000000)( 6 0xC004F009 10 0)(?)(?)(?)( 10 0x00000000 msft:rm/algorithm/flags/1.0)( 11 0x00000000 0xC004FC07)])]

",,,,,,,,,,,,,,,,,,,,,,,,,,,,,,,,,,,,,,,,,,,,,,
2026-03-14T07:14:36.369362Z,"{'#attributes': {'Qualifiers': 49152}, '#text': 8197}",DC01.garfield.htb,Microsoft-Windows-Security-SPP,Application,3411,4,,,,,RuleId=8244d55f-dcd7-4010-8151-2a5af187b1ed;Action=NotifyUser;AppId=55c92734-d682-4d71-983e-d6ec3f16059f;SkuId=7783a126-c108-4cf7-b59f-13c78c7a7337;NotificationInterval=240;Trigger=UserLogon;SessionId=1,,,,,,,,,,,,,,,,,,,,,,,,,,,,,,,,,,,,,,,,,,,,,,,,
2026-03-14T07:14:52.398624Z,10002,DC01.garfield.htb,Microsoft-Windows-Winsrv,Application,3412,4,ServerManager.exe,,,,,,,,,,,,,,,,,,,,,,,,,,,,,,,,,,,,,http://manifests.microsoft.com/win/2004/08/windows/winsrv,,,,,,,,,,,,,,,
2026-03-14T07:14:55.307508Z,"{'#attributes': {'Qualifiers': 32768}, '#text': 6000}",DC01.garfield.htb,Microsoft-Windows-Winlogon,Application,3413,4,,,D9060000,,WSearch,,,,,,,,,,,,,,,,,,,,,,,,,,,,,,,,,,,,,,,,,,,,,,,,
2026-03-14T07:15:18.743350Z,"{'#attributes': {'Qualifiers': 0}, '#text': 260}",DC01.garfield.htb,VMUpgradeHelper,Application,3414,4,,,,,,,,,,,,,,,,,,,,,,,,,,,,,,,,,,,,,,,,,,,,,,,,,,,,,
2026-03-14T07:15:18.743350Z,"{'#attributes': {'Qualifiers': 0}, '#text': 272}",DC01.garfield.htb,VMUpgradeHelper,Application,3415,4,,,,,,,,,,,,,,,,,,,,,,,,,,,,,,,,,,,,,,,,,,,,,,,,,,,,,
2026-03-14T07:15:18.743350Z,"{'#attributes': {'Qualifiers': 0}, '#text': 108}",DC01.garfield.htb,VMTools,Application,3416,4,,,,,,,,,,,,,,,,,,,,,,,,,,,,,,,,,,,,,,,,,,,,,,,,,,,,,
2026-03-14T07:15:19.071490Z,"{'#attributes': {'Qualifiers': 16384}, '#text': 4111}",DC01.garfield.htb,Microsoft-Windows-MSDTC,Application,3417,4,,,4D005300440054004300,,,,,,,,,,,,,,,,,,,,,,,,,,,,,,,,,,,,,,,,,,,,,,,,,,
2026-03-14T07:15:19.086733Z,1532,DC01.garfield.htb,Microsoft-Windows-User Profiles Service,Application,3418,4,,,,,,,,,,,,,,,,,,,,,,,,,,,,,,,,,,,,,,,,,,,,,,,,,,,,,
2026-04-01T18:15:58.431279Z,"{'#attributes': {'Qualifiers': 16384}, '#text': 4625}",DC01,Microsoft-Windows-EventSystem,Application,3419,4,,,,,,,,,,,,,,,,,,,,,,,,,,,,,,,,,,,,,,,,,,86400,,,,SuppressDuplicateDuration,Software\Microsoft\EventSystem\EventLog,,,,,,
2026-04-01T18:15:58.439086Z,1531,DC01.garfield.htb,Microsoft-Windows-User Profiles Service,Application,3420,4,,,,,,,,,,,,,,,,,,,,,,,,,,,,,,,,,,,,,,,,,,,,,,,,,,,,,
2026-04-01T18:16:00.040040Z,5615,DC01.garfield.htb,Microsoft-Windows-WMI,Application,3421,4,,,,,,,,,,,,,,,,,,,,,,,,,,,,,,,,,,,,,,,,,,,,,,,,,,,,,
2026-04-01T18:16:01.712988Z,5617,DC01.garfield.htb,Microsoft-Windows-WMI,Application,3422,4,,,,,,,,,,,,,,,,,,,,,,,,,,,,,,,,,,,,,,,,,,,,,,,,,,,,,
2026-04-01T18:16:32.505030Z,"{'#attributes': {'Qualifiers': 0}, '#text': 105}",DC01.garfield.htb,VMTools,Application,3423,4,,,,,,,,,,,,,,,,,,,,,,,,,,,,,,,,,,,,,,,,,,,,,,,,,,,,,
2026-04-01T18:16:32.551902Z,"{'#attributes': {'Qualifiers': 16384}, '#text': 900}",DC01.garfield.htb,Microsoft-Windows-Security-SPP,Application,3424,4,,,,,TriggerStarted:6,,,,,,,,,,,,,,,,,,,,,,,,,,,,,,,,,,,,,,,,,,,,,,,,
2026-04-01T18:16:32.755033Z,"{'#attributes': {'Qualifiers': 16384}, '#text': 9027}",DC01.garfield.htb,Desktop Window Manager,Application,3425,4,,,,,,,,,,,,,,,,,,,,,,,,,,,,,,,,,,,,,,,,,,,,,,,,,,,,,
2026-04-01T18:16:32.833155Z,"{'#attributes': {'Qualifiers': 49152}, '#text': 16394}",DC01.garfield.htb,Microsoft-Windows-Security-SPP,Application,3426,4,,,,,,,,,,,,,,,,,,,,,,,,,,,,,,,,,,,,,,,,,,,,,,,,,,,,,
2026-04-01T18:16:32.973783Z,"{'#attributes': {'Qualifiers': 16384}, '#text': 1066}",DC01.garfield.htb,Microsoft-Windows-Security-SPP,Application,3427,4,,,,,"C:\Windows\system32\sppwinob.dll, msft:spp/windowsfunctionality/agent/7.0, 0x00000000, 0x00000000
C:\Windows\system32\sppobjs.dll, msft:rm/algorithm/inherited/1.0, 0x00000000, 0x00000000
C:\Windows\system32\sppobjs.dll, msft:rm/algorithm/phone/1.0, 0x00000000, 0x00000000
C:\Windows\system32\sppobjs.dll, msft:rm/algorithm/pkey/detect, 0x00000000, 0x00000000
C:\Windows\system32\sppobjs.dll, msft:spp/ActionScheduler/1.0, 0x00000000, 0x00000000
C:\Windows\system32\sppobjs.dll, msft:spp/TaskScheduler/1.0, 0x00000000, 0x00000000
C:\Windows\system32\sppobjs.dll, msft:spp/statecollector/pkey, 0x00000000, 0x00000000
C:\Windows\system32\sppobjs.dll, msft:spp/volume/services/kms/1.0, 0x00000000, 0x00000000
C:\Windows\system32\sppobjs.dll, msft:spp/volume/services/kms/activationinfo/1.0, 0x00000000, 0x00000000
",,,,,,,,,,,,,,,,,,,,,,,,,,,,,,,,,,,,,,,,,,,,,,,,
2026-04-01T18:16:33.114405Z,"{'#attributes': {'Qualifiers': 16384}, '#text': 1003}",DC01.garfield.htb,Microsoft-Windows-Security-SPP,Application,3428,4,,,,,,55c92734-d682-4d71-983e-d6ec3f16059f,"
1: 7783a126-c108-4cf7-b59f-13c78c7a7337, 1, 1 [(0 [0xC004E003, 0, 0], [( 9 0xC004FC07 180 0)( 1 0x00000000)(?)( 2 0x00000000 0 0 msft:rm/algorithm/hwid/4.0 0x00000000 0)(?)( 9 0xC004FC07 180 0)( 10 0x00000000 msft:rm/algorithm/flags/1.0)(?)])(1 )(2 )(3 [0x00000000, 0, 0], [( 6 0xC004F009 10 0)( 1 0x00000000)( 6 0xC004F009 10 0)(?)(?)(?)( 10 0x00000000 msft:rm/algorithm/flags/1.0)( 11 0x00000000 0xC004FC07)])]

",,,,,,,,,,,,,,,,,,,,,,,,,,,,,,,,,,,,,,,,,,,,,,
2026-04-01T18:16:33.161279Z,"{'#attributes': {'Qualifiers': 16384}, '#text': 902}",DC01.garfield.htb,Microsoft-Windows-Security-SPP,Application,3429,0,,,,,10.0.17763.8385,,,,,,,,,,,,,,,,,,,,,,,,,,,,,,,,,,,,,,,,,,,,,,,,
2026-04-01T18:16:33.317529Z,"{'#attributes': {'Qualifiers': 0}, '#text': 100}",DC01.garfield.htb,WLMS,Application,3430,4,,,,,,,,,,,,,,,,,,,,,,,,,,,,,,,,,,,,,,,,,,,,,,,,,,,,,
2026-04-01T18:16:33.489405Z,"{'#attributes': {'Qualifiers': 16384}, '#text': 781}",DC01.garfield.htb,Microsoft-Windows-Complus,Application,3431,4,,,,,,,,,,,,,,,,,,,,,,,,,,,,,,,,,,,,,,,,,,86400,,,,SuppressDuplicateDuration,Software\Microsoft\COM3\Eventlog,,,,,,
2026-04-01T18:16:33.692527Z,"{'#attributes': {'Qualifiers': 0}, '#text': 258}",DC01.garfield.htb,VMUpgradeHelper,Application,3432,4,,,,,,,,,,,,,,,,,,,,,,,,,,,,,,,,,,,,,,,,,,,,,,,,,,,,,
2026-04-01T18:16:33.973778Z,"{'#attributes': {'Qualifiers': 0}, '#text': 271}",DC01.garfield.htb,VMUpgradeHelper,Application,3433,4,,,,,,,,,,,,,,,,,,,,,,,,,,,,,,,,,,,,,,,,,,,,,,,,,,,,,
2026-04-01T18:16:34.051903Z,"{'#attributes': {'Qualifiers': 16384}, '#text': 4202}",DC01.garfield.htb,Microsoft-Windows-MSDTC 2,Application,3434,4,,,,,,,,,,,,,,,,,,,,,,,,,,,,,,,,,,,,,,,,,,0,0,0,1,0,0,0,0,0,1,Mutual Authentication Required,NT AUTHORITY\NetworkService
2026-04-01T18:16:44.473805Z,"{'#attributes': {'Qualifiers': 0}, '#text': 102}",DC01.garfield.htb,ESENT,Application,3435,4,,,,,,DFSRs,"2192,P,98",,,,,,,,,,,\\.\C:\System Volume Information\DFSR\database_A41A_4703_1A46_D1CA\dfsr.db: ,,,,0,10,00,17763,0000,,,,,,,,,,,,,,,,,,,,,,,,,,,
2026-04-01T18:16:44.536321Z,"{'#attributes': {'Qualifiers': 0}, '#text': 105}",DC01.garfield.htb,ESENT,Application,3436,4,,,,,,DFSRs,"2192,D,0",,,,,,,,,,,\\.\C:\System Volume Information\DFSR\database_A41A_4703_1A46_D1CA\dfsr.db: ,,,,0,0,"
[1] 0.012917 +J(0) +M(C:0K, Fs:273, WS:1068K # 1068K, PF:6444K # 6440K, P:6444K)
[2] 0.000385 +J(0) +M(C:16K, Fs:94, WS:368K # 368K, PF:380K # 380K, P:380K)
[3] 0.000035 +J(0) +M(C:0K, Fs:5, WS:16K # 16K, PF:68K # 68K, P:68K)
[4] 0.000346 +J(0) +M(C:2032K, Fs:36, WS:140K # 140K, PF:2428K # 2428K, P:2428K)
[5] 0.000946 +J(0) +M(C:0K, Fs:11, WS:44K # 44K, PF:28K # 28K, P:28K)
[6] 0.001970 +J(0) +M(C:0K, Fs:10, WS:40K # 40K, PF:12K # 12K, P:12K)
[7] -
[8] -
[9] -
[10] -
[11] -
[12] -
[13] 0.053497 -0.037778 (36) WT +J(CM:0, PgRf:0, Rd:0/0, Dy:0/0, Lg:616/1) +M(C:0K, Fs:1421, WS:488K # 5588K, PF:-80K # 5044K, P:-80K)
[14] 0.000034 +J(0) +M(C:0K, Fs:4, WS:16K # 0K, PF:12K # 0K, P:12K)
[15] 0.000158 +J(0) +M(C:0K, Fs:64, WS:256K # 0K, PF:64K # 0K, P:64K)
[16] 0.015252 -0.000340 (3) WT +J(0) +M(C:0K, Fs:5, WS:12K # 0K, PF:0K # 0K, P:0K).",,,,,,,,,,,,,,,,,,,,,,,,,,,,,
2026-04-01T18:16:44.551913Z,"{'#attributes': {'Qualifiers': 0}, '#text': 637}",DC01.garfield.htb,ESENT,Application,3437,4,,,,,,DFSRs,"2192,D,35",,,,,,,,,,,\\.\C:\System Volume Information\DFSR\database_A41A_4703_1A46_D1CA\dfsr.db: ,,,,\\.\C:\System Volume Information\DFSR\database_A41A_4703_1A46_D1CA\dfsr.jfm,,,,,,,,,,,,,,,,,,,,,,,,,,,,,,,
2026-04-01T18:16:44.598892Z,"{'#attributes': {'Qualifiers': 0}, '#text': 325}",DC01.garfield.htb,ESENT,Application,3438,4,,,,,,DFSRs,"2192,D,35",,,,,,,,,,,\\.\C:\System Volume Information\DFSR\database_A41A_4703_1A46_D1CA\dfsr.db: ,,,,1,\\.\C:\System Volume Information\DFSR\database_A41A_4703_1A46_D1CA\dfsr.db,0,"
[1] 0.000068 +J(0) +M(C:0K, Fs:4, WS:16K # 0K, PF:12K # 0K, P:12K)
[2] 0.006167 -0.001343 (1) WT +J(CM:0, PgRf:0, Rd:0/0, Dy:0/0, Lg:3480/2) +M(C:0K, Fs:1, WS:4K # 0K, PF:0K # 0K, P:0K)
[3] 0.018836 -0.000003 (3) WT +J(0) +M(C:0K, Fs:19, WS:64K # 0K, PF:44K # 0K, P:44K)
[4] 0.000345 +J(0)
[5] 0.000260 +J(CM:0, PgRf:3, Rd:0/0, Dy:3/6, Lg:122/4) +M(C:0K, Fs:36, WS:144K # 0K, PF:148K # 0K, P:148K)
[6] 0.003467 -0.001769 (1) WT +J(CM:0, PgRf:209, Rd:0/0, Dy:12/408, Lg:24454/447) +M(C:0K, Fs:63, WS:252K # 0K, PF:220K # 0K, P:220K)
[7] 0.001308 -0.000814 (1) WT +J(CM:0, PgRf:0, Rd:0/0, Dy:0/0, Lg:4096/2) +M(C:0K, Fs:1, WS:4K # 0K, PF:0K # 0K, P:0K)
[8] 0.000004 +J(0)
[9] 0.020527 -0.018728 (4) WT +J(0) +M(C:-52K, Fs:29, WS:44K # 0K, PF:92K # 0K, P:92K)
[10] 0.005728 -0.003120 (5) WT +J(CM:0, PgRf:346, Rd:0/0, Dy:7/93, Lg:12509/128) +M(C:12K, Fs:31, WS:116K # 0K, PF:96K # 0K, P:96K)
[11] 0.000003 +J(0).",0 0,lgposCreate = 00000001:0001:0268,,,,,,,,,,,,,,,,,,,,,,,,,,
2026-04-01T18:16:48.551907Z,"{'#attributes': {'Qualifiers': 49152}, '#text': 8200}",DC01.garfield.htb,Microsoft-Windows-Security-SPP,Application,3439,2,,,,,,hr=0x80072EE7,"00010001(0x00000000, 11:16:36:473 - https://activation-v2.sls.microsoft.com/SLActivateProduct/SLActivateProduct.asmx?configextension=Retail)
00020001(0x00000000, 11:16:36:473)
00030001(0x00000000, 11:16:36:473 - https://activation-v2.sls.microsoft.com)
00030002(0x00000000, 11:16:36:473 - 0)
00040001(0x00000000, 11:16:36:473 - https://activation-v2.sls.microsoft.com)
00040002(0x00000000, 11:16:36:473 - 1, <NULL>, <NULL>, <NULL>)
00050002(0x80072F94, 11:16:36:490 - 0, 1)
00040006(0x00000001, 11:16:36:490 - 0, https://activation-v2.sls.microsoft.com, <N/A>, <N/A>)
00020005(0x00000000, 11:16:36:490 - 0)
00020008(0x80072EE7, 11:16:48:536 - SOAPAction: ""http://microsoft.com/SL/ProductActivationService/IssueToken""
Content-Type: text/xml; charset=utf-8
, <soap:Envelope xmlns:soap=""http://schemas.xmlsoap.org/soap/envelope/"" xmlns:xsi=""http://www.w3.org/2001/XMLSchema-instance"" xmlns:xsd=""http://www.w3.org/2001/XMLSchema"" xmlns:soapenc=""http://schemas.xmlsoap.org/soap/encoding/""><soap:Body><RequestSecurityToken xmlns=""http://schemas.xmlsoap.org/ws/2004/04/security/trust""><TokenType>ProductActivation</TokenType><RequestType>http://schemas.xmlsoap.org/ws/2004/04/security/trust/Issue</RequestType><UseKey><Values xmlns:q1=""http://schemas.xmlsoap.org/ws/2004/04/security/trust"" soapenc:arrayType=""q1:TokenEntry[1]""><TokenEntry><Name>PublishLicense</Name><Value>XXvclB5Or0qUbLqphMpBBvoGdjUnvtauDmmYL+teIxdvF+4LrzwKXMD5+r6hpQRhomZfXNX/oIkg4A6PeVzDcOl8FpBj5uTp3YtPdU6yNAnRtGfvM33FsY1e1CFlrO7ySBk7UIH1qLSsNztcUXteuPrR/KuqiweufqaK7HbMoTVxWKOqgmaU+HXvQxXYCuNvXOpnaeP80QF8RZXjBGHL7eWNLBv1akrXTgsQd1EVLzqBApq8xhCrNPhSGUecYDYTiIvoOX2XevKCeIn5cNnLoI0lP5Y0QUmb1aH1TOQQ2yZPt008biqW1rZ+zbbQL3K8ZqGGU0hlE3PaIhCSxx9fRbeNPhqpOK+0/zhxGlOuK/Pru+KIjXcY86/3sh8j0LIIj45yLyJaGIdOk9sTDTv+HrCEsJdmaYb+T8aAT35Rnf7HMALBRJNhpsMCRDAXM6ybdT7HYZZMATz3MvzjIr1s61fv9FHlNeyVTMCWcqNXklbMEzEA14AznmoYFpwlK2XBsEdohjIko831adfAt7ei762/ffEHSazfBqQxCJAk09dXmjOH9UINU/OMAnio1WGBFdI51I5TAOBlP4xvf0KguPGH/E1DuE28AM3U+CHFSbFklIstlrXtft7LL+TgU/zzVxdZNt0eOTRKWM2pCmabmU+V8WSQR42yGmK8Af+zWuEpyJTFeRnKtpnt3qdzTUZNP4YGisIF5noYLcyoKxwYQTMI0pDWQkOU547UBrkv1Dne3a/gzu1cOvcwDu64dN1iKsQyI8j0NJzu9Fd7s0HJ3PlpOP380yppe9NVpj+XFxX5Kg/7btxFNhrdEwpg5mo19w0dQLrHT4Fxvd1aYT2dque5Oh+9Dgc6vwicdArgHrO9ZXaqPzN74SShHWzfjg9g6UoYA5XfGG5/XL0sN0QQHBDk3ay/8rjuryvEtEdWAi+vMnTZCMLgTpufPeVU63T8MVvR11qb0I1PKi8f5M/RvrasPd+H+dpTTRcT5f0Y0AxyrYbtxXfyLooQ5U7t262lyDXTMzemvBbRpIYOsDyeJadY8bnCCd8SLC7IHtrqnm4AhuZf/Yu7hHU2wKSADgnquT/bQr/1Ekdl36AK/mX6uGNPSIIsVE7/A72cT+RIFhQQI5bK4kFFEaTzwLg/pmHR/72TacD7ztyyljS/WMnY1C2linR/1BGrU19p76hfQT8Sv0A0y6yfNTL0KuwUv3/bzItiGsfhWMr8Ct+lC5RZIN9TCjcyFASsC72FDNPjMGfqRfm6sdiC8rsHGJtD4Jx0FJ+aH+P7sFaoxSgjLkyuR9KSpDEFrIvyeVApoqWj5sxTBxoPyyQxLC9A/soWIA5s+wg17uWx4IO0YJs3rHAvakjhlCiIKPRdQhFhqf4ewvuFTm9G7N2ipiT3zBnfZd0MMQ0yXEyGEiCVsrf0epZU2RfizrzdpiHtyTyKN/KNoxraCmMa8aXb20pYKlfL2nLB/07cdIlvtcvtqPVkyjNOH9rwIsMrzR5KBUE8FyQM0HDkz/UWHs14rb1Y8R8NoA5M24XOy3gubA3XLWFEztE6KMl7AfH0yQC0nlNtIwTP9jlhkFnzRFf4vc8zHQvh0wUSEUIll7McphmlglOUENnkulz/aMeypr4AGRK6IFdZc8eu6BR/rQ9UVwETgbFtkGud/bNuan2LZw8jZcFH9xPb3DEwqjKw1L/eFgaivRk9PHVls0hFpU8PW92H0Je1yzlkCbE22QSSanKRW4hkNMQv/IyKoH1aHDkEGrWzSQ/Q2TXiWw8fSx//75B23AICyQNnYcxSh9a0wz8aTSwDAeuK6dcWb0DXTEoPjk0Ed6jwPq5Bwycme+ReEfELIkbxtNSVzv86/ui5GZdFUr/3g9p2fW7NGuUR+ypY5CEQ19Z7aVdE1dNhW4ajZfAau/E1hHFZWj4gJNWBS3blm2PwJbrQMpfQwjr6oYCMgpFMFJlFxnH6SXWZgkUKwCSJIlUZcXfwDK5NjVnSTJGG9wFwcZKCxh0nB/m+g0WhIy83gkC5EVgOwRQcy/y/sGnF9ctRXGyX83u2INOsDySL7FtseGfhauEeVhaBzSBdl7aKkMQJCeZXdq0SfZfd80gkW3B9qTWrHit2Kf1o0cVRpmY/0x1D+vMSetx89it79QNs0B1IgxuhbZxhu0G4eXyQHrSD1RJl8RTpAH5h5NPfB+hThMrPE0oXamnRVMZZfcvV6xAqZUrQgMFoGx+O1Eg/FyuUpn5IpG47oxWs5MZLcTOjBSBWMKjpNFaJMBJ+GYsaEqwnVhVaZ1GvfpKIW2ZGoKnE9poHj4XXUmVSPKN/eLzwM+H0x0Fvy1qcwYkb37l9mB73q2lF/6/TRU1UszUyRlLOEvlSNfQbcucaZ5NXKcDbx7tGzfN7rpiUul7AtCOQ3jDqt4D4dFWTWAq3eGcfCxZe6fwq0OWK5nta+0mdLdvk6YwAZ455UJ83jsiQim5F6z0nrG46kRr7T0qLj7IxaUWmz1u0jzJoY9e4W2fzNH00c833LVbVlmuTQ4PAqpGXDdkwCOEf6hPwqOjRKqjZkrQpaIMX67p9iRatZ1F4PwWjFFF2XN8qP/hBmBA2YKIkNZ2gY/WwtDSfUwDjbzMcqF2Y9vSpEcQ3ERS7Ddx2krlEB/ifsf2l63qB6wO8vziZ6qH7M6GXLFmJ+Q+7iXc52MAZGbISd2iGx7G4V+Vxm0DJxP5icuxXLbUO1yrXaq1rAMmYuby2j49RAV3OZTNwShtE0tB7YsYwf2ME/BNQB9eOb+OGSSSYhlUC+utIo3/DROnKn4LgUusTns3aowW3r6TCyHvNL54SPTht5WYKxJXEte0rGiCKKTtS1qxynjUu9ZsEbvP5ZlheY/WMNUTzZv5YOcaqSTPNzbKnWS4yszxK/qsz5AusdXGbypMFz2pBxjrB2Qd5nKpcf3vAHD7KMAtwhvV//ptP9+Ja+t8UidD8bejeKINwSpE0Z7yU9DvuTkuCp/zYXuRNuemxTgWSIv8pS1TOR5kjq+bHCghkUIp1pagGccv6Eg8MQMl1bH4BD1WqTqNcKQM7DimFn4xaUbJtGWsZ+T579sna/wFR9OOSYistIUkc+W3WZsm8QULtnBwHr6m2PigtbGJFCdTkqs4fU/LpkmDMNcukPMqGXA1hKxIwN2qlzq0rFCl4uOitlZfzCTMc05+SSIGEwoEJ6tvZdGsDi9FdZX91JajO3D0abki/75P30wbYxDUlboxxZ/B4pCcq7GUQYhgKV1HQqMrCU4Gq0rKuTI+2y5UMiIZDcnZfBngoi5PViwjaR0hHBpCzxB0diVHc4OEcSyDEw8/fA7pBc8h/ionaO6brcDSloPYw6+ypNZPKWbDqQF+h4L0+XaSiF9oqov5KGVoJxPS2xfsPqNcK1tsaPsTMNO0tiB+8THreO/KZ1esAu9Ynp9Ir81IYiAWUoGQzpBarFAOJ25QAPBQUE4lASoP/9EcgjdVKjgQsG637nT+A0pW2QIVWjCT6+NBCqu0Pms9fH/ZWYxTv3Ll71q9rv7JlFYRRxSY7PNGL/087aEakEKBkhM3AQUn4kUG9C4NpozmpyqSTuAaCm6wlVqQMcem0z4uwOZq43bOFEgmTNVf8Cv8YCwYoYjlIOinYn/j0odt4iD7Xuc8Uw3hOBQwyNIwwBo7fNk4oWiC1jMER8EZjfcEooCQgjXO6jIDYlLB4bwYcDbqBmH/lSmgEBbo7W0dzQFJxW+xGWenJssWUTOBzDpu84tn8DgZTWBiMTIyQtePxZry6/MGm3RHGmkyuGmer37HdN7FInbV8XnJFZVrYB3GShfSkRy56dG9cPrnNF2BVKWO8Isj6sfD+uRBuys52R0wqyXp9VIFel2bYNJoSPGvSKX5HPuLudD9Hi3q6bFJ0lQAXqWbpSPRwr4FHG/7RVr9Tbn0ai3IbAIxQyMPRS1wZ/9hEZzH22Kq0oYRi6ImSQvzUsCe2EwCyb0qyDsRK81MtZkzK9PMi2NwDBBUdVsD6s5jfk7bvpKpivtx2bBn1ka2vAEcfoAsCWoDFCULWzmxmIZ0sGaFPkbKj4HX8erPVbGwGQmKr+Qw6/QF89caCt9pPLZuBtEJr1NCBhxMbQ/ywarvTvsYDHlW4ckBdFtr6uOxV/clqq7hLt7pkfAWL2BUbNh4U5fxLtugRJ5g3D7g1VYVd1wWwA+rYItTngblFQ+TYbT3HzpkbWBne+f1SGOu/wnIQe45eokwqPIKwYYYoG4vdgusvFI3dazqmfgkUa2MXchvEnXvEEJ4vJoGAzM3X2BiWUuLwTsjYKvyMh3fICpKKxIXSqlI9090J59a7iMVkdqfJoNkR4zJWd5kt8Z0dJL3K//g1lQmmfrptUA1OmxdmRPsDMsrwge+j6HlZERB75fn8GFDoe/iXKMB7KC63nyuhzOhqt6EekcywoujXIJzf0aFWWIOHQGFNXNKvMTecExwumu6hTqK2Yyqc/sFdBrsecbkFpB2vLpfk/JJgTtNDfMTKJRK/7hqvsR8dUfrGuz5FrOTHVd+wubs93ASlfjdJT7A3btOQErmMxVGHOpHbm+iuxPxFqbyn2ONhU/OIWWr+XW3Q+t7FRmhtEyIIb0SvXnVPi2vUUAXSfDZxt0aemk5N0JurUqxmp7Q1CPuyk2SDorbACgD8myhWfvdrUH/DPlXeS3uO2ZK4DWmjditPivH+hD58Jsg0eVHJaNOXDO8GN8LU4Bv8awczJB+LRFQQykeUw2uXcpzF/ZpUepDfu7ykRXi+PPyqlhKcXssQAyY9T4LZ4Tch0rZGcsvNIErjJ6Xu7iwAxotFJ0CgszQvtOlAwktZ4AeVv5cqFDDLGkvLMWwSfMp5hAIPBcUtylbGBX2hBpGwtPtcwAzxBPq4WY6NKfqbsk0dKsw6ByzZKRf9OvHy8t6DnIABgU5gKDNNzGvSBC9t9Q974/v2oaj47KIOgh6d/yYus1mXQex9I8ewac14EmMAFOv5jcqiTavKGqpjGpPMc8cfr1tftcg7bpN/A9XpzQDaF+8xmwQ/DCpwRxlL7wQT+E/gCwcc6AdVW0BpmRHm7LXQMIg/zNyjath9Nisfi9OwG/AoPzYmVJukArI/X59yYX2vQCL9Dygw45zRXyqYli9GtP+Fdpb8qHbj7kkZG+A14InNhV5lzxXzJF21hvg5q0+NoVvCWfpZkNBx6RUgUeQBAx9BM+eisXUfakOI2q5aeZfVqxqLeDSuChoqFSbYB9sAqLC9FSyRm3JWJe6gKSUHWPm7GvKuL6RktZt1ElXZxVjonRB94GS1kkTY21wA1yhU1CtoXqpQJvVnnWt9qVfW5xKEr6x/YSONTlnTdABdG3DOkzb9V444ri6ykIO73DwMqp3SLD7zFBJOGbvjVmc3rmA4lng4jr9BbrJwKM/gKuX8ByOPfC32Md2/6QGuCxbHsbwqKQsXIrkn8Wgrszr+d1K8N6oPRM54h1M7PHH+2+oqT3hNizZbGGmpkQ+Ld7zroJrV4SEMXzHJWFap1Ngn08/+9e4KZVSH7axXUsQiuUd0cTulnUw/YE98Rj9bje2+0Gbe9/Kiu7SEgozaA2Q7qwOPE4cABHGyalw/MxNSDWBSYKT0pErHebeQ/OOvpfpdYPOHdvPGzGFsr8Ry6TSZC5e7NlAmde71D9YGA3+rzMH456z77r7yWIas2f2nfz9vXzEDFf4xXysG6Y3H5wxeUa5/LF1UMmbfHf6WYz4PpohydKDtnq9YSP1jcUVEN+H52KMKzRZe67S6qyAPr2mdj7Nl5IaqRS5fuB2Cey55s0fr2hYwiahOvQoCM4rvPtZVLQoBVyP0pcH+uGWMwvAGPyMNzdQhIsiDRt+898SF57hUGdYXDvp21zncbJioFVJdWolyKOMjTCRGonAloYbPg6xp8Gtu8oMYguQk8yZg8Tc2ULUBc85YQabdjiB7oabBYyMMpnfFzwHH9yhZyOH7YeZ7zWGeb+fyi20fW3dqjIrawQ7HKFH+k/dB5vB5VQBIefFdD590pn7SG5IGOkki+LCPCTmEtyFOYHdELVmI/Qk83HGmHwkLqKq5HUTEpIssHd/DxR0Dc525ieJ4LehP9/lz2k2SurHWTM7xlFtdUDCUFuJWP+PRVn/lj1dzpa3K5D+F+tfKgVjtJ7eSE8wLGFvRXjo+m/TsB1zWkLo2+0tcQqV7Xj8/TiJ5/YcjTtT611CqRVlGUAi3WqxbLrrM3PgxuhcZPY9LpQMcgI2QUnL3C3ZB68GrQmLbLVjLE5lUfZi+EKZfLqh7rctn9Yj6w/crfFqO2dTzaQm0N0B9ZkYBkWlPvSSVWZtBTdkiCA7L/3/jFDQif4JyVjTrY1BKdDpjb24LhV+7yBGiuEt3nZU79b4UzmVS4GXBtVUPqvpJW3qVEoyLYq0xSypXxJb+zYRlb2N5PPz3WFpBtVx9dh1qbHnYsEe4xpfa/HQR/NTxSqGSXzDc68sedj515Ha6iSn/TetL1slCTTQvLnbOmK5qwbtdqR3AB5V3IPhleqW60Jvsekr2BOwKMRf5lTx5ntcCRvxme1CD/RIBVPgnXH4n5plMDjBfCItT5qfMJiRpWHyz2n479eK/OA37O7o7CKuKqst8LMnokToioP/jkwcac9hNiZ70u6XG5y5z4LuZgVdv7pf7Ng/KXMdUg/N9jvCQqX7huHPW1X8At88dazKDq1ihlg1iqcXxs2khh8977M4LGhMoxIA78OQESWSQ4qbDtj1fx9p8yCdfLxRIUR0zfwiTrs6adt2frSzmPSsQF7s5aDydqXD6cx4BDzYpsbKPpka2q+tbBKIXOV6tnLM3s7pXprlkhuqn9uik0lz7KOmmXqkfeY2F8veNKkRWUuE4Mu2mVnj4zoVy9F07WqrOIg7i/es9LmHWmImU/cW3Mi8Cn+/15LpxBriVfPPn3ZjaHKbyCgk6sWdyNKogtpbCENLT0ilauSJrTScV/4Dpre9NQdZkF1HSg45r7cWePkxt35jGzAPEcPwEcvZFsw5BNpDuTDG6eckTZftygN+oNuNFFggSIfJ64/LH5wiU75cqj48QYHeNph7NAa4Uip1wu+TU6iKDKsrrv4PE8onGOc+nZOE31fG+eVd9a0+HdXZYDKvIJfH0GgeLN5aAtdU1TYt+O2KMx2khepFC+i/hNCQZL49JkmXum3jtWVCvCF9lsOdlbk7M8bWt2LwC0XjAUdzf/EMKvWQS8Fn3OO0rxBunNED9rWdzyfGGVd5qBiQbfDe2kKR9XraT/gyu/xSiM+zV215pMA5bJLmiv8hH8TAspfjdQxyu4azrOsrt7T35Xgk4+5kf2e5xHr7mX82RwS29xY7I/+krC2kztszqp3brGShC3p8/C8kl1rpE5BTahJOij1hWrtL5W5ZUODlR7EcnePST31m9HiVmeZ0G3+89r78PTrPPKoVgfTRIq+BavsONmOyOhf0FU56XGVxU2YhRhc88yZfn7FsdV6mwfhwoGgMyakyKzrI1ZVR1wE8/VOTV4eqXAXGnw1ENCLPpjSVMQ0MSF//tQILCrfyRfq5bWFfYtiWYafd7kAdnnJpsmwFwe5C44Y+khcWiLGpNhoJihsA0EKJWPxTXdZFjB1v8sbsO0R1MV6y2SKo9PzPHZAXjziyIrZPPc8E5ZZDcxXBWhyK9d36/Shfcn27mZ0eZckChdwMHUxbNQVsV3xa7MKSRK8D0LcOqIzJM3RoAI8lD4XW24E3i/CavXYxIefTmDLRma8nLdecK09Dk63kD3h/iGbo7EB+H9y1mhyymSiNyYo35pOicJJAE2yVOB0aKMBUf3FD1Upy5Gl7TlBye/qNi9NOhz6tO/1acR7XJxfnQgCdbP21eumhMkvkTrxszDLkYslh0K9EQ5RLRq/+IbpvmvqPtJzzT8DO3MXyhuQC4a9eGSuuH2/ro6ZYblupweZ8nUyIHGqdY9NIcBiKPPiB5HtyxYmqf3FLcaei4s36sLYDO9gvqswg5nE1D9DlMTLBQl8DLtNOL+u3nl99I5WMppkHnjVGzCcCeGZEKswLmbf26RYcAkR89XsO+l+CNPPj31TbtySUFZDz+0p421FIDma6OuQAbASdXhfM9hOm2NUty16kmKnX6jInDc6SVhfj4nNWoIyHbXf/rqorFv08DKYvbnK0HT1QkfBbG7gPp03uZ1uHEuk3cttE6cs+UJhAl9tBgqPts3eZJ5tO9r3GYlUUmOUjtRC3I+YFpg1dWnFF6QmkncaTE3IthdZIS5mnmifNNU84Oy0QHsZRNXpzRFRtIoa+Mh9p7LMr6EDsRoox1N0/oifIFH0MJn7MuqERY05gxZliitKXCH/c7n7Ij/bXmrfdQLO5GW/zlFl0JN5/bTQHu8bkmRLVyeW5lIj6cD76ufTpmGyY8uC2ffoxTNKGcyBLAeUKToHUEIMkFCHln4hiA3q3RzKQrLcsnk3qowUm/5IzZxICp5i7IfashnnqVaGwZHCHXx3pv6+mVqlEdOvhEwbGDLXEBHCOExCcZimfmsKPALhTEUNQjRZ0UgAhdSuw+DxURW0r5n8QKb1R9tj4T+6PeDJuMziHdBDYFdPoZSbkr3rG8ZUkYl7WxFq6FLBX2pd1HH9AQFNnGiHDYIIsBBKfVnWwWLeX/VcXECwJ+TTiguf0QUyiUDPKXrcJ43+xwsbvkb83ZbuVo8UEiujSLeveqYXilqjuDKAbpwyUb2S73CLEu5fk3V84bw2WBjJUtoAY1gTne9gUk3RmKsEUzaS2E6WQE3hhsb8H0ObCDoMhOv6sle32azSe18dte8N76zuvvBzAT3iLn75fXsCkrHB0W79S651bR439iAIPRwd82Z7cBS/ilirzimBhrQYa5VNOze2OV8ovjmlzZajaPJyedm/l43Ohgv0fN71mMBuYDbiJSWqVwoG1W1FtKXJcXSEb2phjMOMwD0TAO5anYlJLtZxgV1RbbVkGKmXYfkl+HX/1/7wEj6iEJ+99UCcG9eNeCVs1rvPGhySzMqENxNgMyqkPw8aRclkk54EELFnFH4c+XwzkC+W4jVigyKP4eJLH1H38FrSkvRHOB9/P4f8GQDAwAgG/i7FufBhEPGicEj2v9VDkd6ItbzLsYEwhDgsJtyaRYeZyEWQjxs1QA7bvCGprFvPuJh/j5Rzeu8px9pW+hg9K3GNmgseXP/uNZkkSPKzYoXmKdjQdtnDXgjVrZSWYlN7SfvsBmRdbHVldM+i28m/F1Zx5ViYHn0Zk2E3rsk5xpeaIqPKCf1dZgfDZsH3GA4LJXpDqiQzPsPV+TyiEFX1XKaS+XLb95z+DuERAOsv3NLtTZM56hPnuigPFyOX0c1kGEQDcc7Hn20h8y3xJ01X1nXGnavd8dDlPPZsenmGsAXDDpj4oL2uNhEKkpd6S5aQ10O1zu7KuDmVvikq0nRF9j0L/Gp/ZafcxSlPpeIB7pb+6luoZzP/HctKJAufF38pcZwBPAEYV5jL4g2K4I5aAuO8vpQDW8KeW7n/cOEPgIxiS66cvPUlm4TWVTiiIuIn5SyNyLZG1GSrbTDh0MH+7fpzxDvzcy0MIE1ZbbY5VZjG3swVkzbnbimHnB8lPU26p1UJmDsKJMBtsSmL460Cx21oXLKXx3e+PfAJ7HwhZscctFnMk/eVHD5QnpsVE5qqDyJOJA7iRdj37le+DDLHqVAd1O63wO19WkX33NhEKxm9CcvIW9rleELHRI22opXJQ67GBiX7jbg/P5Nhpti+j2DqFy5Gw74dMwkLVJYwqPpgeFt5s+2wvptXqezqre9jOm2sPlz/NnTf1mc6WcVPmjCxuiy3ZGT166hh5J3Qww59NkKGH+RLCfXJ5MnpQPLS3553d1kgTRznvFHJtjEI1TAh2a6fZBcNqydt2but3AJekQKssKi2HWx4uHcebttd8y9pRyOFH0ebs/gueb7VgcoJTCTKG00gU+ARtvXe+I500Kzdyb5VFc1YiVwGtvXAbS1euqTTuMbz/sY73KL+IAPxtnw3npIdUHnRl7d900NzlV/KqZejpglmuCK4EQPrhO1cFesAzG8QcaLlkEu/4bj7b7rvtmvN3bqYyUGLcndywfNK8ZiEQNpEyvs678x4RESBzi+Vw1OHZQostb51JQHqqXMqPNKCg3PXa4FR74zr2cnlIrZmXYzj/Uuw+lGmt8sBSuRCKLTuKk9dO+kjUCLeKlL+RvD8Lxam9+In618f0a4LS55ZPRu366SfQzmjlaWHuACz4y8075yoXlO50MtlCdadMUwLLn8BdFKx4l3MYMG+mfV7EC+HjVhReEgI+JS6ifyc+1RYJoH1TDmnFC1cKoeR7/Pxl/uiR4JxFbmtl/BNj7GPqfJxumzeuQFPpuHQ/CqXtPj9RCrVtNDpvW2JBm23IA1PRRG/NmBXd0zE2cmz0A3JDYR8pfpSIlQBFfVBSpXB0y/E6hdzd25r58GuX8dJSzVc0zAOvKYIMoosaGATosdyOdd+wL3gkT588RbSyN7MOum3BazbXyg66B2BR8DiJ/1TYqAVJSRlK3q43SQFklvzdGy1JrUAM4SPlU82GijEocceFCu7DgzDzgK4LE9b3z3VF8igI73IwKJWWqkua4c+La32TFtlgluXXMzZjtPE8VXloxgWnKo381WyMQ5R+XJJKbFZjiTvVP4bhnwvByHRQg8CsO7V1yb+h8P52K3zu2nzyqoT+/1R5W5V2kYPxEBsaG5vYcTd7CslWntPHdrfvC0E1qXwHJ+G9bIVzUCduuQihcKDxFxy1Fl8J93PtltmJFSb6gKUx7cIFBem+kPCHciEMmdr3Awg73TQSVt9Qs/8sv5bI7QuIQzlVrpz+RdU2qzVV6bsQfvJnZhwj9a0nfQ+wwQfXfu8Cbnd+j6xxaaSEUNoBE74KKDjk2zM39nw+yeCyo9QSy4vK8AhCpBoTZiM0ShPmL0YIyptKnOtO2X8YQ6bs0JoEz4lrQv8X0yyDrfmOwc0XhjvE+YiLmWbKyWTF+WtroLIp9E5EKwlS2BmpLGqRXkWqOWiNRk828RA/iwqiN1pfHWq6N0eC3WWW6qyTgS9KwKc1qsgqTkSgyu57YOa3/2EKVLaDVOHh7QKVN9Ejy144FBelp+6g4t/Hz382tSUcGyYunDvWQjxkB2XyfyHSygrP/RFwyyFMOI5tcOuSsBqyA8eXAWFDlJeZW3Y8rajjIExS5kAEckaDJW5/Yl80QGd8rq3I/fMy8v2fwWH/C6pcpDJ8VilicZZVKKf0/QMeG0gsEzbVXyY9dvN8EZh07FGuWyfdOMK4EyJa+x0yVV7RNi0RGT/ziWht/39lYQwz0SUT9Ur5FO3HXYidEH8m67wF+OauyYpPuXy2v7IBpzQt42dRQlwfb95fQESVuE1osV77hAwbgGOeO0KDoSeWx6rH2uCOK9LBrS35FwrrZ0AiWXqA4lfkdP3fo708Nrdwj0+T6jl/F/DsFy7RbcsadtdnJ4wPqbd6uQnWGbBcsBbxwbHedLxxfBV7Fzz3oArOjcbIyWSjKDBD/1qpbAIgoNPigHpSf5E0UMu7nC4iSGtnbpwzkXNsN4WB99wBcJMM0/CtQ0c/4G/3cIH/w911OMFRwaiaxfSKrPROjnieDYV4F3wVH/jS5KcFv9qBVkkykwyIBwIRBZSnSgFY34CcdLigop9jJywHV5bbWt/wrUY6nfPVySBFjZhcosw8uPAy++vcGDuCH/LI8jtno/4Q+D2PwHE/eQaUnfPf7tooy67UyUFOmal3GlhBKTwlmzmUFL9ytWRuOXh0j5ZH2MlkYGgLB7ZoxjfHgld9pnxqz38CnIAgNLBqDTD41FjTrobD//mG9f/I74xF4xJkP4j8qXUHBQJzVbhd0WMnYjxmPrEqjA0/mktCkg2O6YtVRhxXGgBa2BVoxkdPnuIyMMoTmuCItp6VrffUC/1zOvg8ZayMS0En3ADsE7gCra7GpW2lexWR07VR57zblPyYAqQyrrRZaCKD57YJ4rzxL+l+MQG1RUHXPDz3isfR6/BfCj0f+gqXcQVcTgTueiiGJSZeyK0Hs20aSQXrUgi5tb3mh0C/LHUjY8l1nW/EdTvW4zagVfwL/+8d6IyYkM8gQQZMuQPF/R81YmA3mYIkb7jdVXhSwI3xFJEOpyRFlFxGGl9tOQGEL8XYExWnOq2TBdFjQopXtSkEDRk97jClYxE9rQfvXSH8Ax/fI7uzFJC0qHEGJrYd0/Rlx+DgQLKmwkIWZinnMWAcTMu2SdZRHPZFi6rXrOU3PwN/P1n+/Hdo2sNb0//qReR9TaJ/4/mbzfhSSlwb/d/g4Yui78IP0qVMU5nLNMQtKRJJUIoQtMocVyeBEPkNrb5tOFtcAgcrN2qv78NH5ACdcVKROJBx93Q3NJvB60GEdTgXHBdmZL6wH8MrsjFSwym/r7oFM8uA5mQr0knEZtuuP1RoDaURGXki9H1m8cHWmsnOCZexq57z6bpsRf1Pr7lBIEntgmra8K71y0BCypijdvAB+NqPxB7uDqmdIM8H3gjUXIFirMNZ1nSBcqTvGmMOmG/j1ubdtcR6C8tEs2AUw7lyLUfCTH0ryisDSBIBcdBYyEqMVoKE4BKeTJ282BxHsTKSR3tNgRTV9ZbK9zNjQLX3tVbygRFKBBNNFTyMidRLZ1WJAXz/rS5PF7YR8xRAxUt2AsR+VcmXcz+P7uHk8KmB3fMJpxZXfGofc71li9NNwl4WjlS8nEgwnofHbwEBP0Uo1THJhAdTi5jSeqDfVppZckkHobySvUlKsob7ICVqNVWMZDDDW4VPp7cXVAgUp5w1e4boNyB8ichcVXKwXTdoqyAkKorUGF2dKXBq76/hs4pVEOmSPIuPB+2I0uC2kOhaEBsfzfPfeg/CTMt0P4iVkR5zKAzQR0pY0WTUea06jcVats817/psM26tYv8BhoIa7Q4N8i+IfKrGu8UssIY0rO0cDRWL7a126zXk52/6PfThj/6UeT1ccCQuqsoADOvWzTk8Y9rAbhgPqWWRVxIfSO2cgo25JGgqR8t8739d+HT52L+IEYSmUuQ3WgTv+sEkp75o3mD63dtNKySPywPo0C7I/RqiWnnb0Y4ZZwFMIOQWC4ZjWSh7vCPFy/FohhKobTLJeb60aOq2e3n6ciGW78YoLtf/zyyJbJUg/i8nx/8c60VOt+txAXo1kKrQUVL2x5roxWoT0udy/txBFNnQAr+g1kSbTineCqrLVSKB411R+a+NxbP5QZqo7F82zJdO3nGcyR7CDo1smGlfbhWr22HGsHep+RFYYDjT9F77gBtlry1F9d7hieuRQGkgM1eIRwcpIPLPdwXEXwVfCvUwDKXu6Fp1fTPvQlp5Kq1ypVMFjstU8JuwEXVnFtx6+GORhmqWwjnawFEu4bH8TaKtGaSBclW/UUaGgAAbEB6A0u4ZCItRAFrbrH/Vcmolx9GSQor7xMQmnEPt60FMJKu+37SiFWCvUEbkNUcRPMbtPxhISSkQsVvLYEKMHqzvpQ1B6ipX5ShnqmvN5+RlkKDsEcPm3zyf9Yp54CWdHNWM+jq8+w5pAxk+KtCpgVnBbXY+WlG9Y+1MWkLoVEDbiDNapLZWBIXFeoOdNCi3AgzGsb9l5hXOWAHw1wBilgDKSKSqaMApUR6lmQoNGIB3H9vKy5B9bE3V8McgKOccvnUsayYJZTbskkR5bjHKPTcG6W/dGj7beVQuKoJhThqnQQmooo0IXfzoB9LZC/cd8G95mklhYJ2TUPXeaB8HP5VNJbSmUuRRMy2ZWP494HS/+1xsituMnoxR/LbPGrQdHY0BxE9dBm1/BsikugVF+kux00yK2LP0G7gye/eFBRrM1rcZfCyg+7JuO+DfAt1cHrNQzzWU8xDEK9PFhryzr7jgwQ1OJ3Z0m+1LAG0BrAX5KhVxwVi19RrKk5QLurywKWUfheyhRbGMTkT3eGH5xhDm253dtbOHNsJn3L6ZzlSESkti/tepEdRZGlvGgJfjo/OTiu4hNNp2XGIJdGs3ZCUKZ/8KjprWmdOz5QuVJXtjh/DmegjAfwtW5WqTi92mhDJp421UaRV7K8kLWl/byvEOKi5iZXYHW4+sdxFLWeZIo1S+Mc+sUt4HUEeTNjd1gYvXCWk4qTVmiPU93IwjgZaoNBHhB2MMVdCa+3jLnw9GEjnRkXE9+XEyiUALgbL2+C5g8NjD3M5WzGsnB1/9AIjrxKgXfVKvVdCIV3nF1A0MMtc4WCR3gD+97pocB5W1WbqzAWZ402zYkSESe5X76gaME481iAwSEcWyIKdY1XxlfXSW9/E9A/6Uw/Tn2FdVv1lwdo62bXRFctvAuRn/x2Jv6T+fa851/O7WHFDcRv1S1PC1nQxcn0ek9/pf4SLIUdiJENaNaAuqDWyknOeVuyzSrPHxE6Fik63zh+nvX6T9leAGTAYmDpscbhC9R1MEd/KjiRTJzcEKk7VYBJHqK9xtPTny/SXwSIz0rCkRirCnq1p/90taB9yq1gpvhX5l2P4KcXDgNVdlRO3IJh1S/3FzFpu0eiPDy6nP8eO0xobdWtKGVwm8NIci0wFhKWHtAKsA+IdcuUIvRcX+9G59ZXxA6Z/ASaTfm3L+D7UnBJRDncRdMIxpzdy55VACXFCMQMb96+zBuT+lNlZH+i6oR+vz4iWT2uBkAyrCJasXNrzsn9VABhR2dacDex+N44ejrPHg9oD4o/ojERBx/tIPhkuWZbaWlr4/FbesoDoV7HpQBnwN5WBcylR+4J9phHVofJZeT0CUaRbxuViI8C7Ytpa79fEd3eiR6EgYOfhkh1V0pg6LpOi+3lZE/rM7dfGY+n0JHrL/fk9He0gPq/H5wd9H45wrGh7YbaD4+Le8hflUATNZxV5dnYSHdIYkogGpWuLo9ZbbieLf02kQc5PRMANw8z6kC578o6XIex0x4/HZMQfNBPzgw1SEO+JI95zgXnep1PmxA7FykjVxPYnQ+VrVE9hZ7UYzGG4jVeWdhVWaKP3aAYjW1/DCE2K4Hpza3G0tchBDTC8TdLsA1TKbuBa4VHxBBXUa7IFwflM3gEkvx8A5IMH8jFauU2vwbnLLEpzfvVY7DCAj++qCWGI13ynzZecpKB/qxKQQ03UttkiGOwBlqwXsT85sPB9APNb6kRDRdOgl4NX6WIHYjWG0xIO5wc44kg2d3sr6Nxj1XmUoJ/UuuYxA32caBVDQKcy4OvY0yL4s4+LyLhh+RCt9KzHR7dTYmrVIRSaV8ldgDkAKvOU0JkfDnoyo7cAKgFNkRCOg4K7Qio7L7D425/pZtQx0A8JCA5Du7DbeUxbhfuE3XjfzCuRBpZU1IEZoD43WkhpVXRzmCDjt4A6wVj6uewu78ZY7izACUeIQR9ct/NuIZpncZ3n6COrjX6XuvqwHBymCiSGElLPD1HRkW0s2S3YKRJx+2X3+WF5bNmtwmcU6W6y1kqsSZlRw/qbKt/QcEkwxrZUJsLTHqHHltdL4LxkWHga1FHeyRElBmYSJCQN3lwW/6G62fsSsB0PYwllj0Eas5mk/1wLktkGmBHRalOMg1k7SO256YVadwzgHyGO+sZxz/ZdPuVbqr6PmAe0Vui7bhZGZukOD/oUUUKO324tSbE9NnfjSm95QJjheMHMXNhkyHfr0Hy9i/vsOyObfsdNzD0DtDAX8DQC/kATnX1paLZNmIpF85XkYpHMyg9Ub9H7B0/ZDyw1UzOvHogZE0XYk4QTydAkkT/1wEM2VbPjTJkNRBsLcHc9+m/BlRcrnG8g==</Value></TokenEntry></Values></UseKey><Claims><Values xmlns:q1=""http://schemas.xmlsoap.org/ws/2004/04/security/trust"" soapenc:arrayType=""q1:TokenEntry[17]""><TokenEntry><Name>SessionKey</Name><Value>WRV24erUZ5T7/l0IMV8HiWfGxz7Tk8rxScdvNoPm2vS4pOkJONJS0uaRuXTbPMREMFQDIfkR7phjcv+tYsZd6o4z7WC/z/h7LmLIGQJFezaU5EWv9/0qcwyhhnOu3RwejN1FYS+sXd+zuF53WQjZ3g+06wadljmys75P2YdMpLDp3XAMW142CNhW08BfkcBKKpYL/6i8lFmhE8srn4RVk3HIbt2beZjYK3+HQ2QjdwOVX8c4nZFrtInBUiCxEMOL4fyJLJU9elMjzxudgIkagQRfrxl4SoIY6yGhnuLWfDQYc86lEG0c+THOp22ukFgrgNF3B6c2pxPQDus3jaTJnA==</Value></TokenEntry><TokenEntry><Name>BindingType</Name><Value>IEx+lZl6h1IDwr5cSNwBH5Q0qQZjx7IJlUbykzX56EM=</Value></TokenEntry><TokenEntry><Name>Binding</Name><Value>8fJEhbrhfg+rz8yz0V+7CRVL6EJUTBu+8jXIsEGSj9zGOAL0QG6CbcUQUMwbRX3eBrtq4fJPOSfcdrndW8GYMQ==</Value></TokenEntry><TokenEntry><Name>ProductKey</Name><Value>gJRjyu9v0tWucbz4yunvECBt7zsbHdBWtl5rQ7/K76U=</Value></TokenEntry><TokenEntry><Name>ProductKeyType</Name><Value>IEx+lZl6h1IDwr5cSNwBH5KVpGjn+i9pEzIFKzuWaTE=</Value></TokenEntry><TokenEntry><Name>ProductKeyActConfigId</Name><Value>sOYr/MB+Ish5MizddTVHkP9VLevfwzxuSuE5+thoHd6KF7ClgOqSD54hvYhFVTD2xZjUPXntsGkIdVZTNiI++cRtzmhoYim6ZU63Mms4l0Q=</Value></TokenEntry><TokenEntry><Name>SppSvcVersion</Name><Value>uyu7AVr5Q53nIiUmsN/kyA==</Value></TokenEntry><TokenEntry><Name>otherInfoPublic.licenseCategory</Name><Value>vT7UUV2Q1TitljdjXf6RQF9/V0pXmyZODOayqf3eVcQ=</Value></TokenEntry><TokenEntry><Name>otherInfoPrivate.licenseCategory</Name><Value>vT7UUV2Q1TitljdjXf6RQCrmOw8W9V7034sNzVj0PUQ=</Value></TokenEntry><TokenEntry><Name>otherInfoPublic.sysprepAction</Name><Value>aFXMKE7W44GtNkJZhbnLlw==</Value></TokenEntry><TokenEntry><Name>otherInfoPrivate.sysprepAction</Name><Value>aFXMKE7W44GtNkJZhbnLlw==</Value></TokenEntry><TokenEntry><Name>ClientInformation</Name><Value>IBSN7Ju9a/mOyD6me1KLx30FPz7PD+2sv5+vz5cb91pD8q+1f6RCBWzA/HLOapSKd+pRJALYSfTmZJZjlRd4HQ==</Value></TokenEntry><TokenEntry><Name>ReferralInformation</Name><Value>A76uIQMM6Ctlh/rt1iut5Pl+YU6vkX9mn04SzUMhxQSnT40j3pzrUm3huWmov8/10NFYUX9yrhN8x1XXQweVtA==</Value></TokenEntry><TokenEntry><Name>ClientSystemTime</Name><Value>99YZPmkLq537SHOs/jah5JnsmRKJNKxTvxXu/M2vsaE=</Value></TokenEntry><TokenEntry><Name>ClientSystemTimeUtc</Name><Value>99YZPmkLq537SHOs/jah5JnsmRKJNKxTvxXu/M2vsaE=</Value></TokenEntry><TokenEntry><Name>otherInfoPublic.secureStoreId</Name><Value>sLf+L2eUywZxWq5q+Cn94CmoodDKWzkFR0ofEfYOxpBaQt2bQqcZbXAngJzjVhcq</Value></TokenEntry><TokenEntry><Name>otherInfoPrivate.secureStoreId</Name><Value>sLf+L2eUywZxWq5q+Cn94CmoodDKWzkFR0ofEfYOxpBaQt2bQqcZbXAngJzjVhcq</Value></TokenEntry></Values></Claims></RequestSecurityToken></soap:Body></soap:Envelope>)
00010002(0x80072EE7, 11:16:48:536 - <NULL>)
00010003(0x80072EE7, 11:16:48:536)
",,,,,,,,,,,,,,,,,,,,,,,,,,,,,,,,,,,,,,,,,,,,,,
2026-04-01T18:16:48.551907Z,"{'#attributes': {'Qualifiers': 49152}, '#text': 1014}",DC01.garfield.htb,Microsoft-Windows-Security-SPP,Application,3440,2,,,,,,hr=0x80072EE7,7783a126-c108-4cf7-b59f-13c78c7a7337,,,,,,,,,,,,,,,,,,,,,,,,,,,,,,,,,,,,,,,,,,,,,,
2026-04-01T18:16:49.270828Z,"{'#attributes': {'Qualifiers': 16384}, '#text': 1003}",DC01.garfield.htb,Microsoft-Windows-Security-SPP,Application,3441,4,,,,,,55c92734-d682-4d71-983e-d6ec3f16059f,"
1: 7783a126-c108-4cf7-b59f-13c78c7a7337, 1, 1 [(0 [0xC004E003, 0, 0], [( 9 0xC004FC07 180 0)( 1 0x00000000)(?)( 2 0x00000000 0 0 msft:rm/algorithm/hwid/4.0 0x00000000 0)(?)( 9 0xC004FC07 180 0)( 10 0x00000000 msft:rm/algorithm/flags/1.0)(?)])(1 )(2 )(3 [0x00000000, 0, 0], [( 6 0xC004F009 10 0)( 1 0x00000000)( 6 0xC004F009 10 0)(?)(?)(?)( 10 0x00000000 msft:rm/algorithm/flags/1.0)( 11 0x00000000 0xC004FC07)])]

",,,,,,,,,,,,,,,,,,,,,,,,,,,,,,,,,,,,,,,,,,,,,,
2026-04-01T18:16:49.351229Z,"{'#attributes': {'Qualifiers': 49152}, '#text': 8198}",DC01.garfield.htb,Microsoft-Windows-Security-SPP,Application,3442,2,,,,,,hr=0x8007139F,RuleId=8244d55f-dcd7-4010-8151-2a5af187b1ed;Action=NotifyUser;AppId=55c92734-d682-4d71-983e-d6ec3f16059f;SkuId=7783a126-c108-4cf7-b59f-13c78c7a7337;NotificationInterval=240;Trigger=TimerEvent,,,,,,,,,,,,,,,,,,,,,,,,,,,,,,,,,,,,,,,,,,,,,,
2026-04-01T18:16:54.620442Z,1023,DC01.garfield.htb,Microsoft-Windows-Perflib,Application,3443,2,,,,,,,,,,,,,,,,,,,,,,,,,,,,,,C:\Windows\system32\ntdsperf.dll,,,,,,,126,,,,,,,,,,,,,,,,
2026-04-01T18:17:13.208157Z,"{'#attributes': {'Qualifiers': 16384}, '#text': 1704}",DC01.garfield.htb,SceCli,Application,3444,4,,,,,,,,,,,,,,,,,,,,,,,,,,,,,,,,,,,,,,,,,,,,,,,,,,,,,
2026-04-01T18:17:16.818876Z,"{'#attributes': {'Qualifiers': 16384}, '#text': 1003}",DC01.garfield.htb,Microsoft-Windows-Security-SPP,Application,3445,4,,,,,,55c92734-d682-4d71-983e-d6ec3f16059f,"
1: 7783a126-c108-4cf7-b59f-13c78c7a7337, 1, 1 [(0 [0xC004E003, 0, 0], [( 9 0xC004FC07 180 0)( 1 0x00000000)(?)( 2 0x00000000 0 0 msft:rm/algorithm/hwid/4.0 0x00000000 0)(?)( 9 0xC004FC07 180 0)( 10 0x00000000 msft:rm/algorithm/flags/1.0)(?)])(1 )(2 )(3 [0x00000000, 0, 0], [( 6 0xC004F009 10 0)( 1 0x00000000)( 6 0xC004F009 10 0)(?)(?)(?)( 10 0x00000000 msft:rm/algorithm/flags/1.0)( 11 0x00000000 0xC004FC07)])]

",,,,,,,,,,,,,,,,,,,,,,,,,,,,,,,,,,,,,,,,,,,,,,
2026-04-01T18:17:16.911298Z,"{'#attributes': {'Qualifiers': 49152}, '#text': 8197}",DC01.garfield.htb,Microsoft-Windows-Security-SPP,Application,3446,4,,,,,RuleId=8244d55f-dcd7-4010-8151-2a5af187b1ed;Action=NotifyUser;AppId=55c92734-d682-4d71-983e-d6ec3f16059f;SkuId=7783a126-c108-4cf7-b59f-13c78c7a7337;NotificationInterval=240;Trigger=UserLogon;SessionId=1,,,,,,,,,,,,,,,,,,,,,,,,,,,,,,,,,,,,,,,,,,,,,,,,
2026-04-01T18:19:35.869042Z,"{'#attributes': {'Qualifiers': 0}, '#text': 8224}",DC01.garfield.htb,VSS,Application,3447,4,,,2D20436F64653A2020434F525356434330303030303737332D2043616C6C3A2020434F525356434330303030303735352D205049443A202030303030343633362D205449443A202030303030343637362D20434D443A2020433A5C57696E646F77735C73797374656D33325C76737376632E6578652020202D20557365723A204E616D653A204E5420415554484F524954595C53595354454D2C205349443A532D312D352D313820,,,,,,,,,,,,,,,,,,,,,,,,,,,,,,,,,,,,,,,,,,,,,,,,,,
2026-04-01T18:20:25.559279Z,1001,DC01.garfield.htb,Microsoft-Windows-LoadPerf,Application,3448,4,,,,,,,,,,,,,,,,,,,,,,,,,,,,,,,,,,,,,,LoadPerf,2035000021350000D2050000,12,,WmiApRpl,,,,WmiApRpl,,,,,,,
2026-04-01T18:20:25.638411Z,1000,DC01.garfield.htb,Microsoft-Windows-LoadPerf,Application,3449,4,,,,,,,,,,,,,,,,,,,,,,,,,,,,,,,,,,,,,,LoadPerf,22350000C835000023350000C9350000,16,,WmiApRpl,,,,WmiApRpl,,,,,,,
2026-04-01T18:27:20.917168Z,"{'#attributes': {'Qualifiers': 32768}, '#text': 6000}",DC01.garfield.htb,Microsoft-Windows-Winlogon,Application,3450,4,,,D9060000,,WSearch,,,,,,,,,,,,,,,,,,,,,,,,,,,,,,,,,,,,,,,,,,,,,,,,
2026-04-01T18:27:49.188312Z,"{'#attributes': {'Qualifiers': 0}, '#text': 260}",DC01.garfield.htb,VMUpgradeHelper,Application,3451,4,,,,,,,,,,,,,,,,,,,,,,,,,,,,,,,,,,,,,,,,,,,,,,,,,,,,,
2026-04-01T18:27:49.188312Z,"{'#attributes': {'Qualifiers': 0}, '#text': 272}",DC01.garfield.htb,VMUpgradeHelper,Application,3452,4,,,,,,,,,,,,,,,,,,,,,,,,,,,,,,,,,,,,,,,,,,,,,,,,,,,,,
2026-04-01T18:27:49.203932Z,"{'#attributes': {'Qualifiers': 0}, '#text': 108}",DC01.garfield.htb,VMTools,Application,3453,4,,,,,,,,,,,,,,,,,,,,,,,,,,,,,,,,,,,,,,,,,,,,,,,,,,,,,
2026-04-01T18:27:49.535663Z,1532,DC01.garfield.htb,Microsoft-Windows-User Profiles Service,Application,3454,4,,,,,,,,,,,,,,,,,,,,,,,,,,,,,,,,,,,,,,,,,,,,,,,,,,,,,
2026-04-01T18:27:53.539642Z,"{'#attributes': {'Qualifiers': 16384}, '#text': 4625}",DC01,Microsoft-Windows-EventSystem,Application,3455,4,,,,,,,,,,,,,,,,,,,,,,,,,,,,,,,,,,,,,,,,,,86400,,,,SuppressDuplicateDuration,Software\Microsoft\EventSystem\EventLog,,,,,,
2026-04-01T18:27:53.560678Z,1531,DC01.garfield.htb,Microsoft-Windows-User Profiles Service,Application,3456,4,,,,,,,,,,,,,,,,,,,,,,,,,,,,,,,,,,,,,,,,,,,,,,,,,,,,,
2026-04-01T18:27:54.757849Z,5615,DC01.garfield.htb,Microsoft-Windows-WMI,Application,3457,4,,,,,,,,,,,,,,,,,,,,,,,,,,,,,,,,,,,,,,,,,,,,,,,,,,,,,
2026-04-01T18:27:57.814039Z,5617,DC01.garfield.htb,Microsoft-Windows-WMI,Application,3458,4,,,,,,,,,,,,,,,,,,,,,,,,,,,,,,,,,,,,,,,,,,,,,,,,,,,,,
2026-04-01T18:28:16.597356Z,"{'#attributes': {'Qualifiers': 0}, '#text': 105}",DC01.garfield.htb,VMTools,Application,3459,4,,,,,,,,,,,,,,,,,,,,,,,,,,,,,,,,,,,,,,,,,,,,,,,,,,,,,
2026-04-01T18:28:17.112971Z,"{'#attributes': {'Qualifiers': 16384}, '#text': 9027}",DC01.garfield.htb,Desktop Window Manager,Application,3460,4,,,,,,,,,,,,,,,,,,,,,,,,,,,,,,,,,,,,,,,,,,,,,,,,,,,,,
2026-04-01T18:28:17.472345Z,"{'#attributes': {'Qualifiers': 16384}, '#text': 781}",DC01.garfield.htb,Microsoft-Windows-Complus,Application,3461,4,,,,,,,,,,,,,,,,,,,,,,,,,,,,,,,,,,,,,,,,,,86400,,,,SuppressDuplicateDuration,Software\Microsoft\COM3\Eventlog,,,,,,
2026-04-01T18:28:17.597345Z,"{'#attributes': {'Qualifiers': 0}, '#text': 258}",DC01.garfield.htb,VMUpgradeHelper,Application,3462,4,,,,,,,,,,,,,,,,,,,,,,,,,,,,,,,,,,,,,,,,,,,,,,,,,,,,,
2026-04-01T18:28:17.800475Z,"{'#attributes': {'Qualifiers': 0}, '#text': 271}",DC01.garfield.htb,VMUpgradeHelper,Application,3463,4,,,,,,,,,,,,,,,,,,,,,,,,,,,,,,,,,,,,,,,,,,,,,,,,,,,,,
2026-04-01T18:28:17.816094Z,"{'#attributes': {'Qualifiers': 16384}, '#text': 4202}",DC01.garfield.htb,Microsoft-Windows-MSDTC 2,Application,3464,4,,,,,,,,,,,,,,,,,,,,,,,,,,,,,,,,,,,,,,,,,,0,0,0,1,0,0,0,0,0,1,Mutual Authentication Required,NT AUTHORITY\NetworkService
2026-04-01T18:28:18.253599Z,"{'#attributes': {'Qualifiers': 16384}, '#text': 900}",DC01.garfield.htb,Microsoft-Windows-Security-SPP,Application,3465,4,,,,,TriggerStarted:6,,,,,,,,,,,,,,,,,,,,,,,,,,,,,,,,,,,,,,,,,,,,,,,,
2026-04-01T18:28:18.441092Z,"{'#attributes': {'Qualifiers': 49152}, '#text': 16394}",DC01.garfield.htb,Microsoft-Windows-Security-SPP,Application,3466,4,,,,,,,,,,,,,,,,,,,,,,,,,,,,,,,,,,,,,,,,,,,,,,,,,,,,,
2026-04-01T18:28:18.550471Z,"{'#attributes': {'Qualifiers': 16384}, '#text': 1066}",DC01.garfield.htb,Microsoft-Windows-Security-SPP,Application,3467,4,,,,,"C:\Windows\system32\sppwinob.dll, msft:spp/windowsfunctionality/agent/7.0, 0x00000000, 0x00000000
C:\Windows\system32\sppobjs.dll, msft:rm/algorithm/inherited/1.0, 0x00000000, 0x00000000
C:\Windows\system32\sppobjs.dll, msft:rm/algorithm/phone/1.0, 0x00000000, 0x00000000
C:\Windows\system32\sppobjs.dll, msft:rm/algorithm/pkey/detect, 0x00000000, 0x00000000
C:\Windows\system32\sppobjs.dll, msft:spp/ActionScheduler/1.0, 0x00000000, 0x00000000
C:\Windows\system32\sppobjs.dll, msft:spp/TaskScheduler/1.0, 0x00000000, 0x00000000
C:\Windows\system32\sppobjs.dll, msft:spp/statecollector/pkey, 0x00000000, 0x00000000
C:\Windows\system32\sppobjs.dll, msft:spp/volume/services/kms/1.0, 0x00000000, 0x00000000
C:\Windows\system32\sppobjs.dll, msft:spp/volume/services/kms/activationinfo/1.0, 0x00000000, 0x00000000
",,,,,,,,,,,,,,,,,,,,,,,,,,,,,,,,,,,,,,,,,,,,,,,,
2026-04-01T18:28:18.612968Z,"{'#attributes': {'Qualifiers': 16384}, '#text': 1004}",DC01.garfield.htb,Microsoft-Windows-Security-SPP,Application,3468,4,,,,,,CLIENT-RAC Issuance License,95c2c6b8-ea2f-431d-8902-eeafc6376965,,,,,,,,,,,,,,,,,,,,,,,,,,,,,,,,,,,,,,,,,,,,,,
2026-04-01T18:28:18.612968Z,"{'#attributes': {'Qualifiers': 16384}, '#text': 1004}",DC01.garfield.htb,Microsoft-Windows-Security-SPP,Application,3469,4,,,,,,CLIENT-SPC Issuance License,57d6dc1b-f556-4f5b-935b-3b379fd9dda8,,,,,,,,,,,,,,,,,,,,,,,,,,,,,,,,,,,,,,,,,,,,,,
2026-04-01T18:28:18.628604Z,"{'#attributes': {'Qualifiers': 16384}, '#text': 1004}",DC01.garfield.htb,Microsoft-Windows-Security-SPP,Application,3470,4,,,,,,Generic Rights Account Certificate (Private),bc6f46d3-18d9-46f5-9818-aa00ec832013,,,,,,,,,,,,,,,,,,,,,,,,,,,,,,,,,,,,,,,,,,,,,,
2026-04-01T18:28:18.628604Z,"{'#attributes': {'Qualifiers': 16384}, '#text': 1004}",DC01.garfield.htb,Microsoft-Windows-Security-SPP,Application,3471,4,,,,,,Generic Rights Account Certificate (Public),0a256b47-0b27-4145-a5b8-79422fb539cc,,,,,,,,,,,,,,,,,,,,,,,,,,,,,,,,,,,,,,,,,,,,,,
2026-04-01T18:28:18.644215Z,"{'#attributes': {'Qualifiers': 16384}, '#text': 1004}",DC01.garfield.htb,Microsoft-Windows-Security-SPP,Application,3472,4,,,,,,Generic Security Processor Certificate (Private),77ba058e-7d3b-4cbf-be4a-ffe6bb75db60,,,,,,,,,,,,,,,,,,,,,,,,,,,,,,,,,,,,,,,,,,,,,,
2026-04-01T18:28:18.644215Z,"{'#attributes': {'Qualifiers': 16384}, '#text': 1004}",DC01.garfield.htb,Microsoft-Windows-Security-SPP,Application,3473,4,,,,,,Generic Security Processor Certificate (Public),80bedb87-dba9-455b-98c8-a61f025d6a5b,,,,,,,,,,,,,,,,,,,,,,,,,,,,,,,,,,,,,,,,,,,,,,
2026-04-01T18:28:18.659850Z,"{'#attributes': {'Qualifiers': 16384}, '#text': 1004}",DC01.garfield.htb,Microsoft-Windows-Security-SPP,Application,3474,4,,,,,,XrML 2.1 License - Product Key Configuration,71ce6518-3581-46da-948d-083c57061836,,,,,,,,,,,,,,,,,,,,,,,,,,,,,,,,,,,,,,,,,,,,,,
2026-04-01T18:28:18.659850Z,"{'#attributes': {'Qualifiers': 16384}, '#text': 1004}",DC01.garfield.htb,Microsoft-Windows-Security-SPP,Application,3475,4,,,,,,Windows(R) csvlk-pack Product PPD License,c354cf95-648c-b1b3-6e2d-5a239a905988,,,,,,,,,,,,,,,,,,,,,,,,,,,,,,,,,,,,,,,,,,,,,,
2026-04-01T18:28:18.809016Z,"{'#attributes': {'Qualifiers': 16384}, '#text': 1004}",DC01.garfield.htb,Microsoft-Windows-Security-SPP,Application,3476,4,,,,,,Windows(R) Publishing License (Public),1d235722-34e2-407a-ba63-e06998cc47fa,,,,,,,,,,,,,,,,,,,,,,,,,,,,,,,,,,,,,,,,,,,,,,
2026-04-01T18:28:18.810682Z,"{'#attributes': {'Qualifiers': 16384}, '#text': 1004}",DC01.garfield.htb,Microsoft-Windows-Security-SPP,Application,3477,4,,,,,,Windows(R) Publishing License (Private),81572056-5cc7-4b60-b1f7-eea7cc2d6649,,,,,,,,,,,,,,,,,,,,,,,,,,,,,,,,,,,,,,,,,,,,,,
2026-04-01T18:28:18.816088Z,"{'#attributes': {'Qualifiers': 16384}, '#text': 1004}",DC01.garfield.htb,Microsoft-Windows-Security-SPP,Application,3478,4,,,,,,Windows(R) UL oob License (Public),15327010-b92f-43e9-b3a4-6b066124c111,,,,,,,,,,,,,,,,,,,,,,,,,,,,,,,,,,,,,,,,,,,,,,
2026-04-01T18:28:18.816088Z,"{'#attributes': {'Qualifiers': 16384}, '#text': 1004}",DC01.garfield.htb,Microsoft-Windows-Security-SPP,Application,3479,4,,,,,,Windows(R) UL oob License (Private),3c215f69-6d1b-4e8d-8d1b-78b8289e89a2,,,,,,,,,,,,,,,,,,,,,,,,,,,,,,,,,,,,,,,,,,,,,,
2026-04-01T18:28:18.831732Z,"{'#attributes': {'Qualifiers': 16384}, '#text': 1004}",DC01.garfield.htb,Microsoft-Windows-Security-SPP,Application,3480,4,,,,,,Windows(R) UL phone License (Public),a4294352-ce1c-4bf2-9f6d-10efe421eea7,,,,,,,,,,,,,,,,,,,,,,,,,,,,,,,,,,,,,,,,,,,,,,
2026-04-01T18:28:18.831732Z,"{'#attributes': {'Qualifiers': 16384}, '#text': 1004}",DC01.garfield.htb,Microsoft-Windows-Security-SPP,Application,3481,4,,,,,,Windows(R) UL phone License (Private),3077a305-5b47-4598-aa64-911e1ce2f08a,,,,,,,,,,,,,,,,,,,,,,,,,,,,,,,,,,,,,,,,,,,,,,
2026-04-01T18:28:18.831732Z,"{'#attributes': {'Qualifiers': 16384}, '#text': 1004}",DC01.garfield.htb,Microsoft-Windows-Security-SPP,Application,3482,4,,,,,,Windows(R) UL store License (Public),dde7461f-f7c0-4938-b9fd-f9bf4ea2d92a,,,,,,,,,,,,,,,,,,,,,,,,,,,,,,,,,,,,,,,,,,,,,,
2026-04-01T18:28:18.831732Z,"{'#attributes': {'Qualifiers': 16384}, '#text': 1004}",DC01.garfield.htb,Microsoft-Windows-Security-SPP,Application,3483,4,,,,,,Windows(R) UL store License (Private),019c33ae-67f1-4fd2-a8fd-05a04f8f31f0,,,,,,,,,,,,,,,,,,,,,,,,,,,,,,,,,,,,,,,,,,,,,,
2026-04-01T18:28:18.847342Z,"{'#attributes': {'Qualifiers': 16384}, '#text': 1004}",DC01.garfield.htb,Microsoft-Windows-Security-SPP,Application,3484,4,,,,,,Windows(R) Publishing License (Public),bb0cf6af-77ba-4db1-ae94-f3f3a225173d,,,,,,,,,,,,,,,,,,,,,,,,,,,,,,,,,,,,,,,,,,,,,,
2026-04-01T18:28:18.847342Z,"{'#attributes': {'Qualifiers': 16384}, '#text': 1004}",DC01.garfield.htb,Microsoft-Windows-Security-SPP,Application,3485,4,,,,,,Windows(R) Publishing License (Private),b687b8fd-45c7-4de1-89ae-0575afcda8cc,,,,,,,,,,,,,,,,,,,,,,,,,,,,,,,,,,,,,,,,,,,,,,
2026-04-01T18:28:18.847342Z,"{'#attributes': {'Qualifiers': 16384}, '#text': 1004}",DC01.garfield.htb,Microsoft-Windows-Security-SPP,Application,3486,4,,,,,,Windows(R) UL oob License (Public),42bd017d-4cad-4b43-a942-5aa6defbf20b,,,,,,,,,,,,,,,,,,,,,,,,,,,,,,,,,,,,,,,,,,,,,,
2026-04-01T18:28:18.847342Z,"{'#attributes': {'Qualifiers': 16384}, '#text': 1004}",DC01.garfield.htb,Microsoft-Windows-Security-SPP,Application,3487,4,,,,,,Windows(R) UL oob License (Private),460acb2d-de7e-4281-b734-ce6d20a9a81a,,,,,,,,,,,,,,,,,,,,,,,,,,,,,,,,,,,,,,,,,,,,,,
2026-04-01T18:28:18.862976Z,"{'#attributes': {'Qualifiers': 16384}, '#text': 1004}",DC01.garfield.htb,Microsoft-Windows-Security-SPP,Application,3488,4,,,,,,Windows(R) UL phone License (Public),60721d3f-29c1-4361-a936-3126c7b70e8f,,,,,,,,,,,,,,,,,,,,,,,,,,,,,,,,,,,,,,,,,,,,,,
2026-04-01T18:28:18.862976Z,"{'#attributes': {'Qualifiers': 16384}, '#text': 1004}",DC01.garfield.htb,Microsoft-Windows-Security-SPP,Application,3489,4,,,,,,Windows(R) UL phone License (Private),bde7b9c7-2cb8-4ed7-aa75-d8a9e6b9bb89,,,,,,,,,,,,,,,,,,,,,,,,,,,,,,,,,,,,,,,,,,,,,,
2026-04-01T18:28:18.862976Z,"{'#attributes': {'Qualifiers': 16384}, '#text': 1004}",DC01.garfield.htb,Microsoft-Windows-Security-SPP,Application,3490,4,,,,,,Windows(R) UL store License (Public),33aa4578-c2ef-4ca2-9923-3b2c7bdc8390,,,,,,,,,,,,,,,,,,,,,,,,,,,,,,,,,,,,,,,,,,,,,,
2026-04-01T18:28:18.862976Z,"{'#attributes': {'Qualifiers': 16384}, '#text': 1004}",DC01.garfield.htb,Microsoft-Windows-Security-SPP,Application,3491,4,,,,,,Windows(R) UL store License (Private),cce6ff7c-f53c-47aa-897e-8def397dd2c2,,,,,,,,,,,,,,,,,,,,,,,,,,,,,,,,,,,,,,,,,,,,,,
2026-04-01T18:28:18.878590Z,"{'#attributes': {'Qualifiers': 16384}, '#text': 1004}",DC01.garfield.htb,Microsoft-Windows-Security-SPP,Application,3492,4,,,,,,Windows(R) Publishing License (Public),028f7ff0-9002-4673-881f-1626fa3d0bea,,,,,,,,,,,,,,,,,,,,,,,,,,,,,,,,,,,,,,,,,,,,,,
2026-04-01T18:28:18.878590Z,"{'#attributes': {'Qualifiers': 16384}, '#text': 1004}",DC01.garfield.htb,Microsoft-Windows-Security-SPP,Application,3493,4,,,,,,Windows(R) Publishing License (Private),10b84944-e42f-4960-ad33-15a25c9b73a7,,,,,,,,,,,,,,,,,,,,,,,,,,,,,,,,,,,,,,,,,,,,,,
2026-04-01T18:28:18.878590Z,"{'#attributes': {'Qualifiers': 16384}, '#text': 1004}",DC01.garfield.htb,Microsoft-Windows-Security-SPP,Application,3494,4,,,,,,Windows(R) UL oob License (Public),4818326c-2193-4cbf-9697-f79966fdb08f,,,,,,,,,,,,,,,,,,,,,,,,,,,,,,,,,,,,,,,,,,,,,,
2026-04-01T18:28:18.878590Z,"{'#attributes': {'Qualifiers': 16384}, '#text': 1004}",DC01.garfield.htb,Microsoft-Windows-Security-SPP,Application,3495,4,,,,,,Windows(R) UL oob License (Private),c6fbaee1-b077-4935-a58c-e1302f646fbf,,,,,,,,,,,,,,,,,,,,,,,,,,,,,,,,,,,,,,,,,,,,,,
2026-04-01T18:28:18.894223Z,"{'#attributes': {'Qualifiers': 16384}, '#text': 1004}",DC01.garfield.htb,Microsoft-Windows-Security-SPP,Application,3496,4,,,,,,Windows(R) UL phone License (Public),3e8f3170-2707-4074-b0d2-43f11ec3d6d9,,,,,,,,,,,,,,,,,,,,,,,,,,,,,,,,,,,,,,,,,,,,,,
2026-04-01T18:28:18.894223Z,"{'#attributes': {'Qualifiers': 16384}, '#text': 1004}",DC01.garfield.htb,Microsoft-Windows-Security-SPP,Application,3497,4,,,,,,Windows(R) UL phone License (Private),f302442e-5a3b-4d15-9643-a3d153ae7598,,,,,,,,,,,,,,,,,,,,,,,,,,,,,,,,,,,,,,,,,,,,,,
