2025-08-13T11:04:35.871491Z,4907,DC01,Microsoft-Windows-Security-Auditing,Security,1865,0,,,,,,,,,,,,,,,,,,,,,,,,,,,,,,,,,,,,,,,,,,,,,,,0x86c,,,,,,,,,,,,,,,,,,,,,,,,,,,,,,,,,,,,S:ARAI(AU;SAFA;DCLCRPCRSDWDWO;;;WD),,,,,,,,,C:\Windows\SysWOW64\WindowsPowerShell\v1.0\Modules\DnsServer\PS_DnsServerStatistics_v1.0.0.cdxml,,Security,File,,,,,,,,,,,,,,,,,,,,0x1624,C:\Windows\WinSxS\amd64_microsoft-windows-servicingstack_31bf3856ad364e35_10.0.17763.3641_none_56cfe33d992f2729\TiWorker.exe,,,,,,,,,,,,,,,,,,,,,,,,,,,WORKGROUP,0x3e7,,DC01$,S-1-5-18,,,,,,,,,,,,,,,,,,,,,,,,,,,,,
2025-08-13T11:04:35.871932Z,4907,DC01,Microsoft-Windows-Security-Auditing,Security,1866,0,,,,,,,,,,,,,,,,,,,,,,,,,,,,,,,,,,,,,,,,,,,,,,,0x870,,,,,,,,,,,,,,,,,,,,,,,,,,,,,,,,,,,,S:ARAI(AU;SAFA;DCLCRPCRSDWDWO;;;WD),,,,,,,,,C:\Windows\SysWOW64\WindowsPowerShell\v1.0\Modules\DnsServer\PS_DnsServerStubZone_v1.0.0.cdxml,,Security,File,,,,,,,,,,,,,,,,,,,,0x1624,C:\Windows\WinSxS\amd64_microsoft-windows-servicingstack_31bf3856ad364e35_10.0.17763.3641_none_56cfe33d992f2729\TiWorker.exe,,,,,,,,,,,,,,,,,,,,,,,,,,,WORKGROUP,0x3e7,,DC01$,S-1-5-18,,,,,,,,,,,,,,,,,,,,,,,,,,,,,
2025-08-13T11:04:35.872377Z,4907,DC01,Microsoft-Windows-Security-Auditing,Security,1867,0,,,,,,,,,,,,,,,,,,,,,,,,,,,,,,,,,,,,,,,,,,,,,,,0x88c,,,,,,,,,,,,,,,,,,,,,,,,,,,,,,,,,,,,S:ARAI(AU;SAFA;DCLCRPCRSDWDWO;;;WD),,,,,,,,,C:\Windows\SysWOW64\WindowsPowerShell\v1.0\Modules\DnsServer\PS_DnsServerTrustAnchor_v1.0.0.cdxml,,Security,File,,,,,,,,,,,,,,,,,,,,0x1624,C:\Windows\WinSxS\amd64_microsoft-windows-servicingstack_31bf3856ad364e35_10.0.17763.3641_none_56cfe33d992f2729\TiWorker.exe,,,,,,,,,,,,,,,,,,,,,,,,,,,WORKGROUP,0x3e7,,DC01$,S-1-5-18,,,,,,,,,,,,,,,,,,,,,,,,,,,,,
2025-08-13T11:04:35.873320Z,4907,DC01,Microsoft-Windows-Security-Auditing,Security,1868,0,,,,,,,,,,,,,,,,,,,,,,,,,,,,,,,,,,,,,,,,,,,,,,,0x890,,,,,,,,,,,,,,,,,,,,,,,,,,,,,,,,,,,,S:ARAI(AU;SAFA;DCLCRPCRSDWDWO;;;WD),,,,,,,,,C:\Windows\SysWOW64\WindowsPowerShell\v1.0\Modules\DnsServer\PS_DnsServerTrustPoint_v1.0.0.cdxml,,Security,File,,,,,,,,,,,,,,,,,,,,0x1624,C:\Windows\WinSxS\amd64_microsoft-windows-servicingstack_31bf3856ad364e35_10.0.17763.3641_none_56cfe33d992f2729\TiWorker.exe,,,,,,,,,,,,,,,,,,,,,,,,,,,WORKGROUP,0x3e7,,DC01$,S-1-5-18,,,,,,,,,,,,,,,,,,,,,,,,,,,,,
2025-08-13T11:04:35.873737Z,4907,DC01,Microsoft-Windows-Security-Auditing,Security,1869,0,,,,,,,,,,,,,,,,,,,,,,,,,,,,,,,,,,,,,,,,,,,,,,,0x86c,,,,,,,,,,,,,,,,,,,,,,,,,,,,,,,,,,,,S:ARAI(AU;SAFA;DCLCRPCRSDWDWO;;;WD),,,,,,,,,C:\Windows\SysWOW64\WindowsPowerShell\v1.0\Modules\DnsServer\PS_DnsServerVirtualizationInstance_v1.0.0.cdxml,,Security,File,,,,,,,,,,,,,,,,,,,,0x1624,C:\Windows\WinSxS\amd64_microsoft-windows-servicingstack_31bf3856ad364e35_10.0.17763.3641_none_56cfe33d992f2729\TiWorker.exe,,,,,,,,,,,,,,,,,,,,,,,,,,,WORKGROUP,0x3e7,,DC01$,S-1-5-18,,,,,,,,,,,,,,,,,,,,,,,,,,,,,
2025-08-13T11:04:35.874176Z,4907,DC01,Microsoft-Windows-Security-Auditing,Security,1870,0,,,,,,,,,,,,,,,,,,,,,,,,,,,,,,,,,,,,,,,,,,,,,,,0x870,,,,,,,,,,,,,,,,,,,,,,,,,,,,,,,,,,,,S:ARAI(AU;SAFA;DCLCRPCRSDWDWO;;;WD),,,,,,,,,C:\Windows\SysWOW64\WindowsPowerShell\v1.0\Modules\DnsServer\PS_DnsServerZone_v1.0.0.cdxml,,Security,File,,,,,,,,,,,,,,,,,,,,0x1624,C:\Windows\WinSxS\amd64_microsoft-windows-servicingstack_31bf3856ad364e35_10.0.17763.3641_none_56cfe33d992f2729\TiWorker.exe,,,,,,,,,,,,,,,,,,,,,,,,,,,WORKGROUP,0x3e7,,DC01$,S-1-5-18,,,,,,,,,,,,,,,,,,,,,,,,,,,,,
2025-08-13T11:04:35.874641Z,4907,DC01,Microsoft-Windows-Security-Auditing,Security,1871,0,,,,,,,,,,,,,,,,,,,,,,,,,,,,,,,,,,,,,,,,,,,,,,,0x88c,,,,,,,,,,,,,,,,,,,,,,,,,,,,,,,,,,,,S:ARAI(AU;SAFA;DCLCRPCRSDWDWO;;;WD),,,,,,,,,C:\Windows\SysWOW64\WindowsPowerShell\v1.0\Modules\DnsServer\PS_DnsServerZoneAging_v1.0.0.cdxml,,Security,File,,,,,,,,,,,,,,,,,,,,0x1624,C:\Windows\WinSxS\amd64_microsoft-windows-servicingstack_31bf3856ad364e35_10.0.17763.3641_none_56cfe33d992f2729\TiWorker.exe,,,,,,,,,,,,,,,,,,,,,,,,,,,WORKGROUP,0x3e7,,DC01$,S-1-5-18,,,,,,,,,,,,,,,,,,,,,,,,,,,,,
2025-08-13T11:04:35.875187Z,4907,DC01,Microsoft-Windows-Security-Auditing,Security,1872,0,,,,,,,,,,,,,,,,,,,,,,,,,,,,,,,,,,,,,,,,,,,,,,,0x890,,,,,,,,,,,,,,,,,,,,,,,,,,,,,,,,,,,,S:ARAI(AU;SAFA;DCLCRPCRSDWDWO;;;WD),,,,,,,,,C:\Windows\SysWOW64\WindowsPowerShell\v1.0\Modules\DnsServer\PS_DnsServerZoneDelegation_v1.0.0.cdxml,,Security,File,,,,,,,,,,,,,,,,,,,,0x1624,C:\Windows\WinSxS\amd64_microsoft-windows-servicingstack_31bf3856ad364e35_10.0.17763.3641_none_56cfe33d992f2729\TiWorker.exe,,,,,,,,,,,,,,,,,,,,,,,,,,,WORKGROUP,0x3e7,,DC01$,S-1-5-18,,,,,,,,,,,,,,,,,,,,,,,,,,,,,
2025-08-13T11:04:35.876004Z,4907,DC01,Microsoft-Windows-Security-Auditing,Security,1873,0,,,,,,,,,,,,,,,,,,,,,,,,,,,,,,,,,,,,,,,,,,,,,,,0x86c,,,,,,,,,,,,,,,,,,,,,,,,,,,,,,,,,,,,S:ARAI(AU;SAFA;DCLCRPCRSDWDWO;;;WD),,,,,,,,,C:\Windows\SysWOW64\WindowsPowerShell\v1.0\Modules\DnsServer\PS_DnsServerZoneKeyMasterRole_v1.0.0.cdxml,,Security,File,,,,,,,,,,,,,,,,,,,,0x1624,C:\Windows\WinSxS\amd64_microsoft-windows-servicingstack_31bf3856ad364e35_10.0.17763.3641_none_56cfe33d992f2729\TiWorker.exe,,,,,,,,,,,,,,,,,,,,,,,,,,,WORKGROUP,0x3e7,,DC01$,S-1-5-18,,,,,,,,,,,,,,,,,,,,,,,,,,,,,
2025-08-13T11:04:35.876541Z,4907,DC01,Microsoft-Windows-Security-Auditing,Security,1874,0,,,,,,,,,,,,,,,,,,,,,,,,,,,,,,,,,,,,,,,,,,,,,,,0x870,,,,,,,,,,,,,,,,,,,,,,,,,,,,,,,,,,,,S:ARAI(AU;SAFA;DCLCRPCRSDWDWO;;;WD),,,,,,,,,C:\Windows\SysWOW64\WindowsPowerShell\v1.0\Modules\DnsServer\PS_DnsServerZoneScope_v1.0.0.cdxml,,Security,File,,,,,,,,,,,,,,,,,,,,0x1624,C:\Windows\WinSxS\amd64_microsoft-windows-servicingstack_31bf3856ad364e35_10.0.17763.3641_none_56cfe33d992f2729\TiWorker.exe,,,,,,,,,,,,,,,,,,,,,,,,,,,WORKGROUP,0x3e7,,DC01$,S-1-5-18,,,,,,,,,,,,,,,,,,,,,,,,,,,,,
2025-08-13T11:04:35.877194Z,4907,DC01,Microsoft-Windows-Security-Auditing,Security,1875,0,,,,,,,,,,,,,,,,,,,,,,,,,,,,,,,,,,,,,,,,,,,,,,,0x88c,,,,,,,,,,,,,,,,,,,,,,,,,,,,,,,,,,,,S:ARAI(AU;SAFA;DCLCRPCRSDWDWO;;;WD),,,,,,,,,C:\Windows\SysWOW64\WindowsPowerShell\v1.0\Modules\DnsServer\PS_DnsServerZoneSign_v1.0.0.cdxml,,Security,File,,,,,,,,,,,,,,,,,,,,0x1624,C:\Windows\WinSxS\amd64_microsoft-windows-servicingstack_31bf3856ad364e35_10.0.17763.3641_none_56cfe33d992f2729\TiWorker.exe,,,,,,,,,,,,,,,,,,,,,,,,,,,WORKGROUP,0x3e7,,DC01$,S-1-5-18,,,,,,,,,,,,,,,,,,,,,,,,,,,,,
2025-08-13T11:04:35.877843Z,4907,DC01,Microsoft-Windows-Security-Auditing,Security,1876,0,,,,,,,,,,,,,,,,,,,,,,,,,,,,,,,,,,,,,,,,,,,,,,,0x890,,,,,,,,,,,,,,,,,,,,,,,,,,,,,,,,,,,,S:ARAI(AU;SAFA;DCLCRPCRSDWDWO;;;WD),,,,,,,,,C:\Windows\SysWOW64\WindowsPowerShell\v1.0\Modules\DnsServer\PS_DnsServerZoneTransfer_v1.0.0.cdxml,,Security,File,,,,,,,,,,,,,,,,,,,,0x1624,C:\Windows\WinSxS\amd64_microsoft-windows-servicingstack_31bf3856ad364e35_10.0.17763.3641_none_56cfe33d992f2729\TiWorker.exe,,,,,,,,,,,,,,,,,,,,,,,,,,,WORKGROUP,0x3e7,,DC01$,S-1-5-18,,,,,,,,,,,,,,,,,,,,,,,,,,,,,
2025-08-13T11:04:35.878463Z,4907,DC01,Microsoft-Windows-Security-Auditing,Security,1877,0,,,,,,,,,,,,,,,,,,,,,,,,,,,,,,,,,,,,,,,,,,,,,,,0x86c,,,,,,,,,,,,,,,,,,,,,,,,,,,,,,,,,,,,S:ARAI(AU;SAFA;DCLCRPCRSDWDWO;;;WD),,,,,,,,,C:\Windows\SysWOW64\WindowsPowerShell\v1.0\Modules\DnsServer\PS_DnsServerZoneTransferPolicy_v1.0.0.cdxml,,Security,File,,,,,,,,,,,,,,,,,,,,0x1624,C:\Windows\WinSxS\amd64_microsoft-windows-servicingstack_31bf3856ad364e35_10.0.17763.3641_none_56cfe33d992f2729\TiWorker.exe,,,,,,,,,,,,,,,,,,,,,,,,,,,WORKGROUP,0x3e7,,DC01$,S-1-5-18,,,,,,,,,,,,,,,,,,,,,,,,,,,,,
2025-08-13T11:04:35.879125Z,4907,DC01,Microsoft-Windows-Security-Auditing,Security,1878,0,,,,,,,,,,,,,,,,,,,,,,,,,,,,,,,,,,,,,,,,,,,,,,,0x870,,,,,,,,,,,,,,,,,,,,,,,,,,,,,,,,,,,,S:ARAI(AU;SAFA;DCLCRPCRSDWDWO;;;WD),,,,,,,,,C:\Windows\SysWOW64\WindowsPowerShell\v1.0\Modules\DnsServer\PS_DnsServerZoneUnsign_v1.0.0.cdxml,,Security,File,,,,,,,,,,,,,,,,,,,,0x1624,C:\Windows\WinSxS\amd64_microsoft-windows-servicingstack_31bf3856ad364e35_10.0.17763.3641_none_56cfe33d992f2729\TiWorker.exe,,,,,,,,,,,,,,,,,,,,,,,,,,,WORKGROUP,0x3e7,,DC01$,S-1-5-18,,,,,,,,,,,,,,,,,,,,,,,,,,,,,
2025-08-13T11:04:36.143047Z,4624,DC01,Microsoft-Windows-Security-Auditing,Security,1879,0,,,,,,,,,,,,,,,,,Negotiate,,,,,,,,,,,,,,,,,,,,,,,,%%1842,,,,,,,,,,,,,%%1833,-,-,,,,0,,,-,,,,,00000000-0000-0000-0000-000000000000,,Advapi  ,5,,,,,,,,,,,,,,,,,,,,,,,,,,,,,,,,,,,,,,,,,,,,0x2d4,C:\Windows\System32\services.exe,,,,,,,,,,-,,,,,,,,,,,,,,,,,WORKGROUP,0x3e7,,DC01$,S-1-5-18,NT AUTHORITY,,0x0,,0x3e7,,-,-,,,,,SYSTEM,S-1-5-18,,,,,-,,,,,,%%1843,,,-,
2025-08-13T11:04:36.143052Z,4672,DC01,Microsoft-Windows-Security-Auditing,Security,1880,0,,,,,,,,,,,,,,,,,,,,,,,,,,,,,,,,,,,,,,,,,,,,,,,,,,,,,,,,,,,,,,,,,,,,,,,,,,,,,,,,,,,,,,,,,,,,,,,,,,,,,,,,,,,,,,,,,"SeAssignPrimaryTokenPrivilege
			SeTcbPrivilege
			SeSecurityPrivilege
			SeTakeOwnershipPrivilege
			SeLoadDriverPrivilege
			SeBackupPrivilege
			SeRestorePrivilege
			SeDebugPrivilege
			SeAuditPrivilege
			SeSystemEnvironmentPrivilege
			SeImpersonatePrivilege
			SeDelegateSessionUserImpersonatePrivilege",,,,,,,,,,,,,,,,,,,,,,,,,,,,,,NT AUTHORITY,0x3e7,,SYSTEM,S-1-5-18,,,,,,,,,,,,,,,,,,,,,,,,,,,,,
2025-08-13T11:04:36.847649Z,4624,DC01,Microsoft-Windows-Security-Auditing,Security,1881,0,,,,,,,,,,,,,,,,,Negotiate,,,,,,,,,,,,,,,,,,,,,,,,%%1842,,,,,,,,,,,,,%%1833,-,-,,,,0,,,-,,,,,00000000-0000-0000-0000-000000000000,,Advapi  ,5,,,,,,,,,,,,,,,,,,,,,,,,,,,,,,,,,,,,,,,,,,,,0x2d4,C:\Windows\System32\services.exe,,,,,,,,,,-,,,,,,,,,,,,,,,,,WORKGROUP,0x3e7,,DC01$,S-1-5-18,NT AUTHORITY,,0x0,,0x3e7,,-,-,,,,,SYSTEM,S-1-5-18,,,,,-,,,,,,%%1843,,,-,
2025-08-13T11:04:36.847655Z,4672,DC01,Microsoft-Windows-Security-Auditing,Security,1882,0,,,,,,,,,,,,,,,,,,,,,,,,,,,,,,,,,,,,,,,,,,,,,,,,,,,,,,,,,,,,,,,,,,,,,,,,,,,,,,,,,,,,,,,,,,,,,,,,,,,,,,,,,,,,,,,,,"SeAssignPrimaryTokenPrivilege
			SeTcbPrivilege
			SeSecurityPrivilege
			SeTakeOwnershipPrivilege
			SeLoadDriverPrivilege
			SeBackupPrivilege
			SeRestorePrivilege
			SeDebugPrivilege
			SeAuditPrivilege
			SeSystemEnvironmentPrivilege
			SeImpersonatePrivilege
			SeDelegateSessionUserImpersonatePrivilege",,,,,,,,,,,,,,,,,,,,,,,,,,,,,,NT AUTHORITY,0x3e7,,SYSTEM,S-1-5-18,,,,,,,,,,,,,,,,,,,,,,,,,,,,,
2025-08-13T11:04:36.867448Z,4799,DC01,Microsoft-Windows-Security-Auditing,Security,1883,0,,,,,,,,,,,,,,,,,,0x1404,C:\Windows\System32\VSSVC.exe,,,,,,,,,,,,,,,,,,,,,,,,,,,,,,,,,,,,,,,,,,,,,,,,,,,,,,,,,,,,,,,,,,,,,,,,,,,,,,,,,,,,,,,,,,,,,,,,,,,,,,,,,,,,,,,,,,,,,,,,,,,,WORKGROUP,0x3e7,,DC01$,S-1-5-18,Builtin,,,,,,,,,,,S-1-5-32-544,Administrators,,,,,,,,,,,,,,,,
2025-08-13T11:04:36.867788Z,4799,DC01,Microsoft-Windows-Security-Auditing,Security,1884,0,,,,,,,,,,,,,,,,,,0x1404,C:\Windows\System32\VSSVC.exe,,,,,,,,,,,,,,,,,,,,,,,,,,,,,,,,,,,,,,,,,,,,,,,,,,,,,,,,,,,,,,,,,,,,,,,,,,,,,,,,,,,,,,,,,,,,,,,,,,,,,,,,,,,,,,,,,,,,,,,,,,,,WORKGROUP,0x3e7,,DC01$,S-1-5-18,Builtin,,,,,,,,,,,S-1-5-32-551,Backup Operators,,,,,,,,,,,,,,,,
2025-08-13T11:04:36.868709Z,4624,DC01,Microsoft-Windows-Security-Auditing,Security,1885,0,,,,,,,,,,,,,,,,,Negotiate,,,,,,,,,,,,,,,,,,,,,,,,%%1842,,,,,,,,,,,,,%%1833,-,-,,,,0,,,-,,,,,00000000-0000-0000-0000-000000000000,,Advapi  ,5,,,,,,,,,,,,,,,,,,,,,,,,,,,,,,,,,,,,,,,,,,,,0x2d4,C:\Windows\System32\services.exe,,,,,,,,,,-,,,,,,,,,,,,,,,,,WORKGROUP,0x3e7,,DC01$,S-1-5-18,NT AUTHORITY,,0x0,,0x3e7,,-,-,,,,,SYSTEM,S-1-5-18,,,,,-,,,,,,%%1843,,,-,
2025-08-13T11:04:36.868714Z,4672,DC01,Microsoft-Windows-Security-Auditing,Security,1886,0,,,,,,,,,,,,,,,,,,,,,,,,,,,,,,,,,,,,,,,,,,,,,,,,,,,,,,,,,,,,,,,,,,,,,,,,,,,,,,,,,,,,,,,,,,,,,,,,,,,,,,,,,,,,,,,,,"SeAssignPrimaryTokenPrivilege
			SeTcbPrivilege
			SeSecurityPrivilege
			SeTakeOwnershipPrivilege
			SeLoadDriverPrivilege
			SeBackupPrivilege
			SeRestorePrivilege
			SeDebugPrivilege
			SeAuditPrivilege
			SeSystemEnvironmentPrivilege
			SeImpersonatePrivilege
			SeDelegateSessionUserImpersonatePrivilege",,,,,,,,,,,,,,,,,,,,,,,,,,,,,,NT AUTHORITY,0x3e7,,SYSTEM,S-1-5-18,,,,,,,,,,,,,,,,,,,,,,,,,,,,,
2025-08-13T11:04:36.877344Z,4799,DC01,Microsoft-Windows-Security-Auditing,Security,1887,0,,,,,,,,,,,,,,,,,,0x1404,C:\Windows\System32\VSSVC.exe,,,,,,,,,,,,,,,,,,,,,,,,,,,,,,,,,,,,,,,,,,,,,,,,,,,,,,,,,,,,,,,,,,,,,,,,,,,,,,,,,,,,,,,,,,,,,,,,,,,,,,,,,,,,,,,,,,,,,,,,,,,,WORKGROUP,0x3e7,,DC01$,S-1-5-18,Builtin,,,,,,,,,,,S-1-5-32-544,Administrators,,,,,,,,,,,,,,,,
2025-08-13T11:04:36.877623Z,4799,DC01,Microsoft-Windows-Security-Auditing,Security,1888,0,,,,,,,,,,,,,,,,,,0x1404,C:\Windows\System32\VSSVC.exe,,,,,,,,,,,,,,,,,,,,,,,,,,,,,,,,,,,,,,,,,,,,,,,,,,,,,,,,,,,,,,,,,,,,,,,,,,,,,,,,,,,,,,,,,,,,,,,,,,,,,,,,,,,,,,,,,,,,,,,,,,,,WORKGROUP,0x3e7,,DC01$,S-1-5-18,Builtin,,,,,,,,,,,S-1-5-32-551,Backup Operators,,,,,,,,,,,,,,,,
2025-08-13T11:04:36.884370Z,4799,DC01,Microsoft-Windows-Security-Auditing,Security,1889,0,,,,,,,,,,,,,,,,,,0x1404,C:\Windows\System32\VSSVC.exe,,,,,,,,,,,,,,,,,,,,,,,,,,,,,,,,,,,,,,,,,,,,,,,,,,,,,,,,,,,,,,,,,,,,,,,,,,,,,,,,,,,,,,,,,,,,,,,,,,,,,,,,,,,,,,,,,,,,,,,,,,,,WORKGROUP,0x3e7,,DC01$,S-1-5-18,Builtin,,,,,,,,,,,S-1-5-32-544,Administrators,,,,,,,,,,,,,,,,
2025-08-13T11:04:36.884662Z,4799,DC01,Microsoft-Windows-Security-Auditing,Security,1890,0,,,,,,,,,,,,,,,,,,0x1404,C:\Windows\System32\VSSVC.exe,,,,,,,,,,,,,,,,,,,,,,,,,,,,,,,,,,,,,,,,,,,,,,,,,,,,,,,,,,,,,,,,,,,,,,,,,,,,,,,,,,,,,,,,,,,,,,,,,,,,,,,,,,,,,,,,,,,,,,,,,,,,WORKGROUP,0x3e7,,DC01$,S-1-5-18,Builtin,,,,,,,,,,,S-1-5-32-551,Backup Operators,,,,,,,,,,,,,,,,
2025-08-13T11:04:36.891985Z,4799,DC01,Microsoft-Windows-Security-Auditing,Security,1891,0,,,,,,,,,,,,,,,,,,0x1404,C:\Windows\System32\VSSVC.exe,,,,,,,,,,,,,,,,,,,,,,,,,,,,,,,,,,,,,,,,,,,,,,,,,,,,,,,,,,,,,,,,,,,,,,,,,,,,,,,,,,,,,,,,,,,,,,,,,,,,,,,,,,,,,,,,,,,,,,,,,,,,WORKGROUP,0x3e7,,DC01$,S-1-5-18,Builtin,,,,,,,,,,,S-1-5-32-544,Administrators,,,,,,,,,,,,,,,,
2025-08-13T11:04:36.892225Z,4799,DC01,Microsoft-Windows-Security-Auditing,Security,1892,0,,,,,,,,,,,,,,,,,,0x1404,C:\Windows\System32\VSSVC.exe,,,,,,,,,,,,,,,,,,,,,,,,,,,,,,,,,,,,,,,,,,,,,,,,,,,,,,,,,,,,,,,,,,,,,,,,,,,,,,,,,,,,,,,,,,,,,,,,,,,,,,,,,,,,,,,,,,,,,,,,,,,,WORKGROUP,0x3e7,,DC01$,S-1-5-18,Builtin,,,,,,,,,,,S-1-5-32-551,Backup Operators,,,,,,,,,,,,,,,,
2025-08-13T11:04:43.993395Z,4624,DC01,Microsoft-Windows-Security-Auditing,Security,1893,0,,,,,,,,,,,,,,,,,Negotiate,,,,,,,,,,,,,,,,,,,,,,,,%%1842,,,,,,,,,,,,,%%1833,-,-,,,,0,,,-,,,,,00000000-0000-0000-0000-000000000000,,Advapi  ,5,,,,,,,,,,,,,,,,,,,,,,,,,,,,,,,,,,,,,,,,,,,,0x2d4,C:\Windows\System32\services.exe,,,,,,,,,,-,,,,,,,,,,,,,,,,,WORKGROUP,0x3e7,,DC01$,S-1-5-18,NT AUTHORITY,,0x0,,0x3e7,,-,-,,,,,SYSTEM,S-1-5-18,,,,,-,,,,,,%%1843,,,-,
2025-08-13T11:04:43.993400Z,4672,DC01,Microsoft-Windows-Security-Auditing,Security,1894,0,,,,,,,,,,,,,,,,,,,,,,,,,,,,,,,,,,,,,,,,,,,,,,,,,,,,,,,,,,,,,,,,,,,,,,,,,,,,,,,,,,,,,,,,,,,,,,,,,,,,,,,,,,,,,,,,,"SeAssignPrimaryTokenPrivilege
			SeTcbPrivilege
			SeSecurityPrivilege
			SeTakeOwnershipPrivilege
			SeLoadDriverPrivilege
			SeBackupPrivilege
			SeRestorePrivilege
			SeDebugPrivilege
			SeAuditPrivilege
			SeSystemEnvironmentPrivilege
			SeImpersonatePrivilege
			SeDelegateSessionUserImpersonatePrivilege",,,,,,,,,,,,,,,,,,,,,,,,,,,,,,NT AUTHORITY,0x3e7,,SYSTEM,S-1-5-18,,,,,,,,,,,,,,,,,,,,,,,,,,,,,
2025-08-13T11:04:48.598538Z,4624,DC01,Microsoft-Windows-Security-Auditing,Security,1895,0,,,,,,,,,,,,,,,,,Negotiate,,,,,,,,,,,,,,,,,,,,,,,,%%1842,,,,,,,,,,,,,%%1833,-,-,,,,0,,,-,,,,,00000000-0000-0000-0000-000000000000,,Advapi  ,5,,,,,,,,,,,,,,,,,,,,,,,,,,,,,,,,,,,,,,,,,,,,0x2d4,C:\Windows\System32\services.exe,,,,,,,,,,-,,,,,,,,,,,,,,,,,WORKGROUP,0x3e7,,DC01$,S-1-5-18,NT AUTHORITY,,0x0,,0x3e7,,-,-,,,,,SYSTEM,S-1-5-18,,,,,-,,,,,,%%1843,,,-,
2025-08-13T11:04:48.598547Z,4672,DC01,Microsoft-Windows-Security-Auditing,Security,1896,0,,,,,,,,,,,,,,,,,,,,,,,,,,,,,,,,,,,,,,,,,,,,,,,,,,,,,,,,,,,,,,,,,,,,,,,,,,,,,,,,,,,,,,,,,,,,,,,,,,,,,,,,,,,,,,,,,"SeAssignPrimaryTokenPrivilege
			SeTcbPrivilege
			SeSecurityPrivilege
			SeTakeOwnershipPrivilege
			SeLoadDriverPrivilege
			SeBackupPrivilege
			SeRestorePrivilege
			SeDebugPrivilege
			SeAuditPrivilege
			SeSystemEnvironmentPrivilege
			SeImpersonatePrivilege
			SeDelegateSessionUserImpersonatePrivilege",,,,,,,,,,,,,,,,,,,,,,,,,,,,,,NT AUTHORITY,0x3e7,,SYSTEM,S-1-5-18,,,,,,,,,,,,,,,,,,,,,,,,,,,,,
2025-08-13T11:04:49.849421Z,4718,DC01,Microsoft-Windows-Security-Auditing,Security,1897,0,,,,SeInteractiveLogonRight,,,,,,,,,,,,,,,,,,,,,,,,,,,,,,,,,,,,,,,,,,,,,,,,,,,,,,,,,,,,,,,,,,,,,,,,,,,,,,,,,,,,,,,,,,,,,,,,,,,,,,,,,,,,,,,,,,,,,,,,,,,,,,,,,,,,,,,,,,,WORKGROUP,0x3e7,,DC01$,S-1-5-18,,,,,,,,,,,,S-1-5-32-545,,,,,,,,,,,,,,,,,
2025-08-13T11:04:49.935549Z,4718,DC01,Microsoft-Windows-Security-Auditing,Security,1898,0,,,,SeRemoteInteractiveLogonRight,,,,,,,,,,,,,,,,,,,,,,,,,,,,,,,,,,,,,,,,,,,,,,,,,,,,,,,,,,,,,,,,,,,,,,,,,,,,,,,,,,,,,,,,,,,,,,,,,,,,,,,,,,,,,,,,,,,,,,,,,,,,,,,,,,,,,,,,,,,WORKGROUP,0x3e7,,DC01$,S-1-5-18,,,,,,,,,,,,S-1-5-32-555,,,,,,,,,,,,,,,,,
2025-08-13T11:04:49.941180Z,4718,DC01,Microsoft-Windows-Security-Auditing,Security,1899,0,,,,SeNetworkLogonRight,,,,,,,,,,,,,,,,,,,,,,,,,,,,,,,,,,,,,,,,,,,,,,,,,,,,,,,,,,,,,,,,,,,,,,,,,,,,,,,,,,,,,,,,,,,,,,,,,,,,,,,,,,,,,,,,,,,,,,,,,,,,,,,,,,,,,,,,,,,WORKGROUP,0x3e7,,DC01$,S-1-5-18,,,,,,,,,,,,S-1-5-32-551,,,,,,,,,,,,,,,,,
2025-08-13T11:04:49.942581Z,4717,DC01,Microsoft-Windows-Security-Auditing,Security,1900,0,SeInteractiveLogonRight,,,,,,,,,,,,,,,,,,,,,,,,,,,,,,,,,,,,,,,,,,,,,,,,,,,,,,,,,,,,,,,,,,,,,,,,,,,,,,,,,,,,,,,,,,,,,,,,,,,,,,,,,,,,,,,,,,,,,,,,,,,,,,,,,,,,,,,,,,,,,,WORKGROUP,0x3e7,,DC01$,S-1-5-18,,,,,,,,,,,,S-1-5-32-549,,,,,,,,,,,,,,,,,
2025-08-13T11:04:49.945192Z,4717,DC01,Microsoft-Windows-Security-Auditing,Security,1901,0,SeNetworkLogonRight,,,,,,,,,,,,,,,,,,,,,,,,,,,,,,,,,,,,,,,,,,,,,,,,,,,,,,,,,,,,,,,,,,,,,,,,,,,,,,,,,,,,,,,,,,,,,,,,,,,,,,,,,,,,,,,,,,,,,,,,,,,,,,,,,,,,,,,,,,,,,,WORKGROUP,0x3e7,,DC01$,S-1-5-18,,,,,,,,,,,,S-1-5-11,,,,,,,,,,,,,,,,,
2025-08-13T11:04:49.946581Z,4717,DC01,Microsoft-Windows-Security-Auditing,Security,1902,0,SeNetworkLogonRight,,,,,,,,,,,,,,,,,,,,,,,,,,,,,,,,,,,,,,,,,,,,,,,,,,,,,,,,,,,,,,,,,,,,,,,,,,,,,,,,,,,,,,,,,,,,,,,,,,,,,,,,,,,,,,,,,,,,,,,,,,,,,,,,,,,,,,,,,,,,,,WORKGROUP,0x3e7,,DC01$,S-1-5-18,,,,,,,,,,,,S-1-5-32-554,,,,,,,,,,,,,,,,,
2025-08-13T11:04:49.948286Z,4718,DC01,Microsoft-Windows-Security-Auditing,Security,1903,0,,,,SeNetworkLogonRight,,,,,,,,,,,,,,,,,,,,,,,,,,,,,,,,,,,,,,,,,,,,,,,,,,,,,,,,,,,,,,,,,,,,,,,,,,,,,,,,,,,,,,,,,,,,,,,,,,,,,,,,,,,,,,,,,,,,,,,,,,,,,,,,,,,,,,,,,,,WORKGROUP,0x3e7,,DC01$,S-1-5-18,,,,,,,,,,,,S-1-5-32-545,,,,,,,,,,,,,,,,,
2025-08-13T11:04:49.949685Z,4717,DC01,Microsoft-Windows-Security-Auditing,Security,1904,0,SeInteractiveLogonRight,,,,,,,,,,,,,,,,,,,,,,,,,,,,,,,,,,,,,,,,,,,,,,,,,,,,,,,,,,,,,,,,,,,,,,,,,,,,,,,,,,,,,,,,,,,,,,,,,,,,,,,,,,,,,,,,,,,,,,,,,,,,,,,,,,,,,,,,,,,,,,WORKGROUP,0x3e7,,DC01$,S-1-5-18,,,,,,,,,,,,S-1-5-32-548,,,,,,,,,,,,,,,,,
2025-08-13T11:04:49.950666Z,4717,DC01,Microsoft-Windows-Security-Auditing,Security,1905,0,SeInteractiveLogonRight,,,,,,,,,,,,,,,,,,,,,,,,,,,,,,,,,,,,,,,,,,,,,,,,,,,,,,,,,,,,,,,,,,,,,,,,,,,,,,,,,,,,,,,,,,,,,,,,,,,,,,,,,,,,,,,,,,,,,,,,,,,,,,,,,,,,,,,,,,,,,,WORKGROUP,0x3e7,,DC01$,S-1-5-18,,,,,,,,,,,,S-1-5-32-550,,,,,,,,,,,,,,,,,
2025-08-13T11:04:49.951871Z,4717,DC01,Microsoft-Windows-Security-Auditing,Security,1906,0,SeInteractiveLogonRight,,,,,,,,,,,,,,,,,,,,,,,,,,,,,,,,,,,,,,,,,,,,,,,,,,,,,,,,,,,,,,,,,,,,,,,,,,,,,,,,,,,,,,,,,,,,,,,,,,,,,,,,,,,,,,,,,,,,,,,,,,,,,,,,,,,,,,,,,,,,,,WORKGROUP,0x3e7,,DC01$,S-1-5-18,,,,,,,,,,,,S-1-5-9,,,,,,,,,,,,,,,,,
2025-08-13T11:04:49.951872Z,4717,DC01,Microsoft-Windows-Security-Auditing,Security,1907,0,SeNetworkLogonRight,,,,,,,,,,,,,,,,,,,,,,,,,,,,,,,,,,,,,,,,,,,,,,,,,,,,,,,,,,,,,,,,,,,,,,,,,,,,,,,,,,,,,,,,,,,,,,,,,,,,,,,,,,,,,,,,,,,,,,,,,,,,,,,,,,,,,,,,,,,,,,WORKGROUP,0x3e7,,DC01$,S-1-5-18,,,,,,,,,,,,S-1-5-9,,,,,,,,,,,,,,,,,
2025-08-13T11:04:51.910612Z,4907,DC01,Microsoft-Windows-Security-Auditing,Security,1908,0,,,,,,,,,,,,,,,,,,,,,,,,,,,,,,,,,,,,,,,,,,,,,,,0xb6c,,,,,,,,,,,,,,,,,,,,,,,,,,,,,,,,,,,,S:ARAI(AU;SA;SD;;;WD),,,,,,,,,C:\Windows\SYSVOL\domain\Policies\{31B2F340-016D-11D2-945F-00C04FB984F9},,Security,File,,,,,,,,,,,,,,,,,,,,0x2d4,C:\Windows\System32\services.exe,,,,,,,,,,,,,,,,,,,,,,,,,,,WORKGROUP,0x3e7,,DC01$,S-1-5-18,,,,,,,,,,,,,,,,,,,,,,,,,,,,,
2025-08-13T11:04:51.911841Z,4907,DC01,Microsoft-Windows-Security-Auditing,Security,1909,0,,,,,,,,,,,,,,,,,,,,,,,,,,,,,,,,,,,,,,,,,,,,,,,0xb34,,,,,,,,,,,,,,,,,,,,,,,,,,,,,,,,,,,,S:ARAI(AU;SA;SD;;;WD),,,,,,,,,C:\Windows\SYSVOL\domain\Policies\{6AC1786C-016F-11D2-945F-00C04fB984F9},,Security,File,,,,,,,,,,,,,,,,,,,,0x2d4,C:\Windows\System32\services.exe,,,,,,,,,,,,,,,,,,,,,,,,,,,WORKGROUP,0x3e7,,DC01$,S-1-5-18,,,,,,,,,,,,,,,,,,,,,,,,,,,,,
2025-08-13T11:04:51.911983Z,4907,DC01,Microsoft-Windows-Security-Auditing,Security,1910,0,,,,,,,,,,,,,,,,,,,,,,,,,,,,,,,,,,,,,,,,,,,,,,,0xb34,,,,,,,,,,,,,,,,,,,,,,,,,,,,,,,,,,,,S:ARAI(AU;SA;SD;;;WD),,,,,,,,,C:\Windows\SYSVOL\domain\Policies,,Security,File,,,,,,,,,,,,,,,,,,,,0x2d4,C:\Windows\System32\services.exe,,,,,,,,,,,,,,,,,,,,,,,,,,,WORKGROUP,0x3e7,,DC01$,S-1-5-18,,,,,,,,,,,,,,,,,,,,,,,,,,,,,
2025-08-13T11:04:51.912266Z,4907,DC01,Microsoft-Windows-Security-Auditing,Security,1911,0,,,,,,,,,,,,,,,,,,,,,,,,,,,,,,,,,,,,,,,,,,,,,,,0xb6c,,,,,,,,,,,,,,,,,,,,,,,,,,,,,,,,,,,,S:ARAI(AU;SA;SD;;;WD),,,,,,,,,C:\Windows\SYSVOL\domain\scripts,,Security,File,,,,,,,,,,,,,,,,,,,,0x2d4,C:\Windows\System32\services.exe,,,,,,,,,,,,,,,,,,,,,,,,,,,WORKGROUP,0x3e7,,DC01$,S-1-5-18,,,,,,,,,,,,,,,,,,,,,,,,,,,,,
2025-08-13T11:04:51.912360Z,4907,DC01,Microsoft-Windows-Security-Auditing,Security,1912,0,,,,,,,,,,,,,,,,,,,,,,,,,,,,,,,,,,,,,,,,,,,,,,,0xb6c,,,,,,,,,,,,,,,,,,,,,,,,,,,,,,,,,,,,S:ARAI(AU;SA;SD;;;WD),,,,,,,,,C:\Windows\SYSVOL\domain,,Security,File,,,,,,,,,,,,,,,,,,,,0x2d4,C:\Windows\System32\services.exe,,,,,,,,,,,,,,,,,,,,,,,,,,,WORKGROUP,0x3e7,,DC01$,S-1-5-18,,,,,,,,,,,,,,,,,,,,,,,,,,,,,
2025-08-13T11:04:51.912712Z,4907,DC01,Microsoft-Windows-Security-Auditing,Security,1913,0,,,,,,,,,,,,,,,,,,,,,,,,,,,,,,,,,,,,,,,,,,,,,,,0xb7c,,,,,,,,,,,,,,,,,,,,,,,,,,,,,,,,,,,,S:ARAI(AU;OICIIDSA;SD;;;WD),,,,,,,,,C:\Windows\SYSVOL\sysvol\garfield.htb,,Security,File,,,,,,,,,,,,,,,,,,,,0x2d4,C:\Windows\System32\services.exe,,,,,,,,,,,,,,,,,,,,,,,,,,,WORKGROUP,0x3e7,,DC01$,S-1-5-18,,,,,,,,,,,,,,,,,,,,,,,,,,,,,
2025-08-13T11:04:51.912846Z,4907,DC01,Microsoft-Windows-Security-Auditing,Security,1914,0,,,,,,,,,,,,,,,,,,,,,,,,,,,,,,,,,,,,,,,,,,,,,,,0xb34,,,,,,,,,,,,,,,,,,,,,,,,,,,,,,,,,,,,S:ARAI(AU;OICISA;SD;;;WD),,,,,,,,,C:\Windows\SYSVOL\sysvol,,Security,File,,,,,,,,,,,,,,,,,,,,0x2d4,C:\Windows\System32\services.exe,,,,,,,,,,,,,,,,,,,,,,,,,,,WORKGROUP,0x3e7,,DC01$,S-1-5-18,,,,,,,,,,,,,,,,,,,,,,,,,,,,,
2025-08-13T11:04:55.244833Z,4624,DC01,Microsoft-Windows-Security-Auditing,Security,1915,0,,,,,,,,,,,,,,,,,Negotiate,,,,,,,,,,,,,,,,,,,,,,,,%%1842,,,,,,,,,,,,,%%1833,-,-,,,,0,,,-,,,,,00000000-0000-0000-0000-000000000000,,Advapi  ,5,,,,,,,,,,,,,,,,,,,,,,,,,,,,,,,,,,,,,,,,,,,,0x2d4,C:\Windows\System32\services.exe,,,,,,,,,,-,,,,,,,,,,,,,,,,,WORKGROUP,0x3e7,,DC01$,S-1-5-18,NT AUTHORITY,,0x0,,0x3e7,,-,-,,,,,SYSTEM,S-1-5-18,,,,,-,,,,,,%%1843,,,-,
2025-08-13T11:04:55.244837Z,4672,DC01,Microsoft-Windows-Security-Auditing,Security,1916,0,,,,,,,,,,,,,,,,,,,,,,,,,,,,,,,,,,,,,,,,,,,,,,,,,,,,,,,,,,,,,,,,,,,,,,,,,,,,,,,,,,,,,,,,,,,,,,,,,,,,,,,,,,,,,,,,,"SeAssignPrimaryTokenPrivilege
			SeTcbPrivilege
			SeSecurityPrivilege
			SeTakeOwnershipPrivilege
			SeLoadDriverPrivilege
			SeBackupPrivilege
			SeRestorePrivilege
			SeDebugPrivilege
			SeAuditPrivilege
			SeSystemEnvironmentPrivilege
			SeImpersonatePrivilege
			SeDelegateSessionUserImpersonatePrivilege",,,,,,,,,,,,,,,,,,,,,,,,,,,,,,NT AUTHORITY,0x3e7,,SYSTEM,S-1-5-18,,,,,,,,,,,,,,,,,,,,,,,,,,,,,
2025-08-13T11:05:11.154848Z,1100,DC01,Microsoft-Windows-Eventlog,Security,1917,4,,,,,,,,,,,,,,,,,,,,,,,,,,,,,,,,,,,,,,,,,,,,,,,,,,,,,,,,,,,,,,,,,,,,,,,,,,,,,,,,,,,,,,,,,,,,,,,,,,,,,,,,,,,,,,,,,,,,,,,,,,,,,,,,,,,,,,,,,,,,,,,,,,,,,,,,,,,,,,,,,,,,,,,,,,,,,,,,http://manifests.microsoft.com/win/2004/08/windows/eventlog
2025-08-13T11:05:10.589521Z,4647,DC01,Microsoft-Windows-Security-Auditing,Security,1918,0,,,,,,,,,,,,,,,,,,,,,,,,,,,,,,,,,,,,,,,,,,,,,,,,,,,,,,,,,,,,,,,,,,,,,,,,,,,,,,,,,,,,,,,,,,,,,,,,,,,,,,,,,,,,,,,,,,,,,,,,,,,,,,,,,,,,,,,,,,,,,,,,,,,,DC01,,,,0x28960,,,,,,,,Administrator,S-1-5-21-2502726253-3859040611-225969357-500,,,,,,,,,,,,,,,
2025-08-13T11:05:11.152692Z,4616,DC01,Microsoft-Windows-Security-Auditing,Security,1919,0,,,,,,,,,,,,,,,,,,,,,,,,,,,,,,,,,,,,,,,,,,,,,,,,,,,,,,,,,,,,,,,,,,,,,,,,,,,,,,,,,,,,,2025-08-13T11:05:11.152412Z,,,,,,,,,,,,,,,,,,,,,,,,,,2025-08-13T11:05:11.140319Z,,,,0xb54,C:\Windows\System32\svchost.exe,,,,,,,,,,,,,,,,,,,,,,,,,,,NT AUTHORITY,0x3e5,,LOCAL SERVICE,S-1-5-19,,,,,,,,,,,,,,,,,,,,,,,,,,,,,
2025-08-13T11:05:23.800631Z,4688,DC01.garfield.htb,Microsoft-Windows-Security-Auditing,Security,1920,0,,,,,,,,,,,,,,,,,,,,,,,,,,,,,,,,,,,,,,,,,,,,,,,,,,,,,,,,,,,,,,,,,,,,,,,,,S-1-16-16384,,,,,,,,0x38,,,,,,,,,,,,,,,,,,,,,,,,,,,,,,,,,,0x4,,,,,,,,,,,,,,,,,,,,,,,,,,,,-,0x3e7,,-,S-1-5-18,-,,,,0x0,,,,,,,,-,S-1-0-0,,,,%%1936,,,,,,,,,,,
2025-08-13T11:05:23.800655Z,4688,DC01.garfield.htb,Microsoft-Windows-Security-Auditing,Security,1921,0,,,,,,,,,,,,,,,,,,,,,,,,,,,,,,,,,,,,,,,,,,,,,,,,,,,,,,,,,,,,,,,,,,,,,,,,,S-1-16-16384,,,,,,,,0x6c,Registry,,,,,,,,,,,,,,,,,,,,,,,,,,,,,,,,,0x4,,,,,,,,,,,,,,,,,,,,,,,,,,,,-,0x3e7,,-,S-1-5-18,-,,,,0x0,,,,,,,,-,S-1-0-0,,,,%%1936,,,,,,,,,,,
2025-08-13T11:05:23.800657Z,4696,DC01.garfield.htb,Microsoft-Windows-Security-Auditing,Security,1922,0,,,,,,,,,,,,,,,,,,,,,,,,,,,,,,,,,,,,,,,,,,,,,,,,,,,,,,,,,,,,,,,,,,,,,,,,,,,,,,,,,,,,,,,,,,,,,,,,,,,,,,,,,,,,,,,,,,,0x4,,,,,,,,,,,,,,,,,,,,,,,,,,,,-,0x3e7,,-,S-1-5-18,-,,,,0x3e7,,,,0x6c,Registry,,,-,S-1-0-0,,,,,,,,,,,,,,,
2025-08-13T11:05:23.800659Z,4826,DC01.garfield.htb,Microsoft-Windows-Security-Auditing,Security,1923,0,,,,,,,,%%1843,,,,,,,,,,,,,,,,,,,,%%1846,,,,,%%1843,,,,,,,,,,,,%%1843,,,,,%%1843,%%1849,-,,,,,,%%1843,,,,,,-,,,,,,,,,,,,,,,,,,,,,,,,,,,,,,,,,,,,,,,,,,,,,,,,,,,,,,,,,,,,%%1843,,,,,,,,,,,,,,,,,,,-,0x3e7,,-,S-1-5-18,,,,,,,,,,,,,,,%%1843,,,,,,,,,,,%%1849,,,
2025-08-13T11:05:23.803266Z,4688,DC01.garfield.htb,Microsoft-Windows-Security-Auditing,Security,1924,0,,,,,,,,,,,,,,,,,,,,,,,,,,,,,,,,,,,,,,,,,,,,,,,,,,,,,,,,,,,,,,,,,,,,,,,,,S-1-16-16384,,,,,,,,0x15c,C:\Windows\System32\smss.exe,,,,,,,,,,,,,,,,,,,,,,,,,,,,,,,,,0x4,,,,,,,,,,,,,,,,,,,,,,,,,,,,-,0x3e7,,-,S-1-5-18,-,,,,0x0,,,,,,,,-,S-1-0-0,,,,%%1936,,,,,,,,,,,
2025-08-13T11:05:24.243389Z,4688,DC01.garfield.htb,Microsoft-Windows-Security-Auditing,Security,1925,0,,,,,,,,,,,,,,,,,,,,,,,,,,,,,,,,,,,,,,,,,,,,,,,,,,,,,,,,,,,,,,,,,,,,,,,,,S-1-16-16384,,,,,,,,0x194,C:\Windows\System32\autochk.exe,,,,,,,,,,,,,,,,,,,,,,,,C:\Windows\System32\smss.exe,,,,,,,,,0x15c,,,,,,,,,,,,,,,,,,,,,,,,,,,,-,0x3e7,,-,S-1-5-18,-,,,,0x0,,,,,,,,-,S-1-0-0,,,,%%1936,,,,,,,,,,,
2025-08-13T11:05:24.555893Z,4688,DC01.garfield.htb,Microsoft-Windows-Security-Auditing,Security,1926,0,,,,,,,,,,,,,,,,,,,,,,,,,,,,,,,,,,,,,,,,,,,,,,,,,,,,,,,,,,,,,,,,,,,,,,,,,S-1-16-16384,,,,,,,,0x1d0,C:\Windows\System32\smss.exe,,,,,,,,,,,,,,,,,,,,,,,,C:\Windows\System32\smss.exe,,,,,,,,,0x15c,,,,,,,,,,,,,,,,,,,,,,,,,,,,-,0x3e7,,-,S-1-5-18,-,,,,0x0,,,,,,,,-,S-1-0-0,,,,%%1936,,,,,,,,,,,
2025-08-13T11:05:24.583840Z,4688,DC01.garfield.htb,Microsoft-Windows-Security-Auditing,Security,1927,0,,,,,,,,,,,,,,,,,,,,,,,,,,,,,,,,,,,,,,,,,,,,,,,,,,,,,,,,,,,,,,,,,,,,,,,,,S-1-16-16384,,,,,,,,0x1d8,C:\Windows\System32\csrss.exe,,,,,,,,,,,,,,,,,,,,,,,,C:\Windows\System32\smss.exe,,,,,,,,,0x1d0,,,,,,,,,,,,,,,,,,,,,,,,,,,,-,0x3e7,,-,S-1-5-18,-,,,,0x0,,,,,,,,-,S-1-0-0,,,,%%1936,,,,,,,,,,,
2025-08-13T11:05:24.679966Z,4688,DC01.garfield.htb,Microsoft-Windows-Security-Auditing,Security,1928,0,,,,,,,,,,,,,,,,,,,,,,,,,,,,,,,,,,,,,,,,,,,,,,,,,,,,,,,,,,,,,,,,,,,,,,,,,S-1-16-16384,,,,,,,,0x238,C:\Windows\System32\smss.exe,,,,,,,,,,,,,,,,,,,,,,,,C:\Windows\System32\smss.exe,,,,,,,,,0x15c,,,,,,,,,,,,,,,,,,,,,,,,,,,,-,0x3e7,,-,S-1-5-18,-,,,,0x0,,,,,,,,-,S-1-0-0,,,,%%1936,,,,,,,,,,,
2025-08-13T11:05:24.680158Z,4688,DC01.garfield.htb,Microsoft-Windows-Security-Auditing,Security,1929,0,,,,,,,,,,,,,,,,,,,,,,,,,,,,,,,,,,,,,,,,,,,,,,,,,,,,,,,,,,,,,,,,,,,,,,,,,S-1-16-16384,,,,,,,,0x240,C:\Windows\System32\wininit.exe,,,,,,,,,,,,,,,,,,,,,,,,C:\Windows\System32\smss.exe,,,,,,,,,0x1d0,,,,,,,,,,,,,,,,,,,,,,,,,,,,-,0x3e7,,-,S-1-5-18,-,,,,0x0,,,,,,,,-,S-1-0-0,,,,%%1936,,,,,,,,,,,
2025-08-13T11:05:24.686566Z,4688,DC01.garfield.htb,Microsoft-Windows-Security-Auditing,Security,1930,0,,,,,,,,,,,,,,,,,,,,,,,,,,,,,,,,,,,,,,,,,,,,,,,,,,,,,,,,,,,,,,,,,,,,,,,,,S-1-16-16384,,,,,,,,0x254,C:\Windows\System32\csrss.exe,,,,,,,,,,,,,,,,,,,,,,,,C:\Windows\System32\smss.exe,,,,,,,,,0x238,,,,,,,,,,,,,,,,,,,,,,,,,,,,-,0x3e7,,-,S-1-5-18,-,,,,0x0,,,,,,,,-,S-1-0-0,,,,%%1936,,,,,,,,,,,
2025-08-13T11:05:24.716854Z,4688,DC01.garfield.htb,Microsoft-Windows-Security-Auditing,Security,1931,0,,,,,,,,,,,,,,,,,,,,,,,,,,,,,,,,,,,,,,,,,,,,,,,,,,,,,,,,,,,,,,,,,,,,,,,,,S-1-16-16384,,,,,,,,0x2a4,C:\Windows\System32\winlogon.exe,,,,,,,,,,,,,,,,,,,,,,,,C:\Windows\System32\smss.exe,,,,,,,,,0x238,,,,,,,,,,,,,,,,,,,,,,,,,,,,-,0x3e7,,-,S-1-5-18,-,,,,0x0,,,,,,,,-,S-1-0-0,,,,%%1936,,,,,,,,,,,
2025-08-13T11:05:24.737123Z,4688,DC01.garfield.htb,Microsoft-Windows-Security-Auditing,Security,1932,0,,,,,,,,,,,,,,,,,,,,,,,,,,,,,,,,,,,,,,,,,,,,,,,,,,,,,,,,,,,,,,,,,,,,,,,,,S-1-16-16384,,,,,,,,0x2d0,C:\Windows\System32\services.exe,,,,,,,,,,,,,,,,,,,,,,,,C:\Windows\System32\wininit.exe,,,,,,,,,0x240,,,,,,,,,,,,,,,,,,,,,,,,,,,,-,0x3e7,,-,S-1-5-18,-,,,,0x0,,,,,,,,-,S-1-0-0,,,,%%1936,,,,,,,,,,,
2025-08-13T11:05:24.753724Z,4688,DC01.garfield.htb,Microsoft-Windows-Security-Auditing,Security,1933,0,,,,,,,,,,,,,,,,,,,,,,,,,,,,,,,,,,,,,,,,,,,,,,,,,,,,,,,,,,,,,,,,,,,,,,,,,S-1-16-16384,,,,,,,,0x2e4,C:\Windows\System32\LsaIso.exe,,,,,,,,,,,,,,,,,,,,,,,,C:\Windows\System32\wininit.exe,,,,,,,,,0x240,,,,,,,,,,,,,,,,,,,,,,,,,,,,-,0x3e7,,-,S-1-5-18,-,,,,0x0,,,,,,,,-,S-1-0-0,,,,%%1936,,,,,,,,,,,
2025-08-13T11:05:24.755559Z,4688,DC01.garfield.htb,Microsoft-Windows-Security-Auditing,Security,1934,0,,,,,,,,,,,,,,,,,,,,,,,,,,,,,,,,,,,,,,,,,,,,,,,,,,,,,,,,,,,,,,,,,,,,,,,,,S-1-16-16384,,,,,,,,0x2ec,C:\Windows\System32\lsass.exe,,,,,,,,,,,,,,,,,,,,,,,,C:\Windows\System32\wininit.exe,,,,,,,,,0x240,,,,,,,,,,,,,,,,,,,,,,,,,,,,-,0x3e7,,-,S-1-5-18,-,,,,0x0,,,,,,,,-,S-1-0-0,,,,%%1936,,,,,,,,,,,
2025-08-13T11:05:24.884138Z,4608,DC01.garfield.htb,Microsoft-Windows-Security-Auditing,Security,1935,0,,,,,,,,,,,,,,,,,,,,,,,,,,,,,,,,,,,,,,,,,,,,,,,,,,,,,,,,,,,,,,,,,,,,,,,,,,,,,,,,,,,,,,,,,,,,,,,,,,,,,,,,,,,,,,,,,,,,,,,,,,,,,,,,,,,,,,,,,,,,,,,,,,,,,,,,,,,,,,,,,,,,,,,,,,,,,,,,
2025-08-13T11:05:24.887054Z,4624,DC01.garfield.htb,Microsoft-Windows-Security-Auditing,Security,1936,0,,,,,,,,,,,,,,,,,-,,,,,,,,,,,,,,,,,,,,,,,,%%1842,,,,,,,,,,,,,-,-,-,,,,0,,,-,,,,,00000000-0000-0000-0000-000000000000,,-,0,,,,,,,,,,,,,,,,,,,,,,,,,,,,,,,,,,,,,,,,,,,,0x4,,,,,,,,,,,-,,,,,,,,,,,,,,,,,-,0x0,,-,S-1-0-0,NT AUTHORITY,,0x0,,0x3e7,,-,-,,,,,SYSTEM,S-1-5-18,,,,,-,,,,,,%%1843,,,-,
2025-08-13T11:05:24.957838Z,4902,DC01.garfield.htb,Microsoft-Windows-Security-Auditing,Security,1937,0,,,,,,,,,,,,,,,,,,,,,,,,,,,,,,,,,,,,,,,,,,,,,,,,,,,,,,,,,,,,,,,,,,,,,,,,,,,,,,,,,,,,,,,,,,,,,,,,,,,,,,,,,,,,,,,,,,,,,,,,0,0xbd90,,,,,,,,,,,,,,,,,,,,,,,,,,,,,,,,,,,,,,,,,,,,,,,,,,,,,,,
2025-08-13T11:05:26.122824Z,4731,DC01.garfield.htb,Microsoft-Windows-Security-Auditing,Security,1938,0,,,,,,,,,,,,,,,,,,,,,,,,,,,,,,,,,,,,,,,,,,,,,,,,,,,,,,,,,,,,,,,,,,,,,,,,,,,,,,,,,,,,,,,,,,,,,,,,,,,,,,,,,,,,,,,,,-,,,,,,,,,,,,,,,Print Operators,,,,,,,-,,,,,,,,GARFIELD,0x3e7,,DC01$,S-1-5-18,Builtin,,,,,,,,,,,S-1-5-32-550,Print Operators,,,,,,,,,,,,,,,,
2025-08-13T11:05:26.122844Z,4735,DC01.garfield.htb,Microsoft-Windows-Security-Auditing,Security,1939,0,,,,,,,,,,,,,,,,,,,,,,,,,,,,,,,,,,,,,,,,,,,,,,,,,,,,,,,,,,,,,,,,,,,,,,,,,,,,,,,,,,,,,,,,,,,,,,,,,,,,,,,,,,,,,,,,,-,,,,,,,,,,,,,,,-,,,,,,,-,,,,,,,,GARFIELD,0x3e7,,DC01$,S-1-5-18,Builtin,,,,,,,,,,,S-1-5-32-550,Print Operators,,,,,,,,,,,,,,,,
2025-08-13T11:05:26.122964Z,4731,DC01.garfield.htb,Microsoft-Windows-Security-Auditing,Security,1940,0,,,,,,,,,,,,,,,,,,,,,,,,,,,,,,,,,,,,,,,,,,,,,,,,,,,,,,,,,,,,,,,,,,,,,,,,,,,,,,,,,,,,,,,,,,,,,,,,,,,,,,,,,,,,,,,,,-,,,,,,,,,,,,,,,Remote Desktop Users,,,,,,,-,,,,,,,,GARFIELD,0x3e7,,DC01$,S-1-5-18,Builtin,,,,,,,,,,,S-1-5-32-555,Remote Desktop Users,,,,,,,,,,,,,,,,
2025-08-13T11:05:26.122973Z,4735,DC01.garfield.htb,Microsoft-Windows-Security-Auditing,Security,1941,0,,,,,,,,,,,,,,,,,,,,,,,,,,,,,,,,,,,,,,,,,,,,,,,,,,,,,,,,,,,,,,,,,,,,,,,,,,,,,,,,,,,,,,,,,,,,,,,,,,,,,,,,,,,,,,,,,-,,,,,,,,,,,,,,,-,,,,,,,-,,,,,,,,GARFIELD,0x3e7,,DC01$,S-1-5-18,Builtin,,,,,,,,,,,S-1-5-32-555,Remote Desktop Users,,,,,,,,,,,,,,,,
2025-08-13T11:05:26.123039Z,4731,DC01.garfield.htb,Microsoft-Windows-Security-Auditing,Security,1942,0,,,,,,,,,,,,,,,,,,,,,,,,,,,,,,,,,,,,,,,,,,,,,,,,,,,,,,,,,,,,,,,,,,,,,,,,,,,,,,,,,,,,,,,,,,,,,,,,,,,,,,,,,,,,,,,,,-,,,,,,,,,,,,,,,Network Configuration Operators,,,,,,,-,,,,,,,,GARFIELD,0x3e7,,DC01$,S-1-5-18,Builtin,,,,,,,,,,,S-1-5-32-556,Network Configuration Operators,,,,,,,,,,,,,,,,
2025-08-13T11:05:26.123050Z,4735,DC01.garfield.htb,Microsoft-Windows-Security-Auditing,Security,1943,0,,,,,,,,,,,,,,,,,,,,,,,,,,,,,,,,,,,,,,,,,,,,,,,,,,,,,,,,,,,,,,,,,,,,,,,,,,,,,,,,,,,,,,,,,,,,,,,,,,,,,,,,,,,,,,,,,-,,,,,,,,,,,,,,,-,,,,,,,-,,,,,,,,GARFIELD,0x3e7,,DC01$,S-1-5-18,Builtin,,,,,,,,,,,S-1-5-32-556,Network Configuration Operators,,,,,,,,,,,,,,,,
2025-08-13T11:05:26.123151Z,4731,DC01.garfield.htb,Microsoft-Windows-Security-Auditing,Security,1944,0,,,,,,,,,,,,,,,,,,,,,,,,,,,,,,,,,,,,,,,,,,,,,,,,,,,,,,,,,,,,,,,,,,,,,,,,,,,,,,,,,,,,,,,,,,,,,,,,,,,,,,,,,,,,,,,,,-,,,,,,,,,,,,,,,Performance Monitor Users,,,,,,,-,,,,,,,,GARFIELD,0x3e7,,DC01$,S-1-5-18,Builtin,,,,,,,,,,,S-1-5-32-558,Performance Monitor Users,,,,,,,,,,,,,,,,
2025-08-13T11:05:26.123164Z,4735,DC01.garfield.htb,Microsoft-Windows-Security-Auditing,Security,1945,0,,,,,,,,,,,,,,,,,,,,,,,,,,,,,,,,,,,,,,,,,,,,,,,,,,,,,,,,,,,,,,,,,,,,,,,,,,,,,,,,,,,,,,,,,,,,,,,,,,,,,,,,,,,,,,,,,-,,,,,,,,,,,,,,,-,,,,,,,-,,,,,,,,GARFIELD,0x3e7,,DC01$,S-1-5-18,Builtin,,,,,,,,,,,S-1-5-32-558,Performance Monitor Users,,,,,,,,,,,,,,,,
2025-08-13T11:05:26.123243Z,4731,DC01.garfield.htb,Microsoft-Windows-Security-Auditing,Security,1946,0,,,,,,,,,,,,,,,,,,,,,,,,,,,,,,,,,,,,,,,,,,,,,,,,,,,,,,,,,,,,,,,,,,,,,,,,,,,,,,,,,,,,,,,,,,,,,,,,,,,,,,,,,,,,,,,,,-,,,,,,,,,,,,,,,Performance Log Users,,,,,,,-,,,,,,,,GARFIELD,0x3e7,,DC01$,S-1-5-18,Builtin,,,,,,,,,,,S-1-5-32-559,Performance Log Users,,,,,,,,,,,,,,,,
2025-08-13T11:05:26.123282Z,4735,DC01.garfield.htb,Microsoft-Windows-Security-Auditing,Security,1947,0,,,,,,,,,,,,,,,,,,,,,,,,,,,,,,,,,,,,,,,,,,,,,,,,,,,,,,,,,,,,,,,,,,,,,,,,,,,,,,,,,,,,,,,,,,,,,,,,,,,,,,,,,,,,,,,,,-,,,,,,,,,,,,,,,-,,,,,,,-,,,,,,,,GARFIELD,0x3e7,,DC01$,S-1-5-18,Builtin,,,,,,,,,,,S-1-5-32-559,Performance Log Users,,,,,,,,,,,,,,,,
2025-08-13T11:05:26.130040Z,4741,DC01.garfield.htb,Microsoft-Windows-Security-Auditing,Security,1948,0,,,,,%%1794,,,,,-,,,,,,,,,,,,,,,,,,,,,,,,%%1793,-,,,,,,,,,,,,,%%1793,%%1793,,,,,,,,,,,,,,,,,,,,%%1793,,,,,,,,,,,,,,,,,0x105,,,,,,,,,,,,,0x0,,,,,,,,,%%1794,,,,516,-,,,,%%1793,,,,,,,,,,,DC01$,,,%%1793,,-,,-,,,,,,,,NT AUTHORITY,0x3e6,,ANONYMOUS LOGON,S-1-5-7,GARFIELD,,,,,,,,,,,S-1-5-21-2502726253-3859040611-225969357-1000,DC01$,,,,,,,,"
		%%2080
		%%2082
		%%2088",%%1792,-,%%1793,,,,,
2025-08-13T11:05:26.130394Z,4722,DC01.garfield.htb,Microsoft-Windows-Security-Auditing,Security,1949,0,,,,,,,,,,,,,,,,,,,,,,,,,,,,,,,,,,,,,,,,,,,,,,,,,,,,,,,,,,,,,,,,,,,,,,,,,,,,,,,,,,,,,,,,,,,,,,,,,,,,,,,,,,,,,,,,,,,,,,,,,,,,,,,,,,,,,,,,,,,,,,,NT AUTHORITY,0x3e6,,ANONYMOUS LOGON,S-1-5-7,GARFIELD,,,,,,,,,,,S-1-5-21-2502726253-3859040611-225969357-1000,DC01$,,,,,,,,,,,,,,,,
2025-08-13T11:05:26.130805Z,4742,DC01.garfield.htb,Microsoft-Windows-Security-Auditing,Security,1950,0,,,,,-,,,,,-,,,,,,,,,,,,,,,,,-,,,,,,,-,-,,,,,,,,,,,,,-,-,,,,,,,,,,,,,,,,,,,,-,,,,,,,,,,,,,,,,,0x2100,,,,,,,,,,,,,0x105,,,,,,,,,-,,,,-,-,,,,-,,,,,,,,,,,-,,,-,,-,,-,,,,,,,,NT AUTHORITY,0x3e6,,ANONYMOUS LOGON,S-1-5-7,GARFIELD,,,,,,,,,,,S-1-5-21-2502726253-3859040611-225969357-1000,DC01$,,,,,,,,"
		%%2048
		%%2050
		%%2093",-,-,-,,,,,
2025-08-13T11:05:26.165567Z,4742,DC01.garfield.htb,Microsoft-Windows-Security-Auditing,Security,1951,0,,,,,-,,,,,-,,,,,,,,,,,,,,,,,-,,,,,,,-,-,,,,,,,,,,,,,-,-,,,,,,,,,,,,,,,,,,,,-,,,,,,,,,,,,,,,,,-,,,,,,,,,,,,,-,,,,,,,,,8/13/2025 4:05:26 AM,,,,-,-,,,,-,,,,,,,,,,,-,,,-,,-,,-,,,,,,,,NT AUTHORITY,0x3e6,,ANONYMOUS LOGON,S-1-5-7,GARFIELD,,,,,,,,,,,S-1-5-21-2502726253-3859040611-225969357-1000,DC01$,,,,,,,,-,-,-,-,,,,,
2025-08-13T11:05:26.200765Z,4720,DC01.garfield.htb,Microsoft-Windows-Security-Auditing,Security,1952,0,,,,,%%1794,,,,,-,,,,,,,,,,,,,,,,,,,,,,,,%%1793,,,,,,,,,,,,,,%%1793,%%1793,,,,,,,,,,,,,,,,,,,,%%1793,,,,,,,,,,,,,,,,,0x15,,,,,,,,,,,,,0x0,,,,,,,,,%%1794,,,,513,-,,,,%%1793,,,,,,,,,,,krbtgt,,,%%1793,,,,-,,,,,,,,NT AUTHORITY,0x3e6,,ANONYMOUS LOGON,S-1-5-7,GARFIELD,,,,,,,,,,,S-1-5-21-2502726253-3859040611-225969357-502,krbtgt,,,,,,,,"
		%%2080
		%%2082
		%%2084",%%1792,-,%%1793,,,,,
2025-08-13T11:05:26.201251Z,4738,DC01.garfield.htb,Microsoft-Windows-Security-Auditing,Security,1953,0,,,,,-,,,,,-,,,,,,,,,,,,,,,,,,,,,,,,-,,,,,,-,,,,,,,,-,-,,,,,,,,,,,,,,,,,,,,-,,,,,,,,,,,,,,,,,0x11,,,,,,,,,,,,,0x15,,,,,,,,,-,,,,-,-,,,,-,,,,,,,,,,,-,,,-,,,,-,,,,,,,,NT AUTHORITY,0x3e6,,ANONYMOUS LOGON,S-1-5-7,GARFIELD,,,,,,,,,,,S-1-5-21-2502726253-3859040611-225969357-502,krbtgt,,,,,,,,"
		%%2050",-,-,-,,,,,
2025-08-13T11:05:26.233717Z,4738,DC01.garfield.htb,Microsoft-Windows-Security-Auditing,Security,1954,0,,,,,-,,,,,-,,,,,,,,,,,,,,,,,,,,,,,,-,,,,,,-,,,,,,,,-,-,,,,,,,,,,,,,,,,,,,,-,,,,,,,,,,,,,,,,,-,,,,,,,,,,,,,-,,,,,,,,,8/13/2025 4:05:26 AM,,,,-,-,,,,-,,,,,,,,,,,-,,,-,,,,-,,,,,,,,NT AUTHORITY,0x3e6,,ANONYMOUS LOGON,S-1-5-7,GARFIELD,,,,,,,,,,,S-1-5-21-2502726253-3859040611-225969357-502,krbtgt,,,,,,,,-,-,-,-,,,,,
2025-08-13T11:05:26.234251Z,4738,DC01.garfield.htb,Microsoft-Windows-Security-Auditing,Security,1955,0,,,,,-,,,,,-,,,,,,,,,,,,,,,,,,,,,,,,-,,,,,,-,,,,,,,,-,-,,,,,,,,,,,,,,,,,,,,-,,,,,,,,,,,,,,,,,-,,,,,,,,,,,,,-,,,,,,,,,-,,,,-,-,,,,-,,,,,,,,,,,-,,,-,,,,-,,,,,,,,NT AUTHORITY,0x3e6,,ANONYMOUS LOGON,S-1-5-7,GARFIELD,,,,,,,,,,,S-1-5-21-2502726253-3859040611-225969357-502,krbtgt,,,,,,,,-,-,-,-,,,,,
2025-08-13T11:05:26.235618Z,4727,DC01.garfield.htb,Microsoft-Windows-Security-Auditing,Security,1956,0,,,,,,,,,,,,,,,,,,,,,,,,,,,,,,,,,,,,,,,,,,,,,,,,,,,,,,,,,,,,,,,,,,,,,,,,,,,,,,,,,,,,,,,,,,,,,,,,,,,,,,,,,,,,,,,,,-,,,,,,,,,,,,,,,Domain Computers,,,,,,,-,,,,,,,,NT AUTHORITY,0x3e6,,ANONYMOUS LOGON,S-1-5-7,GARFIELD,,,,,,,,,,,S-1-5-21-2502726253-3859040611-225969357-515,Domain Computers,,,,,,,,,,,,,,,,
2025-08-13T11:05:26.236044Z,4737,DC01.garfield.htb,Microsoft-Windows-Security-Auditing,Security,1957,0,,,,,,,,,,,,,,,,,,,,,,,,,,,,,,,,,,,,,,,,,,,,,,,,,,,,,,,,,,,,,,,,,,,,,,,,,,,,,,,,,,,,,,,,,,,,,,,,,,,,,,,,,,,,,,,,,-,,,,,,,,,,,,,,,-,,,,,,,-,,,,,,,,NT AUTHORITY,0x3e6,,ANONYMOUS LOGON,S-1-5-7,GARFIELD,,,,,,,,,,,S-1-5-21-2502726253-3859040611-225969357-515,Domain Computers,,,,,,,,,,,,,,,,
2025-08-13T11:05:26.236773Z,4727,DC01.garfield.htb,Microsoft-Windows-Security-Auditing,Security,1958,0,,,,,,,,,,,,,,,,,,,,,,,,,,,,,,,,,,,,,,,,,,,,,,,,,,,,,,,,,,,,,,,,,,,,,,,,,,,,,,,,,,,,,,,,,,,,,,,,,,,,,,,,,,,,,,,,,-,,,,,,,,,,,,,,,Domain Controllers,,,,,,,-,,,,,,,,NT AUTHORITY,0x3e6,,ANONYMOUS LOGON,S-1-5-7,GARFIELD,,,,,,,,,,,S-1-5-21-2502726253-3859040611-225969357-516,Domain Controllers,,,,,,,,,,,,,,,,
2025-08-13T11:05:26.237252Z,4737,DC01.garfield.htb,Microsoft-Windows-Security-Auditing,Security,1959,0,,,,,,,,,,,,,,,,,,,,,,,,,,,,,,,,,,,,,,,,,,,,,,,,,,,,,,,,,,,,,,,,,,,,,,,,,,,,,,,,,,,,,,,,,,,,,,,,,,,,,,,,,,,,,,,,,-,,,,,,,,,,,,,,,-,,,,,,,-,,,,,,,,NT AUTHORITY,0x3e6,,ANONYMOUS LOGON,S-1-5-7,GARFIELD,,,,,,,,,,,S-1-5-21-2502726253-3859040611-225969357-516,Domain Controllers,,,,,,,,,,,,,,,,
2025-08-13T11:05:26.238048Z,4754,DC01.garfield.htb,Microsoft-Windows-Security-Auditing,Security,1960,0,,,,,,,,,,,,,,,,,,,,,,,,,,,,,,,,,,,,,,,,,,,,,,,,,,,,,,,,,,,,,,,,,,,,,,,,,,,,,,,,,,,,,,,,,,,,,,,,,,,,,,,,,,,,,,,,,-,,,,,,,,,,,,,,,Schema Admins,,,,,,,-,,,,,,,,NT AUTHORITY,0x3e6,,ANONYMOUS LOGON,S-1-5-7,GARFIELD,,,,,,,,,,,S-1-5-21-2502726253-3859040611-225969357-518,Schema Admins,,,,,,,,,,,,,,,,
2025-08-13T11:05:26.238478Z,4755,DC01.garfield.htb,Microsoft-Windows-Security-Auditing,Security,1961,0,,,,,,,,,,,,,,,,,,,,,,,,,,,,,,,,,,,,,,,,,,,,,,,,,,,,,,,,,,,,,,,,,,,,,,,,,,,,,,,,,,,,,,,,,,,,,,,,,,,,,,,,,,,,,,,,,-,,,,,,,,,,,,,,,-,,,,,,,-,,,,,,,,NT AUTHORITY,0x3e6,,ANONYMOUS LOGON,S-1-5-7,GARFIELD,,,,,,,,,,,S-1-5-21-2502726253-3859040611-225969357-518,Schema Admins,,,,,,,,,,,,,,,,
2025-08-13T11:05:26.239237Z,4754,DC01.garfield.htb,Microsoft-Windows-Security-Auditing,Security,1962,0,,,,,,,,,,,,,,,,,,,,,,,,,,,,,,,,,,,,,,,,,,,,,,,,,,,,,,,,,,,,,,,,,,,,,,,,,,,,,,,,,,,,,,,,,,,,,,,,,,,,,,,,,,,,,,,,,-,,,,,,,,,,,,,,,Enterprise Admins,,,,,,,-,,,,,,,,NT AUTHORITY,0x3e6,,ANONYMOUS LOGON,S-1-5-7,GARFIELD,,,,,,,,,,,S-1-5-21-2502726253-3859040611-225969357-519,Enterprise Admins,,,,,,,,,,,,,,,,
2025-08-13T11:05:26.239674Z,4755,DC01.garfield.htb,Microsoft-Windows-Security-Auditing,Security,1963,0,,,,,,,,,,,,,,,,,,,,,,,,,,,,,,,,,,,,,,,,,,,,,,,,,,,,,,,,,,,,,,,,,,,,,,,,,,,,,,,,,,,,,,,,,,,,,,,,,,,,,,,,,,,,,,,,,-,,,,,,,,,,,,,,,-,,,,,,,-,,,,,,,,NT AUTHORITY,0x3e6,,ANONYMOUS LOGON,S-1-5-7,GARFIELD,,,,,,,,,,,S-1-5-21-2502726253-3859040611-225969357-519,Enterprise Admins,,,,,,,,,,,,,,,,
2025-08-13T11:05:26.240526Z,4731,DC01.garfield.htb,Microsoft-Windows-Security-Auditing,Security,1964,0,,,,,,,,,,,,,,,,,,,,,,,,,,,,,,,,,,,,,,,,,,,,,,,,,,,,,,,,,,,,,,,,,,,,,,,,,,,,,,,,,,,,,,,,,,,,,,,,,,,,,,,,,,,,,,,,,-,,,,,,,,,,,,,,,Cert Publishers,,,,,,,-,,,,,,,,NT AUTHORITY,0x3e6,,ANONYMOUS LOGON,S-1-5-7,GARFIELD,,,,,,,,,,,S-1-5-21-2502726253-3859040611-225969357-517,Cert Publishers,,,,,,,,,,,,,,,,
2025-08-13T11:05:26.240959Z,4735,DC01.garfield.htb,Microsoft-Windows-Security-Auditing,Security,1965,0,,,,,,,,,,,,,,,,,,,,,,,,,,,,,,,,,,,,,,,,,,,,,,,,,,,,,,,,,,,,,,,,,,,,,,,,,,,,,,,,,,,,,,,,,,,,,,,,,,,,,,,,,,,,,,,,,-,,,,,,,,,,,,,,,-,,,,,,,-,,,,,,,,NT AUTHORITY,0x3e6,,ANONYMOUS LOGON,S-1-5-7,GARFIELD,,,,,,,,,,,S-1-5-21-2502726253-3859040611-225969357-517,Cert Publishers,,,,,,,,,,,,,,,,
2025-08-13T11:05:26.242137Z,4727,DC01.garfield.htb,Microsoft-Windows-Security-Auditing,Security,1966,0,,,,,,,,,,,,,,,,,,,,,,,,,,,,,,,,,,,,,,,,,,,,,,,,,,,,,,,,,,,,,,,,,,,,,,,,,,,,,,,,,,,,,,,,,,,,,,,,,,,,,,,,,,,,,,,,,-,,,,,,,,,,,,,,,Domain Admins,,,,,,,-,,,,,,,,NT AUTHORITY,0x3e6,,ANONYMOUS LOGON,S-1-5-7,GARFIELD,,,,,,,,,,,S-1-5-21-2502726253-3859040611-225969357-512,Domain Admins,,,,,,,,,,,,,,,,
2025-08-13T11:05:26.242561Z,4737,DC01.garfield.htb,Microsoft-Windows-Security-Auditing,Security,1967,0,,,,,,,,,,,,,,,,,,,,,,,,,,,,,,,,,,,,,,,,,,,,,,,,,,,,,,,,,,,,,,,,,,,,,,,,,,,,,,,,,,,,,,,,,,,,,,,,,,,,,,,,,,,,,,,,,-,,,,,,,,,,,,,,,-,,,,,,,-,,,,,,,,NT AUTHORITY,0x3e6,,ANONYMOUS LOGON,S-1-5-7,GARFIELD,,,,,,,,,,,S-1-5-21-2502726253-3859040611-225969357-512,Domain Admins,,,,,,,,,,,,,,,,
2025-08-13T11:05:26.243400Z,4727,DC01.garfield.htb,Microsoft-Windows-Security-Auditing,Security,1968,0,,,,,,,,,,,,,,,,,,,,,,,,,,,,,,,,,,,,,,,,,,,,,,,,,,,,,,,,,,,,,,,,,,,,,,,,,,,,,,,,,,,,,,,,,,,,,,,,,,,,,,,,,,,,,,,,,-,,,,,,,,,,,,,,,Domain Users,,,,,,,-,,,,,,,,NT AUTHORITY,0x3e6,,ANONYMOUS LOGON,S-1-5-7,GARFIELD,,,,,,,,,,,S-1-5-21-2502726253-3859040611-225969357-513,Domain Users,,,,,,,,,,,,,,,,
2025-08-13T11:05:26.243851Z,4737,DC01.garfield.htb,Microsoft-Windows-Security-Auditing,Security,1969,0,,,,,,,,,,,,,,,,,,,,,,,,,,,,,,,,,,,,,,,,,,,,,,,,,,,,,,,,,,,,,,,,,,,,,,,,,,,,,,,,,,,,,,,,,,,,,,,,,,,,,,,,,,,,,,,,,-,,,,,,,,,,,,,,,-,,,,,,,-,,,,,,,,NT AUTHORITY,0x3e6,,ANONYMOUS LOGON,S-1-5-7,GARFIELD,,,,,,,,,,,S-1-5-21-2502726253-3859040611-225969357-513,Domain Users,,,,,,,,,,,,,,,,
2025-08-13T11:05:26.244595Z,4727,DC01.garfield.htb,Microsoft-Windows-Security-Auditing,Security,1970,0,,,,,,,,,,,,,,,,,,,,,,,,,,,,,,,,,,,,,,,,,,,,,,,,,,,,,,,,,,,,,,,,,,,,,,,,,,,,,,,,,,,,,,,,,,,,,,,,,,,,,,,,,,,,,,,,,-,,,,,,,,,,,,,,,Domain Guests,,,,,,,-,,,,,,,,NT AUTHORITY,0x3e6,,ANONYMOUS LOGON,S-1-5-7,GARFIELD,,,,,,,,,,,S-1-5-21-2502726253-3859040611-225969357-514,Domain Guests,,,,,,,,,,,,,,,,
2025-08-13T11:05:26.245029Z,4737,DC01.garfield.htb,Microsoft-Windows-Security-Auditing,Security,1971,0,,,,,,,,,,,,,,,,,,,,,,,,,,,,,,,,,,,,,,,,,,,,,,,,,,,,,,,,,,,,,,,,,,,,,,,,,,,,,,,,,,,,,,,,,,,,,,,,,,,,,,,,,,,,,,,,,-,,,,,,,,,,,,,,,-,,,,,,,-,,,,,,,,NT AUTHORITY,0x3e6,,ANONYMOUS LOGON,S-1-5-7,GARFIELD,,,,,,,,,,,S-1-5-21-2502726253-3859040611-225969357-514,Domain Guests,,,,,,,,,,,,,,,,
2025-08-13T11:05:26.245974Z,4727,DC01.garfield.htb,Microsoft-Windows-Security-Auditing,Security,1972,0,,,,,,,,,,,,,,,,,,,,,,,,,,,,,,,,,,,,,,,,,,,,,,,,,,,,,,,,,,,,,,,,,,,,,,,,,,,,,,,,,,,,,,,,,,,,,,,,,,,,,,,,,,,,,,,,,-,,,,,,,,,,,,,,,Group Policy Creator Owners,,,,,,,-,,,,,,,,NT AUTHORITY,0x3e6,,ANONYMOUS LOGON,S-1-5-7,GARFIELD,,,,,,,,,,,S-1-5-21-2502726253-3859040611-225969357-520,Group Policy Creator Owners,,,,,,,,,,,,,,,,
2025-08-13T11:05:26.246426Z,4737,DC01.garfield.htb,Microsoft-Windows-Security-Auditing,Security,1973,0,,,,,,,,,,,,,,,,,,,,,,,,,,,,,,,,,,,,,,,,,,,,,,,,,,,,,,,,,,,,,,,,,,,,,,,,,,,,,,,,,,,,,,,,,,,,,,,,,,,,,,,,,,,,,,,,,-,,,,,,,,,,,,,,,-,,,,,,,-,,,,,,,,NT AUTHORITY,0x3e6,,ANONYMOUS LOGON,S-1-5-7,GARFIELD,,,,,,,,,,,S-1-5-21-2502726253-3859040611-225969357-520,Group Policy Creator Owners,,,,,,,,,,,,,,,,
2025-08-13T11:05:26.247201Z,4731,DC01.garfield.htb,Microsoft-Windows-Security-Auditing,Security,1974,0,,,,,,,,,,,,,,,,,,,,,,,,,,,,,,,,,,,,,,,,,,,,,,,,,,,,,,,,,,,,,,,,,,,,,,,,,,,,,,,,,,,,,,,,,,,,,,,,,,,,,,,,,,,,,,,,,-,,,,,,,,,,,,,,,RAS and IAS Servers,,,,,,,-,,,,,,,,NT AUTHORITY,0x3e6,,ANONYMOUS LOGON,S-1-5-7,GARFIELD,,,,,,,,,,,S-1-5-21-2502726253-3859040611-225969357-553,RAS and IAS Servers,,,,,,,,,,,,,,,,
2025-08-13T11:05:26.247613Z,4735,DC01.garfield.htb,Microsoft-Windows-Security-Auditing,Security,1975,0,,,,,,,,,,,,,,,,,,,,,,,,,,,,,,,,,,,,,,,,,,,,,,,,,,,,,,,,,,,,,,,,,,,,,,,,,,,,,,,,,,,,,,,,,,,,,,,,,,,,,,,,,,,,,,,,,-,,,,,,,,,,,,,,,-,,,,,,,-,,,,,,,,NT AUTHORITY,0x3e6,,ANONYMOUS LOGON,S-1-5-7,GARFIELD,,,,,,,,,,,S-1-5-21-2502726253-3859040611-225969357-553,RAS and IAS Servers,,,,,,,,,,,,,,,,
2025-08-13T11:05:26.248440Z,4731,DC01.garfield.htb,Microsoft-Windows-Security-Auditing,Security,1976,0,,,,,,,,,,,,,,,,,,,,,,,,,,,,,,,,,,,,,,,,,,,,,,,,,,,,,,,,,,,,,,,,,,,,,,,,,,,,,,,,,,,,,,,,,,,,,,,,,,,,,,,,,,,,,,,,,-,,,,,,,,,,,,,,,Server Operators,,,,,,,-,,,,,,,,NT AUTHORITY,0x3e6,,ANONYMOUS LOGON,S-1-5-7,Builtin,,,,,,,,,,,S-1-5-32-549,Server Operators,,,,,,,,,,,,,,,,
2025-08-13T11:05:26.248900Z,4735,DC01.garfield.htb,Microsoft-Windows-Security-Auditing,Security,1977,0,,,,,,,,,,,,,,,,,,,,,,,,,,,,,,,,,,,,,,,,,,,,,,,,,,,,,,,,,,,,,,,,,,,,,,,,,,,,,,,,,,,,,,,,,,,,,,,,,,,,,,,,,,,,,,,,,-,,,,,,,,,,,,,,,-,,,,,,,-,,,,,,,,NT AUTHORITY,0x3e6,,ANONYMOUS LOGON,S-1-5-7,Builtin,,,,,,,,,,,S-1-5-32-549,Server Operators,,,,,,,,,,,,,,,,
2025-08-13T11:05:26.249880Z,4731,DC01.garfield.htb,Microsoft-Windows-Security-Auditing,Security,1978,0,,,,,,,,,,,,,,,,,,,,,,,,,,,,,,,,,,,,,,,,,,,,,,,,,,,,,,,,,,,,,,,,,,,,,,,,,,,,,,,,,,,,,,,,,,,,,,,,,,,,,,,,,,,,,,,,,-,,,,,,,,,,,,,,,Account Operators,,,,,,,-,,,,,,,,NT AUTHORITY,0x3e6,,ANONYMOUS LOGON,S-1-5-7,Builtin,,,,,,,,,,,S-1-5-32-548,Account Operators,,,,,,,,,,,,,,,,
2025-08-13T11:05:26.250259Z,4735,DC01.garfield.htb,Microsoft-Windows-Security-Auditing,Security,1979,0,,,,,,,,,,,,,,,,,,,,,,,,,,,,,,,,,,,,,,,,,,,,,,,,,,,,,,,,,,,,,,,,,,,,,,,,,,,,,,,,,,,,,,,,,,,,,,,,,,,,,,,,,,,,,,,,,-,,,,,,,,,,,,,,,-,,,,,,,-,,,,,,,,NT AUTHORITY,0x3e6,,ANONYMOUS LOGON,S-1-5-7,Builtin,,,,,,,,,,,S-1-5-32-548,Account Operators,,,,,,,,,,,,,,,,
2025-08-13T11:05:26.251193Z,4731,DC01.garfield.htb,Microsoft-Windows-Security-Auditing,Security,1980,0,,,,,,,,,,,,,,,,,,,,,,,,,,,,,,,,,,,,,,,,,,,,,,,,,,,,,,,,,,,,,,,,,,,,,,,,,,,,,,,,,,,,,,,,,,,,,,,,,,,,,,,,,,,,,,,,,-,,,,,,,,,,,,,,,Pre-Windows 2000 Compatible Access,,,,,,,-,,,,,,,,NT AUTHORITY,0x3e6,,ANONYMOUS LOGON,S-1-5-7,Builtin,,,,,,,,,,,S-1-5-32-554,Pre-Windows 2000 Compatible Access,,,,,,,,,,,,,,,,
2025-08-13T11:05:26.251601Z,4735,DC01.garfield.htb,Microsoft-Windows-Security-Auditing,Security,1981,0,,,,,,,,,,,,,,,,,,,,,,,,,,,,,,,,,,,,,,,,,,,,,,,,,,,,,,,,,,,,,,,,,,,,,,,,,,,,,,,,,,,,,,,,,,,,,,,,,,,,,,,,,,,,,,,,,-,,,,,,,,,,,,,,,-,,,,,,,-,,,,,,,,NT AUTHORITY,0x3e6,,ANONYMOUS LOGON,S-1-5-7,Builtin,,,,,,,,,,,S-1-5-32-554,Pre-Windows 2000 Compatible Access,,,,,,,,,,,,,,,,
2025-08-13T11:05:26.252640Z,4731,DC01.garfield.htb,Microsoft-Windows-Security-Auditing,Security,1982,0,,,,,,,,,,,,,,,,,,,,,,,,,,,,,,,,,,,,,,,,,,,,,,,,,,,,,,,,,,,,,,,,,,,,,,,,,,,,,,,,,,,,,,,,,,,,,,,,,,,,,,,,,,,,,,,,,-,,,,,,,,,,,,,,,Incoming Forest Trust Builders,,,,,,,-,,,,,,,,NT AUTHORITY,0x3e6,,ANONYMOUS LOGON,S-1-5-7,Builtin,,,,,,,,,,,S-1-5-32-557,Incoming Forest Trust Builders,,,,,,,,,,,,,,,,
2025-08-13T11:05:26.253072Z,4735,DC01.garfield.htb,Microsoft-Windows-Security-Auditing,Security,1983,0,,,,,,,,,,,,,,,,,,,,,,,,,,,,,,,,,,,,,,,,,,,,,,,,,,,,,,,,,,,,,,,,,,,,,,,,,,,,,,,,,,,,,,,,,,,,,,,,,,,,,,,,,,,,,,,,,-,,,,,,,,,,,,,,,-,,,,,,,-,,,,,,,,NT AUTHORITY,0x3e6,,ANONYMOUS LOGON,S-1-5-7,Builtin,,,,,,,,,,,S-1-5-32-557,Incoming Forest Trust Builders,,,,,,,,,,,,,,,,
2025-08-13T11:05:26.254252Z,4731,DC01.garfield.htb,Microsoft-Windows-Security-Auditing,Security,1984,0,,,,,,,,,,,,,,,,,,,,,,,,,,,,,,,,,,,,,,,,,,,,,,,,,,,,,,,,,,,,,,,,,,,,,,,,,,,,,,,,,,,,,,,,,,,,,,,,,,,,,,,,,,,,,,,,,-,,,,,,,,,,,,,,,Windows Authorization Access Group,,,,,,,-,,,,,,,,NT AUTHORITY,0x3e6,,ANONYMOUS LOGON,S-1-5-7,Builtin,,,,,,,,,,,S-1-5-32-560,Windows Authorization Access Group,,,,,,,,,,,,,,,,
