2025-08-13T11:00:55.317657Z,4907,DC01,Microsoft-Windows-Security-Auditing,Security,998,0,,,,,,,,,,,,,,,,,,,,,,,,,,,,,,,,,,,,,,,,,,,,,,,0x60,,,,,,,,,,,,,,,,,,,,,,,,,,,,,,,,,,,,S:ARAI(AU;SAFA;DCLCRPCRSDWDWO;;;WD),,,,,,,,,C:\Windows\System32\schema.ini,,Security,File,,,,,,,,,,,,,,,,,,,,0x410,C:\Windows\System32\poqexec.exe,,,,,,,,,,,,,,,,,,,,,,,,,,,WORKGROUP,0x3e7,,DC01$,S-1-5-18,,,,,,,,,,,,,,,,,,,,,,,,,,,,,
2025-08-13T11:00:55.317934Z,4907,DC01,Microsoft-Windows-Security-Auditing,Security,999,0,,,,,,,,,,,,,,,,,,,,,,,,,,,,,,,,,,,,,,,,,,,,,,,0x60,,,,,,,,,,,,,,,,,,,,,,,,,,,,,,,,,,,,S:ARAI(AU;SAFA;DCLCRPCRSDWDWO;;;WD),,,,,,,,,C:\Windows\System32\schmmgmt.dll,,Security,File,,,,,,,,,,,,,,,,,,,,0x410,C:\Windows\System32\poqexec.exe,,,,,,,,,,,,,,,,,,,,,,,,,,,WORKGROUP,0x3e7,,DC01$,S-1-5-18,,,,,,,,,,,,,,,,,,,,,,,,,,,,,
2025-08-13T11:00:55.318225Z,4907,DC01,Microsoft-Windows-Security-Auditing,Security,1000,0,,,,,,,,,,,,,,,,,,,,,,,,,,,,,,,,,,,,,,,,,,,,,,,0x60,,,,,,,,,,,,,,,,,,,,,,,,,,,,,,,,,,,,S:ARAI(AU;SAFA;DCLCRPCRSDWDWO;;;WD),,,,,,,,,C:\Windows\System32\TpmEngUM.dll,,Security,File,,,,,,,,,,,,,,,,,,,,0x410,C:\Windows\System32\poqexec.exe,,,,,,,,,,,,,,,,,,,,,,,,,,,WORKGROUP,0x3e7,,DC01$,S-1-5-18,,,,,,,,,,,,,,,,,,,,,,,,,,,,,
2025-08-13T11:00:55.318593Z,4907,DC01,Microsoft-Windows-Security-Auditing,Security,1001,0,,,,,,,,,,,,,,,,,,,,,,,,,,,,,,,,,,,,,,,,,,,,,,,0x60,,,,,,,,,,,,,,,,,,,,,,,,,,,,,,,,,,,,S:ARAI(AU;SAFA;DCLCRPCRSDWDWO;;;WD),,,,,,,,,C:\Windows\System32\TransformationRulesParser.exe,,Security,File,,,,,,,,,,,,,,,,,,,,0x410,C:\Windows\System32\poqexec.exe,,,,,,,,,,,,,,,,,,,,,,,,,,,WORKGROUP,0x3e7,,DC01$,S-1-5-18,,,,,,,,,,,,,,,,,,,,,,,,,,,,,
2025-08-13T11:00:55.318899Z,4907,DC01,Microsoft-Windows-Security-Auditing,Security,1002,0,,,,,,,,,,,,,,,,,,,,,,,,,,,,,,,,,,,,,,,,,,,,,,,0x60,,,,,,,,,,,,,,,,,,,,,,,,,,,,,,,,,,,,S:ARAI(AU;SAFA;DCLCRPCRSDWDWO;;;WD),,,,,,,,,C:\Windows\System32\vid.dll,,Security,File,,,,,,,,,,,,,,,,,,,,0x410,C:\Windows\System32\poqexec.exe,,,,,,,,,,,,,,,,,,,,,,,,,,,WORKGROUP,0x3e7,,DC01$,S-1-5-18,,,,,,,,,,,,,,,,,,,,,,,,,,,,,
2025-08-13T11:00:55.319189Z,4907,DC01,Microsoft-Windows-Security-Auditing,Security,1003,0,,,,,,,,,,,,,,,,,,,,,,,,,,,,,,,,,,,,,,,,,,,,,,,0x60,,,,,,,,,,,,,,,,,,,,,,,,,,,,,,,,,,,,S:ARAI(AU;SAFA;DCLCRPCRSDWDWO;;;WD),,,,,,,,,C:\Windows\System32\virtmgmt.msc,,Security,File,,,,,,,,,,,,,,,,,,,,0x410,C:\Windows\System32\poqexec.exe,,,,,,,,,,,,,,,,,,,,,,,,,,,WORKGROUP,0x3e7,,DC01$,S-1-5-18,,,,,,,,,,,,,,,,,,,,,,,,,,,,,
2025-08-13T11:00:55.319510Z,4907,DC01,Microsoft-Windows-Security-Auditing,Security,1004,0,,,,,,,,,,,,,,,,,,,,,,,,,,,,,,,,,,,,,,,,,,,,,,,0x60,,,,,,,,,,,,,,,,,,,,,,,,,,,,,,,,,,,,S:ARAI(AU;SAFA;DCLCRPCRSDWDWO;;;WD),,,,,,,,,C:\Windows\System32\vmbusvdev.dll,,Security,File,,,,,,,,,,,,,,,,,,,,0x410,C:\Windows\System32\poqexec.exe,,,,,,,,,,,,,,,,,,,,,,,,,,,WORKGROUP,0x3e7,,DC01$,S-1-5-18,,,,,,,,,,,,,,,,,,,,,,,,,,,,,
2025-08-13T11:00:55.319791Z,4907,DC01,Microsoft-Windows-Security-Auditing,Security,1005,0,,,,,,,,,,,,,,,,,,,,,,,,,,,,,,,,,,,,,,,,,,,,,,,0x60,,,,,,,,,,,,,,,,,,,,,,,,,,,,,,,,,,,,S:ARAI(AU;SAFA;DCLCRPCRSDWDWO;;;WD),,,,,,,,,C:\Windows\System32\VmChipset Third-Party Notices.txt,,Security,File,,,,,,,,,,,,,,,,,,,,0x410,C:\Windows\System32\poqexec.exe,,,,,,,,,,,,,,,,,,,,,,,,,,,WORKGROUP,0x3e7,,DC01$,S-1-5-18,,,,,,,,,,,,,,,,,,,,,,,,,,,,,
2025-08-13T11:00:55.320151Z,4907,DC01,Microsoft-Windows-Security-Auditing,Security,1006,0,,,,,,,,,,,,,,,,,,,,,,,,,,,,,,,,,,,,,,,,,,,,,,,0x60,,,,,,,,,,,,,,,,,,,,,,,,,,,,,,,,,,,,S:ARAI(AU;SAFA;DCLCRPCRSDWDWO;;;WD),,,,,,,,,C:\Windows\System32\vmchipset.dll,,Security,File,,,,,,,,,,,,,,,,,,,,0x410,C:\Windows\System32\poqexec.exe,,,,,,,,,,,,,,,,,,,,,,,,,,,WORKGROUP,0x3e7,,DC01$,S-1-5-18,,,,,,,,,,,,,,,,,,,,,,,,,,,,,
2025-08-13T11:00:55.320494Z,4907,DC01,Microsoft-Windows-Security-Auditing,Security,1007,0,,,,,,,,,,,,,,,,,,,,,,,,,,,,,,,,,,,,,,,,,,,,,,,0x60,,,,,,,,,,,,,,,,,,,,,,,,,,,,,,,,,,,,S:ARAI(AU;SAFA;DCLCRPCRSDWDWO;;;WD),,,,,,,,,C:\Windows\System32\vmcompute.dll,,Security,File,,,,,,,,,,,,,,,,,,,,0x410,C:\Windows\System32\poqexec.exe,,,,,,,,,,,,,,,,,,,,,,,,,,,WORKGROUP,0x3e7,,DC01$,S-1-5-18,,,,,,,,,,,,,,,,,,,,,,,,,,,,,
2025-08-13T11:00:55.320858Z,4907,DC01,Microsoft-Windows-Security-Auditing,Security,1008,0,,,,,,,,,,,,,,,,,,,,,,,,,,,,,,,,,,,,,,,,,,,,,,,0x60,,,,,,,,,,,,,,,,,,,,,,,,,,,,,,,,,,,,S:ARAI(AU;SAFA;DCLCRPCRSDWDWO;;;WD),,,,,,,,,C:\Windows\System32\vmcompute.exe,,Security,File,,,,,,,,,,,,,,,,,,,,0x410,C:\Windows\System32\poqexec.exe,,,,,,,,,,,,,,,,,,,,,,,,,,,WORKGROUP,0x3e7,,DC01$,S-1-5-18,,,,,,,,,,,,,,,,,,,,,,,,,,,,,
2025-08-13T11:00:55.321189Z,4907,DC01,Microsoft-Windows-Security-Auditing,Security,1009,0,,,,,,,,,,,,,,,,,,,,,,,,,,,,,,,,,,,,,,,,,,,,,,,0x60,,,,,,,,,,,,,,,,,,,,,,,,,,,,,,,,,,,,S:ARAI(AU;SAFA;DCLCRPCRSDWDWO;;;WD),,,,,,,,,C:\Windows\System32\vmcomputeeventlog.dll,,Security,File,,,,,,,,,,,,,,,,,,,,0x410,C:\Windows\System32\poqexec.exe,,,,,,,,,,,,,,,,,,,,,,,,,,,WORKGROUP,0x3e7,,DC01$,S-1-5-18,,,,,,,,,,,,,,,,,,,,,,,,,,,,,
2025-08-13T11:00:55.321520Z,4907,DC01,Microsoft-Windows-Security-Auditing,Security,1010,0,,,,,,,,,,,,,,,,,,,,,,,,,,,,,,,,,,,,,,,,,,,,,,,0x60,,,,,,,,,,,,,,,,,,,,,,,,,,,,,,,,,,,,S:ARAI(AU;SAFA;DCLCRPCRSDWDWO;;;WD),,,,,,,,,C:\Windows\System32\vmconnect.exe,,Security,File,,,,,,,,,,,,,,,,,,,,0x410,C:\Windows\System32\poqexec.exe,,,,,,,,,,,,,,,,,,,,,,,,,,,WORKGROUP,0x3e7,,DC01$,S-1-5-18,,,,,,,,,,,,,,,,,,,,,,,,,,,,,
2025-08-13T11:00:55.321852Z,4907,DC01,Microsoft-Windows-Security-Auditing,Security,1011,0,,,,,,,,,,,,,,,,,,,,,,,,,,,,,,,,,,,,,,,,,,,,,,,0x60,,,,,,,,,,,,,,,,,,,,,,,,,,,,,,,,,,,,S:ARAI(AU;SAFA;DCLCRPCRSDWDWO;;;WD),,,,,,,,,C:\Windows\System32\VmCrashDump.dll,,Security,File,,,,,,,,,,,,,,,,,,,,0x410,C:\Windows\System32\poqexec.exe,,,,,,,,,,,,,,,,,,,,,,,,,,,WORKGROUP,0x3e7,,DC01$,S-1-5-18,,,,,,,,,,,,,,,,,,,,,,,,,,,,,
2025-08-13T11:00:55.322185Z,4907,DC01,Microsoft-Windows-Security-Auditing,Security,1012,0,,,,,,,,,,,,,,,,,,,,,,,,,,,,,,,,,,,,,,,,,,,,,,,0x60,,,,,,,,,,,,,,,,,,,,,,,,,,,,,,,,,,,,S:ARAI(AU;SAFA;DCLCRPCRSDWDWO;;;WD),,,,,,,,,C:\Windows\System32\VmDataStore.dll,,Security,File,,,,,,,,,,,,,,,,,,,,0x410,C:\Windows\System32\poqexec.exe,,,,,,,,,,,,,,,,,,,,,,,,,,,WORKGROUP,0x3e7,,DC01$,S-1-5-18,,,,,,,,,,,,,,,,,,,,,,,,,,,,,
2025-08-13T11:00:55.322518Z,4907,DC01,Microsoft-Windows-Security-Auditing,Security,1013,0,,,,,,,,,,,,,,,,,,,,,,,,,,,,,,,,,,,,,,,,,,,,,,,0x60,,,,,,,,,,,,,,,,,,,,,,,,,,,,,,,,,,,,S:ARAI(AU;SAFA;DCLCRPCRSDWDWO;;;WD),,,,,,,,,C:\Windows\System32\vmdebug.dll,,Security,File,,,,,,,,,,,,,,,,,,,,0x410,C:\Windows\System32\poqexec.exe,,,,,,,,,,,,,,,,,,,,,,,,,,,WORKGROUP,0x3e7,,DC01$,S-1-5-18,,,,,,,,,,,,,,,,,,,,,,,,,,,,,
2025-08-13T11:00:55.322860Z,4907,DC01,Microsoft-Windows-Security-Auditing,Security,1014,0,,,,,,,,,,,,,,,,,,,,,,,,,,,,,,,,,,,,,,,,,,,,,,,0x60,,,,,,,,,,,,,,,,,,,,,,,,,,,,,,,,,,,,S:ARAI(AU;SAFA;DCLCRPCRSDWDWO;;;WD),,,,,,,,,C:\Windows\System32\vmdynmem.dll,,Security,File,,,,,,,,,,,,,,,,,,,,0x410,C:\Windows\System32\poqexec.exe,,,,,,,,,,,,,,,,,,,,,,,,,,,WORKGROUP,0x3e7,,DC01$,S-1-5-18,,,,,,,,,,,,,,,,,,,,,,,,,,,,,
2025-08-13T11:00:55.323210Z,4907,DC01,Microsoft-Windows-Security-Auditing,Security,1015,0,,,,,,,,,,,,,,,,,,,,,,,,,,,,,,,,,,,,,,,,,,,,,,,0x60,,,,,,,,,,,,,,,,,,,,,,,,,,,,,,,,,,,,S:ARAI(AU;SAFA;DCLCRPCRSDWDWO;;;WD),,,,,,,,,C:\Windows\System32\vmemulateddevices.dll,,Security,File,,,,,,,,,,,,,,,,,,,,0x410,C:\Windows\System32\poqexec.exe,,,,,,,,,,,,,,,,,,,,,,,,,,,WORKGROUP,0x3e7,,DC01$,S-1-5-18,,,,,,,,,,,,,,,,,,,,,,,,,,,,,
2025-08-13T11:00:55.323491Z,4907,DC01,Microsoft-Windows-Security-Auditing,Security,1016,0,,,,,,,,,,,,,,,,,,,,,,,,,,,,,,,,,,,,,,,,,,,,,,,0x60,,,,,,,,,,,,,,,,,,,,,,,,,,,,,,,,,,,,S:ARAI(AU;SAFA;DCLCRPCRSDWDWO;;;WD),,,,,,,,,C:\Windows\System32\VmEmulatedNic.dll,,Security,File,,,,,,,,,,,,,,,,,,,,0x410,C:\Windows\System32\poqexec.exe,,,,,,,,,,,,,,,,,,,,,,,,,,,WORKGROUP,0x3e7,,DC01$,S-1-5-18,,,,,,,,,,,,,,,,,,,,,,,,,,,,,
2025-08-13T11:00:55.323812Z,4907,DC01,Microsoft-Windows-Security-Auditing,Security,1017,0,,,,,,,,,,,,,,,,,,,,,,,,,,,,,,,,,,,,,,,,,,,,,,,0x60,,,,,,,,,,,,,,,,,,,,,,,,,,,,,,,,,,,,S:ARAI(AU;SAFA;DCLCRPCRSDWDWO;;;WD),,,,,,,,,C:\Windows\System32\VmEmulatedStorage.dll,,Security,File,,,,,,,,,,,,,,,,,,,,0x410,C:\Windows\System32\poqexec.exe,,,,,,,,,,,,,,,,,,,,,,,,,,,WORKGROUP,0x3e7,,DC01$,S-1-5-18,,,,,,,,,,,,,,,,,,,,,,,,,,,,,
2025-08-13T11:00:55.324095Z,4907,DC01,Microsoft-Windows-Security-Auditing,Security,1018,0,,,,,,,,,,,,,,,,,,,,,,,,,,,,,,,,,,,,,,,,,,,,,,,0x60,,,,,,,,,,,,,,,,,,,,,,,,,,,,,,,,,,,,S:ARAI(AU;SAFA;DCLCRPCRSDWDWO;;;WD),,,,,,,,,C:\Windows\System32\vmflexio.dll,,Security,File,,,,,,,,,,,,,,,,,,,,0x410,C:\Windows\System32\poqexec.exe,,,,,,,,,,,,,,,,,,,,,,,,,,,WORKGROUP,0x3e7,,DC01$,S-1-5-18,,,,,,,,,,,,,,,,,,,,,,,,,,,,,
2025-08-13T11:00:55.324418Z,4907,DC01,Microsoft-Windows-Security-Auditing,Security,1019,0,,,,,,,,,,,,,,,,,,,,,,,,,,,,,,,,,,,,,,,,,,,,,,,0x60,,,,,,,,,,,,,,,,,,,,,,,,,,,,,,,,,,,,S:ARAI(AU;SAFA;DCLCRPCRSDWDWO;;;WD),,,,,,,,,C:\Windows\System32\vmhgs.dll,,Security,File,,,,,,,,,,,,,,,,,,,,0x410,C:\Windows\System32\poqexec.exe,,,,,,,,,,,,,,,,,,,,,,,,,,,WORKGROUP,0x3e7,,DC01$,S-1-5-18,,,,,,,,,,,,,,,,,,,,,,,,,,,,,
2025-08-13T11:00:55.324797Z,4907,DC01,Microsoft-Windows-Security-Auditing,Security,1020,0,,,,,,,,,,,,,,,,,,,,,,,,,,,,,,,,,,,,,,,,,,,,,,,0x60,,,,,,,,,,,,,,,,,,,,,,,,,,,,,,,,,,,,S:ARAI(AU;SAFA;DCLCRPCRSDWDWO;;;WD),,,,,,,,,C:\Windows\System32\vmiccore.dll,,Security,File,,,,,,,,,,,,,,,,,,,,0x410,C:\Windows\System32\poqexec.exe,,,,,,,,,,,,,,,,,,,,,,,,,,,WORKGROUP,0x3e7,,DC01$,S-1-5-18,,,,,,,,,,,,,,,,,,,,,,,,,,,,,
2025-08-13T11:00:55.325172Z,4907,DC01,Microsoft-Windows-Security-Auditing,Security,1021,0,,,,,,,,,,,,,,,,,,,,,,,,,,,,,,,,,,,,,,,,,,,,,,,0x60,,,,,,,,,,,,,,,,,,,,,,,,,,,,,,,,,,,,S:ARAI(AU;SAFA;DCLCRPCRSDWDWO;;;WD),,,,,,,,,C:\Windows\System32\vmicrdv.dll,,Security,File,,,,,,,,,,,,,,,,,,,,0x410,C:\Windows\System32\poqexec.exe,,,,,,,,,,,,,,,,,,,,,,,,,,,WORKGROUP,0x3e7,,DC01$,S-1-5-18,,,,,,,,,,,,,,,,,,,,,,,,,,,,,
2025-08-13T11:00:55.325504Z,4907,DC01,Microsoft-Windows-Security-Auditing,Security,1022,0,,,,,,,,,,,,,,,,,,,,,,,,,,,,,,,,,,,,,,,,,,,,,,,0x60,,,,,,,,,,,,,,,,,,,,,,,,,,,,,,,,,,,,S:ARAI(AU;SAFA;DCLCRPCRSDWDWO;;;WD),,,,,,,,,C:\Windows\System32\vmicvdev.dll,,Security,File,,,,,,,,,,,,,,,,,,,,0x410,C:\Windows\System32\poqexec.exe,,,,,,,,,,,,,,,,,,,,,,,,,,,WORKGROUP,0x3e7,,DC01$,S-1-5-18,,,,,,,,,,,,,,,,,,,,,,,,,,,,,
2025-08-13T11:00:55.325886Z,4907,DC01,Microsoft-Windows-Security-Auditing,Security,1023,0,,,,,,,,,,,,,,,,,,,,,,,,,,,,,,,,,,,,,,,,,,,,,,,0x60,,,,,,,,,,,,,,,,,,,,,,,,,,,,,,,,,,,,S:ARAI(AU;SAFA;DCLCRPCRSDWDWO;;;WD),,,,,,,,,C:\Windows\System32\vmms.exe,,Security,File,,,,,,,,,,,,,,,,,,,,0x410,C:\Windows\System32\poqexec.exe,,,,,,,,,,,,,,,,,,,,,,,,,,,WORKGROUP,0x3e7,,DC01$,S-1-5-18,,,,,,,,,,,,,,,,,,,,,,,,,,,,,
2025-08-13T11:00:55.326180Z,4907,DC01,Microsoft-Windows-Security-Auditing,Security,1024,0,,,,,,,,,,,,,,,,,,,,,,,,,,,,,,,,,,,,,,,,,,,,,,,0x60,,,,,,,,,,,,,,,,,,,,,,,,,,,,,,,,,,,,S:ARAI(AU;SAFA;DCLCRPCRSDWDWO;;;WD),,,,,,,,,C:\Windows\System32\vmmsprox.dll,,Security,File,,,,,,,,,,,,,,,,,,,,0x410,C:\Windows\System32\poqexec.exe,,,,,,,,,,,,,,,,,,,,,,,,,,,WORKGROUP,0x3e7,,DC01$,S-1-5-18,,,,,,,,,,,,,,,,,,,,,,,,,,,,,
2025-08-13T11:00:55.326515Z,4907,DC01,Microsoft-Windows-Security-Auditing,Security,1025,0,,,,,,,,,,,,,,,,,,,,,,,,,,,,,,,,,,,,,,,,,,,,,,,0x60,,,,,,,,,,,,,,,,,,,,,,,,,,,,,,,,,,,,S:ARAI(AU;SAFA;DCLCRPCRSDWDWO;;;WD),,,,,,,,,C:\Windows\System32\vmplatformca.exe,,Security,File,,,,,,,,,,,,,,,,,,,,0x410,C:\Windows\System32\poqexec.exe,,,,,,,,,,,,,,,,,,,,,,,,,,,WORKGROUP,0x3e7,,DC01$,S-1-5-18,,,,,,,,,,,,,,,,,,,,,,,,,,,,,
2025-08-13T11:00:55.326863Z,4907,DC01,Microsoft-Windows-Security-Auditing,Security,1026,0,,,,,,,,,,,,,,,,,,,,,,,,,,,,,,,,,,,,,,,,,,,,,,,0x60,,,,,,,,,,,,,,,,,,,,,,,,,,,,,,,,,,,,S:ARAI(AU;SAFA;DCLCRPCRSDWDWO;;;WD),,,,,,,,,C:\Windows\System32\vmpmem.dll,,Security,File,,,,,,,,,,,,,,,,,,,,0x410,C:\Windows\System32\poqexec.exe,,,,,,,,,,,,,,,,,,,,,,,,,,,WORKGROUP,0x3e7,,DC01$,S-1-5-18,,,,,,,,,,,,,,,,,,,,,,,,,,,,,
2025-08-13T11:00:55.327215Z,4907,DC01,Microsoft-Windows-Security-Auditing,Security,1027,0,,,,,,,,,,,,,,,,,,,,,,,,,,,,,,,,,,,,,,,,,,,,,,,0x60,,,,,,,,,,,,,,,,,,,,,,,,,,,,,,,,,,,,S:ARAI(AU;SAFA;DCLCRPCRSDWDWO;;;WD),,,,,,,,,C:\Windows\System32\vmprox.dll,,Security,File,,,,,,,,,,,,,,,,,,,,0x410,C:\Windows\System32\poqexec.exe,,,,,,,,,,,,,,,,,,,,,,,,,,,WORKGROUP,0x3e7,,DC01$,S-1-5-18,,,,,,,,,,,,,,,,,,,,,,,,,,,,,
2025-08-13T11:00:55.327503Z,4907,DC01,Microsoft-Windows-Security-Auditing,Security,1028,0,,,,,,,,,,,,,,,,,,,,,,,,,,,,,,,,,,,,,,,,,,,,,,,0x60,,,,,,,,,,,,,,,,,,,,,,,,,,,,,,,,,,,,S:ARAI(AU;SAFA;DCLCRPCRSDWDWO;;;WD),,,,,,,,,C:\Windows\System32\vmserial.dll,,Security,File,,,,,,,,,,,,,,,,,,,,0x410,C:\Windows\System32\poqexec.exe,,,,,,,,,,,,,,,,,,,,,,,,,,,WORKGROUP,0x3e7,,DC01$,S-1-5-18,,,,,,,,,,,,,,,,,,,,,,,,,,,,,
2025-08-13T11:00:55.327784Z,4907,DC01,Microsoft-Windows-Security-Auditing,Security,1029,0,,,,,,,,,,,,,,,,,,,,,,,,,,,,,,,,,,,,,,,,,,,,,,,0x60,,,,,,,,,,,,,,,,,,,,,,,,,,,,,,,,,,,,S:ARAI(AU;SAFA;DCLCRPCRSDWDWO;;;WD),,,,,,,,,C:\Windows\System32\vmsif.dll,,Security,File,,,,,,,,,,,,,,,,,,,,0x410,C:\Windows\System32\poqexec.exe,,,,,,,,,,,,,,,,,,,,,,,,,,,WORKGROUP,0x3e7,,DC01$,S-1-5-18,,,,,,,,,,,,,,,,,,,,,,,,,,,,,
2025-08-13T11:00:55.328124Z,4907,DC01,Microsoft-Windows-Security-Auditing,Security,1030,0,,,,,,,,,,,,,,,,,,,,,,,,,,,,,,,,,,,,,,,,,,,,,,,0x60,,,,,,,,,,,,,,,,,,,,,,,,,,,,,,,,,,,,S:ARAI(AU;SAFA;DCLCRPCRSDWDWO;;;WD),,,,,,,,,C:\Windows\System32\vmsifproxystub.dll,,Security,File,,,,,,,,,,,,,,,,,,,,0x410,C:\Windows\System32\poqexec.exe,,,,,,,,,,,,,,,,,,,,,,,,,,,WORKGROUP,0x3e7,,DC01$,S-1-5-18,,,,,,,,,,,,,,,,,,,,,,,,,,,,,
2025-08-13T11:00:55.328458Z,4907,DC01,Microsoft-Windows-Security-Auditing,Security,1031,0,,,,,,,,,,,,,,,,,,,,,,,,,,,,,,,,,,,,,,,,,,,,,,,0x60,,,,,,,,,,,,,,,,,,,,,,,,,,,,,,,,,,,,S:ARAI(AU;SAFA;DCLCRPCRSDWDWO;;;WD),,,,,,,,,C:\Windows\System32\vmsmb.dll,,Security,File,,,,,,,,,,,,,,,,,,,,0x410,C:\Windows\System32\poqexec.exe,,,,,,,,,,,,,,,,,,,,,,,,,,,WORKGROUP,0x3e7,,DC01$,S-1-5-18,,,,,,,,,,,,,,,,,,,,,,,,,,,,,
2025-08-13T11:00:55.328872Z,4907,DC01,Microsoft-Windows-Security-Auditing,Security,1032,0,,,,,,,,,,,,,,,,,,,,,,,,,,,,,,,,,,,,,,,,,,,,,,,0x60,,,,,,,,,,,,,,,,,,,,,,,,,,,,,,,,,,,,S:ARAI(AU;SAFA;DCLCRPCRSDWDWO;;;WD),,,,,,,,,C:\Windows\System32\vmsp.exe,,Security,File,,,,,,,,,,,,,,,,,,,,0x410,C:\Windows\System32\poqexec.exe,,,,,,,,,,,,,,,,,,,,,,,,,,,WORKGROUP,0x3e7,,DC01$,S-1-5-18,,,,,,,,,,,,,,,,,,,,,,,,,,,,,
2025-08-13T11:00:55.329287Z,4907,DC01,Microsoft-Windows-Security-Auditing,Security,1033,0,,,,,,,,,,,,,,,,,,,,,,,,,,,,,,,,,,,,,,,,,,,,,,,0x60,,,,,,,,,,,,,,,,,,,,,,,,,,,,,,,,,,,,S:ARAI(AU;SAFA;DCLCRPCRSDWDWO;;;WD),,,,,,,,,C:\Windows\System32\vmstaging.dll,,Security,File,,,,,,,,,,,,,,,,,,,,0x410,C:\Windows\System32\poqexec.exe,,,,,,,,,,,,,,,,,,,,,,,,,,,WORKGROUP,0x3e7,,DC01$,S-1-5-18,,,,,,,,,,,,,,,,,,,,,,,,,,,,,
2025-08-13T11:00:55.329703Z,4907,DC01,Microsoft-Windows-Security-Auditing,Security,1034,0,,,,,,,,,,,,,,,,,,,,,,,,,,,,,,,,,,,,,,,,,,,,,,,0x60,,,,,,,,,,,,,,,,,,,,,,,,,,,,,,,,,,,,S:ARAI(AU;SAFA;DCLCRPCRSDWDWO;;;WD),,,,,,,,,C:\Windows\System32\vmsynthfcvdev.dll,,Security,File,,,,,,,,,,,,,,,,,,,,0x410,C:\Windows\System32\poqexec.exe,,,,,,,,,,,,,,,,,,,,,,,,,,,WORKGROUP,0x3e7,,DC01$,S-1-5-18,,,,,,,,,,,,,,,,,,,,,,,,,,,,,
2025-08-13T11:00:55.330112Z,4907,DC01,Microsoft-Windows-Security-Auditing,Security,1035,0,,,,,,,,,,,,,,,,,,,,,,,,,,,,,,,,,,,,,,,,,,,,,,,0x60,,,,,,,,,,,,,,,,,,,,,,,,,,,,,,,,,,,,S:ARAI(AU;SAFA;DCLCRPCRSDWDWO;;;WD),,,,,,,,,C:\Windows\System32\VmSynthNic.dll,,Security,File,,,,,,,,,,,,,,,,,,,,0x410,C:\Windows\System32\poqexec.exe,,,,,,,,,,,,,,,,,,,,,,,,,,,WORKGROUP,0x3e7,,DC01$,S-1-5-18,,,,,,,,,,,,,,,,,,,,,,,,,,,,,
2025-08-13T11:00:55.330483Z,4907,DC01,Microsoft-Windows-Security-Auditing,Security,1036,0,,,,,,,,,,,,,,,,,,,,,,,,,,,,,,,,,,,,,,,,,,,,,,,0x60,,,,,,,,,,,,,,,,,,,,,,,,,,,,,,,,,,,,S:ARAI(AU;SAFA;DCLCRPCRSDWDWO;;;WD),,,,,,,,,C:\Windows\System32\vmsynthstor.dll,,Security,File,,,,,,,,,,,,,,,,,,,,0x410,C:\Windows\System32\poqexec.exe,,,,,,,,,,,,,,,,,,,,,,,,,,,WORKGROUP,0x3e7,,DC01$,S-1-5-18,,,,,,,,,,,,,,,,,,,,,,,,,,,,,
2025-08-13T11:00:55.330800Z,4907,DC01,Microsoft-Windows-Security-Auditing,Security,1037,0,,,,,,,,,,,,,,,,,,,,,,,,,,,,,,,,,,,,,,,,,,,,,,,0x60,,,,,,,,,,,,,,,,,,,,,,,,,,,,,,,,,,,,S:ARAI(AU;SAFA;DCLCRPCRSDWDWO;;;WD),,,,,,,,,C:\Windows\System32\vmtpm.dll,,Security,File,,,,,,,,,,,,,,,,,,,,0x410,C:\Windows\System32\poqexec.exe,,,,,,,,,,,,,,,,,,,,,,,,,,,WORKGROUP,0x3e7,,DC01$,S-1-5-18,,,,,,,,,,,,,,,,,,,,,,,,,,,,,
2025-08-13T11:00:55.331126Z,4907,DC01,Microsoft-Windows-Security-Auditing,Security,1038,0,,,,,,,,,,,,,,,,,,,,,,,,,,,,,,,,,,,,,,,,,,,,,,,0x60,,,,,,,,,,,,,,,,,,,,,,,,,,,,,,,,,,,,S:ARAI(AU;SAFA;DCLCRPCRSDWDWO;;;WD),,,,,,,,,C:\Windows\System32\vmuidevices.dll,,Security,File,,,,,,,,,,,,,,,,,,,,0x410,C:\Windows\System32\poqexec.exe,,,,,,,,,,,,,,,,,,,,,,,,,,,WORKGROUP,0x3e7,,DC01$,S-1-5-18,,,,,,,,,,,,,,,,,,,,,,,,,,,,,
2025-08-13T11:00:55.331430Z,4907,DC01,Microsoft-Windows-Security-Auditing,Security,1039,0,,,,,,,,,,,,,,,,,,,,,,,,,,,,,,,,,,,,,,,,,,,,,,,0x60,,,,,,,,,,,,,,,,,,,,,,,,,,,,,,,,,,,,S:ARAI(AU;SAFA;DCLCRPCRSDWDWO;;;WD),,,,,,,,,C:\Windows\System32\vmusrv.dll,,Security,File,,,,,,,,,,,,,,,,,,,,0x410,C:\Windows\System32\poqexec.exe,,,,,,,,,,,,,,,,,,,,,,,,,,,WORKGROUP,0x3e7,,DC01$,S-1-5-18,,,,,,,,,,,,,,,,,,,,,,,,,,,,,
2025-08-13T11:00:55.331746Z,4907,DC01,Microsoft-Windows-Security-Auditing,Security,1040,0,,,,,,,,,,,,,,,,,,,,,,,,,,,,,,,,,,,,,,,,,,,,,,,0x60,,,,,,,,,,,,,,,,,,,,,,,,,,,,,,,,,,,,S:ARAI(AU;SAFA;DCLCRPCRSDWDWO;;;WD),,,,,,,,,C:\Windows\System32\vmwp.exe,,Security,File,,,,,,,,,,,,,,,,,,,,0x410,C:\Windows\System32\poqexec.exe,,,,,,,,,,,,,,,,,,,,,,,,,,,WORKGROUP,0x3e7,,DC01$,S-1-5-18,,,,,,,,,,,,,,,,,,,,,,,,,,,,,
2025-08-13T11:00:55.332059Z,4907,DC01,Microsoft-Windows-Security-Auditing,Security,1041,0,,,,,,,,,,,,,,,,,,,,,,,,,,,,,,,,,,,,,,,,,,,,,,,0x60,,,,,,,,,,,,,,,,,,,,,,,,,,,,,,,,,,,,S:ARAI(AU;SAFA;DCLCRPCRSDWDWO;;;WD),,,,,,,,,C:\Windows\System32\vmwpctrl.dll,,Security,File,,,,,,,,,,,,,,,,,,,,0x410,C:\Windows\System32\poqexec.exe,,,,,,,,,,,,,,,,,,,,,,,,,,,WORKGROUP,0x3e7,,DC01$,S-1-5-18,,,,,,,,,,,,,,,,,,,,,,,,,,,,,
2025-08-13T11:00:55.332364Z,4907,DC01,Microsoft-Windows-Security-Auditing,Security,1042,0,,,,,,,,,,,,,,,,,,,,,,,,,,,,,,,,,,,,,,,,,,,,,,,0x60,,,,,,,,,,,,,,,,,,,,,,,,,,,,,,,,,,,,S:ARAI(AU;SAFA;DCLCRPCRSDWDWO;;;WD),,,,,,,,,C:\Windows\System32\vmwpevents.dll,,Security,File,,,,,,,,,,,,,,,,,,,,0x410,C:\Windows\System32\poqexec.exe,,,,,,,,,,,,,,,,,,,,,,,,,,,WORKGROUP,0x3e7,,DC01$,S-1-5-18,,,,,,,,,,,,,,,,,,,,,,,,,,,,,
2025-08-13T11:00:55.332662Z,4907,DC01,Microsoft-Windows-Security-Auditing,Security,1043,0,,,,,,,,,,,,,,,,,,,,,,,,,,,,,,,,,,,,,,,,,,,,,,,0x60,,,,,,,,,,,,,,,,,,,,,,,,,,,,,,,,,,,,S:ARAI(AU;SAFA;DCLCRPCRSDWDWO;;;WD),,,,,,,,,C:\Windows\System32\vp9fs.dll,,Security,File,,,,,,,,,,,,,,,,,,,,0x410,C:\Windows\System32\poqexec.exe,,,,,,,,,,,,,,,,,,,,,,,,,,,WORKGROUP,0x3e7,,DC01$,S-1-5-18,,,,,,,,,,,,,,,,,,,,,,,,,,,,,
2025-08-13T11:00:55.332972Z,4907,DC01,Microsoft-Windows-Security-Auditing,Security,1044,0,,,,,,,,,,,,,,,,,,,,,,,,,,,,,,,,,,,,,,,,,,,,,,,0x60,,,,,,,,,,,,,,,,,,,,,,,,,,,,,,,,,,,,S:ARAI(AU;SAFA;DCLCRPCRSDWDWO;;;WD),,,,,,,,,C:\Windows\System32\vpcievdev.dll,,Security,File,,,,,,,,,,,,,,,,,,,,0x410,C:\Windows\System32\poqexec.exe,,,,,,,,,,,,,,,,,,,,,,,,,,,WORKGROUP,0x3e7,,DC01$,S-1-5-18,,,,,,,,,,,,,,,,,,,,,,,,,,,,,
2025-08-13T11:00:55.333272Z,4907,DC01,Microsoft-Windows-Security-Auditing,Security,1045,0,,,,,,,,,,,,,,,,,,,,,,,,,,,,,,,,,,,,,,,,,,,,,,,0x60,,,,,,,,,,,,,,,,,,,,,,,,,,,,,,,,,,,,S:ARAI(AU;SAFA;DCLCRPCRSDWDWO;;;WD),,,,,,,,,C:\Windows\System32\VrdUmed.dll,,Security,File,,,,,,,,,,,,,,,,,,,,0x410,C:\Windows\System32\poqexec.exe,,,,,,,,,,,,,,,,,,,,,,,,,,,WORKGROUP,0x3e7,,DC01$,S-1-5-18,,,,,,,,,,,,,,,,,,,,,,,,,,,,,
2025-08-13T11:00:55.333580Z,4907,DC01,Microsoft-Windows-Security-Auditing,Security,1046,0,,,,,,,,,,,,,,,,,,,,,,,,,,,,,,,,,,,,,,,,,,,,,,,0x60,,,,,,,,,,,,,,,,,,,,,,,,,,,,,,,,,,,,S:ARAI(AU;SAFA;DCLCRPCRSDWDWO;;;WD),,,,,,,,,C:\Windows\System32\vsconfig.dll,,Security,File,,,,,,,,,,,,,,,,,,,,0x410,C:\Windows\System32\poqexec.exe,,,,,,,,,,,,,,,,,,,,,,,,,,,WORKGROUP,0x3e7,,DC01$,S-1-5-18,,,,,,,,,,,,,,,,,,,,,,,,,,,,,
2025-08-13T11:00:55.333945Z,4907,DC01,Microsoft-Windows-Security-Auditing,Security,1047,0,,,,,,,,,,,,,,,,,,,,,,,,,,,,,,,,,,,,,,,,,,,,,,,0x60,,,,,,,,,,,,,,,,,,,,,,,,,,,,,,,,,,,,S:ARAI(AU;SAFA;DCLCRPCRSDWDWO;;;WD),,,,,,,,,C:\Windows\System32\WindowsHyperVCluster.V2.mof,,Security,File,,,,,,,,,,,,,,,,,,,,0x410,C:\Windows\System32\poqexec.exe,,,,,,,,,,,,,,,,,,,,,,,,,,,WORKGROUP,0x3e7,,DC01$,S-1-5-18,,,,,,,,,,,,,,,,,,,,,,,,,,,,,
2025-08-13T11:00:55.335204Z,4907,DC01,Microsoft-Windows-Security-Auditing,Security,1048,0,,,,,,,,,,,,,,,,,,,,,,,,,,,,,,,,,,,,,,,,,,,,,,,0x60,,,,,,,,,,,,,,,,,,,,,,,,,,,,,,,,,,,,S:ARAI(AU;SAFA;DCLCRPCRSDWDWO;;;WD),,,,,,,,,C:\Windows\System32\WindowsHyperVClusterUninstall.mof,,Security,File,,,,,,,,,,,,,,,,,,,,0x410,C:\Windows\System32\poqexec.exe,,,,,,,,,,,,,,,,,,,,,,,,,,,WORKGROUP,0x3e7,,DC01$,S-1-5-18,,,,,,,,,,,,,,,,,,,,,,,,,,,,,
2025-08-13T11:00:55.335586Z,4907,DC01,Microsoft-Windows-Security-Auditing,Security,1049,0,,,,,,,,,,,,,,,,,,,,,,,,,,,,,,,,,,,,,,,,,,,,,,,0x60,,,,,,,,,,,,,,,,,,,,,,,,,,,,,,,,,,,,S:ARAI(AU;SAFA;DCLCRPCRSDWDWO;;;WD),,,,,,,,,C:\Windows\System32\WindowsVirtualization.V2.mof,,Security,File,,,,,,,,,,,,,,,,,,,,0x410,C:\Windows\System32\poqexec.exe,,,,,,,,,,,,,,,,,,,,,,,,,,,WORKGROUP,0x3e7,,DC01$,S-1-5-18,,,,,,,,,,,,,,,,,,,,,,,,,,,,,
2025-08-13T11:00:55.336244Z,4907,DC01,Microsoft-Windows-Security-Auditing,Security,1050,0,,,,,,,,,,,,,,,,,,,,,,,,,,,,,,,,,,,,,,,,,,,,,,,0x60,,,,,,,,,,,,,,,,,,,,,,,,,,,,,,,,,,,,S:ARAI(AU;SAFA;DCLCRPCRSDWDWO;;;WD),,,,,,,,,C:\Windows\System32\WindowsVirtualizationUninstall.mof,,Security,File,,,,,,,,,,,,,,,,,,,,0x410,C:\Windows\System32\poqexec.exe,,,,,,,,,,,,,,,,,,,,,,,,,,,WORKGROUP,0x3e7,,DC01$,S-1-5-18,,,,,,,,,,,,,,,,,,,,,,,,,,,,,
2025-08-13T11:00:55.337030Z,4907,DC01,Microsoft-Windows-Security-Auditing,Security,1051,0,,,,,,,,,,,,,,,,,,,,,,,,,,,,,,,,,,,,,,,,,,,,,,,0x60,,,,,,,,,,,,,,,,,,,,,,,,,,,,,,,,,,,,S:ARAI(AU;SAFA;DCLCRPCRSDWDWO;;;WD),,,,,,,,,C:\Windows\System32\ADDSDeployment_Internal\ADDSDeployment_Internal.psd1,,Security,File,,,,,,,,,,,,,,,,,,,,0x410,C:\Windows\System32\poqexec.exe,,,,,,,,,,,,,,,,,,,,,,,,,,,WORKGROUP,0x3e7,,DC01$,S-1-5-18,,,,,,,,,,,,,,,,,,,,,,,,,,,,,
2025-08-13T11:00:55.337354Z,4907,DC01,Microsoft-Windows-Security-Auditing,Security,1052,0,,,,,,,,,,,,,,,,,,,,,,,,,,,,,,,,,,,,,,,,,,,,,,,0x60,,,,,,,,,,,,,,,,,,,,,,,,,,,,,,,,,,,,S:ARAI(AU;SAFA;DCLCRPCRSDWDWO;;;WD),,,,,,,,,C:\Windows\System32\ADDSDeployment_Internal\ADDSDeployment_Internal.psm1,,Security,File,,,,,,,,,,,,,,,,,,,,0x410,C:\Windows\System32\poqexec.exe,,,,,,,,,,,,,,,,,,,,,,,,,,,WORKGROUP,0x3e7,,DC01$,S-1-5-18,,,,,,,,,,,,,,,,,,,,,,,,,,,,,
2025-08-13T11:00:55.337864Z,4907,DC01,Microsoft-Windows-Security-Auditing,Security,1053,0,,,,,,,,,,,,,,,,,,,,,,,,,,,,,,,,,,,,,,,,,,,,,,,0x60,,,,,,,,,,,,,,,,,,,,,,,,,,,,,,,,,,,,S:ARAI(AU;SAFA;DCLCRPCRSDWDWO;;;WD),,,,,,,,,C:\Windows\System32\adprep\00232167-f3a4-43c6-b503-9acb7a81b01c.dcpromo.csv,,Security,File,,,,,,,,,,,,,,,,,,,,0x410,C:\Windows\System32\poqexec.exe,,,,,,,,,,,,,,,,,,,,,,,,,,,WORKGROUP,0x3e7,,DC01$,S-1-5-18,,,,,,,,,,,,,,,,,,,,,,,,,,,,,
2025-08-13T11:00:55.338233Z,4907,DC01,Microsoft-Windows-Security-Auditing,Security,1054,0,,,,,,,,,,,,,,,,,,,,,,,,,,,,,,,,,,,,,,,,,,,,,,,0x60,,,,,,,,,,,,,,,,,,,,,,,,,,,,,,,,,,,,S:ARAI(AU;SAFA;DCLCRPCRSDWDWO;;;WD),,,,,,,,,C:\Windows\System32\adprep\134428a8-0043-48a6-bcda-63310d9ec4dd.dcpromo.csv,,Security,File,,,,,,,,,,,,,,,,,,,,0x410,C:\Windows\System32\poqexec.exe,,,,,,,,,,,,,,,,,,,,,,,,,,,WORKGROUP,0x3e7,,DC01$,S-1-5-18,,,,,,,,,,,,,,,,,,,,,,,,,,,,,
2025-08-13T11:00:55.338640Z,4907,DC01,Microsoft-Windows-Security-Auditing,Security,1055,0,,,,,,,,,,,,,,,,,,,,,,,,,,,,,,,,,,,,,,,,,,,,,,,0x60,,,,,,,,,,,,,,,,,,,,,,,,,,,,,,,,,,,,S:ARAI(AU;SAFA;DCLCRPCRSDWDWO;;;WD),,,,,,,,,C:\Windows\System32\adprep\4444c516-f43a-4c12-9c4b-b5c064941d61.dcpromo.csv,,Security,File,,,,,,,,,,,,,,,,,,,,0x410,C:\Windows\System32\poqexec.exe,,,,,,,,,,,,,,,,,,,,,,,,,,,WORKGROUP,0x3e7,,DC01$,S-1-5-18,,,,,,,,,,,,,,,,,,,,,,,,,,,,,
2025-08-13T11:00:55.339158Z,4907,DC01,Microsoft-Windows-Security-Auditing,Security,1056,0,,,,,,,,,,,,,,,,,,,,,,,,,,,,,,,,,,,,,,,,,,,,,,,0x60,,,,,,,,,,,,,,,,,,,,,,,,,,,,,,,,,,,,S:ARAI(AU;SAFA;DCLCRPCRSDWDWO;;;WD),,,,,,,,,C:\Windows\System32\adprep\a662b036-dbbe-4166-b4ba-21abea17f9cc.dcpromo.csv,,Security,File,,,,,,,,,,,,,,,,,,,,0x410,C:\Windows\System32\poqexec.exe,,,,,,,,,,,,,,,,,,,,,,,,,,,WORKGROUP,0x3e7,,DC01$,S-1-5-18,,,,,,,,,,,,,,,,,,,,,,,,,,,,,
2025-08-13T11:00:55.339514Z,4907,DC01,Microsoft-Windows-Security-Auditing,Security,1057,0,,,,,,,,,,,,,,,,,,,,,,,,,,,,,,,,,,,,,,,,,,,,,,,0x60,,,,,,,,,,,,,,,,,,,,,,,,,,,,,,,,,,,,S:ARAI(AU;SAFA;DCLCRPCRSDWDWO;;;WD),,,,,,,,,C:\Windows\System32\adprep\dca8f425-baae-47cd-b424-e3f6c76ed08b.dcpromo.csv,,Security,File,,,,,,,,,,,,,,,,,,,,0x410,C:\Windows\System32\poqexec.exe,,,,,,,,,,,,,,,,,,,,,,,,,,,WORKGROUP,0x3e7,,DC01$,S-1-5-18,,,,,,,,,,,,,,,,,,,,,,,,,,,,,
2025-08-13T11:00:55.339866Z,4907,DC01,Microsoft-Windows-Security-Auditing,Security,1058,0,,,,,,,,,,,,,,,,,,,,,,,,,,,,,,,,,,,,,,,,,,,,,,,0x60,,,,,,,,,,,,,,,,,,,,,,,,,,,,,,,,,,,,S:ARAI(AU;SAFA;DCLCRPCRSDWDWO;;;WD),,,,,,,,,C:\Windows\System32\adprep\dcpromo.csv,,Security,File,,,,,,,,,,,,,,,,,,,,0x410,C:\Windows\System32\poqexec.exe,,,,,,,,,,,,,,,,,,,,,,,,,,,WORKGROUP,0x3e7,,DC01$,S-1-5-18,,,,,,,,,,,,,,,,,,,,,,,,,,,,,
2025-08-13T11:00:55.340197Z,4907,DC01,Microsoft-Windows-Security-Auditing,Security,1059,0,,,,,,,,,,,,,,,,,,,,,,,,,,,,,,,,,,,,,,,,,,,,,,,0x60,,,,,,,,,,,,,,,,,,,,,,,,,,,,,,,,,,,,S:ARAI(AU;SAFA;DCLCRPCRSDWDWO;;;WD),,,,,,,,,C:\Windows\System32\adprep\ffa5ee3c-1405-476d-b344-7ad37d69cc25.dcpromo.csv,,Security,File,,,,,,,,,,,,,,,,,,,,0x410,C:\Windows\System32\poqexec.exe,,,,,,,,,,,,,,,,,,,,,,,,,,,WORKGROUP,0x3e7,,DC01$,S-1-5-18,,,,,,,,,,,,,,,,,,,,,,,,,,,,,
2025-08-13T11:00:55.340870Z,4907,DC01,Microsoft-Windows-Security-Auditing,Security,1060,0,,,,,,,,,,,,,,,,,,,,,,,,,,,,,,,,,,,,,,,,,,,,,,,0x60,,,,,,,,,,,,,,,,,,,,,,,,,,,,,,,,,,,,S:ARAI(AU;SAFA;DCLCRPCRSDWDWO;;;WD),,,,,,,,,C:\Windows\System32\adprep\pas.ldf,,Security,File,,,,,,,,,,,,,,,,,,,,0x410,C:\Windows\System32\poqexec.exe,,,,,,,,,,,,,,,,,,,,,,,,,,,WORKGROUP,0x3e7,,DC01$,S-1-5-18,,,,,,,,,,,,,,,,,,,,,,,,,,,,,
2025-08-13T11:00:55.341221Z,4907,DC01,Microsoft-Windows-Security-Auditing,Security,1061,0,,,,,,,,,,,,,,,,,,,,,,,,,,,,,,,,,,,,,,,,,,,,,,,0x60,,,,,,,,,,,,,,,,,,,,,,,,,,,,,,,,,,,,S:ARAI(AU;SAFA;DCLCRPCRSDWDWO;;;WD),,,,,,,,,C:\Windows\System32\adprep\sch14.ldf,,Security,File,,,,,,,,,,,,,,,,,,,,0x410,C:\Windows\System32\poqexec.exe,,,,,,,,,,,,,,,,,,,,,,,,,,,WORKGROUP,0x3e7,,DC01$,S-1-5-18,,,,,,,,,,,,,,,,,,,,,,,,,,,,,
2025-08-13T11:00:55.341551Z,4907,DC01,Microsoft-Windows-Security-Auditing,Security,1062,0,,,,,,,,,,,,,,,,,,,,,,,,,,,,,,,,,,,,,,,,,,,,,,,0x60,,,,,,,,,,,,,,,,,,,,,,,,,,,,,,,,,,,,S:ARAI(AU;SAFA;DCLCRPCRSDWDWO;;;WD),,,,,,,,,C:\Windows\System32\adprep\sch15.ldf,,Security,File,,,,,,,,,,,,,,,,,,,,0x410,C:\Windows\System32\poqexec.exe,,,,,,,,,,,,,,,,,,,,,,,,,,,WORKGROUP,0x3e7,,DC01$,S-1-5-18,,,,,,,,,,,,,,,,,,,,,,,,,,,,,
2025-08-13T11:00:55.341863Z,4907,DC01,Microsoft-Windows-Security-Auditing,Security,1063,0,,,,,,,,,,,,,,,,,,,,,,,,,,,,,,,,,,,,,,,,,,,,,,,0x60,,,,,,,,,,,,,,,,,,,,,,,,,,,,,,,,,,,,S:ARAI(AU;SAFA;DCLCRPCRSDWDWO;;;WD),,,,,,,,,C:\Windows\System32\adprep\sch16.ldf,,Security,File,,,,,,,,,,,,,,,,,,,,0x410,C:\Windows\System32\poqexec.exe,,,,,,,,,,,,,,,,,,,,,,,,,,,WORKGROUP,0x3e7,,DC01$,S-1-5-18,,,,,,,,,,,,,,,,,,,,,,,,,,,,,
2025-08-13T11:00:55.342193Z,4907,DC01,Microsoft-Windows-Security-Auditing,Security,1064,0,,,,,,,,,,,,,,,,,,,,,,,,,,,,,,,,,,,,,,,,,,,,,,,0x60,,,,,,,,,,,,,,,,,,,,,,,,,,,,,,,,,,,,S:ARAI(AU;SAFA;DCLCRPCRSDWDWO;;;WD),,,,,,,,,C:\Windows\System32\adprep\sch17.ldf,,Security,File,,,,,,,,,,,,,,,,,,,,0x410,C:\Windows\System32\poqexec.exe,,,,,,,,,,,,,,,,,,,,,,,,,,,WORKGROUP,0x3e7,,DC01$,S-1-5-18,,,,,,,,,,,,,,,,,,,,,,,,,,,,,
2025-08-13T11:00:55.342543Z,4907,DC01,Microsoft-Windows-Security-Auditing,Security,1065,0,,,,,,,,,,,,,,,,,,,,,,,,,,,,,,,,,,,,,,,,,,,,,,,0x60,,,,,,,,,,,,,,,,,,,,,,,,,,,,,,,,,,,,S:ARAI(AU;SAFA;DCLCRPCRSDWDWO;;;WD),,,,,,,,,C:\Windows\System32\adprep\sch18.ldf,,Security,File,,,,,,,,,,,,,,,,,,,,0x410,C:\Windows\System32\poqexec.exe,,,,,,,,,,,,,,,,,,,,,,,,,,,WORKGROUP,0x3e7,,DC01$,S-1-5-18,,,,,,,,,,,,,,,,,,,,,,,,,,,,,
2025-08-13T11:00:55.342875Z,4907,DC01,Microsoft-Windows-Security-Auditing,Security,1066,0,,,,,,,,,,,,,,,,,,,,,,,,,,,,,,,,,,,,,,,,,,,,,,,0x60,,,,,,,,,,,,,,,,,,,,,,,,,,,,,,,,,,,,S:ARAI(AU;SAFA;DCLCRPCRSDWDWO;;;WD),,,,,,,,,C:\Windows\System32\adprep\sch19.ldf,,Security,File,,,,,,,,,,,,,,,,,,,,0x410,C:\Windows\System32\poqexec.exe,,,,,,,,,,,,,,,,,,,,,,,,,,,WORKGROUP,0x3e7,,DC01$,S-1-5-18,,,,,,,,,,,,,,,,,,,,,,,,,,,,,
2025-08-13T11:00:55.343212Z,4907,DC01,Microsoft-Windows-Security-Auditing,Security,1067,0,,,,,,,,,,,,,,,,,,,,,,,,,,,,,,,,,,,,,,,,,,,,,,,0x60,,,,,,,,,,,,,,,,,,,,,,,,,,,,,,,,,,,,S:ARAI(AU;SAFA;DCLCRPCRSDWDWO;;;WD),,,,,,,,,C:\Windows\System32\adprep\sch20.ldf,,Security,File,,,,,,,,,,,,,,,,,,,,0x410,C:\Windows\System32\poqexec.exe,,,,,,,,,,,,,,,,,,,,,,,,,,,WORKGROUP,0x3e7,,DC01$,S-1-5-18,,,,,,,,,,,,,,,,,,,,,,,,,,,,,
2025-08-13T11:00:55.343832Z,4907,DC01,Microsoft-Windows-Security-Auditing,Security,1068,0,,,,,,,,,,,,,,,,,,,,,,,,,,,,,,,,,,,,,,,,,,,,,,,0x60,,,,,,,,,,,,,,,,,,,,,,,,,,,,,,,,,,,,S:ARAI(AU;SAFA;DCLCRPCRSDWDWO;;;WD),,,,,,,,,C:\Windows\System32\adprep\sch21.ldf,,Security,File,,,,,,,,,,,,,,,,,,,,0x410,C:\Windows\System32\poqexec.exe,,,,,,,,,,,,,,,,,,,,,,,,,,,WORKGROUP,0x3e7,,DC01$,S-1-5-18,,,,,,,,,,,,,,,,,,,,,,,,,,,,,
2025-08-13T11:00:55.344191Z,4907,DC01,Microsoft-Windows-Security-Auditing,Security,1069,0,,,,,,,,,,,,,,,,,,,,,,,,,,,,,,,,,,,,,,,,,,,,,,,0x60,,,,,,,,,,,,,,,,,,,,,,,,,,,,,,,,,,,,S:ARAI(AU;SAFA;DCLCRPCRSDWDWO;;;WD),,,,,,,,,C:\Windows\System32\adprep\sch22.ldf,,Security,File,,,,,,,,,,,,,,,,,,,,0x410,C:\Windows\System32\poqexec.exe,,,,,,,,,,,,,,,,,,,,,,,,,,,WORKGROUP,0x3e7,,DC01$,S-1-5-18,,,,,,,,,,,,,,,,,,,,,,,,,,,,,
2025-08-13T11:00:55.344949Z,4907,DC01,Microsoft-Windows-Security-Auditing,Security,1070,0,,,,,,,,,,,,,,,,,,,,,,,,,,,,,,,,,,,,,,,,,,,,,,,0x60,,,,,,,,,,,,,,,,,,,,,,,,,,,,,,,,,,,,S:ARAI(AU;SAFA;DCLCRPCRSDWDWO;;;WD),,,,,,,,,C:\Windows\System32\adprep\sch23.ldf,,Security,File,,,,,,,,,,,,,,,,,,,,0x410,C:\Windows\System32\poqexec.exe,,,,,,,,,,,,,,,,,,,,,,,,,,,WORKGROUP,0x3e7,,DC01$,S-1-5-18,,,,,,,,,,,,,,,,,,,,,,,,,,,,,
2025-08-13T11:00:55.345524Z,4907,DC01,Microsoft-Windows-Security-Auditing,Security,1071,0,,,,,,,,,,,,,,,,,,,,,,,,,,,,,,,,,,,,,,,,,,,,,,,0x60,,,,,,,,,,,,,,,,,,,,,,,,,,,,,,,,,,,,S:ARAI(AU;SAFA;DCLCRPCRSDWDWO;;;WD),,,,,,,,,C:\Windows\System32\adprep\sch24.ldf,,Security,File,,,,,,,,,,,,,,,,,,,,0x410,C:\Windows\System32\poqexec.exe,,,,,,,,,,,,,,,,,,,,,,,,,,,WORKGROUP,0x3e7,,DC01$,S-1-5-18,,,,,,,,,,,,,,,,,,,,,,,,,,,,,
2025-08-13T11:00:55.345826Z,4907,DC01,Microsoft-Windows-Security-Auditing,Security,1072,0,,,,,,,,,,,,,,,,,,,,,,,,,,,,,,,,,,,,,,,,,,,,,,,0x60,,,,,,,,,,,,,,,,,,,,,,,,,,,,,,,,,,,,S:ARAI(AU;SAFA;DCLCRPCRSDWDWO;;;WD),,,,,,,,,C:\Windows\System32\adprep\sch25.ldf,,Security,File,,,,,,,,,,,,,,,,,,,,0x410,C:\Windows\System32\poqexec.exe,,,,,,,,,,,,,,,,,,,,,,,,,,,WORKGROUP,0x3e7,,DC01$,S-1-5-18,,,,,,,,,,,,,,,,,,,,,,,,,,,,,
2025-08-13T11:00:55.346164Z,4907,DC01,Microsoft-Windows-Security-Auditing,Security,1073,0,,,,,,,,,,,,,,,,,,,,,,,,,,,,,,,,,,,,,,,,,,,,,,,0x60,,,,,,,,,,,,,,,,,,,,,,,,,,,,,,,,,,,,S:ARAI(AU;SAFA;DCLCRPCRSDWDWO;;;WD),,,,,,,,,C:\Windows\System32\adprep\sch26.ldf,,Security,File,,,,,,,,,,,,,,,,,,,,0x410,C:\Windows\System32\poqexec.exe,,,,,,,,,,,,,,,,,,,,,,,,,,,WORKGROUP,0x3e7,,DC01$,S-1-5-18,,,,,,,,,,,,,,,,,,,,,,,,,,,,,
2025-08-13T11:00:55.346512Z,4907,DC01,Microsoft-Windows-Security-Auditing,Security,1074,0,,,,,,,,,,,,,,,,,,,,,,,,,,,,,,,,,,,,,,,,,,,,,,,0x60,,,,,,,,,,,,,,,,,,,,,,,,,,,,,,,,,,,,S:ARAI(AU;SAFA;DCLCRPCRSDWDWO;;;WD),,,,,,,,,C:\Windows\System32\adprep\sch27.ldf,,Security,File,,,,,,,,,,,,,,,,,,,,0x410,C:\Windows\System32\poqexec.exe,,,,,,,,,,,,,,,,,,,,,,,,,,,WORKGROUP,0x3e7,,DC01$,S-1-5-18,,,,,,,,,,,,,,,,,,,,,,,,,,,,,
2025-08-13T11:00:55.347152Z,4907,DC01,Microsoft-Windows-Security-Auditing,Security,1075,0,,,,,,,,,,,,,,,,,,,,,,,,,,,,,,,,,,,,,,,,,,,,,,,0x60,,,,,,,,,,,,,,,,,,,,,,,,,,,,,,,,,,,,S:ARAI(AU;SAFA;DCLCRPCRSDWDWO;;;WD),,,,,,,,,C:\Windows\System32\adprep\sch28.ldf,,Security,File,,,,,,,,,,,,,,,,,,,,0x410,C:\Windows\System32\poqexec.exe,,,,,,,,,,,,,,,,,,,,,,,,,,,WORKGROUP,0x3e7,,DC01$,S-1-5-18,,,,,,,,,,,,,,,,,,,,,,,,,,,,,
2025-08-13T11:00:55.347786Z,4907,DC01,Microsoft-Windows-Security-Auditing,Security,1076,0,,,,,,,,,,,,,,,,,,,,,,,,,,,,,,,,,,,,,,,,,,,,,,,0x60,,,,,,,,,,,,,,,,,,,,,,,,,,,,,,,,,,,,S:ARAI(AU;SAFA;DCLCRPCRSDWDWO;;;WD),,,,,,,,,C:\Windows\System32\adprep\sch29.ldf,,Security,File,,,,,,,,,,,,,,,,,,,,0x410,C:\Windows\System32\poqexec.exe,,,,,,,,,,,,,,,,,,,,,,,,,,,WORKGROUP,0x3e7,,DC01$,S-1-5-18,,,,,,,,,,,,,,,,,,,,,,,,,,,,,
2025-08-13T11:00:55.348162Z,4907,DC01,Microsoft-Windows-Security-Auditing,Security,1077,0,,,,,,,,,,,,,,,,,,,,,,,,,,,,,,,,,,,,,,,,,,,,,,,0x60,,,,,,,,,,,,,,,,,,,,,,,,,,,,,,,,,,,,S:ARAI(AU;SAFA;DCLCRPCRSDWDWO;;;WD),,,,,,,,,C:\Windows\System32\adprep\sch30.ldf,,Security,File,,,,,,,,,,,,,,,,,,,,0x410,C:\Windows\System32\poqexec.exe,,,,,,,,,,,,,,,,,,,,,,,,,,,WORKGROUP,0x3e7,,DC01$,S-1-5-18,,,,,,,,,,,,,,,,,,,,,,,,,,,,,
2025-08-13T11:00:55.348499Z,4907,DC01,Microsoft-Windows-Security-Auditing,Security,1078,0,,,,,,,,,,,,,,,,,,,,,,,,,,,,,,,,,,,,,,,,,,,,,,,0x60,,,,,,,,,,,,,,,,,,,,,,,,,,,,,,,,,,,,S:ARAI(AU;SAFA;DCLCRPCRSDWDWO;;;WD),,,,,,,,,C:\Windows\System32\adprep\sch31.ldf,,Security,File,,,,,,,,,,,,,,,,,,,,0x410,C:\Windows\System32\poqexec.exe,,,,,,,,,,,,,,,,,,,,,,,,,,,WORKGROUP,0x3e7,,DC01$,S-1-5-18,,,,,,,,,,,,,,,,,,,,,,,,,,,,,
2025-08-13T11:00:55.348837Z,4907,DC01,Microsoft-Windows-Security-Auditing,Security,1079,0,,,,,,,,,,,,,,,,,,,,,,,,,,,,,,,,,,,,,,,,,,,,,,,0x60,,,,,,,,,,,,,,,,,,,,,,,,,,,,,,,,,,,,S:ARAI(AU;SAFA;DCLCRPCRSDWDWO;;;WD),,,,,,,,,C:\Windows\System32\adprep\sch32.ldf,,Security,File,,,,,,,,,,,,,,,,,,,,0x410,C:\Windows\System32\poqexec.exe,,,,,,,,,,,,,,,,,,,,,,,,,,,WORKGROUP,0x3e7,,DC01$,S-1-5-18,,,,,,,,,,,,,,,,,,,,,,,,,,,,,
2025-08-13T11:00:55.349210Z,4907,DC01,Microsoft-Windows-Security-Auditing,Security,1080,0,,,,,,,,,,,,,,,,,,,,,,,,,,,,,,,,,,,,,,,,,,,,,,,0x60,,,,,,,,,,,,,,,,,,,,,,,,,,,,,,,,,,,,S:ARAI(AU;SAFA;DCLCRPCRSDWDWO;;;WD),,,,,,,,,C:\Windows\System32\adprep\sch33.ldf,,Security,File,,,,,,,,,,,,,,,,,,,,0x410,C:\Windows\System32\poqexec.exe,,,,,,,,,,,,,,,,,,,,,,,,,,,WORKGROUP,0x3e7,,DC01$,S-1-5-18,,,,,,,,,,,,,,,,,,,,,,,,,,,,,
2025-08-13T11:00:55.349534Z,4907,DC01,Microsoft-Windows-Security-Auditing,Security,1081,0,,,,,,,,,,,,,,,,,,,,,,,,,,,,,,,,,,,,,,,,,,,,,,,0x60,,,,,,,,,,,,,,,,,,,,,,,,,,,,,,,,,,,,S:ARAI(AU;SAFA;DCLCRPCRSDWDWO;;;WD),,,,,,,,,C:\Windows\System32\adprep\sch34.ldf,,Security,File,,,,,,,,,,,,,,,,,,,,0x410,C:\Windows\System32\poqexec.exe,,,,,,,,,,,,,,,,,,,,,,,,,,,WORKGROUP,0x3e7,,DC01$,S-1-5-18,,,,,,,,,,,,,,,,,,,,,,,,,,,,,
2025-08-13T11:00:55.350358Z,4907,DC01,Microsoft-Windows-Security-Auditing,Security,1082,0,,,,,,,,,,,,,,,,,,,,,,,,,,,,,,,,,,,,,,,,,,,,,,,0x74,,,,,,,,,,,,,,,,,,,,,,,,,,,,,,,,,,,,S:ARAI(AU;SAFA;DCLCRPCRSDWDWO;;;WD),,,,,,,,,C:\Windows\System32\adprep\sch35.ldf,,Security,File,,,,,,,,,,,,,,,,,,,,0x410,C:\Windows\System32\poqexec.exe,,,,,,,,,,,,,,,,,,,,,,,,,,,WORKGROUP,0x3e7,,DC01$,S-1-5-18,,,,,,,,,,,,,,,,,,,,,,,,,,,,,
2025-08-13T11:00:55.350667Z,4907,DC01,Microsoft-Windows-Security-Auditing,Security,1083,0,,,,,,,,,,,,,,,,,,,,,,,,,,,,,,,,,,,,,,,,,,,,,,,0x74,,,,,,,,,,,,,,,,,,,,,,,,,,,,,,,,,,,,S:ARAI(AU;SAFA;DCLCRPCRSDWDWO;;;WD),,,,,,,,,C:\Windows\System32\adprep\sch36.ldf,,Security,File,,,,,,,,,,,,,,,,,,,,0x410,C:\Windows\System32\poqexec.exe,,,,,,,,,,,,,,,,,,,,,,,,,,,WORKGROUP,0x3e7,,DC01$,S-1-5-18,,,,,,,,,,,,,,,,,,,,,,,,,,,,,
2025-08-13T11:00:55.350977Z,4907,DC01,Microsoft-Windows-Security-Auditing,Security,1084,0,,,,,,,,,,,,,,,,,,,,,,,,,,,,,,,,,,,,,,,,,,,,,,,0x74,,,,,,,,,,,,,,,,,,,,,,,,,,,,,,,,,,,,S:ARAI(AU;SAFA;DCLCRPCRSDWDWO;;;WD),,,,,,,,,C:\Windows\System32\adprep\sch37.ldf,,Security,File,,,,,,,,,,,,,,,,,,,,0x410,C:\Windows\System32\poqexec.exe,,,,,,,,,,,,,,,,,,,,,,,,,,,WORKGROUP,0x3e7,,DC01$,S-1-5-18,,,,,,,,,,,,,,,,,,,,,,,,,,,,,
2025-08-13T11:00:55.351847Z,4907,DC01,Microsoft-Windows-Security-Auditing,Security,1085,0,,,,,,,,,,,,,,,,,,,,,,,,,,,,,,,,,,,,,,,,,,,,,,,0x74,,,,,,,,,,,,,,,,,,,,,,,,,,,,,,,,,,,,S:ARAI(AU;SAFA;DCLCRPCRSDWDWO;;;WD),,,,,,,,,C:\Windows\System32\adprep\sch38.ldf,,Security,File,,,,,,,,,,,,,,,,,,,,0x410,C:\Windows\System32\poqexec.exe,,,,,,,,,,,,,,,,,,,,,,,,,,,WORKGROUP,0x3e7,,DC01$,S-1-5-18,,,,,,,,,,,,,,,,,,,,,,,,,,,,,
2025-08-13T11:00:55.352158Z,4907,DC01,Microsoft-Windows-Security-Auditing,Security,1086,0,,,,,,,,,,,,,,,,,,,,,,,,,,,,,,,,,,,,,,,,,,,,,,,0x74,,,,,,,,,,,,,,,,,,,,,,,,,,,,,,,,,,,,S:ARAI(AU;SAFA;DCLCRPCRSDWDWO;;;WD),,,,,,,,,C:\Windows\System32\adprep\sch39.ldf,,Security,File,,,,,,,,,,,,,,,,,,,,0x410,C:\Windows\System32\poqexec.exe,,,,,,,,,,,,,,,,,,,,,,,,,,,WORKGROUP,0x3e7,,DC01$,S-1-5-18,,,,,,,,,,,,,,,,,,,,,,,,,,,,,
2025-08-13T11:00:55.352603Z,4907,DC01,Microsoft-Windows-Security-Auditing,Security,1087,0,,,,,,,,,,,,,,,,,,,,,,,,,,,,,,,,,,,,,,,,,,,,,,,0x74,,,,,,,,,,,,,,,,,,,,,,,,,,,,,,,,,,,,S:ARAI(AU;SAFA;DCLCRPCRSDWDWO;;;WD),,,,,,,,,C:\Windows\System32\adprep\sch40.ldf,,Security,File,,,,,,,,,,,,,,,,,,,,0x410,C:\Windows\System32\poqexec.exe,,,,,,,,,,,,,,,,,,,,,,,,,,,WORKGROUP,0x3e7,,DC01$,S-1-5-18,,,,,,,,,,,,,,,,,,,,,,,,,,,,,
2025-08-13T11:00:55.353190Z,4907,DC01,Microsoft-Windows-Security-Auditing,Security,1088,0,,,,,,,,,,,,,,,,,,,,,,,,,,,,,,,,,,,,,,,,,,,,,,,0x74,,,,,,,,,,,,,,,,,,,,,,,,,,,,,,,,,,,,S:ARAI(AU;SAFA;DCLCRPCRSDWDWO;;;WD),,,,,,,,,C:\Windows\System32\adprep\sch41.ldf,,Security,File,,,,,,,,,,,,,,,,,,,,0x410,C:\Windows\System32\poqexec.exe,,,,,,,,,,,,,,,,,,,,,,,,,,,WORKGROUP,0x3e7,,DC01$,S-1-5-18,,,,,,,,,,,,,,,,,,,,,,,,,,,,,
2025-08-13T11:00:55.353545Z,4907,DC01,Microsoft-Windows-Security-Auditing,Security,1089,0,,,,,,,,,,,,,,,,,,,,,,,,,,,,,,,,,,,,,,,,,,,,,,,0x74,,,,,,,,,,,,,,,,,,,,,,,,,,,,,,,,,,,,S:ARAI(AU;SAFA;DCLCRPCRSDWDWO;;;WD),,,,,,,,,C:\Windows\System32\adprep\sch42.ldf,,Security,File,,,,,,,,,,,,,,,,,,,,0x410,C:\Windows\System32\poqexec.exe,,,,,,,,,,,,,,,,,,,,,,,,,,,WORKGROUP,0x3e7,,DC01$,S-1-5-18,,,,,,,,,,,,,,,,,,,,,,,,,,,,,
2025-08-13T11:00:55.353886Z,4907,DC01,Microsoft-Windows-Security-Auditing,Security,1090,0,,,,,,,,,,,,,,,,,,,,,,,,,,,,,,,,,,,,,,,,,,,,,,,0x74,,,,,,,,,,,,,,,,,,,,,,,,,,,,,,,,,,,,S:ARAI(AU;SAFA;DCLCRPCRSDWDWO;;;WD),,,,,,,,,C:\Windows\System32\adprep\sch43.ldf,,Security,File,,,,,,,,,,,,,,,,,,,,0x410,C:\Windows\System32\poqexec.exe,,,,,,,,,,,,,,,,,,,,,,,,,,,WORKGROUP,0x3e7,,DC01$,S-1-5-18,,,,,,,,,,,,,,,,,,,,,,,,,,,,,
2025-08-13T11:00:55.354503Z,4907,DC01,Microsoft-Windows-Security-Auditing,Security,1091,0,,,,,,,,,,,,,,,,,,,,,,,,,,,,,,,,,,,,,,,,,,,,,,,0x74,,,,,,,,,,,,,,,,,,,,,,,,,,,,,,,,,,,,S:ARAI(AU;SAFA;DCLCRPCRSDWDWO;;;WD),,,,,,,,,C:\Windows\System32\adprep\sch44.ldf,,Security,File,,,,,,,,,,,,,,,,,,,,0x410,C:\Windows\System32\poqexec.exe,,,,,,,,,,,,,,,,,,,,,,,,,,,WORKGROUP,0x3e7,,DC01$,S-1-5-18,,,,,,,,,,,,,,,,,,,,,,,,,,,,,
2025-08-13T11:00:55.354873Z,4907,DC01,Microsoft-Windows-Security-Auditing,Security,1092,0,,,,,,,,,,,,,,,,,,,,,,,,,,,,,,,,,,,,,,,,,,,,,,,0x74,,,,,,,,,,,,,,,,,,,,,,,,,,,,,,,,,,,,S:ARAI(AU;SAFA;DCLCRPCRSDWDWO;;;WD),,,,,,,,,C:\Windows\System32\adprep\sch45.ldf,,Security,File,,,,,,,,,,,,,,,,,,,,0x410,C:\Windows\System32\poqexec.exe,,,,,,,,,,,,,,,,,,,,,,,,,,,WORKGROUP,0x3e7,,DC01$,S-1-5-18,,,,,,,,,,,,,,,,,,,,,,,,,,,,,
2025-08-13T11:00:55.355648Z,4907,DC01,Microsoft-Windows-Security-Auditing,Security,1093,0,,,,,,,,,,,,,,,,,,,,,,,,,,,,,,,,,,,,,,,,,,,,,,,0x74,,,,,,,,,,,,,,,,,,,,,,,,,,,,,,,,,,,,S:ARAI(AU;SAFA;DCLCRPCRSDWDWO;;;WD),,,,,,,,,C:\Windows\System32\adprep\sch46.ldf,,Security,File,,,,,,,,,,,,,,,,,,,,0x410,C:\Windows\System32\poqexec.exe,,,,,,,,,,,,,,,,,,,,,,,,,,,WORKGROUP,0x3e7,,DC01$,S-1-5-18,,,,,,,,,,,,,,,,,,,,,,,,,,,,,
2025-08-13T11:00:55.356372Z,4907,DC01,Microsoft-Windows-Security-Auditing,Security,1094,0,,,,,,,,,,,,,,,,,,,,,,,,,,,,,,,,,,,,,,,,,,,,,,,0x74,,,,,,,,,,,,,,,,,,,,,,,,,,,,,,,,,,,,S:ARAI(AU;SAFA;DCLCRPCRSDWDWO;;;WD),,,,,,,,,C:\Windows\System32\adprep\sch47.ldf,,Security,File,,,,,,,,,,,,,,,,,,,,0x410,C:\Windows\System32\poqexec.exe,,,,,,,,,,,,,,,,,,,,,,,,,,,WORKGROUP,0x3e7,,DC01$,S-1-5-18,,,,,,,,,,,,,,,,,,,,,,,,,,,,,
2025-08-13T11:00:55.356679Z,4907,DC01,Microsoft-Windows-Security-Auditing,Security,1095,0,,,,,,,,,,,,,,,,,,,,,,,,,,,,,,,,,,,,,,,,,,,,,,,0x74,,,,,,,,,,,,,,,,,,,,,,,,,,,,,,,,,,,,S:ARAI(AU;SAFA;DCLCRPCRSDWDWO;;;WD),,,,,,,,,C:\Windows\System32\adprep\sch48.ldf,,Security,File,,,,,,,,,,,,,,,,,,,,0x410,C:\Windows\System32\poqexec.exe,,,,,,,,,,,,,,,,,,,,,,,,,,,WORKGROUP,0x3e7,,DC01$,S-1-5-18,,,,,,,,,,,,,,,,,,,,,,,,,,,,,
2025-08-13T11:00:55.356972Z,4907,DC01,Microsoft-Windows-Security-Auditing,Security,1096,0,,,,,,,,,,,,,,,,,,,,,,,,,,,,,,,,,,,,,,,,,,,,,,,0x74,,,,,,,,,,,,,,,,,,,,,,,,,,,,,,,,,,,,S:ARAI(AU;SAFA;DCLCRPCRSDWDWO;;;WD),,,,,,,,,C:\Windows\System32\adprep\sch49.ldf,,Security,File,,,,,,,,,,,,,,,,,,,,0x410,C:\Windows\System32\poqexec.exe,,,,,,,,,,,,,,,,,,,,,,,,,,,WORKGROUP,0x3e7,,DC01$,S-1-5-18,,,,,,,,,,,,,,,,,,,,,,,,,,,,,
2025-08-13T11:00:55.357281Z,4907,DC01,Microsoft-Windows-Security-Auditing,Security,1097,0,,,,,,,,,,,,,,,,,,,,,,,,,,,,,,,,,,,,,,,,,,,,,,,0x74,,,,,,,,,,,,,,,,,,,,,,,,,,,,,,,,,,,,S:ARAI(AU;SAFA;DCLCRPCRSDWDWO;;;WD),,,,,,,,,C:\Windows\System32\adprep\sch50.ldf,,Security,File,,,,,,,,,,,,,,,,,,,,0x410,C:\Windows\System32\poqexec.exe,,,,,,,,,,,,,,,,,,,,,,,,,,,WORKGROUP,0x3e7,,DC01$,S-1-5-18,,,,,,,,,,,,,,,,,,,,,,,,,,,,,
2025-08-13T11:00:55.357615Z,4907,DC01,Microsoft-Windows-Security-Auditing,Security,1098,0,,,,,,,,,,,,,,,,,,,,,,,,,,,,,,,,,,,,,,,,,,,,,,,0x74,,,,,,,,,,,,,,,,,,,,,,,,,,,,,,,,,,,,S:ARAI(AU;SAFA;DCLCRPCRSDWDWO;;;WD),,,,,,,,,C:\Windows\System32\adprep\sch51.ldf,,Security,File,,,,,,,,,,,,,,,,,,,,0x410,C:\Windows\System32\poqexec.exe,,,,,,,,,,,,,,,,,,,,,,,,,,,WORKGROUP,0x3e7,,DC01$,S-1-5-18,,,,,,,,,,,,,,,,,,,,,,,,,,,,,
2025-08-13T11:00:55.357968Z,4907,DC01,Microsoft-Windows-Security-Auditing,Security,1099,0,,,,,,,,,,,,,,,,,,,,,,,,,,,,,,,,,,,,,,,,,,,,,,,0x74,,,,,,,,,,,,,,,,,,,,,,,,,,,,,,,,,,,,S:ARAI(AU;SAFA;DCLCRPCRSDWDWO;;;WD),,,,,,,,,C:\Windows\System32\adprep\sch52.ldf,,Security,File,,,,,,,,,,,,,,,,,,,,0x410,C:\Windows\System32\poqexec.exe,,,,,,,,,,,,,,,,,,,,,,,,,,,WORKGROUP,0x3e7,,DC01$,S-1-5-18,,,,,,,,,,,,,,,,,,,,,,,,,,,,,
2025-08-13T11:00:55.358580Z,4907,DC01,Microsoft-Windows-Security-Auditing,Security,1100,0,,,,,,,,,,,,,,,,,,,,,,,,,,,,,,,,,,,,,,,,,,,,,,,0x74,,,,,,,,,,,,,,,,,,,,,,,,,,,,,,,,,,,,S:ARAI(AU;SAFA;DCLCRPCRSDWDWO;;;WD),,,,,,,,,C:\Windows\System32\adprep\sch53.ldf,,Security,File,,,,,,,,,,,,,,,,,,,,0x410,C:\Windows\System32\poqexec.exe,,,,,,,,,,,,,,,,,,,,,,,,,,,WORKGROUP,0x3e7,,DC01$,S-1-5-18,,,,,,,,,,,,,,,,,,,,,,,,,,,,,
2025-08-13T11:00:55.359296Z,4907,DC01,Microsoft-Windows-Security-Auditing,Security,1101,0,,,,,,,,,,,,,,,,,,,,,,,,,,,,,,,,,,,,,,,,,,,,,,,0x74,,,,,,,,,,,,,,,,,,,,,,,,,,,,,,,,,,,,S:ARAI(AU;SAFA;DCLCRPCRSDWDWO;;;WD),,,,,,,,,C:\Windows\System32\adprep\sch54.ldf,,Security,File,,,,,,,,,,,,,,,,,,,,0x410,C:\Windows\System32\poqexec.exe,,,,,,,,,,,,,,,,,,,,,,,,,,,WORKGROUP,0x3e7,,DC01$,S-1-5-18,,,,,,,,,,,,,,,,,,,,,,,,,,,,,
2025-08-13T11:00:55.360127Z,4907,DC01,Microsoft-Windows-Security-Auditing,Security,1102,0,,,,,,,,,,,,,,,,,,,,,,,,,,,,,,,,,,,,,,,,,,,,,,,0x74,,,,,,,,,,,,,,,,,,,,,,,,,,,,,,,,,,,,S:ARAI(AU;SAFA;DCLCRPCRSDWDWO;;;WD),,,,,,,,,C:\Windows\System32\adprep\sch55.ldf,,Security,File,,,,,,,,,,,,,,,,,,,,0x410,C:\Windows\System32\poqexec.exe,,,,,,,,,,,,,,,,,,,,,,,,,,,WORKGROUP,0x3e7,,DC01$,S-1-5-18,,,,,,,,,,,,,,,,,,,,,,,,,,,,,
2025-08-13T11:00:55.360831Z,4907,DC01,Microsoft-Windows-Security-Auditing,Security,1103,0,,,,,,,,,,,,,,,,,,,,,,,,,,,,,,,,,,,,,,,,,,,,,,,0x74,,,,,,,,,,,,,,,,,,,,,,,,,,,,,,,,,,,,S:ARAI(AU;SAFA;DCLCRPCRSDWDWO;;;WD),,,,,,,,,C:\Windows\System32\adprep\sch56.ldf,,Security,File,,,,,,,,,,,,,,,,,,,,0x410,C:\Windows\System32\poqexec.exe,,,,,,,,,,,,,,,,,,,,,,,,,,,WORKGROUP,0x3e7,,DC01$,S-1-5-18,,,,,,,,,,,,,,,,,,,,,,,,,,,,,
2025-08-13T11:00:55.361244Z,4907,DC01,Microsoft-Windows-Security-Auditing,Security,1104,0,,,,,,,,,,,,,,,,,,,,,,,,,,,,,,,,,,,,,,,,,,,,,,,0x74,,,,,,,,,,,,,,,,,,,,,,,,,,,,,,,,,,,,S:ARAI(AU;SAFA;DCLCRPCRSDWDWO;;;WD),,,,,,,,,C:\Windows\System32\adprep\sch57.ldf,,Security,File,,,,,,,,,,,,,,,,,,,,0x410,C:\Windows\System32\poqexec.exe,,,,,,,,,,,,,,,,,,,,,,,,,,,WORKGROUP,0x3e7,,DC01$,S-1-5-18,,,,,,,,,,,,,,,,,,,,,,,,,,,,,
2025-08-13T11:00:55.361860Z,4907,DC01,Microsoft-Windows-Security-Auditing,Security,1105,0,,,,,,,,,,,,,,,,,,,,,,,,,,,,,,,,,,,,,,,,,,,,,,,0x74,,,,,,,,,,,,,,,,,,,,,,,,,,,,,,,,,,,,S:ARAI(AU;SAFA;DCLCRPCRSDWDWO;;;WD),,,,,,,,,C:\Windows\System32\adprep\sch58.ldf,,Security,File,,,,,,,,,,,,,,,,,,,,0x410,C:\Windows\System32\poqexec.exe,,,,,,,,,,,,,,,,,,,,,,,,,,,WORKGROUP,0x3e7,,DC01$,S-1-5-18,,,,,,,,,,,,,,,,,,,,,,,,,,,,,
2025-08-13T11:00:55.362309Z,4907,DC01,Microsoft-Windows-Security-Auditing,Security,1106,0,,,,,,,,,,,,,,,,,,,,,,,,,,,,,,,,,,,,,,,,,,,,,,,0x74,,,,,,,,,,,,,,,,,,,,,,,,,,,,,,,,,,,,S:ARAI(AU;SAFA;DCLCRPCRSDWDWO;;;WD),,,,,,,,,C:\Windows\System32\adprep\sch59.ldf,,Security,File,,,,,,,,,,,,,,,,,,,,0x410,C:\Windows\System32\poqexec.exe,,,,,,,,,,,,,,,,,,,,,,,,,,,WORKGROUP,0x3e7,,DC01$,S-1-5-18,,,,,,,,,,,,,,,,,,,,,,,,,,,,,
2025-08-13T11:00:55.362623Z,4907,DC01,Microsoft-Windows-Security-Auditing,Security,1107,0,,,,,,,,,,,,,,,,,,,,,,,,,,,,,,,,,,,,,,,,,,,,,,,0x74,,,,,,,,,,,,,,,,,,,,,,,,,,,,,,,,,,,,S:ARAI(AU;SAFA;DCLCRPCRSDWDWO;;;WD),,,,,,,,,C:\Windows\System32\adprep\sch60.ldf,,Security,File,,,,,,,,,,,,,,,,,,,,0x410,C:\Windows\System32\poqexec.exe,,,,,,,,,,,,,,,,,,,,,,,,,,,WORKGROUP,0x3e7,,DC01$,S-1-5-18,,,,,,,,,,,,,,,,,,,,,,,,,,,,,
2025-08-13T11:00:55.363299Z,4907,DC01,Microsoft-Windows-Security-Auditing,Security,1108,0,,,,,,,,,,,,,,,,,,,,,,,,,,,,,,,,,,,,,,,,,,,,,,,0x74,,,,,,,,,,,,,,,,,,,,,,,,,,,,,,,,,,,,S:ARAI(AU;SAFA;DCLCRPCRSDWDWO;;;WD),,,,,,,,,C:\Windows\System32\adprep\sch61.ldf,,Security,File,,,,,,,,,,,,,,,,,,,,0x410,C:\Windows\System32\poqexec.exe,,,,,,,,,,,,,,,,,,,,,,,,,,,WORKGROUP,0x3e7,,DC01$,S-1-5-18,,,,,,,,,,,,,,,,,,,,,,,,,,,,,
2025-08-13T11:00:55.363929Z,4907,DC01,Microsoft-Windows-Security-Auditing,Security,1109,0,,,,,,,,,,,,,,,,,,,,,,,,,,,,,,,,,,,,,,,,,,,,,,,0x74,,,,,,,,,,,,,,,,,,,,,,,,,,,,,,,,,,,,S:ARAI(AU;SAFA;DCLCRPCRSDWDWO;;;WD),,,,,,,,,C:\Windows\System32\adprep\sch62.ldf,,Security,File,,,,,,,,,,,,,,,,,,,,0x410,C:\Windows\System32\poqexec.exe,,,,,,,,,,,,,,,,,,,,,,,,,,,WORKGROUP,0x3e7,,DC01$,S-1-5-18,,,,,,,,,,,,,,,,,,,,,,,,,,,,,
2025-08-13T11:00:55.364628Z,4907,DC01,Microsoft-Windows-Security-Auditing,Security,1110,0,,,,,,,,,,,,,,,,,,,,,,,,,,,,,,,,,,,,,,,,,,,,,,,0x74,,,,,,,,,,,,,,,,,,,,,,,,,,,,,,,,,,,,S:ARAI(AU;SAFA;DCLCRPCRSDWDWO;;;WD),,,,,,,,,C:\Windows\System32\adprep\sch63.ldf,,Security,File,,,,,,,,,,,,,,,,,,,,0x410,C:\Windows\System32\poqexec.exe,,,,,,,,,,,,,,,,,,,,,,,,,,,WORKGROUP,0x3e7,,DC01$,S-1-5-18,,,,,,,,,,,,,,,,,,,,,,,,,,,,,
2025-08-13T11:00:55.365260Z,4907,DC01,Microsoft-Windows-Security-Auditing,Security,1111,0,,,,,,,,,,,,,,,,,,,,,,,,,,,,,,,,,,,,,,,,,,,,,,,0x74,,,,,,,,,,,,,,,,,,,,,,,,,,,,,,,,,,,,S:ARAI(AU;SAFA;DCLCRPCRSDWDWO;;;WD),,,,,,,,,C:\Windows\System32\adprep\sch64.ldf,,Security,File,,,,,,,,,,,,,,,,,,,,0x410,C:\Windows\System32\poqexec.exe,,,,,,,,,,,,,,,,,,,,,,,,,,,WORKGROUP,0x3e7,,DC01$,S-1-5-18,,,,,,,,,,,,,,,,,,,,,,,,,,,,,
2025-08-13T11:00:55.365676Z,4907,DC01,Microsoft-Windows-Security-Auditing,Security,1112,0,,,,,,,,,,,,,,,,,,,,,,,,,,,,,,,,,,,,,,,,,,,,,,,0x78,,,,,,,,,,,,,,,,,,,,,,,,,,,,,,,,,,,,S:ARAI(AU;SAFA;DCLCRPCRSDWDWO;;;WD),,,,,,,,,C:\Windows\System32\adprep\sch65.ldf,,Security,File,,,,,,,,,,,,,,,,,,,,0x410,C:\Windows\System32\poqexec.exe,,,,,,,,,,,,,,,,,,,,,,,,,,,WORKGROUP,0x3e7,,DC01$,S-1-5-18,,,,,,,,,,,,,,,,,,,,,,,,,,,,,
2025-08-13T11:00:55.366484Z,4907,DC01,Microsoft-Windows-Security-Auditing,Security,1113,0,,,,,,,,,,,,,,,,,,,,,,,,,,,,,,,,,,,,,,,,,,,,,,,0x78,,,,,,,,,,,,,,,,,,,,,,,,,,,,,,,,,,,,S:ARAI(AU;SAFA;DCLCRPCRSDWDWO;;;WD),,,,,,,,,C:\Windows\System32\adprep\sch66.ldf,,Security,File,,,,,,,,,,,,,,,,,,,,0x410,C:\Windows\System32\poqexec.exe,,,,,,,,,,,,,,,,,,,,,,,,,,,WORKGROUP,0x3e7,,DC01$,S-1-5-18,,,,,,,,,,,,,,,,,,,,,,,,,,,,,
2025-08-13T11:00:55.367267Z,4907,DC01,Microsoft-Windows-Security-Auditing,Security,1114,0,,,,,,,,,,,,,,,,,,,,,,,,,,,,,,,,,,,,,,,,,,,,,,,0x74,,,,,,,,,,,,,,,,,,,,,,,,,,,,,,,,,,,,S:ARAI(AU;SAFA;DCLCRPCRSDWDWO;;;WD),,,,,,,,,C:\Windows\System32\adprep\sch67.ldf,,Security,File,,,,,,,,,,,,,,,,,,,,0x410,C:\Windows\System32\poqexec.exe,,,,,,,,,,,,,,,,,,,,,,,,,,,WORKGROUP,0x3e7,,DC01$,S-1-5-18,,,,,,,,,,,,,,,,,,,,,,,,,,,,,
2025-08-13T11:00:55.367633Z,4907,DC01,Microsoft-Windows-Security-Auditing,Security,1115,0,,,,,,,,,,,,,,,,,,,,,,,,,,,,,,,,,,,,,,,,,,,,,,,0x74,,,,,,,,,,,,,,,,,,,,,,,,,,,,,,,,,,,,S:ARAI(AU;SAFA;DCLCRPCRSDWDWO;;;WD),,,,,,,,,C:\Windows\System32\adprep\sch68.ldf,,Security,File,,,,,,,,,,,,,,,,,,,,0x410,C:\Windows\System32\poqexec.exe,,,,,,,,,,,,,,,,,,,,,,,,,,,WORKGROUP,0x3e7,,DC01$,S-1-5-18,,,,,,,,,,,,,,,,,,,,,,,,,,,,,
2025-08-13T11:00:55.368340Z,4907,DC01,Microsoft-Windows-Security-Auditing,Security,1116,0,,,,,,,,,,,,,,,,,,,,,,,,,,,,,,,,,,,,,,,,,,,,,,,0x74,,,,,,,,,,,,,,,,,,,,,,,,,,,,,,,,,,,,S:ARAI(AU;SAFA;DCLCRPCRSDWDWO;;;WD),,,,,,,,,C:\Windows\System32\adprep\sch69.ldf,,Security,File,,,,,,,,,,,,,,,,,,,,0x410,C:\Windows\System32\poqexec.exe,,,,,,,,,,,,,,,,,,,,,,,,,,,WORKGROUP,0x3e7,,DC01$,S-1-5-18,,,,,,,,,,,,,,,,,,,,,,,,,,,,,
