2025-08-17T10:52:22.571635Z,5061,DC01.garfield.htb,Microsoft-Windows-Security-Auditing,Security,3502,0,,,,,,,,,ECDSA_P256,,,,,,,,,,,,,,,,,,,,,,,,,,,,,,,,,,,,,,,,,,,,,,,,,,,,Microsoft Connected Devices Platform device certificate,%%2500,,,,,,,,,,,,,,,,,,,,,,,,,,,,,,,,,,,,,,,%%2480,,,,,,,,,,,,,,,,,,Microsoft Software Key Storage Provider,,,,,,,,0x0,,,,,,,,,,,,,,,,NT AUTHORITY,0x3e5,,LOCAL SERVICE,S-1-5-19,,,,,,,,,,,,,,,,,,,,,,,,,,,,,
2025-08-17T10:52:22.571854Z,5059,DC01.garfield.htb,Microsoft-Windows-Security-Auditing,Security,3503,0,,,,,,,,,ECDSA_P256,,,,,,,,,,,,,,,2025-08-17T10:52:22.539687Z,6088,,,,,,,,,,,,,,,,,,,,,,,,,,,,,,,,,,,,Microsoft Connected Devices Platform device certificate,%%2500,,,,,,,,,,,,,,,,,,,,,,,,,,,,,,,,,,,,,,,%%2464,,,,,,,,,,,,,,,,,,Microsoft Software Key Storage Provider,,,,,,,,0x0,,,,,,,,,,,,,,,,NT AUTHORITY,0x3e5,,LOCAL SERVICE,S-1-5-19,,,,,,,,,,,,,,,,,,,,,,,,,,,,,
2025-08-17T10:52:22.641699Z,4624,DC01.garfield.htb,Microsoft-Windows-Security-Auditing,Security,3504,0,,,,,,,,,,,,,,,,,Negotiate,,,,,,,,,,,,,,,,,,,,,,,,%%1842,,,,,,,,,,,,,%%1833,-,-,,,,0,,,-,,,,,00000000-0000-0000-0000-000000000000,,Advapi  ,5,,,,,,,,,,,,,,,,,,,,,,,,,,,,,,,,,,,,,,,,,,,,0x2f0,C:\Windows\System32\services.exe,,,,,,,,,,-,,,,,,,,,,,,,,,,,GARFIELD,0x3e7,,DC01$,S-1-5-18,NT AUTHORITY,,0x0,,0x3e7,,-,-,,,,,SYSTEM,S-1-5-18,,,,,-,,,,,,%%1843,,,-,
2025-08-17T10:52:22.641704Z,4672,DC01.garfield.htb,Microsoft-Windows-Security-Auditing,Security,3505,0,,,,,,,,,,,,,,,,,,,,,,,,,,,,,,,,,,,,,,,,,,,,,,,,,,,,,,,,,,,,,,,,,,,,,,,,,,,,,,,,,,,,,,,,,,,,,,,,,,,,,,,,,,,,,,,,,"SeAssignPrimaryTokenPrivilege
			SeTcbPrivilege
			SeSecurityPrivilege
			SeTakeOwnershipPrivilege
			SeLoadDriverPrivilege
			SeBackupPrivilege
			SeRestorePrivilege
			SeDebugPrivilege
			SeAuditPrivilege
			SeSystemEnvironmentPrivilege
			SeImpersonatePrivilege
			SeDelegateSessionUserImpersonatePrivilege",,,,,,,,,,,,,,,,,,,,,,,,,,,,,,NT AUTHORITY,0x3e7,,SYSTEM,S-1-5-18,,,,,,,,,,,,,,,,,,,,,,,,,,,,,
2025-08-17T10:52:25.937076Z,5379,DC01.garfield.htb,Microsoft-Windows-Security-Auditing,Security,3506,0,,,,,,,,,,,,,,,,,,,,,,,,,5736,,,,0,,,,,,,,,,,,,,,,,,,,,,,,,,,,,,,,,,,,,,,,,,,,,,,,,,,,,,,,,,,,,,,,,,,,,,,,,,,,,,,,,,,,,2025-08-17T10:52:24.178863Z,,,,,,,,%%8100,,,,,3221226021,,,,,,,,,,,,,,,,GARFIELD,0x48e53,,Administrator,S-1-5-21-2502726253-3859040611-225969357-500,,,,,,ServerManager*,,,,,,,,,,,,,,0,,,,,,,,,
2025-08-17T10:52:26.353107Z,4624,DC01.garfield.htb,Microsoft-Windows-Security-Auditing,Security,3507,0,,,,,,,,,,,,,,,,,Negotiate,,,,,,,,,,,,,,,,,,,,,,,,%%1842,,,,,,,,,,,,,%%1833,-,-,,,,0,,,-,,,,,00000000-0000-0000-0000-000000000000,,Advapi  ,5,,,,,,,,,,,,,,,,,,,,,,,,,,,,,,,,,,,,,,,,,,,,0x2f0,C:\Windows\System32\services.exe,,,,,,,,,,-,,,,,,,,,,,,,,,,,GARFIELD,0x3e7,,DC01$,S-1-5-18,NT AUTHORITY,,0x0,,0x3e7,,-,-,,,,,SYSTEM,S-1-5-18,,,,,-,,,,,,%%1843,,,-,
2025-08-17T10:52:26.353112Z,4672,DC01.garfield.htb,Microsoft-Windows-Security-Auditing,Security,3508,0,,,,,,,,,,,,,,,,,,,,,,,,,,,,,,,,,,,,,,,,,,,,,,,,,,,,,,,,,,,,,,,,,,,,,,,,,,,,,,,,,,,,,,,,,,,,,,,,,,,,,,,,,,,,,,,,,"SeAssignPrimaryTokenPrivilege
			SeTcbPrivilege
			SeSecurityPrivilege
			SeTakeOwnershipPrivilege
			SeLoadDriverPrivilege
			SeBackupPrivilege
			SeRestorePrivilege
			SeDebugPrivilege
			SeAuditPrivilege
			SeSystemEnvironmentPrivilege
			SeImpersonatePrivilege
			SeDelegateSessionUserImpersonatePrivilege",,,,,,,,,,,,,,,,,,,,,,,,,,,,,,NT AUTHORITY,0x3e7,,SYSTEM,S-1-5-18,,,,,,,,,,,,,,,,,,,,,,,,,,,,,
2025-08-17T10:52:33.576815Z,4624,DC01.garfield.htb,Microsoft-Windows-Security-Auditing,Security,3509,0,,,,,,,,,,,,,,,,,Negotiate,,,,,,,,,,,,,,,,,,,,,,,,%%1842,,,,,,,,,,,,,%%1833,-,-,,,,0,,,-,,,,,00000000-0000-0000-0000-000000000000,,Advapi  ,5,,,,,,,,,,,,,,,,,,,,,,,,,,,,,,,,,,,,,,,,,,,,0x2f0,C:\Windows\System32\services.exe,,,,,,,,,,-,,,,,,,,,,,,,,,,,GARFIELD,0x3e7,,DC01$,S-1-5-18,NT AUTHORITY,,0x0,,0x3e7,,-,-,,,,,SYSTEM,S-1-5-18,,,,,-,,,,,,%%1843,,,-,
2025-08-17T10:52:33.576821Z,4672,DC01.garfield.htb,Microsoft-Windows-Security-Auditing,Security,3510,0,,,,,,,,,,,,,,,,,,,,,,,,,,,,,,,,,,,,,,,,,,,,,,,,,,,,,,,,,,,,,,,,,,,,,,,,,,,,,,,,,,,,,,,,,,,,,,,,,,,,,,,,,,,,,,,,,"SeAssignPrimaryTokenPrivilege
			SeTcbPrivilege
			SeSecurityPrivilege
			SeTakeOwnershipPrivilege
			SeLoadDriverPrivilege
			SeBackupPrivilege
			SeRestorePrivilege
			SeDebugPrivilege
			SeAuditPrivilege
			SeSystemEnvironmentPrivilege
			SeImpersonatePrivilege
			SeDelegateSessionUserImpersonatePrivilege",,,,,,,,,,,,,,,,,,,,,,,,,,,,,,NT AUTHORITY,0x3e7,,SYSTEM,S-1-5-18,,,,,,,,,,,,,,,,,,,,,,,,,,,,,
2025-08-17T10:52:33.668579Z,4769,DC01.garfield.htb,Microsoft-Windows-Security-Auditing,Security,3511,0,,,,,,,,,,,,,,,,,,,,,,,,,,,,,,,,,,,,,,,,,,,,,,,,,,,,,,,::1,0,,,,,,,,,,,,3EC05D3D-9202-D4F8-309C-F43A7C45A337,,,,,,,,,,,,,,,,,,,,,,,,,,,,,,,,,,,,,,,,,,,,,,,,,,,,,,,,,,,,,,,,DC01$,,S-1-5-21-2502726253-3859040611-225969357-1000,,,,0x0,,,,,,,,,,GARFIELD.HTB,,,,,,,,,,,,DC01$@GARFIELD.HTB,,,0x12,0x40810000,,-,,,,,,,,,,
2025-08-17T10:52:33.675173Z,4672,DC01.garfield.htb,Microsoft-Windows-Security-Auditing,Security,3512,0,,,,,,,,,,,,,,,,,,,,,,,,,,,,,,,,,,,,,,,,,,,,,,,,,,,,,,,,,,,,,,,,,,,,,,,,,,,,,,,,,,,,,,,,,,,,,,,,,,,,,,,,,,,,,,,,,"SeSecurityPrivilege
			SeBackupPrivilege
			SeRestorePrivilege
			SeTakeOwnershipPrivilege
			SeDebugPrivilege
			SeSystemEnvironmentPrivilege
			SeLoadDriverPrivilege
			SeImpersonatePrivilege
			SeDelegateSessionUserImpersonatePrivilege
			SeEnableDelegationPrivilege",,,,,,,,,,,,,,,,,,,,,,,,,,,,,,GARFIELD,0x79585,,DC01$,S-1-5-18,,,,,,,,,,,,,,,,,,,,,,,,,,,,,
2025-08-17T10:52:33.675251Z,4624,DC01.garfield.htb,Microsoft-Windows-Security-Auditing,Security,3513,0,,,,,,,,,,,,,,,,,Kerberos,,,,,,,,,,,,,,,,,,,,,,,,%%1842,,,,,,,,,,,,,%%1840,::1,49915,,,,0,,,-,,,,,AFB98054-8B35-183D-3861-3897AFB1B9AF,,Kerberos,3,,,,,,,,,,,,,,,,,,,,,,,,,,,,,,,,,,,,,,,,,,,,0x0,-,,,,,,,,,,-,,,,,,,,,,,,,,,,,-,0x0,,-,S-1-0-0,GARFIELD.HTB,,0x0,,0x79585,,-,-,,,,,DC01$,S-1-5-18,,,,,-,,,,,,%%1843,,,-,
2025-08-17T10:52:33.708386Z,4672,DC01.garfield.htb,Microsoft-Windows-Security-Auditing,Security,3514,0,,,,,,,,,,,,,,,,,,,,,,,,,,,,,,,,,,,,,,,,,,,,,,,,,,,,,,,,,,,,,,,,,,,,,,,,,,,,,,,,,,,,,,,,,,,,,,,,,,,,,,,,,,,,,,,,,"SeSecurityPrivilege
			SeBackupPrivilege
			SeRestorePrivilege
			SeTakeOwnershipPrivilege
			SeDebugPrivilege
			SeSystemEnvironmentPrivilege
			SeLoadDriverPrivilege
			SeImpersonatePrivilege
			SeDelegateSessionUserImpersonatePrivilege
			SeEnableDelegationPrivilege",,,,,,,,,,,,,,,,,,,,,,,,,,,,,,GARFIELD,0x79b8d,,DC01$,S-1-5-18,,,,,,,,,,,,,,,,,,,,,,,,,,,,,
2025-08-17T10:52:33.708468Z,4624,DC01.garfield.htb,Microsoft-Windows-Security-Auditing,Security,3515,0,,,,,,,,,,,,,,,,,Kerberos,,,,,,,,,,,,,,,,,,,,,,,,%%1842,,,,,,,,,,,,,%%1840,::1,49916,,,,0,,,-,,,,,AFB98054-8B35-183D-3861-3897AFB1B9AF,,Kerberos,3,,,,,,,,,,,,,,,,,,,,,,,,,,,,,,,,,,,,,,,,,,,,0x0,-,,,,,,,,,,-,,,,,,,,,,,,,,,,,-,0x0,,-,S-1-0-0,GARFIELD.HTB,,0x0,,0x79b8d,,-,-,,,,,DC01$,S-1-5-18,,,,,-,,,,,,%%1843,,,-,
2025-08-17T10:52:33.710966Z,4634,DC01.garfield.htb,Microsoft-Windows-Security-Auditing,Security,3516,0,,,,,,,,,,,,,,,,,,,,,,,,,,,,,,,,,,,,,,,,,,,,,,,,,,,,,,,,,,,,,,,,,,,,,,,3,,,,,,,,,,,,,,,,,,,,,,,,,,,,,,,,,,,,,,,,,,,,,,,,,,,,,,,,,,,,,,,,,,,,,,,,,,,,,GARFIELD,,,,0x79b8d,,,,,,,,DC01$,S-1-5-18,,,,,,,,,,,,,,,
2025-08-17T10:52:33.712905Z,4799,DC01.garfield.htb,Microsoft-Windows-Security-Auditing,Security,3517,0,,,,,,,,,,,,,,,,,,0x1af8,C:\Windows\System32\svchost.exe,,,,,,,,,,,,,,,,,,,,,,,,,,,,,,,,,,,,,,,,,,,,,,,,,,,,,,,,,,,,,,,,,,,,,,,,,,,,,,,,,,,,,,,,,,,,,,,,,,,,,,,,,,,,,,,,,,,,,,,,,,,,GARFIELD,0x3e7,,DC01$,S-1-5-18,Builtin,,,,,,,,,,,S-1-5-32-544,Administrators,,,,,,,,,,,,,,,,
2025-08-17T10:52:33.713389Z,4799,DC01.garfield.htb,Microsoft-Windows-Security-Auditing,Security,3518,0,,,,,,,,,,,,,,,,,,0x1af8,C:\Windows\System32\svchost.exe,,,,,,,,,,,,,,,,,,,,,,,,,,,,,,,,,,,,,,,,,,,,,,,,,,,,,,,,,,,,,,,,,,,,,,,,,,,,,,,,,,,,,,,,,,,,,,,,,,,,,,,,,,,,,,,,,,,,,,,,,,,,GARFIELD,0x3e7,,DC01$,S-1-5-18,Builtin,,,,,,,,,,,S-1-5-32-551,Backup Operators,,,,,,,,,,,,,,,,
2025-08-17T10:52:33.791829Z,4624,DC01.garfield.htb,Microsoft-Windows-Security-Auditing,Security,3519,0,,,,,,,,,,,,,,,,,Negotiate,,,,,,,,,,,,,,,,,,,,,,,,%%1842,,,,,,,,,,,,,%%1833,-,-,,,,0,,,-,,,,,00000000-0000-0000-0000-000000000000,,Advapi  ,5,,,,,,,,,,,,,,,,,,,,,,,,,,,,,,,,,,,,,,,,,,,,0x2f0,C:\Windows\System32\services.exe,,,,,,,,,,-,,,,,,,,,,,,,,,,,GARFIELD,0x3e7,,DC01$,S-1-5-18,NT AUTHORITY,,0x0,,0x3e7,,-,-,,,,,SYSTEM,S-1-5-18,,,,,-,,,,,,%%1843,,,-,
2025-08-17T10:52:33.791833Z,4672,DC01.garfield.htb,Microsoft-Windows-Security-Auditing,Security,3520,0,,,,,,,,,,,,,,,,,,,,,,,,,,,,,,,,,,,,,,,,,,,,,,,,,,,,,,,,,,,,,,,,,,,,,,,,,,,,,,,,,,,,,,,,,,,,,,,,,,,,,,,,,,,,,,,,,"SeAssignPrimaryTokenPrivilege
			SeTcbPrivilege
			SeSecurityPrivilege
			SeTakeOwnershipPrivilege
			SeLoadDriverPrivilege
			SeBackupPrivilege
			SeRestorePrivilege
			SeDebugPrivilege
			SeAuditPrivilege
			SeSystemEnvironmentPrivilege
			SeImpersonatePrivilege
			SeDelegateSessionUserImpersonatePrivilege",,,,,,,,,,,,,,,,,,,,,,,,,,,,,,NT AUTHORITY,0x3e7,,SYSTEM,S-1-5-18,,,,,,,,,,,,,,,,,,,,,,,,,,,,,
2025-08-17T10:52:35.299001Z,4624,DC01.garfield.htb,Microsoft-Windows-Security-Auditing,Security,3521,0,,,,,,,,,,,,,,,,,Negotiate,,,,,,,,,,,,,,,,,,,,,,,,%%1842,,,,,,,,,,,,,%%1833,-,-,,,,0,,,-,,,,,00000000-0000-0000-0000-000000000000,,Advapi  ,5,,,,,,,,,,,,,,,,,,,,,,,,,,,,,,,,,,,,,,,,,,,,0x2f0,C:\Windows\System32\services.exe,,,,,,,,,,-,,,,,,,,,,,,,,,,,GARFIELD,0x3e7,,DC01$,S-1-5-18,NT AUTHORITY,,0x0,,0x3e7,,-,-,,,,,SYSTEM,S-1-5-18,,,,,-,,,,,,%%1843,,,-,
2025-08-17T10:52:35.299007Z,4672,DC01.garfield.htb,Microsoft-Windows-Security-Auditing,Security,3522,0,,,,,,,,,,,,,,,,,,,,,,,,,,,,,,,,,,,,,,,,,,,,,,,,,,,,,,,,,,,,,,,,,,,,,,,,,,,,,,,,,,,,,,,,,,,,,,,,,,,,,,,,,,,,,,,,,"SeAssignPrimaryTokenPrivilege
			SeTcbPrivilege
			SeSecurityPrivilege
			SeTakeOwnershipPrivilege
			SeLoadDriverPrivilege
			SeBackupPrivilege
			SeRestorePrivilege
			SeDebugPrivilege
			SeAuditPrivilege
			SeSystemEnvironmentPrivilege
			SeImpersonatePrivilege
			SeDelegateSessionUserImpersonatePrivilege",,,,,,,,,,,,,,,,,,,,,,,,,,,,,,NT AUTHORITY,0x3e7,,SYSTEM,S-1-5-18,,,,,,,,,,,,,,,,,,,,,,,,,,,,,
2025-08-17T10:52:35.334514Z,5379,DC01.garfield.htb,Microsoft-Windows-Security-Auditing,Security,3523,0,,,,,,,,,,,,,,,,,,,,,,,,,7156,,,,0,,,,,,,,,,,,,,,,,,,,,,,,,,,,,,,,,,,,,,,,,,,,,,,,,,,,,,,,,,,,,,,,,,,,,,,,,,,,,,,,,,,,,2025-08-17T10:52:35.299646Z,,,,,,,,%%8100,,,,,3221226021,,,,,,,,,,,,,,,,GARFIELD,0x3e7,,DC01$,S-1-5-18,,,,,,WindowsLive:(token):name=02psidbzqsibuzjn;serviceuri=*,,,,,,,,,,,,,,0,,,,,,,,,
2025-08-17T10:52:35.334663Z,5379,DC01.garfield.htb,Microsoft-Windows-Security-Auditing,Security,3524,0,,,,,,,,,,,,,,,,,,,,,,,,,7156,,,,0,,,,,,,,,,,,,,,,,,,,,,,,,,,,,,,,,,,,,,,,,,,,,,,,,,,,,,,,,,,,,,,,,,,,,,,,,,,,,,,,,,,,,2025-08-17T10:52:35.299646Z,,,,,,,,%%8100,,,,,3221226021,,,,,,,,,,,,,,,,GARFIELD,0x3e7,,DC01$,S-1-5-18,,,,,,WindowsLive:(cert):name=02psidbzqsibuzjn;serviceuri=*,,,,,,,,,,,,,,0,,,,,,,,,
2025-08-17T10:52:35.334706Z,5379,DC01.garfield.htb,Microsoft-Windows-Security-Auditing,Security,3525,0,,,,,,,,,,,,,,,,,,,,,,,,,7156,,,,1,,,,,,,,,,,,,,,,,,,,,,,,,,,,,,,,,,,,,,,,,,,,,,,,,,,,,,,,,,,,,,,,,,,,,,,,,,,,,,,,,,,,,2025-08-17T10:52:35.299646Z,,,,,,,,%%8100,,,,,0,,,,,,,,,,,,,,,,GARFIELD,0x3e7,,DC01$,S-1-5-18,,,,,,WindowsLive:target=virtualapp/didlogical,,,,,,,,,,,,,,0,,,,,,,,,
2025-08-17T10:52:35.336677Z,5379,DC01.garfield.htb,Microsoft-Windows-Security-Auditing,Security,3526,0,,,,,,,,,,,,,,,,,,,,,,,,,7156,,,,0,,,,,,,,,,,,,,,,,,,,,,,,,,,,,,,,,,,,,,,,,,,,,,,,,,,,,,,,,,,,,,,,,,,,,,,,,,,,,,,,,,,,,2025-08-17T10:52:35.299646Z,,,,,,,,%%8100,,,,,3221226021,,,,,,,,,,,,,,,,GARFIELD,0x48e53,,Administrator,S-1-5-21-2502726253-3859040611-225969357-500,,,,,,WindowsLive:(token):name=02duftxaqzoilzkp;serviceuri=*,,,,,,,,,,,,,,0,,,,,,,,,
2025-08-17T10:52:35.336797Z,5379,DC01.garfield.htb,Microsoft-Windows-Security-Auditing,Security,3527,0,,,,,,,,,,,,,,,,,,,,,,,,,7156,,,,0,,,,,,,,,,,,,,,,,,,,,,,,,,,,,,,,,,,,,,,,,,,,,,,,,,,,,,,,,,,,,,,,,,,,,,,,,,,,,,,,,,,,,2025-08-17T10:52:35.299646Z,,,,,,,,%%8100,,,,,3221226021,,,,,,,,,,,,,,,,GARFIELD,0x48e53,,Administrator,S-1-5-21-2502726253-3859040611-225969357-500,,,,,,WindowsLive:(cert):name=02duftxaqzoilzkp;serviceuri=*,,,,,,,,,,,,,,0,,,,,,,,,
2025-08-17T10:52:35.336833Z,5379,DC01.garfield.htb,Microsoft-Windows-Security-Auditing,Security,3528,0,,,,,,,,,,,,,,,,,,,,,,,,,7156,,,,1,,,,,,,,,,,,,,,,,,,,,,,,,,,,,,,,,,,,,,,,,,,,,,,,,,,,,,,,,,,,,,,,,,,,,,,,,,,,,,,,,,,,,2025-08-17T10:52:35.299646Z,,,,,,,,%%8100,,,,,0,,,,,,,,,,,,,,,,GARFIELD,0x48e53,,Administrator,S-1-5-21-2502726253-3859040611-225969357-500,,,,,,WindowsLive:target=virtualapp/didlogical,,,,,,,,,,,,,,0,,,,,,,,,
2025-08-17T10:52:35.339413Z,5379,DC01.garfield.htb,Microsoft-Windows-Security-Auditing,Security,3529,0,,,,,,,,,,,,,,,,,,,,,,,,,7156,,,,0,,,,,,,,,,,,,,,,,,,,,,,,,,,,,,,,,,,,,,,,,,,,,,,,,,,,,,,,,,,,,,,,,,,,,,,,,,,,,,,,,,,,,2025-08-17T10:52:35.299646Z,,,,,,,,%%8100,,,,,3221226021,,,,,,,,,,,,,,,,GARFIELD,0x48e53,,Administrator,S-1-5-21-2502726253-3859040611-225969357-500,,,,,,MicrosoftAccount:user=02duftxaqzoilzkp,,,,,,,,,,,,,,0,,,,,,,,,
2025-08-17T10:52:35.339681Z,5379,DC01.garfield.htb,Microsoft-Windows-Security-Auditing,Security,3530,0,,,,,,,,,,,,,,,,,,,,,,,,,7156,,,,0,,,,,,,,,,,,,,,,,,,,,,,,,,,,,,,,,,,,,,,,,,,,,,,,,,,,,,,,,,,,,,,,,,,,,,,,,,,,,,,,,,,,,2025-08-17T10:52:35.299646Z,,,,,,,,%%8100,,,,,3221226021,,,,,,,,,,,,,,,,GARFIELD,0x48e53,,Administrator,S-1-5-21-2502726253-3859040611-225969357-500,,,,,,WindowsLive:(token):name=02duftxaqzoilzkp;serviceuri=*,,,,,,,,,,,,,,0,,,,,,,,,
2025-08-17T10:52:35.339816Z,5379,DC01.garfield.htb,Microsoft-Windows-Security-Auditing,Security,3531,0,,,,,,,,,,,,,,,,,,,,,,,,,7156,,,,0,,,,,,,,,,,,,,,,,,,,,,,,,,,,,,,,,,,,,,,,,,,,,,,,,,,,,,,,,,,,,,,,,,,,,,,,,,,,,,,,,,,,,2025-08-17T10:52:35.299646Z,,,,,,,,%%8100,,,,,3221226021,,,,,,,,,,,,,,,,GARFIELD,0x48e53,,Administrator,S-1-5-21-2502726253-3859040611-225969357-500,,,,,,WindowsLive:(cert):name=02duftxaqzoilzkp;serviceuri=*,,,,,,,,,,,,,,0,,,,,,,,,
2025-08-17T10:52:36.297597Z,5379,DC01.garfield.htb,Microsoft-Windows-Security-Auditing,Security,3532,0,,,,,,,,,,,,,,,,,,,,,,,,,7156,,,,0,,,,,,,,,,,,,,,,,,,,,,,,,,,,,,,,,,,,,,,,,,,,,,,,,,,,,,,,,,,,,,,,,,,,,,,,,,,,,,,,,,,,,2025-08-17T10:52:35.299646Z,,,,,,,,%%8100,,,,,3221226021,,,,,,,,,,,,,,,,GARFIELD,0x48e53,,Administrator,S-1-5-21-2502726253-3859040611-225969357-500,,,,,,MicrosoftAccount:user=02duftxaqzoilzkp,,,,,,,,,,,,,,0,,,,,,,,,
2025-08-17T10:52:36.301259Z,5379,DC01.garfield.htb,Microsoft-Windows-Security-Auditing,Security,3533,0,,,,,,,,,,,,,,,,,,,,,,,,,7156,,,,0,,,,,,,,,,,,,,,,,,,,,,,,,,,,,,,,,,,,,,,,,,,,,,,,,,,,,,,,,,,,,,,,,,,,,,,,,,,,,,,,,,,,,2025-08-17T10:52:35.299646Z,,,,,,,,%%8100,,,,,3221226021,,,,,,,,,,,,,,,,GARFIELD,0x48e53,,Administrator,S-1-5-21-2502726253-3859040611-225969357-500,,,,,,MicrosoftAccount:user=02duftxaqzoilzkp,,,,,,,,,,,,,,0,,,,,,,,,
2025-08-17T10:52:36.306931Z,5379,DC01.garfield.htb,Microsoft-Windows-Security-Auditing,Security,3534,0,,,,,,,,,,,,,,,,,,,,,,,,,7156,,,,0,,,,,,,,,,,,,,,,,,,,,,,,,,,,,,,,,,,,,,,,,,,,,,,,,,,,,,,,,,,,,,,,,,,,,,,,,,,,,,,,,,,,,2025-08-17T10:52:35.299646Z,,,,,,,,%%8100,,,,,3221226021,,,,,,,,,,,,,,,,GARFIELD,0x48e53,,Administrator,S-1-5-21-2502726253-3859040611-225969357-500,,,,,,MicrosoftAccount:user=02duftxaqzoilzkp,,,,,,,,,,,,,,0,,,,,,,,,
2025-08-17T10:52:36.306979Z,5379,DC01.garfield.htb,Microsoft-Windows-Security-Auditing,Security,3535,0,,,,,,,,,,,,,,,,,,,,,,,,,7156,,,,0,,,,,,,,,,,,,,,,,,,,,,,,,,,,,,,,,,,,,,,,,,,,,,,,,,,,,,,,,,,,,,,,,,,,,,,,,,,,,,,,,,,,,2025-08-17T10:52:35.299646Z,,,,,,,,%%8100,,,,,3221226021,,,,,,,,,,,,,,,,GARFIELD,0x48e53,,Administrator,S-1-5-21-2502726253-3859040611-225969357-500,,,,,,MicrosoftAccount:user=02duftxaqzoilzkp,,,,,,,,,,,,,,0,,,,,,,,,
2025-08-17T10:52:37.228918Z,4634,DC01.garfield.htb,Microsoft-Windows-Security-Auditing,Security,3536,0,,,,,,,,,,,,,,,,,,,,,,,,,,,,,,,,,,,,,,,,,,,,,,,,,,,,,,,,,,,,,,,,,,,,,,,3,,,,,,,,,,,,,,,,,,,,,,,,,,,,,,,,,,,,,,,,,,,,,,,,,,,,,,,,,,,,,,,,,,,,,,,,,,,,,GARFIELD,,,,0x426ee,,,,,,,,DC01$,S-1-5-18,,,,,,,,,,,,,,,
2025-08-17T10:53:21.148978Z,4672,DC01.garfield.htb,Microsoft-Windows-Security-Auditing,Security,3537,0,,,,,,,,,,,,,,,,,,,,,,,,,,,,,,,,,,,,,,,,,,,,,,,,,,,,,,,,,,,,,,,,,,,,,,,,,,,,,,,,,,,,,,,,,,,,,,,,,,,,,,,,,,,,,,,,,"SeSecurityPrivilege
			SeBackupPrivilege
			SeRestorePrivilege
			SeTakeOwnershipPrivilege
			SeDebugPrivilege
			SeSystemEnvironmentPrivilege
			SeLoadDriverPrivilege
			SeImpersonatePrivilege
			SeDelegateSessionUserImpersonatePrivilege
			SeEnableDelegationPrivilege",,,,,,,,,,,,,,,,,,,,,,,,,,,,,,GARFIELD,0x90f25,,DC01$,S-1-5-18,,,,,,,,,,,,,,,,,,,,,,,,,,,,,
2025-08-17T10:53:21.149049Z,4624,DC01.garfield.htb,Microsoft-Windows-Security-Auditing,Security,3538,0,,,,,,,,,,,,,,,,,Kerberos,,,,,,,,,,,,,,,,,,,,,,,,%%1842,,,,,,,,,,,,,%%1833,::1,49921,,,,0,,,-,,,,,035B0D2C-2985-94C3-AE3D-D556DAC8BEFD,,Kerberos,3,,,,,,,,,,,,,,,,,,,,,,,,,,,,,,,,,,,,,,,,,,,,0x0,-,,,,,,,,,,-,,,,,,,,,,,,,,,,,-,0x0,,-,S-1-0-0,GARFIELD.HTB,,0x0,,0x90f25,,-,-,,,,,DC01$,S-1-5-18,,,,,-,,,,,,%%1843,,,-,
2025-08-17T10:53:21.149738Z,4634,DC01.garfield.htb,Microsoft-Windows-Security-Auditing,Security,3539,0,,,,,,,,,,,,,,,,,,,,,,,,,,,,,,,,,,,,,,,,,,,,,,,,,,,,,,,,,,,,,,,,,,,,,,,3,,,,,,,,,,,,,,,,,,,,,,,,,,,,,,,,,,,,,,,,,,,,,,,,,,,,,,,,,,,,,,,,,,,,,,,,,,,,,GARFIELD,,,,0x90f25,,,,,,,,DC01$,S-1-5-18,,,,,,,,,,,,,,,
2025-08-17T10:53:22.929369Z,4672,DC01.garfield.htb,Microsoft-Windows-Security-Auditing,Security,3540,0,,,,,,,,,,,,,,,,,,,,,,,,,,,,,,,,,,,,,,,,,,,,,,,,,,,,,,,,,,,,,,,,,,,,,,,,,,,,,,,,,,,,,,,,,,,,,,,,,,,,,,,,,,,,,,,,,"SeSecurityPrivilege
			SeBackupPrivilege
			SeRestorePrivilege
			SeTakeOwnershipPrivilege
			SeDebugPrivilege
			SeSystemEnvironmentPrivilege
			SeLoadDriverPrivilege
			SeImpersonatePrivilege
			SeDelegateSessionUserImpersonatePrivilege
			SeEnableDelegationPrivilege",,,,,,,,,,,,,,,,,,,,,,,,,,,,,,GARFIELD,0x91508,,DC01$,S-1-5-18,,,,,,,,,,,,,,,,,,,,,,,,,,,,,
2025-08-17T10:53:22.929632Z,4624,DC01.garfield.htb,Microsoft-Windows-Security-Auditing,Security,3541,0,,,,,,,,,,,,,,,,,Kerberos,,,,,,,,,,,,,,,,,,,,,,,,%%1842,,,,,,,,,,,,,%%1833,fe80::c4ff:5747:1d3c:fba0,49923,,,,0,,,-,,,,,3CF6B53B-1D06-741F-F66A-ADC311B77CD6,,Kerberos,3,,,,,,,,,,,,,,,,,,,,,,,,,,,,,,,,,,,,,,,,,,,,0x0,-,,,,,,,,,,-,,,,,,,,,,,,,,,,,-,0x0,,-,S-1-0-0,GARFIELD.HTB,,0x0,,0x91508,,-,-,,,,,DC01$,S-1-5-18,,,,,-,,,,,,%%1843,,,-,
2025-08-17T10:53:22.934430Z,4672,DC01.garfield.htb,Microsoft-Windows-Security-Auditing,Security,3542,0,,,,,,,,,,,,,,,,,,,,,,,,,,,,,,,,,,,,,,,,,,,,,,,,,,,,,,,,,,,,,,,,,,,,,,,,,,,,,,,,,,,,,,,,,,,,,,,,,,,,,,,,,,,,,,,,,"SeSecurityPrivilege
			SeBackupPrivilege
			SeRestorePrivilege
			SeTakeOwnershipPrivilege
			SeDebugPrivilege
			SeSystemEnvironmentPrivilege
			SeLoadDriverPrivilege
			SeImpersonatePrivilege
			SeDelegateSessionUserImpersonatePrivilege
			SeEnableDelegationPrivilege",,,,,,,,,,,,,,,,,,,,,,,,,,,,,,GARFIELD,0x91593,,DC01$,S-1-5-18,,,,,,,,,,,,,,,,,,,,,,,,,,,,,
2025-08-17T10:53:22.934495Z,4624,DC01.garfield.htb,Microsoft-Windows-Security-Auditing,Security,3543,0,,,,,,,,,,,,,,,,,Kerberos,,,,,,,,,,,,,,,,,,,,,,,,%%1842,,,,,,,,,,,,,%%1833,::1,49924,,,,0,,,-,,,,,035B0D2C-2985-94C3-AE3D-D556DAC8BEFD,,Kerberos,3,,,,,,,,,,,,,,,,,,,,,,,,,,,,,,,,,,,,,,,,,,,,0x0,-,,,,,,,,,,-,,,,,,,,,,,,,,,,,-,0x0,,-,S-1-0-0,GARFIELD.HTB,,0x0,,0x91593,,-,-,,,,,DC01$,S-1-5-18,,,,,-,,,,,,%%1843,,,-,
2025-08-17T10:53:22.936887Z,4672,DC01.garfield.htb,Microsoft-Windows-Security-Auditing,Security,3544,0,,,,,,,,,,,,,,,,,,,,,,,,,,,,,,,,,,,,,,,,,,,,,,,,,,,,,,,,,,,,,,,,,,,,,,,,,,,,,,,,,,,,,,,,,,,,,,,,,,,,,,,,,,,,,,,,,"SeSecurityPrivilege
			SeBackupPrivilege
			SeRestorePrivilege
			SeTakeOwnershipPrivilege
			SeDebugPrivilege
			SeSystemEnvironmentPrivilege
			SeLoadDriverPrivilege
			SeImpersonatePrivilege
			SeDelegateSessionUserImpersonatePrivilege
			SeEnableDelegationPrivilege",,,,,,,,,,,,,,,,,,,,,,,,,,,,,,GARFIELD,0x915d8,,DC01$,S-1-5-18,,,,,,,,,,,,,,,,,,,,,,,,,,,,,
2025-08-17T10:53:22.936948Z,4624,DC01.garfield.htb,Microsoft-Windows-Security-Auditing,Security,3545,0,,,,,,,,,,,,,,,,,Kerberos,,,,,,,,,,,,,,,,,,,,,,,,%%1842,,,,,,,,,,,,,%%1833,192.168.100.1,49925,,,,0,,,-,,,,,3CF6B53B-1D06-741F-F66A-ADC311B77CD6,,Kerberos,3,,,,,,,,,,,,,,,,,,,,,,,,,,,,,,,,,,,,,,,,,,,,0x0,-,,,,,,,,,,-,,,,,,,,,,,,,,,,,-,0x0,,-,S-1-0-0,GARFIELD.HTB,,0x0,,0x915d8,,-,-,,,,,DC01$,S-1-5-18,,,,,-,,,,,,%%1843,,,-,
2025-08-17T10:53:22.937743Z,4634,DC01.garfield.htb,Microsoft-Windows-Security-Auditing,Security,3546,0,,,,,,,,,,,,,,,,,,,,,,,,,,,,,,,,,,,,,,,,,,,,,,,,,,,,,,,,,,,,,,,,,,,,,,,3,,,,,,,,,,,,,,,,,,,,,,,,,,,,,,,,,,,,,,,,,,,,,,,,,,,,,,,,,,,,,,,,,,,,,,,,,,,,,GARFIELD,,,,0x915d8,,,,,,,,DC01$,S-1-5-18,,,,,,,,,,,,,,,
2025-08-17T10:53:22.937979Z,4634,DC01.garfield.htb,Microsoft-Windows-Security-Auditing,Security,3547,0,,,,,,,,,,,,,,,,,,,,,,,,,,,,,,,,,,,,,,,,,,,,,,,,,,,,,,,,,,,,,,,,,,,,,,,3,,,,,,,,,,,,,,,,,,,,,,,,,,,,,,,,,,,,,,,,,,,,,,,,,,,,,,,,,,,,,,,,,,,,,,,,,,,,,GARFIELD,,,,0x91593,,,,,,,,DC01$,S-1-5-18,,,,,,,,,,,,,,,
2025-08-17T10:53:22.940916Z,4634,DC01.garfield.htb,Microsoft-Windows-Security-Auditing,Security,3548,0,,,,,,,,,,,,,,,,,,,,,,,,,,,,,,,,,,,,,,,,,,,,,,,,,,,,,,,,,,,,,,,,,,,,,,,3,,,,,,,,,,,,,,,,,,,,,,,,,,,,,,,,,,,,,,,,,,,,,,,,,,,,,,,,,,,,,,,,,,,,,,,,,,,,,GARFIELD,,,,0x91508,,,,,,,,DC01$,S-1-5-18,,,,,,,,,,,,,,,
2025-08-17T10:54:14.103799Z,4624,DC01.garfield.htb,Microsoft-Windows-Security-Auditing,Security,3549,0,,,,,,,,,,,,,,,,,Negotiate,,,,,,,,,,,,,,,,,,,,,,,,%%1842,,,,,,,,,,,,,%%1833,-,-,,,,0,,,-,,,,,00000000-0000-0000-0000-000000000000,,Advapi  ,5,,,,,,,,,,,,,,,,,,,,,,,,,,,,,,,,,,,,,,,,,,,,0x2f0,C:\Windows\System32\services.exe,,,,,,,,,,-,,,,,,,,,,,,,,,,,GARFIELD,0x3e7,,DC01$,S-1-5-18,NT AUTHORITY,,0x0,,0x3e7,,-,-,,,,,SYSTEM,S-1-5-18,,,,,-,,,,,,%%1843,,,-,
2025-08-17T10:54:14.103805Z,4672,DC01.garfield.htb,Microsoft-Windows-Security-Auditing,Security,3550,0,,,,,,,,,,,,,,,,,,,,,,,,,,,,,,,,,,,,,,,,,,,,,,,,,,,,,,,,,,,,,,,,,,,,,,,,,,,,,,,,,,,,,,,,,,,,,,,,,,,,,,,,,,,,,,,,,"SeAssignPrimaryTokenPrivilege
			SeTcbPrivilege
			SeSecurityPrivilege
			SeTakeOwnershipPrivilege
			SeLoadDriverPrivilege
			SeBackupPrivilege
			SeRestorePrivilege
			SeDebugPrivilege
			SeAuditPrivilege
			SeSystemEnvironmentPrivilege
			SeImpersonatePrivilege
			SeDelegateSessionUserImpersonatePrivilege",,,,,,,,,,,,,,,,,,,,,,,,,,,,,,NT AUTHORITY,0x3e7,,SYSTEM,S-1-5-18,,,,,,,,,,,,,,,,,,,,,,,,,,,,,
2025-08-17T10:54:18.417730Z,4624,DC01.garfield.htb,Microsoft-Windows-Security-Auditing,Security,3551,0,,,,,,,,,,,,,,,,,Negotiate,,,,,,,,,,,,,,,,,,,,,,,,%%1842,,,,,,,,,,,,,%%1833,-,-,,,,0,,,-,,,,,00000000-0000-0000-0000-000000000000,,Advapi  ,5,,,,,,,,,,,,,,,,,,,,,,,,,,,,,,,,,,,,,,,,,,,,0x2f0,C:\Windows\System32\services.exe,,,,,,,,,,-,,,,,,,,,,,,,,,,,GARFIELD,0x3e7,,DC01$,S-1-5-18,NT AUTHORITY,,0x0,,0x3e7,,-,-,,,,,SYSTEM,S-1-5-18,,,,,-,,,,,,%%1843,,,-,
2025-08-17T10:54:18.417735Z,4672,DC01.garfield.htb,Microsoft-Windows-Security-Auditing,Security,3552,0,,,,,,,,,,,,,,,,,,,,,,,,,,,,,,,,,,,,,,,,,,,,,,,,,,,,,,,,,,,,,,,,,,,,,,,,,,,,,,,,,,,,,,,,,,,,,,,,,,,,,,,,,,,,,,,,,"SeAssignPrimaryTokenPrivilege
			SeTcbPrivilege
			SeSecurityPrivilege
			SeTakeOwnershipPrivilege
			SeLoadDriverPrivilege
			SeBackupPrivilege
			SeRestorePrivilege
			SeDebugPrivilege
			SeAuditPrivilege
			SeSystemEnvironmentPrivilege
			SeImpersonatePrivilege
			SeDelegateSessionUserImpersonatePrivilege",,,,,,,,,,,,,,,,,,,,,,,,,,,,,,NT AUTHORITY,0x3e7,,SYSTEM,S-1-5-18,,,,,,,,,,,,,,,,,,,,,,,,,,,,,
2025-08-17T10:54:21.153247Z,4672,DC01.garfield.htb,Microsoft-Windows-Security-Auditing,Security,3553,0,,,,,,,,,,,,,,,,,,,,,,,,,,,,,,,,,,,,,,,,,,,,,,,,,,,,,,,,,,,,,,,,,,,,,,,,,,,,,,,,,,,,,,,,,,,,,,,,,,,,,,,,,,,,,,,,,"SeSecurityPrivilege
			SeBackupPrivilege
			SeRestorePrivilege
			SeTakeOwnershipPrivilege
			SeDebugPrivilege
			SeSystemEnvironmentPrivilege
			SeLoadDriverPrivilege
			SeImpersonatePrivilege
			SeDelegateSessionUserImpersonatePrivilege
			SeEnableDelegationPrivilege",,,,,,,,,,,,,,,,,,,,,,,,,,,,,,GARFIELD,0x95f32,,DC01$,S-1-5-18,,,,,,,,,,,,,,,,,,,,,,,,,,,,,
2025-08-17T10:54:21.153322Z,4624,DC01.garfield.htb,Microsoft-Windows-Security-Auditing,Security,3554,0,,,,,,,,,,,,,,,,,Kerberos,,,,,,,,,,,,,,,,,,,,,,,,%%1842,,,,,,,,,,,,,%%1833,::1,49927,,,,0,,,-,,,,,035B0D2C-2985-94C3-AE3D-D556DAC8BEFD,,Kerberos,3,,,,,,,,,,,,,,,,,,,,,,,,,,,,,,,,,,,,,,,,,,,,0x0,-,,,,,,,,,,-,,,,,,,,,,,,,,,,,-,0x0,,-,S-1-0-0,GARFIELD.HTB,,0x0,,0x95f32,,-,-,,,,,DC01$,S-1-5-18,,,,,-,,,,,,%%1843,,,-,
2025-08-17T10:54:21.154202Z,4634,DC01.garfield.htb,Microsoft-Windows-Security-Auditing,Security,3555,0,,,,,,,,,,,,,,,,,,,,,,,,,,,,,,,,,,,,,,,,,,,,,,,,,,,,,,,,,,,,,,,,,,,,,,,3,,,,,,,,,,,,,,,,,,,,,,,,,,,,,,,,,,,,,,,,,,,,,,,,,,,,,,,,,,,,,,,,,,,,,,,,,,,,,GARFIELD,,,,0x95f32,,,,,,,,DC01$,S-1-5-18,,,,,,,,,,,,,,,
2025-08-17T10:54:39.591099Z,4634,DC01.garfield.htb,Microsoft-Windows-Security-Auditing,Security,3556,0,,,,,,,,,,,,,,,,,,,,,,,,,,,,,,,,,,,,,,,,,,,,,,,,,,,,,,,,,,,,,,,,,,,,,,,3,,,,,,,,,,,,,,,,,,,,,,,,,,,,,,,,,,,,,,,,,,,,,,,,,,,,,,,,,,,,,,,,,,,,,,,,,,,,,GARFIELD,,,,0x42082,,,,,,,,DC01$,S-1-5-18,,,,,,,,,,,,,,,
2025-08-17T10:54:39.591253Z,4634,DC01.garfield.htb,Microsoft-Windows-Security-Auditing,Security,3557,0,,,,,,,,,,,,,,,,,,,,,,,,,,,,,,,,,,,,,,,,,,,,,,,,,,,,,,,,,,,,,,,,,,,,,,,3,,,,,,,,,,,,,,,,,,,,,,,,,,,,,,,,,,,,,,,,,,,,,,,,,,,,,,,,,,,,,,,,,,,,,,,,,,,,,GARFIELD,,,,0x4286c,,,,,,,,DC01$,S-1-5-18,,,,,,,,,,,,,,,
2025-08-17T10:54:48.628778Z,4624,DC01.garfield.htb,Microsoft-Windows-Security-Auditing,Security,3558,0,,,,,,,,,,,,,,,,,Negotiate,,,,,,,,,,,,,,,,,,,,,,,,%%1842,,,,,,,,,,,,,%%1833,-,-,,,,0,,,-,,,,,00000000-0000-0000-0000-000000000000,,Advapi  ,5,,,,,,,,,,,,,,,,,,,,,,,,,,,,,,,,,,,,,,,,,,,,0x2f0,C:\Windows\System32\services.exe,,,,,,,,,,-,,,,,,,,,,,,,,,,,GARFIELD,0x3e7,,DC01$,S-1-5-18,NT AUTHORITY,,0x0,,0x3e7,,-,-,,,,,SYSTEM,S-1-5-18,,,,,-,,,,,,%%1843,,,-,
2025-08-17T10:54:48.628783Z,4672,DC01.garfield.htb,Microsoft-Windows-Security-Auditing,Security,3559,0,,,,,,,,,,,,,,,,,,,,,,,,,,,,,,,,,,,,,,,,,,,,,,,,,,,,,,,,,,,,,,,,,,,,,,,,,,,,,,,,,,,,,,,,,,,,,,,,,,,,,,,,,,,,,,,,,"SeAssignPrimaryTokenPrivilege
			SeTcbPrivilege
			SeSecurityPrivilege
			SeTakeOwnershipPrivilege
			SeLoadDriverPrivilege
			SeBackupPrivilege
			SeRestorePrivilege
			SeDebugPrivilege
			SeAuditPrivilege
			SeSystemEnvironmentPrivilege
			SeImpersonatePrivilege
			SeDelegateSessionUserImpersonatePrivilege",,,,,,,,,,,,,,,,,,,,,,,,,,,,,,NT AUTHORITY,0x3e7,,SYSTEM,S-1-5-18,,,,,,,,,,,,,,,,,,,,,,,,,,,,,
2025-08-17T10:55:13.170552Z,4634,DC01.garfield.htb,Microsoft-Windows-Security-Auditing,Security,3560,0,,,,,,,,,,,,,,,,,,,,,,,,,,,,,,,,,,,,,,,,,,,,,,,,,,,,,,,,,,,,,,,,,,,,,,,3,,,,,,,,,,,,,,,,,,,,,,,,,,,,,,,,,,,,,,,,,,,,,,,,,,,,,,,,,,,,,,,,,,,,,,,,,,,,,GARFIELD,,,,0x42ad2,,,,,,,,DC01$,S-1-5-18,,,,,,,,,,,,,,,
2025-08-17T10:55:13.170579Z,4634,DC01.garfield.htb,Microsoft-Windows-Security-Auditing,Security,3561,0,,,,,,,,,,,,,,,,,,,,,,,,,,,,,,,,,,,,,,,,,,,,,,,,,,,,,,,,,,,,,,,,,,,,,,,3,,,,,,,,,,,,,,,,,,,,,,,,,,,,,,,,,,,,,,,,,,,,,,,,,,,,,,,,,,,,,,,,,,,,,,,,,,,,,GARFIELD,,,,0x432be,,,,,,,,DC01$,S-1-5-18,,,,,,,,,,,,,,,
2025-08-17T10:55:21.155714Z,4672,DC01.garfield.htb,Microsoft-Windows-Security-Auditing,Security,3562,0,,,,,,,,,,,,,,,,,,,,,,,,,,,,,,,,,,,,,,,,,,,,,,,,,,,,,,,,,,,,,,,,,,,,,,,,,,,,,,,,,,,,,,,,,,,,,,,,,,,,,,,,,,,,,,,,,"SeSecurityPrivilege
			SeBackupPrivilege
			SeRestorePrivilege
			SeTakeOwnershipPrivilege
			SeDebugPrivilege
			SeSystemEnvironmentPrivilege
			SeLoadDriverPrivilege
			SeImpersonatePrivilege
			SeDelegateSessionUserImpersonatePrivilege
			SeEnableDelegationPrivilege",,,,,,,,,,,,,,,,,,,,,,,,,,,,,,GARFIELD,0x9a352,,DC01$,S-1-5-18,,,,,,,,,,,,,,,,,,,,,,,,,,,,,
2025-08-17T10:55:21.155790Z,4624,DC01.garfield.htb,Microsoft-Windows-Security-Auditing,Security,3563,0,,,,,,,,,,,,,,,,,Kerberos,,,,,,,,,,,,,,,,,,,,,,,,%%1842,,,,,,,,,,,,,%%1833,::1,49931,,,,0,,,-,,,,,035B0D2C-2985-94C3-AE3D-D556DAC8BEFD,,Kerberos,3,,,,,,,,,,,,,,,,,,,,,,,,,,,,,,,,,,,,,,,,,,,,0x0,-,,,,,,,,,,-,,,,,,,,,,,,,,,,,-,0x0,,-,S-1-0-0,GARFIELD.HTB,,0x0,,0x9a352,,-,-,,,,,DC01$,S-1-5-18,,,,,-,,,,,,%%1843,,,-,
2025-08-17T10:55:21.156666Z,4634,DC01.garfield.htb,Microsoft-Windows-Security-Auditing,Security,3564,0,,,,,,,,,,,,,,,,,,,,,,,,,,,,,,,,,,,,,,,,,,,,,,,,,,,,,,,,,,,,,,,,,,,,,,,3,,,,,,,,,,,,,,,,,,,,,,,,,,,,,,,,,,,,,,,,,,,,,,,,,,,,,,,,,,,,,,,,,,,,,,,,,,,,,GARFIELD,,,,0x9a352,,,,,,,,DC01$,S-1-5-18,,,,,,,,,,,,,,,
2025-08-17T10:56:21.178847Z,4672,DC01.garfield.htb,Microsoft-Windows-Security-Auditing,Security,3565,0,,,,,,,,,,,,,,,,,,,,,,,,,,,,,,,,,,,,,,,,,,,,,,,,,,,,,,,,,,,,,,,,,,,,,,,,,,,,,,,,,,,,,,,,,,,,,,,,,,,,,,,,,,,,,,,,,"SeSecurityPrivilege
			SeBackupPrivilege
			SeRestorePrivilege
			SeTakeOwnershipPrivilege
			SeDebugPrivilege
			SeSystemEnvironmentPrivilege
			SeLoadDriverPrivilege
			SeImpersonatePrivilege
			SeDelegateSessionUserImpersonatePrivilege
			SeEnableDelegationPrivilege",,,,,,,,,,,,,,,,,,,,,,,,,,,,,,GARFIELD,0x9bf68,,DC01$,S-1-5-18,,,,,,,,,,,,,,,,,,,,,,,,,,,,,
2025-08-17T10:56:21.178908Z,4624,DC01.garfield.htb,Microsoft-Windows-Security-Auditing,Security,3566,0,,,,,,,,,,,,,,,,,Kerberos,,,,,,,,,,,,,,,,,,,,,,,,%%1842,,,,,,,,,,,,,%%1833,::1,49933,,,,0,,,-,,,,,035B0D2C-2985-94C3-AE3D-D556DAC8BEFD,,Kerberos,3,,,,,,,,,,,,,,,,,,,,,,,,,,,,,,,,,,,,,,,,,,,,0x0,-,,,,,,,,,,-,,,,,,,,,,,,,,,,,-,0x0,,-,S-1-0-0,GARFIELD.HTB,,0x0,,0x9bf68,,-,-,,,,,DC01$,S-1-5-18,,,,,-,,,,,,%%1843,,,-,
2025-08-17T10:56:21.179630Z,4634,DC01.garfield.htb,Microsoft-Windows-Security-Auditing,Security,3567,0,,,,,,,,,,,,,,,,,,,,,,,,,,,,,,,,,,,,,,,,,,,,,,,,,,,,,,,,,,,,,,,,,,,,,,,3,,,,,,,,,,,,,,,,,,,,,,,,,,,,,,,,,,,,,,,,,,,,,,,,,,,,,,,,,,,,,,,,,,,,,,,,,,,,,GARFIELD,,,,0x9bf68,,,,,,,,DC01$,S-1-5-18,,,,,,,,,,,,,,,
2025-08-17T10:56:42.774859Z,4672,DC01.garfield.htb,Microsoft-Windows-Security-Auditing,Security,3568,0,,,,,,,,,,,,,,,,,,,,,,,,,,,,,,,,,,,,,,,,,,,,,,,,,,,,,,,,,,,,,,,,,,,,,,,,,,,,,,,,,,,,,,,,,,,,,,,,,,,,,,,,,,,,,,,,,"SeSecurityPrivilege
			SeBackupPrivilege
			SeRestorePrivilege
			SeTakeOwnershipPrivilege
			SeDebugPrivilege
			SeSystemEnvironmentPrivilege
			SeLoadDriverPrivilege
			SeImpersonatePrivilege
			SeDelegateSessionUserImpersonatePrivilege
			SeEnableDelegationPrivilege",,,,,,,,,,,,,,,,,,,,,,,,,,,,,,GARFIELD,0x9cf43,,DC01$,S-1-5-18,,,,,,,,,,,,,,,,,,,,,,,,,,,,,
2025-08-17T10:56:42.775250Z,4624,DC01.garfield.htb,Microsoft-Windows-Security-Auditing,Security,3569,0,,,,,,,,,,,,,,,,,Kerberos,,,,,,,,,,,,,,,,,,,,,,,,%%1842,,,,,,,,,,,,,%%1833,fe80::c4ff:5747:1d3c:fba0,49935,,,,0,,,-,,,,,3CF6B53B-1D06-741F-F66A-ADC311B77CD6,,Kerberos,3,,,,,,,,,,,,,,,,,,,,,,,,,,,,,,,,,,,,,,,,,,,,0x0,-,,,,,,,,,,-,,,,,,,,,,,,,,,,,-,0x0,,-,S-1-0-0,GARFIELD.HTB,,0x0,,0x9cf43,,-,-,,,,,DC01$,S-1-5-18,,,,,-,,,,,,%%1843,,,-,
2025-08-17T10:56:42.779302Z,4672,DC01.garfield.htb,Microsoft-Windows-Security-Auditing,Security,3570,0,,,,,,,,,,,,,,,,,,,,,,,,,,,,,,,,,,,,,,,,,,,,,,,,,,,,,,,,,,,,,,,,,,,,,,,,,,,,,,,,,,,,,,,,,,,,,,,,,,,,,,,,,,,,,,,,,"SeSecurityPrivilege
			SeBackupPrivilege
			SeRestorePrivilege
			SeTakeOwnershipPrivilege
			SeDebugPrivilege
			SeSystemEnvironmentPrivilege
			SeLoadDriverPrivilege
			SeImpersonatePrivilege
			SeDelegateSessionUserImpersonatePrivilege
			SeEnableDelegationPrivilege",,,,,,,,,,,,,,,,,,,,,,,,,,,,,,GARFIELD,0x9cfcd,,DC01$,S-1-5-18,,,,,,,,,,,,,,,,,,,,,,,,,,,,,
2025-08-17T10:56:42.779356Z,4624,DC01.garfield.htb,Microsoft-Windows-Security-Auditing,Security,3571,0,,,,,,,,,,,,,,,,,Kerberos,,,,,,,,,,,,,,,,,,,,,,,,%%1842,,,,,,,,,,,,,%%1833,::1,49936,,,,0,,,-,,,,,035B0D2C-2985-94C3-AE3D-D556DAC8BEFD,,Kerberos,3,,,,,,,,,,,,,,,,,,,,,,,,,,,,,,,,,,,,,,,,,,,,0x0,-,,,,,,,,,,-,,,,,,,,,,,,,,,,,-,0x0,,-,S-1-0-0,GARFIELD.HTB,,0x0,,0x9cfcd,,-,-,,,,,DC01$,S-1-5-18,,,,,-,,,,,,%%1843,,,-,
2025-08-17T10:56:42.781673Z,4672,DC01.garfield.htb,Microsoft-Windows-Security-Auditing,Security,3572,0,,,,,,,,,,,,,,,,,,,,,,,,,,,,,,,,,,,,,,,,,,,,,,,,,,,,,,,,,,,,,,,,,,,,,,,,,,,,,,,,,,,,,,,,,,,,,,,,,,,,,,,,,,,,,,,,,"SeSecurityPrivilege
			SeBackupPrivilege
			SeRestorePrivilege
			SeTakeOwnershipPrivilege
			SeDebugPrivilege
			SeSystemEnvironmentPrivilege
			SeLoadDriverPrivilege
			SeImpersonatePrivilege
			SeDelegateSessionUserImpersonatePrivilege
			SeEnableDelegationPrivilege",,,,,,,,,,,,,,,,,,,,,,,,,,,,,,GARFIELD,0x9d012,,DC01$,S-1-5-18,,,,,,,,,,,,,,,,,,,,,,,,,,,,,
2025-08-17T10:56:42.781732Z,4624,DC01.garfield.htb,Microsoft-Windows-Security-Auditing,Security,3573,0,,,,,,,,,,,,,,,,,Kerberos,,,,,,,,,,,,,,,,,,,,,,,,%%1842,,,,,,,,,,,,,%%1833,192.168.100.1,49937,,,,0,,,-,,,,,3CF6B53B-1D06-741F-F66A-ADC311B77CD6,,Kerberos,3,,,,,,,,,,,,,,,,,,,,,,,,,,,,,,,,,,,,,,,,,,,,0x0,-,,,,,,,,,,-,,,,,,,,,,,,,,,,,-,0x0,,-,S-1-0-0,GARFIELD.HTB,,0x0,,0x9d012,,-,-,,,,,DC01$,S-1-5-18,,,,,-,,,,,,%%1843,,,-,
2025-08-17T10:56:42.782462Z,4634,DC01.garfield.htb,Microsoft-Windows-Security-Auditing,Security,3574,0,,,,,,,,,,,,,,,,,,,,,,,,,,,,,,,,,,,,,,,,,,,,,,,,,,,,,,,,,,,,,,,,,,,,,,,3,,,,,,,,,,,,,,,,,,,,,,,,,,,,,,,,,,,,,,,,,,,,,,,,,,,,,,,,,,,,,,,,,,,,,,,,,,,,,GARFIELD,,,,0x9d012,,,,,,,,DC01$,S-1-5-18,,,,,,,,,,,,,,,
2025-08-17T10:56:42.782656Z,4634,DC01.garfield.htb,Microsoft-Windows-Security-Auditing,Security,3575,0,,,,,,,,,,,,,,,,,,,,,,,,,,,,,,,,,,,,,,,,,,,,,,,,,,,,,,,,,,,,,,,,,,,,,,,3,,,,,,,,,,,,,,,,,,,,,,,,,,,,,,,,,,,,,,,,,,,,,,,,,,,,,,,,,,,,,,,,,,,,,,,,,,,,,GARFIELD,,,,0x9cfcd,,,,,,,,DC01$,S-1-5-18,,,,,,,,,,,,,,,
2025-08-17T10:56:42.784243Z,4634,DC01.garfield.htb,Microsoft-Windows-Security-Auditing,Security,3576,0,,,,,,,,,,,,,,,,,,,,,,,,,,,,,,,,,,,,,,,,,,,,,,,,,,,,,,,,,,,,,,,,,,,,,,,3,,,,,,,,,,,,,,,,,,,,,,,,,,,,,,,,,,,,,,,,,,,,,,,,,,,,,,,,,,,,,,,,,,,,,,,,,,,,,GARFIELD,,,,0x9cf43,,,,,,,,DC01$,S-1-5-18,,,,,,,,,,,,,,,
2025-08-17T10:56:55.152255Z,5379,DC01.garfield.htb,Microsoft-Windows-Security-Auditing,Security,3577,0,,,,,,,,,,,,,,,,,,,,,,,,,2280,,,,1,,,,,,,,,,,,,,,,,,,,,,,,,,,,,,,,,,,,,,,,,,,,,,,,,,,,,,,,,,,,,,,,,,,,,,,,,,,,,,,,,,,,,2025-08-17T10:56:54.010789Z,,,,,,,,%%8099,,,,,3221226021,,,,,,,,,,,,,,,,GARFIELD,0x48e53,,Administrator,S-1-5-21-2502726253-3859040611-225969357-500,,,,,,HyperVManager/DC01.garfield.htb,,,,,,,,,,,,,,1,,,,,,,,,
2025-08-17T10:57:00.129114Z,5379,DC01.garfield.htb,Microsoft-Windows-Security-Auditing,Security,3578,0,,,,,,,,,,,,,,,,,,,,,,,,,2712,,,,1,,,,,,,,,,,,,,,,,,,,,,,,,,,,,,,,,,,,,,,,,,,,,,,,,,,,,,,,,,,,,,,,,,,,,,,,,,,,,,,,,,,,,2025-08-17T10:56:59.285558Z,,,,,,,,%%8099,,,,,3221226021,,,,,,,,,,,,,,,,GARFIELD,0x48e53,,Administrator,S-1-5-21-2502726253-3859040611-225969357-500,,,,,,Microsoft Virtual Console Service/DC01,,,,,,,,,,,,,,1,,,,,,,,,
2025-08-17T10:57:00.129299Z,5379,DC01.garfield.htb,Microsoft-Windows-Security-Auditing,Security,3579,0,,,,,,,,,,,,,,,,,,,,,,,,,2712,,,,1,,,,,,,,,,,,,,,,,,,,,,,,,,,,,,,,,,,,,,,,,,,,,,,,,,,,,,,,,,,,,,,,,,,,,,,,,,,,,,,,,,,,,2025-08-17T10:56:59.285558Z,,,,,,,,%%8099,,,,,3221226021,,,,,,,,,,,,,,,,GARFIELD,0x48e53,,Administrator,S-1-5-21-2502726253-3859040611-225969357-500,,,,,,{28bfc32f-10f6-4738-98d1-1ac061df716a}:target=DC01,,,,,,,,,,,,,,6,,,,,,,,,
2025-08-17T10:57:00.129359Z,5379,DC01.garfield.htb,Microsoft-Windows-Security-Auditing,Security,3580,0,,,,,,,,,,,,,,,,,,,,,,,,,2712,,,,1,,,,,,,,,,,,,,,,,,,,,,,,,,,,,,,,,,,,,,,,,,,,,,,,,,,,,,,,,,,,,,,,,,,,,,,,,,,,,,,,,,,,,2025-08-17T10:56:59.285558Z,,,,,,,,%%8099,,,,,3221225485,,,,,,,,,,,,,,,,GARFIELD,0x48e53,,Administrator,S-1-5-21-2502726253-3859040611-225969357-500,,,,,,Microsoft Virtual Console Service/DC01,,,,,,,,,,,,,,2,,,,,,,,,
2025-08-17T10:57:00.129388Z,5379,DC01.garfield.htb,Microsoft-Windows-Security-Auditing,Security,3581,0,,,,,,,,,,,,,,,,,,,,,,,,,2712,,,,1,,,,,,,,,,,,,,,,,,,,,,,,,,,,,,,,,,,,,,,,,,,,,,,,,,,,,,,,,,,,,,,,,,,,,,,,,,,,,,,,,,,,,2025-08-17T10:56:59.285558Z,,,,,,,,%%8099,,,,,3221226021,,,,,,,,,,,,,,,,GARFIELD,0x48e53,,Administrator,S-1-5-21-2502726253-3859040611-225969357-500,,,,,,DC01,,,,,,,,,,,,,,1,,,,,,,,,
2025-08-17T10:57:00.129415Z,5379,DC01.garfield.htb,Microsoft-Windows-Security-Auditing,Security,3582,0,,,,,,,,,,,,,,,,,,,,,,,,,2712,,,,1,,,,,,,,,,,,,,,,,,,,,,,,,,,,,,,,,,,,,,,,,,,,,,,,,,,,,,,,,,,,,,,,,,,,,,,,,,,,,,,,,,,,,2025-08-17T10:56:59.285558Z,,,,,,,,%%8099,,,,,3221226021,,,,,,,,,,,,,,,,GARFIELD,0x48e53,,Administrator,S-1-5-21-2502726253-3859040611-225969357-500,,,,,,DC01,,,,,,,,,,,,,,2,,,,,,,,,
2025-08-17T10:57:00.194190Z,5058,DC01.garfield.htb,Microsoft-Windows-Security-Auditing,Security,3583,0,,,,,,,,,UNKNOWN,,,,,,,,,,,,,,,2025-08-17T10:52:18.917108Z,5008,,,,,,,,,,,,,,,,,,,,,,,,,,,,,,,,,,C:\ProgramData\Microsoft\Crypto\RSA\MachineKeys\f37263cfc3e2b071c8833c52b3c657b4_9c32fc58-91ff-4dc6-87b4-7e601db21fd9,,88123667-01b0-4c12-a28b-188cf5dd8a4b,%%2499,,,,,,,,,,,,,,,,,,,,,,,,,,,,,,,,,,,,,,,%%2458,,,,,,,,,,,,,,,,,,Microsoft Software Key Storage Provider,,,,,,,,0x0,,,,,,,,,,,,,,,,NT VIRTUAL MACHINE,0x3478c,,19B5E087-0062-4BC5-8103-68A2AD7ABE3E,S-1-5-83-1-431349895-1271201890-2724725633-1052670637,,,,,,,,,,,,,,,,,,,,,,,,,,,,,
2025-08-17T10:57:00.194497Z,5061,DC01.garfield.htb,Microsoft-Windows-Security-Auditing,Security,3584,0,,,,,,,,,RSA,,,,,,,,,,,,,,,,,,,,,,,,,,,,,,,,,,,,,,,,,,,,,,,,,,,,88123667-01b0-4c12-a28b-188cf5dd8a4b,%%2499,,,,,,,,,,,,,,,,,,,,,,,,,,,,,,,,,,,,,,,%%2480,,,,,,,,,,,,,,,,,,Microsoft Software Key Storage Provider,,,,,,,,0x0,,,,,,,,,,,,,,,,NT VIRTUAL MACHINE,0x3478c,,19B5E087-0062-4BC5-8103-68A2AD7ABE3E,S-1-5-83-1-431349895-1271201890-2724725633-1052670637,,,,,,,,,,,,,,,,,,,,,,,,,,,,,
2025-08-17T10:57:21.189323Z,4672,DC01.garfield.htb,Microsoft-Windows-Security-Auditing,Security,3585,0,,,,,,,,,,,,,,,,,,,,,,,,,,,,,,,,,,,,,,,,,,,,,,,,,,,,,,,,,,,,,,,,,,,,,,,,,,,,,,,,,,,,,,,,,,,,,,,,,,,,,,,,,,,,,,,,,"SeSecurityPrivilege
			SeBackupPrivilege
			SeRestorePrivilege
			SeTakeOwnershipPrivilege
			SeDebugPrivilege
			SeSystemEnvironmentPrivilege
			SeLoadDriverPrivilege
			SeImpersonatePrivilege
			SeDelegateSessionUserImpersonatePrivilege
			SeEnableDelegationPrivilege",,,,,,,,,,,,,,,,,,,,,,,,,,,,,,GARFIELD,0xbc7b8,,DC01$,S-1-5-18,,,,,,,,,,,,,,,,,,,,,,,,,,,,,
2025-08-17T10:57:21.189390Z,4624,DC01.garfield.htb,Microsoft-Windows-Security-Auditing,Security,3586,0,,,,,,,,,,,,,,,,,Kerberos,,,,,,,,,,,,,,,,,,,,,,,,%%1842,,,,,,,,,,,,,%%1833,::1,49940,,,,0,,,-,,,,,035B0D2C-2985-94C3-AE3D-D556DAC8BEFD,,Kerberos,3,,,,,,,,,,,,,,,,,,,,,,,,,,,,,,,,,,,,,,,,,,,,0x0,-,,,,,,,,,,-,,,,,,,,,,,,,,,,,-,0x0,,-,S-1-0-0,GARFIELD.HTB,,0x0,,0xbc7b8,,-,-,,,,,DC01$,S-1-5-18,,,,,-,,,,,,%%1843,,,-,
2025-08-17T10:57:21.190078Z,4634,DC01.garfield.htb,Microsoft-Windows-Security-Auditing,Security,3587,0,,,,,,,,,,,,,,,,,,,,,,,,,,,,,,,,,,,,,,,,,,,,,,,,,,,,,,,,,,,,,,,,,,,,,,,3,,,,,,,,,,,,,,,,,,,,,,,,,,,,,,,,,,,,,,,,,,,,,,,,,,,,,,,,,,,,,,,,,,,,,,,,,,,,,GARFIELD,,,,0xbc7b8,,,,,,,,DC01$,S-1-5-18,,,,,,,,,,,,,,,
2025-08-17T10:57:21.848461Z,4672,DC01.garfield.htb,Microsoft-Windows-Security-Auditing,Security,3588,0,,,,,,,,,,,,,,,,,,,,,,,,,,,,,,,,,,,,,,,,,,,,,,,,,,,,,,,,,,,,,,,,,,,,,,,,,,,,,,,,,,,,,,,,,,,,,,,,,,,,,,,,,,,,,,,,,"SeSecurityPrivilege
			SeBackupPrivilege
			SeRestorePrivilege
			SeTakeOwnershipPrivilege
			SeDebugPrivilege
			SeSystemEnvironmentPrivilege
			SeLoadDriverPrivilege
			SeImpersonatePrivilege
			SeDelegateSessionUserImpersonatePrivilege
			SeEnableDelegationPrivilege",,,,,,,,,,,,,,,,,,,,,,,,,,,,,,GARFIELD,0xbcb23,,DC01$,S-1-5-18,,,,,,,,,,,,,,,,,,,,,,,,,,,,,
2025-08-17T10:57:21.848539Z,4624,DC01.garfield.htb,Microsoft-Windows-Security-Auditing,Security,3589,0,,,,,,,,,,,,,,,,,Kerberos,,,,,,,,,,,,,,,,,,,,,,,,%%1842,,,,,,,,,,,,,%%1833,fe80::c4ff:5747:1d3c:fba0,49941,,,,0,,,-,,,,,3CF6B53B-1D06-741F-F66A-ADC311B77CD6,,Kerberos,3,,,,,,,,,,,,,,,,,,,,,,,,,,,,,,,,,,,,,,,,,,,,0x0,-,,,,,,,,,,-,,,,,,,,,,,,,,,,,-,0x0,,-,S-1-0-0,GARFIELD.HTB,,0x0,,0xbcb23,,-,-,,,,,DC01$,S-1-5-18,,,,,-,,,,,,%%1843,,,-,
2025-08-17T10:57:21.851176Z,4672,DC01.garfield.htb,Microsoft-Windows-Security-Auditing,Security,3590,0,,,,,,,,,,,,,,,,,,,,,,,,,,,,,,,,,,,,,,,,,,,,,,,,,,,,,,,,,,,,,,,,,,,,,,,,,,,,,,,,,,,,,,,,,,,,,,,,,,,,,,,,,,,,,,,,,"SeSecurityPrivilege
			SeBackupPrivilege
			SeRestorePrivilege
			SeTakeOwnershipPrivilege
			SeDebugPrivilege
			SeSystemEnvironmentPrivilege
			SeLoadDriverPrivilege
			SeImpersonatePrivilege
			SeDelegateSessionUserImpersonatePrivilege
			SeEnableDelegationPrivilege",,,,,,,,,,,,,,,,,,,,,,,,,,,,,,GARFIELD,0xbcc1a,,DC01$,S-1-5-18,,,,,,,,,,,,,,,,,,,,,,,,,,,,,
2025-08-17T10:57:21.851224Z,4624,DC01.garfield.htb,Microsoft-Windows-Security-Auditing,Security,3591,0,,,,,,,,,,,,,,,,,Kerberos,,,,,,,,,,,,,,,,,,,,,,,,%%1842,,,,,,,,,,,,,%%1833,::1,0,,,,0,,,-,,,,,3CF6B53B-1D06-741F-F66A-ADC311B77CD6,,Kerberos,3,,,,,,,,,,,,,,,,,,,,,,,,,,,,,,,,,,,,,,,,,,,,0x0,-,,,,,,,,,,-,,,,,,,,,,,,,,,,,-,0x0,,-,S-1-0-0,GARFIELD.HTB,,0x0,,0xbcc1a,,-,-,,,,,DC01$,S-1-5-18,,,,,-,,,,,,%%1843,,,-,
2025-08-17T10:57:21.852834Z,4672,DC01.garfield.htb,Microsoft-Windows-Security-Auditing,Security,3592,0,,,,,,,,,,,,,,,,,,,,,,,,,,,,,,,,,,,,,,,,,,,,,,,,,,,,,,,,,,,,,,,,,,,,,,,,,,,,,,,,,,,,,,,,,,,,,,,,,,,,,,,,,,,,,,,,,"SeSecurityPrivilege
			SeBackupPrivilege
			SeRestorePrivilege
			SeTakeOwnershipPrivilege
			SeDebugPrivilege
			SeSystemEnvironmentPrivilege
			SeLoadDriverPrivilege
			SeImpersonatePrivilege
			SeDelegateSessionUserImpersonatePrivilege
			SeEnableDelegationPrivilege",,,,,,,,,,,,,,,,,,,,,,,,,,,,,,GARFIELD,0xbcc67,,DC01$,S-1-5-18,,,,,,,,,,,,,,,,,,,,,,,,,,,,,
2025-08-17T10:57:21.852879Z,4624,DC01.garfield.htb,Microsoft-Windows-Security-Auditing,Security,3593,0,,,,,,,,,,,,,,,,,Kerberos,,,,,,,,,,,,,,,,,,,,,,,,%%1842,,,,,,,,,,,,,%%1833,192.168.100.1,49942,,,,0,,,-,,,,,3CF6B53B-1D06-741F-F66A-ADC311B77CD6,,Kerberos,3,,,,,,,,,,,,,,,,,,,,,,,,,,,,,,,,,,,,,,,,,,,,0x0,-,,,,,,,,,,-,,,,,,,,,,,,,,,,,-,0x0,,-,S-1-0-0,GARFIELD.HTB,,0x0,,0xbcc67,,-,-,,,,,DC01$,S-1-5-18,,,,,-,,,,,,%%1843,,,-,
2025-08-17T10:57:21.964852Z,4634,DC01.garfield.htb,Microsoft-Windows-Security-Auditing,Security,3594,0,,,,,,,,,,,,,,,,,,,,,,,,,,,,,,,,,,,,,,,,,,,,,,,,,,,,,,,,,,,,,,,,,,,,,,,3,,,,,,,,,,,,,,,,,,,,,,,,,,,,,,,,,,,,,,,,,,,,,,,,,,,,,,,,,,,,,,,,,,,,,,,,,,,,,GARFIELD,,,,0xbcc67,,,,,,,,DC01$,S-1-5-18,,,,,,,,,,,,,,,
2025-08-17T10:57:21.964954Z,4634,DC01.garfield.htb,Microsoft-Windows-Security-Auditing,Security,3595,0,,,,,,,,,,,,,,,,,,,,,,,,,,,,,,,,,,,,,,,,,,,,,,,,,,,,,,,,,,,,,,,,,,,,,,,3,,,,,,,,,,,,,,,,,,,,,,,,,,,,,,,,,,,,,,,,,,,,,,,,,,,,,,,,,,,,,,,,,,,,,,,,,,,,,GARFIELD,,,,0xbcc1a,,,,,,,,DC01$,S-1-5-18,,,,,,,,,,,,,,,
2025-08-17T10:57:21.966916Z,4634,DC01.garfield.htb,Microsoft-Windows-Security-Auditing,Security,3596,0,,,,,,,,,,,,,,,,,,,,,,,,,,,,,,,,,,,,,,,,,,,,,,,,,,,,,,,,,,,,,,,,,,,,,,,3,,,,,,,,,,,,,,,,,,,,,,,,,,,,,,,,,,,,,,,,,,,,,,,,,,,,,,,,,,,,,,,,,,,,,,,,,,,,,GARFIELD,,,,0xbcb23,,,,,,,,DC01$,S-1-5-18,,,,,,,,,,,,,,,
2025-08-17T10:57:22.072315Z,4672,DC01.garfield.htb,Microsoft-Windows-Security-Auditing,Security,3597,0,,,,,,,,,,,,,,,,,,,,,,,,,,,,,,,,,,,,,,,,,,,,,,,,,,,,,,,,,,,,,,,,,,,,,,,,,,,,,,,,,,,,,,,,,,,,,,,,,,,,,,,,,,,,,,,,,"SeSecurityPrivilege
			SeBackupPrivilege
			SeRestorePrivilege
			SeTakeOwnershipPrivilege
			SeDebugPrivilege
			SeSystemEnvironmentPrivilege
			SeLoadDriverPrivilege
			SeImpersonatePrivilege
			SeDelegateSessionUserImpersonatePrivilege
			SeEnableDelegationPrivilege",,,,,,,,,,,,,,,,,,,,,,,,,,,,,,GARFIELD,0xbd175,,DC01$,S-1-5-18,,,,,,,,,,,,,,,,,,,,,,,,,,,,,
2025-08-17T10:57:22.072372Z,4624,DC01.garfield.htb,Microsoft-Windows-Security-Auditing,Security,3598,0,,,,,,,,,,,,,,,,,Kerberos,,,,,,,,,,,,,,,,,,,,,,,,%%1842,,,,,,,,,,,,,%%1833,fe80::c4ff:5747:1d3c:fba0,49945,,,,0,,,-,,,,,035B0D2C-2985-94C3-AE3D-D556DAC8BEFD,,Kerberos,3,,,,,,,,,,,,,,,,,,,,,,,,,,,,,,,,,,,,,,,,,,,,0x0,-,,,,,,,,,,-,,,,,,,,,,,,,,,,,-,0x0,,-,S-1-0-0,GARFIELD.HTB,,0x0,,0xbd175,,-,-,,,,,DC01$,S-1-5-18,,,,,-,,,,,,%%1843,,,-,
2025-08-17T10:57:22.074864Z,4634,DC01.garfield.htb,Microsoft-Windows-Security-Auditing,Security,3599,0,,,,,,,,,,,,,,,,,,,,,,,,,,,,,,,,,,,,,,,,,,,,,,,,,,,,,,,,,,,,,,,,,,,,,,,3,,,,,,,,,,,,,,,,,,,,,,,,,,,,,,,,,,,,,,,,,,,,,,,,,,,,,,,,,,,,,,,,,,,,,,,,,,,,,GARFIELD,,,,0xbd175,,,,,,,,DC01$,S-1-5-18,,,,,,,,,,,,,,,
2025-08-17T10:57:22.076097Z,4672,DC01.garfield.htb,Microsoft-Windows-Security-Auditing,Security,3600,0,,,,,,,,,,,,,,,,,,,,,,,,,,,,,,,,,,,,,,,,,,,,,,,,,,,,,,,,,,,,,,,,,,,,,,,,,,,,,,,,,,,,,,,,,,,,,,,,,,,,,,,,,,,,,,,,,"SeSecurityPrivilege
			SeBackupPrivilege
			SeRestorePrivilege
			SeTakeOwnershipPrivilege
			SeDebugPrivilege
			SeSystemEnvironmentPrivilege
			SeLoadDriverPrivilege
			SeImpersonatePrivilege
			SeDelegateSessionUserImpersonatePrivilege
			SeEnableDelegationPrivilege",,,,,,,,,,,,,,,,,,,,,,,,,,,,,,GARFIELD,0xbd1f5,,DC01$,S-1-5-18,,,,,,,,,,,,,,,,,,,,,,,,,,,,,
2025-08-17T10:57:22.076143Z,4624,DC01.garfield.htb,Microsoft-Windows-Security-Auditing,Security,3601,0,,,,,,,,,,,,,,,,,Kerberos,,,,,,,,,,,,,,,,,,,,,,,,%%1842,,,,,,,,,,,,,%%1833,fe80::c4ff:5747:1d3c:fba0,49946,,,,0,,,-,,,,,035B0D2C-2985-94C3-AE3D-D556DAC8BEFD,,Kerberos,3,,,,,,,,,,,,,,,,,,,,,,,,,,,,,,,,,,,,,,,,,,,,0x0,-,,,,,,,,,,-,,,,,,,,,,,,,,,,,-,0x0,,-,S-1-0-0,GARFIELD.HTB,,0x0,,0xbd1f5,,-,-,,,,,DC01$,S-1-5-18,,,,,-,,,,,,%%1843,,,-,
2025-08-17T10:57:22.079366Z,4634,DC01.garfield.htb,Microsoft-Windows-Security-Auditing,Security,3602,0,,,,,,,,,,,,,,,,,,,,,,,,,,,,,,,,,,,,,,,,,,,,,,,,,,,,,,,,,,,,,,,,,,,,,,,3,,,,,,,,,,,,,,,,,,,,,,,,,,,,,,,,,,,,,,,,,,,,,,,,,,,,,,,,,,,,,,,,,,,,,,,,,,,,,GARFIELD,,,,0xbd1f5,,,,,,,,DC01$,S-1-5-18,,,,,,,,,,,,,,,
2025-08-17T10:57:23.123702Z,4672,DC01.garfield.htb,Microsoft-Windows-Security-Auditing,Security,3603,0,,,,,,,,,,,,,,,,,,,,,,,,,,,,,,,,,,,,,,,,,,,,,,,,,,,,,,,,,,,,,,,,,,,,,,,,,,,,,,,,,,,,,,,,,,,,,,,,,,,,,,,,,,,,,,,,,"SeSecurityPrivilege
			SeBackupPrivilege
			SeRestorePrivilege
			SeTakeOwnershipPrivilege
			SeDebugPrivilege
			SeSystemEnvironmentPrivilege
			SeLoadDriverPrivilege
			SeImpersonatePrivilege
			SeDelegateSessionUserImpersonatePrivilege
			SeEnableDelegationPrivilege",,,,,,,,,,,,,,,,,,,,,,,,,,,,,,GARFIELD,0xbd487,,DC01$,S-1-5-18,,,,,,,,,,,,,,,,,,,,,,,,,,,,,
2025-08-17T10:57:23.123895Z,4624,DC01.garfield.htb,Microsoft-Windows-Security-Auditing,Security,3604,0,,,,,,,,,,,,,,,,,Kerberos,,,,,,,,,,,,,,,,,,,,,,,,%%1842,,,,,,,,,,,,,%%1833,fe80::c4ff:5747:1d3c:fba0,49948,,,,0,,,-,,,,,035B0D2C-2985-94C3-AE3D-D556DAC8BEFD,,Kerberos,3,,,,,,,,,,,,,,,,,,,,,,,,,,,,,,,,,,,,,,,,,,,,0x0,-,,,,,,,,,,-,,,,,,,,,,,,,,,,,-,0x0,,-,S-1-0-0,GARFIELD.HTB,,0x0,,0xbd487,,-,-,,,,,DC01$,S-1-5-18,,,,,-,,,,,,%%1843,,,-,
2025-08-17T10:58:21.202809Z,4672,DC01.garfield.htb,Microsoft-Windows-Security-Auditing,Security,3605,0,,,,,,,,,,,,,,,,,,,,,,,,,,,,,,,,,,,,,,,,,,,,,,,,,,,,,,,,,,,,,,,,,,,,,,,,,,,,,,,,,,,,,,,,,,,,,,,,,,,,,,,,,,,,,,,,,"SeSecurityPrivilege
			SeBackupPrivilege
			SeRestorePrivilege
			SeTakeOwnershipPrivilege
			SeDebugPrivilege
			SeSystemEnvironmentPrivilege
			SeLoadDriverPrivilege
			SeImpersonatePrivilege
			SeDelegateSessionUserImpersonatePrivilege
			SeEnableDelegationPrivilege",,,,,,,,,,,,,,,,,,,,,,,,,,,,,,GARFIELD,0xc9f83,,DC01$,S-1-5-18,,,,,,,,,,,,,,,,,,,,,,,,,,,,,
2025-08-17T10:58:21.202866Z,4624,DC01.garfield.htb,Microsoft-Windows-Security-Auditing,Security,3606,0,,,,,,,,,,,,,,,,,Kerberos,,,,,,,,,,,,,,,,,,,,,,,,%%1842,,,,,,,,,,,,,%%1833,::1,49956,,,,0,,,-,,,,,035B0D2C-2985-94C3-AE3D-D556DAC8BEFD,,Kerberos,3,,,,,,,,,,,,,,,,,,,,,,,,,,,,,,,,,,,,,,,,,,,,0x0,-,,,,,,,,,,-,,,,,,,,,,,,,,,,,-,0x0,,-,S-1-0-0,GARFIELD.HTB,,0x0,,0xc9f83,,-,-,,,,,DC01$,S-1-5-18,,,,,-,,,,,,%%1843,,,-,
2025-08-17T10:58:21.203443Z,4634,DC01.garfield.htb,Microsoft-Windows-Security-Auditing,Security,3607,0,,,,,,,,,,,,,,,,,,,,,,,,,,,,,,,,,,,,,,,,,,,,,,,,,,,,,,,,,,,,,,,,,,,,,,,3,,,,,,,,,,,,,,,,,,,,,,,,,,,,,,,,,,,,,,,,,,,,,,,,,,,,,,,,,,,,,,,,,,,,,,,,,,,,,GARFIELD,,,,0xc9f83,,,,,,,,DC01$,S-1-5-18,,,,,,,,,,,,,,,
2025-08-17T10:59:09.609845Z,4634,DC01.garfield.htb,Microsoft-Windows-Security-Auditing,Security,3608,0,,,,,,,,,,,,,,,,,,,,,,,,,,,,,,,,,,,,,,,,,,,,,,,,,,,,,,,,,,,,,,,,,,,,,,,3,,,,,,,,,,,,,,,,,,,,,,,,,,,,,,,,,,,,,,,,,,,,,,,,,,,,,,,,,,,,,,,,,,,,,,,,,,,,,GARFIELD,,,,0xbd487,,,,,,,,DC01$,S-1-5-18,,,,,,,,,,,,,,,
2025-08-17T10:59:21.215173Z,4672,DC01.garfield.htb,Microsoft-Windows-Security-Auditing,Security,3609,0,,,,,,,,,,,,,,,,,,,,,,,,,,,,,,,,,,,,,,,,,,,,,,,,,,,,,,,,,,,,,,,,,,,,,,,,,,,,,,,,,,,,,,,,,,,,,,,,,,,,,,,,,,,,,,,,,"SeSecurityPrivilege
			SeBackupPrivilege
			SeRestorePrivilege
			SeTakeOwnershipPrivilege
			SeDebugPrivilege
			SeSystemEnvironmentPrivilege
			SeLoadDriverPrivilege
			SeImpersonatePrivilege
			SeDelegateSessionUserImpersonatePrivilege
			SeEnableDelegationPrivilege",,,,,,,,,,,,,,,,,,,,,,,,,,,,,,GARFIELD,0xd260f,,DC01$,S-1-5-18,,,,,,,,,,,,,,,,,,,,,,,,,,,,,
2025-08-17T10:59:21.215230Z,4624,DC01.garfield.htb,Microsoft-Windows-Security-Auditing,Security,3610,0,,,,,,,,,,,,,,,,,Kerberos,,,,,,,,,,,,,,,,,,,,,,,,%%1842,,,,,,,,,,,,,%%1833,::1,49959,,,,0,,,-,,,,,035B0D2C-2985-94C3-AE3D-D556DAC8BEFD,,Kerberos,3,,,,,,,,,,,,,,,,,,,,,,,,,,,,,,,,,,,,,,,,,,,,0x0,-,,,,,,,,,,-,,,,,,,,,,,,,,,,,-,0x0,,-,S-1-0-0,GARFIELD.HTB,,0x0,,0xd260f,,-,-,,,,,DC01$,S-1-5-18,,,,,-,,,,,,%%1843,,,-,
2025-08-17T10:59:21.215988Z,4634,DC01.garfield.htb,Microsoft-Windows-Security-Auditing,Security,3611,0,,,,,,,,,,,,,,,,,,,,,,,,,,,,,,,,,,,,,,,,,,,,,,,,,,,,,,,,,,,,,,,,,,,,,,,3,,,,,,,,,,,,,,,,,,,,,,,,,,,,,,,,,,,,,,,,,,,,,,,,,,,,,,,,,,,,,,,,,,,,,,,,,,,,,GARFIELD,,,,0xd260f,,,,,,,,DC01$,S-1-5-18,,,,,,,,,,,,,,,
