2026-04-01T23:30:40.871077Z,"{'#attributes': {'Qualifiers': 16384}, '#text': 16384}",DC01.garfield.htb,Microsoft-Windows-Security-SPP,Application,3917,4,,,,,,2126-03-08T23:30:40Z,RulesEngine,,,,,,,,,,,,,,,,,,,,,,,,,,,,,,,,,,,,,,,,,,,,,,
2026-04-01T23:36:20.189221Z,"{'#attributes': {'Qualifiers': 32768}, '#text': 6000}",DC01.garfield.htb,Microsoft-Windows-Winlogon,Application,3918,4,,,D9060000,,WSearch,,,,,,,,,,,,,,,,,,,,,,,,,,,,,,,,,,,,,,,,,,,,,,,,
2026-04-01T23:36:28.964752Z,"{'#attributes': {'Qualifiers': 0}, '#text': 260}",DC01.garfield.htb,VMUpgradeHelper,Application,3919,4,,,,,,,,,,,,,,,,,,,,,,,,,,,,,,,,,,,,,,,,,,,,,,,,,,,,,
2026-04-01T23:36:28.964752Z,"{'#attributes': {'Qualifiers': 0}, '#text': 272}",DC01.garfield.htb,VMUpgradeHelper,Application,3920,4,,,,,,,,,,,,,,,,,,,,,,,,,,,,,,,,,,,,,,,,,,,,,,,,,,,,,
2026-04-01T23:36:28.973248Z,"{'#attributes': {'Qualifiers': 0}, '#text': 108}",DC01.garfield.htb,VMTools,Application,3921,4,,,,,,,,,,,,,,,,,,,,,,,,,,,,,,,,,,,,,,,,,,,,,,,,,,,,,
2026-04-01T23:36:29.162753Z,"{'#attributes': {'Qualifiers': 16384}, '#text': 4111}",DC01.garfield.htb,Microsoft-Windows-MSDTC,Application,3922,4,,,4D005300440054004300,,,,,,,,,,,,,,,,,,,,,,,,,,,,,,,,,,,,,,,,,,,,,,,,,,
2026-04-01T23:36:29.256397Z,1532,DC01.garfield.htb,Microsoft-Windows-User Profiles Service,Application,3923,4,,,,,,,,,,,,,,,,,,,,,,,,,,,,,,,,,,,,,,,,,,,,,,,,,,,,,
2026-04-02T00:10:58.868709Z,"{'#attributes': {'Qualifiers': 16384}, '#text': 4625}",DC01,Microsoft-Windows-EventSystem,Application,3924,4,,,,,,,,,,,,,,,,,,,,,,,,,,,,,,,,,,,,,,,,,,86400,,,,SuppressDuplicateDuration,Software\Microsoft\EventSystem\EventLog,,,,,,
2026-04-02T00:10:58.914248Z,1531,DC01.garfield.htb,Microsoft-Windows-User Profiles Service,Application,3925,4,,,,,,,,,,,,,,,,,,,,,,,,,,,,,,,,,,,,,,,,,,,,,,,,,,,,,
2026-04-02T00:10:59.587146Z,5615,DC01.garfield.htb,Microsoft-Windows-WMI,Application,3926,4,,,,,,,,,,,,,,,,,,,,,,,,,,,,,,,,,,,,,,,,,,,,,,,,,,,,,
2026-04-02T00:11:01.562326Z,5617,DC01.garfield.htb,Microsoft-Windows-WMI,Application,3927,4,,,,,,,,,,,,,,,,,,,,,,,,,,,,,,,,,,,,,,,,,,,,,,,,,,,,,
2026-04-02T00:11:29.925490Z,"{'#attributes': {'Qualifiers': 0}, '#text': 105}",DC01.garfield.htb,VMTools,Application,3928,4,,,,,,,,,,,,,,,,,,,,,,,,,,,,,,,,,,,,,,,,,,,,,,,,,,,,,
2026-04-02T00:11:30.269250Z,"{'#attributes': {'Qualifiers': 16384}, '#text': 9027}",DC01.garfield.htb,Desktop Window Manager,Application,3929,4,,,,,,,,,,,,,,,,,,,,,,,,,,,,,,,,,,,,,,,,,,,,,,,,,,,,,
2026-04-02T00:11:31.081740Z,"{'#attributes': {'Qualifiers': 16384}, '#text': 781}",DC01.garfield.htb,Microsoft-Windows-Complus,Application,3930,4,,,,,,,,,,,,,,,,,,,,,,,,,,,,,,,,,,,,,,,,,,86400,,,,SuppressDuplicateDuration,Software\Microsoft\COM3\Eventlog,,,,,,
2026-04-02T00:11:31.191111Z,"{'#attributes': {'Qualifiers': 0}, '#text': 258}",DC01.garfield.htb,VMUpgradeHelper,Application,3931,4,,,,,,,,,,,,,,,,,,,,,,,,,,,,,,,,,,,,,,,,,,,,,,,,,,,,,
2026-04-02T00:11:31.503612Z,"{'#attributes': {'Qualifiers': 0}, '#text': 271}",DC01.garfield.htb,VMUpgradeHelper,Application,3932,4,,,,,,,,,,,,,,,,,,,,,,,,,,,,,,,,,,,,,,,,,,,,,,,,,,,,,
2026-04-02T00:11:31.675479Z,"{'#attributes': {'Qualifiers': 16384}, '#text': 4202}",DC01.garfield.htb,Microsoft-Windows-MSDTC 2,Application,3933,4,,,,,,,,,,,,,,,,,,,,,,,,,,,,,,,,,,,,,,,,,,0,0,0,1,0,0,0,0,0,1,Mutual Authentication Required,NT AUTHORITY\NetworkService
2026-04-02T00:11:48.191174Z,"{'#attributes': {'Qualifiers': 0}, '#text': 102}",DC01.garfield.htb,ESENT,Application,3934,4,,,,,,DFSRs,"2796,P,98",,,,,,,,,,,\\.\C:\System Volume Information\DFSR\database_DE92_FCB3_BB12_A7B1\dfsr.db: ,,,,0,10,00,17763,0000,,,,,,,,,,,,,,,,,,,,,,,,,,,
2026-04-02T00:11:48.284865Z,"{'#attributes': {'Qualifiers': 0}, '#text': 105}",DC01.garfield.htb,ESENT,Application,3935,4,,,,,,DFSRs,"2796,D,0",,,,,,,,,,,\\.\C:\System Volume Information\DFSR\database_DE92_FCB3_BB12_A7B1\dfsr.db: ,,,,0,0,"
[1] 0.009709 +J(0) +M(C:0K, Fs:263, WS:960K # 992K, PF:6264K # 6368K, P:6264K)
[2] 0.000276 +J(0) +M(C:16K, Fs:92, WS:364K # 332K, PF:304K # 196K, P:304K)
[3] 0.000022 +J(0) +M(C:0K, Fs:5, WS:16K # 16K, PF:68K # 68K, P:68K)
[4] 0.000186 +J(0) +M(C:2032K, Fs:37, WS:140K # 140K, PF:2432K # 2432K, P:2432K)
[5] 0.000748 +J(0) +M(C:0K, Fs:9, WS:36K # 36K, PF:24K # 24K, P:24K)
[6] 0.000981 +J(0) +M(C:0K, Fs:10, WS:40K # 40K, PF:12K # 12K, P:12K)
[7] -
[8] -
[9] -
[10] -
[11] -
[12] -
[13] 0.081532 -0.069010 (36) WT +J(CM:0, PgRf:0, Rd:0/0, Dy:0/0, Lg:616/1) +M(C:0K, Fs:1421, WS:560K # 5660K, PF:32K # 5156K, P:32K)
[14] 0.000022 +J(0) +M(C:0K, Fs:1, WS:4K # 0K, PF:0K # 0K, P:0K)
[15] 0.000098 +J(0) +M(C:0K, Fs:64, WS:256K # 0K, PF:64K # 0K, P:64K)
[16] 0.011864 -0.000209 (3) WT +J(0) +M(C:0K, Fs:6, WS:16K # 0K, PF:4K # 0K, P:4K).",,,,,,,,,,,,,,,,,,,,,,,,,,,,,
2026-04-02T00:11:48.300497Z,"{'#attributes': {'Qualifiers': 0}, '#text': 637}",DC01.garfield.htb,ESENT,Application,3936,4,,,,,,DFSRs,"2796,D,35",,,,,,,,,,,\\.\C:\System Volume Information\DFSR\database_DE92_FCB3_BB12_A7B1\dfsr.db: ,,,,\\.\C:\System Volume Information\DFSR\database_DE92_FCB3_BB12_A7B1\dfsr.jfm,,,,,,,,,,,,,,,,,,,,,,,,,,,,,,,
2026-04-02T00:11:48.370971Z,"{'#attributes': {'Qualifiers': 0}, '#text': 325}",DC01.garfield.htb,ESENT,Application,3937,4,,,,,,DFSRs,"2796,D,35",,,,,,,,,,,\\.\C:\System Volume Information\DFSR\database_DE92_FCB3_BB12_A7B1\dfsr.db: ,,,,1,\\.\C:\System Volume Information\DFSR\database_DE92_FCB3_BB12_A7B1\dfsr.db,0,"
[1] 0.000079 +J(0) +M(C:0K, Fs:3, WS:12K # 0K, PF:8K # 0K, P:8K)
[2] 0.003845 -0.000187 (1) WT +J(CM:0, PgRf:0, Rd:0/0, Dy:0/0, Lg:3480/2) +M(C:0K, Fs:1, WS:4K # 0K, PF:0K # 0K, P:0K)
[3] 0.015391 -0.000003 (3) WT +J(0) +M(C:0K, Fs:18, WS:64K # 0K, PF:40K # 0K, P:40K)
[4] 0.000228 +J(0)
[5] 0.000137 +J(CM:0, PgRf:3, Rd:0/0, Dy:3/6, Lg:122/4) +M(C:0K, Fs:36, WS:140K # 0K, PF:152K # 0K, P:152K)
[6] 0.002505 -0.000313 (1) WT +J(CM:0, PgRf:209, Rd:0/0, Dy:12/408, Lg:24454/447) +M(C:0K, Fs:63, WS:252K # 0K, PF:220K # 0K, P:220K)
[7] 0.000717 -0.000193 (1) WT +J(CM:0, PgRf:0, Rd:0/0, Dy:0/0, Lg:4096/2) +M(C:0K, Fs:1, WS:4K # 0K, PF:0K # 0K, P:0K)
[8] 0.000004 +J(0)
[9] 0.033884 -0.032639 (3) WT +J(0) +M(C:-52K, Fs:21, WS:12K # 0K, PF:48K # 0K, P:48K)
[10] 0.016924 -0.015016 (5) WT +J(CM:0, PgRf:346, Rd:0/0, Dy:7/93, Lg:12509/128) +M(C:12K, Fs:31, WS:116K # 0K, PF:96K # 0K, P:96K)
[11] 0.000003 +J(0).",0 0,lgposCreate = 00000001:0001:0268,,,,,,,,,,,,,,,,,,,,,,,,,,
2026-04-02T00:13:05.987049Z,"{'#attributes': {'Qualifiers': 32768}, '#text': 6000}",DC01.garfield.htb,Microsoft-Windows-Winlogon,Application,3938,4,,,D9060000,,WSearch,,,,,,,,,,,,,,,,,,,,,,,,,,,,,,,,,,,,,,,,,,,,,,,,
2026-04-02T00:13:13.752671Z,"{'#attributes': {'Qualifiers': 0}, '#text': 260}",DC01.garfield.htb,VMUpgradeHelper,Application,3939,4,,,,,,,,,,,,,,,,,,,,,,,,,,,,,,,,,,,,,,,,,,,,,,,,,,,,,
2026-04-02T00:13:13.752671Z,"{'#attributes': {'Qualifiers': 0}, '#text': 272}",DC01.garfield.htb,VMUpgradeHelper,Application,3940,4,,,,,,,,,,,,,,,,,,,,,,,,,,,,,,,,,,,,,,,,,,,,,,,,,,,,,
2026-04-02T00:13:13.752671Z,"{'#attributes': {'Qualifiers': 0}, '#text': 108}",DC01.garfield.htb,VMTools,Application,3941,4,,,,,,,,,,,,,,,,,,,,,,,,,,,,,,,,,,,,,,,,,,,,,,,,,,,,,
2026-04-02T00:13:14.058370Z,1532,DC01.garfield.htb,Microsoft-Windows-User Profiles Service,Application,3942,4,,,,,,,,,,,,,,,,,,,,,,,,,,,,,,,,,,,,,,,,,,,,,,,,,,,,,
2026-04-07T00:23:08.521529Z,1531,DC01.garfield.htb,Microsoft-Windows-User Profiles Service,Application,3943,4,,,,,,,,,,,,,,,,,,,,,,,,,,,,,,,,,,,,,,,,,,,,,,,,,,,,,
2026-04-07T00:23:09.165316Z,5615,DC01.garfield.htb,Microsoft-Windows-WMI,Application,3944,4,,,,,,,,,,,,,,,,,,,,,,,,,,,,,,,,,,,,,,,,,,,,,,,,,,,,,
2026-04-07T00:23:10.036145Z,5617,DC01.garfield.htb,Microsoft-Windows-WMI,Application,3945,4,,,,,,,,,,,,,,,,,,,,,,,,,,,,,,,,,,,,,,,,,,,,,,,,,,,,,
2026-04-07T00:23:36.625268Z,"{'#attributes': {'Qualifiers': 0}, '#text': 105}",DC01.garfield.htb,VMTools,Application,3946,4,,,,,,,,,,,,,,,,,,,,,,,,,,,,,,,,,,,,,,,,,,,,,,,,,,,,,
2026-04-07T00:23:37.031529Z,"{'#attributes': {'Qualifiers': 16384}, '#text': 9027}",DC01.garfield.htb,Desktop Window Manager,Application,3947,4,,,,,,,,,,,,,,,,,,,,,,,,,,,,,,,,,,,,,,,,,,,,,,,,,,,,,
2026-04-07T00:23:37.515891Z,"{'#attributes': {'Qualifiers': 0}, '#text': 258}",DC01.garfield.htb,VMUpgradeHelper,Application,3948,4,,,,,,,,,,,,,,,,,,,,,,,,,,,,,,,,,,,,,,,,,,,,,,,,,,,,,
2026-04-07T00:23:37.656515Z,"{'#attributes': {'Qualifiers': 16384}, '#text': 781}",DC01.garfield.htb,Microsoft-Windows-Complus,Application,3949,4,,,,,,,,,,,,,,,,,,,,,,,,,,,,,,,,,,,,,,,,,,86400,,,,SuppressDuplicateDuration,Software\Microsoft\COM3\Eventlog,,,,,,
2026-04-07T00:23:37.734638Z,"{'#attributes': {'Qualifiers': 0}, '#text': 271}",DC01.garfield.htb,VMUpgradeHelper,Application,3950,4,,,,,,,,,,,,,,,,,,,,,,,,,,,,,,,,,,,,,,,,,,,,,,,,,,,,,
2026-04-07T00:23:38.000271Z,"{'#attributes': {'Qualifiers': 16384}, '#text': 4202}",DC01.garfield.htb,Microsoft-Windows-MSDTC 2,Application,3951,4,,,,,,,,,,,,,,,,,,,,,,,,,,,,,,,,,,,,,,,,,,0,0,0,1,0,0,0,0,0,1,Mutual Authentication Required,NT AUTHORITY\NetworkService
2026-04-07T00:23:38.547136Z,"{'#attributes': {'Qualifiers': 0}, '#text': 1000}",DC01.garfield.htb,VGAuth,Application,3952,0,,,,,vmtoolsd: Username and password mismatch for 'Administrator',,,,,,,,,,,,,,,,,,,,,,,,,,,,,,,,,,,,,,,,,,,,,,,,
2026-04-07T00:23:45.000282Z,"{'#attributes': {'Qualifiers': 0}, '#text': 1000}",DC01.garfield.htb,VGAuth,Application,3953,0,,,,,vmtoolsd: Username and password mismatch for 'Administrator',,,,,,,,,,,,,,,,,,,,,,,,,,,,,,,,,,,,,,,,,,,,,,,,
2026-04-07T00:23:51.156522Z,"{'#attributes': {'Qualifiers': 0}, '#text': 1000}",DC01.garfield.htb,VGAuth,Application,3954,0,,,,,vmtoolsd: Username and password successfully validated for 'Administrator',,,,,,,,,,,,,,,,,,,,,,,,,,,,,,,,,,,,,,,,,,,,,,,,
2026-04-07T00:23:52.172277Z,"{'#attributes': {'Qualifiers': 0}, '#text': 1000}",DC01.garfield.htb,VGAuth,Application,3955,0,,,,,vmtoolsd: Username and password successfully validated for 'Administrator',,,,,,,,,,,,,,,,,,,,,,,,,,,,,,,,,,,,,,,,,,,,,,,,
2026-04-07T00:23:52.234691Z,"{'#attributes': {'Qualifiers': 0}, '#text': 1000}",DC01.garfield.htb,VGAuth,Application,3956,0,,,,,vmtoolsd: Username and password successfully validated for 'Administrator',,,,,,,,,,,,,,,,,,,,,,,,,,,,,,,,,,,,,,,,,,,,,,,,
2026-04-07T00:23:52.344101Z,"{'#attributes': {'Qualifiers': 0}, '#text': 1000}",DC01.garfield.htb,VGAuth,Application,3957,0,,,,,vmtoolsd: Username and password successfully validated for 'Administrator',,,,,,,,,,,,,,,,,,,,,,,,,,,,,,,,,,,,,,,,,,,,,,,,
2026-04-07T00:23:52.406520Z,"{'#attributes': {'Qualifiers': 0}, '#text': 1000}",DC01.garfield.htb,VGAuth,Application,3958,0,,,,,vmtoolsd: Username and password successfully validated for 'Administrator',,,,,,,,,,,,,,,,,,,,,,,,,,,,,,,,,,,,,,,,,,,,,,,,
2026-04-07T00:23:52.437773Z,"{'#attributes': {'Qualifiers': 0}, '#text': 1000}",DC01.garfield.htb,VGAuth,Application,3959,0,,,,,vmtoolsd: Username and password successfully validated for 'Administrator',,,,,,,,,,,,,,,,,,,,,,,,,,,,,,,,,,,,,,,,,,,,,,,,
2026-04-07T00:23:52.469011Z,"{'#attributes': {'Qualifiers': 0}, '#text': 1000}",DC01.garfield.htb,VGAuth,Application,3960,0,,,,,vmtoolsd: Username and password successfully validated for 'Administrator',,,,,,,,,,,,,,,,,,,,,,,,,,,,,,,,,,,,,,,,,,,,,,,,
2026-04-07T00:23:53.765901Z,"{'#attributes': {'Qualifiers': 0}, '#text': 1000}",DC01.garfield.htb,VGAuth,Application,3961,0,,,,,vmtoolsd: Username and password successfully validated for 'Administrator',,,,,,,,,,,,,,,,,,,,,,,,,,,,,,,,,,,,,,,,,,,,,,,,
2026-04-07T00:23:54.140919Z,"{'#attributes': {'Qualifiers': 0}, '#text': 1000}",DC01.garfield.htb,VGAuth,Application,3962,0,,,,,vmtoolsd: Username and password successfully validated for 'Administrator',,,,,,,,,,,,,,,,,,,,,,,,,,,,,,,,,,,,,,,,,,,,,,,,
2026-04-07T00:23:54.547149Z,"{'#attributes': {'Qualifiers': 0}, '#text': 1000}",DC01.garfield.htb,VGAuth,Application,3963,0,,,,,vmtoolsd: Username and password successfully validated for 'Administrator',,,,,,,,,,,,,,,,,,,,,,,,,,,,,,,,,,,,,,,,,,,,,,,,
2026-04-07T00:23:54.969086Z,"{'#attributes': {'Qualifiers': 0}, '#text': 1000}",DC01.garfield.htb,VGAuth,Application,3964,0,,,,,vmtoolsd: Username and password successfully validated for 'Administrator',,,,,,,,,,,,,,,,,,,,,,,,,,,,,,,,,,,,,,,,,,,,,,,,
2026-04-07T00:23:55.359730Z,"{'#attributes': {'Qualifiers': 0}, '#text': 1000}",DC01.garfield.htb,VGAuth,Application,3965,0,,,,,vmtoolsd: Username and password successfully validated for 'Administrator',,,,,,,,,,,,,,,,,,,,,,,,,,,,,,,,,,,,,,,,,,,,,,,,
2026-04-07T00:23:57.774452Z,1023,DC01.garfield.htb,Microsoft-Windows-Perflib,Application,3966,2,,,,,,,,,,,,,,,,,,,,,,,,,,,,,,C:\Windows\system32\ntdsperf.dll,,,,,,,126,,,,,,,,,,,,,,,,
2026-04-07T00:24:00.890887Z,"{'#attributes': {'Qualifiers': 0}, '#text': 1000}",DC01.garfield.htb,VGAuth,Application,3967,0,,,,,vmtoolsd: Username and password successfully validated for 'Administrator',,,,,,,,,,,,,,,,,,,,,,,,,,,,,,,,,,,,,,,,,,,,,,,,
2026-04-07T00:24:01.922150Z,"{'#attributes': {'Qualifiers': 0}, '#text': 1000}",DC01.garfield.htb,VGAuth,Application,3968,0,,,,,vmtoolsd: Username and password successfully validated for 'Administrator',,,,,,,,,,,,,,,,,,,,,,,,,,,,,,,,,,,,,,,,,,,,,,,,
2026-04-07T00:24:01.953389Z,"{'#attributes': {'Qualifiers': 0}, '#text': 1000}",DC01.garfield.htb,VGAuth,Application,3969,0,,,,,vmtoolsd: Username and password successfully validated for 'Administrator',,,,,,,,,,,,,,,,,,,,,,,,,,,,,,,,,,,,,,,,,,,,,,,,
2026-04-07T00:24:01.984640Z,"{'#attributes': {'Qualifiers': 0}, '#text': 1000}",DC01.garfield.htb,VGAuth,Application,3970,0,,,,,vmtoolsd: Username and password successfully validated for 'Administrator',,,,,,,,,,,,,,,,,,,,,,,,,,,,,,,,,,,,,,,,,,,,,,,,
2026-04-07T00:24:02.064231Z,"{'#attributes': {'Qualifiers': 0}, '#text': 1000}",DC01.garfield.htb,VGAuth,Application,3971,0,,,,,vmtoolsd: Username and password successfully validated for 'Administrator',,,,,,,,,,,,,,,,,,,,,,,,,,,,,,,,,,,,,,,,,,,,,,,,
2026-04-07T00:24:02.172230Z,"{'#attributes': {'Qualifiers': 0}, '#text': 1000}",DC01.garfield.htb,VGAuth,Application,3972,0,,,,,vmtoolsd: Username and password successfully validated for 'Administrator',,,,,,,,,,,,,,,,,,,,,,,,,,,,,,,,,,,,,,,,,,,,,,,,
2026-04-07T00:24:02.234677Z,"{'#attributes': {'Qualifiers': 0}, '#text': 1000}",DC01.garfield.htb,VGAuth,Application,3973,0,,,,,vmtoolsd: Username and password successfully validated for 'Administrator',,,,,,,,,,,,,,,,,,,,,,,,,,,,,,,,,,,,,,,,,,,,,,,,
2026-04-07T00:24:03.563243Z,"{'#attributes': {'Qualifiers': 0}, '#text': 1000}",DC01.garfield.htb,VGAuth,Application,3974,0,,,,,vmtoolsd: Username and password successfully validated for 'Administrator',,,,,,,,,,,,,,,,,,,,,,,,,,,,,,,,,,,,,,,,,,,,,,,,
2026-04-07T00:24:03.907108Z,"{'#attributes': {'Qualifiers': 0}, '#text': 1000}",DC01.garfield.htb,VGAuth,Application,3975,0,,,,,vmtoolsd: Username and password successfully validated for 'Administrator',,,,,,,,,,,,,,,,,,,,,,,,,,,,,,,,,,,,,,,,,,,,,,,,
2026-04-07T00:24:04.234638Z,"{'#attributes': {'Qualifiers': 0}, '#text': 1000}",DC01.garfield.htb,VGAuth,Application,3976,0,,,,,vmtoolsd: Username and password successfully validated for 'Administrator',,,,,,,,,,,,,,,,,,,,,,,,,,,,,,,,,,,,,,,,,,,,,,,,
2026-04-07T00:24:05.000262Z,"{'#attributes': {'Qualifiers': 0}, '#text': 1000}",DC01.garfield.htb,VGAuth,Application,3977,0,,,,,vmtoolsd: Username and password successfully validated for 'Administrator',,,,,,,,,,,,,,,,,,,,,,,,,,,,,,,,,,,,,,,,,,,,,,,,
2026-04-07T00:24:05.328398Z,"{'#attributes': {'Qualifiers': 0}, '#text': 1000}",DC01.garfield.htb,VGAuth,Application,3978,0,,,,,vmtoolsd: Username and password successfully validated for 'Administrator',,,,,,,,,,,,,,,,,,,,,,,,,,,,,,,,,,,,,,,,,,,,,,,,
2026-04-07T00:24:11.265844Z,"{'#attributes': {'Qualifiers': 0}, '#text': 1000}",DC01.garfield.htb,VGAuth,Application,3979,0,,,,,vmtoolsd: Username and password successfully validated for 'Administrator',,,,,,,,,,,,,,,,,,,,,,,,,,,,,,,,,,,,,,,,,,,,,,,,
2026-04-07T00:24:12.281475Z,"{'#attributes': {'Qualifiers': 0}, '#text': 1000}",DC01.garfield.htb,VGAuth,Application,3980,0,,,,,vmtoolsd: Username and password successfully validated for 'Administrator',,,,,,,,,,,,,,,,,,,,,,,,,,,,,,,,,,,,,,,,,,,,,,,,
2026-04-07T00:24:12.314474Z,"{'#attributes': {'Qualifiers': 0}, '#text': 1000}",DC01.garfield.htb,VGAuth,Application,3981,0,,,,,vmtoolsd: Username and password successfully validated for 'Administrator',,,,,,,,,,,,,,,,,,,,,,,,,,,,,,,,,,,,,,,,,,,,,,,,
2026-04-07T00:24:12.424473Z,"{'#attributes': {'Qualifiers': 0}, '#text': 1000}",DC01.garfield.htb,VGAuth,Application,3982,0,,,,,vmtoolsd: Username and password successfully validated for 'Administrator',,,,,,,,,,,,,,,,,,,,,,,,,,,,,,,,,,,,,,,,,,,,,,,,
2026-04-07T00:24:12.484480Z,"{'#attributes': {'Qualifiers': 0}, '#text': 1000}",DC01.garfield.htb,VGAuth,Application,3983,0,,,,,vmtoolsd: Username and password successfully validated for 'Administrator',,,,,,,,,,,,,,,,,,,,,,,,,,,,,,,,,,,,,,,,,,,,,,,,
2026-04-07T00:24:12.525479Z,"{'#attributes': {'Qualifiers': 0}, '#text': 1000}",DC01.garfield.htb,VGAuth,Application,3984,0,,,,,vmtoolsd: Username and password successfully validated for 'Administrator',,,,,,,,,,,,,,,,,,,,,,,,,,,,,,,,,,,,,,,,,,,,,,,,
2026-04-07T00:24:12.623475Z,"{'#attributes': {'Qualifiers': 0}, '#text': 1000}",DC01.garfield.htb,VGAuth,Application,3985,0,,,,,vmtoolsd: Username and password successfully validated for 'Administrator',,,,,,,,,,,,,,,,,,,,,,,,,,,,,,,,,,,,,,,,,,,,,,,,
2026-04-07T00:24:13.898511Z,"{'#attributes': {'Qualifiers': 0}, '#text': 1000}",DC01.garfield.htb,VGAuth,Application,3986,0,,,,,vmtoolsd: Username and password successfully validated for 'Administrator',,,,,,,,,,,,,,,,,,,,,,,,,,,,,,,,,,,,,,,,,,,,,,,,
2026-04-07T00:24:14.302475Z,"{'#attributes': {'Qualifiers': 0}, '#text': 1000}",DC01.garfield.htb,VGAuth,Application,3987,0,,,,,vmtoolsd: Username and password successfully validated for 'Administrator',,,,,,,,,,,,,,,,,,,,,,,,,,,,,,,,,,,,,,,,,,,,,,,,
2026-04-07T00:24:14.638488Z,"{'#attributes': {'Qualifiers': 0}, '#text': 1000}",DC01.garfield.htb,VGAuth,Application,3988,0,,,,,vmtoolsd: Username and password successfully validated for 'Administrator',,,,,,,,,,,,,,,,,,,,,,,,,,,,,,,,,,,,,,,,,,,,,,,,
2026-04-07T00:24:15.146476Z,"{'#attributes': {'Qualifiers': 0}, '#text': 1000}",DC01.garfield.htb,VGAuth,Application,3989,0,,,,,vmtoolsd: Username and password successfully validated for 'Administrator',,,,,,,,,,,,,,,,,,,,,,,,,,,,,,,,,,,,,,,,,,,,,,,,
2026-04-07T00:24:15.956473Z,"{'#attributes': {'Qualifiers': 0}, '#text': 1000}",DC01.garfield.htb,VGAuth,Application,3990,0,,,,,vmtoolsd: Username and password successfully validated for 'Administrator',,,,,,,,,,,,,,,,,,,,,,,,,,,,,,,,,,,,,,,,,,,,,,,,
2026-04-07T00:24:16.794873Z,"{'#attributes': {'Qualifiers': 0}, '#text': 1000}",DC01.garfield.htb,VGAuth,Application,3991,0,,,,,vmtoolsd: Username and password successfully validated for 'Administrator',,,,,,,,,,,,,,,,,,,,,,,,,,,,,,,,,,,,,,,,,,,,,,,,
2026-04-07T00:24:17.627870Z,"{'#attributes': {'Qualifiers': 0}, '#text': 1000}",DC01.garfield.htb,VGAuth,Application,3992,0,,,,,vmtoolsd: Username and password successfully validated for 'Administrator',,,,,,,,,,,,,,,,,,,,,,,,,,,,,,,,,,,,,,,,,,,,,,,,
2026-04-07T00:24:17.973870Z,"{'#attributes': {'Qualifiers': 0}, '#text': 1000}",DC01.garfield.htb,VGAuth,Application,3993,0,,,,,vmtoolsd: Username and password successfully validated for 'Administrator',,,,,,,,,,,,,,,,,,,,,,,,,,,,,,,,,,,,,,,,,,,,,,,,
2026-04-07T00:24:19.223066Z,"{'#attributes': {'Qualifiers': 0}, '#text': 1000}",DC01.garfield.htb,VGAuth,Application,3994,0,,,,,vmtoolsd: Username and password successfully validated for 'Administrator',,,,,,,,,,,,,,,,,,,,,,,,,,,,,,,,,,,,,,,,,,,,,,,,
2026-04-07T00:24:19.312455Z,"{'#attributes': {'Qualifiers': 0}, '#text': 1000}",DC01.garfield.htb,VGAuth,Application,3995,0,,,,,vmtoolsd: Username and password successfully validated for 'Administrator',,,,,,,,,,,,,,,,,,,,,,,,,,,,,,,,,,,,,,,,,,,,,,,,
2026-04-07T00:24:19.379153Z,"{'#attributes': {'Qualifiers': 0}, '#text': 1000}",DC01.garfield.htb,VGAuth,Application,3996,0,,,,,vmtoolsd: Username and password successfully validated for 'Administrator',,,,,,,,,,,,,,,,,,,,,,,,,,,,,,,,,,,,,,,,,,,,,,,,
2026-04-07T00:24:19.434060Z,"{'#attributes': {'Qualifiers': 0}, '#text': 1000}",DC01.garfield.htb,VGAuth,Application,3997,0,,,,,vmtoolsd: Username and password successfully validated for 'Administrator',,,,,,,,,,,,,,,,,,,,,,,,,,,,,,,,,,,,,,,,,,,,,,,,
2026-04-07T00:24:19.507064Z,"{'#attributes': {'Qualifiers': 0}, '#text': 1000}",DC01.garfield.htb,VGAuth,Application,3998,0,,,,,vmtoolsd: Username and password successfully validated for 'Administrator',,,,,,,,,,,,,,,,,,,,,,,,,,,,,,,,,,,,,,,,,,,,,,,,
2026-04-07T00:24:19.538064Z,"{'#attributes': {'Qualifiers': 0}, '#text': 1000}",DC01.garfield.htb,VGAuth,Application,3999,0,,,,,vmtoolsd: Username and password successfully validated for 'Administrator',,,,,,,,,,,,,,,,,,,,,,,,,,,,,,,,,,,,,,,,,,,,,,,,
2026-04-07T00:24:19.699061Z,"{'#attributes': {'Qualifiers': 0}, '#text': 1000}",DC01.garfield.htb,VGAuth,Application,4000,0,,,,,vmtoolsd: Username and password successfully validated for 'Administrator',,,,,,,,,,,,,,,,,,,,,,,,,,,,,,,,,,,,,,,,,,,,,,,,
2026-04-07T00:24:20.863167Z,"{'#attributes': {'Qualifiers': 0}, '#text': 1000}",DC01.garfield.htb,VGAuth,Application,4001,0,,,,,vmtoolsd: Username and password successfully validated for 'Administrator',,,,,,,,,,,,,,,,,,,,,,,,,,,,,,,,,,,,,,,,,,,,,,,,
2026-04-07T00:24:20.925067Z,"{'#attributes': {'Qualifiers': 0}, '#text': 1000}",DC01.garfield.htb,VGAuth,Application,4002,0,,,,,vmtoolsd: Username and password successfully validated for 'Administrator',,,,,,,,,,,,,,,,,,,,,,,,,,,,,,,,,,,,,,,,,,,,,,,,
2026-04-07T00:24:20.974056Z,"{'#attributes': {'Qualifiers': 0}, '#text': 1000}",DC01.garfield.htb,VGAuth,Application,4003,0,,,,,vmtoolsd: Username and password successfully validated for 'Administrator',,,,,,,,,,,,,,,,,,,,,,,,,,,,,,,,,,,,,,,,,,,,,,,,
2026-04-07T00:24:21.022062Z,"{'#attributes': {'Qualifiers': 0}, '#text': 1000}",DC01.garfield.htb,VGAuth,Application,4004,0,,,,,vmtoolsd: Username and password successfully validated for 'Administrator',,,,,,,,,,,,,,,,,,,,,,,,,,,,,,,,,,,,,,,,,,,,,,,,
2026-04-07T00:24:21.081165Z,"{'#attributes': {'Qualifiers': 0}, '#text': 1000}",DC01.garfield.htb,VGAuth,Application,4005,0,,,,,vmtoolsd: Username and password successfully validated for 'Administrator',,,,,,,,,,,,,,,,,,,,,,,,,,,,,,,,,,,,,,,,,,,,,,,,
2026-04-07T00:24:21.120537Z,"{'#attributes': {'Qualifiers': 0}, '#text': 1000}",DC01.garfield.htb,VGAuth,Application,4006,0,,,,,vmtoolsd: Username and password successfully validated for 'Administrator',,,,,,,,,,,,,,,,,,,,,,,,,,,,,,,,,,,,,,,,,,,,,,,,
2026-04-07T00:24:21.440055Z,"{'#attributes': {'Qualifiers': 0}, '#text': 1000}",DC01.garfield.htb,VGAuth,Application,4007,0,,,,,vmtoolsd: Username and password successfully validated for 'Administrator',,,,,,,,,,,,,,,,,,,,,,,,,,,,,,,,,,,,,,,,,,,,,,,,
2026-04-07T00:24:21.789056Z,"{'#attributes': {'Qualifiers': 0}, '#text': 1000}",DC01.garfield.htb,VGAuth,Application,4008,0,,,,,vmtoolsd: Username and password successfully validated for 'Administrator',,,,,,,,,,,,,,,,,,,,,,,,,,,,,,,,,,,,,,,,,,,,,,,,
2026-04-07T00:25:37.859538Z,"{'#attributes': {'Qualifiers': 16384}, '#text': 900}",DC01.garfield.htb,Microsoft-Windows-Security-SPP,Application,4009,4,,,,,<explicit>,,,,,,,,,,,,,,,,,,,,,,,,,,,,,,,,,,,,,,,,,,,,,,,,
2026-04-07T00:25:38.038155Z,"{'#attributes': {'Qualifiers': 49152}, '#text': 16394}",DC01.garfield.htb,Microsoft-Windows-Security-SPP,Application,4010,4,,,,,,,,,,,,,,,,,,,,,,,,,,,,,,,,,,,,,,,,,,,,,,,,,,,,,
2026-04-07T00:25:38.351726Z,"{'#attributes': {'Qualifiers': 16384}, '#text': 1066}",DC01.garfield.htb,Microsoft-Windows-Security-SPP,Application,4011,4,,,,,"C:\Windows\system32\sppwinob.dll, msft:spp/windowsfunctionality/agent/7.0, 0x00000000, 0x00000000
C:\Windows\system32\sppobjs.dll, msft:rm/algorithm/inherited/1.0, 0x00000000, 0x00000000
C:\Windows\system32\sppobjs.dll, msft:rm/algorithm/phone/1.0, 0x00000000, 0x00000000
C:\Windows\system32\sppobjs.dll, msft:rm/algorithm/pkey/detect, 0x00000000, 0x00000000
C:\Windows\system32\sppobjs.dll, msft:spp/ActionScheduler/1.0, 0x00000000, 0x00000000
C:\Windows\system32\sppobjs.dll, msft:spp/TaskScheduler/1.0, 0x00000000, 0x00000000
C:\Windows\system32\sppobjs.dll, msft:spp/statecollector/pkey, 0x00000000, 0x00000000
C:\Windows\system32\sppobjs.dll, msft:spp/volume/services/kms/1.0, 0x00000000, 0x00000000
C:\Windows\system32\sppobjs.dll, msft:spp/volume/services/kms/activationinfo/1.0, 0x00000000, 0x00000000
",,,,,,,,,,,,,,,,,,,,,,,,,,,,,,,,,,,,,,,,,,,,,,,,
2026-04-07T00:25:38.570494Z,"{'#attributes': {'Qualifiers': 16384}, '#text': 1040}",DC01.garfield.htb,Microsoft-Windows-Security-SPP,Application,4012,4,,,5A0000000A002C0000000000030001000100010000000000010001000100E861B0C90C5CE6B7DFE0DE24FC1467B0B5FCA29A0D0001000101000201000301000401000500000601000700000801000901000A01000B00000C01002E0000000000030001000100020000000000010001000100E861D4060C5CE6B7DFE0DE24FC14E72167B00585A29A,,,55c92734-d682-4d71-983e-d6ec3f16059f,92114319-12ea-4bca-9d63-8740de9feff3,,,,,,,,,,,,,,,,,,,,,,,,,,,,,,,,,,,,,,,,,,,,,,
2026-04-07T00:25:38.679914Z,"{'#attributes': {'Qualifiers': 16384}, '#text': 1003}",DC01.garfield.htb,Microsoft-Windows-Security-SPP,Application,4013,4,,,,,,55c92734-d682-4d71-983e-d6ec3f16059f,"
1: 22105925-48c3-4ff4-a294-f654bb27e390, 1, 0 [(0 [0xC004F014, 0, 0], [(?)(?)(?)(?)(?)(?)(?)(?)])(1 )(2 )(3 )]
2: 281c216a-5957-439b-adf2-aff4098a2bdd, 1, 0 [(0 [0xC004F014, 0, 0], [(?)(?)(?)(?)(?)(?)(?)(?)])(1 )(2 )(3 )]
3: 2e7a9ad1-a849-4b56-babe-17d5a29fe4b4, 1, 0 [(0 [0xC004F014, 0, 0], [(?)(?)(?)(?)(?)(?)(?)(?)])(1 )(2 )(3 )]
4: 3c006fa7-3b03-45a4-93da-63ddc1bdce11, 1, 0 [(0 [0xC004F014, 0, 0], [(?)(?)(?)(?)(?)(?)(?)(?)])(1 )(2 )(3 )]
5: 4285bbda-6219-4c1a-98e9-859e60d669fb, 1, 0 [(0 [0xC004F014, 0, 0], [(?)(?)(?)(?)(?)(?)(?)(?)])(1 )(2 )(3 )]
6: 44a5b4c3-e4b1-483b-81e8-0f78f4d98283, 1, 0 [(0 [0xC004F014, 0, 0], [(?)(?)(?)(?)(?)(?)(?)(?)])(1 )(2 )(3 )]
7: 661f7658-7035-4b4c-9f35-010682943ec2, 1, 0 [(0 [0xC004F014, 0, 0], [(?)(?)(?)(?)(?)(?)(?)(?)])(1 )(2 )(3 )]
8: 6bad0243-1c35-46b2-b8e6-7a853e37413f, 1, 0 [(0 [0xC004F014, 0, 0], [(?)(?)(?)(?)(?)(?)(?)(?)])(1 )(2 )(3 )]
9: 82fcf64d-f9dd-4411-9c79-f2eed16d4eb8, 1, 0 [(0 [0xC004F014, 0, 0], [(?)(?)(?)(?)(?)(?)(?)(?)])(1 )(2 )(3 )]
10: 84e331f6-4279-48c4-ab10-b75139181351, 1, 0 [(0 [0xC004F014, 0, 0], [(?)(?)(?)(?)(?)(?)(?)(?)])(1 )(2 )(3 )]
11: 8ea56c31-fe6e-4d56-9d17-8dc1ab35dd8b, 1, 0 [(0 [0xC004F014, 0, 0], [(?)(?)(?)(?)(?)(?)(?)(?)])(1 )(2 )(3 )]
12: 92114319-12ea-4bca-9d63-8740de9feff3, 1, 1 [(0 )(1 [0x00000000, 1, 0], [(?)( 1 0x00000000)(?)( 2 0x00000000 0 0 msft:rm/algorithm/phone/1.0 0x00000000 0)(?)(?)( 10 0x00000000 msft:rm/algorithm/flags/1.0)(?)])(2 )(3 )]
13: 9db83b52-9904-4326-8957-ebe6feedf37c, 1, 0 [(0 [0xC004F014, 0, 0], [(?)(?)(?)(?)(?)(?)(?)(?)])(1 )(2 )(3 )]
14: c2d23e1f-ee3e-4533-9094-e6dc0b8aa049, 1, 0 [(0 [0xC004F014, 0, 0], [(?)(?)(?)(?)(?)(?)(?)(?)])(1 )(2 )(3 )]
15: d07edbd8-02cb-49b1-8358-f2de7afd8a4d, 1, 0 [(0 [0xC004F014, 0, 0], [(?)(?)(?)(?)(?)(?)(?)(?)])(1 )(2 )(3 )]
16: de32eafd-aaee-4662-9444-c1befb41bde2, 1, 0 [(0 [0xC004F014, 0, 0], [(?)(?)(?)(?)(?)(?)(?)(?)])(1 )(2 )(3 )]
17: e73aabfa-12bc-4705-b551-2dd076bebc7d, 1, 0 [(0 [0xC004F014, 0, 0], [(?)(?)(?)(?)(?)(?)(?)(?)])(1 )(2 )(3 )]
18: e936f630-5125-4a39-b1de-544d6c036491, 1, 0 [(0 [0xC004F014, 0, 0], [(?)(?)(?)(?)(?)(?)(?)(?)])(1 )(2 )(3 )]
19: fd946594-6f0d-4c5c-9bf7-f5f628ecd0b9, 1, 0 [(0 [0xC004F014, 0, 0], [(?)(?)(?)(?)(?)(?)(?)(?)])(1 )(2 )(3 )]

",,,,,,,,,,,,,,,,,,,,,,,,,,,,,,,,,,,,,,,,,,,,,,
2026-04-07T00:25:38.711100Z,"{'#attributes': {'Qualifiers': 16384}, '#text': 902}",DC01.garfield.htb,Microsoft-Windows-Security-SPP,Application,4014,0,,,,,10.0.17763.8385,,,,,,,,,,,,,,,,,,,,,,,,,,,,,,,,,,,,,,,,,,,,,,,,
2026-04-07T00:25:58.760599Z,1001,DC01.garfield.htb,Microsoft-Windows-LoadPerf,Application,4015,4,,,,,,,,,,,,,,,,,,,,,,,,,,,,,,,,,,,,,,LoadPerf,2035000021350000D2050000,12,,WmiApRpl,,,,WmiApRpl,,,,,,,
2026-04-07T00:25:58.799276Z,1000,DC01.garfield.htb,Microsoft-Windows-LoadPerf,Application,4016,4,,,,,,,,,,,,,,,,,,,,,,,,,,,,,,,,,,,,,,LoadPerf,22350000C835000023350000C9350000,16,,WmiApRpl,,,,WmiApRpl,,,,,,,
2026-04-07T00:26:08.728312Z,"{'#attributes': {'Qualifiers': 16384}, '#text': 16384}",DC01.garfield.htb,Microsoft-Windows-Security-SPP,Application,4017,4,,,,,,2126-03-14T00:26:08Z,RulesEngine,,,,,,,,,,,,,,,,,,,,,,,,,,,,,,,,,,,,,,,,,,,,,,
2026-04-07T00:26:08.759577Z,"{'#attributes': {'Qualifiers': 16384}, '#text': 903}",DC01.garfield.htb,Microsoft-Windows-Security-SPP,Application,4018,0,,,,,,,,,,,,,,,,,,,,,,,,,,,,,,,,,,,,,,,,,,,,,,,,,,,,,
2026-04-07T00:26:38.192542Z,"{'#attributes': {'Qualifiers': 0}, '#text': 8224}",DC01.garfield.htb,VSS,Application,4019,4,,,2D20436F64653A2020434F525356434330303030303737332D2043616C6C3A2020434F525356434330303030303735352D205049443A202030303030343236302D205449443A202030303030343237362D20434D443A2020433A5C57696E646F77735C73797374656D33325C76737376632E6578652020202D20557365723A204E616D653A204E5420415554484F524954595C53595354454D2C205349443A532D312D352D313820,,,,,,,,,,,,,,,,,,,,,,,,,,,,,,,,,,,,,,,,,,,,,,,,,,
2026-04-07T00:27:16.837511Z,1001,DC01.garfield.htb,Microsoft-Windows-LoadPerf,Application,4020,4,,,,,,,,,,,,,,,,,,,,,,,,,,,,,,,,,,,,,,LoadPerf,2035000021350000D2050000,12,,WmiApRpl,,,,WmiApRpl,,,,,,,
2026-04-07T00:27:16.882407Z,1000,DC01.garfield.htb,Microsoft-Windows-LoadPerf,Application,4021,4,,,,,,,,,,,,,,,,,,,,,,,,,,,,,,,,,,,,,,LoadPerf,22350000C835000023350000C9350000,16,,WmiApRpl,,,,WmiApRpl,,,,,,,
2026-04-07T00:28:48.002892Z,"{'#attributes': {'Qualifiers': 0}, '#text': 102}",DC01.garfield.htb,ESENT,Application,4022,4,,,,,,DFSRs,"1500,P,98",,,,,,,,,,,\\.\C:\System Volume Information\DFSR\database_DE92_FCB3_BB12_A7B1\dfsr.db: ,,,,0,10,00,17763,0000,,,,,,,,,,,,,,,,,,,,,,,,,,,
2026-04-07T00:28:48.049764Z,"{'#attributes': {'Qualifiers': 0}, '#text': 105}",DC01.garfield.htb,ESENT,Application,4023,4,,,,,,DFSRs,"1500,D,0",,,,,,,,,,,\\.\C:\System Volume Information\DFSR\database_DE92_FCB3_BB12_A7B1\dfsr.db: ,,,,0,0,"
[1] 0.002982 +J(0) +M(C:0K, Fs:260, WS:1016K # 1016K, PF:6376K # 6372K, P:6376K)
[2] 0.000198 +J(0) +M(C:16K, Fs:93, WS:364K # 364K, PF:312K # 308K, P:312K)
[3] 0.000014 +J(0) +M(C:0K, Fs:5, WS:16K # 16K, PF:68K # 68K, P:68K)
[4] 0.000211 +J(0) +M(C:2032K, Fs:36, WS:140K # 140K, PF:2428K # 2428K, P:2428K)
[5] 0.000591 +J(0) +M(C:0K, Fs:11, WS:44K # 44K, PF:28K # 28K, P:28K)
[6] 0.000951 +J(0) +M(C:0K, Fs:11, WS:-28K # 36K, PF:-84K # 12K, P:-84K)
[7] -
[8] -
[9] -
[10] -
[11] -
[12] -
[13] 0.034976 -0.025358 (36) WT +J(CM:0, PgRf:0, Rd:0/0, Dy:0/0, Lg:616/1) +M(C:0K, Fs:1420, WS:540K # 5576K, PF:16K # 5048K, P:16K)
[14] 0.000017 +J(0) +M(C:0K, Fs:1, WS:4K # 0K, PF:0K # 0K, P:0K)
[15] 0.000333 +J(0) +M(C:0K, Fs:65, WS:256K # 0K, PF:68K # 0K, P:68K)
[16] 0.005948 -0.000223 (1) WT +J(0) +M(C:0K, Fs:5, WS:12K # 0K, PF:0K # 0K, P:0K).",,,,,,,,,,,,,,,,,,,,,,,,,,,,,
2026-04-07T00:28:48.049764Z,"{'#attributes': {'Qualifiers': 0}, '#text': 637}",DC01.garfield.htb,ESENT,Application,4024,4,,,,,,DFSRs,"1500,D,35",,,,,,,,,,,\\.\C:\System Volume Information\DFSR\database_DE92_FCB3_BB12_A7B1\dfsr.db: ,,,,\\.\C:\System Volume Information\DFSR\database_DE92_FCB3_BB12_A7B1\dfsr.jfm,,,,,,,,,,,,,,,,,,,,,,,,,,,,,,,
2026-04-07T00:28:48.083076Z,"{'#attributes': {'Qualifiers': 0}, '#text': 325}",DC01.garfield.htb,ESENT,Application,4025,4,,,,,,DFSRs,"1500,D,35",,,,,,,,,,,\\.\C:\System Volume Information\DFSR\database_DE92_FCB3_BB12_A7B1\dfsr.db: ,,,,1,\\.\C:\System Volume Information\DFSR\database_DE92_FCB3_BB12_A7B1\dfsr.db,0,"
[1] 0.000046 +J(0) +M(C:0K, Fs:3, WS:12K # 0K, PF:8K # 0K, P:8K)
[2] 0.000933 -0.000343 (1) WT +J(CM:0, PgRf:0, Rd:0/0, Dy:0/0, Lg:3480/2) +M(C:0K, Fs:1, WS:4K # 0K, PF:0K # 0K, P:0K)
[3] 0.009351 -0.000002 (2) WT +J(0) +M(C:0K, Fs:18, WS:64K # 0K, PF:40K # 0K, P:40K)
[4] 0.000169 +J(0)
[5] 0.000098 +J(CM:0, PgRf:3, Rd:0/0, Dy:3/6, Lg:122/4) +M(C:0K, Fs:35, WS:140K # 0K, PF:148K # 0K, P:148K)
[6] 0.002495 -0.001020 (1) WT +J(CM:0, PgRf:209, Rd:0/0, Dy:12/408, Lg:24454/447) +M(C:0K, Fs:68, WS:260K # 0K, PF:220K # 0K, P:220K)
[7] 0.001455 -0.001091 (1) WT +J(CM:0, PgRf:0, Rd:0/0, Dy:0/0, Lg:4096/2) +M(C:0K, Fs:1, WS:4K # 0K, PF:0K # 0K, P:0K)
[8] 0.000002 +J(0)
[9] 0.009860 -0.008577 (3) WT +J(0) +M(C:-52K, Fs:19, WS:12K # 0K, PF:56K # 0K, P:56K)
[10] 0.004010 -0.002149 (5) WT +J(CM:0, PgRf:346, Rd:0/0, Dy:7/93, Lg:12509/128) +M(C:12K, Fs:31, WS:116K # 0K, PF:96K # 0K, P:96K)
[11] 0.000003 +J(0).",0 0,lgposCreate = 00000001:0001:0268,,,,,,,,,,,,,,,,,,,,,,,,,,
2026-04-07T00:30:32.159898Z,"{'#attributes': {'Qualifiers': 49152}, '#text': 16394}",DC01.garfield.htb,Microsoft-Windows-Security-SPP,Application,4026,4,,,,,,,,,,,,,,,,,,,,,,,,,,,,,,,,,,,,,,,,,,,,,,,,,,,,,
2026-04-07T00:31:03.562944Z,"{'#attributes': {'Qualifiers': 16384}, '#text': 16384}",DC01.garfield.htb,Microsoft-Windows-Security-SPP,Application,4027,4,,,,,,2126-03-14T00:31:03Z,RulesEngine,,,,,,,,,,,,,,,,,,,,,,,,,,,,,,,,,,,,,,,,,,,,,,
2026-04-07T00:33:10.029255Z,"{'#attributes': {'Qualifiers': 0}, '#text': 102}",DC01.garfield.htb,ESENT,Application,4028,4,,,,,,svchost,"4468,P,98",,,,,,,,,,,DS_Token_DB: ,,,,0,10,00,17763,0000,,,,,,,,,,,,,,,,,,,,,,,,,,,
2026-04-07T00:33:10.044613Z,"{'#attributes': {'Qualifiers': 0}, '#text': 300}",DC01.garfield.htb,ESENT,Application,4029,4,,,,,,svchost,"4468,R,98",,,,,,,,,,,DS_Token_DB: ,,,,,,,,,,,,,,,,,,,,,,,,,,,,,,,,,,,
2026-04-07T00:33:10.075855Z,"{'#attributes': {'Qualifiers': 0}, '#text': 301}",DC01.garfield.htb,ESENT,Application,4030,4,,,,,,svchost,"4468,R,98",,,,,,,,,,,DS_Token_DB: ,,,,C:\Windows\system32\config\systemprofile\AppData\Local\DataSharing\Storage\DSS.log,"
[1] 0.021993 -0.007868 (7) WT +J(CM:0, PgRf:0, Rd:0/0, Dy:0/0, Lg:20280/12) +M(C:0K, Fs:70, WS:208K # 152K, PF:156K # 92K, P:156K).",FWriteLog,2,,,,,,,,,,,,,,,,,,,,,,,,,,,,
2026-04-07T00:33:10.153987Z,"{'#attributes': {'Qualifiers': 0}, '#text': 302}",DC01.garfield.htb,ESENT,Application,4031,4,,,,,,svchost,"4468,U,98",,,,,,,,,,,DS_Token_DB: ,,,,,,,,,,,,,,,,,,,,,,,,,,,,,,,,,,,
2026-04-07T00:33:10.153987Z,"{'#attributes': {'Qualifiers': 0}, '#text': 105}",DC01.garfield.htb,ESENT,Application,4032,4,,,,,,svchost,"4468,D,0",,,,,,,,,,,DS_Token_DB: ,,,,0,0,"
[1] 0.002052 +J(0) +M(C:0K, Fs:183, WS:720K # 720K, PF:3216K # 3216K, P:3216K)
[2] 0.000360 +J(0) +M(C:8K, Fs:95, WS:376K # 376K, PF:300K # 300K, P:300K)
[3] 0.000023 +J(0) +M(C:0K, Fs:4, WS:12K # 12K, PF:68K # 68K, P:68K)
[4] 0.000133 +J(0) +M(C:0K, Fs:27, WS:108K # 108K, PF:168K # 168K, P:168K)
[5] 0.000948 +J(0) +M(C:0K, Fs:7, WS:28K # 28K, PF:20K # 20K, P:20K)
[6] 0.004246 +J(0) +M(C:0K, Fs:43, WS:168K # 168K, PF:20K # 20K, P:20K)
[7] 0.011482 -0.002335 (2) WT +J(0) +M(C:0K, Fs:33, WS:132K # 132K, PF:64K # 64K, P:64K)
[8] 0.031639 -0.012649 (11) WT +J(CM:0, PgRf:0, Rd:0/0, Dy:0/0, Lg:20280/12) +M(C:0K, Fs:121, WS:336K # 340K, PF:236K # 240K, P:236K)
[9] 0.001886 +J(0) +M(C:0K, Fs:6, WS:24K # 20K, PF:0K # 0K, P:0K)
[10] 0.000776 -0.000586 (1) WT +J(0) +M(C:0K, Fs:0, WS:-60K # 0K, PF:-60K # 0K, P:-60K)
[11] 0.000020 +J(CM:0, PgRf:0, Rd:0/0, Dy:0/0, Lg:49/1) +M(C:0K, Fs:2, WS:8K # 0K, PF:0K # 0K, P:0K)
[12] 0.008105 -0.003396 (1) WT +J(0) +M(C:0K, Fs:16, WS:60K # 8K, PF:56K # 0K, P:56K)
[13] 0.069622 -0.004115 (2) CM -0.036396 (23) WT +J(CM:2, PgRf:2, Rd:0/2, Dy:0/0, Lg:8759/5) +M(C:0K, Fs:63, WS:132K # 196K, PF:160K # 220K, P:160K)
[14] 0.000013 +J(0)
[15] 0.000011 +J(0)
[16] 0.000890 -0.000748 (1) WT +J(0) +M(C:0K, Fs:2, WS:0K # 0K, PF:0K # 0K, P:0K).","lgposV2[] = 00000004:0003:0000 - 00000004:0005:002B - 00000004:0006:0000 - 00000004:0006:0000 (00000000:0000:0000)
cReInits = 1
",,,,,,,,,,,,,,,,,,,,,,,,,,,,
2026-04-07T00:33:10.200854Z,"{'#attributes': {'Qualifiers': 0}, '#text': 326}",DC01.garfield.htb,ESENT,Application,4033,4,,,,,,svchost,"4468,D,50",,,,,,,,,,,DS_Token_DB: ,,,,1,C:\Windows\system32\config\systemprofile\AppData\Local\DataSharing\Storage\DSTokenDB2.dat,0,"
[1] 0.000003 +J(0)
[2] 0.001345 -0.000619 (1) WT +J(0) +M(C:0K, Fs:17, WS:4K # 4K, PF:4K # 0K, P:4K)
[3] 0.018412 -0.008724 (6) WT +J(CM:0, PgRf:0, Rd:0/0, Dy:0/0, Lg:3480/2) +M(C:0K, Fs:11, WS:40K # 0K, PF:40K # 0K, P:40K)
[4] 0.000114 +J(0)
[5] -
[6] -
[7] -
[8] 0.001515 -0.001280 (2) CM -0.001196 (2) WT +J(CM:2, PgRf:2, Rd:4/2, Dy:0/0, Lg:0/0) +M(C:8K, Fs:3, WS:12K # 0K, PF:8K # 0K, P:8K)
[9] 0.003268 -0.002565 (4) CM -0.002418 (4) WT +J(CM:4, PgRf:23, Rd:0/3, Dy:0/0, Lg:0/0) +M(C:0K, Fs:24, WS:88K # 76K, PF:196K # 188K, P:196K)
[10] 0.003660 -0.003512 (2) CM -0.003421 (2) WT +J(CM:2, PgRf:40, Rd:0/2, Dy:0/0, Lg:0/0) +M(C:0K, Fs:2, WS:4K # 4K, PF:68K # 60K, P:68K)
[11] 0.001521 -0.001485 (1) CM -0.001324 (1) WT +J(CM:1, PgRf:1, Rd:0/1, Dy:0/0, Lg:0/0) +M(C:0K, Fs:1, WS:4K # 4K, PF:0K # 0K, P:0K)
[12] 0.001332 -0.001233 (1) CM -0.001184 (1) WT +J(CM:1, PgRf:42, Rd:0/1, Dy:0/0, Lg:0/0) +M(C:0K, Fs:5, WS:20K # 20K, PF:0K # 0K, P:0K)
[13] 0.000002 +J(0)
[14] 0.000001 +J(0)
[15] 0.001468 -0.001441 (1) CM -0.001357 (1) WT +J(CM:1, PgRf:1, Rd:0/1, Dy:0/0, Lg:0/0).",1 0,lgposAttach = 00000004:0008:0268,,,,,,,,,,,,,,,,,,,,,,,,,,
2026-04-07T00:33:59.569883Z,"{'#attributes': {'Qualifiers': 16384}, '#text': 1704}",DC01.garfield.htb,SceCli,Application,4034,4,,,,,,,,,,,,,,,,,,,,,,,,,,,,,,,,,,,,,,,,,,,,,,,,,,,,,
2026-04-07T00:48:45.540579Z,"{'#attributes': {'Qualifiers': 49152}, '#text': 16394}",DC01.garfield.htb,Microsoft-Windows-Security-SPP,Application,4035,4,,,,,,,,,,,,,,,,,,,,,,,,,,,,,,,,,,,,,,,,,,,,,,,,,,,,,
2026-04-07T00:49:18.277810Z,"{'#attributes': {'Qualifiers': 16384}, '#text': 16384}",DC01.garfield.htb,Microsoft-Windows-Security-SPP,Application,4036,4,,,,,,2126-03-14T00:49:18Z,RulesEngine,,,,,,,,,,,,,,,,,,,,,,,,,,,,,,,,,,,,,,,,,,,,,,
