2025-08-13T11:01:31.004136Z,4672,DC01,Microsoft-Windows-Security-Auditing,Security,1681,0,,,,,,,,,,,,,,,,,,,,,,,,,,,,,,,,,,,,,,,,,,,,,,,,,,,,,,,,,,,,,,,,,,,,,,,,,,,,,,,,,,,,,,,,,,,,,,,,,,,,,,,,,,,,,,,,,"SeAssignPrimaryTokenPrivilege
			SeTcbPrivilege
			SeSecurityPrivilege
			SeTakeOwnershipPrivilege
			SeLoadDriverPrivilege
			SeBackupPrivilege
			SeRestorePrivilege
			SeDebugPrivilege
			SeAuditPrivilege
			SeSystemEnvironmentPrivilege
			SeImpersonatePrivilege
			SeDelegateSessionUserImpersonatePrivilege",,,,,,,,,,,,,,,,,,,,,,,,,,,,,,NT AUTHORITY,0x3e7,,SYSTEM,S-1-5-18,,,,,,,,,,,,,,,,,,,,,,,,,,,,,
2025-08-13T11:01:31.011261Z,4624,DC01,Microsoft-Windows-Security-Auditing,Security,1682,0,,,,,,,,,,,,,,,,,Negotiate,,,,,,,,,,,,,,,,,,,,,,,,%%1842,,,,,,,,,,,,,%%1833,-,-,,,,0,,,-,,,,,00000000-0000-0000-0000-000000000000,,Advapi  ,5,,,,,,,,,,,,,,,,,,,,,,,,,,,,,,,,,,,,,,,,,,,,0x2d4,C:\Windows\System32\services.exe,,,,,,,,,,-,,,,,,,,,,,,,,,,,WORKGROUP,0x3e7,,DC01$,S-1-5-18,NT AUTHORITY,,0x0,,0x3e7,,-,-,,,,,SYSTEM,S-1-5-18,,,,,-,,,,,,%%1843,,,-,
2025-08-13T11:01:31.011266Z,4672,DC01,Microsoft-Windows-Security-Auditing,Security,1683,0,,,,,,,,,,,,,,,,,,,,,,,,,,,,,,,,,,,,,,,,,,,,,,,,,,,,,,,,,,,,,,,,,,,,,,,,,,,,,,,,,,,,,,,,,,,,,,,,,,,,,,,,,,,,,,,,,"SeAssignPrimaryTokenPrivilege
			SeTcbPrivilege
			SeSecurityPrivilege
			SeTakeOwnershipPrivilege
			SeLoadDriverPrivilege
			SeBackupPrivilege
			SeRestorePrivilege
			SeDebugPrivilege
			SeAuditPrivilege
			SeSystemEnvironmentPrivilege
			SeImpersonatePrivilege
			SeDelegateSessionUserImpersonatePrivilege",,,,,,,,,,,,,,,,,,,,,,,,,,,,,,NT AUTHORITY,0x3e7,,SYSTEM,S-1-5-18,,,,,,,,,,,,,,,,,,,,,,,,,,,,,
2025-08-13T11:01:31.125841Z,4624,DC01,Microsoft-Windows-Security-Auditing,Security,1684,0,,,,,,,,,,,,,,,,,Negotiate,,,,,,,,,,,,,,,,,,,,,,,,%%1842,,,,,,,,,,,,,%%1833,-,-,,,,0,,,-,,,,,00000000-0000-0000-0000-000000000000,,Advapi  ,5,,,,,,,,,,,,,,,,,,,,,,,,,,,,,,,,,,,,,,,,,,,,0x2d4,C:\Windows\System32\services.exe,,,,,,,,,,-,,,,,,,,,,,,,,,,,WORKGROUP,0x3e7,,DC01$,S-1-5-18,NT AUTHORITY,,0x0,,0x3e7,,-,-,,,,,SYSTEM,S-1-5-18,,,,,-,,,,,,%%1843,,,-,
2025-08-13T11:01:31.125846Z,4672,DC01,Microsoft-Windows-Security-Auditing,Security,1685,0,,,,,,,,,,,,,,,,,,,,,,,,,,,,,,,,,,,,,,,,,,,,,,,,,,,,,,,,,,,,,,,,,,,,,,,,,,,,,,,,,,,,,,,,,,,,,,,,,,,,,,,,,,,,,,,,,"SeAssignPrimaryTokenPrivilege
			SeTcbPrivilege
			SeSecurityPrivilege
			SeTakeOwnershipPrivilege
			SeLoadDriverPrivilege
			SeBackupPrivilege
			SeRestorePrivilege
			SeDebugPrivilege
			SeAuditPrivilege
			SeSystemEnvironmentPrivilege
			SeImpersonatePrivilege
			SeDelegateSessionUserImpersonatePrivilege",,,,,,,,,,,,,,,,,,,,,,,,,,,,,,NT AUTHORITY,0x3e7,,SYSTEM,S-1-5-18,,,,,,,,,,,,,,,,,,,,,,,,,,,,,
2025-08-13T11:01:31.150668Z,5058,DC01,Microsoft-Windows-Security-Auditing,Security,1686,0,,,,,,,,,UNKNOWN,,,,,,,,,,,,,,,2025-08-13T11:01:30.916839Z,4024,,,,,,,,,,,,,,,,,,,,,,,,,,,,,,,,,,C:\Users\Administrator\AppData\Roaming\Microsoft\Crypto\Keys\de7cf8a7901d2ad13e5c67c29e5d1662_9c32fc58-91ff-4dc6-87b4-7e601db21fd9,,Microsoft Connected Devices Platform device certificate,%%2500,,,,,,,,,,,,,,,,,,,,,,,,,,,,,,,,,,,,,,,%%2458,,,,,,,,,,,,,,,,,,Microsoft Software Key Storage Provider,,,,,,,,0x0,,,,,,,,,,,,,,,,DC01,0x28960,,Administrator,S-1-5-21-2502726253-3859040611-225969357-500,,,,,,,,,,,,,,,,,,,,,,,,,,,,,
2025-08-13T11:01:31.155898Z,5061,DC01,Microsoft-Windows-Security-Auditing,Security,1687,0,,,,,,,,,ECDSA_P256,,,,,,,,,,,,,,,,,,,,,,,,,,,,,,,,,,,,,,,,,,,,,,,,,,,,Microsoft Connected Devices Platform device certificate,%%2500,,,,,,,,,,,,,,,,,,,,,,,,,,,,,,,,,,,,,,,%%2480,,,,,,,,,,,,,,,,,,Microsoft Software Key Storage Provider,,,,,,,,0x0,,,,,,,,,,,,,,,,DC01,0x28960,,Administrator,S-1-5-21-2502726253-3859040611-225969357-500,,,,,,,,,,,,,,,,,,,,,,,,,,,,,
2025-08-13T11:01:31.156248Z,5059,DC01,Microsoft-Windows-Security-Auditing,Security,1688,0,,,,,,,,,ECDSA_P256,,,,,,,,,,,,,,,2025-08-13T11:01:30.916839Z,4024,,,,,,,,,,,,,,,,,,,,,,,,,,,,,,,,,,,,Microsoft Connected Devices Platform device certificate,%%2500,,,,,,,,,,,,,,,,,,,,,,,,,,,,,,,,,,,,,,,%%2464,,,,,,,,,,,,,,,,,,Microsoft Software Key Storage Provider,,,,,,,,0x0,,,,,,,,,,,,,,,,DC01,0x28960,,Administrator,S-1-5-21-2502726253-3859040611-225969357-500,,,,,,,,,,,,,,,,,,,,,,,,,,,,,
2025-08-13T11:01:31.204983Z,5058,DC01,Microsoft-Windows-Security-Auditing,Security,1689,0,,,,,,,,,UNKNOWN,,,,,,,,,,,,,,,2025-08-13T11:01:31.166331Z,4668,,,,,,,,,,,,,,,,,,,,,,,,,,,,,,,,,,C:\Windows\ServiceProfiles\LocalService\AppData\Roaming\Microsoft\Crypto\Keys\de7cf8a7901d2ad13e5c67c29e5d1662_9c32fc58-91ff-4dc6-87b4-7e601db21fd9,,Microsoft Connected Devices Platform device certificate,%%2500,,,,,,,,,,,,,,,,,,,,,,,,,,,,,,,,,,,,,,,%%2458,,,,,,,,,,,,,,,,,,Microsoft Software Key Storage Provider,,,,,,,,0x0,,,,,,,,,,,,,,,,NT AUTHORITY,0x3e5,,LOCAL SERVICE,S-1-5-19,,,,,,,,,,,,,,,,,,,,,,,,,,,,,
2025-08-13T11:01:31.208893Z,5061,DC01,Microsoft-Windows-Security-Auditing,Security,1690,0,,,,,,,,,ECDSA_P256,,,,,,,,,,,,,,,,,,,,,,,,,,,,,,,,,,,,,,,,,,,,,,,,,,,,Microsoft Connected Devices Platform device certificate,%%2500,,,,,,,,,,,,,,,,,,,,,,,,,,,,,,,,,,,,,,,%%2480,,,,,,,,,,,,,,,,,,Microsoft Software Key Storage Provider,,,,,,,,0x0,,,,,,,,,,,,,,,,NT AUTHORITY,0x3e5,,LOCAL SERVICE,S-1-5-19,,,,,,,,,,,,,,,,,,,,,,,,,,,,,
2025-08-13T11:01:31.209161Z,5059,DC01,Microsoft-Windows-Security-Auditing,Security,1691,0,,,,,,,,,ECDSA_P256,,,,,,,,,,,,,,,2025-08-13T11:01:31.166331Z,4668,,,,,,,,,,,,,,,,,,,,,,,,,,,,,,,,,,,,Microsoft Connected Devices Platform device certificate,%%2500,,,,,,,,,,,,,,,,,,,,,,,,,,,,,,,,,,,,,,,%%2464,,,,,,,,,,,,,,,,,,Microsoft Software Key Storage Provider,,,,,,,,0x0,,,,,,,,,,,,,,,,NT AUTHORITY,0x3e5,,LOCAL SERVICE,S-1-5-19,,,,,,,,,,,,,,,,,,,,,,,,,,,,,
2025-08-13T11:01:31.335687Z,4624,DC01,Microsoft-Windows-Security-Auditing,Security,1692,0,,,,,,,,,,,,,,,,,Negotiate,,,,,,,,,,,,,,,,,,,,,,,,%%1842,,,,,,,,,,,,,%%1833,-,-,,,,0,,,-,,,,,00000000-0000-0000-0000-000000000000,,Advapi  ,5,,,,,,,,,,,,,,,,,,,,,,,,,,,,,,,,,,,,,,,,,,,,0x2d4,C:\Windows\System32\services.exe,,,,,,,,,,-,,,,,,,,,,,,,,,,,WORKGROUP,0x3e7,,DC01$,S-1-5-18,NT AUTHORITY,,0x0,,0x3e7,,-,-,,,,,SYSTEM,S-1-5-18,,,,,-,,,,,,%%1843,,,-,
2025-08-13T11:01:31.335692Z,4672,DC01,Microsoft-Windows-Security-Auditing,Security,1693,0,,,,,,,,,,,,,,,,,,,,,,,,,,,,,,,,,,,,,,,,,,,,,,,,,,,,,,,,,,,,,,,,,,,,,,,,,,,,,,,,,,,,,,,,,,,,,,,,,,,,,,,,,,,,,,,,,"SeAssignPrimaryTokenPrivilege
			SeTcbPrivilege
			SeSecurityPrivilege
			SeTakeOwnershipPrivilege
			SeLoadDriverPrivilege
			SeBackupPrivilege
			SeRestorePrivilege
			SeDebugPrivilege
			SeAuditPrivilege
			SeSystemEnvironmentPrivilege
			SeImpersonatePrivilege
			SeDelegateSessionUserImpersonatePrivilege",,,,,,,,,,,,,,,,,,,,,,,,,,,,,,NT AUTHORITY,0x3e7,,SYSTEM,S-1-5-18,,,,,,,,,,,,,,,,,,,,,,,,,,,,,
2025-08-13T11:01:31.370241Z,4799,DC01,Microsoft-Windows-Security-Auditing,Security,1694,0,,,,,,,,,,,,,,,,,,0x13fc,C:\Windows\System32\VSSVC.exe,,,,,,,,,,,,,,,,,,,,,,,,,,,,,,,,,,,,,,,,,,,,,,,,,,,,,,,,,,,,,,,,,,,,,,,,,,,,,,,,,,,,,,,,,,,,,,,,,,,,,,,,,,,,,,,,,,,,,,,,,,,,WORKGROUP,0x3e7,,DC01$,S-1-5-18,Builtin,,,,,,,,,,,S-1-5-32-544,Administrators,,,,,,,,,,,,,,,,
2025-08-13T11:01:31.370786Z,4799,DC01,Microsoft-Windows-Security-Auditing,Security,1695,0,,,,,,,,,,,,,,,,,,0x13fc,C:\Windows\System32\VSSVC.exe,,,,,,,,,,,,,,,,,,,,,,,,,,,,,,,,,,,,,,,,,,,,,,,,,,,,,,,,,,,,,,,,,,,,,,,,,,,,,,,,,,,,,,,,,,,,,,,,,,,,,,,,,,,,,,,,,,,,,,,,,,,,WORKGROUP,0x3e7,,DC01$,S-1-5-18,Builtin,,,,,,,,,,,S-1-5-32-551,Backup Operators,,,,,,,,,,,,,,,,
2025-08-13T11:01:31.411292Z,4799,DC01,Microsoft-Windows-Security-Auditing,Security,1696,0,,,,,,,,,,,,,,,,,,0x13fc,C:\Windows\System32\VSSVC.exe,,,,,,,,,,,,,,,,,,,,,,,,,,,,,,,,,,,,,,,,,,,,,,,,,,,,,,,,,,,,,,,,,,,,,,,,,,,,,,,,,,,,,,,,,,,,,,,,,,,,,,,,,,,,,,,,,,,,,,,,,,,,WORKGROUP,0x3e7,,DC01$,S-1-5-18,Builtin,,,,,,,,,,,S-1-5-32-544,Administrators,,,,,,,,,,,,,,,,
2025-08-13T11:01:31.411612Z,4799,DC01,Microsoft-Windows-Security-Auditing,Security,1697,0,,,,,,,,,,,,,,,,,,0x13fc,C:\Windows\System32\VSSVC.exe,,,,,,,,,,,,,,,,,,,,,,,,,,,,,,,,,,,,,,,,,,,,,,,,,,,,,,,,,,,,,,,,,,,,,,,,,,,,,,,,,,,,,,,,,,,,,,,,,,,,,,,,,,,,,,,,,,,,,,,,,,,,WORKGROUP,0x3e7,,DC01$,S-1-5-18,Builtin,,,,,,,,,,,S-1-5-32-551,Backup Operators,,,,,,,,,,,,,,,,
2025-08-13T11:01:31.421744Z,4799,DC01,Microsoft-Windows-Security-Auditing,Security,1698,0,,,,,,,,,,,,,,,,,,0x13fc,C:\Windows\System32\VSSVC.exe,,,,,,,,,,,,,,,,,,,,,,,,,,,,,,,,,,,,,,,,,,,,,,,,,,,,,,,,,,,,,,,,,,,,,,,,,,,,,,,,,,,,,,,,,,,,,,,,,,,,,,,,,,,,,,,,,,,,,,,,,,,,WORKGROUP,0x3e7,,DC01$,S-1-5-18,Builtin,,,,,,,,,,,S-1-5-32-544,Administrators,,,,,,,,,,,,,,,,
2025-08-13T11:01:31.423114Z,4799,DC01,Microsoft-Windows-Security-Auditing,Security,1699,0,,,,,,,,,,,,,,,,,,0x13fc,C:\Windows\System32\VSSVC.exe,,,,,,,,,,,,,,,,,,,,,,,,,,,,,,,,,,,,,,,,,,,,,,,,,,,,,,,,,,,,,,,,,,,,,,,,,,,,,,,,,,,,,,,,,,,,,,,,,,,,,,,,,,,,,,,,,,,,,,,,,,,,WORKGROUP,0x3e7,,DC01$,S-1-5-18,Builtin,,,,,,,,,,,S-1-5-32-551,Backup Operators,,,,,,,,,,,,,,,,
2025-08-13T11:01:31.443469Z,4799,DC01,Microsoft-Windows-Security-Auditing,Security,1700,0,,,,,,,,,,,,,,,,,,0x13fc,C:\Windows\System32\VSSVC.exe,,,,,,,,,,,,,,,,,,,,,,,,,,,,,,,,,,,,,,,,,,,,,,,,,,,,,,,,,,,,,,,,,,,,,,,,,,,,,,,,,,,,,,,,,,,,,,,,,,,,,,,,,,,,,,,,,,,,,,,,,,,,WORKGROUP,0x3e7,,DC01$,S-1-5-18,Builtin,,,,,,,,,,,S-1-5-32-544,Administrators,,,,,,,,,,,,,,,,
2025-08-13T11:01:31.443831Z,4799,DC01,Microsoft-Windows-Security-Auditing,Security,1701,0,,,,,,,,,,,,,,,,,,0x13fc,C:\Windows\System32\VSSVC.exe,,,,,,,,,,,,,,,,,,,,,,,,,,,,,,,,,,,,,,,,,,,,,,,,,,,,,,,,,,,,,,,,,,,,,,,,,,,,,,,,,,,,,,,,,,,,,,,,,,,,,,,,,,,,,,,,,,,,,,,,,,,,WORKGROUP,0x3e7,,DC01$,S-1-5-18,Builtin,,,,,,,,,,,S-1-5-32-551,Backup Operators,,,,,,,,,,,,,,,,
2025-08-13T11:01:31.474789Z,4624,DC01,Microsoft-Windows-Security-Auditing,Security,1702,0,,,,,,,,,,,,,,,,,Negotiate,,,,,,,,,,,,,,,,,,,,,,,,%%1842,,,,,,,,,,,,,%%1833,-,-,,,,0,,,-,,,,,00000000-0000-0000-0000-000000000000,,Advapi  ,5,,,,,,,,,,,,,,,,,,,,,,,,,,,,,,,,,,,,,,,,,,,,0x2d4,C:\Windows\System32\services.exe,,,,,,,,,,-,,,,,,,,,,,,,,,,,WORKGROUP,0x3e7,,DC01$,S-1-5-18,NT AUTHORITY,,0x0,,0x3e7,,-,-,,,,,SYSTEM,S-1-5-18,,,,,-,,,,,,%%1843,,,-,
2025-08-13T11:01:31.474795Z,4672,DC01,Microsoft-Windows-Security-Auditing,Security,1703,0,,,,,,,,,,,,,,,,,,,,,,,,,,,,,,,,,,,,,,,,,,,,,,,,,,,,,,,,,,,,,,,,,,,,,,,,,,,,,,,,,,,,,,,,,,,,,,,,,,,,,,,,,,,,,,,,,"SeAssignPrimaryTokenPrivilege
			SeTcbPrivilege
			SeSecurityPrivilege
			SeTakeOwnershipPrivilege
			SeLoadDriverPrivilege
			SeBackupPrivilege
			SeRestorePrivilege
			SeDebugPrivilege
			SeAuditPrivilege
			SeSystemEnvironmentPrivilege
			SeImpersonatePrivilege
			SeDelegateSessionUserImpersonatePrivilege",,,,,,,,,,,,,,,,,,,,,,,,,,,,,,NT AUTHORITY,0x3e7,,SYSTEM,S-1-5-18,,,,,,,,,,,,,,,,,,,,,,,,,,,,,
2025-08-13T11:01:31.629154Z,4799,DC01,Microsoft-Windows-Security-Auditing,Security,1704,0,,,,,,,,,,,,,,,,,,0xbe0,C:\Windows\System32\vmms.exe,,,,,,,,,,,,,,,,,,,,,,,,,,,,,,,,,,,,,,,,,,,,,,,,,,,,,,,,,,,,,,,,,,,,,,,,,,,,,,,,,,,,,,,,,,,,,,,,,,,,,,,,,,,,,,,,,,,,,,,,,,,,WORKGROUP,0x3e7,,DC01$,S-1-5-18,Builtin,,,,,,,,,,,S-1-5-32-544,Administrators,,,,,,,,,,,,,,,,
2025-08-13T11:01:31.631550Z,4799,DC01,Microsoft-Windows-Security-Auditing,Security,1705,0,,,,,,,,,,,,,,,,,,0xbe0,C:\Windows\System32\vmms.exe,,,,,,,,,,,,,,,,,,,,,,,,,,,,,,,,,,,,,,,,,,,,,,,,,,,,,,,,,,,,,,,,,,,,,,,,,,,,,,,,,,,,,,,,,,,,,,,,,,,,,,,,,,,,,,,,,,,,,,,,,,,,WORKGROUP,0x3e7,,DC01$,S-1-5-18,Builtin,,,,,,,,,,,S-1-5-32-551,Backup Operators,,,,,,,,,,,,,,,,
2025-08-13T11:01:36.591398Z,5379,DC01,Microsoft-Windows-Security-Auditing,Security,1706,0,,,,,,,,,,,,,,,,,,,,,,,,,5936,,,,0,,,,,,,,,,,,,,,,,,,,,,,,,,,,,,,,,,,,,,,,,,,,,,,,,,,,,,,,,,,,,,,,,,,,,,,,,,,,,,,,,,,,,2025-08-13T11:01:32.352204Z,,,,,,,,%%8100,,,,,3221226021,,,,,,,,,,,,,,,,DC01,0x28960,,Administrator,S-1-5-21-2502726253-3859040611-225969357-500,,,,,,ServerManager*,,,,,,,,,,,,,,0,,,,,,,,,
2025-08-13T11:01:37.959640Z,4624,DC01,Microsoft-Windows-Security-Auditing,Security,1707,0,,,,,,,,,,,,,,,,,Negotiate,,,,,,,,,,,,,,,,,,,,,,,,%%1842,,,,,,,,,,,,,%%1833,-,-,,,,0,,,-,,,,,00000000-0000-0000-0000-000000000000,,Advapi  ,5,,,,,,,,,,,,,,,,,,,,,,,,,,,,,,,,,,,,,,,,,,,,0x2d4,C:\Windows\System32\services.exe,,,,,,,,,,-,,,,,,,,,,,,,,,,,WORKGROUP,0x3e7,,DC01$,S-1-5-18,NT AUTHORITY,,0x0,,0x3e7,,-,-,,,,,SYSTEM,S-1-5-18,,,,,-,,,,,,%%1843,,,-,
2025-08-13T11:01:37.959645Z,4672,DC01,Microsoft-Windows-Security-Auditing,Security,1708,0,,,,,,,,,,,,,,,,,,,,,,,,,,,,,,,,,,,,,,,,,,,,,,,,,,,,,,,,,,,,,,,,,,,,,,,,,,,,,,,,,,,,,,,,,,,,,,,,,,,,,,,,,,,,,,,,,"SeAssignPrimaryTokenPrivilege
			SeTcbPrivilege
			SeSecurityPrivilege
			SeTakeOwnershipPrivilege
			SeLoadDriverPrivilege
			SeBackupPrivilege
			SeRestorePrivilege
			SeDebugPrivilege
			SeAuditPrivilege
			SeSystemEnvironmentPrivilege
			SeImpersonatePrivilege
			SeDelegateSessionUserImpersonatePrivilege",,,,,,,,,,,,,,,,,,,,,,,,,,,,,,NT AUTHORITY,0x3e7,,SYSTEM,S-1-5-18,,,,,,,,,,,,,,,,,,,,,,,,,,,,,
2025-08-13T11:01:50.735551Z,4624,DC01,Microsoft-Windows-Security-Auditing,Security,1709,0,,,,,,,,,,,,,,,,,Negotiate,,,,,,,,,,,,,,,,,,,,,,,,%%1842,,,,,,,,,,,,,%%1833,-,-,,,,0,,,-,,,,,00000000-0000-0000-0000-000000000000,,Advapi  ,5,,,,,,,,,,,,,,,,,,,,,,,,,,,,,,,,,,,,,,,,,,,,0x2d4,C:\Windows\System32\services.exe,,,,,,,,,,-,,,,,,,,,,,,,,,,,WORKGROUP,0x3e7,,DC01$,S-1-5-18,NT AUTHORITY,,0x0,,0x3e7,,-,-,,,,,SYSTEM,S-1-5-18,,,,,-,,,,,,%%1843,,,-,
2025-08-13T11:01:50.735578Z,4672,DC01,Microsoft-Windows-Security-Auditing,Security,1710,0,,,,,,,,,,,,,,,,,,,,,,,,,,,,,,,,,,,,,,,,,,,,,,,,,,,,,,,,,,,,,,,,,,,,,,,,,,,,,,,,,,,,,,,,,,,,,,,,,,,,,,,,,,,,,,,,,"SeAssignPrimaryTokenPrivilege
			SeTcbPrivilege
			SeSecurityPrivilege
			SeTakeOwnershipPrivilege
			SeLoadDriverPrivilege
			SeBackupPrivilege
			SeRestorePrivilege
			SeDebugPrivilege
			SeAuditPrivilege
			SeSystemEnvironmentPrivilege
			SeImpersonatePrivilege
			SeDelegateSessionUserImpersonatePrivilege",,,,,,,,,,,,,,,,,,,,,,,,,,,,,,NT AUTHORITY,0x3e7,,SYSTEM,S-1-5-18,,,,,,,,,,,,,,,,,,,,,,,,,,,,,
2025-08-13T11:01:50.843886Z,4799,DC01,Microsoft-Windows-Security-Auditing,Security,1711,0,,,,,,,,,,,,,,,,,,0x88,C:\Windows\System32\svchost.exe,,,,,,,,,,,,,,,,,,,,,,,,,,,,,,,,,,,,,,,,,,,,,,,,,,,,,,,,,,,,,,,,,,,,,,,,,,,,,,,,,,,,,,,,,,,,,,,,,,,,,,,,,,,,,,,,,,,,,,,,,,,,WORKGROUP,0x3e7,,DC01$,S-1-5-18,Builtin,,,,,,,,,,,S-1-5-32-544,Administrators,,,,,,,,,,,,,,,,
2025-08-13T11:01:50.844429Z,4799,DC01,Microsoft-Windows-Security-Auditing,Security,1712,0,,,,,,,,,,,,,,,,,,0x88,C:\Windows\System32\svchost.exe,,,,,,,,,,,,,,,,,,,,,,,,,,,,,,,,,,,,,,,,,,,,,,,,,,,,,,,,,,,,,,,,,,,,,,,,,,,,,,,,,,,,,,,,,,,,,,,,,,,,,,,,,,,,,,,,,,,,,,,,,,,,WORKGROUP,0x3e7,,DC01$,S-1-5-18,Builtin,,,,,,,,,,,S-1-5-32-551,Backup Operators,,,,,,,,,,,,,,,,
2025-08-13T11:01:50.913291Z,4624,DC01,Microsoft-Windows-Security-Auditing,Security,1713,0,,,,,,,,,,,,,,,,,Negotiate,,,,,,,,,,,,,,,,,,,,,,,,%%1842,,,,,,,,,,,,,%%1833,-,-,,,,0,,,-,,,,,00000000-0000-0000-0000-000000000000,,Advapi  ,5,,,,,,,,,,,,,,,,,,,,,,,,,,,,,,,,,,,,,,,,,,,,0x2d4,C:\Windows\System32\services.exe,,,,,,,,,,-,,,,,,,,,,,,,,,,,WORKGROUP,0x3e7,,DC01$,S-1-5-18,NT AUTHORITY,,0x0,,0x3e7,,-,-,,,,,SYSTEM,S-1-5-18,,,,,-,,,,,,%%1843,,,-,
2025-08-13T11:01:50.913296Z,4672,DC01,Microsoft-Windows-Security-Auditing,Security,1714,0,,,,,,,,,,,,,,,,,,,,,,,,,,,,,,,,,,,,,,,,,,,,,,,,,,,,,,,,,,,,,,,,,,,,,,,,,,,,,,,,,,,,,,,,,,,,,,,,,,,,,,,,,,,,,,,,,"SeAssignPrimaryTokenPrivilege
			SeTcbPrivilege
			SeSecurityPrivilege
			SeTakeOwnershipPrivilege
			SeLoadDriverPrivilege
			SeBackupPrivilege
			SeRestorePrivilege
			SeDebugPrivilege
			SeAuditPrivilege
			SeSystemEnvironmentPrivilege
			SeImpersonatePrivilege
			SeDelegateSessionUserImpersonatePrivilege",,,,,,,,,,,,,,,,,,,,,,,,,,,,,,NT AUTHORITY,0x3e7,,SYSTEM,S-1-5-18,,,,,,,,,,,,,,,,,,,,,,,,,,,,,
2025-08-13T11:03:30.670530Z,4624,DC01,Microsoft-Windows-Security-Auditing,Security,1715,0,,,,,,,,,,,,,,,,,Negotiate,,,,,,,,,,,,,,,,,,,,,,,,%%1842,,,,,,,,,,,,,%%1833,-,-,,,,0,,,-,,,,,00000000-0000-0000-0000-000000000000,,Advapi  ,5,,,,,,,,,,,,,,,,,,,,,,,,,,,,,,,,,,,,,,,,,,,,0x2d4,C:\Windows\System32\services.exe,,,,,,,,,,-,,,,,,,,,,,,,,,,,WORKGROUP,0x3e7,,DC01$,S-1-5-18,NT AUTHORITY,,0x0,,0x3e7,,-,-,,,,,SYSTEM,S-1-5-18,,,,,-,,,,,,%%1843,,,-,
2025-08-13T11:03:30.670536Z,4672,DC01,Microsoft-Windows-Security-Auditing,Security,1716,0,,,,,,,,,,,,,,,,,,,,,,,,,,,,,,,,,,,,,,,,,,,,,,,,,,,,,,,,,,,,,,,,,,,,,,,,,,,,,,,,,,,,,,,,,,,,,,,,,,,,,,,,,,,,,,,,,"SeAssignPrimaryTokenPrivilege
			SeTcbPrivilege
			SeSecurityPrivilege
			SeTakeOwnershipPrivilege
			SeLoadDriverPrivilege
			SeBackupPrivilege
			SeRestorePrivilege
			SeDebugPrivilege
			SeAuditPrivilege
			SeSystemEnvironmentPrivilege
			SeImpersonatePrivilege
			SeDelegateSessionUserImpersonatePrivilege",,,,,,,,,,,,,,,,,,,,,,,,,,,,,,NT AUTHORITY,0x3e7,,SYSTEM,S-1-5-18,,,,,,,,,,,,,,,,,,,,,,,,,,,,,
2025-08-13T11:03:35.000107Z,4624,DC01,Microsoft-Windows-Security-Auditing,Security,1717,0,,,,,,,,,,,,,,,,,Negotiate,,,,,,,,,,,,,,,,,,,,,,,,%%1842,,,,,,,,,,,,,%%1833,-,-,,,,0,,,-,,,,,00000000-0000-0000-0000-000000000000,,Advapi  ,5,,,,,,,,,,,,,,,,,,,,,,,,,,,,,,,,,,,,,,,,,,,,0x2d4,C:\Windows\System32\services.exe,,,,,,,,,,-,,,,,,,,,,,,,,,,,WORKGROUP,0x3e7,,DC01$,S-1-5-18,NT AUTHORITY,,0x0,,0x3e7,,-,-,,,,,SYSTEM,S-1-5-18,,,,,-,,,,,,%%1843,,,-,
2025-08-13T11:03:35.000112Z,4672,DC01,Microsoft-Windows-Security-Auditing,Security,1718,0,,,,,,,,,,,,,,,,,,,,,,,,,,,,,,,,,,,,,,,,,,,,,,,,,,,,,,,,,,,,,,,,,,,,,,,,,,,,,,,,,,,,,,,,,,,,,,,,,,,,,,,,,,,,,,,,,"SeAssignPrimaryTokenPrivilege
			SeTcbPrivilege
			SeSecurityPrivilege
			SeTakeOwnershipPrivilege
			SeLoadDriverPrivilege
			SeBackupPrivilege
			SeRestorePrivilege
			SeDebugPrivilege
			SeAuditPrivilege
			SeSystemEnvironmentPrivilege
			SeImpersonatePrivilege
			SeDelegateSessionUserImpersonatePrivilege",,,,,,,,,,,,,,,,,,,,,,,,,,,,,,NT AUTHORITY,0x3e7,,SYSTEM,S-1-5-18,,,,,,,,,,,,,,,,,,,,,,,,,,,,,
2025-08-13T11:04:35.761327Z,4907,DC01,Microsoft-Windows-Security-Auditing,Security,1719,0,,,,,,,,,,,,,,,,,,,,,,,,,,,,,,,,,,,,,,,,,,,,,,,0x890,,,,,,,,,,,,,,,,,,,,,,,,,,,,,,,,,,,,S:ARAI(AU;SAFA;0x1f0116;;;WD),,,,,,,,,C:\Windows\WinSxS\FileMaps\_0000000000000000.cdf-ms,,Security,File,,,,,,,,,,,,,,,,,,,,0x1624,C:\Windows\WinSxS\amd64_microsoft-windows-servicingstack_31bf3856ad364e35_10.0.17763.3641_none_56cfe33d992f2729\TiWorker.exe,,,,,,,,,,,,,,,,,,,,,,,,,,,WORKGROUP,0x3e7,,DC01$,S-1-5-18,,,,,,,,,,,,,,,,,,,,,,,,,,,,,
2025-08-13T11:04:35.762873Z,4907,DC01,Microsoft-Windows-Security-Auditing,Security,1720,0,,,,,,,,,,,,,,,,,,,,,,,,,,,,,,,,,,,,,,,,,,,,,,,0x884,,,,,,,,,,,,,,,,,,,,,,,,,,,,,,,,,,,,S:ARAI(AU;SAFA;0x1f0116;;;WD),,,,,,,,,C:\Windows\WinSxS\FileMaps\$$.cdf-ms,,Security,File,,,,,,,,,,,,,,,,,,,,0x1624,C:\Windows\WinSxS\amd64_microsoft-windows-servicingstack_31bf3856ad364e35_10.0.17763.3641_none_56cfe33d992f2729\TiWorker.exe,,,,,,,,,,,,,,,,,,,,,,,,,,,WORKGROUP,0x3e7,,DC01$,S-1-5-18,,,,,,,,,,,,,,,,,,,,,,,,,,,,,
2025-08-13T11:04:35.765634Z,4907,DC01,Microsoft-Windows-Security-Auditing,Security,1721,0,,,,,,,,,,,,,,,,,,,,,,,,,,,,,,,,,,,,,,,,,,,,,,,0x884,,,,,,,,,,,,,,,,,,,,,,,,,,,,,,,,,,,,S:ARAI(AU;SAFA;0x1f0116;;;WD),,,,,,,,,C:\Windows\WinSxS\FileMaps\$$_syswow64_21ffbdd2a2dd92e0.cdf-ms,,Security,File,,,,,,,,,,,,,,,,,,,,0x1624,C:\Windows\WinSxS\amd64_microsoft-windows-servicingstack_31bf3856ad364e35_10.0.17763.3641_none_56cfe33d992f2729\TiWorker.exe,,,,,,,,,,,,,,,,,,,,,,,,,,,WORKGROUP,0x3e7,,DC01$,S-1-5-18,,,,,,,,,,,,,,,,,,,,,,,,,,,,,
2025-08-13T11:04:35.767026Z,4907,DC01,Microsoft-Windows-Security-Auditing,Security,1722,0,,,,,,,,,,,,,,,,,,,,,,,,,,,,,,,,,,,,,,,,,,,,,,,0x888,,,,,,,,,,,,,,,,,,,,,,,,,,,,,,,,,,,,S:ARAI(AU;SAFA;0x1f0116;;;WD),,,,,,,,,C:\Windows\WinSxS\FileMaps\$$_syswow64_windowspowershell_v1.0_19ae85881f1c4f2d.cdf-ms,,Security,File,,,,,,,,,,,,,,,,,,,,0x1624,C:\Windows\WinSxS\amd64_microsoft-windows-servicingstack_31bf3856ad364e35_10.0.17763.3641_none_56cfe33d992f2729\TiWorker.exe,,,,,,,,,,,,,,,,,,,,,,,,,,,WORKGROUP,0x3e7,,DC01$,S-1-5-18,,,,,,,,,,,,,,,,,,,,,,,,,,,,,
2025-08-13T11:04:35.768604Z,4907,DC01,Microsoft-Windows-Security-Auditing,Security,1723,0,,,,,,,,,,,,,,,,,,,,,,,,,,,,,,,,,,,,,,,,,,,,,,,0x890,,,,,,,,,,,,,,,,,,,,,,,,,,,,,,,,,,,,S:ARAI(AU;SAFA;0x1f0116;;;WD),,,,,,,,,C:\Windows\WinSxS\FileMaps\$$_syswow64_windowspowershell_v1.0_modules_b001352a7f7811a4.cdf-ms,,Security,File,,,,,,,,,,,,,,,,,,,,0x1624,C:\Windows\WinSxS\amd64_microsoft-windows-servicingstack_31bf3856ad364e35_10.0.17763.3641_none_56cfe33d992f2729\TiWorker.exe,,,,,,,,,,,,,,,,,,,,,,,,,,,WORKGROUP,0x3e7,,DC01$,S-1-5-18,,,,,,,,,,,,,,,,,,,,,,,,,,,,,
2025-08-13T11:04:35.770757Z,4907,DC01,Microsoft-Windows-Security-Auditing,Security,1724,0,,,,,,,,,,,,,,,,,,,,,,,,,,,,,,,,,,,,,,,,,,,,,,,0x888,,,,,,,,,,,,,,,,,,,,,,,,,,,,,,,,,,,,S:ARAI(AU;SAFA;0x1f0116;;;WD),,,,,,,,,C:\Windows\WinSxS\FileMaps\$$_syswow64_windowspowershell_v1.0_modules_dnsserver_0e521656ba347d64.cdf-ms,,Security,File,,,,,,,,,,,,,,,,,,,,0x1624,C:\Windows\WinSxS\amd64_microsoft-windows-servicingstack_31bf3856ad364e35_10.0.17763.3641_none_56cfe33d992f2729\TiWorker.exe,,,,,,,,,,,,,,,,,,,,,,,,,,,WORKGROUP,0x3e7,,DC01$,S-1-5-18,,,,,,,,,,,,,,,,,,,,,,,,,,,,,
2025-08-13T11:04:35.772340Z,4907,DC01,Microsoft-Windows-Security-Auditing,Security,1725,0,,,,,,,,,,,,,,,,,,,,,,,,,,,,,,,,,,,,,,,,,,,,,,,0x894,,,,,,,,,,,,,,,,,,,,,,,,,,,,,,,,,,,,S:ARAI(AU;SAFA;0x1f0116;;;WD),,,,,,,,,C:\Windows\WinSxS\FileMaps\$$_system32_21f9a9c4a2f8b514.cdf-ms,,Security,File,,,,,,,,,,,,,,,,,,,,0x1624,C:\Windows\WinSxS\amd64_microsoft-windows-servicingstack_31bf3856ad364e35_10.0.17763.3641_none_56cfe33d992f2729\TiWorker.exe,,,,,,,,,,,,,,,,,,,,,,,,,,,WORKGROUP,0x3e7,,DC01$,S-1-5-18,,,,,,,,,,,,,,,,,,,,,,,,,,,,,
2025-08-13T11:04:35.773723Z,4907,DC01,Microsoft-Windows-Security-Auditing,Security,1726,0,,,,,,,,,,,,,,,,,,,,,,,,,,,,,,,,,,,,,,,,,,,,,,,0x880,,,,,,,,,,,,,,,,,,,,,,,,,,,,,,,,,,,,S:ARAI(AU;SAFA;0x1f0116;;;WD),,,,,,,,,C:\Windows\WinSxS\FileMaps\$$_system32_windowspowershell_v1.0_3f102d555ee05d33.cdf-ms,,Security,File,,,,,,,,,,,,,,,,,,,,0x1624,C:\Windows\WinSxS\amd64_microsoft-windows-servicingstack_31bf3856ad364e35_10.0.17763.3641_none_56cfe33d992f2729\TiWorker.exe,,,,,,,,,,,,,,,,,,,,,,,,,,,WORKGROUP,0x3e7,,DC01$,S-1-5-18,,,,,,,,,,,,,,,,,,,,,,,,,,,,,
2025-08-13T11:04:35.775139Z,4907,DC01,Microsoft-Windows-Security-Auditing,Security,1727,0,,,,,,,,,,,,,,,,,,,,,,,,,,,,,,,,,,,,,,,,,,,,,,,0x888,,,,,,,,,,,,,,,,,,,,,,,,,,,,,,,,,,,,S:ARAI(AU;SAFA;0x1f0116;;;WD),,,,,,,,,C:\Windows\WinSxS\FileMaps\$$_system32_windowspowershell_v1.0_modules_a349059b05097caa.cdf-ms,,Security,File,,,,,,,,,,,,,,,,,,,,0x1624,C:\Windows\WinSxS\amd64_microsoft-windows-servicingstack_31bf3856ad364e35_10.0.17763.3641_none_56cfe33d992f2729\TiWorker.exe,,,,,,,,,,,,,,,,,,,,,,,,,,,WORKGROUP,0x3e7,,DC01$,S-1-5-18,,,,,,,,,,,,,,,,,,,,,,,,,,,,,
2025-08-13T11:04:35.777231Z,4907,DC01,Microsoft-Windows-Security-Auditing,Security,1728,0,,,,,,,,,,,,,,,,,,,,,,,,,,,,,,,,,,,,,,,,,,,,,,,0x880,,,,,,,,,,,,,,,,,,,,,,,,,,,,,,,,,,,,S:ARAI(AU;SAFA;0x1f0116;;;WD),,,,,,,,,C:\Windows\WinSxS\FileMaps\$$_system32_windowspowershell_v1.0_modules_dnsserver_b0e2c53d0808a92c.cdf-ms,,Security,File,,,,,,,,,,,,,,,,,,,,0x1624,C:\Windows\WinSxS\amd64_microsoft-windows-servicingstack_31bf3856ad364e35_10.0.17763.3641_none_56cfe33d992f2729\TiWorker.exe,,,,,,,,,,,,,,,,,,,,,,,,,,,WORKGROUP,0x3e7,,DC01$,S-1-5-18,,,,,,,,,,,,,,,,,,,,,,,,,,,,,
2025-08-13T11:04:35.778438Z,4907,DC01,Microsoft-Windows-Security-Auditing,Security,1729,0,,,,,,,,,,,,,,,,,,,,,,,,,,,,,,,,,,,,,,,,,,,,,,,0x894,,,,,,,,,,,,,,,,,,,,,,,,,,,,,,,,,,,,S:ARAI(AU;SAFA;0x1f0116;;;WD),,,,,,,,,C:\Windows\WinSxS\FileMaps\$$_system32_wbem_06656d9fdf2f8577.cdf-ms,,Security,File,,,,,,,,,,,,,,,,,,,,0x1624,C:\Windows\WinSxS\amd64_microsoft-windows-servicingstack_31bf3856ad364e35_10.0.17763.3641_none_56cfe33d992f2729\TiWorker.exe,,,,,,,,,,,,,,,,,,,,,,,,,,,WORKGROUP,0x3e7,,DC01$,S-1-5-18,,,,,,,,,,,,,,,,,,,,,,,,,,,,,
2025-08-13T11:04:35.780150Z,4907,DC01,Microsoft-Windows-Security-Auditing,Security,1730,0,,,,,,,,,,,,,,,,,,,,,,,,,,,,,,,,,,,,,,,,,,,,,,,0x888,,,,,,,,,,,,,,,,,,,,,,,,,,,,,,,,,,,,S:ARAI(AU;SAFA;0x1f0116;;;WD),,,,,,,,,C:\Windows\WinSxS\FileMaps\$$_system32_wbem_en-us_4555b1beb1c13883.cdf-ms,,Security,File,,,,,,,,,,,,,,,,,,,,0x1624,C:\Windows\WinSxS\amd64_microsoft-windows-servicingstack_31bf3856ad364e35_10.0.17763.3641_none_56cfe33d992f2729\TiWorker.exe,,,,,,,,,,,,,,,,,,,,,,,,,,,WORKGROUP,0x3e7,,DC01$,S-1-5-18,,,,,,,,,,,,,,,,,,,,,,,,,,,,,
2025-08-13T11:04:35.782485Z,4907,DC01,Microsoft-Windows-Security-Auditing,Security,1731,0,,,,,,,,,,,,,,,,,,,,,,,,,,,,,,,,,,,,,,,,,,,,,,,0x888,,,,,,,,,,,,,,,,,,,,,,,,,,,,,,,,,,,,S:ARAI(AU;SAFA;0x1f0116;;;WD),,,,,,,,,C:\Windows\WinSxS\FileMaps\$$_system32_en-us_429cd25484dc6f94.cdf-ms,,Security,File,,,,,,,,,,,,,,,,,,,,0x1624,C:\Windows\WinSxS\amd64_microsoft-windows-servicingstack_31bf3856ad364e35_10.0.17763.3641_none_56cfe33d992f2729\TiWorker.exe,,,,,,,,,,,,,,,,,,,,,,,,,,,WORKGROUP,0x3e7,,DC01$,S-1-5-18,,,,,,,,,,,,,,,,,,,,,,,,,,,,,
2025-08-13T11:04:35.784441Z,4907,DC01,Microsoft-Windows-Security-Auditing,Security,1732,0,,,,,,,,,,,,,,,,,,,,,,,,,,,,,,,,,,,,,,,,,,,,,,,0x890,,,,,,,,,,,,,,,,,,,,,,,,,,,,,,,,,,,,S:ARAI(AU;SAFA;0x1f0116;;;WD),,,,,,,,,C:\Windows\WinSxS\FileMaps\$$_system32_dns_samples_12e6b2bbbaf4ad18.cdf-ms,,Security,File,,,,,,,,,,,,,,,,,,,,0x1624,C:\Windows\WinSxS\amd64_microsoft-windows-servicingstack_31bf3856ad364e35_10.0.17763.3641_none_56cfe33d992f2729\TiWorker.exe,,,,,,,,,,,,,,,,,,,,,,,,,,,WORKGROUP,0x3e7,,DC01$,S-1-5-18,,,,,,,,,,,,,,,,,,,,,,,,,,,,,
2025-08-13T11:04:35.785521Z,4907,DC01,Microsoft-Windows-Security-Auditing,Security,1733,0,,,,,,,,,,,,,,,,,,,,,,,,,,,,,,,,,,,,,,,,,,,,,,,0x894,,,,,,,,,,,,,,,,,,,,,,,,,,,,,,,,,,,,S:ARAI(AU;SAFA;0x1f0116;;;WD),,,,,,,,,C:\Windows\WinSxS\FileMaps\$$_inf_3f581daba4c8c835.cdf-ms,,Security,File,,,,,,,,,,,,,,,,,,,,0x1624,C:\Windows\WinSxS\amd64_microsoft-windows-servicingstack_31bf3856ad364e35_10.0.17763.3641_none_56cfe33d992f2729\TiWorker.exe,,,,,,,,,,,,,,,,,,,,,,,,,,,WORKGROUP,0x3e7,,DC01$,S-1-5-18,,,,,,,,,,,,,,,,,,,,,,,,,,,,,
2025-08-13T11:04:35.787316Z,4907,DC01,Microsoft-Windows-Security-Auditing,Security,1734,0,,,,,,,,,,,,,,,,,,,,,,,,,,,,,,,,,,,,,,,,,,,,,,,0x890,,,,,,,,,,,,,,,,,,,,,,,,,,,,,,,,,,,,S:ARAI(AU;SAFA;0x1f0116;;;WD),,,,,,,,,C:\Windows\WinSxS\FileMaps\$$_inf_dns_b45bd646559d7e38.cdf-ms,,Security,File,,,,,,,,,,,,,,,,,,,,0x1624,C:\Windows\WinSxS\amd64_microsoft-windows-servicingstack_31bf3856ad364e35_10.0.17763.3641_none_56cfe33d992f2729\TiWorker.exe,,,,,,,,,,,,,,,,,,,,,,,,,,,WORKGROUP,0x3e7,,DC01$,S-1-5-18,,,,,,,,,,,,,,,,,,,,,,,,,,,,,
2025-08-13T11:04:35.788692Z,4907,DC01,Microsoft-Windows-Security-Auditing,Security,1735,0,,,,,,,,,,,,,,,,,,,,,,,,,,,,,,,,,,,,,,,,,,,,,,,0x894,,,,,,,,,,,,,,,,,,,,,,,,,,,,,,,,,,,,S:ARAI(AU;SAFA;0x1f0116;;;WD),,,,,,,,,C:\Windows\WinSxS\FileMaps\$$_inf_dns_0409_a9f42a7313ee5f4f.cdf-ms,,Security,File,,,,,,,,,,,,,,,,,,,,0x1624,C:\Windows\WinSxS\amd64_microsoft-windows-servicingstack_31bf3856ad364e35_10.0.17763.3641_none_56cfe33d992f2729\TiWorker.exe,,,,,,,,,,,,,,,,,,,,,,,,,,,WORKGROUP,0x3e7,,DC01$,S-1-5-18,,,,,,,,,,,,,,,,,,,,,,,,,,,,,
2025-08-13T11:04:35.790241Z,4907,DC01,Microsoft-Windows-Security-Auditing,Security,1736,0,,,,,,,,,,,,,,,,,,,,,,,,,,,,,,,,,,,,,,,,,,,,,,,0x880,,,,,,,,,,,,,,,,,,,,,,,,,,,,,,,,,,,,S:ARAI(AU;SAFA;0x1f0116;;;WD),,,,,,,,,C:\Windows\WinSxS\FileMaps\$$_inf_dns_0000_a9f422c913ee6b04.cdf-ms,,Security,File,,,,,,,,,,,,,,,,,,,,0x1624,C:\Windows\WinSxS\amd64_microsoft-windows-servicingstack_31bf3856ad364e35_10.0.17763.3641_none_56cfe33d992f2729\TiWorker.exe,,,,,,,,,,,,,,,,,,,,,,,,,,,WORKGROUP,0x3e7,,DC01$,S-1-5-18,,,,,,,,,,,,,,,,,,,,,,,,,,,,,
2025-08-13T11:04:35.791450Z,4907,DC01,Microsoft-Windows-Security-Auditing,Security,1737,0,,,,,,,,,,,,,,,,,,,,,,,,,,,,,,,,,,,,,,,,,,,,,,,0x88c,,,,,,,,,,,,,,,,,,,,,,,,,,,,,,,,,,,,S:ARAI(AU;SAFA;0x1f0116;;;WD),,,,,,,,,C:\Windows\WinSxS\FileMaps\programdata.cdf-ms,,Security,File,,,,,,,,,,,,,,,,,,,,0x1624,C:\Windows\WinSxS\amd64_microsoft-windows-servicingstack_31bf3856ad364e35_10.0.17763.3641_none_56cfe33d992f2729\TiWorker.exe,,,,,,,,,,,,,,,,,,,,,,,,,,,WORKGROUP,0x3e7,,DC01$,S-1-5-18,,,,,,,,,,,,,,,,,,,,,,,,,,,,,
2025-08-13T11:04:35.792796Z,4907,DC01,Microsoft-Windows-Security-Auditing,Security,1738,0,,,,,,,,,,,,,,,,,,,,,,,,,,,,,,,,,,,,,,,,,,,,,,,0x888,,,,,,,,,,,,,,,,,,,,,,,,,,,,,,,,,,,,S:ARAI(AU;SAFA;0x1f0116;;;WD),,,,,,,,,C:\Windows\WinSxS\FileMaps\programdata_microsoft_fe5c6d762edd2110.cdf-ms,,Security,File,,,,,,,,,,,,,,,,,,,,0x1624,C:\Windows\WinSxS\amd64_microsoft-windows-servicingstack_31bf3856ad364e35_10.0.17763.3641_none_56cfe33d992f2729\TiWorker.exe,,,,,,,,,,,,,,,,,,,,,,,,,,,WORKGROUP,0x3e7,,DC01$,S-1-5-18,,,,,,,,,,,,,,,,,,,,,,,,,,,,,
2025-08-13T11:04:35.794415Z,4907,DC01,Microsoft-Windows-Security-Auditing,Security,1739,0,,,,,,,,,,,,,,,,,,,,,,,,,,,,,,,,,,,,,,,,,,,,,,,0x880,,,,,,,,,,,,,,,,,,,,,,,,,,,,,,,,,,,,S:ARAI(AU;SAFA;0x1f0116;;;WD),,,,,,,,,C:\Windows\WinSxS\FileMaps\programdata_microsoft_windows_cae2264614449191.cdf-ms,,Security,File,,,,,,,,,,,,,,,,,,,,0x1624,C:\Windows\WinSxS\amd64_microsoft-windows-servicingstack_31bf3856ad364e35_10.0.17763.3641_none_56cfe33d992f2729\TiWorker.exe,,,,,,,,,,,,,,,,,,,,,,,,,,,WORKGROUP,0x3e7,,DC01$,S-1-5-18,,,,,,,,,,,,,,,,,,,,,,,,,,,,,
2025-08-13T11:04:35.795844Z,4907,DC01,Microsoft-Windows-Security-Auditing,Security,1740,0,,,,,,,,,,,,,,,,,,,,,,,,,,,,,,,,,,,,,,,,,,,,,,,0x904,,,,,,,,,,,,,,,,,,,,,,,,,,,,,,,,,,,,S:ARAI(AU;SAFA;0x1f0116;;;WD),,,,,,,,,C:\Windows\WinSxS\FileMaps\programdata_microsoft_windows_start_menu_fde55420546edfe6.cdf-ms,,Security,File,,,,,,,,,,,,,,,,,,,,0x1624,C:\Windows\WinSxS\amd64_microsoft-windows-servicingstack_31bf3856ad364e35_10.0.17763.3641_none_56cfe33d992f2729\TiWorker.exe,,,,,,,,,,,,,,,,,,,,,,,,,,,WORKGROUP,0x3e7,,DC01$,S-1-5-18,,,,,,,,,,,,,,,,,,,,,,,,,,,,,
2025-08-13T11:04:35.797621Z,4907,DC01,Microsoft-Windows-Security-Auditing,Security,1741,0,,,,,,,,,,,,,,,,,,,,,,,,,,,,,,,,,,,,,,,,,,,,,,,0x888,,,,,,,,,,,,,,,,,,,,,,,,,,,,,,,,,,,,S:ARAI(AU;SAFA;0x1f0116;;;WD),,,,,,,,,C:\Windows\WinSxS\FileMaps\programdata_microsoft_windows_start_menu_programs_d672ba09d81e87ff.cdf-ms,,Security,File,,,,,,,,,,,,,,,,,,,,0x1624,C:\Windows\WinSxS\amd64_microsoft-windows-servicingstack_31bf3856ad364e35_10.0.17763.3641_none_56cfe33d992f2729\TiWorker.exe,,,,,,,,,,,,,,,,,,,,,,,,,,,WORKGROUP,0x3e7,,DC01$,S-1-5-18,,,,,,,,,,,,,,,,,,,,,,,,,,,,,
2025-08-13T11:04:35.799044Z,4907,DC01,Microsoft-Windows-Security-Auditing,Security,1742,0,,,,,,,,,,,,,,,,,,,,,,,,,,,,,,,,,,,,,,,,,,,,,,,0x880,,,,,,,,,,,,,,,,,,,,,,,,,,,,,,,,,,,,S:ARAI(AU;SAFA;0x1f0116;;;WD),,,,,,,,,C:\Windows\WinSxS\FileMaps\programdata_microsoft_windows_start_menu_programs_administrative_tools_50eba26877c48094.cdf-ms,,Security,File,,,,,,,,,,,,,,,,,,,,0x1624,C:\Windows\WinSxS\amd64_microsoft-windows-servicingstack_31bf3856ad364e35_10.0.17763.3641_none_56cfe33d992f2729\TiWorker.exe,,,,,,,,,,,,,,,,,,,,,,,,,,,WORKGROUP,0x3e7,,DC01$,S-1-5-18,,,,,,,,,,,,,,,,,,,,,,,,,,,,,
2025-08-13T11:04:35.800282Z,4907,DC01,Microsoft-Windows-Security-Auditing,Security,1743,0,,,,,,,,,,,,,,,,,,,,,,,,,,,,,,,,,,,,,,,,,,,,,,,0x88c,,,,,,,,,,,,,,,,,,,,,,,,,,,,,,,,,,,,S:ARAI(AU;SAFA;0x1f0116;;;WD),,,,,,,,,C:\Windows\WinSxS\FileMaps\programdata_microsoft_event_viewer_views_serverroles_36b1368cd034c4a0.cdf-ms,,Security,File,,,,,,,,,,,,,,,,,,,,0x1624,C:\Windows\WinSxS\amd64_microsoft-windows-servicingstack_31bf3856ad364e35_10.0.17763.3641_none_56cfe33d992f2729\TiWorker.exe,,,,,,,,,,,,,,,,,,,,,,,,,,,WORKGROUP,0x3e7,,DC01$,S-1-5-18,,,,,,,,,,,,,,,,,,,,,,,,,,,,,
2025-08-13T11:04:35.801372Z,4907,DC01,Microsoft-Windows-Security-Auditing,Security,1744,0,,,,,,,,,,,,,,,,,,,,,,,,,,,,,,,,,,,,,,,,,,,,,,,0x904,,,,,,,,,,,,,,,,,,,,,,,,,,,,,,,,,,,,S:ARAI(AU;SAFA;DCLCRPCRSDWDWO;;;WD),,,,,,,,,C:\ProgramData\Microsoft\Event Viewer\Views\ServerRoles\DnsServer.Events.xml,,Security,File,,,,,,,,,,,,,,,,,,,,0x1624,C:\Windows\WinSxS\amd64_microsoft-windows-servicingstack_31bf3856ad364e35_10.0.17763.3641_none_56cfe33d992f2729\TiWorker.exe,,,,,,,,,,,,,,,,,,,,,,,,,,,WORKGROUP,0x3e7,,DC01$,S-1-5-18,,,,,,,,,,,,,,,,,,,,,,,,,,,,,
2025-08-13T11:04:35.802812Z,4907,DC01,Microsoft-Windows-Security-Auditing,Security,1745,0,,,,,,,,,,,,,,,,,,,,,,,,,,,,,,,,,,,,,,,,,,,,,,,0x88c,,,,,,,,,,,,,,,,,,,,,,,,,,,,,,,,,,,,S:ARAI(AU;SAFA;DCLCRPCRSDWDWO;;;WD),,,,,,,,,C:\Windows\INF\DNS\dnsperf.h,,Security,File,,,,,,,,,,,,,,,,,,,,0x1624,C:\Windows\WinSxS\amd64_microsoft-windows-servicingstack_31bf3856ad364e35_10.0.17763.3641_none_56cfe33d992f2729\TiWorker.exe,,,,,,,,,,,,,,,,,,,,,,,,,,,WORKGROUP,0x3e7,,DC01$,S-1-5-18,,,,,,,,,,,,,,,,,,,,,,,,,,,,,
2025-08-13T11:04:35.803543Z,4907,DC01,Microsoft-Windows-Security-Auditing,Security,1746,0,,,,,,,,,,,,,,,,,,,,,,,,,,,,,,,,,,,,,,,,,,,,,,,0x904,,,,,,,,,,,,,,,,,,,,,,,,,,,,,,,,,,,,S:ARAI(AU;SAFA;DCLCRPCRSDWDWO;;;WD),,,,,,,,,C:\Windows\INF\DNS\0000\dnsperf.ini,,Security,File,,,,,,,,,,,,,,,,,,,,0x1624,C:\Windows\WinSxS\amd64_microsoft-windows-servicingstack_31bf3856ad364e35_10.0.17763.3641_none_56cfe33d992f2729\TiWorker.exe,,,,,,,,,,,,,,,,,,,,,,,,,,,WORKGROUP,0x3e7,,DC01$,S-1-5-18,,,,,,,,,,,,,,,,,,,,,,,,,,,,,
2025-08-13T11:04:35.804259Z,4907,DC01,Microsoft-Windows-Security-Auditing,Security,1747,0,,,,,,,,,,,,,,,,,,,,,,,,,,,,,,,,,,,,,,,,,,,,,,,0x908,,,,,,,,,,,,,,,,,,,,,,,,,,,,,,,,,,,,S:ARAI(AU;SAFA;DCLCRPCRSDWDWO;;;WD),,,,,,,,,C:\Windows\INF\DNS\0409\dnsperf.ini,,Security,File,,,,,,,,,,,,,,,,,,,,0x1624,C:\Windows\WinSxS\amd64_microsoft-windows-servicingstack_31bf3856ad364e35_10.0.17763.3641_none_56cfe33d992f2729\TiWorker.exe,,,,,,,,,,,,,,,,,,,,,,,,,,,WORKGROUP,0x3e7,,DC01$,S-1-5-18,,,,,,,,,,,,,,,,,,,,,,,,,,,,,
2025-08-13T11:04:35.804695Z,4907,DC01,Microsoft-Windows-Security-Auditing,Security,1748,0,,,,,,,,,,,,,,,,,,,,,,,,,,,,,,,,,,,,,,,,,,,,,,,0x904,,,,,,,,,,,,,,,,,,,,,,,,,,,,,,,,,,,,S:ARAI(AU;SAFA;DCLCRPCRSDWDWO;;;WD),,,,,,,,,C:\Windows\System32\dns.exe,,Security,File,,,,,,,,,,,,,,,,,,,,0x1624,C:\Windows\WinSxS\amd64_microsoft-windows-servicingstack_31bf3856ad364e35_10.0.17763.3641_none_56cfe33d992f2729\TiWorker.exe,,,,,,,,,,,,,,,,,,,,,,,,,,,WORKGROUP,0x3e7,,DC01$,S-1-5-18,,,,,,,,,,,,,,,,,,,,,,,,,,,,,
2025-08-13T11:04:35.805126Z,4907,DC01,Microsoft-Windows-Security-Auditing,Security,1749,0,,,,,,,,,,,,,,,,,,,,,,,,,,,,,,,,,,,,,,,,,,,,,,,0x880,,,,,,,,,,,,,,,,,,,,,,,,,,,,,,,,,,,,S:ARAI(AU;SAFA;DCLCRPCRSDWDWO;;;WD),,,,,,,,,C:\Windows\System32\dnscmd.exe,,Security,File,,,,,,,,,,,,,,,,,,,,0x1624,C:\Windows\WinSxS\amd64_microsoft-windows-servicingstack_31bf3856ad364e35_10.0.17763.3641_none_56cfe33d992f2729\TiWorker.exe,,,,,,,,,,,,,,,,,,,,,,,,,,,WORKGROUP,0x3e7,,DC01$,S-1-5-18,,,,,,,,,,,,,,,,,,,,,,,,,,,,,
2025-08-13T11:04:35.805516Z,4907,DC01,Microsoft-Windows-Security-Auditing,Security,1750,0,,,,,,,,,,,,,,,,,,,,,,,,,,,,,,,,,,,,,,,,,,,,,,,0x88c,,,,,,,,,,,,,,,,,,,,,,,,,,,,,,,,,,,,S:ARAI(AU;SAFA;DCLCRPCRSDWDWO;;;WD),,,,,,,,,C:\Windows\System32\dnsmgmt.msc,,Security,File,,,,,,,,,,,,,,,,,,,,0x1624,C:\Windows\WinSxS\amd64_microsoft-windows-servicingstack_31bf3856ad364e35_10.0.17763.3641_none_56cfe33d992f2729\TiWorker.exe,,,,,,,,,,,,,,,,,,,,,,,,,,,WORKGROUP,0x3e7,,DC01$,S-1-5-18,,,,,,,,,,,,,,,,,,,,,,,,,,,,,
2025-08-13T11:04:35.805897Z,4907,DC01,Microsoft-Windows-Security-Auditing,Security,1751,0,,,,,,,,,,,,,,,,,,,,,,,,,,,,,,,,,,,,,,,,,,,,,,,0x908,,,,,,,,,,,,,,,,,,,,,,,,,,,,,,,,,,,,S:ARAI(AU;SAFA;DCLCRPCRSDWDWO;;;WD),,,,,,,,,C:\Windows\System32\dnsmgr.dll,,Security,File,,,,,,,,,,,,,,,,,,,,0x1624,C:\Windows\WinSxS\amd64_microsoft-windows-servicingstack_31bf3856ad364e35_10.0.17763.3641_none_56cfe33d992f2729\TiWorker.exe,,,,,,,,,,,,,,,,,,,,,,,,,,,WORKGROUP,0x3e7,,DC01$,S-1-5-18,,,,,,,,,,,,,,,,,,,,,,,,,,,,,
2025-08-13T11:04:35.806400Z,4907,DC01,Microsoft-Windows-Security-Auditing,Security,1752,0,,,,,,,,,,,,,,,,,,,,,,,,,,,,,,,,,,,,,,,,,,,,,,,0x904,,,,,,,,,,,,,,,,,,,,,,,,,,,,,,,,,,,,S:ARAI(AU;SAFA;DCLCRPCRSDWDWO;;;WD),,,,,,,,,C:\Windows\System32\dnsperf.dll,,Security,File,,,,,,,,,,,,,,,,,,,,0x1624,C:\Windows\WinSxS\amd64_microsoft-windows-servicingstack_31bf3856ad364e35_10.0.17763.3641_none_56cfe33d992f2729\TiWorker.exe,,,,,,,,,,,,,,,,,,,,,,,,,,,WORKGROUP,0x3e7,,DC01$,S-1-5-18,,,,,,,,,,,,,,,,,,,,,,,,,,,,,
2025-08-13T11:04:35.809091Z,4907,DC01,Microsoft-Windows-Security-Auditing,Security,1753,0,,,,,,,,,,,,,,,,,,,,,,,,,,,,,,,,,,,,,,,,,,,,,,,0x880,,,,,,,,,,,,,,,,,,,,,,,,,,,,,,,,,,,,S:ARAI(AU;SAFA;DCLCRPCRSDWDWO;;;WD),,,,,,,,,C:\Windows\System32\dns\samples\192.DNS,,Security,File,,,,,,,,,,,,,,,,,,,,0x1624,C:\Windows\WinSxS\amd64_microsoft-windows-servicingstack_31bf3856ad364e35_10.0.17763.3641_none_56cfe33d992f2729\TiWorker.exe,,,,,,,,,,,,,,,,,,,,,,,,,,,WORKGROUP,0x3e7,,DC01$,S-1-5-18,,,,,,,,,,,,,,,,,,,,,,,,,,,,,
2025-08-13T11:04:35.809829Z,4907,DC01,Microsoft-Windows-Security-Auditing,Security,1754,0,,,,,,,,,,,,,,,,,,,,,,,,,,,,,,,,,,,,,,,,,,,,,,,0x904,,,,,,,,,,,,,,,,,,,,,,,,,,,,,,,,,,,,S:ARAI(AU;SAFA;DCLCRPCRSDWDWO;;;WD),,,,,,,,,C:\Windows\System32\dns\samples\BOOT,,Security,File,,,,,,,,,,,,,,,,,,,,0x1624,C:\Windows\WinSxS\amd64_microsoft-windows-servicingstack_31bf3856ad364e35_10.0.17763.3641_none_56cfe33d992f2729\TiWorker.exe,,,,,,,,,,,,,,,,,,,,,,,,,,,WORKGROUP,0x3e7,,DC01$,S-1-5-18,,,,,,,,,,,,,,,,,,,,,,,,,,,,,
2025-08-13T11:04:35.810469Z,4907,DC01,Microsoft-Windows-Security-Auditing,Security,1755,0,,,,,,,,,,,,,,,,,,,,,,,,,,,,,,,,,,,,,,,,,,,,,,,0x908,,,,,,,,,,,,,,,,,,,,,,,,,,,,,,,,,,,,S:ARAI(AU;SAFA;DCLCRPCRSDWDWO;;;WD),,,,,,,,,C:\Windows\System32\dns\samples\CACHE.DNS,,Security,File,,,,,,,,,,,,,,,,,,,,0x1624,C:\Windows\WinSxS\amd64_microsoft-windows-servicingstack_31bf3856ad364e35_10.0.17763.3641_none_56cfe33d992f2729\TiWorker.exe,,,,,,,,,,,,,,,,,,,,,,,,,,,WORKGROUP,0x3e7,,DC01$,S-1-5-18,,,,,,,,,,,,,,,,,,,,,,,,,,,,,
2025-08-13T11:04:35.810885Z,4907,DC01,Microsoft-Windows-Security-Auditing,Security,1756,0,,,,,,,,,,,,,,,,,,,,,,,,,,,,,,,,,,,,,,,,,,,,,,,0x88c,,,,,,,,,,,,,,,,,,,,,,,,,,,,,,,,,,,,S:ARAI(AU;SAFA;DCLCRPCRSDWDWO;;;WD),,,,,,,,,C:\Windows\System32\dns\samples\PLACE.DNS,,Security,File,,,,,,,,,,,,,,,,,,,,0x1624,C:\Windows\WinSxS\amd64_microsoft-windows-servicingstack_31bf3856ad364e35_10.0.17763.3641_none_56cfe33d992f2729\TiWorker.exe,,,,,,,,,,,,,,,,,,,,,,,,,,,WORKGROUP,0x3e7,,DC01$,S-1-5-18,,,,,,,,,,,,,,,,,,,,,,,,,,,,,
2025-08-13T11:04:35.811322Z,4907,DC01,Microsoft-Windows-Security-Auditing,Security,1757,0,,,,,,,,,,,,,,,,,,,,,,,,,,,,,,,,,,,,,,,,,,,,,,,0x880,,,,,,,,,,,,,,,,,,,,,,,,,,,,,,,,,,,,S:ARAI(AU;SAFA;DCLCRPCRSDWDWO;;;WD),,,,,,,,,C:\Windows\System32\en-US\dns.exe.mui,,Security,File,,,,,,,,,,,,,,,,,,,,0x1624,C:\Windows\WinSxS\amd64_microsoft-windows-servicingstack_31bf3856ad364e35_10.0.17763.3641_none_56cfe33d992f2729\TiWorker.exe,,,,,,,,,,,,,,,,,,,,,,,,,,,WORKGROUP,0x3e7,,DC01$,S-1-5-18,,,,,,,,,,,,,,,,,,,,,,,,,,,,,
2025-08-13T11:04:35.811762Z,4907,DC01,Microsoft-Windows-Security-Auditing,Security,1758,0,,,,,,,,,,,,,,,,,,,,,,,,,,,,,,,,,,,,,,,,,,,,,,,0x904,,,,,,,,,,,,,,,,,,,,,,,,,,,,,,,,,,,,S:ARAI(AU;SAFA;DCLCRPCRSDWDWO;;;WD),,,,,,,,,C:\Windows\System32\en-US\dnscmd.exe.mui,,Security,File,,,,,,,,,,,,,,,,,,,,0x1624,C:\Windows\WinSxS\amd64_microsoft-windows-servicingstack_31bf3856ad364e35_10.0.17763.3641_none_56cfe33d992f2729\TiWorker.exe,,,,,,,,,,,,,,,,,,,,,,,,,,,WORKGROUP,0x3e7,,DC01$,S-1-5-18,,,,,,,,,,,,,,,,,,,,,,,,,,,,,
2025-08-13T11:04:35.812143Z,4907,DC01,Microsoft-Windows-Security-Auditing,Security,1759,0,,,,,,,,,,,,,,,,,,,,,,,,,,,,,,,,,,,,,,,,,,,,,,,0x908,,,,,,,,,,,,,,,,,,,,,,,,,,,,,,,,,,,,S:ARAI(AU;SAFA;DCLCRPCRSDWDWO;;;WD),,,,,,,,,C:\Windows\System32\en-US\dnsmgmt.msc,,Security,File,,,,,,,,,,,,,,,,,,,,0x1624,C:\Windows\WinSxS\amd64_microsoft-windows-servicingstack_31bf3856ad364e35_10.0.17763.3641_none_56cfe33d992f2729\TiWorker.exe,,,,,,,,,,,,,,,,,,,,,,,,,,,WORKGROUP,0x3e7,,DC01$,S-1-5-18,,,,,,,,,,,,,,,,,,,,,,,,,,,,,
2025-08-13T11:04:35.812524Z,4907,DC01,Microsoft-Windows-Security-Auditing,Security,1760,0,,,,,,,,,,,,,,,,,,,,,,,,,,,,,,,,,,,,,,,,,,,,,,,0x88c,,,,,,,,,,,,,,,,,,,,,,,,,,,,,,,,,,,,S:ARAI(AU;SAFA;DCLCRPCRSDWDWO;;;WD),,,,,,,,,C:\Windows\System32\en-US\DNSmgr.dll.mui,,Security,File,,,,,,,,,,,,,,,,,,,,0x1624,C:\Windows\WinSxS\amd64_microsoft-windows-servicingstack_31bf3856ad364e35_10.0.17763.3641_none_56cfe33d992f2729\TiWorker.exe,,,,,,,,,,,,,,,,,,,,,,,,,,,WORKGROUP,0x3e7,,DC01$,S-1-5-18,,,,,,,,,,,,,,,,,,,,,,,,,,,,,
2025-08-13T11:04:35.812913Z,4907,DC01,Microsoft-Windows-Security-Auditing,Security,1761,0,,,,,,,,,,,,,,,,,,,,,,,,,,,,,,,,,,,,,,,,,,,,,,,0x880,,,,,,,,,,,,,,,,,,,,,,,,,,,,,,,,,,,,S:ARAI(AU;SAFA;DCLCRPCRSDWDWO;;;WD),,,,,,,,,C:\Windows\System32\wbem\dnsetw.mof,,Security,File,,,,,,,,,,,,,,,,,,,,0x1624,C:\Windows\WinSxS\amd64_microsoft-windows-servicingstack_31bf3856ad364e35_10.0.17763.3641_none_56cfe33d992f2729\TiWorker.exe,,,,,,,,,,,,,,,,,,,,,,,,,,,WORKGROUP,0x3e7,,DC01$,S-1-5-18,,,,,,,,,,,,,,,,,,,,,,,,,,,,,
2025-08-13T11:04:35.813294Z,4907,DC01,Microsoft-Windows-Security-Auditing,Security,1762,0,,,,,,,,,,,,,,,,,,,,,,,,,,,,,,,,,,,,,,,,,,,,,,,0x904,,,,,,,,,,,,,,,,,,,,,,,,,,,,,,,,,,,,S:ARAI(AU;SAFA;DCLCRPCRSDWDWO;;;WD),,,,,,,,,C:\Windows\System32\wbem\dnsprov.dll,,Security,File,,,,,,,,,,,,,,,,,,,,0x1624,C:\Windows\WinSxS\amd64_microsoft-windows-servicingstack_31bf3856ad364e35_10.0.17763.3641_none_56cfe33d992f2729\TiWorker.exe,,,,,,,,,,,,,,,,,,,,,,,,,,,WORKGROUP,0x3e7,,DC01$,S-1-5-18,,,,,,,,,,,,,,,,,,,,,,,,,,,,,
2025-08-13T11:04:35.813677Z,4907,DC01,Microsoft-Windows-Security-Auditing,Security,1763,0,,,,,,,,,,,,,,,,,,,,,,,,,,,,,,,,,,,,,,,,,,,,,,,0x908,,,,,,,,,,,,,,,,,,,,,,,,,,,,,,,,,,,,S:ARAI(AU;SAFA;DCLCRPCRSDWDWO;;;WD),,,,,,,,,C:\Windows\System32\wbem\dnsprov.mof,,Security,File,,,,,,,,,,,,,,,,,,,,0x1624,C:\Windows\WinSxS\amd64_microsoft-windows-servicingstack_31bf3856ad364e35_10.0.17763.3641_none_56cfe33d992f2729\TiWorker.exe,,,,,,,,,,,,,,,,,,,,,,,,,,,WORKGROUP,0x3e7,,DC01$,S-1-5-18,,,,,,,,,,,,,,,,,,,,,,,,,,,,,
2025-08-13T11:04:35.814080Z,4907,DC01,Microsoft-Windows-Security-Auditing,Security,1764,0,,,,,,,,,,,,,,,,,,,,,,,,,,,,,,,,,,,,,,,,,,,,,,,0x88c,,,,,,,,,,,,,,,,,,,,,,,,,,,,,,,,,,,,S:ARAI(AU;SAFA;DCLCRPCRSDWDWO;;;WD),,,,,,,,,C:\Windows\System32\wbem\dnsserverpsprovider.dll,,Security,File,,,,,,,,,,,,,,,,,,,,0x1624,C:\Windows\WinSxS\amd64_microsoft-windows-servicingstack_31bf3856ad364e35_10.0.17763.3641_none_56cfe33d992f2729\TiWorker.exe,,,,,,,,,,,,,,,,,,,,,,,,,,,WORKGROUP,0x3e7,,DC01$,S-1-5-18,,,,,,,,,,,,,,,,,,,,,,,,,,,,,
2025-08-13T11:04:35.814449Z,4907,DC01,Microsoft-Windows-Security-Auditing,Security,1765,0,,,,,,,,,,,,,,,,,,,,,,,,,,,,,,,,,,,,,,,,,,,,,,,0x880,,,,,,,,,,,,,,,,,,,,,,,,,,,,,,,,,,,,S:ARAI(AU;SAFA;DCLCRPCRSDWDWO;;;WD),,,,,,,,,C:\Windows\System32\wbem\DnsServerPsProvider.mof,,Security,File,,,,,,,,,,,,,,,,,,,,0x1624,C:\Windows\WinSxS\amd64_microsoft-windows-servicingstack_31bf3856ad364e35_10.0.17763.3641_none_56cfe33d992f2729\TiWorker.exe,,,,,,,,,,,,,,,,,,,,,,,,,,,WORKGROUP,0x3e7,,DC01$,S-1-5-18,,,,,,,,,,,,,,,,,,,,,,,,,,,,,
2025-08-13T11:04:35.814822Z,4907,DC01,Microsoft-Windows-Security-Auditing,Security,1766,0,,,,,,,,,,,,,,,,,,,,,,,,,,,,,,,,,,,,,,,,,,,,,,,0x904,,,,,,,,,,,,,,,,,,,,,,,,,,,,,,,,,,,,S:ARAI(AU;SAFA;DCLCRPCRSDWDWO;;;WD),,,,,,,,,C:\Windows\System32\wbem\DnsServerPsProvider_Uninstall.mof,,Security,File,,,,,,,,,,,,,,,,,,,,0x1624,C:\Windows\WinSxS\amd64_microsoft-windows-servicingstack_31bf3856ad364e35_10.0.17763.3641_none_56cfe33d992f2729\TiWorker.exe,,,,,,,,,,,,,,,,,,,,,,,,,,,WORKGROUP,0x3e7,,DC01$,S-1-5-18,,,,,,,,,,,,,,,,,,,,,,,,,,,,,
2025-08-13T11:04:35.815292Z,4907,DC01,Microsoft-Windows-Security-Auditing,Security,1767,0,,,,,,,,,,,,,,,,,,,,,,,,,,,,,,,,,,,,,,,,,,,,,,,0x908,,,,,,,,,,,,,,,,,,,,,,,,,,,,,,,,,,,,S:ARAI(AU;SAFA;DCLCRPCRSDWDWO;;;WD),,,,,,,,,C:\Windows\System32\wbem\en-US\dnsetw.mfl,,Security,File,,,,,,,,,,,,,,,,,,,,0x1624,C:\Windows\WinSxS\amd64_microsoft-windows-servicingstack_31bf3856ad364e35_10.0.17763.3641_none_56cfe33d992f2729\TiWorker.exe,,,,,,,,,,,,,,,,,,,,,,,,,,,WORKGROUP,0x3e7,,DC01$,S-1-5-18,,,,,,,,,,,,,,,,,,,,,,,,,,,,,
2025-08-13T11:04:35.816571Z,4907,DC01,Microsoft-Windows-Security-Auditing,Security,1768,0,,,,,,,,,,,,,,,,,,,,,,,,,,,,,,,,,,,,,,,,,,,,,,,0x88c,,,,,,,,,,,,,,,,,,,,,,,,,,,,,,,,,,,,S:ARAI(AU;SAFA;DCLCRPCRSDWDWO;;;WD),,,,,,,,,C:\Windows\System32\wbem\en-US\dnsprov.mfl,,Security,File,,,,,,,,,,,,,,,,,,,,0x1624,C:\Windows\WinSxS\amd64_microsoft-windows-servicingstack_31bf3856ad364e35_10.0.17763.3641_none_56cfe33d992f2729\TiWorker.exe,,,,,,,,,,,,,,,,,,,,,,,,,,,WORKGROUP,0x3e7,,DC01$,S-1-5-18,,,,,,,,,,,,,,,,,,,,,,,,,,,,,
2025-08-13T11:04:35.816995Z,4907,DC01,Microsoft-Windows-Security-Auditing,Security,1769,0,,,,,,,,,,,,,,,,,,,,,,,,,,,,,,,,,,,,,,,,,,,,,,,0x880,,,,,,,,,,,,,,,,,,,,,,,,,,,,,,,,,,,,S:ARAI(AU;SAFA;DCLCRPCRSDWDWO;;;WD),,,,,,,,,C:\Windows\System32\wbem\en-US\dnsserverpsprovider.dll.mui,,Security,File,,,,,,,,,,,,,,,,,,,,0x1624,C:\Windows\WinSxS\amd64_microsoft-windows-servicingstack_31bf3856ad364e35_10.0.17763.3641_none_56cfe33d992f2729\TiWorker.exe,,,,,,,,,,,,,,,,,,,,,,,,,,,WORKGROUP,0x3e7,,DC01$,S-1-5-18,,,,,,,,,,,,,,,,,,,,,,,,,,,,,
2025-08-13T11:04:35.817364Z,4907,DC01,Microsoft-Windows-Security-Auditing,Security,1770,0,,,,,,,,,,,,,,,,,,,,,,,,,,,,,,,,,,,,,,,,,,,,,,,0x87c,,,,,,,,,,,,,,,,,,,,,,,,,,,,,,,,,,,,S:ARAI(AU;SAFA;DCLCRPCRSDWDWO;;;WD),,,,,,,,,C:\Windows\System32\wbem\en-US\dnsserverpsprovider.mfl,,Security,File,,,,,,,,,,,,,,,,,,,,0x1624,C:\Windows\WinSxS\amd64_microsoft-windows-servicingstack_31bf3856ad364e35_10.0.17763.3641_none_56cfe33d992f2729\TiWorker.exe,,,,,,,,,,,,,,,,,,,,,,,,,,,WORKGROUP,0x3e7,,DC01$,S-1-5-18,,,,,,,,,,,,,,,,,,,,,,,,,,,,,
2025-08-13T11:04:35.818005Z,4907,DC01,Microsoft-Windows-Security-Auditing,Security,1771,0,,,,,,,,,,,,,,,,,,,,,,,,,,,,,,,,,,,,,,,,,,,,,,,0x888,,,,,,,,,,,,,,,,,,,,,,,,,,,,,,,,,,,,S:ARAI(AU;SAFA;DCLCRPCRSDWDWO;;;WD),,,,,,,,,C:\Windows\System32\wbem\en-US\dnsserverpsprovider_uninstall.mfl,,Security,File,,,,,,,,,,,,,,,,,,,,0x1624,C:\Windows\WinSxS\amd64_microsoft-windows-servicingstack_31bf3856ad364e35_10.0.17763.3641_none_56cfe33d992f2729\TiWorker.exe,,,,,,,,,,,,,,,,,,,,,,,,,,,WORKGROUP,0x3e7,,DC01$,S-1-5-18,,,,,,,,,,,,,,,,,,,,,,,,,,,,,
2025-08-13T11:04:35.818912Z,4907,DC01,Microsoft-Windows-Security-Auditing,Security,1772,0,,,,,,,,,,,,,,,,,,,,,,,,,,,,,,,,,,,,,,,,,,,,,,,0x880,,,,,,,,,,,,,,,,,,,,,,,,,,,,,,,,,,,,S:ARAI(AU;SAFA;DCLCRPCRSDWDWO;;;WD),,,,,,,,,C:\Windows\System32\WindowsPowerShell\v1.0\Modules\DnsServer\DnsServer.psd1,,Security,File,,,,,,,,,,,,,,,,,,,,0x1624,C:\Windows\WinSxS\amd64_microsoft-windows-servicingstack_31bf3856ad364e35_10.0.17763.3641_none_56cfe33d992f2729\TiWorker.exe,,,,,,,,,,,,,,,,,,,,,,,,,,,WORKGROUP,0x3e7,,DC01$,S-1-5-18,,,,,,,,,,,,,,,,,,,,,,,,,,,,,
2025-08-13T11:04:35.819461Z,4907,DC01,Microsoft-Windows-Security-Auditing,Security,1773,0,,,,,,,,,,,,,,,,,,,,,,,,,,,,,,,,,,,,,,,,,,,,,,,0x888,,,,,,,,,,,,,,,,,,,,,,,,,,,,,,,,,,,,S:ARAI(AU;SAFA;DCLCRPCRSDWDWO;;;WD),,,,,,,,,C:\Windows\System32\WindowsPowerShell\v1.0\Modules\DnsServer\DnsServerPsProvider.Format.ps1xml,,Security,File,,,,,,,,,,,,,,,,,,,,0x1624,C:\Windows\WinSxS\amd64_microsoft-windows-servicingstack_31bf3856ad364e35_10.0.17763.3641_none_56cfe33d992f2729\TiWorker.exe,,,,,,,,,,,,,,,,,,,,,,,,,,,WORKGROUP,0x3e7,,DC01$,S-1-5-18,,,,,,,,,,,,,,,,,,,,,,,,,,,,,
2025-08-13T11:04:35.819955Z,4907,DC01,Microsoft-Windows-Security-Auditing,Security,1774,0,,,,,,,,,,,,,,,,,,,,,,,,,,,,,,,,,,,,,,,,,,,,,,,0x908,,,,,,,,,,,,,,,,,,,,,,,,,,,,,,,,,,,,S:ARAI(AU;SAFA;DCLCRPCRSDWDWO;;;WD),,,,,,,,,C:\Windows\System32\WindowsPowerShell\v1.0\Modules\DnsServer\DnsServerPsProvider.Types.ps1xml,,Security,File,,,,,,,,,,,,,,,,,,,,0x1624,C:\Windows\WinSxS\amd64_microsoft-windows-servicingstack_31bf3856ad364e35_10.0.17763.3641_none_56cfe33d992f2729\TiWorker.exe,,,,,,,,,,,,,,,,,,,,,,,,,,,WORKGROUP,0x3e7,,DC01$,S-1-5-18,,,,,,,,,,,,,,,,,,,,,,,,,,,,,
2025-08-13T11:04:35.820669Z,4907,DC01,Microsoft-Windows-Security-Auditing,Security,1775,0,,,,,,,,,,,,,,,,,,,,,,,,,,,,,,,,,,,,,,,,,,,,,,,0x88c,,,,,,,,,,,,,,,,,,,,,,,,,,,,,,,,,,,,S:ARAI(AU;SAFA;DCLCRPCRSDWDWO;;;WD),,,,,,,,,C:\Windows\System32\WindowsPowerShell\v1.0\Modules\DnsServer\PS_DnsServer_v1.0.0.cdxml,,Security,File,,,,,,,,,,,,,,,,,,,,0x1624,C:\Windows\WinSxS\amd64_microsoft-windows-servicingstack_31bf3856ad364e35_10.0.17763.3641_none_56cfe33d992f2729\TiWorker.exe,,,,,,,,,,,,,,,,,,,,,,,,,,,WORKGROUP,0x3e7,,DC01$,S-1-5-18,,,,,,,,,,,,,,,,,,,,,,,,,,,,,
2025-08-13T11:04:35.821165Z,4907,DC01,Microsoft-Windows-Security-Auditing,Security,1776,0,,,,,,,,,,,,,,,,,,,,,,,,,,,,,,,,,,,,,,,,,,,,,,,0x880,,,,,,,,,,,,,,,,,,,,,,,,,,,,,,,,,,,,S:ARAI(AU;SAFA;DCLCRPCRSDWDWO;;;WD),,,,,,,,,C:\Windows\System32\WindowsPowerShell\v1.0\Modules\DnsServer\PS_DnsServerCache_v1.0.0.cdxml,,Security,File,,,,,,,,,,,,,,,,,,,,0x1624,C:\Windows\WinSxS\amd64_microsoft-windows-servicingstack_31bf3856ad364e35_10.0.17763.3641_none_56cfe33d992f2729\TiWorker.exe,,,,,,,,,,,,,,,,,,,,,,,,,,,WORKGROUP,0x3e7,,DC01$,S-1-5-18,,,,,,,,,,,,,,,,,,,,,,,,,,,,,
2025-08-13T11:04:35.821651Z,4907,DC01,Microsoft-Windows-Security-Auditing,Security,1777,0,,,,,,,,,,,,,,,,,,,,,,,,,,,,,,,,,,,,,,,,,,,,,,,0x888,,,,,,,,,,,,,,,,,,,,,,,,,,,,,,,,,,,,S:ARAI(AU;SAFA;DCLCRPCRSDWDWO;;;WD),,,,,,,,,C:\Windows\System32\WindowsPowerShell\v1.0\Modules\DnsServer\PS_DnsServerClientSubnet_v1.0.0.cdxml,,Security,File,,,,,,,,,,,,,,,,,,,,0x1624,C:\Windows\WinSxS\amd64_microsoft-windows-servicingstack_31bf3856ad364e35_10.0.17763.3641_none_56cfe33d992f2729\TiWorker.exe,,,,,,,,,,,,,,,,,,,,,,,,,,,WORKGROUP,0x3e7,,DC01$,S-1-5-18,,,,,,,,,,,,,,,,,,,,,,,,,,,,,
