"6/2/2026 7:09:26 AM","2886","Warning","Microsoft-Windows-ActiveDirectory_DomainService","The security of this directory server can be significantly enhanced by configuring the server to reject SASL (Negotiate, Kerberos, NTLM, or Digest) LDAP binds that do not request signing (integrity verification) and LDAP simple binds that are performed on a clear text (non-SSL/TLS-encrypted) connection.  Even if no clients are using such binds, configuring the server to reject them will improve the security of this server. 
 
Some clients may currently be relying on unsigned SASL binds or LDAP simple binds over a non-SSL/TLS connection, and will stop working if this configuration change is made.  To assist in identifying these clients, if such binds occur this directory server will log a summary event once every 24 hours indicating how many such binds occurred.  You are encouraged to configure those clients to not use such binds.  Once no such events are observed for an extended period, it is recommended that you configure the server to reject such binds. 
 
For more details and information on how to make this configuration change to the server, please see http://go.microsoft.com/fwlink/?LinkID=87923. 
 
You can enable additional logging to log an event each time a client makes such a bind, including information on which client made the bind.  To do so, please raise the setting for the ""LDAP Interface Events"" event logging category to level 2 or higher."
"6/2/2026 7:09:16 AM","2405","Information","Microsoft-Windows-ActiveDirectory_DomainService","This Active Directory Domain Services server does not support the ""Privileged Access Management Feature"" optional feature."
"6/2/2026 7:09:16 AM","2405","Information","Microsoft-Windows-ActiveDirectory_DomainService","This Active Directory Domain Services server does not support the ""Recycle Bin Feature"" optional feature."
"6/2/2026 7:09:16 AM","2120","Information","Microsoft-Windows-ActiveDirectory_DomainService","This Active Directory Domain Services server does not support the Recycle Bin. Deleted objects may be undeleted, however, when an object is undeleted, some attributes of that object may be lost.  Additionally, attributes of other objects that refer to the object being undeleted may also be lost."
"6/2/2026 7:09:16 AM","2208","Information","Microsoft-Windows-ActiveDirectory_DomainService","Active Directory Domain Services deleted DFSR databases to initialize SYSVOL replica during a non-authoritative restore. 
Active Directory detected that the virtual machine that hosts the domain controller was reverted to a previous state. Active Directory Domain Services needs to initialize a non-authoritative restore on the local SYSVOL replica. For DFSR, this is done by stopping the DFSR service, deleting DFSR databases, and re-starting the service. Upon restarting DFSR will rebuild the databases and start the initial sync."
"6/2/2026 7:09:16 AM","2179","Information","Microsoft-Windows-ActiveDirectory_DomainService","The msDS-GenerationId attribute of the Domain Controller's computer object has been set to the following parameter: 
 
GenerationID attribute:
1716482619039775184"
"6/2/2026 7:09:16 AM","1109","Information","Microsoft-Windows-ActiveDirectory_DomainService","The invocationID attribute for this directory server has been changed. The highest update sequence number at the time the backup was created is as follows: 
 
InvocationID attribute (old value):
f5274f03-a8ab-4e70-b7cd-39ee2fb9b3d3 
InvocationID attribute (new value):
a471ef37-ab8f-4620-9819-7d0da51c1a8f 
Update sequence number:
155684 
 
The invocationID is changed when a directory server is restored from backup media, is configured to host a writeable application directory partition, has been resumed after a virtual machine snapshot has been applied, after a virtual machine import operation, or after a live migration operation. Virtualized domain controllers should not be restored using virtual machine snapshots. The supported method to restore or rollback the content of an Active Directory Domain Services database is to restore a system state backup made with an Active Directory Domain Services-aware backup application."
"6/2/2026 7:09:16 AM","2170","Warning","Microsoft-Windows-ActiveDirectory_DomainService","A Generation ID change has been detected. 
 
Generation ID cached in DS (old value):
2776095824828486858 
Generation ID currently in VM (new value):
1716482619039775184 
 
The Generation ID change occurs after the application of a virtual machine snapshot, after a virtual machine import operation or after a live migration operation. Active Directory Domain Services will create a new invocation ID to recover the domain controller. Virtualized domain controllers should not be restored using virtual machine snapshots. The supported method to restore or rollback the content of an Active Directory Domain Services database is to restore a system state backup made with an Active Directory Domain Services aware backup application."
"6/2/2026 7:09:16 AM","2172","Information","Microsoft-Windows-ActiveDirectory_DomainService","Read the msDS-GenerationId attribute of the Domain Controller's computer object. 
 
msDS-GenerationId attribute value:
2776095824828486858"
"6/2/2026 7:09:16 AM","2168","Information","Microsoft-Windows-ActiveDirectory_DomainService","The DC is running on a supported hypervisor. VM Generation ID is detected. 
 
Current value of VM Generation ID: 1716482619039775184"
"6/2/2026 7:09:16 AM","2406","Information","Microsoft-Windows-ActiveDirectory_DomainService","This Active Directory Domain Services server is disabling support for the ""Privileged Access Management Feature"" optional feature."
"6/2/2026 7:09:16 AM","2406","Information","Microsoft-Windows-ActiveDirectory_DomainService","This Active Directory Domain Services server is disabling support for the ""Recycle Bin Feature"" optional feature."
"6/2/2026 7:09:16 AM","2121","Information","Microsoft-Windows-ActiveDirectory_DomainService","This Active Directory Domain Services server is disabling the Recycle Bin. Deleted objects may not be undeleted at this time."
"6/2/2026 7:09:16 AM","3054","Warning","Microsoft-Windows-ActiveDirectory_DomainService","The directory has been configured to allow implicit owner privileges when initially setting or modifying the nTSecurityDescriptor attribute during LDAP add and modify operations. Warning events will be logged, but no requests will be blocked. 
 
This setting is not secure and should only be used as a temporary troubleshooting step. Please review the suggested mitigations in the link below. 
 
For more information, please see https://go.microsoft.com/fwlink/?linkid=2174032."
"6/2/2026 7:09:16 AM","3051","Warning","Microsoft-Windows-ActiveDirectory_DomainService","The directory has been configured to not enforce per-attribute authorization during LDAP add operations. Warning events will be logged, but no requests will be blocked. 
 
This setting is not secure and should only be used as a temporary troubleshooting step. Please review the suggested mitigations in the link below. 
 
For more information, please see https://go.microsoft.com/fwlink/?linkid=2174032."
"6/2/2026 7:06:23 AM","1004","Information","Microsoft-Windows-ActiveDirectory_DomainService","Active Directory Domain Services was shut down successfully."
"6/2/2026 7:06:20 AM","2179","Information","Microsoft-Windows-ActiveDirectory_DomainService","The msDS-GenerationId attribute of the Domain Controller's computer object has been set to the following parameter: 
 
GenerationID attribute:
2776095824828486858"
"6/2/2026 7:04:52 AM","1394","Information","Microsoft-Windows-ActiveDirectory_DomainService","All problems preventing updates to the Active Directory Domain Services database have been cleared. New updates to the Active Directory Domain Services database are succeeding. The Net Logon service has restarted."
"6/2/2026 7:04:22 AM","1000","Information","Microsoft-Windows-ActiveDirectory_DomainService","Microsoft Active Directory Domain Services startup complete"
"6/2/2026 7:04:22 AM","3041","Warning","Microsoft-Windows-ActiveDirectory_DomainService","The security of this directory server can be significantly enhanced by configuring the server to enforce  validation of Channel Binding Tokens received in LDAP bind requests sent over LDAPS connections. Even if  no clients are issuing LDAP bind requests over LDAPS, configuring the server to validate Channel Binding  Tokens will improve the security of this server. 
 
For more details and information on how to make this configuration change to the server, please see https://go.microsoft.com/fwlink/?linkid=2102405."
"6/2/2026 7:04:22 AM","2886","Warning","Microsoft-Windows-ActiveDirectory_DomainService","The security of this directory server can be significantly enhanced by configuring the server to reject SASL (Negotiate, Kerberos, NTLM, or Digest) LDAP binds that do not request signing (integrity verification) and LDAP simple binds that are performed on a clear text (non-SSL/TLS-encrypted) connection.  Even if no clients are using such binds, configuring the server to reject them will improve the security of this server. 
 
Some clients may currently be relying on unsigned SASL binds or LDAP simple binds over a non-SSL/TLS connection, and will stop working if this configuration change is made.  To assist in identifying these clients, if such binds occur this directory server will log a summary event once every 24 hours indicating how many such binds occurred.  You are encouraged to configure those clients to not use such binds.  Once no such events are observed for an extended period, it is recommended that you configure the server to reject such binds. 
 
For more details and information on how to make this configuration change to the server, please see http://go.microsoft.com/fwlink/?LinkID=87923. 
 
You can enable additional logging to log an event each time a client makes such a bind, including information on which client made the bind.  To do so, please raise the setting for the ""LDAP Interface Events"" event logging category to level 2 or higher."
"6/2/2026 7:04:12 AM","2405","Information","Microsoft-Windows-ActiveDirectory_DomainService","This Active Directory Domain Services server does not support the ""Privileged Access Management Feature"" optional feature."
"6/2/2026 7:04:12 AM","2405","Information","Microsoft-Windows-ActiveDirectory_DomainService","This Active Directory Domain Services server does not support the ""Recycle Bin Feature"" optional feature."
"6/2/2026 7:04:12 AM","2120","Information","Microsoft-Windows-ActiveDirectory_DomainService","This Active Directory Domain Services server does not support the Recycle Bin. Deleted objects may be undeleted, however, when an object is undeleted, some attributes of that object may be lost.  Additionally, attributes of other objects that refer to the object being undeleted may also be lost."
"6/2/2026 7:04:12 AM","2208","Information","Microsoft-Windows-ActiveDirectory_DomainService","Active Directory Domain Services deleted DFSR databases to initialize SYSVOL replica during a non-authoritative restore. 
Active Directory detected that the virtual machine that hosts the domain controller was reverted to a previous state. Active Directory Domain Services needs to initialize a non-authoritative restore on the local SYSVOL replica. For DFSR, this is done by stopping the DFSR service, deleting DFSR databases, and re-starting the service. Upon restarting DFSR will rebuild the databases and start the initial sync."
"6/2/2026 7:04:12 AM","2179","Information","Microsoft-Windows-ActiveDirectory_DomainService","The msDS-GenerationId attribute of the Domain Controller's computer object has been set to the following parameter: 
 
GenerationID attribute:
2776095824828486858"
"6/2/2026 7:04:12 AM","1109","Information","Microsoft-Windows-ActiveDirectory_DomainService","The invocationID attribute for this directory server has been changed. The highest update sequence number at the time the backup was created is as follows: 
 
InvocationID attribute (old value):
f8ccf903-d9b1-483a-a3ac-44a9ef1a097f 
InvocationID attribute (new value):
f5274f03-a8ab-4e70-b7cd-39ee2fb9b3d3 
Update sequence number:
151587 
 
The invocationID is changed when a directory server is restored from backup media, is configured to host a writeable application directory partition, has been resumed after a virtual machine snapshot has been applied, after a virtual machine import operation, or after a live migration operation. Virtualized domain controllers should not be restored using virtual machine snapshots. The supported method to restore or rollback the content of an Active Directory Domain Services database is to restore a system state backup made with an Active Directory Domain Services-aware backup application."
"6/2/2026 7:04:12 AM","2170","Warning","Microsoft-Windows-ActiveDirectory_DomainService","A Generation ID change has been detected. 
 
Generation ID cached in DS (old value):
10917094983128373380 
Generation ID currently in VM (new value):
2776095824828486858 
 
The Generation ID change occurs after the application of a virtual machine snapshot, after a virtual machine import operation or after a live migration operation. Active Directory Domain Services will create a new invocation ID to recover the domain controller. Virtualized domain controllers should not be restored using virtual machine snapshots. The supported method to restore or rollback the content of an Active Directory Domain Services database is to restore a system state backup made with an Active Directory Domain Services aware backup application."
"6/2/2026 7:04:12 AM","2172","Information","Microsoft-Windows-ActiveDirectory_DomainService","Read the msDS-GenerationId attribute of the Domain Controller's computer object. 
 
msDS-GenerationId attribute value:
10917094983128373380"
"6/2/2026 7:04:12 AM","2168","Information","Microsoft-Windows-ActiveDirectory_DomainService","The DC is running on a supported hypervisor. VM Generation ID is detected. 
 
Current value of VM Generation ID: 2776095824828486858"
"6/2/2026 7:04:12 AM","2406","Information","Microsoft-Windows-ActiveDirectory_DomainService","This Active Directory Domain Services server is disabling support for the ""Privileged Access Management Feature"" optional feature."
"6/2/2026 7:04:12 AM","2406","Information","Microsoft-Windows-ActiveDirectory_DomainService","This Active Directory Domain Services server is disabling support for the ""Recycle Bin Feature"" optional feature."
"6/2/2026 7:04:12 AM","2121","Information","Microsoft-Windows-ActiveDirectory_DomainService","This Active Directory Domain Services server is disabling the Recycle Bin. Deleted objects may not be undeleted at this time."
"6/2/2026 7:04:12 AM","3054","Warning","Microsoft-Windows-ActiveDirectory_DomainService","The directory has been configured to allow implicit owner privileges when initially setting or modifying the nTSecurityDescriptor attribute during LDAP add and modify operations. Warning events will be logged, but no requests will be blocked. 
 
This setting is not secure and should only be used as a temporary troubleshooting step. Please review the suggested mitigations in the link below. 
 
For more information, please see https://go.microsoft.com/fwlink/?linkid=2174032."
"6/2/2026 7:04:12 AM","3051","Warning","Microsoft-Windows-ActiveDirectory_DomainService","The directory has been configured to not enforce per-attribute authorization during LDAP add operations. Warning events will be logged, but no requests will be blocked. 
 
This setting is not secure and should only be used as a temporary troubleshooting step. Please review the suggested mitigations in the link below. 
 
For more information, please see https://go.microsoft.com/fwlink/?linkid=2174032."
"6/1/2026 11:48:59 AM","1004","Information","Microsoft-Windows-ActiveDirectory_DomainService","Active Directory Domain Services was shut down successfully."
"6/1/2026 11:48:56 AM","2179","Information","Microsoft-Windows-ActiveDirectory_DomainService","The msDS-GenerationId attribute of the Domain Controller's computer object has been set to the following parameter: 
 
GenerationID attribute:
10917094983128373380"
"6/1/2026 11:42:26 AM","1394","Information","Microsoft-Windows-ActiveDirectory_DomainService","All problems preventing updates to the Active Directory Domain Services database have been cleared. New updates to the Active Directory Domain Services database are succeeding. The Net Logon service has restarted."
"6/1/2026 11:41:56 AM","1000","Information","Microsoft-Windows-ActiveDirectory_DomainService","Microsoft Active Directory Domain Services startup complete"
"6/1/2026 11:41:56 AM","3041","Warning","Microsoft-Windows-ActiveDirectory_DomainService","The security of this directory server can be significantly enhanced by configuring the server to enforce  validation of Channel Binding Tokens received in LDAP bind requests sent over LDAPS connections. Even if  no clients are issuing LDAP bind requests over LDAPS, configuring the server to validate Channel Binding  Tokens will improve the security of this server. 
 
For more details and information on how to make this configuration change to the server, please see https://go.microsoft.com/fwlink/?linkid=2102405."
"6/1/2026 11:41:56 AM","2886","Warning","Microsoft-Windows-ActiveDirectory_DomainService","The security of this directory server can be significantly enhanced by configuring the server to reject SASL (Negotiate, Kerberos, NTLM, or Digest) LDAP binds that do not request signing (integrity verification) and LDAP simple binds that are performed on a clear text (non-SSL/TLS-encrypted) connection.  Even if no clients are using such binds, configuring the server to reject them will improve the security of this server. 
 
Some clients may currently be relying on unsigned SASL binds or LDAP simple binds over a non-SSL/TLS connection, and will stop working if this configuration change is made.  To assist in identifying these clients, if such binds occur this directory server will log a summary event once every 24 hours indicating how many such binds occurred.  You are encouraged to configure those clients to not use such binds.  Once no such events are observed for an extended period, it is recommended that you configure the server to reject such binds. 
 
For more details and information on how to make this configuration change to the server, please see http://go.microsoft.com/fwlink/?LinkID=87923. 
 
You can enable additional logging to log an event each time a client makes such a bind, including information on which client made the bind.  To do so, please raise the setting for the ""LDAP Interface Events"" event logging category to level 2 or higher."
"6/1/2026 11:41:46 AM","2405","Information","Microsoft-Windows-ActiveDirectory_DomainService","This Active Directory Domain Services server does not support the ""Privileged Access Management Feature"" optional feature."
"6/1/2026 11:41:46 AM","2405","Information","Microsoft-Windows-ActiveDirectory_DomainService","This Active Directory Domain Services server does not support the ""Recycle Bin Feature"" optional feature."
"6/1/2026 11:41:46 AM","2120","Information","Microsoft-Windows-ActiveDirectory_DomainService","This Active Directory Domain Services server does not support the Recycle Bin. Deleted objects may be undeleted, however, when an object is undeleted, some attributes of that object may be lost.  Additionally, attributes of other objects that refer to the object being undeleted may also be lost."
"6/1/2026 11:41:46 AM","2208","Information","Microsoft-Windows-ActiveDirectory_DomainService","Active Directory Domain Services deleted DFSR databases to initialize SYSVOL replica during a non-authoritative restore. 
Active Directory detected that the virtual machine that hosts the domain controller was reverted to a previous state. Active Directory Domain Services needs to initialize a non-authoritative restore on the local SYSVOL replica. For DFSR, this is done by stopping the DFSR service, deleting DFSR databases, and re-starting the service. Upon restarting DFSR will rebuild the databases and start the initial sync."
"6/1/2026 11:41:46 AM","2179","Information","Microsoft-Windows-ActiveDirectory_DomainService","The msDS-GenerationId attribute of the Domain Controller's computer object has been set to the following parameter: 
 
GenerationID attribute:
10917094983128373380"
"6/1/2026 11:41:46 AM","1109","Information","Microsoft-Windows-ActiveDirectory_DomainService","The invocationID attribute for this directory server has been changed. The highest update sequence number at the time the backup was created is as follows: 
 
InvocationID attribute (old value):
ed3a2857-5024-41ae-8b33-366b091ecf39 
InvocationID attribute (new value):
f8ccf903-d9b1-483a-a3ac-44a9ef1a097f 
Update sequence number:
147490 
 
The invocationID is changed when a directory server is restored from backup media, is configured to host a writeable application directory partition, has been resumed after a virtual machine snapshot has been applied, after a virtual machine import operation, or after a live migration operation. Virtualized domain controllers should not be restored using virtual machine snapshots. The supported method to restore or rollback the content of an Active Directory Domain Services database is to restore a system state backup made with an Active Directory Domain Services-aware backup application."
"6/1/2026 11:41:46 AM","2170","Warning","Microsoft-Windows-ActiveDirectory_DomainService","A Generation ID change has been detected. 
 
Generation ID cached in DS (old value):
11953350576716186868 
Generation ID currently in VM (new value):
10917094983128373380 
 
The Generation ID change occurs after the application of a virtual machine snapshot, after a virtual machine import operation or after a live migration operation. Active Directory Domain Services will create a new invocation ID to recover the domain controller. Virtualized domain controllers should not be restored using virtual machine snapshots. The supported method to restore or rollback the content of an Active Directory Domain Services database is to restore a system state backup made with an Active Directory Domain Services aware backup application."
"6/1/2026 11:41:46 AM","2172","Information","Microsoft-Windows-ActiveDirectory_DomainService","Read the msDS-GenerationId attribute of the Domain Controller's computer object. 
 
msDS-GenerationId attribute value:
11953350576716186868"
"6/1/2026 11:41:46 AM","2168","Information","Microsoft-Windows-ActiveDirectory_DomainService","The DC is running on a supported hypervisor. VM Generation ID is detected. 
 
Current value of VM Generation ID: 10917094983128373380"
"6/1/2026 11:41:46 AM","2406","Information","Microsoft-Windows-ActiveDirectory_DomainService","This Active Directory Domain Services server is disabling support for the ""Privileged Access Management Feature"" optional feature."
"6/1/2026 11:41:46 AM","2406","Information","Microsoft-Windows-ActiveDirectory_DomainService","This Active Directory Domain Services server is disabling support for the ""Recycle Bin Feature"" optional feature."
"6/1/2026 11:41:46 AM","2121","Information","Microsoft-Windows-ActiveDirectory_DomainService","This Active Directory Domain Services server is disabling the Recycle Bin. Deleted objects may not be undeleted at this time."
"6/1/2026 11:41:46 AM","3054","Warning","Microsoft-Windows-ActiveDirectory_DomainService","The directory has been configured to allow implicit owner privileges when initially setting or modifying the nTSecurityDescriptor attribute during LDAP add and modify operations. Warning events will be logged, but no requests will be blocked. 
 
This setting is not secure and should only be used as a temporary troubleshooting step. Please review the suggested mitigations in the link below. 
 
For more information, please see https://go.microsoft.com/fwlink/?linkid=2174032."
"6/1/2026 11:41:46 AM","3051","Warning","Microsoft-Windows-ActiveDirectory_DomainService","The directory has been configured to not enforce per-attribute authorization during LDAP add operations. Warning events will be logged, but no requests will be blocked. 
 
This setting is not secure and should only be used as a temporary troubleshooting step. Please review the suggested mitigations in the link below. 
 
For more information, please see https://go.microsoft.com/fwlink/?linkid=2174032."
"5/31/2026 6:00:27 PM","1004","Information","Microsoft-Windows-ActiveDirectory_DomainService","Active Directory Domain Services was shut down successfully."
"5/31/2026 6:00:24 PM","2179","Information","Microsoft-Windows-ActiveDirectory_DomainService","The msDS-GenerationId attribute of the Domain Controller's computer object has been set to the following parameter: 
 
GenerationID attribute:
11953350576716186868"
"5/31/2026 5:56:47 PM","1394","Information","Microsoft-Windows-ActiveDirectory_DomainService","All problems preventing updates to the Active Directory Domain Services database have been cleared. New updates to the Active Directory Domain Services database are succeeding. The Net Logon service has restarted."
"5/31/2026 5:56:17 PM","1000","Information","Microsoft-Windows-ActiveDirectory_DomainService","Microsoft Active Directory Domain Services startup complete"
"5/31/2026 5:56:17 PM","3041","Warning","Microsoft-Windows-ActiveDirectory_DomainService","The security of this directory server can be significantly enhanced by configuring the server to enforce  validation of Channel Binding Tokens received in LDAP bind requests sent over LDAPS connections. Even if  no clients are issuing LDAP bind requests over LDAPS, configuring the server to validate Channel Binding  Tokens will improve the security of this server. 
 
For more details and information on how to make this configuration change to the server, please see https://go.microsoft.com/fwlink/?linkid=2102405."
"5/31/2026 5:56:17 PM","2886","Warning","Microsoft-Windows-ActiveDirectory_DomainService","The security of this directory server can be significantly enhanced by configuring the server to reject SASL (Negotiate, Kerberos, NTLM, or Digest) LDAP binds that do not request signing (integrity verification) and LDAP simple binds that are performed on a clear text (non-SSL/TLS-encrypted) connection.  Even if no clients are using such binds, configuring the server to reject them will improve the security of this server. 
 
Some clients may currently be relying on unsigned SASL binds or LDAP simple binds over a non-SSL/TLS connection, and will stop working if this configuration change is made.  To assist in identifying these clients, if such binds occur this directory server will log a summary event once every 24 hours indicating how many such binds occurred.  You are encouraged to configure those clients to not use such binds.  Once no such events are observed for an extended period, it is recommended that you configure the server to reject such binds. 
 
For more details and information on how to make this configuration change to the server, please see http://go.microsoft.com/fwlink/?LinkID=87923. 
 
You can enable additional logging to log an event each time a client makes such a bind, including information on which client made the bind.  To do so, please raise the setting for the ""LDAP Interface Events"" event logging category to level 2 or higher."
"5/31/2026 5:56:07 PM","2405","Information","Microsoft-Windows-ActiveDirectory_DomainService","This Active Directory Domain Services server does not support the ""Privileged Access Management Feature"" optional feature."
"5/31/2026 5:56:07 PM","2405","Information","Microsoft-Windows-ActiveDirectory_DomainService","This Active Directory Domain Services server does not support the ""Recycle Bin Feature"" optional feature."
"5/31/2026 5:56:07 PM","2120","Information","Microsoft-Windows-ActiveDirectory_DomainService","This Active Directory Domain Services server does not support the Recycle Bin. Deleted objects may be undeleted, however, when an object is undeleted, some attributes of that object may be lost.  Additionally, attributes of other objects that refer to the object being undeleted may also be lost."
"5/31/2026 5:56:07 PM","2208","Information","Microsoft-Windows-ActiveDirectory_DomainService","Active Directory Domain Services deleted DFSR databases to initialize SYSVOL replica during a non-authoritative restore. 
Active Directory detected that the virtual machine that hosts the domain controller was reverted to a previous state. Active Directory Domain Services needs to initialize a non-authoritative restore on the local SYSVOL replica. For DFSR, this is done by stopping the DFSR service, deleting DFSR databases, and re-starting the service. Upon restarting DFSR will rebuild the databases and start the initial sync."
"5/31/2026 5:56:07 PM","2179","Information","Microsoft-Windows-ActiveDirectory_DomainService","The msDS-GenerationId attribute of the Domain Controller's computer object has been set to the following parameter: 
 
GenerationID attribute:
11953350576716186868"
"5/31/2026 5:56:07 PM","1109","Information","Microsoft-Windows-ActiveDirectory_DomainService","The invocationID attribute for this directory server has been changed. The highest update sequence number at the time the backup was created is as follows: 
 
InvocationID attribute (old value):
a12ed332-dee5-425b-a2e9-63f34a94258b 
InvocationID attribute (new value):
ed3a2857-5024-41ae-8b33-366b091ecf39 
Update sequence number:
143393 
 
The invocationID is changed when a directory server is restored from backup media, is configured to host a writeable application directory partition, has been resumed after a virtual machine snapshot has been applied, after a virtual machine import operation, or after a live migration operation. Virtualized domain controllers should not be restored using virtual machine snapshots. The supported method to restore or rollback the content of an Active Directory Domain Services database is to restore a system state backup made with an Active Directory Domain Services-aware backup application."
"5/31/2026 5:56:07 PM","2170","Warning","Microsoft-Windows-ActiveDirectory_DomainService","A Generation ID change has been detected. 
 
Generation ID cached in DS (old value):
7957738971340850032 
Generation ID currently in VM (new value):
11953350576716186868 
 
The Generation ID change occurs after the application of a virtual machine snapshot, after a virtual machine import operation or after a live migration operation. Active Directory Domain Services will create a new invocation ID to recover the domain controller. Virtualized domain controllers should not be restored using virtual machine snapshots. The supported method to restore or rollback the content of an Active Directory Domain Services database is to restore a system state backup made with an Active Directory Domain Services aware backup application."
"5/31/2026 5:56:07 PM","2172","Information","Microsoft-Windows-ActiveDirectory_DomainService","Read the msDS-GenerationId attribute of the Domain Controller's computer object. 
 
msDS-GenerationId attribute value:
7957738971340850032"
"5/31/2026 5:56:07 PM","2168","Information","Microsoft-Windows-ActiveDirectory_DomainService","The DC is running on a supported hypervisor. VM Generation ID is detected. 
 
Current value of VM Generation ID: 11953350576716186868"
"5/31/2026 5:56:07 PM","2406","Information","Microsoft-Windows-ActiveDirectory_DomainService","This Active Directory Domain Services server is disabling support for the ""Privileged Access Management Feature"" optional feature."
"5/31/2026 5:56:07 PM","2406","Information","Microsoft-Windows-ActiveDirectory_DomainService","This Active Directory Domain Services server is disabling support for the ""Recycle Bin Feature"" optional feature."
"5/31/2026 5:56:07 PM","2121","Information","Microsoft-Windows-ActiveDirectory_DomainService","This Active Directory Domain Services server is disabling the Recycle Bin. Deleted objects may not be undeleted at this time."
"5/31/2026 5:56:07 PM","3054","Warning","Microsoft-Windows-ActiveDirectory_DomainService","The directory has been configured to allow implicit owner privileges when initially setting or modifying the nTSecurityDescriptor attribute during LDAP add and modify operations. Warning events will be logged, but no requests will be blocked. 
 
This setting is not secure and should only be used as a temporary troubleshooting step. Please review the suggested mitigations in the link below. 
 
For more information, please see https://go.microsoft.com/fwlink/?linkid=2174032."
"5/31/2026 5:56:07 PM","3051","Warning","Microsoft-Windows-ActiveDirectory_DomainService","The directory has been configured to not enforce per-attribute authorization during LDAP add operations. Warning events will be logged, but no requests will be blocked. 
 
This setting is not secure and should only be used as a temporary troubleshooting step. Please review the suggested mitigations in the link below. 
 
For more information, please see https://go.microsoft.com/fwlink/?linkid=2174032."
"5/29/2026 12:32:13 PM","1004","Information","Microsoft-Windows-ActiveDirectory_DomainService","Active Directory Domain Services was shut down successfully."
"5/29/2026 12:32:11 PM","2179","Information","Microsoft-Windows-ActiveDirectory_DomainService","The msDS-GenerationId attribute of the Domain Controller's computer object has been set to the following parameter: 
 
GenerationID attribute:
7957738971340850032"
"5/29/2026 12:27:37 PM","1394","Information","Microsoft-Windows-ActiveDirectory_DomainService","All problems preventing updates to the Active Directory Domain Services database have been cleared. New updates to the Active Directory Domain Services database are succeeding. The Net Logon service has restarted."
"5/29/2026 12:27:07 PM","1000","Information","Microsoft-Windows-ActiveDirectory_DomainService","Microsoft Active Directory Domain Services startup complete"
"5/29/2026 12:27:07 PM","3041","Warning","Microsoft-Windows-ActiveDirectory_DomainService","The security of this directory server can be significantly enhanced by configuring the server to enforce  validation of Channel Binding Tokens received in LDAP bind requests sent over LDAPS connections. Even if  no clients are issuing LDAP bind requests over LDAPS, configuring the server to validate Channel Binding  Tokens will improve the security of this server. 
 
For more details and information on how to make this configuration change to the server, please see https://go.microsoft.com/fwlink/?linkid=2102405."
"5/29/2026 12:27:07 PM","2886","Warning","Microsoft-Windows-ActiveDirectory_DomainService","The security of this directory server can be significantly enhanced by configuring the server to reject SASL (Negotiate, Kerberos, NTLM, or Digest) LDAP binds that do not request signing (integrity verification) and LDAP simple binds that are performed on a clear text (non-SSL/TLS-encrypted) connection.  Even if no clients are using such binds, configuring the server to reject them will improve the security of this server. 
 
Some clients may currently be relying on unsigned SASL binds or LDAP simple binds over a non-SSL/TLS connection, and will stop working if this configuration change is made.  To assist in identifying these clients, if such binds occur this directory server will log a summary event once every 24 hours indicating how many such binds occurred.  You are encouraged to configure those clients to not use such binds.  Once no such events are observed for an extended period, it is recommended that you configure the server to reject such binds. 
 
For more details and information on how to make this configuration change to the server, please see http://go.microsoft.com/fwlink/?LinkID=87923. 
 
You can enable additional logging to log an event each time a client makes such a bind, including information on which client made the bind.  To do so, please raise the setting for the ""LDAP Interface Events"" event logging category to level 2 or higher."
"5/29/2026 12:26:57 PM","2405","Information","Microsoft-Windows-ActiveDirectory_DomainService","This Active Directory Domain Services server does not support the ""Privileged Access Management Feature"" optional feature."
"5/29/2026 12:26:57 PM","2405","Information","Microsoft-Windows-ActiveDirectory_DomainService","This Active Directory Domain Services server does not support the ""Recycle Bin Feature"" optional feature."
"5/29/2026 12:26:57 PM","2120","Information","Microsoft-Windows-ActiveDirectory_DomainService","This Active Directory Domain Services server does not support the Recycle Bin. Deleted objects may be undeleted, however, when an object is undeleted, some attributes of that object may be lost.  Additionally, attributes of other objects that refer to the object being undeleted may also be lost."
"5/29/2026 12:26:57 PM","2208","Information","Microsoft-Windows-ActiveDirectory_DomainService","Active Directory Domain Services deleted DFSR databases to initialize SYSVOL replica during a non-authoritative restore. 
Active Directory detected that the virtual machine that hosts the domain controller was reverted to a previous state. Active Directory Domain Services needs to initialize a non-authoritative restore on the local SYSVOL replica. For DFSR, this is done by stopping the DFSR service, deleting DFSR databases, and re-starting the service. Upon restarting DFSR will rebuild the databases and start the initial sync."
"5/29/2026 12:26:57 PM","2179","Information","Microsoft-Windows-ActiveDirectory_DomainService","The msDS-GenerationId attribute of the Domain Controller's computer object has been set to the following parameter: 
 
GenerationID attribute:
7957738971340850032"
"5/29/2026 12:26:57 PM","1109","Information","Microsoft-Windows-ActiveDirectory_DomainService","The invocationID attribute for this directory server has been changed. The highest update sequence number at the time the backup was created is as follows: 
 
InvocationID attribute (old value):
e2ae00c5-d902-4248-9457-3c852739ede7 
InvocationID attribute (new value):
a12ed332-dee5-425b-a2e9-63f34a94258b 
Update sequence number:
139296 
 
The invocationID is changed when a directory server is restored from backup media, is configured to host a writeable application directory partition, has been resumed after a virtual machine snapshot has been applied, after a virtual machine import operation, or after a live migration operation. Virtualized domain controllers should not be restored using virtual machine snapshots. The supported method to restore or rollback the content of an Active Directory Domain Services database is to restore a system state backup made with an Active Directory Domain Services-aware backup application."
"5/29/2026 12:26:57 PM","2170","Warning","Microsoft-Windows-ActiveDirectory_DomainService","A Generation ID change has been detected. 
 
Generation ID cached in DS (old value):
3149889245066158878 
Generation ID currently in VM (new value):
7957738971340850032 
 
The Generation ID change occurs after the application of a virtual machine snapshot, after a virtual machine import operation or after a live migration operation. Active Directory Domain Services will create a new invocation ID to recover the domain controller. Virtualized domain controllers should not be restored using virtual machine snapshots. The supported method to restore or rollback the content of an Active Directory Domain Services database is to restore a system state backup made with an Active Directory Domain Services aware backup application."
"5/29/2026 12:26:57 PM","2172","Information","Microsoft-Windows-ActiveDirectory_DomainService","Read the msDS-GenerationId attribute of the Domain Controller's computer object. 
 
msDS-GenerationId attribute value:
3149889245066158878"
"5/29/2026 12:26:57 PM","2168","Information","Microsoft-Windows-ActiveDirectory_DomainService","The DC is running on a supported hypervisor. VM Generation ID is detected. 
 
Current value of VM Generation ID: 7957738971340850032"
"5/29/2026 12:26:57 PM","2406","Information","Microsoft-Windows-ActiveDirectory_DomainService","This Active Directory Domain Services server is disabling support for the ""Privileged Access Management Feature"" optional feature."
"5/29/2026 12:26:57 PM","2406","Information","Microsoft-Windows-ActiveDirectory_DomainService","This Active Directory Domain Services server is disabling support for the ""Recycle Bin Feature"" optional feature."
"5/29/2026 12:26:57 PM","2121","Information","Microsoft-Windows-ActiveDirectory_DomainService","This Active Directory Domain Services server is disabling the Recycle Bin. Deleted objects may not be undeleted at this time."
"5/29/2026 12:26:57 PM","3054","Warning","Microsoft-Windows-ActiveDirectory_DomainService","The directory has been configured to allow implicit owner privileges when initially setting or modifying the nTSecurityDescriptor attribute during LDAP add and modify operations. Warning events will be logged, but no requests will be blocked. 
 
This setting is not secure and should only be used as a temporary troubleshooting step. Please review the suggested mitigations in the link below. 
 
For more information, please see https://go.microsoft.com/fwlink/?linkid=2174032."
"5/29/2026 12:26:57 PM","3051","Warning","Microsoft-Windows-ActiveDirectory_DomainService","The directory has been configured to not enforce per-attribute authorization during LDAP add operations. Warning events will be logged, but no requests will be blocked. 
 
This setting is not secure and should only be used as a temporary troubleshooting step. Please review the suggested mitigations in the link below. 
 
For more information, please see https://go.microsoft.com/fwlink/?linkid=2174032."
"5/26/2026 7:28:09 AM","1004","Information","Microsoft-Windows-ActiveDirectory_DomainService","Active Directory Domain Services was shut down successfully."
"5/26/2026 7:28:08 AM","2179","Information","Microsoft-Windows-ActiveDirectory_DomainService","The msDS-GenerationId attribute of the Domain Controller's computer object has been set to the following parameter: 
 
GenerationID attribute:
3149889245066158878"
"5/26/2026 7:25:03 AM","1869","Information","Microsoft-Windows-ActiveDirectory_DomainService","Active Directory Domain Services has located a global catalog in the following site. 
 
Global catalog:
\\dc.scaffold.htb 
Site:
Default-First-Site-Name"
"5/26/2026 7:25:03 AM","3027","Information","Microsoft-Windows-ActiveDirectory_DomainService","Internal event: Online Defragment Start succeeded. 
 
Duration in seconds:3600 
"
"5/26/2026 7:25:03 AM","3033","Information","Microsoft-Windows-ActiveDirectory_DomainService","Internal event: Online Defragment Stop invoked but defrag was not running."
"5/26/2026 7:25:03 AM","701","Information","NTDS ISAM","NTDS (752,D,0) NTDSA: Online defragmentation has completed a full pass on database 'C:\Windows\NTDS\ntds.dit', freeing 0 pages. This pass started on 5/26/2026 and ran for a total of 0 seconds, requiring 1 invocations over 1 days. Since the database was created it has been fully defragmented 19 times."
"5/26/2026 7:25:03 AM","700","Information","NTDS ISAM","NTDS (752,D,0) NTDSA: Online defragmentation is beginning a full pass on database 'C:\Windows\NTDS\ntds.dit'."
"5/26/2026 7:25:03 AM","330","Information","NTDS ISAM","NTDS (752,D,2) NTDSA: The database [C:\Windows\NTDS\temp.edb] format version is being held back to 8920 (0x22d8) due to application parameter setting of 0x22D8 (8920). Current default engine version: 9360 (0x2490)."
"5/26/2026 7:25:03 AM","326","Information","NTDS ISAM","NTDS (752,D,50) NTDSA: The database engine attached a database (1, C:\Windows\NTDS\ntds.dit). (Time=0 seconds) 
 
Saved Cache: 0 0 
Additional Data: lgposAttach = 00000003:0097:0268,
dbv = 1568.20.0 (8920) 
 
Internal Timing Sequence: 
[1] 0.000003 +J(0) +M(C:0K, Fs:1, WS:4K # 0K, PF:0K # 0K, P:0K)
[2] 0.000333 -0.000207 (1) WT +J(0) +M(C:0K, Fs:19, WS:12K # 0K, PF:8K # 0K, P:8K)
[3] 0.003209 -0.001379 (6) WT +J(CM:0, PgRf:0, Rd:0/0, Dy:0/0, Lg:3480/2) +M(C:0K, Fs:20, WS:68K # 0K, PF:136K # 0K, P:136K)
[4] 0.000108 +J(0)
[5] -
[6] -
[7] -
[8] 0.002186 -0.000412 (2) CM -0.000261 (2) WT +J(CM:2, PgRf:2, Rd:4/2, Dy:0/0, Lg:0/0) +M(C:16K, Fs:45, WS:168K # 0K, PF:220K # 0K, P:220K)
[9] 0.002030 -0.001512 (7) CM -0.001091 (7) WT +J(CM:7, PgRf:24, Rd:0/7, Dy:0/0, Lg:0/0) +M(C:-8K, Fs:29, WS:100K # 0K, PF:192K # 0K, P:192K)
[10] 0.001905 -0.001370 (3) CM -0.001010 (3) WT +J(CM:3, PgRf:40, Rd:0/3, Dy:0/0, Lg:0/0) +M(C:-4K, Fs:5, WS:12K # 0K, PF:60K # 0K, P:60K)
[11] 0.000061 +J(CM:0, PgRf:1, Rd:0/0, Dy:0/0, Lg:0/0) +M(C:0K, Fs:4, WS:16K # 0K, PF:0K # 0K, P:0K)
[12] 0.000089 +J(CM:0, PgRf:48, Rd:0/0, Dy:0/0, Lg:0/0) +M(C:0K, Fs:2, WS:8K # 0K, PF:0K # 0K, P:0K)
[13] 0.000002 +J(0)
[14] 0.0 +J(0)
[15] 0.000007 +J(CM:0, PgRf:1, Rd:0/0, Dy:0/0, Lg:0/0)."
"5/26/2026 7:25:03 AM","330","Information","NTDS ISAM","NTDS (752,D,50) NTDSA: The database [C:\Windows\NTDS\ntds.dit] format version is being held back to 8920 (0x22d8) due to application parameter setting of 0x22D8 (8920). Current default engine version: 9360 (0x2490)."
"5/26/2026 7:25:03 AM","105","Information","NTDS ISAM","NTDS (752,D,0) NTDSA: The database engine started a new instance (0). (Time=0 seconds) 
 
Additional Data:
  
 
Internal Timing Sequence: 
[1] 0.000463 +J(0) +M(C:0K, Fs:107, WS:400K # 0K, PF:3396K # 356K, P:3396K)
[2] 0.000589 +J(0) +M(C:16K, Fs:133, WS:524K # 304K, PF:308K # 308K, P:308K)
[3] 0.000293 +J(0) +M(C:0K, Fs:5, WS:20K # 20K, PF:64K # 64K, P:64K)
[4] 0.005913 -0.000121 (1) WT +J(0) +M(C:0K, Fs:129, WS:436K # 436K, PF:5208K # 5208K, P:5208K)
[5] 0.000493 +J(0) +M(C:0K, Fs:2, WS:8K # 8K, PF:4K # 4K, P:4K)
[6] 0.002090 +J(0) +M(C:0K, Fs:22, WS:88K # 88K, PF:20K # 20K, P:20K)
[7] 0.018314 -0.010476 (21) WT +J(0) +M(C:0K, Fs:2579, WS:10296K # 10296K, PF:10260K # 10260K, P:10260K)
[8] -
[9] -
[10] -
[11] -
[12] -
[13] 0.015329 -0.008506 (22) WT +J(CM:0, PgRf:0, Rd:0/0, Dy:0/0, Lg:616/1) +M(C:0K, Fs:8, WS:-10216K # 24K, PF:-10256K # 12K, P:-10256K)
[14] 0.000012 +J(0)
[15] 0.000167 +J(0) +M(C:0K, Fs:206, WS:820K # 0K, PF:68K # 0K, P:68K)
[16] 0.000352 -0.000158 (1) WT +J(0) +M(C:0K, Fs:3, WS:4K # 0K, PF:0K # 0K, P:0K)."
"5/26/2026 7:25:03 AM","102","Information","NTDS ISAM","NTDS (752,P,98) NTDSA: The database engine (10.00.20348.0000) is starting a new instance (0)."
"5/26/2026 7:10:33 AM","1394","Information","Microsoft-Windows-ActiveDirectory_DomainService","All problems preventing updates to the Active Directory Domain Services database have been cleared. New updates to the Active Directory Domain Services database are succeeding. The Net Logon service has restarted."
"5/26/2026 7:10:03 AM","1000","Information","Microsoft-Windows-ActiveDirectory_DomainService","Microsoft Active Directory Domain Services startup complete"
"5/26/2026 7:10:03 AM","3041","Warning","Microsoft-Windows-ActiveDirectory_DomainService","The security of this directory server can be significantly enhanced by configuring the server to enforce  validation of Channel Binding Tokens received in LDAP bind requests sent over LDAPS connections. Even if  no clients are issuing LDAP bind requests over LDAPS, configuring the server to validate Channel Binding  Tokens will improve the security of this server. 
 
For more details and information on how to make this configuration change to the server, please see https://go.microsoft.com/fwlink/?linkid=2102405."
"5/26/2026 7:10:03 AM","2886","Warning","Microsoft-Windows-ActiveDirectory_DomainService","The security of this directory server can be significantly enhanced by configuring the server to reject SASL (Negotiate, Kerberos, NTLM, or Digest) LDAP binds that do not request signing (integrity verification) and LDAP simple binds that are performed on a clear text (non-SSL/TLS-encrypted) connection.  Even if no clients are using such binds, configuring the server to reject them will improve the security of this server. 
 
Some clients may currently be relying on unsigned SASL binds or LDAP simple binds over a non-SSL/TLS connection, and will stop working if this configuration change is made.  To assist in identifying these clients, if such binds occur this directory server will log a summary event once every 24 hours indicating how many such binds occurred.  You are encouraged to configure those clients to not use such binds.  Once no such events are observed for an extended period, it is recommended that you configure the server to reject such binds. 
 
For more details and information on how to make this configuration change to the server, please see http://go.microsoft.com/fwlink/?LinkID=87923. 
 
You can enable additional logging to log an event each time a client makes such a bind, including information on which client made the bind.  To do so, please raise the setting for the ""LDAP Interface Events"" event logging category to level 2 or higher."
"5/26/2026 7:09:53 AM","2405","Information","Microsoft-Windows-ActiveDirectory_DomainService","This Active Directory Domain Services server does not support the ""Privileged Access Management Feature"" optional feature."
