"9/1/2026 4:51:18 PM","5615","Information","Microsoft-Windows-WMI","Windows Management Instrumentation Service started sucessfully"
"9/1/2026 4:51:18 PM","335","Information","ESENT","svchost (2312,R,98) WDS: Replay of a Create for database ""C:\RemoteInstall\Stores\Metadata\WDSMD.mdb"" at log position (00000001,0001,0268) was deferred due to AttachFuture.  Additional information:  "
"9/1/2026 4:51:18 PM","300","Information","ESENT","svchost (2312,R,98) WDS: The database engine is initiating recovery steps."
"9/1/2026 4:51:18 PM","102","Information","ESENT","svchost (2312,P,98) WDS: The database engine (10.00.20348.0000) is starting a new instance (0)."
"9/1/2026 4:51:18 PM","517","Information","WDSServer","Provider WDSMC loaded from C:\Windows\system32\wdsmc.dll and initialized successfully."
"9/1/2026 4:51:18 PM","105","Information","VMTools","The service was started."
"9/1/2026 4:51:18 PM","1025","Information","WDSServer","The RPC server started on TCP port 5040. 
"
"9/1/2026 4:51:11 PM","8198","Error","Microsoft-Windows-Security-SPP","License Activation (slui.exe) failed with the following error code:
hr=0x80004005
Command-line arguments:
RuleId=31e71c49-8da7-4a2f-ad92-45d98a1c79ba;Action=AutoActivate;AppId=55c92734-d682-4d71-983e-d6ec3f16059f;SkuId=80f53cc1-120f-4e0e-875b-27c9f1caf7de;NotificationInterval=1440;Trigger=NetworkAvailable"
"9/1/2026 4:51:11 PM","902","Information","Microsoft-Windows-Security-SPP","The Software Protection service has started.
10.0.20348.587"
"9/1/2026 4:51:11 PM","1003","Information","Microsoft-Windows-Security-SPP","The Software Protection service has completed licensing status check.
Application Id=55c92734-d682-4d71-983e-d6ec3f16059f
Licensing Status=
1: 0dc876e0-7ab8-41c1-b8ba-2237d484cd26, 1, 0 [(0 [0xC004F014, 0, 0], [(?)(?)(?)(?)(?)(?)(?)(?)])(1 )(2 )(3 )]
2: 176afa14-ca77-4cae-9ecc-ba2295540382, 1, 0 [(0 [0xC004F014, 0, 0], [(?)(?)(?)(?)(?)(?)(?)(?)])(1 )(2 )(3 )]
3: 208d2508-de49-48d5-a1df-837a9f1053ef, 1, 0 [(0 [0xC004F014, 0, 0], [(?)(?)(?)(?)(?)(?)(?)(?)])(1 )(2 )(3 )]
4: 22105925-48c3-4ff4-a294-f654bb27e390, 1, 0 [(0 [0xC004F014, 0, 0], [(?)(?)(?)(?)(?)(?)(?)(?)])(1 )(2 )(3 )]
5: 482b7fee-a9f5-46a3-862d-b28bef48c7e8, 1, 0 [(0 [0xC004F014, 0, 0], [(?)(?)(?)(?)(?)(?)(?)(?)])(1 )(2 )(3 )]
6: 4f64509c-0ad2-43a7-b73b-233afbb27096, 1, 0 [(0 [0xC004F014, 0, 0], [(?)(?)(?)(?)(?)(?)(?)(?)])(1 )(2 )(3 )]
7: 522b5066-79e8-49f2-9f9d-30b4d507d57b, 1, 0 [(0 [0xC004F014, 0, 0], [(?)(?)(?)(?)(?)(?)(?)(?)])(1 )(2 )(3 )]
8: 661f7658-7035-4b4c-9f35-010682943ec2, 1, 0 [(0 [0xC004F014, 0, 0], [(?)(?)(?)(?)(?)(?)(?)(?)])(1 )(2 )(3 )]
9: 78214935-d737-41c1-83df-f600c1766211, 1, 0 [(0 [0xC004F014, 0, 0], [(?)(?)(?)(?)(?)(?)(?)(?)])(1 )(2 )(3 )]
10: 80f53cc1-120f-4e0e-875b-27c9f1caf7de, 1, 1 [(0 )(1 )(2 [0xC004E003, 0, 0], [( 1 0xC004F034)( 1 0xC004F034)(?)(?)(?)(?)(?)(?)])(3 [0x00000000, 0, 0], [( 6 0xC004F009 0 0)( 1 0x00000000)( 6 0xC004F009 0 0)(?)(?)(?)( 10 0x00000000 msft:rm/algorithm/flags/1.0)( 11 0x00000000 0xC004F034)])]
11: aa04eff4-34fa-4da8-a645-8c30c30b3a7f, 1, 0 [(0 [0xC004F014, 0, 0], [(?)(?)(?)(?)(?)(?)(?)(?)])(1 )(2 )(3 )]
12: e73aabfa-12bc-4705-b551-2dd076bebc7d, 1, 0 [(0 [0xC004F014, 0, 0], [(?)(?)(?)(?)(?)(?)(?)(?)])(1 )(2 )(3 )]
13: ef6cfc9f-8c5d-44ac-9aad-de6a2ea0ae03, 1, 0 [(0 [0xC004F014, 0, 0], [(?)(?)(?)(?)(?)(?)(?)(?)])(1 )(2 )(3 )]

"
"9/1/2026 4:51:11 PM","1066","Information","Microsoft-Windows-Security-SPP","Initialization status for service objects.
C:\Windows\system32\sppwinob.dll, msft:spp/windowsfunctionality/agent/7.0, 0x00000000, 0x00000000
C:\Windows\system32\sppobjs.dll, msft:rm/algorithm/inherited/1.0, 0x00000000, 0x00000000
C:\Windows\system32\sppobjs.dll, msft:rm/algorithm/phone/1.0, 0x00000000, 0x00000000
C:\Windows\system32\sppobjs.dll, msft:rm/algorithm/pkey/detect, 0x00000000, 0x00000000
C:\Windows\system32\sppobjs.dll, msft:spp/ActionScheduler/1.0, 0x00000000, 0x00000000
C:\Windows\system32\sppobjs.dll, msft:spp/TaskScheduler/1.0, 0x00000000, 0x00000000
C:\Windows\system32\sppobjs.dll, msft:spp/statecollector/pkey, 0x00000000, 0x00000000
C:\Windows\system32\sppobjs.dll, msft:spp/volume/services/kms/1.0, 0x00000000, 0x00000000
C:\Windows\system32\sppobjs.dll, msft:spp/volume/services/kms/activationinfo/1.0, 0x00000000, 0x00000000
"
"9/1/2026 4:51:10 PM","16394","Information","Microsoft-Windows-Security-SPP","Offline downlevel migration succeeded."
"9/1/2026 4:51:10 PM","900","Information","Microsoft-Windows-Security-SPP","The Software Protection service is starting.
Parameters:TriggerStarted:6"
"9/1/2026 4:51:07 PM","1531","Information","Microsoft-Windows-User Profiles Service","The User Profile Service has started successfully.  

"
"9/1/2026 3:04:43 PM","38","Information","Microsoft-Windows-CertificationAuthority","Active Directory Certificate Services for scaffold-DC-CA was stopped."
"9/1/2026 3:04:42 PM","1532","Information","Microsoft-Windows-User Profiles Service","The User Profile Service has stopped.  

"
"9/1/2026 3:04:42 PM","17147","Information","MSSQL$SQLEXPRESS","SQL Server is terminating because of a system shutdown. This is an informational message only. No user action is required."
"9/1/2026 3:04:26 PM","108","Information","VMTools","The service was stopped."
"9/1/2026 3:04:26 PM","272","Information","VMUpgradeHelper","Saved network configuration."
"9/1/2026 3:04:26 PM","260","Information","VMUpgradeHelper","Saving network configuration."
"9/1/2026 3:04:26 PM","6000","Information","Microsoft-Windows-Winlogon","The winlogon notification subscriber <SessionEnv> was unavailable to handle a notification event."
"9/1/2026 3:04:26 PM","6000","Information","Microsoft-Windows-Winlogon","The winlogon notification subscriber <WSearch> was unavailable to handle a notification event."
"9/1/2026 3:03:47 PM","1001","Information","Windows Error Reporting","Fault bucket , type 0
Event Name: RADAR_PRE_LEAK_64
Response: Not available
Cab Id: 0

Problem signature:
P1: sqlservr.exe
P2: 2019.150.2000.5
P3: 10.0.20348.2.0.0
P4: 
P5: 
P6: 
P7: 
P8: 
P9: 
P10: 

Attached files:
\\?\C:\Users\ADMINI~1\AppData\Local\Temp\RDR33A4.tmp\empty.txt
\\?\C:\ProgramData\Microsoft\Windows\WER\Temp\WER.9686a7c9-e08b-48e8-b5f9-d42311afaf39.tmp.WERInternalMetadata.xml
\\?\C:\ProgramData\Microsoft\Windows\WER\Temp\WER.cc960239-cb92-44e5-ad4e-757173bdf67e.tmp.xml
\\?\C:\ProgramData\Microsoft\Windows\WER\Temp\WER.a20ed599-21e9-4c0f-beff-667aa1c7cc16.tmp.csv
\\?\C:\ProgramData\Microsoft\Windows\WER\Temp\WER.ead263af-07d3-40ed-9082-f21275719448.tmp.txt

These files may be available here:


Analysis symbol: 
Rechecking for solution: 0
Report Id: 70babb4c-1f29-4731-bd5b-269f01e37ef6
Report Status: 536871008
Hashed bucket: 
Cab Guid: 0"
"9/1/2026 2:56:12 PM","326","Information","ESENT","svchost (2788,D,50) DS_Token_DB: The database engine attached a database (1, C:\Windows\system32\config\systemprofile\AppData\Local\DataSharing\Storage\DSTokenDB2.dat). (Time=0 seconds) 
 
Saved Cache: 1 0 
Additional Data: lgposAttach = 00000005:0003:0268,
dbv = 1568.180.400 (9360) 
 
Internal Timing Sequence: 
[1] 0.000003 +J(0)
[2] 0.002439 -0.002206 (1) WT +J(0) +M(C:0K, Fs:17, WS:4K # 4K, PF:4K # 0K, P:4K)
[3] 0.005561 -0.001780 (6) WT +J(CM:0, PgRf:0, Rd:0/0, Dy:0/0, Lg:3480/2) +M(C:0K, Fs:8, WS:28K # 0K, PF:24K # 0K, P:24K)
[4] 0.000101 +J(0)
[5] -
[6] -
[7] -
[8] 0.001567 -0.001426 (2) CM -0.001359 (2) WT +J(CM:2, PgRf:2, Rd:4/2, Dy:0/0, Lg:54/1) +M(C:8K, Fs:3, WS:12K # 0K, PF:28K # 0K, P:28K)
[9] 0.001967 -0.001710 (3) CM -0.001646 (3) WT +J(CM:3, PgRf:23, Rd:0/3, Dy:0/0, Lg:0/0) +M(C:0K, Fs:31, WS:116K # 96K, PF:196K # 192K, P:196K)
[10] 0.000552 -0.000459 (2) CM -0.000420 (2) WT +J(CM:2, PgRf:40, Rd:0/2, Dy:0/0, Lg:0/0) +M(C:0K, Fs:4, WS:16K # 12K, PF:64K # 56K, P:64K)
[11] 0.000253 -0.000230 (1) CM -0.000202 (1) WT +J(CM:1, PgRf:1, Rd:0/1, Dy:0/0, Lg:0/0) +M(C:0K, Fs:3, WS:12K # 12K, PF:0K # 0K, P:0K)
[12] 0.000383 -0.000320 (1) CM -0.000279 (1) WT +J(CM:1, PgRf:42, Rd:0/1, Dy:0/0, Lg:0/0) +M(C:0K, Fs:5, WS:20K # 20K, PF:0K # 0K, P:0K)
[13] 0.000001 +J(0)
[14] 0.0 +J(0)
[15] 0.001130 -0.001113 (1) CM -0.001070 (1) WT +J(CM:1, PgRf:1, Rd:0/1, Dy:0/0, Lg:0/0)."
"9/1/2026 2:56:12 PM","105","Information","ESENT","svchost (2788,D,0) DS_Token_DB: The database engine started a new instance (0). (Time=0 seconds) 
 
Additional Data:
 lgposV2[] = 00000004:000C:0000 - 00000004:000E:0036 - 00000005:0001:0000 - 00000005:0001:0000 (00000000:0000:0000)
cReInits = 1
 
 
Internal Timing Sequence: 
[1] 0.002175 +J(0) +M(C:0K, Fs:186, WS:732K # 732K, PF:3272K # 3272K, P:3272K)
[2] 0.000306 +J(0) +M(C:8K, Fs:99, WS:388K # 388K, PF:316K # 316K, P:316K)
[3] 0.000013 +J(0) +M(C:0K, Fs:4, WS:12K # 12K, PF:68K # 68K, P:68K)
[4] 0.000093 +J(0) +M(C:0K, Fs:23, WS:92K # 92K, PF:164K # 164K, P:164K)
[5] 0.000705 +J(0) +M(C:0K, Fs:12, WS:48K # 48K, PF:32K # 32K, P:32K)
[6] 0.006272 +J(0) +M(C:0K, Fs:69, WS:272K # 272K, PF:52K # 52K, P:52K)
[7] 0.002428 -0.001680 (2) WT +J(0) +M(C:0K, Fs:31, WS:124K # 124K, PF:64K # 64K, P:64K)
[8] 0.014144 -0.008558 (10) WT +J(CM:0, PgRf:0, Rd:0/0, Dy:0/0, Lg:8129/7) +M(C:0K, Fs:92, WS:284K # 288K, PF:212K # 216K, P:212K)
[9] 0.008610 -0.006504 (4) WT +J(CM:0, PgRf:0, Rd:0/0, Dy:0/0, Lg:1/1) +M(C:0K, Fs:26, WS:96K # 92K, PF:68K # 64K, P:68K) + 1 lgens
[10] 0.000367 -0.000223 (1) WT +J(0) +M(C:0K, Fs:0, WS:-60K # 0K, PF:-60K # 0K, P:-60K)
[11] 0.000019 +J(CM:0, PgRf:0, Rd:0/0, Dy:0/0, Lg:49/1) +M(C:0K, Fs:3, WS:12K # 0K, PF:0K # 0K, P:0K)
[12] 0.000321 +J(0) +M(C:0K, Fs:3, WS:12K # 0K, PF:0K # 0K, P:0K)
[13] 0.023652 -0.000746 (2) CM -0.009115 (21) WT +J(CM:2, PgRf:2, Rd:0/2, Dy:0/0, Lg:8759/5) +M(C:0K, Fs:43, WS:52K # 80K, PF:160K # 168K, P:160K)
[14] 0.000013 +J(0)
[15] 0.000014 +J(0)
[16] 0.000548 -0.000434 (1) WT +J(0) +M(C:0K, Fs:2, WS:0K # 0K, PF:0K # 0K, P:0K)."
"9/1/2026 2:56:12 PM","302","Information","ESENT","svchost (2788,U,98) DS_Token_DB: The database engine has successfully completed recovery steps."
"9/1/2026 2:56:12 PM","301","Information","ESENT","svchost (2788,R,98) DS_Token_DB: The database engine has finished replaying logfile C:\Windows\system32\config\systemprofile\AppData\Local\DataSharing\Storage\DSS.log. 
 
Processing Stats: 
[1] 0.006924 -0.005924 (2) WT +J(CM:0, PgRf:0, Rd:0/0, Dy:0/0, Lg:1/1) +M(C:0K, Fs:4, WS:12K # 16K, PF:52K # 52K, P:52K). 
Log record of type 'NOP      ' was seen most frequently (1 times)"
"9/1/2026 2:56:12 PM","301","Information","ESENT","svchost (2788,R,98) DS_Token_DB: The database engine has finished replaying logfile C:\Windows\system32\config\systemprofile\AppData\Local\DataSharing\Storage\DSS00004.log. 
 
Processing Stats: 
[1] 0.009973 -0.007118 (7) WT +J(CM:0, PgRf:0, Rd:0/0, Dy:0/0, Lg:8129/7) +M(C:0K, Fs:67, WS:192K # 196K, PF:136K # 140K, P:136K). 
Log record of type 'AttachDB ' was seen most frequently (1 times)"
"9/1/2026 2:56:12 PM","300","Information","ESENT","svchost (2788,R,98) DS_Token_DB: The database engine is initiating recovery steps."
"9/1/2026 2:56:12 PM","102","Information","ESENT","svchost (2788,P,98) DS_Token_DB: The database engine (10.00.20348.0000) is starting a new instance (0)."
"9/1/2026 2:54:46 PM","1000","Information","Microsoft-Windows-LoadPerf","Performance counters for the WmiApRpl (WmiApRpl) service were loaded successfully. The Record Data in the data section contains the new index values assigned to this service."
"9/1/2026 2:54:46 PM","1001","Information","Microsoft-Windows-LoadPerf","Performance counters for the WmiApRpl (WmiApRpl) service were removed successfully. The Record Data contains the new values of the system Last Counter and Last Help registry entries."
"9/1/2026 2:53:10 PM","0","Information","edgeupdate","Service stopped."
"9/1/2026 2:53:04 PM","16384","Information","Microsoft-Windows-Security-SPP","Successfully scheduled Software Protection service for re-start at 2026-09-02T21:51:04Z. Reason: RulesEngine."
"9/1/2026 2:52:34 PM","16394","Information","Microsoft-Windows-Security-SPP","Offline downlevel migration succeeded."
"9/1/2026 2:52:07 PM","49930","Information","MSSQL$SQLEXPRESS","Parallel redo is shutdown for database 'ScaffoldPortal' with worker pool size [1]."
"9/1/2026 2:52:06 PM","49930","Information","MSSQL$SQLEXPRESS","Parallel redo is started for database 'ScaffoldPortal' with worker pool size [1]."
"9/1/2026 2:52:06 PM","17137","Information","MSSQL$SQLEXPRESS","Starting up database 'ScaffoldPortal'."
"9/1/2026 2:52:06 PM","8128","Information","MSSQL$SQLEXPRESS","Using 'xplog70.dll' version '2019.150.2000' to execute extended stored procedure 'xp_msver'. This is an informational message only; no user action is required."
"9/1/2026 2:52:06 PM","33090","Information","MSSQL$SQLEXPRESS","Attempting to load library 'xplog70.dll' into memory. This is an informational message only. No user action is required."
"9/1/2026 2:51:46 PM","16384","Information","Microsoft-Windows-Security-SPP","Successfully scheduled Software Protection service for re-start at 2026-09-02T21:50:46Z. Reason: RulesEngine."
"9/1/2026 2:51:44 PM","1","Information","MSSQL$SQLEXPRESS","None"
"9/1/2026 2:51:33 PM","325","Information","ESENT","DFSRs (3036,D,35) \\.\C:\System Volume Information\DFSR\database_D030_CE70_30CE_5D5A\dfsr.db: The database engine created a new database (1, \\.\C:\System Volume Information\DFSR\database_D030_CE70_30CE_5D5A\dfsr.db). (Time=0 seconds) 
 
Additional Data: lgposCreate = 00000001:0001:0268,
dbv = 1568.180.400 (9360) 
 
Internal Timing Sequence: 
[1] 0.000168 +J(0) +M(C:0K, Fs:5, WS:20K # 0K, PF:8K # 0K, P:8K)
[2] 0.005508 -0.002373 (1) WT +J(CM:0, PgRf:0, Rd:0/0, Dy:0/0, Lg:3480/2) +M(C:0K, Fs:4, WS:16K # 0K, PF:0K # 0K, P:0K)
[3] 0.010461 -0.000004 (3) WT +J(0) +M(C:0K, Fs:11, WS:36K # 0K, PF:20K # 0K, P:20K)
[4] 0.000292 +J(0) +M(C:0K, Fs:1, WS:4K # 0K, PF:0K # 0K, P:0K)
[5] 0.003040 -0.001777 (3) WT +J(CM:0, PgRf:3, Rd:0/0, Dy:3/6, Lg:122/4) +M(C:0K, Fs:39, WS:144K # 0K, PF:236K # 0K, P:236K)
[6] 0.003061 -0.001115 (2) WT +J(CM:0, PgRf:209, Rd:0/0, Dy:12/408, Lg:24454/447) +M(C:0K, Fs:76, WS:304K # 0K, PF:224K # 0K, P:224K)
[7] 0.001601 -0.001087 (3) WT +J(CM:0, PgRf:0, Rd:0/0, Dy:0/0, Lg:4096/3) +M(C:0K, Fs:4, WS:8K # 0K, PF:0K # 0K, P:0K)
[8] 0.000004 +J(0)
[9] 0.004186 -0.003332 (4) WT +J(0) +M(C:-52K, Fs:8, WS:-28K # 0K, PF:-52K # 0K, P:-52K)
[10] 0.005065 -0.002077 (5) WT +J(CM:0, PgRf:348, Rd:0/0, Dy:7/93, Lg:12509/130) +M(C:12K, Fs:47, WS:180K # 0K, PF:96K # 0K, P:96K)
[11] 0.000003 +J(0)."
"9/1/2026 2:51:33 PM","105","Information","ESENT","DFSRs (3036,D,0) \\.\C:\System Volume Information\DFSR\database_D030_CE70_30CE_5D5A\dfsr.db: The database engine started a new instance (0). (Time=0 seconds) 
 
Additional Data:
  
 
Internal Timing Sequence: 
[1] 0.006047 +J(0) +M(C:0K, Fs:301, WS:1168K # 1168K, PF:6756K # 6748K, P:6756K)
[2] 0.000411 +J(0) +M(C:16K, Fs:93, WS:364K # 364K, PF:300K # 300K, P:300K)
[3] 0.000033 +J(0) +M(C:0K, Fs:4, WS:12K # 12K, PF:68K # 68K, P:68K)
[4] 0.000301 +J(0) +M(C:2032K, Fs:33, WS:128K # 128K, PF:2436K # 2436K, P:2436K)
[5] 0.001217 +J(0) +M(C:0K, Fs:10, WS:40K # 40K, PF:24K # 24K, P:24K)
[6] 0.001305 +J(0) +M(C:0K, Fs:13, WS:52K # 52K, PF:12K # 12K, P:12K)
[7] -
[8] -
[9] -
[10] -
[11] -
[12] -
[13] 0.045101 -0.028380 (22) WT +J(CM:0, PgRf:0, Rd:0/0, Dy:0/0, Lg:616/1) +M(C:0K, Fs:1486, WS:740K # 5844K, PF:-20K # 5108K, P:-20K)
[14] 0.000027 +J(0)
[15] 0.000137 +J(0) +M(C:0K, Fs:66, WS:260K # 0K, PF:68K # 0K, P:68K)
[16] 0.013322 -0.000218 (3) WT +J(0) +M(C:0K, Fs:9, WS:28K # 0K, PF:0K # 0K, P:0K)."
"9/1/2026 2:51:33 PM","102","Information","ESENT","DFSRs (3036,P,98) \\.\C:\System Volume Information\DFSR\database_D030_CE70_30CE_5D5A\dfsr.db: The database engine (10.00.20348.0000) is starting a new instance (0)."
"9/1/2026 2:51:16 PM","8198","Error","Microsoft-Windows-Security-SPP","License Activation (slui.exe) failed with the following error code:
hr=0x80004005
Command-line arguments:
RuleId=31e71c49-8da7-4a2f-ad92-45d98a1c79ba;Action=AutoActivate;AppId=55c92734-d682-4d71-983e-d6ec3f16059f;SkuId=80f53cc1-120f-4e0e-875b-27c9f1caf7de;NotificationInterval=1440;Trigger=UserLogon;SessionId=1"
"9/1/2026 2:51:16 PM","16394","Information","Microsoft-Windows-Security-SPP","Offline downlevel migration succeeded."
"9/1/2026 2:51:15 PM","6000","Information","Microsoft-Windows-Winlogon","The winlogon notification subscriber <SessionEnv> was unavailable to handle a notification event."
"9/1/2026 2:51:14 PM","6003","Information","Microsoft-Windows-Winlogon","The winlogon notification subscriber <SessionEnv> was unavailable to handle a critical notification event."
"9/1/2026 2:50:26 PM","0","Information","edgeupdate","Service stopped."
"9/1/2026 2:49:30 PM","8224","Information","VSS","The VSS service is shutting down due to idle timeout. "
"9/1/2026 2:49:07 PM","903","Information","Microsoft-Windows-Security-SPP","The Software Protection service has stopped.
"
"9/1/2026 2:49:07 PM","16384","Information","Microsoft-Windows-Security-SPP","Successfully scheduled Software Protection service for re-start at 2026-09-02T21:48:07Z. Reason: RulesEngine."
"9/1/2026 2:48:37 PM","902","Information","Microsoft-Windows-Security-SPP","The Software Protection service has started.
10.0.20348.587"
"9/1/2026 2:48:37 PM","1003","Information","Microsoft-Windows-Security-SPP","The Software Protection service has completed licensing status check.
Application Id=55c92734-d682-4d71-983e-d6ec3f16059f
Licensing Status=
1: 0dc876e0-7ab8-41c1-b8ba-2237d484cd26, 1, 0 [(0 [0xC004F014, 0, 0], [(?)(?)(?)(?)(?)(?)(?)(?)])(1 )(2 )(3 )]
2: 176afa14-ca77-4cae-9ecc-ba2295540382, 1, 0 [(0 [0xC004F014, 0, 0], [(?)(?)(?)(?)(?)(?)(?)(?)])(1 )(2 )(3 )]
3: 208d2508-de49-48d5-a1df-837a9f1053ef, 1, 0 [(0 [0xC004F014, 0, 0], [(?)(?)(?)(?)(?)(?)(?)(?)])(1 )(2 )(3 )]
4: 22105925-48c3-4ff4-a294-f654bb27e390, 1, 0 [(0 [0xC004F014, 0, 0], [(?)(?)(?)(?)(?)(?)(?)(?)])(1 )(2 )(3 )]
5: 482b7fee-a9f5-46a3-862d-b28bef48c7e8, 1, 0 [(0 [0xC004F014, 0, 0], [(?)(?)(?)(?)(?)(?)(?)(?)])(1 )(2 )(3 )]
6: 4f64509c-0ad2-43a7-b73b-233afbb27096, 1, 0 [(0 [0xC004F014, 0, 0], [(?)(?)(?)(?)(?)(?)(?)(?)])(1 )(2 )(3 )]
7: 522b5066-79e8-49f2-9f9d-30b4d507d57b, 1, 0 [(0 [0xC004F014, 0, 0], [(?)(?)(?)(?)(?)(?)(?)(?)])(1 )(2 )(3 )]
8: 661f7658-7035-4b4c-9f35-010682943ec2, 1, 0 [(0 [0xC004F014, 0, 0], [(?)(?)(?)(?)(?)(?)(?)(?)])(1 )(2 )(3 )]
9: 78214935-d737-41c1-83df-f600c1766211, 1, 0 [(0 [0xC004F014, 0, 0], [(?)(?)(?)(?)(?)(?)(?)(?)])(1 )(2 )(3 )]
10: 80f53cc1-120f-4e0e-875b-27c9f1caf7de, 1, 1 [(0 )(1 )(2 [0xC004E003, 0, 0], [( 1 0xC004F034)( 1 0xC004F034)(?)(?)(?)(?)(?)(?)])(3 [0x00000000, 0, 0], [( 6 0xC004F009 0 0)( 1 0x00000000)( 6 0xC004F009 0 0)(?)(?)(?)( 10 0x00000000 msft:rm/algorithm/flags/1.0)( 11 0x00000000 0xC004F034)])]
11: aa04eff4-34fa-4da8-a645-8c30c30b3a7f, 1, 0 [(0 [0xC004F014, 0, 0], [(?)(?)(?)(?)(?)(?)(?)(?)])(1 )(2 )(3 )]
12: e73aabfa-12bc-4705-b551-2dd076bebc7d, 1, 0 [(0 [0xC004F014, 0, 0], [(?)(?)(?)(?)(?)(?)(?)(?)])(1 )(2 )(3 )]
13: ef6cfc9f-8c5d-44ac-9aad-de6a2ea0ae03, 1, 0 [(0 [0xC004F014, 0, 0], [(?)(?)(?)(?)(?)(?)(?)(?)])(1 )(2 )(3 )]

"
"9/1/2026 2:48:37 PM","8198","Error","Microsoft-Windows-Security-SPP","License Activation (slui.exe) failed with the following error code:
hr=0x80004005
Command-line arguments:
RuleId=31e71c49-8da7-4a2f-ad92-45d98a1c79ba;Action=AutoActivate;AppId=55c92734-d682-4d71-983e-d6ec3f16059f;SkuId=80f53cc1-120f-4e0e-875b-27c9f1caf7de;NotificationInterval=1440;Trigger=TimerEvent"
"9/1/2026 2:48:37 PM","1066","Information","Microsoft-Windows-Security-SPP","Initialization status for service objects.
C:\Windows\system32\sppwinob.dll, msft:spp/windowsfunctionality/agent/7.0, 0x00000000, 0x00000000
C:\Windows\system32\sppobjs.dll, msft:rm/algorithm/inherited/1.0, 0x00000000, 0x00000000
C:\Windows\system32\sppobjs.dll, msft:rm/algorithm/phone/1.0, 0x00000000, 0x00000000
C:\Windows\system32\sppobjs.dll, msft:rm/algorithm/pkey/detect, 0x00000000, 0x00000000
C:\Windows\system32\sppobjs.dll, msft:spp/ActionScheduler/1.0, 0x00000000, 0x00000000
C:\Windows\system32\sppobjs.dll, msft:spp/TaskScheduler/1.0, 0x00000000, 0x00000000
C:\Windows\system32\sppobjs.dll, msft:spp/statecollector/pkey, 0x00000000, 0x00000000
C:\Windows\system32\sppobjs.dll, msft:spp/volume/services/kms/1.0, 0x00000000, 0x00000000
C:\Windows\system32\sppobjs.dll, msft:spp/volume/services/kms/activationinfo/1.0, 0x00000000, 0x00000000
"
"9/1/2026 2:48:37 PM","16394","Information","Microsoft-Windows-Security-SPP","Offline downlevel migration succeeded."
"9/1/2026 2:48:36 PM","900","Information","Microsoft-Windows-Security-SPP","The Software Protection service is starting.
Parameters:<explicit>"
"9/1/2026 2:48:36 PM","0","Information","edgeupdate","Service stopped."
"9/1/2026 2:47:16 PM","1704","Information","SceCli","Security policy in the Group policy objects has been applied successfully."
"9/1/2026 2:47:00 PM","26","Information","Microsoft-Windows-CertificationAuthority","Active Directory Certificate Services for scaffold-DC-CA was started.  DC=dc.scaffold.htb"
"9/1/2026 2:46:50 PM","256","Information","WDSServer","The Windows Deployment Services server started successfully. 
"
"9/1/2026 2:46:50 PM","517","Information","WDSServer","Provider WDSPXE loaded from C:\Windows\system32\wdspxe.dll and initialized successfully."
"9/1/2026 2:46:50 PM","777","Information","WDSPXE","Rogue detection has been disabled for this server. The Windows Deployment  Services server is authorized as a valid DHCP/PXE server and will process incoming client requests."
"9/1/2026 2:46:50 PM","262","Information","WDSPXE","Provider WDSDCPXE was loaded from C:\Windows\system32\wdsdcpxe.dll and initialized successfully."
"9/1/2026 2:46:50 PM","1305","Information","BINLSVC","Combined BCD file x64uefi{6293CA21-CD22-4B93-9E79-A04D886AE03D}.bcd generated successfully for the x64uefi architecture."
"9/1/2026 2:46:50 PM","1305","Information","BINLSVC","Combined BCD file x86uefi{4EF8874E-009E-4968-82E8-08710754156B}.bcd generated successfully for the x86uefi architecture."
"9/1/2026 2:46:50 PM","1305","Information","BINLSVC","Combined BCD file arm{19623F6E-1E4E-4EEF-AEDE-52E67A558F69}.bcd generated successfully for the arm architecture."
"9/1/2026 2:46:50 PM","1305","Information","BINLSVC","Combined BCD file x86x64{F9EDCA46-D2E6-4A0E-B1C8-04FDBFA7E582}.bcd generated successfully for the x86x64 architecture."
"9/1/2026 2:46:50 PM","1305","Information","BINLSVC","Combined BCD file arm64{0F290E45-FC92-4CC9-9975-AF443DCD799C}.bcd generated successfully for the arm64 architecture."
"9/1/2026 2:46:50 PM","1305","Information","BINLSVC","Combined BCD file x64{F43D8108-2447-42C6-A8EE-DBA6BC7EBA47}.bcd generated successfully for the x64 architecture."
"9/1/2026 2:46:50 PM","1305","Information","BINLSVC","Combined BCD file x86{D233A9D8-CBFE-4B71-AD9E-BD466EED20BF}.bcd generated successfully for the x86 architecture."
"9/1/2026 2:46:50 PM","326","Information","ESENT","svchost (3092,D,50) AAP: The database engine attached a database (5, C:\RemoteInstall\Mgmt\binlsvcdb.mdb). (Time=0 seconds) 
 
Saved Cache: 1 0 
Additional Data: lgposAttach = 00000001:0096:0268,
dbv = 1568.180.400 (9360) 
 
Internal Timing Sequence: 
[1] 0.000003 +J(0)
[2] 0.000424 -0.000214 (1) WT +J(0) +M(C:0K, Fs:24, WS:32K # 0K, PF:32K # 0K, P:32K)
[3] 0.004145 -0.001575 (6) WT +J(CM:0, PgRf:0, Rd:0/0, Dy:0/0, Lg:3480/2) +M(C:0K, Fs:13, WS:20K # 0K, PF:20K # 0K, P:20K)
[4] 0.000090 +J(0)
[5] -
[6] -
[7] -
[8] 0.000463 +J(CM:0, PgRf:2, Rd:14/0, Dy:0/0, Lg:54/1) +M(C:140K, Fs:66, WS:176K # 0K, PF:160K # 0K, P:160K)
[9] 0.002499 -0.002315 (2) CM -0.002249 (2) WT +J(CM:2, PgRf:16, Rd:0/1, Dy:0/0, Lg:0/0) +M(C:-80K, Fs:0, WS:-80K # 0K, PF:-80K # 0K, P:-80K)
[10] 0.001094 -0.000930 (2) CM -0.000863 (2) WT +J(CM:2, PgRf:35, Rd:0/2, Dy:0/0, Lg:0/0) +M(C:-28K, Fs:6, WS:-28K # 0K, PF:-28K # 0K, P:-28K)
[11] 0.000010 +J(CM:0, PgRf:1, Rd:0/0, Dy:0/0, Lg:0/0)
[12] 0.000039 +J(CM:0, PgRf:42, Rd:0/0, Dy:0/0, Lg:0/0)
[13] 0.0 +J(0)
[14] 0.0 +J(0)
[15] 0.000005 +J(CM:0, PgRf:1, Rd:0/0, Dy:0/0, Lg:0/0)."
"9/1/2026 2:46:50 PM","105","Information","ESENT","svchost (3092,D,0) AAP: The database engine started a new instance (2). (Time=0 seconds) 
 
Additional Data:
 lgposV2[] = 00000001:0001:0000 - 00000001:0093:02FB - 00000001:0094:0000 - 00000001:0094:0000 (00000000:0000:0000)
cReInits = 38
 
 
Internal Timing Sequence: 
[1] -
[2] -
[3] 0.000288 +J(0) +M(C:0K, Fs:3, WS:12K # 0K, PF:0K # 0K, P:0K)
[4] 0.000130 +J(0) +M(C:0K, Fs:7, WS:28K # 0K, PF:136K # 0K, P:136K)
[5] 0.000857 +J(0) +M(C:0K, Fs:5, WS:20K # 0K, PF:4K # 0K, P:4K)
[6] 0.001830 +J(0) +M(C:0K, Fs:1, WS:4K # 0K, PF:12K # 0K, P:12K)
[7] 0.014968 -0.009592 (11) WT +J(0) +M(C:0K, Fs:1283, WS:5120K # 1768K, PF:5132K # 748K, P:5132K)
[8] 0.050862 -0.030027 (56) WT +J(CM:0, PgRf:0, Rd:0/0, Dy:0/0, Lg:596166/1193) +M(C:0K, Fs:965, WS:204K # 248K, PF:76K # 120K, P:76K)
[9] 0.000626 +J(0)
[10] 0.010029 -0.007484 (10) WT +J(0) +M(C:0K, Fs:1, WS:-5116K # 0K, PF:-5120K # 0K, P:-5120K)
[11] 0.000027 +J(CM:0, PgRf:0, Rd:0/0, Dy:0/0, Lg:49/1) +M(C:0K, Fs:1, WS:4K # 0K, PF:0K # 0K, P:0K)
[12] 0.000047 +J(0)
[13] 0.030526 -0.000865 (2) CM -0.016479 (30) WT +J(CM:2, PgRf:2, Rd:0/2, Dy:0/0, Lg:8759/5) +M(C:-56K, Fs:1311, WS:-112K # 0K, PF:-120K # 0K, P:-120K)
[14] 0.000023 +J(0)
[15] 0.000032 +J(0)
[16] 0.003464 -0.003249 (1) WT +J(0) +M(C:0K, Fs:2, WS:0K # 0K, PF:0K # 0K, P:0K)."
"9/1/2026 2:46:50 PM","302","Information","ESENT","svchost (3092,U,98) AAP: The database engine has successfully completed recovery steps."
"9/1/2026 2:46:49 PM","301","Information","ESENT","svchost (3092,R,98) AAP: The database engine has finished replaying logfile C:\RemoteInstall\Mgmt\AAP.log. 
 
Processing Stats: 
[1] 0.048256 -0.029291 (53) WT +J(CM:0, PgRf:0, Rd:0/0, Dy:0/0, Lg:596166/1193) +M(C:0K, Fs:929, WS:68K # 112K, PF:68K # 104K, P:68K). 
Log record of type 'Insert   ' was seen most frequently (326 times)"
"9/1/2026 2:46:49 PM","335","Information","ESENT","svchost (3092,R,98) AAP: Replay of a Create for database ""C:\RemoteInstall\Mgmt\binlsvcdb.mdb"" at log position (00000001,0001,0268) was deferred due to AttachFuture.  Additional information:  "
"9/1/2026 2:46:49 PM","300","Information","ESENT","svchost (3092,R,98) AAP: The database engine is initiating recovery steps."
"9/1/2026 2:46:49 PM","102","Information","ESENT","svchost (3092,P,98) AAP: The database engine (10.00.20348.0000) is starting a new instance (2)."
"9/1/2026 2:46:49 PM","517","Information","WDSServer","Provider WdsImgSrv loaded from C:\Windows\system32\WdsImgSrv.dll and initialized successfully."
"9/1/2026 2:46:49 PM","256","Information","WDSIMGSRV","The Windows Deployment Services image server initialized successfully. 
"
"9/1/2026 2:46:49 PM","517","Information","WDSServer","Provider WDSDDPS loaded from C:\Windows\system32\wdsddps.dll and initialized successfully."
"9/1/2026 2:46:49 PM","326","Information","ESENT","svchost (3092,D,50) DDP: The database engine attached a database (3, C:\RemoteInstall\Stores\Drivers\Metadata\DdpDb.mdb). (Time=0 seconds) 
 
Saved Cache: 1 0 
Additional Data: lgposAttach = 00000001:00C4:0268,
dbv = 1568.180.400 (9360) 
 
Internal Timing Sequence: 
[1] 0.000002 +J(0)
[2] 0.000467 -0.000249 (1) WT +J(0) +M(C:0K, Fs:24, WS:32K # 0K, PF:32K # 0K, P:32K)
[3] 0.003938 -0.001473 (6) WT +J(CM:0, PgRf:0, Rd:0/0, Dy:0/0, Lg:3480/2) +M(C:0K, Fs:13, WS:20K # 0K, PF:20K # 0K, P:20K)
[4] 0.000097 +J(0)
[5] -
[6] -
[7] -
[8] 0.000389 +J(CM:0, PgRf:2, Rd:8/0, Dy:0/0, Lg:54/1) +M(C:104K, Fs:52, WS:208K # 0K, PF:124K # 0K, P:124K)
[9] 0.005483 -0.005172 (2) CM -0.005086 (2) WT +J(CM:2, PgRf:16, Rd:0/1, Dy:0/0, Lg:0/0) +M(C:-12K, Fs:10, WS:-36K # 0K, PF:-8K # 0K, P:-8K)
[10] 0.000493 -0.000352 (1) CM -0.000305 (1) WT +J(CM:1, PgRf:35, Rd:0/1, Dy:0/0, Lg:0/0) +M(C:-28K, Fs:9, WS:8K # 0K, PF:-28K # 0K, P:-28K)
[11] 0.000012 +J(CM:0, PgRf:1, Rd:0/0, Dy:0/0, Lg:0/0)
[12] 0.000043 +J(CM:0, PgRf:42, Rd:0/0, Dy:0/0, Lg:0/0)
[13] 0.0 +J(0)
[14] 0.0 +J(0)
[15] 0.000005 +J(CM:0, PgRf:1, Rd:0/0, Dy:0/0, Lg:0/0)."
"9/1/2026 2:46:49 PM","105","Information","ESENT","svchost (3092,D,0) DDP: The database engine started a new instance (1). (Time=0 seconds) 
 
Additional Data:
 lgposV2[] = 00000001:0001:0000 - 00000001:00C1:0319 - 00000001:00C2:0000 - 00000001:00C2:0000 (00000000:0000:0000)
cReInits = 38
 
 
Internal Timing Sequence: 
[1] -
[2] -
[3] 0.000298 +J(0) +M(C:0K, Fs:3, WS:12K # 12K, PF:0K # 0K, P:0K)
[4] 0.000141 +J(0) +M(C:0K, Fs:10, WS:40K # 40K, PF:156K # 0K, P:156K)
[5] 0.000630 +J(0) +M(C:0K, Fs:4, WS:16K # 16K, PF:16K # 0K, P:16K)
[6] 0.001626 +J(0) +M(C:0K, Fs:2, WS:8K # 8K, PF:16K # 0K, P:16K)
[7] 0.043795 -0.021174 (11) WT +J(0) +M(C:0K, Fs:1283, WS:5120K # 5120K, PF:5132K # 4400K, P:5132K)
[8] 0.051967 -0.031172 (56) WT +J(CM:0, PgRf:0, Rd:0/0, Dy:0/0, Lg:782742/1688) +M(C:0K, Fs:961, WS:188K # 232K, PF:64K # 108K, P:64K)
[9] 0.000663 +J(0) +M(C:0K, Fs:1, WS:4K # 0K, PF:4K # 0K, P:4K)
[10] 0.012292 -0.010276 (10) WT +J(0) +M(C:0K, Fs:0, WS:-5116K # 0K, PF:-5128K # 0K, P:-5128K)
[11] 0.000028 +J(CM:0, PgRf:0, Rd:0/0, Dy:0/0, Lg:49/1) +M(C:0K, Fs:1, WS:4K # 0K, PF:0K # 0K, P:0K)
[12] 0.000045 +J(0)
[13] 0.037557 -0.001233 (2) CM -0.024327 (31) WT +J(CM:2, PgRf:2, Rd:0/2, Dy:0/0, Lg:8759/5) +M(C:-56K, Fs:1329, WS:-40K # 0K, PF:-108K # 0K, P:-108K)
[14] 0.000020 +J(0)
[15] 0.000026 +J(0)
[16] 0.000582 -0.000404 (1) WT +J(0) +M(C:0K, Fs:2, WS:0K # 0K, PF:0K # 0K, P:0K)."
"9/1/2026 2:46:49 PM","302","Information","ESENT","svchost (3092,U,98) DDP: The database engine has successfully completed recovery steps."
"9/1/2026 2:46:49 PM","301","Information","ESENT","svchost (3092,R,98) DDP: The database engine has finished replaying logfile C:\RemoteInstall\Stores\Drivers\Metadata\DDP.log. 
 
Processing Stats: 
[1] 0.046116 -0.026920 (53) WT +J(CM:0, PgRf:0, Rd:0/0, Dy:0/0, Lg:782742/1688) +M(C:0K, Fs:926, WS:56K # 100K, PF:56K # 92K, P:56K). 
Log record of type 'Insert   ' was seen most frequently (479 times)"
"9/1/2026 2:46:49 PM","335","Information","ESENT","svchost (3092,R,98) DDP: Replay of a Create for database ""C:\RemoteInstall\Stores\Drivers\Metadata\DdpDb.mdb"" at log position (00000001,0001,0268) was deferred due to AttachFuture.  Additional information:  "
"9/1/2026 2:46:49 PM","300","Information","ESENT","svchost (3092,R,98) DDP: The database engine is initiating recovery steps."
"9/1/2026 2:46:49 PM","102","Information","ESENT","svchost (3092,P,98) DDP: The database engine (10.00.20348.0000) is starting a new instance (1)."
"9/1/2026 2:46:49 PM","517","Information","WDSServer","Provider WDSDCPXE loaded from C:\Windows\system32\wdsdcpxe.dll and initialized successfully."
"9/1/2026 2:46:49 PM","517","Information","WDSServer","Provider WDSDCMGR loaded from C:\Windows\system32\wdsdcmgr.dll and initialized successfully."
"9/1/2026 2:46:49 PM","326","Information","ESENT","certsrv.exe (2932,D,50) The database engine attached a database (1, C:\Windows\system32\CertLog\scaffold-DC-CA.edb). (Time=0 seconds) 
 
Saved Cache: 0 0 
Additional Data: lgposAttach = 00000005:0002:0268,
dbv = 1568.180.400 (9360) 
 
Internal Timing Sequence: 
[1] 0.000006 +J(0) +M(C:0K, Fs:1, WS:4K # 0K, PF:0K # 0K, P:0K)
[2] 0.004218 -0.003747 (1) WT +J(0) +M(C:0K, Fs:18, WS:8K # 0K, PF:4K # 0K, P:4K)
[3] 0.012938 -0.004614 (6) WT +J(CM:0, PgRf:0, Rd:0/0, Dy:0/0, Lg:3480/2) +M(C:0K, Fs:24, WS:92K # 0K, PF:116K # 0K, P:116K)
[4] 0.000302 +J(0)
[5] -
[6] -
[7] -
[8] 0.002540 -0.002049 (2) CM -0.001797 (2) WT +J(CM:2, PgRf:2, Rd:14/2, Dy:0/0, Lg:54/1) +M(C:0K, Fs:40, WS:160K # 0K, PF:148K # 0K, P:148K)
[9] 0.003256 -0.002958 (3) CM -0.002641 (3) WT +J(CM:3, PgRf:23, Rd:0/2, Dy:0/0, Lg:0/0) +M(C:0K, Fs:32, WS:128K # 0K, PF:196K # 0K, P:196K)
[10] 0.000486 -0.000366 (1) CM -0.000294 (1) WT +J(CM:1, PgRf:40, Rd:0/1, Dy:0/0, Lg:0/0) +M(C:0K, Fs:5, WS:20K # 0K, PF:64K # 0K, P:64K)
[11] 0.000022 +J(CM:0, PgRf:1, Rd:0/0, Dy:0/0, Lg:0/0) +M(C:0K, Fs:4, WS:16K # 0K, PF:0K # 0K, P:0K)
[12] 0.000065 +J(CM:0, PgRf:42, Rd:0/0, Dy:0/0, Lg:0/0) +M(C:0K, Fs:1, WS:4K # 0K, PF:0K # 0K, P:0K)
[13] 0.000002 +J(0)
[14] 0.0 +J(0)
[15] 0.000008 +J(CM:0, PgRf:1, Rd:0/0, Dy:0/0, Lg:0/0)."
"9/1/2026 2:46:49 PM","105","Information","ESENT","certsrv.exe (2932,D,0) The database engine started a new instance (0). (Time=0 seconds) 
 
Additional Data:
  
 
Internal Timing Sequence: 
[1] 0.001089 +J(0) +M(C:0K, Fs:122, WS:476K # 476K, PF:2404K # 2136K, P:2404K)
[2] 0.001185 +J(0) +M(C:3200K, Fs:186, WS:732K # 732K, PF:4120K # 4120K, P:4120K)
[3] 0.000039 +J(0) +M(C:0K, Fs:4, WS:12K # 12K, PF:68K # 68K, P:68K)
[4] 0.000128 +J(0) +M(C:0K, Fs:19, WS:76K # 76K, PF:504K # 504K, P:504K)
[5] 0.000822 +J(0) +M(C:0K, Fs:9, WS:36K # 36K, PF:20K # 20K, P:20K)
[6] 0.003377 +J(0) +M(C:0K, Fs:30, WS:116K # 116K, PF:12K # 12K, P:12K)
[7] 0.007708 -0.002930 (3) WT +J(0) +M(C:0K, Fs:274, WS:1096K # 1096K, PF:1024K # 1024K, P:1024K)
[8] -
[9] -
[10] -
[11] -
[12] -
[13] 0.009666 -0.002254 (4) WT +J(CM:0, PgRf:0, Rd:0/0, Dy:0/0, Lg:616/1) +M(C:0K, Fs:6, WS:-1008K # 16K, PF:-1020K # 12K, P:-1020K)
[14] 0.000020 +J(0)
[15] 0.000203 +J(0) +M(C:0K, Fs:100, WS:400K # 0K, PF:64K # 0K, P:64K)
[16] 0.001319 -0.001054 (1) WT +J(0) +M(C:0K, Fs:3, WS:4K # 0K, PF:0K # 0K, P:0K)."
"9/1/2026 2:46:49 PM","102","Information","ESENT","certsrv.exe (2932,P,98) The database engine (10.00.20348.0000) is starting a new instance (0)."
"9/1/2026 2:46:43 PM","1023","Error","Microsoft-Windows-Perflib","Windows cannot load the extensible counter DLL ""C:\Windows\system32\ntdsperf.dll"" (Win32 error code The specified module could not be found.)."
"9/1/2026 2:46:43 PM","9688","Information","MSSQL$SQLEXPRESS","Service Broker manager has started."
"9/1/2026 2:46:43 PM","3408","Information","MSSQL$SQLEXPRESS","Recovery is complete. This is an informational message only. No user action is required."
"9/1/2026 2:46:43 PM","9666","Information","MSSQL$SQLEXPRESS","The Database Mirroring endpoint is in disabled or stopped state."
"9/1/2026 2:46:43 PM","9666","Information","MSSQL$SQLEXPRESS","The Service Broker endpoint is in disabled or stopped state."
"9/1/2026 2:46:43 PM","17137","Information","MSSQL$SQLEXPRESS","Starting up database 'tempdb'."
"9/1/2026 2:46:42 PM","17136","Information","MSSQL$SQLEXPRESS","Clearing tempdb database."
"9/1/2026 2:46:42 PM","17137","Information","MSSQL$SQLEXPRESS","Starting up database 'model'."
"9/1/2026 2:46:41 PM","26067","Information","MSSQL$SQLEXPRESS","The SQL Server Network Interface library could not register the Service Principal Name (SPN) [ MSSQLSvc/dc.scaffold.htb:52951 ] for the SQL Server service. Windows return code: 0x54b, state: 3. Failure to register a SPN might cause integrated authentication to use NTLM instead of Kerberos. This is an informational message. Further action is only required if Kerberos authentication is required by authentication policies and if the SPN has not been manually registered."
"9/1/2026 2:46:41 PM","26067","Information","MSSQL$SQLEXPRESS","The SQL Server Network Interface library could not register the Service Principal Name (SPN) [ MSSQLSvc/dc.scaffold.htb:SQLEXPRESS ] for the SQL Server service. Windows return code: 0x54b, state: 3. Failure to register a SPN might cause integrated authentication to use NTLM instead of Kerberos. This is an informational message. Further action is only required if Kerberos authentication is required by authentication policies and if the SPN has not been manually registered."
"9/1/2026 2:46:40 PM","26076","Information","MSSQL$SQLEXPRESS","SQL Server is attempting to register a Service Principal Name (SPN) for the SQL Server service. Kerberos authentication will not be possible until a SPN is registered for the SQL Server service. This is an informational message. No user action is required."
"9/1/2026 2:46:40 PM","17126","Information","MSSQL$SQLEXPRESS","SQL Server is now ready for client connections. This is an informational message; no user action is required."
"9/1/2026 2:46:40 PM","17199","Information","MSSQL$SQLEXPRESS","Dedicated administrator connection support was not started because it is disabled on this edition of SQL Server. If you want to use a dedicated administrator connection, restart SQL Server using the trace flag 7806. This is an informational message only. No user action is required."
"9/1/2026 2:46:40 PM","26048","Information","MSSQL$SQLEXPRESS","Server local connection provider is ready to accept connection on [ \\.\pipe\MSSQL$SQLEXPRESS\sql\query ]."
"9/1/2026 2:46:40 PM","26048","Information","MSSQL$SQLEXPRESS","Server local connection provider is ready to accept connection on [ \\.\pipe\SQLLocal\SQLEXPRESS ]."
"9/1/2026 2:46:40 PM","26022","Information","MSSQL$SQLEXPRESS","Server is listening on [ 'any' <ipv4> 52951]."
"9/1/2026 2:46:40 PM","26022","Information","MSSQL$SQLEXPRESS","Server is listening on [ 'any' <ipv6> 52951]."
"9/1/2026 2:46:40 PM","26018","Information","MSSQL$SQLEXPRESS","A self-generated certificate was successfully loaded for encryption."
"9/1/2026 2:46:40 PM","958","Information","MSSQL$SQLEXPRESS","The resource database build version is 15.00.2000. This is an informational message only. No user action is required."
"9/1/2026 2:46:40 PM","17137","Information","MSSQL$SQLEXPRESS","Starting up database 'mssqlsystemresource'."
"9/1/2026 2:46:40 PM","17137","Information","MSSQL$SQLEXPRESS","Starting up database 'msdb'."
"9/1/2026 2:46:40 PM","17663","Information","MSSQL$SQLEXPRESS","Server name is 'DC\SQLEXPRESS'. This is an informational message only. No user action is required."
"9/1/2026 2:46:40 PM","19030","Information","MSSQL$SQLEXPRESS","SQL Trace ID 1 was started by login ""sa""."
"9/1/2026 2:46:39 PM","33218","Information","MSSQL$SQLEXPRESS","SQL Server Audit has started the audits. This is an informational message. No user action is required."
"9/1/2026 2:46:39 PM","33217","Information","MSSQL$SQLEXPRESS","SQL Server Audit is starting the audits. This is an informational message. No user action is required."
"9/1/2026 2:46:39 PM","6253","Information","MSSQL$SQLEXPRESS","Common language runtime (CLR) functionality initialized using CLR version v4.0.30319 from C:\Windows\Microsoft.NET\Framework64\v4.0.30319\."
"9/1/2026 2:46:38 PM","17137","Information","MSSQL$SQLEXPRESS","Starting up database 'master'."
"9/1/2026 2:46:38 PM","49910","Information","MSSQL$SQLEXPRESS","Software Usage Metrics is disabled."
"9/1/2026 2:46:38 PM","9048","Information","MSSQL$SQLEXPRESS","clwb is selected for pmem flush operation."
"9/1/2026 2:46:38 PM","49921","Information","MSSQL$SQLEXPRESS","Total Log Writer threads: 1. This is an informational message; no user action is required."
"9/1/2026 2:46:38 PM","17118","Information","MSSQL$SQLEXPRESS","Database Instant File Initialization: disabled. For security and performance considerations see the topic 'Database Instant File Initialization' in SQL Server Books Online. This is an informational message only. No user action is required."
"9/1/2026 2:46:37 PM","17125","Information","MSSQL$SQLEXPRESS","Using dynamic lock allocation.  Initial allocation of 2500 Lock blocks and 5000 Lock Owner blocks per node.  This is an informational message only.  No user action is required."
"9/1/2026 2:46:37 PM","17152","Information","MSSQL$SQLEXPRESS","Node configuration: node 0: CPU mask: 0x0000000000000003:0 Active CPU mask: 0x0000000000000003:0. This message provides a description of the NUMA configuration for this computer. This is an informational message only. No user action is required."
"9/1/2026 2:46:37 PM","17176","Information","MSSQL$SQLEXPRESS","This instance of SQL Server last reported using a process ID of 5756 at 7/9/2026 2:22:03 PM (local) 7/9/2026 9:22:03 PM (UTC). This is an informational message only; no user action is required."
"9/1/2026 2:46:37 PM","17811","Information","MSSQL$SQLEXPRESS","The maximum number of dedicated administrator connections for this instance is '1'"
"9/1/2026 2:46:37 PM","873","Information","MSSQL$SQLEXPRESS","Buffer pool extension is already disabled. No action is necessary."
"9/1/2026 2:46:36 PM","49917","Information","MSSQL$SQLEXPRESS","Default collation: SQL_Latin1_General_CP1_CI_AS (us_english 1033)"
"9/1/2026 2:46:36 PM","894","Information","MSSQL$SQLEXPRESS","Buffer Pool: Allocating 1048576 bytes for 539476 hashPages."
"9/1/2026 2:46:36 PM","852","Information","MSSQL$SQLEXPRESS","Using conventional memory in the memory manager."
"9/1/2026 2:46:36 PM","49903","Information","MSSQL$SQLEXPRESS","Detected 4095 MB of RAM. This is an informational message; no user action is required."
"9/1/2026 2:46:36 PM","17162","Information","MSSQL$SQLEXPRESS","SQL Server is starting at normal priority base (=7). This is an informational message only. No user action is required."
"9/1/2026 2:46:36 PM","17164","Information","MSSQL$SQLEXPRESS","SQL Server detected 1 sockets with 2 cores per socket and 2 logical processors per socket, 2 total logical processors; using 2 logical processors based on SQL Server licensing. This is an informational message; no user action is required."
"9/1/2026 2:46:36 PM","17115","Information","MSSQL$SQLEXPRESS","Command Line Startup Parameters:
	 -s ""SQLEXPRESS"""
"9/1/2026 2:46:36 PM","17110","Information","MSSQL$SQLEXPRESS","Registry startup parameters: 
	 -d C:\Program Files\Microsoft SQL Server\MSSQL15.SQLEXPRESS\MSSQL\DATA\master.mdf
	 -e C:\Program Files\Microsoft SQL Server\MSSQL15.SQLEXPRESS\MSSQL\Log\ERRORLOG
	 -l C:\Program Files\Microsoft SQL Server\MSSQL15.SQLEXPRESS\MSSQL\DATA\mastlog.ldf"
"9/1/2026 2:46:36 PM","49904","Information","MSSQL$SQLEXPRESS","The service account is 'NT Service\MSSQL$SQLEXPRESS'. This is an informational message; no user action is required."
"9/1/2026 2:46:36 PM","17111","Information","MSSQL$SQLEXPRESS","Logging SQL Server messages in file 'C:\Program Files\Microsoft SQL Server\MSSQL15.SQLEXPRESS\MSSQL\Log\ERRORLOG'."
"9/1/2026 2:46:36 PM","15268","Information","MSSQL$SQLEXPRESS","Authentication mode is MIXED."
"9/1/2026 2:46:36 PM","18496","Information","MSSQL$SQLEXPRESS","System Manufacturer: 'VMware, Inc.', System Model: 'VMware20,1'."
"9/1/2026 2:46:36 PM","17104","Information","MSSQL$SQLEXPRESS","Server process ID is 5444."
"9/1/2026 2:46:36 PM","17103","Information","MSSQL$SQLEXPRESS","All rights reserved."
"9/1/2026 2:46:36 PM","17101","Information","MSSQL$SQLEXPRESS","(c) Microsoft Corporation."
"9/1/2026 2:46:36 PM","49916","Information","MSSQL$SQLEXPRESS","UTC adjustment: -7:00"
"9/1/2026 2:46:36 PM","17069","Information","MSSQL$SQLEXPRESS","Microsoft SQL Server 2019 (RTM) - 15.0.2000.5 (X64) 
	Sep 24 2019 13:48:23 
	Copyright (C) 2019 Microsoft Corporation
	Express Edition (64-bit) on Windows Server 2022 Datacenter 10.0 <X64> (Build 20348: ) (Hypervisor)
"
"9/1/2026 2:46:29 PM","271","Information","VMUpgradeHelper","Restored network configuration."
"9/1/2026 2:46:28 PM","4202","Information","Microsoft-Windows-MSDTC 2","MSDTC started with the following settings: Security Configuration (OFF = 0 and ON = 1): Allow Remote Administrator = 0, Network Clients = 0, Transaction Manager Communication:  Allow Inbound Transactions = 0, Allow Outbound Transactions = 0, Transaction Internet Protocol (TIP) = 0,  Enable XA Transactions = 0,  Enable SNA LU 6.2 Transactions = 1,  MSDTC Communications Security = Mutual Authentication Required, Account = NT AUTHORITY\NetworkService,  Firewall Exclusion Detected = 0 Transaction Bridge Installed = 0 Filtering Duplicate Events = 1"
"9/1/2026 2:46:28 PM","258","Information","VMUpgradeHelper","Restoring network configuration."
"9/1/2026 2:46:27 PM","6003","Information","Microsoft-Windows-Winlogon","The winlogon notification subscriber <TrustedInstaller> was unavailable to handle a critical notification event."
"9/1/2026 2:46:25 PM","781","Information","Microsoft-Windows-Complus","The COM+ sub system is suppressing duplicate event log entries for a duration of 86400 seconds.  The suppression timeout can be controlled by a REG_DWORD value named SuppressDuplicateDuration under the following registry key: HKLM\Software\Microsoft\COM3\Eventlog."
"9/1/2026 2:46:25 PM","0","Information","Microsoft Deployment Toolkit Monitor Service","Service started successfully."
"9/1/2026 2:46:23 PM","5617","Information","Microsoft-Windows-WMI","Windows Management Instrumentation Service subsystems initialized successfully"
"9/1/2026 2:46:24 PM","9027","Information","Desktop Window Manager","The Desktop Window Manager has registered the session port."
"9/1/2026 2:46:22 PM","517","Information","WDSServer","Provider WDSTFTP loaded from C:\Windows\system32\wdstftp.dll and initialized successfully."
"9/1/2026 2:46:22 PM","517","Information","WDSServer","Provider WDSMDMGR loaded from C:\Windows\system32\wdsmdmgr.dll and initialized successfully."
"9/1/2026 2:46:22 PM","326","Information","ESENT","svchost (3092,D,50) WDS: The database engine attached a database (1, C:\RemoteInstall\Stores\Metadata\WDSMD.mdb). (Time=0 seconds) 
 
Saved Cache: 1 0 
Additional Data: lgposAttach = 00000001:008C:0268,
dbv = 1568.180.400 (9360) 
 
Internal Timing Sequence: 
[1] 0.000005 +J(0)
[2] 0.001238 -0.000885 (1) WT +J(0) +M(C:0K, Fs:24, WS:32K # 0K, PF:32K # 0K, P:32K)
[3] 0.047733 -0.042679 (6) WT +J(CM:0, PgRf:0, Rd:0/0, Dy:0/0, Lg:3480/2) +M(C:0K, Fs:15, WS:24K # 0K, PF:24K # 0K, P:24K)
[4] 0.000757 +J(0)
[5] -
[6] -
[7] -
[8] 0.002796 -0.002429 (2) CM -0.002343 (2) WT +J(CM:2, PgRf:2, Rd:4/2, Dy:0/0, Lg:54/1) +M(C:120K, Fs:46, WS:128K # 0K, PF:140K # 0K, P:140K)
[9] 0.005008 -0.004649 (2) CM -0.004512 (2) WT +J(CM:2, PgRf:16, Rd:0/2, Dy:0/0, Lg:0/0) +M(C:-16K, Fs:40, WS:80K # 0K, PF:208K # 0K, P:208K)
[10] 0.001567 -0.001411 (1) CM -0.001324 (1) WT +J(CM:1, PgRf:35, Rd:0/1, Dy:0/0, Lg:0/0) +M(C:-28K, Fs:4, WS:-12K # 0K, PF:36K # 0K, P:36K)
[11] 0.000018 +J(CM:0, PgRf:1, Rd:0/0, Dy:0/0, Lg:0/0) +M(C:0K, Fs:3, WS:12K # 0K, PF:0K # 0K, P:0K)
[12] 0.000043 +J(CM:0, PgRf:42, Rd:0/0, Dy:0/0, Lg:0/0) +M(C:0K, Fs:1, WS:4K # 0K, PF:0K # 0K, P:0K)
[13] 0.000001 +J(0)
[14] 0.0 +J(0)
[15] 0.000005 +J(CM:0, PgRf:1, Rd:0/0, Dy:0/0, Lg:0/0)."
"9/1/2026 2:46:22 PM","105","Information","ESENT","svchost (3092,D,0) WDS: The database engine started a new instance (0). (Time=1 seconds) 
 
Additional Data:
 lgposV2[] = 00000001:0001:0000 - 00000001:0089:0309 - 00000001:008A:0000 - 00000001:008A:0000 (00000000:0000:0000)
cReInits = 38
 
 
Internal Timing Sequence: 
[1] 0.001721 +J(0) +M(C:0K, Fs:227, WS:888K # 888K, PF:5380K # 5380K, P:5380K)
[2] 0.000453 +J(0) +M(C:64K, Fs:101, WS:400K # 400K, PF:384K # 384K, P:384K)
[3] 0.003501 +J(0) +M(C:0K, Fs:9, WS:32K # 32K, PF:72K # 72K, P:72K)
[4] 0.000099 +J(0) +M(C:0K, Fs:21, WS:84K # 84K, PF:224K # 224K, P:224K)
[5] 0.000661 +J(0) +M(C:0K, Fs:9, WS:36K # 36K, PF:16K # 16K, P:16K)
[6] 0.011009 +J(0) +M(C:0K, Fs:23, WS:92K # 92K, PF:12K # 12K, P:12K)
[7] 0.056009 -0.049330 (11) WT +J(0) +M(C:0K, Fs:1300, WS:5188K # 5188K, PF:5132K # 5132K, P:5132K)
[8] 0.313348 -0.282828 (56) WT +J(CM:0, PgRf:0, Rd:0/0, Dy:0/0, Lg:555596/1026) +M(C:0K, Fs:1012, WS:392K # 424K, PF:244K # 276K, P:244K)
[9] 0.000969 +J(0) +M(C:0K, Fs:4, WS:16K # 0K, PF:4K # 0K, P:4K)
[10] 0.029828 -0.026207 (10) WT +J(0) +M(C:0K, Fs:8, WS:-5084K # 16K, PF:-5120K # 0K, P:-5120K)
[11] 0.000026 +J(CM:0, PgRf:0, Rd:0/0, Dy:0/0, Lg:49/1) +M(C:0K, Fs:2, WS:8K # 0K, PF:0K # 0K, P:0K)
[12] 0.000044 +J(0)
[13] 1.175543 -0.003050 (2) CM -0.661316 (30) WT +J(CM:2, PgRf:2, Rd:0/2, Dy:0/0, Lg:8759/5) +M(C:-56K, Fs:1348, WS:40K # 52K, PF:80K # 64K, P:80K)
[14] 0.000034 +J(0)
[15] 0.000036 +J(0)
[16] 0.000944 -0.000701 (1) WT +J(0) +M(C:0K, Fs:2, WS:0K # 0K, PF:0K # 0K, P:0K)."
"9/1/2026 2:46:21 PM","302","Information","ESENT","svchost (3092,U,98) WDS: The database engine has successfully completed recovery steps."
"9/1/2026 2:46:20 PM","301","Information","ESENT","svchost (3092,R,98) WDS: The database engine has finished replaying logfile C:\RemoteInstall\Stores\Metadata\WDS.log. 
 
Processing Stats: 
[1] 0.296976 -0.278013 (53) WT +J(CM:0, PgRf:0, Rd:0/0, Dy:0/0, Lg:555596/1026) +M(C:0K, Fs:970, WS:232K # 264K, PF:164K # 196K, P:164K). 
Log record of type 'Insert   ' was seen most frequently (277 times)"
"9/1/2026 2:46:20 PM","335","Information","ESENT","svchost (3092,R,98) WDS: Replay of a Create for database ""C:\RemoteInstall\Stores\Metadata\WDSMD.mdb"" at log position (00000001,0001,0268) was deferred due to AttachFuture.  Additional information:  "
"9/1/2026 2:46:20 PM","5615","Information","Microsoft-Windows-WMI","Windows Management Instrumentation Service started sucessfully"
"9/1/2026 2:46:20 PM","300","Information","ESENT","svchost (3092,R,98) WDS: The database engine is initiating recovery steps."
"9/1/2026 2:46:20 PM","102","Information","ESENT","svchost (3092,P,98) WDS: The database engine (10.00.20348.0000) is starting a new instance (0)."
"9/1/2026 2:46:20 PM","517","Information","WDSServer","Provider WDSMC loaded from C:\Windows\system32\wdsmc.dll and initialized successfully."
"9/1/2026 2:46:20 PM","1025","Information","WDSServer","The RPC server started on TCP port 5040. 
"
"9/1/2026 2:46:20 PM","105","Information","VMTools","The service was started."
"9/1/2026 2:46:09 PM","1531","Information","Microsoft-Windows-User Profiles Service","The User Profile Service has started successfully.  

"
"7/9/2026 2:22:04 PM","38","Information","Microsoft-Windows-CertificationAuthority","Active Directory Certificate Services for scaffold-DC-CA was stopped."
"7/9/2026 2:22:03 PM","1532","Information","Microsoft-Windows-User Profiles Service","The User Profile Service has stopped.  

"
"7/9/2026 2:22:03 PM","0","Information","Microsoft Deployment Toolkit Monitor Service","Service has been successfully shut down."
