"7/9/2026 2:19:11 PM","16","Information","Microsoft-Windows-Kernel-General","The access history in hive \??\C:\RemoteInstall\Tmp\x86{A903201D-D2AF-45A8-AD97-ADF6006A23EE}.bcd was cleared updating 0 keys and creating 0 modified pages."
"7/9/2026 2:19:07 PM","7036","Information","Service Control Manager","The DNS service entered the running state."
"7/9/2026 2:19:08 PM","16648","Information","Microsoft-Windows-Directory-Services-SAM","The request for a new account-identifier pool has completed successfully."
"7/9/2026 2:19:07 PM","16647","Information","Microsoft-Windows-Directory-Services-SAM","The domain controller is starting a request for a new account-identifier pool."
"7/9/2026 2:19:08 PM","5774","Error","NETLOGON","The dynamic registration of the DNS record '_ldap._tcp.scaffold.htb. 600 IN SRV 0 100 389 dc.scaffold.htb.' failed on the following DNS server:  

DNS server IP address: :: 
Returned Response Code (RCODE): 0 
Returned Status Code: 0  

For computers and users to locate this domain controller, this record must be registered in DNS.  

USER ACTION  
Determine what might have caused this failure, resolve the problem, and initiate registration of the DNS records by the domain controller. To determine what might have caused this failure, run DCDiag.exe. To learn more about DCDiag.exe, see Help and Support Center. To initiate registration of the DNS records by this domain  controller, run 'nltest.exe /dsregdns' from the command prompt on the domain controller or restart Net Logon service. 
  Or, you can manually add this record to DNS, but it is not recommended.  

ADDITIONAL DATA 
Error Value: Bad DNS packet."
"7/9/2026 2:19:06 PM","7036","Information","Service Control Manager","The sppsvc service entered the stopped state."
"7/9/2026 2:19:04 PM","7036","Information","Service Control Manager","The WMI Performance Adapter service entered the running state."
"7/9/2026 2:19:04 PM","7026","Information","Service Control Manager","The following boot-start or system-start driver(s) did not load: 
dam"
"7/9/2026 2:19:03 PM","7036","Information","Service Control Manager","The SQLTELEMETRY$SQLEXPRESS service entered the running state."
"7/9/2026 2:19:02 PM","7036","Information","Service Control Manager","The BITS service entered the running state."
"7/9/2026 2:19:02 PM","7036","Information","Service Control Manager","The W3SVC service entered the running state."
"7/9/2026 2:18:58 PM","7036","Information","Service Control Manager","The W32Time service entered the running state."
"7/9/2026 2:18:58 PM","12","Warning","Microsoft-Windows-Time-Service","Time Provider NtpClient: This machine is configured to use the domain hierarchy to determine its time source, but it is the AD PDC emulator for the domain at the root of the forest, so there is no machine above it in the domain hierarchy to use as a time source. It is recommended that you either configure a reliable time service in the root domain, or manually configure the AD PDC to synchronize with an external time source. Otherwise, this machine will function as the authoritative time source in the domain hierarchy. If an external time source is not configured or used for this computer, you may choose to disable the NtpClient."
"7/9/2026 2:18:58 PM","143","Information","Microsoft-Windows-Time-Service","The time service has started advertising as a good time source."
"7/9/2026 2:18:58 PM","139","Information","Microsoft-Windows-Time-Service","The time service has started advertising as a time source."
"7/9/2026 2:18:51 PM","10154","Warning","Microsoft-Windows-WinRM","The WinRM service failed to create the following SPNs: WSMAN/dc.scaffold.htb; WSMAN/dc. 

 Additional Data 
 The error received was 1355: %%1355.

 User Action 
 The SPNs can be created by an administrator using setspn.exe utility."
"7/9/2026 2:18:51 PM","7036","Information","Service Control Manager","The DispBrokerDesktopSvc service entered the running state."
"7/9/2026 2:18:50 PM","7036","Information","Service Control Manager","The Netlogon service entered the running state."
"7/9/2026 2:18:50 PM","1014","Warning","Microsoft-Windows-DNS-Client","Name resolution for the name _ldap._tcp.pdc._msdcs.scaffold.htb. timed out after none of the configured DNS servers responded."
"7/9/2026 2:18:44 PM","7036","Information","Service Control Manager","The VSS service entered the running state."
"7/9/2026 2:18:44 PM","7036","Information","Service Control Manager","The MDT_Monitor service entered the running state."
"7/9/2026 2:18:43 PM","7036","Information","Service Control Manager","The MSDTC service entered the running state."
"7/9/2026 2:18:42 PM","1014","Warning","Microsoft-Windows-DNS-Client","Name resolution for the name wpad timed out after none of the configured DNS servers responded."
"7/9/2026 2:18:41 PM","7036","Information","Service Control Manager","The RasMan service entered the running state."
"7/9/2026 2:18:41 PM","7036","Information","Service Control Manager","The ADWS service entered the running state."
"7/9/2026 2:18:41 PM","7036","Information","Service Control Manager","The COMSysApp service entered the running state."
"7/9/2026 2:18:41 PM","7036","Information","Service Control Manager","The StateRepository service entered the running state."
"7/9/2026 2:18:40 PM","7036","Information","Service Control Manager","The vmvss service entered the running state."
"7/9/2026 2:18:40 PM","7036","Information","Service Control Manager","The vds service entered the running state."
"7/9/2026 2:18:39 PM","7036","Information","Service Control Manager","The DiagTrack service entered the running state."
"7/9/2026 2:18:39 PM","7036","Information","Service Control Manager","The WinDefend service entered the running state."
"7/9/2026 2:18:39 PM","7036","Information","Service Control Manager","The WinRM service entered the running state."
"7/9/2026 2:18:39 PM","7036","Information","Service Control Manager","The WpnService service entered the running state."
"7/9/2026 2:18:40 PM","3","Information","Virtual Disk Service","Service started."
"7/9/2026 2:18:39 PM","10148","Information","Microsoft-Windows-WinRM","The WinRM service is listening for WS-Management requests. 

 User Action 
 Use the following command to see the specific IPs on which WinRM is listening: 

 winrm enumerate winrm/config/listener"
"7/9/2026 2:18:39 PM","7036","Information","Service Control Manager","The WAS service entered the running state."
"7/9/2026 2:18:39 PM","7036","Information","Service Control Manager","The VMTools service entered the running state."
"7/9/2026 2:18:39 PM","7036","Information","Service Control Manager","The VGAuthService service entered the running state."
"7/9/2026 2:18:39 PM","7036","Information","Service Control Manager","The VM3DService service entered the running state."
"7/9/2026 2:18:38 PM","7036","Information","Service Control Manager","The Winmgmt service entered the running state."
"7/9/2026 2:18:38 PM","7036","Information","Service Control Manager","The SstpSvc service entered the running state."
"7/9/2026 2:18:38 PM","7036","Information","Service Control Manager","The MDCoreSvc service entered the running state."
"7/9/2026 2:18:38 PM","7036","Information","Service Control Manager","The AppHostSvc service entered the running state."
"7/9/2026 2:18:38 PM","7036","Information","Service Control Manager","The SQLWriter service entered the running state."
"7/9/2026 2:18:38 PM","7036","Information","Service Control Manager","The Dfs service entered the running state."
"7/9/2026 2:18:38 PM","7036","Information","Service Control Manager","The CertSvc service entered the running state."
"7/9/2026 2:18:38 PM","7036","Information","Service Control Manager","The SysMain service entered the running state."
"7/9/2026 2:18:38 PM","7036","Information","Service Control Manager","The DFSR service entered the running state."
"7/9/2026 2:18:38 PM","7036","Information","Service Control Manager","The IsmServ service entered the running state."
"7/9/2026 2:18:38 PM","7036","Information","Service Control Manager","The CoreMessagingRegistrar service entered the running state."
"7/9/2026 2:18:38 PM","7036","Information","Service Control Manager","The CryptSvc service entered the running state."
"7/9/2026 2:18:38 PM","7036","Information","Service Control Manager","The RemoteRegistry service entered the running state."
"7/9/2026 2:18:38 PM","7036","Information","Service Control Manager","The AzureAttestService service entered the running state."
"7/9/2026 2:18:38 PM","7036","Information","Service Control Manager","The KeyIso service entered the running state."
"7/9/2026 2:18:38 PM","7036","Information","Service Control Manager","The Spooler service entered the running state."
"7/9/2026 2:18:38 PM","4321","Error","NetBT","The name ""DC             :20"" could not be registered on the interface with IP address 10.129.250.104. The computer with the IP address 10.129.249.73 did not allow the name to be claimed by this computer."
"7/9/2026 2:18:38 PM","7036","Information","Service Control Manager","The LanmanServer service entered the running state."
"7/9/2026 2:18:37 PM","7036","Information","Service Control Manager","The SamSs service entered the running state."
"7/9/2026 2:18:38 PM","5211","Information","Microsoft-Windows-WAS","The Windows Process Activation Service (WAS) started with 'Classic' mode using 'ConfigurationSystem'"
"7/9/2026 2:18:38 PM","14531","Information","Microsoft-Windows-DfsSvc","DFS server has finished initializing."
"7/9/2026 2:18:38 PM","14533","Information","Microsoft-Windows-DfsSvc","DFS has finished building all namespaces."
"7/9/2026 2:18:38 PM","2505","Error","Server","The server could not bind to the transport \Device\NetBT_Tcpip_{B67533AE-77BD-4706-9E9E-53BCF481AA5A} because another computer on the network has the same name.  The server could not start."
"7/9/2026 2:18:34 PM","7036","Information","Service Control Manager","The ClipSVC service entered the running state."
"7/9/2026 2:18:31 PM","7036","Information","Service Control Manager","The sppsvc service entered the running state."
"7/9/2026 2:18:30 PM","4321","Error","NetBT","The name ""DC             :0"" could not be registered on the interface with IP address 10.129.250.104. The computer with the IP address 10.129.249.73 did not allow the name to be claimed by this computer."
"7/9/2026 2:18:29 PM","7036","Information","Service Control Manager","The mpssvc service entered the running state."
"7/9/2026 2:18:29 PM","7036","Information","Service Control Manager","The IKEEXT service entered the running state."
"7/9/2026 2:18:29 PM","7036","Information","Service Control Manager","The PolicyAgent service entered the running state."
"7/9/2026 2:18:29 PM","7036","Information","Service Control Manager","The NcbService service entered the running state."
"7/9/2026 2:18:29 PM","7036","Information","Service Control Manager","The NcaSvc service entered the stopped state."
"7/9/2026 2:18:29 PM","36928","Error","Schannel","Could not retrieve an OCSP response.

   The Failure Reason is: REASON_OCSP_RESPONSE_RETRIEVAL_ERROR
    The OCSP Url is: 
   The previous OCSP response contained the following times:
      ThisUpdate: ‎1601‎-‎01‎-‎01T00:00:00.000000000Z
      NextUpdate: ‎1601‎-‎01‎-‎01T00:00:00.000000000Z

The attached data contains the certificate."
"7/9/2026 2:18:29 PM","7036","Information","Service Control Manager","The iphlpsvc service entered the running state."
"7/9/2026 2:18:29 PM","7036","Information","Service Control Manager","The Kdc service entered the running state."
"7/9/2026 2:18:29 PM","7036","Information","Service Control Manager","The UserManager service entered the running state."
"7/9/2026 2:18:29 PM","7036","Information","Service Control Manager","The BFE service entered the running state."
"7/9/2026 2:18:29 PM","7036","Information","Service Control Manager","The DsmSvc service entered the running state."
"7/9/2026 2:18:29 PM","1014","Warning","Microsoft-Windows-DNS-Client","Name resolution for the name _ldap._tcp.dc._msdcs.scaffold.htb. timed out after none of the configured DNS servers responded."
"7/9/2026 2:18:29 PM","7036","Information","Service Control Manager","The Wcmsvc service entered the running state."
"7/9/2026 2:18:29 PM","7036","Information","Service Control Manager","The LanmanWorkstation service entered the running state."
"7/9/2026 2:18:29 PM","7036","Information","Service Control Manager","The WinHttpAutoProxySvc service entered the running state."
"7/9/2026 2:18:29 PM","7036","Information","Service Control Manager","The Schedule service entered the running state."
"7/9/2026 2:18:28 PM","7036","Information","Service Control Manager","The FontCache service entered the running state."
"7/9/2026 2:18:28 PM","7036","Information","Service Control Manager","The netprofm service entered the running state."
"7/9/2026 2:18:28 PM","7036","Information","Service Control Manager","The ShellHWDetection service entered the running state."
"7/9/2026 2:18:28 PM","1014","Warning","Microsoft-Windows-DNS-Client","Name resolution for the name _ldap._tcp.dc._msdcs.scaffold.htb. timed out after none of the configured DNS servers responded."
"7/9/2026 2:18:28 PM","7036","Information","Service Control Manager","The NlaSvc service entered the running state."
"7/9/2026 2:18:28 PM","7036","Information","Service Control Manager","The SENS service entered the running state."
"7/9/2026 2:18:28 PM","7036","Information","Service Control Manager","The ProfSvc service entered the running state."
"7/9/2026 2:18:28 PM","7036","Information","Service Control Manager","The gpsvc service entered the running state."
"7/9/2026 2:18:28 PM","7036","Information","Service Control Manager","The EventSystem service entered the running state."
"7/9/2026 2:18:28 PM","7036","Information","Service Control Manager","The Themes service entered the running state."
"7/9/2026 2:18:28 PM","7036","Information","Service Control Manager","The NTDS service entered the running state."
"7/9/2026 2:18:28 PM","6","Information","Microsoft-Windows-FilterManager","File System Filter 'bindflt' (10.0, ‎2051‎-‎03‎-‎03T20:45:47.000000000Z) has successfully loaded and registered with Filter Manager."
"7/9/2026 2:18:28 PM","7036","Information","Service Control Manager","The WPDBusEnum service entered the running state."
"7/9/2026 2:18:28 PM","6","Information","Microsoft-Windows-FilterManager","File System Filter 'storqosflt' (10.0, ‎2051‎-‎09‎-‎21T05:40:20.000000000Z) has successfully loaded and registered with Filter Manager."
"7/9/2026 2:18:28 PM","6","Information","Microsoft-Windows-FilterManager","File System Filter 'CldFlt' (10.0, ‎2074‎-‎11‎-‎09T08:03:12.000000000Z) has successfully loaded and registered with Filter Manager."
"7/9/2026 2:18:28 PM","1","Information","Microsoft-Windows-FilterManager","File System Filter 'CldFlt' (Version 10.0, ‎2074‎-‎11‎-‎09T08:03:12.000000000Z) unloaded successfully."
"7/9/2026 2:18:28 PM","6","Information","Microsoft-Windows-FilterManager","File System Filter 'CldFlt' (10.0, ‎2074‎-‎11‎-‎09T08:03:12.000000000Z) has successfully loaded and registered with Filter Manager."
"7/9/2026 2:18:28 PM","7036","Information","Service Control Manager","The EventLog service entered the running state."
"7/9/2026 2:18:28 PM","6","Information","Microsoft-Windows-FilterManager","File System Filter 'luafv' (10.0, ‎2068‎-‎10‎-‎11T15:22:37.000000000Z) has successfully loaded and registered with Filter Manager."
"7/9/2026 2:18:28 PM","7036","Information","Service Control Manager","The Dnscache service entered the running state."
"7/9/2026 2:18:28 PM","7036","Information","Service Control Manager","The Dhcp service entered the running state."
"7/9/2026 2:18:28 PM","6","Information","Microsoft-Windows-FilterManager","File System Filter 'wcifs' (10.0, ‎2088‎-‎12‎-‎15T04:51:43.000000000Z) has successfully loaded and registered with Filter Manager."
"7/9/2026 2:18:28 PM","51046","Information","Microsoft-Windows-DHCPv6-Client","DHCPv6 client service is started"
"7/9/2026 2:18:28 PM","50036","Information","Microsoft-Windows-Dhcp-Client","DHCPv4 client service is started"
"7/9/2026 2:18:28 PM","50103","Information","Microsoft-Windows-Dhcp-Client","DHCPv4 client registered for shutdown notification"
"7/9/2026 2:18:28 PM","50036","Information","Microsoft-Windows-Dhcp-Client","DHCPv4 client service is started"
"7/9/2026 2:18:28 PM","7036","Information","Service Control Manager","The TimeBrokerSvc service entered the running state."
"7/9/2026 2:18:28 PM","7036","Information","Service Control Manager","The nsi service entered the running state."
"7/9/2026 2:18:28 PM","7036","Information","Service Control Manager","The lmhosts service entered the running state."
"7/9/2026 2:18:28 PM","7036","Information","Service Control Manager","The SystemEventsBroker service entered the running state."
"7/9/2026 2:18:28 PM","7036","Information","Service Control Manager","The BrokerInfrastructure service entered the running state."
"7/9/2026 2:18:28 PM","7036","Information","Service Control Manager","The LSM service entered the running state."
"7/9/2026 2:18:28 PM","7036","Information","Service Control Manager","The RpcSs service entered the running state."
"7/9/2026 2:18:28 PM","7036","Information","Service Control Manager","The RpcEptMapper service entered the running state."
"7/9/2026 2:18:28 PM","7036","Information","Service Control Manager","The DcomLaunch service entered the running state."
"7/9/2026 2:18:28 PM","7036","Information","Service Control Manager","The Power service entered the running state."
"7/9/2026 2:18:28 PM","7036","Information","Service Control Manager","The PlugPlay service entered the running state."
"7/9/2026 2:18:28 PM","16403","Information","Microsoft-Windows-Directory-Services-SAM","The error ""The specified local group already exists.
"" occurred when trying to create the well known account Storage Replica Administrators. Please contact PSS to recover."
"7/9/2026 2:18:28 PM","16403","Information","Microsoft-Windows-Directory-Services-SAM","The error ""The specified local group already exists.
"" occurred when trying to create the well known account Remote Management Users. Please contact PSS to recover."
"7/9/2026 2:18:28 PM","16403","Information","Microsoft-Windows-Directory-Services-SAM","The error ""The specified local group already exists.
"" occurred when trying to create the well known account Access Control Assistance Operators. Please contact PSS to recover."
"7/9/2026 2:18:28 PM","16403","Information","Microsoft-Windows-Directory-Services-SAM","The error ""The specified local group already exists.
"" occurred when trying to create the well known account Hyper-V Administrators. Please contact PSS to recover."
"7/9/2026 2:18:28 PM","16403","Information","Microsoft-Windows-Directory-Services-SAM","The error ""The specified local group already exists.
"" occurred when trying to create the well known account RDS Management Servers. Please contact PSS to recover."
"7/9/2026 2:18:28 PM","16403","Information","Microsoft-Windows-Directory-Services-SAM","The error ""The specified local group already exists.
"" occurred when trying to create the well known account RDS Endpoint Servers. Please contact PSS to recover."
"7/9/2026 2:18:28 PM","16403","Information","Microsoft-Windows-Directory-Services-SAM","The error ""The specified local group already exists.
"" occurred when trying to create the well known account RDS Remote Access Servers. Please contact PSS to recover."
"7/9/2026 2:18:28 PM","16403","Information","Microsoft-Windows-Directory-Services-SAM","The error ""The specified local group already exists.
"" occurred when trying to create the well known account Certificate Service DCOM Access. Please contact PSS to recover."
"7/9/2026 2:18:28 PM","16403","Information","Microsoft-Windows-Directory-Services-SAM","The error ""The specified local group already exists.
"" occurred when trying to create the well known account Event Log Readers. Please contact PSS to recover."
"7/9/2026 2:18:28 PM","16403","Information","Microsoft-Windows-Directory-Services-SAM","The error ""The specified local group already exists.
"" occurred when trying to create the well known account Cryptographic Operators. Please contact PSS to recover."
"7/9/2026 2:18:28 PM","16403","Information","Microsoft-Windows-Directory-Services-SAM","The error ""The specified local group already exists.
"" occurred when trying to create the well known account IIS_IUSRS. Please contact PSS to recover."
"7/9/2026 2:18:28 PM","16403","Information","Microsoft-Windows-Directory-Services-SAM","The error ""The specified local group already exists.
"" occurred when trying to create the well known account Distributed COM Users. Please contact PSS to recover."
"7/9/2026 2:18:28 PM","16983","Information","Microsoft-Windows-Directory-Services-SAM","The security account manager is now logging periodic summary events for remote clients that call legacy password change or set RPC methods.

For more information please see https://go.microsoft.com/fwlink/?linkid=2150956.
"
"7/9/2026 2:18:28 PM","16977","Information","Microsoft-Windows-Directory-Services-SAM","The domain is configured with the following minimum password length-related settings.

MinimumPasswordLength: 7

RelaxMinimumPasswordLengthLimits: 0

MinimumPasswordLengthAudit: -1

For more information see https://go.microsoft.com/fwlink/?LinkId=2097191.
"
"7/9/2026 2:18:27 PM","16977","Information","Microsoft-Windows-Directory-Services-SAM","The domain is configured with the following minimum password length-related settings.

MinimumPasswordLength: 7

RelaxMinimumPasswordLengthLimits: 0

MinimumPasswordLengthAudit: 0

For more information see https://go.microsoft.com/fwlink/?LinkId=2097191.
"
"7/9/2026 2:18:27 PM","16654","Information","Microsoft-Windows-Directory-Services-SAM","A pool of account-identifiers (RIDs) has been invalidated. This may occur in the following expected cases:
1. A domain controller is restored from backup. 
2. A domain controller running on a virtual machine is restored from snapshot. 
3. An administrator has manually invalidated the pool. 
See http://go.microsoft.com/fwlink/?LinkId=226247 for more information."
"7/9/2026 2:18:26 PM","16962","Information","Microsoft-Windows-Directory-Services-SAM","Remote calls to the SAM database are being restricted using the default security descriptor: .
For more information please see http://go.microsoft.com/fwlink/?LinkId=787651."
"7/9/2026 2:18:26 PM","14","Information","Microsoft-Windows-Wininit","Credential Guard configuration: 0x0, 0"
"7/9/2026 2:18:25 PM","24","Information","Microsoft-Windows-Kernel-General","The time zone information was refreshed with exit reason 0. Current time zone bias is 420."
"7/9/2026 2:18:24 PM","98","Information","Microsoft-Windows-Ntfs","Volume \\?\Volume{2bc8a4fb-ec89-41c1-8fb3-d753243c8254} (\Device\HarddiskVolume5) is healthy.  No action is needed."
"7/9/2026 2:18:24 PM","98","Information","Microsoft-Windows-Ntfs","Volume Y: (\Device\HarddiskVolume4) is healthy.  No action is needed."
"7/9/2026 2:18:24 PM","55","Information","Microsoft-Windows-Kernel-Processor-Power","Processor 1 in group 0 exposes the following power management capabilities:

Idle state type: ACPI Idle (C) States (1 state(s))

Performance state type: None
Nominal Frequency (MHz): 2994
Maximum performance percentage: 100
Minimum performance percentage: 100
Minimum throttle percentage: 100"
"7/9/2026 2:18:24 PM","55","Information","Microsoft-Windows-Kernel-Processor-Power","Processor 0 in group 0 exposes the following power management capabilities:

Idle state type: ACPI Idle (C) States (1 state(s))

Performance state type: None
Nominal Frequency (MHz): 2994
Maximum performance percentage: 100
Minimum performance percentage: 100
Minimum throttle percentage: 100"
"7/9/2026 2:18:23 PM","172","Information","Microsoft-Windows-Kernel-Power","Connectivity state in standby: Disconnected, Reason: NIC compliance"
"7/9/2026 2:18:23 PM","6","Information","Microsoft-Windows-FilterManager","File System Filter 'npsvctrig' (10.0, ‎2015‎-‎04‎-‎02T03:42:38.000000000Z) has successfully loaded and registered with Filter Manager."
"7/9/2026 2:18:23 PM","6","Information","Microsoft-Windows-FilterManager","File System Filter 'DfsDriver' (10.0, ‎2053‎-‎07‎-‎29T02:36:42.000000000Z) has successfully loaded and registered with Filter Manager."
"7/9/2026 2:18:23 PM","6","Information","Microsoft-Windows-FilterManager","File System Filter 'FileCrypt' (10.0, ‎2088‎-‎05‎-‎23T23:57:52.000000000Z) has successfully loaded and registered with Filter Manager."
"7/9/2026 2:18:23 PM","98","Information","Microsoft-Windows-Ntfs","Volume C: (\Device\HarddiskVolume3) is healthy.  No action is needed."
"7/9/2026 2:18:23 PM","6","Information","Microsoft-Windows-FilterManager","File System Filter 'WdFilter' (10.0, ‎2036‎-‎01‎-‎26T02:33:35.000000000Z) has successfully loaded and registered with Filter Manager."
"7/9/2026 2:18:23 PM","6","Information","Microsoft-Windows-FilterManager","File System Filter 'DfsrRo' (10.0, ‎1999‎-‎03‎-‎20T18:16:31.000000000Z) has successfully loaded and registered with Filter Manager."
"7/9/2026 2:18:23 PM","6","Information","Microsoft-Windows-FilterManager","File System Filter 'Wof' (10.0, ‎2008‎-‎09‎-‎17T11:19:58.000000000Z) has successfully loaded and registered with Filter Manager."
"7/9/2026 2:18:21 PM","3","Information","vmci","VMCI: Using capabilities (0x1c).
"
"7/9/2026 2:18:19 PM","16","Information","Microsoft-Windows-HAL","The iommu fault reporting has been initialized."
"7/9/2026 2:18:19 PM","20","Information","Microsoft-Windows-Kernel-General","The leap second configuration has been updated.
Reason: Leap second data initialized from registry during boot
Leap seconds enabled: true
New leap second count: 0
Old leap second count: 0"
"7/9/2026 2:18:19 PM","32","Information","Microsoft-Windows-Kernel-Boot","The bootmgr spent 0 ms waiting for user input."
"7/9/2026 2:18:19 PM","18","Information","Microsoft-Windows-Kernel-Boot","There are 0x1 boot options on this system."
"7/9/2026 2:18:19 PM","27","Information","Microsoft-Windows-Kernel-Boot","The boot type was 0x0."
"7/9/2026 2:18:19 PM","25","Information","Microsoft-Windows-Kernel-Boot","The boot menu policy was 0x0."
"7/9/2026 2:18:19 PM","238","Information","Microsoft-Windows-Kernel-Boot","EFI time zone bias: 2047. Daylight flags: 0. Firmware time: ‎2026‎-‎07‎-‎09T14:18:19.000000000Z."
"7/9/2026 2:18:19 PM","20","Information","Microsoft-Windows-Kernel-Boot","The last shutdown's success status was true. The last boot's success status was true."
"7/9/2026 2:18:19 PM","153","Information","Microsoft-Windows-Kernel-Boot","Virtualization-based security (policies: 0) is disabled."
"7/9/2026 2:18:19 PM","12","Information","Microsoft-Windows-Kernel-General","The operating system started at system time ‎2026‎-‎07‎-‎09T21:18:19.500000000Z."
"7/8/2026 11:14:47 PM","13","Information","Microsoft-Windows-Kernel-General","The operating system is shutting down at system time ‎2026‎-‎07‎-‎09T06:14:47.473280200Z."
"7/8/2026 11:14:47 PM","109","Information","Microsoft-Windows-Kernel-Power","The kernel power manager has initiated a shutdown transition.

Shutdown Reason: Kernel API"
"7/8/2026 11:14:45 PM","7036","Information","Service Control Manager","The Network Setup Service service entered the stopped state."
"7/8/2026 11:14:44 PM","7036","Information","Service Control Manager","The Active Directory Domain Services service entered the stopped state."
"7/8/2026 11:14:43 PM","7036","Information","Service Control Manager","The WMI Performance Adapter service entered the stopped state."
"7/8/2026 11:14:43 PM","7036","Information","Service Control Manager","The Update Orchestrator Service service entered the stopped state."
"7/8/2026 11:14:43 PM","7036","Information","Service Control Manager","The Microsoft Defender Core Service service entered the stopped state."
"7/8/2026 11:14:43 PM","7036","Information","Service Control Manager","The Windows Process Activation Service service entered the stopped state."
"7/8/2026 11:14:42 PM","7036","Information","Service Control Manager","The Volume Shadow Copy service entered the stopped state."
"7/8/2026 11:14:42 PM","7036","Information","Service Control Manager","The DFS Replication service entered the stopped state."
"7/8/2026 11:14:42 PM","7036","Information","Service Control Manager","The Cryptographic Services service entered the stopped state."
"7/8/2026 11:14:42 PM","7036","Information","Service Control Manager","The SQL Server (SQLEXPRESS) service entered the stopped state."
"7/8/2026 11:14:42 PM","7036","Information","Service Control Manager","The SQL Server VSS Writer service entered the stopped state."
"7/8/2026 11:14:42 PM","7036","Information","Service Control Manager","The Active Directory Certificate Services service entered the stopped state."
"7/8/2026 11:14:42 PM","7036","Information","Service Control Manager","The Application Host Helper Service service entered the stopped state."
"7/8/2026 11:14:42 PM","7036","Information","Service Control Manager","The Microsoft Defender Antivirus Service service entered the stopped state."
"7/8/2026 11:14:42 PM","7036","Information","Service Control Manager","The Windows Remote Management (WS-Management) service entered the stopped state."
"7/8/2026 11:14:42 PM","7036","Information","Service Control Manager","The Task Scheduler service entered the stopped state."
"7/8/2026 11:14:42 PM","7036","Information","Service Control Manager","The Remote Access Connection Manager service entered the stopped state."
"7/8/2026 11:14:42 PM","7036","Information","Service Control Manager","The Diagnostic Policy Service service entered the stopped state."
"7/8/2026 11:14:42 PM","7036","Information","Service Control Manager","The Windows Event Log service entered the stopped state."
"7/8/2026 11:14:42 PM","7036","Information","Service Control Manager","The Virtual Disk service entered the stopped state."
"7/9/2026 2:18:28 PM","6013","Information","EventLog","The system uptime is 9 seconds."
"7/9/2026 2:18:28 PM","6005","Information","EventLog","The Event log service was started."
"7/9/2026 2:18:28 PM","6009","Information","EventLog","Microsoft (R) Windows (R) 10.00. 20348  Multiprocessor Free."
"7/8/2026 11:14:42 PM","7036","Information","Service Control Manager","The WinHTTP Web Proxy Auto-Discovery Service service entered the stopped state."
"7/8/2026 11:14:42 PM","7036","Information","Service Control Manager","The DNS Server service entered the stopped state."
"7/8/2026 11:14:42 PM","7036","Information","Service Control Manager","The DHCP Client service entered the stopped state."
"7/8/2026 11:14:42 PM","7036","Information","Service Control Manager","The IKE and AuthIP IPsec Keying Modules service entered the stopped state."
"7/8/2026 11:14:42 PM","7036","Information","Service Control Manager","The Device Setup Manager service entered the stopped state."
"7/8/2026 11:14:42 PM","7036","Information","Service Control Manager","The Windows Connection Manager service entered the stopped state."
"7/8/2026 11:14:42 PM","7036","Information","Service Control Manager","The Secure Socket Tunneling Protocol Service service entered the stopped state."
"7/8/2026 11:14:42 PM","50037","Information","Microsoft-Windows-Dhcp-Client","DHCPv4 client service is stopped. ShutDown Flag value is 1"
"7/8/2026 11:14:42 PM","50106","Information","Microsoft-Windows-Dhcp-Client","DHCPv4 is waiting on DHCPv6 service to stop"
"7/8/2026 11:14:42 PM","51057","Information","Microsoft-Windows-DHCPv6-Client","DHCPv6 client service stop is almost done.DHCP Context Ref count is 1"
"7/8/2026 11:14:42 PM","51047","Information","Microsoft-Windows-DHCPv6-Client","DHCPv6 client service is stopped. ShutDown Flag value is 1"
"7/8/2026 11:14:42 PM","7036","Information","Service Control Manager","The Windows Font Cache Service service entered the stopped state."
"7/8/2026 11:14:42 PM","7036","Information","Service Control Manager","The User Profile Service service entered the stopped state."
"7/8/2026 11:14:42 PM","7036","Information","Service Control Manager","The Microsoft Deployment Toolkit Monitor Service service entered the stopped state."
"7/8/2026 11:14:42 PM","7036","Information","Service Control Manager","The Windows Management Instrumentation service entered the stopped state."
"7/8/2026 11:14:42 PM","7036","Information","Service Control Manager","The Microsoft Software Shadow Copy Provider service entered the stopped state."
"7/8/2026 11:14:42 PM","7036","Information","Service Control Manager","The Windows Time service entered the stopped state."
"7/8/2026 11:14:42 PM","7036","Information","Service Control Manager","The Plug and Play service entered the stopped state."
"7/8/2026 11:14:42 PM","50105","Information","Microsoft-Windows-Dhcp-Client","DHCPv4 client ProcessDHCPRequestForever received TERMINATE_EVENT"
"7/8/2026 11:14:42 PM","50104","Information","Microsoft-Windows-Dhcp-Client","DHCPv4 client received shutdown notification"
"7/8/2026 11:14:42 PM","7036","Information","Service Control Manager","The IPsec Policy Agent service entered the stopped state."
"7/8/2026 11:14:42 PM","7036","Information","Service Control Manager","The Intersite Messaging service entered the stopped state."
"7/8/2026 11:14:42 PM","7036","Information","Service Control Manager","The World Wide Web Publishing Service service entered the stopped state."
"7/8/2026 11:14:42 PM","7036","Information","Service Control Manager","The SQL Server CEIP service (SQLEXPRESS) service entered the stopped state."
"7/8/2026 11:14:42 PM","7036","Information","Service Control Manager","The Active Directory Web Services service entered the stopped state."
"7/8/2026 11:14:42 PM","7036","Information","Service Control Manager","The Program Compatibility Assistant Service service entered the stopped state."
"7/8/2026 11:14:42 PM","7036","Information","Service Control Manager","The Software Protection service entered the stopped state."
"7/8/2026 11:14:42 PM","7036","Information","Service Control Manager","The Windows Update Medic Service service entered the stopped state."
"7/8/2026 11:14:42 PM","7036","Information","Service Control Manager","The SysMain service entered the stopped state."
"7/8/2026 11:14:42 PM","7036","Information","Service Control Manager","The Distributed Transaction Coordinator service entered the stopped state."
"7/8/2026 11:14:42 PM","7036","Information","Service Control Manager","The Client License Service (ClipSVC) service entered the stopped state."
"7/8/2026 11:14:42 PM","7036","Information","Service Control Manager","The AppX Deployment Service (AppXSVC) service entered the stopped state."
"7/8/2026 11:14:42 PM","7036","Information","Service Control Manager","The Windows Update service entered the stopped state."
"7/8/2026 11:14:42 PM","6006","Information","EventLog","The Event log service was stopped."
"7/8/2026 11:14:42 PM","10149","Warning","Microsoft-Windows-WinRM","The WinRM service is not listening for WS-Management requests. 

 User Action 
 If you did not intentionally stop the service, use the following command to see the WinRM configuration: 

 winrm enumerate winrm/config/listener"
"7/8/2026 11:14:41 PM","7036","Information","Service Control Manager","The Background Intelligent Transfer Service service entered the stopped state."
"7/8/2026 11:14:41 PM","7036","Information","Service Control Manager","The Connected User Experiences and Telemetry service entered the stopped state."
"7/8/2026 11:14:41 PM","7036","Information","Service Control Manager","The User Access Logging Service service entered the stopped state."
"7/8/2026 11:14:40 PM","7036","Information","Service Control Manager","The VMware Tools service entered the stopped state."
"7/8/2026 11:14:40 PM","7036","Information","Service Control Manager","The AzureAttestService service entered the stopped state."
"7/8/2026 11:14:40 PM","7036","Information","Service Control Manager","The Windows Modules Installer service entered the stopped state."
"7/8/2026 11:14:40 PM","7036","Information","Service Control Manager","The Group Policy Client service entered the stopped state."
"7/8/2026 11:14:40 PM","1074","Information","User32","The process C:\Program Files\VMware\VMware Tools\vmtoolsd.exe (DC) has initiated the shutdown of computer DC on behalf of user NT AUTHORITY\SYSTEM for the following reason: Legacy API shutdown
 Reason Code: 0x80070000
 Shutdown Type: shutdown
 Comment: "
"7/8/2026 11:14:28 PM","7036","Information","Service Control Manager","The Update Orchestrator Service service entered the running state."
"7/8/2026 11:14:27 PM","7036","Information","Service Control Manager","The User Access Logging Service service entered the running state."
"7/8/2026 11:14:26 PM","7036","Information","Service Control Manager","The Network Setup Service service entered the running state."
"7/8/2026 11:14:26 PM","7036","Information","Service Control Manager","The WMI Performance Adapter service entered the running state."
"7/8/2026 11:14:25 PM","7036","Information","Service Control Manager","The WMI Performance Adapter service entered the stopped state."
"7/8/2026 11:14:25 PM","7036","Information","Service Control Manager","The WMI Performance Adapter service entered the running state."
"7/8/2026 11:14:25 PM","7036","Information","Service Control Manager","The WMI Performance Adapter service entered the stopped state."
"7/8/2026 11:14:25 PM","7036","Information","Service Control Manager","The Software Protection service entered the running state."
"7/8/2026 11:14:25 PM","7036","Information","Service Control Manager","The Program Compatibility Assistant Service service entered the running state."
"7/8/2026 11:14:24 PM","7036","Information","Service Control Manager","The Microsoft Edge Update Service (edgeupdate) service entered the stopped state."
"7/8/2026 11:14:24 PM","7036","Information","Service Control Manager","The Microsoft Edge Update Service (edgeupdate) service entered the running state."
"7/8/2026 11:14:24 PM","7036","Information","Service Control Manager","The Diagnostic Policy Service service entered the running state."
"7/8/2026 11:14:24 PM","7036","Information","Service Control Manager","The Connected Devices Platform Service service entered the running state."
"7/8/2026 11:14:13 PM","7040","Information","Service Control Manager","The start type of the Windows Modules Installer service was changed from auto start to disabled."
"7/8/2026 11:13:58 PM","7036","Information","Service Control Manager","The Microsoft Software Shadow Copy Provider service entered the running state."
"7/8/2026 11:13:53 PM","7036","Information","Service Control Manager","The State Repository Service service entered the stopped state."
"7/8/2026 11:13:43 PM","7040","Information","Service Control Manager","The start type of the Windows Modules Installer service was changed from demand start to auto start."
"7/8/2026 11:13:08 PM","7036","Information","Service Control Manager","The Software Protection service entered the stopped state."
"7/8/2026 11:12:53 PM","7036","Information","Service Control Manager","The AppX Deployment Service (AppXSVC) service entered the running state."
"7/8/2026 11:12:53 PM","7036","Information","Service Control Manager","The Delivery Optimization service entered the stopped state."
"7/8/2026 11:12:53 PM","7036","Information","Service Control Manager","The Windows Update service entered the running state."
"7/8/2026 11:12:53 PM","7036","Information","Service Control Manager","The Storage Service service entered the running state."
"7/8/2026 11:12:53 PM","7036","Information","Service Control Manager","The Delivery Optimization service entered the running state."
"7/8/2026 11:12:53 PM","7036","Information","Service Control Manager","The Windows Update Medic Service service entered the running state."
"7/8/2026 11:12:52 PM","7036","Information","Service Control Manager","The Network Connectivity Assistant service entered the stopped state."
"7/8/2026 11:12:52 PM","7040","Information","Service Control Manager","The start type of the Windows Modules Installer service was changed from auto start to demand start."
"7/8/2026 11:12:32 PM","7036","Information","Service Control Manager","The WDSServer service entered the running state."
"7/8/2026 11:12:31 PM","16","Information","Microsoft-Windows-Kernel-General","The access history in hive \??\C:\RemoteInstall\Tmp\x64uefi{E866676E-4AB0-4C06-9B8C-BD795A9139DA}.bcd was cleared updating 0 keys and creating 0 modified pages."
"7/8/2026 11:12:31 PM","16","Information","Microsoft-Windows-Kernel-General","The access history in hive \??\C:\RemoteInstall\Tmp\x86uefi{33D3C4AA-52E3-4220-8344-0171A7A110CF}.bcd was cleared updating 0 keys and creating 0 modified pages."
"7/8/2026 11:12:31 PM","16","Information","Microsoft-Windows-Kernel-General","The access history in hive \??\C:\RemoteInstall\Tmp\arm{6259CB93-BC82-49E1-9AF7-E527C2511288}.bcd was cleared updating 0 keys and creating 0 modified pages."
"7/8/2026 11:12:30 PM","16","Information","Microsoft-Windows-Kernel-General","The access history in hive \??\C:\RemoteInstall\Tmp\x86x64{5CB03621-E77A-44FB-BA00-E38FA016E103}.bcd was cleared updating 0 keys and creating 0 modified pages."
"7/8/2026 11:12:30 PM","16","Information","Microsoft-Windows-Kernel-General","The access history in hive \??\C:\RemoteInstall\Tmp\arm64{FF154782-33BF-42A6-ADC3-E2C4864E7B31}.bcd was cleared updating 0 keys and creating 0 modified pages."
"7/8/2026 11:12:30 PM","16","Information","Microsoft-Windows-Kernel-General","The access history in hive \??\C:\RemoteInstall\Tmp\x64{2CBEE101-EEE4-4595-9288-38B7B82B7151}.bcd was cleared updating 0 keys and creating 0 modified pages."
"7/8/2026 11:12:30 PM","16","Information","Microsoft-Windows-Kernel-General","The access history in hive \??\C:\RemoteInstall\Tmp\x86{44DC3BE0-3B9E-45DD-A202-1AF31144FB07}.bcd was cleared updating 0 keys and creating 0 modified pages."
"7/8/2026 11:12:29 PM","7036","Information","Service Control Manager","The Client License Service (ClipSVC) service entered the running state."
"7/8/2026 11:12:28 PM","7036","Information","Service Control Manager","The MSSQL$SQLEXPRESS service entered the running state."
"7/8/2026 11:12:26 PM","6038","Warning","LsaSrv","Microsoft Windows Server has detected that NTLM authentication is presently being used between clients and this server. This event occurs once per boot of the server on the first time a client uses NTLM with this server.
 
NTLM is a weaker authentication mechanism. Please check:
 
      Which applications are using NTLM authentication?
      Are there configuration issues preventing the use of stronger authentication such as Kerberos authentication?
      If NTLM must be supported, is Extended Protection configured?
 
Details on how to complete these checks can be found at http://go.microsoft.com/fwlink/?LinkId=225699."
"7/8/2026 11:12:24 PM","7036","Information","Service Control Manager","The Software Protection service entered the running state."
"7/8/2026 11:12:24 PM","7036","Information","Service Control Manager","The WMI Performance Adapter service entered the running state."
"7/8/2026 11:12:24 PM","7026","Information","Service Control Manager","The following boot-start or system-start driver(s) did not load: 
dam"
"7/8/2026 11:12:23 PM","7036","Information","Service Control Manager","The BITS service entered the running state."
"7/8/2026 11:12:23 PM","7036","Information","Service Control Manager","The SQLTELEMETRY$SQLEXPRESS service entered the running state."
"7/8/2026 11:12:23 PM","7036","Information","Service Control Manager","The W3SVC service entered the running state."
"7/8/2026 11:12:23 PM","7036","Information","Service Control Manager","The W32Time service entered the running state."
"7/8/2026 11:12:23 PM","12","Warning","Microsoft-Windows-Time-Service","Time Provider NtpClient: This machine is configured to use the domain hierarchy to determine its time source, but it is the AD PDC emulator for the domain at the root of the forest, so there is no machine above it in the domain hierarchy to use as a time source. It is recommended that you either configure a reliable time service in the root domain, or manually configure the AD PDC to synchronize with an external time source. Otherwise, this machine will function as the authoritative time source in the domain hierarchy. If an external time source is not configured or used for this computer, you may choose to disable the NtpClient."
"7/8/2026 11:12:22 PM","7036","Information","Service Control Manager","The DNS service entered the running state."
"7/8/2026 11:12:14 PM","7040","Information","Service Control Manager","The start type of the BITS service was changed from demand start to auto start."
"7/8/2026 11:12:13 PM","143","Information","Microsoft-Windows-Time-Service","The time service has started advertising as a good time source."
"7/8/2026 11:12:13 PM","139","Information","Microsoft-Windows-Time-Service","The time service has started advertising as a time source."
"7/8/2026 11:12:11 PM","7036","Information","Service Control Manager","The DispBrokerDesktopSvc service entered the running state."
"7/8/2026 11:12:11 PM","7036","Information","Service Control Manager","The Netlogon service entered the running state."
"7/8/2026 11:12:06 PM","10154","Warning","Microsoft-Windows-WinRM","The WinRM service failed to create the following SPNs: WSMAN/dc.scaffold.htb; WSMAN/dc. 

 Additional Data 
 The error received was 1355: %%1355.

 User Action 
 The SPNs can be created by an administrator using setspn.exe utility."
"7/8/2026 11:11:57 PM","7036","Information","Service Control Manager","The MDT_Monitor service entered the running state."
"7/8/2026 11:11:56 PM","7036","Information","Service Control Manager","The VSS service entered the running state."
"7/8/2026 11:11:55 PM","7036","Information","Service Control Manager","The MSDTC service entered the running state."
"7/8/2026 11:11:54 PM","7036","Information","Service Control Manager","The ADWS service entered the running state."
"7/8/2026 11:11:54 PM","7036","Information","Service Control Manager","The RasMan service entered the running state."
"7/8/2026 11:11:54 PM","7036","Information","Service Control Manager","The COMSysApp service entered the running state."
"7/8/2026 11:11:54 PM","7036","Information","Service Control Manager","The vmvss service entered the running state."
"7/8/2026 11:11:54 PM","7036","Information","Service Control Manager","The vds service entered the running state."
"7/8/2026 11:11:54 PM","7036","Information","Service Control Manager","The StateRepository service entered the running state."
"7/8/2026 11:11:54 PM","7036","Information","Service Control Manager","The WinDefend service entered the running state."
"7/8/2026 11:11:54 PM","7036","Information","Service Control Manager","The DiagTrack service entered the running state."
"7/8/2026 11:11:54 PM","7036","Information","Service Control Manager","The WinRM service entered the running state."
"7/8/2026 11:11:54 PM","7036","Information","Service Control Manager","The WAS service entered the running state."
"7/8/2026 11:11:53 PM","7036","Information","Service Control Manager","The WpnService service entered the running state."
"7/8/2026 11:11:53 PM","7036","Information","Service Control Manager","The VMTools service entered the running state."
"7/8/2026 11:11:53 PM","7036","Information","Service Control Manager","The Winmgmt service entered the running state."
"7/8/2026 11:11:53 PM","7036","Information","Service Control Manager","The VM3DService service entered the running state."
"7/8/2026 11:11:53 PM","7036","Information","Service Control Manager","The VGAuthService service entered the running state."
"7/8/2026 11:11:53 PM","7036","Information","Service Control Manager","The SysMain service entered the running state."
"7/8/2026 11:11:53 PM","7036","Information","Service Control Manager","The SQLWriter service entered the running state."
"7/8/2026 11:11:54 PM","3","Information","Virtual Disk Service","Service started."
"7/8/2026 11:11:54 PM","10148","Information","Microsoft-Windows-WinRM","The WinRM service is listening for WS-Management requests. 

 User Action 
 Use the following command to see the specific IPs on which WinRM is listening: 

 winrm enumerate winrm/config/listener"
