"5/26/2026 7:19:37 AM","114","Warning","Microsoft-Windows-TaskScheduler","Task Scheduler could not launch task ""\Microsoft\Windows\Windows Error Reporting\QueueReporting""  as scheduled. Instance ""{115fcd20-b98f-46e7-92cd-cf9e2a8b7369}""  is started now as required by the configuration option to start the task when available, if schedule is missed."
"5/26/2026 7:19:02 AM","103","Error","Microsoft-Windows-TaskScheduler","Task Scheduler failed to start instance ""{b6e2b343-0661-4715-afcf-d766765e57ee}"" of ""\Microsoft\Windows\Flighting\OneSettings\RefreshCache""  task for user ""NT AUTHORITY\SYSTEM"" . Additional Data: Error Value: 2147954407."
"5/26/2026 7:19:02 AM","202","Error","Microsoft-Windows-TaskScheduler","Task Scheduler failed to complete task ""\Microsoft\Windows\Flighting\OneSettings\RefreshCache"" , instance ""{b6e2b343-0661-4715-afcf-d766765e57ee}"" , action ""OneSettings Refresh Cache Task Handler"" . Additional Data: Error Value: 2147954407."
"5/26/2026 7:18:52 AM","140","Information","Microsoft-Windows-TaskScheduler","User ""SCAFFOLD\DC$""  updated Task Scheduler task ""\Microsoft\Windows\UpdateOrchestrator\Schedule Scan"""
"5/26/2026 7:18:52 AM","140","Information","Microsoft-Windows-TaskScheduler","User ""S-1-5-18""  updated Task Scheduler task ""\Microsoft\Windows\UpdateOrchestrator\Schedule Scan"""
"5/26/2026 7:18:52 AM","200","Information","Microsoft-Windows-TaskScheduler","Task Scheduler launched action ""OneSettings Refresh Cache Task Handler"" in instance ""{b6e2b343-0661-4715-afcf-d766765e57ee}"" of task ""\Microsoft\Windows\Flighting\OneSettings\RefreshCache""."
"5/26/2026 7:18:52 AM","100","Information","Microsoft-Windows-TaskScheduler","Task Scheduler started ""{b6e2b343-0661-4715-afcf-d766765e57ee}"" instance of the ""\Microsoft\Windows\Flighting\OneSettings\RefreshCache"" task for user ""NT AUTHORITY\SYSTEM""."
"5/26/2026 7:18:52 AM","129","Information","Microsoft-Windows-TaskScheduler","Task Scheduler launch task ""\Microsoft\Windows\Flighting\OneSettings\RefreshCache"" , instance ""taskhostw.exe""  with process ID 4320."
"5/26/2026 7:18:41 AM","102","Information","Microsoft-Windows-TaskScheduler","Task Scheduler successfully finished ""{ad72af94-2d1c-4402-8dc2-c41a2a7829fd}"" instance of the ""\Scaffold\ScaffoldDeployEngine"" task for user ""NT AUTHORITY\SYSTEM""."
"5/26/2026 7:18:41 AM","201","Information","Microsoft-Windows-TaskScheduler","Task Scheduler successfully completed task ""\Scaffold\ScaffoldDeployEngine"" , instance ""{ad72af94-2d1c-4402-8dc2-c41a2a7829fd}"" , action ""powershell.exe"" with return code 0."
"5/26/2026 7:18:41 AM","200","Information","Microsoft-Windows-TaskScheduler","Task Scheduler launched action ""powershell.exe"" in instance ""{ad72af94-2d1c-4402-8dc2-c41a2a7829fd}"" of task ""\Scaffold\ScaffoldDeployEngine""."
"5/26/2026 7:18:41 AM","100","Information","Microsoft-Windows-TaskScheduler","Task Scheduler started ""{ad72af94-2d1c-4402-8dc2-c41a2a7829fd}"" instance of the ""\Scaffold\ScaffoldDeployEngine"" task for user ""NT AUTHORITY\SYSTEM""."
"5/26/2026 7:18:41 AM","129","Information","Microsoft-Windows-TaskScheduler","Task Scheduler launch task ""\Scaffold\ScaffoldDeployEngine"" , instance ""powershell.exe""  with process ID 7236."
"5/26/2026 7:18:41 AM","107","Information","Microsoft-Windows-TaskScheduler","Task Scheduler launched ""{ad72af94-2d1c-4402-8dc2-c41a2a7829fd}""  instance of task ""\Scaffold\ScaffoldDeployEngine"" due to a time trigger condition."
"5/26/2026 7:16:41 AM","102","Information","Microsoft-Windows-TaskScheduler","Task Scheduler successfully finished ""{fc645426-e492-49a4-a684-47b08f4d2263}"" instance of the ""\Scaffold\ScaffoldDeployEngine"" task for user ""NT AUTHORITY\SYSTEM""."
"5/26/2026 7:16:41 AM","201","Information","Microsoft-Windows-TaskScheduler","Task Scheduler successfully completed task ""\Scaffold\ScaffoldDeployEngine"" , instance ""{fc645426-e492-49a4-a684-47b08f4d2263}"" , action ""powershell.exe"" with return code 0."
"5/26/2026 7:16:41 AM","200","Information","Microsoft-Windows-TaskScheduler","Task Scheduler launched action ""powershell.exe"" in instance ""{fc645426-e492-49a4-a684-47b08f4d2263}"" of task ""\Scaffold\ScaffoldDeployEngine""."
"5/26/2026 7:16:41 AM","100","Information","Microsoft-Windows-TaskScheduler","Task Scheduler started ""{fc645426-e492-49a4-a684-47b08f4d2263}"" instance of the ""\Scaffold\ScaffoldDeployEngine"" task for user ""NT AUTHORITY\SYSTEM""."
"5/26/2026 7:16:41 AM","129","Information","Microsoft-Windows-TaskScheduler","Task Scheduler launch task ""\Scaffold\ScaffoldDeployEngine"" , instance ""powershell.exe""  with process ID 660."
"5/26/2026 7:16:41 AM","107","Information","Microsoft-Windows-TaskScheduler","Task Scheduler launched ""{fc645426-e492-49a4-a684-47b08f4d2263}""  instance of task ""\Scaffold\ScaffoldDeployEngine"" due to a time trigger condition."
"5/26/2026 7:15:46 AM","102","Information","Microsoft-Windows-TaskScheduler","Task Scheduler successfully finished ""{144ce555-4068-4a02-84dc-bdc70e217f9e}"" instance of the ""\Microsoft\Windows\Workplace Join\Automatic-Device-Join"" task for user ""NT AUTHORITY\SYSTEM""."
"5/26/2026 7:15:46 AM","201","Information","Microsoft-Windows-TaskScheduler","Task Scheduler successfully completed task ""\Microsoft\Windows\Workplace Join\Automatic-Device-Join"" , instance ""{144ce555-4068-4a02-84dc-bdc70e217f9e}"" , action ""%SystemRoot%\System32\dsregcmd.exe"" with return code 2147942401."
"5/26/2026 7:15:46 AM","200","Information","Microsoft-Windows-TaskScheduler","Task Scheduler launched action ""%SystemRoot%\System32\dsregcmd.exe"" in instance ""{144ce555-4068-4a02-84dc-bdc70e217f9e}"" of task ""\Microsoft\Windows\Workplace Join\Automatic-Device-Join""."
"5/26/2026 7:15:46 AM","100","Information","Microsoft-Windows-TaskScheduler","Task Scheduler started ""{144ce555-4068-4a02-84dc-bdc70e217f9e}"" instance of the ""\Microsoft\Windows\Workplace Join\Automatic-Device-Join"" task for user ""NT AUTHORITY\SYSTEM""."
"5/26/2026 7:15:46 AM","129","Information","Microsoft-Windows-TaskScheduler","Task Scheduler launch task ""\Microsoft\Windows\Workplace Join\Automatic-Device-Join"" , instance ""%SystemRoot%\System32\dsregcmd.exe""  with process ID 5320."
"5/26/2026 7:15:46 AM","108","Information","Microsoft-Windows-TaskScheduler","Task Scheduler launched ""{144ce555-4068-4a02-84dc-bdc70e217f9e}""  instance of task ""\Microsoft\Windows\Workplace Join\Automatic-Device-Join""  according to an event trigger."
"5/26/2026 7:14:41 AM","102","Information","Microsoft-Windows-TaskScheduler","Task Scheduler successfully finished ""{ee548b50-a195-4b90-b824-65b8c1bbb000}"" instance of the ""\Scaffold\ScaffoldDeployEngine"" task for user ""NT AUTHORITY\SYSTEM""."
"5/26/2026 7:14:41 AM","201","Information","Microsoft-Windows-TaskScheduler","Task Scheduler successfully completed task ""\Scaffold\ScaffoldDeployEngine"" , instance ""{ee548b50-a195-4b90-b824-65b8c1bbb000}"" , action ""powershell.exe"" with return code 0."
"5/26/2026 7:14:41 AM","200","Information","Microsoft-Windows-TaskScheduler","Task Scheduler launched action ""powershell.exe"" in instance ""{ee548b50-a195-4b90-b824-65b8c1bbb000}"" of task ""\Scaffold\ScaffoldDeployEngine""."
"5/26/2026 7:14:41 AM","100","Information","Microsoft-Windows-TaskScheduler","Task Scheduler started ""{ee548b50-a195-4b90-b824-65b8c1bbb000}"" instance of the ""\Scaffold\ScaffoldDeployEngine"" task for user ""NT AUTHORITY\SYSTEM""."
"5/26/2026 7:14:41 AM","129","Information","Microsoft-Windows-TaskScheduler","Task Scheduler launch task ""\Scaffold\ScaffoldDeployEngine"" , instance ""powershell.exe""  with process ID 5436."
"5/26/2026 7:14:41 AM","107","Information","Microsoft-Windows-TaskScheduler","Task Scheduler launched ""{ee548b50-a195-4b90-b824-65b8c1bbb000}""  instance of task ""\Scaffold\ScaffoldDeployEngine"" due to a time trigger condition."
"5/26/2026 7:13:04 AM","140","Information","Microsoft-Windows-TaskScheduler","User ""SCAFFOLD\DC$""  updated Task Scheduler task ""\Microsoft\Windows\SoftwareProtectionPlatform\SvcRestartTask"""
"5/26/2026 7:12:55 AM","102","Information","Microsoft-Windows-TaskScheduler","Task Scheduler successfully finished ""{fbab0df9-f283-44bf-bd37-9ab00b8af677}"" instance of the ""\Microsoft\Windows\Windows Error Reporting\QueueReporting"" task for user ""NT AUTHORITY\SYSTEM""."
"5/26/2026 7:12:55 AM","201","Information","Microsoft-Windows-TaskScheduler","Task Scheduler successfully completed task ""\Microsoft\Windows\Windows Error Reporting\QueueReporting"" , instance ""{fbab0df9-f283-44bf-bd37-9ab00b8af677}"" , action ""%windir%\system32\wermgr.exe"" with return code 0."
"5/26/2026 7:12:55 AM","102","Information","Microsoft-Windows-TaskScheduler","Task Scheduler successfully finished ""{514dcd32-19e4-4c16-bf76-fc8116574c8e}"" instance of the ""\Microsoft\Windows\Flighting\FeatureConfig\ReconcileFeatures"" task for user ""NT AUTHORITY\SYSTEM""."
"5/26/2026 7:12:55 AM","201","Information","Microsoft-Windows-TaskScheduler","Task Scheduler successfully completed task ""\Microsoft\Windows\Flighting\FeatureConfig\ReconcileFeatures"" , instance ""{514dcd32-19e4-4c16-bf76-fc8116574c8e}"" , action ""Feature Configuration Reconciliation Task Handler"" with return code 0."
"5/26/2026 7:12:55 AM","200","Information","Microsoft-Windows-TaskScheduler","Task Scheduler launched action ""%windir%\system32\wermgr.exe"" in instance ""{fbab0df9-f283-44bf-bd37-9ab00b8af677}"" of task ""\Microsoft\Windows\Windows Error Reporting\QueueReporting""."
"5/26/2026 7:12:55 AM","100","Information","Microsoft-Windows-TaskScheduler","Task Scheduler started ""{fbab0df9-f283-44bf-bd37-9ab00b8af677}"" instance of the ""\Microsoft\Windows\Windows Error Reporting\QueueReporting"" task for user ""NT AUTHORITY\SYSTEM""."
"5/26/2026 7:12:55 AM","129","Information","Microsoft-Windows-TaskScheduler","Task Scheduler launch task ""\Microsoft\Windows\Windows Error Reporting\QueueReporting"" , instance ""%windir%\system32\wermgr.exe""  with process ID 352."
"5/26/2026 7:12:55 AM","200","Information","Microsoft-Windows-TaskScheduler","Task Scheduler launched action ""Feature Configuration Reconciliation Task Handler"" in instance ""{514dcd32-19e4-4c16-bf76-fc8116574c8e}"" of task ""\Microsoft\Windows\Flighting\FeatureConfig\ReconcileFeatures""."
"5/26/2026 7:12:55 AM","100","Information","Microsoft-Windows-TaskScheduler","Task Scheduler started ""{514dcd32-19e4-4c16-bf76-fc8116574c8e}"" instance of the ""\Microsoft\Windows\Flighting\FeatureConfig\ReconcileFeatures"" task for user ""NT AUTHORITY\SYSTEM""."
"5/26/2026 7:12:55 AM","129","Information","Microsoft-Windows-TaskScheduler","Task Scheduler launch task ""\Microsoft\Windows\Flighting\FeatureConfig\ReconcileFeatures"" , instance ""taskhostw.exe""  with process ID 4992."
"5/26/2026 7:12:55 AM","118","Information","Microsoft-Windows-TaskScheduler","Task Scheduler launched ""{fbab0df9-f283-44bf-bd37-9ab00b8af677}""  instance of task ""\Microsoft\Windows\Windows Error Reporting\QueueReporting""  due to system startup."
"5/26/2026 7:12:41 AM","102","Information","Microsoft-Windows-TaskScheduler","Task Scheduler successfully finished ""{f3d3ab21-a314-40a9-908a-20123febfdc8}"" instance of the ""\Scaffold\ScaffoldDeployEngine"" task for user ""NT AUTHORITY\SYSTEM""."
"5/26/2026 7:12:41 AM","201","Information","Microsoft-Windows-TaskScheduler","Task Scheduler successfully completed task ""\Scaffold\ScaffoldDeployEngine"" , instance ""{f3d3ab21-a314-40a9-908a-20123febfdc8}"" , action ""powershell.exe"" with return code 0."
"5/26/2026 7:12:41 AM","200","Information","Microsoft-Windows-TaskScheduler","Task Scheduler launched action ""powershell.exe"" in instance ""{f3d3ab21-a314-40a9-908a-20123febfdc8}"" of task ""\Scaffold\ScaffoldDeployEngine""."
"5/26/2026 7:12:41 AM","100","Information","Microsoft-Windows-TaskScheduler","Task Scheduler started ""{f3d3ab21-a314-40a9-908a-20123febfdc8}"" instance of the ""\Scaffold\ScaffoldDeployEngine"" task for user ""NT AUTHORITY\SYSTEM""."
"5/26/2026 7:12:41 AM","129","Information","Microsoft-Windows-TaskScheduler","Task Scheduler launch task ""\Scaffold\ScaffoldDeployEngine"" , instance ""powershell.exe""  with process ID 7996."
"5/26/2026 7:12:41 AM","107","Information","Microsoft-Windows-TaskScheduler","Task Scheduler launched ""{f3d3ab21-a314-40a9-908a-20123febfdc8}""  instance of task ""\Scaffold\ScaffoldDeployEngine"" due to a time trigger condition."
"5/26/2026 7:12:37 AM","140","Information","Microsoft-Windows-TaskScheduler","User ""SCAFFOLD\DC$""  updated Task Scheduler task ""\Microsoft\Windows\UpdateOrchestrator\Schedule Scan"""
"5/26/2026 7:12:37 AM","140","Information","Microsoft-Windows-TaskScheduler","User ""S-1-5-18""  updated Task Scheduler task ""\Microsoft\Windows\UpdateOrchestrator\Schedule Scan"""
"5/26/2026 7:12:34 AM","140","Information","Microsoft-Windows-TaskScheduler","User ""SCAFFOLD\DC$""  updated Task Scheduler task ""\Microsoft\Windows\Application Experience\PcaPatchDbTask"""
"5/26/2026 7:12:15 AM","103","Error","Microsoft-Windows-TaskScheduler","Task Scheduler failed to start instance ""{68cd2ca2-c5fc-4958-84c0-910fe2d0bd70}"" of ""\Microsoft\Windows\International\Synchronize Language Settings""  task for user ""SCAFFOLD\Administrator"" . Additional Data: Error Value: 2147746053."
"5/26/2026 7:12:15 AM","202","Error","Microsoft-Windows-TaskScheduler","Task Scheduler failed to complete task ""\Microsoft\Windows\International\Synchronize Language Settings"" , instance ""{68cd2ca2-c5fc-4958-84c0-910fe2d0bd70}"" , action ""Sync Language Data From Cloud Task"" . Additional Data: Error Value: 2147746053."
"5/26/2026 7:12:11 AM","102","Information","Microsoft-Windows-TaskScheduler","Task Scheduler successfully finished ""{fc3de62a-4687-4f85-b4a2-0b4f3849248e}"" instance of the ""\Microsoft\Windows\Workplace Join\Automatic-Device-Join"" task for user ""NT AUTHORITY\SYSTEM""."
"5/26/2026 7:12:11 AM","201","Information","Microsoft-Windows-TaskScheduler","Task Scheduler successfully completed task ""\Microsoft\Windows\Workplace Join\Automatic-Device-Join"" , instance ""{fc3de62a-4687-4f85-b4a2-0b4f3849248e}"" , action ""%SystemRoot%\System32\dsregcmd.exe"" with return code 2147942401."
"5/26/2026 7:12:11 AM","200","Information","Microsoft-Windows-TaskScheduler","Task Scheduler launched action ""%SystemRoot%\System32\dsregcmd.exe"" in instance ""{fc3de62a-4687-4f85-b4a2-0b4f3849248e}"" of task ""\Microsoft\Windows\Workplace Join\Automatic-Device-Join""."
"5/26/2026 7:12:11 AM","100","Information","Microsoft-Windows-TaskScheduler","Task Scheduler started ""{fc3de62a-4687-4f85-b4a2-0b4f3849248e}"" instance of the ""\Microsoft\Windows\Workplace Join\Automatic-Device-Join"" task for user ""NT AUTHORITY\SYSTEM""."
"5/26/2026 7:12:11 AM","129","Information","Microsoft-Windows-TaskScheduler","Task Scheduler launch task ""\Microsoft\Windows\Workplace Join\Automatic-Device-Join"" , instance ""%SystemRoot%\System32\dsregcmd.exe""  with process ID 8160."
"5/26/2026 7:12:11 AM","119","Information","Microsoft-Windows-TaskScheduler","Task Scheduler launched ""{fc3de62a-4687-4f85-b4a2-0b4f3849248e}""  instance of task ""\Microsoft\Windows\Workplace Join\Automatic-Device-Join"" due to user ""SCAFFOLD\Administrator""  logon."
"5/26/2026 7:11:41 AM","200","Information","Microsoft-Windows-TaskScheduler","Task Scheduler launched action ""Sync Language Data From Cloud Task"" in instance ""{68cd2ca2-c5fc-4958-84c0-910fe2d0bd70}"" of task ""\Microsoft\Windows\International\Synchronize Language Settings""."
"5/26/2026 7:11:41 AM","100","Information","Microsoft-Windows-TaskScheduler","Task Scheduler started ""{68cd2ca2-c5fc-4958-84c0-910fe2d0bd70}"" instance of the ""\Microsoft\Windows\International\Synchronize Language Settings"" task for user ""SCAFFOLD\Administrator""."
"5/26/2026 7:11:41 AM","129","Information","Microsoft-Windows-TaskScheduler","Task Scheduler launch task ""\Microsoft\Windows\International\Synchronize Language Settings"" , instance ""taskhostw.exe""  with process ID 7916."
"5/26/2026 7:11:41 AM","119","Information","Microsoft-Windows-TaskScheduler","Task Scheduler launched ""{68cd2ca2-c5fc-4958-84c0-910fe2d0bd70}""  instance of task ""\Microsoft\Windows\International\Synchronize Language Settings"" due to user ""SCAFFOLD\Administrator""  logon."
"5/26/2026 7:11:11 AM","102","Information","Microsoft-Windows-TaskScheduler","Task Scheduler successfully finished ""{6c9a8e4d-e0fb-49ca-ae12-28d6dfe57234}"" instance of the ""\Microsoft\Windows\Server Manager\ServerManager"" task for user ""SCAFFOLD\Administrator""."
"5/26/2026 7:11:11 AM","201","Information","Microsoft-Windows-TaskScheduler","Task Scheduler successfully completed task ""\Microsoft\Windows\Server Manager\ServerManager"" , instance ""{6c9a8e4d-e0fb-49ca-ae12-28d6dfe57234}"" , action ""%windir%\system32\ServerManagerLauncher.exe"" with return code 0."
"5/26/2026 7:11:11 AM","102","Information","Microsoft-Windows-TaskScheduler","Task Scheduler successfully finished ""{8554501a-0d0b-4fc2-9e9e-12c410f75456}"" instance of the ""\Microsoft\Windows\WindowsColorSystem\Calibration Loader"" task for user ""SCAFFOLD\Administrator""."
"5/26/2026 7:11:11 AM","201","Information","Microsoft-Windows-TaskScheduler","Task Scheduler successfully completed task ""\Microsoft\Windows\WindowsColorSystem\Calibration Loader"" , instance ""{8554501a-0d0b-4fc2-9e9e-12c410f75456}"" , action ""Color Calibration Loader"" with return code 0."
"5/26/2026 7:11:11 AM","102","Information","Microsoft-Windows-TaskScheduler","Task Scheduler successfully finished ""{ad3d6048-805a-4333-8dfb-f39fda26ee01}"" instance of the ""\Microsoft\Windows\Plug and Play\Device Install Reboot Required"" task for user ""SCAFFOLD\Administrator""."
"5/26/2026 7:11:11 AM","201","Information","Microsoft-Windows-TaskScheduler","Task Scheduler successfully completed task ""\Microsoft\Windows\Plug and Play\Device Install Reboot Required"" , instance ""{ad3d6048-805a-4333-8dfb-f39fda26ee01}"" , action ""Device Installation Reboot Dialog Task"" with return code 0."
"5/26/2026 7:11:11 AM","102","Information","Microsoft-Windows-TaskScheduler","Task Scheduler successfully finished ""{e9d8aef8-d028-4ba6-9286-d87048b7ab4a}"" instance of the ""\Microsoft\Windows\CertificateServicesClient\UserTask"" task for user ""SCAFFOLD\Administrator""."
"5/26/2026 7:11:11 AM","201","Information","Microsoft-Windows-TaskScheduler","Task Scheduler successfully completed task ""\Microsoft\Windows\CertificateServicesClient\UserTask"" , instance ""{e9d8aef8-d028-4ba6-9286-d87048b7ab4a}"" , action ""Certificate Services Client Task Handler"" with return code 0."
"5/26/2026 7:11:10 AM","200","Information","Microsoft-Windows-TaskScheduler","Task Scheduler launched action ""C:\Windows\Explorer.EXE"" in instance ""{a4a99cb2-9aa9-4d81-b6ea-add149a362ae}"" of task ""\CreateExplorerShellUnelevatedTask""."
"5/26/2026 7:11:10 AM","100","Information","Microsoft-Windows-TaskScheduler","Task Scheduler started ""{a4a99cb2-9aa9-4d81-b6ea-add149a362ae}"" instance of the ""\CreateExplorerShellUnelevatedTask"" task for user ""SCAFFOLD\Administrator""."
"5/26/2026 7:11:10 AM","129","Information","Microsoft-Windows-TaskScheduler","Task Scheduler launch task ""\CreateExplorerShellUnelevatedTask"" , instance ""C:\Windows\Explorer.EXE""  with process ID 6284."
"5/26/2026 7:11:10 AM","109","Information","Microsoft-Windows-TaskScheduler","Task Scheduler launched ""{a4a99cb2-9aa9-4d81-b6ea-add149a362ae}""  instance of task ""\CreateExplorerShellUnelevatedTask""  according to a registration trigger."
"5/26/2026 7:11:10 AM","140","Information","Microsoft-Windows-TaskScheduler","User ""SCAFFOLD\Administrator""  updated Task Scheduler task ""\CreateExplorerShellUnelevatedTask"""
"5/26/2026 7:11:10 AM","106","Information","Microsoft-Windows-TaskScheduler","User ""SCAFFOLD\Administrator""  registered Task Scheduler task ""\CreateExplorerShellUnelevatedTask"""
"5/26/2026 7:11:10 AM","141","Information","Microsoft-Windows-TaskScheduler","User ""SCAFFOLD\Administrator""  deleted Task Scheduler task ""\CreateExplorerShellUnelevatedTask"""
"5/26/2026 7:11:10 AM","102","Information","Microsoft-Windows-TaskScheduler","Task Scheduler successfully finished ""{f2ffbbdf-b890-49b1-b960-20fdf31f120f}"" instance of the ""\Microsoft\Windows\TextServicesFramework\MsCtfMonitor"" task for user ""SCAFFOLD\Administrator""."
"5/26/2026 7:11:10 AM","201","Information","Microsoft-Windows-TaskScheduler","Task Scheduler successfully completed task ""\Microsoft\Windows\TextServicesFramework\MsCtfMonitor"" , instance ""{f2ffbbdf-b890-49b1-b960-20fdf31f120f}"" , action ""MsCtfMonitor task handler"" with return code 0."
"5/26/2026 7:11:10 AM","200","Information","Microsoft-Windows-TaskScheduler","Task Scheduler launched action ""C:\Program Files (x86)\Microsoft\EdgeUpdate\MicrosoftEdgeUpdate.exe"" in instance ""{efa7e0ed-ea93-4fee-9615-596e3316db89}"" of task ""\MicrosoftEdgeUpdateTaskMachineCore""."
"5/26/2026 7:11:10 AM","100","Information","Microsoft-Windows-TaskScheduler","Task Scheduler started ""{efa7e0ed-ea93-4fee-9615-596e3316db89}"" instance of the ""\MicrosoftEdgeUpdateTaskMachineCore"" task for user ""NT AUTHORITY\SYSTEM""."
"5/26/2026 7:11:10 AM","129","Information","Microsoft-Windows-TaskScheduler","Task Scheduler launch task ""\MicrosoftEdgeUpdateTaskMachineCore"" , instance ""C:\Program Files (x86)\Microsoft\EdgeUpdate\MicrosoftEdgeUpdate.exe""  with process ID 2596."
"5/26/2026 7:11:10 AM","200","Information","Microsoft-Windows-TaskScheduler","Task Scheduler launched action ""Wininet Cache task object"" in instance ""{2112b5a1-8afe-4076-9cfc-246da5f820f3}"" of task ""\Microsoft\Windows\Wininet\CacheTask""."
"5/26/2026 7:11:10 AM","100","Information","Microsoft-Windows-TaskScheduler","Task Scheduler started ""{2112b5a1-8afe-4076-9cfc-246da5f820f3}"" instance of the ""\Microsoft\Windows\Wininet\CacheTask"" task for user ""SCAFFOLD\Administrator""."
"5/26/2026 7:11:10 AM","119","Information","Microsoft-Windows-TaskScheduler","Task Scheduler launched ""{2112b5a1-8afe-4076-9cfc-246da5f820f3}""  instance of task ""\Microsoft\Windows\Wininet\CacheTask"" due to user ""SCAFFOLD\Administrator""  logon."
"5/26/2026 7:11:10 AM","200","Information","Microsoft-Windows-TaskScheduler","Task Scheduler launched action ""%windir%\system32\ServerManagerLauncher.exe"" in instance ""{6c9a8e4d-e0fb-49ca-ae12-28d6dfe57234}"" of task ""\Microsoft\Windows\Server Manager\ServerManager""."
"5/26/2026 7:11:10 AM","100","Information","Microsoft-Windows-TaskScheduler","Task Scheduler started ""{6c9a8e4d-e0fb-49ca-ae12-28d6dfe57234}"" instance of the ""\Microsoft\Windows\Server Manager\ServerManager"" task for user ""SCAFFOLD\Administrator""."
"5/26/2026 7:11:10 AM","129","Information","Microsoft-Windows-TaskScheduler","Task Scheduler launch task ""\Microsoft\Windows\Server Manager\ServerManager"" , instance ""%windir%\system32\ServerManagerLauncher.exe""  with process ID 2364."
"5/26/2026 7:11:10 AM","200","Information","Microsoft-Windows-TaskScheduler","Task Scheduler launched action ""Device Installation Reboot Dialog Task"" in instance ""{ad3d6048-805a-4333-8dfb-f39fda26ee01}"" of task ""\Microsoft\Windows\Plug and Play\Device Install Reboot Required""."
"5/26/2026 7:11:10 AM","100","Information","Microsoft-Windows-TaskScheduler","Task Scheduler started ""{ad3d6048-805a-4333-8dfb-f39fda26ee01}"" instance of the ""\Microsoft\Windows\Plug and Play\Device Install Reboot Required"" task for user ""SCAFFOLD\Administrator""."
"5/26/2026 7:11:10 AM","129","Information","Microsoft-Windows-TaskScheduler","Task Scheduler launch task ""\Microsoft\Windows\Plug and Play\Device Install Reboot Required"" , instance ""taskhostw.exe""  with process ID 1568."
"5/26/2026 7:11:10 AM","119","Information","Microsoft-Windows-TaskScheduler","Task Scheduler launched ""{ad3d6048-805a-4333-8dfb-f39fda26ee01}""  instance of task ""\Microsoft\Windows\Plug and Play\Device Install Reboot Required"" due to user ""SCAFFOLD\Administrator""  logon."
"5/26/2026 7:11:10 AM","119","Information","Microsoft-Windows-TaskScheduler","Task Scheduler launched ""{efa7e0ed-ea93-4fee-9615-596e3316db89}""  instance of task ""\MicrosoftEdgeUpdateTaskMachineCore"" due to user ""SCAFFOLD\Administrator""  logon."
"5/26/2026 7:11:10 AM","200","Information","Microsoft-Windows-TaskScheduler","Task Scheduler launched action ""MsCtfMonitor task handler"" in instance ""{f2ffbbdf-b890-49b1-b960-20fdf31f120f}"" of task ""\Microsoft\Windows\TextServicesFramework\MsCtfMonitor""."
"5/26/2026 7:11:10 AM","100","Information","Microsoft-Windows-TaskScheduler","Task Scheduler started ""{f2ffbbdf-b890-49b1-b960-20fdf31f120f}"" instance of the ""\Microsoft\Windows\TextServicesFramework\MsCtfMonitor"" task for user ""SCAFFOLD\Administrator""."
"5/26/2026 7:11:10 AM","129","Information","Microsoft-Windows-TaskScheduler","Task Scheduler launch task ""\Microsoft\Windows\TextServicesFramework\MsCtfMonitor"" , instance ""taskhostw.exe""  with process ID 1064."
"5/26/2026 7:11:10 AM","200","Information","Microsoft-Windows-TaskScheduler","Task Scheduler launched action ""Color Calibration Loader"" in instance ""{8554501a-0d0b-4fc2-9e9e-12c410f75456}"" of task ""\Microsoft\Windows\WindowsColorSystem\Calibration Loader""."
"5/26/2026 7:11:10 AM","100","Information","Microsoft-Windows-TaskScheduler","Task Scheduler started ""{8554501a-0d0b-4fc2-9e9e-12c410f75456}"" instance of the ""\Microsoft\Windows\WindowsColorSystem\Calibration Loader"" task for user ""SCAFFOLD\Administrator""."
"5/26/2026 7:11:10 AM","119","Information","Microsoft-Windows-TaskScheduler","Task Scheduler launched ""{8554501a-0d0b-4fc2-9e9e-12c410f75456}""  instance of task ""\Microsoft\Windows\WindowsColorSystem\Calibration Loader"" due to user ""SCAFFOLD\Administrator""  logon."
"5/26/2026 7:11:10 AM","119","Information","Microsoft-Windows-TaskScheduler","Task Scheduler launched ""{f2ffbbdf-b890-49b1-b960-20fdf31f120f}""  instance of task ""\Microsoft\Windows\TextServicesFramework\MsCtfMonitor"" due to user ""SCAFFOLD\Administrator""  logon."
"5/26/2026 7:11:10 AM","200","Information","Microsoft-Windows-TaskScheduler","Task Scheduler launched action ""Certificate Services Client Task Handler"" in instance ""{e9d8aef8-d028-4ba6-9286-d87048b7ab4a}"" of task ""\Microsoft\Windows\CertificateServicesClient\UserTask""."
"5/26/2026 7:11:10 AM","100","Information","Microsoft-Windows-TaskScheduler","Task Scheduler started ""{e9d8aef8-d028-4ba6-9286-d87048b7ab4a}"" instance of the ""\Microsoft\Windows\CertificateServicesClient\UserTask"" task for user ""SCAFFOLD\Administrator""."
"5/26/2026 7:11:10 AM","119","Information","Microsoft-Windows-TaskScheduler","Task Scheduler launched ""{6c9a8e4d-e0fb-49ca-ae12-28d6dfe57234}""  instance of task ""\Microsoft\Windows\Server Manager\ServerManager"" due to user ""SCAFFOLD\Administrator""  logon."
"5/26/2026 7:11:10 AM","129","Information","Microsoft-Windows-TaskScheduler","Task Scheduler launch task ""\Microsoft\Windows\CertificateServicesClient\UserTask"" , instance ""taskhostw.exe""  with process ID 812."
"5/26/2026 7:11:10 AM","119","Information","Microsoft-Windows-TaskScheduler","Task Scheduler launched ""{e9d8aef8-d028-4ba6-9286-d87048b7ab4a}""  instance of task ""\Microsoft\Windows\CertificateServicesClient\UserTask"" due to user ""SCAFFOLD\Administrator""  logon."
"5/26/2026 7:10:55 AM","102","Information","Microsoft-Windows-TaskScheduler","Task Scheduler successfully finished ""{37edf1aa-021a-4bc2-96d0-90c0b14a6781}"" instance of the ""\Microsoft\Windows\Software Inventory Logging\Configuration"" task for user ""NT AUTHORITY\SYSTEM""."
"5/26/2026 7:10:55 AM","201","Information","Microsoft-Windows-TaskScheduler","Task Scheduler successfully completed task ""\Microsoft\Windows\Software Inventory Logging\Configuration"" , instance ""{37edf1aa-021a-4bc2-96d0-90c0b14a6781}"" , action ""%systemroot%\system32\cmd.exe"" with return code 0."
"5/26/2026 7:10:55 AM","102","Information","Microsoft-Windows-TaskScheduler","Task Scheduler successfully finished ""{48c6396e-d60e-4e63-a4b6-e3f3cbf12e56}"" instance of the ""\Microsoft\Windows\DirectX\DXGIAdapterCache"" task for user ""NT AUTHORITY\SYSTEM""."
"5/26/2026 7:10:55 AM","201","Information","Microsoft-Windows-TaskScheduler","Task Scheduler successfully completed task ""\Microsoft\Windows\DirectX\DXGIAdapterCache"" , instance ""{48c6396e-d60e-4e63-a4b6-e3f3cbf12e56}"" , action ""%windir%\system32\dxgiadaptercache.exe"" with return code 0."
"5/26/2026 7:10:55 AM","200","Information","Microsoft-Windows-TaskScheduler","Task Scheduler launched action ""%systemroot%\system32\cmd.exe"" in instance ""{37edf1aa-021a-4bc2-96d0-90c0b14a6781}"" of task ""\Microsoft\Windows\Software Inventory Logging\Configuration""."
"5/26/2026 7:10:55 AM","100","Information","Microsoft-Windows-TaskScheduler","Task Scheduler started ""{37edf1aa-021a-4bc2-96d0-90c0b14a6781}"" instance of the ""\Microsoft\Windows\Software Inventory Logging\Configuration"" task for user ""NT AUTHORITY\SYSTEM""."
"5/26/2026 7:10:55 AM","129","Information","Microsoft-Windows-TaskScheduler","Task Scheduler launch task ""\Microsoft\Windows\Software Inventory Logging\Configuration"" , instance ""%systemroot%\system32\cmd.exe""  with process ID 3796."
"5/26/2026 7:10:55 AM","200","Information","Microsoft-Windows-TaskScheduler","Task Scheduler launched action ""%windir%\system32\dxgiadaptercache.exe"" in instance ""{48c6396e-d60e-4e63-a4b6-e3f3cbf12e56}"" of task ""\Microsoft\Windows\DirectX\DXGIAdapterCache""."
"5/26/2026 7:10:55 AM","100","Information","Microsoft-Windows-TaskScheduler","Task Scheduler started ""{48c6396e-d60e-4e63-a4b6-e3f3cbf12e56}"" instance of the ""\Microsoft\Windows\DirectX\DXGIAdapterCache"" task for user ""NT AUTHORITY\SYSTEM""."
"5/26/2026 7:10:55 AM","129","Information","Microsoft-Windows-TaskScheduler","Task Scheduler launch task ""\Microsoft\Windows\DirectX\DXGIAdapterCache"" , instance ""%windir%\system32\dxgiadaptercache.exe""  with process ID 4764."
"5/26/2026 7:10:55 AM","118","Information","Microsoft-Windows-TaskScheduler","Task Scheduler launched ""{48c6396e-d60e-4e63-a4b6-e3f3cbf12e56}""  instance of task ""\Microsoft\Windows\DirectX\DXGIAdapterCache""  due to system startup."
"5/26/2026 7:10:55 AM","118","Information","Microsoft-Windows-TaskScheduler","Task Scheduler launched ""{37edf1aa-021a-4bc2-96d0-90c0b14a6781}""  instance of task ""\Microsoft\Windows\Software Inventory Logging\Configuration""  due to system startup."
"5/26/2026 7:10:44 AM","102","Information","Microsoft-Windows-TaskScheduler","Task Scheduler successfully finished ""{c2b3fdd3-45d0-49b4-b184-bb4f996ea153}"" instance of the ""\Microsoft\Windows\CertificateServicesClient\SystemTask"" task for user ""NT AUTHORITY\SYSTEM""."
"5/26/2026 7:10:44 AM","201","Information","Microsoft-Windows-TaskScheduler","Task Scheduler successfully completed task ""\Microsoft\Windows\CertificateServicesClient\SystemTask"" , instance ""{c2b3fdd3-45d0-49b4-b184-bb4f996ea153}"" , action ""Certificate Services Client Task Handler"" with return code 0."
"5/26/2026 7:10:42 AM","102","Information","Microsoft-Windows-TaskScheduler","Task Scheduler successfully finished ""{88100f9d-dae2-4eed-bcf5-27d2cd1ae40b}"" instance of the ""\Scaffold\ScaffoldDeployEngine"" task for user ""NT AUTHORITY\SYSTEM""."
"5/26/2026 7:10:42 AM","201","Information","Microsoft-Windows-TaskScheduler","Task Scheduler successfully completed task ""\Scaffold\ScaffoldDeployEngine"" , instance ""{88100f9d-dae2-4eed-bcf5-27d2cd1ae40b}"" , action ""powershell.exe"" with return code 0."
"5/26/2026 7:10:41 AM","200","Information","Microsoft-Windows-TaskScheduler","Task Scheduler launched action ""powershell.exe"" in instance ""{88100f9d-dae2-4eed-bcf5-27d2cd1ae40b}"" of task ""\Scaffold\ScaffoldDeployEngine""."
"5/26/2026 7:10:41 AM","100","Information","Microsoft-Windows-TaskScheduler","Task Scheduler started ""{88100f9d-dae2-4eed-bcf5-27d2cd1ae40b}"" instance of the ""\Scaffold\ScaffoldDeployEngine"" task for user ""NT AUTHORITY\SYSTEM""."
"5/26/2026 7:10:41 AM","129","Information","Microsoft-Windows-TaskScheduler","Task Scheduler launch task ""\Scaffold\ScaffoldDeployEngine"" , instance ""powershell.exe""  with process ID 2548."
"5/26/2026 7:10:41 AM","107","Information","Microsoft-Windows-TaskScheduler","Task Scheduler launched ""{88100f9d-dae2-4eed-bcf5-27d2cd1ae40b}""  instance of task ""\Scaffold\ScaffoldDeployEngine"" due to a time trigger condition."
"5/26/2026 7:10:35 AM","140","Information","Microsoft-Windows-TaskScheduler","User ""SCAFFOLD\DC$""  updated Task Scheduler task ""\Microsoft\Windows\SoftwareProtectionPlatform\SvcRestartTask"""
"5/26/2026 7:10:34 AM","102","Information","Microsoft-Windows-TaskScheduler","Task Scheduler successfully finished ""{4ea2e1dd-4a0d-467e-8a6e-b687f8114fdc}"" instance of the ""\Microsoft\Windows\Workplace Join\Automatic-Device-Join"" task for user ""NT AUTHORITY\SYSTEM""."
"5/26/2026 7:10:34 AM","201","Information","Microsoft-Windows-TaskScheduler","Task Scheduler successfully completed task ""\Microsoft\Windows\Workplace Join\Automatic-Device-Join"" , instance ""{4ea2e1dd-4a0d-467e-8a6e-b687f8114fdc}"" , action ""%SystemRoot%\System32\dsregcmd.exe"" with return code 0."
"5/26/2026 7:10:05 AM","200","Information","Microsoft-Windows-TaskScheduler","Task Scheduler launched action ""Certificate Services Client Task Handler"" in instance ""{c2b3fdd3-45d0-49b4-b184-bb4f996ea153}"" of task ""\Microsoft\Windows\CertificateServicesClient\SystemTask""."
"5/26/2026 7:10:05 AM","100","Information","Microsoft-Windows-TaskScheduler","Task Scheduler started ""{c2b3fdd3-45d0-49b4-b184-bb4f996ea153}"" instance of the ""\Microsoft\Windows\CertificateServicesClient\SystemTask"" task for user ""NT AUTHORITY\SYSTEM""."
"5/26/2026 7:10:05 AM","129","Information","Microsoft-Windows-TaskScheduler","Task Scheduler launch task ""\Microsoft\Windows\CertificateServicesClient\SystemTask"" , instance ""taskhostw.exe""  with process ID 5032."
"5/26/2026 7:10:05 AM","118","Information","Microsoft-Windows-TaskScheduler","Task Scheduler launched ""{c2b3fdd3-45d0-49b4-b184-bb4f996ea153}""  instance of task ""\Microsoft\Windows\CertificateServicesClient\SystemTask""  due to system startup."
"5/26/2026 7:09:55 AM","102","Information","Microsoft-Windows-TaskScheduler","Task Scheduler successfully finished ""{1371a188-06b7-40df-9d11-312e1fb085df}"" instance of the ""\Microsoft\Windows\WwanSvc\OobeDiscovery"" task for user ""NT AUTHORITY\SYSTEM""."
"5/26/2026 7:09:55 AM","201","Information","Microsoft-Windows-TaskScheduler","Task Scheduler successfully completed task ""\Microsoft\Windows\WwanSvc\OobeDiscovery"" , instance ""{1371a188-06b7-40df-9d11-312e1fb085df}"" , action ""OobeEsimTaskManager"" with return code 0."
"5/26/2026 7:09:55 AM","102","Information","Microsoft-Windows-TaskScheduler","Task Scheduler successfully finished ""{c747ae06-2cad-44ba-a3c3-8323fb712af1}"" instance of the ""\Microsoft\Windows\ExploitGuard\ExploitGuard MDM policy Refresh"" task for user ""NT AUTHORITY\SYSTEM""."
"5/26/2026 7:09:55 AM","201","Information","Microsoft-Windows-TaskScheduler","Task Scheduler successfully completed task ""\Microsoft\Windows\ExploitGuard\ExploitGuard MDM policy Refresh"" , instance ""{c747ae06-2cad-44ba-a3c3-8323fb712af1}"" , action """" with return code 0."
"5/26/2026 7:09:55 AM","102","Information","Microsoft-Windows-TaskScheduler","Task Scheduler successfully finished ""{7b671416-8d90-49c9-b5c4-6c92a0a1b4cf}"" instance of the ""\Microsoft\Windows\DirectX\DXGIAdapterCache"" task for user ""NT AUTHORITY\SYSTEM""."
"5/26/2026 7:09:55 AM","201","Information","Microsoft-Windows-TaskScheduler","Task Scheduler successfully completed task ""\Microsoft\Windows\DirectX\DXGIAdapterCache"" , instance ""{7b671416-8d90-49c9-b5c4-6c92a0a1b4cf}"" , action ""%windir%\system32\dxgiadaptercache.exe"" with return code 0."
"5/26/2026 7:09:55 AM","102","Information","Microsoft-Windows-TaskScheduler","Task Scheduler successfully finished ""{f49d4d49-a893-4580-adac-ced526354688}"" instance of the ""\Microsoft\Windows\Time Synchronization\ForceSynchronizeTime"" task for user ""(NONE)""."
"5/26/2026 7:09:55 AM","201","Information","Microsoft-Windows-TaskScheduler","Task Scheduler successfully completed task ""\Microsoft\Windows\Time Synchronization\ForceSynchronizeTime"" , instance ""{f49d4d49-a893-4580-adac-ced526354688}"" , action ""Time Synchronization Task Handler"" with return code 0."
"5/26/2026 7:09:55 AM","200","Information","Microsoft-Windows-TaskScheduler","Task Scheduler launched action ""Time Synchronization Task Handler"" in instance ""{f49d4d49-a893-4580-adac-ced526354688}"" of task ""\Microsoft\Windows\Time Synchronization\ForceSynchronizeTime""."
"5/26/2026 7:09:55 AM","100","Information","Microsoft-Windows-TaskScheduler","Task Scheduler started ""{f49d4d49-a893-4580-adac-ced526354688}"" instance of the ""\Microsoft\Windows\Time Synchronization\ForceSynchronizeTime"" task for user ""(NONE)""."
"5/26/2026 7:09:55 AM","129","Information","Microsoft-Windows-TaskScheduler","Task Scheduler launch task ""\Microsoft\Windows\Time Synchronization\ForceSynchronizeTime"" , instance ""taskhostw.exe""  with process ID 2708."
"5/26/2026 7:09:55 AM","200","Information","Microsoft-Windows-TaskScheduler","Task Scheduler launched action ""OobeEsimTaskManager"" in instance ""{1371a188-06b7-40df-9d11-312e1fb085df}"" of task ""\Microsoft\Windows\WwanSvc\OobeDiscovery""."
"5/26/2026 7:09:55 AM","100","Information","Microsoft-Windows-TaskScheduler","Task Scheduler started ""{1371a188-06b7-40df-9d11-312e1fb085df}"" instance of the ""\Microsoft\Windows\WwanSvc\OobeDiscovery"" task for user ""NT AUTHORITY\SYSTEM""."
"5/26/2026 7:09:55 AM","200","Information","Microsoft-Windows-TaskScheduler","Task Scheduler launched action ""%SystemRoot%\System32\dsregcmd.exe"" in instance ""{4ea2e1dd-4a0d-467e-8a6e-b687f8114fdc}"" of task ""\Microsoft\Windows\Workplace Join\Automatic-Device-Join""."
"5/26/2026 7:09:55 AM","100","Information","Microsoft-Windows-TaskScheduler","Task Scheduler started ""{4ea2e1dd-4a0d-467e-8a6e-b687f8114fdc}"" instance of the ""\Microsoft\Windows\Workplace Join\Automatic-Device-Join"" task for user ""NT AUTHORITY\SYSTEM""."
"5/26/2026 7:09:55 AM","129","Information","Microsoft-Windows-TaskScheduler","Task Scheduler launch task ""\Microsoft\Windows\Workplace Join\Automatic-Device-Join"" , instance ""%SystemRoot%\System32\dsregcmd.exe""  with process ID 2592."
"5/26/2026 7:09:55 AM","110","Information","Microsoft-Windows-TaskScheduler","Task Scheduler launched ""{4ea2e1dd-4a0d-467e-8a6e-b687f8114fdc}""  instance of task ""\Microsoft\Windows\Workplace Join\Automatic-Device-Join""  for user ""System"" ."
"5/26/2026 7:09:55 AM","325","Warning","Microsoft-Windows-TaskScheduler","Task Scheduler queued instance ""{4ea2e1dd-4a0d-467e-8a6e-b687f8114fdc}""  of task ""\Microsoft\Windows\Workplace Join\Automatic-Device-Join""."
"5/26/2026 7:09:55 AM","200","Information","Microsoft-Windows-TaskScheduler","Task Scheduler launched action ""%windir%\system32\dxgiadaptercache.exe"" in instance ""{7b671416-8d90-49c9-b5c4-6c92a0a1b4cf}"" of task ""\Microsoft\Windows\DirectX\DXGIAdapterCache""."
"5/26/2026 7:09:55 AM","100","Information","Microsoft-Windows-TaskScheduler","Task Scheduler started ""{7b671416-8d90-49c9-b5c4-6c92a0a1b4cf}"" instance of the ""\Microsoft\Windows\DirectX\DXGIAdapterCache"" task for user ""NT AUTHORITY\SYSTEM""."
"5/26/2026 7:09:55 AM","129","Information","Microsoft-Windows-TaskScheduler","Task Scheduler launch task ""\Microsoft\Windows\DirectX\DXGIAdapterCache"" , instance ""%windir%\system32\dxgiadaptercache.exe""  with process ID 2080."
"5/26/2026 7:09:55 AM","200","Information","Microsoft-Windows-TaskScheduler","Task Scheduler launched action """" in instance ""{c747ae06-2cad-44ba-a3c3-8323fb712af1}"" of task ""\Microsoft\Windows\ExploitGuard\ExploitGuard MDM policy Refresh""."
"5/26/2026 7:09:55 AM","100","Information","Microsoft-Windows-TaskScheduler","Task Scheduler started ""{c747ae06-2cad-44ba-a3c3-8323fb712af1}"" instance of the ""\Microsoft\Windows\ExploitGuard\ExploitGuard MDM policy Refresh"" task for user ""NT AUTHORITY\SYSTEM""."
"5/26/2026 7:09:55 AM","129","Information","Microsoft-Windows-TaskScheduler","Task Scheduler launch task ""\Microsoft\Windows\ExploitGuard\ExploitGuard MDM policy Refresh"" , instance ""taskhostw.exe""  with process ID 2056."
"5/26/2026 7:09:55 AM","118","Information","Microsoft-Windows-TaskScheduler","Task Scheduler launched ""{c747ae06-2cad-44ba-a3c3-8323fb712af1}""  instance of task ""\Microsoft\Windows\ExploitGuard\ExploitGuard MDM policy Refresh""  due to system startup."
"5/26/2026 7:09:55 AM","400","Information","Microsoft-Windows-TaskScheduler","Task Scheduler service has started."
"5/26/2026 7:09:55 AM","700","Information","Microsoft-Windows-TaskScheduler","Task Scheduler service started Task Compatibility module."
"5/25/2026 8:56:44 AM","402","Information","Microsoft-Windows-TaskScheduler","Task Scheduler service is shutting down."
"5/25/2026 8:56:43 AM","111","Information","Microsoft-Windows-TaskScheduler","Task Scheduler terminated ""{ce8bfd23-6dd1-4c30-a094-1f812384868b}""  instance of the ""\MicrosoftEdgeUpdateTaskMachineCore""  task."
"5/25/2026 8:56:43 AM","102","Information","Microsoft-Windows-TaskScheduler","Task Scheduler successfully finished ""{ce8bfd23-6dd1-4c30-a094-1f812384868b}"" instance of the ""\MicrosoftEdgeUpdateTaskMachineCore"" task for user ""NT AUTHORITY\SYSTEM""."
"5/25/2026 8:56:43 AM","201","Information","Microsoft-Windows-TaskScheduler","Task Scheduler successfully completed task ""\MicrosoftEdgeUpdateTaskMachineCore"" , instance ""{ce8bfd23-6dd1-4c30-a094-1f812384868b}"" , action ""C:\Program Files (x86)\Microsoft\EdgeUpdate\MicrosoftEdgeUpdate.exe"" with return code 2147943691."
"5/25/2026 8:56:43 AM","103","Error","Microsoft-Windows-TaskScheduler","Task Scheduler failed to start instance ""{14c3baa0-7a96-482a-ae4b-9695f2e32011}"" of ""\Microsoft\Windows\Wininet\CacheTask""  task for user """" . Additional Data: Error Value: 2147942404."
"5/25/2026 8:56:43 AM","202","Error","Microsoft-Windows-TaskScheduler","Task Scheduler failed to complete task ""\Microsoft\Windows\Wininet\CacheTask"" , instance ""{14c3baa0-7a96-482a-ae4b-9695f2e32011}"" , action ""Wininet Cache task object"" . Additional Data: Error Value: 2147942404."
"5/25/2026 8:56:43 AM","102","Information","Microsoft-Windows-TaskScheduler","Task Scheduler successfully finished ""{7b41af08-89b4-4e49-83b0-102ae7a713b9}"" instance of the ""\CreateExplorerShellUnelevatedTask"" task for user ""SCAFFOLD\Administrator""."
"5/25/2026 8:56:43 AM","201","Information","Microsoft-Windows-TaskScheduler","Task Scheduler successfully completed task ""\CreateExplorerShellUnelevatedTask"" , instance ""{7b41af08-89b4-4e49-83b0-102ae7a713b9}"" , action ""C:\Windows\Explorer.EXE"" with return code 2147942404."
"5/25/2026 8:56:41 AM","102","Information","Microsoft-Windows-TaskScheduler","Task Scheduler successfully finished ""{63400a78-adac-499f-95f9-e7371e27d8b6}"" instance of the ""\Scaffold\ScaffoldDeployEngine"" task for user ""NT AUTHORITY\SYSTEM""."
"5/25/2026 8:56:41 AM","201","Information","Microsoft-Windows-TaskScheduler","Task Scheduler successfully completed task ""\Scaffold\ScaffoldDeployEngine"" , instance ""{63400a78-adac-499f-95f9-e7371e27d8b6}"" , action ""powershell.exe"" with return code 0."
"5/25/2026 8:56:41 AM","200","Information","Microsoft-Windows-TaskScheduler","Task Scheduler launched action ""powershell.exe"" in instance ""{63400a78-adac-499f-95f9-e7371e27d8b6}"" of task ""\Scaffold\ScaffoldDeployEngine""."
"5/25/2026 8:56:41 AM","100","Information","Microsoft-Windows-TaskScheduler","Task Scheduler started ""{63400a78-adac-499f-95f9-e7371e27d8b6}"" instance of the ""\Scaffold\ScaffoldDeployEngine"" task for user ""NT AUTHORITY\SYSTEM""."
"5/25/2026 8:56:41 AM","129","Information","Microsoft-Windows-TaskScheduler","Task Scheduler launch task ""\Scaffold\ScaffoldDeployEngine"" , instance ""powershell.exe""  with process ID 7628."
"5/25/2026 8:56:41 AM","107","Information","Microsoft-Windows-TaskScheduler","Task Scheduler launched ""{63400a78-adac-499f-95f9-e7371e27d8b6}""  instance of task ""\Scaffold\ScaffoldDeployEngine"" due to a time trigger condition."
"5/25/2026 8:54:41 AM","102","Information","Microsoft-Windows-TaskScheduler","Task Scheduler successfully finished ""{80ebef78-056e-4f1e-b6f4-091ff66a3aa5}"" instance of the ""\Scaffold\ScaffoldDeployEngine"" task for user ""NT AUTHORITY\SYSTEM""."
"5/25/2026 8:54:41 AM","201","Information","Microsoft-Windows-TaskScheduler","Task Scheduler successfully completed task ""\Scaffold\ScaffoldDeployEngine"" , instance ""{80ebef78-056e-4f1e-b6f4-091ff66a3aa5}"" , action ""powershell.exe"" with return code 0."
"5/25/2026 8:54:41 AM","200","Information","Microsoft-Windows-TaskScheduler","Task Scheduler launched action ""powershell.exe"" in instance ""{80ebef78-056e-4f1e-b6f4-091ff66a3aa5}"" of task ""\Scaffold\ScaffoldDeployEngine""."
"5/25/2026 8:54:41 AM","100","Information","Microsoft-Windows-TaskScheduler","Task Scheduler started ""{80ebef78-056e-4f1e-b6f4-091ff66a3aa5}"" instance of the ""\Scaffold\ScaffoldDeployEngine"" task for user ""NT AUTHORITY\SYSTEM""."
"5/25/2026 8:54:41 AM","129","Information","Microsoft-Windows-TaskScheduler","Task Scheduler launch task ""\Scaffold\ScaffoldDeployEngine"" , instance ""powershell.exe""  with process ID 2496."
"5/25/2026 8:54:41 AM","107","Information","Microsoft-Windows-TaskScheduler","Task Scheduler launched ""{80ebef78-056e-4f1e-b6f4-091ff66a3aa5}""  instance of task ""\Scaffold\ScaffoldDeployEngine"" due to a time trigger condition."
"5/25/2026 8:54:24 AM","102","Information","Microsoft-Windows-TaskScheduler","Task Scheduler successfully finished ""{3891ff7a-dfdd-4a02-8a32-800ca09488e7}"" instance of the ""\Microsoft\Windows\UpdateOrchestrator\Schedule Scan"" task for user ""NT AUTHORITY\SYSTEM""."
"5/25/2026 8:54:24 AM","201","Information","Microsoft-Windows-TaskScheduler","Task Scheduler successfully completed task ""\Microsoft\Windows\UpdateOrchestrator\Schedule Scan"" , instance ""{3891ff7a-dfdd-4a02-8a32-800ca09488e7}"" , action ""%systemroot%\system32\usoclient.exe"" with return code 0."
"5/25/2026 8:54:24 AM","200","Information","Microsoft-Windows-TaskScheduler","Task Scheduler launched action ""%systemroot%\system32\usoclient.exe"" in instance ""{3891ff7a-dfdd-4a02-8a32-800ca09488e7}"" of task ""\Microsoft\Windows\UpdateOrchestrator\Schedule Scan""."
"5/25/2026 8:54:24 AM","100","Information","Microsoft-Windows-TaskScheduler","Task Scheduler started ""{3891ff7a-dfdd-4a02-8a32-800ca09488e7}"" instance of the ""\Microsoft\Windows\UpdateOrchestrator\Schedule Scan"" task for user ""NT AUTHORITY\SYSTEM""."
"5/25/2026 8:54:24 AM","129","Information","Microsoft-Windows-TaskScheduler","Task Scheduler launch task ""\Microsoft\Windows\UpdateOrchestrator\Schedule Scan"" , instance ""%systemroot%\system32\usoclient.exe""  with process ID 8188."
"5/25/2026 8:54:24 AM","107","Information","Microsoft-Windows-TaskScheduler","Task Scheduler launched ""{3891ff7a-dfdd-4a02-8a32-800ca09488e7}""  instance of task ""\Microsoft\Windows\UpdateOrchestrator\Schedule Scan"" due to a time trigger condition."
"5/25/2026 8:53:03 AM","102","Information","Microsoft-Windows-TaskScheduler","Task Scheduler successfully finished ""{9a07ad20-da88-46ee-b203-035b3b1a9881}"" instance of the ""\Microsoft\Windows\WDI\ResolutionHost"" task for user ""SCAFFOLD\Administrator""."
"5/25/2026 8:53:03 AM","201","Information","Microsoft-Windows-TaskScheduler","Task Scheduler successfully completed task ""\Microsoft\Windows\WDI\ResolutionHost"" , instance ""{9a07ad20-da88-46ee-b203-035b3b1a9881}"" , action ""DiagnosticInfrastructureCustomHandler"" with return code 0."
"5/25/2026 8:52:44 AM","102","Information","Microsoft-Windows-TaskScheduler","Task Scheduler successfully finished ""{4b3ba202-256b-4a07-81ec-2c3d800de62c}"" instance of the ""\Scaffold\ScaffoldDeployEngine"" task for user ""NT AUTHORITY\SYSTEM""."
"5/25/2026 8:52:44 AM","201","Information","Microsoft-Windows-TaskScheduler","Task Scheduler successfully completed task ""\Scaffold\ScaffoldDeployEngine"" , instance ""{4b3ba202-256b-4a07-81ec-2c3d800de62c}"" , action ""powershell.exe"" with return code 0."
"5/25/2026 8:52:41 AM","200","Information","Microsoft-Windows-TaskScheduler","Task Scheduler launched action ""powershell.exe"" in instance ""{4b3ba202-256b-4a07-81ec-2c3d800de62c}"" of task ""\Scaffold\ScaffoldDeployEngine""."
"5/25/2026 8:52:41 AM","100","Information","Microsoft-Windows-TaskScheduler","Task Scheduler started ""{4b3ba202-256b-4a07-81ec-2c3d800de62c}"" instance of the ""\Scaffold\ScaffoldDeployEngine"" task for user ""NT AUTHORITY\SYSTEM""."
"5/25/2026 8:52:41 AM","129","Information","Microsoft-Windows-TaskScheduler","Task Scheduler launch task ""\Scaffold\ScaffoldDeployEngine"" , instance ""powershell.exe""  with process ID 7924."
"5/25/2026 8:52:41 AM","107","Information","Microsoft-Windows-TaskScheduler","Task Scheduler launched ""{4b3ba202-256b-4a07-81ec-2c3d800de62c}""  instance of task ""\Scaffold\ScaffoldDeployEngine"" due to a time trigger condition."
"5/25/2026 8:50:41 AM","102","Information","Microsoft-Windows-TaskScheduler","Task Scheduler successfully finished ""{15c6eb61-ef0a-447c-9879-d0e98dfbbb32}"" instance of the ""\Scaffold\ScaffoldDeployEngine"" task for user ""NT AUTHORITY\SYSTEM""."
