"9/1/2026 9:55:35 PM","129","Information","Microsoft-Windows-TaskScheduler","Task Scheduler launch task ""\Microsoft\Windows\DirectX\DXGIAdapterCache"" , instance ""%windir%\system32\dxgiadaptercache.exe""  with process ID 5752."
"9/1/2026 9:55:35 PM","118","Information","Microsoft-Windows-TaskScheduler","Task Scheduler launched ""{ec69549a-dae3-4d3b-b816-d62a35eeaf35}""  instance of task ""\Microsoft\Windows\DirectX\DXGIAdapterCache""  due to system startup."
"9/1/2026 9:55:35 PM","200","Information","Microsoft-Windows-TaskScheduler","Task Scheduler launched action ""%systemroot%\system32\cmd.exe"" in instance ""{700c0720-b459-47dd-9ef4-acc6d8af19bc}"" of task ""\Microsoft\Windows\Software Inventory Logging\Configuration""."
"9/1/2026 9:55:35 PM","100","Information","Microsoft-Windows-TaskScheduler","Task Scheduler started ""{700c0720-b459-47dd-9ef4-acc6d8af19bc}"" instance of the ""\Microsoft\Windows\Software Inventory Logging\Configuration"" task for user ""NT AUTHORITY\SYSTEM""."
"9/1/2026 9:55:35 PM","129","Information","Microsoft-Windows-TaskScheduler","Task Scheduler launch task ""\Microsoft\Windows\Software Inventory Logging\Configuration"" , instance ""%systemroot%\system32\cmd.exe""  with process ID 5744."
"9/1/2026 9:55:35 PM","118","Information","Microsoft-Windows-TaskScheduler","Task Scheduler launched ""{700c0720-b459-47dd-9ef4-acc6d8af19bc}""  instance of task ""\Microsoft\Windows\Software Inventory Logging\Configuration""  due to system startup."
"9/1/2026 9:54:46 PM","200","Information","Microsoft-Windows-TaskScheduler","Task Scheduler launched action ""Certificate Services Client Task Handler"" in instance ""{1fa461ce-3595-4bef-bbbd-1b418db76782}"" of task ""\Microsoft\Windows\CertificateServicesClient\SystemTask""."
"9/1/2026 9:54:46 PM","100","Information","Microsoft-Windows-TaskScheduler","Task Scheduler started ""{1fa461ce-3595-4bef-bbbd-1b418db76782}"" instance of the ""\Microsoft\Windows\CertificateServicesClient\SystemTask"" task for user ""NT AUTHORITY\SYSTEM""."
"9/1/2026 9:54:46 PM","129","Information","Microsoft-Windows-TaskScheduler","Task Scheduler launch task ""\Microsoft\Windows\CertificateServicesClient\SystemTask"" , instance ""taskhostw.exe""  with process ID 3764."
"9/1/2026 9:54:46 PM","118","Information","Microsoft-Windows-TaskScheduler","Task Scheduler launched ""{1fa461ce-3595-4bef-bbbd-1b418db76782}""  instance of task ""\Microsoft\Windows\CertificateServicesClient\SystemTask""  due to system startup."
"9/1/2026 9:54:41 PM","200","Information","Microsoft-Windows-TaskScheduler","Task Scheduler launched action ""powershell.exe"" in instance ""{0c7519bc-7dd0-427d-9fb5-68452306e951}"" of task ""\Scaffold\ScaffoldDeployEngine""."
"9/1/2026 9:54:41 PM","100","Information","Microsoft-Windows-TaskScheduler","Task Scheduler started ""{0c7519bc-7dd0-427d-9fb5-68452306e951}"" instance of the ""\Scaffold\ScaffoldDeployEngine"" task for user ""NT AUTHORITY\SYSTEM""."
"9/1/2026 9:54:41 PM","129","Information","Microsoft-Windows-TaskScheduler","Task Scheduler launch task ""\Scaffold\ScaffoldDeployEngine"" , instance ""powershell.exe""  with process ID 2576."
"9/1/2026 9:54:41 PM","107","Information","Microsoft-Windows-TaskScheduler","Task Scheduler launched ""{0c7519bc-7dd0-427d-9fb5-68452306e951}""  instance of task ""\Scaffold\ScaffoldDeployEngine"" due to a time trigger condition."
"9/1/2026 9:54:38 PM","102","Information","Microsoft-Windows-TaskScheduler","Task Scheduler successfully finished ""{f2819d0b-ba88-4051-b293-439d1f075643}"" instance of the ""\Microsoft\Windows\Time Synchronization\ForceSynchronizeTime"" task for user ""(NONE)""."
"9/1/2026 9:54:38 PM","201","Information","Microsoft-Windows-TaskScheduler","Task Scheduler successfully completed task ""\Microsoft\Windows\Time Synchronization\ForceSynchronizeTime"" , instance ""{f2819d0b-ba88-4051-b293-439d1f075643}"" , action ""Time Synchronization Task Handler"" with return code 0."
"9/1/2026 9:54:38 PM","200","Information","Microsoft-Windows-TaskScheduler","Task Scheduler launched action ""Time Synchronization Task Handler"" in instance ""{f2819d0b-ba88-4051-b293-439d1f075643}"" of task ""\Microsoft\Windows\Time Synchronization\ForceSynchronizeTime""."
"9/1/2026 9:54:38 PM","100","Information","Microsoft-Windows-TaskScheduler","Task Scheduler started ""{f2819d0b-ba88-4051-b293-439d1f075643}"" instance of the ""\Microsoft\Windows\Time Synchronization\ForceSynchronizeTime"" task for user ""(NONE)""."
"9/1/2026 9:54:38 PM","129","Information","Microsoft-Windows-TaskScheduler","Task Scheduler launch task ""\Microsoft\Windows\Time Synchronization\ForceSynchronizeTime"" , instance ""taskhostw.exe""  with process ID 2504."
"9/1/2026 9:54:38 PM","102","Information","Microsoft-Windows-TaskScheduler","Task Scheduler successfully finished ""{7390a18d-84ce-4f67-836c-e26062af7575}"" instance of the ""\Microsoft\Windows\WwanSvc\OobeDiscovery"" task for user ""NT AUTHORITY\SYSTEM""."
"9/1/2026 9:54:38 PM","201","Information","Microsoft-Windows-TaskScheduler","Task Scheduler successfully completed task ""\Microsoft\Windows\WwanSvc\OobeDiscovery"" , instance ""{7390a18d-84ce-4f67-836c-e26062af7575}"" , action ""OobeEsimTaskManager"" with return code 0."
"9/1/2026 9:54:37 PM","102","Information","Microsoft-Windows-TaskScheduler","Task Scheduler successfully finished ""{408ff947-fed1-43d0-8e09-f09c1d3ff448}"" instance of the ""\Microsoft\Windows\DirectX\DXGIAdapterCache"" task for user ""NT AUTHORITY\SYSTEM""."
"9/1/2026 9:54:37 PM","201","Information","Microsoft-Windows-TaskScheduler","Task Scheduler successfully completed task ""\Microsoft\Windows\DirectX\DXGIAdapterCache"" , instance ""{408ff947-fed1-43d0-8e09-f09c1d3ff448}"" , action ""%windir%\system32\dxgiadaptercache.exe"" with return code 0."
"9/1/2026 9:54:37 PM","102","Information","Microsoft-Windows-TaskScheduler","Task Scheduler successfully finished ""{7d7178ea-91e0-41c4-9c8e-3adbff752378}"" instance of the ""\Microsoft\Windows\ExploitGuard\ExploitGuard MDM policy Refresh"" task for user ""NT AUTHORITY\SYSTEM""."
"9/1/2026 9:54:37 PM","201","Information","Microsoft-Windows-TaskScheduler","Task Scheduler successfully completed task ""\Microsoft\Windows\ExploitGuard\ExploitGuard MDM policy Refresh"" , instance ""{7d7178ea-91e0-41c4-9c8e-3adbff752378}"" , action """" with return code 0."
"9/1/2026 9:54:37 PM","110","Information","Microsoft-Windows-TaskScheduler","Task Scheduler launched ""{fb46e717-f265-413a-b769-9691d90416f7}""  instance of task ""\Microsoft\Windows\Workplace Join\Automatic-Device-Join""  for user ""System"" ."
"9/1/2026 9:54:37 PM","200","Information","Microsoft-Windows-TaskScheduler","Task Scheduler launched action ""%SystemRoot%\System32\dsregcmd.exe"" in instance ""{fb46e717-f265-413a-b769-9691d90416f7}"" of task ""\Microsoft\Windows\Workplace Join\Automatic-Device-Join""."
"9/1/2026 9:54:37 PM","100","Information","Microsoft-Windows-TaskScheduler","Task Scheduler started ""{fb46e717-f265-413a-b769-9691d90416f7}"" instance of the ""\Microsoft\Windows\Workplace Join\Automatic-Device-Join"" task for user ""NT AUTHORITY\SYSTEM""."
"9/1/2026 9:54:37 PM","129","Information","Microsoft-Windows-TaskScheduler","Task Scheduler launch task ""\Microsoft\Windows\Workplace Join\Automatic-Device-Join"" , instance ""%SystemRoot%\System32\dsregcmd.exe""  with process ID 2432."
"9/1/2026 9:54:37 PM","325","Warning","Microsoft-Windows-TaskScheduler","Task Scheduler queued instance ""{fb46e717-f265-413a-b769-9691d90416f7}""  of task ""\Microsoft\Windows\Workplace Join\Automatic-Device-Join""."
"9/1/2026 9:54:37 PM","200","Information","Microsoft-Windows-TaskScheduler","Task Scheduler launched action ""OobeEsimTaskManager"" in instance ""{7390a18d-84ce-4f67-836c-e26062af7575}"" of task ""\Microsoft\Windows\WwanSvc\OobeDiscovery""."
"9/1/2026 9:54:37 PM","100","Information","Microsoft-Windows-TaskScheduler","Task Scheduler started ""{7390a18d-84ce-4f67-836c-e26062af7575}"" instance of the ""\Microsoft\Windows\WwanSvc\OobeDiscovery"" task for user ""NT AUTHORITY\SYSTEM""."
"9/1/2026 9:54:36 PM","101","Error","Microsoft-Windows-TaskScheduler","Task Scheduler failed to start ""\Microsoft\Windows\Workplace Join\Automatic-Device-Join"" task for user ""(default user)"". Additional Data: Error Value: 2147943568."
"9/1/2026 9:54:35 PM","200","Information","Microsoft-Windows-TaskScheduler","Task Scheduler launched action ""%windir%\system32\dxgiadaptercache.exe"" in instance ""{408ff947-fed1-43d0-8e09-f09c1d3ff448}"" of task ""\Microsoft\Windows\DirectX\DXGIAdapterCache""."
"9/1/2026 9:54:35 PM","100","Information","Microsoft-Windows-TaskScheduler","Task Scheduler started ""{408ff947-fed1-43d0-8e09-f09c1d3ff448}"" instance of the ""\Microsoft\Windows\DirectX\DXGIAdapterCache"" task for user ""NT AUTHORITY\SYSTEM""."
"9/1/2026 9:54:35 PM","129","Information","Microsoft-Windows-TaskScheduler","Task Scheduler launch task ""\Microsoft\Windows\DirectX\DXGIAdapterCache"" , instance ""%windir%\system32\dxgiadaptercache.exe""  with process ID 2052."
"9/1/2026 9:54:35 PM","200","Information","Microsoft-Windows-TaskScheduler","Task Scheduler launched action """" in instance ""{7d7178ea-91e0-41c4-9c8e-3adbff752378}"" of task ""\Microsoft\Windows\ExploitGuard\ExploitGuard MDM policy Refresh""."
"9/1/2026 9:54:35 PM","100","Information","Microsoft-Windows-TaskScheduler","Task Scheduler started ""{7d7178ea-91e0-41c4-9c8e-3adbff752378}"" instance of the ""\Microsoft\Windows\ExploitGuard\ExploitGuard MDM policy Refresh"" task for user ""NT AUTHORITY\SYSTEM""."
"9/1/2026 9:54:35 PM","129","Information","Microsoft-Windows-TaskScheduler","Task Scheduler launch task ""\Microsoft\Windows\ExploitGuard\ExploitGuard MDM policy Refresh"" , instance ""taskhostw.exe""  with process ID 1552."
"9/1/2026 9:54:35 PM","118","Information","Microsoft-Windows-TaskScheduler","Task Scheduler launched ""{7d7178ea-91e0-41c4-9c8e-3adbff752378}""  instance of task ""\Microsoft\Windows\ExploitGuard\ExploitGuard MDM policy Refresh""  due to system startup."
"9/1/2026 9:54:34 PM","400","Information","Microsoft-Windows-TaskScheduler","Task Scheduler service has started."
"9/1/2026 9:54:34 PM","700","Information","Microsoft-Windows-TaskScheduler","Task Scheduler service started Task Compatibility module."
"9/1/2026 9:46:22 PM","402","Information","Microsoft-Windows-TaskScheduler","Task Scheduler service is shutting down."
"9/1/2026 9:46:13 PM","140","Information","Microsoft-Windows-TaskScheduler","User ""SCAFFOLD\DC$""  updated Task Scheduler task ""\Microsoft\Windows\Application Experience\PcaPatchDbTask"""
"9/1/2026 9:44:59 PM","102","Information","Microsoft-Windows-TaskScheduler","Task Scheduler successfully finished ""{6c05e078-eaf0-4704-bab2-b1fdff398112}"" instance of the ""\Scaffold\ScaffoldDeployEngine"" task for user ""NT AUTHORITY\SYSTEM""."
"9/1/2026 9:44:59 PM","201","Information","Microsoft-Windows-TaskScheduler","Task Scheduler successfully completed task ""\Scaffold\ScaffoldDeployEngine"" , instance ""{6c05e078-eaf0-4704-bab2-b1fdff398112}"" , action ""powershell.exe"" with return code 0."
"9/1/2026 9:44:58 PM","102","Information","Microsoft-Windows-TaskScheduler","Task Scheduler successfully finished ""{57712bad-49ec-46ac-b590-035f7d5a59f7}"" instance of the ""\Microsoft\Windows\Software Inventory Logging\Configuration"" task for user ""NT AUTHORITY\SYSTEM""."
"9/1/2026 9:44:58 PM","201","Information","Microsoft-Windows-TaskScheduler","Task Scheduler successfully completed task ""\Microsoft\Windows\Software Inventory Logging\Configuration"" , instance ""{57712bad-49ec-46ac-b590-035f7d5a59f7}"" , action ""%systemroot%\system32\cmd.exe"" with return code 0."
"9/1/2026 9:44:57 PM","102","Information","Microsoft-Windows-TaskScheduler","Task Scheduler successfully finished ""{f36cfd12-1e2b-4c28-9433-012cb09f76a0}"" instance of the ""\Microsoft\Windows\DirectX\DXGIAdapterCache"" task for user ""NT AUTHORITY\SYSTEM""."
"9/1/2026 9:44:57 PM","201","Information","Microsoft-Windows-TaskScheduler","Task Scheduler successfully completed task ""\Microsoft\Windows\DirectX\DXGIAdapterCache"" , instance ""{f36cfd12-1e2b-4c28-9433-012cb09f76a0}"" , action ""%windir%\system32\dxgiadaptercache.exe"" with return code 0."
"9/1/2026 9:44:51 PM","200","Information","Microsoft-Windows-TaskScheduler","Task Scheduler launched action ""%windir%\system32\dxgiadaptercache.exe"" in instance ""{f36cfd12-1e2b-4c28-9433-012cb09f76a0}"" of task ""\Microsoft\Windows\DirectX\DXGIAdapterCache""."
"9/1/2026 9:44:51 PM","100","Information","Microsoft-Windows-TaskScheduler","Task Scheduler started ""{f36cfd12-1e2b-4c28-9433-012cb09f76a0}"" instance of the ""\Microsoft\Windows\DirectX\DXGIAdapterCache"" task for user ""NT AUTHORITY\SYSTEM""."
"9/1/2026 9:44:51 PM","129","Information","Microsoft-Windows-TaskScheduler","Task Scheduler launch task ""\Microsoft\Windows\DirectX\DXGIAdapterCache"" , instance ""%windir%\system32\dxgiadaptercache.exe""  with process ID 5576."
"9/1/2026 9:44:51 PM","118","Information","Microsoft-Windows-TaskScheduler","Task Scheduler launched ""{f36cfd12-1e2b-4c28-9433-012cb09f76a0}""  instance of task ""\Microsoft\Windows\DirectX\DXGIAdapterCache""  due to system startup."
"9/1/2026 9:44:51 PM","200","Information","Microsoft-Windows-TaskScheduler","Task Scheduler launched action ""%systemroot%\system32\cmd.exe"" in instance ""{57712bad-49ec-46ac-b590-035f7d5a59f7}"" of task ""\Microsoft\Windows\Software Inventory Logging\Configuration""."
"9/1/2026 9:44:51 PM","100","Information","Microsoft-Windows-TaskScheduler","Task Scheduler started ""{57712bad-49ec-46ac-b590-035f7d5a59f7}"" instance of the ""\Microsoft\Windows\Software Inventory Logging\Configuration"" task for user ""NT AUTHORITY\SYSTEM""."
"9/1/2026 9:44:51 PM","129","Information","Microsoft-Windows-TaskScheduler","Task Scheduler launch task ""\Microsoft\Windows\Software Inventory Logging\Configuration"" , instance ""%systemroot%\system32\cmd.exe""  with process ID 5568."
"9/1/2026 9:44:51 PM","118","Information","Microsoft-Windows-TaskScheduler","Task Scheduler launched ""{57712bad-49ec-46ac-b590-035f7d5a59f7}""  instance of task ""\Microsoft\Windows\Software Inventory Logging\Configuration""  due to system startup."
"9/1/2026 9:44:41 PM","200","Information","Microsoft-Windows-TaskScheduler","Task Scheduler launched action ""powershell.exe"" in instance ""{6c05e078-eaf0-4704-bab2-b1fdff398112}"" of task ""\Scaffold\ScaffoldDeployEngine""."
"9/1/2026 9:44:41 PM","100","Information","Microsoft-Windows-TaskScheduler","Task Scheduler started ""{6c05e078-eaf0-4704-bab2-b1fdff398112}"" instance of the ""\Scaffold\ScaffoldDeployEngine"" task for user ""NT AUTHORITY\SYSTEM""."
"9/1/2026 9:44:41 PM","129","Information","Microsoft-Windows-TaskScheduler","Task Scheduler launch task ""\Scaffold\ScaffoldDeployEngine"" , instance ""powershell.exe""  with process ID 5260."
"9/1/2026 9:44:41 PM","107","Information","Microsoft-Windows-TaskScheduler","Task Scheduler launched ""{6c05e078-eaf0-4704-bab2-b1fdff398112}""  instance of task ""\Scaffold\ScaffoldDeployEngine"" due to a time trigger condition."
"9/1/2026 9:44:21 PM","102","Information","Microsoft-Windows-TaskScheduler","Task Scheduler successfully finished ""{bd0fa358-8ff3-4d7f-a3a2-bd5e215d0737}"" instance of the ""\Microsoft\Windows\Workplace Join\Automatic-Device-Join"" task for user ""NT AUTHORITY\SYSTEM""."
"9/1/2026 9:44:21 PM","201","Information","Microsoft-Windows-TaskScheduler","Task Scheduler successfully completed task ""\Microsoft\Windows\Workplace Join\Automatic-Device-Join"" , instance ""{bd0fa358-8ff3-4d7f-a3a2-bd5e215d0737}"" , action ""%SystemRoot%\System32\dsregcmd.exe"" with return code 0."
"9/1/2026 9:44:19 PM","102","Information","Microsoft-Windows-TaskScheduler","Task Scheduler successfully finished ""{59e9c569-4645-4859-bd2b-4bb8d4edbc25}"" instance of the ""\Microsoft\Windows\CertificateServicesClient\SystemTask"" task for user ""NT AUTHORITY\SYSTEM""."
"9/1/2026 9:44:19 PM","201","Information","Microsoft-Windows-TaskScheduler","Task Scheduler successfully completed task ""\Microsoft\Windows\CertificateServicesClient\SystemTask"" , instance ""{59e9c569-4645-4859-bd2b-4bb8d4edbc25}"" , action ""Certificate Services Client Task Handler"" with return code 0."
"9/1/2026 9:44:01 PM","200","Information","Microsoft-Windows-TaskScheduler","Task Scheduler launched action ""Certificate Services Client Task Handler"" in instance ""{59e9c569-4645-4859-bd2b-4bb8d4edbc25}"" of task ""\Microsoft\Windows\CertificateServicesClient\SystemTask""."
"9/1/2026 9:44:01 PM","100","Information","Microsoft-Windows-TaskScheduler","Task Scheduler started ""{59e9c569-4645-4859-bd2b-4bb8d4edbc25}"" instance of the ""\Microsoft\Windows\CertificateServicesClient\SystemTask"" task for user ""NT AUTHORITY\SYSTEM""."
"9/1/2026 9:44:01 PM","129","Information","Microsoft-Windows-TaskScheduler","Task Scheduler launch task ""\Microsoft\Windows\CertificateServicesClient\SystemTask"" , instance ""taskhostw.exe""  with process ID 3508."
"9/1/2026 9:44:01 PM","118","Information","Microsoft-Windows-TaskScheduler","Task Scheduler launched ""{59e9c569-4645-4859-bd2b-4bb8d4edbc25}""  instance of task ""\Microsoft\Windows\CertificateServicesClient\SystemTask""  due to system startup."
"9/1/2026 9:43:52 PM","102","Information","Microsoft-Windows-TaskScheduler","Task Scheduler successfully finished ""{9c0c8a0c-4f00-465c-88de-21f26bffed81}"" instance of the ""\Microsoft\Windows\WwanSvc\OobeDiscovery"" task for user ""NT AUTHORITY\SYSTEM""."
"9/1/2026 9:43:52 PM","201","Information","Microsoft-Windows-TaskScheduler","Task Scheduler successfully completed task ""\Microsoft\Windows\WwanSvc\OobeDiscovery"" , instance ""{9c0c8a0c-4f00-465c-88de-21f26bffed81}"" , action ""OobeEsimTaskManager"" with return code 0."
"9/1/2026 9:43:52 PM","102","Information","Microsoft-Windows-TaskScheduler","Task Scheduler successfully finished ""{824b1941-fff1-4f69-80e4-b5a8a5d19039}"" instance of the ""\Microsoft\Windows\Windows Error Reporting\QueueReporting"" task for user ""NT AUTHORITY\SYSTEM""."
"9/1/2026 9:43:52 PM","201","Information","Microsoft-Windows-TaskScheduler","Task Scheduler successfully completed task ""\Microsoft\Windows\Windows Error Reporting\QueueReporting"" , instance ""{824b1941-fff1-4f69-80e4-b5a8a5d19039}"" , action ""%windir%\system32\wermgr.exe"" with return code 0."
"9/1/2026 9:43:52 PM","102","Information","Microsoft-Windows-TaskScheduler","Task Scheduler successfully finished ""{66ff78cb-74f2-4121-8ada-84a951288ca5}"" instance of the ""\Microsoft\Windows\ExploitGuard\ExploitGuard MDM policy Refresh"" task for user ""NT AUTHORITY\SYSTEM""."
"9/1/2026 9:43:52 PM","201","Information","Microsoft-Windows-TaskScheduler","Task Scheduler successfully completed task ""\Microsoft\Windows\ExploitGuard\ExploitGuard MDM policy Refresh"" , instance ""{66ff78cb-74f2-4121-8ada-84a951288ca5}"" , action """" with return code 0."
"9/1/2026 9:43:52 PM","102","Information","Microsoft-Windows-TaskScheduler","Task Scheduler successfully finished ""{3143b193-e13a-4ef9-85f3-51be3a0e484e}"" instance of the ""\Microsoft\Windows\DirectX\DXGIAdapterCache"" task for user ""NT AUTHORITY\SYSTEM""."
"9/1/2026 9:43:52 PM","201","Information","Microsoft-Windows-TaskScheduler","Task Scheduler successfully completed task ""\Microsoft\Windows\DirectX\DXGIAdapterCache"" , instance ""{3143b193-e13a-4ef9-85f3-51be3a0e484e}"" , action ""%windir%\system32\dxgiadaptercache.exe"" with return code 0."
"9/1/2026 9:43:52 PM","102","Information","Microsoft-Windows-TaskScheduler","Task Scheduler successfully finished ""{59efc2b2-e60e-4880-a61f-d3f57d6bd493}"" instance of the ""\Microsoft\Windows\Time Synchronization\ForceSynchronizeTime"" task for user ""(NONE)""."
"9/1/2026 9:43:52 PM","201","Information","Microsoft-Windows-TaskScheduler","Task Scheduler successfully completed task ""\Microsoft\Windows\Time Synchronization\ForceSynchronizeTime"" , instance ""{59efc2b2-e60e-4880-a61f-d3f57d6bd493}"" , action ""Time Synchronization Task Handler"" with return code 0."
"9/1/2026 9:43:52 PM","200","Information","Microsoft-Windows-TaskScheduler","Task Scheduler launched action ""Time Synchronization Task Handler"" in instance ""{59efc2b2-e60e-4880-a61f-d3f57d6bd493}"" of task ""\Microsoft\Windows\Time Synchronization\ForceSynchronizeTime""."
"9/1/2026 9:43:52 PM","100","Information","Microsoft-Windows-TaskScheduler","Task Scheduler started ""{59efc2b2-e60e-4880-a61f-d3f57d6bd493}"" instance of the ""\Microsoft\Windows\Time Synchronization\ForceSynchronizeTime"" task for user ""(NONE)""."
"9/1/2026 9:43:52 PM","129","Information","Microsoft-Windows-TaskScheduler","Task Scheduler launch task ""\Microsoft\Windows\Time Synchronization\ForceSynchronizeTime"" , instance ""taskhostw.exe""  with process ID 2416."
"9/1/2026 9:43:51 PM","200","Information","Microsoft-Windows-TaskScheduler","Task Scheduler launched action ""OobeEsimTaskManager"" in instance ""{9c0c8a0c-4f00-465c-88de-21f26bffed81}"" of task ""\Microsoft\Windows\WwanSvc\OobeDiscovery""."
"9/1/2026 9:43:51 PM","100","Information","Microsoft-Windows-TaskScheduler","Task Scheduler started ""{9c0c8a0c-4f00-465c-88de-21f26bffed81}"" instance of the ""\Microsoft\Windows\WwanSvc\OobeDiscovery"" task for user ""NT AUTHORITY\SYSTEM""."
"9/1/2026 9:43:51 PM","200","Information","Microsoft-Windows-TaskScheduler","Task Scheduler launched action ""%SystemRoot%\System32\dsregcmd.exe"" in instance ""{bd0fa358-8ff3-4d7f-a3a2-bd5e215d0737}"" of task ""\Microsoft\Windows\Workplace Join\Automatic-Device-Join""."
"9/1/2026 9:43:51 PM","100","Information","Microsoft-Windows-TaskScheduler","Task Scheduler started ""{bd0fa358-8ff3-4d7f-a3a2-bd5e215d0737}"" instance of the ""\Microsoft\Windows\Workplace Join\Automatic-Device-Join"" task for user ""NT AUTHORITY\SYSTEM""."
"9/1/2026 9:43:51 PM","129","Information","Microsoft-Windows-TaskScheduler","Task Scheduler launch task ""\Microsoft\Windows\Workplace Join\Automatic-Device-Join"" , instance ""%SystemRoot%\System32\dsregcmd.exe""  with process ID 2368."
"9/1/2026 9:43:51 PM","110","Information","Microsoft-Windows-TaskScheduler","Task Scheduler launched ""{bd0fa358-8ff3-4d7f-a3a2-bd5e215d0737}""  instance of task ""\Microsoft\Windows\Workplace Join\Automatic-Device-Join""  for user ""System"" ."
"9/1/2026 9:43:51 PM","325","Warning","Microsoft-Windows-TaskScheduler","Task Scheduler queued instance ""{bd0fa358-8ff3-4d7f-a3a2-bd5e215d0737}""  of task ""\Microsoft\Windows\Workplace Join\Automatic-Device-Join""."
"9/1/2026 9:43:51 PM","200","Information","Microsoft-Windows-TaskScheduler","Task Scheduler launched action ""%windir%\system32\wermgr.exe"" in instance ""{824b1941-fff1-4f69-80e4-b5a8a5d19039}"" of task ""\Microsoft\Windows\Windows Error Reporting\QueueReporting""."
"9/1/2026 9:43:51 PM","100","Information","Microsoft-Windows-TaskScheduler","Task Scheduler started ""{824b1941-fff1-4f69-80e4-b5a8a5d19039}"" instance of the ""\Microsoft\Windows\Windows Error Reporting\QueueReporting"" task for user ""NT AUTHORITY\SYSTEM""."
"9/1/2026 9:43:51 PM","129","Information","Microsoft-Windows-TaskScheduler","Task Scheduler launch task ""\Microsoft\Windows\Windows Error Reporting\QueueReporting"" , instance ""%windir%\system32\wermgr.exe""  with process ID 2316."
"9/1/2026 9:43:51 PM","200","Information","Microsoft-Windows-TaskScheduler","Task Scheduler launched action ""%windir%\system32\dxgiadaptercache.exe"" in instance ""{3143b193-e13a-4ef9-85f3-51be3a0e484e}"" of task ""\Microsoft\Windows\DirectX\DXGIAdapterCache""."
"9/1/2026 9:43:51 PM","100","Information","Microsoft-Windows-TaskScheduler","Task Scheduler started ""{3143b193-e13a-4ef9-85f3-51be3a0e484e}"" instance of the ""\Microsoft\Windows\DirectX\DXGIAdapterCache"" task for user ""NT AUTHORITY\SYSTEM""."
"9/1/2026 9:43:51 PM","129","Information","Microsoft-Windows-TaskScheduler","Task Scheduler launch task ""\Microsoft\Windows\DirectX\DXGIAdapterCache"" , instance ""%windir%\system32\dxgiadaptercache.exe""  with process ID 2264."
"9/1/2026 9:43:50 PM","200","Information","Microsoft-Windows-TaskScheduler","Task Scheduler launched action """" in instance ""{66ff78cb-74f2-4121-8ada-84a951288ca5}"" of task ""\Microsoft\Windows\ExploitGuard\ExploitGuard MDM policy Refresh""."
"9/1/2026 9:43:50 PM","100","Information","Microsoft-Windows-TaskScheduler","Task Scheduler started ""{66ff78cb-74f2-4121-8ada-84a951288ca5}"" instance of the ""\Microsoft\Windows\ExploitGuard\ExploitGuard MDM policy Refresh"" task for user ""NT AUTHORITY\SYSTEM""."
"9/1/2026 9:43:50 PM","129","Information","Microsoft-Windows-TaskScheduler","Task Scheduler launch task ""\Microsoft\Windows\ExploitGuard\ExploitGuard MDM policy Refresh"" , instance ""taskhostw.exe""  with process ID 1808."
"9/1/2026 9:43:50 PM","118","Information","Microsoft-Windows-TaskScheduler","Task Scheduler launched ""{66ff78cb-74f2-4121-8ada-84a951288ca5}""  instance of task ""\Microsoft\Windows\ExploitGuard\ExploitGuard MDM policy Refresh""  due to system startup."
"9/1/2026 9:43:50 PM","101","Error","Microsoft-Windows-TaskScheduler","Task Scheduler failed to start ""\Microsoft\Windows\Workplace Join\Automatic-Device-Join"" task for user ""(default user)"". Additional Data: Error Value: 2147943568."
"9/1/2026 9:43:50 PM","400","Information","Microsoft-Windows-TaskScheduler","Task Scheduler service has started."
"9/1/2026 9:43:50 PM","700","Information","Microsoft-Windows-TaskScheduler","Task Scheduler service started Task Compatibility module."
"9/1/2026 9:24:04 PM","402","Information","Microsoft-Windows-TaskScheduler","Task Scheduler service is shutting down."
"9/1/2026 9:23:50 PM","102","Information","Microsoft-Windows-TaskScheduler","Task Scheduler successfully finished ""{c88b7b5d-195b-4be7-92a3-41f76f1fea8c}"" instance of the ""\Microsoft\Windows\Software Inventory Logging\Configuration"" task for user ""NT AUTHORITY\SYSTEM""."
"9/1/2026 9:23:50 PM","201","Information","Microsoft-Windows-TaskScheduler","Task Scheduler successfully completed task ""\Microsoft\Windows\Software Inventory Logging\Configuration"" , instance ""{c88b7b5d-195b-4be7-92a3-41f76f1fea8c}"" , action ""%systemroot%\system32\cmd.exe"" with return code 0."
"9/1/2026 9:23:50 PM","102","Information","Microsoft-Windows-TaskScheduler","Task Scheduler successfully finished ""{01a42657-e86b-468f-aabf-82bbef936511}"" instance of the ""\Microsoft\Windows\DirectX\DXGIAdapterCache"" task for user ""NT AUTHORITY\SYSTEM""."
"9/1/2026 9:23:50 PM","201","Information","Microsoft-Windows-TaskScheduler","Task Scheduler successfully completed task ""\Microsoft\Windows\DirectX\DXGIAdapterCache"" , instance ""{01a42657-e86b-468f-aabf-82bbef936511}"" , action ""%windir%\system32\dxgiadaptercache.exe"" with return code 0."
"9/1/2026 9:23:50 PM","200","Information","Microsoft-Windows-TaskScheduler","Task Scheduler launched action ""%windir%\system32\dxgiadaptercache.exe"" in instance ""{01a42657-e86b-468f-aabf-82bbef936511}"" of task ""\Microsoft\Windows\DirectX\DXGIAdapterCache""."
"9/1/2026 9:23:50 PM","100","Information","Microsoft-Windows-TaskScheduler","Task Scheduler started ""{01a42657-e86b-468f-aabf-82bbef936511}"" instance of the ""\Microsoft\Windows\DirectX\DXGIAdapterCache"" task for user ""NT AUTHORITY\SYSTEM""."
"9/1/2026 9:23:50 PM","200","Information","Microsoft-Windows-TaskScheduler","Task Scheduler launched action ""%systemroot%\system32\cmd.exe"" in instance ""{c88b7b5d-195b-4be7-92a3-41f76f1fea8c}"" of task ""\Microsoft\Windows\Software Inventory Logging\Configuration""."
"9/1/2026 9:23:50 PM","100","Information","Microsoft-Windows-TaskScheduler","Task Scheduler started ""{c88b7b5d-195b-4be7-92a3-41f76f1fea8c}"" instance of the ""\Microsoft\Windows\Software Inventory Logging\Configuration"" task for user ""NT AUTHORITY\SYSTEM""."
"9/1/2026 9:23:50 PM","129","Information","Microsoft-Windows-TaskScheduler","Task Scheduler launch task ""\Microsoft\Windows\DirectX\DXGIAdapterCache"" , instance ""%windir%\system32\dxgiadaptercache.exe""  with process ID 5440."
"9/1/2026 9:23:50 PM","129","Information","Microsoft-Windows-TaskScheduler","Task Scheduler launch task ""\Microsoft\Windows\Software Inventory Logging\Configuration"" , instance ""%systemroot%\system32\cmd.exe""  with process ID 5432."
"9/1/2026 9:23:50 PM","118","Information","Microsoft-Windows-TaskScheduler","Task Scheduler launched ""{01a42657-e86b-468f-aabf-82bbef936511}""  instance of task ""\Microsoft\Windows\DirectX\DXGIAdapterCache""  due to system startup."
"9/1/2026 9:23:50 PM","118","Information","Microsoft-Windows-TaskScheduler","Task Scheduler launched ""{c88b7b5d-195b-4be7-92a3-41f76f1fea8c}""  instance of task ""\Microsoft\Windows\Software Inventory Logging\Configuration""  due to system startup."
"9/1/2026 9:23:23 PM","102","Information","Microsoft-Windows-TaskScheduler","Task Scheduler successfully finished ""{892d60d8-c004-4147-8ab5-8cedba8ace43}"" instance of the ""\Microsoft\Windows\Workplace Join\Automatic-Device-Join"" task for user ""NT AUTHORITY\SYSTEM""."
"9/1/2026 9:23:23 PM","201","Information","Microsoft-Windows-TaskScheduler","Task Scheduler successfully completed task ""\Microsoft\Windows\Workplace Join\Automatic-Device-Join"" , instance ""{892d60d8-c004-4147-8ab5-8cedba8ace43}"" , action ""%SystemRoot%\System32\dsregcmd.exe"" with return code 0."
"9/1/2026 9:23:22 PM","102","Information","Microsoft-Windows-TaskScheduler","Task Scheduler successfully finished ""{4c8e25f3-deea-486f-8e48-9ea8a3b5b96a}"" instance of the ""\Microsoft\Windows\CertificateServicesClient\SystemTask"" task for user ""NT AUTHORITY\SYSTEM""."
"9/1/2026 9:23:22 PM","201","Information","Microsoft-Windows-TaskScheduler","Task Scheduler successfully completed task ""\Microsoft\Windows\CertificateServicesClient\SystemTask"" , instance ""{4c8e25f3-deea-486f-8e48-9ea8a3b5b96a}"" , action ""Certificate Services Client Task Handler"" with return code 0."
"9/1/2026 9:23:00 PM","200","Information","Microsoft-Windows-TaskScheduler","Task Scheduler launched action ""Certificate Services Client Task Handler"" in instance ""{4c8e25f3-deea-486f-8e48-9ea8a3b5b96a}"" of task ""\Microsoft\Windows\CertificateServicesClient\SystemTask""."
"9/1/2026 9:23:00 PM","100","Information","Microsoft-Windows-TaskScheduler","Task Scheduler started ""{4c8e25f3-deea-486f-8e48-9ea8a3b5b96a}"" instance of the ""\Microsoft\Windows\CertificateServicesClient\SystemTask"" task for user ""NT AUTHORITY\SYSTEM""."
"9/1/2026 9:23:00 PM","129","Information","Microsoft-Windows-TaskScheduler","Task Scheduler launch task ""\Microsoft\Windows\CertificateServicesClient\SystemTask"" , instance ""taskhostw.exe""  with process ID 3844."
"9/1/2026 9:23:00 PM","118","Information","Microsoft-Windows-TaskScheduler","Task Scheduler launched ""{4c8e25f3-deea-486f-8e48-9ea8a3b5b96a}""  instance of task ""\Microsoft\Windows\CertificateServicesClient\SystemTask""  due to system startup."
"9/1/2026 9:22:51 PM","110","Information","Microsoft-Windows-TaskScheduler","Task Scheduler launched ""{892d60d8-c004-4147-8ab5-8cedba8ace43}""  instance of task ""\Microsoft\Windows\Workplace Join\Automatic-Device-Join""  for user ""System"" ."
"9/1/2026 9:22:51 PM","200","Information","Microsoft-Windows-TaskScheduler","Task Scheduler launched action ""%SystemRoot%\System32\dsregcmd.exe"" in instance ""{892d60d8-c004-4147-8ab5-8cedba8ace43}"" of task ""\Microsoft\Windows\Workplace Join\Automatic-Device-Join""."
"9/1/2026 9:22:51 PM","100","Information","Microsoft-Windows-TaskScheduler","Task Scheduler started ""{892d60d8-c004-4147-8ab5-8cedba8ace43}"" instance of the ""\Microsoft\Windows\Workplace Join\Automatic-Device-Join"" task for user ""NT AUTHORITY\SYSTEM""."
"9/1/2026 9:22:51 PM","129","Information","Microsoft-Windows-TaskScheduler","Task Scheduler launch task ""\Microsoft\Windows\Workplace Join\Automatic-Device-Join"" , instance ""%SystemRoot%\System32\dsregcmd.exe""  with process ID 2484."
"9/1/2026 9:22:51 PM","325","Warning","Microsoft-Windows-TaskScheduler","Task Scheduler queued instance ""{892d60d8-c004-4147-8ab5-8cedba8ace43}""  of task ""\Microsoft\Windows\Workplace Join\Automatic-Device-Join""."
"9/1/2026 9:22:51 PM","102","Information","Microsoft-Windows-TaskScheduler","Task Scheduler successfully finished ""{30a5bfcb-adca-4872-9df8-988130d12e75}"" instance of the ""\Microsoft\Windows\WwanSvc\OobeDiscovery"" task for user ""NT AUTHORITY\SYSTEM""."
"9/1/2026 9:22:51 PM","201","Information","Microsoft-Windows-TaskScheduler","Task Scheduler successfully completed task ""\Microsoft\Windows\WwanSvc\OobeDiscovery"" , instance ""{30a5bfcb-adca-4872-9df8-988130d12e75}"" , action ""OobeEsimTaskManager"" with return code 0."
"9/1/2026 9:22:51 PM","102","Information","Microsoft-Windows-TaskScheduler","Task Scheduler successfully finished ""{0870cb37-f82a-4ea2-b100-4e86e64a8a67}"" instance of the ""\Microsoft\Windows\ExploitGuard\ExploitGuard MDM policy Refresh"" task for user ""NT AUTHORITY\SYSTEM""."
"9/1/2026 9:22:51 PM","201","Information","Microsoft-Windows-TaskScheduler","Task Scheduler successfully completed task ""\Microsoft\Windows\ExploitGuard\ExploitGuard MDM policy Refresh"" , instance ""{0870cb37-f82a-4ea2-b100-4e86e64a8a67}"" , action """" with return code 0."
"9/1/2026 9:22:50 PM","102","Information","Microsoft-Windows-TaskScheduler","Task Scheduler successfully finished ""{e2b8f527-738c-4d76-bf83-e6560d9f0d98}"" instance of the ""\Microsoft\Windows\DirectX\DXGIAdapterCache"" task for user ""NT AUTHORITY\SYSTEM""."
"9/1/2026 9:22:50 PM","201","Information","Microsoft-Windows-TaskScheduler","Task Scheduler successfully completed task ""\Microsoft\Windows\DirectX\DXGIAdapterCache"" , instance ""{e2b8f527-738c-4d76-bf83-e6560d9f0d98}"" , action ""%windir%\system32\dxgiadaptercache.exe"" with return code 0."
"9/1/2026 9:22:50 PM","102","Information","Microsoft-Windows-TaskScheduler","Task Scheduler successfully finished ""{dab78229-4b6a-47f1-820f-339507f95e08}"" instance of the ""\Microsoft\Windows\Time Synchronization\ForceSynchronizeTime"" task for user ""(NONE)""."
"9/1/2026 9:22:50 PM","201","Information","Microsoft-Windows-TaskScheduler","Task Scheduler successfully completed task ""\Microsoft\Windows\Time Synchronization\ForceSynchronizeTime"" , instance ""{dab78229-4b6a-47f1-820f-339507f95e08}"" , action ""Time Synchronization Task Handler"" with return code 0."
"9/1/2026 9:22:50 PM","200","Information","Microsoft-Windows-TaskScheduler","Task Scheduler launched action ""Time Synchronization Task Handler"" in instance ""{dab78229-4b6a-47f1-820f-339507f95e08}"" of task ""\Microsoft\Windows\Time Synchronization\ForceSynchronizeTime""."
"9/1/2026 9:22:50 PM","100","Information","Microsoft-Windows-TaskScheduler","Task Scheduler started ""{dab78229-4b6a-47f1-820f-339507f95e08}"" instance of the ""\Microsoft\Windows\Time Synchronization\ForceSynchronizeTime"" task for user ""(NONE)""."
"9/1/2026 9:22:50 PM","129","Information","Microsoft-Windows-TaskScheduler","Task Scheduler launch task ""\Microsoft\Windows\Time Synchronization\ForceSynchronizeTime"" , instance ""taskhostw.exe""  with process ID 2408."
"9/1/2026 9:22:50 PM","200","Information","Microsoft-Windows-TaskScheduler","Task Scheduler launched action ""OobeEsimTaskManager"" in instance ""{30a5bfcb-adca-4872-9df8-988130d12e75}"" of task ""\Microsoft\Windows\WwanSvc\OobeDiscovery""."
"9/1/2026 9:22:50 PM","100","Information","Microsoft-Windows-TaskScheduler","Task Scheduler started ""{30a5bfcb-adca-4872-9df8-988130d12e75}"" instance of the ""\Microsoft\Windows\WwanSvc\OobeDiscovery"" task for user ""NT AUTHORITY\SYSTEM""."
"9/1/2026 9:22:50 PM","101","Error","Microsoft-Windows-TaskScheduler","Task Scheduler failed to start ""\Microsoft\Windows\Workplace Join\Automatic-Device-Join"" task for user ""(default user)"". Additional Data: Error Value: 2147943568."
"9/1/2026 9:22:49 PM","200","Information","Microsoft-Windows-TaskScheduler","Task Scheduler launched action ""%windir%\system32\dxgiadaptercache.exe"" in instance ""{e2b8f527-738c-4d76-bf83-e6560d9f0d98}"" of task ""\Microsoft\Windows\DirectX\DXGIAdapterCache""."
"9/1/2026 9:22:49 PM","100","Information","Microsoft-Windows-TaskScheduler","Task Scheduler started ""{e2b8f527-738c-4d76-bf83-e6560d9f0d98}"" instance of the ""\Microsoft\Windows\DirectX\DXGIAdapterCache"" task for user ""NT AUTHORITY\SYSTEM""."
"9/1/2026 9:22:49 PM","129","Information","Microsoft-Windows-TaskScheduler","Task Scheduler launch task ""\Microsoft\Windows\DirectX\DXGIAdapterCache"" , instance ""%windir%\system32\dxgiadaptercache.exe""  with process ID 2116."
"9/1/2026 9:22:49 PM","200","Information","Microsoft-Windows-TaskScheduler","Task Scheduler launched action """" in instance ""{0870cb37-f82a-4ea2-b100-4e86e64a8a67}"" of task ""\Microsoft\Windows\ExploitGuard\ExploitGuard MDM policy Refresh""."
"9/1/2026 9:22:49 PM","100","Information","Microsoft-Windows-TaskScheduler","Task Scheduler started ""{0870cb37-f82a-4ea2-b100-4e86e64a8a67}"" instance of the ""\Microsoft\Windows\ExploitGuard\ExploitGuard MDM policy Refresh"" task for user ""NT AUTHORITY\SYSTEM""."
"9/1/2026 9:22:49 PM","129","Information","Microsoft-Windows-TaskScheduler","Task Scheduler launch task ""\Microsoft\Windows\ExploitGuard\ExploitGuard MDM policy Refresh"" , instance ""taskhostw.exe""  with process ID 2104."
"9/1/2026 9:22:49 PM","118","Information","Microsoft-Windows-TaskScheduler","Task Scheduler launched ""{0870cb37-f82a-4ea2-b100-4e86e64a8a67}""  instance of task ""\Microsoft\Windows\ExploitGuard\ExploitGuard MDM policy Refresh""  due to system startup."
"9/1/2026 9:22:49 PM","400","Information","Microsoft-Windows-TaskScheduler","Task Scheduler service has started."
"9/1/2026 9:22:49 PM","700","Information","Microsoft-Windows-TaskScheduler","Task Scheduler service started Task Compatibility module."
"9/1/2026 9:15:24 PM","402","Information","Microsoft-Windows-TaskScheduler","Task Scheduler service is shutting down."
"9/1/2026 9:14:56 PM","140","Information","Microsoft-Windows-TaskScheduler","User ""NT AUTHORITY\SYSTEM""  updated Task Scheduler task ""\Microsoft\Windows\WindowsUpdate\Scheduled Start"""
"9/1/2026 9:14:55 PM","102","Information","Microsoft-Windows-TaskScheduler","Task Scheduler successfully finished ""{da48858c-b113-4977-89d6-4730e5edcc36}"" instance of the ""\Microsoft\Windows\DirectX\DXGIAdapterCache"" task for user ""NT AUTHORITY\SYSTEM""."
"9/1/2026 9:14:55 PM","201","Information","Microsoft-Windows-TaskScheduler","Task Scheduler successfully completed task ""\Microsoft\Windows\DirectX\DXGIAdapterCache"" , instance ""{da48858c-b113-4977-89d6-4730e5edcc36}"" , action ""%windir%\system32\dxgiadaptercache.exe"" with return code 0."
"9/1/2026 9:14:55 PM","102","Information","Microsoft-Windows-TaskScheduler","Task Scheduler successfully finished ""{ee9e1c38-bf47-4c4b-837d-600c2f702fb5}"" instance of the ""\Microsoft\Windows\Software Inventory Logging\Configuration"" task for user ""NT AUTHORITY\SYSTEM""."
"9/1/2026 9:14:55 PM","201","Information","Microsoft-Windows-TaskScheduler","Task Scheduler successfully completed task ""\Microsoft\Windows\Software Inventory Logging\Configuration"" , instance ""{ee9e1c38-bf47-4c4b-837d-600c2f702fb5}"" , action ""%systemroot%\system32\cmd.exe"" with return code 0."
"9/1/2026 9:14:55 PM","200","Information","Microsoft-Windows-TaskScheduler","Task Scheduler launched action ""%systemroot%\system32\cmd.exe"" in instance ""{ee9e1c38-bf47-4c4b-837d-600c2f702fb5}"" of task ""\Microsoft\Windows\Software Inventory Logging\Configuration""."
"9/1/2026 9:14:55 PM","100","Information","Microsoft-Windows-TaskScheduler","Task Scheduler started ""{ee9e1c38-bf47-4c4b-837d-600c2f702fb5}"" instance of the ""\Microsoft\Windows\Software Inventory Logging\Configuration"" task for user ""NT AUTHORITY\SYSTEM""."
"9/1/2026 9:14:55 PM","200","Information","Microsoft-Windows-TaskScheduler","Task Scheduler launched action ""%windir%\system32\dxgiadaptercache.exe"" in instance ""{da48858c-b113-4977-89d6-4730e5edcc36}"" of task ""\Microsoft\Windows\DirectX\DXGIAdapterCache""."
"9/1/2026 9:14:55 PM","100","Information","Microsoft-Windows-TaskScheduler","Task Scheduler started ""{da48858c-b113-4977-89d6-4730e5edcc36}"" instance of the ""\Microsoft\Windows\DirectX\DXGIAdapterCache"" task for user ""NT AUTHORITY\SYSTEM""."
"9/1/2026 9:14:55 PM","129","Information","Microsoft-Windows-TaskScheduler","Task Scheduler launch task ""\Microsoft\Windows\Software Inventory Logging\Configuration"" , instance ""%systemroot%\system32\cmd.exe""  with process ID 5752."
"9/1/2026 9:14:55 PM","129","Information","Microsoft-Windows-TaskScheduler","Task Scheduler launch task ""\Microsoft\Windows\DirectX\DXGIAdapterCache"" , instance ""%windir%\system32\dxgiadaptercache.exe""  with process ID 5760."
"9/1/2026 9:14:55 PM","118","Information","Microsoft-Windows-TaskScheduler","Task Scheduler launched ""{da48858c-b113-4977-89d6-4730e5edcc36}""  instance of task ""\Microsoft\Windows\DirectX\DXGIAdapterCache""  due to system startup."
"9/1/2026 9:14:55 PM","118","Information","Microsoft-Windows-TaskScheduler","Task Scheduler launched ""{ee9e1c38-bf47-4c4b-837d-600c2f702fb5}""  instance of task ""\Microsoft\Windows\Software Inventory Logging\Configuration""  due to system startup."
"9/1/2026 9:14:47 PM","102","Information","Microsoft-Windows-TaskScheduler","Task Scheduler successfully finished ""{b81460f1-f061-48e5-bb7e-df7fbf1283b6}"" instance of the ""\Scaffold\ScaffoldDeployEngine"" task for user ""NT AUTHORITY\SYSTEM""."
"9/1/2026 9:14:47 PM","201","Information","Microsoft-Windows-TaskScheduler","Task Scheduler successfully completed task ""\Scaffold\ScaffoldDeployEngine"" , instance ""{b81460f1-f061-48e5-bb7e-df7fbf1283b6}"" , action ""powershell.exe"" with return code 0."
"9/1/2026 9:14:41 PM","200","Information","Microsoft-Windows-TaskScheduler","Task Scheduler launched action ""powershell.exe"" in instance ""{b81460f1-f061-48e5-bb7e-df7fbf1283b6}"" of task ""\Scaffold\ScaffoldDeployEngine""."
"9/1/2026 9:14:41 PM","100","Information","Microsoft-Windows-TaskScheduler","Task Scheduler started ""{b81460f1-f061-48e5-bb7e-df7fbf1283b6}"" instance of the ""\Scaffold\ScaffoldDeployEngine"" task for user ""NT AUTHORITY\SYSTEM""."
"9/1/2026 9:14:41 PM","129","Information","Microsoft-Windows-TaskScheduler","Task Scheduler launch task ""\Scaffold\ScaffoldDeployEngine"" , instance ""powershell.exe""  with process ID 5396."
"9/1/2026 9:14:41 PM","107","Information","Microsoft-Windows-TaskScheduler","Task Scheduler launched ""{b81460f1-f061-48e5-bb7e-df7fbf1283b6}""  instance of task ""\Scaffold\ScaffoldDeployEngine"" due to a time trigger condition."
"9/1/2026 9:14:29 PM","102","Information","Microsoft-Windows-TaskScheduler","Task Scheduler successfully finished ""{8d34e11a-d0b7-4961-b208-a956a2884506}"" instance of the ""\Microsoft\Windows\Windows Error Reporting\QueueReporting"" task for user ""NT AUTHORITY\SYSTEM""."
"9/1/2026 9:14:29 PM","201","Information","Microsoft-Windows-TaskScheduler","Task Scheduler successfully completed task ""\Microsoft\Windows\Windows Error Reporting\QueueReporting"" , instance ""{8d34e11a-d0b7-4961-b208-a956a2884506}"" , action ""%windir%\system32\wermgr.exe"" with return code 0."
"9/1/2026 9:14:26 PM","102","Information","Microsoft-Windows-TaskScheduler","Task Scheduler successfully finished ""{26e464fe-560f-4f25-9799-d400ce46e4e4}"" instance of the ""\Microsoft\Windows\Workplace Join\Automatic-Device-Join"" task for user ""NT AUTHORITY\SYSTEM""."
"9/1/2026 9:14:26 PM","201","Information","Microsoft-Windows-TaskScheduler","Task Scheduler successfully completed task ""\Microsoft\Windows\Workplace Join\Automatic-Device-Join"" , instance ""{26e464fe-560f-4f25-9799-d400ce46e4e4}"" , action ""%SystemRoot%\System32\dsregcmd.exe"" with return code 0."
"9/1/2026 9:14:25 PM","102","Information","Microsoft-Windows-TaskScheduler","Task Scheduler successfully finished ""{b275a7f9-ded5-47ae-9140-4752f42374a0}"" instance of the ""\Microsoft\Windows\CertificateServicesClient\SystemTask"" task for user ""NT AUTHORITY\SYSTEM""."
"9/1/2026 9:14:25 PM","201","Information","Microsoft-Windows-TaskScheduler","Task Scheduler successfully completed task ""\Microsoft\Windows\CertificateServicesClient\SystemTask"" , instance ""{b275a7f9-ded5-47ae-9140-4752f42374a0}"" , action ""Certificate Services Client Task Handler"" with return code 0."
"9/1/2026 9:14:12 PM","200","Information","Microsoft-Windows-TaskScheduler","Task Scheduler launched action ""%windir%\system32\wermgr.exe"" in instance ""{8d34e11a-d0b7-4961-b208-a956a2884506}"" of task ""\Microsoft\Windows\Windows Error Reporting\QueueReporting""."
"9/1/2026 9:14:12 PM","100","Information","Microsoft-Windows-TaskScheduler","Task Scheduler started ""{8d34e11a-d0b7-4961-b208-a956a2884506}"" instance of the ""\Microsoft\Windows\Windows Error Reporting\QueueReporting"" task for user ""NT AUTHORITY\SYSTEM""."
"9/1/2026 9:14:12 PM","129","Information","Microsoft-Windows-TaskScheduler","Task Scheduler launch task ""\Microsoft\Windows\Windows Error Reporting\QueueReporting"" , instance ""%windir%\system32\wermgr.exe""  with process ID 4464."
"9/1/2026 9:14:05 PM","200","Information","Microsoft-Windows-TaskScheduler","Task Scheduler launched action ""Certificate Services Client Task Handler"" in instance ""{b275a7f9-ded5-47ae-9140-4752f42374a0}"" of task ""\Microsoft\Windows\CertificateServicesClient\SystemTask""."
"9/1/2026 9:14:05 PM","100","Information","Microsoft-Windows-TaskScheduler","Task Scheduler started ""{b275a7f9-ded5-47ae-9140-4752f42374a0}"" instance of the ""\Microsoft\Windows\CertificateServicesClient\SystemTask"" task for user ""NT AUTHORITY\SYSTEM""."
"9/1/2026 9:14:05 PM","129","Information","Microsoft-Windows-TaskScheduler","Task Scheduler launch task ""\Microsoft\Windows\CertificateServicesClient\SystemTask"" , instance ""taskhostw.exe""  with process ID 3876."
"9/1/2026 9:14:05 PM","118","Information","Microsoft-Windows-TaskScheduler","Task Scheduler launched ""{b275a7f9-ded5-47ae-9140-4752f42374a0}""  instance of task ""\Microsoft\Windows\CertificateServicesClient\SystemTask""  due to system startup."
"9/1/2026 9:13:56 PM","110","Information","Microsoft-Windows-TaskScheduler","Task Scheduler launched ""{26e464fe-560f-4f25-9799-d400ce46e4e4}""  instance of task ""\Microsoft\Windows\Workplace Join\Automatic-Device-Join""  for user ""System"" ."
"9/1/2026 9:13:56 PM","200","Information","Microsoft-Windows-TaskScheduler","Task Scheduler launched action ""%SystemRoot%\System32\dsregcmd.exe"" in instance ""{26e464fe-560f-4f25-9799-d400ce46e4e4}"" of task ""\Microsoft\Windows\Workplace Join\Automatic-Device-Join""."
"9/1/2026 9:13:56 PM","100","Information","Microsoft-Windows-TaskScheduler","Task Scheduler started ""{26e464fe-560f-4f25-9799-d400ce46e4e4}"" instance of the ""\Microsoft\Windows\Workplace Join\Automatic-Device-Join"" task for user ""NT AUTHORITY\SYSTEM""."
"9/1/2026 9:13:56 PM","129","Information","Microsoft-Windows-TaskScheduler","Task Scheduler launch task ""\Microsoft\Windows\Workplace Join\Automatic-Device-Join"" , instance ""%SystemRoot%\System32\dsregcmd.exe""  with process ID 2496."
"9/1/2026 9:13:56 PM","325","Warning","Microsoft-Windows-TaskScheduler","Task Scheduler queued instance ""{26e464fe-560f-4f25-9799-d400ce46e4e4}""  of task ""\Microsoft\Windows\Workplace Join\Automatic-Device-Join""."
"9/1/2026 9:13:56 PM","102","Information","Microsoft-Windows-TaskScheduler","Task Scheduler successfully finished ""{63ae63ed-7c1a-4081-9417-fcedeccbfab3}"" instance of the ""\Microsoft\Windows\Time Synchronization\ForceSynchronizeTime"" task for user ""(NONE)""."
"9/1/2026 9:13:56 PM","201","Information","Microsoft-Windows-TaskScheduler","Task Scheduler successfully completed task ""\Microsoft\Windows\Time Synchronization\ForceSynchronizeTime"" , instance ""{63ae63ed-7c1a-4081-9417-fcedeccbfab3}"" , action ""Time Synchronization Task Handler"" with return code 0."
"9/1/2026 9:13:56 PM","200","Information","Microsoft-Windows-TaskScheduler","Task Scheduler launched action ""Time Synchronization Task Handler"" in instance ""{63ae63ed-7c1a-4081-9417-fcedeccbfab3}"" of task ""\Microsoft\Windows\Time Synchronization\ForceSynchronizeTime""."
"9/1/2026 9:13:56 PM","100","Information","Microsoft-Windows-TaskScheduler","Task Scheduler started ""{63ae63ed-7c1a-4081-9417-fcedeccbfab3}"" instance of the ""\Microsoft\Windows\Time Synchronization\ForceSynchronizeTime"" task for user ""(NONE)""."
"9/1/2026 9:13:56 PM","129","Information","Microsoft-Windows-TaskScheduler","Task Scheduler launch task ""\Microsoft\Windows\Time Synchronization\ForceSynchronizeTime"" , instance ""taskhostw.exe""  with process ID 2464."
"9/1/2026 9:13:55 PM","102","Information","Microsoft-Windows-TaskScheduler","Task Scheduler successfully finished ""{b69c707f-702f-48a0-9758-8d243ce8fc18}"" instance of the ""\Microsoft\Windows\WwanSvc\OobeDiscovery"" task for user ""NT AUTHORITY\SYSTEM""."
"9/1/2026 9:13:55 PM","201","Information","Microsoft-Windows-TaskScheduler","Task Scheduler successfully completed task ""\Microsoft\Windows\WwanSvc\OobeDiscovery"" , instance ""{b69c707f-702f-48a0-9758-8d243ce8fc18}"" , action ""OobeEsimTaskManager"" with return code 0."
"9/1/2026 9:13:55 PM","102","Information","Microsoft-Windows-TaskScheduler","Task Scheduler successfully finished ""{329ee6b5-b63e-4bad-bbc0-7abc4c27032f}"" instance of the ""\Microsoft\Windows\ExploitGuard\ExploitGuard MDM policy Refresh"" task for user ""NT AUTHORITY\SYSTEM""."
