"9/1/2026 2:56:14 PM","102","Information","Microsoft-Windows-TaskScheduler","Task Scheduler successfully finished ""{d53f56e9-7afe-4c51-bb1b-fee0fda93a8e}"" instance of the ""\Microsoft\Windows\.NET Framework\.NET Framework NGEN v4.0.30319 64"" task for user ""NT AUTHORITY\SYSTEM""."
"9/1/2026 2:56:14 PM","201","Information","Microsoft-Windows-TaskScheduler","Task Scheduler successfully completed task ""\Microsoft\Windows\.NET Framework\.NET Framework NGEN v4.0.30319 64"" , instance ""{d53f56e9-7afe-4c51-bb1b-fee0fda93a8e}"" , action """" with return code 0."
"9/1/2026 2:56:14 PM","102","Information","Microsoft-Windows-TaskScheduler","Task Scheduler successfully finished ""{5f3de237-b307-4d56-8c08-edc17cae903b}"" instance of the ""\Microsoft\Windows\.NET Framework\.NET Framework NGEN v4.0.30319"" task for user ""NT AUTHORITY\SYSTEM""."
"9/1/2026 2:56:14 PM","201","Information","Microsoft-Windows-TaskScheduler","Task Scheduler successfully completed task ""\Microsoft\Windows\.NET Framework\.NET Framework NGEN v4.0.30319"" , instance ""{5f3de237-b307-4d56-8c08-edc17cae903b}"" , action """" with return code 0."
"9/1/2026 2:56:14 PM","140","Information","Microsoft-Windows-TaskScheduler","User ""SYSTEM""  updated Task Scheduler task ""\Microsoft\Windows\.NET Framework\.NET Framework NGEN v4.0.30319 64"""
"9/1/2026 2:56:14 PM","140","Information","Microsoft-Windows-TaskScheduler","User ""SYSTEM""  updated Task Scheduler task ""\Microsoft\Windows\.NET Framework\.NET Framework NGEN v4.0.30319"""
"9/1/2026 2:56:14 PM","200","Information","Microsoft-Windows-TaskScheduler","Task Scheduler launched action """" in instance ""{5f3de237-b307-4d56-8c08-edc17cae903b}"" of task ""\Microsoft\Windows\.NET Framework\.NET Framework NGEN v4.0.30319""."
"9/1/2026 2:56:14 PM","100","Information","Microsoft-Windows-TaskScheduler","Task Scheduler started ""{5f3de237-b307-4d56-8c08-edc17cae903b}"" instance of the ""\Microsoft\Windows\.NET Framework\.NET Framework NGEN v4.0.30319"" task for user ""NT AUTHORITY\SYSTEM""."
"9/1/2026 2:56:14 PM","200","Information","Microsoft-Windows-TaskScheduler","Task Scheduler launched action """" in instance ""{d53f56e9-7afe-4c51-bb1b-fee0fda93a8e}"" of task ""\Microsoft\Windows\.NET Framework\.NET Framework NGEN v4.0.30319 64""."
"9/1/2026 2:56:14 PM","100","Information","Microsoft-Windows-TaskScheduler","Task Scheduler started ""{d53f56e9-7afe-4c51-bb1b-fee0fda93a8e}"" instance of the ""\Microsoft\Windows\.NET Framework\.NET Framework NGEN v4.0.30319 64"" task for user ""NT AUTHORITY\SYSTEM""."
"9/1/2026 2:56:14 PM","129","Information","Microsoft-Windows-TaskScheduler","Task Scheduler launch task ""\Microsoft\Windows\.NET Framework\.NET Framework NGEN v4.0.30319 64"" , instance ""taskhostw.exe""  with process ID 3172."
"9/1/2026 2:56:14 PM","325","Warning","Microsoft-Windows-TaskScheduler","Task Scheduler queued instance ""{14084c0c-60e1-49bb-aec8-7746bc3f2645}""  of task ""\Microsoft\Windows\Power Efficiency Diagnostics\AnalyzeSystem""."
"9/1/2026 2:56:14 PM","325","Warning","Microsoft-Windows-TaskScheduler","Task Scheduler queued instance ""{0d4b6ece-fb9b-4aa3-b916-9304b2c0e8e6}""  of task ""\Microsoft\Windows\Maintenance\WinSAT""."
"9/1/2026 2:56:13 PM","102","Information","Microsoft-Windows-TaskScheduler","Task Scheduler successfully finished ""{8d04cb9b-2401-464c-9508-ac8ae1e069ed}"" instance of the ""\Microsoft\Windows\.NET Framework\.NET Framework NGEN v4.0.30319"" task for user ""NT AUTHORITY\SYSTEM""."
"9/1/2026 2:56:13 PM","201","Information","Microsoft-Windows-TaskScheduler","Task Scheduler successfully completed task ""\Microsoft\Windows\.NET Framework\.NET Framework NGEN v4.0.30319"" , instance ""{8d04cb9b-2401-464c-9508-ac8ae1e069ed}"" , action """" with return code 0."
"9/1/2026 2:56:13 PM","140","Information","Microsoft-Windows-TaskScheduler","User ""SYSTEM""  updated Task Scheduler task ""\Microsoft\Windows\.NET Framework\.NET Framework NGEN v4.0.30319"""
"9/1/2026 2:56:13 PM","102","Information","Microsoft-Windows-TaskScheduler","Task Scheduler successfully finished ""{0905c656-c7bb-4fa3-ae40-5f2c014827e6}"" instance of the ""\Microsoft\Windows\Defrag\ScheduledDefrag"" task for user ""NT AUTHORITY\SYSTEM""."
"9/1/2026 2:56:13 PM","201","Information","Microsoft-Windows-TaskScheduler","Task Scheduler successfully completed task ""\Microsoft\Windows\Defrag\ScheduledDefrag"" , instance ""{0905c656-c7bb-4fa3-ae40-5f2c014827e6}"" , action ""%windir%\system32\defrag.exe"" with return code 0."
"9/1/2026 2:56:13 PM","102","Information","Microsoft-Windows-TaskScheduler","Task Scheduler successfully finished ""{019effe8-b04e-4b07-85b3-f7a07b2a34db}"" instance of the ""\Microsoft\Windows\.NET Framework\.NET Framework NGEN v4.0.30319 64"" task for user ""NT AUTHORITY\SYSTEM""."
"9/1/2026 2:56:13 PM","201","Information","Microsoft-Windows-TaskScheduler","Task Scheduler successfully completed task ""\Microsoft\Windows\.NET Framework\.NET Framework NGEN v4.0.30319 64"" , instance ""{019effe8-b04e-4b07-85b3-f7a07b2a34db}"" , action """" with return code 0."
"9/1/2026 2:56:13 PM","140","Information","Microsoft-Windows-TaskScheduler","User ""SYSTEM""  updated Task Scheduler task ""\Microsoft\Windows\.NET Framework\.NET Framework NGEN v4.0.30319 64"""
"9/1/2026 2:56:12 PM","102","Information","Microsoft-Windows-TaskScheduler","Task Scheduler successfully finished ""{1e9704d1-f8cb-47c1-82c7-f5afc9241ee8}"" instance of the ""\Microsoft\Windows\ApplicationData\DsSvcCleanup"" task for user ""NT AUTHORITY\SYSTEM""."
"9/1/2026 2:56:12 PM","201","Information","Microsoft-Windows-TaskScheduler","Task Scheduler successfully completed task ""\Microsoft\Windows\ApplicationData\DsSvcCleanup"" , instance ""{1e9704d1-f8cb-47c1-82c7-f5afc9241ee8}"" , action ""%windir%\system32\dstokenclean.exe"" with return code 0."
"9/1/2026 2:56:12 PM","102","Information","Microsoft-Windows-TaskScheduler","Task Scheduler successfully finished ""{60260701-f71c-492e-86ce-c4a699d02436}"" instance of the ""\Microsoft\Windows\Time Synchronization\SynchronizeTime"" task for user ""(NONE)""."
"9/1/2026 2:56:12 PM","201","Information","Microsoft-Windows-TaskScheduler","Task Scheduler successfully completed task ""\Microsoft\Windows\Time Synchronization\SynchronizeTime"" , instance ""{60260701-f71c-492e-86ce-c4a699d02436}"" , action ""%windir%\system32\sc.exe"" with return code 2147943456."
"9/1/2026 2:56:12 PM","102","Information","Microsoft-Windows-TaskScheduler","Task Scheduler successfully finished ""{2af9a2e9-fd6c-4403-a5cf-aafd894ad9cc}"" instance of the ""\Microsoft\Windows\DiskFootprint\Diagnostics"" task for user ""NT AUTHORITY\SYSTEM""."
"9/1/2026 2:56:12 PM","201","Information","Microsoft-Windows-TaskScheduler","Task Scheduler successfully completed task ""\Microsoft\Windows\DiskFootprint\Diagnostics"" , instance ""{2af9a2e9-fd6c-4403-a5cf-aafd894ad9cc}"" , action ""%windir%\system32\disksnapshot.exe"" with return code 0."
"9/1/2026 2:56:12 PM","102","Information","Microsoft-Windows-TaskScheduler","Task Scheduler successfully finished ""{1c72d115-3f53-47ca-a0bc-f0ee1a3852a7}"" instance of the ""\Microsoft\Windows\MUI\LPRemove"" task for user ""NT AUTHORITY\SYSTEM""."
"9/1/2026 2:56:12 PM","201","Information","Microsoft-Windows-TaskScheduler","Task Scheduler successfully completed task ""\Microsoft\Windows\MUI\LPRemove"" , instance ""{1c72d115-3f53-47ca-a0bc-f0ee1a3852a7}"" , action ""%windir%\system32\lpremove.exe"" with return code 0."
"9/1/2026 2:56:12 PM","102","Information","Microsoft-Windows-TaskScheduler","Task Scheduler successfully finished ""{865cd33f-6a1a-4b16-b5ba-cae16032140e}"" instance of the ""\Microsoft\Windows\StateRepository\MaintenanceTasks"" task for user ""NT AUTHORITY\SYSTEM""."
"9/1/2026 2:56:12 PM","201","Information","Microsoft-Windows-TaskScheduler","Task Scheduler successfully completed task ""\Microsoft\Windows\StateRepository\MaintenanceTasks"" , instance ""{865cd33f-6a1a-4b16-b5ba-cae16032140e}"" , action ""%windir%\system32\rundll32.exe"" with return code 0."
"9/1/2026 2:56:12 PM","102","Information","Microsoft-Windows-TaskScheduler","Task Scheduler successfully finished ""{8be6a481-97d3-4454-9158-1d9320e3ef4d}"" instance of the ""\Microsoft\Windows\DiskDiagnostic\Microsoft-Windows-DiskDiagnosticDataCollector"" task for user ""NT AUTHORITY\SYSTEM""."
"9/1/2026 2:56:12 PM","201","Information","Microsoft-Windows-TaskScheduler","Task Scheduler successfully completed task ""\Microsoft\Windows\DiskDiagnostic\Microsoft-Windows-DiskDiagnosticDataCollector"" , instance ""{8be6a481-97d3-4454-9158-1d9320e3ef4d}"" , action ""%windir%\system32\rundll32.exe"" with return code 0."
"9/1/2026 2:56:12 PM","103","Error","Microsoft-Windows-TaskScheduler","Task Scheduler failed to start instance ""{0c805f02-d235-40be-9d50-4cdd4fce9aef}"" of ""\Microsoft\Windows\DiskFootprint\StorageSense""  task for user ""NT AUTHORITY\SYSTEM"" . Additional Data: Error Value: 2147746132."
"9/1/2026 2:56:12 PM","202","Error","Microsoft-Windows-TaskScheduler","Task Scheduler failed to complete task ""\Microsoft\Windows\DiskFootprint\StorageSense"" , instance ""{0c805f02-d235-40be-9d50-4cdd4fce9aef}"" , action ""StorageUsage State Reporter Task Handler"" . Additional Data: Error Value: 2147746132."
"9/1/2026 2:56:12 PM","102","Information","Microsoft-Windows-TaskScheduler","Task Scheduler successfully finished ""{776d666c-19cc-41f3-8348-2b78df1bed00}"" instance of the ""\Microsoft\Windows\Diagnosis\Scheduled"" task for user ""SCAFFOLD\Administrator""."
"9/1/2026 2:56:12 PM","201","Information","Microsoft-Windows-TaskScheduler","Task Scheduler successfully completed task ""\Microsoft\Windows\Diagnosis\Scheduled"" , instance ""{776d666c-19cc-41f3-8348-2b78df1bed00}"" , action ""ScheduledDiagnosticCustomHandler"" with return code 0."
"9/1/2026 2:56:12 PM","102","Information","Microsoft-Windows-TaskScheduler","Task Scheduler successfully finished ""{77bf7ad5-7cdb-41d8-9848-de2917725db8}"" instance of the ""\Microsoft\Windows\PI\Sqm-Tasks"" task for user ""NT AUTHORITY\SYSTEM""."
"9/1/2026 2:56:12 PM","201","Information","Microsoft-Windows-TaskScheduler","Task Scheduler successfully completed task ""\Microsoft\Windows\PI\Sqm-Tasks"" , instance ""{77bf7ad5-7cdb-41d8-9848-de2917725db8}"" , action ""TPM Maintenance Task Handler"" with return code 0."
"9/1/2026 2:56:11 PM","102","Information","Microsoft-Windows-TaskScheduler","Task Scheduler successfully finished ""{d18b6134-09d1-4dcc-b850-5bb0d0074f37}"" instance of the ""\Microsoft\Windows\UpdateOrchestrator\Report policies"" task for user ""NT AUTHORITY\SYSTEM""."
"9/1/2026 2:56:11 PM","201","Information","Microsoft-Windows-TaskScheduler","Task Scheduler successfully completed task ""\Microsoft\Windows\UpdateOrchestrator\Report policies"" , instance ""{d18b6134-09d1-4dcc-b850-5bb0d0074f37}"" , action ""%systemroot%\system32\usoclient.exe"" with return code 0."
"9/1/2026 2:56:11 PM","102","Information","Microsoft-Windows-TaskScheduler","Task Scheduler successfully finished ""{f6277113-465d-4f16-947c-9cf30ce2ee9e}"" instance of the ""\Microsoft\Windows\Chkdsk\ProactiveScan"" task for user ""NT AUTHORITY\SYSTEM""."
"9/1/2026 2:56:11 PM","201","Information","Microsoft-Windows-TaskScheduler","Task Scheduler successfully completed task ""\Microsoft\Windows\Chkdsk\ProactiveScan"" , instance ""{f6277113-465d-4f16-947c-9cf30ce2ee9e}"" , action ""Proactive Scan"" with return code 0."
"9/1/2026 2:56:11 PM","102","Information","Microsoft-Windows-TaskScheduler","Task Scheduler successfully finished ""{d8143705-8bc9-4ec7-8c29-4e9448be85a4}"" instance of the ""\Microsoft\Windows\BrokerInfrastructure\BgTaskRegistrationMaintenanceTask"" task for user ""NT AUTHORITY\SYSTEM""."
"9/1/2026 2:56:11 PM","201","Information","Microsoft-Windows-TaskScheduler","Task Scheduler successfully completed task ""\Microsoft\Windows\BrokerInfrastructure\BgTaskRegistrationMaintenanceTask"" , instance ""{d8143705-8bc9-4ec7-8c29-4e9448be85a4}"" , action """" with return code 2147942400."
"9/1/2026 2:56:11 PM","102","Information","Microsoft-Windows-TaskScheduler","Task Scheduler successfully finished ""{97d89e7b-a755-41ec-bec9-b4e6e604bbe4}"" instance of the ""\Microsoft\Windows\Customer Experience Improvement Program\UsbCeip"" task for user ""NT AUTHORITY\SYSTEM""."
"9/1/2026 2:56:11 PM","201","Information","Microsoft-Windows-TaskScheduler","Task Scheduler successfully completed task ""\Microsoft\Windows\Customer Experience Improvement Program\UsbCeip"" , instance ""{97d89e7b-a755-41ec-bec9-b4e6e604bbe4}"" , action ""UsbCeip"" with return code 0."
"9/1/2026 2:56:11 PM","103","Error","Microsoft-Windows-TaskScheduler","Task Scheduler failed to start instance ""{2b5e5e38-c06d-430e-bc30-e54aa735989d}"" of ""\Microsoft\Windows\Servicing\StartComponentCleanup""  task for user ""NT AUTHORITY\SYSTEM"" . Additional Data: Error Value: 2147943458."
"9/1/2026 2:56:11 PM","202","Error","Microsoft-Windows-TaskScheduler","Task Scheduler failed to complete task ""\Microsoft\Windows\Servicing\StartComponentCleanup"" , instance ""{2b5e5e38-c06d-430e-bc30-e54aa735989d}"" , action ""Component Based Servicing Session"" . Additional Data: Error Value: 2147943458."
"9/1/2026 2:56:11 PM","103","Error","Microsoft-Windows-TaskScheduler","Task Scheduler failed to start instance ""{0c999aae-74e9-477a-bf31-f35842d891b1}"" of ""\Microsoft\Windows\Registry\RegIdleBackup""  task for user ""NT AUTHORITY\SYSTEM"" . Additional Data: Error Value: 2147942450."
"9/1/2026 2:56:11 PM","202","Error","Microsoft-Windows-TaskScheduler","Task Scheduler failed to complete task ""\Microsoft\Windows\Registry\RegIdleBackup"" , instance ""{0c999aae-74e9-477a-bf31-f35842d891b1}"" , action ""RegistryIdleBackupHandler"" . Additional Data: Error Value: 2147942450."
"9/1/2026 2:56:11 PM","102","Information","Microsoft-Windows-TaskScheduler","Task Scheduler successfully finished ""{8c38b049-ffb0-4a1e-a1ac-6951738fdc1d}"" instance of the ""\Microsoft\Windows\Shell\IndexerAutomaticMaintenance"" task for user ""(NONE)""."
"9/1/2026 2:56:11 PM","201","Information","Microsoft-Windows-TaskScheduler","Task Scheduler successfully completed task ""\Microsoft\Windows\Shell\IndexerAutomaticMaintenance"" , instance ""{8c38b049-ffb0-4a1e-a1ac-6951738fdc1d}"" , action ""Automatic Maintenance task to enable Windows Search to make progress while in Connected Standby"" with return code 2147942401."
"9/1/2026 2:56:11 PM","102","Information","Microsoft-Windows-TaskScheduler","Task Scheduler successfully finished ""{ae11baf4-b65e-492b-ac2a-8d00ab5dffd0}"" instance of the ""\Microsoft\Windows\Application Experience\StartupAppTask"" task for user ""SCAFFOLD\Administrator""."
"9/1/2026 2:56:11 PM","201","Information","Microsoft-Windows-TaskScheduler","Task Scheduler successfully completed task ""\Microsoft\Windows\Application Experience\StartupAppTask"" , instance ""{ae11baf4-b65e-492b-ac2a-8d00ab5dffd0}"" , action ""%windir%\system32\rundll32.exe"" with return code 0."
"9/1/2026 2:56:11 PM","102","Information","Microsoft-Windows-TaskScheduler","Task Scheduler successfully finished ""{77ba083b-6b2f-4943-a15e-7a73eefbb116}"" instance of the ""\Microsoft\Windows\Device Setup\Metadata Refresh"" task for user ""SCAFFOLD\Administrator""."
"9/1/2026 2:56:11 PM","201","Information","Microsoft-Windows-TaskScheduler","Task Scheduler successfully completed task ""\Microsoft\Windows\Device Setup\Metadata Refresh"" , instance ""{77ba083b-6b2f-4943-a15e-7a73eefbb116}"" , action ""DsmRefreshTask Class"" with return code 0."
"9/1/2026 2:56:11 PM","200","Information","Microsoft-Windows-TaskScheduler","Task Scheduler launched action ""%windir%\system32\cleanmgr.exe"" in instance ""{642e700d-c15b-4b20-bed3-a287a046bf3b}"" of task ""\Microsoft\Windows\DiskCleanup\SilentCleanup""."
"9/1/2026 2:56:11 PM","100","Information","Microsoft-Windows-TaskScheduler","Task Scheduler started ""{642e700d-c15b-4b20-bed3-a287a046bf3b}"" instance of the ""\Microsoft\Windows\DiskCleanup\SilentCleanup"" task for user ""SCAFFOLD\Administrator""."
"9/1/2026 2:56:11 PM","129","Information","Microsoft-Windows-TaskScheduler","Task Scheduler launch task ""\Microsoft\Windows\DiskCleanup\SilentCleanup"" , instance ""%windir%\system32\cleanmgr.exe""  with process ID 580."
"9/1/2026 2:56:11 PM","325","Warning","Microsoft-Windows-TaskScheduler","Task Scheduler queued instance ""{14084c0c-60e1-49bb-aec8-7746bc3f2645}""  of task ""\Microsoft\Windows\Power Efficiency Diagnostics\AnalyzeSystem""."
"9/1/2026 2:56:11 PM","200","Information","Microsoft-Windows-TaskScheduler","Task Scheduler launched action """" in instance ""{8d04cb9b-2401-464c-9508-ac8ae1e069ed}"" of task ""\Microsoft\Windows\.NET Framework\.NET Framework NGEN v4.0.30319""."
"9/1/2026 2:56:11 PM","100","Information","Microsoft-Windows-TaskScheduler","Task Scheduler started ""{8d04cb9b-2401-464c-9508-ac8ae1e069ed}"" instance of the ""\Microsoft\Windows\.NET Framework\.NET Framework NGEN v4.0.30319"" task for user ""NT AUTHORITY\SYSTEM""."
"9/1/2026 2:56:11 PM","200","Information","Microsoft-Windows-TaskScheduler","Task Scheduler launched action """" in instance ""{019effe8-b04e-4b07-85b3-f7a07b2a34db}"" of task ""\Microsoft\Windows\.NET Framework\.NET Framework NGEN v4.0.30319 64""."
"9/1/2026 2:56:11 PM","100","Information","Microsoft-Windows-TaskScheduler","Task Scheduler started ""{019effe8-b04e-4b07-85b3-f7a07b2a34db}"" instance of the ""\Microsoft\Windows\.NET Framework\.NET Framework NGEN v4.0.30319 64"" task for user ""NT AUTHORITY\SYSTEM""."
"9/1/2026 2:56:11 PM","200","Information","Microsoft-Windows-TaskScheduler","Task Scheduler launched action ""C:\ProgramData\Microsoft\Windows Defender\Platform\4.18.26030.3011-0\MpCmdRun.exe"" in instance ""{a713516a-6666-4574-a632-0a904777f323}"" of task ""\Microsoft\Windows\Windows Defender\Windows Defender Cache Maintenance""."
"9/1/2026 2:56:11 PM","100","Information","Microsoft-Windows-TaskScheduler","Task Scheduler started ""{a713516a-6666-4574-a632-0a904777f323}"" instance of the ""\Microsoft\Windows\Windows Defender\Windows Defender Cache Maintenance"" task for user ""NT AUTHORITY\SYSTEM""."
"9/1/2026 2:56:11 PM","129","Information","Microsoft-Windows-TaskScheduler","Task Scheduler launch task ""\Microsoft\Windows\Windows Defender\Windows Defender Cache Maintenance"" , instance ""C:\ProgramData\Microsoft\Windows Defender\Platform\4.18.26030.3011-0\MpCmdRun.exe""  with process ID 1740."
"9/1/2026 2:56:11 PM","200","Information","Microsoft-Windows-TaskScheduler","Task Scheduler launched action ""%windir%\system32\disksnapshot.exe"" in instance ""{2af9a2e9-fd6c-4403-a5cf-aafd894ad9cc}"" of task ""\Microsoft\Windows\DiskFootprint\Diagnostics""."
"9/1/2026 2:56:11 PM","100","Information","Microsoft-Windows-TaskScheduler","Task Scheduler started ""{2af9a2e9-fd6c-4403-a5cf-aafd894ad9cc}"" instance of the ""\Microsoft\Windows\DiskFootprint\Diagnostics"" task for user ""NT AUTHORITY\SYSTEM""."
"9/1/2026 2:56:11 PM","129","Information","Microsoft-Windows-TaskScheduler","Task Scheduler launch task ""\Microsoft\Windows\DiskFootprint\Diagnostics"" , instance ""%windir%\system32\disksnapshot.exe""  with process ID 4560."
"9/1/2026 2:56:11 PM","200","Information","Microsoft-Windows-TaskScheduler","Task Scheduler launched action ""%windir%\system32\rundll32.exe"" in instance ""{8be6a481-97d3-4454-9158-1d9320e3ef4d}"" of task ""\Microsoft\Windows\DiskDiagnostic\Microsoft-Windows-DiskDiagnosticDataCollector""."
"9/1/2026 2:56:11 PM","100","Information","Microsoft-Windows-TaskScheduler","Task Scheduler started ""{8be6a481-97d3-4454-9158-1d9320e3ef4d}"" instance of the ""\Microsoft\Windows\DiskDiagnostic\Microsoft-Windows-DiskDiagnosticDataCollector"" task for user ""NT AUTHORITY\SYSTEM""."
"9/1/2026 2:56:11 PM","129","Information","Microsoft-Windows-TaskScheduler","Task Scheduler launch task ""\Microsoft\Windows\DiskDiagnostic\Microsoft-Windows-DiskDiagnosticDataCollector"" , instance ""%windir%\system32\rundll32.exe""  with process ID 2240."
"9/1/2026 2:56:11 PM","200","Information","Microsoft-Windows-TaskScheduler","Task Scheduler launched action ""TPM Maintenance Task Handler"" in instance ""{77bf7ad5-7cdb-41d8-9848-de2917725db8}"" of task ""\Microsoft\Windows\PI\Sqm-Tasks""."
"9/1/2026 2:56:11 PM","100","Information","Microsoft-Windows-TaskScheduler","Task Scheduler started ""{77bf7ad5-7cdb-41d8-9848-de2917725db8}"" instance of the ""\Microsoft\Windows\PI\Sqm-Tasks"" task for user ""NT AUTHORITY\SYSTEM""."
"9/1/2026 2:56:11 PM","200","Information","Microsoft-Windows-TaskScheduler","Task Scheduler launched action ""Automatic Maintenance task to enable Windows Search to make progress while in Connected Standby"" in instance ""{8c38b049-ffb0-4a1e-a1ac-6951738fdc1d}"" of task ""\Microsoft\Windows\Shell\IndexerAutomaticMaintenance""."
"9/1/2026 2:56:11 PM","100","Information","Microsoft-Windows-TaskScheduler","Task Scheduler started ""{8c38b049-ffb0-4a1e-a1ac-6951738fdc1d}"" instance of the ""\Microsoft\Windows\Shell\IndexerAutomaticMaintenance"" task for user ""(NONE)""."
"9/1/2026 2:56:11 PM","129","Information","Microsoft-Windows-TaskScheduler","Task Scheduler launch task ""\Microsoft\Windows\Shell\IndexerAutomaticMaintenance"" , instance ""taskhostw.exe""  with process ID 2704."
"9/1/2026 2:56:11 PM","200","Information","Microsoft-Windows-TaskScheduler","Task Scheduler launched action ""Proactive Scan"" in instance ""{f6277113-465d-4f16-947c-9cf30ce2ee9e}"" of task ""\Microsoft\Windows\Chkdsk\ProactiveScan""."
"9/1/2026 2:56:11 PM","100","Information","Microsoft-Windows-TaskScheduler","Task Scheduler started ""{f6277113-465d-4f16-947c-9cf30ce2ee9e}"" instance of the ""\Microsoft\Windows\Chkdsk\ProactiveScan"" task for user ""NT AUTHORITY\SYSTEM""."
"9/1/2026 2:56:11 PM","200","Information","Microsoft-Windows-TaskScheduler","Task Scheduler launched action ""%windir%\system32\sc.exe"" in instance ""{60260701-f71c-492e-86ce-c4a699d02436}"" of task ""\Microsoft\Windows\Time Synchronization\SynchronizeTime""."
"9/1/2026 2:56:11 PM","100","Information","Microsoft-Windows-TaskScheduler","Task Scheduler started ""{60260701-f71c-492e-86ce-c4a699d02436}"" instance of the ""\Microsoft\Windows\Time Synchronization\SynchronizeTime"" task for user ""(NONE)""."
"9/1/2026 2:56:11 PM","129","Information","Microsoft-Windows-TaskScheduler","Task Scheduler launch task ""\Microsoft\Windows\Time Synchronization\SynchronizeTime"" , instance ""%windir%\system32\sc.exe""  with process ID 5028."
"9/1/2026 2:56:11 PM","200","Information","Microsoft-Windows-TaskScheduler","Task Scheduler launched action ""%windir%\system32\dstokenclean.exe"" in instance ""{1e9704d1-f8cb-47c1-82c7-f5afc9241ee8}"" of task ""\Microsoft\Windows\ApplicationData\DsSvcCleanup""."
"9/1/2026 2:56:11 PM","100","Information","Microsoft-Windows-TaskScheduler","Task Scheduler started ""{1e9704d1-f8cb-47c1-82c7-f5afc9241ee8}"" instance of the ""\Microsoft\Windows\ApplicationData\DsSvcCleanup"" task for user ""NT AUTHORITY\SYSTEM""."
"9/1/2026 2:56:11 PM","129","Information","Microsoft-Windows-TaskScheduler","Task Scheduler launch task ""\Microsoft\Windows\ApplicationData\DsSvcCleanup"" , instance ""%windir%\system32\dstokenclean.exe""  with process ID 5036."
"9/1/2026 2:56:11 PM","200","Information","Microsoft-Windows-TaskScheduler","Task Scheduler launched action """" in instance ""{d8143705-8bc9-4ec7-8c29-4e9448be85a4}"" of task ""\Microsoft\Windows\BrokerInfrastructure\BgTaskRegistrationMaintenanceTask""."
"9/1/2026 2:56:11 PM","100","Information","Microsoft-Windows-TaskScheduler","Task Scheduler started ""{d8143705-8bc9-4ec7-8c29-4e9448be85a4}"" instance of the ""\Microsoft\Windows\BrokerInfrastructure\BgTaskRegistrationMaintenanceTask"" task for user ""NT AUTHORITY\SYSTEM""."
"9/1/2026 2:56:11 PM","200","Information","Microsoft-Windows-TaskScheduler","Task Scheduler launched action ""Component Based Servicing Session"" in instance ""{2b5e5e38-c06d-430e-bc30-e54aa735989d}"" of task ""\Microsoft\Windows\Servicing\StartComponentCleanup""."
"9/1/2026 2:56:11 PM","100","Information","Microsoft-Windows-TaskScheduler","Task Scheduler started ""{2b5e5e38-c06d-430e-bc30-e54aa735989d}"" instance of the ""\Microsoft\Windows\Servicing\StartComponentCleanup"" task for user ""NT AUTHORITY\SYSTEM""."
"9/1/2026 2:56:11 PM","200","Information","Microsoft-Windows-TaskScheduler","Task Scheduler launched action ""%windir%\system32\lpremove.exe"" in instance ""{1c72d115-3f53-47ca-a0bc-f0ee1a3852a7}"" of task ""\Microsoft\Windows\MUI\LPRemove""."
"9/1/2026 2:56:11 PM","100","Information","Microsoft-Windows-TaskScheduler","Task Scheduler started ""{1c72d115-3f53-47ca-a0bc-f0ee1a3852a7}"" instance of the ""\Microsoft\Windows\MUI\LPRemove"" task for user ""NT AUTHORITY\SYSTEM""."
"9/1/2026 2:56:11 PM","129","Information","Microsoft-Windows-TaskScheduler","Task Scheduler launch task ""\Microsoft\Windows\MUI\LPRemove"" , instance ""%windir%\system32\lpremove.exe""  with process ID 4160."
"9/1/2026 2:56:11 PM","200","Information","Microsoft-Windows-TaskScheduler","Task Scheduler launched action ""%windir%\system32\defrag.exe"" in instance ""{0905c656-c7bb-4fa3-ae40-5f2c014827e6}"" of task ""\Microsoft\Windows\Defrag\ScheduledDefrag""."
"9/1/2026 2:56:11 PM","100","Information","Microsoft-Windows-TaskScheduler","Task Scheduler started ""{0905c656-c7bb-4fa3-ae40-5f2c014827e6}"" instance of the ""\Microsoft\Windows\Defrag\ScheduledDefrag"" task for user ""NT AUTHORITY\SYSTEM""."
"9/1/2026 2:56:11 PM","129","Information","Microsoft-Windows-TaskScheduler","Task Scheduler launch task ""\Microsoft\Windows\Defrag\ScheduledDefrag"" , instance ""%windir%\system32\defrag.exe""  with process ID 5220."
"9/1/2026 2:56:11 PM","200","Information","Microsoft-Windows-TaskScheduler","Task Scheduler launched action ""%windir%\system32\compattelrunner.exe"" in instance ""{ea1b4dc5-492a-4556-9e2f-0db2ff1ff27e}"" of task ""\Microsoft\Windows\Application Experience\ProgramDataUpdater""."
"9/1/2026 2:56:11 PM","100","Information","Microsoft-Windows-TaskScheduler","Task Scheduler started ""{ea1b4dc5-492a-4556-9e2f-0db2ff1ff27e}"" instance of the ""\Microsoft\Windows\Application Experience\ProgramDataUpdater"" task for user ""NT AUTHORITY\SYSTEM""."
"9/1/2026 2:56:11 PM","129","Information","Microsoft-Windows-TaskScheduler","Task Scheduler launch task ""\Microsoft\Windows\Application Experience\ProgramDataUpdater"" , instance ""%windir%\system32\compattelrunner.exe""  with process ID 72."
"9/1/2026 2:56:11 PM","200","Information","Microsoft-Windows-TaskScheduler","Task Scheduler launched action ""%windir%\system32\rundll32.exe"" in instance ""{865cd33f-6a1a-4b16-b5ba-cae16032140e}"" of task ""\Microsoft\Windows\StateRepository\MaintenanceTasks""."
"9/1/2026 2:56:11 PM","100","Information","Microsoft-Windows-TaskScheduler","Task Scheduler started ""{865cd33f-6a1a-4b16-b5ba-cae16032140e}"" instance of the ""\Microsoft\Windows\StateRepository\MaintenanceTasks"" task for user ""NT AUTHORITY\SYSTEM""."
"9/1/2026 2:56:11 PM","129","Information","Microsoft-Windows-TaskScheduler","Task Scheduler launch task ""\Microsoft\Windows\StateRepository\MaintenanceTasks"" , instance ""%windir%\system32\rundll32.exe""  with process ID 3872."
"9/1/2026 2:56:11 PM","200","Information","Microsoft-Windows-TaskScheduler","Task Scheduler launched action ""StorageUsage State Reporter Task Handler"" in instance ""{0c805f02-d235-40be-9d50-4cdd4fce9aef}"" of task ""\Microsoft\Windows\DiskFootprint\StorageSense""."
"9/1/2026 2:56:11 PM","100","Information","Microsoft-Windows-TaskScheduler","Task Scheduler started ""{0c805f02-d235-40be-9d50-4cdd4fce9aef}"" instance of the ""\Microsoft\Windows\DiskFootprint\StorageSense"" task for user ""NT AUTHORITY\SYSTEM""."
"9/1/2026 2:56:11 PM","200","Information","Microsoft-Windows-TaskScheduler","Task Scheduler launched action ""%windir%\system32\rundll32.exe"" in instance ""{ec50b834-f32f-45fa-bcc8-97ddd4f92300}"" of task ""\Microsoft\Windows\ApplicationData\CleanupTemporaryState""."
"9/1/2026 2:56:11 PM","100","Information","Microsoft-Windows-TaskScheduler","Task Scheduler started ""{ec50b834-f32f-45fa-bcc8-97ddd4f92300}"" instance of the ""\Microsoft\Windows\ApplicationData\CleanupTemporaryState"" task for user ""NT AUTHORITY\SYSTEM""."
"9/1/2026 2:56:11 PM","129","Information","Microsoft-Windows-TaskScheduler","Task Scheduler launch task ""\Microsoft\Windows\ApplicationData\CleanupTemporaryState"" , instance ""%windir%\system32\rundll32.exe""  with process ID 5948."
"9/1/2026 2:56:11 PM","200","Information","Microsoft-Windows-TaskScheduler","Task Scheduler launched action ""RegistryIdleBackupHandler"" in instance ""{0c999aae-74e9-477a-bf31-f35842d891b1}"" of task ""\Microsoft\Windows\Registry\RegIdleBackup""."
"9/1/2026 2:56:11 PM","100","Information","Microsoft-Windows-TaskScheduler","Task Scheduler started ""{0c999aae-74e9-477a-bf31-f35842d891b1}"" instance of the ""\Microsoft\Windows\Registry\RegIdleBackup"" task for user ""NT AUTHORITY\SYSTEM""."
"9/1/2026 2:56:11 PM","200","Information","Microsoft-Windows-TaskScheduler","Task Scheduler launched action ""%windir%\system32\tzsync.exe"" in instance ""{b9fa8811-76a5-4690-9670-d85b3e4254a9}"" of task ""\Microsoft\Windows\Time Zone\SynchronizeTimeZone""."
"9/1/2026 2:56:11 PM","100","Information","Microsoft-Windows-TaskScheduler","Task Scheduler started ""{b9fa8811-76a5-4690-9670-d85b3e4254a9}"" instance of the ""\Microsoft\Windows\Time Zone\SynchronizeTimeZone"" task for user ""NT AUTHORITY\SYSTEM""."
"9/1/2026 2:56:11 PM","129","Information","Microsoft-Windows-TaskScheduler","Task Scheduler launch task ""\Microsoft\Windows\Time Zone\SynchronizeTimeZone"" , instance ""%windir%\system32\tzsync.exe""  with process ID 5892."
"9/1/2026 2:56:11 PM","200","Information","Microsoft-Windows-TaskScheduler","Task Scheduler launched action ""UsbCeip"" in instance ""{97d89e7b-a755-41ec-bec9-b4e6e604bbe4}"" of task ""\Microsoft\Windows\Customer Experience Improvement Program\UsbCeip""."
"9/1/2026 2:56:11 PM","100","Information","Microsoft-Windows-TaskScheduler","Task Scheduler started ""{97d89e7b-a755-41ec-bec9-b4e6e604bbe4}"" instance of the ""\Microsoft\Windows\Customer Experience Improvement Program\UsbCeip"" task for user ""NT AUTHORITY\SYSTEM""."
"9/1/2026 2:56:11 PM","129","Information","Microsoft-Windows-TaskScheduler","Task Scheduler launch task ""\Microsoft\Windows\Customer Experience Improvement Program\UsbCeip"" , instance ""taskhostw.exe""  with process ID 6552."
"9/1/2026 2:56:11 PM","200","Information","Microsoft-Windows-TaskScheduler","Task Scheduler launched action ""%systemroot%\system32\usoclient.exe"" in instance ""{d18b6134-09d1-4dcc-b850-5bb0d0074f37}"" of task ""\Microsoft\Windows\UpdateOrchestrator\Report policies""."
"9/1/2026 2:56:11 PM","100","Information","Microsoft-Windows-TaskScheduler","Task Scheduler started ""{d18b6134-09d1-4dcc-b850-5bb0d0074f37}"" instance of the ""\Microsoft\Windows\UpdateOrchestrator\Report policies"" task for user ""NT AUTHORITY\SYSTEM""."
"9/1/2026 2:56:11 PM","129","Information","Microsoft-Windows-TaskScheduler","Task Scheduler launch task ""\Microsoft\Windows\UpdateOrchestrator\Report policies"" , instance ""%systemroot%\system32\usoclient.exe""  with process ID 6112."
"9/1/2026 2:56:11 PM","325","Warning","Microsoft-Windows-TaskScheduler","Task Scheduler queued instance ""{af7c1496-28df-409d-a9d4-3c501e66e26e}""  of task ""\Microsoft\Windows\Maintenance\WinSAT""."
"9/1/2026 2:56:11 PM","200","Information","Microsoft-Windows-TaskScheduler","Task Scheduler launched action ""TempSignedLicenseExchangeTask"" in instance ""{46da42f4-b67c-46b1-bf16-27afe1a4b158}"" of task ""\Microsoft\Windows\License Manager\TempSignedLicenseExchange""."
"9/1/2026 2:56:11 PM","100","Information","Microsoft-Windows-TaskScheduler","Task Scheduler started ""{46da42f4-b67c-46b1-bf16-27afe1a4b158}"" instance of the ""\Microsoft\Windows\License Manager\TempSignedLicenseExchange"" task for user ""SCAFFOLD\Administrator""."
"9/1/2026 2:56:11 PM","200","Information","Microsoft-Windows-TaskScheduler","Task Scheduler launched action ""%windir%\system32\rundll32.exe"" in instance ""{ae11baf4-b65e-492b-ac2a-8d00ab5dffd0}"" of task ""\Microsoft\Windows\Application Experience\StartupAppTask""."
"9/1/2026 2:56:11 PM","100","Information","Microsoft-Windows-TaskScheduler","Task Scheduler started ""{ae11baf4-b65e-492b-ac2a-8d00ab5dffd0}"" instance of the ""\Microsoft\Windows\Application Experience\StartupAppTask"" task for user ""SCAFFOLD\Administrator""."
"9/1/2026 2:56:11 PM","129","Information","Microsoft-Windows-TaskScheduler","Task Scheduler launch task ""\Microsoft\Windows\Application Experience\StartupAppTask"" , instance ""%windir%\system32\rundll32.exe""  with process ID 6812."
"9/1/2026 2:56:11 PM","200","Information","Microsoft-Windows-TaskScheduler","Task Scheduler launched action ""ScheduledDiagnosticCustomHandler"" in instance ""{776d666c-19cc-41f3-8348-2b78df1bed00}"" of task ""\Microsoft\Windows\Diagnosis\Scheduled""."
"9/1/2026 2:56:11 PM","100","Information","Microsoft-Windows-TaskScheduler","Task Scheduler started ""{776d666c-19cc-41f3-8348-2b78df1bed00}"" instance of the ""\Microsoft\Windows\Diagnosis\Scheduled"" task for user ""SCAFFOLD\Administrator""."
"9/1/2026 2:56:11 PM","129","Information","Microsoft-Windows-TaskScheduler","Task Scheduler launch task ""\Microsoft\Windows\Diagnosis\Scheduled"" , instance ""taskhostw.exe""  with process ID 6644."
"9/1/2026 2:56:11 PM","200","Information","Microsoft-Windows-TaskScheduler","Task Scheduler launched action ""DsmRefreshTask Class"" in instance ""{77ba083b-6b2f-4943-a15e-7a73eefbb116}"" of task ""\Microsoft\Windows\Device Setup\Metadata Refresh""."
"9/1/2026 2:56:11 PM","100","Information","Microsoft-Windows-TaskScheduler","Task Scheduler started ""{77ba083b-6b2f-4943-a15e-7a73eefbb116}"" instance of the ""\Microsoft\Windows\Device Setup\Metadata Refresh"" task for user ""SCAFFOLD\Administrator""."
"9/1/2026 2:56:11 PM","129","Information","Microsoft-Windows-TaskScheduler","Task Scheduler launch task ""\Microsoft\Windows\Device Setup\Metadata Refresh"" , instance ""taskhostw.exe""  with process ID 6848."
"9/1/2026 2:56:10 PM","102","Information","Microsoft-Windows-TaskScheduler","Task Scheduler successfully finished ""{5548dd37-443e-4673-a750-f1432901a1d5}"" instance of the ""\Microsoft\Windows\Speech\SpeechModelDownloadTask"" task for user ""(NONE)""."
"9/1/2026 2:56:10 PM","201","Information","Microsoft-Windows-TaskScheduler","Task Scheduler successfully completed task ""\Microsoft\Windows\Speech\SpeechModelDownloadTask"" , instance ""{5548dd37-443e-4673-a750-f1432901a1d5}"" , action ""%windir%\system32\speech_onecore\common\SpeechModelDownload.exe"" with return code 0."
"9/1/2026 2:56:10 PM","200","Information","Microsoft-Windows-TaskScheduler","Task Scheduler launched action ""C:\ProgramData\Microsoft\Windows Defender\Platform\4.18.26030.3011-0\MpCmdRun.exe"" in instance ""{d20b842f-5264-40ad-98d6-373158603df4}"" of task ""\Microsoft\Windows\Windows Defender\Windows Defender Scheduled Scan""."
"9/1/2026 2:56:10 PM","100","Information","Microsoft-Windows-TaskScheduler","Task Scheduler started ""{d20b842f-5264-40ad-98d6-373158603df4}"" instance of the ""\Microsoft\Windows\Windows Defender\Windows Defender Scheduled Scan"" task for user ""NT AUTHORITY\SYSTEM""."
"9/1/2026 2:56:10 PM","129","Information","Microsoft-Windows-TaskScheduler","Task Scheduler launch task ""\Microsoft\Windows\Windows Defender\Windows Defender Scheduled Scan"" , instance ""C:\ProgramData\Microsoft\Windows Defender\Platform\4.18.26030.3011-0\MpCmdRun.exe""  with process ID 6020."
"9/1/2026 2:56:10 PM","114","Warning","Microsoft-Windows-TaskScheduler","Task Scheduler could not launch task ""\Microsoft\Windows\Windows Defender\Windows Defender Scheduled Scan""  as scheduled. Instance ""{d20b842f-5264-40ad-98d6-373158603df4}""  is started now as required by the configuration option to start the task when available, if schedule is missed."
"9/1/2026 2:56:10 PM","200","Information","Microsoft-Windows-TaskScheduler","Task Scheduler launched action ""%windir%\system32\speech_onecore\common\SpeechModelDownload.exe"" in instance ""{5548dd37-443e-4673-a750-f1432901a1d5}"" of task ""\Microsoft\Windows\Speech\SpeechModelDownloadTask""."
"9/1/2026 2:56:10 PM","100","Information","Microsoft-Windows-TaskScheduler","Task Scheduler started ""{5548dd37-443e-4673-a750-f1432901a1d5}"" instance of the ""\Microsoft\Windows\Speech\SpeechModelDownloadTask"" task for user ""(NONE)""."
"9/1/2026 2:56:10 PM","129","Information","Microsoft-Windows-TaskScheduler","Task Scheduler launch task ""\Microsoft\Windows\Speech\SpeechModelDownloadTask"" , instance ""%windir%\system32\speech_onecore\common\SpeechModelDownload.exe""  with process ID 6092."
"9/1/2026 2:56:10 PM","114","Warning","Microsoft-Windows-TaskScheduler","Task Scheduler could not launch task ""\Microsoft\Windows\Speech\SpeechModelDownloadTask""  as scheduled. Instance ""{5548dd37-443e-4673-a750-f1432901a1d5}""  is started now as required by the configuration option to start the task when available, if schedule is missed."
"9/1/2026 2:54:42 PM","102","Information","Microsoft-Windows-TaskScheduler","Task Scheduler successfully finished ""{42706477-6109-4740-a371-b16f201c4a19}"" instance of the ""\Scaffold\ScaffoldDeployEngine"" task for user ""NT AUTHORITY\SYSTEM""."
"9/1/2026 2:54:42 PM","201","Information","Microsoft-Windows-TaskScheduler","Task Scheduler successfully completed task ""\Scaffold\ScaffoldDeployEngine"" , instance ""{42706477-6109-4740-a371-b16f201c4a19}"" , action ""powershell.exe"" with return code 0."
"9/1/2026 2:54:41 PM","200","Information","Microsoft-Windows-TaskScheduler","Task Scheduler launched action ""powershell.exe"" in instance ""{42706477-6109-4740-a371-b16f201c4a19}"" of task ""\Scaffold\ScaffoldDeployEngine""."
"9/1/2026 2:54:41 PM","100","Information","Microsoft-Windows-TaskScheduler","Task Scheduler started ""{42706477-6109-4740-a371-b16f201c4a19}"" instance of the ""\Scaffold\ScaffoldDeployEngine"" task for user ""NT AUTHORITY\SYSTEM""."
"9/1/2026 2:54:41 PM","129","Information","Microsoft-Windows-TaskScheduler","Task Scheduler launch task ""\Scaffold\ScaffoldDeployEngine"" , instance ""powershell.exe""  with process ID 7004."
"9/1/2026 2:54:41 PM","107","Information","Microsoft-Windows-TaskScheduler","Task Scheduler launched ""{42706477-6109-4740-a371-b16f201c4a19}""  instance of task ""\Scaffold\ScaffoldDeployEngine"" due to a time trigger condition."
"9/1/2026 2:53:05 PM","140","Information","Microsoft-Windows-TaskScheduler","User ""SCAFFOLD\DC$""  updated Task Scheduler task ""\Microsoft\Windows\SoftwareProtectionPlatform\SvcRestartTask"""
"9/1/2026 2:52:42 PM","102","Information","Microsoft-Windows-TaskScheduler","Task Scheduler successfully finished ""{3a256db2-11af-41fc-a53f-6a545d3590b7}"" instance of the ""\Scaffold\ScaffoldDeployEngine"" task for user ""NT AUTHORITY\SYSTEM""."
"9/1/2026 2:52:42 PM","201","Information","Microsoft-Windows-TaskScheduler","Task Scheduler successfully completed task ""\Scaffold\ScaffoldDeployEngine"" , instance ""{3a256db2-11af-41fc-a53f-6a545d3590b7}"" , action ""powershell.exe"" with return code 0."
"9/1/2026 2:52:41 PM","200","Information","Microsoft-Windows-TaskScheduler","Task Scheduler launched action ""powershell.exe"" in instance ""{3a256db2-11af-41fc-a53f-6a545d3590b7}"" of task ""\Scaffold\ScaffoldDeployEngine""."
"9/1/2026 2:52:41 PM","100","Information","Microsoft-Windows-TaskScheduler","Task Scheduler started ""{3a256db2-11af-41fc-a53f-6a545d3590b7}"" instance of the ""\Scaffold\ScaffoldDeployEngine"" task for user ""NT AUTHORITY\SYSTEM""."
"9/1/2026 2:52:41 PM","129","Information","Microsoft-Windows-TaskScheduler","Task Scheduler launch task ""\Scaffold\ScaffoldDeployEngine"" , instance ""powershell.exe""  with process ID 6276."
"9/1/2026 2:52:41 PM","107","Information","Microsoft-Windows-TaskScheduler","Task Scheduler launched ""{3a256db2-11af-41fc-a53f-6a545d3590b7}""  instance of task ""\Scaffold\ScaffoldDeployEngine"" due to a time trigger condition."
"9/1/2026 2:52:35 PM","102","Information","Microsoft-Windows-TaskScheduler","Task Scheduler successfully finished ""{f9eb4ea3-1426-4146-a3f9-822e7469d3ec}"" instance of the ""\Microsoft\Windows\Device Information\Device"" task for user ""NT AUTHORITY\SYSTEM""."
"9/1/2026 2:52:35 PM","201","Information","Microsoft-Windows-TaskScheduler","Task Scheduler successfully completed task ""\Microsoft\Windows\Device Information\Device"" , instance ""{f9eb4ea3-1426-4146-a3f9-822e7469d3ec}"" , action ""%windir%\system32\devicecensus.exe"" with return code 0."
"9/1/2026 2:52:35 PM","140","Information","Microsoft-Windows-TaskScheduler","User ""SCAFFOLD\DC$""  updated Task Scheduler task ""\Microsoft\Windows\Device Information\Device"""
"9/1/2026 2:52:35 PM","140","Information","Microsoft-Windows-TaskScheduler","User ""SCAFFOLD\DC$""  updated Task Scheduler task ""\Microsoft\Windows\Device Information\Device"""
"9/1/2026 2:52:29 PM","103","Error","Microsoft-Windows-TaskScheduler","Task Scheduler failed to start instance ""{617930d5-8fd2-4ab1-a627-3ebf4cee66d0}"" of ""\Microsoft\Windows\Flighting\OneSettings\RefreshCache""  task for user ""NT AUTHORITY\SYSTEM"" . Additional Data: Error Value: 2147954407."
"9/1/2026 2:52:29 PM","202","Error","Microsoft-Windows-TaskScheduler","Task Scheduler failed to complete task ""\Microsoft\Windows\Flighting\OneSettings\RefreshCache"" , instance ""{617930d5-8fd2-4ab1-a627-3ebf4cee66d0}"" , action ""OneSettings Refresh Cache Task Handler"" . Additional Data: Error Value: 2147954407."
"9/1/2026 2:52:29 PM","102","Information","Microsoft-Windows-TaskScheduler","Task Scheduler successfully finished ""{74df7d42-c5c1-450d-b3c5-b57a94b6487f}"" instance of the ""\Microsoft\Windows\Application Experience\PcaPatchDbTask"" task for user ""NT AUTHORITY\SYSTEM""."
"9/1/2026 2:52:29 PM","201","Information","Microsoft-Windows-TaskScheduler","Task Scheduler successfully completed task ""\Microsoft\Windows\Application Experience\PcaPatchDbTask"" , instance ""{74df7d42-c5c1-450d-b3c5-b57a94b6487f}"" , action ""%windir%\system32\rundll32.exe"" with return code 0."
"9/1/2026 2:52:20 PM","102","Information","Microsoft-Windows-TaskScheduler","Task Scheduler successfully finished ""{03721c33-fb85-4441-9232-a7931b011007}"" instance of the ""\Microsoft\Windows\UpdateOrchestrator\USO_UxBroker"" task for user ""NT AUTHORITY\SYSTEM""."
"9/1/2026 2:52:20 PM","201","Information","Microsoft-Windows-TaskScheduler","Task Scheduler successfully completed task ""\Microsoft\Windows\UpdateOrchestrator\USO_UxBroker"" , instance ""{03721c33-fb85-4441-9232-a7931b011007}"" , action ""%systemroot%\system32\MusNotification.exe"" with return code 0."
"9/1/2026 2:52:20 PM","103","Error","Microsoft-Windows-TaskScheduler","Task Scheduler failed to start instance ""{3d7d12a7-fd6c-4437-8628-3abb72445ca3}"" of ""\Microsoft\Windows\International\Synchronize Language Settings""  task for user ""SCAFFOLD\Administrator"" . Additional Data: Error Value: 2147746053."
"9/1/2026 2:52:20 PM","202","Error","Microsoft-Windows-TaskScheduler","Task Scheduler failed to complete task ""\Microsoft\Windows\International\Synchronize Language Settings"" , instance ""{3d7d12a7-fd6c-4437-8628-3abb72445ca3}"" , action ""Sync Language Data From Cloud Task"" . Additional Data: Error Value: 2147746053."
"9/1/2026 2:52:20 PM","102","Information","Microsoft-Windows-TaskScheduler","Task Scheduler successfully finished ""{d8f41519-16a7-4188-9078-90a60611ae1d}"" instance of the ""\MicrosoftEdgeUpdateTaskMachineUA"" task for user ""NT AUTHORITY\SYSTEM""."
"9/1/2026 2:52:20 PM","201","Information","Microsoft-Windows-TaskScheduler","Task Scheduler successfully completed task ""\MicrosoftEdgeUpdateTaskMachineUA"" , instance ""{d8f41519-16a7-4188-9078-90a60611ae1d}"" , action ""C:\Program Files (x86)\Microsoft\EdgeUpdate\MicrosoftEdgeUpdate.exe"" with return code 0."
"9/1/2026 2:52:20 PM","140","Information","Microsoft-Windows-TaskScheduler","User ""S-1-5-18""  updated Task Scheduler task ""\Microsoft\Windows\UpdateOrchestrator\Reboot_AC"""
"9/1/2026 2:52:20 PM","102","Information","Microsoft-Windows-TaskScheduler","Task Scheduler successfully finished ""{59f3a047-4c7f-4db2-bf0b-36333290ac00}"" instance of the ""\Microsoft\Windows\WindowsUpdate\Scheduled Start"" task for user ""NT AUTHORITY\SYSTEM""."
"9/1/2026 2:52:20 PM","201","Information","Microsoft-Windows-TaskScheduler","Task Scheduler successfully completed task ""\Microsoft\Windows\WindowsUpdate\Scheduled Start"" , instance ""{59f3a047-4c7f-4db2-bf0b-36333290ac00}"" , action ""C:\Windows\system32\sc.exe"" with return code 2147943456."
"9/1/2026 2:52:20 PM","102","Information","Microsoft-Windows-TaskScheduler","Task Scheduler successfully finished ""{bb491d85-a2ac-4fa9-8ed4-955d19c3542c}"" instance of the ""\Microsoft\Windows\Data Integrity Scan\Data Integrity Check And Scan"" task for user ""NT AUTHORITY\SYSTEM""."
"9/1/2026 2:52:20 PM","201","Information","Microsoft-Windows-TaskScheduler","Task Scheduler successfully completed task ""\Microsoft\Windows\Data Integrity Scan\Data Integrity Check And Scan"" , instance ""{bb491d85-a2ac-4fa9-8ed4-955d19c3542c}"" , action ""Data Integrity Scan"" with return code 0."
"9/1/2026 2:52:20 PM","140","Information","Microsoft-Windows-TaskScheduler","User ""SCAFFOLD\DC$""  updated Task Scheduler task ""\Microsoft\Windows\Data Integrity Scan\Data Integrity Check And Scan"""
"9/1/2026 2:52:19 PM","140","Information","Microsoft-Windows-TaskScheduler","User ""SCAFFOLD\DC$""  updated Task Scheduler task ""\Microsoft\Windows\Data Integrity Scan\Data Integrity Check And Scan"""
"9/1/2026 2:52:19 PM","102","Information","Microsoft-Windows-TaskScheduler","Task Scheduler successfully finished ""{34e367a7-1c8a-4763-9dcf-16a689311841}"" instance of the ""\Microsoft\Windows\Customer Experience Improvement Program\Consolidator"" task for user ""NT AUTHORITY\SYSTEM""."
"9/1/2026 2:52:19 PM","201","Information","Microsoft-Windows-TaskScheduler","Task Scheduler successfully completed task ""\Microsoft\Windows\Customer Experience Improvement Program\Consolidator"" , instance ""{34e367a7-1c8a-4763-9dcf-16a689311841}"" , action ""%SystemRoot%\System32\wsqmcons.exe"" with return code 0."
"9/1/2026 2:52:19 PM","102","Information","Microsoft-Windows-TaskScheduler","Task Scheduler successfully finished ""{c555ef7e-1ecc-42b6-ac62-fa917bab7c34}"" instance of the ""\Microsoft\Windows\UpdateOrchestrator\Schedule Scan"" task for user ""NT AUTHORITY\SYSTEM""."
"9/1/2026 2:52:19 PM","201","Information","Microsoft-Windows-TaskScheduler","Task Scheduler successfully completed task ""\Microsoft\Windows\UpdateOrchestrator\Schedule Scan"" , instance ""{c555ef7e-1ecc-42b6-ac62-fa917bab7c34}"" , action ""%systemroot%\system32\usoclient.exe"" with return code 0."
"9/1/2026 2:52:19 PM","102","Information","Microsoft-Windows-TaskScheduler","Task Scheduler successfully finished ""{7163533a-cd0f-45c0-9dc5-97fc8ec60cbe}"" instance of the ""\Microsoft\Windows\Windows Error Reporting\QueueReporting"" task for user ""NT AUTHORITY\SYSTEM""."
"9/1/2026 2:52:19 PM","201","Information","Microsoft-Windows-TaskScheduler","Task Scheduler successfully completed task ""\Microsoft\Windows\Windows Error Reporting\QueueReporting"" , instance ""{7163533a-cd0f-45c0-9dc5-97fc8ec60cbe}"" , action ""%windir%\system32\wermgr.exe"" with return code 0."
"9/1/2026 2:52:19 PM","102","Information","Microsoft-Windows-TaskScheduler","Task Scheduler successfully finished ""{ebdd518b-2de8-4296-b1f6-95b4dd8c769a}"" instance of the ""\MicrosoftEdgeUpdateTaskMachineCore"" task for user ""NT AUTHORITY\SYSTEM""."
"9/1/2026 2:52:19 PM","201","Information","Microsoft-Windows-TaskScheduler","Task Scheduler successfully completed task ""\MicrosoftEdgeUpdateTaskMachineCore"" , instance ""{ebdd518b-2de8-4296-b1f6-95b4dd8c769a}"" , action ""C:\Program Files (x86)\Microsoft\EdgeUpdate\MicrosoftEdgeUpdate.exe"" with return code 0."
"9/1/2026 2:52:19 PM","200","Information","Microsoft-Windows-TaskScheduler","Task Scheduler launched action ""%systemroot%\system32\usoclient.exe"" in instance ""{c555ef7e-1ecc-42b6-ac62-fa917bab7c34}"" of task ""\Microsoft\Windows\UpdateOrchestrator\Schedule Scan""."
"9/1/2026 2:52:19 PM","100","Information","Microsoft-Windows-TaskScheduler","Task Scheduler started ""{c555ef7e-1ecc-42b6-ac62-fa917bab7c34}"" instance of the ""\Microsoft\Windows\UpdateOrchestrator\Schedule Scan"" task for user ""NT AUTHORITY\SYSTEM""."
"9/1/2026 2:52:19 PM","129","Information","Microsoft-Windows-TaskScheduler","Task Scheduler launch task ""\Microsoft\Windows\UpdateOrchestrator\Schedule Scan"" , instance ""%systemroot%\system32\usoclient.exe""  with process ID 1676."
"9/1/2026 2:52:19 PM","114","Warning","Microsoft-Windows-TaskScheduler","Task Scheduler could not launch task ""\Microsoft\Windows\UpdateOrchestrator\Schedule Scan""  as scheduled. Instance ""{c555ef7e-1ecc-42b6-ac62-fa917bab7c34}""  is started now as required by the configuration option to start the task when available, if schedule is missed."
"9/1/2026 2:52:19 PM","200","Information","Microsoft-Windows-TaskScheduler","Task Scheduler launched action ""OneSettings Refresh Cache Task Handler"" in instance ""{617930d5-8fd2-4ab1-a627-3ebf4cee66d0}"" of task ""\Microsoft\Windows\Flighting\OneSettings\RefreshCache""."
"9/1/2026 2:52:19 PM","100","Information","Microsoft-Windows-TaskScheduler","Task Scheduler started ""{617930d5-8fd2-4ab1-a627-3ebf4cee66d0}"" instance of the ""\Microsoft\Windows\Flighting\OneSettings\RefreshCache"" task for user ""NT AUTHORITY\SYSTEM""."
