"9/1/2026 8:26:26 PM","7002","Information","Microsoft-Windows-Winlogon","User Logoff Notification for Customer Experience Improvement Program"
"9/1/2026 8:26:26 PM","7036","Information","Service Control Manager","The Connected Devices Platform User Service_6e143 service entered the stopped state."
"9/1/2026 8:26:26 PM","7036","Information","Service Control Manager","The Windows Push Notifications User Service_6e143 service entered the stopped state."
"9/1/2026 8:26:26 PM","7036","Information","Service Control Manager","The Clipboard User Service_6e143 service entered the stopped state."
"9/1/2026 8:26:24 PM","1074","Information","User32","The process C:\Windows\System32\RuntimeBroker.exe (DC) has initiated the power off of computer DC on behalf of user SCAFFOLD\Administrator for the following reason: Other (Unplanned)
 Reason Code: 0x5000000
 Shutdown Type: power off
 Comment: "
"9/1/2026 8:26:11 PM","5774","Error","NETLOGON","The dynamic registration of the DNS record 'ForestDnsZones.scaffold.htb. 600 IN AAAA dead:beef::23d' failed on the following DNS server:  

DNS server IP address: :: 
Returned Response Code (RCODE): 0 
Returned Status Code: 0  

For computers and users to locate this domain controller, this record must be registered in DNS.  

USER ACTION  
Determine what might have caused this failure, resolve the problem, and initiate registration of the DNS records by the domain controller. To determine what might have caused this failure, run DCDiag.exe. To learn more about DCDiag.exe, see Help and Support Center. To initiate registration of the DNS records by this domain  controller, run 'nltest.exe /dsregdns' from the command prompt on the domain controller or restart Net Logon service. 
  Or, you can manually add this record to DNS, but it is not recommended.  

ADDITIONAL DATA 
Error Value: An existing connection was forcibly closed by the remote host."
"9/1/2026 8:26:01 PM","5774","Error","NETLOGON","The dynamic registration of the DNS record 'scaffold.htb. 600 IN AAAA dead:beef::23d' failed on the following DNS server:  

DNS server IP address: :: 
Returned Response Code (RCODE): 0 
Returned Status Code: 0  

For computers and users to locate this domain controller, this record must be registered in DNS.  

USER ACTION  
Determine what might have caused this failure, resolve the problem, and initiate registration of the DNS records by the domain controller. To determine what might have caused this failure, run DCDiag.exe. To learn more about DCDiag.exe, see Help and Support Center. To initiate registration of the DNS records by this domain  controller, run 'nltest.exe /dsregdns' from the command prompt on the domain controller or restart Net Logon service. 
  Or, you can manually add this record to DNS, but it is not recommended.  

ADDITIONAL DATA 
Error Value: An existing connection was forcibly closed by the remote host."
"9/1/2026 8:25:51 PM","5774","Error","NETLOGON","The dynamic registration of the DNS record 'ForestDnsZones.scaffold.htb. 600 IN A 10.129.250.104' failed on the following DNS server:  

DNS server IP address: :: 
Returned Response Code (RCODE): 0 
Returned Status Code: 0  

For computers and users to locate this domain controller, this record must be registered in DNS.  

USER ACTION  
Determine what might have caused this failure, resolve the problem, and initiate registration of the DNS records by the domain controller. To determine what might have caused this failure, run DCDiag.exe. To learn more about DCDiag.exe, see Help and Support Center. To initiate registration of the DNS records by this domain  controller, run 'nltest.exe /dsregdns' from the command prompt on the domain controller or restart Net Logon service. 
  Or, you can manually add this record to DNS, but it is not recommended.  

ADDITIONAL DATA 
Error Value: An existing connection was forcibly closed by the remote host."
"9/1/2026 8:25:47 PM","7036","Information","Service Control Manager","The Portable Device Enumerator Service service entered the stopped state."
"9/1/2026 8:25:46 PM","5774","Error","NETLOGON","The dynamic registration of the DNS record 'gc._msdcs.scaffold.htb. 600 IN A 10.129.250.104' failed on the following DNS server:  

DNS server IP address: :: 
Returned Response Code (RCODE): 0 
Returned Status Code: 0  

For computers and users to locate this domain controller, this record must be registered in DNS.  

USER ACTION  
Determine what might have caused this failure, resolve the problem, and initiate registration of the DNS records by the domain controller. To determine what might have caused this failure, run DCDiag.exe. To learn more about DCDiag.exe, see Help and Support Center. To initiate registration of the DNS records by this domain  controller, run 'nltest.exe /dsregdns' from the command prompt on the domain controller or restart Net Logon service. 
  Or, you can manually add this record to DNS, but it is not recommended.  

ADDITIONAL DATA 
Error Value: An existing connection was forcibly closed by the remote host."
"9/1/2026 8:25:30 PM","5774","Error","NETLOGON","The dynamic registration of the DNS record 'DomainDnsZones.scaffold.htb. 600 IN AAAA dead:beef::1144:abe9:3df4:5705' failed on the following DNS server:  

DNS server IP address: :: 
Returned Response Code (RCODE): 0 
Returned Status Code: 0  

For computers and users to locate this domain controller, this record must be registered in DNS.  

USER ACTION  
Determine what might have caused this failure, resolve the problem, and initiate registration of the DNS records by the domain controller. To determine what might have caused this failure, run DCDiag.exe. To learn more about DCDiag.exe, see Help and Support Center. To initiate registration of the DNS records by this domain  controller, run 'nltest.exe /dsregdns' from the command prompt on the domain controller or restart Net Logon service. 
  Or, you can manually add this record to DNS, but it is not recommended.  

ADDITIONAL DATA 
Error Value: An existing connection was forcibly closed by the remote host."
"9/1/2026 8:25:20 PM","5774","Error","NETLOGON","The dynamic registration of the DNS record 'gc._msdcs.scaffold.htb. 600 IN AAAA dead:beef::1144:abe9:3df4:5705' failed on the following DNS server:  

DNS server IP address: :: 
Returned Response Code (RCODE): 0 
Returned Status Code: 0  

For computers and users to locate this domain controller, this record must be registered in DNS.  

USER ACTION  
Determine what might have caused this failure, resolve the problem, and initiate registration of the DNS records by the domain controller. To determine what might have caused this failure, run DCDiag.exe. To learn more about DCDiag.exe, see Help and Support Center. To initiate registration of the DNS records by this domain  controller, run 'nltest.exe /dsregdns' from the command prompt on the domain controller or restart Net Logon service. 
  Or, you can manually add this record to DNS, but it is not recommended.  

ADDITIONAL DATA 
Error Value: An existing connection was forcibly closed by the remote host."
"9/1/2026 8:25:18 PM","7036","Information","Service Control Manager","The Volume Shadow Copy service entered the stopped state."
"9/1/2026 8:25:18 PM","7036","Information","Service Control Manager","The VMware Snapshot Provider service entered the stopped state."
"9/1/2026 8:25:10 PM","5774","Error","NETLOGON","The dynamic registration of the DNS record '_ldap._tcp.Default-First-Site-Name._sites.ForestDnsZones.scaffold.htb. 600 IN SRV 0 100 389 dc.scaffold.htb.' failed on the following DNS server:  

DNS server IP address: :: 
Returned Response Code (RCODE): 0 
Returned Status Code: 0  

For computers and users to locate this domain controller, this record must be registered in DNS.  

USER ACTION  
Determine what might have caused this failure, resolve the problem, and initiate registration of the DNS records by the domain controller. To determine what might have caused this failure, run DCDiag.exe. To learn more about DCDiag.exe, see Help and Support Center. To initiate registration of the DNS records by this domain  controller, run 'nltest.exe /dsregdns' from the command prompt on the domain controller or restart Net Logon service. 
  Or, you can manually add this record to DNS, but it is not recommended.  

ADDITIONAL DATA 
Error Value: An existing connection was forcibly closed by the remote host."
"9/1/2026 8:25:07 PM","7036","Information","Service Control Manager","The Software Protection service entered the stopped state."
"9/1/2026 8:24:58 PM","5774","Error","NETLOGON","The dynamic registration of the DNS record '_ldap._tcp.Default-First-Site-Name._sites.DomainDnsZones.scaffold.htb. 600 IN SRV 0 100 389 dc.scaffold.htb.' failed on the following DNS server:  

DNS server IP address: :: 
Returned Response Code (RCODE): 0 
Returned Status Code: 0  

For computers and users to locate this domain controller, this record must be registered in DNS.  

USER ACTION  
Determine what might have caused this failure, resolve the problem, and initiate registration of the DNS records by the domain controller. To determine what might have caused this failure, run DCDiag.exe. To learn more about DCDiag.exe, see Help and Support Center. To initiate registration of the DNS records by this domain  controller, run 'nltest.exe /dsregdns' from the command prompt on the domain controller or restart Net Logon service. 
  Or, you can manually add this record to DNS, but it is not recommended.  

ADDITIONAL DATA 
Error Value: An existing connection was forcibly closed by the remote host."
"9/1/2026 8:24:47 PM","5774","Error","NETLOGON","The dynamic registration of the DNS record '_kpasswd._udp.scaffold.htb. 600 IN SRV 0 100 464 dc.scaffold.htb.' failed on the following DNS server:  

DNS server IP address: :: 
Returned Response Code (RCODE): 0 
Returned Status Code: 0  

For computers and users to locate this domain controller, this record must be registered in DNS.  

USER ACTION  
Determine what might have caused this failure, resolve the problem, and initiate registration of the DNS records by the domain controller. To determine what might have caused this failure, run DCDiag.exe. To learn more about DCDiag.exe, see Help and Support Center. To initiate registration of the DNS records by this domain  controller, run 'nltest.exe /dsregdns' from the command prompt on the domain controller or restart Net Logon service. 
  Or, you can manually add this record to DNS, but it is not recommended.  

ADDITIONAL DATA 
Error Value: An existing connection was forcibly closed by the remote host."
"9/1/2026 8:24:37 PM","5774","Error","NETLOGON","The dynamic registration of the DNS record '_kerberos._udp.scaffold.htb. 600 IN SRV 0 100 88 dc.scaffold.htb.' failed on the following DNS server:  

DNS server IP address: :: 
Returned Response Code (RCODE): 0 
Returned Status Code: 0  

For computers and users to locate this domain controller, this record must be registered in DNS.  

USER ACTION  
Determine what might have caused this failure, resolve the problem, and initiate registration of the DNS records by the domain controller. To determine what might have caused this failure, run DCDiag.exe. To learn more about DCDiag.exe, see Help and Support Center. To initiate registration of the DNS records by this domain  controller, run 'nltest.exe /dsregdns' from the command prompt on the domain controller or restart Net Logon service. 
  Or, you can manually add this record to DNS, but it is not recommended.  

ADDITIONAL DATA 
Error Value: An existing connection was forcibly closed by the remote host."
"9/1/2026 8:24:34 PM","7036","Information","Service Control Manager","The WMI Performance Adapter service entered the running state."
"9/1/2026 8:24:34 PM","7036","Information","Service Control Manager","The User Access Logging Service service entered the running state."
"9/1/2026 8:24:33 PM","7036","Information","Service Control Manager","The WMI Performance Adapter service entered the stopped state."
"9/1/2026 8:24:31 PM","7036","Information","Service Control Manager","The Software Protection service entered the running state."
"9/1/2026 8:24:30 PM","7036","Information","Service Control Manager","The Program Compatibility Assistant Service service entered the running state."
"9/1/2026 8:24:30 PM","7036","Information","Service Control Manager","The Microsoft Edge Update Service (edgeupdate) service entered the stopped state."
"9/1/2026 8:24:30 PM","7036","Information","Service Control Manager","The Microsoft Edge Update Service (edgeupdate) service entered the running state."
"9/1/2026 8:24:30 PM","7036","Information","Service Control Manager","The Diagnostic Policy Service service entered the running state."
"9/1/2026 8:24:27 PM","5774","Error","NETLOGON","The dynamic registration of the DNS record '_gc._tcp.scaffold.htb. 600 IN SRV 0 100 3268 dc.scaffold.htb.' failed on the following DNS server:  

DNS server IP address: :: 
Returned Response Code (RCODE): 0 
Returned Status Code: 0  

For computers and users to locate this domain controller, this record must be registered in DNS.  

USER ACTION  
Determine what might have caused this failure, resolve the problem, and initiate registration of the DNS records by the domain controller. To determine what might have caused this failure, run DCDiag.exe. To learn more about DCDiag.exe, see Help and Support Center. To initiate registration of the DNS records by this domain  controller, run 'nltest.exe /dsregdns' from the command prompt on the domain controller or restart Net Logon service. 
  Or, you can manually add this record to DNS, but it is not recommended.  

ADDITIONAL DATA 
Error Value: An existing connection was forcibly closed by the remote host."
"9/1/2026 8:24:23 PM","7036","Information","Service Control Manager","The Update Orchestrator Service service entered the running state."
"9/1/2026 8:24:08 PM","7036","Information","Service Control Manager","The Network Setup Service service entered the running state."
"9/1/2026 8:24:01 PM","7036","Information","Service Control Manager","The Microsoft Account Sign-in Assistant service entered the running state."
"9/1/2026 8:23:54 PM","7036","Information","Service Control Manager","The Clipboard User Service_6e143 service entered the running state."
"9/1/2026 8:23:48 PM","10016","Warning","Microsoft-Windows-DistributedCOM","The application-specific permission settings do not grant Local Launch permission for the COM Server application with CLSID 
{21B896BF-008D-4D01-A27B-26061B960DD7}
 and APPID 
{03E09F3B-DCE4-44FE-A9CF-82D050827E1C}
 to the user SCAFFOLD\Administrator SID (S-1-5-21-365932789-2848835602-3476675013-500) from address LocalHost (Using LRPC) running in the application container Unavailable SID (Unavailable). This security permission can be modified using the Component Services administrative tool."
"9/1/2026 8:23:48 PM","7036","Information","Service Control Manager","The Connected Devices Platform Service service entered the running state."
"9/1/2026 8:23:47 PM","7036","Information","Service Control Manager","The Capability Access Manager Service service entered the running state."
"9/1/2026 8:23:47 PM","7036","Information","Service Control Manager","The Web Account Manager service entered the running state."
"9/1/2026 8:23:47 PM","7036","Information","Service Control Manager","The Touch Keyboard and Handwriting Panel Service service entered the running state."
"9/1/2026 8:23:47 PM","7036","Information","Service Control Manager","The Connected Devices Platform User Service_6e143 service entered the running state."
"9/1/2026 8:23:47 PM","7036","Information","Service Control Manager","The Windows Push Notifications User Service_6e143 service entered the running state."
"9/1/2026 8:23:47 PM","7001","Information","Microsoft-Windows-Winlogon","User Logon Notification for Customer Experience Improvement Program"
"9/1/2026 8:23:44 PM","5774","Error","NETLOGON","The dynamic registration of the DNS record '_kerberos._tcp.Default-First-Site-Name._sites.dc._msdcs.scaffold.htb. 600 IN SRV 0 100 88 dc.scaffold.htb.' failed on the following DNS server:  

DNS server IP address: :: 
Returned Response Code (RCODE): 0 
Returned Status Code: 0  

For computers and users to locate this domain controller, this record must be registered in DNS.  

USER ACTION  
Determine what might have caused this failure, resolve the problem, and initiate registration of the DNS records by the domain controller. To determine what might have caused this failure, run DCDiag.exe. To learn more about DCDiag.exe, see Help and Support Center. To initiate registration of the DNS records by this domain  controller, run 'nltest.exe /dsregdns' from the command prompt on the domain controller or restart Net Logon service. 
  Or, you can manually add this record to DNS, but it is not recommended.  

ADDITIONAL DATA 
Error Value: An existing connection was forcibly closed by the remote host."
"9/1/2026 8:23:38 PM","5774","Error","NETLOGON","The dynamic registration of the DNS record '_kerberos._tcp.dc._msdcs.scaffold.htb. 600 IN SRV 0 100 88 dc.scaffold.htb.' failed on the following DNS server:  

DNS server IP address: :: 
Returned Response Code (RCODE): 0 
Returned Status Code: 0  

For computers and users to locate this domain controller, this record must be registered in DNS.  

USER ACTION  
Determine what might have caused this failure, resolve the problem, and initiate registration of the DNS records by the domain controller. To determine what might have caused this failure, run DCDiag.exe. To learn more about DCDiag.exe, see Help and Support Center. To initiate registration of the DNS records by this domain  controller, run 'nltest.exe /dsregdns' from the command prompt on the domain controller or restart Net Logon service. 
  Or, you can manually add this record to DNS, but it is not recommended.  

ADDITIONAL DATA 
Error Value: An existing connection was forcibly closed by the remote host."
"9/1/2026 8:23:33 PM","5774","Error","NETLOGON","The dynamic registration of the DNS record '8d19e4df-5b30-43ff-9cc0-b6553b38f37b._msdcs.scaffold.htb. 600 IN CNAME dc.scaffold.htb.' failed on the following DNS server:  

DNS server IP address: :: 
Returned Response Code (RCODE): 0 
Returned Status Code: 0  

For computers and users to locate this domain controller, this record must be registered in DNS.  

USER ACTION  
Determine what might have caused this failure, resolve the problem, and initiate registration of the DNS records by the domain controller. To determine what might have caused this failure, run DCDiag.exe. To learn more about DCDiag.exe, see Help and Support Center. To initiate registration of the DNS records by this domain  controller, run 'nltest.exe /dsregdns' from the command prompt on the domain controller or restart Net Logon service. 
  Or, you can manually add this record to DNS, but it is not recommended.  

ADDITIONAL DATA 
Error Value: An existing connection was forcibly closed by the remote host."
"9/1/2026 8:23:12 PM","7036","Information","Service Control Manager","The Client License Service (ClipSVC) service entered the running state."
"9/1/2026 8:23:12 PM","7036","Information","Service Control Manager","The AppX Deployment Service (AppXSVC) service entered the running state."
"9/1/2026 8:23:12 PM","7036","Information","Service Control Manager","The Delivery Optimization service entered the stopped state."
"9/1/2026 8:23:11 PM","7036","Information","Service Control Manager","The Storage Service service entered the running state."
"9/1/2026 8:23:11 PM","7036","Information","Service Control Manager","The Delivery Optimization service entered the running state."
"9/1/2026 8:23:11 PM","7036","Information","Service Control Manager","The Windows Update Medic Service service entered the running state."
"9/1/2026 8:23:11 PM","7036","Information","Service Control Manager","The Network Connectivity Assistant service entered the stopped state."
"9/1/2026 8:23:12 PM","5774","Error","NETLOGON","The dynamic registration of the DNS record '_ldap._tcp.gc._msdcs.scaffold.htb. 600 IN SRV 0 100 3268 dc.scaffold.htb.' failed on the following DNS server:  

DNS server IP address: :: 
Returned Response Code (RCODE): 0 
Returned Status Code: 0  

For computers and users to locate this domain controller, this record must be registered in DNS.  

USER ACTION  
Determine what might have caused this failure, resolve the problem, and initiate registration of the DNS records by the domain controller. To determine what might have caused this failure, run DCDiag.exe. To learn more about DCDiag.exe, see Help and Support Center. To initiate registration of the DNS records by this domain  controller, run 'nltest.exe /dsregdns' from the command prompt on the domain controller or restart Net Logon service. 
  Or, you can manually add this record to DNS, but it is not recommended.  

ADDITIONAL DATA 
Error Value: An existing connection was forcibly closed by the remote host."
"9/1/2026 8:23:05 PM","5774","Error","NETLOGON","The dynamic registration of the DNS record '_ldap._tcp.pdc._msdcs.scaffold.htb. 600 IN SRV 0 100 389 dc.scaffold.htb.' failed on the following DNS server:  

DNS server IP address: :: 
Returned Response Code (RCODE): 0 
Returned Status Code: 0  

For computers and users to locate this domain controller, this record must be registered in DNS.  

USER ACTION  
Determine what might have caused this failure, resolve the problem, and initiate registration of the DNS records by the domain controller. To determine what might have caused this failure, run DCDiag.exe. To learn more about DCDiag.exe, see Help and Support Center. To initiate registration of the DNS records by this domain  controller, run 'nltest.exe /dsregdns' from the command prompt on the domain controller or restart Net Logon service. 
  Or, you can manually add this record to DNS, but it is not recommended.  

ADDITIONAL DATA 
Error Value: An existing connection was forcibly closed by the remote host."
"9/1/2026 8:22:57 PM","7036","Information","Service Control Manager","The WDSServer service entered the running state."
"9/1/2026 8:22:57 PM","16","Information","Microsoft-Windows-Kernel-General","The access history in hive \??\C:\RemoteInstall\Tmp\x64uefi{F07B2985-E29E-470B-87CF-45C68472561D}.bcd was cleared updating 0 keys and creating 0 modified pages."
"9/1/2026 8:22:57 PM","16","Information","Microsoft-Windows-Kernel-General","The access history in hive \??\C:\RemoteInstall\Tmp\x64uefi{F07B2985-E29E-470B-87CF-45C68472561D}.bcd was cleared updating 0 keys and creating 0 modified pages."
"9/1/2026 8:22:57 PM","16","Information","Microsoft-Windows-Kernel-General","The access history in hive \??\C:\RemoteInstall\Tmp\x64uefi{F07B2985-E29E-470B-87CF-45C68472561D}.bcd was cleared updating 0 keys and creating 0 modified pages."
"9/1/2026 8:22:56 PM","16","Information","Microsoft-Windows-Kernel-General","The access history in hive \??\C:\RemoteInstall\Tmp\x86uefi{DE97B829-DD07-4404-8114-C8BA8B49DC5B}.bcd was cleared updating 0 keys and creating 0 modified pages."
"9/1/2026 8:22:56 PM","16","Information","Microsoft-Windows-Kernel-General","The access history in hive \??\C:\RemoteInstall\Tmp\arm{A979B8B7-C042-4E61-BD9E-5F8B8976498B}.bcd was cleared updating 0 keys and creating 0 modified pages."
"9/1/2026 8:22:56 PM","16","Information","Microsoft-Windows-Kernel-General","The access history in hive \??\C:\RemoteInstall\Tmp\arm{A979B8B7-C042-4E61-BD9E-5F8B8976498B}.bcd was cleared updating 0 keys and creating 0 modified pages."
"9/1/2026 8:22:56 PM","16","Information","Microsoft-Windows-Kernel-General","The access history in hive \??\C:\RemoteInstall\Tmp\arm{A979B8B7-C042-4E61-BD9E-5F8B8976498B}.bcd was cleared updating 0 keys and creating 0 modified pages."
"9/1/2026 8:22:56 PM","16","Information","Microsoft-Windows-Kernel-General","The access history in hive \??\C:\RemoteInstall\Tmp\x86x64{42B4C46E-4933-4960-99ED-D0D0C07C58DA}.bcd was cleared updating 0 keys and creating 0 modified pages."
"9/1/2026 8:22:56 PM","16","Information","Microsoft-Windows-Kernel-General","The access history in hive \??\C:\RemoteInstall\Tmp\arm64{F3161F29-1F3D-4280-8CB5-CE39B98CBC52}.bcd was cleared updating 0 keys and creating 0 modified pages."
"9/1/2026 8:22:56 PM","16","Information","Microsoft-Windows-Kernel-General","The access history in hive \??\C:\RemoteInstall\Tmp\arm64{F3161F29-1F3D-4280-8CB5-CE39B98CBC52}.bcd was cleared updating 0 keys and creating 0 modified pages."
"9/1/2026 8:22:56 PM","16","Information","Microsoft-Windows-Kernel-General","The access history in hive \??\C:\RemoteInstall\Tmp\arm64{F3161F29-1F3D-4280-8CB5-CE39B98CBC52}.bcd was cleared updating 0 keys and creating 0 modified pages."
"9/1/2026 8:22:56 PM","16","Information","Microsoft-Windows-Kernel-General","The access history in hive \??\C:\RemoteInstall\Tmp\x64{969158C2-F4A2-4675-B54A-D7AD91570EC7}.bcd was cleared updating 0 keys and creating 0 modified pages."
"9/1/2026 8:22:56 PM","16","Information","Microsoft-Windows-Kernel-General","The access history in hive \??\C:\RemoteInstall\Tmp\x64{969158C2-F4A2-4675-B54A-D7AD91570EC7}.bcd was cleared updating 0 keys and creating 0 modified pages."
"9/1/2026 8:22:56 PM","16","Information","Microsoft-Windows-Kernel-General","The access history in hive \??\C:\RemoteInstall\Tmp\x64{969158C2-F4A2-4675-B54A-D7AD91570EC7}.bcd was cleared updating 0 keys and creating 0 modified pages."
"9/1/2026 8:22:56 PM","16","Information","Microsoft-Windows-Kernel-General","The access history in hive \??\C:\RemoteInstall\Tmp\x86{A9F2F1FB-66AE-4656-8B93-C7CE5248FB41}.bcd was cleared updating 0 keys and creating 0 modified pages."
"9/1/2026 8:22:43 PM","23","Error","Microsoft-Windows-Eventlog","The event logging service encountered an error (res=5) while initializing logging resources for channel Microsoft-Windows-PowerShell/Admin."
"9/1/2026 8:22:43 PM","23","Error","Microsoft-Windows-Eventlog","The event logging service encountered an error (res=5) while initializing logging resources for channel Microsoft-Windows-PowerShell/Operational."
"9/1/2026 8:22:36 PM","19","Information","Microsoft-Windows-WindowsUpdateClient","Installation Successful: Windows successfully installed the following update: 2022-02 Cumulative Update Preview for .NET Framework 3.5 and 4.8 for Microsoft server operating system version 21H2 for x64 (KB5010475)"
"9/1/2026 8:22:36 PM","19","Information","Microsoft-Windows-WindowsUpdateClient","Installation Successful: Windows successfully installed the following update: 2026-08 Cumulative Update for .NET Framework 3.5, 4.8 and 4.8.1 for Microsoft server operating system version 21H2 for x64 (KB5121650)"
"9/1/2026 8:22:35 PM","7036","Information","Service Control Manager","The DNS service entered the running state."
"9/1/2026 8:22:34 PM","7036","Information","Service Control Manager","The MSSQL$SQLEXPRESS service entered the running state."
"9/1/2026 8:22:32 PM","7040","Information","Service Control Manager","The start type of the Windows Modules Installer service was changed from auto start to demand start."
"9/1/2026 8:22:30 PM","7036","Information","Service Control Manager","The WMI Performance Adapter service entered the running state."
"9/1/2026 8:22:30 PM","7026","Information","Service Control Manager","The following boot-start or system-start driver(s) did not load: 
dam"
"9/1/2026 8:22:30 PM","7036","Information","Service Control Manager","The SQLTELEMETRY$SQLEXPRESS service entered the running state."
"9/1/2026 8:22:29 PM","7036","Information","Service Control Manager","The BITS service entered the running state."
"9/1/2026 8:22:26 PM","7036","Information","Service Control Manager","The W32Time service entered the running state."
"9/1/2026 8:22:26 PM","12","Warning","Microsoft-Windows-Time-Service","Time Provider NtpClient: This machine is configured to use the domain hierarchy to determine its time source, but it is the AD PDC emulator for the domain at the root of the forest, so there is no machine above it in the domain hierarchy to use as a time source. It is recommended that you either configure a reliable time service in the root domain, or manually configure the AD PDC to synchronize with an external time source. Otherwise, this machine will function as the authoritative time source in the domain hierarchy. If an external time source is not configured or used for this computer, you may choose to disable the NtpClient."
"9/1/2026 8:22:26 PM","143","Information","Microsoft-Windows-Time-Service","The time service has started advertising as a good time source."
"9/1/2026 8:22:26 PM","139","Information","Microsoft-Windows-Time-Service","The time service has started advertising as a time source."
"9/1/2026 8:22:24 PM","7036","Information","Service Control Manager","The W3SVC service entered the running state."
"9/1/2026 8:22:22 PM","1014","Warning","Microsoft-Windows-DNS-Client","Name resolution for the name _ldap._tcp.dc._msdcs.scaffold.htb. timed out after none of the configured DNS servers responded."
"9/1/2026 8:22:19 PM","7036","Information","Service Control Manager","The DispBrokerDesktopSvc service entered the running state."
"9/1/2026 8:22:19 PM","10154","Warning","Microsoft-Windows-WinRM","The WinRM service failed to create the following SPNs: WSMAN/dc.scaffold.htb; WSMAN/dc. 

 Additional Data 
 The error received was 1355: %%1355.

 User Action 
 The SPNs can be created by an administrator using setspn.exe utility."
"9/1/2026 8:22:18 PM","7036","Information","Service Control Manager","The VSS service entered the running state."
"9/1/2026 8:22:17 PM","7036","Information","Service Control Manager","The Netlogon service entered the running state."
"9/1/2026 8:22:17 PM","7036","Information","Service Control Manager","The MDT_Monitor service entered the running state."
"9/1/2026 8:22:16 PM","7036","Information","Service Control Manager","The MSDTC service entered the running state."
"9/1/2026 8:22:13 PM","7036","Information","Service Control Manager","The wuauserv service entered the running state."
"9/1/2026 8:22:12 PM","7036","Information","Service Control Manager","The ADWS service entered the running state."
"9/1/2026 8:22:10 PM","7036","Information","Service Control Manager","The RasMan service entered the running state."
"9/1/2026 8:22:08 PM","7036","Information","Service Control Manager","The COMSysApp service entered the running state."
"9/1/2026 8:22:08 PM","7036","Information","Service Control Manager","The StateRepository service entered the running state."
"9/1/2026 8:22:08 PM","7036","Information","Service Control Manager","The vds service entered the running state."
"9/1/2026 8:22:08 PM","3","Information","Virtual Disk Service","Service started."
"9/1/2026 8:22:07 PM","7036","Information","Service Control Manager","The vmvss service entered the running state."
"9/1/2026 8:22:07 PM","7036","Information","Service Control Manager","The WinRM service entered the running state."
"9/1/2026 8:22:07 PM","10148","Information","Microsoft-Windows-WinRM","The WinRM service is listening for WS-Management requests. 

 User Action 
 Use the following command to see the specific IPs on which WinRM is listening: 

 winrm enumerate winrm/config/listener"
"9/1/2026 8:22:06 PM","7036","Information","Service Control Manager","The DiagTrack service entered the running state."
"9/1/2026 8:22:06 PM","7036","Information","Service Control Manager","The WAS service entered the running state."
"9/1/2026 8:22:06 PM","7036","Information","Service Control Manager","The WpnService service entered the running state."
"9/1/2026 8:22:06 PM","7036","Information","Service Control Manager","The SstpSvc service entered the running state."
"9/1/2026 8:22:06 PM","7036","Information","Service Control Manager","The Winmgmt service entered the running state."
"9/1/2026 8:22:06 PM","7036","Information","Service Control Manager","The VMTools service entered the running state."
"9/1/2026 8:22:06 PM","7036","Information","Service Control Manager","The VGAuthService service entered the running state."
"9/1/2026 8:22:06 PM","7036","Information","Service Control Manager","The Dfs service entered the running state."
"9/1/2026 8:22:06 PM","7036","Information","Service Control Manager","The VM3DService service entered the running state."
"9/1/2026 8:22:06 PM","14531","Information","Microsoft-Windows-DfsSvc","DFS server has finished initializing."
"9/1/2026 8:22:06 PM","14533","Information","Microsoft-Windows-DfsSvc","DFS has finished building all namespaces."
"9/1/2026 8:22:06 PM","5211","Information","Microsoft-Windows-WAS","The Windows Process Activation Service (WAS) started with 'Classic' mode using 'ConfigurationSystem'"
"9/1/2026 8:22:06 PM","7036","Information","Service Control Manager","The SQLWriter service entered the running state."
"9/1/2026 8:22:06 PM","7036","Information","Service Control Manager","The SysMain service entered the running state."
"9/1/2026 8:22:06 PM","7036","Information","Service Control Manager","The AppHostSvc service entered the running state."
"9/1/2026 8:22:05 PM","7036","Information","Service Control Manager","The CertSvc service entered the running state."
"9/1/2026 8:22:05 PM","7036","Information","Service Control Manager","The IsmServ service entered the running state."
"9/1/2026 8:22:05 PM","7036","Information","Service Control Manager","The DFSR service entered the running state."
"9/1/2026 8:22:05 PM","7036","Information","Service Control Manager","The RemoteRegistry service entered the running state."
"9/1/2026 8:22:05 PM","7036","Information","Service Control Manager","The CoreMessagingRegistrar service entered the running state."
"9/1/2026 8:22:05 PM","7036","Information","Service Control Manager","The CryptSvc service entered the running state."
"9/1/2026 8:22:05 PM","7036","Information","Service Control Manager","The AzureAttestService service entered the running state."
"9/1/2026 8:22:05 PM","7036","Information","Service Control Manager","The KeyIso service entered the running state."
"9/1/2026 8:22:05 PM","7036","Information","Service Control Manager","The Spooler service entered the running state."
"9/1/2026 8:22:05 PM","4321","Error","NetBT","The name ""DC             :20"" could not be registered on the interface with IP address 10.129.250.104. The computer with the IP address 10.129.249.73 did not allow the name to be claimed by this computer."
"9/1/2026 8:22:05 PM","7036","Information","Service Control Manager","The LanmanServer service entered the running state."
"9/1/2026 8:22:05 PM","7036","Information","Service Control Manager","The SamSs service entered the running state."
"9/1/2026 8:22:05 PM","2505","Error","Server","The server could not bind to the transport \Device\NetBT_Tcpip_{B67533AE-77BD-4706-9E9E-53BCF481AA5A} because another computer on the network has the same name.  The server could not start."
"9/1/2026 8:22:00 PM","1014","Warning","Microsoft-Windows-DNS-Client","Name resolution for the name _ldap._tcp.dc._msdcs.scaffold.htb. timed out after none of the configured DNS servers responded."
"9/1/2026 8:21:57 PM","7036","Information","Service Control Manager","The mpssvc service entered the running state."
"9/1/2026 8:21:57 PM","7036","Information","Service Control Manager","The IKEEXT service entered the running state."
"9/1/2026 8:21:57 PM","7036","Information","Service Control Manager","The PolicyAgent service entered the running state."
"9/1/2026 8:21:57 PM","7036","Information","Service Control Manager","The NcaSvc service entered the stopped state."
"9/1/2026 8:21:57 PM","36928","Error","Schannel","Could not retrieve an OCSP response.

   The Failure Reason is: REASON_OCSP_RESPONSE_RETRIEVAL_ERROR
    The OCSP Url is: 
   The previous OCSP response contained the following times:
      ThisUpdate: ‎1601‎-‎01‎-‎01T00:00:00.000000000Z
      NextUpdate: ‎1601‎-‎01‎-‎01T00:00:00.000000000Z

The attached data contains the certificate."
"9/1/2026 8:21:57 PM","7036","Information","Service Control Manager","The iphlpsvc service entered the running state."
"9/1/2026 8:21:57 PM","7036","Information","Service Control Manager","The Kdc service entered the running state."
"9/1/2026 8:21:57 PM","7036","Information","Service Control Manager","The Wcmsvc service entered the running state."
"9/1/2026 8:21:57 PM","7036","Information","Service Control Manager","The UserManager service entered the running state."
"9/1/2026 8:21:57 PM","7036","Information","Service Control Manager","The BFE service entered the running state."
"9/1/2026 8:21:57 PM","7036","Information","Service Control Manager","The WinHttpAutoProxySvc service entered the running state."
"9/1/2026 8:21:57 PM","7036","Information","Service Control Manager","The NcbService service entered the running state."
"9/1/2026 8:21:57 PM","7036","Information","Service Control Manager","The LanmanWorkstation service entered the running state."
"9/1/2026 8:21:57 PM","4321","Error","NetBT","The name ""DC             :0"" could not be registered on the interface with IP address 10.129.250.104. The computer with the IP address 10.129.249.73 did not allow the name to be claimed by this computer."
"9/1/2026 8:21:57 PM","7036","Information","Service Control Manager","The FontCache service entered the running state."
"9/1/2026 8:21:57 PM","7036","Information","Service Control Manager","The Schedule service entered the running state."
"9/1/2026 8:21:57 PM","7036","Information","Service Control Manager","The ShellHWDetection service entered the running state."
"9/1/2026 8:21:56 PM","7036","Information","Service Control Manager","The DsmSvc service entered the running state."
"9/1/2026 8:21:56 PM","7036","Information","Service Control Manager","The SENS service entered the running state."
"9/1/2026 8:21:56 PM","23","Error","Microsoft-Windows-Eventlog","The event logging service encountered an error (res=5) while initializing logging resources for channel Windows PowerShell."
"9/1/2026 8:21:56 PM","7036","Information","Service Control Manager","The TrustedInstaller service entered the running state."
"9/1/2026 8:21:56 PM","7036","Information","Service Control Manager","The EventSystem service entered the running state."
"9/1/2026 8:21:56 PM","7036","Information","Service Control Manager","The netprofm service entered the running state."
"9/1/2026 8:21:56 PM","7036","Information","Service Control Manager","The ProfSvc service entered the running state."
"9/1/2026 8:21:56 PM","7036","Information","Service Control Manager","The gpsvc service entered the running state."
"9/1/2026 8:21:56 PM","7036","Information","Service Control Manager","The Themes service entered the running state."
"9/1/2026 8:21:56 PM","7036","Information","Service Control Manager","The NlaSvc service entered the running state."
"9/1/2026 8:21:56 PM","7036","Information","Service Control Manager","The NTDS service entered the running state."
"9/1/2026 8:21:56 PM","6","Information","Microsoft-Windows-FilterManager","File System Filter 'bindflt' (10.0, ‎2051‎-‎03‎-‎03T20:45:47.000000000Z) has successfully loaded and registered with Filter Manager."
"9/1/2026 8:21:56 PM","7036","Information","Service Control Manager","The WPDBusEnum service entered the running state."
"9/1/2026 8:21:56 PM","6","Information","Microsoft-Windows-FilterManager","File System Filter 'storqosflt' (10.0, ‎2051‎-‎09‎-‎21T05:40:20.000000000Z) has successfully loaded and registered with Filter Manager."
"9/1/2026 8:21:56 PM","6","Information","Microsoft-Windows-FilterManager","File System Filter 'CldFlt' (10.0, ‎2074‎-‎11‎-‎09T08:03:12.000000000Z) has successfully loaded and registered with Filter Manager."
"9/1/2026 8:21:56 PM","1","Information","Microsoft-Windows-FilterManager","File System Filter 'CldFlt' (Version 10.0, ‎2074‎-‎11‎-‎09T08:03:12.000000000Z) unloaded successfully."
"9/1/2026 8:21:56 PM","6","Information","Microsoft-Windows-FilterManager","File System Filter 'CldFlt' (10.0, ‎2074‎-‎11‎-‎09T08:03:12.000000000Z) has successfully loaded and registered with Filter Manager."
"9/1/2026 8:21:56 PM","7036","Information","Service Control Manager","The EventLog service entered the running state."
"9/1/2026 8:21:56 PM","6","Information","Microsoft-Windows-FilterManager","File System Filter 'luafv' (10.0, ‎2068‎-‎10‎-‎11T15:22:37.000000000Z) has successfully loaded and registered with Filter Manager."
"9/1/2026 8:21:56 PM","7036","Information","Service Control Manager","The Dnscache service entered the running state."
"9/1/2026 8:21:56 PM","7036","Information","Service Control Manager","The Dhcp service entered the running state."
"9/1/2026 8:21:56 PM","6","Information","Microsoft-Windows-FilterManager","File System Filter 'wcifs' (10.0, ‎2088‎-‎12‎-‎15T04:51:43.000000000Z) has successfully loaded and registered with Filter Manager."
"9/1/2026 8:21:56 PM","51046","Information","Microsoft-Windows-DHCPv6-Client","DHCPv6 client service is started"
"9/1/2026 8:21:56 PM","50036","Information","Microsoft-Windows-Dhcp-Client","DHCPv4 client service is started"
"9/1/2026 8:21:56 PM","50103","Information","Microsoft-Windows-Dhcp-Client","DHCPv4 client registered for shutdown notification"
"9/1/2026 8:21:56 PM","50036","Information","Microsoft-Windows-Dhcp-Client","DHCPv4 client service is started"
"9/1/2026 8:21:56 PM","7036","Information","Service Control Manager","The TimeBrokerSvc service entered the running state."
"9/1/2026 8:21:56 PM","7036","Information","Service Control Manager","The nsi service entered the running state."
"9/1/2026 8:21:56 PM","7036","Information","Service Control Manager","The lmhosts service entered the running state."
"9/1/2026 8:21:56 PM","7036","Information","Service Control Manager","The SystemEventsBroker service entered the running state."
"9/1/2026 8:21:56 PM","7036","Information","Service Control Manager","The BrokerInfrastructure service entered the running state."
"9/1/2026 8:21:55 PM","7036","Information","Service Control Manager","The LSM service entered the running state."
"9/1/2026 8:21:55 PM","7036","Information","Service Control Manager","The RpcSs service entered the running state."
"9/1/2026 8:21:55 PM","7036","Information","Service Control Manager","The DcomLaunch service entered the running state."
"9/1/2026 8:21:55 PM","7036","Information","Service Control Manager","The RpcEptMapper service entered the running state."
"9/1/2026 8:21:55 PM","7036","Information","Service Control Manager","The Power service entered the running state."
"9/1/2026 8:21:55 PM","7036","Information","Service Control Manager","The PlugPlay service entered the running state."
"9/1/2026 8:21:55 PM","16983","Information","Microsoft-Windows-Directory-Services-SAM","The security account manager is now logging periodic summary events for remote clients that call legacy password change or set RPC methods.

For more information please see https://go.microsoft.com/fwlink/?linkid=2150956.
"
"9/1/2026 8:21:55 PM","16977","Information","Microsoft-Windows-Directory-Services-SAM","The domain is configured with the following minimum password length-related settings.

MinimumPasswordLength: 7

RelaxMinimumPasswordLengthLimits: 0

MinimumPasswordLengthAudit: -1

For more information see https://go.microsoft.com/fwlink/?LinkId=2097191.
"
"9/1/2026 8:21:55 PM","16977","Information","Microsoft-Windows-Directory-Services-SAM","The domain is configured with the following minimum password length-related settings.

MinimumPasswordLength: 7

RelaxMinimumPasswordLengthLimits: 0

MinimumPasswordLengthAudit: 0

For more information see https://go.microsoft.com/fwlink/?LinkId=2097191.
"
"9/1/2026 8:21:53 PM","16962","Information","Microsoft-Windows-Directory-Services-SAM","Remote calls to the SAM database are being restricted using the default security descriptor: .
For more information please see http://go.microsoft.com/fwlink/?LinkId=787651."
"9/1/2026 8:21:53 PM","14","Information","Microsoft-Windows-Wininit","Credential Guard configuration: 0x0, 0"
"9/1/2026 8:21:52 PM","24","Information","Microsoft-Windows-Kernel-General","The time zone information was refreshed with exit reason 0. Current time zone bias is 420."
"9/1/2026 8:21:51 PM","98","Error","Microsoft-Windows-Ntfs","Volume \\?\Volume{2bc8a4fb-ec89-41c1-8fb3-d753243c8254} (\Device\HarddiskVolume5) needs to be taken offline to perform a Full Chkdsk.  Please run ""CHKDSK /F"" locally via the command line, or run ""REPAIR-VOLUME <drive:>"" locally or remotely via PowerShell."
"9/1/2026 8:21:51 PM","98","Error","Microsoft-Windows-Ntfs","Volume Y: (\Device\HarddiskVolume4) needs to be taken offline to perform a Full Chkdsk.  Please run ""CHKDSK /F"" locally via the command line, or run ""REPAIR-VOLUME <drive:>"" locally or remotely via PowerShell."
"9/1/2026 8:21:51 PM","55","Information","Microsoft-Windows-Kernel-Processor-Power","Processor 1 in group 0 exposes the following power management capabilities:

Idle state type: ACPI Idle (C) States (1 state(s))

Performance state type: None
Nominal Frequency (MHz): 2994
Maximum performance percentage: 100
Minimum performance percentage: 100
Minimum throttle percentage: 100"
"9/1/2026 8:21:51 PM","55","Information","Microsoft-Windows-Kernel-Processor-Power","Processor 0 in group 0 exposes the following power management capabilities:

Idle state type: ACPI Idle (C) States (1 state(s))

Performance state type: None
Nominal Frequency (MHz): 2994
Maximum performance percentage: 100
Minimum performance percentage: 100
Minimum throttle percentage: 100"
"9/1/2026 8:21:51 PM","172","Information","Microsoft-Windows-Kernel-Power","Connectivity state in standby: Disconnected, Reason: NIC compliance"
"9/1/2026 8:21:51 PM","6","Information","Microsoft-Windows-FilterManager","File System Filter 'npsvctrig' (10.0, ‎2015‎-‎04‎-‎02T03:42:38.000000000Z) has successfully loaded and registered with Filter Manager."
"9/1/2026 8:21:50 PM","6","Information","Microsoft-Windows-FilterManager","File System Filter 'DfsDriver' (10.0, ‎2053‎-‎07‎-‎29T02:36:42.000000000Z) has successfully loaded and registered with Filter Manager."
"9/1/2026 8:21:50 PM","6","Information","Microsoft-Windows-FilterManager","File System Filter 'FileCrypt' (10.0, ‎2088‎-‎05‎-‎23T23:57:52.000000000Z) has successfully loaded and registered with Filter Manager."
"9/1/2026 8:21:50 PM","98","Information","Microsoft-Windows-Ntfs","Volume C: (\Device\HarddiskVolume3) is healthy.  No action is needed."
"9/1/2026 8:21:50 PM","6","Information","Microsoft-Windows-FilterManager","File System Filter 'DfsrRo' (10.0, ‎1999‎-‎03‎-‎20T18:16:31.000000000Z) has successfully loaded and registered with Filter Manager."
"9/1/2026 8:21:50 PM","6","Information","Microsoft-Windows-FilterManager","File System Filter 'Wof' (10.0, ‎2008‎-‎09‎-‎17T11:19:58.000000000Z) has successfully loaded and registered with Filter Manager."
"9/1/2026 8:21:48 PM","3","Information","vmci","VMCI: Using capabilities (0x1c).
"
"9/1/2026 8:21:47 PM","16","Information","Microsoft-Windows-HAL","The iommu fault reporting has been initialized."
"9/1/2026 8:21:47 PM","20","Information","Microsoft-Windows-Kernel-General","The leap second configuration has been updated.
Reason: Leap second data initialized from registry during boot
Leap seconds enabled: true
New leap second count: 0
Old leap second count: 0"
"9/1/2026 8:21:47 PM","32","Information","Microsoft-Windows-Kernel-Boot","The bootmgr spent 0 ms waiting for user input."
"9/1/2026 8:21:47 PM","18","Information","Microsoft-Windows-Kernel-Boot","There are 0x1 boot options on this system."
"9/1/2026 8:21:47 PM","27","Information","Microsoft-Windows-Kernel-Boot","The boot type was 0x0."
"9/1/2026 8:21:47 PM","25","Information","Microsoft-Windows-Kernel-Boot","The boot menu policy was 0x0."
"9/1/2026 8:21:47 PM","238","Information","Microsoft-Windows-Kernel-Boot","EFI time zone bias: 2047. Daylight flags: 0. Firmware time: ‎2026‎-‎09‎-‎01T20:21:46.000000000Z."
"9/1/2026 8:21:47 PM","20","Information","Microsoft-Windows-Kernel-Boot","The last shutdown's success status was true. The last boot's success status was true."
"9/1/2026 8:21:47 PM","153","Information","Microsoft-Windows-Kernel-Boot","Virtualization-based security (policies: 0) is disabled."
"9/1/2026 8:21:47 PM","12","Information","Microsoft-Windows-Kernel-General","The operating system started at system time ‎2026‎-‎09‎-‎02T03:21:47.500000000Z."
"9/1/2026 8:21:38 PM","13","Information","Microsoft-Windows-Kernel-General","The operating system is shutting down at system time ‎2026‎-‎09‎-‎02T03:21:38.068743300Z."
