"6/2/2026 7:09:17 AM","102","Information","Microsoft-Windows-TaskScheduler","Task Scheduler successfully finished ""{0c9bc135-8d04-4ab0-a33e-1aa3eaab3dec}"" instance of the ""\Microsoft\Windows\WwanSvc\OobeDiscovery"" task for user ""NT AUTHORITY\SYSTEM""."
"6/2/2026 7:09:17 AM","201","Information","Microsoft-Windows-TaskScheduler","Task Scheduler successfully completed task ""\Microsoft\Windows\WwanSvc\OobeDiscovery"" , instance ""{0c9bc135-8d04-4ab0-a33e-1aa3eaab3dec}"" , action ""OobeEsimTaskManager"" with return code 0."
"6/2/2026 7:09:17 AM","102","Information","Microsoft-Windows-TaskScheduler","Task Scheduler successfully finished ""{7176888d-bc63-4823-bbdd-e32eff6c2b3d}"" instance of the ""\Microsoft\Windows\ExploitGuard\ExploitGuard MDM policy Refresh"" task for user ""NT AUTHORITY\SYSTEM""."
"6/2/2026 7:09:17 AM","201","Information","Microsoft-Windows-TaskScheduler","Task Scheduler successfully completed task ""\Microsoft\Windows\ExploitGuard\ExploitGuard MDM policy Refresh"" , instance ""{7176888d-bc63-4823-bbdd-e32eff6c2b3d}"" , action """" with return code 0."
"6/2/2026 7:09:17 AM","102","Information","Microsoft-Windows-TaskScheduler","Task Scheduler successfully finished ""{3679d05b-8859-49fe-aaae-756f0a75c23e}"" instance of the ""\Microsoft\Windows\DirectX\DXGIAdapterCache"" task for user ""NT AUTHORITY\SYSTEM""."
"6/2/2026 7:09:17 AM","201","Information","Microsoft-Windows-TaskScheduler","Task Scheduler successfully completed task ""\Microsoft\Windows\DirectX\DXGIAdapterCache"" , instance ""{3679d05b-8859-49fe-aaae-756f0a75c23e}"" , action ""%windir%\system32\dxgiadaptercache.exe"" with return code 0."
"6/2/2026 7:09:17 AM","102","Information","Microsoft-Windows-TaskScheduler","Task Scheduler successfully finished ""{e7ad1189-5b2e-4789-8d1d-df0cc6c1f7cc}"" instance of the ""\Microsoft\Windows\Time Synchronization\ForceSynchronizeTime"" task for user ""(NONE)""."
"6/2/2026 7:09:17 AM","201","Information","Microsoft-Windows-TaskScheduler","Task Scheduler successfully completed task ""\Microsoft\Windows\Time Synchronization\ForceSynchronizeTime"" , instance ""{e7ad1189-5b2e-4789-8d1d-df0cc6c1f7cc}"" , action ""Time Synchronization Task Handler"" with return code 0."
"6/2/2026 7:09:17 AM","200","Information","Microsoft-Windows-TaskScheduler","Task Scheduler launched action ""Time Synchronization Task Handler"" in instance ""{e7ad1189-5b2e-4789-8d1d-df0cc6c1f7cc}"" of task ""\Microsoft\Windows\Time Synchronization\ForceSynchronizeTime""."
"6/2/2026 7:09:17 AM","100","Information","Microsoft-Windows-TaskScheduler","Task Scheduler started ""{e7ad1189-5b2e-4789-8d1d-df0cc6c1f7cc}"" instance of the ""\Microsoft\Windows\Time Synchronization\ForceSynchronizeTime"" task for user ""(NONE)""."
"6/2/2026 7:09:17 AM","129","Information","Microsoft-Windows-TaskScheduler","Task Scheduler launch task ""\Microsoft\Windows\Time Synchronization\ForceSynchronizeTime"" , instance ""taskhostw.exe""  with process ID 2580."
"6/2/2026 7:09:17 AM","200","Information","Microsoft-Windows-TaskScheduler","Task Scheduler launched action ""OobeEsimTaskManager"" in instance ""{0c9bc135-8d04-4ab0-a33e-1aa3eaab3dec}"" of task ""\Microsoft\Windows\WwanSvc\OobeDiscovery""."
"6/2/2026 7:09:17 AM","100","Information","Microsoft-Windows-TaskScheduler","Task Scheduler started ""{0c9bc135-8d04-4ab0-a33e-1aa3eaab3dec}"" instance of the ""\Microsoft\Windows\WwanSvc\OobeDiscovery"" task for user ""NT AUTHORITY\SYSTEM""."
"6/2/2026 7:09:17 AM","101","Error","Microsoft-Windows-TaskScheduler","Task Scheduler failed to start ""\Microsoft\Windows\Workplace Join\Automatic-Device-Join"" task for user ""(default user)"". Additional Data: Error Value: 2147943568."
"6/2/2026 7:09:17 AM","200","Information","Microsoft-Windows-TaskScheduler","Task Scheduler launched action """" in instance ""{7176888d-bc63-4823-bbdd-e32eff6c2b3d}"" of task ""\Microsoft\Windows\ExploitGuard\ExploitGuard MDM policy Refresh""."
"6/2/2026 7:09:17 AM","100","Information","Microsoft-Windows-TaskScheduler","Task Scheduler started ""{7176888d-bc63-4823-bbdd-e32eff6c2b3d}"" instance of the ""\Microsoft\Windows\ExploitGuard\ExploitGuard MDM policy Refresh"" task for user ""NT AUTHORITY\SYSTEM""."
"6/2/2026 7:09:17 AM","129","Information","Microsoft-Windows-TaskScheduler","Task Scheduler launch task ""\Microsoft\Windows\ExploitGuard\ExploitGuard MDM policy Refresh"" , instance ""taskhostw.exe""  with process ID 2136."
"6/2/2026 7:09:17 AM","200","Information","Microsoft-Windows-TaskScheduler","Task Scheduler launched action ""%windir%\system32\dxgiadaptercache.exe"" in instance ""{3679d05b-8859-49fe-aaae-756f0a75c23e}"" of task ""\Microsoft\Windows\DirectX\DXGIAdapterCache""."
"6/2/2026 7:09:17 AM","100","Information","Microsoft-Windows-TaskScheduler","Task Scheduler started ""{3679d05b-8859-49fe-aaae-756f0a75c23e}"" instance of the ""\Microsoft\Windows\DirectX\DXGIAdapterCache"" task for user ""NT AUTHORITY\SYSTEM""."
"6/2/2026 7:09:17 AM","129","Information","Microsoft-Windows-TaskScheduler","Task Scheduler launch task ""\Microsoft\Windows\DirectX\DXGIAdapterCache"" , instance ""%windir%\system32\dxgiadaptercache.exe""  with process ID 2128."
"6/2/2026 7:09:17 AM","118","Information","Microsoft-Windows-TaskScheduler","Task Scheduler launched ""{7176888d-bc63-4823-bbdd-e32eff6c2b3d}""  instance of task ""\Microsoft\Windows\ExploitGuard\ExploitGuard MDM policy Refresh""  due to system startup."
"6/2/2026 7:09:17 AM","400","Information","Microsoft-Windows-TaskScheduler","Task Scheduler service has started."
"6/2/2026 7:09:17 AM","700","Information","Microsoft-Windows-TaskScheduler","Task Scheduler service started Task Compatibility module."
"6/2/2026 7:06:20 AM","402","Information","Microsoft-Windows-TaskScheduler","Task Scheduler service is shutting down."
"6/2/2026 7:06:19 AM","140","Information","Microsoft-Windows-TaskScheduler","User ""NT AUTHORITY\SYSTEM""  updated Task Scheduler task ""\Microsoft\Windows\WindowsUpdate\Scheduled Start"""
"6/2/2026 7:06:19 AM","111","Information","Microsoft-Windows-TaskScheduler","Task Scheduler terminated ""{2bb358b2-0ace-4db0-b19c-ee50f220e2c7}""  instance of the ""\MicrosoftEdgeUpdateTaskMachineCore""  task."
"6/2/2026 7:06:19 AM","102","Information","Microsoft-Windows-TaskScheduler","Task Scheduler successfully finished ""{2bb358b2-0ace-4db0-b19c-ee50f220e2c7}"" instance of the ""\MicrosoftEdgeUpdateTaskMachineCore"" task for user ""NT AUTHORITY\SYSTEM""."
"6/2/2026 7:06:19 AM","201","Information","Microsoft-Windows-TaskScheduler","Task Scheduler successfully completed task ""\MicrosoftEdgeUpdateTaskMachineCore"" , instance ""{2bb358b2-0ace-4db0-b19c-ee50f220e2c7}"" , action ""C:\Program Files (x86)\Microsoft\EdgeUpdate\MicrosoftEdgeUpdate.exe"" with return code 2147943691."
"6/2/2026 7:06:19 AM","103","Error","Microsoft-Windows-TaskScheduler","Task Scheduler failed to start instance ""{dfd1ea18-018a-4232-8521-2418158a9cbd}"" of ""\Microsoft\Windows\Wininet\CacheTask""  task for user """" . Additional Data: Error Value: 2147942404."
"6/2/2026 7:06:19 AM","202","Error","Microsoft-Windows-TaskScheduler","Task Scheduler failed to complete task ""\Microsoft\Windows\Wininet\CacheTask"" , instance ""{dfd1ea18-018a-4232-8521-2418158a9cbd}"" , action ""Wininet Cache task object"" . Additional Data: Error Value: 2147942404."
"6/2/2026 7:06:19 AM","102","Information","Microsoft-Windows-TaskScheduler","Task Scheduler successfully finished ""{a637ead6-e1e7-4e93-b1cd-4928f8a8bdc7}"" instance of the ""\CreateExplorerShellUnelevatedTask"" task for user ""SCAFFOLD\Administrator""."
"6/2/2026 7:06:19 AM","201","Information","Microsoft-Windows-TaskScheduler","Task Scheduler successfully completed task ""\CreateExplorerShellUnelevatedTask"" , instance ""{a637ead6-e1e7-4e93-b1cd-4928f8a8bdc7}"" , action ""C:\Windows\Explorer.EXE"" with return code 2147942404."
"6/2/2026 7:06:18 AM","103","Error","Microsoft-Windows-TaskScheduler","Task Scheduler failed to start instance ""{ee41615c-3727-45de-b9b4-714977fcbc1e}"" of ""\Microsoft\Windows\International\Synchronize Language Settings""  task for user """" . Additional Data: Error Value: 2147942404."
"6/2/2026 7:06:18 AM","202","Error","Microsoft-Windows-TaskScheduler","Task Scheduler failed to complete task ""\Microsoft\Windows\International\Synchronize Language Settings"" , instance ""{ee41615c-3727-45de-b9b4-714977fcbc1e}"" , action ""Sync Language Data From Cloud Task"" . Additional Data: Error Value: 2147942404."
"6/2/2026 7:06:16 AM","102","Information","Microsoft-Windows-TaskScheduler","Task Scheduler successfully finished ""{7f6cbe55-c30e-491a-97b6-c6304ff9ebab}"" instance of the ""\Microsoft\Windows\Workplace Join\Automatic-Device-Join"" task for user ""NT AUTHORITY\SYSTEM""."
"6/2/2026 7:06:16 AM","201","Information","Microsoft-Windows-TaskScheduler","Task Scheduler successfully completed task ""\Microsoft\Windows\Workplace Join\Automatic-Device-Join"" , instance ""{7f6cbe55-c30e-491a-97b6-c6304ff9ebab}"" , action ""%SystemRoot%\System32\dsregcmd.exe"" with return code 2147942401."
"6/2/2026 7:06:16 AM","200","Information","Microsoft-Windows-TaskScheduler","Task Scheduler launched action ""%SystemRoot%\System32\dsregcmd.exe"" in instance ""{7f6cbe55-c30e-491a-97b6-c6304ff9ebab}"" of task ""\Microsoft\Windows\Workplace Join\Automatic-Device-Join""."
"6/2/2026 7:06:16 AM","100","Information","Microsoft-Windows-TaskScheduler","Task Scheduler started ""{7f6cbe55-c30e-491a-97b6-c6304ff9ebab}"" instance of the ""\Microsoft\Windows\Workplace Join\Automatic-Device-Join"" task for user ""NT AUTHORITY\SYSTEM""."
"6/2/2026 7:06:16 AM","129","Information","Microsoft-Windows-TaskScheduler","Task Scheduler launch task ""\Microsoft\Windows\Workplace Join\Automatic-Device-Join"" , instance ""%SystemRoot%\System32\dsregcmd.exe""  with process ID 2824."
"6/2/2026 7:06:16 AM","119","Information","Microsoft-Windows-TaskScheduler","Task Scheduler launched ""{7f6cbe55-c30e-491a-97b6-c6304ff9ebab}""  instance of task ""\Microsoft\Windows\Workplace Join\Automatic-Device-Join"" due to user ""SCAFFOLD\Administrator""  logon."
"6/2/2026 7:05:56 AM","102","Information","Microsoft-Windows-TaskScheduler","Task Scheduler successfully finished ""{6bf774cc-f404-47c4-81ef-9bdf5f27bf8c}"" instance of the ""\Microsoft\Windows\Windows Defender\Windows Defender Verification"" task for user ""NT AUTHORITY\SYSTEM""."
"6/2/2026 7:05:56 AM","201","Information","Microsoft-Windows-TaskScheduler","Task Scheduler successfully completed task ""\Microsoft\Windows\Windows Defender\Windows Defender Verification"" , instance ""{6bf774cc-f404-47c4-81ef-9bdf5f27bf8c}"" , action ""C:\ProgramData\Microsoft\Windows Defender\Platform\4.18.26030.3011-0\MpCmdRun.exe"" with return code 0."
"6/2/2026 7:05:46 AM","200","Information","Microsoft-Windows-TaskScheduler","Task Scheduler launched action ""Sync Language Data From Cloud Task"" in instance ""{ee41615c-3727-45de-b9b4-714977fcbc1e}"" of task ""\Microsoft\Windows\International\Synchronize Language Settings""."
"6/2/2026 7:05:46 AM","100","Information","Microsoft-Windows-TaskScheduler","Task Scheduler started ""{ee41615c-3727-45de-b9b4-714977fcbc1e}"" instance of the ""\Microsoft\Windows\International\Synchronize Language Settings"" task for user ""SCAFFOLD\Administrator""."
"6/2/2026 7:05:46 AM","129","Information","Microsoft-Windows-TaskScheduler","Task Scheduler launch task ""\Microsoft\Windows\International\Synchronize Language Settings"" , instance ""taskhostw.exe""  with process ID 6680."
"6/2/2026 7:05:46 AM","119","Information","Microsoft-Windows-TaskScheduler","Task Scheduler launched ""{ee41615c-3727-45de-b9b4-714977fcbc1e}""  instance of task ""\Microsoft\Windows\International\Synchronize Language Settings"" due to user ""SCAFFOLD\Administrator""  logon."
"6/2/2026 7:05:18 AM","102","Information","Microsoft-Windows-TaskScheduler","Task Scheduler successfully finished ""{8b788914-85b7-4ed3-bd22-eaebb9a2e3a7}"" instance of the ""\Microsoft\Windows\Server Manager\ServerManager"" task for user ""SCAFFOLD\Administrator""."
"6/2/2026 7:05:18 AM","201","Information","Microsoft-Windows-TaskScheduler","Task Scheduler successfully completed task ""\Microsoft\Windows\Server Manager\ServerManager"" , instance ""{8b788914-85b7-4ed3-bd22-eaebb9a2e3a7}"" , action ""%windir%\system32\ServerManagerLauncher.exe"" with return code 0."
"6/2/2026 7:05:16 AM","102","Information","Microsoft-Windows-TaskScheduler","Task Scheduler successfully finished ""{e8f08276-c73e-495a-9b78-f40352f033a4}"" instance of the ""\Microsoft\Windows\WindowsColorSystem\Calibration Loader"" task for user ""SCAFFOLD\Administrator""."
"6/2/2026 7:05:16 AM","201","Information","Microsoft-Windows-TaskScheduler","Task Scheduler successfully completed task ""\Microsoft\Windows\WindowsColorSystem\Calibration Loader"" , instance ""{e8f08276-c73e-495a-9b78-f40352f033a4}"" , action ""Color Calibration Loader"" with return code 0."
"6/2/2026 7:05:16 AM","102","Information","Microsoft-Windows-TaskScheduler","Task Scheduler successfully finished ""{cb822047-5ad6-43bd-9d6a-8df018dd0026}"" instance of the ""\Microsoft\Windows\Plug and Play\Device Install Reboot Required"" task for user ""SCAFFOLD\Administrator""."
"6/2/2026 7:05:16 AM","201","Information","Microsoft-Windows-TaskScheduler","Task Scheduler successfully completed task ""\Microsoft\Windows\Plug and Play\Device Install Reboot Required"" , instance ""{cb822047-5ad6-43bd-9d6a-8df018dd0026}"" , action ""Device Installation Reboot Dialog Task"" with return code 0."
"6/2/2026 7:05:16 AM","102","Information","Microsoft-Windows-TaskScheduler","Task Scheduler successfully finished ""{c680d207-80b8-496f-9c5f-08868cab274e}"" instance of the ""\Microsoft\Windows\CertificateServicesClient\UserTask"" task for user ""SCAFFOLD\Administrator""."
"6/2/2026 7:05:16 AM","201","Information","Microsoft-Windows-TaskScheduler","Task Scheduler successfully completed task ""\Microsoft\Windows\CertificateServicesClient\UserTask"" , instance ""{c680d207-80b8-496f-9c5f-08868cab274e}"" , action ""Certificate Services Client Task Handler"" with return code 0."
"6/2/2026 7:05:16 AM","200","Information","Microsoft-Windows-TaskScheduler","Task Scheduler launched action ""C:\Windows\Explorer.EXE"" in instance ""{a637ead6-e1e7-4e93-b1cd-4928f8a8bdc7}"" of task ""\CreateExplorerShellUnelevatedTask""."
"6/2/2026 7:05:16 AM","100","Information","Microsoft-Windows-TaskScheduler","Task Scheduler started ""{a637ead6-e1e7-4e93-b1cd-4928f8a8bdc7}"" instance of the ""\CreateExplorerShellUnelevatedTask"" task for user ""SCAFFOLD\Administrator""."
"6/2/2026 7:05:16 AM","129","Information","Microsoft-Windows-TaskScheduler","Task Scheduler launch task ""\CreateExplorerShellUnelevatedTask"" , instance ""C:\Windows\Explorer.EXE""  with process ID 5608."
"6/2/2026 7:05:16 AM","109","Information","Microsoft-Windows-TaskScheduler","Task Scheduler launched ""{a637ead6-e1e7-4e93-b1cd-4928f8a8bdc7}""  instance of task ""\CreateExplorerShellUnelevatedTask""  according to a registration trigger."
"6/2/2026 7:05:16 AM","140","Information","Microsoft-Windows-TaskScheduler","User ""SCAFFOLD\Administrator""  updated Task Scheduler task ""\CreateExplorerShellUnelevatedTask"""
"6/2/2026 7:05:16 AM","106","Information","Microsoft-Windows-TaskScheduler","User ""SCAFFOLD\Administrator""  registered Task Scheduler task ""\CreateExplorerShellUnelevatedTask"""
"6/2/2026 7:05:16 AM","141","Information","Microsoft-Windows-TaskScheduler","User ""SCAFFOLD\Administrator""  deleted Task Scheduler task ""\CreateExplorerShellUnelevatedTask"""
"6/2/2026 7:05:16 AM","200","Information","Microsoft-Windows-TaskScheduler","Task Scheduler launched action ""Certificate Services Client Task Handler"" in instance ""{c680d207-80b8-496f-9c5f-08868cab274e}"" of task ""\Microsoft\Windows\CertificateServicesClient\UserTask""."
"6/2/2026 7:05:16 AM","100","Information","Microsoft-Windows-TaskScheduler","Task Scheduler started ""{c680d207-80b8-496f-9c5f-08868cab274e}"" instance of the ""\Microsoft\Windows\CertificateServicesClient\UserTask"" task for user ""SCAFFOLD\Administrator""."
"6/2/2026 7:05:15 AM","102","Information","Microsoft-Windows-TaskScheduler","Task Scheduler successfully finished ""{d6066e96-8e6a-40b1-bb08-6335389c2d2e}"" instance of the ""\Microsoft\Windows\TextServicesFramework\MsCtfMonitor"" task for user ""SCAFFOLD\Administrator""."
"6/2/2026 7:05:15 AM","201","Information","Microsoft-Windows-TaskScheduler","Task Scheduler successfully completed task ""\Microsoft\Windows\TextServicesFramework\MsCtfMonitor"" , instance ""{d6066e96-8e6a-40b1-bb08-6335389c2d2e}"" , action ""MsCtfMonitor task handler"" with return code 0."
"6/2/2026 7:05:15 AM","200","Information","Microsoft-Windows-TaskScheduler","Task Scheduler launched action ""C:\Program Files (x86)\Microsoft\EdgeUpdate\MicrosoftEdgeUpdate.exe"" in instance ""{2bb358b2-0ace-4db0-b19c-ee50f220e2c7}"" of task ""\MicrosoftEdgeUpdateTaskMachineCore""."
"6/2/2026 7:05:15 AM","100","Information","Microsoft-Windows-TaskScheduler","Task Scheduler started ""{2bb358b2-0ace-4db0-b19c-ee50f220e2c7}"" instance of the ""\MicrosoftEdgeUpdateTaskMachineCore"" task for user ""NT AUTHORITY\SYSTEM""."
"6/2/2026 7:05:15 AM","129","Information","Microsoft-Windows-TaskScheduler","Task Scheduler launch task ""\MicrosoftEdgeUpdateTaskMachineCore"" , instance ""C:\Program Files (x86)\Microsoft\EdgeUpdate\MicrosoftEdgeUpdate.exe""  with process ID 6884."
"6/2/2026 7:05:15 AM","200","Information","Microsoft-Windows-TaskScheduler","Task Scheduler launched action ""Device Installation Reboot Dialog Task"" in instance ""{cb822047-5ad6-43bd-9d6a-8df018dd0026}"" of task ""\Microsoft\Windows\Plug and Play\Device Install Reboot Required""."
"6/2/2026 7:05:15 AM","100","Information","Microsoft-Windows-TaskScheduler","Task Scheduler started ""{cb822047-5ad6-43bd-9d6a-8df018dd0026}"" instance of the ""\Microsoft\Windows\Plug and Play\Device Install Reboot Required"" task for user ""SCAFFOLD\Administrator""."
"6/2/2026 7:05:15 AM","129","Information","Microsoft-Windows-TaskScheduler","Task Scheduler launch task ""\Microsoft\Windows\Plug and Play\Device Install Reboot Required"" , instance ""taskhostw.exe""  with process ID 6896."
"6/2/2026 7:05:15 AM","200","Information","Microsoft-Windows-TaskScheduler","Task Scheduler launched action ""Wininet Cache task object"" in instance ""{dfd1ea18-018a-4232-8521-2418158a9cbd}"" of task ""\Microsoft\Windows\Wininet\CacheTask""."
"6/2/2026 7:05:15 AM","100","Information","Microsoft-Windows-TaskScheduler","Task Scheduler started ""{dfd1ea18-018a-4232-8521-2418158a9cbd}"" instance of the ""\Microsoft\Windows\Wininet\CacheTask"" task for user ""SCAFFOLD\Administrator""."
"6/2/2026 7:05:15 AM","119","Information","Microsoft-Windows-TaskScheduler","Task Scheduler launched ""{dfd1ea18-018a-4232-8521-2418158a9cbd}""  instance of task ""\Microsoft\Windows\Wininet\CacheTask"" due to user ""SCAFFOLD\Administrator""  logon."
"6/2/2026 7:05:15 AM","119","Information","Microsoft-Windows-TaskScheduler","Task Scheduler launched ""{2bb358b2-0ace-4db0-b19c-ee50f220e2c7}""  instance of task ""\MicrosoftEdgeUpdateTaskMachineCore"" due to user ""SCAFFOLD\Administrator""  logon."
"6/2/2026 7:05:15 AM","119","Information","Microsoft-Windows-TaskScheduler","Task Scheduler launched ""{cb822047-5ad6-43bd-9d6a-8df018dd0026}""  instance of task ""\Microsoft\Windows\Plug and Play\Device Install Reboot Required"" due to user ""SCAFFOLD\Administrator""  logon."
"6/2/2026 7:05:15 AM","200","Information","Microsoft-Windows-TaskScheduler","Task Scheduler launched action ""Color Calibration Loader"" in instance ""{e8f08276-c73e-495a-9b78-f40352f033a4}"" of task ""\Microsoft\Windows\WindowsColorSystem\Calibration Loader""."
"6/2/2026 7:05:15 AM","100","Information","Microsoft-Windows-TaskScheduler","Task Scheduler started ""{e8f08276-c73e-495a-9b78-f40352f033a4}"" instance of the ""\Microsoft\Windows\WindowsColorSystem\Calibration Loader"" task for user ""SCAFFOLD\Administrator""."
"6/2/2026 7:05:15 AM","129","Information","Microsoft-Windows-TaskScheduler","Task Scheduler launch task ""\Microsoft\Windows\WindowsColorSystem\Calibration Loader"" , instance ""taskhostw.exe""  with process ID 6792."
"6/2/2026 7:05:15 AM","200","Information","Microsoft-Windows-TaskScheduler","Task Scheduler launched action ""%windir%\system32\ServerManagerLauncher.exe"" in instance ""{8b788914-85b7-4ed3-bd22-eaebb9a2e3a7}"" of task ""\Microsoft\Windows\Server Manager\ServerManager""."
"6/2/2026 7:05:15 AM","100","Information","Microsoft-Windows-TaskScheduler","Task Scheduler started ""{8b788914-85b7-4ed3-bd22-eaebb9a2e3a7}"" instance of the ""\Microsoft\Windows\Server Manager\ServerManager"" task for user ""SCAFFOLD\Administrator""."
"6/2/2026 7:05:15 AM","129","Information","Microsoft-Windows-TaskScheduler","Task Scheduler launch task ""\Microsoft\Windows\Server Manager\ServerManager"" , instance ""%windir%\system32\ServerManagerLauncher.exe""  with process ID 6756."
"6/2/2026 7:05:15 AM","119","Information","Microsoft-Windows-TaskScheduler","Task Scheduler launched ""{e8f08276-c73e-495a-9b78-f40352f033a4}""  instance of task ""\Microsoft\Windows\WindowsColorSystem\Calibration Loader"" due to user ""SCAFFOLD\Administrator""  logon."
"6/2/2026 7:05:15 AM","200","Information","Microsoft-Windows-TaskScheduler","Task Scheduler launched action ""MsCtfMonitor task handler"" in instance ""{d6066e96-8e6a-40b1-bb08-6335389c2d2e}"" of task ""\Microsoft\Windows\TextServicesFramework\MsCtfMonitor""."
"6/2/2026 7:05:15 AM","100","Information","Microsoft-Windows-TaskScheduler","Task Scheduler started ""{d6066e96-8e6a-40b1-bb08-6335389c2d2e}"" instance of the ""\Microsoft\Windows\TextServicesFramework\MsCtfMonitor"" task for user ""SCAFFOLD\Administrator""."
"6/2/2026 7:05:15 AM","129","Information","Microsoft-Windows-TaskScheduler","Task Scheduler launch task ""\Microsoft\Windows\TextServicesFramework\MsCtfMonitor"" , instance ""taskhostw.exe""  with process ID 6832."
"6/2/2026 7:05:15 AM","119","Information","Microsoft-Windows-TaskScheduler","Task Scheduler launched ""{c680d207-80b8-496f-9c5f-08868cab274e}""  instance of task ""\Microsoft\Windows\CertificateServicesClient\UserTask"" due to user ""SCAFFOLD\Administrator""  logon."
"6/2/2026 7:05:15 AM","119","Information","Microsoft-Windows-TaskScheduler","Task Scheduler launched ""{d6066e96-8e6a-40b1-bb08-6335389c2d2e}""  instance of task ""\Microsoft\Windows\TextServicesFramework\MsCtfMonitor"" due to user ""SCAFFOLD\Administrator""  logon."
"6/2/2026 7:05:15 AM","119","Information","Microsoft-Windows-TaskScheduler","Task Scheduler launched ""{8b788914-85b7-4ed3-bd22-eaebb9a2e3a7}""  instance of task ""\Microsoft\Windows\Server Manager\ServerManager"" due to user ""SCAFFOLD\Administrator""  logon."
"6/2/2026 7:05:14 AM","102","Information","Microsoft-Windows-TaskScheduler","Task Scheduler successfully finished ""{9e0b7608-12ee-4d9f-8b51-d92141fffa59}"" instance of the ""\Microsoft\Windows\Software Inventory Logging\Configuration"" task for user ""NT AUTHORITY\SYSTEM""."
"6/2/2026 7:05:14 AM","201","Information","Microsoft-Windows-TaskScheduler","Task Scheduler successfully completed task ""\Microsoft\Windows\Software Inventory Logging\Configuration"" , instance ""{9e0b7608-12ee-4d9f-8b51-d92141fffa59}"" , action ""%systemroot%\system32\cmd.exe"" with return code 0."
"6/2/2026 7:05:14 AM","102","Information","Microsoft-Windows-TaskScheduler","Task Scheduler successfully finished ""{f61e69c5-3062-48c7-84cf-870075bf1b69}"" instance of the ""\Microsoft\Windows\DirectX\DXGIAdapterCache"" task for user ""NT AUTHORITY\SYSTEM""."
"6/2/2026 7:05:14 AM","201","Information","Microsoft-Windows-TaskScheduler","Task Scheduler successfully completed task ""\Microsoft\Windows\DirectX\DXGIAdapterCache"" , instance ""{f61e69c5-3062-48c7-84cf-870075bf1b69}"" , action ""%windir%\system32\dxgiadaptercache.exe"" with return code 0."
"6/2/2026 7:05:14 AM","200","Information","Microsoft-Windows-TaskScheduler","Task Scheduler launched action ""%systemroot%\system32\cmd.exe"" in instance ""{9e0b7608-12ee-4d9f-8b51-d92141fffa59}"" of task ""\Microsoft\Windows\Software Inventory Logging\Configuration""."
"6/2/2026 7:05:14 AM","100","Information","Microsoft-Windows-TaskScheduler","Task Scheduler started ""{9e0b7608-12ee-4d9f-8b51-d92141fffa59}"" instance of the ""\Microsoft\Windows\Software Inventory Logging\Configuration"" task for user ""NT AUTHORITY\SYSTEM""."
"6/2/2026 7:05:14 AM","129","Information","Microsoft-Windows-TaskScheduler","Task Scheduler launch task ""\Microsoft\Windows\Software Inventory Logging\Configuration"" , instance ""%systemroot%\system32\cmd.exe""  with process ID 6348."
"6/2/2026 7:05:14 AM","200","Information","Microsoft-Windows-TaskScheduler","Task Scheduler launched action ""%windir%\system32\dxgiadaptercache.exe"" in instance ""{f61e69c5-3062-48c7-84cf-870075bf1b69}"" of task ""\Microsoft\Windows\DirectX\DXGIAdapterCache""."
"6/2/2026 7:05:14 AM","100","Information","Microsoft-Windows-TaskScheduler","Task Scheduler started ""{f61e69c5-3062-48c7-84cf-870075bf1b69}"" instance of the ""\Microsoft\Windows\DirectX\DXGIAdapterCache"" task for user ""NT AUTHORITY\SYSTEM""."
"6/2/2026 7:05:14 AM","129","Information","Microsoft-Windows-TaskScheduler","Task Scheduler launch task ""\Microsoft\Windows\DirectX\DXGIAdapterCache"" , instance ""%windir%\system32\dxgiadaptercache.exe""  with process ID 5516."
"6/2/2026 7:05:14 AM","118","Information","Microsoft-Windows-TaskScheduler","Task Scheduler launched ""{9e0b7608-12ee-4d9f-8b51-d92141fffa59}""  instance of task ""\Microsoft\Windows\Software Inventory Logging\Configuration""  due to system startup."
"6/2/2026 7:05:14 AM","118","Information","Microsoft-Windows-TaskScheduler","Task Scheduler launched ""{f61e69c5-3062-48c7-84cf-870075bf1b69}""  instance of task ""\Microsoft\Windows\DirectX\DXGIAdapterCache""  due to system startup."
"6/2/2026 7:04:55 AM","102","Information","Microsoft-Windows-TaskScheduler","Task Scheduler successfully finished ""{b2d7a5b7-8358-4591-a1ff-eafac0db54ee}"" instance of the ""\Scaffold\ScaffoldDeployEngine"" task for user ""NT AUTHORITY\SYSTEM""."
"6/2/2026 7:04:55 AM","201","Information","Microsoft-Windows-TaskScheduler","Task Scheduler successfully completed task ""\Scaffold\ScaffoldDeployEngine"" , instance ""{b2d7a5b7-8358-4591-a1ff-eafac0db54ee}"" , action ""powershell.exe"" with return code 0."
"6/2/2026 7:04:55 AM","102","Information","Microsoft-Windows-TaskScheduler","Task Scheduler successfully finished ""{5b0d56ef-fc8c-41e3-8b8d-cbc9eccf8c18}"" instance of the ""\Microsoft\Windows\CertificateServicesClient\SystemTask"" task for user ""NT AUTHORITY\SYSTEM""."
"6/2/2026 7:04:55 AM","201","Information","Microsoft-Windows-TaskScheduler","Task Scheduler successfully completed task ""\Microsoft\Windows\CertificateServicesClient\SystemTask"" , instance ""{5b0d56ef-fc8c-41e3-8b8d-cbc9eccf8c18}"" , action ""Certificate Services Client Task Handler"" with return code 0."
"6/2/2026 7:04:54 AM","102","Information","Microsoft-Windows-TaskScheduler","Task Scheduler successfully finished ""{99e7a5a2-a7ca-49fe-9558-b8682c56d807}"" instance of the ""\Microsoft\Windows\Workplace Join\Automatic-Device-Join"" task for user ""NT AUTHORITY\SYSTEM""."
"6/2/2026 7:04:54 AM","201","Information","Microsoft-Windows-TaskScheduler","Task Scheduler successfully completed task ""\Microsoft\Windows\Workplace Join\Automatic-Device-Join"" , instance ""{99e7a5a2-a7ca-49fe-9558-b8682c56d807}"" , action ""%SystemRoot%\System32\dsregcmd.exe"" with return code 2147942401."
"6/2/2026 7:04:53 AM","140","Information","Microsoft-Windows-TaskScheduler","User ""SCAFFOLD\DC$""  updated Task Scheduler task ""\Microsoft\Windows\SoftwareProtectionPlatform\SvcRestartTask"""
"6/2/2026 7:04:41 AM","200","Information","Microsoft-Windows-TaskScheduler","Task Scheduler launched action ""powershell.exe"" in instance ""{b2d7a5b7-8358-4591-a1ff-eafac0db54ee}"" of task ""\Scaffold\ScaffoldDeployEngine""."
"6/2/2026 7:04:41 AM","100","Information","Microsoft-Windows-TaskScheduler","Task Scheduler started ""{b2d7a5b7-8358-4591-a1ff-eafac0db54ee}"" instance of the ""\Scaffold\ScaffoldDeployEngine"" task for user ""NT AUTHORITY\SYSTEM""."
"6/2/2026 7:04:41 AM","129","Information","Microsoft-Windows-TaskScheduler","Task Scheduler launch task ""\Scaffold\ScaffoldDeployEngine"" , instance ""powershell.exe""  with process ID 5204."
"6/2/2026 7:04:41 AM","107","Information","Microsoft-Windows-TaskScheduler","Task Scheduler launched ""{b2d7a5b7-8358-4591-a1ff-eafac0db54ee}""  instance of task ""\Scaffold\ScaffoldDeployEngine"" due to a time trigger condition."
"6/2/2026 7:04:24 AM","200","Information","Microsoft-Windows-TaskScheduler","Task Scheduler launched action ""Certificate Services Client Task Handler"" in instance ""{5b0d56ef-fc8c-41e3-8b8d-cbc9eccf8c18}"" of task ""\Microsoft\Windows\CertificateServicesClient\SystemTask""."
"6/2/2026 7:04:24 AM","100","Information","Microsoft-Windows-TaskScheduler","Task Scheduler started ""{5b0d56ef-fc8c-41e3-8b8d-cbc9eccf8c18}"" instance of the ""\Microsoft\Windows\CertificateServicesClient\SystemTask"" task for user ""NT AUTHORITY\SYSTEM""."
"6/2/2026 7:04:24 AM","129","Information","Microsoft-Windows-TaskScheduler","Task Scheduler launch task ""\Microsoft\Windows\CertificateServicesClient\SystemTask"" , instance ""taskhostw.exe""  with process ID 5104."
"6/2/2026 7:04:24 AM","118","Information","Microsoft-Windows-TaskScheduler","Task Scheduler launched ""{5b0d56ef-fc8c-41e3-8b8d-cbc9eccf8c18}""  instance of task ""\Microsoft\Windows\CertificateServicesClient\SystemTask""  due to system startup."
"6/2/2026 7:04:15 AM","200","Information","Microsoft-Windows-TaskScheduler","Task Scheduler launched action ""C:\ProgramData\Microsoft\Windows Defender\Platform\4.18.26030.3011-0\MpCmdRun.exe"" in instance ""{6bf774cc-f404-47c4-81ef-9bdf5f27bf8c}"" of task ""\Microsoft\Windows\Windows Defender\Windows Defender Verification""."
"6/2/2026 7:04:15 AM","100","Information","Microsoft-Windows-TaskScheduler","Task Scheduler started ""{6bf774cc-f404-47c4-81ef-9bdf5f27bf8c}"" instance of the ""\Microsoft\Windows\Windows Defender\Windows Defender Verification"" task for user ""NT AUTHORITY\SYSTEM""."
"6/2/2026 7:04:15 AM","129","Information","Microsoft-Windows-TaskScheduler","Task Scheduler launch task ""\Microsoft\Windows\Windows Defender\Windows Defender Verification"" , instance ""C:\ProgramData\Microsoft\Windows Defender\Platform\4.18.26030.3011-0\MpCmdRun.exe""  with process ID 2684."
"6/2/2026 7:04:15 AM","200","Information","Microsoft-Windows-TaskScheduler","Task Scheduler launched action ""%SystemRoot%\System32\dsregcmd.exe"" in instance ""{99e7a5a2-a7ca-49fe-9558-b8682c56d807}"" of task ""\Microsoft\Windows\Workplace Join\Automatic-Device-Join""."
"6/2/2026 7:04:15 AM","100","Information","Microsoft-Windows-TaskScheduler","Task Scheduler started ""{99e7a5a2-a7ca-49fe-9558-b8682c56d807}"" instance of the ""\Microsoft\Windows\Workplace Join\Automatic-Device-Join"" task for user ""NT AUTHORITY\SYSTEM""."
"6/2/2026 7:04:15 AM","129","Information","Microsoft-Windows-TaskScheduler","Task Scheduler launch task ""\Microsoft\Windows\Workplace Join\Automatic-Device-Join"" , instance ""%SystemRoot%\System32\dsregcmd.exe""  with process ID 2660."
"6/2/2026 7:04:15 AM","110","Information","Microsoft-Windows-TaskScheduler","Task Scheduler launched ""{99e7a5a2-a7ca-49fe-9558-b8682c56d807}""  instance of task ""\Microsoft\Windows\Workplace Join\Automatic-Device-Join""  for user ""System"" ."
"6/2/2026 7:04:15 AM","325","Warning","Microsoft-Windows-TaskScheduler","Task Scheduler queued instance ""{99e7a5a2-a7ca-49fe-9558-b8682c56d807}""  of task ""\Microsoft\Windows\Workplace Join\Automatic-Device-Join""."
"6/2/2026 7:04:14 AM","102","Information","Microsoft-Windows-TaskScheduler","Task Scheduler successfully finished ""{ade5995e-4dd4-44dc-bbe1-1bf144e045a6}"" instance of the ""\Microsoft\Windows\DirectX\DXGIAdapterCache"" task for user ""NT AUTHORITY\SYSTEM""."
"6/2/2026 7:04:14 AM","201","Information","Microsoft-Windows-TaskScheduler","Task Scheduler successfully completed task ""\Microsoft\Windows\DirectX\DXGIAdapterCache"" , instance ""{ade5995e-4dd4-44dc-bbe1-1bf144e045a6}"" , action ""%windir%\system32\dxgiadaptercache.exe"" with return code 0."
"6/2/2026 7:04:14 AM","200","Information","Microsoft-Windows-TaskScheduler","Task Scheduler launched action ""%windir%\system32\dxgiadaptercache.exe"" in instance ""{ade5995e-4dd4-44dc-bbe1-1bf144e045a6}"" of task ""\Microsoft\Windows\DirectX\DXGIAdapterCache""."
"6/2/2026 7:04:14 AM","100","Information","Microsoft-Windows-TaskScheduler","Task Scheduler started ""{ade5995e-4dd4-44dc-bbe1-1bf144e045a6}"" instance of the ""\Microsoft\Windows\DirectX\DXGIAdapterCache"" task for user ""NT AUTHORITY\SYSTEM""."
"6/2/2026 7:04:14 AM","129","Information","Microsoft-Windows-TaskScheduler","Task Scheduler launch task ""\Microsoft\Windows\DirectX\DXGIAdapterCache"" , instance ""%windir%\system32\dxgiadaptercache.exe""  with process ID 2636."
"6/2/2026 7:04:14 AM","102","Information","Microsoft-Windows-TaskScheduler","Task Scheduler successfully finished ""{61da6acf-bb2f-4613-824f-70abd4e7c9ca}"" instance of the ""\Microsoft\Windows\Time Synchronization\ForceSynchronizeTime"" task for user ""(NONE)""."
"6/2/2026 7:04:14 AM","201","Information","Microsoft-Windows-TaskScheduler","Task Scheduler successfully completed task ""\Microsoft\Windows\Time Synchronization\ForceSynchronizeTime"" , instance ""{61da6acf-bb2f-4613-824f-70abd4e7c9ca}"" , action ""Time Synchronization Task Handler"" with return code 0."
"6/2/2026 7:04:14 AM","102","Information","Microsoft-Windows-TaskScheduler","Task Scheduler successfully finished ""{97df2c03-cd05-4572-a603-f7fdd80e683d}"" instance of the ""\Microsoft\Windows\ExploitGuard\ExploitGuard MDM policy Refresh"" task for user ""NT AUTHORITY\SYSTEM""."
"6/2/2026 7:04:14 AM","201","Information","Microsoft-Windows-TaskScheduler","Task Scheduler successfully completed task ""\Microsoft\Windows\ExploitGuard\ExploitGuard MDM policy Refresh"" , instance ""{97df2c03-cd05-4572-a603-f7fdd80e683d}"" , action """" with return code 0."
"6/2/2026 7:04:14 AM","200","Information","Microsoft-Windows-TaskScheduler","Task Scheduler launched action ""Time Synchronization Task Handler"" in instance ""{61da6acf-bb2f-4613-824f-70abd4e7c9ca}"" of task ""\Microsoft\Windows\Time Synchronization\ForceSynchronizeTime""."
"6/2/2026 7:04:14 AM","100","Information","Microsoft-Windows-TaskScheduler","Task Scheduler started ""{61da6acf-bb2f-4613-824f-70abd4e7c9ca}"" instance of the ""\Microsoft\Windows\Time Synchronization\ForceSynchronizeTime"" task for user ""(NONE)""."
"6/2/2026 7:04:14 AM","129","Information","Microsoft-Windows-TaskScheduler","Task Scheduler launch task ""\Microsoft\Windows\Time Synchronization\ForceSynchronizeTime"" , instance ""taskhostw.exe""  with process ID 2576."
"6/2/2026 7:04:14 AM","101","Error","Microsoft-Windows-TaskScheduler","Task Scheduler failed to start ""\Microsoft\Windows\Workplace Join\Automatic-Device-Join"" task for user ""(default user)"". Additional Data: Error Value: 2147943568."
"6/2/2026 7:04:14 AM","200","Information","Microsoft-Windows-TaskScheduler","Task Scheduler launched action """" in instance ""{97df2c03-cd05-4572-a603-f7fdd80e683d}"" of task ""\Microsoft\Windows\ExploitGuard\ExploitGuard MDM policy Refresh""."
"6/2/2026 7:04:14 AM","100","Information","Microsoft-Windows-TaskScheduler","Task Scheduler started ""{97df2c03-cd05-4572-a603-f7fdd80e683d}"" instance of the ""\Microsoft\Windows\ExploitGuard\ExploitGuard MDM policy Refresh"" task for user ""NT AUTHORITY\SYSTEM""."
"6/2/2026 7:04:14 AM","129","Information","Microsoft-Windows-TaskScheduler","Task Scheduler launch task ""\Microsoft\Windows\ExploitGuard\ExploitGuard MDM policy Refresh"" , instance ""taskhostw.exe""  with process ID 2228."
"6/2/2026 7:04:14 AM","118","Information","Microsoft-Windows-TaskScheduler","Task Scheduler launched ""{97df2c03-cd05-4572-a603-f7fdd80e683d}""  instance of task ""\Microsoft\Windows\ExploitGuard\ExploitGuard MDM policy Refresh""  due to system startup."
"6/2/2026 7:04:14 AM","400","Information","Microsoft-Windows-TaskScheduler","Task Scheduler service has started."
"6/2/2026 7:04:14 AM","700","Information","Microsoft-Windows-TaskScheduler","Task Scheduler service started Task Compatibility module."
"6/1/2026 11:48:56 AM","402","Information","Microsoft-Windows-TaskScheduler","Task Scheduler service is shutting down."
"6/1/2026 11:48:56 AM","103","Error","Microsoft-Windows-TaskScheduler","Task Scheduler failed to start instance ""{84c50ff5-4877-4e66-85db-b5428d493999}"" of ""\Microsoft\Windows\Wininet\CacheTask""  task for user """" . Additional Data: Error Value: 2147942404."
"6/1/2026 11:48:56 AM","202","Error","Microsoft-Windows-TaskScheduler","Task Scheduler failed to complete task ""\Microsoft\Windows\Wininet\CacheTask"" , instance ""{84c50ff5-4877-4e66-85db-b5428d493999}"" , action ""Wininet Cache task object"" . Additional Data: Error Value: 2147942404."
"6/1/2026 11:48:56 AM","102","Information","Microsoft-Windows-TaskScheduler","Task Scheduler successfully finished ""{ab5414e5-4555-43ee-8bd1-162cb91c90a1}"" instance of the ""\CreateExplorerShellUnelevatedTask"" task for user ""SCAFFOLD\Administrator""."
"6/1/2026 11:48:56 AM","201","Information","Microsoft-Windows-TaskScheduler","Task Scheduler successfully completed task ""\CreateExplorerShellUnelevatedTask"" , instance ""{ab5414e5-4555-43ee-8bd1-162cb91c90a1}"" , action ""C:\Windows\Explorer.EXE"" with return code 2147942404."
"6/1/2026 11:48:42 AM","102","Information","Microsoft-Windows-TaskScheduler","Task Scheduler successfully finished ""{513abc96-99e3-4e06-97e0-9847142f56e6}"" instance of the ""\Scaffold\ScaffoldDeployEngine"" task for user ""NT AUTHORITY\SYSTEM""."
"6/1/2026 11:48:42 AM","201","Information","Microsoft-Windows-TaskScheduler","Task Scheduler successfully completed task ""\Scaffold\ScaffoldDeployEngine"" , instance ""{513abc96-99e3-4e06-97e0-9847142f56e6}"" , action ""powershell.exe"" with return code 0."
"6/1/2026 11:48:41 AM","200","Information","Microsoft-Windows-TaskScheduler","Task Scheduler launched action ""powershell.exe"" in instance ""{513abc96-99e3-4e06-97e0-9847142f56e6}"" of task ""\Scaffold\ScaffoldDeployEngine""."
"6/1/2026 11:48:41 AM","100","Information","Microsoft-Windows-TaskScheduler","Task Scheduler started ""{513abc96-99e3-4e06-97e0-9847142f56e6}"" instance of the ""\Scaffold\ScaffoldDeployEngine"" task for user ""NT AUTHORITY\SYSTEM""."
"6/1/2026 11:48:41 AM","129","Information","Microsoft-Windows-TaskScheduler","Task Scheduler launch task ""\Scaffold\ScaffoldDeployEngine"" , instance ""powershell.exe""  with process ID 8068."
"6/1/2026 11:48:41 AM","107","Information","Microsoft-Windows-TaskScheduler","Task Scheduler launched ""{513abc96-99e3-4e06-97e0-9847142f56e6}""  instance of task ""\Scaffold\ScaffoldDeployEngine"" due to a time trigger condition."
"6/1/2026 11:46:42 AM","102","Information","Microsoft-Windows-TaskScheduler","Task Scheduler successfully finished ""{fb116b32-3f3d-4118-92d7-72c93d6f57a2}"" instance of the ""\Scaffold\ScaffoldDeployEngine"" task for user ""NT AUTHORITY\SYSTEM""."
"6/1/2026 11:46:42 AM","201","Information","Microsoft-Windows-TaskScheduler","Task Scheduler successfully completed task ""\Scaffold\ScaffoldDeployEngine"" , instance ""{fb116b32-3f3d-4118-92d7-72c93d6f57a2}"" , action ""powershell.exe"" with return code 0."
"6/1/2026 11:46:41 AM","200","Information","Microsoft-Windows-TaskScheduler","Task Scheduler launched action ""powershell.exe"" in instance ""{fb116b32-3f3d-4118-92d7-72c93d6f57a2}"" of task ""\Scaffold\ScaffoldDeployEngine""."
"6/1/2026 11:46:41 AM","100","Information","Microsoft-Windows-TaskScheduler","Task Scheduler started ""{fb116b32-3f3d-4118-92d7-72c93d6f57a2}"" instance of the ""\Scaffold\ScaffoldDeployEngine"" task for user ""NT AUTHORITY\SYSTEM""."
"6/1/2026 11:46:41 AM","129","Information","Microsoft-Windows-TaskScheduler","Task Scheduler launch task ""\Scaffold\ScaffoldDeployEngine"" , instance ""powershell.exe""  with process ID 4660."
"6/1/2026 11:46:41 AM","107","Information","Microsoft-Windows-TaskScheduler","Task Scheduler launched ""{fb116b32-3f3d-4118-92d7-72c93d6f57a2}""  instance of task ""\Scaffold\ScaffoldDeployEngine"" due to a time trigger condition."
"6/1/2026 11:45:40 AM","140","Information","Microsoft-Windows-TaskScheduler","User ""SCAFFOLD\DC$""  updated Task Scheduler task ""\MicrosoftEdgeUpdateTaskMachineUA"""
"6/1/2026 11:45:40 AM","140","Information","Microsoft-Windows-TaskScheduler","User ""SCAFFOLD\DC$""  updated Task Scheduler task ""\MicrosoftEdgeUpdateTaskMachineCore"""
"6/1/2026 11:45:36 AM","102","Information","Microsoft-Windows-TaskScheduler","Task Scheduler successfully finished ""{1dd8dfa3-614a-4bc9-bc40-58730082cef5}"" instance of the ""\MicrosoftEdgeUpdateTaskMachineCore"" task for user ""NT AUTHORITY\SYSTEM""."
"6/1/2026 11:45:36 AM","201","Information","Microsoft-Windows-TaskScheduler","Task Scheduler successfully completed task ""\MicrosoftEdgeUpdateTaskMachineCore"" , instance ""{1dd8dfa3-614a-4bc9-bc40-58730082cef5}"" , action ""C:\Program Files (x86)\Microsoft\EdgeUpdate\MicrosoftEdgeUpdate.exe"" with return code 0."
"6/1/2026 11:45:12 AM","140","Information","Microsoft-Windows-TaskScheduler","User ""SCAFFOLD\DC$""  updated Task Scheduler task ""\Microsoft\Windows\SoftwareProtectionPlatform\SvcRestartTask"""
"6/1/2026 11:44:56 AM","140","Information","Microsoft-Windows-TaskScheduler","User ""NT AUTHORITY\SYSTEM""  updated Task Scheduler task ""\Microsoft\Windows\WindowsUpdate\Scheduled Start"""
"6/1/2026 11:44:47 AM","102","Information","Microsoft-Windows-TaskScheduler","Task Scheduler successfully finished ""{9a881f60-0e59-464a-9fb6-816820a10d3a}"" instance of the ""\Microsoft\Windows\Flighting\FeatureConfig\ReconcileFeatures"" task for user ""NT AUTHORITY\SYSTEM""."
"6/1/2026 11:44:47 AM","201","Information","Microsoft-Windows-TaskScheduler","Task Scheduler successfully completed task ""\Microsoft\Windows\Flighting\FeatureConfig\ReconcileFeatures"" , instance ""{9a881f60-0e59-464a-9fb6-816820a10d3a}"" , action ""Feature Configuration Reconciliation Task Handler"" with return code 0."
"6/1/2026 11:44:47 AM","102","Information","Microsoft-Windows-TaskScheduler","Task Scheduler successfully finished ""{4a5f777a-07db-47ed-be24-edbde08c6058}"" instance of the ""\Microsoft\Windows\Windows Error Reporting\QueueReporting"" task for user ""NT AUTHORITY\SYSTEM""."
"6/1/2026 11:44:47 AM","201","Information","Microsoft-Windows-TaskScheduler","Task Scheduler successfully completed task ""\Microsoft\Windows\Windows Error Reporting\QueueReporting"" , instance ""{4a5f777a-07db-47ed-be24-edbde08c6058}"" , action ""%windir%\system32\wermgr.exe"" with return code 0."
"6/1/2026 11:44:47 AM","200","Information","Microsoft-Windows-TaskScheduler","Task Scheduler launched action ""Feature Configuration Reconciliation Task Handler"" in instance ""{9a881f60-0e59-464a-9fb6-816820a10d3a}"" of task ""\Microsoft\Windows\Flighting\FeatureConfig\ReconcileFeatures""."
"6/1/2026 11:44:47 AM","100","Information","Microsoft-Windows-TaskScheduler","Task Scheduler started ""{9a881f60-0e59-464a-9fb6-816820a10d3a}"" instance of the ""\Microsoft\Windows\Flighting\FeatureConfig\ReconcileFeatures"" task for user ""NT AUTHORITY\SYSTEM""."
"6/1/2026 11:44:47 AM","200","Information","Microsoft-Windows-TaskScheduler","Task Scheduler launched action ""%windir%\system32\wermgr.exe"" in instance ""{4a5f777a-07db-47ed-be24-edbde08c6058}"" of task ""\Microsoft\Windows\Windows Error Reporting\QueueReporting""."
"6/1/2026 11:44:47 AM","100","Information","Microsoft-Windows-TaskScheduler","Task Scheduler started ""{4a5f777a-07db-47ed-be24-edbde08c6058}"" instance of the ""\Microsoft\Windows\Windows Error Reporting\QueueReporting"" task for user ""NT AUTHORITY\SYSTEM""."
"6/1/2026 11:44:47 AM","129","Information","Microsoft-Windows-TaskScheduler","Task Scheduler launch task ""\Microsoft\Windows\Windows Error Reporting\QueueReporting"" , instance ""%windir%\system32\wermgr.exe""  with process ID 6536."
"6/1/2026 11:44:47 AM","129","Information","Microsoft-Windows-TaskScheduler","Task Scheduler launch task ""\Microsoft\Windows\Flighting\FeatureConfig\ReconcileFeatures"" , instance ""taskhostw.exe""  with process ID 1076."
"6/1/2026 11:44:47 AM","118","Information","Microsoft-Windows-TaskScheduler","Task Scheduler launched ""{4a5f777a-07db-47ed-be24-edbde08c6058}""  instance of task ""\Microsoft\Windows\Windows Error Reporting\QueueReporting""  due to system startup."
"6/1/2026 11:44:42 AM","102","Information","Microsoft-Windows-TaskScheduler","Task Scheduler successfully finished ""{1eac7569-3f26-4ae2-8483-815707539cb2}"" instance of the ""\Scaffold\ScaffoldDeployEngine"" task for user ""NT AUTHORITY\SYSTEM""."
"6/1/2026 11:44:42 AM","201","Information","Microsoft-Windows-TaskScheduler","Task Scheduler successfully completed task ""\Scaffold\ScaffoldDeployEngine"" , instance ""{1eac7569-3f26-4ae2-8483-815707539cb2}"" , action ""powershell.exe"" with return code 0."
"6/1/2026 11:44:41 AM","200","Information","Microsoft-Windows-TaskScheduler","Task Scheduler launched action ""powershell.exe"" in instance ""{1eac7569-3f26-4ae2-8483-815707539cb2}"" of task ""\Scaffold\ScaffoldDeployEngine""."
"6/1/2026 11:44:41 AM","100","Information","Microsoft-Windows-TaskScheduler","Task Scheduler started ""{1eac7569-3f26-4ae2-8483-815707539cb2}"" instance of the ""\Scaffold\ScaffoldDeployEngine"" task for user ""NT AUTHORITY\SYSTEM""."
"6/1/2026 11:44:41 AM","129","Information","Microsoft-Windows-TaskScheduler","Task Scheduler launch task ""\Scaffold\ScaffoldDeployEngine"" , instance ""powershell.exe""  with process ID 2736."
"6/1/2026 11:44:41 AM","107","Information","Microsoft-Windows-TaskScheduler","Task Scheduler launched ""{1eac7569-3f26-4ae2-8483-815707539cb2}""  instance of task ""\Scaffold\ScaffoldDeployEngine"" due to a time trigger condition."
"6/1/2026 11:44:33 AM","140","Information","Microsoft-Windows-TaskScheduler","User ""SCAFFOLD\DC$""  updated Task Scheduler task ""\Microsoft\Windows\UpdateOrchestrator\Schedule Scan"""
"6/1/2026 11:44:33 AM","140","Information","Microsoft-Windows-TaskScheduler","User ""S-1-5-18""  updated Task Scheduler task ""\Microsoft\Windows\UpdateOrchestrator\Schedule Scan"""
"6/1/2026 11:44:30 AM","140","Information","Microsoft-Windows-TaskScheduler","User ""SCAFFOLD\DC$""  updated Task Scheduler task ""\Microsoft\Windows\Application Experience\PcaPatchDbTask"""
"6/1/2026 11:44:21 AM","140","Information","Microsoft-Windows-TaskScheduler","User ""SCAFFOLD\DC$""  updated Task Scheduler task ""\Microsoft\Windows\SoftwareProtectionPlatform\SvcRestartTask"""
"6/1/2026 11:44:16 AM","103","Error","Microsoft-Windows-TaskScheduler","Task Scheduler failed to start instance ""{14e1c366-cb37-451e-90a4-c98a77a63826}"" of ""\Microsoft\Windows\International\Synchronize Language Settings""  task for user ""SCAFFOLD\Administrator"" . Additional Data: Error Value: 2147746053."
"6/1/2026 11:44:16 AM","202","Error","Microsoft-Windows-TaskScheduler","Task Scheduler failed to complete task ""\Microsoft\Windows\International\Synchronize Language Settings"" , instance ""{14e1c366-cb37-451e-90a4-c98a77a63826}"" , action ""Sync Language Data From Cloud Task"" . Additional Data: Error Value: 2147746053."
"6/1/2026 11:44:12 AM","102","Information","Microsoft-Windows-TaskScheduler","Task Scheduler successfully finished ""{93055b6e-300a-4f64-84aa-abe919de10bd}"" instance of the ""\Microsoft\Windows\Workplace Join\Automatic-Device-Join"" task for user ""NT AUTHORITY\SYSTEM""."
"6/1/2026 11:44:12 AM","201","Information","Microsoft-Windows-TaskScheduler","Task Scheduler successfully completed task ""\Microsoft\Windows\Workplace Join\Automatic-Device-Join"" , instance ""{93055b6e-300a-4f64-84aa-abe919de10bd}"" , action ""%SystemRoot%\System32\dsregcmd.exe"" with return code 2147942401."
"6/1/2026 11:44:12 AM","200","Information","Microsoft-Windows-TaskScheduler","Task Scheduler launched action ""%SystemRoot%\System32\dsregcmd.exe"" in instance ""{93055b6e-300a-4f64-84aa-abe919de10bd}"" of task ""\Microsoft\Windows\Workplace Join\Automatic-Device-Join""."
"6/1/2026 11:44:12 AM","100","Information","Microsoft-Windows-TaskScheduler","Task Scheduler started ""{93055b6e-300a-4f64-84aa-abe919de10bd}"" instance of the ""\Microsoft\Windows\Workplace Join\Automatic-Device-Join"" task for user ""NT AUTHORITY\SYSTEM""."
"6/1/2026 11:44:12 AM","129","Information","Microsoft-Windows-TaskScheduler","Task Scheduler launch task ""\Microsoft\Windows\Workplace Join\Automatic-Device-Join"" , instance ""%SystemRoot%\System32\dsregcmd.exe""  with process ID 2168."
"6/1/2026 11:44:12 AM","119","Information","Microsoft-Windows-TaskScheduler","Task Scheduler launched ""{93055b6e-300a-4f64-84aa-abe919de10bd}""  instance of task ""\Microsoft\Windows\Workplace Join\Automatic-Device-Join"" due to user ""SCAFFOLD\Administrator""  logon."
"6/1/2026 11:43:43 AM","142","Information","Microsoft-Windows-TaskScheduler","User ""NETWORK SERVICE""  disabled Task Scheduler task ""\Microsoft\Windows\SoftwareProtectionPlatform\SvcRestartTaskNetwork"""
"6/1/2026 11:43:43 AM","142","Information","Microsoft-Windows-TaskScheduler","User ""INTERACTIVE""  disabled Task Scheduler task ""\Microsoft\Windows\SoftwareProtectionPlatform\SvcRestartTaskLogon"""
