"9/1/2026 5:00:25 PM","26","Information","Microsoft-Windows-CertificationAuthority","Active Directory Certificate Services for scaffold-DC-CA was started.  DC=dc.scaffold.htb"
"9/1/2026 5:00:26 PM","1000","Information","VGAuth","vmtoolsd: Username and password successfully validated for 'Administrator'"
"9/1/2026 5:00:26 PM","1000","Information","VGAuth","vmtoolsd: Username and password successfully validated for 'Administrator'"
"9/1/2026 5:00:26 PM","1000","Information","VGAuth","vmtoolsd: Username and password successfully validated for 'Administrator'"
"9/1/2026 5:00:26 PM","1000","Information","VGAuth","vmtoolsd: Username and password successfully validated for 'Administrator'"
"9/1/2026 5:00:25 PM","1000","Information","VGAuth","vmtoolsd: Username and password successfully validated for 'Administrator'"
"9/1/2026 5:00:22 PM","256","Information","WDSServer","The Windows Deployment Services server started successfully. 
"
"9/1/2026 5:00:22 PM","517","Information","WDSServer","Provider WDSPXE loaded from C:\Windows\system32\wdspxe.dll and initialized successfully."
"9/1/2026 5:00:22 PM","777","Information","WDSPXE","Rogue detection has been disabled for this server. The Windows Deployment  Services server is authorized as a valid DHCP/PXE server and will process incoming client requests."
"9/1/2026 5:00:22 PM","262","Information","WDSPXE","Provider WDSDCPXE was loaded from C:\Windows\system32\wdsdcpxe.dll and initialized successfully."
"9/1/2026 5:00:22 PM","1305","Information","BINLSVC","Combined BCD file x64uefi{A22C20F5-03AB-4055-AAB2-B8799317B3BB}.bcd generated successfully for the x64uefi architecture."
"9/1/2026 5:00:22 PM","1305","Information","BINLSVC","Combined BCD file x86uefi{CB2D530B-17BB-40B5-B092-C446AD1A2343}.bcd generated successfully for the x86uefi architecture."
"9/1/2026 5:00:22 PM","1305","Information","BINLSVC","Combined BCD file arm{37643818-D836-4998-A711-6AE8094031F6}.bcd generated successfully for the arm architecture."
"9/1/2026 5:00:22 PM","1305","Information","BINLSVC","Combined BCD file x86x64{92AB72C7-11D5-4ACD-A8BF-EA685797879C}.bcd generated successfully for the x86x64 architecture."
"9/1/2026 5:00:21 PM","1305","Information","BINLSVC","Combined BCD file arm64{8D3A659B-063B-4EA7-9A09-7CE9FFBA32DE}.bcd generated successfully for the arm64 architecture."
"9/1/2026 5:00:21 PM","1305","Information","BINLSVC","Combined BCD file x64{C79CDFFD-12A9-4C8A-A6C4-C4C414B2618E}.bcd generated successfully for the x64 architecture."
"9/1/2026 5:00:21 PM","1305","Information","BINLSVC","Combined BCD file x86{E68D5F6B-BD75-4C63-AD31-CCE375705CFE}.bcd generated successfully for the x86 architecture."
"9/1/2026 5:00:21 PM","326","Information","ESENT","svchost (2024,D,50) AAP: The database engine attached a database (5, C:\RemoteInstall\Mgmt\binlsvcdb.mdb). (Time=0 seconds) 
 
Saved Cache: 1 0 
Additional Data: lgposAttach = 00000001:009F:0268,
dbv = 1568.180.400 (9360) 
 
Internal Timing Sequence: 
[1] 0.000003 +J(0)
[2] 0.000580 -0.000331 (1) WT +J(0) +M(C:0K, Fs:24, WS:32K # 0K, PF:32K # 0K, P:32K)
[3] 0.008745 -0.004715 (6) WT +J(CM:0, PgRf:0, Rd:0/0, Dy:0/0, Lg:3480/2) +M(C:0K, Fs:13, WS:20K # 0K, PF:20K # 0K, P:20K)
[4] 0.000106 +J(0)
[5] -
[6] -
[7] -
[8] 0.000313 +J(CM:0, PgRf:2, Rd:12/0, Dy:0/0, Lg:54/1) +M(C:104K, Fs:67, WS:268K # 0K, PF:124K # 0K, P:124K)
[9] 0.015388 -0.015138 (2) CM -0.015057 (2) WT +J(CM:2, PgRf:16, Rd:0/1, Dy:0/0, Lg:0/0) +M(C:-16K, Fs:8, WS:-48K # 0K, PF:-16K # 0K, P:-16K)
[10] 0.000820 -0.000679 (1) CM -0.000619 (1) WT +J(CM:1, PgRf:35, Rd:0/1, Dy:0/0, Lg:0/0) +M(C:-28K, Fs:8, WS:4K # 0K, PF:-28K # 0K, P:-28K)
[11] 0.000012 +J(CM:0, PgRf:1, Rd:0/0, Dy:0/0, Lg:0/0)
[12] 0.000041 +J(CM:0, PgRf:42, Rd:0/0, Dy:0/0, Lg:0/0)
[13] 0.0 +J(0)
[14] 0.0 +J(0)
[15] 0.000005 +J(CM:0, PgRf:1, Rd:0/0, Dy:0/0, Lg:0/0)."
"9/1/2026 5:00:21 PM","105","Information","ESENT","svchost (2024,D,0) AAP: The database engine started a new instance (2). (Time=0 seconds) 
 
Additional Data:
 lgposV2[] = 00000001:0001:0000 - 00000001:009C:02FB - 00000001:009D:0000 - 00000001:009D:0000 (00000000:0000:0000)
cReInits = 41
 
 
Internal Timing Sequence: 
[1] -
[2] -
[3] 0.000374 +J(0) +M(C:0K, Fs:3, WS:12K # 0K, PF:0K # 0K, P:0K)
[4] 0.000142 +J(0) +M(C:0K, Fs:8, WS:32K # 0K, PF:160K # 0K, P:160K)
[5] 0.002237 +J(0) +M(C:0K, Fs:7, WS:28K # 0K, PF:12K # 0K, P:12K)
[6] 0.001944 +J(0) +M(C:0K, Fs:2, WS:8K # 0K, PF:16K # 0K, P:16K)
[7] 0.023376 -0.016766 (11) WT +J(0) +M(C:0K, Fs:1283, WS:5120K # 1784K, PF:5132K # 1080K, P:5132K)
[8] 0.100704 -0.075743 (59) WT +J(CM:0, PgRf:0, Rd:0/0, Dy:0/0, Lg:632670/1217) +M(C:0K, Fs:1034, WS:192K # 236K, PF:64K # 108K, P:64K)
[9] 0.000688 +J(0)
[10] 0.012502 -0.010186 (10) WT +J(0) +M(C:0K, Fs:1, WS:-5116K # 0K, PF:-5120K # 0K, P:-5120K)
[11] 0.000027 +J(CM:0, PgRf:0, Rd:0/0, Dy:0/0, Lg:49/1) +M(C:0K, Fs:1, WS:4K # 0K, PF:0K # 0K, P:0K)
[12] 0.000040 +J(0)
[13] 0.111583 -0.001167 (2) CM -0.090650 (30) WT +J(CM:2, PgRf:2, Rd:0/2, Dy:0/0, Lg:8759/5) +M(C:-56K, Fs:1328, WS:-44K # 0K, PF:-112K # 0K, P:-112K)
[14] 0.000020 +J(0)
[15] 0.000024 +J(0)
[16] 0.000479 -0.000305 (1) WT +J(0) +M(C:0K, Fs:2, WS:0K # 0K, PF:0K # 0K, P:0K)."
"9/1/2026 5:00:21 PM","302","Information","ESENT","svchost (2024,U,98) AAP: The database engine has successfully completed recovery steps."
"9/1/2026 5:00:21 PM","301","Information","ESENT","svchost (2024,R,98) AAP: The database engine has finished replaying logfile C:\RemoteInstall\Mgmt\AAP.log. 
 
Processing Stats: 
[1] 0.098054 -0.074669 (56) WT +J(CM:0, PgRf:0, Rd:0/0, Dy:0/0, Lg:632670/1217) +M(C:0K, Fs:997, WS:52K # 96K, PF:52K # 92K, P:52K). 
Log record of type 'Insert   ' was seen most frequently (326 times)"
"9/1/2026 5:00:21 PM","335","Information","ESENT","svchost (2024,R,98) AAP: Replay of a Create for database ""C:\RemoteInstall\Mgmt\binlsvcdb.mdb"" at log position (00000001,0001,0268) was deferred due to AttachFuture.  Additional information:  "
"9/1/2026 5:00:21 PM","300","Information","ESENT","svchost (2024,R,98) AAP: The database engine is initiating recovery steps."
"9/1/2026 5:00:21 PM","102","Information","ESENT","svchost (2024,P,98) AAP: The database engine (10.00.20348.0000) is starting a new instance (2)."
"9/1/2026 5:00:21 PM","517","Information","WDSServer","Provider WdsImgSrv loaded from C:\Windows\system32\WdsImgSrv.dll and initialized successfully."
"9/1/2026 5:00:21 PM","256","Information","WDSIMGSRV","The Windows Deployment Services image server initialized successfully. 
"
"9/1/2026 5:00:19 PM","1000","Information","VGAuth","vmtoolsd: Username and password successfully validated for 'Administrator'"
"9/1/2026 5:00:19 PM","3408","Information","MSSQL$SQLEXPRESS","Recovery is complete. This is an informational message only. No user action is required."
"9/1/2026 5:00:19 PM","9688","Information","MSSQL$SQLEXPRESS","Service Broker manager has started."
"9/1/2026 5:00:19 PM","9666","Information","MSSQL$SQLEXPRESS","The Database Mirroring endpoint is in disabled or stopped state."
"9/1/2026 5:00:19 PM","9666","Information","MSSQL$SQLEXPRESS","The Service Broker endpoint is in disabled or stopped state."
"9/1/2026 5:00:18 PM","17137","Information","MSSQL$SQLEXPRESS","Starting up database 'tempdb'."
"9/1/2026 5:00:18 PM","17136","Information","MSSQL$SQLEXPRESS","Clearing tempdb database."
"9/1/2026 5:00:18 PM","26067","Information","MSSQL$SQLEXPRESS","The SQL Server Network Interface library could not register the Service Principal Name (SPN) [ MSSQLSvc/dc.scaffold.htb:52951 ] for the SQL Server service. Windows return code: 0x2098, state: 15. Failure to register a SPN might cause integrated authentication to use NTLM instead of Kerberos. This is an informational message. Further action is only required if Kerberos authentication is required by authentication policies and if the SPN has not been manually registered."
"9/1/2026 5:00:18 PM","26067","Information","MSSQL$SQLEXPRESS","The SQL Server Network Interface library could not register the Service Principal Name (SPN) [ MSSQLSvc/dc.scaffold.htb:SQLEXPRESS ] for the SQL Server service. Windows return code: 0x2098, state: 15. Failure to register a SPN might cause integrated authentication to use NTLM instead of Kerberos. This is an informational message. Further action is only required if Kerberos authentication is required by authentication policies and if the SPN has not been manually registered."
"9/1/2026 5:00:18 PM","26076","Information","MSSQL$SQLEXPRESS","SQL Server is attempting to register a Service Principal Name (SPN) for the SQL Server service. Kerberos authentication will not be possible until a SPN is registered for the SQL Server service. This is an informational message. No user action is required."
"9/1/2026 5:00:18 PM","17126","Information","MSSQL$SQLEXPRESS","SQL Server is now ready for client connections. This is an informational message; no user action is required."
"9/1/2026 5:00:18 PM","17199","Information","MSSQL$SQLEXPRESS","Dedicated administrator connection support was not started because it is disabled on this edition of SQL Server. If you want to use a dedicated administrator connection, restart SQL Server using the trace flag 7806. This is an informational message only. No user action is required."
"9/1/2026 5:00:18 PM","26048","Information","MSSQL$SQLEXPRESS","Server local connection provider is ready to accept connection on [ \\.\pipe\MSSQL$SQLEXPRESS\sql\query ]."
"9/1/2026 5:00:18 PM","26048","Information","MSSQL$SQLEXPRESS","Server local connection provider is ready to accept connection on [ \\.\pipe\SQLLocal\SQLEXPRESS ]."
"9/1/2026 5:00:18 PM","26022","Information","MSSQL$SQLEXPRESS","Server is listening on [ 'any' <ipv4> 52951]."
"9/1/2026 5:00:18 PM","26022","Information","MSSQL$SQLEXPRESS","Server is listening on [ 'any' <ipv6> 52951]."
"9/1/2026 5:00:18 PM","26018","Information","MSSQL$SQLEXPRESS","A self-generated certificate was successfully loaded for encryption."
"9/1/2026 5:00:18 PM","17137","Information","MSSQL$SQLEXPRESS","Starting up database 'model'."
"9/1/2026 5:00:17 PM","958","Information","MSSQL$SQLEXPRESS","The resource database build version is 15.00.2000. This is an informational message only. No user action is required."
"9/1/2026 5:00:17 PM","17137","Information","MSSQL$SQLEXPRESS","Starting up database 'mssqlsystemresource'."
"9/1/2026 5:00:17 PM","17137","Information","MSSQL$SQLEXPRESS","Starting up database 'msdb'."
"9/1/2026 5:00:17 PM","17663","Information","MSSQL$SQLEXPRESS","Server name is 'DC\SQLEXPRESS'. This is an informational message only. No user action is required."
"9/1/2026 5:00:17 PM","19030","Information","MSSQL$SQLEXPRESS","SQL Trace ID 1 was started by login ""sa""."
"9/1/2026 5:00:17 PM","33218","Information","MSSQL$SQLEXPRESS","SQL Server Audit has started the audits. This is an informational message. No user action is required."
"9/1/2026 5:00:17 PM","33217","Information","MSSQL$SQLEXPRESS","SQL Server Audit is starting the audits. This is an informational message. No user action is required."
"9/1/2026 5:00:17 PM","6253","Information","MSSQL$SQLEXPRESS","Common language runtime (CLR) functionality initialized using CLR version v4.0.30319 from C:\Windows\Microsoft.NET\Framework64\v4.0.30319\."
"9/1/2026 5:00:17 PM","17137","Information","MSSQL$SQLEXPRESS","Starting up database 'master'."
"9/1/2026 5:00:17 PM","49910","Information","MSSQL$SQLEXPRESS","Software Usage Metrics is disabled."
"9/1/2026 5:00:17 PM","9048","Information","MSSQL$SQLEXPRESS","clwb is selected for pmem flush operation."
"9/1/2026 5:00:17 PM","49921","Information","MSSQL$SQLEXPRESS","Total Log Writer threads: 1. This is an informational message; no user action is required."
"9/1/2026 5:00:17 PM","17118","Information","MSSQL$SQLEXPRESS","Database Instant File Initialization: disabled. For security and performance considerations see the topic 'Database Instant File Initialization' in SQL Server Books Online. This is an informational message only. No user action is required."
"9/1/2026 5:00:17 PM","17125","Information","MSSQL$SQLEXPRESS","Using dynamic lock allocation.  Initial allocation of 2500 Lock blocks and 5000 Lock Owner blocks per node.  This is an informational message only.  No user action is required."
"9/1/2026 5:00:17 PM","17152","Information","MSSQL$SQLEXPRESS","Node configuration: node 0: CPU mask: 0x0000000000000003:0 Active CPU mask: 0x0000000000000003:0. This message provides a description of the NUMA configuration for this computer. This is an informational message only. No user action is required."
"9/1/2026 5:00:17 PM","17176","Information","MSSQL$SQLEXPRESS","This instance of SQL Server last reported using a process ID of 5380 at 9/1/2026 4:56:18 PM (local) 9/1/2026 11:56:18 PM (UTC). This is an informational message only; no user action is required."
"9/1/2026 5:00:17 PM","17811","Information","MSSQL$SQLEXPRESS","The maximum number of dedicated administrator connections for this instance is '1'"
"9/1/2026 5:00:16 PM","873","Information","MSSQL$SQLEXPRESS","Buffer pool extension is already disabled. No action is necessary."
"9/1/2026 5:00:16 PM","49917","Information","MSSQL$SQLEXPRESS","Default collation: SQL_Latin1_General_CP1_CI_AS (us_english 1033)"
"9/1/2026 5:00:16 PM","894","Information","MSSQL$SQLEXPRESS","Buffer Pool: Allocating 1048576 bytes for 541176 hashPages."
"9/1/2026 5:00:16 PM","852","Information","MSSQL$SQLEXPRESS","Using conventional memory in the memory manager."
"9/1/2026 5:00:16 PM","49903","Information","MSSQL$SQLEXPRESS","Detected 4095 MB of RAM. This is an informational message; no user action is required."
"9/1/2026 5:00:16 PM","17162","Information","MSSQL$SQLEXPRESS","SQL Server is starting at normal priority base (=7). This is an informational message only. No user action is required."
"9/1/2026 5:00:16 PM","17164","Information","MSSQL$SQLEXPRESS","SQL Server detected 1 sockets with 2 cores per socket and 2 logical processors per socket, 2 total logical processors; using 2 logical processors based on SQL Server licensing. This is an informational message; no user action is required."
"9/1/2026 5:00:16 PM","17115","Information","MSSQL$SQLEXPRESS","Command Line Startup Parameters:
	 -s ""SQLEXPRESS"""
"9/1/2026 5:00:16 PM","17110","Information","MSSQL$SQLEXPRESS","Registry startup parameters: 
	 -d C:\Program Files\Microsoft SQL Server\MSSQL15.SQLEXPRESS\MSSQL\DATA\master.mdf
	 -e C:\Program Files\Microsoft SQL Server\MSSQL15.SQLEXPRESS\MSSQL\Log\ERRORLOG
	 -l C:\Program Files\Microsoft SQL Server\MSSQL15.SQLEXPRESS\MSSQL\DATA\mastlog.ldf"
"9/1/2026 5:00:16 PM","49904","Information","MSSQL$SQLEXPRESS","The service account is 'NT Service\MSSQL$SQLEXPRESS'. This is an informational message; no user action is required."
"9/1/2026 5:00:16 PM","17111","Information","MSSQL$SQLEXPRESS","Logging SQL Server messages in file 'C:\Program Files\Microsoft SQL Server\MSSQL15.SQLEXPRESS\MSSQL\Log\ERRORLOG'."
"9/1/2026 5:00:16 PM","15268","Information","MSSQL$SQLEXPRESS","Authentication mode is MIXED."
"9/1/2026 5:00:16 PM","18496","Information","MSSQL$SQLEXPRESS","System Manufacturer: 'VMware, Inc.', System Model: 'VMware20,1'."
"9/1/2026 5:00:16 PM","17104","Information","MSSQL$SQLEXPRESS","Server process ID is 5460."
"9/1/2026 5:00:16 PM","17103","Information","MSSQL$SQLEXPRESS","All rights reserved."
"9/1/2026 5:00:16 PM","17101","Information","MSSQL$SQLEXPRESS","(c) Microsoft Corporation."
"9/1/2026 5:00:16 PM","49916","Information","MSSQL$SQLEXPRESS","UTC adjustment: -7:00"
"9/1/2026 5:00:16 PM","17069","Information","MSSQL$SQLEXPRESS","Microsoft SQL Server 2019 (RTM) - 15.0.2000.5 (X64) 
	Sep 24 2019 13:48:23 
	Copyright (C) 2019 Microsoft Corporation
	Express Edition (64-bit) on Windows Server 2022 Datacenter 10.0 <X64> (Build 20348: ) (Hypervisor)
"
"9/1/2026 5:00:16 PM","517","Information","WDSServer","Provider WDSDDPS loaded from C:\Windows\system32\wdsddps.dll and initialized successfully."
"9/1/2026 5:00:16 PM","326","Information","ESENT","svchost (2024,D,50) DDP: The database engine attached a database (3, C:\RemoteInstall\Stores\Drivers\Metadata\DdpDb.mdb). (Time=0 seconds) 
 
Saved Cache: 1 0 
Additional Data: lgposAttach = 00000001:00CD:0268,
dbv = 1568.180.400 (9360) 
 
Internal Timing Sequence: 
[1] 0.000005 +J(0)
[2] 0.000642 -0.000329 (1) WT +J(0) +M(C:0K, Fs:24, WS:32K # 0K, PF:32K # 0K, P:32K)
[3] 0.015846 -0.008914 (6) WT +J(CM:0, PgRf:0, Rd:0/0, Dy:0/0, Lg:3480/2) +M(C:0K, Fs:13, WS:20K # 0K, PF:20K # 0K, P:20K)
[4] 0.000122 +J(0)
[5] -
[6] -
[7] -
[8] 0.000241 +J(CM:0, PgRf:2, Rd:4/0, Dy:0/0, Lg:54/1) +M(C:112K, Fs:29, WS:116K # 0K, PF:132K # 0K, P:132K)
[9] 0.005447 -0.005099 (3) CM -0.005000 (3) WT +J(CM:3, PgRf:16, Rd:0/2, Dy:0/0, Lg:0/0) +M(C:-12K, Fs:17, WS:-8K # 0K, PF:-12K # 0K, P:-12K)
[10] 0.003184 -0.002954 (2) CM -0.002827 (2) WT +J(CM:2, PgRf:35, Rd:0/2, Dy:0/0, Lg:0/0) +M(C:0K, Fs:15, WS:12K # 0K, PF:4K # 0K, P:4K)
[11] 0.000704 -0.000630 (1) CM -0.000579 (1) WT +J(CM:1, PgRf:1, Rd:0/1, Dy:0/0, Lg:0/0) +M(C:-8K, Fs:5, WS:-8K # 0K, PF:-8K # 0K, P:-8K)
[12] 0.000814 -0.000683 (1) CM -0.000642 (1) WT +J(CM:1, PgRf:42, Rd:0/1, Dy:0/0, Lg:0/0) +M(C:0K, Fs:7, WS:0K # 0K, PF:0K # 0K, P:0K)
[13] 0.000008 +J(0)
[14] 0.000001 +J(0)
[15] 0.001249 -0.001156 (1) CM -0.001080 (1) WT +J(CM:1, PgRf:1, Rd:0/1, Dy:0/0, Lg:0/0) +M(C:0K, Fs:7, WS:0K # 0K, PF:0K # 0K, P:0K)."
"9/1/2026 5:00:16 PM","105","Information","ESENT","svchost (2024,D,0) DDP: The database engine started a new instance (1). (Time=0 seconds) 
 
Additional Data:
 lgposV2[] = 00000001:0001:0000 - 00000001:00CA:0319 - 00000001:00CB:0000 - 00000001:00CB:0000 (00000000:0000:0000)
cReInits = 41
 
 
Internal Timing Sequence: 
[1] -
[2] -
[3] 0.000566 +J(0) +M(C:0K, Fs:3, WS:12K # 12K, PF:0K # 0K, P:0K)
[4] 0.000201 +J(0) +M(C:0K, Fs:11, WS:44K # 44K, PF:160K # 0K, P:160K)
[5] 0.000888 +J(0) +M(C:0K, Fs:4, WS:16K # 16K, PF:16K # 0K, P:16K)
[6] 0.002169 +J(0) +M(C:0K, Fs:2, WS:8K # 8K, PF:16K # 0K, P:16K)
[7] 0.082065 -0.055521 (11) WT +J(0) +M(C:0K, Fs:1283, WS:5120K # 5120K, PF:5132K # 4432K, P:5132K)
[8] 0.132265 -0.088907 (59) WT +J(CM:0, PgRf:0, Rd:0/0, Dy:0/0, Lg:819246/1712) +M(C:0K, Fs:1033, WS:188K # 232K, PF:64K # 108K, P:64K)
[9] 0.000816 +J(0)
[10] 0.042199 -0.039661 (10) WT +J(0) +M(C:0K, Fs:1, WS:-5112K # 0K, PF:-5124K # 0K, P:-5124K)
[11] 0.000022 +J(CM:0, PgRf:0, Rd:0/0, Dy:0/0, Lg:49/1) +M(C:0K, Fs:1, WS:4K # 0K, PF:0K # 0K, P:0K)
[12] 0.000032 +J(0)
[13] 0.135924 -0.004454 (2) CM -0.101794 (30) WT +J(CM:2, PgRf:2, Rd:0/2, Dy:0/0, Lg:8759/5) +M(C:-56K, Fs:1327, WS:-48K # 0K, PF:-108K # 0K, P:-108K)
[14] 0.000025 +J(0)
[15] 0.000040 +J(0)
[16] 0.000436 -0.000218 (1) WT +J(0) +M(C:0K, Fs:2, WS:0K # 0K, PF:0K # 0K, P:0K)."
"9/1/2026 5:00:15 PM","302","Information","ESENT","svchost (2024,U,98) DDP: The database engine has successfully completed recovery steps."
"9/1/2026 5:00:15 PM","325","Information","ESENT","DFSRs (2924,D,35) \\.\C:\System Volume Information\DFSR\database_D030_CE70_30CE_5D5A\dfsr.db: The database engine created a new database (1, \\.\C:\System Volume Information\DFSR\database_D030_CE70_30CE_5D5A\dfsr.db). (Time=0 seconds) 
 
Additional Data: lgposCreate = 00000001:0001:0268,
dbv = 1568.180.400 (9360) 
 
Internal Timing Sequence: 
[1] 0.000147 +J(0) +M(C:0K, Fs:5, WS:20K # 0K, PF:8K # 0K, P:8K)
[2] 0.003350 -0.001270 (1) WT +J(CM:0, PgRf:0, Rd:0/0, Dy:0/0, Lg:3480/2) +M(C:0K, Fs:4, WS:16K # 0K, PF:0K # 0K, P:0K)
[3] 0.035308 -0.000003 (3) WT +J(0) +M(C:0K, Fs:12, WS:36K # 0K, PF:24K # 0K, P:24K)
[4] 0.000334 +J(0) +M(C:0K, Fs:1, WS:4K # 0K, PF:0K # 0K, P:0K)
[5] 0.013883 -0.010707 (4) WT +J(CM:0, PgRf:3, Rd:0/0, Dy:3/6, Lg:122/4) +M(C:0K, Fs:45, WS:172K # 0K, PF:252K # 0K, P:252K)
[6] 0.005307 -0.002331 (2) WT +J(CM:0, PgRf:209, Rd:0/0, Dy:12/408, Lg:24454/447) +M(C:0K, Fs:76, WS:304K # 0K, PF:224K # 0K, P:224K)
[7] 0.003263 -0.002129 (3) WT +J(CM:0, PgRf:0, Rd:0/0, Dy:0/0, Lg:4096/3) +M(C:0K, Fs:4, WS:8K # 0K, PF:0K # 0K, P:0K)
[8] 0.000004 +J(0)
[9] 0.011689 -0.010661 (3) WT +J(0) +M(C:-52K, Fs:8, WS:-28K # 0K, PF:-52K # 0K, P:-52K)
[10] 0.013657 -0.006652 (5) WT +J(CM:0, PgRf:348, Rd:0/0, Dy:7/93, Lg:12509/130) +M(C:12K, Fs:47, WS:180K # 0K, PF:96K # 0K, P:96K)
[11] 0.000003 +J(0)."
"9/1/2026 5:00:15 PM","301","Information","ESENT","svchost (2024,R,98) DDP: The database engine has finished replaying logfile C:\RemoteInstall\Stores\Drivers\Metadata\DDP.log. 
 
Processing Stats: 
[1] 0.124411 -0.082557 (56) WT +J(CM:0, PgRf:0, Rd:0/0, Dy:0/0, Lg:819246/1712) +M(C:0K, Fs:998, WS:56K # 100K, PF:56K # 92K, P:56K). 
Log record of type 'Insert   ' was seen most frequently (479 times)"
"9/1/2026 5:00:15 PM","326","Information","ESENT","certsrv.exe (2808,D,50) The database engine attached a database (1, C:\Windows\system32\CertLog\scaffold-DC-CA.edb). (Time=0 seconds) 
 
Saved Cache: 0 0 
Additional Data: lgposAttach = 00000005:0029:0268,
dbv = 1568.180.400 (9360) 
 
Internal Timing Sequence: 
[1] 0.000005 +J(0) +M(C:0K, Fs:1, WS:4K # 0K, PF:0K # 0K, P:0K)
[2] 0.002508 -0.002185 (1) WT +J(0) +M(C:0K, Fs:18, WS:8K # 0K, PF:4K # 0K, P:4K)
[3] 0.023797 -0.007974 (6) WT +J(CM:0, PgRf:0, Rd:0/0, Dy:0/0, Lg:3480/2) +M(C:0K, Fs:26, WS:96K # 0K, PF:116K # 0K, P:116K)
[4] 0.000806 +J(0)
[5] -
[6] -
[7] -
[8] 0.001669 -0.001406 (2) CM -0.001344 (2) WT +J(CM:2, PgRf:2, Rd:14/2, Dy:0/0, Lg:54/1) +M(C:0K, Fs:40, WS:156K # 0K, PF:152K # 0K, P:152K)
[9] 0.005606 -0.005329 (4) CM -0.005194 (4) WT +J(CM:4, PgRf:23, Rd:0/2, Dy:0/0, Lg:0/0) +M(C:0K, Fs:31, WS:124K # 0K, PF:196K # 0K, P:196K)
[10] 0.000425 -0.000298 (1) CM -0.000252 (1) WT +J(CM:1, PgRf:40, Rd:0/1, Dy:0/0, Lg:0/0) +M(C:0K, Fs:5, WS:20K # 0K, PF:64K # 0K, P:64K)
[11] 0.000020 +J(CM:0, PgRf:1, Rd:0/0, Dy:0/0, Lg:0/0) +M(C:0K, Fs:4, WS:16K # 0K, PF:0K # 0K, P:0K)
[12] 0.000054 +J(CM:0, PgRf:42, Rd:0/0, Dy:0/0, Lg:0/0) +M(C:0K, Fs:1, WS:4K # 0K, PF:0K # 0K, P:0K)
[13] 0.000001 +J(0)
[14] 0.0 +J(0)
[15] 0.000005 +J(CM:0, PgRf:1, Rd:0/0, Dy:0/0, Lg:0/0)."
"9/1/2026 5:00:15 PM","105","Information","ESENT","DFSRs (2924,D,0) \\.\C:\System Volume Information\DFSR\database_D030_CE70_30CE_5D5A\dfsr.db: The database engine started a new instance (0). (Time=0 seconds) 
 
Additional Data:
  
 
Internal Timing Sequence: 
[1] 0.017733 +J(0) +M(C:0K, Fs:258, WS:928K # 976K, PF:6388K # 6496K, P:6388K)
[2] 0.000448 +J(0) +M(C:16K, Fs:96, WS:376K # 328K, PF:320K # 212K, P:320K)
[3] 0.000026 +J(0) +M(C:0K, Fs:3, WS:12K # 12K, PF:64K # 64K, P:64K)
[4] 0.000282 +J(0) +M(C:2032K, Fs:33, WS:124K # 124K, PF:2432K # 2432K, P:2432K)
[5] 0.001016 +J(0) +M(C:0K, Fs:10, WS:40K # 40K, PF:24K # 24K, P:24K)
[6] 0.000781 +J(0) +M(C:0K, Fs:13, WS:52K # 52K, PF:12K # 12K, P:12K)
[7] -
[8] -
[9] -
[10] -
[11] -
[12] -
[13] 0.070984 -0.047441 (22) WT +J(CM:0, PgRf:0, Rd:0/0, Dy:0/0, Lg:616/1) +M(C:0K, Fs:1472, WS:760K # 5864K, PF:32K # 5160K, P:32K)
[14] 0.000021 +J(0)
[15] 0.000150 +J(0) +M(C:0K, Fs:64, WS:256K # 0K, PF:64K # 0K, P:64K)
[16] 0.022634 -0.000295 (3) WT +J(0) +M(C:0K, Fs:9, WS:28K # 0K, PF:0K # 0K, P:0K)."
"9/1/2026 5:00:15 PM","105","Information","ESENT","certsrv.exe (2808,D,0) The database engine started a new instance (0). (Time=0 seconds) 
 
Additional Data:
  
 
Internal Timing Sequence: 
[1] 0.001337 +J(0) +M(C:0K, Fs:121, WS:472K # 472K, PF:2404K # 2128K, P:2404K)
[2] 0.000520 +J(0) +M(C:3200K, Fs:152, WS:588K # 588K, PF:4156K # 4156K, P:4156K)
[3] 0.000014 +J(0) +M(C:0K, Fs:5, WS:20K # 20K, PF:64K # 64K, P:64K)
[4] 0.000112 +J(0) +M(C:0K, Fs:40, WS:156K # 156K, PF:512K # 512K, P:512K)
[5] 0.000561 +J(0) +M(C:0K, Fs:30, WS:120K # 120K, PF:20K # 20K, P:20K)
[6] 0.005616 +J(0) +M(C:0K, Fs:32, WS:128K # 128K, PF:12K # 12K, P:12K)
[7] 0.012509 -0.007926 (3) WT +J(0) +M(C:0K, Fs:274, WS:1096K # 1096K, PF:1024K # 1024K, P:1024K)
[8] -
[9] -
[10] -
[11] -
[12] -
[13] 0.013752 -0.005236 (4) WT +J(CM:0, PgRf:0, Rd:0/0, Dy:0/0, Lg:616/1) +M(C:0K, Fs:20, WS:-956K # 60K, PF:-952K # 72K, P:-952K)
[14] 0.000021 +J(0)
[15] 0.000502 +J(0) +M(C:0K, Fs:100, WS:400K # 0K, PF:64K # 0K, P:64K)
[16] 0.000907 -0.000632 (1) WT +J(0) +M(C:0K, Fs:3, WS:4K # 0K, PF:0K # 0K, P:0K)."
"9/1/2026 5:00:15 PM","102","Information","ESENT","certsrv.exe (2808,P,98) The database engine (10.00.20348.0000) is starting a new instance (0)."
"9/1/2026 5:00:15 PM","335","Information","ESENT","svchost (2024,R,98) DDP: Replay of a Create for database ""C:\RemoteInstall\Stores\Drivers\Metadata\DdpDb.mdb"" at log position (00000001,0001,0268) was deferred due to AttachFuture.  Additional information:  "
"9/1/2026 5:00:15 PM","102","Information","ESENT","DFSRs (2924,P,98) \\.\C:\System Volume Information\DFSR\database_D030_CE70_30CE_5D5A\dfsr.db: The database engine (10.00.20348.0000) is starting a new instance (0)."
"9/1/2026 5:00:15 PM","300","Information","ESENT","svchost (2024,R,98) DDP: The database engine is initiating recovery steps."
"9/1/2026 5:00:15 PM","102","Information","ESENT","svchost (2024,P,98) DDP: The database engine (10.00.20348.0000) is starting a new instance (1)."
"9/1/2026 5:00:15 PM","517","Information","WDSServer","Provider WDSDCPXE loaded from C:\Windows\system32\wdsdcpxe.dll and initialized successfully."
"9/1/2026 5:00:15 PM","517","Information","WDSServer","Provider WDSDCMGR loaded from C:\Windows\system32\wdsdcmgr.dll and initialized successfully."
"9/1/2026 5:00:14 PM","1000","Information","VGAuth","vmtoolsd: Username and password mismatch for 'Administrator'"
"9/1/2026 5:00:09 PM","1000","Information","VGAuth","vmtoolsd: Username and password mismatch for 'Administrator'"
"9/1/2026 5:00:05 PM","6003","Information","Microsoft-Windows-Winlogon","The winlogon notification subscriber <TrustedInstaller> was unavailable to handle a critical notification event."
"9/1/2026 5:00:04 PM","9027","Information","Desktop Window Manager","The Desktop Window Manager has registered the session port."
"9/1/2026 5:00:04 PM","1000","Information","VGAuth","vmtoolsd: Username and password mismatch for 'Administrator'"
"9/1/2026 4:59:50 PM","271","Information","VMUpgradeHelper","Restored network configuration."
"9/1/2026 4:59:50 PM","0","Information","Microsoft Deployment Toolkit Monitor Service","Service started successfully."
"9/1/2026 4:59:49 PM","258","Information","VMUpgradeHelper","Restoring network configuration."
"9/1/2026 4:59:48 PM","4202","Information","Microsoft-Windows-MSDTC 2","MSDTC started with the following settings: Security Configuration (OFF = 0 and ON = 1): Allow Remote Administrator = 0, Network Clients = 0, Transaction Manager Communication:  Allow Inbound Transactions = 0, Allow Outbound Transactions = 0, Transaction Internet Protocol (TIP) = 0,  Enable XA Transactions = 0,  Enable SNA LU 6.2 Transactions = 1,  MSDTC Communications Security = Mutual Authentication Required, Account = NT AUTHORITY\NetworkService,  Firewall Exclusion Detected = 0 Transaction Bridge Installed = 0 Filtering Duplicate Events = 1"
"9/1/2026 4:59:47 PM","5617","Information","Microsoft-Windows-WMI","Windows Management Instrumentation Service subsystems initialized successfully"
"9/1/2026 4:59:47 PM","781","Information","Microsoft-Windows-Complus","The COM+ sub system is suppressing duplicate event log entries for a duration of 86400 seconds.  The suppression timeout can be controlled by a REG_DWORD value named SuppressDuplicateDuration under the following registry key: HKLM\Software\Microsoft\COM3\Eventlog."
"9/1/2026 4:59:46 PM","517","Information","WDSServer","Provider WDSTFTP loaded from C:\Windows\system32\wdstftp.dll and initialized successfully."
"9/1/2026 4:59:46 PM","5615","Information","Microsoft-Windows-WMI","Windows Management Instrumentation Service started sucessfully"
"9/1/2026 4:59:46 PM","517","Information","WDSServer","Provider WDSMDMGR loaded from C:\Windows\system32\wdsmdmgr.dll and initialized successfully."
"9/1/2026 4:59:46 PM","326","Information","ESENT","svchost (2024,D,50) WDS: The database engine attached a database (1, C:\RemoteInstall\Stores\Metadata\WDSMD.mdb). (Time=0 seconds) 
 
Saved Cache: 1 0 
Additional Data: lgposAttach = 00000001:0095:0268,
dbv = 1568.180.400 (9360) 
 
Internal Timing Sequence: 
[1] 0.000003 +J(0)
[2] 0.000874 -0.000707 (1) WT +J(0) +M(C:0K, Fs:24, WS:32K # 0K, PF:32K # 0K, P:32K)
[3] 0.033555 -0.027053 (6) WT +J(CM:0, PgRf:0, Rd:0/0, Dy:0/0, Lg:3480/2) +M(C:0K, Fs:14, WS:24K # 0K, PF:20K # 0K, P:20K)
[4] 0.000095 +J(0)
[5] -
[6] -
[7] -
[8] 0.005133 -0.004848 (2) CM -0.004736 (2) WT +J(CM:2, PgRf:2, Rd:4/2, Dy:0/0, Lg:54/1) +M(C:120K, Fs:46, WS:128K # 0K, PF:140K # 0K, P:140K)
[9] 0.012380 -0.011799 (2) CM -0.011657 (2) WT +J(CM:2, PgRf:16, Rd:0/2, Dy:0/0, Lg:0/0) +M(C:-16K, Fs:40, WS:80K # 0K, PF:208K # 0K, P:208K)
[10] 0.001228 -0.001117 (1) CM -0.001063 (1) WT +J(CM:1, PgRf:35, Rd:0/1, Dy:0/0, Lg:0/0) +M(C:-28K, Fs:4, WS:-12K # 0K, PF:36K # 0K, P:36K)
[11] 0.000014 +J(CM:0, PgRf:1, Rd:0/0, Dy:0/0, Lg:0/0) +M(C:0K, Fs:3, WS:12K # 0K, PF:0K # 0K, P:0K)
[12] 0.000072 +J(CM:0, PgRf:42, Rd:0/0, Dy:0/0, Lg:0/0) +M(C:0K, Fs:1, WS:4K # 0K, PF:0K # 0K, P:0K)
[13] 0.000001 +J(0)
[14] 0.0 +J(0)
[15] 0.000005 +J(CM:0, PgRf:1, Rd:0/0, Dy:0/0, Lg:0/0)."
"9/1/2026 4:59:46 PM","105","Information","ESENT","svchost (2024,D,0) WDS: The database engine started a new instance (0). (Time=0 seconds) 
 
Additional Data:
 lgposV2[] = 00000001:0001:0000 - 00000001:0092:0309 - 00000001:0093:0000 - 00000001:0093:0000 (00000000:0000:0000)
cReInits = 41
 
 
Internal Timing Sequence: 
[1] 0.000832 +J(0) +M(C:0K, Fs:179, WS:700K # 700K, PF:4508K # 4508K, P:4508K)
[2] 0.000922 +J(0) +M(C:64K, Fs:149, WS:584K # 584K, PF:1260K # 1260K, P:1260K)
[3] 0.001722 +J(0) +M(C:0K, Fs:10, WS:36K # 36K, PF:68K # 68K, P:68K)
[4] 0.000138 +J(0) +M(C:0K, Fs:21, WS:84K # 84K, PF:224K # 224K, P:224K)
[5] 0.000473 +J(0) +M(C:0K, Fs:9, WS:36K # 36K, PF:16K # 16K, P:16K)
[6] 0.005502 +J(0) +M(C:0K, Fs:23, WS:92K # 92K, PF:12K # 12K, P:12K)
[7] 0.063378 -0.054453 (11) WT +J(0) +M(C:0K, Fs:1300, WS:5188K # 5188K, PF:5132K # 5132K, P:5132K)
[8] 0.105334 -0.065682 (59) WT +J(CM:0, PgRf:0, Rd:0/0, Dy:0/0, Lg:592100/1050) +M(C:0K, Fs:1086, WS:396K # 428K, PF:248K # 280K, P:248K)
[9] 0.002332 +J(0) +M(C:0K, Fs:4, WS:16K # 0K, PF:4K # 0K, P:4K)
[10] 0.025655 -0.019528 (10) WT +J(0) +M(C:0K, Fs:8, WS:-5084K # 16K, PF:-5120K # 0K, P:-5120K)
[11] 0.000026 +J(CM:0, PgRf:0, Rd:0/0, Dy:0/0, Lg:49/1) +M(C:0K, Fs:2, WS:8K # 0K, PF:0K # 0K, P:0K)
[12] 0.000032 +J(0)
[13] 0.094639 -0.003287 (2) CM -0.049472 (30) WT +J(CM:2, PgRf:2, Rd:0/2, Dy:0/0, Lg:8759/5) +M(C:-56K, Fs:1350, WS:40K # 52K, PF:84K # 72K, P:84K)
[14] 0.000025 +J(0)
[15] 0.000037 +J(0)
[16] 0.000737 -0.000353 (1) WT +J(0) +M(C:0K, Fs:2, WS:0K # 0K, PF:0K # 0K, P:0K)."
"9/1/2026 4:59:46 PM","302","Information","ESENT","svchost (2024,U,98) WDS: The database engine has successfully completed recovery steps."
"9/1/2026 4:59:46 PM","301","Information","ESENT","svchost (2024,R,98) WDS: The database engine has finished replaying logfile C:\RemoteInstall\Stores\Metadata\WDS.log. 
 
Processing Stats: 
[1] 0.094730 -0.062536 (56) WT +J(CM:0, PgRf:0, Rd:0/0, Dy:0/0, Lg:592100/1050) +M(C:0K, Fs:1043, WS:232K # 264K, PF:164K # 196K, P:164K). 
Log record of type 'Insert   ' was seen most frequently (277 times)"
"9/1/2026 4:59:46 PM","335","Information","ESENT","svchost (2024,R,98) WDS: Replay of a Create for database ""C:\RemoteInstall\Stores\Metadata\WDSMD.mdb"" at log position (00000001,0001,0268) was deferred due to AttachFuture.  Additional information:  "
"9/1/2026 4:59:46 PM","300","Information","ESENT","svchost (2024,R,98) WDS: The database engine is initiating recovery steps."
"9/1/2026 4:59:46 PM","102","Information","ESENT","svchost (2024,P,98) WDS: The database engine (10.00.20348.0000) is starting a new instance (0)."
"9/1/2026 4:59:46 PM","105","Information","VMTools","The service was started."
"9/1/2026 4:59:46 PM","517","Information","WDSServer","Provider WDSMC loaded from C:\Windows\system32\wdsmc.dll and initialized successfully."
"9/1/2026 4:59:45 PM","1025","Information","WDSServer","The RPC server started on TCP port 5040. 
"
"9/1/2026 4:59:36 PM","1531","Information","Microsoft-Windows-User Profiles Service","The User Profile Service has started successfully.  

"
"9/1/2026 4:56:19 PM","38","Information","Microsoft-Windows-CertificationAuthority","Active Directory Certificate Services for scaffold-DC-CA was stopped."
"9/1/2026 4:56:19 PM","1532","Information","Microsoft-Windows-User Profiles Service","The User Profile Service has stopped.  

"
"9/1/2026 4:56:18 PM","4111","Information","Microsoft-Windows-MSDTC","The MS DTC service is stopping."
"9/1/2026 4:56:18 PM","17147","Information","MSSQL$SQLEXPRESS","SQL Server is terminating because of a system shutdown. This is an informational message only. No user action is required."
"9/1/2026 4:56:18 PM","108","Information","VMTools","The service was stopped."
"9/1/2026 4:56:18 PM","272","Information","VMUpgradeHelper","Saved network configuration."
"9/1/2026 4:56:18 PM","260","Information","VMUpgradeHelper","Saving network configuration."
"9/1/2026 4:56:18 PM","6000","Information","Microsoft-Windows-Winlogon","The winlogon notification subscriber <SessionEnv> was unavailable to handle a notification event."
"9/1/2026 4:56:18 PM","6000","Information","Microsoft-Windows-Winlogon","The winlogon notification subscriber <WSearch> was unavailable to handle a notification event."
"9/1/2026 4:55:51 PM","8198","Error","Microsoft-Windows-Security-SPP","License Activation (slui.exe) failed with the following error code:
hr=0x80004005
Command-line arguments:
RuleId=31e71c49-8da7-4a2f-ad92-45d98a1c79ba;Action=AutoActivate;AppId=55c92734-d682-4d71-983e-d6ec3f16059f;SkuId=80f53cc1-120f-4e0e-875b-27c9f1caf7de;NotificationInterval=1440;Trigger=UserLogon;SessionId=1"
"9/1/2026 4:55:51 PM","16394","Information","Microsoft-Windows-Security-SPP","Offline downlevel migration succeeded."
"9/1/2026 4:55:51 PM","6000","Information","Microsoft-Windows-Winlogon","The winlogon notification subscriber <SessionEnv> was unavailable to handle a notification event."
"9/1/2026 4:55:50 PM","6003","Information","Microsoft-Windows-Winlogon","The winlogon notification subscriber <SessionEnv> was unavailable to handle a critical notification event."
"9/1/2026 4:55:24 PM","26","Information","Microsoft-Windows-CertificationAuthority","Active Directory Certificate Services for scaffold-DC-CA was started.  DC=dc.scaffold.htb"
"9/1/2026 4:55:16 PM","256","Information","WDSServer","The Windows Deployment Services server started successfully. 
"
"9/1/2026 4:55:16 PM","517","Information","WDSServer","Provider WDSPXE loaded from C:\Windows\system32\wdspxe.dll and initialized successfully."
"9/1/2026 4:55:16 PM","777","Information","WDSPXE","Rogue detection has been disabled for this server. The Windows Deployment  Services server is authorized as a valid DHCP/PXE server and will process incoming client requests."
"9/1/2026 4:55:16 PM","262","Information","WDSPXE","Provider WDSDCPXE was loaded from C:\Windows\system32\wdsdcpxe.dll and initialized successfully."
"9/1/2026 4:55:16 PM","1305","Information","BINLSVC","Combined BCD file x64uefi{825AA052-7575-48B7-A432-0BD15B7E0FD7}.bcd generated successfully for the x64uefi architecture."
"9/1/2026 4:55:16 PM","1305","Information","BINLSVC","Combined BCD file x86uefi{D54C4850-5BF5-44E3-994E-5ADAC1712F23}.bcd generated successfully for the x86uefi architecture."
"9/1/2026 4:55:16 PM","1305","Information","BINLSVC","Combined BCD file arm{545F9FF3-615D-4E60-947C-480CA688B0D6}.bcd generated successfully for the arm architecture."
"9/1/2026 4:55:16 PM","1305","Information","BINLSVC","Combined BCD file x86x64{7DE8F68E-B031-43BB-B9C0-245D38EC8FD9}.bcd generated successfully for the x86x64 architecture."
"9/1/2026 4:55:16 PM","1305","Information","BINLSVC","Combined BCD file arm64{E7FE65CA-2594-4C6C-BA8E-DAF94901B6B2}.bcd generated successfully for the arm64 architecture."
"9/1/2026 4:55:16 PM","1305","Information","BINLSVC","Combined BCD file x64{0A5D7782-AD37-4369-903A-F2290A85F0E7}.bcd generated successfully for the x64 architecture."
"9/1/2026 4:55:16 PM","1305","Information","BINLSVC","Combined BCD file x86{1B52B567-8582-46BB-B792-C1AB721B9765}.bcd generated successfully for the x86 architecture."
"9/1/2026 4:55:15 PM","326","Information","ESENT","svchost (2168,D,50) AAP: The database engine attached a database (5, C:\RemoteInstall\Mgmt\binlsvcdb.mdb). (Time=0 seconds) 
 
Saved Cache: 1 0 
Additional Data: lgposAttach = 00000001:009C:0268,
dbv = 1568.180.400 (9360) 
 
Internal Timing Sequence: 
[1] 0.000003 +J(0)
[2] 0.000491 -0.000249 (1) WT +J(0) +M(C:0K, Fs:24, WS:32K # 0K, PF:32K # 0K, P:32K)
[3] 0.007667 -0.004454 (6) WT +J(CM:0, PgRf:0, Rd:0/0, Dy:0/0, Lg:3480/2) +M(C:0K, Fs:13, WS:20K # 0K, PF:20K # 0K, P:20K)
[4] 0.000341 +J(0)
[5] -
[6] -
[7] -
[8] 0.000356 +J(CM:0, PgRf:2, Rd:14/0, Dy:0/0, Lg:54/1) +M(C:96K, Fs:43, WS:164K # 0K, PF:116K # 0K, P:116K)
[9] 0.002802 -0.002631 (2) CM -0.002542 (2) WT +J(CM:2, PgRf:16, Rd:0/1, Dy:0/0, Lg:0/0) +M(C:-80K, Fs:0, WS:-80K # 0K, PF:-80K # 0K, P:-80K)
[10] 0.074574 -0.074419 (1) CM -0.074327 (1) WT +J(CM:1, PgRf:35, Rd:0/1, Dy:0/0, Lg:0/0) +M(C:-28K, Fs:0, WS:-28K # 0K, PF:-28K # 0K, P:-28K)
[11] 0.000020 +J(CM:0, PgRf:1, Rd:0/0, Dy:0/0, Lg:0/0)
[12] 0.000043 +J(CM:0, PgRf:42, Rd:0/0, Dy:0/0, Lg:0/0)
[13] 0.0 +J(0)
[14] 0.0 +J(0)
[15] 0.000005 +J(CM:0, PgRf:1, Rd:0/0, Dy:0/0, Lg:0/0)."
"9/1/2026 4:55:15 PM","105","Information","ESENT","svchost (2168,D,0) AAP: The database engine started a new instance (2). (Time=0 seconds) 
 
Additional Data:
 lgposV2[] = 00000001:0001:0000 - 00000001:0099:02FB - 00000001:009A:0000 - 00000001:009A:0000 (00000000:0000:0000)
cReInits = 40
 
 
Internal Timing Sequence: 
[1] -
[2] -
[3] 0.000273 +J(0) +M(C:0K, Fs:3, WS:12K # 0K, PF:0K # 0K, P:0K)
[4] 0.000108 +J(0) +M(C:0K, Fs:8, WS:32K # 0K, PF:136K # 0K, P:136K)
[5] 0.001103 +J(0) +M(C:0K, Fs:4, WS:16K # 0K, PF:4K # 0K, P:4K)
[6] 0.003338 +J(0) +M(C:0K, Fs:3, WS:8K # 0K, PF:20K # 0K, P:20K)
[7] 0.034930 -0.029151 (11) WT +J(0) +M(C:0K, Fs:1282, WS:5120K # 1712K, PF:5128K # 808K, P:5128K)
[8] 0.151555 -0.126281 (58) WT +J(CM:0, PgRf:0, Rd:0/0, Dy:0/0, Lg:620502/1209) +M(C:0K, Fs:1012, WS:196K # 240K, PF:68K # 112K, P:68K)
[9] 0.000654 +J(0)
[10] 0.015372 -0.013065 (10) WT +J(0) +M(C:0K, Fs:0, WS:-5116K # 0K, PF:-5120K # 0K, P:-5120K)
[11] 0.000024 +J(CM:0, PgRf:0, Rd:0/0, Dy:0/0, Lg:49/1) +M(C:0K, Fs:1, WS:4K # 0K, PF:0K # 0K, P:0K)
[12] 0.000035 +J(0)
[13] 0.135864 -0.001227 (2) CM -0.026422 (30) WT +J(CM:2, PgRf:2, Rd:0/2, Dy:0/0, Lg:8759/5) +M(C:68K, Fs:1325, WS:-48K # 0K, PF:12K # 0K, P:12K)
[14] 0.000029 +J(0)
[15] 0.000024 +J(0)
[16] 0.001309 -0.001064 (1) WT +J(0) +M(C:0K, Fs:2, WS:0K # 0K, PF:0K # 0K, P:0K)."
"9/1/2026 4:55:15 PM","302","Information","ESENT","svchost (2168,U,98) AAP: The database engine has successfully completed recovery steps."
"9/1/2026 4:55:15 PM","301","Information","ESENT","svchost (2168,R,98) AAP: The database engine has finished replaying logfile C:\RemoteInstall\Mgmt\AAP.log. 
 
Processing Stats: 
[1] 0.148143 -0.124225 (55) WT +J(CM:0, PgRf:0, Rd:0/0, Dy:0/0, Lg:620502/1209) +M(C:0K, Fs:976, WS:60K # 104K, PF:60K # 96K, P:60K). 
Log record of type 'Insert   ' was seen most frequently (326 times)"
"9/1/2026 4:55:15 PM","335","Information","ESENT","svchost (2168,R,98) AAP: Replay of a Create for database ""C:\RemoteInstall\Mgmt\binlsvcdb.mdb"" at log position (00000001,0001,0268) was deferred due to AttachFuture.  Additional information:  "
"9/1/2026 4:55:15 PM","300","Information","ESENT","svchost (2168,R,98) AAP: The database engine is initiating recovery steps."
"9/1/2026 4:55:15 PM","102","Information","ESENT","svchost (2168,P,98) AAP: The database engine (10.00.20348.0000) is starting a new instance (2)."
"9/1/2026 4:55:15 PM","517","Information","WDSServer","Provider WdsImgSrv loaded from C:\Windows\system32\WdsImgSrv.dll and initialized successfully."
"9/1/2026 4:55:15 PM","256","Information","WDSIMGSRV","The Windows Deployment Services image server initialized successfully. 
"
"9/1/2026 4:55:15 PM","517","Information","WDSServer","Provider WDSDDPS loaded from C:\Windows\system32\wdsddps.dll and initialized successfully."
"9/1/2026 4:55:15 PM","326","Information","ESENT","svchost (2168,D,50) DDP: The database engine attached a database (3, C:\RemoteInstall\Stores\Drivers\Metadata\DdpDb.mdb). (Time=0 seconds) 
 
Saved Cache: 1 0 
Additional Data: lgposAttach = 00000001:00CA:0268,
dbv = 1568.180.400 (9360) 
 
Internal Timing Sequence: 
[1] 0.000003 +J(0)
[2] 0.000502 -0.000211 (1) WT +J(0) +M(C:0K, Fs:24, WS:32K # 0K, PF:32K # 0K, P:32K)
[3] 0.006485 -0.003662 (6) WT +J(CM:0, PgRf:0, Rd:0/0, Dy:0/0, Lg:3480/2) +M(C:0K, Fs:13, WS:20K # 0K, PF:20K # 0K, P:20K)
[4] 0.000100 +J(0)
[5] -
[6] -
[7] -
[8] 0.000247 +J(CM:0, PgRf:2, Rd:6/0, Dy:0/0, Lg:54/1) +M(C:168K, Fs:44, WS:176K # 0K, PF:188K # 0K, P:188K)
[9] 0.009186 -0.001883 (2) CM -0.008760 (3) WT +J(CM:2, PgRf:16, Rd:0/2, Dy:0/0, Lg:0/0) +M(C:-12K, Fs:17, WS:-8K # 0K, PF:-12K # 0K, P:-12K)
[10] 0.001324 -0.001165 (2) CM -0.001031 (2) WT +J(CM:2, PgRf:35, Rd:0/2, Dy:0/0, Lg:0/0) +M(C:-28K, Fs:6, WS:-24K # 0K, PF:-28K # 0K, P:-28K)
[11] 0.000010 +J(CM:0, PgRf:1, Rd:0/0, Dy:0/0, Lg:0/0)
[12] 0.000039 +J(CM:0, PgRf:42, Rd:0/0, Dy:0/0, Lg:0/0)
[13] 0.0 +J(0)
[14] 0.0 +J(0)
[15] 0.000005 +J(CM:0, PgRf:1, Rd:0/0, Dy:0/0, Lg:0/0)."
"9/1/2026 4:55:15 PM","105","Information","ESENT","svchost (2168,D,0) DDP: The database engine started a new instance (1). (Time=0 seconds) 
 
Additional Data:
 lgposV2[] = 00000001:0001:0000 - 00000001:00C7:0319 - 00000001:00C8:0000 - 00000001:00C8:0000 (00000000:0000:0000)
cReInits = 40
 
 
Internal Timing Sequence: 
[1] -
[2] -
[3] 0.001500 +J(0) +M(C:0K, Fs:3, WS:12K # 12K, PF:0K # 0K, P:0K)
[4] 0.000151 +J(0) +M(C:0K, Fs:11, WS:44K # 44K, PF:160K # 0K, P:160K)
[5] 0.000662 +J(0) +M(C:0K, Fs:4, WS:16K # 16K, PF:16K # 0K, P:16K)
[6] 0.002716 +J(0) +M(C:0K, Fs:2, WS:8K # 8K, PF:16K # 0K, P:16K)
[7] 0.069606 -0.063689 (11) WT +J(0) +M(C:0K, Fs:1283, WS:5120K # 5120K, PF:5132K # 4436K, P:5132K)
[8] 0.120567 -0.086231 (58) WT +J(CM:0, PgRf:0, Rd:0/0, Dy:0/0, Lg:807078/1704) +M(C:0K, Fs:1009, WS:188K # 232K, PF:64K # 108K, P:64K)
[9] 0.000750 +J(0) +M(C:0K, Fs:1, WS:4K # 0K, PF:4K # 0K, P:4K)
[10] 0.018062 -0.016086 (10) WT +J(0) +M(C:0K, Fs:6, WS:-5092K # 0K, PF:-5128K # 0K, P:-5128K)
[11] 0.000024 +J(CM:0, PgRf:0, Rd:0/0, Dy:0/0, Lg:49/1) +M(C:0K, Fs:1, WS:4K # 0K, PF:0K # 0K, P:0K)
[12] 0.000424 +J(0)
[13] 0.062554 -0.003668 (2) CM -0.037074 (30) WT +J(CM:2, PgRf:2, Rd:0/2, Dy:0/0, Lg:8759/5) +M(C:-56K, Fs:1311, WS:-112K # 0K, PF:-112K # 0K, P:-112K)
[14] 0.000018 +J(0)
[15] 0.000019 +J(0)
[16] 0.000593 -0.000445 (1) WT +J(0) +M(C:0K, Fs:2, WS:0K # 0K, PF:0K # 0K, P:0K)."
"9/1/2026 4:55:15 PM","302","Information","ESENT","svchost (2168,U,98) DDP: The database engine has successfully completed recovery steps."
"9/1/2026 4:55:15 PM","301","Information","ESENT","svchost (2168,R,98) DDP: The database engine has finished replaying logfile C:\RemoteInstall\Stores\Drivers\Metadata\DDP.log. 
 
Processing Stats: 
[1] 0.100675 -0.074122 (55) WT +J(CM:0, PgRf:0, Rd:0/0, Dy:0/0, Lg:807078/1704) +M(C:0K, Fs:974, WS:56K # 100K, PF:56K # 92K, P:56K). 
Log record of type 'Insert   ' was seen most frequently (479 times)"
"9/1/2026 4:55:15 PM","335","Information","ESENT","svchost (2168,R,98) DDP: Replay of a Create for database ""C:\RemoteInstall\Stores\Drivers\Metadata\DdpDb.mdb"" at log position (00000001,0001,0268) was deferred due to AttachFuture.  Additional information:  "
"9/1/2026 4:55:15 PM","300","Information","ESENT","svchost (2168,R,98) DDP: The database engine is initiating recovery steps."
"9/1/2026 4:55:15 PM","102","Information","ESENT","svchost (2168,P,98) DDP: The database engine (10.00.20348.0000) is starting a new instance (1)."
"9/1/2026 4:55:15 PM","517","Information","WDSServer","Provider WDSDCPXE loaded from C:\Windows\system32\wdsdcpxe.dll and initialized successfully."
"9/1/2026 4:55:14 PM","326","Information","ESENT","certsrv.exe (2920,D,50) The database engine attached a database (1, C:\Windows\system32\CertLog\scaffold-DC-CA.edb). (Time=0 seconds) 
 
Saved Cache: 0 0 
Additional Data: lgposAttach = 00000005:0021:0268,
dbv = 1568.180.400 (9360) 
 
Internal Timing Sequence: 
[1] 0.000006 +J(0) +M(C:0K, Fs:1, WS:4K # 0K, PF:0K # 0K, P:0K)
[2] 0.002845 -0.002087 (1) WT +J(0) +M(C:0K, Fs:18, WS:8K # 0K, PF:4K # 0K, P:4K)
[3] 0.007069 -0.002849 (6) WT +J(CM:0, PgRf:0, Rd:0/0, Dy:0/0, Lg:3480/2) +M(C:0K, Fs:26, WS:92K # 0K, PF:124K # 0K, P:124K)
[4] 0.000109 +J(0)
[5] -
[6] -
[7] -
[8] 0.001067 -0.000851 (2) CM -0.000728 (2) WT +J(CM:2, PgRf:2, Rd:14/2, Dy:0/0, Lg:54/1) +M(C:0K, Fs:40, WS:160K # 0K, PF:148K # 0K, P:148K)
[9] 0.001558 -0.001316 (3) CM -0.001201 (3) WT +J(CM:3, PgRf:23, Rd:0/2, Dy:0/0, Lg:0/0) +M(C:0K, Fs:31, WS:124K # 0K, PF:196K # 0K, P:196K)
[10] 0.000404 -0.000297 (1) CM -0.000231 (1) WT +J(CM:1, PgRf:40, Rd:0/1, Dy:0/0, Lg:0/0) +M(C:0K, Fs:5, WS:20K # 0K, PF:64K # 0K, P:64K)
[11] 0.000036 +J(CM:0, PgRf:1, Rd:0/0, Dy:0/0, Lg:0/0) +M(C:0K, Fs:4, WS:16K # 0K, PF:0K # 0K, P:0K)
[12] 0.000200 +J(CM:0, PgRf:42, Rd:0/0, Dy:0/0, Lg:0/0) +M(C:0K, Fs:1, WS:4K # 0K, PF:0K # 0K, P:0K)
[13] 0.000002 +J(0)
[14] 0.0 +J(0)
[15] 0.000007 +J(CM:0, PgRf:1, Rd:0/0, Dy:0/0, Lg:0/0)."
"9/1/2026 4:55:14 PM","517","Information","WDSServer","Provider WDSDCMGR loaded from C:\Windows\system32\wdsdcmgr.dll and initialized successfully."
"9/1/2026 4:55:14 PM","105","Information","ESENT","certsrv.exe (2920,D,0) The database engine started a new instance (0). (Time=0 seconds) 
 
Additional Data:
  
 
Internal Timing Sequence: 
[1] 0.001092 +J(0) +M(C:0K, Fs:126, WS:492K # 492K, PF:2404K # 2136K, P:2404K)
[2] 0.000519 +J(0) +M(C:3200K, Fs:187, WS:728K # 728K, PF:4144K # 4144K, P:4144K)
[3] 0.000013 +J(0) +M(C:0K, Fs:3, WS:12K # 12K, PF:64K # 64K, P:64K)
[4] 0.000091 +J(0) +M(C:0K, Fs:19, WS:76K # 76K, PF:500K # 500K, P:500K)
[5] 0.000674 +J(0) +M(C:0K, Fs:9, WS:36K # 36K, PF:20K # 20K, P:20K)
[6] 0.006416 +J(0) +M(C:0K, Fs:29, WS:116K # 116K, PF:12K # 12K, P:12K)
[7] 0.009105 -0.005986 (3) WT +J(0) +M(C:0K, Fs:275, WS:1096K # 1096K, PF:1028K # 1028K, P:1028K)
[8] -
[9] -
[10] -
[11] -
[12] -
[13] 0.014026 -0.007017 (4) WT +J(CM:0, PgRf:0, Rd:0/0, Dy:0/0, Lg:616/1) +M(C:0K, Fs:6, WS:-1008K # 16K, PF:-1024K # 12K, P:-1024K)
[14] 0.000020 +J(0)
[15] 0.000146 +J(0) +M(C:0K, Fs:100, WS:400K # 0K, PF:64K # 0K, P:64K)
[16] 0.001555 -0.001298 (1) WT +J(0) +M(C:0K, Fs:3, WS:4K # 0K, PF:0K # 0K, P:0K)."
"9/1/2026 4:55:14 PM","102","Information","ESENT","certsrv.exe (2920,P,98) The database engine (10.00.20348.0000) is starting a new instance (0)."
"9/1/2026 4:55:09 PM","9688","Information","MSSQL$SQLEXPRESS","Service Broker manager has started."
"9/1/2026 4:55:09 PM","3408","Information","MSSQL$SQLEXPRESS","Recovery is complete. This is an informational message only. No user action is required."
"9/1/2026 4:55:09 PM","9666","Information","MSSQL$SQLEXPRESS","The Database Mirroring endpoint is in disabled or stopped state."
"9/1/2026 4:55:09 PM","9666","Information","MSSQL$SQLEXPRESS","The Service Broker endpoint is in disabled or stopped state."
"9/1/2026 4:55:08 PM","17137","Information","MSSQL$SQLEXPRESS","Starting up database 'tempdb'."
"9/1/2026 4:55:08 PM","903","Information","Microsoft-Windows-Security-SPP","The Software Protection service has stopped.
"
