"9/1/2026 8:22:57 PM","201","Information","Microsoft-Windows-TaskScheduler","Task Scheduler successfully completed task ""\Microsoft\Windows\Software Inventory Logging\Configuration"" , instance ""{5b38815a-828a-4c49-bfb8-d3575007514f}"" , action ""%systemroot%\system32\cmd.exe"" with return code 0."
"9/1/2026 8:22:57 PM","102","Information","Microsoft-Windows-TaskScheduler","Task Scheduler successfully finished ""{4bbe7c8c-42f9-4bb3-9fbb-b9318fa3e737}"" instance of the ""\Microsoft\Windows\DirectX\DXGIAdapterCache"" task for user ""NT AUTHORITY\SYSTEM""."
"9/1/2026 8:22:57 PM","201","Information","Microsoft-Windows-TaskScheduler","Task Scheduler successfully completed task ""\Microsoft\Windows\DirectX\DXGIAdapterCache"" , instance ""{4bbe7c8c-42f9-4bb3-9fbb-b9318fa3e737}"" , action ""%windir%\system32\dxgiadaptercache.exe"" with return code 0."
"9/1/2026 8:22:57 PM","200","Information","Microsoft-Windows-TaskScheduler","Task Scheduler launched action ""%systemroot%\system32\cmd.exe"" in instance ""{5b38815a-828a-4c49-bfb8-d3575007514f}"" of task ""\Microsoft\Windows\Software Inventory Logging\Configuration""."
"9/1/2026 8:22:57 PM","100","Information","Microsoft-Windows-TaskScheduler","Task Scheduler started ""{5b38815a-828a-4c49-bfb8-d3575007514f}"" instance of the ""\Microsoft\Windows\Software Inventory Logging\Configuration"" task for user ""NT AUTHORITY\SYSTEM""."
"9/1/2026 8:22:57 PM","129","Information","Microsoft-Windows-TaskScheduler","Task Scheduler launch task ""\Microsoft\Windows\Software Inventory Logging\Configuration"" , instance ""%systemroot%\system32\cmd.exe""  with process ID 5784."
"9/1/2026 8:22:57 PM","200","Information","Microsoft-Windows-TaskScheduler","Task Scheduler launched action ""%windir%\system32\dxgiadaptercache.exe"" in instance ""{4bbe7c8c-42f9-4bb3-9fbb-b9318fa3e737}"" of task ""\Microsoft\Windows\DirectX\DXGIAdapterCache""."
"9/1/2026 8:22:57 PM","100","Information","Microsoft-Windows-TaskScheduler","Task Scheduler started ""{4bbe7c8c-42f9-4bb3-9fbb-b9318fa3e737}"" instance of the ""\Microsoft\Windows\DirectX\DXGIAdapterCache"" task for user ""NT AUTHORITY\SYSTEM""."
"9/1/2026 8:22:57 PM","129","Information","Microsoft-Windows-TaskScheduler","Task Scheduler launch task ""\Microsoft\Windows\DirectX\DXGIAdapterCache"" , instance ""%windir%\system32\dxgiadaptercache.exe""  with process ID 5776."
"9/1/2026 8:22:57 PM","118","Information","Microsoft-Windows-TaskScheduler","Task Scheduler launched ""{4bbe7c8c-42f9-4bb3-9fbb-b9318fa3e737}""  instance of task ""\Microsoft\Windows\DirectX\DXGIAdapterCache""  due to system startup."
"9/1/2026 8:22:57 PM","118","Information","Microsoft-Windows-TaskScheduler","Task Scheduler launched ""{5b38815a-828a-4c49-bfb8-d3575007514f}""  instance of task ""\Microsoft\Windows\Software Inventory Logging\Configuration""  due to system startup."
"9/1/2026 8:22:47 PM","102","Information","Microsoft-Windows-TaskScheduler","Task Scheduler successfully finished ""{0f8d8170-ec3e-4adb-bf5e-423a9412a00e}"" instance of the ""\Scaffold\ScaffoldDeployEngine"" task for user ""NT AUTHORITY\SYSTEM""."
"9/1/2026 8:22:47 PM","201","Information","Microsoft-Windows-TaskScheduler","Task Scheduler successfully completed task ""\Scaffold\ScaffoldDeployEngine"" , instance ""{0f8d8170-ec3e-4adb-bf5e-423a9412a00e}"" , action ""powershell.exe"" with return code 0."
"9/1/2026 8:22:42 PM","200","Information","Microsoft-Windows-TaskScheduler","Task Scheduler launched action ""powershell.exe"" in instance ""{0f8d8170-ec3e-4adb-bf5e-423a9412a00e}"" of task ""\Scaffold\ScaffoldDeployEngine""."
"9/1/2026 8:22:42 PM","100","Information","Microsoft-Windows-TaskScheduler","Task Scheduler started ""{0f8d8170-ec3e-4adb-bf5e-423a9412a00e}"" instance of the ""\Scaffold\ScaffoldDeployEngine"" task for user ""NT AUTHORITY\SYSTEM""."
"9/1/2026 8:22:42 PM","129","Information","Microsoft-Windows-TaskScheduler","Task Scheduler launch task ""\Scaffold\ScaffoldDeployEngine"" , instance ""powershell.exe""  with process ID 5508."
"9/1/2026 8:22:41 PM","107","Information","Microsoft-Windows-TaskScheduler","Task Scheduler launched ""{0f8d8170-ec3e-4adb-bf5e-423a9412a00e}""  instance of task ""\Scaffold\ScaffoldDeployEngine"" due to a time trigger condition."
"9/1/2026 8:22:32 PM","110","Information","Microsoft-Windows-TaskScheduler","Task Scheduler launched ""{4f3d8a1b-5a69-4cd3-898f-54db0902b746}""  instance of task ""\Microsoft\Windows\.NET Framework\.NET Framework NGEN v4.0.30319""  for user ""System"" ."
"9/1/2026 8:22:32 PM","325","Warning","Microsoft-Windows-TaskScheduler","Task Scheduler queued instance ""{4f3d8a1b-5a69-4cd3-898f-54db0902b746}""  of task ""\Microsoft\Windows\.NET Framework\.NET Framework NGEN v4.0.30319""."
"9/1/2026 8:22:32 PM","140","Information","Microsoft-Windows-TaskScheduler","User ""SYSTEM""  updated Task Scheduler task ""\Microsoft\Windows\.NET Framework\.NET Framework NGEN v4.0.30319"""
"9/1/2026 8:22:31 PM","110","Information","Microsoft-Windows-TaskScheduler","Task Scheduler launched ""{42a6bbcc-b608-435b-9168-355f17c43ccd}""  instance of task ""\Microsoft\Windows\.NET Framework\.NET Framework NGEN v4.0.30319 64""  for user ""System"" ."
"9/1/2026 8:22:31 PM","325","Warning","Microsoft-Windows-TaskScheduler","Task Scheduler queued instance ""{42a6bbcc-b608-435b-9168-355f17c43ccd}""  of task ""\Microsoft\Windows\.NET Framework\.NET Framework NGEN v4.0.30319 64""."
"9/1/2026 8:22:31 PM","140","Information","Microsoft-Windows-TaskScheduler","User ""SYSTEM""  updated Task Scheduler task ""\Microsoft\Windows\.NET Framework\.NET Framework NGEN v4.0.30319 64"""
"9/1/2026 8:22:30 PM","102","Information","Microsoft-Windows-TaskScheduler","Task Scheduler successfully finished ""{1ffce0a6-7d56-4291-9b1a-f87f4d2ec6fb}"" instance of the ""\Microsoft\Windows\Workplace Join\Automatic-Device-Join"" task for user ""NT AUTHORITY\SYSTEM""."
"9/1/2026 8:22:30 PM","201","Information","Microsoft-Windows-TaskScheduler","Task Scheduler successfully completed task ""\Microsoft\Windows\Workplace Join\Automatic-Device-Join"" , instance ""{1ffce0a6-7d56-4291-9b1a-f87f4d2ec6fb}"" , action ""%SystemRoot%\System32\dsregcmd.exe"" with return code 0."
"9/1/2026 8:22:29 PM","102","Information","Microsoft-Windows-TaskScheduler","Task Scheduler successfully finished ""{d8e60da5-f807-450a-911f-512b27745a61}"" instance of the ""\Microsoft\Windows\CertificateServicesClient\SystemTask"" task for user ""NT AUTHORITY\SYSTEM""."
"9/1/2026 8:22:29 PM","201","Information","Microsoft-Windows-TaskScheduler","Task Scheduler successfully completed task ""\Microsoft\Windows\CertificateServicesClient\SystemTask"" , instance ""{d8e60da5-f807-450a-911f-512b27745a61}"" , action ""Certificate Services Client Task Handler"" with return code 0."
"9/1/2026 8:22:07 PM","200","Information","Microsoft-Windows-TaskScheduler","Task Scheduler launched action ""Certificate Services Client Task Handler"" in instance ""{d8e60da5-f807-450a-911f-512b27745a61}"" of task ""\Microsoft\Windows\CertificateServicesClient\SystemTask""."
"9/1/2026 8:22:07 PM","100","Information","Microsoft-Windows-TaskScheduler","Task Scheduler started ""{d8e60da5-f807-450a-911f-512b27745a61}"" instance of the ""\Microsoft\Windows\CertificateServicesClient\SystemTask"" task for user ""NT AUTHORITY\SYSTEM""."
"9/1/2026 8:22:07 PM","129","Information","Microsoft-Windows-TaskScheduler","Task Scheduler launch task ""\Microsoft\Windows\CertificateServicesClient\SystemTask"" , instance ""taskhostw.exe""  with process ID 3900."
"9/1/2026 8:22:07 PM","118","Information","Microsoft-Windows-TaskScheduler","Task Scheduler launched ""{d8e60da5-f807-450a-911f-512b27745a61}""  instance of task ""\Microsoft\Windows\CertificateServicesClient\SystemTask""  due to system startup."
"9/1/2026 8:21:58 PM","110","Information","Microsoft-Windows-TaskScheduler","Task Scheduler launched ""{1ffce0a6-7d56-4291-9b1a-f87f4d2ec6fb}""  instance of task ""\Microsoft\Windows\Workplace Join\Automatic-Device-Join""  for user ""System"" ."
"9/1/2026 8:21:58 PM","200","Information","Microsoft-Windows-TaskScheduler","Task Scheduler launched action ""%SystemRoot%\System32\dsregcmd.exe"" in instance ""{1ffce0a6-7d56-4291-9b1a-f87f4d2ec6fb}"" of task ""\Microsoft\Windows\Workplace Join\Automatic-Device-Join""."
"9/1/2026 8:21:58 PM","100","Information","Microsoft-Windows-TaskScheduler","Task Scheduler started ""{1ffce0a6-7d56-4291-9b1a-f87f4d2ec6fb}"" instance of the ""\Microsoft\Windows\Workplace Join\Automatic-Device-Join"" task for user ""NT AUTHORITY\SYSTEM""."
"9/1/2026 8:21:58 PM","129","Information","Microsoft-Windows-TaskScheduler","Task Scheduler launch task ""\Microsoft\Windows\Workplace Join\Automatic-Device-Join"" , instance ""%SystemRoot%\System32\dsregcmd.exe""  with process ID 2560."
"9/1/2026 8:21:58 PM","325","Warning","Microsoft-Windows-TaskScheduler","Task Scheduler queued instance ""{1ffce0a6-7d56-4291-9b1a-f87f4d2ec6fb}""  of task ""\Microsoft\Windows\Workplace Join\Automatic-Device-Join""."
"9/1/2026 8:21:58 PM","102","Information","Microsoft-Windows-TaskScheduler","Task Scheduler successfully finished ""{08ab0df4-d030-41c5-b65c-15153bf71b83}"" instance of the ""\Microsoft\Windows\WwanSvc\OobeDiscovery"" task for user ""NT AUTHORITY\SYSTEM""."
"9/1/2026 8:21:58 PM","201","Information","Microsoft-Windows-TaskScheduler","Task Scheduler successfully completed task ""\Microsoft\Windows\WwanSvc\OobeDiscovery"" , instance ""{08ab0df4-d030-41c5-b65c-15153bf71b83}"" , action ""OobeEsimTaskManager"" with return code 0."
"9/1/2026 8:21:58 PM","102","Information","Microsoft-Windows-TaskScheduler","Task Scheduler successfully finished ""{a87e4e5b-d4ee-4b63-869b-41e76ef11618}"" instance of the ""\Microsoft\Windows\DirectX\DXGIAdapterCache"" task for user ""NT AUTHORITY\SYSTEM""."
"9/1/2026 8:21:58 PM","201","Information","Microsoft-Windows-TaskScheduler","Task Scheduler successfully completed task ""\Microsoft\Windows\DirectX\DXGIAdapterCache"" , instance ""{a87e4e5b-d4ee-4b63-869b-41e76ef11618}"" , action ""%windir%\system32\dxgiadaptercache.exe"" with return code 0."
"9/1/2026 8:21:58 PM","102","Information","Microsoft-Windows-TaskScheduler","Task Scheduler successfully finished ""{2a49a7b9-6b1f-4901-a0e3-8dec2427df6f}"" instance of the ""\Microsoft\Windows\ExploitGuard\ExploitGuard MDM policy Refresh"" task for user ""NT AUTHORITY\SYSTEM""."
"9/1/2026 8:21:58 PM","201","Information","Microsoft-Windows-TaskScheduler","Task Scheduler successfully completed task ""\Microsoft\Windows\ExploitGuard\ExploitGuard MDM policy Refresh"" , instance ""{2a49a7b9-6b1f-4901-a0e3-8dec2427df6f}"" , action """" with return code 0."
"9/1/2026 8:21:58 PM","102","Information","Microsoft-Windows-TaskScheduler","Task Scheduler successfully finished ""{c2500306-1acf-4efc-9495-19bca514359f}"" instance of the ""\Microsoft\Windows\Time Synchronization\ForceSynchronizeTime"" task for user ""(NONE)""."
"9/1/2026 8:21:58 PM","201","Information","Microsoft-Windows-TaskScheduler","Task Scheduler successfully completed task ""\Microsoft\Windows\Time Synchronization\ForceSynchronizeTime"" , instance ""{c2500306-1acf-4efc-9495-19bca514359f}"" , action ""Time Synchronization Task Handler"" with return code 0."
"9/1/2026 8:21:58 PM","200","Information","Microsoft-Windows-TaskScheduler","Task Scheduler launched action ""Time Synchronization Task Handler"" in instance ""{c2500306-1acf-4efc-9495-19bca514359f}"" of task ""\Microsoft\Windows\Time Synchronization\ForceSynchronizeTime""."
"9/1/2026 8:21:58 PM","100","Information","Microsoft-Windows-TaskScheduler","Task Scheduler started ""{c2500306-1acf-4efc-9495-19bca514359f}"" instance of the ""\Microsoft\Windows\Time Synchronization\ForceSynchronizeTime"" task for user ""(NONE)""."
"9/1/2026 8:21:58 PM","129","Information","Microsoft-Windows-TaskScheduler","Task Scheduler launch task ""\Microsoft\Windows\Time Synchronization\ForceSynchronizeTime"" , instance ""taskhostw.exe""  with process ID 2480."
"9/1/2026 8:21:57 PM","200","Information","Microsoft-Windows-TaskScheduler","Task Scheduler launched action ""OobeEsimTaskManager"" in instance ""{08ab0df4-d030-41c5-b65c-15153bf71b83}"" of task ""\Microsoft\Windows\WwanSvc\OobeDiscovery""."
"9/1/2026 8:21:57 PM","100","Information","Microsoft-Windows-TaskScheduler","Task Scheduler started ""{08ab0df4-d030-41c5-b65c-15153bf71b83}"" instance of the ""\Microsoft\Windows\WwanSvc\OobeDiscovery"" task for user ""NT AUTHORITY\SYSTEM""."
"9/1/2026 8:21:57 PM","101","Error","Microsoft-Windows-TaskScheduler","Task Scheduler failed to start ""\Microsoft\Windows\Workplace Join\Automatic-Device-Join"" task for user ""(default user)"". Additional Data: Error Value: 2147943568."
"9/1/2026 8:21:57 PM","200","Information","Microsoft-Windows-TaskScheduler","Task Scheduler launched action """" in instance ""{2a49a7b9-6b1f-4901-a0e3-8dec2427df6f}"" of task ""\Microsoft\Windows\ExploitGuard\ExploitGuard MDM policy Refresh""."
"9/1/2026 8:21:57 PM","100","Information","Microsoft-Windows-TaskScheduler","Task Scheduler started ""{2a49a7b9-6b1f-4901-a0e3-8dec2427df6f}"" instance of the ""\Microsoft\Windows\ExploitGuard\ExploitGuard MDM policy Refresh"" task for user ""NT AUTHORITY\SYSTEM""."
"9/1/2026 8:21:57 PM","129","Information","Microsoft-Windows-TaskScheduler","Task Scheduler launch task ""\Microsoft\Windows\ExploitGuard\ExploitGuard MDM policy Refresh"" , instance ""taskhostw.exe""  with process ID 1384."
"9/1/2026 8:21:57 PM","118","Information","Microsoft-Windows-TaskScheduler","Task Scheduler launched ""{2a49a7b9-6b1f-4901-a0e3-8dec2427df6f}""  instance of task ""\Microsoft\Windows\ExploitGuard\ExploitGuard MDM policy Refresh""  due to system startup."
"9/1/2026 8:21:57 PM","200","Information","Microsoft-Windows-TaskScheduler","Task Scheduler launched action ""%windir%\system32\dxgiadaptercache.exe"" in instance ""{a87e4e5b-d4ee-4b63-869b-41e76ef11618}"" of task ""\Microsoft\Windows\DirectX\DXGIAdapterCache""."
"9/1/2026 8:21:57 PM","100","Information","Microsoft-Windows-TaskScheduler","Task Scheduler started ""{a87e4e5b-d4ee-4b63-869b-41e76ef11618}"" instance of the ""\Microsoft\Windows\DirectX\DXGIAdapterCache"" task for user ""NT AUTHORITY\SYSTEM""."
"9/1/2026 8:21:57 PM","129","Information","Microsoft-Windows-TaskScheduler","Task Scheduler launch task ""\Microsoft\Windows\DirectX\DXGIAdapterCache"" , instance ""%windir%\system32\dxgiadaptercache.exe""  with process ID 1312."
"9/1/2026 8:21:57 PM","400","Information","Microsoft-Windows-TaskScheduler","Task Scheduler service has started."
"9/1/2026 8:21:56 PM","700","Information","Microsoft-Windows-TaskScheduler","Task Scheduler service started Task Compatibility module."
"9/1/2026 8:21:32 PM","402","Information","Microsoft-Windows-TaskScheduler","Task Scheduler service is shutting down."
"9/1/2026 8:21:31 PM","140","Information","Microsoft-Windows-TaskScheduler","User ""NT AUTHORITY\SYSTEM""  updated Task Scheduler task ""\Microsoft\Windows\WindowsUpdate\Scheduled Start"""
"9/1/2026 8:21:26 PM","111","Information","Microsoft-Windows-TaskScheduler","Task Scheduler terminated ""{6b9db5f6-6652-4892-ad3b-965b5eb053c6}""  instance of the ""\Microsoft\Windows\Flighting\OneSettings\RefreshCache""  task."
"9/1/2026 8:21:26 PM","111","Information","Microsoft-Windows-TaskScheduler","Task Scheduler terminated ""{28fc93be-5d1a-460d-b3f3-ff1a8cddc49d}""  instance of the ""\MicrosoftEdgeUpdateTaskMachineCore""  task."
"9/1/2026 8:21:26 PM","102","Information","Microsoft-Windows-TaskScheduler","Task Scheduler successfully finished ""{28fc93be-5d1a-460d-b3f3-ff1a8cddc49d}"" instance of the ""\MicrosoftEdgeUpdateTaskMachineCore"" task for user ""NT AUTHORITY\SYSTEM""."
"9/1/2026 8:21:26 PM","201","Information","Microsoft-Windows-TaskScheduler","Task Scheduler successfully completed task ""\MicrosoftEdgeUpdateTaskMachineCore"" , instance ""{28fc93be-5d1a-460d-b3f3-ff1a8cddc49d}"" , action ""C:\Program Files (x86)\Microsoft\EdgeUpdate\MicrosoftEdgeUpdate.exe"" with return code 2147943691."
"9/1/2026 8:21:26 PM","103","Error","Microsoft-Windows-TaskScheduler","Task Scheduler failed to start instance ""{a61311e5-880a-4f95-af42-2ce4e509bbbf}"" of ""\Microsoft\Windows\Wininet\CacheTask""  task for user """" . Additional Data: Error Value: 2147942404."
"9/1/2026 8:21:26 PM","202","Error","Microsoft-Windows-TaskScheduler","Task Scheduler failed to complete task ""\Microsoft\Windows\Wininet\CacheTask"" , instance ""{a61311e5-880a-4f95-af42-2ce4e509bbbf}"" , action ""Wininet Cache task object"" . Additional Data: Error Value: 2147942404."
"9/1/2026 8:21:26 PM","102","Information","Microsoft-Windows-TaskScheduler","Task Scheduler successfully finished ""{0f1083b2-3f61-4f24-b709-43f7b7c604aa}"" instance of the ""\CreateExplorerShellUnelevatedTask"" task for user ""SCAFFOLD\Administrator""."
"9/1/2026 8:21:26 PM","201","Information","Microsoft-Windows-TaskScheduler","Task Scheduler successfully completed task ""\CreateExplorerShellUnelevatedTask"" , instance ""{0f1083b2-3f61-4f24-b709-43f7b7c604aa}"" , action ""C:\Windows\Explorer.EXE"" with return code 2147942404."
"9/1/2026 8:21:21 PM","102","Information","Microsoft-Windows-TaskScheduler","Task Scheduler successfully finished ""{4c5f2a00-4a63-4031-a4bf-0cee8b7b1b5a}"" instance of the ""\Microsoft\Windows\WindowsUpdate\Scheduled Start"" task for user ""NT AUTHORITY\SYSTEM""."
"9/1/2026 8:21:21 PM","201","Information","Microsoft-Windows-TaskScheduler","Task Scheduler successfully completed task ""\Microsoft\Windows\WindowsUpdate\Scheduled Start"" , instance ""{4c5f2a00-4a63-4031-a4bf-0cee8b7b1b5a}"" , action ""C:\Windows\system32\sc.exe"" with return code 2147943456."
"9/1/2026 8:21:21 PM","102","Information","Microsoft-Windows-TaskScheduler","Task Scheduler successfully finished ""{6003c047-7e24-435e-b755-556e8fa5fe8c}"" instance of the ""\Microsoft\Windows\Customer Experience Improvement Program\Consolidator"" task for user ""NT AUTHORITY\SYSTEM""."
"9/1/2026 8:21:21 PM","201","Information","Microsoft-Windows-TaskScheduler","Task Scheduler successfully completed task ""\Microsoft\Windows\Customer Experience Improvement Program\Consolidator"" , instance ""{6003c047-7e24-435e-b755-556e8fa5fe8c}"" , action ""%SystemRoot%\System32\wsqmcons.exe"" with return code 0."
"9/1/2026 8:21:21 PM","200","Information","Microsoft-Windows-TaskScheduler","Task Scheduler launched action ""OneSettings Refresh Cache Task Handler"" in instance ""{6b9db5f6-6652-4892-ad3b-965b5eb053c6}"" of task ""\Microsoft\Windows\Flighting\OneSettings\RefreshCache""."
"9/1/2026 8:21:21 PM","100","Information","Microsoft-Windows-TaskScheduler","Task Scheduler started ""{6b9db5f6-6652-4892-ad3b-965b5eb053c6}"" instance of the ""\Microsoft\Windows\Flighting\OneSettings\RefreshCache"" task for user ""NT AUTHORITY\SYSTEM""."
"9/1/2026 8:21:21 PM","129","Information","Microsoft-Windows-TaskScheduler","Task Scheduler launch task ""\Microsoft\Windows\Flighting\OneSettings\RefreshCache"" , instance ""taskhostw.exe""  with process ID 7624."
"9/1/2026 8:21:21 PM","114","Warning","Microsoft-Windows-TaskScheduler","Task Scheduler could not launch task ""\Microsoft\Windows\Flighting\OneSettings\RefreshCache""  as scheduled. Instance ""{6b9db5f6-6652-4892-ad3b-965b5eb053c6}""  is started now as required by the configuration option to start the task when available, if schedule is missed."
"9/1/2026 8:21:21 PM","200","Information","Microsoft-Windows-TaskScheduler","Task Scheduler launched action ""%SystemRoot%\System32\wsqmcons.exe"" in instance ""{6003c047-7e24-435e-b755-556e8fa5fe8c}"" of task ""\Microsoft\Windows\Customer Experience Improvement Program\Consolidator""."
"9/1/2026 8:21:21 PM","100","Information","Microsoft-Windows-TaskScheduler","Task Scheduler started ""{6003c047-7e24-435e-b755-556e8fa5fe8c}"" instance of the ""\Microsoft\Windows\Customer Experience Improvement Program\Consolidator"" task for user ""NT AUTHORITY\SYSTEM""."
"9/1/2026 8:21:21 PM","129","Information","Microsoft-Windows-TaskScheduler","Task Scheduler launch task ""\Microsoft\Windows\Customer Experience Improvement Program\Consolidator"" , instance ""%SystemRoot%\System32\wsqmcons.exe""  with process ID 7640."
"9/1/2026 8:21:21 PM","200","Information","Microsoft-Windows-TaskScheduler","Task Scheduler launched action ""C:\Windows\system32\sc.exe"" in instance ""{4c5f2a00-4a63-4031-a4bf-0cee8b7b1b5a}"" of task ""\Microsoft\Windows\WindowsUpdate\Scheduled Start""."
"9/1/2026 8:21:21 PM","100","Information","Microsoft-Windows-TaskScheduler","Task Scheduler started ""{4c5f2a00-4a63-4031-a4bf-0cee8b7b1b5a}"" instance of the ""\Microsoft\Windows\WindowsUpdate\Scheduled Start"" task for user ""NT AUTHORITY\SYSTEM""."
"9/1/2026 8:21:21 PM","129","Information","Microsoft-Windows-TaskScheduler","Task Scheduler launch task ""\Microsoft\Windows\WindowsUpdate\Scheduled Start"" , instance ""C:\Windows\system32\sc.exe""  with process ID 7592."
"9/1/2026 8:21:21 PM","114","Warning","Microsoft-Windows-TaskScheduler","Task Scheduler could not launch task ""\Microsoft\Windows\WindowsUpdate\Scheduled Start""  as scheduled. Instance ""{4c5f2a00-4a63-4031-a4bf-0cee8b7b1b5a}""  is started now as required by the configuration option to start the task when available, if schedule is missed."
"9/1/2026 8:21:21 PM","114","Warning","Microsoft-Windows-TaskScheduler","Task Scheduler could not launch task ""\Microsoft\Windows\Customer Experience Improvement Program\Consolidator""  as scheduled. Instance ""{6003c047-7e24-435e-b755-556e8fa5fe8c}""  is started now as required by the configuration option to start the task when available, if schedule is missed."
"9/1/2026 8:21:12 PM","140","Information","Microsoft-Windows-TaskScheduler","User ""SCAFFOLD\DC$""  updated Task Scheduler task ""\Microsoft\Windows\UpdateOrchestrator\Schedule Scan"""
"9/1/2026 8:21:12 PM","140","Information","Microsoft-Windows-TaskScheduler","User ""S-1-5-18""  updated Task Scheduler task ""\Microsoft\Windows\UpdateOrchestrator\Schedule Scan"""
"9/1/2026 8:20:42 PM","102","Information","Microsoft-Windows-TaskScheduler","Task Scheduler successfully finished ""{9aa46ba0-1071-4cd4-9501-a53058f29d1d}"" instance of the ""\Scaffold\ScaffoldDeployEngine"" task for user ""NT AUTHORITY\SYSTEM""."
"9/1/2026 8:20:42 PM","201","Information","Microsoft-Windows-TaskScheduler","Task Scheduler successfully completed task ""\Scaffold\ScaffoldDeployEngine"" , instance ""{9aa46ba0-1071-4cd4-9501-a53058f29d1d}"" , action ""powershell.exe"" with return code 0."
"9/1/2026 8:20:41 PM","200","Information","Microsoft-Windows-TaskScheduler","Task Scheduler launched action ""powershell.exe"" in instance ""{9aa46ba0-1071-4cd4-9501-a53058f29d1d}"" of task ""\Scaffold\ScaffoldDeployEngine""."
"9/1/2026 8:20:41 PM","100","Information","Microsoft-Windows-TaskScheduler","Task Scheduler started ""{9aa46ba0-1071-4cd4-9501-a53058f29d1d}"" instance of the ""\Scaffold\ScaffoldDeployEngine"" task for user ""NT AUTHORITY\SYSTEM""."
"9/1/2026 8:20:41 PM","129","Information","Microsoft-Windows-TaskScheduler","Task Scheduler launch task ""\Scaffold\ScaffoldDeployEngine"" , instance ""powershell.exe""  with process ID 8048."
"9/1/2026 8:20:41 PM","107","Information","Microsoft-Windows-TaskScheduler","Task Scheduler launched ""{9aa46ba0-1071-4cd4-9501-a53058f29d1d}""  instance of task ""\Scaffold\ScaffoldDeployEngine"" due to a time trigger condition."
"9/1/2026 8:20:15 PM","102","Information","Microsoft-Windows-TaskScheduler","Task Scheduler successfully finished ""{ee4b76a2-0f62-4c9d-86df-cc629d42c4f8}"" instance of the ""\Microsoft\Windows\Windows Error Reporting\QueueReporting"" task for user ""NT AUTHORITY\SYSTEM""."
"9/1/2026 8:20:15 PM","201","Information","Microsoft-Windows-TaskScheduler","Task Scheduler successfully completed task ""\Microsoft\Windows\Windows Error Reporting\QueueReporting"" , instance ""{ee4b76a2-0f62-4c9d-86df-cc629d42c4f8}"" , action ""%windir%\system32\wermgr.exe"" with return code 0."
"9/1/2026 8:20:15 PM","102","Information","Microsoft-Windows-TaskScheduler","Task Scheduler successfully finished ""{bf6fcb1d-f129-4a25-a271-42765ac31fa1}"" instance of the ""\Microsoft\Windows\Flighting\FeatureConfig\ReconcileFeatures"" task for user ""NT AUTHORITY\SYSTEM""."
"9/1/2026 8:20:15 PM","201","Information","Microsoft-Windows-TaskScheduler","Task Scheduler successfully completed task ""\Microsoft\Windows\Flighting\FeatureConfig\ReconcileFeatures"" , instance ""{bf6fcb1d-f129-4a25-a271-42765ac31fa1}"" , action ""Feature Configuration Reconciliation Task Handler"" with return code 0."
"9/1/2026 8:20:15 PM","200","Information","Microsoft-Windows-TaskScheduler","Task Scheduler launched action ""%windir%\system32\wermgr.exe"" in instance ""{ee4b76a2-0f62-4c9d-86df-cc629d42c4f8}"" of task ""\Microsoft\Windows\Windows Error Reporting\QueueReporting""."
"9/1/2026 8:20:15 PM","100","Information","Microsoft-Windows-TaskScheduler","Task Scheduler started ""{ee4b76a2-0f62-4c9d-86df-cc629d42c4f8}"" instance of the ""\Microsoft\Windows\Windows Error Reporting\QueueReporting"" task for user ""NT AUTHORITY\SYSTEM""."
"9/1/2026 8:20:15 PM","129","Information","Microsoft-Windows-TaskScheduler","Task Scheduler launch task ""\Microsoft\Windows\Windows Error Reporting\QueueReporting"" , instance ""%windir%\system32\wermgr.exe""  with process ID 7600."
"9/1/2026 8:20:15 PM","200","Information","Microsoft-Windows-TaskScheduler","Task Scheduler launched action ""Feature Configuration Reconciliation Task Handler"" in instance ""{bf6fcb1d-f129-4a25-a271-42765ac31fa1}"" of task ""\Microsoft\Windows\Flighting\FeatureConfig\ReconcileFeatures""."
"9/1/2026 8:20:15 PM","100","Information","Microsoft-Windows-TaskScheduler","Task Scheduler started ""{bf6fcb1d-f129-4a25-a271-42765ac31fa1}"" instance of the ""\Microsoft\Windows\Flighting\FeatureConfig\ReconcileFeatures"" task for user ""NT AUTHORITY\SYSTEM""."
"9/1/2026 8:20:15 PM","129","Information","Microsoft-Windows-TaskScheduler","Task Scheduler launch task ""\Microsoft\Windows\Flighting\FeatureConfig\ReconcileFeatures"" , instance ""taskhostw.exe""  with process ID 7592."
"9/1/2026 8:20:15 PM","118","Information","Microsoft-Windows-TaskScheduler","Task Scheduler launched ""{ee4b76a2-0f62-4c9d-86df-cc629d42c4f8}""  instance of task ""\Microsoft\Windows\Windows Error Reporting\QueueReporting""  due to system startup."
"9/1/2026 8:19:56 PM","140","Information","Microsoft-Windows-TaskScheduler","User ""SCAFFOLD\DC$""  updated Task Scheduler task ""\Microsoft\Windows\SoftwareProtectionPlatform\SvcRestartTask"""
"9/1/2026 8:19:39 PM","103","Error","Microsoft-Windows-TaskScheduler","Task Scheduler failed to start instance ""{bb5a1285-0c68-4f8d-8c04-199a009b24e1}"" of ""\Microsoft\Windows\International\Synchronize Language Settings""  task for user ""SCAFFOLD\Administrator"" . Additional Data: Error Value: 2147746053."
"9/1/2026 8:19:39 PM","202","Error","Microsoft-Windows-TaskScheduler","Task Scheduler failed to complete task ""\Microsoft\Windows\International\Synchronize Language Settings"" , instance ""{bb5a1285-0c68-4f8d-8c04-199a009b24e1}"" , action ""Sync Language Data From Cloud Task"" . Additional Data: Error Value: 2147746053."
"9/1/2026 8:19:34 PM","102","Information","Microsoft-Windows-TaskScheduler","Task Scheduler successfully finished ""{e440aa1a-9549-47e0-9410-a3e53e0f1282}"" instance of the ""\Microsoft\Windows\Workplace Join\Automatic-Device-Join"" task for user ""NT AUTHORITY\SYSTEM""."
"9/1/2026 8:19:34 PM","201","Information","Microsoft-Windows-TaskScheduler","Task Scheduler successfully completed task ""\Microsoft\Windows\Workplace Join\Automatic-Device-Join"" , instance ""{e440aa1a-9549-47e0-9410-a3e53e0f1282}"" , action ""%SystemRoot%\System32\dsregcmd.exe"" with return code 2147942401."
"9/1/2026 8:19:34 PM","200","Information","Microsoft-Windows-TaskScheduler","Task Scheduler launched action ""%SystemRoot%\System32\dsregcmd.exe"" in instance ""{e440aa1a-9549-47e0-9410-a3e53e0f1282}"" of task ""\Microsoft\Windows\Workplace Join\Automatic-Device-Join""."
"9/1/2026 8:19:34 PM","100","Information","Microsoft-Windows-TaskScheduler","Task Scheduler started ""{e440aa1a-9549-47e0-9410-a3e53e0f1282}"" instance of the ""\Microsoft\Windows\Workplace Join\Automatic-Device-Join"" task for user ""NT AUTHORITY\SYSTEM""."
"9/1/2026 8:19:34 PM","129","Information","Microsoft-Windows-TaskScheduler","Task Scheduler launch task ""\Microsoft\Windows\Workplace Join\Automatic-Device-Join"" , instance ""%SystemRoot%\System32\dsregcmd.exe""  with process ID 7248."
"9/1/2026 8:19:34 PM","119","Information","Microsoft-Windows-TaskScheduler","Task Scheduler launched ""{e440aa1a-9549-47e0-9410-a3e53e0f1282}""  instance of task ""\Microsoft\Windows\Workplace Join\Automatic-Device-Join"" due to user ""SCAFFOLD\Administrator""  logon."
"9/1/2026 8:19:25 PM","140","Information","Microsoft-Windows-TaskScheduler","User ""SCAFFOLD\DC$""  updated Task Scheduler task ""\Microsoft\Windows\Application Experience\PcaPatchDbTask"""
"9/1/2026 8:19:09 PM","102","Information","Microsoft-Windows-TaskScheduler","Task Scheduler successfully finished ""{1b0261f5-7cde-4c80-a008-6f1b83f40694}"" instance of the ""\Microsoft\Windows\UpdateOrchestrator\MusUx_UpdateInterval"" task for user ""NT AUTHORITY\SYSTEM""."
"9/1/2026 8:19:09 PM","201","Information","Microsoft-Windows-TaskScheduler","Task Scheduler successfully completed task ""\Microsoft\Windows\UpdateOrchestrator\MusUx_UpdateInterval"" , instance ""{1b0261f5-7cde-4c80-a008-6f1b83f40694}"" , action ""%systemroot%\system32\MusNotification.exe"" with return code 2147943458."
"9/1/2026 8:19:09 PM","200","Information","Microsoft-Windows-TaskScheduler","Task Scheduler launched action ""%systemroot%\system32\MusNotification.exe"" in instance ""{1b0261f5-7cde-4c80-a008-6f1b83f40694}"" of task ""\Microsoft\Windows\UpdateOrchestrator\MusUx_UpdateInterval""."
"9/1/2026 8:19:09 PM","100","Information","Microsoft-Windows-TaskScheduler","Task Scheduler started ""{1b0261f5-7cde-4c80-a008-6f1b83f40694}"" instance of the ""\Microsoft\Windows\UpdateOrchestrator\MusUx_UpdateInterval"" task for user ""NT AUTHORITY\SYSTEM""."
"9/1/2026 8:19:09 PM","129","Information","Microsoft-Windows-TaskScheduler","Task Scheduler launch task ""\Microsoft\Windows\UpdateOrchestrator\MusUx_UpdateInterval"" , instance ""%systemroot%\system32\MusNotification.exe""  with process ID 1620."
"9/1/2026 8:19:09 PM","119","Information","Microsoft-Windows-TaskScheduler","Task Scheduler launched ""{1b0261f5-7cde-4c80-a008-6f1b83f40694}""  instance of task ""\Microsoft\Windows\UpdateOrchestrator\MusUx_UpdateInterval"" due to user ""SCAFFOLD\Administrator""  logon."
"9/1/2026 8:19:04 PM","200","Information","Microsoft-Windows-TaskScheduler","Task Scheduler launched action ""Sync Language Data From Cloud Task"" in instance ""{bb5a1285-0c68-4f8d-8c04-199a009b24e1}"" of task ""\Microsoft\Windows\International\Synchronize Language Settings""."
"9/1/2026 8:19:04 PM","100","Information","Microsoft-Windows-TaskScheduler","Task Scheduler started ""{bb5a1285-0c68-4f8d-8c04-199a009b24e1}"" instance of the ""\Microsoft\Windows\International\Synchronize Language Settings"" task for user ""SCAFFOLD\Administrator""."
"9/1/2026 8:19:04 PM","129","Information","Microsoft-Windows-TaskScheduler","Task Scheduler launch task ""\Microsoft\Windows\International\Synchronize Language Settings"" , instance ""taskhostw.exe""  with process ID 6288."
"9/1/2026 8:19:04 PM","119","Information","Microsoft-Windows-TaskScheduler","Task Scheduler launched ""{bb5a1285-0c68-4f8d-8c04-199a009b24e1}""  instance of task ""\Microsoft\Windows\International\Synchronize Language Settings"" due to user ""SCAFFOLD\Administrator""  logon."
"9/1/2026 8:18:50 PM","102","Information","Microsoft-Windows-TaskScheduler","Task Scheduler successfully finished ""{b1348f5e-123d-43ff-8ba5-c9bed51a4c7c}"" instance of the ""\Scaffold\ScaffoldDeployEngine"" task for user ""NT AUTHORITY\SYSTEM""."
"9/1/2026 8:18:50 PM","201","Information","Microsoft-Windows-TaskScheduler","Task Scheduler successfully completed task ""\Scaffold\ScaffoldDeployEngine"" , instance ""{b1348f5e-123d-43ff-8ba5-c9bed51a4c7c}"" , action ""powershell.exe"" with return code 0."
"9/1/2026 8:18:41 PM","200","Information","Microsoft-Windows-TaskScheduler","Task Scheduler launched action ""powershell.exe"" in instance ""{b1348f5e-123d-43ff-8ba5-c9bed51a4c7c}"" of task ""\Scaffold\ScaffoldDeployEngine""."
"9/1/2026 8:18:41 PM","100","Information","Microsoft-Windows-TaskScheduler","Task Scheduler started ""{b1348f5e-123d-43ff-8ba5-c9bed51a4c7c}"" instance of the ""\Scaffold\ScaffoldDeployEngine"" task for user ""NT AUTHORITY\SYSTEM""."
"9/1/2026 8:18:41 PM","129","Information","Microsoft-Windows-TaskScheduler","Task Scheduler launch task ""\Scaffold\ScaffoldDeployEngine"" , instance ""powershell.exe""  with process ID 6788."
"9/1/2026 8:18:41 PM","107","Information","Microsoft-Windows-TaskScheduler","Task Scheduler launched ""{b1348f5e-123d-43ff-8ba5-c9bed51a4c7c}""  instance of task ""\Scaffold\ScaffoldDeployEngine"" due to a time trigger condition."
"9/1/2026 8:18:37 PM","102","Information","Microsoft-Windows-TaskScheduler","Task Scheduler successfully finished ""{67e635aa-f2a6-4c3d-a251-e4b2bf2017c9}"" instance of the ""\Microsoft\Windows\Server Manager\ServerManager"" task for user ""SCAFFOLD\Administrator""."
"9/1/2026 8:18:37 PM","201","Information","Microsoft-Windows-TaskScheduler","Task Scheduler successfully completed task ""\Microsoft\Windows\Server Manager\ServerManager"" , instance ""{67e635aa-f2a6-4c3d-a251-e4b2bf2017c9}"" , action ""%windir%\system32\ServerManagerLauncher.exe"" with return code 0."
"9/1/2026 8:18:35 PM","102","Information","Microsoft-Windows-TaskScheduler","Task Scheduler successfully finished ""{e0734570-bd77-414d-8238-fa0db29c0469}"" instance of the ""\Microsoft\Windows\WindowsColorSystem\Calibration Loader"" task for user ""SCAFFOLD\Administrator""."
"9/1/2026 8:18:35 PM","201","Information","Microsoft-Windows-TaskScheduler","Task Scheduler successfully completed task ""\Microsoft\Windows\WindowsColorSystem\Calibration Loader"" , instance ""{e0734570-bd77-414d-8238-fa0db29c0469}"" , action ""Color Calibration Loader"" with return code 0."
"9/1/2026 8:18:35 PM","102","Information","Microsoft-Windows-TaskScheduler","Task Scheduler successfully finished ""{995d7bac-e05f-49e3-aa00-4174c6d68858}"" instance of the ""\Microsoft\Windows\Plug and Play\Device Install Reboot Required"" task for user ""SCAFFOLD\Administrator""."
"9/1/2026 8:18:35 PM","201","Information","Microsoft-Windows-TaskScheduler","Task Scheduler successfully completed task ""\Microsoft\Windows\Plug and Play\Device Install Reboot Required"" , instance ""{995d7bac-e05f-49e3-aa00-4174c6d68858}"" , action ""Device Installation Reboot Dialog Task"" with return code 0."
"9/1/2026 8:18:35 PM","102","Information","Microsoft-Windows-TaskScheduler","Task Scheduler successfully finished ""{d69b5db4-7d44-49f9-89c3-3071ef4dcfe6}"" instance of the ""\Microsoft\Windows\CertificateServicesClient\UserTask"" task for user ""SCAFFOLD\Administrator""."
"9/1/2026 8:18:35 PM","201","Information","Microsoft-Windows-TaskScheduler","Task Scheduler successfully completed task ""\Microsoft\Windows\CertificateServicesClient\UserTask"" , instance ""{d69b5db4-7d44-49f9-89c3-3071ef4dcfe6}"" , action ""Certificate Services Client Task Handler"" with return code 0."
"9/1/2026 8:18:34 PM","200","Information","Microsoft-Windows-TaskScheduler","Task Scheduler launched action ""C:\Windows\Explorer.EXE"" in instance ""{0f1083b2-3f61-4f24-b709-43f7b7c604aa}"" of task ""\CreateExplorerShellUnelevatedTask""."
"9/1/2026 8:18:34 PM","100","Information","Microsoft-Windows-TaskScheduler","Task Scheduler started ""{0f1083b2-3f61-4f24-b709-43f7b7c604aa}"" instance of the ""\CreateExplorerShellUnelevatedTask"" task for user ""SCAFFOLD\Administrator""."
"9/1/2026 8:18:34 PM","129","Information","Microsoft-Windows-TaskScheduler","Task Scheduler launch task ""\CreateExplorerShellUnelevatedTask"" , instance ""C:\Windows\Explorer.EXE""  with process ID 5812."
"9/1/2026 8:18:34 PM","109","Information","Microsoft-Windows-TaskScheduler","Task Scheduler launched ""{0f1083b2-3f61-4f24-b709-43f7b7c604aa}""  instance of task ""\CreateExplorerShellUnelevatedTask""  according to a registration trigger."
"9/1/2026 8:18:34 PM","140","Information","Microsoft-Windows-TaskScheduler","User ""SCAFFOLD\Administrator""  updated Task Scheduler task ""\CreateExplorerShellUnelevatedTask"""
"9/1/2026 8:18:34 PM","106","Information","Microsoft-Windows-TaskScheduler","User ""SCAFFOLD\Administrator""  registered Task Scheduler task ""\CreateExplorerShellUnelevatedTask"""
"9/1/2026 8:18:34 PM","141","Information","Microsoft-Windows-TaskScheduler","User ""SCAFFOLD\Administrator""  deleted Task Scheduler task ""\CreateExplorerShellUnelevatedTask"""
"9/1/2026 8:18:34 PM","102","Information","Microsoft-Windows-TaskScheduler","Task Scheduler successfully finished ""{f0e017c9-f23c-42f0-ad8b-d60e4ccdf6c9}"" instance of the ""\Microsoft\Windows\TextServicesFramework\MsCtfMonitor"" task for user ""SCAFFOLD\Administrator""."
"9/1/2026 8:18:34 PM","201","Information","Microsoft-Windows-TaskScheduler","Task Scheduler successfully completed task ""\Microsoft\Windows\TextServicesFramework\MsCtfMonitor"" , instance ""{f0e017c9-f23c-42f0-ad8b-d60e4ccdf6c9}"" , action ""MsCtfMonitor task handler"" with return code 0."
"9/1/2026 8:18:34 PM","200","Information","Microsoft-Windows-TaskScheduler","Task Scheduler launched action ""C:\Program Files (x86)\Microsoft\EdgeUpdate\MicrosoftEdgeUpdate.exe"" in instance ""{28fc93be-5d1a-460d-b3f3-ff1a8cddc49d}"" of task ""\MicrosoftEdgeUpdateTaskMachineCore""."
"9/1/2026 8:18:34 PM","100","Information","Microsoft-Windows-TaskScheduler","Task Scheduler started ""{28fc93be-5d1a-460d-b3f3-ff1a8cddc49d}"" instance of the ""\MicrosoftEdgeUpdateTaskMachineCore"" task for user ""NT AUTHORITY\SYSTEM""."
"9/1/2026 8:18:34 PM","129","Information","Microsoft-Windows-TaskScheduler","Task Scheduler launch task ""\MicrosoftEdgeUpdateTaskMachineCore"" , instance ""C:\Program Files (x86)\Microsoft\EdgeUpdate\MicrosoftEdgeUpdate.exe""  with process ID 684."
"9/1/2026 8:18:34 PM","200","Information","Microsoft-Windows-TaskScheduler","Task Scheduler launched action ""Wininet Cache task object"" in instance ""{a61311e5-880a-4f95-af42-2ce4e509bbbf}"" of task ""\Microsoft\Windows\Wininet\CacheTask""."
"9/1/2026 8:18:34 PM","100","Information","Microsoft-Windows-TaskScheduler","Task Scheduler started ""{a61311e5-880a-4f95-af42-2ce4e509bbbf}"" instance of the ""\Microsoft\Windows\Wininet\CacheTask"" task for user ""SCAFFOLD\Administrator""."
"9/1/2026 8:18:34 PM","119","Information","Microsoft-Windows-TaskScheduler","Task Scheduler launched ""{a61311e5-880a-4f95-af42-2ce4e509bbbf}""  instance of task ""\Microsoft\Windows\Wininet\CacheTask"" due to user ""SCAFFOLD\Administrator""  logon."
"9/1/2026 8:18:34 PM","200","Information","Microsoft-Windows-TaskScheduler","Task Scheduler launched action ""Device Installation Reboot Dialog Task"" in instance ""{995d7bac-e05f-49e3-aa00-4174c6d68858}"" of task ""\Microsoft\Windows\Plug and Play\Device Install Reboot Required""."
"9/1/2026 8:18:34 PM","100","Information","Microsoft-Windows-TaskScheduler","Task Scheduler started ""{995d7bac-e05f-49e3-aa00-4174c6d68858}"" instance of the ""\Microsoft\Windows\Plug and Play\Device Install Reboot Required"" task for user ""SCAFFOLD\Administrator""."
"9/1/2026 8:18:34 PM","129","Information","Microsoft-Windows-TaskScheduler","Task Scheduler launch task ""\Microsoft\Windows\Plug and Play\Device Install Reboot Required"" , instance ""taskhostw.exe""  with process ID 2888."
"9/1/2026 8:18:34 PM","119","Information","Microsoft-Windows-TaskScheduler","Task Scheduler launched ""{995d7bac-e05f-49e3-aa00-4174c6d68858}""  instance of task ""\Microsoft\Windows\Plug and Play\Device Install Reboot Required"" due to user ""SCAFFOLD\Administrator""  logon."
"9/1/2026 8:18:34 PM","119","Information","Microsoft-Windows-TaskScheduler","Task Scheduler launched ""{28fc93be-5d1a-460d-b3f3-ff1a8cddc49d}""  instance of task ""\MicrosoftEdgeUpdateTaskMachineCore"" due to user ""SCAFFOLD\Administrator""  logon."
"9/1/2026 8:18:34 PM","200","Information","Microsoft-Windows-TaskScheduler","Task Scheduler launched action ""Color Calibration Loader"" in instance ""{e0734570-bd77-414d-8238-fa0db29c0469}"" of task ""\Microsoft\Windows\WindowsColorSystem\Calibration Loader""."
"9/1/2026 8:18:34 PM","100","Information","Microsoft-Windows-TaskScheduler","Task Scheduler started ""{e0734570-bd77-414d-8238-fa0db29c0469}"" instance of the ""\Microsoft\Windows\WindowsColorSystem\Calibration Loader"" task for user ""SCAFFOLD\Administrator""."
"9/1/2026 8:18:34 PM","119","Information","Microsoft-Windows-TaskScheduler","Task Scheduler launched ""{e0734570-bd77-414d-8238-fa0db29c0469}""  instance of task ""\Microsoft\Windows\WindowsColorSystem\Calibration Loader"" due to user ""SCAFFOLD\Administrator""  logon."
"9/1/2026 8:18:34 PM","200","Information","Microsoft-Windows-TaskScheduler","Task Scheduler launched action ""MsCtfMonitor task handler"" in instance ""{f0e017c9-f23c-42f0-ad8b-d60e4ccdf6c9}"" of task ""\Microsoft\Windows\TextServicesFramework\MsCtfMonitor""."
"9/1/2026 8:18:34 PM","100","Information","Microsoft-Windows-TaskScheduler","Task Scheduler started ""{f0e017c9-f23c-42f0-ad8b-d60e4ccdf6c9}"" instance of the ""\Microsoft\Windows\TextServicesFramework\MsCtfMonitor"" task for user ""SCAFFOLD\Administrator""."
"9/1/2026 8:18:34 PM","200","Information","Microsoft-Windows-TaskScheduler","Task Scheduler launched action ""Certificate Services Client Task Handler"" in instance ""{d69b5db4-7d44-49f9-89c3-3071ef4dcfe6}"" of task ""\Microsoft\Windows\CertificateServicesClient\UserTask""."
"9/1/2026 8:18:34 PM","100","Information","Microsoft-Windows-TaskScheduler","Task Scheduler started ""{d69b5db4-7d44-49f9-89c3-3071ef4dcfe6}"" instance of the ""\Microsoft\Windows\CertificateServicesClient\UserTask"" task for user ""SCAFFOLD\Administrator""."
"9/1/2026 8:18:34 PM","200","Information","Microsoft-Windows-TaskScheduler","Task Scheduler launched action ""%windir%\system32\ServerManagerLauncher.exe"" in instance ""{67e635aa-f2a6-4c3d-a251-e4b2bf2017c9}"" of task ""\Microsoft\Windows\Server Manager\ServerManager""."
"9/1/2026 8:18:34 PM","100","Information","Microsoft-Windows-TaskScheduler","Task Scheduler started ""{67e635aa-f2a6-4c3d-a251-e4b2bf2017c9}"" instance of the ""\Microsoft\Windows\Server Manager\ServerManager"" task for user ""SCAFFOLD\Administrator""."
"9/1/2026 8:18:34 PM","129","Information","Microsoft-Windows-TaskScheduler","Task Scheduler launch task ""\Microsoft\Windows\CertificateServicesClient\UserTask"" , instance ""taskhostw.exe""  with process ID 4012."
"9/1/2026 8:18:34 PM","129","Information","Microsoft-Windows-TaskScheduler","Task Scheduler launch task ""\Microsoft\Windows\Server Manager\ServerManager"" , instance ""%windir%\system32\ServerManagerLauncher.exe""  with process ID 6136."
"9/1/2026 8:18:34 PM","119","Information","Microsoft-Windows-TaskScheduler","Task Scheduler launched ""{d69b5db4-7d44-49f9-89c3-3071ef4dcfe6}""  instance of task ""\Microsoft\Windows\CertificateServicesClient\UserTask"" due to user ""SCAFFOLD\Administrator""  logon."
"9/1/2026 8:18:34 PM","129","Information","Microsoft-Windows-TaskScheduler","Task Scheduler launch task ""\Microsoft\Windows\TextServicesFramework\MsCtfMonitor"" , instance ""taskhostw.exe""  with process ID 6128."
"9/1/2026 8:18:34 PM","119","Information","Microsoft-Windows-TaskScheduler","Task Scheduler launched ""{f0e017c9-f23c-42f0-ad8b-d60e4ccdf6c9}""  instance of task ""\Microsoft\Windows\TextServicesFramework\MsCtfMonitor"" due to user ""SCAFFOLD\Administrator""  logon."
"9/1/2026 8:18:34 PM","119","Information","Microsoft-Windows-TaskScheduler","Task Scheduler launched ""{67e635aa-f2a6-4c3d-a251-e4b2bf2017c9}""  instance of task ""\Microsoft\Windows\Server Manager\ServerManager"" due to user ""SCAFFOLD\Administrator""  logon."
"9/1/2026 8:18:15 PM","102","Information","Microsoft-Windows-TaskScheduler","Task Scheduler successfully finished ""{fa20a38b-57a7-4d1d-b077-87b5c48a3791}"" instance of the ""\Microsoft\Windows\Software Inventory Logging\Configuration"" task for user ""NT AUTHORITY\SYSTEM""."
"9/1/2026 8:18:15 PM","201","Information","Microsoft-Windows-TaskScheduler","Task Scheduler successfully completed task ""\Microsoft\Windows\Software Inventory Logging\Configuration"" , instance ""{fa20a38b-57a7-4d1d-b077-87b5c48a3791}"" , action ""%systemroot%\system32\cmd.exe"" with return code 0."
"9/1/2026 8:18:15 PM","102","Information","Microsoft-Windows-TaskScheduler","Task Scheduler successfully finished ""{e40f17e7-e099-4a84-a92e-f79580bf5cc6}"" instance of the ""\Microsoft\Windows\DirectX\DXGIAdapterCache"" task for user ""NT AUTHORITY\SYSTEM""."
"9/1/2026 8:18:15 PM","201","Information","Microsoft-Windows-TaskScheduler","Task Scheduler successfully completed task ""\Microsoft\Windows\DirectX\DXGIAdapterCache"" , instance ""{e40f17e7-e099-4a84-a92e-f79580bf5cc6}"" , action ""%windir%\system32\dxgiadaptercache.exe"" with return code 0."
"9/1/2026 8:18:15 PM","200","Information","Microsoft-Windows-TaskScheduler","Task Scheduler launched action ""%windir%\system32\dxgiadaptercache.exe"" in instance ""{e40f17e7-e099-4a84-a92e-f79580bf5cc6}"" of task ""\Microsoft\Windows\DirectX\DXGIAdapterCache""."
"9/1/2026 8:18:15 PM","100","Information","Microsoft-Windows-TaskScheduler","Task Scheduler started ""{e40f17e7-e099-4a84-a92e-f79580bf5cc6}"" instance of the ""\Microsoft\Windows\DirectX\DXGIAdapterCache"" task for user ""NT AUTHORITY\SYSTEM""."
"9/1/2026 8:18:15 PM","200","Information","Microsoft-Windows-TaskScheduler","Task Scheduler launched action ""%systemroot%\system32\cmd.exe"" in instance ""{fa20a38b-57a7-4d1d-b077-87b5c48a3791}"" of task ""\Microsoft\Windows\Software Inventory Logging\Configuration""."
"9/1/2026 8:18:15 PM","100","Information","Microsoft-Windows-TaskScheduler","Task Scheduler started ""{fa20a38b-57a7-4d1d-b077-87b5c48a3791}"" instance of the ""\Microsoft\Windows\Software Inventory Logging\Configuration"" task for user ""NT AUTHORITY\SYSTEM""."
"9/1/2026 8:18:15 PM","129","Information","Microsoft-Windows-TaskScheduler","Task Scheduler launch task ""\Microsoft\Windows\Software Inventory Logging\Configuration"" , instance ""%systemroot%\system32\cmd.exe""  with process ID 5816."
"9/1/2026 8:18:15 PM","129","Information","Microsoft-Windows-TaskScheduler","Task Scheduler launch task ""\Microsoft\Windows\DirectX\DXGIAdapterCache"" , instance ""%windir%\system32\dxgiadaptercache.exe""  with process ID 5808."
"9/1/2026 8:18:15 PM","118","Information","Microsoft-Windows-TaskScheduler","Task Scheduler launched ""{e40f17e7-e099-4a84-a92e-f79580bf5cc6}""  instance of task ""\Microsoft\Windows\DirectX\DXGIAdapterCache""  due to system startup."
"9/1/2026 8:18:15 PM","118","Information","Microsoft-Windows-TaskScheduler","Task Scheduler launched ""{fa20a38b-57a7-4d1d-b077-87b5c48a3791}""  instance of task ""\Microsoft\Windows\Software Inventory Logging\Configuration""  due to system startup."
"9/1/2026 8:17:38 PM","102","Information","Microsoft-Windows-TaskScheduler","Task Scheduler successfully finished ""{122d9aef-7c80-4be2-85bf-2be0c869eeca}"" instance of the ""\Microsoft\Windows\CertificateServicesClient\SystemTask"" task for user ""NT AUTHORITY\SYSTEM""."
"9/1/2026 8:17:38 PM","201","Information","Microsoft-Windows-TaskScheduler","Task Scheduler successfully completed task ""\Microsoft\Windows\CertificateServicesClient\SystemTask"" , instance ""{122d9aef-7c80-4be2-85bf-2be0c869eeca}"" , action ""Certificate Services Client Task Handler"" with return code 0."
"9/1/2026 8:17:36 PM","102","Information","Microsoft-Windows-TaskScheduler","Task Scheduler successfully finished ""{81fed243-b816-4d20-93c0-22cef29c7869}"" instance of the ""\Microsoft\Windows\Workplace Join\Automatic-Device-Join"" task for user ""NT AUTHORITY\SYSTEM""."
"9/1/2026 8:17:36 PM","201","Information","Microsoft-Windows-TaskScheduler","Task Scheduler successfully completed task ""\Microsoft\Windows\Workplace Join\Automatic-Device-Join"" , instance ""{81fed243-b816-4d20-93c0-22cef29c7869}"" , action ""%SystemRoot%\System32\dsregcmd.exe"" with return code 0."
"9/1/2026 8:17:25 PM","200","Information","Microsoft-Windows-TaskScheduler","Task Scheduler launched action ""Certificate Services Client Task Handler"" in instance ""{122d9aef-7c80-4be2-85bf-2be0c869eeca}"" of task ""\Microsoft\Windows\CertificateServicesClient\SystemTask""."
"9/1/2026 8:17:25 PM","100","Information","Microsoft-Windows-TaskScheduler","Task Scheduler started ""{122d9aef-7c80-4be2-85bf-2be0c869eeca}"" instance of the ""\Microsoft\Windows\CertificateServicesClient\SystemTask"" task for user ""NT AUTHORITY\SYSTEM""."
"9/1/2026 8:17:25 PM","129","Information","Microsoft-Windows-TaskScheduler","Task Scheduler launch task ""\Microsoft\Windows\CertificateServicesClient\SystemTask"" , instance ""taskhostw.exe""  with process ID 4284."
"9/1/2026 8:17:25 PM","118","Information","Microsoft-Windows-TaskScheduler","Task Scheduler launched ""{122d9aef-7c80-4be2-85bf-2be0c869eeca}""  instance of task ""\Microsoft\Windows\CertificateServicesClient\SystemTask""  due to system startup."
"9/1/2026 8:17:16 PM","110","Information","Microsoft-Windows-TaskScheduler","Task Scheduler launched ""{81fed243-b816-4d20-93c0-22cef29c7869}""  instance of task ""\Microsoft\Windows\Workplace Join\Automatic-Device-Join""  for user ""System"" ."
