"9/20/2026 4:29:19 AM","201","Information","Microsoft-Windows-TaskScheduler","Task Scheduler successfully completed task ""\Microsoft\Windows\MUI\LPRemove"" , instance ""{37e39be5-ed1b-4566-9426-19cb16af1989}"" , action ""%windir%\system32\lpremove.exe"" with return code 0."
"9/20/2026 4:29:19 AM","102","Information","Microsoft-Windows-TaskScheduler","Task Scheduler successfully finished ""{77d259ee-d855-40f1-8dd4-f3f00929b1de}"" instance of the ""\Microsoft\Windows\DiskFootprint\Diagnostics"" task for user ""NT AUTHORITY\SYSTEM""."
"9/20/2026 4:29:19 AM","201","Information","Microsoft-Windows-TaskScheduler","Task Scheduler successfully completed task ""\Microsoft\Windows\DiskFootprint\Diagnostics"" , instance ""{77d259ee-d855-40f1-8dd4-f3f00929b1de}"" , action ""%windir%\system32\disksnapshot.exe"" with return code 0."
"9/20/2026 4:29:19 AM","102","Information","Microsoft-Windows-TaskScheduler","Task Scheduler successfully finished ""{b8bedd10-1b18-4e46-8473-4d50046f38e7}"" instance of the ""\Microsoft\Windows\UpdateOrchestrator\Report policies"" task for user ""NT AUTHORITY\SYSTEM""."
"9/20/2026 4:29:19 AM","201","Information","Microsoft-Windows-TaskScheduler","Task Scheduler successfully completed task ""\Microsoft\Windows\UpdateOrchestrator\Report policies"" , instance ""{b8bedd10-1b18-4e46-8473-4d50046f38e7}"" , action ""%systemroot%\system32\usoclient.exe"" with return code 0."
"9/20/2026 4:29:19 AM","102","Information","Microsoft-Windows-TaskScheduler","Task Scheduler successfully finished ""{bedd4e13-91bd-4c11-851d-cd039c8f04f2}"" instance of the ""\Microsoft\Windows\Shell\IndexerAutomaticMaintenance"" task for user ""(NONE)""."
"9/20/2026 4:29:19 AM","201","Information","Microsoft-Windows-TaskScheduler","Task Scheduler successfully completed task ""\Microsoft\Windows\Shell\IndexerAutomaticMaintenance"" , instance ""{bedd4e13-91bd-4c11-851d-cd039c8f04f2}"" , action ""Automatic Maintenance task to enable Windows Search to make progress while in Connected Standby"" with return code 2147942401."
"9/20/2026 4:29:19 AM","102","Information","Microsoft-Windows-TaskScheduler","Task Scheduler successfully finished ""{6087e5c1-587d-4b2d-ac82-068eb517a08e}"" instance of the ""\Microsoft\Windows\ApplicationData\CleanupTemporaryState"" task for user ""NT AUTHORITY\SYSTEM""."
"9/20/2026 4:29:19 AM","201","Information","Microsoft-Windows-TaskScheduler","Task Scheduler successfully completed task ""\Microsoft\Windows\ApplicationData\CleanupTemporaryState"" , instance ""{6087e5c1-587d-4b2d-ac82-068eb517a08e}"" , action ""%windir%\system32\rundll32.exe"" with return code 0."
"9/20/2026 4:29:19 AM","103","Error","Microsoft-Windows-TaskScheduler","Task Scheduler failed to start instance ""{4bb8dc65-dc57-4186-a399-4dfb02bb50ec}"" of ""\Microsoft\Windows\DiskFootprint\StorageSense""  task for user ""NT AUTHORITY\SYSTEM"" . Additional Data: Error Value: 2147746132."
"9/20/2026 4:29:19 AM","202","Error","Microsoft-Windows-TaskScheduler","Task Scheduler failed to complete task ""\Microsoft\Windows\DiskFootprint\StorageSense"" , instance ""{4bb8dc65-dc57-4186-a399-4dfb02bb50ec}"" , action ""StorageUsage State Reporter Task Handler"" . Additional Data: Error Value: 2147746132."
"9/20/2026 4:29:18 AM","102","Information","Microsoft-Windows-TaskScheduler","Task Scheduler successfully finished ""{44c1218e-985c-4ded-8265-8b37ddcc9e31}"" instance of the ""\Microsoft\Windows\DiskDiagnostic\Microsoft-Windows-DiskDiagnosticDataCollector"" task for user ""NT AUTHORITY\SYSTEM""."
"9/20/2026 4:29:18 AM","201","Information","Microsoft-Windows-TaskScheduler","Task Scheduler successfully completed task ""\Microsoft\Windows\DiskDiagnostic\Microsoft-Windows-DiskDiagnosticDataCollector"" , instance ""{44c1218e-985c-4ded-8265-8b37ddcc9e31}"" , action ""%windir%\system32\rundll32.exe"" with return code 0."
"9/20/2026 4:29:18 AM","102","Information","Microsoft-Windows-TaskScheduler","Task Scheduler successfully finished ""{96455d6e-6dff-484a-b20c-454eb50a7513}"" instance of the ""\Microsoft\Windows\Chkdsk\ProactiveScan"" task for user ""NT AUTHORITY\SYSTEM""."
"9/20/2026 4:29:18 AM","201","Information","Microsoft-Windows-TaskScheduler","Task Scheduler successfully completed task ""\Microsoft\Windows\Chkdsk\ProactiveScan"" , instance ""{96455d6e-6dff-484a-b20c-454eb50a7513}"" , action ""Proactive Scan"" with return code 0."
"9/20/2026 4:29:18 AM","102","Information","Microsoft-Windows-TaskScheduler","Task Scheduler successfully finished ""{4bc1ccfb-f409-468e-b94d-52c9a2a54283}"" instance of the ""\Microsoft\Windows\BrokerInfrastructure\BgTaskRegistrationMaintenanceTask"" task for user ""NT AUTHORITY\SYSTEM""."
"9/20/2026 4:29:18 AM","201","Information","Microsoft-Windows-TaskScheduler","Task Scheduler successfully completed task ""\Microsoft\Windows\BrokerInfrastructure\BgTaskRegistrationMaintenanceTask"" , instance ""{4bc1ccfb-f409-468e-b94d-52c9a2a54283}"" , action """" with return code 2147942400."
"9/20/2026 4:29:18 AM","103","Error","Microsoft-Windows-TaskScheduler","Task Scheduler failed to start instance ""{1ee5633d-7387-4153-92b1-e2414f74a03e}"" of ""\Microsoft\Windows\Registry\RegIdleBackup""  task for user ""NT AUTHORITY\SYSTEM"" . Additional Data: Error Value: 2147942450."
"9/20/2026 4:29:18 AM","202","Error","Microsoft-Windows-TaskScheduler","Task Scheduler failed to complete task ""\Microsoft\Windows\Registry\RegIdleBackup"" , instance ""{1ee5633d-7387-4153-92b1-e2414f74a03e}"" , action ""RegistryIdleBackupHandler"" . Additional Data: Error Value: 2147942450."
"9/20/2026 4:29:18 AM","102","Information","Microsoft-Windows-TaskScheduler","Task Scheduler successfully finished ""{392abef7-acc8-4f9f-8d8f-20064662f8b8}"" instance of the ""\Microsoft\Windows\Customer Experience Improvement Program\UsbCeip"" task for user ""NT AUTHORITY\SYSTEM""."
"9/20/2026 4:29:18 AM","201","Information","Microsoft-Windows-TaskScheduler","Task Scheduler successfully completed task ""\Microsoft\Windows\Customer Experience Improvement Program\UsbCeip"" , instance ""{392abef7-acc8-4f9f-8d8f-20064662f8b8}"" , action ""UsbCeip"" with return code 0."
"9/20/2026 4:29:18 AM","142","Information","Microsoft-Windows-TaskScheduler","User ""System""  disabled Task Scheduler task ""\Microsoft\Windows\DiskDiagnostic\Microsoft-Windows-DiskDiagnosticDataCollector"""
"9/20/2026 4:29:18 AM","200","Information","Microsoft-Windows-TaskScheduler","Task Scheduler launched action ""%systemroot%\system32\usoclient.exe"" in instance ""{b8bedd10-1b18-4e46-8473-4d50046f38e7}"" of task ""\Microsoft\Windows\UpdateOrchestrator\Report policies""."
"9/20/2026 4:29:18 AM","100","Information","Microsoft-Windows-TaskScheduler","Task Scheduler started ""{b8bedd10-1b18-4e46-8473-4d50046f38e7}"" instance of the ""\Microsoft\Windows\UpdateOrchestrator\Report policies"" task for user ""NT AUTHORITY\SYSTEM""."
"9/20/2026 4:29:18 AM","129","Information","Microsoft-Windows-TaskScheduler","Task Scheduler launch task ""\Microsoft\Windows\UpdateOrchestrator\Report policies"" , instance ""%systemroot%\system32\usoclient.exe""  with process ID 2908."
"9/20/2026 4:29:18 AM","325","Warning","Microsoft-Windows-TaskScheduler","Task Scheduler queued instance ""{ae86cf7c-21c5-4db6-b57b-7d553856f2bf}""  of task ""\Microsoft\Windows\Power Efficiency Diagnostics\AnalyzeSystem""."
"9/20/2026 4:29:18 AM","200","Information","Microsoft-Windows-TaskScheduler","Task Scheduler launched action ""%windir%\system32\disksnapshot.exe"" in instance ""{77d259ee-d855-40f1-8dd4-f3f00929b1de}"" of task ""\Microsoft\Windows\DiskFootprint\Diagnostics""."
"9/20/2026 4:29:18 AM","100","Information","Microsoft-Windows-TaskScheduler","Task Scheduler started ""{77d259ee-d855-40f1-8dd4-f3f00929b1de}"" instance of the ""\Microsoft\Windows\DiskFootprint\Diagnostics"" task for user ""NT AUTHORITY\SYSTEM""."
"9/20/2026 4:29:18 AM","129","Information","Microsoft-Windows-TaskScheduler","Task Scheduler launch task ""\Microsoft\Windows\DiskFootprint\Diagnostics"" , instance ""%windir%\system32\disksnapshot.exe""  with process ID 3408."
"9/20/2026 4:29:18 AM","200","Information","Microsoft-Windows-TaskScheduler","Task Scheduler launched action ""%windir%\system32\compattelrunner.exe"" in instance ""{a5478681-f2fd-4d38-b84e-82a9a5533eac}"" of task ""\Microsoft\Windows\Application Experience\ProgramDataUpdater""."
"9/20/2026 4:29:18 AM","100","Information","Microsoft-Windows-TaskScheduler","Task Scheduler started ""{a5478681-f2fd-4d38-b84e-82a9a5533eac}"" instance of the ""\Microsoft\Windows\Application Experience\ProgramDataUpdater"" task for user ""NT AUTHORITY\SYSTEM""."
"9/20/2026 4:29:18 AM","129","Information","Microsoft-Windows-TaskScheduler","Task Scheduler launch task ""\Microsoft\Windows\Application Experience\ProgramDataUpdater"" , instance ""%windir%\system32\compattelrunner.exe""  with process ID 1212."
"9/20/2026 4:29:18 AM","200","Information","Microsoft-Windows-TaskScheduler","Task Scheduler launched action ""Automatic Maintenance task to enable Windows Search to make progress while in Connected Standby"" in instance ""{bedd4e13-91bd-4c11-851d-cd039c8f04f2}"" of task ""\Microsoft\Windows\Shell\IndexerAutomaticMaintenance""."
"9/20/2026 4:29:18 AM","100","Information","Microsoft-Windows-TaskScheduler","Task Scheduler started ""{bedd4e13-91bd-4c11-851d-cd039c8f04f2}"" instance of the ""\Microsoft\Windows\Shell\IndexerAutomaticMaintenance"" task for user ""(NONE)""."
"9/20/2026 4:29:18 AM","129","Information","Microsoft-Windows-TaskScheduler","Task Scheduler launch task ""\Microsoft\Windows\Shell\IndexerAutomaticMaintenance"" , instance ""taskhostw.exe""  with process ID 1508."
"9/20/2026 4:29:18 AM","200","Information","Microsoft-Windows-TaskScheduler","Task Scheduler launched action ""Proactive Scan"" in instance ""{96455d6e-6dff-484a-b20c-454eb50a7513}"" of task ""\Microsoft\Windows\Chkdsk\ProactiveScan""."
"9/20/2026 4:29:18 AM","100","Information","Microsoft-Windows-TaskScheduler","Task Scheduler started ""{96455d6e-6dff-484a-b20c-454eb50a7513}"" instance of the ""\Microsoft\Windows\Chkdsk\ProactiveScan"" task for user ""NT AUTHORITY\SYSTEM""."
"9/20/2026 4:29:18 AM","103","Error","Microsoft-Windows-TaskScheduler","Task Scheduler failed to start instance ""{5cf07518-f6c8-49df-84ec-26e5a3247ad1}"" of ""\Microsoft\Windows\Servicing\StartComponentCleanup""  task for user ""NT AUTHORITY\SYSTEM"" . Additional Data: Error Value: 2147943458."
"9/20/2026 4:29:18 AM","202","Error","Microsoft-Windows-TaskScheduler","Task Scheduler failed to complete task ""\Microsoft\Windows\Servicing\StartComponentCleanup"" , instance ""{5cf07518-f6c8-49df-84ec-26e5a3247ad1}"" , action ""Component Based Servicing Session"" . Additional Data: Error Value: 2147943458."
"9/20/2026 4:29:18 AM","200","Information","Microsoft-Windows-TaskScheduler","Task Scheduler launched action ""%windir%\system32\sc.exe"" in instance ""{9b8ca420-442e-4e9d-bbd8-8f9dc605a4af}"" of task ""\Microsoft\Windows\Time Synchronization\SynchronizeTime""."
"9/20/2026 4:29:18 AM","100","Information","Microsoft-Windows-TaskScheduler","Task Scheduler started ""{9b8ca420-442e-4e9d-bbd8-8f9dc605a4af}"" instance of the ""\Microsoft\Windows\Time Synchronization\SynchronizeTime"" task for user ""(NONE)""."
"9/20/2026 4:29:18 AM","129","Information","Microsoft-Windows-TaskScheduler","Task Scheduler launch task ""\Microsoft\Windows\Time Synchronization\SynchronizeTime"" , instance ""%windir%\system32\sc.exe""  with process ID 1032."
"9/20/2026 4:29:18 AM","200","Information","Microsoft-Windows-TaskScheduler","Task Scheduler launched action ""%windir%\system32\dstokenclean.exe"" in instance ""{4b90dac4-0011-4b92-a59c-05d8308b9f61}"" of task ""\Microsoft\Windows\ApplicationData\DsSvcCleanup""."
"9/20/2026 4:29:18 AM","100","Information","Microsoft-Windows-TaskScheduler","Task Scheduler started ""{4b90dac4-0011-4b92-a59c-05d8308b9f61}"" instance of the ""\Microsoft\Windows\ApplicationData\DsSvcCleanup"" task for user ""NT AUTHORITY\SYSTEM""."
"9/20/2026 4:29:18 AM","129","Information","Microsoft-Windows-TaskScheduler","Task Scheduler launch task ""\Microsoft\Windows\ApplicationData\DsSvcCleanup"" , instance ""%windir%\system32\dstokenclean.exe""  with process ID 1840."
"9/20/2026 4:29:18 AM","200","Information","Microsoft-Windows-TaskScheduler","Task Scheduler launched action ""%windir%\system32\lpremove.exe"" in instance ""{37e39be5-ed1b-4566-9426-19cb16af1989}"" of task ""\Microsoft\Windows\MUI\LPRemove""."
"9/20/2026 4:29:18 AM","100","Information","Microsoft-Windows-TaskScheduler","Task Scheduler started ""{37e39be5-ed1b-4566-9426-19cb16af1989}"" instance of the ""\Microsoft\Windows\MUI\LPRemove"" task for user ""NT AUTHORITY\SYSTEM""."
"9/20/2026 4:29:18 AM","129","Information","Microsoft-Windows-TaskScheduler","Task Scheduler launch task ""\Microsoft\Windows\MUI\LPRemove"" , instance ""%windir%\system32\lpremove.exe""  with process ID 2052."
"9/20/2026 4:29:18 AM","200","Information","Microsoft-Windows-TaskScheduler","Task Scheduler launched action ""Component Based Servicing Session"" in instance ""{5cf07518-f6c8-49df-84ec-26e5a3247ad1}"" of task ""\Microsoft\Windows\Servicing\StartComponentCleanup""."
"9/20/2026 4:29:18 AM","100","Information","Microsoft-Windows-TaskScheduler","Task Scheduler started ""{5cf07518-f6c8-49df-84ec-26e5a3247ad1}"" instance of the ""\Microsoft\Windows\Servicing\StartComponentCleanup"" task for user ""NT AUTHORITY\SYSTEM""."
"9/20/2026 4:29:18 AM","200","Information","Microsoft-Windows-TaskScheduler","Task Scheduler launched action ""%windir%\system32\defrag.exe"" in instance ""{b0fb3dc0-ee7e-436b-b354-71c3986a5eb0}"" of task ""\Microsoft\Windows\Defrag\ScheduledDefrag""."
"9/20/2026 4:29:18 AM","100","Information","Microsoft-Windows-TaskScheduler","Task Scheduler started ""{b0fb3dc0-ee7e-436b-b354-71c3986a5eb0}"" instance of the ""\Microsoft\Windows\Defrag\ScheduledDefrag"" task for user ""NT AUTHORITY\SYSTEM""."
"9/20/2026 4:29:18 AM","129","Information","Microsoft-Windows-TaskScheduler","Task Scheduler launch task ""\Microsoft\Windows\Defrag\ScheduledDefrag"" , instance ""%windir%\system32\defrag.exe""  with process ID 924."
"9/20/2026 4:29:18 AM","200","Information","Microsoft-Windows-TaskScheduler","Task Scheduler launched action ""%windir%\system32\rundll32.exe"" in instance ""{49723e8c-98a7-4eb1-ace9-0f484bb5ae4f}"" of task ""\Microsoft\Windows\StateRepository\MaintenanceTasks""."
"9/20/2026 4:29:18 AM","100","Information","Microsoft-Windows-TaskScheduler","Task Scheduler started ""{49723e8c-98a7-4eb1-ace9-0f484bb5ae4f}"" instance of the ""\Microsoft\Windows\StateRepository\MaintenanceTasks"" task for user ""NT AUTHORITY\SYSTEM""."
"9/20/2026 4:29:18 AM","129","Information","Microsoft-Windows-TaskScheduler","Task Scheduler launch task ""\Microsoft\Windows\StateRepository\MaintenanceTasks"" , instance ""%windir%\system32\rundll32.exe""  with process ID 436."
"9/20/2026 4:29:18 AM","200","Information","Microsoft-Windows-TaskScheduler","Task Scheduler launched action ""StorageUsage State Reporter Task Handler"" in instance ""{4bb8dc65-dc57-4186-a399-4dfb02bb50ec}"" of task ""\Microsoft\Windows\DiskFootprint\StorageSense""."
"9/20/2026 4:29:18 AM","100","Information","Microsoft-Windows-TaskScheduler","Task Scheduler started ""{4bb8dc65-dc57-4186-a399-4dfb02bb50ec}"" instance of the ""\Microsoft\Windows\DiskFootprint\StorageSense"" task for user ""NT AUTHORITY\SYSTEM""."
"9/20/2026 4:29:18 AM","200","Information","Microsoft-Windows-TaskScheduler","Task Scheduler launched action ""%windir%\system32\rundll32.exe"" in instance ""{6087e5c1-587d-4b2d-ac82-068eb517a08e}"" of task ""\Microsoft\Windows\ApplicationData\CleanupTemporaryState""."
"9/20/2026 4:29:18 AM","100","Information","Microsoft-Windows-TaskScheduler","Task Scheduler started ""{6087e5c1-587d-4b2d-ac82-068eb517a08e}"" instance of the ""\Microsoft\Windows\ApplicationData\CleanupTemporaryState"" task for user ""NT AUTHORITY\SYSTEM""."
"9/20/2026 4:29:18 AM","129","Information","Microsoft-Windows-TaskScheduler","Task Scheduler launch task ""\Microsoft\Windows\ApplicationData\CleanupTemporaryState"" , instance ""%windir%\system32\rundll32.exe""  with process ID 5560."
"9/20/2026 4:29:18 AM","200","Information","Microsoft-Windows-TaskScheduler","Task Scheduler launched action ""%windir%\system32\tzsync.exe"" in instance ""{b9c28ad6-f625-48d1-b6df-ef167a6db58e}"" of task ""\Microsoft\Windows\Time Zone\SynchronizeTimeZone""."
"9/20/2026 4:29:18 AM","100","Information","Microsoft-Windows-TaskScheduler","Task Scheduler started ""{b9c28ad6-f625-48d1-b6df-ef167a6db58e}"" instance of the ""\Microsoft\Windows\Time Zone\SynchronizeTimeZone"" task for user ""NT AUTHORITY\SYSTEM""."
"9/20/2026 4:29:18 AM","129","Information","Microsoft-Windows-TaskScheduler","Task Scheduler launch task ""\Microsoft\Windows\Time Zone\SynchronizeTimeZone"" , instance ""%windir%\system32\tzsync.exe""  with process ID 2304."
"9/20/2026 4:29:18 AM","200","Information","Microsoft-Windows-TaskScheduler","Task Scheduler launched action ""UsbCeip"" in instance ""{392abef7-acc8-4f9f-8d8f-20064662f8b8}"" of task ""\Microsoft\Windows\Customer Experience Improvement Program\UsbCeip""."
"9/20/2026 4:29:18 AM","100","Information","Microsoft-Windows-TaskScheduler","Task Scheduler started ""{392abef7-acc8-4f9f-8d8f-20064662f8b8}"" instance of the ""\Microsoft\Windows\Customer Experience Improvement Program\UsbCeip"" task for user ""NT AUTHORITY\SYSTEM""."
"9/20/2026 4:29:18 AM","200","Information","Microsoft-Windows-TaskScheduler","Task Scheduler launched action """" in instance ""{4bc1ccfb-f409-468e-b94d-52c9a2a54283}"" of task ""\Microsoft\Windows\BrokerInfrastructure\BgTaskRegistrationMaintenanceTask""."
"9/20/2026 4:29:18 AM","100","Information","Microsoft-Windows-TaskScheduler","Task Scheduler started ""{4bc1ccfb-f409-468e-b94d-52c9a2a54283}"" instance of the ""\Microsoft\Windows\BrokerInfrastructure\BgTaskRegistrationMaintenanceTask"" task for user ""NT AUTHORITY\SYSTEM""."
"9/20/2026 4:29:18 AM","200","Information","Microsoft-Windows-TaskScheduler","Task Scheduler launched action ""%windir%\system32\rundll32.exe"" in instance ""{44c1218e-985c-4ded-8265-8b37ddcc9e31}"" of task ""\Microsoft\Windows\DiskDiagnostic\Microsoft-Windows-DiskDiagnosticDataCollector""."
"9/20/2026 4:29:18 AM","100","Information","Microsoft-Windows-TaskScheduler","Task Scheduler started ""{44c1218e-985c-4ded-8265-8b37ddcc9e31}"" instance of the ""\Microsoft\Windows\DiskDiagnostic\Microsoft-Windows-DiskDiagnosticDataCollector"" task for user ""NT AUTHORITY\SYSTEM""."
"9/20/2026 4:29:18 AM","129","Information","Microsoft-Windows-TaskScheduler","Task Scheduler launch task ""\Microsoft\Windows\DiskDiagnostic\Microsoft-Windows-DiskDiagnosticDataCollector"" , instance ""%windir%\system32\rundll32.exe""  with process ID 2436."
"9/20/2026 4:29:18 AM","200","Information","Microsoft-Windows-TaskScheduler","Task Scheduler launched action ""RegistryIdleBackupHandler"" in instance ""{1ee5633d-7387-4153-92b1-e2414f74a03e}"" of task ""\Microsoft\Windows\Registry\RegIdleBackup""."
"9/20/2026 4:29:18 AM","100","Information","Microsoft-Windows-TaskScheduler","Task Scheduler started ""{1ee5633d-7387-4153-92b1-e2414f74a03e}"" instance of the ""\Microsoft\Windows\Registry\RegIdleBackup"" task for user ""NT AUTHORITY\SYSTEM""."
"9/20/2026 4:29:18 AM","129","Information","Microsoft-Windows-TaskScheduler","Task Scheduler launch task ""\Microsoft\Windows\Registry\RegIdleBackup"" , instance ""taskhostw.exe""  with process ID 3660."
"9/20/2026 4:29:17 AM","102","Information","Microsoft-Windows-TaskScheduler","Task Scheduler successfully finished ""{232bc608-832c-4a99-a79a-b82a0db7015a}"" instance of the ""\Microsoft\Windows\Speech\SpeechModelDownloadTask"" task for user ""(NONE)""."
"9/20/2026 4:29:17 AM","201","Information","Microsoft-Windows-TaskScheduler","Task Scheduler successfully completed task ""\Microsoft\Windows\Speech\SpeechModelDownloadTask"" , instance ""{232bc608-832c-4a99-a79a-b82a0db7015a}"" , action ""%windir%\system32\speech_onecore\common\SpeechModelDownload.exe"" with return code 0."
"9/20/2026 4:29:17 AM","200","Information","Microsoft-Windows-TaskScheduler","Task Scheduler launched action ""%windir%\system32\speech_onecore\common\SpeechModelDownload.exe"" in instance ""{232bc608-832c-4a99-a79a-b82a0db7015a}"" of task ""\Microsoft\Windows\Speech\SpeechModelDownloadTask""."
"9/20/2026 4:29:17 AM","100","Information","Microsoft-Windows-TaskScheduler","Task Scheduler started ""{232bc608-832c-4a99-a79a-b82a0db7015a}"" instance of the ""\Microsoft\Windows\Speech\SpeechModelDownloadTask"" task for user ""(NONE)""."
"9/20/2026 4:29:17 AM","129","Information","Microsoft-Windows-TaskScheduler","Task Scheduler launch task ""\Microsoft\Windows\Speech\SpeechModelDownloadTask"" , instance ""%windir%\system32\speech_onecore\common\SpeechModelDownload.exe""  with process ID 2468."
"9/20/2026 4:29:17 AM","114","Warning","Microsoft-Windows-TaskScheduler","Task Scheduler could not launch task ""\Microsoft\Windows\Speech\SpeechModelDownloadTask""  as scheduled. Instance ""{232bc608-832c-4a99-a79a-b82a0db7015a}""  is started now as required by the configuration option to start the task when available, if schedule is missed."
"9/20/2026 4:28:54 AM","140","Information","Microsoft-Windows-TaskScheduler","User ""SCAFFOLD\DC$""  updated Task Scheduler task ""\Microsoft\Windows\SoftwareProtectionPlatform\SvcRestartTask"""
"9/20/2026 4:28:43 AM","102","Information","Microsoft-Windows-TaskScheduler","Task Scheduler successfully finished ""{2427afa9-36db-4258-810b-fb9672356f66}"" instance of the ""\Scaffold\ScaffoldDeployEngine"" task for user ""NT AUTHORITY\SYSTEM""."
"9/20/2026 4:28:43 AM","201","Information","Microsoft-Windows-TaskScheduler","Task Scheduler successfully completed task ""\Scaffold\ScaffoldDeployEngine"" , instance ""{2427afa9-36db-4258-810b-fb9672356f66}"" , action ""powershell.exe"" with return code 0."
"9/20/2026 4:28:41 AM","200","Information","Microsoft-Windows-TaskScheduler","Task Scheduler launched action ""powershell.exe"" in instance ""{2427afa9-36db-4258-810b-fb9672356f66}"" of task ""\Scaffold\ScaffoldDeployEngine""."
"9/20/2026 4:28:41 AM","100","Information","Microsoft-Windows-TaskScheduler","Task Scheduler started ""{2427afa9-36db-4258-810b-fb9672356f66}"" instance of the ""\Scaffold\ScaffoldDeployEngine"" task for user ""NT AUTHORITY\SYSTEM""."
"9/20/2026 4:28:41 AM","129","Information","Microsoft-Windows-TaskScheduler","Task Scheduler launch task ""\Scaffold\ScaffoldDeployEngine"" , instance ""powershell.exe""  with process ID 1828."
"9/20/2026 4:28:41 AM","107","Information","Microsoft-Windows-TaskScheduler","Task Scheduler launched ""{2427afa9-36db-4258-810b-fb9672356f66}""  instance of task ""\Scaffold\ScaffoldDeployEngine"" due to a time trigger condition."
"9/20/2026 4:28:25 AM","102","Information","Microsoft-Windows-TaskScheduler","Task Scheduler successfully finished ""{96052958-fde0-46d5-ac25-a5a1d81c3977}"" instance of the ""\Microsoft\Windows\Device Information\Device"" task for user ""NT AUTHORITY\SYSTEM""."
"9/20/2026 4:28:25 AM","201","Information","Microsoft-Windows-TaskScheduler","Task Scheduler successfully completed task ""\Microsoft\Windows\Device Information\Device"" , instance ""{96052958-fde0-46d5-ac25-a5a1d81c3977}"" , action ""%windir%\system32\devicecensus.exe"" with return code 0."
"9/20/2026 4:28:25 AM","140","Information","Microsoft-Windows-TaskScheduler","User ""SCAFFOLD\DC$""  updated Task Scheduler task ""\Microsoft\Windows\Device Information\Device"""
"9/20/2026 4:28:25 AM","140","Information","Microsoft-Windows-TaskScheduler","User ""SCAFFOLD\DC$""  updated Task Scheduler task ""\Microsoft\Windows\Device Information\Device"""
"9/20/2026 4:28:18 AM","103","Error","Microsoft-Windows-TaskScheduler","Task Scheduler failed to start instance ""{3f9788d8-d317-44ba-a20c-97475038e20a}"" of ""\Microsoft\Windows\Flighting\OneSettings\RefreshCache""  task for user ""NT AUTHORITY\SYSTEM"" . Additional Data: Error Value: 2147954407."
"9/20/2026 4:28:18 AM","202","Error","Microsoft-Windows-TaskScheduler","Task Scheduler failed to complete task ""\Microsoft\Windows\Flighting\OneSettings\RefreshCache"" , instance ""{3f9788d8-d317-44ba-a20c-97475038e20a}"" , action ""OneSettings Refresh Cache Task Handler"" . Additional Data: Error Value: 2147954407."
"9/20/2026 4:28:18 AM","102","Information","Microsoft-Windows-TaskScheduler","Task Scheduler successfully finished ""{fdcaa49d-b018-483d-800f-f76c4ddc8a9f}"" instance of the ""\Microsoft\Windows\Application Experience\PcaPatchDbTask"" task for user ""NT AUTHORITY\SYSTEM""."
"9/20/2026 4:28:18 AM","201","Information","Microsoft-Windows-TaskScheduler","Task Scheduler successfully completed task ""\Microsoft\Windows\Application Experience\PcaPatchDbTask"" , instance ""{fdcaa49d-b018-483d-800f-f76c4ddc8a9f}"" , action ""%windir%\system32\rundll32.exe"" with return code 0."
"9/20/2026 4:28:10 AM","102","Information","Microsoft-Windows-TaskScheduler","Task Scheduler successfully finished ""{3841a940-b04e-4557-bff0-0bf2cbfb45d8}"" instance of the ""\Microsoft\Windows\UpdateOrchestrator\USO_UxBroker"" task for user ""NT AUTHORITY\SYSTEM""."
"9/20/2026 4:28:10 AM","201","Information","Microsoft-Windows-TaskScheduler","Task Scheduler successfully completed task ""\Microsoft\Windows\UpdateOrchestrator\USO_UxBroker"" , instance ""{3841a940-b04e-4557-bff0-0bf2cbfb45d8}"" , action ""%systemroot%\system32\MusNotification.exe"" with return code 2147943458."
"9/20/2026 4:28:09 AM","102","Information","Microsoft-Windows-TaskScheduler","Task Scheduler successfully finished ""{f4b0b32d-6b05-42d9-8ffd-da91ae4f514a}"" instance of the ""\Microsoft\Windows\Data Integrity Scan\Data Integrity Check And Scan"" task for user ""NT AUTHORITY\SYSTEM""."
"9/20/2026 4:28:09 AM","201","Information","Microsoft-Windows-TaskScheduler","Task Scheduler successfully completed task ""\Microsoft\Windows\Data Integrity Scan\Data Integrity Check And Scan"" , instance ""{f4b0b32d-6b05-42d9-8ffd-da91ae4f514a}"" , action ""Data Integrity Scan"" with return code 0."
"9/20/2026 4:28:09 AM","140","Information","Microsoft-Windows-TaskScheduler","User ""SCAFFOLD\DC$""  updated Task Scheduler task ""\Microsoft\Windows\Data Integrity Scan\Data Integrity Check And Scan"""
"9/20/2026 4:28:09 AM","140","Information","Microsoft-Windows-TaskScheduler","User ""SCAFFOLD\DC$""  updated Task Scheduler task ""\Microsoft\Windows\Data Integrity Scan\Data Integrity Check And Scan"""
"9/20/2026 4:28:09 AM","102","Information","Microsoft-Windows-TaskScheduler","Task Scheduler successfully finished ""{ec25e35d-60e2-4b57-a629-05a83e4742fc}"" instance of the ""\Microsoft\Windows\UpdateOrchestrator\Schedule Scan"" task for user ""NT AUTHORITY\SYSTEM""."
"9/20/2026 4:28:09 AM","201","Information","Microsoft-Windows-TaskScheduler","Task Scheduler successfully completed task ""\Microsoft\Windows\UpdateOrchestrator\Schedule Scan"" , instance ""{ec25e35d-60e2-4b57-a629-05a83e4742fc}"" , action ""%systemroot%\system32\usoclient.exe"" with return code 0."
"9/20/2026 4:28:09 AM","102","Information","Microsoft-Windows-TaskScheduler","Task Scheduler successfully finished ""{ccd4571f-fd0f-49d8-8ad2-bb8f74d4a8aa}"" instance of the ""\Microsoft\Windows\Windows Error Reporting\QueueReporting"" task for user ""NT AUTHORITY\SYSTEM""."
"9/20/2026 4:28:09 AM","201","Information","Microsoft-Windows-TaskScheduler","Task Scheduler successfully completed task ""\Microsoft\Windows\Windows Error Reporting\QueueReporting"" , instance ""{ccd4571f-fd0f-49d8-8ad2-bb8f74d4a8aa}"" , action ""%windir%\system32\wermgr.exe"" with return code 0."
"9/20/2026 4:28:09 AM","102","Information","Microsoft-Windows-TaskScheduler","Task Scheduler successfully finished ""{a1c43f43-87f5-4031-8028-224ca294084d}"" instance of the ""\Microsoft\Windows\Customer Experience Improvement Program\Consolidator"" task for user ""NT AUTHORITY\SYSTEM""."
"9/20/2026 4:28:09 AM","201","Information","Microsoft-Windows-TaskScheduler","Task Scheduler successfully completed task ""\Microsoft\Windows\Customer Experience Improvement Program\Consolidator"" , instance ""{a1c43f43-87f5-4031-8028-224ca294084d}"" , action ""%SystemRoot%\System32\wsqmcons.exe"" with return code 0."
"9/20/2026 4:28:09 AM","200","Information","Microsoft-Windows-TaskScheduler","Task Scheduler launched action ""%windir%\system32\compattelrunner.exe"" in instance ""{f7eeec4d-910b-4d3a-97bc-a131f989401f}"" of task ""\Microsoft\Windows\Application Experience\Microsoft Compatibility Appraiser""."
"9/20/2026 4:28:09 AM","100","Information","Microsoft-Windows-TaskScheduler","Task Scheduler started ""{f7eeec4d-910b-4d3a-97bc-a131f989401f}"" instance of the ""\Microsoft\Windows\Application Experience\Microsoft Compatibility Appraiser"" task for user ""NT AUTHORITY\SYSTEM""."
"9/20/2026 4:28:09 AM","129","Information","Microsoft-Windows-TaskScheduler","Task Scheduler launch task ""\Microsoft\Windows\Application Experience\Microsoft Compatibility Appraiser"" , instance ""%windir%\system32\compattelrunner.exe""  with process ID 6112."
"9/20/2026 4:28:09 AM","200","Information","Microsoft-Windows-TaskScheduler","Task Scheduler launched action ""%windir%\system32\rundll32.exe"" in instance ""{fdcaa49d-b018-483d-800f-f76c4ddc8a9f}"" of task ""\Microsoft\Windows\Application Experience\PcaPatchDbTask""."
"9/20/2026 4:28:09 AM","100","Information","Microsoft-Windows-TaskScheduler","Task Scheduler started ""{fdcaa49d-b018-483d-800f-f76c4ddc8a9f}"" instance of the ""\Microsoft\Windows\Application Experience\PcaPatchDbTask"" task for user ""NT AUTHORITY\SYSTEM""."
"9/20/2026 4:28:09 AM","200","Information","Microsoft-Windows-TaskScheduler","Task Scheduler launched action ""%systemroot%\system32\MusNotification.exe"" in instance ""{3841a940-b04e-4557-bff0-0bf2cbfb45d8}"" of task ""\Microsoft\Windows\UpdateOrchestrator\USO_UxBroker""."
"9/20/2026 4:28:09 AM","100","Information","Microsoft-Windows-TaskScheduler","Task Scheduler started ""{3841a940-b04e-4557-bff0-0bf2cbfb45d8}"" instance of the ""\Microsoft\Windows\UpdateOrchestrator\USO_UxBroker"" task for user ""NT AUTHORITY\SYSTEM""."
"9/20/2026 4:28:09 AM","129","Information","Microsoft-Windows-TaskScheduler","Task Scheduler launch task ""\Microsoft\Windows\Application Experience\PcaPatchDbTask"" , instance ""%windir%\system32\rundll32.exe""  with process ID 5904."
"9/20/2026 4:28:09 AM","129","Information","Microsoft-Windows-TaskScheduler","Task Scheduler launch task ""\Microsoft\Windows\UpdateOrchestrator\USO_UxBroker"" , instance ""%systemroot%\system32\MusNotification.exe""  with process ID 4684."
"9/20/2026 4:28:09 AM","114","Warning","Microsoft-Windows-TaskScheduler","Task Scheduler could not launch task ""\Microsoft\Windows\Application Experience\PcaPatchDbTask""  as scheduled. Instance ""{fdcaa49d-b018-483d-800f-f76c4ddc8a9f}""  is started now as required by the configuration option to start the task when available, if schedule is missed."
"9/20/2026 4:28:09 AM","200","Information","Microsoft-Windows-TaskScheduler","Task Scheduler launched action ""OneSettings Refresh Cache Task Handler"" in instance ""{3f9788d8-d317-44ba-a20c-97475038e20a}"" of task ""\Microsoft\Windows\Flighting\OneSettings\RefreshCache""."
"9/20/2026 4:28:09 AM","100","Information","Microsoft-Windows-TaskScheduler","Task Scheduler started ""{3f9788d8-d317-44ba-a20c-97475038e20a}"" instance of the ""\Microsoft\Windows\Flighting\OneSettings\RefreshCache"" task for user ""NT AUTHORITY\SYSTEM""."
"9/20/2026 4:28:09 AM","114","Warning","Microsoft-Windows-TaskScheduler","Task Scheduler could not launch task ""\Microsoft\Windows\Flighting\OneSettings\RefreshCache""  as scheduled. Instance ""{3f9788d8-d317-44ba-a20c-97475038e20a}""  is started now as required by the configuration option to start the task when available, if schedule is missed."
"9/20/2026 4:28:09 AM","114","Warning","Microsoft-Windows-TaskScheduler","Task Scheduler could not launch task ""\Microsoft\Windows\Application Experience\Microsoft Compatibility Appraiser""  as scheduled. Instance ""{f7eeec4d-910b-4d3a-97bc-a131f989401f}""  is started now as required by the configuration option to start the task when available, if schedule is missed."
"9/20/2026 4:28:09 AM","200","Information","Microsoft-Windows-TaskScheduler","Task Scheduler launched action ""%windir%\system32\devicecensus.exe"" in instance ""{96052958-fde0-46d5-ac25-a5a1d81c3977}"" of task ""\Microsoft\Windows\Device Information\Device""."
"9/20/2026 4:28:09 AM","100","Information","Microsoft-Windows-TaskScheduler","Task Scheduler started ""{96052958-fde0-46d5-ac25-a5a1d81c3977}"" instance of the ""\Microsoft\Windows\Device Information\Device"" task for user ""NT AUTHORITY\SYSTEM""."
"9/20/2026 4:28:09 AM","129","Information","Microsoft-Windows-TaskScheduler","Task Scheduler launch task ""\Microsoft\Windows\Device Information\Device"" , instance ""%windir%\system32\devicecensus.exe""  with process ID 5736."
"9/20/2026 4:28:09 AM","114","Warning","Microsoft-Windows-TaskScheduler","Task Scheduler could not launch task ""\Microsoft\Windows\Device Information\Device""  as scheduled. Instance ""{96052958-fde0-46d5-ac25-a5a1d81c3977}""  is started now as required by the configuration option to start the task when available, if schedule is missed."
"9/20/2026 4:28:09 AM","200","Information","Microsoft-Windows-TaskScheduler","Task Scheduler launched action ""%SystemRoot%\System32\wsqmcons.exe"" in instance ""{a1c43f43-87f5-4031-8028-224ca294084d}"" of task ""\Microsoft\Windows\Customer Experience Improvement Program\Consolidator""."
"9/20/2026 4:28:09 AM","100","Information","Microsoft-Windows-TaskScheduler","Task Scheduler started ""{a1c43f43-87f5-4031-8028-224ca294084d}"" instance of the ""\Microsoft\Windows\Customer Experience Improvement Program\Consolidator"" task for user ""NT AUTHORITY\SYSTEM""."
"9/20/2026 4:28:09 AM","129","Information","Microsoft-Windows-TaskScheduler","Task Scheduler launch task ""\Microsoft\Windows\Customer Experience Improvement Program\Consolidator"" , instance ""%SystemRoot%\System32\wsqmcons.exe""  with process ID 5212."
"9/20/2026 4:28:09 AM","114","Warning","Microsoft-Windows-TaskScheduler","Task Scheduler could not launch task ""\Microsoft\Windows\UpdateOrchestrator\USO_UxBroker""  as scheduled. Instance ""{3841a940-b04e-4557-bff0-0bf2cbfb45d8}""  is started now as required by the configuration option to start the task when available, if schedule is missed."
"9/20/2026 4:28:09 AM","200","Information","Microsoft-Windows-TaskScheduler","Task Scheduler launched action ""%systemroot%\system32\usoclient.exe"" in instance ""{ec25e35d-60e2-4b57-a629-05a83e4742fc}"" of task ""\Microsoft\Windows\UpdateOrchestrator\Schedule Scan""."
"9/20/2026 4:28:09 AM","100","Information","Microsoft-Windows-TaskScheduler","Task Scheduler started ""{ec25e35d-60e2-4b57-a629-05a83e4742fc}"" instance of the ""\Microsoft\Windows\UpdateOrchestrator\Schedule Scan"" task for user ""NT AUTHORITY\SYSTEM""."
"9/20/2026 4:28:09 AM","129","Information","Microsoft-Windows-TaskScheduler","Task Scheduler launch task ""\Microsoft\Windows\UpdateOrchestrator\Schedule Scan"" , instance ""%systemroot%\system32\usoclient.exe""  with process ID 1784."
"9/20/2026 4:28:09 AM","114","Warning","Microsoft-Windows-TaskScheduler","Task Scheduler could not launch task ""\Microsoft\Windows\Customer Experience Improvement Program\Consolidator""  as scheduled. Instance ""{a1c43f43-87f5-4031-8028-224ca294084d}""  is started now as required by the configuration option to start the task when available, if schedule is missed."
"9/20/2026 4:28:09 AM","114","Warning","Microsoft-Windows-TaskScheduler","Task Scheduler could not launch task ""\Microsoft\Windows\UpdateOrchestrator\Schedule Scan""  as scheduled. Instance ""{ec25e35d-60e2-4b57-a629-05a83e4742fc}""  is started now as required by the configuration option to start the task when available, if schedule is missed."
"9/20/2026 4:28:09 AM","200","Information","Microsoft-Windows-TaskScheduler","Task Scheduler launched action ""Data Integrity Scan"" in instance ""{f4b0b32d-6b05-42d9-8ffd-da91ae4f514a}"" of task ""\Microsoft\Windows\Data Integrity Scan\Data Integrity Check And Scan""."
"9/20/2026 4:28:09 AM","100","Information","Microsoft-Windows-TaskScheduler","Task Scheduler started ""{f4b0b32d-6b05-42d9-8ffd-da91ae4f514a}"" instance of the ""\Microsoft\Windows\Data Integrity Scan\Data Integrity Check And Scan"" task for user ""NT AUTHORITY\SYSTEM""."
"9/20/2026 4:28:09 AM","200","Information","Microsoft-Windows-TaskScheduler","Task Scheduler launched action ""%windir%\system32\wermgr.exe"" in instance ""{ccd4571f-fd0f-49d8-8ad2-bb8f74d4a8aa}"" of task ""\Microsoft\Windows\Windows Error Reporting\QueueReporting""."
"9/20/2026 4:28:09 AM","100","Information","Microsoft-Windows-TaskScheduler","Task Scheduler started ""{ccd4571f-fd0f-49d8-8ad2-bb8f74d4a8aa}"" instance of the ""\Microsoft\Windows\Windows Error Reporting\QueueReporting"" task for user ""NT AUTHORITY\SYSTEM""."
"9/20/2026 4:28:09 AM","129","Information","Microsoft-Windows-TaskScheduler","Task Scheduler launch task ""\Microsoft\Windows\Windows Error Reporting\QueueReporting"" , instance ""%windir%\system32\wermgr.exe""  with process ID 4104."
"9/20/2026 4:28:09 AM","129","Information","Microsoft-Windows-TaskScheduler","Task Scheduler launch task ""\Microsoft\Windows\Data Integrity Scan\Data Integrity Check And Scan"" , instance ""taskhostw.exe""  with process ID 4388."
"9/20/2026 4:28:09 AM","114","Warning","Microsoft-Windows-TaskScheduler","Task Scheduler could not launch task ""\Microsoft\Windows\Data Integrity Scan\Data Integrity Check And Scan""  as scheduled. Instance ""{f4b0b32d-6b05-42d9-8ffd-da91ae4f514a}""  is started now as required by the configuration option to start the task when available, if schedule is missed."
"9/20/2026 4:28:09 AM","114","Warning","Microsoft-Windows-TaskScheduler","Task Scheduler could not launch task ""\Microsoft\Windows\Windows Error Reporting\QueueReporting""  as scheduled. Instance ""{ccd4571f-fd0f-49d8-8ad2-bb8f74d4a8aa}""  is started now as required by the configuration option to start the task when available, if schedule is missed."
"9/20/2026 4:26:43 AM","102","Information","Microsoft-Windows-TaskScheduler","Task Scheduler successfully finished ""{a42a797c-4a30-4779-8ba8-4f883433ad90}"" instance of the ""\Scaffold\ScaffoldDeployEngine"" task for user ""NT AUTHORITY\SYSTEM""."
"9/20/2026 4:26:43 AM","201","Information","Microsoft-Windows-TaskScheduler","Task Scheduler successfully completed task ""\Scaffold\ScaffoldDeployEngine"" , instance ""{a42a797c-4a30-4779-8ba8-4f883433ad90}"" , action ""powershell.exe"" with return code 0."
"9/20/2026 4:26:41 AM","200","Information","Microsoft-Windows-TaskScheduler","Task Scheduler launched action ""powershell.exe"" in instance ""{a42a797c-4a30-4779-8ba8-4f883433ad90}"" of task ""\Scaffold\ScaffoldDeployEngine""."
"9/20/2026 4:26:41 AM","100","Information","Microsoft-Windows-TaskScheduler","Task Scheduler started ""{a42a797c-4a30-4779-8ba8-4f883433ad90}"" instance of the ""\Scaffold\ScaffoldDeployEngine"" task for user ""NT AUTHORITY\SYSTEM""."
"9/20/2026 4:26:41 AM","129","Information","Microsoft-Windows-TaskScheduler","Task Scheduler launch task ""\Scaffold\ScaffoldDeployEngine"" , instance ""powershell.exe""  with process ID 5900."
"9/20/2026 4:26:41 AM","107","Information","Microsoft-Windows-TaskScheduler","Task Scheduler launched ""{a42a797c-4a30-4779-8ba8-4f883433ad90}""  instance of task ""\Scaffold\ScaffoldDeployEngine"" due to a time trigger condition."
"9/20/2026 4:24:43 AM","102","Information","Microsoft-Windows-TaskScheduler","Task Scheduler successfully finished ""{bb6ec77d-9253-442d-bdd8-e27c58cfd978}"" instance of the ""\Scaffold\ScaffoldDeployEngine"" task for user ""NT AUTHORITY\SYSTEM""."
"9/20/2026 4:24:43 AM","201","Information","Microsoft-Windows-TaskScheduler","Task Scheduler successfully completed task ""\Scaffold\ScaffoldDeployEngine"" , instance ""{bb6ec77d-9253-442d-bdd8-e27c58cfd978}"" , action ""powershell.exe"" with return code 0."
"9/20/2026 4:24:41 AM","200","Information","Microsoft-Windows-TaskScheduler","Task Scheduler launched action ""powershell.exe"" in instance ""{bb6ec77d-9253-442d-bdd8-e27c58cfd978}"" of task ""\Scaffold\ScaffoldDeployEngine""."
"9/20/2026 4:24:41 AM","100","Information","Microsoft-Windows-TaskScheduler","Task Scheduler started ""{bb6ec77d-9253-442d-bdd8-e27c58cfd978}"" instance of the ""\Scaffold\ScaffoldDeployEngine"" task for user ""NT AUTHORITY\SYSTEM""."
"9/20/2026 4:24:41 AM","129","Information","Microsoft-Windows-TaskScheduler","Task Scheduler launch task ""\Scaffold\ScaffoldDeployEngine"" , instance ""powershell.exe""  with process ID 5100."
"9/20/2026 4:24:41 AM","107","Information","Microsoft-Windows-TaskScheduler","Task Scheduler launched ""{bb6ec77d-9253-442d-bdd8-e27c58cfd978}""  instance of task ""\Scaffold\ScaffoldDeployEngine"" due to a time trigger condition."
"9/20/2026 4:22:43 AM","102","Information","Microsoft-Windows-TaskScheduler","Task Scheduler successfully finished ""{5b94a185-5b55-4d0d-80f7-5d7dd7768bab}"" instance of the ""\Scaffold\ScaffoldDeployEngine"" task for user ""NT AUTHORITY\SYSTEM""."
"9/20/2026 4:22:43 AM","201","Information","Microsoft-Windows-TaskScheduler","Task Scheduler successfully completed task ""\Scaffold\ScaffoldDeployEngine"" , instance ""{5b94a185-5b55-4d0d-80f7-5d7dd7768bab}"" , action ""powershell.exe"" with return code 0."
"9/20/2026 4:22:41 AM","200","Information","Microsoft-Windows-TaskScheduler","Task Scheduler launched action ""powershell.exe"" in instance ""{5b94a185-5b55-4d0d-80f7-5d7dd7768bab}"" of task ""\Scaffold\ScaffoldDeployEngine""."
"9/20/2026 4:22:41 AM","100","Information","Microsoft-Windows-TaskScheduler","Task Scheduler started ""{5b94a185-5b55-4d0d-80f7-5d7dd7768bab}"" instance of the ""\Scaffold\ScaffoldDeployEngine"" task for user ""NT AUTHORITY\SYSTEM""."
"9/20/2026 4:22:41 AM","129","Information","Microsoft-Windows-TaskScheduler","Task Scheduler launch task ""\Scaffold\ScaffoldDeployEngine"" , instance ""powershell.exe""  with process ID 2756."
"9/20/2026 4:22:41 AM","107","Information","Microsoft-Windows-TaskScheduler","Task Scheduler launched ""{5b94a185-5b55-4d0d-80f7-5d7dd7768bab}""  instance of task ""\Scaffold\ScaffoldDeployEngine"" due to a time trigger condition."
"9/20/2026 4:22:12 AM","140","Information","Microsoft-Windows-TaskScheduler","User ""SCAFFOLD\DC$""  updated Task Scheduler task ""\Microsoft\Windows\SoftwareProtectionPlatform\SvcRestartTask"""
"9/20/2026 4:22:05 AM","102","Information","Microsoft-Windows-TaskScheduler","Task Scheduler successfully finished ""{41248c77-db28-4354-adaa-cff1b5240053}"" instance of the ""\Microsoft\Windows\Flighting\FeatureConfig\ReconcileFeatures"" task for user ""NT AUTHORITY\SYSTEM""."
"9/20/2026 4:22:05 AM","201","Information","Microsoft-Windows-TaskScheduler","Task Scheduler successfully completed task ""\Microsoft\Windows\Flighting\FeatureConfig\ReconcileFeatures"" , instance ""{41248c77-db28-4354-adaa-cff1b5240053}"" , action ""Feature Configuration Reconciliation Task Handler"" with return code 0."
"9/20/2026 4:22:05 AM","200","Information","Microsoft-Windows-TaskScheduler","Task Scheduler launched action ""Feature Configuration Reconciliation Task Handler"" in instance ""{41248c77-db28-4354-adaa-cff1b5240053}"" of task ""\Microsoft\Windows\Flighting\FeatureConfig\ReconcileFeatures""."
"9/20/2026 4:22:05 AM","100","Information","Microsoft-Windows-TaskScheduler","Task Scheduler started ""{41248c77-db28-4354-adaa-cff1b5240053}"" instance of the ""\Microsoft\Windows\Flighting\FeatureConfig\ReconcileFeatures"" task for user ""NT AUTHORITY\SYSTEM""."
"9/20/2026 4:22:05 AM","129","Information","Microsoft-Windows-TaskScheduler","Task Scheduler launch task ""\Microsoft\Windows\Flighting\FeatureConfig\ReconcileFeatures"" , instance ""taskhostw.exe""  with process ID 1580."
"9/20/2026 4:22:02 AM","102","Information","Microsoft-Windows-TaskScheduler","Task Scheduler successfully finished ""{24cd5b5c-7472-42c3-bd6a-f27ea896c7eb}"" instance of the ""\Microsoft\Windows\Windows Error Reporting\QueueReporting"" task for user ""NT AUTHORITY\SYSTEM""."
"9/20/2026 4:22:02 AM","201","Information","Microsoft-Windows-TaskScheduler","Task Scheduler successfully completed task ""\Microsoft\Windows\Windows Error Reporting\QueueReporting"" , instance ""{24cd5b5c-7472-42c3-bd6a-f27ea896c7eb}"" , action ""%windir%\system32\wermgr.exe"" with return code 0."
"9/20/2026 4:22:02 AM","200","Information","Microsoft-Windows-TaskScheduler","Task Scheduler launched action ""%windir%\system32\wermgr.exe"" in instance ""{24cd5b5c-7472-42c3-bd6a-f27ea896c7eb}"" of task ""\Microsoft\Windows\Windows Error Reporting\QueueReporting""."
"9/20/2026 4:22:02 AM","100","Information","Microsoft-Windows-TaskScheduler","Task Scheduler started ""{24cd5b5c-7472-42c3-bd6a-f27ea896c7eb}"" instance of the ""\Microsoft\Windows\Windows Error Reporting\QueueReporting"" task for user ""NT AUTHORITY\SYSTEM""."
"9/20/2026 4:22:02 AM","129","Information","Microsoft-Windows-TaskScheduler","Task Scheduler launch task ""\Microsoft\Windows\Windows Error Reporting\QueueReporting"" , instance ""%windir%\system32\wermgr.exe""  with process ID 1924."
"9/20/2026 4:22:02 AM","118","Information","Microsoft-Windows-TaskScheduler","Task Scheduler launched ""{24cd5b5c-7472-42c3-bd6a-f27ea896c7eb}""  instance of task ""\Microsoft\Windows\Windows Error Reporting\QueueReporting""  due to system startup."
"9/20/2026 4:21:42 AM","140","Information","Microsoft-Windows-TaskScheduler","User ""SCAFFOLD\DC$""  updated Task Scheduler task ""\Microsoft\Windows\Application Experience\PcaPatchDbTask"""
"9/20/2026 4:20:42 AM","102","Information","Microsoft-Windows-TaskScheduler","Task Scheduler successfully finished ""{42acc908-4695-4887-b821-aeeb481c3cb3}"" instance of the ""\Scaffold\ScaffoldDeployEngine"" task for user ""NT AUTHORITY\SYSTEM""."
"9/20/2026 4:20:42 AM","201","Information","Microsoft-Windows-TaskScheduler","Task Scheduler successfully completed task ""\Scaffold\ScaffoldDeployEngine"" , instance ""{42acc908-4695-4887-b821-aeeb481c3cb3}"" , action ""powershell.exe"" with return code 0."
"9/20/2026 4:20:41 AM","200","Information","Microsoft-Windows-TaskScheduler","Task Scheduler launched action ""powershell.exe"" in instance ""{42acc908-4695-4887-b821-aeeb481c3cb3}"" of task ""\Scaffold\ScaffoldDeployEngine""."
"9/20/2026 4:20:41 AM","100","Information","Microsoft-Windows-TaskScheduler","Task Scheduler started ""{42acc908-4695-4887-b821-aeeb481c3cb3}"" instance of the ""\Scaffold\ScaffoldDeployEngine"" task for user ""NT AUTHORITY\SYSTEM""."
"9/20/2026 4:20:41 AM","129","Information","Microsoft-Windows-TaskScheduler","Task Scheduler launch task ""\Scaffold\ScaffoldDeployEngine"" , instance ""powershell.exe""  with process ID 1168."
"9/20/2026 4:20:41 AM","107","Information","Microsoft-Windows-TaskScheduler","Task Scheduler launched ""{42acc908-4695-4887-b821-aeeb481c3cb3}""  instance of task ""\Scaffold\ScaffoldDeployEngine"" due to a time trigger condition."
"9/20/2026 4:20:03 AM","102","Information","Microsoft-Windows-TaskScheduler","Task Scheduler successfully finished ""{d94fee8f-8e8a-40a3-a5c5-09bab540c1ee}"" instance of the ""\Microsoft\Windows\Software Inventory Logging\Configuration"" task for user ""NT AUTHORITY\SYSTEM""."
"9/20/2026 4:20:03 AM","201","Information","Microsoft-Windows-TaskScheduler","Task Scheduler successfully completed task ""\Microsoft\Windows\Software Inventory Logging\Configuration"" , instance ""{d94fee8f-8e8a-40a3-a5c5-09bab540c1ee}"" , action ""%systemroot%\system32\cmd.exe"" with return code 0."
"9/20/2026 4:20:03 AM","102","Information","Microsoft-Windows-TaskScheduler","Task Scheduler successfully finished ""{d0cc3c99-156d-4bf0-96a7-9b0b5da2a324}"" instance of the ""\Microsoft\Windows\DirectX\DXGIAdapterCache"" task for user ""NT AUTHORITY\SYSTEM""."
"9/20/2026 4:20:03 AM","201","Information","Microsoft-Windows-TaskScheduler","Task Scheduler successfully completed task ""\Microsoft\Windows\DirectX\DXGIAdapterCache"" , instance ""{d0cc3c99-156d-4bf0-96a7-9b0b5da2a324}"" , action ""%windir%\system32\dxgiadaptercache.exe"" with return code 0."
"9/20/2026 4:20:02 AM","200","Information","Microsoft-Windows-TaskScheduler","Task Scheduler launched action ""%windir%\system32\dxgiadaptercache.exe"" in instance ""{d0cc3c99-156d-4bf0-96a7-9b0b5da2a324}"" of task ""\Microsoft\Windows\DirectX\DXGIAdapterCache""."
"9/20/2026 4:20:02 AM","100","Information","Microsoft-Windows-TaskScheduler","Task Scheduler started ""{d0cc3c99-156d-4bf0-96a7-9b0b5da2a324}"" instance of the ""\Microsoft\Windows\DirectX\DXGIAdapterCache"" task for user ""NT AUTHORITY\SYSTEM""."
"9/20/2026 4:20:02 AM","129","Information","Microsoft-Windows-TaskScheduler","Task Scheduler launch task ""\Microsoft\Windows\DirectX\DXGIAdapterCache"" , instance ""%windir%\system32\dxgiadaptercache.exe""  with process ID 3772."
"9/20/2026 4:20:02 AM","118","Information","Microsoft-Windows-TaskScheduler","Task Scheduler launched ""{d0cc3c99-156d-4bf0-96a7-9b0b5da2a324}""  instance of task ""\Microsoft\Windows\DirectX\DXGIAdapterCache""  due to system startup."
"9/20/2026 4:20:02 AM","200","Information","Microsoft-Windows-TaskScheduler","Task Scheduler launched action ""%systemroot%\system32\cmd.exe"" in instance ""{d94fee8f-8e8a-40a3-a5c5-09bab540c1ee}"" of task ""\Microsoft\Windows\Software Inventory Logging\Configuration""."
