"9/20/2026 4:19:13 AM","5617","Information","Microsoft-Windows-WMI","Windows Management Instrumentation Service subsystems initialized successfully"
"9/20/2026 4:19:13 AM","517","Information","WDSServer","Provider WDSTFTP loaded from C:\Windows\system32\wdstftp.dll and initialized successfully."
"9/20/2026 4:19:13 AM","517","Information","WDSServer","Provider WDSMDMGR loaded from C:\Windows\system32\wdsmdmgr.dll and initialized successfully."
"9/20/2026 4:19:13 AM","326","Information","ESENT","svchost (3080,D,50) WDS: The database engine attached a database (1, C:\RemoteInstall\Stores\Metadata\WDSMD.mdb). (Time=0 seconds) 
 
Saved Cache: 1 0 
Additional Data: lgposAttach = 00000001:00BC:0268,
dbv = 1568.180.400 (9360) 
 
Internal Timing Sequence: 
[1] 0.000004 +J(0)
[2] 0.001131 -0.000937 (1) WT +J(0) +M(C:0K, Fs:24, WS:32K # 0K, PF:32K # 0K, P:32K)
[3] 0.022584 -0.013953 (6) WT +J(CM:0, PgRf:0, Rd:0/0, Dy:0/0, Lg:3480/2) +M(C:0K, Fs:15, WS:24K # 0K, PF:20K # 0K, P:20K)
[4] 0.000099 +J(0)
[5] -
[6] -
[7] -
[8] 0.002361 -0.001983 (2) CM -0.001906 (2) WT +J(CM:2, PgRf:2, Rd:4/2, Dy:0/0, Lg:54/1) +M(C:120K, Fs:46, WS:128K # 0K, PF:140K # 0K, P:140K)
[9] 0.003744 -0.003311 (3) CM -0.003243 (3) WT +J(CM:3, PgRf:16, Rd:0/2, Dy:0/0, Lg:0/0) +M(C:-16K, Fs:41, WS:80K # 0K, PF:212K # 0K, P:212K)
[10] 0.002748 -0.001619 (1) CM -0.001579 (1) WT +J(CM:1, PgRf:35, Rd:0/1, Dy:0/0, Lg:0/0) +M(C:-28K, Fs:4, WS:-12K # 0K, PF:36K # 0K, P:36K)
[11] 0.000013 +J(CM:0, PgRf:1, Rd:0/0, Dy:0/0, Lg:0/0) +M(C:0K, Fs:3, WS:12K # 0K, PF:0K # 0K, P:0K)
[12] 0.000391 +J(CM:0, PgRf:42, Rd:0/0, Dy:0/0, Lg:0/0) +M(C:0K, Fs:1, WS:4K # 0K, PF:0K # 0K, P:0K)
[13] 0.000001 +J(0)
[14] 0.0 +J(0)
[15] 0.000004 +J(CM:0, PgRf:1, Rd:0/0, Dy:0/0, Lg:0/0)."
"9/20/2026 4:19:13 AM","105","Information","ESENT","svchost (3080,D,0) WDS: The database engine started a new instance (0). (Time=1 seconds) 
 
Additional Data:
 lgposV2[] = 00000001:0001:0000 - 00000001:00B9:0309 - 00000001:00BA:0000 - 00000001:00BA:0000 (00000000:0000:0000)
cReInits = 54
 
 
Internal Timing Sequence: 
[1] 0.001468 +J(0) +M(C:0K, Fs:177, WS:696K # 696K, PF:4504K # 4504K, P:4504K)
[2] 0.000850 +J(0) +M(C:64K, Fs:147, WS:580K # 580K, PF:1248K # 1248K, P:1248K)
[3] 0.000057 +J(0) +M(C:0K, Fs:5, WS:20K # 20K, PF:64K # 64K, P:64K)
[4] 0.000236 +J(0) +M(C:0K, Fs:23, WS:88K # 88K, PF:232K # 232K, P:232K)
[5] 0.000372 +J(0) +M(C:0K, Fs:9, WS:36K # 36K, PF:16K # 16K, P:16K)
[6] 0.006594 +J(0) +M(C:0K, Fs:28, WS:112K # 112K, PF:16K # 16K, P:16K)
[7] 0.537216 -0.519068 (11) WT +J(0) +M(C:0K, Fs:1299, WS:5188K # 5188K, PF:5128K # 5128K, P:5128K)
[8] 0.692757 -0.630807 (72) WT +J(CM:0, PgRf:0, Rd:0/0, Dy:0/0, Lg:750284/1154) +M(C:0K, Fs:1399, WS:400K # 432K, PF:252K # 284K, P:252K)
[9] 0.000803 +J(0) +M(C:0K, Fs:4, WS:16K # 0K, PF:4K # 0K, P:4K)
[10] 0.018685 -0.016892 (10) WT +J(0) +M(C:0K, Fs:0, WS:-5116K # 0K, PF:-5120K # 0K, P:-5120K)
[11] 0.000037 +J(CM:0, PgRf:0, Rd:0/0, Dy:0/0, Lg:49/1) +M(C:0K, Fs:2, WS:8K # 0K, PF:0K # 0K, P:0K)
[12] 0.000927 +J(0)
[13] 0.094531 -0.002216 (2) CM -0.053880 (30) WT +J(CM:2, PgRf:2, Rd:0/2, Dy:0/0, Lg:8759/5) +M(C:-56K, Fs:1348, WS:40K # 36K, PF:76K # 64K, P:76K)
[14] 0.000021 +J(0)
[15] 0.000013 +J(0)
[16] 0.498729 -0.498545 (1) WT +J(0) +M(C:0K, Fs:2, WS:0K # 0K, PF:0K # 0K, P:0K)."
"9/20/2026 4:19:12 AM","302","Information","ESENT","svchost (3080,U,98) WDS: The database engine has successfully completed recovery steps."
"9/20/2026 4:19:12 AM","301","Information","ESENT","svchost (3080,R,98) WDS: The database engine has finished replaying logfile C:\RemoteInstall\Stores\Metadata\WDS.log. 
 
Processing Stats: 
[1] 0.663751 -0.606173 (69) WT +J(CM:0, PgRf:0, Rd:0/0, Dy:0/0, Lg:750284/1154) +M(C:0K, Fs:1355, WS:236K # 268K, PF:164K # 196K, P:164K). 
Log record of type 'Insert   ' was seen most frequently (277 times)"
"9/20/2026 4:19:12 AM","335","Information","ESENT","svchost (3080,R,98) WDS: Replay of a Create for database ""C:\RemoteInstall\Stores\Metadata\WDSMD.mdb"" at log position (00000001,0001,0268) was deferred due to AttachFuture.  Additional information:  "
"9/20/2026 4:19:10 AM","5615","Information","Microsoft-Windows-WMI","Windows Management Instrumentation Service started sucessfully"
"9/20/2026 4:19:12 AM","300","Information","ESENT","svchost (3080,R,98) WDS: The database engine is initiating recovery steps."
"9/20/2026 4:19:11 AM","102","Information","ESENT","svchost (3080,P,98) WDS: The database engine (10.00.20348.0000) is starting a new instance (0)."
"9/20/2026 4:19:11 AM","517","Information","WDSServer","Provider WDSMC loaded from C:\Windows\system32\wdsmc.dll and initialized successfully."
"9/20/2026 4:19:10 AM","1025","Information","WDSServer","The RPC server started on TCP port 5040. 
"
"9/20/2026 4:19:10 AM","105","Information","VMTools","The service was started."
"9/20/2026 4:19:06 AM","8198","Error","Microsoft-Windows-Security-SPP","License Activation (slui.exe) failed with the following error code:
hr=0x80004005
Command-line arguments:
RuleId=3482d82e-ca2c-4e1f-8864-da0267b484b2;Action=AutoActivate;AppId=55c92734-d682-4d71-983e-d6ec3f16059f;SkuId=80f53cc1-120f-4e0e-875b-27c9f1caf7de;NotificationInterval=1440;Trigger=NetworkAvailable"
"9/20/2026 4:19:06 AM","902","Information","Microsoft-Windows-Security-SPP","The Software Protection service has started.
10.0.20348.587"
"9/20/2026 4:19:06 AM","1003","Information","Microsoft-Windows-Security-SPP","The Software Protection service has completed licensing status check.
Application Id=55c92734-d682-4d71-983e-d6ec3f16059f
Licensing Status=
1: 0dc876e0-7ab8-41c1-b8ba-2237d484cd26, 1, 0 [(0 [0xC004F014, 0, 0], [(?)(?)(?)(?)(?)(?)(?)(?)])(1 )(2 )(3 )]
2: 176afa14-ca77-4cae-9ecc-ba2295540382, 1, 0 [(0 [0xC004F014, 0, 0], [(?)(?)(?)(?)(?)(?)(?)(?)])(1 )(2 )(3 )]
3: 208d2508-de49-48d5-a1df-837a9f1053ef, 1, 0 [(0 [0xC004F014, 0, 0], [(?)(?)(?)(?)(?)(?)(?)(?)])(1 )(2 )(3 )]
4: 22105925-48c3-4ff4-a294-f654bb27e390, 1, 0 [(0 [0xC004F014, 0, 0], [(?)(?)(?)(?)(?)(?)(?)(?)])(1 )(2 )(3 )]
5: 482b7fee-a9f5-46a3-862d-b28bef48c7e8, 1, 0 [(0 [0xC004F014, 0, 0], [(?)(?)(?)(?)(?)(?)(?)(?)])(1 )(2 )(3 )]
6: 4f64509c-0ad2-43a7-b73b-233afbb27096, 1, 0 [(0 [0xC004F014, 0, 0], [(?)(?)(?)(?)(?)(?)(?)(?)])(1 )(2 )(3 )]
7: 522b5066-79e8-49f2-9f9d-30b4d507d57b, 1, 0 [(0 [0xC004F014, 0, 0], [(?)(?)(?)(?)(?)(?)(?)(?)])(1 )(2 )(3 )]
8: 661f7658-7035-4b4c-9f35-010682943ec2, 1, 0 [(0 [0xC004F014, 0, 0], [(?)(?)(?)(?)(?)(?)(?)(?)])(1 )(2 )(3 )]
9: 78214935-d737-41c1-83df-f600c1766211, 1, 0 [(0 [0xC004F014, 0, 0], [(?)(?)(?)(?)(?)(?)(?)(?)])(1 )(2 )(3 )]
10: 80f53cc1-120f-4e0e-875b-27c9f1caf7de, 1, 1 [(0 )(1 [0xC004E003, 0, 0], [( 2 0xC004F00F 0 0 msft:rm/algorithm/phone/1.0 0x00000000 0)( 1 0x00000000)(?)( 2 0xC004F00F 0 0 msft:rm/algorithm/phone/1.0 0x00000000 0)(?)(?)(?)(?)])(2 [0xC004E003, 0, 0], [( 1 0xC004F034)( 1 0xC004F034)(?)(?)(?)(?)(?)(?)])(3 [0x00000000, 0, 0], [( 6 0xC004F009 0 0)( 1 0x00000000)( 6 0xC004F009 0 0)(?)(?)(?)( 10 0x00000000 msft:rm/algorithm/flags/1.0)( 11 0x00000000 0xC004F00F)])]
11: aa04eff4-34fa-4da8-a645-8c30c30b3a7f, 1, 0 [(0 [0xC004F014, 0, 0], [(?)(?)(?)(?)(?)(?)(?)(?)])(1 )(2 )(3 )]
12: e73aabfa-12bc-4705-b551-2dd076bebc7d, 1, 0 [(0 [0xC004F014, 0, 0], [(?)(?)(?)(?)(?)(?)(?)(?)])(1 )(2 )(3 )]
13: ef6cfc9f-8c5d-44ac-9aad-de6a2ea0ae03, 1, 0 [(0 [0xC004F014, 0, 0], [(?)(?)(?)(?)(?)(?)(?)(?)])(1 )(2 )(3 )]

"
"9/20/2026 4:19:06 AM","8198","Error","Microsoft-Windows-Security-SPP","License Activation (slui.exe) failed with the following error code:
hr=0x80004005
Command-line arguments:
RuleId=3482d82e-ca2c-4e1f-8864-da0267b484b2;Action=AutoActivate;AppId=55c92734-d682-4d71-983e-d6ec3f16059f;SkuId=80f53cc1-120f-4e0e-875b-27c9f1caf7de;NotificationInterval=1440;Trigger=TimerEvent"
"9/20/2026 4:19:06 AM","1040","Information","Microsoft-Windows-Security-SPP","Hardware has changed from previous boot.
 AppId=55c92734-d682-4d71-983e-d6ec3f16059f, SkuId=80f53cc1-120f-4e0e-875b-27c9f1caf7de."
"9/20/2026 4:19:06 AM","1066","Information","Microsoft-Windows-Security-SPP","Initialization status for service objects.
C:\Windows\system32\sppwinob.dll, msft:spp/windowsfunctionality/agent/7.0, 0x00000000, 0x00000000
C:\Windows\system32\sppobjs.dll, msft:rm/algorithm/inherited/1.0, 0x00000000, 0x00000000
C:\Windows\system32\sppobjs.dll, msft:rm/algorithm/phone/1.0, 0x00000000, 0x00000000
C:\Windows\system32\sppobjs.dll, msft:rm/algorithm/pkey/detect, 0x00000000, 0x00000000
C:\Windows\system32\sppobjs.dll, msft:spp/ActionScheduler/1.0, 0x00000000, 0x00000000
C:\Windows\system32\sppobjs.dll, msft:spp/TaskScheduler/1.0, 0x00000000, 0x00000000
C:\Windows\system32\sppobjs.dll, msft:spp/statecollector/pkey, 0x00000000, 0x00000000
C:\Windows\system32\sppobjs.dll, msft:spp/volume/services/kms/1.0, 0x00000000, 0x00000000
C:\Windows\system32\sppobjs.dll, msft:spp/volume/services/kms/activationinfo/1.0, 0x00000000, 0x00000000
"
"9/20/2026 4:19:06 AM","16394","Information","Microsoft-Windows-Security-SPP","Offline downlevel migration succeeded."
"9/20/2026 4:19:06 AM","900","Information","Microsoft-Windows-Security-SPP","The Software Protection service is starting.
Parameters:TriggerStarted:6"
"9/20/2026 4:19:01 AM","1531","Information","Microsoft-Windows-User Profiles Service","The User Profile Service has started successfully.  

"
"9/7/2026 9:38:15 PM","38","Information","Microsoft-Windows-CertificationAuthority","Active Directory Certificate Services for scaffold-DC-CA was stopped."
"9/20/2026 4:19:01 AM","4625","Information","Microsoft-Windows-EventSystem","The EventSystem sub system is suppressing duplicate event log entries for a duration of 86400 seconds.  The suppression timeout can be controlled by a REG_DWORD value named SuppressDuplicateDuration under the following registry key: HKLM\Software\Microsoft\EventSystem\EventLog."
"9/7/2026 9:38:14 PM","1532","Information","Microsoft-Windows-User Profiles Service","The User Profile Service has stopped.  

"
"9/7/2026 9:38:14 PM","8193","Error","VSS","Volume Shadow Copy Service error: Unexpected error calling routine CoCreateInstance.  hr = 0x8007045b, A system shutdown is in progress.
. "
"9/7/2026 9:38:14 PM","13","Error","VSS","Volume Shadow Copy Service information: The COM Server with CLSID {4e14fba2-2e22-11d1-9964-00c04fbbb345} and name CEventSystem cannot be started. [0x8007045b, A system shutdown is in progress.
] "
"9/7/2026 9:38:14 PM","17147","Information","MSSQL$SQLEXPRESS","SQL Server is terminating because of a system shutdown. This is an informational message only. No user action is required."
"9/7/2026 9:38:14 PM","108","Information","VMTools","The service was stopped."
"9/7/2026 9:38:14 PM","272","Information","VMUpgradeHelper","Saved network configuration."
"9/7/2026 9:38:14 PM","260","Information","VMUpgradeHelper","Saving network configuration."
"9/7/2026 9:38:14 PM","6000","Information","Microsoft-Windows-Winlogon","The winlogon notification subscriber <SessionEnv> was unavailable to handle a notification event."
"9/7/2026 9:38:14 PM","6000","Information","Microsoft-Windows-Winlogon","The winlogon notification subscriber <WSearch> was unavailable to handle a notification event."
"9/7/2026 9:38:01 PM","8224","Information","VSS","The VSS service is shutting down due to idle timeout. "
"9/7/2026 9:37:33 PM","16384","Information","Microsoft-Windows-Security-SPP","Successfully scheduled Software Protection service for re-start at 2026-09-09T04:35:33Z. Reason: RulesEngine."
"9/7/2026 9:37:03 PM","16394","Information","Microsoft-Windows-Security-SPP","Offline downlevel migration succeeded."
"9/7/2026 9:37:02 PM","900","Information","Microsoft-Windows-Security-SPP","The Software Protection service is starting.
Parameters:<explicit>"
"9/7/2026 9:37:02 PM","0","Information","edgeupdate","Service stopped."
"9/7/2026 9:36:21 PM","903","Information","Microsoft-Windows-Security-SPP","The Software Protection service has stopped.
"
"9/7/2026 9:36:21 PM","16384","Information","Microsoft-Windows-Security-SPP","Successfully scheduled Software Protection service for re-start at 2026-09-09T04:35:21Z. Reason: RulesEngine."
"9/7/2026 9:35:49 PM","8198","Error","Microsoft-Windows-Security-SPP","License Activation (slui.exe) failed with the following error code:
hr=0x80004005
Command-line arguments:
RuleId=3482d82e-ca2c-4e1f-8864-da0267b484b2;Action=AutoActivate;AppId=55c92734-d682-4d71-983e-d6ec3f16059f;SkuId=80f53cc1-120f-4e0e-875b-27c9f1caf7de;NotificationInterval=1440;Trigger=UserLogon;SessionId=1"
"9/7/2026 9:35:49 PM","902","Information","Microsoft-Windows-Security-SPP","The Software Protection service has started.
10.0.20348.587"
"9/7/2026 9:35:49 PM","1003","Information","Microsoft-Windows-Security-SPP","The Software Protection service has completed licensing status check.
Application Id=55c92734-d682-4d71-983e-d6ec3f16059f
Licensing Status=
1: 0dc876e0-7ab8-41c1-b8ba-2237d484cd26, 1, 0 [(0 [0xC004F014, 0, 0], [(?)(?)(?)(?)(?)(?)(?)(?)])(1 )(2 )(3 )]
2: 176afa14-ca77-4cae-9ecc-ba2295540382, 1, 0 [(0 [0xC004F014, 0, 0], [(?)(?)(?)(?)(?)(?)(?)(?)])(1 )(2 )(3 )]
3: 208d2508-de49-48d5-a1df-837a9f1053ef, 1, 0 [(0 [0xC004F014, 0, 0], [(?)(?)(?)(?)(?)(?)(?)(?)])(1 )(2 )(3 )]
4: 22105925-48c3-4ff4-a294-f654bb27e390, 1, 0 [(0 [0xC004F014, 0, 0], [(?)(?)(?)(?)(?)(?)(?)(?)])(1 )(2 )(3 )]
5: 482b7fee-a9f5-46a3-862d-b28bef48c7e8, 1, 0 [(0 [0xC004F014, 0, 0], [(?)(?)(?)(?)(?)(?)(?)(?)])(1 )(2 )(3 )]
6: 4f64509c-0ad2-43a7-b73b-233afbb27096, 1, 0 [(0 [0xC004F014, 0, 0], [(?)(?)(?)(?)(?)(?)(?)(?)])(1 )(2 )(3 )]
7: 522b5066-79e8-49f2-9f9d-30b4d507d57b, 1, 0 [(0 [0xC004F014, 0, 0], [(?)(?)(?)(?)(?)(?)(?)(?)])(1 )(2 )(3 )]
8: 661f7658-7035-4b4c-9f35-010682943ec2, 1, 0 [(0 [0xC004F014, 0, 0], [(?)(?)(?)(?)(?)(?)(?)(?)])(1 )(2 )(3 )]
9: 78214935-d737-41c1-83df-f600c1766211, 1, 0 [(0 [0xC004F014, 0, 0], [(?)(?)(?)(?)(?)(?)(?)(?)])(1 )(2 )(3 )]
10: 80f53cc1-120f-4e0e-875b-27c9f1caf7de, 1, 1 [(0 )(1 [0xC004E003, 0, 0], [( 2 0xC004F00F 0 0 msft:rm/algorithm/phone/1.0 0x00000000 0)( 1 0x00000000)(?)( 2 0xC004F00F 0 0 msft:rm/algorithm/phone/1.0 0x00000000 0)(?)(?)(?)(?)])(2 [0xC004E003, 0, 0], [( 1 0xC004F034)( 1 0xC004F034)(?)(?)(?)(?)(?)(?)])(3 [0x00000000, 0, 0], [( 6 0xC004F009 0 0)( 1 0x00000000)( 6 0xC004F009 0 0)(?)(?)(?)( 10 0x00000000 msft:rm/algorithm/flags/1.0)( 11 0x00000000 0xC004F00F)])]
11: aa04eff4-34fa-4da8-a645-8c30c30b3a7f, 1, 0 [(0 [0xC004F014, 0, 0], [(?)(?)(?)(?)(?)(?)(?)(?)])(1 )(2 )(3 )]
12: e73aabfa-12bc-4705-b551-2dd076bebc7d, 1, 0 [(0 [0xC004F014, 0, 0], [(?)(?)(?)(?)(?)(?)(?)(?)])(1 )(2 )(3 )]
13: ef6cfc9f-8c5d-44ac-9aad-de6a2ea0ae03, 1, 0 [(0 [0xC004F014, 0, 0], [(?)(?)(?)(?)(?)(?)(?)(?)])(1 )(2 )(3 )]

"
"9/7/2026 9:35:49 PM","1066","Information","Microsoft-Windows-Security-SPP","Initialization status for service objects.
C:\Windows\system32\sppwinob.dll, msft:spp/windowsfunctionality/agent/7.0, 0x00000000, 0x00000000
C:\Windows\system32\sppobjs.dll, msft:rm/algorithm/inherited/1.0, 0x00000000, 0x00000000
C:\Windows\system32\sppobjs.dll, msft:rm/algorithm/phone/1.0, 0x00000000, 0x00000000
C:\Windows\system32\sppobjs.dll, msft:rm/algorithm/pkey/detect, 0x00000000, 0x00000000
C:\Windows\system32\sppobjs.dll, msft:spp/ActionScheduler/1.0, 0x00000000, 0x00000000
C:\Windows\system32\sppobjs.dll, msft:spp/TaskScheduler/1.0, 0x00000000, 0x00000000
C:\Windows\system32\sppobjs.dll, msft:spp/statecollector/pkey, 0x00000000, 0x00000000
C:\Windows\system32\sppobjs.dll, msft:spp/volume/services/kms/1.0, 0x00000000, 0x00000000
C:\Windows\system32\sppobjs.dll, msft:spp/volume/services/kms/activationinfo/1.0, 0x00000000, 0x00000000
"
"9/7/2026 9:35:49 PM","16394","Information","Microsoft-Windows-Security-SPP","Offline downlevel migration succeeded."
"9/7/2026 9:35:48 PM","900","Information","Microsoft-Windows-Security-SPP","The Software Protection service is starting.
Parameters:TriggerStarted:6"
"9/7/2026 9:35:47 PM","6000","Information","Microsoft-Windows-Winlogon","The winlogon notification subscriber <SessionEnv> was unavailable to handle a notification event."
"9/7/2026 9:35:46 PM","6003","Information","Microsoft-Windows-Winlogon","The winlogon notification subscriber <SessionEnv> was unavailable to handle a critical notification event."
"9/7/2026 9:35:22 PM","26","Information","Microsoft-Windows-CertificationAuthority","Active Directory Certificate Services for scaffold-DC-CA was started.  DC=dc.scaffold.htb"
"9/7/2026 9:35:17 PM","256","Information","WDSServer","The Windows Deployment Services server started successfully. 
"
"9/7/2026 9:35:17 PM","517","Information","WDSServer","Provider WDSPXE loaded from C:\Windows\system32\wdspxe.dll and initialized successfully."
"9/7/2026 9:35:17 PM","777","Information","WDSPXE","Rogue detection has been disabled for this server. The Windows Deployment  Services server is authorized as a valid DHCP/PXE server and will process incoming client requests."
"9/7/2026 9:35:17 PM","262","Information","WDSPXE","Provider WDSDCPXE was loaded from C:\Windows\system32\wdsdcpxe.dll and initialized successfully."
"9/7/2026 9:35:17 PM","1305","Information","BINLSVC","Combined BCD file x64uefi{E80FAAAD-6BE9-4290-90AE-17FE20BCA6D8}.bcd generated successfully for the x64uefi architecture."
"9/7/2026 9:35:17 PM","1305","Information","BINLSVC","Combined BCD file x86uefi{802F9C8D-6C81-4C82-930E-03C851ADA926}.bcd generated successfully for the x86uefi architecture."
"9/7/2026 9:35:17 PM","1305","Information","BINLSVC","Combined BCD file arm{F79A352B-E1FC-4808-9E31-E6BE7766D32D}.bcd generated successfully for the arm architecture."
"9/7/2026 9:35:16 PM","1305","Information","BINLSVC","Combined BCD file x86x64{90D8180D-41DC-4385-8565-B3B8F03C01ED}.bcd generated successfully for the x86x64 architecture."
"9/7/2026 9:35:16 PM","9688","Information","MSSQL$SQLEXPRESS","Service Broker manager has started."
"9/7/2026 9:35:16 PM","1305","Information","BINLSVC","Combined BCD file arm64{3E5E0639-17D5-478D-BD29-6E2026AE1D15}.bcd generated successfully for the arm64 architecture."
"9/7/2026 9:35:16 PM","3408","Information","MSSQL$SQLEXPRESS","Recovery is complete. This is an informational message only. No user action is required."
"9/7/2026 9:35:16 PM","9666","Information","MSSQL$SQLEXPRESS","The Database Mirroring endpoint is in disabled or stopped state."
"9/7/2026 9:35:16 PM","9666","Information","MSSQL$SQLEXPRESS","The Service Broker endpoint is in disabled or stopped state."
"9/7/2026 9:35:16 PM","1305","Information","BINLSVC","Combined BCD file x64{60D7D059-D5C2-40D8-981D-3AF82F0DEEDD}.bcd generated successfully for the x64 architecture."
"9/7/2026 9:35:15 PM","1305","Information","BINLSVC","Combined BCD file x86{88127DC0-6520-4B64-81CE-C8EA2B490478}.bcd generated successfully for the x86 architecture."
"9/7/2026 9:35:15 PM","17137","Information","MSSQL$SQLEXPRESS","Starting up database 'tempdb'."
"9/7/2026 9:35:14 PM","326","Information","ESENT","svchost (2600,D,50) AAP: The database engine attached a database (5, C:\RemoteInstall\Mgmt\binlsvcdb.mdb). (Time=0 seconds) 
 
Saved Cache: 1 0 
Additional Data: lgposAttach = 00000001:00C0:0268,
dbv = 1568.180.400 (9360) 
 
Internal Timing Sequence: 
[1] 0.000004 +J(0)
[2] 0.000875 -0.000638 (1) WT +J(0) +M(C:0K, Fs:24, WS:32K # 0K, PF:32K # 0K, P:32K)
[3] 0.024061 -0.012490 (6) WT +J(CM:0, PgRf:0, Rd:0/0, Dy:0/0, Lg:3480/2) +M(C:0K, Fs:14, WS:20K # 0K, PF:24K # 0K, P:24K)
[4] 0.000088 +J(0)
[5] -
[6] -
[7] -
[8] 0.000404 +J(CM:0, PgRf:2, Rd:12/0, Dy:0/0, Lg:54/1) +M(C:116K, Fs:54, WS:184K # 0K, PF:136K # 0K, P:136K)
[9] 0.005194 -0.004939 (2) CM -0.004880 (2) WT +J(CM:2, PgRf:16, Rd:0/1, Dy:0/0, Lg:0/0) +M(C:-80K, Fs:2, WS:-72K # 0K, PF:-72K # 0K, P:-72K)
[10] 0.000450 -0.000332 (1) CM -0.000286 (1) WT +J(CM:1, PgRf:35, Rd:0/1, Dy:0/0, Lg:0/0) +M(C:-28K, Fs:0, WS:-28K # 0K, PF:-28K # 0K, P:-28K)
[11] 0.000012 +J(CM:0, PgRf:1, Rd:0/0, Dy:0/0, Lg:0/0)
[12] 0.000042 +J(CM:0, PgRf:42, Rd:0/0, Dy:0/0, Lg:0/0)
[13] 0.0 +J(0)
[14] 0.0 +J(0)
[15] 0.000005 +J(CM:0, PgRf:1, Rd:0/0, Dy:0/0, Lg:0/0)."
"9/7/2026 9:35:14 PM","105","Information","ESENT","svchost (2600,D,0) AAP: The database engine started a new instance (2). (Time=0 seconds) 
 
Additional Data:
 lgposV2[] = 00000001:0001:0000 - 00000001:00BD:02FB - 00000001:00BE:0000 - 00000001:00BE:0000 (00000000:0000:0000)
cReInits = 52
 
 
Internal Timing Sequence: 
[1] -
[2] -
[3] 0.000040 +J(0) +M(C:0K, Fs:3, WS:12K # 0K, PF:0K # 0K, P:0K)
[4] 0.000127 +J(0) +M(C:0K, Fs:8, WS:32K # 0K, PF:160K # 0K, P:160K)
[5] 0.001447 +J(0) +M(C:0K, Fs:6, WS:24K # 0K, PF:24K # 0K, P:24K)
[6] 0.007362 +J(0) +M(C:0K, Fs:1, WS:4K # 0K, PF:12K # 0K, P:12K)
[7] 0.031883 -0.025784 (11) WT +J(0) +M(C:0K, Fs:1283, WS:5120K # 1780K, PF:5132K # 992K, P:5132K)
[8] 0.458203 -0.121505 (70) WT +J(CM:0, PgRf:0, Rd:0/0, Dy:0/0, Lg:766518/1305) +M(C:0K, Fs:1301, WS:204K # 248K, PF:72K # 116K, P:72K)
[9] 0.005112 +J(0)
[10] 0.022321 -0.020054 (10) WT +J(0) +M(C:0K, Fs:1, WS:-5116K # 0K, PF:-5124K # 0K, P:-5124K)
[11] 0.000028 +J(CM:0, PgRf:0, Rd:0/0, Dy:0/0, Lg:49/1) +M(C:0K, Fs:1, WS:4K # 0K, PF:0K # 0K, P:0K)
[12] 0.000047 +J(0)
[13] 0.120284 -0.004166 (2) CM -0.079035 (30) WT +J(CM:2, PgRf:2, Rd:0/2, Dy:0/0, Lg:8759/5) +M(C:-56K, Fs:1328, WS:-44K # 0K, PF:-112K # 0K, P:-112K)
[14] 0.000019 +J(0)
[15] 0.000048 +J(0)
[16] 0.002630 -0.002455 (1) WT +J(0) +M(C:0K, Fs:2, WS:0K # 0K, PF:0K # 0K, P:0K)."
"9/7/2026 9:35:14 PM","302","Information","ESENT","svchost (2600,U,98) AAP: The database engine has successfully completed recovery steps."
"9/7/2026 9:35:14 PM","301","Information","ESENT","svchost (2600,R,98) AAP: The database engine has finished replaying logfile C:\RemoteInstall\Mgmt\AAP.log. 
 
Processing Stats: 
[1] 0.452917 -0.117602 (67) WT +J(CM:0, PgRf:0, Rd:0/0, Dy:0/0, Lg:766518/1305) +M(C:0K, Fs:1265, WS:68K # 112K, PF:64K # 100K, P:64K). 
Log record of type 'Insert   ' was seen most frequently (326 times)"
"9/7/2026 9:35:14 PM","335","Information","ESENT","svchost (2600,R,98) AAP: Replay of a Create for database ""C:\RemoteInstall\Mgmt\binlsvcdb.mdb"" at log position (00000001,0001,0268) was deferred due to AttachFuture.  Additional information:  "
"9/7/2026 9:35:14 PM","300","Information","ESENT","svchost (2600,R,98) AAP: The database engine is initiating recovery steps."
"9/7/2026 9:35:14 PM","17136","Information","MSSQL$SQLEXPRESS","Clearing tempdb database."
"9/7/2026 9:35:13 PM","102","Information","ESENT","svchost (2600,P,98) AAP: The database engine (10.00.20348.0000) is starting a new instance (2)."
"9/7/2026 9:35:13 PM","517","Information","WDSServer","Provider WdsImgSrv loaded from C:\Windows\system32\WdsImgSrv.dll and initialized successfully."
"9/7/2026 9:35:13 PM","256","Information","WDSIMGSRV","The Windows Deployment Services image server initialized successfully. 
"
"9/7/2026 9:35:12 PM","517","Information","WDSServer","Provider WDSDDPS loaded from C:\Windows\system32\wdsddps.dll and initialized successfully."
"9/7/2026 9:35:12 PM","17137","Information","MSSQL$SQLEXPRESS","Starting up database 'model'."
"9/7/2026 9:35:11 PM","326","Information","ESENT","svchost (2600,D,50) DDP: The database engine attached a database (3, C:\RemoteInstall\Stores\Drivers\Metadata\DdpDb.mdb). (Time=0 seconds) 
 
Saved Cache: 1 0 
Additional Data: lgposAttach = 00000001:00EE:0268,
dbv = 1568.180.400 (9360) 
 
Internal Timing Sequence: 
[1] 0.000003 +J(0)
[2] 0.000831 -0.000592 (1) WT +J(0) +M(C:0K, Fs:24, WS:32K # 0K, PF:32K # 0K, P:32K)
[3] 0.032025 -0.023867 (6) WT +J(CM:0, PgRf:0, Rd:0/0, Dy:0/0, Lg:3480/2) +M(C:0K, Fs:13, WS:20K # 0K, PF:20K # 0K, P:20K)
[4] 0.001153 +J(0)
[5] -
[6] -
[7] -
[8] 0.000360 +J(CM:0, PgRf:2, Rd:7/0, Dy:0/0, Lg:54/1) +M(C:48K, Fs:53, WS:212K # 0K, PF:68K # 0K, P:68K)
[9] 0.012739 -0.012436 (3) CM -0.012308 (3) WT +J(CM:3, PgRf:16, Rd:0/2, Dy:0/0, Lg:0/0) +M(C:-12K, Fs:18, WS:-4K # 0K, PF:-8K # 0K, P:-8K)
[10] 0.000721 -0.000568 (1) CM -0.000501 (1) WT +J(CM:1, PgRf:35, Rd:0/1, Dy:0/0, Lg:0/0) +M(C:-28K, Fs:1, WS:-24K # 0K, PF:-28K # 0K, P:-28K)
[11] 0.000012 +J(CM:0, PgRf:1, Rd:0/0, Dy:0/0, Lg:0/0)
[12] 0.000042 +J(CM:0, PgRf:42, Rd:0/0, Dy:0/0, Lg:0/0)
[13] 0.0 +J(0)
[14] 0.0 +J(0)
[15] 0.000005 +J(CM:0, PgRf:1, Rd:0/0, Dy:0/0, Lg:0/0)."
"9/7/2026 9:35:11 PM","105","Information","ESENT","svchost (2600,D,0) DDP: The database engine started a new instance (1). (Time=0 seconds) 
 
Additional Data:
 lgposV2[] = 00000001:0001:0000 - 00000001:00EB:0319 - 00000001:00EC:0000 - 00000001:00EC:0000 (00000000:0000:0000)
cReInits = 52
 
 
Internal Timing Sequence: 
[1] -
[2] -
[3] 0.000035 +J(0) +M(C:0K, Fs:3, WS:12K # 12K, PF:0K # 0K, P:0K)
[4] 0.000161 +J(0) +M(C:0K, Fs:11, WS:44K # 44K, PF:160K # 0K, P:160K)
[5] 0.000791 +J(0) +M(C:0K, Fs:4, WS:16K # 16K, PF:16K # 0K, P:16K)
[6] 0.004920 +J(0) +M(C:0K, Fs:2, WS:8K # 8K, PF:16K # 0K, P:16K)
[7] 0.037006 -0.031068 (11) WT +J(0) +M(C:0K, Fs:1283, WS:5120K # 5120K, PF:5132K # 4432K, P:5132K)
[8] 0.485306 -0.443305 (70) WT +J(CM:0, PgRf:0, Rd:0/0, Dy:0/0, Lg:953094/1800) +M(C:0K, Fs:1297, WS:188K # 232K, PF:64K # 108K, P:64K)
[9] 0.000653 +J(0)
[10] 0.020514 -0.018405 (10) WT +J(0) +M(C:0K, Fs:1, WS:-5112K # 0K, PF:-5124K # 0K, P:-5124K)
[11] 0.000024 +J(CM:0, PgRf:0, Rd:0/0, Dy:0/0, Lg:49/1) +M(C:0K, Fs:1, WS:4K # 0K, PF:0K # 0K, P:0K)
[12] 0.000044 +J(0)
[13] 0.334740 -0.006677 (2) CM -0.297972 (30) WT +J(CM:2, PgRf:2, Rd:0/2, Dy:0/0, Lg:8759/5) +M(C:104K, Fs:1311, WS:-112K # 0K, PF:48K # 20K, P:48K)
[14] 0.000019 +J(0)
[15] 0.000030 +J(0)
[16] 0.000769 -0.000647 (1) WT +J(0) +M(C:0K, Fs:2, WS:0K # 0K, PF:0K # 0K, P:0K)."
"9/7/2026 9:35:11 PM","302","Information","ESENT","svchost (2600,U,98) DDP: The database engine has successfully completed recovery steps."
"9/7/2026 9:35:11 PM","326","Information","ESENT","certsrv.exe (2868,D,50) The database engine attached a database (1, C:\Windows\system32\CertLog\scaffold-DC-CA.edb). (Time=0 seconds) 
 
Saved Cache: 0 0 
Additional Data: lgposAttach = 00000005:00B3:0268,
dbv = 1568.180.400 (9360) 
 
Internal Timing Sequence: 
[1] 0.000005 +J(0) +M(C:0K, Fs:1, WS:4K # 0K, PF:0K # 0K, P:0K)
[2] 0.001663 -0.001398 (1) WT +J(0) +M(C:0K, Fs:18, WS:8K # 0K, PF:4K # 0K, P:4K)
[3] 0.033243 -0.016505 (6) WT +J(CM:0, PgRf:0, Rd:0/0, Dy:0/0, Lg:3480/2) +M(C:0K, Fs:25, WS:92K # 0K, PF:120K # 0K, P:120K)
[4] 0.000104 +J(0)
[5] -
[6] -
[7] -
[8] 0.002213 -0.001939 (2) CM -0.001814 (2) WT +J(CM:2, PgRf:2, Rd:14/2, Dy:0/0, Lg:54/1) +M(C:0K, Fs:40, WS:160K # 0K, PF:148K # 0K, P:148K)
[9] 0.004573 -0.004121 (3) CM -0.003984 (3) WT +J(CM:3, PgRf:23, Rd:0/2, Dy:0/0, Lg:0/0) +M(C:0K, Fs:33, WS:132K # 0K, PF:196K # 0K, P:196K)
[10] 0.002339 -0.002078 (1) CM -0.002006 (1) WT +J(CM:1, PgRf:40, Rd:0/1, Dy:0/0, Lg:0/0) +M(C:0K, Fs:5, WS:20K # 0K, PF:64K # 0K, P:64K)
[11] 0.000019 +J(CM:0, PgRf:1, Rd:0/0, Dy:0/0, Lg:0/0) +M(C:0K, Fs:4, WS:16K # 0K, PF:0K # 0K, P:0K)
[12] 0.000069 +J(CM:0, PgRf:42, Rd:0/0, Dy:0/0, Lg:0/0) +M(C:0K, Fs:1, WS:4K # 0K, PF:0K # 0K, P:0K)
[13] 0.0 +J(0)
[14] 0.0 +J(0)
[15] 0.000006 +J(CM:0, PgRf:1, Rd:0/0, Dy:0/0, Lg:0/0)."
"9/7/2026 9:35:11 PM","105","Information","ESENT","certsrv.exe (2868,D,0) The database engine started a new instance (0). (Time=0 seconds) 
 
Additional Data:
  
 
Internal Timing Sequence: 
[1] 0.002852 +J(0) +M(C:0K, Fs:176, WS:688K # 688K, PF:2888K # 2620K, P:2888K)
[2] 0.000620 +J(0) +M(C:3200K, Fs:134, WS:524K # 524K, PF:3648K # 3648K, P:3648K)
[3] 0.000025 +J(0) +M(C:0K, Fs:4, WS:12K # 12K, PF:68K # 68K, P:68K)
[4] 0.001535 +J(0) +M(C:0K, Fs:19, WS:76K # 76K, PF:500K # 500K, P:500K)
[5] 0.002354 +J(0) +M(C:0K, Fs:9, WS:36K # 36K, PF:20K # 20K, P:20K)
[6] 0.003803 +J(0) +M(C:0K, Fs:29, WS:116K # 116K, PF:12K # 12K, P:12K)
[7] 0.015097 -0.009288 (3) WT +J(0) +M(C:0K, Fs:275, WS:1096K # 1096K, PF:1028K # 1028K, P:1028K)
[8] -
[9] -
[10] -
[11] -
[12] -
[13] 0.015147 -0.010061 (4) WT +J(CM:0, PgRf:0, Rd:0/0, Dy:0/0, Lg:616/1) +M(C:0K, Fs:6, WS:-1008K # 16K, PF:-1024K # 12K, P:-1024K)
[14] 0.000046 +J(0)
[15] 0.000145 +J(0) +M(C:0K, Fs:100, WS:400K # 0K, PF:64K # 0K, P:64K)
[16] 0.002314 -0.002160 (1) WT +J(0) +M(C:0K, Fs:3, WS:4K # 0K, PF:0K # 0K, P:0K)."
"9/7/2026 9:35:11 PM","301","Information","ESENT","svchost (2600,R,98) DDP: The database engine has finished replaying logfile C:\RemoteInstall\Stores\Drivers\Metadata\DDP.log. 
 
Processing Stats: 
[1] 0.478709 -0.438043 (67) WT +J(CM:0, PgRf:0, Rd:0/0, Dy:0/0, Lg:953094/1800) +M(C:0K, Fs:1262, WS:56K # 100K, PF:56K # 92K, P:56K). 
Log record of type 'Insert   ' was seen most frequently (479 times)"
"9/7/2026 9:35:11 PM","102","Information","ESENT","certsrv.exe (2868,P,98) The database engine (10.00.20348.0000) is starting a new instance (0)."
"9/7/2026 9:35:10 PM","335","Information","ESENT","svchost (2600,R,98) DDP: Replay of a Create for database ""C:\RemoteInstall\Stores\Drivers\Metadata\DdpDb.mdb"" at log position (00000001,0001,0268) was deferred due to AttachFuture.  Additional information:  "
"9/7/2026 9:35:10 PM","300","Information","ESENT","svchost (2600,R,98) DDP: The database engine is initiating recovery steps."
"9/7/2026 9:35:10 PM","102","Information","ESENT","svchost (2600,P,98) DDP: The database engine (10.00.20348.0000) is starting a new instance (1)."
"9/7/2026 9:35:10 PM","517","Information","WDSServer","Provider WDSDCPXE loaded from C:\Windows\system32\wdsdcpxe.dll and initialized successfully."
"9/7/2026 9:35:10 PM","517","Information","WDSServer","Provider WDSDCMGR loaded from C:\Windows\system32\wdsdcmgr.dll and initialized successfully."
"9/7/2026 9:35:10 PM","26067","Information","MSSQL$SQLEXPRESS","The SQL Server Network Interface library could not register the Service Principal Name (SPN) [ MSSQLSvc/dc.scaffold.htb:52951 ] for the SQL Server service. Windows return code: 0x2098, state: 15. Failure to register a SPN might cause integrated authentication to use NTLM instead of Kerberos. This is an informational message. Further action is only required if Kerberos authentication is required by authentication policies and if the SPN has not been manually registered."
"9/7/2026 9:35:10 PM","958","Information","MSSQL$SQLEXPRESS","The resource database build version is 15.00.2000. This is an informational message only. No user action is required."
"9/7/2026 9:35:10 PM","26067","Information","MSSQL$SQLEXPRESS","The SQL Server Network Interface library could not register the Service Principal Name (SPN) [ MSSQLSvc/dc.scaffold.htb:SQLEXPRESS ] for the SQL Server service. Windows return code: 0x2098, state: 15. Failure to register a SPN might cause integrated authentication to use NTLM instead of Kerberos. This is an informational message. Further action is only required if Kerberos authentication is required by authentication policies and if the SPN has not been manually registered."
"9/7/2026 9:35:10 PM","26076","Information","MSSQL$SQLEXPRESS","SQL Server is attempting to register a Service Principal Name (SPN) for the SQL Server service. Kerberos authentication will not be possible until a SPN is registered for the SQL Server service. This is an informational message. No user action is required."
"9/7/2026 9:35:10 PM","17126","Information","MSSQL$SQLEXPRESS","SQL Server is now ready for client connections. This is an informational message; no user action is required."
"9/7/2026 9:35:10 PM","17199","Information","MSSQL$SQLEXPRESS","Dedicated administrator connection support was not started because it is disabled on this edition of SQL Server. If you want to use a dedicated administrator connection, restart SQL Server using the trace flag 7806. This is an informational message only. No user action is required."
"9/7/2026 9:35:10 PM","26048","Information","MSSQL$SQLEXPRESS","Server local connection provider is ready to accept connection on [ \\.\pipe\MSSQL$SQLEXPRESS\sql\query ]."
"9/7/2026 9:35:10 PM","26048","Information","MSSQL$SQLEXPRESS","Server local connection provider is ready to accept connection on [ \\.\pipe\SQLLocal\SQLEXPRESS ]."
"9/7/2026 9:35:10 PM","26022","Information","MSSQL$SQLEXPRESS","Server is listening on [ 'any' <ipv4> 52951]."
"9/7/2026 9:35:10 PM","26022","Information","MSSQL$SQLEXPRESS","Server is listening on [ 'any' <ipv6> 52951]."
"9/7/2026 9:35:09 PM","26018","Information","MSSQL$SQLEXPRESS","A self-generated certificate was successfully loaded for encryption."
"9/7/2026 9:35:09 PM","17137","Information","MSSQL$SQLEXPRESS","Starting up database 'mssqlsystemresource'."
"9/7/2026 9:35:09 PM","17137","Information","MSSQL$SQLEXPRESS","Starting up database 'msdb'."
"9/7/2026 9:35:09 PM","17663","Information","MSSQL$SQLEXPRESS","Server name is 'DC\SQLEXPRESS'. This is an informational message only. No user action is required."
"9/7/2026 9:35:09 PM","19030","Information","MSSQL$SQLEXPRESS","SQL Trace ID 1 was started by login ""sa""."
"9/7/2026 9:35:07 PM","33218","Information","MSSQL$SQLEXPRESS","SQL Server Audit has started the audits. This is an informational message. No user action is required."
"9/7/2026 9:35:07 PM","33217","Information","MSSQL$SQLEXPRESS","SQL Server Audit is starting the audits. This is an informational message. No user action is required."
"9/7/2026 9:35:05 PM","17137","Information","MSSQL$SQLEXPRESS","Starting up database 'master'."
"9/7/2026 9:35:05 PM","6253","Information","MSSQL$SQLEXPRESS","Common language runtime (CLR) functionality initialized using CLR version v4.0.30319 from C:\Windows\Microsoft.NET\Framework64\v4.0.30319\."
"9/7/2026 9:35:04 PM","49910","Information","MSSQL$SQLEXPRESS","Software Usage Metrics is disabled."
"9/7/2026 9:35:04 PM","9048","Information","MSSQL$SQLEXPRESS","clwb is selected for pmem flush operation."
"9/7/2026 9:35:03 PM","49921","Information","MSSQL$SQLEXPRESS","Total Log Writer threads: 1. This is an informational message; no user action is required."
"9/7/2026 9:35:03 PM","17118","Information","MSSQL$SQLEXPRESS","Database Instant File Initialization: disabled. For security and performance considerations see the topic 'Database Instant File Initialization' in SQL Server Books Online. This is an informational message only. No user action is required."
"9/7/2026 9:35:03 PM","17125","Information","MSSQL$SQLEXPRESS","Using dynamic lock allocation.  Initial allocation of 2500 Lock blocks and 5000 Lock Owner blocks per node.  This is an informational message only.  No user action is required."
"9/7/2026 9:35:03 PM","17152","Information","MSSQL$SQLEXPRESS","Node configuration: node 0: CPU mask: 0x0000000000000003:0 Active CPU mask: 0x0000000000000003:0. This message provides a description of the NUMA configuration for this computer. This is an informational message only. No user action is required."
"9/7/2026 9:35:03 PM","17811","Information","MSSQL$SQLEXPRESS","The maximum number of dedicated administrator connections for this instance is '1'"
"9/7/2026 9:35:03 PM","17176","Information","MSSQL$SQLEXPRESS","This instance of SQL Server last reported using a process ID of 5232 at 9/7/2026 8:00:48 PM (local) 9/8/2026 3:00:48 AM (UTC). This is an informational message only; no user action is required."
"9/7/2026 9:35:02 PM","873","Information","MSSQL$SQLEXPRESS","Buffer pool extension is already disabled. No action is necessary."
"9/7/2026 9:35:02 PM","49917","Information","MSSQL$SQLEXPRESS","Default collation: SQL_Latin1_General_CP1_CI_AS (us_english 1033)"
"9/7/2026 9:35:01 PM","894","Information","MSSQL$SQLEXPRESS","Buffer Pool: Allocating 1048576 bytes for 619703 hashPages."
"9/7/2026 9:35:01 PM","852","Information","MSSQL$SQLEXPRESS","Using conventional memory in the memory manager."
"9/7/2026 9:35:01 PM","49903","Information","MSSQL$SQLEXPRESS","Detected 4095 MB of RAM. This is an informational message; no user action is required."
"9/7/2026 9:35:01 PM","17162","Information","MSSQL$SQLEXPRESS","SQL Server is starting at normal priority base (=7). This is an informational message only. No user action is required."
"9/7/2026 9:35:01 PM","17164","Information","MSSQL$SQLEXPRESS","SQL Server detected 1 sockets with 2 cores per socket and 2 logical processors per socket, 2 total logical processors; using 2 logical processors based on SQL Server licensing. This is an informational message; no user action is required."
"9/7/2026 9:35:01 PM","17115","Information","MSSQL$SQLEXPRESS","Command Line Startup Parameters:
	 -s ""SQLEXPRESS"""
"9/7/2026 9:35:01 PM","17110","Information","MSSQL$SQLEXPRESS","Registry startup parameters: 
	 -d C:\Program Files\Microsoft SQL Server\MSSQL15.SQLEXPRESS\MSSQL\DATA\master.mdf
	 -e C:\Program Files\Microsoft SQL Server\MSSQL15.SQLEXPRESS\MSSQL\Log\ERRORLOG
	 -l C:\Program Files\Microsoft SQL Server\MSSQL15.SQLEXPRESS\MSSQL\DATA\mastlog.ldf"
"9/7/2026 9:35:01 PM","49904","Information","MSSQL$SQLEXPRESS","The service account is 'NT Service\MSSQL$SQLEXPRESS'. This is an informational message; no user action is required."
"9/7/2026 9:35:01 PM","17111","Information","MSSQL$SQLEXPRESS","Logging SQL Server messages in file 'C:\Program Files\Microsoft SQL Server\MSSQL15.SQLEXPRESS\MSSQL\Log\ERRORLOG'."
"9/7/2026 9:35:01 PM","15268","Information","MSSQL$SQLEXPRESS","Authentication mode is MIXED."
"9/7/2026 9:35:01 PM","18496","Information","MSSQL$SQLEXPRESS","System Manufacturer: 'VMware, Inc.', System Model: 'VMware20,1'."
"9/7/2026 9:35:01 PM","17104","Information","MSSQL$SQLEXPRESS","Server process ID is 3884."
"9/7/2026 9:35:01 PM","17103","Information","MSSQL$SQLEXPRESS","All rights reserved."
"9/7/2026 9:35:01 PM","17101","Information","MSSQL$SQLEXPRESS","(c) Microsoft Corporation."
"9/7/2026 9:35:01 PM","49916","Information","MSSQL$SQLEXPRESS","UTC adjustment: -7:00"
"9/7/2026 9:35:01 PM","17069","Information","MSSQL$SQLEXPRESS","Microsoft SQL Server 2019 (RTM) - 15.0.2000.5 (X64) 
	Sep 24 2019 13:48:23 
	Copyright (C) 2019 Microsoft Corporation
	Express Edition (64-bit) on Windows Server 2022 Datacenter 10.0 <X64> (Build 20348: ) (Hypervisor)
"
"9/7/2026 9:34:57 PM","271","Information","VMUpgradeHelper","Restored network configuration."
"9/7/2026 9:34:55 PM","4202","Information","Microsoft-Windows-MSDTC 2","MSDTC started with the following settings: Security Configuration (OFF = 0 and ON = 1): Allow Remote Administrator = 0, Network Clients = 0, Transaction Manager Communication:  Allow Inbound Transactions = 0, Allow Outbound Transactions = 0, Transaction Internet Protocol (TIP) = 0,  Enable XA Transactions = 0,  Enable SNA LU 6.2 Transactions = 1,  MSDTC Communications Security = Mutual Authentication Required, Account = NT AUTHORITY\NetworkService,  Firewall Exclusion Detected = 0 Transaction Bridge Installed = 0 Filtering Duplicate Events = 1"
"9/7/2026 9:34:52 PM","258","Information","VMUpgradeHelper","Restoring network configuration."
"9/7/2026 9:34:51 PM","781","Information","Microsoft-Windows-Complus","The COM+ sub system is suppressing duplicate event log entries for a duration of 86400 seconds.  The suppression timeout can be controlled by a REG_DWORD value named SuppressDuplicateDuration under the following registry key: HKLM\Software\Microsoft\COM3\Eventlog."
"9/7/2026 9:34:46 PM","9027","Information","Desktop Window Manager","The Desktop Window Manager has registered the session port."
"9/7/2026 9:34:46 PM","517","Information","WDSServer","Provider WDSTFTP loaded from C:\Windows\system32\wdstftp.dll and initialized successfully."
"9/7/2026 9:34:45 PM","517","Information","WDSServer","Provider WDSMDMGR loaded from C:\Windows\system32\wdsmdmgr.dll and initialized successfully."
"9/7/2026 9:34:45 PM","326","Information","ESENT","svchost (2600,D,50) WDS: The database engine attached a database (1, C:\RemoteInstall\Stores\Metadata\WDSMD.mdb). (Time=0 seconds) 
 
Saved Cache: 1 0 
Additional Data: lgposAttach = 00000001:00B9:0268,
dbv = 1568.180.400 (9360) 
 
Internal Timing Sequence: 
[1] 0.000003 +J(0)
[2] 0.001728 -0.001429 (1) WT +J(0) +M(C:0K, Fs:24, WS:32K # 0K, PF:32K # 0K, P:32K)
[3] 0.523716 -0.509907 (6) WT +J(CM:0, PgRf:0, Rd:0/0, Dy:0/0, Lg:3480/2) +M(C:0K, Fs:15, WS:24K # 0K, PF:24K # 0K, P:24K)
[4] 0.000142 +J(0)
[5] -
[6] -
[7] -
[8] 0.005802 -0.005493 (2) CM -0.005347 (2) WT +J(CM:2, PgRf:2, Rd:4/2, Dy:0/0, Lg:54/1) +M(C:120K, Fs:46, WS:128K # 0K, PF:140K # 0K, P:140K)
[9] 0.003721 -0.003405 (3) CM -0.003261 (3) WT +J(CM:3, PgRf:16, Rd:0/2, Dy:0/0, Lg:0/0) +M(C:-16K, Fs:40, WS:80K # 0K, PF:208K # 0K, P:208K)
[10] 0.000816 -0.000696 (1) CM -0.000624 (1) WT +J(CM:1, PgRf:35, Rd:0/1, Dy:0/0, Lg:0/0) +M(C:-28K, Fs:4, WS:-12K # 0K, PF:36K # 0K, P:36K)
[11] 0.000015 +J(CM:0, PgRf:1, Rd:0/0, Dy:0/0, Lg:0/0) +M(C:0K, Fs:3, WS:12K # 0K, PF:0K # 0K, P:0K)
[12] 0.000042 +J(CM:0, PgRf:42, Rd:0/0, Dy:0/0, Lg:0/0) +M(C:0K, Fs:1, WS:4K # 0K, PF:0K # 0K, P:0K)
[13] 0.0 +J(0)
[14] 0.0 +J(0)
[15] 0.000005 +J(CM:0, PgRf:1, Rd:0/0, Dy:0/0, Lg:0/0)."
"9/7/2026 9:34:45 PM","5617","Information","Microsoft-Windows-WMI","Windows Management Instrumentation Service subsystems initialized successfully"
"9/7/2026 9:34:45 PM","105","Information","ESENT","svchost (2600,D,0) WDS: The database engine started a new instance (0). (Time=1 seconds) 
 
Additional Data:
 lgposV2[] = 00000001:0001:0000 - 00000001:00B6:0309 - 00000001:00B7:0000 - 00000001:00B7:0000 (00000000:0000:0000)
cReInits = 53
 
 
Internal Timing Sequence: 
[1] 0.003768 +J(0) +M(C:0K, Fs:225, WS:884K # 884K, PF:5372K # 5372K, P:5372K)
[2] 0.001156 +J(0) +M(C:64K, Fs:100, WS:396K # 396K, PF:380K # 380K, P:380K)
[3] 0.000061 +J(0) +M(C:0K, Fs:6, WS:20K # 20K, PF:68K # 68K, P:68K)
[4] 0.000279 +J(0) +M(C:0K, Fs:22, WS:88K # 88K, PF:228K # 228K, P:228K)
[5] 0.000882 +J(0) +M(C:0K, Fs:9, WS:36K # 36K, PF:16K # 16K, P:16K)
[6] 0.004342 +J(0) +M(C:0K, Fs:27, WS:108K # 108K, PF:20K # 20K, P:20K)
[7] 0.354936 -0.344022 (11) WT +J(0) +M(C:0K, Fs:1299, WS:5188K # 5188K, PF:5128K # 5128K, P:5128K)
[8] 0.460763 -0.404793 (71) WT +J(CM:0, PgRf:0, Rd:0/0, Dy:0/0, Lg:738116/1146) +M(C:0K, Fs:1373, WS:388K # 420K, PF:252K # 284K, P:252K)
[9] 0.001062 +J(0) +M(C:0K, Fs:3, WS:12K # 0K, PF:0K # 0K, P:0K)
[10] 0.042627 -0.039951 (10) WT +J(0) +M(C:0K, Fs:8, WS:-5084K # 12K, PF:-5120K # 0K, P:-5120K)
[11] 0.000028 +J(CM:0, PgRf:0, Rd:0/0, Dy:0/0, Lg:49/1) +M(C:0K, Fs:2, WS:8K # 0K, PF:0K # 0K, P:0K)
[12] 0.007324 +J(0)
[13] 0.154584 -0.012714 (2) CM -0.106204 (31) WT +J(CM:2, PgRf:2, Rd:0/2, Dy:0/0, Lg:8759/5) +M(C:-56K, Fs:1348, WS:40K # 52K, PF:80K # 60K, P:80K)
[14] 0.000021 +J(0)
[15] 0.000047 +J(0)
[16] 0.006871 -0.006669 (1) WT +J(0) +M(C:0K, Fs:2, WS:0K # 0K, PF:0K # 0K, P:0K)."
"9/7/2026 9:34:45 PM","302","Information","ESENT","svchost (2600,U,98) WDS: The database engine has successfully completed recovery steps."
"9/7/2026 9:34:44 PM","301","Information","ESENT","svchost (2600,R,98) WDS: The database engine has finished replaying logfile C:\RemoteInstall\Stores\Metadata\WDS.log. 
 
Processing Stats: 
[1] 0.444877 -0.402511 (68) WT +J(CM:0, PgRf:0, Rd:0/0, Dy:0/0, Lg:738116/1146) +M(C:0K, Fs:1330, WS:228K # 260K, PF:168K # 200K, P:168K). 
Log record of type 'Insert   ' was seen most frequently (277 times)"
"9/7/2026 9:34:44 PM","335","Information","ESENT","svchost (2600,R,98) WDS: Replay of a Create for database ""C:\RemoteInstall\Stores\Metadata\WDSMD.mdb"" at log position (00000001,0001,0268) was deferred due to AttachFuture.  Additional information:  "
"9/7/2026 9:34:44 PM","300","Information","ESENT","svchost (2600,R,98) WDS: The database engine is initiating recovery steps."
"9/7/2026 9:34:44 PM","102","Information","ESENT","svchost (2600,P,98) WDS: The database engine (10.00.20348.0000) is starting a new instance (0)."
"9/7/2026 9:34:44 PM","517","Information","WDSServer","Provider WDSMC loaded from C:\Windows\system32\wdsmc.dll and initialized successfully."
"9/7/2026 9:34:42 PM","5615","Information","Microsoft-Windows-WMI","Windows Management Instrumentation Service started sucessfully"
"9/7/2026 9:34:42 PM","105","Information","VMTools","The service was started."
"9/7/2026 9:34:42 PM","1025","Information","WDSServer","The RPC server started on TCP port 5040. 
"
"9/7/2026 9:34:31 PM","1531","Information","Microsoft-Windows-User Profiles Service","The User Profile Service has started successfully.  

"
"9/7/2026 8:00:49 PM","38","Information","Microsoft-Windows-CertificationAuthority","Active Directory Certificate Services for scaffold-DC-CA was stopped."
"9/7/2026 9:34:31 PM","4625","Information","Microsoft-Windows-EventSystem","The EventSystem sub system is suppressing duplicate event log entries for a duration of 86400 seconds.  The suppression timeout can be controlled by a REG_DWORD value named SuppressDuplicateDuration under the following registry key: HKLM\Software\Microsoft\EventSystem\EventLog."
"9/7/2026 8:00:48 PM","1532","Information","Microsoft-Windows-User Profiles Service","The User Profile Service has stopped.  

"
"9/7/2026 8:00:48 PM","4111","Information","Microsoft-Windows-MSDTC","The MS DTC service is stopping."
"9/7/2026 8:00:48 PM","0","Information","Microsoft Deployment Toolkit Monitor Service","Service has been successfully shut down."
"9/7/2026 8:00:48 PM","17147","Information","MSSQL$SQLEXPRESS","SQL Server is terminating because of a system shutdown. This is an informational message only. No user action is required."
"9/7/2026 8:00:48 PM","108","Information","VMTools","The service was stopped."
"9/7/2026 8:00:48 PM","272","Information","VMUpgradeHelper","Saved network configuration."
"9/7/2026 8:00:48 PM","260","Information","VMUpgradeHelper","Saving network configuration."
"9/7/2026 8:00:48 PM","6000","Information","Microsoft-Windows-Winlogon","The winlogon notification subscriber <SessionEnv> was unavailable to handle a notification event."
"9/7/2026 8:00:48 PM","6000","Information","Microsoft-Windows-Winlogon","The winlogon notification subscriber <WSearch> was unavailable to handle a notification event."
"9/7/2026 7:59:32 PM","0","Information","Microsoft Deployment Toolkit Monitor Service","Service started successfully."
"9/7/2026 7:59:31 PM","5","Information","Microsoft-Windows-Search-ProfileNotify","Windows Search Service has created default configuration for new user 'SCAFFOLD\svc_mdtmonitor' .
"
"9/7/2026 7:57:50 PM","0","Information","Microsoft Deployment Toolkit Monitor Service","Service stopped successfully."
"9/7/2026 7:52:15 PM","1704","Information","SceCli","Security policy in the Group policy objects has been applied successfully."
"9/7/2026 7:48:27 PM","16384","Information","Microsoft-Windows-Security-SPP","Successfully scheduled Software Protection service for re-start at 2026-09-09T02:47:27Z. Reason: RulesEngine."
"9/7/2026 7:47:57 PM","8198","Error","Microsoft-Windows-Security-SPP","License Activation (slui.exe) failed with the following error code:
hr=0x80004005
Command-line arguments:
RuleId=3482d82e-ca2c-4e1f-8864-da0267b484b2;Action=AutoActivate;AppId=55c92734-d682-4d71-983e-d6ec3f16059f;SkuId=80f53cc1-120f-4e0e-875b-27c9f1caf7de;NotificationInterval=1440;Trigger=NetworkAvailable"
"9/7/2026 7:47:57 PM","16394","Information","Microsoft-Windows-Security-SPP","Offline downlevel migration succeeded."
"9/7/2026 7:43:49 PM","16384","Information","Microsoft-Windows-Security-SPP","Successfully scheduled Software Protection service for re-start at 2026-09-09T02:20:49Z. Reason: RulesEngine."
