"9/1/2026 8:17:16 PM","200","Information","Microsoft-Windows-TaskScheduler","Task Scheduler launched action ""%SystemRoot%\System32\dsregcmd.exe"" in instance ""{81fed243-b816-4d20-93c0-22cef29c7869}"" of task ""\Microsoft\Windows\Workplace Join\Automatic-Device-Join""."
"9/1/2026 8:17:16 PM","100","Information","Microsoft-Windows-TaskScheduler","Task Scheduler started ""{81fed243-b816-4d20-93c0-22cef29c7869}"" instance of the ""\Microsoft\Windows\Workplace Join\Automatic-Device-Join"" task for user ""NT AUTHORITY\SYSTEM""."
"9/1/2026 8:17:16 PM","129","Information","Microsoft-Windows-TaskScheduler","Task Scheduler launch task ""\Microsoft\Windows\Workplace Join\Automatic-Device-Join"" , instance ""%SystemRoot%\System32\dsregcmd.exe""  with process ID 2436."
"9/1/2026 8:17:16 PM","325","Warning","Microsoft-Windows-TaskScheduler","Task Scheduler queued instance ""{81fed243-b816-4d20-93c0-22cef29c7869}""  of task ""\Microsoft\Windows\Workplace Join\Automatic-Device-Join""."
"9/1/2026 8:17:16 PM","102","Information","Microsoft-Windows-TaskScheduler","Task Scheduler successfully finished ""{5e9f3927-6ba4-4a26-86bf-526540220868}"" instance of the ""\Microsoft\Windows\WwanSvc\OobeDiscovery"" task for user ""NT AUTHORITY\SYSTEM""."
"9/1/2026 8:17:16 PM","201","Information","Microsoft-Windows-TaskScheduler","Task Scheduler successfully completed task ""\Microsoft\Windows\WwanSvc\OobeDiscovery"" , instance ""{5e9f3927-6ba4-4a26-86bf-526540220868}"" , action ""OobeEsimTaskManager"" with return code 0."
"9/1/2026 8:17:16 PM","102","Information","Microsoft-Windows-TaskScheduler","Task Scheduler successfully finished ""{7ecc712c-8445-45b9-a6d9-965e29d1a93f}"" instance of the ""\Microsoft\Windows\ExploitGuard\ExploitGuard MDM policy Refresh"" task for user ""NT AUTHORITY\SYSTEM""."
"9/1/2026 8:17:16 PM","201","Information","Microsoft-Windows-TaskScheduler","Task Scheduler successfully completed task ""\Microsoft\Windows\ExploitGuard\ExploitGuard MDM policy Refresh"" , instance ""{7ecc712c-8445-45b9-a6d9-965e29d1a93f}"" , action """" with return code 0."
"9/1/2026 8:17:16 PM","102","Information","Microsoft-Windows-TaskScheduler","Task Scheduler successfully finished ""{fa63ce7c-865f-4854-85f6-0eebd26ad80b}"" instance of the ""\Microsoft\Windows\DirectX\DXGIAdapterCache"" task for user ""NT AUTHORITY\SYSTEM""."
"9/1/2026 8:17:16 PM","201","Information","Microsoft-Windows-TaskScheduler","Task Scheduler successfully completed task ""\Microsoft\Windows\DirectX\DXGIAdapterCache"" , instance ""{fa63ce7c-865f-4854-85f6-0eebd26ad80b}"" , action ""%windir%\system32\dxgiadaptercache.exe"" with return code 0."
"9/1/2026 8:17:16 PM","102","Information","Microsoft-Windows-TaskScheduler","Task Scheduler successfully finished ""{542f637c-2d88-4218-a4f8-9825259ecf10}"" instance of the ""\Microsoft\Windows\Time Synchronization\ForceSynchronizeTime"" task for user ""(NONE)""."
"9/1/2026 8:17:16 PM","201","Information","Microsoft-Windows-TaskScheduler","Task Scheduler successfully completed task ""\Microsoft\Windows\Time Synchronization\ForceSynchronizeTime"" , instance ""{542f637c-2d88-4218-a4f8-9825259ecf10}"" , action ""Time Synchronization Task Handler"" with return code 0."
"9/1/2026 8:17:15 PM","200","Information","Microsoft-Windows-TaskScheduler","Task Scheduler launched action ""Time Synchronization Task Handler"" in instance ""{542f637c-2d88-4218-a4f8-9825259ecf10}"" of task ""\Microsoft\Windows\Time Synchronization\ForceSynchronizeTime""."
"9/1/2026 8:17:15 PM","100","Information","Microsoft-Windows-TaskScheduler","Task Scheduler started ""{542f637c-2d88-4218-a4f8-9825259ecf10}"" instance of the ""\Microsoft\Windows\Time Synchronization\ForceSynchronizeTime"" task for user ""(NONE)""."
"9/1/2026 8:17:15 PM","129","Information","Microsoft-Windows-TaskScheduler","Task Scheduler launch task ""\Microsoft\Windows\Time Synchronization\ForceSynchronizeTime"" , instance ""taskhostw.exe""  with process ID 2332."
"9/1/2026 8:17:15 PM","200","Information","Microsoft-Windows-TaskScheduler","Task Scheduler launched action ""OobeEsimTaskManager"" in instance ""{5e9f3927-6ba4-4a26-86bf-526540220868}"" of task ""\Microsoft\Windows\WwanSvc\OobeDiscovery""."
"9/1/2026 8:17:15 PM","100","Information","Microsoft-Windows-TaskScheduler","Task Scheduler started ""{5e9f3927-6ba4-4a26-86bf-526540220868}"" instance of the ""\Microsoft\Windows\WwanSvc\OobeDiscovery"" task for user ""NT AUTHORITY\SYSTEM""."
"9/1/2026 8:17:15 PM","101","Error","Microsoft-Windows-TaskScheduler","Task Scheduler failed to start ""\Microsoft\Windows\Workplace Join\Automatic-Device-Join"" task for user ""(default user)"". Additional Data: Error Value: 2147943568."
"9/1/2026 8:17:15 PM","200","Information","Microsoft-Windows-TaskScheduler","Task Scheduler launched action """" in instance ""{7ecc712c-8445-45b9-a6d9-965e29d1a93f}"" of task ""\Microsoft\Windows\ExploitGuard\ExploitGuard MDM policy Refresh""."
"9/1/2026 8:17:15 PM","100","Information","Microsoft-Windows-TaskScheduler","Task Scheduler started ""{7ecc712c-8445-45b9-a6d9-965e29d1a93f}"" instance of the ""\Microsoft\Windows\ExploitGuard\ExploitGuard MDM policy Refresh"" task for user ""NT AUTHORITY\SYSTEM""."
"9/1/2026 8:17:15 PM","129","Information","Microsoft-Windows-TaskScheduler","Task Scheduler launch task ""\Microsoft\Windows\ExploitGuard\ExploitGuard MDM policy Refresh"" , instance ""taskhostw.exe""  with process ID 2036."
"9/1/2026 8:17:15 PM","200","Information","Microsoft-Windows-TaskScheduler","Task Scheduler launched action ""%windir%\system32\dxgiadaptercache.exe"" in instance ""{fa63ce7c-865f-4854-85f6-0eebd26ad80b}"" of task ""\Microsoft\Windows\DirectX\DXGIAdapterCache""."
"9/1/2026 8:17:15 PM","100","Information","Microsoft-Windows-TaskScheduler","Task Scheduler started ""{fa63ce7c-865f-4854-85f6-0eebd26ad80b}"" instance of the ""\Microsoft\Windows\DirectX\DXGIAdapterCache"" task for user ""NT AUTHORITY\SYSTEM""."
"9/1/2026 8:17:15 PM","129","Information","Microsoft-Windows-TaskScheduler","Task Scheduler launch task ""\Microsoft\Windows\DirectX\DXGIAdapterCache"" , instance ""%windir%\system32\dxgiadaptercache.exe""  with process ID 2012."
"9/1/2026 8:17:15 PM","118","Information","Microsoft-Windows-TaskScheduler","Task Scheduler launched ""{7ecc712c-8445-45b9-a6d9-965e29d1a93f}""  instance of task ""\Microsoft\Windows\ExploitGuard\ExploitGuard MDM policy Refresh""  due to system startup."
"9/1/2026 8:17:15 PM","400","Information","Microsoft-Windows-TaskScheduler","Task Scheduler service has started."
"9/1/2026 8:17:15 PM","700","Information","Microsoft-Windows-TaskScheduler","Task Scheduler service started Task Compatibility module."
"9/1/2026 7:25:42 PM","402","Information","Microsoft-Windows-TaskScheduler","Task Scheduler service is shutting down."
"9/1/2026 7:25:11 PM","102","Information","Microsoft-Windows-TaskScheduler","Task Scheduler successfully finished ""{8b2eecd5-decb-4a17-a8e7-f6e44619e5f5}"" instance of the ""\Microsoft\Windows\CertificateServicesClient\SystemTask"" task for user ""NT AUTHORITY\SYSTEM""."
"9/1/2026 7:25:11 PM","201","Information","Microsoft-Windows-TaskScheduler","Task Scheduler successfully completed task ""\Microsoft\Windows\CertificateServicesClient\SystemTask"" , instance ""{8b2eecd5-decb-4a17-a8e7-f6e44619e5f5}"" , action ""Certificate Services Client Task Handler"" with return code 0."
"9/1/2026 7:25:09 PM","102","Information","Microsoft-Windows-TaskScheduler","Task Scheduler successfully finished ""{0983b890-eae0-4bc6-8b4e-2c3a080aa847}"" instance of the ""\Microsoft\Windows\Workplace Join\Automatic-Device-Join"" task for user ""NT AUTHORITY\SYSTEM""."
"9/1/2026 7:25:09 PM","201","Information","Microsoft-Windows-TaskScheduler","Task Scheduler successfully completed task ""\Microsoft\Windows\Workplace Join\Automatic-Device-Join"" , instance ""{0983b890-eae0-4bc6-8b4e-2c3a080aa847}"" , action ""%SystemRoot%\System32\dsregcmd.exe"" with return code 0."
"9/1/2026 7:24:58 PM","200","Information","Microsoft-Windows-TaskScheduler","Task Scheduler launched action ""Certificate Services Client Task Handler"" in instance ""{8b2eecd5-decb-4a17-a8e7-f6e44619e5f5}"" of task ""\Microsoft\Windows\CertificateServicesClient\SystemTask""."
"9/1/2026 7:24:58 PM","100","Information","Microsoft-Windows-TaskScheduler","Task Scheduler started ""{8b2eecd5-decb-4a17-a8e7-f6e44619e5f5}"" instance of the ""\Microsoft\Windows\CertificateServicesClient\SystemTask"" task for user ""NT AUTHORITY\SYSTEM""."
"9/1/2026 7:24:58 PM","129","Information","Microsoft-Windows-TaskScheduler","Task Scheduler launch task ""\Microsoft\Windows\CertificateServicesClient\SystemTask"" , instance ""taskhostw.exe""  with process ID 4024."
"9/1/2026 7:24:58 PM","118","Information","Microsoft-Windows-TaskScheduler","Task Scheduler launched ""{8b2eecd5-decb-4a17-a8e7-f6e44619e5f5}""  instance of task ""\Microsoft\Windows\CertificateServicesClient\SystemTask""  due to system startup."
"9/1/2026 7:24:49 PM","110","Information","Microsoft-Windows-TaskScheduler","Task Scheduler launched ""{0983b890-eae0-4bc6-8b4e-2c3a080aa847}""  instance of task ""\Microsoft\Windows\Workplace Join\Automatic-Device-Join""  for user ""System"" ."
"9/1/2026 7:24:49 PM","200","Information","Microsoft-Windows-TaskScheduler","Task Scheduler launched action ""%SystemRoot%\System32\dsregcmd.exe"" in instance ""{0983b890-eae0-4bc6-8b4e-2c3a080aa847}"" of task ""\Microsoft\Windows\Workplace Join\Automatic-Device-Join""."
"9/1/2026 7:24:49 PM","100","Information","Microsoft-Windows-TaskScheduler","Task Scheduler started ""{0983b890-eae0-4bc6-8b4e-2c3a080aa847}"" instance of the ""\Microsoft\Windows\Workplace Join\Automatic-Device-Join"" task for user ""NT AUTHORITY\SYSTEM""."
"9/1/2026 7:24:49 PM","129","Information","Microsoft-Windows-TaskScheduler","Task Scheduler launch task ""\Microsoft\Windows\Workplace Join\Automatic-Device-Join"" , instance ""%SystemRoot%\System32\dsregcmd.exe""  with process ID 2468."
"9/1/2026 7:24:49 PM","325","Warning","Microsoft-Windows-TaskScheduler","Task Scheduler queued instance ""{0983b890-eae0-4bc6-8b4e-2c3a080aa847}""  of task ""\Microsoft\Windows\Workplace Join\Automatic-Device-Join""."
"9/1/2026 7:24:49 PM","102","Information","Microsoft-Windows-TaskScheduler","Task Scheduler successfully finished ""{939e3289-7315-4f05-98ac-8fe535ccb594}"" instance of the ""\Microsoft\Windows\WwanSvc\OobeDiscovery"" task for user ""NT AUTHORITY\SYSTEM""."
"9/1/2026 7:24:49 PM","201","Information","Microsoft-Windows-TaskScheduler","Task Scheduler successfully completed task ""\Microsoft\Windows\WwanSvc\OobeDiscovery"" , instance ""{939e3289-7315-4f05-98ac-8fe535ccb594}"" , action ""OobeEsimTaskManager"" with return code 0."
"9/1/2026 7:24:49 PM","102","Information","Microsoft-Windows-TaskScheduler","Task Scheduler successfully finished ""{c39ebe80-9072-4cfa-a27c-b09441ac681e}"" instance of the ""\Microsoft\Windows\ExploitGuard\ExploitGuard MDM policy Refresh"" task for user ""NT AUTHORITY\SYSTEM""."
"9/1/2026 7:24:49 PM","201","Information","Microsoft-Windows-TaskScheduler","Task Scheduler successfully completed task ""\Microsoft\Windows\ExploitGuard\ExploitGuard MDM policy Refresh"" , instance ""{c39ebe80-9072-4cfa-a27c-b09441ac681e}"" , action """" with return code 0."
"9/1/2026 7:24:49 PM","102","Information","Microsoft-Windows-TaskScheduler","Task Scheduler successfully finished ""{5b698b43-3b04-4372-94ff-215dd7f131a7}"" instance of the ""\Microsoft\Windows\DirectX\DXGIAdapterCache"" task for user ""NT AUTHORITY\SYSTEM""."
"9/1/2026 7:24:49 PM","201","Information","Microsoft-Windows-TaskScheduler","Task Scheduler successfully completed task ""\Microsoft\Windows\DirectX\DXGIAdapterCache"" , instance ""{5b698b43-3b04-4372-94ff-215dd7f131a7}"" , action ""%windir%\system32\dxgiadaptercache.exe"" with return code 0."
"9/1/2026 7:24:49 PM","102","Information","Microsoft-Windows-TaskScheduler","Task Scheduler successfully finished ""{17e0879f-17d2-447d-8380-692ef1d82965}"" instance of the ""\Microsoft\Windows\Time Synchronization\ForceSynchronizeTime"" task for user ""(NONE)""."
"9/1/2026 7:24:49 PM","201","Information","Microsoft-Windows-TaskScheduler","Task Scheduler successfully completed task ""\Microsoft\Windows\Time Synchronization\ForceSynchronizeTime"" , instance ""{17e0879f-17d2-447d-8380-692ef1d82965}"" , action ""Time Synchronization Task Handler"" with return code 0."
"9/1/2026 7:24:48 PM","200","Information","Microsoft-Windows-TaskScheduler","Task Scheduler launched action ""Time Synchronization Task Handler"" in instance ""{17e0879f-17d2-447d-8380-692ef1d82965}"" of task ""\Microsoft\Windows\Time Synchronization\ForceSynchronizeTime""."
"9/1/2026 7:24:48 PM","100","Information","Microsoft-Windows-TaskScheduler","Task Scheduler started ""{17e0879f-17d2-447d-8380-692ef1d82965}"" instance of the ""\Microsoft\Windows\Time Synchronization\ForceSynchronizeTime"" task for user ""(NONE)""."
"9/1/2026 7:24:48 PM","129","Information","Microsoft-Windows-TaskScheduler","Task Scheduler launch task ""\Microsoft\Windows\Time Synchronization\ForceSynchronizeTime"" , instance ""taskhostw.exe""  with process ID 2340."
"9/1/2026 7:24:48 PM","200","Information","Microsoft-Windows-TaskScheduler","Task Scheduler launched action ""OobeEsimTaskManager"" in instance ""{939e3289-7315-4f05-98ac-8fe535ccb594}"" of task ""\Microsoft\Windows\WwanSvc\OobeDiscovery""."
"9/1/2026 7:24:48 PM","100","Information","Microsoft-Windows-TaskScheduler","Task Scheduler started ""{939e3289-7315-4f05-98ac-8fe535ccb594}"" instance of the ""\Microsoft\Windows\WwanSvc\OobeDiscovery"" task for user ""NT AUTHORITY\SYSTEM""."
"9/1/2026 7:24:48 PM","101","Error","Microsoft-Windows-TaskScheduler","Task Scheduler failed to start ""\Microsoft\Windows\Workplace Join\Automatic-Device-Join"" task for user ""(default user)"". Additional Data: Error Value: 2147943568."
"9/1/2026 7:24:48 PM","200","Information","Microsoft-Windows-TaskScheduler","Task Scheduler launched action """" in instance ""{c39ebe80-9072-4cfa-a27c-b09441ac681e}"" of task ""\Microsoft\Windows\ExploitGuard\ExploitGuard MDM policy Refresh""."
"9/1/2026 7:24:48 PM","100","Information","Microsoft-Windows-TaskScheduler","Task Scheduler started ""{c39ebe80-9072-4cfa-a27c-b09441ac681e}"" instance of the ""\Microsoft\Windows\ExploitGuard\ExploitGuard MDM policy Refresh"" task for user ""NT AUTHORITY\SYSTEM""."
"9/1/2026 7:24:48 PM","200","Information","Microsoft-Windows-TaskScheduler","Task Scheduler launched action ""%windir%\system32\dxgiadaptercache.exe"" in instance ""{5b698b43-3b04-4372-94ff-215dd7f131a7}"" of task ""\Microsoft\Windows\DirectX\DXGIAdapterCache""."
"9/1/2026 7:24:48 PM","100","Information","Microsoft-Windows-TaskScheduler","Task Scheduler started ""{5b698b43-3b04-4372-94ff-215dd7f131a7}"" instance of the ""\Microsoft\Windows\DirectX\DXGIAdapterCache"" task for user ""NT AUTHORITY\SYSTEM""."
"9/1/2026 7:24:48 PM","129","Information","Microsoft-Windows-TaskScheduler","Task Scheduler launch task ""\Microsoft\Windows\ExploitGuard\ExploitGuard MDM policy Refresh"" , instance ""taskhostw.exe""  with process ID 1412."
"9/1/2026 7:24:48 PM","129","Information","Microsoft-Windows-TaskScheduler","Task Scheduler launch task ""\Microsoft\Windows\DirectX\DXGIAdapterCache"" , instance ""%windir%\system32\dxgiadaptercache.exe""  with process ID 1128."
"9/1/2026 7:24:48 PM","118","Information","Microsoft-Windows-TaskScheduler","Task Scheduler launched ""{c39ebe80-9072-4cfa-a27c-b09441ac681e}""  instance of task ""\Microsoft\Windows\ExploitGuard\ExploitGuard MDM policy Refresh""  due to system startup."
"9/1/2026 7:24:48 PM","400","Information","Microsoft-Windows-TaskScheduler","Task Scheduler service has started."
"9/1/2026 7:24:48 PM","700","Information","Microsoft-Windows-TaskScheduler","Task Scheduler service started Task Compatibility module."
"9/1/2026 7:17:51 PM","402","Information","Microsoft-Windows-TaskScheduler","Task Scheduler service is shutting down."
"9/1/2026 7:17:28 PM","102","Information","Microsoft-Windows-TaskScheduler","Task Scheduler successfully finished ""{051bd7b7-fa5e-47f6-b527-59faae0c2579}"" instance of the ""\Microsoft\Windows\CertificateServicesClient\SystemTask"" task for user ""NT AUTHORITY\SYSTEM""."
"9/1/2026 7:17:28 PM","201","Information","Microsoft-Windows-TaskScheduler","Task Scheduler successfully completed task ""\Microsoft\Windows\CertificateServicesClient\SystemTask"" , instance ""{051bd7b7-fa5e-47f6-b527-59faae0c2579}"" , action ""Certificate Services Client Task Handler"" with return code 0."
"9/1/2026 7:17:25 PM","102","Information","Microsoft-Windows-TaskScheduler","Task Scheduler successfully finished ""{0a50aff5-465f-49fe-a5a9-ef9353cdb0c9}"" instance of the ""\Microsoft\Windows\Workplace Join\Automatic-Device-Join"" task for user ""NT AUTHORITY\SYSTEM""."
"9/1/2026 7:17:25 PM","201","Information","Microsoft-Windows-TaskScheduler","Task Scheduler successfully completed task ""\Microsoft\Windows\Workplace Join\Automatic-Device-Join"" , instance ""{0a50aff5-465f-49fe-a5a9-ef9353cdb0c9}"" , action ""%SystemRoot%\System32\dsregcmd.exe"" with return code 0."
"9/1/2026 7:17:14 PM","200","Information","Microsoft-Windows-TaskScheduler","Task Scheduler launched action ""Certificate Services Client Task Handler"" in instance ""{051bd7b7-fa5e-47f6-b527-59faae0c2579}"" of task ""\Microsoft\Windows\CertificateServicesClient\SystemTask""."
"9/1/2026 7:17:14 PM","100","Information","Microsoft-Windows-TaskScheduler","Task Scheduler started ""{051bd7b7-fa5e-47f6-b527-59faae0c2579}"" instance of the ""\Microsoft\Windows\CertificateServicesClient\SystemTask"" task for user ""NT AUTHORITY\SYSTEM""."
"9/1/2026 7:17:14 PM","129","Information","Microsoft-Windows-TaskScheduler","Task Scheduler launch task ""\Microsoft\Windows\CertificateServicesClient\SystemTask"" , instance ""taskhostw.exe""  with process ID 4528."
"9/1/2026 7:17:14 PM","118","Information","Microsoft-Windows-TaskScheduler","Task Scheduler launched ""{051bd7b7-fa5e-47f6-b527-59faae0c2579}""  instance of task ""\Microsoft\Windows\CertificateServicesClient\SystemTask""  due to system startup."
"9/1/2026 7:17:05 PM","200","Information","Microsoft-Windows-TaskScheduler","Task Scheduler launched action ""%SystemRoot%\System32\dsregcmd.exe"" in instance ""{0a50aff5-465f-49fe-a5a9-ef9353cdb0c9}"" of task ""\Microsoft\Windows\Workplace Join\Automatic-Device-Join""."
"9/1/2026 7:17:05 PM","100","Information","Microsoft-Windows-TaskScheduler","Task Scheduler started ""{0a50aff5-465f-49fe-a5a9-ef9353cdb0c9}"" instance of the ""\Microsoft\Windows\Workplace Join\Automatic-Device-Join"" task for user ""NT AUTHORITY\SYSTEM""."
"9/1/2026 7:17:05 PM","129","Information","Microsoft-Windows-TaskScheduler","Task Scheduler launch task ""\Microsoft\Windows\Workplace Join\Automatic-Device-Join"" , instance ""%SystemRoot%\System32\dsregcmd.exe""  with process ID 2464."
"9/1/2026 7:17:05 PM","110","Information","Microsoft-Windows-TaskScheduler","Task Scheduler launched ""{0a50aff5-465f-49fe-a5a9-ef9353cdb0c9}""  instance of task ""\Microsoft\Windows\Workplace Join\Automatic-Device-Join""  for user ""System"" ."
"9/1/2026 7:17:05 PM","325","Warning","Microsoft-Windows-TaskScheduler","Task Scheduler queued instance ""{0a50aff5-465f-49fe-a5a9-ef9353cdb0c9}""  of task ""\Microsoft\Windows\Workplace Join\Automatic-Device-Join""."
"9/1/2026 7:17:05 PM","102","Information","Microsoft-Windows-TaskScheduler","Task Scheduler successfully finished ""{dbcdde18-be32-4da9-b9ce-a09ab80b26e8}"" instance of the ""\Microsoft\Windows\WwanSvc\OobeDiscovery"" task for user ""NT AUTHORITY\SYSTEM""."
"9/1/2026 7:17:05 PM","201","Information","Microsoft-Windows-TaskScheduler","Task Scheduler successfully completed task ""\Microsoft\Windows\WwanSvc\OobeDiscovery"" , instance ""{dbcdde18-be32-4da9-b9ce-a09ab80b26e8}"" , action ""OobeEsimTaskManager"" with return code 0."
"9/1/2026 7:17:04 PM","102","Information","Microsoft-Windows-TaskScheduler","Task Scheduler successfully finished ""{1e37e777-2807-4b21-ae8c-bbe1705132eb}"" instance of the ""\Microsoft\Windows\ExploitGuard\ExploitGuard MDM policy Refresh"" task for user ""NT AUTHORITY\SYSTEM""."
"9/1/2026 7:17:04 PM","201","Information","Microsoft-Windows-TaskScheduler","Task Scheduler successfully completed task ""\Microsoft\Windows\ExploitGuard\ExploitGuard MDM policy Refresh"" , instance ""{1e37e777-2807-4b21-ae8c-bbe1705132eb}"" , action """" with return code 0."
"9/1/2026 7:17:04 PM","102","Information","Microsoft-Windows-TaskScheduler","Task Scheduler successfully finished ""{93d5fa17-27a5-4eda-b609-d7d4f80844d5}"" instance of the ""\Microsoft\Windows\DirectX\DXGIAdapterCache"" task for user ""NT AUTHORITY\SYSTEM""."
"9/1/2026 7:17:04 PM","201","Information","Microsoft-Windows-TaskScheduler","Task Scheduler successfully completed task ""\Microsoft\Windows\DirectX\DXGIAdapterCache"" , instance ""{93d5fa17-27a5-4eda-b609-d7d4f80844d5}"" , action ""%windir%\system32\dxgiadaptercache.exe"" with return code 0."
"9/1/2026 7:17:04 PM","102","Information","Microsoft-Windows-TaskScheduler","Task Scheduler successfully finished ""{e612d79e-cee8-4d43-ac9c-f6a2e16844e4}"" instance of the ""\Microsoft\Windows\Time Synchronization\ForceSynchronizeTime"" task for user ""(NONE)""."
"9/1/2026 7:17:04 PM","201","Information","Microsoft-Windows-TaskScheduler","Task Scheduler successfully completed task ""\Microsoft\Windows\Time Synchronization\ForceSynchronizeTime"" , instance ""{e612d79e-cee8-4d43-ac9c-f6a2e16844e4}"" , action ""Time Synchronization Task Handler"" with return code 0."
"9/1/2026 7:17:04 PM","200","Information","Microsoft-Windows-TaskScheduler","Task Scheduler launched action ""Time Synchronization Task Handler"" in instance ""{e612d79e-cee8-4d43-ac9c-f6a2e16844e4}"" of task ""\Microsoft\Windows\Time Synchronization\ForceSynchronizeTime""."
"9/1/2026 7:17:04 PM","100","Information","Microsoft-Windows-TaskScheduler","Task Scheduler started ""{e612d79e-cee8-4d43-ac9c-f6a2e16844e4}"" instance of the ""\Microsoft\Windows\Time Synchronization\ForceSynchronizeTime"" task for user ""(NONE)""."
"9/1/2026 7:17:04 PM","129","Information","Microsoft-Windows-TaskScheduler","Task Scheduler launch task ""\Microsoft\Windows\Time Synchronization\ForceSynchronizeTime"" , instance ""taskhostw.exe""  with process ID 2360."
"9/1/2026 7:17:04 PM","200","Information","Microsoft-Windows-TaskScheduler","Task Scheduler launched action ""OobeEsimTaskManager"" in instance ""{dbcdde18-be32-4da9-b9ce-a09ab80b26e8}"" of task ""\Microsoft\Windows\WwanSvc\OobeDiscovery""."
"9/1/2026 7:17:04 PM","100","Information","Microsoft-Windows-TaskScheduler","Task Scheduler started ""{dbcdde18-be32-4da9-b9ce-a09ab80b26e8}"" instance of the ""\Microsoft\Windows\WwanSvc\OobeDiscovery"" task for user ""NT AUTHORITY\SYSTEM""."
"9/1/2026 7:17:04 PM","101","Error","Microsoft-Windows-TaskScheduler","Task Scheduler failed to start ""\Microsoft\Windows\Workplace Join\Automatic-Device-Join"" task for user ""(default user)"". Additional Data: Error Value: 2147943568."
"9/1/2026 7:17:04 PM","200","Information","Microsoft-Windows-TaskScheduler","Task Scheduler launched action ""%windir%\system32\dxgiadaptercache.exe"" in instance ""{93d5fa17-27a5-4eda-b609-d7d4f80844d5}"" of task ""\Microsoft\Windows\DirectX\DXGIAdapterCache""."
"9/1/2026 7:17:04 PM","100","Information","Microsoft-Windows-TaskScheduler","Task Scheduler started ""{93d5fa17-27a5-4eda-b609-d7d4f80844d5}"" instance of the ""\Microsoft\Windows\DirectX\DXGIAdapterCache"" task for user ""NT AUTHORITY\SYSTEM""."
"9/1/2026 7:17:04 PM","200","Information","Microsoft-Windows-TaskScheduler","Task Scheduler launched action """" in instance ""{1e37e777-2807-4b21-ae8c-bbe1705132eb}"" of task ""\Microsoft\Windows\ExploitGuard\ExploitGuard MDM policy Refresh""."
"9/1/2026 7:17:04 PM","100","Information","Microsoft-Windows-TaskScheduler","Task Scheduler started ""{1e37e777-2807-4b21-ae8c-bbe1705132eb}"" instance of the ""\Microsoft\Windows\ExploitGuard\ExploitGuard MDM policy Refresh"" task for user ""NT AUTHORITY\SYSTEM""."
"9/1/2026 7:17:04 PM","129","Information","Microsoft-Windows-TaskScheduler","Task Scheduler launch task ""\Microsoft\Windows\DirectX\DXGIAdapterCache"" , instance ""%windir%\system32\dxgiadaptercache.exe""  with process ID 1260."
"9/1/2026 7:17:04 PM","129","Information","Microsoft-Windows-TaskScheduler","Task Scheduler launch task ""\Microsoft\Windows\ExploitGuard\ExploitGuard MDM policy Refresh"" , instance ""taskhostw.exe""  with process ID 1072."
"9/1/2026 7:17:04 PM","118","Information","Microsoft-Windows-TaskScheduler","Task Scheduler launched ""{1e37e777-2807-4b21-ae8c-bbe1705132eb}""  instance of task ""\Microsoft\Windows\ExploitGuard\ExploitGuard MDM policy Refresh""  due to system startup."
"9/1/2026 7:17:03 PM","400","Information","Microsoft-Windows-TaskScheduler","Task Scheduler service has started."
"9/1/2026 7:17:03 PM","700","Information","Microsoft-Windows-TaskScheduler","Task Scheduler service started Task Compatibility module."
"9/1/2026 5:18:22 PM","402","Information","Microsoft-Windows-TaskScheduler","Task Scheduler service is shutting down."
"9/1/2026 5:18:21 PM","111","Information","Microsoft-Windows-TaskScheduler","Task Scheduler terminated ""{09565e58-d924-4012-a96c-129789e7fb0d}""  instance of the ""\Microsoft\Windows\Application Experience\ProgramDataUpdater""  task."
"9/1/2026 5:18:21 PM","102","Information","Microsoft-Windows-TaskScheduler","Task Scheduler successfully finished ""{09565e58-d924-4012-a96c-129789e7fb0d}"" instance of the ""\Microsoft\Windows\Application Experience\ProgramDataUpdater"" task for user ""NT AUTHORITY\SYSTEM""."
"9/1/2026 5:18:21 PM","201","Information","Microsoft-Windows-TaskScheduler","Task Scheduler successfully completed task ""\Microsoft\Windows\Application Experience\ProgramDataUpdater"" , instance ""{09565e58-d924-4012-a96c-129789e7fb0d}"" , action ""%windir%\system32\compattelrunner.exe"" with return code 2147943691."
"9/1/2026 5:18:07 PM","140","Information","Microsoft-Windows-TaskScheduler","User ""SCAFFOLD\DC$""  updated Task Scheduler task ""\Microsoft\Windows\SoftwareProtectionPlatform\SvcRestartTask"""
"9/1/2026 5:17:27 PM","142","Information","Microsoft-Windows-TaskScheduler","User ""NETWORK SERVICE""  disabled Task Scheduler task ""\Microsoft\Windows\SoftwareProtectionPlatform\SvcRestartTaskNetwork"""
"9/1/2026 5:17:27 PM","142","Information","Microsoft-Windows-TaskScheduler","User ""INTERACTIVE""  disabled Task Scheduler task ""\Microsoft\Windows\SoftwareProtectionPlatform\SvcRestartTaskLogon"""
"9/1/2026 5:16:41 PM","102","Information","Microsoft-Windows-TaskScheduler","Task Scheduler successfully finished ""{9ad49e15-b026-44c7-8c4e-427353f97269}"" instance of the ""\Scaffold\ScaffoldDeployEngine"" task for user ""NT AUTHORITY\SYSTEM""."
"9/1/2026 5:16:41 PM","201","Information","Microsoft-Windows-TaskScheduler","Task Scheduler successfully completed task ""\Scaffold\ScaffoldDeployEngine"" , instance ""{9ad49e15-b026-44c7-8c4e-427353f97269}"" , action ""powershell.exe"" with return code 0."
"9/1/2026 5:16:41 PM","200","Information","Microsoft-Windows-TaskScheduler","Task Scheduler launched action ""powershell.exe"" in instance ""{9ad49e15-b026-44c7-8c4e-427353f97269}"" of task ""\Scaffold\ScaffoldDeployEngine""."
"9/1/2026 5:16:41 PM","100","Information","Microsoft-Windows-TaskScheduler","Task Scheduler started ""{9ad49e15-b026-44c7-8c4e-427353f97269}"" instance of the ""\Scaffold\ScaffoldDeployEngine"" task for user ""NT AUTHORITY\SYSTEM""."
"9/1/2026 5:16:41 PM","129","Information","Microsoft-Windows-TaskScheduler","Task Scheduler launch task ""\Scaffold\ScaffoldDeployEngine"" , instance ""powershell.exe""  with process ID 380."
"9/1/2026 5:16:41 PM","107","Information","Microsoft-Windows-TaskScheduler","Task Scheduler launched ""{9ad49e15-b026-44c7-8c4e-427353f97269}""  instance of task ""\Scaffold\ScaffoldDeployEngine"" due to a time trigger condition."
"9/1/2026 5:14:41 PM","102","Information","Microsoft-Windows-TaskScheduler","Task Scheduler successfully finished ""{d6449d28-d733-42b2-b2ea-afe3bce38b3f}"" instance of the ""\Scaffold\ScaffoldDeployEngine"" task for user ""NT AUTHORITY\SYSTEM""."
"9/1/2026 5:14:41 PM","201","Information","Microsoft-Windows-TaskScheduler","Task Scheduler successfully completed task ""\Scaffold\ScaffoldDeployEngine"" , instance ""{d6449d28-d733-42b2-b2ea-afe3bce38b3f}"" , action ""powershell.exe"" with return code 0."
"9/1/2026 5:14:41 PM","200","Information","Microsoft-Windows-TaskScheduler","Task Scheduler launched action ""powershell.exe"" in instance ""{d6449d28-d733-42b2-b2ea-afe3bce38b3f}"" of task ""\Scaffold\ScaffoldDeployEngine""."
"9/1/2026 5:14:41 PM","100","Information","Microsoft-Windows-TaskScheduler","Task Scheduler started ""{d6449d28-d733-42b2-b2ea-afe3bce38b3f}"" instance of the ""\Scaffold\ScaffoldDeployEngine"" task for user ""NT AUTHORITY\SYSTEM""."
"9/1/2026 5:14:41 PM","129","Information","Microsoft-Windows-TaskScheduler","Task Scheduler launch task ""\Scaffold\ScaffoldDeployEngine"" , instance ""powershell.exe""  with process ID 2452."
"9/1/2026 5:14:41 PM","107","Information","Microsoft-Windows-TaskScheduler","Task Scheduler launched ""{d6449d28-d733-42b2-b2ea-afe3bce38b3f}""  instance of task ""\Scaffold\ScaffoldDeployEngine"" due to a time trigger condition."
"9/1/2026 5:14:09 PM","140","Information","Microsoft-Windows-TaskScheduler","User ""SCAFFOLD\DC$""  updated Task Scheduler task ""\Microsoft\Windows\SoftwareProtectionPlatform\SvcRestartTask"""
"9/1/2026 5:13:38 PM","102","Information","Microsoft-Windows-TaskScheduler","Task Scheduler successfully finished ""{281c72cb-2f79-4946-90bb-a94d3506331b}"" instance of the ""\Microsoft\Windows\.NET Framework\.NET Framework NGEN v4.0.30319 64"" task for user ""NT AUTHORITY\SYSTEM""."
"9/1/2026 5:13:38 PM","201","Information","Microsoft-Windows-TaskScheduler","Task Scheduler successfully completed task ""\Microsoft\Windows\.NET Framework\.NET Framework NGEN v4.0.30319 64"" , instance ""{281c72cb-2f79-4946-90bb-a94d3506331b}"" , action """" with return code 0."
"9/1/2026 5:13:38 PM","102","Information","Microsoft-Windows-TaskScheduler","Task Scheduler successfully finished ""{08001819-04b1-4b37-b404-17763d393521}"" instance of the ""\Microsoft\Windows\.NET Framework\.NET Framework NGEN v4.0.30319"" task for user ""NT AUTHORITY\SYSTEM""."
"9/1/2026 5:13:38 PM","201","Information","Microsoft-Windows-TaskScheduler","Task Scheduler successfully completed task ""\Microsoft\Windows\.NET Framework\.NET Framework NGEN v4.0.30319"" , instance ""{08001819-04b1-4b37-b404-17763d393521}"" , action """" with return code 0."
"9/1/2026 5:13:38 PM","140","Information","Microsoft-Windows-TaskScheduler","User ""SYSTEM""  updated Task Scheduler task ""\Microsoft\Windows\.NET Framework\.NET Framework NGEN v4.0.30319 64"""
"9/1/2026 5:13:38 PM","140","Information","Microsoft-Windows-TaskScheduler","User ""SYSTEM""  updated Task Scheduler task ""\Microsoft\Windows\.NET Framework\.NET Framework NGEN v4.0.30319"""
"9/1/2026 5:13:38 PM","200","Information","Microsoft-Windows-TaskScheduler","Task Scheduler launched action """" in instance ""{08001819-04b1-4b37-b404-17763d393521}"" of task ""\Microsoft\Windows\.NET Framework\.NET Framework NGEN v4.0.30319""."
"9/1/2026 5:13:38 PM","100","Information","Microsoft-Windows-TaskScheduler","Task Scheduler started ""{08001819-04b1-4b37-b404-17763d393521}"" instance of the ""\Microsoft\Windows\.NET Framework\.NET Framework NGEN v4.0.30319"" task for user ""NT AUTHORITY\SYSTEM""."
"9/1/2026 5:13:38 PM","200","Information","Microsoft-Windows-TaskScheduler","Task Scheduler launched action """" in instance ""{281c72cb-2f79-4946-90bb-a94d3506331b}"" of task ""\Microsoft\Windows\.NET Framework\.NET Framework NGEN v4.0.30319 64""."
"9/1/2026 5:13:38 PM","100","Information","Microsoft-Windows-TaskScheduler","Task Scheduler started ""{281c72cb-2f79-4946-90bb-a94d3506331b}"" instance of the ""\Microsoft\Windows\.NET Framework\.NET Framework NGEN v4.0.30319 64"" task for user ""NT AUTHORITY\SYSTEM""."
"9/1/2026 5:13:38 PM","129","Information","Microsoft-Windows-TaskScheduler","Task Scheduler launch task ""\Microsoft\Windows\.NET Framework\.NET Framework NGEN v4.0.30319 64"" , instance ""taskhostw.exe""  with process ID 3172."
"9/1/2026 5:13:38 PM","325","Warning","Microsoft-Windows-TaskScheduler","Task Scheduler queued instance ""{b690c82a-88c3-4f6f-a4b9-c96c1ed5fc4f}""  of task ""\Microsoft\Windows\Power Efficiency Diagnostics\AnalyzeSystem""."
"9/1/2026 5:13:38 PM","102","Information","Microsoft-Windows-TaskScheduler","Task Scheduler successfully finished ""{0e34dcff-e70a-46e3-911b-cc83cec58f46}"" instance of the ""\Microsoft\Windows\.NET Framework\.NET Framework NGEN v4.0.30319"" task for user ""NT AUTHORITY\SYSTEM""."
"9/1/2026 5:13:38 PM","201","Information","Microsoft-Windows-TaskScheduler","Task Scheduler successfully completed task ""\Microsoft\Windows\.NET Framework\.NET Framework NGEN v4.0.30319"" , instance ""{0e34dcff-e70a-46e3-911b-cc83cec58f46}"" , action """" with return code 0."
"9/1/2026 5:13:37 PM","140","Information","Microsoft-Windows-TaskScheduler","User ""SYSTEM""  updated Task Scheduler task ""\Microsoft\Windows\.NET Framework\.NET Framework NGEN v4.0.30319"""
"9/1/2026 5:13:37 PM","102","Information","Microsoft-Windows-TaskScheduler","Task Scheduler successfully finished ""{ee353243-e970-4f00-a81d-8c3a09151fa3}"" instance of the ""\Microsoft\Windows\ApplicationData\DsSvcCleanup"" task for user ""NT AUTHORITY\SYSTEM""."
"9/1/2026 5:13:37 PM","201","Information","Microsoft-Windows-TaskScheduler","Task Scheduler successfully completed task ""\Microsoft\Windows\ApplicationData\DsSvcCleanup"" , instance ""{ee353243-e970-4f00-a81d-8c3a09151fa3}"" , action ""%windir%\system32\dstokenclean.exe"" with return code 0."
"9/1/2026 5:13:37 PM","102","Information","Microsoft-Windows-TaskScheduler","Task Scheduler successfully finished ""{15e3c163-9123-4649-9e7e-1fd5a085ebc3}"" instance of the ""\Microsoft\Windows\.NET Framework\.NET Framework NGEN v4.0.30319 64"" task for user ""NT AUTHORITY\SYSTEM""."
"9/1/2026 5:13:37 PM","201","Information","Microsoft-Windows-TaskScheduler","Task Scheduler successfully completed task ""\Microsoft\Windows\.NET Framework\.NET Framework NGEN v4.0.30319 64"" , instance ""{15e3c163-9123-4649-9e7e-1fd5a085ebc3}"" , action """" with return code 0."
"9/1/2026 5:13:37 PM","102","Information","Microsoft-Windows-TaskScheduler","Task Scheduler successfully finished ""{1273090e-4395-42d6-82ae-9ebab9bc9d94}"" instance of the ""\Microsoft\Windows\MUI\LPRemove"" task for user ""NT AUTHORITY\SYSTEM""."
"9/1/2026 5:13:37 PM","201","Information","Microsoft-Windows-TaskScheduler","Task Scheduler successfully completed task ""\Microsoft\Windows\MUI\LPRemove"" , instance ""{1273090e-4395-42d6-82ae-9ebab9bc9d94}"" , action ""%windir%\system32\lpremove.exe"" with return code 0."
"9/1/2026 5:13:37 PM","102","Information","Microsoft-Windows-TaskScheduler","Task Scheduler successfully finished ""{2351373b-2e0f-40c0-be61-59537e32b796}"" instance of the ""\Microsoft\Windows\Time Synchronization\SynchronizeTime"" task for user ""(NONE)""."
"9/1/2026 5:13:37 PM","201","Information","Microsoft-Windows-TaskScheduler","Task Scheduler successfully completed task ""\Microsoft\Windows\Time Synchronization\SynchronizeTime"" , instance ""{2351373b-2e0f-40c0-be61-59537e32b796}"" , action ""%windir%\system32\sc.exe"" with return code 2147943456."
"9/1/2026 5:13:37 PM","140","Information","Microsoft-Windows-TaskScheduler","User ""SYSTEM""  updated Task Scheduler task ""\Microsoft\Windows\.NET Framework\.NET Framework NGEN v4.0.30319 64"""
"9/1/2026 5:13:37 PM","102","Information","Microsoft-Windows-TaskScheduler","Task Scheduler successfully finished ""{9cd19da8-82c1-40e5-8ff7-1eb99e6b6624}"" instance of the ""\Microsoft\Windows\StateRepository\MaintenanceTasks"" task for user ""NT AUTHORITY\SYSTEM""."
"9/1/2026 5:13:37 PM","201","Information","Microsoft-Windows-TaskScheduler","Task Scheduler successfully completed task ""\Microsoft\Windows\StateRepository\MaintenanceTasks"" , instance ""{9cd19da8-82c1-40e5-8ff7-1eb99e6b6624}"" , action ""%windir%\system32\rundll32.exe"" with return code 0."
"9/1/2026 5:13:37 PM","102","Information","Microsoft-Windows-TaskScheduler","Task Scheduler successfully finished ""{8581ef99-bf29-49bf-852a-5e7bd68dd78c}"" instance of the ""\Microsoft\Windows\Flighting\FeatureConfig\UsageDataReporting"" task for user ""NT AUTHORITY\SYSTEM""."
"9/1/2026 5:13:37 PM","201","Information","Microsoft-Windows-TaskScheduler","Task Scheduler successfully completed task ""\Microsoft\Windows\Flighting\FeatureConfig\UsageDataReporting"" , instance ""{8581ef99-bf29-49bf-852a-5e7bd68dd78c}"" , action ""Feature Usage Data Reporting Task Handler"" with return code 0."
"9/1/2026 5:13:37 PM","102","Information","Microsoft-Windows-TaskScheduler","Task Scheduler successfully finished ""{08353de1-fc7a-4bcc-a585-31b6d50130fa}"" instance of the ""\Microsoft\Windows\DiskFootprint\Diagnostics"" task for user ""NT AUTHORITY\SYSTEM""."
"9/1/2026 5:13:37 PM","201","Information","Microsoft-Windows-TaskScheduler","Task Scheduler successfully completed task ""\Microsoft\Windows\DiskFootprint\Diagnostics"" , instance ""{08353de1-fc7a-4bcc-a585-31b6d50130fa}"" , action ""%windir%\system32\disksnapshot.exe"" with return code 0."
"9/1/2026 5:13:37 PM","102","Information","Microsoft-Windows-TaskScheduler","Task Scheduler successfully finished ""{84cd120d-3e06-4e50-be02-1ed363059823}"" instance of the ""\Microsoft\Windows\Shell\IndexerAutomaticMaintenance"" task for user ""(NONE)""."
"9/1/2026 5:13:37 PM","201","Information","Microsoft-Windows-TaskScheduler","Task Scheduler successfully completed task ""\Microsoft\Windows\Shell\IndexerAutomaticMaintenance"" , instance ""{84cd120d-3e06-4e50-be02-1ed363059823}"" , action ""Automatic Maintenance task to enable Windows Search to make progress while in Connected Standby"" with return code 2147942401."
"9/1/2026 5:13:37 PM","103","Error","Microsoft-Windows-TaskScheduler","Task Scheduler failed to start instance ""{f43e1e4b-0fe8-4c3b-aeec-7af7868f930e}"" of ""\Microsoft\Windows\DiskFootprint\StorageSense""  task for user ""NT AUTHORITY\SYSTEM"" . Additional Data: Error Value: 2147746132."
"9/1/2026 5:13:37 PM","202","Error","Microsoft-Windows-TaskScheduler","Task Scheduler failed to complete task ""\Microsoft\Windows\DiskFootprint\StorageSense"" , instance ""{f43e1e4b-0fe8-4c3b-aeec-7af7868f930e}"" , action ""StorageUsage State Reporter Task Handler"" . Additional Data: Error Value: 2147746132."
"9/1/2026 5:13:36 PM","102","Information","Microsoft-Windows-TaskScheduler","Task Scheduler successfully finished ""{6a182525-4dbe-43b7-aad3-083046482dae}"" instance of the ""\Microsoft\Windows\Chkdsk\ProactiveScan"" task for user ""NT AUTHORITY\SYSTEM""."
"9/1/2026 5:13:36 PM","201","Information","Microsoft-Windows-TaskScheduler","Task Scheduler successfully completed task ""\Microsoft\Windows\Chkdsk\ProactiveScan"" , instance ""{6a182525-4dbe-43b7-aad3-083046482dae}"" , action ""Proactive Scan"" with return code 0."
"9/1/2026 5:13:36 PM","102","Information","Microsoft-Windows-TaskScheduler","Task Scheduler successfully finished ""{19a923b9-b1dd-4509-88e8-fce8e54994b3}"" instance of the ""\Microsoft\Windows\BrokerInfrastructure\BgTaskRegistrationMaintenanceTask"" task for user ""NT AUTHORITY\SYSTEM""."
"9/1/2026 5:13:36 PM","201","Information","Microsoft-Windows-TaskScheduler","Task Scheduler successfully completed task ""\Microsoft\Windows\BrokerInfrastructure\BgTaskRegistrationMaintenanceTask"" , instance ""{19a923b9-b1dd-4509-88e8-fce8e54994b3}"" , action """" with return code 2147942400."
"9/1/2026 5:13:36 PM","325","Warning","Microsoft-Windows-TaskScheduler","Task Scheduler queued instance ""{b690c82a-88c3-4f6f-a4b9-c96c1ed5fc4f}""  of task ""\Microsoft\Windows\Power Efficiency Diagnostics\AnalyzeSystem""."
"9/1/2026 5:13:36 PM","200","Information","Microsoft-Windows-TaskScheduler","Task Scheduler launched action """" in instance ""{0e34dcff-e70a-46e3-911b-cc83cec58f46}"" of task ""\Microsoft\Windows\.NET Framework\.NET Framework NGEN v4.0.30319""."
"9/1/2026 5:13:36 PM","100","Information","Microsoft-Windows-TaskScheduler","Task Scheduler started ""{0e34dcff-e70a-46e3-911b-cc83cec58f46}"" instance of the ""\Microsoft\Windows\.NET Framework\.NET Framework NGEN v4.0.30319"" task for user ""NT AUTHORITY\SYSTEM""."
"9/1/2026 5:13:36 PM","200","Information","Microsoft-Windows-TaskScheduler","Task Scheduler launched action """" in instance ""{15e3c163-9123-4649-9e7e-1fd5a085ebc3}"" of task ""\Microsoft\Windows\.NET Framework\.NET Framework NGEN v4.0.30319 64""."
"9/1/2026 5:13:36 PM","100","Information","Microsoft-Windows-TaskScheduler","Task Scheduler started ""{15e3c163-9123-4649-9e7e-1fd5a085ebc3}"" instance of the ""\Microsoft\Windows\.NET Framework\.NET Framework NGEN v4.0.30319 64"" task for user ""NT AUTHORITY\SYSTEM""."
"9/1/2026 5:13:36 PM","200","Information","Microsoft-Windows-TaskScheduler","Task Scheduler launched action ""%windir%\system32\disksnapshot.exe"" in instance ""{08353de1-fc7a-4bcc-a585-31b6d50130fa}"" of task ""\Microsoft\Windows\DiskFootprint\Diagnostics""."
"9/1/2026 5:13:36 PM","100","Information","Microsoft-Windows-TaskScheduler","Task Scheduler started ""{08353de1-fc7a-4bcc-a585-31b6d50130fa}"" instance of the ""\Microsoft\Windows\DiskFootprint\Diagnostics"" task for user ""NT AUTHORITY\SYSTEM""."
"9/1/2026 5:13:36 PM","129","Information","Microsoft-Windows-TaskScheduler","Task Scheduler launch task ""\Microsoft\Windows\DiskFootprint\Diagnostics"" , instance ""%windir%\system32\disksnapshot.exe""  with process ID 1220."
"9/1/2026 5:13:36 PM","200","Information","Microsoft-Windows-TaskScheduler","Task Scheduler launched action ""Automatic Maintenance task to enable Windows Search to make progress while in Connected Standby"" in instance ""{84cd120d-3e06-4e50-be02-1ed363059823}"" of task ""\Microsoft\Windows\Shell\IndexerAutomaticMaintenance""."
"9/1/2026 5:13:36 PM","100","Information","Microsoft-Windows-TaskScheduler","Task Scheduler started ""{84cd120d-3e06-4e50-be02-1ed363059823}"" instance of the ""\Microsoft\Windows\Shell\IndexerAutomaticMaintenance"" task for user ""(NONE)""."
"9/1/2026 5:13:36 PM","129","Information","Microsoft-Windows-TaskScheduler","Task Scheduler launch task ""\Microsoft\Windows\Shell\IndexerAutomaticMaintenance"" , instance ""taskhostw.exe""  with process ID 4840."
"9/1/2026 5:13:36 PM","200","Information","Microsoft-Windows-TaskScheduler","Task Scheduler launched action ""Proactive Scan"" in instance ""{6a182525-4dbe-43b7-aad3-083046482dae}"" of task ""\Microsoft\Windows\Chkdsk\ProactiveScan""."
"9/1/2026 5:13:36 PM","100","Information","Microsoft-Windows-TaskScheduler","Task Scheduler started ""{6a182525-4dbe-43b7-aad3-083046482dae}"" instance of the ""\Microsoft\Windows\Chkdsk\ProactiveScan"" task for user ""NT AUTHORITY\SYSTEM""."
"9/1/2026 5:13:36 PM","200","Information","Microsoft-Windows-TaskScheduler","Task Scheduler launched action ""%windir%\system32\sc.exe"" in instance ""{2351373b-2e0f-40c0-be61-59537e32b796}"" of task ""\Microsoft\Windows\Time Synchronization\SynchronizeTime""."
"9/1/2026 5:13:36 PM","100","Information","Microsoft-Windows-TaskScheduler","Task Scheduler started ""{2351373b-2e0f-40c0-be61-59537e32b796}"" instance of the ""\Microsoft\Windows\Time Synchronization\SynchronizeTime"" task for user ""(NONE)""."
"9/1/2026 5:13:36 PM","129","Information","Microsoft-Windows-TaskScheduler","Task Scheduler launch task ""\Microsoft\Windows\Time Synchronization\SynchronizeTime"" , instance ""%windir%\system32\sc.exe""  with process ID 6124."
"9/1/2026 5:13:36 PM","200","Information","Microsoft-Windows-TaskScheduler","Task Scheduler launched action """" in instance ""{19a923b9-b1dd-4509-88e8-fce8e54994b3}"" of task ""\Microsoft\Windows\BrokerInfrastructure\BgTaskRegistrationMaintenanceTask""."
"9/1/2026 5:13:36 PM","100","Information","Microsoft-Windows-TaskScheduler","Task Scheduler started ""{19a923b9-b1dd-4509-88e8-fce8e54994b3}"" instance of the ""\Microsoft\Windows\BrokerInfrastructure\BgTaskRegistrationMaintenanceTask"" task for user ""NT AUTHORITY\SYSTEM""."
"9/1/2026 5:13:36 PM","200","Information","Microsoft-Windows-TaskScheduler","Task Scheduler launched action ""%windir%\system32\dstokenclean.exe"" in instance ""{ee353243-e970-4f00-a81d-8c3a09151fa3}"" of task ""\Microsoft\Windows\ApplicationData\DsSvcCleanup""."
"9/1/2026 5:13:36 PM","100","Information","Microsoft-Windows-TaskScheduler","Task Scheduler started ""{ee353243-e970-4f00-a81d-8c3a09151fa3}"" instance of the ""\Microsoft\Windows\ApplicationData\DsSvcCleanup"" task for user ""NT AUTHORITY\SYSTEM""."
"9/1/2026 5:13:36 PM","129","Information","Microsoft-Windows-TaskScheduler","Task Scheduler launch task ""\Microsoft\Windows\ApplicationData\DsSvcCleanup"" , instance ""%windir%\system32\dstokenclean.exe""  with process ID 3176."
"9/1/2026 5:13:36 PM","200","Information","Microsoft-Windows-TaskScheduler","Task Scheduler launched action ""%windir%\system32\lpremove.exe"" in instance ""{1273090e-4395-42d6-82ae-9ebab9bc9d94}"" of task ""\Microsoft\Windows\MUI\LPRemove""."
"9/1/2026 5:13:36 PM","100","Information","Microsoft-Windows-TaskScheduler","Task Scheduler started ""{1273090e-4395-42d6-82ae-9ebab9bc9d94}"" instance of the ""\Microsoft\Windows\MUI\LPRemove"" task for user ""NT AUTHORITY\SYSTEM""."
"9/1/2026 5:13:36 PM","129","Information","Microsoft-Windows-TaskScheduler","Task Scheduler launch task ""\Microsoft\Windows\MUI\LPRemove"" , instance ""%windir%\system32\lpremove.exe""  with process ID 3544."
"9/1/2026 5:13:36 PM","200","Information","Microsoft-Windows-TaskScheduler","Task Scheduler launched action ""%windir%\system32\compattelrunner.exe"" in instance ""{09565e58-d924-4012-a96c-129789e7fb0d}"" of task ""\Microsoft\Windows\Application Experience\ProgramDataUpdater""."
"9/1/2026 5:13:36 PM","100","Information","Microsoft-Windows-TaskScheduler","Task Scheduler started ""{09565e58-d924-4012-a96c-129789e7fb0d}"" instance of the ""\Microsoft\Windows\Application Experience\ProgramDataUpdater"" task for user ""NT AUTHORITY\SYSTEM""."
"9/1/2026 5:13:36 PM","129","Information","Microsoft-Windows-TaskScheduler","Task Scheduler launch task ""\Microsoft\Windows\Application Experience\ProgramDataUpdater"" , instance ""%windir%\system32\compattelrunner.exe""  with process ID 2300."
"9/1/2026 5:13:36 PM","200","Information","Microsoft-Windows-TaskScheduler","Task Scheduler launched action ""%windir%\system32\rundll32.exe"" in instance ""{9cd19da8-82c1-40e5-8ff7-1eb99e6b6624}"" of task ""\Microsoft\Windows\StateRepository\MaintenanceTasks""."
"9/1/2026 5:13:36 PM","100","Information","Microsoft-Windows-TaskScheduler","Task Scheduler started ""{9cd19da8-82c1-40e5-8ff7-1eb99e6b6624}"" instance of the ""\Microsoft\Windows\StateRepository\MaintenanceTasks"" task for user ""NT AUTHORITY\SYSTEM""."
"9/1/2026 5:13:36 PM","129","Information","Microsoft-Windows-TaskScheduler","Task Scheduler launch task ""\Microsoft\Windows\StateRepository\MaintenanceTasks"" , instance ""%windir%\system32\rundll32.exe""  with process ID 3420."
"9/1/2026 5:13:36 PM","200","Information","Microsoft-Windows-TaskScheduler","Task Scheduler launched action ""StorageUsage State Reporter Task Handler"" in instance ""{f43e1e4b-0fe8-4c3b-aeec-7af7868f930e}"" of task ""\Microsoft\Windows\DiskFootprint\StorageSense""."
"9/1/2026 5:13:36 PM","100","Information","Microsoft-Windows-TaskScheduler","Task Scheduler started ""{f43e1e4b-0fe8-4c3b-aeec-7af7868f930e}"" instance of the ""\Microsoft\Windows\DiskFootprint\StorageSense"" task for user ""NT AUTHORITY\SYSTEM""."
"9/1/2026 5:13:36 PM","200","Information","Microsoft-Windows-TaskScheduler","Task Scheduler launched action ""Feature Usage Data Reporting Task Handler"" in instance ""{8581ef99-bf29-49bf-852a-5e7bd68dd78c}"" of task ""\Microsoft\Windows\Flighting\FeatureConfig\UsageDataReporting""."
"9/1/2026 5:13:36 PM","100","Information","Microsoft-Windows-TaskScheduler","Task Scheduler started ""{8581ef99-bf29-49bf-852a-5e7bd68dd78c}"" instance of the ""\Microsoft\Windows\Flighting\FeatureConfig\UsageDataReporting"" task for user ""NT AUTHORITY\SYSTEM""."
"9/1/2026 5:13:36 PM","129","Information","Microsoft-Windows-TaskScheduler","Task Scheduler launch task ""\Microsoft\Windows\Flighting\FeatureConfig\UsageDataReporting"" , instance ""taskhostw.exe""  with process ID 2908."
"9/1/2026 5:12:59 PM","140","Information","Microsoft-Windows-TaskScheduler","User ""NT AUTHORITY\SYSTEM""  updated Task Scheduler task ""\Microsoft\Windows\WindowsUpdate\Scheduled Start"""
"9/1/2026 5:12:55 PM","102","Information","Microsoft-Windows-TaskScheduler","Task Scheduler successfully finished ""{0f2becd3-e2fe-4044-971e-76abd430e4d5}"" instance of the ""\Microsoft\Windows\Windows Error Reporting\QueueReporting"" task for user ""NT AUTHORITY\SYSTEM""."
"9/1/2026 5:12:55 PM","201","Information","Microsoft-Windows-TaskScheduler","Task Scheduler successfully completed task ""\Microsoft\Windows\Windows Error Reporting\QueueReporting"" , instance ""{0f2becd3-e2fe-4044-971e-76abd430e4d5}"" , action ""%windir%\system32\wermgr.exe"" with return code 0."
"9/1/2026 5:12:54 PM","200","Information","Microsoft-Windows-TaskScheduler","Task Scheduler launched action ""%windir%\system32\wermgr.exe"" in instance ""{0f2becd3-e2fe-4044-971e-76abd430e4d5}"" of task ""\Microsoft\Windows\Windows Error Reporting\QueueReporting""."
