"5/26/2026 7:21:10 AM","201","Information","Microsoft-Windows-TaskScheduler","Task Scheduler successfully completed task ""\Microsoft\Windows\Windows Defender\Windows Defender Verification"" , instance ""{57a0805b-9a59-4053-81b4-0dfde9a73fac}"" , action ""C:\ProgramData\Microsoft\Windows Defender\Platform\4.18.26030.3011-0\MpCmdRun.exe"" with return code 0."
"5/26/2026 7:21:10 AM","102","Information","Microsoft-Windows-TaskScheduler","Task Scheduler successfully finished ""{5014fb35-4e64-44ed-b8bb-30148e3ed4e3}"" instance of the ""\Microsoft\Windows\Windows Defender\Windows Defender Cache Maintenance"" task for user ""NT AUTHORITY\SYSTEM""."
"5/26/2026 7:21:10 AM","201","Information","Microsoft-Windows-TaskScheduler","Task Scheduler successfully completed task ""\Microsoft\Windows\Windows Defender\Windows Defender Cache Maintenance"" , instance ""{5014fb35-4e64-44ed-b8bb-30148e3ed4e3}"" , action ""C:\ProgramData\Microsoft\Windows Defender\Platform\4.18.26030.3011-0\MpCmdRun.exe"" with return code 0."
"5/26/2026 7:20:41 AM","102","Information","Microsoft-Windows-TaskScheduler","Task Scheduler successfully finished ""{7e4ca5af-341a-4566-a324-00c625e90e70}"" instance of the ""\Scaffold\ScaffoldDeployEngine"" task for user ""NT AUTHORITY\SYSTEM""."
"5/26/2026 7:20:41 AM","201","Information","Microsoft-Windows-TaskScheduler","Task Scheduler successfully completed task ""\Scaffold\ScaffoldDeployEngine"" , instance ""{7e4ca5af-341a-4566-a324-00c625e90e70}"" , action ""powershell.exe"" with return code 0."
"5/26/2026 7:20:41 AM","200","Information","Microsoft-Windows-TaskScheduler","Task Scheduler launched action ""powershell.exe"" in instance ""{7e4ca5af-341a-4566-a324-00c625e90e70}"" of task ""\Scaffold\ScaffoldDeployEngine""."
"5/26/2026 7:20:41 AM","100","Information","Microsoft-Windows-TaskScheduler","Task Scheduler started ""{7e4ca5af-341a-4566-a324-00c625e90e70}"" instance of the ""\Scaffold\ScaffoldDeployEngine"" task for user ""NT AUTHORITY\SYSTEM""."
"5/26/2026 7:20:41 AM","129","Information","Microsoft-Windows-TaskScheduler","Task Scheduler launch task ""\Scaffold\ScaffoldDeployEngine"" , instance ""powershell.exe""  with process ID 3544."
"5/26/2026 7:20:41 AM","107","Information","Microsoft-Windows-TaskScheduler","Task Scheduler launched ""{7e4ca5af-341a-4566-a324-00c625e90e70}""  instance of task ""\Scaffold\ScaffoldDeployEngine"" due to a time trigger condition."
"5/26/2026 7:20:24 AM","140","Information","Microsoft-Windows-TaskScheduler","User ""SCAFFOLD\DC$""  updated Task Scheduler task ""\Microsoft\Windows\Windows Defender\Windows Defender Scheduled Scan"""
"5/26/2026 7:20:24 AM","106","Information","Microsoft-Windows-TaskScheduler","User ""SCAFFOLD\DC$""  registered Task Scheduler task ""\Microsoft\Windows\Windows Defender\Windows Defender Scheduled Scan"""
"5/26/2026 7:20:24 AM","141","Information","Microsoft-Windows-TaskScheduler","User ""NT AUTHORITY\System""  deleted Task Scheduler task ""\Microsoft\Windows\Windows Defender\Windows Defender Scheduled Scan"""
"5/26/2026 7:20:24 AM","111","Information","Microsoft-Windows-TaskScheduler","Task Scheduler terminated ""{8b963768-f233-4892-bae3-81e5ed17735f}""  instance of the ""\Microsoft\Windows\Windows Defender\Windows Defender Scheduled Scan""  task."
"5/26/2026 7:20:24 AM","102","Information","Microsoft-Windows-TaskScheduler","Task Scheduler successfully finished ""{8b963768-f233-4892-bae3-81e5ed17735f}"" instance of the ""\Microsoft\Windows\Windows Defender\Windows Defender Scheduled Scan"" task for user ""NT AUTHORITY\SYSTEM""."
"5/26/2026 7:20:24 AM","201","Information","Microsoft-Windows-TaskScheduler","Task Scheduler successfully completed task ""\Microsoft\Windows\Windows Defender\Windows Defender Scheduled Scan"" , instance ""{8b963768-f233-4892-bae3-81e5ed17735f}"" , action ""C:\ProgramData\Microsoft\Windows Defender\Platform\4.18.26030.3011-0\MpCmdRun.exe"" with return code 2147943691."
"5/26/2026 7:20:24 AM","129","Information","Microsoft-Windows-TaskScheduler","Task Scheduler launch task ""NT TASK\Microsoft\Windows\Windows Defender\Windows Defender Scheduled Scan"" , instance ""taskhostw.exe""  with process ID 4012."
"5/26/2026 7:20:24 AM","330","Information","Microsoft-Windows-TaskScheduler","Task Scheduler stopped instance ""{8b963768-f233-4892-bae3-81e5ed17735f}""  of task ""\Microsoft\Windows\Windows Defender\Windows Defender Scheduled Scan""  as request by user ""NT AUTHORITY\SYSTEM"" ."
"5/26/2026 7:20:23 AM","102","Information","Microsoft-Windows-TaskScheduler","Task Scheduler successfully finished ""{8efc5ff1-6a01-493c-b969-3fa742bbb8d8}"" instance of the ""\Microsoft\Windows\Servicing\StartComponentCleanup"" task for user ""NT AUTHORITY\SYSTEM""."
"5/26/2026 7:20:23 AM","201","Information","Microsoft-Windows-TaskScheduler","Task Scheduler successfully completed task ""\Microsoft\Windows\Servicing\StartComponentCleanup"" , instance ""{8efc5ff1-6a01-493c-b969-3fa742bbb8d8}"" , action ""Component Based Servicing Session"" with return code 0."
"5/26/2026 7:20:18 AM","102","Information","Microsoft-Windows-TaskScheduler","Task Scheduler successfully finished ""{e77cd344-501a-404c-85dc-672ed1b18fd3}"" instance of the ""\Microsoft\Windows\DiskCleanup\SilentCleanup"" task for user ""SCAFFOLD\Administrator""."
"5/26/2026 7:20:18 AM","201","Information","Microsoft-Windows-TaskScheduler","Task Scheduler successfully completed task ""\Microsoft\Windows\DiskCleanup\SilentCleanup"" , instance ""{e77cd344-501a-404c-85dc-672ed1b18fd3}"" , action ""%windir%\system32\cleanmgr.exe"" with return code 0."
"5/26/2026 7:20:17 AM","140","Information","Microsoft-Windows-TaskScheduler","User ""SCAFFOLD\DC$""  updated Task Scheduler task ""\Microsoft\Windows\SoftwareProtectionPlatform\SvcRestartTask"""
"5/26/2026 7:20:12 AM","102","Information","Microsoft-Windows-TaskScheduler","Task Scheduler successfully finished ""{49b1a790-5f5d-4a49-b525-9efe15a7c677}"" instance of the ""\Microsoft\Windows\.NET Framework\.NET Framework NGEN v4.0.30319"" task for user ""NT AUTHORITY\SYSTEM""."
"5/26/2026 7:20:12 AM","201","Information","Microsoft-Windows-TaskScheduler","Task Scheduler successfully completed task ""\Microsoft\Windows\.NET Framework\.NET Framework NGEN v4.0.30319"" , instance ""{49b1a790-5f5d-4a49-b525-9efe15a7c677}"" , action """" with return code 0."
"5/26/2026 7:20:12 AM","102","Information","Microsoft-Windows-TaskScheduler","Task Scheduler successfully finished ""{1755a0c1-000e-4a22-9285-d6b6450e318b}"" instance of the ""\Microsoft\Windows\.NET Framework\.NET Framework NGEN v4.0.30319 64"" task for user ""NT AUTHORITY\SYSTEM""."
"5/26/2026 7:20:12 AM","201","Information","Microsoft-Windows-TaskScheduler","Task Scheduler successfully completed task ""\Microsoft\Windows\.NET Framework\.NET Framework NGEN v4.0.30319 64"" , instance ""{1755a0c1-000e-4a22-9285-d6b6450e318b}"" , action """" with return code 0."
"5/26/2026 7:20:12 AM","140","Information","Microsoft-Windows-TaskScheduler","User ""SYSTEM""  updated Task Scheduler task ""\Microsoft\Windows\.NET Framework\.NET Framework NGEN v4.0.30319"""
"5/26/2026 7:20:12 AM","140","Information","Microsoft-Windows-TaskScheduler","User ""SYSTEM""  updated Task Scheduler task ""\Microsoft\Windows\.NET Framework\.NET Framework NGEN v4.0.30319 64"""
"5/26/2026 7:20:12 AM","200","Information","Microsoft-Windows-TaskScheduler","Task Scheduler launched action """" in instance ""{49b1a790-5f5d-4a49-b525-9efe15a7c677}"" of task ""\Microsoft\Windows\.NET Framework\.NET Framework NGEN v4.0.30319""."
"5/26/2026 7:20:12 AM","100","Information","Microsoft-Windows-TaskScheduler","Task Scheduler started ""{49b1a790-5f5d-4a49-b525-9efe15a7c677}"" instance of the ""\Microsoft\Windows\.NET Framework\.NET Framework NGEN v4.0.30319"" task for user ""NT AUTHORITY\SYSTEM""."
"5/26/2026 7:20:12 AM","200","Information","Microsoft-Windows-TaskScheduler","Task Scheduler launched action """" in instance ""{1755a0c1-000e-4a22-9285-d6b6450e318b}"" of task ""\Microsoft\Windows\.NET Framework\.NET Framework NGEN v4.0.30319 64""."
"5/26/2026 7:20:12 AM","100","Information","Microsoft-Windows-TaskScheduler","Task Scheduler started ""{1755a0c1-000e-4a22-9285-d6b6450e318b}"" instance of the ""\Microsoft\Windows\.NET Framework\.NET Framework NGEN v4.0.30319 64"" task for user ""NT AUTHORITY\SYSTEM""."
"5/26/2026 7:20:12 AM","325","Warning","Microsoft-Windows-TaskScheduler","Task Scheduler queued instance ""{65724a64-5dbf-4bec-baac-aa72675515f3}""  of task ""\Microsoft\Windows\Power Efficiency Diagnostics\AnalyzeSystem""."
"5/26/2026 7:20:11 AM","102","Information","Microsoft-Windows-TaskScheduler","Task Scheduler successfully finished ""{e0c3e0a2-6a69-4144-b9bc-8f6ea625f0e4}"" instance of the ""\Microsoft\Windows\.NET Framework\.NET Framework NGEN v4.0.30319"" task for user ""NT AUTHORITY\SYSTEM""."
"5/26/2026 7:20:11 AM","201","Information","Microsoft-Windows-TaskScheduler","Task Scheduler successfully completed task ""\Microsoft\Windows\.NET Framework\.NET Framework NGEN v4.0.30319"" , instance ""{e0c3e0a2-6a69-4144-b9bc-8f6ea625f0e4}"" , action """" with return code 0."
"5/26/2026 7:20:11 AM","140","Information","Microsoft-Windows-TaskScheduler","User ""SYSTEM""  updated Task Scheduler task ""\Microsoft\Windows\.NET Framework\.NET Framework NGEN v4.0.30319"""
"5/26/2026 7:20:11 AM","102","Information","Microsoft-Windows-TaskScheduler","Task Scheduler successfully finished ""{8aeb3b4b-39a3-441d-819c-26c98851d3b1}"" instance of the ""\Microsoft\Windows\.NET Framework\.NET Framework NGEN v4.0.30319 64"" task for user ""NT AUTHORITY\SYSTEM""."
"5/26/2026 7:20:11 AM","201","Information","Microsoft-Windows-TaskScheduler","Task Scheduler successfully completed task ""\Microsoft\Windows\.NET Framework\.NET Framework NGEN v4.0.30319 64"" , instance ""{8aeb3b4b-39a3-441d-819c-26c98851d3b1}"" , action """" with return code 0."
"5/26/2026 7:20:11 AM","102","Information","Microsoft-Windows-TaskScheduler","Task Scheduler successfully finished ""{62c27e6f-51ae-4b79-9fca-d31018538255}"" instance of the ""\Microsoft\Windows\Application Experience\StartupAppTask"" task for user ""SCAFFOLD\Administrator""."
"5/26/2026 7:20:11 AM","201","Information","Microsoft-Windows-TaskScheduler","Task Scheduler successfully completed task ""\Microsoft\Windows\Application Experience\StartupAppTask"" , instance ""{62c27e6f-51ae-4b79-9fca-d31018538255}"" , action ""%windir%\system32\rundll32.exe"" with return code 0."
"5/26/2026 7:20:11 AM","140","Information","Microsoft-Windows-TaskScheduler","User ""SYSTEM""  updated Task Scheduler task ""\Microsoft\Windows\.NET Framework\.NET Framework NGEN v4.0.30319 64"""
"5/26/2026 7:20:11 AM","103","Error","Microsoft-Windows-TaskScheduler","Task Scheduler failed to start instance ""{08eca07b-57a6-42e2-a24d-1d94d1bd126a}"" of ""\Microsoft\Windows\DiskFootprint\StorageSense""  task for user ""NT AUTHORITY\SYSTEM"" . Additional Data: Error Value: 2147746132."
"5/26/2026 7:20:11 AM","202","Error","Microsoft-Windows-TaskScheduler","Task Scheduler failed to complete task ""\Microsoft\Windows\DiskFootprint\StorageSense"" , instance ""{08eca07b-57a6-42e2-a24d-1d94d1bd126a}"" , action ""StorageUsage State Reporter Task Handler"" . Additional Data: Error Value: 2147746132."
"5/26/2026 7:20:11 AM","102","Information","Microsoft-Windows-TaskScheduler","Task Scheduler successfully finished ""{7ada858a-f3d8-4c0d-8b7e-876359f574b9}"" instance of the ""\Microsoft\Windows\ApplicationData\DsSvcCleanup"" task for user ""NT AUTHORITY\SYSTEM""."
"5/26/2026 7:20:11 AM","201","Information","Microsoft-Windows-TaskScheduler","Task Scheduler successfully completed task ""\Microsoft\Windows\ApplicationData\DsSvcCleanup"" , instance ""{7ada858a-f3d8-4c0d-8b7e-876359f574b9}"" , action ""%windir%\system32\dstokenclean.exe"" with return code 0."
"5/26/2026 7:20:10 AM","102","Information","Microsoft-Windows-TaskScheduler","Task Scheduler successfully finished ""{23aee23d-f42a-4bf2-9c3b-a502b3b968bd}"" instance of the ""\Microsoft\Windows\Time Synchronization\SynchronizeTime"" task for user ""(NONE)""."
"5/26/2026 7:20:10 AM","201","Information","Microsoft-Windows-TaskScheduler","Task Scheduler successfully completed task ""\Microsoft\Windows\Time Synchronization\SynchronizeTime"" , instance ""{23aee23d-f42a-4bf2-9c3b-a502b3b968bd}"" , action ""%windir%\system32\sc.exe"" with return code 2147943456."
"5/26/2026 7:20:10 AM","102","Information","Microsoft-Windows-TaskScheduler","Task Scheduler successfully finished ""{36ec97a9-1b9d-4f69-b1f8-134cb8f0d493}"" instance of the ""\Microsoft\Windows\DiskFootprint\Diagnostics"" task for user ""NT AUTHORITY\SYSTEM""."
"5/26/2026 7:20:10 AM","201","Information","Microsoft-Windows-TaskScheduler","Task Scheduler successfully completed task ""\Microsoft\Windows\DiskFootprint\Diagnostics"" , instance ""{36ec97a9-1b9d-4f69-b1f8-134cb8f0d493}"" , action ""%windir%\system32\disksnapshot.exe"" with return code 0."
"5/26/2026 7:20:10 AM","102","Information","Microsoft-Windows-TaskScheduler","Task Scheduler successfully finished ""{99b99be6-84e9-4374-a2a2-b5b55b9aa1ac}"" instance of the ""\Microsoft\Windows\License Manager\TempSignedLicenseExchange"" task for user ""SCAFFOLD\Administrator""."
"5/26/2026 7:20:10 AM","201","Information","Microsoft-Windows-TaskScheduler","Task Scheduler successfully completed task ""\Microsoft\Windows\License Manager\TempSignedLicenseExchange"" , instance ""{99b99be6-84e9-4374-a2a2-b5b55b9aa1ac}"" , action ""TempSignedLicenseExchangeTask"" with return code 0."
"5/26/2026 7:20:10 AM","102","Information","Microsoft-Windows-TaskScheduler","Task Scheduler successfully finished ""{c728e131-be15-4c54-bd2d-f50bb74f1fce}"" instance of the ""\microsoft\windows\applicationdata\appuriverifierdaily"" task for user ""SCAFFOLD\Administrator""."
"5/26/2026 7:20:10 AM","201","Information","Microsoft-Windows-TaskScheduler","Task Scheduler successfully completed task ""\microsoft\windows\applicationdata\appuriverifierdaily"" , instance ""{c728e131-be15-4c54-bd2d-f50bb74f1fce}"" , action ""%windir%\system32\AppHostRegistrationVerifier.exe"" with return code 0."
"5/26/2026 7:20:10 AM","102","Information","Microsoft-Windows-TaskScheduler","Task Scheduler successfully finished ""{a5aeb542-bc00-4e35-8b6c-5780b66df197}"" instance of the ""\Microsoft\Windows\MUI\LPRemove"" task for user ""NT AUTHORITY\SYSTEM""."
"5/26/2026 7:20:10 AM","201","Information","Microsoft-Windows-TaskScheduler","Task Scheduler successfully completed task ""\Microsoft\Windows\MUI\LPRemove"" , instance ""{a5aeb542-bc00-4e35-8b6c-5780b66df197}"" , action ""%windir%\system32\lpremove.exe"" with return code 0."
"5/26/2026 7:20:10 AM","102","Information","Microsoft-Windows-TaskScheduler","Task Scheduler successfully finished ""{e0844d00-8184-4b69-84e7-d5ab982c1162}"" instance of the ""\Microsoft\Windows\StateRepository\MaintenanceTasks"" task for user ""NT AUTHORITY\SYSTEM""."
"5/26/2026 7:20:10 AM","201","Information","Microsoft-Windows-TaskScheduler","Task Scheduler successfully completed task ""\Microsoft\Windows\StateRepository\MaintenanceTasks"" , instance ""{e0844d00-8184-4b69-84e7-d5ab982c1162}"" , action ""%windir%\system32\rundll32.exe"" with return code 0."
"5/26/2026 7:20:10 AM","102","Information","Microsoft-Windows-TaskScheduler","Task Scheduler successfully finished ""{efb974cf-cbd3-4f2d-a265-d85d93d9cabd}"" instance of the ""\Microsoft\Windows\Shell\IndexerAutomaticMaintenance"" task for user ""(NONE)""."
"5/26/2026 7:20:10 AM","201","Information","Microsoft-Windows-TaskScheduler","Task Scheduler successfully completed task ""\Microsoft\Windows\Shell\IndexerAutomaticMaintenance"" , instance ""{efb974cf-cbd3-4f2d-a265-d85d93d9cabd}"" , action ""Automatic Maintenance task to enable Windows Search to make progress while in Connected Standby"" with return code 2147942401."
"5/26/2026 7:20:10 AM","102","Information","Microsoft-Windows-TaskScheduler","Task Scheduler successfully finished ""{0b139a6c-87c2-4026-87ca-1bfe2c5f59b5}"" instance of the ""\Microsoft\Windows\Flighting\FeatureConfig\UsageDataReporting"" task for user ""NT AUTHORITY\SYSTEM""."
"5/26/2026 7:20:10 AM","201","Information","Microsoft-Windows-TaskScheduler","Task Scheduler successfully completed task ""\Microsoft\Windows\Flighting\FeatureConfig\UsageDataReporting"" , instance ""{0b139a6c-87c2-4026-87ca-1bfe2c5f59b5}"" , action ""Feature Usage Data Reporting Task Handler"" with return code 0."
"5/26/2026 7:20:10 AM","102","Information","Microsoft-Windows-TaskScheduler","Task Scheduler successfully finished ""{515c089b-ab2a-4cdd-878a-f3565db3a9cd}"" instance of the ""\Microsoft\Windows\Chkdsk\ProactiveScan"" task for user ""NT AUTHORITY\SYSTEM""."
"5/26/2026 7:20:10 AM","201","Information","Microsoft-Windows-TaskScheduler","Task Scheduler successfully completed task ""\Microsoft\Windows\Chkdsk\ProactiveScan"" , instance ""{515c089b-ab2a-4cdd-878a-f3565db3a9cd}"" , action ""Proactive Scan"" with return code 0."
"5/26/2026 7:20:10 AM","200","Information","Microsoft-Windows-TaskScheduler","Task Scheduler launched action ""%windir%\system32\cleanmgr.exe"" in instance ""{e77cd344-501a-404c-85dc-672ed1b18fd3}"" of task ""\Microsoft\Windows\DiskCleanup\SilentCleanup""."
"5/26/2026 7:20:10 AM","100","Information","Microsoft-Windows-TaskScheduler","Task Scheduler started ""{e77cd344-501a-404c-85dc-672ed1b18fd3}"" instance of the ""\Microsoft\Windows\DiskCleanup\SilentCleanup"" task for user ""SCAFFOLD\Administrator""."
"5/26/2026 7:20:10 AM","129","Information","Microsoft-Windows-TaskScheduler","Task Scheduler launch task ""\Microsoft\Windows\DiskCleanup\SilentCleanup"" , instance ""%windir%\system32\cleanmgr.exe""  with process ID 5572."
"5/26/2026 7:20:10 AM","325","Warning","Microsoft-Windows-TaskScheduler","Task Scheduler queued instance ""{65724a64-5dbf-4bec-baac-aa72675515f3}""  of task ""\Microsoft\Windows\Power Efficiency Diagnostics\AnalyzeSystem""."
"5/26/2026 7:20:10 AM","200","Information","Microsoft-Windows-TaskScheduler","Task Scheduler launched action """" in instance ""{e0c3e0a2-6a69-4144-b9bc-8f6ea625f0e4}"" of task ""\Microsoft\Windows\.NET Framework\.NET Framework NGEN v4.0.30319""."
"5/26/2026 7:20:10 AM","100","Information","Microsoft-Windows-TaskScheduler","Task Scheduler started ""{e0c3e0a2-6a69-4144-b9bc-8f6ea625f0e4}"" instance of the ""\Microsoft\Windows\.NET Framework\.NET Framework NGEN v4.0.30319"" task for user ""NT AUTHORITY\SYSTEM""."
"5/26/2026 7:20:10 AM","200","Information","Microsoft-Windows-TaskScheduler","Task Scheduler launched action """" in instance ""{8aeb3b4b-39a3-441d-819c-26c98851d3b1}"" of task ""\Microsoft\Windows\.NET Framework\.NET Framework NGEN v4.0.30319 64""."
"5/26/2026 7:20:10 AM","100","Information","Microsoft-Windows-TaskScheduler","Task Scheduler started ""{8aeb3b4b-39a3-441d-819c-26c98851d3b1}"" instance of the ""\Microsoft\Windows\.NET Framework\.NET Framework NGEN v4.0.30319 64"" task for user ""NT AUTHORITY\SYSTEM""."
"5/26/2026 7:20:10 AM","200","Information","Microsoft-Windows-TaskScheduler","Task Scheduler launched action ""C:\ProgramData\Microsoft\Windows Defender\Platform\4.18.26030.3011-0\MpCmdRun.exe"" in instance ""{5014fb35-4e64-44ed-b8bb-30148e3ed4e3}"" of task ""\Microsoft\Windows\Windows Defender\Windows Defender Cache Maintenance""."
"5/26/2026 7:20:10 AM","100","Information","Microsoft-Windows-TaskScheduler","Task Scheduler started ""{5014fb35-4e64-44ed-b8bb-30148e3ed4e3}"" instance of the ""\Microsoft\Windows\Windows Defender\Windows Defender Cache Maintenance"" task for user ""NT AUTHORITY\SYSTEM""."
"5/26/2026 7:20:10 AM","129","Information","Microsoft-Windows-TaskScheduler","Task Scheduler launch task ""\Microsoft\Windows\Windows Defender\Windows Defender Cache Maintenance"" , instance ""C:\ProgramData\Microsoft\Windows Defender\Platform\4.18.26030.3011-0\MpCmdRun.exe""  with process ID 3500."
"5/26/2026 7:20:10 AM","200","Information","Microsoft-Windows-TaskScheduler","Task Scheduler launched action ""C:\ProgramData\Microsoft\Windows Defender\Platform\4.18.26030.3011-0\MpCmdRun.exe"" in instance ""{92c3a95a-1e06-4846-b324-ad5416feca7b}"" of task ""\Microsoft\Windows\Windows Defender\Windows Defender Cleanup""."
"5/26/2026 7:20:10 AM","100","Information","Microsoft-Windows-TaskScheduler","Task Scheduler started ""{92c3a95a-1e06-4846-b324-ad5416feca7b}"" instance of the ""\Microsoft\Windows\Windows Defender\Windows Defender Cleanup"" task for user ""NT AUTHORITY\SYSTEM""."
"5/26/2026 7:20:10 AM","129","Information","Microsoft-Windows-TaskScheduler","Task Scheduler launch task ""\Microsoft\Windows\Windows Defender\Windows Defender Cleanup"" , instance ""C:\ProgramData\Microsoft\Windows Defender\Platform\4.18.26030.3011-0\MpCmdRun.exe""  with process ID 2236."
"5/26/2026 7:20:10 AM","200","Information","Microsoft-Windows-TaskScheduler","Task Scheduler launched action ""C:\ProgramData\Microsoft\Windows Defender\Platform\4.18.26030.3011-0\MpCmdRun.exe"" in instance ""{57a0805b-9a59-4053-81b4-0dfde9a73fac}"" of task ""\Microsoft\Windows\Windows Defender\Windows Defender Verification""."
"5/26/2026 7:20:10 AM","100","Information","Microsoft-Windows-TaskScheduler","Task Scheduler started ""{57a0805b-9a59-4053-81b4-0dfde9a73fac}"" instance of the ""\Microsoft\Windows\Windows Defender\Windows Defender Verification"" task for user ""NT AUTHORITY\SYSTEM""."
"5/26/2026 7:20:10 AM","129","Information","Microsoft-Windows-TaskScheduler","Task Scheduler launch task ""\Microsoft\Windows\Windows Defender\Windows Defender Verification"" , instance ""C:\ProgramData\Microsoft\Windows Defender\Platform\4.18.26030.3011-0\MpCmdRun.exe""  with process ID 4760."
"5/26/2026 7:20:10 AM","200","Information","Microsoft-Windows-TaskScheduler","Task Scheduler launched action ""TempSignedLicenseExchangeTask"" in instance ""{99b99be6-84e9-4374-a2a2-b5b55b9aa1ac}"" of task ""\Microsoft\Windows\License Manager\TempSignedLicenseExchange""."
"5/26/2026 7:20:10 AM","100","Information","Microsoft-Windows-TaskScheduler","Task Scheduler started ""{99b99be6-84e9-4374-a2a2-b5b55b9aa1ac}"" instance of the ""\Microsoft\Windows\License Manager\TempSignedLicenseExchange"" task for user ""SCAFFOLD\Administrator""."
"5/26/2026 7:20:10 AM","129","Information","Microsoft-Windows-TaskScheduler","Task Scheduler launch task ""\Microsoft\Windows\License Manager\TempSignedLicenseExchange"" , instance ""taskhostw.exe""  with process ID 4568."
"5/26/2026 7:20:10 AM","200","Information","Microsoft-Windows-TaskScheduler","Task Scheduler launched action ""%windir%\system32\disksnapshot.exe"" in instance ""{36ec97a9-1b9d-4f69-b1f8-134cb8f0d493}"" of task ""\Microsoft\Windows\DiskFootprint\Diagnostics""."
"5/26/2026 7:20:10 AM","100","Information","Microsoft-Windows-TaskScheduler","Task Scheduler started ""{36ec97a9-1b9d-4f69-b1f8-134cb8f0d493}"" instance of the ""\Microsoft\Windows\DiskFootprint\Diagnostics"" task for user ""NT AUTHORITY\SYSTEM""."
"5/26/2026 7:20:10 AM","129","Information","Microsoft-Windows-TaskScheduler","Task Scheduler launch task ""\Microsoft\Windows\DiskFootprint\Diagnostics"" , instance ""%windir%\system32\disksnapshot.exe""  with process ID 1360."
"5/26/2026 7:20:10 AM","200","Information","Microsoft-Windows-TaskScheduler","Task Scheduler launched action ""Automatic Maintenance task to enable Windows Search to make progress while in Connected Standby"" in instance ""{efb974cf-cbd3-4f2d-a265-d85d93d9cabd}"" of task ""\Microsoft\Windows\Shell\IndexerAutomaticMaintenance""."
"5/26/2026 7:20:10 AM","100","Information","Microsoft-Windows-TaskScheduler","Task Scheduler started ""{efb974cf-cbd3-4f2d-a265-d85d93d9cabd}"" instance of the ""\Microsoft\Windows\Shell\IndexerAutomaticMaintenance"" task for user ""(NONE)""."
"5/26/2026 7:20:10 AM","129","Information","Microsoft-Windows-TaskScheduler","Task Scheduler launch task ""\Microsoft\Windows\Shell\IndexerAutomaticMaintenance"" , instance ""taskhostw.exe""  with process ID 7552."
"5/26/2026 7:20:10 AM","200","Information","Microsoft-Windows-TaskScheduler","Task Scheduler launched action ""Feature Usage Data Reporting Task Handler"" in instance ""{0b139a6c-87c2-4026-87ca-1bfe2c5f59b5}"" of task ""\Microsoft\Windows\Flighting\FeatureConfig\UsageDataReporting""."
"5/26/2026 7:20:10 AM","100","Information","Microsoft-Windows-TaskScheduler","Task Scheduler started ""{0b139a6c-87c2-4026-87ca-1bfe2c5f59b5}"" instance of the ""\Microsoft\Windows\Flighting\FeatureConfig\UsageDataReporting"" task for user ""NT AUTHORITY\SYSTEM""."
"5/26/2026 7:20:10 AM","200","Information","Microsoft-Windows-TaskScheduler","Task Scheduler launched action ""Proactive Scan"" in instance ""{515c089b-ab2a-4cdd-878a-f3565db3a9cd}"" of task ""\Microsoft\Windows\Chkdsk\ProactiveScan""."
"5/26/2026 7:20:10 AM","100","Information","Microsoft-Windows-TaskScheduler","Task Scheduler started ""{515c089b-ab2a-4cdd-878a-f3565db3a9cd}"" instance of the ""\Microsoft\Windows\Chkdsk\ProactiveScan"" task for user ""NT AUTHORITY\SYSTEM""."
"5/26/2026 7:20:10 AM","200","Information","Microsoft-Windows-TaskScheduler","Task Scheduler launched action ""%windir%\system32\sc.exe"" in instance ""{23aee23d-f42a-4bf2-9c3b-a502b3b968bd}"" of task ""\Microsoft\Windows\Time Synchronization\SynchronizeTime""."
"5/26/2026 7:20:10 AM","100","Information","Microsoft-Windows-TaskScheduler","Task Scheduler started ""{23aee23d-f42a-4bf2-9c3b-a502b3b968bd}"" instance of the ""\Microsoft\Windows\Time Synchronization\SynchronizeTime"" task for user ""(NONE)""."
"5/26/2026 7:20:10 AM","129","Information","Microsoft-Windows-TaskScheduler","Task Scheduler launch task ""\Microsoft\Windows\Time Synchronization\SynchronizeTime"" , instance ""%windir%\system32\sc.exe""  with process ID 5832."
"5/26/2026 7:20:10 AM","200","Information","Microsoft-Windows-TaskScheduler","Task Scheduler launched action ""%windir%\system32\dstokenclean.exe"" in instance ""{7ada858a-f3d8-4c0d-8b7e-876359f574b9}"" of task ""\Microsoft\Windows\ApplicationData\DsSvcCleanup""."
"5/26/2026 7:20:10 AM","100","Information","Microsoft-Windows-TaskScheduler","Task Scheduler started ""{7ada858a-f3d8-4c0d-8b7e-876359f574b9}"" instance of the ""\Microsoft\Windows\ApplicationData\DsSvcCleanup"" task for user ""NT AUTHORITY\SYSTEM""."
"5/26/2026 7:20:10 AM","129","Information","Microsoft-Windows-TaskScheduler","Task Scheduler launch task ""\Microsoft\Windows\ApplicationData\DsSvcCleanup"" , instance ""%windir%\system32\dstokenclean.exe""  with process ID 8112."
"5/26/2026 7:20:10 AM","200","Information","Microsoft-Windows-TaskScheduler","Task Scheduler launched action ""%windir%\system32\AppHostRegistrationVerifier.exe"" in instance ""{c728e131-be15-4c54-bd2d-f50bb74f1fce}"" of task ""\microsoft\windows\applicationdata\appuriverifierdaily""."
"5/26/2026 7:20:10 AM","100","Information","Microsoft-Windows-TaskScheduler","Task Scheduler started ""{c728e131-be15-4c54-bd2d-f50bb74f1fce}"" instance of the ""\microsoft\windows\applicationdata\appuriverifierdaily"" task for user ""SCAFFOLD\Administrator""."
"5/26/2026 7:20:10 AM","129","Information","Microsoft-Windows-TaskScheduler","Task Scheduler launch task ""\microsoft\windows\applicationdata\appuriverifierdaily"" , instance ""%windir%\system32\AppHostRegistrationVerifier.exe""  with process ID 8080."
"5/26/2026 7:20:10 AM","200","Information","Microsoft-Windows-TaskScheduler","Task Scheduler launched action ""%windir%\system32\compattelrunner.exe"" in instance ""{5de6749e-1a55-4f4a-a086-a37d6b6f3eeb}"" of task ""\Microsoft\Windows\Application Experience\ProgramDataUpdater""."
"5/26/2026 7:20:10 AM","100","Information","Microsoft-Windows-TaskScheduler","Task Scheduler started ""{5de6749e-1a55-4f4a-a086-a37d6b6f3eeb}"" instance of the ""\Microsoft\Windows\Application Experience\ProgramDataUpdater"" task for user ""NT AUTHORITY\SYSTEM""."
"5/26/2026 7:20:10 AM","129","Information","Microsoft-Windows-TaskScheduler","Task Scheduler launch task ""\Microsoft\Windows\Application Experience\ProgramDataUpdater"" , instance ""%windir%\system32\compattelrunner.exe""  with process ID 7592."
"5/26/2026 7:20:10 AM","200","Information","Microsoft-Windows-TaskScheduler","Task Scheduler launched action ""%windir%\system32\rundll32.exe"" in instance ""{e0844d00-8184-4b69-84e7-d5ab982c1162}"" of task ""\Microsoft\Windows\StateRepository\MaintenanceTasks""."
"5/26/2026 7:20:10 AM","100","Information","Microsoft-Windows-TaskScheduler","Task Scheduler started ""{e0844d00-8184-4b69-84e7-d5ab982c1162}"" instance of the ""\Microsoft\Windows\StateRepository\MaintenanceTasks"" task for user ""NT AUTHORITY\SYSTEM""."
"5/26/2026 7:20:10 AM","129","Information","Microsoft-Windows-TaskScheduler","Task Scheduler launch task ""\Microsoft\Windows\StateRepository\MaintenanceTasks"" , instance ""%windir%\system32\rundll32.exe""  with process ID 3100."
"5/26/2026 7:20:10 AM","200","Information","Microsoft-Windows-TaskScheduler","Task Scheduler launched action ""StorageUsage State Reporter Task Handler"" in instance ""{08eca07b-57a6-42e2-a24d-1d94d1bd126a}"" of task ""\Microsoft\Windows\DiskFootprint\StorageSense""."
"5/26/2026 7:20:10 AM","100","Information","Microsoft-Windows-TaskScheduler","Task Scheduler started ""{08eca07b-57a6-42e2-a24d-1d94d1bd126a}"" instance of the ""\Microsoft\Windows\DiskFootprint\StorageSense"" task for user ""NT AUTHORITY\SYSTEM""."
"5/26/2026 7:20:10 AM","200","Information","Microsoft-Windows-TaskScheduler","Task Scheduler launched action ""%windir%\system32\rundll32.exe"" in instance ""{62c27e6f-51ae-4b79-9fca-d31018538255}"" of task ""\Microsoft\Windows\Application Experience\StartupAppTask""."
"5/26/2026 7:20:10 AM","100","Information","Microsoft-Windows-TaskScheduler","Task Scheduler started ""{62c27e6f-51ae-4b79-9fca-d31018538255}"" instance of the ""\Microsoft\Windows\Application Experience\StartupAppTask"" task for user ""SCAFFOLD\Administrator""."
"5/26/2026 7:20:10 AM","129","Information","Microsoft-Windows-TaskScheduler","Task Scheduler launch task ""\Microsoft\Windows\Application Experience\StartupAppTask"" , instance ""%windir%\system32\rundll32.exe""  with process ID 2872."
"5/26/2026 7:20:10 AM","200","Information","Microsoft-Windows-TaskScheduler","Task Scheduler launched action ""%windir%\system32\lpremove.exe"" in instance ""{a5aeb542-bc00-4e35-8b6c-5780b66df197}"" of task ""\Microsoft\Windows\MUI\LPRemove""."
"5/26/2026 7:20:10 AM","100","Information","Microsoft-Windows-TaskScheduler","Task Scheduler started ""{a5aeb542-bc00-4e35-8b6c-5780b66df197}"" instance of the ""\Microsoft\Windows\MUI\LPRemove"" task for user ""NT AUTHORITY\SYSTEM""."
"5/26/2026 7:20:10 AM","129","Information","Microsoft-Windows-TaskScheduler","Task Scheduler launch task ""\Microsoft\Windows\MUI\LPRemove"" , instance ""%windir%\system32\lpremove.exe""  with process ID 7564."
"5/26/2026 7:20:10 AM","200","Information","Microsoft-Windows-TaskScheduler","Task Scheduler launched action ""Component Based Servicing Session"" in instance ""{8efc5ff1-6a01-493c-b969-3fa742bbb8d8}"" of task ""\Microsoft\Windows\Servicing\StartComponentCleanup""."
"5/26/2026 7:20:10 AM","100","Information","Microsoft-Windows-TaskScheduler","Task Scheduler started ""{8efc5ff1-6a01-493c-b969-3fa742bbb8d8}"" instance of the ""\Microsoft\Windows\Servicing\StartComponentCleanup"" task for user ""NT AUTHORITY\SYSTEM""."
"5/26/2026 7:20:10 AM","129","Information","Microsoft-Windows-TaskScheduler","Task Scheduler launch task ""\Microsoft\Windows\Servicing\StartComponentCleanup"" , instance ""taskhostw.exe""  with process ID 7372."
"5/26/2026 7:20:09 AM","102","Information","Microsoft-Windows-TaskScheduler","Task Scheduler successfully finished ""{d7e31734-9862-4633-a2d0-d7d372b47ae2}"" instance of the ""\Microsoft\Windows\Speech\SpeechModelDownloadTask"" task for user ""(NONE)""."
"5/26/2026 7:20:09 AM","201","Information","Microsoft-Windows-TaskScheduler","Task Scheduler successfully completed task ""\Microsoft\Windows\Speech\SpeechModelDownloadTask"" , instance ""{d7e31734-9862-4633-a2d0-d7d372b47ae2}"" , action ""%windir%\system32\speech_onecore\common\SpeechModelDownload.exe"" with return code 0."
"5/26/2026 7:20:09 AM","200","Information","Microsoft-Windows-TaskScheduler","Task Scheduler launched action ""C:\ProgramData\Microsoft\Windows Defender\Platform\4.18.26030.3011-0\MpCmdRun.exe"" in instance ""{8b963768-f233-4892-bae3-81e5ed17735f}"" of task ""\Microsoft\Windows\Windows Defender\Windows Defender Scheduled Scan""."
"5/26/2026 7:20:09 AM","100","Information","Microsoft-Windows-TaskScheduler","Task Scheduler started ""{8b963768-f233-4892-bae3-81e5ed17735f}"" instance of the ""\Microsoft\Windows\Windows Defender\Windows Defender Scheduled Scan"" task for user ""NT AUTHORITY\SYSTEM""."
"5/26/2026 7:20:09 AM","129","Information","Microsoft-Windows-TaskScheduler","Task Scheduler launch task ""\Microsoft\Windows\Windows Defender\Windows Defender Scheduled Scan"" , instance ""C:\ProgramData\Microsoft\Windows Defender\Platform\4.18.26030.3011-0\MpCmdRun.exe""  with process ID 5472."
"5/26/2026 7:20:09 AM","114","Warning","Microsoft-Windows-TaskScheduler","Task Scheduler could not launch task ""\Microsoft\Windows\Windows Defender\Windows Defender Scheduled Scan""  as scheduled. Instance ""{8b963768-f233-4892-bae3-81e5ed17735f}""  is started now as required by the configuration option to start the task when available, if schedule is missed."
"5/26/2026 7:20:09 AM","200","Information","Microsoft-Windows-TaskScheduler","Task Scheduler launched action ""%windir%\system32\speech_onecore\common\SpeechModelDownload.exe"" in instance ""{d7e31734-9862-4633-a2d0-d7d372b47ae2}"" of task ""\Microsoft\Windows\Speech\SpeechModelDownloadTask""."
"5/26/2026 7:20:09 AM","100","Information","Microsoft-Windows-TaskScheduler","Task Scheduler started ""{d7e31734-9862-4633-a2d0-d7d372b47ae2}"" instance of the ""\Microsoft\Windows\Speech\SpeechModelDownloadTask"" task for user ""(NONE)""."
"5/26/2026 7:20:09 AM","129","Information","Microsoft-Windows-TaskScheduler","Task Scheduler launch task ""\Microsoft\Windows\Speech\SpeechModelDownloadTask"" , instance ""%windir%\system32\speech_onecore\common\SpeechModelDownload.exe""  with process ID 5464."
"5/26/2026 7:20:09 AM","114","Warning","Microsoft-Windows-TaskScheduler","Task Scheduler could not launch task ""\Microsoft\Windows\Speech\SpeechModelDownloadTask""  as scheduled. Instance ""{d7e31734-9862-4633-a2d0-d7d372b47ae2}""  is started now as required by the configuration option to start the task when available, if schedule is missed."
"5/26/2026 7:19:48 AM","102","Information","Microsoft-Windows-TaskScheduler","Task Scheduler successfully finished ""{3b1a9821-1215-4b38-a207-f8483018b0c4}"" instance of the ""\Microsoft\Windows\Device Information\Device"" task for user ""NT AUTHORITY\SYSTEM""."
"5/26/2026 7:19:48 AM","201","Information","Microsoft-Windows-TaskScheduler","Task Scheduler successfully completed task ""\Microsoft\Windows\Device Information\Device"" , instance ""{3b1a9821-1215-4b38-a207-f8483018b0c4}"" , action ""%windir%\system32\devicecensus.exe"" with return code 0."
"5/26/2026 7:19:48 AM","140","Information","Microsoft-Windows-TaskScheduler","User ""SCAFFOLD\DC$""  updated Task Scheduler task ""\Microsoft\Windows\Device Information\Device"""
"5/26/2026 7:19:48 AM","140","Information","Microsoft-Windows-TaskScheduler","User ""SCAFFOLD\DC$""  updated Task Scheduler task ""\Microsoft\Windows\Device Information\Device"""
"5/26/2026 7:19:47 AM","103","Error","Microsoft-Windows-TaskScheduler","Task Scheduler failed to start instance ""{db56283a-4ddc-4ac1-afd3-28eab17ed1cd}"" of ""\Microsoft\Windows\Flighting\OneSettings\RefreshCache""  task for user ""NT AUTHORITY\SYSTEM"" . Additional Data: Error Value: 2147954407."
"5/26/2026 7:19:47 AM","202","Error","Microsoft-Windows-TaskScheduler","Task Scheduler failed to complete task ""\Microsoft\Windows\Flighting\OneSettings\RefreshCache"" , instance ""{db56283a-4ddc-4ac1-afd3-28eab17ed1cd}"" , action ""OneSettings Refresh Cache Task Handler"" . Additional Data: Error Value: 2147954407."
"5/26/2026 7:19:47 AM","102","Information","Microsoft-Windows-TaskScheduler","Task Scheduler successfully finished ""{476a0da3-18ce-4cad-bb69-ff49c8be9347}"" instance of the ""\Microsoft\Windows\Application Experience\PcaPatchDbTask"" task for user ""NT AUTHORITY\SYSTEM""."
"5/26/2026 7:19:47 AM","201","Information","Microsoft-Windows-TaskScheduler","Task Scheduler successfully completed task ""\Microsoft\Windows\Application Experience\PcaPatchDbTask"" , instance ""{476a0da3-18ce-4cad-bb69-ff49c8be9347}"" , action ""%windir%\system32\rundll32.exe"" with return code 0."
"5/26/2026 7:19:38 AM","102","Information","Microsoft-Windows-TaskScheduler","Task Scheduler successfully finished ""{e9ed4ee7-2e27-4770-9f83-16a047045d1b}"" instance of the ""\Microsoft\Windows\UpdateOrchestrator\USO_UxBroker"" task for user ""NT AUTHORITY\SYSTEM""."
"5/26/2026 7:19:38 AM","201","Information","Microsoft-Windows-TaskScheduler","Task Scheduler successfully completed task ""\Microsoft\Windows\UpdateOrchestrator\USO_UxBroker"" , instance ""{e9ed4ee7-2e27-4770-9f83-16a047045d1b}"" , action ""%systemroot%\system32\MusNotification.exe"" with return code 0."
"5/26/2026 7:19:38 AM","102","Information","Microsoft-Windows-TaskScheduler","Task Scheduler successfully finished ""{51ff5c2c-f75a-464c-b13b-0e67c2e07eb9}"" instance of the ""\Microsoft\Windows\Data Integrity Scan\Data Integrity Check And Scan"" task for user ""NT AUTHORITY\SYSTEM""."
"5/26/2026 7:19:38 AM","201","Information","Microsoft-Windows-TaskScheduler","Task Scheduler successfully completed task ""\Microsoft\Windows\Data Integrity Scan\Data Integrity Check And Scan"" , instance ""{51ff5c2c-f75a-464c-b13b-0e67c2e07eb9}"" , action ""Data Integrity Scan"" with return code 0."
"5/26/2026 7:19:38 AM","140","Information","Microsoft-Windows-TaskScheduler","User ""SCAFFOLD\DC$""  updated Task Scheduler task ""\Microsoft\Windows\Data Integrity Scan\Data Integrity Check And Scan"""
"5/26/2026 7:19:38 AM","140","Information","Microsoft-Windows-TaskScheduler","User ""SCAFFOLD\DC$""  updated Task Scheduler task ""\Microsoft\Windows\Data Integrity Scan\Data Integrity Check And Scan"""
"5/26/2026 7:19:37 AM","102","Information","Microsoft-Windows-TaskScheduler","Task Scheduler successfully finished ""{c1c12be4-f03c-44b8-9d4a-673b4e724360}"" instance of the ""\Microsoft\Windows\Customer Experience Improvement Program\Consolidator"" task for user ""NT AUTHORITY\SYSTEM""."
"5/26/2026 7:19:37 AM","201","Information","Microsoft-Windows-TaskScheduler","Task Scheduler successfully completed task ""\Microsoft\Windows\Customer Experience Improvement Program\Consolidator"" , instance ""{c1c12be4-f03c-44b8-9d4a-673b4e724360}"" , action ""%SystemRoot%\System32\wsqmcons.exe"" with return code 0."
"5/26/2026 7:19:37 AM","102","Information","Microsoft-Windows-TaskScheduler","Task Scheduler successfully finished ""{0c2a786d-97fb-4973-89c1-a8072a813b9f}"" instance of the ""\Microsoft\Windows\UpdateOrchestrator\Schedule Scan"" task for user ""NT AUTHORITY\SYSTEM""."
"5/26/2026 7:19:37 AM","201","Information","Microsoft-Windows-TaskScheduler","Task Scheduler successfully completed task ""\Microsoft\Windows\UpdateOrchestrator\Schedule Scan"" , instance ""{0c2a786d-97fb-4973-89c1-a8072a813b9f}"" , action ""%systemroot%\system32\usoclient.exe"" with return code 0."
"5/26/2026 7:19:37 AM","102","Information","Microsoft-Windows-TaskScheduler","Task Scheduler successfully finished ""{115fcd20-b98f-46e7-92cd-cf9e2a8b7369}"" instance of the ""\Microsoft\Windows\Windows Error Reporting\QueueReporting"" task for user ""NT AUTHORITY\SYSTEM""."
"5/26/2026 7:19:37 AM","201","Information","Microsoft-Windows-TaskScheduler","Task Scheduler successfully completed task ""\Microsoft\Windows\Windows Error Reporting\QueueReporting"" , instance ""{115fcd20-b98f-46e7-92cd-cf9e2a8b7369}"" , action ""%windir%\system32\wermgr.exe"" with return code 0."
"5/26/2026 7:19:37 AM","200","Information","Microsoft-Windows-TaskScheduler","Task Scheduler launched action ""%windir%\system32\compattelrunner.exe"" in instance ""{a74d8b4d-bbc8-41dc-9983-639f6877be55}"" of task ""\Microsoft\Windows\Application Experience\Microsoft Compatibility Appraiser""."
"5/26/2026 7:19:37 AM","100","Information","Microsoft-Windows-TaskScheduler","Task Scheduler started ""{a74d8b4d-bbc8-41dc-9983-639f6877be55}"" instance of the ""\Microsoft\Windows\Application Experience\Microsoft Compatibility Appraiser"" task for user ""NT AUTHORITY\SYSTEM""."
"5/26/2026 7:19:37 AM","129","Information","Microsoft-Windows-TaskScheduler","Task Scheduler launch task ""\Microsoft\Windows\Application Experience\Microsoft Compatibility Appraiser"" , instance ""%windir%\system32\compattelrunner.exe""  with process ID 3432."
"5/26/2026 7:19:37 AM","200","Information","Microsoft-Windows-TaskScheduler","Task Scheduler launched action ""%windir%\system32\rundll32.exe"" in instance ""{476a0da3-18ce-4cad-bb69-ff49c8be9347}"" of task ""\Microsoft\Windows\Application Experience\PcaPatchDbTask""."
"5/26/2026 7:19:37 AM","100","Information","Microsoft-Windows-TaskScheduler","Task Scheduler started ""{476a0da3-18ce-4cad-bb69-ff49c8be9347}"" instance of the ""\Microsoft\Windows\Application Experience\PcaPatchDbTask"" task for user ""NT AUTHORITY\SYSTEM""."
"5/26/2026 7:19:37 AM","200","Information","Microsoft-Windows-TaskScheduler","Task Scheduler launched action ""%systemroot%\system32\usoclient.exe"" in instance ""{0c2a786d-97fb-4973-89c1-a8072a813b9f}"" of task ""\Microsoft\Windows\UpdateOrchestrator\Schedule Scan""."
"5/26/2026 7:19:37 AM","100","Information","Microsoft-Windows-TaskScheduler","Task Scheduler started ""{0c2a786d-97fb-4973-89c1-a8072a813b9f}"" instance of the ""\Microsoft\Windows\UpdateOrchestrator\Schedule Scan"" task for user ""NT AUTHORITY\SYSTEM""."
"5/26/2026 7:19:37 AM","129","Information","Microsoft-Windows-TaskScheduler","Task Scheduler launch task ""\Microsoft\Windows\Application Experience\PcaPatchDbTask"" , instance ""%windir%\system32\rundll32.exe""  with process ID 7176."
"5/26/2026 7:19:37 AM","129","Information","Microsoft-Windows-TaskScheduler","Task Scheduler launch task ""\Microsoft\Windows\UpdateOrchestrator\Schedule Scan"" , instance ""%systemroot%\system32\usoclient.exe""  with process ID 6120."
"5/26/2026 7:19:37 AM","200","Information","Microsoft-Windows-TaskScheduler","Task Scheduler launched action ""%windir%\system32\devicecensus.exe"" in instance ""{3b1a9821-1215-4b38-a207-f8483018b0c4}"" of task ""\Microsoft\Windows\Device Information\Device""."
"5/26/2026 7:19:37 AM","100","Information","Microsoft-Windows-TaskScheduler","Task Scheduler started ""{3b1a9821-1215-4b38-a207-f8483018b0c4}"" instance of the ""\Microsoft\Windows\Device Information\Device"" task for user ""NT AUTHORITY\SYSTEM""."
"5/26/2026 7:19:37 AM","129","Information","Microsoft-Windows-TaskScheduler","Task Scheduler launch task ""\Microsoft\Windows\Device Information\Device"" , instance ""%windir%\system32\devicecensus.exe""  with process ID 1504."
"5/26/2026 7:19:37 AM","114","Warning","Microsoft-Windows-TaskScheduler","Task Scheduler could not launch task ""\Microsoft\Windows\UpdateOrchestrator\Schedule Scan""  as scheduled. Instance ""{0c2a786d-97fb-4973-89c1-a8072a813b9f}""  is started now as required by the configuration option to start the task when available, if schedule is missed."
"5/26/2026 7:19:37 AM","200","Information","Microsoft-Windows-TaskScheduler","Task Scheduler launched action ""%SystemRoot%\System32\wsqmcons.exe"" in instance ""{c1c12be4-f03c-44b8-9d4a-673b4e724360}"" of task ""\Microsoft\Windows\Customer Experience Improvement Program\Consolidator""."
"5/26/2026 7:19:37 AM","100","Information","Microsoft-Windows-TaskScheduler","Task Scheduler started ""{c1c12be4-f03c-44b8-9d4a-673b4e724360}"" instance of the ""\Microsoft\Windows\Customer Experience Improvement Program\Consolidator"" task for user ""NT AUTHORITY\SYSTEM""."
"5/26/2026 7:19:37 AM","129","Information","Microsoft-Windows-TaskScheduler","Task Scheduler launch task ""\Microsoft\Windows\Customer Experience Improvement Program\Consolidator"" , instance ""%SystemRoot%\System32\wsqmcons.exe""  with process ID 2384."
"5/26/2026 7:19:37 AM","114","Warning","Microsoft-Windows-TaskScheduler","Task Scheduler could not launch task ""\Microsoft\Windows\Application Experience\PcaPatchDbTask""  as scheduled. Instance ""{476a0da3-18ce-4cad-bb69-ff49c8be9347}""  is started now as required by the configuration option to start the task when available, if schedule is missed."
"5/26/2026 7:19:37 AM","200","Information","Microsoft-Windows-TaskScheduler","Task Scheduler launched action ""OneSettings Refresh Cache Task Handler"" in instance ""{db56283a-4ddc-4ac1-afd3-28eab17ed1cd}"" of task ""\Microsoft\Windows\Flighting\OneSettings\RefreshCache""."
"5/26/2026 7:19:37 AM","100","Information","Microsoft-Windows-TaskScheduler","Task Scheduler started ""{db56283a-4ddc-4ac1-afd3-28eab17ed1cd}"" instance of the ""\Microsoft\Windows\Flighting\OneSettings\RefreshCache"" task for user ""NT AUTHORITY\SYSTEM""."
"5/26/2026 7:19:37 AM","114","Warning","Microsoft-Windows-TaskScheduler","Task Scheduler could not launch task ""\Microsoft\Windows\Flighting\OneSettings\RefreshCache""  as scheduled. Instance ""{db56283a-4ddc-4ac1-afd3-28eab17ed1cd}""  is started now as required by the configuration option to start the task when available, if schedule is missed."
"5/26/2026 7:19:37 AM","200","Information","Microsoft-Windows-TaskScheduler","Task Scheduler launched action ""%systemroot%\system32\MusNotification.exe"" in instance ""{e9ed4ee7-2e27-4770-9f83-16a047045d1b}"" of task ""\Microsoft\Windows\UpdateOrchestrator\USO_UxBroker""."
"5/26/2026 7:19:37 AM","100","Information","Microsoft-Windows-TaskScheduler","Task Scheduler started ""{e9ed4ee7-2e27-4770-9f83-16a047045d1b}"" instance of the ""\Microsoft\Windows\UpdateOrchestrator\USO_UxBroker"" task for user ""NT AUTHORITY\SYSTEM""."
"5/26/2026 7:19:37 AM","129","Information","Microsoft-Windows-TaskScheduler","Task Scheduler launch task ""\Microsoft\Windows\UpdateOrchestrator\USO_UxBroker"" , instance ""%systemroot%\system32\MusNotification.exe""  with process ID 4000."
"5/26/2026 7:19:37 AM","114","Warning","Microsoft-Windows-TaskScheduler","Task Scheduler could not launch task ""\Microsoft\Windows\Application Experience\Microsoft Compatibility Appraiser""  as scheduled. Instance ""{a74d8b4d-bbc8-41dc-9983-639f6877be55}""  is started now as required by the configuration option to start the task when available, if schedule is missed."
"5/26/2026 7:19:37 AM","200","Information","Microsoft-Windows-TaskScheduler","Task Scheduler launched action ""Data Integrity Scan"" in instance ""{51ff5c2c-f75a-464c-b13b-0e67c2e07eb9}"" of task ""\Microsoft\Windows\Data Integrity Scan\Data Integrity Check And Scan""."
"5/26/2026 7:19:37 AM","100","Information","Microsoft-Windows-TaskScheduler","Task Scheduler started ""{51ff5c2c-f75a-464c-b13b-0e67c2e07eb9}"" instance of the ""\Microsoft\Windows\Data Integrity Scan\Data Integrity Check And Scan"" task for user ""NT AUTHORITY\SYSTEM""."
"5/26/2026 7:19:37 AM","129","Information","Microsoft-Windows-TaskScheduler","Task Scheduler launch task ""\Microsoft\Windows\Data Integrity Scan\Data Integrity Check And Scan"" , instance ""taskhostw.exe""  with process ID 4184."
"5/26/2026 7:19:37 AM","114","Warning","Microsoft-Windows-TaskScheduler","Task Scheduler could not launch task ""\Microsoft\Windows\Device Information\Device""  as scheduled. Instance ""{3b1a9821-1215-4b38-a207-f8483018b0c4}""  is started now as required by the configuration option to start the task when available, if schedule is missed."
"5/26/2026 7:19:37 AM","200","Information","Microsoft-Windows-TaskScheduler","Task Scheduler launched action ""%windir%\system32\wermgr.exe"" in instance ""{115fcd20-b98f-46e7-92cd-cf9e2a8b7369}"" of task ""\Microsoft\Windows\Windows Error Reporting\QueueReporting""."
"5/26/2026 7:19:37 AM","100","Information","Microsoft-Windows-TaskScheduler","Task Scheduler started ""{115fcd20-b98f-46e7-92cd-cf9e2a8b7369}"" instance of the ""\Microsoft\Windows\Windows Error Reporting\QueueReporting"" task for user ""NT AUTHORITY\SYSTEM""."
"5/26/2026 7:19:37 AM","129","Information","Microsoft-Windows-TaskScheduler","Task Scheduler launch task ""\Microsoft\Windows\Windows Error Reporting\QueueReporting"" , instance ""%windir%\system32\wermgr.exe""  with process ID 5252."
"5/26/2026 7:19:37 AM","114","Warning","Microsoft-Windows-TaskScheduler","Task Scheduler could not launch task ""\Microsoft\Windows\UpdateOrchestrator\USO_UxBroker""  as scheduled. Instance ""{e9ed4ee7-2e27-4770-9f83-16a047045d1b}""  is started now as required by the configuration option to start the task when available, if schedule is missed."
"5/26/2026 7:19:37 AM","114","Warning","Microsoft-Windows-TaskScheduler","Task Scheduler could not launch task ""\Microsoft\Windows\Customer Experience Improvement Program\Consolidator""  as scheduled. Instance ""{c1c12be4-f03c-44b8-9d4a-673b4e724360}""  is started now as required by the configuration option to start the task when available, if schedule is missed."
"5/26/2026 7:19:37 AM","114","Warning","Microsoft-Windows-TaskScheduler","Task Scheduler could not launch task ""\Microsoft\Windows\Data Integrity Scan\Data Integrity Check And Scan""  as scheduled. Instance ""{51ff5c2c-f75a-464c-b13b-0e67c2e07eb9}""  is started now as required by the configuration option to start the task when available, if schedule is missed."
