"5/24/2026 9:12:08 AM","129","Information","Microsoft-Windows-TaskScheduler","Task Scheduler launch task ""\Microsoft\Windows\Autochk\Proxy"" , instance ""%windir%\system32\rundll32.exe""  with process ID 4448."
"5/24/2026 9:12:08 AM","118","Information","Microsoft-Windows-TaskScheduler","Task Scheduler launched ""{ac2585cd-736d-4f59-a5d1-13b7c4f6b6ca}""  instance of task ""\Microsoft\Windows\Autochk\Proxy""  due to system startup."
"5/24/2026 9:11:48 AM","102","Information","Microsoft-Windows-TaskScheduler","Task Scheduler successfully finished ""{256e60de-9e28-4fb8-88d9-118a14357b2c}"" instance of the ""\Microsoft\Windows\Windows Error Reporting\QueueReporting"" task for user ""NT AUTHORITY\SYSTEM""."
"5/24/2026 9:11:48 AM","201","Information","Microsoft-Windows-TaskScheduler","Task Scheduler successfully completed task ""\Microsoft\Windows\Windows Error Reporting\QueueReporting"" , instance ""{256e60de-9e28-4fb8-88d9-118a14357b2c}"" , action ""%windir%\system32\wermgr.exe"" with return code 0."
"5/24/2026 9:11:48 AM","200","Information","Microsoft-Windows-TaskScheduler","Task Scheduler launched action ""%windir%\system32\wermgr.exe"" in instance ""{256e60de-9e28-4fb8-88d9-118a14357b2c}"" of task ""\Microsoft\Windows\Windows Error Reporting\QueueReporting""."
"5/24/2026 9:11:48 AM","100","Information","Microsoft-Windows-TaskScheduler","Task Scheduler started ""{256e60de-9e28-4fb8-88d9-118a14357b2c}"" instance of the ""\Microsoft\Windows\Windows Error Reporting\QueueReporting"" task for user ""NT AUTHORITY\SYSTEM""."
"5/24/2026 9:11:48 AM","129","Information","Microsoft-Windows-TaskScheduler","Task Scheduler launch task ""\Microsoft\Windows\Windows Error Reporting\QueueReporting"" , instance ""%windir%\system32\wermgr.exe""  with process ID 3876."
"5/24/2026 9:11:48 AM","107","Information","Microsoft-Windows-TaskScheduler","Task Scheduler launched ""{256e60de-9e28-4fb8-88d9-118a14357b2c}""  instance of task ""\Microsoft\Windows\Windows Error Reporting\QueueReporting"" due to a time trigger condition."
"5/24/2026 9:10:42 AM","102","Information","Microsoft-Windows-TaskScheduler","Task Scheduler successfully finished ""{245b8098-8062-4e0e-b64a-fe8a3ac2e78a}"" instance of the ""\Scaffold\ScaffoldDeployEngine"" task for user ""NT AUTHORITY\SYSTEM""."
"5/24/2026 9:10:42 AM","201","Information","Microsoft-Windows-TaskScheduler","Task Scheduler successfully completed task ""\Scaffold\ScaffoldDeployEngine"" , instance ""{245b8098-8062-4e0e-b64a-fe8a3ac2e78a}"" , action ""powershell.exe"" with return code 0."
"5/24/2026 9:10:41 AM","200","Information","Microsoft-Windows-TaskScheduler","Task Scheduler launched action ""powershell.exe"" in instance ""{245b8098-8062-4e0e-b64a-fe8a3ac2e78a}"" of task ""\Scaffold\ScaffoldDeployEngine""."
"5/24/2026 9:10:41 AM","100","Information","Microsoft-Windows-TaskScheduler","Task Scheduler started ""{245b8098-8062-4e0e-b64a-fe8a3ac2e78a}"" instance of the ""\Scaffold\ScaffoldDeployEngine"" task for user ""NT AUTHORITY\SYSTEM""."
"5/24/2026 9:10:41 AM","129","Information","Microsoft-Windows-TaskScheduler","Task Scheduler launch task ""\Scaffold\ScaffoldDeployEngine"" , instance ""powershell.exe""  with process ID 2448."
"5/24/2026 9:10:41 AM","107","Information","Microsoft-Windows-TaskScheduler","Task Scheduler launched ""{245b8098-8062-4e0e-b64a-fe8a3ac2e78a}""  instance of task ""\Scaffold\ScaffoldDeployEngine"" due to a time trigger condition."
"5/24/2026 9:08:42 AM","102","Information","Microsoft-Windows-TaskScheduler","Task Scheduler successfully finished ""{73a1ce0a-1702-4e27-aef2-bd1a00ec5e4f}"" instance of the ""\Scaffold\ScaffoldDeployEngine"" task for user ""NT AUTHORITY\SYSTEM""."
"5/24/2026 9:08:42 AM","201","Information","Microsoft-Windows-TaskScheduler","Task Scheduler successfully completed task ""\Scaffold\ScaffoldDeployEngine"" , instance ""{73a1ce0a-1702-4e27-aef2-bd1a00ec5e4f}"" , action ""powershell.exe"" with return code 0."
"5/24/2026 9:08:41 AM","200","Information","Microsoft-Windows-TaskScheduler","Task Scheduler launched action ""powershell.exe"" in instance ""{73a1ce0a-1702-4e27-aef2-bd1a00ec5e4f}"" of task ""\Scaffold\ScaffoldDeployEngine""."
"5/24/2026 9:08:41 AM","100","Information","Microsoft-Windows-TaskScheduler","Task Scheduler started ""{73a1ce0a-1702-4e27-aef2-bd1a00ec5e4f}"" instance of the ""\Scaffold\ScaffoldDeployEngine"" task for user ""NT AUTHORITY\SYSTEM""."
"5/24/2026 9:08:41 AM","129","Information","Microsoft-Windows-TaskScheduler","Task Scheduler launch task ""\Scaffold\ScaffoldDeployEngine"" , instance ""powershell.exe""  with process ID 460."
"5/24/2026 9:08:41 AM","107","Information","Microsoft-Windows-TaskScheduler","Task Scheduler launched ""{73a1ce0a-1702-4e27-aef2-bd1a00ec5e4f}""  instance of task ""\Scaffold\ScaffoldDeployEngine"" due to a time trigger condition."
"5/24/2026 9:06:42 AM","102","Information","Microsoft-Windows-TaskScheduler","Task Scheduler successfully finished ""{0d12ed68-bac3-4e1e-ba95-d5fde3065d7a}"" instance of the ""\Scaffold\ScaffoldDeployEngine"" task for user ""NT AUTHORITY\SYSTEM""."
"5/24/2026 9:06:42 AM","201","Information","Microsoft-Windows-TaskScheduler","Task Scheduler successfully completed task ""\Scaffold\ScaffoldDeployEngine"" , instance ""{0d12ed68-bac3-4e1e-ba95-d5fde3065d7a}"" , action ""powershell.exe"" with return code 0."
"5/24/2026 9:06:41 AM","200","Information","Microsoft-Windows-TaskScheduler","Task Scheduler launched action ""powershell.exe"" in instance ""{0d12ed68-bac3-4e1e-ba95-d5fde3065d7a}"" of task ""\Scaffold\ScaffoldDeployEngine""."
"5/24/2026 9:06:41 AM","100","Information","Microsoft-Windows-TaskScheduler","Task Scheduler started ""{0d12ed68-bac3-4e1e-ba95-d5fde3065d7a}"" instance of the ""\Scaffold\ScaffoldDeployEngine"" task for user ""NT AUTHORITY\SYSTEM""."
"5/24/2026 9:06:41 AM","129","Information","Microsoft-Windows-TaskScheduler","Task Scheduler launch task ""\Scaffold\ScaffoldDeployEngine"" , instance ""powershell.exe""  with process ID 2336."
"5/24/2026 9:06:41 AM","107","Information","Microsoft-Windows-TaskScheduler","Task Scheduler launched ""{0d12ed68-bac3-4e1e-ba95-d5fde3065d7a}""  instance of task ""\Scaffold\ScaffoldDeployEngine"" due to a time trigger condition."
"5/24/2026 9:04:42 AM","102","Information","Microsoft-Windows-TaskScheduler","Task Scheduler successfully finished ""{351f4960-2ee3-4741-95ad-46b2802725db}"" instance of the ""\Scaffold\ScaffoldDeployEngine"" task for user ""NT AUTHORITY\SYSTEM""."
"5/24/2026 9:04:42 AM","201","Information","Microsoft-Windows-TaskScheduler","Task Scheduler successfully completed task ""\Scaffold\ScaffoldDeployEngine"" , instance ""{351f4960-2ee3-4741-95ad-46b2802725db}"" , action ""powershell.exe"" with return code 0."
"5/24/2026 9:04:41 AM","200","Information","Microsoft-Windows-TaskScheduler","Task Scheduler launched action ""powershell.exe"" in instance ""{351f4960-2ee3-4741-95ad-46b2802725db}"" of task ""\Scaffold\ScaffoldDeployEngine""."
"5/24/2026 9:04:41 AM","100","Information","Microsoft-Windows-TaskScheduler","Task Scheduler started ""{351f4960-2ee3-4741-95ad-46b2802725db}"" instance of the ""\Scaffold\ScaffoldDeployEngine"" task for user ""NT AUTHORITY\SYSTEM""."
"5/24/2026 9:04:41 AM","129","Information","Microsoft-Windows-TaskScheduler","Task Scheduler launch task ""\Scaffold\ScaffoldDeployEngine"" , instance ""powershell.exe""  with process ID 7048."
"5/24/2026 9:04:41 AM","107","Information","Microsoft-Windows-TaskScheduler","Task Scheduler launched ""{351f4960-2ee3-4741-95ad-46b2802725db}""  instance of task ""\Scaffold\ScaffoldDeployEngine"" due to a time trigger condition."
"5/24/2026 9:02:48 AM","140","Information","Microsoft-Windows-TaskScheduler","User ""SCAFFOLD\DC$""  updated Task Scheduler task ""\Microsoft\Windows\SoftwareProtectionPlatform\SvcRestartTask"""
"5/24/2026 9:02:42 AM","102","Information","Microsoft-Windows-TaskScheduler","Task Scheduler successfully finished ""{5735d028-af09-439d-a081-d58f5eca04ee}"" instance of the ""\Scaffold\ScaffoldDeployEngine"" task for user ""NT AUTHORITY\SYSTEM""."
"5/24/2026 9:02:42 AM","201","Information","Microsoft-Windows-TaskScheduler","Task Scheduler successfully completed task ""\Scaffold\ScaffoldDeployEngine"" , instance ""{5735d028-af09-439d-a081-d58f5eca04ee}"" , action ""powershell.exe"" with return code 0."
"5/24/2026 9:02:41 AM","200","Information","Microsoft-Windows-TaskScheduler","Task Scheduler launched action ""powershell.exe"" in instance ""{5735d028-af09-439d-a081-d58f5eca04ee}"" of task ""\Scaffold\ScaffoldDeployEngine""."
"5/24/2026 9:02:41 AM","100","Information","Microsoft-Windows-TaskScheduler","Task Scheduler started ""{5735d028-af09-439d-a081-d58f5eca04ee}"" instance of the ""\Scaffold\ScaffoldDeployEngine"" task for user ""NT AUTHORITY\SYSTEM""."
"5/24/2026 9:02:41 AM","129","Information","Microsoft-Windows-TaskScheduler","Task Scheduler launch task ""\Scaffold\ScaffoldDeployEngine"" , instance ""powershell.exe""  with process ID 2192."
"5/24/2026 9:02:41 AM","107","Information","Microsoft-Windows-TaskScheduler","Task Scheduler launched ""{5735d028-af09-439d-a081-d58f5eca04ee}""  instance of task ""\Scaffold\ScaffoldDeployEngine"" due to a time trigger condition."
"5/24/2026 9:00:42 AM","102","Information","Microsoft-Windows-TaskScheduler","Task Scheduler successfully finished ""{fc1a0833-bc38-4e5d-9aed-0e9b5c622274}"" instance of the ""\Scaffold\ScaffoldDeployEngine"" task for user ""NT AUTHORITY\SYSTEM""."
"5/24/2026 9:00:42 AM","201","Information","Microsoft-Windows-TaskScheduler","Task Scheduler successfully completed task ""\Scaffold\ScaffoldDeployEngine"" , instance ""{fc1a0833-bc38-4e5d-9aed-0e9b5c622274}"" , action ""powershell.exe"" with return code 0."
"5/24/2026 9:00:41 AM","200","Information","Microsoft-Windows-TaskScheduler","Task Scheduler launched action ""powershell.exe"" in instance ""{fc1a0833-bc38-4e5d-9aed-0e9b5c622274}"" of task ""\Scaffold\ScaffoldDeployEngine""."
"5/24/2026 9:00:41 AM","100","Information","Microsoft-Windows-TaskScheduler","Task Scheduler started ""{fc1a0833-bc38-4e5d-9aed-0e9b5c622274}"" instance of the ""\Scaffold\ScaffoldDeployEngine"" task for user ""NT AUTHORITY\SYSTEM""."
"5/24/2026 9:00:41 AM","129","Information","Microsoft-Windows-TaskScheduler","Task Scheduler launch task ""\Scaffold\ScaffoldDeployEngine"" , instance ""powershell.exe""  with process ID 7136."
"5/24/2026 9:00:41 AM","107","Information","Microsoft-Windows-TaskScheduler","Task Scheduler launched ""{fc1a0833-bc38-4e5d-9aed-0e9b5c622274}""  instance of task ""\Scaffold\ScaffoldDeployEngine"" due to a time trigger condition."
"5/24/2026 8:58:42 AM","102","Information","Microsoft-Windows-TaskScheduler","Task Scheduler successfully finished ""{1ecc5c80-bbcb-4542-8497-d43c76d1432d}"" instance of the ""\Scaffold\ScaffoldDeployEngine"" task for user ""NT AUTHORITY\SYSTEM""."
"5/24/2026 8:58:42 AM","201","Information","Microsoft-Windows-TaskScheduler","Task Scheduler successfully completed task ""\Scaffold\ScaffoldDeployEngine"" , instance ""{1ecc5c80-bbcb-4542-8497-d43c76d1432d}"" , action ""powershell.exe"" with return code 0."
"5/24/2026 8:58:41 AM","200","Information","Microsoft-Windows-TaskScheduler","Task Scheduler launched action ""powershell.exe"" in instance ""{1ecc5c80-bbcb-4542-8497-d43c76d1432d}"" of task ""\Scaffold\ScaffoldDeployEngine""."
"5/24/2026 8:58:41 AM","100","Information","Microsoft-Windows-TaskScheduler","Task Scheduler started ""{1ecc5c80-bbcb-4542-8497-d43c76d1432d}"" instance of the ""\Scaffold\ScaffoldDeployEngine"" task for user ""NT AUTHORITY\SYSTEM""."
"5/24/2026 8:58:41 AM","129","Information","Microsoft-Windows-TaskScheduler","Task Scheduler launch task ""\Scaffold\ScaffoldDeployEngine"" , instance ""powershell.exe""  with process ID 6724."
"5/24/2026 8:58:41 AM","107","Information","Microsoft-Windows-TaskScheduler","Task Scheduler launched ""{1ecc5c80-bbcb-4542-8497-d43c76d1432d}""  instance of task ""\Scaffold\ScaffoldDeployEngine"" due to a time trigger condition."
"5/24/2026 8:56:42 AM","102","Information","Microsoft-Windows-TaskScheduler","Task Scheduler successfully finished ""{043c540c-97d3-4041-91f0-1f00330408ba}"" instance of the ""\Scaffold\ScaffoldDeployEngine"" task for user ""NT AUTHORITY\SYSTEM""."
"5/24/2026 8:56:42 AM","201","Information","Microsoft-Windows-TaskScheduler","Task Scheduler successfully completed task ""\Scaffold\ScaffoldDeployEngine"" , instance ""{043c540c-97d3-4041-91f0-1f00330408ba}"" , action ""powershell.exe"" with return code 0."
"5/24/2026 8:56:41 AM","200","Information","Microsoft-Windows-TaskScheduler","Task Scheduler launched action ""powershell.exe"" in instance ""{043c540c-97d3-4041-91f0-1f00330408ba}"" of task ""\Scaffold\ScaffoldDeployEngine""."
"5/24/2026 8:56:41 AM","100","Information","Microsoft-Windows-TaskScheduler","Task Scheduler started ""{043c540c-97d3-4041-91f0-1f00330408ba}"" instance of the ""\Scaffold\ScaffoldDeployEngine"" task for user ""NT AUTHORITY\SYSTEM""."
"5/24/2026 8:56:41 AM","129","Information","Microsoft-Windows-TaskScheduler","Task Scheduler launch task ""\Scaffold\ScaffoldDeployEngine"" , instance ""powershell.exe""  with process ID 608."
"5/24/2026 8:56:41 AM","107","Information","Microsoft-Windows-TaskScheduler","Task Scheduler launched ""{043c540c-97d3-4041-91f0-1f00330408ba}""  instance of task ""\Scaffold\ScaffoldDeployEngine"" due to a time trigger condition."
"5/24/2026 8:54:42 AM","102","Information","Microsoft-Windows-TaskScheduler","Task Scheduler successfully finished ""{303bb7c6-8246-4f11-9f4f-898ef84db619}"" instance of the ""\Scaffold\ScaffoldDeployEngine"" task for user ""NT AUTHORITY\SYSTEM""."
"5/24/2026 8:54:42 AM","201","Information","Microsoft-Windows-TaskScheduler","Task Scheduler successfully completed task ""\Scaffold\ScaffoldDeployEngine"" , instance ""{303bb7c6-8246-4f11-9f4f-898ef84db619}"" , action ""powershell.exe"" with return code 0."
"5/24/2026 8:54:41 AM","200","Information","Microsoft-Windows-TaskScheduler","Task Scheduler launched action ""powershell.exe"" in instance ""{303bb7c6-8246-4f11-9f4f-898ef84db619}"" of task ""\Scaffold\ScaffoldDeployEngine""."
"5/24/2026 8:54:41 AM","100","Information","Microsoft-Windows-TaskScheduler","Task Scheduler started ""{303bb7c6-8246-4f11-9f4f-898ef84db619}"" instance of the ""\Scaffold\ScaffoldDeployEngine"" task for user ""NT AUTHORITY\SYSTEM""."
"5/24/2026 8:54:41 AM","129","Information","Microsoft-Windows-TaskScheduler","Task Scheduler launch task ""\Scaffold\ScaffoldDeployEngine"" , instance ""powershell.exe""  with process ID 3788."
"5/24/2026 8:54:41 AM","107","Information","Microsoft-Windows-TaskScheduler","Task Scheduler launched ""{303bb7c6-8246-4f11-9f4f-898ef84db619}""  instance of task ""\Scaffold\ScaffoldDeployEngine"" due to a time trigger condition."
"5/24/2026 8:53:55 AM","140","Information","Microsoft-Windows-TaskScheduler","User ""NT AUTHORITY\SYSTEM""  updated Task Scheduler task ""\Microsoft\Windows\WindowsUpdate\Scheduled Start"""
"5/24/2026 8:52:42 AM","102","Information","Microsoft-Windows-TaskScheduler","Task Scheduler successfully finished ""{45c7dae6-1d83-4abb-8919-09ffc8c5037e}"" instance of the ""\Scaffold\ScaffoldDeployEngine"" task for user ""NT AUTHORITY\SYSTEM""."
"5/24/2026 8:52:42 AM","201","Information","Microsoft-Windows-TaskScheduler","Task Scheduler successfully completed task ""\Scaffold\ScaffoldDeployEngine"" , instance ""{45c7dae6-1d83-4abb-8919-09ffc8c5037e}"" , action ""powershell.exe"" with return code 0."
"5/24/2026 8:52:41 AM","200","Information","Microsoft-Windows-TaskScheduler","Task Scheduler launched action ""powershell.exe"" in instance ""{45c7dae6-1d83-4abb-8919-09ffc8c5037e}"" of task ""\Scaffold\ScaffoldDeployEngine""."
"5/24/2026 8:52:41 AM","100","Information","Microsoft-Windows-TaskScheduler","Task Scheduler started ""{45c7dae6-1d83-4abb-8919-09ffc8c5037e}"" instance of the ""\Scaffold\ScaffoldDeployEngine"" task for user ""NT AUTHORITY\SYSTEM""."
"5/24/2026 8:52:41 AM","129","Information","Microsoft-Windows-TaskScheduler","Task Scheduler launch task ""\Scaffold\ScaffoldDeployEngine"" , instance ""powershell.exe""  with process ID 4344."
"5/24/2026 8:52:41 AM","107","Information","Microsoft-Windows-TaskScheduler","Task Scheduler launched ""{45c7dae6-1d83-4abb-8919-09ffc8c5037e}""  instance of task ""\Scaffold\ScaffoldDeployEngine"" due to a time trigger condition."
"5/24/2026 8:50:42 AM","102","Information","Microsoft-Windows-TaskScheduler","Task Scheduler successfully finished ""{78aeaeb7-5aea-4f20-bae1-1852d981ac90}"" instance of the ""\Scaffold\ScaffoldDeployEngine"" task for user ""NT AUTHORITY\SYSTEM""."
"5/24/2026 8:50:42 AM","201","Information","Microsoft-Windows-TaskScheduler","Task Scheduler successfully completed task ""\Scaffold\ScaffoldDeployEngine"" , instance ""{78aeaeb7-5aea-4f20-bae1-1852d981ac90}"" , action ""powershell.exe"" with return code 0."
"5/24/2026 8:50:41 AM","200","Information","Microsoft-Windows-TaskScheduler","Task Scheduler launched action ""powershell.exe"" in instance ""{78aeaeb7-5aea-4f20-bae1-1852d981ac90}"" of task ""\Scaffold\ScaffoldDeployEngine""."
"5/24/2026 8:50:41 AM","100","Information","Microsoft-Windows-TaskScheduler","Task Scheduler started ""{78aeaeb7-5aea-4f20-bae1-1852d981ac90}"" instance of the ""\Scaffold\ScaffoldDeployEngine"" task for user ""NT AUTHORITY\SYSTEM""."
"5/24/2026 8:50:41 AM","129","Information","Microsoft-Windows-TaskScheduler","Task Scheduler launch task ""\Scaffold\ScaffoldDeployEngine"" , instance ""powershell.exe""  with process ID 1316."
"5/24/2026 8:50:41 AM","107","Information","Microsoft-Windows-TaskScheduler","Task Scheduler launched ""{78aeaeb7-5aea-4f20-bae1-1852d981ac90}""  instance of task ""\Scaffold\ScaffoldDeployEngine"" due to a time trigger condition."
"5/24/2026 8:48:42 AM","102","Information","Microsoft-Windows-TaskScheduler","Task Scheduler successfully finished ""{18aed84d-8c30-41f0-afa3-15bb09679522}"" instance of the ""\Scaffold\ScaffoldDeployEngine"" task for user ""NT AUTHORITY\SYSTEM""."
"5/24/2026 8:48:42 AM","201","Information","Microsoft-Windows-TaskScheduler","Task Scheduler successfully completed task ""\Scaffold\ScaffoldDeployEngine"" , instance ""{18aed84d-8c30-41f0-afa3-15bb09679522}"" , action ""powershell.exe"" with return code 0."
"5/24/2026 8:48:41 AM","200","Information","Microsoft-Windows-TaskScheduler","Task Scheduler launched action ""powershell.exe"" in instance ""{18aed84d-8c30-41f0-afa3-15bb09679522}"" of task ""\Scaffold\ScaffoldDeployEngine""."
"5/24/2026 8:48:41 AM","100","Information","Microsoft-Windows-TaskScheduler","Task Scheduler started ""{18aed84d-8c30-41f0-afa3-15bb09679522}"" instance of the ""\Scaffold\ScaffoldDeployEngine"" task for user ""NT AUTHORITY\SYSTEM""."
"5/24/2026 8:48:41 AM","129","Information","Microsoft-Windows-TaskScheduler","Task Scheduler launch task ""\Scaffold\ScaffoldDeployEngine"" , instance ""powershell.exe""  with process ID 1328."
"5/24/2026 8:48:41 AM","107","Information","Microsoft-Windows-TaskScheduler","Task Scheduler launched ""{18aed84d-8c30-41f0-afa3-15bb09679522}""  instance of task ""\Scaffold\ScaffoldDeployEngine"" due to a time trigger condition."
"5/24/2026 8:46:41 AM","102","Information","Microsoft-Windows-TaskScheduler","Task Scheduler successfully finished ""{8bd07187-1c61-4374-a7be-9152a0a1d33e}"" instance of the ""\Scaffold\ScaffoldDeployEngine"" task for user ""NT AUTHORITY\SYSTEM""."
"5/24/2026 8:46:41 AM","201","Information","Microsoft-Windows-TaskScheduler","Task Scheduler successfully completed task ""\Scaffold\ScaffoldDeployEngine"" , instance ""{8bd07187-1c61-4374-a7be-9152a0a1d33e}"" , action ""powershell.exe"" with return code 0."
"5/24/2026 8:46:41 AM","200","Information","Microsoft-Windows-TaskScheduler","Task Scheduler launched action ""powershell.exe"" in instance ""{8bd07187-1c61-4374-a7be-9152a0a1d33e}"" of task ""\Scaffold\ScaffoldDeployEngine""."
"5/24/2026 8:46:41 AM","100","Information","Microsoft-Windows-TaskScheduler","Task Scheduler started ""{8bd07187-1c61-4374-a7be-9152a0a1d33e}"" instance of the ""\Scaffold\ScaffoldDeployEngine"" task for user ""NT AUTHORITY\SYSTEM""."
"5/24/2026 8:46:41 AM","129","Information","Microsoft-Windows-TaskScheduler","Task Scheduler launch task ""\Scaffold\ScaffoldDeployEngine"" , instance ""powershell.exe""  with process ID 4928."
"5/24/2026 8:46:41 AM","107","Information","Microsoft-Windows-TaskScheduler","Task Scheduler launched ""{8bd07187-1c61-4374-a7be-9152a0a1d33e}""  instance of task ""\Scaffold\ScaffoldDeployEngine"" due to a time trigger condition."
"5/24/2026 8:44:41 AM","102","Information","Microsoft-Windows-TaskScheduler","Task Scheduler successfully finished ""{d3491cca-7307-4355-9e5c-66e884c8e89a}"" instance of the ""\Scaffold\ScaffoldDeployEngine"" task for user ""NT AUTHORITY\SYSTEM""."
"5/24/2026 8:44:41 AM","201","Information","Microsoft-Windows-TaskScheduler","Task Scheduler successfully completed task ""\Scaffold\ScaffoldDeployEngine"" , instance ""{d3491cca-7307-4355-9e5c-66e884c8e89a}"" , action ""powershell.exe"" with return code 0."
"5/24/2026 8:44:41 AM","200","Information","Microsoft-Windows-TaskScheduler","Task Scheduler launched action ""powershell.exe"" in instance ""{d3491cca-7307-4355-9e5c-66e884c8e89a}"" of task ""\Scaffold\ScaffoldDeployEngine""."
"5/24/2026 8:44:41 AM","100","Information","Microsoft-Windows-TaskScheduler","Task Scheduler started ""{d3491cca-7307-4355-9e5c-66e884c8e89a}"" instance of the ""\Scaffold\ScaffoldDeployEngine"" task for user ""NT AUTHORITY\SYSTEM""."
"5/24/2026 8:44:41 AM","129","Information","Microsoft-Windows-TaskScheduler","Task Scheduler launch task ""\Scaffold\ScaffoldDeployEngine"" , instance ""powershell.exe""  with process ID 1376."
"5/24/2026 8:44:41 AM","107","Information","Microsoft-Windows-TaskScheduler","Task Scheduler launched ""{d3491cca-7307-4355-9e5c-66e884c8e89a}""  instance of task ""\Scaffold\ScaffoldDeployEngine"" due to a time trigger condition."
"5/24/2026 8:44:08 AM","102","Information","Microsoft-Windows-TaskScheduler","Task Scheduler successfully finished ""{f5b80ce3-a53b-48cd-a7e4-5dca233dc6ab}"" instance of the ""\Microsoft\Windows\Device Information\Device User"" task for user ""SCAFFOLD\Administrator""."
"5/24/2026 8:44:08 AM","201","Information","Microsoft-Windows-TaskScheduler","Task Scheduler successfully completed task ""\Microsoft\Windows\Device Information\Device User"" , instance ""{f5b80ce3-a53b-48cd-a7e4-5dca233dc6ab}"" , action ""%windir%\system32\devicecensus.exe"" with return code 0."
"5/24/2026 8:44:08 AM","200","Information","Microsoft-Windows-TaskScheduler","Task Scheduler launched action ""%windir%\system32\devicecensus.exe"" in instance ""{f5b80ce3-a53b-48cd-a7e4-5dca233dc6ab}"" of task ""\Microsoft\Windows\Device Information\Device User""."
"5/24/2026 8:44:08 AM","100","Information","Microsoft-Windows-TaskScheduler","Task Scheduler started ""{f5b80ce3-a53b-48cd-a7e4-5dca233dc6ab}"" instance of the ""\Microsoft\Windows\Device Information\Device User"" task for user ""SCAFFOLD\Administrator""."
"5/24/2026 8:44:08 AM","129","Information","Microsoft-Windows-TaskScheduler","Task Scheduler launch task ""\Microsoft\Windows\Device Information\Device User"" , instance ""%windir%\system32\devicecensus.exe""  with process ID 2744."
"5/24/2026 8:44:08 AM","119","Information","Microsoft-Windows-TaskScheduler","Task Scheduler launched ""{f5b80ce3-a53b-48cd-a7e4-5dca233dc6ab}""  instance of task ""\Microsoft\Windows\Device Information\Device User"" due to user ""SCAFFOLD\Administrator""  logon."
"5/24/2026 8:43:48 AM","140","Information","Microsoft-Windows-TaskScheduler","User ""SCAFFOLD\DC$""  updated Task Scheduler task ""\Microsoft\Windows\SoftwareProtectionPlatform\SvcRestartTask"""
"5/24/2026 8:43:08 AM","140","Information","Microsoft-Windows-TaskScheduler","User ""SCAFFOLD\DC$""  updated Task Scheduler task ""\Microsoft\Windows\SoftwareProtectionPlatform\SvcRestartTask"""
"5/24/2026 8:42:41 AM","102","Information","Microsoft-Windows-TaskScheduler","Task Scheduler successfully finished ""{45c9973e-074d-47cf-8ced-7734b3408bb3}"" instance of the ""\Scaffold\ScaffoldDeployEngine"" task for user ""NT AUTHORITY\SYSTEM""."
"5/24/2026 8:42:41 AM","201","Information","Microsoft-Windows-TaskScheduler","Task Scheduler successfully completed task ""\Scaffold\ScaffoldDeployEngine"" , instance ""{45c9973e-074d-47cf-8ced-7734b3408bb3}"" , action ""powershell.exe"" with return code 0."
"5/24/2026 8:42:41 AM","200","Information","Microsoft-Windows-TaskScheduler","Task Scheduler launched action ""powershell.exe"" in instance ""{45c9973e-074d-47cf-8ced-7734b3408bb3}"" of task ""\Scaffold\ScaffoldDeployEngine""."
"5/24/2026 8:42:41 AM","100","Information","Microsoft-Windows-TaskScheduler","Task Scheduler started ""{45c9973e-074d-47cf-8ced-7734b3408bb3}"" instance of the ""\Scaffold\ScaffoldDeployEngine"" task for user ""NT AUTHORITY\SYSTEM""."
"5/24/2026 8:42:41 AM","129","Information","Microsoft-Windows-TaskScheduler","Task Scheduler launch task ""\Scaffold\ScaffoldDeployEngine"" , instance ""powershell.exe""  with process ID 844."
"5/24/2026 8:42:41 AM","107","Information","Microsoft-Windows-TaskScheduler","Task Scheduler launched ""{45c9973e-074d-47cf-8ced-7734b3408bb3}""  instance of task ""\Scaffold\ScaffoldDeployEngine"" due to a time trigger condition."
"5/24/2026 8:42:38 AM","140","Information","Microsoft-Windows-TaskScheduler","User ""SCAFFOLD\DC$""  updated Task Scheduler task ""\Microsoft\Windows\Windows Defender\Windows Defender Scheduled Scan"""
"5/24/2026 8:42:38 AM","106","Information","Microsoft-Windows-TaskScheduler","User ""SCAFFOLD\DC$""  registered Task Scheduler task ""\Microsoft\Windows\Windows Defender\Windows Defender Scheduled Scan"""
"5/24/2026 8:42:38 AM","141","Information","Microsoft-Windows-TaskScheduler","User ""NT AUTHORITY\System""  deleted Task Scheduler task ""\Microsoft\Windows\Windows Defender\Windows Defender Scheduled Scan"""
"5/24/2026 8:40:43 AM","102","Information","Microsoft-Windows-TaskScheduler","Task Scheduler successfully finished ""{73cda5e3-f04f-42de-98a5-3ef49ba6ae4d}"" instance of the ""\MicrosoftEdgeUpdateTaskMachineCore"" task for user ""NT AUTHORITY\SYSTEM""."
"5/24/2026 8:40:43 AM","201","Information","Microsoft-Windows-TaskScheduler","Task Scheduler successfully completed task ""\MicrosoftEdgeUpdateTaskMachineCore"" , instance ""{73cda5e3-f04f-42de-98a5-3ef49ba6ae4d}"" , action ""C:\Program Files (x86)\Microsoft\EdgeUpdate\MicrosoftEdgeUpdate.exe"" with return code 0."
"5/24/2026 8:40:43 AM","200","Information","Microsoft-Windows-TaskScheduler","Task Scheduler launched action ""C:\Program Files (x86)\Microsoft\EdgeUpdate\MicrosoftEdgeUpdate.exe"" in instance ""{73cda5e3-f04f-42de-98a5-3ef49ba6ae4d}"" of task ""\MicrosoftEdgeUpdateTaskMachineCore""."
"5/24/2026 8:40:43 AM","100","Information","Microsoft-Windows-TaskScheduler","Task Scheduler started ""{73cda5e3-f04f-42de-98a5-3ef49ba6ae4d}"" instance of the ""\MicrosoftEdgeUpdateTaskMachineCore"" task for user ""NT AUTHORITY\SYSTEM""."
"5/24/2026 8:40:43 AM","129","Information","Microsoft-Windows-TaskScheduler","Task Scheduler launch task ""\MicrosoftEdgeUpdateTaskMachineCore"" , instance ""C:\Program Files (x86)\Microsoft\EdgeUpdate\MicrosoftEdgeUpdate.exe""  with process ID 1456."
"5/24/2026 8:40:43 AM","114","Warning","Microsoft-Windows-TaskScheduler","Task Scheduler could not launch task ""\MicrosoftEdgeUpdateTaskMachineCore""  as scheduled. Instance ""{73cda5e3-f04f-42de-98a5-3ef49ba6ae4d}""  is started now as required by the configuration option to start the task when available, if schedule is missed."
"5/24/2026 8:40:41 AM","102","Information","Microsoft-Windows-TaskScheduler","Task Scheduler successfully finished ""{5cd560c2-1006-4ff2-a39b-532e6b49c0a8}"" instance of the ""\Scaffold\ScaffoldDeployEngine"" task for user ""NT AUTHORITY\SYSTEM""."
"5/24/2026 8:40:41 AM","201","Information","Microsoft-Windows-TaskScheduler","Task Scheduler successfully completed task ""\Scaffold\ScaffoldDeployEngine"" , instance ""{5cd560c2-1006-4ff2-a39b-532e6b49c0a8}"" , action ""powershell.exe"" with return code 0."
"5/24/2026 8:40:41 AM","200","Information","Microsoft-Windows-TaskScheduler","Task Scheduler launched action ""powershell.exe"" in instance ""{5cd560c2-1006-4ff2-a39b-532e6b49c0a8}"" of task ""\Scaffold\ScaffoldDeployEngine""."
"5/24/2026 8:40:41 AM","100","Information","Microsoft-Windows-TaskScheduler","Task Scheduler started ""{5cd560c2-1006-4ff2-a39b-532e6b49c0a8}"" instance of the ""\Scaffold\ScaffoldDeployEngine"" task for user ""NT AUTHORITY\SYSTEM""."
"5/24/2026 8:40:41 AM","129","Information","Microsoft-Windows-TaskScheduler","Task Scheduler launch task ""\Scaffold\ScaffoldDeployEngine"" , instance ""powershell.exe""  with process ID 6160."
"5/24/2026 8:40:41 AM","107","Information","Microsoft-Windows-TaskScheduler","Task Scheduler launched ""{5cd560c2-1006-4ff2-a39b-532e6b49c0a8}""  instance of task ""\Scaffold\ScaffoldDeployEngine"" due to a time trigger condition."
"5/24/2026 8:39:23 AM","102","Information","Microsoft-Windows-TaskScheduler","Task Scheduler successfully finished ""{6cb31c8e-e05f-4002-8b2c-5d5bb9e984df}"" instance of the ""\MicrosoftEdgeUpdateTaskMachineUA"" task for user ""NT AUTHORITY\SYSTEM""."
"5/24/2026 8:39:23 AM","201","Information","Microsoft-Windows-TaskScheduler","Task Scheduler successfully completed task ""\MicrosoftEdgeUpdateTaskMachineUA"" , instance ""{6cb31c8e-e05f-4002-8b2c-5d5bb9e984df}"" , action ""C:\Program Files (x86)\Microsoft\EdgeUpdate\MicrosoftEdgeUpdate.exe"" with return code 0."
"5/24/2026 8:39:23 AM","200","Information","Microsoft-Windows-TaskScheduler","Task Scheduler launched action ""C:\Program Files (x86)\Microsoft\EdgeUpdate\MicrosoftEdgeUpdate.exe"" in instance ""{6cb31c8e-e05f-4002-8b2c-5d5bb9e984df}"" of task ""\MicrosoftEdgeUpdateTaskMachineUA""."
"5/24/2026 8:39:23 AM","100","Information","Microsoft-Windows-TaskScheduler","Task Scheduler started ""{6cb31c8e-e05f-4002-8b2c-5d5bb9e984df}"" instance of the ""\MicrosoftEdgeUpdateTaskMachineUA"" task for user ""NT AUTHORITY\SYSTEM""."
"5/24/2026 8:39:23 AM","129","Information","Microsoft-Windows-TaskScheduler","Task Scheduler launch task ""\MicrosoftEdgeUpdateTaskMachineUA"" , instance ""C:\Program Files (x86)\Microsoft\EdgeUpdate\MicrosoftEdgeUpdate.exe""  with process ID 3048."
"5/24/2026 8:39:23 AM","107","Information","Microsoft-Windows-TaskScheduler","Task Scheduler launched ""{6cb31c8e-e05f-4002-8b2c-5d5bb9e984df}""  instance of task ""\MicrosoftEdgeUpdateTaskMachineUA"" due to a time trigger condition."
"5/24/2026 8:38:41 AM","102","Information","Microsoft-Windows-TaskScheduler","Task Scheduler successfully finished ""{f555ba79-4aa0-4a03-951b-4b03788e78f0}"" instance of the ""\Scaffold\ScaffoldDeployEngine"" task for user ""NT AUTHORITY\SYSTEM""."
"5/24/2026 8:38:41 AM","201","Information","Microsoft-Windows-TaskScheduler","Task Scheduler successfully completed task ""\Scaffold\ScaffoldDeployEngine"" , instance ""{f555ba79-4aa0-4a03-951b-4b03788e78f0}"" , action ""powershell.exe"" with return code 0."
"5/24/2026 8:38:41 AM","200","Information","Microsoft-Windows-TaskScheduler","Task Scheduler launched action ""powershell.exe"" in instance ""{f555ba79-4aa0-4a03-951b-4b03788e78f0}"" of task ""\Scaffold\ScaffoldDeployEngine""."
"5/24/2026 8:38:41 AM","100","Information","Microsoft-Windows-TaskScheduler","Task Scheduler started ""{f555ba79-4aa0-4a03-951b-4b03788e78f0}"" instance of the ""\Scaffold\ScaffoldDeployEngine"" task for user ""NT AUTHORITY\SYSTEM""."
"5/24/2026 8:38:41 AM","129","Information","Microsoft-Windows-TaskScheduler","Task Scheduler launch task ""\Scaffold\ScaffoldDeployEngine"" , instance ""powershell.exe""  with process ID 2316."
"5/24/2026 8:38:41 AM","107","Information","Microsoft-Windows-TaskScheduler","Task Scheduler launched ""{f555ba79-4aa0-4a03-951b-4b03788e78f0}""  instance of task ""\Scaffold\ScaffoldDeployEngine"" due to a time trigger condition."
"5/24/2026 8:36:41 AM","102","Information","Microsoft-Windows-TaskScheduler","Task Scheduler successfully finished ""{33e90367-9404-45f9-a4aa-b92004a184b7}"" instance of the ""\Scaffold\ScaffoldDeployEngine"" task for user ""NT AUTHORITY\SYSTEM""."
"5/24/2026 8:36:41 AM","201","Information","Microsoft-Windows-TaskScheduler","Task Scheduler successfully completed task ""\Scaffold\ScaffoldDeployEngine"" , instance ""{33e90367-9404-45f9-a4aa-b92004a184b7}"" , action ""powershell.exe"" with return code 0."
"5/24/2026 8:36:41 AM","200","Information","Microsoft-Windows-TaskScheduler","Task Scheduler launched action ""powershell.exe"" in instance ""{33e90367-9404-45f9-a4aa-b92004a184b7}"" of task ""\Scaffold\ScaffoldDeployEngine""."
"5/24/2026 8:36:41 AM","100","Information","Microsoft-Windows-TaskScheduler","Task Scheduler started ""{33e90367-9404-45f9-a4aa-b92004a184b7}"" instance of the ""\Scaffold\ScaffoldDeployEngine"" task for user ""NT AUTHORITY\SYSTEM""."
"5/24/2026 8:36:41 AM","129","Information","Microsoft-Windows-TaskScheduler","Task Scheduler launch task ""\Scaffold\ScaffoldDeployEngine"" , instance ""powershell.exe""  with process ID 5856."
"5/24/2026 8:36:41 AM","107","Information","Microsoft-Windows-TaskScheduler","Task Scheduler launched ""{33e90367-9404-45f9-a4aa-b92004a184b7}""  instance of task ""\Scaffold\ScaffoldDeployEngine"" due to a time trigger condition."
"5/24/2026 8:35:18 AM","140","Information","Microsoft-Windows-TaskScheduler","User ""SCAFFOLD\DC$""  updated Task Scheduler task ""\Microsoft\Windows\SoftwareProtectionPlatform\SvcRestartTask"""
"5/24/2026 8:35:08 AM","102","Information","Microsoft-Windows-TaskScheduler","Task Scheduler successfully finished ""{9874b24b-46f4-4faa-98cc-3fc4fdf5e0de}"" instance of the ""\Microsoft\Windows\Windows Error Reporting\QueueReporting"" task for user ""NT AUTHORITY\SYSTEM""."
"5/24/2026 8:35:08 AM","201","Information","Microsoft-Windows-TaskScheduler","Task Scheduler successfully completed task ""\Microsoft\Windows\Windows Error Reporting\QueueReporting"" , instance ""{9874b24b-46f4-4faa-98cc-3fc4fdf5e0de}"" , action ""%windir%\system32\wermgr.exe"" with return code 0."
"5/24/2026 8:35:08 AM","102","Information","Microsoft-Windows-TaskScheduler","Task Scheduler successfully finished ""{c2f2f92c-a346-4cda-bdab-8457fb521136}"" instance of the ""\Microsoft\Windows\Flighting\FeatureConfig\ReconcileFeatures"" task for user ""NT AUTHORITY\SYSTEM""."
"5/24/2026 8:35:08 AM","201","Information","Microsoft-Windows-TaskScheduler","Task Scheduler successfully completed task ""\Microsoft\Windows\Flighting\FeatureConfig\ReconcileFeatures"" , instance ""{c2f2f92c-a346-4cda-bdab-8457fb521136}"" , action ""Feature Configuration Reconciliation Task Handler"" with return code 0."
"5/24/2026 8:35:08 AM","200","Information","Microsoft-Windows-TaskScheduler","Task Scheduler launched action ""%windir%\system32\wermgr.exe"" in instance ""{9874b24b-46f4-4faa-98cc-3fc4fdf5e0de}"" of task ""\Microsoft\Windows\Windows Error Reporting\QueueReporting""."
"5/24/2026 8:35:08 AM","100","Information","Microsoft-Windows-TaskScheduler","Task Scheduler started ""{9874b24b-46f4-4faa-98cc-3fc4fdf5e0de}"" instance of the ""\Microsoft\Windows\Windows Error Reporting\QueueReporting"" task for user ""NT AUTHORITY\SYSTEM""."
"5/24/2026 8:35:08 AM","129","Information","Microsoft-Windows-TaskScheduler","Task Scheduler launch task ""\Microsoft\Windows\Windows Error Reporting\QueueReporting"" , instance ""%windir%\system32\wermgr.exe""  with process ID 6560."
"5/24/2026 8:35:08 AM","200","Information","Microsoft-Windows-TaskScheduler","Task Scheduler launched action ""Feature Configuration Reconciliation Task Handler"" in instance ""{c2f2f92c-a346-4cda-bdab-8457fb521136}"" of task ""\Microsoft\Windows\Flighting\FeatureConfig\ReconcileFeatures""."
"5/24/2026 8:35:08 AM","100","Information","Microsoft-Windows-TaskScheduler","Task Scheduler started ""{c2f2f92c-a346-4cda-bdab-8457fb521136}"" instance of the ""\Microsoft\Windows\Flighting\FeatureConfig\ReconcileFeatures"" task for user ""NT AUTHORITY\SYSTEM""."
"5/24/2026 8:35:08 AM","129","Information","Microsoft-Windows-TaskScheduler","Task Scheduler launch task ""\Microsoft\Windows\Flighting\FeatureConfig\ReconcileFeatures"" , instance ""taskhostw.exe""  with process ID 6536."
"5/24/2026 8:35:08 AM","118","Information","Microsoft-Windows-TaskScheduler","Task Scheduler launched ""{9874b24b-46f4-4faa-98cc-3fc4fdf5e0de}""  instance of task ""\Microsoft\Windows\Windows Error Reporting\QueueReporting""  due to system startup."
"5/24/2026 8:34:50 AM","140","Information","Microsoft-Windows-TaskScheduler","User ""SCAFFOLD\DC$""  updated Task Scheduler task ""\Microsoft\Windows\UpdateOrchestrator\Schedule Scan"""
"5/24/2026 8:34:50 AM","140","Information","Microsoft-Windows-TaskScheduler","User ""S-1-5-18""  updated Task Scheduler task ""\Microsoft\Windows\UpdateOrchestrator\Schedule Scan"""
"5/24/2026 8:34:49 AM","103","Error","Microsoft-Windows-TaskScheduler","Task Scheduler failed to start instance ""{bc274f3e-3a0c-429f-ae2d-30d52d2e8de2}"" of ""\Microsoft\Windows\International\Synchronize Language Settings""  task for user ""SCAFFOLD\Administrator"" . Additional Data: Error Value: 2147746053."
"5/24/2026 8:34:49 AM","202","Error","Microsoft-Windows-TaskScheduler","Task Scheduler failed to complete task ""\Microsoft\Windows\International\Synchronize Language Settings"" , instance ""{bc274f3e-3a0c-429f-ae2d-30d52d2e8de2}"" , action ""Sync Language Data From Cloud Task"" . Additional Data: Error Value: 2147746053."
"5/24/2026 8:34:47 AM","140","Information","Microsoft-Windows-TaskScheduler","User ""SCAFFOLD\DC$""  updated Task Scheduler task ""\Microsoft\Windows\Application Experience\PcaPatchDbTask"""
"5/24/2026 8:34:45 AM","102","Information","Microsoft-Windows-TaskScheduler","Task Scheduler successfully finished ""{ace24d8a-a7e9-43a0-a992-e3843364aa8a}"" instance of the ""\Microsoft\Windows\Workplace Join\Automatic-Device-Join"" task for user ""NT AUTHORITY\SYSTEM""."
"5/24/2026 8:34:45 AM","201","Information","Microsoft-Windows-TaskScheduler","Task Scheduler successfully completed task ""\Microsoft\Windows\Workplace Join\Automatic-Device-Join"" , instance ""{ace24d8a-a7e9-43a0-a992-e3843364aa8a}"" , action ""%SystemRoot%\System32\dsregcmd.exe"" with return code 2147942401."
"5/24/2026 8:34:44 AM","200","Information","Microsoft-Windows-TaskScheduler","Task Scheduler launched action ""%SystemRoot%\System32\dsregcmd.exe"" in instance ""{ace24d8a-a7e9-43a0-a992-e3843364aa8a}"" of task ""\Microsoft\Windows\Workplace Join\Automatic-Device-Join""."
"5/24/2026 8:34:44 AM","100","Information","Microsoft-Windows-TaskScheduler","Task Scheduler started ""{ace24d8a-a7e9-43a0-a992-e3843364aa8a}"" instance of the ""\Microsoft\Windows\Workplace Join\Automatic-Device-Join"" task for user ""NT AUTHORITY\SYSTEM""."
"5/24/2026 8:34:44 AM","129","Information","Microsoft-Windows-TaskScheduler","Task Scheduler launch task ""\Microsoft\Windows\Workplace Join\Automatic-Device-Join"" , instance ""%SystemRoot%\System32\dsregcmd.exe""  with process ID 1828."
"5/24/2026 8:34:44 AM","119","Information","Microsoft-Windows-TaskScheduler","Task Scheduler launched ""{ace24d8a-a7e9-43a0-a992-e3843364aa8a}""  instance of task ""\Microsoft\Windows\Workplace Join\Automatic-Device-Join"" due to user ""SCAFFOLD\Administrator""  logon."
"5/24/2026 8:34:41 AM","102","Information","Microsoft-Windows-TaskScheduler","Task Scheduler successfully finished ""{4affb8d2-a06b-4316-a85c-d7f7b3be3655}"" instance of the ""\Scaffold\ScaffoldDeployEngine"" task for user ""NT AUTHORITY\SYSTEM""."
"5/24/2026 8:34:41 AM","201","Information","Microsoft-Windows-TaskScheduler","Task Scheduler successfully completed task ""\Scaffold\ScaffoldDeployEngine"" , instance ""{4affb8d2-a06b-4316-a85c-d7f7b3be3655}"" , action ""powershell.exe"" with return code 0."
"5/24/2026 8:34:41 AM","200","Information","Microsoft-Windows-TaskScheduler","Task Scheduler launched action ""powershell.exe"" in instance ""{4affb8d2-a06b-4316-a85c-d7f7b3be3655}"" of task ""\Scaffold\ScaffoldDeployEngine""."
"5/24/2026 8:34:41 AM","100","Information","Microsoft-Windows-TaskScheduler","Task Scheduler started ""{4affb8d2-a06b-4316-a85c-d7f7b3be3655}"" instance of the ""\Scaffold\ScaffoldDeployEngine"" task for user ""NT AUTHORITY\SYSTEM""."
"5/24/2026 8:34:41 AM","129","Information","Microsoft-Windows-TaskScheduler","Task Scheduler launch task ""\Scaffold\ScaffoldDeployEngine"" , instance ""powershell.exe""  with process ID 6648."
"5/24/2026 8:34:41 AM","107","Information","Microsoft-Windows-TaskScheduler","Task Scheduler launched ""{4affb8d2-a06b-4316-a85c-d7f7b3be3655}""  instance of task ""\Scaffold\ScaffoldDeployEngine"" due to a time trigger condition."
"5/24/2026 8:34:14 AM","200","Information","Microsoft-Windows-TaskScheduler","Task Scheduler launched action ""Sync Language Data From Cloud Task"" in instance ""{bc274f3e-3a0c-429f-ae2d-30d52d2e8de2}"" of task ""\Microsoft\Windows\International\Synchronize Language Settings""."
"5/24/2026 8:34:14 AM","100","Information","Microsoft-Windows-TaskScheduler","Task Scheduler started ""{bc274f3e-3a0c-429f-ae2d-30d52d2e8de2}"" instance of the ""\Microsoft\Windows\International\Synchronize Language Settings"" task for user ""SCAFFOLD\Administrator""."
"5/24/2026 8:34:14 AM","129","Information","Microsoft-Windows-TaskScheduler","Task Scheduler launch task ""\Microsoft\Windows\International\Synchronize Language Settings"" , instance ""taskhostw.exe""  with process ID 6416."
"5/24/2026 8:34:14 AM","119","Information","Microsoft-Windows-TaskScheduler","Task Scheduler launched ""{bc274f3e-3a0c-429f-ae2d-30d52d2e8de2}""  instance of task ""\Microsoft\Windows\International\Synchronize Language Settings"" due to user ""SCAFFOLD\Administrator""  logon."
"5/24/2026 8:33:45 AM","102","Information","Microsoft-Windows-TaskScheduler","Task Scheduler successfully finished ""{73722d8d-082e-4294-add8-ca8551f62a1c}"" instance of the ""\Microsoft\Windows\Server Manager\ServerManager"" task for user ""SCAFFOLD\Administrator""."
"5/24/2026 8:33:45 AM","201","Information","Microsoft-Windows-TaskScheduler","Task Scheduler successfully completed task ""\Microsoft\Windows\Server Manager\ServerManager"" , instance ""{73722d8d-082e-4294-add8-ca8551f62a1c}"" , action ""%windir%\system32\ServerManagerLauncher.exe"" with return code 0."
"5/24/2026 8:33:44 AM","102","Information","Microsoft-Windows-TaskScheduler","Task Scheduler successfully finished ""{399777ec-802a-400f-b781-0263660a7270}"" instance of the ""\Microsoft\Windows\WindowsColorSystem\Calibration Loader"" task for user ""SCAFFOLD\Administrator""."
"5/24/2026 8:33:44 AM","201","Information","Microsoft-Windows-TaskScheduler","Task Scheduler successfully completed task ""\Microsoft\Windows\WindowsColorSystem\Calibration Loader"" , instance ""{399777ec-802a-400f-b781-0263660a7270}"" , action ""Color Calibration Loader"" with return code 0."
"5/24/2026 8:33:44 AM","102","Information","Microsoft-Windows-TaskScheduler","Task Scheduler successfully finished ""{4d5a428f-701f-4fba-a8ee-2ca62e286f74}"" instance of the ""\Microsoft\Windows\Plug and Play\Device Install Reboot Required"" task for user ""SCAFFOLD\Administrator""."
"5/24/2026 8:33:44 AM","201","Information","Microsoft-Windows-TaskScheduler","Task Scheduler successfully completed task ""\Microsoft\Windows\Plug and Play\Device Install Reboot Required"" , instance ""{4d5a428f-701f-4fba-a8ee-2ca62e286f74}"" , action ""Device Installation Reboot Dialog Task"" with return code 0."
"5/24/2026 8:33:44 AM","102","Information","Microsoft-Windows-TaskScheduler","Task Scheduler successfully finished ""{b9c857f3-2502-409e-860e-ca202dc1d215}"" instance of the ""\Microsoft\Windows\CertificateServicesClient\UserTask"" task for user ""SCAFFOLD\Administrator""."
"5/24/2026 8:33:44 AM","201","Information","Microsoft-Windows-TaskScheduler","Task Scheduler successfully completed task ""\Microsoft\Windows\CertificateServicesClient\UserTask"" , instance ""{b9c857f3-2502-409e-860e-ca202dc1d215}"" , action ""Certificate Services Client Task Handler"" with return code 0."
"5/24/2026 8:33:44 AM","200","Information","Microsoft-Windows-TaskScheduler","Task Scheduler launched action ""C:\Windows\Explorer.EXE"" in instance ""{c635c976-2e8b-477e-8276-27c5078b0b52}"" of task ""\CreateExplorerShellUnelevatedTask""."
"5/24/2026 8:33:44 AM","100","Information","Microsoft-Windows-TaskScheduler","Task Scheduler started ""{c635c976-2e8b-477e-8276-27c5078b0b52}"" instance of the ""\CreateExplorerShellUnelevatedTask"" task for user ""SCAFFOLD\Administrator""."
"5/24/2026 8:33:44 AM","129","Information","Microsoft-Windows-TaskScheduler","Task Scheduler launch task ""\CreateExplorerShellUnelevatedTask"" , instance ""C:\Windows\Explorer.EXE""  with process ID 6276."
"5/24/2026 8:33:44 AM","109","Information","Microsoft-Windows-TaskScheduler","Task Scheduler launched ""{c635c976-2e8b-477e-8276-27c5078b0b52}""  instance of task ""\CreateExplorerShellUnelevatedTask""  according to a registration trigger."
"5/24/2026 8:33:44 AM","140","Information","Microsoft-Windows-TaskScheduler","User ""SCAFFOLD\Administrator""  updated Task Scheduler task ""\CreateExplorerShellUnelevatedTask"""
"5/24/2026 8:33:44 AM","106","Information","Microsoft-Windows-TaskScheduler","User ""SCAFFOLD\Administrator""  registered Task Scheduler task ""\CreateExplorerShellUnelevatedTask"""
"5/24/2026 8:33:44 AM","141","Information","Microsoft-Windows-TaskScheduler","User ""SCAFFOLD\Administrator""  deleted Task Scheduler task ""\CreateExplorerShellUnelevatedTask"""
"5/24/2026 8:33:44 AM","200","Information","Microsoft-Windows-TaskScheduler","Task Scheduler launched action ""Color Calibration Loader"" in instance ""{399777ec-802a-400f-b781-0263660a7270}"" of task ""\Microsoft\Windows\WindowsColorSystem\Calibration Loader""."
"5/24/2026 8:33:44 AM","100","Information","Microsoft-Windows-TaskScheduler","Task Scheduler started ""{399777ec-802a-400f-b781-0263660a7270}"" instance of the ""\Microsoft\Windows\WindowsColorSystem\Calibration Loader"" task for user ""SCAFFOLD\Administrator""."
"5/24/2026 8:33:44 AM","200","Information","Microsoft-Windows-TaskScheduler","Task Scheduler launched action ""Certificate Services Client Task Handler"" in instance ""{b9c857f3-2502-409e-860e-ca202dc1d215}"" of task ""\Microsoft\Windows\CertificateServicesClient\UserTask""."
"5/24/2026 8:33:44 AM","100","Information","Microsoft-Windows-TaskScheduler","Task Scheduler started ""{b9c857f3-2502-409e-860e-ca202dc1d215}"" instance of the ""\Microsoft\Windows\CertificateServicesClient\UserTask"" task for user ""SCAFFOLD\Administrator""."
"5/24/2026 8:33:44 AM","129","Information","Microsoft-Windows-TaskScheduler","Task Scheduler launch task ""\Microsoft\Windows\CertificateServicesClient\UserTask"" , instance ""taskhostw.exe""  with process ID 988."
"5/24/2026 8:33:44 AM","102","Information","Microsoft-Windows-TaskScheduler","Task Scheduler successfully finished ""{1b05e502-e053-4b13-aae5-5d657c3c0911}"" instance of the ""\Microsoft\Windows\TextServicesFramework\MsCtfMonitor"" task for user ""SCAFFOLD\Administrator""."
"5/24/2026 8:33:44 AM","201","Information","Microsoft-Windows-TaskScheduler","Task Scheduler successfully completed task ""\Microsoft\Windows\TextServicesFramework\MsCtfMonitor"" , instance ""{1b05e502-e053-4b13-aae5-5d657c3c0911}"" , action ""MsCtfMonitor task handler"" with return code 0."
"5/24/2026 8:33:44 AM","200","Information","Microsoft-Windows-TaskScheduler","Task Scheduler launched action ""C:\Program Files (x86)\Microsoft\EdgeUpdate\MicrosoftEdgeUpdate.exe"" in instance ""{8f248c39-8f08-4ddb-92bf-bc5e3cdb6efa}"" of task ""\MicrosoftEdgeUpdateTaskMachineCore""."
"5/24/2026 8:33:44 AM","100","Information","Microsoft-Windows-TaskScheduler","Task Scheduler started ""{8f248c39-8f08-4ddb-92bf-bc5e3cdb6efa}"" instance of the ""\MicrosoftEdgeUpdateTaskMachineCore"" task for user ""NT AUTHORITY\SYSTEM""."
"5/24/2026 8:33:44 AM","129","Information","Microsoft-Windows-TaskScheduler","Task Scheduler launch task ""\MicrosoftEdgeUpdateTaskMachineCore"" , instance ""C:\Program Files (x86)\Microsoft\EdgeUpdate\MicrosoftEdgeUpdate.exe""  with process ID 3028."
"5/24/2026 8:33:44 AM","200","Information","Microsoft-Windows-TaskScheduler","Task Scheduler launched action ""Device Installation Reboot Dialog Task"" in instance ""{4d5a428f-701f-4fba-a8ee-2ca62e286f74}"" of task ""\Microsoft\Windows\Plug and Play\Device Install Reboot Required""."
"5/24/2026 8:33:44 AM","100","Information","Microsoft-Windows-TaskScheduler","Task Scheduler started ""{4d5a428f-701f-4fba-a8ee-2ca62e286f74}"" instance of the ""\Microsoft\Windows\Plug and Play\Device Install Reboot Required"" task for user ""SCAFFOLD\Administrator""."
"5/24/2026 8:33:44 AM","129","Information","Microsoft-Windows-TaskScheduler","Task Scheduler launch task ""\Microsoft\Windows\Plug and Play\Device Install Reboot Required"" , instance ""taskhostw.exe""  with process ID 3164."
"5/24/2026 8:33:44 AM","119","Information","Microsoft-Windows-TaskScheduler","Task Scheduler launched ""{4d5a428f-701f-4fba-a8ee-2ca62e286f74}""  instance of task ""\Microsoft\Windows\Plug and Play\Device Install Reboot Required"" due to user ""SCAFFOLD\Administrator""  logon."
"5/24/2026 8:33:44 AM","200","Information","Microsoft-Windows-TaskScheduler","Task Scheduler launched action ""Wininet Cache task object"" in instance ""{cf5de884-ad42-4c18-8f21-171c1f358ab0}"" of task ""\Microsoft\Windows\Wininet\CacheTask""."
