"9/1/2026 9:15:29 PM","109","Information","Microsoft-Windows-Kernel-Power","The kernel power manager has initiated a shutdown transition.

Shutdown Reason: Kernel API"
"9/1/2026 9:15:25 PM","7036","Information","Service Control Manager","The Windows Process Activation Service service entered the stopped state."
"9/1/2026 9:15:25 PM","7036","Information","Service Control Manager","The WMI Performance Adapter service entered the stopped state."
"9/1/2026 9:15:25 PM","7036","Information","Service Control Manager","The Active Directory Domain Services service entered the stopped state."
"9/1/2026 9:15:25 PM","7036","Information","Service Control Manager","The Volume Shadow Copy service entered the stopped state."
"9/1/2026 9:15:25 PM","7036","Information","Service Control Manager","The SQL Server (SQLEXPRESS) service entered the stopped state."
"9/1/2026 9:15:25 PM","7036","Information","Service Control Manager","The Task Scheduler service entered the stopped state."
"9/1/2026 9:15:25 PM","7036","Information","Service Control Manager","The Cryptographic Services service entered the stopped state."
"9/1/2026 9:15:25 PM","7036","Information","Service Control Manager","The Windows Remote Management (WS-Management) service entered the stopped state."
"9/1/2026 9:15:25 PM","7036","Information","Service Control Manager","The Active Directory Certificate Services service entered the stopped state."
"9/1/2026 9:15:25 PM","7036","Information","Service Control Manager","The Application Host Helper Service service entered the stopped state."
"9/1/2026 9:15:25 PM","7036","Information","Service Control Manager","The SQL Server VSS Writer service entered the stopped state."
"9/1/2026 9:15:25 PM","7036","Information","Service Control Manager","The DFS Replication service entered the stopped state."
"9/1/2026 9:15:25 PM","7036","Information","Service Control Manager","The Remote Access Connection Manager service entered the stopped state."
"9/1/2026 9:15:25 PM","7036","Information","Service Control Manager","The Windows Event Log service entered the stopped state."
"9/1/2026 9:22:49 PM","6013","Information","EventLog","The system uptime is 11 seconds."
"9/1/2026 9:22:49 PM","6005","Information","EventLog","The Event log service was started."
"9/1/2026 9:22:49 PM","6009","Information","EventLog","Microsoft (R) Windows (R) 10.00. 20348  Multiprocessor Free."
"9/1/2026 9:15:25 PM","7036","Information","Service Control Manager","The Virtual Disk service entered the stopped state."
"9/1/2026 9:15:25 PM","7036","Information","Service Control Manager","The IKE and AuthIP IPsec Keying Modules service entered the stopped state."
"9/1/2026 9:15:25 PM","7036","Information","Service Control Manager","The Windows Connection Manager service entered the stopped state."
"9/1/2026 9:15:25 PM","7036","Information","Service Control Manager","The WinHTTP Web Proxy Auto-Discovery Service service entered the stopped state."
"9/1/2026 9:15:25 PM","7036","Information","Service Control Manager","The Secure Socket Tunneling Protocol Service service entered the stopped state."
"9/1/2026 9:15:25 PM","7036","Information","Service Control Manager","The DNS Server service entered the stopped state."
"9/1/2026 9:15:25 PM","7036","Information","Service Control Manager","The DHCP Client service entered the stopped state."
"9/1/2026 9:15:25 PM","7036","Information","Service Control Manager","The Windows Update Medic Service service entered the stopped state."
"9/1/2026 9:15:24 PM","7036","Information","Service Control Manager","The Microsoft Deployment Toolkit Monitor Service service entered the stopped state."
"9/1/2026 9:15:24 PM","7036","Information","Service Control Manager","The SQL Server CEIP service (SQLEXPRESS) service entered the stopped state."
"9/1/2026 9:15:24 PM","7036","Information","Service Control Manager","The Distributed Transaction Coordinator service entered the stopped state."
"9/1/2026 9:15:24 PM","7036","Information","Service Control Manager","The Plug and Play service entered the stopped state."
"9/1/2026 9:15:24 PM","7036","Information","Service Control Manager","The Windows Time service entered the stopped state."
"9/1/2026 9:15:24 PM","7036","Information","Service Control Manager","The State Repository Service service entered the stopped state."
"9/1/2026 9:15:24 PM","50037","Information","Microsoft-Windows-Dhcp-Client","DHCPv4 client service is stopped. ShutDown Flag value is 1"
"9/1/2026 9:15:24 PM","51057","Information","Microsoft-Windows-DHCPv6-Client","DHCPv6 client service stop is almost done.DHCP Context Ref count is 1"
"9/1/2026 9:15:24 PM","51047","Information","Microsoft-Windows-DHCPv6-Client","DHCPv6 client service is stopped. ShutDown Flag value is 1"
"9/1/2026 9:15:24 PM","50106","Information","Microsoft-Windows-Dhcp-Client","DHCPv4 is waiting on DHCPv6 service to stop"
"9/1/2026 9:15:24 PM","50105","Information","Microsoft-Windows-Dhcp-Client","DHCPv4 client ProcessDHCPRequestForever received TERMINATE_EVENT"
"9/1/2026 9:15:24 PM","50104","Information","Microsoft-Windows-Dhcp-Client","DHCPv4 client received shutdown notification"
"9/1/2026 9:15:24 PM","7036","Information","Service Control Manager","The Windows Font Cache Service service entered the stopped state."
"9/1/2026 9:15:24 PM","7036","Information","Service Control Manager","The User Profile Service service entered the stopped state."
"9/1/2026 9:15:24 PM","7036","Information","Service Control Manager","The IPsec Policy Agent service entered the stopped state."
"9/1/2026 9:15:24 PM","7036","Information","Service Control Manager","The Intersite Messaging service entered the stopped state."
"9/1/2026 9:15:24 PM","7036","Information","Service Control Manager","The Windows Management Instrumentation service entered the stopped state."
"9/1/2026 9:15:24 PM","7036","Information","Service Control Manager","The World Wide Web Publishing Service service entered the stopped state."
"9/1/2026 9:15:24 PM","7036","Information","Service Control Manager","The SysMain service entered the stopped state."
"9/1/2026 9:15:24 PM","7036","Information","Service Control Manager","The Active Directory Web Services service entered the stopped state."
"9/1/2026 9:15:24 PM","7036","Information","Service Control Manager","The Client License Service (ClipSVC) service entered the stopped state."
"9/1/2026 9:15:24 PM","7036","Information","Service Control Manager","The AppX Deployment Service (AppXSVC) service entered the stopped state."
"9/1/2026 9:15:24 PM","7036","Information","Service Control Manager","The Background Intelligent Transfer Service service entered the stopped state."
"9/1/2026 9:15:24 PM","7036","Information","Service Control Manager","The Connected User Experiences and Telemetry service entered the stopped state."
"9/1/2026 9:15:24 PM","7036","Information","Service Control Manager","The VMware Tools service entered the stopped state."
"9/1/2026 9:15:24 PM","7036","Information","Service Control Manager","The AzureAttestService service entered the stopped state."
"9/1/2026 9:15:24 PM","7036","Information","Service Control Manager","The Group Policy Client service entered the stopped state."
"9/1/2026 9:15:24 PM","1074","Information","User32","The process C:\Program Files\VMware\VMware Tools\vmtoolsd.exe (DC) has initiated the shutdown of computer DC on behalf of user NT AUTHORITY\SYSTEM for the following reason: Legacy API shutdown
 Reason Code: 0x80070000
 Shutdown Type: shutdown
 Comment: "
"9/1/2026 9:15:24 PM","6006","Information","EventLog","The Event log service was stopped."
"9/1/2026 9:15:24 PM","10149","Warning","Microsoft-Windows-WinRM","The WinRM service is not listening for WS-Management requests. 

 User Action 
 If you did not intentionally stop the service, use the following command to see the WinRM configuration: 

 winrm enumerate winrm/config/listener"
"9/1/2026 9:15:12 PM","7036","Information","Service Control Manager","The Device Setup Manager service entered the stopped state."
"9/1/2026 9:15:09 PM","7036","Information","Service Control Manager","The Client License Service (ClipSVC) service entered the running state."
"9/1/2026 9:15:09 PM","7036","Information","Service Control Manager","The AppX Deployment Service (AppXSVC) service entered the running state."
"9/1/2026 9:15:09 PM","7036","Information","Service Control Manager","The Delivery Optimization service entered the stopped state."
"9/1/2026 9:15:09 PM","7036","Information","Service Control Manager","The Storage Service service entered the running state."
"9/1/2026 9:15:09 PM","7036","Information","Service Control Manager","The Delivery Optimization service entered the running state."
"9/1/2026 9:15:09 PM","7036","Information","Service Control Manager","The Windows Update Medic Service service entered the running state."
"9/1/2026 9:15:09 PM","7036","Information","Service Control Manager","The Network Connectivity Assistant service entered the stopped state."
"9/1/2026 9:15:02 PM","7036","Information","Service Control Manager","The Microsoft Storage Spaces SMP service entered the running state."
"9/1/2026 9:14:58 PM","7040","Information","Service Control Manager","The start type of the Windows Modules Installer service was changed from demand start to disabled."
"9/1/2026 9:14:58 PM","7040","Information","Service Control Manager","The start type of the Update Orchestrator Service service was changed from auto start to disabled."
"9/1/2026 9:14:58 PM","7040","Information","Service Control Manager","The start type of the Windows Update service was changed from auto start to disabled."
"9/1/2026 9:14:57 PM","7036","Information","Service Control Manager","The Windows Update service entered the stopped state."
"9/1/2026 9:14:42 PM","23","Error","Microsoft-Windows-Eventlog","The event logging service encountered an error (res=5) while initializing logging resources for channel Microsoft-Windows-PowerShell/Admin."
"9/1/2026 9:14:42 PM","23","Error","Microsoft-Windows-Eventlog","The event logging service encountered an error (res=5) while initializing logging resources for channel Microsoft-Windows-PowerShell/Operational."
"9/1/2026 9:14:39 PM","7036","Information","Service Control Manager","The WDSServer service entered the running state."
"9/1/2026 9:14:39 PM","16","Information","Microsoft-Windows-Kernel-General","The access history in hive \??\C:\RemoteInstall\Tmp\x64uefi{DE40917F-D900-4E7F-A413-73C3A0C2DECD}.bcd was cleared updating 0 keys and creating 0 modified pages."
"9/1/2026 9:14:39 PM","16","Information","Microsoft-Windows-Kernel-General","The access history in hive \??\C:\RemoteInstall\Tmp\x86uefi{03B69745-EB43-403D-983A-81F71136F991}.bcd was cleared updating 0 keys and creating 0 modified pages."
"9/1/2026 9:14:39 PM","16","Information","Microsoft-Windows-Kernel-General","The access history in hive \??\C:\RemoteInstall\Tmp\arm{40E02D90-2588-477E-884A-2550E91AA71C}.bcd was cleared updating 0 keys and creating 0 modified pages."
"9/1/2026 9:14:39 PM","16","Information","Microsoft-Windows-Kernel-General","The access history in hive \??\C:\RemoteInstall\Tmp\x86x64{7C216BFC-64B1-42AD-9481-8943A51B2E5D}.bcd was cleared updating 0 keys and creating 0 modified pages."
"9/1/2026 9:14:39 PM","16","Information","Microsoft-Windows-Kernel-General","The access history in hive \??\C:\RemoteInstall\Tmp\arm64{EE4182A2-E13D-4BCF-8F14-8B7BD05BA295}.bcd was cleared updating 0 keys and creating 0 modified pages."
"9/1/2026 9:14:39 PM","16","Information","Microsoft-Windows-Kernel-General","The access history in hive \??\C:\RemoteInstall\Tmp\x64{AF6D39E3-0F4B-499E-AD08-9EB623356D0E}.bcd was cleared updating 0 keys and creating 0 modified pages."
"9/1/2026 9:14:39 PM","16","Information","Microsoft-Windows-Kernel-General","The access history in hive \??\C:\RemoteInstall\Tmp\x86{6818A97A-1780-4250-8BE6-C6159D22F513}.bcd was cleared updating 0 keys and creating 0 modified pages."
"9/1/2026 9:14:35 PM","6038","Warning","LsaSrv","Microsoft Windows Server has detected that NTLM authentication is presently being used between clients and this server. This event occurs once per boot of the server on the first time a client uses NTLM with this server.
 
NTLM is a weaker authentication mechanism. Please check:
 
      Which applications are using NTLM authentication?
      Are there configuration issues preventing the use of stronger authentication such as Kerberos authentication?
      If NTLM must be supported, is Extended Protection configured?
 
Details on how to complete these checks can be found at http://go.microsoft.com/fwlink/?LinkId=225699."
"9/1/2026 9:14:33 PM","7036","Information","Service Control Manager","The DNS service entered the running state."
"9/1/2026 9:14:27 PM","7036","Information","Service Control Manager","The WMI Performance Adapter service entered the running state."
"9/1/2026 9:14:26 PM","7036","Information","Service Control Manager","The Background Intelligent Transfer Service service entered the running state."
"9/1/2026 9:14:26 PM","7036","Information","Service Control Manager","The Microsoft Account Sign-in Assistant service entered the running state."
"9/1/2026 9:14:26 PM","7040","Information","Service Control Manager","The start type of the Background Intelligent Transfer Service service was changed from demand start to auto start."
"9/1/2026 9:14:25 PM","7036","Information","Service Control Manager","The MSSQL$SQLEXPRESS service entered the running state."
"9/1/2026 9:14:21 PM","7036","Information","Service Control Manager","The Volume Shadow Copy service entered the running state."
"9/1/2026 9:14:20 PM","7036","Information","Service Control Manager","The Distributed Transaction Coordinator service entered the running state."
"9/1/2026 9:14:18 PM","7036","Information","Service Control Manager","The Display Policy Service service entered the running state."
"9/1/2026 9:14:18 PM","7036","Information","Service Control Manager","The MDT_Monitor service entered the running state."
"9/1/2026 9:14:15 PM","7026","Information","Service Control Manager","The following boot-start or system-start driver(s) did not load: 
dam"
"9/1/2026 9:14:15 PM","7036","Information","Service Control Manager","The W32Time service entered the running state."
"9/1/2026 9:14:15 PM","12","Warning","Microsoft-Windows-Time-Service","Time Provider NtpClient: This machine is configured to use the domain hierarchy to determine its time source, but it is the AD PDC emulator for the domain at the root of the forest, so there is no machine above it in the domain hierarchy to use as a time source. It is recommended that you either configure a reliable time service in the root domain, or manually configure the AD PDC to synchronize with an external time source. Otherwise, this machine will function as the authoritative time source in the domain hierarchy. If an external time source is not configured or used for this computer, you may choose to disable the NtpClient."
"9/1/2026 9:14:15 PM","143","Information","Microsoft-Windows-Time-Service","The time service has started advertising as a good time source."
"9/1/2026 9:14:15 PM","139","Information","Microsoft-Windows-Time-Service","The time service has started advertising as a time source."
"9/1/2026 9:14:15 PM","7036","Information","Service Control Manager","The SQLTELEMETRY$SQLEXPRESS service entered the running state."
"9/1/2026 9:14:11 PM","7036","Information","Service Control Manager","The W3SVC service entered the running state."
"9/1/2026 9:14:11 PM","7036","Information","Service Control Manager","The Netlogon service entered the running state."
"9/1/2026 9:14:10 PM","7036","Information","Service Control Manager","The wuauserv service entered the running state."
"9/1/2026 9:14:09 PM","7036","Information","Service Control Manager","The ADWS service entered the running state."
"9/1/2026 9:14:09 PM","10154","Warning","Microsoft-Windows-WinRM","The WinRM service failed to create the following SPNs: WSMAN/dc.scaffold.htb; WSMAN/dc. 

 Additional Data 
 The error received was 1355: %%1355.

 User Action 
 The SPNs can be created by an administrator using setspn.exe utility."
"9/1/2026 9:14:07 PM","7036","Information","Service Control Manager","The RasMan service entered the running state."
"9/1/2026 9:14:07 PM","1014","Warning","Microsoft-Windows-DNS-Client","Name resolution for the name _ldap._tcp.dc._msdcs.scaffold.htb. timed out after none of the configured DNS servers responded."
"9/1/2026 9:14:06 PM","7036","Information","Service Control Manager","The COMSysApp service entered the running state."
"9/1/2026 9:14:05 PM","7036","Information","Service Control Manager","The vmvss service entered the running state."
"9/1/2026 9:14:05 PM","7036","Information","Service Control Manager","The vds service entered the running state."
"9/1/2026 9:14:05 PM","7036","Information","Service Control Manager","The DiagTrack service entered the running state."
"9/1/2026 9:14:05 PM","7036","Information","Service Control Manager","The StateRepository service entered the running state."
"9/1/2026 9:14:05 PM","7036","Information","Service Control Manager","The WinRM service entered the running state."
"9/1/2026 9:14:05 PM","7036","Information","Service Control Manager","The WAS service entered the running state."
"9/1/2026 9:14:04 PM","7036","Information","Service Control Manager","The WpnService service entered the running state."
"9/1/2026 9:14:05 PM","3","Information","Virtual Disk Service","Service started."
"9/1/2026 9:14:05 PM","10148","Information","Microsoft-Windows-WinRM","The WinRM service is listening for WS-Management requests. 

 User Action 
 Use the following command to see the specific IPs on which WinRM is listening: 

 winrm enumerate winrm/config/listener"
"9/1/2026 9:14:04 PM","7036","Information","Service Control Manager","The VMTools service entered the running state."
"9/1/2026 9:14:04 PM","7036","Information","Service Control Manager","The Winmgmt service entered the running state."
"9/1/2026 9:14:04 PM","7036","Information","Service Control Manager","The SstpSvc service entered the running state."
"9/1/2026 9:14:04 PM","7036","Information","Service Control Manager","The VGAuthService service entered the running state."
"9/1/2026 9:14:04 PM","7036","Information","Service Control Manager","The SysMain service entered the running state."
"9/1/2026 9:14:04 PM","7036","Information","Service Control Manager","The SQLWriter service entered the running state."
"9/1/2026 9:14:04 PM","7036","Information","Service Control Manager","The AppHostSvc service entered the running state."
"9/1/2026 9:14:04 PM","7036","Information","Service Control Manager","The VM3DService service entered the running state."
"9/1/2026 9:14:04 PM","7036","Information","Service Control Manager","The Dfs service entered the running state."
"9/1/2026 9:14:04 PM","7036","Information","Service Control Manager","The IsmServ service entered the running state."
"9/1/2026 9:14:04 PM","7036","Information","Service Control Manager","The CertSvc service entered the running state."
"9/1/2026 9:14:04 PM","7036","Information","Service Control Manager","The DFSR service entered the running state."
"9/1/2026 9:14:04 PM","7036","Information","Service Control Manager","The RemoteRegistry service entered the running state."
"9/1/2026 9:14:04 PM","7036","Information","Service Control Manager","The CryptSvc service entered the running state."
"9/1/2026 9:14:04 PM","7036","Information","Service Control Manager","The AzureAttestService service entered the running state."
"9/1/2026 9:14:04 PM","7036","Information","Service Control Manager","The CoreMessagingRegistrar service entered the running state."
"9/1/2026 9:14:04 PM","7036","Information","Service Control Manager","The KeyIso service entered the running state."
"9/1/2026 9:14:04 PM","7036","Information","Service Control Manager","The Spooler service entered the running state."
"9/1/2026 9:14:03 PM","7036","Information","Service Control Manager","The LanmanServer service entered the running state."
"9/1/2026 9:14:03 PM","7036","Information","Service Control Manager","The SamSs service entered the running state."
"9/1/2026 9:14:04 PM","5211","Information","Microsoft-Windows-WAS","The Windows Process Activation Service (WAS) started with 'Classic' mode using 'ConfigurationSystem'"
"9/1/2026 9:14:04 PM","14531","Information","Microsoft-Windows-DfsSvc","DFS server has finished initializing."
"9/1/2026 9:14:04 PM","14533","Information","Microsoft-Windows-DfsSvc","DFS has finished building all namespaces."
"9/1/2026 9:13:55 PM","7036","Information","Service Control Manager","The NcbService service entered the running state."
"9/1/2026 9:13:55 PM","7036","Information","Service Control Manager","The UserManager service entered the running state."
"9/1/2026 9:13:55 PM","7036","Information","Service Control Manager","The DsmSvc service entered the running state."
"9/1/2026 9:13:55 PM","7036","Information","Service Control Manager","The NcaSvc service entered the stopped state."
"9/1/2026 9:13:55 PM","7036","Information","Service Control Manager","The mpssvc service entered the running state."
"9/1/2026 9:13:55 PM","7036","Information","Service Control Manager","The iphlpsvc service entered the running state."
"9/1/2026 9:13:55 PM","36928","Error","Schannel","Could not retrieve an OCSP response.

   The Failure Reason is: REASON_OCSP_RESPONSE_RETRIEVAL_ERROR
    The OCSP Url is: 
   The previous OCSP response contained the following times:
      ThisUpdate: ‎1601‎-‎01‎-‎01T00:00:00.000000000Z
      NextUpdate: ‎1601‎-‎01‎-‎01T00:00:00.000000000Z

The attached data contains the certificate."
"9/1/2026 9:13:55 PM","7036","Information","Service Control Manager","The LanmanWorkstation service entered the running state."
"9/1/2026 9:13:55 PM","7036","Information","Service Control Manager","The Wcmsvc service entered the running state."
"9/1/2026 9:13:55 PM","7036","Information","Service Control Manager","The IKEEXT service entered the running state."
"9/1/2026 9:13:55 PM","7036","Information","Service Control Manager","The PolicyAgent service entered the running state."
"9/1/2026 9:13:54 PM","7036","Information","Service Control Manager","The Schedule service entered the running state."
"9/1/2026 9:13:54 PM","7036","Information","Service Control Manager","The netprofm service entered the running state."
"9/1/2026 9:13:54 PM","7036","Information","Service Control Manager","The Kdc service entered the running state."
"9/1/2026 9:13:54 PM","7036","Information","Service Control Manager","The WinHttpAutoProxySvc service entered the running state."
"9/1/2026 9:13:54 PM","7036","Information","Service Control Manager","The FontCache service entered the running state."
"9/1/2026 9:13:54 PM","7036","Information","Service Control Manager","The ShellHWDetection service entered the running state."
"9/1/2026 9:13:54 PM","7036","Information","Service Control Manager","The NlaSvc service entered the running state."
"9/1/2026 9:13:54 PM","23","Error","Microsoft-Windows-Eventlog","The event logging service encountered an error (res=5) while initializing logging resources for channel Windows PowerShell."
"9/1/2026 9:13:54 PM","7036","Information","Service Control Manager","The BFE service entered the running state."
"9/1/2026 9:13:54 PM","7036","Information","Service Control Manager","The SENS service entered the running state."
"9/1/2026 9:13:54 PM","7036","Information","Service Control Manager","The ProfSvc service entered the running state."
"9/1/2026 9:13:54 PM","7036","Information","Service Control Manager","The gpsvc service entered the running state."
"9/1/2026 9:13:54 PM","7036","Information","Service Control Manager","The EventSystem service entered the running state."
"9/1/2026 9:13:54 PM","7036","Information","Service Control Manager","The EventLog service entered the running state."
"9/1/2026 9:13:54 PM","7036","Information","Service Control Manager","The Themes service entered the running state."
"9/1/2026 9:13:54 PM","7036","Information","Service Control Manager","The NTDS service entered the running state."
"9/1/2026 9:13:54 PM","6","Information","Microsoft-Windows-FilterManager","File System Filter 'bindflt' (10.0, ‎2051‎-‎03‎-‎03T20:45:47.000000000Z) has successfully loaded and registered with Filter Manager."
"9/1/2026 9:13:54 PM","6","Information","Microsoft-Windows-FilterManager","File System Filter 'storqosflt' (10.0, ‎2051‎-‎09‎-‎21T05:40:20.000000000Z) has successfully loaded and registered with Filter Manager."
"9/1/2026 9:13:54 PM","6","Information","Microsoft-Windows-FilterManager","File System Filter 'CldFlt' (10.0, ‎2074‎-‎11‎-‎09T08:03:12.000000000Z) has successfully loaded and registered with Filter Manager."
"9/1/2026 9:13:54 PM","1","Information","Microsoft-Windows-FilterManager","File System Filter 'CldFlt' (Version 10.0, ‎2074‎-‎11‎-‎09T08:03:12.000000000Z) unloaded successfully."
"9/1/2026 9:13:54 PM","6","Information","Microsoft-Windows-FilterManager","File System Filter 'CldFlt' (10.0, ‎2074‎-‎11‎-‎09T08:03:12.000000000Z) has successfully loaded and registered with Filter Manager."
"9/1/2026 9:13:54 PM","7036","Information","Service Control Manager","The WPDBusEnum service entered the running state."
"9/1/2026 9:13:54 PM","6","Information","Microsoft-Windows-FilterManager","File System Filter 'luafv' (10.0, ‎2068‎-‎10‎-‎11T15:22:37.000000000Z) has successfully loaded and registered with Filter Manager."
"9/1/2026 9:13:54 PM","7036","Information","Service Control Manager","The Dnscache service entered the running state."
"9/1/2026 9:13:54 PM","7036","Information","Service Control Manager","The Dhcp service entered the running state."
"9/1/2026 9:13:54 PM","51046","Information","Microsoft-Windows-DHCPv6-Client","DHCPv6 client service is started"
"9/1/2026 9:13:54 PM","6","Information","Microsoft-Windows-FilterManager","File System Filter 'wcifs' (10.0, ‎2088‎-‎12‎-‎15T04:51:43.000000000Z) has successfully loaded and registered with Filter Manager."
"9/1/2026 9:13:54 PM","50036","Information","Microsoft-Windows-Dhcp-Client","DHCPv4 client service is started"
"9/1/2026 9:13:54 PM","50103","Information","Microsoft-Windows-Dhcp-Client","DHCPv4 client registered for shutdown notification"
"9/1/2026 9:13:54 PM","50036","Information","Microsoft-Windows-Dhcp-Client","DHCPv4 client service is started"
"9/1/2026 9:13:54 PM","7036","Information","Service Control Manager","The TimeBrokerSvc service entered the running state."
"9/1/2026 9:13:54 PM","7036","Information","Service Control Manager","The nsi service entered the running state."
"9/1/2026 9:13:54 PM","7036","Information","Service Control Manager","The lmhosts service entered the running state."
"9/1/2026 9:13:54 PM","7036","Information","Service Control Manager","The SystemEventsBroker service entered the running state."
"9/1/2026 9:13:54 PM","7036","Information","Service Control Manager","The BrokerInfrastructure service entered the running state."
"9/1/2026 9:13:54 PM","7036","Information","Service Control Manager","The LSM service entered the running state."
"9/1/2026 9:13:54 PM","7036","Information","Service Control Manager","The RpcSs service entered the running state."
"9/1/2026 9:13:54 PM","7036","Information","Service Control Manager","The RpcEptMapper service entered the running state."
"9/1/2026 9:13:54 PM","7036","Information","Service Control Manager","The DcomLaunch service entered the running state."
"9/1/2026 9:13:54 PM","7036","Information","Service Control Manager","The Power service entered the running state."
"9/1/2026 9:13:53 PM","7036","Information","Service Control Manager","The PlugPlay service entered the running state."
"9/1/2026 9:13:53 PM","16983","Information","Microsoft-Windows-Directory-Services-SAM","The security account manager is now logging periodic summary events for remote clients that call legacy password change or set RPC methods.

For more information please see https://go.microsoft.com/fwlink/?linkid=2150956.
"
"9/1/2026 9:13:53 PM","16977","Information","Microsoft-Windows-Directory-Services-SAM","The domain is configured with the following minimum password length-related settings.

MinimumPasswordLength: 7

RelaxMinimumPasswordLengthLimits: 0

MinimumPasswordLengthAudit: -1

For more information see https://go.microsoft.com/fwlink/?LinkId=2097191.
"
"9/1/2026 9:13:53 PM","16977","Information","Microsoft-Windows-Directory-Services-SAM","The domain is configured with the following minimum password length-related settings.

MinimumPasswordLength: 7

RelaxMinimumPasswordLengthLimits: 0

MinimumPasswordLengthAudit: 0

For more information see https://go.microsoft.com/fwlink/?LinkId=2097191.
"
"9/1/2026 9:13:52 PM","16962","Information","Microsoft-Windows-Directory-Services-SAM","Remote calls to the SAM database are being restricted using the default security descriptor: .
For more information please see http://go.microsoft.com/fwlink/?LinkId=787651."
"9/1/2026 9:13:51 PM","14","Information","Microsoft-Windows-Wininit","Credential Guard configuration: 0x0, 0"
"9/1/2026 9:13:51 PM","24","Information","Microsoft-Windows-Kernel-General","The time zone information was refreshed with exit reason 0. Current time zone bias is 420."
"9/1/2026 9:13:50 PM","98","Error","Microsoft-Windows-Ntfs","Volume \\?\Volume{2bc8a4fb-ec89-41c1-8fb3-d753243c8254} (\Device\HarddiskVolume5) needs to be taken offline to perform a Full Chkdsk.  Please run ""CHKDSK /F"" locally via the command line, or run ""REPAIR-VOLUME <drive:>"" locally or remotely via PowerShell."
"9/1/2026 9:13:50 PM","98","Error","Microsoft-Windows-Ntfs","Volume Y: (\Device\HarddiskVolume4) needs to be taken offline to perform a Full Chkdsk.  Please run ""CHKDSK /F"" locally via the command line, or run ""REPAIR-VOLUME <drive:>"" locally or remotely via PowerShell."
"9/1/2026 9:13:49 PM","55","Information","Microsoft-Windows-Kernel-Processor-Power","Processor 1 in group 0 exposes the following power management capabilities:

Idle state type: ACPI Idle (C) States (1 state(s))

Performance state type: None
Nominal Frequency (MHz): 2994
Maximum performance percentage: 100
Minimum performance percentage: 100
Minimum throttle percentage: 100"
"9/1/2026 9:13:49 PM","55","Information","Microsoft-Windows-Kernel-Processor-Power","Processor 0 in group 0 exposes the following power management capabilities:

Idle state type: ACPI Idle (C) States (1 state(s))

Performance state type: None
Nominal Frequency (MHz): 2994
Maximum performance percentage: 100
Minimum performance percentage: 100
Minimum throttle percentage: 100"
"9/1/2026 9:13:49 PM","172","Information","Microsoft-Windows-Kernel-Power","Connectivity state in standby: Disconnected, Reason: NIC compliance"
"9/1/2026 9:13:49 PM","6","Information","Microsoft-Windows-FilterManager","File System Filter 'npsvctrig' (10.0, ‎2015‎-‎04‎-‎02T03:42:38.000000000Z) has successfully loaded and registered with Filter Manager."
"9/1/2026 9:13:49 PM","6","Information","Microsoft-Windows-FilterManager","File System Filter 'DfsDriver' (10.0, ‎2053‎-‎07‎-‎29T02:36:42.000000000Z) has successfully loaded and registered with Filter Manager."
"9/1/2026 9:13:49 PM","6","Information","Microsoft-Windows-FilterManager","File System Filter 'FileCrypt' (10.0, ‎2088‎-‎05‎-‎23T23:57:52.000000000Z) has successfully loaded and registered with Filter Manager."
"9/1/2026 9:13:49 PM","98","Information","Microsoft-Windows-Ntfs","Volume C: (\Device\HarddiskVolume3) is healthy.  No action is needed."
"9/1/2026 9:13:45 PM","6","Information","Microsoft-Windows-FilterManager","File System Filter 'DfsrRo' (10.0, ‎1999‎-‎03‎-‎20T18:16:31.000000000Z) has successfully loaded and registered with Filter Manager."
"9/1/2026 9:13:45 PM","6","Information","Microsoft-Windows-FilterManager","File System Filter 'Wof' (10.0, ‎2008‎-‎09‎-‎17T11:19:58.000000000Z) has successfully loaded and registered with Filter Manager."
"9/1/2026 9:13:43 PM","3","Information","vmci","VMCI: Using capabilities (0x1c).
"
"9/1/2026 9:13:42 PM","16","Information","Microsoft-Windows-HAL","The iommu fault reporting has been initialized."
"9/1/2026 9:13:41 PM","20","Information","Microsoft-Windows-Kernel-General","The leap second configuration has been updated.
Reason: Leap second data initialized from registry during boot
Leap seconds enabled: true
New leap second count: 0
Old leap second count: 0"
"9/1/2026 9:13:41 PM","32","Information","Microsoft-Windows-Kernel-Boot","The bootmgr spent 0 ms waiting for user input."
"9/1/2026 9:13:41 PM","18","Information","Microsoft-Windows-Kernel-Boot","There are 0x1 boot options on this system."
"9/1/2026 9:13:41 PM","27","Information","Microsoft-Windows-Kernel-Boot","The boot type was 0x0."
"9/1/2026 9:13:41 PM","25","Information","Microsoft-Windows-Kernel-Boot","The boot menu policy was 0x0."
"9/1/2026 9:13:41 PM","238","Information","Microsoft-Windows-Kernel-Boot","EFI time zone bias: 2047. Daylight flags: 0. Firmware time: ‎2026‎-‎09‎-‎01T21:13:41.000000000Z."
"9/1/2026 9:13:41 PM","20","Information","Microsoft-Windows-Kernel-Boot","The last shutdown's success status was true. The last boot's success status was true."
"9/1/2026 9:13:41 PM","153","Information","Microsoft-Windows-Kernel-Boot","Virtualization-based security (policies: 0) is disabled."
"9/1/2026 9:13:41 PM","12","Information","Microsoft-Windows-Kernel-General","The operating system started at system time ‎2026‎-‎09‎-‎02T04:13:41.500000000Z."
"9/1/2026 9:11:33 PM","13","Information","Microsoft-Windows-Kernel-General","The operating system is shutting down at system time ‎2026‎-‎09‎-‎02T04:11:33.761428700Z."
"9/1/2026 9:11:32 PM","109","Information","Microsoft-Windows-Kernel-Power","The kernel power manager has initiated a shutdown transition.

Shutdown Reason: Kernel API"
"9/1/2026 9:11:30 PM","7036","Information","Service Control Manager","The Active Directory Domain Services service entered the stopped state."
"9/1/2026 9:11:30 PM","7036","Information","Service Control Manager","The Diagnostic Policy Service service entered the stopped state."
"9/1/2026 9:11:29 PM","7036","Information","Service Control Manager","The SQL Server (SQLEXPRESS) service entered the stopped state."
"9/1/2026 9:11:29 PM","7036","Information","Service Control Manager","The Active Directory Certificate Services service entered the stopped state."
"9/1/2026 9:11:29 PM","7036","Information","Service Control Manager","The DFS Replication service entered the stopped state."
"9/1/2026 9:11:29 PM","7036","Information","Service Control Manager","The Cryptographic Services service entered the stopped state."
"9/1/2026 9:11:29 PM","7036","Information","Service Control Manager","The Windows Event Log service entered the stopped state."
"9/1/2026 9:11:29 PM","7036","Information","Service Control Manager","The Remote Access Connection Manager service entered the stopped state."
"9/1/2026 9:11:29 PM","7036","Information","Service Control Manager","The DNS Server service entered the stopped state."
"9/1/2026 9:13:54 PM","6013","Information","EventLog","The system uptime is 13 seconds."
"9/1/2026 9:13:54 PM","6005","Information","EventLog","The Event log service was started."
"9/1/2026 9:13:54 PM","6009","Information","EventLog","Microsoft (R) Windows (R) 10.00. 20348  Multiprocessor Free."
"9/1/2026 9:11:29 PM","7036","Information","Service Control Manager","The Task Scheduler service entered the stopped state."
"9/1/2026 9:11:28 PM","7036","Information","Service Control Manager","The SQL Server CEIP service (SQLEXPRESS) service entered the stopped state."
"9/1/2026 9:11:28 PM","7036","Information","Service Control Manager","The Volume Shadow Copy service entered the stopped state."
"9/1/2026 9:11:28 PM","7036","Information","Service Control Manager","The Application Host Helper Service service entered the stopped state."
"9/1/2026 9:11:28 PM","7036","Information","Service Control Manager","The Windows Process Activation Service service entered the stopped state."
"9/1/2026 9:11:28 PM","7036","Information","Service Control Manager","The SQL Server VSS Writer service entered the stopped state."
"9/1/2026 9:11:28 PM","7036","Information","Service Control Manager","The Windows Remote Management (WS-Management) service entered the stopped state."
"9/1/2026 9:11:28 PM","7036","Information","Service Control Manager","The WinHTTP Web Proxy Auto-Discovery Service service entered the stopped state."
"9/1/2026 9:11:28 PM","7036","Information","Service Control Manager","The DHCP Client service entered the stopped state."
"9/1/2026 9:11:28 PM","7036","Information","Service Control Manager","The Virtual Disk service entered the stopped state."
"9/1/2026 9:11:27 PM","7036","Information","Service Control Manager","The IKE and AuthIP IPsec Keying Modules service entered the stopped state."
"9/1/2026 9:11:27 PM","7036","Information","Service Control Manager","The Active Directory Web Services service entered the stopped state."
"9/1/2026 9:11:27 PM","7036","Information","Service Control Manager","The Windows Connection Manager service entered the stopped state."
"9/1/2026 9:11:27 PM","50037","Information","Microsoft-Windows-Dhcp-Client","DHCPv4 client service is stopped. ShutDown Flag value is 1"
"9/1/2026 9:11:27 PM","51057","Information","Microsoft-Windows-DHCPv6-Client","DHCPv6 client service stop is almost done.DHCP Context Ref count is 1"
"9/1/2026 9:11:27 PM","51047","Information","Microsoft-Windows-DHCPv6-Client","DHCPv6 client service is stopped. ShutDown Flag value is 1"
"9/1/2026 9:11:27 PM","7036","Information","Service Control Manager","The Secure Socket Tunneling Protocol Service service entered the stopped state."
"9/1/2026 9:11:27 PM","7036","Information","Service Control Manager","The Microsoft Deployment Toolkit Monitor Service service entered the stopped state."
"9/1/2026 9:11:27 PM","50106","Information","Microsoft-Windows-Dhcp-Client","DHCPv4 is waiting on DHCPv6 service to stop"
"9/1/2026 9:11:27 PM","7036","Information","Service Control Manager","The Distributed Transaction Coordinator service entered the stopped state."
"9/1/2026 9:11:27 PM","7036","Information","Service Control Manager","The Windows Font Cache Service service entered the stopped state."
"9/1/2026 9:11:27 PM","7036","Information","Service Control Manager","The Windows Time service entered the stopped state."
"9/1/2026 9:11:27 PM","7036","Information","Service Control Manager","The State Repository Service service entered the stopped state."
"9/1/2026 9:11:27 PM","7036","Information","Service Control Manager","The User Profile Service service entered the stopped state."
"9/1/2026 9:11:27 PM","50105","Information","Microsoft-Windows-Dhcp-Client","DHCPv4 client ProcessDHCPRequestForever received TERMINATE_EVENT"
"9/1/2026 9:11:27 PM","50104","Information","Microsoft-Windows-Dhcp-Client","DHCPv4 client received shutdown notification"
"9/1/2026 9:11:27 PM","7036","Information","Service Control Manager","The Plug and Play service entered the stopped state."
"9/1/2026 9:11:27 PM","7036","Information","Service Control Manager","The Program Compatibility Assistant Service service entered the stopped state."
"9/1/2026 9:11:27 PM","7036","Information","Service Control Manager","The Intersite Messaging service entered the stopped state."
"9/1/2026 9:11:27 PM","7036","Information","Service Control Manager","The SysMain service entered the stopped state."
"9/1/2026 9:11:27 PM","7036","Information","Service Control Manager","The Windows Management Instrumentation service entered the stopped state."
"9/1/2026 9:11:27 PM","7036","Information","Service Control Manager","The World Wide Web Publishing Service service entered the stopped state."
"9/1/2026 9:11:27 PM","7036","Information","Service Control Manager","The IPsec Policy Agent service entered the stopped state."
"9/1/2026 9:11:27 PM","7036","Information","Service Control Manager","The Microsoft Software Shadow Copy Provider service entered the stopped state."
"9/1/2026 9:11:27 PM","7036","Information","Service Control Manager","The Diagnostic System Host service entered the stopped state."
"9/1/2026 9:11:27 PM","6006","Information","EventLog","The Event log service was stopped."
"9/1/2026 9:11:27 PM","10149","Warning","Microsoft-Windows-WinRM","The WinRM service is not listening for WS-Management requests. 

 User Action 
 If you did not intentionally stop the service, use the following command to see the WinRM configuration: 

 winrm enumerate winrm/config/listener"
"9/1/2026 9:11:26 PM","7036","Information","Service Control Manager","The Connected User Experiences and Telemetry service entered the stopped state."
"9/1/2026 9:11:26 PM","7036","Information","Service Control Manager","The User Access Logging Service service entered the stopped state."
"9/1/2026 9:11:26 PM","7036","Information","Service Control Manager","The VMware Tools service entered the stopped state."
"9/1/2026 9:11:26 PM","7036","Information","Service Control Manager","The AzureAttestService service entered the stopped state."
"9/1/2026 9:11:26 PM","7043","Error","Service Control Manager","The Windows Modules Installer service did not shut down properly after receiving a preshutdown control."
"9/1/2026 9:11:09 PM","7036","Information","Service Control Manager","The Device Setup Manager service entered the stopped state."
"9/1/2026 9:10:29 PM","4107","Information","Display","A caller specified the SDC_FORCE_MODE_ENUMERATION flag in a call to the SetDisplayConfig() API"
"9/1/2026 9:10:29 PM","7036","Information","Service Control Manager","The Microsoft Software Shadow Copy Provider service entered the running state."
"9/1/2026 9:10:29 PM","7036","Information","Service Control Manager","The Volume Shadow Copy service entered the running state."
"9/1/2026 9:10:28 PM","7040","Information","Service Control Manager","The start type of the Windows Modules Installer service was changed from auto start to demand start."
"9/1/2026 9:10:27 PM","7036","Information","Service Control Manager","The Windows Error Reporting Service service entered the running state."
"9/1/2026 9:10:24 PM","4107","Information","Display","A caller specified the SDC_FORCE_MODE_ENUMERATION flag in a call to the SetDisplayConfig() API"
"9/1/2026 9:10:23 PM","7036","Information","Service Control Manager","The Device Setup Manager service entered the running state."
"9/1/2026 9:09:23 PM","7036","Information","Service Control Manager","The Device Setup Manager service entered the stopped state."
"9/1/2026 9:08:44 PM","4107","Information","Display","A caller specified the SDC_FORCE_MODE_ENUMERATION flag in a call to the SetDisplayConfig() API"
"9/1/2026 9:08:37 PM","7036","Information","Service Control Manager","The Device Setup Manager service entered the running state."
"9/1/2026 9:08:38 PM","4107","Information","Display","A caller specified the SDC_FORCE_MODE_ENUMERATION flag in a call to the SetDisplayConfig() API"
"9/1/2026 9:06:02 PM","7036","Information","Service Control Manager","The Capability Access Manager Service service entered the stopped state."
"9/1/2026 9:06:01 PM","7036","Information","Service Control Manager","The AppX Deployment Service (AppXSVC) service entered the stopped state."
"9/1/2026 9:01:03 PM","7036","Information","Service Control Manager","The Group Policy Client service entered the stopped state."
