"9/1/2026 9:14:20 PM","94","Warning","Microsoft-Windows-CertificationAuthority","Active Directory Certificate Services scaffold-DC-CA can not open the certificate store at CN=NTAuthCertificates,CN=Public Key Services,CN=Services in the Active Directory's configuration container."
"9/1/2026 9:14:20 PM","271","Information","VMUpgradeHelper","Restored network configuration."
"9/1/2026 9:14:20 PM","49917","Information","MSSQL$SQLEXPRESS","Default collation: SQL_Latin1_General_CP1_CI_AS (us_english 1033)"
"9/1/2026 9:14:19 PM","326","Information","ESENT","certsrv.exe (2704,D,50) The database engine attached a database (1, C:\Windows\system32\CertLog\scaffold-DC-CA.edb). (Time=0 seconds) 
 
Saved Cache: 0 0 
Additional Data: lgposAttach = 00000005:007C:0268,
dbv = 1568.180.400 (9360) 
 
Internal Timing Sequence: 
[1] 0.000005 +J(0) +M(C:0K, Fs:1, WS:4K # 0K, PF:0K # 0K, P:0K)
[2] 0.001940 -0.001662 (1) WT +J(0) +M(C:0K, Fs:18, WS:8K # 0K, PF:4K # 0K, P:4K)
[3] 0.021942 -0.016024 (6) WT +J(CM:0, PgRf:0, Rd:0/0, Dy:0/0, Lg:3480/2) +M(C:0K, Fs:25, WS:92K # 0K, PF:120K # 0K, P:120K)
[4] 0.000112 +J(0)
[5] -
[6] -
[7] -
[8] 0.002190 -0.001920 (2) CM -0.001675 (2) WT +J(CM:2, PgRf:2, Rd:14/2, Dy:0/0, Lg:54/1) +M(C:0K, Fs:40, WS:160K # 0K, PF:152K # 0K, P:152K)
[9] 0.004435 -0.004061 (3) CM -0.003901 (3) WT +J(CM:3, PgRf:23, Rd:0/2, Dy:0/0, Lg:0/0) +M(C:0K, Fs:32, WS:128K # 0K, PF:200K # 0K, P:200K)
[10] 0.000840 -0.000712 (1) CM -0.000643 (1) WT +J(CM:1, PgRf:40, Rd:0/1, Dy:0/0, Lg:0/0) +M(C:0K, Fs:7, WS:28K # 0K, PF:84K # 0K, P:84K)
[11] 0.000019 +J(CM:0, PgRf:1, Rd:0/0, Dy:0/0, Lg:0/0) +M(C:0K, Fs:4, WS:16K # 0K, PF:0K # 0K, P:0K)
[12] 0.000046 +J(CM:0, PgRf:42, Rd:0/0, Dy:0/0, Lg:0/0) +M(C:0K, Fs:1, WS:4K # 0K, PF:0K # 0K, P:0K)
[13] 0.0 +J(0)
[14] 0.0 +J(0)
[15] 0.000006 +J(CM:0, PgRf:1, Rd:0/0, Dy:0/0, Lg:0/0)."
"9/1/2026 9:14:19 PM","105","Information","ESENT","certsrv.exe (2704,D,0) The database engine started a new instance (0). (Time=0 seconds) 
 
Additional Data:
  
 
Internal Timing Sequence: 
[1] 0.001617 +J(0) +M(C:0K, Fs:172, WS:676K # 676K, PF:2888K # 2620K, P:2888K)
[2] 0.000584 +J(0) +M(C:3200K, Fs:135, WS:528K # 528K, PF:3652K # 3652K, P:3652K)
[3] 0.000018 +J(0) +M(C:0K, Fs:4, WS:12K # 12K, PF:68K # 68K, P:68K)
[4] 0.000091 +J(0) +M(C:0K, Fs:17, WS:68K # 68K, PF:492K # 492K, P:492K)
[5] 0.000764 +J(0) +M(C:0K, Fs:14, WS:56K # 56K, PF:24K # 28K, P:24K)
[6] 0.003329 +J(0) +M(C:0K, Fs:29, WS:116K # 116K, PF:12K # 8K, P:12K)
[7] 0.019958 -0.014499 (3) WT +J(0) +M(C:0K, Fs:275, WS:1096K # 1096K, PF:1028K # 1028K, P:1028K)
[8] -
[9] -
[10] -
[11] -
[12] -
[13] 0.025869 -0.020698 (4) WT +J(CM:0, PgRf:0, Rd:0/0, Dy:0/0, Lg:616/1) +M(C:0K, Fs:6, WS:-1008K # 16K, PF:-1024K # 12K, P:-1024K)
[14] 0.000019 +J(0)
[15] 0.000151 +J(0) +M(C:0K, Fs:101, WS:400K # 0K, PF:68K # 0K, P:68K)
[16] 0.000783 -0.000603 (1) WT +J(0) +M(C:0K, Fs:4, WS:8K # 0K, PF:4K # 0K, P:4K)."
"9/1/2026 9:14:19 PM","1000","Information","VGAuth","vmtoolsd: Username and password mismatch for 'Administrator'"
"9/1/2026 9:14:19 PM","102","Information","ESENT","certsrv.exe (2704,P,98) The database engine (10.00.20348.0000) is starting a new instance (0)."
"9/1/2026 9:14:18 PM","0","Information","Microsoft Deployment Toolkit Monitor Service","Service started successfully."
"9/1/2026 9:14:17 PM","894","Information","MSSQL$SQLEXPRESS","Buffer Pool: Allocating 1048576 bytes for 639386 hashPages."
"9/1/2026 9:14:17 PM","852","Information","MSSQL$SQLEXPRESS","Using conventional memory in the memory manager."
"9/1/2026 9:14:17 PM","49903","Information","MSSQL$SQLEXPRESS","Detected 4095 MB of RAM. This is an informational message; no user action is required."
"9/1/2026 9:14:17 PM","17162","Information","MSSQL$SQLEXPRESS","SQL Server is starting at normal priority base (=7). This is an informational message only. No user action is required."
"9/1/2026 9:14:17 PM","17164","Information","MSSQL$SQLEXPRESS","SQL Server detected 1 sockets with 2 cores per socket and 2 logical processors per socket, 2 total logical processors; using 2 logical processors based on SQL Server licensing. This is an informational message; no user action is required."
"9/1/2026 9:14:17 PM","1000","Information","VGAuth","vmtoolsd: Username and password mismatch for 'Administrator'"
"9/1/2026 9:14:17 PM","17115","Information","MSSQL$SQLEXPRESS","Command Line Startup Parameters:
	 -s ""SQLEXPRESS"""
"9/1/2026 9:14:17 PM","17110","Information","MSSQL$SQLEXPRESS","Registry startup parameters: 
	 -d C:\Program Files\Microsoft SQL Server\MSSQL15.SQLEXPRESS\MSSQL\DATA\master.mdf
	 -e C:\Program Files\Microsoft SQL Server\MSSQL15.SQLEXPRESS\MSSQL\Log\ERRORLOG
	 -l C:\Program Files\Microsoft SQL Server\MSSQL15.SQLEXPRESS\MSSQL\DATA\mastlog.ldf"
"9/1/2026 9:14:17 PM","49904","Information","MSSQL$SQLEXPRESS","The service account is 'NT Service\MSSQL$SQLEXPRESS'. This is an informational message; no user action is required."
"9/1/2026 9:14:17 PM","17111","Information","MSSQL$SQLEXPRESS","Logging SQL Server messages in file 'C:\Program Files\Microsoft SQL Server\MSSQL15.SQLEXPRESS\MSSQL\Log\ERRORLOG'."
"9/1/2026 9:14:17 PM","15268","Information","MSSQL$SQLEXPRESS","Authentication mode is MIXED."
"9/1/2026 9:14:17 PM","18496","Information","MSSQL$SQLEXPRESS","System Manufacturer: 'VMware, Inc.', System Model: 'VMware20,1'."
"9/1/2026 9:14:17 PM","17104","Information","MSSQL$SQLEXPRESS","Server process ID is 4472."
"9/1/2026 9:14:17 PM","17103","Information","MSSQL$SQLEXPRESS","All rights reserved."
"9/1/2026 9:14:17 PM","17101","Information","MSSQL$SQLEXPRESS","(c) Microsoft Corporation."
"9/1/2026 9:14:17 PM","49916","Information","MSSQL$SQLEXPRESS","UTC adjustment: -7:00"
"9/1/2026 9:14:16 PM","17069","Information","MSSQL$SQLEXPRESS","Microsoft SQL Server 2019 (RTM) - 15.0.2000.5 (X64) 
	Sep 24 2019 13:48:23 
	Copyright (C) 2019 Microsoft Corporation
	Express Edition (64-bit) on Windows Server 2022 Datacenter 10.0 <X64> (Build 20348: ) (Hypervisor)
"
"9/1/2026 9:14:16 PM","9027","Information","Desktop Window Manager","The Desktop Window Manager has registered the session port."
"9/1/2026 9:14:16 PM","258","Information","VMUpgradeHelper","Restoring network configuration."
"9/1/2026 9:14:15 PM","1000","Information","VGAuth","vmtoolsd: Username and password mismatch for 'Administrator'"
"9/1/2026 9:14:12 PM","91","Error","Microsoft-Windows-CertificationAuthority","Could not connect to the Active Directory.  Active Directory Certificate Services will retry when processing requires Active Directory access."
"9/1/2026 9:14:11 PM","781","Information","Microsoft-Windows-Complus","The COM+ sub system is suppressing duplicate event log entries for a duration of 86400 seconds.  The suppression timeout can be controlled by a REG_DWORD value named SuppressDuplicateDuration under the following registry key: HKLM\Software\Microsoft\COM3\Eventlog."
"9/1/2026 9:14:06 PM","5617","Information","Microsoft-Windows-WMI","Windows Management Instrumentation Service subsystems initialized successfully"
"9/1/2026 9:14:05 PM","517","Information","WDSServer","Provider WDSTFTP loaded from C:\Windows\system32\wdstftp.dll and initialized successfully."
"9/1/2026 9:14:05 PM","517","Information","WDSServer","Provider WDSMDMGR loaded from C:\Windows\system32\wdsmdmgr.dll and initialized successfully."
"9/1/2026 9:14:05 PM","326","Information","ESENT","svchost (2444,D,50) WDS: The database engine attached a database (1, C:\RemoteInstall\Stores\Metadata\WDSMD.mdb). (Time=0 seconds) 
 
Saved Cache: 1 0 
Additional Data: lgposAttach = 00000001:00A7:0268,
dbv = 1568.180.400 (9360) 
 
Internal Timing Sequence: 
[1] 0.000002 +J(0)
[2] 0.000478 -0.000309 (1) WT +J(0) +M(C:0K, Fs:24, WS:32K # 0K, PF:32K # 0K, P:32K)
[3] 0.143793 -0.140343 (6) WT +J(CM:0, PgRf:0, Rd:0/0, Dy:0/0, Lg:3480/2) +M(C:0K, Fs:15, WS:24K # 0K, PF:24K # 0K, P:24K)
[4] 0.000123 +J(0)
[5] -
[6] -
[7] -
[8] 0.001528 -0.001210 (2) CM -0.001149 (2) WT +J(CM:2, PgRf:2, Rd:4/2, Dy:0/0, Lg:54/1) +M(C:120K, Fs:46, WS:128K # 0K, PF:140K # 0K, P:140K)
[9] 0.004147 -0.003833 (2) CM -0.003767 (2) WT +J(CM:2, PgRf:16, Rd:0/2, Dy:0/0, Lg:0/0) +M(C:-16K, Fs:40, WS:80K # 0K, PF:208K # 0K, P:208K)
[10] 0.000469 -0.000355 (1) CM -0.000326 (1) WT +J(CM:1, PgRf:35, Rd:0/1, Dy:0/0, Lg:0/0) +M(C:-28K, Fs:4, WS:-12K # 0K, PF:36K # 0K, P:36K)
[11] 0.000015 +J(CM:0, PgRf:1, Rd:0/0, Dy:0/0, Lg:0/0) +M(C:0K, Fs:3, WS:12K # 0K, PF:0K # 0K, P:0K)
[12] 0.000042 +J(CM:0, PgRf:42, Rd:0/0, Dy:0/0, Lg:0/0) +M(C:0K, Fs:1, WS:4K # 0K, PF:0K # 0K, P:0K)
[13] 0.0 +J(0)
[14] 0.0 +J(0)
[15] 0.000005 +J(CM:0, PgRf:1, Rd:0/0, Dy:0/0, Lg:0/0)."
"9/1/2026 9:14:05 PM","105","Information","ESENT","svchost (2444,D,0) WDS: The database engine started a new instance (0). (Time=0 seconds) 
 
Additional Data:
 lgposV2[] = 00000001:0001:0000 - 00000001:00A4:0309 - 00000001:00A5:0000 - 00000001:00A5:0000 (00000000:0000:0000)
cReInits = 47
 
 
Internal Timing Sequence: 
[1] 0.001294 +J(0) +M(C:0K, Fs:177, WS:692K # 692K, PF:4508K # 4508K, P:4508K)
[2] 0.000793 +J(0) +M(C:64K, Fs:150, WS:592K # 592K, PF:1256K # 1256K, P:1256K)
[3] 0.001116 +J(0) +M(C:0K, Fs:9, WS:36K # 36K, PF:64K # 68K, P:64K)
[4] 0.000231 +J(0) +M(C:0K, Fs:23, WS:88K # 88K, PF:232K # 228K, P:232K)
[5] 0.001063 +J(0) +M(C:0K, Fs:9, WS:36K # 36K, PF:16K # 16K, P:16K)
[6] 0.005563 +J(0) +M(C:0K, Fs:23, WS:92K # 92K, PF:12K # 12K, P:12K)
[7] 0.086196 -0.075738 (11) WT +J(0) +M(C:0K, Fs:1300, WS:5188K # 5188K, PF:5132K # 5132K, P:5132K)
[8] 0.185638 -0.130874 (65) WT +J(CM:0, PgRf:0, Rd:0/0, Dy:0/0, Lg:665108/1098) +M(C:0K, Fs:1229, WS:396K # 428K, PF:248K # 280K, P:248K)
[9] 0.001592 +J(0) +M(C:0K, Fs:3, WS:12K # 0K, PF:0K # 0K, P:0K)
[10] 0.063923 -0.061569 (10) WT +J(0) +M(C:0K, Fs:8, WS:-5084K # 12K, PF:-5120K # 0K, P:-5120K)
[11] 0.000029 +J(CM:0, PgRf:0, Rd:0/0, Dy:0/0, Lg:49/1) +M(C:0K, Fs:2, WS:8K # 0K, PF:0K # 0K, P:0K)
[12] 0.000042 +J(0)
[13] 0.162249 -0.006782 (2) CM -0.137951 (31) WT +J(CM:2, PgRf:2, Rd:0/2, Dy:0/0, Lg:8759/5) +M(C:-56K, Fs:1348, WS:40K # 52K, PF:80K # 60K, P:80K)
[14] 0.000019 +J(0)
[15] 0.000028 +J(0)
[16] 0.000587 -0.000464 (1) WT +J(0) +M(C:0K, Fs:2, WS:0K # 0K, PF:0K # 0K, P:0K)."
"9/1/2026 9:14:05 PM","302","Information","ESENT","svchost (2444,U,98) WDS: The database engine has successfully completed recovery steps."
"9/1/2026 9:14:05 PM","301","Information","ESENT","svchost (2444,R,98) WDS: The database engine has finished replaying logfile C:\RemoteInstall\Stores\Metadata\WDS.log. 
 
Processing Stats: 
[1] 0.156131 -0.125129 (62) WT +J(CM:0, PgRf:0, Rd:0/0, Dy:0/0, Lg:665108/1098) +M(C:0K, Fs:1187, WS:236K # 268K, PF:168K # 200K, P:168K). 
Log record of type 'Insert   ' was seen most frequently (277 times)"
"9/1/2026 9:14:05 PM","335","Information","ESENT","svchost (2444,R,98) WDS: Replay of a Create for database ""C:\RemoteInstall\Stores\Metadata\WDSMD.mdb"" at log position (00000001,0001,0268) was deferred due to AttachFuture.  Additional information:  "
"9/1/2026 9:14:05 PM","300","Information","ESENT","svchost (2444,R,98) WDS: The database engine is initiating recovery steps."
"9/1/2026 9:14:04 PM","5615","Information","Microsoft-Windows-WMI","Windows Management Instrumentation Service started sucessfully"
"9/1/2026 9:14:05 PM","102","Information","ESENT","svchost (2444,P,98) WDS: The database engine (10.00.20348.0000) is starting a new instance (0)."
"9/1/2026 9:14:05 PM","517","Information","WDSServer","Provider WDSMC loaded from C:\Windows\system32\wdsmc.dll and initialized successfully."
"9/1/2026 9:14:04 PM","105","Information","VMTools","The service was started."
"9/1/2026 9:14:04 PM","1025","Information","WDSServer","The RPC server started on TCP port 5040. 
"
"9/1/2026 9:13:54 PM","1531","Information","Microsoft-Windows-User Profiles Service","The User Profile Service has started successfully.  

"
"9/1/2026 9:11:29 PM","38","Information","Microsoft-Windows-CertificationAuthority","Active Directory Certificate Services for scaffold-DC-CA was stopped."
"9/1/2026 9:11:27 PM","1532","Information","Microsoft-Windows-User Profiles Service","The User Profile Service has stopped.  

"
"9/1/2026 9:11:27 PM","4111","Information","Microsoft-Windows-MSDTC","The MS DTC service is stopping."
"9/1/2026 9:11:27 PM","8225","Information","VSS","The VSS service is shutting down due to shutdown event from the Service Control Manager. "
"9/1/2026 9:11:26 PM","17147","Information","MSSQL$SQLEXPRESS","SQL Server is terminating because of a system shutdown. This is an informational message only. No user action is required."
"9/1/2026 9:11:26 PM","108","Information","VMTools","The service was stopped."
"9/1/2026 9:11:26 PM","272","Information","VMUpgradeHelper","Saved network configuration."
"9/1/2026 9:11:26 PM","260","Information","VMUpgradeHelper","Saving network configuration."
"9/1/2026 9:10:28 PM","1001","Information","Windows Error Reporting","Fault bucket , type 0
Event Name: CbsPackageServicingFailure2
Response: Not available
Cab Id: 0

Problem signature:
P1: 10.0.20348.5480
P2: Package_for_RollupFix
P3: 20348.5499.1.21
P4: amd64
P5: unknown
P6: 80070070
P7: Execute
P8: Staged
P9: Installed
P10: UpdateAgentLCU

Attached files:
\\?\C:\Windows\Logs\CBS\CBS.log
\\?\C:\Windows\servicing\Sessions\Sessions.xml
\\?\C:\Windows\winsxs\poqexec.log
\\?\C:\Windows\inf\setupapi.dev.log

These files may be available here:


Analysis symbol: 
Rechecking for solution: 0
Report Id: 44ff950f-d459-49a7-a622-eca9ea7acfb3
Report Status: 262148
Hashed bucket: 
Cab Guid: 0"
"9/1/2026 9:10:28 PM","1001","Information","Windows Error Reporting","Fault bucket , type 0
Event Name: CbsPackageServicingFailure2
Response: Not available
Cab Id: 0

Problem signature:
P1: 10.0.20348.5480
P2: Package_for_RollupFix
P3: 20348.5499.1.21
P4: amd64
P5: unknown
P6: 80070070
P7: Execute
P8: Staged
P9: Installed
P10: UpdateAgentLCU

Attached files:

These files may be available here:
\\?\C:\ProgramData\Microsoft\Windows\WER\ReportQueue\Critical_10.0.20348.5480_d2cf452ac1645ca5320f5d7d8bfe041415f49b0_00000000_44ff950f-d459-49a7-a622-eca9ea7acfb3

Analysis symbol: 
Rechecking for solution: 0
Report Id: 44ff950f-d459-49a7-a622-eca9ea7acfb3
Report Status: 4
Hashed bucket: 
Cab Guid: 0"
"9/1/2026 9:10:27 PM","1001","Information","Windows Error Reporting","Fault bucket , type 0
Event Name: WindowsWcpOtherFailure3
Response: Not available
Cab Id: 0

Problem signature:
P1: 10.0.20348.5480:2
P2: wcp\sil\ntsystem.cpp
P3: Windows::Rtl::SystemImplementation::DirectFileSystemProvider::SysCreateFile
P4: 2823
P5: c000007f
P6: 0x80a68870
P7: 
P8: 
P9: 
P10: 

Attached files:
\\?\C:\Windows\Logs\CBS\CBS.log
\\?\C:\Windows\servicing\Sessions\Sessions.xml
\\?\C:\Windows\servicing\Sessions\31275659_2467563163.xml
\\?\C:\Windows\WinSxs\poqexec.log
\\?\C:\Windows\Logs\Cbs\FilterList.log

These files may be available here:


Analysis symbol: 
Rechecking for solution: 0
Report Id: 27e8e433-ad75-43b7-bd5f-9d8c80618b57
Report Status: 262148
Hashed bucket: 
Cab Guid: 0"
"9/1/2026 9:10:27 PM","1001","Information","Windows Error Reporting","Fault bucket , type 0
Event Name: WindowsWcpOtherFailure3
Response: Not available
Cab Id: 0

Problem signature:
P1: 10.0.20348.5480:2
P2: wcp\sil\ntsystem.cpp
P3: Windows::Rtl::SystemImplementation::DirectFileSystemProvider::SysCreateFile
P4: 2823
P5: c000007f
P6: 0x80a68870
P7: 
P8: 
P9: 
P10: 

Attached files:

These files may be available here:
\\?\C:\ProgramData\Microsoft\Windows\WER\ReportQueue\Critical_10.0.20348.5480__a6484b7dd292e8d73faf3ead8d1ba774d63eec_00000000_27e8e433-ad75-43b7-bd5f-9d8c80618b57

Analysis symbol: 
Rechecking for solution: 0
Report Id: 27e8e433-ad75-43b7-bd5f-9d8c80618b57
Report Status: 4
Hashed bucket: 
Cab Guid: 0"
"9/1/2026 9:01:03 PM","6000","Information","Microsoft-Windows-Winlogon","The winlogon notification subscriber <SessionEnv> was unavailable to handle a notification event."
"9/1/2026 9:01:02 PM","6000","Information","Microsoft-Windows-Winlogon","The winlogon notification subscriber <WSearch> was unavailable to handle a notification event."
"9/1/2026 8:45:40 PM","4111","Information","Microsoft-Windows-CAPI2","Successful auto update of third-party root list with effective date: ‎Tuesday, ‎August ‎25, ‎2026 12:24:34 AM."
"9/1/2026 8:44:40 PM","1001","Information","Windows Error Reporting","Fault bucket 1898578473958573658, type 5
Event Name: RADAR_PRE_LEAK_64
Response: Not available
Cab Id: 0

Problem signature:
P1: TiWorker.exe
P2: 10.0.20348.5480
P3: 10.0.20348.2.0.0
P4: 
P5: 
P6: 
P7: 
P8: 
P9: 
P10: 

Attached files:
\\?\C:\Users\ADMINI~1\AppData\Local\Temp\RDR13D8.tmp\empty.txt
\\?\C:\ProgramData\Microsoft\Windows\WER\Temp\WER.86a36aaf-c7b8-4aa4-bd05-d6220d2a02e0.tmp.WERInternalMetadata.xml
\\?\C:\ProgramData\Microsoft\Windows\WER\Temp\WER.e5c67410-7e1d-40ea-b3e7-52515f78634b.tmp.xml
\\?\C:\ProgramData\Microsoft\Windows\WER\Temp\WER.8a835551-2fca-4998-9703-b3c0aa4ab813.tmp.csv
\\?\C:\ProgramData\Microsoft\Windows\WER\Temp\WER.7e69067e-12ba-4648-8dc8-41fced9bf005.tmp.txt

These files may be available here:


Analysis symbol: 
Rechecking for solution: 0
Report Id: bef8380a-e4a5-43fd-88da-2ca7b8317606
Report Status: 268435456
Hashed bucket: 99400dcc7e38d043ea591b101e81065a
Cab Guid: 0"
"9/1/2026 8:35:47 PM","1000","Information","Microsoft-Windows-LoadPerf","Performance counters for the WmiApRpl (WmiApRpl) service were loaded successfully. The Record Data in the data section contains the new index values assigned to this service."
"9/1/2026 8:35:47 PM","1001","Information","Microsoft-Windows-LoadPerf","Performance counters for the WmiApRpl (WmiApRpl) service were removed successfully. The Record Data contains the new values of the system Last Counter and Last Help registry entries."
"9/1/2026 8:34:50 PM","8224","Information","VSS","The VSS service is shutting down due to idle timeout. "
"9/1/2026 8:33:11 PM","49930","Information","MSSQL$SQLEXPRESS","Parallel redo is shutdown for database 'ScaffoldPortal' with worker pool size [1]."
"9/1/2026 8:33:11 PM","49930","Information","MSSQL$SQLEXPRESS","Parallel redo is started for database 'ScaffoldPortal' with worker pool size [1]."
"9/1/2026 8:33:11 PM","17137","Information","MSSQL$SQLEXPRESS","Starting up database 'ScaffoldPortal'."
"9/1/2026 8:33:10 PM","8128","Information","MSSQL$SQLEXPRESS","Using 'xplog70.dll' version '2019.150.2000' to execute extended stored procedure 'xp_msver'. This is an informational message only; no user action is required."
"9/1/2026 8:33:10 PM","33090","Information","MSSQL$SQLEXPRESS","Attempting to load library 'xplog70.dll' into memory. This is an informational message only. No user action is required."
"9/1/2026 8:32:46 PM","1","Information","MSSQL$SQLEXPRESS","None"
"9/1/2026 8:32:42 PM","325","Information","ESENT","DFSRs (2856,D,35) \\.\C:\System Volume Information\DFSR\database_D030_CE70_30CE_5D5A\dfsr.db: The database engine created a new database (1, \\.\C:\System Volume Information\DFSR\database_D030_CE70_30CE_5D5A\dfsr.db). (Time=0 seconds) 
 
Additional Data: lgposCreate = 00000001:0001:0268,
dbv = 1568.180.400 (9360) 
 
Internal Timing Sequence: 
[1] 0.000151 +J(0) +M(C:0K, Fs:5, WS:20K # 0K, PF:8K # 0K, P:8K)
[2] 0.005167 -0.003248 (1) WT +J(CM:0, PgRf:0, Rd:0/0, Dy:0/0, Lg:3480/2) +M(C:0K, Fs:4, WS:16K # 0K, PF:0K # 0K, P:0K)
[3] 0.237528 -0.000008 (3) WT +J(0) +M(C:0K, Fs:11, WS:36K # 0K, PF:20K # 0K, P:20K)
[4] 0.000294 +J(0) +M(C:0K, Fs:1, WS:4K # 0K, PF:0K # 0K, P:0K)
[5] 0.007547 -0.004980 (3) WT +J(CM:0, PgRf:3, Rd:0/0, Dy:3/6, Lg:122/4) +M(C:0K, Fs:46, WS:176K # 0K, PF:252K # 0K, P:252K)
[6] 0.005792 -0.002529 (2) WT +J(CM:0, PgRf:209, Rd:0/0, Dy:12/408, Lg:24454/447) +M(C:0K, Fs:76, WS:304K # 0K, PF:224K # 0K, P:224K)
[7] 0.012805 -0.009406 (3) WT +J(CM:0, PgRf:0, Rd:0/0, Dy:0/0, Lg:4096/3) +M(C:0K, Fs:4, WS:8K # 0K, PF:0K # 0K, P:0K)
[8] 0.000009 +J(0)
[9] 0.010337 -0.009422 (4) WT +J(0) +M(C:-52K, Fs:8, WS:-28K # 0K, PF:-52K # 0K, P:-52K)
[10] 0.018514 -0.009407 (5) WT +J(CM:0, PgRf:348, Rd:0/0, Dy:7/93, Lg:12509/130) +M(C:12K, Fs:47, WS:180K # 0K, PF:96K # 0K, P:96K)
[11] 0.000002 +J(0)."
"9/1/2026 8:32:41 PM","105","Information","ESENT","DFSRs (2856,D,0) \\.\C:\System Volume Information\DFSR\database_D030_CE70_30CE_5D5A\dfsr.db: The database engine started a new instance (0). (Time=0 seconds) 
 
Additional Data:
  
 
Internal Timing Sequence: 
[1] 0.012529 +J(0) +M(C:0K, Fs:300, WS:1164K # 1164K, PF:6676K # 6596K, P:6676K)
[2] 0.000390 +J(0) +M(C:16K, Fs:98, WS:384K # 384K, PF:320K # 320K, P:320K)
[3] 0.000020 +J(0) +M(C:0K, Fs:3, WS:12K # 12K, PF:64K # 64K, P:64K)
[4] 0.000273 +J(0) +M(C:2032K, Fs:35, WS:136K # 136K, PF:2448K # 2448K, P:2448K)
[5] 0.000961 +J(0) +M(C:0K, Fs:9, WS:-40K # 4K, PF:-88K # 12K, P:-88K)
[6] 0.000900 +J(0) +M(C:0K, Fs:14, WS:52K # 8K, PF:16K # 0K, P:16K)
[7] -
[8] -
[9] -
[10] -
[11] -
[12] -
[13] 0.355673 -0.335755 (22) WT +J(CM:0, PgRf:0, Rd:0/0, Dy:0/0, Lg:616/1) +M(C:0K, Fs:1471, WS:756K # 5860K, PF:24K # 5068K, P:24K)
[14] 0.000021 +J(0)
[15] 0.000440 +J(0) +M(C:0K, Fs:65, WS:256K # 0K, PF:68K # 0K, P:68K)
[16] 0.040930 -0.004737 (3) WT +J(0) +M(C:0K, Fs:9, WS:28K # 0K, PF:0K # 0K, P:0K)."
"9/1/2026 8:32:41 PM","102","Information","ESENT","DFSRs (2856,P,98) \\.\C:\System Volume Information\DFSR\database_D030_CE70_30CE_5D5A\dfsr.db: The database engine (10.00.20348.0000) is starting a new instance (0)."
"9/1/2026 8:31:41 PM","903","Information","Microsoft-Windows-Security-SPP","The Software Protection service has stopped.
"
"9/1/2026 8:31:41 PM","16384","Information","Microsoft-Windows-Security-SPP","Successfully scheduled Software Protection service for re-start at 2126-08-09T03:31:41Z. Reason: RulesEngine."
"9/1/2026 8:30:40 PM","8224","Information","VSS","The VSS service is shutting down due to idle timeout. "
"9/1/2026 8:29:46 PM","1000","Information","Microsoft-Windows-LoadPerf","Performance counters for the WmiApRpl (WmiApRpl) service were loaded successfully. The Record Data in the data section contains the new index values assigned to this service."
"9/1/2026 8:29:46 PM","1001","Information","Microsoft-Windows-LoadPerf","Performance counters for the WmiApRpl (WmiApRpl) service were removed successfully. The Record Data contains the new values of the system Last Counter and Last Help registry entries."
"9/1/2026 8:29:41 PM","902","Information","Microsoft-Windows-Security-SPP","The Software Protection service has started.
10.0.20348.587"
"9/1/2026 8:29:41 PM","1003","Information","Microsoft-Windows-Security-SPP","The Software Protection service has completed licensing status check.
Application Id=55c92734-d682-4d71-983e-d6ec3f16059f
Licensing Status=
1: 0dc876e0-7ab8-41c1-b8ba-2237d484cd26, 1, 0 [(0 [0xC004F014, 0, 0], [(?)(?)(?)(?)(?)(?)(?)(?)])(1 )(2 )(3 )]
2: 176afa14-ca77-4cae-9ecc-ba2295540382, 1, 0 [(0 [0xC004F014, 0, 0], [(?)(?)(?)(?)(?)(?)(?)(?)])(1 )(2 )(3 )]
3: 208d2508-de49-48d5-a1df-837a9f1053ef, 1, 0 [(0 [0xC004F014, 0, 0], [(?)(?)(?)(?)(?)(?)(?)(?)])(1 )(2 )(3 )]
4: 22105925-48c3-4ff4-a294-f654bb27e390, 1, 0 [(0 [0xC004F014, 0, 0], [(?)(?)(?)(?)(?)(?)(?)(?)])(1 )(2 )(3 )]
5: 482b7fee-a9f5-46a3-862d-b28bef48c7e8, 1, 0 [(0 [0xC004F014, 0, 0], [(?)(?)(?)(?)(?)(?)(?)(?)])(1 )(2 )(3 )]
6: 4f64509c-0ad2-43a7-b73b-233afbb27096, 1, 0 [(0 [0xC004F014, 0, 0], [(?)(?)(?)(?)(?)(?)(?)(?)])(1 )(2 )(3 )]
7: 522b5066-79e8-49f2-9f9d-30b4d507d57b, 1, 0 [(0 [0xC004F014, 0, 0], [(?)(?)(?)(?)(?)(?)(?)(?)])(1 )(2 )(3 )]
8: 661f7658-7035-4b4c-9f35-010682943ec2, 1, 0 [(0 [0xC004F014, 0, 0], [(?)(?)(?)(?)(?)(?)(?)(?)])(1 )(2 )(3 )]
9: 78214935-d737-41c1-83df-f600c1766211, 1, 0 [(0 [0xC004F014, 0, 0], [(?)(?)(?)(?)(?)(?)(?)(?)])(1 )(2 )(3 )]
10: 80f53cc1-120f-4e0e-875b-27c9f1caf7de, 1, 1 [(0 )(1 [0x00000000, 1, 0], [(?)( 1 0x00000000)(?)( 2 0x00000000 0 0 msft:rm/algorithm/phone/1.0 0x00000000 0)(?)(?)( 10 0x00000000 msft:rm/algorithm/flags/1.0)(?)])(2 )(3 )]
11: aa04eff4-34fa-4da8-a645-8c30c30b3a7f, 1, 0 [(0 [0xC004F014, 0, 0], [(?)(?)(?)(?)(?)(?)(?)(?)])(1 )(2 )(3 )]
12: e73aabfa-12bc-4705-b551-2dd076bebc7d, 1, 0 [(0 [0xC004F014, 0, 0], [(?)(?)(?)(?)(?)(?)(?)(?)])(1 )(2 )(3 )]
13: ef6cfc9f-8c5d-44ac-9aad-de6a2ea0ae03, 1, 0 [(0 [0xC004F014, 0, 0], [(?)(?)(?)(?)(?)(?)(?)(?)])(1 )(2 )(3 )]

"
"9/1/2026 8:29:40 PM","1066","Information","Microsoft-Windows-Security-SPP","Initialization status for service objects.
C:\Windows\system32\sppwinob.dll, msft:spp/windowsfunctionality/agent/7.0, 0x00000000, 0x00000000
C:\Windows\system32\sppobjs.dll, msft:rm/algorithm/inherited/1.0, 0x00000000, 0x00000000
C:\Windows\system32\sppobjs.dll, msft:rm/algorithm/phone/1.0, 0x00000000, 0x00000000
C:\Windows\system32\sppobjs.dll, msft:rm/algorithm/pkey/detect, 0x00000000, 0x00000000
C:\Windows\system32\sppobjs.dll, msft:spp/ActionScheduler/1.0, 0x00000000, 0x00000000
C:\Windows\system32\sppobjs.dll, msft:spp/TaskScheduler/1.0, 0x00000000, 0x00000000
C:\Windows\system32\sppobjs.dll, msft:spp/statecollector/pkey, 0x00000000, 0x00000000
C:\Windows\system32\sppobjs.dll, msft:spp/volume/services/kms/1.0, 0x00000000, 0x00000000
C:\Windows\system32\sppobjs.dll, msft:spp/volume/services/kms/activationinfo/1.0, 0x00000000, 0x00000000
"
"9/1/2026 8:29:40 PM","16394","Information","Microsoft-Windows-Security-SPP","Offline downlevel migration succeeded."
"9/1/2026 8:29:39 PM","900","Information","Microsoft-Windows-Security-SPP","The Software Protection service is starting.
Parameters:<explicit>"
"9/1/2026 8:29:36 PM","0","Information","edgeupdate","Service stopped."
"9/1/2026 8:28:59 PM","6000","Information","Microsoft-Windows-Winlogon","The winlogon notification subscriber <SessionEnv> was unavailable to handle a notification event."
"9/1/2026 8:28:58 PM","6003","Information","Microsoft-Windows-Winlogon","The winlogon notification subscriber <SessionEnv> was unavailable to handle a critical notification event."
"9/1/2026 8:27:59 PM","256","Information","WDSServer","The Windows Deployment Services server started successfully. 
"
"9/1/2026 8:27:59 PM","517","Information","WDSServer","Provider WDSPXE loaded from C:\Windows\system32\wdspxe.dll and initialized successfully."
"9/1/2026 8:27:59 PM","777","Information","WDSPXE","Rogue detection has been disabled for this server. The Windows Deployment  Services server is authorized as a valid DHCP/PXE server and will process incoming client requests."
"9/1/2026 8:27:59 PM","262","Information","WDSPXE","Provider WDSDCPXE was loaded from C:\Windows\system32\wdsdcpxe.dll and initialized successfully."
"9/1/2026 8:27:59 PM","1305","Information","BINLSVC","Combined BCD file x64uefi{D8723E90-5DD2-4434-BDC0-E14829BF80B4}.bcd generated successfully for the x64uefi architecture."
"9/1/2026 8:27:59 PM","1305","Information","BINLSVC","Combined BCD file x86uefi{FEEBBAA4-D913-4599-83C0-769120719BB9}.bcd generated successfully for the x86uefi architecture."
"9/1/2026 8:27:59 PM","1305","Information","BINLSVC","Combined BCD file arm{170839F9-8D42-4A24-8AD3-15FE225A4288}.bcd generated successfully for the arm architecture."
"9/1/2026 8:27:59 PM","1305","Information","BINLSVC","Combined BCD file x86x64{326CA915-79D9-4362-881B-2BE8CC9F0BDE}.bcd generated successfully for the x86x64 architecture."
"9/1/2026 8:27:59 PM","1305","Information","BINLSVC","Combined BCD file arm64{1B0DADD5-C12C-40A4-A160-D197E238ABF2}.bcd generated successfully for the arm64 architecture."
"9/1/2026 8:27:59 PM","1305","Information","BINLSVC","Combined BCD file x64{75F804B0-8309-429C-8B58-0546106D5E02}.bcd generated successfully for the x64 architecture."
"9/1/2026 8:27:59 PM","1305","Information","BINLSVC","Combined BCD file x86{7313F0D0-3E7F-4872-8C7C-FE23673788A3}.bcd generated successfully for the x86 architecture."
"9/1/2026 8:27:59 PM","326","Information","ESENT","svchost (2096,D,50) AAP: The database engine attached a database (5, C:\RemoteInstall\Mgmt\binlsvcdb.mdb). (Time=0 seconds) 
 
Saved Cache: 1 0 
Additional Data: lgposAttach = 00000001:00AE:0268,
dbv = 1568.180.400 (9360) 
 
Internal Timing Sequence: 
[1] 0.000003 +J(0)
[2] 0.000434 -0.000207 (1) WT +J(0) +M(C:0K, Fs:24, WS:32K # 0K, PF:32K # 0K, P:32K)
[3] 0.003985 -0.001598 (6) WT +J(CM:0, PgRf:0, Rd:0/0, Dy:0/0, Lg:3480/2) +M(C:0K, Fs:13, WS:20K # 0K, PF:20K # 0K, P:20K)
[4] 0.000100 +J(0)
[5] -
[6] -
[7] -
[8] 0.000386 +J(CM:0, PgRf:2, Rd:12/0, Dy:0/0, Lg:54/1) +M(C:140K, Fs:68, WS:272K # 0K, PF:160K # 0K, P:160K)
[9] 0.004222 -0.003935 (2) CM -0.003853 (2) WT +J(CM:2, PgRf:16, Rd:0/1, Dy:0/0, Lg:0/0) +M(C:-16K, Fs:8, WS:-48K # 0K, PF:-16K # 0K, P:-16K)
[10] 0.000561 -0.000393 (1) CM -0.000335 (1) WT +J(CM:1, PgRf:35, Rd:0/1, Dy:0/0, Lg:0/0) +M(C:-28K, Fs:2, WS:-20K # 0K, PF:-20K # 0K, P:-20K)
[11] 0.000015 +J(CM:0, PgRf:1, Rd:0/0, Dy:0/0, Lg:0/0)
[12] 0.000061 +J(CM:0, PgRf:42, Rd:0/0, Dy:0/0, Lg:0/0)
[13] 0.000001 +J(0)
[14] 0.0 +J(0)
[15] 0.000008 +J(CM:0, PgRf:1, Rd:0/0, Dy:0/0, Lg:0/0)."
"9/1/2026 8:27:59 PM","105","Information","ESENT","svchost (2096,D,0) AAP: The database engine started a new instance (2). (Time=0 seconds) 
 
Additional Data:
 lgposV2[] = 00000001:0001:0000 - 00000001:00AB:02FB - 00000001:00AC:0000 - 00000001:00AC:0000 (00000000:0000:0000)
cReInits = 46
 
 
Internal Timing Sequence: 
[1] -
[2] -
[3] 0.000386 +J(0) +M(C:0K, Fs:3, WS:12K # 0K, PF:0K # 0K, P:0K)
[4] 0.000144 +J(0) +M(C:0K, Fs:8, WS:32K # 0K, PF:136K # 0K, P:136K)
[5] 0.000793 +J(0) +M(C:0K, Fs:5, WS:20K # 0K, PF:4K # 0K, P:4K)
[6] 0.001608 +J(0) +M(C:0K, Fs:2, WS:8K # 0K, PF:16K # 0K, P:16K)
[7] 0.023711 -0.018876 (11) WT +J(0) +M(C:0K, Fs:1283, WS:5120K # 1768K, PF:5132K # 920K, P:5132K)
[8] 0.052211 -0.030961 (64) WT +J(CM:0, PgRf:0, Rd:0/0, Dy:0/0, Lg:693510/1257) +M(C:0K, Fs:1155, WS:196K # 240K, PF:68K # 112K, P:68K)
[9] 0.000668 +J(0)
[10] 0.021449 -0.018991 (10) WT +J(0) +M(C:0K, Fs:0, WS:-5116K # 0K, PF:-5128K # 0K, P:-5128K)
[11] 0.000027 +J(CM:0, PgRf:0, Rd:0/0, Dy:0/0, Lg:49/1) +M(C:0K, Fs:1, WS:4K # 0K, PF:0K # 0K, P:0K)
[12] 0.000042 +J(0)
[13] 0.037005 -0.000766 (2) CM -0.022551 (30) WT +J(CM:2, PgRf:2, Rd:0/2, Dy:0/0, Lg:8759/5) +M(C:-56K, Fs:1327, WS:-48K # 0K, PF:-112K # 0K, P:-112K)
[14] 0.000020 +J(0)
[15] 0.000028 +J(0)
[16] 0.001067 -0.000888 (1) WT +J(0) +M(C:0K, Fs:2, WS:0K # 0K, PF:0K # 0K, P:0K)."
"9/1/2026 8:27:59 PM","302","Information","ESENT","svchost (2096,U,98) AAP: The database engine has successfully completed recovery steps."
"9/1/2026 8:27:59 PM","301","Information","ESENT","svchost (2096,R,98) AAP: The database engine has finished replaying logfile C:\RemoteInstall\Mgmt\AAP.log. 
 
Processing Stats: 
[1] 0.049585 -0.029901 (61) WT +J(CM:0, PgRf:0, Rd:0/0, Dy:0/0, Lg:693510/1257) +M(C:0K, Fs:1119, WS:60K # 104K, PF:60K # 96K, P:60K). 
Log record of type 'Insert   ' was seen most frequently (326 times)"
"9/1/2026 8:27:59 PM","335","Information","ESENT","svchost (2096,R,98) AAP: Replay of a Create for database ""C:\RemoteInstall\Mgmt\binlsvcdb.mdb"" at log position (00000001,0001,0268) was deferred due to AttachFuture.  Additional information:  "
"9/1/2026 8:27:59 PM","300","Information","ESENT","svchost (2096,R,98) AAP: The database engine is initiating recovery steps."
"9/1/2026 8:27:59 PM","102","Information","ESENT","svchost (2096,P,98) AAP: The database engine (10.00.20348.0000) is starting a new instance (2)."
"9/1/2026 8:27:59 PM","517","Information","WDSServer","Provider WdsImgSrv loaded from C:\Windows\system32\WdsImgSrv.dll and initialized successfully."
"9/1/2026 8:27:59 PM","256","Information","WDSIMGSRV","The Windows Deployment Services image server initialized successfully. 
"
"9/1/2026 8:27:54 PM","517","Information","WDSServer","Provider WDSDDPS loaded from C:\Windows\system32\wdsddps.dll and initialized successfully."
"9/1/2026 8:27:54 PM","326","Information","ESENT","svchost (2096,D,50) DDP: The database engine attached a database (3, C:\RemoteInstall\Stores\Drivers\Metadata\DdpDb.mdb). (Time=0 seconds) 
 
Saved Cache: 1 0 
Additional Data: lgposAttach = 00000001:00DC:0268,
dbv = 1568.180.400 (9360) 
 
Internal Timing Sequence: 
[1] 0.000003 +J(0)
[2] 0.000382 -0.000198 (1) WT +J(0) +M(C:0K, Fs:24, WS:32K # 0K, PF:32K # 0K, P:32K)
[3] 0.004349 -0.001786 (6) WT +J(CM:0, PgRf:0, Rd:0/0, Dy:0/0, Lg:3480/2) +M(C:0K, Fs:13, WS:20K # 0K, PF:20K # 0K, P:20K)
[4] 0.000075 +J(0)
[5] -
[6] -
[7] -
[8] 0.000358 +J(CM:0, PgRf:2, Rd:10/0, Dy:0/0, Lg:54/1) +M(C:168K, Fs:60, WS:240K # 0K, PF:188K # 0K, P:188K)
[9] 0.005429 -0.005202 (2) CM -0.005048 (2) WT +J(CM:2, PgRf:16, Rd:0/1, Dy:0/0, Lg:0/0) +M(C:-12K, Fs:1, WS:-72K # 0K, PF:-12K # 0K, P:-12K)
[10] 0.000845 -0.000713 (1) CM -0.000641 (1) WT +J(CM:1, PgRf:35, Rd:0/1, Dy:0/0, Lg:0/0) +M(C:-28K, Fs:9, WS:8K # 0K, PF:-28K # 0K, P:-28K)
[11] 0.000011 +J(CM:0, PgRf:1, Rd:0/0, Dy:0/0, Lg:0/0)
[12] 0.000040 +J(CM:0, PgRf:42, Rd:0/0, Dy:0/0, Lg:0/0)
[13] 0.0 +J(0)
[14] 0.0 +J(0)
[15] 0.000005 +J(CM:0, PgRf:1, Rd:0/0, Dy:0/0, Lg:0/0)."
"9/1/2026 8:27:54 PM","105","Information","ESENT","svchost (2096,D,0) DDP: The database engine started a new instance (1). (Time=0 seconds) 
 
Additional Data:
 lgposV2[] = 00000001:0001:0000 - 00000001:00D9:0319 - 00000001:00DA:0000 - 00000001:00DA:0000 (00000000:0000:0000)
cReInits = 46
 
 
Internal Timing Sequence: 
[1] -
[2] -
[3] 0.000217 +J(0) +M(C:0K, Fs:3, WS:12K # 12K, PF:0K # 0K, P:0K)
[4] 0.000141 +J(0) +M(C:0K, Fs:10, WS:40K # 40K, PF:156K # 0K, P:156K)
[5] 0.000597 +J(0) +M(C:0K, Fs:4, WS:16K # 16K, PF:16K # 0K, P:16K)
[6] 0.001841 +J(0) +M(C:0K, Fs:2, WS:8K # 8K, PF:16K # 0K, P:16K)
[7] 0.027863 -0.022957 (11) WT +J(0) +M(C:0K, Fs:1283, WS:5120K # 5120K, PF:5132K # 4404K, P:5132K)
[8] 0.053666 -0.030938 (64) WT +J(CM:0, PgRf:0, Rd:0/0, Dy:0/0, Lg:880086/1752) +M(C:0K, Fs:1154, WS:192K # 236K, PF:68K # 112K, P:68K)
[9] 0.000590 +J(0)
[10] 0.020241 -0.018310 (10) WT +J(0) +M(C:0K, Fs:0, WS:-5116K # 0K, PF:-5128K # 0K, P:-5128K)
[11] 0.000021 +J(CM:0, PgRf:0, Rd:0/0, Dy:0/0, Lg:49/1) +M(C:0K, Fs:1, WS:4K # 0K, PF:0K # 0K, P:0K)
[12] 0.000037 +J(0)
[13] 0.046260 -0.001344 (2) CM -0.033392 (31) WT +J(CM:2, PgRf:2, Rd:0/2, Dy:0/0, Lg:8759/5) +M(C:-56K, Fs:1327, WS:-48K # 0K, PF:-112K # 0K, P:-112K)
[14] 0.000018 +J(0)
[15] 0.000024 +J(0)
[16] 0.000467 -0.000336 (1) WT +J(0) +M(C:0K, Fs:2, WS:0K # 0K, PF:0K # 0K, P:0K)."
"9/1/2026 8:27:54 PM","302","Information","ESENT","svchost (2096,U,98) DDP: The database engine has successfully completed recovery steps."
"9/1/2026 8:27:54 PM","301","Information","ESENT","svchost (2096,R,98) DDP: The database engine has finished replaying logfile C:\RemoteInstall\Stores\Drivers\Metadata\DDP.log. 
 
Processing Stats: 
[1] 0.050991 -0.029993 (61) WT +J(CM:0, PgRf:0, Rd:0/0, Dy:0/0, Lg:880086/1752) +M(C:0K, Fs:1119, WS:60K # 104K, PF:60K # 96K, P:60K). 
Log record of type 'Insert   ' was seen most frequently (479 times)"
"9/1/2026 8:27:54 PM","335","Information","ESENT","svchost (2096,R,98) DDP: Replay of a Create for database ""C:\RemoteInstall\Stores\Drivers\Metadata\DdpDb.mdb"" at log position (00000001,0001,0268) was deferred due to AttachFuture.  Additional information:  "
"9/1/2026 8:27:54 PM","300","Information","ESENT","svchost (2096,R,98) DDP: The database engine is initiating recovery steps."
"9/1/2026 8:27:54 PM","102","Information","ESENT","svchost (2096,P,98) DDP: The database engine (10.00.20348.0000) is starting a new instance (1)."
"9/1/2026 8:27:54 PM","517","Information","WDSServer","Provider WDSDCPXE loaded from C:\Windows\system32\wdsdcpxe.dll and initialized successfully."
"9/1/2026 8:27:54 PM","517","Information","WDSServer","Provider WDSDCMGR loaded from C:\Windows\system32\wdsdcmgr.dll and initialized successfully."
"9/1/2026 8:27:43 PM","3408","Information","MSSQL$SQLEXPRESS","Recovery is complete. This is an informational message only. No user action is required."
"9/1/2026 8:27:43 PM","9688","Information","MSSQL$SQLEXPRESS","Service Broker manager has started."
"9/1/2026 8:27:43 PM","9666","Information","MSSQL$SQLEXPRESS","The Database Mirroring endpoint is in disabled or stopped state."
"9/1/2026 8:27:43 PM","9666","Information","MSSQL$SQLEXPRESS","The Service Broker endpoint is in disabled or stopped state."
"9/1/2026 8:27:43 PM","17137","Information","MSSQL$SQLEXPRESS","Starting up database 'tempdb'."
"9/1/2026 8:27:43 PM","17136","Information","MSSQL$SQLEXPRESS","Clearing tempdb database."
"9/1/2026 8:27:43 PM","26067","Information","MSSQL$SQLEXPRESS","The SQL Server Network Interface library could not register the Service Principal Name (SPN) [ MSSQLSvc/dc.scaffold.htb:52951 ] for the SQL Server service. Windows return code: 0x54b, state: 3. Failure to register a SPN might cause integrated authentication to use NTLM instead of Kerberos. This is an informational message. Further action is only required if Kerberos authentication is required by authentication policies and if the SPN has not been manually registered."
"9/1/2026 8:27:43 PM","26067","Information","MSSQL$SQLEXPRESS","The SQL Server Network Interface library could not register the Service Principal Name (SPN) [ MSSQLSvc/dc.scaffold.htb:SQLEXPRESS ] for the SQL Server service. Windows return code: 0x54b, state: 3. Failure to register a SPN might cause integrated authentication to use NTLM instead of Kerberos. This is an informational message. Further action is only required if Kerberos authentication is required by authentication policies and if the SPN has not been manually registered."
"9/1/2026 8:27:43 PM","26076","Information","MSSQL$SQLEXPRESS","SQL Server is attempting to register a Service Principal Name (SPN) for the SQL Server service. Kerberos authentication will not be possible until a SPN is registered for the SQL Server service. This is an informational message. No user action is required."
"9/1/2026 8:27:43 PM","17126","Information","MSSQL$SQLEXPRESS","SQL Server is now ready for client connections. This is an informational message; no user action is required."
"9/1/2026 8:27:43 PM","17199","Information","MSSQL$SQLEXPRESS","Dedicated administrator connection support was not started because it is disabled on this edition of SQL Server. If you want to use a dedicated administrator connection, restart SQL Server using the trace flag 7806. This is an informational message only. No user action is required."
"9/1/2026 8:27:43 PM","26048","Information","MSSQL$SQLEXPRESS","Server local connection provider is ready to accept connection on [ \\.\pipe\MSSQL$SQLEXPRESS\sql\query ]."
"9/1/2026 8:27:43 PM","26048","Information","MSSQL$SQLEXPRESS","Server local connection provider is ready to accept connection on [ \\.\pipe\SQLLocal\SQLEXPRESS ]."
"9/1/2026 8:27:43 PM","26022","Information","MSSQL$SQLEXPRESS","Server is listening on [ 'any' <ipv4> 52951]."
"9/1/2026 8:27:43 PM","26022","Information","MSSQL$SQLEXPRESS","Server is listening on [ 'any' <ipv6> 52951]."
"9/1/2026 8:27:43 PM","26018","Information","MSSQL$SQLEXPRESS","A self-generated certificate was successfully loaded for encryption."
"9/1/2026 8:27:43 PM","17137","Information","MSSQL$SQLEXPRESS","Starting up database 'model'."
"9/1/2026 8:27:43 PM","958","Information","MSSQL$SQLEXPRESS","The resource database build version is 15.00.2000. This is an informational message only. No user action is required."
"9/1/2026 8:27:42 PM","17137","Information","MSSQL$SQLEXPRESS","Starting up database 'mssqlsystemresource'."
"9/1/2026 8:27:42 PM","17137","Information","MSSQL$SQLEXPRESS","Starting up database 'msdb'."
"9/1/2026 8:27:42 PM","17663","Information","MSSQL$SQLEXPRESS","Server name is 'DC\SQLEXPRESS'. This is an informational message only. No user action is required."
"9/1/2026 8:27:42 PM","19030","Information","MSSQL$SQLEXPRESS","SQL Trace ID 1 was started by login ""sa""."
"9/1/2026 8:27:42 PM","6253","Information","MSSQL$SQLEXPRESS","Common language runtime (CLR) functionality initialized using CLR version v4.0.30319 from C:\Windows\Microsoft.NET\Framework64\v4.0.30319\."
"9/1/2026 8:27:42 PM","33218","Information","MSSQL$SQLEXPRESS","SQL Server Audit has started the audits. This is an informational message. No user action is required."
"9/1/2026 8:27:42 PM","33217","Information","MSSQL$SQLEXPRESS","SQL Server Audit is starting the audits. This is an informational message. No user action is required."
"9/1/2026 8:27:41 PM","26","Information","Microsoft-Windows-CertificationAuthority","Active Directory Certificate Services for scaffold-DC-CA was started.  DC="
"9/1/2026 8:27:41 PM","44","Error","Microsoft-Windows-CertificationAuthority","The ""Windows default"" Policy Module ""Initialize"" method returned an error. The specified domain either does not exist or could not be contacted. The returned status code is 0x8007054b (1355).  The Active Directory containing the Certification Authority could not be contacted.
"
"9/1/2026 8:27:41 PM","79","Warning","Microsoft-Windows-CertificationAuthority","Active Directory Certificate Services could not publish a Certificate for request 0 to the following location: ldap:///CN=scaffold-DC-CA,CN=AIA,CN=Public Key Services,CN=Services,CN=Configuration,DC=scaffold,DC=htb.  The specified server cannot perform the requested operation. 0x8007003a (WIN32: 58 ERROR_BAD_NET_RESP)."
"9/1/2026 8:27:41 PM","79","Warning","Microsoft-Windows-CertificationAuthority","Active Directory Certificate Services could not publish a Certificate for request 0 to the following location: ldap:///CN=scaffold-DC-CA,CN=AIA,CN=Public Key Services,CN=Services,CN=Configuration,DC=scaffold,DC=htb.  The specified server cannot perform the requested operation. 0x8007003a (WIN32: 58 ERROR_BAD_NET_RESP)."
"9/1/2026 8:27:41 PM","17137","Information","MSSQL$SQLEXPRESS","Starting up database 'master'."
"9/1/2026 8:27:41 PM","49910","Information","MSSQL$SQLEXPRESS","Software Usage Metrics is disabled."
"9/1/2026 8:27:41 PM","9048","Information","MSSQL$SQLEXPRESS","clwb is selected for pmem flush operation."
"9/1/2026 8:27:41 PM","49921","Information","MSSQL$SQLEXPRESS","Total Log Writer threads: 1. This is an informational message; no user action is required."
"9/1/2026 8:27:41 PM","17118","Information","MSSQL$SQLEXPRESS","Database Instant File Initialization: disabled. For security and performance considerations see the topic 'Database Instant File Initialization' in SQL Server Books Online. This is an informational message only. No user action is required."
"9/1/2026 8:27:41 PM","17125","Information","MSSQL$SQLEXPRESS","Using dynamic lock allocation.  Initial allocation of 2500 Lock blocks and 5000 Lock Owner blocks per node.  This is an informational message only.  No user action is required."
"9/1/2026 8:27:41 PM","17152","Information","MSSQL$SQLEXPRESS","Node configuration: node 0: CPU mask: 0x0000000000000003:0 Active CPU mask: 0x0000000000000003:0. This message provides a description of the NUMA configuration for this computer. This is an informational message only. No user action is required."
"9/1/2026 8:27:41 PM","17176","Information","MSSQL$SQLEXPRESS","This instance of SQL Server last reported using a process ID of 2612 at 9/1/2026 8:26:27 PM (local) 9/2/2026 3:26:27 AM (UTC). This is an informational message only; no user action is required."
"9/1/2026 8:27:41 PM","17811","Information","MSSQL$SQLEXPRESS","The maximum number of dedicated administrator connections for this instance is '1'"
"9/1/2026 8:27:41 PM","873","Information","MSSQL$SQLEXPRESS","Buffer pool extension is already disabled. No action is necessary."
"9/1/2026 8:27:41 PM","94","Warning","Microsoft-Windows-CertificationAuthority","Active Directory Certificate Services scaffold-DC-CA can not open the certificate store at CN=NTAuthCertificates,CN=Public Key Services,CN=Services in the Active Directory's configuration container."
"9/1/2026 8:27:41 PM","49917","Information","MSSQL$SQLEXPRESS","Default collation: SQL_Latin1_General_CP1_CI_AS (us_english 1033)"
"9/1/2026 8:27:40 PM","326","Information","ESENT","certsrv.exe (2740,D,50) The database engine attached a database (1, C:\Windows\system32\CertLog\scaffold-DC-CA.edb). (Time=0 seconds) 
 
Saved Cache: 0 0 
Additional Data: lgposAttach = 00000005:0074:0268,
dbv = 1568.180.400 (9360) 
 
Internal Timing Sequence: 
[1] 0.000005 +J(0) +M(C:0K, Fs:1, WS:4K # 0K, PF:0K # 0K, P:0K)
[2] 0.001201 -0.000970 (1) WT +J(0) +M(C:0K, Fs:19, WS:8K # 0K, PF:8K # 0K, P:8K)
[3] 0.036835 -0.024958 (6) WT +J(CM:0, PgRf:0, Rd:0/0, Dy:0/0, Lg:3480/2) +M(C:0K, Fs:25, WS:96K # 0K, PF:116K # 0K, P:116K)
[4] 0.000113 +J(0)
[5] -
[6] -
[7] -
[8] 0.002709 -0.002436 (2) CM -0.002350 (2) WT +J(CM:2, PgRf:2, Rd:14/2, Dy:0/0, Lg:54/1) +M(C:0K, Fs:40, WS:160K # 0K, PF:148K # 0K, P:148K)
[9] 0.003944 -0.003691 (3) CM -0.003581 (3) WT +J(CM:3, PgRf:23, Rd:0/2, Dy:0/0, Lg:0/0) +M(C:0K, Fs:31, WS:124K # 0K, PF:196K # 0K, P:196K)
[10] 0.001391 -0.001255 (1) CM -0.001217 (1) WT +J(CM:1, PgRf:40, Rd:0/1, Dy:0/0, Lg:0/0) +M(C:0K, Fs:7, WS:28K # 0K, PF:72K # 0K, P:72K)
[11] 0.000018 +J(CM:0, PgRf:1, Rd:0/0, Dy:0/0, Lg:0/0) +M(C:0K, Fs:4, WS:16K # 0K, PF:0K # 0K, P:0K)
[12] 0.000046 +J(CM:0, PgRf:42, Rd:0/0, Dy:0/0, Lg:0/0) +M(C:0K, Fs:1, WS:4K # 0K, PF:0K # 0K, P:0K)
[13] 0.0 +J(0)
[14] 0.0 +J(0)
[15] 0.000005 +J(CM:0, PgRf:1, Rd:0/0, Dy:0/0, Lg:0/0)."
"9/1/2026 8:27:40 PM","271","Information","VMUpgradeHelper","Restored network configuration."
"9/1/2026 8:27:40 PM","105","Information","ESENT","certsrv.exe (2740,D,0) The database engine started a new instance (0). (Time=0 seconds) 
 
Additional Data:
  
 
Internal Timing Sequence: 
[1] 0.001589 +J(0) +M(C:0K, Fs:173, WS:676K # 676K, PF:2892K # 2624K, P:2892K)
[2] 0.000516 +J(0) +M(C:3200K, Fs:135, WS:528K # 528K, PF:3652K # 3652K, P:3652K)
[3] 0.000015 +J(0) +M(C:0K, Fs:3, WS:12K # 12K, PF:64K # 64K, P:64K)
[4] 0.000107 +J(0) +M(C:0K, Fs:20, WS:76K # 76K, PF:504K # 504K, P:504K)
[5] 0.000814 +J(0) +M(C:0K, Fs:14, WS:56K # 56K, PF:24K # 28K, P:24K)
[6] 0.008089 +J(0) +M(C:0K, Fs:29, WS:116K # 116K, PF:12K # 8K, P:12K)
[7] 0.218295 -0.012307 (3) WT +J(0) +M(C:0K, Fs:275, WS:1096K # 1096K, PF:1028K # 1028K, P:1028K)
[8] -
[9] -
[10] -
[11] -
[12] -
[13] 0.015685 -0.011708 (4) WT +J(CM:0, PgRf:0, Rd:0/0, Dy:0/0, Lg:616/1) +M(C:0K, Fs:6, WS:-1008K # 16K, PF:-1024K # 12K, P:-1024K)
[14] 0.000018 +J(0)
[15] 0.000179 +J(0) +M(C:0K, Fs:100, WS:400K # 0K, PF:64K # 0K, P:64K)
[16] 0.000581 -0.000416 (1) WT +J(0) +M(C:0K, Fs:4, WS:4K # 0K, PF:0K # 0K, P:0K)."
"9/1/2026 8:27:40 PM","102","Information","ESENT","certsrv.exe (2740,P,98) The database engine (10.00.20348.0000) is starting a new instance (0)."
"9/1/2026 8:27:40 PM","894","Information","MSSQL$SQLEXPRESS","Buffer Pool: Allocating 1048576 bytes for 634367 hashPages."
"9/1/2026 8:27:39 PM","0","Information","Microsoft Deployment Toolkit Monitor Service","Service started successfully."
"9/1/2026 8:27:38 PM","852","Information","MSSQL$SQLEXPRESS","Using conventional memory in the memory manager."
"9/1/2026 8:27:38 PM","49903","Information","MSSQL$SQLEXPRESS","Detected 4095 MB of RAM. This is an informational message; no user action is required."
"9/1/2026 8:27:38 PM","17162","Information","MSSQL$SQLEXPRESS","SQL Server is starting at normal priority base (=7). This is an informational message only. No user action is required."
"9/1/2026 8:27:38 PM","17164","Information","MSSQL$SQLEXPRESS","SQL Server detected 1 sockets with 2 cores per socket and 2 logical processors per socket, 2 total logical processors; using 2 logical processors based on SQL Server licensing. This is an informational message; no user action is required."
"9/1/2026 8:27:38 PM","17115","Information","MSSQL$SQLEXPRESS","Command Line Startup Parameters:
	 -s ""SQLEXPRESS"""
"9/1/2026 8:27:38 PM","17110","Information","MSSQL$SQLEXPRESS","Registry startup parameters: 
	 -d C:\Program Files\Microsoft SQL Server\MSSQL15.SQLEXPRESS\MSSQL\DATA\master.mdf
	 -e C:\Program Files\Microsoft SQL Server\MSSQL15.SQLEXPRESS\MSSQL\Log\ERRORLOG
	 -l C:\Program Files\Microsoft SQL Server\MSSQL15.SQLEXPRESS\MSSQL\DATA\mastlog.ldf"
"9/1/2026 8:27:37 PM","49904","Information","MSSQL$SQLEXPRESS","The service account is 'NT Service\MSSQL$SQLEXPRESS'. This is an informational message; no user action is required."
"9/1/2026 8:27:37 PM","17111","Information","MSSQL$SQLEXPRESS","Logging SQL Server messages in file 'C:\Program Files\Microsoft SQL Server\MSSQL15.SQLEXPRESS\MSSQL\Log\ERRORLOG'."
"9/1/2026 8:27:37 PM","15268","Information","MSSQL$SQLEXPRESS","Authentication mode is MIXED."
"9/1/2026 8:27:37 PM","18496","Information","MSSQL$SQLEXPRESS","System Manufacturer: 'VMware, Inc.', System Model: 'VMware20,1'."
"9/1/2026 8:27:37 PM","17104","Information","MSSQL$SQLEXPRESS","Server process ID is 4512."
"9/1/2026 8:27:37 PM","17103","Information","MSSQL$SQLEXPRESS","All rights reserved."
"9/1/2026 8:27:37 PM","17101","Information","MSSQL$SQLEXPRESS","(c) Microsoft Corporation."
"9/1/2026 8:27:37 PM","49916","Information","MSSQL$SQLEXPRESS","UTC adjustment: -7:00"
"9/1/2026 8:27:37 PM","17069","Information","MSSQL$SQLEXPRESS","Microsoft SQL Server 2019 (RTM) - 15.0.2000.5 (X64) 
	Sep 24 2019 13:48:23 
	Copyright (C) 2019 Microsoft Corporation
	Express Edition (64-bit) on Windows Server 2022 Datacenter 10.0 <X64> (Build 20348: ) (Hypervisor)
"
"9/1/2026 8:27:37 PM","9027","Information","Desktop Window Manager","The Desktop Window Manager has registered the session port."
