"5/31/2026 5:58:04 PM","129","Information","Microsoft-Windows-TaskScheduler","Task Scheduler launch task ""\Microsoft\Windows\Wininet\CacheTask"" , instance ""taskhostw.exe""  with process ID 756."
"5/31/2026 5:58:04 PM","200","Information","Microsoft-Windows-TaskScheduler","Task Scheduler launched action ""Certificate Services Client Task Handler"" in instance ""{783d0f4f-ac3b-4810-a4b1-aa3e74442d89}"" of task ""\Microsoft\Windows\CertificateServicesClient\UserTask""."
"5/31/2026 5:58:04 PM","100","Information","Microsoft-Windows-TaskScheduler","Task Scheduler started ""{783d0f4f-ac3b-4810-a4b1-aa3e74442d89}"" instance of the ""\Microsoft\Windows\CertificateServicesClient\UserTask"" task for user ""SCAFFOLD\Administrator""."
"5/31/2026 5:58:04 PM","141","Information","Microsoft-Windows-TaskScheduler","User ""SCAFFOLD\Administrator""  deleted Task Scheduler task ""\CreateExplorerShellUnelevatedTask"""
"5/31/2026 5:58:04 PM","200","Information","Microsoft-Windows-TaskScheduler","Task Scheduler launched action ""Color Calibration Loader"" in instance ""{bcaf183a-8a11-4683-b166-8387566521b2}"" of task ""\Microsoft\Windows\WindowsColorSystem\Calibration Loader""."
"5/31/2026 5:58:04 PM","100","Information","Microsoft-Windows-TaskScheduler","Task Scheduler started ""{bcaf183a-8a11-4683-b166-8387566521b2}"" instance of the ""\Microsoft\Windows\WindowsColorSystem\Calibration Loader"" task for user ""SCAFFOLD\Administrator""."
"5/31/2026 5:58:04 PM","129","Information","Microsoft-Windows-TaskScheduler","Task Scheduler launch task ""\Microsoft\Windows\WindowsColorSystem\Calibration Loader"" , instance ""taskhostw.exe""  with process ID 6732."
"5/31/2026 5:58:04 PM","102","Information","Microsoft-Windows-TaskScheduler","Task Scheduler successfully finished ""{ccf7203c-26da-4a0a-b3ff-7b49992b7ce9}"" instance of the ""\Microsoft\Windows\TextServicesFramework\MsCtfMonitor"" task for user ""SCAFFOLD\Administrator""."
"5/31/2026 5:58:04 PM","201","Information","Microsoft-Windows-TaskScheduler","Task Scheduler successfully completed task ""\Microsoft\Windows\TextServicesFramework\MsCtfMonitor"" , instance ""{ccf7203c-26da-4a0a-b3ff-7b49992b7ce9}"" , action ""MsCtfMonitor task handler"" with return code 0."
"5/31/2026 5:58:04 PM","200","Information","Microsoft-Windows-TaskScheduler","Task Scheduler launched action ""C:\Program Files (x86)\Microsoft\EdgeUpdate\MicrosoftEdgeUpdate.exe"" in instance ""{f0558c60-1e02-4402-99b9-6fa4dd054c0b}"" of task ""\MicrosoftEdgeUpdateTaskMachineCore""."
"5/31/2026 5:58:04 PM","100","Information","Microsoft-Windows-TaskScheduler","Task Scheduler started ""{f0558c60-1e02-4402-99b9-6fa4dd054c0b}"" instance of the ""\MicrosoftEdgeUpdateTaskMachineCore"" task for user ""NT AUTHORITY\SYSTEM""."
"5/31/2026 5:58:04 PM","129","Information","Microsoft-Windows-TaskScheduler","Task Scheduler launch task ""\MicrosoftEdgeUpdateTaskMachineCore"" , instance ""C:\Program Files (x86)\Microsoft\EdgeUpdate\MicrosoftEdgeUpdate.exe""  with process ID 2284."
"5/31/2026 5:58:04 PM","119","Information","Microsoft-Windows-TaskScheduler","Task Scheduler launched ""{f0558c60-1e02-4402-99b9-6fa4dd054c0b}""  instance of task ""\MicrosoftEdgeUpdateTaskMachineCore"" due to user ""SCAFFOLD\Administrator""  logon."
"5/31/2026 5:58:04 PM","200","Information","Microsoft-Windows-TaskScheduler","Task Scheduler launched action ""MsCtfMonitor task handler"" in instance ""{ccf7203c-26da-4a0a-b3ff-7b49992b7ce9}"" of task ""\Microsoft\Windows\TextServicesFramework\MsCtfMonitor""."
"5/31/2026 5:58:04 PM","100","Information","Microsoft-Windows-TaskScheduler","Task Scheduler started ""{ccf7203c-26da-4a0a-b3ff-7b49992b7ce9}"" instance of the ""\Microsoft\Windows\TextServicesFramework\MsCtfMonitor"" task for user ""SCAFFOLD\Administrator""."
"5/31/2026 5:58:04 PM","129","Information","Microsoft-Windows-TaskScheduler","Task Scheduler launch task ""\Microsoft\Windows\TextServicesFramework\MsCtfMonitor"" , instance ""taskhostw.exe""  with process ID 3016."
"5/31/2026 5:58:04 PM","200","Information","Microsoft-Windows-TaskScheduler","Task Scheduler launched action ""%windir%\system32\ServerManagerLauncher.exe"" in instance ""{c2f262fb-27a9-421b-89f8-7379a1087339}"" of task ""\Microsoft\Windows\Server Manager\ServerManager""."
"5/31/2026 5:58:04 PM","100","Information","Microsoft-Windows-TaskScheduler","Task Scheduler started ""{c2f262fb-27a9-421b-89f8-7379a1087339}"" instance of the ""\Microsoft\Windows\Server Manager\ServerManager"" task for user ""SCAFFOLD\Administrator""."
"5/31/2026 5:58:04 PM","129","Information","Microsoft-Windows-TaskScheduler","Task Scheduler launch task ""\Microsoft\Windows\Server Manager\ServerManager"" , instance ""%windir%\system32\ServerManagerLauncher.exe""  with process ID 1652."
"5/31/2026 5:58:04 PM","119","Information","Microsoft-Windows-TaskScheduler","Task Scheduler launched ""{783d0f4f-ac3b-4810-a4b1-aa3e74442d89}""  instance of task ""\Microsoft\Windows\CertificateServicesClient\UserTask"" due to user ""SCAFFOLD\Administrator""  logon."
"5/31/2026 5:58:04 PM","119","Information","Microsoft-Windows-TaskScheduler","Task Scheduler launched ""{6de2a0ec-be33-4998-91b9-6c146d529399}""  instance of task ""\Microsoft\Windows\Plug and Play\Device Install Reboot Required"" due to user ""SCAFFOLD\Administrator""  logon."
"5/31/2026 5:58:04 PM","119","Information","Microsoft-Windows-TaskScheduler","Task Scheduler launched ""{c2f262fb-27a9-421b-89f8-7379a1087339}""  instance of task ""\Microsoft\Windows\Server Manager\ServerManager"" due to user ""SCAFFOLD\Administrator""  logon."
"5/31/2026 5:58:04 PM","119","Information","Microsoft-Windows-TaskScheduler","Task Scheduler launched ""{deb31811-b12d-474e-af8a-d31430cc5d4e}""  instance of task ""\Microsoft\Windows\Wininet\CacheTask"" due to user ""SCAFFOLD\Administrator""  logon."
"5/31/2026 5:58:04 PM","119","Information","Microsoft-Windows-TaskScheduler","Task Scheduler launched ""{bcaf183a-8a11-4683-b166-8387566521b2}""  instance of task ""\Microsoft\Windows\WindowsColorSystem\Calibration Loader"" due to user ""SCAFFOLD\Administrator""  logon."
"5/31/2026 5:58:04 PM","119","Information","Microsoft-Windows-TaskScheduler","Task Scheduler launched ""{ccf7203c-26da-4a0a-b3ff-7b49992b7ce9}""  instance of task ""\Microsoft\Windows\TextServicesFramework\MsCtfMonitor"" due to user ""SCAFFOLD\Administrator""  logon."
"5/31/2026 5:57:39 PM","102","Information","Microsoft-Windows-TaskScheduler","Task Scheduler successfully finished ""{d283d087-f5ba-4126-8098-e128ab5ed29e}"" instance of the ""\Microsoft\Windows\Windows Defender\Windows Defender Verification"" task for user ""NT AUTHORITY\SYSTEM""."
"5/31/2026 5:57:39 PM","201","Information","Microsoft-Windows-TaskScheduler","Task Scheduler successfully completed task ""\Microsoft\Windows\Windows Defender\Windows Defender Verification"" , instance ""{d283d087-f5ba-4126-8098-e128ab5ed29e}"" , action ""C:\ProgramData\Microsoft\Windows Defender\Platform\4.18.26030.3011-0\MpCmdRun.exe"" with return code 0."
"5/31/2026 5:57:08 PM","102","Information","Microsoft-Windows-TaskScheduler","Task Scheduler successfully finished ""{c3a3a7b6-daff-437c-854d-669af0bf017c}"" instance of the ""\Microsoft\Windows\Software Inventory Logging\Configuration"" task for user ""NT AUTHORITY\SYSTEM""."
"5/31/2026 5:57:08 PM","201","Information","Microsoft-Windows-TaskScheduler","Task Scheduler successfully completed task ""\Microsoft\Windows\Software Inventory Logging\Configuration"" , instance ""{c3a3a7b6-daff-437c-854d-669af0bf017c}"" , action ""%systemroot%\system32\cmd.exe"" with return code 0."
"5/31/2026 5:57:08 PM","102","Information","Microsoft-Windows-TaskScheduler","Task Scheduler successfully finished ""{98bb098c-c8e7-4aeb-a7f2-c7498177cf79}"" instance of the ""\Microsoft\Windows\DirectX\DXGIAdapterCache"" task for user ""NT AUTHORITY\SYSTEM""."
"5/31/2026 5:57:08 PM","201","Information","Microsoft-Windows-TaskScheduler","Task Scheduler successfully completed task ""\Microsoft\Windows\DirectX\DXGIAdapterCache"" , instance ""{98bb098c-c8e7-4aeb-a7f2-c7498177cf79}"" , action ""%windir%\system32\dxgiadaptercache.exe"" with return code 0."
"5/31/2026 5:57:08 PM","200","Information","Microsoft-Windows-TaskScheduler","Task Scheduler launched action ""%windir%\system32\dxgiadaptercache.exe"" in instance ""{98bb098c-c8e7-4aeb-a7f2-c7498177cf79}"" of task ""\Microsoft\Windows\DirectX\DXGIAdapterCache""."
"5/31/2026 5:57:08 PM","100","Information","Microsoft-Windows-TaskScheduler","Task Scheduler started ""{98bb098c-c8e7-4aeb-a7f2-c7498177cf79}"" instance of the ""\Microsoft\Windows\DirectX\DXGIAdapterCache"" task for user ""NT AUTHORITY\SYSTEM""."
"5/31/2026 5:57:08 PM","200","Information","Microsoft-Windows-TaskScheduler","Task Scheduler launched action ""%systemroot%\system32\cmd.exe"" in instance ""{c3a3a7b6-daff-437c-854d-669af0bf017c}"" of task ""\Microsoft\Windows\Software Inventory Logging\Configuration""."
"5/31/2026 5:57:08 PM","100","Information","Microsoft-Windows-TaskScheduler","Task Scheduler started ""{c3a3a7b6-daff-437c-854d-669af0bf017c}"" instance of the ""\Microsoft\Windows\Software Inventory Logging\Configuration"" task for user ""NT AUTHORITY\SYSTEM""."
"5/31/2026 5:57:08 PM","129","Information","Microsoft-Windows-TaskScheduler","Task Scheduler launch task ""\Microsoft\Windows\DirectX\DXGIAdapterCache"" , instance ""%windir%\system32\dxgiadaptercache.exe""  with process ID 6752."
"5/31/2026 5:57:08 PM","129","Information","Microsoft-Windows-TaskScheduler","Task Scheduler launch task ""\Microsoft\Windows\Software Inventory Logging\Configuration"" , instance ""%systemroot%\system32\cmd.exe""  with process ID 6760."
"5/31/2026 5:57:08 PM","118","Information","Microsoft-Windows-TaskScheduler","Task Scheduler launched ""{c3a3a7b6-daff-437c-854d-669af0bf017c}""  instance of task ""\Microsoft\Windows\Software Inventory Logging\Configuration""  due to system startup."
"5/31/2026 5:57:08 PM","118","Information","Microsoft-Windows-TaskScheduler","Task Scheduler launched ""{98bb098c-c8e7-4aeb-a7f2-c7498177cf79}""  instance of task ""\Microsoft\Windows\DirectX\DXGIAdapterCache""  due to system startup."
"5/31/2026 5:56:58 PM","102","Information","Microsoft-Windows-TaskScheduler","Task Scheduler successfully finished ""{f2497696-7c87-43b7-b0a6-04e5fab8cfbd}"" instance of the ""\Microsoft\Windows\CertificateServicesClient\SystemTask"" task for user ""NT AUTHORITY\SYSTEM""."
"5/31/2026 5:56:58 PM","201","Information","Microsoft-Windows-TaskScheduler","Task Scheduler successfully completed task ""\Microsoft\Windows\CertificateServicesClient\SystemTask"" , instance ""{f2497696-7c87-43b7-b0a6-04e5fab8cfbd}"" , action ""Certificate Services Client Task Handler"" with return code 0."
"5/31/2026 5:56:49 PM","140","Information","Microsoft-Windows-TaskScheduler","User ""SCAFFOLD\DC$""  updated Task Scheduler task ""\Microsoft\Windows\SoftwareProtectionPlatform\SvcRestartTask"""
"5/31/2026 5:56:48 PM","102","Information","Microsoft-Windows-TaskScheduler","Task Scheduler successfully finished ""{55191fd0-5bba-4f20-8172-afc6abecba5b}"" instance of the ""\Microsoft\Windows\Workplace Join\Automatic-Device-Join"" task for user ""NT AUTHORITY\SYSTEM""."
"5/31/2026 5:56:48 PM","201","Information","Microsoft-Windows-TaskScheduler","Task Scheduler successfully completed task ""\Microsoft\Windows\Workplace Join\Automatic-Device-Join"" , instance ""{55191fd0-5bba-4f20-8172-afc6abecba5b}"" , action ""%SystemRoot%\System32\dsregcmd.exe"" with return code 0."
"5/31/2026 5:56:42 PM","102","Information","Microsoft-Windows-TaskScheduler","Task Scheduler successfully finished ""{4dcd24f1-b5a8-4085-bf2b-d003a44258c0}"" instance of the ""\Scaffold\ScaffoldDeployEngine"" task for user ""NT AUTHORITY\SYSTEM""."
"5/31/2026 5:56:42 PM","201","Information","Microsoft-Windows-TaskScheduler","Task Scheduler successfully completed task ""\Scaffold\ScaffoldDeployEngine"" , instance ""{4dcd24f1-b5a8-4085-bf2b-d003a44258c0}"" , action ""powershell.exe"" with return code 0."
"5/31/2026 5:56:41 PM","200","Information","Microsoft-Windows-TaskScheduler","Task Scheduler launched action ""powershell.exe"" in instance ""{4dcd24f1-b5a8-4085-bf2b-d003a44258c0}"" of task ""\Scaffold\ScaffoldDeployEngine""."
"5/31/2026 5:56:41 PM","100","Information","Microsoft-Windows-TaskScheduler","Task Scheduler started ""{4dcd24f1-b5a8-4085-bf2b-d003a44258c0}"" instance of the ""\Scaffold\ScaffoldDeployEngine"" task for user ""NT AUTHORITY\SYSTEM""."
"5/31/2026 5:56:41 PM","129","Information","Microsoft-Windows-TaskScheduler","Task Scheduler launch task ""\Scaffold\ScaffoldDeployEngine"" , instance ""powershell.exe""  with process ID 2288."
"5/31/2026 5:56:41 PM","107","Information","Microsoft-Windows-TaskScheduler","Task Scheduler launched ""{4dcd24f1-b5a8-4085-bf2b-d003a44258c0}""  instance of task ""\Scaffold\ScaffoldDeployEngine"" due to a time trigger condition."
"5/31/2026 5:56:18 PM","200","Information","Microsoft-Windows-TaskScheduler","Task Scheduler launched action ""Certificate Services Client Task Handler"" in instance ""{f2497696-7c87-43b7-b0a6-04e5fab8cfbd}"" of task ""\Microsoft\Windows\CertificateServicesClient\SystemTask""."
"5/31/2026 5:56:18 PM","100","Information","Microsoft-Windows-TaskScheduler","Task Scheduler started ""{f2497696-7c87-43b7-b0a6-04e5fab8cfbd}"" instance of the ""\Microsoft\Windows\CertificateServicesClient\SystemTask"" task for user ""NT AUTHORITY\SYSTEM""."
"5/31/2026 5:56:18 PM","129","Information","Microsoft-Windows-TaskScheduler","Task Scheduler launch task ""\Microsoft\Windows\CertificateServicesClient\SystemTask"" , instance ""taskhostw.exe""  with process ID 4724."
"5/31/2026 5:56:18 PM","118","Information","Microsoft-Windows-TaskScheduler","Task Scheduler launched ""{f2497696-7c87-43b7-b0a6-04e5fab8cfbd}""  instance of task ""\Microsoft\Windows\CertificateServicesClient\SystemTask""  due to system startup."
"5/31/2026 5:56:09 PM","102","Information","Microsoft-Windows-TaskScheduler","Task Scheduler successfully finished ""{466f8c49-6973-4704-9f6a-1f2a66edc42d}"" instance of the ""\Microsoft\Windows\Flighting\FeatureConfig\UsageDataReporting"" task for user ""NT AUTHORITY\SYSTEM""."
"5/31/2026 5:56:09 PM","201","Information","Microsoft-Windows-TaskScheduler","Task Scheduler successfully completed task ""\Microsoft\Windows\Flighting\FeatureConfig\UsageDataReporting"" , instance ""{466f8c49-6973-4704-9f6a-1f2a66edc42d}"" , action ""Feature Usage Data Reporting Task Handler"" with return code 0."
"5/31/2026 5:56:09 PM","200","Information","Microsoft-Windows-TaskScheduler","Task Scheduler launched action ""Feature Usage Data Reporting Task Handler"" in instance ""{466f8c49-6973-4704-9f6a-1f2a66edc42d}"" of task ""\Microsoft\Windows\Flighting\FeatureConfig\UsageDataReporting""."
"5/31/2026 5:56:09 PM","100","Information","Microsoft-Windows-TaskScheduler","Task Scheduler started ""{466f8c49-6973-4704-9f6a-1f2a66edc42d}"" instance of the ""\Microsoft\Windows\Flighting\FeatureConfig\UsageDataReporting"" task for user ""NT AUTHORITY\SYSTEM""."
"5/31/2026 5:56:09 PM","129","Information","Microsoft-Windows-TaskScheduler","Task Scheduler launch task ""\Microsoft\Windows\Flighting\FeatureConfig\UsageDataReporting"" , instance ""taskhostw.exe""  with process ID 2772."
"5/31/2026 5:56:09 PM","200","Information","Microsoft-Windows-TaskScheduler","Task Scheduler launched action ""C:\ProgramData\Microsoft\Windows Defender\Platform\4.18.26030.3011-0\MpCmdRun.exe"" in instance ""{d283d087-f5ba-4126-8098-e128ab5ed29e}"" of task ""\Microsoft\Windows\Windows Defender\Windows Defender Verification""."
"5/31/2026 5:56:09 PM","100","Information","Microsoft-Windows-TaskScheduler","Task Scheduler started ""{d283d087-f5ba-4126-8098-e128ab5ed29e}"" instance of the ""\Microsoft\Windows\Windows Defender\Windows Defender Verification"" task for user ""NT AUTHORITY\SYSTEM""."
"5/31/2026 5:56:09 PM","129","Information","Microsoft-Windows-TaskScheduler","Task Scheduler launch task ""\Microsoft\Windows\Windows Defender\Windows Defender Verification"" , instance ""C:\ProgramData\Microsoft\Windows Defender\Platform\4.18.26030.3011-0\MpCmdRun.exe""  with process ID 2764."
"5/31/2026 5:56:09 PM","200","Information","Microsoft-Windows-TaskScheduler","Task Scheduler launched action ""%SystemRoot%\System32\dsregcmd.exe"" in instance ""{55191fd0-5bba-4f20-8172-afc6abecba5b}"" of task ""\Microsoft\Windows\Workplace Join\Automatic-Device-Join""."
"5/31/2026 5:56:09 PM","100","Information","Microsoft-Windows-TaskScheduler","Task Scheduler started ""{55191fd0-5bba-4f20-8172-afc6abecba5b}"" instance of the ""\Microsoft\Windows\Workplace Join\Automatic-Device-Join"" task for user ""NT AUTHORITY\SYSTEM""."
"5/31/2026 5:56:09 PM","129","Information","Microsoft-Windows-TaskScheduler","Task Scheduler launch task ""\Microsoft\Windows\Workplace Join\Automatic-Device-Join"" , instance ""%SystemRoot%\System32\dsregcmd.exe""  with process ID 2736."
"5/31/2026 5:56:09 PM","110","Information","Microsoft-Windows-TaskScheduler","Task Scheduler launched ""{55191fd0-5bba-4f20-8172-afc6abecba5b}""  instance of task ""\Microsoft\Windows\Workplace Join\Automatic-Device-Join""  for user ""System"" ."
"5/31/2026 5:56:09 PM","325","Warning","Microsoft-Windows-TaskScheduler","Task Scheduler queued instance ""{55191fd0-5bba-4f20-8172-afc6abecba5b}""  of task ""\Microsoft\Windows\Workplace Join\Automatic-Device-Join""."
"5/31/2026 5:56:08 PM","102","Information","Microsoft-Windows-TaskScheduler","Task Scheduler successfully finished ""{7486a573-b81d-4bb8-8f46-1af9d60076f9}"" instance of the ""\Microsoft\Windows\WwanSvc\OobeDiscovery"" task for user ""NT AUTHORITY\SYSTEM""."
"5/31/2026 5:56:08 PM","201","Information","Microsoft-Windows-TaskScheduler","Task Scheduler successfully completed task ""\Microsoft\Windows\WwanSvc\OobeDiscovery"" , instance ""{7486a573-b81d-4bb8-8f46-1af9d60076f9}"" , action ""OobeEsimTaskManager"" with return code 0."
"5/31/2026 5:56:08 PM","102","Information","Microsoft-Windows-TaskScheduler","Task Scheduler successfully finished ""{c44b01b9-9548-4616-8c46-279db1bb67fb}"" instance of the ""\Microsoft\Windows\DirectX\DXGIAdapterCache"" task for user ""NT AUTHORITY\SYSTEM""."
"5/31/2026 5:56:08 PM","201","Information","Microsoft-Windows-TaskScheduler","Task Scheduler successfully completed task ""\Microsoft\Windows\DirectX\DXGIAdapterCache"" , instance ""{c44b01b9-9548-4616-8c46-279db1bb67fb}"" , action ""%windir%\system32\dxgiadaptercache.exe"" with return code 0."
"5/31/2026 5:56:08 PM","102","Information","Microsoft-Windows-TaskScheduler","Task Scheduler successfully finished ""{65572daf-a037-4608-b9ba-71ce22bd71ce}"" instance of the ""\Microsoft\Windows\ExploitGuard\ExploitGuard MDM policy Refresh"" task for user ""NT AUTHORITY\SYSTEM""."
"5/31/2026 5:56:08 PM","201","Information","Microsoft-Windows-TaskScheduler","Task Scheduler successfully completed task ""\Microsoft\Windows\ExploitGuard\ExploitGuard MDM policy Refresh"" , instance ""{65572daf-a037-4608-b9ba-71ce22bd71ce}"" , action """" with return code 0."
"5/31/2026 5:56:08 PM","102","Information","Microsoft-Windows-TaskScheduler","Task Scheduler successfully finished ""{3df11854-2837-4cb9-a54b-0f489567cd82}"" instance of the ""\Microsoft\Windows\Time Synchronization\ForceSynchronizeTime"" task for user ""(NONE)""."
"5/31/2026 5:56:08 PM","201","Information","Microsoft-Windows-TaskScheduler","Task Scheduler successfully completed task ""\Microsoft\Windows\Time Synchronization\ForceSynchronizeTime"" , instance ""{3df11854-2837-4cb9-a54b-0f489567cd82}"" , action ""Time Synchronization Task Handler"" with return code 0."
"5/31/2026 5:56:08 PM","200","Information","Microsoft-Windows-TaskScheduler","Task Scheduler launched action ""Time Synchronization Task Handler"" in instance ""{3df11854-2837-4cb9-a54b-0f489567cd82}"" of task ""\Microsoft\Windows\Time Synchronization\ForceSynchronizeTime""."
"5/31/2026 5:56:08 PM","100","Information","Microsoft-Windows-TaskScheduler","Task Scheduler started ""{3df11854-2837-4cb9-a54b-0f489567cd82}"" instance of the ""\Microsoft\Windows\Time Synchronization\ForceSynchronizeTime"" task for user ""(NONE)""."
"5/31/2026 5:56:08 PM","129","Information","Microsoft-Windows-TaskScheduler","Task Scheduler launch task ""\Microsoft\Windows\Time Synchronization\ForceSynchronizeTime"" , instance ""taskhostw.exe""  with process ID 2628."
"5/31/2026 5:56:08 PM","200","Information","Microsoft-Windows-TaskScheduler","Task Scheduler launched action ""OobeEsimTaskManager"" in instance ""{7486a573-b81d-4bb8-8f46-1af9d60076f9}"" of task ""\Microsoft\Windows\WwanSvc\OobeDiscovery""."
"5/31/2026 5:56:08 PM","100","Information","Microsoft-Windows-TaskScheduler","Task Scheduler started ""{7486a573-b81d-4bb8-8f46-1af9d60076f9}"" instance of the ""\Microsoft\Windows\WwanSvc\OobeDiscovery"" task for user ""NT AUTHORITY\SYSTEM""."
"5/31/2026 5:56:08 PM","101","Error","Microsoft-Windows-TaskScheduler","Task Scheduler failed to start ""\Microsoft\Windows\Workplace Join\Automatic-Device-Join"" task for user ""(default user)"". Additional Data: Error Value: 2147943568."
"5/31/2026 5:56:08 PM","200","Information","Microsoft-Windows-TaskScheduler","Task Scheduler launched action ""%windir%\system32\dxgiadaptercache.exe"" in instance ""{c44b01b9-9548-4616-8c46-279db1bb67fb}"" of task ""\Microsoft\Windows\DirectX\DXGIAdapterCache""."
"5/31/2026 5:56:08 PM","100","Information","Microsoft-Windows-TaskScheduler","Task Scheduler started ""{c44b01b9-9548-4616-8c46-279db1bb67fb}"" instance of the ""\Microsoft\Windows\DirectX\DXGIAdapterCache"" task for user ""NT AUTHORITY\SYSTEM""."
"5/31/2026 5:56:08 PM","129","Information","Microsoft-Windows-TaskScheduler","Task Scheduler launch task ""\Microsoft\Windows\DirectX\DXGIAdapterCache"" , instance ""%windir%\system32\dxgiadaptercache.exe""  with process ID 2192."
"5/31/2026 5:56:08 PM","200","Information","Microsoft-Windows-TaskScheduler","Task Scheduler launched action """" in instance ""{65572daf-a037-4608-b9ba-71ce22bd71ce}"" of task ""\Microsoft\Windows\ExploitGuard\ExploitGuard MDM policy Refresh""."
"5/31/2026 5:56:08 PM","100","Information","Microsoft-Windows-TaskScheduler","Task Scheduler started ""{65572daf-a037-4608-b9ba-71ce22bd71ce}"" instance of the ""\Microsoft\Windows\ExploitGuard\ExploitGuard MDM policy Refresh"" task for user ""NT AUTHORITY\SYSTEM""."
"5/31/2026 5:56:08 PM","129","Information","Microsoft-Windows-TaskScheduler","Task Scheduler launch task ""\Microsoft\Windows\ExploitGuard\ExploitGuard MDM policy Refresh"" , instance ""taskhostw.exe""  with process ID 2176."
"5/31/2026 5:56:08 PM","118","Information","Microsoft-Windows-TaskScheduler","Task Scheduler launched ""{65572daf-a037-4608-b9ba-71ce22bd71ce}""  instance of task ""\Microsoft\Windows\ExploitGuard\ExploitGuard MDM policy Refresh""  due to system startup."
"5/31/2026 5:56:08 PM","400","Information","Microsoft-Windows-TaskScheduler","Task Scheduler service has started."
"5/31/2026 5:56:08 PM","700","Information","Microsoft-Windows-TaskScheduler","Task Scheduler service started Task Compatibility module."
"5/29/2026 12:32:11 PM","402","Information","Microsoft-Windows-TaskScheduler","Task Scheduler service is shutting down."
"5/29/2026 12:32:11 PM","140","Information","Microsoft-Windows-TaskScheduler","User ""NT AUTHORITY\SYSTEM""  updated Task Scheduler task ""\Microsoft\Windows\WindowsUpdate\Scheduled Start"""
"5/29/2026 12:32:11 PM","111","Information","Microsoft-Windows-TaskScheduler","Task Scheduler terminated ""{9c467cdd-a665-4617-b6b1-e866de814159}""  instance of the ""\MicrosoftEdgeUpdateTaskMachineUA""  task."
"5/29/2026 12:32:11 PM","102","Information","Microsoft-Windows-TaskScheduler","Task Scheduler successfully finished ""{9c467cdd-a665-4617-b6b1-e866de814159}"" instance of the ""\MicrosoftEdgeUpdateTaskMachineUA"" task for user ""NT AUTHORITY\SYSTEM""."
"5/29/2026 12:32:11 PM","201","Information","Microsoft-Windows-TaskScheduler","Task Scheduler successfully completed task ""\MicrosoftEdgeUpdateTaskMachineUA"" , instance ""{9c467cdd-a665-4617-b6b1-e866de814159}"" , action ""C:\Program Files (x86)\Microsoft\EdgeUpdate\MicrosoftEdgeUpdate.exe"" with return code 2147943691."
"5/29/2026 12:32:11 PM","111","Information","Microsoft-Windows-TaskScheduler","Task Scheduler terminated ""{f0582d0e-9634-4f3c-ab5c-ea4a85709526}""  instance of the ""\Microsoft\Windows\Application Experience\Microsoft Compatibility Appraiser""  task."
"5/29/2026 12:32:11 PM","102","Information","Microsoft-Windows-TaskScheduler","Task Scheduler successfully finished ""{f0582d0e-9634-4f3c-ab5c-ea4a85709526}"" instance of the ""\Microsoft\Windows\Application Experience\Microsoft Compatibility Appraiser"" task for user ""NT AUTHORITY\SYSTEM""."
"5/29/2026 12:32:11 PM","201","Information","Microsoft-Windows-TaskScheduler","Task Scheduler successfully completed task ""\Microsoft\Windows\Application Experience\Microsoft Compatibility Appraiser"" , instance ""{f0582d0e-9634-4f3c-ab5c-ea4a85709526}"" , action ""%windir%\system32\compattelrunner.exe"" with return code 2147943691."
"5/29/2026 12:32:11 PM","111","Information","Microsoft-Windows-TaskScheduler","Task Scheduler terminated ""{1257d28e-b98a-472f-81fa-9e6bba086283}""  instance of the ""\MicrosoftEdgeUpdateTaskMachineCore""  task."
"5/29/2026 12:32:11 PM","102","Information","Microsoft-Windows-TaskScheduler","Task Scheduler successfully finished ""{1257d28e-b98a-472f-81fa-9e6bba086283}"" instance of the ""\MicrosoftEdgeUpdateTaskMachineCore"" task for user ""NT AUTHORITY\SYSTEM""."
"5/29/2026 12:32:11 PM","201","Information","Microsoft-Windows-TaskScheduler","Task Scheduler successfully completed task ""\MicrosoftEdgeUpdateTaskMachineCore"" , instance ""{1257d28e-b98a-472f-81fa-9e6bba086283}"" , action ""C:\Program Files (x86)\Microsoft\EdgeUpdate\MicrosoftEdgeUpdate.exe"" with return code 2147943691."
"5/29/2026 12:32:11 PM","103","Error","Microsoft-Windows-TaskScheduler","Task Scheduler failed to start instance ""{627d2399-f63e-4239-a64e-bd023b9bcfc9}"" of ""\Microsoft\Windows\Wininet\CacheTask""  task for user """" . Additional Data: Error Value: 2147942404."
"5/29/2026 12:32:11 PM","202","Error","Microsoft-Windows-TaskScheduler","Task Scheduler failed to complete task ""\Microsoft\Windows\Wininet\CacheTask"" , instance ""{627d2399-f63e-4239-a64e-bd023b9bcfc9}"" , action ""Wininet Cache task object"" . Additional Data: Error Value: 2147942404."
"5/29/2026 12:32:11 PM","102","Information","Microsoft-Windows-TaskScheduler","Task Scheduler successfully finished ""{391f8b7a-329c-43a8-9567-acfb4828ead6}"" instance of the ""\CreateExplorerShellUnelevatedTask"" task for user ""SCAFFOLD\Administrator""."
"5/29/2026 12:32:11 PM","201","Information","Microsoft-Windows-TaskScheduler","Task Scheduler successfully completed task ""\CreateExplorerShellUnelevatedTask"" , instance ""{391f8b7a-329c-43a8-9567-acfb4828ead6}"" , action ""C:\Windows\Explorer.EXE"" with return code 2147942404."
"5/29/2026 12:32:10 PM","103","Error","Microsoft-Windows-TaskScheduler","Task Scheduler failed to start instance ""{7b1c84ca-5a1b-4ce1-8c2f-dc8238805f94}"" of ""\Microsoft\Windows\WDI\ResolutionHost""  task for user """" . Additional Data: Error Value: 2147942404."
"5/29/2026 12:32:10 PM","202","Error","Microsoft-Windows-TaskScheduler","Task Scheduler failed to complete task ""\Microsoft\Windows\WDI\ResolutionHost"" , instance ""{7b1c84ca-5a1b-4ce1-8c2f-dc8238805f94}"" , action ""DiagnosticInfrastructureCustomHandler"" . Additional Data: Error Value: 2147942404."
"5/29/2026 12:32:01 PM","102","Information","Microsoft-Windows-TaskScheduler","Task Scheduler successfully finished ""{6d5b668f-7eed-44d2-8f5a-e3a1ad9e851a}"" instance of the ""\Microsoft\Windows\Device Information\Device"" task for user ""NT AUTHORITY\SYSTEM""."
"5/29/2026 12:32:01 PM","201","Information","Microsoft-Windows-TaskScheduler","Task Scheduler successfully completed task ""\Microsoft\Windows\Device Information\Device"" , instance ""{6d5b668f-7eed-44d2-8f5a-e3a1ad9e851a}"" , action ""%windir%\system32\devicecensus.exe"" with return code 0."
"5/29/2026 12:32:01 PM","140","Information","Microsoft-Windows-TaskScheduler","User ""SCAFFOLD\DC$""  updated Task Scheduler task ""\Microsoft\Windows\Device Information\Device"""
"5/29/2026 12:32:01 PM","140","Information","Microsoft-Windows-TaskScheduler","User ""SCAFFOLD\DC$""  updated Task Scheduler task ""\Microsoft\Windows\Device Information\Device"""
"5/29/2026 12:32:00 PM","103","Error","Microsoft-Windows-TaskScheduler","Task Scheduler failed to start instance ""{ffae9614-2ebf-47c4-9459-c40e9108f88f}"" of ""\Microsoft\Windows\Flighting\OneSettings\RefreshCache""  task for user ""NT AUTHORITY\SYSTEM"" . Additional Data: Error Value: 2147954407."
"5/29/2026 12:32:00 PM","202","Error","Microsoft-Windows-TaskScheduler","Task Scheduler failed to complete task ""\Microsoft\Windows\Flighting\OneSettings\RefreshCache"" , instance ""{ffae9614-2ebf-47c4-9459-c40e9108f88f}"" , action ""OneSettings Refresh Cache Task Handler"" . Additional Data: Error Value: 2147954407."
"5/29/2026 12:32:00 PM","140","Information","Microsoft-Windows-TaskScheduler","User ""SCAFFOLD\DC$""  updated Task Scheduler task ""\Microsoft\Windows\UpdateOrchestrator\Schedule Scan"""
"5/29/2026 12:32:00 PM","140","Information","Microsoft-Windows-TaskScheduler","User ""S-1-5-18""  updated Task Scheduler task ""\Microsoft\Windows\UpdateOrchestrator\Schedule Scan"""
"5/29/2026 12:32:00 PM","200","Information","Microsoft-Windows-TaskScheduler","Task Scheduler launched action ""OneSettings Refresh Cache Task Handler"" in instance ""{ffae9614-2ebf-47c4-9459-c40e9108f88f}"" of task ""\Microsoft\Windows\Flighting\OneSettings\RefreshCache""."
"5/29/2026 12:32:00 PM","100","Information","Microsoft-Windows-TaskScheduler","Task Scheduler started ""{ffae9614-2ebf-47c4-9459-c40e9108f88f}"" instance of the ""\Microsoft\Windows\Flighting\OneSettings\RefreshCache"" task for user ""NT AUTHORITY\SYSTEM""."
"5/29/2026 12:32:00 PM","129","Information","Microsoft-Windows-TaskScheduler","Task Scheduler launch task ""\Microsoft\Windows\Flighting\OneSettings\RefreshCache"" , instance ""taskhostw.exe""  with process ID 2024."
"5/29/2026 12:32:00 PM","103","Error","Microsoft-Windows-TaskScheduler","Task Scheduler failed to start instance ""{7082a862-fbf9-43b8-a936-5474a6c89364}"" of ""\Microsoft\Windows\Flighting\OneSettings\RefreshCache""  task for user ""NT AUTHORITY\SYSTEM"" . Additional Data: Error Value: 2147954407."
"5/29/2026 12:32:00 PM","202","Error","Microsoft-Windows-TaskScheduler","Task Scheduler failed to complete task ""\Microsoft\Windows\Flighting\OneSettings\RefreshCache"" , instance ""{7082a862-fbf9-43b8-a936-5474a6c89364}"" , action ""OneSettings Refresh Cache Task Handler"" . Additional Data: Error Value: 2147954407."
"5/29/2026 12:32:00 PM","102","Information","Microsoft-Windows-TaskScheduler","Task Scheduler successfully finished ""{c8c5a5c1-66bf-4429-a480-197b798d61fe}"" instance of the ""\Microsoft\Windows\Application Experience\PcaPatchDbTask"" task for user ""NT AUTHORITY\SYSTEM""."
"5/29/2026 12:32:00 PM","201","Information","Microsoft-Windows-TaskScheduler","Task Scheduler successfully completed task ""\Microsoft\Windows\Application Experience\PcaPatchDbTask"" , instance ""{c8c5a5c1-66bf-4429-a480-197b798d61fe}"" , action ""%windir%\system32\rundll32.exe"" with return code 0."
"5/29/2026 12:31:51 PM","102","Information","Microsoft-Windows-TaskScheduler","Task Scheduler successfully finished ""{cd80206a-0aa4-4687-b333-39c4f366cff7}"" instance of the ""\Microsoft\Windows\UpdateOrchestrator\USO_UxBroker"" task for user ""NT AUTHORITY\SYSTEM""."
"5/29/2026 12:31:51 PM","201","Information","Microsoft-Windows-TaskScheduler","Task Scheduler successfully completed task ""\Microsoft\Windows\UpdateOrchestrator\USO_UxBroker"" , instance ""{cd80206a-0aa4-4687-b333-39c4f366cff7}"" , action ""%systemroot%\system32\MusNotification.exe"" with return code 0."
"5/29/2026 12:31:51 PM","102","Information","Microsoft-Windows-TaskScheduler","Task Scheduler successfully finished ""{bf005d3d-cd5d-43c4-a3c1-defd02dc1362}"" instance of the ""\Microsoft\Windows\UpdateOrchestrator\Schedule Scan"" task for user ""NT AUTHORITY\SYSTEM""."
"5/29/2026 12:31:51 PM","201","Information","Microsoft-Windows-TaskScheduler","Task Scheduler successfully completed task ""\Microsoft\Windows\UpdateOrchestrator\Schedule Scan"" , instance ""{bf005d3d-cd5d-43c4-a3c1-defd02dc1362}"" , action ""%systemroot%\system32\usoclient.exe"" with return code 0."
"5/29/2026 12:31:51 PM","102","Information","Microsoft-Windows-TaskScheduler","Task Scheduler successfully finished ""{77b99574-a1d9-445f-ae15-0c180a312903}"" instance of the ""\Microsoft\Windows\WindowsUpdate\Scheduled Start"" task for user ""NT AUTHORITY\SYSTEM""."
"5/29/2026 12:31:51 PM","201","Information","Microsoft-Windows-TaskScheduler","Task Scheduler successfully completed task ""\Microsoft\Windows\WindowsUpdate\Scheduled Start"" , instance ""{77b99574-a1d9-445f-ae15-0c180a312903}"" , action ""C:\Windows\system32\sc.exe"" with return code 2147943456."
"5/29/2026 12:31:51 PM","102","Information","Microsoft-Windows-TaskScheduler","Task Scheduler successfully finished ""{e8dcb4ab-744b-43b3-ab4d-b074ced606fe}"" instance of the ""\Microsoft\Windows\Data Integrity Scan\Data Integrity Check And Scan"" task for user ""NT AUTHORITY\SYSTEM""."
"5/29/2026 12:31:51 PM","201","Information","Microsoft-Windows-TaskScheduler","Task Scheduler successfully completed task ""\Microsoft\Windows\Data Integrity Scan\Data Integrity Check And Scan"" , instance ""{e8dcb4ab-744b-43b3-ab4d-b074ced606fe}"" , action ""Data Integrity Scan"" with return code 0."
"5/29/2026 12:31:51 PM","140","Information","Microsoft-Windows-TaskScheduler","User ""SCAFFOLD\DC$""  updated Task Scheduler task ""\Microsoft\Windows\Data Integrity Scan\Data Integrity Check And Scan"""
"5/29/2026 12:31:51 PM","102","Information","Microsoft-Windows-TaskScheduler","Task Scheduler successfully finished ""{b6894216-2eb3-4556-b11c-a788d6e0cac2}"" instance of the ""\Microsoft\Windows\Windows Error Reporting\QueueReporting"" task for user ""NT AUTHORITY\SYSTEM""."
"5/29/2026 12:31:51 PM","201","Information","Microsoft-Windows-TaskScheduler","Task Scheduler successfully completed task ""\Microsoft\Windows\Windows Error Reporting\QueueReporting"" , instance ""{b6894216-2eb3-4556-b11c-a788d6e0cac2}"" , action ""%windir%\system32\wermgr.exe"" with return code 0."
"5/29/2026 12:31:51 PM","140","Information","Microsoft-Windows-TaskScheduler","User ""SCAFFOLD\DC$""  updated Task Scheduler task ""\Microsoft\Windows\Data Integrity Scan\Data Integrity Check And Scan"""
"5/29/2026 12:31:51 PM","102","Information","Microsoft-Windows-TaskScheduler","Task Scheduler successfully finished ""{cb907ff6-39bf-4f35-be64-f2bc8b349af9}"" instance of the ""\Microsoft\Windows\Customer Experience Improvement Program\Consolidator"" task for user ""NT AUTHORITY\SYSTEM""."
"5/29/2026 12:31:51 PM","201","Information","Microsoft-Windows-TaskScheduler","Task Scheduler successfully completed task ""\Microsoft\Windows\Customer Experience Improvement Program\Consolidator"" , instance ""{cb907ff6-39bf-4f35-be64-f2bc8b349af9}"" , action ""%SystemRoot%\System32\wsqmcons.exe"" with return code 0."
"5/29/2026 12:31:51 PM","102","Information","Microsoft-Windows-TaskScheduler","Task Scheduler successfully finished ""{9be5bf94-7a59-4d94-bc84-b20b8d9a9187}"" instance of the ""\MicrosoftEdgeUpdateTaskMachineCore"" task for user ""NT AUTHORITY\SYSTEM""."
"5/29/2026 12:31:51 PM","201","Information","Microsoft-Windows-TaskScheduler","Task Scheduler successfully completed task ""\MicrosoftEdgeUpdateTaskMachineCore"" , instance ""{9be5bf94-7a59-4d94-bc84-b20b8d9a9187}"" , action ""C:\Program Files (x86)\Microsoft\EdgeUpdate\MicrosoftEdgeUpdate.exe"" with return code 0."
"5/29/2026 12:31:51 PM","200","Information","Microsoft-Windows-TaskScheduler","Task Scheduler launched action ""%systemroot%\system32\usoclient.exe"" in instance ""{bf005d3d-cd5d-43c4-a3c1-defd02dc1362}"" of task ""\Microsoft\Windows\UpdateOrchestrator\Schedule Scan""."
"5/29/2026 12:31:51 PM","100","Information","Microsoft-Windows-TaskScheduler","Task Scheduler started ""{bf005d3d-cd5d-43c4-a3c1-defd02dc1362}"" instance of the ""\Microsoft\Windows\UpdateOrchestrator\Schedule Scan"" task for user ""NT AUTHORITY\SYSTEM""."
"5/29/2026 12:31:51 PM","129","Information","Microsoft-Windows-TaskScheduler","Task Scheduler launch task ""\Microsoft\Windows\UpdateOrchestrator\Schedule Scan"" , instance ""%systemroot%\system32\usoclient.exe""  with process ID 1636."
"5/29/2026 12:31:51 PM","200","Information","Microsoft-Windows-TaskScheduler","Task Scheduler launched action ""%windir%\system32\rundll32.exe"" in instance ""{c8c5a5c1-66bf-4429-a480-197b798d61fe}"" of task ""\Microsoft\Windows\Application Experience\PcaPatchDbTask""."
"5/29/2026 12:31:51 PM","100","Information","Microsoft-Windows-TaskScheduler","Task Scheduler started ""{c8c5a5c1-66bf-4429-a480-197b798d61fe}"" instance of the ""\Microsoft\Windows\Application Experience\PcaPatchDbTask"" task for user ""NT AUTHORITY\SYSTEM""."
"5/29/2026 12:31:51 PM","129","Information","Microsoft-Windows-TaskScheduler","Task Scheduler launch task ""\Microsoft\Windows\Application Experience\PcaPatchDbTask"" , instance ""%windir%\system32\rundll32.exe""  with process ID 5560."
"5/29/2026 12:31:51 PM","114","Warning","Microsoft-Windows-TaskScheduler","Task Scheduler could not launch task ""\Microsoft\Windows\UpdateOrchestrator\Schedule Scan""  as scheduled. Instance ""{bf005d3d-cd5d-43c4-a3c1-defd02dc1362}""  is started now as required by the configuration option to start the task when available, if schedule is missed."
"5/29/2026 12:31:51 PM","200","Information","Microsoft-Windows-TaskScheduler","Task Scheduler launched action ""C:\Program Files (x86)\Microsoft\EdgeUpdate\MicrosoftEdgeUpdate.exe"" in instance ""{9c467cdd-a665-4617-b6b1-e866de814159}"" of task ""\MicrosoftEdgeUpdateTaskMachineUA""."
"5/29/2026 12:31:51 PM","100","Information","Microsoft-Windows-TaskScheduler","Task Scheduler started ""{9c467cdd-a665-4617-b6b1-e866de814159}"" instance of the ""\MicrosoftEdgeUpdateTaskMachineUA"" task for user ""NT AUTHORITY\SYSTEM""."
"5/29/2026 12:31:51 PM","129","Information","Microsoft-Windows-TaskScheduler","Task Scheduler launch task ""\MicrosoftEdgeUpdateTaskMachineUA"" , instance ""C:\Program Files (x86)\Microsoft\EdgeUpdate\MicrosoftEdgeUpdate.exe""  with process ID 628."
"5/29/2026 12:31:51 PM","200","Information","Microsoft-Windows-TaskScheduler","Task Scheduler launched action ""C:\Windows\system32\sc.exe"" in instance ""{77b99574-a1d9-445f-ae15-0c180a312903}"" of task ""\Microsoft\Windows\WindowsUpdate\Scheduled Start""."
"5/29/2026 12:31:51 PM","100","Information","Microsoft-Windows-TaskScheduler","Task Scheduler started ""{77b99574-a1d9-445f-ae15-0c180a312903}"" instance of the ""\Microsoft\Windows\WindowsUpdate\Scheduled Start"" task for user ""NT AUTHORITY\SYSTEM""."
"5/29/2026 12:31:51 PM","129","Information","Microsoft-Windows-TaskScheduler","Task Scheduler launch task ""\Microsoft\Windows\WindowsUpdate\Scheduled Start"" , instance ""C:\Windows\system32\sc.exe""  with process ID 7884."
"5/29/2026 12:31:51 PM","114","Warning","Microsoft-Windows-TaskScheduler","Task Scheduler could not launch task ""\Microsoft\Windows\Application Experience\PcaPatchDbTask""  as scheduled. Instance ""{c8c5a5c1-66bf-4429-a480-197b798d61fe}""  is started now as required by the configuration option to start the task when available, if schedule is missed."
"5/29/2026 12:31:51 PM","200","Information","Microsoft-Windows-TaskScheduler","Task Scheduler launched action ""OneSettings Refresh Cache Task Handler"" in instance ""{7082a862-fbf9-43b8-a936-5474a6c89364}"" of task ""\Microsoft\Windows\Flighting\OneSettings\RefreshCache""."
"5/29/2026 12:31:51 PM","100","Information","Microsoft-Windows-TaskScheduler","Task Scheduler started ""{7082a862-fbf9-43b8-a936-5474a6c89364}"" instance of the ""\Microsoft\Windows\Flighting\OneSettings\RefreshCache"" task for user ""NT AUTHORITY\SYSTEM""."
"5/29/2026 12:31:51 PM","114","Warning","Microsoft-Windows-TaskScheduler","Task Scheduler could not launch task ""\Microsoft\Windows\Flighting\OneSettings\RefreshCache""  as scheduled. Instance ""{7082a862-fbf9-43b8-a936-5474a6c89364}""  is started now as required by the configuration option to start the task when available, if schedule is missed."
"5/29/2026 12:31:51 PM","114","Warning","Microsoft-Windows-TaskScheduler","Task Scheduler could not launch task ""\Microsoft\Windows\WindowsUpdate\Scheduled Start""  as scheduled. Instance ""{77b99574-a1d9-445f-ae15-0c180a312903}""  is started now as required by the configuration option to start the task when available, if schedule is missed."
"5/29/2026 12:31:51 PM","200","Information","Microsoft-Windows-TaskScheduler","Task Scheduler launched action ""%windir%\system32\compattelrunner.exe"" in instance ""{f0582d0e-9634-4f3c-ab5c-ea4a85709526}"" of task ""\Microsoft\Windows\Application Experience\Microsoft Compatibility Appraiser""."
"5/29/2026 12:31:51 PM","100","Information","Microsoft-Windows-TaskScheduler","Task Scheduler started ""{f0582d0e-9634-4f3c-ab5c-ea4a85709526}"" instance of the ""\Microsoft\Windows\Application Experience\Microsoft Compatibility Appraiser"" task for user ""NT AUTHORITY\SYSTEM""."
"5/29/2026 12:31:51 PM","114","Warning","Microsoft-Windows-TaskScheduler","Task Scheduler could not launch task ""\MicrosoftEdgeUpdateTaskMachineUA""  as scheduled. Instance ""{9c467cdd-a665-4617-b6b1-e866de814159}""  is started now as required by the configuration option to start the task when available, if schedule is missed."
"5/29/2026 12:31:51 PM","129","Information","Microsoft-Windows-TaskScheduler","Task Scheduler launch task ""\Microsoft\Windows\Application Experience\Microsoft Compatibility Appraiser"" , instance ""%windir%\system32\compattelrunner.exe""  with process ID 3236."
"5/29/2026 12:31:51 PM","200","Information","Microsoft-Windows-TaskScheduler","Task Scheduler launched action ""%systemroot%\system32\MusNotification.exe"" in instance ""{cd80206a-0aa4-4687-b333-39c4f366cff7}"" of task ""\Microsoft\Windows\UpdateOrchestrator\USO_UxBroker""."
"5/29/2026 12:31:51 PM","100","Information","Microsoft-Windows-TaskScheduler","Task Scheduler started ""{cd80206a-0aa4-4687-b333-39c4f366cff7}"" instance of the ""\Microsoft\Windows\UpdateOrchestrator\USO_UxBroker"" task for user ""NT AUTHORITY\SYSTEM""."
"5/29/2026 12:31:51 PM","200","Information","Microsoft-Windows-TaskScheduler","Task Scheduler launched action ""%windir%\system32\devicecensus.exe"" in instance ""{6d5b668f-7eed-44d2-8f5a-e3a1ad9e851a}"" of task ""\Microsoft\Windows\Device Information\Device""."
"5/29/2026 12:31:51 PM","100","Information","Microsoft-Windows-TaskScheduler","Task Scheduler started ""{6d5b668f-7eed-44d2-8f5a-e3a1ad9e851a}"" instance of the ""\Microsoft\Windows\Device Information\Device"" task for user ""NT AUTHORITY\SYSTEM""."
"5/29/2026 12:31:51 PM","129","Information","Microsoft-Windows-TaskScheduler","Task Scheduler launch task ""\Microsoft\Windows\UpdateOrchestrator\USO_UxBroker"" , instance ""%systemroot%\system32\MusNotification.exe""  with process ID 6004."
"5/29/2026 12:31:51 PM","200","Information","Microsoft-Windows-TaskScheduler","Task Scheduler launched action ""%SystemRoot%\System32\wsqmcons.exe"" in instance ""{cb907ff6-39bf-4f35-be64-f2bc8b349af9}"" of task ""\Microsoft\Windows\Customer Experience Improvement Program\Consolidator""."
"5/29/2026 12:31:51 PM","100","Information","Microsoft-Windows-TaskScheduler","Task Scheduler started ""{cb907ff6-39bf-4f35-be64-f2bc8b349af9}"" instance of the ""\Microsoft\Windows\Customer Experience Improvement Program\Consolidator"" task for user ""NT AUTHORITY\SYSTEM""."
"5/29/2026 12:31:51 PM","129","Information","Microsoft-Windows-TaskScheduler","Task Scheduler launch task ""\Microsoft\Windows\Device Information\Device"" , instance ""%windir%\system32\devicecensus.exe""  with process ID 7524."
"5/29/2026 12:31:51 PM","129","Information","Microsoft-Windows-TaskScheduler","Task Scheduler launch task ""\Microsoft\Windows\Customer Experience Improvement Program\Consolidator"" , instance ""%SystemRoot%\System32\wsqmcons.exe""  with process ID 7868."
"5/29/2026 12:31:51 PM","114","Warning","Microsoft-Windows-TaskScheduler","Task Scheduler could not launch task ""\Microsoft\Windows\Application Experience\Microsoft Compatibility Appraiser""  as scheduled. Instance ""{f0582d0e-9634-4f3c-ab5c-ea4a85709526}""  is started now as required by the configuration option to start the task when available, if schedule is missed."
"5/29/2026 12:31:51 PM","114","Warning","Microsoft-Windows-TaskScheduler","Task Scheduler could not launch task ""\Microsoft\Windows\Device Information\Device""  as scheduled. Instance ""{6d5b668f-7eed-44d2-8f5a-e3a1ad9e851a}""  is started now as required by the configuration option to start the task when available, if schedule is missed."
"5/29/2026 12:31:51 PM","200","Information","Microsoft-Windows-TaskScheduler","Task Scheduler launched action ""Data Integrity Scan"" in instance ""{e8dcb4ab-744b-43b3-ab4d-b074ced606fe}"" of task ""\Microsoft\Windows\Data Integrity Scan\Data Integrity Check And Scan""."
"5/29/2026 12:31:51 PM","100","Information","Microsoft-Windows-TaskScheduler","Task Scheduler started ""{e8dcb4ab-744b-43b3-ab4d-b074ced606fe}"" instance of the ""\Microsoft\Windows\Data Integrity Scan\Data Integrity Check And Scan"" task for user ""NT AUTHORITY\SYSTEM""."
"5/29/2026 12:31:51 PM","200","Information","Microsoft-Windows-TaskScheduler","Task Scheduler launched action ""C:\Program Files (x86)\Microsoft\EdgeUpdate\MicrosoftEdgeUpdate.exe"" in instance ""{9be5bf94-7a59-4d94-bc84-b20b8d9a9187}"" of task ""\MicrosoftEdgeUpdateTaskMachineCore""."
"5/29/2026 12:31:51 PM","100","Information","Microsoft-Windows-TaskScheduler","Task Scheduler started ""{9be5bf94-7a59-4d94-bc84-b20b8d9a9187}"" instance of the ""\MicrosoftEdgeUpdateTaskMachineCore"" task for user ""NT AUTHORITY\SYSTEM""."
"5/29/2026 12:31:51 PM","129","Information","Microsoft-Windows-TaskScheduler","Task Scheduler launch task ""\Microsoft\Windows\Data Integrity Scan\Data Integrity Check And Scan"" , instance ""taskhostw.exe""  with process ID 7852."
"5/29/2026 12:31:51 PM","129","Information","Microsoft-Windows-TaskScheduler","Task Scheduler launch task ""\MicrosoftEdgeUpdateTaskMachineCore"" , instance ""C:\Program Files (x86)\Microsoft\EdgeUpdate\MicrosoftEdgeUpdate.exe""  with process ID 2488."
"5/29/2026 12:31:51 PM","114","Warning","Microsoft-Windows-TaskScheduler","Task Scheduler could not launch task ""\Microsoft\Windows\UpdateOrchestrator\USO_UxBroker""  as scheduled. Instance ""{cd80206a-0aa4-4687-b333-39c4f366cff7}""  is started now as required by the configuration option to start the task when available, if schedule is missed."
"5/29/2026 12:31:51 PM","200","Information","Microsoft-Windows-TaskScheduler","Task Scheduler launched action ""%windir%\system32\wermgr.exe"" in instance ""{b6894216-2eb3-4556-b11c-a788d6e0cac2}"" of task ""\Microsoft\Windows\Windows Error Reporting\QueueReporting""."
"5/29/2026 12:31:51 PM","100","Information","Microsoft-Windows-TaskScheduler","Task Scheduler started ""{b6894216-2eb3-4556-b11c-a788d6e0cac2}"" instance of the ""\Microsoft\Windows\Windows Error Reporting\QueueReporting"" task for user ""NT AUTHORITY\SYSTEM""."
"5/29/2026 12:31:51 PM","129","Information","Microsoft-Windows-TaskScheduler","Task Scheduler launch task ""\Microsoft\Windows\Windows Error Reporting\QueueReporting"" , instance ""%windir%\system32\wermgr.exe""  with process ID 1664."
"5/29/2026 12:31:51 PM","114","Warning","Microsoft-Windows-TaskScheduler","Task Scheduler could not launch task ""\Microsoft\Windows\Customer Experience Improvement Program\Consolidator""  as scheduled. Instance ""{cb907ff6-39bf-4f35-be64-f2bc8b349af9}""  is started now as required by the configuration option to start the task when available, if schedule is missed."
"5/29/2026 12:31:51 PM","114","Warning","Microsoft-Windows-TaskScheduler","Task Scheduler could not launch task ""\MicrosoftEdgeUpdateTaskMachineCore""  as scheduled. Instance ""{9be5bf94-7a59-4d94-bc84-b20b8d9a9187}""  is started now as required by the configuration option to start the task when available, if schedule is missed."
"5/29/2026 12:31:51 PM","114","Warning","Microsoft-Windows-TaskScheduler","Task Scheduler could not launch task ""\Microsoft\Windows\Data Integrity Scan\Data Integrity Check And Scan""  as scheduled. Instance ""{e8dcb4ab-744b-43b3-ab4d-b074ced606fe}""  is started now as required by the configuration option to start the task when available, if schedule is missed."
"5/29/2026 12:31:51 PM","114","Warning","Microsoft-Windows-TaskScheduler","Task Scheduler could not launch task ""\Microsoft\Windows\Windows Error Reporting\QueueReporting""  as scheduled. Instance ""{b6894216-2eb3-4556-b11c-a788d6e0cac2}""  is started now as required by the configuration option to start the task when available, if schedule is missed."
"5/29/2026 12:30:41 PM","102","Information","Microsoft-Windows-TaskScheduler","Task Scheduler successfully finished ""{070cce3c-2f73-48c5-b71e-acdf6017eee3}"" instance of the ""\Scaffold\ScaffoldDeployEngine"" task for user ""NT AUTHORITY\SYSTEM""."
"5/29/2026 12:30:41 PM","201","Information","Microsoft-Windows-TaskScheduler","Task Scheduler successfully completed task ""\Scaffold\ScaffoldDeployEngine"" , instance ""{070cce3c-2f73-48c5-b71e-acdf6017eee3}"" , action ""powershell.exe"" with return code 0."
