"9/1/2026 11:00:45 PM","109","Information","Microsoft-Windows-Kernel-Power","The kernel power manager has initiated a shutdown transition.

Shutdown Reason: Kernel API"
"9/1/2026 11:00:41 PM","7036","Information","Service Control Manager","The Windows Process Activation Service service entered the stopped state."
"9/1/2026 11:00:41 PM","7036","Information","Service Control Manager","The Task Scheduler service entered the stopped state."
"9/1/2026 11:00:41 PM","7036","Information","Service Control Manager","The SQL Server CEIP service (SQLEXPRESS) service entered the stopped state."
"9/1/2026 11:00:41 PM","7036","Information","Service Control Manager","The Diagnostic Policy Service service entered the stopped state."
"9/1/2026 11:00:41 PM","7036","Information","Service Control Manager","The SQL Server (SQLEXPRESS) service entered the stopped state."
"9/1/2026 11:00:41 PM","7036","Information","Service Control Manager","The Active Directory Certificate Services service entered the stopped state."
"9/1/2026 11:00:41 PM","7036","Information","Service Control Manager","The Application Host Helper Service service entered the stopped state."
"9/1/2026 11:00:41 PM","7036","Information","Service Control Manager","The SQL Server VSS Writer service entered the stopped state."
"9/1/2026 11:00:41 PM","7036","Information","Service Control Manager","The Windows Remote Management (WS-Management) service entered the stopped state."
"9/1/2026 11:00:41 PM","7036","Information","Service Control Manager","The Active Directory Domain Services service entered the stopped state."
"9/1/2026 11:00:41 PM","7036","Information","Service Control Manager","The Windows Event Log service entered the stopped state."
"9/7/2026 7:17:52 PM","6013","Information","EventLog","The system uptime is 10 seconds."
"9/7/2026 7:17:52 PM","6005","Information","EventLog","The Event log service was started."
"9/7/2026 7:17:52 PM","6009","Information","EventLog","Microsoft (R) Windows (R) 10.00. 20348  Multiprocessor Free."
"9/1/2026 11:00:41 PM","7036","Information","Service Control Manager","The Device Setup Manager service entered the stopped state."
"9/1/2026 11:00:40 PM","7036","Information","Service Control Manager","The Remote Access Connection Manager service entered the stopped state."
"9/1/2026 11:00:40 PM","7036","Information","Service Control Manager","The DFS Replication service entered the stopped state."
"9/1/2026 11:00:40 PM","7036","Information","Service Control Manager","The State Repository Service service entered the stopped state."
"9/1/2026 11:00:40 PM","7036","Information","Service Control Manager","The Virtual Disk service entered the stopped state."
"9/1/2026 11:00:40 PM","7036","Information","Service Control Manager","The WinHTTP Web Proxy Auto-Discovery Service service entered the stopped state."
"9/1/2026 11:00:40 PM","7036","Information","Service Control Manager","The Cryptographic Services service entered the stopped state."
"9/1/2026 11:00:40 PM","7036","Information","Service Control Manager","The DNS Server service entered the stopped state."
"9/1/2026 11:00:40 PM","7036","Information","Service Control Manager","The Windows Connection Manager service entered the stopped state."
"9/1/2026 11:00:40 PM","7036","Information","Service Control Manager","The Secure Socket Tunneling Protocol Service service entered the stopped state."
"9/1/2026 11:00:40 PM","7036","Information","Service Control Manager","The DHCP Client service entered the stopped state."
"9/1/2026 11:00:40 PM","7036","Information","Service Control Manager","The IKE and AuthIP IPsec Keying Modules service entered the stopped state."
"9/1/2026 11:00:40 PM","7036","Information","Service Control Manager","The Windows Font Cache Service service entered the stopped state."
"9/1/2026 11:00:40 PM","7036","Information","Service Control Manager","The Program Compatibility Assistant Service service entered the stopped state."
"9/1/2026 11:00:40 PM","7036","Information","Service Control Manager","The Distributed Transaction Coordinator service entered the stopped state."
"9/1/2026 11:00:40 PM","7036","Information","Service Control Manager","The Windows Update Medic Service service entered the stopped state."
"9/1/2026 11:00:40 PM","50037","Information","Microsoft-Windows-Dhcp-Client","DHCPv4 client service is stopped. ShutDown Flag value is 1"
"9/1/2026 11:00:40 PM","50106","Information","Microsoft-Windows-Dhcp-Client","DHCPv4 is waiting on DHCPv6 service to stop"
"9/1/2026 11:00:40 PM","7036","Information","Service Control Manager","The Windows Time service entered the stopped state."
"9/1/2026 11:00:40 PM","7036","Information","Service Control Manager","The Microsoft Deployment Toolkit Monitor Service service entered the stopped state."
"9/1/2026 11:00:40 PM","7036","Information","Service Control Manager","The Active Directory Web Services service entered the stopped state."
"9/1/2026 11:00:40 PM","51057","Information","Microsoft-Windows-DHCPv6-Client","DHCPv6 client service stop is almost done.DHCP Context Ref count is 1"
"9/1/2026 11:00:40 PM","51047","Information","Microsoft-Windows-DHCPv6-Client","DHCPv6 client service is stopped. ShutDown Flag value is 1"
"9/1/2026 11:00:40 PM","7036","Information","Service Control Manager","The Windows Management Instrumentation service entered the stopped state."
"9/1/2026 11:00:40 PM","7036","Information","Service Control Manager","The Plug and Play service entered the stopped state."
"9/1/2026 11:00:40 PM","50105","Information","Microsoft-Windows-Dhcp-Client","DHCPv4 client ProcessDHCPRequestForever received TERMINATE_EVENT"
"9/1/2026 11:00:40 PM","50104","Information","Microsoft-Windows-Dhcp-Client","DHCPv4 client received shutdown notification"
"9/1/2026 11:00:40 PM","7036","Information","Service Control Manager","The User Profile Service service entered the stopped state."
"9/1/2026 11:00:40 PM","7036","Information","Service Control Manager","The SysMain service entered the stopped state."
"9/1/2026 11:00:40 PM","7036","Information","Service Control Manager","The World Wide Web Publishing Service service entered the stopped state."
"9/1/2026 11:00:40 PM","7036","Information","Service Control Manager","The Capability Access Manager Service service entered the stopped state."
"9/1/2026 11:00:40 PM","7036","Information","Service Control Manager","The IPsec Policy Agent service entered the stopped state."
"9/1/2026 11:00:40 PM","7036","Information","Service Control Manager","The AppX Deployment Service (AppXSVC) service entered the stopped state."
"9/1/2026 11:00:40 PM","7036","Information","Service Control Manager","The Connected User Experiences and Telemetry service entered the stopped state."
"9/1/2026 11:00:40 PM","7036","Information","Service Control Manager","The User Access Logging Service service entered the stopped state."
"9/1/2026 11:00:40 PM","7036","Information","Service Control Manager","The VMware Tools service entered the stopped state."
"9/1/2026 11:00:40 PM","7036","Information","Service Control Manager","The AzureAttestService service entered the stopped state."
"9/1/2026 11:00:40 PM","7036","Information","Service Control Manager","The Group Policy Client service entered the stopped state."
"9/1/2026 11:00:40 PM","7002","Information","Microsoft-Windows-Winlogon","User Logoff Notification for Customer Experience Improvement Program"
"9/1/2026 11:00:40 PM","6006","Information","EventLog","The Event log service was stopped."
"9/1/2026 11:00:40 PM","10149","Warning","Microsoft-Windows-WinRM","The WinRM service is not listening for WS-Management requests. 

 User Action 
 If you did not intentionally stop the service, use the following command to see the WinRM configuration: 

 winrm enumerate winrm/config/listener"
"9/1/2026 11:00:40 PM","7036","Information","Service Control Manager","The Windows Push Notifications User Service_ab454 service entered the stopped state."
"9/1/2026 11:00:40 PM","7036","Information","Service Control Manager","The Connected Devices Platform User Service_ab454 service entered the stopped state."
"9/1/2026 11:00:40 PM","7036","Information","Service Control Manager","The Clipboard User Service_ab454 service entered the stopped state."
"9/1/2026 11:00:37 PM","1074","Information","User32","The process C:\Program Files\VMware\VMware Tools\vmtoolsd.exe (DC) has initiated the shutdown of computer DC on behalf of user NT AUTHORITY\SYSTEM for the following reason: Legacy API shutdown
 Reason Code: 0x80070000
 Shutdown Type: shutdown
 Comment: "
"9/1/2026 11:00:26 PM","7036","Information","Service Control Manager","The Microsoft Account Sign-in Assistant service entered the stopped state."
"9/1/2026 10:59:27 PM","7036","Information","Service Control Manager","The Delivery Optimization service entered the stopped state."
"9/1/2026 10:59:27 PM","7036","Information","Service Control Manager","The Client License Service (ClipSVC) service entered the stopped state."
"9/1/2026 10:57:12 PM","6148","Information","LsaSrv","The PDC completed an automatic trust scan operation for all trusts with no errors.

More information can be found at https://go.microsoft.com/fwlink/?linkid=2162089."
"9/1/2026 10:55:42 PM","7036","Information","Service Control Manager","The Network Setup Service service entered the stopped state."
"9/1/2026 10:54:30 PM","7036","Information","Service Control Manager","The AppX Deployment Service (AppXSVC) service entered the running state."
"9/1/2026 10:54:27 PM","7036","Information","Service Control Manager","The Delivery Optimization service entered the running state."
"9/1/2026 10:54:27 PM","7036","Information","Service Control Manager","The Microsoft Account Sign-in Assistant service entered the running state."
"9/1/2026 10:54:27 PM","7036","Information","Service Control Manager","The Client License Service (ClipSVC) service entered the running state."
"9/1/2026 10:54:27 PM","7036","Information","Service Control Manager","The Windows License Manager Service service entered the running state."
"9/1/2026 10:54:09 PM","7036","Information","Service Control Manager","The Network Setup Service service entered the running state."
"9/1/2026 10:53:47 PM","7036","Information","Service Control Manager","The AppX Deployment Service (AppXSVC) service entered the stopped state."
"9/1/2026 10:53:12 PM","7036","Information","Service Control Manager","The Background Intelligent Transfer Service service entered the stopped state."
"9/1/2026 10:53:12 PM","7040","Information","Service Control Manager","The start type of the Background Intelligent Transfer Service service was changed from auto start to demand start."
"9/1/2026 10:52:25 PM","7036","Information","Service Control Manager","The Remote Registry service entered the stopped state."
"9/1/2026 10:51:13 PM","7036","Information","Service Control Manager","The WMI Performance Adapter service entered the stopped state."
"9/1/2026 10:49:59 PM","7036","Information","Service Control Manager","The Client License Service (ClipSVC) service entered the stopped state."
"9/1/2026 10:47:58 PM","7036","Information","Service Control Manager","The Microsoft Account Sign-in Assistant service entered the stopped state."
"9/1/2026 10:47:40 PM","7036","Information","Service Control Manager","The Network Setup Service service entered the stopped state."
"9/1/2026 10:45:58 PM","7036","Information","Service Control Manager","The Volume Shadow Copy service entered the stopped state."
"9/1/2026 10:45:58 PM","7036","Information","Service Control Manager","The VMware Snapshot Provider service entered the stopped state."
"9/1/2026 10:45:32 PM","7036","Information","Service Control Manager","The Software Protection service entered the stopped state."
"9/1/2026 10:45:18 PM","7036","Information","Service Control Manager","The Portable Device Enumerator Service service entered the stopped state."
"9/1/2026 10:45:13 PM","7036","Information","Service Control Manager","The WMI Performance Adapter service entered the running state."
"9/1/2026 10:45:13 PM","7036","Information","Service Control Manager","The WMI Performance Adapter service entered the stopped state."
"9/1/2026 10:45:13 PM","7036","Information","Service Control Manager","The WMI Performance Adapter service entered the running state."
"9/1/2026 10:45:12 PM","7036","Information","Service Control Manager","The WMI Performance Adapter service entered the stopped state."
"9/1/2026 10:44:58 PM","7036","Information","Service Control Manager","The Microsoft Account Sign-in Assistant service entered the running state."
"9/1/2026 10:44:41 PM","7036","Information","Service Control Manager","The User Access Logging Service service entered the running state."
"9/1/2026 10:44:40 PM","7036","Information","Service Control Manager","The Clipboard User Service_ab454 service entered the running state."
"9/1/2026 10:44:38 PM","7036","Information","Service Control Manager","The Software Protection service entered the running state."
"9/1/2026 10:44:38 PM","7036","Information","Service Control Manager","The Program Compatibility Assistant Service service entered the running state."
"9/1/2026 10:44:37 PM","7036","Information","Service Control Manager","The Microsoft Edge Update Service (edgeupdate) service entered the stopped state."
"9/1/2026 10:44:37 PM","7036","Information","Service Control Manager","The Microsoft Edge Update Service (edgeupdate) service entered the running state."
"9/1/2026 10:44:37 PM","7036","Information","Service Control Manager","The Diagnostic Policy Service service entered the running state."
"9/1/2026 10:44:11 PM","7036","Information","Service Control Manager","The Network Setup Service service entered the running state."
"9/1/2026 10:43:24 PM","7036","Information","Service Control Manager","The Connected Devices Platform Service service entered the running state."
"9/1/2026 10:43:23 PM","7036","Information","Service Control Manager","The Capability Access Manager Service service entered the running state."
"9/1/2026 10:43:22 PM","10016","Warning","Microsoft-Windows-DistributedCOM","The application-specific permission settings do not grant Local Launch permission for the COM Server application with CLSID 
{21B896BF-008D-4D01-A27B-26061B960DD7}
 and APPID 
{03E09F3B-DCE4-44FE-A9CF-82D050827E1C}
 to the user SCAFFOLD\Administrator SID (S-1-5-21-365932789-2848835602-3476675013-500) from address LocalHost (Using LRPC) running in the application container Unavailable SID (Unavailable). This security permission can be modified using the Component Services administrative tool."
"9/1/2026 10:43:20 PM","7036","Information","Service Control Manager","The Touch Keyboard and Handwriting Panel Service service entered the running state."
"9/1/2026 10:43:20 PM","7036","Information","Service Control Manager","The Web Account Manager service entered the running state."
"9/1/2026 10:43:19 PM","7036","Information","Service Control Manager","The Windows Push Notifications User Service_ab454 service entered the running state."
"9/1/2026 10:43:19 PM","7036","Information","Service Control Manager","The Connected Devices Platform User Service_ab454 service entered the running state."
"9/1/2026 10:43:17 PM","7001","Information","Microsoft-Windows-Winlogon","User Logon Notification for Customer Experience Improvement Program"
"9/1/2026 10:43:17 PM","23","Error","Microsoft-Windows-Eventlog","The event logging service encountered an error (res=5) while initializing logging resources for channel Microsoft-Windows-PowerShell/Admin."
"9/1/2026 10:43:17 PM","23","Error","Microsoft-Windows-Eventlog","The event logging service encountered an error (res=5) while initializing logging resources for channel Microsoft-Windows-PowerShell/Operational."
"9/1/2026 10:43:11 PM","7036","Information","Service Control Manager","The WDSServer service entered the running state."
"9/1/2026 10:43:09 PM","16","Information","Microsoft-Windows-Kernel-General","The access history in hive \??\C:\RemoteInstall\Tmp\x64uefi{8536C61B-4B17-45F3-A5C1-357723D1AE20}.bcd was cleared updating 0 keys and creating 0 modified pages."
"9/1/2026 10:43:09 PM","16","Information","Microsoft-Windows-Kernel-General","The access history in hive \??\C:\RemoteInstall\Tmp\x86uefi{9F80A7A6-3FA8-4D7C-829A-90DDDAC91DB0}.bcd was cleared updating 0 keys and creating 0 modified pages."
"9/1/2026 10:43:07 PM","16","Information","Microsoft-Windows-Kernel-General","The access history in hive \??\C:\RemoteInstall\Tmp\arm{BC36DE97-72E8-4796-9568-07AC93FDCCC7}.bcd was cleared updating 0 keys and creating 0 modified pages."
"9/1/2026 10:43:07 PM","16","Information","Microsoft-Windows-Kernel-General","The access history in hive \??\C:\RemoteInstall\Tmp\x86x64{2228B911-059F-4A32-9F7C-45BA422F2874}.bcd was cleared updating 0 keys and creating 0 modified pages."
"9/1/2026 10:43:06 PM","16","Information","Microsoft-Windows-Kernel-General","The access history in hive \??\C:\RemoteInstall\Tmp\arm64{B62BA034-ECA2-487B-A702-F02EDEB414AE}.bcd was cleared updating 0 keys and creating 0 modified pages."
"9/1/2026 10:43:05 PM","7036","Information","Service Control Manager","The MSSQL$SQLEXPRESS service entered the running state."
"9/1/2026 10:43:05 PM","16","Information","Microsoft-Windows-Kernel-General","The access history in hive \??\C:\RemoteInstall\Tmp\x64{A5565E56-DD48-4AF8-BC1A-160C52271EAB}.bcd was cleared updating 0 keys and creating 0 modified pages."
"9/1/2026 10:43:05 PM","7036","Information","Service Control Manager","The WMI Performance Adapter service entered the running state."
"9/1/2026 10:43:04 PM","7036","Information","Service Control Manager","The Client License Service (ClipSVC) service entered the running state."
"9/1/2026 10:43:04 PM","7036","Information","Service Control Manager","The Delivery Optimization service entered the stopped state."
"9/1/2026 10:43:03 PM","7036","Information","Service Control Manager","The AppX Deployment Service (AppXSVC) service entered the running state."
"9/1/2026 10:43:03 PM","16","Information","Microsoft-Windows-Kernel-General","The access history in hive \??\C:\RemoteInstall\Tmp\x86{A6453152-4CDD-41D5-9406-B455638EE1F3}.bcd was cleared updating 0 keys and creating 0 modified pages."
"9/1/2026 10:43:02 PM","7036","Information","Service Control Manager","The Storage Service service entered the running state."
"9/1/2026 10:43:02 PM","7036","Information","Service Control Manager","The Background Intelligent Transfer Service service entered the running state."
"9/1/2026 10:43:01 PM","7036","Information","Service Control Manager","The Delivery Optimization service entered the running state."
"9/1/2026 10:43:01 PM","7036","Information","Service Control Manager","The Windows Update Medic Service service entered the running state."
"9/1/2026 10:42:59 PM","7036","Information","Service Control Manager","The Network Connectivity Assistant service entered the stopped state."
"9/1/2026 10:42:58 PM","7036","Information","Service Control Manager","The Volume Shadow Copy service entered the running state."
"9/1/2026 10:42:56 PM","1014","Warning","Microsoft-Windows-DNS-Client","Name resolution for the name scaffold.htb timed out after none of the configured DNS servers responded."
"9/1/2026 10:42:54 PM","7036","Information","Service Control Manager","The DNS service entered the running state."
"9/1/2026 10:42:54 PM","16648","Information","Microsoft-Windows-Directory-Services-SAM","The request for a new account-identifier pool has completed successfully."
"9/1/2026 10:42:54 PM","16647","Information","Microsoft-Windows-Directory-Services-SAM","The domain controller is starting a request for a new account-identifier pool."
"9/1/2026 10:42:54 PM","7036","Information","Service Control Manager","The Distributed Transaction Coordinator service entered the running state."
"9/1/2026 10:42:50 PM","7036","Information","Service Control Manager","The MDT_Monitor service entered the running state."
"9/1/2026 10:42:45 PM","7036","Information","Service Control Manager","The Sysmon64 service entered the running state."
"9/1/2026 10:42:45 PM","10154","Warning","Microsoft-Windows-WinRM","The WinRM service failed to create the following SPNs: WSMAN/dc.scaffold.htb; WSMAN/dc. 

 Additional Data 
 The error received was 1355: %%1355.

 User Action 
 The SPNs can be created by an administrator using setspn.exe utility."
"9/1/2026 10:42:43 PM","7036","Information","Service Control Manager","The W3SVC service entered the running state."
"9/1/2026 10:42:41 PM","7036","Information","Service Control Manager","The Remote Access Connection Manager service entered the running state."
"9/1/2026 10:42:40 PM","7036","Information","Service Control Manager","The Display Policy Service service entered the running state."
"9/1/2026 10:42:39 PM","7036","Information","Service Control Manager","The W32Time service entered the running state."
"9/1/2026 10:42:39 PM","12","Warning","Microsoft-Windows-Time-Service","Time Provider NtpClient: This machine is configured to use the domain hierarchy to determine its time source, but it is the AD PDC emulator for the domain at the root of the forest, so there is no machine above it in the domain hierarchy to use as a time source. It is recommended that you either configure a reliable time service in the root domain, or manually configure the AD PDC to synchronize with an external time source. Otherwise, this machine will function as the authoritative time source in the domain hierarchy. If an external time source is not configured or used for this computer, you may choose to disable the NtpClient."
"9/1/2026 10:42:38 PM","7036","Information","Service Control Manager","The ADWS service entered the running state."
"9/1/2026 10:42:37 PM","7036","Information","Service Control Manager","The Virtual Disk service entered the running state."
"9/1/2026 10:42:37 PM","7026","Information","Service Control Manager","The following boot-start or system-start driver(s) did not load: 
dam"
"9/1/2026 10:42:37 PM","7036","Information","Service Control Manager","The COMSysApp service entered the running state."
"9/1/2026 10:42:37 PM","3","Information","Virtual Disk Service","Service started."
"9/1/2026 10:42:33 PM","7036","Information","Service Control Manager","The vmvss service entered the running state."
"9/1/2026 10:42:33 PM","7036","Information","Service Control Manager","The WinRM service entered the running state."
"9/1/2026 10:42:32 PM","7036","Information","Service Control Manager","The DiagTrack service entered the running state."
"9/1/2026 10:42:32 PM","7036","Information","Service Control Manager","The SQLTELEMETRY$SQLEXPRESS service entered the running state."
"9/1/2026 10:42:33 PM","10148","Information","Microsoft-Windows-WinRM","The WinRM service is listening for WS-Management requests. 

 User Action 
 Use the following command to see the specific IPs on which WinRM is listening: 

 winrm enumerate winrm/config/listener"
"9/1/2026 10:42:31 PM","7036","Information","Service Control Manager","The StateRepository service entered the running state."
"9/1/2026 10:42:30 PM","7036","Information","Service Control Manager","The WAS service entered the running state."
"9/1/2026 10:42:29 PM","7036","Information","Service Control Manager","The WpnService service entered the running state."
"9/1/2026 10:42:29 PM","7036","Information","Service Control Manager","The VM3DService service entered the running state."
"9/1/2026 10:42:28 PM","5211","Information","Microsoft-Windows-WAS","The Windows Process Activation Service (WAS) started with 'Classic' mode using 'ConfigurationSystem'"
"9/1/2026 10:42:26 PM","7036","Information","Service Control Manager","The VMTools service entered the running state."
"9/1/2026 10:42:26 PM","7036","Information","Service Control Manager","The Winmgmt service entered the running state."
"9/1/2026 10:42:26 PM","7036","Information","Service Control Manager","The VGAuthService service entered the running state."
"9/1/2026 10:42:26 PM","7036","Information","Service Control Manager","The SstpSvc service entered the running state."
"9/1/2026 10:42:26 PM","7036","Information","Service Control Manager","The SysMain service entered the running state."
"9/1/2026 10:42:26 PM","143","Information","Microsoft-Windows-Time-Service","The time service has started advertising as a good time source."
"9/1/2026 10:42:26 PM","139","Information","Microsoft-Windows-Time-Service","The time service has started advertising as a time source."
"9/1/2026 10:42:26 PM","7036","Information","Service Control Manager","The IsmServ service entered the running state."
"9/1/2026 10:42:26 PM","7036","Information","Service Control Manager","The SQLWriter service entered the running state."
"9/1/2026 10:42:26 PM","7036","Information","Service Control Manager","The AppHostSvc service entered the running state."
"9/1/2026 10:42:25 PM","7036","Information","Service Control Manager","The Dfs service entered the running state."
"9/1/2026 10:42:25 PM","7036","Information","Service Control Manager","The CertSvc service entered the running state."
"9/1/2026 10:42:25 PM","7036","Information","Service Control Manager","The DFSR service entered the running state."
"9/1/2026 10:42:26 PM","14531","Information","Microsoft-Windows-DfsSvc","DFS server has finished initializing."
"9/1/2026 10:42:26 PM","14533","Information","Microsoft-Windows-DfsSvc","DFS has finished building all namespaces."
"9/1/2026 10:42:25 PM","7036","Information","Service Control Manager","The CryptSvc service entered the running state."
"9/1/2026 10:42:25 PM","7036","Information","Service Control Manager","The RemoteRegistry service entered the running state."
"9/1/2026 10:42:25 PM","7036","Information","Service Control Manager","The CoreMessagingRegistrar service entered the running state."
"9/1/2026 10:42:25 PM","7036","Information","Service Control Manager","The AzureAttestService service entered the running state."
"9/1/2026 10:42:25 PM","7036","Information","Service Control Manager","The KeyIso service entered the running state."
"9/1/2026 10:42:24 PM","7036","Information","Service Control Manager","The Netlogon service entered the running state."
"9/1/2026 10:42:24 PM","7036","Information","Service Control Manager","The Spooler service entered the running state."
"9/1/2026 10:42:24 PM","4321","Error","NetBT","The name ""DC             :20"" could not be registered on the interface with IP address 10.129.246.248. The computer with the IP address 10.129.249.73 did not allow the name to be claimed by this computer."
"9/1/2026 10:42:24 PM","7036","Information","Service Control Manager","The LanmanServer service entered the running state."
"9/1/2026 10:42:24 PM","7036","Information","Service Control Manager","The SamSs service entered the running state."
"9/1/2026 10:42:24 PM","2505","Error","Server","The server could not bind to the transport \Device\NetBT_Tcpip_{B67533AE-77BD-4706-9E9E-53BCF481AA5A} because another computer on the network has the same name.  The server could not start."
"9/1/2026 10:42:19 PM","1014","Warning","Microsoft-Windows-DNS-Client","Name resolution for the name _ldap._tcp.dc._msdcs.scaffold.htb. timed out after none of the configured DNS servers responded."
"9/1/2026 10:42:18 PM","7036","Information","Service Control Manager","The NcbService service entered the running state."
"9/1/2026 10:42:18 PM","7036","Information","Service Control Manager","The NcaSvc service entered the stopped state."
"9/1/2026 10:42:18 PM","1014","Warning","Microsoft-Windows-DNS-Client","Name resolution for the name _ldap._tcp.dc._msdcs.scaffold.htb. timed out after none of the configured DNS servers responded."
"9/1/2026 10:42:18 PM","7036","Information","Service Control Manager","The LanmanWorkstation service entered the running state."
"9/1/2026 10:42:18 PM","7036","Information","Service Control Manager","The mpssvc service entered the running state."
"9/1/2026 10:42:18 PM","4321","Error","NetBT","The name ""DC             :0"" could not be registered on the interface with IP address 10.129.246.248. The computer with the IP address 10.129.249.73 did not allow the name to be claimed by this computer."
"9/1/2026 10:42:18 PM","36928","Error","Schannel","Could not retrieve an OCSP response.

   The Failure Reason is: REASON_OCSP_RESPONSE_RETRIEVAL_ERROR
    The OCSP Url is: 
   The previous OCSP response contained the following times:
      ThisUpdate: ‎1601‎-‎01‎-‎01T00:00:00.000000000Z
      NextUpdate: ‎1601‎-‎01‎-‎01T00:00:00.000000000Z

The attached data contains the certificate."
"9/1/2026 10:42:18 PM","7036","Information","Service Control Manager","The Kdc service entered the running state."
"9/1/2026 10:42:17 PM","7036","Information","Service Control Manager","The UserManager service entered the running state."
"9/1/2026 10:42:17 PM","1014","Warning","Microsoft-Windows-DNS-Client","Name resolution for the name _ldap._tcp.dc._msdcs.scaffold.htb. timed out after none of the configured DNS servers responded."
"9/1/2026 10:42:17 PM","7036","Information","Service Control Manager","The iphlpsvc service entered the running state."
"9/1/2026 10:42:17 PM","1014","Warning","Microsoft-Windows-DNS-Client","Name resolution for the name _ldap._tcp.dc._msdcs.scaffold.htb. timed out after none of the configured DNS servers responded."
"9/1/2026 10:42:17 PM","7036","Information","Service Control Manager","The IKEEXT service entered the running state."
"9/1/2026 10:42:17 PM","7036","Information","Service Control Manager","The PolicyAgent service entered the running state."
"9/1/2026 10:42:17 PM","7036","Information","Service Control Manager","The Wcmsvc service entered the running state."
"9/1/2026 10:42:17 PM","7036","Information","Service Control Manager","The FontCache service entered the running state."
"9/1/2026 10:42:16 PM","1014","Warning","Microsoft-Windows-DNS-Client","Name resolution for the name wpad timed out after none of the configured DNS servers responded."
"9/1/2026 10:42:16 PM","7036","Information","Service Control Manager","The ShellHWDetection service entered the running state."
"9/1/2026 10:42:16 PM","7036","Information","Service Control Manager","The WinHttpAutoProxySvc service entered the running state."
"9/1/2026 10:42:16 PM","7036","Information","Service Control Manager","The DsmSvc service entered the running state."
"9/1/2026 10:42:16 PM","7036","Information","Service Control Manager","The Schedule service entered the running state."
"9/1/2026 10:42:16 PM","7036","Information","Service Control Manager","The BFE service entered the running state."
"9/1/2026 10:42:16 PM","7036","Information","Service Control Manager","The SENS service entered the running state."
"9/1/2026 10:42:16 PM","7036","Information","Service Control Manager","The ProfSvc service entered the running state."
"9/1/2026 10:42:16 PM","7036","Information","Service Control Manager","The netprofm service entered the running state."
"9/1/2026 10:42:16 PM","7036","Information","Service Control Manager","The EventSystem service entered the running state."
"9/1/2026 10:42:16 PM","23","Error","Microsoft-Windows-Eventlog","The event logging service encountered an error (res=5) while initializing logging resources for channel Windows PowerShell."
"9/1/2026 10:42:16 PM","1014","Warning","Microsoft-Windows-DNS-Client","Name resolution for the name _ldap._tcp.dc._msdcs.scaffold.htb. timed out after none of the configured DNS servers responded."
"9/1/2026 10:42:16 PM","7036","Information","Service Control Manager","The Themes service entered the running state."
"9/1/2026 10:42:16 PM","7036","Information","Service Control Manager","The NTDS service entered the running state."
"9/1/2026 10:42:16 PM","7036","Information","Service Control Manager","The NlaSvc service entered the running state."
"9/1/2026 10:42:16 PM","7036","Information","Service Control Manager","The gpsvc service entered the running state."
"9/1/2026 10:42:16 PM","6","Information","Microsoft-Windows-FilterManager","File System Filter 'bindflt' (10.0, ‎2051‎-‎03‎-‎03T20:45:47.000000000Z) has successfully loaded and registered with Filter Manager."
"9/1/2026 10:42:16 PM","6","Information","Microsoft-Windows-FilterManager","File System Filter 'storqosflt' (10.0, ‎2051‎-‎09‎-‎21T05:40:20.000000000Z) has successfully loaded and registered with Filter Manager."
"9/1/2026 10:42:16 PM","6","Information","Microsoft-Windows-FilterManager","File System Filter 'CldFlt' (10.0, ‎2074‎-‎11‎-‎09T08:03:12.000000000Z) has successfully loaded and registered with Filter Manager."
"9/1/2026 10:42:16 PM","1","Information","Microsoft-Windows-FilterManager","File System Filter 'CldFlt' (Version 10.0, ‎2074‎-‎11‎-‎09T08:03:12.000000000Z) unloaded successfully."
"9/1/2026 10:42:16 PM","6","Information","Microsoft-Windows-FilterManager","File System Filter 'CldFlt' (10.0, ‎2074‎-‎11‎-‎09T08:03:12.000000000Z) has successfully loaded and registered with Filter Manager."
"9/1/2026 10:42:16 PM","6","Information","Microsoft-Windows-FilterManager","File System Filter 'luafv' (10.0, ‎2068‎-‎10‎-‎11T15:22:37.000000000Z) has successfully loaded and registered with Filter Manager."
"9/1/2026 10:42:16 PM","7036","Information","Service Control Manager","The WPDBusEnum service entered the running state."
"9/1/2026 10:42:16 PM","7036","Information","Service Control Manager","The EventLog service entered the running state."
"9/1/2026 10:42:16 PM","6","Information","Microsoft-Windows-FilterManager","File System Filter 'wcifs' (10.0, ‎2088‎-‎12‎-‎15T04:51:43.000000000Z) has successfully loaded and registered with Filter Manager."
"9/1/2026 10:42:16 PM","7036","Information","Service Control Manager","The Dnscache service entered the running state."
"9/1/2026 10:42:16 PM","7036","Information","Service Control Manager","The Dhcp service entered the running state."
"9/1/2026 10:42:16 PM","51046","Information","Microsoft-Windows-DHCPv6-Client","DHCPv6 client service is started"
"9/1/2026 10:42:16 PM","7036","Information","Service Control Manager","The TimeBrokerSvc service entered the running state."
"9/1/2026 10:42:16 PM","50036","Information","Microsoft-Windows-Dhcp-Client","DHCPv4 client service is started"
"9/1/2026 10:42:16 PM","50103","Information","Microsoft-Windows-Dhcp-Client","DHCPv4 client registered for shutdown notification"
"9/1/2026 10:42:16 PM","50036","Information","Microsoft-Windows-Dhcp-Client","DHCPv4 client service is started"
"9/1/2026 10:42:15 PM","7036","Information","Service Control Manager","The nsi service entered the running state."
"9/1/2026 10:42:15 PM","7036","Information","Service Control Manager","The lmhosts service entered the running state."
"9/1/2026 10:42:15 PM","7036","Information","Service Control Manager","The SystemEventsBroker service entered the running state."
"9/1/2026 10:42:15 PM","7036","Information","Service Control Manager","The BrokerInfrastructure service entered the running state."
"9/1/2026 10:42:14 PM","7036","Information","Service Control Manager","The LSM service entered the running state."
"9/1/2026 10:42:14 PM","7036","Information","Service Control Manager","The RpcSs service entered the running state."
"9/1/2026 10:42:14 PM","7036","Information","Service Control Manager","The RpcEptMapper service entered the running state."
"9/1/2026 10:42:14 PM","7036","Information","Service Control Manager","The DcomLaunch service entered the running state."
"9/1/2026 10:42:14 PM","7036","Information","Service Control Manager","The Power service entered the running state."
"9/1/2026 10:42:14 PM","7036","Information","Service Control Manager","The PlugPlay service entered the running state."
"9/1/2026 10:42:14 PM","16983","Information","Microsoft-Windows-Directory-Services-SAM","The security account manager is now logging periodic summary events for remote clients that call legacy password change or set RPC methods.

For more information please see https://go.microsoft.com/fwlink/?linkid=2150956.
"
"9/1/2026 10:42:14 PM","16977","Information","Microsoft-Windows-Directory-Services-SAM","The domain is configured with the following minimum password length-related settings.

MinimumPasswordLength: 7

RelaxMinimumPasswordLengthLimits: 0

MinimumPasswordLengthAudit: -1

For more information see https://go.microsoft.com/fwlink/?LinkId=2097191.
"
"9/1/2026 10:42:14 PM","16977","Information","Microsoft-Windows-Directory-Services-SAM","The domain is configured with the following minimum password length-related settings.

MinimumPasswordLength: 7

RelaxMinimumPasswordLengthLimits: 0

MinimumPasswordLengthAudit: 0

For more information see https://go.microsoft.com/fwlink/?LinkId=2097191.
"
"9/1/2026 10:42:14 PM","16654","Information","Microsoft-Windows-Directory-Services-SAM","A pool of account-identifiers (RIDs) has been invalidated. This may occur in the following expected cases:
1. A domain controller is restored from backup. 
2. A domain controller running on a virtual machine is restored from snapshot. 
3. An administrator has manually invalidated the pool. 
See http://go.microsoft.com/fwlink/?LinkId=226247 for more information."
"9/1/2026 10:42:13 PM","16962","Information","Microsoft-Windows-Directory-Services-SAM","Remote calls to the SAM database are being restricted using the default security descriptor: .
For more information please see http://go.microsoft.com/fwlink/?LinkId=787651."
"9/1/2026 10:42:12 PM","14","Information","Microsoft-Windows-Wininit","Credential Guard configuration: 0x0, 0"
"9/1/2026 10:42:12 PM","24","Information","Microsoft-Windows-Kernel-General","The time zone information was refreshed with exit reason 0. Current time zone bias is 420."
"9/1/2026 10:42:10 PM","98","Error","Microsoft-Windows-Ntfs","Volume \\?\Volume{2bc8a4fb-ec89-41c1-8fb3-d753243c8254} (\Device\HarddiskVolume5) needs to be taken offline to perform a Full Chkdsk.  Please run ""CHKDSK /F"" locally via the command line, or run ""REPAIR-VOLUME <drive:>"" locally or remotely via PowerShell."
"9/1/2026 10:42:10 PM","98","Error","Microsoft-Windows-Ntfs","Volume Y: (\Device\HarddiskVolume4) needs to be taken offline to perform a Full Chkdsk.  Please run ""CHKDSK /F"" locally via the command line, or run ""REPAIR-VOLUME <drive:>"" locally or remotely via PowerShell."
"9/1/2026 10:42:09 PM","55","Information","Microsoft-Windows-Kernel-Processor-Power","Processor 1 in group 0 exposes the following power management capabilities:

Idle state type: ACPI Idle (C) States (1 state(s))

Performance state type: None
Nominal Frequency (MHz): 2994
Maximum performance percentage: 100
Minimum performance percentage: 100
Minimum throttle percentage: 100"
"9/1/2026 10:42:09 PM","55","Information","Microsoft-Windows-Kernel-Processor-Power","Processor 0 in group 0 exposes the following power management capabilities:

Idle state type: ACPI Idle (C) States (1 state(s))

Performance state type: None
Nominal Frequency (MHz): 2994
Maximum performance percentage: 100
Minimum performance percentage: 100
Minimum throttle percentage: 100"
"9/1/2026 10:42:09 PM","172","Information","Microsoft-Windows-Kernel-Power","Connectivity state in standby: Disconnected, Reason: NIC compliance"
"9/1/2026 10:42:09 PM","6","Information","Microsoft-Windows-FilterManager","File System Filter 'npsvctrig' (10.0, ‎2015‎-‎04‎-‎02T03:42:38.000000000Z) has successfully loaded and registered with Filter Manager."
"9/1/2026 10:42:09 PM","6","Information","Microsoft-Windows-FilterManager","File System Filter 'DfsDriver' (10.0, ‎2053‎-‎07‎-‎29T02:36:42.000000000Z) has successfully loaded and registered with Filter Manager."
"9/1/2026 10:42:09 PM","6","Information","Microsoft-Windows-FilterManager","File System Filter 'FileCrypt' (10.0, ‎2088‎-‎05‎-‎23T23:57:52.000000000Z) has successfully loaded and registered with Filter Manager."
"9/1/2026 10:42:09 PM","98","Warning","Microsoft-Windows-Ntfs","Volume C: (\Device\HarddiskVolume3) requires an Online Scan.  An Online Scan will automatically run as part of the next scheduled maintenance task.  Alternatively you may run ""CHKDSK /SCAN"" locally via the command line, or run ""REPAIR-VOLUME <drive:> -SCAN"" locally or remotely via PowerShell."
"9/1/2026 10:42:09 PM","6","Information","Microsoft-Windows-FilterManager","File System Filter 'SysmonDrv' (0.0, ‎2026‎-‎06‎-‎17T09:58:39.000000000Z) has successfully loaded and registered with Filter Manager."
"9/1/2026 10:42:09 PM","6","Information","Microsoft-Windows-FilterManager","File System Filter 'DfsrRo' (10.0, ‎1999‎-‎03‎-‎20T18:16:31.000000000Z) has successfully loaded and registered with Filter Manager."
"9/1/2026 10:42:09 PM","6","Information","Microsoft-Windows-FilterManager","File System Filter 'Wof' (10.0, ‎2008‎-‎09‎-‎17T11:19:58.000000000Z) has successfully loaded and registered with Filter Manager."
"9/1/2026 10:42:07 PM","3","Information","vmci","VMCI: Using capabilities (0x1c).
"
"9/1/2026 10:42:05 PM","16","Information","Microsoft-Windows-HAL","The iommu fault reporting has been initialized."
"9/1/2026 10:42:05 PM","20","Information","Microsoft-Windows-Kernel-General","The leap second configuration has been updated.
Reason: Leap second data initialized from registry during boot
Leap seconds enabled: true
New leap second count: 0
Old leap second count: 0"
"9/1/2026 10:42:05 PM","32","Information","Microsoft-Windows-Kernel-Boot","The bootmgr spent 0 ms waiting for user input."
"9/1/2026 10:42:05 PM","18","Information","Microsoft-Windows-Kernel-Boot","There are 0x1 boot options on this system."
"9/1/2026 10:42:05 PM","27","Information","Microsoft-Windows-Kernel-Boot","The boot type was 0x0."
"9/1/2026 10:42:05 PM","25","Information","Microsoft-Windows-Kernel-Boot","The boot menu policy was 0x0."
"9/1/2026 10:42:05 PM","238","Information","Microsoft-Windows-Kernel-Boot","EFI time zone bias: 2047. Daylight flags: 0. Firmware time: ‎2026‎-‎09‎-‎01T22:42:05.000000000Z."
"9/1/2026 10:42:05 PM","20","Information","Microsoft-Windows-Kernel-Boot","The last shutdown's success status was true. The last boot's success status was true."
"9/1/2026 10:42:05 PM","153","Information","Microsoft-Windows-Kernel-Boot","Virtualization-based security (policies: 0) is disabled."
"9/1/2026 10:42:05 PM","12","Information","Microsoft-Windows-Kernel-General","The operating system started at system time ‎2026‎-‎09‎-‎02T05:42:05.500000000Z."
"9/1/2026 9:55:52 PM","13","Information","Microsoft-Windows-Kernel-General","The operating system is shutting down at system time ‎2026‎-‎09‎-‎02T04:55:52.076532700Z."
"9/1/2026 9:55:51 PM","109","Information","Microsoft-Windows-Kernel-Power","The kernel power manager has initiated a shutdown transition.

Shutdown Reason: Kernel API"
"9/1/2026 9:55:49 PM","7036","Information","Service Control Manager","The SQL Server (SQLEXPRESS) service entered the stopped state."
"9/1/2026 9:55:48 PM","7036","Information","Service Control Manager","The Volume Shadow Copy service entered the stopped state."
"9/1/2026 9:55:48 PM","7036","Information","Service Control Manager","The Task Scheduler service entered the stopped state."
"9/1/2026 9:55:48 PM","7036","Information","Service Control Manager","The Windows Event Log service entered the stopped state."
"9/1/2026 9:55:48 PM","7036","Information","Service Control Manager","The Windows Process Activation Service service entered the stopped state."
"9/1/2026 9:55:48 PM","7036","Information","Service Control Manager","The Active Directory Certificate Services service entered the stopped state."
"9/1/2026 9:55:48 PM","7036","Information","Service Control Manager","The Cryptographic Services service entered the stopped state."
"9/1/2026 9:55:48 PM","7036","Information","Service Control Manager","The WMI Performance Adapter service entered the stopped state."
"9/1/2026 9:55:48 PM","7036","Information","Service Control Manager","The Application Host Helper Service service entered the stopped state."
"9/1/2026 10:42:16 PM","6013","Information","EventLog","The system uptime is 10 seconds."
"9/1/2026 10:42:16 PM","6005","Information","EventLog","The Event log service was started."
"9/1/2026 10:42:16 PM","6009","Information","EventLog","Microsoft (R) Windows (R) 10.00. 20348  Multiprocessor Free."
"9/1/2026 9:55:48 PM","7036","Information","Service Control Manager","The SQL Server VSS Writer service entered the stopped state."
"9/1/2026 9:55:48 PM","7036","Information","Service Control Manager","The Device Setup Manager service entered the stopped state."
"9/1/2026 9:55:48 PM","7036","Information","Service Control Manager","The Remote Access Connection Manager service entered the stopped state."
"9/1/2026 9:55:47 PM","7036","Information","Service Control Manager","The DFS Replication service entered the stopped state."
"9/1/2026 9:55:47 PM","7036","Information","Service Control Manager","The Windows Remote Management (WS-Management) service entered the stopped state."
"9/1/2026 9:55:47 PM","7036","Information","Service Control Manager","The State Repository Service service entered the stopped state."
"9/1/2026 9:55:47 PM","7036","Information","Service Control Manager","The WinHTTP Web Proxy Auto-Discovery Service service entered the stopped state."
"9/1/2026 9:55:47 PM","7036","Information","Service Control Manager","The DHCP Client service entered the stopped state."
"9/1/2026 9:55:47 PM","7036","Information","Service Control Manager","The DNS Server service entered the stopped state."
"9/1/2026 9:55:47 PM","7036","Information","Service Control Manager","The IKE and AuthIP IPsec Keying Modules service entered the stopped state."
"9/1/2026 9:55:47 PM","7036","Information","Service Control Manager","The vds service entered the stopped state."
"9/1/2026 9:55:47 PM","7036","Information","Service Control Manager","The Active Directory Domain Services service entered the stopped state."
"9/1/2026 9:55:47 PM","7036","Information","Service Control Manager","The Secure Socket Tunneling Protocol Service service entered the stopped state."
"9/1/2026 9:55:47 PM","50037","Information","Microsoft-Windows-Dhcp-Client","DHCPv4 client service is stopped. ShutDown Flag value is 1"
"9/1/2026 9:55:47 PM","50106","Information","Microsoft-Windows-Dhcp-Client","DHCPv4 is waiting on DHCPv6 service to stop"
"9/1/2026 9:55:47 PM","7036","Information","Service Control Manager","The Windows Connection Manager service entered the stopped state."
"9/1/2026 9:55:47 PM","7036","Information","Service Control Manager","The User Profile Service service entered the stopped state."
"9/1/2026 9:55:47 PM","7036","Information","Service Control Manager","The SQL Server CEIP service (SQLEXPRESS) service entered the stopped state."
"9/1/2026 9:55:47 PM","7036","Information","Service Control Manager","The IPsec Policy Agent service entered the stopped state."
"9/1/2026 9:55:47 PM","51057","Information","Microsoft-Windows-DHCPv6-Client","DHCPv6 client service stop is almost done.DHCP Context Ref count is 1"
"9/1/2026 9:55:47 PM","51047","Information","Microsoft-Windows-DHCPv6-Client","DHCPv6 client service is stopped. ShutDown Flag value is 1"
"9/1/2026 9:55:47 PM","7036","Information","Service Control Manager","The Plug and Play service entered the stopped state."
"9/1/2026 9:55:47 PM","7036","Information","Service Control Manager","The Windows Time service entered the stopped state."
"9/1/2026 9:55:47 PM","50105","Information","Microsoft-Windows-Dhcp-Client","DHCPv4 client ProcessDHCPRequestForever received TERMINATE_EVENT"
"9/1/2026 9:55:47 PM","50104","Information","Microsoft-Windows-Dhcp-Client","DHCPv4 client received shutdown notification"
"9/1/2026 9:55:47 PM","7036","Information","Service Control Manager","The Windows Update Medic Service service entered the stopped state."
"9/1/2026 9:55:46 PM","7036","Information","Service Control Manager","The Windows Font Cache Service service entered the stopped state."
"9/1/2026 9:55:46 PM","7036","Information","Service Control Manager","The Microsoft Deployment Toolkit Monitor Service service entered the stopped state."
"9/1/2026 9:55:46 PM","7036","Information","Service Control Manager","The Distributed Transaction Coordinator service entered the stopped state."
"9/1/2026 9:55:46 PM","7036","Information","Service Control Manager","The SysMain service entered the stopped state."
"9/1/2026 9:55:46 PM","7036","Information","Service Control Manager","The Windows Management Instrumentation service entered the stopped state."
"9/1/2026 9:55:46 PM","7036","Information","Service Control Manager","The World Wide Web Publishing Service service entered the stopped state."
"9/1/2026 9:55:46 PM","7036","Information","Service Control Manager","The Active Directory Web Services service entered the stopped state."
"9/1/2026 9:55:46 PM","7036","Information","Service Control Manager","The AppX Deployment Service (AppXSVC) service entered the stopped state."
"9/1/2026 9:55:46 PM","7036","Information","Service Control Manager","The Client License Service (ClipSVC) service entered the stopped state."
"9/1/2026 9:55:46 PM","7036","Information","Service Control Manager","The Background Intelligent Transfer Service service entered the stopped state."
"9/1/2026 9:55:47 PM","6006","Information","EventLog","The Event log service was stopped."
