"5/18/2026 4:48:08 PM","1006","Error","Microsoft-Windows-SMBServer","The share denied access to the client.

Client Name: \\[fe80::a8ce:f8d:3cf2:a7f5]
Client Address: [fe80::a8ce:f8d:3cf2:a7f50xC0000022]:49779
User Name: SCAFFOLD\Administrator
Session ID: 0x480000000009
Share Name: \\*\Ready
Share Path: \??\C:\Software\Packages\Ready
Status: {Access Denied}
A process has requested access to an object, but has not been granted those access rights. (0xC0000022)
Mapped Access: 0x100080
Granted Access: 0x0
Security Descriptor: 0x010004804000000050000000000000001400000002002C000100000000002400FF011F00010500000000000515000000F5B0CF1512C8CDA9C5D939CF0302000001020000000000052000000020020000010500000000000515000000F5B0CF1512C8CDA9C5D939CF01020000

Guidance:

You should expect access denied errors when a principal accesses a share without the necessary permissions. Usually, this indicates that the principal does not have direct security permissions or lacks membership in a group that has direct access permissions. To determine and correct the permissions on the specified share, an administrator can use the Security tab in File Explorer Properties dialog, the SMBSHARE Windows PowerShell module, or the NET SHARE command. You can also use the Effective Access tab in File Explorer to help diagnose the issue.

Applications may generate access denied errors if they attempt to open files in a writable mode first, and then reopen the files in a read-only mode. In this case, no user action is required.

If access to the share is denied and this event is not logged, you can examine the file and folder NTFS/REFS permissions.

This error does not indicate a problem with authentication, only authorization."
"5/17/2026 9:18:46 AM","551","Error","Microsoft-Windows-SMBServer","SMB Session Authentication Failure

Client Name: \\192.168.100.1
Client Address: 192.168.100.1:36136
User Name: 
Session ID: 0x340000000041
Status: The referenced account is currently disabled and may not be logged on to. (0xC0000072)
SPN: session setup failed before the SPN could be queried
SPN Validation Policy: SPN optional / no validation

Guidance:

You should expect this error when attempting to connect to shares using incorrect credentials.

This error does not always indicate a problem with authorization, but mainly authentication. It is more common with non-Windows clients.

This error can occur when using incorrect usernames and passwords with NTLM, mismatched LmCompatibility settings between client and server, an incorrect service principal name, duplicate Kerberos service principal names, incorrect Kerberos ticket-granting service tickets, or Guest accounts without Guest access enabled"
"5/17/2026 9:17:35 AM","551","Error","Microsoft-Windows-SMBServer","SMB Session Authentication Failure

Client Name: \\192.168.100.1
Client Address: 192.168.100.1:41262
User Name: 
Session ID: 0x340000000039
Status: The user's account has expired. (0xC0000193)
SPN: session setup failed before the SPN could be queried
SPN Validation Policy: SPN optional / no validation

Guidance:

You should expect this error when attempting to connect to shares using incorrect credentials.

This error does not always indicate a problem with authorization, but mainly authentication. It is more common with non-Windows clients.

This error can occur when using incorrect usernames and passwords with NTLM, mismatched LmCompatibility settings between client and server, an incorrect service principal name, duplicate Kerberos service principal names, incorrect Kerberos ticket-granting service tickets, or Guest accounts without Guest access enabled"
"5/17/2026 9:16:20 AM","1006","Error","Microsoft-Windows-SMBServer","The share denied access to the client.

Client Name: \\192.168.100.1
Client Address: 192.168.100.1:52992
User Name: SCAFFOLD\j.harris
Session ID: 0x340000000021
Share Name: \\*\REMINST
Share Path: \??\C:\RemoteInstall
Status: {Access Denied}
A process has requested access to an object, but has not been granted those access rights. (0xC0000022)
Mapped Access: 0x2
Granted Access: 0x0
Security Descriptor: 0x0100048084000000940000000000000014000000020070000400000000031400FF011F0001010000000000051200000000031800FF011F000102000000000005200000002002000000031400A900120001010000000000050B00000000032800FF011F00010600000000000550000000EEB8A9641355D7C01EEA005250362135069D16DC01020000000000052000000020020000010500000000000515000000F5B0CF1512C8CDA9C5D939CF01020000

Guidance:

You should expect access denied errors when a principal accesses a share without the necessary permissions. Usually, this indicates that the principal does not have direct security permissions or lacks membership in a group that has direct access permissions. To determine and correct the permissions on the specified share, an administrator can use the Security tab in File Explorer Properties dialog, the SMBSHARE Windows PowerShell module, or the NET SHARE command. You can also use the Effective Access tab in File Explorer to help diagnose the issue.

Applications may generate access denied errors if they attempt to open files in a writable mode first, and then reopen the files in a read-only mode. In this case, no user action is required.

If access to the share is denied and this event is not logged, you can examine the file and folder NTFS/REFS permissions.

This error does not indicate a problem with authentication, only authorization."
"5/17/2026 9:16:20 AM","1006","Error","Microsoft-Windows-SMBServer","The share denied access to the client.

Client Name: \\192.168.100.1
Client Address: 192.168.100.1:52992
User Name: SCAFFOLD\j.harris
Session ID: 0x340000000021
Share Name: \\*\REMINST
Share Path: \??\C:\RemoteInstall
Status: {Access Denied}
A process has requested access to an object, but has not been granted those access rights. (0xC0000022)
Mapped Access: 0x1F01FF
Granted Access: 0x0
Security Descriptor: 0x0100048084000000940000000000000014000000020070000400000000031400FF011F0001010000000000051200000000031800FF011F000102000000000005200000002002000000031400A900120001010000000000050B00000000032800FF011F00010600000000000550000000EEB8A9641355D7C01EEA005250362135069D16DC01020000000000052000000020020000010500000000000515000000F5B0CF1512C8CDA9C5D939CF01020000

Guidance:

You should expect access denied errors when a principal accesses a share without the necessary permissions. Usually, this indicates that the principal does not have direct security permissions or lacks membership in a group that has direct access permissions. To determine and correct the permissions on the specified share, an administrator can use the Security tab in File Explorer Properties dialog, the SMBSHARE Windows PowerShell module, or the NET SHARE command. You can also use the Effective Access tab in File Explorer to help diagnose the issue.

Applications may generate access denied errors if they attempt to open files in a writable mode first, and then reopen the files in a read-only mode. In this case, no user action is required.

If access to the share is denied and this event is not logged, you can examine the file and folder NTFS/REFS permissions.

This error does not indicate a problem with authentication, only authorization."
"5/17/2026 9:16:20 AM","1006","Error","Microsoft-Windows-SMBServer","The share denied access to the client.

Client Name: \\192.168.100.1
Client Address: 192.168.100.1:52992
User Name: SCAFFOLD\j.harris
Session ID: 0x340000000021
Share Name: \\*\NETLOGON
Share Path: \??\C:\Windows\SYSVOL\sysvol\scaffold.htb\SCRIPTS
Status: {Access Denied}
A process has requested access to an object, but has not been granted those access rights. (0xC0000022)
Mapped Access: 0x2
Granted Access: 0x0
Security Descriptor: 0x0100048048000000580000000000000014000000020034000200000000001400A900120001010000000000010000000000001800FF011F000102000000000005200000002002000001020000000000052000000020020000010100000000000512000000

Guidance:

You should expect access denied errors when a principal accesses a share without the necessary permissions. Usually, this indicates that the principal does not have direct security permissions or lacks membership in a group that has direct access permissions. To determine and correct the permissions on the specified share, an administrator can use the Security tab in File Explorer Properties dialog, the SMBSHARE Windows PowerShell module, or the NET SHARE command. You can also use the Effective Access tab in File Explorer to help diagnose the issue.

Applications may generate access denied errors if they attempt to open files in a writable mode first, and then reopen the files in a read-only mode. In this case, no user action is required.

If access to the share is denied and this event is not logged, you can examine the file and folder NTFS/REFS permissions.

This error does not indicate a problem with authentication, only authorization."
"5/17/2026 9:16:20 AM","1006","Error","Microsoft-Windows-SMBServer","The share denied access to the client.

Client Name: \\192.168.100.1
Client Address: 192.168.100.1:52992
User Name: SCAFFOLD\j.harris
Session ID: 0x340000000021
Share Name: \\*\NETLOGON
Share Path: \??\C:\Windows\SYSVOL\sysvol\scaffold.htb\SCRIPTS
Status: {Access Denied}
A process has requested access to an object, but has not been granted those access rights. (0xC0000022)
Mapped Access: 0x1F01FF
Granted Access: 0x0
Security Descriptor: 0x0100048048000000580000000000000014000000020034000200000000001400A900120001010000000000010000000000001800FF011F000102000000000005200000002002000001020000000000052000000020020000010100000000000512000000

Guidance:

You should expect access denied errors when a principal accesses a share without the necessary permissions. Usually, this indicates that the principal does not have direct security permissions or lacks membership in a group that has direct access permissions. To determine and correct the permissions on the specified share, an administrator can use the Security tab in File Explorer Properties dialog, the SMBSHARE Windows PowerShell module, or the NET SHARE command. You can also use the Effective Access tab in File Explorer to help diagnose the issue.

Applications may generate access denied errors if they attempt to open files in a writable mode first, and then reopen the files in a read-only mode. In this case, no user action is required.

If access to the share is denied and this event is not logged, you can examine the file and folder NTFS/REFS permissions.

This error does not indicate a problem with authentication, only authorization."
"5/17/2026 9:16:20 AM","1006","Error","Microsoft-Windows-SMBServer","The share denied access to the client.

Client Name: \\192.168.100.1
Client Address: 192.168.100.1:52992
User Name: SCAFFOLD\j.harris
Session ID: 0x340000000021
Share Name: \\*\DeploymentShare$
Share Path: \??\Y:\DeploymentShare
Status: {Access Denied}
A process has requested access to an object, but has not been granted those access rights. (0xC0000022)
Mapped Access: 0x2
Granted Access: 0x0
Security Descriptor: 0x0100048034000000440000000000000014000000020020000100000000031800FF011F000102000000000005200000002002000001020000000000052000000020020000010500000000000515000000F5B0CF1512C8CDA9C5D939CF01020000

Guidance:

You should expect access denied errors when a principal accesses a share without the necessary permissions. Usually, this indicates that the principal does not have direct security permissions or lacks membership in a group that has direct access permissions. To determine and correct the permissions on the specified share, an administrator can use the Security tab in File Explorer Properties dialog, the SMBSHARE Windows PowerShell module, or the NET SHARE command. You can also use the Effective Access tab in File Explorer to help diagnose the issue.

Applications may generate access denied errors if they attempt to open files in a writable mode first, and then reopen the files in a read-only mode. In this case, no user action is required.

If access to the share is denied and this event is not logged, you can examine the file and folder NTFS/REFS permissions.

This error does not indicate a problem with authentication, only authorization."
"5/17/2026 9:16:20 AM","1006","Error","Microsoft-Windows-SMBServer","The share denied access to the client.

Client Name: \\192.168.100.1
Client Address: 192.168.100.1:52992
User Name: SCAFFOLD\j.harris
Session ID: 0x340000000021
Share Name: \\*\DeploymentShare$
Share Path: \??\Y:\DeploymentShare
Status: {Access Denied}
A process has requested access to an object, but has not been granted those access rights. (0xC0000022)
Mapped Access: 0x1F01FF
Granted Access: 0x0
Security Descriptor: 0x0100048034000000440000000000000014000000020020000100000000031800FF011F000102000000000005200000002002000001020000000000052000000020020000010500000000000515000000F5B0CF1512C8CDA9C5D939CF01020000

Guidance:

You should expect access denied errors when a principal accesses a share without the necessary permissions. Usually, this indicates that the principal does not have direct security permissions or lacks membership in a group that has direct access permissions. To determine and correct the permissions on the specified share, an administrator can use the Security tab in File Explorer Properties dialog, the SMBSHARE Windows PowerShell module, or the NET SHARE command. You can also use the Effective Access tab in File Explorer to help diagnose the issue.

Applications may generate access denied errors if they attempt to open files in a writable mode first, and then reopen the files in a read-only mode. In this case, no user action is required.

If access to the share is denied and this event is not logged, you can examine the file and folder NTFS/REFS permissions.

This error does not indicate a problem with authentication, only authorization."
"5/17/2026 9:16:20 AM","1006","Error","Microsoft-Windows-SMBServer","The share denied access to the client.

Client Name: \\192.168.100.1
Client Address: 192.168.100.1:52992
User Name: SCAFFOLD\j.harris
Session ID: 0x340000000021
Share Name: \\*\DeploymentShare$
Share Path: \??\Y:\DeploymentShare
Status: {Access Denied}
A process has requested access to an object, but has not been granted those access rights. (0xC0000022)
Mapped Access: 0x81
Granted Access: 0x0
Security Descriptor: 0x0100048034000000440000000000000014000000020020000100000000031800FF011F000102000000000005200000002002000001020000000000052000000020020000010500000000000515000000F5B0CF1512C8CDA9C5D939CF01020000

Guidance:

You should expect access denied errors when a principal accesses a share without the necessary permissions. Usually, this indicates that the principal does not have direct security permissions or lacks membership in a group that has direct access permissions. To determine and correct the permissions on the specified share, an administrator can use the Security tab in File Explorer Properties dialog, the SMBSHARE Windows PowerShell module, or the NET SHARE command. You can also use the Effective Access tab in File Explorer to help diagnose the issue.

Applications may generate access denied errors if they attempt to open files in a writable mode first, and then reopen the files in a read-only mode. In this case, no user action is required.

If access to the share is denied and this event is not logged, you can examine the file and folder NTFS/REFS permissions.

This error does not indicate a problem with authentication, only authorization."
"5/17/2026 9:16:15 AM","1015","Error","Microsoft-Windows-SMBServer","Decrypt call failed.

Client Name: \
Client Address: 192.168.100.1:41014
Session ID: 0x0
Status: The remote user session has been deleted. (0xC0000203)

Guidance:

This event commonly occurs because a previous SMB session no longer exists. It may also be caused by packets that are altered on the network between the computers due to either errors or a ""man-in-the-middle"" attack."
"5/17/2026 9:13:29 AM","1015","Error","Microsoft-Windows-SMBServer","Decrypt call failed.

Client Name: \
Client Address: 192.168.100.1:38396
Session ID: 0x0
Status: The remote user session has been deleted. (0xC0000203)

Guidance:

This event commonly occurs because a previous SMB session no longer exists. It may also be caused by packets that are altered on the network between the computers due to either errors or a ""man-in-the-middle"" attack."
"5/17/2026 9:12:40 AM","1006","Error","Microsoft-Windows-SMBServer","The share denied access to the client.

Client Name: \\192.168.100.1
Client Address: 192.168.100.1:33980
User Name: SCAFFOLD\j.harris
Session ID: 0x300000000031
Share Name: \\*\REMINST
Share Path: \??\C:\RemoteInstall
Status: {Access Denied}
A process has requested access to an object, but has not been granted those access rights. (0xC0000022)
Mapped Access: 0x2
Granted Access: 0x0
Security Descriptor: 0x0100048084000000940000000000000014000000020070000400000000031400FF011F0001010000000000051200000000031800FF011F000102000000000005200000002002000000031400A900120001010000000000050B00000000032800FF011F00010600000000000550000000EEB8A9641355D7C01EEA005250362135069D16DC01020000000000052000000020020000010500000000000515000000F5B0CF1512C8CDA9C5D939CF01020000

Guidance:

You should expect access denied errors when a principal accesses a share without the necessary permissions. Usually, this indicates that the principal does not have direct security permissions or lacks membership in a group that has direct access permissions. To determine and correct the permissions on the specified share, an administrator can use the Security tab in File Explorer Properties dialog, the SMBSHARE Windows PowerShell module, or the NET SHARE command. You can also use the Effective Access tab in File Explorer to help diagnose the issue.

Applications may generate access denied errors if they attempt to open files in a writable mode first, and then reopen the files in a read-only mode. In this case, no user action is required.

If access to the share is denied and this event is not logged, you can examine the file and folder NTFS/REFS permissions.

This error does not indicate a problem with authentication, only authorization."
"5/17/2026 9:12:40 AM","1006","Error","Microsoft-Windows-SMBServer","The share denied access to the client.

Client Name: \\192.168.100.1
Client Address: 192.168.100.1:33980
User Name: SCAFFOLD\j.harris
Session ID: 0x300000000031
Share Name: \\*\REMINST
Share Path: \??\C:\RemoteInstall
Status: {Access Denied}
A process has requested access to an object, but has not been granted those access rights. (0xC0000022)
Mapped Access: 0x1F01FF
Granted Access: 0x0
Security Descriptor: 0x0100048084000000940000000000000014000000020070000400000000031400FF011F0001010000000000051200000000031800FF011F000102000000000005200000002002000000031400A900120001010000000000050B00000000032800FF011F00010600000000000550000000EEB8A9641355D7C01EEA005250362135069D16DC01020000000000052000000020020000010500000000000515000000F5B0CF1512C8CDA9C5D939CF01020000

Guidance:

You should expect access denied errors when a principal accesses a share without the necessary permissions. Usually, this indicates that the principal does not have direct security permissions or lacks membership in a group that has direct access permissions. To determine and correct the permissions on the specified share, an administrator can use the Security tab in File Explorer Properties dialog, the SMBSHARE Windows PowerShell module, or the NET SHARE command. You can also use the Effective Access tab in File Explorer to help diagnose the issue.

Applications may generate access denied errors if they attempt to open files in a writable mode first, and then reopen the files in a read-only mode. In this case, no user action is required.

If access to the share is denied and this event is not logged, you can examine the file and folder NTFS/REFS permissions.

This error does not indicate a problem with authentication, only authorization."
"5/17/2026 9:12:40 AM","1006","Error","Microsoft-Windows-SMBServer","The share denied access to the client.

Client Name: \\192.168.100.1
Client Address: 192.168.100.1:33980
User Name: SCAFFOLD\j.harris
Session ID: 0x300000000031
Share Name: \\*\NETLOGON
Share Path: \??\C:\Windows\SYSVOL\sysvol\scaffold.htb\SCRIPTS
Status: {Access Denied}
A process has requested access to an object, but has not been granted those access rights. (0xC0000022)
Mapped Access: 0x2
Granted Access: 0x0
Security Descriptor: 0x0100048048000000580000000000000014000000020034000200000000001400A900120001010000000000010000000000001800FF011F000102000000000005200000002002000001020000000000052000000020020000010100000000000512000000

Guidance:

You should expect access denied errors when a principal accesses a share without the necessary permissions. Usually, this indicates that the principal does not have direct security permissions or lacks membership in a group that has direct access permissions. To determine and correct the permissions on the specified share, an administrator can use the Security tab in File Explorer Properties dialog, the SMBSHARE Windows PowerShell module, or the NET SHARE command. You can also use the Effective Access tab in File Explorer to help diagnose the issue.

Applications may generate access denied errors if they attempt to open files in a writable mode first, and then reopen the files in a read-only mode. In this case, no user action is required.

If access to the share is denied and this event is not logged, you can examine the file and folder NTFS/REFS permissions.

This error does not indicate a problem with authentication, only authorization."
"5/17/2026 9:12:40 AM","1006","Error","Microsoft-Windows-SMBServer","The share denied access to the client.

Client Name: \\192.168.100.1
Client Address: 192.168.100.1:33980
User Name: SCAFFOLD\j.harris
Session ID: 0x300000000031
Share Name: \\*\NETLOGON
Share Path: \??\C:\Windows\SYSVOL\sysvol\scaffold.htb\SCRIPTS
Status: {Access Denied}
A process has requested access to an object, but has not been granted those access rights. (0xC0000022)
Mapped Access: 0x1F01FF
Granted Access: 0x0
Security Descriptor: 0x0100048048000000580000000000000014000000020034000200000000001400A900120001010000000000010000000000001800FF011F000102000000000005200000002002000001020000000000052000000020020000010100000000000512000000

Guidance:

You should expect access denied errors when a principal accesses a share without the necessary permissions. Usually, this indicates that the principal does not have direct security permissions or lacks membership in a group that has direct access permissions. To determine and correct the permissions on the specified share, an administrator can use the Security tab in File Explorer Properties dialog, the SMBSHARE Windows PowerShell module, or the NET SHARE command. You can also use the Effective Access tab in File Explorer to help diagnose the issue.

Applications may generate access denied errors if they attempt to open files in a writable mode first, and then reopen the files in a read-only mode. In this case, no user action is required.

If access to the share is denied and this event is not logged, you can examine the file and folder NTFS/REFS permissions.

This error does not indicate a problem with authentication, only authorization."
"5/17/2026 9:12:40 AM","1006","Error","Microsoft-Windows-SMBServer","The share denied access to the client.

Client Name: \\192.168.100.1
Client Address: 192.168.100.1:33980
User Name: SCAFFOLD\j.harris
Session ID: 0x300000000031
Share Name: \\*\DeploymentShare$
Share Path: \??\Y:\DeploymentShare
Status: {Access Denied}
A process has requested access to an object, but has not been granted those access rights. (0xC0000022)
Mapped Access: 0x2
Granted Access: 0x0
Security Descriptor: 0x0100048034000000440000000000000014000000020020000100000000031800FF011F000102000000000005200000002002000001020000000000052000000020020000010500000000000515000000F5B0CF1512C8CDA9C5D939CF01020000

Guidance:

You should expect access denied errors when a principal accesses a share without the necessary permissions. Usually, this indicates that the principal does not have direct security permissions or lacks membership in a group that has direct access permissions. To determine and correct the permissions on the specified share, an administrator can use the Security tab in File Explorer Properties dialog, the SMBSHARE Windows PowerShell module, or the NET SHARE command. You can also use the Effective Access tab in File Explorer to help diagnose the issue.

Applications may generate access denied errors if they attempt to open files in a writable mode first, and then reopen the files in a read-only mode. In this case, no user action is required.

If access to the share is denied and this event is not logged, you can examine the file and folder NTFS/REFS permissions.

This error does not indicate a problem with authentication, only authorization."
"5/17/2026 9:12:40 AM","1006","Error","Microsoft-Windows-SMBServer","The share denied access to the client.

Client Name: \\192.168.100.1
Client Address: 192.168.100.1:33980
User Name: SCAFFOLD\j.harris
Session ID: 0x300000000031
Share Name: \\*\DeploymentShare$
Share Path: \??\Y:\DeploymentShare
Status: {Access Denied}
A process has requested access to an object, but has not been granted those access rights. (0xC0000022)
Mapped Access: 0x1F01FF
Granted Access: 0x0
Security Descriptor: 0x0100048034000000440000000000000014000000020020000100000000031800FF011F000102000000000005200000002002000001020000000000052000000020020000010500000000000515000000F5B0CF1512C8CDA9C5D939CF01020000

Guidance:

You should expect access denied errors when a principal accesses a share without the necessary permissions. Usually, this indicates that the principal does not have direct security permissions or lacks membership in a group that has direct access permissions. To determine and correct the permissions on the specified share, an administrator can use the Security tab in File Explorer Properties dialog, the SMBSHARE Windows PowerShell module, or the NET SHARE command. You can also use the Effective Access tab in File Explorer to help diagnose the issue.

Applications may generate access denied errors if they attempt to open files in a writable mode first, and then reopen the files in a read-only mode. In this case, no user action is required.

If access to the share is denied and this event is not logged, you can examine the file and folder NTFS/REFS permissions.

This error does not indicate a problem with authentication, only authorization."
"5/17/2026 9:12:40 AM","1006","Error","Microsoft-Windows-SMBServer","The share denied access to the client.

Client Name: \\192.168.100.1
Client Address: 192.168.100.1:33980
User Name: SCAFFOLD\j.harris
Session ID: 0x300000000031
Share Name: \\*\DeploymentShare$
Share Path: \??\Y:\DeploymentShare
Status: {Access Denied}
A process has requested access to an object, but has not been granted those access rights. (0xC0000022)
Mapped Access: 0x81
Granted Access: 0x0
Security Descriptor: 0x0100048034000000440000000000000014000000020020000100000000031800FF011F000102000000000005200000002002000001020000000000052000000020020000010500000000000515000000F5B0CF1512C8CDA9C5D939CF01020000

Guidance:

You should expect access denied errors when a principal accesses a share without the necessary permissions. Usually, this indicates that the principal does not have direct security permissions or lacks membership in a group that has direct access permissions. To determine and correct the permissions on the specified share, an administrator can use the Security tab in File Explorer Properties dialog, the SMBSHARE Windows PowerShell module, or the NET SHARE command. You can also use the Effective Access tab in File Explorer to help diagnose the issue.

Applications may generate access denied errors if they attempt to open files in a writable mode first, and then reopen the files in a read-only mode. In this case, no user action is required.

If access to the share is denied and this event is not logged, you can examine the file and folder NTFS/REFS permissions.

This error does not indicate a problem with authentication, only authorization."
"5/17/2026 9:12:26 AM","1015","Error","Microsoft-Windows-SMBServer","Decrypt call failed.

Client Name: \
Client Address: 192.168.100.1:54160
Session ID: 0x0
Status: The remote user session has been deleted. (0xC0000203)

Guidance:

This event commonly occurs because a previous SMB session no longer exists. It may also be caused by packets that are altered on the network between the computers due to either errors or a ""man-in-the-middle"" attack."
"5/17/2026 9:11:12 AM","1015","Error","Microsoft-Windows-SMBServer","Decrypt call failed.

Client Name: \
Client Address: 192.168.100.1:52340
Session ID: 0x0
Status: The remote user session has been deleted. (0xC0000203)

Guidance:

This event commonly occurs because a previous SMB session no longer exists. It may also be caused by packets that are altered on the network between the computers due to either errors or a ""man-in-the-middle"" attack."
"5/17/2026 9:11:07 AM","1006","Error","Microsoft-Windows-SMBServer","The share denied access to the client.

Client Name: \\192.168.100.1
Client Address: 192.168.100.1:41992
User Name: SCAFFOLD\j.harris
Session ID: 0x300000000011
Share Name: \\*\REMINST
Share Path: \??\C:\RemoteInstall
Status: {Access Denied}
A process has requested access to an object, but has not been granted those access rights. (0xC0000022)
Mapped Access: 0x2
Granted Access: 0x0
Security Descriptor: 0x0100048084000000940000000000000014000000020070000400000000031400FF011F0001010000000000051200000000031800FF011F000102000000000005200000002002000000031400A900120001010000000000050B00000000032800FF011F00010600000000000550000000EEB8A9641355D7C01EEA005250362135069D16DC01020000000000052000000020020000010500000000000515000000F5B0CF1512C8CDA9C5D939CF01020000

Guidance:

You should expect access denied errors when a principal accesses a share without the necessary permissions. Usually, this indicates that the principal does not have direct security permissions or lacks membership in a group that has direct access permissions. To determine and correct the permissions on the specified share, an administrator can use the Security tab in File Explorer Properties dialog, the SMBSHARE Windows PowerShell module, or the NET SHARE command. You can also use the Effective Access tab in File Explorer to help diagnose the issue.

Applications may generate access denied errors if they attempt to open files in a writable mode first, and then reopen the files in a read-only mode. In this case, no user action is required.

If access to the share is denied and this event is not logged, you can examine the file and folder NTFS/REFS permissions.

This error does not indicate a problem with authentication, only authorization."
"5/17/2026 9:11:07 AM","1006","Error","Microsoft-Windows-SMBServer","The share denied access to the client.

Client Name: \\192.168.100.1
Client Address: 192.168.100.1:41992
User Name: SCAFFOLD\j.harris
Session ID: 0x300000000011
Share Name: \\*\REMINST
Share Path: \??\C:\RemoteInstall
Status: {Access Denied}
A process has requested access to an object, but has not been granted those access rights. (0xC0000022)
Mapped Access: 0x1F01FF
Granted Access: 0x0
Security Descriptor: 0x0100048084000000940000000000000014000000020070000400000000031400FF011F0001010000000000051200000000031800FF011F000102000000000005200000002002000000031400A900120001010000000000050B00000000032800FF011F00010600000000000550000000EEB8A9641355D7C01EEA005250362135069D16DC01020000000000052000000020020000010500000000000515000000F5B0CF1512C8CDA9C5D939CF01020000

Guidance:

You should expect access denied errors when a principal accesses a share without the necessary permissions. Usually, this indicates that the principal does not have direct security permissions or lacks membership in a group that has direct access permissions. To determine and correct the permissions on the specified share, an administrator can use the Security tab in File Explorer Properties dialog, the SMBSHARE Windows PowerShell module, or the NET SHARE command. You can also use the Effective Access tab in File Explorer to help diagnose the issue.

Applications may generate access denied errors if they attempt to open files in a writable mode first, and then reopen the files in a read-only mode. In this case, no user action is required.

If access to the share is denied and this event is not logged, you can examine the file and folder NTFS/REFS permissions.

This error does not indicate a problem with authentication, only authorization."
"5/17/2026 9:11:07 AM","1006","Error","Microsoft-Windows-SMBServer","The share denied access to the client.

Client Name: \\192.168.100.1
Client Address: 192.168.100.1:41992
User Name: SCAFFOLD\j.harris
Session ID: 0x300000000011
Share Name: \\*\NETLOGON
Share Path: \??\C:\Windows\SYSVOL\sysvol\scaffold.htb\SCRIPTS
Status: {Access Denied}
A process has requested access to an object, but has not been granted those access rights. (0xC0000022)
Mapped Access: 0x2
Granted Access: 0x0
Security Descriptor: 0x0100048048000000580000000000000014000000020034000200000000001400A900120001010000000000010000000000001800FF011F000102000000000005200000002002000001020000000000052000000020020000010100000000000512000000

Guidance:

You should expect access denied errors when a principal accesses a share without the necessary permissions. Usually, this indicates that the principal does not have direct security permissions or lacks membership in a group that has direct access permissions. To determine and correct the permissions on the specified share, an administrator can use the Security tab in File Explorer Properties dialog, the SMBSHARE Windows PowerShell module, or the NET SHARE command. You can also use the Effective Access tab in File Explorer to help diagnose the issue.

Applications may generate access denied errors if they attempt to open files in a writable mode first, and then reopen the files in a read-only mode. In this case, no user action is required.

If access to the share is denied and this event is not logged, you can examine the file and folder NTFS/REFS permissions.

This error does not indicate a problem with authentication, only authorization."
"5/17/2026 9:11:07 AM","1006","Error","Microsoft-Windows-SMBServer","The share denied access to the client.

Client Name: \\192.168.100.1
Client Address: 192.168.100.1:41992
User Name: SCAFFOLD\j.harris
Session ID: 0x300000000011
Share Name: \\*\NETLOGON
Share Path: \??\C:\Windows\SYSVOL\sysvol\scaffold.htb\SCRIPTS
Status: {Access Denied}
A process has requested access to an object, but has not been granted those access rights. (0xC0000022)
Mapped Access: 0x1F01FF
Granted Access: 0x0
Security Descriptor: 0x0100048048000000580000000000000014000000020034000200000000001400A900120001010000000000010000000000001800FF011F000102000000000005200000002002000001020000000000052000000020020000010100000000000512000000

Guidance:

You should expect access denied errors when a principal accesses a share without the necessary permissions. Usually, this indicates that the principal does not have direct security permissions or lacks membership in a group that has direct access permissions. To determine and correct the permissions on the specified share, an administrator can use the Security tab in File Explorer Properties dialog, the SMBSHARE Windows PowerShell module, or the NET SHARE command. You can also use the Effective Access tab in File Explorer to help diagnose the issue.

Applications may generate access denied errors if they attempt to open files in a writable mode first, and then reopen the files in a read-only mode. In this case, no user action is required.

If access to the share is denied and this event is not logged, you can examine the file and folder NTFS/REFS permissions.

This error does not indicate a problem with authentication, only authorization."
"5/17/2026 9:11:07 AM","1006","Error","Microsoft-Windows-SMBServer","The share denied access to the client.

Client Name: \\192.168.100.1
Client Address: 192.168.100.1:41992
User Name: SCAFFOLD\j.harris
Session ID: 0x300000000011
Share Name: \\*\DeploymentShare$
Share Path: \??\Y:\DeploymentShare
Status: {Access Denied}
A process has requested access to an object, but has not been granted those access rights. (0xC0000022)
Mapped Access: 0x2
Granted Access: 0x0
Security Descriptor: 0x0100048034000000440000000000000014000000020020000100000000031800FF011F000102000000000005200000002002000001020000000000052000000020020000010500000000000515000000F5B0CF1512C8CDA9C5D939CF01020000

Guidance:

You should expect access denied errors when a principal accesses a share without the necessary permissions. Usually, this indicates that the principal does not have direct security permissions or lacks membership in a group that has direct access permissions. To determine and correct the permissions on the specified share, an administrator can use the Security tab in File Explorer Properties dialog, the SMBSHARE Windows PowerShell module, or the NET SHARE command. You can also use the Effective Access tab in File Explorer to help diagnose the issue.

Applications may generate access denied errors if they attempt to open files in a writable mode first, and then reopen the files in a read-only mode. In this case, no user action is required.

If access to the share is denied and this event is not logged, you can examine the file and folder NTFS/REFS permissions.

This error does not indicate a problem with authentication, only authorization."
"5/17/2026 9:11:07 AM","1006","Error","Microsoft-Windows-SMBServer","The share denied access to the client.

Client Name: \\192.168.100.1
Client Address: 192.168.100.1:41992
User Name: SCAFFOLD\j.harris
Session ID: 0x300000000011
Share Name: \\*\DeploymentShare$
Share Path: \??\Y:\DeploymentShare
Status: {Access Denied}
A process has requested access to an object, but has not been granted those access rights. (0xC0000022)
Mapped Access: 0x1F01FF
Granted Access: 0x0
Security Descriptor: 0x0100048034000000440000000000000014000000020020000100000000031800FF011F000102000000000005200000002002000001020000000000052000000020020000010500000000000515000000F5B0CF1512C8CDA9C5D939CF01020000

Guidance:

You should expect access denied errors when a principal accesses a share without the necessary permissions. Usually, this indicates that the principal does not have direct security permissions or lacks membership in a group that has direct access permissions. To determine and correct the permissions on the specified share, an administrator can use the Security tab in File Explorer Properties dialog, the SMBSHARE Windows PowerShell module, or the NET SHARE command. You can also use the Effective Access tab in File Explorer to help diagnose the issue.

Applications may generate access denied errors if they attempt to open files in a writable mode first, and then reopen the files in a read-only mode. In this case, no user action is required.

If access to the share is denied and this event is not logged, you can examine the file and folder NTFS/REFS permissions.

This error does not indicate a problem with authentication, only authorization."
"5/17/2026 9:11:07 AM","1006","Error","Microsoft-Windows-SMBServer","The share denied access to the client.

Client Name: \\192.168.100.1
Client Address: 192.168.100.1:41992
User Name: SCAFFOLD\j.harris
Session ID: 0x300000000011
Share Name: \\*\DeploymentShare$
Share Path: \??\Y:\DeploymentShare
Status: {Access Denied}
A process has requested access to an object, but has not been granted those access rights. (0xC0000022)
Mapped Access: 0x81
Granted Access: 0x0
Security Descriptor: 0x0100048034000000440000000000000014000000020020000100000000031800FF011F000102000000000005200000002002000001020000000000052000000020020000010500000000000515000000F5B0CF1512C8CDA9C5D939CF01020000

Guidance:

You should expect access denied errors when a principal accesses a share without the necessary permissions. Usually, this indicates that the principal does not have direct security permissions or lacks membership in a group that has direct access permissions. To determine and correct the permissions on the specified share, an administrator can use the Security tab in File Explorer Properties dialog, the SMBSHARE Windows PowerShell module, or the NET SHARE command. You can also use the Effective Access tab in File Explorer to help diagnose the issue.

Applications may generate access denied errors if they attempt to open files in a writable mode first, and then reopen the files in a read-only mode. In this case, no user action is required.

If access to the share is denied and this event is not logged, you can examine the file and folder NTFS/REFS permissions.

This error does not indicate a problem with authentication, only authorization."
"5/17/2026 7:34:36 AM","1006","Error","Microsoft-Windows-SMBServer","The share denied access to the client.

Client Name: \\192.168.100.1
Client Address: 192.168.100.1:36084
User Name: SCAFFOLD\j.harris
Session ID: 0x28000000000D
Share Name: \\*\REMINST
Share Path: \??\C:\RemoteInstall
Status: {Access Denied}
A process has requested access to an object, but has not been granted those access rights. (0xC0000022)
Mapped Access: 0x2
Granted Access: 0x0
Security Descriptor: 0x0100048084000000940000000000000014000000020070000400000000031400FF011F0001010000000000051200000000031800FF011F000102000000000005200000002002000000031400A900120001010000000000050B00000000032800FF011F00010600000000000550000000EEB8A9641355D7C01EEA005250362135069D16DC01020000000000052000000020020000010500000000000515000000F5B0CF1512C8CDA9C5D939CF01020000

Guidance:

You should expect access denied errors when a principal accesses a share without the necessary permissions. Usually, this indicates that the principal does not have direct security permissions or lacks membership in a group that has direct access permissions. To determine and correct the permissions on the specified share, an administrator can use the Security tab in File Explorer Properties dialog, the SMBSHARE Windows PowerShell module, or the NET SHARE command. You can also use the Effective Access tab in File Explorer to help diagnose the issue.

Applications may generate access denied errors if they attempt to open files in a writable mode first, and then reopen the files in a read-only mode. In this case, no user action is required.

If access to the share is denied and this event is not logged, you can examine the file and folder NTFS/REFS permissions.

This error does not indicate a problem with authentication, only authorization."
"5/17/2026 7:34:36 AM","1006","Error","Microsoft-Windows-SMBServer","The share denied access to the client.

Client Name: \\192.168.100.1
Client Address: 192.168.100.1:36084
User Name: SCAFFOLD\j.harris
Session ID: 0x28000000000D
Share Name: \\*\REMINST
Share Path: \??\C:\RemoteInstall
Status: {Access Denied}
A process has requested access to an object, but has not been granted those access rights. (0xC0000022)
Mapped Access: 0x1F01FF
Granted Access: 0x0
Security Descriptor: 0x0100048084000000940000000000000014000000020070000400000000031400FF011F0001010000000000051200000000031800FF011F000102000000000005200000002002000000031400A900120001010000000000050B00000000032800FF011F00010600000000000550000000EEB8A9641355D7C01EEA005250362135069D16DC01020000000000052000000020020000010500000000000515000000F5B0CF1512C8CDA9C5D939CF01020000

Guidance:

You should expect access denied errors when a principal accesses a share without the necessary permissions. Usually, this indicates that the principal does not have direct security permissions or lacks membership in a group that has direct access permissions. To determine and correct the permissions on the specified share, an administrator can use the Security tab in File Explorer Properties dialog, the SMBSHARE Windows PowerShell module, or the NET SHARE command. You can also use the Effective Access tab in File Explorer to help diagnose the issue.

Applications may generate access denied errors if they attempt to open files in a writable mode first, and then reopen the files in a read-only mode. In this case, no user action is required.

If access to the share is denied and this event is not logged, you can examine the file and folder NTFS/REFS permissions.

This error does not indicate a problem with authentication, only authorization."
"5/17/2026 7:34:36 AM","1006","Error","Microsoft-Windows-SMBServer","The share denied access to the client.

Client Name: \\192.168.100.1
Client Address: 192.168.100.1:36084
User Name: SCAFFOLD\j.harris
Session ID: 0x28000000000D
Share Name: \\*\NETLOGON
Share Path: \??\C:\Windows\SYSVOL\sysvol\scaffold.htb\SCRIPTS
Status: {Access Denied}
A process has requested access to an object, but has not been granted those access rights. (0xC0000022)
Mapped Access: 0x2
Granted Access: 0x0
Security Descriptor: 0x0100048048000000580000000000000014000000020034000200000000001400A900120001010000000000010000000000001800FF011F000102000000000005200000002002000001020000000000052000000020020000010100000000000512000000

Guidance:

You should expect access denied errors when a principal accesses a share without the necessary permissions. Usually, this indicates that the principal does not have direct security permissions or lacks membership in a group that has direct access permissions. To determine and correct the permissions on the specified share, an administrator can use the Security tab in File Explorer Properties dialog, the SMBSHARE Windows PowerShell module, or the NET SHARE command. You can also use the Effective Access tab in File Explorer to help diagnose the issue.

Applications may generate access denied errors if they attempt to open files in a writable mode first, and then reopen the files in a read-only mode. In this case, no user action is required.

If access to the share is denied and this event is not logged, you can examine the file and folder NTFS/REFS permissions.

This error does not indicate a problem with authentication, only authorization."
"5/17/2026 7:34:36 AM","1006","Error","Microsoft-Windows-SMBServer","The share denied access to the client.

Client Name: \\192.168.100.1
Client Address: 192.168.100.1:36084
User Name: SCAFFOLD\j.harris
Session ID: 0x28000000000D
Share Name: \\*\NETLOGON
Share Path: \??\C:\Windows\SYSVOL\sysvol\scaffold.htb\SCRIPTS
Status: {Access Denied}
A process has requested access to an object, but has not been granted those access rights. (0xC0000022)
Mapped Access: 0x1F01FF
Granted Access: 0x0
Security Descriptor: 0x0100048048000000580000000000000014000000020034000200000000001400A900120001010000000000010000000000001800FF011F000102000000000005200000002002000001020000000000052000000020020000010100000000000512000000

Guidance:

You should expect access denied errors when a principal accesses a share without the necessary permissions. Usually, this indicates that the principal does not have direct security permissions or lacks membership in a group that has direct access permissions. To determine and correct the permissions on the specified share, an administrator can use the Security tab in File Explorer Properties dialog, the SMBSHARE Windows PowerShell module, or the NET SHARE command. You can also use the Effective Access tab in File Explorer to help diagnose the issue.

Applications may generate access denied errors if they attempt to open files in a writable mode first, and then reopen the files in a read-only mode. In this case, no user action is required.

If access to the share is denied and this event is not logged, you can examine the file and folder NTFS/REFS permissions.

This error does not indicate a problem with authentication, only authorization."
