"7/8/2026 11:12:36 PM","8230","Information","Microsoft-Windows-Security-SPP","The rules engine successfully re-evaluated the schedule.
Kernel policies:
Security-SPP-Action-StateData (REG_SZ) =AppId=55c92734-d682-4d71-983e-d6ec3f16059f;LastConsumptionReason=0xc004f034;LastNotificationId=NeverActivated;LicenseState=SL_LICENSING_STATUS_NOTIFICATION;PartialProductKey=2WJDW;ProductKeyType=Volume:MAK;SkuId=ffa0a98f-b13f-4433-91f4-8aff126ed407;ruleId=31e71c49-8da7-4a2f-ad92-45d98a1c79ba;uxDifferentiator=RETAIL"
"7/8/2026 11:12:35 PM","1000","Information","VGAuth","vmtoolsd: Username and password successfully validated for 'Administrator'"
"7/8/2026 11:12:32 PM","256","Information","WDSServer","The Windows Deployment Services server started successfully. 
"
"7/8/2026 11:12:32 PM","9688","Information","MSSQL$SQLEXPRESS","Service Broker manager has started."
"7/8/2026 11:12:32 PM","3408","Information","MSSQL$SQLEXPRESS","Recovery is complete. This is an informational message only. No user action is required."
"7/8/2026 11:12:32 PM","517","Information","WDSServer","Provider WDSPXE loaded from C:\Windows\system32\wdspxe.dll and initialized successfully."
"7/8/2026 11:12:32 PM","777","Information","WDSPXE","Rogue detection has been disabled for this server. The Windows Deployment  Services server is authorized as a valid DHCP/PXE server and will process incoming client requests."
"7/8/2026 11:12:32 PM","262","Information","WDSPXE","Provider WDSDCPXE was loaded from C:\Windows\system32\wdsdcpxe.dll and initialized successfully."
"7/8/2026 11:12:32 PM","9666","Information","MSSQL$SQLEXPRESS","The Database Mirroring endpoint is in disabled or stopped state."
"7/8/2026 11:12:32 PM","9666","Information","MSSQL$SQLEXPRESS","The Service Broker endpoint is in disabled or stopped state."
"7/8/2026 11:12:32 PM","1305","Information","BINLSVC","Combined BCD file x64uefi{E866676E-4AB0-4C06-9B8C-BD795A9139DA}.bcd generated successfully for the x64uefi architecture."
"7/8/2026 11:12:31 PM","1305","Information","BINLSVC","Combined BCD file x86uefi{33D3C4AA-52E3-4220-8344-0171A7A110CF}.bcd generated successfully for the x86uefi architecture."
"7/8/2026 11:12:31 PM","1305","Information","BINLSVC","Combined BCD file arm{6259CB93-BC82-49E1-9AF7-E527C2511288}.bcd generated successfully for the arm architecture."
"7/8/2026 11:12:31 PM","1305","Information","BINLSVC","Combined BCD file x86x64{5CB03621-E77A-44FB-BA00-E38FA016E103}.bcd generated successfully for the x86x64 architecture."
"7/8/2026 11:12:30 PM","17137","Information","MSSQL$SQLEXPRESS","Starting up database 'tempdb'."
"7/8/2026 11:12:30 PM","1305","Information","BINLSVC","Combined BCD file arm64{FF154782-33BF-42A6-ADC3-E2C4864E7B31}.bcd generated successfully for the arm64 architecture."
"7/8/2026 11:12:30 PM","1305","Information","BINLSVC","Combined BCD file x64{2CBEE101-EEE4-4595-9288-38B7B82B7151}.bcd generated successfully for the x64 architecture."
"7/8/2026 11:12:30 PM","1305","Information","BINLSVC","Combined BCD file x86{44DC3BE0-3B9E-45DD-A202-1AF31144FB07}.bcd generated successfully for the x86 architecture."
"7/8/2026 11:12:30 PM","326","Information","ESENT","svchost (2624,D,50) AAP: The database engine attached a database (5, C:\RemoteInstall\Mgmt\binlsvcdb.mdb). (Time=0 seconds) 
 
Saved Cache: 1 0 
Additional Data: lgposAttach = 00000001:0090:0268,
dbv = 1568.180.400 (9360) 
 
Internal Timing Sequence: 
[1] 0.000004 +J(0)
[2] 0.000605 -0.000323 (1) WT +J(0) +M(C:0K, Fs:24, WS:32K # 0K, PF:32K # 0K, P:32K)
[3] 0.015674 -0.008946 (6) WT +J(CM:0, PgRf:0, Rd:0/0, Dy:0/0, Lg:3480/2) +M(C:0K, Fs:13, WS:20K # 0K, PF:20K # 0K, P:20K)
[4] 0.000154 +J(0)
[5] -
[6] -
[7] -
[8] 0.000380 +J(CM:0, PgRf:2, Rd:9/0, Dy:0/0, Lg:54/1) +M(C:124K, Fs:64, WS:256K # 0K, PF:144K # 0K, P:144K)
[9] 0.007533 -0.007278 (2) CM -0.007194 (2) WT +J(CM:2, PgRf:16, Rd:0/1, Dy:0/0, Lg:0/0) +M(C:-16K, Fs:8, WS:-48K # 0K, PF:-16K # 0K, P:-16K)
[10] 0.001332 -0.001158 (1) CM -0.001110 (1) WT +J(CM:1, PgRf:35, Rd:0/1, Dy:0/0, Lg:0/0) +M(C:-28K, Fs:8, WS:4K # 0K, PF:-28K # 0K, P:-28K)
[11] 0.000015 +J(CM:0, PgRf:1, Rd:0/0, Dy:0/0, Lg:0/0)
[12] 0.000058 +J(CM:0, PgRf:42, Rd:0/0, Dy:0/0, Lg:0/0)
[13] 0.000001 +J(0)
[14] 0.0 +J(0)
[15] 0.000007 +J(CM:0, PgRf:1, Rd:0/0, Dy:0/0, Lg:0/0)."
"7/8/2026 11:12:30 PM","105","Information","ESENT","svchost (2624,D,0) AAP: The database engine started a new instance (2). (Time=0 seconds) 
 
Additional Data:
 lgposV2[] = 00000001:0001:0000 - 00000001:008D:02FB - 00000001:008E:0000 - 00000001:008E:0000 (00000000:0000:0000)
cReInits = 36
 
 
Internal Timing Sequence: 
[1] -
[2] -
[3] 0.000443 +J(0) +M(C:0K, Fs:3, WS:12K # 0K, PF:0K # 0K, P:0K)
[4] 0.000144 +J(0) +M(C:0K, Fs:10, WS:36K # 0K, PF:144K # 0K, P:144K)
[5] 0.001274 +J(0) +M(C:0K, Fs:5, WS:20K # 0K, PF:4K # 0K, P:4K)
[6] 0.005426 +J(0) +M(C:0K, Fs:2, WS:8K # 0K, PF:16K # 0K, P:16K)
[7] 0.022429 -0.015740 (11) WT +J(0) +M(C:0K, Fs:1282, WS:5120K # 1900K, PF:5128K # 968K, P:5128K)
[8] 0.131597 -0.096757 (54) WT +J(CM:0, PgRf:0, Rd:0/0, Dy:0/0, Lg:571830/1177) +M(C:0K, Fs:914, WS:188K # 232K, PF:64K # 104K, P:64K)
[9] 0.000789 +J(0)
[10] 0.028154 -0.025946 (10) WT +J(0) +M(C:0K, Fs:0, WS:-5116K # 0K, PF:-5120K # 0K, P:-5120K)
[11] 0.000028 +J(CM:0, PgRf:0, Rd:0/0, Dy:0/0, Lg:49/1) +M(C:0K, Fs:1, WS:4K # 0K, PF:0K # 0K, P:0K)
[12] 0.000041 +J(0)
[13] 0.552045 -0.003195 (2) CM -0.043655 (31) WT +J(CM:2, PgRf:2, Rd:0/2, Dy:0/0, Lg:8759/5) +M(C:-56K, Fs:1325, WS:-48K # 0K, PF:-120K # 0K, P:-120K)
[14] 0.000020 +J(0)
[15] 0.000032 +J(0)
[16] 0.000735 -0.000544 (1) WT +J(0) +M(C:0K, Fs:2, WS:0K # 0K, PF:0K # 0K, P:0K)."
"7/8/2026 11:12:29 PM","302","Information","ESENT","svchost (2624,U,98) AAP: The database engine has successfully completed recovery steps."
"7/8/2026 11:12:29 PM","17136","Information","MSSQL$SQLEXPRESS","Clearing tempdb database."
"7/8/2026 11:12:29 PM","301","Information","ESENT","svchost (2624,R,98) AAP: The database engine has finished replaying logfile C:\RemoteInstall\Mgmt\AAP.log. 
 
Processing Stats: 
[1] 0.126643 -0.093340 (51) WT +J(CM:0, PgRf:0, Rd:0/0, Dy:0/0, Lg:571830/1177) +M(C:0K, Fs:878, WS:52K # 96K, PF:56K # 88K, P:56K). 
Log record of type 'Insert   ' was seen most frequently (326 times)"
"7/8/2026 11:12:29 PM","902","Information","Microsoft-Windows-Security-SPP","The Software Protection service has started.
10.0.20348.587"
"7/8/2026 11:12:29 PM","1061","Information","Microsoft-Windows-Security-SPP","Edition changed from 79 to 7 after Windows Right consumption."
"7/8/2026 11:12:29 PM","335","Information","ESENT","svchost (2624,R,98) AAP: Replay of a Create for database ""C:\RemoteInstall\Mgmt\binlsvcdb.mdb"" at log position (00000001,0001,0268) was deferred due to AttachFuture.  Additional information:  "
"7/8/2026 11:12:29 PM","300","Information","ESENT","svchost (2624,R,98) AAP: The database engine is initiating recovery steps."
"7/8/2026 11:12:29 PM","16388","Information","Microsoft-Windows-Security-SPP","The current time is 2026-07-09T06:12:29Z : 2026-07-09T06:12:29Z."
"7/8/2026 11:12:29 PM","102","Information","ESENT","svchost (2624,P,98) AAP: The database engine (10.00.20348.0000) is starting a new instance (2)."
"7/8/2026 11:12:29 PM","17137","Information","MSSQL$SQLEXPRESS","Starting up database 'model'."
"7/8/2026 11:12:29 PM","517","Information","WDSServer","Provider WdsImgSrv loaded from C:\Windows\system32\WdsImgSrv.dll and initialized successfully."
"7/8/2026 11:12:29 PM","256","Information","WDSIMGSRV","The Windows Deployment Services image server initialized successfully. 
"
"7/8/2026 11:12:28 PM","1003","Information","Microsoft-Windows-Security-SPP","The Software Protection service has completed licensing status check.
Application Id=55c92734-d682-4d71-983e-d6ec3f16059f
Licensing Status=
1: 1ea11e95-b7b5-49f8-b3b8-164805630e84, 1, 0 [(0 [0xC004F014, 0, 0], [(?)(?)(?)(?)(?)(?)(?)(?)])(1 )(2 )(3 )]
2: 22105925-48c3-4ff4-a294-f654bb27e390, 1, 0 [(0 [0xC004F014, 0, 0], [(?)(?)(?)(?)(?)(?)(?)(?)])(1 )(2 )(3 )]
3: 27c4e172-0f4c-4a2d-86f0-ebfd77a583ce, 1, 0 [(0 [0xC004F014, 0, 0], [(?)(?)(?)(?)(?)(?)(?)(?)])(1 )(2 )(3 )]
4: 3f1a0b3b-cefc-48e4-8502-53299ec06146, 1, 0 [(0 [0xC004F014, 0, 0], [(?)(?)(?)(?)(?)(?)(?)(?)])(1 )(2 )(3 )]
5: 661f7658-7035-4b4c-9f35-010682943ec2, 1, 0 [(0 [0xC004F014, 0, 0], [(?)(?)(?)(?)(?)(?)(?)(?)])(1 )(2 )(3 )]
6: 716317e3-9177-41f8-a772-361050bb1b7f, 1, 0 [(0 [0xC004F014, 0, 0], [(?)(?)(?)(?)(?)(?)(?)(?)])(1 )(2 )(3 )]
7: 8f97e374-1be6-46d5-bb24-61f9d6400caf, 1, 0 [(0 [0xC004F014, 0, 0], [(?)(?)(?)(?)(?)(?)(?)(?)])(1 )(2 )(3 )]
8: 929d118a-4950-4d06-9ff1-ecd794f7d740, 1, 0 [(0 [0xC004F014, 0, 0], [(?)(?)(?)(?)(?)(?)(?)(?)])(1 )(2 )(3 )]
9: 9bd77860-9b31-4b7b-96ad-2564017315bf, 1, 0 [(0 [0xC004F014, 0, 0], [(?)(?)(?)(?)(?)(?)(?)(?)])(1 )(2 )(3 )]
10: b1c68fb2-b632-47a2-8719-488cc128b728, 1, 0 [(0 [0xC004F014, 0, 0], [(?)(?)(?)(?)(?)(?)(?)(?)])(1 )(2 )(3 )]
11: ce624156-a391-4585-93f9-7fb37405fbda, 1, 0 [(0 [0xC004F014, 0, 0], [(?)(?)(?)(?)(?)(?)(?)(?)])(1 )(2 )(3 )]
12: e73aabfa-12bc-4705-b551-2dd076bebc7d, 1, 0 [(0 [0xC004F014, 0, 0], [(?)(?)(?)(?)(?)(?)(?)(?)])(1 )(2 )(3 )]
13: ffa0a98f-b13f-4433-91f4-8aff126ed407, 1, 0 [(0 )(1 )(2 [0xC004E003, 0, 0], [( 1 0xC004F034)( 1 0xC004F034)(?)(?)(?)(?)(?)(?)])(3 [0x00000000, 0, 0], [( 6 0xC004F009 0 0)( 1 0x00000000)( 6 0xC004F009 0 0)(?)(?)(?)( 10 0x00000000 msft:rm/algorithm/flags/1.0)( 11 0x00000000 0xC004F034)])]

"
"7/8/2026 11:12:28 PM","26067","Information","MSSQL$SQLEXPRESS","The SQL Server Network Interface library could not register the Service Principal Name (SPN) [ MSSQLSvc/dc.scaffold.htb:52951 ] for the SQL Server service. Windows return code: 0x2098, state: 15. Failure to register a SPN might cause integrated authentication to use NTLM instead of Kerberos. This is an informational message. Further action is only required if Kerberos authentication is required by authentication policies and if the SPN has not been manually registered."
"7/8/2026 11:12:28 PM","26067","Information","MSSQL$SQLEXPRESS","The SQL Server Network Interface library could not register the Service Principal Name (SPN) [ MSSQLSvc/dc.scaffold.htb:SQLEXPRESS ] for the SQL Server service. Windows return code: 0x2098, state: 15. Failure to register a SPN might cause integrated authentication to use NTLM instead of Kerberos. This is an informational message. Further action is only required if Kerberos authentication is required by authentication policies and if the SPN has not been manually registered."
"7/8/2026 11:12:28 PM","958","Information","MSSQL$SQLEXPRESS","The resource database build version is 15.00.2000. This is an informational message only. No user action is required."
"7/8/2026 11:12:28 PM","26076","Information","MSSQL$SQLEXPRESS","SQL Server is attempting to register a Service Principal Name (SPN) for the SQL Server service. Kerberos authentication will not be possible until a SPN is registered for the SQL Server service. This is an informational message. No user action is required."
"7/8/2026 11:12:28 PM","17126","Information","MSSQL$SQLEXPRESS","SQL Server is now ready for client connections. This is an informational message; no user action is required."
"7/8/2026 11:12:28 PM","17199","Information","MSSQL$SQLEXPRESS","Dedicated administrator connection support was not started because it is disabled on this edition of SQL Server. If you want to use a dedicated administrator connection, restart SQL Server using the trace flag 7806. This is an informational message only. No user action is required."
"7/8/2026 11:12:28 PM","26048","Information","MSSQL$SQLEXPRESS","Server local connection provider is ready to accept connection on [ \\.\pipe\MSSQL$SQLEXPRESS\sql\query ]."
"7/8/2026 11:12:28 PM","26048","Information","MSSQL$SQLEXPRESS","Server local connection provider is ready to accept connection on [ \\.\pipe\SQLLocal\SQLEXPRESS ]."
"7/8/2026 11:12:28 PM","26022","Information","MSSQL$SQLEXPRESS","Server is listening on [ 'any' <ipv4> 52951]."
"7/8/2026 11:12:28 PM","26022","Information","MSSQL$SQLEXPRESS","Server is listening on [ 'any' <ipv6> 52951]."
"7/8/2026 11:12:28 PM","26018","Information","MSSQL$SQLEXPRESS","A self-generated certificate was successfully loaded for encryption."
"7/8/2026 11:12:28 PM","17137","Information","MSSQL$SQLEXPRESS","Starting up database 'mssqlsystemresource'."
"7/8/2026 11:12:28 PM","17137","Information","MSSQL$SQLEXPRESS","Starting up database 'msdb'."
"7/8/2026 11:12:27 PM","1034","Information","Microsoft-Windows-Security-SPP","Duplicate definition of policy found. Policy name=Security-SPP-WriteWauMarker  Priority=500"
"7/8/2026 11:12:27 PM","1034","Information","Microsoft-Windows-Security-SPP","Duplicate definition of policy found. Policy name=AAD-BlockAADWorkplaceJoin-Default  Priority=100"
"7/8/2026 11:12:27 PM","17663","Information","MSSQL$SQLEXPRESS","Server name is 'DC\SQLEXPRESS'. This is an informational message only. No user action is required."
"7/8/2026 11:12:27 PM","19030","Information","MSSQL$SQLEXPRESS","SQL Trace ID 1 was started by login ""sa""."
"7/8/2026 11:12:27 PM","1016","Information","Microsoft-Windows-Security-SPP","Proof of Purchase installed successfully. 
ACID=ffa0a98f-b13f-4433-91f4-8aff126ed407
PKeyId=6948de1a-69d0-c544-1709-4d399bb0ec5e"
"7/8/2026 11:12:27 PM","33218","Information","MSSQL$SQLEXPRESS","SQL Server Audit has started the audits. This is an informational message. No user action is required."
"7/8/2026 11:12:26 PM","33217","Information","MSSQL$SQLEXPRESS","SQL Server Audit is starting the audits. This is an informational message. No user action is required."
"7/8/2026 11:12:26 PM","1000","Information","VGAuth","vmtoolsd: Username and password successfully validated for 'Administrator'"
"7/8/2026 11:12:26 PM","6253","Information","MSSQL$SQLEXPRESS","Common language runtime (CLR) functionality initialized using CLR version v4.0.30319 from C:\Windows\Microsoft.NET\Framework64\v4.0.30319\."
"7/8/2026 11:12:25 PM","1004","Information","Microsoft-Windows-Security-SPP","The Software Protection service has successfully installed the license.
License Title=Windows(R) UL inherited License (Private)
License Id=a1d2c5ad-aa9b-4b04-b4af-d01797372b5b"
"7/8/2026 11:12:25 PM","1004","Information","Microsoft-Windows-Security-SPP","The Software Protection service has successfully installed the license.
License Title=Windows(R) UL inherited License (Public)
License Id=1bdb4fab-1dbf-481a-b8fa-f326601ef469"
"7/8/2026 11:12:25 PM","1004","Information","Microsoft-Windows-Security-SPP","The Software Protection service has successfully installed the license.
License Title=Windows(R) UL oob License (Private)
License Id=f8c42213-dcbc-48aa-b332-431d836a4659"
"7/8/2026 11:12:25 PM","1004","Information","Microsoft-Windows-Security-SPP","The Software Protection service has successfully installed the license.
License Title=Windows(R) UL oob License (Public)
License Id=0e951369-2f9c-42ad-81ad-25b3f7612109"
"7/8/2026 11:12:25 PM","1004","Information","Microsoft-Windows-Security-SPP","The Software Protection service has successfully installed the license.
License Title=Windows(R) UL store License (Private)
License Id=1d0625eb-fb6e-471e-9994-a7405459444c"
"7/8/2026 11:12:25 PM","1004","Information","Microsoft-Windows-Security-SPP","The Software Protection service has successfully installed the license.
License Title=Windows(R) UL store License (Public)
License Id=fdfb7fde-c521-4815-977b-ccfd452a981c"
"7/8/2026 11:12:25 PM","1004","Information","Microsoft-Windows-Security-SPP","The Software Protection service has successfully installed the license.
License Title=Windows(R) UL phone License (Private)
License Id=0fb4956a-bbf4-4169-80e6-657167f00355"
"7/8/2026 11:12:25 PM","1004","Information","Microsoft-Windows-Security-SPP","The Software Protection service has successfully installed the license.
License Title=Windows(R) UL phone License (Public)
License Id=afd34e99-0dfa-4390-88ec-f7a4f0534617"
"7/8/2026 11:12:25 PM","1004","Information","Microsoft-Windows-Security-SPP","The Software Protection service has successfully installed the license.
License Title=Windows(R) UL oob License (Private)
License Id=6dd40560-06bb-4143-992e-aa25762d5938"
"7/8/2026 11:12:25 PM","1004","Information","Microsoft-Windows-Security-SPP","The Software Protection service has successfully installed the license.
License Title=Windows(R) UL oob License (Public)
License Id=1b0cdb8a-d8a6-4456-9b9b-6f26ccc2afa4"
"7/8/2026 11:12:25 PM","1004","Information","Microsoft-Windows-Security-SPP","The Software Protection service has successfully installed the license.
License Title=Windows(R) Publishing License (Private)
License Id=a6a5ae7e-4270-4023-9efa-2fd1787632e5"
"7/8/2026 11:12:25 PM","1004","Information","Microsoft-Windows-Security-SPP","The Software Protection service has successfully installed the license.
License Title=Windows(R) Publishing License (Public)
License Id=2c64fd45-01e2-4f24-bd43-86eacedaee21"
"7/8/2026 11:12:25 PM","1004","Information","Microsoft-Windows-Security-SPP","The Software Protection service has successfully installed the license.
License Title=Windows(R) UL volume License (Private)
License Id=52613cc5-7040-4a8e-9150-8993153a430e"
"7/8/2026 11:12:25 PM","1004","Information","Microsoft-Windows-Security-SPP","The Software Protection service has successfully installed the license.
License Title=Windows(R) UL volume License (Public)
License Id=7d42a0de-f524-45ab-a94f-4d30a9bfed8a"
"7/8/2026 11:12:25 PM","1004","Information","Microsoft-Windows-Security-SPP","The Software Protection service has successfully installed the license.
License Title=Windows(R) UL oob License (Private)
License Id=dd558766-68ec-4f27-8dec-7a628c7b9b16"
"7/8/2026 11:12:25 PM","1004","Information","Microsoft-Windows-Security-SPP","The Software Protection service has successfully installed the license.
License Title=Windows(R) UL oob License (Public)
License Id=c559b2b4-4548-43c3-8e59-d21c7e1f8840"
"7/8/2026 11:12:25 PM","1004","Information","Microsoft-Windows-Security-SPP","The Software Protection service has successfully installed the license.
License Title=Windows(R) UL store License (Private)
License Id=6ad8fcbc-d28e-4bb1-8664-0d84dc8524ad"
"7/8/2026 11:12:25 PM","1004","Information","Microsoft-Windows-Security-SPP","The Software Protection service has successfully installed the license.
License Title=Windows(R) UL store License (Public)
License Id=05a6e686-e93e-492b-9f69-2be08d212912"
"7/8/2026 11:12:25 PM","1004","Information","Microsoft-Windows-Security-SPP","The Software Protection service has successfully installed the license.
License Title=Windows(R) UL phone License (Private)
License Id=d5237c29-1800-43cb-b0a0-8ba2c36ad9c3"
"7/8/2026 11:12:25 PM","1004","Information","Microsoft-Windows-Security-SPP","The Software Protection service has successfully installed the license.
License Title=Windows(R) UL phone License (Public)
License Id=dbe00cb3-3712-4916-82cb-b5c88e6fa49a"
"7/8/2026 11:12:25 PM","1004","Information","Microsoft-Windows-Security-SPP","The Software Protection service has successfully installed the license.
License Title=Windows(R) UL oob License (Private)
License Id=8e369cbb-6177-4ffc-8b0c-dc4a36c5ba45"
"7/8/2026 11:12:25 PM","1004","Information","Microsoft-Windows-Security-SPP","The Software Protection service has successfully installed the license.
License Title=Windows(R) UL oob License (Public)
License Id=dce19be3-8143-49ad-bf05-dfe42f3d129b"
"7/8/2026 11:12:25 PM","1004","Information","Microsoft-Windows-Security-SPP","The Software Protection service has successfully installed the license.
License Title=Windows(R) Publishing License (Private)
License Id=c719ee11-90c5-4809-a559-27b00cff8891"
"7/8/2026 11:12:25 PM","1004","Information","Microsoft-Windows-Security-SPP","The Software Protection service has successfully installed the license.
License Title=Windows(R) Publishing License (Public)
License Id=50937f06-1824-4b0d-9d1d-cac1a8204d59"
"7/8/2026 11:12:25 PM","1004","Information","Microsoft-Windows-Security-SPP","The Software Protection service has successfully installed the license.
License Title=Windows(R) UL store License (Private)
License Id=84a144c4-6d7f-40fc-8f0b-16f30be13d7d"
"7/8/2026 11:12:25 PM","1004","Information","Microsoft-Windows-Security-SPP","The Software Protection service has successfully installed the license.
License Title=Windows(R) UL store License (Public)
License Id=4245c011-5812-47b5-9a16-d099a3b5b51d"
"7/8/2026 11:12:25 PM","1004","Information","Microsoft-Windows-Security-SPP","The Software Protection service has successfully installed the license.
License Title=Windows(R) UL phone License (Private)
License Id=e491345e-7040-4833-99dd-2d4591a82fa7"
"7/8/2026 11:12:25 PM","1004","Information","Microsoft-Windows-Security-SPP","The Software Protection service has successfully installed the license.
License Title=Windows(R) UL phone License (Public)
License Id=dcf2ca19-fcca-4c1f-9a82-1ed34e049281"
"7/8/2026 11:12:25 PM","1004","Information","Microsoft-Windows-Security-SPP","The Software Protection service has successfully installed the license.
License Title=Windows(R) UL oob License (Private)
License Id=297192a8-4ffa-4a41-9961-d630d88335e6"
"7/8/2026 11:12:25 PM","1004","Information","Microsoft-Windows-Security-SPP","The Software Protection service has successfully installed the license.
License Title=Windows(R) UL oob License (Public)
License Id=76946d04-23bc-4018-83fd-581026ffdbbf"
"7/8/2026 11:12:25 PM","1004","Information","Microsoft-Windows-Security-SPP","The Software Protection service has successfully installed the license.
License Title=Windows(R) Publishing License (Private)
License Id=a07369d3-3264-45d3-b5a9-e91af8486dce"
"7/8/2026 11:12:25 PM","1004","Information","Microsoft-Windows-Security-SPP","The Software Protection service has successfully installed the license.
License Title=Windows(R) Publishing License (Public)
License Id=fd920445-1b41-4a6f-9e4b-616b02e37f00"
"7/8/2026 11:12:25 PM","1004","Information","Microsoft-Windows-Security-SPP","The Software Protection service has successfully installed the license.
License Title=Windows(R) UL store License (Private)
License Id=afd67880-3c61-4292-a8e1-784093f330a9"
"7/8/2026 11:12:25 PM","1004","Information","Microsoft-Windows-Security-SPP","The Software Protection service has successfully installed the license.
License Title=Windows(R) UL store License (Public)
License Id=72177aa1-3ef2-4502-be45-0a24b2491e51"
"7/8/2026 11:12:25 PM","1004","Information","Microsoft-Windows-Security-SPP","The Software Protection service has successfully installed the license.
License Title=Windows(R) UL phone License (Private)
License Id=bc470c46-64af-4b9c-af14-4ef1d678a880"
"7/8/2026 11:12:25 PM","1004","Information","Microsoft-Windows-Security-SPP","The Software Protection service has successfully installed the license.
License Title=Windows(R) UL phone License (Public)
License Id=ed761d35-f20d-4d33-b1f7-effa51858de1"
"7/8/2026 11:12:25 PM","1004","Information","Microsoft-Windows-Security-SPP","The Software Protection service has successfully installed the license.
License Title=Windows(R) UL oob License (Private)
License Id=578bf85b-9914-4e29-9b32-d6ae47b6ca99"
"7/8/2026 11:12:25 PM","1004","Information","Microsoft-Windows-Security-SPP","The Software Protection service has successfully installed the license.
License Title=Windows(R) UL oob License (Public)
License Id=6ff0fc6d-73ad-4857-a74c-81ef3ba7c4da"
"7/8/2026 11:12:25 PM","1004","Information","Microsoft-Windows-Security-SPP","The Software Protection service has successfully installed the license.
License Title=Windows(R) Publishing License (Private)
License Id=e4b68ae5-ea79-418c-b65e-4c280f649d19"
"7/8/2026 11:12:25 PM","1004","Information","Microsoft-Windows-Security-SPP","The Software Protection service has successfully installed the license.
License Title=Windows(R) Publishing License (Public)
License Id=26fabf09-a8f6-4ec5-8389-eb7745468ce9"
"7/8/2026 11:12:25 PM","1004","Information","Microsoft-Windows-Security-SPP","The Software Protection service has successfully installed the license.
License Title=Windows(R) UL store License (Private)
License Id=6c87ba1c-54c5-429c-a979-e00a79979195"
"7/8/2026 11:12:25 PM","1004","Information","Microsoft-Windows-Security-SPP","The Software Protection service has successfully installed the license.
License Title=Windows(R) UL store License (Public)
License Id=b30361a6-d729-4ae0-bd66-64efde4d4b17"
"7/8/2026 11:12:25 PM","1004","Information","Microsoft-Windows-Security-SPP","The Software Protection service has successfully installed the license.
License Title=Windows(R) UL phone License (Private)
License Id=b0c4df02-5842-4146-a29c-3a46e7d1cb63"
"7/8/2026 11:12:25 PM","1004","Information","Microsoft-Windows-Security-SPP","The Software Protection service has successfully installed the license.
License Title=Windows(R) UL phone License (Public)
License Id=5c76684a-53b8-435e-b547-bdc4e1b7d9d8"
"7/8/2026 11:12:25 PM","1004","Information","Microsoft-Windows-Security-SPP","The Software Protection service has successfully installed the license.
License Title=Windows(R) UL oob License (Private)
License Id=47e7baf6-df95-40df-be47-e304c66570ea"
"7/8/2026 11:12:25 PM","1004","Information","Microsoft-Windows-Security-SPP","The Software Protection service has successfully installed the license.
License Title=Windows(R) UL oob License (Public)
License Id=09d8567d-861b-4fc7-a817-0f564f6a22b8"
"7/8/2026 11:12:25 PM","1004","Information","Microsoft-Windows-Security-SPP","The Software Protection service has successfully installed the license.
License Title=Windows(R) Publishing License (Private)
License Id=b7277145-dfdf-4a25-b2c4-66d983631053"
"7/8/2026 11:12:25 PM","1004","Information","Microsoft-Windows-Security-SPP","The Software Protection service has successfully installed the license.
License Title=Windows(R) Publishing License (Public)
License Id=b603676c-3cdd-42ef-8f93-64c2df315653"
"7/8/2026 11:12:25 PM","1004","Information","Microsoft-Windows-Security-SPP","The Software Protection service has successfully installed the license.
License Title=Windows(R) ServerStandard Product PPD License
License Id=2a249026-8aab-92f0-99e5-adaa3672a4ce"
"7/8/2026 11:12:25 PM","17137","Information","MSSQL$SQLEXPRESS","Starting up database 'master'."
"7/8/2026 11:12:25 PM","1004","Information","Microsoft-Windows-Security-SPP","The Software Protection service has successfully installed the license.
License Title=Windows(R) UL oem License (Private)
License Id=6c035a56-dc50-4eca-b621-f7366aa0d887"
"7/8/2026 11:12:25 PM","1004","Information","Microsoft-Windows-Security-SPP","The Software Protection service has successfully installed the license.
License Title=Windows(R) UL oem License (Public)
License Id=182bd29a-2009-4290-a8ab-65d29ed32e8e"
"7/8/2026 11:12:25 PM","1004","Information","Microsoft-Windows-Security-SPP","The Software Protection service has successfully installed the license.
License Title=Windows(R) UL oob License (Private)
License Id=4e214f9b-9d25-4a87-a9fa-4e2674e6db2e"
"7/8/2026 11:12:25 PM","1004","Information","Microsoft-Windows-Security-SPP","The Software Protection service has successfully installed the license.
License Title=Windows(R) UL oob License (Public)
License Id=6b56608b-e0a0-4f2b-8c47-0b73ba270abd"
"7/8/2026 11:12:25 PM","1004","Information","Microsoft-Windows-Security-SPP","The Software Protection service has successfully installed the license.
License Title=Windows(R) UL oem License (Private)
License Id=c32feed9-08d2-46d9-a2a9-cb6e83ce99dc"
"7/8/2026 11:12:25 PM","1004","Information","Microsoft-Windows-Security-SPP","The Software Protection service has successfully installed the license.
License Title=Windows(R) UL oem License (Public)
License Id=b52bf56a-6b4d-4dd0-8103-183f33ae6ece"
"7/8/2026 11:12:25 PM","1004","Information","Microsoft-Windows-Security-SPP","The Software Protection service has successfully installed the license.
License Title=Windows(R) UL oob License (Private)
License Id=e63649ad-2911-428c-b43d-9c3aa0bcb339"
"7/8/2026 11:12:25 PM","1004","Information","Microsoft-Windows-Security-SPP","The Software Protection service has successfully installed the license.
License Title=Windows(R) UL oob License (Public)
License Id=cd23f145-5c7e-4a2e-8bb2-4ce4fa23e3cd"
"7/8/2026 11:12:25 PM","1004","Information","Microsoft-Windows-Security-SPP","The Software Protection service has successfully installed the license.
License Title=Windows(R) UL store License (Private)
License Id=0e46fb05-f3f6-4a5c-b326-07518a9edcdb"
"7/8/2026 11:12:25 PM","1004","Information","Microsoft-Windows-Security-SPP","The Software Protection service has successfully installed the license.
License Title=Windows(R) UL store License (Public)
License Id=28124b53-55ed-42dd-b36e-3ee3a574eff8"
"7/8/2026 11:12:25 PM","1004","Information","Microsoft-Windows-Security-SPP","The Software Protection service has successfully installed the license.
License Title=Windows(R) UL phone License (Private)
License Id=29c0a7fe-b3f9-4ae3-963c-269ab91e9aa9"
"7/8/2026 11:12:25 PM","1004","Information","Microsoft-Windows-Security-SPP","The Software Protection service has successfully installed the license.
License Title=Windows(R) UL phone License (Public)
License Id=3ba06c78-0dac-47b4-b512-e86991bf35ff"
"7/8/2026 11:12:25 PM","1004","Information","Microsoft-Windows-Security-SPP","The Software Protection service has successfully installed the license.
License Title=Windows(R) UL oob License (Private)
License Id=cb92ac4a-096f-4db9-ac9a-4842353b6d1d"
"7/8/2026 11:12:25 PM","1004","Information","Microsoft-Windows-Security-SPP","The Software Protection service has successfully installed the license.
License Title=Windows(R) UL oob License (Public)
License Id=8705b6e3-de77-49b1-8278-7f9927fc6e28"
"7/8/2026 11:12:25 PM","1004","Information","Microsoft-Windows-Security-SPP","The Software Protection service has successfully installed the license.
License Title=Windows(R) Publishing License (Private)
License Id=864a42df-95c6-43b3-9e05-2cf183d1972a"
"7/8/2026 11:12:25 PM","1004","Information","Microsoft-Windows-Security-SPP","The Software Protection service has successfully installed the license.
License Title=Windows(R) Publishing License (Public)
License Id=d09cca3e-6ea2-4358-96fd-f16e745780da"
"7/8/2026 11:12:25 PM","1004","Information","Microsoft-Windows-Security-SPP","The Software Protection service has successfully installed the license.
License Title=Windows(R) UL store License (Private)
License Id=c5b81a30-4e7b-4eb3-9c46-9700cb611774"
"7/8/2026 11:12:25 PM","1004","Information","Microsoft-Windows-Security-SPP","The Software Protection service has successfully installed the license.
License Title=Windows(R) UL store License (Public)
License Id=5bbe893b-e534-44f0-8320-0c6daed45a7b"
"7/8/2026 11:12:25 PM","1004","Information","Microsoft-Windows-Security-SPP","The Software Protection service has successfully installed the license.
License Title=Windows(R) UL phone License (Private)
License Id=ff5598e9-038d-4c11-9cec-b94eed1ada5d"
"7/8/2026 11:12:25 PM","1004","Information","Microsoft-Windows-Security-SPP","The Software Protection service has successfully installed the license.
License Title=Windows(R) UL phone License (Public)
License Id=f82be1dc-11c1-4b56-a8b6-244abe044bc7"
"7/8/2026 11:12:25 PM","1004","Information","Microsoft-Windows-Security-SPP","The Software Protection service has successfully installed the license.
License Title=Windows(R) UL oob License (Private)
License Id=6f2fdde7-1963-4216-bd74-6f265def83d1"
"7/8/2026 11:12:25 PM","1004","Information","Microsoft-Windows-Security-SPP","The Software Protection service has successfully installed the license.
License Title=Windows(R) UL oob License (Public)
License Id=d5b9bd94-c2c9-46fa-92e5-62668e756885"
"7/8/2026 11:12:25 PM","1004","Information","Microsoft-Windows-Security-SPP","The Software Protection service has successfully installed the license.
License Title=Windows(R) Publishing License (Private)
License Id=ecb62a7f-e5d8-4ca5-aba4-7a62825dd5a7"
"7/8/2026 11:12:25 PM","1004","Information","Microsoft-Windows-Security-SPP","The Software Protection service has successfully installed the license.
License Title=Windows(R) Publishing License (Public)
License Id=0e9fd993-9054-4c03-9727-6db3533dad36"
"7/8/2026 11:12:25 PM","1004","Information","Microsoft-Windows-Security-SPP","The Software Protection service has successfully installed the license.
License Title=Windows(R) UL store License (Private)
License Id=b6359ae4-6a6a-46f2-b6e4-2d27ab6e3268"
"7/8/2026 11:12:25 PM","1004","Information","Microsoft-Windows-Security-SPP","The Software Protection service has successfully installed the license.
License Title=Windows(R) UL store License (Public)
License Id=779ab9f5-43ed-44ea-aeab-fa4948b2b55b"
"7/8/2026 11:12:25 PM","1004","Information","Microsoft-Windows-Security-SPP","The Software Protection service has successfully installed the license.
License Title=Windows(R) UL phone License (Private)
License Id=6d751c0d-17f2-400b-a524-aff6c2e79fd3"
"7/8/2026 11:12:25 PM","1004","Information","Microsoft-Windows-Security-SPP","The Software Protection service has successfully installed the license.
License Title=Windows(R) UL phone License (Public)
License Id=90c7d530-6565-433d-a24f-d399570e6b4f"
"7/8/2026 11:12:25 PM","1004","Information","Microsoft-Windows-Security-SPP","The Software Protection service has successfully installed the license.
License Title=Windows(R) UL oob License (Private)
License Id=e3cd355d-f0d0-489e-b854-e136d5e167bb"
"7/8/2026 11:12:25 PM","1004","Information","Microsoft-Windows-Security-SPP","The Software Protection service has successfully installed the license.
License Title=Windows(R) UL oob License (Public)
License Id=3d41350e-b2b7-475f-8d99-be5b6539bca5"
"7/8/2026 11:12:25 PM","1004","Information","Microsoft-Windows-Security-SPP","The Software Protection service has successfully installed the license.
License Title=Windows(R) Publishing License (Private)
License Id=47201f9e-d7c7-4ce6-b093-7a89708fa7e1"
"7/8/2026 11:12:25 PM","1004","Information","Microsoft-Windows-Security-SPP","The Software Protection service has successfully installed the license.
License Title=Windows(R) Publishing License (Public)
License Id=8ccee929-fc59-4d79-aa14-2141f3e1c180"
"7/8/2026 11:12:25 PM","1004","Information","Microsoft-Windows-Security-SPP","The Software Protection service has successfully installed the license.
License Title=Windows(R) UL store License (Private)
License Id=cbd74321-05fb-4ba1-b755-7ab5dec5690a"
"7/8/2026 11:12:25 PM","1004","Information","Microsoft-Windows-Security-SPP","The Software Protection service has successfully installed the license.
License Title=Windows(R) UL store License (Public)
License Id=ed1b28d3-345a-4943-b1bc-4be6ef38337a"
"7/8/2026 11:12:25 PM","49910","Information","MSSQL$SQLEXPRESS","Software Usage Metrics is disabled."
"7/8/2026 11:12:25 PM","9048","Information","MSSQL$SQLEXPRESS","clwb is selected for pmem flush operation."
"7/8/2026 11:12:25 PM","1004","Information","Microsoft-Windows-Security-SPP","The Software Protection service has successfully installed the license.
License Title=Windows(R) UL phone License (Private)
License Id=e48ea114-b09a-41e4-a73b-d4c9119369f3"
"7/8/2026 11:12:25 PM","1004","Information","Microsoft-Windows-Security-SPP","The Software Protection service has successfully installed the license.
License Title=Windows(R) UL phone License (Public)
License Id=c4e8394e-4922-4395-bf6c-353987e1dda3"
"7/8/2026 11:12:25 PM","1004","Information","Microsoft-Windows-Security-SPP","The Software Protection service has successfully installed the license.
License Title=Windows(R) UL oob License (Private)
License Id=73b22e72-baf6-4a9e-806f-a029eafff418"
"7/8/2026 11:12:25 PM","1004","Information","Microsoft-Windows-Security-SPP","The Software Protection service has successfully installed the license.
License Title=Windows(R) UL oob License (Public)
License Id=7a19cd74-3ee3-4511-a3f4-4b30b52b8a9b"
"7/8/2026 11:12:25 PM","1004","Information","Microsoft-Windows-Security-SPP","The Software Protection service has successfully installed the license.
License Title=Windows(R) Publishing License (Private)
License Id=03336e67-4eea-4409-9071-0b7914bb3c39"
"7/8/2026 11:12:25 PM","1004","Information","Microsoft-Windows-Security-SPP","The Software Protection service has successfully installed the license.
License Title=Windows(R) Publishing License (Public)
License Id=386c1f6c-9d17-48e0-a9f5-1c6158ea2a07"
"7/8/2026 11:12:25 PM","49921","Information","MSSQL$SQLEXPRESS","Total Log Writer threads: 1. This is an informational message; no user action is required."
"7/8/2026 11:12:25 PM","1004","Information","Microsoft-Windows-Security-SPP","The Software Protection service has successfully installed the license.
License Title=DefaultPpd-ServerStandard Component PPD License
License Id=d6639c0c-34e5-af2b-e1d3-b866188a3849"
"7/8/2026 11:12:25 PM","17118","Information","MSSQL$SQLEXPRESS","Database Instant File Initialization: disabled. For security and performance considerations see the topic 'Database Instant File Initialization' in SQL Server Books Online. This is an informational message only. No user action is required."
"7/8/2026 11:12:25 PM","1004","Information","Microsoft-Windows-Security-SPP","The Software Protection service has successfully installed the license.
License Title=DefaultPpd-csvlk-pack Component PPD License
License Id=cf87d272-7158-05ce-7df4-689302c3bfd9"
"7/8/2026 11:12:25 PM","1004","Information","Microsoft-Windows-Security-SPP","The Software Protection service has successfully installed the license.
License Title=Windows(R) UL store License (Private)
License Id=73235dfb-8f58-463b-a89c-a4ff2a417c3f"
"7/8/2026 11:12:25 PM","1004","Information","Microsoft-Windows-Security-SPP","The Software Protection service has successfully installed the license.
License Title=Windows(R) UL store License (Public)
License Id=9d3541f0-17da-439c-9e53-c7a74e394f7c"
"7/8/2026 11:12:25 PM","1004","Information","Microsoft-Windows-Security-SPP","The Software Protection service has successfully installed the license.
License Title=Windows(R) UL phone License (Private)
License Id=ee96e567-0a81-41af-a4b3-daf9fa64fea6"
"7/8/2026 11:12:25 PM","1004","Information","Microsoft-Windows-Security-SPP","The Software Protection service has successfully installed the license.
License Title=Windows(R) UL phone License (Public)
License Id=70a4adab-27ec-41ba-af93-45767953ade2"
"7/8/2026 11:12:25 PM","1004","Information","Microsoft-Windows-Security-SPP","The Software Protection service has successfully installed the license.
License Title=Windows(R) UL oob License (Private)
License Id=600a78f2-c32f-499f-b0e2-653e73ad3ad2"
"7/8/2026 11:12:25 PM","1004","Information","Microsoft-Windows-Security-SPP","The Software Protection service has successfully installed the license.
License Title=Windows(R) UL oob License (Public)
License Id=21fe80a7-0c94-4ba9-9a02-606c350beb4d"
"7/8/2026 11:12:25 PM","1004","Information","Microsoft-Windows-Security-SPP","The Software Protection service has successfully installed the license.
License Title=Windows(R) Publishing License (Private)
License Id=43e0a470-3930-4cd0-9b43-31a261ccbcb7"
"7/8/2026 11:12:25 PM","1004","Information","Microsoft-Windows-Security-SPP","The Software Protection service has successfully installed the license.
License Title=Windows(R) Publishing License (Public)
License Id=690b8b30-c51f-4f1e-b11b-2f9e0cb51304"
"7/8/2026 11:12:25 PM","1004","Information","Microsoft-Windows-Security-SPP","The Software Protection service has successfully installed the license.
License Title=Windows(R) UL store License (Private)
License Id=af5f1843-49bf-45f3-92c6-00825892190b"
"7/8/2026 11:12:25 PM","1004","Information","Microsoft-Windows-Security-SPP","The Software Protection service has successfully installed the license.
License Title=Windows(R) UL store License (Public)
License Id=aa35a81a-7b59-45b0-ab69-865340c2b132"
"7/8/2026 11:12:25 PM","1004","Information","Microsoft-Windows-Security-SPP","The Software Protection service has successfully installed the license.
License Title=Windows(R) UL phone License (Private)
License Id=3c0d5236-3819-4f2d-aa22-0db2925cc6d3"
"7/8/2026 11:12:25 PM","1004","Information","Microsoft-Windows-Security-SPP","The Software Protection service has successfully installed the license.
License Title=Windows(R) UL phone License (Public)
License Id=e72cb739-d68b-4935-90e9-019796c3bf84"
"7/8/2026 11:12:25 PM","1004","Information","Microsoft-Windows-Security-SPP","The Software Protection service has successfully installed the license.
License Title=Windows(R) UL oob License (Private)
License Id=2453ee03-572e-4adb-a70d-0647a208aef5"
"7/8/2026 11:12:25 PM","1004","Information","Microsoft-Windows-Security-SPP","The Software Protection service has successfully installed the license.
License Title=Windows(R) UL oob License (Public)
License Id=c1c97d05-c19d-4b25-b001-e2ec196ee251"
"7/8/2026 11:12:25 PM","1004","Information","Microsoft-Windows-Security-SPP","The Software Protection service has successfully installed the license.
License Title=Windows(R) Publishing License (Private)
License Id=9da77bbc-dcef-4620-93bb-d8d27c98e474"
"7/8/2026 11:12:25 PM","1004","Information","Microsoft-Windows-Security-SPP","The Software Protection service has successfully installed the license.
License Title=Windows(R) Publishing License (Public)
License Id=eb368e94-9fc8-4d61-9a55-55a76e99e6f1"
"7/8/2026 11:12:25 PM","17125","Information","MSSQL$SQLEXPRESS","Using dynamic lock allocation.  Initial allocation of 2500 Lock blocks and 5000 Lock Owner blocks per node.  This is an informational message only.  No user action is required."
"7/8/2026 11:12:25 PM","1004","Information","Microsoft-Windows-Security-SPP","The Software Protection service has successfully installed the license.
License Title=Windows(R) UL store License (Private)
License Id=2c0d4cd4-5576-481b-b900-f8968b086053"
"7/8/2026 11:12:25 PM","1004","Information","Microsoft-Windows-Security-SPP","The Software Protection service has successfully installed the license.
License Title=Windows(R) UL store License (Public)
License Id=adfa3763-cc37-474b-9523-fc4a36d48398"
"7/8/2026 11:12:25 PM","1004","Information","Microsoft-Windows-Security-SPP","The Software Protection service has successfully installed the license.
License Title=Windows(R) UL phone License (Private)
License Id=f75521e1-f3d6-48cf-a253-ed6152aff49b"
"7/8/2026 11:12:25 PM","1004","Information","Microsoft-Windows-Security-SPP","The Software Protection service has successfully installed the license.
License Title=Windows(R) UL phone License (Public)
License Id=b2c097a1-235c-4eb7-9b5e-0d4f5006f05a"
"7/8/2026 11:12:25 PM","17152","Information","MSSQL$SQLEXPRESS","Node configuration: node 0: CPU mask: 0x0000000000000003:0 Active CPU mask: 0x0000000000000003:0. This message provides a description of the NUMA configuration for this computer. This is an informational message only. No user action is required."
"7/8/2026 11:12:25 PM","1004","Information","Microsoft-Windows-Security-SPP","The Software Protection service has successfully installed the license.
License Title=Windows(R) UL oob License (Private)
License Id=a96f8e2b-1b60-4ddf-8b33-59e2c87d540f"
"7/8/2026 11:12:25 PM","1004","Information","Microsoft-Windows-Security-SPP","The Software Protection service has successfully installed the license.
License Title=Windows(R) UL oob License (Public)
License Id=85425ed0-6a5d-4141-b391-431e5ed4e199"
"7/8/2026 11:12:25 PM","17176","Information","MSSQL$SQLEXPRESS","This instance of SQL Server last reported using a process ID of 3448 at 7/8/2026 11:11:26 PM (local) 7/9/2026 6:11:26 AM (UTC). This is an informational message only; no user action is required."
"7/8/2026 11:12:25 PM","1004","Information","Microsoft-Windows-Security-SPP","The Software Protection service has successfully installed the license.
License Title=Windows(R) Publishing License (Private)
License Id=01f546a2-ee32-42aa-91f6-ed86d0e78d9b"
"7/8/2026 11:12:25 PM","1004","Information","Microsoft-Windows-Security-SPP","The Software Protection service has successfully installed the license.
License Title=Windows(R) Publishing License (Public)
License Id=520677eb-7af5-44f3-b698-14f2eb42fc00"
"7/8/2026 11:12:25 PM","17811","Information","MSSQL$SQLEXPRESS","The maximum number of dedicated administrator connections for this instance is '1'"
"7/8/2026 11:12:25 PM","1004","Information","Microsoft-Windows-Security-SPP","The Software Protection service has successfully installed the license.
License Title=Windows(R) UL store License (Private)
License Id=511a6d6c-b631-475d-a862-ff4f45591513"
"7/8/2026 11:12:25 PM","1004","Information","Microsoft-Windows-Security-SPP","The Software Protection service has successfully installed the license.
License Title=Windows(R) UL store License (Public)
License Id=940e9e7a-8bbf-45f2-9f2c-c66266117830"
"7/8/2026 11:12:25 PM","1004","Information","Microsoft-Windows-Security-SPP","The Software Protection service has successfully installed the license.
License Title=Windows(R) UL phone License (Private)
License Id=818e11e7-1948-4baa-a9ca-a95b995f53d2"
"7/8/2026 11:12:25 PM","1004","Information","Microsoft-Windows-Security-SPP","The Software Protection service has successfully installed the license.
License Title=Windows(R) UL phone License (Public)
License Id=c73c00a0-c64f-4134-89ed-d74e1cdecfea"
"7/8/2026 11:12:25 PM","1004","Information","Microsoft-Windows-Security-SPP","The Software Protection service has successfully installed the license.
License Title=Windows(R) UL oob License (Private)
License Id=0d1d777f-6a43-4cc2-912f-a89d0f00ee69"
"7/8/2026 11:12:25 PM","1004","Information","Microsoft-Windows-Security-SPP","The Software Protection service has successfully installed the license.
License Title=Windows(R) UL oob License (Public)
License Id=5aa7a373-75a2-4a97-a916-0d7ba49aba8c"
"7/8/2026 11:12:25 PM","1004","Information","Microsoft-Windows-Security-SPP","The Software Protection service has successfully installed the license.
License Title=Windows(R) Publishing License (Private)
License Id=e3532f20-52f7-4a5c-9ed3-edefac660fde"
"7/8/2026 11:12:25 PM","1004","Information","Microsoft-Windows-Security-SPP","The Software Protection service has successfully installed the license.
License Title=Windows(R) Publishing License (Public)
License Id=84527ea0-48f1-4b13-a0fa-04a3328886aa"
"7/8/2026 11:12:25 PM","1004","Information","Microsoft-Windows-Security-SPP","The Software Protection service has successfully installed the license.
License Title=Windows(R) UL store License (Private)
License Id=770384fd-a45d-4860-9f4b-fcaa918d3674"
"7/8/2026 11:12:25 PM","1004","Information","Microsoft-Windows-Security-SPP","The Software Protection service has successfully installed the license.
License Title=Windows(R) UL store License (Public)
License Id=fbeeb057-b21b-4a9b-9896-2387e9492776"
"7/8/2026 11:12:25 PM","1004","Information","Microsoft-Windows-Security-SPP","The Software Protection service has successfully installed the license.
License Title=Windows(R) UL phone License (Private)
License Id=05329ac0-bb4e-491e-ba1d-d03aaeabf9da"
"7/8/2026 11:12:25 PM","1004","Information","Microsoft-Windows-Security-SPP","The Software Protection service has successfully installed the license.
License Title=Windows(R) UL phone License (Public)
License Id=0dfb93de-5df0-440e-8894-45ca836ae22c"
"7/8/2026 11:12:25 PM","1004","Information","Microsoft-Windows-Security-SPP","The Software Protection service has successfully installed the license.
License Title=Windows(R) UL oob License (Private)
License Id=e7716610-09fb-468f-a05e-484cb7c44c0c"
"7/8/2026 11:12:25 PM","1004","Information","Microsoft-Windows-Security-SPP","The Software Protection service has successfully installed the license.
License Title=Windows(R) UL oob License (Public)
License Id=6e2f43cf-da6f-4e20-87e6-d7883ed519a3"
"7/8/2026 11:12:25 PM","1004","Information","Microsoft-Windows-Security-SPP","The Software Protection service has successfully installed the license.
License Title=Windows(R) Publishing License (Private)
License Id=088e989d-c20c-40f6-8ad6-8171fdd4f6ff"
"7/8/2026 11:12:25 PM","1004","Information","Microsoft-Windows-Security-SPP","The Software Protection service has successfully installed the license.
License Title=Windows(R) Publishing License (Public)
License Id=902efdf0-531e-4c42-8ef9-b7c93a60b63e"
"7/8/2026 11:12:25 PM","1004","Information","Microsoft-Windows-Security-SPP","The Software Protection service has successfully installed the license.
License Title=Windows(R) UL store License (Private)
License Id=42e4bbb7-1c01-4eda-96d5-ebfcfcff52da"
"7/8/2026 11:12:25 PM","1004","Information","Microsoft-Windows-Security-SPP","The Software Protection service has successfully installed the license.
License Title=Windows(R) UL store License (Public)
License Id=ceb0747e-4dfb-4f40-9fc2-433cea836e86"
"7/8/2026 11:12:25 PM","1004","Information","Microsoft-Windows-Security-SPP","The Software Protection service has successfully installed the license.
License Title=Windows(R) UL phone License (Private)
License Id=f9caa473-e02d-4493-9770-6438df92ee23"
"7/8/2026 11:12:25 PM","1004","Information","Microsoft-Windows-Security-SPP","The Software Protection service has successfully installed the license.
License Title=Windows(R) UL phone License (Public)
License Id=e280dd84-42ae-43e5-9370-661e5f8a02f8"
