"5/26/2026 7:10:35 AM","16384","Information","Microsoft-Windows-Security-SPP","Successfully scheduled Software Protection service for re-start at 2026-05-27T14:09:35Z. Reason: TBL."
"5/26/2026 7:10:35 AM","3408","Information","MSSQL$SQLEXPRESS","Recovery is complete. This is an informational message only. No user action is required."
"5/26/2026 7:10:35 AM","9688","Information","MSSQL$SQLEXPRESS","Service Broker manager has started."
"5/26/2026 7:10:35 AM","9666","Information","MSSQL$SQLEXPRESS","The Database Mirroring endpoint is in disabled or stopped state."
"5/26/2026 7:10:35 AM","9666","Information","MSSQL$SQLEXPRESS","The Service Broker endpoint is in disabled or stopped state."
"5/26/2026 7:10:35 AM","26067","Information","MSSQL$SQLEXPRESS","The SQL Server Network Interface library could not register the Service Principal Name (SPN) [ MSSQLSvc/dc.scaffold.htb:52951 ] for the SQL Server service. Windows return code: 0x2098, state: 15. Failure to register a SPN might cause integrated authentication to use NTLM instead of Kerberos. This is an informational message. Further action is only required if Kerberos authentication is required by authentication policies and if the SPN has not been manually registered."
"5/26/2026 7:10:35 AM","26067","Information","MSSQL$SQLEXPRESS","The SQL Server Network Interface library could not register the Service Principal Name (SPN) [ MSSQLSvc/dc.scaffold.htb:SQLEXPRESS ] for the SQL Server service. Windows return code: 0x2098, state: 15. Failure to register a SPN might cause integrated authentication to use NTLM instead of Kerberos. This is an informational message. Further action is only required if Kerberos authentication is required by authentication policies and if the SPN has not been manually registered."
"5/26/2026 7:10:35 AM","17126","Information","MSSQL$SQLEXPRESS","SQL Server is now ready for client connections. This is an informational message; no user action is required."
"5/26/2026 7:10:35 AM","26076","Information","MSSQL$SQLEXPRESS","SQL Server is attempting to register a Service Principal Name (SPN) for the SQL Server service. Kerberos authentication will not be possible until a SPN is registered for the SQL Server service. This is an informational message. No user action is required."
"5/26/2026 7:10:35 AM","17199","Information","MSSQL$SQLEXPRESS","Dedicated administrator connection support was not started because it is disabled on this edition of SQL Server. If you want to use a dedicated administrator connection, restart SQL Server using the trace flag 7806. This is an informational message only. No user action is required."
"5/26/2026 7:10:35 AM","26048","Information","MSSQL$SQLEXPRESS","Server local connection provider is ready to accept connection on [ \\.\pipe\MSSQL$SQLEXPRESS\sql\query ]."
"5/26/2026 7:10:35 AM","26048","Information","MSSQL$SQLEXPRESS","Server local connection provider is ready to accept connection on [ \\.\pipe\SQLLocal\SQLEXPRESS ]."
"5/26/2026 7:10:35 AM","26022","Information","MSSQL$SQLEXPRESS","Server is listening on [ 'any' <ipv4> 52951]."
"5/26/2026 7:10:35 AM","26022","Information","MSSQL$SQLEXPRESS","Server is listening on [ 'any' <ipv6> 52951]."
"5/26/2026 7:10:35 AM","26018","Information","MSSQL$SQLEXPRESS","A self-generated certificate was successfully loaded for encryption."
"5/26/2026 7:10:34 AM","17137","Information","MSSQL$SQLEXPRESS","Starting up database 'tempdb'."
"5/26/2026 7:10:34 AM","17136","Information","MSSQL$SQLEXPRESS","Clearing tempdb database."
"5/26/2026 7:10:34 AM","17137","Information","MSSQL$SQLEXPRESS","Starting up database 'model'."
"5/26/2026 7:10:34 AM","958","Information","MSSQL$SQLEXPRESS","The resource database build version is 15.00.2000. This is an informational message only. No user action is required."
"5/26/2026 7:10:34 AM","17137","Information","MSSQL$SQLEXPRESS","Starting up database 'mssqlsystemresource'."
"5/26/2026 7:10:34 AM","17137","Information","MSSQL$SQLEXPRESS","Starting up database 'msdb'."
"5/26/2026 7:10:34 AM","17663","Information","MSSQL$SQLEXPRESS","Server name is 'DC\SQLEXPRESS'. This is an informational message only. No user action is required."
"5/26/2026 7:10:34 AM","19030","Information","MSSQL$SQLEXPRESS","SQL Trace ID 1 was started by login ""sa""."
"5/26/2026 7:10:34 AM","6253","Information","MSSQL$SQLEXPRESS","Common language runtime (CLR) functionality initialized using CLR version v4.0.30319 from C:\Windows\Microsoft.NET\Framework64\v4.0.30319\."
"5/26/2026 7:10:34 AM","33218","Information","MSSQL$SQLEXPRESS","SQL Server Audit has started the audits. This is an informational message. No user action is required."
"5/26/2026 7:10:34 AM","33217","Information","MSSQL$SQLEXPRESS","SQL Server Audit is starting the audits. This is an informational message. No user action is required."
"5/26/2026 7:10:34 AM","17137","Information","MSSQL$SQLEXPRESS","Starting up database 'master'."
"5/26/2026 7:10:34 AM","49910","Information","MSSQL$SQLEXPRESS","Software Usage Metrics is disabled."
"5/26/2026 7:10:34 AM","9048","Information","MSSQL$SQLEXPRESS","clwb is selected for pmem flush operation."
"5/26/2026 7:10:34 AM","49921","Information","MSSQL$SQLEXPRESS","Total Log Writer threads: 1. This is an informational message; no user action is required."
"5/26/2026 7:10:34 AM","17118","Information","MSSQL$SQLEXPRESS","Database Instant File Initialization: disabled. For security and performance considerations see the topic 'Database Instant File Initialization' in SQL Server Books Online. This is an informational message only. No user action is required."
"5/26/2026 7:10:34 AM","17125","Information","MSSQL$SQLEXPRESS","Using dynamic lock allocation.  Initial allocation of 2500 Lock blocks and 5000 Lock Owner blocks per node.  This is an informational message only.  No user action is required."
"5/26/2026 7:10:34 AM","17152","Information","MSSQL$SQLEXPRESS","Node configuration: node 0: CPU mask: 0x0000000000000003:0 Active CPU mask: 0x0000000000000003:0. This message provides a description of the NUMA configuration for this computer. This is an informational message only. No user action is required."
"5/26/2026 7:10:34 AM","17176","Information","MSSQL$SQLEXPRESS","This instance of SQL Server last reported using a process ID of 5440 at 5/25/2026 8:56:44 AM (local) 5/25/2026 3:56:44 PM (UTC). This is an informational message only; no user action is required."
"5/26/2026 7:10:34 AM","17811","Information","MSSQL$SQLEXPRESS","The maximum number of dedicated administrator connections for this instance is '1'"
"5/26/2026 7:10:34 AM","873","Information","MSSQL$SQLEXPRESS","Buffer pool extension is already disabled. No action is necessary."
"5/26/2026 7:10:34 AM","49917","Information","MSSQL$SQLEXPRESS","Default collation: SQL_Latin1_General_CP1_CI_AS (us_english 1033)"
"5/26/2026 7:10:34 AM","894","Information","MSSQL$SQLEXPRESS","Buffer Pool: Allocating 1048576 bytes for 527311 hashPages."
"5/26/2026 7:10:34 AM","852","Information","MSSQL$SQLEXPRESS","Using conventional memory in the memory manager."
"5/26/2026 7:10:34 AM","49903","Information","MSSQL$SQLEXPRESS","Detected 4095 MB of RAM. This is an informational message; no user action is required."
"5/26/2026 7:10:34 AM","17162","Information","MSSQL$SQLEXPRESS","SQL Server is starting at normal priority base (=7). This is an informational message only. No user action is required."
"5/26/2026 7:10:34 AM","17164","Information","MSSQL$SQLEXPRESS","SQL Server detected 2 sockets with 2 cores per socket and 2 logical processors per socket, 4 total logical processors; using 2 logical processors based on SQL Server licensing. This is an informational message; no user action is required."
"5/26/2026 7:10:34 AM","17115","Information","MSSQL$SQLEXPRESS","Command Line Startup Parameters:
	 -s ""SQLEXPRESS"""
"5/26/2026 7:10:34 AM","17110","Information","MSSQL$SQLEXPRESS","Registry startup parameters: 
	 -d C:\Program Files\Microsoft SQL Server\MSSQL15.SQLEXPRESS\MSSQL\DATA\master.mdf
	 -e C:\Program Files\Microsoft SQL Server\MSSQL15.SQLEXPRESS\MSSQL\Log\ERRORLOG
	 -l C:\Program Files\Microsoft SQL Server\MSSQL15.SQLEXPRESS\MSSQL\DATA\mastlog.ldf"
"5/26/2026 7:10:34 AM","49904","Information","MSSQL$SQLEXPRESS","The service account is 'NT Service\MSSQL$SQLEXPRESS'. This is an informational message; no user action is required."
"5/26/2026 7:10:34 AM","17111","Information","MSSQL$SQLEXPRESS","Logging SQL Server messages in file 'C:\Program Files\Microsoft SQL Server\MSSQL15.SQLEXPRESS\MSSQL\Log\ERRORLOG'."
"5/26/2026 7:10:34 AM","15268","Information","MSSQL$SQLEXPRESS","Authentication mode is MIXED."
"5/26/2026 7:10:34 AM","18496","Information","MSSQL$SQLEXPRESS","System Manufacturer: 'VMware, Inc.', System Model: 'VMware20,1'."
"5/26/2026 7:10:34 AM","17104","Information","MSSQL$SQLEXPRESS","Server process ID is 5604."
"5/26/2026 7:10:34 AM","17103","Information","MSSQL$SQLEXPRESS","All rights reserved."
"5/26/2026 7:10:34 AM","17101","Information","MSSQL$SQLEXPRESS","(c) Microsoft Corporation."
"5/26/2026 7:10:34 AM","49916","Information","MSSQL$SQLEXPRESS","UTC adjustment: -7:00"
"5/26/2026 7:10:34 AM","17069","Information","MSSQL$SQLEXPRESS","Microsoft SQL Server 2019 (RTM) - 15.0.2000.5 (X64) 
	Sep 24 2019 13:48:23 
	Copyright (C) 2019 Microsoft Corporation
	Express Edition (64-bit) on Windows Server 2022 Standard Evaluation 10.0 <X64> (Build 20348: ) (Hypervisor)
"
"5/26/2026 7:10:34 AM","325","Information","ESENT","DFSRs (3024,D,35) \\.\C:\System Volume Information\DFSR\database_D030_CE70_30CE_5D5A\dfsr.db: The database engine created a new database (1, \\.\C:\System Volume Information\DFSR\database_D030_CE70_30CE_5D5A\dfsr.db). (Time=0 seconds) 
 
Additional Data: lgposCreate = 00000001:0001:0268,
dbv = 1568.180.400 (9360) 
 
Internal Timing Sequence: 
[1] 0.000083 +J(0) +M(C:0K, Fs:5, WS:20K # 0K, PF:8K # 0K, P:8K)
[2] 0.001382 -0.000185 (1) WT +J(CM:0, PgRf:0, Rd:0/0, Dy:0/0, Lg:3480/2) +M(C:0K, Fs:4, WS:16K # 0K, PF:0K # 0K, P:0K)
[3] 0.004528 +J(0) +M(C:0K, Fs:11, WS:36K # 0K, PF:20K # 0K, P:20K)
[4] 0.000276 +J(0) +M(C:0K, Fs:1, WS:4K # 0K, PF:0K # 0K, P:0K)
[5] 0.001367 -0.000629 (3) WT +J(CM:0, PgRf:3, Rd:0/0, Dy:3/6, Lg:122/4) +M(C:0K, Fs:45, WS:172K # 0K, PF:252K # 0K, P:252K)
[6] 0.001361 -0.000222 (2) WT +J(CM:0, PgRf:209, Rd:0/0, Dy:12/408, Lg:24454/447) +M(C:0K, Fs:77, WS:304K # 0K, PF:224K # 0K, P:224K)
[7] 0.000849 -0.000312 (3) WT +J(CM:0, PgRf:0, Rd:0/0, Dy:0/0, Lg:4096/3) +M(C:0K, Fs:4, WS:8K # 0K, PF:0K # 0K, P:0K)
[8] 0.000005 +J(0)
[9] 0.002680 -0.002008 (4) WT +J(0) +M(C:-52K, Fs:8, WS:-28K # 0K, PF:-52K # 0K, P:-52K)
[10] 0.002082 -0.000510 (5) WT +J(CM:0, PgRf:348, Rd:0/0, Dy:7/93, Lg:12509/130) +M(C:12K, Fs:47, WS:180K # 0K, PF:96K # 0K, P:96K)
[11] 0.000002 +J(0)."
"5/26/2026 7:10:34 AM","105","Information","ESENT","DFSRs (3024,D,0) \\.\C:\System Volume Information\DFSR\database_D030_CE70_30CE_5D5A\dfsr.db: The database engine started a new instance (0). (Time=0 seconds) 
 
Additional Data:
  
 
Internal Timing Sequence: 
[1] 0.002238 +J(0) +M(C:0K, Fs:280, WS:1084K # 1084K, PF:6592K # 6548K, P:6592K)
[2] 0.000400 +J(0) +M(C:16K, Fs:102, WS:400K # 400K, PF:336K # 332K, P:336K)
[3] 0.000018 +J(0) +M(C:0K, Fs:3, WS:12K # 12K, PF:64K # 64K, P:64K)
[4] 0.000176 +J(0) +M(C:2032K, Fs:34, WS:128K # 128K, PF:2444K # 2444K, P:2444K)
[5] 0.000513 +J(0) +M(C:0K, Fs:9, WS:36K # 36K, PF:24K # 24K, P:24K)
[6] 0.001070 +J(0) +M(C:0K, Fs:14, WS:52K # 52K, PF:12K # 12K, P:12K)
[7] -
[8] -
[9] -
[10] -
[11] -
[12] -
[13] 0.028219 -0.015998 (22) WT +J(CM:0, PgRf:0, Rd:0/0, Dy:0/0, Lg:616/1) +M(C:0K, Fs:1513, WS:840K # 5936K, PF:168K # 5272K, P:168K)
[14] 0.000010 +J(0) +M(C:0K, Fs:2, WS:8K # 0K, PF:0K # 0K, P:0K)
[15] 0.000098 +J(0) +M(C:0K, Fs:64, WS:256K # 0K, PF:64K # 0K, P:64K)
[16] 0.006288 -0.000104 (3) WT +J(0) +M(C:0K, Fs:8, WS:24K # 0K, PF:0K # 0K, P:0K)."
"5/26/2026 7:10:34 AM","326","Information","ESENT","certsrv.exe (2944,D,50) The database engine attached a database (1, C:\Windows\system32\CertLog\scaffold-DC-CA.edb). (Time=0 seconds) 
 
Saved Cache: 0 0 
Additional Data: lgposAttach = 00000004:0098:0268,
dbv = 1568.180.400 (9360) 
 
Internal Timing Sequence: 
[1] 0.000003 +J(0) +M(C:0K, Fs:1, WS:4K # 0K, PF:0K # 0K, P:0K)
[2] 0.000684 -0.000510 (1) WT +J(0) +M(C:0K, Fs:18, WS:8K # 0K, PF:4K # 0K, P:4K)
[3] 0.004434 -0.001457 (6) WT +J(CM:0, PgRf:0, Rd:0/0, Dy:0/0, Lg:3480/2) +M(C:0K, Fs:28, WS:100K # 0K, PF:132K # 0K, P:132K)
[4] 0.000065 +J(0)
[5] -
[6] -
[7] -
[8] 0.001055 -0.000919 (2) CM -0.000812 (2) WT +J(CM:2, PgRf:2, Rd:14/2, Dy:0/0, Lg:54/1) +M(C:0K, Fs:41, WS:164K # 0K, PF:156K # 0K, P:156K)
[9] 0.001677 -0.001487 (3) CM -0.001352 (3) WT +J(CM:3, PgRf:23, Rd:0/2, Dy:0/0, Lg:0/0) +M(C:0K, Fs:31, WS:124K # 0K, PF:196K # 0K, P:196K)
[10] 0.000783 -0.000637 (1) CM -0.000582 (1) WT +J(CM:1, PgRf:40, Rd:0/1, Dy:0/0, Lg:0/0) +M(C:0K, Fs:5, WS:20K # 0K, PF:64K # 0K, P:64K)
[11] 0.000040 +J(CM:0, PgRf:1, Rd:0/0, Dy:0/0, Lg:0/0) +M(C:0K, Fs:4, WS:16K # 0K, PF:0K # 0K, P:0K)
[12] 0.000069 +J(CM:0, PgRf:42, Rd:0/0, Dy:0/0, Lg:0/0) +M(C:0K, Fs:1, WS:4K # 0K, PF:0K # 0K, P:0K)
[13] 0.000001 +J(0)
[14] 0.0 +J(0)
[15] 0.000005 +J(CM:0, PgRf:1, Rd:0/0, Dy:0/0, Lg:0/0)."
"5/26/2026 7:10:34 AM","517","Information","WDSServer","Provider WDSDDPS loaded from C:\Windows\system32\wdsddps.dll and initialized successfully."
"5/26/2026 7:10:34 AM","105","Information","ESENT","certsrv.exe (2944,D,0) The database engine started a new instance (0). (Time=0 seconds) 
 
Additional Data:
  
 
Internal Timing Sequence: 
[1] 0.000844 +J(0) +M(C:0K, Fs:127, WS:496K # 496K, PF:2492K # 2228K, P:2492K)
[2] 0.000531 +J(0) +M(C:3200K, Fs:213, WS:836K # 836K, PF:4172K # 4168K, P:4172K)
[3] 0.000017 +J(0) +M(C:0K, Fs:3, WS:12K # 12K, PF:64K # 64K, P:64K)
[4] 0.000095 +J(0) +M(C:0K, Fs:20, WS:76K # 76K, PF:496K # 496K, P:496K)
[5] 0.000461 +J(0) +M(C:0K, Fs:9, WS:36K # 36K, PF:20K # 20K, P:20K)
[6] 0.002329 +J(0) +M(C:0K, Fs:29, WS:116K # 116K, PF:12K # 12K, P:12K)
[7] 0.004135 -0.001806 (3) WT +J(0) +M(C:0K, Fs:274, WS:1096K # 1096K, PF:1024K # 1024K, P:1024K)
[8] -
[9] -
[10] -
[11] -
[12] -
[13] 0.008886 -0.002870 (4) WT +J(CM:0, PgRf:0, Rd:0/0, Dy:0/0, Lg:616/1) +M(C:0K, Fs:23, WS:-944K # 72K, PF:-952K # 76K, P:-952K)
[14] 0.000011 +J(0)
[15] 0.000083 +J(0) +M(C:0K, Fs:100, WS:400K # 0K, PF:64K # 0K, P:64K)
[16] 0.000486 -0.000116 (1) WT +J(0) +M(C:0K, Fs:3, WS:4K # 0K, PF:0K # 0K, P:0K)."
"5/26/2026 7:10:34 AM","102","Information","ESENT","DFSRs (3024,P,98) \\.\C:\System Volume Information\DFSR\database_D030_CE70_30CE_5D5A\dfsr.db: The database engine (10.00.20348.0000) is starting a new instance (0)."
"5/26/2026 7:10:34 AM","326","Information","ESENT","svchost (3128,D,50) DDP: The database engine attached a database (3, C:\RemoteInstall\Stores\Drivers\Metadata\DdpDb.mdb). (Time=0 seconds) 
 
Saved Cache: 1 0 
Additional Data: lgposAttach = 00000001:00A9:0268,
dbv = 1568.180.400 (9360) 
 
Internal Timing Sequence: 
[1] 0.000003 +J(0)
[2] 0.000447 -0.000149 (1) WT +J(0) +M(C:0K, Fs:24, WS:32K # 0K, PF:32K # 0K, P:32K)
[3] 0.002428 -0.000738 (6) WT +J(CM:0, PgRf:0, Rd:0/0, Dy:0/0, Lg:3480/2) +M(C:0K, Fs:13, WS:20K # 0K, PF:20K # 0K, P:20K)
[4] 0.000131 +J(0)
[5] -
[6] -
[7] -
[8] 0.000361 +J(CM:0, PgRf:2, Rd:9/0, Dy:0/0, Lg:54/1) +M(C:164K, Fs:51, WS:204K # 0K, PF:184K # 0K, P:184K)
[9] 0.001921 -0.001754 (2) CM -0.001688 (2) WT +J(CM:2, PgRf:16, Rd:0/1, Dy:0/0, Lg:0/0) +M(C:-44K, Fs:9, WS:-40K # 0K, PF:-44K # 0K, P:-44K)
[10] 0.001633 -0.001516 (1) CM -0.001443 (1) WT +J(CM:1, PgRf:35, Rd:0/1, Dy:0/0, Lg:0/0) +M(C:-68K, Fs:0, WS:-68K # 0K, PF:-68K # 0K, P:-68K)
[11] 0.000443 -0.000363 (1) CM -0.000308 (1) WT +J(CM:1, PgRf:1, Rd:0/1, Dy:0/0, Lg:0/0) +M(C:-28K, Fs:0, WS:-28K # 0K, PF:-28K # 0K, P:-28K)
[12] 0.000228 -0.000151 (1) CM -0.000110 (1) WT +J(CM:1, PgRf:42, Rd:0/1, Dy:0/0, Lg:0/0) +M(C:0K, Fs:7, WS:0K # 0K, PF:0K # 0K, P:0K)
[13] 0.0 +J(0)
[14] 0.0 +J(0)
[15] 0.000186 -0.000156 (1) CM -0.000112 (1) WT +J(CM:1, PgRf:1, Rd:0/1, Dy:0/0, Lg:0/0) +M(C:0K, Fs:7, WS:0K # 0K, PF:0K # 0K, P:0K)."
"5/26/2026 7:10:34 AM","102","Information","ESENT","certsrv.exe (2944,P,98) The database engine (10.00.20348.0000) is starting a new instance (0)."
"5/26/2026 7:10:34 AM","105","Information","ESENT","svchost (3128,D,0) DDP: The database engine started a new instance (1). (Time=0 seconds) 
 
Additional Data:
 lgposV2[] = 00000001:0001:0000 - 00000001:00A6:0319 - 00000001:00A7:0000 - 00000001:00A7:0000 (00000000:0000:0000)
cReInits = 29
 
 
Internal Timing Sequence: 
[1] -
[2] -
[3] 0.000173 +J(0) +M(C:0K, Fs:3, WS:12K # 12K, PF:0K # 0K, P:0K)
[4] 0.000164 +J(0) +M(C:0K, Fs:12, WS:48K # 48K, PF:164K # 0K, P:164K)
[5] 0.000714 +J(0) +M(C:0K, Fs:4, WS:16K # 16K, PF:16K # 0K, P:16K)
[6] 0.001459 +J(0) +M(C:0K, Fs:1, WS:4K # 4K, PF:12K # 0K, P:12K)
[7] 0.008313 -0.004180 (11) WT +J(0) +M(C:0K, Fs:1283, WS:5120K # 5120K, PF:5132K # 4420K, P:5132K)
[8] 0.025482 -0.010796 (47) WT +J(CM:0, PgRf:0, Rd:0/0, Dy:0/0, Lg:673230/1616) +M(C:0K, Fs:748, WS:200K # 244K, PF:72K # 116K, P:72K)
[9] 0.000640 +J(0) +M(C:0K, Fs:1, WS:4K # 0K, PF:4K # 0K, P:4K)
[10] 0.004800 -0.002739 (10) WT +J(0) +M(C:0K, Fs:0, WS:-5116K # 0K, PF:-5128K # 0K, P:-5128K)
[11] 0.000022 +J(CM:0, PgRf:0, Rd:0/0, Dy:0/0, Lg:49/1) +M(C:0K, Fs:1, WS:4K # 0K, PF:0K # 0K, P:0K)
[12] 0.000030 +J(0)
[13] 0.020591 -0.000634 (2) CM -0.008777 (31) WT +J(CM:2, PgRf:2, Rd:0/2, Dy:0/0, Lg:8759/5) +M(C:-56K, Fs:1328, WS:-44K # 0K, PF:-108K # 0K, P:-108K)
[14] 0.000021 +J(0)
[15] 0.000016 +J(0)
[16] 0.000515 -0.000360 (1) WT +J(0) +M(C:0K, Fs:2, WS:0K # 0K, PF:0K # 0K, P:0K)."
"5/26/2026 7:10:34 AM","302","Information","ESENT","svchost (3128,U,98) DDP: The database engine has successfully completed recovery steps."
"5/26/2026 7:10:34 AM","301","Information","ESENT","svchost (3128,R,98) DDP: The database engine has finished replaying logfile C:\RemoteInstall\Stores\Drivers\Metadata\DDP.log. 
 
Processing Stats: 
[1] 0.023520 -0.010388 (44) WT +J(CM:0, PgRf:0, Rd:0/0, Dy:0/0, Lg:673230/1616) +M(C:0K, Fs:711, WS:60K # 104K, PF:56K # 100K, P:56K). 
Log record of type 'Insert   ' was seen most frequently (479 times)"
"5/26/2026 7:10:34 AM","335","Information","ESENT","svchost (3128,R,98) DDP: Replay of a Create for database ""C:\RemoteInstall\Stores\Drivers\Metadata\DdpDb.mdb"" at log position (00000001,0001,0268) was deferred due to AttachFuture.  Additional information:  "
"5/26/2026 7:10:34 AM","300","Information","ESENT","svchost (3128,R,98) DDP: The database engine is initiating recovery steps."
"5/26/2026 7:10:34 AM","102","Information","ESENT","svchost (3128,P,98) DDP: The database engine (10.00.20348.0000) is starting a new instance (1)."
"5/26/2026 7:10:34 AM","517","Information","WDSServer","Provider WDSDCPXE loaded from C:\Windows\system32\wdsdcpxe.dll and initialized successfully."
"5/26/2026 7:10:34 AM","517","Information","WDSServer","Provider WDSDCMGR loaded from C:\Windows\system32\wdsdcmgr.dll and initialized successfully."
"5/26/2026 7:10:22 AM","9027","Information","Desktop Window Manager","The Desktop Window Manager has registered the session port."
"5/26/2026 7:10:05 AM","271","Information","VMUpgradeHelper","Restored network configuration."
"5/26/2026 7:10:05 AM","258","Information","VMUpgradeHelper","Restoring network configuration."
"5/26/2026 7:10:05 AM","902","Information","Microsoft-Windows-Security-SPP","The Software Protection service has started.
10.0.20348.587"
"5/26/2026 7:10:04 AM","5617","Information","Microsoft-Windows-WMI","Windows Management Instrumentation Service subsystems initialized successfully"
"5/26/2026 7:10:04 AM","5615","Information","Microsoft-Windows-WMI","Windows Management Instrumentation Service started sucessfully"
"5/26/2026 7:10:05 AM","1037","Information","Microsoft-Windows-Security-SPP","Time-based license remaining validity time 240503 minutes."
"5/26/2026 7:10:05 AM","1003","Information","Microsoft-Windows-Security-SPP","The Software Protection service has completed licensing status check.
Application Id=55c92734-d682-4d71-983e-d6ec3f16059f
Licensing Status=
1: c1a197b6-ba5e-4394-b9bf-b659a6c1b873, 1, 1 [(0 [0x00000000, 1, 0], [(?)( 1 0x00000000)(?)( 2 0x00000000 0 0 msft:rm/algorithm/hwid/4.0 0x00000000 0)(?)( 9 0x00000000 180 240503)( 10 0x00000000 msft:rm/algorithm/flags/1.0)(?)])(1 )(2 )(3 )]

"
"5/26/2026 7:10:05 AM","4202","Information","Microsoft-Windows-MSDTC 2","MSDTC started with the following settings: Security Configuration (OFF = 0 and ON = 1): Allow Remote Administrator = 0, Network Clients = 0, Transaction Manager Communication:  Allow Inbound Transactions = 0, Allow Outbound Transactions = 0, Transaction Internet Protocol (TIP) = 0,  Enable XA Transactions = 0,  Enable SNA LU 6.2 Transactions = 1,  MSDTC Communications Security = Mutual Authentication Required, Account = NT AUTHORITY\NetworkService,  Firewall Exclusion Detected = 0 Transaction Bridge Installed = 0 Filtering Duplicate Events = 1"
"5/26/2026 7:10:04 AM","1066","Information","Microsoft-Windows-Security-SPP","Initialization status for service objects.
C:\Windows\system32\sppwinob.dll, msft:spp/windowsfunctionality/agent/7.0, 0x00000000, 0x00000000
C:\Windows\system32\sppobjs.dll, msft:rm/algorithm/inherited/1.0, 0x00000000, 0x00000000
C:\Windows\system32\sppobjs.dll, msft:rm/algorithm/phone/1.0, 0x00000000, 0x00000000
C:\Windows\system32\sppobjs.dll, msft:rm/algorithm/pkey/detect, 0x00000000, 0x00000000
C:\Windows\system32\sppobjs.dll, msft:spp/ActionScheduler/1.0, 0x00000000, 0x00000000
C:\Windows\system32\sppobjs.dll, msft:spp/TaskScheduler/1.0, 0x00000000, 0x00000000
C:\Windows\system32\sppobjs.dll, msft:spp/statecollector/pkey, 0x00000000, 0x00000000
C:\Windows\system32\sppobjs.dll, msft:spp/volume/services/kms/1.0, 0x00000000, 0x00000000
C:\Windows\system32\sppobjs.dll, msft:spp/volume/services/kms/activationinfo/1.0, 0x00000000, 0x00000000
"
"5/26/2026 7:10:04 AM","781","Information","Microsoft-Windows-Complus","The COM+ sub system is suppressing duplicate event log entries for a duration of 86400 seconds.  The suppression timeout can be controlled by a REG_DWORD value named SuppressDuplicateDuration under the following registry key: HKLM\Software\Microsoft\COM3\Eventlog."
"5/26/2026 7:10:04 AM","16394","Information","Microsoft-Windows-Security-SPP","Offline downlevel migration succeeded."
"5/26/2026 7:10:04 AM","517","Information","WDSServer","Provider WDSTFTP loaded from C:\Windows\system32\wdstftp.dll and initialized successfully."
"5/26/2026 7:10:04 AM","0","Information","Microsoft Deployment Toolkit Monitor Service","Service started successfully."
"5/26/2026 7:10:04 AM","517","Information","WDSServer","Provider WDSMDMGR loaded from C:\Windows\system32\wdsmdmgr.dll and initialized successfully."
"5/26/2026 7:10:04 AM","326","Information","ESENT","svchost (3128,D,50) WDS: The database engine attached a database (1, C:\RemoteInstall\Stores\Metadata\WDSMD.mdb). (Time=0 seconds) 
 
Saved Cache: 1 0 
Additional Data: lgposAttach = 00000001:0071:0268,
dbv = 1568.180.400 (9360) 
 
Internal Timing Sequence: 
[1] 0.000002 +J(0)
[2] 0.000387 -0.000221 (1) WT +J(0) +M(C:0K, Fs:24, WS:32K # 0K, PF:32K # 0K, P:32K)
[3] 0.002398 -0.000918 (6) WT +J(CM:0, PgRf:0, Rd:0/0, Dy:0/0, Lg:3480/2) +M(C:0K, Fs:14, WS:24K # 0K, PF:20K # 0K, P:20K)
[4] 0.000056 +J(0)
[5] -
[6] -
[7] -
[8] 0.000536 -0.000354 (2) CM -0.000263 (2) WT +J(CM:2, PgRf:2, Rd:4/2, Dy:0/0, Lg:54/1) +M(C:120K, Fs:47, WS:132K # 0K, PF:144K # 0K, P:144K)
[9] 0.000764 -0.000605 (2) CM -0.000529 (2) WT +J(CM:2, PgRf:16, Rd:0/2, Dy:0/0, Lg:0/0) +M(C:-16K, Fs:41, WS:80K # 0K, PF:212K # 0K, P:212K)
[10] 0.000237 -0.000154 (1) CM -0.000113 (1) WT +J(CM:1, PgRf:35, Rd:0/1, Dy:0/0, Lg:0/0) +M(C:-28K, Fs:4, WS:-12K # 0K, PF:36K # 0K, P:36K)
[11] 0.000196 -0.000143 (1) CM -0.000108 (1) WT +J(CM:1, PgRf:1, Rd:0/1, Dy:0/0, Lg:0/0) +M(C:0K, Fs:10, WS:12K # 0K, PF:0K # 0K, P:0K)
[12] 0.000194 -0.000128 (1) CM -0.000095 (1) WT +J(CM:1, PgRf:42, Rd:0/1, Dy:0/0, Lg:0/0) +M(C:0K, Fs:8, WS:4K # 0K, PF:0K # 0K, P:0K)
[13] 0.0 +J(0)
[14] 0.0 +J(0)
[15] 0.000220 -0.000169 (1) CM -0.000137 (1) WT +J(CM:1, PgRf:1, Rd:0/1, Dy:0/0, Lg:0/0) +M(C:0K, Fs:7, WS:0K # 0K, PF:0K # 0K, P:0K)."
"5/26/2026 7:10:04 AM","105","Information","ESENT","svchost (3128,D,0) WDS: The database engine started a new instance (0). (Time=0 seconds) 
 
Additional Data:
 lgposV2[] = 00000001:0001:0000 - 00000001:006E:0309 - 00000001:006F:0000 - 00000001:006F:0000 (00000000:0000:0000)
cReInits = 29
 
 
Internal Timing Sequence: 
[1] 0.000655 +J(0) +M(C:0K, Fs:174, WS:676K # 676K, PF:4584K # 4584K, P:4584K)
[2] 0.000209 +J(0) +M(C:64K, Fs:109, WS:432K # 432K, PF:392K # 392K, P:392K)
[3] 0.000134 +J(0) +M(C:0K, Fs:10, WS:36K # 36K, PF:940K # 940K, P:940K)
[4] 0.000142 +J(0) +M(C:0K, Fs:42, WS:164K # 164K, PF:228K # 228K, P:228K)
[5] 0.000213 +J(0) +M(C:0K, Fs:55, WS:220K # 220K, PF:16K # 16K, P:16K)
[6] 0.002154 +J(0) +M(C:0K, Fs:23, WS:92K # 92K, PF:16K # 16K, P:16K)
[7] 0.008436 -0.004309 (11) WT +J(0) +M(C:0K, Fs:1299, WS:5188K # 5188K, PF:5128K # 5128K, P:5128K)
[8] 0.054353 -0.016057 (47) WT +J(CM:0, PgRf:0, Rd:0/0, Dy:0/0, Lg:446084/954) +M(C:0K, Fs:799, WS:396K # 428K, PF:252K # 284K, P:252K)
[9] 0.001044 +J(0) +M(C:0K, Fs:5, WS:20K # 0K, PF:8K # 0K, P:8K)
[10] 0.004458 -0.002525 (9) WT +J(0) +M(C:0K, Fs:0, WS:-5116K # 0K, PF:-5120K # 0K, P:-5120K)
[11] 0.000028 +J(CM:0, PgRf:0, Rd:0/0, Dy:0/0, Lg:49/1) +M(C:0K, Fs:2, WS:8K # 0K, PF:0K # 0K, P:0K)
[12] 0.000043 +J(0)
[13] 0.020889 -0.001116 (2) CM -0.008941 (31) WT +J(CM:2, PgRf:2, Rd:0/2, Dy:0/0, Lg:8759/5) +M(C:-56K, Fs:1350, WS:48K # 48K, PF:80K # 72K, P:80K)
[14] 0.000010 +J(0)
[15] 0.000015 +J(0)
[16] 0.000223 -0.000123 (1) WT +J(0) +M(C:0K, Fs:2, WS:0K # 0K, PF:0K # 0K, P:0K)."
"5/26/2026 7:10:04 AM","302","Information","ESENT","svchost (3128,U,98) WDS: The database engine has successfully completed recovery steps."
"5/26/2026 7:10:04 AM","301","Information","ESENT","svchost (3128,R,98) WDS: The database engine has finished replaying logfile C:\RemoteInstall\Stores\Metadata\WDS.log. 
 
Processing Stats: 
[1] 0.027417 -0.015649 (44) WT +J(CM:0, PgRf:0, Rd:0/0, Dy:0/0, Lg:446084/954) +M(C:0K, Fs:755, WS:236K # 268K, PF:168K # 200K, P:168K). 
Log record of type 'Insert   ' was seen most frequently (277 times)"
"5/26/2026 7:10:04 AM","335","Information","ESENT","svchost (3128,R,98) WDS: Replay of a Create for database ""C:\RemoteInstall\Stores\Metadata\WDSMD.mdb"" at log position (00000001,0001,0268) was deferred due to AttachFuture.  Additional information:  "
"5/26/2026 7:10:04 AM","300","Information","ESENT","svchost (3128,R,98) WDS: The database engine is initiating recovery steps."
"5/26/2026 7:10:04 AM","102","Information","ESENT","svchost (3128,P,98) WDS: The database engine (10.00.20348.0000) is starting a new instance (0)."
"5/26/2026 7:10:04 AM","517","Information","WDSServer","Provider WDSMC loaded from C:\Windows\system32\wdsmc.dll and initialized successfully."
"5/26/2026 7:10:04 AM","900","Information","Microsoft-Windows-Security-SPP","The Software Protection service is starting.
Parameters:TriggerStarted:6"
"5/26/2026 7:10:04 AM","1025","Information","WDSServer","The RPC server started on TCP port 5040. 
"
"5/26/2026 7:10:04 AM","105","Information","VMTools","The service was started."
"5/26/2026 7:09:55 AM","1531","Information","Microsoft-Windows-User Profiles Service","The User Profile Service has started successfully.  

"
"5/26/2026 7:09:55 AM","4625","Information","Microsoft-Windows-EventSystem","The EventSystem sub system is suppressing duplicate event log entries for a duration of 86400 seconds.  The suppression timeout can be controlled by a REG_DWORD value named SuppressDuplicateDuration under the following registry key: HKLM\Software\Microsoft\EventSystem\EventLog."
"5/25/2026 8:56:44 AM","38","Information","Microsoft-Windows-CertificationAuthority","Active Directory Certificate Services for scaffold-DC-CA was stopped."
"5/25/2026 8:56:44 AM","1532","Information","Microsoft-Windows-User Profiles Service","The User Profile Service has stopped.  

"
"5/25/2026 8:56:44 AM","0","Information","Microsoft Deployment Toolkit Monitor Service","Service has been successfully shut down."
"5/25/2026 8:56:44 AM","4111","Information","Microsoft-Windows-MSDTC","The MS DTC service is stopping."
"5/25/2026 8:56:44 AM","1033","Information","IIS AspNetCore Module V2","Application 'MACHINE/WEBROOT/APPHOST/SCAFFOLDPORTAL' has shutdown."
"5/25/2026 8:56:44 AM","17147","Information","MSSQL$SQLEXPRESS","SQL Server is terminating because of a system shutdown. This is an informational message only. No user action is required."
"5/25/2026 8:56:44 AM","108","Information","VMTools","The service was stopped."
"5/25/2026 8:56:44 AM","272","Information","VMUpgradeHelper","Saved network configuration."
"5/25/2026 8:56:44 AM","260","Information","VMUpgradeHelper","Saving network configuration."
"5/25/2026 8:56:43 AM","6000","Information","Microsoft-Windows-Winlogon","The winlogon notification subscriber <SessionEnv> was unavailable to handle a notification event."
"5/25/2026 8:56:43 AM","6000","Information","Microsoft-Windows-Winlogon","The winlogon notification subscriber <WSearch> was unavailable to handle a notification event."
"5/25/2026 8:52:43 AM","10001","Information","Microsoft-Windows-RestartManager","Ending session 0 started ‎2026‎-‎05‎-‎25T15:52:42.739782300Z."
"5/25/2026 8:52:42 AM","10000","Information","Microsoft-Windows-RestartManager","Starting session 0 - ‎2026‎-‎05‎-‎25T15:52:42.739782300Z."
"5/25/2026 8:52:43 AM","1042","Information","MsiInstaller","Ending a Windows Installer transaction: C:\Software\Locks\Processing\7z2601-x64_signed_20260525_155040066_ba6bff70ce1947db_20260525_085242271_9e93174bccff48fe9129e61ec5534858.msi. Client Process Id: 3724."
"5/25/2026 8:52:43 AM","1033","Information","MsiInstaller","Windows Installer installed the product. Product Name: 7-Zip 26.01 (x64 edition). Product Version: 26.01.00.0. Product Language: 1033. Manufacturer: Igor Pavlov. Installation success or error status: 0."
"5/25/2026 8:52:43 AM","11707","Information","MsiInstaller","Product: 7-Zip 26.01 (x64 edition) -- Installation completed successfully."
"5/25/2026 8:52:42 AM","1040","Information","MsiInstaller","Beginning a Windows Installer transaction: C:\Software\Locks\Processing\7z2601-x64_signed_20260525_155040066_ba6bff70ce1947db_20260525_085242271_9e93174bccff48fe9129e61ec5534858.msi. Client Process Id: 3724."
"5/25/2026 8:41:23 AM","0","Information","edgeupdate","Service stopped."
"5/25/2026 8:41:05 AM","16384","Information","Microsoft-Windows-Security-SPP","Successfully scheduled Software Protection service for re-start at 2026-10-10T14:33:05Z. Reason: RulesEngine."
"5/25/2026 8:40:34 AM","16394","Information","Microsoft-Windows-Security-SPP","Offline downlevel migration succeeded."
"5/25/2026 8:39:15 AM","49930","Information","MSSQL$SQLEXPRESS","Parallel redo is shutdown for database 'ScaffoldPortal' with worker pool size [1]."
"5/25/2026 8:39:15 AM","49930","Information","MSSQL$SQLEXPRESS","Parallel redo is started for database 'ScaffoldPortal' with worker pool size [1]."
"5/25/2026 8:39:15 AM","17137","Information","MSSQL$SQLEXPRESS","Starting up database 'ScaffoldPortal'."
"5/25/2026 8:17:03 AM","1032","Information","IIS AspNetCore Module V2","Application 'C:\inetpub\ScaffoldPortal\' started successfully."
"5/25/2026 8:17:03 AM","49930","Information","MSSQL$SQLEXPRESS","Parallel redo is shutdown for database 'ScaffoldPortal' with worker pool size [1]."
"5/25/2026 8:17:03 AM","49930","Information","MSSQL$SQLEXPRESS","Parallel redo is started for database 'ScaffoldPortal' with worker pool size [1]."
"5/25/2026 8:17:03 AM","17137","Information","MSSQL$SQLEXPRESS","Starting up database 'ScaffoldPortal'."
"5/25/2026 8:11:04 AM","16384","Information","Microsoft-Windows-Security-SPP","Successfully scheduled Software Protection service for re-start at 2026-10-10T14:33:04Z. Reason: RulesEngine."
"5/25/2026 8:10:34 AM","16394","Information","Microsoft-Windows-Security-SPP","Offline downlevel migration succeeded."
"5/25/2026 8:06:16 AM","16384","Information","Microsoft-Windows-Security-SPP","Successfully scheduled Software Protection service for re-start at 2026-10-10T14:32:16Z. Reason: RulesEngine."
"5/25/2026 8:05:42 AM","16394","Information","Microsoft-Windows-Security-SPP","Offline downlevel migration succeeded."
