"5/25/2026 8:42:13 AM","5857","Information","Microsoft-Windows-WMI-Activity","nettcpip provider started with result code 0x0. HostProcess = wmiprvse.exe; ProcessID = 4572; ProviderPath = %systemroot%\system32\wbem\NetTCPIP.dll"
"5/25/2026 8:42:13 AM","5857","Information","Microsoft-Windows-WMI-Activity","NetAdapterCim provider started with result code 0x0. HostProcess = wmiprvse.exe; ProcessID = 1236; ProviderPath = %systemroot%\system32\wbem\NetAdapterCim.dll"
"5/25/2026 8:42:13 AM","5857","Information","Microsoft-Windows-WMI-Activity","mgmtprovider provider started with result code 0x0. HostProcess = wmiprvse.exe; ProcessID = 4572; ProviderPath = %systemroot%\system32\wbem\mgmtprovider.dll"
"5/25/2026 8:32:16 AM","5857","Information","Microsoft-Windows-WMI-Activity","deploymentprovider provider started with result code 0x0. HostProcess = wmiprvse.exe; ProcessID = 724; ProviderPath = %systemroot%\system32\wbem\ServerManager.DeploymentProvider.dll"
"5/25/2026 8:32:14 AM","5857","Information","Microsoft-Windows-WMI-Activity","nettcpip provider started with result code 0x0. HostProcess = wmiprvse.exe; ProcessID = 4572; ProviderPath = %systemroot%\system32\wbem\NetTCPIP.dll"
"5/25/2026 8:32:13 AM","5857","Information","Microsoft-Windows-WMI-Activity","NetAdapterCim provider started with result code 0x0. HostProcess = wmiprvse.exe; ProcessID = 1812; ProviderPath = %systemroot%\system32\wbem\NetAdapterCim.dll"
"5/25/2026 8:32:13 AM","5857","Information","Microsoft-Windows-WMI-Activity","mgmtprovider provider started with result code 0x0. HostProcess = wmiprvse.exe; ProcessID = 4572; ProviderPath = %systemroot%\system32\wbem\mgmtprovider.dll"
"5/25/2026 8:22:16 AM","5857","Information","Microsoft-Windows-WMI-Activity","deploymentprovider provider started with result code 0x0. HostProcess = wmiprvse.exe; ProcessID = 3212; ProviderPath = %systemroot%\system32\wbem\ServerManager.DeploymentProvider.dll"
"5/25/2026 8:22:13 AM","5857","Information","Microsoft-Windows-WMI-Activity","nettcpip provider started with result code 0x0. HostProcess = wmiprvse.exe; ProcessID = 4572; ProviderPath = %systemroot%\system32\wbem\NetTCPIP.dll"
"5/25/2026 8:22:13 AM","5857","Information","Microsoft-Windows-WMI-Activity","NetAdapterCim provider started with result code 0x0. HostProcess = wmiprvse.exe; ProcessID = 600; ProviderPath = %systemroot%\system32\wbem\NetAdapterCim.dll"
"5/25/2026 8:22:13 AM","5857","Information","Microsoft-Windows-WMI-Activity","mgmtprovider provider started with result code 0x0. HostProcess = wmiprvse.exe; ProcessID = 4572; ProviderPath = %systemroot%\system32\wbem\mgmtprovider.dll"
"5/25/2026 8:12:16 AM","5857","Information","Microsoft-Windows-WMI-Activity","deploymentprovider provider started with result code 0x0. HostProcess = wmiprvse.exe; ProcessID = 4568; ProviderPath = %systemroot%\system32\wbem\ServerManager.DeploymentProvider.dll"
"5/25/2026 8:12:13 AM","5857","Information","Microsoft-Windows-WMI-Activity","nettcpip provider started with result code 0x0. HostProcess = wmiprvse.exe; ProcessID = 4572; ProviderPath = %systemroot%\system32\wbem\NetTCPIP.dll"
"5/25/2026 8:12:13 AM","5857","Information","Microsoft-Windows-WMI-Activity","NetAdapterCim provider started with result code 0x0. HostProcess = wmiprvse.exe; ProcessID = 6928; ProviderPath = %systemroot%\system32\wbem\NetAdapterCim.dll"
"5/25/2026 8:12:13 AM","5857","Information","Microsoft-Windows-WMI-Activity","mgmtprovider provider started with result code 0x0. HostProcess = wmiprvse.exe; ProcessID = 4572; ProviderPath = %systemroot%\system32\wbem\mgmtprovider.dll"
"5/25/2026 8:05:57 AM","5858","Error","Microsoft-Windows-WMI-Activity","Id = {00000000-0000-0000-0000-000000000000}; ClientMachine = DC; User = NT AUTHORITY\SYSTEM; ClientProcessId = 5076; Component = Unknown; Operation = Start IWbemServices::ExecQuery - ROOT\CIMV2 : SELECT State FROM Win32_Service; ResultCode = 0x80041032; PossibleCause = Unknown"
"5/25/2026 8:05:55 AM","5858","Error","Microsoft-Windows-WMI-Activity","Id = {00000000-0000-0000-0000-000000000000}; ClientMachine = DC; User = NT AUTHORITY\SYSTEM; ClientProcessId = 5076; Component = Unknown; Operation = Start IWbemServices::ExecQuery - root\directory\LDAP : SELECT DS_msDFSR_Flags FROM DS_msDFSR_GlobalSettings; ResultCode = 0x80041032; PossibleCause = Unknown"
"5/25/2026 8:05:55 AM","5857","Information","Microsoft-Windows-WMI-Activity","Microsoft|DSLDAPInstanceProvider|V1.0 provider started with result code 0x0. HostProcess = wmiprvse.exe; ProcessID = 4572; ProviderPath = %systemroot%\system32\wbem\dsprov.dll"
"5/25/2026 8:05:55 AM","5857","Information","Microsoft-Windows-WMI-Activity","Microsoft|DSLDAPClassProvider|V1.0 provider started with result code 0x0. HostProcess = wmiprvse.exe; ProcessID = 4572; ProviderPath = %systemroot%\system32\wbem\dsprov.dll"
"5/25/2026 8:05:46 AM","5857","Information","Microsoft-Windows-WMI-Activity","Win32_WIN32_TERMINALSERVICE_Prov provider started with result code 0x0. HostProcess = wmiprvse.exe; ProcessID = 4572; ProviderPath = %SystemRoot%\system32\tscfgwmi.dll"
"5/25/2026 8:05:46 AM","5858","Error","Microsoft-Windows-WMI-Activity","Id = {00000000-0000-0000-0000-000000000000}; ClientMachine = DC; User = NT AUTHORITY\SYSTEM; ClientProcessId = 6600; Component = Unknown; Operation = Start IWbemServices::ExecQuery - ROOT\WMI : SELECT * FROM BatteryStaticData; ResultCode = 0x80041010; PossibleCause = Unknown"
"5/25/2026 8:05:46 AM","5858","Error","Microsoft-Windows-WMI-Activity","Id = {00000000-0000-0000-0000-000000000000}; ClientMachine = DC; User = NT AUTHORITY\SYSTEM; ClientProcessId = 6600; Component = Unknown; Operation = Start IWbemServices::ExecQuery - ROOT\WMI : SELECT * FROM BatteryFullChargedCapacity; ResultCode = 0x80041010; PossibleCause = Unknown"
"5/25/2026 8:05:46 AM","5857","Information","Microsoft-Windows-WMI-Activity","WMIProv provider started with result code 0x0. HostProcess = wmiprvse.exe; ProcessID = 4944; ProviderPath = %systemroot%\system32\wbem\wmiprov.dll"
"5/25/2026 8:05:46 AM","5857","Information","Microsoft-Windows-WMI-Activity","PowerWmiProvider provider started with result code 0x0. HostProcess = wmiprvse.exe; ProcessID = 7104; ProviderPath = %systemroot%\system32\umpowmi.dll"
"5/25/2026 8:05:45 AM","5858","Error","Microsoft-Windows-WMI-Activity","Id = {00000000-0000-0000-0000-000000000000}; ClientMachine = DC; User = NT AUTHORITY\SYSTEM; ClientProcessId = 6600; Component = Unknown; Operation = Start IWbemServices::ExecQuery - ROOT\MICROSOFT\WINDOWS\STORAGE : SELECT MediaType, BusType FROM MSFT_PhysicalDisk WHERE SerialNumber = '0C40_8FF3_8B90_5F18_000C_296C_2AEC_3952.'; ResultCode = 0x80041032; PossibleCause = Unknown"
"5/25/2026 8:05:45 AM","5857","Information","Microsoft-Windows-WMI-Activity","StorageWMI provider started with result code 0x0. HostProcess = wmiprvse.exe; ProcessID = 4572; ProviderPath = %SystemRoot%\System32\storagewmi.dll"
"5/25/2026 8:05:45 AM","5857","Information","Microsoft-Windows-WMI-Activity","MSVDS__PROVIDER provider started with result code 0x0. HostProcess = wmiprvse.exe; ProcessID = 4572; ProviderPath = %systemroot%\system32\wbem\vdswmi.dll"
"5/25/2026 8:05:42 AM","5857","Information","Microsoft-Windows-WMI-Activity","CIMWin32a provider started with result code 0x0. HostProcess = wmiprvse.exe; ProcessID = 4572; ProviderPath = %systemroot%\system32\wbem\wmipcima.dll"
"5/25/2026 8:02:16 AM","5857","Information","Microsoft-Windows-WMI-Activity","deploymentprovider provider started with result code 0x0. HostProcess = wmiprvse.exe; ProcessID = 8012; ProviderPath = %systemroot%\system32\wbem\ServerManager.DeploymentProvider.dll"
"5/25/2026 8:02:13 AM","5857","Information","Microsoft-Windows-WMI-Activity","nettcpip provider started with result code 0x0. HostProcess = wmiprvse.exe; ProcessID = 4572; ProviderPath = %systemroot%\system32\wbem\NetTCPIP.dll"
"5/25/2026 8:02:13 AM","5857","Information","Microsoft-Windows-WMI-Activity","NetAdapterCim provider started with result code 0x0. HostProcess = wmiprvse.exe; ProcessID = 1344; ProviderPath = %systemroot%\system32\wbem\NetAdapterCim.dll"
"5/25/2026 8:02:13 AM","5857","Information","Microsoft-Windows-WMI-Activity","mgmtprovider provider started with result code 0x0. HostProcess = wmiprvse.exe; ProcessID = 4572; ProviderPath = %systemroot%\system32\wbem\mgmtprovider.dll"
"5/25/2026 7:52:16 AM","5857","Information","Microsoft-Windows-WMI-Activity","deploymentprovider provider started with result code 0x0. HostProcess = wmiprvse.exe; ProcessID = 5944; ProviderPath = %systemroot%\system32\wbem\ServerManager.DeploymentProvider.dll"
"5/25/2026 7:52:13 AM","5857","Information","Microsoft-Windows-WMI-Activity","nettcpip provider started with result code 0x0. HostProcess = wmiprvse.exe; ProcessID = 4572; ProviderPath = %systemroot%\system32\wbem\NetTCPIP.dll"
"5/25/2026 7:52:13 AM","5857","Information","Microsoft-Windows-WMI-Activity","NetAdapterCim provider started with result code 0x0. HostProcess = wmiprvse.exe; ProcessID = 4976; ProviderPath = %systemroot%\system32\wbem\NetAdapterCim.dll"
"5/25/2026 7:52:13 AM","5857","Information","Microsoft-Windows-WMI-Activity","mgmtprovider provider started with result code 0x0. HostProcess = wmiprvse.exe; ProcessID = 4572; ProviderPath = %systemroot%\system32\wbem\mgmtprovider.dll"
"5/25/2026 7:51:03 AM","5858","Error","Microsoft-Windows-WMI-Activity","Id = {669A56E9-EC54-0001-DB58-9A6654ECDC01}; ClientMachine = DC; User = NT AUTHORITY\SYSTEM; ClientProcessId = 6060; Component = Unknown; Operation = Start IWbemServices::ExecNotificationQuery - ROOT\CIMV2 : SELECT * FROM Win32_ProcessStartTrace WHERE ProcessName = 'wsmprovhost.exe'; ResultCode = 0x80041032; PossibleCause = Unknown"
"5/25/2026 7:45:51 AM","5857","Information","Microsoft-Windows-WMI-Activity","DeliveryOptimizationMIProv provider started with result code 0x0. HostProcess = wmiprvse.exe; ProcessID = 4572; ProviderPath = %SystemRoot%\system32\domgmt.dll"
"5/25/2026 7:45:51 AM","5857","Information","Microsoft-Windows-WMI-Activity","Win32_DeviceGuard provider started with result code 0x0. HostProcess = wmiprvse.exe; ProcessID = 4572; ProviderPath = %SystemRoot%\System32\Win32_DeviceGuard.dll"
"5/25/2026 7:45:50 AM","5857","Information","Microsoft-Windows-WMI-Activity","Win32_TpmProvider provider started with result code 0x0. HostProcess = wmiprvse.exe; ProcessID = 4572; ProviderPath = C:\Windows\System32\wbem\Win32_TPM.dll"
"5/25/2026 7:45:50 AM","5858","Error","Microsoft-Windows-WMI-Activity","Id = {00000000-0000-0000-0000-000000000000}; ClientMachine = DC; User = NT AUTHORITY\SYSTEM; ClientProcessId = 1660; Component = Unknown; Operation = Start IWbemServices::ExecQuery - ROOT\CCM : select ClientId from CCM_Client; ResultCode = 0x80041010; PossibleCause = Unknown"
"5/25/2026 7:45:50 AM","5857","Information","Microsoft-Windows-WMI-Activity","deploymentprovider provider started with result code 0x0. HostProcess = wmiprvse.exe; ProcessID = 1812; ProviderPath = %systemroot%\system32\wbem\ServerManager.DeploymentProvider.dll"
"5/25/2026 7:45:50 AM","5857","Information","Microsoft-Windows-WMI-Activity","ServerFeatureProvider provider started with result code 0x0. HostProcess = wmiprvse.exe; ProcessID = 4572; ProviderPath = %windir%\system32\wbem\servercompprov.dll"
"5/25/2026 7:43:03 AM","5858","Error","Microsoft-Windows-WMI-Activity","Id = {00000000-0000-0000-0000-000000000000}; ClientMachine = DC; User = NT AUTHORITY\SYSTEM; ClientProcessId = 7468; Component = Unknown; Operation = Start IWbemServices::ExecQuery - root\cimv2 : SELECT * FROM Win32_ComputerSystem; ResultCode = 0x80041032; PossibleCause = Unknown"
"5/25/2026 7:43:03 AM","5858","Error","Microsoft-Windows-WMI-Activity","Id = {00000000-0000-0000-0000-000000000000}; ClientMachine = DC; User = NT AUTHORITY\SYSTEM; ClientProcessId = 7468; Component = Unknown; Operation = Start IWbemServices::ExecQuery - root\cimv2 : SELECT * FROM Win32_OperatingSystem; ResultCode = 0x80041032; PossibleCause = Unknown"
"5/25/2026 7:43:03 AM","5858","Error","Microsoft-Windows-WMI-Activity","Id = {00000000-0000-0000-0000-000000000000}; ClientMachine = DC; User = NT AUTHORITY\SYSTEM; ClientProcessId = 7468; Component = Unknown; Operation = Start IWbemServices::ExecQuery - root\cimv2 : SELECT * FROM Win32_ComputerSystem; ResultCode = 0x80041032; PossibleCause = Unknown"
"5/25/2026 7:42:16 AM","5857","Information","Microsoft-Windows-WMI-Activity","deploymentprovider provider started with result code 0x0. HostProcess = wmiprvse.exe; ProcessID = 5588; ProviderPath = %systemroot%\system32\wbem\ServerManager.DeploymentProvider.dll"
"5/25/2026 7:42:13 AM","5857","Information","Microsoft-Windows-WMI-Activity","nettcpip provider started with result code 0x0. HostProcess = wmiprvse.exe; ProcessID = 4572; ProviderPath = %systemroot%\system32\wbem\NetTCPIP.dll"
"5/25/2026 7:42:13 AM","5857","Information","Microsoft-Windows-WMI-Activity","NetAdapterCim provider started with result code 0x0. HostProcess = wmiprvse.exe; ProcessID = 7052; ProviderPath = %systemroot%\system32\wbem\NetAdapterCim.dll"
"5/25/2026 7:42:13 AM","5857","Information","Microsoft-Windows-WMI-Activity","mgmtprovider provider started with result code 0x0. HostProcess = wmiprvse.exe; ProcessID = 4572; ProviderPath = %systemroot%\system32\wbem\mgmtprovider.dll"
"5/25/2026 7:41:25 AM","5858","Error","Microsoft-Windows-WMI-Activity","Id = {00000000-0000-0000-0000-000000000000}; ClientMachine = DC; User = NT AUTHORITY\NETWORK SERVICE; ClientProcessId = 1468; Component = Unknown; Operation = Start IWbemServices::ExecQuery - ROOT\CIMV2 : SELECT Manufacturer, Product FROM Win32_BaseBoard; ResultCode = 0x80041032; PossibleCause = Unknown"
"5/25/2026 7:41:25 AM","5857","Information","Microsoft-Windows-WMI-Activity","CIMWin32a provider started with result code 0x0. HostProcess = wmiprvse.exe; ProcessID = 4572; ProviderPath = %systemroot%\system32\wbem\wmipcima.dll"
"5/25/2026 7:41:13 AM","5857","Information","Microsoft-Windows-WMI-Activity","MS_NT_EVENTLOG_PROVIDER provider started with result code 0x0. HostProcess = wmiprvse.exe; ProcessID = 4572; ProviderPath = %systemroot%\system32\wbem\ntevt.dll"
"5/25/2026 7:41:03 AM","5860","Information","Microsoft-Windows-WMI-Activity","Namespace = ROOT\CIMV2; NotificationQuery = SELECT * FROM Win32_ProcessStartTrace WHERE ProcessName = 'wsmprovhost.exe'; UserName = NT AUTHORITY\SYSTEM; ClientProcessID = 6060, ClientMachine = DC; PossibleCause = Temporary"
"5/25/2026 7:41:03 AM","5857","Information","Microsoft-Windows-WMI-Activity","WMI Kernel Trace Event Provider provider started with result code 0x0. HostProcess = wmiprvse.exe; ProcessID = 3160; ProviderPath = C:\Windows\System32\wbem\krnlprov.dll"
"5/25/2026 7:41:03 AM","5859","Information","Microsoft-Windows-WMI-Activity","Namespace = //./root/CIMV2; NotificationQuery = select * from MSFT_SCMEventLogEvent; OwnerName = S-1-5-32-544; HostProcessID = 3160;  Provider= SCM Event Provider, queryID = 0; PossibleCause = Permanent"
"5/25/2026 7:41:03 AM","5861","Information","Microsoft-Windows-WMI-Activity","Namespace = //./root/subscription; Eventfilter = SCM Event Log Filter (refer to its activate eventid:5859); Consumer = NTEventLogEventConsumer=""SCM Event Log Consumer""; PossibleCause = Binding EventFilter: 
instance of __EventFilter
{
	CreatorSID = {1, 2, 0, 0, 0, 0, 0, 5, 32, 0, 0, 0, 32, 2, 0, 0};
	EventNamespace = ""root\\cimv2"";
	Name = ""SCM Event Log Filter"";
	Query = ""select * from MSFT_SCMEventLogEvent"";
	QueryLanguage = ""WQL"";
};
Perm. Consumer: 
instance of NTEventLogEventConsumer
{
	Category = 0;
	CreatorSID = {1, 2, 0, 0, 0, 0, 0, 5, 32, 0, 0, 0, 32, 2, 0, 0};
	EventType = 1;
	Name = ""SCM Event Log Consumer"";
	NameOfUserSIDProperty = ""sid"";
	SourceName = ""Service Control Manager"";
};
"
"5/25/2026 7:40:53 AM","5857","Information","Microsoft-Windows-WMI-Activity","WmiPerfClass provider started with result code 0x0. HostProcess = wmiprvse.exe; ProcessID = 4944; ProviderPath = C:\Windows\System32\wbem\WmiPerfClass.dll"
"5/25/2026 7:40:35 AM","5858","Error","Microsoft-Windows-WMI-Activity","Id = {00000000-0000-0000-0000-000000000000}; ClientMachine = DC; User = NT AUTHORITY\SYSTEM; ClientProcessId = 4012; Component = Unknown; Operation = Start IWbemServices::CreateInstanceEnum - root\wmi : MSiSCSI_PortalInfoClass; ResultCode = 0x8004100C; PossibleCause = Unknown"
"5/25/2026 7:40:35 AM","5858","Error","Microsoft-Windows-WMI-Activity","Id = {00000000-0000-0000-0000-000000000000}; ClientMachine = DC; User = NT AUTHORITY\SYSTEM; ClientProcessId = 4012; Component = Unknown; Operation = Start IWbemServices::CreateInstanceEnum - root\wmi : MS_SM_AdapterInformationQuery; ResultCode = 0x8004100C; PossibleCause = Unknown"
"5/25/2026 7:40:35 AM","5857","Information","Microsoft-Windows-WMI-Activity","WMIProv provider started with result code 0x0. HostProcess = wmiprvse.exe; ProcessID = 4944; ProviderPath = %systemroot%\system32\wbem\wmiprov.dll"
"5/25/2026 7:40:34 AM","5857","Information","Microsoft-Windows-WMI-Activity","CIMWin32 provider started with result code 0x0. HostProcess = wmiprvse.exe; ProcessID = 4572; ProviderPath = %systemroot%\system32\wbem\cimwin32.dll"
"5/24/2026 3:50:55 PM","5857","Information","Microsoft-Windows-WMI-Activity","deploymentprovider provider started with result code 0x0. HostProcess = wmiprvse.exe; ProcessID = 7592; ProviderPath = %systemroot%\system32\wbem\ServerManager.DeploymentProvider.dll"
"5/24/2026 3:50:53 PM","5857","Information","Microsoft-Windows-WMI-Activity","nettcpip provider started with result code 0x0. HostProcess = wmiprvse.exe; ProcessID = 4620; ProviderPath = %systemroot%\system32\wbem\NetTCPIP.dll"
"5/24/2026 3:50:53 PM","5857","Information","Microsoft-Windows-WMI-Activity","NetAdapterCim provider started with result code 0x0. HostProcess = wmiprvse.exe; ProcessID = 7704; ProviderPath = %systemroot%\system32\wbem\NetAdapterCim.dll"
"5/24/2026 3:50:53 PM","5857","Information","Microsoft-Windows-WMI-Activity","mgmtprovider provider started with result code 0x0. HostProcess = wmiprvse.exe; ProcessID = 4620; ProviderPath = %systemroot%\system32\wbem\mgmtprovider.dll"
"5/24/2026 3:40:55 PM","5857","Information","Microsoft-Windows-WMI-Activity","deploymentprovider provider started with result code 0x0. HostProcess = wmiprvse.exe; ProcessID = 3936; ProviderPath = %systemroot%\system32\wbem\ServerManager.DeploymentProvider.dll"
"5/24/2026 3:40:53 PM","5857","Information","Microsoft-Windows-WMI-Activity","nettcpip provider started with result code 0x0. HostProcess = wmiprvse.exe; ProcessID = 4620; ProviderPath = %systemroot%\system32\wbem\NetTCPIP.dll"
"5/24/2026 3:40:53 PM","5857","Information","Microsoft-Windows-WMI-Activity","NetAdapterCim provider started with result code 0x0. HostProcess = wmiprvse.exe; ProcessID = 7344; ProviderPath = %systemroot%\system32\wbem\NetAdapterCim.dll"
"5/24/2026 3:40:53 PM","5857","Information","Microsoft-Windows-WMI-Activity","mgmtprovider provider started with result code 0x0. HostProcess = wmiprvse.exe; ProcessID = 4620; ProviderPath = %systemroot%\system32\wbem\mgmtprovider.dll"
"5/24/2026 3:30:55 PM","5857","Information","Microsoft-Windows-WMI-Activity","deploymentprovider provider started with result code 0x0. HostProcess = wmiprvse.exe; ProcessID = 7012; ProviderPath = %systemroot%\system32\wbem\ServerManager.DeploymentProvider.dll"
"5/24/2026 3:30:53 PM","5857","Information","Microsoft-Windows-WMI-Activity","nettcpip provider started with result code 0x0. HostProcess = wmiprvse.exe; ProcessID = 4620; ProviderPath = %systemroot%\system32\wbem\NetTCPIP.dll"
"5/24/2026 3:30:53 PM","5857","Information","Microsoft-Windows-WMI-Activity","NetAdapterCim provider started with result code 0x0. HostProcess = wmiprvse.exe; ProcessID = 1976; ProviderPath = %systemroot%\system32\wbem\NetAdapterCim.dll"
"5/24/2026 3:30:53 PM","5857","Information","Microsoft-Windows-WMI-Activity","mgmtprovider provider started with result code 0x0. HostProcess = wmiprvse.exe; ProcessID = 4620; ProviderPath = %systemroot%\system32\wbem\mgmtprovider.dll"
"5/24/2026 3:20:55 PM","5857","Information","Microsoft-Windows-WMI-Activity","deploymentprovider provider started with result code 0x0. HostProcess = wmiprvse.exe; ProcessID = 7920; ProviderPath = %systemroot%\system32\wbem\ServerManager.DeploymentProvider.dll"
"5/24/2026 3:20:53 PM","5857","Information","Microsoft-Windows-WMI-Activity","nettcpip provider started with result code 0x0. HostProcess = wmiprvse.exe; ProcessID = 4620; ProviderPath = %systemroot%\system32\wbem\NetTCPIP.dll"
"5/24/2026 3:20:53 PM","5857","Information","Microsoft-Windows-WMI-Activity","NetAdapterCim provider started with result code 0x0. HostProcess = wmiprvse.exe; ProcessID = 1464; ProviderPath = %systemroot%\system32\wbem\NetAdapterCim.dll"
"5/24/2026 3:20:53 PM","5857","Information","Microsoft-Windows-WMI-Activity","mgmtprovider provider started with result code 0x0. HostProcess = wmiprvse.exe; ProcessID = 4620; ProviderPath = %systemroot%\system32\wbem\mgmtprovider.dll"
"5/24/2026 3:20:21 PM","5858","Error","Microsoft-Windows-WMI-Activity","Id = {0068D67A-EBCA-0001-6ED8-6800CAEBDC01}; ClientMachine = DC; User = NT AUTHORITY\SYSTEM; ClientProcessId = 5996; Component = Unknown; Operation = Start IWbemServices::ExecNotificationQuery - ROOT\CIMV2 : SELECT * FROM Win32_ProcessStartTrace WHERE ProcessName = 'wsmprovhost.exe'; ResultCode = 0x80041032; PossibleCause = Unknown"
"5/24/2026 3:18:21 PM","5857","Information","Microsoft-Windows-WMI-Activity","WMIProv provider started with result code 0x0. HostProcess = wmiprvse.exe; ProcessID = 4992; ProviderPath = %systemroot%\system32\wbem\wmiprov.dll"
"5/24/2026 3:12:23 PM","5858","Error","Microsoft-Windows-WMI-Activity","Id = {00000000-0000-0000-0000-000000000000}; ClientMachine = DC; User = NT AUTHORITY\SYSTEM; ClientProcessId = 6132; Component = Unknown; Operation = Start IWbemServices::ExecQuery - root\cimv2 : SELECT * FROM Win32_ComputerSystem; ResultCode = 0x80041032; PossibleCause = Unknown"
"5/24/2026 3:10:55 PM","5857","Information","Microsoft-Windows-WMI-Activity","deploymentprovider provider started with result code 0x0. HostProcess = wmiprvse.exe; ProcessID = 7136; ProviderPath = %systemroot%\system32\wbem\ServerManager.DeploymentProvider.dll"
"5/24/2026 3:10:53 PM","5857","Information","Microsoft-Windows-WMI-Activity","nettcpip provider started with result code 0x0. HostProcess = wmiprvse.exe; ProcessID = 4620; ProviderPath = %systemroot%\system32\wbem\NetTCPIP.dll"
"5/24/2026 3:10:53 PM","5857","Information","Microsoft-Windows-WMI-Activity","NetAdapterCim provider started with result code 0x0. HostProcess = wmiprvse.exe; ProcessID = 1072; ProviderPath = %systemroot%\system32\wbem\NetAdapterCim.dll"
"5/24/2026 3:10:53 PM","5857","Information","Microsoft-Windows-WMI-Activity","mgmtprovider provider started with result code 0x0. HostProcess = wmiprvse.exe; ProcessID = 4620; ProviderPath = %systemroot%\system32\wbem\mgmtprovider.dll"
"5/24/2026 3:10:42 PM","5858","Error","Microsoft-Windows-WMI-Activity","Id = {00000000-0000-0000-0000-000000000000}; ClientMachine = DC; User = NT AUTHORITY\NETWORK SERVICE; ClientProcessId = 2700; Component = Unknown; Operation = Start IWbemServices::ExecQuery - ROOT\CIMV2 : SELECT Manufacturer, Product FROM Win32_BaseBoard; ResultCode = 0x80041032; PossibleCause = Unknown"
"5/24/2026 3:10:41 PM","5857","Information","Microsoft-Windows-WMI-Activity","CIMWin32a provider started with result code 0x0. HostProcess = wmiprvse.exe; ProcessID = 4620; ProviderPath = %systemroot%\system32\wbem\wmipcima.dll"
"5/24/2026 3:10:31 PM","5857","Information","Microsoft-Windows-WMI-Activity","MS_NT_EVENTLOG_PROVIDER provider started with result code 0x0. HostProcess = wmiprvse.exe; ProcessID = 4620; ProviderPath = %systemroot%\system32\wbem\ntevt.dll"
"5/24/2026 3:10:20 PM","5860","Information","Microsoft-Windows-WMI-Activity","Namespace = ROOT\CIMV2; NotificationQuery = SELECT * FROM Win32_ProcessStartTrace WHERE ProcessName = 'wsmprovhost.exe'; UserName = NT AUTHORITY\SYSTEM; ClientProcessID = 5996, ClientMachine = DC; PossibleCause = Temporary"
"5/24/2026 3:10:20 PM","5857","Information","Microsoft-Windows-WMI-Activity","WMI Kernel Trace Event Provider provider started with result code 0x0. HostProcess = wmiprvse.exe; ProcessID = 3088; ProviderPath = C:\Windows\System32\wbem\krnlprov.dll"
"5/24/2026 3:10:20 PM","5859","Information","Microsoft-Windows-WMI-Activity","Namespace = //./root/CIMV2; NotificationQuery = select * from MSFT_SCMEventLogEvent; OwnerName = S-1-5-32-544; HostProcessID = 3088;  Provider= SCM Event Provider, queryID = 0; PossibleCause = Permanent"
"5/24/2026 3:10:20 PM","5861","Information","Microsoft-Windows-WMI-Activity","Namespace = //./root/subscription; Eventfilter = SCM Event Log Filter (refer to its activate eventid:5859); Consumer = NTEventLogEventConsumer=""SCM Event Log Consumer""; PossibleCause = Binding EventFilter: 
instance of __EventFilter
{
	CreatorSID = {1, 2, 0, 0, 0, 0, 0, 5, 32, 0, 0, 0, 32, 2, 0, 0};
	EventNamespace = ""root\\cimv2"";
	Name = ""SCM Event Log Filter"";
	Query = ""select * from MSFT_SCMEventLogEvent"";
	QueryLanguage = ""WQL"";
};
Perm. Consumer: 
instance of NTEventLogEventConsumer
{
	Category = 0;
	CreatorSID = {1, 2, 0, 0, 0, 0, 0, 5, 32, 0, 0, 0, 32, 2, 0, 0};
	EventType = 1;
	Name = ""SCM Event Log Consumer"";
	NameOfUserSIDProperty = ""sid"";
	SourceName = ""Service Control Manager"";
};
"
"5/24/2026 3:10:11 PM","5857","Information","Microsoft-Windows-WMI-Activity","WmiPerfClass provider started with result code 0x0. HostProcess = wmiprvse.exe; ProcessID = 4992; ProviderPath = C:\Windows\System32\wbem\WmiPerfClass.dll"
"5/24/2026 3:09:52 PM","5858","Error","Microsoft-Windows-WMI-Activity","Id = {00000000-0000-0000-0000-000000000000}; ClientMachine = DC; User = NT AUTHORITY\SYSTEM; ClientProcessId = 3928; Component = Unknown; Operation = Start IWbemServices::CreateInstanceEnum - root\wmi : MSiSCSI_PortalInfoClass; ResultCode = 0x8004100C; PossibleCause = Unknown"
"5/24/2026 3:09:52 PM","5858","Error","Microsoft-Windows-WMI-Activity","Id = {00000000-0000-0000-0000-000000000000}; ClientMachine = DC; User = NT AUTHORITY\SYSTEM; ClientProcessId = 3928; Component = Unknown; Operation = Start IWbemServices::CreateInstanceEnum - root\wmi : MS_SM_AdapterInformationQuery; ResultCode = 0x8004100C; PossibleCause = Unknown"
"5/24/2026 3:09:52 PM","5857","Information","Microsoft-Windows-WMI-Activity","WMIProv provider started with result code 0x0. HostProcess = wmiprvse.exe; ProcessID = 4992; ProviderPath = %systemroot%\system32\wbem\wmiprov.dll"
"5/24/2026 3:09:51 PM","5857","Information","Microsoft-Windows-WMI-Activity","CIMWin32 provider started with result code 0x0. HostProcess = wmiprvse.exe; ProcessID = 4620; ProviderPath = %systemroot%\system32\wbem\cimwin32.dll"
"5/24/2026 9:23:49 AM","5857","Information","Microsoft-Windows-WMI-Activity","deploymentprovider provider started with result code 0x0. HostProcess = wmiprvse.exe; ProcessID = 1992; ProviderPath = %systemroot%\system32\wbem\ServerManager.DeploymentProvider.dll"
"5/24/2026 9:23:47 AM","5857","Information","Microsoft-Windows-WMI-Activity","nettcpip provider started with result code 0x0. HostProcess = wmiprvse.exe; ProcessID = 4600; ProviderPath = %systemroot%\system32\wbem\NetTCPIP.dll"
"5/24/2026 9:23:47 AM","5857","Information","Microsoft-Windows-WMI-Activity","NetAdapterCim provider started with result code 0x0. HostProcess = wmiprvse.exe; ProcessID = 4276; ProviderPath = %systemroot%\system32\wbem\NetAdapterCim.dll"
"5/24/2026 9:23:46 AM","5857","Information","Microsoft-Windows-WMI-Activity","mgmtprovider provider started with result code 0x0. HostProcess = wmiprvse.exe; ProcessID = 4600; ProviderPath = %systemroot%\system32\wbem\mgmtprovider.dll"
"5/24/2026 9:23:12 AM","5858","Error","Microsoft-Windows-WMI-Activity","Id = {79FB95A8-C5E0-4BAE-9BD3-88369F84F5AC}; ClientMachine = DC; User = NT AUTHORITY\SYSTEM; ClientProcessId = 2724; Component = Provider; Operation = Start IWbemServices::ExecMethod - ROOT\Microsoft\Windows\Smb : MSFT_SmbShare::FireShareChangeEvent; ResultCode = 0x80041007; PossibleCause = Unknown"
"5/24/2026 9:23:12 AM","5857","Information","Microsoft-Windows-WMI-Activity","smbwmiv2 provider started with result code 0x0. HostProcess = wmiprvse.exe; ProcessID = 4600; ProviderPath = %SystemRoot%\System32\smbwmiv2.dll"
"5/24/2026 9:13:49 AM","5857","Information","Microsoft-Windows-WMI-Activity","deploymentprovider provider started with result code 0x0. HostProcess = wmiprvse.exe; ProcessID = 1612; ProviderPath = %systemroot%\system32\wbem\ServerManager.DeploymentProvider.dll"
"5/24/2026 9:13:47 AM","5857","Information","Microsoft-Windows-WMI-Activity","nettcpip provider started with result code 0x0. HostProcess = wmiprvse.exe; ProcessID = 4600; ProviderPath = %systemroot%\system32\wbem\NetTCPIP.dll"
"5/24/2026 9:13:46 AM","5857","Information","Microsoft-Windows-WMI-Activity","NetAdapterCim provider started with result code 0x0. HostProcess = wmiprvse.exe; ProcessID = 1664; ProviderPath = %systemroot%\system32\wbem\NetAdapterCim.dll"
"5/24/2026 9:13:46 AM","5857","Information","Microsoft-Windows-WMI-Activity","mgmtprovider provider started with result code 0x0. HostProcess = wmiprvse.exe; ProcessID = 4600; ProviderPath = %systemroot%\system32\wbem\mgmtprovider.dll"
"5/24/2026 9:03:49 AM","5857","Information","Microsoft-Windows-WMI-Activity","deploymentprovider provider started with result code 0x0. HostProcess = wmiprvse.exe; ProcessID = 5860; ProviderPath = %systemroot%\system32\wbem\ServerManager.DeploymentProvider.dll"
"5/24/2026 9:03:47 AM","5857","Information","Microsoft-Windows-WMI-Activity","nettcpip provider started with result code 0x0. HostProcess = wmiprvse.exe; ProcessID = 4600; ProviderPath = %systemroot%\system32\wbem\NetTCPIP.dll"
"5/24/2026 9:03:46 AM","5857","Information","Microsoft-Windows-WMI-Activity","NetAdapterCim provider started with result code 0x0. HostProcess = wmiprvse.exe; ProcessID = 6388; ProviderPath = %systemroot%\system32\wbem\NetAdapterCim.dll"
"5/24/2026 9:03:46 AM","5857","Information","Microsoft-Windows-WMI-Activity","mgmtprovider provider started with result code 0x0. HostProcess = wmiprvse.exe; ProcessID = 4600; ProviderPath = %systemroot%\system32\wbem\mgmtprovider.dll"
"5/24/2026 8:53:49 AM","5857","Information","Microsoft-Windows-WMI-Activity","deploymentprovider provider started with result code 0x0. HostProcess = wmiprvse.exe; ProcessID = 2148; ProviderPath = %systemroot%\system32\wbem\ServerManager.DeploymentProvider.dll"
"5/24/2026 8:53:47 AM","5857","Information","Microsoft-Windows-WMI-Activity","nettcpip provider started with result code 0x0. HostProcess = wmiprvse.exe; ProcessID = 4600; ProviderPath = %systemroot%\system32\wbem\NetTCPIP.dll"
"5/24/2026 8:53:46 AM","5857","Information","Microsoft-Windows-WMI-Activity","NetAdapterCim provider started with result code 0x0. HostProcess = wmiprvse.exe; ProcessID = 1096; ProviderPath = %systemroot%\system32\wbem\NetAdapterCim.dll"
"5/24/2026 8:53:46 AM","5857","Information","Microsoft-Windows-WMI-Activity","mgmtprovider provider started with result code 0x0. HostProcess = wmiprvse.exe; ProcessID = 4600; ProviderPath = %systemroot%\system32\wbem\mgmtprovider.dll"
"5/24/2026 8:43:49 AM","5857","Information","Microsoft-Windows-WMI-Activity","deploymentprovider provider started with result code 0x0. HostProcess = wmiprvse.exe; ProcessID = 7080; ProviderPath = %systemroot%\system32\wbem\ServerManager.DeploymentProvider.dll"
"5/24/2026 8:43:47 AM","5857","Information","Microsoft-Windows-WMI-Activity","nettcpip provider started with result code 0x0. HostProcess = wmiprvse.exe; ProcessID = 4600; ProviderPath = %systemroot%\system32\wbem\NetTCPIP.dll"
"5/24/2026 8:43:46 AM","5857","Information","Microsoft-Windows-WMI-Activity","NetAdapterCim provider started with result code 0x0. HostProcess = wmiprvse.exe; ProcessID = 5276; ProviderPath = %systemroot%\system32\wbem\NetAdapterCim.dll"
"5/24/2026 8:43:46 AM","5857","Information","Microsoft-Windows-WMI-Activity","mgmtprovider provider started with result code 0x0. HostProcess = wmiprvse.exe; ProcessID = 4600; ProviderPath = %systemroot%\system32\wbem\mgmtprovider.dll"
"5/24/2026 8:42:47 AM","5858","Error","Microsoft-Windows-WMI-Activity","Id = {76EC72CD-EB92-0002-0276-EC7692EBDC01}; ClientMachine = DC; User = NT AUTHORITY\SYSTEM; ClientProcessId = 6000; Component = Unknown; Operation = Start IWbemServices::ExecNotificationQuery - ROOT\CIMV2 : SELECT * FROM Win32_ProcessStartTrace WHERE ProcessName = 'wsmprovhost.exe'; ResultCode = 0x80041032; PossibleCause = Unknown"
"5/24/2026 8:40:48 AM","5857","Information","Microsoft-Windows-WMI-Activity","WMIProv provider started with result code 0x0. HostProcess = wmiprvse.exe; ProcessID = 4980; ProviderPath = %systemroot%\system32\wbem\wmiprov.dll"
"5/24/2026 8:34:50 AM","5858","Error","Microsoft-Windows-WMI-Activity","Id = {00000000-0000-0000-0000-000000000000}; ClientMachine = DC; User = NT AUTHORITY\SYSTEM; ClientProcessId = 2348; Component = Unknown; Operation = Start IWbemServices::ExecQuery - root\cimv2 : SELECT * FROM Win32_Processor; ResultCode = 0x80041032; PossibleCause = Unknown"
"5/24/2026 8:34:48 AM","5858","Error","Microsoft-Windows-WMI-Activity","Id = {00000000-0000-0000-0000-000000000000}; ClientMachine = DC; User = NT AUTHORITY\SYSTEM; ClientProcessId = 2348; Component = Unknown; Operation = Start IWbemServices::ExecQuery - root\cimv2 : SELECT * FROM Win32_ComputerSystemProduct; ResultCode = 0x80041032; PossibleCause = Unknown"
"5/24/2026 8:34:48 AM","5858","Error","Microsoft-Windows-WMI-Activity","Id = {00000000-0000-0000-0000-000000000000}; ClientMachine = DC; User = NT AUTHORITY\SYSTEM; ClientProcessId = 2348; Component = Unknown; Operation = Start IWbemServices::ExecQuery - root\cimv2 : SELECT * FROM Win32_ComputerSystemProduct; ResultCode = 0x80041032; PossibleCause = Unknown"
"5/24/2026 8:33:49 AM","5857","Information","Microsoft-Windows-WMI-Activity","deploymentprovider provider started with result code 0x0. HostProcess = wmiprvse.exe; ProcessID = 6484; ProviderPath = %systemroot%\system32\wbem\ServerManager.DeploymentProvider.dll"
"5/24/2026 8:33:47 AM","5857","Information","Microsoft-Windows-WMI-Activity","nettcpip provider started with result code 0x0. HostProcess = wmiprvse.exe; ProcessID = 4600; ProviderPath = %systemroot%\system32\wbem\NetTCPIP.dll"
"5/24/2026 8:33:46 AM","5857","Information","Microsoft-Windows-WMI-Activity","NetAdapterCim provider started with result code 0x0. HostProcess = wmiprvse.exe; ProcessID = 6300; ProviderPath = %systemroot%\system32\wbem\NetAdapterCim.dll"
"5/24/2026 8:33:46 AM","5857","Information","Microsoft-Windows-WMI-Activity","mgmtprovider provider started with result code 0x0. HostProcess = wmiprvse.exe; ProcessID = 4600; ProviderPath = %systemroot%\system32\wbem\mgmtprovider.dll"
"5/24/2026 8:33:09 AM","5858","Error","Microsoft-Windows-WMI-Activity","Id = {00000000-0000-0000-0000-000000000000}; ClientMachine = DC; User = NT AUTHORITY\NETWORK SERVICE; ClientProcessId = 1888; Component = Unknown; Operation = Start IWbemServices::ExecQuery - ROOT\CIMV2 : SELECT Manufacturer, Product FROM Win32_BaseBoard; ResultCode = 0x80041032; PossibleCause = Unknown"
"5/24/2026 8:33:09 AM","5858","Error","Microsoft-Windows-WMI-Activity","Id = {00000000-0000-0000-0000-000000000000}; ClientMachine = DC; User = NT AUTHORITY\NETWORK SERVICE; ClientProcessId = 4728; Component = Unknown; Operation = Start IWbemServices::ExecQuery - ROOT\CIMV2 : SELECT Manufacturer, Product FROM Win32_BaseBoard; ResultCode = 0x80041032; PossibleCause = Unknown"
"5/24/2026 8:33:09 AM","5857","Information","Microsoft-Windows-WMI-Activity","CIMWin32a provider started with result code 0x0. HostProcess = wmiprvse.exe; ProcessID = 4600; ProviderPath = %systemroot%\system32\wbem\wmipcima.dll"
"5/24/2026 8:32:57 AM","5857","Information","Microsoft-Windows-WMI-Activity","MS_NT_EVENTLOG_PROVIDER provider started with result code 0x0. HostProcess = wmiprvse.exe; ProcessID = 4600; ProviderPath = %systemroot%\system32\wbem\ntevt.dll"
"5/24/2026 8:32:47 AM","5860","Information","Microsoft-Windows-WMI-Activity","Namespace = ROOT\CIMV2; NotificationQuery = SELECT * FROM Win32_ProcessStartTrace WHERE ProcessName = 'wsmprovhost.exe'; UserName = NT AUTHORITY\SYSTEM; ClientProcessID = 6000, ClientMachine = DC; PossibleCause = Temporary"
"5/24/2026 8:32:47 AM","5857","Information","Microsoft-Windows-WMI-Activity","WMI Kernel Trace Event Provider provider started with result code 0x0. HostProcess = wmiprvse.exe; ProcessID = 3240; ProviderPath = C:\Windows\System32\wbem\krnlprov.dll"
"5/24/2026 8:32:47 AM","5859","Information","Microsoft-Windows-WMI-Activity","Namespace = //./root/CIMV2; NotificationQuery = select * from MSFT_SCMEventLogEvent; OwnerName = S-1-5-32-544; HostProcessID = 3240;  Provider= SCM Event Provider, queryID = 0; PossibleCause = Permanent"
"5/24/2026 8:32:47 AM","5861","Information","Microsoft-Windows-WMI-Activity","Namespace = //./root/subscription; Eventfilter = SCM Event Log Filter (refer to its activate eventid:5859); Consumer = NTEventLogEventConsumer=""SCM Event Log Consumer""; PossibleCause = Binding EventFilter: 
instance of __EventFilter
{
	CreatorSID = {1, 2, 0, 0, 0, 0, 0, 5, 32, 0, 0, 0, 32, 2, 0, 0};
	EventNamespace = ""root\\cimv2"";
	Name = ""SCM Event Log Filter"";
	Query = ""select * from MSFT_SCMEventLogEvent"";
	QueryLanguage = ""WQL"";
};
Perm. Consumer: 
instance of NTEventLogEventConsumer
{
	Category = 0;
	CreatorSID = {1, 2, 0, 0, 0, 0, 0, 5, 32, 0, 0, 0, 32, 2, 0, 0};
	EventType = 1;
	Name = ""SCM Event Log Consumer"";
	NameOfUserSIDProperty = ""sid"";
	SourceName = ""Service Control Manager"";
};
"
"5/24/2026 8:32:37 AM","5857","Information","Microsoft-Windows-WMI-Activity","WmiPerfClass provider started with result code 0x0. HostProcess = wmiprvse.exe; ProcessID = 4980; ProviderPath = C:\Windows\System32\wbem\WmiPerfClass.dll"
"5/24/2026 8:32:18 AM","5858","Error","Microsoft-Windows-WMI-Activity","Id = {00000000-0000-0000-0000-000000000000}; ClientMachine = DC; User = NT AUTHORITY\SYSTEM; ClientProcessId = 3980; Component = Unknown; Operation = Start IWbemServices::CreateInstanceEnum - root\wmi : MSiSCSI_PortalInfoClass; ResultCode = 0x8004100C; PossibleCause = Unknown"
"5/24/2026 8:32:18 AM","5858","Error","Microsoft-Windows-WMI-Activity","Id = {00000000-0000-0000-0000-000000000000}; ClientMachine = DC; User = NT AUTHORITY\SYSTEM; ClientProcessId = 3980; Component = Unknown; Operation = Start IWbemServices::CreateInstanceEnum - root\wmi : MS_SM_AdapterInformationQuery; ResultCode = 0x8004100C; PossibleCause = Unknown"
"5/24/2026 8:32:18 AM","5857","Information","Microsoft-Windows-WMI-Activity","WMIProv provider started with result code 0x0. HostProcess = wmiprvse.exe; ProcessID = 4980; ProviderPath = %systemroot%\system32\wbem\wmiprov.dll"
"5/24/2026 8:32:17 AM","5857","Information","Microsoft-Windows-WMI-Activity","CIMWin32 provider started with result code 0x0. HostProcess = wmiprvse.exe; ProcessID = 4600; ProviderPath = %systemroot%\system32\wbem\cimwin32.dll"
"5/24/2026 8:04:49 AM","5857","Information","Microsoft-Windows-WMI-Activity","deploymentprovider provider started with result code 0x0. HostProcess = wmiprvse.exe; ProcessID = 7132; ProviderPath = %systemroot%\system32\wbem\ServerManager.DeploymentProvider.dll"
"5/24/2026 8:04:47 AM","5857","Information","Microsoft-Windows-WMI-Activity","nettcpip provider started with result code 0x0. HostProcess = wmiprvse.exe; ProcessID = 4572; ProviderPath = %systemroot%\system32\wbem\NetTCPIP.dll"
"5/24/2026 8:04:46 AM","5857","Information","Microsoft-Windows-WMI-Activity","NetAdapterCim provider started with result code 0x0. HostProcess = wmiprvse.exe; ProcessID = 4776; ProviderPath = %systemroot%\system32\wbem\NetAdapterCim.dll"
"5/24/2026 8:04:46 AM","5857","Information","Microsoft-Windows-WMI-Activity","mgmtprovider provider started with result code 0x0. HostProcess = wmiprvse.exe; ProcessID = 4572; ProviderPath = %systemroot%\system32\wbem\mgmtprovider.dll"
"5/24/2026 7:54:49 AM","5857","Information","Microsoft-Windows-WMI-Activity","deploymentprovider provider started with result code 0x0. HostProcess = wmiprvse.exe; ProcessID = 3604; ProviderPath = %systemroot%\system32\wbem\ServerManager.DeploymentProvider.dll"
"5/24/2026 7:54:47 AM","5857","Information","Microsoft-Windows-WMI-Activity","nettcpip provider started with result code 0x0. HostProcess = wmiprvse.exe; ProcessID = 4572; ProviderPath = %systemroot%\system32\wbem\NetTCPIP.dll"
"5/24/2026 7:54:46 AM","5857","Information","Microsoft-Windows-WMI-Activity","NetAdapterCim provider started with result code 0x0. HostProcess = wmiprvse.exe; ProcessID = 5892; ProviderPath = %systemroot%\system32\wbem\NetAdapterCim.dll"
"5/24/2026 7:54:46 AM","5857","Information","Microsoft-Windows-WMI-Activity","mgmtprovider provider started with result code 0x0. HostProcess = wmiprvse.exe; ProcessID = 4572; ProviderPath = %systemroot%\system32\wbem\mgmtprovider.dll"
"5/24/2026 7:54:13 AM","5858","Error","Microsoft-Windows-WMI-Activity","Id = {AE0DB03A-EB8B-0000-FDB5-0DAE8BEBDC01}; ClientMachine = DC; User = NT AUTHORITY\SYSTEM; ClientProcessId = 5944; Component = Unknown; Operation = Start IWbemServices::ExecNotificationQuery - ROOT\CIMV2 : SELECT * FROM Win32_ProcessStartTrace WHERE ProcessName = 'wsmprovhost.exe'; ResultCode = 0x80041032; PossibleCause = Unknown"
"5/24/2026 7:47:07 AM","5857","Information","Microsoft-Windows-WMI-Activity","MS_NT_EVENTLOG_PROVIDER provider started with result code 0x0. HostProcess = wmiprvse.exe; ProcessID = 4572; ProviderPath = %systemroot%\system32\wbem\ntevt.dll"
"5/24/2026 7:47:07 AM","5857","Information","Microsoft-Windows-WMI-Activity","Win32_WIN32_TERMINALSERVICE_Prov provider started with result code 0x0. HostProcess = wmiprvse.exe; ProcessID = 4572; ProviderPath = %SystemRoot%\system32\tscfgwmi.dll"
"5/24/2026 7:47:06 AM","5857","Information","Microsoft-Windows-WMI-Activity","RegProv provider started with result code 0x0. HostProcess = wmiprvse.exe; ProcessID = 920; ProviderPath = %systemroot%\system32\wbem\stdprov.dll"
"5/24/2026 7:47:06 AM","5857","Information","Microsoft-Windows-WMI-Activity","MSSQL_ManagementProvider provider started with result code 0x0. HostProcess = wmiprvse.exe; ProcessID = 6904; ProviderPath = C:\Program Files (x86)\Microsoft SQL Server\150\Shared\sqlmgmprovider.dll"
"5/24/2026 7:46:16 AM","5858","Error","Microsoft-Windows-WMI-Activity","Id = {00000000-0000-0000-0000-000000000000}; ClientMachine = DC; User = NT AUTHORITY\SYSTEM; ClientProcessId = 7052; Component = Unknown; Operation = Start IWbemServices::ExecQuery - root\cimv2 : SELECT * FROM Win32_Processor; ResultCode = 0x80041032; PossibleCause = Unknown"
"5/24/2026 7:46:14 AM","5858","Error","Microsoft-Windows-WMI-Activity","Id = {00000000-0000-0000-0000-000000000000}; ClientMachine = DC; User = NT AUTHORITY\SYSTEM; ClientProcessId = 7052; Component = Unknown; Operation = Start IWbemServices::ExecQuery - root\cimv2 : SELECT * FROM Win32_ComputerSystem; ResultCode = 0x80041032; PossibleCause = Unknown"
"5/24/2026 7:46:14 AM","5858","Error","Microsoft-Windows-WMI-Activity","Id = {00000000-0000-0000-0000-000000000000}; ClientMachine = DC; User = NT AUTHORITY\SYSTEM; ClientProcessId = 7052; Component = Unknown; Operation = Start IWbemServices::ExecQuery - root\cimv2 : SELECT * FROM Win32_ComputerSystem; ResultCode = 0x80041032; PossibleCause = Unknown"
"5/24/2026 7:46:14 AM","5858","Error","Microsoft-Windows-WMI-Activity","Id = {00000000-0000-0000-0000-000000000000}; ClientMachine = DC; User = NT AUTHORITY\SYSTEM; ClientProcessId = 7052; Component = Unknown; Operation = Start IWbemServices::ExecQuery - root\cimv2 : SELECT * FROM Win32_ComputerSystemProduct; ResultCode = 0x80041032; PossibleCause = Unknown"
"5/24/2026 7:45:51 AM","5857","Information","Microsoft-Windows-WMI-Activity","MS_NT_EVENTLOG_PROVIDER provider started with result code 0x0. HostProcess = wmiprvse.exe; ProcessID = 4572; ProviderPath = %systemroot%\system32\wbem\ntevt.dll"
"5/24/2026 7:45:51 AM","5857","Information","Microsoft-Windows-WMI-Activity","Win32_WIN32_TERMINALSERVICE_Prov provider started with result code 0x0. HostProcess = wmiprvse.exe; ProcessID = 4572; ProviderPath = %SystemRoot%\system32\tscfgwmi.dll"
"5/24/2026 7:45:51 AM","5857","Information","Microsoft-Windows-WMI-Activity","RegProv provider started with result code 0x0. HostProcess = wmiprvse.exe; ProcessID = 920; ProviderPath = %systemroot%\system32\wbem\stdprov.dll"
"5/24/2026 7:45:51 AM","5857","Information","Microsoft-Windows-WMI-Activity","RegProv provider started with result code 0x0. HostProcess = wmiprvse.exe; ProcessID = 6904; ProviderPath = %systemroot%\system32\wbem\stdprov.dll"
"5/24/2026 7:45:51 AM","5857","Information","Microsoft-Windows-WMI-Activity","MSSQL_ManagementProvider provider started with result code 0x0. HostProcess = wmiprvse.exe; ProcessID = 7264; ProviderPath = C:\Program Files\Microsoft SQL Server\150\Shared\sqlmgmprovider.dll"
"5/24/2026 7:45:51 AM","5857","Information","Microsoft-Windows-WMI-Activity","MSSQL_ManagementProvider provider started with result code 0x0. HostProcess = wmiprvse.exe; ProcessID = 6904; ProviderPath = C:\Program Files (x86)\Microsoft SQL Server\150\Shared\sqlmgmprovider.dll"
"5/24/2026 7:44:49 AM","5857","Information","Microsoft-Windows-WMI-Activity","deploymentprovider provider started with result code 0x0. HostProcess = wmiprvse.exe; ProcessID = 4968; ProviderPath = %systemroot%\system32\wbem\ServerManager.DeploymentProvider.dll"
"5/24/2026 7:44:47 AM","5857","Information","Microsoft-Windows-WMI-Activity","nettcpip provider started with result code 0x0. HostProcess = wmiprvse.exe; ProcessID = 4572; ProviderPath = %systemroot%\system32\wbem\NetTCPIP.dll"
"5/24/2026 7:44:46 AM","5857","Information","Microsoft-Windows-WMI-Activity","NetAdapterCim provider started with result code 0x0. HostProcess = wmiprvse.exe; ProcessID = 920; ProviderPath = %systemroot%\system32\wbem\NetAdapterCim.dll"
"5/24/2026 7:44:46 AM","5857","Information","Microsoft-Windows-WMI-Activity","mgmtprovider provider started with result code 0x0. HostProcess = wmiprvse.exe; ProcessID = 4572; ProviderPath = %systemroot%\system32\wbem\mgmtprovider.dll"
"5/24/2026 7:44:35 AM","5857","Information","Microsoft-Windows-WMI-Activity","CIMWin32a provider started with result code 0x0. HostProcess = wmiprvse.exe; ProcessID = 4572; ProviderPath = %systemroot%\system32\wbem\wmipcima.dll"
"5/24/2026 7:44:23 AM","5857","Information","Microsoft-Windows-WMI-Activity","MS_NT_EVENTLOG_PROVIDER provider started with result code 0x0. HostProcess = wmiprvse.exe; ProcessID = 4572; ProviderPath = %systemroot%\system32\wbem\ntevt.dll"
"5/24/2026 7:44:13 AM","5860","Information","Microsoft-Windows-WMI-Activity","Namespace = ROOT\CIMV2; NotificationQuery = SELECT * FROM Win32_ProcessStartTrace WHERE ProcessName = 'wsmprovhost.exe'; UserName = NT AUTHORITY\SYSTEM; ClientProcessID = 5944, ClientMachine = DC; PossibleCause = Temporary"
"5/24/2026 7:44:13 AM","5857","Information","Microsoft-Windows-WMI-Activity","WMI Kernel Trace Event Provider provider started with result code 0x0. HostProcess = wmiprvse.exe; ProcessID = 3112; ProviderPath = C:\Windows\System32\wbem\krnlprov.dll"
"5/24/2026 7:44:13 AM","5859","Information","Microsoft-Windows-WMI-Activity","Namespace = //./root/CIMV2; NotificationQuery = select * from MSFT_SCMEventLogEvent; OwnerName = S-1-5-32-544; HostProcessID = 3112;  Provider= SCM Event Provider, queryID = 0; PossibleCause = Permanent"
"5/24/2026 7:44:13 AM","5861","Information","Microsoft-Windows-WMI-Activity","Namespace = //./root/subscription; Eventfilter = SCM Event Log Filter (refer to its activate eventid:5859); Consumer = NTEventLogEventConsumer=""SCM Event Log Consumer""; PossibleCause = Binding EventFilter: 
instance of __EventFilter
{
	CreatorSID = {1, 2, 0, 0, 0, 0, 0, 5, 32, 0, 0, 0, 32, 2, 0, 0};
	EventNamespace = ""root\\cimv2"";
	Name = ""SCM Event Log Filter"";
	Query = ""select * from MSFT_SCMEventLogEvent"";
	QueryLanguage = ""WQL"";
};
Perm. Consumer: 
instance of NTEventLogEventConsumer
{
	Category = 0;
	CreatorSID = {1, 2, 0, 0, 0, 0, 0, 5, 32, 0, 0, 0, 32, 2, 0, 0};
	EventType = 1;
	Name = ""SCM Event Log Consumer"";
	NameOfUserSIDProperty = ""sid"";
	SourceName = ""Service Control Manager"";
};
"
"5/24/2026 7:44:03 AM","5857","Information","Microsoft-Windows-WMI-Activity","WmiPerfClass provider started with result code 0x0. HostProcess = wmiprvse.exe; ProcessID = 4952; ProviderPath = C:\Windows\System32\wbem\WmiPerfClass.dll"
"5/24/2026 7:43:45 AM","5858","Error","Microsoft-Windows-WMI-Activity","Id = {00000000-0000-0000-0000-000000000000}; ClientMachine = DC; User = NT AUTHORITY\SYSTEM; ClientProcessId = 4012; Component = Unknown; Operation = Start IWbemServices::CreateInstanceEnum - root\wmi : MSiSCSI_PortalInfoClass; ResultCode = 0x8004100C; PossibleCause = Unknown"
"5/24/2026 7:43:45 AM","5858","Error","Microsoft-Windows-WMI-Activity","Id = {00000000-0000-0000-0000-000000000000}; ClientMachine = DC; User = NT AUTHORITY\SYSTEM; ClientProcessId = 4012; Component = Unknown; Operation = Start IWbemServices::CreateInstanceEnum - root\wmi : MS_SM_AdapterInformationQuery; ResultCode = 0x8004100C; PossibleCause = Unknown"
"5/24/2026 7:43:45 AM","5857","Information","Microsoft-Windows-WMI-Activity","WMIProv provider started with result code 0x0. HostProcess = wmiprvse.exe; ProcessID = 4952; ProviderPath = %systemroot%\system32\wbem\wmiprov.dll"
