"5/24/2026 7:46:34 AM","102","Information","Microsoft-Windows-TaskScheduler","Task Scheduler successfully finished ""{32330d92-7a68-495a-8d1a-8e12d6fb962b}"" instance of the ""\Microsoft\Windows\Flighting\FeatureConfig\ReconcileFeatures"" task for user ""NT AUTHORITY\SYSTEM""."
"5/24/2026 7:46:34 AM","201","Information","Microsoft-Windows-TaskScheduler","Task Scheduler successfully completed task ""\Microsoft\Windows\Flighting\FeatureConfig\ReconcileFeatures"" , instance ""{32330d92-7a68-495a-8d1a-8e12d6fb962b}"" , action ""Feature Configuration Reconciliation Task Handler"" with return code 0."
"5/24/2026 7:46:34 AM","200","Information","Microsoft-Windows-TaskScheduler","Task Scheduler launched action ""%windir%\system32\wermgr.exe"" in instance ""{622f546e-d68c-406e-93fc-0009f97ee526}"" of task ""\Microsoft\Windows\Windows Error Reporting\QueueReporting""."
"5/24/2026 7:46:34 AM","100","Information","Microsoft-Windows-TaskScheduler","Task Scheduler started ""{622f546e-d68c-406e-93fc-0009f97ee526}"" instance of the ""\Microsoft\Windows\Windows Error Reporting\QueueReporting"" task for user ""NT AUTHORITY\SYSTEM""."
"5/24/2026 7:46:34 AM","129","Information","Microsoft-Windows-TaskScheduler","Task Scheduler launch task ""\Microsoft\Windows\Windows Error Reporting\QueueReporting"" , instance ""%windir%\system32\wermgr.exe""  with process ID 7024."
"5/24/2026 7:46:34 AM","200","Information","Microsoft-Windows-TaskScheduler","Task Scheduler launched action ""Feature Configuration Reconciliation Task Handler"" in instance ""{32330d92-7a68-495a-8d1a-8e12d6fb962b}"" of task ""\Microsoft\Windows\Flighting\FeatureConfig\ReconcileFeatures""."
"5/24/2026 7:46:34 AM","100","Information","Microsoft-Windows-TaskScheduler","Task Scheduler started ""{32330d92-7a68-495a-8d1a-8e12d6fb962b}"" instance of the ""\Microsoft\Windows\Flighting\FeatureConfig\ReconcileFeatures"" task for user ""NT AUTHORITY\SYSTEM""."
"5/24/2026 7:46:34 AM","129","Information","Microsoft-Windows-TaskScheduler","Task Scheduler launch task ""\Microsoft\Windows\Flighting\FeatureConfig\ReconcileFeatures"" , instance ""taskhostw.exe""  with process ID 5604."
"5/24/2026 7:46:34 AM","118","Information","Microsoft-Windows-TaskScheduler","Task Scheduler launched ""{622f546e-d68c-406e-93fc-0009f97ee526}""  instance of task ""\Microsoft\Windows\Windows Error Reporting\QueueReporting""  due to system startup."
"5/24/2026 7:46:16 AM","140","Information","Microsoft-Windows-TaskScheduler","User ""SCAFFOLD\DC$""  updated Task Scheduler task ""\Microsoft\Windows\UpdateOrchestrator\Schedule Scan"""
"5/24/2026 7:46:16 AM","140","Information","Microsoft-Windows-TaskScheduler","User ""S-1-5-18""  updated Task Scheduler task ""\Microsoft\Windows\UpdateOrchestrator\Schedule Scan"""
"5/24/2026 7:46:13 AM","140","Information","Microsoft-Windows-TaskScheduler","User ""SCAFFOLD\DC$""  updated Task Scheduler task ""\Microsoft\Windows\Application Experience\PcaPatchDbTask"""
"5/24/2026 7:45:48 AM","103","Error","Microsoft-Windows-TaskScheduler","Task Scheduler failed to start instance ""{65a21d91-31d0-4482-a350-08c7063fd3ca}"" of ""\Microsoft\Windows\International\Synchronize Language Settings""  task for user ""SCAFFOLD\Administrator"" . Additional Data: Error Value: 2147746053."
"5/24/2026 7:45:48 AM","202","Error","Microsoft-Windows-TaskScheduler","Task Scheduler failed to complete task ""\Microsoft\Windows\International\Synchronize Language Settings"" , instance ""{65a21d91-31d0-4482-a350-08c7063fd3ca}"" , action ""Sync Language Data From Cloud Task"" . Additional Data: Error Value: 2147746053."
"5/24/2026 7:45:44 AM","102","Information","Microsoft-Windows-TaskScheduler","Task Scheduler successfully finished ""{d12e66da-7cd4-4c9e-9519-37b3efb82ccd}"" instance of the ""\Microsoft\Windows\Workplace Join\Automatic-Device-Join"" task for user ""NT AUTHORITY\SYSTEM""."
"5/24/2026 7:45:44 AM","201","Information","Microsoft-Windows-TaskScheduler","Task Scheduler successfully completed task ""\Microsoft\Windows\Workplace Join\Automatic-Device-Join"" , instance ""{d12e66da-7cd4-4c9e-9519-37b3efb82ccd}"" , action ""%SystemRoot%\System32\dsregcmd.exe"" with return code 2147942401."
"5/24/2026 7:45:44 AM","200","Information","Microsoft-Windows-TaskScheduler","Task Scheduler launched action ""%SystemRoot%\System32\dsregcmd.exe"" in instance ""{d12e66da-7cd4-4c9e-9519-37b3efb82ccd}"" of task ""\Microsoft\Windows\Workplace Join\Automatic-Device-Join""."
"5/24/2026 7:45:44 AM","100","Information","Microsoft-Windows-TaskScheduler","Task Scheduler started ""{d12e66da-7cd4-4c9e-9519-37b3efb82ccd}"" instance of the ""\Microsoft\Windows\Workplace Join\Automatic-Device-Join"" task for user ""NT AUTHORITY\SYSTEM""."
"5/24/2026 7:45:44 AM","129","Information","Microsoft-Windows-TaskScheduler","Task Scheduler launch task ""\Microsoft\Windows\Workplace Join\Automatic-Device-Join"" , instance ""%SystemRoot%\System32\dsregcmd.exe""  with process ID 7408."
"5/24/2026 7:45:44 AM","119","Information","Microsoft-Windows-TaskScheduler","Task Scheduler launched ""{d12e66da-7cd4-4c9e-9519-37b3efb82ccd}""  instance of task ""\Microsoft\Windows\Workplace Join\Automatic-Device-Join"" due to user ""SCAFFOLD\Administrator""  logon."
"5/24/2026 7:45:14 AM","200","Information","Microsoft-Windows-TaskScheduler","Task Scheduler launched action ""Sync Language Data From Cloud Task"" in instance ""{65a21d91-31d0-4482-a350-08c7063fd3ca}"" of task ""\Microsoft\Windows\International\Synchronize Language Settings""."
"5/24/2026 7:45:14 AM","100","Information","Microsoft-Windows-TaskScheduler","Task Scheduler started ""{65a21d91-31d0-4482-a350-08c7063fd3ca}"" instance of the ""\Microsoft\Windows\International\Synchronize Language Settings"" task for user ""SCAFFOLD\Administrator""."
"5/24/2026 7:45:14 AM","129","Information","Microsoft-Windows-TaskScheduler","Task Scheduler launch task ""\Microsoft\Windows\International\Synchronize Language Settings"" , instance ""taskhostw.exe""  with process ID 7976."
"5/24/2026 7:45:14 AM","119","Information","Microsoft-Windows-TaskScheduler","Task Scheduler launched ""{65a21d91-31d0-4482-a350-08c7063fd3ca}""  instance of task ""\Microsoft\Windows\International\Synchronize Language Settings"" due to user ""SCAFFOLD\Administrator""  logon."
"5/24/2026 7:44:44 AM","102","Information","Microsoft-Windows-TaskScheduler","Task Scheduler successfully finished ""{03d804a7-37d4-43b9-bfd5-c25b2cfb9b78}"" instance of the ""\Microsoft\Windows\Server Manager\ServerManager"" task for user ""SCAFFOLD\Administrator""."
"5/24/2026 7:44:44 AM","201","Information","Microsoft-Windows-TaskScheduler","Task Scheduler successfully completed task ""\Microsoft\Windows\Server Manager\ServerManager"" , instance ""{03d804a7-37d4-43b9-bfd5-c25b2cfb9b78}"" , action ""%windir%\system32\ServerManagerLauncher.exe"" with return code 0."
"5/24/2026 7:44:43 AM","102","Information","Microsoft-Windows-TaskScheduler","Task Scheduler successfully finished ""{fce8ff06-1246-443c-a1bb-40a1817fa779}"" instance of the ""\Microsoft\Windows\WindowsColorSystem\Calibration Loader"" task for user ""SCAFFOLD\Administrator""."
"5/24/2026 7:44:43 AM","201","Information","Microsoft-Windows-TaskScheduler","Task Scheduler successfully completed task ""\Microsoft\Windows\WindowsColorSystem\Calibration Loader"" , instance ""{fce8ff06-1246-443c-a1bb-40a1817fa779}"" , action ""Color Calibration Loader"" with return code 0."
"5/24/2026 7:44:43 AM","102","Information","Microsoft-Windows-TaskScheduler","Task Scheduler successfully finished ""{74175edb-1244-465a-8f2e-246d9c0a9a8a}"" instance of the ""\Microsoft\Windows\Plug and Play\Device Install Reboot Required"" task for user ""SCAFFOLD\Administrator""."
"5/24/2026 7:44:43 AM","201","Information","Microsoft-Windows-TaskScheduler","Task Scheduler successfully completed task ""\Microsoft\Windows\Plug and Play\Device Install Reboot Required"" , instance ""{74175edb-1244-465a-8f2e-246d9c0a9a8a}"" , action ""Device Installation Reboot Dialog Task"" with return code 0."
"5/24/2026 7:44:43 AM","102","Information","Microsoft-Windows-TaskScheduler","Task Scheduler successfully finished ""{ffb45f3a-fcf6-477d-b7fe-32f4cdca6bfc}"" instance of the ""\Microsoft\Windows\CertificateServicesClient\UserTask"" task for user ""SCAFFOLD\Administrator""."
"5/24/2026 7:44:43 AM","201","Information","Microsoft-Windows-TaskScheduler","Task Scheduler successfully completed task ""\Microsoft\Windows\CertificateServicesClient\UserTask"" , instance ""{ffb45f3a-fcf6-477d-b7fe-32f4cdca6bfc}"" , action ""Certificate Services Client Task Handler"" with return code 0."
"5/24/2026 7:44:43 AM","200","Information","Microsoft-Windows-TaskScheduler","Task Scheduler launched action ""C:\Windows\Explorer.EXE"" in instance ""{393ed988-194c-4cc1-b3b0-d938027737d7}"" of task ""\CreateExplorerShellUnelevatedTask""."
"5/24/2026 7:44:43 AM","100","Information","Microsoft-Windows-TaskScheduler","Task Scheduler started ""{393ed988-194c-4cc1-b3b0-d938027737d7}"" instance of the ""\CreateExplorerShellUnelevatedTask"" task for user ""SCAFFOLD\Administrator""."
"5/24/2026 7:44:43 AM","129","Information","Microsoft-Windows-TaskScheduler","Task Scheduler launch task ""\CreateExplorerShellUnelevatedTask"" , instance ""C:\Windows\Explorer.EXE""  with process ID 6256."
"5/24/2026 7:44:43 AM","109","Information","Microsoft-Windows-TaskScheduler","Task Scheduler launched ""{393ed988-194c-4cc1-b3b0-d938027737d7}""  instance of task ""\CreateExplorerShellUnelevatedTask""  according to a registration trigger."
"5/24/2026 7:44:43 AM","140","Information","Microsoft-Windows-TaskScheduler","User ""SCAFFOLD\Administrator""  updated Task Scheduler task ""\CreateExplorerShellUnelevatedTask"""
"5/24/2026 7:44:43 AM","106","Information","Microsoft-Windows-TaskScheduler","User ""SCAFFOLD\Administrator""  registered Task Scheduler task ""\CreateExplorerShellUnelevatedTask"""
"5/24/2026 7:44:43 AM","141","Information","Microsoft-Windows-TaskScheduler","User ""SCAFFOLD\Administrator""  deleted Task Scheduler task ""\CreateExplorerShellUnelevatedTask"""
"5/24/2026 7:44:43 AM","102","Information","Microsoft-Windows-TaskScheduler","Task Scheduler successfully finished ""{46291dc9-d20f-44de-b712-4f8ce5bb2157}"" instance of the ""\Microsoft\Windows\TextServicesFramework\MsCtfMonitor"" task for user ""SCAFFOLD\Administrator""."
"5/24/2026 7:44:43 AM","201","Information","Microsoft-Windows-TaskScheduler","Task Scheduler successfully completed task ""\Microsoft\Windows\TextServicesFramework\MsCtfMonitor"" , instance ""{46291dc9-d20f-44de-b712-4f8ce5bb2157}"" , action ""MsCtfMonitor task handler"" with return code 0."
"5/24/2026 7:44:43 AM","200","Information","Microsoft-Windows-TaskScheduler","Task Scheduler launched action ""C:\Program Files (x86)\Microsoft\EdgeUpdate\MicrosoftEdgeUpdate.exe"" in instance ""{b0511d2a-3534-4960-80a0-09810ea782cb}"" of task ""\MicrosoftEdgeUpdateTaskMachineCore""."
"5/24/2026 7:44:43 AM","100","Information","Microsoft-Windows-TaskScheduler","Task Scheduler started ""{b0511d2a-3534-4960-80a0-09810ea782cb}"" instance of the ""\MicrosoftEdgeUpdateTaskMachineCore"" task for user ""NT AUTHORITY\SYSTEM""."
"5/24/2026 7:44:43 AM","129","Information","Microsoft-Windows-TaskScheduler","Task Scheduler launch task ""\MicrosoftEdgeUpdateTaskMachineCore"" , instance ""C:\Program Files (x86)\Microsoft\EdgeUpdate\MicrosoftEdgeUpdate.exe""  with process ID 3028."
"5/24/2026 7:44:43 AM","200","Information","Microsoft-Windows-TaskScheduler","Task Scheduler launched action ""Device Installation Reboot Dialog Task"" in instance ""{74175edb-1244-465a-8f2e-246d9c0a9a8a}"" of task ""\Microsoft\Windows\Plug and Play\Device Install Reboot Required""."
"5/24/2026 7:44:43 AM","100","Information","Microsoft-Windows-TaskScheduler","Task Scheduler started ""{74175edb-1244-465a-8f2e-246d9c0a9a8a}"" instance of the ""\Microsoft\Windows\Plug and Play\Device Install Reboot Required"" task for user ""SCAFFOLD\Administrator""."
"5/24/2026 7:44:43 AM","129","Information","Microsoft-Windows-TaskScheduler","Task Scheduler launch task ""\Microsoft\Windows\Plug and Play\Device Install Reboot Required"" , instance ""taskhostw.exe""  with process ID 2480."
"5/24/2026 7:44:43 AM","119","Information","Microsoft-Windows-TaskScheduler","Task Scheduler launched ""{74175edb-1244-465a-8f2e-246d9c0a9a8a}""  instance of task ""\Microsoft\Windows\Plug and Play\Device Install Reboot Required"" due to user ""SCAFFOLD\Administrator""  logon."
"5/24/2026 7:44:43 AM","200","Information","Microsoft-Windows-TaskScheduler","Task Scheduler launched action ""Wininet Cache task object"" in instance ""{bb7fc156-c16b-4cc9-aac5-e4d52c43a376}"" of task ""\Microsoft\Windows\Wininet\CacheTask""."
"5/24/2026 7:44:43 AM","100","Information","Microsoft-Windows-TaskScheduler","Task Scheduler started ""{bb7fc156-c16b-4cc9-aac5-e4d52c43a376}"" instance of the ""\Microsoft\Windows\Wininet\CacheTask"" task for user ""SCAFFOLD\Administrator""."
"5/24/2026 7:44:43 AM","119","Information","Microsoft-Windows-TaskScheduler","Task Scheduler launched ""{bb7fc156-c16b-4cc9-aac5-e4d52c43a376}""  instance of task ""\Microsoft\Windows\Wininet\CacheTask"" due to user ""SCAFFOLD\Administrator""  logon."
"5/24/2026 7:44:43 AM","119","Information","Microsoft-Windows-TaskScheduler","Task Scheduler launched ""{b0511d2a-3534-4960-80a0-09810ea782cb}""  instance of task ""\MicrosoftEdgeUpdateTaskMachineCore"" due to user ""SCAFFOLD\Administrator""  logon."
"5/24/2026 7:44:43 AM","200","Information","Microsoft-Windows-TaskScheduler","Task Scheduler launched action ""Color Calibration Loader"" in instance ""{fce8ff06-1246-443c-a1bb-40a1817fa779}"" of task ""\Microsoft\Windows\WindowsColorSystem\Calibration Loader""."
"5/24/2026 7:44:43 AM","100","Information","Microsoft-Windows-TaskScheduler","Task Scheduler started ""{fce8ff06-1246-443c-a1bb-40a1817fa779}"" instance of the ""\Microsoft\Windows\WindowsColorSystem\Calibration Loader"" task for user ""SCAFFOLD\Administrator""."
"5/24/2026 7:44:43 AM","119","Information","Microsoft-Windows-TaskScheduler","Task Scheduler launched ""{fce8ff06-1246-443c-a1bb-40a1817fa779}""  instance of task ""\Microsoft\Windows\WindowsColorSystem\Calibration Loader"" due to user ""SCAFFOLD\Administrator""  logon."
"5/24/2026 7:44:43 AM","200","Information","Microsoft-Windows-TaskScheduler","Task Scheduler launched action ""Certificate Services Client Task Handler"" in instance ""{ffb45f3a-fcf6-477d-b7fe-32f4cdca6bfc}"" of task ""\Microsoft\Windows\CertificateServicesClient\UserTask""."
"5/24/2026 7:44:43 AM","100","Information","Microsoft-Windows-TaskScheduler","Task Scheduler started ""{ffb45f3a-fcf6-477d-b7fe-32f4cdca6bfc}"" instance of the ""\Microsoft\Windows\CertificateServicesClient\UserTask"" task for user ""SCAFFOLD\Administrator""."
"5/24/2026 7:44:43 AM","129","Information","Microsoft-Windows-TaskScheduler","Task Scheduler launch task ""\Microsoft\Windows\CertificateServicesClient\UserTask"" , instance ""taskhostw.exe""  with process ID 2988."
"5/24/2026 7:44:43 AM","119","Information","Microsoft-Windows-TaskScheduler","Task Scheduler launched ""{ffb45f3a-fcf6-477d-b7fe-32f4cdca6bfc}""  instance of task ""\Microsoft\Windows\CertificateServicesClient\UserTask"" due to user ""SCAFFOLD\Administrator""  logon."
"5/24/2026 7:44:43 AM","200","Information","Microsoft-Windows-TaskScheduler","Task Scheduler launched action ""MsCtfMonitor task handler"" in instance ""{46291dc9-d20f-44de-b712-4f8ce5bb2157}"" of task ""\Microsoft\Windows\TextServicesFramework\MsCtfMonitor""."
"5/24/2026 7:44:43 AM","100","Information","Microsoft-Windows-TaskScheduler","Task Scheduler started ""{46291dc9-d20f-44de-b712-4f8ce5bb2157}"" instance of the ""\Microsoft\Windows\TextServicesFramework\MsCtfMonitor"" task for user ""SCAFFOLD\Administrator""."
"5/24/2026 7:44:43 AM","129","Information","Microsoft-Windows-TaskScheduler","Task Scheduler launch task ""\Microsoft\Windows\TextServicesFramework\MsCtfMonitor"" , instance ""taskhostw.exe""  with process ID 3016."
"5/24/2026 7:44:43 AM","200","Information","Microsoft-Windows-TaskScheduler","Task Scheduler launched action ""%windir%\system32\ServerManagerLauncher.exe"" in instance ""{03d804a7-37d4-43b9-bfd5-c25b2cfb9b78}"" of task ""\Microsoft\Windows\Server Manager\ServerManager""."
"5/24/2026 7:44:43 AM","100","Information","Microsoft-Windows-TaskScheduler","Task Scheduler started ""{03d804a7-37d4-43b9-bfd5-c25b2cfb9b78}"" instance of the ""\Microsoft\Windows\Server Manager\ServerManager"" task for user ""SCAFFOLD\Administrator""."
"5/24/2026 7:44:43 AM","129","Information","Microsoft-Windows-TaskScheduler","Task Scheduler launch task ""\Microsoft\Windows\Server Manager\ServerManager"" , instance ""%windir%\system32\ServerManagerLauncher.exe""  with process ID 3012."
"5/24/2026 7:44:43 AM","119","Information","Microsoft-Windows-TaskScheduler","Task Scheduler launched ""{46291dc9-d20f-44de-b712-4f8ce5bb2157}""  instance of task ""\Microsoft\Windows\TextServicesFramework\MsCtfMonitor"" due to user ""SCAFFOLD\Administrator""  logon."
"5/24/2026 7:44:43 AM","119","Information","Microsoft-Windows-TaskScheduler","Task Scheduler launched ""{03d804a7-37d4-43b9-bfd5-c25b2cfb9b78}""  instance of task ""\Microsoft\Windows\Server Manager\ServerManager"" due to user ""SCAFFOLD\Administrator""  logon."
"5/24/2026 7:44:41 AM","102","Information","Microsoft-Windows-TaskScheduler","Task Scheduler successfully finished ""{c6721408-3589-4029-9298-80df138b7d15}"" instance of the ""\Scaffold\ScaffoldDeployEngine"" task for user ""NT AUTHORITY\SYSTEM""."
"5/24/2026 7:44:41 AM","201","Information","Microsoft-Windows-TaskScheduler","Task Scheduler successfully completed task ""\Scaffold\ScaffoldDeployEngine"" , instance ""{c6721408-3589-4029-9298-80df138b7d15}"" , action ""powershell.exe"" with return code 0."
"5/24/2026 7:44:41 AM","200","Information","Microsoft-Windows-TaskScheduler","Task Scheduler launched action ""powershell.exe"" in instance ""{c6721408-3589-4029-9298-80df138b7d15}"" of task ""\Scaffold\ScaffoldDeployEngine""."
"5/24/2026 7:44:41 AM","100","Information","Microsoft-Windows-TaskScheduler","Task Scheduler started ""{c6721408-3589-4029-9298-80df138b7d15}"" instance of the ""\Scaffold\ScaffoldDeployEngine"" task for user ""NT AUTHORITY\SYSTEM""."
"5/24/2026 7:44:41 AM","129","Information","Microsoft-Windows-TaskScheduler","Task Scheduler launch task ""\Scaffold\ScaffoldDeployEngine"" , instance ""powershell.exe""  with process ID 6048."
"5/24/2026 7:44:41 AM","107","Information","Microsoft-Windows-TaskScheduler","Task Scheduler launched ""{c6721408-3589-4029-9298-80df138b7d15}""  instance of task ""\Scaffold\ScaffoldDeployEngine"" due to a time trigger condition."
"5/24/2026 7:44:34 AM","102","Information","Microsoft-Windows-TaskScheduler","Task Scheduler successfully finished ""{2cbd5246-a91b-4621-96ff-1a5a340061cd}"" instance of the ""\Microsoft\Windows\Software Inventory Logging\Configuration"" task for user ""NT AUTHORITY\SYSTEM""."
"5/24/2026 7:44:34 AM","201","Information","Microsoft-Windows-TaskScheduler","Task Scheduler successfully completed task ""\Microsoft\Windows\Software Inventory Logging\Configuration"" , instance ""{2cbd5246-a91b-4621-96ff-1a5a340061cd}"" , action ""%systemroot%\system32\cmd.exe"" with return code 0."
"5/24/2026 7:44:34 AM","102","Information","Microsoft-Windows-TaskScheduler","Task Scheduler successfully finished ""{d8e49f0b-cc2d-4651-a451-85e3f774f50b}"" instance of the ""\Microsoft\Windows\DirectX\DXGIAdapterCache"" task for user ""NT AUTHORITY\SYSTEM""."
"5/24/2026 7:44:34 AM","201","Information","Microsoft-Windows-TaskScheduler","Task Scheduler successfully completed task ""\Microsoft\Windows\DirectX\DXGIAdapterCache"" , instance ""{d8e49f0b-cc2d-4651-a451-85e3f774f50b}"" , action ""%windir%\system32\dxgiadaptercache.exe"" with return code 0."
"5/24/2026 7:44:34 AM","200","Information","Microsoft-Windows-TaskScheduler","Task Scheduler launched action ""%windir%\system32\dxgiadaptercache.exe"" in instance ""{d8e49f0b-cc2d-4651-a451-85e3f774f50b}"" of task ""\Microsoft\Windows\DirectX\DXGIAdapterCache""."
"5/24/2026 7:44:34 AM","100","Information","Microsoft-Windows-TaskScheduler","Task Scheduler started ""{d8e49f0b-cc2d-4651-a451-85e3f774f50b}"" instance of the ""\Microsoft\Windows\DirectX\DXGIAdapterCache"" task for user ""NT AUTHORITY\SYSTEM""."
"5/24/2026 7:44:34 AM","200","Information","Microsoft-Windows-TaskScheduler","Task Scheduler launched action ""%systemroot%\system32\cmd.exe"" in instance ""{2cbd5246-a91b-4621-96ff-1a5a340061cd}"" of task ""\Microsoft\Windows\Software Inventory Logging\Configuration""."
"5/24/2026 7:44:34 AM","100","Information","Microsoft-Windows-TaskScheduler","Task Scheduler started ""{2cbd5246-a91b-4621-96ff-1a5a340061cd}"" instance of the ""\Microsoft\Windows\Software Inventory Logging\Configuration"" task for user ""NT AUTHORITY\SYSTEM""."
"5/24/2026 7:44:34 AM","129","Information","Microsoft-Windows-TaskScheduler","Task Scheduler launch task ""\Microsoft\Windows\DirectX\DXGIAdapterCache"" , instance ""%windir%\system32\dxgiadaptercache.exe""  with process ID 6064."
"5/24/2026 7:44:34 AM","129","Information","Microsoft-Windows-TaskScheduler","Task Scheduler launch task ""\Microsoft\Windows\Software Inventory Logging\Configuration"" , instance ""%systemroot%\system32\cmd.exe""  with process ID 6084."
"5/24/2026 7:44:34 AM","118","Information","Microsoft-Windows-TaskScheduler","Task Scheduler launched ""{d8e49f0b-cc2d-4651-a451-85e3f774f50b}""  instance of task ""\Microsoft\Windows\DirectX\DXGIAdapterCache""  due to system startup."
"5/24/2026 7:44:34 AM","118","Information","Microsoft-Windows-TaskScheduler","Task Scheduler launched ""{2cbd5246-a91b-4621-96ff-1a5a340061cd}""  instance of task ""\Microsoft\Windows\Software Inventory Logging\Configuration""  due to system startup."
"5/24/2026 7:44:14 AM","140","Information","Microsoft-Windows-TaskScheduler","User ""SCAFFOLD\DC$""  updated Task Scheduler task ""\Microsoft\Windows\SoftwareProtectionPlatform\SvcRestartTask"""
"5/24/2026 7:44:13 AM","102","Information","Microsoft-Windows-TaskScheduler","Task Scheduler successfully finished ""{da9e3130-41b0-4ec9-8be4-71c9f7a640f5}"" instance of the ""\Microsoft\Windows\CertificateServicesClient\SystemTask"" task for user ""NT AUTHORITY\SYSTEM""."
"5/24/2026 7:44:13 AM","201","Information","Microsoft-Windows-TaskScheduler","Task Scheduler successfully completed task ""\Microsoft\Windows\CertificateServicesClient\SystemTask"" , instance ""{da9e3130-41b0-4ec9-8be4-71c9f7a640f5}"" , action ""Certificate Services Client Task Handler"" with return code 0."
"5/24/2026 7:44:13 AM","102","Information","Microsoft-Windows-TaskScheduler","Task Scheduler successfully finished ""{8c7f4774-a3bc-40da-be1b-c668299af9f7}"" instance of the ""\Microsoft\Windows\Workplace Join\Automatic-Device-Join"" task for user ""NT AUTHORITY\SYSTEM""."
"5/24/2026 7:44:13 AM","201","Information","Microsoft-Windows-TaskScheduler","Task Scheduler successfully completed task ""\Microsoft\Windows\Workplace Join\Automatic-Device-Join"" , instance ""{8c7f4774-a3bc-40da-be1b-c668299af9f7}"" , action ""%SystemRoot%\System32\dsregcmd.exe"" with return code 0."
"5/24/2026 7:43:44 AM","200","Information","Microsoft-Windows-TaskScheduler","Task Scheduler launched action ""Certificate Services Client Task Handler"" in instance ""{da9e3130-41b0-4ec9-8be4-71c9f7a640f5}"" of task ""\Microsoft\Windows\CertificateServicesClient\SystemTask""."
"5/24/2026 7:43:44 AM","100","Information","Microsoft-Windows-TaskScheduler","Task Scheduler started ""{da9e3130-41b0-4ec9-8be4-71c9f7a640f5}"" instance of the ""\Microsoft\Windows\CertificateServicesClient\SystemTask"" task for user ""NT AUTHORITY\SYSTEM""."
"5/24/2026 7:43:44 AM","129","Information","Microsoft-Windows-TaskScheduler","Task Scheduler launch task ""\Microsoft\Windows\CertificateServicesClient\SystemTask"" , instance ""taskhostw.exe""  with process ID 4868."
"5/24/2026 7:43:44 AM","118","Information","Microsoft-Windows-TaskScheduler","Task Scheduler launched ""{da9e3130-41b0-4ec9-8be4-71c9f7a640f5}""  instance of task ""\Microsoft\Windows\CertificateServicesClient\SystemTask""  due to system startup."
"5/24/2026 7:43:35 AM","200","Information","Microsoft-Windows-TaskScheduler","Task Scheduler launched action ""%SystemRoot%\System32\dsregcmd.exe"" in instance ""{8c7f4774-a3bc-40da-be1b-c668299af9f7}"" of task ""\Microsoft\Windows\Workplace Join\Automatic-Device-Join""."
"5/24/2026 7:43:35 AM","100","Information","Microsoft-Windows-TaskScheduler","Task Scheduler started ""{8c7f4774-a3bc-40da-be1b-c668299af9f7}"" instance of the ""\Microsoft\Windows\Workplace Join\Automatic-Device-Join"" task for user ""NT AUTHORITY\SYSTEM""."
"5/24/2026 7:43:35 AM","129","Information","Microsoft-Windows-TaskScheduler","Task Scheduler launch task ""\Microsoft\Windows\Workplace Join\Automatic-Device-Join"" , instance ""%SystemRoot%\System32\dsregcmd.exe""  with process ID 2660."
"5/24/2026 7:43:35 AM","110","Information","Microsoft-Windows-TaskScheduler","Task Scheduler launched ""{8c7f4774-a3bc-40da-be1b-c668299af9f7}""  instance of task ""\Microsoft\Windows\Workplace Join\Automatic-Device-Join""  for user ""System"" ."
"5/24/2026 7:43:35 AM","325","Warning","Microsoft-Windows-TaskScheduler","Task Scheduler queued instance ""{8c7f4774-a3bc-40da-be1b-c668299af9f7}""  of task ""\Microsoft\Windows\Workplace Join\Automatic-Device-Join""."
"5/24/2026 7:43:34 AM","102","Information","Microsoft-Windows-TaskScheduler","Task Scheduler successfully finished ""{3ad599e1-ce0a-4747-b78f-c61a8cbbdf08}"" instance of the ""\Microsoft\Windows\WwanSvc\OobeDiscovery"" task for user ""NT AUTHORITY\SYSTEM""."
"5/24/2026 7:43:34 AM","201","Information","Microsoft-Windows-TaskScheduler","Task Scheduler successfully completed task ""\Microsoft\Windows\WwanSvc\OobeDiscovery"" , instance ""{3ad599e1-ce0a-4747-b78f-c61a8cbbdf08}"" , action ""OobeEsimTaskManager"" with return code 0."
"5/24/2026 7:43:34 AM","102","Information","Microsoft-Windows-TaskScheduler","Task Scheduler successfully finished ""{ae9d4cd5-c3aa-43ef-9a7d-74f63738aecd}"" instance of the ""\Microsoft\Windows\ExploitGuard\ExploitGuard MDM policy Refresh"" task for user ""NT AUTHORITY\SYSTEM""."
"5/24/2026 7:43:34 AM","201","Information","Microsoft-Windows-TaskScheduler","Task Scheduler successfully completed task ""\Microsoft\Windows\ExploitGuard\ExploitGuard MDM policy Refresh"" , instance ""{ae9d4cd5-c3aa-43ef-9a7d-74f63738aecd}"" , action """" with return code 0."
"5/24/2026 7:43:34 AM","102","Information","Microsoft-Windows-TaskScheduler","Task Scheduler successfully finished ""{78918e85-a8ef-4a95-99e5-6a3872bff465}"" instance of the ""\Microsoft\Windows\DirectX\DXGIAdapterCache"" task for user ""NT AUTHORITY\SYSTEM""."
"5/24/2026 7:43:34 AM","201","Information","Microsoft-Windows-TaskScheduler","Task Scheduler successfully completed task ""\Microsoft\Windows\DirectX\DXGIAdapterCache"" , instance ""{78918e85-a8ef-4a95-99e5-6a3872bff465}"" , action ""%windir%\system32\dxgiadaptercache.exe"" with return code 0."
"5/24/2026 7:43:34 AM","102","Information","Microsoft-Windows-TaskScheduler","Task Scheduler successfully finished ""{2c4adb93-e17e-42a1-8ff6-e166675ed59c}"" instance of the ""\Microsoft\Windows\Time Synchronization\ForceSynchronizeTime"" task for user ""(NONE)""."
"5/24/2026 7:43:34 AM","201","Information","Microsoft-Windows-TaskScheduler","Task Scheduler successfully completed task ""\Microsoft\Windows\Time Synchronization\ForceSynchronizeTime"" , instance ""{2c4adb93-e17e-42a1-8ff6-e166675ed59c}"" , action ""Time Synchronization Task Handler"" with return code 0."
"5/24/2026 7:43:34 AM","200","Information","Microsoft-Windows-TaskScheduler","Task Scheduler launched action ""Time Synchronization Task Handler"" in instance ""{2c4adb93-e17e-42a1-8ff6-e166675ed59c}"" of task ""\Microsoft\Windows\Time Synchronization\ForceSynchronizeTime""."
"5/24/2026 7:43:34 AM","100","Information","Microsoft-Windows-TaskScheduler","Task Scheduler started ""{2c4adb93-e17e-42a1-8ff6-e166675ed59c}"" instance of the ""\Microsoft\Windows\Time Synchronization\ForceSynchronizeTime"" task for user ""(NONE)""."
"5/24/2026 7:43:34 AM","129","Information","Microsoft-Windows-TaskScheduler","Task Scheduler launch task ""\Microsoft\Windows\Time Synchronization\ForceSynchronizeTime"" , instance ""taskhostw.exe""  with process ID 2556."
"5/24/2026 7:43:34 AM","200","Information","Microsoft-Windows-TaskScheduler","Task Scheduler launched action ""OobeEsimTaskManager"" in instance ""{3ad599e1-ce0a-4747-b78f-c61a8cbbdf08}"" of task ""\Microsoft\Windows\WwanSvc\OobeDiscovery""."
"5/24/2026 7:43:34 AM","100","Information","Microsoft-Windows-TaskScheduler","Task Scheduler started ""{3ad599e1-ce0a-4747-b78f-c61a8cbbdf08}"" instance of the ""\Microsoft\Windows\WwanSvc\OobeDiscovery"" task for user ""NT AUTHORITY\SYSTEM""."
"5/24/2026 7:43:34 AM","101","Error","Microsoft-Windows-TaskScheduler","Task Scheduler failed to start ""\Microsoft\Windows\Workplace Join\Automatic-Device-Join"" task for user ""(default user)"". Additional Data: Error Value: 2147943568."
"5/24/2026 7:43:33 AM","200","Information","Microsoft-Windows-TaskScheduler","Task Scheduler launched action """" in instance ""{ae9d4cd5-c3aa-43ef-9a7d-74f63738aecd}"" of task ""\Microsoft\Windows\ExploitGuard\ExploitGuard MDM policy Refresh""."
"5/24/2026 7:43:33 AM","100","Information","Microsoft-Windows-TaskScheduler","Task Scheduler started ""{ae9d4cd5-c3aa-43ef-9a7d-74f63738aecd}"" instance of the ""\Microsoft\Windows\ExploitGuard\ExploitGuard MDM policy Refresh"" task for user ""NT AUTHORITY\SYSTEM""."
"5/24/2026 7:43:33 AM","129","Information","Microsoft-Windows-TaskScheduler","Task Scheduler launch task ""\Microsoft\Windows\ExploitGuard\ExploitGuard MDM policy Refresh"" , instance ""taskhostw.exe""  with process ID 1596."
"5/24/2026 7:43:33 AM","200","Information","Microsoft-Windows-TaskScheduler","Task Scheduler launched action ""%windir%\system32\dxgiadaptercache.exe"" in instance ""{78918e85-a8ef-4a95-99e5-6a3872bff465}"" of task ""\Microsoft\Windows\DirectX\DXGIAdapterCache""."
"5/24/2026 7:43:33 AM","100","Information","Microsoft-Windows-TaskScheduler","Task Scheduler started ""{78918e85-a8ef-4a95-99e5-6a3872bff465}"" instance of the ""\Microsoft\Windows\DirectX\DXGIAdapterCache"" task for user ""NT AUTHORITY\SYSTEM""."
"5/24/2026 7:43:33 AM","129","Information","Microsoft-Windows-TaskScheduler","Task Scheduler launch task ""\Microsoft\Windows\DirectX\DXGIAdapterCache"" , instance ""%windir%\system32\dxgiadaptercache.exe""  with process ID 1448."
"5/24/2026 7:43:33 AM","118","Information","Microsoft-Windows-TaskScheduler","Task Scheduler launched ""{ae9d4cd5-c3aa-43ef-9a7d-74f63738aecd}""  instance of task ""\Microsoft\Windows\ExploitGuard\ExploitGuard MDM policy Refresh""  due to system startup."
"5/24/2026 7:43:33 AM","400","Information","Microsoft-Windows-TaskScheduler","Task Scheduler service has started."
"5/24/2026 7:43:33 AM","700","Information","Microsoft-Windows-TaskScheduler","Task Scheduler service started Task Compatibility module."
"5/24/2026 7:43:11 AM","402","Information","Microsoft-Windows-TaskScheduler","Task Scheduler service is shutting down."
"5/24/2026 7:43:10 AM","140","Information","Microsoft-Windows-TaskScheduler","User ""NT AUTHORITY\SYSTEM""  updated Task Scheduler task ""\Microsoft\Windows\WindowsUpdate\Scheduled Start"""
"5/24/2026 7:43:10 AM","111","Information","Microsoft-Windows-TaskScheduler","Task Scheduler terminated ""{fdcb907b-fbea-4bbb-9a10-7ba7d8339d3c}""  instance of the ""\MicrosoftEdgeUpdateTaskMachineCore""  task."
"5/24/2026 7:43:10 AM","102","Information","Microsoft-Windows-TaskScheduler","Task Scheduler successfully finished ""{fdcb907b-fbea-4bbb-9a10-7ba7d8339d3c}"" instance of the ""\MicrosoftEdgeUpdateTaskMachineCore"" task for user ""NT AUTHORITY\SYSTEM""."
"5/24/2026 7:43:10 AM","201","Information","Microsoft-Windows-TaskScheduler","Task Scheduler successfully completed task ""\MicrosoftEdgeUpdateTaskMachineCore"" , instance ""{fdcb907b-fbea-4bbb-9a10-7ba7d8339d3c}"" , action ""C:\Program Files (x86)\Microsoft\EdgeUpdate\MicrosoftEdgeUpdate.exe"" with return code 2147943691."
"5/24/2026 7:43:09 AM","103","Error","Microsoft-Windows-TaskScheduler","Task Scheduler failed to start instance ""{f7fa0502-e5d0-4b7e-b8ab-1602ef79bdc8}"" of ""\Microsoft\Windows\Wininet\CacheTask""  task for user """" . Additional Data: Error Value: 2147942404."
"5/24/2026 7:43:09 AM","202","Error","Microsoft-Windows-TaskScheduler","Task Scheduler failed to complete task ""\Microsoft\Windows\Wininet\CacheTask"" , instance ""{f7fa0502-e5d0-4b7e-b8ab-1602ef79bdc8}"" , action ""Wininet Cache task object"" . Additional Data: Error Value: 2147942404."
"5/24/2026 7:43:09 AM","102","Information","Microsoft-Windows-TaskScheduler","Task Scheduler successfully finished ""{cbf1540c-f565-4364-aad8-516be3044a43}"" instance of the ""\CreateExplorerShellUnelevatedTask"" task for user ""SCAFFOLD\Administrator""."
"5/24/2026 7:43:09 AM","201","Information","Microsoft-Windows-TaskScheduler","Task Scheduler successfully completed task ""\CreateExplorerShellUnelevatedTask"" , instance ""{cbf1540c-f565-4364-aad8-516be3044a43}"" , action ""C:\Windows\Explorer.EXE"" with return code 2147942404."
"5/24/2026 7:42:41 AM","102","Information","Microsoft-Windows-TaskScheduler","Task Scheduler successfully finished ""{c0327742-1572-4d40-be9c-7caedbe61d37}"" instance of the ""\Scaffold\ScaffoldDeployEngine"" task for user ""NT AUTHORITY\SYSTEM""."
"5/24/2026 7:42:41 AM","201","Information","Microsoft-Windows-TaskScheduler","Task Scheduler successfully completed task ""\Scaffold\ScaffoldDeployEngine"" , instance ""{c0327742-1572-4d40-be9c-7caedbe61d37}"" , action ""powershell.exe"" with return code 0."
"5/24/2026 7:42:41 AM","200","Information","Microsoft-Windows-TaskScheduler","Task Scheduler launched action ""powershell.exe"" in instance ""{c0327742-1572-4d40-be9c-7caedbe61d37}"" of task ""\Scaffold\ScaffoldDeployEngine""."
"5/24/2026 7:42:41 AM","100","Information","Microsoft-Windows-TaskScheduler","Task Scheduler started ""{c0327742-1572-4d40-be9c-7caedbe61d37}"" instance of the ""\Scaffold\ScaffoldDeployEngine"" task for user ""NT AUTHORITY\SYSTEM""."
"5/24/2026 7:42:41 AM","129","Information","Microsoft-Windows-TaskScheduler","Task Scheduler launch task ""\Scaffold\ScaffoldDeployEngine"" , instance ""powershell.exe""  with process ID 2680."
"5/24/2026 7:42:41 AM","107","Information","Microsoft-Windows-TaskScheduler","Task Scheduler launched ""{c0327742-1572-4d40-be9c-7caedbe61d37}""  instance of task ""\Scaffold\ScaffoldDeployEngine"" due to a time trigger condition."
"5/24/2026 7:40:42 AM","102","Information","Microsoft-Windows-TaskScheduler","Task Scheduler successfully finished ""{0c512c77-3e5b-482a-b27a-da36fb76c646}"" instance of the ""\MicrosoftEdgeUpdateTaskMachineUA"" task for user ""NT AUTHORITY\SYSTEM""."
"5/24/2026 7:40:42 AM","201","Information","Microsoft-Windows-TaskScheduler","Task Scheduler successfully completed task ""\MicrosoftEdgeUpdateTaskMachineUA"" , instance ""{0c512c77-3e5b-482a-b27a-da36fb76c646}"" , action ""C:\Program Files (x86)\Microsoft\EdgeUpdate\MicrosoftEdgeUpdate.exe"" with return code 0."
"5/24/2026 7:40:41 AM","102","Information","Microsoft-Windows-TaskScheduler","Task Scheduler successfully finished ""{5f957b7e-37d2-4cae-932b-c930ddd68d55}"" instance of the ""\Scaffold\ScaffoldDeployEngine"" task for user ""NT AUTHORITY\SYSTEM""."
"5/24/2026 7:40:41 AM","201","Information","Microsoft-Windows-TaskScheduler","Task Scheduler successfully completed task ""\Scaffold\ScaffoldDeployEngine"" , instance ""{5f957b7e-37d2-4cae-932b-c930ddd68d55}"" , action ""powershell.exe"" with return code 0."
"5/24/2026 7:40:41 AM","200","Information","Microsoft-Windows-TaskScheduler","Task Scheduler launched action ""powershell.exe"" in instance ""{5f957b7e-37d2-4cae-932b-c930ddd68d55}"" of task ""\Scaffold\ScaffoldDeployEngine""."
"5/24/2026 7:40:41 AM","100","Information","Microsoft-Windows-TaskScheduler","Task Scheduler started ""{5f957b7e-37d2-4cae-932b-c930ddd68d55}"" instance of the ""\Scaffold\ScaffoldDeployEngine"" task for user ""NT AUTHORITY\SYSTEM""."
"5/24/2026 7:40:41 AM","129","Information","Microsoft-Windows-TaskScheduler","Task Scheduler launch task ""\Scaffold\ScaffoldDeployEngine"" , instance ""powershell.exe""  with process ID 4180."
"5/24/2026 7:40:41 AM","107","Information","Microsoft-Windows-TaskScheduler","Task Scheduler launched ""{5f957b7e-37d2-4cae-932b-c930ddd68d55}""  instance of task ""\Scaffold\ScaffoldDeployEngine"" due to a time trigger condition."
"5/24/2026 7:39:48 AM","140","Information","Microsoft-Windows-TaskScheduler","User ""SCAFFOLD\DC$""  updated Task Scheduler task ""\Microsoft\Windows\SoftwareProtectionPlatform\SvcRestartTask"""
"5/24/2026 7:39:39 AM","102","Information","Microsoft-Windows-TaskScheduler","Task Scheduler successfully finished ""{596c20ae-7e28-477f-9d88-8a0de5316f8b}"" instance of the ""\Microsoft\Windows\Windows Error Reporting\QueueReporting"" task for user ""NT AUTHORITY\SYSTEM""."
"5/24/2026 7:39:39 AM","201","Information","Microsoft-Windows-TaskScheduler","Task Scheduler successfully completed task ""\Microsoft\Windows\Windows Error Reporting\QueueReporting"" , instance ""{596c20ae-7e28-477f-9d88-8a0de5316f8b}"" , action ""%windir%\system32\wermgr.exe"" with return code 0."
"5/24/2026 7:39:39 AM","102","Information","Microsoft-Windows-TaskScheduler","Task Scheduler successfully finished ""{d8678716-eb66-4678-877b-f064b22ff649}"" instance of the ""\Microsoft\Windows\Flighting\FeatureConfig\ReconcileFeatures"" task for user ""NT AUTHORITY\SYSTEM""."
"5/24/2026 7:39:39 AM","201","Information","Microsoft-Windows-TaskScheduler","Task Scheduler successfully completed task ""\Microsoft\Windows\Flighting\FeatureConfig\ReconcileFeatures"" , instance ""{d8678716-eb66-4678-877b-f064b22ff649}"" , action ""Feature Configuration Reconciliation Task Handler"" with return code 0."
"5/24/2026 7:39:39 AM","200","Information","Microsoft-Windows-TaskScheduler","Task Scheduler launched action ""%windir%\system32\wermgr.exe"" in instance ""{596c20ae-7e28-477f-9d88-8a0de5316f8b}"" of task ""\Microsoft\Windows\Windows Error Reporting\QueueReporting""."
"5/24/2026 7:39:39 AM","100","Information","Microsoft-Windows-TaskScheduler","Task Scheduler started ""{596c20ae-7e28-477f-9d88-8a0de5316f8b}"" instance of the ""\Microsoft\Windows\Windows Error Reporting\QueueReporting"" task for user ""NT AUTHORITY\SYSTEM""."
"5/24/2026 7:39:39 AM","129","Information","Microsoft-Windows-TaskScheduler","Task Scheduler launch task ""\Microsoft\Windows\Windows Error Reporting\QueueReporting"" , instance ""%windir%\system32\wermgr.exe""  with process ID 8148."
"5/24/2026 7:39:39 AM","200","Information","Microsoft-Windows-TaskScheduler","Task Scheduler launched action ""Feature Configuration Reconciliation Task Handler"" in instance ""{d8678716-eb66-4678-877b-f064b22ff649}"" of task ""\Microsoft\Windows\Flighting\FeatureConfig\ReconcileFeatures""."
"5/24/2026 7:39:39 AM","100","Information","Microsoft-Windows-TaskScheduler","Task Scheduler started ""{d8678716-eb66-4678-877b-f064b22ff649}"" instance of the ""\Microsoft\Windows\Flighting\FeatureConfig\ReconcileFeatures"" task for user ""NT AUTHORITY\SYSTEM""."
"5/24/2026 7:39:39 AM","129","Information","Microsoft-Windows-TaskScheduler","Task Scheduler launch task ""\Microsoft\Windows\Flighting\FeatureConfig\ReconcileFeatures"" , instance ""taskhostw.exe""  with process ID 8180."
"5/24/2026 7:39:39 AM","118","Information","Microsoft-Windows-TaskScheduler","Task Scheduler launched ""{596c20ae-7e28-477f-9d88-8a0de5316f8b}""  instance of task ""\Microsoft\Windows\Windows Error Reporting\QueueReporting""  due to system startup."
"5/24/2026 7:39:23 AM","322","Warning","Microsoft-Windows-TaskScheduler","Task Scheduler did not launch task ""\MicrosoftEdgeUpdateTaskMachineUA""  because instance ""{0c512c77-3e5b-482a-b27a-da36fb76c646}""  of the same task is already running."
"5/24/2026 7:39:23 AM","200","Information","Microsoft-Windows-TaskScheduler","Task Scheduler launched action ""C:\Program Files (x86)\Microsoft\EdgeUpdate\MicrosoftEdgeUpdate.exe"" in instance ""{0c512c77-3e5b-482a-b27a-da36fb76c646}"" of task ""\MicrosoftEdgeUpdateTaskMachineUA""."
"5/24/2026 7:39:23 AM","100","Information","Microsoft-Windows-TaskScheduler","Task Scheduler started ""{0c512c77-3e5b-482a-b27a-da36fb76c646}"" instance of the ""\MicrosoftEdgeUpdateTaskMachineUA"" task for user ""NT AUTHORITY\SYSTEM""."
"5/24/2026 7:39:23 AM","129","Information","Microsoft-Windows-TaskScheduler","Task Scheduler launch task ""\MicrosoftEdgeUpdateTaskMachineUA"" , instance ""C:\Program Files (x86)\Microsoft\EdgeUpdate\MicrosoftEdgeUpdate.exe""  with process ID 3488."
"5/24/2026 7:39:23 AM","107","Information","Microsoft-Windows-TaskScheduler","Task Scheduler launched ""{0c512c77-3e5b-482a-b27a-da36fb76c646}""  instance of task ""\MicrosoftEdgeUpdateTaskMachineUA"" due to a time trigger condition."
"5/24/2026 7:39:21 AM","140","Information","Microsoft-Windows-TaskScheduler","User ""SCAFFOLD\DC$""  updated Task Scheduler task ""\Microsoft\Windows\UpdateOrchestrator\Schedule Scan"""
"5/24/2026 7:39:21 AM","140","Information","Microsoft-Windows-TaskScheduler","User ""S-1-5-18""  updated Task Scheduler task ""\Microsoft\Windows\UpdateOrchestrator\Schedule Scan"""
"5/24/2026 7:39:18 AM","140","Information","Microsoft-Windows-TaskScheduler","User ""SCAFFOLD\DC$""  updated Task Scheduler task ""\Microsoft\Windows\Application Experience\PcaPatchDbTask"""
"5/24/2026 7:38:57 AM","103","Error","Microsoft-Windows-TaskScheduler","Task Scheduler failed to start instance ""{57779492-17f9-435e-a917-9685862d1d18}"" of ""\Microsoft\Windows\International\Synchronize Language Settings""  task for user ""SCAFFOLD\Administrator"" . Additional Data: Error Value: 2147746053."
"5/24/2026 7:38:57 AM","202","Error","Microsoft-Windows-TaskScheduler","Task Scheduler failed to complete task ""\Microsoft\Windows\International\Synchronize Language Settings"" , instance ""{57779492-17f9-435e-a917-9685862d1d18}"" , action ""Sync Language Data From Cloud Task"" . Additional Data: Error Value: 2147746053."
"5/24/2026 7:38:53 AM","102","Information","Microsoft-Windows-TaskScheduler","Task Scheduler successfully finished ""{a45e5c55-5b66-45a2-a5d5-f1147f1d226d}"" instance of the ""\Microsoft\Windows\Workplace Join\Automatic-Device-Join"" task for user ""NT AUTHORITY\SYSTEM""."
"5/24/2026 7:38:53 AM","201","Information","Microsoft-Windows-TaskScheduler","Task Scheduler successfully completed task ""\Microsoft\Windows\Workplace Join\Automatic-Device-Join"" , instance ""{a45e5c55-5b66-45a2-a5d5-f1147f1d226d}"" , action ""%SystemRoot%\System32\dsregcmd.exe"" with return code 2147942401."
"5/24/2026 7:38:53 AM","200","Information","Microsoft-Windows-TaskScheduler","Task Scheduler launched action ""%SystemRoot%\System32\dsregcmd.exe"" in instance ""{a45e5c55-5b66-45a2-a5d5-f1147f1d226d}"" of task ""\Microsoft\Windows\Workplace Join\Automatic-Device-Join""."
"5/24/2026 7:38:53 AM","100","Information","Microsoft-Windows-TaskScheduler","Task Scheduler started ""{a45e5c55-5b66-45a2-a5d5-f1147f1d226d}"" instance of the ""\Microsoft\Windows\Workplace Join\Automatic-Device-Join"" task for user ""NT AUTHORITY\SYSTEM""."
"5/24/2026 7:38:53 AM","129","Information","Microsoft-Windows-TaskScheduler","Task Scheduler launch task ""\Microsoft\Windows\Workplace Join\Automatic-Device-Join"" , instance ""%SystemRoot%\System32\dsregcmd.exe""  with process ID 8148."
"5/24/2026 7:38:53 AM","119","Information","Microsoft-Windows-TaskScheduler","Task Scheduler launched ""{a45e5c55-5b66-45a2-a5d5-f1147f1d226d}""  instance of task ""\Microsoft\Windows\Workplace Join\Automatic-Device-Join"" due to user ""SCAFFOLD\Administrator""  logon."
"5/24/2026 7:38:41 AM","102","Information","Microsoft-Windows-TaskScheduler","Task Scheduler successfully finished ""{92648d1a-5354-43af-a3c6-72037ede869f}"" instance of the ""\Scaffold\ScaffoldDeployEngine"" task for user ""NT AUTHORITY\SYSTEM""."
"5/24/2026 7:38:41 AM","201","Information","Microsoft-Windows-TaskScheduler","Task Scheduler successfully completed task ""\Scaffold\ScaffoldDeployEngine"" , instance ""{92648d1a-5354-43af-a3c6-72037ede869f}"" , action ""powershell.exe"" with return code 0."
"5/24/2026 7:38:41 AM","200","Information","Microsoft-Windows-TaskScheduler","Task Scheduler launched action ""powershell.exe"" in instance ""{92648d1a-5354-43af-a3c6-72037ede869f}"" of task ""\Scaffold\ScaffoldDeployEngine""."
"5/24/2026 7:38:41 AM","100","Information","Microsoft-Windows-TaskScheduler","Task Scheduler started ""{92648d1a-5354-43af-a3c6-72037ede869f}"" instance of the ""\Scaffold\ScaffoldDeployEngine"" task for user ""NT AUTHORITY\SYSTEM""."
"5/24/2026 7:38:41 AM","129","Information","Microsoft-Windows-TaskScheduler","Task Scheduler launch task ""\Scaffold\ScaffoldDeployEngine"" , instance ""powershell.exe""  with process ID 7960."
"5/24/2026 7:38:41 AM","107","Information","Microsoft-Windows-TaskScheduler","Task Scheduler launched ""{92648d1a-5354-43af-a3c6-72037ede869f}""  instance of task ""\Scaffold\ScaffoldDeployEngine"" due to a time trigger condition."
"5/24/2026 7:38:23 AM","200","Information","Microsoft-Windows-TaskScheduler","Task Scheduler launched action ""Sync Language Data From Cloud Task"" in instance ""{57779492-17f9-435e-a917-9685862d1d18}"" of task ""\Microsoft\Windows\International\Synchronize Language Settings""."
"5/24/2026 7:38:23 AM","100","Information","Microsoft-Windows-TaskScheduler","Task Scheduler started ""{57779492-17f9-435e-a917-9685862d1d18}"" instance of the ""\Microsoft\Windows\International\Synchronize Language Settings"" task for user ""SCAFFOLD\Administrator""."
"5/24/2026 7:38:23 AM","129","Information","Microsoft-Windows-TaskScheduler","Task Scheduler launch task ""\Microsoft\Windows\International\Synchronize Language Settings"" , instance ""taskhostw.exe""  with process ID 7828."
"5/24/2026 7:38:23 AM","119","Information","Microsoft-Windows-TaskScheduler","Task Scheduler launched ""{57779492-17f9-435e-a917-9685862d1d18}""  instance of task ""\Microsoft\Windows\International\Synchronize Language Settings"" due to user ""SCAFFOLD\Administrator""  logon."
"5/24/2026 7:37:54 AM","102","Information","Microsoft-Windows-TaskScheduler","Task Scheduler successfully finished ""{85ac2737-85df-42cc-b31d-a7c67d3a66f6}"" instance of the ""\Microsoft\Windows\Server Manager\ServerManager"" task for user ""SCAFFOLD\Administrator""."
"5/24/2026 7:37:54 AM","201","Information","Microsoft-Windows-TaskScheduler","Task Scheduler successfully completed task ""\Microsoft\Windows\Server Manager\ServerManager"" , instance ""{85ac2737-85df-42cc-b31d-a7c67d3a66f6}"" , action ""%windir%\system32\ServerManagerLauncher.exe"" with return code 0."
"5/24/2026 7:37:53 AM","102","Information","Microsoft-Windows-TaskScheduler","Task Scheduler successfully finished ""{44d5097f-480d-4a64-8dc5-6c7a4a296827}"" instance of the ""\Microsoft\Windows\WindowsColorSystem\Calibration Loader"" task for user ""SCAFFOLD\Administrator""."
"5/24/2026 7:37:53 AM","201","Information","Microsoft-Windows-TaskScheduler","Task Scheduler successfully completed task ""\Microsoft\Windows\WindowsColorSystem\Calibration Loader"" , instance ""{44d5097f-480d-4a64-8dc5-6c7a4a296827}"" , action ""Color Calibration Loader"" with return code 0."
"5/24/2026 7:37:53 AM","102","Information","Microsoft-Windows-TaskScheduler","Task Scheduler successfully finished ""{3d2bd87a-2d1d-4c08-ac07-f428fd70cdaa}"" instance of the ""\Microsoft\Windows\Plug and Play\Device Install Reboot Required"" task for user ""SCAFFOLD\Administrator""."
"5/24/2026 7:37:53 AM","201","Information","Microsoft-Windows-TaskScheduler","Task Scheduler successfully completed task ""\Microsoft\Windows\Plug and Play\Device Install Reboot Required"" , instance ""{3d2bd87a-2d1d-4c08-ac07-f428fd70cdaa}"" , action ""Device Installation Reboot Dialog Task"" with return code 0."
"5/24/2026 7:37:53 AM","102","Information","Microsoft-Windows-TaskScheduler","Task Scheduler successfully finished ""{398761ae-e8d1-4b7b-b456-9a8055aaa62f}"" instance of the ""\Microsoft\Windows\CertificateServicesClient\UserTask"" task for user ""SCAFFOLD\Administrator""."
"5/24/2026 7:37:53 AM","201","Information","Microsoft-Windows-TaskScheduler","Task Scheduler successfully completed task ""\Microsoft\Windows\CertificateServicesClient\UserTask"" , instance ""{398761ae-e8d1-4b7b-b456-9a8055aaa62f}"" , action ""Certificate Services Client Task Handler"" with return code 0."
"5/24/2026 7:37:53 AM","200","Information","Microsoft-Windows-TaskScheduler","Task Scheduler launched action ""C:\Windows\Explorer.EXE"" in instance ""{cbf1540c-f565-4364-aad8-516be3044a43}"" of task ""\CreateExplorerShellUnelevatedTask""."
"5/24/2026 7:37:53 AM","100","Information","Microsoft-Windows-TaskScheduler","Task Scheduler started ""{cbf1540c-f565-4364-aad8-516be3044a43}"" instance of the ""\CreateExplorerShellUnelevatedTask"" task for user ""SCAFFOLD\Administrator""."
"5/24/2026 7:37:53 AM","129","Information","Microsoft-Windows-TaskScheduler","Task Scheduler launch task ""\CreateExplorerShellUnelevatedTask"" , instance ""C:\Windows\Explorer.EXE""  with process ID 6276."
"5/24/2026 7:37:53 AM","109","Information","Microsoft-Windows-TaskScheduler","Task Scheduler launched ""{cbf1540c-f565-4364-aad8-516be3044a43}""  instance of task ""\CreateExplorerShellUnelevatedTask""  according to a registration trigger."
