"9/20/2026 5:24:42 AM","201","Information","Microsoft-Windows-TaskScheduler","Task Scheduler successfully completed task ""\Scaffold\ScaffoldDeployEngine"" , instance ""{0f07f408-b05b-4444-ac51-f51d9dce683d}"" , action ""powershell.exe"" with return code 0."
"9/20/2026 5:24:41 AM","200","Information","Microsoft-Windows-TaskScheduler","Task Scheduler launched action ""powershell.exe"" in instance ""{0f07f408-b05b-4444-ac51-f51d9dce683d}"" of task ""\Scaffold\ScaffoldDeployEngine""."
"9/20/2026 5:24:41 AM","100","Information","Microsoft-Windows-TaskScheduler","Task Scheduler started ""{0f07f408-b05b-4444-ac51-f51d9dce683d}"" instance of the ""\Scaffold\ScaffoldDeployEngine"" task for user ""NT AUTHORITY\SYSTEM""."
"9/20/2026 5:24:41 AM","129","Information","Microsoft-Windows-TaskScheduler","Task Scheduler launch task ""\Scaffold\ScaffoldDeployEngine"" , instance ""powershell.exe""  with process ID 964."
"9/20/2026 5:24:41 AM","107","Information","Microsoft-Windows-TaskScheduler","Task Scheduler launched ""{0f07f408-b05b-4444-ac51-f51d9dce683d}""  instance of task ""\Scaffold\ScaffoldDeployEngine"" due to a time trigger condition."
"9/20/2026 5:22:42 AM","102","Information","Microsoft-Windows-TaskScheduler","Task Scheduler successfully finished ""{d829d5cb-45d3-4433-a048-1f1e3be99a20}"" instance of the ""\Scaffold\ScaffoldDeployEngine"" task for user ""NT AUTHORITY\SYSTEM""."
"9/20/2026 5:22:42 AM","201","Information","Microsoft-Windows-TaskScheduler","Task Scheduler successfully completed task ""\Scaffold\ScaffoldDeployEngine"" , instance ""{d829d5cb-45d3-4433-a048-1f1e3be99a20}"" , action ""powershell.exe"" with return code 0."
"9/20/2026 5:22:41 AM","200","Information","Microsoft-Windows-TaskScheduler","Task Scheduler launched action ""powershell.exe"" in instance ""{d829d5cb-45d3-4433-a048-1f1e3be99a20}"" of task ""\Scaffold\ScaffoldDeployEngine""."
"9/20/2026 5:22:41 AM","100","Information","Microsoft-Windows-TaskScheduler","Task Scheduler started ""{d829d5cb-45d3-4433-a048-1f1e3be99a20}"" instance of the ""\Scaffold\ScaffoldDeployEngine"" task for user ""NT AUTHORITY\SYSTEM""."
"9/20/2026 5:22:41 AM","129","Information","Microsoft-Windows-TaskScheduler","Task Scheduler launch task ""\Scaffold\ScaffoldDeployEngine"" , instance ""powershell.exe""  with process ID 1248."
"9/20/2026 5:22:41 AM","107","Information","Microsoft-Windows-TaskScheduler","Task Scheduler launched ""{d829d5cb-45d3-4433-a048-1f1e3be99a20}""  instance of task ""\Scaffold\ScaffoldDeployEngine"" due to a time trigger condition."
"9/20/2026 5:20:42 AM","102","Information","Microsoft-Windows-TaskScheduler","Task Scheduler successfully finished ""{7b5037aa-34de-4c31-8eeb-4c89944997e8}"" instance of the ""\Scaffold\ScaffoldDeployEngine"" task for user ""NT AUTHORITY\SYSTEM""."
"9/20/2026 5:20:42 AM","201","Information","Microsoft-Windows-TaskScheduler","Task Scheduler successfully completed task ""\Scaffold\ScaffoldDeployEngine"" , instance ""{7b5037aa-34de-4c31-8eeb-4c89944997e8}"" , action ""powershell.exe"" with return code 0."
"9/20/2026 5:20:41 AM","200","Information","Microsoft-Windows-TaskScheduler","Task Scheduler launched action ""powershell.exe"" in instance ""{7b5037aa-34de-4c31-8eeb-4c89944997e8}"" of task ""\Scaffold\ScaffoldDeployEngine""."
"9/20/2026 5:20:41 AM","100","Information","Microsoft-Windows-TaskScheduler","Task Scheduler started ""{7b5037aa-34de-4c31-8eeb-4c89944997e8}"" instance of the ""\Scaffold\ScaffoldDeployEngine"" task for user ""NT AUTHORITY\SYSTEM""."
"9/20/2026 5:20:41 AM","129","Information","Microsoft-Windows-TaskScheduler","Task Scheduler launch task ""\Scaffold\ScaffoldDeployEngine"" , instance ""powershell.exe""  with process ID 4372."
"9/20/2026 5:20:41 AM","107","Information","Microsoft-Windows-TaskScheduler","Task Scheduler launched ""{7b5037aa-34de-4c31-8eeb-4c89944997e8}""  instance of task ""\Scaffold\ScaffoldDeployEngine"" due to a time trigger condition."
"9/20/2026 5:18:42 AM","102","Information","Microsoft-Windows-TaskScheduler","Task Scheduler successfully finished ""{8e58fbe1-47e6-4a7b-adce-33c95c01636c}"" instance of the ""\Scaffold\ScaffoldDeployEngine"" task for user ""NT AUTHORITY\SYSTEM""."
"9/20/2026 5:18:42 AM","201","Information","Microsoft-Windows-TaskScheduler","Task Scheduler successfully completed task ""\Scaffold\ScaffoldDeployEngine"" , instance ""{8e58fbe1-47e6-4a7b-adce-33c95c01636c}"" , action ""powershell.exe"" with return code 0."
"9/20/2026 5:18:41 AM","200","Information","Microsoft-Windows-TaskScheduler","Task Scheduler launched action ""powershell.exe"" in instance ""{8e58fbe1-47e6-4a7b-adce-33c95c01636c}"" of task ""\Scaffold\ScaffoldDeployEngine""."
"9/20/2026 5:18:41 AM","100","Information","Microsoft-Windows-TaskScheduler","Task Scheduler started ""{8e58fbe1-47e6-4a7b-adce-33c95c01636c}"" instance of the ""\Scaffold\ScaffoldDeployEngine"" task for user ""NT AUTHORITY\SYSTEM""."
"9/20/2026 5:18:41 AM","129","Information","Microsoft-Windows-TaskScheduler","Task Scheduler launch task ""\Scaffold\ScaffoldDeployEngine"" , instance ""powershell.exe""  with process ID 6060."
"9/20/2026 5:18:41 AM","107","Information","Microsoft-Windows-TaskScheduler","Task Scheduler launched ""{8e58fbe1-47e6-4a7b-adce-33c95c01636c}""  instance of task ""\Scaffold\ScaffoldDeployEngine"" due to a time trigger condition."
"9/20/2026 5:16:42 AM","102","Information","Microsoft-Windows-TaskScheduler","Task Scheduler successfully finished ""{cb93b15c-e89d-483b-819e-f197bf18fab8}"" instance of the ""\Scaffold\ScaffoldDeployEngine"" task for user ""NT AUTHORITY\SYSTEM""."
"9/20/2026 5:16:42 AM","201","Information","Microsoft-Windows-TaskScheduler","Task Scheduler successfully completed task ""\Scaffold\ScaffoldDeployEngine"" , instance ""{cb93b15c-e89d-483b-819e-f197bf18fab8}"" , action ""powershell.exe"" with return code 0."
"9/20/2026 5:16:41 AM","200","Information","Microsoft-Windows-TaskScheduler","Task Scheduler launched action ""powershell.exe"" in instance ""{cb93b15c-e89d-483b-819e-f197bf18fab8}"" of task ""\Scaffold\ScaffoldDeployEngine""."
"9/20/2026 5:16:41 AM","100","Information","Microsoft-Windows-TaskScheduler","Task Scheduler started ""{cb93b15c-e89d-483b-819e-f197bf18fab8}"" instance of the ""\Scaffold\ScaffoldDeployEngine"" task for user ""NT AUTHORITY\SYSTEM""."
"9/20/2026 5:16:41 AM","129","Information","Microsoft-Windows-TaskScheduler","Task Scheduler launch task ""\Scaffold\ScaffoldDeployEngine"" , instance ""powershell.exe""  with process ID 1212."
"9/20/2026 5:16:41 AM","107","Information","Microsoft-Windows-TaskScheduler","Task Scheduler launched ""{cb93b15c-e89d-483b-819e-f197bf18fab8}""  instance of task ""\Scaffold\ScaffoldDeployEngine"" due to a time trigger condition."
"9/20/2026 5:14:42 AM","102","Information","Microsoft-Windows-TaskScheduler","Task Scheduler successfully finished ""{24c4dd61-0419-4dae-9c88-6a37295408ee}"" instance of the ""\Scaffold\ScaffoldDeployEngine"" task for user ""NT AUTHORITY\SYSTEM""."
"9/20/2026 5:14:42 AM","201","Information","Microsoft-Windows-TaskScheduler","Task Scheduler successfully completed task ""\Scaffold\ScaffoldDeployEngine"" , instance ""{24c4dd61-0419-4dae-9c88-6a37295408ee}"" , action ""powershell.exe"" with return code 0."
"9/20/2026 5:14:41 AM","200","Information","Microsoft-Windows-TaskScheduler","Task Scheduler launched action ""powershell.exe"" in instance ""{24c4dd61-0419-4dae-9c88-6a37295408ee}"" of task ""\Scaffold\ScaffoldDeployEngine""."
"9/20/2026 5:14:41 AM","100","Information","Microsoft-Windows-TaskScheduler","Task Scheduler started ""{24c4dd61-0419-4dae-9c88-6a37295408ee}"" instance of the ""\Scaffold\ScaffoldDeployEngine"" task for user ""NT AUTHORITY\SYSTEM""."
"9/20/2026 5:14:41 AM","129","Information","Microsoft-Windows-TaskScheduler","Task Scheduler launch task ""\Scaffold\ScaffoldDeployEngine"" , instance ""powershell.exe""  with process ID 3728."
"9/20/2026 5:14:41 AM","107","Information","Microsoft-Windows-TaskScheduler","Task Scheduler launched ""{24c4dd61-0419-4dae-9c88-6a37295408ee}""  instance of task ""\Scaffold\ScaffoldDeployEngine"" due to a time trigger condition."
"9/20/2026 5:12:42 AM","102","Information","Microsoft-Windows-TaskScheduler","Task Scheduler successfully finished ""{90a5cf47-e2b9-4c13-928c-66b1f897b645}"" instance of the ""\Scaffold\ScaffoldDeployEngine"" task for user ""NT AUTHORITY\SYSTEM""."
"9/20/2026 5:12:42 AM","201","Information","Microsoft-Windows-TaskScheduler","Task Scheduler successfully completed task ""\Scaffold\ScaffoldDeployEngine"" , instance ""{90a5cf47-e2b9-4c13-928c-66b1f897b645}"" , action ""powershell.exe"" with return code 0."
"9/20/2026 5:12:41 AM","200","Information","Microsoft-Windows-TaskScheduler","Task Scheduler launched action ""powershell.exe"" in instance ""{90a5cf47-e2b9-4c13-928c-66b1f897b645}"" of task ""\Scaffold\ScaffoldDeployEngine""."
"9/20/2026 5:12:41 AM","100","Information","Microsoft-Windows-TaskScheduler","Task Scheduler started ""{90a5cf47-e2b9-4c13-928c-66b1f897b645}"" instance of the ""\Scaffold\ScaffoldDeployEngine"" task for user ""NT AUTHORITY\SYSTEM""."
"9/20/2026 5:12:41 AM","129","Information","Microsoft-Windows-TaskScheduler","Task Scheduler launch task ""\Scaffold\ScaffoldDeployEngine"" , instance ""powershell.exe""  with process ID 1580."
"9/20/2026 5:12:41 AM","107","Information","Microsoft-Windows-TaskScheduler","Task Scheduler launched ""{90a5cf47-e2b9-4c13-928c-66b1f897b645}""  instance of task ""\Scaffold\ScaffoldDeployEngine"" due to a time trigger condition."
"9/20/2026 5:10:42 AM","102","Information","Microsoft-Windows-TaskScheduler","Task Scheduler successfully finished ""{e5e80d8b-ff44-422c-bfa6-04e47ba40182}"" instance of the ""\Scaffold\ScaffoldDeployEngine"" task for user ""NT AUTHORITY\SYSTEM""."
"9/20/2026 5:10:42 AM","201","Information","Microsoft-Windows-TaskScheduler","Task Scheduler successfully completed task ""\Scaffold\ScaffoldDeployEngine"" , instance ""{e5e80d8b-ff44-422c-bfa6-04e47ba40182}"" , action ""powershell.exe"" with return code 0."
"9/20/2026 5:10:41 AM","200","Information","Microsoft-Windows-TaskScheduler","Task Scheduler launched action ""powershell.exe"" in instance ""{e5e80d8b-ff44-422c-bfa6-04e47ba40182}"" of task ""\Scaffold\ScaffoldDeployEngine""."
"9/20/2026 5:10:41 AM","100","Information","Microsoft-Windows-TaskScheduler","Task Scheduler started ""{e5e80d8b-ff44-422c-bfa6-04e47ba40182}"" instance of the ""\Scaffold\ScaffoldDeployEngine"" task for user ""NT AUTHORITY\SYSTEM""."
"9/20/2026 5:10:41 AM","129","Information","Microsoft-Windows-TaskScheduler","Task Scheduler launch task ""\Scaffold\ScaffoldDeployEngine"" , instance ""powershell.exe""  with process ID 3188."
"9/20/2026 5:10:41 AM","107","Information","Microsoft-Windows-TaskScheduler","Task Scheduler launched ""{e5e80d8b-ff44-422c-bfa6-04e47ba40182}""  instance of task ""\Scaffold\ScaffoldDeployEngine"" due to a time trigger condition."
"9/20/2026 5:08:42 AM","102","Information","Microsoft-Windows-TaskScheduler","Task Scheduler successfully finished ""{add16fd2-43c0-428c-b999-0f98a2763cdf}"" instance of the ""\Scaffold\ScaffoldDeployEngine"" task for user ""NT AUTHORITY\SYSTEM""."
"9/20/2026 5:08:42 AM","201","Information","Microsoft-Windows-TaskScheduler","Task Scheduler successfully completed task ""\Scaffold\ScaffoldDeployEngine"" , instance ""{add16fd2-43c0-428c-b999-0f98a2763cdf}"" , action ""powershell.exe"" with return code 0."
"9/20/2026 5:08:41 AM","200","Information","Microsoft-Windows-TaskScheduler","Task Scheduler launched action ""powershell.exe"" in instance ""{add16fd2-43c0-428c-b999-0f98a2763cdf}"" of task ""\Scaffold\ScaffoldDeployEngine""."
"9/20/2026 5:08:41 AM","100","Information","Microsoft-Windows-TaskScheduler","Task Scheduler started ""{add16fd2-43c0-428c-b999-0f98a2763cdf}"" instance of the ""\Scaffold\ScaffoldDeployEngine"" task for user ""NT AUTHORITY\SYSTEM""."
"9/20/2026 5:08:41 AM","129","Information","Microsoft-Windows-TaskScheduler","Task Scheduler launch task ""\Scaffold\ScaffoldDeployEngine"" , instance ""powershell.exe""  with process ID 2344."
"9/20/2026 5:08:41 AM","107","Information","Microsoft-Windows-TaskScheduler","Task Scheduler launched ""{add16fd2-43c0-428c-b999-0f98a2763cdf}""  instance of task ""\Scaffold\ScaffoldDeployEngine"" due to a time trigger condition."
"9/20/2026 5:06:42 AM","102","Information","Microsoft-Windows-TaskScheduler","Task Scheduler successfully finished ""{b667ae03-9150-4b69-b53b-0f597830f0c3}"" instance of the ""\Scaffold\ScaffoldDeployEngine"" task for user ""NT AUTHORITY\SYSTEM""."
"9/20/2026 5:06:42 AM","201","Information","Microsoft-Windows-TaskScheduler","Task Scheduler successfully completed task ""\Scaffold\ScaffoldDeployEngine"" , instance ""{b667ae03-9150-4b69-b53b-0f597830f0c3}"" , action ""powershell.exe"" with return code 0."
"9/20/2026 5:06:41 AM","200","Information","Microsoft-Windows-TaskScheduler","Task Scheduler launched action ""powershell.exe"" in instance ""{b667ae03-9150-4b69-b53b-0f597830f0c3}"" of task ""\Scaffold\ScaffoldDeployEngine""."
"9/20/2026 5:06:41 AM","100","Information","Microsoft-Windows-TaskScheduler","Task Scheduler started ""{b667ae03-9150-4b69-b53b-0f597830f0c3}"" instance of the ""\Scaffold\ScaffoldDeployEngine"" task for user ""NT AUTHORITY\SYSTEM""."
"9/20/2026 5:06:41 AM","129","Information","Microsoft-Windows-TaskScheduler","Task Scheduler launch task ""\Scaffold\ScaffoldDeployEngine"" , instance ""powershell.exe""  with process ID 3468."
"9/20/2026 5:06:41 AM","107","Information","Microsoft-Windows-TaskScheduler","Task Scheduler launched ""{b667ae03-9150-4b69-b53b-0f597830f0c3}""  instance of task ""\Scaffold\ScaffoldDeployEngine"" due to a time trigger condition."
"9/20/2026 5:04:42 AM","102","Information","Microsoft-Windows-TaskScheduler","Task Scheduler successfully finished ""{26d2792b-989d-4fca-8586-d204a2289602}"" instance of the ""\Scaffold\ScaffoldDeployEngine"" task for user ""NT AUTHORITY\SYSTEM""."
"9/20/2026 5:04:42 AM","201","Information","Microsoft-Windows-TaskScheduler","Task Scheduler successfully completed task ""\Scaffold\ScaffoldDeployEngine"" , instance ""{26d2792b-989d-4fca-8586-d204a2289602}"" , action ""powershell.exe"" with return code 0."
"9/20/2026 5:04:41 AM","200","Information","Microsoft-Windows-TaskScheduler","Task Scheduler launched action ""powershell.exe"" in instance ""{26d2792b-989d-4fca-8586-d204a2289602}"" of task ""\Scaffold\ScaffoldDeployEngine""."
"9/20/2026 5:04:41 AM","100","Information","Microsoft-Windows-TaskScheduler","Task Scheduler started ""{26d2792b-989d-4fca-8586-d204a2289602}"" instance of the ""\Scaffold\ScaffoldDeployEngine"" task for user ""NT AUTHORITY\SYSTEM""."
"9/20/2026 5:04:41 AM","129","Information","Microsoft-Windows-TaskScheduler","Task Scheduler launch task ""\Scaffold\ScaffoldDeployEngine"" , instance ""powershell.exe""  with process ID 572."
"9/20/2026 5:04:41 AM","107","Information","Microsoft-Windows-TaskScheduler","Task Scheduler launched ""{26d2792b-989d-4fca-8586-d204a2289602}""  instance of task ""\Scaffold\ScaffoldDeployEngine"" due to a time trigger condition."
"9/20/2026 5:02:42 AM","102","Information","Microsoft-Windows-TaskScheduler","Task Scheduler successfully finished ""{176e08d3-bfbe-46b2-b45c-68667f1487c3}"" instance of the ""\Scaffold\ScaffoldDeployEngine"" task for user ""NT AUTHORITY\SYSTEM""."
"9/20/2026 5:02:42 AM","201","Information","Microsoft-Windows-TaskScheduler","Task Scheduler successfully completed task ""\Scaffold\ScaffoldDeployEngine"" , instance ""{176e08d3-bfbe-46b2-b45c-68667f1487c3}"" , action ""powershell.exe"" with return code 0."
"9/20/2026 5:02:41 AM","200","Information","Microsoft-Windows-TaskScheduler","Task Scheduler launched action ""powershell.exe"" in instance ""{176e08d3-bfbe-46b2-b45c-68667f1487c3}"" of task ""\Scaffold\ScaffoldDeployEngine""."
"9/20/2026 5:02:41 AM","100","Information","Microsoft-Windows-TaskScheduler","Task Scheduler started ""{176e08d3-bfbe-46b2-b45c-68667f1487c3}"" instance of the ""\Scaffold\ScaffoldDeployEngine"" task for user ""NT AUTHORITY\SYSTEM""."
"9/20/2026 5:02:41 AM","129","Information","Microsoft-Windows-TaskScheduler","Task Scheduler launch task ""\Scaffold\ScaffoldDeployEngine"" , instance ""powershell.exe""  with process ID 5420."
"9/20/2026 5:02:41 AM","107","Information","Microsoft-Windows-TaskScheduler","Task Scheduler launched ""{176e08d3-bfbe-46b2-b45c-68667f1487c3}""  instance of task ""\Scaffold\ScaffoldDeployEngine"" due to a time trigger condition."
"9/20/2026 5:00:42 AM","102","Information","Microsoft-Windows-TaskScheduler","Task Scheduler successfully finished ""{2fc956af-d625-4294-b864-216b3c0fe2c5}"" instance of the ""\Scaffold\ScaffoldDeployEngine"" task for user ""NT AUTHORITY\SYSTEM""."
"9/20/2026 5:00:42 AM","201","Information","Microsoft-Windows-TaskScheduler","Task Scheduler successfully completed task ""\Scaffold\ScaffoldDeployEngine"" , instance ""{2fc956af-d625-4294-b864-216b3c0fe2c5}"" , action ""powershell.exe"" with return code 0."
"9/20/2026 5:00:41 AM","200","Information","Microsoft-Windows-TaskScheduler","Task Scheduler launched action ""powershell.exe"" in instance ""{2fc956af-d625-4294-b864-216b3c0fe2c5}"" of task ""\Scaffold\ScaffoldDeployEngine""."
"9/20/2026 5:00:41 AM","100","Information","Microsoft-Windows-TaskScheduler","Task Scheduler started ""{2fc956af-d625-4294-b864-216b3c0fe2c5}"" instance of the ""\Scaffold\ScaffoldDeployEngine"" task for user ""NT AUTHORITY\SYSTEM""."
"9/20/2026 5:00:41 AM","129","Information","Microsoft-Windows-TaskScheduler","Task Scheduler launch task ""\Scaffold\ScaffoldDeployEngine"" , instance ""powershell.exe""  with process ID 1332."
"9/20/2026 5:00:41 AM","107","Information","Microsoft-Windows-TaskScheduler","Task Scheduler launched ""{2fc956af-d625-4294-b864-216b3c0fe2c5}""  instance of task ""\Scaffold\ScaffoldDeployEngine"" due to a time trigger condition."
"9/20/2026 4:59:18 AM","102","Information","Microsoft-Windows-TaskScheduler","Task Scheduler successfully finished ""{34eb2aaf-8838-48a8-866e-6b3c472736ca}"" instance of the ""\Microsoft\Windows\Autochk\Proxy"" task for user ""NT AUTHORITY\SYSTEM""."
"9/20/2026 4:59:18 AM","201","Information","Microsoft-Windows-TaskScheduler","Task Scheduler successfully completed task ""\Microsoft\Windows\Autochk\Proxy"" , instance ""{34eb2aaf-8838-48a8-866e-6b3c472736ca}"" , action ""%windir%\system32\rundll32.exe"" with return code 0."
"9/20/2026 4:59:18 AM","200","Information","Microsoft-Windows-TaskScheduler","Task Scheduler launched action ""%windir%\system32\rundll32.exe"" in instance ""{34eb2aaf-8838-48a8-866e-6b3c472736ca}"" of task ""\Microsoft\Windows\Autochk\Proxy""."
"9/20/2026 4:59:18 AM","100","Information","Microsoft-Windows-TaskScheduler","Task Scheduler started ""{34eb2aaf-8838-48a8-866e-6b3c472736ca}"" instance of the ""\Microsoft\Windows\Autochk\Proxy"" task for user ""NT AUTHORITY\SYSTEM""."
"9/20/2026 4:59:18 AM","129","Information","Microsoft-Windows-TaskScheduler","Task Scheduler launch task ""\Microsoft\Windows\Autochk\Proxy"" , instance ""%windir%\system32\rundll32.exe""  with process ID 1240."
"9/20/2026 4:59:18 AM","118","Information","Microsoft-Windows-TaskScheduler","Task Scheduler launched ""{34eb2aaf-8838-48a8-866e-6b3c472736ca}""  instance of task ""\Microsoft\Windows\Autochk\Proxy""  due to system startup."
"9/20/2026 4:58:42 AM","102","Information","Microsoft-Windows-TaskScheduler","Task Scheduler successfully finished ""{ccb96227-a52d-4763-bf1e-5f501aecea59}"" instance of the ""\Scaffold\ScaffoldDeployEngine"" task for user ""NT AUTHORITY\SYSTEM""."
"9/20/2026 4:58:42 AM","201","Information","Microsoft-Windows-TaskScheduler","Task Scheduler successfully completed task ""\Scaffold\ScaffoldDeployEngine"" , instance ""{ccb96227-a52d-4763-bf1e-5f501aecea59}"" , action ""powershell.exe"" with return code 0."
"9/20/2026 4:58:41 AM","200","Information","Microsoft-Windows-TaskScheduler","Task Scheduler launched action ""powershell.exe"" in instance ""{ccb96227-a52d-4763-bf1e-5f501aecea59}"" of task ""\Scaffold\ScaffoldDeployEngine""."
"9/20/2026 4:58:41 AM","100","Information","Microsoft-Windows-TaskScheduler","Task Scheduler started ""{ccb96227-a52d-4763-bf1e-5f501aecea59}"" instance of the ""\Scaffold\ScaffoldDeployEngine"" task for user ""NT AUTHORITY\SYSTEM""."
"9/20/2026 4:58:41 AM","129","Information","Microsoft-Windows-TaskScheduler","Task Scheduler launch task ""\Scaffold\ScaffoldDeployEngine"" , instance ""powershell.exe""  with process ID 3236."
"9/20/2026 4:58:41 AM","107","Information","Microsoft-Windows-TaskScheduler","Task Scheduler launched ""{ccb96227-a52d-4763-bf1e-5f501aecea59}""  instance of task ""\Scaffold\ScaffoldDeployEngine"" due to a time trigger condition."
"9/20/2026 4:56:42 AM","102","Information","Microsoft-Windows-TaskScheduler","Task Scheduler successfully finished ""{345deb33-6135-4e70-ac30-6d658d632fa9}"" instance of the ""\Scaffold\ScaffoldDeployEngine"" task for user ""NT AUTHORITY\SYSTEM""."
"9/20/2026 4:56:42 AM","201","Information","Microsoft-Windows-TaskScheduler","Task Scheduler successfully completed task ""\Scaffold\ScaffoldDeployEngine"" , instance ""{345deb33-6135-4e70-ac30-6d658d632fa9}"" , action ""powershell.exe"" with return code 0."
"9/20/2026 4:56:41 AM","200","Information","Microsoft-Windows-TaskScheduler","Task Scheduler launched action ""powershell.exe"" in instance ""{345deb33-6135-4e70-ac30-6d658d632fa9}"" of task ""\Scaffold\ScaffoldDeployEngine""."
"9/20/2026 4:56:41 AM","100","Information","Microsoft-Windows-TaskScheduler","Task Scheduler started ""{345deb33-6135-4e70-ac30-6d658d632fa9}"" instance of the ""\Scaffold\ScaffoldDeployEngine"" task for user ""NT AUTHORITY\SYSTEM""."
"9/20/2026 4:56:41 AM","129","Information","Microsoft-Windows-TaskScheduler","Task Scheduler launch task ""\Scaffold\ScaffoldDeployEngine"" , instance ""powershell.exe""  with process ID 3636."
"9/20/2026 4:56:41 AM","107","Information","Microsoft-Windows-TaskScheduler","Task Scheduler launched ""{345deb33-6135-4e70-ac30-6d658d632fa9}""  instance of task ""\Scaffold\ScaffoldDeployEngine"" due to a time trigger condition."
"9/20/2026 4:54:42 AM","102","Information","Microsoft-Windows-TaskScheduler","Task Scheduler successfully finished ""{b8415898-d601-423b-a0b6-426125ea3677}"" instance of the ""\Scaffold\ScaffoldDeployEngine"" task for user ""NT AUTHORITY\SYSTEM""."
"9/20/2026 4:54:42 AM","201","Information","Microsoft-Windows-TaskScheduler","Task Scheduler successfully completed task ""\Scaffold\ScaffoldDeployEngine"" , instance ""{b8415898-d601-423b-a0b6-426125ea3677}"" , action ""powershell.exe"" with return code 0."
"9/20/2026 4:54:41 AM","200","Information","Microsoft-Windows-TaskScheduler","Task Scheduler launched action ""powershell.exe"" in instance ""{b8415898-d601-423b-a0b6-426125ea3677}"" of task ""\Scaffold\ScaffoldDeployEngine""."
"9/20/2026 4:54:41 AM","100","Information","Microsoft-Windows-TaskScheduler","Task Scheduler started ""{b8415898-d601-423b-a0b6-426125ea3677}"" instance of the ""\Scaffold\ScaffoldDeployEngine"" task for user ""NT AUTHORITY\SYSTEM""."
"9/20/2026 4:54:41 AM","129","Information","Microsoft-Windows-TaskScheduler","Task Scheduler launch task ""\Scaffold\ScaffoldDeployEngine"" , instance ""powershell.exe""  with process ID 4440."
"9/20/2026 4:54:41 AM","107","Information","Microsoft-Windows-TaskScheduler","Task Scheduler launched ""{b8415898-d601-423b-a0b6-426125ea3677}""  instance of task ""\Scaffold\ScaffoldDeployEngine"" due to a time trigger condition."
"9/20/2026 4:52:42 AM","102","Information","Microsoft-Windows-TaskScheduler","Task Scheduler successfully finished ""{fb0e1a27-adfe-4c6c-9d99-104247b6cead}"" instance of the ""\Scaffold\ScaffoldDeployEngine"" task for user ""NT AUTHORITY\SYSTEM""."
"9/20/2026 4:52:42 AM","201","Information","Microsoft-Windows-TaskScheduler","Task Scheduler successfully completed task ""\Scaffold\ScaffoldDeployEngine"" , instance ""{fb0e1a27-adfe-4c6c-9d99-104247b6cead}"" , action ""powershell.exe"" with return code 0."
"9/20/2026 4:52:41 AM","200","Information","Microsoft-Windows-TaskScheduler","Task Scheduler launched action ""powershell.exe"" in instance ""{fb0e1a27-adfe-4c6c-9d99-104247b6cead}"" of task ""\Scaffold\ScaffoldDeployEngine""."
"9/20/2026 4:52:41 AM","100","Information","Microsoft-Windows-TaskScheduler","Task Scheduler started ""{fb0e1a27-adfe-4c6c-9d99-104247b6cead}"" instance of the ""\Scaffold\ScaffoldDeployEngine"" task for user ""NT AUTHORITY\SYSTEM""."
"9/20/2026 4:52:41 AM","129","Information","Microsoft-Windows-TaskScheduler","Task Scheduler launch task ""\Scaffold\ScaffoldDeployEngine"" , instance ""powershell.exe""  with process ID 684."
"9/20/2026 4:52:41 AM","107","Information","Microsoft-Windows-TaskScheduler","Task Scheduler launched ""{fb0e1a27-adfe-4c6c-9d99-104247b6cead}""  instance of task ""\Scaffold\ScaffoldDeployEngine"" due to a time trigger condition."
"9/20/2026 4:50:42 AM","102","Information","Microsoft-Windows-TaskScheduler","Task Scheduler successfully finished ""{5491968f-3bd1-4d3b-afbd-cd7038542431}"" instance of the ""\Scaffold\ScaffoldDeployEngine"" task for user ""NT AUTHORITY\SYSTEM""."
"9/20/2026 4:50:42 AM","201","Information","Microsoft-Windows-TaskScheduler","Task Scheduler successfully completed task ""\Scaffold\ScaffoldDeployEngine"" , instance ""{5491968f-3bd1-4d3b-afbd-cd7038542431}"" , action ""powershell.exe"" with return code 0."
"9/20/2026 4:50:41 AM","200","Information","Microsoft-Windows-TaskScheduler","Task Scheduler launched action ""powershell.exe"" in instance ""{5491968f-3bd1-4d3b-afbd-cd7038542431}"" of task ""\Scaffold\ScaffoldDeployEngine""."
"9/20/2026 4:50:41 AM","100","Information","Microsoft-Windows-TaskScheduler","Task Scheduler started ""{5491968f-3bd1-4d3b-afbd-cd7038542431}"" instance of the ""\Scaffold\ScaffoldDeployEngine"" task for user ""NT AUTHORITY\SYSTEM""."
"9/20/2026 4:50:41 AM","129","Information","Microsoft-Windows-TaskScheduler","Task Scheduler launch task ""\Scaffold\ScaffoldDeployEngine"" , instance ""powershell.exe""  with process ID 376."
"9/20/2026 4:50:41 AM","107","Information","Microsoft-Windows-TaskScheduler","Task Scheduler launched ""{5491968f-3bd1-4d3b-afbd-cd7038542431}""  instance of task ""\Scaffold\ScaffoldDeployEngine"" due to a time trigger condition."
"9/20/2026 4:49:36 AM","140","Information","Microsoft-Windows-TaskScheduler","User ""SCAFFOLD\DC$""  updated Task Scheduler task ""\Microsoft\Windows\SoftwareProtectionPlatform\SvcRestartTask"""
"9/20/2026 4:49:06 AM","102","Information","Microsoft-Windows-TaskScheduler","Task Scheduler successfully finished ""{3859b39d-845a-48a6-b100-65c08c6d4af3}"" instance of the ""\Microsoft\Windows\SoftwareProtectionPlatform\SvcRestartTaskNetwork"" task for user ""(NONE)""."
"9/20/2026 4:49:06 AM","201","Information","Microsoft-Windows-TaskScheduler","Task Scheduler successfully completed task ""\Microsoft\Windows\SoftwareProtectionPlatform\SvcRestartTaskNetwork"" , instance ""{3859b39d-845a-48a6-b100-65c08c6d4af3}"" , action ""SppSvcRestartTaskHandler Class"" with return code 0."
"9/20/2026 4:49:05 AM","200","Information","Microsoft-Windows-TaskScheduler","Task Scheduler launched action ""SppSvcRestartTaskHandler Class"" in instance ""{3859b39d-845a-48a6-b100-65c08c6d4af3}"" of task ""\Microsoft\Windows\SoftwareProtectionPlatform\SvcRestartTaskNetwork""."
"9/20/2026 4:49:05 AM","100","Information","Microsoft-Windows-TaskScheduler","Task Scheduler started ""{3859b39d-845a-48a6-b100-65c08c6d4af3}"" instance of the ""\Microsoft\Windows\SoftwareProtectionPlatform\SvcRestartTaskNetwork"" task for user ""(NONE)""."
"9/20/2026 4:49:05 AM","129","Information","Microsoft-Windows-TaskScheduler","Task Scheduler launch task ""\Microsoft\Windows\SoftwareProtectionPlatform\SvcRestartTaskNetwork"" , instance ""taskhostw.exe""  with process ID 5312."
"9/20/2026 4:49:05 AM","108","Information","Microsoft-Windows-TaskScheduler","Task Scheduler launched ""{3859b39d-845a-48a6-b100-65c08c6d4af3}""  instance of task ""\Microsoft\Windows\SoftwareProtectionPlatform\SvcRestartTaskNetwork""  according to an event trigger."
"9/20/2026 4:48:42 AM","102","Information","Microsoft-Windows-TaskScheduler","Task Scheduler successfully finished ""{aa8d2430-f4e7-4bde-8b46-53df5835acfb}"" instance of the ""\Scaffold\ScaffoldDeployEngine"" task for user ""NT AUTHORITY\SYSTEM""."
"9/20/2026 4:48:42 AM","201","Information","Microsoft-Windows-TaskScheduler","Task Scheduler successfully completed task ""\Scaffold\ScaffoldDeployEngine"" , instance ""{aa8d2430-f4e7-4bde-8b46-53df5835acfb}"" , action ""powershell.exe"" with return code 0."
"9/20/2026 4:48:41 AM","200","Information","Microsoft-Windows-TaskScheduler","Task Scheduler launched action ""powershell.exe"" in instance ""{aa8d2430-f4e7-4bde-8b46-53df5835acfb}"" of task ""\Scaffold\ScaffoldDeployEngine""."
"9/20/2026 4:48:41 AM","100","Information","Microsoft-Windows-TaskScheduler","Task Scheduler started ""{aa8d2430-f4e7-4bde-8b46-53df5835acfb}"" instance of the ""\Scaffold\ScaffoldDeployEngine"" task for user ""NT AUTHORITY\SYSTEM""."
"9/20/2026 4:48:41 AM","129","Information","Microsoft-Windows-TaskScheduler","Task Scheduler launch task ""\Scaffold\ScaffoldDeployEngine"" , instance ""powershell.exe""  with process ID 3524."
"9/20/2026 4:48:41 AM","107","Information","Microsoft-Windows-TaskScheduler","Task Scheduler launched ""{aa8d2430-f4e7-4bde-8b46-53df5835acfb}""  instance of task ""\Scaffold\ScaffoldDeployEngine"" due to a time trigger condition."
"9/20/2026 4:46:42 AM","102","Information","Microsoft-Windows-TaskScheduler","Task Scheduler successfully finished ""{c3dccecc-b8d1-4f5a-9a38-0de2185384cb}"" instance of the ""\Scaffold\ScaffoldDeployEngine"" task for user ""NT AUTHORITY\SYSTEM""."
"9/20/2026 4:46:42 AM","201","Information","Microsoft-Windows-TaskScheduler","Task Scheduler successfully completed task ""\Scaffold\ScaffoldDeployEngine"" , instance ""{c3dccecc-b8d1-4f5a-9a38-0de2185384cb}"" , action ""powershell.exe"" with return code 0."
"9/20/2026 4:46:41 AM","200","Information","Microsoft-Windows-TaskScheduler","Task Scheduler launched action ""powershell.exe"" in instance ""{c3dccecc-b8d1-4f5a-9a38-0de2185384cb}"" of task ""\Scaffold\ScaffoldDeployEngine""."
"9/20/2026 4:46:41 AM","100","Information","Microsoft-Windows-TaskScheduler","Task Scheduler started ""{c3dccecc-b8d1-4f5a-9a38-0de2185384cb}"" instance of the ""\Scaffold\ScaffoldDeployEngine"" task for user ""NT AUTHORITY\SYSTEM""."
"9/20/2026 4:46:41 AM","129","Information","Microsoft-Windows-TaskScheduler","Task Scheduler launch task ""\Scaffold\ScaffoldDeployEngine"" , instance ""powershell.exe""  with process ID 3528."
"9/20/2026 4:46:41 AM","107","Information","Microsoft-Windows-TaskScheduler","Task Scheduler launched ""{c3dccecc-b8d1-4f5a-9a38-0de2185384cb}""  instance of task ""\Scaffold\ScaffoldDeployEngine"" due to a time trigger condition."
"9/20/2026 4:46:14 AM","102","Information","Microsoft-Windows-TaskScheduler","Task Scheduler successfully finished ""{ae86cf7c-21c5-4db6-b57b-7d553856f2bf}"" instance of the ""\Microsoft\Windows\Power Efficiency Diagnostics\AnalyzeSystem"" task for user ""NT AUTHORITY\SYSTEM""."
"9/20/2026 4:46:14 AM","201","Information","Microsoft-Windows-TaskScheduler","Task Scheduler successfully completed task ""\Microsoft\Windows\Power Efficiency Diagnostics\AnalyzeSystem"" , instance ""{ae86cf7c-21c5-4db6-b57b-7d553856f2bf}"" , action """" with return code 0."
"9/20/2026 4:45:12 AM","200","Information","Microsoft-Windows-TaskScheduler","Task Scheduler launched action """" in instance ""{ae86cf7c-21c5-4db6-b57b-7d553856f2bf}"" of task ""\Microsoft\Windows\Power Efficiency Diagnostics\AnalyzeSystem""."
"9/20/2026 4:45:12 AM","100","Information","Microsoft-Windows-TaskScheduler","Task Scheduler started ""{ae86cf7c-21c5-4db6-b57b-7d553856f2bf}"" instance of the ""\Microsoft\Windows\Power Efficiency Diagnostics\AnalyzeSystem"" task for user ""NT AUTHORITY\SYSTEM""."
"9/20/2026 4:45:12 AM","129","Information","Microsoft-Windows-TaskScheduler","Task Scheduler launch task ""\Microsoft\Windows\Power Efficiency Diagnostics\AnalyzeSystem"" , instance ""taskhostw.exe""  with process ID 4612."
"9/20/2026 4:45:11 AM","102","Information","Microsoft-Windows-TaskScheduler","Task Scheduler successfully finished ""{a5478681-f2fd-4d38-b84e-82a9a5533eac}"" instance of the ""\Microsoft\Windows\Application Experience\ProgramDataUpdater"" task for user ""NT AUTHORITY\SYSTEM""."
"9/20/2026 4:45:11 AM","201","Information","Microsoft-Windows-TaskScheduler","Task Scheduler successfully completed task ""\Microsoft\Windows\Application Experience\ProgramDataUpdater"" , instance ""{a5478681-f2fd-4d38-b84e-82a9a5533eac}"" , action ""%windir%\system32\compattelrunner.exe"" with return code 0."
"9/20/2026 4:45:06 AM","140","Information","Microsoft-Windows-TaskScheduler","User ""SCAFFOLD\DC$""  updated Task Scheduler task ""\Microsoft\Windows\SoftwareProtectionPlatform\SvcRestartTask"""
"9/20/2026 4:44:43 AM","102","Information","Microsoft-Windows-TaskScheduler","Task Scheduler successfully finished ""{d3cb8675-20ea-45eb-a6b8-5b55e767ddfe}"" instance of the ""\Scaffold\ScaffoldDeployEngine"" task for user ""NT AUTHORITY\SYSTEM""."
"9/20/2026 4:44:43 AM","201","Information","Microsoft-Windows-TaskScheduler","Task Scheduler successfully completed task ""\Scaffold\ScaffoldDeployEngine"" , instance ""{d3cb8675-20ea-45eb-a6b8-5b55e767ddfe}"" , action ""powershell.exe"" with return code 0."
"9/20/2026 4:44:42 AM","200","Information","Microsoft-Windows-TaskScheduler","Task Scheduler launched action ""powershell.exe"" in instance ""{d3cb8675-20ea-45eb-a6b8-5b55e767ddfe}"" of task ""\Scaffold\ScaffoldDeployEngine""."
"9/20/2026 4:44:42 AM","100","Information","Microsoft-Windows-TaskScheduler","Task Scheduler started ""{d3cb8675-20ea-45eb-a6b8-5b55e767ddfe}"" instance of the ""\Scaffold\ScaffoldDeployEngine"" task for user ""NT AUTHORITY\SYSTEM""."
"9/20/2026 4:44:42 AM","129","Information","Microsoft-Windows-TaskScheduler","Task Scheduler launch task ""\Scaffold\ScaffoldDeployEngine"" , instance ""powershell.exe""  with process ID 3652."
"9/20/2026 4:44:42 AM","107","Information","Microsoft-Windows-TaskScheduler","Task Scheduler launched ""{d3cb8675-20ea-45eb-a6b8-5b55e767ddfe}""  instance of task ""\Scaffold\ScaffoldDeployEngine"" due to a time trigger condition."
"9/20/2026 4:43:09 AM","102","Information","Microsoft-Windows-TaskScheduler","Task Scheduler successfully finished ""{f7eeec4d-910b-4d3a-97bc-a131f989401f}"" instance of the ""\Microsoft\Windows\Application Experience\Microsoft Compatibility Appraiser"" task for user ""NT AUTHORITY\SYSTEM""."
"9/20/2026 4:43:09 AM","201","Information","Microsoft-Windows-TaskScheduler","Task Scheduler successfully completed task ""\Microsoft\Windows\Application Experience\Microsoft Compatibility Appraiser"" , instance ""{f7eeec4d-910b-4d3a-97bc-a131f989401f}"" , action ""%windir%\system32\compattelrunner.exe"" with return code 0."
"9/20/2026 4:43:09 AM","140","Information","Microsoft-Windows-TaskScheduler","User ""S-1-5-18""  updated Task Scheduler task ""\Microsoft\Windows\Application Experience\Microsoft Compatibility Appraiser"""
"9/20/2026 4:42:43 AM","102","Information","Microsoft-Windows-TaskScheduler","Task Scheduler successfully finished ""{6e1d2fa8-5ad3-4894-bde9-40f6a8b3ca8b}"" instance of the ""\Scaffold\ScaffoldDeployEngine"" task for user ""NT AUTHORITY\SYSTEM""."
"9/20/2026 4:42:43 AM","201","Information","Microsoft-Windows-TaskScheduler","Task Scheduler successfully completed task ""\Scaffold\ScaffoldDeployEngine"" , instance ""{6e1d2fa8-5ad3-4894-bde9-40f6a8b3ca8b}"" , action ""powershell.exe"" with return code 0."
"9/20/2026 4:42:41 AM","200","Information","Microsoft-Windows-TaskScheduler","Task Scheduler launched action ""powershell.exe"" in instance ""{6e1d2fa8-5ad3-4894-bde9-40f6a8b3ca8b}"" of task ""\Scaffold\ScaffoldDeployEngine""."
"9/20/2026 4:42:41 AM","100","Information","Microsoft-Windows-TaskScheduler","Task Scheduler started ""{6e1d2fa8-5ad3-4894-bde9-40f6a8b3ca8b}"" instance of the ""\Scaffold\ScaffoldDeployEngine"" task for user ""NT AUTHORITY\SYSTEM""."
"9/20/2026 4:42:41 AM","129","Information","Microsoft-Windows-TaskScheduler","Task Scheduler launch task ""\Scaffold\ScaffoldDeployEngine"" , instance ""powershell.exe""  with process ID 2644."
"9/20/2026 4:42:41 AM","107","Information","Microsoft-Windows-TaskScheduler","Task Scheduler launched ""{6e1d2fa8-5ad3-4894-bde9-40f6a8b3ca8b}""  instance of task ""\Scaffold\ScaffoldDeployEngine"" due to a time trigger condition."
"9/20/2026 4:40:43 AM","102","Information","Microsoft-Windows-TaskScheduler","Task Scheduler successfully finished ""{d2eb4d9d-823e-4eb3-917f-d4a6ca13e0c0}"" instance of the ""\Scaffold\ScaffoldDeployEngine"" task for user ""NT AUTHORITY\SYSTEM""."
"9/20/2026 4:40:43 AM","201","Information","Microsoft-Windows-TaskScheduler","Task Scheduler successfully completed task ""\Scaffold\ScaffoldDeployEngine"" , instance ""{d2eb4d9d-823e-4eb3-917f-d4a6ca13e0c0}"" , action ""powershell.exe"" with return code 0."
"9/20/2026 4:40:41 AM","200","Information","Microsoft-Windows-TaskScheduler","Task Scheduler launched action ""powershell.exe"" in instance ""{d2eb4d9d-823e-4eb3-917f-d4a6ca13e0c0}"" of task ""\Scaffold\ScaffoldDeployEngine""."
"9/20/2026 4:40:41 AM","100","Information","Microsoft-Windows-TaskScheduler","Task Scheduler started ""{d2eb4d9d-823e-4eb3-917f-d4a6ca13e0c0}"" instance of the ""\Scaffold\ScaffoldDeployEngine"" task for user ""NT AUTHORITY\SYSTEM""."
"9/20/2026 4:40:41 AM","129","Information","Microsoft-Windows-TaskScheduler","Task Scheduler launch task ""\Scaffold\ScaffoldDeployEngine"" , instance ""powershell.exe""  with process ID 1288."
"9/20/2026 4:40:41 AM","107","Information","Microsoft-Windows-TaskScheduler","Task Scheduler launched ""{d2eb4d9d-823e-4eb3-917f-d4a6ca13e0c0}""  instance of task ""\Scaffold\ScaffoldDeployEngine"" due to a time trigger condition."
"9/20/2026 4:38:42 AM","102","Information","Microsoft-Windows-TaskScheduler","Task Scheduler successfully finished ""{40e3eb11-16d9-454f-ae93-bbb93a07087f}"" instance of the ""\Scaffold\ScaffoldDeployEngine"" task for user ""NT AUTHORITY\SYSTEM""."
"9/20/2026 4:38:42 AM","201","Information","Microsoft-Windows-TaskScheduler","Task Scheduler successfully completed task ""\Scaffold\ScaffoldDeployEngine"" , instance ""{40e3eb11-16d9-454f-ae93-bbb93a07087f}"" , action ""powershell.exe"" with return code 0."
"9/20/2026 4:38:41 AM","200","Information","Microsoft-Windows-TaskScheduler","Task Scheduler launched action ""powershell.exe"" in instance ""{40e3eb11-16d9-454f-ae93-bbb93a07087f}"" of task ""\Scaffold\ScaffoldDeployEngine""."
"9/20/2026 4:38:41 AM","100","Information","Microsoft-Windows-TaskScheduler","Task Scheduler started ""{40e3eb11-16d9-454f-ae93-bbb93a07087f}"" instance of the ""\Scaffold\ScaffoldDeployEngine"" task for user ""NT AUTHORITY\SYSTEM""."
"9/20/2026 4:38:41 AM","129","Information","Microsoft-Windows-TaskScheduler","Task Scheduler launch task ""\Scaffold\ScaffoldDeployEngine"" , instance ""powershell.exe""  with process ID 6032."
"9/20/2026 4:38:41 AM","107","Information","Microsoft-Windows-TaskScheduler","Task Scheduler launched ""{40e3eb11-16d9-454f-ae93-bbb93a07087f}""  instance of task ""\Scaffold\ScaffoldDeployEngine"" due to a time trigger condition."
"9/20/2026 4:36:43 AM","102","Information","Microsoft-Windows-TaskScheduler","Task Scheduler successfully finished ""{b2f57366-0737-4808-b41c-a5e142ab56ce}"" instance of the ""\Scaffold\ScaffoldDeployEngine"" task for user ""NT AUTHORITY\SYSTEM""."
"9/20/2026 4:36:43 AM","201","Information","Microsoft-Windows-TaskScheduler","Task Scheduler successfully completed task ""\Scaffold\ScaffoldDeployEngine"" , instance ""{b2f57366-0737-4808-b41c-a5e142ab56ce}"" , action ""powershell.exe"" with return code 0."
"9/20/2026 4:36:41 AM","200","Information","Microsoft-Windows-TaskScheduler","Task Scheduler launched action ""powershell.exe"" in instance ""{b2f57366-0737-4808-b41c-a5e142ab56ce}"" of task ""\Scaffold\ScaffoldDeployEngine""."
"9/20/2026 4:36:41 AM","100","Information","Microsoft-Windows-TaskScheduler","Task Scheduler started ""{b2f57366-0737-4808-b41c-a5e142ab56ce}"" instance of the ""\Scaffold\ScaffoldDeployEngine"" task for user ""NT AUTHORITY\SYSTEM""."
"9/20/2026 4:36:41 AM","129","Information","Microsoft-Windows-TaskScheduler","Task Scheduler launch task ""\Scaffold\ScaffoldDeployEngine"" , instance ""powershell.exe""  with process ID 6012."
"9/20/2026 4:36:41 AM","107","Information","Microsoft-Windows-TaskScheduler","Task Scheduler launched ""{b2f57366-0737-4808-b41c-a5e142ab56ce}""  instance of task ""\Scaffold\ScaffoldDeployEngine"" due to a time trigger condition."
"9/20/2026 4:36:32 AM","102","Information","Microsoft-Windows-TaskScheduler","Task Scheduler successfully finished ""{9fac0cae-08de-4f4e-a72a-52460c94a46f}"" instance of the ""\Microsoft\Windows\Workplace Join\Automatic-Device-Join"" task for user ""NT AUTHORITY\SYSTEM""."
"9/20/2026 4:36:32 AM","201","Information","Microsoft-Windows-TaskScheduler","Task Scheduler successfully completed task ""\Microsoft\Windows\Workplace Join\Automatic-Device-Join"" , instance ""{9fac0cae-08de-4f4e-a72a-52460c94a46f}"" , action ""%SystemRoot%\System32\dsregcmd.exe"" with return code 2147942401."
"9/20/2026 4:36:32 AM","200","Information","Microsoft-Windows-TaskScheduler","Task Scheduler launched action ""%SystemRoot%\System32\dsregcmd.exe"" in instance ""{9fac0cae-08de-4f4e-a72a-52460c94a46f}"" of task ""\Microsoft\Windows\Workplace Join\Automatic-Device-Join""."
"9/20/2026 4:36:32 AM","100","Information","Microsoft-Windows-TaskScheduler","Task Scheduler started ""{9fac0cae-08de-4f4e-a72a-52460c94a46f}"" instance of the ""\Microsoft\Windows\Workplace Join\Automatic-Device-Join"" task for user ""NT AUTHORITY\SYSTEM""."
"9/20/2026 4:36:32 AM","129","Information","Microsoft-Windows-TaskScheduler","Task Scheduler launch task ""\Microsoft\Windows\Workplace Join\Automatic-Device-Join"" , instance ""%SystemRoot%\System32\dsregcmd.exe""  with process ID 2616."
"9/20/2026 4:36:32 AM","108","Information","Microsoft-Windows-TaskScheduler","Task Scheduler launched ""{9fac0cae-08de-4f4e-a72a-52460c94a46f}""  instance of task ""\Microsoft\Windows\Workplace Join\Automatic-Device-Join""  according to an event trigger."
"9/20/2026 4:34:42 AM","102","Information","Microsoft-Windows-TaskScheduler","Task Scheduler successfully finished ""{340035d1-c69c-4f10-8635-2ee85759c1b7}"" instance of the ""\Scaffold\ScaffoldDeployEngine"" task for user ""NT AUTHORITY\SYSTEM""."
"9/20/2026 4:34:42 AM","201","Information","Microsoft-Windows-TaskScheduler","Task Scheduler successfully completed task ""\Scaffold\ScaffoldDeployEngine"" , instance ""{340035d1-c69c-4f10-8635-2ee85759c1b7}"" , action ""powershell.exe"" with return code 0."
"9/20/2026 4:34:41 AM","200","Information","Microsoft-Windows-TaskScheduler","Task Scheduler launched action ""powershell.exe"" in instance ""{340035d1-c69c-4f10-8635-2ee85759c1b7}"" of task ""\Scaffold\ScaffoldDeployEngine""."
"9/20/2026 4:34:41 AM","100","Information","Microsoft-Windows-TaskScheduler","Task Scheduler started ""{340035d1-c69c-4f10-8635-2ee85759c1b7}"" instance of the ""\Scaffold\ScaffoldDeployEngine"" task for user ""NT AUTHORITY\SYSTEM""."
"9/20/2026 4:34:41 AM","129","Information","Microsoft-Windows-TaskScheduler","Task Scheduler launch task ""\Scaffold\ScaffoldDeployEngine"" , instance ""powershell.exe""  with process ID 668."
"9/20/2026 4:34:41 AM","107","Information","Microsoft-Windows-TaskScheduler","Task Scheduler launched ""{340035d1-c69c-4f10-8635-2ee85759c1b7}""  instance of task ""\Scaffold\ScaffoldDeployEngine"" due to a time trigger condition."
"9/20/2026 4:32:43 AM","102","Information","Microsoft-Windows-TaskScheduler","Task Scheduler successfully finished ""{fdca16bb-6ab8-40e8-9ee3-e4e3e8906dcd}"" instance of the ""\Scaffold\ScaffoldDeployEngine"" task for user ""NT AUTHORITY\SYSTEM""."
"9/20/2026 4:32:43 AM","201","Information","Microsoft-Windows-TaskScheduler","Task Scheduler successfully completed task ""\Scaffold\ScaffoldDeployEngine"" , instance ""{fdca16bb-6ab8-40e8-9ee3-e4e3e8906dcd}"" , action ""powershell.exe"" with return code 0."
"9/20/2026 4:32:41 AM","200","Information","Microsoft-Windows-TaskScheduler","Task Scheduler launched action ""powershell.exe"" in instance ""{fdca16bb-6ab8-40e8-9ee3-e4e3e8906dcd}"" of task ""\Scaffold\ScaffoldDeployEngine""."
"9/20/2026 4:32:41 AM","100","Information","Microsoft-Windows-TaskScheduler","Task Scheduler started ""{fdca16bb-6ab8-40e8-9ee3-e4e3e8906dcd}"" instance of the ""\Scaffold\ScaffoldDeployEngine"" task for user ""NT AUTHORITY\SYSTEM""."
"9/20/2026 4:32:41 AM","129","Information","Microsoft-Windows-TaskScheduler","Task Scheduler launch task ""\Scaffold\ScaffoldDeployEngine"" , instance ""powershell.exe""  with process ID 2260."
"9/20/2026 4:32:41 AM","107","Information","Microsoft-Windows-TaskScheduler","Task Scheduler launched ""{fdca16bb-6ab8-40e8-9ee3-e4e3e8906dcd}""  instance of task ""\Scaffold\ScaffoldDeployEngine"" due to a time trigger condition."
"9/20/2026 4:30:43 AM","102","Information","Microsoft-Windows-TaskScheduler","Task Scheduler successfully finished ""{7ca2b98a-4190-40af-b056-b0ddcea7a013}"" instance of the ""\Scaffold\ScaffoldDeployEngine"" task for user ""NT AUTHORITY\SYSTEM""."
"9/20/2026 4:30:43 AM","201","Information","Microsoft-Windows-TaskScheduler","Task Scheduler successfully completed task ""\Scaffold\ScaffoldDeployEngine"" , instance ""{7ca2b98a-4190-40af-b056-b0ddcea7a013}"" , action ""powershell.exe"" with return code 0."
"9/20/2026 4:30:41 AM","200","Information","Microsoft-Windows-TaskScheduler","Task Scheduler launched action ""powershell.exe"" in instance ""{7ca2b98a-4190-40af-b056-b0ddcea7a013}"" of task ""\Scaffold\ScaffoldDeployEngine""."
"9/20/2026 4:30:41 AM","100","Information","Microsoft-Windows-TaskScheduler","Task Scheduler started ""{7ca2b98a-4190-40af-b056-b0ddcea7a013}"" instance of the ""\Scaffold\ScaffoldDeployEngine"" task for user ""NT AUTHORITY\SYSTEM""."
"9/20/2026 4:30:41 AM","129","Information","Microsoft-Windows-TaskScheduler","Task Scheduler launch task ""\Scaffold\ScaffoldDeployEngine"" , instance ""powershell.exe""  with process ID 1800."
"9/20/2026 4:30:41 AM","107","Information","Microsoft-Windows-TaskScheduler","Task Scheduler launched ""{7ca2b98a-4190-40af-b056-b0ddcea7a013}""  instance of task ""\Scaffold\ScaffoldDeployEngine"" due to a time trigger condition."
"9/20/2026 4:29:19 AM","102","Information","Microsoft-Windows-TaskScheduler","Task Scheduler successfully finished ""{b9c28ad6-f625-48d1-b6df-ef167a6db58e}"" instance of the ""\Microsoft\Windows\Time Zone\SynchronizeTimeZone"" task for user ""NT AUTHORITY\SYSTEM""."
"9/20/2026 4:29:19 AM","201","Information","Microsoft-Windows-TaskScheduler","Task Scheduler successfully completed task ""\Microsoft\Windows\Time Zone\SynchronizeTimeZone"" , instance ""{b9c28ad6-f625-48d1-b6df-ef167a6db58e}"" , action ""%windir%\system32\tzsync.exe"" with return code 0."
"9/20/2026 4:29:19 AM","102","Information","Microsoft-Windows-TaskScheduler","Task Scheduler successfully finished ""{4b90dac4-0011-4b92-a59c-05d8308b9f61}"" instance of the ""\Microsoft\Windows\ApplicationData\DsSvcCleanup"" task for user ""NT AUTHORITY\SYSTEM""."
"9/20/2026 4:29:19 AM","201","Information","Microsoft-Windows-TaskScheduler","Task Scheduler successfully completed task ""\Microsoft\Windows\ApplicationData\DsSvcCleanup"" , instance ""{4b90dac4-0011-4b92-a59c-05d8308b9f61}"" , action ""%windir%\system32\dstokenclean.exe"" with return code 0."
"9/20/2026 4:29:19 AM","102","Information","Microsoft-Windows-TaskScheduler","Task Scheduler successfully finished ""{b0fb3dc0-ee7e-436b-b354-71c3986a5eb0}"" instance of the ""\Microsoft\Windows\Defrag\ScheduledDefrag"" task for user ""NT AUTHORITY\SYSTEM""."
"9/20/2026 4:29:19 AM","201","Information","Microsoft-Windows-TaskScheduler","Task Scheduler successfully completed task ""\Microsoft\Windows\Defrag\ScheduledDefrag"" , instance ""{b0fb3dc0-ee7e-436b-b354-71c3986a5eb0}"" , action ""%windir%\system32\defrag.exe"" with return code 0."
"9/20/2026 4:29:19 AM","102","Information","Microsoft-Windows-TaskScheduler","Task Scheduler successfully finished ""{9b8ca420-442e-4e9d-bbd8-8f9dc605a4af}"" instance of the ""\Microsoft\Windows\Time Synchronization\SynchronizeTime"" task for user ""(NONE)""."
"9/20/2026 4:29:19 AM","201","Information","Microsoft-Windows-TaskScheduler","Task Scheduler successfully completed task ""\Microsoft\Windows\Time Synchronization\SynchronizeTime"" , instance ""{9b8ca420-442e-4e9d-bbd8-8f9dc605a4af}"" , action ""%windir%\system32\sc.exe"" with return code 2147943456."
"9/20/2026 4:29:19 AM","102","Information","Microsoft-Windows-TaskScheduler","Task Scheduler successfully finished ""{49723e8c-98a7-4eb1-ace9-0f484bb5ae4f}"" instance of the ""\Microsoft\Windows\StateRepository\MaintenanceTasks"" task for user ""NT AUTHORITY\SYSTEM""."
"9/20/2026 4:29:19 AM","201","Information","Microsoft-Windows-TaskScheduler","Task Scheduler successfully completed task ""\Microsoft\Windows\StateRepository\MaintenanceTasks"" , instance ""{49723e8c-98a7-4eb1-ace9-0f484bb5ae4f}"" , action ""%windir%\system32\rundll32.exe"" with return code 0."
"9/20/2026 4:29:19 AM","102","Information","Microsoft-Windows-TaskScheduler","Task Scheduler successfully finished ""{37e39be5-ed1b-4566-9426-19cb16af1989}"" instance of the ""\Microsoft\Windows\MUI\LPRemove"" task for user ""NT AUTHORITY\SYSTEM""."
