"5/26/2026 7:09:53 AM","2405","Information","Microsoft-Windows-ActiveDirectory_DomainService","This Active Directory Domain Services server does not support the ""Recycle Bin Feature"" optional feature."
"5/26/2026 7:09:53 AM","2120","Information","Microsoft-Windows-ActiveDirectory_DomainService","This Active Directory Domain Services server does not support the Recycle Bin. Deleted objects may be undeleted, however, when an object is undeleted, some attributes of that object may be lost.  Additionally, attributes of other objects that refer to the object being undeleted may also be lost."
"5/26/2026 7:09:53 AM","2208","Information","Microsoft-Windows-ActiveDirectory_DomainService","Active Directory Domain Services deleted DFSR databases to initialize SYSVOL replica during a non-authoritative restore. 
Active Directory detected that the virtual machine that hosts the domain controller was reverted to a previous state. Active Directory Domain Services needs to initialize a non-authoritative restore on the local SYSVOL replica. For DFSR, this is done by stopping the DFSR service, deleting DFSR databases, and re-starting the service. Upon restarting DFSR will rebuild the databases and start the initial sync."
"5/26/2026 7:09:53 AM","2179","Information","Microsoft-Windows-ActiveDirectory_DomainService","The msDS-GenerationId attribute of the Domain Controller's computer object has been set to the following parameter: 
 
GenerationID attribute:
3149889245066158878"
"5/26/2026 7:09:53 AM","1109","Information","Microsoft-Windows-ActiveDirectory_DomainService","The invocationID attribute for this directory server has been changed. The highest update sequence number at the time the backup was created is as follows: 
 
InvocationID attribute (old value):
9198a772-b6fc-4ab3-a892-8609ad17c8f3 
InvocationID attribute (new value):
e2ae00c5-d902-4248-9457-3c852739ede7 
Update sequence number:
135199 
 
The invocationID is changed when a directory server is restored from backup media, is configured to host a writeable application directory partition, has been resumed after a virtual machine snapshot has been applied, after a virtual machine import operation, or after a live migration operation. Virtualized domain controllers should not be restored using virtual machine snapshots. The supported method to restore or rollback the content of an Active Directory Domain Services database is to restore a system state backup made with an Active Directory Domain Services-aware backup application."
"5/26/2026 7:09:53 AM","2170","Warning","Microsoft-Windows-ActiveDirectory_DomainService","A Generation ID change has been detected. 
 
Generation ID cached in DS (old value):
15332508568834610484 
Generation ID currently in VM (new value):
3149889245066158878 
 
The Generation ID change occurs after the application of a virtual machine snapshot, after a virtual machine import operation or after a live migration operation. Active Directory Domain Services will create a new invocation ID to recover the domain controller. Virtualized domain controllers should not be restored using virtual machine snapshots. The supported method to restore or rollback the content of an Active Directory Domain Services database is to restore a system state backup made with an Active Directory Domain Services aware backup application."
"5/26/2026 7:09:53 AM","2172","Information","Microsoft-Windows-ActiveDirectory_DomainService","Read the msDS-GenerationId attribute of the Domain Controller's computer object. 
 
msDS-GenerationId attribute value:
15332508568834610484"
"5/26/2026 7:09:53 AM","2168","Information","Microsoft-Windows-ActiveDirectory_DomainService","The DC is running on a supported hypervisor. VM Generation ID is detected. 
 
Current value of VM Generation ID: 3149889245066158878"
"5/26/2026 7:09:53 AM","2406","Information","Microsoft-Windows-ActiveDirectory_DomainService","This Active Directory Domain Services server is disabling support for the ""Privileged Access Management Feature"" optional feature."
"5/26/2026 7:09:53 AM","2406","Information","Microsoft-Windows-ActiveDirectory_DomainService","This Active Directory Domain Services server is disabling support for the ""Recycle Bin Feature"" optional feature."
"5/26/2026 7:09:53 AM","2121","Information","Microsoft-Windows-ActiveDirectory_DomainService","This Active Directory Domain Services server is disabling the Recycle Bin. Deleted objects may not be undeleted at this time."
"5/26/2026 7:09:53 AM","3054","Warning","Microsoft-Windows-ActiveDirectory_DomainService","The directory has been configured to allow implicit owner privileges when initially setting or modifying the nTSecurityDescriptor attribute during LDAP add and modify operations. Warning events will be logged, but no requests will be blocked. 
 
This setting is not secure and should only be used as a temporary troubleshooting step. Please review the suggested mitigations in the link below. 
 
For more information, please see https://go.microsoft.com/fwlink/?linkid=2174032."
"5/26/2026 7:09:53 AM","3051","Warning","Microsoft-Windows-ActiveDirectory_DomainService","The directory has been configured to not enforce per-attribute authorization during LDAP add operations. Warning events will be logged, but no requests will be blocked. 
 
This setting is not secure and should only be used as a temporary troubleshooting step. Please review the suggested mitigations in the link below. 
 
For more information, please see https://go.microsoft.com/fwlink/?linkid=2174032."
"5/25/2026 8:56:45 AM","1004","Information","Microsoft-Windows-ActiveDirectory_DomainService","Active Directory Domain Services was shut down successfully."
"5/25/2026 8:56:44 AM","2179","Information","Microsoft-Windows-ActiveDirectory_DomainService","The msDS-GenerationId attribute of the Domain Controller's computer object has been set to the following parameter: 
 
GenerationID attribute:
15332508568834610484"
"5/25/2026 7:55:32 AM","1869","Information","Microsoft-Windows-ActiveDirectory_DomainService","Active Directory Domain Services has located a global catalog in the following site. 
 
Global catalog:
\\dc.scaffold.htb 
Site:
Default-First-Site-Name"
"5/25/2026 7:55:32 AM","3027","Information","Microsoft-Windows-ActiveDirectory_DomainService","Internal event: Online Defragment Start succeeded. 
 
Duration in seconds:3600 
"
"5/25/2026 7:55:32 AM","3033","Information","Microsoft-Windows-ActiveDirectory_DomainService","Internal event: Online Defragment Stop invoked but defrag was not running."
"5/25/2026 7:55:32 AM","701","Information","NTDS ISAM","NTDS (740,D,0) NTDSA: Online defragmentation has completed a full pass on database 'C:\Windows\NTDS\ntds.dit', freeing 0 pages. This pass started on 5/25/2026 and ran for a total of 0 seconds, requiring 1 invocations over 1 days. Since the database was created it has been fully defragmented 18 times."
"5/25/2026 7:55:32 AM","700","Information","NTDS ISAM","NTDS (740,D,0) NTDSA: Online defragmentation is beginning a full pass on database 'C:\Windows\NTDS\ntds.dit'."
"5/25/2026 7:55:32 AM","330","Information","NTDS ISAM","NTDS (740,D,2) NTDSA: The database [C:\Windows\NTDS\temp.edb] format version is being held back to 8920 (0x22d8) due to application parameter setting of 0x22D8 (8920). Current default engine version: 9360 (0x2490)."
"5/25/2026 7:55:32 AM","326","Information","NTDS ISAM","NTDS (740,D,50) NTDSA: The database engine attached a database (1, C:\Windows\NTDS\ntds.dit). (Time=0 seconds) 
 
Saved Cache: 0 0 
Additional Data: lgposAttach = 00000003:006F:0268,
dbv = 1568.20.0 (8920) 
 
Internal Timing Sequence: 
[1] 0.000003 +J(0) +M(C:0K, Fs:1, WS:4K # 0K, PF:0K # 0K, P:0K)
[2] 0.000225 -0.000120 (1) WT +J(0) +M(C:0K, Fs:19, WS:12K # 0K, PF:8K # 0K, P:8K)
[3] 0.003351 -0.001768 (6) WT +J(CM:0, PgRf:0, Rd:0/0, Dy:0/0, Lg:3480/2) +M(C:0K, Fs:19, WS:60K # 0K, PF:136K # 0K, P:136K)
[4] 0.000068 +J(0)
[5] -
[6] -
[7] -
[8] 0.001301 -0.000256 (2) CM -0.000161 (2) WT +J(CM:2, PgRf:2, Rd:4/2, Dy:0/0, Lg:0/0) +M(C:32K, Fs:44, WS:168K # 0K, PF:232K # 0K, P:232K)
[9] 0.000960 -0.000770 (5) CM -0.000584 (5) WT +J(CM:5, PgRf:24, Rd:0/5, Dy:0/0, Lg:0/0) +M(C:-24K, Fs:31, WS:100K # 0K, PF:176K # 0K, P:176K)
[10] 0.000556 -0.000430 (3) CM -0.000290 (3) WT +J(CM:3, PgRf:40, Rd:0/3, Dy:0/0, Lg:0/0) +M(C:-4K, Fs:5, WS:12K # 0K, PF:60K # 0K, P:60K)
[11] 0.000008 +J(CM:0, PgRf:1, Rd:0/0, Dy:0/0, Lg:0/0) +M(C:0K, Fs:4, WS:16K # 0K, PF:0K # 0K, P:0K)
[12] 0.000025 +J(CM:0, PgRf:48, Rd:0/0, Dy:0/0, Lg:0/0) +M(C:0K, Fs:3, WS:12K # 0K, PF:4K # 0K, P:4K)
[13] 0.0 +J(0)
[14] 0.0 +J(0)
[15] 0.000001 +J(CM:0, PgRf:1, Rd:0/0, Dy:0/0, Lg:0/0)."
"5/25/2026 7:55:32 AM","330","Information","NTDS ISAM","NTDS (740,D,50) NTDSA: The database [C:\Windows\NTDS\ntds.dit] format version is being held back to 8920 (0x22d8) due to application parameter setting of 0x22D8 (8920). Current default engine version: 9360 (0x2490)."
"5/25/2026 7:55:32 AM","105","Information","NTDS ISAM","NTDS (740,D,0) NTDSA: The database engine started a new instance (0). (Time=0 seconds) 
 
Additional Data:
  
 
Internal Timing Sequence: 
[1] 0.000460 +J(0) +M(C:0K, Fs:106, WS:396K # 0K, PF:3372K # 340K, P:3372K)
[2] 0.000432 +J(0) +M(C:16K, Fs:131, WS:516K # 300K, PF:320K # 320K, P:320K)
[3] 0.000421 +J(0) +M(C:0K, Fs:6, WS:20K # 20K, PF:68K # 68K, P:68K)
[4] 0.003864 -0.000137 (1) WT +J(0) +M(C:0K, Fs:125, WS:428K # 428K, PF:5196K # 5196K, P:5196K)
[5] 0.000279 +J(0) +M(C:0K, Fs:3, WS:12K # 12K, PF:8K # 8K, P:8K)
[6] 0.001550 +J(0) +M(C:0K, Fs:23, WS:92K # 92K, PF:24K # 24K, P:24K)
[7] 0.013265 -0.009007 (21) WT +J(0) +M(C:0K, Fs:2579, WS:10296K # 10296K, PF:10260K # 10260K, P:10260K)
[8] -
[9] -
[10] -
[11] -
[12] -
[13] 0.012295 -0.007732 (22) WT +J(CM:0, PgRf:0, Rd:0/0, Dy:0/0, Lg:616/1) +M(C:0K, Fs:8, WS:-10216K # 24K, PF:-10256K # 12K, P:-10256K)
[14] 0.000012 +J(0)
[15] 0.000136 +J(0) +M(C:0K, Fs:206, WS:820K # 0K, PF:68K # 0K, P:68K)
[16] 0.000255 -0.000124 (1) WT +J(0) +M(C:0K, Fs:3, WS:4K # 0K, PF:0K # 0K, P:0K)."
"5/25/2026 7:55:32 AM","102","Information","NTDS ISAM","NTDS (740,P,98) NTDSA: The database engine (10.00.20348.0000) is starting a new instance (0)."
"5/25/2026 7:41:02 AM","1394","Information","Microsoft-Windows-ActiveDirectory_DomainService","All problems preventing updates to the Active Directory Domain Services database have been cleared. New updates to the Active Directory Domain Services database are succeeding. The Net Logon service has restarted."
"5/25/2026 7:40:32 AM","1000","Information","Microsoft-Windows-ActiveDirectory_DomainService","Microsoft Active Directory Domain Services startup complete"
"5/25/2026 7:40:32 AM","3041","Warning","Microsoft-Windows-ActiveDirectory_DomainService","The security of this directory server can be significantly enhanced by configuring the server to enforce  validation of Channel Binding Tokens received in LDAP bind requests sent over LDAPS connections. Even if  no clients are issuing LDAP bind requests over LDAPS, configuring the server to validate Channel Binding  Tokens will improve the security of this server. 
 
For more details and information on how to make this configuration change to the server, please see https://go.microsoft.com/fwlink/?linkid=2102405."
"5/25/2026 7:40:32 AM","2886","Warning","Microsoft-Windows-ActiveDirectory_DomainService","The security of this directory server can be significantly enhanced by configuring the server to reject SASL (Negotiate, Kerberos, NTLM, or Digest) LDAP binds that do not request signing (integrity verification) and LDAP simple binds that are performed on a clear text (non-SSL/TLS-encrypted) connection.  Even if no clients are using such binds, configuring the server to reject them will improve the security of this server. 
 
Some clients may currently be relying on unsigned SASL binds or LDAP simple binds over a non-SSL/TLS connection, and will stop working if this configuration change is made.  To assist in identifying these clients, if such binds occur this directory server will log a summary event once every 24 hours indicating how many such binds occurred.  You are encouraged to configure those clients to not use such binds.  Once no such events are observed for an extended period, it is recommended that you configure the server to reject such binds. 
 
For more details and information on how to make this configuration change to the server, please see http://go.microsoft.com/fwlink/?LinkID=87923. 
 
You can enable additional logging to log an event each time a client makes such a bind, including information on which client made the bind.  To do so, please raise the setting for the ""LDAP Interface Events"" event logging category to level 2 or higher."
"5/25/2026 7:40:22 AM","2405","Information","Microsoft-Windows-ActiveDirectory_DomainService","This Active Directory Domain Services server does not support the ""Privileged Access Management Feature"" optional feature."
"5/25/2026 7:40:22 AM","2405","Information","Microsoft-Windows-ActiveDirectory_DomainService","This Active Directory Domain Services server does not support the ""Recycle Bin Feature"" optional feature."
"5/25/2026 7:40:22 AM","2120","Information","Microsoft-Windows-ActiveDirectory_DomainService","This Active Directory Domain Services server does not support the Recycle Bin. Deleted objects may be undeleted, however, when an object is undeleted, some attributes of that object may be lost.  Additionally, attributes of other objects that refer to the object being undeleted may also be lost."
"5/25/2026 7:40:22 AM","2208","Information","Microsoft-Windows-ActiveDirectory_DomainService","Active Directory Domain Services deleted DFSR databases to initialize SYSVOL replica during a non-authoritative restore. 
Active Directory detected that the virtual machine that hosts the domain controller was reverted to a previous state. Active Directory Domain Services needs to initialize a non-authoritative restore on the local SYSVOL replica. For DFSR, this is done by stopping the DFSR service, deleting DFSR databases, and re-starting the service. Upon restarting DFSR will rebuild the databases and start the initial sync."
"5/25/2026 7:40:22 AM","2179","Information","Microsoft-Windows-ActiveDirectory_DomainService","The msDS-GenerationId attribute of the Domain Controller's computer object has been set to the following parameter: 
 
GenerationID attribute:
15332508568834610484"
"5/25/2026 7:40:22 AM","1109","Information","Microsoft-Windows-ActiveDirectory_DomainService","The invocationID attribute for this directory server has been changed. The highest update sequence number at the time the backup was created is as follows: 
 
InvocationID attribute (old value):
fcc1980d-6e57-4010-b4d1-13c5d416ac9d 
InvocationID attribute (new value):
9198a772-b6fc-4ab3-a892-8609ad17c8f3 
Update sequence number:
131102 
 
The invocationID is changed when a directory server is restored from backup media, is configured to host a writeable application directory partition, has been resumed after a virtual machine snapshot has been applied, after a virtual machine import operation, or after a live migration operation. Virtualized domain controllers should not be restored using virtual machine snapshots. The supported method to restore or rollback the content of an Active Directory Domain Services database is to restore a system state backup made with an Active Directory Domain Services-aware backup application."
"5/25/2026 7:40:22 AM","2170","Warning","Microsoft-Windows-ActiveDirectory_DomainService","A Generation ID change has been detected. 
 
Generation ID cached in DS (old value):
5393941936346587461 
Generation ID currently in VM (new value):
15332508568834610484 
 
The Generation ID change occurs after the application of a virtual machine snapshot, after a virtual machine import operation or after a live migration operation. Active Directory Domain Services will create a new invocation ID to recover the domain controller. Virtualized domain controllers should not be restored using virtual machine snapshots. The supported method to restore or rollback the content of an Active Directory Domain Services database is to restore a system state backup made with an Active Directory Domain Services aware backup application."
"5/25/2026 7:40:22 AM","2172","Information","Microsoft-Windows-ActiveDirectory_DomainService","Read the msDS-GenerationId attribute of the Domain Controller's computer object. 
 
msDS-GenerationId attribute value:
5393941936346587461"
"5/25/2026 7:40:22 AM","2168","Information","Microsoft-Windows-ActiveDirectory_DomainService","The DC is running on a supported hypervisor. VM Generation ID is detected. 
 
Current value of VM Generation ID: 15332508568834610484"
"5/25/2026 7:40:22 AM","2406","Information","Microsoft-Windows-ActiveDirectory_DomainService","This Active Directory Domain Services server is disabling support for the ""Privileged Access Management Feature"" optional feature."
"5/25/2026 7:40:22 AM","2406","Information","Microsoft-Windows-ActiveDirectory_DomainService","This Active Directory Domain Services server is disabling support for the ""Recycle Bin Feature"" optional feature."
"5/25/2026 7:40:22 AM","2121","Information","Microsoft-Windows-ActiveDirectory_DomainService","This Active Directory Domain Services server is disabling the Recycle Bin. Deleted objects may not be undeleted at this time."
"5/25/2026 7:40:22 AM","3054","Warning","Microsoft-Windows-ActiveDirectory_DomainService","The directory has been configured to allow implicit owner privileges when initially setting or modifying the nTSecurityDescriptor attribute during LDAP add and modify operations. Warning events will be logged, but no requests will be blocked. 
 
This setting is not secure and should only be used as a temporary troubleshooting step. Please review the suggested mitigations in the link below. 
 
For more information, please see https://go.microsoft.com/fwlink/?linkid=2174032."
"5/25/2026 7:40:22 AM","3051","Warning","Microsoft-Windows-ActiveDirectory_DomainService","The directory has been configured to not enforce per-attribute authorization during LDAP add operations. Warning events will be logged, but no requests will be blocked. 
 
This setting is not secure and should only be used as a temporary troubleshooting step. Please review the suggested mitigations in the link below. 
 
For more information, please see https://go.microsoft.com/fwlink/?linkid=2174032."
"5/24/2026 3:56:04 PM","1004","Information","Microsoft-Windows-ActiveDirectory_DomainService","Active Directory Domain Services was shut down successfully."
"5/24/2026 3:56:03 PM","2179","Information","Microsoft-Windows-ActiveDirectory_DomainService","The msDS-GenerationId attribute of the Domain Controller's computer object has been set to the following parameter: 
 
GenerationID attribute:
5393941936346587461"
"5/24/2026 3:24:50 PM","1869","Information","Microsoft-Windows-ActiveDirectory_DomainService","Active Directory Domain Services has located a global catalog in the following site. 
 
Global catalog:
\\dc.scaffold.htb 
Site:
Default-First-Site-Name"
"5/24/2026 3:24:50 PM","3027","Information","Microsoft-Windows-ActiveDirectory_DomainService","Internal event: Online Defragment Start succeeded. 
 
Duration in seconds:3600 
"
"5/24/2026 3:24:50 PM","3033","Information","Microsoft-Windows-ActiveDirectory_DomainService","Internal event: Online Defragment Stop invoked but defrag was not running."
"5/24/2026 3:24:50 PM","701","Information","NTDS ISAM","NTDS (748,D,0) NTDSA: Online defragmentation has completed a full pass on database 'C:\Windows\NTDS\ntds.dit', freeing 1 pages. This pass started on 5/24/2026 and ran for a total of 0 seconds, requiring 1 invocations over 1 days. Since the database was created it has been fully defragmented 17 times."
"5/24/2026 3:24:50 PM","700","Information","NTDS ISAM","NTDS (748,D,0) NTDSA: Online defragmentation is beginning a full pass on database 'C:\Windows\NTDS\ntds.dit'."
"5/24/2026 3:24:50 PM","330","Information","NTDS ISAM","NTDS (748,D,2) NTDSA: The database [C:\Windows\NTDS\temp.edb] format version is being held back to 8920 (0x22d8) due to application parameter setting of 0x22D8 (8920). Current default engine version: 9360 (0x2490)."
"5/24/2026 3:24:50 PM","326","Information","NTDS ISAM","NTDS (748,D,50) NTDSA: The database engine attached a database (1, C:\Windows\NTDS\ntds.dit). (Time=0 seconds) 
 
Saved Cache: 0 0 
Additional Data: lgposAttach = 00000003:0022:0268,
dbv = 1568.20.0 (8920) 
 
Internal Timing Sequence: 
[1] 0.000005 +J(0) +M(C:0K, Fs:1, WS:4K # 0K, PF:0K # 0K, P:0K)
[2] 0.000324 -0.000144 (1) WT +J(0) +M(C:0K, Fs:19, WS:12K # 0K, PF:8K # 0K, P:8K)
[3] 0.003877 -0.001586 (6) WT +J(CM:0, PgRf:0, Rd:0/0, Dy:0/0, Lg:3480/2) +M(C:0K, Fs:20, WS:68K # 0K, PF:136K # 0K, P:136K)
[4] 0.000068 +J(0)
[5] -
[6] -
[7] -
[8] 0.002837 -0.000542 (2) CM -0.000406 (2) WT +J(CM:2, PgRf:2, Rd:4/2, Dy:0/0, Lg:0/0) +M(C:32K, Fs:46, WS:172K # 0K, PF:240K # 0K, P:240K)
[9] 0.001041 -0.000794 (5) CM -0.000627 (5) WT +J(CM:5, PgRf:24, Rd:0/5, Dy:0/0, Lg:0/0) +M(C:-24K, Fs:32, WS:104K # 0K, PF:180K # 0K, P:180K)
[10] 0.000517 -0.000380 (3) CM -0.000278 (3) WT +J(CM:3, PgRf:40, Rd:0/3, Dy:0/0, Lg:0/0) +M(C:-4K, Fs:5, WS:12K # 0K, PF:60K # 0K, P:60K)
[11] 0.000020 +J(CM:0, PgRf:1, Rd:0/0, Dy:0/0, Lg:0/0) +M(C:0K, Fs:4, WS:16K # 0K, PF:0K # 0K, P:0K)
[12] 0.000035 +J(CM:0, PgRf:48, Rd:0/0, Dy:0/0, Lg:0/0) +M(C:0K, Fs:2, WS:8K # 0K, PF:0K # 0K, P:0K)
[13] 0.000001 +J(0)
[14] 0.0 +J(0)
[15] 0.000004 +J(CM:0, PgRf:1, Rd:0/0, Dy:0/0, Lg:0/0)."
"5/24/2026 3:24:50 PM","330","Information","NTDS ISAM","NTDS (748,D,50) NTDSA: The database [C:\Windows\NTDS\ntds.dit] format version is being held back to 8920 (0x22d8) due to application parameter setting of 0x22D8 (8920). Current default engine version: 9360 (0x2490)."
"5/24/2026 3:24:50 PM","105","Information","NTDS ISAM","NTDS (748,D,0) NTDSA: The database engine started a new instance (0). (Time=0 seconds) 
 
Additional Data:
  
 
Internal Timing Sequence: 
[1] 0.000573 +J(0) +M(C:0K, Fs:150, WS:572K # 0K, PF:3392K # 356K, P:3392K)
[2] 0.000824 +J(0) +M(C:16K, Fs:89, WS:348K # 304K, PF:308K # 308K, P:308K)
[3] 0.000528 +J(0) +M(C:0K, Fs:5, WS:20K # 20K, PF:64K # 64K, P:64K)
[4] 0.006253 -0.000102 (1) WT +J(0) +M(C:0K, Fs:127, WS:428K # 428K, PF:5204K # 5204K, P:5204K)
[5] 0.000500 +J(0) +M(C:0K, Fs:3, WS:12K # 12K, PF:8K # 8K, P:8K)
[6] 0.002240 +J(0) +M(C:0K, Fs:22, WS:88K # 88K, PF:20K # 20K, P:20K)
[7] 0.026383 -0.020122 (21) WT +J(0) +M(C:0K, Fs:2579, WS:10296K # 10296K, PF:10260K # 10260K, P:10260K)
[8] -
[9] -
[10] -
[11] -
[12] -
[13] 0.013255 -0.007034 (22) WT +J(CM:0, PgRf:0, Rd:0/0, Dy:0/0, Lg:616/1) +M(C:0K, Fs:8, WS:-10216K # 24K, PF:-10256K # 12K, P:-10256K)
[14] 0.000015 +J(0)
[15] 0.000158 +J(0) +M(C:0K, Fs:206, WS:820K # 0K, PF:68K # 0K, P:68K)
[16] 0.000304 -0.000134 (1) WT +J(0) +M(C:0K, Fs:3, WS:4K # 0K, PF:0K # 0K, P:0K)."
"5/24/2026 3:24:50 PM","102","Information","NTDS ISAM","NTDS (748,P,98) NTDSA: The database engine (10.00.20348.0000) is starting a new instance (0)."
"5/24/2026 3:10:20 PM","1394","Information","Microsoft-Windows-ActiveDirectory_DomainService","All problems preventing updates to the Active Directory Domain Services database have been cleared. New updates to the Active Directory Domain Services database are succeeding. The Net Logon service has restarted."
"5/24/2026 3:09:50 PM","1000","Information","Microsoft-Windows-ActiveDirectory_DomainService","Microsoft Active Directory Domain Services startup complete"
"5/24/2026 3:09:50 PM","3041","Warning","Microsoft-Windows-ActiveDirectory_DomainService","The security of this directory server can be significantly enhanced by configuring the server to enforce  validation of Channel Binding Tokens received in LDAP bind requests sent over LDAPS connections. Even if  no clients are issuing LDAP bind requests over LDAPS, configuring the server to validate Channel Binding  Tokens will improve the security of this server. 
 
For more details and information on how to make this configuration change to the server, please see https://go.microsoft.com/fwlink/?linkid=2102405."
"5/24/2026 3:09:50 PM","2886","Warning","Microsoft-Windows-ActiveDirectory_DomainService","The security of this directory server can be significantly enhanced by configuring the server to reject SASL (Negotiate, Kerberos, NTLM, or Digest) LDAP binds that do not request signing (integrity verification) and LDAP simple binds that are performed on a clear text (non-SSL/TLS-encrypted) connection.  Even if no clients are using such binds, configuring the server to reject them will improve the security of this server. 
 
Some clients may currently be relying on unsigned SASL binds or LDAP simple binds over a non-SSL/TLS connection, and will stop working if this configuration change is made.  To assist in identifying these clients, if such binds occur this directory server will log a summary event once every 24 hours indicating how many such binds occurred.  You are encouraged to configure those clients to not use such binds.  Once no such events are observed for an extended period, it is recommended that you configure the server to reject such binds. 
 
For more details and information on how to make this configuration change to the server, please see http://go.microsoft.com/fwlink/?LinkID=87923. 
 
You can enable additional logging to log an event each time a client makes such a bind, including information on which client made the bind.  To do so, please raise the setting for the ""LDAP Interface Events"" event logging category to level 2 or higher."
"5/24/2026 3:09:40 PM","2405","Information","Microsoft-Windows-ActiveDirectory_DomainService","This Active Directory Domain Services server does not support the ""Privileged Access Management Feature"" optional feature."
"5/24/2026 3:09:40 PM","2405","Information","Microsoft-Windows-ActiveDirectory_DomainService","This Active Directory Domain Services server does not support the ""Recycle Bin Feature"" optional feature."
"5/24/2026 3:09:40 PM","2120","Information","Microsoft-Windows-ActiveDirectory_DomainService","This Active Directory Domain Services server does not support the Recycle Bin. Deleted objects may be undeleted, however, when an object is undeleted, some attributes of that object may be lost.  Additionally, attributes of other objects that refer to the object being undeleted may also be lost."
"5/24/2026 3:09:40 PM","2208","Information","Microsoft-Windows-ActiveDirectory_DomainService","Active Directory Domain Services deleted DFSR databases to initialize SYSVOL replica during a non-authoritative restore. 
Active Directory detected that the virtual machine that hosts the domain controller was reverted to a previous state. Active Directory Domain Services needs to initialize a non-authoritative restore on the local SYSVOL replica. For DFSR, this is done by stopping the DFSR service, deleting DFSR databases, and re-starting the service. Upon restarting DFSR will rebuild the databases and start the initial sync."
"5/24/2026 3:09:40 PM","2179","Information","Microsoft-Windows-ActiveDirectory_DomainService","The msDS-GenerationId attribute of the Domain Controller's computer object has been set to the following parameter: 
 
GenerationID attribute:
5393941936346587461"
"5/24/2026 3:09:40 PM","1109","Information","Microsoft-Windows-ActiveDirectory_DomainService","The invocationID attribute for this directory server has been changed. The highest update sequence number at the time the backup was created is as follows: 
 
InvocationID attribute (old value):
fc208aa6-c048-4e80-8aec-774553ba5a4c 
InvocationID attribute (new value):
fcc1980d-6e57-4010-b4d1-13c5d416ac9d 
Update sequence number:
127005 
 
The invocationID is changed when a directory server is restored from backup media, is configured to host a writeable application directory partition, has been resumed after a virtual machine snapshot has been applied, after a virtual machine import operation, or after a live migration operation. Virtualized domain controllers should not be restored using virtual machine snapshots. The supported method to restore or rollback the content of an Active Directory Domain Services database is to restore a system state backup made with an Active Directory Domain Services-aware backup application."
"5/24/2026 3:09:40 PM","2170","Warning","Microsoft-Windows-ActiveDirectory_DomainService","A Generation ID change has been detected. 
 
Generation ID cached in DS (old value):
15019505282635490399 
Generation ID currently in VM (new value):
5393941936346587461 
 
The Generation ID change occurs after the application of a virtual machine snapshot, after a virtual machine import operation or after a live migration operation. Active Directory Domain Services will create a new invocation ID to recover the domain controller. Virtualized domain controllers should not be restored using virtual machine snapshots. The supported method to restore or rollback the content of an Active Directory Domain Services database is to restore a system state backup made with an Active Directory Domain Services aware backup application."
"5/24/2026 3:09:40 PM","2172","Information","Microsoft-Windows-ActiveDirectory_DomainService","Read the msDS-GenerationId attribute of the Domain Controller's computer object. 
 
msDS-GenerationId attribute value:
15019505282635490399"
"5/24/2026 3:09:40 PM","2168","Information","Microsoft-Windows-ActiveDirectory_DomainService","The DC is running on a supported hypervisor. VM Generation ID is detected. 
 
Current value of VM Generation ID: 5393941936346587461"
"5/24/2026 3:09:40 PM","2406","Information","Microsoft-Windows-ActiveDirectory_DomainService","This Active Directory Domain Services server is disabling support for the ""Privileged Access Management Feature"" optional feature."
"5/24/2026 3:09:40 PM","2406","Information","Microsoft-Windows-ActiveDirectory_DomainService","This Active Directory Domain Services server is disabling support for the ""Recycle Bin Feature"" optional feature."
"5/24/2026 3:09:40 PM","2121","Information","Microsoft-Windows-ActiveDirectory_DomainService","This Active Directory Domain Services server is disabling the Recycle Bin. Deleted objects may not be undeleted at this time."
"5/24/2026 3:09:40 PM","3054","Warning","Microsoft-Windows-ActiveDirectory_DomainService","The directory has been configured to allow implicit owner privileges when initially setting or modifying the nTSecurityDescriptor attribute during LDAP add and modify operations. Warning events will be logged, but no requests will be blocked. 
 
This setting is not secure and should only be used as a temporary troubleshooting step. Please review the suggested mitigations in the link below. 
 
For more information, please see https://go.microsoft.com/fwlink/?linkid=2174032."
"5/24/2026 3:09:40 PM","3051","Warning","Microsoft-Windows-ActiveDirectory_DomainService","The directory has been configured to not enforce per-attribute authorization during LDAP add operations. Warning events will be logged, but no requests will be blocked. 
 
This setting is not secure and should only be used as a temporary troubleshooting step. Please review the suggested mitigations in the link below. 
 
For more information, please see https://go.microsoft.com/fwlink/?linkid=2174032."
"5/24/2026 9:30:27 AM","1004","Information","Microsoft-Windows-ActiveDirectory_DomainService","Active Directory Domain Services was shut down successfully."
"5/24/2026 9:30:25 AM","2179","Information","Microsoft-Windows-ActiveDirectory_DomainService","The msDS-GenerationId attribute of the Domain Controller's computer object has been set to the following parameter: 
 
GenerationID attribute:
15019505282635490399"
"5/24/2026 8:47:17 AM","1869","Information","Microsoft-Windows-ActiveDirectory_DomainService","Active Directory Domain Services has located a global catalog in the following site. 
 
Global catalog:
\\dc.scaffold.htb 
Site:
Default-First-Site-Name"
"5/24/2026 8:47:17 AM","3027","Information","Microsoft-Windows-ActiveDirectory_DomainService","Internal event: Online Defragment Start succeeded. 
 
Duration in seconds:3600 
"
"5/24/2026 8:47:17 AM","3033","Information","Microsoft-Windows-ActiveDirectory_DomainService","Internal event: Online Defragment Stop invoked but defrag was not running."
"5/24/2026 8:47:17 AM","701","Information","NTDS ISAM","NTDS (756,D,0) NTDSA: Online defragmentation has completed a full pass on database 'C:\Windows\NTDS\ntds.dit', freeing 1 pages. This pass started on 5/24/2026 and ran for a total of 0 seconds, requiring 1 invocations over 1 days. Since the database was created it has been fully defragmented 16 times."
"5/24/2026 8:47:17 AM","700","Information","NTDS ISAM","NTDS (756,D,0) NTDSA: Online defragmentation is beginning a full pass on database 'C:\Windows\NTDS\ntds.dit'."
"5/24/2026 8:47:17 AM","330","Information","NTDS ISAM","NTDS (756,D,2) NTDSA: The database [C:\Windows\NTDS\temp.edb] format version is being held back to 8920 (0x22d8) due to application parameter setting of 0x22D8 (8920). Current default engine version: 9360 (0x2490)."
"5/24/2026 8:47:17 AM","326","Information","NTDS ISAM","NTDS (756,D,50) NTDSA: The database engine attached a database (1, C:\Windows\NTDS\ntds.dit). (Time=0 seconds) 
 
Saved Cache: 0 0 
Additional Data: lgposAttach = 00000002:09DF:0268,
dbv = 1568.20.0 (8920) 
 
Internal Timing Sequence: 
[1] 0.000002 +J(0) +M(C:0K, Fs:1, WS:4K # 0K, PF:0K # 0K, P:0K)
[2] 0.000214 -0.000125 (1) WT +J(0) +M(C:0K, Fs:19, WS:12K # 0K, PF:8K # 0K, P:8K)
[3] 0.001932 -0.000825 (6) WT +J(CM:0, PgRf:0, Rd:0/0, Dy:0/0, Lg:3480/2) +M(C:0K, Fs:19, WS:64K # 0K, PF:136K # 0K, P:136K)
[4] 0.000076 +J(0)
[5] -
[6] -
[7] -
[8] 0.001076 -0.000229 (2) CM -0.000128 (2) WT +J(CM:2, PgRf:2, Rd:4/2, Dy:0/0, Lg:0/0) +M(C:32K, Fs:45, WS:172K # 0K, PF:236K # 0K, P:236K)
[9] 0.000624 -0.000442 (5) CM -0.000308 (5) WT +J(CM:5, PgRf:24, Rd:0/5, Dy:0/0, Lg:0/0) +M(C:-24K, Fs:33, WS:104K # 0K, PF:184K # 0K, P:184K)
[10] 0.000499 -0.000336 (3) CM -0.000184 (3) WT +J(CM:3, PgRf:40, Rd:0/3, Dy:0/0, Lg:0/0) +M(C:-4K, Fs:5, WS:12K # 0K, PF:60K # 0K, P:60K)
[11] 0.000017 +J(CM:0, PgRf:1, Rd:0/0, Dy:0/0, Lg:0/0) +M(C:0K, Fs:4, WS:16K # 0K, PF:0K # 0K, P:0K)
[12] 0.000034 +J(CM:0, PgRf:48, Rd:0/0, Dy:0/0, Lg:0/0) +M(C:0K, Fs:2, WS:8K # 0K, PF:0K # 0K, P:0K)
[13] 0.000001 +J(0)
[14] 0.0 +J(0)
[15] 0.000003 +J(CM:0, PgRf:1, Rd:0/0, Dy:0/0, Lg:0/0)."
"5/24/2026 8:47:17 AM","330","Information","NTDS ISAM","NTDS (756,D,50) NTDSA: The database [C:\Windows\NTDS\ntds.dit] format version is being held back to 8920 (0x22d8) due to application parameter setting of 0x22D8 (8920). Current default engine version: 9360 (0x2490)."
"5/24/2026 8:47:17 AM","105","Information","NTDS ISAM","NTDS (756,D,0) NTDSA: The database engine started a new instance (0). (Time=0 seconds) 
 
Additional Data:
  
 
Internal Timing Sequence: 
[1] 0.000701 +J(0) +M(C:0K, Fs:143, WS:544K # 0K, PF:3364K # 356K, P:3364K)
[2] 0.000487 +J(0) +M(C:16K, Fs:92, WS:356K # 312K, PF:320K # 320K, P:320K)
[3] 0.000209 +J(0) +M(C:0K, Fs:5, WS:20K # 20K, PF:64K # 64K, P:64K)
[4] 0.004301 -0.000143 (1) WT +J(0) +M(C:0K, Fs:127, WS:432K # 432K, PF:5208K # 5208K, P:5208K)
[5] 0.000458 +J(0) +M(C:0K, Fs:4, WS:16K # 16K, PF:12K # 12K, P:12K)
[6] 0.001242 +J(0) +M(C:0K, Fs:20, WS:80K # 80K, PF:12K # 12K, P:12K)
[7] 0.011871 -0.007545 (21) WT +J(0) +M(C:0K, Fs:2579, WS:10296K # 10296K, PF:10260K # 10260K, P:10260K)
[8] -
[9] -
[10] -
[11] -
[12] -
[13] 0.010272 -0.006351 (22) WT +J(CM:0, PgRf:0, Rd:0/0, Dy:0/0, Lg:616/1) +M(C:0K, Fs:8, WS:-10216K # 24K, PF:-10256K # 12K, P:-10256K)
[14] 0.000010 +J(0)
[15] 0.000120 +J(0) +M(C:0K, Fs:205, WS:820K # 0K, PF:64K # 0K, P:64K)
[16] 0.000201 -0.000091 (1) WT +J(0) +M(C:0K, Fs:4, WS:8K # 0K, PF:4K # 0K, P:4K)."
"5/24/2026 8:47:17 AM","102","Information","NTDS ISAM","NTDS (756,P,98) NTDSA: The database engine (10.00.20348.0000) is starting a new instance (0)."
"5/24/2026 8:32:47 AM","1394","Information","Microsoft-Windows-ActiveDirectory_DomainService","All problems preventing updates to the Active Directory Domain Services database have been cleared. New updates to the Active Directory Domain Services database are succeeding. The Net Logon service has restarted."
"5/24/2026 8:32:17 AM","1000","Information","Microsoft-Windows-ActiveDirectory_DomainService","Microsoft Active Directory Domain Services startup complete"
"5/24/2026 8:32:17 AM","3041","Warning","Microsoft-Windows-ActiveDirectory_DomainService","The security of this directory server can be significantly enhanced by configuring the server to enforce  validation of Channel Binding Tokens received in LDAP bind requests sent over LDAPS connections. Even if  no clients are issuing LDAP bind requests over LDAPS, configuring the server to validate Channel Binding  Tokens will improve the security of this server. 
 
For more details and information on how to make this configuration change to the server, please see https://go.microsoft.com/fwlink/?linkid=2102405."
"5/24/2026 8:32:17 AM","2886","Warning","Microsoft-Windows-ActiveDirectory_DomainService","The security of this directory server can be significantly enhanced by configuring the server to reject SASL (Negotiate, Kerberos, NTLM, or Digest) LDAP binds that do not request signing (integrity verification) and LDAP simple binds that are performed on a clear text (non-SSL/TLS-encrypted) connection.  Even if no clients are using such binds, configuring the server to reject them will improve the security of this server. 
 
Some clients may currently be relying on unsigned SASL binds or LDAP simple binds over a non-SSL/TLS connection, and will stop working if this configuration change is made.  To assist in identifying these clients, if such binds occur this directory server will log a summary event once every 24 hours indicating how many such binds occurred.  You are encouraged to configure those clients to not use such binds.  Once no such events are observed for an extended period, it is recommended that you configure the server to reject such binds. 
 
For more details and information on how to make this configuration change to the server, please see http://go.microsoft.com/fwlink/?LinkID=87923. 
 
You can enable additional logging to log an event each time a client makes such a bind, including information on which client made the bind.  To do so, please raise the setting for the ""LDAP Interface Events"" event logging category to level 2 or higher."
"5/24/2026 8:32:07 AM","2405","Information","Microsoft-Windows-ActiveDirectory_DomainService","This Active Directory Domain Services server does not support the ""Privileged Access Management Feature"" optional feature."
"5/24/2026 8:32:07 AM","2405","Information","Microsoft-Windows-ActiveDirectory_DomainService","This Active Directory Domain Services server does not support the ""Recycle Bin Feature"" optional feature."
"5/24/2026 8:32:07 AM","2120","Information","Microsoft-Windows-ActiveDirectory_DomainService","This Active Directory Domain Services server does not support the Recycle Bin. Deleted objects may be undeleted, however, when an object is undeleted, some attributes of that object may be lost.  Additionally, attributes of other objects that refer to the object being undeleted may also be lost."
"5/24/2026 8:32:07 AM","2208","Information","Microsoft-Windows-ActiveDirectory_DomainService","Active Directory Domain Services deleted DFSR databases to initialize SYSVOL replica during a non-authoritative restore. 
Active Directory detected that the virtual machine that hosts the domain controller was reverted to a previous state. Active Directory Domain Services needs to initialize a non-authoritative restore on the local SYSVOL replica. For DFSR, this is done by stopping the DFSR service, deleting DFSR databases, and re-starting the service. Upon restarting DFSR will rebuild the databases and start the initial sync."
"5/24/2026 8:32:07 AM","2179","Information","Microsoft-Windows-ActiveDirectory_DomainService","The msDS-GenerationId attribute of the Domain Controller's computer object has been set to the following parameter: 
 
GenerationID attribute:
15019505282635490399"
"5/24/2026 8:32:07 AM","1109","Information","Microsoft-Windows-ActiveDirectory_DomainService","The invocationID attribute for this directory server has been changed. The highest update sequence number at the time the backup was created is as follows: 
 
InvocationID attribute (old value):
70fdab6f-1997-40e8-b919-611e3f84174c 
InvocationID attribute (new value):
fc208aa6-c048-4e80-8aec-774553ba5a4c 
Update sequence number:
122908 
 
The invocationID is changed when a directory server is restored from backup media, is configured to host a writeable application directory partition, has been resumed after a virtual machine snapshot has been applied, after a virtual machine import operation, or after a live migration operation. Virtualized domain controllers should not be restored using virtual machine snapshots. The supported method to restore or rollback the content of an Active Directory Domain Services database is to restore a system state backup made with an Active Directory Domain Services-aware backup application."
"5/24/2026 8:32:07 AM","2170","Warning","Microsoft-Windows-ActiveDirectory_DomainService","A Generation ID change has been detected. 
 
Generation ID cached in DS (old value):
6522952311863616234 
Generation ID currently in VM (new value):
15019505282635490399 
 
The Generation ID change occurs after the application of a virtual machine snapshot, after a virtual machine import operation or after a live migration operation. Active Directory Domain Services will create a new invocation ID to recover the domain controller. Virtualized domain controllers should not be restored using virtual machine snapshots. The supported method to restore or rollback the content of an Active Directory Domain Services database is to restore a system state backup made with an Active Directory Domain Services aware backup application."
"5/24/2026 8:32:07 AM","2172","Information","Microsoft-Windows-ActiveDirectory_DomainService","Read the msDS-GenerationId attribute of the Domain Controller's computer object. 
 
msDS-GenerationId attribute value:
6522952311863616234"
"5/24/2026 8:32:07 AM","2168","Information","Microsoft-Windows-ActiveDirectory_DomainService","The DC is running on a supported hypervisor. VM Generation ID is detected. 
 
Current value of VM Generation ID: 15019505282635490399"
"5/24/2026 8:32:07 AM","2406","Information","Microsoft-Windows-ActiveDirectory_DomainService","This Active Directory Domain Services server is disabling support for the ""Privileged Access Management Feature"" optional feature."
"5/24/2026 8:32:07 AM","2406","Information","Microsoft-Windows-ActiveDirectory_DomainService","This Active Directory Domain Services server is disabling support for the ""Recycle Bin Feature"" optional feature."
"5/24/2026 8:32:07 AM","2121","Information","Microsoft-Windows-ActiveDirectory_DomainService","This Active Directory Domain Services server is disabling the Recycle Bin. Deleted objects may not be undeleted at this time."
"5/24/2026 8:32:06 AM","3054","Warning","Microsoft-Windows-ActiveDirectory_DomainService","The directory has been configured to allow implicit owner privileges when initially setting or modifying the nTSecurityDescriptor attribute during LDAP add and modify operations. Warning events will be logged, but no requests will be blocked. 
 
This setting is not secure and should only be used as a temporary troubleshooting step. Please review the suggested mitigations in the link below. 
 
For more information, please see https://go.microsoft.com/fwlink/?linkid=2174032."
"5/24/2026 8:32:06 AM","3051","Warning","Microsoft-Windows-ActiveDirectory_DomainService","The directory has been configured to not enforce per-attribute authorization during LDAP add operations. Warning events will be logged, but no requests will be blocked. 
 
This setting is not secure and should only be used as a temporary troubleshooting step. Please review the suggested mitigations in the link below. 
 
For more information, please see https://go.microsoft.com/fwlink/?linkid=2174032."
"5/24/2026 8:07:06 AM","1004","Information","Microsoft-Windows-ActiveDirectory_DomainService","Active Directory Domain Services was shut down successfully."
"5/24/2026 8:07:04 AM","2179","Information","Microsoft-Windows-ActiveDirectory_DomainService","The msDS-GenerationId attribute of the Domain Controller's computer object has been set to the following parameter: 
 
GenerationID attribute:
6522952311863616234"
"5/24/2026 7:58:42 AM","1869","Information","Microsoft-Windows-ActiveDirectory_DomainService","Active Directory Domain Services has located a global catalog in the following site. 
 
Global catalog:
\\dc.scaffold.htb 
Site:
Default-First-Site-Name"
"5/24/2026 7:58:42 AM","3027","Information","Microsoft-Windows-ActiveDirectory_DomainService","Internal event: Online Defragment Start succeeded. 
 
Duration in seconds:3600 
"
"5/24/2026 7:58:42 AM","3033","Information","Microsoft-Windows-ActiveDirectory_DomainService","Internal event: Online Defragment Stop invoked but defrag was not running."
"5/24/2026 7:58:43 AM","701","Information","NTDS ISAM","NTDS (744,D,0) NTDSA: Online defragmentation has completed a full pass on database 'C:\Windows\NTDS\ntds.dit', freeing 0 pages. This pass started on 5/24/2026 and ran for a total of 0 seconds, requiring 1 invocations over 1 days. Since the database was created it has been fully defragmented 15 times."
"5/24/2026 7:58:42 AM","700","Information","NTDS ISAM","NTDS (744,D,0) NTDSA: Online defragmentation is beginning a full pass on database 'C:\Windows\NTDS\ntds.dit'."
"5/24/2026 7:58:42 AM","330","Information","NTDS ISAM","NTDS (744,D,2) NTDSA: The database [C:\Windows\NTDS\temp.edb] format version is being held back to 8920 (0x22d8) due to application parameter setting of 0x22D8 (8920). Current default engine version: 9360 (0x2490)."
"5/24/2026 7:58:42 AM","326","Information","NTDS ISAM","NTDS (744,D,50) NTDSA: The database engine attached a database (1, C:\Windows\NTDS\ntds.dit). (Time=0 seconds) 
 
Saved Cache: 0 0 
Additional Data: lgposAttach = 00000002:09CA:0268,
dbv = 1568.20.0 (8920) 
 
Internal Timing Sequence: 
[1] 0.000005 +J(0) +M(C:0K, Fs:1, WS:4K # 0K, PF:0K # 0K, P:0K)
[2] 0.000294 -0.000121 (1) WT +J(0) +M(C:0K, Fs:19, WS:12K # 0K, PF:8K # 0K, P:8K)
[3] 0.001782 -0.000506 (6) WT +J(CM:0, PgRf:0, Rd:0/0, Dy:0/0, Lg:3480/2) +M(C:0K, Fs:18, WS:64K # 0K, PF:132K # 0K, P:132K)
[4] 0.000066 +J(0)
[5] -
[6] -
[7] -
[8] 0.001281 -0.000168 (2) CM -0.000101 (2) WT +J(CM:2, PgRf:2, Rd:4/2, Dy:0/0, Lg:0/0) +M(C:16K, Fs:45, WS:172K # 0K, PF:220K # 0K, P:220K)
[9] 0.001103 -0.000770 (8) CM -0.000462 (8) WT +J(CM:8, PgRf:24, Rd:0/8, Dy:0/0, Lg:0/0) +M(C:-4K, Fs:30, WS:104K # 0K, PF:196K # 0K, P:196K)
[10] 0.000440 -0.000301 (4) CM -0.000170 (4) WT +J(CM:4, PgRf:40, Rd:0/4, Dy:0/0, Lg:0/0) +M(C:-4K, Fs:6, WS:12K # 0K, PF:60K # 0K, P:60K)
[11] 0.000142 -0.000095 (1) CM -0.000048 (1) WT +J(CM:1, PgRf:1, Rd:0/1, Dy:0/0, Lg:0/0) +M(C:0K, Fs:5, WS:16K # 0K, PF:0K # 0K, P:0K)
[12] 0.000035 +J(CM:0, PgRf:48, Rd:0/0, Dy:0/0, Lg:0/0) +M(C:0K, Fs:2, WS:8K # 0K, PF:0K # 0K, P:0K)
[13] 0.000001 +J(0)
[14] 0.0 +J(0)
[15] 0.000003 +J(CM:0, PgRf:1, Rd:0/0, Dy:0/0, Lg:0/0)."
"5/24/2026 7:58:42 AM","330","Information","NTDS ISAM","NTDS (744,D,50) NTDSA: The database [C:\Windows\NTDS\ntds.dit] format version is being held back to 8920 (0x22d8) due to application parameter setting of 0x22D8 (8920). Current default engine version: 9360 (0x2490)."
"5/24/2026 7:58:42 AM","105","Information","NTDS ISAM","NTDS (744,D,0) NTDSA: The database engine started a new instance (0). (Time=0 seconds) 
 
Additional Data:
  
 
Internal Timing Sequence: 
[1] 0.000402 +J(0) +M(C:0K, Fs:106, WS:396K # 0K, PF:3392K # 348K, P:3392K)
[2] 0.000322 +J(0) +M(C:16K, Fs:132, WS:524K # 296K, PF:304K # 304K, P:304K)
[3] 0.000156 +J(0) +M(C:0K, Fs:5, WS:20K # 20K, PF:64K # 64K, P:64K)
[4] 0.003264 -0.000100 (1) WT +J(0) +M(C:0K, Fs:129, WS:436K # 436K, PF:5216K # 5216K, P:5216K)
[5] 0.000408 +J(0) +M(C:0K, Fs:2, WS:8K # 8K, PF:4K # 4K, P:4K)
[6] 0.001931 +J(0) +M(C:0K, Fs:22, WS:84K # 84K, PF:20K # 20K, P:20K)
[7] 0.015780 -0.009458 (21) WT +J(0) +M(C:0K, Fs:2579, WS:10296K # 10296K, PF:10260K # 10260K, P:10260K)
[8] -
[9] -
[10] -
[11] -
[12] -
[13] 0.011742 -0.007504 (22) WT +J(CM:0, PgRf:0, Rd:0/0, Dy:0/0, Lg:616/1) +M(C:0K, Fs:8, WS:-10216K # 24K, PF:-10256K # 12K, P:-10256K)
[14] 0.000009 +J(0)
[15] 0.000135 +J(0) +M(C:0K, Fs:206, WS:820K # 0K, PF:68K # 0K, P:68K)
[16] 0.000151 -0.000063 (1) WT +J(0) +M(C:0K, Fs:3, WS:4K # 0K, PF:0K # 0K, P:0K)."
"5/24/2026 7:58:42 AM","102","Information","NTDS ISAM","NTDS (744,P,98) NTDSA: The database engine (10.00.20348.0000) is starting a new instance (0)."
"5/24/2026 7:44:12 AM","1394","Information","Microsoft-Windows-ActiveDirectory_DomainService","All problems preventing updates to the Active Directory Domain Services database have been cleared. New updates to the Active Directory Domain Services database are succeeding. The Net Logon service has restarted."
"5/24/2026 7:43:42 AM","1000","Information","Microsoft-Windows-ActiveDirectory_DomainService","Microsoft Active Directory Domain Services startup complete"
