"6/2/2026 7:10:46 AM","10016","Warning","Microsoft-Windows-DistributedCOM","The application-specific permission settings do not grant Local Launch permission for the COM Server application with CLSID 
{21B896BF-008D-4D01-A27B-26061B960DD7}
 and APPID 
{03E09F3B-DCE4-44FE-A9CF-82D050827E1C}
 to the user SCAFFOLD\Administrator SID (S-1-5-21-365932789-2848835602-3476675013-500) from address LocalHost (Using LRPC) running in the application container Unavailable SID (Unavailable). This security permission can be modified using the Component Services administrative tool."
"6/2/2026 7:10:46 AM","7036","Information","Service Control Manager","The State Repository Service service entered the running state."
"6/2/2026 7:10:46 AM","7036","Information","Service Control Manager","The Connected Devices Platform Service service entered the running state."
"6/2/2026 7:10:46 AM","7036","Information","Service Control Manager","The Capability Access Manager Service service entered the running state."
"6/2/2026 7:10:46 AM","7036","Information","Service Control Manager","The Touch Keyboard and Handwriting Panel Service service entered the running state."
"6/2/2026 7:10:46 AM","7036","Information","Service Control Manager","The Connected Devices Platform User Service_82f2d service entered the running state."
"6/2/2026 7:10:46 AM","7036","Information","Service Control Manager","The Windows Push Notifications User Service_82f2d service entered the running state."
"6/2/2026 7:10:46 AM","7001","Information","Microsoft-Windows-Winlogon","User Logon Notification for Customer Experience Improvement Program"
"6/2/2026 7:10:30 AM","7036","Information","Service Control Manager","The StateRepository service entered the stopped state."
"6/2/2026 7:10:29 AM","7036","Information","Service Control Manager","The WaaSMedicSvc service entered the stopped state."
"6/2/2026 7:10:24 AM","7036","Information","Service Control Manager","The sppsvc service entered the running state."
"6/2/2026 7:10:01 AM","7036","Information","Service Control Manager","The WDSServer service entered the running state."
"6/2/2026 7:10:01 AM","16","Information","Microsoft-Windows-Kernel-General","The access history in hive \??\C:\RemoteInstall\Tmp\x64uefi{A0B2C957-F981-4AE0-94FD-85F6834A5039}.bcd was cleared updating 0 keys and creating 0 modified pages."
"6/2/2026 7:10:01 AM","16","Information","Microsoft-Windows-Kernel-General","The access history in hive \??\C:\RemoteInstall\Tmp\x86uefi{3E89A62E-28DA-45F1-944F-03D9CCB5D18A}.bcd was cleared updating 0 keys and creating 0 modified pages."
"6/2/2026 7:10:01 AM","16","Information","Microsoft-Windows-Kernel-General","The access history in hive \??\C:\RemoteInstall\Tmp\arm{70EC7C41-7751-4016-8E90-0AE6912922A0}.bcd was cleared updating 0 keys and creating 0 modified pages."
"6/2/2026 7:10:01 AM","16","Information","Microsoft-Windows-Kernel-General","The access history in hive \??\C:\RemoteInstall\Tmp\x86x64{09D11322-6EBF-4F8A-86FA-D2ABE9844F91}.bcd was cleared updating 0 keys and creating 0 modified pages."
"6/2/2026 7:10:01 AM","16","Information","Microsoft-Windows-Kernel-General","The access history in hive \??\C:\RemoteInstall\Tmp\arm64{EC094756-2A37-4D46-B8A7-9FFE908E3FBB}.bcd was cleared updating 0 keys and creating 0 modified pages."
"6/2/2026 7:10:01 AM","16","Information","Microsoft-Windows-Kernel-General","The access history in hive \??\C:\RemoteInstall\Tmp\x64{23921DA2-5493-4B16-8BCF-F44B5F6BB4C1}.bcd was cleared updating 0 keys and creating 0 modified pages."
"6/2/2026 7:10:01 AM","16","Information","Microsoft-Windows-Kernel-General","The access history in hive \??\C:\RemoteInstall\Tmp\x86{24CEF3B3-4FF8-4416-A144-63143926E3A7}.bcd was cleared updating 0 keys and creating 0 modified pages."
"6/2/2026 7:09:57 AM","7036","Information","Service Control Manager","The MSSQL$SQLEXPRESS service entered the running state."
"6/2/2026 7:09:57 AM","7036","Information","Service Control Manager","The Network Connectivity Assistant service entered the stopped state."
"6/2/2026 7:09:57 AM","7036","Information","Service Control Manager","The WMI Performance Adapter service entered the running state."
"6/2/2026 7:09:57 AM","7026","Information","Service Control Manager","The following boot-start or system-start driver(s) did not load: 
dam"
"6/2/2026 7:09:56 AM","7036","Information","Service Control Manager","The BITS service entered the running state."
"6/2/2026 7:09:56 AM","7036","Information","Service Control Manager","The SQLTELEMETRY$SQLEXPRESS service entered the running state."
"6/2/2026 7:09:56 AM","7036","Information","Service Control Manager","The W32Time service entered the running state."
"6/2/2026 7:09:56 AM","12","Warning","Microsoft-Windows-Time-Service","Time Provider NtpClient: This machine is configured to use the domain hierarchy to determine its time source, but it is the AD PDC emulator for the domain at the root of the forest, so there is no machine above it in the domain hierarchy to use as a time source. It is recommended that you either configure a reliable time service in the root domain, or manually configure the AD PDC to synchronize with an external time source. Otherwise, this machine will function as the authoritative time source in the domain hierarchy. If an external time source is not configured or used for this computer, you may choose to disable the NtpClient."
"6/2/2026 7:09:56 AM","7036","Information","Service Control Manager","The W3SVC service entered the running state."
"6/2/2026 7:09:56 AM","16648","Information","Microsoft-Windows-Directory-Services-SAM","The request for a new account-identifier pool has completed successfully."
"6/2/2026 7:09:56 AM","16647","Information","Microsoft-Windows-Directory-Services-SAM","The domain controller is starting a request for a new account-identifier pool."
"6/2/2026 7:09:56 AM","7036","Information","Service Control Manager","The DNS service entered the running state."
"6/2/2026 7:09:49 AM","7036","Information","Service Control Manager","The DeviceInstall service entered the running state."
"6/2/2026 7:09:46 AM","143","Information","Microsoft-Windows-Time-Service","The time service has started advertising as a good time source."
"6/2/2026 7:09:46 AM","139","Information","Microsoft-Windows-Time-Service","The time service has started advertising as a time source."
"6/2/2026 7:09:45 AM","7036","Information","Service Control Manager","The DispBrokerDesktopSvc service entered the running state."
"6/2/2026 7:09:44 AM","7036","Information","Service Control Manager","The Netlogon service entered the running state."
"6/2/2026 7:09:42 AM","7036","Information","Service Control Manager","The TokenBroker service entered the running state."
"6/2/2026 7:09:39 AM","10154","Warning","Microsoft-Windows-WinRM","The WinRM service failed to create the following SPNs: WSMAN/dc.scaffold.htb; WSMAN/dc. 

 Additional Data 
 The error received was 1355: %%1355.

 User Action 
 The SPNs can be created by an administrator using setspn.exe utility."
"6/2/2026 7:09:30 AM","7036","Information","Service Control Manager","The AppXSvc service entered the running state."
"6/2/2026 7:09:30 AM","7036","Information","Service Control Manager","The StorSvc service entered the running state."
"6/2/2026 7:09:29 AM","7036","Information","Service Control Manager","The DoSvc service entered the running state."
"6/2/2026 7:09:29 AM","7036","Information","Service Control Manager","The WaaSMedicSvc service entered the running state."
"6/2/2026 7:09:29 AM","7036","Information","Service Control Manager","The wuauserv service entered the running state."
"6/2/2026 7:09:28 AM","7036","Information","Service Control Manager","The VSS service entered the running state."
"6/2/2026 7:09:28 AM","7036","Information","Service Control Manager","The LicenseManager service entered the running state."
"6/2/2026 7:09:27 AM","7036","Information","Service Control Manager","The ClipSVC service entered the running state."
"6/2/2026 7:09:27 AM","7036","Information","Service Control Manager","The wlidsvc service entered the running state."
"6/2/2026 7:09:27 AM","7036","Information","Service Control Manager","The MDT_Monitor service entered the running state."
"6/2/2026 7:09:27 AM","7036","Information","Service Control Manager","The MSDTC service entered the running state."
"6/2/2026 7:09:27 AM","7036","Information","Service Control Manager","The RasMan service entered the running state."
"6/2/2026 7:09:27 AM","7036","Information","Service Control Manager","The COMSysApp service entered the running state."
"6/2/2026 7:09:27 AM","7036","Information","Service Control Manager","The vmvss service entered the running state."
"6/2/2026 7:09:27 AM","7036","Information","Service Control Manager","The vds service entered the running state."
"6/2/2026 7:09:27 AM","7036","Information","Service Control Manager","The ADWS service entered the running state."
"6/2/2026 7:09:27 AM","7036","Information","Service Control Manager","The WinRM service entered the running state."
"6/2/2026 7:09:27 AM","7036","Information","Service Control Manager","The WinDefend service entered the running state."
"6/2/2026 7:09:27 AM","7036","Information","Service Control Manager","The StateRepository service entered the running state."
"6/2/2026 7:09:27 AM","7036","Information","Service Control Manager","The DiagTrack service entered the running state."
"6/2/2026 7:09:27 AM","7036","Information","Service Control Manager","The sppsvc service entered the running state."
"6/2/2026 7:09:26 AM","7036","Information","Service Control Manager","The WpnService service entered the running state."
"6/2/2026 7:09:26 AM","7036","Information","Service Control Manager","The VM3DService service entered the running state."
"6/2/2026 7:09:26 AM","7036","Information","Service Control Manager","The WAS service entered the running state."
"6/2/2026 7:09:26 AM","7036","Information","Service Control Manager","The Winmgmt service entered the running state."
"6/2/2026 7:09:26 AM","7036","Information","Service Control Manager","The VMTools service entered the running state."
"6/2/2026 7:09:26 AM","7036","Information","Service Control Manager","The MDCoreSvc service entered the running state."
"6/2/2026 7:09:26 AM","7036","Information","Service Control Manager","The SstpSvc service entered the running state."
"6/2/2026 7:09:26 AM","7036","Information","Service Control Manager","The VGAuthService service entered the running state."
"6/2/2026 7:09:26 AM","7036","Information","Service Control Manager","The Dfs service entered the running state."
"6/2/2026 7:09:26 AM","7036","Information","Service Control Manager","The SysMain service entered the running state."
"6/2/2026 7:09:26 AM","7036","Information","Service Control Manager","The SQLWriter service entered the running state."
"6/2/2026 7:09:26 AM","7036","Information","Service Control Manager","The AzureAttestService service entered the running state."
"6/2/2026 7:09:26 AM","7036","Information","Service Control Manager","The AppHostSvc service entered the running state."
"6/2/2026 7:09:26 AM","7036","Information","Service Control Manager","The WLMS service entered the running state."
"6/2/2026 7:09:27 AM","3","Information","Virtual Disk Service","Service started."
"6/2/2026 7:09:27 AM","10148","Information","Microsoft-Windows-WinRM","The WinRM service is listening for WS-Management requests. 

 User Action 
 Use the following command to see the specific IPs on which WinRM is listening: 

 winrm enumerate winrm/config/listener"
"6/2/2026 7:09:26 AM","14531","Information","Microsoft-Windows-DfsSvc","DFS server has finished initializing."
"6/2/2026 7:09:26 AM","14533","Information","Microsoft-Windows-DfsSvc","DFS has finished building all namespaces."
"6/2/2026 7:09:26 AM","5211","Information","Microsoft-Windows-WAS","The Windows Process Activation Service (WAS) started with 'Classic' mode using 'ConfigurationSystem'"
"6/2/2026 7:09:26 AM","7036","Information","Service Control Manager","The CryptSvc service entered the running state."
"6/2/2026 7:09:26 AM","7036","Information","Service Control Manager","The CoreMessagingRegistrar service entered the running state."
"6/2/2026 7:09:26 AM","7036","Information","Service Control Manager","The DFSR service entered the running state."
"6/2/2026 7:09:26 AM","7036","Information","Service Control Manager","The RemoteRegistry service entered the running state."
"6/2/2026 7:09:26 AM","7036","Information","Service Control Manager","The CertSvc service entered the running state."
"6/2/2026 7:09:26 AM","7036","Information","Service Control Manager","The IsmServ service entered the running state."
"6/2/2026 7:09:26 AM","7036","Information","Service Control Manager","The Spooler service entered the running state."
"6/2/2026 7:09:26 AM","7036","Information","Service Control Manager","The KeyIso service entered the running state."
"6/2/2026 7:09:26 AM","7036","Information","Service Control Manager","The LanmanServer service entered the running state."
"6/2/2026 7:09:26 AM","7036","Information","Service Control Manager","The SamSs service entered the running state."
"6/2/2026 7:09:17 AM","1014","Warning","Microsoft-Windows-DNS-Client","Name resolution for the name wpad timed out after none of the configured DNS servers responded."
"6/2/2026 7:09:17 AM","7036","Information","Service Control Manager","The mpssvc service entered the running state."
"6/2/2026 7:09:17 AM","7036","Information","Service Control Manager","The PolicyAgent service entered the running state."
"6/2/2026 7:09:17 AM","7036","Information","Service Control Manager","The NcaSvc service entered the stopped state."
"6/2/2026 7:09:17 AM","7036","Information","Service Control Manager","The IKEEXT service entered the running state."
"6/2/2026 7:09:17 AM","7036","Information","Service Control Manager","The iphlpsvc service entered the running state."
"6/2/2026 7:09:17 AM","7036","Information","Service Control Manager","The UserManager service entered the running state."
"6/2/2026 7:09:17 AM","36928","Error","Schannel","Could not retrieve an OCSP response.

   The Failure Reason is: REASON_OCSP_RESPONSE_RETRIEVAL_ERROR
    The OCSP Url is: 
   The previous OCSP response contained the following times:
      ThisUpdate: ‎1601‎-‎01‎-‎01T00:00:00.000000000Z
      NextUpdate: ‎1601‎-‎01‎-‎01T00:00:00.000000000Z

The attached data contains the certificate."
"6/2/2026 7:09:17 AM","7036","Information","Service Control Manager","The Kdc service entered the running state."
"6/2/2026 7:09:17 AM","7036","Information","Service Control Manager","The NcbService service entered the running state."
"6/2/2026 7:09:17 AM","1014","Warning","Microsoft-Windows-DNS-Client","Name resolution for the name _ldap._tcp.dc._msdcs.scaffold.htb. timed out after none of the configured DNS servers responded."
"6/2/2026 7:09:17 AM","7036","Information","Service Control Manager","The BFE service entered the running state."
"6/2/2026 7:09:17 AM","7036","Information","Service Control Manager","The LanmanWorkstation service entered the running state."
"6/2/2026 7:09:17 AM","7036","Information","Service Control Manager","The DsmSvc service entered the running state."
"6/2/2026 7:09:17 AM","7036","Information","Service Control Manager","The Wcmsvc service entered the running state."
"6/2/2026 7:09:17 AM","7036","Information","Service Control Manager","The WinHttpAutoProxySvc service entered the running state."
"6/2/2026 7:09:17 AM","7036","Information","Service Control Manager","The Schedule service entered the running state."
"6/2/2026 7:09:17 AM","7036","Information","Service Control Manager","The FontCache service entered the running state."
"6/2/2026 7:09:17 AM","7036","Information","Service Control Manager","The ShellHWDetection service entered the running state."
"6/2/2026 7:09:16 AM","7036","Information","Service Control Manager","The netprofm service entered the running state."
"6/2/2026 7:09:16 AM","7036","Information","Service Control Manager","The SENS service entered the running state."
"6/2/2026 7:09:16 AM","1014","Warning","Microsoft-Windows-DNS-Client","Name resolution for the name _ldap._tcp.dc._msdcs.scaffold.htb. timed out after none of the configured DNS servers responded."
"6/2/2026 7:09:16 AM","7036","Information","Service Control Manager","The gpsvc service entered the running state."
"6/2/2026 7:09:16 AM","7036","Information","Service Control Manager","The EventSystem service entered the running state."
"6/2/2026 7:09:16 AM","7036","Information","Service Control Manager","The ProfSvc service entered the running state."
"6/2/2026 7:09:16 AM","7036","Information","Service Control Manager","The NlaSvc service entered the running state."
"6/2/2026 7:09:16 AM","7036","Information","Service Control Manager","The Themes service entered the running state."
"6/2/2026 7:09:16 AM","7036","Information","Service Control Manager","The NTDS service entered the running state."
"6/2/2026 7:09:16 AM","6","Information","Microsoft-Windows-FilterManager","File System Filter 'bindflt' (10.0, ‎2051‎-‎03‎-‎03T20:45:47.000000000Z) has successfully loaded and registered with Filter Manager."
"6/2/2026 7:09:16 AM","6","Information","Microsoft-Windows-FilterManager","File System Filter 'storqosflt' (10.0, ‎2051‎-‎09‎-‎21T05:40:20.000000000Z) has successfully loaded and registered with Filter Manager."
"6/2/2026 7:09:16 AM","6","Information","Microsoft-Windows-FilterManager","File System Filter 'CldFlt' (10.0, ‎2074‎-‎11‎-‎09T08:03:12.000000000Z) has successfully loaded and registered with Filter Manager."
"6/2/2026 7:09:16 AM","1","Information","Microsoft-Windows-FilterManager","File System Filter 'CldFlt' (Version 10.0, ‎2074‎-‎11‎-‎09T08:03:12.000000000Z) unloaded successfully."
"6/2/2026 7:09:16 AM","6","Information","Microsoft-Windows-FilterManager","File System Filter 'CldFlt' (10.0, ‎2074‎-‎11‎-‎09T08:03:12.000000000Z) has successfully loaded and registered with Filter Manager."
"6/2/2026 7:09:16 AM","7036","Information","Service Control Manager","The WPDBusEnum service entered the running state."
"6/2/2026 7:09:16 AM","6","Information","Microsoft-Windows-FilterManager","File System Filter 'luafv' (10.0, ‎2068‎-‎10‎-‎11T15:22:37.000000000Z) has successfully loaded and registered with Filter Manager."
"6/2/2026 7:09:16 AM","7036","Information","Service Control Manager","The EventLog service entered the running state."
"6/2/2026 7:09:16 AM","7036","Information","Service Control Manager","The Dnscache service entered the running state."
"6/2/2026 7:09:16 AM","6","Information","Microsoft-Windows-FilterManager","File System Filter 'wcifs' (10.0, ‎2088‎-‎12‎-‎15T04:51:43.000000000Z) has successfully loaded and registered with Filter Manager."
"6/2/2026 7:09:16 AM","7036","Information","Service Control Manager","The Dhcp service entered the running state."
"6/2/2026 7:09:16 AM","51046","Information","Microsoft-Windows-DHCPv6-Client","DHCPv6 client service is started"
"6/2/2026 7:09:16 AM","50036","Information","Microsoft-Windows-Dhcp-Client","DHCPv4 client service is started"
"6/2/2026 7:09:16 AM","50103","Information","Microsoft-Windows-Dhcp-Client","DHCPv4 client registered for shutdown notification"
"6/2/2026 7:09:16 AM","50036","Information","Microsoft-Windows-Dhcp-Client","DHCPv4 client service is started"
"6/2/2026 7:09:16 AM","7036","Information","Service Control Manager","The TimeBrokerSvc service entered the running state."
"6/2/2026 7:09:16 AM","7036","Information","Service Control Manager","The nsi service entered the running state."
"6/2/2026 7:09:16 AM","7036","Information","Service Control Manager","The lmhosts service entered the running state."
"6/2/2026 7:09:16 AM","7036","Information","Service Control Manager","The SystemEventsBroker service entered the running state."
"6/2/2026 7:09:16 AM","7036","Information","Service Control Manager","The BrokerInfrastructure service entered the running state."
"6/2/2026 7:09:16 AM","7036","Information","Service Control Manager","The LSM service entered the running state."
"6/2/2026 7:09:16 AM","7036","Information","Service Control Manager","The RpcSs service entered the running state."
"6/2/2026 7:09:16 AM","7036","Information","Service Control Manager","The RpcEptMapper service entered the running state."
"6/2/2026 7:09:16 AM","7036","Information","Service Control Manager","The DcomLaunch service entered the running state."
"6/2/2026 7:09:16 AM","7036","Information","Service Control Manager","The Power service entered the running state."
"6/2/2026 7:09:16 AM","7036","Information","Service Control Manager","The PlugPlay service entered the running state."
"6/2/2026 7:09:16 AM","16983","Information","Microsoft-Windows-Directory-Services-SAM","The security account manager is now logging periodic summary events for remote clients that call legacy password change or set RPC methods.

For more information please see https://go.microsoft.com/fwlink/?linkid=2150956.
"
"6/2/2026 7:09:16 AM","16977","Information","Microsoft-Windows-Directory-Services-SAM","The domain is configured with the following minimum password length-related settings.

MinimumPasswordLength: 7

RelaxMinimumPasswordLengthLimits: 0

MinimumPasswordLengthAudit: -1

For more information see https://go.microsoft.com/fwlink/?LinkId=2097191.
"
"6/2/2026 7:09:16 AM","16977","Information","Microsoft-Windows-Directory-Services-SAM","The domain is configured with the following minimum password length-related settings.

MinimumPasswordLength: 7

RelaxMinimumPasswordLengthLimits: 0

MinimumPasswordLengthAudit: 0

For more information see https://go.microsoft.com/fwlink/?LinkId=2097191.
"
"6/2/2026 7:09:16 AM","16654","Information","Microsoft-Windows-Directory-Services-SAM","A pool of account-identifiers (RIDs) has been invalidated. This may occur in the following expected cases:
1. A domain controller is restored from backup. 
2. A domain controller running on a virtual machine is restored from snapshot. 
3. An administrator has manually invalidated the pool. 
See http://go.microsoft.com/fwlink/?LinkId=226247 for more information."
"6/2/2026 7:09:15 AM","16962","Information","Microsoft-Windows-Directory-Services-SAM","Remote calls to the SAM database are being restricted using the default security descriptor: .
For more information please see http://go.microsoft.com/fwlink/?LinkId=787651."
"6/2/2026 7:09:15 AM","14","Information","Microsoft-Windows-Wininit","Credential Guard configuration: 0x0, 0"
"6/2/2026 7:09:14 AM","24","Information","Microsoft-Windows-Kernel-General","The time zone information was refreshed with exit reason 0. Current time zone bias is 420."
"6/2/2026 7:09:14 AM","98","Information","Microsoft-Windows-Ntfs","Volume \\?\Volume{2bc8a4fb-ec89-41c1-8fb3-d753243c8254} (\Device\HarddiskVolume5) is healthy.  No action is needed."
"6/2/2026 7:09:14 AM","98","Information","Microsoft-Windows-Ntfs","Volume Y: (\Device\HarddiskVolume4) is healthy.  No action is needed."
"6/2/2026 7:09:14 AM","32","Information","e1i68x64","Intel(R) 82574L Gigabit Network Connection
 Network link has been established at 1Gbps full duplex.
"
"6/2/2026 7:09:14 AM","55","Information","Microsoft-Windows-Kernel-Processor-Power","Processor 3 in group 0 exposes the following power management capabilities:

Idle state type: ACPI Idle (C) States (1 state(s))

Performance state type: None
Nominal Frequency (MHz): 2688
Maximum performance percentage: 100
Minimum performance percentage: 100
Minimum throttle percentage: 100"
"6/2/2026 7:09:14 AM","55","Information","Microsoft-Windows-Kernel-Processor-Power","Processor 2 in group 0 exposes the following power management capabilities:

Idle state type: ACPI Idle (C) States (1 state(s))

Performance state type: None
Nominal Frequency (MHz): 2688
Maximum performance percentage: 100
Minimum performance percentage: 100
Minimum throttle percentage: 100"
"6/2/2026 7:09:14 AM","55","Information","Microsoft-Windows-Kernel-Processor-Power","Processor 1 in group 0 exposes the following power management capabilities:

Idle state type: ACPI Idle (C) States (1 state(s))

Performance state type: None
Nominal Frequency (MHz): 2688
Maximum performance percentage: 100
Minimum performance percentage: 100
Minimum throttle percentage: 100"
"6/2/2026 7:09:14 AM","55","Information","Microsoft-Windows-Kernel-Processor-Power","Processor 0 in group 0 exposes the following power management capabilities:

Idle state type: ACPI Idle (C) States (1 state(s))

Performance state type: None
Nominal Frequency (MHz): 2688
Maximum performance percentage: 100
Minimum performance percentage: 100
Minimum throttle percentage: 100"
"6/2/2026 7:09:14 AM","172","Information","Microsoft-Windows-Kernel-Power","Connectivity state in standby: Disconnected, Reason: NIC compliance"
"6/2/2026 7:09:14 AM","6","Information","Microsoft-Windows-FilterManager","File System Filter 'npsvctrig' (10.0, ‎2015‎-‎04‎-‎02T03:42:38.000000000Z) has successfully loaded and registered with Filter Manager."
"6/2/2026 7:09:13 AM","6","Information","Microsoft-Windows-FilterManager","File System Filter 'DfsDriver' (10.0, ‎2053‎-‎07‎-‎29T02:36:42.000000000Z) has successfully loaded and registered with Filter Manager."
"6/2/2026 7:09:13 AM","6","Information","Microsoft-Windows-FilterManager","File System Filter 'FileCrypt' (10.0, ‎2088‎-‎05‎-‎23T23:57:52.000000000Z) has successfully loaded and registered with Filter Manager."
"6/2/2026 7:09:13 AM","98","Information","Microsoft-Windows-Ntfs","Volume C: (\Device\HarddiskVolume3) is healthy.  No action is needed."
"6/2/2026 7:09:13 AM","6","Information","Microsoft-Windows-FilterManager","File System Filter 'WdFilter' (10.0, ‎2036‎-‎01‎-‎26T02:33:35.000000000Z) has successfully loaded and registered with Filter Manager."
"6/2/2026 7:09:13 AM","6","Information","Microsoft-Windows-FilterManager","File System Filter 'DfsrRo' (10.0, ‎1999‎-‎03‎-‎20T18:16:31.000000000Z) has successfully loaded and registered with Filter Manager."
"6/2/2026 7:09:13 AM","6","Information","Microsoft-Windows-FilterManager","File System Filter 'Wof' (10.0, ‎2008‎-‎09‎-‎17T11:19:58.000000000Z) has successfully loaded and registered with Filter Manager."
"6/2/2026 7:09:11 AM","3","Information","vmci","VMCI: Using capabilities (0x1c).
"
"6/2/2026 7:09:09 AM","16","Information","Microsoft-Windows-HAL","The iommu fault reporting has been initialized."
"6/2/2026 7:09:09 AM","20","Information","Microsoft-Windows-Kernel-General","The leap second configuration has been updated.
Reason: Leap second data initialized from registry during boot
Leap seconds enabled: true
New leap second count: 0
Old leap second count: 0"
"6/2/2026 7:09:09 AM","32","Information","Microsoft-Windows-Kernel-Boot","The bootmgr spent 0 ms waiting for user input."
"6/2/2026 7:09:09 AM","18","Information","Microsoft-Windows-Kernel-Boot","There are 0x1 boot options on this system."
"6/2/2026 7:09:09 AM","27","Information","Microsoft-Windows-Kernel-Boot","The boot type was 0x0."
"6/2/2026 7:09:09 AM","25","Information","Microsoft-Windows-Kernel-Boot","The boot menu policy was 0x0."
"6/2/2026 7:09:09 AM","238","Information","Microsoft-Windows-Kernel-Boot","EFI time zone bias: 2047. Daylight flags: 0. Firmware time: ‎2026‎-‎06‎-‎02T07:09:09.000000000Z."
"6/2/2026 7:09:09 AM","20","Information","Microsoft-Windows-Kernel-Boot","The last shutdown's success status was true. The last boot's success status was true."
"6/2/2026 7:09:09 AM","153","Information","Microsoft-Windows-Kernel-Boot","Virtualization-based security (policies: 0) is disabled."
"6/2/2026 7:09:09 AM","12","Information","Microsoft-Windows-Kernel-General","The operating system started at system time ‎2026‎-‎06‎-‎02T14:09:09.500000000Z."
"6/2/2026 7:06:25 AM","13","Information","Microsoft-Windows-Kernel-General","The operating system is shutting down at system time ‎2026‎-‎06‎-‎02T14:06:25.752717900Z."
"6/2/2026 7:06:25 AM","109","Information","Microsoft-Windows-Kernel-Power","The kernel power manager has initiated a shutdown transition.

Shutdown Reason: Kernel API"
"6/2/2026 7:06:23 AM","7036","Information","Service Control Manager","The Network Setup Service service entered the stopped state."
"6/2/2026 7:06:23 AM","7036","Information","Service Control Manager","The Active Directory Domain Services service entered the stopped state."
"6/2/2026 7:06:21 AM","7036","Information","Service Control Manager","The Microsoft Defender Core Service service entered the stopped state."
"6/2/2026 7:06:21 AM","7036","Information","Service Control Manager","The Windows Process Activation Service service entered the stopped state."
"6/2/2026 7:06:21 AM","7036","Information","Service Control Manager","The SQL Server (SQLEXPRESS) service entered the stopped state."
"6/2/2026 7:06:21 AM","7036","Information","Service Control Manager","The WMI Performance Adapter service entered the stopped state."
"6/2/2026 7:06:21 AM","7036","Information","Service Control Manager","The Windows Remote Management (WS-Management) service entered the stopped state."
"6/2/2026 7:06:20 AM","7036","Information","Service Control Manager","The DFS Replication service entered the stopped state."
"6/2/2026 7:06:20 AM","7036","Information","Service Control Manager","The Microsoft Defender Antivirus Service service entered the stopped state."
"6/2/2026 7:06:20 AM","7036","Information","Service Control Manager","The Volume Shadow Copy service entered the stopped state."
"6/2/2026 7:06:20 AM","7036","Information","Service Control Manager","The Task Scheduler service entered the stopped state."
"6/2/2026 7:06:20 AM","7036","Information","Service Control Manager","The Active Directory Certificate Services service entered the stopped state."
"6/2/2026 7:06:20 AM","7036","Information","Service Control Manager","The Application Host Helper Service service entered the stopped state."
"6/2/2026 7:06:20 AM","7036","Information","Service Control Manager","The SQL Server VSS Writer service entered the stopped state."
"6/2/2026 7:06:20 AM","7036","Information","Service Control Manager","The DNS Server service entered the stopped state."
"6/2/2026 7:06:20 AM","7036","Information","Service Control Manager","The Remote Access Connection Manager service entered the stopped state."
"6/2/2026 7:06:20 AM","7036","Information","Service Control Manager","The Device Setup Manager service entered the stopped state."
"6/2/2026 7:06:20 AM","7036","Information","Service Control Manager","The Windows Event Log service entered the stopped state."
"6/2/2026 7:06:20 AM","7036","Information","Service Control Manager","The DHCP Client service entered the stopped state."
"6/2/2026 7:06:20 AM","7036","Information","Service Control Manager","The WinHTTP Web Proxy Auto-Discovery Service service entered the stopped state."
"6/2/2026 7:06:20 AM","50037","Information","Microsoft-Windows-Dhcp-Client","DHCPv4 client service is stopped. ShutDown Flag value is 1"
"6/2/2026 7:09:16 AM","6013","Information","EventLog","The system uptime is 7 seconds."
"6/2/2026 7:09:16 AM","6005","Information","EventLog","The Event log service was started."
"6/2/2026 7:09:16 AM","6009","Information","EventLog","Microsoft (R) Windows (R) 10.00. 20348  Multiprocessor Free."
"6/2/2026 7:06:20 AM","7036","Information","Service Control Manager","The Cryptographic Services service entered the stopped state."
"6/2/2026 7:06:20 AM","7036","Information","Service Control Manager","The Windows Connection Manager service entered the stopped state."
"6/2/2026 7:06:20 AM","7036","Information","Service Control Manager","The IKE and AuthIP IPsec Keying Modules service entered the stopped state."
"6/2/2026 7:06:20 AM","50106","Information","Microsoft-Windows-Dhcp-Client","DHCPv4 is waiting on DHCPv6 service to stop"
"6/2/2026 7:06:20 AM","7036","Information","Service Control Manager","The User Profile Service service entered the stopped state."
"6/2/2026 7:06:20 AM","7036","Information","Service Control Manager","The Virtual Disk service entered the stopped state."
"6/2/2026 7:06:20 AM","51057","Information","Microsoft-Windows-DHCPv6-Client","DHCPv6 client service stop is almost done.DHCP Context Ref count is 1"
"6/2/2026 7:06:20 AM","51047","Information","Microsoft-Windows-DHCPv6-Client","DHCPv6 client service is stopped. ShutDown Flag value is 1"
"6/2/2026 7:06:20 AM","7036","Information","Service Control Manager","The Secure Socket Tunneling Protocol Service service entered the stopped state."
"6/2/2026 7:06:20 AM","7036","Information","Service Control Manager","The Plug and Play service entered the stopped state."
"6/2/2026 7:06:20 AM","7036","Information","Service Control Manager","The Windows Font Cache Service service entered the stopped state."
"6/2/2026 7:06:20 AM","7036","Information","Service Control Manager","The Windows Time service entered the stopped state."
"6/2/2026 7:06:20 AM","50105","Information","Microsoft-Windows-Dhcp-Client","DHCPv4 client ProcessDHCPRequestForever received TERMINATE_EVENT"
"6/2/2026 7:06:20 AM","50104","Information","Microsoft-Windows-Dhcp-Client","DHCPv4 client received shutdown notification"
"6/2/2026 7:06:20 AM","7036","Information","Service Control Manager","The Intersite Messaging service entered the stopped state."
"6/2/2026 7:06:20 AM","7036","Information","Service Control Manager","The State Repository Service service entered the stopped state."
"6/2/2026 7:06:20 AM","7036","Information","Service Control Manager","The IPsec Policy Agent service entered the stopped state."
"6/2/2026 7:06:20 AM","7036","Information","Service Control Manager","The Active Directory Web Services service entered the stopped state."
"6/2/2026 7:06:20 AM","7036","Information","Service Control Manager","The Windows Update Medic Service service entered the stopped state."
"6/2/2026 7:06:20 AM","7036","Information","Service Control Manager","The Windows Management Instrumentation service entered the stopped state."
"6/2/2026 7:06:20 AM","7036","Information","Service Control Manager","The Distributed Transaction Coordinator service entered the stopped state."
"6/2/2026 7:06:20 AM","7036","Information","Service Control Manager","The SysMain service entered the stopped state."
"6/2/2026 7:06:20 AM","7036","Information","Service Control Manager","The Microsoft Deployment Toolkit Monitor Service service entered the stopped state."
"6/2/2026 7:06:20 AM","7036","Information","Service Control Manager","The World Wide Web Publishing Service service entered the stopped state."
"6/2/2026 7:06:20 AM","7036","Information","Service Control Manager","The Windows Licensing Monitoring Service service entered the stopped state."
"6/2/2026 7:06:20 AM","7036","Information","Service Control Manager","The SQL Server CEIP service (SQLEXPRESS) service entered the stopped state."
"6/2/2026 7:06:20 AM","7036","Information","Service Control Manager","The AppX Deployment Service (AppXSVC) service entered the stopped state."
"6/2/2026 7:06:20 AM","7036","Information","Service Control Manager","The Client License Service (ClipSVC) service entered the stopped state."
"6/2/2026 7:06:20 AM","7036","Information","Service Control Manager","The Capability Access Manager Service service entered the stopped state."
"6/2/2026 7:06:20 AM","7036","Information","Service Control Manager","The Windows Update service entered the stopped state."
"6/2/2026 7:06:20 AM","6006","Information","EventLog","The Event log service was stopped."
"6/2/2026 7:06:20 AM","10149","Warning","Microsoft-Windows-WinRM","The WinRM service is not listening for WS-Management requests. 

 User Action 
 If you did not intentionally stop the service, use the following command to see the WinRM configuration: 

 winrm enumerate winrm/config/listener"
"6/2/2026 7:06:19 AM","7036","Information","Service Control Manager","The Connected User Experiences and Telemetry service entered the stopped state."
"6/2/2026 7:06:19 AM","7036","Information","Service Control Manager","The Background Intelligent Transfer Service service entered the stopped state."
"6/2/2026 7:06:19 AM","7036","Information","Service Control Manager","The Delivery Optimization service entered the stopped state."
"6/2/2026 7:06:19 AM","7036","Information","Service Control Manager","The VMware Tools service entered the stopped state."
"6/2/2026 7:06:19 AM","7036","Information","Service Control Manager","The AzureAttestService service entered the stopped state."
"6/2/2026 7:06:19 AM","7036","Information","Service Control Manager","The Windows Modules Installer service entered the stopped state."
"6/2/2026 7:06:19 AM","7036","Information","Service Control Manager","The Group Policy Client service entered the stopped state."
"6/2/2026 7:06:19 AM","7002","Information","Microsoft-Windows-Winlogon","User Logoff Notification for Customer Experience Improvement Program"
"6/2/2026 7:06:19 AM","7036","Information","Service Control Manager","The Connected Devices Platform User Service_7e9ff service entered the stopped state."
"6/2/2026 7:06:19 AM","7036","Information","Service Control Manager","The Windows Push Notifications User Service_7e9ff service entered the stopped state."
"6/2/2026 7:06:11 AM","1074","Information","User32","The process C:\Windows\System32\RuntimeBroker.exe (DC) has initiated the power off of computer DC on behalf of user SCAFFOLD\Administrator for the following reason: Other (Unplanned)
 Reason Code: 0x5000000
 Shutdown Type: power off
 Comment: "
"6/2/2026 7:06:06 AM","1014","Warning","Microsoft-Windows-DNS-Client","Name resolution for the name mobile.events.data.microsoft.com timed out after none of the configured DNS servers responded."
"6/2/2026 7:06:04 AM","27","Warning","e1i68x64","Intel(R) 82574L Gigabit Network Connection #4
 Network link is disconnected.
"
"6/2/2026 7:06:03 AM","7036","Information","Service Control Manager","The Microsoft Edge Update Service (edgeupdate) service entered the running state."
"6/2/2026 7:05:20 AM","7036","Information","Service Control Manager","The Network Setup Service service entered the running state."
"6/2/2026 7:05:16 AM","10016","Warning","Microsoft-Windows-DistributedCOM","The application-specific permission settings do not grant Local Launch permission for the COM Server application with CLSID 
{21B896BF-008D-4D01-A27B-26061B960DD7}
 and APPID 
{03E09F3B-DCE4-44FE-A9CF-82D050827E1C}
 to the user SCAFFOLD\Administrator SID (S-1-5-21-365932789-2848835602-3476675013-500) from address LocalHost (Using LRPC) running in the application container Unavailable SID (Unavailable). This security permission can be modified using the Component Services administrative tool."
"6/2/2026 7:05:16 AM","7036","Information","Service Control Manager","The Connected Devices Platform Service service entered the running state."
"6/2/2026 7:05:16 AM","7036","Information","Service Control Manager","The Capability Access Manager Service service entered the running state."
"6/2/2026 7:05:15 AM","7036","Information","Service Control Manager","The Web Account Manager service entered the running state."
"6/2/2026 7:05:15 AM","7036","Information","Service Control Manager","The Touch Keyboard and Handwriting Panel Service service entered the running state."
"6/2/2026 7:05:15 AM","7036","Information","Service Control Manager","The Connected Devices Platform User Service_7e9ff service entered the running state."
"6/2/2026 7:05:15 AM","7036","Information","Service Control Manager","The Windows Push Notifications User Service_7e9ff service entered the running state."
"6/2/2026 7:05:15 AM","7001","Information","Microsoft-Windows-Winlogon","User Logon Notification for Customer Experience Improvement Program"
"6/2/2026 7:05:07 AM","7036","Information","Service Control Manager","The WDSServer service entered the running state."
"6/2/2026 7:05:07 AM","16","Information","Microsoft-Windows-Kernel-General","The access history in hive \??\C:\RemoteInstall\Tmp\x64uefi{010266DC-5FA9-4C65-BF3F-4B4B364FF0E3}.bcd was cleared updating 0 keys and creating 0 modified pages."
"6/2/2026 7:05:07 AM","16","Information","Microsoft-Windows-Kernel-General","The access history in hive \??\C:\RemoteInstall\Tmp\x86uefi{11950B1E-663B-4DD3-BD17-C70BF18C0770}.bcd was cleared updating 0 keys and creating 0 modified pages."
"6/2/2026 7:05:07 AM","16","Information","Microsoft-Windows-Kernel-General","The access history in hive \??\C:\RemoteInstall\Tmp\arm{F9FA5970-5939-4886-AC49-ABC832F7E59C}.bcd was cleared updating 0 keys and creating 0 modified pages."
"6/2/2026 7:05:07 AM","16","Information","Microsoft-Windows-Kernel-General","The access history in hive \??\C:\RemoteInstall\Tmp\x86x64{21E79905-8A1C-4EE4-ABBE-8E90D29BF8C2}.bcd was cleared updating 0 keys and creating 0 modified pages."
"6/2/2026 7:05:07 AM","16","Information","Microsoft-Windows-Kernel-General","The access history in hive \??\C:\RemoteInstall\Tmp\arm64{11EC8988-D29E-464E-8427-AB16B0ACCBB5}.bcd was cleared updating 0 keys and creating 0 modified pages."
"6/2/2026 7:05:07 AM","16","Information","Microsoft-Windows-Kernel-General","The access history in hive \??\C:\RemoteInstall\Tmp\x64{C6579D83-6661-45F5-90E5-2BED619B1F6D}.bcd was cleared updating 0 keys and creating 0 modified pages."
"6/2/2026 7:05:07 AM","16","Information","Microsoft-Windows-Kernel-General","The access history in hive \??\C:\RemoteInstall\Tmp\x86{B3F6E0FA-BA27-4C08-ADA4-32A7D568BDE9}.bcd was cleared updating 0 keys and creating 0 modified pages."
"6/2/2026 7:04:57 AM","7036","Information","Service Control Manager","The Windows Modules Installer service entered the running state."
"6/2/2026 7:04:54 AM","7036","Information","Service Control Manager","The Delivery Optimization service entered the running state."
"6/2/2026 7:04:54 AM","7036","Information","Service Control Manager","The MSSQL$SQLEXPRESS service entered the running state."
"6/2/2026 7:04:54 AM","7036","Information","Service Control Manager","The Client License Service (ClipSVC) service entered the running state."
"6/2/2026 7:04:54 AM","7036","Information","Service Control Manager","The AppX Deployment Service (AppXSVC) service entered the running state."
"6/2/2026 7:04:54 AM","7036","Information","Service Control Manager","The Delivery Optimization service entered the stopped state."
"6/2/2026 7:04:54 AM","7036","Information","Service Control Manager","The Storage Service service entered the running state."
"6/2/2026 7:04:54 AM","7036","Information","Service Control Manager","The Windows Update service entered the running state."
"6/2/2026 7:04:54 AM","7036","Information","Service Control Manager","The Delivery Optimization service entered the running state."
"6/2/2026 7:04:54 AM","7036","Information","Service Control Manager","The Windows Update Medic Service service entered the running state."
"6/2/2026 7:04:54 AM","7036","Information","Service Control Manager","The Network Connectivity Assistant service entered the stopped state."
"6/2/2026 7:04:54 AM","7036","Information","Service Control Manager","The WMI Performance Adapter service entered the running state."
"6/2/2026 7:04:53 AM","7036","Information","Service Control Manager","The Background Intelligent Transfer Service service entered the running state."
"6/2/2026 7:04:53 AM","7036","Information","Service Control Manager","The W32Time service entered the running state."
"6/2/2026 7:04:53 AM","12","Warning","Microsoft-Windows-Time-Service","Time Provider NtpClient: This machine is configured to use the domain hierarchy to determine its time source, but it is the AD PDC emulator for the domain at the root of the forest, so there is no machine above it in the domain hierarchy to use as a time source. It is recommended that you either configure a reliable time service in the root domain, or manually configure the AD PDC to synchronize with an external time source. Otherwise, this machine will function as the authoritative time source in the domain hierarchy. If an external time source is not configured or used for this computer, you may choose to disable the NtpClient."
"6/2/2026 7:04:53 AM","143","Information","Microsoft-Windows-Time-Service","The time service has started advertising as a good time source."
"6/2/2026 7:04:53 AM","139","Information","Microsoft-Windows-Time-Service","The time service has started advertising as a time source."
"6/2/2026 7:04:53 AM","7036","Information","Service Control Manager","The sppsvc service entered the stopped state."
"6/2/2026 7:04:53 AM","7036","Information","Service Control Manager","The Display Policy Service service entered the running state."
"6/2/2026 7:04:53 AM","7026","Information","Service Control Manager","The following boot-start or system-start driver(s) did not load: 
dam"
"6/2/2026 7:04:53 AM","7036","Information","Service Control Manager","The SQLTELEMETRY$SQLEXPRESS service entered the running state."
"6/2/2026 7:04:52 AM","7036","Information","Service Control Manager","The W3SVC service entered the running state."
"6/2/2026 7:04:52 AM","7036","Information","Service Control Manager","The Netlogon service entered the running state."
"6/2/2026 7:04:52 AM","16648","Information","Microsoft-Windows-Directory-Services-SAM","The request for a new account-identifier pool has completed successfully."
"6/2/2026 7:04:52 AM","16647","Information","Microsoft-Windows-Directory-Services-SAM","The domain controller is starting a request for a new account-identifier pool."
"6/2/2026 7:04:52 AM","7036","Information","Service Control Manager","The DNS service entered the running state."
"6/2/2026 7:04:35 AM","10154","Warning","Microsoft-Windows-WinRM","The WinRM service failed to create the following SPNs: WSMAN/dc.scaffold.htb; WSMAN/dc. 

 Additional Data 
 The error received was 1355: %%1355.

 User Action 
 The SPNs can be created by an administrator using setspn.exe utility."
