"9/1/2026 5:04:25 PM","16384","Information","Microsoft-Windows-Security-SPP","Successfully scheduled Software Protection service for re-start at 2026-09-03T00:02:25Z. Reason: RulesEngine."
"9/1/2026 5:04:19 PM","1000","Information","VGAuth","vmtoolsd: Username and password successfully validated for 'Administrator'"
"9/1/2026 5:04:19 PM","1000","Information","VGAuth","vmtoolsd: Username and password successfully validated for 'Administrator'"
"9/1/2026 5:04:19 PM","1000","Information","VGAuth","vmtoolsd: Username and password successfully validated for 'Administrator'"
"9/1/2026 5:04:19 PM","1000","Information","VGAuth","vmtoolsd: Username and password successfully validated for 'Administrator'"
"9/1/2026 5:04:19 PM","1000","Information","VGAuth","vmtoolsd: Username and password successfully validated for 'Administrator'"
"9/1/2026 5:04:19 PM","1000","Information","VGAuth","vmtoolsd: Username and password successfully validated for 'Administrator'"
"9/1/2026 5:04:19 PM","1000","Information","VGAuth","vmtoolsd: Username and password successfully validated for 'Administrator'"
"9/1/2026 5:04:18 PM","1000","Information","VGAuth","vmtoolsd: Username and password successfully validated for 'Administrator'"
"9/1/2026 5:04:01 PM","1000","Information","VGAuth","vmtoolsd: Username and password successfully validated for 'Administrator'"
"9/1/2026 5:04:01 PM","1000","Information","VGAuth","vmtoolsd: Username and password successfully validated for 'Administrator'"
"9/1/2026 5:04:01 PM","1000","Information","VGAuth","vmtoolsd: Username and password successfully validated for 'Administrator'"
"9/1/2026 5:04:01 PM","1000","Information","VGAuth","vmtoolsd: Username and password successfully validated for 'Administrator'"
"9/1/2026 5:04:01 PM","1000","Information","VGAuth","vmtoolsd: Username and password successfully validated for 'Administrator'"
"9/1/2026 5:04:00 PM","1000","Information","VGAuth","vmtoolsd: Username and password successfully validated for 'Administrator'"
"9/1/2026 5:04:00 PM","1000","Information","VGAuth","vmtoolsd: Username and password successfully validated for 'Administrator'"
"9/1/2026 5:03:51 PM","16394","Information","Microsoft-Windows-Security-SPP","Offline downlevel migration succeeded."
"9/1/2026 5:03:50 PM","1000","Information","VGAuth","vmtoolsd: Username and password successfully validated for 'Administrator'"
"9/1/2026 5:03:50 PM","1000","Information","VGAuth","vmtoolsd: Username and password successfully validated for 'Administrator'"
"9/1/2026 5:03:50 PM","1000","Information","VGAuth","vmtoolsd: Username and password successfully validated for 'Administrator'"
"9/1/2026 5:03:49 PM","1000","Information","VGAuth","vmtoolsd: Username and password successfully validated for 'Administrator'"
"9/1/2026 5:03:49 PM","1000","Information","VGAuth","vmtoolsd: Username and password successfully validated for 'Administrator'"
"9/1/2026 5:03:49 PM","1000","Information","VGAuth","vmtoolsd: Username and password successfully validated for 'Administrator'"
"9/1/2026 5:03:49 PM","1000","Information","VGAuth","vmtoolsd: Username and password successfully validated for 'Administrator'"
"9/1/2026 5:03:49 PM","1000","Information","VGAuth","vmtoolsd: Username and password successfully validated for 'Administrator'"
"9/1/2026 5:03:39 PM","1000","Information","VGAuth","vmtoolsd: Username and password successfully validated for 'Administrator'"
"9/1/2026 5:03:39 PM","1000","Information","VGAuth","vmtoolsd: Username and password successfully validated for 'Administrator'"
"9/1/2026 5:03:39 PM","1000","Information","VGAuth","vmtoolsd: Username and password successfully validated for 'Administrator'"
"9/1/2026 5:03:39 PM","1000","Information","VGAuth","vmtoolsd: Username and password successfully validated for 'Administrator'"
"9/1/2026 5:03:39 PM","1000","Information","VGAuth","vmtoolsd: Username and password successfully validated for 'Administrator'"
"9/1/2026 5:03:38 PM","1000","Information","VGAuth","vmtoolsd: Username and password successfully validated for 'Administrator'"
"9/1/2026 5:03:38 PM","1000","Information","VGAuth","vmtoolsd: Username and password successfully validated for 'Administrator'"
"9/1/2026 5:03:30 PM","16384","Information","Microsoft-Windows-Security-SPP","Successfully scheduled Software Protection service for re-start at 2026-09-03T00:02:30Z. Reason: RulesEngine."
"9/1/2026 5:03:28 PM","1000","Information","VGAuth","vmtoolsd: Username and password successfully validated for 'Administrator'"
"9/1/2026 5:03:28 PM","1000","Information","VGAuth","vmtoolsd: Username and password successfully validated for 'Administrator'"
"9/1/2026 5:03:28 PM","1000","Information","VGAuth","vmtoolsd: Username and password successfully validated for 'Administrator'"
"9/1/2026 5:03:28 PM","1000","Information","VGAuth","vmtoolsd: Username and password successfully validated for 'Administrator'"
"9/1/2026 5:03:28 PM","1000","Information","VGAuth","vmtoolsd: Username and password successfully validated for 'Administrator'"
"9/1/2026 5:03:28 PM","1000","Information","VGAuth","vmtoolsd: Username and password successfully validated for 'Administrator'"
"9/1/2026 5:03:27 PM","1000","Information","VGAuth","vmtoolsd: Username and password successfully validated for 'Administrator'"
"9/1/2026 5:03:11 PM","1000","Information","VGAuth","vmtoolsd: Username and password successfully validated for 'Administrator'"
"9/1/2026 5:03:11 PM","1000","Information","VGAuth","vmtoolsd: Username and password successfully validated for 'Administrator'"
"9/1/2026 5:03:11 PM","1000","Information","VGAuth","vmtoolsd: Username and password successfully validated for 'Administrator'"
"9/1/2026 5:03:11 PM","1000","Information","VGAuth","vmtoolsd: Username and password successfully validated for 'Administrator'"
"9/1/2026 5:03:11 PM","1000","Information","VGAuth","vmtoolsd: Username and password successfully validated for 'Administrator'"
"9/1/2026 5:03:11 PM","1000","Information","VGAuth","vmtoolsd: Username and password successfully validated for 'Administrator'"
"9/1/2026 5:03:10 PM","1000","Information","VGAuth","vmtoolsd: Username and password successfully validated for 'Administrator'"
"9/1/2026 5:03:00 PM","8198","Error","Microsoft-Windows-Security-SPP","License Activation (slui.exe) failed with the following error code:
hr=0x80004005
Command-line arguments:
RuleId=31e71c49-8da7-4a2f-ad92-45d98a1c79ba;Action=AutoActivate;AppId=55c92734-d682-4d71-983e-d6ec3f16059f;SkuId=80f53cc1-120f-4e0e-875b-27c9f1caf7de;NotificationInterval=1440;Trigger=NetworkAvailable"
"9/1/2026 5:02:53 PM","8198","Error","Microsoft-Windows-Security-SPP","License Activation (slui.exe) failed with the following error code:
hr=0x80004005
Command-line arguments:
RuleId=31e71c49-8da7-4a2f-ad92-45d98a1c79ba;Action=AutoActivate;AppId=55c92734-d682-4d71-983e-d6ec3f16059f;SkuId=80f53cc1-120f-4e0e-875b-27c9f1caf7de;NotificationInterval=1440;Trigger=NetworkAvailable"
"9/1/2026 5:02:53 PM","16394","Information","Microsoft-Windows-Security-SPP","Offline downlevel migration succeeded."
"9/1/2026 5:02:53 PM","903","Information","Microsoft-Windows-Security-SPP","The Software Protection service has stopped.
"
"9/1/2026 5:02:53 PM","16384","Information","Microsoft-Windows-Security-SPP","Successfully scheduled Software Protection service for re-start at 2026-09-02T23:54:53Z. Reason: RulesEngine."
"9/1/2026 5:02:50 PM","1000","Information","VGAuth","vmtoolsd: Username and password successfully validated for 'Administrator'"
"9/1/2026 5:02:50 PM","8224","Information","VSS","The VSS service is shutting down due to idle timeout. "
"9/1/2026 5:02:46 PM","1000","Information","VGAuth","vmtoolsd: Username and password successfully validated for 'Administrator'"
"9/1/2026 5:02:46 PM","1000","Information","VGAuth","vmtoolsd: Username and password successfully validated for 'Administrator'"
"9/1/2026 5:02:46 PM","1000","Information","VGAuth","vmtoolsd: Username and password successfully validated for 'Administrator'"
"9/1/2026 5:02:46 PM","1000","Information","VGAuth","vmtoolsd: Username and password successfully validated for 'Administrator'"
"9/1/2026 5:02:46 PM","1000","Information","VGAuth","vmtoolsd: Username and password successfully validated for 'Administrator'"
"9/1/2026 5:02:46 PM","1000","Information","VGAuth","vmtoolsd: Username and password successfully validated for 'Administrator'"
"9/1/2026 5:02:46 PM","1000","Information","VGAuth","vmtoolsd: Username and password successfully validated for 'Administrator'"
"9/1/2026 5:02:42 PM","1000","Information","VGAuth","vmtoolsd: Username and password successfully validated for 'Administrator'"
"9/1/2026 5:02:41 PM","1000","Information","VGAuth","vmtoolsd: Username and password successfully validated for 'Administrator'"
"9/1/2026 5:02:41 PM","1000","Information","VGAuth","vmtoolsd: Username and password successfully validated for 'Administrator'"
"9/1/2026 5:02:41 PM","1000","Information","VGAuth","vmtoolsd: Username and password successfully validated for 'Administrator'"
"9/1/2026 5:02:41 PM","1000","Information","VGAuth","vmtoolsd: Username and password successfully validated for 'Administrator'"
"9/1/2026 5:02:41 PM","1000","Information","VGAuth","vmtoolsd: Username and password successfully validated for 'Administrator'"
"9/1/2026 5:02:41 PM","1000","Information","VGAuth","vmtoolsd: Username and password successfully validated for 'Administrator'"
"9/1/2026 5:02:41 PM","1000","Information","VGAuth","vmtoolsd: Username and password successfully validated for 'Administrator'"
"9/1/2026 5:02:41 PM","1000","Information","VGAuth","vmtoolsd: Username and password successfully validated for 'Administrator'"
"9/1/2026 5:02:41 PM","1000","Information","VGAuth","vmtoolsd: Username and password successfully validated for 'Administrator'"
"9/1/2026 5:02:41 PM","1000","Information","VGAuth","vmtoolsd: Username and password successfully validated for 'Administrator'"
"9/1/2026 5:02:41 PM","1000","Information","VGAuth","vmtoolsd: Username and password successfully validated for 'Administrator'"
"9/1/2026 5:02:41 PM","1000","Information","VGAuth","vmtoolsd: Username and password successfully validated for 'Administrator'"
"9/1/2026 5:02:40 PM","1000","Information","VGAuth","vmtoolsd: Username and password successfully validated for 'Administrator'"
"9/1/2026 5:02:40 PM","1000","Information","VGAuth","vmtoolsd: Username and password successfully validated for 'Administrator'"
"9/1/2026 5:02:40 PM","1000","Information","VGAuth","vmtoolsd: Username and password successfully validated for 'Administrator'"
"9/1/2026 5:02:40 PM","1000","Information","VGAuth","vmtoolsd: Username and password successfully validated for 'Administrator'"
"9/1/2026 5:02:40 PM","1000","Information","VGAuth","vmtoolsd: Username and password successfully validated for 'Administrator'"
"9/1/2026 5:02:40 PM","1000","Information","VGAuth","vmtoolsd: Username and password successfully validated for 'Administrator'"
"9/1/2026 5:02:40 PM","1000","Information","VGAuth","vmtoolsd: Username and password successfully validated for 'Administrator'"
"9/1/2026 5:02:40 PM","1000","Information","VGAuth","vmtoolsd: Username and password successfully validated for 'Administrator'"
"9/1/2026 5:02:40 PM","1000","Information","VGAuth","vmtoolsd: Username and password successfully validated for 'Administrator'"
"9/1/2026 5:02:36 PM","1000","Information","VGAuth","vmtoolsd: Username and password successfully validated for 'Administrator'"
"9/1/2026 5:02:36 PM","1000","Information","VGAuth","vmtoolsd: Username and password successfully validated for 'Administrator'"
"9/1/2026 5:02:36 PM","1000","Information","VGAuth","vmtoolsd: Username and password successfully validated for 'Administrator'"
"9/1/2026 5:02:36 PM","1000","Information","VGAuth","vmtoolsd: Username and password successfully validated for 'Administrator'"
"9/1/2026 5:02:36 PM","1000","Information","VGAuth","vmtoolsd: Username and password successfully validated for 'Administrator'"
"9/1/2026 5:02:36 PM","1000","Information","VGAuth","vmtoolsd: Username and password successfully validated for 'Administrator'"
"9/1/2026 5:02:36 PM","1000","Information","VGAuth","vmtoolsd: Username and password successfully validated for 'Administrator'"
"9/1/2026 5:02:36 PM","1000","Information","VGAuth","vmtoolsd: Username and password successfully validated for 'Administrator'"
"9/1/2026 5:02:36 PM","1000","Information","VGAuth","vmtoolsd: Username and password successfully validated for 'Administrator'"
"9/1/2026 5:02:36 PM","1000","Information","VGAuth","vmtoolsd: Username and password successfully validated for 'Administrator'"
"9/1/2026 5:02:36 PM","1000","Information","VGAuth","vmtoolsd: Username and password successfully validated for 'Administrator'"
"9/1/2026 5:02:36 PM","1000","Information","VGAuth","vmtoolsd: Username and password successfully validated for 'Administrator'"
"9/1/2026 5:02:36 PM","1000","Information","VGAuth","vmtoolsd: Username and password successfully validated for 'Administrator'"
"9/1/2026 5:02:35 PM","1000","Information","VGAuth","vmtoolsd: Username and password successfully validated for 'Administrator'"
"9/1/2026 5:02:35 PM","1000","Information","VGAuth","vmtoolsd: Username and password successfully validated for 'Administrator'"
"9/1/2026 5:02:35 PM","1000","Information","VGAuth","vmtoolsd: Username and password successfully validated for 'Administrator'"
"9/1/2026 5:02:35 PM","1000","Information","VGAuth","vmtoolsd: Username and password successfully validated for 'Administrator'"
"9/1/2026 5:02:35 PM","1000","Information","VGAuth","vmtoolsd: Username and password successfully validated for 'Administrator'"
"9/1/2026 5:02:35 PM","1000","Information","VGAuth","vmtoolsd: Username and password successfully validated for 'Administrator'"
"9/1/2026 5:02:35 PM","1000","Information","VGAuth","vmtoolsd: Username and password successfully validated for 'Administrator'"
"9/1/2026 5:02:35 PM","1000","Information","VGAuth","vmtoolsd: Username and password successfully validated for 'Administrator'"
"9/1/2026 5:02:23 PM","1000","Information","VGAuth","vmtoolsd: Username and password successfully validated for 'Administrator'"
"9/1/2026 5:02:23 PM","1000","Information","VGAuth","vmtoolsd: Username and password successfully validated for 'Administrator'"
"9/1/2026 5:02:23 PM","1000","Information","VGAuth","vmtoolsd: Username and password successfully validated for 'Administrator'"
"9/1/2026 5:02:22 PM","1000","Information","VGAuth","vmtoolsd: Username and password successfully validated for 'Administrator'"
"9/1/2026 5:02:22 PM","1000","Information","VGAuth","vmtoolsd: Username and password successfully validated for 'Administrator'"
"9/1/2026 5:02:22 PM","1000","Information","VGAuth","vmtoolsd: Username and password successfully validated for 'Administrator'"
"9/1/2026 5:02:22 PM","1000","Information","VGAuth","vmtoolsd: Username and password successfully validated for 'Administrator'"
"9/1/2026 5:02:22 PM","1000","Information","VGAuth","vmtoolsd: Username and password successfully validated for 'Administrator'"
"9/1/2026 5:02:22 PM","1000","Information","VGAuth","vmtoolsd: Username and password successfully validated for 'Administrator'"
"9/1/2026 5:02:22 PM","1000","Information","VGAuth","vmtoolsd: Username and password successfully validated for 'Administrator'"
"9/1/2026 5:02:22 PM","1000","Information","VGAuth","vmtoolsd: Username and password successfully validated for 'Administrator'"
"9/1/2026 5:02:22 PM","1000","Information","VGAuth","vmtoolsd: Username and password successfully validated for 'Administrator'"
"9/1/2026 5:02:22 PM","1000","Information","VGAuth","vmtoolsd: Username and password successfully validated for 'Administrator'"
"9/1/2026 5:02:22 PM","1000","Information","VGAuth","vmtoolsd: Username and password successfully validated for 'Administrator'"
"9/1/2026 5:02:22 PM","1000","Information","VGAuth","vmtoolsd: Username and password successfully validated for 'Administrator'"
"9/1/2026 5:02:22 PM","1000","Information","VGAuth","vmtoolsd: Username and password successfully validated for 'Administrator'"
"9/1/2026 5:02:22 PM","1000","Information","VGAuth","vmtoolsd: Username and password successfully validated for 'Administrator'"
"9/1/2026 5:02:22 PM","1000","Information","VGAuth","vmtoolsd: Username and password successfully validated for 'Administrator'"
"9/1/2026 5:02:22 PM","1000","Information","VGAuth","vmtoolsd: Username and password successfully validated for 'Administrator'"
"9/1/2026 5:02:22 PM","1000","Information","VGAuth","vmtoolsd: Username and password successfully validated for 'Administrator'"
"9/1/2026 5:02:21 PM","1000","Information","VGAuth","vmtoolsd: Username and password successfully validated for 'Administrator'"
"9/1/2026 5:02:18 PM","902","Information","Microsoft-Windows-Security-SPP","The Software Protection service has started.
10.0.20348.587"
"9/1/2026 5:02:18 PM","1003","Information","Microsoft-Windows-Security-SPP","The Software Protection service has completed licensing status check.
Application Id=55c92734-d682-4d71-983e-d6ec3f16059f
Licensing Status=
1: 0dc876e0-7ab8-41c1-b8ba-2237d484cd26, 1, 0 [(0 [0xC004F014, 0, 0], [(?)(?)(?)(?)(?)(?)(?)(?)])(1 )(2 )(3 )]
2: 176afa14-ca77-4cae-9ecc-ba2295540382, 1, 0 [(0 [0xC004F014, 0, 0], [(?)(?)(?)(?)(?)(?)(?)(?)])(1 )(2 )(3 )]
3: 208d2508-de49-48d5-a1df-837a9f1053ef, 1, 0 [(0 [0xC004F014, 0, 0], [(?)(?)(?)(?)(?)(?)(?)(?)])(1 )(2 )(3 )]
4: 22105925-48c3-4ff4-a294-f654bb27e390, 1, 0 [(0 [0xC004F014, 0, 0], [(?)(?)(?)(?)(?)(?)(?)(?)])(1 )(2 )(3 )]
5: 482b7fee-a9f5-46a3-862d-b28bef48c7e8, 1, 0 [(0 [0xC004F014, 0, 0], [(?)(?)(?)(?)(?)(?)(?)(?)])(1 )(2 )(3 )]
6: 4f64509c-0ad2-43a7-b73b-233afbb27096, 1, 0 [(0 [0xC004F014, 0, 0], [(?)(?)(?)(?)(?)(?)(?)(?)])(1 )(2 )(3 )]
7: 522b5066-79e8-49f2-9f9d-30b4d507d57b, 1, 0 [(0 [0xC004F014, 0, 0], [(?)(?)(?)(?)(?)(?)(?)(?)])(1 )(2 )(3 )]
8: 661f7658-7035-4b4c-9f35-010682943ec2, 1, 0 [(0 [0xC004F014, 0, 0], [(?)(?)(?)(?)(?)(?)(?)(?)])(1 )(2 )(3 )]
9: 78214935-d737-41c1-83df-f600c1766211, 1, 0 [(0 [0xC004F014, 0, 0], [(?)(?)(?)(?)(?)(?)(?)(?)])(1 )(2 )(3 )]
10: 80f53cc1-120f-4e0e-875b-27c9f1caf7de, 1, 1 [(0 )(1 )(2 [0xC004E003, 0, 0], [( 1 0xC004F034)( 1 0xC004F034)(?)(?)(?)(?)(?)(?)])(3 [0x00000000, 0, 0], [( 6 0xC004F009 0 0)( 1 0x00000000)( 6 0xC004F009 0 0)(?)(?)(?)( 10 0x00000000 msft:rm/algorithm/flags/1.0)( 11 0x00000000 0xC004F034)])]
11: aa04eff4-34fa-4da8-a645-8c30c30b3a7f, 1, 0 [(0 [0xC004F014, 0, 0], [(?)(?)(?)(?)(?)(?)(?)(?)])(1 )(2 )(3 )]
12: e73aabfa-12bc-4705-b551-2dd076bebc7d, 1, 0 [(0 [0xC004F014, 0, 0], [(?)(?)(?)(?)(?)(?)(?)(?)])(1 )(2 )(3 )]
13: ef6cfc9f-8c5d-44ac-9aad-de6a2ea0ae03, 1, 0 [(0 [0xC004F014, 0, 0], [(?)(?)(?)(?)(?)(?)(?)(?)])(1 )(2 )(3 )]

"
"9/1/2026 5:02:18 PM","1066","Information","Microsoft-Windows-Security-SPP","Initialization status for service objects.
C:\Windows\system32\sppwinob.dll, msft:spp/windowsfunctionality/agent/7.0, 0x00000000, 0x00000000
C:\Windows\system32\sppobjs.dll, msft:rm/algorithm/inherited/1.0, 0x00000000, 0x00000000
C:\Windows\system32\sppobjs.dll, msft:rm/algorithm/phone/1.0, 0x00000000, 0x00000000
C:\Windows\system32\sppobjs.dll, msft:rm/algorithm/pkey/detect, 0x00000000, 0x00000000
C:\Windows\system32\sppobjs.dll, msft:spp/ActionScheduler/1.0, 0x00000000, 0x00000000
C:\Windows\system32\sppobjs.dll, msft:spp/TaskScheduler/1.0, 0x00000000, 0x00000000
C:\Windows\system32\sppobjs.dll, msft:spp/statecollector/pkey, 0x00000000, 0x00000000
C:\Windows\system32\sppobjs.dll, msft:spp/volume/services/kms/1.0, 0x00000000, 0x00000000
C:\Windows\system32\sppobjs.dll, msft:spp/volume/services/kms/activationinfo/1.0, 0x00000000, 0x00000000
"
"9/1/2026 5:02:18 PM","16394","Information","Microsoft-Windows-Security-SPP","Offline downlevel migration succeeded."
"9/1/2026 5:02:18 PM","900","Information","Microsoft-Windows-Security-SPP","The Software Protection service is starting.
Parameters:<explicit>"
"9/1/2026 5:02:17 PM","0","Information","edgeupdate","Service stopped."
"9/1/2026 5:02:10 PM","1000","Information","VGAuth","vmtoolsd: Username and password successfully validated for 'Administrator'"
"9/1/2026 5:02:10 PM","1000","Information","VGAuth","vmtoolsd: Username and password successfully validated for 'Administrator'"
"9/1/2026 5:02:10 PM","1000","Information","VGAuth","vmtoolsd: Username and password successfully validated for 'Administrator'"
"9/1/2026 5:02:10 PM","1000","Information","VGAuth","vmtoolsd: Username and password successfully validated for 'Administrator'"
"9/1/2026 5:02:10 PM","1000","Information","VGAuth","vmtoolsd: Username and password successfully validated for 'Administrator'"
"9/1/2026 5:02:10 PM","1000","Information","VGAuth","vmtoolsd: Username and password successfully validated for 'Administrator'"
"9/1/2026 5:02:10 PM","1000","Information","VGAuth","vmtoolsd: Username and password successfully validated for 'Administrator'"
"9/1/2026 5:02:09 PM","1000","Information","VGAuth","vmtoolsd: Username and password successfully validated for 'Administrator'"
"9/1/2026 5:02:09 PM","1000","Information","VGAuth","vmtoolsd: Username and password successfully validated for 'Administrator'"
"9/1/2026 5:02:09 PM","1000","Information","VGAuth","vmtoolsd: Username and password successfully validated for 'Administrator'"
"9/1/2026 5:02:09 PM","1000","Information","VGAuth","vmtoolsd: Username and password successfully validated for 'Administrator'"
"9/1/2026 5:02:09 PM","1000","Information","VGAuth","vmtoolsd: Username and password successfully validated for 'Administrator'"
"9/1/2026 5:02:09 PM","1000","Information","VGAuth","vmtoolsd: Username and password successfully validated for 'Administrator'"
"9/1/2026 5:02:09 PM","1000","Information","VGAuth","vmtoolsd: Username and password successfully validated for 'Administrator'"
"9/1/2026 5:02:09 PM","1000","Information","VGAuth","vmtoolsd: Username and password successfully validated for 'Administrator'"
"9/1/2026 5:02:09 PM","1000","Information","VGAuth","vmtoolsd: Username and password successfully validated for 'Administrator'"
"9/1/2026 5:02:09 PM","1000","Information","VGAuth","vmtoolsd: Username and password successfully validated for 'Administrator'"
"9/1/2026 5:02:09 PM","1000","Information","VGAuth","vmtoolsd: Username and password successfully validated for 'Administrator'"
"9/1/2026 5:02:09 PM","1000","Information","VGAuth","vmtoolsd: Username and password successfully validated for 'Administrator'"
"9/1/2026 5:02:09 PM","1000","Information","VGAuth","vmtoolsd: Username and password successfully validated for 'Administrator'"
"9/1/2026 5:02:08 PM","1000","Information","VGAuth","vmtoolsd: Username and password successfully validated for 'Administrator'"
"9/1/2026 5:02:03 PM","1704","Information","SceCli","Security policy in the Group policy objects has been applied successfully."
"9/1/2026 5:01:58 PM","1000","Information","VGAuth","vmtoolsd: Username and password successfully validated for 'Administrator'"
"9/1/2026 5:01:57 PM","1000","Information","VGAuth","vmtoolsd: Username and password successfully validated for 'Administrator'"
"9/1/2026 5:01:57 PM","1000","Information","VGAuth","vmtoolsd: Username and password successfully validated for 'Administrator'"
"9/1/2026 5:01:57 PM","1000","Information","VGAuth","vmtoolsd: Username and password successfully validated for 'Administrator'"
"9/1/2026 5:01:57 PM","1000","Information","VGAuth","vmtoolsd: Username and password successfully validated for 'Administrator'"
"9/1/2026 5:01:57 PM","1000","Information","VGAuth","vmtoolsd: Username and password successfully validated for 'Administrator'"
"9/1/2026 5:01:57 PM","1000","Information","VGAuth","vmtoolsd: Username and password successfully validated for 'Administrator'"
"9/1/2026 5:01:57 PM","1000","Information","VGAuth","vmtoolsd: Username and password successfully validated for 'Administrator'"
"9/1/2026 5:01:57 PM","1000","Information","VGAuth","vmtoolsd: Username and password successfully validated for 'Administrator'"
"9/1/2026 5:01:57 PM","1000","Information","VGAuth","vmtoolsd: Username and password successfully validated for 'Administrator'"
"9/1/2026 5:01:57 PM","1000","Information","VGAuth","vmtoolsd: Username and password successfully validated for 'Administrator'"
"9/1/2026 5:01:57 PM","1000","Information","VGAuth","vmtoolsd: Username and password successfully validated for 'Administrator'"
"9/1/2026 5:01:57 PM","1000","Information","VGAuth","vmtoolsd: Username and password successfully validated for 'Administrator'"
"9/1/2026 5:01:57 PM","1000","Information","VGAuth","vmtoolsd: Username and password successfully validated for 'Administrator'"
"9/1/2026 5:01:57 PM","1000","Information","VGAuth","vmtoolsd: Username and password successfully validated for 'Administrator'"
"9/1/2026 5:01:57 PM","1000","Information","VGAuth","vmtoolsd: Username and password successfully validated for 'Administrator'"
"9/1/2026 5:01:57 PM","1000","Information","VGAuth","vmtoolsd: Username and password successfully validated for 'Administrator'"
"9/1/2026 5:01:57 PM","1000","Information","VGAuth","vmtoolsd: Username and password successfully validated for 'Administrator'"
"9/1/2026 5:01:57 PM","1000","Information","VGAuth","vmtoolsd: Username and password successfully validated for 'Administrator'"
"9/1/2026 5:01:57 PM","1000","Information","VGAuth","vmtoolsd: Username and password successfully validated for 'Administrator'"
"9/1/2026 5:01:56 PM","1000","Information","VGAuth","vmtoolsd: Username and password successfully validated for 'Administrator'"
"9/1/2026 5:01:56 PM","1000","Information","VGAuth","vmtoolsd: Username and password successfully validated for 'Administrator'"
"9/1/2026 5:01:45 PM","1000","Information","VGAuth","vmtoolsd: Username and password successfully validated for 'Administrator'"
"9/1/2026 5:01:45 PM","1000","Information","VGAuth","vmtoolsd: Username and password successfully validated for 'Administrator'"
"9/1/2026 5:01:45 PM","1000","Information","VGAuth","vmtoolsd: Username and password successfully validated for 'Administrator'"
"9/1/2026 5:01:45 PM","1000","Information","VGAuth","vmtoolsd: Username and password successfully validated for 'Administrator'"
"9/1/2026 5:01:45 PM","1000","Information","VGAuth","vmtoolsd: Username and password successfully validated for 'Administrator'"
"9/1/2026 5:01:45 PM","1000","Information","VGAuth","vmtoolsd: Username and password successfully validated for 'Administrator'"
"9/1/2026 5:01:45 PM","1000","Information","VGAuth","vmtoolsd: Username and password successfully validated for 'Administrator'"
"9/1/2026 5:01:45 PM","1000","Information","VGAuth","vmtoolsd: Username and password successfully validated for 'Administrator'"
"9/1/2026 5:01:45 PM","1000","Information","VGAuth","vmtoolsd: Username and password successfully validated for 'Administrator'"
"9/1/2026 5:01:45 PM","1000","Information","VGAuth","vmtoolsd: Username and password successfully validated for 'Administrator'"
"9/1/2026 5:01:45 PM","1000","Information","VGAuth","vmtoolsd: Username and password successfully validated for 'Administrator'"
"9/1/2026 5:01:45 PM","1000","Information","VGAuth","vmtoolsd: Username and password successfully validated for 'Administrator'"
"9/1/2026 5:01:45 PM","1000","Information","VGAuth","vmtoolsd: Username and password successfully validated for 'Administrator'"
"9/1/2026 5:01:45 PM","1000","Information","VGAuth","vmtoolsd: Username and password successfully validated for 'Administrator'"
"9/1/2026 5:01:44 PM","1000","Information","VGAuth","vmtoolsd: Username and password successfully validated for 'Administrator'"
"9/1/2026 5:01:44 PM","1000","Information","VGAuth","vmtoolsd: Username and password successfully validated for 'Administrator'"
"9/1/2026 5:01:44 PM","1000","Information","VGAuth","vmtoolsd: Username and password successfully validated for 'Administrator'"
"9/1/2026 5:01:44 PM","1000","Information","VGAuth","vmtoolsd: Username and password successfully validated for 'Administrator'"
"9/1/2026 5:01:44 PM","1000","Information","VGAuth","vmtoolsd: Username and password successfully validated for 'Administrator'"
"9/1/2026 5:01:44 PM","1000","Information","VGAuth","vmtoolsd: Username and password successfully validated for 'Administrator'"
"9/1/2026 5:01:44 PM","1000","Information","VGAuth","vmtoolsd: Username and password successfully validated for 'Administrator'"
"9/1/2026 5:01:36 PM","26","Information","Microsoft-Windows-CertificationAuthority","Active Directory Certificate Services for scaffold-DC-CA was started.  DC=dc.scaffold.htb"
"9/1/2026 5:01:36 PM","101","Information","Microsoft-Windows-CertificationAuthority","Active Directory Certificate Services created CA cross certificate (1-0) for scaffold-DC-CA."
"9/1/2026 5:01:36 PM","101","Information","Microsoft-Windows-CertificationAuthority","Active Directory Certificate Services created CA cross certificate (0-1) for scaffold-DC-CA."
"9/1/2026 5:01:36 PM","103","Warning","Microsoft-Windows-CertificationAuthority","Active Directory Certificate Services added the root certificate of certificate chain 1 to the downloaded Trusted Root Certification Authorities Enterprise store on the CA computer. This store will be updated from the Certification Authorities container in Active Directory the next time Group Policy is applied. To verify that the CA certificate is published correctly in Active Directory, run the following command: certutil -viewstore ""ldap:///CN=scaffold-DC-CA,CN=Certification Authorities,CN=Public Key Services,CN=Services,CN=Configuration,DC=scaffold,DC=htb?cACertificate?base?objectClass=certificationAuthority"" (you must include the quotation marks when you run this command). If the root CA certificate is not present, use the Certificates console on the root CA computer to export the certificate to a file, and then run the following command to publish it to Active Directory: Certutil -dspublish %certificatefilename% Root."
"9/1/2026 5:01:36 PM","39","Error","Microsoft-Windows-CertificationAuthority","Active Directory Certificate Services did not start: The Certification Authority DCOM class for scaffold-DC-CA could not be registered.  The class is configured to run as a security id different from the caller 0x80004015 (-2147467243 CO_E_WRONG_SERVER_IDENTITY).  Use the services administration tool to change the Certification Authority logon context."
"9/1/2026 5:01:36 PM","326","Information","ESENT","certsrv.exe (3932,D,50) The database engine attached a database (1, C:\Windows\system32\CertLog\scaffold-DC-CA.edb). (Time=0 seconds) 
 
Saved Cache: 0 0 
Additional Data: lgposAttach = 00000005:0039:0268,
dbv = 1568.180.400 (9360) 
 
Internal Timing Sequence: 
[1] 0.000004 +J(0) +M(C:0K, Fs:1, WS:4K # 0K, PF:0K # 0K, P:0K)
[2] 0.001629 -0.001414 (1) WT +J(0) +M(C:0K, Fs:18, WS:8K # 0K, PF:4K # 0K, P:4K)
[3] 0.004145 -0.001215 (6) WT +J(CM:0, PgRf:0, Rd:0/0, Dy:0/0, Lg:3480/2) +M(C:0K, Fs:26, WS:96K # 0K, PF:120K # 0K, P:120K)
[4] 0.000081 +J(0)
[5] -
[6] -
[7] -
[8] 0.000894 -0.000604 (2) CM -0.000523 (2) WT +J(CM:2, PgRf:2, Rd:14/2, Dy:0/0, Lg:54/1) +M(C:0K, Fs:40, WS:160K # 0K, PF:152K # 0K, P:152K)
[9] 0.001312 -0.001089 (3) CM -0.000992 (3) WT +J(CM:3, PgRf:23, Rd:0/2, Dy:0/0, Lg:0/0) +M(C:0K, Fs:32, WS:128K # 0K, PF:200K # 0K, P:200K)
[10] 0.000319 -0.000220 (1) CM -0.000183 (1) WT +J(CM:1, PgRf:40, Rd:0/1, Dy:0/0, Lg:0/0) +M(C:0K, Fs:5, WS:20K # 0K, PF:64K # 0K, P:64K)
[11] 0.000017 +J(CM:0, PgRf:1, Rd:0/0, Dy:0/0, Lg:0/0) +M(C:0K, Fs:4, WS:16K # 0K, PF:0K # 0K, P:0K)
[12] 0.000044 +J(CM:0, PgRf:42, Rd:0/0, Dy:0/0, Lg:0/0) +M(C:0K, Fs:1, WS:4K # 0K, PF:0K # 0K, P:0K)
[13] 0.0 +J(0)
[14] 0.0 +J(0)
[15] 0.000005 +J(CM:0, PgRf:1, Rd:0/0, Dy:0/0, Lg:0/0)."
"9/1/2026 5:01:36 PM","105","Information","ESENT","certsrv.exe (3932,D,0) The database engine started a new instance (0). (Time=0 seconds) 
 
Additional Data:
  
 
Internal Timing Sequence: 
[1] 0.001046 +J(0) +M(C:0K, Fs:125, WS:488K # 488K, PF:2404K # 2136K, P:2404K)
[2] 0.000628 +J(0) +M(C:3200K, Fs:184, WS:720K # 720K, PF:4156K # 4156K, P:4156K)
[3] 0.000025 +J(0) +M(C:0K, Fs:11, WS:44K # 44K, PF:64K # 64K, P:64K)
[4] 0.000127 +J(0) +M(C:0K, Fs:17, WS:68K # 68K, PF:492K # 492K, P:492K)
[5] 0.000789 +J(0) +M(C:0K, Fs:9, WS:36K # 36K, PF:20K # 20K, P:20K)
[6] 0.002252 +J(0) +M(C:0K, Fs:29, WS:116K # 116K, PF:16K # 16K, P:16K)
[7] 0.004521 -0.002809 (3) WT +J(0) +M(C:0K, Fs:275, WS:1096K # 1096K, PF:1028K # 1028K, P:1028K)
[8] -
[9] -
[10] -
[11] -
[12] -
[13] 0.006308 -0.002675 (4) WT +J(CM:0, PgRf:0, Rd:0/0, Dy:0/0, Lg:616/1) +M(C:0K, Fs:21, WS:-948K # 68K, PF:-952K # 72K, P:-952K)
[14] 0.000012 +J(0)
[15] 0.000203 +J(0) +M(C:0K, Fs:100, WS:400K # 0K, PF:64K # 0K, P:64K)
[16] 0.000446 -0.000304 (1) WT +J(0) +M(C:0K, Fs:3, WS:4K # 0K, PF:0K # 0K, P:0K)."
"9/1/2026 5:01:36 PM","102","Information","ESENT","certsrv.exe (3932,P,98) The database engine (10.00.20348.0000) is starting a new instance (0)."
"9/1/2026 5:01:36 PM","103","Information","ESENT","certsrv.exe (4160,T,97) The database engine stopped the instance (0). 
 
Dirty Shutdown: 0 
 
Internal Timing Sequence: 
[1] 0.000008 +J(0)
[2] 0.000021 +J(0) +M(C:0K, Fs:1, WS:4K # 0K, PF:0K # 0K, P:0K)
[3] 0.000003 +J(0)
[4] 0.000005 +J(0)
[5] 0.002939 -0.001084 (5) WT +J(0) +M(C:0K, Fs:5, WS:-28K # 0K, PF:-108K # 0K, P:-108K)
[6] 0.000008 +J(0)
[7] 0.000005 +J(0)
[8] 0.007128 -0.002835 (12) WT +J(CM:0, PgRf:0, Rd:0/0, Dy:0/0, Lg:230/2) +M(C:0K, Fs:10, WS:-12K # 0K, PF:-28K # 0K, P:-28K)
[9] 0.000919 -0.000404 (2) WT +J(CM:0, PgRf:0, Rd:0/0, Dy:0/0, Lg:66/1) +M(C:0K, Fs:1, WS:4K # 0K, PF:0K # 0K, P:0K)
[10] 0.000019 +J(0)
[11] 0.001067 -0.000298 (2) WT +J(0)
[12] 0.000049 +J(0) +M(C:0K, Fs:0, WS:-4K # 0K, PF:-4K # 0K, P:-4K)
[13] 0.000073 +J(0)
[14] 0.000023 +J(0) +M(C:0K, Fs:0, WS:-36K # 0K, PF:-52K # 0K, P:-52K)
[15] 0.000002 +J(0)."
"9/1/2026 5:01:31 PM","1000","Information","VGAuth","vmtoolsd: Username and password successfully validated for 'Administrator'"
"9/1/2026 5:01:31 PM","1000","Information","VGAuth","vmtoolsd: Username and password successfully validated for 'Administrator'"
"9/1/2026 5:01:30 PM","1000","Information","VGAuth","vmtoolsd: Username and password successfully validated for 'Administrator'"
"9/1/2026 5:01:30 PM","1000","Information","VGAuth","vmtoolsd: Username and password successfully validated for 'Administrator'"
"9/1/2026 5:01:30 PM","1000","Information","VGAuth","vmtoolsd: Username and password successfully validated for 'Administrator'"
"9/1/2026 5:01:30 PM","1000","Information","VGAuth","vmtoolsd: Username and password successfully validated for 'Administrator'"
"9/1/2026 5:01:30 PM","1000","Information","VGAuth","vmtoolsd: Username and password successfully validated for 'Administrator'"
"9/1/2026 5:01:30 PM","1000","Information","VGAuth","vmtoolsd: Username and password successfully validated for 'Administrator'"
"9/1/2026 5:01:30 PM","1000","Information","VGAuth","vmtoolsd: Username and password successfully validated for 'Administrator'"
"9/1/2026 5:01:30 PM","1000","Information","VGAuth","vmtoolsd: Username and password successfully validated for 'Administrator'"
"9/1/2026 5:01:30 PM","1000","Information","VGAuth","vmtoolsd: Username and password successfully validated for 'Administrator'"
"9/1/2026 5:01:30 PM","1000","Information","VGAuth","vmtoolsd: Username and password successfully validated for 'Administrator'"
"9/1/2026 5:01:30 PM","1000","Information","VGAuth","vmtoolsd: Username and password successfully validated for 'Administrator'"
"9/1/2026 5:01:30 PM","1000","Information","VGAuth","vmtoolsd: Username and password successfully validated for 'Administrator'"
"9/1/2026 5:01:30 PM","1000","Information","VGAuth","vmtoolsd: Username and password successfully validated for 'Administrator'"
"9/1/2026 5:01:30 PM","1000","Information","VGAuth","vmtoolsd: Username and password successfully validated for 'Administrator'"
"9/1/2026 5:01:30 PM","1000","Information","VGAuth","vmtoolsd: Username and password successfully validated for 'Administrator'"
"9/1/2026 5:01:30 PM","1000","Information","VGAuth","vmtoolsd: Username and password successfully validated for 'Administrator'"
"9/1/2026 5:01:30 PM","1000","Information","VGAuth","vmtoolsd: Username and password successfully validated for 'Administrator'"
"9/1/2026 5:01:30 PM","1000","Information","VGAuth","vmtoolsd: Username and password successfully validated for 'Administrator'"
"9/1/2026 5:01:29 PM","1000","Information","VGAuth","vmtoolsd: Username and password successfully validated for 'Administrator'"
"9/1/2026 5:01:26 PM","38","Information","Microsoft-Windows-CertificationAuthority","Active Directory Certificate Services for scaffold-DC-CA was stopped."
"9/1/2026 5:01:26 PM","326","Information","ESENT","certsrv.exe (4160,D,50) The database engine attached a database (1, C:\Windows\system32\CertLog\scaffold-DC-CA.edb). (Time=0 seconds) 
 
Saved Cache: 0 0 
Additional Data: lgposAttach = 00000005:0031:0268,
dbv = 1568.180.400 (9360) 
 
Internal Timing Sequence: 
[1] 0.000005 +J(0) +M(C:0K, Fs:1, WS:4K # 0K, PF:0K # 0K, P:0K)
[2] 0.002697 -0.002473 (1) WT +J(0) +M(C:0K, Fs:18, WS:8K # 0K, PF:4K # 0K, P:4K)
[3] 0.004281 -0.001268 (6) WT +J(CM:0, PgRf:0, Rd:0/0, Dy:0/0, Lg:3480/2) +M(C:0K, Fs:25, WS:96K # 0K, PF:116K # 0K, P:116K)
[4] 0.000087 +J(0)
[5] -
[6] -
[7] -
[8] 0.000819 -0.000587 (2) CM -0.000510 (2) WT +J(CM:2, PgRf:2, Rd:14/2, Dy:0/0, Lg:54/1) +M(C:0K, Fs:40, WS:160K # 0K, PF:152K # 0K, P:152K)
[9] 0.001401 -0.001158 (3) CM -0.001062 (3) WT +J(CM:3, PgRf:23, Rd:0/2, Dy:0/0, Lg:0/0) +M(C:0K, Fs:32, WS:128K # 0K, PF:200K # 0K, P:200K)
[10] 0.000307 -0.000204 (1) CM -0.000167 (1) WT +J(CM:1, PgRf:40, Rd:0/1, Dy:0/0, Lg:0/0) +M(C:0K, Fs:5, WS:20K # 0K, PF:64K # 0K, P:64K)
[11] 0.000017 +J(CM:0, PgRf:1, Rd:0/0, Dy:0/0, Lg:0/0) +M(C:0K, Fs:4, WS:16K # 0K, PF:0K # 0K, P:0K)
[12] 0.000044 +J(CM:0, PgRf:42, Rd:0/0, Dy:0/0, Lg:0/0) +M(C:0K, Fs:1, WS:4K # 0K, PF:0K # 0K, P:0K)
[13] 0.0 +J(0)
[14] 0.0 +J(0)
[15] 0.000004 +J(CM:0, PgRf:1, Rd:0/0, Dy:0/0, Lg:0/0)."
"9/1/2026 5:01:26 PM","105","Information","ESENT","certsrv.exe (4160,D,0) The database engine started a new instance (0). (Time=0 seconds) 
 
Additional Data:
  
 
Internal Timing Sequence: 
[1] 0.000952 +J(0) +M(C:0K, Fs:126, WS:488K # 488K, PF:2408K # 2132K, P:2408K)
[2] 0.000635 +J(0) +M(C:3200K, Fs:186, WS:716K # 716K, PF:4168K # 4168K, P:4168K)
[3] 0.000021 +J(0) +M(C:0K, Fs:10, WS:40K # 40K, PF:64K # 64K, P:64K)
[4] 0.000109 +J(0) +M(C:0K, Fs:21, WS:84K # 84K, PF:500K # 500K, P:500K)
[5] 0.000760 +J(0) +M(C:0K, Fs:8, WS:32K # 32K, PF:20K # 20K, P:20K)
[6] 0.002032 +J(0) +M(C:0K, Fs:29, WS:116K # 116K, PF:16K # 16K, P:16K)
[7] 0.008011 -0.006539 (3) WT +J(0) +M(C:0K, Fs:275, WS:1096K # 1096K, PF:1028K # 1028K, P:1028K)
[8] -
[9] -
[10] -
[11] -
[12] -
[13] 0.006303 -0.002659 (4) WT +J(CM:0, PgRf:0, Rd:0/0, Dy:0/0, Lg:616/1) +M(C:0K, Fs:20, WS:-952K # 64K, PF:-956K # 72K, P:-956K)
[14] 0.000014 +J(0)
[15] 0.000168 +J(0) +M(C:0K, Fs:101, WS:400K # 0K, PF:68K # 0K, P:68K)
[16] 0.000354 -0.000191 (1) WT +J(0) +M(C:0K, Fs:3, WS:4K # 0K, PF:0K # 0K, P:0K)."
"9/1/2026 5:01:26 PM","102","Information","ESENT","certsrv.exe (4160,P,98) The database engine (10.00.20348.0000) is starting a new instance (0)."
"9/1/2026 5:01:26 PM","103","Information","ESENT","certsrv.exe (2808,T,97) The database engine stopped the instance (0). 
 
Dirty Shutdown: 0 
 
Internal Timing Sequence: 
[1] 0.000017 +J(0)
[2] 0.000011 +J(0) +M(C:0K, Fs:1, WS:4K # 0K, PF:0K # 0K, P:0K)
[3] 0.000001 +J(0)
[4] 0.000005 +J(0)
[5] 0.011732 -0.009006 (10) WT +J(0) +M(C:0K, Fs:7, WS:20K # 0K, PF:0K # 0K, P:0K)
[6] 0.000008 +J(0)
[7] 0.000006 +J(0)
[8] 0.007076 -0.002631 (12) WT +J(CM:0, PgRf:0, Rd:0/0, Dy:0/0, Lg:230/2) +M(C:0K, Fs:9, WS:-12K # 0K, PF:-28K # 0K, P:-28K)
[9] 0.000666 -0.000388 (1) WT +J(CM:0, PgRf:0, Rd:0/0, Dy:0/0, Lg:66/1) +M(C:0K, Fs:1, WS:4K # 0K, PF:0K # 0K, P:0K)
[10] 0.000019 +J(0)
[11] 0.001109 -0.000262 (2) WT +J(0)
[12] 0.000049 +J(0) +M(C:0K, Fs:0, WS:-4K # 0K, PF:-4K # 0K, P:-4K)
[13] 0.000069 +J(0)
[14] 0.000020 +J(0) +M(C:0K, Fs:0, WS:-36K # 0K, PF:-52K # 0K, P:-52K)
[15] 0.000002 +J(0)."
"9/1/2026 5:01:07 PM","1000","Information","VGAuth","vmtoolsd: Username and password successfully validated for 'Administrator'"
"9/1/2026 5:01:07 PM","1000","Information","VGAuth","vmtoolsd: Username and password successfully validated for 'Administrator'"
"9/1/2026 5:01:07 PM","1000","Information","VGAuth","vmtoolsd: Username and password successfully validated for 'Administrator'"
"9/1/2026 5:01:07 PM","1000","Information","VGAuth","vmtoolsd: Username and password successfully validated for 'Administrator'"
"9/1/2026 5:01:07 PM","1000","Information","VGAuth","vmtoolsd: Username and password successfully validated for 'Administrator'"
"9/1/2026 5:01:07 PM","1000","Information","VGAuth","vmtoolsd: Username and password successfully validated for 'Administrator'"
"9/1/2026 5:01:07 PM","1000","Information","VGAuth","vmtoolsd: Username and password successfully validated for 'Administrator'"
"9/1/2026 5:01:07 PM","1000","Information","VGAuth","vmtoolsd: Username and password successfully validated for 'Administrator'"
"9/1/2026 5:01:07 PM","1000","Information","VGAuth","vmtoolsd: Username and password successfully validated for 'Administrator'"
"9/1/2026 5:01:07 PM","1000","Information","VGAuth","vmtoolsd: Username and password successfully validated for 'Administrator'"
"9/1/2026 5:01:07 PM","1000","Information","VGAuth","vmtoolsd: Username and password successfully validated for 'Administrator'"
"9/1/2026 5:01:07 PM","1000","Information","VGAuth","vmtoolsd: Username and password successfully validated for 'Administrator'"
"9/1/2026 5:01:07 PM","1000","Information","VGAuth","vmtoolsd: Username and password successfully validated for 'Administrator'"
"9/1/2026 5:01:07 PM","1000","Information","VGAuth","vmtoolsd: Username and password successfully validated for 'Administrator'"
"9/1/2026 5:01:07 PM","1000","Information","VGAuth","vmtoolsd: Username and password successfully validated for 'Administrator'"
"9/1/2026 5:01:07 PM","1000","Information","VGAuth","vmtoolsd: Username and password successfully validated for 'Administrator'"
"9/1/2026 5:01:07 PM","1000","Information","VGAuth","vmtoolsd: Username and password successfully validated for 'Administrator'"
"9/1/2026 5:01:07 PM","1000","Information","VGAuth","vmtoolsd: Username and password successfully validated for 'Administrator'"
"9/1/2026 5:01:07 PM","1000","Information","VGAuth","vmtoolsd: Username and password successfully validated for 'Administrator'"
"9/1/2026 5:01:07 PM","1000","Information","VGAuth","vmtoolsd: Username and password successfully validated for 'Administrator'"
"9/1/2026 5:01:06 PM","1000","Information","VGAuth","vmtoolsd: Username and password successfully validated for 'Administrator'"
"9/1/2026 5:01:05 PM","1704","Information","SceCli","Security policy in the Group policy objects has been applied successfully."
"9/1/2026 5:00:46 PM","1000","Information","VGAuth","vmtoolsd: Username and password successfully validated for 'Administrator'"
"9/1/2026 5:00:43 PM","1000","Information","VGAuth","vmtoolsd: Username and password successfully validated for 'Administrator'"
"9/1/2026 5:00:43 PM","1000","Information","VGAuth","vmtoolsd: Username and password successfully validated for 'Administrator'"
"9/1/2026 5:00:43 PM","1000","Information","VGAuth","vmtoolsd: Username and password successfully validated for 'Administrator'"
"9/1/2026 5:00:43 PM","1000","Information","VGAuth","vmtoolsd: Username and password successfully validated for 'Administrator'"
"9/1/2026 5:00:43 PM","1000","Information","VGAuth","vmtoolsd: Username and password successfully validated for 'Administrator'"
"9/1/2026 5:00:43 PM","1000","Information","VGAuth","vmtoolsd: Username and password successfully validated for 'Administrator'"
"9/1/2026 5:00:43 PM","1000","Information","VGAuth","vmtoolsd: Username and password successfully validated for 'Administrator'"
"9/1/2026 5:00:42 PM","1000","Information","VGAuth","vmtoolsd: Username and password successfully validated for 'Administrator'"
"9/1/2026 5:00:42 PM","1000","Information","VGAuth","vmtoolsd: Username and password successfully validated for 'Administrator'"
"9/1/2026 5:00:42 PM","1000","Information","VGAuth","vmtoolsd: Username and password successfully validated for 'Administrator'"
"9/1/2026 5:00:42 PM","1000","Information","VGAuth","vmtoolsd: Username and password successfully validated for 'Administrator'"
"9/1/2026 5:00:42 PM","1000","Information","VGAuth","vmtoolsd: Username and password successfully validated for 'Administrator'"
"9/1/2026 5:00:42 PM","1000","Information","VGAuth","vmtoolsd: Username and password successfully validated for 'Administrator'"
"9/1/2026 5:00:42 PM","1000","Information","VGAuth","vmtoolsd: Username and password successfully validated for 'Administrator'"
"9/1/2026 5:00:41 PM","1000","Information","VGAuth","vmtoolsd: Username and password successfully validated for 'Administrator'"
"9/1/2026 5:00:39 PM","1000","Information","VGAuth","vmtoolsd: Username and password successfully validated for 'Administrator'"
"9/1/2026 5:00:39 PM","1000","Information","VGAuth","vmtoolsd: Username and password successfully validated for 'Administrator'"
"9/1/2026 5:00:38 PM","1000","Information","VGAuth","vmtoolsd: Username and password successfully validated for 'Administrator'"
"9/1/2026 5:00:38 PM","1000","Information","VGAuth","vmtoolsd: Username and password successfully validated for 'Administrator'"
"9/1/2026 5:00:38 PM","1000","Information","VGAuth","vmtoolsd: Username and password successfully validated for 'Administrator'"
"9/1/2026 5:00:38 PM","1000","Information","VGAuth","vmtoolsd: Username and password successfully validated for 'Administrator'"
"9/1/2026 5:00:38 PM","1000","Information","VGAuth","vmtoolsd: Username and password successfully validated for 'Administrator'"
"9/1/2026 5:00:38 PM","1000","Information","VGAuth","vmtoolsd: Username and password successfully validated for 'Administrator'"
"9/1/2026 5:00:38 PM","1000","Information","VGAuth","vmtoolsd: Username and password successfully validated for 'Administrator'"
"9/1/2026 5:00:35 PM","1000","Information","VGAuth","vmtoolsd: Username and password successfully validated for 'Administrator'"
"9/1/2026 5:00:35 PM","1000","Information","VGAuth","vmtoolsd: Username and password successfully validated for 'Administrator'"
"9/1/2026 5:00:34 PM","1000","Information","VGAuth","vmtoolsd: Username and password successfully validated for 'Administrator'"
"9/1/2026 5:00:34 PM","1000","Information","VGAuth","vmtoolsd: Username and password successfully validated for 'Administrator'"
"9/1/2026 5:00:34 PM","1000","Information","VGAuth","vmtoolsd: Username and password successfully validated for 'Administrator'"
"9/1/2026 5:00:34 PM","1000","Information","VGAuth","vmtoolsd: Username and password successfully validated for 'Administrator'"
"9/1/2026 5:00:34 PM","1000","Information","VGAuth","vmtoolsd: Username and password successfully validated for 'Administrator'"
"9/1/2026 5:00:34 PM","1000","Information","VGAuth","vmtoolsd: Username and password successfully validated for 'Administrator'"
"9/1/2026 5:00:34 PM","1000","Information","VGAuth","vmtoolsd: Username and password successfully validated for 'Administrator'"
"9/1/2026 5:00:34 PM","1000","Information","VGAuth","vmtoolsd: Username and password successfully validated for 'Administrator'"
"9/1/2026 5:00:33 PM","1000","Information","VGAuth","vmtoolsd: Username and password successfully validated for 'Administrator'"
"9/1/2026 5:00:31 PM","1000","Information","VGAuth","vmtoolsd: Username and password successfully validated for 'Administrator'"
"9/1/2026 5:00:29 PM","1000","Information","VGAuth","vmtoolsd: Username and password successfully validated for 'Administrator'"
"9/1/2026 5:00:27 PM","1000","Information","VGAuth","vmtoolsd: Username and password successfully validated for 'Administrator'"
"9/1/2026 5:00:26 PM","1000","Information","VGAuth","vmtoolsd: Username and password successfully validated for 'Administrator'"
"9/1/2026 5:00:26 PM","1000","Information","VGAuth","vmtoolsd: Username and password successfully validated for 'Administrator'"
"9/1/2026 5:00:26 PM","1000","Information","VGAuth","vmtoolsd: Username and password successfully validated for 'Administrator'"
