"9/7/2026 7:52:15 PM","5858","Error","Microsoft-Windows-WMI-Activity","Id = {72D41863-84E9-4945-97C3-BC3C5B92717C}; ClientMachine = DC; User = NT AUTHORITY\SYSTEM; ClientProcessId = 1456; Component = Unknown; Operation = Start IWbemServices::DeleteInstance - Root\Rsop\Computer : RSOP_ExtensionStatus.extensionGuid=""{0E28E245-9368-4853-AD84-6DA3BA35BB75}""; ResultCode = 0x80041002; PossibleCause = Unknown"
"9/7/2026 7:52:15 PM","5858","Error","Microsoft-Windows-WMI-Activity","Id = {72D41863-84E9-4945-97C3-BC3C5B92717C}; ClientMachine = DC; User = NT AUTHORITY\SYSTEM; ClientProcessId = 1456; Component = Unknown; Operation = Start IWbemServices::DeleteInstance - Root\Rsop\Computer : RSOP_ExtensionStatus.extensionGuid=""{0ACDD40C-75AC-47ab-BAA0-BF6DE7E7FE63}""; ResultCode = 0x80041002; PossibleCause = Unknown"
"9/7/2026 7:51:55 PM","5858","Error","Microsoft-Windows-WMI-Activity","Id = {8037B8BA-F98E-4A83-AC8D-CBA65C5175B9}; ClientMachine = DC; User = SCAFFOLD\Administrator; ClientProcessId = 3876; Component = Provider; Operation = Start IWbemServices::ExecMethod - root\microsoft\windows\servermanager : MSFT_ServerManagerTasks::GetServerFeature; ResultCode = 0x80041001; PossibleCause = Unknown"
"9/7/2026 7:51:44 PM","5857","Information","Microsoft-Windows-WMI-Activity","deploymentprovider provider started with result code 0x0. HostProcess = wmiprvse.exe; ProcessID = 2552; ProviderPath = %systemroot%\system32\wbem\ServerManager.DeploymentProvider.dll"
"9/7/2026 7:51:42 PM","5857","Information","Microsoft-Windows-WMI-Activity","nettcpip provider started with result code 0x0. HostProcess = wmiprvse.exe; ProcessID = 4128; ProviderPath = %systemroot%\system32\wbem\NetTCPIP.dll"
"9/7/2026 7:51:42 PM","5857","Information","Microsoft-Windows-WMI-Activity","NetAdapterCim provider started with result code 0x0. HostProcess = wmiprvse.exe; ProcessID = 4616; ProviderPath = %systemroot%\system32\wbem\NetAdapterCim.dll"
"9/7/2026 7:51:42 PM","5857","Information","Microsoft-Windows-WMI-Activity","mgmtprovider provider started with result code 0x0. HostProcess = wmiprvse.exe; ProcessID = 4128; ProviderPath = %systemroot%\system32\wbem\mgmtprovider.dll"
"9/7/2026 7:43:42 PM","5858","Error","Microsoft-Windows-WMI-Activity","Id = {00000000-0000-0000-0000-000000000000}; ClientMachine = DC; User = NT AUTHORITY\SYSTEM; ClientProcessId = 4916; Component = Unknown; Operation = Start IWbemServices::ExecQuery - ROOT\CIMV2 : SELECT State FROM Win32_Service; ResultCode = 0x80041032; PossibleCause = Unknown"
"9/7/2026 7:43:28 PM","5857","Information","Microsoft-Windows-WMI-Activity","Microsoft|DSLDAPInstanceProvider|V1.0 provider started with result code 0x0. HostProcess = wmiprvse.exe; ProcessID = 4128; ProviderPath = %systemroot%\system32\wbem\dsprov.dll"
"9/7/2026 7:43:27 PM","5857","Information","Microsoft-Windows-WMI-Activity","Microsoft|DSLDAPClassProvider|V1.0 provider started with result code 0x0. HostProcess = wmiprvse.exe; ProcessID = 4128; ProviderPath = %systemroot%\system32\wbem\dsprov.dll"
"9/7/2026 7:43:19 PM","5857","Information","Microsoft-Windows-WMI-Activity","Win32_WIN32_TERMINALSERVICE_Prov provider started with result code 0x0. HostProcess = wmiprvse.exe; ProcessID = 4128; ProviderPath = %SystemRoot%\system32\tscfgwmi.dll"
"9/7/2026 7:43:19 PM","5858","Error","Microsoft-Windows-WMI-Activity","Id = {00000000-0000-0000-0000-000000000000}; ClientMachine = DC; User = NT AUTHORITY\SYSTEM; ClientProcessId = 6376; Component = Unknown; Operation = Start IWbemServices::ExecQuery - ROOT\WMI : SELECT * FROM BatteryStaticData; ResultCode = 0x80041010; PossibleCause = Unknown"
"9/7/2026 7:43:19 PM","5858","Error","Microsoft-Windows-WMI-Activity","Id = {00000000-0000-0000-0000-000000000000}; ClientMachine = DC; User = NT AUTHORITY\SYSTEM; ClientProcessId = 6376; Component = Unknown; Operation = Start IWbemServices::ExecQuery - ROOT\WMI : SELECT * FROM BatteryFullChargedCapacity; ResultCode = 0x80041010; PossibleCause = Unknown"
"9/7/2026 7:43:19 PM","5857","Information","Microsoft-Windows-WMI-Activity","WMIProv provider started with result code 0x0. HostProcess = wmiprvse.exe; ProcessID = 4532; ProviderPath = %systemroot%\system32\wbem\wmiprov.dll"
"9/7/2026 7:43:19 PM","5857","Information","Microsoft-Windows-WMI-Activity","PowerWmiProvider provider started with result code 0x0. HostProcess = wmiprvse.exe; ProcessID = 6892; ProviderPath = %systemroot%\system32\umpowmi.dll"
"9/7/2026 7:43:18 PM","5857","Information","Microsoft-Windows-WMI-Activity","StorageWMI provider started with result code 0x0. HostProcess = wmiprvse.exe; ProcessID = 4128; ProviderPath = %SystemRoot%\System32\storagewmi.dll"
"9/7/2026 7:43:18 PM","5857","Information","Microsoft-Windows-WMI-Activity","MSVDS__PROVIDER provider started with result code 0x0. HostProcess = wmiprvse.exe; ProcessID = 4128; ProviderPath = %systemroot%\system32\wbem\vdswmi.dll"
"9/7/2026 7:41:55 PM","5858","Error","Microsoft-Windows-WMI-Activity","Id = {33C77E91-0BEE-439D-9BC5-8FC1926FE46F}; ClientMachine = DC; User = SCAFFOLD\Administrator; ClientProcessId = 3876; Component = Provider; Operation = Start IWbemServices::ExecMethod - root\microsoft\windows\servermanager : MSFT_ServerManagerTasks::GetServerFeature; ResultCode = 0x80041001; PossibleCause = Unknown"
"9/7/2026 7:41:44 PM","5857","Information","Microsoft-Windows-WMI-Activity","deploymentprovider provider started with result code 0x0. HostProcess = wmiprvse.exe; ProcessID = 4068; ProviderPath = %systemroot%\system32\wbem\ServerManager.DeploymentProvider.dll"
"9/7/2026 7:41:42 PM","5857","Information","Microsoft-Windows-WMI-Activity","nettcpip provider started with result code 0x0. HostProcess = wmiprvse.exe; ProcessID = 4128; ProviderPath = %systemroot%\system32\wbem\NetTCPIP.dll"
"9/7/2026 7:41:42 PM","5857","Information","Microsoft-Windows-WMI-Activity","NetAdapterCim provider started with result code 0x0. HostProcess = wmiprvse.exe; ProcessID = 6692; ProviderPath = %systemroot%\system32\wbem\NetAdapterCim.dll"
"9/7/2026 7:41:42 PM","5857","Information","Microsoft-Windows-WMI-Activity","mgmtprovider provider started with result code 0x0. HostProcess = wmiprvse.exe; ProcessID = 4128; ProviderPath = %systemroot%\system32\wbem\mgmtprovider.dll"
"9/7/2026 7:31:56 PM","5858","Error","Microsoft-Windows-WMI-Activity","Id = {D347F95E-A7A6-46C2-B029-99BA752636EE}; ClientMachine = DC; User = SCAFFOLD\Administrator; ClientProcessId = 3876; Component = Provider; Operation = Start IWbemServices::ExecMethod - root\microsoft\windows\servermanager : MSFT_ServerManagerTasks::GetServerFeature; ResultCode = 0x80041001; PossibleCause = Unknown"
"9/7/2026 7:31:44 PM","5857","Information","Microsoft-Windows-WMI-Activity","deploymentprovider provider started with result code 0x0. HostProcess = wmiprvse.exe; ProcessID = 5628; ProviderPath = %systemroot%\system32\wbem\ServerManager.DeploymentProvider.dll"
"9/7/2026 7:31:42 PM","5857","Information","Microsoft-Windows-WMI-Activity","nettcpip provider started with result code 0x0. HostProcess = wmiprvse.exe; ProcessID = 4128; ProviderPath = %systemroot%\system32\wbem\NetTCPIP.dll"
"9/7/2026 7:31:42 PM","5857","Information","Microsoft-Windows-WMI-Activity","NetAdapterCim provider started with result code 0x0. HostProcess = wmiprvse.exe; ProcessID = 6028; ProviderPath = %systemroot%\system32\wbem\NetAdapterCim.dll"
"9/7/2026 7:31:42 PM","5857","Information","Microsoft-Windows-WMI-Activity","mgmtprovider provider started with result code 0x0. HostProcess = wmiprvse.exe; ProcessID = 4128; ProviderPath = %systemroot%\system32\wbem\mgmtprovider.dll"
"9/7/2026 7:31:23 PM","5857","Information","Microsoft-Windows-WMI-Activity","Win32_WIN32_TERMINALSERVICE_Prov provider started with result code 0x0. HostProcess = wmiprvse.exe; ProcessID = 4128; ProviderPath = %SystemRoot%\system32\tscfgwmi.dll"
"9/7/2026 7:28:46 PM","5858","Error","Microsoft-Windows-WMI-Activity","Id = {3A26B819-3F38-0000-73C0-263A383FDD01}; ClientMachine = DC; User = NT AUTHORITY\SYSTEM; ClientProcessId = 5048; Component = Unknown; Operation = Start IWbemServices::ExecNotificationQuery - ROOT\CIMV2 : SELECT * FROM Win32_ProcessStartTrace WHERE ProcessName = 'wsmprovhost.exe'; ResultCode = 0x80041032; PossibleCause = Unknown"
"9/7/2026 7:22:26 PM","5857","Information","Microsoft-Windows-WMI-Activity","DeliveryOptimizationMIProv provider started with result code 0x0. HostProcess = wmiprvse.exe; ProcessID = 4128; ProviderPath = %SystemRoot%\system32\domgmt.dll"
"9/7/2026 7:22:26 PM","5857","Information","Microsoft-Windows-WMI-Activity","Win32_DeviceGuard provider started with result code 0x0. HostProcess = wmiprvse.exe; ProcessID = 4128; ProviderPath = %SystemRoot%\System32\Win32_DeviceGuard.dll"
"9/7/2026 7:22:25 PM","5857","Information","Microsoft-Windows-WMI-Activity","Win32_TpmProvider provider started with result code 0x0. HostProcess = wmiprvse.exe; ProcessID = 4128; ProviderPath = C:\Windows\System32\wbem\Win32_TPM.dll"
"9/7/2026 7:22:25 PM","5858","Error","Microsoft-Windows-WMI-Activity","Id = {00000000-0000-0000-0000-000000000000}; ClientMachine = DC; User = NT AUTHORITY\SYSTEM; ClientProcessId = 7004; Component = Unknown; Operation = Start IWbemServices::ExecQuery - ROOT\CCM : select ClientId from CCM_Client; ResultCode = 0x80041010; PossibleCause = Unknown"
"9/7/2026 7:22:25 PM","5858","Error","Microsoft-Windows-WMI-Activity","Id = {00000000-0000-0000-0000-000000000000}; ClientMachine = DC; User = NT AUTHORITY\SYSTEM; ClientProcessId = 7004; Component = Unknown; Operation = Start IWbemServices::ExecQuery - ROOT\CIMV2 : SELECT ID FROM Win32_ServerFeature; ResultCode = 0x80041032; PossibleCause = Unknown"
"9/7/2026 7:22:20 PM","5857","Information","Microsoft-Windows-WMI-Activity","ServerFeatureProvider provider started with result code 0x0. HostProcess = wmiprvse.exe; ProcessID = 4128; ProviderPath = %windir%\system32\wbem\servercompprov.dll"
"9/7/2026 7:22:03 PM","5858","Error","Microsoft-Windows-WMI-Activity","Id = {AF755729-2D32-4DC4-BC29-89ECE42CE192}; ClientMachine = DC; User = SCAFFOLD\Administrator; ClientProcessId = 3876; Component = Provider; Operation = Start IWbemServices::ExecMethod - root\microsoft\windows\servermanager : MSFT_ServerManagerTasks::GetServerFeature; ResultCode = 0x80041001; PossibleCause = Unknown"
"9/7/2026 7:21:49 PM","5857","Information","Microsoft-Windows-WMI-Activity","deploymentprovider provider started with result code 0x0. HostProcess = wmiprvse.exe; ProcessID = 6616; ProviderPath = %systemroot%\system32\wbem\ServerManager.DeploymentProvider.dll"
"9/7/2026 7:21:43 PM","5857","Information","Microsoft-Windows-WMI-Activity","nettcpip provider started with result code 0x0. HostProcess = wmiprvse.exe; ProcessID = 4128; ProviderPath = %systemroot%\system32\wbem\NetTCPIP.dll"
"9/7/2026 7:21:43 PM","5857","Information","Microsoft-Windows-WMI-Activity","NetAdapterCim provider started with result code 0x0. HostProcess = wmiprvse.exe; ProcessID = 6336; ProviderPath = %systemroot%\system32\wbem\NetAdapterCim.dll"
"9/7/2026 7:21:42 PM","5857","Information","Microsoft-Windows-WMI-Activity","mgmtprovider provider started with result code 0x0. HostProcess = wmiprvse.exe; ProcessID = 4128; ProviderPath = %systemroot%\system32\wbem\mgmtprovider.dll"
"9/7/2026 7:20:39 PM","5858","Error","Microsoft-Windows-WMI-Activity","Id = {00000000-0000-0000-0000-000000000000}; ClientMachine = DC; User = NT AUTHORITY\SYSTEM; ClientProcessId = 676; Component = Unknown; Operation = Start IWbemServices::ExecQuery - root\cimv2 : SELECT * FROM Win32_ComputerSystemProduct; ResultCode = 0x80041032; PossibleCause = Unknown"
"9/7/2026 7:20:39 PM","5858","Error","Microsoft-Windows-WMI-Activity","Id = {00000000-0000-0000-0000-000000000000}; ClientMachine = DC; User = NT AUTHORITY\SYSTEM; ClientProcessId = 676; Component = Unknown; Operation = Start IWbemServices::ExecQuery - root\cimv2 : SELECT * FROM Win32_ComputerSystemProduct; ResultCode = 0x80041032; PossibleCause = Unknown"
"9/7/2026 7:19:04 PM","5857","Information","Microsoft-Windows-WMI-Activity","MS_NT_EVENTLOG_PROVIDER provider started with result code 0x0. HostProcess = wmiprvse.exe; ProcessID = 4128; ProviderPath = %systemroot%\system32\wbem\ntevt.dll"
"9/7/2026 7:18:36 PM","5860","Information","Microsoft-Windows-WMI-Activity","Namespace = ROOT\CIMV2; NotificationQuery = SELECT * FROM Win32_ProcessStartTrace WHERE ProcessName = 'wsmprovhost.exe'; UserName = NT AUTHORITY\SYSTEM; ClientProcessID = 5048, ClientMachine = DC; PossibleCause = Temporary"
"9/7/2026 7:18:36 PM","5857","Information","Microsoft-Windows-WMI-Activity","WMI Kernel Trace Event Provider provider started with result code 0x0. HostProcess = wmiprvse.exe; ProcessID = 2172; ProviderPath = C:\Windows\System32\wbem\krnlprov.dll"
"9/7/2026 7:18:23 PM","5857","Information","Microsoft-Windows-WMI-Activity","WmiPerfClass provider started with result code 0x0. HostProcess = wmiprvse.exe; ProcessID = 4532; ProviderPath = C:\Windows\System32\wbem\WmiPerfClass.dll"
"9/7/2026 7:18:14 PM","5858","Error","Microsoft-Windows-WMI-Activity","Id = {00000000-0000-0000-0000-000000000000}; ClientMachine = DC; User = NT AUTHORITY\SYSTEM; ClientProcessId = 3852; Component = Unknown; Operation = Start IWbemServices::CreateInstanceEnum - root\wmi : MSiSCSI_PortalInfoClass; ResultCode = 0x8004100C; PossibleCause = Unknown"
"9/7/2026 7:18:13 PM","5858","Error","Microsoft-Windows-WMI-Activity","Id = {00000000-0000-0000-0000-000000000000}; ClientMachine = DC; User = NT AUTHORITY\SYSTEM; ClientProcessId = 3852; Component = Unknown; Operation = Start IWbemServices::CreateInstanceEnum - root\wmi : MS_SM_AdapterInformationQuery; ResultCode = 0x8004100C; PossibleCause = Unknown"
"9/7/2026 7:18:13 PM","5857","Information","Microsoft-Windows-WMI-Activity","WMIProv provider started with result code 0x0. HostProcess = wmiprvse.exe; ProcessID = 4532; ProviderPath = %systemroot%\system32\wbem\wmiprov.dll"
"9/7/2026 7:18:09 PM","5859","Information","Microsoft-Windows-WMI-Activity","Namespace = //./root/CIMV2; NotificationQuery = select * from MSFT_SCMEventLogEvent; OwnerName = S-1-5-32-544; HostProcessID = 2172;  Provider= SCM Event Provider, queryID = 0; PossibleCause = Permanent"
"9/7/2026 7:18:09 PM","5857","Information","Microsoft-Windows-WMI-Activity","CIMWin32 provider started with result code 0x0. HostProcess = wmiprvse.exe; ProcessID = 4128; ProviderPath = %systemroot%\system32\wbem\cimwin32.dll"
"9/7/2026 7:18:09 PM","5860","Information","Microsoft-Windows-WMI-Activity","Namespace = ROOT\Subscription; NotificationQuery = SELECT * FROM __InstanceOperationEvent WITHIN 5WHERE TargetInstance ISA '__EventConsumer' OR TargetInstance ISA '__EventFilter' OR TargetInstance ISA '__FilterToConsumerBinding'; UserName = NT AUTHORITY\SYSTEM; ClientProcessID = 1332, ClientMachine = DC; PossibleCause = Temporary"
"9/7/2026 7:18:08 PM","5861","Information","Microsoft-Windows-WMI-Activity","Namespace = //./root/subscription; Eventfilter = SCM Event Log Filter (refer to its activate eventid:5859); Consumer = NTEventLogEventConsumer=""SCM Event Log Consumer""; PossibleCause = Binding EventFilter: 
instance of __EventFilter
{
	CreatorSID = {1, 2, 0, 0, 0, 0, 0, 5, 32, 0, 0, 0, 32, 2, 0, 0};
	EventNamespace = ""root\\cimv2"";
	Name = ""SCM Event Log Filter"";
	Query = ""select * from MSFT_SCMEventLogEvent"";
	QueryLanguage = ""WQL"";
};
Perm. Consumer: 
instance of NTEventLogEventConsumer
{
	Category = 0;
	CreatorSID = {1, 2, 0, 0, 0, 0, 0, 5, 32, 0, 0, 0, 32, 2, 0, 0};
	EventType = 1;
	Name = ""SCM Event Log Consumer"";
	NameOfUserSIDProperty = ""sid"";
	SourceName = ""Service Control Manager"";
};
"
"9/1/2026 10:59:27 PM","5858","Error","Microsoft-Windows-WMI-Activity","Id = {00000000-0000-0000-0000-000000000000}; ClientMachine = DC; User = NT AUTHORITY\NETWORK SERVICE; ClientProcessId = 3660; Component = Unknown; Operation = Start IWbemServices::ExecQuery - ROOT\CIMV2 : SELECT Manufacturer, Product FROM Win32_BaseBoard; ResultCode = 0x80041032; PossibleCause = Unknown"
"9/1/2026 10:54:22 PM","5858","Error","Microsoft-Windows-WMI-Activity","Id = {158D70FC-4FD8-4A51-A552-FCB6017A61A2}; ClientMachine = DC; User = SCAFFOLD\Administrator; ClientProcessId = 6152; Component = Provider; Operation = Start IWbemServices::ExecMethod - root\microsoft\windows\servermanager : MSFT_ServerManagerTasks::GetServerFeature; ResultCode = 0x80041001; PossibleCause = Unknown"
"9/1/2026 10:54:11 PM","5857","Information","Microsoft-Windows-WMI-Activity","deploymentprovider provider started with result code 0x0. HostProcess = wmiprvse.exe; ProcessID = 6204; ProviderPath = %systemroot%\system32\wbem\ServerManager.DeploymentProvider.dll"
"9/1/2026 10:54:09 PM","5857","Information","Microsoft-Windows-WMI-Activity","nettcpip provider started with result code 0x0. HostProcess = wmiprvse.exe; ProcessID = 4132; ProviderPath = %systemroot%\system32\wbem\NetTCPIP.dll"
"9/1/2026 10:54:09 PM","5857","Information","Microsoft-Windows-WMI-Activity","NetAdapterCim provider started with result code 0x0. HostProcess = wmiprvse.exe; ProcessID = 2908; ProviderPath = %systemroot%\system32\wbem\NetAdapterCim.dll"
"9/1/2026 10:54:09 PM","5857","Information","Microsoft-Windows-WMI-Activity","mgmtprovider provider started with result code 0x0. HostProcess = wmiprvse.exe; ProcessID = 4132; ProviderPath = %systemroot%\system32\wbem\mgmtprovider.dll"
"9/1/2026 10:53:12 PM","5858","Error","Microsoft-Windows-WMI-Activity","Id = {C98E9462-3A9D-0000-609A-8EC99D3ADD01}; ClientMachine = DC; User = NT AUTHORITY\SYSTEM; ClientProcessId = 2084; Component = Unknown; Operation = Start IWbemServices::ExecNotificationQuery - ROOT\CIMV2 : SELECT * FROM Win32_ProcessStartTrace WHERE ProcessName = 'wsmprovhost.exe'; ResultCode = 0x80041032; PossibleCause = Unknown"
"9/1/2026 10:51:12 PM","5857","Information","Microsoft-Windows-WMI-Activity","WMIProv provider started with result code 0x0. HostProcess = wmiprvse.exe; ProcessID = 4804; ProviderPath = %systemroot%\system32\wbem\wmiprov.dll"
"9/1/2026 10:44:39 PM","5858","Error","Microsoft-Windows-WMI-Activity","Id = {00000000-0000-0000-0000-000000000000}; ClientMachine = DC; User = NT AUTHORITY\SYSTEM; ClientProcessId = 5804; Component = Unknown; Operation = Start IWbemServices::ExecQuery - root\cimv2 : SELECT * FROM Win32_OperatingSystem; ResultCode = 0x80041032; PossibleCause = Unknown"
"9/1/2026 10:44:39 PM","5858","Error","Microsoft-Windows-WMI-Activity","Id = {00000000-0000-0000-0000-000000000000}; ClientMachine = DC; User = NT AUTHORITY\SYSTEM; ClientProcessId = 5804; Component = Unknown; Operation = Start IWbemServices::ExecQuery - root\cimv2 : SELECT * FROM Win32_OperatingSystem; ResultCode = 0x80041032; PossibleCause = Unknown"
"9/1/2026 10:44:39 PM","5858","Error","Microsoft-Windows-WMI-Activity","Id = {00000000-0000-0000-0000-000000000000}; ClientMachine = DC; User = NT AUTHORITY\SYSTEM; ClientProcessId = 5804; Component = Unknown; Operation = Start IWbemServices::ExecQuery - root\cimv2 : SELECT * FROM Win32_ComputerSystemProduct; ResultCode = 0x80041032; PossibleCause = Unknown"
"9/1/2026 10:44:29 PM","5858","Error","Microsoft-Windows-WMI-Activity","Id = {D1B7EC1F-5F49-4A9E-A7FD-AD5FB6DEFEEB}; ClientMachine = DC; User = SCAFFOLD\Administrator; ClientProcessId = 6152; Component = Provider; Operation = Start IWbemServices::ExecMethod - root\microsoft\windows\servermanager : MSFT_ServerManagerTasks::GetServerFeature; ResultCode = 0x80041001; PossibleCause = Unknown"
"9/1/2026 10:44:17 PM","5857","Information","Microsoft-Windows-WMI-Activity","deploymentprovider provider started with result code 0x0. HostProcess = wmiprvse.exe; ProcessID = 1408; ProviderPath = %systemroot%\system32\wbem\ServerManager.DeploymentProvider.dll"
"9/1/2026 10:44:11 PM","5857","Information","Microsoft-Windows-WMI-Activity","nettcpip provider started with result code 0x0. HostProcess = wmiprvse.exe; ProcessID = 4132; ProviderPath = %systemroot%\system32\wbem\NetTCPIP.dll"
"9/1/2026 10:44:10 PM","5857","Information","Microsoft-Windows-WMI-Activity","NetAdapterCim provider started with result code 0x0. HostProcess = wmiprvse.exe; ProcessID = 6488; ProviderPath = %systemroot%\system32\wbem\NetAdapterCim.dll"
"9/1/2026 10:44:09 PM","5857","Information","Microsoft-Windows-WMI-Activity","mgmtprovider provider started with result code 0x0. HostProcess = wmiprvse.exe; ProcessID = 4132; ProviderPath = %systemroot%\system32\wbem\mgmtprovider.dll"
"9/1/2026 10:43:32 PM","5857","Information","Microsoft-Windows-WMI-Activity","MS_NT_EVENTLOG_PROVIDER provider started with result code 0x0. HostProcess = wmiprvse.exe; ProcessID = 4132; ProviderPath = %systemroot%\system32\wbem\ntevt.dll"
"9/1/2026 10:43:03 PM","5858","Error","Microsoft-Windows-WMI-Activity","Id = {00000000-0000-0000-0000-000000000000}; ClientMachine = DC; User = NT AUTHORITY\NETWORK SERVICE; ClientProcessId = 5452; Component = Unknown; Operation = Start IWbemServices::ExecQuery - ROOT\CIMV2 : SELECT Manufacturer, Product FROM Win32_BaseBoard; ResultCode = 0x80041032; PossibleCause = Unknown"
"9/1/2026 10:42:58 PM","5860","Information","Microsoft-Windows-WMI-Activity","Namespace = ROOT\CIMV2; NotificationQuery = SELECT * FROM Win32_ProcessStartTrace WHERE ProcessName = 'wsmprovhost.exe'; UserName = NT AUTHORITY\SYSTEM; ClientProcessID = 2084, ClientMachine = DC; PossibleCause = Temporary"
"9/1/2026 10:42:58 PM","5857","Information","Microsoft-Windows-WMI-Activity","WMI Kernel Trace Event Provider provider started with result code 0x0. HostProcess = wmiprvse.exe; ProcessID = 2428; ProviderPath = C:\Windows\System32\wbem\krnlprov.dll"
"9/1/2026 10:42:50 PM","5857","Information","Microsoft-Windows-WMI-Activity","WmiPerfClass provider started with result code 0x0. HostProcess = wmiprvse.exe; ProcessID = 4804; ProviderPath = C:\Windows\System32\wbem\WmiPerfClass.dll"
"9/1/2026 10:42:48 PM","5858","Error","Microsoft-Windows-WMI-Activity","Id = {00000000-0000-0000-0000-000000000000}; ClientMachine = DC; User = NT AUTHORITY\SYSTEM; ClientProcessId = 3988; Component = Unknown; Operation = Start IWbemServices::CreateInstanceEnum - root\wmi : MSiSCSI_PortalInfoClass; ResultCode = 0x8004100C; PossibleCause = Unknown"
"9/1/2026 10:42:46 PM","5858","Error","Microsoft-Windows-WMI-Activity","Id = {00000000-0000-0000-0000-000000000000}; ClientMachine = DC; User = NT AUTHORITY\SYSTEM; ClientProcessId = 3988; Component = Unknown; Operation = Start IWbemServices::CreateInstanceEnum - root\wmi : MS_SM_AdapterInformationQuery; ResultCode = 0x8004100C; PossibleCause = Unknown"
"9/1/2026 10:42:46 PM","5857","Information","Microsoft-Windows-WMI-Activity","WMIProv provider started with result code 0x0. HostProcess = wmiprvse.exe; ProcessID = 4804; ProviderPath = %systemroot%\system32\wbem\wmiprov.dll"
"9/1/2026 10:42:39 PM","5857","Information","Microsoft-Windows-WMI-Activity","CIMWin32 provider started with result code 0x0. HostProcess = wmiprvse.exe; ProcessID = 4132; ProviderPath = %systemroot%\system32\wbem\cimwin32.dll"
"9/1/2026 10:42:39 PM","5859","Information","Microsoft-Windows-WMI-Activity","Namespace = //./root/CIMV2; NotificationQuery = select * from MSFT_SCMEventLogEvent; OwnerName = S-1-5-32-544; HostProcessID = 2428;  Provider= SCM Event Provider, queryID = 0; PossibleCause = Permanent"
"9/1/2026 10:42:38 PM","5860","Information","Microsoft-Windows-WMI-Activity","Namespace = ROOT\Subscription; NotificationQuery = SELECT * FROM __InstanceOperationEvent WITHIN 5WHERE TargetInstance ISA '__EventConsumer' OR TargetInstance ISA '__EventFilter' OR TargetInstance ISA '__FilterToConsumerBinding'; UserName = NT AUTHORITY\SYSTEM; ClientProcessID = 1724, ClientMachine = DC; PossibleCause = Temporary"
"9/1/2026 10:42:37 PM","5861","Information","Microsoft-Windows-WMI-Activity","Namespace = //./root/subscription; Eventfilter = SCM Event Log Filter (refer to its activate eventid:5859); Consumer = NTEventLogEventConsumer=""SCM Event Log Consumer""; PossibleCause = Binding EventFilter: 
instance of __EventFilter
{
	CreatorSID = {1, 2, 0, 0, 0, 0, 0, 5, 32, 0, 0, 0, 32, 2, 0, 0};
	EventNamespace = ""root\\cimv2"";
	Name = ""SCM Event Log Filter"";
	Query = ""select * from MSFT_SCMEventLogEvent"";
	QueryLanguage = ""WQL"";
};
Perm. Consumer: 
instance of NTEventLogEventConsumer
{
	Category = 0;
	CreatorSID = {1, 2, 0, 0, 0, 0, 0, 5, 32, 0, 0, 0, 32, 2, 0, 0};
	EventType = 1;
	Name = ""SCM Event Log Consumer"";
	NameOfUserSIDProperty = ""sid"";
	SourceName = ""Service Control Manager"";
};
"
"9/1/2026 9:55:46 PM","5858","Error","Microsoft-Windows-WMI-Activity","Id = {1FBAC3AE-3A97-0001-57CD-BA1F973ADD01}; ClientMachine = DC; User = NT AUTHORITY\SYSTEM; ClientProcessId = 840; Component = Unknown; Operation = Start IWbemServices::ExecNotificationQuery - ROOT\CIMV2 : SELECT * FROM Win32_ProcessStartTrace WHERE ProcessName = 'wsmprovhost.exe'; ResultCode = 0x80041032; PossibleCause = Unknown"
"9/1/2026 9:55:37 PM","5858","Error","Microsoft-Windows-WMI-Activity","Id = {00000000-0000-0000-0000-000000000000}; ClientMachine = DC; User = SCAFFOLD\Administrator; ClientProcessId = 2516; Component = Unknown; Operation = Start IWbemServices::ExecMethod - ROOT\CIMV2 : \\DC\ROOT\CIMV2:Win32_Process.Handle=""5052""::GetOwner; ResultCode = 0x80041002; PossibleCause = Unknown"
"9/1/2026 9:55:17 PM","5860","Information","Microsoft-Windows-WMI-Activity","Namespace = ROOT\CIMV2; NotificationQuery = SELECT * FROM Win32_ProcessStartTrace WHERE ProcessName = 'wsmprovhost.exe'; UserName = NT AUTHORITY\SYSTEM; ClientProcessID = 840, ClientMachine = DC; PossibleCause = Temporary"
"9/1/2026 9:55:17 PM","5857","Information","Microsoft-Windows-WMI-Activity","WMI Kernel Trace Event Provider provider started with result code 0x0. HostProcess = wmiprvse.exe; ProcessID = 3096; ProviderPath = C:\Windows\System32\wbem\krnlprov.dll"
"9/1/2026 9:55:09 PM","5857","Information","Microsoft-Windows-WMI-Activity","WmiPerfClass provider started with result code 0x0. HostProcess = wmiprvse.exe; ProcessID = 4784; ProviderPath = C:\Windows\System32\wbem\WmiPerfClass.dll"
"9/1/2026 9:55:06 PM","5858","Error","Microsoft-Windows-WMI-Activity","Id = {00000000-0000-0000-0000-000000000000}; ClientMachine = DC; User = NT AUTHORITY\SYSTEM; ClientProcessId = 3828; Component = Unknown; Operation = Start IWbemServices::CreateInstanceEnum - root\wmi : MSiSCSI_PortalInfoClass; ResultCode = 0x8004100C; PossibleCause = Unknown"
"9/1/2026 9:55:05 PM","5858","Error","Microsoft-Windows-WMI-Activity","Id = {00000000-0000-0000-0000-000000000000}; ClientMachine = DC; User = NT AUTHORITY\SYSTEM; ClientProcessId = 3828; Component = Unknown; Operation = Start IWbemServices::CreateInstanceEnum - root\wmi : MS_SM_AdapterInformationQuery; ResultCode = 0x8004100C; PossibleCause = Unknown"
"9/1/2026 9:55:04 PM","5857","Information","Microsoft-Windows-WMI-Activity","WMIProv provider started with result code 0x0. HostProcess = wmiprvse.exe; ProcessID = 4784; ProviderPath = %systemroot%\system32\wbem\wmiprov.dll"
"9/1/2026 9:54:57 PM","5859","Information","Microsoft-Windows-WMI-Activity","Namespace = //./root/CIMV2; NotificationQuery = select * from MSFT_SCMEventLogEvent; OwnerName = S-1-5-32-544; HostProcessID = 3096;  Provider= SCM Event Provider, queryID = 0; PossibleCause = Permanent"
"9/1/2026 9:54:57 PM","5857","Information","Microsoft-Windows-WMI-Activity","CIMWin32 provider started with result code 0x0. HostProcess = wmiprvse.exe; ProcessID = 4160; ProviderPath = %systemroot%\system32\wbem\cimwin32.dll"
"9/1/2026 9:54:57 PM","5860","Information","Microsoft-Windows-WMI-Activity","Namespace = ROOT\Subscription; NotificationQuery = SELECT * FROM __InstanceOperationEvent WITHIN 5WHERE TargetInstance ISA '__EventConsumer' OR TargetInstance ISA '__EventFilter' OR TargetInstance ISA '__FilterToConsumerBinding'; UserName = NT AUTHORITY\SYSTEM; ClientProcessID = 2520, ClientMachine = DC; PossibleCause = Temporary"
"9/1/2026 9:54:57 PM","5861","Information","Microsoft-Windows-WMI-Activity","Namespace = //./root/subscription; Eventfilter = SCM Event Log Filter (refer to its activate eventid:5859); Consumer = NTEventLogEventConsumer=""SCM Event Log Consumer""; PossibleCause = Binding EventFilter: 
instance of __EventFilter
{
	CreatorSID = {1, 2, 0, 0, 0, 0, 0, 5, 32, 0, 0, 0, 32, 2, 0, 0};
	EventNamespace = ""root\\cimv2"";
	Name = ""SCM Event Log Filter"";
	Query = ""select * from MSFT_SCMEventLogEvent"";
	QueryLanguage = ""WQL"";
};
Perm. Consumer: 
instance of NTEventLogEventConsumer
{
	Category = 0;
	CreatorSID = {1, 2, 0, 0, 0, 0, 0, 5, 32, 0, 0, 0, 32, 2, 0, 0};
	EventType = 1;
	Name = ""SCM Event Log Consumer"";
	NameOfUserSIDProperty = ""sid"";
	SourceName = ""Service Control Manager"";
};
"
"9/1/2026 9:45:45 PM","5860","Information","Microsoft-Windows-WMI-Activity","Namespace = ROOT\Subscription; NotificationQuery = SELECT * FROM __InstanceOperationEvent WITHIN 5WHERE TargetInstance ISA '__EventConsumer' OR TargetInstance ISA '__EventFilter' OR TargetInstance ISA '__FilterToConsumerBinding'; UserName = NT AUTHORITY\SYSTEM; ClientProcessID = 5280, ClientMachine = DC; PossibleCause = Temporary"
"9/1/2026 9:45:41 PM","5859","Information","Microsoft-Windows-WMI-Activity","Namespace = //./root/CIMV2; NotificationQuery = select * from MSFT_SCMEventLogEvent; OwnerName = S-1-5-32-544; HostProcessID = 3068;  Provider= SCM Event Provider, queryID = 0; PossibleCause = Permanent"
"9/1/2026 9:45:41 PM","5861","Information","Microsoft-Windows-WMI-Activity","Namespace = //./root/subscription; Eventfilter = SCM Event Log Filter (refer to its activate eventid:5859); Consumer = NTEventLogEventConsumer=""SCM Event Log Consumer""; PossibleCause = Binding EventFilter: 
instance of __EventFilter
{
	CreatorSID = {1, 2, 0, 0, 0, 0, 0, 5, 32, 0, 0, 0, 32, 2, 0, 0};
	EventNamespace = ""root\\cimv2"";
	Name = ""SCM Event Log Filter"";
	Query = ""select * from MSFT_SCMEventLogEvent"";
	QueryLanguage = ""WQL"";
};
Perm. Consumer: 
instance of NTEventLogEventConsumer
{
	Category = 0;
	CreatorSID = {1, 2, 0, 0, 0, 0, 0, 5, 32, 0, 0, 0, 32, 2, 0, 0};
	EventType = 1;
	Name = ""SCM Event Log Consumer"";
	NameOfUserSIDProperty = ""sid"";
	SourceName = ""Service Control Manager"";
};
"
"9/1/2026 9:45:15 PM","5857","Information","Microsoft-Windows-WMI-Activity","WMIPingProvider provider started with result code 0x0. HostProcess = wmiprvse.exe; ProcessID = 3756; ProviderPath = %systemroot%\system32\wbem\WMIPICMP.dll"
"9/1/2026 9:45:03 PM","5857","Information","Microsoft-Windows-WMI-Activity","dnsclientcim provider started with result code 0x0. HostProcess = wmiprvse.exe; ProcessID = 1348; ProviderPath = %SYSTEMROOT%\System32\wbem\dnsclientcim.dll"
"9/1/2026 9:45:02 PM","5857","Information","Microsoft-Windows-WMI-Activity","NetAdapterCim provider started with result code 0x0. HostProcess = wmiprvse.exe; ProcessID = 5244; ProviderPath = %systemroot%\system32\wbem\NetAdapterCim.dll"
"9/1/2026 9:44:56 PM","5858","Error","Microsoft-Windows-WMI-Activity","Id = {00000000-0000-0000-0000-000000000000}; ClientMachine = DC; User = NT AUTHORITY\NETWORK SERVICE; ClientProcessId = 5648; Component = Unknown; Operation = Start IWbemServices::ExecQuery - ROOT\CIMV2 : SELECT Manufacturer, Product FROM Win32_BaseBoard; ResultCode = 0x80041032; PossibleCause = Unknown"
"9/1/2026 9:44:42 PM","5857","Information","Microsoft-Windows-WMI-Activity","MS_NT_EVENTLOG_PROVIDER provider started with result code 0x0. HostProcess = wmiprvse.exe; ProcessID = 3756; ProviderPath = %systemroot%\system32\wbem\ntevt.dll"
"9/1/2026 9:44:21 PM","5857","Information","Microsoft-Windows-WMI-Activity","WmiPerfClass provider started with result code 0x0. HostProcess = wmiprvse.exe; ProcessID = 824; ProviderPath = C:\Windows\System32\wbem\WmiPerfClass.dll"
"9/1/2026 9:44:10 PM","5858","Error","Microsoft-Windows-WMI-Activity","Id = {00000000-0000-0000-0000-000000000000}; ClientMachine = DC; User = NT AUTHORITY\SYSTEM; ClientProcessId = 3548; Component = Unknown; Operation = Start IWbemServices::CreateInstanceEnum - root\wmi : MSiSCSI_PortalInfoClass; ResultCode = 0x8004100C; PossibleCause = Unknown"
"9/1/2026 9:44:09 PM","5858","Error","Microsoft-Windows-WMI-Activity","Id = {00000000-0000-0000-0000-000000000000}; ClientMachine = DC; User = NT AUTHORITY\SYSTEM; ClientProcessId = 3548; Component = Unknown; Operation = Start IWbemServices::CreateInstanceEnum - root\wmi : MS_SM_AdapterInformationQuery; ResultCode = 0x8004100C; PossibleCause = Unknown"
"9/1/2026 9:44:09 PM","5857","Information","Microsoft-Windows-WMI-Activity","WMIProv provider started with result code 0x0. HostProcess = wmiprvse.exe; ProcessID = 824; ProviderPath = %systemroot%\system32\wbem\wmiprov.dll"
"9/1/2026 9:44:05 PM","5857","Information","Microsoft-Windows-WMI-Activity","CIMWin32 provider started with result code 0x0. HostProcess = wmiprvse.exe; ProcessID = 3756; ProviderPath = %systemroot%\system32\wbem\cimwin32.dll"
"9/1/2026 9:23:41 PM","5857","Information","Microsoft-Windows-WMI-Activity","MS_NT_EVENTLOG_PROVIDER provider started with result code 0x0. HostProcess = wmiprvse.exe; ProcessID = 2324; ProviderPath = %systemroot%\system32\wbem\ntevt.dll"
"9/1/2026 9:23:19 PM","5857","Information","Microsoft-Windows-WMI-Activity","WmiPerfClass provider started with result code 0x0. HostProcess = wmiprvse.exe; ProcessID = 4172; ProviderPath = C:\Windows\System32\wbem\WmiPerfClass.dll"
"9/1/2026 9:23:07 PM","5858","Error","Microsoft-Windows-WMI-Activity","Id = {00000000-0000-0000-0000-000000000000}; ClientMachine = DC; User = NT AUTHORITY\SYSTEM; ClientProcessId = 3652; Component = Unknown; Operation = Start IWbemServices::CreateInstanceEnum - root\wmi : MSiSCSI_PortalInfoClass; ResultCode = 0x8004100C; PossibleCause = Unknown"
"9/1/2026 9:23:07 PM","5858","Error","Microsoft-Windows-WMI-Activity","Id = {00000000-0000-0000-0000-000000000000}; ClientMachine = DC; User = NT AUTHORITY\SYSTEM; ClientProcessId = 3652; Component = Unknown; Operation = Start IWbemServices::CreateInstanceEnum - root\wmi : MS_SM_AdapterInformationQuery; ResultCode = 0x8004100C; PossibleCause = Unknown"
"9/1/2026 9:23:07 PM","5857","Information","Microsoft-Windows-WMI-Activity","WMIProv provider started with result code 0x0. HostProcess = wmiprvse.exe; ProcessID = 4172; ProviderPath = %systemroot%\system32\wbem\wmiprov.dll"
"9/1/2026 9:23:02 PM","5857","Information","Microsoft-Windows-WMI-Activity","CIMWin32 provider started with result code 0x0. HostProcess = wmiprvse.exe; ProcessID = 2324; ProviderPath = %systemroot%\system32\wbem\cimwin32.dll"
"9/1/2026 9:15:09 PM","5858","Error","Microsoft-Windows-WMI-Activity","Id = {00000000-0000-0000-0000-000000000000}; ClientMachine = DC; User = NT AUTHORITY\NETWORK SERVICE; ClientProcessId = 5980; Component = Unknown; Operation = Start IWbemServices::ExecQuery - ROOT\CIMV2 : SELECT Manufacturer, Product FROM Win32_BaseBoard; ResultCode = 0x80041032; PossibleCause = Unknown"
"9/1/2026 9:15:01 PM","5857","Information","Microsoft-Windows-WMI-Activity","StorageWMI provider started with result code 0x0. HostProcess = wmiprvse.exe; ProcessID = 3304; ProviderPath = %SystemRoot%\System32\storagewmi.dll"
"9/1/2026 9:14:46 PM","5857","Information","Microsoft-Windows-WMI-Activity","MS_NT_EVENTLOG_PROVIDER provider started with result code 0x0. HostProcess = wmiprvse.exe; ProcessID = 3304; ProviderPath = %systemroot%\system32\wbem\ntevt.dll"
"9/1/2026 9:14:36 PM","5858","Error","Microsoft-Windows-WMI-Activity","Id = {00000000-0000-0000-0000-000000000000}; ClientMachine = DC; User = SCAFFOLD\Administrator; ClientProcessId = 3036; Component = Unknown; Operation = Start IWbemServices::ExecQuery - ROOT\CIMV2 : Select * from Win32_Process Where ProcessID = '1364'; ResultCode = 0x80041032; PossibleCause = Unknown"
"9/1/2026 9:14:25 PM","5857","Information","Microsoft-Windows-WMI-Activity","WmiPerfClass provider started with result code 0x0. HostProcess = wmiprvse.exe; ProcessID = 4224; ProviderPath = C:\Windows\System32\wbem\WmiPerfClass.dll"
"9/1/2026 9:14:13 PM","5858","Error","Microsoft-Windows-WMI-Activity","Id = {00000000-0000-0000-0000-000000000000}; ClientMachine = DC; User = NT AUTHORITY\SYSTEM; ClientProcessId = 3680; Component = Unknown; Operation = Start IWbemServices::CreateInstanceEnum - root\wmi : MSiSCSI_PortalInfoClass; ResultCode = 0x8004100C; PossibleCause = Unknown"
"9/1/2026 9:14:12 PM","5858","Error","Microsoft-Windows-WMI-Activity","Id = {00000000-0000-0000-0000-000000000000}; ClientMachine = DC; User = NT AUTHORITY\SYSTEM; ClientProcessId = 3680; Component = Unknown; Operation = Start IWbemServices::CreateInstanceEnum - root\wmi : MS_SM_AdapterInformationQuery; ResultCode = 0x8004100C; PossibleCause = Unknown"
"9/1/2026 9:14:12 PM","5857","Information","Microsoft-Windows-WMI-Activity","WMIProv provider started with result code 0x0. HostProcess = wmiprvse.exe; ProcessID = 4224; ProviderPath = %systemroot%\system32\wbem\wmiprov.dll"
"9/1/2026 9:14:09 PM","5857","Information","Microsoft-Windows-WMI-Activity","CIMWin32a provider started with result code 0x0. HostProcess = wmiprvse.exe; ProcessID = 3304; ProviderPath = %systemroot%\system32\wbem\wmipcima.dll"
"9/1/2026 9:14:07 PM","5857","Information","Microsoft-Windows-WMI-Activity","CIMWin32 provider started with result code 0x0. HostProcess = wmiprvse.exe; ProcessID = 3304; ProviderPath = %systemroot%\system32\wbem\cimwin32.dll"
"9/1/2026 8:59:26 PM","5857","Information","Microsoft-Windows-WMI-Activity","deploymentprovider provider started with result code 0x0. HostProcess = wmiprvse.exe; ProcessID = 7688; ProviderPath = %systemroot%\system32\wbem\ServerManager.DeploymentProvider.dll"
"9/1/2026 8:59:20 PM","5857","Information","Microsoft-Windows-WMI-Activity","nettcpip provider started with result code 0x0. HostProcess = wmiprvse.exe; ProcessID = 4172; ProviderPath = %systemroot%\system32\wbem\NetTCPIP.dll"
"9/1/2026 8:59:20 PM","5857","Information","Microsoft-Windows-WMI-Activity","NetAdapterCim provider started with result code 0x0. HostProcess = wmiprvse.exe; ProcessID = 7872; ProviderPath = %systemroot%\system32\wbem\NetAdapterCim.dll"
"9/1/2026 8:59:19 PM","5857","Information","Microsoft-Windows-WMI-Activity","mgmtprovider provider started with result code 0x0. HostProcess = wmiprvse.exe; ProcessID = 4172; ProviderPath = %systemroot%\system32\wbem\mgmtprovider.dll"
"9/1/2026 8:58:16 PM","5858","Error","Microsoft-Windows-WMI-Activity","Id = {ED99C09C-3A8A-0000-CFEF-99ED8A3ADD01}; ClientMachine = DC; User = SCAFFOLD\Administrator; ClientProcessId = 5608; Component = Unknown; Operation = Start IWbemServices::ExecQuery - root\cimv2 : Select * from Win32_QuickFixEngineering; ResultCode = 0x80041032; PossibleCause = Throttling Idle Tasks, refer to CIMOM regkey: ArbTaskMaxIdle"
"9/1/2026 8:53:27 PM","5858","Error","Microsoft-Windows-WMI-Activity","Id = {ED99C09C-3A8A-0000-B3DC-99ED8A3ADD01}; ClientMachine = DC; User = SCAFFOLD\Administrator; ClientProcessId = 5608; Component = Unknown; Operation = Start IWbemServices::ExecQuery - root\cimv2 : Select * from Win32_QuickFixEngineering; ResultCode = 0x80041032; PossibleCause = Throttling Idle Tasks, refer to CIMOM regkey: ArbTaskMaxIdle"
"9/1/2026 8:49:26 PM","5857","Information","Microsoft-Windows-WMI-Activity","deploymentprovider provider started with result code 0x0. HostProcess = wmiprvse.exe; ProcessID = 8032; ProviderPath = %systemroot%\system32\wbem\ServerManager.DeploymentProvider.dll"
"9/1/2026 8:49:20 PM","5857","Information","Microsoft-Windows-WMI-Activity","nettcpip provider started with result code 0x0. HostProcess = wmiprvse.exe; ProcessID = 4172; ProviderPath = %systemroot%\system32\wbem\NetTCPIP.dll"
"9/1/2026 8:49:20 PM","5857","Information","Microsoft-Windows-WMI-Activity","NetAdapterCim provider started with result code 0x0. HostProcess = wmiprvse.exe; ProcessID = 4552; ProviderPath = %systemroot%\system32\wbem\NetAdapterCim.dll"
"9/1/2026 8:49:19 PM","5857","Information","Microsoft-Windows-WMI-Activity","mgmtprovider provider started with result code 0x0. HostProcess = wmiprvse.exe; ProcessID = 4172; ProviderPath = %systemroot%\system32\wbem\mgmtprovider.dll"
"9/1/2026 8:39:35 PM","5857","Information","Microsoft-Windows-WMI-Activity","deploymentprovider provider started with result code 0x0. HostProcess = wmiprvse.exe; ProcessID = 6780; ProviderPath = %systemroot%\system32\wbem\ServerManager.DeploymentProvider.dll"
"9/1/2026 8:39:25 PM","5857","Information","Microsoft-Windows-WMI-Activity","nettcpip provider started with result code 0x0. HostProcess = wmiprvse.exe; ProcessID = 4172; ProviderPath = %systemroot%\system32\wbem\NetTCPIP.dll"
"9/1/2026 8:39:23 PM","5857","Information","Microsoft-Windows-WMI-Activity","NetAdapterCim provider started with result code 0x0. HostProcess = wmiprvse.exe; ProcessID = 4124; ProviderPath = %systemroot%\system32\wbem\NetAdapterCim.dll"
"9/1/2026 8:39:21 PM","5857","Information","Microsoft-Windows-WMI-Activity","mgmtprovider provider started with result code 0x0. HostProcess = wmiprvse.exe; ProcessID = 4172; ProviderPath = %systemroot%\system32\wbem\mgmtprovider.dll"
"9/1/2026 8:30:25 PM","5857","Information","Microsoft-Windows-WMI-Activity","InvProv provider started with result code 0x0. HostProcess = wmiprvse.exe; ProcessID = 4188; ProviderPath = C:\Windows\System32\invagent.dll"
"9/1/2026 8:30:23 PM","5857","Information","Microsoft-Windows-WMI-Activity","WhqlProvider provider started with result code 0x0. HostProcess = wmiprvse.exe; ProcessID = 4172; ProviderPath = %systemroot%\system32\signdrv.dll"
"9/1/2026 8:30:23 PM","5858","Error","Microsoft-Windows-WMI-Activity","Id = {00000000-0000-0000-0000-000000000000}; ClientMachine = DC; User = NT AUTHORITY\SYSTEM; ClientProcessId = 2496; Component = Unknown; Operation = Start IWbemServices::ExecQuery - ROOT\CIMV2 : SELECT * FROM Win32_OptionalFeature WHERE name = 'WAS-NetFxEnvironment'; ResultCode = 0x80041032; PossibleCause = Unknown"
"9/1/2026 8:30:22 PM","5858","Error","Microsoft-Windows-WMI-Activity","Id = {00000000-0000-0000-0000-000000000000}; ClientMachine = DC; User = NT AUTHORITY\SYSTEM; ClientProcessId = 2496; Component = Unknown; Operation = Start IWbemServices::ExecQuery - ROOT\CIMV2 : SELECT * FROM Win32_OptionalFeature WHERE name = 'IIS-NetFxExtensibility'; ResultCode = 0x80041032; PossibleCause = Unknown"
"9/1/2026 8:30:22 PM","5858","Error","Microsoft-Windows-WMI-Activity","Id = {00000000-0000-0000-0000-000000000000}; ClientMachine = DC; User = NT AUTHORITY\SYSTEM; ClientProcessId = 2496; Component = Unknown; Operation = Start IWbemServices::ExecQuery - ROOT\CIMV2 : SELECT * FROM Win32_OptionalFeature WHERE name = 'IIS-ASPNET'; ResultCode = 0x80041032; PossibleCause = Unknown"
"9/1/2026 8:30:22 PM","5858","Error","Microsoft-Windows-WMI-Activity","Id = {00000000-0000-0000-0000-000000000000}; ClientMachine = DC; User = NT AUTHORITY\SYSTEM; ClientProcessId = 2496; Component = Unknown; Operation = Start IWbemServices::ExecQuery - ROOT\CIMV2 : SELECT * FROM Win32_OptionalFeature WHERE name = 'WCF-NonHTTP-Activation'; ResultCode = 0x80041032; PossibleCause = Unknown"
"9/1/2026 8:30:22 PM","5858","Error","Microsoft-Windows-WMI-Activity","Id = {00000000-0000-0000-0000-000000000000}; ClientMachine = DC; User = NT AUTHORITY\SYSTEM; ClientProcessId = 2496; Component = Unknown; Operation = Start IWbemServices::ExecQuery - ROOT\CIMV2 : SELECT * FROM Win32_OptionalFeature WHERE name = 'WCF-HTTP-Activation'; ResultCode = 0x80041032; PossibleCause = Unknown"
"9/1/2026 8:30:22 PM","5858","Error","Microsoft-Windows-WMI-Activity","Id = {00000000-0000-0000-0000-000000000000}; ClientMachine = DC; User = NT AUTHORITY\SYSTEM; ClientProcessId = 2496; Component = Unknown; Operation = Start IWbemServices::ExecQuery - ROOT\CIMV2 : SELECT * FROM Win32_OptionalFeature WHERE name = 'NetFX3'; ResultCode = 0x80041032; PossibleCause = Unknown"
"9/1/2026 8:30:18 PM","5857","Information","Microsoft-Windows-WMI-Activity","Win32_TpmProvider provider started with result code 0x0. HostProcess = wmiprvse.exe; ProcessID = 4172; ProviderPath = C:\Windows\System32\wbem\Win32_TPM.dll"
"9/1/2026 8:30:18 PM","5858","Error","Microsoft-Windows-WMI-Activity","Id = {00000000-0000-0000-0000-000000000000}; ClientMachine = DC; User = NT AUTHORITY\SYSTEM; ClientProcessId = 2496; Component = Unknown; Operation = Start IWbemServices::ExecQuery - ROOT\CCM : select ClientId from CCM_Client; ResultCode = 0x80041010; PossibleCause = Unknown"
"9/1/2026 8:29:40 PM","5858","Error","Microsoft-Windows-WMI-Activity","Id = {00000000-0000-0000-0000-000000000000}; ClientMachine = DC; User = NT AUTHORITY\SYSTEM; ClientProcessId = 2356; Component = Unknown; Operation = Start IWbemServices::ExecQuery - root\cimv2 : SELECT * FROM Win32_ComputerSystem; ResultCode = 0x80041032; PossibleCause = Unknown"
"9/1/2026 8:29:39 PM","5858","Error","Microsoft-Windows-WMI-Activity","Id = {00000000-0000-0000-0000-000000000000}; ClientMachine = DC; User = NT AUTHORITY\SYSTEM; ClientProcessId = 2356; Component = Unknown; Operation = Start IWbemServices::ExecQuery - root\cimv2 : SELECT * FROM Win32_OperatingSystem; ResultCode = 0x80041032; PossibleCause = Unknown"
"9/1/2026 8:29:25 PM","5857","Information","Microsoft-Windows-WMI-Activity","deploymentprovider provider started with result code 0x0. HostProcess = wmiprvse.exe; ProcessID = 7092; ProviderPath = %systemroot%\system32\wbem\ServerManager.DeploymentProvider.dll"
"9/1/2026 8:29:18 PM","5857","Information","Microsoft-Windows-WMI-Activity","nettcpip provider started with result code 0x0. HostProcess = wmiprvse.exe; ProcessID = 4172; ProviderPath = %systemroot%\system32\wbem\NetTCPIP.dll"
"9/1/2026 8:29:18 PM","5857","Information","Microsoft-Windows-WMI-Activity","NetAdapterCim provider started with result code 0x0. HostProcess = wmiprvse.exe; ProcessID = 6592; ProviderPath = %systemroot%\system32\wbem\NetAdapterCim.dll"
"9/1/2026 8:29:18 PM","5857","Information","Microsoft-Windows-WMI-Activity","mgmtprovider provider started with result code 0x0. HostProcess = wmiprvse.exe; ProcessID = 4172; ProviderPath = %systemroot%\system32\wbem\mgmtprovider.dll"
"9/1/2026 8:29:05 PM","5859","Information","Microsoft-Windows-WMI-Activity","Namespace = //./root/CIMV2; NotificationQuery = select * from MSFT_SCMEventLogEvent; OwnerName = S-1-5-32-544; HostProcessID = 2032;  Provider= SCM Event Provider, queryID = 0; PossibleCause = Permanent"
"9/1/2026 8:29:05 PM","5861","Information","Microsoft-Windows-WMI-Activity","Namespace = //./root/subscription; Eventfilter = SCM Event Log Filter (refer to its activate eventid:5859); Consumer = NTEventLogEventConsumer=""SCM Event Log Consumer""; PossibleCause = Binding EventFilter: 
instance of __EventFilter
{
	CreatorSID = {1, 2, 0, 0, 0, 0, 0, 5, 32, 0, 0, 0, 32, 2, 0, 0};
	EventNamespace = ""root\\cimv2"";
	Name = ""SCM Event Log Filter"";
	Query = ""select * from MSFT_SCMEventLogEvent"";
	QueryLanguage = ""WQL"";
};
Perm. Consumer: 
instance of NTEventLogEventConsumer
{
	Category = 0;
	CreatorSID = {1, 2, 0, 0, 0, 0, 0, 5, 32, 0, 0, 0, 32, 2, 0, 0};
	EventType = 1;
	Name = ""SCM Event Log Consumer"";
	NameOfUserSIDProperty = ""sid"";
	SourceName = ""Service Control Manager"";
};
"
"9/1/2026 8:28:05 PM","5857","Information","Microsoft-Windows-WMI-Activity","MS_NT_EVENTLOG_PROVIDER provider started with result code 0x0. HostProcess = wmiprvse.exe; ProcessID = 4172; ProviderPath = %systemroot%\system32\wbem\ntevt.dll"
"9/1/2026 8:27:45 PM","5857","Information","Microsoft-Windows-WMI-Activity","WmiPerfClass provider started with result code 0x0. HostProcess = wmiprvse.exe; ProcessID = 4188; ProviderPath = C:\Windows\System32\wbem\WmiPerfClass.dll"
"9/1/2026 8:27:33 PM","5858","Error","Microsoft-Windows-WMI-Activity","Id = {00000000-0000-0000-0000-000000000000}; ClientMachine = DC; User = NT AUTHORITY\SYSTEM; ClientProcessId = 3636; Component = Unknown; Operation = Start IWbemServices::CreateInstanceEnum - root\wmi : MSiSCSI_PortalInfoClass; ResultCode = 0x8004100C; PossibleCause = Unknown"
"9/1/2026 8:27:32 PM","5858","Error","Microsoft-Windows-WMI-Activity","Id = {00000000-0000-0000-0000-000000000000}; ClientMachine = DC; User = NT AUTHORITY\SYSTEM; ClientProcessId = 3636; Component = Unknown; Operation = Start IWbemServices::CreateInstanceEnum - root\wmi : MS_SM_AdapterInformationQuery; ResultCode = 0x8004100C; PossibleCause = Unknown"
"9/1/2026 8:27:32 PM","5857","Information","Microsoft-Windows-WMI-Activity","WMIProv provider started with result code 0x0. HostProcess = wmiprvse.exe; ProcessID = 4188; ProviderPath = %systemroot%\system32\wbem\wmiprov.dll"
"9/1/2026 8:27:29 PM","5857","Information","Microsoft-Windows-WMI-Activity","CIMWin32a provider started with result code 0x0. HostProcess = wmiprvse.exe; ProcessID = 4172; ProviderPath = %systemroot%\system32\wbem\wmipcima.dll"
"9/1/2026 8:27:27 PM","5857","Information","Microsoft-Windows-WMI-Activity","CIMWin32 provider started with result code 0x0. HostProcess = wmiprvse.exe; ProcessID = 4172; ProviderPath = %systemroot%\system32\wbem\cimwin32.dll"
"9/1/2026 8:24:34 PM","5858","Error","Microsoft-Windows-WMI-Activity","Id = {00000000-0000-0000-0000-000000000000}; ClientMachine = DC; User = NT AUTHORITY\SYSTEM; ClientProcessId = 2372; Component = Unknown; Operation = Start IWbemServices::ExecQuery - root\cimv2 : SELECT * FROM Win32_ComputerSystem; ResultCode = 0x80041032; PossibleCause = Unknown"
"9/1/2026 8:24:34 PM","5858","Error","Microsoft-Windows-WMI-Activity","Id = {00000000-0000-0000-0000-000000000000}; ClientMachine = DC; User = NT AUTHORITY\SYSTEM; ClientProcessId = 2372; Component = Unknown; Operation = Start IWbemServices::ExecQuery - root\cimv2 : SELECT * FROM Win32_ComputerSystem; ResultCode = 0x80041032; PossibleCause = Unknown"
