"9/1/2026 10:44:57 PM","8230","Information","Microsoft-Windows-Security-SPP","The rules engine successfully re-evaluated the schedule.
Kernel policies:
Security-SPP-Action-StateData (REG_SZ) =AppId=55c92734-d682-4d71-983e-d6ec3f16059f;LastConsumptionReason=0xc004f00f;LastNotificationId=ReActivateRequired;LicenseState=SL_LICENSING_STATUS_NOTIFICATION;PartialProductKey=F3PYF;ProductKeyType=Volume:MAK;SkuId=80f53cc1-120f-4e0e-875b-27c9f1caf7de;ruleId=3482d82e-ca2c-4e1f-8864-da0267b484b2;uxDifferentiator=RETAIL"
"9/1/2026 10:44:55 PM","16388","Information","Microsoft-Windows-Security-SPP","The current time is 2026-09-02T05:44:55Z : 2026-09-02T05:44:55Z."
"9/1/2026 10:44:55 PM","1003","Information","Microsoft-Windows-Security-SPP","The Software Protection service has completed licensing status check.
Application Id=55c92734-d682-4d71-983e-d6ec3f16059f
Licensing Status=
1: 0dc876e0-7ab8-41c1-b8ba-2237d484cd26, 1, 0 [(0 [0xC004F014, 0, 0], [(?)(?)(?)(?)(?)(?)(?)(?)])(1 )(2 )(3 )]
2: 176afa14-ca77-4cae-9ecc-ba2295540382, 1, 0 [(0 [0xC004F014, 0, 0], [(?)(?)(?)(?)(?)(?)(?)(?)])(1 )(2 )(3 )]
3: 208d2508-de49-48d5-a1df-837a9f1053ef, 1, 0 [(0 [0xC004F014, 0, 0], [(?)(?)(?)(?)(?)(?)(?)(?)])(1 )(2 )(3 )]
4: 22105925-48c3-4ff4-a294-f654bb27e390, 1, 0 [(0 [0xC004F014, 0, 0], [(?)(?)(?)(?)(?)(?)(?)(?)])(1 )(2 )(3 )]
5: 482b7fee-a9f5-46a3-862d-b28bef48c7e8, 1, 0 [(0 [0xC004F014, 0, 0], [(?)(?)(?)(?)(?)(?)(?)(?)])(1 )(2 )(3 )]
6: 4f64509c-0ad2-43a7-b73b-233afbb27096, 1, 0 [(0 [0xC004F014, 0, 0], [(?)(?)(?)(?)(?)(?)(?)(?)])(1 )(2 )(3 )]
7: 522b5066-79e8-49f2-9f9d-30b4d507d57b, 1, 0 [(0 [0xC004F014, 0, 0], [(?)(?)(?)(?)(?)(?)(?)(?)])(1 )(2 )(3 )]
8: 661f7658-7035-4b4c-9f35-010682943ec2, 1, 0 [(0 [0xC004F014, 0, 0], [(?)(?)(?)(?)(?)(?)(?)(?)])(1 )(2 )(3 )]
9: 78214935-d737-41c1-83df-f600c1766211, 1, 0 [(0 [0xC004F014, 0, 0], [(?)(?)(?)(?)(?)(?)(?)(?)])(1 )(2 )(3 )]
10: 80f53cc1-120f-4e0e-875b-27c9f1caf7de, 1, 0 [(0 )(1 [0xC004E003, 0, 0], [( 2 0xC004F00F 0 0 msft:rm/algorithm/phone/1.0 0x00000000 0)( 1 0x00000000)(?)( 2 0xC004F00F 0 0 msft:rm/algorithm/phone/1.0 0x00000000 0)(?)(?)(?)(?)])(2 [0xC004E003, 0, 0], [( 1 0xC004F034)( 1 0xC004F034)(?)(?)(?)(?)(?)(?)])(3 [0x00000000, 0, 0], [( 6 0xC004F009 0 0)( 1 0x00000000)( 6 0xC004F009 0 0)(?)(?)(?)( 10 0x00000000 msft:rm/algorithm/flags/1.0)( 11 0x00000000 0xC004F00F)])]
11: aa04eff4-34fa-4da8-a645-8c30c30b3a7f, 1, 0 [(0 [0xC004F014, 0, 0], [(?)(?)(?)(?)(?)(?)(?)(?)])(1 )(2 )(3 )]
12: e73aabfa-12bc-4705-b551-2dd076bebc7d, 1, 0 [(0 [0xC004F014, 0, 0], [(?)(?)(?)(?)(?)(?)(?)(?)])(1 )(2 )(3 )]
13: ef6cfc9f-8c5d-44ac-9aad-de6a2ea0ae03, 1, 0 [(0 [0xC004F014, 0, 0], [(?)(?)(?)(?)(?)(?)(?)(?)])(1 )(2 )(3 )]

"
"9/1/2026 10:44:48 PM","1034","Information","Microsoft-Windows-Security-SPP","Duplicate definition of policy found. Policy name=Security-SPP-WriteWauMarker  Priority=500"
"9/1/2026 10:44:48 PM","1034","Information","Microsoft-Windows-Security-SPP","Duplicate definition of policy found. Policy name=AAD-BlockAADWorkplaceJoin-Default  Priority=100"
"9/1/2026 10:44:42 PM","1024","Information","Microsoft-Windows-Security-SPP","The hardware has changed."
"9/1/2026 10:44:41 PM","1040","Information","Microsoft-Windows-Security-SPP","Hardware has changed from previous boot.
 AppId=55c92734-d682-4d71-983e-d6ec3f16059f, SkuId=80f53cc1-120f-4e0e-875b-27c9f1caf7de."
"9/1/2026 10:44:40 PM","1066","Information","Microsoft-Windows-Security-SPP","Initialization status for service objects.
C:\Windows\system32\sppwinob.dll, msft:spp/windowsfunctionality/agent/7.0, 0x00000000, 0x00000000
C:\Windows\system32\sppobjs.dll, msft:rm/algorithm/inherited/1.0, 0x00000000, 0x00000000
C:\Windows\system32\sppobjs.dll, msft:rm/algorithm/phone/1.0, 0x00000000, 0x00000000
C:\Windows\system32\sppobjs.dll, msft:rm/algorithm/pkey/detect, 0x00000000, 0x00000000
C:\Windows\system32\sppobjs.dll, msft:spp/ActionScheduler/1.0, 0x00000000, 0x00000000
C:\Windows\system32\sppobjs.dll, msft:spp/TaskScheduler/1.0, 0x00000000, 0x00000000
C:\Windows\system32\sppobjs.dll, msft:spp/statecollector/pkey, 0x00000000, 0x00000000
C:\Windows\system32\sppobjs.dll, msft:spp/volume/services/kms/1.0, 0x00000000, 0x00000000
C:\Windows\system32\sppobjs.dll, msft:spp/volume/services/kms/activationinfo/1.0, 0x00000000, 0x00000000
"
"9/1/2026 10:44:39 PM","16394","Information","Microsoft-Windows-Security-SPP","Offline downlevel migration succeeded."
"9/1/2026 10:44:38 PM","900","Information","Microsoft-Windows-Security-SPP","The Software Protection service is starting.
Parameters:<explicit>"
"9/1/2026 10:44:37 PM","0","Information","edgeupdate","Service stopped."
"9/1/2026 10:43:19 PM","6000","Information","Microsoft-Windows-Winlogon","The winlogon notification subscriber <SessionEnv> was unavailable to handle a notification event."
"9/1/2026 10:43:17 PM","6003","Information","Microsoft-Windows-Winlogon","The winlogon notification subscriber <SessionEnv> was unavailable to handle a critical notification event."
"9/1/2026 10:43:13 PM","3408","Information","MSSQL$SQLEXPRESS","Recovery is complete. This is an informational message only. No user action is required."
"9/1/2026 10:43:13 PM","9688","Information","MSSQL$SQLEXPRESS","Service Broker manager has started."
"9/1/2026 10:43:12 PM","9666","Information","MSSQL$SQLEXPRESS","The Database Mirroring endpoint is in disabled or stopped state."
"9/1/2026 10:43:12 PM","9666","Information","MSSQL$SQLEXPRESS","The Service Broker endpoint is in disabled or stopped state."
"9/1/2026 10:43:11 PM","256","Information","WDSServer","The Windows Deployment Services server started successfully. 
"
"9/1/2026 10:43:11 PM","17137","Information","MSSQL$SQLEXPRESS","Starting up database 'tempdb'."
"9/1/2026 10:43:10 PM","517","Information","WDSServer","Provider WDSPXE loaded from C:\Windows\system32\wdspxe.dll and initialized successfully."
"9/1/2026 10:43:10 PM","777","Information","WDSPXE","Rogue detection has been disabled for this server. The Windows Deployment  Services server is authorized as a valid DHCP/PXE server and will process incoming client requests."
"9/1/2026 10:43:10 PM","262","Information","WDSPXE","Provider WDSDCPXE was loaded from C:\Windows\system32\wdsdcpxe.dll and initialized successfully."
"9/1/2026 10:43:10 PM","1305","Information","BINLSVC","Combined BCD file x64uefi{8536C61B-4B17-45F3-A5C1-357723D1AE20}.bcd generated successfully for the x64uefi architecture."
"9/1/2026 10:43:09 PM","1305","Information","BINLSVC","Combined BCD file x86uefi{9F80A7A6-3FA8-4D7C-829A-90DDDAC91DB0}.bcd generated successfully for the x86uefi architecture."
"9/1/2026 10:43:08 PM","1305","Information","BINLSVC","Combined BCD file arm{BC36DE97-72E8-4796-9568-07AC93FDCCC7}.bcd generated successfully for the arm architecture."
"9/1/2026 10:43:08 PM","17136","Information","MSSQL$SQLEXPRESS","Clearing tempdb database."
"9/1/2026 10:43:07 PM","1305","Information","BINLSVC","Combined BCD file x86x64{2228B911-059F-4A32-9F7C-45BA422F2874}.bcd generated successfully for the x86x64 architecture."
"9/1/2026 10:43:07 PM","1305","Information","BINLSVC","Combined BCD file arm64{B62BA034-ECA2-487B-A702-F02EDEB414AE}.bcd generated successfully for the arm64 architecture."
"9/1/2026 10:43:07 PM","17137","Information","MSSQL$SQLEXPRESS","Starting up database 'model'."
"9/1/2026 10:43:06 PM","1305","Information","BINLSVC","Combined BCD file x64{A5565E56-DD48-4AF8-BC1A-160C52271EAB}.bcd generated successfully for the x64 architecture."
"9/1/2026 10:43:05 PM","26067","Information","MSSQL$SQLEXPRESS","The SQL Server Network Interface library could not register the Service Principal Name (SPN) [ MSSQLSvc/dc.scaffold.htb:52951 ] for the SQL Server service. Windows return code: 0x2098, state: 15. Failure to register a SPN might cause integrated authentication to use NTLM instead of Kerberos. This is an informational message. Further action is only required if Kerberos authentication is required by authentication policies and if the SPN has not been manually registered."
"9/1/2026 10:43:05 PM","26067","Information","MSSQL$SQLEXPRESS","The SQL Server Network Interface library could not register the Service Principal Name (SPN) [ MSSQLSvc/dc.scaffold.htb:SQLEXPRESS ] for the SQL Server service. Windows return code: 0x2098, state: 15. Failure to register a SPN might cause integrated authentication to use NTLM instead of Kerberos. This is an informational message. Further action is only required if Kerberos authentication is required by authentication policies and if the SPN has not been manually registered."
"9/1/2026 10:43:05 PM","958","Information","MSSQL$SQLEXPRESS","The resource database build version is 15.00.2000. This is an informational message only. No user action is required."
"9/1/2026 10:43:05 PM","26076","Information","MSSQL$SQLEXPRESS","SQL Server is attempting to register a Service Principal Name (SPN) for the SQL Server service. Kerberos authentication will not be possible until a SPN is registered for the SQL Server service. This is an informational message. No user action is required."
"9/1/2026 10:43:05 PM","17126","Information","MSSQL$SQLEXPRESS","SQL Server is now ready for client connections. This is an informational message; no user action is required."
"9/1/2026 10:43:05 PM","17199","Information","MSSQL$SQLEXPRESS","Dedicated administrator connection support was not started because it is disabled on this edition of SQL Server. If you want to use a dedicated administrator connection, restart SQL Server using the trace flag 7806. This is an informational message only. No user action is required."
"9/1/2026 10:43:05 PM","26048","Information","MSSQL$SQLEXPRESS","Server local connection provider is ready to accept connection on [ \\.\pipe\MSSQL$SQLEXPRESS\sql\query ]."
"9/1/2026 10:43:05 PM","26048","Information","MSSQL$SQLEXPRESS","Server local connection provider is ready to accept connection on [ \\.\pipe\SQLLocal\SQLEXPRESS ]."
"9/1/2026 10:43:05 PM","26022","Information","MSSQL$SQLEXPRESS","Server is listening on [ 'any' <ipv4> 52951]."
"9/1/2026 10:43:05 PM","26022","Information","MSSQL$SQLEXPRESS","Server is listening on [ 'any' <ipv6> 52951]."
"9/1/2026 10:43:05 PM","26018","Information","MSSQL$SQLEXPRESS","A self-generated certificate was successfully loaded for encryption."
"9/1/2026 10:43:05 PM","17137","Information","MSSQL$SQLEXPRESS","Starting up database 'mssqlsystemresource'."
"9/1/2026 10:43:05 PM","1305","Information","BINLSVC","Combined BCD file x86{A6453152-4CDD-41D5-9406-B455638EE1F3}.bcd generated successfully for the x86 architecture."
"9/1/2026 10:43:04 PM","17137","Information","MSSQL$SQLEXPRESS","Starting up database 'msdb'."
"9/1/2026 10:43:04 PM","17663","Information","MSSQL$SQLEXPRESS","Server name is 'DC\SQLEXPRESS'. This is an informational message only. No user action is required."
"9/1/2026 10:43:04 PM","19030","Information","MSSQL$SQLEXPRESS","SQL Trace ID 1 was started by login ""sa""."
"9/1/2026 10:43:01 PM","26","Information","Microsoft-Windows-CertificationAuthority","Active Directory Certificate Services for scaffold-DC-CA was started.  DC=dc.scaffold.htb"
"9/1/2026 10:43:02 PM","325","Information","ESENT","DFSRs (2848,D,35) \\.\C:\System Volume Information\DFSR\database_D030_CE70_30CE_5D5A\dfsr.db: The database engine created a new database (1, \\.\C:\System Volume Information\DFSR\database_D030_CE70_30CE_5D5A\dfsr.db). (Time=0 seconds) 
 
Additional Data: lgposCreate = 00000001:0001:0268,
dbv = 1568.180.400 (9360) 
 
Internal Timing Sequence: 
[1] 0.000109 +J(0) +M(C:0K, Fs:7, WS:24K # 0K, PF:12K # 0K, P:12K)
[2] 0.003998 -0.001550 (1) WT +J(CM:0, PgRf:0, Rd:0/0, Dy:0/0, Lg:3480/2) +M(C:0K, Fs:4, WS:16K # 0K, PF:0K # 0K, P:0K)
[3] 0.586522 -0.000005 (3) WT +J(0) +M(C:0K, Fs:20, WS:72K # 0K, PF:20K # 0K, P:20K)
[4] 0.000561 +J(0) +M(C:0K, Fs:1, WS:4K # 0K, PF:0K # 0K, P:0K)
[5] 0.006886 -0.004963 (3) WT +J(CM:0, PgRf:3, Rd:0/0, Dy:3/6, Lg:122/4) +M(C:0K, Fs:41, WS:156K # 0K, PF:252K # 0K, P:252K)
[6] 0.020471 -0.015479 (2) WT +J(CM:0, PgRf:209, Rd:0/0, Dy:12/408, Lg:24454/447) +M(C:0K, Fs:76, WS:304K # 0K, PF:224K # 0K, P:224K)
[7] 0.008473 -0.007930 (3) WT +J(CM:0, PgRf:0, Rd:0/0, Dy:0/0, Lg:4096/3) +M(C:0K, Fs:3, WS:4K # 0K, PF:0K # 0K, P:0K)
[8] 0.000004 +J(0)
[9] 0.279554 -0.278482 (5) WT +J(0) +M(C:-52K, Fs:9, WS:-24K # 0K, PF:-52K # 0K, P:-52K)
[10] 0.019142 -0.016095 (5) WT +J(CM:0, PgRf:348, Rd:0/0, Dy:7/93, Lg:12509/130) +M(C:12K, Fs:46, WS:176K # 0K, PF:96K # 0K, P:96K)
[11] 0.000003 +J(0)."
"9/1/2026 10:43:02 PM","326","Information","ESENT","svchost (2436,D,50) AAP: The database engine attached a database (5, C:\RemoteInstall\Mgmt\binlsvcdb.mdb). (Time=0 seconds) 
 
Saved Cache: 1 0 
Additional Data: lgposAttach = 00000001:00BA:0268,
dbv = 1568.180.400 (9360) 
 
Internal Timing Sequence: 
[1] 0.000003 +J(0)
[2] 0.001326 -0.001094 (1) WT +J(0) +M(C:0K, Fs:24, WS:32K # 0K, PF:32K # 0K, P:32K)
[3] 0.050141 -0.038931 (6) WT +J(CM:0, PgRf:0, Rd:0/0, Dy:0/0, Lg:3480/2) +M(C:0K, Fs:13, WS:20K # 0K, PF:20K # 0K, P:20K)
[4] 0.000364 +J(0)
[5] -
[6] -
[7] -
[8] 0.000369 +J(CM:0, PgRf:2, Rd:12/0, Dy:0/0, Lg:54/1) +M(C:108K, Fs:53, WS:212K # 0K, PF:128K # 0K, P:128K)
[9] 0.004742 -0.004508 (2) CM -0.004427 (2) WT +J(CM:2, PgRf:16, Rd:0/1, Dy:0/0, Lg:0/0) +M(C:-16K, Fs:10, WS:-40K # 0K, PF:-8K # 0K, P:-8K)
[10] 0.001346 -0.001208 (1) CM -0.001157 (1) WT +J(CM:1, PgRf:35, Rd:0/1, Dy:0/0, Lg:0/0) +M(C:-28K, Fs:8, WS:4K # 0K, PF:-28K # 0K, P:-28K)
[11] 0.000011 +J(CM:0, PgRf:1, Rd:0/0, Dy:0/0, Lg:0/0)
[12] 0.000042 +J(CM:0, PgRf:42, Rd:0/0, Dy:0/0, Lg:0/0)
[13] 0.0 +J(0)
[14] 0.0 +J(0)
[15] 0.000005 +J(CM:0, PgRf:1, Rd:0/0, Dy:0/0, Lg:0/0)."
"9/1/2026 10:43:02 PM","105","Information","ESENT","svchost (2436,D,0) AAP: The database engine started a new instance (2). (Time=0 seconds) 
 
Additional Data:
 lgposV2[] = 00000001:0001:0000 - 00000001:00B7:02FB - 00000001:00B8:0000 - 00000001:00B8:0000 (00000000:0000:0000)
cReInits = 50
 
 
Internal Timing Sequence: 
[1] -
[2] -
[3] 0.000039 +J(0) +M(C:0K, Fs:3, WS:12K # 0K, PF:0K # 0K, P:0K)
[4] 0.000137 +J(0) +M(C:0K, Fs:7, WS:28K # 0K, PF:156K # 0K, P:156K)
[5] 0.001283 +J(0) +M(C:0K, Fs:5, WS:20K # 0K, PF:20K # 0K, P:20K)
[6] 0.002721 +J(0) +M(C:0K, Fs:1, WS:4K # 0K, PF:12K # 0K, P:12K)
[7] 0.027219 -0.022800 (11) WT +J(0) +M(C:0K, Fs:1283, WS:5120K # 1812K, PF:5132K # 976K, P:5132K)
[8] 0.485652 -0.149741 (68) WT +J(CM:0, PgRf:0, Rd:0/0, Dy:0/0, Lg:742182/1289) +M(C:0K, Fs:1251, WS:196K # 240K, PF:68K # 112K, P:68K)
[9] 0.000542 +J(0)
[10] 0.022394 -0.020038 (10) WT +J(0) +M(C:0K, Fs:0, WS:-5116K # 0K, PF:-5128K # 0K, P:-5128K)
[11] 0.000025 +J(CM:0, PgRf:0, Rd:0/0, Dy:0/0, Lg:49/1) +M(C:0K, Fs:1, WS:4K # 0K, PF:0K # 0K, P:0K)
[12] 0.000043 +J(0)
[13] 0.389234 -0.002381 (2) CM -0.337132 (31) WT +J(CM:2, PgRf:2, Rd:0/2, Dy:0/0, Lg:8759/5) +M(C:-56K, Fs:1363, WS:88K # 52K, PF:-116K # 0K, P:-116K)
[14] 0.000020 +J(0)
[15] 0.000032 +J(0)
[16] 0.003856 -0.003686 (1) WT +J(0) +M(C:0K, Fs:2, WS:0K # 0K, PF:0K # 0K, P:0K)."
"9/1/2026 10:43:02 PM","302","Information","ESENT","svchost (2436,U,98) AAP: The database engine has successfully completed recovery steps."
"9/1/2026 10:43:02 PM","301","Information","ESENT","svchost (2436,R,98) AAP: The database engine has finished replaying logfile C:\RemoteInstall\Mgmt\AAP.log. 
 
Processing Stats: 
[1] 0.445571 -0.147903 (65) WT +J(CM:0, PgRf:0, Rd:0/0, Dy:0/0, Lg:742182/1289) +M(C:0K, Fs:1215, WS:60K # 104K, PF:60K # 96K, P:60K). 
Log record of type 'Insert   ' was seen most frequently (326 times)"
"9/1/2026 10:43:01 PM","33218","Information","MSSQL$SQLEXPRESS","SQL Server Audit has started the audits. This is an informational message. No user action is required."
"9/1/2026 10:43:01 PM","33217","Information","MSSQL$SQLEXPRESS","SQL Server Audit is starting the audits. This is an informational message. No user action is required."
"9/1/2026 10:43:01 PM","105","Information","ESENT","DFSRs (2848,D,0) \\.\C:\System Volume Information\DFSR\database_D030_CE70_30CE_5D5A\dfsr.db: The database engine started a new instance (0). (Time=2 seconds) 
 
Additional Data:
  
 
Internal Timing Sequence: 
[1] 0.001526 +J(0) +M(C:0K, Fs:248, WS:964K # 964K, PF:6496K # 6400K, P:6496K)
[2] 0.000281 +J(0) +M(C:16K, Fs:97, WS:380K # 380K, PF:324K # 324K, P:324K)
[3] 0.000016 +J(0) +M(C:0K, Fs:4, WS:12K # 12K, PF:68K # 68K, P:68K)
[4] 0.000203 +J(0) +M(C:2032K, Fs:32, WS:124K # 124K, PF:2428K # 2428K, P:2428K)
[5] 0.001009 +J(0) +M(C:0K, Fs:10, WS:40K # 40K, PF:24K # 24K, P:24K)
[6] 0.000951 +J(0) +M(C:0K, Fs:16, WS:64K # 64K, PF:12K # 12K, P:12K)
[7] -
[8] -
[9] -
[10] -
[11] -
[12] -
[13] 1.926493 -0.293922 (22) WT +J(CM:0, PgRf:0, Rd:0/0, Dy:0/0, Lg:616/1) +M(C:0K, Fs:1526, WS:892K # 5996K, PF:136K # 5264K, P:136K)
[14] 0.000018 +J(0)
[15] 0.000131 +J(0) +M(C:0K, Fs:64, WS:256K # 0K, PF:64K # 0K, P:64K)
[16] 0.836700 -0.262103 (3) WT +J(0) +M(C:0K, Fs:12, WS:32K # 0K, PF:0K # 0K, P:0K)."
"9/1/2026 10:43:01 PM","335","Information","ESENT","svchost (2436,R,98) AAP: Replay of a Create for database ""C:\RemoteInstall\Mgmt\binlsvcdb.mdb"" at log position (00000001,0001,0268) was deferred due to AttachFuture.  Additional information:  "
"9/1/2026 10:43:01 PM","300","Information","ESENT","svchost (2436,R,98) AAP: The database engine is initiating recovery steps."
"9/1/2026 10:43:01 PM","102","Information","ESENT","svchost (2436,P,98) AAP: The database engine (10.00.20348.0000) is starting a new instance (2)."
"9/1/2026 10:43:01 PM","517","Information","WDSServer","Provider WdsImgSrv loaded from C:\Windows\system32\WdsImgSrv.dll and initialized successfully."
"9/1/2026 10:43:01 PM","256","Information","WDSIMGSRV","The Windows Deployment Services image server initialized successfully. 
"
"9/1/2026 10:43:00 PM","517","Information","WDSServer","Provider WDSDDPS loaded from C:\Windows\system32\wdsddps.dll and initialized successfully."
"9/1/2026 10:42:59 PM","3421","Information","MSSQL$SQLEXPRESS","Recovery completed for database master (database ID 1) in 2 second(s) (analysis 30 ms, redo 7 ms, undo 1054 ms [system undo 0 ms, regular undo 0 ms].) This is an informational message only. No user action is required."
"9/1/2026 10:42:59 PM","102","Information","ESENT","DFSRs (2848,P,98) \\.\C:\System Volume Information\DFSR\database_D030_CE70_30CE_5D5A\dfsr.db: The database engine (10.00.20348.0000) is starting a new instance (0)."
"9/1/2026 10:42:58 PM","326","Information","ESENT","certsrv.exe (2744,D,50) The database engine attached a database (1, C:\Windows\system32\CertLog\scaffold-DC-CA.edb). (Time=0 seconds) 
 
Saved Cache: 0 0 
Additional Data: lgposAttach = 00000005:009C:0268,
dbv = 1568.180.400 (9360) 
 
Internal Timing Sequence: 
[1] 0.000005 +J(0) +M(C:0K, Fs:1, WS:4K # 0K, PF:0K # 0K, P:0K)
[2] 0.001695 -0.001466 (1) WT +J(0) +M(C:0K, Fs:18, WS:8K # 0K, PF:4K # 0K, P:4K)
[3] 0.033636 -0.025168 (6) WT +J(CM:0, PgRf:0, Rd:0/0, Dy:0/0, Lg:3480/2) +M(C:0K, Fs:25, WS:92K # 0K, PF:120K # 0K, P:120K)
[4] 0.000132 +J(0)
[5] -
[6] -
[7] -
[8] 0.002024 -0.001752 (2) CM -0.001616 (2) WT +J(CM:2, PgRf:2, Rd:14/2, Dy:0/0, Lg:54/1) +M(C:0K, Fs:40, WS:160K # 0K, PF:148K # 0K, P:148K)
[9] 0.006185 -0.005926 (3) CM -0.005756 (3) WT +J(CM:3, PgRf:23, Rd:0/2, Dy:0/0, Lg:0/0) +M(C:0K, Fs:31, WS:124K # 0K, PF:196K # 0K, P:196K)
[10] 0.001377 -0.001240 (1) CM -0.001134 (1) WT +J(CM:1, PgRf:40, Rd:0/1, Dy:0/0, Lg:0/0) +M(C:0K, Fs:5, WS:20K # 0K, PF:64K # 0K, P:64K)
[11] 0.000018 +J(CM:0, PgRf:1, Rd:0/0, Dy:0/0, Lg:0/0) +M(C:0K, Fs:4, WS:16K # 0K, PF:0K # 0K, P:0K)
[12] 0.000045 +J(CM:0, PgRf:42, Rd:0/0, Dy:0/0, Lg:0/0) +M(C:0K, Fs:1, WS:4K # 0K, PF:0K # 0K, P:0K)
[13] 0.0 +J(0)
[14] 0.0 +J(0)
[15] 0.000005 +J(CM:0, PgRf:1, Rd:0/0, Dy:0/0, Lg:0/0)."
"9/1/2026 10:42:58 PM","105","Information","ESENT","certsrv.exe (2744,D,0) The database engine started a new instance (0). (Time=0 seconds) 
 
Additional Data:
  
 
Internal Timing Sequence: 
[1] 0.001121 +J(0) +M(C:0K, Fs:126, WS:496K # 496K, PF:2408K # 2140K, P:2408K)
[2] 0.000500 +J(0) +M(C:3200K, Fs:158, WS:616K # 616K, PF:4140K # 4140K, P:4140K)
[3] 0.000016 +J(0) +M(C:0K, Fs:6, WS:24K # 24K, PF:64K # 64K, P:64K)
[4] 0.000105 +J(0) +M(C:0K, Fs:37, WS:148K # 148K, PF:492K # 492K, P:492K)
[5] 0.000751 +J(0) +M(C:0K, Fs:15, WS:60K # 60K, PF:32K # 32K, P:32K)
[6] 0.003011 +J(0) +M(C:0K, Fs:29, WS:116K # 116K, PF:12K # 12K, P:12K)
[7] 0.009365 -0.006120 (3) WT +J(0) +M(C:0K, Fs:275, WS:1096K # 1096K, PF:1028K # 1028K, P:1028K)
[8] -
[9] -
[10] -
[11] -
[12] -
[13] 0.011353 -0.006883 (4) WT +J(CM:0, PgRf:0, Rd:0/0, Dy:0/0, Lg:616/1) +M(C:0K, Fs:6, WS:-1008K # 16K, PF:-1024K # 12K, P:-1024K)
[14] 0.000017 +J(0)
[15] 0.000140 +J(0) +M(C:0K, Fs:101, WS:400K # 0K, PF:68K # 0K, P:68K)
[16] 0.000697 -0.000525 (1) WT +J(0) +M(C:0K, Fs:4, WS:8K # 0K, PF:0K # 0K, P:0K)."
"9/1/2026 10:42:58 PM","102","Information","ESENT","certsrv.exe (2744,P,98) The database engine (10.00.20348.0000) is starting a new instance (0)."
"9/1/2026 10:42:58 PM","326","Information","ESENT","svchost (2436,D,50) DDP: The database engine attached a database (3, C:\RemoteInstall\Stores\Drivers\Metadata\DdpDb.mdb). (Time=0 seconds) 
 
Saved Cache: 1 0 
Additional Data: lgposAttach = 00000001:00E8:0268,
dbv = 1568.180.400 (9360) 
 
Internal Timing Sequence: 
[1] 0.000002 +J(0)
[2] 0.003654 -0.003446 (1) WT +J(0) +M(C:0K, Fs:24, WS:32K # 0K, PF:32K # 0K, P:32K)
[3] 0.280941 -0.021487 (6) WT +J(CM:0, PgRf:0, Rd:0/0, Dy:0/0, Lg:3480/2) +M(C:0K, Fs:13, WS:20K # 0K, PF:20K # 0K, P:20K)
[4] 0.000113 +J(0)
[5] -
[6] -
[7] -
[8] 0.000437 +J(CM:0, PgRf:2, Rd:11/0, Dy:0/0, Lg:54/1) +M(C:112K, Fs:69, WS:276K # 0K, PF:132K # 0K, P:132K)
[9] 0.005561 -0.005249 (2) CM -0.005185 (2) WT +J(CM:2, PgRf:16, Rd:0/1, Dy:0/0, Lg:0/0) +M(C:-76K, Fs:1, WS:-72K # 0K, PF:-76K # 0K, P:-76K)
[10] 0.000923 -0.000802 (1) CM -0.000764 (1) WT +J(CM:1, PgRf:35, Rd:0/1, Dy:0/0, Lg:0/0) +M(C:-28K, Fs:1, WS:-24K # 0K, PF:-28K # 0K, P:-28K)
[11] 0.000012 +J(CM:0, PgRf:1, Rd:0/0, Dy:0/0, Lg:0/0)
[12] 0.000041 +J(CM:0, PgRf:42, Rd:0/0, Dy:0/0, Lg:0/0)
[13] 0.0 +J(0)
[14] 0.0 +J(0)
[15] 0.000005 +J(CM:0, PgRf:1, Rd:0/0, Dy:0/0, Lg:0/0)."
"9/1/2026 10:42:58 PM","105","Information","ESENT","svchost (2436,D,0) DDP: The database engine started a new instance (1). (Time=0 seconds) 
 
Additional Data:
 lgposV2[] = 00000001:0001:0000 - 00000001:00E5:0319 - 00000001:00E6:0000 - 00000001:00E6:0000 (00000000:0000:0000)
cReInits = 50
 
 
Internal Timing Sequence: 
[1] -
[2] -
[3] 0.000037 +J(0) +M(C:0K, Fs:3, WS:12K # 12K, PF:0K # 0K, P:0K)
[4] 0.000160 +J(0) +M(C:0K, Fs:11, WS:44K # 44K, PF:160K # 0K, P:160K)
[5] 0.000719 +J(0) +M(C:0K, Fs:4, WS:16K # 16K, PF:16K # 0K, P:16K)
[6] 0.001760 +J(0) +M(C:0K, Fs:2, WS:8K # 8K, PF:16K # 0K, P:16K)
[7] 0.022843 -0.018185 (11) WT +J(0) +M(C:0K, Fs:1283, WS:5120K # 5120K, PF:5132K # 4416K, P:5132K)
[8] 0.464113 -0.403646 (68) WT +J(CM:0, PgRf:0, Rd:0/0, Dy:0/0, Lg:928758/1784) +M(C:0K, Fs:1250, WS:192K # 236K, PF:68K # 112K, P:68K)
[9] 0.000580 +J(0)
[10] 0.015289 -0.013010 (10) WT +J(0) +M(C:0K, Fs:6, WS:-5092K # 0K, PF:-5128K # 0K, P:-5128K)
[11] 0.000025 +J(CM:0, PgRf:0, Rd:0/0, Dy:0/0, Lg:49/1) +M(C:0K, Fs:1, WS:4K # 0K, PF:0K # 0K, P:0K)
[12] 0.000044 +J(0)
[13] 0.121753 -0.003722 (2) CM -0.082734 (30) WT +J(CM:2, PgRf:2, Rd:0/2, Dy:0/0, Lg:8759/5) +M(C:72K, Fs:1319, WS:-80K # 0K, PF:16K # 0K, P:16K)
[14] 0.000017 +J(0)
[15] 0.000042 +J(0)
[16] 0.001586 -0.001423 (1) WT +J(0) +M(C:0K, Fs:2, WS:0K # 0K, PF:0K # 0K, P:0K)."
"9/1/2026 10:42:58 PM","302","Information","ESENT","svchost (2436,U,98) DDP: The database engine has successfully completed recovery steps."
"9/1/2026 10:42:58 PM","301","Information","ESENT","svchost (2436,R,98) DDP: The database engine has finished replaying logfile C:\RemoteInstall\Stores\Drivers\Metadata\DDP.log. 
 
Processing Stats: 
[1] 0.447906 -0.400543 (65) WT +J(CM:0, PgRf:0, Rd:0/0, Dy:0/0, Lg:928758/1784) +M(C:0K, Fs:1215, WS:60K # 104K, PF:60K # 96K, P:60K). 
Log record of type 'Insert   ' was seen most frequently (479 times)"
"9/1/2026 10:42:57 PM","335","Information","ESENT","svchost (2436,R,98) DDP: Replay of a Create for database ""C:\RemoteInstall\Stores\Drivers\Metadata\DdpDb.mdb"" at log position (00000001,0001,0268) was deferred due to AttachFuture.  Additional information:  "
"9/1/2026 10:42:57 PM","300","Information","ESENT","svchost (2436,R,98) DDP: The database engine is initiating recovery steps."
"9/1/2026 10:42:57 PM","102","Information","ESENT","svchost (2436,P,98) DDP: The database engine (10.00.20348.0000) is starting a new instance (1)."
"9/1/2026 10:42:57 PM","17137","Information","MSSQL$SQLEXPRESS","Starting up database 'master'."
"9/1/2026 10:42:57 PM","517","Information","WDSServer","Provider WDSDCPXE loaded from C:\Windows\system32\wdsdcpxe.dll and initialized successfully."
"9/1/2026 10:42:57 PM","517","Information","WDSServer","Provider WDSDCMGR loaded from C:\Windows\system32\wdsdcmgr.dll and initialized successfully."
"9/1/2026 10:42:55 PM","271","Information","VMUpgradeHelper","Restored network configuration."
"9/1/2026 10:42:54 PM","4202","Information","Microsoft-Windows-MSDTC 2","MSDTC started with the following settings: Security Configuration (OFF = 0 and ON = 1): Allow Remote Administrator = 0, Network Clients = 0, Transaction Manager Communication:  Allow Inbound Transactions = 0, Allow Outbound Transactions = 0, Transaction Internet Protocol (TIP) = 0,  Enable XA Transactions = 0,  Enable SNA LU 6.2 Transactions = 1,  MSDTC Communications Security = Mutual Authentication Required, Account = NT AUTHORITY\NetworkService,  Firewall Exclusion Detected = 0 Transaction Bridge Installed = 0 Filtering Duplicate Events = 1"
"9/1/2026 10:42:54 PM","6253","Information","MSSQL$SQLEXPRESS","Common language runtime (CLR) functionality initialized using CLR version v4.0.30319 from C:\Windows\Microsoft.NET\Framework64\v4.0.30319\."
"9/1/2026 10:42:51 PM","49910","Information","MSSQL$SQLEXPRESS","Software Usage Metrics is disabled."
"9/1/2026 10:42:51 PM","9048","Information","MSSQL$SQLEXPRESS","clwb is selected for pmem flush operation."
"9/1/2026 10:42:51 PM","49921","Information","MSSQL$SQLEXPRESS","Total Log Writer threads: 1. This is an informational message; no user action is required."
"9/1/2026 10:42:51 PM","17118","Information","MSSQL$SQLEXPRESS","Database Instant File Initialization: disabled. For security and performance considerations see the topic 'Database Instant File Initialization' in SQL Server Books Online. This is an informational message only. No user action is required."
"9/1/2026 10:42:50 PM","0","Information","Microsoft Deployment Toolkit Monitor Service","Service started successfully."
"9/1/2026 10:42:46 PM","258","Information","VMUpgradeHelper","Restoring network configuration."
"9/1/2026 10:42:44 PM","17125","Information","MSSQL$SQLEXPRESS","Using dynamic lock allocation.  Initial allocation of 2500 Lock blocks and 5000 Lock Owner blocks per node.  This is an informational message only.  No user action is required."
"9/1/2026 10:42:43 PM","17152","Information","MSSQL$SQLEXPRESS","Node configuration: node 0: CPU mask: 0x0000000000000003:0 Active CPU mask: 0x0000000000000003:0. This message provides a description of the NUMA configuration for this computer. This is an informational message only. No user action is required."
"9/1/2026 10:42:43 PM","17811","Information","MSSQL$SQLEXPRESS","The maximum number of dedicated administrator connections for this instance is '1'"
"9/1/2026 10:42:43 PM","17176","Information","MSSQL$SQLEXPRESS","This instance of SQL Server last reported using a process ID of 3460 at 9/1/2026 9:55:46 PM (local) 9/2/2026 4:55:46 AM (UTC). This is an informational message only; no user action is required."
"9/1/2026 10:42:42 PM","781","Information","Microsoft-Windows-Complus","The COM+ sub system is suppressing duplicate event log entries for a duration of 86400 seconds.  The suppression timeout can be controlled by a REG_DWORD value named SuppressDuplicateDuration under the following registry key: HKLM\Software\Microsoft\COM3\Eventlog."
"9/1/2026 10:42:41 PM","873","Information","MSSQL$SQLEXPRESS","Buffer pool extension is already disabled. No action is necessary."
"9/1/2026 10:42:40 PM","49917","Information","MSSQL$SQLEXPRESS","Default collation: SQL_Latin1_General_CP1_CI_AS (us_english 1033)"
"9/1/2026 10:42:36 PM","9027","Information","Desktop Window Manager","The Desktop Window Manager has registered the session port."
"9/1/2026 10:42:33 PM","5617","Information","Microsoft-Windows-WMI","Windows Management Instrumentation Service subsystems initialized successfully"
"9/1/2026 10:42:33 PM","894","Information","MSSQL$SQLEXPRESS","Buffer Pool: Allocating 1048576 bytes for 645862 hashPages."
"9/1/2026 10:42:33 PM","852","Information","MSSQL$SQLEXPRESS","Using conventional memory in the memory manager."
"9/1/2026 10:42:33 PM","49903","Information","MSSQL$SQLEXPRESS","Detected 4095 MB of RAM. This is an informational message; no user action is required."
"9/1/2026 10:42:33 PM","17162","Information","MSSQL$SQLEXPRESS","SQL Server is starting at normal priority base (=7). This is an informational message only. No user action is required."
"9/1/2026 10:42:33 PM","17164","Information","MSSQL$SQLEXPRESS","SQL Server detected 1 sockets with 2 cores per socket and 2 logical processors per socket, 2 total logical processors; using 2 logical processors based on SQL Server licensing. This is an informational message; no user action is required."
"9/1/2026 10:42:32 PM","17115","Information","MSSQL$SQLEXPRESS","Command Line Startup Parameters:
	 -s ""SQLEXPRESS"""
"9/1/2026 10:42:32 PM","17110","Information","MSSQL$SQLEXPRESS","Registry startup parameters: 
	 -d C:\Program Files\Microsoft SQL Server\MSSQL15.SQLEXPRESS\MSSQL\DATA\master.mdf
	 -e C:\Program Files\Microsoft SQL Server\MSSQL15.SQLEXPRESS\MSSQL\Log\ERRORLOG
	 -l C:\Program Files\Microsoft SQL Server\MSSQL15.SQLEXPRESS\MSSQL\DATA\mastlog.ldf"
"9/1/2026 10:42:32 PM","49904","Information","MSSQL$SQLEXPRESS","The service account is 'NT Service\MSSQL$SQLEXPRESS'. This is an informational message; no user action is required."
"9/1/2026 10:42:32 PM","17111","Information","MSSQL$SQLEXPRESS","Logging SQL Server messages in file 'C:\Program Files\Microsoft SQL Server\MSSQL15.SQLEXPRESS\MSSQL\Log\ERRORLOG'."
"9/1/2026 10:42:32 PM","15268","Information","MSSQL$SQLEXPRESS","Authentication mode is MIXED."
"9/1/2026 10:42:32 PM","18496","Information","MSSQL$SQLEXPRESS","System Manufacturer: 'VMware, Inc.', System Model: 'VMware20,1'."
"9/1/2026 10:42:32 PM","17104","Information","MSSQL$SQLEXPRESS","Server process ID is 3180."
"9/1/2026 10:42:32 PM","17103","Information","MSSQL$SQLEXPRESS","All rights reserved."
"9/1/2026 10:42:32 PM","17101","Information","MSSQL$SQLEXPRESS","(c) Microsoft Corporation."
"9/1/2026 10:42:32 PM","49916","Information","MSSQL$SQLEXPRESS","UTC adjustment: -7:00"
"9/1/2026 10:42:32 PM","17069","Information","MSSQL$SQLEXPRESS","Microsoft SQL Server 2019 (RTM) - 15.0.2000.5 (X64) 
	Sep 24 2019 13:48:23 
	Copyright (C) 2019 Microsoft Corporation
	Express Edition (64-bit) on Windows Server 2022 Datacenter 10.0 <X64> (Build 20348: ) (Hypervisor)
"
"9/1/2026 10:42:32 PM","517","Information","WDSServer","Provider WDSTFTP loaded from C:\Windows\system32\wdstftp.dll and initialized successfully."
"9/1/2026 10:42:32 PM","517","Information","WDSServer","Provider WDSMDMGR loaded from C:\Windows\system32\wdsmdmgr.dll and initialized successfully."
"9/1/2026 10:42:31 PM","326","Information","ESENT","svchost (2436,D,50) WDS: The database engine attached a database (1, C:\RemoteInstall\Stores\Metadata\WDSMD.mdb). (Time=0 seconds) 
 
Saved Cache: 1 0 
Additional Data: lgposAttach = 00000001:00B3:0268,
dbv = 1568.180.400 (9360) 
 
Internal Timing Sequence: 
[1] 0.000003 +J(0)
[2] 0.002656 -0.002439 (1) WT +J(0) +M(C:0K, Fs:24, WS:32K # 0K, PF:32K # 0K, P:32K)
[3] 0.467089 -0.457085 (6) WT +J(CM:0, PgRf:0, Rd:0/0, Dy:0/0, Lg:3480/2) +M(C:0K, Fs:14, WS:24K # 0K, PF:20K # 0K, P:20K)
[4] 0.000119 +J(0)
[5] -
[6] -
[7] -
[8] 0.005777 -0.005424 (2) CM -0.005304 (2) WT +J(CM:2, PgRf:2, Rd:4/2, Dy:0/0, Lg:54/1) +M(C:120K, Fs:46, WS:128K # 0K, PF:140K # 0K, P:140K)
[9] 0.006780 -0.006413 (3) CM -0.006261 (3) WT +J(CM:3, PgRf:16, Rd:0/2, Dy:0/0, Lg:0/0) +M(C:-16K, Fs:41, WS:80K # 0K, PF:212K # 0K, P:212K)
[10] 0.002762 -0.002621 (1) CM -0.002545 (1) WT +J(CM:1, PgRf:35, Rd:0/1, Dy:0/0, Lg:0/0) +M(C:-28K, Fs:4, WS:-12K # 0K, PF:36K # 0K, P:36K)
[11] 0.000017 +J(CM:0, PgRf:1, Rd:0/0, Dy:0/0, Lg:0/0) +M(C:0K, Fs:3, WS:12K # 0K, PF:0K # 0K, P:0K)
[12] 0.000042 +J(CM:0, PgRf:42, Rd:0/0, Dy:0/0, Lg:0/0) +M(C:0K, Fs:1, WS:4K # 0K, PF:0K # 0K, P:0K)
[13] 0.0 +J(0)
[14] 0.0 +J(0)
[15] 0.000004 +J(CM:0, PgRf:1, Rd:0/0, Dy:0/0, Lg:0/0)."
"9/1/2026 10:42:30 PM","105","Information","ESENT","svchost (2436,D,0) WDS: The database engine started a new instance (0). (Time=1 seconds) 
 
Additional Data:
 lgposV2[] = 00000001:0001:0000 - 00000001:00B0:0309 - 00000001:00B1:0000 - 00000001:00B1:0000 (00000000:0000:0000)
cReInits = 51
 
 
Internal Timing Sequence: 
[1] 0.001392 +J(0) +M(C:0K, Fs:178, WS:696K # 696K, PF:4508K # 4508K, P:4508K)
[2] 0.000844 +J(0) +M(C:64K, Fs:150, WS:588K # 588K, PF:1256K # 1256K, P:1256K)
[3] 0.000050 +J(0) +M(C:0K, Fs:6, WS:20K # 20K, PF:68K # 68K, P:68K)
[4] 0.000150 +J(0) +M(C:0K, Fs:22, WS:88K # 88K, PF:228K # 228K, P:228K)
[5] 0.000613 +J(0) +M(C:0K, Fs:9, WS:36K # 36K, PF:16K # 16K, P:16K)
[6] 0.004488 +J(0) +M(C:0K, Fs:26, WS:104K # 104K, PF:12K # 16K, P:12K)
[7] 0.158542 -0.144393 (11) WT +J(0) +M(C:0K, Fs:1299, WS:5188K # 5188K, PF:5128K # 5124K, P:5128K)
[8] 0.739275 -0.695223 (69) WT +J(CM:0, PgRf:0, Rd:0/0, Dy:0/0, Lg:713780/1130) +M(C:0K, Fs:1377, WS:396K # 428K, PF:256K # 288K, P:256K)
[9] 0.001994 +J(0) +M(C:0K, Fs:3, WS:12K # 0K, PF:0K # 0K, P:0K)
[10] 0.022008 -0.020005 (10) WT +J(0) +M(C:0K, Fs:0, WS:-5116K # 0K, PF:-5120K # 0K, P:-5120K)
[11] 0.000031 +J(CM:0, PgRf:0, Rd:0/0, Dy:0/0, Lg:49/1) +M(C:0K, Fs:2, WS:8K # 0K, PF:0K # 0K, P:0K)
[12] 0.000038 +J(0)
[13] 0.436501 -0.003581 (2) CM -0.403433 (30) WT +J(CM:2, PgRf:2, Rd:0/2, Dy:0/0, Lg:8759/5) +M(C:-56K, Fs:1352, WS:52K # 44K, PF:84K # 68K, P:84K)
[14] 0.000021 +J(0)
[15] 0.000029 +J(0)
[16] 0.003588 -0.003390 (1) WT +J(0) +M(C:0K, Fs:2, WS:0K # 0K, PF:0K # 0K, P:0K)."
"9/1/2026 10:42:30 PM","302","Information","ESENT","svchost (2436,U,98) WDS: The database engine has successfully completed recovery steps."
"9/1/2026 10:42:30 PM","301","Information","ESENT","svchost (2436,R,98) WDS: The database engine has finished replaying logfile C:\RemoteInstall\Stores\Metadata\WDS.log. 
 
Processing Stats: 
[1] 0.732789 -0.694109 (66) WT +J(CM:0, PgRf:0, Rd:0/0, Dy:0/0, Lg:713780/1130) +M(C:0K, Fs:1334, WS:232K # 264K, PF:172K # 204K, P:172K). 
Log record of type 'Insert   ' was seen most frequently (277 times)"
"9/1/2026 10:42:29 PM","335","Information","ESENT","svchost (2436,R,98) WDS: Replay of a Create for database ""C:\RemoteInstall\Stores\Metadata\WDSMD.mdb"" at log position (00000001,0001,0268) was deferred due to AttachFuture.  Additional information:  "
"9/1/2026 10:42:29 PM","300","Information","ESENT","svchost (2436,R,98) WDS: The database engine is initiating recovery steps."
"9/1/2026 10:42:27 PM","5615","Information","Microsoft-Windows-WMI","Windows Management Instrumentation Service started sucessfully"
"9/1/2026 10:42:29 PM","102","Information","ESENT","svchost (2436,P,98) WDS: The database engine (10.00.20348.0000) is starting a new instance (0)."
"9/1/2026 10:42:28 PM","517","Information","WDSServer","Provider WDSMC loaded from C:\Windows\system32\wdsmc.dll and initialized successfully."
"9/1/2026 10:42:26 PM","105","Information","VMTools","The service was started."
"9/1/2026 10:42:26 PM","1025","Information","WDSServer","The RPC server started on TCP port 5040. 
"
"9/1/2026 10:42:16 PM","1531","Information","Microsoft-Windows-User Profiles Service","The User Profile Service has started successfully.  

"
"9/1/2026 9:55:48 PM","38","Information","Microsoft-Windows-CertificationAuthority","Active Directory Certificate Services for scaffold-DC-CA was stopped."
"9/1/2026 10:42:16 PM","4625","Information","Microsoft-Windows-EventSystem","The EventSystem sub system is suppressing duplicate event log entries for a duration of 86400 seconds.  The suppression timeout can be controlled by a REG_DWORD value named SuppressDuplicateDuration under the following registry key: HKLM\Software\Microsoft\EventSystem\EventLog."
"9/1/2026 9:55:47 PM","1532","Information","Microsoft-Windows-User Profiles Service","The User Profile Service has stopped.  

"
"9/1/2026 9:55:46 PM","0","Information","Microsoft Deployment Toolkit Monitor Service","Service has been successfully shut down."
"9/1/2026 9:55:46 PM","8225","Information","VSS","The VSS service is shutting down due to shutdown event from the Service Control Manager. "
"9/1/2026 9:55:46 PM","4111","Information","Microsoft-Windows-MSDTC","The MS DTC service is stopping."
"9/1/2026 9:55:46 PM","17147","Information","MSSQL$SQLEXPRESS","SQL Server is terminating because of a system shutdown. This is an informational message only. No user action is required."
"9/1/2026 9:55:45 PM","108","Information","VMTools","The service was stopped."
"9/1/2026 9:55:45 PM","272","Information","VMUpgradeHelper","Saved network configuration."
"9/1/2026 9:55:45 PM","260","Information","VMUpgradeHelper","Saving network configuration."
"9/1/2026 9:55:34 PM","3408","Information","MSSQL$SQLEXPRESS","Recovery is complete. This is an informational message only. No user action is required."
"9/1/2026 9:55:34 PM","9688","Information","MSSQL$SQLEXPRESS","Service Broker manager has started."
"9/1/2026 9:55:33 PM","9666","Information","MSSQL$SQLEXPRESS","The Database Mirroring endpoint is in disabled or stopped state."
"9/1/2026 9:55:33 PM","9666","Information","MSSQL$SQLEXPRESS","The Service Broker endpoint is in disabled or stopped state."
"9/1/2026 9:55:31 PM","256","Information","WDSServer","The Windows Deployment Services server started successfully. 
"
"9/1/2026 9:55:31 PM","17137","Information","MSSQL$SQLEXPRESS","Starting up database 'tempdb'."
"9/1/2026 9:55:31 PM","517","Information","WDSServer","Provider WDSPXE loaded from C:\Windows\system32\wdspxe.dll and initialized successfully."
"9/1/2026 9:55:31 PM","777","Information","WDSPXE","Rogue detection has been disabled for this server. The Windows Deployment  Services server is authorized as a valid DHCP/PXE server and will process incoming client requests."
"9/1/2026 9:55:30 PM","262","Information","WDSPXE","Provider WDSDCPXE was loaded from C:\Windows\system32\wdsdcpxe.dll and initialized successfully."
"9/1/2026 9:55:30 PM","1305","Information","BINLSVC","Combined BCD file x64uefi{9C2F15B4-A919-4FE5-8DB7-7223AE3E8CA1}.bcd generated successfully for the x64uefi architecture."
"9/1/2026 9:55:29 PM","1305","Information","BINLSVC","Combined BCD file x86uefi{67FA62B6-4EFB-43FC-8782-844E01D24DA9}.bcd generated successfully for the x86uefi architecture."
"9/1/2026 9:55:28 PM","1305","Information","BINLSVC","Combined BCD file arm{1149629E-552D-4C89-B1F1-124FCC5BBB06}.bcd generated successfully for the arm architecture."
"9/1/2026 9:55:28 PM","17136","Information","MSSQL$SQLEXPRESS","Clearing tempdb database."
"9/1/2026 9:55:27 PM","1305","Information","BINLSVC","Combined BCD file x86x64{A0E41BA9-E3CF-4836-A7D4-2CA2385B56BB}.bcd generated successfully for the x86x64 architecture."
"9/1/2026 9:55:26 PM","17137","Information","MSSQL$SQLEXPRESS","Starting up database 'model'."
"9/1/2026 9:55:26 PM","1305","Information","BINLSVC","Combined BCD file arm64{533A1596-40FD-4794-B467-7BC4E06AC909}.bcd generated successfully for the arm64 architecture."
"9/1/2026 9:55:26 PM","3421","Information","MSSQL$SQLEXPRESS","Recovery completed for database msdb (database ID 4) in 2 second(s) (analysis 18 ms, redo 0 ms, undo 878 ms [system undo 0 ms, regular undo 0 ms].) This is an informational message only. No user action is required."
"9/1/2026 9:55:24 PM","1305","Information","BINLSVC","Combined BCD file x64{877C908F-44A5-4DE3-BA3E-6D31B3B2D47C}.bcd generated successfully for the x64 architecture."
"9/1/2026 9:55:24 PM","26067","Information","MSSQL$SQLEXPRESS","The SQL Server Network Interface library could not register the Service Principal Name (SPN) [ MSSQLSvc/dc.scaffold.htb:52951 ] for the SQL Server service. Windows return code: 0x2098, state: 15. Failure to register a SPN might cause integrated authentication to use NTLM instead of Kerberos. This is an informational message. Further action is only required if Kerberos authentication is required by authentication policies and if the SPN has not been manually registered."
"9/1/2026 9:55:24 PM","26067","Information","MSSQL$SQLEXPRESS","The SQL Server Network Interface library could not register the Service Principal Name (SPN) [ MSSQLSvc/dc.scaffold.htb:SQLEXPRESS ] for the SQL Server service. Windows return code: 0x2098, state: 15. Failure to register a SPN might cause integrated authentication to use NTLM instead of Kerberos. This is an informational message. Further action is only required if Kerberos authentication is required by authentication policies and if the SPN has not been manually registered."
"9/1/2026 9:55:24 PM","958","Information","MSSQL$SQLEXPRESS","The resource database build version is 15.00.2000. This is an informational message only. No user action is required."
"9/1/2026 9:55:24 PM","26076","Information","MSSQL$SQLEXPRESS","SQL Server is attempting to register a Service Principal Name (SPN) for the SQL Server service. Kerberos authentication will not be possible until a SPN is registered for the SQL Server service. This is an informational message. No user action is required."
"9/1/2026 9:55:24 PM","17126","Information","MSSQL$SQLEXPRESS","SQL Server is now ready for client connections. This is an informational message; no user action is required."
"9/1/2026 9:55:24 PM","17199","Information","MSSQL$SQLEXPRESS","Dedicated administrator connection support was not started because it is disabled on this edition of SQL Server. If you want to use a dedicated administrator connection, restart SQL Server using the trace flag 7806. This is an informational message only. No user action is required."
"9/1/2026 9:55:24 PM","26048","Information","MSSQL$SQLEXPRESS","Server local connection provider is ready to accept connection on [ \\.\pipe\MSSQL$SQLEXPRESS\sql\query ]."
"9/1/2026 9:55:23 PM","26048","Information","MSSQL$SQLEXPRESS","Server local connection provider is ready to accept connection on [ \\.\pipe\SQLLocal\SQLEXPRESS ]."
"9/1/2026 9:55:23 PM","26022","Information","MSSQL$SQLEXPRESS","Server is listening on [ 'any' <ipv4> 52951]."
"9/1/2026 9:55:23 PM","26022","Information","MSSQL$SQLEXPRESS","Server is listening on [ 'any' <ipv6> 52951]."
"9/1/2026 9:55:23 PM","26018","Information","MSSQL$SQLEXPRESS","A self-generated certificate was successfully loaded for encryption."
"9/1/2026 9:55:23 PM","17137","Information","MSSQL$SQLEXPRESS","Starting up database 'mssqlsystemresource'."
"9/1/2026 9:55:23 PM","17137","Information","MSSQL$SQLEXPRESS","Starting up database 'msdb'."
"9/1/2026 9:55:23 PM","17663","Information","MSSQL$SQLEXPRESS","Server name is 'DC\SQLEXPRESS'. This is an informational message only. No user action is required."
"9/1/2026 9:55:23 PM","19030","Information","MSSQL$SQLEXPRESS","SQL Trace ID 1 was started by login ""sa""."
"9/1/2026 9:55:23 PM","1305","Information","BINLSVC","Combined BCD file x86{47A9701E-BBC5-4351-B714-DC1FA034F97E}.bcd generated successfully for the x86 architecture."
