"9/1/2026 7:17:04 PM","1014","Warning","Microsoft-Windows-DNS-Client","Name resolution for the name _ldap._tcp.dc._msdcs.scaffold.htb. timed out after none of the configured DNS servers responded."
"9/1/2026 7:17:04 PM","7036","Information","Service Control Manager","The LanmanWorkstation service entered the running state."
"9/1/2026 7:17:04 PM","7036","Information","Service Control Manager","The Kdc service entered the running state."
"9/1/2026 7:17:04 PM","7036","Information","Service Control Manager","The FontCache service entered the running state."
"9/1/2026 7:17:04 PM","7036","Information","Service Control Manager","The BFE service entered the running state."
"9/1/2026 7:17:03 PM","7036","Information","Service Control Manager","The Schedule service entered the running state."
"9/1/2026 7:17:03 PM","7036","Information","Service Control Manager","The DsmSvc service entered the running state."
"9/1/2026 7:17:03 PM","7036","Information","Service Control Manager","The ShellHWDetection service entered the running state."
"9/1/2026 7:17:03 PM","7036","Information","Service Control Manager","The SENS service entered the running state."
"9/1/2026 7:17:03 PM","7036","Information","Service Control Manager","The netprofm service entered the running state."
"9/1/2026 7:17:03 PM","7036","Information","Service Control Manager","The ProfSvc service entered the running state."
"9/1/2026 7:17:03 PM","7036","Information","Service Control Manager","The EventSystem service entered the running state."
"9/1/2026 7:17:03 PM","7036","Information","Service Control Manager","The Themes service entered the running state."
"9/1/2026 7:17:03 PM","23","Error","Microsoft-Windows-Eventlog","The event logging service encountered an error (res=5) while initializing logging resources for channel Windows PowerShell."
"9/1/2026 7:17:03 PM","1014","Warning","Microsoft-Windows-DNS-Client","Name resolution for the name _ldap._tcp.dc._msdcs.scaffold.htb. timed out after none of the configured DNS servers responded."
"9/1/2026 7:17:03 PM","7036","Information","Service Control Manager","The NTDS service entered the running state."
"9/1/2026 7:17:03 PM","7036","Information","Service Control Manager","The NlaSvc service entered the running state."
"9/1/2026 7:17:03 PM","6","Information","Microsoft-Windows-FilterManager","File System Filter 'bindflt' (10.0, ‎2051‎-‎03‎-‎03T20:45:47.000000000Z) has successfully loaded and registered with Filter Manager."
"9/1/2026 7:17:03 PM","6","Information","Microsoft-Windows-FilterManager","File System Filter 'storqosflt' (10.0, ‎2051‎-‎09‎-‎21T05:40:20.000000000Z) has successfully loaded and registered with Filter Manager."
"9/1/2026 7:17:03 PM","6","Information","Microsoft-Windows-FilterManager","File System Filter 'CldFlt' (10.0, ‎2074‎-‎11‎-‎09T08:03:12.000000000Z) has successfully loaded and registered with Filter Manager."
"9/1/2026 7:17:03 PM","1","Information","Microsoft-Windows-FilterManager","File System Filter 'CldFlt' (Version 10.0, ‎2074‎-‎11‎-‎09T08:03:12.000000000Z) unloaded successfully."
"9/1/2026 7:17:03 PM","6","Information","Microsoft-Windows-FilterManager","File System Filter 'CldFlt' (10.0, ‎2074‎-‎11‎-‎09T08:03:12.000000000Z) has successfully loaded and registered with Filter Manager."
"9/1/2026 7:17:03 PM","7036","Information","Service Control Manager","The gpsvc service entered the running state."
"9/1/2026 7:17:03 PM","6","Information","Microsoft-Windows-FilterManager","File System Filter 'luafv' (10.0, ‎2068‎-‎10‎-‎11T15:22:37.000000000Z) has successfully loaded and registered with Filter Manager."
"9/1/2026 7:17:03 PM","7036","Information","Service Control Manager","The WPDBusEnum service entered the running state."
"9/1/2026 7:17:03 PM","7036","Information","Service Control Manager","The EventLog service entered the running state."
"9/1/2026 7:17:03 PM","6","Information","Microsoft-Windows-FilterManager","File System Filter 'wcifs' (10.0, ‎2088‎-‎12‎-‎15T04:51:43.000000000Z) has successfully loaded and registered with Filter Manager."
"9/1/2026 7:17:03 PM","7036","Information","Service Control Manager","The Dnscache service entered the running state."
"9/1/2026 7:17:03 PM","7036","Information","Service Control Manager","The Dhcp service entered the running state."
"9/1/2026 7:17:03 PM","51046","Information","Microsoft-Windows-DHCPv6-Client","DHCPv6 client service is started"
"9/1/2026 7:17:03 PM","7036","Information","Service Control Manager","The TimeBrokerSvc service entered the running state."
"9/1/2026 7:17:03 PM","50036","Information","Microsoft-Windows-Dhcp-Client","DHCPv4 client service is started"
"9/1/2026 7:17:03 PM","50103","Information","Microsoft-Windows-Dhcp-Client","DHCPv4 client registered for shutdown notification"
"9/1/2026 7:17:03 PM","50036","Information","Microsoft-Windows-Dhcp-Client","DHCPv4 client service is started"
"9/1/2026 7:17:03 PM","7036","Information","Service Control Manager","The lmhosts service entered the running state."
"9/1/2026 7:17:03 PM","7036","Information","Service Control Manager","The nsi service entered the running state."
"9/1/2026 7:17:03 PM","7036","Information","Service Control Manager","The SystemEventsBroker service entered the running state."
"9/1/2026 7:17:03 PM","7036","Information","Service Control Manager","The BrokerInfrastructure service entered the running state."
"9/1/2026 7:17:02 PM","7036","Information","Service Control Manager","The LSM service entered the running state."
"9/1/2026 7:17:02 PM","7036","Information","Service Control Manager","The RpcSs service entered the running state."
"9/1/2026 7:17:02 PM","7036","Information","Service Control Manager","The DcomLaunch service entered the running state."
"9/1/2026 7:17:02 PM","7036","Information","Service Control Manager","The RpcEptMapper service entered the running state."
"9/1/2026 7:17:02 PM","7036","Information","Service Control Manager","The Power service entered the running state."
"9/1/2026 7:17:02 PM","7036","Information","Service Control Manager","The PlugPlay service entered the running state."
"9/1/2026 7:17:02 PM","16983","Information","Microsoft-Windows-Directory-Services-SAM","The security account manager is now logging periodic summary events for remote clients that call legacy password change or set RPC methods.

For more information please see https://go.microsoft.com/fwlink/?linkid=2150956.
"
"9/1/2026 7:17:02 PM","16977","Information","Microsoft-Windows-Directory-Services-SAM","The domain is configured with the following minimum password length-related settings.

MinimumPasswordLength: 7

RelaxMinimumPasswordLengthLimits: 0

MinimumPasswordLengthAudit: -1

For more information see https://go.microsoft.com/fwlink/?LinkId=2097191.
"
"9/1/2026 7:17:02 PM","16977","Information","Microsoft-Windows-Directory-Services-SAM","The domain is configured with the following minimum password length-related settings.

MinimumPasswordLength: 7

RelaxMinimumPasswordLengthLimits: 0

MinimumPasswordLengthAudit: 0

For more information see https://go.microsoft.com/fwlink/?LinkId=2097191.
"
"9/1/2026 7:17:01 PM","16654","Information","Microsoft-Windows-Directory-Services-SAM","A pool of account-identifiers (RIDs) has been invalidated. This may occur in the following expected cases:
1. A domain controller is restored from backup. 
2. A domain controller running on a virtual machine is restored from snapshot. 
3. An administrator has manually invalidated the pool. 
See http://go.microsoft.com/fwlink/?LinkId=226247 for more information."
"9/1/2026 7:17:00 PM","16962","Information","Microsoft-Windows-Directory-Services-SAM","Remote calls to the SAM database are being restricted using the default security descriptor: .
For more information please see http://go.microsoft.com/fwlink/?LinkId=787651."
"9/1/2026 7:16:59 PM","14","Information","Microsoft-Windows-Wininit","Credential Guard configuration: 0x0, 0"
"9/1/2026 7:16:56 PM","24","Information","Microsoft-Windows-Kernel-General","The time zone information was refreshed with exit reason 0. Current time zone bias is 420."
"9/1/2026 7:16:54 PM","98","Information","Microsoft-Windows-Ntfs","Volume \\?\Volume{2bc8a4fb-ec89-41c1-8fb3-d753243c8254} (\Device\HarddiskVolume5) is healthy.  No action is needed."
"9/1/2026 7:16:54 PM","98","Information","Microsoft-Windows-Ntfs","Volume Y: (\Device\HarddiskVolume4) is healthy.  No action is needed."
"9/1/2026 7:16:54 PM","55","Information","Microsoft-Windows-Kernel-Processor-Power","Processor 1 in group 0 exposes the following power management capabilities:

Idle state type: ACPI Idle (C) States (1 state(s))

Performance state type: None
Nominal Frequency (MHz): 2994
Maximum performance percentage: 100
Minimum performance percentage: 100
Minimum throttle percentage: 100"
"9/1/2026 7:16:54 PM","55","Information","Microsoft-Windows-Kernel-Processor-Power","Processor 0 in group 0 exposes the following power management capabilities:

Idle state type: ACPI Idle (C) States (1 state(s))

Performance state type: None
Nominal Frequency (MHz): 2994
Maximum performance percentage: 100
Minimum performance percentage: 100
Minimum throttle percentage: 100"
"9/1/2026 7:16:54 PM","172","Information","Microsoft-Windows-Kernel-Power","Connectivity state in standby: Disconnected, Reason: NIC compliance"
"9/1/2026 7:16:53 PM","6","Information","Microsoft-Windows-FilterManager","File System Filter 'npsvctrig' (10.0, ‎2015‎-‎04‎-‎02T03:42:38.000000000Z) has successfully loaded and registered with Filter Manager."
"9/1/2026 7:16:53 PM","6","Information","Microsoft-Windows-FilterManager","File System Filter 'DfsDriver' (10.0, ‎2053‎-‎07‎-‎29T02:36:42.000000000Z) has successfully loaded and registered with Filter Manager."
"9/1/2026 7:16:53 PM","6","Information","Microsoft-Windows-FilterManager","File System Filter 'FileCrypt' (10.0, ‎2088‎-‎05‎-‎23T23:57:52.000000000Z) has successfully loaded and registered with Filter Manager."
"9/1/2026 7:16:53 PM","98","Information","Microsoft-Windows-Ntfs","Volume C: (\Device\HarddiskVolume3) is healthy.  No action is needed."
"9/1/2026 7:16:53 PM","6","Information","Microsoft-Windows-FilterManager","File System Filter 'DfsrRo' (10.0, ‎1999‎-‎03‎-‎20T18:16:31.000000000Z) has successfully loaded and registered with Filter Manager."
"9/1/2026 7:16:53 PM","6","Information","Microsoft-Windows-FilterManager","File System Filter 'Wof' (10.0, ‎2008‎-‎09‎-‎17T11:19:58.000000000Z) has successfully loaded and registered with Filter Manager."
"9/1/2026 7:16:51 PM","3","Information","vmci","VMCI: Using capabilities (0x1c).
"
"9/1/2026 7:16:49 PM","16","Information","Microsoft-Windows-HAL","The iommu fault reporting has been initialized."
"9/1/2026 7:16:49 PM","20","Information","Microsoft-Windows-Kernel-General","The leap second configuration has been updated.
Reason: Leap second data initialized from registry during boot
Leap seconds enabled: true
New leap second count: 0
Old leap second count: 0"
"9/1/2026 7:16:49 PM","32","Information","Microsoft-Windows-Kernel-Boot","The bootmgr spent 0 ms waiting for user input."
"9/1/2026 7:16:49 PM","18","Information","Microsoft-Windows-Kernel-Boot","There are 0x1 boot options on this system."
"9/1/2026 7:16:49 PM","27","Information","Microsoft-Windows-Kernel-Boot","The boot type was 0x0."
"9/1/2026 7:16:49 PM","25","Information","Microsoft-Windows-Kernel-Boot","The boot menu policy was 0x0."
"9/1/2026 7:16:49 PM","238","Information","Microsoft-Windows-Kernel-Boot","EFI time zone bias: 2047. Daylight flags: 0. Firmware time: ‎2026‎-‎09‎-‎01T19:16:48.000000000Z."
"9/1/2026 7:16:49 PM","20","Information","Microsoft-Windows-Kernel-Boot","The last shutdown's success status was true. The last boot's success status was true."
"9/1/2026 7:16:49 PM","153","Information","Microsoft-Windows-Kernel-Boot","Virtualization-based security (policies: 0) is disabled."
"9/1/2026 7:16:49 PM","12","Information","Microsoft-Windows-Kernel-General","The operating system started at system time ‎2026‎-‎09‎-‎02T02:16:49.500000000Z."
"9/1/2026 5:18:27 PM","13","Information","Microsoft-Windows-Kernel-General","The operating system is shutting down at system time ‎2026‎-‎09‎-‎02T00:18:27.826228600Z."
"9/1/2026 5:18:27 PM","109","Information","Microsoft-Windows-Kernel-Power","The kernel power manager has initiated a shutdown transition.

Shutdown Reason: Kernel API"
"9/1/2026 5:18:26 PM","7036","Information","Service Control Manager","The Network Setup Service service entered the stopped state."
"9/1/2026 5:18:24 PM","7036","Information","Service Control Manager","The Active Directory Domain Services service entered the stopped state."
"9/1/2026 5:18:23 PM","7036","Information","Service Control Manager","The Windows Process Activation Service service entered the stopped state."
"9/1/2026 5:18:23 PM","7036","Information","Service Control Manager","The SQL Server CEIP service (SQLEXPRESS) service entered the stopped state."
"9/1/2026 5:18:23 PM","7036","Information","Service Control Manager","The Task Scheduler service entered the stopped state."
"9/1/2026 5:18:23 PM","7036","Information","Service Control Manager","The SQL Server (SQLEXPRESS) service entered the stopped state."
"9/1/2026 5:18:23 PM","7036","Information","Service Control Manager","The Active Directory Certificate Services service entered the stopped state."
"9/1/2026 5:18:23 PM","7036","Information","Service Control Manager","The SQL Server VSS Writer service entered the stopped state."
"9/1/2026 5:18:23 PM","7036","Information","Service Control Manager","The Application Host Helper Service service entered the stopped state."
"9/1/2026 5:18:23 PM","7036","Information","Service Control Manager","The Diagnostic Policy Service service entered the stopped state."
"9/1/2026 5:18:23 PM","7036","Information","Service Control Manager","The DFS Replication service entered the stopped state."
"9/1/2026 5:18:23 PM","7036","Information","Service Control Manager","The Remote Access Connection Manager service entered the stopped state."
"9/1/2026 5:18:23 PM","7036","Information","Service Control Manager","The Windows Remote Management (WS-Management) service entered the stopped state."
"9/1/2026 5:18:23 PM","7036","Information","Service Control Manager","The Cryptographic Services service entered the stopped state."
"9/1/2026 5:18:23 PM","7036","Information","Service Control Manager","The Windows Event Log service entered the stopped state."
"9/1/2026 7:17:03 PM","6013","Information","EventLog","The system uptime is 14 seconds."
"9/1/2026 7:17:03 PM","6005","Information","EventLog","The Event log service was started."
"9/1/2026 7:17:03 PM","6009","Information","EventLog","Microsoft (R) Windows (R) 10.00. 20348  Multiprocessor Free."
"9/1/2026 5:18:22 PM","7036","Information","Service Control Manager","The DHCP Client service entered the stopped state."
"9/1/2026 5:18:22 PM","7036","Information","Service Control Manager","The WinHTTP Web Proxy Auto-Discovery Service service entered the stopped state."
"9/1/2026 5:18:22 PM","7036","Information","Service Control Manager","The IKE and AuthIP IPsec Keying Modules service entered the stopped state."
"9/1/2026 5:18:22 PM","7036","Information","Service Control Manager","The Windows Font Cache Service service entered the stopped state."
"9/1/2026 5:18:22 PM","50037","Information","Microsoft-Windows-Dhcp-Client","DHCPv4 client service is stopped. ShutDown Flag value is 1"
"9/1/2026 5:18:22 PM","7036","Information","Service Control Manager","The Virtual Disk service entered the stopped state."
"9/1/2026 5:18:22 PM","7036","Information","Service Control Manager","The Windows Connection Manager service entered the stopped state."
"9/1/2026 5:18:22 PM","7036","Information","Service Control Manager","The Secure Socket Tunneling Protocol Service service entered the stopped state."
"9/1/2026 5:18:22 PM","7036","Information","Service Control Manager","The DNS Server service entered the stopped state."
"9/1/2026 5:18:22 PM","51057","Information","Microsoft-Windows-DHCPv6-Client","DHCPv6 client service stop is almost done.DHCP Context Ref count is 1"
"9/1/2026 5:18:22 PM","51047","Information","Microsoft-Windows-DHCPv6-Client","DHCPv6 client service is stopped. ShutDown Flag value is 1"
"9/1/2026 5:18:22 PM","7036","Information","Service Control Manager","The Microsoft Deployment Toolkit Monitor Service service entered the stopped state."
"9/1/2026 5:18:22 PM","7036","Information","Service Control Manager","The Program Compatibility Assistant Service service entered the stopped state."
"9/1/2026 5:18:22 PM","50106","Information","Microsoft-Windows-Dhcp-Client","DHCPv4 is waiting on DHCPv6 service to stop"
"9/1/2026 5:18:22 PM","7036","Information","Service Control Manager","The Distributed Transaction Coordinator service entered the stopped state."
"9/1/2026 5:18:22 PM","7036","Information","Service Control Manager","The Windows Management Instrumentation service entered the stopped state."
"9/1/2026 5:18:22 PM","7036","Information","Service Control Manager","The Plug and Play service entered the stopped state."
"9/1/2026 5:18:22 PM","7036","Information","Service Control Manager","The User Profile Service service entered the stopped state."
"9/1/2026 5:18:22 PM","7036","Information","Service Control Manager","The Windows Time service entered the stopped state."
"9/1/2026 5:18:22 PM","50105","Information","Microsoft-Windows-Dhcp-Client","DHCPv4 client ProcessDHCPRequestForever received TERMINATE_EVENT"
"9/1/2026 5:18:22 PM","50104","Information","Microsoft-Windows-Dhcp-Client","DHCPv4 client received shutdown notification"
"9/1/2026 5:18:22 PM","7036","Information","Service Control Manager","The IPsec Policy Agent service entered the stopped state."
"9/1/2026 5:18:22 PM","7036","Information","Service Control Manager","The Intersite Messaging service entered the stopped state."
"9/1/2026 5:18:22 PM","7036","Information","Service Control Manager","The World Wide Web Publishing Service service entered the stopped state."
"9/1/2026 5:18:22 PM","7036","Information","Service Control Manager","The Active Directory Web Services service entered the stopped state."
"9/1/2026 5:18:22 PM","7036","Information","Service Control Manager","The SysMain service entered the stopped state."
"9/1/2026 5:18:22 PM","7036","Information","Service Control Manager","The Client License Service (ClipSVC) service entered the stopped state."
"9/1/2026 5:18:22 PM","7036","Information","Service Control Manager","The Connected User Experiences and Telemetry service entered the stopped state."
"9/1/2026 5:18:22 PM","7036","Information","Service Control Manager","The User Access Logging Service service entered the stopped state."
"9/1/2026 5:18:22 PM","7036","Information","Service Control Manager","The VMware Tools service entered the stopped state."
"9/1/2026 5:18:21 PM","7036","Information","Service Control Manager","The Data Sharing Service service entered the stopped state."
"9/1/2026 5:18:21 PM","7036","Information","Service Control Manager","The AzureAttestService service entered the stopped state."
"9/1/2026 5:18:21 PM","7036","Information","Service Control Manager","The Group Policy Client service entered the stopped state."
"9/1/2026 5:18:21 PM","1074","Information","User32","The process C:\Program Files\VMware\VMware Tools\vmtoolsd.exe (DC) has initiated the shutdown of computer DC on behalf of user NT AUTHORITY\SYSTEM for the following reason: Legacy API shutdown
 Reason Code: 0x80070000
 Shutdown Type: shutdown
 Comment: "
"9/1/2026 5:18:22 PM","6006","Information","EventLog","The Event log service was stopped."
"9/1/2026 5:18:10 PM","1014","Warning","Microsoft-Windows-DNS-Client","Name resolution for the name wpad timed out after none of the configured DNS servers responded."
"9/1/2026 5:18:07 PM","7036","Information","Service Control Manager","The Software Protection service entered the stopped state."
"9/1/2026 5:18:06 PM","7036","Information","Service Control Manager","The Network Setup Service service entered the running state."
"9/1/2026 5:18:00 PM","4321","Error","NetBT","The name ""DC             :0"" could not be registered on the interface with IP address 10.129.250.104. The computer with the IP address 10.129.249.73 did not allow the name to be claimed by this computer."
"9/1/2026 5:18:00 PM","4321","Error","NetBT","The name ""DC             :20"" could not be registered on the interface with IP address 10.129.250.104. The computer with the IP address 10.129.249.73 did not allow the name to be claimed by this computer."
"9/1/2026 5:18:00 PM","2505","Error","Server","The server could not bind to the transport \Device\NetBT_Tcpip_{B67533AE-77BD-4706-9E9E-53BCF481AA5A} because another computer on the network has the same name.  The server could not start."
"9/1/2026 5:17:27 PM","7036","Information","Service Control Manager","The Client License Service (ClipSVC) service entered the running state."
"9/1/2026 5:17:25 PM","7036","Information","Service Control Manager","The Software Protection service entered the running state."
"9/1/2026 5:15:54 PM","7036","Information","Service Control Manager","The Microsoft Account Sign-in Assistant service entered the stopped state."
"9/1/2026 5:15:31 PM","5781","Warning","NETLOGON","Dynamic registration or deletion of one or more DNS records associated with DNS domain 'DomainDnsZones.scaffold.htb.' failed.  These records are used by other computers to locate this server as a domain controller (if the specified domain is an Active Directory domain) or as an LDAP server (if the specified domain is an application partition).  

Possible causes of failure include:  
- TCP/IP properties of the network connections of this computer contain wrong IP address(es) of the preferred and alternate DNS servers 
- Specified preferred and alternate DNS servers are not running 
- DNS server(s) primary for the records to be registered is not running 
- Preferred or alternate DNS servers are configured with wrong root hints 
- Parent DNS zone contains incorrect delegation to the child zone authoritative for the DNS records that failed registration  

USER ACTION  
Fix possible misconfiguration(s) specified above and initiate registration or deletion of the DNS records by running 'nltest.exe /dsregdns' from the command prompt on the domain controller or by restarting Net Logon service on the domain controller."
"9/1/2026 5:15:07 PM","5781","Warning","NETLOGON","Dynamic registration or deletion of one or more DNS records associated with DNS domain 'ForestDnsZones.scaffold.htb.' failed.  These records are used by other computers to locate this server as a domain controller (if the specified domain is an Active Directory domain) or as an LDAP server (if the specified domain is an application partition).  

Possible causes of failure include:  
- TCP/IP properties of the network connections of this computer contain wrong IP address(es) of the preferred and alternate DNS servers 
- Specified preferred and alternate DNS servers are not running 
- DNS server(s) primary for the records to be registered is not running 
- Preferred or alternate DNS servers are configured with wrong root hints 
- Parent DNS zone contains incorrect delegation to the child zone authoritative for the DNS records that failed registration  

USER ACTION  
Fix possible misconfiguration(s) specified above and initiate registration or deletion of the DNS records by running 'nltest.exe /dsregdns' from the command prompt on the domain controller or by restarting Net Logon service on the domain controller."
"9/1/2026 5:14:55 PM","7036","Information","Service Control Manager","The Windows Modules Installer service entered the stopped state."
"9/1/2026 5:14:54 PM","7036","Information","Service Control Manager","The Windows Error Reporting Service service entered the stopped state."
"9/1/2026 5:14:37 PM","7036","Information","Service Control Manager","The State Repository Service service entered the stopped state."
"9/1/2026 5:14:33 PM","6148","Information","LsaSrv","The PDC completed an automatic trust scan operation for all trusts with no errors.

More information can be found at https://go.microsoft.com/fwlink/?linkid=2162089."
"9/1/2026 5:14:19 PM","5781","Warning","NETLOGON","Dynamic registration or deletion of one or more DNS records associated with DNS domain 'scaffold.htb.' failed.  These records are used by other computers to locate this server as a domain controller (if the specified domain is an Active Directory domain) or as an LDAP server (if the specified domain is an application partition).  

Possible causes of failure include:  
- TCP/IP properties of the network connections of this computer contain wrong IP address(es) of the preferred and alternate DNS servers 
- Specified preferred and alternate DNS servers are not running 
- DNS server(s) primary for the records to be registered is not running 
- Preferred or alternate DNS servers are configured with wrong root hints 
- Parent DNS zone contains incorrect delegation to the child zone authoritative for the DNS records that failed registration  

USER ACTION  
Fix possible misconfiguration(s) specified above and initiate registration or deletion of the DNS records by running 'nltest.exe /dsregdns' from the command prompt on the domain controller or by restarting Net Logon service on the domain controller."
"9/1/2026 5:14:09 PM","7036","Information","Service Control Manager","The Software Protection service entered the stopped state."
"9/1/2026 5:13:52 PM","12","Warning","Microsoft-Windows-Time-Service","Time Provider NtpClient: This machine is configured to use the domain hierarchy to determine its time source, but it is the AD PDC emulator for the domain at the root of the forest, so there is no machine above it in the domain hierarchy to use as a time source. It is recommended that you either configure a reliable time service in the root domain, or manually configure the AD PDC to synchronize with an external time source. Otherwise, this machine will function as the authoritative time source in the domain hierarchy. If an external time source is not configured or used for this computer, you may choose to disable the NtpClient."
"9/1/2026 5:13:37 PM","7036","Information","Service Control Manager","The Data Sharing Service service entered the running state."
"9/1/2026 5:13:37 PM","7036","Information","Service Control Manager","The State Repository Service service entered the running state."
"9/1/2026 5:13:18 PM","1014","Warning","Microsoft-Windows-DNS-Client","Name resolution for the name wpad timed out after none of the configured DNS servers responded."
"9/1/2026 5:13:01 PM","7040","Information","Service Control Manager","The start type of the Windows Modules Installer service was changed from auto start to disabled."
"9/1/2026 5:13:01 PM","7036","Information","Service Control Manager","The Update Orchestrator Service service entered the stopped state."
"9/1/2026 5:13:00 PM","7040","Information","Service Control Manager","The start type of the Update Orchestrator Service service was changed from auto start to disabled."
"9/1/2026 5:13:00 PM","7036","Information","Service Control Manager","The Windows Update service entered the stopped state."
"9/1/2026 5:12:59 PM","7040","Information","Service Control Manager","The start type of the Windows Update service was changed from auto start to disabled."
"9/1/2026 5:12:55 PM","20","Error","Microsoft-Windows-WindowsUpdateClient","Installation Failure: Windows failed to install the following update with error 0x80070070: 2026-08 Cumulative Update for Microsoft server operating system version 21H2 for x64-based Systems (KB5120242)."
"9/1/2026 5:12:54 PM","7036","Information","Service Control Manager","The Windows Error Reporting Service service entered the running state."
"9/1/2026 5:12:50 PM","43","Information","Microsoft-Windows-WindowsUpdateClient","Installation Started: Windows has started installing the following update: 2026-08 Cumulative Update for Microsoft server operating system version 21H2 for x64-based Systems (KB5120242)"
"9/1/2026 5:12:49 PM","7036","Information","Service Control Manager","The Software Protection service entered the running state."
"9/1/2026 5:12:35 PM","7036","Information","Service Control Manager","The Software Protection service entered the stopped state."
"9/1/2026 5:12:33 PM","7036","Information","Service Control Manager","The Delivery Optimization service entered the stopped state."
"9/1/2026 5:12:06 PM","43","Information","Microsoft-Windows-WindowsUpdateClient","Installation Started: Windows has started installing the following update: 2026-08 Cumulative Update for .NET Framework 3.5, 4.8 and 4.8.1 for Microsoft server operating system version 21H2 for x64 (KB5121650)"
"9/1/2026 5:12:05 PM","7036","Information","Service Control Manager","The Windows Modules Installer service entered the running state."
"9/1/2026 5:12:05 PM","7036","Information","Service Control Manager","The Software Protection service entered the running state."
"9/1/2026 5:12:04 PM","19","Information","Microsoft-Windows-WindowsUpdateClient","Installation Successful: Windows successfully installed the following update: Windows Malicious Software Removal Tool x64 - v5.144 (KB890830)"
"9/1/2026 5:11:32 PM","7036","Information","Service Control Manager","The Device Install Service service entered the stopped state."
"9/1/2026 5:11:12 PM","7036","Information","Service Control Manager","The Windows Modules Installer service entered the stopped state."
"9/1/2026 5:10:18 PM","7036","Information","Service Control Manager","The Background Intelligent Transfer Service service entered the stopped state."
"9/1/2026 5:10:18 PM","7040","Information","Service Control Manager","The start type of the Background Intelligent Transfer Service service was changed from auto start to demand start."
"9/1/2026 5:10:13 PM","7036","Information","Service Control Manager","The Software Protection service entered the stopped state."
"9/1/2026 5:09:46 PM","12","Warning","Microsoft-Windows-Time-Service","Time Provider NtpClient: This machine is configured to use the domain hierarchy to determine its time source, but it is the AD PDC emulator for the domain at the root of the forest, so there is no machine above it in the domain hierarchy to use as a time source. It is recommended that you either configure a reliable time service in the root domain, or manually configure the AD PDC to synchronize with an external time source. Otherwise, this machine will function as the authoritative time source in the domain hierarchy. If an external time source is not configured or used for this computer, you may choose to disable the NtpClient."
"9/1/2026 5:09:45 PM","7036","Information","Service Control Manager","The Remote Registry service entered the stopped state."
"9/1/2026 5:09:43 PM","20","Error","Microsoft-Windows-WindowsUpdateClient","Installation Failure: Windows failed to install the following update with error 0x80240016: Broadcom Inc. - System - 9.8.30.0."
"9/1/2026 5:09:43 PM","43","Information","Microsoft-Windows-WindowsUpdateClient","Installation Started: Windows has started installing the following update: Broadcom Inc. - System - 9.8.30.0"
"9/1/2026 5:09:42 PM","7036","Information","Service Control Manager","The Software Protection service entered the running state."
"9/1/2026 5:09:41 PM","7036","Information","Service Control Manager","The Software Protection service entered the stopped state."
"9/1/2026 5:09:41 PM","44","Information","Microsoft-Windows-WindowsUpdateClient","Windows Update started downloading an update."
"9/1/2026 5:09:16 PM","1014","Warning","Microsoft-Windows-DNS-Client","Name resolution for the name wpad timed out after none of the configured DNS servers responded."
"9/1/2026 5:09:11 PM","43","Information","Microsoft-Windows-WindowsUpdateClient","Installation Started: Windows has started installing the following update: Windows Malicious Software Removal Tool x64 - v5.144 (KB890830)"
"9/1/2026 5:09:06 PM","20","Error","Microsoft-Windows-WindowsUpdateClient","Installation Failure: Windows failed to install the following update with error 0x80246007: Broadcom Inc. - System - 9.8.30.0."
"9/1/2026 5:09:06 PM","43","Information","Microsoft-Windows-WindowsUpdateClient","Installation Started: Windows has started installing the following update: Broadcom Inc. - System - 9.8.30.0"
"9/1/2026 5:09:04 PM","7036","Information","Service Control Manager","The Network Setup Service service entered the stopped state."
"9/1/2026 5:09:02 PM","7036","Information","Service Control Manager","The TCP/IP NetBIOS Helper service entered the running state."
"9/1/2026 5:09:02 PM","19","Information","Microsoft-Windows-WindowsUpdateClient","Installation Successful: Windows successfully installed the following update: Broadcom Inc. - Net - 1.9.20.0"
"9/1/2026 5:09:01 PM","7036","Information","Service Control Manager","The Network Setup Service service entered the running state."
"9/1/2026 5:09:01 PM","7036","Information","Service Control Manager","The TCP/IP NetBIOS Helper service entered the stopped state."
"9/1/2026 5:09:01 PM","7042","Information","Service Control Manager","The TCP/IP NetBIOS Helper service was successfully sent a stop control.

 The reason specified was: 0x40030011 [Operating System: Network Connectivity (Planned)]

 Comment: None"
"9/1/2026 5:09:01 PM","5782","Warning","NETLOGON","Dynamic registration or deregistration of one or more DNS records failed with the following error: 
No DNS servers configured for local system."
"9/1/2026 5:09:00 PM","7036","Information","Service Control Manager","The Device Install Service service entered the running state."
"9/1/2026 5:08:59 PM","43","Information","Microsoft-Windows-WindowsUpdateClient","Installation Started: Windows has started installing the following update: Broadcom Inc. - Net - 1.9.20.0"
"9/1/2026 5:08:59 PM","44","Information","Microsoft-Windows-WindowsUpdateClient","Windows Update started downloading an update."
"9/1/2026 5:08:57 PM","20","Error","Microsoft-Windows-WindowsUpdateClient","Installation Failure: Windows failed to install the following update with error 0x80246007: Broadcom Inc. - Net - 1.9.20.0."
"9/1/2026 5:08:56 PM","43","Information","Microsoft-Windows-WindowsUpdateClient","Installation Started: Windows has started installing the following update: Broadcom Inc. - Net - 1.9.20.0"
"9/1/2026 5:08:55 PM","19","Information","Microsoft-Windows-WindowsUpdateClient","Installation Successful: Windows successfully installed the following update: Windows Malicious Software Removal Tool x64 - v5.142 (KB890830)"
"9/1/2026 5:08:30 PM","7040","Information","Service Control Manager","The start type of the Windows Modules Installer service was changed from demand start to auto start."
"9/1/2026 5:08:28 PM","43","Information","Microsoft-Windows-WindowsUpdateClient","Installation Started: Windows has started installing the following update: 2022-02 Cumulative Update Preview for .NET Framework 3.5 and 4.8 for Microsoft server operating system version 21H2 for x64 (KB5010475)"
"9/1/2026 5:08:27 PM","7036","Information","Service Control Manager","The Software Protection service entered the running state."
"9/1/2026 5:08:19 PM","7036","Information","Service Control Manager","The WMI Performance Adapter service entered the stopped state."
"9/1/2026 5:06:05 PM","7036","Information","Service Control Manager","The Software Protection service entered the stopped state."
"9/1/2026 5:05:47 PM","44","Information","Microsoft-Windows-WindowsUpdateClient","Windows Update started downloading an update."
"9/1/2026 5:05:39 PM","7036","Information","Service Control Manager","The AppX Deployment Service (AppXSVC) service entered the stopped state."
"9/1/2026 5:05:39 PM","7036","Information","Service Control Manager","The Client License Service (ClipSVC) service entered the stopped state."
"9/1/2026 5:05:34 PM","7036","Information","Service Control Manager","The Software Protection service entered the running state."
"9/1/2026 5:05:19 PM","7036","Information","Service Control Manager","The Network Setup Service service entered the stopped state."
"9/1/2026 5:05:19 PM","44","Information","Microsoft-Windows-WindowsUpdateClient","Windows Update started downloading an update."
"9/1/2026 5:05:06 PM","44","Information","Microsoft-Windows-WindowsUpdateClient","Windows Update started downloading an update."
"9/1/2026 5:04:58 PM","44","Information","Microsoft-Windows-WindowsUpdateClient","Windows Update started downloading an update."
"9/1/2026 5:04:57 PM","7036","Information","Service Control Manager","The Software Protection service entered the stopped state."
"9/1/2026 5:04:25 PM","7036","Information","Service Control Manager","The Software Protection service entered the running state."
"9/1/2026 5:04:25 PM","7036","Information","Service Control Manager","The Software Protection service entered the stopped state."
"9/1/2026 5:04:16 PM","7040","Information","Service Control Manager","The start type of the Windows Modules Installer service was changed from auto start to demand start."
"9/1/2026 5:04:03 PM","7036","Information","Service Control Manager","The Portable Device Enumerator Service service entered the stopped state."
"9/1/2026 5:03:58 PM","15","Information","Microsoft-Windows-Kernel-General","Hive \??\C:\Windows\System32\SMI\Store\Machine\SCHEMA.DAT was reorganized with a starting size of 10956800 bytes and an ending size of 10956800 bytes."
"9/1/2026 5:03:56 PM","7036","Information","Service Control Manager","The Device Setup Manager service entered the stopped state."
"9/1/2026 5:03:55 PM","16","Information","Microsoft-Windows-Kernel-General","The access history in hive \Device\HarddiskVolume1\EFI\Microsoft\Boot\BCD was cleared updating 58 keys and creating 6 modified pages."
"9/1/2026 5:03:54 PM","16","Information","Microsoft-Windows-Kernel-General","The access history in hive \??\C:\Windows\System32\config\COMPONENTS was cleared updating 68477 keys and creating 8430 modified pages."
"9/1/2026 5:03:53 PM","7036","Information","Service Control Manager","The Windows Modules Installer service entered the running state."
"9/1/2026 5:03:53 PM","7040","Information","Service Control Manager","The start type of the Windows Modules Installer service was changed from disabled to auto start."
"9/1/2026 5:03:53 PM","7040","Information","Service Control Manager","The start type of the Windows Update service was changed from demand start to auto start."
"9/1/2026 5:03:51 PM","43","Information","Microsoft-Windows-WindowsUpdateClient","Installation Started: Windows has started installing the following update: Windows Malicious Software Removal Tool x64 - v5.142 (KB890830)"
"9/1/2026 5:03:51 PM","7036","Information","Service Control Manager","The Software Protection service entered the running state."
"9/1/2026 5:03:43 PM","7036","Information","Service Control Manager","The Microsoft Passport service entered the stopped state."
"9/1/2026 5:03:37 PM","12","Warning","Microsoft-Windows-Time-Service","Time Provider NtpClient: This machine is configured to use the domain hierarchy to determine its time source, but it is the AD PDC emulator for the domain at the root of the forest, so there is no machine above it in the domain hierarchy to use as a time source. It is recommended that you either configure a reliable time service in the root domain, or manually configure the AD PDC to synchronize with an external time source. Otherwise, this machine will function as the authoritative time source in the domain hierarchy. If an external time source is not configured or used for this computer, you may choose to disable the NtpClient."
"9/1/2026 5:03:30 PM","7036","Information","Service Control Manager","The Software Protection service entered the stopped state."
"9/1/2026 5:03:09 PM","44","Information","Microsoft-Windows-WindowsUpdateClient","Windows Update started downloading an update."
"9/1/2026 5:03:07 PM","5781","Warning","NETLOGON","Dynamic registration or deletion of one or more DNS records associated with DNS domain 'DomainDnsZones.scaffold.htb.' failed.  These records are used by other computers to locate this server as a domain controller (if the specified domain is an Active Directory domain) or as an LDAP server (if the specified domain is an application partition).  

Possible causes of failure include:  
- TCP/IP properties of the network connections of this computer contain wrong IP address(es) of the preferred and alternate DNS servers 
- Specified preferred and alternate DNS servers are not running 
- DNS server(s) primary for the records to be registered is not running 
- Preferred or alternate DNS servers are configured with wrong root hints 
- Parent DNS zone contains incorrect delegation to the child zone authoritative for the DNS records that failed registration  

USER ACTION  
Fix possible misconfiguration(s) specified above and initiate registration or deletion of the DNS records by running 'nltest.exe /dsregdns' from the command prompt on the domain controller or by restarting Net Logon service on the domain controller."
"9/1/2026 5:03:07 PM","5781","Warning","NETLOGON","Dynamic registration or deletion of one or more DNS records associated with DNS domain 'ForestDnsZones.scaffold.htb.' failed.  These records are used by other computers to locate this server as a domain controller (if the specified domain is an Active Directory domain) or as an LDAP server (if the specified domain is an application partition).  

Possible causes of failure include:  
- TCP/IP properties of the network connections of this computer contain wrong IP address(es) of the preferred and alternate DNS servers 
- Specified preferred and alternate DNS servers are not running 
- DNS server(s) primary for the records to be registered is not running 
- Preferred or alternate DNS servers are configured with wrong root hints 
- Parent DNS zone contains incorrect delegation to the child zone authoritative for the DNS records that failed registration  

USER ACTION  
Fix possible misconfiguration(s) specified above and initiate registration or deletion of the DNS records by running 'nltest.exe /dsregdns' from the command prompt on the domain controller or by restarting Net Logon service on the domain controller."
"9/1/2026 5:03:03 PM","7036","Information","Service Control Manager","The Windows Update Medic Service service entered the stopped state."
"9/1/2026 5:03:02 PM","1014","Warning","Microsoft-Windows-DNS-Client","Name resolution for the name slscr.update.microsoft.com timed out after none of the configured DNS servers responded."
