"7/9/2026 2:22:03 PM","4111","Information","Microsoft-Windows-MSDTC","The MS DTC service is stopping."
"7/9/2026 2:22:03 PM","17147","Information","MSSQL$SQLEXPRESS","SQL Server is terminating because of a system shutdown. This is an informational message only. No user action is required."
"7/9/2026 2:22:03 PM","108","Information","VMTools","The service was stopped."
"7/9/2026 2:22:03 PM","272","Information","VMUpgradeHelper","Saved network configuration."
"7/9/2026 2:22:03 PM","260","Information","VMUpgradeHelper","Saving network configuration."
"7/9/2026 2:22:03 PM","6000","Information","Microsoft-Windows-Winlogon","The winlogon notification subscriber <SessionEnv> was unavailable to handle a notification event."
"7/9/2026 2:22:03 PM","6000","Information","Microsoft-Windows-Winlogon","The winlogon notification subscriber <WSearch> was unavailable to handle a notification event."
"7/9/2026 2:21:44 PM","8224","Information","VSS","The VSS service is shutting down due to idle timeout. "
"7/9/2026 2:21:31 PM","16384","Information","Microsoft-Windows-Security-SPP","Successfully scheduled Software Protection service for re-start at 2026-07-10T21:19:31Z. Reason: RulesEngine."
"7/9/2026 2:20:48 PM","16394","Information","Microsoft-Windows-Security-SPP","Offline downlevel migration succeeded."
"7/9/2026 2:20:33 PM","16384","Information","Microsoft-Windows-Security-SPP","Successfully scheduled Software Protection service for re-start at 2026-07-10T21:19:33Z. Reason: RulesEngine."
"7/9/2026 2:20:02 PM","8198","Error","Microsoft-Windows-Security-SPP","License Activation (slui.exe) failed with the following error code:
hr=0x80004005
Command-line arguments:
RuleId=31e71c49-8da7-4a2f-ad92-45d98a1c79ba;Action=AutoActivate;AppId=55c92734-d682-4d71-983e-d6ec3f16059f;SkuId=80f53cc1-120f-4e0e-875b-27c9f1caf7de;NotificationInterval=1440;Trigger=UserLogon;SessionId=1"
"7/9/2026 2:20:02 PM","16394","Information","Microsoft-Windows-Security-SPP","Offline downlevel migration succeeded."
"7/9/2026 2:20:01 PM","6000","Information","Microsoft-Windows-Winlogon","The winlogon notification subscriber <SessionEnv> was unavailable to handle a notification event."
"7/9/2026 2:20:01 PM","6003","Information","Microsoft-Windows-Winlogon","The winlogon notification subscriber <SessionEnv> was unavailable to handle a critical notification event."
"7/9/2026 2:19:13 PM","3408","Information","MSSQL$SQLEXPRESS","Recovery is complete. This is an informational message only. No user action is required."
"7/9/2026 2:19:13 PM","9688","Information","MSSQL$SQLEXPRESS","Service Broker manager has started."
"7/9/2026 2:19:13 PM","9666","Information","MSSQL$SQLEXPRESS","The Database Mirroring endpoint is in disabled or stopped state."
"7/9/2026 2:19:13 PM","9666","Information","MSSQL$SQLEXPRESS","The Service Broker endpoint is in disabled or stopped state."
"7/9/2026 2:19:13 PM","17137","Information","MSSQL$SQLEXPRESS","Starting up database 'tempdb'."
"7/9/2026 2:19:13 PM","17136","Information","MSSQL$SQLEXPRESS","Clearing tempdb database."
"7/9/2026 2:19:13 PM","17137","Information","MSSQL$SQLEXPRESS","Starting up database 'model'."
"7/9/2026 2:19:13 PM","256","Information","WDSServer","The Windows Deployment Services server started successfully. 
"
"7/9/2026 2:19:13 PM","517","Information","WDSServer","Provider WDSPXE loaded from C:\Windows\system32\wdspxe.dll and initialized successfully."
"7/9/2026 2:19:13 PM","777","Information","WDSPXE","Rogue detection has been disabled for this server. The Windows Deployment  Services server is authorized as a valid DHCP/PXE server and will process incoming client requests."
"7/9/2026 2:19:13 PM","262","Information","WDSPXE","Provider WDSDCPXE was loaded from C:\Windows\system32\wdsdcpxe.dll and initialized successfully."
"7/9/2026 2:19:13 PM","26067","Information","MSSQL$SQLEXPRESS","The SQL Server Network Interface library could not register the Service Principal Name (SPN) [ MSSQLSvc/dc.scaffold.htb:52951 ] for the SQL Server service. Windows return code: 0x2098, state: 15. Failure to register a SPN might cause integrated authentication to use NTLM instead of Kerberos. This is an informational message. Further action is only required if Kerberos authentication is required by authentication policies and if the SPN has not been manually registered."
"7/9/2026 2:19:13 PM","26067","Information","MSSQL$SQLEXPRESS","The SQL Server Network Interface library could not register the Service Principal Name (SPN) [ MSSQLSvc/dc.scaffold.htb:SQLEXPRESS ] for the SQL Server service. Windows return code: 0x2098, state: 15. Failure to register a SPN might cause integrated authentication to use NTLM instead of Kerberos. This is an informational message. Further action is only required if Kerberos authentication is required by authentication policies and if the SPN has not been manually registered."
"7/9/2026 2:19:12 PM","1305","Information","BINLSVC","Combined BCD file x64uefi{FB5B65D1-1A50-4088-8F8B-9592253BC2A1}.bcd generated successfully for the x64uefi architecture."
"7/9/2026 2:19:12 PM","26076","Information","MSSQL$SQLEXPRESS","SQL Server is attempting to register a Service Principal Name (SPN) for the SQL Server service. Kerberos authentication will not be possible until a SPN is registered for the SQL Server service. This is an informational message. No user action is required."
"7/9/2026 2:19:12 PM","17126","Information","MSSQL$SQLEXPRESS","SQL Server is now ready for client connections. This is an informational message; no user action is required."
"7/9/2026 2:19:12 PM","17199","Information","MSSQL$SQLEXPRESS","Dedicated administrator connection support was not started because it is disabled on this edition of SQL Server. If you want to use a dedicated administrator connection, restart SQL Server using the trace flag 7806. This is an informational message only. No user action is required."
"7/9/2026 2:19:12 PM","26048","Information","MSSQL$SQLEXPRESS","Server local connection provider is ready to accept connection on [ \\.\pipe\MSSQL$SQLEXPRESS\sql\query ]."
"7/9/2026 2:19:12 PM","26048","Information","MSSQL$SQLEXPRESS","Server local connection provider is ready to accept connection on [ \\.\pipe\SQLLocal\SQLEXPRESS ]."
"7/9/2026 2:19:12 PM","26022","Information","MSSQL$SQLEXPRESS","Server is listening on [ 'any' <ipv4> 52951]."
"7/9/2026 2:19:12 PM","26022","Information","MSSQL$SQLEXPRESS","Server is listening on [ 'any' <ipv6> 52951]."
"7/9/2026 2:19:12 PM","26018","Information","MSSQL$SQLEXPRESS","A self-generated certificate was successfully loaded for encryption."
"7/9/2026 2:19:12 PM","958","Information","MSSQL$SQLEXPRESS","The resource database build version is 15.00.2000. This is an informational message only. No user action is required."
"7/9/2026 2:19:12 PM","1305","Information","BINLSVC","Combined BCD file x86uefi{CCA0AFD3-72EE-4BC4-81AD-E9C5D65573AE}.bcd generated successfully for the x86uefi architecture."
"7/9/2026 2:19:12 PM","17137","Information","MSSQL$SQLEXPRESS","Starting up database 'mssqlsystemresource'."
"7/9/2026 2:19:12 PM","1305","Information","BINLSVC","Combined BCD file arm{72E083CC-067D-4201-909F-E0CDD75F91B8}.bcd generated successfully for the arm architecture."
"7/9/2026 2:19:12 PM","1305","Information","BINLSVC","Combined BCD file x86x64{9093E2AD-EFD6-4EB8-B229-F0AC7E1AE640}.bcd generated successfully for the x86x64 architecture."
"7/9/2026 2:19:12 PM","1305","Information","BINLSVC","Combined BCD file arm64{F9B36C72-F34A-4EEA-AF2A-C2EB19BE5693}.bcd generated successfully for the arm64 architecture."
"7/9/2026 2:19:12 PM","17137","Information","MSSQL$SQLEXPRESS","Starting up database 'msdb'."
"7/9/2026 2:19:12 PM","17663","Information","MSSQL$SQLEXPRESS","Server name is 'DC\SQLEXPRESS'. This is an informational message only. No user action is required."
"7/9/2026 2:19:11 PM","19030","Information","MSSQL$SQLEXPRESS","SQL Trace ID 1 was started by login ""sa""."
"7/9/2026 2:19:11 PM","1305","Information","BINLSVC","Combined BCD file x64{34ACD5B6-2E1F-4DF6-ADAC-E1214DBD71A2}.bcd generated successfully for the x64 architecture."
"7/9/2026 2:19:11 PM","1305","Information","BINLSVC","Combined BCD file x86{A903201D-D2AF-45A8-AD97-ADF6006A23EE}.bcd generated successfully for the x86 architecture."
"7/9/2026 2:19:11 PM","326","Information","ESENT","svchost (3084,D,50) AAP: The database engine attached a database (5, C:\RemoteInstall\Mgmt\binlsvcdb.mdb). (Time=0 seconds) 
 
Saved Cache: 1 0 
Additional Data: lgposAttach = 00000001:0093:0268,
dbv = 1568.180.400 (9360) 
 
Internal Timing Sequence: 
[1] 0.000008 +J(0)
[2] 0.000982 -0.000622 (1) WT +J(0) +M(C:0K, Fs:24, WS:32K # 0K, PF:32K # 0K, P:32K)
[3] 0.007658 -0.003550 (6) WT +J(CM:0, PgRf:0, Rd:0/0, Dy:0/0, Lg:3480/2) +M(C:0K, Fs:14, WS:20K # 0K, PF:24K # 0K, P:24K)
[4] 0.000105 +J(0)
[5] -
[6] -
[7] -
[8] 0.000293 +J(CM:0, PgRf:2, Rd:14/0, Dy:0/0, Lg:54/1) +M(C:108K, Fs:53, WS:176K # 0K, PF:128K # 0K, P:128K)
[9] 0.007779 -0.007553 (2) CM -0.007474 (2) WT +J(CM:2, PgRf:16, Rd:0/1, Dy:0/0, Lg:0/0) +M(C:-52K, Fs:7, WS:-52K # 0K, PF:-52K # 0K, P:-52K)
[10] 0.001678 -0.001553 (1) CM -0.001511 (1) WT +J(CM:1, PgRf:35, Rd:0/1, Dy:0/0, Lg:0/0) +M(C:-28K, Fs:0, WS:-28K # 0K, PF:-28K # 0K, P:-28K)
[11] 0.000013 +J(CM:0, PgRf:1, Rd:0/0, Dy:0/0, Lg:0/0)
[12] 0.000054 +J(CM:0, PgRf:42, Rd:0/0, Dy:0/0, Lg:0/0)
[13] 0.000001 +J(0)
[14] 0.0 +J(0)
[15] 0.000007 +J(CM:0, PgRf:1, Rd:0/0, Dy:0/0, Lg:0/0)."
"7/9/2026 2:19:11 PM","105","Information","ESENT","svchost (3084,D,0) AAP: The database engine started a new instance (2). (Time=0 seconds) 
 
Additional Data:
 lgposV2[] = 00000001:0001:0000 - 00000001:0090:02FB - 00000001:0091:0000 - 00000001:0091:0000 (00000000:0000:0000)
cReInits = 37
 
 
Internal Timing Sequence: 
[1] -
[2] -
[3] 0.001503 +J(0) +M(C:0K, Fs:3, WS:12K # 0K, PF:0K # 0K, P:0K)
[4] 0.000230 +J(0) +M(C:0K, Fs:8, WS:32K # 0K, PF:140K # 0K, P:140K)
[5] 0.001194 +J(0) +M(C:0K, Fs:6, WS:24K # 0K, PF:8K # 0K, P:8K)
[6] 0.002880 +J(0) +M(C:0K, Fs:1, WS:4K # 0K, PF:12K # 0K, P:12K)
[7] 0.026309 -0.022396 (11) WT +J(0) +M(C:0K, Fs:1283, WS:5120K # 1796K, PF:5132K # 812K, P:5132K)
[8] 0.249053 -0.225440 (55) WT +J(CM:0, PgRf:0, Rd:0/0, Dy:0/0, Lg:583998/1185) +M(C:0K, Fs:939, WS:196K # 240K, PF:68K # 116K, P:68K)
[9] 0.000643 +J(0)
[10] 0.015993 -0.013580 (10) WT +J(0) +M(C:0K, Fs:7, WS:-5092K # 0K, PF:-5124K # 0K, P:-5124K)
[11] 0.000026 +J(CM:0, PgRf:0, Rd:0/0, Dy:0/0, Lg:49/1) +M(C:0K, Fs:1, WS:4K # 0K, PF:0K # 0K, P:0K)
[12] 0.000039 +J(0)
[13] 0.160295 -0.003185 (2) CM -0.131671 (30) WT +J(CM:2, PgRf:2, Rd:0/2, Dy:0/0, Lg:8759/5) +M(C:36K, Fs:1327, WS:-48K # 0K, PF:-24K # 0K, P:-24K)
[14] 0.000019 +J(0)
[15] 0.000018 +J(0)
[16] 0.008711 -0.008552 (1) WT +J(0) +M(C:0K, Fs:2, WS:0K # 0K, PF:0K # 0K, P:0K)."
"7/9/2026 2:19:11 PM","33218","Information","MSSQL$SQLEXPRESS","SQL Server Audit has started the audits. This is an informational message. No user action is required."
"7/9/2026 2:19:11 PM","302","Information","ESENT","svchost (3084,U,98) AAP: The database engine has successfully completed recovery steps."
"7/9/2026 2:19:11 PM","33217","Information","MSSQL$SQLEXPRESS","SQL Server Audit is starting the audits. This is an informational message. No user action is required."
"7/9/2026 2:19:11 PM","301","Information","ESENT","svchost (3084,R,98) AAP: The database engine has finished replaying logfile C:\RemoteInstall\Mgmt\AAP.log. 
 
Processing Stats: 
[1] 0.200162 -0.178403 (52) WT +J(CM:0, PgRf:0, Rd:0/0, Dy:0/0, Lg:583998/1185) +M(C:0K, Fs:903, WS:60K # 104K, PF:60K # 100K, P:60K). 
Log record of type 'Insert   ' was seen most frequently (326 times)"
"7/9/2026 2:19:11 PM","335","Information","ESENT","svchost (3084,R,98) AAP: Replay of a Create for database ""C:\RemoteInstall\Mgmt\binlsvcdb.mdb"" at log position (00000001,0001,0268) was deferred due to AttachFuture.  Additional information:  "
"7/9/2026 2:19:11 PM","300","Information","ESENT","svchost (3084,R,98) AAP: The database engine is initiating recovery steps."
"7/9/2026 2:19:10 PM","26","Information","Microsoft-Windows-CertificationAuthority","Active Directory Certificate Services for scaffold-DC-CA was started.  DC="
"7/9/2026 2:19:10 PM","44","Error","Microsoft-Windows-CertificationAuthority","The ""Windows default"" Policy Module ""Initialize"" method returned an error. The specified domain either does not exist or could not be contacted. The returned status code is 0x8007054b (1355).  The Active Directory containing the Certification Authority could not be contacted.
"
"7/9/2026 2:19:11 PM","102","Information","ESENT","svchost (3084,P,98) AAP: The database engine (10.00.20348.0000) is starting a new instance (2)."
"7/9/2026 2:19:10 PM","517","Information","WDSServer","Provider WdsImgSrv loaded from C:\Windows\system32\WdsImgSrv.dll and initialized successfully."
"7/9/2026 2:19:10 PM","256","Information","WDSIMGSRV","The Windows Deployment Services image server initialized successfully. 
"
"7/9/2026 2:19:10 PM","517","Information","WDSServer","Provider WDSDDPS loaded from C:\Windows\system32\wdsddps.dll and initialized successfully."
"7/9/2026 2:19:10 PM","326","Information","ESENT","svchost (3084,D,50) DDP: The database engine attached a database (3, C:\RemoteInstall\Stores\Drivers\Metadata\DdpDb.mdb). (Time=0 seconds) 
 
Saved Cache: 1 0 
Additional Data: lgposAttach = 00000001:00C1:0268,
dbv = 1568.180.400 (9360) 
 
Internal Timing Sequence: 
[1] 0.000003 +J(0)
[2] 0.001466 -0.001218 (1) WT +J(0) +M(C:0K, Fs:24, WS:32K # 0K, PF:32K # 0K, P:32K)
[3] 0.073297 -0.065202 (6) WT +J(CM:0, PgRf:0, Rd:0/0, Dy:0/0, Lg:3480/2) +M(C:0K, Fs:14, WS:24K # 0K, PF:20K # 0K, P:20K)
[4] 0.000111 +J(0)
[5] -
[6] -
[7] -
[8] 0.000294 +J(CM:0, PgRf:2, Rd:7/0, Dy:0/0, Lg:54/1) +M(C:112K, Fs:45, WS:180K # 0K, PF:132K # 0K, P:132K)
[9] 0.014879 -0.014576 (3) CM -0.014417 (3) WT +J(CM:3, PgRf:16, Rd:0/2, Dy:0/0, Lg:0/0) +M(C:-12K, Fs:17, WS:-8K # 0K, PF:-12K # 0K, P:-12K)
[10] 0.001920 -0.001778 (1) CM -0.001719 (1) WT +J(CM:1, PgRf:35, Rd:0/1, Dy:0/0, Lg:0/0) +M(C:-28K, Fs:1, WS:-24K # 0K, PF:-28K # 0K, P:-28K)
[11] 0.000014 +J(CM:0, PgRf:1, Rd:0/0, Dy:0/0, Lg:0/0)
[12] 0.000045 +J(CM:0, PgRf:42, Rd:0/0, Dy:0/0, Lg:0/0)
[13] 0.000001 +J(0)
[14] 0.0 +J(0)
[15] 0.000005 +J(CM:0, PgRf:1, Rd:0/0, Dy:0/0, Lg:0/0)."
"7/9/2026 2:19:09 PM","105","Information","ESENT","svchost (3084,D,0) DDP: The database engine started a new instance (1). (Time=0 seconds) 
 
Additional Data:
 lgposV2[] = 00000001:0001:0000 - 00000001:00BE:0319 - 00000001:00BF:0000 - 00000001:00BF:0000 (00000000:0000:0000)
cReInits = 37
 
 
Internal Timing Sequence: 
[1] -
[2] -
[3] 0.005186 +J(0) +M(C:0K, Fs:3, WS:12K # 12K, PF:0K # 0K, P:0K)
[4] 0.000135 +J(0) +M(C:0K, Fs:5, WS:20K # 20K, PF:136K # 0K, P:136K)
[5] 0.000622 +J(0) +M(C:0K, Fs:4, WS:16K # 16K, PF:16K # 0K, P:16K)
[6] 0.003014 +J(0) +M(C:0K, Fs:2, WS:8K # 8K, PF:16K # 0K, P:16K)
[7] 0.224665 -0.219951 (11) WT +J(0) +M(C:0K, Fs:1283, WS:5120K # 5120K, PF:5132K # 4380K, P:5132K)
[8] 0.182720 -0.159851 (55) WT +J(CM:0, PgRf:0, Rd:0/0, Dy:0/0, Lg:770574/1680) +M(C:0K, Fs:937, WS:188K # 228K, PF:64K # 104K, P:64K)
[9] 0.000554 +J(0)
[10] 0.016490 -0.014323 (10) WT +J(0) +M(C:0K, Fs:0, WS:-5116K # 0K, PF:-5128K # 0K, P:-5128K)
[11] 0.000028 +J(CM:0, PgRf:0, Rd:0/0, Dy:0/0, Lg:49/1) +M(C:0K, Fs:1, WS:4K # 0K, PF:0K # 0K, P:0K)
[12] 0.000046 +J(0)
[13] 0.290305 -0.004319 (2) CM -0.254717 (31) WT +J(CM:2, PgRf:2, Rd:0/2, Dy:0/0, Lg:8759/5) +M(C:-56K, Fs:1328, WS:-44K # 0K, PF:-108K # 0K, P:-108K)
[14] 0.000020 +J(0)
[15] 0.000025 +J(0)
[16] 0.001563 -0.001397 (1) WT +J(0) +M(C:0K, Fs:2, WS:0K # 0K, PF:0K # 0K, P:0K)."
"7/9/2026 2:19:09 PM","17137","Information","MSSQL$SQLEXPRESS","Starting up database 'master'."
"7/9/2026 2:19:09 PM","302","Information","ESENT","svchost (3084,U,98) DDP: The database engine has successfully completed recovery steps."
"7/9/2026 2:19:09 PM","301","Information","ESENT","svchost (3084,R,98) DDP: The database engine has finished replaying logfile C:\RemoteInstall\Stores\Drivers\Metadata\DDP.log. 
 
Processing Stats: 
[1] 0.178571 -0.157412 (52) WT +J(CM:0, PgRf:0, Rd:0/0, Dy:0/0, Lg:770574/1680) +M(C:0K, Fs:902, WS:56K # 96K, PF:56K # 88K, P:56K). 
Log record of type 'Insert   ' was seen most frequently (479 times)"
"7/9/2026 2:19:09 PM","335","Information","ESENT","svchost (3084,R,98) DDP: Replay of a Create for database ""C:\RemoteInstall\Stores\Drivers\Metadata\DdpDb.mdb"" at log position (00000001,0001,0268) was deferred due to AttachFuture.  Additional information:  "
"7/9/2026 2:19:09 PM","6253","Information","MSSQL$SQLEXPRESS","Common language runtime (CLR) functionality initialized using CLR version v4.0.30319 from C:\Windows\Microsoft.NET\Framework64\v4.0.30319\."
"7/9/2026 2:19:09 PM","326","Information","ESENT","certsrv.exe (2884,D,50) The database engine attached a database (1, C:\Windows\system32\CertLog\scaffold-DC-CA.edb). (Time=0 seconds) 
 
Saved Cache: 0 0 
Additional Data: lgposAttach = 00000004:00F5:0268,
dbv = 1568.180.400 (9360) 
 
Internal Timing Sequence: 
[1] 0.000005 +J(0) +M(C:0K, Fs:1, WS:4K # 0K, PF:0K # 0K, P:0K)
[2] 0.001286 -0.001017 (1) WT +J(0) +M(C:0K, Fs:18, WS:8K # 0K, PF:4K # 0K, P:4K)
[3] 0.211807 -0.012692 (6) WT +J(CM:0, PgRf:0, Rd:0/0, Dy:0/0, Lg:3480/2) +M(C:0K, Fs:24, WS:92K # 0K, PF:120K # 0K, P:120K)
[4] 0.000141 +J(0)
[5] -
[6] -
[7] -
[8] 0.001175 -0.000867 (2) CM -0.000800 (2) WT +J(CM:2, PgRf:2, Rd:14/2, Dy:0/0, Lg:54/1) +M(C:0K, Fs:41, WS:164K # 0K, PF:168K # 0K, P:168K)
[9] 0.003960 -0.003617 (3) CM -0.003535 (3) WT +J(CM:3, PgRf:23, Rd:0/2, Dy:0/0, Lg:0/0) +M(C:0K, Fs:32, WS:128K # 0K, PF:196K # 0K, P:196K)
[10] 0.000748 -0.000595 (1) CM -0.000559 (1) WT +J(CM:1, PgRf:40, Rd:0/1, Dy:0/0, Lg:0/0) +M(C:0K, Fs:6, WS:20K # 0K, PF:68K # 0K, P:68K)
[11] 0.000024 +J(CM:0, PgRf:1, Rd:0/0, Dy:0/0, Lg:0/0) +M(C:0K, Fs:4, WS:16K # 0K, PF:0K # 0K, P:0K)
[12] 0.000066 +J(CM:0, PgRf:42, Rd:0/0, Dy:0/0, Lg:0/0) +M(C:0K, Fs:1, WS:4K # 0K, PF:0K # 0K, P:0K)
[13] 0.000001 +J(0)
[14] 0.000001 +J(0)
[15] 0.000007 +J(CM:0, PgRf:1, Rd:0/0, Dy:0/0, Lg:0/0)."
"7/9/2026 2:19:09 PM","300","Information","ESENT","svchost (3084,R,98) DDP: The database engine is initiating recovery steps."
"7/9/2026 2:19:09 PM","105","Information","ESENT","certsrv.exe (2884,D,0) The database engine started a new instance (0). (Time=0 seconds) 
 
Additional Data:
  
 
Internal Timing Sequence: 
[1] 0.000920 +J(0) +M(C:0K, Fs:127, WS:496K # 496K, PF:2412K # 2144K, P:2412K)
[2] 0.000545 +J(0) +M(C:3200K, Fs:145, WS:564K # 564K, PF:4128K # 4128K, P:4128K)
[3] 0.000016 +J(0) +M(C:0K, Fs:5, WS:20K # 20K, PF:64K # 64K, P:64K)
[4] 0.000102 +J(0) +M(C:0K, Fs:38, WS:152K # 152K, PF:500K # 500K, P:500K)
[5] 0.000597 +J(0) +M(C:0K, Fs:28, WS:112K # 112K, PF:20K # 20K, P:20K)
[6] 0.002889 +J(0) +M(C:0K, Fs:29, WS:112K # 112K, PF:12K # 12K, P:12K)
[7] 0.016448 -0.012082 (3) WT +J(0) +M(C:0K, Fs:274, WS:1096K # 1096K, PF:1024K # 1024K, P:1024K)
[8] -
[9] -
[10] -
[11] -
[12] -
[13] 0.020788 -0.015960 (4) WT +J(CM:0, PgRf:0, Rd:0/0, Dy:0/0, Lg:616/1) +M(C:0K, Fs:6, WS:-1008K # 16K, PF:-1020K # 12K, P:-1020K)
[14] 0.000023 +J(0)
[15] 0.000178 +J(0) +M(C:0K, Fs:100, WS:400K # 0K, PF:64K # 0K, P:64K)
[16] 0.000600 -0.000426 (1) WT +J(0) +M(C:0K, Fs:3, WS:4K # 0K, PF:0K # 0K, P:0K)."
"7/9/2026 2:19:09 PM","102","Information","ESENT","svchost (3084,P,98) DDP: The database engine (10.00.20348.0000) is starting a new instance (1)."
"7/9/2026 2:19:09 PM","102","Information","ESENT","certsrv.exe (2884,P,98) The database engine (10.00.20348.0000) is starting a new instance (0)."
"7/9/2026 2:19:09 PM","517","Information","WDSServer","Provider WDSDCPXE loaded from C:\Windows\system32\wdsdcpxe.dll and initialized successfully."
"7/9/2026 2:19:09 PM","517","Information","WDSServer","Provider WDSDCMGR loaded from C:\Windows\system32\wdsdcmgr.dll and initialized successfully."
"7/9/2026 2:19:08 PM","49910","Information","MSSQL$SQLEXPRESS","Software Usage Metrics is disabled."
"7/9/2026 2:19:08 PM","9048","Information","MSSQL$SQLEXPRESS","clwb is selected for pmem flush operation."
"7/9/2026 2:19:08 PM","49921","Information","MSSQL$SQLEXPRESS","Total Log Writer threads: 1. This is an informational message; no user action is required."
"7/9/2026 2:19:08 PM","17118","Information","MSSQL$SQLEXPRESS","Database Instant File Initialization: disabled. For security and performance considerations see the topic 'Database Instant File Initialization' in SQL Server Books Online. This is an informational message only. No user action is required."
"7/9/2026 2:19:07 PM","17125","Information","MSSQL$SQLEXPRESS","Using dynamic lock allocation.  Initial allocation of 2500 Lock blocks and 5000 Lock Owner blocks per node.  This is an informational message only.  No user action is required."
"7/9/2026 2:19:07 PM","17152","Information","MSSQL$SQLEXPRESS","Node configuration: node 0: CPU mask: 0x0000000000000003:0 Active CPU mask: 0x0000000000000003:0. This message provides a description of the NUMA configuration for this computer. This is an informational message only. No user action is required."
"7/9/2026 2:19:07 PM","17176","Information","MSSQL$SQLEXPRESS","This instance of SQL Server last reported using a process ID of 2756 at 7/8/2026 11:14:42 PM (local) 7/9/2026 6:14:42 AM (UTC). This is an informational message only; no user action is required."
"7/9/2026 2:19:07 PM","17811","Information","MSSQL$SQLEXPRESS","The maximum number of dedicated administrator connections for this instance is '1'"
"7/9/2026 2:19:06 PM","873","Information","MSSQL$SQLEXPRESS","Buffer pool extension is already disabled. No action is necessary."
"7/9/2026 2:19:06 PM","49917","Information","MSSQL$SQLEXPRESS","Default collation: SQL_Latin1_General_CP1_CI_AS (us_english 1033)"
"7/9/2026 2:19:06 PM","903","Information","Microsoft-Windows-Security-SPP","The Software Protection service has stopped.
"
"7/9/2026 2:19:06 PM","16384","Information","Microsoft-Windows-Security-SPP","Successfully scheduled Software Protection service for re-start at 2026-07-10T21:18:06Z. Reason: RulesEngine."
"7/9/2026 2:19:05 PM","894","Information","MSSQL$SQLEXPRESS","Buffer Pool: Allocating 524288 bytes for 430578 hashPages."
"7/9/2026 2:19:05 PM","852","Information","MSSQL$SQLEXPRESS","Using conventional memory in the memory manager."
"7/9/2026 2:19:05 PM","49903","Information","MSSQL$SQLEXPRESS","Detected 4095 MB of RAM. This is an informational message; no user action is required."
"7/9/2026 2:19:05 PM","17162","Information","MSSQL$SQLEXPRESS","SQL Server is starting at normal priority base (=7). This is an informational message only. No user action is required."
"7/9/2026 2:19:05 PM","17164","Information","MSSQL$SQLEXPRESS","SQL Server detected 1 sockets with 2 cores per socket and 2 logical processors per socket, 2 total logical processors; using 2 logical processors based on SQL Server licensing. This is an informational message; no user action is required."
"7/9/2026 2:19:04 PM","17115","Information","MSSQL$SQLEXPRESS","Command Line Startup Parameters:
	 -s ""SQLEXPRESS"""
"7/9/2026 2:19:04 PM","17110","Information","MSSQL$SQLEXPRESS","Registry startup parameters: 
	 -d C:\Program Files\Microsoft SQL Server\MSSQL15.SQLEXPRESS\MSSQL\DATA\master.mdf
	 -e C:\Program Files\Microsoft SQL Server\MSSQL15.SQLEXPRESS\MSSQL\Log\ERRORLOG
	 -l C:\Program Files\Microsoft SQL Server\MSSQL15.SQLEXPRESS\MSSQL\DATA\mastlog.ldf"
"7/9/2026 2:19:04 PM","49904","Information","MSSQL$SQLEXPRESS","The service account is 'NT Service\MSSQL$SQLEXPRESS'. This is an informational message; no user action is required."
"7/9/2026 2:19:04 PM","17111","Information","MSSQL$SQLEXPRESS","Logging SQL Server messages in file 'C:\Program Files\Microsoft SQL Server\MSSQL15.SQLEXPRESS\MSSQL\Log\ERRORLOG'."
"7/9/2026 2:19:04 PM","15268","Information","MSSQL$SQLEXPRESS","Authentication mode is MIXED."
"7/9/2026 2:19:04 PM","18496","Information","MSSQL$SQLEXPRESS","System Manufacturer: 'VMware, Inc.', System Model: 'VMware20,1'."
"7/9/2026 2:19:04 PM","17104","Information","MSSQL$SQLEXPRESS","Server process ID is 5756."
"7/9/2026 2:19:04 PM","17103","Information","MSSQL$SQLEXPRESS","All rights reserved."
"7/9/2026 2:19:04 PM","17101","Information","MSSQL$SQLEXPRESS","(c) Microsoft Corporation."
"7/9/2026 2:19:04 PM","49916","Information","MSSQL$SQLEXPRESS","UTC adjustment: -7:00"
"7/9/2026 2:19:04 PM","17069","Information","MSSQL$SQLEXPRESS","Microsoft SQL Server 2019 (RTM) - 15.0.2000.5 (X64) 
	Sep 24 2019 13:48:23 
	Copyright (C) 2019 Microsoft Corporation
	Express Edition (64-bit) on Windows Server 2022 Datacenter 10.0 <X64> (Build 20348: ) (Hypervisor)
"
"7/9/2026 2:18:51 PM","6003","Information","Microsoft-Windows-Winlogon","The winlogon notification subscriber <TrustedInstaller> was unavailable to handle a critical notification event."
"7/9/2026 2:18:50 PM","9027","Information","Desktop Window Manager","The Desktop Window Manager has registered the session port."
"7/9/2026 2:18:45 PM","271","Information","VMUpgradeHelper","Restored network configuration."
"7/9/2026 2:18:44 PM","258","Information","VMUpgradeHelper","Restoring network configuration."
"7/9/2026 2:18:44 PM","0","Information","Microsoft Deployment Toolkit Monitor Service","Service started successfully."
"7/9/2026 2:18:43 PM","4202","Information","Microsoft-Windows-MSDTC 2","MSDTC started with the following settings: Security Configuration (OFF = 0 and ON = 1): Allow Remote Administrator = 0, Network Clients = 0, Transaction Manager Communication:  Allow Inbound Transactions = 0, Allow Outbound Transactions = 0, Transaction Internet Protocol (TIP) = 0,  Enable XA Transactions = 0,  Enable SNA LU 6.2 Transactions = 1,  MSDTC Communications Security = Mutual Authentication Required, Account = NT AUTHORITY\NetworkService,  Firewall Exclusion Detected = 0 Transaction Bridge Installed = 0 Filtering Duplicate Events = 1"
"7/9/2026 2:18:42 PM","781","Information","Microsoft-Windows-Complus","The COM+ sub system is suppressing duplicate event log entries for a duration of 86400 seconds.  The suppression timeout can be controlled by a REG_DWORD value named SuppressDuplicateDuration under the following registry key: HKLM\Software\Microsoft\COM3\Eventlog."
"7/9/2026 2:18:42 PM","5617","Information","Microsoft-Windows-WMI","Windows Management Instrumentation Service subsystems initialized successfully"
"7/9/2026 2:18:41 PM","517","Information","WDSServer","Provider WDSTFTP loaded from C:\Windows\system32\wdstftp.dll and initialized successfully."
"7/9/2026 2:18:41 PM","517","Information","WDSServer","Provider WDSMDMGR loaded from C:\Windows\system32\wdsmdmgr.dll and initialized successfully."
"7/9/2026 2:18:41 PM","326","Information","ESENT","svchost (3084,D,50) WDS: The database engine attached a database (1, C:\RemoteInstall\Stores\Metadata\WDSMD.mdb). (Time=0 seconds) 
 
Saved Cache: 1 0 
Additional Data: lgposAttach = 00000001:0089:0268,
dbv = 1568.180.400 (9360) 
 
Internal Timing Sequence: 
[1] 0.000003 +J(0)
[2] 0.000660 -0.000362 (1) WT +J(0) +M(C:0K, Fs:24, WS:32K # 0K, PF:32K # 0K, P:32K)
[3] 0.023764 -0.018981 (6) WT +J(CM:0, PgRf:0, Rd:0/0, Dy:0/0, Lg:3480/2) +M(C:0K, Fs:15, WS:24K # 0K, PF:24K # 0K, P:24K)
[4] 0.000113 +J(0)
[5] -
[6] -
[7] -
[8] 0.002160 -0.001780 (2) CM -0.001686 (2) WT +J(CM:2, PgRf:2, Rd:4/2, Dy:0/0, Lg:54/1) +M(C:120K, Fs:46, WS:128K # 0K, PF:140K # 0K, P:140K)
[9] 0.003459 -0.003164 (2) CM -0.003058 (2) WT +J(CM:2, PgRf:16, Rd:0/2, Dy:0/0, Lg:0/0) +M(C:-16K, Fs:40, WS:80K # 0K, PF:208K # 0K, P:208K)
[10] 0.001305 -0.001156 (1) CM -0.001102 (1) WT +J(CM:1, PgRf:35, Rd:0/1, Dy:0/0, Lg:0/0) +M(C:-28K, Fs:4, WS:-12K # 0K, PF:36K # 0K, P:36K)
[11] 0.000016 +J(CM:0, PgRf:1, Rd:0/0, Dy:0/0, Lg:0/0) +M(C:0K, Fs:3, WS:12K # 0K, PF:0K # 0K, P:0K)
[12] 0.000042 +J(CM:0, PgRf:42, Rd:0/0, Dy:0/0, Lg:0/0) +M(C:0K, Fs:1, WS:4K # 0K, PF:0K # 0K, P:0K)
[13] 0.0 +J(0)
[14] 0.0 +J(0)
[15] 0.000005 +J(CM:0, PgRf:1, Rd:0/0, Dy:0/0, Lg:0/0)."
"7/9/2026 2:18:41 PM","105","Information","ESENT","svchost (3084,D,0) WDS: The database engine started a new instance (0). (Time=1 seconds) 
 
Additional Data:
 lgposV2[] = 00000001:0001:0000 - 00000001:0086:0309 - 00000001:0087:0000 - 00000001:0087:0000 (00000000:0000:0000)
cReInits = 37
 
 
Internal Timing Sequence: 
[1] 0.010175 +J(0) +M(C:0K, Fs:228, WS:900K # 900K, PF:5376K # 5376K, P:5376K)
[2] 0.000342 +J(0) +M(C:64K, Fs:101, WS:396K # 396K, PF:380K # 380K, P:380K)
[3] 0.009356 +J(0) +M(C:0K, Fs:6, WS:20K # 20K, PF:68K # 68K, P:68K)
[4] 0.000427 +J(0) +M(C:0K, Fs:21, WS:84K # 84K, PF:224K # 224K, P:224K)
[5] 0.000607 +J(0) +M(C:0K, Fs:9, WS:36K # 36K, PF:16K # 16K, P:16K)
[6] 0.008855 +J(0) +M(C:0K, Fs:23, WS:92K # 92K, PF:12K # 12K, P:12K)
[7] 0.095576 -0.089295 (11) WT +J(0) +M(C:0K, Fs:1299, WS:5188K # 5188K, PF:5128K # 5128K, P:5128K)
[8] 0.852144 -0.440064 (55) WT +J(CM:0, PgRf:0, Rd:0/0, Dy:0/0, Lg:543428/1018) +M(C:0K, Fs:989, WS:388K # 420K, PF:252K # 284K, P:252K)
[9] 0.000648 +J(0) +M(C:0K, Fs:4, WS:16K # 0K, PF:4K # 0K, P:4K)
[10] 0.015466 -0.013130 (10) WT +J(0) +M(C:0K, Fs:0, WS:-5116K # 0K, PF:-5124K # 0K, P:-5124K)
[11] 0.000031 +J(CM:0, PgRf:0, Rd:0/0, Dy:0/0, Lg:49/1) +M(C:0K, Fs:2, WS:8K # 0K, PF:0K # 0K, P:0K)
[12] 0.000045 +J(0)
[13] 0.060034 -0.003103 (2) CM -0.038718 (30) WT +J(CM:2, PgRf:2, Rd:0/2, Dy:0/0, Lg:8759/5) +M(C:-56K, Fs:1350, WS:48K # 44K, PF:84K # 64K, P:84K)
[14] 0.000022 +J(0)
[15] 0.000034 +J(0)
[16] 0.001344 -0.001127 (1) WT +J(0) +M(C:0K, Fs:2, WS:0K # 0K, PF:0K # 0K, P:0K)."
"7/9/2026 2:18:41 PM","302","Information","ESENT","svchost (3084,U,98) WDS: The database engine has successfully completed recovery steps."
"7/9/2026 2:18:41 PM","301","Information","ESENT","svchost (3084,R,98) WDS: The database engine has finished replaying logfile C:\RemoteInstall\Stores\Metadata\WDS.log. 
 
Processing Stats: 
[1] 0.579285 -0.432542 (52) WT +J(CM:0, PgRf:0, Rd:0/0, Dy:0/0, Lg:543428/1018) +M(C:0K, Fs:945, WS:224K # 256K, PF:164K # 196K, P:164K). 
Log record of type 'Insert   ' was seen most frequently (277 times)"
"7/9/2026 2:18:40 PM","335","Information","ESENT","svchost (3084,R,98) WDS: Replay of a Create for database ""C:\RemoteInstall\Stores\Metadata\WDSMD.mdb"" at log position (00000001,0001,0268) was deferred due to AttachFuture.  Additional information:  "
"7/9/2026 2:18:40 PM","300","Information","ESENT","svchost (3084,R,98) WDS: The database engine is initiating recovery steps."
"7/9/2026 2:18:40 PM","102","Information","ESENT","svchost (3084,P,98) WDS: The database engine (10.00.20348.0000) is starting a new instance (0)."
"7/9/2026 2:18:40 PM","517","Information","WDSServer","Provider WDSMC loaded from C:\Windows\system32\wdsmc.dll and initialized successfully."
"7/9/2026 2:18:39 PM","5615","Information","Microsoft-Windows-WMI","Windows Management Instrumentation Service started sucessfully"
"7/9/2026 2:18:39 PM","1025","Information","WDSServer","The RPC server started on TCP port 5040. 
"
"7/9/2026 2:18:39 PM","105","Information","VMTools","The service was started."
"7/9/2026 2:18:35 PM","8198","Error","Microsoft-Windows-Security-SPP","License Activation (slui.exe) failed with the following error code:
hr=0x80004005
Command-line arguments:
RuleId=31e71c49-8da7-4a2f-ad92-45d98a1c79ba;Action=AutoActivate;AppId=55c92734-d682-4d71-983e-d6ec3f16059f;SkuId=80f53cc1-120f-4e0e-875b-27c9f1caf7de;NotificationInterval=1440;Trigger=NetworkAvailable"
"7/9/2026 2:18:35 PM","8230","Information","Microsoft-Windows-Security-SPP","The rules engine successfully re-evaluated the schedule.
Kernel policies:
Security-SPP-Action-StateData (REG_SZ) =AppId=55c92734-d682-4d71-983e-d6ec3f16059f;LastConsumptionReason=0xc004f034;LastNotificationId=NeverActivated;LicenseState=SL_LICENSING_STATUS_NOTIFICATION;PartialProductKey=F3PYF;ProductKeyType=Volume:MAK;SkuId=80f53cc1-120f-4e0e-875b-27c9f1caf7de;ruleId=31e71c49-8da7-4a2f-ad92-45d98a1c79ba;uxDifferentiator=RETAIL"
"7/9/2026 2:18:35 PM","16388","Information","Microsoft-Windows-Security-SPP","The current time is 2026-07-09T21:18:35Z : 2026-07-09T21:18:35Z."
"7/9/2026 2:18:35 PM","8198","Error","Microsoft-Windows-Security-SPP","License Activation (slui.exe) failed with the following error code:
hr=0x80004005
Command-line arguments:
RuleId=31e71c49-8da7-4a2f-ad92-45d98a1c79ba;Action=AutoActivate;AppId=55c92734-d682-4d71-983e-d6ec3f16059f;SkuId=80f53cc1-120f-4e0e-875b-27c9f1caf7de;NotificationInterval=1440;Trigger=TimerEvent"
"7/9/2026 2:18:35 PM","8230","Information","Microsoft-Windows-Security-SPP","The rules engine successfully re-evaluated the schedule.
Kernel policies:
Security-SPP-Action-StateData (REG_SZ) =AppId=55c92734-d682-4d71-983e-d6ec3f16059f;LastConsumptionReason=0xc004f034;LastNotificationId=NeverActivated;LicenseState=SL_LICENSING_STATUS_NOTIFICATION;PartialProductKey=F3PYF;ProductKeyType=Volume:MAK;SkuId=80f53cc1-120f-4e0e-875b-27c9f1caf7de;ruleId=31e71c49-8da7-4a2f-ad92-45d98a1c79ba;uxDifferentiator=RETAIL"
"7/9/2026 2:18:34 PM","902","Information","Microsoft-Windows-Security-SPP","The Software Protection service has started.
10.0.20348.587"
"7/9/2026 2:18:34 PM","1061","Information","Microsoft-Windows-Security-SPP","Edition changed from 7 to 8 after Windows Right consumption."
"7/9/2026 2:18:34 PM","16388","Information","Microsoft-Windows-Security-SPP","The current time is 2026-07-09T21:18:34Z : 2026-07-09T21:18:34Z."
"7/9/2026 2:18:34 PM","1003","Information","Microsoft-Windows-Security-SPP","The Software Protection service has completed licensing status check.
Application Id=55c92734-d682-4d71-983e-d6ec3f16059f
Licensing Status=
1: 0dc876e0-7ab8-41c1-b8ba-2237d484cd26, 1, 0 [(0 [0xC004F014, 0, 0], [(?)(?)(?)(?)(?)(?)(?)(?)])(1 )(2 )(3 )]
2: 176afa14-ca77-4cae-9ecc-ba2295540382, 1, 0 [(0 [0xC004F014, 0, 0], [(?)(?)(?)(?)(?)(?)(?)(?)])(1 )(2 )(3 )]
3: 208d2508-de49-48d5-a1df-837a9f1053ef, 1, 0 [(0 [0xC004F014, 0, 0], [(?)(?)(?)(?)(?)(?)(?)(?)])(1 )(2 )(3 )]
4: 22105925-48c3-4ff4-a294-f654bb27e390, 1, 0 [(0 [0xC004F014, 0, 0], [(?)(?)(?)(?)(?)(?)(?)(?)])(1 )(2 )(3 )]
5: 482b7fee-a9f5-46a3-862d-b28bef48c7e8, 1, 0 [(0 [0xC004F014, 0, 0], [(?)(?)(?)(?)(?)(?)(?)(?)])(1 )(2 )(3 )]
6: 4f64509c-0ad2-43a7-b73b-233afbb27096, 1, 0 [(0 [0xC004F014, 0, 0], [(?)(?)(?)(?)(?)(?)(?)(?)])(1 )(2 )(3 )]
7: 522b5066-79e8-49f2-9f9d-30b4d507d57b, 1, 0 [(0 [0xC004F014, 0, 0], [(?)(?)(?)(?)(?)(?)(?)(?)])(1 )(2 )(3 )]
8: 661f7658-7035-4b4c-9f35-010682943ec2, 1, 0 [(0 [0xC004F014, 0, 0], [(?)(?)(?)(?)(?)(?)(?)(?)])(1 )(2 )(3 )]
9: 78214935-d737-41c1-83df-f600c1766211, 1, 0 [(0 [0xC004F014, 0, 0], [(?)(?)(?)(?)(?)(?)(?)(?)])(1 )(2 )(3 )]
10: 80f53cc1-120f-4e0e-875b-27c9f1caf7de, 1, 0 [(0 )(1 )(2 [0xC004E003, 0, 0], [( 1 0xC004F034)( 1 0xC004F034)(?)(?)(?)(?)(?)(?)])(3 [0x00000000, 0, 0], [( 6 0xC004F009 0 0)( 1 0x00000000)( 6 0xC004F009 0 0)(?)(?)(?)( 10 0x00000000 msft:rm/algorithm/flags/1.0)( 11 0x00000000 0xC004F034)])]
11: aa04eff4-34fa-4da8-a645-8c30c30b3a7f, 1, 0 [(0 [0xC004F014, 0, 0], [(?)(?)(?)(?)(?)(?)(?)(?)])(1 )(2 )(3 )]
12: e73aabfa-12bc-4705-b551-2dd076bebc7d, 1, 0 [(0 [0xC004F014, 0, 0], [(?)(?)(?)(?)(?)(?)(?)(?)])(1 )(2 )(3 )]
13: ef6cfc9f-8c5d-44ac-9aad-de6a2ea0ae03, 1, 0 [(0 [0xC004F014, 0, 0], [(?)(?)(?)(?)(?)(?)(?)(?)])(1 )(2 )(3 )]

"
"7/9/2026 2:18:34 PM","1034","Information","Microsoft-Windows-Security-SPP","Duplicate definition of policy found. Policy name=Security-SPP-WriteWauMarker  Priority=500"
"7/9/2026 2:18:34 PM","1034","Information","Microsoft-Windows-Security-SPP","Duplicate definition of policy found. Policy name=AAD-BlockAADWorkplaceJoin-Default  Priority=100"
"7/9/2026 2:18:33 PM","1016","Information","Microsoft-Windows-Security-SPP","Proof of Purchase installed successfully. 
ACID=80f53cc1-120f-4e0e-875b-27c9f1caf7de
PKeyId=9c6d9188-18d8-40ba-e246-fd5c11bc5644"
"7/9/2026 2:18:33 PM","1004","Information","Microsoft-Windows-Security-SPP","The Software Protection service has successfully installed the license.
License Title=Windows(R) UL inherited License (Private)
License Id=4ad785bb-96c2-4983-8a35-f9e3cd4d7d4f"
"7/9/2026 2:18:33 PM","1004","Information","Microsoft-Windows-Security-SPP","The Software Protection service has successfully installed the license.
License Title=Windows(R) UL inherited License (Public)
License Id=0c52c42d-e31d-4f69-aa14-be5eb56a486f"
"7/9/2026 2:18:33 PM","1004","Information","Microsoft-Windows-Security-SPP","The Software Protection service has successfully installed the license.
License Title=Windows(R) UL oob License (Private)
License Id=d4f7c9cf-04c4-4a6e-b327-883afe884e26"
"7/9/2026 2:18:33 PM","1004","Information","Microsoft-Windows-Security-SPP","The Software Protection service has successfully installed the license.
License Title=Windows(R) UL oob License (Public)
License Id=0ec39e05-e9f9-4dc7-bcd4-9e8b396fc09f"
"7/9/2026 2:18:33 PM","1004","Information","Microsoft-Windows-Security-SPP","The Software Protection service has successfully installed the license.
License Title=Windows(R) UL store License (Private)
License Id=b28ff767-9f02-4cb2-825a-803ec2a91f09"
"7/9/2026 2:18:33 PM","1004","Information","Microsoft-Windows-Security-SPP","The Software Protection service has successfully installed the license.
License Title=Windows(R) UL store License (Public)
License Id=3741f748-7e69-42c3-90af-43b40ee11109"
"7/9/2026 2:18:33 PM","1004","Information","Microsoft-Windows-Security-SPP","The Software Protection service has successfully installed the license.
License Title=Windows(R) UL phone License (Private)
License Id=51bc77c8-6713-4ed3-828d-49f272116cc6"
"7/9/2026 2:18:33 PM","1004","Information","Microsoft-Windows-Security-SPP","The Software Protection service has successfully installed the license.
License Title=Windows(R) UL phone License (Public)
License Id=11829ec8-02a5-407b-8961-91be809b3219"
"7/9/2026 2:18:33 PM","1004","Information","Microsoft-Windows-Security-SPP","The Software Protection service has successfully installed the license.
License Title=Windows(R) UL oob License (Private)
License Id=f3130569-5572-48c5-b789-f080208d233e"
"7/9/2026 2:18:33 PM","1004","Information","Microsoft-Windows-Security-SPP","The Software Protection service has successfully installed the license.
License Title=Windows(R) UL oob License (Public)
License Id=800cbf47-95e7-4b1e-98bb-941e3f6cb0f2"
"7/9/2026 2:18:32 PM","1004","Information","Microsoft-Windows-Security-SPP","The Software Protection service has successfully installed the license.
License Title=Windows(R) Publishing License (Private)
License Id=307a42ca-5cfe-432f-b4c0-9e26a261449a"
"7/9/2026 2:18:32 PM","1004","Information","Microsoft-Windows-Security-SPP","The Software Protection service has successfully installed the license.
License Title=Windows(R) Publishing License (Public)
License Id=26d92020-d07b-4c83-9b8d-70a9f629604b"
"7/9/2026 2:18:32 PM","1004","Information","Microsoft-Windows-Security-SPP","The Software Protection service has successfully installed the license.
License Title=Windows(R) UL volume License (Private)
License Id=24479b0f-d413-4718-a6f7-f29c8d996f9f"
"7/9/2026 2:18:32 PM","1004","Information","Microsoft-Windows-Security-SPP","The Software Protection service has successfully installed the license.
License Title=Windows(R) UL volume License (Public)
License Id=bad8fedf-df62-4f9a-9e34-31734942c900"
"7/9/2026 2:18:32 PM","1004","Information","Microsoft-Windows-Security-SPP","The Software Protection service has successfully installed the license.
License Title=Windows(R) UL oob License (Private)
License Id=5f43d6e9-bba8-4819-8682-4b98c182633a"
"7/9/2026 2:18:32 PM","1004","Information","Microsoft-Windows-Security-SPP","The Software Protection service has successfully installed the license.
License Title=Windows(R) UL oob License (Public)
License Id=db2edcb9-87f5-409e-b455-cb72a5b17969"
"7/9/2026 2:18:32 PM","1004","Information","Microsoft-Windows-Security-SPP","The Software Protection service has successfully installed the license.
License Title=Windows(R) UL store License (Private)
License Id=3a3589f1-6e6e-4b90-964a-82c7c526f95c"
"7/9/2026 2:18:32 PM","1004","Information","Microsoft-Windows-Security-SPP","The Software Protection service has successfully installed the license.
License Title=Windows(R) UL store License (Public)
License Id=df4c287d-6249-4dd0-8c3b-1494b20b3225"
"7/9/2026 2:18:32 PM","1004","Information","Microsoft-Windows-Security-SPP","The Software Protection service has successfully installed the license.
License Title=Windows(R) UL phone License (Private)
License Id=0d273f69-e315-4f1d-a355-b0fc8013dec7"
"7/9/2026 2:18:32 PM","1004","Information","Microsoft-Windows-Security-SPP","The Software Protection service has successfully installed the license.
License Title=Windows(R) UL phone License (Public)
License Id=841abbff-49a6-4396-a8d2-93aeccdd01ab"
"7/9/2026 2:18:32 PM","1004","Information","Microsoft-Windows-Security-SPP","The Software Protection service has successfully installed the license.
License Title=Windows(R) UL oob License (Private)
License Id=302254bc-9d6e-4ece-a52f-f483bbcb4249"
"7/9/2026 2:18:32 PM","1004","Information","Microsoft-Windows-Security-SPP","The Software Protection service has successfully installed the license.
License Title=Windows(R) UL oob License (Public)
License Id=f472755c-8ad5-4fc9-b19b-70dc6fd474b5"
"7/9/2026 2:18:32 PM","1004","Information","Microsoft-Windows-Security-SPP","The Software Protection service has successfully installed the license.
License Title=Windows(R) Publishing License (Private)
License Id=2f7b3272-f8b7-46e6-b915-5dce12999aa7"
"7/9/2026 2:18:32 PM","1004","Information","Microsoft-Windows-Security-SPP","The Software Protection service has successfully installed the license.
License Title=Windows(R) Publishing License (Public)
License Id=195b8f7d-5d3c-4c1b-aaad-d557fcf013d1"
"7/9/2026 2:18:32 PM","1004","Information","Microsoft-Windows-Security-SPP","The Software Protection service has successfully installed the license.
License Title=Windows(R) UL store License (Private)
License Id=74087763-3913-410b-ab43-235214f8e4be"
"7/9/2026 2:18:32 PM","1004","Information","Microsoft-Windows-Security-SPP","The Software Protection service has successfully installed the license.
License Title=Windows(R) UL store License (Public)
License Id=500778a6-74d7-49f6-8673-933184631ce8"
"7/9/2026 2:18:32 PM","1004","Information","Microsoft-Windows-Security-SPP","The Software Protection service has successfully installed the license.
License Title=Windows(R) UL phone License (Private)
License Id=7edd11af-4a54-4b75-b06e-43051fdd87d0"
"7/9/2026 2:18:32 PM","1004","Information","Microsoft-Windows-Security-SPP","The Software Protection service has successfully installed the license.
License Title=Windows(R) UL phone License (Public)
License Id=69daf00c-ec72-4eae-96dc-a19d2a026017"
"7/9/2026 2:18:32 PM","1004","Information","Microsoft-Windows-Security-SPP","The Software Protection service has successfully installed the license.
License Title=Windows(R) UL oob License (Private)
License Id=8ccc5b60-2de3-4ee0-8310-d6a9e1729d2d"
"7/9/2026 2:18:32 PM","1004","Information","Microsoft-Windows-Security-SPP","The Software Protection service has successfully installed the license.
License Title=Windows(R) UL oob License (Public)
License Id=cb6fd1de-2747-44eb-99c6-d33f7c58f895"
"7/9/2026 2:18:32 PM","1004","Information","Microsoft-Windows-Security-SPP","The Software Protection service has successfully installed the license.
License Title=Windows(R) Publishing License (Private)
License Id=819a92a3-1bef-4d71-9c4c-8ff475fbf406"
"7/9/2026 2:18:32 PM","1004","Information","Microsoft-Windows-Security-SPP","The Software Protection service has successfully installed the license.
License Title=Windows(R) Publishing License (Public)
License Id=a720e8c8-7dde-4332-94b0-138433c5090a"
"7/9/2026 2:18:32 PM","1004","Information","Microsoft-Windows-Security-SPP","The Software Protection service has successfully installed the license.
License Title=Windows(R) UL store License (Private)
License Id=7fbf5f19-d171-41b3-ac52-8555b17efcce"
"7/9/2026 2:18:32 PM","1004","Information","Microsoft-Windows-Security-SPP","The Software Protection service has successfully installed the license.
License Title=Windows(R) UL store License (Public)
License Id=d3818f64-5e9d-45c9-958e-1fef804072c6"
"7/9/2026 2:18:32 PM","1004","Information","Microsoft-Windows-Security-SPP","The Software Protection service has successfully installed the license.
License Title=Windows(R) UL phone License (Private)
License Id=0670de3b-fa73-481d-bc24-740a3c989c71"
"7/9/2026 2:18:32 PM","1004","Information","Microsoft-Windows-Security-SPP","The Software Protection service has successfully installed the license.
License Title=Windows(R) UL phone License (Public)
License Id=ffcf7077-3144-491c-94fc-d9e65f915e5c"
"7/9/2026 2:18:32 PM","1004","Information","Microsoft-Windows-Security-SPP","The Software Protection service has successfully installed the license.
License Title=Windows(R) UL oob License (Private)
License Id=a0b76f5e-2cf3-49e6-84d4-a10267f8cf38"
"7/9/2026 2:18:32 PM","1004","Information","Microsoft-Windows-Security-SPP","The Software Protection service has successfully installed the license.
License Title=Windows(R) UL oob License (Public)
License Id=5f120382-c20c-4a7f-b3d7-9a4a6c69ee61"
"7/9/2026 2:18:32 PM","1004","Information","Microsoft-Windows-Security-SPP","The Software Protection service has successfully installed the license.
License Title=Windows(R) Publishing License (Private)
License Id=72348df8-ec10-47e5-84b9-db67aa365bdc"
"7/9/2026 2:18:32 PM","1004","Information","Microsoft-Windows-Security-SPP","The Software Protection service has successfully installed the license.
License Title=Windows(R) Publishing License (Public)
License Id=f682b0b6-8a31-46e8-b4bc-8b81f6fce2d4"
"7/9/2026 2:18:32 PM","1004","Information","Microsoft-Windows-Security-SPP","The Software Protection service has successfully installed the license.
License Title=Windows(R) UL store License (Private)
License Id=a34429a4-0367-4c90-ab9e-9dde6845785b"
"7/9/2026 2:18:32 PM","1004","Information","Microsoft-Windows-Security-SPP","The Software Protection service has successfully installed the license.
License Title=Windows(R) UL store License (Public)
License Id=87bdbc7d-c3e5-4d71-b0ba-ad1f7ce1d2e6"
"7/9/2026 2:18:32 PM","1004","Information","Microsoft-Windows-Security-SPP","The Software Protection service has successfully installed the license.
License Title=Windows(R) UL phone License (Private)
License Id=0ba6c4ad-c092-43df-9187-7ae1b5373d5a"
"7/9/2026 2:18:32 PM","1004","Information","Microsoft-Windows-Security-SPP","The Software Protection service has successfully installed the license.
License Title=Windows(R) UL phone License (Public)
License Id=f6b3462b-b0cf-47df-87c5-b7c1b51bb756"
"7/9/2026 2:18:32 PM","1004","Information","Microsoft-Windows-Security-SPP","The Software Protection service has successfully installed the license.
License Title=Windows(R) UL oob License (Private)
License Id=3ab66bc3-b53e-43e0-a671-498ab297d0e8"
"7/9/2026 2:18:32 PM","1004","Information","Microsoft-Windows-Security-SPP","The Software Protection service has successfully installed the license.
License Title=Windows(R) UL oob License (Public)
License Id=88fbabce-7deb-47b9-917f-954d033655a2"
"7/9/2026 2:18:32 PM","1004","Information","Microsoft-Windows-Security-SPP","The Software Protection service has successfully installed the license.
License Title=Windows(R) Publishing License (Private)
License Id=206b13cc-971b-42f0-86ce-e39e2a8f66f4"
"7/9/2026 2:18:32 PM","1004","Information","Microsoft-Windows-Security-SPP","The Software Protection service has successfully installed the license.
License Title=Windows(R) Publishing License (Public)
License Id=c8c64d24-4a13-4174-b58b-d4a44399534e"
"7/9/2026 2:18:32 PM","1004","Information","Microsoft-Windows-Security-SPP","The Software Protection service has successfully installed the license.
License Title=Windows(R) ServerDatacenter Product PPD License
License Id=b6a2bc00-26e9-88c3-aeb0-de0a47caa1e9"
"7/9/2026 2:18:32 PM","1004","Information","Microsoft-Windows-Security-SPP","The Software Protection service has successfully installed the license.
License Title=Windows(R) UL oem License (Private)
License Id=bf890fb9-9005-46b9-9a45-390034344f1d"
"7/9/2026 2:18:32 PM","1004","Information","Microsoft-Windows-Security-SPP","The Software Protection service has successfully installed the license.
License Title=Windows(R) UL oem License (Public)
License Id=e76f7997-d3b4-4549-a9d0-6f5fa1de92c6"
"7/9/2026 2:18:32 PM","1004","Information","Microsoft-Windows-Security-SPP","The Software Protection service has successfully installed the license.
License Title=Windows(R) UL oob License (Private)
License Id=985649e9-93c4-4865-a590-6aaa35912c25"
"7/9/2026 2:18:32 PM","1004","Information","Microsoft-Windows-Security-SPP","The Software Protection service has successfully installed the license.
License Title=Windows(R) UL oob License (Public)
License Id=f3c845f0-43c0-4cc5-9f6e-eea2ece4fb4b"
"7/9/2026 2:18:32 PM","1004","Information","Microsoft-Windows-Security-SPP","The Software Protection service has successfully installed the license.
License Title=Windows(R) UL oem License (Private)
License Id=2cb58820-87d8-433e-b324-87fae44ad45b"
"7/9/2026 2:18:32 PM","1004","Information","Microsoft-Windows-Security-SPP","The Software Protection service has successfully installed the license.
License Title=Windows(R) UL oem License (Public)
License Id=d01d9fe7-0424-47e6-827d-5809ba940bfd"
