"6/2/2026 7:04:25 AM","1014","Warning","Microsoft-Windows-DNS-Client","Name resolution for the name _ldap._tcp.dc._msdcs.scaffold.htb. timed out after none of the configured DNS servers responded."
"6/2/2026 7:04:25 AM","7036","Information","Service Control Manager","The VSS service entered the running state."
"6/2/2026 7:04:23 AM","7036","Information","Service Control Manager","The MDT_Monitor service entered the running state."
"6/2/2026 7:04:23 AM","7036","Information","Service Control Manager","The MSDTC service entered the running state."
"6/2/2026 7:04:23 AM","7036","Information","Service Control Manager","The RasMan service entered the running state."
"6/2/2026 7:04:23 AM","7036","Information","Service Control Manager","The COMSysApp service entered the running state."
"6/2/2026 7:04:23 AM","7036","Information","Service Control Manager","The StateRepository service entered the running state."
"6/2/2026 7:04:23 AM","7036","Information","Service Control Manager","The ADWS service entered the running state."
"6/2/2026 7:04:23 AM","7036","Information","Service Control Manager","The vmvss service entered the running state."
"6/2/2026 7:04:23 AM","7036","Information","Service Control Manager","The vds service entered the running state."
"6/2/2026 7:04:23 AM","7036","Information","Service Control Manager","The sppsvc service entered the running state."
"6/2/2026 7:04:23 AM","7036","Information","Service Control Manager","The WinDefend service entered the running state."
"6/2/2026 7:04:23 AM","7036","Information","Service Control Manager","The DiagTrack service entered the running state."
"6/2/2026 7:04:23 AM","7036","Information","Service Control Manager","The WinRM service entered the running state."
"6/2/2026 7:04:23 AM","7036","Information","Service Control Manager","The WpnService service entered the running state."
"6/2/2026 7:04:23 AM","7036","Information","Service Control Manager","The WAS service entered the running state."
"6/2/2026 7:04:23 AM","7036","Information","Service Control Manager","The VM3DService service entered the running state."
"6/2/2026 7:04:23 AM","7036","Information","Service Control Manager","The SstpSvc service entered the running state."
"6/2/2026 7:04:23 AM","7036","Information","Service Control Manager","The VMTools service entered the running state."
"6/2/2026 7:04:23 AM","7036","Information","Service Control Manager","The SQLWriter service entered the running state."
"6/2/2026 7:04:23 AM","7036","Information","Service Control Manager","The Winmgmt service entered the running state."
"6/2/2026 7:04:23 AM","7036","Information","Service Control Manager","The Dfs service entered the running state."
"6/2/2026 7:04:23 AM","7036","Information","Service Control Manager","The WLMS service entered the running state."
"6/2/2026 7:04:23 AM","7036","Information","Service Control Manager","The VGAuthService service entered the running state."
"6/2/2026 7:04:23 AM","7036","Information","Service Control Manager","The CoreMessagingRegistrar service entered the running state."
"6/2/2026 7:04:23 AM","7036","Information","Service Control Manager","The MDCoreSvc service entered the running state."
"6/2/2026 7:04:23 AM","7036","Information","Service Control Manager","The AppHostSvc service entered the running state."
"6/2/2026 7:04:22 AM","7036","Information","Service Control Manager","The SysMain service entered the running state."
"6/2/2026 7:04:22 AM","7036","Information","Service Control Manager","The CertSvc service entered the running state."
"6/2/2026 7:04:22 AM","7036","Information","Service Control Manager","The CryptSvc service entered the running state."
"6/2/2026 7:04:22 AM","7036","Information","Service Control Manager","The DFSR service entered the running state."
"6/2/2026 7:04:22 AM","7036","Information","Service Control Manager","The IsmServ service entered the running state."
"6/2/2026 7:04:22 AM","7036","Information","Service Control Manager","The RemoteRegistry service entered the running state."
"6/2/2026 7:04:22 AM","7036","Information","Service Control Manager","The AzureAttestService service entered the running state."
"6/2/2026 7:04:22 AM","7036","Information","Service Control Manager","The Spooler service entered the running state."
"6/2/2026 7:04:22 AM","7036","Information","Service Control Manager","The KeyIso service entered the running state."
"6/2/2026 7:04:22 AM","7036","Information","Service Control Manager","The LanmanServer service entered the running state."
"6/2/2026 7:04:22 AM","7036","Information","Service Control Manager","The SamSs service entered the running state."
"6/2/2026 7:04:23 AM","3","Information","Virtual Disk Service","Service started."
"6/2/2026 7:04:23 AM","10148","Information","Microsoft-Windows-WinRM","The WinRM service is listening for WS-Management requests. 

 User Action 
 Use the following command to see the specific IPs on which WinRM is listening: 

 winrm enumerate winrm/config/listener"
"6/2/2026 7:04:23 AM","5211","Information","Microsoft-Windows-WAS","The Windows Process Activation Service (WAS) started with 'Classic' mode using 'ConfigurationSystem'"
"6/2/2026 7:04:23 AM","14531","Information","Microsoft-Windows-DfsSvc","DFS server has finished initializing."
"6/2/2026 7:04:23 AM","14533","Information","Microsoft-Windows-DfsSvc","DFS has finished building all namespaces."
"6/2/2026 7:04:14 AM","7036","Information","Service Control Manager","The mpssvc service entered the running state."
"6/2/2026 7:04:14 AM","7036","Information","Service Control Manager","The PolicyAgent service entered the running state."
"6/2/2026 7:04:14 AM","7036","Information","Service Control Manager","The IKEEXT service entered the running state."
"6/2/2026 7:04:14 AM","7036","Information","Service Control Manager","The NcbService service entered the running state."
"6/2/2026 7:04:14 AM","7036","Information","Service Control Manager","The UserManager service entered the running state."
"6/2/2026 7:04:14 AM","7036","Information","Service Control Manager","The NcaSvc service entered the stopped state."
"6/2/2026 7:04:14 AM","1014","Warning","Microsoft-Windows-DNS-Client","Name resolution for the name _ldap._tcp.dc._msdcs.scaffold.htb. timed out after none of the configured DNS servers responded."
"6/2/2026 7:04:14 AM","7036","Information","Service Control Manager","The LanmanWorkstation service entered the running state."
"6/2/2026 7:04:14 AM","7036","Information","Service Control Manager","The iphlpsvc service entered the running state."
"6/2/2026 7:04:14 AM","7036","Information","Service Control Manager","The Kdc service entered the running state."
"6/2/2026 7:04:14 AM","7036","Information","Service Control Manager","The Wcmsvc service entered the running state."
"6/2/2026 7:04:14 AM","7036","Information","Service Control Manager","The WinHttpAutoProxySvc service entered the running state."
"6/2/2026 7:04:14 AM","7036","Information","Service Control Manager","The BFE service entered the running state."
"6/2/2026 7:04:14 AM","7036","Information","Service Control Manager","The DsmSvc service entered the running state."
"6/2/2026 7:04:14 AM","7036","Information","Service Control Manager","The Schedule service entered the running state."
"6/2/2026 7:04:14 AM","7036","Information","Service Control Manager","The FontCache service entered the running state."
"6/2/2026 7:04:14 AM","7036","Information","Service Control Manager","The ShellHWDetection service entered the running state."
"6/2/2026 7:04:14 AM","7036","Information","Service Control Manager","The netprofm service entered the running state."
"6/2/2026 7:04:14 AM","7036","Information","Service Control Manager","The SENS service entered the running state."
"6/2/2026 7:04:14 AM","1014","Warning","Microsoft-Windows-DNS-Client","Name resolution for the name _ldap._tcp.dc._msdcs.scaffold.htb. timed out after none of the configured DNS servers responded."
"6/2/2026 7:04:14 AM","7036","Information","Service Control Manager","The EventSystem service entered the running state."
"6/2/2026 7:04:14 AM","7036","Information","Service Control Manager","The ProfSvc service entered the running state."
"6/2/2026 7:04:14 AM","7036","Information","Service Control Manager","The gpsvc service entered the running state."
"6/2/2026 7:04:14 AM","7036","Information","Service Control Manager","The NlaSvc service entered the running state."
"6/2/2026 7:04:14 AM","7036","Information","Service Control Manager","The Themes service entered the running state."
"6/2/2026 7:04:14 AM","7036","Information","Service Control Manager","The NTDS service entered the running state."
"6/2/2026 7:04:14 AM","6","Information","Microsoft-Windows-FilterManager","File System Filter 'bindflt' (10.0, ‎2051‎-‎03‎-‎03T20:45:47.000000000Z) has successfully loaded and registered with Filter Manager."
"6/2/2026 7:04:14 AM","6","Information","Microsoft-Windows-FilterManager","File System Filter 'storqosflt' (10.0, ‎2051‎-‎09‎-‎21T05:40:20.000000000Z) has successfully loaded and registered with Filter Manager."
"6/2/2026 7:04:13 AM","7036","Information","Service Control Manager","The WPDBusEnum service entered the running state."
"6/2/2026 7:04:13 AM","6","Information","Microsoft-Windows-FilterManager","File System Filter 'CldFlt' (10.0, ‎2074‎-‎11‎-‎09T08:03:12.000000000Z) has successfully loaded and registered with Filter Manager."
"6/2/2026 7:04:13 AM","1","Information","Microsoft-Windows-FilterManager","File System Filter 'CldFlt' (Version 10.0, ‎2074‎-‎11‎-‎09T08:03:12.000000000Z) unloaded successfully."
"6/2/2026 7:04:13 AM","6","Information","Microsoft-Windows-FilterManager","File System Filter 'CldFlt' (10.0, ‎2074‎-‎11‎-‎09T08:03:12.000000000Z) has successfully loaded and registered with Filter Manager."
"6/2/2026 7:04:13 AM","6","Information","Microsoft-Windows-FilterManager","File System Filter 'luafv' (10.0, ‎2068‎-‎10‎-‎11T15:22:37.000000000Z) has successfully loaded and registered with Filter Manager."
"6/2/2026 7:04:13 AM","7036","Information","Service Control Manager","The EventLog service entered the running state."
"6/2/2026 7:04:13 AM","6","Information","Microsoft-Windows-FilterManager","File System Filter 'wcifs' (10.0, ‎2088‎-‎12‎-‎15T04:51:43.000000000Z) has successfully loaded and registered with Filter Manager."
"6/2/2026 7:04:13 AM","7036","Information","Service Control Manager","The Dnscache service entered the running state."
"6/2/2026 7:04:13 AM","7036","Information","Service Control Manager","The Dhcp service entered the running state."
"6/2/2026 7:04:13 AM","51046","Information","Microsoft-Windows-DHCPv6-Client","DHCPv6 client service is started"
"6/2/2026 7:04:13 AM","50036","Information","Microsoft-Windows-Dhcp-Client","DHCPv4 client service is started"
"6/2/2026 7:04:13 AM","50103","Information","Microsoft-Windows-Dhcp-Client","DHCPv4 client registered for shutdown notification"
"6/2/2026 7:04:13 AM","50036","Information","Microsoft-Windows-Dhcp-Client","DHCPv4 client service is started"
"6/2/2026 7:04:13 AM","7036","Information","Service Control Manager","The TimeBrokerSvc service entered the running state."
"6/2/2026 7:04:13 AM","7036","Information","Service Control Manager","The lmhosts service entered the running state."
"6/2/2026 7:04:13 AM","7036","Information","Service Control Manager","The nsi service entered the running state."
"6/2/2026 7:04:13 AM","7036","Information","Service Control Manager","The SystemEventsBroker service entered the running state."
"6/2/2026 7:04:13 AM","7036","Information","Service Control Manager","The BrokerInfrastructure service entered the running state."
"6/2/2026 7:04:12 AM","7036","Information","Service Control Manager","The LSM service entered the running state."
"6/2/2026 7:04:12 AM","7036","Information","Service Control Manager","The RpcSs service entered the running state."
"6/2/2026 7:04:12 AM","7036","Information","Service Control Manager","The DcomLaunch service entered the running state."
"6/2/2026 7:04:12 AM","7036","Information","Service Control Manager","The RpcEptMapper service entered the running state."
"6/2/2026 7:04:12 AM","7036","Information","Service Control Manager","The Power service entered the running state."
"6/2/2026 7:04:12 AM","7036","Information","Service Control Manager","The PlugPlay service entered the running state."
"6/2/2026 7:04:12 AM","16983","Information","Microsoft-Windows-Directory-Services-SAM","The security account manager is now logging periodic summary events for remote clients that call legacy password change or set RPC methods.

For more information please see https://go.microsoft.com/fwlink/?linkid=2150956.
"
"6/2/2026 7:04:12 AM","16977","Information","Microsoft-Windows-Directory-Services-SAM","The domain is configured with the following minimum password length-related settings.

MinimumPasswordLength: 7

RelaxMinimumPasswordLengthLimits: 0

MinimumPasswordLengthAudit: -1

For more information see https://go.microsoft.com/fwlink/?LinkId=2097191.
"
"6/2/2026 7:04:12 AM","16977","Information","Microsoft-Windows-Directory-Services-SAM","The domain is configured with the following minimum password length-related settings.

MinimumPasswordLength: 7

RelaxMinimumPasswordLengthLimits: 0

MinimumPasswordLengthAudit: 0

For more information see https://go.microsoft.com/fwlink/?LinkId=2097191.
"
"6/2/2026 7:04:12 AM","16654","Information","Microsoft-Windows-Directory-Services-SAM","A pool of account-identifiers (RIDs) has been invalidated. This may occur in the following expected cases:
1. A domain controller is restored from backup. 
2. A domain controller running on a virtual machine is restored from snapshot. 
3. An administrator has manually invalidated the pool. 
See http://go.microsoft.com/fwlink/?LinkId=226247 for more information."
"6/2/2026 7:04:11 AM","16962","Information","Microsoft-Windows-Directory-Services-SAM","Remote calls to the SAM database are being restricted using the default security descriptor: .
For more information please see http://go.microsoft.com/fwlink/?LinkId=787651."
"6/2/2026 7:04:11 AM","14","Information","Microsoft-Windows-Wininit","Credential Guard configuration: 0x0, 0"
"6/2/2026 7:04:10 AM","24","Information","Microsoft-Windows-Kernel-General","The time zone information was refreshed with exit reason 0. Current time zone bias is 420."
"6/2/2026 7:04:10 AM","98","Information","Microsoft-Windows-Ntfs","Volume \\?\Volume{2bc8a4fb-ec89-41c1-8fb3-d753243c8254} (\Device\HarddiskVolume5) is healthy.  No action is needed."
"6/2/2026 7:04:10 AM","98","Information","Microsoft-Windows-Ntfs","Volume Y: (\Device\HarddiskVolume4) is healthy.  No action is needed."
"6/2/2026 7:04:10 AM","32","Information","e1i68x64","Intel(R) 82574L Gigabit Network Connection #4
 Network link has been established at 1Gbps full duplex.
"
"6/2/2026 7:04:10 AM","32","Information","e1i68x64","Intel(R) 82574L Gigabit Network Connection
 Network link has been established at 1Gbps full duplex.
"
"6/2/2026 7:04:10 AM","55","Information","Microsoft-Windows-Kernel-Processor-Power","Processor 3 in group 0 exposes the following power management capabilities:

Idle state type: ACPI Idle (C) States (1 state(s))

Performance state type: None
Nominal Frequency (MHz): 2688
Maximum performance percentage: 100
Minimum performance percentage: 100
Minimum throttle percentage: 100"
"6/2/2026 7:04:10 AM","55","Information","Microsoft-Windows-Kernel-Processor-Power","Processor 2 in group 0 exposes the following power management capabilities:

Idle state type: ACPI Idle (C) States (1 state(s))

Performance state type: None
Nominal Frequency (MHz): 2688
Maximum performance percentage: 100
Minimum performance percentage: 100
Minimum throttle percentage: 100"
"6/2/2026 7:04:10 AM","55","Information","Microsoft-Windows-Kernel-Processor-Power","Processor 1 in group 0 exposes the following power management capabilities:

Idle state type: ACPI Idle (C) States (1 state(s))

Performance state type: None
Nominal Frequency (MHz): 2688
Maximum performance percentage: 100
Minimum performance percentage: 100
Minimum throttle percentage: 100"
"6/2/2026 7:04:10 AM","55","Information","Microsoft-Windows-Kernel-Processor-Power","Processor 0 in group 0 exposes the following power management capabilities:

Idle state type: ACPI Idle (C) States (1 state(s))

Performance state type: None
Nominal Frequency (MHz): 2688
Maximum performance percentage: 100
Minimum performance percentage: 100
Minimum throttle percentage: 100"
"6/2/2026 7:04:10 AM","172","Information","Microsoft-Windows-Kernel-Power","Connectivity state in standby: Disconnected, Reason: NIC compliance"
"6/2/2026 7:04:10 AM","6","Information","Microsoft-Windows-FilterManager","File System Filter 'npsvctrig' (10.0, ‎2015‎-‎04‎-‎02T03:42:38.000000000Z) has successfully loaded and registered with Filter Manager."
"6/2/2026 7:04:09 AM","6","Information","Microsoft-Windows-FilterManager","File System Filter 'DfsDriver' (10.0, ‎2053‎-‎07‎-‎29T02:36:42.000000000Z) has successfully loaded and registered with Filter Manager."
"6/2/2026 7:04:09 AM","6","Information","Microsoft-Windows-FilterManager","File System Filter 'FileCrypt' (10.0, ‎2088‎-‎05‎-‎23T23:57:52.000000000Z) has successfully loaded and registered with Filter Manager."
"6/2/2026 7:04:09 AM","98","Information","Microsoft-Windows-Ntfs","Volume C: (\Device\HarddiskVolume3) is healthy.  No action is needed."
"6/2/2026 7:04:09 AM","6","Information","Microsoft-Windows-FilterManager","File System Filter 'WdFilter' (10.0, ‎2036‎-‎01‎-‎26T02:33:35.000000000Z) has successfully loaded and registered with Filter Manager."
"6/2/2026 7:04:09 AM","6","Information","Microsoft-Windows-FilterManager","File System Filter 'DfsrRo' (10.0, ‎1999‎-‎03‎-‎20T18:16:31.000000000Z) has successfully loaded and registered with Filter Manager."
"6/2/2026 7:04:09 AM","6","Information","Microsoft-Windows-FilterManager","File System Filter 'Wof' (10.0, ‎2008‎-‎09‎-‎17T11:19:58.000000000Z) has successfully loaded and registered with Filter Manager."
"6/2/2026 7:04:07 AM","3","Information","vmci","VMCI: Using capabilities (0x1c).
"
"6/2/2026 7:04:05 AM","16","Information","Microsoft-Windows-HAL","The iommu fault reporting has been initialized."
"6/2/2026 7:04:05 AM","20","Information","Microsoft-Windows-Kernel-General","The leap second configuration has been updated.
Reason: Leap second data initialized from registry during boot
Leap seconds enabled: true
New leap second count: 0
Old leap second count: 0"
"6/2/2026 7:04:05 AM","32","Information","Microsoft-Windows-Kernel-Boot","The bootmgr spent 0 ms waiting for user input."
"6/2/2026 7:04:05 AM","18","Information","Microsoft-Windows-Kernel-Boot","There are 0x1 boot options on this system."
"6/2/2026 7:04:05 AM","27","Information","Microsoft-Windows-Kernel-Boot","The boot type was 0x0."
"6/2/2026 7:04:05 AM","25","Information","Microsoft-Windows-Kernel-Boot","The boot menu policy was 0x0."
"6/2/2026 7:04:05 AM","238","Information","Microsoft-Windows-Kernel-Boot","EFI time zone bias: 2047. Daylight flags: 0. Firmware time: ‎2026‎-‎06‎-‎02T07:04:04.000000000Z."
"6/2/2026 7:04:05 AM","20","Information","Microsoft-Windows-Kernel-Boot","The last shutdown's success status was true. The last boot's success status was true."
"6/2/2026 7:04:05 AM","153","Information","Microsoft-Windows-Kernel-Boot","Virtualization-based security (policies: 0) is disabled."
"6/2/2026 7:04:05 AM","12","Information","Microsoft-Windows-Kernel-General","The operating system started at system time ‎2026‎-‎06‎-‎02T14:04:05.500000000Z."
"6/1/2026 11:49:01 AM","13","Information","Microsoft-Windows-Kernel-General","The operating system is shutting down at system time ‎2026‎-‎06‎-‎01T18:49:01.957031600Z."
"6/1/2026 11:49:01 AM","109","Information","Microsoft-Windows-Kernel-Power","The kernel power manager has initiated a shutdown transition.

Shutdown Reason: Kernel API"
"6/1/2026 11:48:59 AM","7036","Information","Service Control Manager","The Active Directory Domain Services service entered the stopped state."
"6/1/2026 11:48:57 AM","7036","Information","Service Control Manager","The Microsoft Defender Core Service service entered the stopped state."
"6/1/2026 11:48:57 AM","7036","Information","Service Control Manager","The WMI Performance Adapter service entered the stopped state."
"6/1/2026 11:48:57 AM","7036","Information","Service Control Manager","The Windows Remote Management (WS-Management) service entered the stopped state."
"6/1/2026 11:48:57 AM","7036","Information","Service Control Manager","The SQL Server (SQLEXPRESS) service entered the stopped state."
"6/1/2026 11:48:57 AM","7036","Information","Service Control Manager","The Update Orchestrator Service service entered the stopped state."
"6/1/2026 11:48:57 AM","7036","Information","Service Control Manager","The DFS Replication service entered the stopped state."
"6/1/2026 11:48:57 AM","7036","Information","Service Control Manager","The Microsoft Defender Antivirus Service service entered the stopped state."
"6/1/2026 11:48:57 AM","7036","Information","Service Control Manager","The Task Scheduler service entered the stopped state."
"6/1/2026 11:48:56 AM","7036","Information","Service Control Manager","The SQL Server CEIP service (SQLEXPRESS) service entered the stopped state."
"6/1/2026 11:48:56 AM","7036","Information","Service Control Manager","The Active Directory Certificate Services service entered the stopped state."
"6/1/2026 11:48:56 AM","7036","Information","Service Control Manager","The SQL Server VSS Writer service entered the stopped state."
"6/1/2026 11:48:56 AM","7036","Information","Service Control Manager","The Application Host Helper Service service entered the stopped state."
"6/1/2026 11:48:56 AM","7036","Information","Service Control Manager","The DNS Server service entered the stopped state."
"6/1/2026 11:48:56 AM","7036","Information","Service Control Manager","The Diagnostic Policy Service service entered the stopped state."
"6/1/2026 11:48:56 AM","7036","Information","Service Control Manager","The Remote Access Connection Manager service entered the stopped state."
"6/1/2026 11:48:56 AM","7036","Information","Service Control Manager","The Cryptographic Services service entered the stopped state."
"6/1/2026 11:48:56 AM","7036","Information","Service Control Manager","The Windows Event Log service entered the stopped state."
"6/2/2026 7:04:13 AM","6013","Information","EventLog","The system uptime is 8 seconds."
"6/2/2026 7:04:13 AM","6005","Information","EventLog","The Event log service was started."
"6/2/2026 7:04:13 AM","6009","Information","EventLog","Microsoft (R) Windows (R) 10.00. 20348  Multiprocessor Free."
"6/1/2026 11:48:56 AM","7036","Information","Service Control Manager","The Windows Connection Manager service entered the stopped state."
"6/1/2026 11:48:56 AM","7036","Information","Service Control Manager","The WinHTTP Web Proxy Auto-Discovery Service service entered the stopped state."
"6/1/2026 11:48:56 AM","7036","Information","Service Control Manager","The IKE and AuthIP IPsec Keying Modules service entered the stopped state."
"6/1/2026 11:48:56 AM","7036","Information","Service Control Manager","The Virtual Disk service entered the stopped state."
"6/1/2026 11:48:56 AM","7036","Information","Service Control Manager","The DHCP Client service entered the stopped state."
"6/1/2026 11:48:56 AM","7036","Information","Service Control Manager","The State Repository Service service entered the stopped state."
"6/1/2026 11:48:56 AM","7036","Information","Service Control Manager","The Secure Socket Tunneling Protocol Service service entered the stopped state."
"6/1/2026 11:48:56 AM","50037","Information","Microsoft-Windows-Dhcp-Client","DHCPv4 client service is stopped. ShutDown Flag value is 1"
"6/1/2026 11:48:56 AM","50106","Information","Microsoft-Windows-Dhcp-Client","DHCPv4 is waiting on DHCPv6 service to stop"
"6/1/2026 11:48:56 AM","7036","Information","Service Control Manager","The User Profile Service service entered the stopped state."
"6/1/2026 11:48:56 AM","7036","Information","Service Control Manager","The Windows Font Cache Service service entered the stopped state."
"6/1/2026 11:48:56 AM","51057","Information","Microsoft-Windows-DHCPv6-Client","DHCPv6 client service stop is almost done.DHCP Context Ref count is 1"
"6/1/2026 11:48:56 AM","51057","Information","Microsoft-Windows-DHCPv6-Client","DHCPv6 client service stop is almost done.DHCP Context Ref count is 1"
"6/1/2026 11:48:56 AM","51047","Information","Microsoft-Windows-DHCPv6-Client","DHCPv6 client service is stopped. ShutDown Flag value is 1"
"6/1/2026 11:48:56 AM","7036","Information","Service Control Manager","The Windows Time service entered the stopped state."
"6/1/2026 11:48:56 AM","7036","Information","Service Control Manager","The Distributed Transaction Coordinator service entered the stopped state."
"6/1/2026 11:48:56 AM","7036","Information","Service Control Manager","The Active Directory Web Services service entered the stopped state."
"6/1/2026 11:48:56 AM","7036","Information","Service Control Manager","The Microsoft Deployment Toolkit Monitor Service service entered the stopped state."
"6/1/2026 11:48:56 AM","7036","Information","Service Control Manager","The Program Compatibility Assistant Service service entered the stopped state."
"6/1/2026 11:48:56 AM","7036","Information","Service Control Manager","The Plug and Play service entered the stopped state."
"6/1/2026 11:48:56 AM","50105","Information","Microsoft-Windows-Dhcp-Client","DHCPv4 client ProcessDHCPRequestForever received TERMINATE_EVENT"
"6/1/2026 11:48:56 AM","50104","Information","Microsoft-Windows-Dhcp-Client","DHCPv4 client received shutdown notification"
"6/1/2026 11:48:56 AM","7036","Information","Service Control Manager","The IPsec Policy Agent service entered the stopped state."
"6/1/2026 11:48:56 AM","7036","Information","Service Control Manager","The Intersite Messaging service entered the stopped state."
"6/1/2026 11:48:56 AM","7036","Information","Service Control Manager","The SysMain service entered the stopped state."
"6/1/2026 11:48:56 AM","7036","Information","Service Control Manager","The Windows Licensing Monitoring Service service entered the stopped state."
"6/1/2026 11:48:56 AM","7036","Information","Service Control Manager","The Windows Management Instrumentation service entered the stopped state."
"6/1/2026 11:48:56 AM","7036","Information","Service Control Manager","The AppX Deployment Service (AppXSVC) service entered the stopped state."
"6/1/2026 11:48:56 AM","7036","Information","Service Control Manager","The Capability Access Manager Service service entered the stopped state."
"6/1/2026 11:48:56 AM","6006","Information","EventLog","The Event log service was stopped."
"6/1/2026 11:48:56 AM","10149","Warning","Microsoft-Windows-WinRM","The WinRM service is not listening for WS-Management requests. 

 User Action 
 If you did not intentionally stop the service, use the following command to see the WinRM configuration: 

 winrm enumerate winrm/config/listener"
"6/1/2026 11:48:56 AM","5078","Information","Microsoft-Windows-WAS","An ISAPI reported an unhealthy condition to its worker process. Therefore, the worker process with process id of '8148' serving application pool 'ScaffoldPortal' has requested a recycle."
"6/1/2026 11:48:56 AM","7036","Information","Service Control Manager","The Background Intelligent Transfer Service service entered the stopped state."
"6/1/2026 11:48:56 AM","7036","Information","Service Control Manager","The Connected User Experiences and Telemetry service entered the stopped state."
"6/1/2026 11:48:56 AM","7036","Information","Service Control Manager","The Delivery Optimization service entered the stopped state."
"6/1/2026 11:48:56 AM","7036","Information","Service Control Manager","The User Access Logging Service service entered the stopped state."
"6/1/2026 11:48:56 AM","7036","Information","Service Control Manager","The VMware Tools service entered the stopped state."
"6/1/2026 11:48:56 AM","7036","Information","Service Control Manager","The AzureAttestService service entered the stopped state."
"6/1/2026 11:48:56 AM","7036","Information","Service Control Manager","The Group Policy Client service entered the stopped state."
"6/1/2026 11:48:56 AM","7002","Information","Microsoft-Windows-Winlogon","User Logoff Notification for Customer Experience Improvement Program"
"6/1/2026 11:48:56 AM","7036","Information","Service Control Manager","The Connected Devices Platform User Service_9de1b service entered the stopped state."
"6/1/2026 11:48:56 AM","7036","Information","Service Control Manager","The Windows Push Notifications User Service_9de1b service entered the stopped state."
"6/1/2026 11:48:56 AM","7036","Information","Service Control Manager","The Clipboard User Service_9de1b service entered the stopped state."
"6/1/2026 11:48:55 AM","1074","Information","User32","The process C:\Windows\System32\RuntimeBroker.exe (DC) has initiated the power off of computer DC on behalf of user SCAFFOLD\Administrator for the following reason: Other (Unplanned)
 Reason Code: 0x5000000
 Shutdown Type: power off
 Comment: "
"6/1/2026 11:48:49 AM","7036","Information","Service Control Manager","The Client License Service (ClipSVC) service entered the stopped state."
"6/1/2026 11:47:33 AM","7036","Information","Service Control Manager","The Network Setup Service service entered the stopped state."
"6/1/2026 11:47:22 AM","6038","Warning","LsaSrv","Microsoft Windows Server has detected that NTLM authentication is presently being used between clients and this server. This event occurs once per boot of the server on the first time a client uses NTLM with this server.
 
NTLM is a weaker authentication mechanism. Please check:
 
      Which applications are using NTLM authentication?
      Are there configuration issues preventing the use of stronger authentication such as Kerberos authentication?
      If NTLM must be supported, is Extended Protection configured?
 
Details on how to complete these checks can be found at http://go.microsoft.com/fwlink/?LinkId=225699."
"6/1/2026 11:46:51 AM","36928","Error","Schannel","Could not retrieve an OCSP response.

   The Failure Reason is: REASON_OCSP_RESPONSE_RETRIEVAL_ERROR
    The OCSP Url is: 
   The previous OCSP response contained the following times:
      ThisUpdate: ‎1601‎-‎01‎-‎01T00:00:00.000000000Z
      NextUpdate: ‎1601‎-‎01‎-‎01T00:00:00.000000000Z

The attached data contains the certificate."
"6/1/2026 11:46:30 AM","3201","Information","Microsoft-Windows-IIS-IISReset","IIS start command received from user SCAFFOLD\Administrator. The logged data is the status code."
"6/1/2026 11:46:29 AM","7036","Information","Service Control Manager","The World Wide Web Publishing Service service entered the running state."
"6/1/2026 11:46:29 AM","7036","Information","Service Control Manager","The Windows Process Activation Service service entered the running state."
"6/1/2026 11:46:29 AM","5211","Information","Microsoft-Windows-WAS","The Windows Process Activation Service (WAS) started with 'Classic' mode using 'ConfigurationSystem'"
"6/1/2026 11:46:29 AM","3202","Information","Microsoft-Windows-IIS-IISReset","IIS stop command received from user SCAFFOLD\Administrator. The logged data is the status code."
"6/1/2026 11:46:27 AM","7036","Information","Service Control Manager","The Windows Process Activation Service service entered the stopped state."
"6/1/2026 11:46:25 AM","7036","Information","Service Control Manager","The World Wide Web Publishing Service service entered the stopped state."
"6/1/2026 11:46:14 AM","7036","Information","Service Control Manager","The Microsoft Edge Update Service (edgeupdate) service entered the running state."
"6/1/2026 11:45:49 AM","3201","Information","Microsoft-Windows-IIS-IISReset","IIS start command received from user SCAFFOLD\Administrator. The logged data is the status code."
"6/1/2026 11:45:48 AM","7036","Information","Service Control Manager","The World Wide Web Publishing Service service entered the running state."
"6/1/2026 11:45:48 AM","7036","Information","Service Control Manager","The Windows Process Activation Service service entered the running state."
"6/1/2026 11:45:48 AM","5211","Information","Microsoft-Windows-WAS","The Windows Process Activation Service (WAS) started with 'Classic' mode using 'ConfigurationSystem'"
"6/1/2026 11:45:40 AM","7036","Information","Service Control Manager","The Microsoft Edge Update Service (edgeupdate) service entered the stopped state."
"6/1/2026 11:45:40 AM","7036","Information","Service Control Manager","The Microsoft Edge Update Service (edgeupdate) service entered the running state."
"6/1/2026 11:45:40 AM","7036","Information","Service Control Manager","The Microsoft Edge Update Service (edgeupdate) service entered the stopped state."
"6/1/2026 11:45:33 AM","7036","Information","Service Control Manager","The Windows Update Medic Service service entered the stopped state."
"6/1/2026 11:45:33 AM","7036","Information","Service Control Manager","The Windows Modules Installer service entered the stopped state."
"6/1/2026 11:45:16 AM","3202","Information","Microsoft-Windows-IIS-IISReset","IIS stop command received from user SCAFFOLD\Administrator. The logged data is the status code."
"6/1/2026 11:45:14 AM","7036","Information","Service Control Manager","The Windows Process Activation Service service entered the stopped state."
"6/1/2026 11:45:12 AM","7036","Information","Service Control Manager","The World Wide Web Publishing Service service entered the stopped state."
"6/1/2026 11:45:12 AM","7036","Information","Service Control Manager","The Software Protection service entered the stopped state."
"6/1/2026 11:45:11 AM","7036","Information","Service Control Manager","The Portable Device Enumerator Service service entered the stopped state."
"6/1/2026 11:45:03 AM","7036","Information","Service Control Manager","The Volume Shadow Copy service entered the stopped state."
"6/1/2026 11:45:02 AM","7036","Information","Service Control Manager","The VMware Snapshot Provider service entered the stopped state."
"6/1/2026 11:44:57 AM","7036","Information","Service Control Manager","The Windows Update service entered the stopped state."
"6/1/2026 11:44:52 AM","7036","Information","Service Control Manager","The Device Install Service service entered the stopped state."
"6/1/2026 11:44:33 AM","7036","Information","Service Control Manager","The Clipboard User Service_9de1b service entered the running state."
"6/1/2026 11:44:33 AM","7036","Information","Service Control Manager","The Update Orchestrator Service service entered the running state."
"6/1/2026 11:44:33 AM","7036","Information","Service Control Manager","The Windows Update Medic Service service entered the running state."
"6/1/2026 11:44:33 AM","7036","Information","Service Control Manager","The User Access Logging Service service entered the running state."
"6/1/2026 11:44:31 AM","7036","Information","Service Control Manager","The WMI Performance Adapter service entered the running state."
"6/1/2026 11:44:31 AM","7036","Information","Service Control Manager","The WMI Performance Adapter service entered the stopped state."
"6/1/2026 11:44:31 AM","7036","Information","Service Control Manager","The WMI Performance Adapter service entered the running state."
"6/1/2026 11:44:31 AM","7036","Information","Service Control Manager","The WMI Performance Adapter service entered the stopped state."
"6/1/2026 11:44:30 AM","7036","Information","Service Control Manager","The Software Protection service entered the running state."
"6/1/2026 11:44:30 AM","7036","Information","Service Control Manager","The Program Compatibility Assistant Service service entered the running state."
"6/1/2026 11:44:30 AM","7036","Information","Service Control Manager","The Diagnostic Policy Service service entered the running state."
"6/1/2026 11:44:21 AM","7036","Information","Service Control Manager","The Software Protection service entered the stopped state."
"6/1/2026 11:44:04 AM","7036","Information","Service Control Manager","The Device Setup Manager service entered the stopped state."
"6/1/2026 11:43:52 AM","7036","Information","Service Control Manager","The Microsoft Edge Update Service (edgeupdate) service entered the running state."
"6/1/2026 11:43:32 AM","1014","Warning","Microsoft-Windows-DNS-Client","Name resolution for the name wpad timed out after none of the configured DNS servers responded."
"6/1/2026 11:43:31 AM","7036","Information","Service Control Manager","The Windows Modules Installer service entered the running state."
"6/1/2026 11:43:15 AM","7036","Information","Service Control Manager","The Network Setup Service service entered the running state."
"6/1/2026 11:43:12 AM","7036","Information","Service Control Manager","The State Repository Service service entered the running state."
"6/1/2026 11:43:11 AM","7036","Information","Service Control Manager","The Connected Devices Platform Service service entered the running state."
"6/1/2026 11:43:11 AM","7036","Information","Service Control Manager","The Capability Access Manager Service service entered the running state."
"6/1/2026 11:43:11 AM","10016","Warning","Microsoft-Windows-DistributedCOM","The application-specific permission settings do not grant Local Launch permission for the COM Server application with CLSID 
{21B896BF-008D-4D01-A27B-26061B960DD7}
 and APPID 
{03E09F3B-DCE4-44FE-A9CF-82D050827E1C}
 to the user SCAFFOLD\Administrator SID (S-1-5-21-365932789-2848835602-3476675013-500) from address LocalHost (Using LRPC) running in the application container Unavailable SID (Unavailable). This security permission can be modified using the Component Services administrative tool."
"6/1/2026 11:43:11 AM","7036","Information","Service Control Manager","The Touch Keyboard and Handwriting Panel Service service entered the running state."
"6/1/2026 11:43:11 AM","7036","Information","Service Control Manager","The Web Account Manager service entered the running state."
"6/1/2026 11:43:11 AM","7036","Information","Service Control Manager","The Windows Push Notifications User Service_9de1b service entered the running state."
"6/1/2026 11:43:11 AM","7036","Information","Service Control Manager","The Connected Devices Platform User Service_9de1b service entered the running state."
"6/1/2026 11:43:11 AM","7001","Information","Microsoft-Windows-Winlogon","User Logon Notification for Customer Experience Improvement Program"
"6/1/2026 11:43:04 AM","32","Information","e1i68x64","Intel(R) 82574L Gigabit Network Connection #4
 Network link has been established at 1Gbps full duplex.
"
"6/1/2026 11:43:03 AM","7036","Information","Service Control Manager","The StateRepository service entered the stopped state."
"6/1/2026 11:43:03 AM","7036","Information","Service Control Manager","The WaaSMedicSvc service entered the stopped state."
"6/1/2026 11:43:02 AM","1","Information","Microsoft-Windows-Kernel-General","The system time has changed to ‎2026‎-‎06‎-‎01T18:43:02.504000000Z from ‎2026‎-‎06‎-‎01T18:42:58.671337300Z.

Change Reason: An application or system component changed the time.
Process: '\Device\HarddiskVolume3\Program Files\VMware\VMware Tools\vmtoolsd.exe' (PID 2724)."
"6/1/2026 11:43:02 AM","24","Information","Microsoft-Windows-Kernel-General","The time zone information was refreshed with exit reason 0. Current time zone bias is 420."
"6/1/2026 11:42:57 AM","7036","Information","Service Control Manager","The sppsvc service entered the running state."
"6/1/2026 11:42:48 AM","7036","Information","Service Control Manager","The Network Connectivity Assistant service entered the stopped state."
"6/1/2026 11:42:31 AM","7036","Information","Service Control Manager","The WDSServer service entered the running state."
"6/1/2026 11:42:31 AM","16","Information","Microsoft-Windows-Kernel-General","The access history in hive \??\C:\RemoteInstall\Tmp\x64uefi{AAC39BF5-2BE4-42C7-81C5-F13F55235536}.bcd was cleared updating 0 keys and creating 0 modified pages."
"6/1/2026 11:42:31 AM","16","Information","Microsoft-Windows-Kernel-General","The access history in hive \??\C:\RemoteInstall\Tmp\x86uefi{78690A12-9952-4E22-B5DA-5262EE8DCF5D}.bcd was cleared updating 0 keys and creating 0 modified pages."
"6/1/2026 11:42:31 AM","16","Information","Microsoft-Windows-Kernel-General","The access history in hive \??\C:\RemoteInstall\Tmp\arm{34BE5CC5-F6A3-44C3-B3C5-90EDA3080BC8}.bcd was cleared updating 0 keys and creating 0 modified pages."
"6/1/2026 11:42:31 AM","16","Information","Microsoft-Windows-Kernel-General","The access history in hive \??\C:\RemoteInstall\Tmp\x86x64{5B596D3E-5BA8-4503-A5F3-1A350BFEC69A}.bcd was cleared updating 0 keys and creating 0 modified pages."
"6/1/2026 11:42:31 AM","16","Information","Microsoft-Windows-Kernel-General","The access history in hive \??\C:\RemoteInstall\Tmp\arm64{294B2908-73BA-42A5-9F2A-20F34B3D2172}.bcd was cleared updating 0 keys and creating 0 modified pages."
"6/1/2026 11:42:31 AM","16","Information","Microsoft-Windows-Kernel-General","The access history in hive \??\C:\RemoteInstall\Tmp\x64{93C6879E-2D45-44E9-9A08-459A764699D7}.bcd was cleared updating 0 keys and creating 0 modified pages."
"6/1/2026 11:42:31 AM","16","Information","Microsoft-Windows-Kernel-General","The access history in hive \??\C:\RemoteInstall\Tmp\x86{E4BF0DF1-CD32-450F-B688-F176046C1D9D}.bcd was cleared updating 0 keys and creating 0 modified pages."
"6/1/2026 11:42:27 AM","7036","Information","Service Control Manager","The MSSQL$SQLEXPRESS service entered the running state."
"6/1/2026 11:42:26 AM","7036","Information","Service Control Manager","The WMI Performance Adapter service entered the running state."
"6/1/2026 11:42:26 AM","7026","Information","Service Control Manager","The following boot-start or system-start driver(s) did not load: 
dam"
"6/1/2026 11:42:26 AM","7036","Information","Service Control Manager","The BITS service entered the running state."
"6/1/2026 11:42:26 AM","7036","Information","Service Control Manager","The SQLTELEMETRY$SQLEXPRESS service entered the running state."
"6/1/2026 11:42:26 AM","7036","Information","Service Control Manager","The W32Time service entered the running state."
"6/1/2026 11:42:26 AM","12","Warning","Microsoft-Windows-Time-Service","Time Provider NtpClient: This machine is configured to use the domain hierarchy to determine its time source, but it is the AD PDC emulator for the domain at the root of the forest, so there is no machine above it in the domain hierarchy to use as a time source. It is recommended that you either configure a reliable time service in the root domain, or manually configure the AD PDC to synchronize with an external time source. Otherwise, this machine will function as the authoritative time source in the domain hierarchy. If an external time source is not configured or used for this computer, you may choose to disable the NtpClient."
"6/1/2026 11:42:26 AM","7036","Information","Service Control Manager","The W3SVC service entered the running state."
"6/1/2026 11:42:26 AM","16648","Information","Microsoft-Windows-Directory-Services-SAM","The request for a new account-identifier pool has completed successfully."
"6/1/2026 11:42:26 AM","7036","Information","Service Control Manager","The DNS service entered the running state."
"6/1/2026 11:42:26 AM","16647","Information","Microsoft-Windows-Directory-Services-SAM","The domain controller is starting a request for a new account-identifier pool."
"6/1/2026 11:42:18 AM","7036","Information","Service Control Manager","The DeviceInstall service entered the running state."
"6/1/2026 11:42:16 AM","143","Information","Microsoft-Windows-Time-Service","The time service has started advertising as a good time source."
"6/1/2026 11:42:16 AM","139","Information","Microsoft-Windows-Time-Service","The time service has started advertising as a time source."
"6/1/2026 11:42:14 AM","7036","Information","Service Control Manager","The DispBrokerDesktopSvc service entered the running state."
"6/1/2026 11:42:14 AM","7036","Information","Service Control Manager","The Netlogon service entered the running state."
