"5/29/2026 12:27:38 PM","16384","Information","Microsoft-Windows-Security-SPP","Successfully scheduled Software Protection service for re-start at 2026-05-30T19:26:38Z. Reason: TBL."
"5/29/2026 12:27:38 PM","26048","Information","MSSQL$SQLEXPRESS","Server local connection provider is ready to accept connection on [ \\.\pipe\MSSQL$SQLEXPRESS\sql\query ]."
"5/29/2026 12:27:38 PM","26048","Information","MSSQL$SQLEXPRESS","Server local connection provider is ready to accept connection on [ \\.\pipe\SQLLocal\SQLEXPRESS ]."
"5/29/2026 12:27:38 PM","26022","Information","MSSQL$SQLEXPRESS","Server is listening on [ 'any' <ipv4> 52951]."
"5/29/2026 12:27:38 PM","26022","Information","MSSQL$SQLEXPRESS","Server is listening on [ 'any' <ipv6> 52951]."
"5/29/2026 12:27:38 PM","26018","Information","MSSQL$SQLEXPRESS","A self-generated certificate was successfully loaded for encryption."
"5/29/2026 12:27:38 PM","17137","Information","MSSQL$SQLEXPRESS","Starting up database 'tempdb'."
"5/29/2026 12:27:38 PM","17136","Information","MSSQL$SQLEXPRESS","Clearing tempdb database."
"5/29/2026 12:27:38 PM","17137","Information","MSSQL$SQLEXPRESS","Starting up database 'model'."
"5/29/2026 12:27:38 PM","958","Information","MSSQL$SQLEXPRESS","The resource database build version is 15.00.2000. This is an informational message only. No user action is required."
"5/29/2026 12:27:38 PM","17137","Information","MSSQL$SQLEXPRESS","Starting up database 'mssqlsystemresource'."
"5/29/2026 12:27:38 PM","17137","Information","MSSQL$SQLEXPRESS","Starting up database 'msdb'."
"5/29/2026 12:27:38 PM","6253","Information","MSSQL$SQLEXPRESS","Common language runtime (CLR) functionality initialized using CLR version v4.0.30319 from C:\Windows\Microsoft.NET\Framework64\v4.0.30319\."
"5/29/2026 12:27:38 PM","17663","Information","MSSQL$SQLEXPRESS","Server name is 'DC\SQLEXPRESS'. This is an informational message only. No user action is required."
"5/29/2026 12:27:38 PM","19030","Information","MSSQL$SQLEXPRESS","SQL Trace ID 1 was started by login ""sa""."
"5/29/2026 12:27:38 PM","33218","Information","MSSQL$SQLEXPRESS","SQL Server Audit has started the audits. This is an informational message. No user action is required."
"5/29/2026 12:27:38 PM","33217","Information","MSSQL$SQLEXPRESS","SQL Server Audit is starting the audits. This is an informational message. No user action is required."
"5/29/2026 12:27:38 PM","17137","Information","MSSQL$SQLEXPRESS","Starting up database 'master'."
"5/29/2026 12:27:38 PM","49910","Information","MSSQL$SQLEXPRESS","Software Usage Metrics is disabled."
"5/29/2026 12:27:38 PM","9048","Information","MSSQL$SQLEXPRESS","clwb is selected for pmem flush operation."
"5/29/2026 12:27:38 PM","49921","Information","MSSQL$SQLEXPRESS","Total Log Writer threads: 1. This is an informational message; no user action is required."
"5/29/2026 12:27:38 PM","17118","Information","MSSQL$SQLEXPRESS","Database Instant File Initialization: disabled. For security and performance considerations see the topic 'Database Instant File Initialization' in SQL Server Books Online. This is an informational message only. No user action is required."
"5/29/2026 12:27:38 PM","17125","Information","MSSQL$SQLEXPRESS","Using dynamic lock allocation.  Initial allocation of 2500 Lock blocks and 5000 Lock Owner blocks per node.  This is an informational message only.  No user action is required."
"5/29/2026 12:27:38 PM","17152","Information","MSSQL$SQLEXPRESS","Node configuration: node 0: CPU mask: 0x0000000000000003:0 Active CPU mask: 0x0000000000000003:0. This message provides a description of the NUMA configuration for this computer. This is an informational message only. No user action is required."
"5/29/2026 12:27:38 PM","17176","Information","MSSQL$SQLEXPRESS","This instance of SQL Server last reported using a process ID of 5604 at 5/26/2026 7:28:08 AM (local) 5/26/2026 2:28:08 PM (UTC). This is an informational message only; no user action is required."
"5/29/2026 12:27:38 PM","17811","Information","MSSQL$SQLEXPRESS","The maximum number of dedicated administrator connections for this instance is '1'"
"5/29/2026 12:27:38 PM","873","Information","MSSQL$SQLEXPRESS","Buffer pool extension is already disabled. No action is necessary."
"5/29/2026 12:27:38 PM","49917","Information","MSSQL$SQLEXPRESS","Default collation: SQL_Latin1_General_CP1_CI_AS (us_english 1033)"
"5/29/2026 12:27:38 PM","894","Information","MSSQL$SQLEXPRESS","Buffer Pool: Allocating 524288 bytes for 523078 hashPages."
"5/29/2026 12:27:38 PM","852","Information","MSSQL$SQLEXPRESS","Using conventional memory in the memory manager."
"5/29/2026 12:27:38 PM","49903","Information","MSSQL$SQLEXPRESS","Detected 4095 MB of RAM. This is an informational message; no user action is required."
"5/29/2026 12:27:38 PM","17162","Information","MSSQL$SQLEXPRESS","SQL Server is starting at normal priority base (=7). This is an informational message only. No user action is required."
"5/29/2026 12:27:38 PM","17164","Information","MSSQL$SQLEXPRESS","SQL Server detected 2 sockets with 2 cores per socket and 2 logical processors per socket, 4 total logical processors; using 2 logical processors based on SQL Server licensing. This is an informational message; no user action is required."
"5/29/2026 12:27:38 PM","17115","Information","MSSQL$SQLEXPRESS","Command Line Startup Parameters:
	 -s ""SQLEXPRESS"""
"5/29/2026 12:27:38 PM","17110","Information","MSSQL$SQLEXPRESS","Registry startup parameters: 
	 -d C:\Program Files\Microsoft SQL Server\MSSQL15.SQLEXPRESS\MSSQL\DATA\master.mdf
	 -e C:\Program Files\Microsoft SQL Server\MSSQL15.SQLEXPRESS\MSSQL\Log\ERRORLOG
	 -l C:\Program Files\Microsoft SQL Server\MSSQL15.SQLEXPRESS\MSSQL\DATA\mastlog.ldf"
"5/29/2026 12:27:38 PM","49904","Information","MSSQL$SQLEXPRESS","The service account is 'NT Service\MSSQL$SQLEXPRESS'. This is an informational message; no user action is required."
"5/29/2026 12:27:38 PM","17111","Information","MSSQL$SQLEXPRESS","Logging SQL Server messages in file 'C:\Program Files\Microsoft SQL Server\MSSQL15.SQLEXPRESS\MSSQL\Log\ERRORLOG'."
"5/29/2026 12:27:38 PM","15268","Information","MSSQL$SQLEXPRESS","Authentication mode is MIXED."
"5/29/2026 12:27:38 PM","18496","Information","MSSQL$SQLEXPRESS","System Manufacturer: 'VMware, Inc.', System Model: 'VMware20,1'."
"5/29/2026 12:27:38 PM","17104","Information","MSSQL$SQLEXPRESS","Server process ID is 5928."
"5/29/2026 12:27:38 PM","17103","Information","MSSQL$SQLEXPRESS","All rights reserved."
"5/29/2026 12:27:38 PM","17101","Information","MSSQL$SQLEXPRESS","(c) Microsoft Corporation."
"5/29/2026 12:27:38 PM","49916","Information","MSSQL$SQLEXPRESS","UTC adjustment: -7:00"
"5/29/2026 12:27:38 PM","17069","Information","MSSQL$SQLEXPRESS","Microsoft SQL Server 2019 (RTM) - 15.0.2000.5 (X64) 
	Sep 24 2019 13:48:23 
	Copyright (C) 2019 Microsoft Corporation
	Express Edition (64-bit) on Windows Server 2022 Standard Evaluation 10.0 <X64> (Build 20348: ) (Hypervisor)
"
"5/29/2026 12:27:38 PM","325","Information","ESENT","DFSRs (2540,D,35) \\.\C:\System Volume Information\DFSR\database_D030_CE70_30CE_5D5A\dfsr.db: The database engine created a new database (1, \\.\C:\System Volume Information\DFSR\database_D030_CE70_30CE_5D5A\dfsr.db). (Time=0 seconds) 
 
Additional Data: lgposCreate = 00000001:0001:0268,
dbv = 1568.180.400 (9360) 
 
Internal Timing Sequence: 
[1] 0.000081 +J(0) +M(C:0K, Fs:6, WS:24K # 0K, PF:8K # 0K, P:8K)
[2] 0.001794 -0.000277 (1) WT +J(CM:0, PgRf:0, Rd:0/0, Dy:0/0, Lg:3480/2) +M(C:0K, Fs:4, WS:16K # 0K, PF:0K # 0K, P:0K)
[3] 0.004596 -0.000003 (3) WT +J(0) +M(C:0K, Fs:11, WS:36K # 0K, PF:20K # 0K, P:20K)
[4] 0.000223 +J(0) +M(C:0K, Fs:1, WS:4K # 0K, PF:0K # 0K, P:0K)
[5] 0.000951 -0.000460 (3) WT +J(CM:0, PgRf:3, Rd:0/0, Dy:3/6, Lg:122/4) +M(C:0K, Fs:38, WS:144K # 0K, PF:232K # 0K, P:232K)
[6] 0.000800 -0.000168 (2) WT +J(CM:0, PgRf:209, Rd:0/0, Dy:12/408, Lg:24454/447) +M(C:0K, Fs:75, WS:300K # 0K, PF:220K # 0K, P:220K)
[7] 0.000784 -0.000364 (3) WT +J(CM:0, PgRf:0, Rd:0/0, Dy:0/0, Lg:4096/3) +M(C:0K, Fs:4, WS:8K # 0K, PF:0K # 0K, P:0K)
[8] 0.000003 +J(0)
[9] 0.001880 -0.001273 (3) WT +J(0) +M(C:-52K, Fs:8, WS:-28K # 0K, PF:-52K # 0K, P:-52K)
[10] 0.002606 -0.000655 (5) WT +J(CM:0, PgRf:348, Rd:0/0, Dy:7/93, Lg:12509/130) +M(C:12K, Fs:46, WS:176K # 0K, PF:96K # 0K, P:96K)
[11] 0.000002 +J(0)."
"5/29/2026 12:27:38 PM","517","Information","WDSServer","Provider WDSDDPS loaded from C:\Windows\system32\wdsddps.dll and initialized successfully."
"5/29/2026 12:27:38 PM","105","Information","ESENT","DFSRs (2540,D,0) \\.\C:\System Volume Information\DFSR\database_D030_CE70_30CE_5D5A\dfsr.db: The database engine started a new instance (0). (Time=0 seconds) 
 
Additional Data:
  
 
Internal Timing Sequence: 
[1] 0.003102 +J(0) +M(C:0K, Fs:312, WS:1216K # 1216K, PF:6848K # 6812K, P:6848K)
[2] 0.000343 +J(0) +M(C:16K, Fs:116, WS:452K # 456K, PF:360K # 360K, P:360K)
[3] 0.000028 +J(0) +M(C:0K, Fs:3, WS:12K # 8K, PF:60K # 64K, P:60K)
[4] 0.000113 +J(0) +M(C:2032K, Fs:35, WS:132K # 132K, PF:2444K # 2440K, P:2444K)
[5] 0.000466 +J(0) +M(C:0K, Fs:10, WS:40K # 40K, PF:24K # 24K, P:24K)
[6] 0.000997 +J(0) +M(C:0K, Fs:13, WS:52K # 52K, PF:12K # 12K, P:12K)
[7] -
[8] -
[9] -
[10] -
[11] -
[12] -
[13] 0.023429 -0.014204 (22) WT +J(CM:0, PgRf:0, Rd:0/0, Dy:0/0, Lg:616/1) +M(C:0K, Fs:1486, WS:732K # 5836K, PF:-36K # 5092K, P:-36K)
[14] 0.000009 +J(0)
[15] 0.000054 +J(0) +M(C:0K, Fs:69, WS:272K # 0K, PF:88K # 0K, P:88K)
[16] 0.005463 -0.000114 (2) WT +J(0) +M(C:0K, Fs:9, WS:28K # 0K, PF:0K # 0K, P:0K)."
"5/29/2026 12:27:38 PM","326","Information","ESENT","certsrv.exe (3032,D,50) The database engine attached a database (1, C:\Windows\system32\CertLog\scaffold-DC-CA.edb). (Time=0 seconds) 
 
Saved Cache: 0 0 
Additional Data: lgposAttach = 00000004:00A3:0268,
dbv = 1568.180.400 (9360) 
 
Internal Timing Sequence: 
[1] 0.000007 +J(0) +M(C:0K, Fs:1, WS:4K # 0K, PF:0K # 0K, P:0K)
[2] 0.000560 -0.000251 (1) WT +J(0) +M(C:0K, Fs:18, WS:8K # 0K, PF:4K # 0K, P:4K)
[3] 0.008979 -0.004383 (6) WT +J(CM:0, PgRf:0, Rd:0/0, Dy:0/0, Lg:3480/2) +M(C:0K, Fs:23, WS:88K # 0K, PF:116K # 0K, P:116K)
[4] 0.000095 +J(0)
[5] -
[6] -
[7] -
[8] 0.000984 -0.000864 (2) CM -0.000725 (2) WT +J(CM:2, PgRf:2, Rd:14/2, Dy:0/0, Lg:54/1) +M(C:0K, Fs:40, WS:160K # 0K, PF:152K # 0K, P:152K)
[9] 0.000700 -0.000524 (3) CM -0.000306 (3) WT +J(CM:3, PgRf:23, Rd:0/2, Dy:0/0, Lg:0/0) +M(C:0K, Fs:32, WS:128K # 0K, PF:200K # 0K, P:200K)
[10] 0.000276 -0.000176 (1) CM -0.000119 (1) WT +J(CM:1, PgRf:40, Rd:0/1, Dy:0/0, Lg:0/0) +M(C:0K, Fs:5, WS:20K # 0K, PF:64K # 0K, P:64K)
[11] 0.000018 +J(CM:0, PgRf:1, Rd:0/0, Dy:0/0, Lg:0/0) +M(C:0K, Fs:4, WS:16K # 0K, PF:0K # 0K, P:0K)
[12] 0.000029 +J(CM:0, PgRf:42, Rd:0/0, Dy:0/0, Lg:0/0) +M(C:0K, Fs:1, WS:4K # 0K, PF:0K # 0K, P:0K)
[13] 0.000001 +J(0)
[14] 0.0 +J(0)
[15] 0.000004 +J(CM:0, PgRf:1, Rd:0/0, Dy:0/0, Lg:0/0)."
"5/29/2026 12:27:38 PM","326","Information","ESENT","svchost (3252,D,50) DDP: The database engine attached a database (3, C:\RemoteInstall\Stores\Drivers\Metadata\DdpDb.mdb). (Time=0 seconds) 
 
Saved Cache: 1 0 
Additional Data: lgposAttach = 00000001:00AC:0268,
dbv = 1568.180.400 (9360) 
 
Internal Timing Sequence: 
[1] 0.000002 +J(0)
[2] 0.000512 -0.000121 (1) WT +J(0) +M(C:0K, Fs:24, WS:32K # 0K, PF:32K # 0K, P:32K)
[3] 0.006279 -0.001809 (6) WT +J(CM:0, PgRf:0, Rd:0/0, Dy:0/0, Lg:3480/2) +M(C:0K, Fs:13, WS:20K # 0K, PF:20K # 0K, P:20K)
[4] 0.000763 +J(0)
[5] -
[6] -
[7] -
[8] 0.000345 +J(CM:0, PgRf:2, Rd:9/0, Dy:0/0, Lg:54/1) +M(C:164K, Fs:50, WS:200K # 0K, PF:184K # 0K, P:184K)
[9] 0.003371 -0.003243 (2) CM -0.003039 (1) WT +J(CM:2, PgRf:16, Rd:0/1, Dy:0/0, Lg:0/0) +M(C:-76K, Fs:1, WS:-72K # 0K, PF:-76K # 0K, P:-76K)
[10] 0.000238 -0.000183 (1) CM -0.000147 (1) WT +J(CM:1, PgRf:35, Rd:0/1, Dy:0/0, Lg:0/0) +M(C:-28K, Fs:0, WS:-28K # 0K, PF:-28K # 0K, P:-28K)
[11] 0.000005 +J(CM:0, PgRf:1, Rd:0/0, Dy:0/0, Lg:0/0)
[12] 0.000015 +J(CM:0, PgRf:42, Rd:0/0, Dy:0/0, Lg:0/0)
[13] 0.0 +J(0)
[14] 0.0 +J(0)
[15] 0.000002 +J(CM:0, PgRf:1, Rd:0/0, Dy:0/0, Lg:0/0)."
"5/29/2026 12:27:38 PM","105","Information","ESENT","certsrv.exe (3032,D,0) The database engine started a new instance (0). (Time=0 seconds) 
 
Additional Data:
  
 
Internal Timing Sequence: 
[1] 0.000660 +J(0) +M(C:0K, Fs:124, WS:480K # 480K, PF:2492K # 2224K, P:2492K)
[2] 0.000505 +J(0) +M(C:3200K, Fs:216, WS:848K # 848K, PF:4180K # 4180K, P:4180K)
[3] 0.000020 +J(0) +M(C:0K, Fs:4, WS:12K # 12K, PF:68K # 68K, P:68K)
[4] 0.000122 +J(0) +M(C:0K, Fs:18, WS:72K # 72K, PF:480K # 480K, P:480K)
[5] 0.000418 +J(0) +M(C:0K, Fs:9, WS:36K # 36K, PF:20K # 20K, P:20K)
[6] 0.003067 +J(0) +M(C:0K, Fs:29, WS:116K # 116K, PF:12K # 12K, P:12K)
[7] 0.003348 -0.001498 (3) WT +J(0) +M(C:0K, Fs:275, WS:1096K # 1096K, PF:1028K # 1028K, P:1028K)
[8] -
[9] -
[10] -
[11] -
[12] -
[13] 0.006072 -0.001480 (4) WT +J(CM:0, PgRf:0, Rd:0/0, Dy:0/0, Lg:616/1) +M(C:0K, Fs:22, WS:-944K # 72K, PF:-956K # 72K, P:-956K)
[14] 0.000032 +J(0)
[15] 0.000132 +J(0) +M(C:0K, Fs:101, WS:400K # 0K, PF:68K # 0K, P:68K)
[16] 0.000274 -0.000090 (1) WT +J(0) +M(C:0K, Fs:3, WS:4K # 0K, PF:0K # 0K, P:0K)."
"5/29/2026 12:27:38 PM","102","Information","ESENT","DFSRs (2540,P,98) \\.\C:\System Volume Information\DFSR\database_D030_CE70_30CE_5D5A\dfsr.db: The database engine (10.00.20348.0000) is starting a new instance (0)."
"5/29/2026 12:27:38 PM","105","Information","ESENT","svchost (3252,D,0) DDP: The database engine started a new instance (1). (Time=0 seconds) 
 
Additional Data:
 lgposV2[] = 00000001:0001:0000 - 00000001:00A9:0319 - 00000001:00AA:0000 - 00000001:00AA:0000 (00000000:0000:0000)
cReInits = 30
 
 
Internal Timing Sequence: 
[1] -
[2] -
[3] 0.000304 +J(0) +M(C:0K, Fs:3, WS:12K # 12K, PF:0K # 0K, P:0K)
[4] 0.000077 +J(0) +M(C:0K, Fs:11, WS:44K # 44K, PF:160K # 0K, P:160K)
[5] 0.000344 +J(0) +M(C:0K, Fs:4, WS:16K # 16K, PF:16K # 0K, P:16K)
[6] 0.002083 +J(0) +M(C:0K, Fs:1, WS:4K # 4K, PF:12K # 0K, P:12K)
[7] 0.006307 -0.003943 (11) WT +J(0) +M(C:0K, Fs:1283, WS:5120K # 5120K, PF:5132K # 4412K, P:5132K)
[8] 0.020937 -0.008382 (48) WT +J(CM:0, PgRf:0, Rd:0/0, Dy:0/0, Lg:685398/1624) +M(C:0K, Fs:772, WS:200K # 244K, PF:72K # 116K, P:72K)
[9] 0.000270 +J(0)
[10] 0.003525 -0.002005 (10) WT +J(0) +M(C:0K, Fs:0, WS:-5116K # 0K, PF:-5128K # 0K, P:-5128K)
[11] 0.000024 +J(CM:0, PgRf:0, Rd:0/0, Dy:0/0, Lg:49/1) +M(C:0K, Fs:1, WS:4K # 0K, PF:0K # 0K, P:0K)
[12] 0.000043 +J(0)
[13] 0.016550 -0.000639 (2) CM -0.007605 (30) WT +J(CM:2, PgRf:2, Rd:0/2, Dy:0/0, Lg:8759/5) +M(C:-56K, Fs:1328, WS:-44K # 0K, PF:-108K # 0K, P:-108K)
[14] 0.000012 +J(0)
[15] 0.000012 +J(0)
[16] 0.000355 -0.000198 (1) WT +J(0) +M(C:0K, Fs:2, WS:0K # 0K, PF:0K # 0K, P:0K)."
"5/29/2026 12:27:38 PM","102","Information","ESENT","certsrv.exe (3032,P,98) The database engine (10.00.20348.0000) is starting a new instance (0)."
"5/29/2026 12:27:38 PM","302","Information","ESENT","svchost (3252,U,98) DDP: The database engine has successfully completed recovery steps."
"5/29/2026 12:27:38 PM","301","Information","ESENT","svchost (3252,R,98) DDP: The database engine has finished replaying logfile C:\RemoteInstall\Stores\Drivers\Metadata\DDP.log. 
 
Processing Stats: 
[1] 0.019418 -0.008094 (45) WT +J(CM:0, PgRf:0, Rd:0/0, Dy:0/0, Lg:685398/1624) +M(C:0K, Fs:736, WS:64K # 108K, PF:60K # 100K, P:60K). 
Log record of type 'Insert   ' was seen most frequently (479 times)"
"5/29/2026 12:27:38 PM","335","Information","ESENT","svchost (3252,R,98) DDP: Replay of a Create for database ""C:\RemoteInstall\Stores\Drivers\Metadata\DdpDb.mdb"" at log position (00000001,0001,0268) was deferred due to AttachFuture.  Additional information:  "
"5/29/2026 12:27:38 PM","300","Information","ESENT","svchost (3252,R,98) DDP: The database engine is initiating recovery steps."
"5/29/2026 12:27:38 PM","102","Information","ESENT","svchost (3252,P,98) DDP: The database engine (10.00.20348.0000) is starting a new instance (1)."
"5/29/2026 12:27:38 PM","517","Information","WDSServer","Provider WDSDCPXE loaded from C:\Windows\system32\wdsdcpxe.dll and initialized successfully."
"5/29/2026 12:27:38 PM","517","Information","WDSServer","Provider WDSDCMGR loaded from C:\Windows\system32\wdsdcmgr.dll and initialized successfully."
"5/29/2026 12:27:26 PM","9027","Information","Desktop Window Manager","The Desktop Window Manager has registered the session port."
"5/29/2026 12:27:09 PM","271","Information","VMUpgradeHelper","Restored network configuration."
"5/29/2026 12:27:08 PM","5617","Information","Microsoft-Windows-WMI","Windows Management Instrumentation Service subsystems initialized successfully"
"5/29/2026 12:27:08 PM","5615","Information","Microsoft-Windows-WMI","Windows Management Instrumentation Service started sucessfully"
"5/29/2026 12:27:08 PM","258","Information","VMUpgradeHelper","Restoring network configuration."
"5/29/2026 12:27:08 PM","902","Information","Microsoft-Windows-Security-SPP","The Software Protection service has started.
10.0.20348.587"
"5/29/2026 12:27:08 PM","1037","Information","Microsoft-Windows-Security-SPP","Time-based license remaining validity time 235866 minutes."
"5/29/2026 12:27:08 PM","1003","Information","Microsoft-Windows-Security-SPP","The Software Protection service has completed licensing status check.
Application Id=55c92734-d682-4d71-983e-d6ec3f16059f
Licensing Status=
1: c1a197b6-ba5e-4394-b9bf-b659a6c1b873, 1, 1 [(0 [0x00000000, 1, 0], [(?)( 1 0x00000000)(?)( 2 0x00000000 0 0 msft:rm/algorithm/hwid/4.0 0x00000000 0)(?)( 9 0x00000000 180 235866)( 10 0x00000000 msft:rm/algorithm/flags/1.0)(?)])(1 )(2 )(3 )]

"
"5/29/2026 12:27:08 PM","4202","Information","Microsoft-Windows-MSDTC 2","MSDTC started with the following settings: Security Configuration (OFF = 0 and ON = 1): Allow Remote Administrator = 0, Network Clients = 0, Transaction Manager Communication:  Allow Inbound Transactions = 0, Allow Outbound Transactions = 0, Transaction Internet Protocol (TIP) = 0,  Enable XA Transactions = 0,  Enable SNA LU 6.2 Transactions = 1,  MSDTC Communications Security = Mutual Authentication Required, Account = NT AUTHORITY\NetworkService,  Firewall Exclusion Detected = 0 Transaction Bridge Installed = 0 Filtering Duplicate Events = 1"
"5/29/2026 12:27:08 PM","1066","Information","Microsoft-Windows-Security-SPP","Initialization status for service objects.
C:\Windows\system32\sppwinob.dll, msft:spp/windowsfunctionality/agent/7.0, 0x00000000, 0x00000000
C:\Windows\system32\sppobjs.dll, msft:rm/algorithm/inherited/1.0, 0x00000000, 0x00000000
C:\Windows\system32\sppobjs.dll, msft:rm/algorithm/phone/1.0, 0x00000000, 0x00000000
C:\Windows\system32\sppobjs.dll, msft:rm/algorithm/pkey/detect, 0x00000000, 0x00000000
C:\Windows\system32\sppobjs.dll, msft:spp/ActionScheduler/1.0, 0x00000000, 0x00000000
C:\Windows\system32\sppobjs.dll, msft:spp/TaskScheduler/1.0, 0x00000000, 0x00000000
C:\Windows\system32\sppobjs.dll, msft:spp/statecollector/pkey, 0x00000000, 0x00000000
C:\Windows\system32\sppobjs.dll, msft:spp/volume/services/kms/1.0, 0x00000000, 0x00000000
C:\Windows\system32\sppobjs.dll, msft:spp/volume/services/kms/activationinfo/1.0, 0x00000000, 0x00000000
"
"5/29/2026 12:27:08 PM","16394","Information","Microsoft-Windows-Security-SPP","Offline downlevel migration succeeded."
"5/29/2026 12:27:08 PM","781","Information","Microsoft-Windows-Complus","The COM+ sub system is suppressing duplicate event log entries for a duration of 86400 seconds.  The suppression timeout can be controlled by a REG_DWORD value named SuppressDuplicateDuration under the following registry key: HKLM\Software\Microsoft\COM3\Eventlog."
"5/29/2026 12:27:08 PM","0","Information","Microsoft Deployment Toolkit Monitor Service","Service started successfully."
"5/29/2026 12:27:08 PM","517","Information","WDSServer","Provider WDSTFTP loaded from C:\Windows\system32\wdstftp.dll and initialized successfully."
"5/29/2026 12:27:08 PM","517","Information","WDSServer","Provider WDSMDMGR loaded from C:\Windows\system32\wdsmdmgr.dll and initialized successfully."
"5/29/2026 12:27:08 PM","326","Information","ESENT","svchost (3252,D,50) WDS: The database engine attached a database (1, C:\RemoteInstall\Stores\Metadata\WDSMD.mdb). (Time=0 seconds) 
 
Saved Cache: 1 0 
Additional Data: lgposAttach = 00000001:0074:0268,
dbv = 1568.180.400 (9360) 
 
Internal Timing Sequence: 
[1] 0.000002 +J(0)
[2] 0.000331 -0.000121 (1) WT +J(0) +M(C:0K, Fs:24, WS:32K # 0K, PF:32K # 0K, P:32K)
[3] 0.002585 -0.001024 (6) WT +J(CM:0, PgRf:0, Rd:0/0, Dy:0/0, Lg:3480/2) +M(C:0K, Fs:14, WS:24K # 0K, PF:20K # 0K, P:20K)
[4] 0.000129 +J(0)
[5] -
[6] -
[7] -
[8] 0.000712 -0.000434 (2) CM -0.000347 (2) WT +J(CM:2, PgRf:2, Rd:4/2, Dy:0/0, Lg:54/1) +M(C:120K, Fs:46, WS:128K # 0K, PF:140K # 0K, P:140K)
[9] 0.000874 -0.000719 (3) CM -0.000623 (3) WT +J(CM:3, PgRf:16, Rd:0/2, Dy:0/0, Lg:0/0) +M(C:-16K, Fs:40, WS:80K # 0K, PF:208K # 0K, P:208K)
[10] 0.000311 -0.000209 (1) CM -0.000167 (1) WT +J(CM:1, PgRf:35, Rd:0/1, Dy:0/0, Lg:0/0) +M(C:-28K, Fs:4, WS:-12K # 0K, PF:36K # 0K, P:36K)
[11] 0.000545 -0.000480 (1) CM -0.000443 (1) WT +J(CM:1, PgRf:1, Rd:0/1, Dy:0/0, Lg:0/0) +M(C:0K, Fs:10, WS:12K # 0K, PF:0K # 0K, P:0K)
[12] 0.000198 -0.000155 (1) CM -0.000117 (1) WT +J(CM:1, PgRf:42, Rd:0/1, Dy:0/0, Lg:0/0) +M(C:0K, Fs:8, WS:4K # 0K, PF:0K # 0K, P:0K)
[13] 0.0 +J(0)
[14] 0.0 +J(0)
[15] 0.000366 -0.000307 (1) CM -0.000250 (1) WT +J(CM:1, PgRf:1, Rd:0/1, Dy:0/0, Lg:0/0) +M(C:0K, Fs:7, WS:0K # 0K, PF:0K # 0K, P:0K)."
"5/29/2026 12:27:08 PM","105","Information","ESENT","svchost (3252,D,0) WDS: The database engine started a new instance (0). (Time=0 seconds) 
 
Additional Data:
 lgposV2[] = 00000001:0001:0000 - 00000001:0071:0309 - 00000001:0072:0000 - 00000001:0072:0000 (00000000:0000:0000)
cReInits = 30
 
 
Internal Timing Sequence: 
[1] 0.000666 +J(0) +M(C:0K, Fs:180, WS:700K # 700K, PF:4588K # 4588K, P:4588K)
[2] 0.000152 +J(0) +M(C:64K, Fs:103, WS:408K # 408K, PF:392K # 392K, P:392K)
[3] 0.000919 +J(0) +M(C:0K, Fs:78, WS:304K # 304K, PF:940K # 940K, P:940K)
[4] 0.000093 +J(0) +M(C:0K, Fs:22, WS:88K # 88K, PF:228K # 228K, P:228K)
[5] 0.000260 +J(0) +M(C:0K, Fs:9, WS:36K # 36K, PF:16K # 16K, P:16K)
[6] 0.002484 +J(0) +M(C:0K, Fs:22, WS:88K # 88K, PF:12K # 12K, P:12K)
[7] 0.007430 -0.003617 (11) WT +J(0) +M(C:0K, Fs:1300, WS:5188K # 5188K, PF:5132K # 5132K, P:5132K)
[8] 0.038915 -0.022681 (48) WT +J(CM:0, PgRf:0, Rd:0/0, Dy:0/0, Lg:458252/962) +M(C:0K, Fs:821, WS:396K # 428K, PF:248K # 280K, P:248K)
[9] 0.000516 +J(0) +M(C:0K, Fs:4, WS:16K # 0K, PF:4K # 0K, P:4K)
[10] 0.002987 -0.001691 (9) WT +J(0) +M(C:0K, Fs:0, WS:-5116K # 0K, PF:-5124K # 0K, P:-5124K)
[11] 0.000017 +J(CM:0, PgRf:0, Rd:0/0, Dy:0/0, Lg:49/1) +M(C:0K, Fs:2, WS:8K # 0K, PF:0K # 0K, P:0K)
[12] 0.000019 +J(0)
[13] 0.016212 -0.000495 (2) CM -0.005477 (30) WT +J(CM:2, PgRf:2, Rd:0/2, Dy:0/0, Lg:8759/5) +M(C:-56K, Fs:1352, WS:48K # 44K, PF:88K # 72K, P:88K)
[14] 0.000015 +J(0)
[15] 0.000014 +J(0)
[16] 0.000266 -0.000083 (1) WT +J(0) +M(C:0K, Fs:2, WS:0K # 0K, PF:0K # 0K, P:0K)."
"5/29/2026 12:27:08 PM","302","Information","ESENT","svchost (3252,U,98) WDS: The database engine has successfully completed recovery steps."
"5/29/2026 12:27:08 PM","301","Information","ESENT","svchost (3252,R,98) WDS: The database engine has finished replaying logfile C:\RemoteInstall\Stores\Metadata\WDS.log. 
 
Processing Stats: 
[1] 0.035268 -0.022355 (45) WT +J(CM:0, PgRf:0, Rd:0/0, Dy:0/0, Lg:458252/962) +M(C:0K, Fs:778, WS:232K # 264K, PF:164K # 196K, P:164K). 
Log record of type 'Insert   ' was seen most frequently (277 times)"
"5/29/2026 12:27:08 PM","335","Information","ESENT","svchost (3252,R,98) WDS: Replay of a Create for database ""C:\RemoteInstall\Stores\Metadata\WDSMD.mdb"" at log position (00000001,0001,0268) was deferred due to AttachFuture.  Additional information:  "
"5/29/2026 12:27:08 PM","300","Information","ESENT","svchost (3252,R,98) WDS: The database engine is initiating recovery steps."
"5/29/2026 12:27:08 PM","102","Information","ESENT","svchost (3252,P,98) WDS: The database engine (10.00.20348.0000) is starting a new instance (0)."
"5/29/2026 12:27:08 PM","517","Information","WDSServer","Provider WDSMC loaded from C:\Windows\system32\wdsmc.dll and initialized successfully."
"5/29/2026 12:27:08 PM","900","Information","Microsoft-Windows-Security-SPP","The Software Protection service is starting.
Parameters:TriggerStarted:6"
"5/29/2026 12:27:08 PM","1025","Information","WDSServer","The RPC server started on TCP port 5040. 
"
"5/29/2026 12:27:08 PM","105","Information","VMTools","The service was started."
"5/29/2026 12:26:58 PM","1531","Information","Microsoft-Windows-User Profiles Service","The User Profile Service has started successfully.  

"
"5/26/2026 7:28:08 AM","38","Information","Microsoft-Windows-CertificationAuthority","Active Directory Certificate Services for scaffold-DC-CA was stopped."
"5/26/2026 7:28:08 AM","1532","Information","Microsoft-Windows-User Profiles Service","The User Profile Service has stopped.  

"
"5/26/2026 7:28:08 AM","103","Information","ESENT","certsrv.exe (2944,T,97) The database engine stopped the instance (0). 
 
Dirty Shutdown: 0 
 
Internal Timing Sequence: 
[1] 0.000071 +J(0)
[2] 0.003500 -0.003478 (1) WT +J(0) +M(C:0K, Fs:3, WS:12K # 0K, PF:0K # 0K, P:0K)
[3] 0.000004 +J(0)
[4] 0.000004 +J(0)
[5] 0.009578 -0.007663 (8) WT +J(0) +M(C:0K, Fs:10, WS:32K # 0K, PF:12K # 0K, P:12K)
[6] 0.000015 +J(0)
[7] 0.000007 +J(0)
[8] 0.004918 -0.002027 (11) WT +J(CM:0, PgRf:0, Rd:0/0, Dy:0/0, Lg:4096/2) +M(C:0K, Fs:10, WS:-8K # 0K, PF:-28K # 0K, P:-28K)
[9] 0.000432 -0.000214 (1) WT +J(CM:0, PgRf:0, Rd:0/0, Dy:0/0, Lg:66/1) +M(C:0K, Fs:2, WS:8K # 0K, PF:0K # 0K, P:0K)
[10] 0.000016 +J(0)
[11] 0.000487 -0.000101 (2) WT +J(0)
[12] 0.000024 +J(0) +M(C:0K, Fs:0, WS:-4K # 0K, PF:-4K # 0K, P:-4K)
[13] 0.000041 +J(0)
[14] 0.000012 +J(0) +M(C:0K, Fs:0, WS:-48K # 0K, PF:-52K # 0K, P:-52K)
[15] 0.000001 +J(0)."
"5/26/2026 7:28:08 AM","0","Information","Microsoft Deployment Toolkit Monitor Service","Service has been successfully shut down."
"5/26/2026 7:28:08 AM","4111","Information","Microsoft-Windows-MSDTC","The MS DTC service is stopping."
"5/26/2026 7:28:08 AM","1033","Information","IIS AspNetCore Module V2","Application 'MACHINE/WEBROOT/APPHOST/SCAFFOLDPORTAL' has shutdown."
"5/26/2026 7:28:08 AM","17147","Information","MSSQL$SQLEXPRESS","SQL Server is terminating because of a system shutdown. This is an informational message only. No user action is required."
"5/26/2026 7:28:07 AM","108","Information","VMTools","The service was stopped."
"5/26/2026 7:28:07 AM","272","Information","VMUpgradeHelper","Saved network configuration."
"5/26/2026 7:28:07 AM","260","Information","VMUpgradeHelper","Saving network configuration."
"5/26/2026 7:28:07 AM","6000","Information","Microsoft-Windows-Winlogon","The winlogon notification subscriber <SessionEnv> was unavailable to handle a notification event."
"5/26/2026 7:28:07 AM","6000","Information","Microsoft-Windows-Winlogon","The winlogon notification subscriber <WSearch> was unavailable to handle a notification event."
"5/26/2026 7:22:43 AM","10001","Information","Microsoft-Windows-RestartManager","Ending session 0 started ‎2026‎-‎05‎-‎26T14:22:42.935925700Z."
"5/26/2026 7:22:42 AM","10000","Information","Microsoft-Windows-RestartManager","Starting session 0 - ‎2026‎-‎05‎-‎26T14:22:42.935925700Z."
"5/26/2026 7:22:43 AM","1042","Information","MsiInstaller","Ending a Windows Installer transaction: C:\Software\Locks\Processing\putty-64bit-0_83-installer_signed_20260526_141629767_9c1e87b73dfa4e4c_20260526_072242498_718bc9fd70374ad3b0c79c7dbaa03f92.msi. Client Process Id: 6236."
"5/26/2026 7:22:43 AM","1033","Information","MsiInstaller","Windows Installer installed the product. Product Name: PuTTY release 0.83 (64-bit). Product Version: 0.83.0.0. Product Language: 1033. Manufacturer: Simon Tatham. Installation success or error status: 0."
"5/26/2026 7:22:43 AM","11707","Information","MsiInstaller","Product: PuTTY release 0.83 (64-bit) -- Installation completed successfully."
"5/26/2026 7:22:42 AM","1040","Information","MsiInstaller","Beginning a Windows Installer transaction: C:\Software\Locks\Processing\putty-64bit-0_83-installer_signed_20260526_141629767_9c1e87b73dfa4e4c_20260526_072242498_718bc9fd70374ad3b0c79c7dbaa03f92.msi. Client Process Id: 6236."
"5/26/2026 7:20:48 AM","49930","Information","MSSQL$SQLEXPRESS","Parallel redo is shutdown for database 'ScaffoldPortal' with worker pool size [1]."
"5/26/2026 7:20:48 AM","49930","Information","MSSQL$SQLEXPRESS","Parallel redo is started for database 'ScaffoldPortal' with worker pool size [1]."
"5/26/2026 7:20:48 AM","17137","Information","MSSQL$SQLEXPRESS","Starting up database 'ScaffoldPortal'."
"5/26/2026 7:20:17 AM","16384","Information","Microsoft-Windows-Security-SPP","Successfully scheduled Software Protection service for re-start at 2026-10-10T14:32:17Z. Reason: RulesEngine."
"5/26/2026 7:20:10 AM","326","Information","ESENT","svchost (7328,D,50) DS_Token_DB: The database engine attached a database (1, C:\Windows\system32\config\systemprofile\AppData\Local\DataSharing\Storage\DSTokenDB2.dat). (Time=0 seconds) 
 
Saved Cache: 1 0 
Additional Data: lgposAttach = 00000004:0005:0268,
dbv = 1568.180.400 (9360) 
 
Internal Timing Sequence: 
[1] 0.000003 +J(0)
[2] 0.000383 -0.000114 (1) WT +J(0) +M(C:0K, Fs:17, WS:4K # 4K, PF:4K # 0K, P:4K)
[3] 0.002924 -0.000551 (6) WT +J(CM:0, PgRf:0, Rd:0/0, Dy:0/0, Lg:3480/2) +M(C:0K, Fs:7, WS:24K # 0K, PF:20K # 0K, P:20K)
[4] 0.000300 +J(0)
[5] -
[6] -
[7] -
[8] 0.000347 -0.000211 (2) CM -0.000123 (2) WT +J(CM:2, PgRf:2, Rd:4/2, Dy:0/0, Lg:54/1) +M(C:8K, Fs:3, WS:12K # 0K, PF:28K # 0K, P:28K)
[9] 0.000665 -0.000472 (3) CM -0.000349 (3) WT +J(CM:3, PgRf:23, Rd:0/3, Dy:0/0, Lg:0/0) +M(C:0K, Fs:32, WS:120K # 96K, PF:200K # 192K, P:200K)
[10] 0.000601 -0.000482 (3) CM -0.000284 (3) WT +J(CM:3, PgRf:40, Rd:0/3, Dy:0/0, Lg:0/0) +M(C:0K, Fs:4, WS:16K # 12K, PF:64K # 56K, P:64K)
[11] 0.000177 -0.000144 (1) CM -0.000097 (1) WT +J(CM:1, PgRf:1, Rd:0/1, Dy:0/0, Lg:0/0) +M(C:0K, Fs:3, WS:12K # 12K, PF:0K # 0K, P:0K)
[12] 0.000191 -0.000130 (1) CM -0.000082 (1) WT +J(CM:1, PgRf:42, Rd:0/1, Dy:0/0, Lg:0/0) +M(C:0K, Fs:5, WS:20K # 20K, PF:0K # 0K, P:0K)
[13] 0.000002 +J(0)
[14] 0.0 +J(0)
[15] 0.000174 -0.000153 (1) CM -0.000088 (1) WT +J(CM:1, PgRf:1, Rd:0/1, Dy:0/0, Lg:0/0)."
"5/26/2026 7:20:10 AM","105","Information","ESENT","svchost (7328,D,0) DS_Token_DB: The database engine started a new instance (0). (Time=0 seconds) 
 
Additional Data:
 lgposV2[] = 00000003:0001:0000 - 00000003:000E:0000 - 00000004:0003:0000 - 00000004:0003:0000 (00000000:0000:0000)
cReInits = 4
 
 
Internal Timing Sequence: 
[1] 0.000562 +J(0) +M(C:0K, Fs:147, WS:576K # 576K, PF:2528K # 2528K, P:2528K)
[2] 0.000427 +J(0) +M(C:8K, Fs:164, WS:648K # 648K, PF:1196K # 1196K, P:1196K)
[3] 0.000022 +J(0) +M(C:0K, Fs:4, WS:12K # 12K, PF:68K # 68K, P:68K)
[4] 0.000123 +J(0) +M(C:0K, Fs:24, WS:96K # 96K, PF:168K # 168K, P:168K)
[5] 0.000823 +J(0) +M(C:0K, Fs:11, WS:44K # 44K, PF:28K # 28K, P:28K)
[6] 0.002061 +J(0) +M(C:0K, Fs:69, WS:276K # 276K, PF:48K # 48K, P:48K)
[7] 0.001748 -0.000337 (2) WT +J(0) +M(C:0K, Fs:33, WS:132K # 132K, PF:64K # 64K, P:64K)
[8] 0.009000 -0.001823 (8) WT +J(CM:0, PgRf:0, Rd:0/0, Dy:0/0, Lg:52754/37) +M(C:0K, Fs:129, WS:232K # 300K, PF:104K # 172K, P:104K)
[9] 0.008879 -0.002185 (10) WT +J(CM:0, PgRf:0, Rd:0/0, Dy:0/0, Lg:8112/6) +M(C:0K, Fs:52, WS:128K # 60K, PF:148K # 80K, P:148K) + 1 lgens
[10] 0.000287 -0.000119 (1) WT +J(0) +M(C:0K, Fs:0, WS:-60K # 0K, PF:-60K # 0K, P:-60K)
[11] 0.000020 +J(CM:0, PgRf:0, Rd:0/0, Dy:0/0, Lg:49/1) +M(C:0K, Fs:2, WS:8K # 0K, PF:0K # 0K, P:0K)
[12] 0.000157 +J(0)
[13] 0.011459 -0.000248 (2) CM -0.003074 (21) WT +J(CM:2, PgRf:2, Rd:0/2, Dy:0/0, Lg:8759/5) +M(C:0K, Fs:52, WS:84K # 96K, PF:232K # 240K, P:232K)
[14] 0.000011 +J(0)
[15] 0.000007 +J(0)
[16] 0.000278 -0.000175 (1) WT +J(0) +M(C:0K, Fs:2, WS:0K # 0K, PF:0K # 0K, P:0K)."
"5/26/2026 7:20:10 AM","302","Information","ESENT","svchost (7328,U,98) DS_Token_DB: The database engine has successfully completed recovery steps."
"5/26/2026 7:20:10 AM","301","Information","ESENT","svchost (7328,R,98) DS_Token_DB: The database engine has finished replaying logfile C:\Windows\system32\config\systemprofile\AppData\Local\DataSharing\Storage\DSS.log. 
 
Processing Stats: 
[1] 0.003924 -0.001192 (6) WT +J(CM:0, PgRf:0, Rd:0/0, Dy:0/0, Lg:8112/6) +M(C:0K, Fs:41, WS:88K # 56K, PF:144K # 80K, P:144K). 
Log record of type 'AttachDB ' was seen most frequently (1 times)"
"5/26/2026 7:20:10 AM","301","Information","ESENT","svchost (7328,R,98) DS_Token_DB: The database engine has finished replaying logfile C:\Windows\system32\config\systemprofile\AppData\Local\DataSharing\Storage\DSS00003.log. 
 
Processing Stats: 
[1] 0.004393 -0.001068 (4) WT +J(CM:0, PgRf:0, Rd:0/0, Dy:0/0, Lg:52754/37) +M(C:0K, Fs:74, WS:92K # 96K, PF:4K # 4K, P:4K). 
Log record of type 'ShutDown ' was seen most frequently (4 times)"
"5/26/2026 7:20:10 AM","300","Information","ESENT","svchost (7328,R,98) DS_Token_DB: The database engine is initiating recovery steps."
"5/26/2026 7:20:10 AM","102","Information","ESENT","svchost (7328,P,98) DS_Token_DB: The database engine (10.00.20348.0000) is starting a new instance (0)."
"5/26/2026 7:19:47 AM","16394","Information","Microsoft-Windows-Security-SPP","Offline downlevel migration succeeded."
"5/26/2026 7:18:34 AM","1000","Information","Microsoft-Windows-LoadPerf","Performance counters for the WmiApRpl (WmiApRpl) service were loaded successfully. The Record Data in the data section contains the new index values assigned to this service."
"5/26/2026 7:18:34 AM","1001","Information","Microsoft-Windows-LoadPerf","Performance counters for the WmiApRpl (WmiApRpl) service were removed successfully. The Record Data contains the new values of the system Last Counter and Last Help registry entries."
"5/26/2026 7:16:06 AM","8128","Information","MSSQL$SQLEXPRESS","Using 'xplog70.dll' version '2019.150.2000' to execute extended stored procedure 'xp_msver'. This is an informational message only; no user action is required."
"5/26/2026 7:16:06 AM","33090","Information","MSSQL$SQLEXPRESS","Attempting to load library 'xplog70.dll' into memory. This is an informational message only. No user action is required."
"5/26/2026 7:15:44 AM","1","Information","MSSQL$SQLEXPRESS","None"
"5/26/2026 7:13:06 AM","8224","Information","VSS","The VSS service is shutting down due to idle timeout. "
"5/26/2026 7:13:04 AM","16384","Information","Microsoft-Windows-Security-SPP","Successfully scheduled Software Protection service for re-start at 2026-10-10T14:33:04Z. Reason: RulesEngine."
"5/26/2026 7:12:36 AM","0","Information","edgeupdate","Service stopped."
"5/26/2026 7:12:34 AM","16394","Information","Microsoft-Windows-Security-SPP","Offline downlevel migration succeeded."
"5/26/2026 7:12:34 AM","900","Information","Microsoft-Windows-Security-SPP","The Software Protection service is starting.
Parameters:<explicit>"
"5/26/2026 7:11:18 AM","1032","Information","IIS AspNetCore Module V2","Application 'C:\inetpub\ScaffoldPortal\' started successfully."
"5/26/2026 7:11:18 AM","49930","Information","MSSQL$SQLEXPRESS","Parallel redo is shutdown for database 'ScaffoldPortal' with worker pool size [1]."
"5/26/2026 7:11:18 AM","49930","Information","MSSQL$SQLEXPRESS","Parallel redo is started for database 'ScaffoldPortal' with worker pool size [1]."
"5/26/2026 7:11:18 AM","17137","Information","MSSQL$SQLEXPRESS","Starting up database 'ScaffoldPortal'."
"5/26/2026 7:11:10 AM","6000","Information","Microsoft-Windows-Winlogon","The winlogon notification subscriber <SessionEnv> was unavailable to handle a notification event."
"5/26/2026 7:11:10 AM","6003","Information","Microsoft-Windows-Winlogon","The winlogon notification subscriber <SessionEnv> was unavailable to handle a critical notification event."
"5/26/2026 7:10:56 AM","1704","Information","SceCli","Security policy in the Group policy objects has been applied successfully."
"5/26/2026 7:10:44 AM","26","Information","Microsoft-Windows-CertificationAuthority","Active Directory Certificate Services for scaffold-DC-CA was started.  DC=dc.scaffold.htb"
"5/26/2026 7:10:39 AM","256","Information","WDSServer","The Windows Deployment Services server started successfully. 
"
"5/26/2026 7:10:39 AM","517","Information","WDSServer","Provider WDSPXE loaded from C:\Windows\system32\wdspxe.dll and initialized successfully."
"5/26/2026 7:10:39 AM","777","Information","WDSPXE","Rogue detection has been disabled for this server. The Windows Deployment  Services server is authorized as a valid DHCP/PXE server and will process incoming client requests."
"5/26/2026 7:10:39 AM","262","Information","WDSPXE","Provider WDSDCPXE was loaded from C:\Windows\system32\wdsdcpxe.dll and initialized successfully."
"5/26/2026 7:10:39 AM","1305","Information","BINLSVC","Combined BCD file x64uefi{019662E0-17ED-4E97-94F4-5972A1024EDE}.bcd generated successfully for the x64uefi architecture."
"5/26/2026 7:10:39 AM","1305","Information","BINLSVC","Combined BCD file x86uefi{A5FA9408-8366-4410-A8CC-6B698358A417}.bcd generated successfully for the x86uefi architecture."
"5/26/2026 7:10:39 AM","1305","Information","BINLSVC","Combined BCD file arm{09782C3F-CD9C-45B4-9B38-522087387D1B}.bcd generated successfully for the arm architecture."
"5/26/2026 7:10:39 AM","1305","Information","BINLSVC","Combined BCD file x86x64{D222D426-919A-4BE8-9386-8D5A0EEB9D6A}.bcd generated successfully for the x86x64 architecture."
"5/26/2026 7:10:39 AM","1305","Information","BINLSVC","Combined BCD file arm64{9D82CB30-3F8C-4909-A3D0-3D9F27D9E8C5}.bcd generated successfully for the arm64 architecture."
"5/26/2026 7:10:39 AM","1305","Information","BINLSVC","Combined BCD file x64{B5CBE9B7-74B0-4AA4-82A1-42E5E24432E8}.bcd generated successfully for the x64 architecture."
"5/26/2026 7:10:39 AM","1305","Information","BINLSVC","Combined BCD file x86{8F4115CA-4E11-4143-977F-49C80610AB34}.bcd generated successfully for the x86 architecture."
"5/26/2026 7:10:39 AM","326","Information","ESENT","svchost (3128,D,50) AAP: The database engine attached a database (5, C:\RemoteInstall\Mgmt\binlsvcdb.mdb). (Time=0 seconds) 
 
Saved Cache: 1 0 
Additional Data: lgposAttach = 00000001:007B:0268,
dbv = 1568.180.400 (9360) 
 
Internal Timing Sequence: 
[1] 0.000001 +J(0)
[2] 0.000220 -0.000084 (1) WT +J(0) +M(C:0K, Fs:24, WS:32K # 0K, PF:32K # 0K, P:32K)
[3] 0.001433 -0.000380 (6) WT +J(CM:0, PgRf:0, Rd:0/0, Dy:0/0, Lg:3480/2) +M(C:0K, Fs:13, WS:20K # 0K, PF:20K # 0K, P:20K)
[4] 0.000079 +J(0)
[5] -
[6] -
[7] -
[8] 0.000247 +J(CM:0, PgRf:2, Rd:14/0, Dy:0/0, Lg:54/1) +M(C:48K, Fs:77, WS:308K # 0K, PF:68K # 0K, P:68K)
[9] 0.000614 -0.000509 (2) CM -0.000477 (2) WT +J(CM:2, PgRf:16, Rd:0/1, Dy:0/0, Lg:0/0) +M(C:-80K, Fs:0, WS:-80K # 0K, PF:-80K # 0K, P:-80K)
[10] 0.000144 -0.000091 (1) CM -0.000071 (1) WT +J(CM:1, PgRf:35, Rd:0/1, Dy:0/0, Lg:0/0) +M(C:68K, Fs:8, WS:4K # 0K, PF:68K # 0K, P:68K)
[11] 0.000004 +J(CM:0, PgRf:1, Rd:0/0, Dy:0/0, Lg:0/0)
[12] 0.000014 +J(CM:0, PgRf:42, Rd:0/0, Dy:0/0, Lg:0/0)
[13] 0.0 +J(0)
[14] 0.0 +J(0)
[15] 0.000001 +J(CM:0, PgRf:1, Rd:0/0, Dy:0/0, Lg:0/0)."
"5/26/2026 7:10:39 AM","105","Information","ESENT","svchost (3128,D,0) AAP: The database engine started a new instance (2). (Time=0 seconds) 
 
Additional Data:
 lgposV2[] = 00000001:0001:0000 - 00000001:0078:02FB - 00000001:0079:0000 - 00000001:0079:0000 (00000000:0000:0000)
cReInits = 29
 
 
Internal Timing Sequence: 
[1] -
[2] -
[3] 0.000089 +J(0) +M(C:0K, Fs:3, WS:12K # 0K, PF:0K # 0K, P:0K)
[4] 0.000059 +J(0) +M(C:0K, Fs:9, WS:36K # 0K, PF:136K # 0K, P:136K)
[5] 0.000315 +J(0) +M(C:0K, Fs:3, WS:12K # 0K, PF:0K # 0K, P:0K)
[6] 0.000752 +J(0) +M(C:0K, Fs:3, WS:12K # 0K, PF:20K # 0K, P:20K)
[7] 0.003840 -0.001821 (11) WT +J(0) +M(C:0K, Fs:1283, WS:5120K # 1868K, PF:5132K # 1104K, P:5132K)
[8] 0.013036 -0.004856 (47) WT +J(CM:0, PgRf:0, Rd:0/0, Dy:0/0, Lg:486654/1121) +M(C:0K, Fs:745, WS:188K # 232K, PF:60K # 104K, P:60K)
[9] 0.000358 +J(0)
[10] 0.002623 -0.001325 (10) WT +J(0) +M(C:0K, Fs:0, WS:-5116K # 0K, PF:-5128K # 0K, P:-5128K)
[11] 0.000012 +J(CM:0, PgRf:0, Rd:0/0, Dy:0/0, Lg:49/1) +M(C:0K, Fs:1, WS:4K # 0K, PF:0K # 0K, P:0K)
[12] 0.000029 +J(0)
[13] 0.009680 -0.000230 (2) CM -0.003075 (30) WT +J(CM:2, PgRf:2, Rd:0/2, Dy:0/0, Lg:8759/5) +M(C:-56K, Fs:1330, WS:-48K # 0K, PF:-112K # 0K, P:-112K)
[14] 0.000012 +J(0)
[15] 0.000010 +J(0)
[16] 0.000319 -0.000191 (1) WT +J(0) +M(C:0K, Fs:2, WS:0K # 0K, PF:0K # 0K, P:0K)."
"5/26/2026 7:10:39 AM","302","Information","ESENT","svchost (3128,U,98) AAP: The database engine has successfully completed recovery steps."
"5/26/2026 7:10:39 AM","301","Information","ESENT","svchost (3128,R,98) AAP: The database engine has finished replaying logfile C:\RemoteInstall\Mgmt\AAP.log. 
 
Processing Stats: 
[1] 0.012219 -0.004645 (44) WT +J(CM:0, PgRf:0, Rd:0/0, Dy:0/0, Lg:486654/1121) +M(C:0K, Fs:709, WS:52K # 96K, PF:52K # 88K, P:52K). 
Log record of type 'Insert   ' was seen most frequently (326 times)"
"5/26/2026 7:10:39 AM","335","Information","ESENT","svchost (3128,R,98) AAP: Replay of a Create for database ""C:\RemoteInstall\Mgmt\binlsvcdb.mdb"" at log position (00000001,0001,0268) was deferred due to AttachFuture.  Additional information:  "
"5/26/2026 7:10:39 AM","300","Information","ESENT","svchost (3128,R,98) AAP: The database engine is initiating recovery steps."
"5/26/2026 7:10:39 AM","102","Information","ESENT","svchost (3128,P,98) AAP: The database engine (10.00.20348.0000) is starting a new instance (2)."
"5/26/2026 7:10:39 AM","517","Information","WDSServer","Provider WdsImgSrv loaded from C:\Windows\system32\WdsImgSrv.dll and initialized successfully."
"5/26/2026 7:10:39 AM","256","Information","WDSIMGSRV","The Windows Deployment Services image server initialized successfully. 
"
"5/26/2026 7:10:35 AM","903","Information","Microsoft-Windows-Security-SPP","The Software Protection service has stopped.
"
