"9/7/2026 7:27:55 PM","201","Information","Microsoft-Windows-TaskScheduler","Task Scheduler successfully completed task ""\Microsoft\Windows\PI\Sqm-Tasks"" , instance ""{26e609c2-9c67-4cec-94cc-576f690a58c9}"" , action ""TPM Maintenance Task Handler"" with return code 0."
"9/7/2026 7:27:55 PM","103","Error","Microsoft-Windows-TaskScheduler","Task Scheduler failed to start instance ""{0b1594d0-50ba-4601-ad0b-9bfcad2f2bfc}"" of ""\Microsoft\Windows\DiskFootprint\StorageSense""  task for user ""NT AUTHORITY\SYSTEM"" . Additional Data: Error Value: 2147746132."
"9/7/2026 7:27:55 PM","202","Error","Microsoft-Windows-TaskScheduler","Task Scheduler failed to complete task ""\Microsoft\Windows\DiskFootprint\StorageSense"" , instance ""{0b1594d0-50ba-4601-ad0b-9bfcad2f2bfc}"" , action ""StorageUsage State Reporter Task Handler"" . Additional Data: Error Value: 2147746132."
"9/7/2026 7:27:54 PM","103","Error","Microsoft-Windows-TaskScheduler","Task Scheduler failed to start instance ""{61a2db80-1fb0-402e-a3ce-afaefbc1f73d}"" of ""\Microsoft\Windows\Servicing\StartComponentCleanup""  task for user ""NT AUTHORITY\SYSTEM"" . Additional Data: Error Value: 2147943458."
"9/7/2026 7:27:54 PM","202","Error","Microsoft-Windows-TaskScheduler","Task Scheduler failed to complete task ""\Microsoft\Windows\Servicing\StartComponentCleanup"" , instance ""{61a2db80-1fb0-402e-a3ce-afaefbc1f73d}"" , action ""Component Based Servicing Session"" . Additional Data: Error Value: 2147943458."
"9/7/2026 7:27:54 PM","102","Information","Microsoft-Windows-TaskScheduler","Task Scheduler successfully finished ""{532ad9e4-a5e8-45ff-ac17-8bff8ff6876c}"" instance of the ""\Microsoft\Windows\ApplicationData\CleanupTemporaryState"" task for user ""NT AUTHORITY\SYSTEM""."
"9/7/2026 7:27:54 PM","201","Information","Microsoft-Windows-TaskScheduler","Task Scheduler successfully completed task ""\Microsoft\Windows\ApplicationData\CleanupTemporaryState"" , instance ""{532ad9e4-a5e8-45ff-ac17-8bff8ff6876c}"" , action ""%windir%\system32\rundll32.exe"" with return code 0."
"9/7/2026 7:27:54 PM","102","Information","Microsoft-Windows-TaskScheduler","Task Scheduler successfully finished ""{8c4eee72-09fe-4b01-b1e9-939cf8979abe}"" instance of the ""\Microsoft\Windows\Shell\IndexerAutomaticMaintenance"" task for user ""(NONE)""."
"9/7/2026 7:27:54 PM","201","Information","Microsoft-Windows-TaskScheduler","Task Scheduler successfully completed task ""\Microsoft\Windows\Shell\IndexerAutomaticMaintenance"" , instance ""{8c4eee72-09fe-4b01-b1e9-939cf8979abe}"" , action ""Automatic Maintenance task to enable Windows Search to make progress while in Connected Standby"" with return code 2147942401."
"9/7/2026 7:27:54 PM","102","Information","Microsoft-Windows-TaskScheduler","Task Scheduler successfully finished ""{0a06c443-da40-416c-b307-e870f7d957f6}"" instance of the ""\Microsoft\Windows\License Manager\TempSignedLicenseExchange"" task for user ""SCAFFOLD\Administrator""."
"9/7/2026 7:27:54 PM","201","Information","Microsoft-Windows-TaskScheduler","Task Scheduler successfully completed task ""\Microsoft\Windows\License Manager\TempSignedLicenseExchange"" , instance ""{0a06c443-da40-416c-b307-e870f7d957f6}"" , action ""TempSignedLicenseExchangeTask"" with return code 0."
"9/7/2026 7:27:54 PM","102","Information","Microsoft-Windows-TaskScheduler","Task Scheduler successfully finished ""{936ed54d-e7b6-43f6-929f-e83a927b5004}"" instance of the ""\Microsoft\Windows\Application Experience\StartupAppTask"" task for user ""SCAFFOLD\Administrator""."
"9/7/2026 7:27:54 PM","201","Information","Microsoft-Windows-TaskScheduler","Task Scheduler successfully completed task ""\Microsoft\Windows\Application Experience\StartupAppTask"" , instance ""{936ed54d-e7b6-43f6-929f-e83a927b5004}"" , action ""%windir%\system32\rundll32.exe"" with return code 0."
"9/7/2026 7:27:53 PM","102","Information","Microsoft-Windows-TaskScheduler","Task Scheduler successfully finished ""{27bbdba1-d36b-4391-b5c7-240b6263c250}"" instance of the ""\Microsoft\Windows\Device Setup\Metadata Refresh"" task for user ""SCAFFOLD\Administrator""."
"9/7/2026 7:27:53 PM","201","Information","Microsoft-Windows-TaskScheduler","Task Scheduler successfully completed task ""\Microsoft\Windows\Device Setup\Metadata Refresh"" , instance ""{27bbdba1-d36b-4391-b5c7-240b6263c250}"" , action ""DsmRefreshTask Class"" with return code 0."
"9/7/2026 7:27:53 PM","200","Information","Microsoft-Windows-TaskScheduler","Task Scheduler launched action ""%windir%\system32\cleanmgr.exe"" in instance ""{571eaf7d-0d08-4393-9f69-f720d94a6ba2}"" of task ""\Microsoft\Windows\DiskCleanup\SilentCleanup""."
"9/7/2026 7:27:53 PM","100","Information","Microsoft-Windows-TaskScheduler","Task Scheduler started ""{571eaf7d-0d08-4393-9f69-f720d94a6ba2}"" instance of the ""\Microsoft\Windows\DiskCleanup\SilentCleanup"" task for user ""SCAFFOLD\Administrator""."
"9/7/2026 7:27:53 PM","129","Information","Microsoft-Windows-TaskScheduler","Task Scheduler launch task ""\Microsoft\Windows\DiskCleanup\SilentCleanup"" , instance ""%windir%\system32\cleanmgr.exe""  with process ID 672."
"9/7/2026 7:27:53 PM","325","Warning","Microsoft-Windows-TaskScheduler","Task Scheduler queued instance ""{f8d0630a-1ca6-403b-84b9-fc19e74c565b}""  of task ""\Microsoft\Windows\Power Efficiency Diagnostics\AnalyzeSystem""."
"9/7/2026 7:27:53 PM","325","Warning","Microsoft-Windows-TaskScheduler","Task Scheduler queued instance ""{3ed6b977-3909-48c3-8135-645bc9c58dc1}""  of task ""\Microsoft\Windows\Maintenance\WinSAT""."
"9/7/2026 7:27:53 PM","200","Information","Microsoft-Windows-TaskScheduler","Task Scheduler launched action ""%windir%\system32\compattelrunner.exe"" in instance ""{659eeaa5-fcc1-45b5-bcf1-97952e9c0b89}"" of task ""\Microsoft\Windows\Application Experience\ProgramDataUpdater""."
"9/7/2026 7:27:53 PM","100","Information","Microsoft-Windows-TaskScheduler","Task Scheduler started ""{659eeaa5-fcc1-45b5-bcf1-97952e9c0b89}"" instance of the ""\Microsoft\Windows\Application Experience\ProgramDataUpdater"" task for user ""NT AUTHORITY\SYSTEM""."
"9/7/2026 7:27:53 PM","129","Information","Microsoft-Windows-TaskScheduler","Task Scheduler launch task ""\Microsoft\Windows\Application Experience\ProgramDataUpdater"" , instance ""%windir%\system32\compattelrunner.exe""  with process ID 7124."
"9/7/2026 7:27:53 PM","200","Information","Microsoft-Windows-TaskScheduler","Task Scheduler launched action ""TempSignedLicenseExchangeTask"" in instance ""{0a06c443-da40-416c-b307-e870f7d957f6}"" of task ""\Microsoft\Windows\License Manager\TempSignedLicenseExchange""."
"9/7/2026 7:27:53 PM","100","Information","Microsoft-Windows-TaskScheduler","Task Scheduler started ""{0a06c443-da40-416c-b307-e870f7d957f6}"" instance of the ""\Microsoft\Windows\License Manager\TempSignedLicenseExchange"" task for user ""SCAFFOLD\Administrator""."
"9/7/2026 7:27:53 PM","200","Information","Microsoft-Windows-TaskScheduler","Task Scheduler launched action ""%windir%\system32\disksnapshot.exe"" in instance ""{e9865e02-f007-4faf-bbac-33b634d295ba}"" of task ""\Microsoft\Windows\DiskFootprint\Diagnostics""."
"9/7/2026 7:27:53 PM","100","Information","Microsoft-Windows-TaskScheduler","Task Scheduler started ""{e9865e02-f007-4faf-bbac-33b634d295ba}"" instance of the ""\Microsoft\Windows\DiskFootprint\Diagnostics"" task for user ""NT AUTHORITY\SYSTEM""."
"9/7/2026 7:27:53 PM","129","Information","Microsoft-Windows-TaskScheduler","Task Scheduler launch task ""\Microsoft\Windows\DiskFootprint\Diagnostics"" , instance ""%windir%\system32\disksnapshot.exe""  with process ID 6816."
"9/7/2026 7:27:53 PM","200","Information","Microsoft-Windows-TaskScheduler","Task Scheduler launched action ""Automatic Maintenance task to enable Windows Search to make progress while in Connected Standby"" in instance ""{8c4eee72-09fe-4b01-b1e9-939cf8979abe}"" of task ""\Microsoft\Windows\Shell\IndexerAutomaticMaintenance""."
"9/7/2026 7:27:53 PM","100","Information","Microsoft-Windows-TaskScheduler","Task Scheduler started ""{8c4eee72-09fe-4b01-b1e9-939cf8979abe}"" instance of the ""\Microsoft\Windows\Shell\IndexerAutomaticMaintenance"" task for user ""(NONE)""."
"9/7/2026 7:27:53 PM","129","Information","Microsoft-Windows-TaskScheduler","Task Scheduler launch task ""\Microsoft\Windows\Shell\IndexerAutomaticMaintenance"" , instance ""taskhostw.exe""  with process ID 4264."
"9/7/2026 7:27:53 PM","200","Information","Microsoft-Windows-TaskScheduler","Task Scheduler launched action ""Proactive Scan"" in instance ""{6a43ef30-c9d7-46ca-b9ad-d5dba68f94e3}"" of task ""\Microsoft\Windows\Chkdsk\ProactiveScan""."
"9/7/2026 7:27:53 PM","100","Information","Microsoft-Windows-TaskScheduler","Task Scheduler started ""{6a43ef30-c9d7-46ca-b9ad-d5dba68f94e3}"" instance of the ""\Microsoft\Windows\Chkdsk\ProactiveScan"" task for user ""NT AUTHORITY\SYSTEM""."
"9/7/2026 7:27:53 PM","200","Information","Microsoft-Windows-TaskScheduler","Task Scheduler launched action ""%windir%\system32\sc.exe"" in instance ""{8afaefb6-2d11-48a4-ad7b-89e6319f5f54}"" of task ""\Microsoft\Windows\Time Synchronization\SynchronizeTime""."
"9/7/2026 7:27:53 PM","100","Information","Microsoft-Windows-TaskScheduler","Task Scheduler started ""{8afaefb6-2d11-48a4-ad7b-89e6319f5f54}"" instance of the ""\Microsoft\Windows\Time Synchronization\SynchronizeTime"" task for user ""(NONE)""."
"9/7/2026 7:27:53 PM","129","Information","Microsoft-Windows-TaskScheduler","Task Scheduler launch task ""\Microsoft\Windows\Time Synchronization\SynchronizeTime"" , instance ""%windir%\system32\sc.exe""  with process ID 3340."
"9/7/2026 7:27:53 PM","200","Information","Microsoft-Windows-TaskScheduler","Task Scheduler launched action ""%windir%\system32\dstokenclean.exe"" in instance ""{8e7f894c-b8a4-400f-be82-0dd8c1e0021a}"" of task ""\Microsoft\Windows\ApplicationData\DsSvcCleanup""."
"9/7/2026 7:27:53 PM","100","Information","Microsoft-Windows-TaskScheduler","Task Scheduler started ""{8e7f894c-b8a4-400f-be82-0dd8c1e0021a}"" instance of the ""\Microsoft\Windows\ApplicationData\DsSvcCleanup"" task for user ""NT AUTHORITY\SYSTEM""."
"9/7/2026 7:27:53 PM","129","Information","Microsoft-Windows-TaskScheduler","Task Scheduler launch task ""\Microsoft\Windows\ApplicationData\DsSvcCleanup"" , instance ""%windir%\system32\dstokenclean.exe""  with process ID 1900."
"9/7/2026 7:27:53 PM","200","Information","Microsoft-Windows-TaskScheduler","Task Scheduler launched action ""%windir%\system32\lpremove.exe"" in instance ""{a4c09979-f4e6-44bb-b759-44860703f52c}"" of task ""\Microsoft\Windows\MUI\LPRemove""."
"9/7/2026 7:27:53 PM","100","Information","Microsoft-Windows-TaskScheduler","Task Scheduler started ""{a4c09979-f4e6-44bb-b759-44860703f52c}"" instance of the ""\Microsoft\Windows\MUI\LPRemove"" task for user ""NT AUTHORITY\SYSTEM""."
"9/7/2026 7:27:53 PM","129","Information","Microsoft-Windows-TaskScheduler","Task Scheduler launch task ""\Microsoft\Windows\MUI\LPRemove"" , instance ""%windir%\system32\lpremove.exe""  with process ID 4088."
"9/7/2026 7:27:53 PM","200","Information","Microsoft-Windows-TaskScheduler","Task Scheduler launched action ""%windir%\system32\rundll32.exe"" in instance ""{7fa46e13-ea0e-4369-885b-9c7d53ed48ca}"" of task ""\Microsoft\Windows\StateRepository\MaintenanceTasks""."
"9/7/2026 7:27:53 PM","100","Information","Microsoft-Windows-TaskScheduler","Task Scheduler started ""{7fa46e13-ea0e-4369-885b-9c7d53ed48ca}"" instance of the ""\Microsoft\Windows\StateRepository\MaintenanceTasks"" task for user ""NT AUTHORITY\SYSTEM""."
"9/7/2026 7:27:53 PM","129","Information","Microsoft-Windows-TaskScheduler","Task Scheduler launch task ""\Microsoft\Windows\StateRepository\MaintenanceTasks"" , instance ""%windir%\system32\rundll32.exe""  with process ID 1280."
"9/7/2026 7:27:53 PM","200","Information","Microsoft-Windows-TaskScheduler","Task Scheduler launched action ""StorageUsage State Reporter Task Handler"" in instance ""{0b1594d0-50ba-4601-ad0b-9bfcad2f2bfc}"" of task ""\Microsoft\Windows\DiskFootprint\StorageSense""."
"9/7/2026 7:27:53 PM","100","Information","Microsoft-Windows-TaskScheduler","Task Scheduler started ""{0b1594d0-50ba-4601-ad0b-9bfcad2f2bfc}"" instance of the ""\Microsoft\Windows\DiskFootprint\StorageSense"" task for user ""NT AUTHORITY\SYSTEM""."
"9/7/2026 7:27:53 PM","200","Information","Microsoft-Windows-TaskScheduler","Task Scheduler launched action ""TPM Maintenance Task Handler"" in instance ""{26e609c2-9c67-4cec-94cc-576f690a58c9}"" of task ""\Microsoft\Windows\PI\Sqm-Tasks""."
"9/7/2026 7:27:53 PM","100","Information","Microsoft-Windows-TaskScheduler","Task Scheduler started ""{26e609c2-9c67-4cec-94cc-576f690a58c9}"" instance of the ""\Microsoft\Windows\PI\Sqm-Tasks"" task for user ""NT AUTHORITY\SYSTEM""."
"9/7/2026 7:27:53 PM","200","Information","Microsoft-Windows-TaskScheduler","Task Scheduler launched action ""Component Based Servicing Session"" in instance ""{61a2db80-1fb0-402e-a3ce-afaefbc1f73d}"" of task ""\Microsoft\Windows\Servicing\StartComponentCleanup""."
"9/7/2026 7:27:53 PM","100","Information","Microsoft-Windows-TaskScheduler","Task Scheduler started ""{61a2db80-1fb0-402e-a3ce-afaefbc1f73d}"" instance of the ""\Microsoft\Windows\Servicing\StartComponentCleanup"" task for user ""NT AUTHORITY\SYSTEM""."
"9/7/2026 7:27:53 PM","200","Information","Microsoft-Windows-TaskScheduler","Task Scheduler launched action ""%windir%\system32\defrag.exe"" in instance ""{87420129-b070-4125-9c6b-df110e076085}"" of task ""\Microsoft\Windows\Defrag\ScheduledDefrag""."
"9/7/2026 7:27:53 PM","100","Information","Microsoft-Windows-TaskScheduler","Task Scheduler started ""{87420129-b070-4125-9c6b-df110e076085}"" instance of the ""\Microsoft\Windows\Defrag\ScheduledDefrag"" task for user ""NT AUTHORITY\SYSTEM""."
"9/7/2026 7:27:53 PM","129","Information","Microsoft-Windows-TaskScheduler","Task Scheduler launch task ""\Microsoft\Windows\Defrag\ScheduledDefrag"" , instance ""%windir%\system32\defrag.exe""  with process ID 3216."
"9/7/2026 7:27:53 PM","200","Information","Microsoft-Windows-TaskScheduler","Task Scheduler launched action ""%windir%\system32\rundll32.exe"" in instance ""{532ad9e4-a5e8-45ff-ac17-8bff8ff6876c}"" of task ""\Microsoft\Windows\ApplicationData\CleanupTemporaryState""."
"9/7/2026 7:27:53 PM","100","Information","Microsoft-Windows-TaskScheduler","Task Scheduler started ""{532ad9e4-a5e8-45ff-ac17-8bff8ff6876c}"" instance of the ""\Microsoft\Windows\ApplicationData\CleanupTemporaryState"" task for user ""NT AUTHORITY\SYSTEM""."
"9/7/2026 7:27:53 PM","129","Information","Microsoft-Windows-TaskScheduler","Task Scheduler launch task ""\Microsoft\Windows\ApplicationData\CleanupTemporaryState"" , instance ""%windir%\system32\rundll32.exe""  with process ID 2696."
"9/7/2026 7:27:53 PM","200","Information","Microsoft-Windows-TaskScheduler","Task Scheduler launched action ""%windir%\system32\tzsync.exe"" in instance ""{0c9a197b-f3be-4061-bdca-ebe1550e08c7}"" of task ""\Microsoft\Windows\Time Zone\SynchronizeTimeZone""."
"9/7/2026 7:27:53 PM","100","Information","Microsoft-Windows-TaskScheduler","Task Scheduler started ""{0c9a197b-f3be-4061-bdca-ebe1550e08c7}"" instance of the ""\Microsoft\Windows\Time Zone\SynchronizeTimeZone"" task for user ""NT AUTHORITY\SYSTEM""."
"9/7/2026 7:27:53 PM","129","Information","Microsoft-Windows-TaskScheduler","Task Scheduler launch task ""\Microsoft\Windows\Time Zone\SynchronizeTimeZone"" , instance ""%windir%\system32\tzsync.exe""  with process ID 5856."
"9/7/2026 7:27:53 PM","200","Information","Microsoft-Windows-TaskScheduler","Task Scheduler launched action ""%windir%\system32\rundll32.exe"" in instance ""{936ed54d-e7b6-43f6-929f-e83a927b5004}"" of task ""\Microsoft\Windows\Application Experience\StartupAppTask""."
"9/7/2026 7:27:53 PM","100","Information","Microsoft-Windows-TaskScheduler","Task Scheduler started ""{936ed54d-e7b6-43f6-929f-e83a927b5004}"" instance of the ""\Microsoft\Windows\Application Experience\StartupAppTask"" task for user ""SCAFFOLD\Administrator""."
"9/7/2026 7:27:53 PM","129","Information","Microsoft-Windows-TaskScheduler","Task Scheduler launch task ""\Microsoft\Windows\Application Experience\StartupAppTask"" , instance ""%windir%\system32\rundll32.exe""  with process ID 1240."
"9/7/2026 7:27:53 PM","200","Information","Microsoft-Windows-TaskScheduler","Task Scheduler launched action ""UsbCeip"" in instance ""{e894b727-19a8-4b83-b8c6-e9ba7145da4e}"" of task ""\Microsoft\Windows\Customer Experience Improvement Program\UsbCeip""."
"9/7/2026 7:27:53 PM","100","Information","Microsoft-Windows-TaskScheduler","Task Scheduler started ""{e894b727-19a8-4b83-b8c6-e9ba7145da4e}"" instance of the ""\Microsoft\Windows\Customer Experience Improvement Program\UsbCeip"" task for user ""NT AUTHORITY\SYSTEM""."
"9/7/2026 7:27:53 PM","129","Information","Microsoft-Windows-TaskScheduler","Task Scheduler launch task ""\Microsoft\Windows\Customer Experience Improvement Program\UsbCeip"" , instance ""taskhostw.exe""  with process ID 4764."
"9/7/2026 7:27:53 PM","200","Information","Microsoft-Windows-TaskScheduler","Task Scheduler launched action ""%systemroot%\system32\usoclient.exe"" in instance ""{4cef3ee9-05c0-435f-8c36-3752baf27417}"" of task ""\Microsoft\Windows\UpdateOrchestrator\Report policies""."
"9/7/2026 7:27:53 PM","100","Information","Microsoft-Windows-TaskScheduler","Task Scheduler started ""{4cef3ee9-05c0-435f-8c36-3752baf27417}"" instance of the ""\Microsoft\Windows\UpdateOrchestrator\Report policies"" task for user ""NT AUTHORITY\SYSTEM""."
"9/7/2026 7:27:53 PM","129","Information","Microsoft-Windows-TaskScheduler","Task Scheduler launch task ""\Microsoft\Windows\UpdateOrchestrator\Report policies"" , instance ""%systemroot%\system32\usoclient.exe""  with process ID 2788."
"9/7/2026 7:27:53 PM","200","Information","Microsoft-Windows-TaskScheduler","Task Scheduler launched action ""ScheduledDiagnosticCustomHandler"" in instance ""{4f49606c-77dd-4067-b6c0-71b352923698}"" of task ""\Microsoft\Windows\Diagnosis\Scheduled""."
"9/7/2026 7:27:53 PM","100","Information","Microsoft-Windows-TaskScheduler","Task Scheduler started ""{4f49606c-77dd-4067-b6c0-71b352923698}"" instance of the ""\Microsoft\Windows\Diagnosis\Scheduled"" task for user ""SCAFFOLD\Administrator""."
"9/7/2026 7:27:53 PM","200","Information","Microsoft-Windows-TaskScheduler","Task Scheduler launched action ""DsmRefreshTask Class"" in instance ""{27bbdba1-d36b-4391-b5c7-240b6263c250}"" of task ""\Microsoft\Windows\Device Setup\Metadata Refresh""."
"9/7/2026 7:27:53 PM","100","Information","Microsoft-Windows-TaskScheduler","Task Scheduler started ""{27bbdba1-d36b-4391-b5c7-240b6263c250}"" instance of the ""\Microsoft\Windows\Device Setup\Metadata Refresh"" task for user ""SCAFFOLD\Administrator""."
"9/7/2026 7:27:53 PM","129","Information","Microsoft-Windows-TaskScheduler","Task Scheduler launch task ""\Microsoft\Windows\Device Setup\Metadata Refresh"" , instance ""taskhostw.exe""  with process ID 3548."
"9/7/2026 7:27:52 PM","102","Information","Microsoft-Windows-TaskScheduler","Task Scheduler successfully finished ""{f4e14188-8633-4671-865f-9edab1fef3c1}"" instance of the ""\Microsoft\Windows\Speech\SpeechModelDownloadTask"" task for user ""(NONE)""."
"9/7/2026 7:27:52 PM","201","Information","Microsoft-Windows-TaskScheduler","Task Scheduler successfully completed task ""\Microsoft\Windows\Speech\SpeechModelDownloadTask"" , instance ""{f4e14188-8633-4671-865f-9edab1fef3c1}"" , action ""%windir%\system32\speech_onecore\common\SpeechModelDownload.exe"" with return code 0."
"9/7/2026 7:27:52 PM","200","Information","Microsoft-Windows-TaskScheduler","Task Scheduler launched action ""%windir%\system32\speech_onecore\common\SpeechModelDownload.exe"" in instance ""{f4e14188-8633-4671-865f-9edab1fef3c1}"" of task ""\Microsoft\Windows\Speech\SpeechModelDownloadTask""."
"9/7/2026 7:27:52 PM","100","Information","Microsoft-Windows-TaskScheduler","Task Scheduler started ""{f4e14188-8633-4671-865f-9edab1fef3c1}"" instance of the ""\Microsoft\Windows\Speech\SpeechModelDownloadTask"" task for user ""(NONE)""."
"9/7/2026 7:27:52 PM","129","Information","Microsoft-Windows-TaskScheduler","Task Scheduler launch task ""\Microsoft\Windows\Speech\SpeechModelDownloadTask"" , instance ""%windir%\system32\speech_onecore\common\SpeechModelDownload.exe""  with process ID 2224."
"9/7/2026 7:27:52 PM","114","Warning","Microsoft-Windows-TaskScheduler","Task Scheduler could not launch task ""\Microsoft\Windows\Speech\SpeechModelDownloadTask""  as scheduled. Instance ""{f4e14188-8633-4671-865f-9edab1fef3c1}""  is started now as required by the configuration option to start the task when available, if schedule is missed."
"9/7/2026 7:26:43 PM","102","Information","Microsoft-Windows-TaskScheduler","Task Scheduler successfully finished ""{a665468e-7dfb-46d2-b094-c9cb72f684f7}"" instance of the ""\Scaffold\ScaffoldDeployEngine"" task for user ""NT AUTHORITY\SYSTEM""."
"9/7/2026 7:26:43 PM","201","Information","Microsoft-Windows-TaskScheduler","Task Scheduler successfully completed task ""\Scaffold\ScaffoldDeployEngine"" , instance ""{a665468e-7dfb-46d2-b094-c9cb72f684f7}"" , action ""powershell.exe"" with return code 0."
"9/7/2026 7:26:41 PM","200","Information","Microsoft-Windows-TaskScheduler","Task Scheduler launched action ""powershell.exe"" in instance ""{a665468e-7dfb-46d2-b094-c9cb72f684f7}"" of task ""\Scaffold\ScaffoldDeployEngine""."
"9/7/2026 7:26:41 PM","100","Information","Microsoft-Windows-TaskScheduler","Task Scheduler started ""{a665468e-7dfb-46d2-b094-c9cb72f684f7}"" instance of the ""\Scaffold\ScaffoldDeployEngine"" task for user ""NT AUTHORITY\SYSTEM""."
"9/7/2026 7:26:41 PM","129","Information","Microsoft-Windows-TaskScheduler","Task Scheduler launch task ""\Scaffold\ScaffoldDeployEngine"" , instance ""powershell.exe""  with process ID 1216."
"9/7/2026 7:26:41 PM","107","Information","Microsoft-Windows-TaskScheduler","Task Scheduler launched ""{a665468e-7dfb-46d2-b094-c9cb72f684f7}""  instance of task ""\Scaffold\ScaffoldDeployEngine"" due to a time trigger condition."
"9/7/2026 7:25:32 PM","110","Information","Microsoft-Windows-TaskScheduler","Task Scheduler launched ""{9ea4f41c-0b14-4539-8aa5-a687b6ff40cd}""  instance of task ""\Microsoft\Windows\WDI\ResolutionHost""  for user ""Administrator"" ."
"9/7/2026 7:25:32 PM","200","Information","Microsoft-Windows-TaskScheduler","Task Scheduler launched action ""DiagnosticInfrastructureCustomHandler"" in instance ""{9ea4f41c-0b14-4539-8aa5-a687b6ff40cd}"" of task ""\Microsoft\Windows\WDI\ResolutionHost""."
"9/7/2026 7:25:32 PM","100","Information","Microsoft-Windows-TaskScheduler","Task Scheduler started ""{9ea4f41c-0b14-4539-8aa5-a687b6ff40cd}"" instance of the ""\Microsoft\Windows\WDI\ResolutionHost"" task for user ""SCAFFOLD\Administrator""."
"9/7/2026 7:25:32 PM","129","Information","Microsoft-Windows-TaskScheduler","Task Scheduler launch task ""\Microsoft\Windows\WDI\ResolutionHost"" , instance ""taskhostw.exe""  with process ID 6848."
"9/7/2026 7:25:32 PM","325","Warning","Microsoft-Windows-TaskScheduler","Task Scheduler queued instance ""{9ea4f41c-0b14-4539-8aa5-a687b6ff40cd}""  of task ""\Microsoft\Windows\WDI\ResolutionHost""."
"9/7/2026 7:24:43 PM","102","Information","Microsoft-Windows-TaskScheduler","Task Scheduler successfully finished ""{60a9526e-a196-4206-8ee2-7ce9d86af4eb}"" instance of the ""\Scaffold\ScaffoldDeployEngine"" task for user ""NT AUTHORITY\SYSTEM""."
"9/7/2026 7:24:43 PM","201","Information","Microsoft-Windows-TaskScheduler","Task Scheduler successfully completed task ""\Scaffold\ScaffoldDeployEngine"" , instance ""{60a9526e-a196-4206-8ee2-7ce9d86af4eb}"" , action ""powershell.exe"" with return code 0."
"9/7/2026 7:24:41 PM","200","Information","Microsoft-Windows-TaskScheduler","Task Scheduler launched action ""powershell.exe"" in instance ""{60a9526e-a196-4206-8ee2-7ce9d86af4eb}"" of task ""\Scaffold\ScaffoldDeployEngine""."
"9/7/2026 7:24:41 PM","100","Information","Microsoft-Windows-TaskScheduler","Task Scheduler started ""{60a9526e-a196-4206-8ee2-7ce9d86af4eb}"" instance of the ""\Scaffold\ScaffoldDeployEngine"" task for user ""NT AUTHORITY\SYSTEM""."
"9/7/2026 7:24:41 PM","129","Information","Microsoft-Windows-TaskScheduler","Task Scheduler launch task ""\Scaffold\ScaffoldDeployEngine"" , instance ""powershell.exe""  with process ID 5784."
"9/7/2026 7:24:41 PM","107","Information","Microsoft-Windows-TaskScheduler","Task Scheduler launched ""{60a9526e-a196-4206-8ee2-7ce9d86af4eb}""  instance of task ""\Scaffold\ScaffoldDeployEngine"" due to a time trigger condition."
"9/7/2026 7:22:56 PM","140","Information","Microsoft-Windows-TaskScheduler","User ""SCAFFOLD\DC$""  updated Task Scheduler task ""\Microsoft\Windows\SoftwareProtectionPlatform\SvcRestartTask"""
"9/7/2026 7:22:44 PM","102","Information","Microsoft-Windows-TaskScheduler","Task Scheduler successfully finished ""{18301b73-cf28-4559-8615-be3f4309733b}"" instance of the ""\Scaffold\ScaffoldDeployEngine"" task for user ""NT AUTHORITY\SYSTEM""."
"9/7/2026 7:22:44 PM","201","Information","Microsoft-Windows-TaskScheduler","Task Scheduler successfully completed task ""\Scaffold\ScaffoldDeployEngine"" , instance ""{18301b73-cf28-4559-8615-be3f4309733b}"" , action ""powershell.exe"" with return code 0."
"9/7/2026 7:22:41 PM","200","Information","Microsoft-Windows-TaskScheduler","Task Scheduler launched action ""powershell.exe"" in instance ""{18301b73-cf28-4559-8615-be3f4309733b}"" of task ""\Scaffold\ScaffoldDeployEngine""."
"9/7/2026 7:22:41 PM","100","Information","Microsoft-Windows-TaskScheduler","Task Scheduler started ""{18301b73-cf28-4559-8615-be3f4309733b}"" instance of the ""\Scaffold\ScaffoldDeployEngine"" task for user ""NT AUTHORITY\SYSTEM""."
"9/7/2026 7:22:41 PM","129","Information","Microsoft-Windows-TaskScheduler","Task Scheduler launch task ""\Scaffold\ScaffoldDeployEngine"" , instance ""powershell.exe""  with process ID 2448."
"9/7/2026 7:22:41 PM","107","Information","Microsoft-Windows-TaskScheduler","Task Scheduler launched ""{18301b73-cf28-4559-8615-be3f4309733b}""  instance of task ""\Scaffold\ScaffoldDeployEngine"" due to a time trigger condition."
"9/7/2026 7:22:27 PM","103","Error","Microsoft-Windows-TaskScheduler","Task Scheduler failed to start instance ""{d6f9a9e3-0c50-4d79-8db9-9074819b9134}"" of ""\Microsoft\Windows\International\Synchronize Language Settings""  task for user ""SCAFFOLD\Administrator"" . Additional Data: Error Value: 2147746053."
"9/7/2026 7:22:27 PM","202","Error","Microsoft-Windows-TaskScheduler","Task Scheduler failed to complete task ""\Microsoft\Windows\International\Synchronize Language Settings"" , instance ""{d6f9a9e3-0c50-4d79-8db9-9074819b9134}"" , action ""Sync Language Data From Cloud Task"" . Additional Data: Error Value: 2147746053."
"9/7/2026 7:22:27 PM","102","Information","Microsoft-Windows-TaskScheduler","Task Scheduler successfully finished ""{4aa897f1-c8fd-4a14-8abd-4d02e5298320}"" instance of the ""\Microsoft\Windows\Device Information\Device"" task for user ""NT AUTHORITY\SYSTEM""."
"9/7/2026 7:22:27 PM","201","Information","Microsoft-Windows-TaskScheduler","Task Scheduler successfully completed task ""\Microsoft\Windows\Device Information\Device"" , instance ""{4aa897f1-c8fd-4a14-8abd-4d02e5298320}"" , action ""%windir%\system32\devicecensus.exe"" with return code 0."
"9/7/2026 7:22:27 PM","140","Information","Microsoft-Windows-TaskScheduler","User ""SCAFFOLD\DC$""  updated Task Scheduler task ""\Microsoft\Windows\Device Information\Device"""
"9/7/2026 7:22:27 PM","140","Information","Microsoft-Windows-TaskScheduler","User ""SCAFFOLD\DC$""  updated Task Scheduler task ""\Microsoft\Windows\Device Information\Device"""
"9/7/2026 7:22:23 PM","102","Information","Microsoft-Windows-TaskScheduler","Task Scheduler successfully finished ""{78d5987c-81a9-450c-b47c-45b14b079d71}"" instance of the ""\Microsoft\Windows\Workplace Join\Automatic-Device-Join"" task for user ""NT AUTHORITY\SYSTEM""."
"9/7/2026 7:22:23 PM","201","Information","Microsoft-Windows-TaskScheduler","Task Scheduler successfully completed task ""\Microsoft\Windows\Workplace Join\Automatic-Device-Join"" , instance ""{78d5987c-81a9-450c-b47c-45b14b079d71}"" , action ""%SystemRoot%\System32\dsregcmd.exe"" with return code 2147942401."
"9/7/2026 7:22:23 PM","200","Information","Microsoft-Windows-TaskScheduler","Task Scheduler launched action ""%SystemRoot%\System32\dsregcmd.exe"" in instance ""{78d5987c-81a9-450c-b47c-45b14b079d71}"" of task ""\Microsoft\Windows\Workplace Join\Automatic-Device-Join""."
"9/7/2026 7:22:23 PM","100","Information","Microsoft-Windows-TaskScheduler","Task Scheduler started ""{78d5987c-81a9-450c-b47c-45b14b079d71}"" instance of the ""\Microsoft\Windows\Workplace Join\Automatic-Device-Join"" task for user ""NT AUTHORITY\SYSTEM""."
"9/7/2026 7:22:23 PM","129","Information","Microsoft-Windows-TaskScheduler","Task Scheduler launch task ""\Microsoft\Windows\Workplace Join\Automatic-Device-Join"" , instance ""%SystemRoot%\System32\dsregcmd.exe""  with process ID 556."
"9/7/2026 7:22:23 PM","119","Information","Microsoft-Windows-TaskScheduler","Task Scheduler launched ""{78d5987c-81a9-450c-b47c-45b14b079d71}""  instance of task ""\Microsoft\Windows\Workplace Join\Automatic-Device-Join"" due to user ""SCAFFOLD\Administrator""  logon."
"9/7/2026 7:22:20 PM","103","Error","Microsoft-Windows-TaskScheduler","Task Scheduler failed to start instance ""{00364fd6-3936-49e5-aca2-bad0003e4b37}"" of ""\Microsoft\Windows\Flighting\OneSettings\RefreshCache""  task for user ""NT AUTHORITY\SYSTEM"" . Additional Data: Error Value: 2147954407."
"9/7/2026 7:22:20 PM","202","Error","Microsoft-Windows-TaskScheduler","Task Scheduler failed to complete task ""\Microsoft\Windows\Flighting\OneSettings\RefreshCache"" , instance ""{00364fd6-3936-49e5-aca2-bad0003e4b37}"" , action ""OneSettings Refresh Cache Task Handler"" . Additional Data: Error Value: 2147954407."
"9/7/2026 7:22:20 PM","102","Information","Microsoft-Windows-TaskScheduler","Task Scheduler successfully finished ""{13955d23-65a0-4678-b5ca-2a15332a3a78}"" instance of the ""\Microsoft\Windows\Application Experience\PcaPatchDbTask"" task for user ""NT AUTHORITY\SYSTEM""."
"9/7/2026 7:22:20 PM","201","Information","Microsoft-Windows-TaskScheduler","Task Scheduler successfully completed task ""\Microsoft\Windows\Application Experience\PcaPatchDbTask"" , instance ""{13955d23-65a0-4678-b5ca-2a15332a3a78}"" , action ""%windir%\system32\rundll32.exe"" with return code 0."
"9/7/2026 7:22:11 PM","102","Information","Microsoft-Windows-TaskScheduler","Task Scheduler successfully finished ""{379657d1-7dc6-4956-8756-3507a1aa3674}"" instance of the ""\Microsoft\Windows\Data Integrity Scan\Data Integrity Check And Scan"" task for user ""NT AUTHORITY\SYSTEM""."
"9/7/2026 7:22:11 PM","201","Information","Microsoft-Windows-TaskScheduler","Task Scheduler successfully completed task ""\Microsoft\Windows\Data Integrity Scan\Data Integrity Check And Scan"" , instance ""{379657d1-7dc6-4956-8756-3507a1aa3674}"" , action ""Data Integrity Scan"" with return code 0."
"9/7/2026 7:22:11 PM","140","Information","Microsoft-Windows-TaskScheduler","User ""SCAFFOLD\DC$""  updated Task Scheduler task ""\Microsoft\Windows\Data Integrity Scan\Data Integrity Check And Scan"""
"9/7/2026 7:22:11 PM","102","Information","Microsoft-Windows-TaskScheduler","Task Scheduler successfully finished ""{85e58ecd-a71b-44e5-8059-3bcf003b59ec}"" instance of the ""\Microsoft\Windows\UpdateOrchestrator\USO_UxBroker"" task for user ""NT AUTHORITY\SYSTEM""."
"9/7/2026 7:22:11 PM","201","Information","Microsoft-Windows-TaskScheduler","Task Scheduler successfully completed task ""\Microsoft\Windows\UpdateOrchestrator\USO_UxBroker"" , instance ""{85e58ecd-a71b-44e5-8059-3bcf003b59ec}"" , action ""%systemroot%\system32\MusNotification.exe"" with return code 2147943458."
"9/7/2026 7:22:11 PM","140","Information","Microsoft-Windows-TaskScheduler","User ""SCAFFOLD\DC$""  updated Task Scheduler task ""\Microsoft\Windows\Data Integrity Scan\Data Integrity Check And Scan"""
"9/7/2026 7:22:11 PM","102","Information","Microsoft-Windows-TaskScheduler","Task Scheduler successfully finished ""{2850132f-abf5-46f0-a3e2-769b66b87f68}"" instance of the ""\Microsoft\Windows\Windows Error Reporting\QueueReporting"" task for user ""NT AUTHORITY\SYSTEM""."
"9/7/2026 7:22:11 PM","201","Information","Microsoft-Windows-TaskScheduler","Task Scheduler successfully completed task ""\Microsoft\Windows\Windows Error Reporting\QueueReporting"" , instance ""{2850132f-abf5-46f0-a3e2-769b66b87f68}"" , action ""%windir%\system32\wermgr.exe"" with return code 0."
"9/7/2026 7:22:11 PM","102","Information","Microsoft-Windows-TaskScheduler","Task Scheduler successfully finished ""{dcc95e39-841f-4d13-9d5b-a105f756703e}"" instance of the ""\Microsoft\Windows\UpdateOrchestrator\Schedule Scan"" task for user ""NT AUTHORITY\SYSTEM""."
"9/7/2026 7:22:11 PM","201","Information","Microsoft-Windows-TaskScheduler","Task Scheduler successfully completed task ""\Microsoft\Windows\UpdateOrchestrator\Schedule Scan"" , instance ""{dcc95e39-841f-4d13-9d5b-a105f756703e}"" , action ""%systemroot%\system32\usoclient.exe"" with return code 0."
"9/7/2026 7:22:11 PM","102","Information","Microsoft-Windows-TaskScheduler","Task Scheduler successfully finished ""{407f436b-eb15-4d29-bd15-515b79548b64}"" instance of the ""\Microsoft\Windows\Customer Experience Improvement Program\Consolidator"" task for user ""NT AUTHORITY\SYSTEM""."
"9/7/2026 7:22:11 PM","201","Information","Microsoft-Windows-TaskScheduler","Task Scheduler successfully completed task ""\Microsoft\Windows\Customer Experience Improvement Program\Consolidator"" , instance ""{407f436b-eb15-4d29-bd15-515b79548b64}"" , action ""%SystemRoot%\System32\wsqmcons.exe"" with return code 0."
"9/7/2026 7:22:10 PM","200","Information","Microsoft-Windows-TaskScheduler","Task Scheduler launched action ""%windir%\system32\compattelrunner.exe"" in instance ""{dbeb1303-c62d-44aa-85a0-c1983567f84e}"" of task ""\Microsoft\Windows\Application Experience\Microsoft Compatibility Appraiser""."
"9/7/2026 7:22:10 PM","100","Information","Microsoft-Windows-TaskScheduler","Task Scheduler started ""{dbeb1303-c62d-44aa-85a0-c1983567f84e}"" instance of the ""\Microsoft\Windows\Application Experience\Microsoft Compatibility Appraiser"" task for user ""NT AUTHORITY\SYSTEM""."
"9/7/2026 7:22:10 PM","129","Information","Microsoft-Windows-TaskScheduler","Task Scheduler launch task ""\Microsoft\Windows\Application Experience\Microsoft Compatibility Appraiser"" , instance ""%windir%\system32\compattelrunner.exe""  with process ID 7020."
"9/7/2026 7:22:10 PM","200","Information","Microsoft-Windows-TaskScheduler","Task Scheduler launched action ""%windir%\system32\rundll32.exe"" in instance ""{13955d23-65a0-4678-b5ca-2a15332a3a78}"" of task ""\Microsoft\Windows\Application Experience\PcaPatchDbTask""."
"9/7/2026 7:22:10 PM","100","Information","Microsoft-Windows-TaskScheduler","Task Scheduler started ""{13955d23-65a0-4678-b5ca-2a15332a3a78}"" instance of the ""\Microsoft\Windows\Application Experience\PcaPatchDbTask"" task for user ""NT AUTHORITY\SYSTEM""."
"9/7/2026 7:22:10 PM","129","Information","Microsoft-Windows-TaskScheduler","Task Scheduler launch task ""\Microsoft\Windows\Application Experience\PcaPatchDbTask"" , instance ""%windir%\system32\rundll32.exe""  with process ID 7012."
"9/7/2026 7:22:10 PM","200","Information","Microsoft-Windows-TaskScheduler","Task Scheduler launched action ""%SystemRoot%\System32\wsqmcons.exe"" in instance ""{407f436b-eb15-4d29-bd15-515b79548b64}"" of task ""\Microsoft\Windows\Customer Experience Improvement Program\Consolidator""."
"9/7/2026 7:22:10 PM","100","Information","Microsoft-Windows-TaskScheduler","Task Scheduler started ""{407f436b-eb15-4d29-bd15-515b79548b64}"" instance of the ""\Microsoft\Windows\Customer Experience Improvement Program\Consolidator"" task for user ""NT AUTHORITY\SYSTEM""."
"9/7/2026 7:22:10 PM","200","Information","Microsoft-Windows-TaskScheduler","Task Scheduler launched action ""%windir%\system32\devicecensus.exe"" in instance ""{4aa897f1-c8fd-4a14-8abd-4d02e5298320}"" of task ""\Microsoft\Windows\Device Information\Device""."
"9/7/2026 7:22:10 PM","100","Information","Microsoft-Windows-TaskScheduler","Task Scheduler started ""{4aa897f1-c8fd-4a14-8abd-4d02e5298320}"" instance of the ""\Microsoft\Windows\Device Information\Device"" task for user ""NT AUTHORITY\SYSTEM""."
"9/7/2026 7:22:10 PM","200","Information","Microsoft-Windows-TaskScheduler","Task Scheduler launched action ""%systemroot%\system32\usoclient.exe"" in instance ""{dcc95e39-841f-4d13-9d5b-a105f756703e}"" of task ""\Microsoft\Windows\UpdateOrchestrator\Schedule Scan""."
"9/7/2026 7:22:10 PM","100","Information","Microsoft-Windows-TaskScheduler","Task Scheduler started ""{dcc95e39-841f-4d13-9d5b-a105f756703e}"" instance of the ""\Microsoft\Windows\UpdateOrchestrator\Schedule Scan"" task for user ""NT AUTHORITY\SYSTEM""."
"9/7/2026 7:22:10 PM","129","Information","Microsoft-Windows-TaskScheduler","Task Scheduler launch task ""\Microsoft\Windows\Customer Experience Improvement Program\Consolidator"" , instance ""%SystemRoot%\System32\wsqmcons.exe""  with process ID 6996."
"9/7/2026 7:22:10 PM","129","Information","Microsoft-Windows-TaskScheduler","Task Scheduler launch task ""\Microsoft\Windows\Device Information\Device"" , instance ""%windir%\system32\devicecensus.exe""  with process ID 7004."
"9/7/2026 7:22:10 PM","129","Information","Microsoft-Windows-TaskScheduler","Task Scheduler launch task ""\Microsoft\Windows\UpdateOrchestrator\Schedule Scan"" , instance ""%systemroot%\system32\usoclient.exe""  with process ID 6980."
"9/7/2026 7:22:10 PM","114","Warning","Microsoft-Windows-TaskScheduler","Task Scheduler could not launch task ""\Microsoft\Windows\Application Experience\PcaPatchDbTask""  as scheduled. Instance ""{13955d23-65a0-4678-b5ca-2a15332a3a78}""  is started now as required by the configuration option to start the task when available, if schedule is missed."
"9/7/2026 7:22:10 PM","200","Information","Microsoft-Windows-TaskScheduler","Task Scheduler launched action ""OneSettings Refresh Cache Task Handler"" in instance ""{00364fd6-3936-49e5-aca2-bad0003e4b37}"" of task ""\Microsoft\Windows\Flighting\OneSettings\RefreshCache""."
"9/7/2026 7:22:10 PM","100","Information","Microsoft-Windows-TaskScheduler","Task Scheduler started ""{00364fd6-3936-49e5-aca2-bad0003e4b37}"" instance of the ""\Microsoft\Windows\Flighting\OneSettings\RefreshCache"" task for user ""NT AUTHORITY\SYSTEM""."
"9/7/2026 7:22:10 PM","200","Information","Microsoft-Windows-TaskScheduler","Task Scheduler launched action ""%systemroot%\system32\MusNotification.exe"" in instance ""{85e58ecd-a71b-44e5-8059-3bcf003b59ec}"" of task ""\Microsoft\Windows\UpdateOrchestrator\USO_UxBroker""."
"9/7/2026 7:22:10 PM","100","Information","Microsoft-Windows-TaskScheduler","Task Scheduler started ""{85e58ecd-a71b-44e5-8059-3bcf003b59ec}"" instance of the ""\Microsoft\Windows\UpdateOrchestrator\USO_UxBroker"" task for user ""NT AUTHORITY\SYSTEM""."
"9/7/2026 7:22:10 PM","129","Information","Microsoft-Windows-TaskScheduler","Task Scheduler launch task ""\Microsoft\Windows\UpdateOrchestrator\USO_UxBroker"" , instance ""%systemroot%\system32\MusNotification.exe""  with process ID 6988."
"9/7/2026 7:22:10 PM","114","Warning","Microsoft-Windows-TaskScheduler","Task Scheduler could not launch task ""\Microsoft\Windows\Flighting\OneSettings\RefreshCache""  as scheduled. Instance ""{00364fd6-3936-49e5-aca2-bad0003e4b37}""  is started now as required by the configuration option to start the task when available, if schedule is missed."
"9/7/2026 7:22:10 PM","114","Warning","Microsoft-Windows-TaskScheduler","Task Scheduler could not launch task ""\Microsoft\Windows\UpdateOrchestrator\USO_UxBroker""  as scheduled. Instance ""{85e58ecd-a71b-44e5-8059-3bcf003b59ec}""  is started now as required by the configuration option to start the task when available, if schedule is missed."
"9/7/2026 7:22:10 PM","114","Warning","Microsoft-Windows-TaskScheduler","Task Scheduler could not launch task ""\Microsoft\Windows\Application Experience\Microsoft Compatibility Appraiser""  as scheduled. Instance ""{dbeb1303-c62d-44aa-85a0-c1983567f84e}""  is started now as required by the configuration option to start the task when available, if schedule is missed."
"9/7/2026 7:22:10 PM","114","Warning","Microsoft-Windows-TaskScheduler","Task Scheduler could not launch task ""\Microsoft\Windows\Device Information\Device""  as scheduled. Instance ""{4aa897f1-c8fd-4a14-8abd-4d02e5298320}""  is started now as required by the configuration option to start the task when available, if schedule is missed."
"9/7/2026 7:22:10 PM","114","Warning","Microsoft-Windows-TaskScheduler","Task Scheduler could not launch task ""\Microsoft\Windows\Customer Experience Improvement Program\Consolidator""  as scheduled. Instance ""{407f436b-eb15-4d29-bd15-515b79548b64}""  is started now as required by the configuration option to start the task when available, if schedule is missed."
"9/7/2026 7:22:10 PM","114","Warning","Microsoft-Windows-TaskScheduler","Task Scheduler could not launch task ""\Microsoft\Windows\UpdateOrchestrator\Schedule Scan""  as scheduled. Instance ""{dcc95e39-841f-4d13-9d5b-a105f756703e}""  is started now as required by the configuration option to start the task when available, if schedule is missed."
"9/7/2026 7:22:10 PM","200","Information","Microsoft-Windows-TaskScheduler","Task Scheduler launched action ""%windir%\system32\wermgr.exe"" in instance ""{2850132f-abf5-46f0-a3e2-769b66b87f68}"" of task ""\Microsoft\Windows\Windows Error Reporting\QueueReporting""."
"9/7/2026 7:22:10 PM","100","Information","Microsoft-Windows-TaskScheduler","Task Scheduler started ""{2850132f-abf5-46f0-a3e2-769b66b87f68}"" instance of the ""\Microsoft\Windows\Windows Error Reporting\QueueReporting"" task for user ""NT AUTHORITY\SYSTEM""."
"9/7/2026 7:22:10 PM","129","Information","Microsoft-Windows-TaskScheduler","Task Scheduler launch task ""\Microsoft\Windows\Windows Error Reporting\QueueReporting"" , instance ""%windir%\system32\wermgr.exe""  with process ID 6964."
"9/7/2026 7:22:10 PM","200","Information","Microsoft-Windows-TaskScheduler","Task Scheduler launched action ""Data Integrity Scan"" in instance ""{379657d1-7dc6-4956-8756-3507a1aa3674}"" of task ""\Microsoft\Windows\Data Integrity Scan\Data Integrity Check And Scan""."
"9/7/2026 7:22:10 PM","100","Information","Microsoft-Windows-TaskScheduler","Task Scheduler started ""{379657d1-7dc6-4956-8756-3507a1aa3674}"" instance of the ""\Microsoft\Windows\Data Integrity Scan\Data Integrity Check And Scan"" task for user ""NT AUTHORITY\SYSTEM""."
"9/7/2026 7:22:10 PM","129","Information","Microsoft-Windows-TaskScheduler","Task Scheduler launch task ""\Microsoft\Windows\Data Integrity Scan\Data Integrity Check And Scan"" , instance ""taskhostw.exe""  with process ID 6972."
"9/7/2026 7:22:10 PM","114","Warning","Microsoft-Windows-TaskScheduler","Task Scheduler could not launch task ""\Microsoft\Windows\Windows Error Reporting\QueueReporting""  as scheduled. Instance ""{2850132f-abf5-46f0-a3e2-769b66b87f68}""  is started now as required by the configuration option to start the task when available, if schedule is missed."
"9/7/2026 7:22:10 PM","114","Warning","Microsoft-Windows-TaskScheduler","Task Scheduler could not launch task ""\Microsoft\Windows\Data Integrity Scan\Data Integrity Check And Scan""  as scheduled. Instance ""{379657d1-7dc6-4956-8756-3507a1aa3674}""  is started now as required by the configuration option to start the task when available, if schedule is missed."
"9/7/2026 7:21:58 PM","102","Information","Microsoft-Windows-TaskScheduler","Task Scheduler successfully finished ""{7b42c235-c3b5-45af-99d4-7577c933794d}"" instance of the ""\Microsoft\Windows\UpdateOrchestrator\MusUx_UpdateInterval"" task for user ""NT AUTHORITY\SYSTEM""."
"9/7/2026 7:21:58 PM","201","Information","Microsoft-Windows-TaskScheduler","Task Scheduler successfully completed task ""\Microsoft\Windows\UpdateOrchestrator\MusUx_UpdateInterval"" , instance ""{7b42c235-c3b5-45af-99d4-7577c933794d}"" , action ""%systemroot%\system32\MusNotification.exe"" with return code 2147943458."
"9/7/2026 7:21:58 PM","200","Information","Microsoft-Windows-TaskScheduler","Task Scheduler launched action ""%systemroot%\system32\MusNotification.exe"" in instance ""{7b42c235-c3b5-45af-99d4-7577c933794d}"" of task ""\Microsoft\Windows\UpdateOrchestrator\MusUx_UpdateInterval""."
"9/7/2026 7:21:58 PM","100","Information","Microsoft-Windows-TaskScheduler","Task Scheduler started ""{7b42c235-c3b5-45af-99d4-7577c933794d}"" instance of the ""\Microsoft\Windows\UpdateOrchestrator\MusUx_UpdateInterval"" task for user ""NT AUTHORITY\SYSTEM""."
"9/7/2026 7:21:58 PM","129","Information","Microsoft-Windows-TaskScheduler","Task Scheduler launch task ""\Microsoft\Windows\UpdateOrchestrator\MusUx_UpdateInterval"" , instance ""%systemroot%\system32\MusNotification.exe""  with process ID 6844."
"9/7/2026 7:21:58 PM","119","Information","Microsoft-Windows-TaskScheduler","Task Scheduler launched ""{7b42c235-c3b5-45af-99d4-7577c933794d}""  instance of task ""\Microsoft\Windows\UpdateOrchestrator\MusUx_UpdateInterval"" due to user ""SCAFFOLD\Administrator""  logon."
"9/7/2026 7:21:55 PM","140","Information","Microsoft-Windows-TaskScheduler","User ""SCAFFOLD\DC$""  updated Task Scheduler task ""\Microsoft\Windows\SoftwareProtectionPlatform\SvcRestartTask"""
"9/7/2026 7:21:53 PM","200","Information","Microsoft-Windows-TaskScheduler","Task Scheduler launched action ""Sync Language Data From Cloud Task"" in instance ""{d6f9a9e3-0c50-4d79-8db9-9074819b9134}"" of task ""\Microsoft\Windows\International\Synchronize Language Settings""."
"9/7/2026 7:21:53 PM","100","Information","Microsoft-Windows-TaskScheduler","Task Scheduler started ""{d6f9a9e3-0c50-4d79-8db9-9074819b9134}"" instance of the ""\Microsoft\Windows\International\Synchronize Language Settings"" task for user ""SCAFFOLD\Administrator""."
"9/7/2026 7:21:53 PM","129","Information","Microsoft-Windows-TaskScheduler","Task Scheduler launch task ""\Microsoft\Windows\International\Synchronize Language Settings"" , instance ""taskhostw.exe""  with process ID 6768."
"9/7/2026 7:21:53 PM","119","Information","Microsoft-Windows-TaskScheduler","Task Scheduler launched ""{d6f9a9e3-0c50-4d79-8db9-9074819b9134}""  instance of task ""\Microsoft\Windows\International\Synchronize Language Settings"" due to user ""SCAFFOLD\Administrator""  logon."
"9/7/2026 7:21:30 PM","102","Information","Microsoft-Windows-TaskScheduler","Task Scheduler successfully finished ""{d268c12c-7667-44fa-8fc1-71ece071cb78}"" instance of the ""\Microsoft\Windows\Server Manager\ServerManager"" task for user ""SCAFFOLD\Administrator""."
"9/7/2026 7:21:30 PM","201","Information","Microsoft-Windows-TaskScheduler","Task Scheduler successfully completed task ""\Microsoft\Windows\Server Manager\ServerManager"" , instance ""{d268c12c-7667-44fa-8fc1-71ece071cb78}"" , action ""%windir%\system32\ServerManagerLauncher.exe"" with return code 0."
"9/7/2026 7:21:24 PM","140","Information","Microsoft-Windows-TaskScheduler","User ""SCAFFOLD\Administrator""  updated Task Scheduler task ""\CreateExplorerShellUnelevatedTask"""
"9/7/2026 7:21:24 PM","106","Information","Microsoft-Windows-TaskScheduler","User ""SCAFFOLD\Administrator""  registered Task Scheduler task ""\CreateExplorerShellUnelevatedTask"""
"9/7/2026 7:21:24 PM","200","Information","Microsoft-Windows-TaskScheduler","Task Scheduler launched action ""C:\Windows\Explorer.EXE"" in instance ""{6782e0ad-c3ec-486c-935c-f042b889cedd}"" of task ""\CreateExplorerShellUnelevatedTask""."
"9/7/2026 7:21:24 PM","100","Information","Microsoft-Windows-TaskScheduler","Task Scheduler started ""{6782e0ad-c3ec-486c-935c-f042b889cedd}"" instance of the ""\CreateExplorerShellUnelevatedTask"" task for user ""SCAFFOLD\Administrator""."
"9/7/2026 7:21:24 PM","129","Information","Microsoft-Windows-TaskScheduler","Task Scheduler launch task ""\CreateExplorerShellUnelevatedTask"" , instance ""C:\Windows\Explorer.EXE""  with process ID 4908."
"9/7/2026 7:21:24 PM","109","Information","Microsoft-Windows-TaskScheduler","Task Scheduler launched ""{6782e0ad-c3ec-486c-935c-f042b889cedd}""  instance of task ""\CreateExplorerShellUnelevatedTask""  according to a registration trigger."
"9/7/2026 7:21:24 PM","102","Information","Microsoft-Windows-TaskScheduler","Task Scheduler successfully finished ""{72eda261-cf78-4a14-930a-d168306d3d87}"" instance of the ""\Microsoft\Windows\CertificateServicesClient\UserTask"" task for user ""SCAFFOLD\Administrator""."
"9/7/2026 7:21:24 PM","201","Information","Microsoft-Windows-TaskScheduler","Task Scheduler successfully completed task ""\Microsoft\Windows\CertificateServicesClient\UserTask"" , instance ""{72eda261-cf78-4a14-930a-d168306d3d87}"" , action ""Certificate Services Client Task Handler"" with return code 0."
"9/7/2026 7:21:24 PM","141","Information","Microsoft-Windows-TaskScheduler","User ""SCAFFOLD\Administrator""  deleted Task Scheduler task ""\CreateExplorerShellUnelevatedTask"""
"9/7/2026 7:21:24 PM","102","Information","Microsoft-Windows-TaskScheduler","Task Scheduler successfully finished ""{8750497d-add0-4b75-af68-47178b8974b9}"" instance of the ""\Microsoft\Windows\SoftwareProtectionPlatform\SvcRestartTaskLogon"" task for user ""SCAFFOLD\Administrator""."
