"5/23/2026 4:01:59 PM","5858","Error","Microsoft-Windows-WMI-Activity","Id = {20650CF2-55C0-45A0-9CAC-B8E8E3FDDA9C}; ClientMachine = DC; User = NT AUTHORITY\SYSTEM; ClientProcessId = 1544; Component = Unknown; Operation = Start IWbemServices::DeleteInstance - Root\Rsop\User\S_1_5_21_365932789_2848835602_3476675013_500 : RSOP_ExtensionStatus.extensionGuid=""{E47248BA-94CC-49c4-BBB5-9EB7F05183D0}""; ResultCode = 0x80041002; PossibleCause = Unknown"
"5/23/2026 4:01:59 PM","5858","Error","Microsoft-Windows-WMI-Activity","Id = {20650CF2-55C0-45A0-9CAC-B8E8E3FDDA9C}; ClientMachine = DC; User = NT AUTHORITY\SYSTEM; ClientProcessId = 1544; Component = Unknown; Operation = Start IWbemServices::DeleteInstance - Root\Rsop\User\S_1_5_21_365932789_2848835602_3476675013_500 : RSOP_ExtensionStatus.extensionGuid=""{CFF649BD-601D-4361-AD3D-0FC365DB4DB7}""; ResultCode = 0x80041002; PossibleCause = Unknown"
"5/23/2026 4:01:59 PM","5858","Error","Microsoft-Windows-WMI-Activity","Id = {20650CF2-55C0-45A0-9CAC-B8E8E3FDDA9C}; ClientMachine = DC; User = NT AUTHORITY\SYSTEM; ClientProcessId = 1544; Component = Unknown; Operation = Start IWbemServices::DeleteInstance - Root\Rsop\User\S_1_5_21_365932789_2848835602_3476675013_500 : RSOP_ExtensionStatus.extensionGuid=""{CF7639F3-ABA2-41DB-97F2-81E2C5DBFC5D}""; ResultCode = 0x80041002; PossibleCause = Unknown"
"5/23/2026 4:01:59 PM","5858","Error","Microsoft-Windows-WMI-Activity","Id = {20650CF2-55C0-45A0-9CAC-B8E8E3FDDA9C}; ClientMachine = DC; User = NT AUTHORITY\SYSTEM; ClientProcessId = 1544; Component = Unknown; Operation = Start IWbemServices::DeleteInstance - Root\Rsop\User\S_1_5_21_365932789_2848835602_3476675013_500 : RSOP_ExtensionStatus.extensionGuid=""{c6dc5466-785a-11d2-84d0-00c04fb169f7}""; ResultCode = 0x80041002; PossibleCause = Unknown"
"5/23/2026 4:01:59 PM","5858","Error","Microsoft-Windows-WMI-Activity","Id = {20650CF2-55C0-45A0-9CAC-B8E8E3FDDA9C}; ClientMachine = DC; User = NT AUTHORITY\SYSTEM; ClientProcessId = 1544; Component = Unknown; Operation = Start IWbemServices::DeleteInstance - Root\Rsop\User\S_1_5_21_365932789_2848835602_3476675013_500 : RSOP_ExtensionStatus.extensionGuid=""{C631DF4C-088F-4156-B058-4375F0853CD8}""; ResultCode = 0x80041002; PossibleCause = Unknown"
"5/23/2026 4:01:59 PM","5858","Error","Microsoft-Windows-WMI-Activity","Id = {20650CF2-55C0-45A0-9CAC-B8E8E3FDDA9C}; ClientMachine = DC; User = NT AUTHORITY\SYSTEM; ClientProcessId = 1544; Component = Unknown; Operation = Start IWbemServices::DeleteInstance - Root\Rsop\User\S_1_5_21_365932789_2848835602_3476675013_500 : RSOP_ExtensionStatus.extensionGuid=""{C418DD9D-0D14-4efb-8FBF-CFE535C8FAC7}""; ResultCode = 0x80041002; PossibleCause = Unknown"
"5/23/2026 4:01:59 PM","5858","Error","Microsoft-Windows-WMI-Activity","Id = {20650CF2-55C0-45A0-9CAC-B8E8E3FDDA9C}; ClientMachine = DC; User = NT AUTHORITY\SYSTEM; ClientProcessId = 1544; Component = Unknown; Operation = Start IWbemServices::DeleteInstance - Root\Rsop\User\S_1_5_21_365932789_2848835602_3476675013_500 : RSOP_ExtensionStatus.extensionGuid=""{C34B2751-1CF4-44F5-9262-C3FC39666591}""; ResultCode = 0x80041002; PossibleCause = Unknown"
"5/23/2026 4:01:59 PM","5858","Error","Microsoft-Windows-WMI-Activity","Id = {20650CF2-55C0-45A0-9CAC-B8E8E3FDDA9C}; ClientMachine = DC; User = NT AUTHORITY\SYSTEM; ClientProcessId = 1544; Component = Unknown; Operation = Start IWbemServices::DeleteInstance - Root\Rsop\User\S_1_5_21_365932789_2848835602_3476675013_500 : RSOP_ExtensionStatus.extensionGuid=""{BC75B1ED-5833-4858-9BB8-CBF0B166DF9D}""; ResultCode = 0x80041002; PossibleCause = Unknown"
"5/23/2026 4:01:59 PM","5858","Error","Microsoft-Windows-WMI-Activity","Id = {20650CF2-55C0-45A0-9CAC-B8E8E3FDDA9C}; ClientMachine = DC; User = NT AUTHORITY\SYSTEM; ClientProcessId = 1544; Component = Unknown; Operation = Start IWbemServices::DeleteInstance - Root\Rsop\User\S_1_5_21_365932789_2848835602_3476675013_500 : RSOP_ExtensionStatus.extensionGuid=""{BA649533-0AAC-4E04-B9BC-4DBAE0325B12}""; ResultCode = 0x80041002; PossibleCause = Unknown"
"5/23/2026 4:01:59 PM","5858","Error","Microsoft-Windows-WMI-Activity","Id = {20650CF2-55C0-45A0-9CAC-B8E8E3FDDA9C}; ClientMachine = DC; User = NT AUTHORITY\SYSTEM; ClientProcessId = 1544; Component = Unknown; Operation = Start IWbemServices::DeleteInstance - Root\Rsop\User\S_1_5_21_365932789_2848835602_3476675013_500 : RSOP_ExtensionStatus.extensionGuid=""{B087BE9D-ED37-454f-AF9C-04291E351182}""; ResultCode = 0x80041002; PossibleCause = Unknown"
"5/23/2026 4:01:59 PM","5858","Error","Microsoft-Windows-WMI-Activity","Id = {20650CF2-55C0-45A0-9CAC-B8E8E3FDDA9C}; ClientMachine = DC; User = NT AUTHORITY\SYSTEM; ClientProcessId = 1544; Component = Unknown; Operation = Start IWbemServices::DeleteInstance - Root\Rsop\User\S_1_5_21_365932789_2848835602_3476675013_500 : RSOP_ExtensionStatus.extensionGuid=""{AADCED64-746C-4633-A97C-D61349046527}""; ResultCode = 0x80041002; PossibleCause = Unknown"
"5/23/2026 4:01:59 PM","5858","Error","Microsoft-Windows-WMI-Activity","Id = {20650CF2-55C0-45A0-9CAC-B8E8E3FDDA9C}; ClientMachine = DC; User = NT AUTHORITY\SYSTEM; ClientProcessId = 1544; Component = Unknown; Operation = Start IWbemServices::DeleteInstance - Root\Rsop\User\S_1_5_21_365932789_2848835602_3476675013_500 : RSOP_ExtensionStatus.extensionGuid=""{A3F3E39B-5D83-4940-B954-28315B82F0A8}""; ResultCode = 0x80041002; PossibleCause = Unknown"
"5/23/2026 4:01:59 PM","5858","Error","Microsoft-Windows-WMI-Activity","Id = {20650CF2-55C0-45A0-9CAC-B8E8E3FDDA9C}; ClientMachine = DC; User = NT AUTHORITY\SYSTEM; ClientProcessId = 1544; Component = Unknown; Operation = Start IWbemServices::DeleteInstance - Root\Rsop\User\S_1_5_21_365932789_2848835602_3476675013_500 : RSOP_ExtensionStatus.extensionGuid=""{91FBB303-0CD5-4055-BF42-E512A681B325}""; ResultCode = 0x80041002; PossibleCause = Unknown"
"5/23/2026 4:01:59 PM","5858","Error","Microsoft-Windows-WMI-Activity","Id = {20650CF2-55C0-45A0-9CAC-B8E8E3FDDA9C}; ClientMachine = DC; User = NT AUTHORITY\SYSTEM; ClientProcessId = 1544; Component = Unknown; Operation = Start IWbemServices::DeleteInstance - Root\Rsop\User\S_1_5_21_365932789_2848835602_3476675013_500 : RSOP_ExtensionStatus.extensionGuid=""{8A28E2C5-8D06-49A4-A08C-632DAA493E17}""; ResultCode = 0x80041002; PossibleCause = Unknown"
"5/23/2026 4:01:59 PM","5858","Error","Microsoft-Windows-WMI-Activity","Id = {20650CF2-55C0-45A0-9CAC-B8E8E3FDDA9C}; ClientMachine = DC; User = NT AUTHORITY\SYSTEM; ClientProcessId = 1544; Component = Unknown; Operation = Start IWbemServices::DeleteInstance - Root\Rsop\User\S_1_5_21_365932789_2848835602_3476675013_500 : RSOP_ExtensionStatus.extensionGuid=""{7B849a69-220F-451E-B3FE-2CB811AF94AE}""; ResultCode = 0x80041002; PossibleCause = Unknown"
"5/23/2026 4:01:59 PM","5858","Error","Microsoft-Windows-WMI-Activity","Id = {20650CF2-55C0-45A0-9CAC-B8E8E3FDDA9C}; ClientMachine = DC; User = NT AUTHORITY\SYSTEM; ClientProcessId = 1544; Component = Unknown; Operation = Start IWbemServices::DeleteInstance - Root\Rsop\User\S_1_5_21_365932789_2848835602_3476675013_500 : RSOP_ExtensionStatus.extensionGuid=""{7933F41E-56F8-41d6-A31C-4148A711EE93}""; ResultCode = 0x80041002; PossibleCause = Unknown"
"5/23/2026 4:01:59 PM","5858","Error","Microsoft-Windows-WMI-Activity","Id = {20650CF2-55C0-45A0-9CAC-B8E8E3FDDA9C}; ClientMachine = DC; User = NT AUTHORITY\SYSTEM; ClientProcessId = 1544; Component = Unknown; Operation = Start IWbemServices::DeleteInstance - Root\Rsop\User\S_1_5_21_365932789_2848835602_3476675013_500 : RSOP_ExtensionStatus.extensionGuid=""{7909AD9E-09EE-4247-BAB9-7029D5F0A278}""; ResultCode = 0x80041002; PossibleCause = Unknown"
"5/23/2026 4:01:59 PM","5858","Error","Microsoft-Windows-WMI-Activity","Id = {20650CF2-55C0-45A0-9CAC-B8E8E3FDDA9C}; ClientMachine = DC; User = NT AUTHORITY\SYSTEM; ClientProcessId = 1544; Component = Unknown; Operation = Start IWbemServices::DeleteInstance - Root\Rsop\User\S_1_5_21_365932789_2848835602_3476675013_500 : RSOP_ExtensionStatus.extensionGuid=""{74EE6C03-5363-4554-B161-627540339CAB}""; ResultCode = 0x80041002; PossibleCause = Unknown"
"5/23/2026 4:01:59 PM","5858","Error","Microsoft-Windows-WMI-Activity","Id = {20650CF2-55C0-45A0-9CAC-B8E8E3FDDA9C}; ClientMachine = DC; User = NT AUTHORITY\SYSTEM; ClientProcessId = 1544; Component = Unknown; Operation = Start IWbemServices::DeleteInstance - Root\Rsop\User\S_1_5_21_365932789_2848835602_3476675013_500 : RSOP_ExtensionStatus.extensionGuid=""{728EE579-943C-4519-9EF7-AB56765798ED}""; ResultCode = 0x80041002; PossibleCause = Unknown"
"5/23/2026 4:01:59 PM","5858","Error","Microsoft-Windows-WMI-Activity","Id = {20650CF2-55C0-45A0-9CAC-B8E8E3FDDA9C}; ClientMachine = DC; User = NT AUTHORITY\SYSTEM; ClientProcessId = 1544; Component = Unknown; Operation = Start IWbemServices::DeleteInstance - Root\Rsop\User\S_1_5_21_365932789_2848835602_3476675013_500 : RSOP_ExtensionStatus.extensionGuid=""{7150F9BF-48AD-4da4-A49C-29EF4A8369BA}""; ResultCode = 0x80041002; PossibleCause = Unknown"
"5/23/2026 4:01:59 PM","5858","Error","Microsoft-Windows-WMI-Activity","Id = {20650CF2-55C0-45A0-9CAC-B8E8E3FDDA9C}; ClientMachine = DC; User = NT AUTHORITY\SYSTEM; ClientProcessId = 1544; Component = Unknown; Operation = Start IWbemServices::DeleteInstance - Root\Rsop\User\S_1_5_21_365932789_2848835602_3476675013_500 : RSOP_ExtensionStatus.extensionGuid=""{6232C319-91AC-4931-9385-E70C2B099F0E}""; ResultCode = 0x80041002; PossibleCause = Unknown"
"5/23/2026 4:01:59 PM","5858","Error","Microsoft-Windows-WMI-Activity","Id = {20650CF2-55C0-45A0-9CAC-B8E8E3FDDA9C}; ClientMachine = DC; User = NT AUTHORITY\SYSTEM; ClientProcessId = 1544; Component = Unknown; Operation = Start IWbemServices::DeleteInstance - Root\Rsop\User\S_1_5_21_365932789_2848835602_3476675013_500 : RSOP_ExtensionStatus.extensionGuid=""{5794DAFD-BE60-433f-88A2-1A31939AC01F}""; ResultCode = 0x80041002; PossibleCause = Unknown"
"5/23/2026 4:01:59 PM","5858","Error","Microsoft-Windows-WMI-Activity","Id = {20650CF2-55C0-45A0-9CAC-B8E8E3FDDA9C}; ClientMachine = DC; User = NT AUTHORITY\SYSTEM; ClientProcessId = 1544; Component = Unknown; Operation = Start IWbemServices::DeleteInstance - Root\Rsop\User\S_1_5_21_365932789_2848835602_3476675013_500 : RSOP_ExtensionStatus.extensionGuid=""{4D2F9B6F-1E52-4711-A382-6A8B1A003DE6}""; ResultCode = 0x80041002; PossibleCause = Unknown"
"5/23/2026 4:01:59 PM","5858","Error","Microsoft-Windows-WMI-Activity","Id = {20650CF2-55C0-45A0-9CAC-B8E8E3FDDA9C}; ClientMachine = DC; User = NT AUTHORITY\SYSTEM; ClientProcessId = 1544; Component = Unknown; Operation = Start IWbemServices::DeleteInstance - Root\Rsop\User\S_1_5_21_365932789_2848835602_3476675013_500 : RSOP_ExtensionStatus.extensionGuid=""{4CFB60C1-FAA6-47f1-89AA-0B18730C9FD3}""; ResultCode = 0x80041002; PossibleCause = Unknown"
"5/23/2026 4:01:59 PM","5858","Error","Microsoft-Windows-WMI-Activity","Id = {20650CF2-55C0-45A0-9CAC-B8E8E3FDDA9C}; ClientMachine = DC; User = NT AUTHORITY\SYSTEM; ClientProcessId = 1544; Component = Unknown; Operation = Start IWbemServices::DeleteInstance - Root\Rsop\User\S_1_5_21_365932789_2848835602_3476675013_500 : RSOP_ExtensionStatus.extensionGuid=""{4B7C3B0F-E993-4E06-A241-3FBE06943684}""; ResultCode = 0x80041002; PossibleCause = Unknown"
"5/23/2026 4:01:59 PM","5858","Error","Microsoft-Windows-WMI-Activity","Id = {20650CF2-55C0-45A0-9CAC-B8E8E3FDDA9C}; ClientMachine = DC; User = NT AUTHORITY\SYSTEM; ClientProcessId = 1544; Component = Unknown; Operation = Start IWbemServices::DeleteInstance - Root\Rsop\User\S_1_5_21_365932789_2848835602_3476675013_500 : RSOP_ExtensionStatus.extensionGuid=""{42B5FAAE-6536-11d2-AE5A-0000F87571E3}""; ResultCode = 0x80041002; PossibleCause = Unknown"
"5/23/2026 4:01:59 PM","5858","Error","Microsoft-Windows-WMI-Activity","Id = {20650CF2-55C0-45A0-9CAC-B8E8E3FDDA9C}; ClientMachine = DC; User = NT AUTHORITY\SYSTEM; ClientProcessId = 1544; Component = Unknown; Operation = Start IWbemServices::DeleteInstance - Root\Rsop\User\S_1_5_21_365932789_2848835602_3476675013_500 : RSOP_ExtensionStatus.extensionGuid=""{3A0DBA37-F8B2-4356-83DE-3E90BD5C261F}""; ResultCode = 0x80041002; PossibleCause = Unknown"
"5/23/2026 4:01:59 PM","5858","Error","Microsoft-Windows-WMI-Activity","Id = {20650CF2-55C0-45A0-9CAC-B8E8E3FDDA9C}; ClientMachine = DC; User = NT AUTHORITY\SYSTEM; ClientProcessId = 1544; Component = Unknown; Operation = Start IWbemServices::DeleteInstance - Root\Rsop\User\S_1_5_21_365932789_2848835602_3476675013_500 : RSOP_ExtensionStatus.extensionGuid=""{2BFCC077-22D2-48DE-BDE1-2F618D9B476D}""; ResultCode = 0x80041002; PossibleCause = Unknown"
"5/23/2026 4:01:59 PM","5858","Error","Microsoft-Windows-WMI-Activity","Id = {20650CF2-55C0-45A0-9CAC-B8E8E3FDDA9C}; ClientMachine = DC; User = NT AUTHORITY\SYSTEM; ClientProcessId = 1544; Component = Unknown; Operation = Start IWbemServices::DeleteInstance - Root\Rsop\User\S_1_5_21_365932789_2848835602_3476675013_500 : RSOP_ExtensionStatus.extensionGuid=""{25537BA6-77A8-11D2-9B6C-0000F8080861}""; ResultCode = 0x80041002; PossibleCause = Unknown"
"5/23/2026 4:01:59 PM","5858","Error","Microsoft-Windows-WMI-Activity","Id = {20650CF2-55C0-45A0-9CAC-B8E8E3FDDA9C}; ClientMachine = DC; User = NT AUTHORITY\SYSTEM; ClientProcessId = 1544; Component = Unknown; Operation = Start IWbemServices::DeleteInstance - Root\Rsop\User\S_1_5_21_365932789_2848835602_3476675013_500 : RSOP_ExtensionStatus.extensionGuid=""{1A6364EB-776B-4120-ADE1-B63A406A76B5}""; ResultCode = 0x80041002; PossibleCause = Unknown"
"5/23/2026 4:01:59 PM","5858","Error","Microsoft-Windows-WMI-Activity","Id = {20650CF2-55C0-45A0-9CAC-B8E8E3FDDA9C}; ClientMachine = DC; User = NT AUTHORITY\SYSTEM; ClientProcessId = 1544; Component = Unknown; Operation = Start IWbemServices::DeleteInstance - Root\Rsop\User\S_1_5_21_365932789_2848835602_3476675013_500 : RSOP_ExtensionStatus.extensionGuid=""{17D89FEC-5C44-4972-B12D-241CAEF74509}""; ResultCode = 0x80041002; PossibleCause = Unknown"
"5/23/2026 4:01:59 PM","5858","Error","Microsoft-Windows-WMI-Activity","Id = {20650CF2-55C0-45A0-9CAC-B8E8E3FDDA9C}; ClientMachine = DC; User = NT AUTHORITY\SYSTEM; ClientProcessId = 1544; Component = Unknown; Operation = Start IWbemServices::DeleteInstance - Root\Rsop\User\S_1_5_21_365932789_2848835602_3476675013_500 : RSOP_ExtensionStatus.extensionGuid=""{169EBF44-942F-4C43-87CE-13C93996EBBE}""; ResultCode = 0x80041002; PossibleCause = Unknown"
"5/23/2026 4:01:59 PM","5858","Error","Microsoft-Windows-WMI-Activity","Id = {20650CF2-55C0-45A0-9CAC-B8E8E3FDDA9C}; ClientMachine = DC; User = NT AUTHORITY\SYSTEM; ClientProcessId = 1544; Component = Unknown; Operation = Start IWbemServices::DeleteInstance - Root\Rsop\User\S_1_5_21_365932789_2848835602_3476675013_500 : RSOP_ExtensionStatus.extensionGuid=""{0E28E245-9368-4853-AD84-6DA3BA35BB75}""; ResultCode = 0x80041002; PossibleCause = Unknown"
"5/23/2026 4:01:59 PM","5858","Error","Microsoft-Windows-WMI-Activity","Id = {20650CF2-55C0-45A0-9CAC-B8E8E3FDDA9C}; ClientMachine = DC; User = NT AUTHORITY\SYSTEM; ClientProcessId = 1544; Component = Unknown; Operation = Start IWbemServices::DeleteInstance - Root\Rsop\User\S_1_5_21_365932789_2848835602_3476675013_500 : RSOP_ExtensionStatus.extensionGuid=""{35378EAC-683F-11D2-A89A-00C04FBBCFA2}""; ResultCode = 0x80041002; PossibleCause = Unknown"
"5/23/2026 4:01:31 PM","5857","Information","Microsoft-Windows-WMI-Activity","MS_NT_EVENTLOG_PROVIDER provider started with result code 0x0. HostProcess = wmiprvse.exe; ProcessID = 4760; ProviderPath = %systemroot%\system32\wbem\ntevt.dll"
"5/23/2026 4:01:10 PM","5857","Information","Microsoft-Windows-WMI-Activity","WmiPerfClass provider started with result code 0x0. HostProcess = wmiprvse.exe; ProcessID = 3492; ProviderPath = C:\Windows\System32\wbem\WmiPerfClass.dll"
"5/23/2026 4:00:58 PM","5858","Error","Microsoft-Windows-WMI-Activity","Id = {00000000-0000-0000-0000-000000000000}; ClientMachine = DC; User = NT AUTHORITY\NETWORK SERVICE; ClientProcessId = 5700; Component = Unknown; Operation = Start IWbemServices::ExecQuery - ROOT\CIMV2 : SELECT Manufacturer, Product FROM Win32_BaseBoard; ResultCode = 0x80041032; PossibleCause = Unknown"
"5/23/2026 4:00:57 PM","5857","Information","Microsoft-Windows-WMI-Activity","CIMWin32a provider started with result code 0x0. HostProcess = wmiprvse.exe; ProcessID = 4760; ProviderPath = %systemroot%\system32\wbem\wmipcima.dll"
"5/23/2026 4:00:52 PM","5858","Error","Microsoft-Windows-WMI-Activity","Id = {00000000-0000-0000-0000-000000000000}; ClientMachine = DC; User = NT AUTHORITY\SYSTEM; ClientProcessId = 4220; Component = Unknown; Operation = Start IWbemServices::CreateInstanceEnum - root\wmi : MSiSCSI_PortalInfoClass; ResultCode = 0x8004100C; PossibleCause = Unknown"
"5/23/2026 4:00:52 PM","5858","Error","Microsoft-Windows-WMI-Activity","Id = {00000000-0000-0000-0000-000000000000}; ClientMachine = DC; User = NT AUTHORITY\SYSTEM; ClientProcessId = 4220; Component = Unknown; Operation = Start IWbemServices::CreateInstanceEnum - root\wmi : MS_SM_AdapterInformationQuery; ResultCode = 0x8004100C; PossibleCause = Unknown"
"5/23/2026 4:00:52 PM","5857","Information","Microsoft-Windows-WMI-Activity","WMIProv provider started with result code 0x0. HostProcess = wmiprvse.exe; ProcessID = 3492; ProviderPath = %systemroot%\system32\wbem\wmiprov.dll"
"5/23/2026 4:00:51 PM","5857","Information","Microsoft-Windows-WMI-Activity","CIMWin32 provider started with result code 0x0. HostProcess = wmiprvse.exe; ProcessID = 4760; ProviderPath = %systemroot%\system32\wbem\cimwin32.dll"
"5/23/2026 8:25:18 AM","5857","Information","Microsoft-Windows-WMI-Activity","deploymentprovider provider started with result code 0x0. HostProcess = wmiprvse.exe; ProcessID = 6596; ProviderPath = %systemroot%\system32\wbem\ServerManager.DeploymentProvider.dll"
"5/23/2026 8:25:16 AM","5857","Information","Microsoft-Windows-WMI-Activity","nettcpip provider started with result code 0x0. HostProcess = wmiprvse.exe; ProcessID = 4504; ProviderPath = %systemroot%\system32\wbem\NetTCPIP.dll"
"5/23/2026 8:25:16 AM","5857","Information","Microsoft-Windows-WMI-Activity","NetAdapterCim provider started with result code 0x0. HostProcess = wmiprvse.exe; ProcessID = 8660; ProviderPath = %systemroot%\system32\wbem\NetAdapterCim.dll"
"5/23/2026 8:25:16 AM","5857","Information","Microsoft-Windows-WMI-Activity","mgmtprovider provider started with result code 0x0. HostProcess = wmiprvse.exe; ProcessID = 4504; ProviderPath = %systemroot%\system32\wbem\mgmtprovider.dll"
"5/23/2026 8:15:18 AM","5857","Information","Microsoft-Windows-WMI-Activity","deploymentprovider provider started with result code 0x0. HostProcess = wmiprvse.exe; ProcessID = 5064; ProviderPath = %systemroot%\system32\wbem\ServerManager.DeploymentProvider.dll"
"5/23/2026 8:15:16 AM","5857","Information","Microsoft-Windows-WMI-Activity","nettcpip provider started with result code 0x0. HostProcess = wmiprvse.exe; ProcessID = 4504; ProviderPath = %systemroot%\system32\wbem\NetTCPIP.dll"
"5/23/2026 8:15:16 AM","5857","Information","Microsoft-Windows-WMI-Activity","NetAdapterCim provider started with result code 0x0. HostProcess = wmiprvse.exe; ProcessID = 4108; ProviderPath = %systemroot%\system32\wbem\NetAdapterCim.dll"
"5/23/2026 8:15:16 AM","5857","Information","Microsoft-Windows-WMI-Activity","mgmtprovider provider started with result code 0x0. HostProcess = wmiprvse.exe; ProcessID = 4504; ProviderPath = %systemroot%\system32\wbem\mgmtprovider.dll"
"5/23/2026 8:05:18 AM","5857","Information","Microsoft-Windows-WMI-Activity","deploymentprovider provider started with result code 0x0. HostProcess = wmiprvse.exe; ProcessID = 8468; ProviderPath = %systemroot%\system32\wbem\ServerManager.DeploymentProvider.dll"
"5/23/2026 8:05:16 AM","5857","Information","Microsoft-Windows-WMI-Activity","nettcpip provider started with result code 0x0. HostProcess = wmiprvse.exe; ProcessID = 4504; ProviderPath = %systemroot%\system32\wbem\NetTCPIP.dll"
"5/23/2026 8:05:16 AM","5857","Information","Microsoft-Windows-WMI-Activity","NetAdapterCim provider started with result code 0x0. HostProcess = wmiprvse.exe; ProcessID = 3236; ProviderPath = %systemroot%\system32\wbem\NetAdapterCim.dll"
"5/23/2026 8:05:16 AM","5857","Information","Microsoft-Windows-WMI-Activity","mgmtprovider provider started with result code 0x0. HostProcess = wmiprvse.exe; ProcessID = 4504; ProviderPath = %systemroot%\system32\wbem\mgmtprovider.dll"
"5/23/2026 7:55:18 AM","5857","Information","Microsoft-Windows-WMI-Activity","deploymentprovider provider started with result code 0x0. HostProcess = wmiprvse.exe; ProcessID = 5404; ProviderPath = %systemroot%\system32\wbem\ServerManager.DeploymentProvider.dll"
"5/23/2026 7:55:16 AM","5857","Information","Microsoft-Windows-WMI-Activity","nettcpip provider started with result code 0x0. HostProcess = wmiprvse.exe; ProcessID = 4504; ProviderPath = %systemroot%\system32\wbem\NetTCPIP.dll"
"5/23/2026 7:55:16 AM","5857","Information","Microsoft-Windows-WMI-Activity","NetAdapterCim provider started with result code 0x0. HostProcess = wmiprvse.exe; ProcessID = 1804; ProviderPath = %systemroot%\system32\wbem\NetAdapterCim.dll"
"5/23/2026 7:55:16 AM","5857","Information","Microsoft-Windows-WMI-Activity","mgmtprovider provider started with result code 0x0. HostProcess = wmiprvse.exe; ProcessID = 4504; ProviderPath = %systemroot%\system32\wbem\mgmtprovider.dll"
"5/23/2026 7:45:18 AM","5857","Information","Microsoft-Windows-WMI-Activity","deploymentprovider provider started with result code 0x0. HostProcess = wmiprvse.exe; ProcessID = 420; ProviderPath = %systemroot%\system32\wbem\ServerManager.DeploymentProvider.dll"
"5/23/2026 7:45:16 AM","5857","Information","Microsoft-Windows-WMI-Activity","nettcpip provider started with result code 0x0. HostProcess = wmiprvse.exe; ProcessID = 4504; ProviderPath = %systemroot%\system32\wbem\NetTCPIP.dll"
"5/23/2026 7:45:16 AM","5857","Information","Microsoft-Windows-WMI-Activity","NetAdapterCim provider started with result code 0x0. HostProcess = wmiprvse.exe; ProcessID = 2424; ProviderPath = %systemroot%\system32\wbem\NetAdapterCim.dll"
"5/23/2026 7:45:16 AM","5857","Information","Microsoft-Windows-WMI-Activity","mgmtprovider provider started with result code 0x0. HostProcess = wmiprvse.exe; ProcessID = 4504; ProviderPath = %systemroot%\system32\wbem\mgmtprovider.dll"
"5/23/2026 7:35:18 AM","5857","Information","Microsoft-Windows-WMI-Activity","deploymentprovider provider started with result code 0x0. HostProcess = wmiprvse.exe; ProcessID = 5764; ProviderPath = %systemroot%\system32\wbem\ServerManager.DeploymentProvider.dll"
"5/23/2026 7:35:16 AM","5857","Information","Microsoft-Windows-WMI-Activity","nettcpip provider started with result code 0x0. HostProcess = wmiprvse.exe; ProcessID = 4504; ProviderPath = %systemroot%\system32\wbem\NetTCPIP.dll"
"5/23/2026 7:35:16 AM","5857","Information","Microsoft-Windows-WMI-Activity","NetAdapterCim provider started with result code 0x0. HostProcess = wmiprvse.exe; ProcessID = 3708; ProviderPath = %systemroot%\system32\wbem\NetAdapterCim.dll"
"5/23/2026 7:35:16 AM","5857","Information","Microsoft-Windows-WMI-Activity","mgmtprovider provider started with result code 0x0. HostProcess = wmiprvse.exe; ProcessID = 4504; ProviderPath = %systemroot%\system32\wbem\mgmtprovider.dll"
"5/23/2026 7:25:18 AM","5857","Information","Microsoft-Windows-WMI-Activity","deploymentprovider provider started with result code 0x0. HostProcess = wmiprvse.exe; ProcessID = 8624; ProviderPath = %systemroot%\system32\wbem\ServerManager.DeploymentProvider.dll"
"5/23/2026 7:25:16 AM","5857","Information","Microsoft-Windows-WMI-Activity","nettcpip provider started with result code 0x0. HostProcess = wmiprvse.exe; ProcessID = 4504; ProviderPath = %systemroot%\system32\wbem\NetTCPIP.dll"
"5/23/2026 7:25:16 AM","5857","Information","Microsoft-Windows-WMI-Activity","NetAdapterCim provider started with result code 0x0. HostProcess = wmiprvse.exe; ProcessID = 3772; ProviderPath = %systemroot%\system32\wbem\NetAdapterCim.dll"
"5/23/2026 7:25:16 AM","5857","Information","Microsoft-Windows-WMI-Activity","mgmtprovider provider started with result code 0x0. HostProcess = wmiprvse.exe; ProcessID = 4504; ProviderPath = %systemroot%\system32\wbem\mgmtprovider.dll"
"5/23/2026 7:15:18 AM","5857","Information","Microsoft-Windows-WMI-Activity","deploymentprovider provider started with result code 0x0. HostProcess = wmiprvse.exe; ProcessID = 6204; ProviderPath = %systemroot%\system32\wbem\ServerManager.DeploymentProvider.dll"
"5/23/2026 7:15:16 AM","5857","Information","Microsoft-Windows-WMI-Activity","nettcpip provider started with result code 0x0. HostProcess = wmiprvse.exe; ProcessID = 4504; ProviderPath = %systemroot%\system32\wbem\NetTCPIP.dll"
"5/23/2026 7:15:16 AM","5857","Information","Microsoft-Windows-WMI-Activity","NetAdapterCim provider started with result code 0x0. HostProcess = wmiprvse.exe; ProcessID = 6276; ProviderPath = %systemroot%\system32\wbem\NetAdapterCim.dll"
"5/23/2026 7:15:16 AM","5857","Information","Microsoft-Windows-WMI-Activity","mgmtprovider provider started with result code 0x0. HostProcess = wmiprvse.exe; ProcessID = 4504; ProviderPath = %systemroot%\system32\wbem\mgmtprovider.dll"
"5/23/2026 7:03:02 AM","5857","Information","Microsoft-Windows-WMI-Activity","CIMWin32a provider started with result code 0x0. HostProcess = wmiprvse.exe; ProcessID = 4504; ProviderPath = %systemroot%\system32\wbem\wmipcima.dll"
"5/23/2026 6:57:01 AM","5857","Information","Microsoft-Windows-WMI-Activity","deploymentprovider provider started with result code 0x0. HostProcess = wmiprvse.exe; ProcessID = 1212; ProviderPath = %systemroot%\system32\wbem\ServerManager.DeploymentProvider.dll"
"5/23/2026 6:56:59 AM","5857","Information","Microsoft-Windows-WMI-Activity","nettcpip provider started with result code 0x0. HostProcess = wmiprvse.exe; ProcessID = 4504; ProviderPath = %systemroot%\system32\wbem\NetTCPIP.dll"
"5/23/2026 6:56:59 AM","5857","Information","Microsoft-Windows-WMI-Activity","NetAdapterCim provider started with result code 0x0. HostProcess = wmiprvse.exe; ProcessID = 1732; ProviderPath = %systemroot%\system32\wbem\NetAdapterCim.dll"
"5/23/2026 6:56:59 AM","5857","Information","Microsoft-Windows-WMI-Activity","mgmtprovider provider started with result code 0x0. HostProcess = wmiprvse.exe; ProcessID = 4504; ProviderPath = %systemroot%\system32\wbem\mgmtprovider.dll"
"5/23/2026 6:47:33 AM","5857","Information","Microsoft-Windows-WMI-Activity","MS_NT_EVENTLOG_PROVIDER provider started with result code 0x0. HostProcess = wmiprvse.exe; ProcessID = 4504; ProviderPath = %systemroot%\system32\wbem\ntevt.dll"
"5/23/2026 6:47:01 AM","5857","Information","Microsoft-Windows-WMI-Activity","deploymentprovider provider started with result code 0x0. HostProcess = wmiprvse.exe; ProcessID = 7228; ProviderPath = %systemroot%\system32\wbem\ServerManager.DeploymentProvider.dll"
"5/23/2026 6:46:59 AM","5857","Information","Microsoft-Windows-WMI-Activity","nettcpip provider started with result code 0x0. HostProcess = wmiprvse.exe; ProcessID = 4504; ProviderPath = %systemroot%\system32\wbem\NetTCPIP.dll"
"5/23/2026 6:46:59 AM","5857","Information","Microsoft-Windows-WMI-Activity","NetAdapterCim provider started with result code 0x0. HostProcess = wmiprvse.exe; ProcessID = 3612; ProviderPath = %systemroot%\system32\wbem\NetAdapterCim.dll"
"5/23/2026 6:46:58 AM","5857","Information","Microsoft-Windows-WMI-Activity","mgmtprovider provider started with result code 0x0. HostProcess = wmiprvse.exe; ProcessID = 4504; ProviderPath = %systemroot%\system32\wbem\mgmtprovider.dll"
"5/23/2026 6:43:03 AM","5858","Error","Microsoft-Windows-WMI-Activity","Id = {91DCB5B4-EAB8-0001-61B7-DC91B8EADC01}; ClientMachine = DC; User = NT AUTHORITY\SYSTEM; ClientProcessId = 3908; Component = Unknown; Operation = Start IWbemServices::ExecNotificationQuery - ROOT\CIMV2 : SELECT * FROM Win32_ProcessStartTrace WHERE ProcessName = 'wsmprovhost.exe'; ResultCode = 0x80041032; PossibleCause = Unknown"
"5/23/2026 6:37:01 AM","5857","Information","Microsoft-Windows-WMI-Activity","deploymentprovider provider started with result code 0x0. HostProcess = wmiprvse.exe; ProcessID = 9108; ProviderPath = %systemroot%\system32\wbem\ServerManager.DeploymentProvider.dll"
"5/23/2026 6:36:59 AM","5857","Information","Microsoft-Windows-WMI-Activity","nettcpip provider started with result code 0x0. HostProcess = wmiprvse.exe; ProcessID = 4504; ProviderPath = %systemroot%\system32\wbem\NetTCPIP.dll"
"5/23/2026 6:36:59 AM","5857","Information","Microsoft-Windows-WMI-Activity","NetAdapterCim provider started with result code 0x0. HostProcess = wmiprvse.exe; ProcessID = 3012; ProviderPath = %systemroot%\system32\wbem\NetAdapterCim.dll"
"5/23/2026 6:36:58 AM","5857","Information","Microsoft-Windows-WMI-Activity","mgmtprovider provider started with result code 0x0. HostProcess = wmiprvse.exe; ProcessID = 4504; ProviderPath = %systemroot%\system32\wbem\mgmtprovider.dll"
"5/23/2026 6:35:05 AM","5858","Error","Microsoft-Windows-WMI-Activity","Id = {00000000-0000-0000-0000-000000000000}; ClientMachine = DC; User = NT AUTHORITY\SYSTEM; ClientProcessId = 6868; Component = Unknown; Operation = Start IWbemServices::ExecQuery - root\cimv2 : SELECT * FROM Win32_Processor; ResultCode = 0x80041032; PossibleCause = Unknown"
"5/23/2026 6:35:03 AM","5858","Error","Microsoft-Windows-WMI-Activity","Id = {00000000-0000-0000-0000-000000000000}; ClientMachine = DC; User = NT AUTHORITY\SYSTEM; ClientProcessId = 6868; Component = Unknown; Operation = Start IWbemServices::ExecQuery - root\cimv2 : SELECT * FROM Win32_ComputerSystem; ResultCode = 0x80041032; PossibleCause = Unknown"
"5/23/2026 6:35:03 AM","5858","Error","Microsoft-Windows-WMI-Activity","Id = {00000000-0000-0000-0000-000000000000}; ClientMachine = DC; User = NT AUTHORITY\SYSTEM; ClientProcessId = 6868; Component = Unknown; Operation = Start IWbemServices::ExecQuery - root\cimv2 : SELECT * FROM Win32_ComputerSystem; ResultCode = 0x80041032; PossibleCause = Unknown"
"5/23/2026 6:35:03 AM","5858","Error","Microsoft-Windows-WMI-Activity","Id = {00000000-0000-0000-0000-000000000000}; ClientMachine = DC; User = NT AUTHORITY\SYSTEM; ClientProcessId = 6868; Component = Unknown; Operation = Start IWbemServices::ExecQuery - root\cimv2 : SELECT * FROM Win32_ComputerSystemProduct; ResultCode = 0x80041032; PossibleCause = Unknown"
"5/23/2026 6:33:38 AM","5857","Information","Microsoft-Windows-WMI-Activity","deploymentprovider provider started with result code 0x0. HostProcess = wmiprvse.exe; ProcessID = 7340; ProviderPath = %systemroot%\system32\wbem\ServerManager.DeploymentProvider.dll"
"5/23/2026 6:33:35 AM","5857","Information","Microsoft-Windows-WMI-Activity","nettcpip provider started with result code 0x0. HostProcess = wmiprvse.exe; ProcessID = 4504; ProviderPath = %systemroot%\system32\wbem\NetTCPIP.dll"
"5/23/2026 6:33:35 AM","5857","Information","Microsoft-Windows-WMI-Activity","NetAdapterCim provider started with result code 0x0. HostProcess = wmiprvse.exe; ProcessID = 7180; ProviderPath = %systemroot%\system32\wbem\NetAdapterCim.dll"
"5/23/2026 6:33:35 AM","5857","Information","Microsoft-Windows-WMI-Activity","mgmtprovider provider started with result code 0x0. HostProcess = wmiprvse.exe; ProcessID = 4504; ProviderPath = %systemroot%\system32\wbem\mgmtprovider.dll"
"5/23/2026 6:33:13 AM","5857","Information","Microsoft-Windows-WMI-Activity","MS_NT_EVENTLOG_PROVIDER provider started with result code 0x0. HostProcess = wmiprvse.exe; ProcessID = 4504; ProviderPath = %systemroot%\system32\wbem\ntevt.dll"
"5/23/2026 6:33:03 AM","5858","Error","Microsoft-Windows-WMI-Activity","Id = {00000000-0000-0000-0000-000000000000}; ClientMachine = DC; User = NT AUTHORITY\NETWORK SERVICE; ClientProcessId = 5620; Component = Unknown; Operation = Start IWbemServices::ExecQuery - ROOT\CIMV2 : SELECT Manufacturer, Product FROM Win32_BaseBoard; ResultCode = 0x80041032; PossibleCause = Unknown"
"5/23/2026 6:33:02 AM","5860","Information","Microsoft-Windows-WMI-Activity","Namespace = ROOT\CIMV2; NotificationQuery = SELECT * FROM Win32_ProcessStartTrace WHERE ProcessName = 'wsmprovhost.exe'; UserName = NT AUTHORITY\SYSTEM; ClientProcessID = 3908, ClientMachine = DC; PossibleCause = Temporary"
"5/23/2026 6:33:02 AM","5857","Information","Microsoft-Windows-WMI-Activity","WMI Kernel Trace Event Provider provider started with result code 0x0. HostProcess = wmiprvse.exe; ProcessID = 3120; ProviderPath = C:\Windows\System32\wbem\krnlprov.dll"
"5/23/2026 6:33:02 AM","5859","Information","Microsoft-Windows-WMI-Activity","Namespace = //./root/CIMV2; NotificationQuery = select * from MSFT_SCMEventLogEvent; OwnerName = S-1-5-32-544; HostProcessID = 3120;  Provider= SCM Event Provider, queryID = 0; PossibleCause = Permanent"
"5/23/2026 6:33:02 AM","5861","Information","Microsoft-Windows-WMI-Activity","Namespace = //./root/subscription; Eventfilter = SCM Event Log Filter (refer to its activate eventid:5859); Consumer = NTEventLogEventConsumer=""SCM Event Log Consumer""; PossibleCause = Binding EventFilter: 
instance of __EventFilter
{
	CreatorSID = {1, 2, 0, 0, 0, 0, 0, 5, 32, 0, 0, 0, 32, 2, 0, 0};
	EventNamespace = ""root\\cimv2"";
	Name = ""SCM Event Log Filter"";
	Query = ""select * from MSFT_SCMEventLogEvent"";
	QueryLanguage = ""WQL"";
};
Perm. Consumer: 
instance of NTEventLogEventConsumer
{
	Category = 0;
	CreatorSID = {1, 2, 0, 0, 0, 0, 0, 5, 32, 0, 0, 0, 32, 2, 0, 0};
	EventType = 1;
	Name = ""SCM Event Log Consumer"";
	NameOfUserSIDProperty = ""sid"";
	SourceName = ""Service Control Manager"";
};
"
"5/23/2026 6:33:02 AM","5857","Information","Microsoft-Windows-WMI-Activity","CIMWin32a provider started with result code 0x0. HostProcess = wmiprvse.exe; ProcessID = 4504; ProviderPath = %systemroot%\system32\wbem\wmipcima.dll"
"5/23/2026 6:32:53 AM","5857","Information","Microsoft-Windows-WMI-Activity","WmiPerfClass provider started with result code 0x0. HostProcess = wmiprvse.exe; ProcessID = 4944; ProviderPath = C:\Windows\System32\wbem\WmiPerfClass.dll"
"5/23/2026 6:32:34 AM","5858","Error","Microsoft-Windows-WMI-Activity","Id = {00000000-0000-0000-0000-000000000000}; ClientMachine = DC; User = NT AUTHORITY\SYSTEM; ClientProcessId = 2284; Component = Unknown; Operation = Start IWbemServices::CreateInstanceEnum - root\wmi : MSiSCSI_PortalInfoClass; ResultCode = 0x8004100C; PossibleCause = Unknown"
"5/23/2026 6:32:34 AM","5858","Error","Microsoft-Windows-WMI-Activity","Id = {00000000-0000-0000-0000-000000000000}; ClientMachine = DC; User = NT AUTHORITY\SYSTEM; ClientProcessId = 2284; Component = Unknown; Operation = Start IWbemServices::CreateInstanceEnum - root\wmi : MS_SM_AdapterInformationQuery; ResultCode = 0x8004100C; PossibleCause = Unknown"
"5/23/2026 6:32:34 AM","5857","Information","Microsoft-Windows-WMI-Activity","WMIProv provider started with result code 0x0. HostProcess = wmiprvse.exe; ProcessID = 4944; ProviderPath = %systemroot%\system32\wbem\wmiprov.dll"
"5/23/2026 6:32:33 AM","5857","Information","Microsoft-Windows-WMI-Activity","CIMWin32 provider started with result code 0x0. HostProcess = wmiprvse.exe; ProcessID = 4504; ProviderPath = %systemroot%\system32\wbem\cimwin32.dll"
"5/23/2026 6:28:33 AM","5857","Information","Microsoft-Windows-WMI-Activity","deploymentprovider provider started with result code 0x0. HostProcess = wmiprvse.exe; ProcessID = 4664; ProviderPath = %systemroot%\system32\wbem\ServerManager.DeploymentProvider.dll"
"5/23/2026 6:28:31 AM","5857","Information","Microsoft-Windows-WMI-Activity","nettcpip provider started with result code 0x0. HostProcess = wmiprvse.exe; ProcessID = 1904; ProviderPath = %systemroot%\system32\wbem\NetTCPIP.dll"
"5/23/2026 6:28:31 AM","5857","Information","Microsoft-Windows-WMI-Activity","NetAdapterCim provider started with result code 0x0. HostProcess = wmiprvse.exe; ProcessID = 8828; ProviderPath = %systemroot%\system32\wbem\NetAdapterCim.dll"
"5/23/2026 6:28:31 AM","5857","Information","Microsoft-Windows-WMI-Activity","mgmtprovider provider started with result code 0x0. HostProcess = wmiprvse.exe; ProcessID = 1904; ProviderPath = %systemroot%\system32\wbem\mgmtprovider.dll"
"5/23/2026 6:18:34 AM","5857","Information","Microsoft-Windows-WMI-Activity","deploymentprovider provider started with result code 0x0. HostProcess = wmiprvse.exe; ProcessID = 9536; ProviderPath = %systemroot%\system32\wbem\ServerManager.DeploymentProvider.dll"
"5/23/2026 6:18:31 AM","5857","Information","Microsoft-Windows-WMI-Activity","nettcpip provider started with result code 0x0. HostProcess = wmiprvse.exe; ProcessID = 1904; ProviderPath = %systemroot%\system32\wbem\NetTCPIP.dll"
"5/23/2026 6:18:31 AM","5857","Information","Microsoft-Windows-WMI-Activity","NetAdapterCim provider started with result code 0x0. HostProcess = wmiprvse.exe; ProcessID = 8632; ProviderPath = %systemroot%\system32\wbem\NetAdapterCim.dll"
"5/23/2026 6:18:31 AM","5857","Information","Microsoft-Windows-WMI-Activity","mgmtprovider provider started with result code 0x0. HostProcess = wmiprvse.exe; ProcessID = 1904; ProviderPath = %systemroot%\system32\wbem\mgmtprovider.dll"
"5/23/2026 6:08:33 AM","5857","Information","Microsoft-Windows-WMI-Activity","deploymentprovider provider started with result code 0x0. HostProcess = wmiprvse.exe; ProcessID = 7540; ProviderPath = %systemroot%\system32\wbem\ServerManager.DeploymentProvider.dll"
"5/23/2026 6:08:31 AM","5857","Information","Microsoft-Windows-WMI-Activity","nettcpip provider started with result code 0x0. HostProcess = wmiprvse.exe; ProcessID = 1904; ProviderPath = %systemroot%\system32\wbem\NetTCPIP.dll"
"5/23/2026 6:08:31 AM","5857","Information","Microsoft-Windows-WMI-Activity","NetAdapterCim provider started with result code 0x0. HostProcess = wmiprvse.exe; ProcessID = 9536; ProviderPath = %systemroot%\system32\wbem\NetAdapterCim.dll"
"5/23/2026 6:08:31 AM","5857","Information","Microsoft-Windows-WMI-Activity","mgmtprovider provider started with result code 0x0. HostProcess = wmiprvse.exe; ProcessID = 1904; ProviderPath = %systemroot%\system32\wbem\mgmtprovider.dll"
"5/23/2026 6:01:27 AM","5857","Information","Microsoft-Windows-WMI-Activity","WMIProv provider started with result code 0x0. HostProcess = wmiprvse.exe; ProcessID = 5036; ProviderPath = %systemroot%\system32\wbem\wmiprov.dll"
"5/23/2026 5:58:33 AM","5857","Information","Microsoft-Windows-WMI-Activity","deploymentprovider provider started with result code 0x0. HostProcess = wmiprvse.exe; ProcessID = 8212; ProviderPath = %systemroot%\system32\wbem\ServerManager.DeploymentProvider.dll"
"5/23/2026 5:58:31 AM","5857","Information","Microsoft-Windows-WMI-Activity","nettcpip provider started with result code 0x0. HostProcess = wmiprvse.exe; ProcessID = 1904; ProviderPath = %systemroot%\system32\wbem\NetTCPIP.dll"
"5/23/2026 5:58:31 AM","5857","Information","Microsoft-Windows-WMI-Activity","NetAdapterCim provider started with result code 0x0. HostProcess = wmiprvse.exe; ProcessID = 3020; ProviderPath = %systemroot%\system32\wbem\NetAdapterCim.dll"
"5/23/2026 5:58:31 AM","5857","Information","Microsoft-Windows-WMI-Activity","mgmtprovider provider started with result code 0x0. HostProcess = wmiprvse.exe; ProcessID = 1904; ProviderPath = %systemroot%\system32\wbem\mgmtprovider.dll"
"5/23/2026 5:48:33 AM","5857","Information","Microsoft-Windows-WMI-Activity","deploymentprovider provider started with result code 0x0. HostProcess = wmiprvse.exe; ProcessID = 3500; ProviderPath = %systemroot%\system32\wbem\ServerManager.DeploymentProvider.dll"
"5/23/2026 5:48:31 AM","5857","Information","Microsoft-Windows-WMI-Activity","nettcpip provider started with result code 0x0. HostProcess = wmiprvse.exe; ProcessID = 1904; ProviderPath = %systemroot%\system32\wbem\NetTCPIP.dll"
"5/23/2026 5:48:31 AM","5857","Information","Microsoft-Windows-WMI-Activity","NetAdapterCim provider started with result code 0x0. HostProcess = wmiprvse.exe; ProcessID = 7540; ProviderPath = %systemroot%\system32\wbem\NetAdapterCim.dll"
"5/23/2026 5:48:31 AM","5857","Information","Microsoft-Windows-WMI-Activity","mgmtprovider provider started with result code 0x0. HostProcess = wmiprvse.exe; ProcessID = 1904; ProviderPath = %systemroot%\system32\wbem\mgmtprovider.dll"
"5/23/2026 5:46:59 AM","5857","Information","Microsoft-Windows-WMI-Activity","CIMWin32a provider started with result code 0x0. HostProcess = wmiprvse.exe; ProcessID = 1904; ProviderPath = %systemroot%\system32\wbem\wmipcima.dll"
"5/23/2026 5:46:59 AM","5858","Error","Microsoft-Windows-WMI-Activity","Id = {9912B889-948F-4FA6-BCD0-C7C983C8AB54}; ClientMachine = DC; User = NT AUTHORITY\SYSTEM; ClientProcessId = 1552; Component = Unknown; Operation = Start IWbemServices::DeleteInstance - Root\Rsop\Computer : RSOP_ExtensionStatus.extensionGuid=""{FC491EF1-C4AA-4CE1-B329-414B101DB823}""; ResultCode = 0x80041002; PossibleCause = Unknown"
"5/23/2026 5:46:59 AM","5858","Error","Microsoft-Windows-WMI-Activity","Id = {9912B889-948F-4FA6-BCD0-C7C983C8AB54}; ClientMachine = DC; User = NT AUTHORITY\SYSTEM; ClientProcessId = 1552; Component = Unknown; Operation = Start IWbemServices::DeleteInstance - Root\Rsop\Computer : RSOP_ExtensionStatus.extensionGuid=""{fbf687e6-f063-4d9f-9f4f-fd9a26acdd5f}""; ResultCode = 0x80041002; PossibleCause = Unknown"
"5/23/2026 5:46:59 AM","5858","Error","Microsoft-Windows-WMI-Activity","Id = {9912B889-948F-4FA6-BCD0-C7C983C8AB54}; ClientMachine = DC; User = NT AUTHORITY\SYSTEM; ClientProcessId = 1552; Component = Unknown; Operation = Start IWbemServices::DeleteInstance - Root\Rsop\Computer : RSOP_ExtensionStatus.extensionGuid=""{FB2CA36D-0B40-4307-821B-A13B252DE56C}""; ResultCode = 0x80041002; PossibleCause = Unknown"
"5/23/2026 5:46:59 AM","5858","Error","Microsoft-Windows-WMI-Activity","Id = {9912B889-948F-4FA6-BCD0-C7C983C8AB54}; ClientMachine = DC; User = NT AUTHORITY\SYSTEM; ClientProcessId = 1552; Component = Unknown; Operation = Start IWbemServices::DeleteInstance - Root\Rsop\Computer : RSOP_ExtensionStatus.extensionGuid=""{F312195E-3D9D-447A-A3F5-08DFFA24735E}""; ResultCode = 0x80041002; PossibleCause = Unknown"
"5/23/2026 5:46:59 AM","5858","Error","Microsoft-Windows-WMI-Activity","Id = {9912B889-948F-4FA6-BCD0-C7C983C8AB54}; ClientMachine = DC; User = NT AUTHORITY\SYSTEM; ClientProcessId = 1552; Component = Unknown; Operation = Start IWbemServices::DeleteInstance - Root\Rsop\Computer : RSOP_ExtensionStatus.extensionGuid=""{E62688F0-25FD-4c90-BFF5-F508B9D2E31F}""; ResultCode = 0x80041002; PossibleCause = Unknown"
"5/23/2026 5:46:59 AM","5858","Error","Microsoft-Windows-WMI-Activity","Id = {9912B889-948F-4FA6-BCD0-C7C983C8AB54}; ClientMachine = DC; User = NT AUTHORITY\SYSTEM; ClientProcessId = 1552; Component = Unknown; Operation = Start IWbemServices::DeleteInstance - Root\Rsop\Computer : RSOP_ExtensionStatus.extensionGuid=""{E5094040-C46C-4115-B030-04FB2E545B00}""; ResultCode = 0x80041002; PossibleCause = Unknown"
"5/23/2026 5:46:59 AM","5858","Error","Microsoft-Windows-WMI-Activity","Id = {9912B889-948F-4FA6-BCD0-C7C983C8AB54}; ClientMachine = DC; User = NT AUTHORITY\SYSTEM; ClientProcessId = 1552; Component = Unknown; Operation = Start IWbemServices::DeleteInstance - Root\Rsop\Computer : RSOP_ExtensionStatus.extensionGuid=""{E4F48E54-F38D-4884-BFB9-D4D2E5729C18}""; ResultCode = 0x80041002; PossibleCause = Unknown"
"5/23/2026 5:46:59 AM","5858","Error","Microsoft-Windows-WMI-Activity","Id = {9912B889-948F-4FA6-BCD0-C7C983C8AB54}; ClientMachine = DC; User = NT AUTHORITY\SYSTEM; ClientProcessId = 1552; Component = Unknown; Operation = Start IWbemServices::DeleteInstance - Root\Rsop\Computer : RSOP_ExtensionStatus.extensionGuid=""{e437bc1c-aa7d-11d2-a382-00c04f991e27}""; ResultCode = 0x80041002; PossibleCause = Unknown"
"5/23/2026 5:46:59 AM","5858","Error","Microsoft-Windows-WMI-Activity","Id = {9912B889-948F-4FA6-BCD0-C7C983C8AB54}; ClientMachine = DC; User = NT AUTHORITY\SYSTEM; ClientProcessId = 1552; Component = Unknown; Operation = Start IWbemServices::DeleteInstance - Root\Rsop\Computer : RSOP_ExtensionStatus.extensionGuid=""{CFF649BD-601D-4361-AD3D-0FC365DB4DB7}""; ResultCode = 0x80041002; PossibleCause = Unknown"
"5/23/2026 5:46:59 AM","5858","Error","Microsoft-Windows-WMI-Activity","Id = {9912B889-948F-4FA6-BCD0-C7C983C8AB54}; ClientMachine = DC; User = NT AUTHORITY\SYSTEM; ClientProcessId = 1552; Component = Unknown; Operation = Start IWbemServices::DeleteInstance - Root\Rsop\Computer : RSOP_ExtensionStatus.extensionGuid=""{CF7639F3-ABA2-41DB-97F2-81E2C5DBFC5D}""; ResultCode = 0x80041002; PossibleCause = Unknown"
"5/23/2026 5:46:59 AM","5858","Error","Microsoft-Windows-WMI-Activity","Id = {9912B889-948F-4FA6-BCD0-C7C983C8AB54}; ClientMachine = DC; User = NT AUTHORITY\SYSTEM; ClientProcessId = 1552; Component = Unknown; Operation = Start IWbemServices::DeleteInstance - Root\Rsop\Computer : RSOP_ExtensionStatus.extensionGuid=""{cdeafc3d-948d-49dd-ab12-e578ba4af7aa}""; ResultCode = 0x80041002; PossibleCause = Unknown"
"5/23/2026 5:46:59 AM","5858","Error","Microsoft-Windows-WMI-Activity","Id = {9912B889-948F-4FA6-BCD0-C7C983C8AB54}; ClientMachine = DC; User = NT AUTHORITY\SYSTEM; ClientProcessId = 1552; Component = Unknown; Operation = Start IWbemServices::DeleteInstance - Root\Rsop\Computer : RSOP_ExtensionStatus.extensionGuid=""{c6dc5466-785a-11d2-84d0-00c04fb169f7}""; ResultCode = 0x80041002; PossibleCause = Unknown"
"5/23/2026 5:46:59 AM","5858","Error","Microsoft-Windows-WMI-Activity","Id = {9912B889-948F-4FA6-BCD0-C7C983C8AB54}; ClientMachine = DC; User = NT AUTHORITY\SYSTEM; ClientProcessId = 1552; Component = Unknown; Operation = Start IWbemServices::DeleteInstance - Root\Rsop\Computer : RSOP_ExtensionStatus.extensionGuid=""{C631DF4C-088F-4156-B058-4375F0853CD8}""; ResultCode = 0x80041002; PossibleCause = Unknown"
"5/23/2026 5:46:59 AM","5858","Error","Microsoft-Windows-WMI-Activity","Id = {9912B889-948F-4FA6-BCD0-C7C983C8AB54}; ClientMachine = DC; User = NT AUTHORITY\SYSTEM; ClientProcessId = 1552; Component = Unknown; Operation = Start IWbemServices::DeleteInstance - Root\Rsop\Computer : RSOP_ExtensionStatus.extensionGuid=""{C418DD9D-0D14-4efb-8FBF-CFE535C8FAC7}""; ResultCode = 0x80041002; PossibleCause = Unknown"
"5/23/2026 5:46:59 AM","5858","Error","Microsoft-Windows-WMI-Activity","Id = {9912B889-948F-4FA6-BCD0-C7C983C8AB54}; ClientMachine = DC; User = NT AUTHORITY\SYSTEM; ClientProcessId = 1552; Component = Unknown; Operation = Start IWbemServices::DeleteInstance - Root\Rsop\Computer : RSOP_ExtensionStatus.extensionGuid=""{C34B2751-1CF4-44F5-9262-C3FC39666591}""; ResultCode = 0x80041002; PossibleCause = Unknown"
"5/23/2026 5:46:59 AM","5858","Error","Microsoft-Windows-WMI-Activity","Id = {9912B889-948F-4FA6-BCD0-C7C983C8AB54}; ClientMachine = DC; User = NT AUTHORITY\SYSTEM; ClientProcessId = 1552; Component = Unknown; Operation = Start IWbemServices::DeleteInstance - Root\Rsop\Computer : RSOP_ExtensionStatus.extensionGuid=""{BC75B1ED-5833-4858-9BB8-CBF0B166DF9D}""; ResultCode = 0x80041002; PossibleCause = Unknown"
"5/23/2026 5:46:59 AM","5858","Error","Microsoft-Windows-WMI-Activity","Id = {9912B889-948F-4FA6-BCD0-C7C983C8AB54}; ClientMachine = DC; User = NT AUTHORITY\SYSTEM; ClientProcessId = 1552; Component = Unknown; Operation = Start IWbemServices::DeleteInstance - Root\Rsop\Computer : RSOP_ExtensionStatus.extensionGuid=""{BA649533-0AAC-4E04-B9BC-4DBAE0325B12}""; ResultCode = 0x80041002; PossibleCause = Unknown"
"5/23/2026 5:46:59 AM","5858","Error","Microsoft-Windows-WMI-Activity","Id = {9912B889-948F-4FA6-BCD0-C7C983C8AB54}; ClientMachine = DC; User = NT AUTHORITY\SYSTEM; ClientProcessId = 1552; Component = Unknown; Operation = Start IWbemServices::DeleteInstance - Root\Rsop\Computer : RSOP_ExtensionStatus.extensionGuid=""{B587E2B1-4D59-4e7e-AED9-22B9DF11D053}""; ResultCode = 0x80041002; PossibleCause = Unknown"
"5/23/2026 5:46:59 AM","5858","Error","Microsoft-Windows-WMI-Activity","Id = {9912B889-948F-4FA6-BCD0-C7C983C8AB54}; ClientMachine = DC; User = NT AUTHORITY\SYSTEM; ClientProcessId = 1552; Component = Unknown; Operation = Start IWbemServices::DeleteInstance - Root\Rsop\Computer : RSOP_ExtensionStatus.extensionGuid=""{B087BE9D-ED37-454f-AF9C-04291E351182}""; ResultCode = 0x80041002; PossibleCause = Unknown"
"5/23/2026 5:46:59 AM","5858","Error","Microsoft-Windows-WMI-Activity","Id = {9912B889-948F-4FA6-BCD0-C7C983C8AB54}; ClientMachine = DC; User = NT AUTHORITY\SYSTEM; ClientProcessId = 1552; Component = Unknown; Operation = Start IWbemServices::DeleteInstance - Root\Rsop\Computer : RSOP_ExtensionStatus.extensionGuid=""{AADCED64-746C-4633-A97C-D61349046527}""; ResultCode = 0x80041002; PossibleCause = Unknown"
"5/23/2026 5:46:59 AM","5858","Error","Microsoft-Windows-WMI-Activity","Id = {9912B889-948F-4FA6-BCD0-C7C983C8AB54}; ClientMachine = DC; User = NT AUTHORITY\SYSTEM; ClientProcessId = 1552; Component = Unknown; Operation = Start IWbemServices::DeleteInstance - Root\Rsop\Computer : RSOP_ExtensionStatus.extensionGuid=""{A3F3E39B-5D83-4940-B954-28315B82F0A8}""; ResultCode = 0x80041002; PossibleCause = Unknown"
"5/23/2026 5:46:59 AM","5858","Error","Microsoft-Windows-WMI-Activity","Id = {9912B889-948F-4FA6-BCD0-C7C983C8AB54}; ClientMachine = DC; User = NT AUTHORITY\SYSTEM; ClientProcessId = 1552; Component = Unknown; Operation = Start IWbemServices::DeleteInstance - Root\Rsop\Computer : RSOP_ExtensionStatus.extensionGuid=""{91FBB303-0CD5-4055-BF42-E512A681B325}""; ResultCode = 0x80041002; PossibleCause = Unknown"
