"9/20/2026 4:20:02 AM","100","Information","Microsoft-Windows-TaskScheduler","Task Scheduler started ""{d94fee8f-8e8a-40a3-a5c5-09bab540c1ee}"" instance of the ""\Microsoft\Windows\Software Inventory Logging\Configuration"" task for user ""NT AUTHORITY\SYSTEM""."
"9/20/2026 4:20:02 AM","129","Information","Microsoft-Windows-TaskScheduler","Task Scheduler launch task ""\Microsoft\Windows\Software Inventory Logging\Configuration"" , instance ""%systemroot%\system32\cmd.exe""  with process ID 3140."
"9/20/2026 4:20:02 AM","118","Information","Microsoft-Windows-TaskScheduler","Task Scheduler launched ""{d94fee8f-8e8a-40a3-a5c5-09bab540c1ee}""  instance of task ""\Microsoft\Windows\Software Inventory Logging\Configuration""  due to system startup."
"9/20/2026 4:19:38 AM","102","Information","Microsoft-Windows-TaskScheduler","Task Scheduler successfully finished ""{8370dff1-8d11-4952-b9da-b8193652408c}"" instance of the ""\Microsoft\Windows\CertificateServicesClient\SystemTask"" task for user ""NT AUTHORITY\SYSTEM""."
"9/20/2026 4:19:38 AM","201","Information","Microsoft-Windows-TaskScheduler","Task Scheduler successfully completed task ""\Microsoft\Windows\CertificateServicesClient\SystemTask"" , instance ""{8370dff1-8d11-4952-b9da-b8193652408c}"" , action ""Certificate Services Client Task Handler"" with return code 0."
"9/20/2026 4:19:38 AM","102","Information","Microsoft-Windows-TaskScheduler","Task Scheduler successfully finished ""{89631519-72d2-4f6d-9346-ad4f4ab65d10}"" instance of the ""\Microsoft\Windows\Workplace Join\Automatic-Device-Join"" task for user ""NT AUTHORITY\SYSTEM""."
"9/20/2026 4:19:38 AM","201","Information","Microsoft-Windows-TaskScheduler","Task Scheduler successfully completed task ""\Microsoft\Windows\Workplace Join\Automatic-Device-Join"" , instance ""{89631519-72d2-4f6d-9346-ad4f4ab65d10}"" , action ""%SystemRoot%\System32\dsregcmd.exe"" with return code 0."
"9/20/2026 4:19:37 AM","140","Information","Microsoft-Windows-TaskScheduler","User ""SCAFFOLD\DC$""  updated Task Scheduler task ""\Microsoft\Windows\SoftwareProtectionPlatform\SvcRestartTask"""
"9/20/2026 4:19:12 AM","200","Information","Microsoft-Windows-TaskScheduler","Task Scheduler launched action ""Certificate Services Client Task Handler"" in instance ""{8370dff1-8d11-4952-b9da-b8193652408c}"" of task ""\Microsoft\Windows\CertificateServicesClient\SystemTask""."
"9/20/2026 4:19:12 AM","100","Information","Microsoft-Windows-TaskScheduler","Task Scheduler started ""{8370dff1-8d11-4952-b9da-b8193652408c}"" instance of the ""\Microsoft\Windows\CertificateServicesClient\SystemTask"" task for user ""NT AUTHORITY\SYSTEM""."
"9/20/2026 4:19:12 AM","129","Information","Microsoft-Windows-TaskScheduler","Task Scheduler launch task ""\Microsoft\Windows\CertificateServicesClient\SystemTask"" , instance ""taskhostw.exe""  with process ID 3832."
"9/20/2026 4:19:12 AM","118","Information","Microsoft-Windows-TaskScheduler","Task Scheduler launched ""{8370dff1-8d11-4952-b9da-b8193652408c}""  instance of task ""\Microsoft\Windows\CertificateServicesClient\SystemTask""  due to system startup."
"9/20/2026 4:19:06 AM","102","Information","Microsoft-Windows-TaskScheduler","Task Scheduler successfully finished ""{c6454bbf-3baa-4a3e-9186-24de9e354223}"" instance of the ""\Microsoft\Windows\SoftwareProtectionPlatform\SvcRestartTaskNetwork"" task for user ""(NONE)""."
"9/20/2026 4:19:06 AM","201","Information","Microsoft-Windows-TaskScheduler","Task Scheduler successfully completed task ""\Microsoft\Windows\SoftwareProtectionPlatform\SvcRestartTaskNetwork"" , instance ""{c6454bbf-3baa-4a3e-9186-24de9e354223}"" , action ""SppSvcRestartTaskHandler Class"" with return code 0."
"9/20/2026 4:19:06 AM","102","Information","Microsoft-Windows-TaskScheduler","Task Scheduler successfully finished ""{63a5b833-8902-42a3-a64d-269c2ec17b5f}"" instance of the ""\Microsoft\Windows\Flighting\FeatureConfig\UsageDataReporting"" task for user ""NT AUTHORITY\SYSTEM""."
"9/20/2026 4:19:06 AM","201","Information","Microsoft-Windows-TaskScheduler","Task Scheduler successfully completed task ""\Microsoft\Windows\Flighting\FeatureConfig\UsageDataReporting"" , instance ""{63a5b833-8902-42a3-a64d-269c2ec17b5f}"" , action ""Feature Usage Data Reporting Task Handler"" with return code 0."
"9/20/2026 4:19:06 AM","102","Information","Microsoft-Windows-TaskScheduler","Task Scheduler successfully finished ""{f0d3a995-de66-4a03-8f73-3e7c3234de27}"" instance of the ""\Microsoft\Windows\WwanSvc\OobeDiscovery"" task for user ""NT AUTHORITY\SYSTEM""."
"9/20/2026 4:19:06 AM","201","Information","Microsoft-Windows-TaskScheduler","Task Scheduler successfully completed task ""\Microsoft\Windows\WwanSvc\OobeDiscovery"" , instance ""{f0d3a995-de66-4a03-8f73-3e7c3234de27}"" , action ""OobeEsimTaskManager"" with return code 0."
"9/20/2026 4:19:05 AM","102","Information","Microsoft-Windows-TaskScheduler","Task Scheduler successfully finished ""{efeccbc0-2ce4-4d55-b6b6-ab2d797ad703}"" instance of the ""\Microsoft\Windows\ExploitGuard\ExploitGuard MDM policy Refresh"" task for user ""NT AUTHORITY\SYSTEM""."
"9/20/2026 4:19:05 AM","201","Information","Microsoft-Windows-TaskScheduler","Task Scheduler successfully completed task ""\Microsoft\Windows\ExploitGuard\ExploitGuard MDM policy Refresh"" , instance ""{efeccbc0-2ce4-4d55-b6b6-ab2d797ad703}"" , action """" with return code 0."
"9/20/2026 4:19:05 AM","102","Information","Microsoft-Windows-TaskScheduler","Task Scheduler successfully finished ""{ead72bcf-c4d2-433c-bfc3-dc3cd4e7ed26}"" instance of the ""\Microsoft\Windows\DirectX\DXGIAdapterCache"" task for user ""NT AUTHORITY\SYSTEM""."
"9/20/2026 4:19:05 AM","201","Information","Microsoft-Windows-TaskScheduler","Task Scheduler successfully completed task ""\Microsoft\Windows\DirectX\DXGIAdapterCache"" , instance ""{ead72bcf-c4d2-433c-bfc3-dc3cd4e7ed26}"" , action ""%windir%\system32\dxgiadaptercache.exe"" with return code 0."
"9/20/2026 4:19:05 AM","102","Information","Microsoft-Windows-TaskScheduler","Task Scheduler successfully finished ""{c82e6d53-9e6e-49e0-857a-5c9ee3cf3da2}"" instance of the ""\Microsoft\Windows\Time Synchronization\ForceSynchronizeTime"" task for user ""(NONE)""."
"9/20/2026 4:19:05 AM","201","Information","Microsoft-Windows-TaskScheduler","Task Scheduler successfully completed task ""\Microsoft\Windows\Time Synchronization\ForceSynchronizeTime"" , instance ""{c82e6d53-9e6e-49e0-857a-5c9ee3cf3da2}"" , action ""Time Synchronization Task Handler"" with return code 0."
"9/20/2026 4:19:05 AM","200","Information","Microsoft-Windows-TaskScheduler","Task Scheduler launched action ""SppSvcRestartTaskHandler Class"" in instance ""{c6454bbf-3baa-4a3e-9186-24de9e354223}"" of task ""\Microsoft\Windows\SoftwareProtectionPlatform\SvcRestartTaskNetwork""."
"9/20/2026 4:19:05 AM","100","Information","Microsoft-Windows-TaskScheduler","Task Scheduler started ""{c6454bbf-3baa-4a3e-9186-24de9e354223}"" instance of the ""\Microsoft\Windows\SoftwareProtectionPlatform\SvcRestartTaskNetwork"" task for user ""(NONE)""."
"9/20/2026 4:19:05 AM","129","Information","Microsoft-Windows-TaskScheduler","Task Scheduler launch task ""\Microsoft\Windows\SoftwareProtectionPlatform\SvcRestartTaskNetwork"" , instance ""taskhostw.exe""  with process ID 2696."
"9/20/2026 4:19:05 AM","108","Information","Microsoft-Windows-TaskScheduler","Task Scheduler launched ""{c6454bbf-3baa-4a3e-9186-24de9e354223}""  instance of task ""\Microsoft\Windows\SoftwareProtectionPlatform\SvcRestartTaskNetwork""  according to an event trigger."
"9/20/2026 4:19:05 AM","200","Information","Microsoft-Windows-TaskScheduler","Task Scheduler launched action ""Feature Usage Data Reporting Task Handler"" in instance ""{63a5b833-8902-42a3-a64d-269c2ec17b5f}"" of task ""\Microsoft\Windows\Flighting\FeatureConfig\UsageDataReporting""."
"9/20/2026 4:19:05 AM","100","Information","Microsoft-Windows-TaskScheduler","Task Scheduler started ""{63a5b833-8902-42a3-a64d-269c2ec17b5f}"" instance of the ""\Microsoft\Windows\Flighting\FeatureConfig\UsageDataReporting"" task for user ""NT AUTHORITY\SYSTEM""."
"9/20/2026 4:19:04 AM","200","Information","Microsoft-Windows-TaskScheduler","Task Scheduler launched action ""Time Synchronization Task Handler"" in instance ""{c82e6d53-9e6e-49e0-857a-5c9ee3cf3da2}"" of task ""\Microsoft\Windows\Time Synchronization\ForceSynchronizeTime""."
"9/20/2026 4:19:04 AM","100","Information","Microsoft-Windows-TaskScheduler","Task Scheduler started ""{c82e6d53-9e6e-49e0-857a-5c9ee3cf3da2}"" instance of the ""\Microsoft\Windows\Time Synchronization\ForceSynchronizeTime"" task for user ""(NONE)""."
"9/20/2026 4:19:04 AM","129","Information","Microsoft-Windows-TaskScheduler","Task Scheduler launch task ""\Microsoft\Windows\Time Synchronization\ForceSynchronizeTime"" , instance ""taskhostw.exe""  with process ID 2652."
"9/20/2026 4:19:04 AM","200","Information","Microsoft-Windows-TaskScheduler","Task Scheduler launched action ""OobeEsimTaskManager"" in instance ""{f0d3a995-de66-4a03-8f73-3e7c3234de27}"" of task ""\Microsoft\Windows\WwanSvc\OobeDiscovery""."
"9/20/2026 4:19:04 AM","100","Information","Microsoft-Windows-TaskScheduler","Task Scheduler started ""{f0d3a995-de66-4a03-8f73-3e7c3234de27}"" instance of the ""\Microsoft\Windows\WwanSvc\OobeDiscovery"" task for user ""NT AUTHORITY\SYSTEM""."
"9/20/2026 4:19:04 AM","200","Information","Microsoft-Windows-TaskScheduler","Task Scheduler launched action ""%SystemRoot%\System32\dsregcmd.exe"" in instance ""{89631519-72d2-4f6d-9346-ad4f4ab65d10}"" of task ""\Microsoft\Windows\Workplace Join\Automatic-Device-Join""."
"9/20/2026 4:19:04 AM","100","Information","Microsoft-Windows-TaskScheduler","Task Scheduler started ""{89631519-72d2-4f6d-9346-ad4f4ab65d10}"" instance of the ""\Microsoft\Windows\Workplace Join\Automatic-Device-Join"" task for user ""NT AUTHORITY\SYSTEM""."
"9/20/2026 4:19:04 AM","129","Information","Microsoft-Windows-TaskScheduler","Task Scheduler launch task ""\Microsoft\Windows\Workplace Join\Automatic-Device-Join"" , instance ""%SystemRoot%\System32\dsregcmd.exe""  with process ID 2644."
"9/20/2026 4:19:04 AM","110","Information","Microsoft-Windows-TaskScheduler","Task Scheduler launched ""{89631519-72d2-4f6d-9346-ad4f4ab65d10}""  instance of task ""\Microsoft\Windows\Workplace Join\Automatic-Device-Join""  for user ""System"" ."
"9/20/2026 4:19:04 AM","325","Warning","Microsoft-Windows-TaskScheduler","Task Scheduler queued instance ""{89631519-72d2-4f6d-9346-ad4f4ab65d10}""  of task ""\Microsoft\Windows\Workplace Join\Automatic-Device-Join""."
"9/20/2026 4:19:03 AM","101","Error","Microsoft-Windows-TaskScheduler","Task Scheduler failed to start ""\Microsoft\Windows\Workplace Join\Automatic-Device-Join"" task for user ""(default user)"". Additional Data: Error Value: 2147943568."
"9/20/2026 4:19:02 AM","200","Information","Microsoft-Windows-TaskScheduler","Task Scheduler launched action ""%windir%\system32\dxgiadaptercache.exe"" in instance ""{ead72bcf-c4d2-433c-bfc3-dc3cd4e7ed26}"" of task ""\Microsoft\Windows\DirectX\DXGIAdapterCache""."
"9/20/2026 4:19:02 AM","100","Information","Microsoft-Windows-TaskScheduler","Task Scheduler started ""{ead72bcf-c4d2-433c-bfc3-dc3cd4e7ed26}"" instance of the ""\Microsoft\Windows\DirectX\DXGIAdapterCache"" task for user ""NT AUTHORITY\SYSTEM""."
"9/20/2026 4:19:02 AM","129","Information","Microsoft-Windows-TaskScheduler","Task Scheduler launch task ""\Microsoft\Windows\DirectX\DXGIAdapterCache"" , instance ""%windir%\system32\dxgiadaptercache.exe""  with process ID 2064."
"9/20/2026 4:19:02 AM","200","Information","Microsoft-Windows-TaskScheduler","Task Scheduler launched action """" in instance ""{efeccbc0-2ce4-4d55-b6b6-ab2d797ad703}"" of task ""\Microsoft\Windows\ExploitGuard\ExploitGuard MDM policy Refresh""."
"9/20/2026 4:19:02 AM","100","Information","Microsoft-Windows-TaskScheduler","Task Scheduler started ""{efeccbc0-2ce4-4d55-b6b6-ab2d797ad703}"" instance of the ""\Microsoft\Windows\ExploitGuard\ExploitGuard MDM policy Refresh"" task for user ""NT AUTHORITY\SYSTEM""."
"9/20/2026 4:19:02 AM","129","Information","Microsoft-Windows-TaskScheduler","Task Scheduler launch task ""\Microsoft\Windows\ExploitGuard\ExploitGuard MDM policy Refresh"" , instance ""taskhostw.exe""  with process ID 2052."
"9/20/2026 4:19:02 AM","118","Information","Microsoft-Windows-TaskScheduler","Task Scheduler launched ""{efeccbc0-2ce4-4d55-b6b6-ab2d797ad703}""  instance of task ""\Microsoft\Windows\ExploitGuard\ExploitGuard MDM policy Refresh""  due to system startup."
"9/20/2026 4:19:01 AM","400","Information","Microsoft-Windows-TaskScheduler","Task Scheduler service has started."
"9/20/2026 4:19:01 AM","700","Information","Microsoft-Windows-TaskScheduler","Task Scheduler service started Task Compatibility module."
"9/7/2026 9:38:14 PM","402","Information","Microsoft-Windows-TaskScheduler","Task Scheduler service is shutting down."
"9/7/2026 9:38:14 PM","103","Error","Microsoft-Windows-TaskScheduler","Task Scheduler failed to start instance ""{51a98b4a-17a9-4515-a5f2-d9a542a14173}"" of ""\Microsoft\Windows\Wininet\CacheTask""  task for user """" . Additional Data: Error Value: 2147942404."
"9/7/2026 9:38:14 PM","202","Error","Microsoft-Windows-TaskScheduler","Task Scheduler failed to complete task ""\Microsoft\Windows\Wininet\CacheTask"" , instance ""{51a98b4a-17a9-4515-a5f2-d9a542a14173}"" , action ""Wininet Cache task object"" . Additional Data: Error Value: 2147942404."
"9/7/2026 9:38:14 PM","102","Information","Microsoft-Windows-TaskScheduler","Task Scheduler successfully finished ""{e646af8a-2676-42b7-b7c5-d3a2da0fe27a}"" instance of the ""\CreateExplorerShellUnelevatedTask"" task for user ""SCAFFOLD\Administrator""."
"9/7/2026 9:38:14 PM","201","Information","Microsoft-Windows-TaskScheduler","Task Scheduler successfully completed task ""\CreateExplorerShellUnelevatedTask"" , instance ""{e646af8a-2676-42b7-b7c5-d3a2da0fe27a}"" , action ""C:\Windows\Explorer.EXE"" with return code 2147942404."
"9/7/2026 9:38:13 PM","103","Error","Microsoft-Windows-TaskScheduler","Task Scheduler failed to start instance ""{94709cda-8bab-4d99-85a3-2bdd6fbc84a3}"" of ""\Microsoft\Windows\WDI\ResolutionHost""  task for user """" . Additional Data: Error Value: 2147942404."
"9/7/2026 9:38:13 PM","202","Error","Microsoft-Windows-TaskScheduler","Task Scheduler failed to complete task ""\Microsoft\Windows\WDI\ResolutionHost"" , instance ""{94709cda-8bab-4d99-85a3-2bdd6fbc84a3}"" , action ""DiagnosticInfrastructureCustomHandler"" . Additional Data: Error Value: 2147942404."
"9/7/2026 9:37:36 PM","102","Information","Microsoft-Windows-TaskScheduler","Task Scheduler successfully finished ""{44471246-bafd-4cfe-9d1d-51bc7adeddf1}"" instance of the ""\Microsoft\Windows\Flighting\FeatureConfig\ReconcileFeatures"" task for user ""NT AUTHORITY\SYSTEM""."
"9/7/2026 9:37:36 PM","201","Information","Microsoft-Windows-TaskScheduler","Task Scheduler successfully completed task ""\Microsoft\Windows\Flighting\FeatureConfig\ReconcileFeatures"" , instance ""{44471246-bafd-4cfe-9d1d-51bc7adeddf1}"" , action ""Feature Configuration Reconciliation Task Handler"" with return code 0."
"9/7/2026 9:37:36 PM","200","Information","Microsoft-Windows-TaskScheduler","Task Scheduler launched action ""Feature Configuration Reconciliation Task Handler"" in instance ""{44471246-bafd-4cfe-9d1d-51bc7adeddf1}"" of task ""\Microsoft\Windows\Flighting\FeatureConfig\ReconcileFeatures""."
"9/7/2026 9:37:36 PM","100","Information","Microsoft-Windows-TaskScheduler","Task Scheduler started ""{44471246-bafd-4cfe-9d1d-51bc7adeddf1}"" instance of the ""\Microsoft\Windows\Flighting\FeatureConfig\ReconcileFeatures"" task for user ""NT AUTHORITY\SYSTEM""."
"9/7/2026 9:37:36 PM","129","Information","Microsoft-Windows-TaskScheduler","Task Scheduler launch task ""\Microsoft\Windows\Flighting\FeatureConfig\ReconcileFeatures"" , instance ""taskhostw.exe""  with process ID 2504."
"9/7/2026 9:37:33 PM","102","Information","Microsoft-Windows-TaskScheduler","Task Scheduler successfully finished ""{16f3e58b-1c9b-49e8-9e6d-a92668d0a431}"" instance of the ""\Microsoft\Windows\Windows Error Reporting\QueueReporting"" task for user ""NT AUTHORITY\SYSTEM""."
"9/7/2026 9:37:33 PM","201","Information","Microsoft-Windows-TaskScheduler","Task Scheduler successfully completed task ""\Microsoft\Windows\Windows Error Reporting\QueueReporting"" , instance ""{16f3e58b-1c9b-49e8-9e6d-a92668d0a431}"" , action ""%windir%\system32\wermgr.exe"" with return code 0."
"9/7/2026 9:37:33 PM","140","Information","Microsoft-Windows-TaskScheduler","User ""SCAFFOLD\DC$""  updated Task Scheduler task ""\Microsoft\Windows\SoftwareProtectionPlatform\SvcRestartTask"""
"9/7/2026 9:37:32 PM","200","Information","Microsoft-Windows-TaskScheduler","Task Scheduler launched action ""%windir%\system32\wermgr.exe"" in instance ""{16f3e58b-1c9b-49e8-9e6d-a92668d0a431}"" of task ""\Microsoft\Windows\Windows Error Reporting\QueueReporting""."
"9/7/2026 9:37:32 PM","100","Information","Microsoft-Windows-TaskScheduler","Task Scheduler started ""{16f3e58b-1c9b-49e8-9e6d-a92668d0a431}"" instance of the ""\Microsoft\Windows\Windows Error Reporting\QueueReporting"" task for user ""NT AUTHORITY\SYSTEM""."
"9/7/2026 9:37:32 PM","129","Information","Microsoft-Windows-TaskScheduler","Task Scheduler launch task ""\Microsoft\Windows\Windows Error Reporting\QueueReporting"" , instance ""%windir%\system32\wermgr.exe""  with process ID 3532."
"9/7/2026 9:37:32 PM","118","Information","Microsoft-Windows-TaskScheduler","Task Scheduler launched ""{16f3e58b-1c9b-49e8-9e6d-a92668d0a431}""  instance of task ""\Microsoft\Windows\Windows Error Reporting\QueueReporting""  due to system startup."
"9/7/2026 9:37:02 PM","140","Information","Microsoft-Windows-TaskScheduler","User ""SCAFFOLD\DC$""  updated Task Scheduler task ""\Microsoft\Windows\Application Experience\PcaPatchDbTask"""
"9/7/2026 9:37:01 PM","200","Information","Microsoft-Windows-TaskScheduler","Task Scheduler launched action ""DiagnosticInfrastructureCustomHandler"" in instance ""{94709cda-8bab-4d99-85a3-2bdd6fbc84a3}"" of task ""\Microsoft\Windows\WDI\ResolutionHost""."
"9/7/2026 9:37:01 PM","100","Information","Microsoft-Windows-TaskScheduler","Task Scheduler started ""{94709cda-8bab-4d99-85a3-2bdd6fbc84a3}"" instance of the ""\Microsoft\Windows\WDI\ResolutionHost"" task for user ""SCAFFOLD\Administrator""."
"9/7/2026 9:37:01 PM","129","Information","Microsoft-Windows-TaskScheduler","Task Scheduler launch task ""\Microsoft\Windows\WDI\ResolutionHost"" , instance ""taskhostw.exe""  with process ID 6532."
"9/7/2026 9:37:01 PM","110","Information","Microsoft-Windows-TaskScheduler","Task Scheduler launched ""{94709cda-8bab-4d99-85a3-2bdd6fbc84a3}""  instance of task ""\Microsoft\Windows\WDI\ResolutionHost""  for user ""Administrator"" ."
"9/7/2026 9:37:01 PM","325","Warning","Microsoft-Windows-TaskScheduler","Task Scheduler queued instance ""{94709cda-8bab-4d99-85a3-2bdd6fbc84a3}""  of task ""\Microsoft\Windows\WDI\ResolutionHost""."
"9/7/2026 9:36:53 PM","103","Error","Microsoft-Windows-TaskScheduler","Task Scheduler failed to start instance ""{5f3d7927-d776-4bc7-b826-6f94e52de278}"" of ""\Microsoft\Windows\International\Synchronize Language Settings""  task for user ""SCAFFOLD\Administrator"" . Additional Data: Error Value: 2147746053."
"9/7/2026 9:36:53 PM","202","Error","Microsoft-Windows-TaskScheduler","Task Scheduler failed to complete task ""\Microsoft\Windows\International\Synchronize Language Settings"" , instance ""{5f3d7927-d776-4bc7-b826-6f94e52de278}"" , action ""Sync Language Data From Cloud Task"" . Additional Data: Error Value: 2147746053."
"9/7/2026 9:36:48 PM","102","Information","Microsoft-Windows-TaskScheduler","Task Scheduler successfully finished ""{33e66363-af7d-4ec5-8bbe-584ec1d54d13}"" instance of the ""\Microsoft\Windows\Workplace Join\Automatic-Device-Join"" task for user ""NT AUTHORITY\SYSTEM""."
"9/7/2026 9:36:48 PM","201","Information","Microsoft-Windows-TaskScheduler","Task Scheduler successfully completed task ""\Microsoft\Windows\Workplace Join\Automatic-Device-Join"" , instance ""{33e66363-af7d-4ec5-8bbe-584ec1d54d13}"" , action ""%SystemRoot%\System32\dsregcmd.exe"" with return code 2147942401."
"9/7/2026 9:36:47 PM","200","Information","Microsoft-Windows-TaskScheduler","Task Scheduler launched action ""%SystemRoot%\System32\dsregcmd.exe"" in instance ""{33e66363-af7d-4ec5-8bbe-584ec1d54d13}"" of task ""\Microsoft\Windows\Workplace Join\Automatic-Device-Join""."
"9/7/2026 9:36:47 PM","100","Information","Microsoft-Windows-TaskScheduler","Task Scheduler started ""{33e66363-af7d-4ec5-8bbe-584ec1d54d13}"" instance of the ""\Microsoft\Windows\Workplace Join\Automatic-Device-Join"" task for user ""NT AUTHORITY\SYSTEM""."
"9/7/2026 9:36:47 PM","129","Information","Microsoft-Windows-TaskScheduler","Task Scheduler launch task ""\Microsoft\Windows\Workplace Join\Automatic-Device-Join"" , instance ""%SystemRoot%\System32\dsregcmd.exe""  with process ID 6212."
"9/7/2026 9:36:47 PM","119","Information","Microsoft-Windows-TaskScheduler","Task Scheduler launched ""{33e66363-af7d-4ec5-8bbe-584ec1d54d13}""  instance of task ""\Microsoft\Windows\Workplace Join\Automatic-Device-Join"" due to user ""SCAFFOLD\Administrator""  logon."
"9/7/2026 9:36:44 PM","102","Information","Microsoft-Windows-TaskScheduler","Task Scheduler successfully finished ""{6c9de2f0-44fb-483e-b2d8-b77b537db004}"" instance of the ""\Scaffold\ScaffoldDeployEngine"" task for user ""NT AUTHORITY\SYSTEM""."
"9/7/2026 9:36:44 PM","201","Information","Microsoft-Windows-TaskScheduler","Task Scheduler successfully completed task ""\Scaffold\ScaffoldDeployEngine"" , instance ""{6c9de2f0-44fb-483e-b2d8-b77b537db004}"" , action ""powershell.exe"" with return code 0."
"9/7/2026 9:36:41 PM","200","Information","Microsoft-Windows-TaskScheduler","Task Scheduler launched action ""powershell.exe"" in instance ""{6c9de2f0-44fb-483e-b2d8-b77b537db004}"" of task ""\Scaffold\ScaffoldDeployEngine""."
"9/7/2026 9:36:41 PM","100","Information","Microsoft-Windows-TaskScheduler","Task Scheduler started ""{6c9de2f0-44fb-483e-b2d8-b77b537db004}"" instance of the ""\Scaffold\ScaffoldDeployEngine"" task for user ""NT AUTHORITY\SYSTEM""."
"9/7/2026 9:36:41 PM","129","Information","Microsoft-Windows-TaskScheduler","Task Scheduler launch task ""\Scaffold\ScaffoldDeployEngine"" , instance ""powershell.exe""  with process ID 2824."
"9/7/2026 9:36:41 PM","107","Information","Microsoft-Windows-TaskScheduler","Task Scheduler launched ""{6c9de2f0-44fb-483e-b2d8-b77b537db004}""  instance of task ""\Scaffold\ScaffoldDeployEngine"" due to a time trigger condition."
"9/7/2026 9:36:23 PM","102","Information","Microsoft-Windows-TaskScheduler","Task Scheduler successfully finished ""{42b45514-0c82-453e-917f-3d0df69c3fd6}"" instance of the ""\Microsoft\Windows\UpdateOrchestrator\MusUx_UpdateInterval"" task for user ""NT AUTHORITY\SYSTEM""."
"9/7/2026 9:36:23 PM","201","Information","Microsoft-Windows-TaskScheduler","Task Scheduler successfully completed task ""\Microsoft\Windows\UpdateOrchestrator\MusUx_UpdateInterval"" , instance ""{42b45514-0c82-453e-917f-3d0df69c3fd6}"" , action ""%systemroot%\system32\MusNotification.exe"" with return code 2147943458."
"9/7/2026 9:36:22 PM","200","Information","Microsoft-Windows-TaskScheduler","Task Scheduler launched action ""%systemroot%\system32\MusNotification.exe"" in instance ""{42b45514-0c82-453e-917f-3d0df69c3fd6}"" of task ""\Microsoft\Windows\UpdateOrchestrator\MusUx_UpdateInterval""."
"9/7/2026 9:36:22 PM","100","Information","Microsoft-Windows-TaskScheduler","Task Scheduler started ""{42b45514-0c82-453e-917f-3d0df69c3fd6}"" instance of the ""\Microsoft\Windows\UpdateOrchestrator\MusUx_UpdateInterval"" task for user ""NT AUTHORITY\SYSTEM""."
"9/7/2026 9:36:22 PM","129","Information","Microsoft-Windows-TaskScheduler","Task Scheduler launch task ""\Microsoft\Windows\UpdateOrchestrator\MusUx_UpdateInterval"" , instance ""%systemroot%\system32\MusNotification.exe""  with process ID 7140."
"9/7/2026 9:36:22 PM","119","Information","Microsoft-Windows-TaskScheduler","Task Scheduler launched ""{42b45514-0c82-453e-917f-3d0df69c3fd6}""  instance of task ""\Microsoft\Windows\UpdateOrchestrator\MusUx_UpdateInterval"" due to user ""SCAFFOLD\Administrator""  logon."
"9/7/2026 9:36:21 PM","140","Information","Microsoft-Windows-TaskScheduler","User ""SCAFFOLD\DC$""  updated Task Scheduler task ""\Microsoft\Windows\SoftwareProtectionPlatform\SvcRestartTask"""
"9/7/2026 9:36:17 PM","200","Information","Microsoft-Windows-TaskScheduler","Task Scheduler launched action ""Sync Language Data From Cloud Task"" in instance ""{5f3d7927-d776-4bc7-b826-6f94e52de278}"" of task ""\Microsoft\Windows\International\Synchronize Language Settings""."
"9/7/2026 9:36:17 PM","100","Information","Microsoft-Windows-TaskScheduler","Task Scheduler started ""{5f3d7927-d776-4bc7-b826-6f94e52de278}"" instance of the ""\Microsoft\Windows\International\Synchronize Language Settings"" task for user ""SCAFFOLD\Administrator""."
"9/7/2026 9:36:17 PM","129","Information","Microsoft-Windows-TaskScheduler","Task Scheduler launch task ""\Microsoft\Windows\International\Synchronize Language Settings"" , instance ""taskhostw.exe""  with process ID 6988."
"9/7/2026 9:36:17 PM","119","Information","Microsoft-Windows-TaskScheduler","Task Scheduler launched ""{5f3d7927-d776-4bc7-b826-6f94e52de278}""  instance of task ""\Microsoft\Windows\International\Synchronize Language Settings"" due to user ""SCAFFOLD\Administrator""  logon."
"9/7/2026 9:35:55 PM","102","Information","Microsoft-Windows-TaskScheduler","Task Scheduler successfully finished ""{b2011a93-4752-4410-a90c-45fbbc737ab5}"" instance of the ""\Microsoft\Windows\Server Manager\ServerManager"" task for user ""SCAFFOLD\Administrator""."
"9/7/2026 9:35:55 PM","201","Information","Microsoft-Windows-TaskScheduler","Task Scheduler successfully completed task ""\Microsoft\Windows\Server Manager\ServerManager"" , instance ""{b2011a93-4752-4410-a90c-45fbbc737ab5}"" , action ""%windir%\system32\ServerManagerLauncher.exe"" with return code 0."
"9/7/2026 9:35:49 PM","102","Information","Microsoft-Windows-TaskScheduler","Task Scheduler successfully finished ""{c264814c-3590-43b6-8d14-46f4ee529887}"" instance of the ""\Microsoft\Windows\SoftwareProtectionPlatform\SvcRestartTaskLogon"" task for user ""SCAFFOLD\Administrator""."
"9/7/2026 9:35:49 PM","201","Information","Microsoft-Windows-TaskScheduler","Task Scheduler successfully completed task ""\Microsoft\Windows\SoftwareProtectionPlatform\SvcRestartTaskLogon"" , instance ""{c264814c-3590-43b6-8d14-46f4ee529887}"" , action ""SppSvcRestartTaskHandler Class"" with return code 0."
"9/7/2026 9:35:49 PM","200","Information","Microsoft-Windows-TaskScheduler","Task Scheduler launched action ""C:\Windows\Explorer.EXE"" in instance ""{e646af8a-2676-42b7-b7c5-d3a2da0fe27a}"" of task ""\CreateExplorerShellUnelevatedTask""."
"9/7/2026 9:35:49 PM","100","Information","Microsoft-Windows-TaskScheduler","Task Scheduler started ""{e646af8a-2676-42b7-b7c5-d3a2da0fe27a}"" instance of the ""\CreateExplorerShellUnelevatedTask"" task for user ""SCAFFOLD\Administrator""."
"9/7/2026 9:35:49 PM","129","Information","Microsoft-Windows-TaskScheduler","Task Scheduler launch task ""\CreateExplorerShellUnelevatedTask"" , instance ""C:\Windows\Explorer.EXE""  with process ID 2980."
"9/7/2026 9:35:49 PM","109","Information","Microsoft-Windows-TaskScheduler","Task Scheduler launched ""{e646af8a-2676-42b7-b7c5-d3a2da0fe27a}""  instance of task ""\CreateExplorerShellUnelevatedTask""  according to a registration trigger."
"9/7/2026 9:35:49 PM","140","Information","Microsoft-Windows-TaskScheduler","User ""SCAFFOLD\Administrator""  updated Task Scheduler task ""\CreateExplorerShellUnelevatedTask"""
"9/7/2026 9:35:49 PM","106","Information","Microsoft-Windows-TaskScheduler","User ""SCAFFOLD\Administrator""  registered Task Scheduler task ""\CreateExplorerShellUnelevatedTask"""
"9/7/2026 9:35:49 PM","141","Information","Microsoft-Windows-TaskScheduler","User ""SCAFFOLD\Administrator""  deleted Task Scheduler task ""\CreateExplorerShellUnelevatedTask"""
"9/7/2026 9:35:49 PM","102","Information","Microsoft-Windows-TaskScheduler","Task Scheduler successfully finished ""{c814ce76-af2a-48e7-97f2-48e8b8313658}"" instance of the ""\Microsoft\Windows\CertificateServicesClient\UserTask"" task for user ""SCAFFOLD\Administrator""."
"9/7/2026 9:35:49 PM","201","Information","Microsoft-Windows-TaskScheduler","Task Scheduler successfully completed task ""\Microsoft\Windows\CertificateServicesClient\UserTask"" , instance ""{c814ce76-af2a-48e7-97f2-48e8b8313658}"" , action ""Certificate Services Client Task Handler"" with return code 0."
"9/7/2026 9:35:48 PM","102","Information","Microsoft-Windows-TaskScheduler","Task Scheduler successfully finished ""{e7217d72-b5a0-43ad-b12a-b80842884a65}"" instance of the ""\Microsoft\Windows\Plug and Play\Device Install Reboot Required"" task for user ""SCAFFOLD\Administrator""."
"9/7/2026 9:35:48 PM","201","Information","Microsoft-Windows-TaskScheduler","Task Scheduler successfully completed task ""\Microsoft\Windows\Plug and Play\Device Install Reboot Required"" , instance ""{e7217d72-b5a0-43ad-b12a-b80842884a65}"" , action ""Device Installation Reboot Dialog Task"" with return code 0."
"9/7/2026 9:35:48 PM","102","Information","Microsoft-Windows-TaskScheduler","Task Scheduler successfully finished ""{e2090a99-d52e-4475-9ca2-16d34d07e339}"" instance of the ""\Microsoft\Windows\WindowsColorSystem\Calibration Loader"" task for user ""SCAFFOLD\Administrator""."
"9/7/2026 9:35:48 PM","201","Information","Microsoft-Windows-TaskScheduler","Task Scheduler successfully completed task ""\Microsoft\Windows\WindowsColorSystem\Calibration Loader"" , instance ""{e2090a99-d52e-4475-9ca2-16d34d07e339}"" , action ""Color Calibration Loader"" with return code 0."
"9/7/2026 9:35:47 PM","102","Information","Microsoft-Windows-TaskScheduler","Task Scheduler successfully finished ""{dfad0f75-0d08-4f6b-bdcc-9f0981e3a2d5}"" instance of the ""\Microsoft\Windows\TextServicesFramework\MsCtfMonitor"" task for user ""SCAFFOLD\Administrator""."
"9/7/2026 9:35:47 PM","201","Information","Microsoft-Windows-TaskScheduler","Task Scheduler successfully completed task ""\Microsoft\Windows\TextServicesFramework\MsCtfMonitor"" , instance ""{dfad0f75-0d08-4f6b-bdcc-9f0981e3a2d5}"" , action ""MsCtfMonitor task handler"" with return code 0."
"9/7/2026 9:35:47 PM","200","Information","Microsoft-Windows-TaskScheduler","Task Scheduler launched action ""Certificate Services Client Task Handler"" in instance ""{c814ce76-af2a-48e7-97f2-48e8b8313658}"" of task ""\Microsoft\Windows\CertificateServicesClient\UserTask""."
"9/7/2026 9:35:47 PM","100","Information","Microsoft-Windows-TaskScheduler","Task Scheduler started ""{c814ce76-af2a-48e7-97f2-48e8b8313658}"" instance of the ""\Microsoft\Windows\CertificateServicesClient\UserTask"" task for user ""SCAFFOLD\Administrator""."
"9/7/2026 9:35:47 PM","200","Information","Microsoft-Windows-TaskScheduler","Task Scheduler launched action ""Device Installation Reboot Dialog Task"" in instance ""{e7217d72-b5a0-43ad-b12a-b80842884a65}"" of task ""\Microsoft\Windows\Plug and Play\Device Install Reboot Required""."
"9/7/2026 9:35:47 PM","100","Information","Microsoft-Windows-TaskScheduler","Task Scheduler started ""{e7217d72-b5a0-43ad-b12a-b80842884a65}"" instance of the ""\Microsoft\Windows\Plug and Play\Device Install Reboot Required"" task for user ""SCAFFOLD\Administrator""."
"9/7/2026 9:35:47 PM","129","Information","Microsoft-Windows-TaskScheduler","Task Scheduler launch task ""\Microsoft\Windows\Plug and Play\Device Install Reboot Required"" , instance ""taskhostw.exe""  with process ID 3500."
"9/7/2026 9:35:47 PM","119","Information","Microsoft-Windows-TaskScheduler","Task Scheduler launched ""{e7217d72-b5a0-43ad-b12a-b80842884a65}""  instance of task ""\Microsoft\Windows\Plug and Play\Device Install Reboot Required"" due to user ""SCAFFOLD\Administrator""  logon."
"9/7/2026 9:35:47 PM","200","Information","Microsoft-Windows-TaskScheduler","Task Scheduler launched action ""SppSvcRestartTaskHandler Class"" in instance ""{c264814c-3590-43b6-8d14-46f4ee529887}"" of task ""\Microsoft\Windows\SoftwareProtectionPlatform\SvcRestartTaskLogon""."
"9/7/2026 9:35:47 PM","100","Information","Microsoft-Windows-TaskScheduler","Task Scheduler started ""{c264814c-3590-43b6-8d14-46f4ee529887}"" instance of the ""\Microsoft\Windows\SoftwareProtectionPlatform\SvcRestartTaskLogon"" task for user ""SCAFFOLD\Administrator""."
"9/7/2026 9:35:47 PM","119","Information","Microsoft-Windows-TaskScheduler","Task Scheduler launched ""{c264814c-3590-43b6-8d14-46f4ee529887}""  instance of task ""\Microsoft\Windows\SoftwareProtectionPlatform\SvcRestartTaskLogon"" due to user ""SCAFFOLD\Administrator""  logon."
"9/7/2026 9:35:47 PM","200","Information","Microsoft-Windows-TaskScheduler","Task Scheduler launched action ""Wininet Cache task object"" in instance ""{51a98b4a-17a9-4515-a5f2-d9a542a14173}"" of task ""\Microsoft\Windows\Wininet\CacheTask""."
"9/7/2026 9:35:47 PM","100","Information","Microsoft-Windows-TaskScheduler","Task Scheduler started ""{51a98b4a-17a9-4515-a5f2-d9a542a14173}"" instance of the ""\Microsoft\Windows\Wininet\CacheTask"" task for user ""SCAFFOLD\Administrator""."
"9/7/2026 9:35:47 PM","119","Information","Microsoft-Windows-TaskScheduler","Task Scheduler launched ""{51a98b4a-17a9-4515-a5f2-d9a542a14173}""  instance of task ""\Microsoft\Windows\Wininet\CacheTask"" due to user ""SCAFFOLD\Administrator""  logon."
"9/7/2026 9:35:47 PM","200","Information","Microsoft-Windows-TaskScheduler","Task Scheduler launched action ""Color Calibration Loader"" in instance ""{e2090a99-d52e-4475-9ca2-16d34d07e339}"" of task ""\Microsoft\Windows\WindowsColorSystem\Calibration Loader""."
"9/7/2026 9:35:47 PM","100","Information","Microsoft-Windows-TaskScheduler","Task Scheduler started ""{e2090a99-d52e-4475-9ca2-16d34d07e339}"" instance of the ""\Microsoft\Windows\WindowsColorSystem\Calibration Loader"" task for user ""SCAFFOLD\Administrator""."
"9/7/2026 9:35:47 PM","129","Information","Microsoft-Windows-TaskScheduler","Task Scheduler launch task ""\Microsoft\Windows\WindowsColorSystem\Calibration Loader"" , instance ""taskhostw.exe""  with process ID 4344."
"9/7/2026 9:35:47 PM","119","Information","Microsoft-Windows-TaskScheduler","Task Scheduler launched ""{e2090a99-d52e-4475-9ca2-16d34d07e339}""  instance of task ""\Microsoft\Windows\WindowsColorSystem\Calibration Loader"" due to user ""SCAFFOLD\Administrator""  logon."
"9/7/2026 9:35:47 PM","200","Information","Microsoft-Windows-TaskScheduler","Task Scheduler launched action ""MsCtfMonitor task handler"" in instance ""{dfad0f75-0d08-4f6b-bdcc-9f0981e3a2d5}"" of task ""\Microsoft\Windows\TextServicesFramework\MsCtfMonitor""."
"9/7/2026 9:35:47 PM","100","Information","Microsoft-Windows-TaskScheduler","Task Scheduler started ""{dfad0f75-0d08-4f6b-bdcc-9f0981e3a2d5}"" instance of the ""\Microsoft\Windows\TextServicesFramework\MsCtfMonitor"" task for user ""SCAFFOLD\Administrator""."
"9/7/2026 9:35:47 PM","129","Information","Microsoft-Windows-TaskScheduler","Task Scheduler launch task ""\Microsoft\Windows\TextServicesFramework\MsCtfMonitor"" , instance ""taskhostw.exe""  with process ID 5180."
"9/7/2026 9:35:47 PM","119","Information","Microsoft-Windows-TaskScheduler","Task Scheduler launched ""{c814ce76-af2a-48e7-97f2-48e8b8313658}""  instance of task ""\Microsoft\Windows\CertificateServicesClient\UserTask"" due to user ""SCAFFOLD\Administrator""  logon."
"9/7/2026 9:35:47 PM","119","Information","Microsoft-Windows-TaskScheduler","Task Scheduler launched ""{dfad0f75-0d08-4f6b-bdcc-9f0981e3a2d5}""  instance of task ""\Microsoft\Windows\TextServicesFramework\MsCtfMonitor"" due to user ""SCAFFOLD\Administrator""  logon."
"9/7/2026 9:35:47 PM","200","Information","Microsoft-Windows-TaskScheduler","Task Scheduler launched action ""%windir%\system32\ServerManagerLauncher.exe"" in instance ""{b2011a93-4752-4410-a90c-45fbbc737ab5}"" of task ""\Microsoft\Windows\Server Manager\ServerManager""."
"9/7/2026 9:35:47 PM","100","Information","Microsoft-Windows-TaskScheduler","Task Scheduler started ""{b2011a93-4752-4410-a90c-45fbbc737ab5}"" instance of the ""\Microsoft\Windows\Server Manager\ServerManager"" task for user ""SCAFFOLD\Administrator""."
"9/7/2026 9:35:47 PM","129","Information","Microsoft-Windows-TaskScheduler","Task Scheduler launch task ""\Microsoft\Windows\Server Manager\ServerManager"" , instance ""%windir%\system32\ServerManagerLauncher.exe""  with process ID 5684."
"9/7/2026 9:35:47 PM","119","Information","Microsoft-Windows-TaskScheduler","Task Scheduler launched ""{b2011a93-4752-4410-a90c-45fbbc737ab5}""  instance of task ""\Microsoft\Windows\Server Manager\ServerManager"" due to user ""SCAFFOLD\Administrator""  logon."
"9/7/2026 9:35:33 PM","102","Information","Microsoft-Windows-TaskScheduler","Task Scheduler successfully finished ""{63d50e6d-3abe-4898-8913-a15e87a1ed9c}"" instance of the ""\Microsoft\Windows\Software Inventory Logging\Configuration"" task for user ""NT AUTHORITY\SYSTEM""."
"9/7/2026 9:35:33 PM","201","Information","Microsoft-Windows-TaskScheduler","Task Scheduler successfully completed task ""\Microsoft\Windows\Software Inventory Logging\Configuration"" , instance ""{63d50e6d-3abe-4898-8913-a15e87a1ed9c}"" , action ""%systemroot%\system32\cmd.exe"" with return code 0."
"9/7/2026 9:35:33 PM","102","Information","Microsoft-Windows-TaskScheduler","Task Scheduler successfully finished ""{0a69648b-cc86-4991-ad0e-62361c7cc443}"" instance of the ""\Microsoft\Windows\DirectX\DXGIAdapterCache"" task for user ""NT AUTHORITY\SYSTEM""."
"9/7/2026 9:35:33 PM","201","Information","Microsoft-Windows-TaskScheduler","Task Scheduler successfully completed task ""\Microsoft\Windows\DirectX\DXGIAdapterCache"" , instance ""{0a69648b-cc86-4991-ad0e-62361c7cc443}"" , action ""%windir%\system32\dxgiadaptercache.exe"" with return code 0."
"9/7/2026 9:35:32 PM","200","Information","Microsoft-Windows-TaskScheduler","Task Scheduler launched action ""%systemroot%\system32\cmd.exe"" in instance ""{63d50e6d-3abe-4898-8913-a15e87a1ed9c}"" of task ""\Microsoft\Windows\Software Inventory Logging\Configuration""."
"9/7/2026 9:35:32 PM","100","Information","Microsoft-Windows-TaskScheduler","Task Scheduler started ""{63d50e6d-3abe-4898-8913-a15e87a1ed9c}"" instance of the ""\Microsoft\Windows\Software Inventory Logging\Configuration"" task for user ""NT AUTHORITY\SYSTEM""."
"9/7/2026 9:35:32 PM","129","Information","Microsoft-Windows-TaskScheduler","Task Scheduler launch task ""\Microsoft\Windows\Software Inventory Logging\Configuration"" , instance ""%systemroot%\system32\cmd.exe""  with process ID 5800."
"9/7/2026 9:35:32 PM","200","Information","Microsoft-Windows-TaskScheduler","Task Scheduler launched action ""%windir%\system32\dxgiadaptercache.exe"" in instance ""{0a69648b-cc86-4991-ad0e-62361c7cc443}"" of task ""\Microsoft\Windows\DirectX\DXGIAdapterCache""."
"9/7/2026 9:35:32 PM","100","Information","Microsoft-Windows-TaskScheduler","Task Scheduler started ""{0a69648b-cc86-4991-ad0e-62361c7cc443}"" instance of the ""\Microsoft\Windows\DirectX\DXGIAdapterCache"" task for user ""NT AUTHORITY\SYSTEM""."
"9/7/2026 9:35:32 PM","129","Information","Microsoft-Windows-TaskScheduler","Task Scheduler launch task ""\Microsoft\Windows\DirectX\DXGIAdapterCache"" , instance ""%windir%\system32\dxgiadaptercache.exe""  with process ID 5804."
"9/7/2026 9:35:32 PM","118","Information","Microsoft-Windows-TaskScheduler","Task Scheduler launched ""{0a69648b-cc86-4991-ad0e-62361c7cc443}""  instance of task ""\Microsoft\Windows\DirectX\DXGIAdapterCache""  due to system startup."
"9/7/2026 9:35:32 PM","118","Information","Microsoft-Windows-TaskScheduler","Task Scheduler launched ""{63d50e6d-3abe-4898-8913-a15e87a1ed9c}""  instance of task ""\Microsoft\Windows\Software Inventory Logging\Configuration""  due to system startup."
"9/7/2026 9:35:30 PM","102","Information","Microsoft-Windows-TaskScheduler","Task Scheduler successfully finished ""{5e3a6536-bc54-4374-83c7-2f584092c2dc}"" instance of the ""\Scaffold\ScaffoldDeployEngine"" task for user ""NT AUTHORITY\SYSTEM""."
"9/7/2026 9:35:30 PM","201","Information","Microsoft-Windows-TaskScheduler","Task Scheduler successfully completed task ""\Scaffold\ScaffoldDeployEngine"" , instance ""{5e3a6536-bc54-4374-83c7-2f584092c2dc}"" , action ""powershell.exe"" with return code 0."
"9/7/2026 9:35:28 PM","102","Information","Microsoft-Windows-TaskScheduler","Task Scheduler successfully finished ""{e902b3ed-d497-45a9-8bea-1429a354a61a}"" instance of the ""\Microsoft\Windows\CertificateServicesClient\SystemTask"" task for user ""NT AUTHORITY\SYSTEM""."
"9/7/2026 9:35:28 PM","201","Information","Microsoft-Windows-TaskScheduler","Task Scheduler successfully completed task ""\Microsoft\Windows\CertificateServicesClient\SystemTask"" , instance ""{e902b3ed-d497-45a9-8bea-1429a354a61a}"" , action ""Certificate Services Client Task Handler"" with return code 0."
"9/7/2026 9:35:14 PM","102","Information","Microsoft-Windows-TaskScheduler","Task Scheduler successfully finished ""{eba33010-7f31-4726-94f2-3bcd4af3e066}"" instance of the ""\Microsoft\Windows\Workplace Join\Automatic-Device-Join"" task for user ""NT AUTHORITY\SYSTEM""."
"9/7/2026 9:35:14 PM","201","Information","Microsoft-Windows-TaskScheduler","Task Scheduler successfully completed task ""\Microsoft\Windows\Workplace Join\Automatic-Device-Join"" , instance ""{eba33010-7f31-4726-94f2-3bcd4af3e066}"" , action ""%SystemRoot%\System32\dsregcmd.exe"" with return code 2147942401."
"9/7/2026 9:34:43 PM","200","Information","Microsoft-Windows-TaskScheduler","Task Scheduler launched action ""Certificate Services Client Task Handler"" in instance ""{e902b3ed-d497-45a9-8bea-1429a354a61a}"" of task ""\Microsoft\Windows\CertificateServicesClient\SystemTask""."
"9/7/2026 9:34:43 PM","100","Information","Microsoft-Windows-TaskScheduler","Task Scheduler started ""{e902b3ed-d497-45a9-8bea-1429a354a61a}"" instance of the ""\Microsoft\Windows\CertificateServicesClient\SystemTask"" task for user ""NT AUTHORITY\SYSTEM""."
"9/7/2026 9:34:43 PM","129","Information","Microsoft-Windows-TaskScheduler","Task Scheduler launch task ""\Microsoft\Windows\CertificateServicesClient\SystemTask"" , instance ""taskhostw.exe""  with process ID 3724."
"9/7/2026 9:34:43 PM","118","Information","Microsoft-Windows-TaskScheduler","Task Scheduler launched ""{e902b3ed-d497-45a9-8bea-1429a354a61a}""  instance of task ""\Microsoft\Windows\CertificateServicesClient\SystemTask""  due to system startup."
"9/7/2026 9:34:42 PM","200","Information","Microsoft-Windows-TaskScheduler","Task Scheduler launched action ""powershell.exe"" in instance ""{5e3a6536-bc54-4374-83c7-2f584092c2dc}"" of task ""\Scaffold\ScaffoldDeployEngine""."
"9/7/2026 9:34:42 PM","100","Information","Microsoft-Windows-TaskScheduler","Task Scheduler started ""{5e3a6536-bc54-4374-83c7-2f584092c2dc}"" instance of the ""\Scaffold\ScaffoldDeployEngine"" task for user ""NT AUTHORITY\SYSTEM""."
"9/7/2026 9:34:42 PM","129","Information","Microsoft-Windows-TaskScheduler","Task Scheduler launch task ""\Scaffold\ScaffoldDeployEngine"" , instance ""powershell.exe""  with process ID 3496."
"9/7/2026 9:34:41 PM","107","Information","Microsoft-Windows-TaskScheduler","Task Scheduler launched ""{5e3a6536-bc54-4374-83c7-2f584092c2dc}""  instance of task ""\Scaffold\ScaffoldDeployEngine"" due to a time trigger condition."
"9/7/2026 9:34:35 PM","102","Information","Microsoft-Windows-TaskScheduler","Task Scheduler successfully finished ""{1af36184-76e6-4d95-90dd-8a9baaf9db99}"" instance of the ""\Microsoft\Windows\WwanSvc\OobeDiscovery"" task for user ""NT AUTHORITY\SYSTEM""."
"9/7/2026 9:34:35 PM","201","Information","Microsoft-Windows-TaskScheduler","Task Scheduler successfully completed task ""\Microsoft\Windows\WwanSvc\OobeDiscovery"" , instance ""{1af36184-76e6-4d95-90dd-8a9baaf9db99}"" , action ""OobeEsimTaskManager"" with return code 0."
"9/7/2026 9:34:35 PM","102","Information","Microsoft-Windows-TaskScheduler","Task Scheduler successfully finished ""{2bc5bc0a-638b-4d13-9de0-7cef7f2bb8c5}"" instance of the ""\Microsoft\Windows\ExploitGuard\ExploitGuard MDM policy Refresh"" task for user ""NT AUTHORITY\SYSTEM""."
"9/7/2026 9:34:35 PM","201","Information","Microsoft-Windows-TaskScheduler","Task Scheduler successfully completed task ""\Microsoft\Windows\ExploitGuard\ExploitGuard MDM policy Refresh"" , instance ""{2bc5bc0a-638b-4d13-9de0-7cef7f2bb8c5}"" , action """" with return code 0."
"9/7/2026 9:34:35 PM","102","Information","Microsoft-Windows-TaskScheduler","Task Scheduler successfully finished ""{1274f920-7d62-45d0-96fc-0edd72d6788f}"" instance of the ""\Microsoft\Windows\DirectX\DXGIAdapterCache"" task for user ""NT AUTHORITY\SYSTEM""."
"9/7/2026 9:34:35 PM","201","Information","Microsoft-Windows-TaskScheduler","Task Scheduler successfully completed task ""\Microsoft\Windows\DirectX\DXGIAdapterCache"" , instance ""{1274f920-7d62-45d0-96fc-0edd72d6788f}"" , action ""%windir%\system32\dxgiadaptercache.exe"" with return code 0."
"9/7/2026 9:34:35 PM","102","Information","Microsoft-Windows-TaskScheduler","Task Scheduler successfully finished ""{02d6683d-de57-4d25-8580-5675f77b22d9}"" instance of the ""\Microsoft\Windows\Time Synchronization\ForceSynchronizeTime"" task for user ""(NONE)""."
"9/7/2026 9:34:35 PM","201","Information","Microsoft-Windows-TaskScheduler","Task Scheduler successfully completed task ""\Microsoft\Windows\Time Synchronization\ForceSynchronizeTime"" , instance ""{02d6683d-de57-4d25-8580-5675f77b22d9}"" , action ""Time Synchronization Task Handler"" with return code 0."
"9/7/2026 9:34:35 PM","200","Information","Microsoft-Windows-TaskScheduler","Task Scheduler launched action ""Time Synchronization Task Handler"" in instance ""{02d6683d-de57-4d25-8580-5675f77b22d9}"" of task ""\Microsoft\Windows\Time Synchronization\ForceSynchronizeTime""."
"9/7/2026 9:34:35 PM","100","Information","Microsoft-Windows-TaskScheduler","Task Scheduler started ""{02d6683d-de57-4d25-8580-5675f77b22d9}"" instance of the ""\Microsoft\Windows\Time Synchronization\ForceSynchronizeTime"" task for user ""(NONE)""."
"9/7/2026 9:34:35 PM","129","Information","Microsoft-Windows-TaskScheduler","Task Scheduler launch task ""\Microsoft\Windows\Time Synchronization\ForceSynchronizeTime"" , instance ""taskhostw.exe""  with process ID 2592."
"9/7/2026 9:34:35 PM","110","Information","Microsoft-Windows-TaskScheduler","Task Scheduler launched ""{eba33010-7f31-4726-94f2-3bcd4af3e066}""  instance of task ""\Microsoft\Windows\Workplace Join\Automatic-Device-Join""  for user ""System"" ."
"9/7/2026 9:34:35 PM","200","Information","Microsoft-Windows-TaskScheduler","Task Scheduler launched action ""%SystemRoot%\System32\dsregcmd.exe"" in instance ""{eba33010-7f31-4726-94f2-3bcd4af3e066}"" of task ""\Microsoft\Windows\Workplace Join\Automatic-Device-Join""."
"9/7/2026 9:34:35 PM","100","Information","Microsoft-Windows-TaskScheduler","Task Scheduler started ""{eba33010-7f31-4726-94f2-3bcd4af3e066}"" instance of the ""\Microsoft\Windows\Workplace Join\Automatic-Device-Join"" task for user ""NT AUTHORITY\SYSTEM""."
"9/7/2026 9:34:35 PM","129","Information","Microsoft-Windows-TaskScheduler","Task Scheduler launch task ""\Microsoft\Windows\Workplace Join\Automatic-Device-Join"" , instance ""%SystemRoot%\System32\dsregcmd.exe""  with process ID 2584."
"9/7/2026 9:34:35 PM","325","Warning","Microsoft-Windows-TaskScheduler","Task Scheduler queued instance ""{eba33010-7f31-4726-94f2-3bcd4af3e066}""  of task ""\Microsoft\Windows\Workplace Join\Automatic-Device-Join""."
"9/7/2026 9:34:34 PM","200","Information","Microsoft-Windows-TaskScheduler","Task Scheduler launched action ""OobeEsimTaskManager"" in instance ""{1af36184-76e6-4d95-90dd-8a9baaf9db99}"" of task ""\Microsoft\Windows\WwanSvc\OobeDiscovery""."
"9/7/2026 9:34:34 PM","100","Information","Microsoft-Windows-TaskScheduler","Task Scheduler started ""{1af36184-76e6-4d95-90dd-8a9baaf9db99}"" instance of the ""\Microsoft\Windows\WwanSvc\OobeDiscovery"" task for user ""NT AUTHORITY\SYSTEM""."
"9/7/2026 9:34:33 PM","101","Error","Microsoft-Windows-TaskScheduler","Task Scheduler failed to start ""\Microsoft\Windows\Workplace Join\Automatic-Device-Join"" task for user ""(default user)"". Additional Data: Error Value: 2147943568."
"9/7/2026 9:34:32 PM","200","Information","Microsoft-Windows-TaskScheduler","Task Scheduler launched action ""%windir%\system32\dxgiadaptercache.exe"" in instance ""{1274f920-7d62-45d0-96fc-0edd72d6788f}"" of task ""\Microsoft\Windows\DirectX\DXGIAdapterCache""."
"9/7/2026 9:34:32 PM","100","Information","Microsoft-Windows-TaskScheduler","Task Scheduler started ""{1274f920-7d62-45d0-96fc-0edd72d6788f}"" instance of the ""\Microsoft\Windows\DirectX\DXGIAdapterCache"" task for user ""NT AUTHORITY\SYSTEM""."
"9/7/2026 9:34:32 PM","200","Information","Microsoft-Windows-TaskScheduler","Task Scheduler launched action """" in instance ""{2bc5bc0a-638b-4d13-9de0-7cef7f2bb8c5}"" of task ""\Microsoft\Windows\ExploitGuard\ExploitGuard MDM policy Refresh""."
"9/7/2026 9:34:32 PM","100","Information","Microsoft-Windows-TaskScheduler","Task Scheduler started ""{2bc5bc0a-638b-4d13-9de0-7cef7f2bb8c5}"" instance of the ""\Microsoft\Windows\ExploitGuard\ExploitGuard MDM policy Refresh"" task for user ""NT AUTHORITY\SYSTEM""."
