"9/7/2026 7:21:24 PM","201","Information","Microsoft-Windows-TaskScheduler","Task Scheduler successfully completed task ""\Microsoft\Windows\SoftwareProtectionPlatform\SvcRestartTaskLogon"" , instance ""{8750497d-add0-4b75-af68-47178b8974b9}"" , action ""SppSvcRestartTaskHandler Class"" with return code 0."
"9/7/2026 7:21:24 PM","102","Information","Microsoft-Windows-TaskScheduler","Task Scheduler successfully finished ""{61e0f4b1-6a27-47bb-8f44-55793d517e5d}"" instance of the ""\Microsoft\Windows\Plug and Play\Device Install Reboot Required"" task for user ""SCAFFOLD\Administrator""."
"9/7/2026 7:21:24 PM","201","Information","Microsoft-Windows-TaskScheduler","Task Scheduler successfully completed task ""\Microsoft\Windows\Plug and Play\Device Install Reboot Required"" , instance ""{61e0f4b1-6a27-47bb-8f44-55793d517e5d}"" , action ""Device Installation Reboot Dialog Task"" with return code 0."
"9/7/2026 7:21:23 PM","102","Information","Microsoft-Windows-TaskScheduler","Task Scheduler successfully finished ""{0b448a37-b279-4687-89a3-0f8bc5e52a4f}"" instance of the ""\Microsoft\Windows\WindowsColorSystem\Calibration Loader"" task for user ""SCAFFOLD\Administrator""."
"9/7/2026 7:21:23 PM","201","Information","Microsoft-Windows-TaskScheduler","Task Scheduler successfully completed task ""\Microsoft\Windows\WindowsColorSystem\Calibration Loader"" , instance ""{0b448a37-b279-4687-89a3-0f8bc5e52a4f}"" , action ""Color Calibration Loader"" with return code 0."
"9/7/2026 7:21:23 PM","102","Information","Microsoft-Windows-TaskScheduler","Task Scheduler successfully finished ""{612b9cc1-014b-45c2-adf1-5d330e5ec938}"" instance of the ""\Microsoft\Windows\TextServicesFramework\MsCtfMonitor"" task for user ""SCAFFOLD\Administrator""."
"9/7/2026 7:21:23 PM","201","Information","Microsoft-Windows-TaskScheduler","Task Scheduler successfully completed task ""\Microsoft\Windows\TextServicesFramework\MsCtfMonitor"" , instance ""{612b9cc1-014b-45c2-adf1-5d330e5ec938}"" , action ""MsCtfMonitor task handler"" with return code 0."
"9/7/2026 7:21:23 PM","200","Information","Microsoft-Windows-TaskScheduler","Task Scheduler launched action ""SppSvcRestartTaskHandler Class"" in instance ""{8750497d-add0-4b75-af68-47178b8974b9}"" of task ""\Microsoft\Windows\SoftwareProtectionPlatform\SvcRestartTaskLogon""."
"9/7/2026 7:21:23 PM","100","Information","Microsoft-Windows-TaskScheduler","Task Scheduler started ""{8750497d-add0-4b75-af68-47178b8974b9}"" instance of the ""\Microsoft\Windows\SoftwareProtectionPlatform\SvcRestartTaskLogon"" task for user ""SCAFFOLD\Administrator""."
"9/7/2026 7:21:23 PM","200","Information","Microsoft-Windows-TaskScheduler","Task Scheduler launched action ""Color Calibration Loader"" in instance ""{0b448a37-b279-4687-89a3-0f8bc5e52a4f}"" of task ""\Microsoft\Windows\WindowsColorSystem\Calibration Loader""."
"9/7/2026 7:21:23 PM","100","Information","Microsoft-Windows-TaskScheduler","Task Scheduler started ""{0b448a37-b279-4687-89a3-0f8bc5e52a4f}"" instance of the ""\Microsoft\Windows\WindowsColorSystem\Calibration Loader"" task for user ""SCAFFOLD\Administrator""."
"9/7/2026 7:21:23 PM","200","Information","Microsoft-Windows-TaskScheduler","Task Scheduler launched action ""Certificate Services Client Task Handler"" in instance ""{72eda261-cf78-4a14-930a-d168306d3d87}"" of task ""\Microsoft\Windows\CertificateServicesClient\UserTask""."
"9/7/2026 7:21:23 PM","100","Information","Microsoft-Windows-TaskScheduler","Task Scheduler started ""{72eda261-cf78-4a14-930a-d168306d3d87}"" instance of the ""\Microsoft\Windows\CertificateServicesClient\UserTask"" task for user ""SCAFFOLD\Administrator""."
"9/7/2026 7:21:23 PM","129","Information","Microsoft-Windows-TaskScheduler","Task Scheduler launch task ""\Microsoft\Windows\CertificateServicesClient\UserTask"" , instance ""taskhostw.exe""  with process ID 4776."
"9/7/2026 7:21:23 PM","200","Information","Microsoft-Windows-TaskScheduler","Task Scheduler launched action ""Device Installation Reboot Dialog Task"" in instance ""{61e0f4b1-6a27-47bb-8f44-55793d517e5d}"" of task ""\Microsoft\Windows\Plug and Play\Device Install Reboot Required""."
"9/7/2026 7:21:23 PM","100","Information","Microsoft-Windows-TaskScheduler","Task Scheduler started ""{61e0f4b1-6a27-47bb-8f44-55793d517e5d}"" instance of the ""\Microsoft\Windows\Plug and Play\Device Install Reboot Required"" task for user ""SCAFFOLD\Administrator""."
"9/7/2026 7:21:23 PM","129","Information","Microsoft-Windows-TaskScheduler","Task Scheduler launch task ""\Microsoft\Windows\Plug and Play\Device Install Reboot Required"" , instance ""taskhostw.exe""  with process ID 3768."
"9/7/2026 7:21:23 PM","119","Information","Microsoft-Windows-TaskScheduler","Task Scheduler launched ""{8750497d-add0-4b75-af68-47178b8974b9}""  instance of task ""\Microsoft\Windows\SoftwareProtectionPlatform\SvcRestartTaskLogon"" due to user ""SCAFFOLD\Administrator""  logon."
"9/7/2026 7:21:23 PM","119","Information","Microsoft-Windows-TaskScheduler","Task Scheduler launched ""{61e0f4b1-6a27-47bb-8f44-55793d517e5d}""  instance of task ""\Microsoft\Windows\Plug and Play\Device Install Reboot Required"" due to user ""SCAFFOLD\Administrator""  logon."
"9/7/2026 7:21:22 PM","200","Information","Microsoft-Windows-TaskScheduler","Task Scheduler launched action ""Wininet Cache task object"" in instance ""{5db1e04a-193f-4070-b192-9e219d11b1e9}"" of task ""\Microsoft\Windows\Wininet\CacheTask""."
"9/7/2026 7:21:22 PM","100","Information","Microsoft-Windows-TaskScheduler","Task Scheduler started ""{5db1e04a-193f-4070-b192-9e219d11b1e9}"" instance of the ""\Microsoft\Windows\Wininet\CacheTask"" task for user ""SCAFFOLD\Administrator""."
"9/7/2026 7:21:22 PM","119","Information","Microsoft-Windows-TaskScheduler","Task Scheduler launched ""{5db1e04a-193f-4070-b192-9e219d11b1e9}""  instance of task ""\Microsoft\Windows\Wininet\CacheTask"" due to user ""SCAFFOLD\Administrator""  logon."
"9/7/2026 7:21:22 PM","200","Information","Microsoft-Windows-TaskScheduler","Task Scheduler launched action ""%windir%\system32\ServerManagerLauncher.exe"" in instance ""{d268c12c-7667-44fa-8fc1-71ece071cb78}"" of task ""\Microsoft\Windows\Server Manager\ServerManager""."
"9/7/2026 7:21:22 PM","100","Information","Microsoft-Windows-TaskScheduler","Task Scheduler started ""{d268c12c-7667-44fa-8fc1-71ece071cb78}"" instance of the ""\Microsoft\Windows\Server Manager\ServerManager"" task for user ""SCAFFOLD\Administrator""."
"9/7/2026 7:21:22 PM","129","Information","Microsoft-Windows-TaskScheduler","Task Scheduler launch task ""\Microsoft\Windows\Server Manager\ServerManager"" , instance ""%windir%\system32\ServerManagerLauncher.exe""  with process ID 2144."
"9/7/2026 7:21:22 PM","200","Information","Microsoft-Windows-TaskScheduler","Task Scheduler launched action ""MsCtfMonitor task handler"" in instance ""{612b9cc1-014b-45c2-adf1-5d330e5ec938}"" of task ""\Microsoft\Windows\TextServicesFramework\MsCtfMonitor""."
"9/7/2026 7:21:22 PM","100","Information","Microsoft-Windows-TaskScheduler","Task Scheduler started ""{612b9cc1-014b-45c2-adf1-5d330e5ec938}"" instance of the ""\Microsoft\Windows\TextServicesFramework\MsCtfMonitor"" task for user ""SCAFFOLD\Administrator""."
"9/7/2026 7:21:22 PM","129","Information","Microsoft-Windows-TaskScheduler","Task Scheduler launch task ""\Microsoft\Windows\TextServicesFramework\MsCtfMonitor"" , instance ""taskhostw.exe""  with process ID 4712."
"9/7/2026 7:21:22 PM","119","Information","Microsoft-Windows-TaskScheduler","Task Scheduler launched ""{0b448a37-b279-4687-89a3-0f8bc5e52a4f}""  instance of task ""\Microsoft\Windows\WindowsColorSystem\Calibration Loader"" due to user ""SCAFFOLD\Administrator""  logon."
"9/7/2026 7:21:22 PM","119","Information","Microsoft-Windows-TaskScheduler","Task Scheduler launched ""{d268c12c-7667-44fa-8fc1-71ece071cb78}""  instance of task ""\Microsoft\Windows\Server Manager\ServerManager"" due to user ""SCAFFOLD\Administrator""  logon."
"9/7/2026 7:21:22 PM","119","Information","Microsoft-Windows-TaskScheduler","Task Scheduler launched ""{72eda261-cf78-4a14-930a-d168306d3d87}""  instance of task ""\Microsoft\Windows\CertificateServicesClient\UserTask"" due to user ""SCAFFOLD\Administrator""  logon."
"9/7/2026 7:21:22 PM","119","Information","Microsoft-Windows-TaskScheduler","Task Scheduler launched ""{612b9cc1-014b-45c2-adf1-5d330e5ec938}""  instance of task ""\Microsoft\Windows\TextServicesFramework\MsCtfMonitor"" due to user ""SCAFFOLD\Administrator""  logon."
"9/7/2026 7:21:09 PM","140","Information","Microsoft-Windows-TaskScheduler","User ""SCAFFOLD\DC$""  updated Task Scheduler task ""\Microsoft\Windows\SoftwareProtectionPlatform\SvcRestartTask"""
"9/7/2026 7:20:57 PM","102","Information","Microsoft-Windows-TaskScheduler","Task Scheduler successfully finished ""{14d5dcd8-079a-4e8e-8ade-ae077f5b2a38}"" instance of the ""\Microsoft\Windows\Flighting\FeatureConfig\ReconcileFeatures"" task for user ""NT AUTHORITY\SYSTEM""."
"9/7/2026 7:20:57 PM","201","Information","Microsoft-Windows-TaskScheduler","Task Scheduler successfully completed task ""\Microsoft\Windows\Flighting\FeatureConfig\ReconcileFeatures"" , instance ""{14d5dcd8-079a-4e8e-8ade-ae077f5b2a38}"" , action ""Feature Configuration Reconciliation Task Handler"" with return code 0."
"9/7/2026 7:20:57 PM","200","Information","Microsoft-Windows-TaskScheduler","Task Scheduler launched action ""Feature Configuration Reconciliation Task Handler"" in instance ""{14d5dcd8-079a-4e8e-8ade-ae077f5b2a38}"" of task ""\Microsoft\Windows\Flighting\FeatureConfig\ReconcileFeatures""."
"9/7/2026 7:20:57 PM","100","Information","Microsoft-Windows-TaskScheduler","Task Scheduler started ""{14d5dcd8-079a-4e8e-8ade-ae077f5b2a38}"" instance of the ""\Microsoft\Windows\Flighting\FeatureConfig\ReconcileFeatures"" task for user ""NT AUTHORITY\SYSTEM""."
"9/7/2026 7:20:57 PM","129","Information","Microsoft-Windows-TaskScheduler","Task Scheduler launch task ""\Microsoft\Windows\Flighting\FeatureConfig\ReconcileFeatures"" , instance ""taskhostw.exe""  with process ID 2276."
"9/7/2026 7:20:53 PM","102","Information","Microsoft-Windows-TaskScheduler","Task Scheduler successfully finished ""{8fe2aefa-4adc-4814-a22c-3ea66b247dbc}"" instance of the ""\Microsoft\Windows\Windows Error Reporting\QueueReporting"" task for user ""NT AUTHORITY\SYSTEM""."
"9/7/2026 7:20:53 PM","201","Information","Microsoft-Windows-TaskScheduler","Task Scheduler successfully completed task ""\Microsoft\Windows\Windows Error Reporting\QueueReporting"" , instance ""{8fe2aefa-4adc-4814-a22c-3ea66b247dbc}"" , action ""%windir%\system32\wermgr.exe"" with return code 0."
"9/7/2026 7:20:53 PM","200","Information","Microsoft-Windows-TaskScheduler","Task Scheduler launched action ""%windir%\system32\wermgr.exe"" in instance ""{8fe2aefa-4adc-4814-a22c-3ea66b247dbc}"" of task ""\Microsoft\Windows\Windows Error Reporting\QueueReporting""."
"9/7/2026 7:20:53 PM","100","Information","Microsoft-Windows-TaskScheduler","Task Scheduler started ""{8fe2aefa-4adc-4814-a22c-3ea66b247dbc}"" instance of the ""\Microsoft\Windows\Windows Error Reporting\QueueReporting"" task for user ""NT AUTHORITY\SYSTEM""."
"9/7/2026 7:20:53 PM","129","Information","Microsoft-Windows-TaskScheduler","Task Scheduler launch task ""\Microsoft\Windows\Windows Error Reporting\QueueReporting"" , instance ""%windir%\system32\wermgr.exe""  with process ID 1900."
"9/7/2026 7:20:53 PM","118","Information","Microsoft-Windows-TaskScheduler","Task Scheduler launched ""{8fe2aefa-4adc-4814-a22c-3ea66b247dbc}""  instance of task ""\Microsoft\Windows\Windows Error Reporting\QueueReporting""  due to system startup."
"9/7/2026 7:20:44 PM","102","Information","Microsoft-Windows-TaskScheduler","Task Scheduler successfully finished ""{9b562230-fb33-40a4-b3ee-1f2d2aef7138}"" instance of the ""\Scaffold\ScaffoldDeployEngine"" task for user ""NT AUTHORITY\SYSTEM""."
"9/7/2026 7:20:44 PM","201","Information","Microsoft-Windows-TaskScheduler","Task Scheduler successfully completed task ""\Scaffold\ScaffoldDeployEngine"" , instance ""{9b562230-fb33-40a4-b3ee-1f2d2aef7138}"" , action ""powershell.exe"" with return code 0."
"9/7/2026 7:20:41 PM","200","Information","Microsoft-Windows-TaskScheduler","Task Scheduler launched action ""powershell.exe"" in instance ""{9b562230-fb33-40a4-b3ee-1f2d2aef7138}"" of task ""\Scaffold\ScaffoldDeployEngine""."
"9/7/2026 7:20:41 PM","100","Information","Microsoft-Windows-TaskScheduler","Task Scheduler started ""{9b562230-fb33-40a4-b3ee-1f2d2aef7138}"" instance of the ""\Scaffold\ScaffoldDeployEngine"" task for user ""NT AUTHORITY\SYSTEM""."
"9/7/2026 7:20:41 PM","129","Information","Microsoft-Windows-TaskScheduler","Task Scheduler launch task ""\Scaffold\ScaffoldDeployEngine"" , instance ""powershell.exe""  with process ID 2280."
"9/7/2026 7:20:41 PM","107","Information","Microsoft-Windows-TaskScheduler","Task Scheduler launched ""{9b562230-fb33-40a4-b3ee-1f2d2aef7138}""  instance of task ""\Scaffold\ScaffoldDeployEngine"" due to a time trigger condition."
"9/7/2026 7:20:38 PM","140","Information","Microsoft-Windows-TaskScheduler","User ""SCAFFOLD\DC$""  updated Task Scheduler task ""\Microsoft\Windows\Application Experience\PcaPatchDbTask"""
"9/7/2026 7:19:00 PM","102","Information","Microsoft-Windows-TaskScheduler","Task Scheduler successfully finished ""{c497e125-7ed1-4dd1-add2-1a1dde5b6832}"" instance of the ""\Microsoft\Windows\CertificateServicesClient\SystemTask"" task for user ""NT AUTHORITY\SYSTEM""."
"9/7/2026 7:19:00 PM","201","Information","Microsoft-Windows-TaskScheduler","Task Scheduler successfully completed task ""\Microsoft\Windows\CertificateServicesClient\SystemTask"" , instance ""{c497e125-7ed1-4dd1-add2-1a1dde5b6832}"" , action ""Certificate Services Client Task Handler"" with return code 0."
"9/7/2026 7:19:00 PM","102","Information","Microsoft-Windows-TaskScheduler","Task Scheduler successfully finished ""{ed600685-c277-4c13-baf3-989cf57e3d83}"" instance of the ""\Scaffold\ScaffoldDeployEngine"" task for user ""NT AUTHORITY\SYSTEM""."
"9/7/2026 7:19:00 PM","201","Information","Microsoft-Windows-TaskScheduler","Task Scheduler successfully completed task ""\Scaffold\ScaffoldDeployEngine"" , instance ""{ed600685-c277-4c13-baf3-989cf57e3d83}"" , action ""powershell.exe"" with return code 0."
"9/7/2026 7:18:55 PM","102","Information","Microsoft-Windows-TaskScheduler","Task Scheduler successfully finished ""{dc94db3e-8bcd-416b-a839-0eb2f0ff60ef}"" instance of the ""\Microsoft\Windows\Software Inventory Logging\Configuration"" task for user ""NT AUTHORITY\SYSTEM""."
"9/7/2026 7:18:55 PM","201","Information","Microsoft-Windows-TaskScheduler","Task Scheduler successfully completed task ""\Microsoft\Windows\Software Inventory Logging\Configuration"" , instance ""{dc94db3e-8bcd-416b-a839-0eb2f0ff60ef}"" , action ""%systemroot%\system32\cmd.exe"" with return code 0."
"9/7/2026 7:18:55 PM","102","Information","Microsoft-Windows-TaskScheduler","Task Scheduler successfully finished ""{057a73f7-fe3e-4700-a6bc-f9beb55f8f3b}"" instance of the ""\Microsoft\Windows\DirectX\DXGIAdapterCache"" task for user ""NT AUTHORITY\SYSTEM""."
"9/7/2026 7:18:55 PM","201","Information","Microsoft-Windows-TaskScheduler","Task Scheduler successfully completed task ""\Microsoft\Windows\DirectX\DXGIAdapterCache"" , instance ""{057a73f7-fe3e-4700-a6bc-f9beb55f8f3b}"" , action ""%windir%\system32\dxgiadaptercache.exe"" with return code 0."
"9/7/2026 7:18:53 PM","200","Information","Microsoft-Windows-TaskScheduler","Task Scheduler launched action ""%windir%\system32\dxgiadaptercache.exe"" in instance ""{057a73f7-fe3e-4700-a6bc-f9beb55f8f3b}"" of task ""\Microsoft\Windows\DirectX\DXGIAdapterCache""."
"9/7/2026 7:18:53 PM","100","Information","Microsoft-Windows-TaskScheduler","Task Scheduler started ""{057a73f7-fe3e-4700-a6bc-f9beb55f8f3b}"" instance of the ""\Microsoft\Windows\DirectX\DXGIAdapterCache"" task for user ""NT AUTHORITY\SYSTEM""."
"9/7/2026 7:18:53 PM","129","Information","Microsoft-Windows-TaskScheduler","Task Scheduler launch task ""\Microsoft\Windows\DirectX\DXGIAdapterCache"" , instance ""%windir%\system32\dxgiadaptercache.exe""  with process ID 5908."
"9/7/2026 7:18:53 PM","118","Information","Microsoft-Windows-TaskScheduler","Task Scheduler launched ""{057a73f7-fe3e-4700-a6bc-f9beb55f8f3b}""  instance of task ""\Microsoft\Windows\DirectX\DXGIAdapterCache""  due to system startup."
"9/7/2026 7:18:53 PM","200","Information","Microsoft-Windows-TaskScheduler","Task Scheduler launched action ""%systemroot%\system32\cmd.exe"" in instance ""{dc94db3e-8bcd-416b-a839-0eb2f0ff60ef}"" of task ""\Microsoft\Windows\Software Inventory Logging\Configuration""."
"9/7/2026 7:18:53 PM","100","Information","Microsoft-Windows-TaskScheduler","Task Scheduler started ""{dc94db3e-8bcd-416b-a839-0eb2f0ff60ef}"" instance of the ""\Microsoft\Windows\Software Inventory Logging\Configuration"" task for user ""NT AUTHORITY\SYSTEM""."
"9/7/2026 7:18:53 PM","129","Information","Microsoft-Windows-TaskScheduler","Task Scheduler launch task ""\Microsoft\Windows\Software Inventory Logging\Configuration"" , instance ""%systemroot%\system32\cmd.exe""  with process ID 5648."
"9/7/2026 7:18:53 PM","118","Information","Microsoft-Windows-TaskScheduler","Task Scheduler launched ""{dc94db3e-8bcd-416b-a839-0eb2f0ff60ef}""  instance of task ""\Microsoft\Windows\Software Inventory Logging\Configuration""  due to system startup."
"9/7/2026 7:18:45 PM","102","Information","Microsoft-Windows-TaskScheduler","Task Scheduler successfully finished ""{b856a56c-4989-402e-9feb-4c18625615d5}"" instance of the ""\Microsoft\Windows\Workplace Join\Automatic-Device-Join"" task for user ""NT AUTHORITY\SYSTEM""."
"9/7/2026 7:18:45 PM","201","Information","Microsoft-Windows-TaskScheduler","Task Scheduler successfully completed task ""\Microsoft\Windows\Workplace Join\Automatic-Device-Join"" , instance ""{b856a56c-4989-402e-9feb-4c18625615d5}"" , action ""%SystemRoot%\System32\dsregcmd.exe"" with return code 0."
"9/7/2026 7:18:41 PM","200","Information","Microsoft-Windows-TaskScheduler","Task Scheduler launched action ""powershell.exe"" in instance ""{ed600685-c277-4c13-baf3-989cf57e3d83}"" of task ""\Scaffold\ScaffoldDeployEngine""."
"9/7/2026 7:18:41 PM","100","Information","Microsoft-Windows-TaskScheduler","Task Scheduler started ""{ed600685-c277-4c13-baf3-989cf57e3d83}"" instance of the ""\Scaffold\ScaffoldDeployEngine"" task for user ""NT AUTHORITY\SYSTEM""."
"9/7/2026 7:18:41 PM","129","Information","Microsoft-Windows-TaskScheduler","Task Scheduler launch task ""\Scaffold\ScaffoldDeployEngine"" , instance ""powershell.exe""  with process ID 5696."
"9/7/2026 7:18:41 PM","107","Information","Microsoft-Windows-TaskScheduler","Task Scheduler launched ""{ed600685-c277-4c13-baf3-989cf57e3d83}""  instance of task ""\Scaffold\ScaffoldDeployEngine"" due to a time trigger condition."
"9/7/2026 7:18:04 PM","200","Information","Microsoft-Windows-TaskScheduler","Task Scheduler launched action ""Certificate Services Client Task Handler"" in instance ""{c497e125-7ed1-4dd1-add2-1a1dde5b6832}"" of task ""\Microsoft\Windows\CertificateServicesClient\SystemTask""."
"9/7/2026 7:18:04 PM","100","Information","Microsoft-Windows-TaskScheduler","Task Scheduler started ""{c497e125-7ed1-4dd1-add2-1a1dde5b6832}"" instance of the ""\Microsoft\Windows\CertificateServicesClient\SystemTask"" task for user ""NT AUTHORITY\SYSTEM""."
"9/7/2026 7:18:04 PM","129","Information","Microsoft-Windows-TaskScheduler","Task Scheduler launch task ""\Microsoft\Windows\CertificateServicesClient\SystemTask"" , instance ""taskhostw.exe""  with process ID 3772."
"9/7/2026 7:18:04 PM","118","Information","Microsoft-Windows-TaskScheduler","Task Scheduler launched ""{c497e125-7ed1-4dd1-add2-1a1dde5b6832}""  instance of task ""\Microsoft\Windows\CertificateServicesClient\SystemTask""  due to system startup."
"9/7/2026 7:17:57 PM","102","Information","Microsoft-Windows-TaskScheduler","Task Scheduler successfully finished ""{c8487757-88b2-4dbe-aa61-d4e683bd45ed}"" instance of the ""\Microsoft\Windows\Flighting\FeatureConfig\UsageDataReporting"" task for user ""NT AUTHORITY\SYSTEM""."
"9/7/2026 7:17:57 PM","201","Information","Microsoft-Windows-TaskScheduler","Task Scheduler successfully completed task ""\Microsoft\Windows\Flighting\FeatureConfig\UsageDataReporting"" , instance ""{c8487757-88b2-4dbe-aa61-d4e683bd45ed}"" , action ""Feature Usage Data Reporting Task Handler"" with return code 0."
"9/7/2026 7:17:57 PM","102","Information","Microsoft-Windows-TaskScheduler","Task Scheduler successfully finished ""{a122be0d-14a8-4dfa-b684-135d173c39db}"" instance of the ""\Microsoft\Windows\WwanSvc\OobeDiscovery"" task for user ""NT AUTHORITY\SYSTEM""."
"9/7/2026 7:17:57 PM","201","Information","Microsoft-Windows-TaskScheduler","Task Scheduler successfully completed task ""\Microsoft\Windows\WwanSvc\OobeDiscovery"" , instance ""{a122be0d-14a8-4dfa-b684-135d173c39db}"" , action ""OobeEsimTaskManager"" with return code 0."
"9/7/2026 7:17:57 PM","102","Information","Microsoft-Windows-TaskScheduler","Task Scheduler successfully finished ""{e01771e8-f481-4b9a-920f-acf74af8fabc}"" instance of the ""\Microsoft\Windows\ExploitGuard\ExploitGuard MDM policy Refresh"" task for user ""NT AUTHORITY\SYSTEM""."
"9/7/2026 7:17:57 PM","201","Information","Microsoft-Windows-TaskScheduler","Task Scheduler successfully completed task ""\Microsoft\Windows\ExploitGuard\ExploitGuard MDM policy Refresh"" , instance ""{e01771e8-f481-4b9a-920f-acf74af8fabc}"" , action """" with return code 0."
"9/7/2026 7:17:57 PM","102","Information","Microsoft-Windows-TaskScheduler","Task Scheduler successfully finished ""{65ae8551-28d4-463e-ae59-f5a23545026e}"" instance of the ""\Microsoft\Windows\DirectX\DXGIAdapterCache"" task for user ""NT AUTHORITY\SYSTEM""."
"9/7/2026 7:17:57 PM","201","Information","Microsoft-Windows-TaskScheduler","Task Scheduler successfully completed task ""\Microsoft\Windows\DirectX\DXGIAdapterCache"" , instance ""{65ae8551-28d4-463e-ae59-f5a23545026e}"" , action ""%windir%\system32\dxgiadaptercache.exe"" with return code 0."
"9/7/2026 7:17:57 PM","200","Information","Microsoft-Windows-TaskScheduler","Task Scheduler launched action ""Feature Usage Data Reporting Task Handler"" in instance ""{c8487757-88b2-4dbe-aa61-d4e683bd45ed}"" of task ""\Microsoft\Windows\Flighting\FeatureConfig\UsageDataReporting""."
"9/7/2026 7:17:57 PM","100","Information","Microsoft-Windows-TaskScheduler","Task Scheduler started ""{c8487757-88b2-4dbe-aa61-d4e683bd45ed}"" instance of the ""\Microsoft\Windows\Flighting\FeatureConfig\UsageDataReporting"" task for user ""NT AUTHORITY\SYSTEM""."
"9/7/2026 7:17:56 PM","102","Information","Microsoft-Windows-TaskScheduler","Task Scheduler successfully finished ""{f2eca2fe-417e-42b2-8493-52fcd9be8f55}"" instance of the ""\Microsoft\Windows\Time Synchronization\ForceSynchronizeTime"" task for user ""(NONE)""."
"9/7/2026 7:17:56 PM","201","Information","Microsoft-Windows-TaskScheduler","Task Scheduler successfully completed task ""\Microsoft\Windows\Time Synchronization\ForceSynchronizeTime"" , instance ""{f2eca2fe-417e-42b2-8493-52fcd9be8f55}"" , action ""Time Synchronization Task Handler"" with return code 0."
"9/7/2026 7:17:56 PM","200","Information","Microsoft-Windows-TaskScheduler","Task Scheduler launched action ""Time Synchronization Task Handler"" in instance ""{f2eca2fe-417e-42b2-8493-52fcd9be8f55}"" of task ""\Microsoft\Windows\Time Synchronization\ForceSynchronizeTime""."
"9/7/2026 7:17:56 PM","100","Information","Microsoft-Windows-TaskScheduler","Task Scheduler started ""{f2eca2fe-417e-42b2-8493-52fcd9be8f55}"" instance of the ""\Microsoft\Windows\Time Synchronization\ForceSynchronizeTime"" task for user ""(NONE)""."
"9/7/2026 7:17:56 PM","129","Information","Microsoft-Windows-TaskScheduler","Task Scheduler launch task ""\Microsoft\Windows\Time Synchronization\ForceSynchronizeTime"" , instance ""taskhostw.exe""  with process ID 2612."
"9/7/2026 7:17:56 PM","200","Information","Microsoft-Windows-TaskScheduler","Task Scheduler launched action ""%SystemRoot%\System32\dsregcmd.exe"" in instance ""{b856a56c-4989-402e-9feb-4c18625615d5}"" of task ""\Microsoft\Windows\Workplace Join\Automatic-Device-Join""."
"9/7/2026 7:17:56 PM","100","Information","Microsoft-Windows-TaskScheduler","Task Scheduler started ""{b856a56c-4989-402e-9feb-4c18625615d5}"" instance of the ""\Microsoft\Windows\Workplace Join\Automatic-Device-Join"" task for user ""NT AUTHORITY\SYSTEM""."
"9/7/2026 7:17:56 PM","129","Information","Microsoft-Windows-TaskScheduler","Task Scheduler launch task ""\Microsoft\Windows\Workplace Join\Automatic-Device-Join"" , instance ""%SystemRoot%\System32\dsregcmd.exe""  with process ID 2604."
"9/7/2026 7:17:56 PM","110","Information","Microsoft-Windows-TaskScheduler","Task Scheduler launched ""{b856a56c-4989-402e-9feb-4c18625615d5}""  instance of task ""\Microsoft\Windows\Workplace Join\Automatic-Device-Join""  for user ""System"" ."
"9/7/2026 7:17:56 PM","325","Warning","Microsoft-Windows-TaskScheduler","Task Scheduler queued instance ""{b856a56c-4989-402e-9feb-4c18625615d5}""  of task ""\Microsoft\Windows\Workplace Join\Automatic-Device-Join""."
"9/7/2026 7:17:56 PM","200","Information","Microsoft-Windows-TaskScheduler","Task Scheduler launched action ""OobeEsimTaskManager"" in instance ""{a122be0d-14a8-4dfa-b684-135d173c39db}"" of task ""\Microsoft\Windows\WwanSvc\OobeDiscovery""."
"9/7/2026 7:17:56 PM","100","Information","Microsoft-Windows-TaskScheduler","Task Scheduler started ""{a122be0d-14a8-4dfa-b684-135d173c39db}"" instance of the ""\Microsoft\Windows\WwanSvc\OobeDiscovery"" task for user ""NT AUTHORITY\SYSTEM""."
"9/7/2026 7:17:55 PM","101","Error","Microsoft-Windows-TaskScheduler","Task Scheduler failed to start ""\Microsoft\Windows\Workplace Join\Automatic-Device-Join"" task for user ""(default user)"". Additional Data: Error Value: 2147943568."
"9/7/2026 7:17:53 PM","200","Information","Microsoft-Windows-TaskScheduler","Task Scheduler launched action """" in instance ""{e01771e8-f481-4b9a-920f-acf74af8fabc}"" of task ""\Microsoft\Windows\ExploitGuard\ExploitGuard MDM policy Refresh""."
"9/7/2026 7:17:53 PM","100","Information","Microsoft-Windows-TaskScheduler","Task Scheduler started ""{e01771e8-f481-4b9a-920f-acf74af8fabc}"" instance of the ""\Microsoft\Windows\ExploitGuard\ExploitGuard MDM policy Refresh"" task for user ""NT AUTHORITY\SYSTEM""."
"9/7/2026 7:17:53 PM","129","Information","Microsoft-Windows-TaskScheduler","Task Scheduler launch task ""\Microsoft\Windows\ExploitGuard\ExploitGuard MDM policy Refresh"" , instance ""taskhostw.exe""  with process ID 1952."
"9/7/2026 7:17:53 PM","200","Information","Microsoft-Windows-TaskScheduler","Task Scheduler launched action ""%windir%\system32\dxgiadaptercache.exe"" in instance ""{65ae8551-28d4-463e-ae59-f5a23545026e}"" of task ""\Microsoft\Windows\DirectX\DXGIAdapterCache""."
"9/7/2026 7:17:53 PM","100","Information","Microsoft-Windows-TaskScheduler","Task Scheduler started ""{65ae8551-28d4-463e-ae59-f5a23545026e}"" instance of the ""\Microsoft\Windows\DirectX\DXGIAdapterCache"" task for user ""NT AUTHORITY\SYSTEM""."
"9/7/2026 7:17:53 PM","129","Information","Microsoft-Windows-TaskScheduler","Task Scheduler launch task ""\Microsoft\Windows\DirectX\DXGIAdapterCache"" , instance ""%windir%\system32\dxgiadaptercache.exe""  with process ID 1840."
"9/7/2026 7:17:53 PM","118","Information","Microsoft-Windows-TaskScheduler","Task Scheduler launched ""{e01771e8-f481-4b9a-920f-acf74af8fabc}""  instance of task ""\Microsoft\Windows\ExploitGuard\ExploitGuard MDM policy Refresh""  due to system startup."
"9/7/2026 7:17:53 PM","400","Information","Microsoft-Windows-TaskScheduler","Task Scheduler service has started."
"9/7/2026 7:17:52 PM","700","Information","Microsoft-Windows-TaskScheduler","Task Scheduler service started Task Compatibility module."
"9/1/2026 11:00:40 PM","402","Information","Microsoft-Windows-TaskScheduler","Task Scheduler service is shutting down."
"9/1/2026 11:00:40 PM","111","Information","Microsoft-Windows-TaskScheduler","Task Scheduler terminated ""{6ad43f30-0d30-4d49-9d96-623257de91e8}""  instance of the ""\Microsoft\Windows\Application Experience\ProgramDataUpdater""  task."
"9/1/2026 11:00:40 PM","102","Information","Microsoft-Windows-TaskScheduler","Task Scheduler successfully finished ""{6ad43f30-0d30-4d49-9d96-623257de91e8}"" instance of the ""\Microsoft\Windows\Application Experience\ProgramDataUpdater"" task for user ""NT AUTHORITY\SYSTEM""."
"9/1/2026 11:00:40 PM","201","Information","Microsoft-Windows-TaskScheduler","Task Scheduler successfully completed task ""\Microsoft\Windows\Application Experience\ProgramDataUpdater"" , instance ""{6ad43f30-0d30-4d49-9d96-623257de91e8}"" , action ""%windir%\system32\compattelrunner.exe"" with return code 2147943691."
"9/1/2026 11:00:40 PM","103","Error","Microsoft-Windows-TaskScheduler","Task Scheduler failed to start instance ""{ce51325d-670b-4ba3-b81f-256ea053b806}"" of ""\Microsoft\Windows\Wininet\CacheTask""  task for user """" . Additional Data: Error Value: 2147942404."
"9/1/2026 11:00:40 PM","202","Error","Microsoft-Windows-TaskScheduler","Task Scheduler failed to complete task ""\Microsoft\Windows\Wininet\CacheTask"" , instance ""{ce51325d-670b-4ba3-b81f-256ea053b806}"" , action ""Wininet Cache task object"" . Additional Data: Error Value: 2147942404."
"9/1/2026 11:00:39 PM","102","Information","Microsoft-Windows-TaskScheduler","Task Scheduler successfully finished ""{b81cfad2-9c19-4efe-b456-7a8c80a0ca5b}"" instance of the ""\CreateExplorerShellUnelevatedTask"" task for user ""SCAFFOLD\Administrator""."
"9/1/2026 11:00:39 PM","201","Information","Microsoft-Windows-TaskScheduler","Task Scheduler successfully completed task ""\CreateExplorerShellUnelevatedTask"" , instance ""{b81cfad2-9c19-4efe-b456-7a8c80a0ca5b}"" , action ""C:\Windows\explorer.exe"" with return code 2147942404."
"9/1/2026 10:59:48 PM","142","Information","Microsoft-Windows-TaskScheduler","User ""System""  disabled Task Scheduler task ""\Microsoft\Windows\.NET Framework\.NET Framework NGEN v4.0.30319 64"""
"9/1/2026 10:59:46 PM","142","Information","Microsoft-Windows-TaskScheduler","User ""System""  disabled Task Scheduler task ""\Microsoft\Windows\.NET Framework\.NET Framework NGEN v4.0.30319"""
"9/1/2026 10:59:44 PM","111","Information","Microsoft-Windows-TaskScheduler","Task Scheduler terminated ""{a33985f6-5d9c-4737-92b2-0d69a86c1cbe}""  instance of the ""\Microsoft\Windows\.NET Framework\.NET Framework NGEN v4.0.30319 64""  task."
"9/1/2026 10:59:44 PM","330","Information","Microsoft-Windows-TaskScheduler","Task Scheduler stopped instance ""{a33985f6-5d9c-4737-92b2-0d69a86c1cbe}""  of task ""\Microsoft\Windows\.NET Framework\.NET Framework NGEN v4.0.30319 64""  as request by user ""SCAFFOLD\Administrator"" ."
"9/1/2026 10:59:40 PM","111","Information","Microsoft-Windows-TaskScheduler","Task Scheduler terminated ""{7f76b23a-53d9-48aa-9b18-1d02140e243a}""  instance of the ""\Microsoft\Windows\.NET Framework\.NET Framework NGEN v4.0.30319""  task."
"9/1/2026 10:59:40 PM","330","Information","Microsoft-Windows-TaskScheduler","Task Scheduler stopped instance ""{7f76b23a-53d9-48aa-9b18-1d02140e243a}""  of task ""\Microsoft\Windows\.NET Framework\.NET Framework NGEN v4.0.30319""  as request by user ""SCAFFOLD\Administrator"" ."
"9/1/2026 10:58:49 PM","102","Information","Microsoft-Windows-TaskScheduler","Task Scheduler successfully finished ""{2af19821-5885-40e9-a333-a43dfad97793}"" instance of the ""\Scaffold\ScaffoldDeployEngine"" task for user ""NT AUTHORITY\SYSTEM""."
"9/1/2026 10:58:49 PM","201","Information","Microsoft-Windows-TaskScheduler","Task Scheduler successfully completed task ""\Scaffold\ScaffoldDeployEngine"" , instance ""{2af19821-5885-40e9-a333-a43dfad97793}"" , action ""powershell.exe"" with return code 0."
"9/1/2026 10:58:41 PM","200","Information","Microsoft-Windows-TaskScheduler","Task Scheduler launched action ""powershell.exe"" in instance ""{2af19821-5885-40e9-a333-a43dfad97793}"" of task ""\Scaffold\ScaffoldDeployEngine""."
"9/1/2026 10:58:41 PM","100","Information","Microsoft-Windows-TaskScheduler","Task Scheduler started ""{2af19821-5885-40e9-a333-a43dfad97793}"" instance of the ""\Scaffold\ScaffoldDeployEngine"" task for user ""NT AUTHORITY\SYSTEM""."
"9/1/2026 10:58:41 PM","129","Information","Microsoft-Windows-TaskScheduler","Task Scheduler launch task ""\Scaffold\ScaffoldDeployEngine"" , instance ""powershell.exe""  with process ID 3684."
"9/1/2026 10:58:41 PM","107","Information","Microsoft-Windows-TaskScheduler","Task Scheduler launched ""{2af19821-5885-40e9-a333-a43dfad97793}""  instance of task ""\Scaffold\ScaffoldDeployEngine"" due to a time trigger condition."
"9/1/2026 10:56:49 PM","102","Information","Microsoft-Windows-TaskScheduler","Task Scheduler successfully finished ""{8f88a348-674e-44ed-831c-565aea4bec27}"" instance of the ""\Scaffold\ScaffoldDeployEngine"" task for user ""NT AUTHORITY\SYSTEM""."
"9/1/2026 10:56:49 PM","201","Information","Microsoft-Windows-TaskScheduler","Task Scheduler successfully completed task ""\Scaffold\ScaffoldDeployEngine"" , instance ""{8f88a348-674e-44ed-831c-565aea4bec27}"" , action ""powershell.exe"" with return code 0."
"9/1/2026 10:56:41 PM","200","Information","Microsoft-Windows-TaskScheduler","Task Scheduler launched action ""powershell.exe"" in instance ""{8f88a348-674e-44ed-831c-565aea4bec27}"" of task ""\Scaffold\ScaffoldDeployEngine""."
"9/1/2026 10:56:41 PM","100","Information","Microsoft-Windows-TaskScheduler","Task Scheduler started ""{8f88a348-674e-44ed-831c-565aea4bec27}"" instance of the ""\Scaffold\ScaffoldDeployEngine"" task for user ""NT AUTHORITY\SYSTEM""."
"9/1/2026 10:56:41 PM","129","Information","Microsoft-Windows-TaskScheduler","Task Scheduler launch task ""\Scaffold\ScaffoldDeployEngine"" , instance ""powershell.exe""  with process ID 3420."
"9/1/2026 10:56:41 PM","107","Information","Microsoft-Windows-TaskScheduler","Task Scheduler launched ""{8f88a348-674e-44ed-831c-565aea4bec27}""  instance of task ""\Scaffold\ScaffoldDeployEngine"" due to a time trigger condition."
"9/1/2026 10:56:40 PM","102","Information","Microsoft-Windows-TaskScheduler","Task Scheduler successfully finished ""{9b799d81-f7e9-45ef-9f95-af8c7601bcad}"" instance of the ""\Microsoft\Windows\DiskCleanup\SilentCleanup"" task for user ""SCAFFOLD\Administrator""."
"9/1/2026 10:56:40 PM","201","Information","Microsoft-Windows-TaskScheduler","Task Scheduler successfully completed task ""\Microsoft\Windows\DiskCleanup\SilentCleanup"" , instance ""{9b799d81-f7e9-45ef-9f95-af8c7601bcad}"" , action ""%windir%\system32\cleanmgr.exe"" with return code 0."
"9/1/2026 10:56:26 PM","102","Information","Microsoft-Windows-TaskScheduler","Task Scheduler successfully finished ""{f9ebe035-0e67-44da-aead-b132e6d75b60}"" instance of the ""\Microsoft\Windows\Device Information\Device User"" task for user ""SCAFFOLD\Administrator""."
"9/1/2026 10:56:26 PM","201","Information","Microsoft-Windows-TaskScheduler","Task Scheduler successfully completed task ""\Microsoft\Windows\Device Information\Device User"" , instance ""{f9ebe035-0e67-44da-aead-b132e6d75b60}"" , action ""%windir%\system32\devicecensus.exe"" with return code 0."
"9/1/2026 10:56:26 PM","200","Information","Microsoft-Windows-TaskScheduler","Task Scheduler launched action ""%windir%\system32\devicecensus.exe"" in instance ""{f9ebe035-0e67-44da-aead-b132e6d75b60}"" of task ""\Microsoft\Windows\Device Information\Device User""."
"9/1/2026 10:56:26 PM","100","Information","Microsoft-Windows-TaskScheduler","Task Scheduler started ""{f9ebe035-0e67-44da-aead-b132e6d75b60}"" instance of the ""\Microsoft\Windows\Device Information\Device User"" task for user ""SCAFFOLD\Administrator""."
"9/1/2026 10:56:26 PM","129","Information","Microsoft-Windows-TaskScheduler","Task Scheduler launch task ""\Microsoft\Windows\Device Information\Device User"" , instance ""%windir%\system32\devicecensus.exe""  with process ID 424."
"9/1/2026 10:56:26 PM","119","Information","Microsoft-Windows-TaskScheduler","Task Scheduler launched ""{f9ebe035-0e67-44da-aead-b132e6d75b60}""  instance of task ""\Microsoft\Windows\Device Information\Device User"" due to user ""SCAFFOLD\Administrator""  logon."
"9/1/2026 10:56:24 PM","110","Information","Microsoft-Windows-TaskScheduler","Task Scheduler launched ""{e7a722c6-4651-4a61-8ae5-51af217b7c54}""  instance of task ""\Microsoft\Windows\DiskCleanup\SilentCleanup""  for user ""Users"" ."
"9/1/2026 10:56:24 PM","200","Information","Microsoft-Windows-TaskScheduler","Task Scheduler launched action ""%windir%\system32\cleanmgr.exe"" in instance ""{9b799d81-f7e9-45ef-9f95-af8c7601bcad}"" of task ""\Microsoft\Windows\DiskCleanup\SilentCleanup""."
"9/1/2026 10:56:24 PM","100","Information","Microsoft-Windows-TaskScheduler","Task Scheduler started ""{9b799d81-f7e9-45ef-9f95-af8c7601bcad}"" instance of the ""\Microsoft\Windows\DiskCleanup\SilentCleanup"" task for user ""SCAFFOLD\Administrator""."
"9/1/2026 10:56:24 PM","129","Information","Microsoft-Windows-TaskScheduler","Task Scheduler launch task ""\Microsoft\Windows\DiskCleanup\SilentCleanup"" , instance ""%windir%\system32\cleanmgr.exe""  with process ID 1420."
"9/1/2026 10:54:50 PM","102","Information","Microsoft-Windows-TaskScheduler","Task Scheduler successfully finished ""{38427344-4b45-45de-9b24-290e414eb783}"" instance of the ""\Scaffold\ScaffoldDeployEngine"" task for user ""NT AUTHORITY\SYSTEM""."
"9/1/2026 10:54:50 PM","201","Information","Microsoft-Windows-TaskScheduler","Task Scheduler successfully completed task ""\Scaffold\ScaffoldDeployEngine"" , instance ""{38427344-4b45-45de-9b24-290e414eb783}"" , action ""powershell.exe"" with return code 0."
"9/1/2026 10:54:50 PM","102","Information","Microsoft-Windows-TaskScheduler","Task Scheduler successfully finished ""{eade665e-6835-453e-8686-d9a59cf17ad4}"" instance of the ""\Microsoft\Windows\DiskCleanup\SilentCleanup"" task for user ""SCAFFOLD\Administrator""."
"9/1/2026 10:54:50 PM","201","Information","Microsoft-Windows-TaskScheduler","Task Scheduler successfully completed task ""\Microsoft\Windows\DiskCleanup\SilentCleanup"" , instance ""{eade665e-6835-453e-8686-d9a59cf17ad4}"" , action ""%windir%\system32\cleanmgr.exe"" with return code 0."
"9/1/2026 10:54:41 PM","200","Information","Microsoft-Windows-TaskScheduler","Task Scheduler launched action ""powershell.exe"" in instance ""{38427344-4b45-45de-9b24-290e414eb783}"" of task ""\Scaffold\ScaffoldDeployEngine""."
"9/1/2026 10:54:41 PM","100","Information","Microsoft-Windows-TaskScheduler","Task Scheduler started ""{38427344-4b45-45de-9b24-290e414eb783}"" instance of the ""\Scaffold\ScaffoldDeployEngine"" task for user ""NT AUTHORITY\SYSTEM""."
"9/1/2026 10:54:41 PM","129","Information","Microsoft-Windows-TaskScheduler","Task Scheduler launch task ""\Scaffold\ScaffoldDeployEngine"" , instance ""powershell.exe""  with process ID 6304."
"9/1/2026 10:54:41 PM","107","Information","Microsoft-Windows-TaskScheduler","Task Scheduler launched ""{38427344-4b45-45de-9b24-290e414eb783}""  instance of task ""\Scaffold\ScaffoldDeployEngine"" due to a time trigger condition."
"9/1/2026 10:54:28 PM","140","Information","Microsoft-Windows-TaskScheduler","User ""SYSTEM""  updated Task Scheduler task ""\Microsoft\Windows\.NET Framework\.NET Framework NGEN v4.0.30319"""
"9/1/2026 10:54:27 PM","140","Information","Microsoft-Windows-TaskScheduler","User ""SYSTEM""  updated Task Scheduler task ""\Microsoft\Windows\.NET Framework\.NET Framework NGEN v4.0.30319 64"""
"9/1/2026 10:54:27 PM","102","Information","Microsoft-Windows-TaskScheduler","Task Scheduler successfully finished ""{e2a067b8-8eae-4d99-9ab6-31395995d85a}"" instance of the ""\Microsoft\Windows\License Manager\TempSignedLicenseExchange"" task for user ""SCAFFOLD\Administrator""."
"9/1/2026 10:54:27 PM","201","Information","Microsoft-Windows-TaskScheduler","Task Scheduler successfully completed task ""\Microsoft\Windows\License Manager\TempSignedLicenseExchange"" , instance ""{e2a067b8-8eae-4d99-9ab6-31395995d85a}"" , action ""TempSignedLicenseExchangeTask"" with return code 0."
"9/1/2026 10:54:26 PM","200","Information","Microsoft-Windows-TaskScheduler","Task Scheduler launched action ""%windir%\system32\cleanmgr.exe"" in instance ""{eade665e-6835-453e-8686-d9a59cf17ad4}"" of task ""\Microsoft\Windows\DiskCleanup\SilentCleanup""."
"9/1/2026 10:54:26 PM","100","Information","Microsoft-Windows-TaskScheduler","Task Scheduler started ""{eade665e-6835-453e-8686-d9a59cf17ad4}"" instance of the ""\Microsoft\Windows\DiskCleanup\SilentCleanup"" task for user ""SCAFFOLD\Administrator""."
"9/1/2026 10:54:26 PM","129","Information","Microsoft-Windows-TaskScheduler","Task Scheduler launch task ""\Microsoft\Windows\DiskCleanup\SilentCleanup"" , instance ""%windir%\system32\cleanmgr.exe""  with process ID 7080."
"9/1/2026 10:54:26 PM","325","Warning","Microsoft-Windows-TaskScheduler","Task Scheduler queued instance ""{e218acfc-db62-40a8-b8fa-f67f39e9ff47}""  of task ""\Microsoft\Windows\Power Efficiency Diagnostics\AnalyzeSystem""."
"9/1/2026 10:54:26 PM","200","Information","Microsoft-Windows-TaskScheduler","Task Scheduler launched action ""%windir%\system32\compattelrunner.exe"" in instance ""{6ad43f30-0d30-4d49-9d96-623257de91e8}"" of task ""\Microsoft\Windows\Application Experience\ProgramDataUpdater""."
"9/1/2026 10:54:26 PM","100","Information","Microsoft-Windows-TaskScheduler","Task Scheduler started ""{6ad43f30-0d30-4d49-9d96-623257de91e8}"" instance of the ""\Microsoft\Windows\Application Experience\ProgramDataUpdater"" task for user ""NT AUTHORITY\SYSTEM""."
"9/1/2026 10:54:26 PM","129","Information","Microsoft-Windows-TaskScheduler","Task Scheduler launch task ""\Microsoft\Windows\Application Experience\ProgramDataUpdater"" , instance ""%windir%\system32\compattelrunner.exe""  with process ID 2176."
"9/1/2026 10:54:26 PM","325","Warning","Microsoft-Windows-TaskScheduler","Task Scheduler queued instance ""{0ab6d073-649b-428b-8170-f026877f78b0}""  of task ""\Microsoft\Windows\Maintenance\WinSAT""."
"9/1/2026 10:54:26 PM","200","Information","Microsoft-Windows-TaskScheduler","Task Scheduler launched action ""TempSignedLicenseExchangeTask"" in instance ""{e2a067b8-8eae-4d99-9ab6-31395995d85a}"" of task ""\Microsoft\Windows\License Manager\TempSignedLicenseExchange""."
"9/1/2026 10:54:26 PM","100","Information","Microsoft-Windows-TaskScheduler","Task Scheduler started ""{e2a067b8-8eae-4d99-9ab6-31395995d85a}"" instance of the ""\Microsoft\Windows\License Manager\TempSignedLicenseExchange"" task for user ""SCAFFOLD\Administrator""."
"9/1/2026 10:54:26 PM","129","Information","Microsoft-Windows-TaskScheduler","Task Scheduler launch task ""\Microsoft\Windows\License Manager\TempSignedLicenseExchange"" , instance ""taskhostw.exe""  with process ID 6492."
"9/1/2026 10:54:25 PM","200","Information","Microsoft-Windows-TaskScheduler","Task Scheduler launched action """" in instance ""{7f76b23a-53d9-48aa-9b18-1d02140e243a}"" of task ""\Microsoft\Windows\.NET Framework\.NET Framework NGEN v4.0.30319""."
"9/1/2026 10:54:25 PM","100","Information","Microsoft-Windows-TaskScheduler","Task Scheduler started ""{7f76b23a-53d9-48aa-9b18-1d02140e243a}"" instance of the ""\Microsoft\Windows\.NET Framework\.NET Framework NGEN v4.0.30319"" task for user ""NT AUTHORITY\SYSTEM""."
"9/1/2026 10:54:25 PM","118","Information","Microsoft-Windows-TaskScheduler","Task Scheduler launched ""{7f76b23a-53d9-48aa-9b18-1d02140e243a}""  instance of task ""\Microsoft\Windows\.NET Framework\.NET Framework NGEN v4.0.30319""  due to system startup."
"9/1/2026 10:54:25 PM","200","Information","Microsoft-Windows-TaskScheduler","Task Scheduler launched action """" in instance ""{a33985f6-5d9c-4737-92b2-0d69a86c1cbe}"" of task ""\Microsoft\Windows\.NET Framework\.NET Framework NGEN v4.0.30319 64""."
"9/1/2026 10:54:25 PM","100","Information","Microsoft-Windows-TaskScheduler","Task Scheduler started ""{a33985f6-5d9c-4737-92b2-0d69a86c1cbe}"" instance of the ""\Microsoft\Windows\.NET Framework\.NET Framework NGEN v4.0.30319 64"" task for user ""NT AUTHORITY\SYSTEM""."
"9/1/2026 10:54:25 PM","129","Information","Microsoft-Windows-TaskScheduler","Task Scheduler launch task ""\Microsoft\Windows\.NET Framework\.NET Framework NGEN v4.0.30319 64"" , instance ""taskhostw.exe""  with process ID 6872."
"9/1/2026 10:54:25 PM","118","Information","Microsoft-Windows-TaskScheduler","Task Scheduler launched ""{a33985f6-5d9c-4737-92b2-0d69a86c1cbe}""  instance of task ""\Microsoft\Windows\.NET Framework\.NET Framework NGEN v4.0.30319 64""  due to system startup."
"9/1/2026 10:52:44 PM","102","Information","Microsoft-Windows-TaskScheduler","Task Scheduler successfully finished ""{715278cf-7552-417e-81b6-4c0fcaf36bde}"" instance of the ""\Scaffold\ScaffoldDeployEngine"" task for user ""NT AUTHORITY\SYSTEM""."
"9/1/2026 10:52:44 PM","201","Information","Microsoft-Windows-TaskScheduler","Task Scheduler successfully completed task ""\Scaffold\ScaffoldDeployEngine"" , instance ""{715278cf-7552-417e-81b6-4c0fcaf36bde}"" , action ""powershell.exe"" with return code 0."
"9/1/2026 10:52:41 PM","200","Information","Microsoft-Windows-TaskScheduler","Task Scheduler launched action ""powershell.exe"" in instance ""{715278cf-7552-417e-81b6-4c0fcaf36bde}"" of task ""\Scaffold\ScaffoldDeployEngine""."
"9/1/2026 10:52:41 PM","100","Information","Microsoft-Windows-TaskScheduler","Task Scheduler started ""{715278cf-7552-417e-81b6-4c0fcaf36bde}"" instance of the ""\Scaffold\ScaffoldDeployEngine"" task for user ""NT AUTHORITY\SYSTEM""."
"9/1/2026 10:52:41 PM","129","Information","Microsoft-Windows-TaskScheduler","Task Scheduler launch task ""\Scaffold\ScaffoldDeployEngine"" , instance ""powershell.exe""  with process ID 5464."
"9/1/2026 10:52:41 PM","107","Information","Microsoft-Windows-TaskScheduler","Task Scheduler launched ""{715278cf-7552-417e-81b6-4c0fcaf36bde}""  instance of task ""\Scaffold\ScaffoldDeployEngine"" due to a time trigger condition."
"9/1/2026 10:50:44 PM","102","Information","Microsoft-Windows-TaskScheduler","Task Scheduler successfully finished ""{35dcdef8-4a84-45c7-ac37-977e3943c043}"" instance of the ""\Scaffold\ScaffoldDeployEngine"" task for user ""NT AUTHORITY\SYSTEM""."
"9/1/2026 10:50:44 PM","201","Information","Microsoft-Windows-TaskScheduler","Task Scheduler successfully completed task ""\Scaffold\ScaffoldDeployEngine"" , instance ""{35dcdef8-4a84-45c7-ac37-977e3943c043}"" , action ""powershell.exe"" with return code 0."
"9/1/2026 10:50:41 PM","200","Information","Microsoft-Windows-TaskScheduler","Task Scheduler launched action ""powershell.exe"" in instance ""{35dcdef8-4a84-45c7-ac37-977e3943c043}"" of task ""\Scaffold\ScaffoldDeployEngine""."
"9/1/2026 10:50:41 PM","100","Information","Microsoft-Windows-TaskScheduler","Task Scheduler started ""{35dcdef8-4a84-45c7-ac37-977e3943c043}"" instance of the ""\Scaffold\ScaffoldDeployEngine"" task for user ""NT AUTHORITY\SYSTEM""."
"9/1/2026 10:50:41 PM","129","Information","Microsoft-Windows-TaskScheduler","Task Scheduler launch task ""\Scaffold\ScaffoldDeployEngine"" , instance ""powershell.exe""  with process ID 1052."
"9/1/2026 10:50:41 PM","107","Information","Microsoft-Windows-TaskScheduler","Task Scheduler launched ""{35dcdef8-4a84-45c7-ac37-977e3943c043}""  instance of task ""\Scaffold\ScaffoldDeployEngine"" due to a time trigger condition."
"9/1/2026 10:48:44 PM","102","Information","Microsoft-Windows-TaskScheduler","Task Scheduler successfully finished ""{d7e5052d-3b1c-4e3b-ba82-4b7adfcb590b}"" instance of the ""\Scaffold\ScaffoldDeployEngine"" task for user ""NT AUTHORITY\SYSTEM""."
"9/1/2026 10:48:44 PM","201","Information","Microsoft-Windows-TaskScheduler","Task Scheduler successfully completed task ""\Scaffold\ScaffoldDeployEngine"" , instance ""{d7e5052d-3b1c-4e3b-ba82-4b7adfcb590b}"" , action ""powershell.exe"" with return code 0."
"9/1/2026 10:48:41 PM","200","Information","Microsoft-Windows-TaskScheduler","Task Scheduler launched action ""powershell.exe"" in instance ""{d7e5052d-3b1c-4e3b-ba82-4b7adfcb590b}"" of task ""\Scaffold\ScaffoldDeployEngine""."
"9/1/2026 10:48:41 PM","100","Information","Microsoft-Windows-TaskScheduler","Task Scheduler started ""{d7e5052d-3b1c-4e3b-ba82-4b7adfcb590b}"" instance of the ""\Scaffold\ScaffoldDeployEngine"" task for user ""NT AUTHORITY\SYSTEM""."
"9/1/2026 10:48:41 PM","129","Information","Microsoft-Windows-TaskScheduler","Task Scheduler launch task ""\Scaffold\ScaffoldDeployEngine"" , instance ""powershell.exe""  with process ID 6600."
"9/1/2026 10:48:41 PM","107","Information","Microsoft-Windows-TaskScheduler","Task Scheduler launched ""{d7e5052d-3b1c-4e3b-ba82-4b7adfcb590b}""  instance of task ""\Scaffold\ScaffoldDeployEngine"" due to a time trigger condition."
"9/1/2026 10:47:41 PM","102","Information","Microsoft-Windows-TaskScheduler","Task Scheduler successfully finished ""{bcf2ac64-f272-4b3d-b20d-b46b7963ce9e}"" instance of the ""\Microsoft\Windows\Workplace Join\Automatic-Device-Join"" task for user ""NT AUTHORITY\SYSTEM""."
"9/1/2026 10:47:41 PM","201","Information","Microsoft-Windows-TaskScheduler","Task Scheduler successfully completed task ""\Microsoft\Windows\Workplace Join\Automatic-Device-Join"" , instance ""{bcf2ac64-f272-4b3d-b20d-b46b7963ce9e}"" , action ""%SystemRoot%\System32\dsregcmd.exe"" with return code 2147942401."
