"9/7/2026 7:43:15 PM","16394","Information","Microsoft-Windows-Security-SPP","Offline downlevel migration succeeded."
"9/7/2026 7:31:40 PM","8224","Information","VSS","The VSS service is shutting down due to idle timeout. "
"9/7/2026 7:28:36 PM","26226","Information","Chkdsk","Chkdsk was executed in scan mode on a volume snapshot.  

Checking file system on \Device\HarddiskVolume3

Stage 1: Examining basic file system structure ...
  397312 file records processed.                                                        
File verification completed.
 Phase duration (File record verification): 7.80 seconds.
  6990 large file records processed.                                   
 Phase duration (Orphan file record recovery): 0.00 milliseconds.
  0 bad file records processed.                                     
 Phase duration (Bad file record checking): 0.01 milliseconds.

Stage 2: Examining file name linkage ...
  210 reparse records processed.                                      
  527458 index entries processed.                                                       
Index verification completed.
 Phase duration (Index verification): 20.92 seconds.

 Phase duration (Orphan reconnection): 722.12 milliseconds.

 Phase duration (Orphan recovery to lost and found): 0.12 milliseconds.
  210 reparse records processed.                                      
 Phase duration (Reparse point and Object ID verification): 3.48 milliseconds.

Stage 3: Examining security descriptors ...
Security descriptor verification completed.
 Phase duration (Security descriptor verification): 96.77 milliseconds.
  65074 data files processed.                                           
 Phase duration (Data attribute verification): 0.02 milliseconds.
CHKDSK is verifying Usn Journal...
  511251440 USN bytes processed.                                                           
Usn Journal verification completed.
 Phase duration (USN journal verification): 3.92 seconds.
Windows has found problems that must be fixed offline.
Please run ""chkdsk /f"" to fix the issues.

  33430524 KB total disk space.
  24725192 KB in 204990 files.
    190548 KB in 65075 indexes.
    928916 KB in use by the system.
     29648 KB occupied by the log file.
   7585868 KB available on disk.

      4096 bytes in each allocation unit.
   8357631 total allocation units on disk.
   1896467 allocation units available on disk.
Total duration: 33.47 seconds (33475 ms).

----------------------------------------------------------------------


Stage 1: Examining basic file system structure ...

Stage 2: Examining file name linkage ...

Stage 3: Examining security descriptors ...
"
"9/7/2026 7:27:57 PM","326","Information","ESENT","svchost (4620,D,50) DS_Token_DB: The database engine attached a database (1, C:\Windows\system32\config\systemprofile\AppData\Local\DataSharing\Storage\DSTokenDB2.dat). (Time=0 seconds) 
 
Saved Cache: 1 0 
Additional Data: lgposAttach = 00000005:000B:0268,
dbv = 1568.180.400 (9360) 
 
Internal Timing Sequence: 
[1] 0.000004 +J(0)
[2] 0.002185 -0.001867 (1) WT +J(0) +M(C:0K, Fs:17, WS:4K # 4K, PF:4K # 0K, P:4K)
[3] 0.123069 -0.110192 (6) WT +J(CM:0, PgRf:0, Rd:0/0, Dy:0/0, Lg:3480/2) +M(C:0K, Fs:7, WS:24K # 0K, PF:20K # 0K, P:20K)
[4] 0.000149 +J(0)
[5] -
[6] -
[7] -
[8] 0.003855 -0.003644 (2) CM -0.003484 (2) WT +J(CM:2, PgRf:2, Rd:4/2, Dy:0/0, Lg:54/1) +M(C:8K, Fs:3, WS:12K # 0K, PF:28K # 0K, P:28K)
[9] 0.004079 -0.003735 (4) CM -0.003508 (4) WT +J(CM:4, PgRf:23, Rd:0/3, Dy:0/0, Lg:0/0) +M(C:0K, Fs:31, WS:116K # 92K, PF:196K # 188K, P:196K)
[10] 0.003717 -0.003560 (2) CM -0.003409 (2) WT +J(CM:2, PgRf:40, Rd:0/2, Dy:0/0, Lg:0/0) +M(C:0K, Fs:4, WS:16K # 12K, PF:64K # 56K, P:64K)
[11] 0.001132 -0.001086 (1) CM -0.001007 (1) WT +J(CM:1, PgRf:1, Rd:0/1, Dy:0/0, Lg:0/0) +M(C:0K, Fs:3, WS:12K # 12K, PF:0K # 0K, P:0K)
[12] 0.001590 -0.001487 (1) CM -0.001409 (1) WT +J(CM:1, PgRf:42, Rd:0/1, Dy:0/0, Lg:0/0) +M(C:0K, Fs:5, WS:20K # 20K, PF:0K # 0K, P:0K)
[13] 0.000002 +J(0)
[14] 0.0 +J(0)
[15] 0.001212 -0.001180 (1) CM -0.001103 (1) WT +J(CM:1, PgRf:1, Rd:0/1, Dy:0/0, Lg:0/0)."
"9/7/2026 7:27:57 PM","105","Information","ESENT","svchost (4620,D,0) DS_Token_DB: The database engine started a new instance (0). (Time=0 seconds) 
 
Additional Data:
 lgposV2[] = 00000005:0001:0000 - 00000005:0008:0039 - 00000005:0009:0000 - 00000005:0009:0000 (00000000:0000:0000)
cReInits = 2
 
 
Internal Timing Sequence: 
[1] 0.002356 +J(0) +M(C:0K, Fs:182, WS:712K # 712K, PF:3264K # 3264K, P:3264K)
[2] 0.000925 +J(0) +M(C:8K, Fs:98, WS:388K # 388K, PF:316K # 316K, P:316K)
[3] 0.000070 +J(0) +M(C:0K, Fs:4, WS:12K # 12K, PF:68K # 68K, P:68K)
[4] 0.000513 +J(0) +M(C:0K, Fs:24, WS:96K # 96K, PF:168K # 168K, P:168K)
[5] 0.002026 +J(0) +M(C:0K, Fs:14, WS:56K # 56K, PF:28K # 28K, P:28K)
[6] 0.025626 +J(0) +M(C:0K, Fs:68, WS:272K # 272K, PF:48K # 48K, P:48K)
[7] 0.004062 -0.002969 (2) WT +J(0) +M(C:0K, Fs:33, WS:132K # 132K, PF:64K # 64K, P:64K)
[8] 0.062738 -0.032301 (12) WT +J(CM:0, PgRf:0, Rd:0/0, Dy:0/0, Lg:32448/22) +M(C:0K, Fs:135, WS:312K # 316K, PF:216K # 224K, P:216K)
[9] 0.001295 +J(0) +M(C:0K, Fs:6, WS:24K # 20K, PF:8K # 0K, P:8K)
[10] 0.000822 -0.000550 (1) WT +J(0) +M(C:0K, Fs:0, WS:-60K # 0K, PF:-60K # 0K, P:-60K)
[11] 0.000043 +J(CM:0, PgRf:0, Rd:0/0, Dy:0/0, Lg:49/1) +M(C:0K, Fs:2, WS:8K # 0K, PF:0K # 0K, P:0K)
[12] 0.000042 +J(0)
[13] 0.172947 -0.003538 (2) CM -0.095883 (21) WT +J(CM:2, PgRf:2, Rd:0/2, Dy:0/0, Lg:8759/5) +M(C:0K, Fs:53, WS:84K # 96K, PF:228K # 236K, P:228K)
[14] 0.000023 +J(0)
[15] 0.000021 +J(0)
[16] 0.001003 -0.000780 (1) WT +J(0) +M(C:0K, Fs:2, WS:0K # 0K, PF:0K # 0K, P:0K)."
"9/7/2026 7:27:57 PM","302","Information","ESENT","svchost (4620,U,98) DS_Token_DB: The database engine has successfully completed recovery steps."
"9/7/2026 7:27:57 PM","301","Information","ESENT","svchost (4620,R,98) DS_Token_DB: The database engine has finished replaying logfile C:\Windows\system32\config\systemprofile\AppData\Local\DataSharing\Storage\DSS.log. 
 
Processing Stats: 
[1] 0.031400 -0.022136 (8) WT +J(CM:0, PgRf:0, Rd:0/0, Dy:0/0, Lg:32448/22) +M(C:0K, Fs:84, WS:184K # 124K, PF:132K # 72K, P:132K). 
Log record of type 'AttachDB ' was seen most frequently (2 times)"
"9/7/2026 7:27:57 PM","300","Information","ESENT","svchost (4620,R,98) DS_Token_DB: The database engine is initiating recovery steps."
"9/7/2026 7:27:57 PM","102","Information","ESENT","svchost (4620,P,98) DS_Token_DB: The database engine (10.00.20348.0000) is starting a new instance (0)."
"9/7/2026 7:26:46 PM","1000","Information","Microsoft-Windows-LoadPerf","Performance counters for the WmiApRpl (WmiApRpl) service were loaded successfully. The Record Data in the data section contains the new index values assigned to this service."
"9/7/2026 7:26:46 PM","1001","Information","Microsoft-Windows-LoadPerf","Performance counters for the WmiApRpl (WmiApRpl) service were removed successfully. The Record Data contains the new values of the system Last Counter and Last Help registry entries."
"9/7/2026 7:24:08 PM","49930","Information","MSSQL$SQLEXPRESS","Parallel redo is shutdown for database 'ScaffoldPortal' with worker pool size [1]."
"9/7/2026 7:24:08 PM","49930","Information","MSSQL$SQLEXPRESS","Parallel redo is started for database 'ScaffoldPortal' with worker pool size [1]."
"9/7/2026 7:24:08 PM","17137","Information","MSSQL$SQLEXPRESS","Starting up database 'ScaffoldPortal'."
"9/7/2026 7:24:08 PM","8128","Information","MSSQL$SQLEXPRESS","Using 'xplog70.dll' version '2019.150.2000' to execute extended stored procedure 'xp_msver'. This is an informational message only; no user action is required."
"9/7/2026 7:24:08 PM","33090","Information","MSSQL$SQLEXPRESS","Attempting to load library 'xplog70.dll' into memory. This is an informational message only. No user action is required."
"9/7/2026 7:23:46 PM","1","Information","MSSQL$SQLEXPRESS","None"
"9/7/2026 7:22:56 PM","16384","Information","Microsoft-Windows-Security-SPP","Successfully scheduled Software Protection service for re-start at 2026-09-09T02:20:56Z. Reason: RulesEngine."
"9/7/2026 7:22:40 PM","0","Information","edgeupdate","Service stopped."
"9/7/2026 7:22:26 PM","16394","Information","Microsoft-Windows-Security-SPP","Offline downlevel migration succeeded."
"9/7/2026 7:21:55 PM","16384","Information","Microsoft-Windows-Security-SPP","Successfully scheduled Software Protection service for re-start at 2026-09-09T02:20:55Z. Reason: RulesEngine."
"9/7/2026 7:21:24 PM","8198","Error","Microsoft-Windows-Security-SPP","License Activation (slui.exe) failed with the following error code:
hr=0x80004005
Command-line arguments:
RuleId=3482d82e-ca2c-4e1f-8864-da0267b484b2;Action=AutoActivate;AppId=55c92734-d682-4d71-983e-d6ec3f16059f;SkuId=80f53cc1-120f-4e0e-875b-27c9f1caf7de;NotificationInterval=1440;Trigger=UserLogon;SessionId=1"
"9/7/2026 7:21:24 PM","16394","Information","Microsoft-Windows-Security-SPP","Offline downlevel migration succeeded."
"9/7/2026 7:21:22 PM","6000","Information","Microsoft-Windows-Winlogon","The winlogon notification subscriber <SessionEnv> was unavailable to handle a notification event."
"9/7/2026 7:21:22 PM","6003","Information","Microsoft-Windows-Winlogon","The winlogon notification subscriber <SessionEnv> was unavailable to handle a critical notification event."
"9/7/2026 7:21:21 PM","8224","Information","VSS","The VSS service is shutting down due to idle timeout. "
"9/7/2026 7:21:09 PM","903","Information","Microsoft-Windows-Security-SPP","The Software Protection service has stopped.
"
"9/7/2026 7:21:09 PM","16384","Information","Microsoft-Windows-Security-SPP","Successfully scheduled Software Protection service for re-start at 2026-09-09T02:20:09Z. Reason: RulesEngine."
"9/7/2026 7:20:39 PM","902","Information","Microsoft-Windows-Security-SPP","The Software Protection service has started.
10.0.20348.587"
"9/7/2026 7:20:39 PM","1003","Information","Microsoft-Windows-Security-SPP","The Software Protection service has completed licensing status check.
Application Id=55c92734-d682-4d71-983e-d6ec3f16059f
Licensing Status=
1: 0dc876e0-7ab8-41c1-b8ba-2237d484cd26, 1, 0 [(0 [0xC004F014, 0, 0], [(?)(?)(?)(?)(?)(?)(?)(?)])(1 )(2 )(3 )]
2: 176afa14-ca77-4cae-9ecc-ba2295540382, 1, 0 [(0 [0xC004F014, 0, 0], [(?)(?)(?)(?)(?)(?)(?)(?)])(1 )(2 )(3 )]
3: 208d2508-de49-48d5-a1df-837a9f1053ef, 1, 0 [(0 [0xC004F014, 0, 0], [(?)(?)(?)(?)(?)(?)(?)(?)])(1 )(2 )(3 )]
4: 22105925-48c3-4ff4-a294-f654bb27e390, 1, 0 [(0 [0xC004F014, 0, 0], [(?)(?)(?)(?)(?)(?)(?)(?)])(1 )(2 )(3 )]
5: 482b7fee-a9f5-46a3-862d-b28bef48c7e8, 1, 0 [(0 [0xC004F014, 0, 0], [(?)(?)(?)(?)(?)(?)(?)(?)])(1 )(2 )(3 )]
6: 4f64509c-0ad2-43a7-b73b-233afbb27096, 1, 0 [(0 [0xC004F014, 0, 0], [(?)(?)(?)(?)(?)(?)(?)(?)])(1 )(2 )(3 )]
7: 522b5066-79e8-49f2-9f9d-30b4d507d57b, 1, 0 [(0 [0xC004F014, 0, 0], [(?)(?)(?)(?)(?)(?)(?)(?)])(1 )(2 )(3 )]
8: 661f7658-7035-4b4c-9f35-010682943ec2, 1, 0 [(0 [0xC004F014, 0, 0], [(?)(?)(?)(?)(?)(?)(?)(?)])(1 )(2 )(3 )]
9: 78214935-d737-41c1-83df-f600c1766211, 1, 0 [(0 [0xC004F014, 0, 0], [(?)(?)(?)(?)(?)(?)(?)(?)])(1 )(2 )(3 )]
10: 80f53cc1-120f-4e0e-875b-27c9f1caf7de, 1, 1 [(0 )(1 [0xC004E003, 0, 0], [( 2 0xC004F00F 0 0 msft:rm/algorithm/phone/1.0 0x00000000 0)( 1 0x00000000)(?)( 2 0xC004F00F 0 0 msft:rm/algorithm/phone/1.0 0x00000000 0)(?)(?)(?)(?)])(2 [0xC004E003, 0, 0], [( 1 0xC004F034)( 1 0xC004F034)(?)(?)(?)(?)(?)(?)])(3 [0x00000000, 0, 0], [( 6 0xC004F009 0 0)( 1 0x00000000)( 6 0xC004F009 0 0)(?)(?)(?)( 10 0x00000000 msft:rm/algorithm/flags/1.0)( 11 0x00000000 0xC004F00F)])]
11: aa04eff4-34fa-4da8-a645-8c30c30b3a7f, 1, 0 [(0 [0xC004F014, 0, 0], [(?)(?)(?)(?)(?)(?)(?)(?)])(1 )(2 )(3 )]
12: e73aabfa-12bc-4705-b551-2dd076bebc7d, 1, 0 [(0 [0xC004F014, 0, 0], [(?)(?)(?)(?)(?)(?)(?)(?)])(1 )(2 )(3 )]
13: ef6cfc9f-8c5d-44ac-9aad-de6a2ea0ae03, 1, 0 [(0 [0xC004F014, 0, 0], [(?)(?)(?)(?)(?)(?)(?)(?)])(1 )(2 )(3 )]

"
"9/7/2026 7:20:39 PM","1040","Information","Microsoft-Windows-Security-SPP","Hardware has changed from previous boot.
 AppId=55c92734-d682-4d71-983e-d6ec3f16059f, SkuId=80f53cc1-120f-4e0e-875b-27c9f1caf7de."
"9/7/2026 7:20:39 PM","8198","Error","Microsoft-Windows-Security-SPP","License Activation (slui.exe) failed with the following error code:
hr=0x80004005
Command-line arguments:
RuleId=3482d82e-ca2c-4e1f-8864-da0267b484b2;Action=AutoActivate;AppId=55c92734-d682-4d71-983e-d6ec3f16059f;SkuId=80f53cc1-120f-4e0e-875b-27c9f1caf7de;NotificationInterval=1440;Trigger=TimerEvent"
"9/7/2026 7:20:39 PM","1066","Information","Microsoft-Windows-Security-SPP","Initialization status for service objects.
C:\Windows\system32\sppwinob.dll, msft:spp/windowsfunctionality/agent/7.0, 0x00000000, 0x00000000
C:\Windows\system32\sppobjs.dll, msft:rm/algorithm/inherited/1.0, 0x00000000, 0x00000000
C:\Windows\system32\sppobjs.dll, msft:rm/algorithm/phone/1.0, 0x00000000, 0x00000000
C:\Windows\system32\sppobjs.dll, msft:rm/algorithm/pkey/detect, 0x00000000, 0x00000000
C:\Windows\system32\sppobjs.dll, msft:spp/ActionScheduler/1.0, 0x00000000, 0x00000000
C:\Windows\system32\sppobjs.dll, msft:spp/TaskScheduler/1.0, 0x00000000, 0x00000000
C:\Windows\system32\sppobjs.dll, msft:spp/statecollector/pkey, 0x00000000, 0x00000000
C:\Windows\system32\sppobjs.dll, msft:spp/volume/services/kms/1.0, 0x00000000, 0x00000000
C:\Windows\system32\sppobjs.dll, msft:spp/volume/services/kms/activationinfo/1.0, 0x00000000, 0x00000000
"
"9/7/2026 7:20:38 PM","16394","Information","Microsoft-Windows-Security-SPP","Offline downlevel migration succeeded."
"9/7/2026 7:20:38 PM","900","Information","Microsoft-Windows-Security-SPP","The Software Protection service is starting.
Parameters:<explicit>"
"9/7/2026 7:20:37 PM","0","Information","edgeupdate","Service stopped."
"9/7/2026 7:18:50 PM","1704","Information","SceCli","Security policy in the Group policy objects has been applied successfully."
"9/7/2026 7:18:49 PM","256","Information","WDSServer","The Windows Deployment Services server started successfully. 
"
"9/7/2026 7:18:49 PM","517","Information","WDSServer","Provider WDSPXE loaded from C:\Windows\system32\wdspxe.dll and initialized successfully."
"9/7/2026 7:18:49 PM","777","Information","WDSPXE","Rogue detection has been disabled for this server. The Windows Deployment  Services server is authorized as a valid DHCP/PXE server and will process incoming client requests."
"9/7/2026 7:18:48 PM","262","Information","WDSPXE","Provider WDSDCPXE was loaded from C:\Windows\system32\wdsdcpxe.dll and initialized successfully."
"9/7/2026 7:18:48 PM","1305","Information","BINLSVC","Combined BCD file x64uefi{3C3F6C4E-C91A-4FEC-B9D8-60D8237AA326}.bcd generated successfully for the x64uefi architecture."
"9/7/2026 7:18:48 PM","3408","Information","MSSQL$SQLEXPRESS","Recovery is complete. This is an informational message only. No user action is required."
"9/7/2026 7:18:48 PM","9688","Information","MSSQL$SQLEXPRESS","Service Broker manager has started."
"9/7/2026 7:18:48 PM","9666","Information","MSSQL$SQLEXPRESS","The Database Mirroring endpoint is in disabled or stopped state."
"9/7/2026 7:18:48 PM","9666","Information","MSSQL$SQLEXPRESS","The Service Broker endpoint is in disabled or stopped state."
"9/7/2026 7:18:48 PM","1305","Information","BINLSVC","Combined BCD file x86uefi{612D2003-A32B-4C8D-9881-736228743E6D}.bcd generated successfully for the x86uefi architecture."
"9/7/2026 7:18:48 PM","1305","Information","BINLSVC","Combined BCD file arm{B6C33EEB-D8C4-4D86-A16C-38EC7BB3A663}.bcd generated successfully for the arm architecture."
"9/7/2026 7:18:48 PM","17137","Information","MSSQL$SQLEXPRESS","Starting up database 'tempdb'."
"9/7/2026 7:18:47 PM","1305","Information","BINLSVC","Combined BCD file x86x64{15C26BDB-8224-44DC-AEF9-664D85CA1C97}.bcd generated successfully for the x86x64 architecture."
"9/7/2026 7:18:47 PM","1305","Information","BINLSVC","Combined BCD file arm64{BF6D99A5-4B65-4332-8E41-180645DC7427}.bcd generated successfully for the arm64 architecture."
"9/7/2026 7:18:47 PM","17136","Information","MSSQL$SQLEXPRESS","Clearing tempdb database."
"9/7/2026 7:18:46 PM","1305","Information","BINLSVC","Combined BCD file x64{2560796F-66C6-4B37-9B44-32AC055CD47D}.bcd generated successfully for the x64 architecture."
"9/7/2026 7:18:46 PM","1305","Information","BINLSVC","Combined BCD file x86{0E747364-B439-4983-90D4-1C668ADB815F}.bcd generated successfully for the x86 architecture."
"9/7/2026 7:18:46 PM","3421","Information","MSSQL$SQLEXPRESS","Recovery completed for database msdb (database ID 4) in 2 second(s) (analysis 245 ms, redo 0 ms, undo 965 ms [system undo 0 ms, regular undo 0 ms].) This is an informational message only. No user action is required."
"9/7/2026 7:18:46 PM","17137","Information","MSSQL$SQLEXPRESS","Starting up database 'model'."
"9/7/2026 7:18:45 PM","26067","Information","MSSQL$SQLEXPRESS","The SQL Server Network Interface library could not register the Service Principal Name (SPN) [ MSSQLSvc/dc.scaffold.htb:52951 ] for the SQL Server service. Windows return code: 0x2098, state: 15. Failure to register a SPN might cause integrated authentication to use NTLM instead of Kerberos. This is an informational message. Further action is only required if Kerberos authentication is required by authentication policies and if the SPN has not been manually registered."
"9/7/2026 7:18:45 PM","26067","Information","MSSQL$SQLEXPRESS","The SQL Server Network Interface library could not register the Service Principal Name (SPN) [ MSSQLSvc/dc.scaffold.htb:SQLEXPRESS ] for the SQL Server service. Windows return code: 0x2098, state: 15. Failure to register a SPN might cause integrated authentication to use NTLM instead of Kerberos. This is an informational message. Further action is only required if Kerberos authentication is required by authentication policies and if the SPN has not been manually registered."
"9/7/2026 7:18:45 PM","326","Information","ESENT","svchost (2164,D,50) AAP: The database engine attached a database (5, C:\RemoteInstall\Mgmt\binlsvcdb.mdb). (Time=0 seconds) 
 
Saved Cache: 1 0 
Additional Data: lgposAttach = 00000001:00BD:0268,
dbv = 1568.180.400 (9360) 
 
Internal Timing Sequence: 
[1] 0.000003 +J(0)
[2] 0.002416 -0.002174 (1) WT +J(0) +M(C:0K, Fs:24, WS:32K # 0K, PF:32K # 0K, P:32K)
[3] 0.028904 -0.015674 (6) WT +J(CM:0, PgRf:0, Rd:0/0, Dy:0/0, Lg:3480/2) +M(C:0K, Fs:14, WS:20K # 0K, PF:20K # 0K, P:20K)
[4] 0.000109 +J(0)
[5] -
[6] -
[7] -
[8] 0.000246 +J(CM:0, PgRf:2, Rd:6/0, Dy:0/0, Lg:54/1) +M(C:124K, Fs:42, WS:168K # 0K, PF:148K # 0K, P:148K)
[9] 0.010511 -0.010255 (3) CM -0.010102 (3) WT +J(CM:3, PgRf:16, Rd:0/2, Dy:0/0, Lg:0/0) +M(C:-16K, Fs:18, WS:-8K # 0K, PF:-8K # 0K, P:-8K)
[10] 0.002037 -0.001928 (1) CM -0.001855 (1) WT +J(CM:1, PgRf:35, Rd:0/1, Dy:0/0, Lg:0/0) +M(C:-28K, Fs:0, WS:-28K # 0K, PF:-28K # 0K, P:-28K)
[11] 0.000010 +J(CM:0, PgRf:1, Rd:0/0, Dy:0/0, Lg:0/0)
[12] 0.000040 +J(CM:0, PgRf:42, Rd:0/0, Dy:0/0, Lg:0/0)
[13] 0.0 +J(0)
[14] 0.0 +J(0)
[15] 0.000005 +J(CM:0, PgRf:1, Rd:0/0, Dy:0/0, Lg:0/0)."
"9/7/2026 7:18:45 PM","26076","Information","MSSQL$SQLEXPRESS","SQL Server is attempting to register a Service Principal Name (SPN) for the SQL Server service. Kerberos authentication will not be possible until a SPN is registered for the SQL Server service. This is an informational message. No user action is required."
"9/7/2026 7:18:45 PM","958","Information","MSSQL$SQLEXPRESS","The resource database build version is 15.00.2000. This is an informational message only. No user action is required."
"9/7/2026 7:18:45 PM","17126","Information","MSSQL$SQLEXPRESS","SQL Server is now ready for client connections. This is an informational message; no user action is required."
"9/7/2026 7:18:45 PM","17199","Information","MSSQL$SQLEXPRESS","Dedicated administrator connection support was not started because it is disabled on this edition of SQL Server. If you want to use a dedicated administrator connection, restart SQL Server using the trace flag 7806. This is an informational message only. No user action is required."
"9/7/2026 7:18:45 PM","26048","Information","MSSQL$SQLEXPRESS","Server local connection provider is ready to accept connection on [ \\.\pipe\MSSQL$SQLEXPRESS\sql\query ]."
"9/7/2026 7:18:45 PM","26048","Information","MSSQL$SQLEXPRESS","Server local connection provider is ready to accept connection on [ \\.\pipe\SQLLocal\SQLEXPRESS ]."
"9/7/2026 7:18:45 PM","26022","Information","MSSQL$SQLEXPRESS","Server is listening on [ 'any' <ipv4> 52951]."
"9/7/2026 7:18:45 PM","26022","Information","MSSQL$SQLEXPRESS","Server is listening on [ 'any' <ipv6> 52951]."
"9/7/2026 7:18:45 PM","26018","Information","MSSQL$SQLEXPRESS","A self-generated certificate was successfully loaded for encryption."
"9/7/2026 7:18:45 PM","105","Information","ESENT","svchost (2164,D,0) AAP: The database engine started a new instance (2). (Time=0 seconds) 
 
Additional Data:
 lgposV2[] = 00000001:0001:0000 - 00000001:00BA:02FB - 00000001:00BB:0000 - 00000001:00BB:0000 (00000000:0000:0000)
cReInits = 51
 
 
Internal Timing Sequence: 
[1] -
[2] -
[3] 0.000043 +J(0) +M(C:0K, Fs:3, WS:12K # 0K, PF:0K # 0K, P:0K)
[4] 0.000117 +J(0) +M(C:0K, Fs:8, WS:32K # 0K, PF:136K # 0K, P:136K)
[5] 0.002650 +J(0) +M(C:0K, Fs:5, WS:20K # 0K, PF:8K # 0K, P:8K)
[6] 0.003238 +J(0) +M(C:0K, Fs:1, WS:4K # 0K, PF:12K # 0K, P:12K)
[7] 0.023752 -0.019452 (11) WT +J(0) +M(C:0K, Fs:1283, WS:5120K # 1800K, PF:5132K # 860K, P:5132K)
[8] 0.452061 -0.416125 (69) WT +J(CM:0, PgRf:0, Rd:0/0, Dy:0/0, Lg:754350/1297) +M(C:0K, Fs:1276, WS:200K # 244K, PF:72K # 116K, P:72K)
[9] 0.006045 +J(0)
[10] 0.019925 -0.017524 (10) WT +J(0) +M(C:0K, Fs:1, WS:-5116K # 0K, PF:-5124K # 0K, P:-5124K)
[11] 0.000029 +J(CM:0, PgRf:0, Rd:0/0, Dy:0/0, Lg:49/1) +M(C:0K, Fs:1, WS:4K # 0K, PF:0K # 0K, P:0K)
[12] 0.000048 +J(0)
[13] 0.447349 -0.002663 (2) CM -0.135946 (31) WT +J(CM:2, PgRf:2, Rd:0/2, Dy:0/0, Lg:8759/5) +M(C:8K, Fs:1318, WS:-84K # 0K, PF:-56K # 0K, P:-56K)
[14] 0.000020 +J(0)
[15] 0.000047 +J(0)
[16] 0.015333 -0.003349 (1) WT +J(0) +M(C:0K, Fs:2, WS:0K # 0K, PF:0K # 0K, P:0K)."
"9/7/2026 7:18:44 PM","302","Information","ESENT","svchost (2164,U,98) AAP: The database engine has successfully completed recovery steps."
"9/7/2026 7:18:44 PM","17137","Information","MSSQL$SQLEXPRESS","Starting up database 'mssqlsystemresource'."
"9/7/2026 7:18:44 PM","17137","Information","MSSQL$SQLEXPRESS","Starting up database 'msdb'."
"9/7/2026 7:18:44 PM","301","Information","ESENT","svchost (2164,R,98) AAP: The database engine has finished replaying logfile C:\RemoteInstall\Mgmt\AAP.log. 
 
Processing Stats: 
[1] 0.445631 -0.411183 (66) WT +J(CM:0, PgRf:0, Rd:0/0, Dy:0/0, Lg:754350/1297) +M(C:0K, Fs:1240, WS:64K # 108K, PF:64K # 100K, P:64K). 
Log record of type 'Insert   ' was seen most frequently (326 times)"
"9/7/2026 7:18:44 PM","17663","Information","MSSQL$SQLEXPRESS","Server name is 'DC\SQLEXPRESS'. This is an informational message only. No user action is required."
"9/7/2026 7:18:44 PM","19030","Information","MSSQL$SQLEXPRESS","SQL Trace ID 1 was started by login ""sa""."
"9/7/2026 7:18:44 PM","335","Information","ESENT","svchost (2164,R,98) AAP: Replay of a Create for database ""C:\RemoteInstall\Mgmt\binlsvcdb.mdb"" at log position (00000001,0001,0268) was deferred due to AttachFuture.  Additional information:  "
"9/7/2026 7:18:44 PM","300","Information","ESENT","svchost (2164,R,98) AAP: The database engine is initiating recovery steps."
"9/7/2026 7:18:44 PM","102","Information","ESENT","svchost (2164,P,98) AAP: The database engine (10.00.20348.0000) is starting a new instance (2)."
"9/7/2026 7:18:43 PM","517","Information","WDSServer","Provider WdsImgSrv loaded from C:\Windows\system32\WdsImgSrv.dll and initialized successfully."
"9/7/2026 7:18:43 PM","256","Information","WDSIMGSRV","The Windows Deployment Services image server initialized successfully. 
"
"9/7/2026 7:18:43 PM","33218","Information","MSSQL$SQLEXPRESS","SQL Server Audit has started the audits. This is an informational message. No user action is required."
"9/7/2026 7:18:43 PM","33217","Information","MSSQL$SQLEXPRESS","SQL Server Audit is starting the audits. This is an informational message. No user action is required."
"9/7/2026 7:18:42 PM","26","Information","Microsoft-Windows-CertificationAuthority","Active Directory Certificate Services for scaffold-DC-CA was started.  DC=dc.scaffold.htb"
"9/7/2026 7:18:41 PM","17137","Information","MSSQL$SQLEXPRESS","Starting up database 'master'."
"9/7/2026 7:18:41 PM","6253","Information","MSSQL$SQLEXPRESS","Common language runtime (CLR) functionality initialized using CLR version v4.0.30319 from C:\Windows\Microsoft.NET\Framework64\v4.0.30319\."
"9/7/2026 7:18:39 PM","49910","Information","MSSQL$SQLEXPRESS","Software Usage Metrics is disabled."
"9/7/2026 7:18:39 PM","9048","Information","MSSQL$SQLEXPRESS","clwb is selected for pmem flush operation."
"9/7/2026 7:18:39 PM","49921","Information","MSSQL$SQLEXPRESS","Total Log Writer threads: 1. This is an informational message; no user action is required."
"9/7/2026 7:18:39 PM","17118","Information","MSSQL$SQLEXPRESS","Database Instant File Initialization: disabled. For security and performance considerations see the topic 'Database Instant File Initialization' in SQL Server Books Online. This is an informational message only. No user action is required."
"9/7/2026 7:18:38 PM","1023","Error","Microsoft-Windows-Perflib","Windows cannot load the extensible counter DLL ""C:\Windows\system32\ntdsperf.dll"" (Win32 error code The specified module could not be found.)."
"9/7/2026 7:18:38 PM","325","Information","ESENT","DFSRs (3016,D,35) \\.\C:\System Volume Information\DFSR\database_D030_CE70_30CE_5D5A\dfsr.db: The database engine created a new database (1, \\.\C:\System Volume Information\DFSR\database_D030_CE70_30CE_5D5A\dfsr.db). (Time=0 seconds) 
 
Additional Data: lgposCreate = 00000001:0001:0268,
dbv = 1568.180.400 (9360) 
 
Internal Timing Sequence: 
[1] 0.000311 +J(0) +M(C:0K, Fs:4, WS:16K # 0K, PF:8K # 0K, P:8K)
[2] 0.004261 -0.002085 (1) WT +J(CM:0, PgRf:0, Rd:0/0, Dy:0/0, Lg:3480/2) +M(C:0K, Fs:4, WS:16K # 0K, PF:0K # 0K, P:0K)
[3] 0.457022 -0.000004 (3) WT +J(0) +M(C:0K, Fs:13, WS:44K # 0K, PF:28K # 0K, P:28K)
[4] 0.000524 +J(0) +M(C:0K, Fs:1, WS:4K # 0K, PF:0K # 0K, P:0K)
[5] 0.009237 -0.006089 (3) WT +J(CM:0, PgRf:3, Rd:0/0, Dy:3/6, Lg:122/4) +M(C:0K, Fs:41, WS:156K # 0K, PF:252K # 0K, P:252K)
[6] 0.014188 -0.004277 (2) WT +J(CM:0, PgRf:209, Rd:0/0, Dy:12/408, Lg:24454/447) +M(C:0K, Fs:76, WS:304K # 0K, PF:224K # 0K, P:224K)
[7] 0.014365 -0.011068 (3) WT +J(CM:0, PgRf:0, Rd:0/0, Dy:0/0, Lg:4096/3) +M(C:0K, Fs:4, WS:4K # 0K, PF:0K # 0K, P:0K)
[8] 0.000004 +J(0)
[9] 0.027381 -0.025112 (4) WT +J(0) +M(C:-52K, Fs:9, WS:-28K # 0K, PF:-52K # 0K, P:-52K)
[10] 0.270972 -0.265608 (5) WT +J(CM:0, PgRf:348, Rd:0/0, Dy:7/93, Lg:12509/130) +M(C:12K, Fs:48, WS:180K # 0K, PF:100K # 0K, P:100K)
[11] 0.000005 +J(0)."
"9/7/2026 7:18:38 PM","17125","Information","MSSQL$SQLEXPRESS","Using dynamic lock allocation.  Initial allocation of 2500 Lock blocks and 5000 Lock Owner blocks per node.  This is an informational message only.  No user action is required."
"9/7/2026 7:18:38 PM","17152","Information","MSSQL$SQLEXPRESS","Node configuration: node 0: CPU mask: 0x0000000000000003:0 Active CPU mask: 0x0000000000000003:0. This message provides a description of the NUMA configuration for this computer. This is an informational message only. No user action is required."
"9/7/2026 7:18:38 PM","17811","Information","MSSQL$SQLEXPRESS","The maximum number of dedicated administrator connections for this instance is '1'"
"9/7/2026 7:18:38 PM","17176","Information","MSSQL$SQLEXPRESS","This instance of SQL Server last reported using a process ID of 3180 at 9/1/2026 11:00:40 PM (local) 9/2/2026 6:00:40 AM (UTC). This is an informational message only; no user action is required."
"9/7/2026 7:18:38 PM","105","Information","ESENT","DFSRs (3016,D,0) \\.\C:\System Volume Information\DFSR\database_D030_CE70_30CE_5D5A\dfsr.db: The database engine started a new instance (0). (Time=0 seconds) 
 
Additional Data:
  
 
Internal Timing Sequence: 
[1] 0.001482 +J(0) +M(C:0K, Fs:209, WS:812K # 812K, PF:2716K # 2608K, P:2716K)
[2] 0.001353 +J(0) +M(C:16K, Fs:142, WS:556K # 556K, PF:4136K # 4136K, P:4136K)
[3] 0.000022 +J(0) +M(C:0K, Fs:4, WS:12K # 12K, PF:68K # 68K, P:68K)
[4] 0.000214 +J(0) +M(C:2032K, Fs:32, WS:124K # 124K, PF:2432K # 2432K, P:2432K)
[5] 0.001095 +J(0) +M(C:0K, Fs:10, WS:40K # 40K, PF:24K # 24K, P:24K)
[6] 0.001033 +J(0) +M(C:0K, Fs:14, WS:52K # 52K, PF:16K # 16K, P:16K)
[7] -
[8] -
[9] -
[10] -
[11] -
[12] -
[13] 0.509440 -0.049509 (22) WT +J(CM:0, PgRf:0, Rd:0/0, Dy:0/0, Lg:616/1) +M(C:0K, Fs:1504, WS:808K # 5912K, PF:76K # 5200K, P:76K)
[14] 0.000018 +J(0)
[15] 0.000095 +J(0) +M(C:0K, Fs:64, WS:256K # 0K, PF:64K # 0K, P:64K)
[16] 0.437972 -0.002838 (3) WT +J(0) +M(C:0K, Fs:18, WS:64K # 0K, PF:0K # 0K, P:0K)."
"9/7/2026 7:18:37 PM","873","Information","MSSQL$SQLEXPRESS","Buffer pool extension is already disabled. No action is necessary."
"9/7/2026 7:18:37 PM","326","Information","ESENT","certsrv.exe (2940,D,50) The database engine attached a database (1, C:\Windows\system32\CertLog\scaffold-DC-CA.edb). (Time=0 seconds) 
 
Saved Cache: 0 0 
Additional Data: lgposAttach = 00000005:00A4:0268,
dbv = 1568.180.400 (9360) 
 
Internal Timing Sequence: 
[1] 0.000006 +J(0) +M(C:0K, Fs:1, WS:4K # 0K, PF:0K # 0K, P:0K)
[2] 0.001733 -0.001417 (1) WT +J(0) +M(C:0K, Fs:18, WS:8K # 0K, PF:4K # 0K, P:4K)
[3] 0.023068 -0.015240 (6) WT +J(CM:0, PgRf:0, Rd:0/0, Dy:0/0, Lg:3480/2) +M(C:0K, Fs:23, WS:88K # 0K, PF:116K # 0K, P:116K)
[4] 0.000115 +J(0)
[5] -
[6] -
[7] -
[8] 0.002525 -0.002279 (2) CM -0.002191 (2) WT +J(CM:2, PgRf:2, Rd:14/2, Dy:0/0, Lg:54/1) +M(C:0K, Fs:40, WS:160K # 0K, PF:148K # 0K, P:148K)
[9] 0.005731 -0.005465 (3) CM -0.005315 (3) WT +J(CM:3, PgRf:23, Rd:0/2, Dy:0/0, Lg:0/0) +M(C:0K, Fs:31, WS:124K # 0K, PF:196K # 0K, P:196K)
[10] 0.002739 -0.002588 (1) CM -0.002502 (1) WT +J(CM:1, PgRf:40, Rd:0/1, Dy:0/0, Lg:0/0) +M(C:0K, Fs:5, WS:20K # 0K, PF:64K # 0K, P:64K)
[11] 0.000030 +J(CM:0, PgRf:1, Rd:0/0, Dy:0/0, Lg:0/0) +M(C:0K, Fs:4, WS:16K # 0K, PF:0K # 0K, P:0K)
[12] 0.000067 +J(CM:0, PgRf:42, Rd:0/0, Dy:0/0, Lg:0/0) +M(C:0K, Fs:1, WS:4K # 0K, PF:0K # 0K, P:0K)
[13] 0.000001 +J(0)
[14] 0.000001 +J(0)
[15] 0.000008 +J(CM:0, PgRf:1, Rd:0/0, Dy:0/0, Lg:0/0)."
"9/7/2026 7:18:37 PM","105","Information","ESENT","certsrv.exe (2940,D,0) The database engine started a new instance (0). (Time=0 seconds) 
 
Additional Data:
  
 
Internal Timing Sequence: 
[1] 0.002163 +J(0) +M(C:0K, Fs:171, WS:668K # 668K, PF:2880K # 2612K, P:2880K)
[2] 0.000582 +J(0) +M(C:3200K, Fs:141, WS:552K # 552K, PF:3676K # 3676K, P:3676K)
[3] 0.000018 +J(0) +M(C:0K, Fs:3, WS:12K # 12K, PF:64K # 64K, P:64K)
[4] 0.000117 +J(0) +M(C:0K, Fs:21, WS:80K # 80K, PF:516K # 516K, P:516K)
[5] 0.001334 +J(0) +M(C:0K, Fs:10, WS:40K # 40K, PF:20K # 20K, P:20K)
[6] 0.004610 +J(0) +M(C:0K, Fs:33, WS:132K # 132K, PF:12K # 12K, P:12K)
[7] 0.007376 -0.003931 (3) WT +J(0) +M(C:0K, Fs:275, WS:1096K # 1096K, PF:1028K # 1028K, P:1028K)
[8] -
[9] -
[10] -
[11] -
[12] -
[13] 0.301104 -0.007667 (4) WT +J(CM:0, PgRf:0, Rd:0/0, Dy:0/0, Lg:616/1) +M(C:0K, Fs:19, WS:-956K # 60K, PF:-956K # 72K, P:-956K)
[14] 0.000030 +J(0)
[15] 0.000207 +J(0) +M(C:0K, Fs:101, WS:400K # 0K, PF:68K # 0K, P:68K)
[16] 0.002539 -0.002333 (1) WT +J(0) +M(C:0K, Fs:3, WS:4K # 0K, PF:0K # 0K, P:0K)."
"9/7/2026 7:18:37 PM","49917","Information","MSSQL$SQLEXPRESS","Default collation: SQL_Latin1_General_CP1_CI_AS (us_english 1033)"
"9/7/2026 7:18:37 PM","102","Information","ESENT","certsrv.exe (2940,P,98) The database engine (10.00.20348.0000) is starting a new instance (0)."
"9/7/2026 7:18:37 PM","894","Information","MSSQL$SQLEXPRESS","Buffer Pool: Allocating 1048576 bytes for 587650 hashPages."
"9/7/2026 7:18:37 PM","517","Information","WDSServer","Provider WDSDDPS loaded from C:\Windows\system32\wdsddps.dll and initialized successfully."
"9/7/2026 7:18:37 PM","102","Information","ESENT","DFSRs (3016,P,98) \\.\C:\System Volume Information\DFSR\database_D030_CE70_30CE_5D5A\dfsr.db: The database engine (10.00.20348.0000) is starting a new instance (0)."
"9/7/2026 7:18:37 PM","852","Information","MSSQL$SQLEXPRESS","Using conventional memory in the memory manager."
"9/7/2026 7:18:37 PM","49903","Information","MSSQL$SQLEXPRESS","Detected 4095 MB of RAM. This is an informational message; no user action is required."
"9/7/2026 7:18:37 PM","17162","Information","MSSQL$SQLEXPRESS","SQL Server is starting at normal priority base (=7). This is an informational message only. No user action is required."
"9/7/2026 7:18:37 PM","17164","Information","MSSQL$SQLEXPRESS","SQL Server detected 1 sockets with 2 cores per socket and 2 logical processors per socket, 2 total logical processors; using 2 logical processors based on SQL Server licensing. This is an informational message; no user action is required."
"9/7/2026 7:18:37 PM","17115","Information","MSSQL$SQLEXPRESS","Command Line Startup Parameters:
	 -s ""SQLEXPRESS"""
"9/7/2026 7:18:37 PM","17110","Information","MSSQL$SQLEXPRESS","Registry startup parameters: 
	 -d C:\Program Files\Microsoft SQL Server\MSSQL15.SQLEXPRESS\MSSQL\DATA\master.mdf
	 -e C:\Program Files\Microsoft SQL Server\MSSQL15.SQLEXPRESS\MSSQL\Log\ERRORLOG
	 -l C:\Program Files\Microsoft SQL Server\MSSQL15.SQLEXPRESS\MSSQL\DATA\mastlog.ldf"
"9/7/2026 7:18:37 PM","49904","Information","MSSQL$SQLEXPRESS","The service account is 'NT Service\MSSQL$SQLEXPRESS'. This is an informational message; no user action is required."
"9/7/2026 7:18:37 PM","17111","Information","MSSQL$SQLEXPRESS","Logging SQL Server messages in file 'C:\Program Files\Microsoft SQL Server\MSSQL15.SQLEXPRESS\MSSQL\Log\ERRORLOG'."
"9/7/2026 7:18:37 PM","15268","Information","MSSQL$SQLEXPRESS","Authentication mode is MIXED."
"9/7/2026 7:18:37 PM","18496","Information","MSSQL$SQLEXPRESS","System Manufacturer: 'VMware, Inc.', System Model: 'VMware20,1'."
"9/7/2026 7:18:37 PM","17104","Information","MSSQL$SQLEXPRESS","Server process ID is 5232."
"9/7/2026 7:18:37 PM","17103","Information","MSSQL$SQLEXPRESS","All rights reserved."
"9/7/2026 7:18:37 PM","17101","Information","MSSQL$SQLEXPRESS","(c) Microsoft Corporation."
"9/7/2026 7:18:37 PM","49916","Information","MSSQL$SQLEXPRESS","UTC adjustment: -7:00"
"9/7/2026 7:18:37 PM","17069","Information","MSSQL$SQLEXPRESS","Microsoft SQL Server 2019 (RTM) - 15.0.2000.5 (X64) 
	Sep 24 2019 13:48:23 
	Copyright (C) 2019 Microsoft Corporation
	Express Edition (64-bit) on Windows Server 2022 Datacenter 10.0 <X64> (Build 20348: ) (Hypervisor)
"
"9/7/2026 7:18:35 PM","326","Information","ESENT","svchost (2164,D,50) DDP: The database engine attached a database (3, C:\RemoteInstall\Stores\Drivers\Metadata\DdpDb.mdb). (Time=0 seconds) 
 
Saved Cache: 1 0 
Additional Data: lgposAttach = 00000001:00EB:0268,
dbv = 1568.180.400 (9360) 
 
Internal Timing Sequence: 
[1] 0.000003 +J(0)
[2] 0.001995 -0.001695 (1) WT +J(0) +M(C:0K, Fs:24, WS:32K # 0K, PF:32K # 0K, P:32K)
[3] 0.044763 -0.034587 (6) WT +J(CM:0, PgRf:0, Rd:0/0, Dy:0/0, Lg:3480/2) +M(C:0K, Fs:13, WS:20K # 0K, PF:20K # 0K, P:20K)
[4] 0.000125 +J(0)
[5] -
[6] -
[7] -
[8] 0.000270 +J(CM:0, PgRf:2, Rd:5/0, Dy:0/0, Lg:54/1) +M(C:72K, Fs:35, WS:140K # 0K, PF:92K # 0K, P:92K)
[9] 0.006616 -0.004980 (3) CM -0.006041 (4) WT +J(CM:3, PgRf:16, Rd:0/2, Dy:0/0, Lg:0/0) +M(C:-12K, Fs:17, WS:-8K # 0K, PF:-12K # 0K, P:-12K)
[10] 0.002099 -0.001956 (1) CM -0.001874 (1) WT +J(CM:1, PgRf:35, Rd:0/1, Dy:0/0, Lg:0/0) +M(C:-28K, Fs:1, WS:-24K # 0K, PF:-28K # 0K, P:-28K)
[11] 0.000016 +J(CM:0, PgRf:1, Rd:0/0, Dy:0/0, Lg:0/0)
[12] 0.000044 +J(CM:0, PgRf:42, Rd:0/0, Dy:0/0, Lg:0/0)
[13] 0.0 +J(0)
[14] 0.0 +J(0)
[15] 0.000005 +J(CM:0, PgRf:1, Rd:0/0, Dy:0/0, Lg:0/0)."
"9/7/2026 7:18:35 PM","105","Information","ESENT","svchost (2164,D,0) DDP: The database engine started a new instance (1). (Time=2 seconds) 
 
Additional Data:
 lgposV2[] = 00000001:0001:0000 - 00000001:00E8:0319 - 00000001:00E9:0000 - 00000001:00E9:0000 (00000000:0000:0000)
cReInits = 51
 
 
Internal Timing Sequence: 
[1] -
[2] -
[3] 0.000062 +J(0) +M(C:0K, Fs:3, WS:12K # 12K, PF:0K # 0K, P:0K)
[4] 0.000174 +J(0) +M(C:0K, Fs:10, WS:40K # 40K, PF:156K # 0K, P:156K)
[5] 0.000710 +J(0) +M(C:0K, Fs:4, WS:16K # 16K, PF:16K # 0K, P:16K)
[6] 0.002475 +J(0) +M(C:0K, Fs:2, WS:8K # 8K, PF:16K # 0K, P:16K)
[7] 0.030323 -0.025362 (11) WT +J(0) +M(C:0K, Fs:1283, WS:5120K # 5120K, PF:5132K # 4436K, P:5132K)
[8] 0.427446 -0.391690 (69) WT +J(CM:0, PgRf:0, Rd:0/0, Dy:0/0, Lg:940926/1792) +M(C:0K, Fs:1273, WS:188K # 232K, PF:64K # 108K, P:64K)
[9] 0.001375 +J(0) +M(C:0K, Fs:1, WS:4K # 0K, PF:4K # 0K, P:4K)
[10] 0.029522 -0.026673 (10) WT +J(0) +M(C:0K, Fs:0, WS:-5116K # 0K, PF:-5128K # 0K, P:-5128K)
[11] 0.000028 +J(CM:0, PgRf:0, Rd:0/0, Dy:0/0, Lg:49/1) +M(C:0K, Fs:1, WS:4K # 0K, PF:0K # 0K, P:0K)
[12] 0.000047 +J(0)
[13] 2.498369 -0.007445 (2) CM -2.037576 (31) WT +J(CM:2, PgRf:2, Rd:0/2, Dy:0/0, Lg:8759/5) +M(C:36K, Fs:1320, WS:-76K # 0K, PF:-16K # 0K, P:-16K)
[14] 0.000020 +J(0)
[15] 0.000048 +J(0)
[16] 0.001492 -0.001326 (1) WT +J(0) +M(C:0K, Fs:2, WS:0K # 0K, PF:0K # 0K, P:0K)."
"9/7/2026 7:18:35 PM","302","Information","ESENT","svchost (2164,U,98) DDP: The database engine has successfully completed recovery steps."
"9/7/2026 7:18:33 PM","301","Information","ESENT","svchost (2164,R,98) DDP: The database engine has finished replaying logfile C:\RemoteInstall\Stores\Drivers\Metadata\DDP.log. 
 
Processing Stats: 
[1] 0.419499 -0.385181 (66) WT +J(CM:0, PgRf:0, Rd:0/0, Dy:0/0, Lg:940926/1792) +M(C:0K, Fs:1238, WS:56K # 100K, PF:56K # 92K, P:56K). 
Log record of type 'Insert   ' was seen most frequently (479 times)"
"9/7/2026 7:18:32 PM","335","Information","ESENT","svchost (2164,R,98) DDP: Replay of a Create for database ""C:\RemoteInstall\Stores\Drivers\Metadata\DdpDb.mdb"" at log position (00000001,0001,0268) was deferred due to AttachFuture.  Additional information:  "
"9/7/2026 7:18:32 PM","300","Information","ESENT","svchost (2164,R,98) DDP: The database engine is initiating recovery steps."
"9/7/2026 7:18:32 PM","102","Information","ESENT","svchost (2164,P,98) DDP: The database engine (10.00.20348.0000) is starting a new instance (1)."
"9/7/2026 7:18:32 PM","517","Information","WDSServer","Provider WDSDCPXE loaded from C:\Windows\system32\wdsdcpxe.dll and initialized successfully."
"9/7/2026 7:18:32 PM","517","Information","WDSServer","Provider WDSDCMGR loaded from C:\Windows\system32\wdsdcmgr.dll and initialized successfully."
"9/7/2026 7:18:21 PM","9027","Information","Desktop Window Manager","The Desktop Window Manager has registered the session port."
"9/7/2026 7:18:20 PM","271","Information","VMUpgradeHelper","Restored network configuration."
"9/7/2026 7:18:15 PM","4202","Information","Microsoft-Windows-MSDTC 2","MSDTC started with the following settings: Security Configuration (OFF = 0 and ON = 1): Allow Remote Administrator = 0, Network Clients = 0, Transaction Manager Communication:  Allow Inbound Transactions = 0, Allow Outbound Transactions = 0, Transaction Internet Protocol (TIP) = 0,  Enable XA Transactions = 0,  Enable SNA LU 6.2 Transactions = 1,  MSDTC Communications Security = Mutual Authentication Required, Account = NT AUTHORITY\NetworkService,  Firewall Exclusion Detected = 0 Transaction Bridge Installed = 0 Filtering Duplicate Events = 1"
"9/7/2026 7:18:13 PM","258","Information","VMUpgradeHelper","Restoring network configuration."
"9/7/2026 7:18:10 PM","781","Information","Microsoft-Windows-Complus","The COM+ sub system is suppressing duplicate event log entries for a duration of 86400 seconds.  The suppression timeout can be controlled by a REG_DWORD value named SuppressDuplicateDuration under the following registry key: HKLM\Software\Microsoft\COM3\Eventlog."
"9/7/2026 7:18:10 PM","0","Information","Microsoft Deployment Toolkit Monitor Service","Service started successfully."
"9/7/2026 7:18:07 PM","517","Information","WDSServer","Provider WDSTFTP loaded from C:\Windows\system32\wdstftp.dll and initialized successfully."
"9/7/2026 7:18:07 PM","517","Information","WDSServer","Provider WDSMDMGR loaded from C:\Windows\system32\wdsmdmgr.dll and initialized successfully."
"9/7/2026 7:18:05 PM","5617","Information","Microsoft-Windows-WMI","Windows Management Instrumentation Service subsystems initialized successfully"
"9/7/2026 7:18:06 PM","326","Information","ESENT","svchost (2164,D,50) WDS: The database engine attached a database (1, C:\RemoteInstall\Stores\Metadata\WDSMD.mdb). (Time=0 seconds) 
 
Saved Cache: 1 0 
Additional Data: lgposAttach = 00000001:00B6:0268,
dbv = 1568.180.400 (9360) 
 
Internal Timing Sequence: 
[1] 0.000005 +J(0)
[2] 0.002947 -0.002691 (1) WT +J(0) +M(C:0K, Fs:24, WS:32K # 0K, PF:32K # 0K, P:32K)
[3] 0.343008 -0.316751 (6) WT +J(CM:0, PgRf:0, Rd:0/0, Dy:0/0, Lg:3480/2) +M(C:0K, Fs:15, WS:24K # 0K, PF:24K # 0K, P:24K)
[4] 0.000131 +J(0)
[5] -
[6] -
[7] -
[8] 0.018153 -0.017477 (2) CM -0.017381 (2) WT +J(CM:2, PgRf:2, Rd:4/2, Dy:0/0, Lg:54/1) +M(C:120K, Fs:46, WS:128K # 0K, PF:140K # 0K, P:140K)
[9] 0.077143 -0.076751 (3) CM -0.076580 (3) WT +J(CM:3, PgRf:16, Rd:0/2, Dy:0/0, Lg:0/0) +M(C:-16K, Fs:40, WS:80K # 0K, PF:208K # 0K, P:208K)
[10] 0.009853 -0.009717 (1) CM -0.009637 (1) WT +J(CM:1, PgRf:35, Rd:0/1, Dy:0/0, Lg:0/0) +M(C:-28K, Fs:4, WS:-12K # 0K, PF:36K # 0K, P:36K)
[11] 0.000020 +J(CM:0, PgRf:1, Rd:0/0, Dy:0/0, Lg:0/0) +M(C:0K, Fs:3, WS:12K # 0K, PF:0K # 0K, P:0K)
[12] 0.000043 +J(CM:0, PgRf:42, Rd:0/0, Dy:0/0, Lg:0/0) +M(C:0K, Fs:1, WS:4K # 0K, PF:0K # 0K, P:0K)
[13] 0.0 +J(0)
[14] 0.0 +J(0)
[15] 0.000005 +J(CM:0, PgRf:1, Rd:0/0, Dy:0/0, Lg:0/0)."
"9/7/2026 7:18:05 PM","105","Information","ESENT","svchost (2164,D,0) WDS: The database engine started a new instance (0). (Time=1 seconds) 
 
Additional Data:
 lgposV2[] = 00000001:0001:0000 - 00000001:00B3:0309 - 00000001:00B4:0000 - 00000001:00B4:0000 (00000000:0000:0000)
cReInits = 52
 
 
Internal Timing Sequence: 
[1] 0.001526 +J(0) +M(C:0K, Fs:176, WS:692K # 692K, PF:4500K # 4500K, P:4500K)
[2] 0.060799 +J(0) +M(C:64K, Fs:153, WS:604K # 604K, PF:1256K # 1256K, P:1256K)
[3] 0.000066 +J(0) +M(C:0K, Fs:5, WS:20K # 20K, PF:64K # 64K, P:64K)
[4] 0.000177 +J(0) +M(C:0K, Fs:22, WS:84K # 84K, PF:228K # 228K, P:228K)
[5] 0.008747 +J(0) +M(C:0K, Fs:9, WS:36K # 36K, PF:16K # 16K, P:16K)
[6] 0.017492 +J(0) +M(C:0K, Fs:23, WS:92K # 92K, PF:12K # 12K, P:12K)
[7] 0.321891 -0.309597 (11) WT +J(0) +M(C:0K, Fs:1300, WS:5188K # 5188K, PF:5132K # 5132K, P:5132K)
[8] 0.283357 -0.224783 (70) WT +J(CM:0, PgRf:0, Rd:0/0, Dy:0/0, Lg:725948/1138) +M(C:0K, Fs:1350, WS:396K # 428K, PF:252K # 284K, P:252K)
[9] 0.003042 +J(0) +M(C:0K, Fs:4, WS:16K # 0K, PF:4K # 0K, P:4K)
[10] 0.026332 -0.023621 (10) WT +J(0) +M(C:0K, Fs:0, WS:-5116K # 0K, PF:-5124K # 0K, P:-5124K)
[11] 0.000035 +J(CM:0, PgRf:0, Rd:0/0, Dy:0/0, Lg:49/1) +M(C:0K, Fs:2, WS:8K # 0K, PF:0K # 0K, P:0K)
[12] 0.000049 +J(0)
[13] 0.528867 -0.004177 (2) CM -0.106271 (31) WT +J(CM:2, PgRf:2, Rd:0/2, Dy:0/0, Lg:8759/5) +M(C:-56K, Fs:1350, WS:48K # 44K, PF:84K # 64K, P:84K)
[14] 0.000021 +J(0)
[15] 0.000030 +J(0)
[16] 0.001240 -0.001005 (1) WT +J(0) +M(C:0K, Fs:2, WS:0K # 0K, PF:0K # 0K, P:0K)."
"9/7/2026 7:18:05 PM","302","Information","ESENT","svchost (2164,U,98) WDS: The database engine has successfully completed recovery steps."
"9/7/2026 7:18:05 PM","301","Information","ESENT","svchost (2164,R,98) WDS: The database engine has finished replaying logfile C:\RemoteInstall\Stores\Metadata\WDS.log. 
 
Processing Stats: 
[1] 0.274685 -0.220771 (67) WT +J(CM:0, PgRf:0, Rd:0/0, Dy:0/0, Lg:725948/1138) +M(C:0K, Fs:1307, WS:232K # 264K, PF:168K # 200K, P:168K). 
Log record of type 'Insert   ' was seen most frequently (277 times)"
"9/7/2026 7:18:04 PM","335","Information","ESENT","svchost (2164,R,98) WDS: Replay of a Create for database ""C:\RemoteInstall\Stores\Metadata\WDSMD.mdb"" at log position (00000001,0001,0268) was deferred due to AttachFuture.  Additional information:  "
"9/7/2026 7:18:04 PM","300","Information","ESENT","svchost (2164,R,98) WDS: The database engine is initiating recovery steps."
"9/7/2026 7:18:04 PM","102","Information","ESENT","svchost (2164,P,98) WDS: The database engine (10.00.20348.0000) is starting a new instance (0)."
"9/7/2026 7:18:04 PM","517","Information","WDSServer","Provider WDSMC loaded from C:\Windows\system32\wdsmc.dll and initialized successfully."
"9/7/2026 7:18:02 PM","5615","Information","Microsoft-Windows-WMI","Windows Management Instrumentation Service started sucessfully"
"9/7/2026 7:18:02 PM","1025","Information","WDSServer","The RPC server started on TCP port 5040. 
"
"9/7/2026 7:18:01 PM","105","Information","VMTools","The service was started."
"9/7/2026 7:17:52 PM","1531","Information","Microsoft-Windows-User Profiles Service","The User Profile Service has started successfully.  

"
"9/1/2026 11:00:41 PM","38","Information","Microsoft-Windows-CertificationAuthority","Active Directory Certificate Services for scaffold-DC-CA was stopped."
"9/7/2026 7:17:52 PM","4625","Information","Microsoft-Windows-EventSystem","The EventSystem sub system is suppressing duplicate event log entries for a duration of 86400 seconds.  The suppression timeout can be controlled by a REG_DWORD value named SuppressDuplicateDuration under the following registry key: HKLM\Software\Microsoft\EventSystem\EventLog."
"9/1/2026 11:00:40 PM","1532","Information","Microsoft-Windows-User Profiles Service","The User Profile Service has stopped.  

"
"9/1/2026 11:00:40 PM","17147","Information","MSSQL$SQLEXPRESS","SQL Server is terminating because of a system shutdown. This is an informational message only. No user action is required."
"9/1/2026 11:00:40 PM","108","Information","VMTools","The service was stopped."
"9/1/2026 11:00:40 PM","272","Information","VMUpgradeHelper","Saved network configuration."
"9/1/2026 11:00:40 PM","260","Information","VMUpgradeHelper","Saving network configuration."
"9/1/2026 11:00:40 PM","6000","Information","Microsoft-Windows-Winlogon","The winlogon notification subscriber <SessionEnv> was unavailable to handle a notification event."
"9/1/2026 11:00:40 PM","6000","Information","Microsoft-Windows-Winlogon","The winlogon notification subscriber <WSearch> was unavailable to handle a notification event."
"9/1/2026 10:54:31 PM","1130","Information",".NET Runtime Optimization Service",".NET Runtime Optimization Service (4.0.30319.0) - Installed from repository: mscorlib"
"9/1/2026 10:51:13 PM","1000","Information","Microsoft-Windows-LoadPerf","Performance counters for the WmiApRpl (WmiApRpl) service were loaded successfully. The Record Data in the data section contains the new index values assigned to this service."
"9/1/2026 10:51:13 PM","1001","Information","Microsoft-Windows-LoadPerf","Performance counters for the WmiApRpl (WmiApRpl) service were removed successfully. The Record Data contains the new values of the system Last Counter and Last Help registry entries."
"9/1/2026 10:48:07 PM","49930","Information","MSSQL$SQLEXPRESS","Parallel redo is shutdown for database 'ScaffoldPortal' with worker pool size [1]."
"9/1/2026 10:48:07 PM","49930","Information","MSSQL$SQLEXPRESS","Parallel redo is started for database 'ScaffoldPortal' with worker pool size [1]."
"9/1/2026 10:48:07 PM","17137","Information","MSSQL$SQLEXPRESS","Starting up database 'ScaffoldPortal'."
"9/1/2026 10:48:07 PM","8128","Information","MSSQL$SQLEXPRESS","Using 'xplog70.dll' version '2019.150.2000' to execute extended stored procedure 'xp_msver'. This is an informational message only; no user action is required."
"9/1/2026 10:48:07 PM","33090","Information","MSSQL$SQLEXPRESS","Attempting to load library 'xplog70.dll' into memory. This is an informational message only. No user action is required."
"9/1/2026 10:47:44 PM","1","Information","MSSQL$SQLEXPRESS","None"
"9/1/2026 10:45:58 PM","8224","Information","VSS","The VSS service is shutting down due to idle timeout. "
"9/1/2026 10:45:48 PM","1002","Information","Microsoft-Windows-Winlogon","The shell stopped unexpectedly and explorer.exe was restarted."
"9/1/2026 10:45:36 PM","1002","Information","Microsoft-Windows-Winlogon","The shell stopped unexpectedly and explorer.exe was restarted."
"9/1/2026 10:45:32 PM","903","Information","Microsoft-Windows-Security-SPP","The Software Protection service has stopped.
"
"9/1/2026 10:45:32 PM","16384","Information","Microsoft-Windows-Security-SPP","Successfully scheduled Software Protection service for re-start at 2026-09-03T05:44:32Z. Reason: RulesEngine."
"9/1/2026 10:45:02 PM","902","Information","Microsoft-Windows-Security-SPP","The Software Protection service has started.
10.0.20348.587"
"9/1/2026 10:44:58 PM","8198","Error","Microsoft-Windows-Security-SPP","License Activation (slui.exe) failed with the following error code:
hr=0x80004005
Command-line arguments:
RuleId=3482d82e-ca2c-4e1f-8864-da0267b484b2;Action=AutoActivate;AppId=55c92734-d682-4d71-983e-d6ec3f16059f;SkuId=80f53cc1-120f-4e0e-875b-27c9f1caf7de;NotificationInterval=1440;Trigger=TimerEvent"
