"7/8/2026 10:41:38 PM","16647","Information","Microsoft-Windows-Directory-Services-SAM","The domain controller is starting a request for a new account-identifier pool."
"7/8/2026 10:41:37 PM","7036","Information","Service Control Manager","The WMI Performance Adapter service entered the running state."
"7/8/2026 10:41:35 PM","7036","Information","Service Control Manager","The Background Intelligent Transfer Service service entered the running state."
"7/8/2026 10:41:32 PM","7040","Information","Service Control Manager","The start type of the Background Intelligent Transfer Service service was changed from demand start to auto start."
"7/8/2026 10:41:29 PM","1014","Warning","Microsoft-Windows-DNS-Client","Name resolution for the name _kerberos._tcp.Default-First-Site-Name._sites.dc._msdcs.SCAFFOLD.HTB. timed out after none of the configured DNS servers responded."
"7/8/2026 10:41:29 PM","7036","Information","Service Control Manager","The AppX Deployment Service (AppXSVC) service entered the running state."
"7/8/2026 10:41:28 PM","7036","Information","Service Control Manager","The Storage Service service entered the running state."
"7/8/2026 10:41:28 PM","16","Information","Microsoft-Windows-Kernel-General","The access history in hive \??\C:\Windows\ServiceProfiles\NetworkService\AppData\Local\Microsoft\Windows\DeliveryOptimization\State\dosvcState.dat was cleared updating 45 keys and creating 9 modified pages."
"7/8/2026 10:41:27 PM","7036","Information","Service Control Manager","The Delivery Optimization service entered the running state."
"7/8/2026 10:41:27 PM","7036","Information","Service Control Manager","The Windows Update Medic Service service entered the running state."
"7/8/2026 10:41:24 PM","7036","Information","Service Control Manager","The Windows Update service entered the running state."
"7/8/2026 10:41:22 PM","7036","Information","Service Control Manager","The Windows License Manager Service service entered the running state."
"7/8/2026 10:41:22 PM","7036","Information","Service Control Manager","The Volume Shadow Copy service entered the running state."
"7/8/2026 10:41:21 PM","7036","Information","Service Control Manager","The Distributed Transaction Coordinator service entered the running state."
"7/8/2026 10:41:19 PM","7036","Information","Service Control Manager","The W32Time service entered the running state."
"7/8/2026 10:41:19 PM","12","Warning","Microsoft-Windows-Time-Service","Time Provider NtpClient: This machine is configured to use the domain hierarchy to determine its time source, but it is the AD PDC emulator for the domain at the root of the forest, so there is no machine above it in the domain hierarchy to use as a time source. It is recommended that you either configure a reliable time service in the root domain, or manually configure the AD PDC to synchronize with an external time source. Otherwise, this machine will function as the authoritative time source in the domain hierarchy. If an external time source is not configured or used for this computer, you may choose to disable the NtpClient."
"7/8/2026 10:41:18 PM","143","Information","Microsoft-Windows-Time-Service","The time service has started advertising as a good time source."
"7/8/2026 10:41:18 PM","139","Information","Microsoft-Windows-Time-Service","The time service has started advertising as a time source."
"7/8/2026 10:41:17 PM","7036","Information","Service Control Manager","The Network Setup Service service entered the stopped state."
"7/8/2026 10:41:17 PM","7036","Information","Service Control Manager","The TCP/IP NetBIOS Helper service entered the running state."
"7/8/2026 10:41:16 PM","7036","Information","Service Control Manager","The Display Policy Service service entered the running state."
"7/8/2026 10:41:16 PM","7036","Information","Service Control Manager","The MDT_Monitor service entered the running state."
"7/8/2026 10:41:15 PM","16","Information","Microsoft-Windows-Kernel-General","The access history in hive \??\C:\Windows\AppCompat\Programs\Amcache.hve was cleared updating 49 keys and creating 14 modified pages."
"7/8/2026 10:41:14 PM","7036","Information","Service Control Manager","The Network Setup Service service entered the running state."
"7/8/2026 10:41:15 PM","5782","Warning","NETLOGON","Dynamic registration or deregistration of one or more DNS records failed with the following error: 
No DNS servers configured for local system."
"7/8/2026 10:41:14 PM","7036","Information","Service Control Manager","The Remote Access Connection Manager service entered the running state."
"7/8/2026 10:41:13 PM","7045","Information","Service Control Manager","A service was installed in the system.

Service Name:  vmxnet3 NDIS 6 Ethernet Adapter Driver
Service File Name:  \SystemRoot\System32\drivers\vmxnet3.sys
Service Type:  kernel mode driver
Service Start Type:  demand start
Service Account:  "
"7/8/2026 10:41:13 PM","7026","Information","Service Control Manager","The following boot-start or system-start driver(s) did not load: 
dam"
"7/8/2026 10:41:12 PM","7036","Information","Service Control Manager","The COMSysApp service entered the running state."
"7/8/2026 10:41:12 PM","7036","Information","Service Control Manager","The SQLTELEMETRY$SQLEXPRESS service entered the running state."
"7/8/2026 10:41:11 PM","7036","Information","Service Control Manager","The ADWS service entered the running state."
"7/8/2026 10:41:11 PM","7023","Error","Service Control Manager","The IsmServ service terminated with the following error: 
The specified server cannot perform the requested operation."
"7/8/2026 10:41:11 PM","7036","Information","Service Control Manager","The IsmServ service entered the stopped state."
"7/8/2026 10:41:10 PM","7036","Information","Service Control Manager","The StateRepository service entered the running state."
"7/8/2026 10:41:10 PM","7036","Information","Service Control Manager","The vmvss service entered the running state."
"7/8/2026 10:41:10 PM","7036","Information","Service Control Manager","The vds service entered the running state."
"7/8/2026 10:41:10 PM","7036","Information","Service Control Manager","The WinRM service entered the running state."
"7/8/2026 10:41:10 PM","16","Information","Microsoft-Windows-Kernel-General","The access history in hive \??\C:\Windows\ServiceProfiles\SQLTELEMETRY$SQLEXPRESS\AppData\Local\Microsoft\Windows\UsrClass.dat was cleared updating 6 keys and creating 1 modified pages."
"7/8/2026 10:41:10 PM","7036","Information","Service Control Manager","The WinDefend service entered the running state."
"7/8/2026 10:41:10 PM","16","Information","Microsoft-Windows-Kernel-General","The access history in hive \??\C:\Windows\ServiceProfiles\SQLTELEMETRY$SQLEXPRESS\ntuser.dat was cleared updating 47 keys and creating 13 modified pages."
"7/8/2026 10:41:10 PM","16","Information","Microsoft-Windows-Kernel-General","The access history in hive \??\C:\Windows\ServiceProfiles\MSSQL$SQLEXPRESS\AppData\Local\Microsoft\Windows\UsrClass.dat was cleared updating 9 keys and creating 1 modified pages."
"7/8/2026 10:41:10 PM","16","Information","Microsoft-Windows-Kernel-General","The access history in hive \??\C:\Windows\ServiceProfiles\MSSQL$SQLEXPRESS\ntuser.dat was cleared updating 70 keys and creating 13 modified pages."
"7/8/2026 10:41:10 PM","7036","Information","Service Control Manager","The DiagTrack service entered the running state."
"7/8/2026 10:41:10 PM","7036","Information","Service Control Manager","The W3SVC service entered the running state."
"7/8/2026 10:41:09 PM","7036","Information","Service Control Manager","The Netlogon service entered the running state."
"7/8/2026 10:41:09 PM","7036","Information","Service Control Manager","The sppsvc service entered the running state."
"7/8/2026 10:41:09 PM","7036","Information","Service Control Manager","The WAS service entered the running state."
"7/8/2026 10:41:09 PM","7036","Information","Service Control Manager","The WpnService service entered the running state."
"7/8/2026 10:41:09 PM","7036","Information","Service Control Manager","The SstpSvc service entered the running state."
"7/8/2026 10:41:09 PM","7036","Information","Service Control Manager","The SQLWriter service entered the running state."
"7/8/2026 10:41:10 PM","3","Information","Virtual Disk Service","Service started."
"7/8/2026 10:41:10 PM","10154","Warning","Microsoft-Windows-WinRM","The WinRM service failed to create the following SPNs: WSMAN/dc.scaffold.htb; WSMAN/dc. 

 Additional Data 
 The error received was 1355: %%1355.

 User Action 
 The SPNs can be created by an administrator using setspn.exe utility."
"7/8/2026 10:41:10 PM","5823","Information","NETLOGON"," The system successfully changed its password on the domain controller .  This event is logged when the password for the computer account is changed by the system. It is logged on the computer that changed the password."
"7/8/2026 10:41:10 PM","10148","Information","Microsoft-Windows-WinRM","The WinRM service is listening for WS-Management requests. 

 User Action 
 Use the following command to see the specific IPs on which WinRM is listening: 

 winrm enumerate winrm/config/listener"
"7/8/2026 10:41:09 PM","7036","Information","Service Control Manager","The VM3DService service entered the running state."
"7/8/2026 10:41:09 PM","7036","Information","Service Control Manager","The Winmgmt service entered the running state."
"7/8/2026 10:41:09 PM","7036","Information","Service Control Manager","The Dfs service entered the running state."
"7/8/2026 10:41:09 PM","7036","Information","Service Control Manager","The WLMS service entered the running state."
"7/8/2026 10:41:09 PM","7036","Information","Service Control Manager","The VMTools service entered the running state."
"7/8/2026 10:41:09 PM","7036","Information","Service Control Manager","The VGAuthService service entered the running state."
"7/8/2026 10:41:09 PM","7036","Information","Service Control Manager","The MDCoreSvc service entered the running state."
"7/8/2026 10:41:09 PM","7036","Information","Service Control Manager","The SysMain service entered the running state."
"7/8/2026 10:41:08 PM","7036","Information","Service Control Manager","The CertSvc service entered the running state."
"7/8/2026 10:41:08 PM","7036","Information","Service Control Manager","The DFSR service entered the running state."
"7/8/2026 10:41:08 PM","7036","Information","Service Control Manager","The AppHostSvc service entered the running state."
"7/8/2026 10:41:08 PM","7036","Information","Service Control Manager","The CoreMessagingRegistrar service entered the running state."
"7/8/2026 10:41:08 PM","7036","Information","Service Control Manager","The RemoteRegistry service entered the running state."
"7/8/2026 10:41:08 PM","7036","Information","Service Control Manager","The CryptSvc service entered the running state."
"7/8/2026 10:41:08 PM","7036","Information","Service Control Manager","The AzureAttestService service entered the running state."
"7/8/2026 10:41:08 PM","7036","Information","Service Control Manager","The Spooler service entered the running state."
"7/8/2026 10:41:08 PM","7036","Information","Service Control Manager","The LanmanServer service entered the running state."
"7/8/2026 10:41:08 PM","7036","Information","Service Control Manager","The SamSs service entered the running state."
"7/8/2026 10:41:09 PM","5211","Information","Microsoft-Windows-WAS","The Windows Process Activation Service (WAS) started with 'Classic' mode using 'ConfigurationSystem'"
"7/8/2026 10:41:09 PM","14531","Information","Microsoft-Windows-DfsSvc","DFS server has finished initializing."
"7/8/2026 10:41:09 PM","14533","Information","Microsoft-Windows-DfsSvc","DFS has finished building all namespaces."
"7/8/2026 10:41:00 PM","7036","Information","Service Control Manager","The KeyIso service entered the running state."
"7/8/2026 10:41:00 PM","7036","Information","Service Control Manager","The UserManager service entered the running state."
"7/8/2026 10:41:00 PM","7036","Information","Service Control Manager","The NcbService service entered the running state."
"7/8/2026 10:41:00 PM","7036","Information","Service Control Manager","The wlidsvc service entered the running state."
"7/8/2026 10:41:00 PM","7036","Information","Service Control Manager","The NcaSvc service entered the stopped state."
"7/8/2026 10:40:59 PM","7036","Information","Service Control Manager","The PolicyAgent service entered the running state."
"7/8/2026 10:40:59 PM","7036","Information","Service Control Manager","The mpssvc service entered the running state."
"7/8/2026 10:40:59 PM","7036","Information","Service Control Manager","The DsmSvc service entered the running state."
"7/8/2026 10:40:59 PM","7036","Information","Service Control Manager","The iphlpsvc service entered the running state."
"7/8/2026 10:40:59 PM","7036","Information","Service Control Manager","The Wcmsvc service entered the running state."
"7/8/2026 10:40:59 PM","7036","Information","Service Control Manager","The IKEEXT service entered the running state."
"7/8/2026 10:40:59 PM","7036","Information","Service Control Manager","The WinHttpAutoProxySvc service entered the running state."
"7/8/2026 10:40:59 PM","7036","Information","Service Control Manager","The LanmanWorkstation service entered the running state."
"7/8/2026 10:40:59 PM","7036","Information","Service Control Manager","The Schedule service entered the running state."
"7/8/2026 10:40:59 PM","7036","Information","Service Control Manager","The ClipSVC service entered the running state."
"7/8/2026 10:40:59 PM","7036","Information","Service Control Manager","The Kdc service entered the running state."
"7/8/2026 10:40:59 PM","7036","Information","Service Control Manager","The netprofm service entered the running state."
"7/8/2026 10:40:59 PM","7036","Information","Service Control Manager","The DeviceInstall service entered the running state."
"7/8/2026 10:40:59 PM","7036","Information","Service Control Manager","The FontCache service entered the running state."
"7/8/2026 10:40:59 PM","7036","Information","Service Control Manager","The BFE service entered the running state."
"7/8/2026 10:40:59 PM","7036","Information","Service Control Manager","The ShellHWDetection service entered the running state."
"7/8/2026 10:40:59 PM","7036","Information","Service Control Manager","The NlaSvc service entered the running state."
"7/8/2026 10:40:59 PM","7036","Information","Service Control Manager","The SENS service entered the running state."
"7/8/2026 10:40:59 PM","7036","Information","Service Control Manager","The ProfSvc service entered the running state."
"7/8/2026 10:40:59 PM","7036","Information","Service Control Manager","The gpsvc service entered the running state."
"7/8/2026 10:40:59 PM","7036","Information","Service Control Manager","The EventSystem service entered the running state."
"7/8/2026 10:40:59 PM","7036","Information","Service Control Manager","The Themes service entered the running state."
"7/8/2026 10:40:58 PM","7036","Information","Service Control Manager","The EventLog service entered the running state."
"7/8/2026 10:40:58 PM","7036","Information","Service Control Manager","The NTDS service entered the running state."
"7/8/2026 10:40:58 PM","6","Information","Microsoft-Windows-FilterManager","File System Filter 'bindflt' (10.0, ‎2051‎-‎03‎-‎03T20:45:47.000000000Z) has successfully loaded and registered with Filter Manager."
"7/8/2026 10:40:58 PM","6","Information","Microsoft-Windows-FilterManager","File System Filter 'storqosflt' (10.0, ‎2051‎-‎09‎-‎21T05:40:20.000000000Z) has successfully loaded and registered with Filter Manager."
"7/8/2026 10:40:58 PM","7036","Information","Service Control Manager","The WPDBusEnum service entered the running state."
"7/8/2026 10:40:58 PM","6","Information","Microsoft-Windows-FilterManager","File System Filter 'CldFlt' (10.0, ‎2074‎-‎11‎-‎09T08:03:12.000000000Z) has successfully loaded and registered with Filter Manager."
"7/8/2026 10:40:58 PM","1","Information","Microsoft-Windows-FilterManager","File System Filter 'CldFlt' (Version 10.0, ‎2074‎-‎11‎-‎09T08:03:12.000000000Z) unloaded successfully."
"7/8/2026 10:40:58 PM","6","Information","Microsoft-Windows-FilterManager","File System Filter 'CldFlt' (10.0, ‎2074‎-‎11‎-‎09T08:03:12.000000000Z) has successfully loaded and registered with Filter Manager."
"7/8/2026 10:40:58 PM","6","Information","Microsoft-Windows-FilterManager","File System Filter 'luafv' (10.0, ‎2068‎-‎10‎-‎11T15:22:37.000000000Z) has successfully loaded and registered with Filter Manager."
"7/8/2026 10:40:58 PM","7036","Information","Service Control Manager","The Dnscache service entered the running state."
"7/8/2026 10:40:58 PM","6","Information","Microsoft-Windows-FilterManager","File System Filter 'wcifs' (10.0, ‎2088‎-‎12‎-‎15T04:51:43.000000000Z) has successfully loaded and registered with Filter Manager."
"7/8/2026 10:40:58 PM","7036","Information","Service Control Manager","The Dhcp service entered the running state."
"7/8/2026 10:40:58 PM","51046","Information","Microsoft-Windows-DHCPv6-Client","DHCPv6 client service is started"
"7/8/2026 10:40:58 PM","50036","Information","Microsoft-Windows-Dhcp-Client","DHCPv4 client service is started"
"7/8/2026 10:40:58 PM","50103","Information","Microsoft-Windows-Dhcp-Client","DHCPv4 client registered for shutdown notification"
"7/8/2026 10:40:58 PM","50036","Information","Microsoft-Windows-Dhcp-Client","DHCPv4 client service is started"
"7/8/2026 10:40:58 PM","7036","Information","Service Control Manager","The TimeBrokerSvc service entered the running state."
"7/8/2026 10:40:58 PM","7036","Information","Service Control Manager","The nsi service entered the running state."
"7/8/2026 10:40:58 PM","16","Information","Microsoft-Windows-Kernel-General","The access history in hive \??\C:\Windows\ServiceProfiles\LocalService\NTUSER.DAT was cleared updating 54 keys and creating 14 modified pages."
"7/8/2026 10:40:58 PM","16","Information","Microsoft-Windows-Kernel-General","The access history in hive \SystemRoot\System32\Config\BBI was cleared updating 20 keys and creating 4 modified pages."
"7/8/2026 10:40:58 PM","7036","Information","Service Control Manager","The SystemEventsBroker service entered the running state."
"7/8/2026 10:40:58 PM","7036","Information","Service Control Manager","The BrokerInfrastructure service entered the running state."
"7/8/2026 10:40:58 PM","7036","Information","Service Control Manager","The LSM service entered the running state."
"7/8/2026 10:40:58 PM","7036","Information","Service Control Manager","The RpcSs service entered the running state."
"7/8/2026 10:40:58 PM","7036","Information","Service Control Manager","The RpcEptMapper service entered the running state."
"7/8/2026 10:40:58 PM","7036","Information","Service Control Manager","The DcomLaunch service entered the running state."
"7/8/2026 10:40:58 PM","16","Information","Microsoft-Windows-Kernel-General","The access history in hive \??\C:\Windows\ServiceProfiles\NetworkService\NTUSER.DAT was cleared updating 96 keys and creating 15 modified pages."
"7/8/2026 10:40:58 PM","7036","Information","Service Control Manager","The Power service entered the running state."
"7/8/2026 10:40:58 PM","7036","Information","Service Control Manager","The PlugPlay service entered the running state."
"7/8/2026 10:40:58 PM","16983","Information","Microsoft-Windows-Directory-Services-SAM","The security account manager is now logging periodic summary events for remote clients that call legacy password change or set RPC methods.

For more information please see https://go.microsoft.com/fwlink/?linkid=2150956.
"
"7/8/2026 10:40:58 PM","16977","Information","Microsoft-Windows-Directory-Services-SAM","The domain is configured with the following minimum password length-related settings.

MinimumPasswordLength: 7

RelaxMinimumPasswordLengthLimits: 0

MinimumPasswordLengthAudit: -1

For more information see https://go.microsoft.com/fwlink/?LinkId=2097191.
"
"7/8/2026 10:40:58 PM","16977","Information","Microsoft-Windows-Directory-Services-SAM","The domain is configured with the following minimum password length-related settings.

MinimumPasswordLength: 7

RelaxMinimumPasswordLengthLimits: 0

MinimumPasswordLengthAudit: 0

For more information see https://go.microsoft.com/fwlink/?LinkId=2097191.
"
"7/8/2026 10:40:58 PM","16654","Information","Microsoft-Windows-Directory-Services-SAM","A pool of account-identifiers (RIDs) has been invalidated. This may occur in the following expected cases:
1. A domain controller is restored from backup. 
2. A domain controller running on a virtual machine is restored from snapshot. 
3. An administrator has manually invalidated the pool. 
See http://go.microsoft.com/fwlink/?LinkId=226247 for more information."
"7/8/2026 10:40:56 PM","16","Information","Microsoft-Windows-Kernel-General","The access history in hive \SystemRoot\System32\Config\SAM was cleared updating 23 keys and creating 3 modified pages."
"7/8/2026 10:40:56 PM","16962","Information","Microsoft-Windows-Directory-Services-SAM","Remote calls to the SAM database are being restricted using the default security descriptor: .
For more information please see http://go.microsoft.com/fwlink/?LinkId=787651."
"7/8/2026 10:40:56 PM","16","Information","Microsoft-Windows-Kernel-General","The access history in hive \SystemRoot\System32\Config\SECURITY was cleared updating 167 keys and creating 8 modified pages."
"7/8/2026 10:40:56 PM","14","Information","Microsoft-Windows-Wininit","Credential Guard configuration: 0x0, 0"
"7/8/2026 10:40:55 PM","16","Information","Microsoft-Windows-Kernel-General","The access history in hive \SystemRoot\System32\Config\DEFAULT was cleared updating 244 keys and creating 42 modified pages."
"7/8/2026 10:40:55 PM","24","Information","Microsoft-Windows-Kernel-General","The time zone information was refreshed with exit reason 0. Current time zone bias is 420."
"7/8/2026 10:40:55 PM","15","Information","Microsoft-Windows-Kernel-General","Hive \SystemRoot\System32\Config\SOFTWARE was reorganized with a starting size of 86794240 bytes and an ending size of 86745088 bytes."
"7/8/2026 10:40:51 PM","16","Information","Microsoft-Windows-Kernel-General","The access history in hive \SystemRoot\System32\config\DRIVERS was cleared updating 410 keys and creating 56 modified pages."
"7/8/2026 10:40:51 PM","98","Information","Microsoft-Windows-Ntfs","Volume \\?\Volume{2bc8a4fb-ec89-41c1-8fb3-d753243c8254} (\Device\HarddiskVolume5) is healthy.  No action is needed."
"7/8/2026 10:40:51 PM","98","Information","Microsoft-Windows-Ntfs","Volume Y: (\Device\HarddiskVolume4) is healthy.  No action is needed."
"7/8/2026 10:40:51 PM","55","Information","Microsoft-Windows-Kernel-Processor-Power","Processor 1 in group 0 exposes the following power management capabilities:

Idle state type: ACPI Idle (C) States (1 state(s))

Performance state type: None
Nominal Frequency (MHz): 2994
Maximum performance percentage: 100
Minimum performance percentage: 100
Minimum throttle percentage: 100"
"7/8/2026 10:40:51 PM","55","Information","Microsoft-Windows-Kernel-Processor-Power","Processor 0 in group 0 exposes the following power management capabilities:

Idle state type: ACPI Idle (C) States (1 state(s))

Performance state type: None
Nominal Frequency (MHz): 2994
Maximum performance percentage: 100
Minimum performance percentage: 100
Minimum throttle percentage: 100"
"7/8/2026 10:40:51 PM","172","Information","Microsoft-Windows-Kernel-Power","Connectivity state in standby: Disconnected, Reason: NIC compliance"
"7/8/2026 10:40:51 PM","6","Information","Microsoft-Windows-FilterManager","File System Filter 'npsvctrig' (10.0, ‎2015‎-‎04‎-‎02T03:42:38.000000000Z) has successfully loaded and registered with Filter Manager."
"7/8/2026 10:40:50 PM","6","Information","Microsoft-Windows-FilterManager","File System Filter 'DfsDriver' (10.0, ‎2053‎-‎07‎-‎29T02:36:42.000000000Z) has successfully loaded and registered with Filter Manager."
"7/8/2026 10:40:50 PM","6","Information","Microsoft-Windows-FilterManager","File System Filter 'FileCrypt' (10.0, ‎2088‎-‎05‎-‎23T23:57:52.000000000Z) has successfully loaded and registered with Filter Manager."
"7/8/2026 10:40:50 PM","98","Information","Microsoft-Windows-Ntfs","Volume C: (\Device\HarddiskVolume3) is healthy.  No action is needed."
"7/8/2026 10:40:50 PM","6","Information","Microsoft-Windows-FilterManager","File System Filter 'WdFilter' (10.0, ‎2036‎-‎01‎-‎26T02:33:35.000000000Z) has successfully loaded and registered with Filter Manager."
"7/8/2026 10:40:50 PM","6","Information","Microsoft-Windows-FilterManager","File System Filter 'DfsrRo' (10.0, ‎1999‎-‎03‎-‎20T18:16:31.000000000Z) has successfully loaded and registered with Filter Manager."
"7/8/2026 10:40:50 PM","6","Information","Microsoft-Windows-FilterManager","File System Filter 'Wof' (10.0, ‎2008‎-‎09‎-‎17T11:19:58.000000000Z) has successfully loaded and registered with Filter Manager."
"7/8/2026 10:40:48 PM","3","Information","vmci","VMCI: Using capabilities (0x1c).
"
"7/8/2026 10:40:47 PM","16","Information","Microsoft-Windows-HAL","The iommu fault reporting has been initialized."
"7/8/2026 10:40:47 PM","20","Information","Microsoft-Windows-Kernel-General","The leap second configuration has been updated.
Reason: Leap second data initialized from registry during boot
Leap seconds enabled: true
New leap second count: 0
Old leap second count: 0"
"7/8/2026 10:40:47 PM","32","Information","Microsoft-Windows-Kernel-Boot","The bootmgr spent 0 ms waiting for user input."
"7/8/2026 10:40:47 PM","18","Information","Microsoft-Windows-Kernel-Boot","There are 0x1 boot options on this system."
"7/8/2026 10:40:47 PM","27","Information","Microsoft-Windows-Kernel-Boot","The boot type was 0x0."
"7/8/2026 10:40:47 PM","25","Information","Microsoft-Windows-Kernel-Boot","The boot menu policy was 0x0."
"7/8/2026 10:40:47 PM","238","Information","Microsoft-Windows-Kernel-Boot","EFI time zone bias: 2047. Daylight flags: 0. Firmware time: ‎2026‎-‎07‎-‎08T22:40:45.000000000Z."
"7/8/2026 10:40:47 PM","20","Information","Microsoft-Windows-Kernel-Boot","The last shutdown's success status was true. The last boot's success status was true."
"7/8/2026 10:40:47 PM","153","Information","Microsoft-Windows-Kernel-Boot","Virtualization-based security (policies: 0) is disabled."
"7/8/2026 10:40:47 PM","12","Information","Microsoft-Windows-Kernel-General","The operating system started at system time ‎2026‎-‎07‎-‎09T05:40:46.500000000Z."
"6/2/2026 7:30:02 AM","13","Information","Microsoft-Windows-Kernel-General","The operating system is shutting down at system time ‎2026‎-‎06‎-‎02T14:30:02.631435100Z."
"6/2/2026 7:30:02 AM","109","Information","Microsoft-Windows-Kernel-Power","The kernel power manager has initiated a shutdown transition.

Shutdown Reason: Kernel API"
"6/2/2026 7:29:58 AM","7036","Information","Service Control Manager","The Active Directory Domain Services service entered the stopped state."
"6/2/2026 7:29:58 AM","7036","Information","Service Control Manager","The Microsoft Defender Core Service service entered the stopped state."
"6/2/2026 7:29:58 AM","7036","Information","Service Control Manager","The Windows Process Activation Service service entered the stopped state."
"6/2/2026 7:29:58 AM","7036","Information","Service Control Manager","The SQL Server (SQLEXPRESS) service entered the stopped state."
"6/2/2026 7:29:58 AM","7036","Information","Service Control Manager","The Task Scheduler service entered the stopped state."
"6/2/2026 7:29:58 AM","7036","Information","Service Control Manager","The DFS Replication service entered the stopped state."
"6/2/2026 7:29:57 AM","7036","Information","Service Control Manager","The Windows Remote Management (WS-Management) service entered the stopped state."
"6/2/2026 7:29:57 AM","7036","Information","Service Control Manager","The Update Orchestrator Service service entered the stopped state."
"6/2/2026 7:29:57 AM","7036","Information","Service Control Manager","The Microsoft Defender Antivirus Service service entered the stopped state."
"6/2/2026 7:29:57 AM","7036","Information","Service Control Manager","The SQL Server CEIP service (SQLEXPRESS) service entered the stopped state."
"6/2/2026 7:29:57 AM","7036","Information","Service Control Manager","The Application Host Helper Service service entered the stopped state."
"6/2/2026 7:29:57 AM","7036","Information","Service Control Manager","The Active Directory Certificate Services service entered the stopped state."
"6/2/2026 7:29:57 AM","7036","Information","Service Control Manager","The SQL Server VSS Writer service entered the stopped state."
"6/2/2026 7:29:57 AM","7036","Information","Service Control Manager","The Diagnostic Policy Service service entered the stopped state."
"6/2/2026 7:29:57 AM","7036","Information","Service Control Manager","The Windows Event Log service entered the stopped state."
"7/8/2026 10:40:58 PM","6013","Information","EventLog","The system uptime is 12 seconds."
"7/8/2026 10:40:58 PM","6005","Information","EventLog","The Event log service was started."
"7/8/2026 10:40:58 PM","6009","Information","EventLog","Microsoft (R) Windows (R) 10.00. 20348  Multiprocessor Free."
"6/2/2026 7:29:57 AM","7036","Information","Service Control Manager","The DNS Server service entered the stopped state."
"6/2/2026 7:29:57 AM","7036","Information","Service Control Manager","The Cryptographic Services service entered the stopped state."
"6/2/2026 7:29:57 AM","7036","Information","Service Control Manager","The Windows Connection Manager service entered the stopped state."
"6/2/2026 7:29:57 AM","7036","Information","Service Control Manager","The WinHTTP Web Proxy Auto-Discovery Service service entered the stopped state."
"6/2/2026 7:29:57 AM","7036","Information","Service Control Manager","The IKE and AuthIP IPsec Keying Modules service entered the stopped state."
"6/2/2026 7:29:57 AM","7036","Information","Service Control Manager","The DHCP Client service entered the stopped state."
"6/2/2026 7:29:57 AM","50037","Information","Microsoft-Windows-Dhcp-Client","DHCPv4 client service is stopped. ShutDown Flag value is 1"
"6/2/2026 7:29:57 AM","50106","Information","Microsoft-Windows-Dhcp-Client","DHCPv4 is waiting on DHCPv6 service to stop"
"6/2/2026 7:29:57 AM","7036","Information","Service Control Manager","The Device Setup Manager service entered the stopped state."
"6/2/2026 7:29:57 AM","7036","Information","Service Control Manager","The Virtual Disk service entered the stopped state."
"6/2/2026 7:29:57 AM","51057","Information","Microsoft-Windows-DHCPv6-Client","DHCPv6 client service stop is almost done.DHCP Context Ref count is 1"
"6/2/2026 7:29:57 AM","51047","Information","Microsoft-Windows-DHCPv6-Client","DHCPv6 client service is stopped. ShutDown Flag value is 1"
"6/2/2026 7:29:57 AM","7036","Information","Service Control Manager","The Windows Font Cache Service service entered the stopped state."
"6/2/2026 7:29:57 AM","7036","Information","Service Control Manager","The Windows Time service entered the stopped state."
"6/2/2026 7:29:57 AM","7036","Information","Service Control Manager","The User Profile Service service entered the stopped state."
"6/2/2026 7:29:57 AM","7036","Information","Service Control Manager","The Remote Access Connection Manager service entered the stopped state."
"6/2/2026 7:29:57 AM","7036","Information","Service Control Manager","The Plug and Play service entered the stopped state."
"6/2/2026 7:29:57 AM","50105","Information","Microsoft-Windows-Dhcp-Client","DHCPv4 client ProcessDHCPRequestForever received TERMINATE_EVENT"
"6/2/2026 7:29:57 AM","50104","Information","Microsoft-Windows-Dhcp-Client","DHCPv4 client received shutdown notification"
"6/2/2026 7:29:57 AM","7036","Information","Service Control Manager","The IPsec Policy Agent service entered the stopped state."
"6/2/2026 7:29:57 AM","7036","Information","Service Control Manager","The Intersite Messaging service entered the stopped state."
"6/2/2026 7:29:57 AM","7036","Information","Service Control Manager","The Secure Socket Tunneling Protocol Service service entered the stopped state."
"6/2/2026 7:29:57 AM","7036","Information","Service Control Manager","The World Wide Web Publishing Service service entered the stopped state."
"6/2/2026 7:29:57 AM","7036","Information","Service Control Manager","The Windows Licensing Monitoring Service service entered the stopped state."
"6/2/2026 7:29:57 AM","7036","Information","Service Control Manager","The Software Protection service entered the stopped state."
"6/2/2026 7:29:57 AM","7036","Information","Service Control Manager","The Distributed Transaction Coordinator service entered the stopped state."
"6/2/2026 7:29:57 AM","7036","Information","Service Control Manager","The Microsoft Deployment Toolkit Monitor Service service entered the stopped state."
"6/2/2026 7:29:57 AM","7036","Information","Service Control Manager","The SysMain service entered the stopped state."
"6/2/2026 7:29:57 AM","7036","Information","Service Control Manager","The State Repository Service service entered the stopped state."
"6/2/2026 7:29:57 AM","7036","Information","Service Control Manager","The Windows Management Instrumentation service entered the stopped state."
"6/2/2026 7:29:57 AM","7036","Information","Service Control Manager","The Active Directory Web Services service entered the stopped state."
"6/2/2026 7:29:57 AM","7036","Information","Service Control Manager","The Program Compatibility Assistant Service service entered the stopped state."
"6/2/2026 7:29:57 AM","7036","Information","Service Control Manager","The AppX Deployment Service (AppXSVC) service entered the stopped state."
"6/2/2026 7:29:57 AM","7036","Information","Service Control Manager","The Diagnostic System Host service entered the stopped state."
"6/2/2026 7:29:57 AM","7036","Information","Service Control Manager","The Capability Access Manager Service service entered the stopped state."
"6/2/2026 7:29:57 AM","7036","Information","Service Control Manager","The Connected User Experiences and Telemetry service entered the stopped state."
"6/2/2026 7:29:57 AM","7036","Information","Service Control Manager","The Delivery Optimization service entered the stopped state."
"6/2/2026 7:29:57 AM","7036","Information","Service Control Manager","The User Access Logging Service service entered the stopped state."
"6/2/2026 7:29:57 AM","7036","Information","Service Control Manager","The VMware Tools service entered the stopped state."
"6/2/2026 7:29:57 AM","7036","Information","Service Control Manager","The Data Sharing Service service entered the stopped state."
"6/2/2026 7:29:57 AM","7036","Information","Service Control Manager","The AzureAttestService service entered the stopped state."
"6/2/2026 7:29:57 AM","6006","Information","EventLog","The Event log service was stopped."
"6/2/2026 7:29:57 AM","10149","Warning","Microsoft-Windows-WinRM","The WinRM service is not listening for WS-Management requests. 

 User Action 
 If you did not intentionally stop the service, use the following command to see the WinRM configuration: 

 winrm enumerate winrm/config/listener"
"6/2/2026 7:29:57 AM","7036","Information","Service Control Manager","The Group Policy Client service entered the stopped state."
"6/2/2026 7:29:57 AM","7002","Information","Microsoft-Windows-Winlogon","User Logoff Notification for Customer Experience Improvement Program"
"6/2/2026 7:29:57 AM","7036","Information","Service Control Manager","The Connected Devices Platform User Service_82f2d service entered the stopped state."
"6/2/2026 7:29:57 AM","7036","Information","Service Control Manager","The Windows Push Notifications User Service_82f2d service entered the stopped state."
"6/2/2026 7:29:57 AM","7036","Information","Service Control Manager","The Clipboard User Service_82f2d service entered the stopped state."
"6/2/2026 7:29:57 AM","10010","Error","Microsoft-Windows-DistributedCOM","The server {9BA05972-F6A8-11CF-A442-00A0C90A8F39} did not register with DCOM within the required timeout."
"6/2/2026 7:29:56 AM","7036","Information","Service Control Manager","The AppX Deployment Service (AppXSVC) service entered the running state."
"6/2/2026 7:29:56 AM","1074","Information","User32","The process C:\Windows\System32\RuntimeBroker.exe (DC) has initiated the power off of computer DC on behalf of user SCAFFOLD\Administrator for the following reason: Other (Unplanned)
 Reason Code: 0x5000000
 Shutdown Type: power off
 Comment: "
"6/2/2026 7:29:51 AM","7036","Information","Service Control Manager","The Software Protection service entered the running state."
"6/2/2026 7:29:50 AM","7036","Information","Service Control Manager","The Windows Update service entered the stopped state."
"6/2/2026 7:29:21 AM","7036","Information","Service Control Manager","The Software Protection service entered the running state."
"6/2/2026 7:28:51 AM","7036","Information","Service Control Manager","The Software Protection service entered the running state."
"6/2/2026 7:28:21 AM","7036","Information","Service Control Manager","The Software Protection service entered the running state."
"6/2/2026 7:27:51 AM","7036","Information","Service Control Manager","The Software Protection service entered the running state."
"6/2/2026 7:27:21 AM","7036","Information","Service Control Manager","The Software Protection service entered the running state."
"6/2/2026 7:27:16 AM","7036","Information","Service Control Manager","The AppX Deployment Service (AppXSVC) service entered the stopped state."
"6/2/2026 7:26:51 AM","7036","Information","Service Control Manager","The Software Protection service entered the running state."
"6/2/2026 7:26:21 AM","7036","Information","Service Control Manager","The Software Protection service entered the running state."
"6/2/2026 7:25:51 AM","7036","Information","Service Control Manager","The Software Protection service entered the running state."
"6/2/2026 7:25:21 AM","7036","Information","Service Control Manager","The Software Protection service entered the running state."
"6/2/2026 7:24:51 AM","7036","Information","Service Control Manager","The Software Protection service entered the running state."
"6/2/2026 7:24:21 AM","7036","Information","Service Control Manager","The Software Protection service entered the running state."
"6/2/2026 7:24:18 AM","7036","Information","Service Control Manager","The Client License Service (ClipSVC) service entered the stopped state."
"6/2/2026 7:24:15 AM","6148","Information","LsaSrv","The PDC completed an automatic trust scan operation for all trusts with no errors.

More information can be found at https://go.microsoft.com/fwlink/?linkid=2162089."
"6/2/2026 7:23:51 AM","7036","Information","Service Control Manager","The Software Protection service entered the running state."
"6/2/2026 7:23:43 AM","7036","Information","Service Control Manager","The Windows Modules Installer service entered the stopped state."
"6/2/2026 7:23:21 AM","7036","Information","Service Control Manager","The Software Protection service entered the running state."
"6/2/2026 7:22:51 AM","7036","Information","Service Control Manager","The Software Protection service entered the running state."
"6/2/2026 7:22:24 AM","7036","Information","Service Control Manager","The Optimize drives service entered the stopped state."
"6/2/2026 7:22:23 AM","7036","Information","Service Control Manager","The Network Setup Service service entered the stopped state."
"6/2/2026 7:22:00 AM","7036","Information","Service Control Manager","The Software Protection service entered the running state."
"6/2/2026 7:21:09 AM","7036","Information","Service Control Manager","The Software Protection service entered the running state."
"6/2/2026 7:20:50 AM","7036","Information","Service Control Manager","The Network Setup Service service entered the running state."
"6/2/2026 7:20:39 AM","7036","Information","Service Control Manager","The Software Protection service entered the running state."
"6/2/2026 7:20:01 AM","7036","Information","Service Control Manager","The Microsoft Edge Update Service (edgeupdate) service entered the stopped state."
"6/2/2026 7:19:57 AM","7036","Information","Service Control Manager","The Background Intelligent Transfer Service service entered the stopped state."
"6/2/2026 7:19:57 AM","7040","Information","Service Control Manager","The start type of the Background Intelligent Transfer Service service was changed from auto start to demand start."
"6/2/2026 7:19:44 AM","7036","Information","Service Control Manager","The Software Protection service entered the running state."
"6/2/2026 7:19:44 AM","7036","Information","Service Control Manager","The Windows Update Medic Service service entered the stopped state."
"6/2/2026 7:19:26 AM","7036","Information","Service Control Manager","The Remote Registry service entered the stopped state."
"6/2/2026 7:19:19 AM","7036","Information","Service Control Manager","The AppX Deployment Service (AppXSVC) service entered the running state."
"6/2/2026 7:19:19 AM","7036","Information","Service Control Manager","The Optimize drives service entered the running state."
"6/2/2026 7:19:18 AM","7036","Information","Service Control Manager","The Data Sharing Service service entered the running state."
"6/2/2026 7:19:18 AM","7036","Information","Service Control Manager","The Windows Modules Installer service entered the running state."
"6/2/2026 7:19:18 AM","7036","Information","Service Control Manager","The Client License Service (ClipSVC) service entered the running state."
"6/2/2026 7:19:18 AM","16","Information","Microsoft-Windows-Kernel-General","The access history in hive \Device\HarddiskVolume1\EFI\Microsoft\Boot\BCD was cleared updating 5 keys and creating 2 modified pages."
"6/2/2026 7:19:14 AM","7036","Information","Service Control Manager","The Software Protection service entered the running state."
"6/2/2026 7:18:58 AM","7036","Information","Service Control Manager","The Application Information service entered the running state."
"6/2/2026 7:18:54 AM","7036","Information","Service Control Manager","The Microsoft Edge Update Service (edgeupdate) service entered the running state."
"6/2/2026 7:18:44 AM","7036","Information","Service Control Manager","The Windows Update Medic Service service entered the running state."
"6/2/2026 7:18:39 AM","7036","Information","Service Control Manager","The Software Protection service entered the running state."
"6/2/2026 7:18:09 AM","7036","Information","Service Control Manager","The Software Protection service entered the running state."
"6/2/2026 7:17:58 AM","7036","Information","Service Control Manager","The AppX Deployment Service (AppXSVC) service entered the stopped state."
"6/2/2026 7:17:57 AM","7036","Information","Service Control Manager","The WMI Performance Adapter service entered the stopped state."
"6/2/2026 7:17:39 AM","7036","Information","Service Control Manager","The Software Protection service entered the running state."
"6/2/2026 7:17:09 AM","7036","Information","Service Control Manager","The Software Protection service entered the running state."
"6/2/2026 7:16:39 AM","7036","Information","Service Control Manager","The Software Protection service entered the running state."
"6/2/2026 7:16:09 AM","7036","Information","Service Control Manager","The Software Protection service entered the running state."
"6/2/2026 7:15:46 AM","7036","Information","Service Control Manager","The Client License Service (ClipSVC) service entered the stopped state."
"6/2/2026 7:15:39 AM","7036","Information","Service Control Manager","The Software Protection service entered the running state."
"6/2/2026 7:15:09 AM","7036","Information","Service Control Manager","The Software Protection service entered the running state."
"6/2/2026 7:15:00 AM","7036","Information","Service Control Manager","The Network Setup Service service entered the stopped state."
"6/2/2026 7:14:59 AM","7036","Information","Service Control Manager","The Windows Modules Installer service entered the stopped state."
"6/2/2026 7:14:39 AM","7036","Information","Service Control Manager","The Software Protection service entered the running state."
"6/2/2026 7:14:17 AM","36928","Error","Schannel","Could not retrieve an OCSP response.

   The Failure Reason is: REASON_OCSP_RESPONSE_RETRIEVAL_ERROR
    The OCSP Url is: 
   The previous OCSP response contained the following times:
      ThisUpdate: ‎1601‎-‎01‎-‎01T00:00:00.000000000Z
      NextUpdate: ‎1601‎-‎01‎-‎01T00:00:00.000000000Z

The attached data contains the certificate."
"6/2/2026 7:14:09 AM","7036","Information","Service Control Manager","The Software Protection service entered the running state."
"6/2/2026 7:13:39 AM","7036","Information","Service Control Manager","The Software Protection service entered the running state."
"6/2/2026 7:13:10 AM","7036","Information","Service Control Manager","The Windows Update service entered the running state."
"6/2/2026 7:13:09 AM","7036","Information","Service Control Manager","The Software Protection service entered the running state."
"6/2/2026 7:13:09 AM","7036","Information","Service Control Manager","The Windows Update service entered the stopped state."
"6/2/2026 7:12:59 AM","7036","Information","Service Control Manager","The Windows Update Medic Service service entered the stopped state."
"6/2/2026 7:12:55 AM","7036","Information","Service Control Manager","The Microsoft Edge Update Service (edgeupdate) service entered the stopped state."
"6/2/2026 7:12:46 AM","7036","Information","Service Control Manager","The Portable Device Enumerator Service service entered the stopped state."
"6/2/2026 7:12:45 AM","16","Information","Microsoft-Windows-Kernel-General","The access history in hive \??\C:\Windows\System32\config\components was cleared updating 68545 keys and creating 8456 modified pages."
"6/2/2026 7:12:45 AM","7036","Information","Service Control Manager","The Windows Modules Installer service entered the running state."
"6/2/2026 7:12:39 AM","7036","Information","Service Control Manager","The Software Protection service entered the running state."
"6/2/2026 7:12:28 AM","7036","Information","Service Control Manager","The Volume Shadow Copy service entered the stopped state."
"6/2/2026 7:12:28 AM","7036","Information","Service Control Manager","The VMware Snapshot Provider service entered the stopped state."
"6/2/2026 7:12:27 AM","7036","Information","Service Control Manager","The Microsoft Account Sign-in Assistant service entered the stopped state."
"6/2/2026 7:12:19 AM","7036","Information","Service Control Manager","The Device Install Service service entered the stopped state."
"6/2/2026 7:12:06 AM","7036","Information","Service Control Manager","The Software Protection service entered the running state."
"6/2/2026 7:12:00 AM","7036","Information","Service Control Manager","The Clipboard User Service_82f2d service entered the running state."
"6/2/2026 7:11:59 AM","7036","Information","Service Control Manager","The Update Orchestrator Service service entered the running state."
"6/2/2026 7:11:59 AM","7036","Information","Service Control Manager","The Windows Update Medic Service service entered the running state."
"6/2/2026 7:11:59 AM","7036","Information","Service Control Manager","The User Access Logging Service service entered the running state."
"6/2/2026 7:11:57 AM","7036","Information","Service Control Manager","The WMI Performance Adapter service entered the running state."
"6/2/2026 7:11:57 AM","7036","Information","Service Control Manager","The WMI Performance Adapter service entered the stopped state."
"6/2/2026 7:11:57 AM","7036","Information","Service Control Manager","The WMI Performance Adapter service entered the running state."
"6/2/2026 7:11:57 AM","7036","Information","Service Control Manager","The WMI Performance Adapter service entered the stopped state."
"6/2/2026 7:11:57 AM","7036","Information","Service Control Manager","The Program Compatibility Assistant Service service entered the running state."
"6/2/2026 7:11:57 AM","7036","Information","Service Control Manager","The Diagnostic System Host service entered the running state."
"6/2/2026 7:11:57 AM","7036","Information","Service Control Manager","The Diagnostic Policy Service service entered the running state."
"6/2/2026 7:11:57 AM","4107","Information","Display","A caller specified the SDC_FORCE_MODE_ENUMERATION flag in a call to the SetDisplayConfig() API"
"6/2/2026 7:11:36 AM","7036","Information","Service Control Manager","The Software Protection service entered the running state."
"6/2/2026 7:11:31 AM","7036","Information","Service Control Manager","The Microsoft Edge Update Service (edgeupdate) service entered the running state."
"6/2/2026 7:10:50 AM","7036","Information","Service Control Manager","The Network Setup Service service entered the running state."
