"7/8/2026 11:11:53 PM","5211","Information","Microsoft-Windows-WAS","The Windows Process Activation Service (WAS) started with 'Classic' mode using 'ConfigurationSystem'"
"7/8/2026 11:11:53 PM","7036","Information","Service Control Manager","The MDCoreSvc service entered the running state."
"7/8/2026 11:11:53 PM","7036","Information","Service Control Manager","The CertSvc service entered the running state."
"7/8/2026 11:11:53 PM","7036","Information","Service Control Manager","The AppHostSvc service entered the running state."
"7/8/2026 11:11:53 PM","7036","Information","Service Control Manager","The SstpSvc service entered the running state."
"7/8/2026 11:11:53 PM","7036","Information","Service Control Manager","The Dfs service entered the running state."
"7/8/2026 11:11:53 PM","7036","Information","Service Control Manager","The IsmServ service entered the running state."
"7/8/2026 11:11:53 PM","7036","Information","Service Control Manager","The DFSR service entered the running state."
"7/8/2026 11:11:53 PM","7036","Information","Service Control Manager","The CryptSvc service entered the running state."
"7/8/2026 11:11:53 PM","7036","Information","Service Control Manager","The RemoteRegistry service entered the running state."
"7/8/2026 11:11:53 PM","7036","Information","Service Control Manager","The CoreMessagingRegistrar service entered the running state."
"7/8/2026 11:11:53 PM","7036","Information","Service Control Manager","The KeyIso service entered the running state."
"7/8/2026 11:11:53 PM","7036","Information","Service Control Manager","The AzureAttestService service entered the running state."
"7/8/2026 11:11:53 PM","7036","Information","Service Control Manager","The Spooler service entered the running state."
"7/8/2026 11:11:52 PM","7036","Information","Service Control Manager","The LanmanServer service entered the running state."
"7/8/2026 11:11:52 PM","7036","Information","Service Control Manager","The SamSs service entered the running state."
"7/8/2026 11:11:53 PM","14531","Information","Microsoft-Windows-DfsSvc","DFS server has finished initializing."
"7/8/2026 11:11:53 PM","14533","Information","Microsoft-Windows-DfsSvc","DFS has finished building all namespaces."
"7/8/2026 11:11:44 PM","1014","Warning","Microsoft-Windows-DNS-Client","Name resolution for the name wpad timed out after none of the configured DNS servers responded."
"7/8/2026 11:11:44 PM","7036","Information","Service Control Manager","The NcbService service entered the running state."
"7/8/2026 11:11:44 PM","7036","Information","Service Control Manager","The UserManager service entered the running state."
"7/8/2026 11:11:44 PM","1014","Warning","Microsoft-Windows-DNS-Client","Name resolution for the name _ldap._tcp.dc._msdcs.scaffold.htb. timed out after none of the configured DNS servers responded."
"7/8/2026 11:11:44 PM","7036","Information","Service Control Manager","The DsmSvc service entered the running state."
"7/8/2026 11:11:44 PM","7036","Information","Service Control Manager","The NcaSvc service entered the stopped state."
"7/8/2026 11:11:44 PM","7036","Information","Service Control Manager","The mpssvc service entered the running state."
"7/8/2026 11:11:44 PM","36928","Error","Schannel","Could not retrieve an OCSP response.

   The Failure Reason is: REASON_OCSP_RESPONSE_RETRIEVAL_ERROR
    The OCSP Url is: 
   The previous OCSP response contained the following times:
      ThisUpdate: ‎1601‎-‎01‎-‎01T00:00:00.000000000Z
      NextUpdate: ‎1601‎-‎01‎-‎01T00:00:00.000000000Z

The attached data contains the certificate."
"7/8/2026 11:11:44 PM","7036","Information","Service Control Manager","The iphlpsvc service entered the running state."
"7/8/2026 11:11:44 PM","7036","Information","Service Control Manager","The LanmanWorkstation service entered the running state."
"7/8/2026 11:11:44 PM","7036","Information","Service Control Manager","The PolicyAgent service entered the running state."
"7/8/2026 11:11:44 PM","7036","Information","Service Control Manager","The Wcmsvc service entered the running state."
"7/8/2026 11:11:44 PM","7036","Information","Service Control Manager","The Kdc service entered the running state."
"7/8/2026 11:11:44 PM","7036","Information","Service Control Manager","The IKEEXT service entered the running state."
"7/8/2026 11:11:44 PM","7036","Information","Service Control Manager","The Schedule service entered the running state."
"7/8/2026 11:11:43 PM","7036","Information","Service Control Manager","The WinHttpAutoProxySvc service entered the running state."
"7/8/2026 11:11:43 PM","7036","Information","Service Control Manager","The FontCache service entered the running state."
"7/8/2026 11:11:43 PM","7036","Information","Service Control Manager","The netprofm service entered the running state."
"7/8/2026 11:11:43 PM","7036","Information","Service Control Manager","The ShellHWDetection service entered the running state."
"7/8/2026 11:11:43 PM","1014","Warning","Microsoft-Windows-DNS-Client","Name resolution for the name _ldap._tcp.dc._msdcs.scaffold.htb. timed out after none of the configured DNS servers responded."
"7/8/2026 11:11:43 PM","7036","Information","Service Control Manager","The BFE service entered the running state."
"7/8/2026 11:11:43 PM","7036","Information","Service Control Manager","The NlaSvc service entered the running state."
"7/8/2026 11:11:43 PM","7036","Information","Service Control Manager","The TrustedInstaller service entered the running state."
"7/8/2026 11:11:43 PM","7036","Information","Service Control Manager","The SENS service entered the running state."
"7/8/2026 11:11:43 PM","7036","Information","Service Control Manager","The gpsvc service entered the running state."
"7/8/2026 11:11:43 PM","7036","Information","Service Control Manager","The ProfSvc service entered the running state."
"7/8/2026 11:11:43 PM","7036","Information","Service Control Manager","The EventSystem service entered the running state."
"7/8/2026 11:11:43 PM","7036","Information","Service Control Manager","The Themes service entered the running state."
"7/8/2026 11:11:43 PM","7036","Information","Service Control Manager","The EventLog service entered the running state."
"7/8/2026 11:11:43 PM","7036","Information","Service Control Manager","The NTDS service entered the running state."
"7/8/2026 11:11:43 PM","6","Information","Microsoft-Windows-FilterManager","File System Filter 'bindflt' (10.0, ‎2051‎-‎03‎-‎03T20:45:47.000000000Z) has successfully loaded and registered with Filter Manager."
"7/8/2026 11:11:43 PM","7036","Information","Service Control Manager","The WPDBusEnum service entered the running state."
"7/8/2026 11:11:43 PM","6","Information","Microsoft-Windows-FilterManager","File System Filter 'storqosflt' (10.0, ‎2051‎-‎09‎-‎21T05:40:20.000000000Z) has successfully loaded and registered with Filter Manager."
"7/8/2026 11:11:43 PM","6","Information","Microsoft-Windows-FilterManager","File System Filter 'CldFlt' (10.0, ‎2074‎-‎11‎-‎09T08:03:12.000000000Z) has successfully loaded and registered with Filter Manager."
"7/8/2026 11:11:43 PM","1","Information","Microsoft-Windows-FilterManager","File System Filter 'CldFlt' (Version 10.0, ‎2074‎-‎11‎-‎09T08:03:12.000000000Z) unloaded successfully."
"7/8/2026 11:11:43 PM","6","Information","Microsoft-Windows-FilterManager","File System Filter 'CldFlt' (10.0, ‎2074‎-‎11‎-‎09T08:03:12.000000000Z) has successfully loaded and registered with Filter Manager."
"7/8/2026 11:11:43 PM","6","Information","Microsoft-Windows-FilterManager","File System Filter 'luafv' (10.0, ‎2068‎-‎10‎-‎11T15:22:37.000000000Z) has successfully loaded and registered with Filter Manager."
"7/8/2026 11:11:43 PM","7036","Information","Service Control Manager","The Dnscache service entered the running state."
"7/8/2026 11:11:43 PM","6","Information","Microsoft-Windows-FilterManager","File System Filter 'wcifs' (10.0, ‎2088‎-‎12‎-‎15T04:51:43.000000000Z) has successfully loaded and registered with Filter Manager."
"7/8/2026 11:11:43 PM","7036","Information","Service Control Manager","The Dhcp service entered the running state."
"7/8/2026 11:11:43 PM","51046","Information","Microsoft-Windows-DHCPv6-Client","DHCPv6 client service is started"
"7/8/2026 11:11:43 PM","50036","Information","Microsoft-Windows-Dhcp-Client","DHCPv4 client service is started"
"7/8/2026 11:11:43 PM","50103","Information","Microsoft-Windows-Dhcp-Client","DHCPv4 client registered for shutdown notification"
"7/8/2026 11:11:43 PM","50036","Information","Microsoft-Windows-Dhcp-Client","DHCPv4 client service is started"
"7/8/2026 11:11:43 PM","7036","Information","Service Control Manager","The TimeBrokerSvc service entered the running state."
"7/8/2026 11:11:43 PM","7036","Information","Service Control Manager","The lmhosts service entered the running state."
"7/8/2026 11:11:43 PM","7036","Information","Service Control Manager","The nsi service entered the running state."
"7/8/2026 11:11:43 PM","7036","Information","Service Control Manager","The SystemEventsBroker service entered the running state."
"7/8/2026 11:11:43 PM","7036","Information","Service Control Manager","The BrokerInfrastructure service entered the running state."
"7/8/2026 11:11:43 PM","7036","Information","Service Control Manager","The LSM service entered the running state."
"7/8/2026 11:11:43 PM","7036","Information","Service Control Manager","The RpcSs service entered the running state."
"7/8/2026 11:11:43 PM","7036","Information","Service Control Manager","The RpcEptMapper service entered the running state."
"7/8/2026 11:11:43 PM","7036","Information","Service Control Manager","The DcomLaunch service entered the running state."
"7/8/2026 11:11:43 PM","7036","Information","Service Control Manager","The Power service entered the running state."
"7/8/2026 11:11:42 PM","7036","Information","Service Control Manager","The PlugPlay service entered the running state."
"7/8/2026 11:11:42 PM","16983","Information","Microsoft-Windows-Directory-Services-SAM","The security account manager is now logging periodic summary events for remote clients that call legacy password change or set RPC methods.

For more information please see https://go.microsoft.com/fwlink/?linkid=2150956.
"
"7/8/2026 11:11:42 PM","16977","Information","Microsoft-Windows-Directory-Services-SAM","The domain is configured with the following minimum password length-related settings.

MinimumPasswordLength: 7

RelaxMinimumPasswordLengthLimits: 0

MinimumPasswordLengthAudit: -1

For more information see https://go.microsoft.com/fwlink/?LinkId=2097191.
"
"7/8/2026 11:11:42 PM","16977","Information","Microsoft-Windows-Directory-Services-SAM","The domain is configured with the following minimum password length-related settings.

MinimumPasswordLength: 7

RelaxMinimumPasswordLengthLimits: 0

MinimumPasswordLengthAudit: 0

For more information see https://go.microsoft.com/fwlink/?LinkId=2097191.
"
"7/8/2026 11:11:41 PM","16962","Information","Microsoft-Windows-Directory-Services-SAM","Remote calls to the SAM database are being restricted using the default security descriptor: .
For more information please see http://go.microsoft.com/fwlink/?LinkId=787651."
"7/8/2026 11:11:41 PM","14","Information","Microsoft-Windows-Wininit","Credential Guard configuration: 0x0, 0"
"7/8/2026 11:11:40 PM","24","Information","Microsoft-Windows-Kernel-General","The time zone information was refreshed with exit reason 0. Current time zone bias is 420."
"7/8/2026 11:11:39 PM","98","Information","Microsoft-Windows-Ntfs","Volume \\?\Volume{2bc8a4fb-ec89-41c1-8fb3-d753243c8254} (\Device\HarddiskVolume5) is healthy.  No action is needed."
"7/8/2026 11:11:39 PM","98","Information","Microsoft-Windows-Ntfs","Volume Y: (\Device\HarddiskVolume4) is healthy.  No action is needed."
"7/8/2026 11:11:39 PM","55","Information","Microsoft-Windows-Kernel-Processor-Power","Processor 1 in group 0 exposes the following power management capabilities:

Idle state type: ACPI Idle (C) States (1 state(s))

Performance state type: None
Nominal Frequency (MHz): 2994
Maximum performance percentage: 100
Minimum performance percentage: 100
Minimum throttle percentage: 100"
"7/8/2026 11:11:39 PM","55","Information","Microsoft-Windows-Kernel-Processor-Power","Processor 0 in group 0 exposes the following power management capabilities:

Idle state type: ACPI Idle (C) States (1 state(s))

Performance state type: None
Nominal Frequency (MHz): 2994
Maximum performance percentage: 100
Minimum performance percentage: 100
Minimum throttle percentage: 100"
"7/8/2026 11:11:39 PM","172","Information","Microsoft-Windows-Kernel-Power","Connectivity state in standby: Disconnected, Reason: NIC compliance"
"7/8/2026 11:11:39 PM","6","Information","Microsoft-Windows-FilterManager","File System Filter 'npsvctrig' (10.0, ‎2015‎-‎04‎-‎02T03:42:38.000000000Z) has successfully loaded and registered with Filter Manager."
"7/8/2026 11:11:38 PM","6","Information","Microsoft-Windows-FilterManager","File System Filter 'DfsDriver' (10.0, ‎2053‎-‎07‎-‎29T02:36:42.000000000Z) has successfully loaded and registered with Filter Manager."
"7/8/2026 11:11:38 PM","6","Information","Microsoft-Windows-FilterManager","File System Filter 'FileCrypt' (10.0, ‎2088‎-‎05‎-‎23T23:57:52.000000000Z) has successfully loaded and registered with Filter Manager."
"7/8/2026 11:11:38 PM","98","Information","Microsoft-Windows-Ntfs","Volume C: (\Device\HarddiskVolume3) is healthy.  No action is needed."
"7/8/2026 11:11:38 PM","6","Information","Microsoft-Windows-FilterManager","File System Filter 'WdFilter' (10.0, ‎2036‎-‎01‎-‎26T02:33:35.000000000Z) has successfully loaded and registered with Filter Manager."
"7/8/2026 11:11:38 PM","6","Information","Microsoft-Windows-FilterManager","File System Filter 'DfsrRo' (10.0, ‎1999‎-‎03‎-‎20T18:16:31.000000000Z) has successfully loaded and registered with Filter Manager."
"7/8/2026 11:11:38 PM","6","Information","Microsoft-Windows-FilterManager","File System Filter 'Wof' (10.0, ‎2008‎-‎09‎-‎17T11:19:58.000000000Z) has successfully loaded and registered with Filter Manager."
"7/8/2026 11:11:36 PM","3","Information","vmci","VMCI: Using capabilities (0x1c).
"
"7/8/2026 11:11:35 PM","16","Information","Microsoft-Windows-HAL","The iommu fault reporting has been initialized."
"7/8/2026 11:11:35 PM","20","Information","Microsoft-Windows-Kernel-General","The leap second configuration has been updated.
Reason: Leap second data initialized from registry during boot
Leap seconds enabled: true
New leap second count: 0
Old leap second count: 0"
"7/8/2026 11:11:35 PM","32","Information","Microsoft-Windows-Kernel-Boot","The bootmgr spent 0 ms waiting for user input."
"7/8/2026 11:11:35 PM","18","Information","Microsoft-Windows-Kernel-Boot","There are 0x1 boot options on this system."
"7/8/2026 11:11:35 PM","27","Information","Microsoft-Windows-Kernel-Boot","The boot type was 0x0."
"7/8/2026 11:11:35 PM","25","Information","Microsoft-Windows-Kernel-Boot","The boot menu policy was 0x0."
"7/8/2026 11:11:35 PM","238","Information","Microsoft-Windows-Kernel-Boot","EFI time zone bias: 2047. Daylight flags: 0. Firmware time: ‎2026‎-‎07‎-‎08T23:11:34.000000000Z."
"7/8/2026 11:11:35 PM","20","Information","Microsoft-Windows-Kernel-Boot","The last shutdown's success status was true. The last boot's success status was true."
"7/8/2026 11:11:35 PM","153","Information","Microsoft-Windows-Kernel-Boot","Virtualization-based security (policies: 0) is disabled."
"7/8/2026 11:11:35 PM","12","Information","Microsoft-Windows-Kernel-General","The operating system started at system time ‎2026‎-‎07‎-‎09T06:11:35.500000000Z."
"7/8/2026 11:11:31 PM","13","Information","Microsoft-Windows-Kernel-General","The operating system is shutting down at system time ‎2026‎-‎07‎-‎09T06:11:31.888707800Z."
"7/8/2026 11:11:31 PM","109","Information","Microsoft-Windows-Kernel-Power","The kernel power manager has initiated a shutdown transition.

Shutdown Reason: Kernel API"
"7/8/2026 11:11:27 PM","7036","Information","Service Control Manager","The Microsoft Defender Antivirus Service service entered the stopped state."
"7/8/2026 11:11:27 PM","7036","Information","Service Control Manager","The Microsoft Defender Core Service service entered the stopped state."
"7/8/2026 11:11:27 PM","7036","Information","Service Control Manager","The Windows Process Activation Service service entered the stopped state."
"7/8/2026 11:11:27 PM","1014","Warning","Microsoft-Windows-DNS-Client","Name resolution for the name wpad timed out after none of the configured DNS servers responded."
"7/8/2026 11:11:27 PM","7036","Information","Service Control Manager","The DFS Replication service entered the stopped state."
"7/8/2026 11:11:27 PM","7036","Information","Service Control Manager","The Volume Shadow Copy service entered the stopped state."
"7/8/2026 11:11:27 PM","7036","Information","Service Control Manager","The SQL Server CEIP service (SQLEXPRESS) service entered the stopped state."
"7/8/2026 11:11:27 PM","7036","Information","Service Control Manager","The SQL Server (SQLEXPRESS) service entered the stopped state."
"7/8/2026 11:11:27 PM","7036","Information","Service Control Manager","The Task Scheduler service entered the stopped state."
"7/8/2026 11:11:27 PM","7036","Information","Service Control Manager","The Windows Remote Management (WS-Management) service entered the stopped state."
"7/8/2026 11:11:27 PM","7036","Information","Service Control Manager","The Active Directory Domain Services service entered the stopped state."
"7/8/2026 11:11:27 PM","7036","Information","Service Control Manager","The Application Host Helper Service service entered the stopped state."
"7/8/2026 11:11:27 PM","7036","Information","Service Control Manager","The Diagnostic Policy Service service entered the stopped state."
"7/8/2026 11:11:27 PM","7036","Information","Service Control Manager","The Active Directory Certificate Services service entered the stopped state."
"7/8/2026 11:11:27 PM","7036","Information","Service Control Manager","The SQL Server VSS Writer service entered the stopped state."
"7/8/2026 11:11:26 PM","7036","Information","Service Control Manager","The Update Orchestrator Service service entered the stopped state."
"7/8/2026 11:11:26 PM","7036","Information","Service Control Manager","The Windows Event Log service entered the stopped state."
"7/8/2026 11:11:26 PM","7036","Information","Service Control Manager","The Remote Access Connection Manager service entered the stopped state."
"7/8/2026 11:11:43 PM","6013","Information","EventLog","The system uptime is 8 seconds."
"7/8/2026 11:11:43 PM","6005","Information","EventLog","The Event log service was started."
"7/8/2026 11:11:43 PM","6009","Information","EventLog","Microsoft (R) Windows (R) 10.00. 20348  Multiprocessor Free."
"7/8/2026 11:11:26 PM","7036","Information","Service Control Manager","The Cryptographic Services service entered the stopped state."
"7/8/2026 11:11:26 PM","7036","Information","Service Control Manager","The DHCP Client service entered the stopped state."
"7/8/2026 11:11:26 PM","50037","Information","Microsoft-Windows-Dhcp-Client","DHCPv4 client service is stopped. ShutDown Flag value is 1"
"7/8/2026 11:11:26 PM","7036","Information","Service Control Manager","The IKE and AuthIP IPsec Keying Modules service entered the stopped state."
"7/8/2026 11:11:26 PM","7036","Information","Service Control Manager","The WinHTTP Web Proxy Auto-Discovery Service service entered the stopped state."
"7/8/2026 11:11:26 PM","7036","Information","Service Control Manager","The Virtual Disk service entered the stopped state."
"7/8/2026 11:11:26 PM","7036","Information","Service Control Manager","The Secure Socket Tunneling Protocol Service service entered the stopped state."
"7/8/2026 11:11:26 PM","50106","Information","Microsoft-Windows-Dhcp-Client","DHCPv4 is waiting on DHCPv6 service to stop"
"7/8/2026 11:11:26 PM","7036","Information","Service Control Manager","The DNS Server service entered the stopped state."
"7/8/2026 11:11:26 PM","51057","Information","Microsoft-Windows-DHCPv6-Client","DHCPv6 client service stop is almost done.DHCP Context Ref count is 1"
"7/8/2026 11:11:26 PM","51047","Information","Microsoft-Windows-DHCPv6-Client","DHCPv6 client service is stopped. ShutDown Flag value is 1"
"7/8/2026 11:11:26 PM","7036","Information","Service Control Manager","The Microsoft Deployment Toolkit Monitor Service service entered the stopped state."
"7/8/2026 11:11:26 PM","7036","Information","Service Control Manager","The Windows Time service entered the stopped state."
"7/8/2026 11:11:26 PM","7036","Information","Service Control Manager","The Windows Connection Manager service entered the stopped state."
"7/8/2026 11:11:26 PM","7036","Information","Service Control Manager","The Windows Management Instrumentation service entered the stopped state."
"7/8/2026 11:11:26 PM","7036","Information","Service Control Manager","The Windows Font Cache Service service entered the stopped state."
"7/8/2026 11:11:26 PM","7036","Information","Service Control Manager","The Microsoft Software Shadow Copy Provider service entered the stopped state."
"7/8/2026 11:11:26 PM","7036","Information","Service Control Manager","The Plug and Play service entered the stopped state."
"7/8/2026 11:11:26 PM","50105","Information","Microsoft-Windows-Dhcp-Client","DHCPv4 client ProcessDHCPRequestForever received TERMINATE_EVENT"
"7/8/2026 11:11:26 PM","50104","Information","Microsoft-Windows-Dhcp-Client","DHCPv4 client received shutdown notification"
"7/8/2026 11:11:26 PM","7036","Information","Service Control Manager","The Program Compatibility Assistant Service service entered the stopped state."
"7/8/2026 11:11:26 PM","7036","Information","Service Control Manager","The User Profile Service service entered the stopped state."
"7/8/2026 11:11:26 PM","7036","Information","Service Control Manager","The IPsec Policy Agent service entered the stopped state."
"7/8/2026 11:11:26 PM","7036","Information","Service Control Manager","The World Wide Web Publishing Service service entered the stopped state."
"7/8/2026 11:11:26 PM","7036","Information","Service Control Manager","The SysMain service entered the stopped state."
"7/8/2026 11:11:26 PM","7036","Information","Service Control Manager","The Active Directory Web Services service entered the stopped state."
"7/8/2026 11:11:26 PM","7036","Information","Service Control Manager","The Software Protection service entered the stopped state."
"7/8/2026 11:11:26 PM","7036","Information","Service Control Manager","The Distributed Transaction Coordinator service entered the stopped state."
"7/8/2026 11:11:26 PM","7036","Information","Service Control Manager","The Diagnostic System Host service entered the stopped state."
"7/8/2026 11:11:26 PM","7036","Information","Service Control Manager","The Connected User Experiences and Telemetry service entered the stopped state."
"7/8/2026 11:11:26 PM","7036","Information","Service Control Manager","The User Access Logging Service service entered the stopped state."
"7/8/2026 11:11:26 PM","7036","Information","Service Control Manager","The VMware Tools service entered the stopped state."
"7/8/2026 11:11:26 PM","7036","Information","Service Control Manager","The Data Sharing Service service entered the stopped state."
"7/8/2026 11:11:26 PM","7036","Information","Service Control Manager","The Windows Security Service service entered the stopped state."
"7/8/2026 11:11:26 PM","7036","Information","Service Control Manager","The AzureAttestService service entered the stopped state."
"7/8/2026 11:11:26 PM","7036","Information","Service Control Manager","The Windows Modules Installer service entered the stopped state."
"7/8/2026 11:11:26 PM","7036","Information","Service Control Manager","The Windows Licensing Monitoring Service service entered the stopped state."
"7/8/2026 11:11:26 PM","6006","Information","EventLog","The Event log service was stopped."
"7/8/2026 11:11:26 PM","10149","Warning","Microsoft-Windows-WinRM","The WinRM service is not listening for WS-Management requests. 

 User Action 
 If you did not intentionally stop the service, use the following command to see the WinRM configuration: 

 winrm enumerate winrm/config/listener"
"7/8/2026 11:11:24 PM","7036","Information","Service Control Manager","The Group Policy Client service entered the stopped state."
"7/8/2026 11:11:24 PM","1074","Information","User32","The process C:\Program Files\VMware\VMware Tools\vmtoolsd.exe (DC) has initiated the restart of computer DC on behalf of user NT AUTHORITY\SYSTEM for the following reason: Legacy API shutdown
 Reason Code: 0x80070000
 Shutdown Type: restart
 Comment: "
"7/8/2026 11:11:12 PM","7036","Information","Service Control Manager","The Software Protection service entered the running state."
"7/8/2026 11:11:06 PM","7036","Information","Service Control Manager","The Microsoft Software Shadow Copy Provider service entered the running state."
"7/8/2026 11:11:06 PM","7036","Information","Service Control Manager","The Volume Shadow Copy service entered the running state."
"7/8/2026 11:10:50 PM","7040","Information","Service Control Manager","The start type of the Windows Modules Installer service was changed from demand start to auto start."
"7/8/2026 11:10:17 PM","7036","Information","Service Control Manager","The Windows Modules Installer service entered the running state."
"7/8/2026 11:09:06 PM","7036","Information","Service Control Manager","The Network Setup Service service entered the stopped state."
"7/8/2026 11:09:03 PM","7036","Information","Service Control Manager","The Network Setup Service service entered the running state."
"7/8/2026 11:08:54 PM","16","Information","Microsoft-Windows-Kernel-General","The access history in hive \??\C:\Users\Administrator\AppData\Local\Microsoft\Windows\UsrClass.dat was cleared updating 548 keys and creating 148 modified pages."
"7/8/2026 11:08:54 PM","16","Information","Microsoft-Windows-Kernel-General","The access history in hive \??\C:\Users\Administrator\ntuser.dat was cleared updating 1049 keys and creating 135 modified pages."
"7/8/2026 11:08:54 PM","6038","Warning","LsaSrv","Microsoft Windows Server has detected that NTLM authentication is presently being used between clients and this server. This event occurs once per boot of the server on the first time a client uses NTLM with this server.
 
NTLM is a weaker authentication mechanism. Please check:
 
      Which applications are using NTLM authentication?
      Are there configuration issues preventing the use of stronger authentication such as Kerberos authentication?
      If NTLM must be supported, is Extended Protection configured?
 
Details on how to complete these checks can be found at http://go.microsoft.com/fwlink/?LinkId=225699."
"7/8/2026 11:07:09 PM","7036","Information","Service Control Manager","The Microsoft Storage Spaces SMP service entered the stopped state."
"7/8/2026 11:03:19 PM","7036","Information","Service Control Manager","The Windows Update service entered the stopped state."
"7/8/2026 10:57:13 PM","7036","Information","Service Control Manager","The AppX Deployment Service (AppXSVC) service entered the stopped state."
"7/8/2026 10:55:56 PM","6148","Information","LsaSrv","The PDC completed an automatic trust scan operation for all trusts with no errors.

More information can be found at https://go.microsoft.com/fwlink/?linkid=2162089."
"7/8/2026 10:55:35 PM","7036","Information","Service Control Manager","The Windows Biometric Service service entered the stopped state."
"7/8/2026 10:54:38 PM","7036","Information","Service Control Manager","The Optimize drives service entered the stopped state."
"7/8/2026 10:54:03 PM","7036","Information","Service Control Manager","The Windows Error Reporting Service service entered the stopped state."
"7/8/2026 10:53:37 PM","7036","Information","Service Control Manager","The Windows Modules Installer service entered the stopped state."
"7/8/2026 10:53:05 PM","7036","Information","Service Control Manager","The State Repository Service service entered the stopped state."
"7/8/2026 10:52:35 PM","7036","Information","Service Control Manager","The Software Protection service entered the stopped state."
"7/8/2026 10:52:19 PM","7036","Information","Service Control Manager","The Diagnostic System Host service entered the running state."
"7/8/2026 10:52:17 PM","7036","Information","Service Control Manager","The Windows Biometric Service service entered the running state."
"7/8/2026 10:52:09 PM","7036","Information","Service Control Manager","The Microsoft Storage Spaces SMP service entered the running state."
"7/8/2026 10:52:05 PM","7036","Information","Service Control Manager","The AppX Deployment Service (AppXSVC) service entered the running state."
"7/8/2026 10:52:04 PM","20","Error","Microsoft-Windows-WindowsUpdateClient","Installation Failure: Windows failed to install the following update with error 0x8024200B: Update for Microsoft Defender Antivirus antimalware platform - KB4052623 (Version 4.18.26060.3008) - Current Channel (Broad)."
"7/8/2026 10:52:03 PM","7036","Information","Service Control Manager","The Windows Error Reporting Service service entered the running state."
"7/8/2026 10:51:51 PM","43","Information","Microsoft-Windows-WindowsUpdateClient","Installation Started: Windows has started installing the following update: Update for Microsoft Defender Antivirus antimalware platform - KB4052623 (Version 4.18.26060.3008) - Current Channel (Broad)"
"7/8/2026 10:51:43 PM","7036","Information","Service Control Manager","The Background Intelligent Transfer Service service entered the stopped state."
"7/8/2026 10:51:43 PM","7040","Information","Service Control Manager","The start type of the Background Intelligent Transfer Service service was changed from auto start to demand start."
"7/8/2026 10:51:41 PM","7036","Information","Service Control Manager","The Software Protection service entered the running state."
"7/8/2026 10:51:35 PM","7040","Information","Service Control Manager","The start type of the Windows Modules Installer service was changed from auto start to demand start."
"7/8/2026 10:51:34 PM","16","Information","Microsoft-Windows-Kernel-General","The access history in hive \??\C:\Windows\System32\SMI\Store\Machine\SCHEMA.DAT was cleared updating 14963 keys and creating 2532 modified pages."
"7/8/2026 10:51:32 PM","7036","Information","Service Control Manager","The Delivery Optimization service entered the stopped state."
"7/8/2026 10:51:30 PM","7036","Information","Service Control Manager","The Optimize drives service entered the running state."
"7/8/2026 10:51:28 PM","7036","Information","Service Control Manager","The Data Sharing Service service entered the running state."
"7/8/2026 10:51:28 PM","7040","Information","Service Control Manager","The start type of the Windows Modules Installer service was changed from demand start to auto start."
"7/8/2026 10:51:28 PM","7036","Information","Service Control Manager","The State Repository Service service entered the running state."
"7/8/2026 10:51:27 PM","7036","Information","Service Control Manager","The Windows Modules Installer service entered the running state."
"7/8/2026 10:51:08 PM","7036","Information","Service Control Manager","The Remote Registry service entered the stopped state."
"7/8/2026 10:50:02 PM","7036","Information","Service Control Manager","The AppX Deployment Service (AppXSVC) service entered the stopped state."
"7/8/2026 10:49:49 PM","7036","Information","Service Control Manager","The Capability Access Manager Service service entered the stopped state."
"7/8/2026 10:49:43 PM","7036","Information","Service Control Manager","The WMI Performance Adapter service entered the stopped state."
"7/8/2026 10:48:20 PM","7036","Information","Service Control Manager","The Microsoft Account Sign-in Assistant service entered the stopped state."
"7/8/2026 10:48:02 PM","7036","Information","Service Control Manager","The Windows Modules Installer service entered the stopped state."
"7/8/2026 10:47:39 PM","7036","Information","Service Control Manager","The Windows Error Reporting Service service entered the stopped state."
"7/8/2026 10:46:55 PM","7036","Information","Service Control Manager","The Client License Service (ClipSVC) service entered the stopped state."
"7/8/2026 10:46:20 PM","5781","Warning","NETLOGON","Dynamic registration or deletion of one or more DNS records associated with DNS domain 'ForestDnsZones.scaffold.htb.' failed.  These records are used by other computers to locate this server as a domain controller (if the specified domain is an Active Directory domain) or as an LDAP server (if the specified domain is an application partition).  

Possible causes of failure include:  
- TCP/IP properties of the network connections of this computer contain wrong IP address(es) of the preferred and alternate DNS servers 
- Specified preferred and alternate DNS servers are not running 
- DNS server(s) primary for the records to be registered is not running 
- Preferred or alternate DNS servers are configured with wrong root hints 
- Parent DNS zone contains incorrect delegation to the child zone authoritative for the DNS records that failed registration  

USER ACTION  
Fix possible misconfiguration(s) specified above and initiate registration or deletion of the DNS records by running 'nltest.exe /dsregdns' from the command prompt on the domain controller or by restarting Net Logon service on the domain controller."
"7/8/2026 10:46:20 PM","5781","Warning","NETLOGON","Dynamic registration or deletion of one or more DNS records associated with DNS domain 'DomainDnsZones.scaffold.htb.' failed.  These records are used by other computers to locate this server as a domain controller (if the specified domain is an Active Directory domain) or as an LDAP server (if the specified domain is an application partition).  

Possible causes of failure include:  
- TCP/IP properties of the network connections of this computer contain wrong IP address(es) of the preferred and alternate DNS servers 
- Specified preferred and alternate DNS servers are not running 
- DNS server(s) primary for the records to be registered is not running 
- Preferred or alternate DNS servers are configured with wrong root hints 
- Parent DNS zone contains incorrect delegation to the child zone authoritative for the DNS records that failed registration  

USER ACTION  
Fix possible misconfiguration(s) specified above and initiate registration or deletion of the DNS records by running 'nltest.exe /dsregdns' from the command prompt on the domain controller or by restarting Net Logon service on the domain controller."
"7/8/2026 10:46:20 PM","5781","Warning","NETLOGON","Dynamic registration or deletion of one or more DNS records associated with DNS domain 'scaffold.htb.' failed.  These records are used by other computers to locate this server as a domain controller (if the specified domain is an Active Directory domain) or as an LDAP server (if the specified domain is an application partition).  

Possible causes of failure include:  
- TCP/IP properties of the network connections of this computer contain wrong IP address(es) of the preferred and alternate DNS servers 
- Specified preferred and alternate DNS servers are not running 
- DNS server(s) primary for the records to be registered is not running 
- Preferred or alternate DNS servers are configured with wrong root hints 
- Parent DNS zone contains incorrect delegation to the child zone authoritative for the DNS records that failed registration  

USER ACTION  
Fix possible misconfiguration(s) specified above and initiate registration or deletion of the DNS records by running 'nltest.exe /dsregdns' from the command prompt on the domain controller or by restarting Net Logon service on the domain controller."
"7/8/2026 10:46:16 PM","7036","Information","Service Control Manager","The Network Setup Service service entered the stopped state."
"7/8/2026 10:46:13 PM","7036","Information","Service Control Manager","The Software Protection service entered the stopped state."
"7/8/2026 10:45:59 PM","36928","Error","Schannel","Could not retrieve an OCSP response.

   The Failure Reason is: REASON_OCSP_RESPONSE_RETRIEVAL_ERROR
    The OCSP Url is: 
   The previous OCSP response contained the following times:
      ThisUpdate: ‎1601‎-‎01‎-‎01T00:00:00.000000000Z
      NextUpdate: ‎1601‎-‎01‎-‎01T00:00:00.000000000Z

The attached data contains the certificate."
"7/8/2026 10:45:59 PM","16","Information","Microsoft-Windows-Kernel-General","The access history in hive \Device\HarddiskVolume1\EFI\Microsoft\Boot\BCD was cleared updating 63 keys and creating 5 modified pages."
"7/8/2026 10:45:48 PM","44","Information","Microsoft-Windows-WindowsUpdateClient","Windows Update started downloading an update."
"7/8/2026 10:45:48 PM","44","Information","Microsoft-Windows-WindowsUpdateClient","Windows Update started downloading an update."
"7/8/2026 10:45:48 PM","44","Information","Microsoft-Windows-WindowsUpdateClient","Windows Update started downloading an update."
"7/8/2026 10:45:47 PM","7036","Information","Service Control Manager","The Windows Update Medic Service service entered the stopped state."
"7/8/2026 10:45:40 PM","7036","Information","Service Control Manager","The Microsoft Edge Update Service (edgeupdate) service entered the stopped state."
"7/8/2026 10:45:39 PM","7036","Information","Service Control Manager","The Software Protection service entered the running state."
"7/8/2026 10:45:39 PM","7036","Information","Service Control Manager","The Software Protection service entered the stopped state."
"7/8/2026 10:45:38 PM","44","Information","Microsoft-Windows-WindowsUpdateClient","Windows Update started downloading an update."
"7/8/2026 10:45:21 PM","44","Information","Microsoft-Windows-WindowsUpdateClient","Windows Update started downloading an update."
"7/8/2026 10:45:20 PM","7036","Information","Service Control Manager","The Windows Error Reporting Service service entered the running state."
"7/8/2026 10:44:53 PM","16","Information","Microsoft-Windows-Kernel-General","The access history in hive \??\C:\Windows\System32\config\COMPONENTS was cleared updating 1 keys and creating 1 modified pages."
"7/8/2026 10:44:50 PM","7036","Information","Service Control Manager","The Windows Modules Installer service entered the running state."
"7/8/2026 10:44:49 PM","7036","Information","Service Control Manager","The Capability Access Manager Service service entered the running state."
"7/8/2026 10:44:47 PM","7036","Information","Service Control Manager","The Software Protection service entered the running state."
"7/8/2026 10:44:47 PM","7036","Information","Service Control Manager","The Windows Update Medic Service service entered the running state."
"7/8/2026 10:44:22 PM","7036","Information","Service Control Manager","The Volume Shadow Copy service entered the stopped state."
"7/8/2026 10:44:22 PM","7036","Information","Service Control Manager","The VMware Snapshot Provider service entered the stopped state."
"7/8/2026 10:44:18 PM","7036","Information","Service Control Manager","The Portable Device Enumerator Service service entered the stopped state."
"7/8/2026 10:44:16 PM","7036","Information","Service Control Manager","The Windows Update Medic Service service entered the stopped state."
"7/8/2026 10:44:04 PM","7036","Information","Service Control Manager","The Microsoft Edge Update Service (edgeupdate) service entered the running state."
"7/8/2026 10:43:48 PM","7036","Information","Service Control Manager","The Windows Modules Installer service entered the stopped state."
"7/8/2026 10:43:48 PM","7036","Information","Service Control Manager","The Microsoft Edge Update Service (edgeupdate) service entered the stopped state."
"7/8/2026 10:43:48 PM","7036","Information","Service Control Manager","The Microsoft Edge Update Service (edgeupdate) service entered the running state."
"7/8/2026 10:43:47 PM","7036","Information","Service Control Manager","The Microsoft Edge Update Service (edgeupdate) service entered the stopped state."
"7/8/2026 10:43:44 PM","7036","Information","Service Control Manager","The Microsoft Edge Update Service (edgeupdate) service entered the running state."
"7/8/2026 10:43:44 PM","7036","Information","Service Control Manager","The Software Protection service entered the stopped state."
"7/8/2026 10:43:44 PM","7036","Information","Service Control Manager","The WMI Performance Adapter service entered the running state."
"7/8/2026 10:43:43 PM","7036","Information","Service Control Manager","The WMI Performance Adapter service entered the stopped state."
"7/8/2026 10:43:43 PM","7036","Information","Service Control Manager","The WMI Performance Adapter service entered the running state."
"7/8/2026 10:43:43 PM","7036","Information","Service Control Manager","The WMI Performance Adapter service entered the stopped state."
"7/8/2026 10:43:29 PM","7036","Information","Service Control Manager","The Device Install Service service entered the stopped state."
"7/8/2026 10:43:16 PM","7036","Information","Service Control Manager","The Update Orchestrator Service service entered the running state."
"7/8/2026 10:43:16 PM","7036","Information","Service Control Manager","The Windows Update Medic Service service entered the running state."
"7/8/2026 10:43:15 PM","7036","Information","Service Control Manager","The User Access Logging Service service entered the running state."
"7/8/2026 10:43:14 PM","7036","Information","Service Control Manager","The Network Setup Service service entered the running state."
"7/8/2026 10:43:14 PM","7036","Information","Service Control Manager","The Software Protection service entered the running state."
"7/8/2026 10:43:13 PM","7036","Information","Service Control Manager","The Program Compatibility Assistant Service service entered the running state."
"7/8/2026 10:43:13 PM","7036","Information","Service Control Manager","The Microsoft Edge Update Service (edgeupdate) service entered the stopped state."
"7/8/2026 10:43:13 PM","7036","Information","Service Control Manager","The Microsoft Edge Update Service (edgeupdate) service entered the running state."
"7/8/2026 10:43:13 PM","7036","Information","Service Control Manager","The Diagnostic Policy Service service entered the running state."
"7/8/2026 10:43:13 PM","7036","Information","Service Control Manager","The Connected Devices Platform Service service entered the running state."
"7/8/2026 10:42:40 PM","7036","Information","Service Control Manager","The sppsvc service entered the stopped state."
"7/8/2026 10:42:37 PM","19","Information","Microsoft-Windows-WindowsUpdateClient","Installation Successful: Windows successfully installed the following update: Security Intelligence Update for Microsoft Defender Antivirus - KB2267602 (Version 1.455.41.0) - Current Channel (Broad)"
"7/8/2026 10:42:30 PM","7036","Information","Service Control Manager","The StateRepository service entered the stopped state."
"7/8/2026 10:42:27 PM","7036","Information","Service Control Manager","The Windows Update Medic Service service entered the stopped state."
"7/8/2026 10:42:22 PM","7036","Information","Service Control Manager","The DsmSvc service entered the stopped state."
"7/8/2026 10:42:18 PM","7036","Information","Service Control Manager","The Network Connectivity Assistant service entered the stopped state."
"7/8/2026 10:42:10 PM","43","Information","Microsoft-Windows-WindowsUpdateClient","Installation Started: Windows has started installing the following update: Security Intelligence Update for Microsoft Defender Antivirus - KB2267602 (Version 1.455.41.0) - Current Channel (Broad)"
"7/8/2026 10:42:01 PM","44","Information","Microsoft-Windows-WindowsUpdateClient","Windows Update started downloading an update."
"7/8/2026 10:41:48 PM","7036","Information","Service Control Manager","The Web Account Manager service entered the running state."
"7/8/2026 10:41:46 PM","7036","Information","Service Control Manager","The WDSServer service entered the running state."
"7/8/2026 10:41:46 PM","16","Information","Microsoft-Windows-Kernel-General","The access history in hive \??\C:\RemoteInstall\Boot\x64uefi\default.bcd was cleared updating 25 keys and creating 1 modified pages."
"7/8/2026 10:41:46 PM","16","Information","Microsoft-Windows-Kernel-General","The access history in hive \??\C:\RemoteInstall\Tmp\x64uefi{A875B1E5-40C4-4FD3-A622-50AE8208D61E}.bcd was cleared updating 0 keys and creating 0 modified pages."
"7/8/2026 10:41:46 PM","16","Information","Microsoft-Windows-Kernel-General","The access history in hive \??\C:\RemoteInstall\Boot\x86uefi\default.bcd was cleared updating 25 keys and creating 1 modified pages."
"7/8/2026 10:41:46 PM","16","Information","Microsoft-Windows-Kernel-General","The access history in hive \??\C:\RemoteInstall\Tmp\x86uefi{14A7484D-2140-4F01-BA6F-68FE68FE5842}.bcd was cleared updating 0 keys and creating 0 modified pages."
"7/8/2026 10:41:46 PM","16","Information","Microsoft-Windows-Kernel-General","The access history in hive \??\C:\RemoteInstall\Boot\arm\default.bcd was cleared updating 0 keys and creating 0 modified pages."
"7/8/2026 10:41:46 PM","16","Information","Microsoft-Windows-Kernel-General","The access history in hive \??\C:\RemoteInstall\Boot\arm\default.bcd was cleared updating 0 keys and creating 0 modified pages."
"7/8/2026 10:41:46 PM","16","Information","Microsoft-Windows-Kernel-General","The access history in hive \??\C:\RemoteInstall\Boot\arm\default.bcd was cleared updating 25 keys and creating 1 modified pages."
"7/8/2026 10:41:46 PM","16","Information","Microsoft-Windows-Kernel-General","The access history in hive \??\C:\RemoteInstall\Tmp\arm{EE13D898-5357-4821-91CD-0C9DED249BDD}.bcd was cleared updating 0 keys and creating 0 modified pages."
"7/8/2026 10:41:46 PM","16","Information","Microsoft-Windows-Kernel-General","The access history in hive \??\C:\RemoteInstall\Boot\x86x64\default.bcd was cleared updating 23 keys and creating 1 modified pages."
"7/8/2026 10:41:46 PM","16","Information","Microsoft-Windows-Kernel-General","The access history in hive \??\C:\RemoteInstall\Tmp\x86x64{97E52D44-A044-4BE3-BA21-F10D67AAD88D}.bcd was cleared updating 0 keys and creating 0 modified pages."
"7/8/2026 10:41:46 PM","16","Information","Microsoft-Windows-Kernel-General","The access history in hive \??\C:\RemoteInstall\Boot\arm64\default.bcd was cleared updating 25 keys and creating 1 modified pages."
"7/8/2026 10:41:46 PM","16","Information","Microsoft-Windows-Kernel-General","The access history in hive \??\C:\RemoteInstall\Tmp\arm64{9C824EB3-ACAD-4CD3-96E3-18F8BAF8F0E5}.bcd was cleared updating 0 keys and creating 0 modified pages."
"7/8/2026 10:41:46 PM","16","Information","Microsoft-Windows-Kernel-General","The access history in hive \??\C:\RemoteInstall\Boot\x64\default.bcd was cleared updating 0 keys and creating 0 modified pages."
"7/8/2026 10:41:46 PM","16","Information","Microsoft-Windows-Kernel-General","The access history in hive \??\C:\RemoteInstall\Boot\x64\default.bcd was cleared updating 23 keys and creating 1 modified pages."
"7/8/2026 10:41:46 PM","16","Information","Microsoft-Windows-Kernel-General","The access history in hive \??\C:\RemoteInstall\Tmp\x64{421AC065-FBBF-431C-B68D-9FD2D45FA106}.bcd was cleared updating 0 keys and creating 0 modified pages."
"7/8/2026 10:41:46 PM","16","Information","Microsoft-Windows-Kernel-General","The access history in hive \??\C:\RemoteInstall\Boot\x86\default.bcd was cleared updating 0 keys and creating 0 modified pages."
"7/8/2026 10:41:46 PM","16","Information","Microsoft-Windows-Kernel-General","The access history in hive \??\C:\RemoteInstall\Boot\x86\default.bcd was cleared updating 0 keys and creating 0 modified pages."
"7/8/2026 10:41:46 PM","16","Information","Microsoft-Windows-Kernel-General","The access history in hive \??\C:\RemoteInstall\Boot\x86\default.bcd was cleared updating 23 keys and creating 1 modified pages."
"7/8/2026 10:41:46 PM","16","Information","Microsoft-Windows-Kernel-General","The access history in hive \??\C:\RemoteInstall\Tmp\x86{C483A897-6298-4236-9D53-36CEEC1E8A9B}.bcd was cleared updating 0 keys and creating 0 modified pages."
"7/8/2026 10:41:45 PM","7036","Information","Service Control Manager","The Windows Modules Installer service entered the running state."
"7/8/2026 10:41:44 PM","7036","Information","Service Control Manager","The Windows Security Service service entered the running state."
"7/8/2026 10:41:42 PM","7036","Information","Service Control Manager","The MSSQL$SQLEXPRESS service entered the running state."
"7/8/2026 10:41:38 PM","16648","Information","Microsoft-Windows-Directory-Services-SAM","The request for a new account-identifier pool has completed successfully."
"7/8/2026 10:41:38 PM","7036","Information","Service Control Manager","The DNS service entered the running state."
