"6/2/2026 7:18:44 AM","102","Information","Microsoft-Windows-TaskScheduler","Task Scheduler successfully finished ""{28403d37-e994-4aa0-9c36-3f60b22a27c1}"" instance of the ""\Microsoft\Windows\Application Experience\PcaPatchDbTask"" task for user ""NT AUTHORITY\SYSTEM""."
"6/2/2026 7:18:44 AM","201","Information","Microsoft-Windows-TaskScheduler","Task Scheduler successfully completed task ""\Microsoft\Windows\Application Experience\PcaPatchDbTask"" , instance ""{28403d37-e994-4aa0-9c36-3f60b22a27c1}"" , action ""%windir%\system32\rundll32.exe"" with return code 0."
"6/2/2026 7:18:41 AM","102","Information","Microsoft-Windows-TaskScheduler","Task Scheduler successfully finished ""{f9409c91-1a38-49ef-9c0f-141c821bff0d}"" instance of the ""\Scaffold\ScaffoldDeployEngine"" task for user ""NT AUTHORITY\SYSTEM""."
"6/2/2026 7:18:41 AM","201","Information","Microsoft-Windows-TaskScheduler","Task Scheduler successfully completed task ""\Scaffold\ScaffoldDeployEngine"" , instance ""{f9409c91-1a38-49ef-9c0f-141c821bff0d}"" , action ""powershell.exe"" with return code 0."
"6/2/2026 7:18:41 AM","200","Information","Microsoft-Windows-TaskScheduler","Task Scheduler launched action ""powershell.exe"" in instance ""{f9409c91-1a38-49ef-9c0f-141c821bff0d}"" of task ""\Scaffold\ScaffoldDeployEngine""."
"6/2/2026 7:18:41 AM","100","Information","Microsoft-Windows-TaskScheduler","Task Scheduler started ""{f9409c91-1a38-49ef-9c0f-141c821bff0d}"" instance of the ""\Scaffold\ScaffoldDeployEngine"" task for user ""NT AUTHORITY\SYSTEM""."
"6/2/2026 7:18:41 AM","129","Information","Microsoft-Windows-TaskScheduler","Task Scheduler launch task ""\Scaffold\ScaffoldDeployEngine"" , instance ""powershell.exe""  with process ID 5316."
"6/2/2026 7:18:41 AM","107","Information","Microsoft-Windows-TaskScheduler","Task Scheduler launched ""{f9409c91-1a38-49ef-9c0f-141c821bff0d}""  instance of task ""\Scaffold\ScaffoldDeployEngine"" due to a time trigger condition."
"6/2/2026 7:18:35 AM","102","Information","Microsoft-Windows-TaskScheduler","Task Scheduler successfully finished ""{02397204-47db-4917-8a6e-1cfa62cff8ff}"" instance of the ""\Microsoft\Windows\UpdateOrchestrator\USO_UxBroker"" task for user ""NT AUTHORITY\SYSTEM""."
"6/2/2026 7:18:35 AM","201","Information","Microsoft-Windows-TaskScheduler","Task Scheduler successfully completed task ""\Microsoft\Windows\UpdateOrchestrator\USO_UxBroker"" , instance ""{02397204-47db-4917-8a6e-1cfa62cff8ff}"" , action ""%systemroot%\system32\MusNotification.exe"" with return code 0."
"6/2/2026 7:18:34 AM","102","Information","Microsoft-Windows-TaskScheduler","Task Scheduler successfully finished ""{dc5092d5-394b-458d-8c37-8e83f28b3635}"" instance of the ""\Microsoft\Windows\Windows Error Reporting\QueueReporting"" task for user ""NT AUTHORITY\SYSTEM""."
"6/2/2026 7:18:34 AM","201","Information","Microsoft-Windows-TaskScheduler","Task Scheduler successfully completed task ""\Microsoft\Windows\Windows Error Reporting\QueueReporting"" , instance ""{dc5092d5-394b-458d-8c37-8e83f28b3635}"" , action ""%windir%\system32\wermgr.exe"" with return code 0."
"6/2/2026 7:18:34 AM","102","Information","Microsoft-Windows-TaskScheduler","Task Scheduler successfully finished ""{07054904-0dcc-4ed3-8739-573f607e8649}"" instance of the ""\Microsoft\Windows\UpdateOrchestrator\Schedule Scan"" task for user ""NT AUTHORITY\SYSTEM""."
"6/2/2026 7:18:34 AM","201","Information","Microsoft-Windows-TaskScheduler","Task Scheduler successfully completed task ""\Microsoft\Windows\UpdateOrchestrator\Schedule Scan"" , instance ""{07054904-0dcc-4ed3-8739-573f607e8649}"" , action ""%systemroot%\system32\usoclient.exe"" with return code 0."
"6/2/2026 7:18:34 AM","102","Information","Microsoft-Windows-TaskScheduler","Task Scheduler successfully finished ""{1627711f-40f3-4afa-a430-766732b554dd}"" instance of the ""\Microsoft\Windows\Data Integrity Scan\Data Integrity Check And Scan"" task for user ""NT AUTHORITY\SYSTEM""."
"6/2/2026 7:18:34 AM","201","Information","Microsoft-Windows-TaskScheduler","Task Scheduler successfully completed task ""\Microsoft\Windows\Data Integrity Scan\Data Integrity Check And Scan"" , instance ""{1627711f-40f3-4afa-a430-766732b554dd}"" , action ""Data Integrity Scan"" with return code 0."
"6/2/2026 7:18:34 AM","140","Information","Microsoft-Windows-TaskScheduler","User ""SCAFFOLD\DC$""  updated Task Scheduler task ""\Microsoft\Windows\Data Integrity Scan\Data Integrity Check And Scan"""
"6/2/2026 7:18:34 AM","140","Information","Microsoft-Windows-TaskScheduler","User ""SCAFFOLD\DC$""  updated Task Scheduler task ""\Microsoft\Windows\Data Integrity Scan\Data Integrity Check And Scan"""
"6/2/2026 7:18:34 AM","102","Information","Microsoft-Windows-TaskScheduler","Task Scheduler successfully finished ""{ac91ba07-8802-47c7-b48d-446f711eeae5}"" instance of the ""\Microsoft\Windows\Customer Experience Improvement Program\Consolidator"" task for user ""NT AUTHORITY\SYSTEM""."
"6/2/2026 7:18:34 AM","201","Information","Microsoft-Windows-TaskScheduler","Task Scheduler successfully completed task ""\Microsoft\Windows\Customer Experience Improvement Program\Consolidator"" , instance ""{ac91ba07-8802-47c7-b48d-446f711eeae5}"" , action ""%SystemRoot%\System32\wsqmcons.exe"" with return code 0."
"6/2/2026 7:18:34 AM","200","Information","Microsoft-Windows-TaskScheduler","Task Scheduler launched action ""%systemroot%\system32\usoclient.exe"" in instance ""{07054904-0dcc-4ed3-8739-573f607e8649}"" of task ""\Microsoft\Windows\UpdateOrchestrator\Schedule Scan""."
"6/2/2026 7:18:34 AM","100","Information","Microsoft-Windows-TaskScheduler","Task Scheduler started ""{07054904-0dcc-4ed3-8739-573f607e8649}"" instance of the ""\Microsoft\Windows\UpdateOrchestrator\Schedule Scan"" task for user ""NT AUTHORITY\SYSTEM""."
"6/2/2026 7:18:34 AM","129","Information","Microsoft-Windows-TaskScheduler","Task Scheduler launch task ""\Microsoft\Windows\UpdateOrchestrator\Schedule Scan"" , instance ""%systemroot%\system32\usoclient.exe""  with process ID 6676."
"6/2/2026 7:18:34 AM","200","Information","Microsoft-Windows-TaskScheduler","Task Scheduler launched action ""%windir%\system32\rundll32.exe"" in instance ""{28403d37-e994-4aa0-9c36-3f60b22a27c1}"" of task ""\Microsoft\Windows\Application Experience\PcaPatchDbTask""."
"6/2/2026 7:18:34 AM","100","Information","Microsoft-Windows-TaskScheduler","Task Scheduler started ""{28403d37-e994-4aa0-9c36-3f60b22a27c1}"" instance of the ""\Microsoft\Windows\Application Experience\PcaPatchDbTask"" task for user ""NT AUTHORITY\SYSTEM""."
"6/2/2026 7:18:34 AM","200","Information","Microsoft-Windows-TaskScheduler","Task Scheduler launched action ""%SystemRoot%\System32\wsqmcons.exe"" in instance ""{ac91ba07-8802-47c7-b48d-446f711eeae5}"" of task ""\Microsoft\Windows\Customer Experience Improvement Program\Consolidator""."
"6/2/2026 7:18:34 AM","100","Information","Microsoft-Windows-TaskScheduler","Task Scheduler started ""{ac91ba07-8802-47c7-b48d-446f711eeae5}"" instance of the ""\Microsoft\Windows\Customer Experience Improvement Program\Consolidator"" task for user ""NT AUTHORITY\SYSTEM""."
"6/2/2026 7:18:34 AM","129","Information","Microsoft-Windows-TaskScheduler","Task Scheduler launch task ""\Microsoft\Windows\Application Experience\PcaPatchDbTask"" , instance ""%windir%\system32\rundll32.exe""  with process ID 4404."
"6/2/2026 7:18:34 AM","129","Information","Microsoft-Windows-TaskScheduler","Task Scheduler launch task ""\Microsoft\Windows\Customer Experience Improvement Program\Consolidator"" , instance ""%SystemRoot%\System32\wsqmcons.exe""  with process ID 4672."
"6/2/2026 7:18:34 AM","114","Warning","Microsoft-Windows-TaskScheduler","Task Scheduler could not launch task ""\Microsoft\Windows\UpdateOrchestrator\Schedule Scan""  as scheduled. Instance ""{07054904-0dcc-4ed3-8739-573f607e8649}""  is started now as required by the configuration option to start the task when available, if schedule is missed."
"6/2/2026 7:18:34 AM","114","Warning","Microsoft-Windows-TaskScheduler","Task Scheduler could not launch task ""\Microsoft\Windows\Application Experience\PcaPatchDbTask""  as scheduled. Instance ""{28403d37-e994-4aa0-9c36-3f60b22a27c1}""  is started now as required by the configuration option to start the task when available, if schedule is missed."
"6/2/2026 7:18:34 AM","200","Information","Microsoft-Windows-TaskScheduler","Task Scheduler launched action ""C:\Program Files (x86)\Microsoft\EdgeUpdate\MicrosoftEdgeUpdate.exe"" in instance ""{5ab18a65-dc41-46ea-ac71-3cd1909c0b85}"" of task ""\MicrosoftEdgeUpdateTaskMachineUA""."
"6/2/2026 7:18:34 AM","100","Information","Microsoft-Windows-TaskScheduler","Task Scheduler started ""{5ab18a65-dc41-46ea-ac71-3cd1909c0b85}"" instance of the ""\MicrosoftEdgeUpdateTaskMachineUA"" task for user ""NT AUTHORITY\SYSTEM""."
"6/2/2026 7:18:34 AM","129","Information","Microsoft-Windows-TaskScheduler","Task Scheduler launch task ""\MicrosoftEdgeUpdateTaskMachineUA"" , instance ""C:\Program Files (x86)\Microsoft\EdgeUpdate\MicrosoftEdgeUpdate.exe""  with process ID 4188."
"6/2/2026 7:18:34 AM","200","Information","Microsoft-Windows-TaskScheduler","Task Scheduler launched action ""OneSettings Refresh Cache Task Handler"" in instance ""{b3e6ba90-d303-40ae-8069-cf6d4ba20fca}"" of task ""\Microsoft\Windows\Flighting\OneSettings\RefreshCache""."
"6/2/2026 7:18:34 AM","100","Information","Microsoft-Windows-TaskScheduler","Task Scheduler started ""{b3e6ba90-d303-40ae-8069-cf6d4ba20fca}"" instance of the ""\Microsoft\Windows\Flighting\OneSettings\RefreshCache"" task for user ""NT AUTHORITY\SYSTEM""."
"6/2/2026 7:18:34 AM","200","Information","Microsoft-Windows-TaskScheduler","Task Scheduler launched action ""%windir%\system32\compattelrunner.exe"" in instance ""{93928ccd-1e6c-499f-b2f3-f27796944dda}"" of task ""\Microsoft\Windows\Application Experience\Microsoft Compatibility Appraiser""."
"6/2/2026 7:18:34 AM","100","Information","Microsoft-Windows-TaskScheduler","Task Scheduler started ""{93928ccd-1e6c-499f-b2f3-f27796944dda}"" instance of the ""\Microsoft\Windows\Application Experience\Microsoft Compatibility Appraiser"" task for user ""NT AUTHORITY\SYSTEM""."
"6/2/2026 7:18:34 AM","129","Information","Microsoft-Windows-TaskScheduler","Task Scheduler launch task ""\Microsoft\Windows\Application Experience\Microsoft Compatibility Appraiser"" , instance ""%windir%\system32\compattelrunner.exe""  with process ID 5864."
"6/2/2026 7:18:34 AM","114","Warning","Microsoft-Windows-TaskScheduler","Task Scheduler could not launch task ""\Microsoft\Windows\Flighting\OneSettings\RefreshCache""  as scheduled. Instance ""{b3e6ba90-d303-40ae-8069-cf6d4ba20fca}""  is started now as required by the configuration option to start the task when available, if schedule is missed."
"6/2/2026 7:18:34 AM","200","Information","Microsoft-Windows-TaskScheduler","Task Scheduler launched action ""%systemroot%\system32\MusNotification.exe"" in instance ""{02397204-47db-4917-8a6e-1cfa62cff8ff}"" of task ""\Microsoft\Windows\UpdateOrchestrator\USO_UxBroker""."
"6/2/2026 7:18:34 AM","100","Information","Microsoft-Windows-TaskScheduler","Task Scheduler started ""{02397204-47db-4917-8a6e-1cfa62cff8ff}"" instance of the ""\Microsoft\Windows\UpdateOrchestrator\USO_UxBroker"" task for user ""NT AUTHORITY\SYSTEM""."
"6/2/2026 7:18:34 AM","129","Information","Microsoft-Windows-TaskScheduler","Task Scheduler launch task ""\Microsoft\Windows\UpdateOrchestrator\USO_UxBroker"" , instance ""%systemroot%\system32\MusNotification.exe""  with process ID 5248."
"6/2/2026 7:18:34 AM","114","Warning","Microsoft-Windows-TaskScheduler","Task Scheduler could not launch task ""\MicrosoftEdgeUpdateTaskMachineUA""  as scheduled. Instance ""{5ab18a65-dc41-46ea-ac71-3cd1909c0b85}""  is started now as required by the configuration option to start the task when available, if schedule is missed."
"6/2/2026 7:18:34 AM","200","Information","Microsoft-Windows-TaskScheduler","Task Scheduler launched action ""%windir%\system32\devicecensus.exe"" in instance ""{ab1c08f4-834d-4a7e-8c4a-655fe11f31fe}"" of task ""\Microsoft\Windows\Device Information\Device""."
"6/2/2026 7:18:34 AM","100","Information","Microsoft-Windows-TaskScheduler","Task Scheduler started ""{ab1c08f4-834d-4a7e-8c4a-655fe11f31fe}"" instance of the ""\Microsoft\Windows\Device Information\Device"" task for user ""NT AUTHORITY\SYSTEM""."
"6/2/2026 7:18:34 AM","129","Information","Microsoft-Windows-TaskScheduler","Task Scheduler launch task ""\Microsoft\Windows\Device Information\Device"" , instance ""%windir%\system32\devicecensus.exe""  with process ID 4904."
"6/2/2026 7:18:34 AM","114","Warning","Microsoft-Windows-TaskScheduler","Task Scheduler could not launch task ""\Microsoft\Windows\Application Experience\Microsoft Compatibility Appraiser""  as scheduled. Instance ""{93928ccd-1e6c-499f-b2f3-f27796944dda}""  is started now as required by the configuration option to start the task when available, if schedule is missed."
"6/2/2026 7:18:34 AM","200","Information","Microsoft-Windows-TaskScheduler","Task Scheduler launched action ""%windir%\system32\wermgr.exe"" in instance ""{dc5092d5-394b-458d-8c37-8e83f28b3635}"" of task ""\Microsoft\Windows\Windows Error Reporting\QueueReporting""."
"6/2/2026 7:18:34 AM","100","Information","Microsoft-Windows-TaskScheduler","Task Scheduler started ""{dc5092d5-394b-458d-8c37-8e83f28b3635}"" instance of the ""\Microsoft\Windows\Windows Error Reporting\QueueReporting"" task for user ""NT AUTHORITY\SYSTEM""."
"6/2/2026 7:18:34 AM","114","Warning","Microsoft-Windows-TaskScheduler","Task Scheduler could not launch task ""\Microsoft\Windows\Device Information\Device""  as scheduled. Instance ""{ab1c08f4-834d-4a7e-8c4a-655fe11f31fe}""  is started now as required by the configuration option to start the task when available, if schedule is missed."
"6/2/2026 7:18:34 AM","129","Information","Microsoft-Windows-TaskScheduler","Task Scheduler launch task ""\Microsoft\Windows\Windows Error Reporting\QueueReporting"" , instance ""%windir%\system32\wermgr.exe""  with process ID 7144."
"6/2/2026 7:18:34 AM","200","Information","Microsoft-Windows-TaskScheduler","Task Scheduler launched action ""Data Integrity Scan"" in instance ""{1627711f-40f3-4afa-a430-766732b554dd}"" of task ""\Microsoft\Windows\Data Integrity Scan\Data Integrity Check And Scan""."
"6/2/2026 7:18:34 AM","100","Information","Microsoft-Windows-TaskScheduler","Task Scheduler started ""{1627711f-40f3-4afa-a430-766732b554dd}"" instance of the ""\Microsoft\Windows\Data Integrity Scan\Data Integrity Check And Scan"" task for user ""NT AUTHORITY\SYSTEM""."
"6/2/2026 7:18:34 AM","129","Information","Microsoft-Windows-TaskScheduler","Task Scheduler launch task ""\Microsoft\Windows\Data Integrity Scan\Data Integrity Check And Scan"" , instance ""taskhostw.exe""  with process ID 3216."
"6/2/2026 7:18:34 AM","114","Warning","Microsoft-Windows-TaskScheduler","Task Scheduler could not launch task ""\Microsoft\Windows\UpdateOrchestrator\USO_UxBroker""  as scheduled. Instance ""{02397204-47db-4917-8a6e-1cfa62cff8ff}""  is started now as required by the configuration option to start the task when available, if schedule is missed."
"6/2/2026 7:18:34 AM","114","Warning","Microsoft-Windows-TaskScheduler","Task Scheduler could not launch task ""\Microsoft\Windows\Customer Experience Improvement Program\Consolidator""  as scheduled. Instance ""{ac91ba07-8802-47c7-b48d-446f711eeae5}""  is started now as required by the configuration option to start the task when available, if schedule is missed."
"6/2/2026 7:18:34 AM","114","Warning","Microsoft-Windows-TaskScheduler","Task Scheduler could not launch task ""\Microsoft\Windows\Data Integrity Scan\Data Integrity Check And Scan""  as scheduled. Instance ""{1627711f-40f3-4afa-a430-766732b554dd}""  is started now as required by the configuration option to start the task when available, if schedule is missed."
"6/2/2026 7:18:34 AM","114","Warning","Microsoft-Windows-TaskScheduler","Task Scheduler could not launch task ""\Microsoft\Windows\Windows Error Reporting\QueueReporting""  as scheduled. Instance ""{dc5092d5-394b-458d-8c37-8e83f28b3635}""  is started now as required by the configuration option to start the task when available, if schedule is missed."
"6/2/2026 7:16:41 AM","102","Information","Microsoft-Windows-TaskScheduler","Task Scheduler successfully finished ""{9b779cd5-866d-40a7-94c4-5c2c64d317b5}"" instance of the ""\Scaffold\ScaffoldDeployEngine"" task for user ""NT AUTHORITY\SYSTEM""."
"6/2/2026 7:16:41 AM","201","Information","Microsoft-Windows-TaskScheduler","Task Scheduler successfully completed task ""\Scaffold\ScaffoldDeployEngine"" , instance ""{9b779cd5-866d-40a7-94c4-5c2c64d317b5}"" , action ""powershell.exe"" with return code 0."
"6/2/2026 7:16:41 AM","200","Information","Microsoft-Windows-TaskScheduler","Task Scheduler launched action ""powershell.exe"" in instance ""{9b779cd5-866d-40a7-94c4-5c2c64d317b5}"" of task ""\Scaffold\ScaffoldDeployEngine""."
"6/2/2026 7:16:41 AM","100","Information","Microsoft-Windows-TaskScheduler","Task Scheduler started ""{9b779cd5-866d-40a7-94c4-5c2c64d317b5}"" instance of the ""\Scaffold\ScaffoldDeployEngine"" task for user ""NT AUTHORITY\SYSTEM""."
"6/2/2026 7:16:41 AM","129","Information","Microsoft-Windows-TaskScheduler","Task Scheduler launch task ""\Scaffold\ScaffoldDeployEngine"" , instance ""powershell.exe""  with process ID 1320."
"6/2/2026 7:16:41 AM","107","Information","Microsoft-Windows-TaskScheduler","Task Scheduler launched ""{9b779cd5-866d-40a7-94c4-5c2c64d317b5}""  instance of task ""\Scaffold\ScaffoldDeployEngine"" due to a time trigger condition."
"6/2/2026 7:14:41 AM","102","Information","Microsoft-Windows-TaskScheduler","Task Scheduler successfully finished ""{756d1315-0fc7-4db0-aab8-71384f8df77e}"" instance of the ""\Scaffold\ScaffoldDeployEngine"" task for user ""NT AUTHORITY\SYSTEM""."
"6/2/2026 7:14:41 AM","201","Information","Microsoft-Windows-TaskScheduler","Task Scheduler successfully completed task ""\Scaffold\ScaffoldDeployEngine"" , instance ""{756d1315-0fc7-4db0-aab8-71384f8df77e}"" , action ""powershell.exe"" with return code 0."
"6/2/2026 7:14:41 AM","200","Information","Microsoft-Windows-TaskScheduler","Task Scheduler launched action ""powershell.exe"" in instance ""{756d1315-0fc7-4db0-aab8-71384f8df77e}"" of task ""\Scaffold\ScaffoldDeployEngine""."
"6/2/2026 7:14:41 AM","100","Information","Microsoft-Windows-TaskScheduler","Task Scheduler started ""{756d1315-0fc7-4db0-aab8-71384f8df77e}"" instance of the ""\Scaffold\ScaffoldDeployEngine"" task for user ""NT AUTHORITY\SYSTEM""."
"6/2/2026 7:14:41 AM","129","Information","Microsoft-Windows-TaskScheduler","Task Scheduler launch task ""\Scaffold\ScaffoldDeployEngine"" , instance ""powershell.exe""  with process ID 1956."
"6/2/2026 7:14:41 AM","107","Information","Microsoft-Windows-TaskScheduler","Task Scheduler launched ""{756d1315-0fc7-4db0-aab8-71384f8df77e}""  instance of task ""\Scaffold\ScaffoldDeployEngine"" due to a time trigger condition."
"6/2/2026 7:13:08 AM","140","Information","Microsoft-Windows-TaskScheduler","User ""NT AUTHORITY\SYSTEM""  updated Task Scheduler task ""\Microsoft\Windows\WindowsUpdate\Scheduled Start"""
"6/2/2026 7:12:41 AM","102","Information","Microsoft-Windows-TaskScheduler","Task Scheduler successfully finished ""{b6e14442-f41e-453a-acb3-0769a7e7fa9f}"" instance of the ""\Scaffold\ScaffoldDeployEngine"" task for user ""NT AUTHORITY\SYSTEM""."
"6/2/2026 7:12:41 AM","201","Information","Microsoft-Windows-TaskScheduler","Task Scheduler successfully completed task ""\Scaffold\ScaffoldDeployEngine"" , instance ""{b6e14442-f41e-453a-acb3-0769a7e7fa9f}"" , action ""powershell.exe"" with return code 0."
"6/2/2026 7:12:41 AM","200","Information","Microsoft-Windows-TaskScheduler","Task Scheduler launched action ""powershell.exe"" in instance ""{b6e14442-f41e-453a-acb3-0769a7e7fa9f}"" of task ""\Scaffold\ScaffoldDeployEngine""."
"6/2/2026 7:12:41 AM","100","Information","Microsoft-Windows-TaskScheduler","Task Scheduler started ""{b6e14442-f41e-453a-acb3-0769a7e7fa9f}"" instance of the ""\Scaffold\ScaffoldDeployEngine"" task for user ""NT AUTHORITY\SYSTEM""."
"6/2/2026 7:12:41 AM","129","Information","Microsoft-Windows-TaskScheduler","Task Scheduler launch task ""\Scaffold\ScaffoldDeployEngine"" , instance ""powershell.exe""  with process ID 7984."
"6/2/2026 7:12:41 AM","107","Information","Microsoft-Windows-TaskScheduler","Task Scheduler launched ""{b6e14442-f41e-453a-acb3-0769a7e7fa9f}""  instance of task ""\Scaffold\ScaffoldDeployEngine"" due to a time trigger condition."
"6/2/2026 7:12:17 AM","102","Information","Microsoft-Windows-TaskScheduler","Task Scheduler successfully finished ""{735c4f56-5d21-4bf1-8772-a92624a87b58}"" instance of the ""\Microsoft\Windows\Windows Error Reporting\QueueReporting"" task for user ""NT AUTHORITY\SYSTEM""."
"6/2/2026 7:12:17 AM","201","Information","Microsoft-Windows-TaskScheduler","Task Scheduler successfully completed task ""\Microsoft\Windows\Windows Error Reporting\QueueReporting"" , instance ""{735c4f56-5d21-4bf1-8772-a92624a87b58}"" , action ""%windir%\system32\wermgr.exe"" with return code 0."
"6/2/2026 7:12:17 AM","102","Information","Microsoft-Windows-TaskScheduler","Task Scheduler successfully finished ""{a7b697b2-c630-407a-861f-6867422934d2}"" instance of the ""\Microsoft\Windows\Flighting\FeatureConfig\ReconcileFeatures"" task for user ""NT AUTHORITY\SYSTEM""."
"6/2/2026 7:12:17 AM","201","Information","Microsoft-Windows-TaskScheduler","Task Scheduler successfully completed task ""\Microsoft\Windows\Flighting\FeatureConfig\ReconcileFeatures"" , instance ""{a7b697b2-c630-407a-861f-6867422934d2}"" , action ""Feature Configuration Reconciliation Task Handler"" with return code 0."
"6/2/2026 7:12:17 AM","200","Information","Microsoft-Windows-TaskScheduler","Task Scheduler launched action ""%windir%\system32\wermgr.exe"" in instance ""{735c4f56-5d21-4bf1-8772-a92624a87b58}"" of task ""\Microsoft\Windows\Windows Error Reporting\QueueReporting""."
"6/2/2026 7:12:17 AM","100","Information","Microsoft-Windows-TaskScheduler","Task Scheduler started ""{735c4f56-5d21-4bf1-8772-a92624a87b58}"" instance of the ""\Microsoft\Windows\Windows Error Reporting\QueueReporting"" task for user ""NT AUTHORITY\SYSTEM""."
"6/2/2026 7:12:17 AM","129","Information","Microsoft-Windows-TaskScheduler","Task Scheduler launch task ""\Microsoft\Windows\Windows Error Reporting\QueueReporting"" , instance ""%windir%\system32\wermgr.exe""  with process ID 7660."
"6/2/2026 7:12:17 AM","200","Information","Microsoft-Windows-TaskScheduler","Task Scheduler launched action ""Feature Configuration Reconciliation Task Handler"" in instance ""{a7b697b2-c630-407a-861f-6867422934d2}"" of task ""\Microsoft\Windows\Flighting\FeatureConfig\ReconcileFeatures""."
"6/2/2026 7:12:17 AM","100","Information","Microsoft-Windows-TaskScheduler","Task Scheduler started ""{a7b697b2-c630-407a-861f-6867422934d2}"" instance of the ""\Microsoft\Windows\Flighting\FeatureConfig\ReconcileFeatures"" task for user ""NT AUTHORITY\SYSTEM""."
"6/2/2026 7:12:17 AM","129","Information","Microsoft-Windows-TaskScheduler","Task Scheduler launch task ""\Microsoft\Windows\Flighting\FeatureConfig\ReconcileFeatures"" , instance ""taskhostw.exe""  with process ID 6980."
"6/2/2026 7:12:17 AM","118","Information","Microsoft-Windows-TaskScheduler","Task Scheduler launched ""{735c4f56-5d21-4bf1-8772-a92624a87b58}""  instance of task ""\Microsoft\Windows\Windows Error Reporting\QueueReporting""  due to system startup."
"6/2/2026 7:11:59 AM","140","Information","Microsoft-Windows-TaskScheduler","User ""SCAFFOLD\DC$""  updated Task Scheduler task ""\Microsoft\Windows\UpdateOrchestrator\Schedule Scan"""
"6/2/2026 7:11:59 AM","140","Information","Microsoft-Windows-TaskScheduler","User ""S-1-5-18""  updated Task Scheduler task ""\Microsoft\Windows\UpdateOrchestrator\Schedule Scan"""
"6/2/2026 7:11:57 AM","140","Information","Microsoft-Windows-TaskScheduler","User ""SCAFFOLD\DC$""  updated Task Scheduler task ""\Microsoft\Windows\Application Experience\PcaPatchDbTask"""
"6/2/2026 7:11:57 AM","110","Information","Microsoft-Windows-TaskScheduler","Task Scheduler launched ""{b49b0807-2dba-4ac9-aa96-776eea1b4d1e}""  instance of task ""\Microsoft\Windows\WDI\ResolutionHost""  for user ""Administrator"" ."
"6/2/2026 7:11:57 AM","200","Information","Microsoft-Windows-TaskScheduler","Task Scheduler launched action ""DiagnosticInfrastructureCustomHandler"" in instance ""{b49b0807-2dba-4ac9-aa96-776eea1b4d1e}"" of task ""\Microsoft\Windows\WDI\ResolutionHost""."
"6/2/2026 7:11:57 AM","100","Information","Microsoft-Windows-TaskScheduler","Task Scheduler started ""{b49b0807-2dba-4ac9-aa96-776eea1b4d1e}"" instance of the ""\Microsoft\Windows\WDI\ResolutionHost"" task for user ""SCAFFOLD\Administrator""."
"6/2/2026 7:11:57 AM","129","Information","Microsoft-Windows-TaskScheduler","Task Scheduler launch task ""\Microsoft\Windows\WDI\ResolutionHost"" , instance ""taskhostw.exe""  with process ID 8092."
"6/2/2026 7:11:57 AM","325","Warning","Microsoft-Windows-TaskScheduler","Task Scheduler queued instance ""{b49b0807-2dba-4ac9-aa96-776eea1b4d1e}""  of task ""\Microsoft\Windows\WDI\ResolutionHost""."
"6/2/2026 7:11:51 AM","103","Error","Microsoft-Windows-TaskScheduler","Task Scheduler failed to start instance ""{d2d3195a-4b55-4a1e-965d-031b36f5d1d6}"" of ""\Microsoft\Windows\International\Synchronize Language Settings""  task for user ""SCAFFOLD\Administrator"" . Additional Data: Error Value: 2147746053."
"6/2/2026 7:11:51 AM","202","Error","Microsoft-Windows-TaskScheduler","Task Scheduler failed to complete task ""\Microsoft\Windows\International\Synchronize Language Settings"" , instance ""{d2d3195a-4b55-4a1e-965d-031b36f5d1d6}"" , action ""Sync Language Data From Cloud Task"" . Additional Data: Error Value: 2147746053."
"6/2/2026 7:11:47 AM","102","Information","Microsoft-Windows-TaskScheduler","Task Scheduler successfully finished ""{6e5b2406-75c0-45ab-8b80-5e8a59914926}"" instance of the ""\Microsoft\Windows\Workplace Join\Automatic-Device-Join"" task for user ""NT AUTHORITY\SYSTEM""."
"6/2/2026 7:11:47 AM","201","Information","Microsoft-Windows-TaskScheduler","Task Scheduler successfully completed task ""\Microsoft\Windows\Workplace Join\Automatic-Device-Join"" , instance ""{6e5b2406-75c0-45ab-8b80-5e8a59914926}"" , action ""%SystemRoot%\System32\dsregcmd.exe"" with return code 2147942401."
"6/2/2026 7:11:47 AM","200","Information","Microsoft-Windows-TaskScheduler","Task Scheduler launched action ""%SystemRoot%\System32\dsregcmd.exe"" in instance ""{6e5b2406-75c0-45ab-8b80-5e8a59914926}"" of task ""\Microsoft\Windows\Workplace Join\Automatic-Device-Join""."
"6/2/2026 7:11:47 AM","100","Information","Microsoft-Windows-TaskScheduler","Task Scheduler started ""{6e5b2406-75c0-45ab-8b80-5e8a59914926}"" instance of the ""\Microsoft\Windows\Workplace Join\Automatic-Device-Join"" task for user ""NT AUTHORITY\SYSTEM""."
"6/2/2026 7:11:47 AM","129","Information","Microsoft-Windows-TaskScheduler","Task Scheduler launch task ""\Microsoft\Windows\Workplace Join\Automatic-Device-Join"" , instance ""%SystemRoot%\System32\dsregcmd.exe""  with process ID 7864."
"6/2/2026 7:11:47 AM","119","Information","Microsoft-Windows-TaskScheduler","Task Scheduler launched ""{6e5b2406-75c0-45ab-8b80-5e8a59914926}""  instance of task ""\Microsoft\Windows\Workplace Join\Automatic-Device-Join"" due to user ""SCAFFOLD\Administrator""  logon."
"6/2/2026 7:11:17 AM","200","Information","Microsoft-Windows-TaskScheduler","Task Scheduler launched action ""Sync Language Data From Cloud Task"" in instance ""{d2d3195a-4b55-4a1e-965d-031b36f5d1d6}"" of task ""\Microsoft\Windows\International\Synchronize Language Settings""."
"6/2/2026 7:11:17 AM","100","Information","Microsoft-Windows-TaskScheduler","Task Scheduler started ""{d2d3195a-4b55-4a1e-965d-031b36f5d1d6}"" instance of the ""\Microsoft\Windows\International\Synchronize Language Settings"" task for user ""SCAFFOLD\Administrator""."
"6/2/2026 7:11:17 AM","129","Information","Microsoft-Windows-TaskScheduler","Task Scheduler launch task ""\Microsoft\Windows\International\Synchronize Language Settings"" , instance ""taskhostw.exe""  with process ID 7644."
"6/2/2026 7:11:17 AM","119","Information","Microsoft-Windows-TaskScheduler","Task Scheduler launched ""{d2d3195a-4b55-4a1e-965d-031b36f5d1d6}""  instance of task ""\Microsoft\Windows\International\Synchronize Language Settings"" due to user ""SCAFFOLD\Administrator""  logon."
"6/2/2026 7:10:48 AM","102","Information","Microsoft-Windows-TaskScheduler","Task Scheduler successfully finished ""{3b932623-d439-4ddd-9ec7-27e732734f5f}"" instance of the ""\Microsoft\Windows\Server Manager\ServerManager"" task for user ""SCAFFOLD\Administrator""."
"6/2/2026 7:10:48 AM","201","Information","Microsoft-Windows-TaskScheduler","Task Scheduler successfully completed task ""\Microsoft\Windows\Server Manager\ServerManager"" , instance ""{3b932623-d439-4ddd-9ec7-27e732734f5f}"" , action ""%windir%\system32\ServerManagerLauncher.exe"" with return code 0."
"6/2/2026 7:10:47 AM","102","Information","Microsoft-Windows-TaskScheduler","Task Scheduler successfully finished ""{48c082c0-0a73-4a19-82c5-29aec4922bc1}"" instance of the ""\Microsoft\Windows\WindowsColorSystem\Calibration Loader"" task for user ""SCAFFOLD\Administrator""."
"6/2/2026 7:10:47 AM","201","Information","Microsoft-Windows-TaskScheduler","Task Scheduler successfully completed task ""\Microsoft\Windows\WindowsColorSystem\Calibration Loader"" , instance ""{48c082c0-0a73-4a19-82c5-29aec4922bc1}"" , action ""Color Calibration Loader"" with return code 0."
"6/2/2026 7:10:47 AM","102","Information","Microsoft-Windows-TaskScheduler","Task Scheduler successfully finished ""{0eba5717-d306-4cac-a842-85f05d97e58e}"" instance of the ""\Microsoft\Windows\Plug and Play\Device Install Reboot Required"" task for user ""SCAFFOLD\Administrator""."
"6/2/2026 7:10:47 AM","201","Information","Microsoft-Windows-TaskScheduler","Task Scheduler successfully completed task ""\Microsoft\Windows\Plug and Play\Device Install Reboot Required"" , instance ""{0eba5717-d306-4cac-a842-85f05d97e58e}"" , action ""Device Installation Reboot Dialog Task"" with return code 0."
"6/2/2026 7:10:47 AM","102","Information","Microsoft-Windows-TaskScheduler","Task Scheduler successfully finished ""{02fa2465-1e2c-48a7-9905-a3cb5a730593}"" instance of the ""\Microsoft\Windows\CertificateServicesClient\UserTask"" task for user ""SCAFFOLD\Administrator""."
"6/2/2026 7:10:47 AM","201","Information","Microsoft-Windows-TaskScheduler","Task Scheduler successfully completed task ""\Microsoft\Windows\CertificateServicesClient\UserTask"" , instance ""{02fa2465-1e2c-48a7-9905-a3cb5a730593}"" , action ""Certificate Services Client Task Handler"" with return code 0."
"6/2/2026 7:10:46 AM","200","Information","Microsoft-Windows-TaskScheduler","Task Scheduler launched action ""C:\Windows\Explorer.EXE"" in instance ""{050a2dd7-1d27-46ab-bb2c-b918abc3d0fe}"" of task ""\CreateExplorerShellUnelevatedTask""."
"6/2/2026 7:10:46 AM","100","Information","Microsoft-Windows-TaskScheduler","Task Scheduler started ""{050a2dd7-1d27-46ab-bb2c-b918abc3d0fe}"" instance of the ""\CreateExplorerShellUnelevatedTask"" task for user ""SCAFFOLD\Administrator""."
"6/2/2026 7:10:46 AM","129","Information","Microsoft-Windows-TaskScheduler","Task Scheduler launch task ""\CreateExplorerShellUnelevatedTask"" , instance ""C:\Windows\Explorer.EXE""  with process ID 2888."
"6/2/2026 7:10:46 AM","109","Information","Microsoft-Windows-TaskScheduler","Task Scheduler launched ""{050a2dd7-1d27-46ab-bb2c-b918abc3d0fe}""  instance of task ""\CreateExplorerShellUnelevatedTask""  according to a registration trigger."
"6/2/2026 7:10:46 AM","140","Information","Microsoft-Windows-TaskScheduler","User ""SCAFFOLD\Administrator""  updated Task Scheduler task ""\CreateExplorerShellUnelevatedTask"""
"6/2/2026 7:10:46 AM","106","Information","Microsoft-Windows-TaskScheduler","User ""SCAFFOLD\Administrator""  registered Task Scheduler task ""\CreateExplorerShellUnelevatedTask"""
"6/2/2026 7:10:46 AM","141","Information","Microsoft-Windows-TaskScheduler","User ""SCAFFOLD\Administrator""  deleted Task Scheduler task ""\CreateExplorerShellUnelevatedTask"""
"6/2/2026 7:10:46 AM","200","Information","Microsoft-Windows-TaskScheduler","Task Scheduler launched action ""Wininet Cache task object"" in instance ""{28fc8c7d-2b2b-44fc-9fce-198a3f70aa35}"" of task ""\Microsoft\Windows\Wininet\CacheTask""."
"6/2/2026 7:10:46 AM","100","Information","Microsoft-Windows-TaskScheduler","Task Scheduler started ""{28fc8c7d-2b2b-44fc-9fce-198a3f70aa35}"" instance of the ""\Microsoft\Windows\Wininet\CacheTask"" task for user ""SCAFFOLD\Administrator""."
"6/2/2026 7:10:46 AM","129","Information","Microsoft-Windows-TaskScheduler","Task Scheduler launch task ""\Microsoft\Windows\Wininet\CacheTask"" , instance ""taskhostw.exe""  with process ID 3648."
"6/2/2026 7:10:46 AM","102","Information","Microsoft-Windows-TaskScheduler","Task Scheduler successfully finished ""{a5dff9df-22d1-47c5-89cd-71e450d8f68b}"" instance of the ""\Microsoft\Windows\TextServicesFramework\MsCtfMonitor"" task for user ""SCAFFOLD\Administrator""."
"6/2/2026 7:10:46 AM","201","Information","Microsoft-Windows-TaskScheduler","Task Scheduler successfully completed task ""\Microsoft\Windows\TextServicesFramework\MsCtfMonitor"" , instance ""{a5dff9df-22d1-47c5-89cd-71e450d8f68b}"" , action ""MsCtfMonitor task handler"" with return code 0."
"6/2/2026 7:10:46 AM","200","Information","Microsoft-Windows-TaskScheduler","Task Scheduler launched action ""MsCtfMonitor task handler"" in instance ""{a5dff9df-22d1-47c5-89cd-71e450d8f68b}"" of task ""\Microsoft\Windows\TextServicesFramework\MsCtfMonitor""."
"6/2/2026 7:10:46 AM","100","Information","Microsoft-Windows-TaskScheduler","Task Scheduler started ""{a5dff9df-22d1-47c5-89cd-71e450d8f68b}"" instance of the ""\Microsoft\Windows\TextServicesFramework\MsCtfMonitor"" task for user ""SCAFFOLD\Administrator""."
"6/2/2026 7:10:46 AM","129","Information","Microsoft-Windows-TaskScheduler","Task Scheduler launch task ""\Microsoft\Windows\TextServicesFramework\MsCtfMonitor"" , instance ""taskhostw.exe""  with process ID 7140."
"6/2/2026 7:10:46 AM","200","Information","Microsoft-Windows-TaskScheduler","Task Scheduler launched action ""Certificate Services Client Task Handler"" in instance ""{02fa2465-1e2c-48a7-9905-a3cb5a730593}"" of task ""\Microsoft\Windows\CertificateServicesClient\UserTask""."
"6/2/2026 7:10:46 AM","100","Information","Microsoft-Windows-TaskScheduler","Task Scheduler started ""{02fa2465-1e2c-48a7-9905-a3cb5a730593}"" instance of the ""\Microsoft\Windows\CertificateServicesClient\UserTask"" task for user ""SCAFFOLD\Administrator""."
"6/2/2026 7:10:46 AM","102","Information","Microsoft-Windows-TaskScheduler","Task Scheduler successfully finished ""{76e0932a-42ce-4de5-9d9a-5ee4c6ce4758}"" instance of the ""\Microsoft\Windows\SoftwareProtectionPlatform\SvcRestartTaskLogon"" task for user ""SCAFFOLD\Administrator""."
"6/2/2026 7:10:46 AM","201","Information","Microsoft-Windows-TaskScheduler","Task Scheduler successfully completed task ""\Microsoft\Windows\SoftwareProtectionPlatform\SvcRestartTaskLogon"" , instance ""{76e0932a-42ce-4de5-9d9a-5ee4c6ce4758}"" , action ""SppSvcRestartTaskHandler Class"" with return code 0."
"6/2/2026 7:10:46 AM","200","Information","Microsoft-Windows-TaskScheduler","Task Scheduler launched action ""C:\Program Files (x86)\Microsoft\EdgeUpdate\MicrosoftEdgeUpdate.exe"" in instance ""{bc4aead6-512b-4da4-b79f-c989e62ddfc6}"" of task ""\MicrosoftEdgeUpdateTaskMachineCore""."
"6/2/2026 7:10:46 AM","100","Information","Microsoft-Windows-TaskScheduler","Task Scheduler started ""{bc4aead6-512b-4da4-b79f-c989e62ddfc6}"" instance of the ""\MicrosoftEdgeUpdateTaskMachineCore"" task for user ""NT AUTHORITY\SYSTEM""."
"6/2/2026 7:10:46 AM","129","Information","Microsoft-Windows-TaskScheduler","Task Scheduler launch task ""\MicrosoftEdgeUpdateTaskMachineCore"" , instance ""C:\Program Files (x86)\Microsoft\EdgeUpdate\MicrosoftEdgeUpdate.exe""  with process ID 544."
"6/2/2026 7:10:46 AM","200","Information","Microsoft-Windows-TaskScheduler","Task Scheduler launched action ""SppSvcRestartTaskHandler Class"" in instance ""{76e0932a-42ce-4de5-9d9a-5ee4c6ce4758}"" of task ""\Microsoft\Windows\SoftwareProtectionPlatform\SvcRestartTaskLogon""."
"6/2/2026 7:10:46 AM","100","Information","Microsoft-Windows-TaskScheduler","Task Scheduler started ""{76e0932a-42ce-4de5-9d9a-5ee4c6ce4758}"" instance of the ""\Microsoft\Windows\SoftwareProtectionPlatform\SvcRestartTaskLogon"" task for user ""SCAFFOLD\Administrator""."
"6/2/2026 7:10:46 AM","119","Information","Microsoft-Windows-TaskScheduler","Task Scheduler launched ""{76e0932a-42ce-4de5-9d9a-5ee4c6ce4758}""  instance of task ""\Microsoft\Windows\SoftwareProtectionPlatform\SvcRestartTaskLogon"" due to user ""SCAFFOLD\Administrator""  logon."
"6/2/2026 7:10:46 AM","200","Information","Microsoft-Windows-TaskScheduler","Task Scheduler launched action ""Device Installation Reboot Dialog Task"" in instance ""{0eba5717-d306-4cac-a842-85f05d97e58e}"" of task ""\Microsoft\Windows\Plug and Play\Device Install Reboot Required""."
"6/2/2026 7:10:46 AM","100","Information","Microsoft-Windows-TaskScheduler","Task Scheduler started ""{0eba5717-d306-4cac-a842-85f05d97e58e}"" instance of the ""\Microsoft\Windows\Plug and Play\Device Install Reboot Required"" task for user ""SCAFFOLD\Administrator""."
"6/2/2026 7:10:46 AM","129","Information","Microsoft-Windows-TaskScheduler","Task Scheduler launch task ""\Microsoft\Windows\Plug and Play\Device Install Reboot Required"" , instance ""taskhostw.exe""  with process ID 1088."
"6/2/2026 7:10:46 AM","119","Information","Microsoft-Windows-TaskScheduler","Task Scheduler launched ""{0eba5717-d306-4cac-a842-85f05d97e58e}""  instance of task ""\Microsoft\Windows\Plug and Play\Device Install Reboot Required"" due to user ""SCAFFOLD\Administrator""  logon."
"6/2/2026 7:10:46 AM","200","Information","Microsoft-Windows-TaskScheduler","Task Scheduler launched action ""%windir%\system32\ServerManagerLauncher.exe"" in instance ""{3b932623-d439-4ddd-9ec7-27e732734f5f}"" of task ""\Microsoft\Windows\Server Manager\ServerManager""."
"6/2/2026 7:10:46 AM","100","Information","Microsoft-Windows-TaskScheduler","Task Scheduler started ""{3b932623-d439-4ddd-9ec7-27e732734f5f}"" instance of the ""\Microsoft\Windows\Server Manager\ServerManager"" task for user ""SCAFFOLD\Administrator""."
"6/2/2026 7:10:46 AM","129","Information","Microsoft-Windows-TaskScheduler","Task Scheduler launch task ""\Microsoft\Windows\Server Manager\ServerManager"" , instance ""%windir%\system32\ServerManagerLauncher.exe""  with process ID 976."
"6/2/2026 7:10:46 AM","119","Information","Microsoft-Windows-TaskScheduler","Task Scheduler launched ""{bc4aead6-512b-4da4-b79f-c989e62ddfc6}""  instance of task ""\MicrosoftEdgeUpdateTaskMachineCore"" due to user ""SCAFFOLD\Administrator""  logon."
"6/2/2026 7:10:46 AM","119","Information","Microsoft-Windows-TaskScheduler","Task Scheduler launched ""{3b932623-d439-4ddd-9ec7-27e732734f5f}""  instance of task ""\Microsoft\Windows\Server Manager\ServerManager"" due to user ""SCAFFOLD\Administrator""  logon."
"6/2/2026 7:10:46 AM","200","Information","Microsoft-Windows-TaskScheduler","Task Scheduler launched action ""Color Calibration Loader"" in instance ""{48c082c0-0a73-4a19-82c5-29aec4922bc1}"" of task ""\Microsoft\Windows\WindowsColorSystem\Calibration Loader""."
"6/2/2026 7:10:46 AM","100","Information","Microsoft-Windows-TaskScheduler","Task Scheduler started ""{48c082c0-0a73-4a19-82c5-29aec4922bc1}"" instance of the ""\Microsoft\Windows\WindowsColorSystem\Calibration Loader"" task for user ""SCAFFOLD\Administrator""."
"6/2/2026 7:10:46 AM","129","Information","Microsoft-Windows-TaskScheduler","Task Scheduler launch task ""\Microsoft\Windows\WindowsColorSystem\Calibration Loader"" , instance ""taskhostw.exe""  with process ID 5780."
"6/2/2026 7:10:46 AM","119","Information","Microsoft-Windows-TaskScheduler","Task Scheduler launched ""{28fc8c7d-2b2b-44fc-9fce-198a3f70aa35}""  instance of task ""\Microsoft\Windows\Wininet\CacheTask"" due to user ""SCAFFOLD\Administrator""  logon."
"6/2/2026 7:10:46 AM","119","Information","Microsoft-Windows-TaskScheduler","Task Scheduler launched ""{02fa2465-1e2c-48a7-9905-a3cb5a730593}""  instance of task ""\Microsoft\Windows\CertificateServicesClient\UserTask"" due to user ""SCAFFOLD\Administrator""  logon."
"6/2/2026 7:10:46 AM","119","Information","Microsoft-Windows-TaskScheduler","Task Scheduler launched ""{a5dff9df-22d1-47c5-89cd-71e450d8f68b}""  instance of task ""\Microsoft\Windows\TextServicesFramework\MsCtfMonitor"" due to user ""SCAFFOLD\Administrator""  logon."
"6/2/2026 7:10:46 AM","119","Information","Microsoft-Windows-TaskScheduler","Task Scheduler launched ""{48c082c0-0a73-4a19-82c5-29aec4922bc1}""  instance of task ""\Microsoft\Windows\WindowsColorSystem\Calibration Loader"" due to user ""SCAFFOLD\Administrator""  logon."
"6/2/2026 7:10:42 AM","102","Information","Microsoft-Windows-TaskScheduler","Task Scheduler successfully finished ""{d80e382e-cc6d-451d-a86d-e002e3d4f7b2}"" instance of the ""\Scaffold\ScaffoldDeployEngine"" task for user ""NT AUTHORITY\SYSTEM""."
"6/2/2026 7:10:42 AM","201","Information","Microsoft-Windows-TaskScheduler","Task Scheduler successfully completed task ""\Scaffold\ScaffoldDeployEngine"" , instance ""{d80e382e-cc6d-451d-a86d-e002e3d4f7b2}"" , action ""powershell.exe"" with return code 0."
"6/2/2026 7:10:41 AM","200","Information","Microsoft-Windows-TaskScheduler","Task Scheduler launched action ""powershell.exe"" in instance ""{d80e382e-cc6d-451d-a86d-e002e3d4f7b2}"" of task ""\Scaffold\ScaffoldDeployEngine""."
"6/2/2026 7:10:41 AM","100","Information","Microsoft-Windows-TaskScheduler","Task Scheduler started ""{d80e382e-cc6d-451d-a86d-e002e3d4f7b2}"" instance of the ""\Scaffold\ScaffoldDeployEngine"" task for user ""NT AUTHORITY\SYSTEM""."
"6/2/2026 7:10:41 AM","129","Information","Microsoft-Windows-TaskScheduler","Task Scheduler launch task ""\Scaffold\ScaffoldDeployEngine"" , instance ""powershell.exe""  with process ID 6448."
"6/2/2026 7:10:41 AM","107","Information","Microsoft-Windows-TaskScheduler","Task Scheduler launched ""{d80e382e-cc6d-451d-a86d-e002e3d4f7b2}""  instance of task ""\Scaffold\ScaffoldDeployEngine"" due to a time trigger condition."
"6/2/2026 7:10:24 AM","142","Information","Microsoft-Windows-TaskScheduler","User ""NETWORK SERVICE""  disabled Task Scheduler task ""\Microsoft\Windows\SoftwareProtectionPlatform\SvcRestartTask"""
"6/2/2026 7:10:17 AM","102","Information","Microsoft-Windows-TaskScheduler","Task Scheduler successfully finished ""{bee42e9f-717e-4be3-a8c0-a9a7efc27723}"" instance of the ""\Microsoft\Windows\Software Inventory Logging\Configuration"" task for user ""NT AUTHORITY\SYSTEM""."
"6/2/2026 7:10:17 AM","201","Information","Microsoft-Windows-TaskScheduler","Task Scheduler successfully completed task ""\Microsoft\Windows\Software Inventory Logging\Configuration"" , instance ""{bee42e9f-717e-4be3-a8c0-a9a7efc27723}"" , action ""%systemroot%\system32\cmd.exe"" with return code 0."
"6/2/2026 7:10:17 AM","102","Information","Microsoft-Windows-TaskScheduler","Task Scheduler successfully finished ""{fd1395d6-1aee-41ba-a646-ffa978618d10}"" instance of the ""\Microsoft\Windows\DirectX\DXGIAdapterCache"" task for user ""NT AUTHORITY\SYSTEM""."
"6/2/2026 7:10:17 AM","201","Information","Microsoft-Windows-TaskScheduler","Task Scheduler successfully completed task ""\Microsoft\Windows\DirectX\DXGIAdapterCache"" , instance ""{fd1395d6-1aee-41ba-a646-ffa978618d10}"" , action ""%windir%\system32\dxgiadaptercache.exe"" with return code 0."
"6/2/2026 7:10:17 AM","200","Information","Microsoft-Windows-TaskScheduler","Task Scheduler launched action ""%systemroot%\system32\cmd.exe"" in instance ""{bee42e9f-717e-4be3-a8c0-a9a7efc27723}"" of task ""\Microsoft\Windows\Software Inventory Logging\Configuration""."
"6/2/2026 7:10:17 AM","100","Information","Microsoft-Windows-TaskScheduler","Task Scheduler started ""{bee42e9f-717e-4be3-a8c0-a9a7efc27723}"" instance of the ""\Microsoft\Windows\Software Inventory Logging\Configuration"" task for user ""NT AUTHORITY\SYSTEM""."
"6/2/2026 7:10:17 AM","129","Information","Microsoft-Windows-TaskScheduler","Task Scheduler launch task ""\Microsoft\Windows\Software Inventory Logging\Configuration"" , instance ""%systemroot%\system32\cmd.exe""  with process ID 7080."
"6/2/2026 7:10:17 AM","200","Information","Microsoft-Windows-TaskScheduler","Task Scheduler launched action ""%windir%\system32\dxgiadaptercache.exe"" in instance ""{fd1395d6-1aee-41ba-a646-ffa978618d10}"" of task ""\Microsoft\Windows\DirectX\DXGIAdapterCache""."
"6/2/2026 7:10:17 AM","100","Information","Microsoft-Windows-TaskScheduler","Task Scheduler started ""{fd1395d6-1aee-41ba-a646-ffa978618d10}"" instance of the ""\Microsoft\Windows\DirectX\DXGIAdapterCache"" task for user ""NT AUTHORITY\SYSTEM""."
"6/2/2026 7:10:17 AM","129","Information","Microsoft-Windows-TaskScheduler","Task Scheduler launch task ""\Microsoft\Windows\DirectX\DXGIAdapterCache"" , instance ""%windir%\system32\dxgiadaptercache.exe""  with process ID 7076."
"6/2/2026 7:10:17 AM","118","Information","Microsoft-Windows-TaskScheduler","Task Scheduler launched ""{bee42e9f-717e-4be3-a8c0-a9a7efc27723}""  instance of task ""\Microsoft\Windows\Software Inventory Logging\Configuration""  due to system startup."
"6/2/2026 7:10:17 AM","118","Information","Microsoft-Windows-TaskScheduler","Task Scheduler launched ""{fd1395d6-1aee-41ba-a646-ffa978618d10}""  instance of task ""\Microsoft\Windows\DirectX\DXGIAdapterCache""  due to system startup."
"6/2/2026 7:09:58 AM","102","Information","Microsoft-Windows-TaskScheduler","Task Scheduler successfully finished ""{e86fc6af-8a8c-4cf6-a819-14e3d94fc23c}"" instance of the ""\Microsoft\Windows\CertificateServicesClient\SystemTask"" task for user ""NT AUTHORITY\SYSTEM""."
"6/2/2026 7:09:58 AM","201","Information","Microsoft-Windows-TaskScheduler","Task Scheduler successfully completed task ""\Microsoft\Windows\CertificateServicesClient\SystemTask"" , instance ""{e86fc6af-8a8c-4cf6-a819-14e3d94fc23c}"" , action ""Certificate Services Client Task Handler"" with return code 0."
"6/2/2026 7:09:57 AM","102","Information","Microsoft-Windows-TaskScheduler","Task Scheduler successfully finished ""{4d5f98b4-530e-4339-9269-d5401a2c1b8c}"" instance of the ""\Microsoft\Windows\Workplace Join\Automatic-Device-Join"" task for user ""NT AUTHORITY\SYSTEM""."
"6/2/2026 7:09:57 AM","201","Information","Microsoft-Windows-TaskScheduler","Task Scheduler successfully completed task ""\Microsoft\Windows\Workplace Join\Automatic-Device-Join"" , instance ""{4d5f98b4-530e-4339-9269-d5401a2c1b8c}"" , action ""%SystemRoot%\System32\dsregcmd.exe"" with return code 0."
"6/2/2026 7:09:28 AM","140","Information","Microsoft-Windows-TaskScheduler","User ""NETWORK SERVICE""  updated Task Scheduler task ""\Microsoft\Windows\SoftwareProtectionPlatform\SvcRestartTaskNetwork"""
"6/2/2026 7:09:27 AM","140","Information","Microsoft-Windows-TaskScheduler","User ""INTERACTIVE""  updated Task Scheduler task ""\Microsoft\Windows\SoftwareProtectionPlatform\SvcRestartTaskLogon"""
"6/2/2026 7:09:27 AM","200","Information","Microsoft-Windows-TaskScheduler","Task Scheduler launched action ""Certificate Services Client Task Handler"" in instance ""{e86fc6af-8a8c-4cf6-a819-14e3d94fc23c}"" of task ""\Microsoft\Windows\CertificateServicesClient\SystemTask""."
"6/2/2026 7:09:27 AM","100","Information","Microsoft-Windows-TaskScheduler","Task Scheduler started ""{e86fc6af-8a8c-4cf6-a819-14e3d94fc23c}"" instance of the ""\Microsoft\Windows\CertificateServicesClient\SystemTask"" task for user ""NT AUTHORITY\SYSTEM""."
"6/2/2026 7:09:27 AM","129","Information","Microsoft-Windows-TaskScheduler","Task Scheduler launch task ""\Microsoft\Windows\CertificateServicesClient\SystemTask"" , instance ""taskhostw.exe""  with process ID 4880."
"6/2/2026 7:09:27 AM","118","Information","Microsoft-Windows-TaskScheduler","Task Scheduler launched ""{e86fc6af-8a8c-4cf6-a819-14e3d94fc23c}""  instance of task ""\Microsoft\Windows\CertificateServicesClient\SystemTask""  due to system startup."
"6/2/2026 7:09:18 AM","200","Information","Microsoft-Windows-TaskScheduler","Task Scheduler launched action ""%SystemRoot%\System32\dsregcmd.exe"" in instance ""{4d5f98b4-530e-4339-9269-d5401a2c1b8c}"" of task ""\Microsoft\Windows\Workplace Join\Automatic-Device-Join""."
"6/2/2026 7:09:18 AM","100","Information","Microsoft-Windows-TaskScheduler","Task Scheduler started ""{4d5f98b4-530e-4339-9269-d5401a2c1b8c}"" instance of the ""\Microsoft\Windows\Workplace Join\Automatic-Device-Join"" task for user ""NT AUTHORITY\SYSTEM""."
"6/2/2026 7:09:18 AM","129","Information","Microsoft-Windows-TaskScheduler","Task Scheduler launch task ""\Microsoft\Windows\Workplace Join\Automatic-Device-Join"" , instance ""%SystemRoot%\System32\dsregcmd.exe""  with process ID 2688."
"6/2/2026 7:09:18 AM","110","Information","Microsoft-Windows-TaskScheduler","Task Scheduler launched ""{4d5f98b4-530e-4339-9269-d5401a2c1b8c}""  instance of task ""\Microsoft\Windows\Workplace Join\Automatic-Device-Join""  for user ""System"" ."
"6/2/2026 7:09:18 AM","325","Warning","Microsoft-Windows-TaskScheduler","Task Scheduler queued instance ""{4d5f98b4-530e-4339-9269-d5401a2c1b8c}""  of task ""\Microsoft\Windows\Workplace Join\Automatic-Device-Join""."
