"9/1/2026 9:01:03 PM","7002","Information","Microsoft-Windows-Winlogon","User Logoff Notification for Customer Experience Improvement Program"
"9/1/2026 9:01:02 PM","7036","Information","Service Control Manager","The Connected Devices Platform User Service_57cbd service entered the stopped state."
"9/1/2026 9:01:02 PM","7036","Information","Service Control Manager","The Windows Push Notifications User Service_57cbd service entered the stopped state."
"9/1/2026 9:01:02 PM","7036","Information","Service Control Manager","The Clipboard User Service_57cbd service entered the stopped state."
"9/1/2026 9:01:01 PM","7036","Information","Service Control Manager","The AppX Deployment Service (AppXSVC) service entered the running state."
"9/1/2026 9:00:55 PM","1074","Information","User32","The process C:\Windows\System32\RuntimeBroker.exe (DC) has initiated the power off of computer DC on behalf of user SCAFFOLD\Administrator for the following reason: Other (Unplanned)
 Reason Code: 0x5000000
 Shutdown Type: power off
 Comment: "
"9/1/2026 9:00:53 PM","7036","Information","Service Control Manager","The Network Setup Service service entered the stopped state."
"9/1/2026 8:59:20 PM","7036","Information","Service Control Manager","The Network Setup Service service entered the running state."
"9/1/2026 8:50:53 PM","7036","Information","Service Control Manager","The Network Setup Service service entered the stopped state."
"9/1/2026 8:49:20 PM","7036","Information","Service Control Manager","The Network Setup Service service entered the running state."
"9/1/2026 8:47:39 PM","7036","Information","Service Control Manager","The Microsoft Account Sign-in Assistant service entered the stopped state."
"9/1/2026 8:46:39 PM","7036","Information","Service Control Manager","The Windows Error Reporting Service service entered the stopped state."
"9/1/2026 8:45:57 PM","7036","Information","Service Control Manager","The Device Setup Manager service entered the stopped state."
"9/1/2026 8:45:12 PM","4107","Information","Display","A caller specified the SDC_FORCE_MODE_ENUMERATION flag in a call to the SetDisplayConfig() API"
"9/1/2026 8:45:11 PM","7036","Information","Service Control Manager","The Device Setup Manager service entered the running state."
"9/1/2026 8:44:50 PM","7036","Information","Service Control Manager","The Device Setup Manager service entered the stopped state."
"9/1/2026 8:44:39 PM","7036","Information","Service Control Manager","The Microsoft Account Sign-in Assistant service entered the running state."
"9/1/2026 8:44:38 PM","7036","Information","Service Control Manager","The Windows Error Reporting Service service entered the running state."
"9/1/2026 8:44:06 PM","4107","Information","Display","A caller specified the SDC_FORCE_MODE_ENUMERATION flag in a call to the SetDisplayConfig() API"
"9/1/2026 8:44:04 PM","7036","Information","Service Control Manager","The Diagnostic System Host service entered the running state."
"9/1/2026 8:44:05 PM","4107","Information","Display","A caller specified the SDC_FORCE_MODE_ENUMERATION flag in a call to the SetDisplayConfig() API"
"9/1/2026 8:44:04 PM","7036","Information","Service Control Manager","The Device Setup Manager service entered the running state."
"9/1/2026 8:42:11 PM","6148","Information","LsaSrv","The PDC completed an automatic trust scan operation for all trusts with no errors.

More information can be found at https://go.microsoft.com/fwlink/?linkid=2162089."
"9/1/2026 8:41:29 PM","7036","Information","Service Control Manager","The Windows Update service entered the stopped state."
"9/1/2026 8:40:54 PM","7036","Information","Service Control Manager","The Network Setup Service service entered the stopped state."
"9/1/2026 8:39:24 PM","7036","Information","Service Control Manager","The Network Setup Service service entered the running state."
"9/1/2026 8:38:59 PM","7036","Information","Service Control Manager","The AppX Deployment Service (AppXSVC) service entered the stopped state."
"9/1/2026 8:37:51 PM","7036","Information","Service Control Manager","The Microsoft Software Shadow Copy Provider service entered the stopped state."
"9/1/2026 8:37:46 PM","7036","Information","Service Control Manager","The Background Intelligent Transfer Service service entered the stopped state."
"9/1/2026 8:37:46 PM","7040","Information","Service Control Manager","The start type of the Background Intelligent Transfer Service service was changed from auto start to demand start."
"9/1/2026 8:37:24 PM","7036","Information","Service Control Manager","The Remote Registry service entered the stopped state."
"9/1/2026 8:35:47 PM","7036","Information","Service Control Manager","The WMI Performance Adapter service entered the stopped state."
"9/1/2026 8:35:13 PM","7036","Information","Service Control Manager","The Microsoft Account Sign-in Assistant service entered the stopped state."
"9/1/2026 8:34:51 PM","7036","Information","Service Control Manager","The Volume Shadow Copy service entered the stopped state."
"9/1/2026 8:34:14 PM","7036","Information","Service Control Manager","The Client License Service (ClipSVC) service entered the stopped state."
"9/1/2026 8:33:25 PM","7040","Information","Service Control Manager","The start type of the Windows Modules Installer service was changed from demand start to auto start."
"9/1/2026 8:33:25 PM","7040","Information","Service Control Manager","The start type of the Windows Modules Installer service was changed from auto start to demand start."
"9/1/2026 8:33:22 PM","7036","Information","Service Control Manager","The Device Install Service service entered the stopped state."
"9/1/2026 8:32:56 PM","5781","Warning","NETLOGON","Dynamic registration or deletion of one or more DNS records associated with DNS domain 'ForestDnsZones.scaffold.htb.' failed.  These records are used by other computers to locate this server as a domain controller (if the specified domain is an Active Directory domain) or as an LDAP server (if the specified domain is an application partition).  

Possible causes of failure include:  
- TCP/IP properties of the network connections of this computer contain wrong IP address(es) of the preferred and alternate DNS servers 
- Specified preferred and alternate DNS servers are not running 
- DNS server(s) primary for the records to be registered is not running 
- Preferred or alternate DNS servers are configured with wrong root hints 
- Parent DNS zone contains incorrect delegation to the child zone authoritative for the DNS records that failed registration  

USER ACTION  
Fix possible misconfiguration(s) specified above and initiate registration or deletion of the DNS records by running 'nltest.exe /dsregdns' from the command prompt on the domain controller or by restarting Net Logon service on the domain controller."
"9/1/2026 8:32:56 PM","5781","Warning","NETLOGON","Dynamic registration or deletion of one or more DNS records associated with DNS domain 'DomainDnsZones.scaffold.htb.' failed.  These records are used by other computers to locate this server as a domain controller (if the specified domain is an Active Directory domain) or as an LDAP server (if the specified domain is an application partition).  

Possible causes of failure include:  
- TCP/IP properties of the network connections of this computer contain wrong IP address(es) of the preferred and alternate DNS servers 
- Specified preferred and alternate DNS servers are not running 
- DNS server(s) primary for the records to be registered is not running 
- Preferred or alternate DNS servers are configured with wrong root hints 
- Parent DNS zone contains incorrect delegation to the child zone authoritative for the DNS records that failed registration  

USER ACTION  
Fix possible misconfiguration(s) specified above and initiate registration or deletion of the DNS records by running 'nltest.exe /dsregdns' from the command prompt on the domain controller or by restarting Net Logon service on the domain controller."
"9/1/2026 8:32:56 PM","5781","Warning","NETLOGON","Dynamic registration or deletion of one or more DNS records associated with DNS domain 'scaffold.htb.' failed.  These records are used by other computers to locate this server as a domain controller (if the specified domain is an Active Directory domain) or as an LDAP server (if the specified domain is an application partition).  

Possible causes of failure include:  
- TCP/IP properties of the network connections of this computer contain wrong IP address(es) of the preferred and alternate DNS servers 
- Specified preferred and alternate DNS servers are not running 
- DNS server(s) primary for the records to be registered is not running 
- Preferred or alternate DNS servers are configured with wrong root hints 
- Parent DNS zone contains incorrect delegation to the child zone authoritative for the DNS records that failed registration  

USER ACTION  
Fix possible misconfiguration(s) specified above and initiate registration or deletion of the DNS records by running 'nltest.exe /dsregdns' from the command prompt on the domain controller or by restarting Net Logon service on the domain controller."
"9/1/2026 8:32:39 PM","7036","Information","Service Control Manager","The Network Setup Service service entered the stopped state."
"9/1/2026 8:31:43 PM","7040","Information","Service Control Manager","The start type of the Windows Modules Installer service was changed from demand start to auto start."
"9/1/2026 8:31:41 PM","7036","Information","Service Control Manager","The Software Protection service entered the stopped state."
"9/1/2026 8:31:27 PM","7040","Information","Service Control Manager","The start type of the Windows Modules Installer service was changed from auto start to demand start."
"9/1/2026 8:31:27 PM","7036","Information","Service Control Manager","The Microsoft Software Shadow Copy Provider service entered the running state."
"9/1/2026 8:31:27 PM","7036","Information","Service Control Manager","The Volume Shadow Copy service entered the running state."
"9/1/2026 8:31:13 PM","7040","Information","Service Control Manager","The start type of the Windows Modules Installer service was changed from demand start to auto start."
"9/1/2026 8:31:11 PM","43","Information","Microsoft-Windows-WindowsUpdateClient","Installation Started: Windows has started installing the following update: 2026-08 Cumulative Update for Microsoft server operating system version 21H2 for x64-based Systems (KB5120242)"
"9/1/2026 8:30:59 PM","7036","Information","Service Control Manager","The Portable Device Enumerator Service service entered the stopped state."
"9/1/2026 8:30:52 PM","20","Error","Microsoft-Windows-WindowsUpdateClient","Installation Failure: Windows failed to install the following update with error 0x8024200B: Broadcom Inc. - System - 9.8.30.0."
"9/1/2026 8:30:52 PM","44","Information","Microsoft-Windows-WindowsUpdateClient","Windows Update started downloading an update."
"9/1/2026 8:30:51 PM","3","Information","vmci","VMCI: Using capabilities (0x1c).
"
"9/1/2026 8:30:49 PM","7036","Information","Service Control Manager","The Device Install Service service entered the running state."
"9/1/2026 8:30:49 PM","43","Information","Microsoft-Windows-WindowsUpdateClient","Installation Started: Windows has started installing the following update: Broadcom Inc. - System - 9.8.30.0"
"9/1/2026 8:30:40 PM","7036","Information","Service Control Manager","The Volume Shadow Copy service entered the stopped state."
"9/1/2026 8:30:40 PM","7036","Information","Service Control Manager","The VMware Snapshot Provider service entered the stopped state."
"9/1/2026 8:30:36 PM","7036","Information","Service Control Manager","The Windows Update Medic Service service entered the stopped state."
"9/1/2026 8:30:00 PM","7040","Information","Service Control Manager","The start type of the Windows Modules Installer service was changed from auto start to demand start."
"9/1/2026 8:29:59 PM","7036","Information","Service Control Manager","The Windows Modules Installer service entered the running state."
"9/1/2026 8:29:54 PM","7040","Information","Service Control Manager","The start type of the Windows Modules Installer service was changed from demand start to auto start."
"9/1/2026 8:29:47 PM","7036","Information","Service Control Manager","The WMI Performance Adapter service entered the running state."
"9/1/2026 8:29:47 PM","7036","Information","Service Control Manager","The WMI Performance Adapter service entered the stopped state."
"9/1/2026 8:29:47 PM","7036","Information","Service Control Manager","The WMI Performance Adapter service entered the running state."
"9/1/2026 8:29:46 PM","7036","Information","Service Control Manager","The WMI Performance Adapter service entered the stopped state."
"9/1/2026 8:29:41 PM","7036","Information","Service Control Manager","The User Access Logging Service service entered the running state."
"9/1/2026 8:29:39 PM","7036","Information","Service Control Manager","The Software Protection service entered the running state."
"9/1/2026 8:29:37 PM","7036","Information","Service Control Manager","The Program Compatibility Assistant Service service entered the running state."
"9/1/2026 8:29:36 PM","7036","Information","Service Control Manager","The Microsoft Edge Update Service (edgeupdate) service entered the stopped state."
"9/1/2026 8:29:36 PM","7036","Information","Service Control Manager","The Microsoft Edge Update Service (edgeupdate) service entered the running state."
"9/1/2026 8:29:36 PM","7036","Information","Service Control Manager","The Diagnostic Policy Service service entered the running state."
"9/1/2026 8:29:36 PM","7036","Information","Service Control Manager","The Update Orchestrator Service service entered the running state."
"9/1/2026 8:29:36 PM","7036","Information","Service Control Manager","The Windows Update Medic Service service entered the running state."
"9/1/2026 8:29:22 PM","7036","Information","Service Control Manager","The Clipboard User Service_57cbd service entered the running state."
"9/1/2026 8:29:18 PM","7036","Information","Service Control Manager","The Network Setup Service service entered the running state."
"9/1/2026 8:29:15 PM","7036","Information","Service Control Manager","The Windows Update Medic Service service entered the stopped state."
"9/1/2026 8:29:13 PM","7036","Information","Service Control Manager","The Microsoft Account Sign-in Assistant service entered the running state."
"9/1/2026 8:28:59 PM","10016","Warning","Microsoft-Windows-DistributedCOM","The application-specific permission settings do not grant Local Launch permission for the COM Server application with CLSID 
{21B896BF-008D-4D01-A27B-26061B960DD7}
 and APPID 
{03E09F3B-DCE4-44FE-A9CF-82D050827E1C}
 to the user SCAFFOLD\Administrator SID (S-1-5-21-365932789-2848835602-3476675013-500) from address LocalHost (Using LRPC) running in the application container Unavailable SID (Unavailable). This security permission can be modified using the Component Services administrative tool."
"9/1/2026 8:28:59 PM","7036","Information","Service Control Manager","The Connected Devices Platform Service service entered the running state."
"9/1/2026 8:28:59 PM","7036","Information","Service Control Manager","The Capability Access Manager Service service entered the running state."
"9/1/2026 8:28:59 PM","7036","Information","Service Control Manager","The Web Account Manager service entered the running state."
"9/1/2026 8:28:59 PM","7036","Information","Service Control Manager","The Touch Keyboard and Handwriting Panel Service service entered the running state."
"9/1/2026 8:28:59 PM","7036","Information","Service Control Manager","The Connected Devices Platform User Service_57cbd service entered the running state."
"9/1/2026 8:28:59 PM","7036","Information","Service Control Manager","The Windows Push Notifications User Service_57cbd service entered the running state."
"9/1/2026 8:28:58 PM","7001","Information","Microsoft-Windows-Winlogon","User Logon Notification for Customer Experience Improvement Program"
"9/1/2026 8:28:42 PM","23","Error","Microsoft-Windows-Eventlog","The event logging service encountered an error (res=5) while initializing logging resources for channel Microsoft-Windows-PowerShell/Admin."
"9/1/2026 8:28:42 PM","23","Error","Microsoft-Windows-Eventlog","The event logging service encountered an error (res=5) while initializing logging resources for channel Microsoft-Windows-PowerShell/Operational."
"9/1/2026 8:28:31 PM","7036","Information","Service Control Manager","The DsmSvc service entered the stopped state."
"9/1/2026 8:28:15 PM","7036","Information","Service Control Manager","The Client License Service (ClipSVC) service entered the running state."
"9/1/2026 8:28:15 PM","7036","Information","Service Control Manager","The AppX Deployment Service (AppXSVC) service entered the running state."
"9/1/2026 8:28:15 PM","7036","Information","Service Control Manager","The Delivery Optimization service entered the stopped state."
"9/1/2026 8:28:15 PM","7036","Information","Service Control Manager","The Storage Service service entered the running state."
"9/1/2026 8:28:15 PM","7036","Information","Service Control Manager","The Delivery Optimization service entered the running state."
"9/1/2026 8:28:15 PM","7036","Information","Service Control Manager","The Windows Update Medic Service service entered the running state."
"9/1/2026 8:28:15 PM","7036","Information","Service Control Manager","The Network Connectivity Assistant service entered the stopped state."
"9/1/2026 8:27:59 PM","7036","Information","Service Control Manager","The WDSServer service entered the running state."
"9/1/2026 8:27:59 PM","16","Information","Microsoft-Windows-Kernel-General","The access history in hive \??\C:\RemoteInstall\Tmp\x64uefi{D8723E90-5DD2-4434-BDC0-E14829BF80B4}.bcd was cleared updating 0 keys and creating 0 modified pages."
"9/1/2026 8:27:59 PM","16","Information","Microsoft-Windows-Kernel-General","The access history in hive \??\C:\RemoteInstall\Tmp\x86uefi{FEEBBAA4-D913-4599-83C0-769120719BB9}.bcd was cleared updating 0 keys and creating 0 modified pages."
"9/1/2026 8:27:59 PM","16","Information","Microsoft-Windows-Kernel-General","The access history in hive \??\C:\RemoteInstall\Tmp\arm{170839F9-8D42-4A24-8AD3-15FE225A4288}.bcd was cleared updating 0 keys and creating 0 modified pages."
"9/1/2026 8:27:59 PM","16","Information","Microsoft-Windows-Kernel-General","The access history in hive \??\C:\RemoteInstall\Tmp\x86x64{326CA915-79D9-4362-881B-2BE8CC9F0BDE}.bcd was cleared updating 0 keys and creating 0 modified pages."
"9/1/2026 8:27:59 PM","16","Information","Microsoft-Windows-Kernel-General","The access history in hive \??\C:\RemoteInstall\Tmp\arm64{1B0DADD5-C12C-40A4-A160-D197E238ABF2}.bcd was cleared updating 0 keys and creating 0 modified pages."
"9/1/2026 8:27:59 PM","16","Information","Microsoft-Windows-Kernel-General","The access history in hive \??\C:\RemoteInstall\Tmp\x64{75F804B0-8309-429C-8B58-0546106D5E02}.bcd was cleared updating 0 keys and creating 0 modified pages."
"9/1/2026 8:27:59 PM","16","Information","Microsoft-Windows-Kernel-General","The access history in hive \??\C:\RemoteInstall\Tmp\x86{7313F0D0-3E7F-4872-8C7C-FE23673788A3}.bcd was cleared updating 0 keys and creating 0 modified pages."
"9/1/2026 8:27:53 PM","7036","Information","Service Control Manager","The DNS service entered the running state."
"9/1/2026 8:27:46 PM","7036","Information","Service Control Manager","The WMI Performance Adapter service entered the running state."
"9/1/2026 8:27:45 PM","7036","Information","Service Control Manager","The Background Intelligent Transfer Service service entered the running state."
"9/1/2026 8:27:43 PM","7036","Information","Service Control Manager","The MSSQL$SQLEXPRESS service entered the running state."
"9/1/2026 8:27:40 PM","7036","Information","Service Control Manager","The Volume Shadow Copy service entered the running state."
"9/1/2026 8:27:39 PM","7036","Information","Service Control Manager","The MDT_Monitor service entered the running state."
"9/1/2026 8:27:38 PM","7036","Information","Service Control Manager","The Display Policy Service service entered the running state."
"9/1/2026 8:27:37 PM","7036","Information","Service Control Manager","The SQLTELEMETRY$SQLEXPRESS service entered the running state."
"9/1/2026 8:27:36 PM","7026","Information","Service Control Manager","The following boot-start or system-start driver(s) did not load: 
dam"
"9/1/2026 8:27:35 PM","7036","Information","Service Control Manager","The MSDTC service entered the running state."
"9/1/2026 8:27:35 PM","7036","Information","Service Control Manager","The W32Time service entered the running state."
"9/1/2026 8:27:35 PM","12","Warning","Microsoft-Windows-Time-Service","Time Provider NtpClient: This machine is configured to use the domain hierarchy to determine its time source, but it is the AD PDC emulator for the domain at the root of the forest, so there is no machine above it in the domain hierarchy to use as a time source. It is recommended that you either configure a reliable time service in the root domain, or manually configure the AD PDC to synchronize with an external time source. Otherwise, this machine will function as the authoritative time source in the domain hierarchy. If an external time source is not configured or used for this computer, you may choose to disable the NtpClient."
"9/1/2026 8:27:34 PM","143","Information","Microsoft-Windows-Time-Service","The time service has started advertising as a good time source."
"9/1/2026 8:27:34 PM","139","Information","Microsoft-Windows-Time-Service","The time service has started advertising as a time source."
"9/1/2026 8:27:32 PM","7036","Information","Service Control Manager","The W3SVC service entered the running state."
"9/1/2026 8:27:32 PM","7036","Information","Service Control Manager","The Netlogon service entered the running state."
"9/1/2026 8:27:30 PM","7036","Information","Service Control Manager","The ADWS service entered the running state."
"9/1/2026 8:27:30 PM","7036","Information","Service Control Manager","The wuauserv service entered the running state."
"9/1/2026 8:27:25 PM","7036","Information","Service Control Manager","The COMSysApp service entered the running state."
"9/1/2026 8:27:25 PM","7036","Information","Service Control Manager","The RasMan service entered the running state."
"9/1/2026 8:27:25 PM","7036","Information","Service Control Manager","The vmvss service entered the running state."
"9/1/2026 8:27:25 PM","7036","Information","Service Control Manager","The vds service entered the running state."
"9/1/2026 8:27:24 PM","7036","Information","Service Control Manager","The DiagTrack service entered the running state."
"9/1/2026 8:27:24 PM","7036","Information","Service Control Manager","The WinRM service entered the running state."
"9/1/2026 8:27:24 PM","7036","Information","Service Control Manager","The StateRepository service entered the running state."
"9/1/2026 8:27:24 PM","7036","Information","Service Control Manager","The WpnService service entered the running state."
"9/1/2026 8:27:24 PM","7036","Information","Service Control Manager","The WAS service entered the running state."
"9/1/2026 8:27:25 PM","3","Information","Virtual Disk Service","Service started."
"9/1/2026 8:27:24 PM","10154","Warning","Microsoft-Windows-WinRM","The WinRM service failed to create the following SPNs: WSMAN/dc.scaffold.htb; WSMAN/dc. 

 Additional Data 
 The error received was 1355: %%1355.

 User Action 
 The SPNs can be created by an administrator using setspn.exe utility."
"9/1/2026 8:27:24 PM","10148","Information","Microsoft-Windows-WinRM","The WinRM service is listening for WS-Management requests. 

 User Action 
 Use the following command to see the specific IPs on which WinRM is listening: 

 winrm enumerate winrm/config/listener"
"9/1/2026 8:27:24 PM","7036","Information","Service Control Manager","The VGAuthService service entered the running state."
"9/1/2026 8:27:24 PM","7036","Information","Service Control Manager","The VMTools service entered the running state."
"9/1/2026 8:27:24 PM","7036","Information","Service Control Manager","The Dfs service entered the running state."
"9/1/2026 8:27:24 PM","7036","Information","Service Control Manager","The Winmgmt service entered the running state."
"9/1/2026 8:27:24 PM","7036","Information","Service Control Manager","The VM3DService service entered the running state."
"9/1/2026 8:27:24 PM","7036","Information","Service Control Manager","The AppHostSvc service entered the running state."
"9/1/2026 8:27:24 PM","7036","Information","Service Control Manager","The SQLWriter service entered the running state."
"9/1/2026 8:27:24 PM","7036","Information","Service Control Manager","The SstpSvc service entered the running state."
"9/1/2026 8:27:24 PM","7036","Information","Service Control Manager","The RemoteRegistry service entered the running state."
"9/1/2026 8:27:24 PM","7036","Information","Service Control Manager","The DFSR service entered the running state."
"9/1/2026 8:27:24 PM","7036","Information","Service Control Manager","The SysMain service entered the running state."
"9/1/2026 8:27:24 PM","7036","Information","Service Control Manager","The CertSvc service entered the running state."
"9/1/2026 8:27:24 PM","7036","Information","Service Control Manager","The IsmServ service entered the running state."
"9/1/2026 8:27:23 PM","7036","Information","Service Control Manager","The CoreMessagingRegistrar service entered the running state."
"9/1/2026 8:27:23 PM","7036","Information","Service Control Manager","The CryptSvc service entered the running state."
"9/1/2026 8:27:23 PM","7036","Information","Service Control Manager","The AzureAttestService service entered the running state."
"9/1/2026 8:27:23 PM","7036","Information","Service Control Manager","The KeyIso service entered the running state."
"9/1/2026 8:27:23 PM","7036","Information","Service Control Manager","The Spooler service entered the running state."
"9/1/2026 8:27:23 PM","7036","Information","Service Control Manager","The LanmanServer service entered the running state."
"9/1/2026 8:27:23 PM","7036","Information","Service Control Manager","The SamSs service entered the running state."
"9/1/2026 8:27:24 PM","14531","Information","Microsoft-Windows-DfsSvc","DFS server has finished initializing."
"9/1/2026 8:27:24 PM","14533","Information","Microsoft-Windows-DfsSvc","DFS has finished building all namespaces."
"9/1/2026 8:27:24 PM","5211","Information","Microsoft-Windows-WAS","The Windows Process Activation Service (WAS) started with 'Classic' mode using 'ConfigurationSystem'"
"9/1/2026 8:27:15 PM","7036","Information","Service Control Manager","The NcbService service entered the running state."
"9/1/2026 8:27:15 PM","7036","Information","Service Control Manager","The UserManager service entered the running state."
"9/1/2026 8:27:15 PM","7036","Information","Service Control Manager","The DsmSvc service entered the running state."
"9/1/2026 8:27:14 PM","7036","Information","Service Control Manager","The NcaSvc service entered the stopped state."
"9/1/2026 8:27:14 PM","7036","Information","Service Control Manager","The mpssvc service entered the running state."
"9/1/2026 8:27:14 PM","36928","Error","Schannel","Could not retrieve an OCSP response.

   The Failure Reason is: REASON_OCSP_RESPONSE_RETRIEVAL_ERROR
    The OCSP Url is: 
   The previous OCSP response contained the following times:
      ThisUpdate: ‎1601‎-‎01‎-‎01T00:00:00.000000000Z
      NextUpdate: ‎1601‎-‎01‎-‎01T00:00:00.000000000Z

The attached data contains the certificate."
"9/1/2026 8:27:14 PM","7036","Information","Service Control Manager","The Schedule service entered the running state."
"9/1/2026 8:27:14 PM","7036","Information","Service Control Manager","The iphlpsvc service entered the running state."
"9/1/2026 8:27:14 PM","7036","Information","Service Control Manager","The Wcmsvc service entered the running state."
"9/1/2026 8:27:14 PM","7036","Information","Service Control Manager","The LanmanWorkstation service entered the running state."
"9/1/2026 8:27:14 PM","7036","Information","Service Control Manager","The Kdc service entered the running state."
"9/1/2026 8:27:14 PM","7036","Information","Service Control Manager","The netprofm service entered the running state."
"9/1/2026 8:27:14 PM","7036","Information","Service Control Manager","The IKEEXT service entered the running state."
"9/1/2026 8:27:14 PM","7036","Information","Service Control Manager","The PolicyAgent service entered the running state."
"9/1/2026 8:27:14 PM","7036","Information","Service Control Manager","The FontCache service entered the running state."
"9/1/2026 8:27:14 PM","7036","Information","Service Control Manager","The WinHttpAutoProxySvc service entered the running state."
"9/1/2026 8:27:14 PM","7036","Information","Service Control Manager","The ShellHWDetection service entered the running state."
"9/1/2026 8:27:14 PM","23","Error","Microsoft-Windows-Eventlog","The event logging service encountered an error (res=5) while initializing logging resources for channel Windows PowerShell."
"9/1/2026 8:27:14 PM","7036","Information","Service Control Manager","The NlaSvc service entered the running state."
"9/1/2026 8:27:14 PM","7036","Information","Service Control Manager","The BFE service entered the running state."
"9/1/2026 8:27:14 PM","7036","Information","Service Control Manager","The SENS service entered the running state."
"9/1/2026 8:27:14 PM","7036","Information","Service Control Manager","The gpsvc service entered the running state."
"9/1/2026 8:27:14 PM","7036","Information","Service Control Manager","The ProfSvc service entered the running state."
"9/1/2026 8:27:14 PM","7036","Information","Service Control Manager","The EventSystem service entered the running state."
"9/1/2026 8:27:14 PM","7036","Information","Service Control Manager","The Themes service entered the running state."
"9/1/2026 8:27:14 PM","7036","Information","Service Control Manager","The NTDS service entered the running state."
"9/1/2026 8:27:14 PM","7036","Information","Service Control Manager","The EventLog service entered the running state."
"9/1/2026 8:27:14 PM","6","Information","Microsoft-Windows-FilterManager","File System Filter 'bindflt' (10.0, ‎2051‎-‎03‎-‎03T20:45:47.000000000Z) has successfully loaded and registered with Filter Manager."
"9/1/2026 8:27:14 PM","7036","Information","Service Control Manager","The WPDBusEnum service entered the running state."
"9/1/2026 8:27:14 PM","6","Information","Microsoft-Windows-FilterManager","File System Filter 'storqosflt' (10.0, ‎2051‎-‎09‎-‎21T05:40:20.000000000Z) has successfully loaded and registered with Filter Manager."
"9/1/2026 8:27:14 PM","6","Information","Microsoft-Windows-FilterManager","File System Filter 'CldFlt' (10.0, ‎2074‎-‎11‎-‎09T08:03:12.000000000Z) has successfully loaded and registered with Filter Manager."
"9/1/2026 8:27:14 PM","1","Information","Microsoft-Windows-FilterManager","File System Filter 'CldFlt' (Version 10.0, ‎2074‎-‎11‎-‎09T08:03:12.000000000Z) unloaded successfully."
"9/1/2026 8:27:14 PM","6","Information","Microsoft-Windows-FilterManager","File System Filter 'CldFlt' (10.0, ‎2074‎-‎11‎-‎09T08:03:12.000000000Z) has successfully loaded and registered with Filter Manager."
"9/1/2026 8:27:14 PM","6","Information","Microsoft-Windows-FilterManager","File System Filter 'luafv' (10.0, ‎2068‎-‎10‎-‎11T15:22:37.000000000Z) has successfully loaded and registered with Filter Manager."
"9/1/2026 8:27:14 PM","7036","Information","Service Control Manager","The Dnscache service entered the running state."
"9/1/2026 8:27:14 PM","6","Information","Microsoft-Windows-FilterManager","File System Filter 'wcifs' (10.0, ‎2088‎-‎12‎-‎15T04:51:43.000000000Z) has successfully loaded and registered with Filter Manager."
"9/1/2026 8:27:14 PM","7036","Information","Service Control Manager","The Dhcp service entered the running state."
"9/1/2026 8:27:14 PM","51046","Information","Microsoft-Windows-DHCPv6-Client","DHCPv6 client service is started"
"9/1/2026 8:27:14 PM","50036","Information","Microsoft-Windows-Dhcp-Client","DHCPv4 client service is started"
"9/1/2026 8:27:14 PM","50103","Information","Microsoft-Windows-Dhcp-Client","DHCPv4 client registered for shutdown notification"
"9/1/2026 8:27:14 PM","50036","Information","Microsoft-Windows-Dhcp-Client","DHCPv4 client service is started"
"9/1/2026 8:27:14 PM","7036","Information","Service Control Manager","The TimeBrokerSvc service entered the running state."
"9/1/2026 8:27:14 PM","7036","Information","Service Control Manager","The nsi service entered the running state."
"9/1/2026 8:27:14 PM","7036","Information","Service Control Manager","The lmhosts service entered the running state."
"9/1/2026 8:27:13 PM","7036","Information","Service Control Manager","The SystemEventsBroker service entered the running state."
"9/1/2026 8:27:13 PM","7036","Information","Service Control Manager","The BrokerInfrastructure service entered the running state."
"9/1/2026 8:27:13 PM","7036","Information","Service Control Manager","The LSM service entered the running state."
"9/1/2026 8:27:13 PM","7036","Information","Service Control Manager","The RpcSs service entered the running state."
"9/1/2026 8:27:13 PM","7036","Information","Service Control Manager","The RpcEptMapper service entered the running state."
"9/1/2026 8:27:13 PM","7036","Information","Service Control Manager","The DcomLaunch service entered the running state."
"9/1/2026 8:27:13 PM","7036","Information","Service Control Manager","The Power service entered the running state."
"9/1/2026 8:27:13 PM","7036","Information","Service Control Manager","The PlugPlay service entered the running state."
"9/1/2026 8:27:13 PM","16983","Information","Microsoft-Windows-Directory-Services-SAM","The security account manager is now logging periodic summary events for remote clients that call legacy password change or set RPC methods.

For more information please see https://go.microsoft.com/fwlink/?linkid=2150956.
"
"9/1/2026 8:27:13 PM","16977","Information","Microsoft-Windows-Directory-Services-SAM","The domain is configured with the following minimum password length-related settings.

MinimumPasswordLength: 7

RelaxMinimumPasswordLengthLimits: 0

MinimumPasswordLengthAudit: -1

For more information see https://go.microsoft.com/fwlink/?LinkId=2097191.
"
"9/1/2026 8:27:13 PM","16977","Information","Microsoft-Windows-Directory-Services-SAM","The domain is configured with the following minimum password length-related settings.

MinimumPasswordLength: 7

RelaxMinimumPasswordLengthLimits: 0

MinimumPasswordLengthAudit: 0

For more information see https://go.microsoft.com/fwlink/?LinkId=2097191.
"
"9/1/2026 8:27:12 PM","16962","Information","Microsoft-Windows-Directory-Services-SAM","Remote calls to the SAM database are being restricted using the default security descriptor: .
For more information please see http://go.microsoft.com/fwlink/?LinkId=787651."
"9/1/2026 8:27:11 PM","14","Information","Microsoft-Windows-Wininit","Credential Guard configuration: 0x0, 0"
"9/1/2026 8:27:11 PM","24","Information","Microsoft-Windows-Kernel-General","The time zone information was refreshed with exit reason 0. Current time zone bias is 420."
"9/1/2026 8:27:10 PM","98","Error","Microsoft-Windows-Ntfs","Volume \\?\Volume{2bc8a4fb-ec89-41c1-8fb3-d753243c8254} (\Device\HarddiskVolume5) needs to be taken offline to perform a Full Chkdsk.  Please run ""CHKDSK /F"" locally via the command line, or run ""REPAIR-VOLUME <drive:>"" locally or remotely via PowerShell."
"9/1/2026 8:27:10 PM","98","Error","Microsoft-Windows-Ntfs","Volume Y: (\Device\HarddiskVolume4) needs to be taken offline to perform a Full Chkdsk.  Please run ""CHKDSK /F"" locally via the command line, or run ""REPAIR-VOLUME <drive:>"" locally or remotely via PowerShell."
"9/1/2026 8:27:09 PM","55","Information","Microsoft-Windows-Kernel-Processor-Power","Processor 1 in group 0 exposes the following power management capabilities:

Idle state type: ACPI Idle (C) States (1 state(s))

Performance state type: None
Nominal Frequency (MHz): 2994
Maximum performance percentage: 100
Minimum performance percentage: 100
Minimum throttle percentage: 100"
"9/1/2026 8:27:09 PM","55","Information","Microsoft-Windows-Kernel-Processor-Power","Processor 0 in group 0 exposes the following power management capabilities:

Idle state type: ACPI Idle (C) States (1 state(s))

Performance state type: None
Nominal Frequency (MHz): 2994
Maximum performance percentage: 100
Minimum performance percentage: 100
Minimum throttle percentage: 100"
"9/1/2026 8:27:09 PM","172","Information","Microsoft-Windows-Kernel-Power","Connectivity state in standby: Disconnected, Reason: NIC compliance"
"9/1/2026 8:27:09 PM","6","Information","Microsoft-Windows-FilterManager","File System Filter 'npsvctrig' (10.0, ‎2015‎-‎04‎-‎02T03:42:38.000000000Z) has successfully loaded and registered with Filter Manager."
"9/1/2026 8:27:09 PM","6","Information","Microsoft-Windows-FilterManager","File System Filter 'DfsDriver' (10.0, ‎2053‎-‎07‎-‎29T02:36:42.000000000Z) has successfully loaded and registered with Filter Manager."
"9/1/2026 8:27:09 PM","6","Information","Microsoft-Windows-FilterManager","File System Filter 'FileCrypt' (10.0, ‎2088‎-‎05‎-‎23T23:57:52.000000000Z) has successfully loaded and registered with Filter Manager."
"9/1/2026 8:27:09 PM","98","Information","Microsoft-Windows-Ntfs","Volume C: (\Device\HarddiskVolume3) is healthy.  No action is needed."
"9/1/2026 8:27:09 PM","6","Information","Microsoft-Windows-FilterManager","File System Filter 'DfsrRo' (10.0, ‎1999‎-‎03‎-‎20T18:16:31.000000000Z) has successfully loaded and registered with Filter Manager."
"9/1/2026 8:27:09 PM","6","Information","Microsoft-Windows-FilterManager","File System Filter 'Wof' (10.0, ‎2008‎-‎09‎-‎17T11:19:58.000000000Z) has successfully loaded and registered with Filter Manager."
"9/1/2026 8:27:07 PM","3","Information","vmci","VMCI: Using capabilities (0x1c).
"
"9/1/2026 8:27:05 PM","16","Information","Microsoft-Windows-HAL","The iommu fault reporting has been initialized."
"9/1/2026 8:27:05 PM","20","Information","Microsoft-Windows-Kernel-General","The leap second configuration has been updated.
Reason: Leap second data initialized from registry during boot
Leap seconds enabled: true
New leap second count: 0
Old leap second count: 0"
"9/1/2026 8:27:05 PM","32","Information","Microsoft-Windows-Kernel-Boot","The bootmgr spent 0 ms waiting for user input."
"9/1/2026 8:27:05 PM","18","Information","Microsoft-Windows-Kernel-Boot","There are 0x1 boot options on this system."
"9/1/2026 8:27:05 PM","27","Information","Microsoft-Windows-Kernel-Boot","The boot type was 0x0."
"9/1/2026 8:27:05 PM","25","Information","Microsoft-Windows-Kernel-Boot","The boot menu policy was 0x0."
"9/1/2026 8:27:05 PM","238","Information","Microsoft-Windows-Kernel-Boot","EFI time zone bias: 2047. Daylight flags: 0. Firmware time: ‎2026‎-‎09‎-‎01T20:27:05.000000000Z."
"9/1/2026 8:27:05 PM","20","Information","Microsoft-Windows-Kernel-Boot","The last shutdown's success status was true. The last boot's success status was true."
"9/1/2026 8:27:05 PM","153","Information","Microsoft-Windows-Kernel-Boot","Virtualization-based security (policies: 0) is disabled."
"9/1/2026 8:27:05 PM","12","Information","Microsoft-Windows-Kernel-General","The operating system started at system time ‎2026‎-‎09‎-‎02T03:27:05.500000000Z."
"9/1/2026 8:26:33 PM","13","Information","Microsoft-Windows-Kernel-General","The operating system is shutting down at system time ‎2026‎-‎09‎-‎02T03:26:33.248349000Z."
"9/1/2026 8:26:32 PM","109","Information","Microsoft-Windows-Kernel-Power","The kernel power manager has initiated a shutdown transition.

Shutdown Reason: Kernel API"
"9/1/2026 8:26:31 PM","7036","Information","Service Control Manager","The Network Setup Service service entered the stopped state."
"9/1/2026 8:26:29 PM","7036","Information","Service Control Manager","The Update Orchestrator Service service entered the stopped state."
"9/1/2026 8:26:28 PM","7036","Information","Service Control Manager","The Windows Process Activation Service service entered the stopped state."
"9/1/2026 8:26:28 PM","7036","Information","Service Control Manager","The WMI Performance Adapter service entered the stopped state."
"9/1/2026 8:26:28 PM","7036","Information","Service Control Manager","The Active Directory Domain Services service entered the stopped state."
"9/1/2026 8:26:28 PM","7036","Information","Service Control Manager","The Task Scheduler service entered the stopped state."
"9/1/2026 8:26:28 PM","7036","Information","Service Control Manager","The Windows Remote Management (WS-Management) service entered the stopped state."
"9/1/2026 8:26:28 PM","7036","Information","Service Control Manager","The SQL Server (SQLEXPRESS) service entered the stopped state."
"9/1/2026 8:26:28 PM","7036","Information","Service Control Manager","The Active Directory Certificate Services service entered the stopped state."
"9/1/2026 8:26:28 PM","7036","Information","Service Control Manager","The SQL Server VSS Writer service entered the stopped state."
"9/1/2026 8:26:28 PM","7036","Information","Service Control Manager","The Application Host Helper Service service entered the stopped state."
"9/1/2026 8:26:28 PM","7036","Information","Service Control Manager","The DFS Replication service entered the stopped state."
"9/1/2026 8:26:28 PM","7036","Information","Service Control Manager","The Remote Access Connection Manager service entered the stopped state."
"9/1/2026 8:26:28 PM","7036","Information","Service Control Manager","The DHCP Client service entered the stopped state."
"9/1/2026 8:26:28 PM","7036","Information","Service Control Manager","The Cryptographic Services service entered the stopped state."
"9/1/2026 8:26:28 PM","7036","Information","Service Control Manager","The Windows Event Log service entered the stopped state."
"9/1/2026 8:26:28 PM","7036","Information","Service Control Manager","The WinHTTP Web Proxy Auto-Discovery Service service entered the stopped state."
"9/1/2026 8:26:28 PM","7036","Information","Service Control Manager","The IKE and AuthIP IPsec Keying Modules service entered the stopped state."
"9/1/2026 8:26:28 PM","50037","Information","Microsoft-Windows-Dhcp-Client","DHCPv4 client service is stopped. ShutDown Flag value is 1"
"9/1/2026 8:27:14 PM","6013","Information","EventLog","The system uptime is 8 seconds."
"9/1/2026 8:27:14 PM","6005","Information","EventLog","The Event log service was started."
"9/1/2026 8:27:14 PM","6009","Information","EventLog","Microsoft (R) Windows (R) 10.00. 20348  Multiprocessor Free."
"9/1/2026 8:26:28 PM","7036","Information","Service Control Manager","The Device Setup Manager service entered the stopped state."
"9/1/2026 8:26:28 PM","7036","Information","Service Control Manager","The Diagnostic Policy Service service entered the stopped state."
"9/1/2026 8:26:28 PM","7036","Information","Service Control Manager","The Virtual Disk service entered the stopped state."
"9/1/2026 8:26:28 PM","7036","Information","Service Control Manager","The DNS Server service entered the stopped state."
"9/1/2026 8:26:28 PM","50106","Information","Microsoft-Windows-Dhcp-Client","DHCPv4 is waiting on DHCPv6 service to stop"
"9/1/2026 8:26:28 PM","51057","Information","Microsoft-Windows-DHCPv6-Client","DHCPv6 client service stop is almost done.DHCP Context Ref count is 1"
"9/1/2026 8:26:28 PM","51047","Information","Microsoft-Windows-DHCPv6-Client","DHCPv6 client service is stopped. ShutDown Flag value is 1"
"9/1/2026 8:26:27 PM","7036","Information","Service Control Manager","The Secure Socket Tunneling Protocol Service service entered the stopped state."
"9/1/2026 8:26:27 PM","7036","Information","Service Control Manager","The Plug and Play service entered the stopped state."
"9/1/2026 8:26:27 PM","7036","Information","Service Control Manager","The User Profile Service service entered the stopped state."
"9/1/2026 8:26:27 PM","7036","Information","Service Control Manager","The State Repository Service service entered the stopped state."
"9/1/2026 8:26:27 PM","7036","Information","Service Control Manager","The Windows Font Cache Service service entered the stopped state."
"9/1/2026 8:26:27 PM","7036","Information","Service Control Manager","The Windows Time service entered the stopped state."
"9/1/2026 8:26:27 PM","50105","Information","Microsoft-Windows-Dhcp-Client","DHCPv4 client ProcessDHCPRequestForever received TERMINATE_EVENT"
"9/1/2026 8:26:27 PM","50104","Information","Microsoft-Windows-Dhcp-Client","DHCPv4 client received shutdown notification"
"9/1/2026 8:26:27 PM","7036","Information","Service Control Manager","The Windows Connection Manager service entered the stopped state."
"9/1/2026 8:26:27 PM","7036","Information","Service Control Manager","The Intersite Messaging service entered the stopped state."
"9/1/2026 8:26:27 PM","7036","Information","Service Control Manager","The IPsec Policy Agent service entered the stopped state."
"9/1/2026 8:26:27 PM","7036","Information","Service Control Manager","The Windows Management Instrumentation service entered the stopped state."
"9/1/2026 8:26:27 PM","7036","Information","Service Control Manager","The Microsoft Deployment Toolkit Monitor Service service entered the stopped state."
"9/1/2026 8:26:27 PM","7036","Information","Service Control Manager","The SysMain service entered the stopped state."
"9/1/2026 8:26:27 PM","7036","Information","Service Control Manager","The World Wide Web Publishing Service service entered the stopped state."
"9/1/2026 8:26:27 PM","7036","Information","Service Control Manager","The SQL Server CEIP service (SQLEXPRESS) service entered the stopped state."
"9/1/2026 8:26:27 PM","7036","Information","Service Control Manager","The Distributed Transaction Coordinator service entered the stopped state."
"9/1/2026 8:26:27 PM","7036","Information","Service Control Manager","The Program Compatibility Assistant Service service entered the stopped state."
"9/1/2026 8:26:27 PM","7036","Information","Service Control Manager","The Active Directory Web Services service entered the stopped state."
"9/1/2026 8:26:27 PM","7036","Information","Service Control Manager","The Windows Update Medic Service service entered the stopped state."
"9/1/2026 8:26:27 PM","7036","Information","Service Control Manager","The AppX Deployment Service (AppXSVC) service entered the stopped state."
"9/1/2026 8:26:27 PM","7036","Information","Service Control Manager","The Client License Service (ClipSVC) service entered the stopped state."
"9/1/2026 8:26:27 PM","7036","Information","Service Control Manager","The Capability Access Manager Service service entered the stopped state."
"9/1/2026 8:26:27 PM","7036","Information","Service Control Manager","The Windows Update service entered the stopped state."
"9/1/2026 8:26:27 PM","6006","Information","EventLog","The Event log service was stopped."
"9/1/2026 8:26:27 PM","10149","Warning","Microsoft-Windows-WinRM","The WinRM service is not listening for WS-Management requests. 

 User Action 
 If you did not intentionally stop the service, use the following command to see the WinRM configuration: 

 winrm enumerate winrm/config/listener"
"9/1/2026 8:26:26 PM","7036","Information","Service Control Manager","The Background Intelligent Transfer Service service entered the stopped state."
"9/1/2026 8:26:26 PM","7036","Information","Service Control Manager","The User Access Logging Service service entered the stopped state."
"9/1/2026 8:26:26 PM","7036","Information","Service Control Manager","The Connected User Experiences and Telemetry service entered the stopped state."
"9/1/2026 8:26:26 PM","7036","Information","Service Control Manager","The VMware Tools service entered the stopped state."
"9/1/2026 8:26:26 PM","7036","Information","Service Control Manager","The AzureAttestService service entered the stopped state."
"9/1/2026 8:26:26 PM","7036","Information","Service Control Manager","The Windows Modules Installer service entered the stopped state."
"9/1/2026 8:26:26 PM","7036","Information","Service Control Manager","The Group Policy Client service entered the stopped state."
