"9/1/2026 8:29:29 PM","119","Information","Microsoft-Windows-TaskScheduler","Task Scheduler launched ""{ce10b622-d402-4d58-a680-2e2823f69cf3}""  instance of task ""\Microsoft\Windows\International\Synchronize Language Settings"" due to user ""SCAFFOLD\Administrator""  logon."
"9/1/2026 8:29:02 PM","102","Information","Microsoft-Windows-TaskScheduler","Task Scheduler successfully finished ""{ed889c92-9b67-40a1-96a7-c240fad9bcd8}"" instance of the ""\Microsoft\Windows\Server Manager\ServerManager"" task for user ""SCAFFOLD\Administrator""."
"9/1/2026 8:29:02 PM","201","Information","Microsoft-Windows-TaskScheduler","Task Scheduler successfully completed task ""\Microsoft\Windows\Server Manager\ServerManager"" , instance ""{ed889c92-9b67-40a1-96a7-c240fad9bcd8}"" , action ""%windir%\system32\ServerManagerLauncher.exe"" with return code 0."
"9/1/2026 8:29:00 PM","102","Information","Microsoft-Windows-TaskScheduler","Task Scheduler successfully finished ""{e5f68ca7-1e19-49e0-80ff-cc1df2202547}"" instance of the ""\Microsoft\Windows\WindowsColorSystem\Calibration Loader"" task for user ""SCAFFOLD\Administrator""."
"9/1/2026 8:29:00 PM","201","Information","Microsoft-Windows-TaskScheduler","Task Scheduler successfully completed task ""\Microsoft\Windows\WindowsColorSystem\Calibration Loader"" , instance ""{e5f68ca7-1e19-49e0-80ff-cc1df2202547}"" , action ""Color Calibration Loader"" with return code 0."
"9/1/2026 8:29:00 PM","102","Information","Microsoft-Windows-TaskScheduler","Task Scheduler successfully finished ""{a58bbd6f-7a90-4c70-9c18-f279b451ca03}"" instance of the ""\Microsoft\Windows\Plug and Play\Device Install Reboot Required"" task for user ""SCAFFOLD\Administrator""."
"9/1/2026 8:29:00 PM","201","Information","Microsoft-Windows-TaskScheduler","Task Scheduler successfully completed task ""\Microsoft\Windows\Plug and Play\Device Install Reboot Required"" , instance ""{a58bbd6f-7a90-4c70-9c18-f279b451ca03}"" , action ""Device Installation Reboot Dialog Task"" with return code 0."
"9/1/2026 8:29:00 PM","102","Information","Microsoft-Windows-TaskScheduler","Task Scheduler successfully finished ""{6a82e3bc-19c9-4044-93a1-76f07d4f774f}"" instance of the ""\Microsoft\Windows\CertificateServicesClient\UserTask"" task for user ""SCAFFOLD\Administrator""."
"9/1/2026 8:29:00 PM","201","Information","Microsoft-Windows-TaskScheduler","Task Scheduler successfully completed task ""\Microsoft\Windows\CertificateServicesClient\UserTask"" , instance ""{6a82e3bc-19c9-4044-93a1-76f07d4f774f}"" , action ""Certificate Services Client Task Handler"" with return code 0."
"9/1/2026 8:29:00 PM","200","Information","Microsoft-Windows-TaskScheduler","Task Scheduler launched action ""C:\Windows\Explorer.EXE"" in instance ""{a3fc0a17-a539-4b6d-b78b-587f8c4151b6}"" of task ""\CreateExplorerShellUnelevatedTask""."
"9/1/2026 8:29:00 PM","100","Information","Microsoft-Windows-TaskScheduler","Task Scheduler started ""{a3fc0a17-a539-4b6d-b78b-587f8c4151b6}"" instance of the ""\CreateExplorerShellUnelevatedTask"" task for user ""SCAFFOLD\Administrator""."
"9/1/2026 8:29:00 PM","129","Information","Microsoft-Windows-TaskScheduler","Task Scheduler launch task ""\CreateExplorerShellUnelevatedTask"" , instance ""C:\Windows\Explorer.EXE""  with process ID 2556."
"9/1/2026 8:29:00 PM","109","Information","Microsoft-Windows-TaskScheduler","Task Scheduler launched ""{a3fc0a17-a539-4b6d-b78b-587f8c4151b6}""  instance of task ""\CreateExplorerShellUnelevatedTask""  according to a registration trigger."
"9/1/2026 8:29:00 PM","140","Information","Microsoft-Windows-TaskScheduler","User ""SCAFFOLD\Administrator""  updated Task Scheduler task ""\CreateExplorerShellUnelevatedTask"""
"9/1/2026 8:29:00 PM","106","Information","Microsoft-Windows-TaskScheduler","User ""SCAFFOLD\Administrator""  registered Task Scheduler task ""\CreateExplorerShellUnelevatedTask"""
"9/1/2026 8:29:00 PM","141","Information","Microsoft-Windows-TaskScheduler","User ""SCAFFOLD\Administrator""  deleted Task Scheduler task ""\CreateExplorerShellUnelevatedTask"""
"9/1/2026 8:28:59 PM","102","Information","Microsoft-Windows-TaskScheduler","Task Scheduler successfully finished ""{46561e98-d03b-47c5-b305-5ecd0079c4b0}"" instance of the ""\Microsoft\Windows\TextServicesFramework\MsCtfMonitor"" task for user ""SCAFFOLD\Administrator""."
"9/1/2026 8:28:59 PM","201","Information","Microsoft-Windows-TaskScheduler","Task Scheduler successfully completed task ""\Microsoft\Windows\TextServicesFramework\MsCtfMonitor"" , instance ""{46561e98-d03b-47c5-b305-5ecd0079c4b0}"" , action ""MsCtfMonitor task handler"" with return code 0."
"9/1/2026 8:28:59 PM","200","Information","Microsoft-Windows-TaskScheduler","Task Scheduler launched action ""C:\Program Files (x86)\Microsoft\EdgeUpdate\MicrosoftEdgeUpdate.exe"" in instance ""{fdd6817d-de88-4a01-a975-8eed0a33162e}"" of task ""\MicrosoftEdgeUpdateTaskMachineCore""."
"9/1/2026 8:28:59 PM","100","Information","Microsoft-Windows-TaskScheduler","Task Scheduler started ""{fdd6817d-de88-4a01-a975-8eed0a33162e}"" instance of the ""\MicrosoftEdgeUpdateTaskMachineCore"" task for user ""NT AUTHORITY\SYSTEM""."
"9/1/2026 8:28:59 PM","129","Information","Microsoft-Windows-TaskScheduler","Task Scheduler launch task ""\MicrosoftEdgeUpdateTaskMachineCore"" , instance ""C:\Program Files (x86)\Microsoft\EdgeUpdate\MicrosoftEdgeUpdate.exe""  with process ID 356."
"9/1/2026 8:28:59 PM","200","Information","Microsoft-Windows-TaskScheduler","Task Scheduler launched action ""Device Installation Reboot Dialog Task"" in instance ""{a58bbd6f-7a90-4c70-9c18-f279b451ca03}"" of task ""\Microsoft\Windows\Plug and Play\Device Install Reboot Required""."
"9/1/2026 8:28:59 PM","100","Information","Microsoft-Windows-TaskScheduler","Task Scheduler started ""{a58bbd6f-7a90-4c70-9c18-f279b451ca03}"" instance of the ""\Microsoft\Windows\Plug and Play\Device Install Reboot Required"" task for user ""SCAFFOLD\Administrator""."
"9/1/2026 8:28:59 PM","129","Information","Microsoft-Windows-TaskScheduler","Task Scheduler launch task ""\Microsoft\Windows\Plug and Play\Device Install Reboot Required"" , instance ""taskhostw.exe""  with process ID 1068."
"9/1/2026 8:28:59 PM","119","Information","Microsoft-Windows-TaskScheduler","Task Scheduler launched ""{a58bbd6f-7a90-4c70-9c18-f279b451ca03}""  instance of task ""\Microsoft\Windows\Plug and Play\Device Install Reboot Required"" due to user ""SCAFFOLD\Administrator""  logon."
"9/1/2026 8:28:59 PM","200","Information","Microsoft-Windows-TaskScheduler","Task Scheduler launched action ""Wininet Cache task object"" in instance ""{393dda45-e0c5-4757-860b-85de08672a70}"" of task ""\Microsoft\Windows\Wininet\CacheTask""."
"9/1/2026 8:28:59 PM","100","Information","Microsoft-Windows-TaskScheduler","Task Scheduler started ""{393dda45-e0c5-4757-860b-85de08672a70}"" instance of the ""\Microsoft\Windows\Wininet\CacheTask"" task for user ""SCAFFOLD\Administrator""."
"9/1/2026 8:28:59 PM","119","Information","Microsoft-Windows-TaskScheduler","Task Scheduler launched ""{393dda45-e0c5-4757-860b-85de08672a70}""  instance of task ""\Microsoft\Windows\Wininet\CacheTask"" due to user ""SCAFFOLD\Administrator""  logon."
"9/1/2026 8:28:59 PM","200","Information","Microsoft-Windows-TaskScheduler","Task Scheduler launched action ""Color Calibration Loader"" in instance ""{e5f68ca7-1e19-49e0-80ff-cc1df2202547}"" of task ""\Microsoft\Windows\WindowsColorSystem\Calibration Loader""."
"9/1/2026 8:28:59 PM","100","Information","Microsoft-Windows-TaskScheduler","Task Scheduler started ""{e5f68ca7-1e19-49e0-80ff-cc1df2202547}"" instance of the ""\Microsoft\Windows\WindowsColorSystem\Calibration Loader"" task for user ""SCAFFOLD\Administrator""."
"9/1/2026 8:28:59 PM","119","Information","Microsoft-Windows-TaskScheduler","Task Scheduler launched ""{e5f68ca7-1e19-49e0-80ff-cc1df2202547}""  instance of task ""\Microsoft\Windows\WindowsColorSystem\Calibration Loader"" due to user ""SCAFFOLD\Administrator""  logon."
"9/1/2026 8:28:59 PM","119","Information","Microsoft-Windows-TaskScheduler","Task Scheduler launched ""{fdd6817d-de88-4a01-a975-8eed0a33162e}""  instance of task ""\MicrosoftEdgeUpdateTaskMachineCore"" due to user ""SCAFFOLD\Administrator""  logon."
"9/1/2026 8:28:59 PM","200","Information","Microsoft-Windows-TaskScheduler","Task Scheduler launched action ""Certificate Services Client Task Handler"" in instance ""{6a82e3bc-19c9-4044-93a1-76f07d4f774f}"" of task ""\Microsoft\Windows\CertificateServicesClient\UserTask""."
"9/1/2026 8:28:59 PM","100","Information","Microsoft-Windows-TaskScheduler","Task Scheduler started ""{6a82e3bc-19c9-4044-93a1-76f07d4f774f}"" instance of the ""\Microsoft\Windows\CertificateServicesClient\UserTask"" task for user ""SCAFFOLD\Administrator""."
"9/1/2026 8:28:59 PM","129","Information","Microsoft-Windows-TaskScheduler","Task Scheduler launch task ""\Microsoft\Windows\CertificateServicesClient\UserTask"" , instance ""taskhostw.exe""  with process ID 984."
"9/1/2026 8:28:59 PM","119","Information","Microsoft-Windows-TaskScheduler","Task Scheduler launched ""{6a82e3bc-19c9-4044-93a1-76f07d4f774f}""  instance of task ""\Microsoft\Windows\CertificateServicesClient\UserTask"" due to user ""SCAFFOLD\Administrator""  logon."
"9/1/2026 8:28:59 PM","200","Information","Microsoft-Windows-TaskScheduler","Task Scheduler launched action ""%windir%\system32\ServerManagerLauncher.exe"" in instance ""{ed889c92-9b67-40a1-96a7-c240fad9bcd8}"" of task ""\Microsoft\Windows\Server Manager\ServerManager""."
"9/1/2026 8:28:59 PM","100","Information","Microsoft-Windows-TaskScheduler","Task Scheduler started ""{ed889c92-9b67-40a1-96a7-c240fad9bcd8}"" instance of the ""\Microsoft\Windows\Server Manager\ServerManager"" task for user ""SCAFFOLD\Administrator""."
"9/1/2026 8:28:59 PM","200","Information","Microsoft-Windows-TaskScheduler","Task Scheduler launched action ""MsCtfMonitor task handler"" in instance ""{46561e98-d03b-47c5-b305-5ecd0079c4b0}"" of task ""\Microsoft\Windows\TextServicesFramework\MsCtfMonitor""."
"9/1/2026 8:28:59 PM","100","Information","Microsoft-Windows-TaskScheduler","Task Scheduler started ""{46561e98-d03b-47c5-b305-5ecd0079c4b0}"" instance of the ""\Microsoft\Windows\TextServicesFramework\MsCtfMonitor"" task for user ""SCAFFOLD\Administrator""."
"9/1/2026 8:28:59 PM","129","Information","Microsoft-Windows-TaskScheduler","Task Scheduler launch task ""\Microsoft\Windows\Server Manager\ServerManager"" , instance ""%windir%\system32\ServerManagerLauncher.exe""  with process ID 540."
"9/1/2026 8:28:59 PM","129","Information","Microsoft-Windows-TaskScheduler","Task Scheduler launch task ""\Microsoft\Windows\TextServicesFramework\MsCtfMonitor"" , instance ""taskhostw.exe""  with process ID 552."
"9/1/2026 8:28:59 PM","119","Information","Microsoft-Windows-TaskScheduler","Task Scheduler launched ""{46561e98-d03b-47c5-b305-5ecd0079c4b0}""  instance of task ""\Microsoft\Windows\TextServicesFramework\MsCtfMonitor"" due to user ""SCAFFOLD\Administrator""  logon."
"9/1/2026 8:28:59 PM","119","Information","Microsoft-Windows-TaskScheduler","Task Scheduler launched ""{ed889c92-9b67-40a1-96a7-c240fad9bcd8}""  instance of task ""\Microsoft\Windows\Server Manager\ServerManager"" due to user ""SCAFFOLD\Administrator""  logon."
"9/1/2026 8:28:47 PM","102","Information","Microsoft-Windows-TaskScheduler","Task Scheduler successfully finished ""{61e5d75f-b4e6-4034-89cd-3c490985662e}"" instance of the ""\Scaffold\ScaffoldDeployEngine"" task for user ""NT AUTHORITY\SYSTEM""."
"9/1/2026 8:28:47 PM","201","Information","Microsoft-Windows-TaskScheduler","Task Scheduler successfully completed task ""\Scaffold\ScaffoldDeployEngine"" , instance ""{61e5d75f-b4e6-4034-89cd-3c490985662e}"" , action ""powershell.exe"" with return code 0."
"9/1/2026 8:28:41 PM","200","Information","Microsoft-Windows-TaskScheduler","Task Scheduler launched action ""powershell.exe"" in instance ""{61e5d75f-b4e6-4034-89cd-3c490985662e}"" of task ""\Scaffold\ScaffoldDeployEngine""."
"9/1/2026 8:28:41 PM","100","Information","Microsoft-Windows-TaskScheduler","Task Scheduler started ""{61e5d75f-b4e6-4034-89cd-3c490985662e}"" instance of the ""\Scaffold\ScaffoldDeployEngine"" task for user ""NT AUTHORITY\SYSTEM""."
"9/1/2026 8:28:41 PM","129","Information","Microsoft-Windows-TaskScheduler","Task Scheduler launch task ""\Scaffold\ScaffoldDeployEngine"" , instance ""powershell.exe""  with process ID 5980."
"9/1/2026 8:28:41 PM","107","Information","Microsoft-Windows-TaskScheduler","Task Scheduler launched ""{61e5d75f-b4e6-4034-89cd-3c490985662e}""  instance of task ""\Scaffold\ScaffoldDeployEngine"" due to a time trigger condition."
"9/1/2026 8:28:15 PM","102","Information","Microsoft-Windows-TaskScheduler","Task Scheduler successfully finished ""{c85172fc-b8f5-4286-a7c6-52f0bfe74c91}"" instance of the ""\Microsoft\Windows\DirectX\DXGIAdapterCache"" task for user ""NT AUTHORITY\SYSTEM""."
"9/1/2026 8:28:15 PM","201","Information","Microsoft-Windows-TaskScheduler","Task Scheduler successfully completed task ""\Microsoft\Windows\DirectX\DXGIAdapterCache"" , instance ""{c85172fc-b8f5-4286-a7c6-52f0bfe74c91}"" , action ""%windir%\system32\dxgiadaptercache.exe"" with return code 0."
"9/1/2026 8:28:15 PM","102","Information","Microsoft-Windows-TaskScheduler","Task Scheduler successfully finished ""{7e97d68a-d5ee-42de-b41a-8d2c6479ee1d}"" instance of the ""\Microsoft\Windows\Software Inventory Logging\Configuration"" task for user ""NT AUTHORITY\SYSTEM""."
"9/1/2026 8:28:15 PM","201","Information","Microsoft-Windows-TaskScheduler","Task Scheduler successfully completed task ""\Microsoft\Windows\Software Inventory Logging\Configuration"" , instance ""{7e97d68a-d5ee-42de-b41a-8d2c6479ee1d}"" , action ""%systemroot%\system32\cmd.exe"" with return code 0."
"9/1/2026 8:28:15 PM","200","Information","Microsoft-Windows-TaskScheduler","Task Scheduler launched action ""%windir%\system32\dxgiadaptercache.exe"" in instance ""{c85172fc-b8f5-4286-a7c6-52f0bfe74c91}"" of task ""\Microsoft\Windows\DirectX\DXGIAdapterCache""."
"9/1/2026 8:28:15 PM","100","Information","Microsoft-Windows-TaskScheduler","Task Scheduler started ""{c85172fc-b8f5-4286-a7c6-52f0bfe74c91}"" instance of the ""\Microsoft\Windows\DirectX\DXGIAdapterCache"" task for user ""NT AUTHORITY\SYSTEM""."
"9/1/2026 8:28:15 PM","129","Information","Microsoft-Windows-TaskScheduler","Task Scheduler launch task ""\Microsoft\Windows\DirectX\DXGIAdapterCache"" , instance ""%windir%\system32\dxgiadaptercache.exe""  with process ID 5412."
"9/1/2026 8:28:15 PM","200","Information","Microsoft-Windows-TaskScheduler","Task Scheduler launched action ""%systemroot%\system32\cmd.exe"" in instance ""{7e97d68a-d5ee-42de-b41a-8d2c6479ee1d}"" of task ""\Microsoft\Windows\Software Inventory Logging\Configuration""."
"9/1/2026 8:28:15 PM","100","Information","Microsoft-Windows-TaskScheduler","Task Scheduler started ""{7e97d68a-d5ee-42de-b41a-8d2c6479ee1d}"" instance of the ""\Microsoft\Windows\Software Inventory Logging\Configuration"" task for user ""NT AUTHORITY\SYSTEM""."
"9/1/2026 8:28:15 PM","129","Information","Microsoft-Windows-TaskScheduler","Task Scheduler launch task ""\Microsoft\Windows\Software Inventory Logging\Configuration"" , instance ""%systemroot%\system32\cmd.exe""  with process ID 5404."
"9/1/2026 8:28:15 PM","118","Information","Microsoft-Windows-TaskScheduler","Task Scheduler launched ""{7e97d68a-d5ee-42de-b41a-8d2c6479ee1d}""  instance of task ""\Microsoft\Windows\Software Inventory Logging\Configuration""  due to system startup."
"9/1/2026 8:28:15 PM","118","Information","Microsoft-Windows-TaskScheduler","Task Scheduler launched ""{c85172fc-b8f5-4286-a7c6-52f0bfe74c91}""  instance of task ""\Microsoft\Windows\DirectX\DXGIAdapterCache""  due to system startup."
"9/1/2026 8:27:43 PM","102","Information","Microsoft-Windows-TaskScheduler","Task Scheduler successfully finished ""{18cba7f5-e303-49be-8e48-f14a323fcc84}"" instance of the ""\Microsoft\Windows\Workplace Join\Automatic-Device-Join"" task for user ""NT AUTHORITY\SYSTEM""."
"9/1/2026 8:27:43 PM","201","Information","Microsoft-Windows-TaskScheduler","Task Scheduler successfully completed task ""\Microsoft\Windows\Workplace Join\Automatic-Device-Join"" , instance ""{18cba7f5-e303-49be-8e48-f14a323fcc84}"" , action ""%SystemRoot%\System32\dsregcmd.exe"" with return code 0."
"9/1/2026 8:27:43 PM","102","Information","Microsoft-Windows-TaskScheduler","Task Scheduler successfully finished ""{2a52a64c-975d-4ccd-a7a8-c522c962fada}"" instance of the ""\Microsoft\Windows\CertificateServicesClient\SystemTask"" task for user ""NT AUTHORITY\SYSTEM""."
"9/1/2026 8:27:43 PM","201","Information","Microsoft-Windows-TaskScheduler","Task Scheduler successfully completed task ""\Microsoft\Windows\CertificateServicesClient\SystemTask"" , instance ""{2a52a64c-975d-4ccd-a7a8-c522c962fada}"" , action ""Certificate Services Client Task Handler"" with return code 0."
"9/1/2026 8:27:25 PM","200","Information","Microsoft-Windows-TaskScheduler","Task Scheduler launched action ""Certificate Services Client Task Handler"" in instance ""{2a52a64c-975d-4ccd-a7a8-c522c962fada}"" of task ""\Microsoft\Windows\CertificateServicesClient\SystemTask""."
"9/1/2026 8:27:25 PM","100","Information","Microsoft-Windows-TaskScheduler","Task Scheduler started ""{2a52a64c-975d-4ccd-a7a8-c522c962fada}"" instance of the ""\Microsoft\Windows\CertificateServicesClient\SystemTask"" task for user ""NT AUTHORITY\SYSTEM""."
"9/1/2026 8:27:25 PM","129","Information","Microsoft-Windows-TaskScheduler","Task Scheduler launch task ""\Microsoft\Windows\CertificateServicesClient\SystemTask"" , instance ""taskhostw.exe""  with process ID 3908."
"9/1/2026 8:27:25 PM","118","Information","Microsoft-Windows-TaskScheduler","Task Scheduler launched ""{2a52a64c-975d-4ccd-a7a8-c522c962fada}""  instance of task ""\Microsoft\Windows\CertificateServicesClient\SystemTask""  due to system startup."
"9/1/2026 8:27:16 PM","102","Information","Microsoft-Windows-TaskScheduler","Task Scheduler successfully finished ""{cba97913-675b-4ebd-a82e-e652600bb6ce}"" instance of the ""\Microsoft\Windows\WwanSvc\OobeDiscovery"" task for user ""NT AUTHORITY\SYSTEM""."
"9/1/2026 8:27:16 PM","201","Information","Microsoft-Windows-TaskScheduler","Task Scheduler successfully completed task ""\Microsoft\Windows\WwanSvc\OobeDiscovery"" , instance ""{cba97913-675b-4ebd-a82e-e652600bb6ce}"" , action ""OobeEsimTaskManager"" with return code 0."
"9/1/2026 8:27:16 PM","102","Information","Microsoft-Windows-TaskScheduler","Task Scheduler successfully finished ""{309a1a4d-3b11-424b-b661-9235e0af07ec}"" instance of the ""\Microsoft\Windows\Windows Error Reporting\QueueReporting"" task for user ""NT AUTHORITY\SYSTEM""."
"9/1/2026 8:27:16 PM","201","Information","Microsoft-Windows-TaskScheduler","Task Scheduler successfully completed task ""\Microsoft\Windows\Windows Error Reporting\QueueReporting"" , instance ""{309a1a4d-3b11-424b-b661-9235e0af07ec}"" , action ""%windir%\system32\wermgr.exe"" with return code 0."
"9/1/2026 8:27:16 PM","102","Information","Microsoft-Windows-TaskScheduler","Task Scheduler successfully finished ""{93ae29cf-62e0-4b2d-9da3-95cbe32b95f8}"" instance of the ""\Microsoft\Windows\ExploitGuard\ExploitGuard MDM policy Refresh"" task for user ""NT AUTHORITY\SYSTEM""."
"9/1/2026 8:27:16 PM","201","Information","Microsoft-Windows-TaskScheduler","Task Scheduler successfully completed task ""\Microsoft\Windows\ExploitGuard\ExploitGuard MDM policy Refresh"" , instance ""{93ae29cf-62e0-4b2d-9da3-95cbe32b95f8}"" , action """" with return code 0."
"9/1/2026 8:27:16 PM","102","Information","Microsoft-Windows-TaskScheduler","Task Scheduler successfully finished ""{1a8b5c86-32fc-4484-b97c-f7f3fecf3bed}"" instance of the ""\Microsoft\Windows\DirectX\DXGIAdapterCache"" task for user ""NT AUTHORITY\SYSTEM""."
"9/1/2026 8:27:16 PM","201","Information","Microsoft-Windows-TaskScheduler","Task Scheduler successfully completed task ""\Microsoft\Windows\DirectX\DXGIAdapterCache"" , instance ""{1a8b5c86-32fc-4484-b97c-f7f3fecf3bed}"" , action ""%windir%\system32\dxgiadaptercache.exe"" with return code 0."
"9/1/2026 8:27:16 PM","102","Information","Microsoft-Windows-TaskScheduler","Task Scheduler successfully finished ""{82da7fe0-9e66-4da2-8645-616944d38e34}"" instance of the ""\Microsoft\Windows\Time Synchronization\ForceSynchronizeTime"" task for user ""(NONE)""."
"9/1/2026 8:27:16 PM","201","Information","Microsoft-Windows-TaskScheduler","Task Scheduler successfully completed task ""\Microsoft\Windows\Time Synchronization\ForceSynchronizeTime"" , instance ""{82da7fe0-9e66-4da2-8645-616944d38e34}"" , action ""Time Synchronization Task Handler"" with return code 0."
"9/1/2026 8:27:16 PM","200","Information","Microsoft-Windows-TaskScheduler","Task Scheduler launched action ""%SystemRoot%\System32\dsregcmd.exe"" in instance ""{18cba7f5-e303-49be-8e48-f14a323fcc84}"" of task ""\Microsoft\Windows\Workplace Join\Automatic-Device-Join""."
"9/1/2026 8:27:16 PM","100","Information","Microsoft-Windows-TaskScheduler","Task Scheduler started ""{18cba7f5-e303-49be-8e48-f14a323fcc84}"" instance of the ""\Microsoft\Windows\Workplace Join\Automatic-Device-Join"" task for user ""NT AUTHORITY\SYSTEM""."
"9/1/2026 8:27:16 PM","129","Information","Microsoft-Windows-TaskScheduler","Task Scheduler launch task ""\Microsoft\Windows\Workplace Join\Automatic-Device-Join"" , instance ""%SystemRoot%\System32\dsregcmd.exe""  with process ID 2496."
"9/1/2026 8:27:16 PM","110","Information","Microsoft-Windows-TaskScheduler","Task Scheduler launched ""{18cba7f5-e303-49be-8e48-f14a323fcc84}""  instance of task ""\Microsoft\Windows\Workplace Join\Automatic-Device-Join""  for user ""System"" ."
"9/1/2026 8:27:16 PM","325","Warning","Microsoft-Windows-TaskScheduler","Task Scheduler queued instance ""{18cba7f5-e303-49be-8e48-f14a323fcc84}""  of task ""\Microsoft\Windows\Workplace Join\Automatic-Device-Join""."
"9/1/2026 8:27:16 PM","200","Information","Microsoft-Windows-TaskScheduler","Task Scheduler launched action ""Time Synchronization Task Handler"" in instance ""{82da7fe0-9e66-4da2-8645-616944d38e34}"" of task ""\Microsoft\Windows\Time Synchronization\ForceSynchronizeTime""."
"9/1/2026 8:27:16 PM","100","Information","Microsoft-Windows-TaskScheduler","Task Scheduler started ""{82da7fe0-9e66-4da2-8645-616944d38e34}"" instance of the ""\Microsoft\Windows\Time Synchronization\ForceSynchronizeTime"" task for user ""(NONE)""."
"9/1/2026 8:27:16 PM","129","Information","Microsoft-Windows-TaskScheduler","Task Scheduler launch task ""\Microsoft\Windows\Time Synchronization\ForceSynchronizeTime"" , instance ""taskhostw.exe""  with process ID 2472."
"9/1/2026 8:27:16 PM","200","Information","Microsoft-Windows-TaskScheduler","Task Scheduler launched action ""OobeEsimTaskManager"" in instance ""{cba97913-675b-4ebd-a82e-e652600bb6ce}"" of task ""\Microsoft\Windows\WwanSvc\OobeDiscovery""."
"9/1/2026 8:27:16 PM","100","Information","Microsoft-Windows-TaskScheduler","Task Scheduler started ""{cba97913-675b-4ebd-a82e-e652600bb6ce}"" instance of the ""\Microsoft\Windows\WwanSvc\OobeDiscovery"" task for user ""NT AUTHORITY\SYSTEM""."
"9/1/2026 8:27:15 PM","200","Information","Microsoft-Windows-TaskScheduler","Task Scheduler launched action ""%windir%\system32\wermgr.exe"" in instance ""{309a1a4d-3b11-424b-b661-9235e0af07ec}"" of task ""\Microsoft\Windows\Windows Error Reporting\QueueReporting""."
"9/1/2026 8:27:15 PM","100","Information","Microsoft-Windows-TaskScheduler","Task Scheduler started ""{309a1a4d-3b11-424b-b661-9235e0af07ec}"" instance of the ""\Microsoft\Windows\Windows Error Reporting\QueueReporting"" task for user ""NT AUTHORITY\SYSTEM""."
"9/1/2026 8:27:15 PM","129","Information","Microsoft-Windows-TaskScheduler","Task Scheduler launch task ""\Microsoft\Windows\Windows Error Reporting\QueueReporting"" , instance ""%windir%\system32\wermgr.exe""  with process ID 2400."
"9/1/2026 8:27:15 PM","101","Error","Microsoft-Windows-TaskScheduler","Task Scheduler failed to start ""\Microsoft\Windows\Workplace Join\Automatic-Device-Join"" task for user ""(default user)"". Additional Data: Error Value: 2147943568."
"9/1/2026 8:27:15 PM","200","Information","Microsoft-Windows-TaskScheduler","Task Scheduler launched action ""%windir%\system32\dxgiadaptercache.exe"" in instance ""{1a8b5c86-32fc-4484-b97c-f7f3fecf3bed}"" of task ""\Microsoft\Windows\DirectX\DXGIAdapterCache""."
"9/1/2026 8:27:15 PM","100","Information","Microsoft-Windows-TaskScheduler","Task Scheduler started ""{1a8b5c86-32fc-4484-b97c-f7f3fecf3bed}"" instance of the ""\Microsoft\Windows\DirectX\DXGIAdapterCache"" task for user ""NT AUTHORITY\SYSTEM""."
"9/1/2026 8:27:15 PM","129","Information","Microsoft-Windows-TaskScheduler","Task Scheduler launch task ""\Microsoft\Windows\DirectX\DXGIAdapterCache"" , instance ""%windir%\system32\dxgiadaptercache.exe""  with process ID 2336."
"9/1/2026 8:27:14 PM","200","Information","Microsoft-Windows-TaskScheduler","Task Scheduler launched action """" in instance ""{93ae29cf-62e0-4b2d-9da3-95cbe32b95f8}"" of task ""\Microsoft\Windows\ExploitGuard\ExploitGuard MDM policy Refresh""."
"9/1/2026 8:27:14 PM","100","Information","Microsoft-Windows-TaskScheduler","Task Scheduler started ""{93ae29cf-62e0-4b2d-9da3-95cbe32b95f8}"" instance of the ""\Microsoft\Windows\ExploitGuard\ExploitGuard MDM policy Refresh"" task for user ""NT AUTHORITY\SYSTEM""."
"9/1/2026 8:27:14 PM","129","Information","Microsoft-Windows-TaskScheduler","Task Scheduler launch task ""\Microsoft\Windows\ExploitGuard\ExploitGuard MDM policy Refresh"" , instance ""taskhostw.exe""  with process ID 2160."
"9/1/2026 8:27:14 PM","118","Information","Microsoft-Windows-TaskScheduler","Task Scheduler launched ""{93ae29cf-62e0-4b2d-9da3-95cbe32b95f8}""  instance of task ""\Microsoft\Windows\ExploitGuard\ExploitGuard MDM policy Refresh""  due to system startup."
"9/1/2026 8:27:14 PM","400","Information","Microsoft-Windows-TaskScheduler","Task Scheduler service has started."
"9/1/2026 8:27:14 PM","700","Information","Microsoft-Windows-TaskScheduler","Task Scheduler service started Task Compatibility module."
"9/1/2026 8:26:27 PM","402","Information","Microsoft-Windows-TaskScheduler","Task Scheduler service is shutting down."
"9/1/2026 8:26:26 PM","140","Information","Microsoft-Windows-TaskScheduler","User ""NT AUTHORITY\SYSTEM""  updated Task Scheduler task ""\Microsoft\Windows\WindowsUpdate\Scheduled Start"""
"9/1/2026 8:26:26 PM","111","Information","Microsoft-Windows-TaskScheduler","Task Scheduler terminated ""{59f7c637-c466-43e3-8353-61093d2ea27e}""  instance of the ""\MicrosoftEdgeUpdateTaskMachineCore""  task."
"9/1/2026 8:26:26 PM","102","Information","Microsoft-Windows-TaskScheduler","Task Scheduler successfully finished ""{59f7c637-c466-43e3-8353-61093d2ea27e}"" instance of the ""\MicrosoftEdgeUpdateTaskMachineCore"" task for user ""NT AUTHORITY\SYSTEM""."
"9/1/2026 8:26:26 PM","201","Information","Microsoft-Windows-TaskScheduler","Task Scheduler successfully completed task ""\MicrosoftEdgeUpdateTaskMachineCore"" , instance ""{59f7c637-c466-43e3-8353-61093d2ea27e}"" , action ""C:\Program Files (x86)\Microsoft\EdgeUpdate\MicrosoftEdgeUpdate.exe"" with return code 2147943691."
"9/1/2026 8:26:26 PM","103","Error","Microsoft-Windows-TaskScheduler","Task Scheduler failed to start instance ""{2ffcbd6f-efbe-4a20-adf4-4916444bf339}"" of ""\Microsoft\Windows\Wininet\CacheTask""  task for user """" . Additional Data: Error Value: 2147942404."
"9/1/2026 8:26:26 PM","202","Error","Microsoft-Windows-TaskScheduler","Task Scheduler failed to complete task ""\Microsoft\Windows\Wininet\CacheTask"" , instance ""{2ffcbd6f-efbe-4a20-adf4-4916444bf339}"" , action ""Wininet Cache task object"" . Additional Data: Error Value: 2147942404."
"9/1/2026 8:26:26 PM","102","Information","Microsoft-Windows-TaskScheduler","Task Scheduler successfully finished ""{781ec8db-1ab1-4879-a7a4-500523975acf}"" instance of the ""\CreateExplorerShellUnelevatedTask"" task for user ""SCAFFOLD\Administrator""."
"9/1/2026 8:26:26 PM","201","Information","Microsoft-Windows-TaskScheduler","Task Scheduler successfully completed task ""\CreateExplorerShellUnelevatedTask"" , instance ""{781ec8db-1ab1-4879-a7a4-500523975acf}"" , action ""C:\Windows\Explorer.EXE"" with return code 2147942404."
"9/1/2026 8:25:07 PM","140","Information","Microsoft-Windows-TaskScheduler","User ""SCAFFOLD\DC$""  updated Task Scheduler task ""\Microsoft\Windows\SoftwareProtectionPlatform\SvcRestartTask"""
"9/1/2026 8:24:57 PM","102","Information","Microsoft-Windows-TaskScheduler","Task Scheduler successfully finished ""{3950d334-caea-4beb-886f-24360cfc4eb0}"" instance of the ""\Microsoft\Windows\Windows Error Reporting\QueueReporting"" task for user ""NT AUTHORITY\SYSTEM""."
"9/1/2026 8:24:57 PM","201","Information","Microsoft-Windows-TaskScheduler","Task Scheduler successfully completed task ""\Microsoft\Windows\Windows Error Reporting\QueueReporting"" , instance ""{3950d334-caea-4beb-886f-24360cfc4eb0}"" , action ""%windir%\system32\wermgr.exe"" with return code 0."
"9/1/2026 8:24:57 PM","102","Information","Microsoft-Windows-TaskScheduler","Task Scheduler successfully finished ""{509c71ae-a814-468d-888f-910a8f09da4b}"" instance of the ""\Microsoft\Windows\Flighting\FeatureConfig\ReconcileFeatures"" task for user ""NT AUTHORITY\SYSTEM""."
"9/1/2026 8:24:57 PM","201","Information","Microsoft-Windows-TaskScheduler","Task Scheduler successfully completed task ""\Microsoft\Windows\Flighting\FeatureConfig\ReconcileFeatures"" , instance ""{509c71ae-a814-468d-888f-910a8f09da4b}"" , action ""Feature Configuration Reconciliation Task Handler"" with return code 0."
"9/1/2026 8:24:57 PM","200","Information","Microsoft-Windows-TaskScheduler","Task Scheduler launched action ""%windir%\system32\wermgr.exe"" in instance ""{3950d334-caea-4beb-886f-24360cfc4eb0}"" of task ""\Microsoft\Windows\Windows Error Reporting\QueueReporting""."
"9/1/2026 8:24:57 PM","100","Information","Microsoft-Windows-TaskScheduler","Task Scheduler started ""{3950d334-caea-4beb-886f-24360cfc4eb0}"" instance of the ""\Microsoft\Windows\Windows Error Reporting\QueueReporting"" task for user ""NT AUTHORITY\SYSTEM""."
"9/1/2026 8:24:57 PM","129","Information","Microsoft-Windows-TaskScheduler","Task Scheduler launch task ""\Microsoft\Windows\Windows Error Reporting\QueueReporting"" , instance ""%windir%\system32\wermgr.exe""  with process ID 1032."
"9/1/2026 8:24:57 PM","200","Information","Microsoft-Windows-TaskScheduler","Task Scheduler launched action ""Feature Configuration Reconciliation Task Handler"" in instance ""{509c71ae-a814-468d-888f-910a8f09da4b}"" of task ""\Microsoft\Windows\Flighting\FeatureConfig\ReconcileFeatures""."
"9/1/2026 8:24:57 PM","100","Information","Microsoft-Windows-TaskScheduler","Task Scheduler started ""{509c71ae-a814-468d-888f-910a8f09da4b}"" instance of the ""\Microsoft\Windows\Flighting\FeatureConfig\ReconcileFeatures"" task for user ""NT AUTHORITY\SYSTEM""."
"9/1/2026 8:24:57 PM","129","Information","Microsoft-Windows-TaskScheduler","Task Scheduler launch task ""\Microsoft\Windows\Flighting\FeatureConfig\ReconcileFeatures"" , instance ""taskhostw.exe""  with process ID 3900."
"9/1/2026 8:24:57 PM","118","Information","Microsoft-Windows-TaskScheduler","Task Scheduler launched ""{3950d334-caea-4beb-886f-24360cfc4eb0}""  instance of task ""\Microsoft\Windows\Windows Error Reporting\QueueReporting""  due to system startup."
"9/1/2026 8:24:52 PM","103","Error","Microsoft-Windows-TaskScheduler","Task Scheduler failed to start instance ""{4c371ced-61fe-4835-95cf-106c8e71ffde}"" of ""\Microsoft\Windows\International\Synchronize Language Settings""  task for user ""SCAFFOLD\Administrator"" . Additional Data: Error Value: 2147746053."
"9/1/2026 8:24:52 PM","202","Error","Microsoft-Windows-TaskScheduler","Task Scheduler failed to complete task ""\Microsoft\Windows\International\Synchronize Language Settings"" , instance ""{4c371ced-61fe-4835-95cf-106c8e71ffde}"" , action ""Sync Language Data From Cloud Task"" . Additional Data: Error Value: 2147746053."
"9/1/2026 8:24:48 PM","102","Information","Microsoft-Windows-TaskScheduler","Task Scheduler successfully finished ""{57a34606-edee-44b6-b859-06fa0f96cd22}"" instance of the ""\Scaffold\ScaffoldDeployEngine"" task for user ""NT AUTHORITY\SYSTEM""."
"9/1/2026 8:24:48 PM","201","Information","Microsoft-Windows-TaskScheduler","Task Scheduler successfully completed task ""\Scaffold\ScaffoldDeployEngine"" , instance ""{57a34606-edee-44b6-b859-06fa0f96cd22}"" , action ""powershell.exe"" with return code 0."
"9/1/2026 8:24:48 PM","102","Information","Microsoft-Windows-TaskScheduler","Task Scheduler successfully finished ""{bdbbe790-37b0-4b9b-b255-f65f935ff3b3}"" instance of the ""\Microsoft\Windows\Workplace Join\Automatic-Device-Join"" task for user ""NT AUTHORITY\SYSTEM""."
"9/1/2026 8:24:48 PM","201","Information","Microsoft-Windows-TaskScheduler","Task Scheduler successfully completed task ""\Microsoft\Windows\Workplace Join\Automatic-Device-Join"" , instance ""{bdbbe790-37b0-4b9b-b255-f65f935ff3b3}"" , action ""%SystemRoot%\System32\dsregcmd.exe"" with return code 2147942401."
"9/1/2026 8:24:47 PM","200","Information","Microsoft-Windows-TaskScheduler","Task Scheduler launched action ""%SystemRoot%\System32\dsregcmd.exe"" in instance ""{bdbbe790-37b0-4b9b-b255-f65f935ff3b3}"" of task ""\Microsoft\Windows\Workplace Join\Automatic-Device-Join""."
"9/1/2026 8:24:47 PM","100","Information","Microsoft-Windows-TaskScheduler","Task Scheduler started ""{bdbbe790-37b0-4b9b-b255-f65f935ff3b3}"" instance of the ""\Microsoft\Windows\Workplace Join\Automatic-Device-Join"" task for user ""NT AUTHORITY\SYSTEM""."
"9/1/2026 8:24:47 PM","129","Information","Microsoft-Windows-TaskScheduler","Task Scheduler launch task ""\Microsoft\Windows\Workplace Join\Automatic-Device-Join"" , instance ""%SystemRoot%\System32\dsregcmd.exe""  with process ID 1892."
"9/1/2026 8:24:47 PM","119","Information","Microsoft-Windows-TaskScheduler","Task Scheduler launched ""{bdbbe790-37b0-4b9b-b255-f65f935ff3b3}""  instance of task ""\Microsoft\Windows\Workplace Join\Automatic-Device-Join"" due to user ""SCAFFOLD\Administrator""  logon."
"9/1/2026 8:24:42 PM","200","Information","Microsoft-Windows-TaskScheduler","Task Scheduler launched action ""powershell.exe"" in instance ""{57a34606-edee-44b6-b859-06fa0f96cd22}"" of task ""\Scaffold\ScaffoldDeployEngine""."
"9/1/2026 8:24:42 PM","100","Information","Microsoft-Windows-TaskScheduler","Task Scheduler started ""{57a34606-edee-44b6-b859-06fa0f96cd22}"" instance of the ""\Scaffold\ScaffoldDeployEngine"" task for user ""NT AUTHORITY\SYSTEM""."
"9/1/2026 8:24:42 PM","129","Information","Microsoft-Windows-TaskScheduler","Task Scheduler launch task ""\Scaffold\ScaffoldDeployEngine"" , instance ""powershell.exe""  with process ID 1516."
"9/1/2026 8:24:41 PM","107","Information","Microsoft-Windows-TaskScheduler","Task Scheduler launched ""{57a34606-edee-44b6-b859-06fa0f96cd22}""  instance of task ""\Scaffold\ScaffoldDeployEngine"" due to a time trigger condition."
"9/1/2026 8:24:30 PM","140","Information","Microsoft-Windows-TaskScheduler","User ""SCAFFOLD\DC$""  updated Task Scheduler task ""\Microsoft\Windows\Application Experience\PcaPatchDbTask"""
"9/1/2026 8:24:24 PM","102","Information","Microsoft-Windows-TaskScheduler","Task Scheduler successfully finished ""{bf4522d5-948d-4b35-afd4-090eb12d6515}"" instance of the ""\Microsoft\Windows\UpdateOrchestrator\MusUx_UpdateInterval"" task for user ""NT AUTHORITY\SYSTEM""."
"9/1/2026 8:24:24 PM","201","Information","Microsoft-Windows-TaskScheduler","Task Scheduler successfully completed task ""\Microsoft\Windows\UpdateOrchestrator\MusUx_UpdateInterval"" , instance ""{bf4522d5-948d-4b35-afd4-090eb12d6515}"" , action ""%systemroot%\system32\MusNotification.exe"" with return code 0."
"9/1/2026 8:24:23 PM","140","Information","Microsoft-Windows-TaskScheduler","User ""SCAFFOLD\DC$""  updated Task Scheduler task ""\Microsoft\Windows\UpdateOrchestrator\Schedule Scan"""
"9/1/2026 8:24:23 PM","140","Information","Microsoft-Windows-TaskScheduler","User ""S-1-5-18""  updated Task Scheduler task ""\Microsoft\Windows\UpdateOrchestrator\Schedule Scan"""
"9/1/2026 8:24:22 PM","200","Information","Microsoft-Windows-TaskScheduler","Task Scheduler launched action ""%systemroot%\system32\MusNotification.exe"" in instance ""{bf4522d5-948d-4b35-afd4-090eb12d6515}"" of task ""\Microsoft\Windows\UpdateOrchestrator\MusUx_UpdateInterval""."
"9/1/2026 8:24:22 PM","100","Information","Microsoft-Windows-TaskScheduler","Task Scheduler started ""{bf4522d5-948d-4b35-afd4-090eb12d6515}"" instance of the ""\Microsoft\Windows\UpdateOrchestrator\MusUx_UpdateInterval"" task for user ""NT AUTHORITY\SYSTEM""."
"9/1/2026 8:24:22 PM","129","Information","Microsoft-Windows-TaskScheduler","Task Scheduler launch task ""\Microsoft\Windows\UpdateOrchestrator\MusUx_UpdateInterval"" , instance ""%systemroot%\system32\MusNotification.exe""  with process ID 4900."
"9/1/2026 8:24:22 PM","119","Information","Microsoft-Windows-TaskScheduler","Task Scheduler launched ""{bf4522d5-948d-4b35-afd4-090eb12d6515}""  instance of task ""\Microsoft\Windows\UpdateOrchestrator\MusUx_UpdateInterval"" due to user ""SCAFFOLD\Administrator""  logon."
"9/1/2026 8:24:17 PM","200","Information","Microsoft-Windows-TaskScheduler","Task Scheduler launched action ""Sync Language Data From Cloud Task"" in instance ""{4c371ced-61fe-4835-95cf-106c8e71ffde}"" of task ""\Microsoft\Windows\International\Synchronize Language Settings""."
"9/1/2026 8:24:17 PM","100","Information","Microsoft-Windows-TaskScheduler","Task Scheduler started ""{4c371ced-61fe-4835-95cf-106c8e71ffde}"" instance of the ""\Microsoft\Windows\International\Synchronize Language Settings"" task for user ""SCAFFOLD\Administrator""."
"9/1/2026 8:24:17 PM","129","Information","Microsoft-Windows-TaskScheduler","Task Scheduler launch task ""\Microsoft\Windows\International\Synchronize Language Settings"" , instance ""taskhostw.exe""  with process ID 5912."
"9/1/2026 8:24:17 PM","119","Information","Microsoft-Windows-TaskScheduler","Task Scheduler launched ""{4c371ced-61fe-4835-95cf-106c8e71ffde}""  instance of task ""\Microsoft\Windows\International\Synchronize Language Settings"" due to user ""SCAFFOLD\Administrator""  logon."
"9/1/2026 8:23:50 PM","102","Information","Microsoft-Windows-TaskScheduler","Task Scheduler successfully finished ""{b012f83c-3f99-4ba8-9297-21e6ab5cb5d2}"" instance of the ""\Microsoft\Windows\Server Manager\ServerManager"" task for user ""SCAFFOLD\Administrator""."
"9/1/2026 8:23:50 PM","201","Information","Microsoft-Windows-TaskScheduler","Task Scheduler successfully completed task ""\Microsoft\Windows\Server Manager\ServerManager"" , instance ""{b012f83c-3f99-4ba8-9297-21e6ab5cb5d2}"" , action ""%windir%\system32\ServerManagerLauncher.exe"" with return code 0."
"9/1/2026 8:23:48 PM","102","Information","Microsoft-Windows-TaskScheduler","Task Scheduler successfully finished ""{a9f533c3-b6ea-422b-bf43-c143e7597f67}"" instance of the ""\Microsoft\Windows\WindowsColorSystem\Calibration Loader"" task for user ""SCAFFOLD\Administrator""."
"9/1/2026 8:23:48 PM","201","Information","Microsoft-Windows-TaskScheduler","Task Scheduler successfully completed task ""\Microsoft\Windows\WindowsColorSystem\Calibration Loader"" , instance ""{a9f533c3-b6ea-422b-bf43-c143e7597f67}"" , action ""Color Calibration Loader"" with return code 0."
"9/1/2026 8:23:48 PM","102","Information","Microsoft-Windows-TaskScheduler","Task Scheduler successfully finished ""{d1cb6b8a-64a7-4367-b25a-2dff22850e8d}"" instance of the ""\Microsoft\Windows\Plug and Play\Device Install Reboot Required"" task for user ""SCAFFOLD\Administrator""."
"9/1/2026 8:23:48 PM","201","Information","Microsoft-Windows-TaskScheduler","Task Scheduler successfully completed task ""\Microsoft\Windows\Plug and Play\Device Install Reboot Required"" , instance ""{d1cb6b8a-64a7-4367-b25a-2dff22850e8d}"" , action ""Device Installation Reboot Dialog Task"" with return code 0."
"9/1/2026 8:23:48 PM","102","Information","Microsoft-Windows-TaskScheduler","Task Scheduler successfully finished ""{42b14c76-4e66-4c86-b533-9fb1cd421607}"" instance of the ""\Microsoft\Windows\CertificateServicesClient\UserTask"" task for user ""SCAFFOLD\Administrator""."
"9/1/2026 8:23:48 PM","201","Information","Microsoft-Windows-TaskScheduler","Task Scheduler successfully completed task ""\Microsoft\Windows\CertificateServicesClient\UserTask"" , instance ""{42b14c76-4e66-4c86-b533-9fb1cd421607}"" , action ""Certificate Services Client Task Handler"" with return code 0."
"9/1/2026 8:23:48 PM","200","Information","Microsoft-Windows-TaskScheduler","Task Scheduler launched action ""C:\Windows\Explorer.EXE"" in instance ""{781ec8db-1ab1-4879-a7a4-500523975acf}"" of task ""\CreateExplorerShellUnelevatedTask""."
"9/1/2026 8:23:48 PM","100","Information","Microsoft-Windows-TaskScheduler","Task Scheduler started ""{781ec8db-1ab1-4879-a7a4-500523975acf}"" instance of the ""\CreateExplorerShellUnelevatedTask"" task for user ""SCAFFOLD\Administrator""."
"9/1/2026 8:23:48 PM","129","Information","Microsoft-Windows-TaskScheduler","Task Scheduler launch task ""\CreateExplorerShellUnelevatedTask"" , instance ""C:\Windows\Explorer.EXE""  with process ID 6068."
"9/1/2026 8:23:48 PM","109","Information","Microsoft-Windows-TaskScheduler","Task Scheduler launched ""{781ec8db-1ab1-4879-a7a4-500523975acf}""  instance of task ""\CreateExplorerShellUnelevatedTask""  according to a registration trigger."
"9/1/2026 8:23:48 PM","140","Information","Microsoft-Windows-TaskScheduler","User ""SCAFFOLD\Administrator""  updated Task Scheduler task ""\CreateExplorerShellUnelevatedTask"""
"9/1/2026 8:23:48 PM","106","Information","Microsoft-Windows-TaskScheduler","User ""SCAFFOLD\Administrator""  registered Task Scheduler task ""\CreateExplorerShellUnelevatedTask"""
"9/1/2026 8:23:48 PM","141","Information","Microsoft-Windows-TaskScheduler","User ""SCAFFOLD\Administrator""  deleted Task Scheduler task ""\CreateExplorerShellUnelevatedTask"""
"9/1/2026 8:23:47 PM","102","Information","Microsoft-Windows-TaskScheduler","Task Scheduler successfully finished ""{feec3ea6-309c-4db6-989e-371f79efc7e0}"" instance of the ""\Microsoft\Windows\TextServicesFramework\MsCtfMonitor"" task for user ""SCAFFOLD\Administrator""."
"9/1/2026 8:23:47 PM","201","Information","Microsoft-Windows-TaskScheduler","Task Scheduler successfully completed task ""\Microsoft\Windows\TextServicesFramework\MsCtfMonitor"" , instance ""{feec3ea6-309c-4db6-989e-371f79efc7e0}"" , action ""MsCtfMonitor task handler"" with return code 0."
"9/1/2026 8:23:47 PM","200","Information","Microsoft-Windows-TaskScheduler","Task Scheduler launched action ""Device Installation Reboot Dialog Task"" in instance ""{d1cb6b8a-64a7-4367-b25a-2dff22850e8d}"" of task ""\Microsoft\Windows\Plug and Play\Device Install Reboot Required""."
"9/1/2026 8:23:47 PM","100","Information","Microsoft-Windows-TaskScheduler","Task Scheduler started ""{d1cb6b8a-64a7-4367-b25a-2dff22850e8d}"" instance of the ""\Microsoft\Windows\Plug and Play\Device Install Reboot Required"" task for user ""SCAFFOLD\Administrator""."
"9/1/2026 8:23:47 PM","129","Information","Microsoft-Windows-TaskScheduler","Task Scheduler launch task ""\Microsoft\Windows\Plug and Play\Device Install Reboot Required"" , instance ""taskhostw.exe""  with process ID 5712."
"9/1/2026 8:23:47 PM","200","Information","Microsoft-Windows-TaskScheduler","Task Scheduler launched action ""Certificate Services Client Task Handler"" in instance ""{42b14c76-4e66-4c86-b533-9fb1cd421607}"" of task ""\Microsoft\Windows\CertificateServicesClient\UserTask""."
"9/1/2026 8:23:47 PM","100","Information","Microsoft-Windows-TaskScheduler","Task Scheduler started ""{42b14c76-4e66-4c86-b533-9fb1cd421607}"" instance of the ""\Microsoft\Windows\CertificateServicesClient\UserTask"" task for user ""SCAFFOLD\Administrator""."
"9/1/2026 8:23:47 PM","200","Information","Microsoft-Windows-TaskScheduler","Task Scheduler launched action ""C:\Program Files (x86)\Microsoft\EdgeUpdate\MicrosoftEdgeUpdate.exe"" in instance ""{59f7c637-c466-43e3-8353-61093d2ea27e}"" of task ""\MicrosoftEdgeUpdateTaskMachineCore""."
"9/1/2026 8:23:47 PM","100","Information","Microsoft-Windows-TaskScheduler","Task Scheduler started ""{59f7c637-c466-43e3-8353-61093d2ea27e}"" instance of the ""\MicrosoftEdgeUpdateTaskMachineCore"" task for user ""NT AUTHORITY\SYSTEM""."
"9/1/2026 8:23:47 PM","129","Information","Microsoft-Windows-TaskScheduler","Task Scheduler launch task ""\MicrosoftEdgeUpdateTaskMachineCore"" , instance ""C:\Program Files (x86)\Microsoft\EdgeUpdate\MicrosoftEdgeUpdate.exe""  with process ID 5864."
"9/1/2026 8:23:47 PM","119","Information","Microsoft-Windows-TaskScheduler","Task Scheduler launched ""{59f7c637-c466-43e3-8353-61093d2ea27e}""  instance of task ""\MicrosoftEdgeUpdateTaskMachineCore"" due to user ""SCAFFOLD\Administrator""  logon."
"9/1/2026 8:23:47 PM","200","Information","Microsoft-Windows-TaskScheduler","Task Scheduler launched action ""Color Calibration Loader"" in instance ""{a9f533c3-b6ea-422b-bf43-c143e7597f67}"" of task ""\Microsoft\Windows\WindowsColorSystem\Calibration Loader""."
"9/1/2026 8:23:47 PM","100","Information","Microsoft-Windows-TaskScheduler","Task Scheduler started ""{a9f533c3-b6ea-422b-bf43-c143e7597f67}"" instance of the ""\Microsoft\Windows\WindowsColorSystem\Calibration Loader"" task for user ""SCAFFOLD\Administrator""."
"9/1/2026 8:23:47 PM","129","Information","Microsoft-Windows-TaskScheduler","Task Scheduler launch task ""\Microsoft\Windows\WindowsColorSystem\Calibration Loader"" , instance ""taskhostw.exe""  with process ID 2076."
"9/1/2026 8:23:47 PM","119","Information","Microsoft-Windows-TaskScheduler","Task Scheduler launched ""{d1cb6b8a-64a7-4367-b25a-2dff22850e8d}""  instance of task ""\Microsoft\Windows\Plug and Play\Device Install Reboot Required"" due to user ""SCAFFOLD\Administrator""  logon."
"9/1/2026 8:23:47 PM","200","Information","Microsoft-Windows-TaskScheduler","Task Scheduler launched action ""Wininet Cache task object"" in instance ""{2ffcbd6f-efbe-4a20-adf4-4916444bf339}"" of task ""\Microsoft\Windows\Wininet\CacheTask""."
"9/1/2026 8:23:47 PM","100","Information","Microsoft-Windows-TaskScheduler","Task Scheduler started ""{2ffcbd6f-efbe-4a20-adf4-4916444bf339}"" instance of the ""\Microsoft\Windows\Wininet\CacheTask"" task for user ""SCAFFOLD\Administrator""."
"9/1/2026 8:23:47 PM","119","Information","Microsoft-Windows-TaskScheduler","Task Scheduler launched ""{2ffcbd6f-efbe-4a20-adf4-4916444bf339}""  instance of task ""\Microsoft\Windows\Wininet\CacheTask"" due to user ""SCAFFOLD\Administrator""  logon."
"9/1/2026 8:23:47 PM","119","Information","Microsoft-Windows-TaskScheduler","Task Scheduler launched ""{a9f533c3-b6ea-422b-bf43-c143e7597f67}""  instance of task ""\Microsoft\Windows\WindowsColorSystem\Calibration Loader"" due to user ""SCAFFOLD\Administrator""  logon."
"9/1/2026 8:23:47 PM","200","Information","Microsoft-Windows-TaskScheduler","Task Scheduler launched action ""MsCtfMonitor task handler"" in instance ""{feec3ea6-309c-4db6-989e-371f79efc7e0}"" of task ""\Microsoft\Windows\TextServicesFramework\MsCtfMonitor""."
"9/1/2026 8:23:47 PM","100","Information","Microsoft-Windows-TaskScheduler","Task Scheduler started ""{feec3ea6-309c-4db6-989e-371f79efc7e0}"" instance of the ""\Microsoft\Windows\TextServicesFramework\MsCtfMonitor"" task for user ""SCAFFOLD\Administrator""."
"9/1/2026 8:23:47 PM","129","Information","Microsoft-Windows-TaskScheduler","Task Scheduler launch task ""\Microsoft\Windows\TextServicesFramework\MsCtfMonitor"" , instance ""taskhostw.exe""  with process ID 1880."
"9/1/2026 8:23:47 PM","200","Information","Microsoft-Windows-TaskScheduler","Task Scheduler launched action ""%windir%\system32\ServerManagerLauncher.exe"" in instance ""{b012f83c-3f99-4ba8-9297-21e6ab5cb5d2}"" of task ""\Microsoft\Windows\Server Manager\ServerManager""."
"9/1/2026 8:23:47 PM","100","Information","Microsoft-Windows-TaskScheduler","Task Scheduler started ""{b012f83c-3f99-4ba8-9297-21e6ab5cb5d2}"" instance of the ""\Microsoft\Windows\Server Manager\ServerManager"" task for user ""SCAFFOLD\Administrator""."
"9/1/2026 8:23:47 PM","129","Information","Microsoft-Windows-TaskScheduler","Task Scheduler launch task ""\Microsoft\Windows\Server Manager\ServerManager"" , instance ""%windir%\system32\ServerManagerLauncher.exe""  with process ID 2000."
"9/1/2026 8:23:47 PM","119","Information","Microsoft-Windows-TaskScheduler","Task Scheduler launched ""{42b14c76-4e66-4c86-b533-9fb1cd421607}""  instance of task ""\Microsoft\Windows\CertificateServicesClient\UserTask"" due to user ""SCAFFOLD\Administrator""  logon."
"9/1/2026 8:23:47 PM","119","Information","Microsoft-Windows-TaskScheduler","Task Scheduler launched ""{feec3ea6-309c-4db6-989e-371f79efc7e0}""  instance of task ""\Microsoft\Windows\TextServicesFramework\MsCtfMonitor"" due to user ""SCAFFOLD\Administrator""  logon."
"9/1/2026 8:23:47 PM","119","Information","Microsoft-Windows-TaskScheduler","Task Scheduler launched ""{b012f83c-3f99-4ba8-9297-21e6ab5cb5d2}""  instance of task ""\Microsoft\Windows\Server Manager\ServerManager"" due to user ""SCAFFOLD\Administrator""  logon."
"9/1/2026 8:22:57 PM","102","Information","Microsoft-Windows-TaskScheduler","Task Scheduler successfully finished ""{5b38815a-828a-4c49-bfb8-d3575007514f}"" instance of the ""\Microsoft\Windows\Software Inventory Logging\Configuration"" task for user ""NT AUTHORITY\SYSTEM""."
